		Time			Cycle	PC		Insn	Decoded instruction	Register and memory contents
          65000	         5	80000004	00000293	addi	x5,x0,0	  x0:0x00000000  x5=0x00000000
          75000	         6	80000008	00000313	addi	x6,x0,0	  x0:0x00000000  x6=0x00000000
          85000	         7	8000000c	00628263	beq	x5,x6,80000010	  x5:0x00000000  x6:0x00000000
          95000	         8	00000000	00000013	addi	x0,x0,0	  x0:0x00000000
         105000	         9	8000000c	00000013	addi	x0,x0,0	  x0:0x00000000
         115000	        10	80000010	00000d17	auipc	x26,0x0	 x26=0x8000000c
         125000	        11	80000014	00cd0d13	addi	x26,x26,12	 x26:0x8000000c x26=0x80000018
         135000	        12	80000018	000d0067	jalr	x0,x26,0	 x26:0x80000018
         145000	        13	00000000	00000013	addi	x0,x0,0	  x0:0x00000000
         155000	        14	80000018	00000013	addi	x0,x0,0	  x0:0x00000000
         165000	        15	8000001c	400006b7	lui	x13,0x40000	 x13=0x40000000
         175000	        16	80000020	10068693	addi	x13,x13,256	 x13:0x40000000 x13=0x40000100
         185000	        17	80000024	00000013	addi	x0,x0,0	  x0:0x00000000
         195000	        18	80000028	0000ad97	auipc	x27,0xa	 x27=0x8000a024
         205000	        19	8000002c	fa0d8d93	addi	x27,x27,-96	 x27:0x8000a024 x27=0x80009fc4
         215000	        20	80000030	00003697	auipc	x13,0x3	 x13=0x8000302c
         225000	        21	80000034	da468693	addi	x13,x13,-604	 x13:0x8000302c x13=0x80002dd0
         235000	        22	80000038	0006e693	ori	x13,x13,0	 x13:0x80002dd0 x13=0x80002dd0
         245000	        23	8000003c	00000013	addi	x0,x0,0	  x0:0x00000000
         255000	        24	80000040	00000697	auipc	x13,0x0	 x13=0x8000003c
         265000	        25	80000044	02068693	addi	x13,x13,32	 x13:0x8000003c x13=0x8000005c
         275000	        26	80000048	00000013	addi	x0,x0,0	  x0:0x00000000
         285000	        27	8000004c	00000013	addi	x0,x0,0	  x0:0x00000000
         295000	        28	80000050	000026b7	lui	x13,0x2	 x13=0x00002000
         305000	        29	80000054	80068693	addi	x13,x13,-2048	 x13:0x00002000 x13=0x00001800
         315000	        30	80000058	00000013	addi	x0,x0,0	  x0:0x00000000
         325000	        31	8000005c	00000013	addi	x0,x0,0	  x0:0x00000000
         335000	        32	80000060	80000037	lui	x0,0x80000	
         345000	        33	80000064	00000013	addi	x0,x0,0	  x0:0x00000000
         355000	        34	80000068	00000093	addi	x1,x0,0	  x0:0x00000000  x1=0x00000000
         365000	        35	8000006c	80000137	lui	x2,0x80000	  x2=0x80000000
         375000	        36	80000070	1bb0d1b7	lui	x3,0x1bb0d	  x3=0x1bb0d000
         385000	        37	80000074	ba818193	addi	x3,x3,-1112	  x3:0x1bb0d000  x3=0x1bb0cba8
         395000	        38	80000078	80000237	lui	x4,0x80000	  x4=0x80000000
         405000	        39	8000007c	485d92b7	lui	x5,0x485d9	  x5=0x485d9000
         415000	        40	80000080	ea028293	addi	x5,x5,-352	  x5:0x485d9000  x5=0x485d8ea0
         425000	        41	80000084	00d00313	addi	x6,x0,13	  x0:0x00000000  x6=0x0000000d
         435000	        42	80000088	800003b7	lui	x7,0x80000	  x7=0x80000000
         445000	        43	8000008c	00000413	addi	x8,x0,0	  x0:0x00000000  x8=0x00000000
         455000	        44	80000090	edb8b4b7	lui	x9,0xedb8b	  x9=0xedb8b000
         465000	        45	80000094	34048493	addi	x9,x9,832	  x9:0xedb8b000  x9=0xedb8b340
         475000	        46	80000098	cea97537	lui	x10,0xcea97	 x10=0xcea97000
         485000	        47	8000009c	bcb50513	addi	x10,x10,-1077	 x10:0xcea97000 x10=0xcea96bcb
         495000	        48	800000a0	00000593	addi	x11,x0,0	  x0:0x00000000 x11=0x00000000
         505000	        49	800000a4	00000613	addi	x12,x0,0	  x0:0x00000000 x12=0x00000000
         515000	        50	800000a8	800006b7	lui	x13,0x80000	 x13=0x80000000
         525000	        51	800000ac	00b00713	addi	x14,x0,11	  x0:0x00000000 x14=0x0000000b
         535000	        52	800000b0	9a26b7b7	lui	x15,0x9a26b	 x15=0x9a26b000
         545000	        53	800000b4	44578793	addi	x15,x15,1093	 x15:0x9a26b000 x15=0x9a26b445
         555000	        54	800000b8	00400813	addi	x16,x0,4	  x0:0x00000000 x16=0x00000004
         565000	        55	800000bc	de4fc8b7	lui	x17,0xde4fc	 x17=0xde4fc000
         575000	        56	800000c0	d0e88893	addi	x17,x17,-754	 x17:0xde4fc000 x17=0xde4fbd0e
         585000	        57	800000c4	6a512937	lui	x18,0x6a512	 x18=0x6a512000
         595000	        58	800000c8	36190913	addi	x18,x18,865	 x18:0x6a512000 x18=0x6a512361
         605000	        59	800000cc	00000993	addi	x19,x0,0	  x0:0x00000000 x19=0x00000000
         615000	        60	800000d0	80000a37	lui	x20,0x80000	 x20=0x80000000
         625000	        61	800000d4	ff883ab7	lui	x21,0xff883	 x21=0xff883000
         635000	        62	800000d8	6c8a8a93	addi	x21,x21,1736	 x21:0xff883000 x21=0xff8836c8
         645000	        63	800000dc	00f00b13	addi	x22,x0,15	  x0:0x00000000 x22=0x0000000f
         655000	        64	800000e0	00000b93	addi	x23,x0,0	  x0:0x00000000 x23=0x00000000
         665000	        65	800000e4	80000c37	lui	x24,0x80000	 x24=0x80000000
         675000	        66	800000e8	46887cb7	lui	x25,0x46887	 x25=0x46887000
         685000	        67	800000ec	54bc8c93	addi	x25,x25,1355	 x25:0x46887000 x25=0x4688754b
         695000	        68	800000f0	038f3d37	lui	x26,0x38f3	 x26=0x038f3000
         705000	        69	800000f4	e19d0d13	addi	x26,x26,-487	 x26:0x038f3000 x26=0x038f2e19
         715000	        70	800000f8	b5892eb7	lui	x29,0xb5892	 x29=0xb5892000
         725000	        71	800000fc	084e8e93	addi	x29,x29,132	 x29:0xb5892000 x29=0xb5892084
         735000	        72	80000100	90c7ff37	lui	x30,0x90c7f	 x30=0x90c7f000
         745000	        73	80000104	cecf0f13	addi	x30,x30,-788	 x30:0x90c7f000 x30=0x90c7ecec
         755000	        74	80000108	00200f93	addi	x31,x0,2	  x0:0x00000000 x31=0x00000002
         765000	        75	8000010c	0000ae17	auipc	x28,0xa	 x28=0x8000a108
         775000	        76	80000110	e7ce0e13	addi	x28,x28,-388	 x28:0x8000a108 x28=0x80009f84
         785000	        77	80000114	00800493	addi	x9,x0,8	  x0:0x00000000  x9=0x00000008
         795000	        78	80000118	3a46be93	sltiu	x29,x13,932	 x13:0x80000000 x29=0x00000000
         805000	        79	8000011c	de9da397	auipc	x7,0xde9da	  x7=0x5e9da118
         815000	        80	80000120	00c00a13	addi	x20,x0,12	  x0:0x00000000 x20=0x0000000c
         825000	        81	80000124	0089bb33	sltu	x22,x19,x8	 x19:0x00000000  x8:0x00000000 x22=0x00000000
         835000	        82	80000128	17f7ac93	slti	x25,x15,383	 x15:0x9a26b445 x25=0x00000001
         845000	        83	8000012c	00dcf733	and	x14,x25,x13	 x25:0x00000001 x13:0x80000000 x14=0x00000000
         855000	        84	80000130	7770d2b7	lui	x5,0x7770d	  x5=0x7770d000
         865000	        85	80000134	00148493	addi	x9,x9,1	  x9:0x00000008  x9=0x00000009
         875000	        86	80000138	015cd333	srl	x6,x25,x21	 x25:0x00000001 x21:0xff8836c8  x6=0x00000000
         885000	        87	8000013c	ff44e6e3	bltu	x9,x20,80000128	  x9:0x00000009 x20:0x0000000c
         895000	        88	00000000	00000013	addi	x0,x0,0	  x0:0x00000000
         905000	        89	80000124	00000013	addi	x0,x0,0	  x0:0x00000000
         915000	        90	80000128	17f7ac93	slti	x25,x15,383	 x15:0x9a26b445 x25=0x00000001
         925000	        91	8000012c	00dcf733	and	x14,x25,x13	 x25:0x00000001 x13:0x80000000 x14=0x00000000
         935000	        92	80000130	7770d2b7	lui	x5,0x7770d	  x5=0x7770d000
         945000	        93	80000134	00148493	addi	x9,x9,1	  x9:0x00000009  x9=0x0000000a
         955000	        94	80000138	015cd333	srl	x6,x25,x21	 x25:0x00000001 x21:0xff8836c8  x6=0x00000000
         965000	        95	8000013c	ff44e6e3	bltu	x9,x20,80000128	  x9:0x0000000a x20:0x0000000c
         975000	        96	00000000	00000013	addi	x0,x0,0	  x0:0x00000000
         985000	        97	80000124	00000013	addi	x0,x0,0	  x0:0x00000000
         995000	        98	80000128	17f7ac93	slti	x25,x15,383	 x15:0x9a26b445 x25=0x00000001
        1005000	        99	8000012c	00dcf733	and	x14,x25,x13	 x25:0x00000001 x13:0x80000000 x14=0x00000000
        1015000	       100	80000130	7770d2b7	lui	x5,0x7770d	  x5=0x7770d000
        1025000	       101	80000134	00148493	addi	x9,x9,1	  x9:0x0000000a  x9=0x0000000b
        1035000	       102	80000138	015cd333	srl	x6,x25,x21	 x25:0x00000001 x21:0xff8836c8  x6=0x00000000
        1045000	       103	8000013c	ff44e6e3	bltu	x9,x20,80000128	  x9:0x0000000b x20:0x0000000c
        1055000	       104	00000000	00000013	addi	x0,x0,0	  x0:0x00000000
        1065000	       105	80000124	00000013	addi	x0,x0,0	  x0:0x00000000
        1075000	       106	80000128	17f7ac93	slti	x25,x15,383	 x15:0x9a26b445 x25=0x00000001
        1085000	       107	8000012c	00dcf733	and	x14,x25,x13	 x25:0x00000001 x13:0x80000000 x14=0x00000000
        1095000	       108	80000130	7770d2b7	lui	x5,0x7770d	  x5=0x7770d000
        1105000	       109	80000134	00148493	addi	x9,x9,1	  x9:0x0000000b  x9=0x0000000c
        1115000	       110	80000138	015cd333	srl	x6,x25,x21	 x25:0x00000001 x21:0xff8836c8  x6=0x00000000
        1125000	       111	8000013c	ff44e6e3	bltu	x9,x20,80000128	  x9:0x0000000c x20:0x0000000c
        1135000	       112	80000140	01951993	slli	x19,x10,0x19	 x10:0xcea96bcb x19=0x96000000
        1145000	       113	80000144	00300813	addi	x16,x0,3	  x0:0x00000000 x16=0x00000003
        1155000	       114	80000148	08353693	sltiu	x13,x10,131	 x10:0xcea96bcb x13=0x00000000
        1165000	       115	8000014c	00300113	addi	x2,x0,3	  x0:0x00000000  x2=0x00000003
        1175000	       116	80000150	01601cb3	sll	x25,x0,x22	  x0:0x00000000 x22:0x00000000 x25=0x00000000
        1185000	       117	80000154	41e38233	sub	x4,x7,x30	  x7:0x5e9da118 x30:0x90c7ecec  x4=0xcdd5b42c
        1195000	       118	80000158	955f4413	xori	x8,x30,-1707	 x30:0x90c7ecec  x8=0x6f3815b9
        1205000	       119	8000015c	00a61993	slli	x19,x12,0xa	 x12:0x00000000 x19=0x00000000
        1215000	       120	80000160	ce91b013	sltiu	x0,x3,-791	  x3:0x1bb0cba8
        1225000	       121	80000164	2d4d4793	xori	x15,x26,724	 x26:0x038f2e19 x15=0x038f2ccd
        1235000	       122	80000168	ffe80813	addi	x16,x16,-2	 x16:0x00000003 x16=0x00000001
        1245000	       123	8000016c	b0df4013	xori	x0,x30,-1267	 x30:0x90c7ecec
        1255000	       124	80000170	000e0b33	add	x22,x28,x0	 x28:0x80009f84  x0:0x00000000 x22=0x80009f84
        1265000	       125	80000174	018413b3	sll	x7,x8,x24	  x8:0x6f3815b9 x24:0x80000000  x7=0x6f3815b9
        1275000	       126	80000178	002bd033	srl	x0,x23,x2	 x23:0x00000000  x2:0x00000003
        1285000	       127	8000017c	0078d6b3	srl	x13,x17,x7	 x17:0xde4fbd0e  x7:0x6f3815b9 x13=0x0000006f
        1295000	       128	80000180	414a5733	sra	x14,x20,x20	 x20:0x0000000c x20:0x0000000c x14=0x00000000
        1305000	       129	80000184	98840893	addi	x17,x8,-1656	  x8:0x6f3815b9 x17=0x6f380f41
        1315000	       130	80000188	0140d693	srli	x13,x1,0x14	  x1:0x00000000 x13=0x00000000
        1325000	       131	8000018c	00d7d2b3	srl	x5,x15,x13	 x15:0x038f2ccd x13:0x00000000  x5=0x038f2ccd
        1335000	       132	80000190	3318b713	sltiu	x14,x17,817	 x17:0x6f380f41 x14=0x00000000
        1345000	       133	80000194	01601713	slli	x14,x0,0x16	  x0:0x00000000 x14=0x00000000
        1355000	       134	80000198	0076a8b3	slt	x17,x13,x7	 x13:0x00000000  x7:0x6f3815b9 x17=0x00000001
        1365000	       135	8000019c	00ae9593	slli	x11,x29,0xa	 x29:0x00000000 x11=0x00000000
        1375000	       136	800001a0	7e06ff93	andi	x31,x13,2016	 x13:0x00000000 x31=0x00000000
        1385000	       137	800001a4	54c0cf93	xori	x31,x1,1356	  x1:0x00000000 x31=0x0000054c
        1395000	       138	800001a8	fa2876e3	bgeu	x16,x2,80000154	 x16:0x00000001  x2:0x00000003
        1405000	       139	800001ac	01232cb3	slt	x25,x6,x18	  x6:0x00000000 x18:0x6a512361 x25=0x00000001
        1415000	       140	800001b0	ff600b93	addi	x23,x0,-10	  x0:0x00000000 x23=0xfffffff6
        1425000	       141	800001b4	01cb9513	slli	x10,x23,0x1c	 x23:0xfffffff6 x10=0x60000000
        1435000	       142	800001b8	00d00693	addi	x13,x0,13	  x0:0x00000000 x13=0x0000000d
        1445000	       143	800001bc	eae73193	sltiu	x3,x14,-338	 x14:0x00000000  x3=0x00000001
        1455000	       144	800001c0	c6ec4593	xori	x11,x24,-914	 x24:0x80000000 x11=0x7ffffc6e
        1465000	       145	800001c4	002b8b93	addi	x23,x23,2	 x23:0xfffffff6 x23=0xfffffff8
        1475000	       146	800001c8	006554b3	srl	x9,x10,x6	 x10:0x60000000  x6:0x00000000  x9=0x60000000
        1485000	       147	800001cc	40d5df93	srai	x31,x11,0xd	 x11:0x7ffffc6e x31=0x0003ffff
        1495000	       148	800001d0	ff900c93	addi	x25,x0,-7	  x0:0x00000000 x25=0xfffffff9
        1505000	       149	800001d4	21ad7913	andi	x18,x26,538	 x26:0x038f2e19 x18=0x00000218
        1515000	       150	800001d8	00900413	addi	x8,x0,9	  x0:0x00000000  x8=0x00000009
        1525000	       151	800001dc	019a1f93	slli	x31,x20,0x19	 x20:0x0000000c x31=0x18000000
        1535000	       152	800001e0	77f8a193	slti	x3,x17,1919	 x17:0x00000001  x3=0x00000001
        1545000	       153	800001e4	c404c497	auipc	x9,0xc404c	  x9=0x4404c1e0
        1555000	       154	800001e8	01f05333	srl	x6,x0,x31	  x0:0x00000000 x31:0x18000000  x6=0x00000000
        1565000	       155	800001ec	22af2b13	slti	x22,x30,554	 x30:0x90c7ecec x22=0x00000001
        1575000	       156	800001f0	002c8c93	addi	x25,x25,2	 x25:0xfffffff9 x25=0xfffffffb
        1585000	       157	800001f4	4123d193	srai	x3,x7,0x12	  x7:0x6f3815b9  x3=0x00001bce
        1595000	       158	800001f8	fe8c86e3	beq	x25,x8,800001e4	 x25:0xfffffffb  x8:0x00000009
        1605000	       159	800001fc	010d52b3	srl	x5,x26,x16	 x26:0x038f2e19 x16:0x00000001  x5=0x01c7970c
        1615000	       160	80000200	015d57b3	srl	x15,x26,x21	 x26:0x038f2e19 x21:0xff8836c8 x15=0x00038f2e
        1625000	       161	80000204	8d5ff293	andi	x5,x31,-1835	 x31:0x18000000  x5=0x18000000
        1635000	       162	80000208	4ad40f93	addi	x31,x8,1197	  x8:0x00000009 x31=0x000004b6
        1645000	       163	8000020c	d4917b13	andi	x22,x2,-695	  x2:0x00000003 x22=0x00000001
        1655000	       164	80000210	fadbc8e3	blt	x23,x13,800001c0	 x23:0xfffffff8 x13:0x0000000d
        1665000	       165	00000000	00000013	addi	x0,x0,0	  x0:0x00000000
        1675000	       166	800001bc	00000013	addi	x0,x0,0	  x0:0x00000000
        1685000	       167	800001c0	c6ec4593	xori	x11,x24,-914	 x24:0x80000000 x11=0x7ffffc6e
        1695000	       168	800001c4	002b8b93	addi	x23,x23,2	 x23:0xfffffff8 x23=0xfffffffa
        1705000	       169	800001c8	006554b3	srl	x9,x10,x6	 x10:0x60000000  x6:0x00000000  x9=0x60000000
        1715000	       170	800001cc	40d5df93	srai	x31,x11,0xd	 x11:0x7ffffc6e x31=0x0003ffff
        1725000	       171	800001d0	ff900c93	addi	x25,x0,-7	  x0:0x00000000 x25=0xfffffff9
        1735000	       172	800001d4	21ad7913	andi	x18,x26,538	 x26:0x038f2e19 x18=0x00000218
        1745000	       173	800001d8	00900413	addi	x8,x0,9	  x0:0x00000000  x8=0x00000009
        1755000	       174	800001dc	019a1f93	slli	x31,x20,0x19	 x20:0x0000000c x31=0x18000000
        1765000	       175	800001e0	77f8a193	slti	x3,x17,1919	 x17:0x00000001  x3=0x00000001
        1775000	       176	800001e4	c404c497	auipc	x9,0xc404c	  x9=0x4404c1e0
        1785000	       177	800001e8	01f05333	srl	x6,x0,x31	  x0:0x00000000 x31:0x18000000  x6=0x00000000
        1795000	       178	800001ec	22af2b13	slti	x22,x30,554	 x30:0x90c7ecec x22=0x00000001
        1805000	       179	800001f0	002c8c93	addi	x25,x25,2	 x25:0xfffffff9 x25=0xfffffffb
        1815000	       180	800001f4	4123d193	srai	x3,x7,0x12	  x7:0x6f3815b9  x3=0x00001bce
        1825000	       181	800001f8	fe8c86e3	beq	x25,x8,800001e4	 x25:0xfffffffb  x8:0x00000009
        1835000	       182	800001fc	010d52b3	srl	x5,x26,x16	 x26:0x038f2e19 x16:0x00000001  x5=0x01c7970c
        1845000	       183	80000200	015d57b3	srl	x15,x26,x21	 x26:0x038f2e19 x21:0xff8836c8 x15=0x00038f2e
        1855000	       184	80000204	8d5ff293	andi	x5,x31,-1835	 x31:0x18000000  x5=0x18000000
        1865000	       185	80000208	4ad40f93	addi	x31,x8,1197	  x8:0x00000009 x31=0x000004b6
        1875000	       186	8000020c	d4917b13	andi	x22,x2,-695	  x2:0x00000003 x22=0x00000001
        1885000	       187	80000210	fadbc8e3	blt	x23,x13,800001c0	 x23:0xfffffffa x13:0x0000000d
        1895000	       188	00000000	00000013	addi	x0,x0,0	  x0:0x00000000
        1905000	       189	800001bc	00000013	addi	x0,x0,0	  x0:0x00000000
        1915000	       190	800001c0	c6ec4593	xori	x11,x24,-914	 x24:0x80000000 x11=0x7ffffc6e
        1925000	       191	800001c4	002b8b93	addi	x23,x23,2	 x23:0xfffffffa x23=0xfffffffc
        1935000	       192	800001c8	006554b3	srl	x9,x10,x6	 x10:0x60000000  x6:0x00000000  x9=0x60000000
        1945000	       193	800001cc	40d5df93	srai	x31,x11,0xd	 x11:0x7ffffc6e x31=0x0003ffff
        1955000	       194	800001d0	ff900c93	addi	x25,x0,-7	  x0:0x00000000 x25=0xfffffff9
        1965000	       195	800001d4	21ad7913	andi	x18,x26,538	 x26:0x038f2e19 x18=0x00000218
        1975000	       196	800001d8	00900413	addi	x8,x0,9	  x0:0x00000000  x8=0x00000009
        1985000	       197	800001dc	019a1f93	slli	x31,x20,0x19	 x20:0x0000000c x31=0x18000000
        1995000	       198	800001e0	77f8a193	slti	x3,x17,1919	 x17:0x00000001  x3=0x00000001
        2005000	       199	800001e4	c404c497	auipc	x9,0xc404c	  x9=0x4404c1e0
        2015000	       200	800001e8	01f05333	srl	x6,x0,x31	  x0:0x00000000 x31:0x18000000  x6=0x00000000
        2025000	       201	800001ec	22af2b13	slti	x22,x30,554	 x30:0x90c7ecec x22=0x00000001
        2035000	       202	800001f0	002c8c93	addi	x25,x25,2	 x25:0xfffffff9 x25=0xfffffffb
        2045000	       203	800001f4	4123d193	srai	x3,x7,0x12	  x7:0x6f3815b9  x3=0x00001bce
        2055000	       204	800001f8	fe8c86e3	beq	x25,x8,800001e4	 x25:0xfffffffb  x8:0x00000009
        2065000	       205	800001fc	010d52b3	srl	x5,x26,x16	 x26:0x038f2e19 x16:0x00000001  x5=0x01c7970c
        2075000	       206	80000200	015d57b3	srl	x15,x26,x21	 x26:0x038f2e19 x21:0xff8836c8 x15=0x00038f2e
        2085000	       207	80000204	8d5ff293	andi	x5,x31,-1835	 x31:0x18000000  x5=0x18000000
        2095000	       208	80000208	4ad40f93	addi	x31,x8,1197	  x8:0x00000009 x31=0x000004b6
        2105000	       209	8000020c	d4917b13	andi	x22,x2,-695	  x2:0x00000003 x22=0x00000001
        2115000	       210	80000210	fadbc8e3	blt	x23,x13,800001c0	 x23:0xfffffffc x13:0x0000000d
        2125000	       211	00000000	00000013	addi	x0,x0,0	  x0:0x00000000
        2135000	       212	800001bc	00000013	addi	x0,x0,0	  x0:0x00000000
        2145000	       213	800001c0	c6ec4593	xori	x11,x24,-914	 x24:0x80000000 x11=0x7ffffc6e
        2155000	       214	800001c4	002b8b93	addi	x23,x23,2	 x23:0xfffffffc x23=0xfffffffe
        2165000	       215	800001c8	006554b3	srl	x9,x10,x6	 x10:0x60000000  x6:0x00000000  x9=0x60000000
        2175000	       216	800001cc	40d5df93	srai	x31,x11,0xd	 x11:0x7ffffc6e x31=0x0003ffff
        2185000	       217	800001d0	ff900c93	addi	x25,x0,-7	  x0:0x00000000 x25=0xfffffff9
        2195000	       218	800001d4	21ad7913	andi	x18,x26,538	 x26:0x038f2e19 x18=0x00000218
        2205000	       219	800001d8	00900413	addi	x8,x0,9	  x0:0x00000000  x8=0x00000009
        2215000	       220	800001dc	019a1f93	slli	x31,x20,0x19	 x20:0x0000000c x31=0x18000000
        2225000	       221	800001e0	77f8a193	slti	x3,x17,1919	 x17:0x00000001  x3=0x00000001
        2235000	       222	800001e4	c404c497	auipc	x9,0xc404c	  x9=0x4404c1e0
        2245000	       223	800001e8	01f05333	srl	x6,x0,x31	  x0:0x00000000 x31:0x18000000  x6=0x00000000
        2255000	       224	800001ec	22af2b13	slti	x22,x30,554	 x30:0x90c7ecec x22=0x00000001
        2265000	       225	800001f0	002c8c93	addi	x25,x25,2	 x25:0xfffffff9 x25=0xfffffffb
        2275000	       226	800001f4	4123d193	srai	x3,x7,0x12	  x7:0x6f3815b9  x3=0x00001bce
        2285000	       227	800001f8	fe8c86e3	beq	x25,x8,800001e4	 x25:0xfffffffb  x8:0x00000009
        2295000	       228	800001fc	010d52b3	srl	x5,x26,x16	 x26:0x038f2e19 x16:0x00000001  x5=0x01c7970c
        2305000	       229	80000200	015d57b3	srl	x15,x26,x21	 x26:0x038f2e19 x21:0xff8836c8 x15=0x00038f2e
        2315000	       230	80000204	8d5ff293	andi	x5,x31,-1835	 x31:0x18000000  x5=0x18000000
        2325000	       231	80000208	4ad40f93	addi	x31,x8,1197	  x8:0x00000009 x31=0x000004b6
        2335000	       232	8000020c	d4917b13	andi	x22,x2,-695	  x2:0x00000003 x22=0x00000001
        2345000	       233	80000210	fadbc8e3	blt	x23,x13,800001c0	 x23:0xfffffffe x13:0x0000000d
        2355000	       234	00000000	00000013	addi	x0,x0,0	  x0:0x00000000
        2365000	       235	800001bc	00000013	addi	x0,x0,0	  x0:0x00000000
        2375000	       236	800001c0	c6ec4593	xori	x11,x24,-914	 x24:0x80000000 x11=0x7ffffc6e
        2385000	       237	800001c4	002b8b93	addi	x23,x23,2	 x23:0xfffffffe x23=0x00000000
        2395000	       238	800001c8	006554b3	srl	x9,x10,x6	 x10:0x60000000  x6:0x00000000  x9=0x60000000
        2405000	       239	800001cc	40d5df93	srai	x31,x11,0xd	 x11:0x7ffffc6e x31=0x0003ffff
        2415000	       240	800001d0	ff900c93	addi	x25,x0,-7	  x0:0x00000000 x25=0xfffffff9
        2425000	       241	800001d4	21ad7913	andi	x18,x26,538	 x26:0x038f2e19 x18=0x00000218
        2435000	       242	800001d8	00900413	addi	x8,x0,9	  x0:0x00000000  x8=0x00000009
        2445000	       243	800001dc	019a1f93	slli	x31,x20,0x19	 x20:0x0000000c x31=0x18000000
        2455000	       244	800001e0	77f8a193	slti	x3,x17,1919	 x17:0x00000001  x3=0x00000001
        2465000	       245	800001e4	c404c497	auipc	x9,0xc404c	  x9=0x4404c1e0
        2475000	       246	800001e8	01f05333	srl	x6,x0,x31	  x0:0x00000000 x31:0x18000000  x6=0x00000000
        2485000	       247	800001ec	22af2b13	slti	x22,x30,554	 x30:0x90c7ecec x22=0x00000001
        2495000	       248	800001f0	002c8c93	addi	x25,x25,2	 x25:0xfffffff9 x25=0xfffffffb
        2505000	       249	800001f4	4123d193	srai	x3,x7,0x12	  x7:0x6f3815b9  x3=0x00001bce
        2515000	       250	800001f8	fe8c86e3	beq	x25,x8,800001e4	 x25:0xfffffffb  x8:0x00000009
        2525000	       251	800001fc	010d52b3	srl	x5,x26,x16	 x26:0x038f2e19 x16:0x00000001  x5=0x01c7970c
        2535000	       252	80000200	015d57b3	srl	x15,x26,x21	 x26:0x038f2e19 x21:0xff8836c8 x15=0x00038f2e
        2545000	       253	80000204	8d5ff293	andi	x5,x31,-1835	 x31:0x18000000  x5=0x18000000
        2555000	       254	80000208	4ad40f93	addi	x31,x8,1197	  x8:0x00000009 x31=0x000004b6
        2565000	       255	8000020c	d4917b13	andi	x22,x2,-695	  x2:0x00000003 x22=0x00000001
        2575000	       256	80000210	fadbc8e3	blt	x23,x13,800001c0	 x23:0x00000000 x13:0x0000000d
        2585000	       257	00000000	00000013	addi	x0,x0,0	  x0:0x00000000
        2595000	       258	800001bc	00000013	addi	x0,x0,0	  x0:0x00000000
        2605000	       259	800001c0	c6ec4593	xori	x11,x24,-914	 x24:0x80000000 x11=0x7ffffc6e
        2615000	       260	800001c4	002b8b93	addi	x23,x23,2	 x23:0x00000000 x23=0x00000002
        2625000	       261	800001c8	006554b3	srl	x9,x10,x6	 x10:0x60000000  x6:0x00000000  x9=0x60000000
        2635000	       262	800001cc	40d5df93	srai	x31,x11,0xd	 x11:0x7ffffc6e x31=0x0003ffff
        2645000	       263	800001d0	ff900c93	addi	x25,x0,-7	  x0:0x00000000 x25=0xfffffff9
        2655000	       264	800001d4	21ad7913	andi	x18,x26,538	 x26:0x038f2e19 x18=0x00000218
        2665000	       265	800001d8	00900413	addi	x8,x0,9	  x0:0x00000000  x8=0x00000009
        2675000	       266	800001dc	019a1f93	slli	x31,x20,0x19	 x20:0x0000000c x31=0x18000000
        2685000	       267	800001e0	77f8a193	slti	x3,x17,1919	 x17:0x00000001  x3=0x00000001
        2695000	       268	800001e4	c404c497	auipc	x9,0xc404c	  x9=0x4404c1e0
        2705000	       269	800001e8	01f05333	srl	x6,x0,x31	  x0:0x00000000 x31:0x18000000  x6=0x00000000
        2715000	       270	800001ec	22af2b13	slti	x22,x30,554	 x30:0x90c7ecec x22=0x00000001
        2725000	       271	800001f0	002c8c93	addi	x25,x25,2	 x25:0xfffffff9 x25=0xfffffffb
        2735000	       272	800001f4	4123d193	srai	x3,x7,0x12	  x7:0x6f3815b9  x3=0x00001bce
        2745000	       273	800001f8	fe8c86e3	beq	x25,x8,800001e4	 x25:0xfffffffb  x8:0x00000009
        2755000	       274	800001fc	010d52b3	srl	x5,x26,x16	 x26:0x038f2e19 x16:0x00000001  x5=0x01c7970c
        2765000	       275	80000200	015d57b3	srl	x15,x26,x21	 x26:0x038f2e19 x21:0xff8836c8 x15=0x00038f2e
        2775000	       276	80000204	8d5ff293	andi	x5,x31,-1835	 x31:0x18000000  x5=0x18000000
        2785000	       277	80000208	4ad40f93	addi	x31,x8,1197	  x8:0x00000009 x31=0x000004b6
        2795000	       278	8000020c	d4917b13	andi	x22,x2,-695	  x2:0x00000003 x22=0x00000001
        2805000	       279	80000210	fadbc8e3	blt	x23,x13,800001c0	 x23:0x00000002 x13:0x0000000d
        2815000	       280	00000000	00000013	addi	x0,x0,0	  x0:0x00000000
        2825000	       281	800001bc	00000013	addi	x0,x0,0	  x0:0x00000000
        2835000	       282	800001c0	c6ec4593	xori	x11,x24,-914	 x24:0x80000000 x11=0x7ffffc6e
        2845000	       283	800001c4	002b8b93	addi	x23,x23,2	 x23:0x00000002 x23=0x00000004
        2855000	       284	800001c8	006554b3	srl	x9,x10,x6	 x10:0x60000000  x6:0x00000000  x9=0x60000000
        2865000	       285	800001cc	40d5df93	srai	x31,x11,0xd	 x11:0x7ffffc6e x31=0x0003ffff
        2875000	       286	800001d0	ff900c93	addi	x25,x0,-7	  x0:0x00000000 x25=0xfffffff9
        2885000	       287	800001d4	21ad7913	andi	x18,x26,538	 x26:0x038f2e19 x18=0x00000218
        2895000	       288	800001d8	00900413	addi	x8,x0,9	  x0:0x00000000  x8=0x00000009
        2905000	       289	800001dc	019a1f93	slli	x31,x20,0x19	 x20:0x0000000c x31=0x18000000
        2915000	       290	800001e0	77f8a193	slti	x3,x17,1919	 x17:0x00000001  x3=0x00000001
        2925000	       291	800001e4	c404c497	auipc	x9,0xc404c	  x9=0x4404c1e0
        2935000	       292	800001e8	01f05333	srl	x6,x0,x31	  x0:0x00000000 x31:0x18000000  x6=0x00000000
        2945000	       293	800001ec	22af2b13	slti	x22,x30,554	 x30:0x90c7ecec x22=0x00000001
        2955000	       294	800001f0	002c8c93	addi	x25,x25,2	 x25:0xfffffff9 x25=0xfffffffb
        2965000	       295	800001f4	4123d193	srai	x3,x7,0x12	  x7:0x6f3815b9  x3=0x00001bce
        2975000	       296	800001f8	fe8c86e3	beq	x25,x8,800001e4	 x25:0xfffffffb  x8:0x00000009
        2985000	       297	800001fc	010d52b3	srl	x5,x26,x16	 x26:0x038f2e19 x16:0x00000001  x5=0x01c7970c
        2995000	       298	80000200	015d57b3	srl	x15,x26,x21	 x26:0x038f2e19 x21:0xff8836c8 x15=0x00038f2e
        3005000	       299	80000204	8d5ff293	andi	x5,x31,-1835	 x31:0x18000000  x5=0x18000000
        3015000	       300	80000208	4ad40f93	addi	x31,x8,1197	  x8:0x00000009 x31=0x000004b6
        3025000	       301	8000020c	d4917b13	andi	x22,x2,-695	  x2:0x00000003 x22=0x00000001
        3035000	       302	80000210	fadbc8e3	blt	x23,x13,800001c0	 x23:0x00000004 x13:0x0000000d
        3045000	       303	00000000	00000013	addi	x0,x0,0	  x0:0x00000000
        3055000	       304	800001bc	00000013	addi	x0,x0,0	  x0:0x00000000
        3065000	       305	800001c0	c6ec4593	xori	x11,x24,-914	 x24:0x80000000 x11=0x7ffffc6e
        3075000	       306	800001c4	002b8b93	addi	x23,x23,2	 x23:0x00000004 x23=0x00000006
        3085000	       307	800001c8	006554b3	srl	x9,x10,x6	 x10:0x60000000  x6:0x00000000  x9=0x60000000
        3095000	       308	800001cc	40d5df93	srai	x31,x11,0xd	 x11:0x7ffffc6e x31=0x0003ffff
        3105000	       309	800001d0	ff900c93	addi	x25,x0,-7	  x0:0x00000000 x25=0xfffffff9
        3115000	       310	800001d4	21ad7913	andi	x18,x26,538	 x26:0x038f2e19 x18=0x00000218
        3125000	       311	800001d8	00900413	addi	x8,x0,9	  x0:0x00000000  x8=0x00000009
        3135000	       312	800001dc	019a1f93	slli	x31,x20,0x19	 x20:0x0000000c x31=0x18000000
        3145000	       313	800001e0	77f8a193	slti	x3,x17,1919	 x17:0x00000001  x3=0x00000001
        3155000	       314	800001e4	c404c497	auipc	x9,0xc404c	  x9=0x4404c1e0
        3165000	       315	800001e8	01f05333	srl	x6,x0,x31	  x0:0x00000000 x31:0x18000000  x6=0x00000000
        3175000	       316	800001ec	22af2b13	slti	x22,x30,554	 x30:0x90c7ecec x22=0x00000001
        3185000	       317	800001f0	002c8c93	addi	x25,x25,2	 x25:0xfffffff9 x25=0xfffffffb
        3195000	       318	800001f4	4123d193	srai	x3,x7,0x12	  x7:0x6f3815b9  x3=0x00001bce
        3205000	       319	800001f8	fe8c86e3	beq	x25,x8,800001e4	 x25:0xfffffffb  x8:0x00000009
        3215000	       320	800001fc	010d52b3	srl	x5,x26,x16	 x26:0x038f2e19 x16:0x00000001  x5=0x01c7970c
        3225000	       321	80000200	015d57b3	srl	x15,x26,x21	 x26:0x038f2e19 x21:0xff8836c8 x15=0x00038f2e
        3235000	       322	80000204	8d5ff293	andi	x5,x31,-1835	 x31:0x18000000  x5=0x18000000
        3245000	       323	80000208	4ad40f93	addi	x31,x8,1197	  x8:0x00000009 x31=0x000004b6
        3255000	       324	8000020c	d4917b13	andi	x22,x2,-695	  x2:0x00000003 x22=0x00000001
        3265000	       325	80000210	fadbc8e3	blt	x23,x13,800001c0	 x23:0x00000006 x13:0x0000000d
        3275000	       326	00000000	00000013	addi	x0,x0,0	  x0:0x00000000
        3285000	       327	800001bc	00000013	addi	x0,x0,0	  x0:0x00000000
        3295000	       328	800001c0	c6ec4593	xori	x11,x24,-914	 x24:0x80000000 x11=0x7ffffc6e
        3305000	       329	800001c4	002b8b93	addi	x23,x23,2	 x23:0x00000006 x23=0x00000008
        3315000	       330	800001c8	006554b3	srl	x9,x10,x6	 x10:0x60000000  x6:0x00000000  x9=0x60000000
        3325000	       331	800001cc	40d5df93	srai	x31,x11,0xd	 x11:0x7ffffc6e x31=0x0003ffff
        3335000	       332	800001d0	ff900c93	addi	x25,x0,-7	  x0:0x00000000 x25=0xfffffff9
        3345000	       333	800001d4	21ad7913	andi	x18,x26,538	 x26:0x038f2e19 x18=0x00000218
        3355000	       334	800001d8	00900413	addi	x8,x0,9	  x0:0x00000000  x8=0x00000009
        3365000	       335	800001dc	019a1f93	slli	x31,x20,0x19	 x20:0x0000000c x31=0x18000000
        3375000	       336	800001e0	77f8a193	slti	x3,x17,1919	 x17:0x00000001  x3=0x00000001
        3385000	       337	800001e4	c404c497	auipc	x9,0xc404c	  x9=0x4404c1e0
        3395000	       338	800001e8	01f05333	srl	x6,x0,x31	  x0:0x00000000 x31:0x18000000  x6=0x00000000
        3405000	       339	800001ec	22af2b13	slti	x22,x30,554	 x30:0x90c7ecec x22=0x00000001
        3415000	       340	800001f0	002c8c93	addi	x25,x25,2	 x25:0xfffffff9 x25=0xfffffffb
        3425000	       341	800001f4	4123d193	srai	x3,x7,0x12	  x7:0x6f3815b9  x3=0x00001bce
        3435000	       342	800001f8	fe8c86e3	beq	x25,x8,800001e4	 x25:0xfffffffb  x8:0x00000009
        3445000	       343	800001fc	010d52b3	srl	x5,x26,x16	 x26:0x038f2e19 x16:0x00000001  x5=0x01c7970c
        3455000	       344	80000200	015d57b3	srl	x15,x26,x21	 x26:0x038f2e19 x21:0xff8836c8 x15=0x00038f2e
        3465000	       345	80000204	8d5ff293	andi	x5,x31,-1835	 x31:0x18000000  x5=0x18000000
        3475000	       346	80000208	4ad40f93	addi	x31,x8,1197	  x8:0x00000009 x31=0x000004b6
        3485000	       347	8000020c	d4917b13	andi	x22,x2,-695	  x2:0x00000003 x22=0x00000001
        3495000	       348	80000210	fadbc8e3	blt	x23,x13,800001c0	 x23:0x00000008 x13:0x0000000d
        3505000	       349	00000000	00000013	addi	x0,x0,0	  x0:0x00000000
        3515000	       350	800001bc	00000013	addi	x0,x0,0	  x0:0x00000000
        3525000	       351	800001c0	c6ec4593	xori	x11,x24,-914	 x24:0x80000000 x11=0x7ffffc6e
        3535000	       352	800001c4	002b8b93	addi	x23,x23,2	 x23:0x00000008 x23=0x0000000a
        3545000	       353	800001c8	006554b3	srl	x9,x10,x6	 x10:0x60000000  x6:0x00000000  x9=0x60000000
        3555000	       354	800001cc	40d5df93	srai	x31,x11,0xd	 x11:0x7ffffc6e x31=0x0003ffff
        3565000	       355	800001d0	ff900c93	addi	x25,x0,-7	  x0:0x00000000 x25=0xfffffff9
        3575000	       356	800001d4	21ad7913	andi	x18,x26,538	 x26:0x038f2e19 x18=0x00000218
        3585000	       357	800001d8	00900413	addi	x8,x0,9	  x0:0x00000000  x8=0x00000009
        3595000	       358	800001dc	019a1f93	slli	x31,x20,0x19	 x20:0x0000000c x31=0x18000000
        3605000	       359	800001e0	77f8a193	slti	x3,x17,1919	 x17:0x00000001  x3=0x00000001
        3615000	       360	800001e4	c404c497	auipc	x9,0xc404c	  x9=0x4404c1e0
        3625000	       361	800001e8	01f05333	srl	x6,x0,x31	  x0:0x00000000 x31:0x18000000  x6=0x00000000
        3635000	       362	800001ec	22af2b13	slti	x22,x30,554	 x30:0x90c7ecec x22=0x00000001
        3645000	       363	800001f0	002c8c93	addi	x25,x25,2	 x25:0xfffffff9 x25=0xfffffffb
        3655000	       364	800001f4	4123d193	srai	x3,x7,0x12	  x7:0x6f3815b9  x3=0x00001bce
        3665000	       365	800001f8	fe8c86e3	beq	x25,x8,800001e4	 x25:0xfffffffb  x8:0x00000009
        3675000	       366	800001fc	010d52b3	srl	x5,x26,x16	 x26:0x038f2e19 x16:0x00000001  x5=0x01c7970c
        3685000	       367	80000200	015d57b3	srl	x15,x26,x21	 x26:0x038f2e19 x21:0xff8836c8 x15=0x00038f2e
        3695000	       368	80000204	8d5ff293	andi	x5,x31,-1835	 x31:0x18000000  x5=0x18000000
        3705000	       369	80000208	4ad40f93	addi	x31,x8,1197	  x8:0x00000009 x31=0x000004b6
        3715000	       370	8000020c	d4917b13	andi	x22,x2,-695	  x2:0x00000003 x22=0x00000001
        3725000	       371	80000210	fadbc8e3	blt	x23,x13,800001c0	 x23:0x0000000a x13:0x0000000d
        3735000	       372	00000000	00000013	addi	x0,x0,0	  x0:0x00000000
        3745000	       373	800001bc	00000013	addi	x0,x0,0	  x0:0x00000000
        3755000	       374	800001c0	c6ec4593	xori	x11,x24,-914	 x24:0x80000000 x11=0x7ffffc6e
        3765000	       375	800001c4	002b8b93	addi	x23,x23,2	 x23:0x0000000a x23=0x0000000c
        3775000	       376	800001c8	006554b3	srl	x9,x10,x6	 x10:0x60000000  x6:0x00000000  x9=0x60000000
        3785000	       377	800001cc	40d5df93	srai	x31,x11,0xd	 x11:0x7ffffc6e x31=0x0003ffff
        3795000	       378	800001d0	ff900c93	addi	x25,x0,-7	  x0:0x00000000 x25=0xfffffff9
        3805000	       379	800001d4	21ad7913	andi	x18,x26,538	 x26:0x038f2e19 x18=0x00000218
        3815000	       380	800001d8	00900413	addi	x8,x0,9	  x0:0x00000000  x8=0x00000009
        3825000	       381	800001dc	019a1f93	slli	x31,x20,0x19	 x20:0x0000000c x31=0x18000000
        3835000	       382	800001e0	77f8a193	slti	x3,x17,1919	 x17:0x00000001  x3=0x00000001
        3845000	       383	800001e4	c404c497	auipc	x9,0xc404c	  x9=0x4404c1e0
        3855000	       384	800001e8	01f05333	srl	x6,x0,x31	  x0:0x00000000 x31:0x18000000  x6=0x00000000
        3865000	       385	800001ec	22af2b13	slti	x22,x30,554	 x30:0x90c7ecec x22=0x00000001
        3875000	       386	800001f0	002c8c93	addi	x25,x25,2	 x25:0xfffffff9 x25=0xfffffffb
        3885000	       387	800001f4	4123d193	srai	x3,x7,0x12	  x7:0x6f3815b9  x3=0x00001bce
        3895000	       388	800001f8	fe8c86e3	beq	x25,x8,800001e4	 x25:0xfffffffb  x8:0x00000009
        3905000	       389	800001fc	010d52b3	srl	x5,x26,x16	 x26:0x038f2e19 x16:0x00000001  x5=0x01c7970c
        3915000	       390	80000200	015d57b3	srl	x15,x26,x21	 x26:0x038f2e19 x21:0xff8836c8 x15=0x00038f2e
        3925000	       391	80000204	8d5ff293	andi	x5,x31,-1835	 x31:0x18000000  x5=0x18000000
        3935000	       392	80000208	4ad40f93	addi	x31,x8,1197	  x8:0x00000009 x31=0x000004b6
        3945000	       393	8000020c	d4917b13	andi	x22,x2,-695	  x2:0x00000003 x22=0x00000001
        3955000	       394	80000210	fadbc8e3	blt	x23,x13,800001c0	 x23:0x0000000c x13:0x0000000d
        3965000	       395	00000000	00000013	addi	x0,x0,0	  x0:0x00000000
        3975000	       396	800001bc	00000013	addi	x0,x0,0	  x0:0x00000000
        3985000	       397	800001c0	c6ec4593	xori	x11,x24,-914	 x24:0x80000000 x11=0x7ffffc6e
        3995000	       398	800001c4	002b8b93	addi	x23,x23,2	 x23:0x0000000c x23=0x0000000e
        4005000	       399	800001c8	006554b3	srl	x9,x10,x6	 x10:0x60000000  x6:0x00000000  x9=0x60000000
        4015000	       400	800001cc	40d5df93	srai	x31,x11,0xd	 x11:0x7ffffc6e x31=0x0003ffff
        4025000	       401	800001d0	ff900c93	addi	x25,x0,-7	  x0:0x00000000 x25=0xfffffff9
        4035000	       402	800001d4	21ad7913	andi	x18,x26,538	 x26:0x038f2e19 x18=0x00000218
        4045000	       403	800001d8	00900413	addi	x8,x0,9	  x0:0x00000000  x8=0x00000009
        4055000	       404	800001dc	019a1f93	slli	x31,x20,0x19	 x20:0x0000000c x31=0x18000000
        4065000	       405	800001e0	77f8a193	slti	x3,x17,1919	 x17:0x00000001  x3=0x00000001
        4075000	       406	800001e4	c404c497	auipc	x9,0xc404c	  x9=0x4404c1e0
        4085000	       407	800001e8	01f05333	srl	x6,x0,x31	  x0:0x00000000 x31:0x18000000  x6=0x00000000
        4095000	       408	800001ec	22af2b13	slti	x22,x30,554	 x30:0x90c7ecec x22=0x00000001
        4105000	       409	800001f0	002c8c93	addi	x25,x25,2	 x25:0xfffffff9 x25=0xfffffffb
        4115000	       410	800001f4	4123d193	srai	x3,x7,0x12	  x7:0x6f3815b9  x3=0x00001bce
        4125000	       411	800001f8	fe8c86e3	beq	x25,x8,800001e4	 x25:0xfffffffb  x8:0x00000009
        4135000	       412	800001fc	010d52b3	srl	x5,x26,x16	 x26:0x038f2e19 x16:0x00000001  x5=0x01c7970c
        4145000	       413	80000200	015d57b3	srl	x15,x26,x21	 x26:0x038f2e19 x21:0xff8836c8 x15=0x00038f2e
        4155000	       414	80000204	8d5ff293	andi	x5,x31,-1835	 x31:0x18000000  x5=0x18000000
        4165000	       415	80000208	4ad40f93	addi	x31,x8,1197	  x8:0x00000009 x31=0x000004b6
        4175000	       416	8000020c	d4917b13	andi	x22,x2,-695	  x2:0x00000003 x22=0x00000001
        4185000	       417	80000210	fadbc8e3	blt	x23,x13,800001c0	 x23:0x0000000e x13:0x0000000d
        4195000	       418	80000214	01c8b9b3	sltu	x19,x17,x28	 x17:0x00000001 x28:0x80009f84 x19=0x00000001
        4205000	       419	80000218	00000013	addi	x0,x0,0	  x0:0x00000000
        4215000	       420	8000021c	011d5263	bge	x26,x17,80000220	 x26:0x038f2e19 x17:0x00000001
        4225000	       421	00000000	00000013	addi	x0,x0,0	  x0:0x00000000
        4235000	       422	8000021c	00000013	addi	x0,x0,0	  x0:0x00000000
        4245000	       423	80000220	00821513	slli	x10,x4,0x8	  x4:0xcdd5b42c x10=0xd5b42c00
        4255000	       424	80000224	00bf15b3	sll	x11,x30,x11	 x30:0x90c7ecec x11:0x7ffffc6e x11=0xfb3b0000
        4265000	       425	80000228	0007f3b3	and	x7,x15,x0	 x15:0x00038f2e  x0:0x00000000  x7=0x00000000
        4275000	       426	8000022c	d4c12393	slti	x7,x2,-692	  x2:0x00000003  x7=0x00000000
        4285000	       427	80000230	00835313	srli	x6,x6,0x8	  x6:0x00000000  x6=0x00000000
        4295000	       428	80000234	03786a63	bltu	x16,x23,80000268	 x16:0x00000001 x23:0x0000000e
        4305000	       429	00000000	00000013	addi	x0,x0,0	  x0:0x00000000
        4315000	       430	80000264	00000013	addi	x0,x0,0	  x0:0x00000000
        4325000	       431	80000268	01de3cb3	sltu	x25,x28,x29	 x28:0x80009f84 x29:0x00000000 x25=0x00000000
        4335000	       432	8000026c	00001497	auipc	x9,0x1	  x9=0x80001268
        4345000	       433	80000270	fa048493	addi	x9,x9,-96	  x9:0x80001268  x9=0x80001208
        4355000	       434	80000274	01a7ec33	or	x24,x15,x26	 x15:0x00038f2e x26:0x038f2e19 x24=0x038faf3f
        4365000	       435	80000278	0183b633	sltu	x12,x7,x24	  x7:0x00000000 x24:0x038faf3f x12=0x00000001
        4375000	       436	8000027c	4bc8ccb7	lui	x25,0x4bc8c	 x25=0x4bc8c000
        4385000	       437	80000280	000c5113	srli	x2,x24,0x0	 x24:0x038faf3f  x2=0x038faf3f
        4395000	       438	80000284	8b353c93	sltiu	x25,x10,-1869	 x10:0xd5b42c00 x25=0x00000001
        4405000	       439	80000288	f6348493	addi	x9,x9,-157	  x9:0x80001208  x9=0x8000116b
        4415000	       440	8000028c	00e19863	bne	x3,x14,8000029c	  x3:0x00001bce x14:0x00000000
        4425000	       441	00000000	00000013	addi	x0,x0,0	  x0:0x00000000
        4435000	       442	80000298	00000013	addi	x0,x0,0	  x0:0x00000000
        4445000	       443	8000029c	09e484e7	jalr	x9,x9,158	  x9:0x8000116b  x9=0x8000029c
        4455000	       444	00000000	00000013	addi	x0,x0,0	  x0:0x00000000
        4465000	       445	80001208	00000013	addi	x0,x0,0	  x0:0x00000000
        4475000	       446	8000120c	00a39733	sll	x14,x7,x10	  x7:0x00000000 x10:0xd5b42c00 x14=0x00000000
        4485000	       447	80001210	00401593	slli	x11,x0,0x4	  x0:0x00000000 x11=0x00000000
        4495000	       448	80001214	91002093	slti	x1,x0,-1776	  x0:0x00000000  x1=0x00000000
        4505000	       449	80001218	01b89ab3	sll	x21,x17,x27	 x17:0x00000001 x27:0x80009fc4 x21=0x00000010
        4515000	       450	8000121c	fe0e0e13	addi	x28,x28,-32	 x28:0x80009f84 x28=0x80009f64
        4525000	       451	80001220	009e2223	sw	x9,4(x28)	 x28:0x80009f64  x9:0x8000029c PA:0x80009f68
        4535000	       452	80001224	0146f933	and	x18,x13,x20	 x13:0x0000000d x20:0x0000000c x18=0x0000000c
        4545000	       453	80001228	01749f33	sll	x30,x9,x23	  x9:0x8000029c x23:0x0000000e x30=0x00a70000
        4555000	       454	8000122c	0098ceb3	xor	x29,x17,x9	 x17:0x00000001  x9:0x8000029c x29=0x8000029d
        4565000	       455	80001230	406f5c13	srai	x24,x30,0x6	 x30:0x00a70000 x24=0x00029c00
        4575000	       456	80001234	006a6c63	bltu	x20,x6,8000124c	 x20:0x0000000c  x6:0x00000000
        4585000	       457	80001238	578cda17	auipc	x20,0x578cd	 x20=0xd78ce234
        4595000	       458	8000123c	010f9cb3	sll	x25,x31,x16	 x31:0x000004b6 x16:0x00000001 x25=0x0000096c
        4605000	       459	80001240	006ad8b3	srl	x17,x21,x6	 x21:0x00000010  x6:0x00000000 x17=0x00000010
        4615000	       460	80001244	41fb5733	sra	x14,x22,x31	 x22:0x00000001 x31:0x000004b6 x14=0x00000000
        4625000	       461	80001248	79166013	ori	x0,x12,1937	 x12:0x00000001
        4635000	       462	8000124c	350004ef	jal	x9,8000124c	  x9=0x8000124c
        4645000	       463	00000000	00000013	addi	x0,x0,0	  x0:0x00000000
        4655000	       464	80001598	00000013	addi	x0,x0,0	  x0:0x00000000
        4665000	       465	8000159c	9fce7813	andi	x16,x28,-1540	 x28:0x80009f64 x16=0x80009964
        4675000	       466	800015a0	00c90eb3	add	x29,x18,x12	 x18:0x0000000c x12:0x00000001 x29=0x0000000d
        4685000	       467	800015a4	01015263	bge	x2,x16,800015a8	  x2:0x038faf3f x16:0x80009964
        4695000	       468	00000000	00000013	addi	x0,x0,0	  x0:0x00000000
        4705000	       469	800015a4	00000013	addi	x0,x0,0	  x0:0x00000000
        4715000	       470	800015a8	fc4e0e13	addi	x28,x28,-60	 x28:0x80009f64 x28=0x80009f28
        4725000	       471	800015ac	009e2223	sw	x9,4(x28)	 x28:0x80009f28  x9:0x8000124c PA:0x80009f2c
        4735000	       472	800015b0	01ed01b3	add	x3,x26,x30	 x26:0x038f2e19 x30:0x00a70000  x3=0x04362e19
        4745000	       473	800015b4	40180133	sub	x2,x16,x1	 x16:0x80009964  x1:0x00000000  x2=0x80009964
        4755000	       474	800015b8	ffe00093	addi	x1,x0,-2	  x0:0x00000000  x1=0xfffffffe
        4765000	       475	800015bc	00a6c333	xor	x6,x13,x10	 x13:0x0000000d x10:0xd5b42c00  x6=0xd5b42c0d
        4775000	       476	800015c0	00ccf9b3	and	x19,x25,x12	 x25:0x0000096c x12:0x00000001 x19=0x00000000
        4785000	       477	800015c4	57ca1bb7	lui	x23,0x57ca1	 x23=0x57ca1000
        4795000	       478	800015c8	00f20933	add	x18,x4,x15	  x4:0xcdd5b42c x15:0x00038f2e x18=0xcdd9435a
        4805000	       479	800015cc	e9f8d237	lui	x4,0xe9f8d	  x4=0xe9f8d000
        4815000	       480	800015d0	038eeb93	ori	x23,x29,56	 x29:0x0000000d x23=0x0000003d
        4825000	       481	800015d4	005802b3	add	x5,x16,x5	 x16:0x80009964  x5:0x18000000  x5=0x98009964
        4835000	       482	800015d8	bca8d697	auipc	x13,0xbca8d	 x13=0x3ca8e5d4
        4845000	       483	800015dc	00800413	addi	x8,x0,8	  x0:0x00000000  x8=0x00000008
        4855000	       484	800015e0	95e03993	sltiu	x19,x0,-1698	  x0:0x00000000 x19=0x00000001
        4865000	       485	800015e4	323ce713	ori	x14,x25,803	 x25:0x0000096c x14=0x00000b6f
        4875000	       486	800015e8	41095c93	srai	x25,x18,0x10	 x18:0xcdd9435a x25=0xffffcdd9
        4885000	       487	800015ec	00962cb3	slt	x25,x12,x9	 x12:0x00000001  x9:0x8000124c x25=0x00000000
        4895000	       488	800015f0	c34a9917	auipc	x18,0xc34a9	 x18=0x434aa5ec
        4905000	       489	800015f4	00508093	addi	x1,x1,5	  x1:0xfffffffe  x1=0x00000003
        4915000	       490	800015f8	01ffdc33	srl	x24,x31,x31	 x31:0x000004b6 x31:0x000004b6 x24=0x00000000
        4925000	       491	800015fc	c1b47f93	andi	x31,x8,-997	  x8:0x00000008 x31=0x00000008
        4935000	       492	80001600	01b29eb3	sll	x29,x5,x27	  x5:0x98009964 x27:0x80009fc4 x29=0x80099640
        4945000	       493	80001604	40f25693	srai	x13,x4,0xf	  x4:0xe9f8d000 x13=0xffffd3f1
        4955000	       494	80001608	8cb204b7	lui	x9,0x8cb20	  x9=0x8cb20000
        4965000	       495	8000160c	fe8090e3	bne	x1,x8,800015ec	  x1:0x00000003  x8:0x00000008
        4975000	       496	00000000	00000013	addi	x0,x0,0	  x0:0x00000000
        4985000	       497	800015e8	00000013	addi	x0,x0,0	  x0:0x00000000
        4995000	       498	800015ec	00962cb3	slt	x25,x12,x9	 x12:0x00000001  x9:0x8cb20000 x25=0x00000000
        5005000	       499	800015f0	c34a9917	auipc	x18,0xc34a9	 x18=0x434aa5ec
        5015000	       500	800015f4	00508093	addi	x1,x1,5	  x1:0x00000003  x1=0x00000008
        5025000	       501	800015f8	01ffdc33	srl	x24,x31,x31	 x31:0x00000008 x31:0x00000008 x24=0x00000000
        5035000	       502	800015fc	c1b47f93	andi	x31,x8,-997	  x8:0x00000008 x31=0x00000008
        5045000	       503	80001600	01b29eb3	sll	x29,x5,x27	  x5:0x98009964 x27:0x80009fc4 x29=0x80099640
        5055000	       504	80001604	40f25693	srai	x13,x4,0xf	  x4:0xe9f8d000 x13=0xffffd3f1
        5065000	       505	80001608	8cb204b7	lui	x9,0x8cb20	  x9=0x8cb20000
        5075000	       506	8000160c	fe8090e3	bne	x1,x8,800015ec	  x1:0x00000008  x8:0x00000008
        5085000	       507	80001610	37cc2337	lui	x6,0x37cc2	  x6=0x37cc2000
        5095000	       508	80001614	00800793	addi	x15,x0,8	  x0:0x00000000 x15=0x00000008
        5105000	       509	80001618	00cc6933	or	x18,x24,x12	 x24:0x00000000 x12:0x00000001 x18=0x00000001
        5115000	       510	8000161c	41700833	sub	x16,x0,x23	  x0:0x00000000 x23:0x0000003d x16=0xffffffc3
        5125000	       511	80001620	ff600613	addi	x12,x0,-10	  x0:0x00000000 x12=0xfffffff6
        5135000	       512	80001624	01c41a13	slli	x20,x8,0x1c	  x8:0x00000008 x20=0x80000000
        5145000	       513	80001628	419259b3	sra	x19,x4,x25	  x4:0xe9f8d000 x25:0x00000000 x19=0xe9f8d000
        5155000	       514	8000162c	6c37e313	ori	x6,x15,1731	 x15:0x00000008  x6=0x000006cb
        5165000	       515	80001630	40a58133	sub	x2,x11,x10	 x11:0x00000000 x10:0xd5b42c00  x2=0x2a4bd400
        5175000	       516	80001634	8c76aa13	slti	x20,x13,-1849	 x13:0xffffd3f1 x20=0x00000001
        5185000	       517	80001638	41fc0233	sub	x4,x24,x31	 x24:0x00000000 x31:0x00000008  x4=0xfffffff8
        5195000	       518	8000163c	409680b3	sub	x1,x13,x9	 x13:0xffffd3f1  x9:0x8cb20000  x1=0x734dd3f1
        5205000	       519	80001640	ff978793	addi	x15,x15,-7	 x15:0x00000008 x15=0x00000001
        5215000	       520	80001644	0017e2b3	or	x5,x15,x1	 x15:0x00000001  x1:0x734dd3f1  x5=0x734dd3f1
        5225000	       521	80001648	2c3c7fb7	lui	x31,0x2c3c7	 x31=0x2c3c7000
        5235000	       522	8000164c	00909fb3	sll	x31,x1,x9	  x1:0x734dd3f1  x9:0x8cb20000 x31=0x734dd3f1
        5245000	       523	80001650	00635013	srli	x0,x6,0x6	  x6:0x000006cb
        5255000	       524	80001654	004ddbb3	srl	x23,x27,x4	 x27:0x80009fc4  x4:0xfffffff8 x23=0x00000080
        5265000	       525	80001658	ffa00493	addi	x9,x0,-6	  x0:0x00000000  x9=0xfffffffa
        5275000	       526	8000165c	0782aa93	slti	x21,x5,120	  x5:0x734dd3f1 x21=0x00000000
        5285000	       527	80001660	ff100593	addi	x11,x0,-15	  x0:0x00000000 x11=0xfffffff1
        5295000	       528	80001664	01467a33	and	x20,x12,x20	 x12:0xfffffff6 x20:0x00000001 x20=0x00000000
        5305000	       529	80001668	6be04513	xori	x10,x0,1726	  x0:0x00000000 x10=0x000006be
        5315000	       530	8000166c	01451f13	slli	x30,x10,0x14	 x10:0x000006be x30=0x6be00000
        5325000	       531	80001670	ffd48493	addi	x9,x9,-3	  x9:0xfffffffa  x9=0xfffffff7
        5335000	       532	80001674	feb48ae3	beq	x9,x11,80001668	  x9:0xfffffff7 x11:0xfffffff1
        5345000	       533	80001678	4a83f813	andi	x16,x7,1192	  x7:0x00000000 x16=0x00000000
        5355000	       534	8000167c	01fe61b3	or	x3,x28,x31	 x28:0x80009f28 x31:0x734dd3f1  x3=0xf34ddff9
        5365000	       535	80001680	013c7c33	and	x24,x24,x19	 x24:0x00000000 x19:0xe9f8d000 x24=0x00000000
        5375000	       536	80001684	00068933	add	x18,x13,x0	 x13:0xffffd3f1  x0:0x00000000 x18=0xffffd3f1
        5385000	       537	80001688	00f3f033	and	x0,x7,x15	  x7:0x00000000 x15:0x00000001
        5395000	       538	8000168c	dd810f93	addi	x31,x2,-552	  x2:0x2a4bd400 x31=0x2a4bd1d8
        5405000	       539	80001690	fac7d0e3	bge	x15,x12,80001630	 x15:0x00000001 x12:0xfffffff6
        5415000	       540	00000000	00000013	addi	x0,x0,0	  x0:0x00000000
        5425000	       541	8000162c	00000013	addi	x0,x0,0	  x0:0x00000000
        5435000	       542	80001630	40a58133	sub	x2,x11,x10	 x11:0xfffffff1 x10:0x000006be  x2=0xfffff933
        5445000	       543	80001634	8c76aa13	slti	x20,x13,-1849	 x13:0xffffd3f1 x20=0x00000001
        5455000	       544	80001638	41fc0233	sub	x4,x24,x31	 x24:0x00000000 x31:0x2a4bd1d8  x4=0xd5b42e28
        5465000	       545	8000163c	409680b3	sub	x1,x13,x9	 x13:0xffffd3f1  x9:0xfffffff7  x1=0xffffd3fa
        5475000	       546	80001640	ff978793	addi	x15,x15,-7	 x15:0x00000001 x15=0xfffffffa
        5485000	       547	80001644	0017e2b3	or	x5,x15,x1	 x15:0xfffffffa  x1:0xffffd3fa  x5=0xfffffffa
        5495000	       548	80001648	2c3c7fb7	lui	x31,0x2c3c7	 x31=0x2c3c7000
        5505000	       549	8000164c	00909fb3	sll	x31,x1,x9	  x1:0xffffd3fa  x9:0xfffffff7 x31=0xfd000000
        5515000	       550	80001650	00635013	srli	x0,x6,0x6	  x6:0x000006cb
        5525000	       551	80001654	004ddbb3	srl	x23,x27,x4	 x27:0x80009fc4  x4:0xd5b42e28 x23=0x0080009f
        5535000	       552	80001658	ffa00493	addi	x9,x0,-6	  x0:0x00000000  x9=0xfffffffa
        5545000	       553	8000165c	0782aa93	slti	x21,x5,120	  x5:0xfffffffa x21=0x00000001
        5555000	       554	80001660	ff100593	addi	x11,x0,-15	  x0:0x00000000 x11=0xfffffff1
        5565000	       555	80001664	01467a33	and	x20,x12,x20	 x12:0xfffffff6 x20:0x00000001 x20=0x00000000
        5575000	       556	80001668	6be04513	xori	x10,x0,1726	  x0:0x00000000 x10=0x000006be
        5585000	       557	8000166c	01451f13	slli	x30,x10,0x14	 x10:0x000006be x30=0x6be00000
        5595000	       558	80001670	ffd48493	addi	x9,x9,-3	  x9:0xfffffffa  x9=0xfffffff7
        5605000	       559	80001674	feb48ae3	beq	x9,x11,80001668	  x9:0xfffffff7 x11:0xfffffff1
        5615000	       560	80001678	4a83f813	andi	x16,x7,1192	  x7:0x00000000 x16=0x00000000
        5625000	       561	8000167c	01fe61b3	or	x3,x28,x31	 x28:0x80009f28 x31:0xfd000000  x3=0xfd009f28
        5635000	       562	80001680	013c7c33	and	x24,x24,x19	 x24:0x00000000 x19:0xe9f8d000 x24=0x00000000
        5645000	       563	80001684	00068933	add	x18,x13,x0	 x13:0xffffd3f1  x0:0x00000000 x18=0xffffd3f1
        5655000	       564	80001688	00f3f033	and	x0,x7,x15	  x7:0x00000000 x15:0xfffffffa
        5665000	       565	8000168c	dd810f93	addi	x31,x2,-552	  x2:0xfffff933 x31=0xfffff70b
        5675000	       566	80001690	fac7d0e3	bge	x15,x12,80001630	 x15:0xfffffffa x12:0xfffffff6
        5685000	       567	00000000	00000013	addi	x0,x0,0	  x0:0x00000000
        5695000	       568	8000162c	00000013	addi	x0,x0,0	  x0:0x00000000
        5705000	       569	80001630	40a58133	sub	x2,x11,x10	 x11:0xfffffff1 x10:0x000006be  x2=0xfffff933
        5715000	       570	80001634	8c76aa13	slti	x20,x13,-1849	 x13:0xffffd3f1 x20=0x00000001
        5725000	       571	80001638	41fc0233	sub	x4,x24,x31	 x24:0x00000000 x31:0xfffff70b  x4=0x000008f5
        5735000	       572	8000163c	409680b3	sub	x1,x13,x9	 x13:0xffffd3f1  x9:0xfffffff7  x1=0xffffd3fa
        5745000	       573	80001640	ff978793	addi	x15,x15,-7	 x15:0xfffffffa x15=0xfffffff3
        5755000	       574	80001644	0017e2b3	or	x5,x15,x1	 x15:0xfffffff3  x1:0xffffd3fa  x5=0xfffffffb
        5765000	       575	80001648	2c3c7fb7	lui	x31,0x2c3c7	 x31=0x2c3c7000
        5775000	       576	8000164c	00909fb3	sll	x31,x1,x9	  x1:0xffffd3fa  x9:0xfffffff7 x31=0xfd000000
        5785000	       577	80001650	00635013	srli	x0,x6,0x6	  x6:0x000006cb
        5795000	       578	80001654	004ddbb3	srl	x23,x27,x4	 x27:0x80009fc4  x4:0x000008f5 x23=0x00000400
        5805000	       579	80001658	ffa00493	addi	x9,x0,-6	  x0:0x00000000  x9=0xfffffffa
        5815000	       580	8000165c	0782aa93	slti	x21,x5,120	  x5:0xfffffffb x21=0x00000001
        5825000	       581	80001660	ff100593	addi	x11,x0,-15	  x0:0x00000000 x11=0xfffffff1
        5835000	       582	80001664	01467a33	and	x20,x12,x20	 x12:0xfffffff6 x20:0x00000001 x20=0x00000000
        5845000	       583	80001668	6be04513	xori	x10,x0,1726	  x0:0x00000000 x10=0x000006be
        5855000	       584	8000166c	01451f13	slli	x30,x10,0x14	 x10:0x000006be x30=0x6be00000
        5865000	       585	80001670	ffd48493	addi	x9,x9,-3	  x9:0xfffffffa  x9=0xfffffff7
        5875000	       586	80001674	feb48ae3	beq	x9,x11,80001668	  x9:0xfffffff7 x11:0xfffffff1
        5885000	       587	80001678	4a83f813	andi	x16,x7,1192	  x7:0x00000000 x16=0x00000000
        5895000	       588	8000167c	01fe61b3	or	x3,x28,x31	 x28:0x80009f28 x31:0xfd000000  x3=0xfd009f28
        5905000	       589	80001680	013c7c33	and	x24,x24,x19	 x24:0x00000000 x19:0xe9f8d000 x24=0x00000000
        5915000	       590	80001684	00068933	add	x18,x13,x0	 x13:0xffffd3f1  x0:0x00000000 x18=0xffffd3f1
        5925000	       591	80001688	00f3f033	and	x0,x7,x15	  x7:0x00000000 x15:0xfffffff3
        5935000	       592	8000168c	dd810f93	addi	x31,x2,-552	  x2:0xfffff933 x31=0xfffff70b
        5945000	       593	80001690	fac7d0e3	bge	x15,x12,80001630	 x15:0xfffffff3 x12:0xfffffff6
        5955000	       594	80001694	01ca1033	sll	x0,x20,x28	 x20:0x00000000 x28:0x80009f28
        5965000	       595	80001698	ffb00693	addi	x13,x0,-5	  x0:0x00000000 x13=0xfffffffb
        5975000	       596	8000169c	001d10b3	sll	x1,x26,x1	 x26:0x038f2e19  x1:0xffffd3fa  x1=0x64000000
        5985000	       597	800016a0	00f00713	addi	x14,x0,15	  x0:0x00000000 x14=0x0000000f
        5995000	       598	800016a4	00000013	addi	x0,x0,0	  x0:0x00000000
        6005000	       599	800016a8	00da67b3	or	x15,x20,x13	 x20:0x00000000 x13:0xfffffffb x15=0xfffffffb
        6015000	       600	800016ac	00a68693	addi	x13,x13,10	 x13:0xfffffffb x13=0x00000005
        6025000	       601	800016b0	00500413	addi	x8,x0,5	  x0:0x00000000  x8=0x00000005
        6035000	       602	800016b4	44746513	ori	x10,x8,1095	  x8:0x00000005 x10=0x00000447
        6045000	       603	800016b8	f21ee593	ori	x11,x29,-223	 x29:0x80099640 x11=0xffffff61
        6055000	       604	800016bc	0097f633	and	x12,x15,x9	 x15:0xfffffffb  x9:0xfffffff7 x12=0xfffffff3
        6065000	       605	800016c0	00500993	addi	x19,x0,5	  x0:0x00000000 x19=0x00000005
        6075000	       606	800016c4	019d9313	slli	x6,x27,0x19	 x27:0x80009fc4  x6=0x88000000
        6085000	       607	800016c8	01bed333	srl	x6,x29,x27	 x29:0x80099640 x27:0x80009fc4  x6=0x08009964
        6095000	       608	800016cc	00c57ab3	and	x21,x10,x12	 x10:0x00000447 x12:0xfffffff3 x21=0x00000443
        6105000	       609	800016d0	ffc40413	addi	x8,x8,-4	  x8:0x00000005  x8=0x00000001
        6115000	       610	800016d4	02f5f537	lui	x10,0x2f5f	 x10=0x02f5f000
        6125000	       611	800016d8	ff347ae3	bgeu	x8,x19,800016cc	  x8:0x00000001 x19:0x00000005
        6135000	       612	800016dc	f1aec393	xori	x7,x29,-230	 x29:0x80099640  x7=0x7ff6695a
        6145000	       613	800016e0	005e0fb3	add	x31,x28,x5	 x28:0x80009f28  x5:0xfffffffb x31=0x80009f23
        6155000	       614	800016e4	fce6e2e3	bltu	x13,x14,800016a8	 x13:0x00000005 x14:0x0000000f
        6165000	       615	00000000	00000013	addi	x0,x0,0	  x0:0x00000000
        6175000	       616	800016a4	00000013	addi	x0,x0,0	  x0:0x00000000
        6185000	       617	800016a8	00da67b3	or	x15,x20,x13	 x20:0x00000000 x13:0x00000005 x15=0x00000005
        6195000	       618	800016ac	00a68693	addi	x13,x13,10	 x13:0x00000005 x13=0x0000000f
        6205000	       619	800016b0	00500413	addi	x8,x0,5	  x0:0x00000000  x8=0x00000005
        6215000	       620	800016b4	44746513	ori	x10,x8,1095	  x8:0x00000005 x10=0x00000447
        6225000	       621	800016b8	f21ee593	ori	x11,x29,-223	 x29:0x80099640 x11=0xffffff61
        6235000	       622	800016bc	0097f633	and	x12,x15,x9	 x15:0x00000005  x9:0xfffffff7 x12=0x00000005
        6245000	       623	800016c0	00500993	addi	x19,x0,5	  x0:0x00000000 x19=0x00000005
        6255000	       624	800016c4	019d9313	slli	x6,x27,0x19	 x27:0x80009fc4  x6=0x88000000
        6265000	       625	800016c8	01bed333	srl	x6,x29,x27	 x29:0x80099640 x27:0x80009fc4  x6=0x08009964
        6275000	       626	800016cc	00c57ab3	and	x21,x10,x12	 x10:0x00000447 x12:0x00000005 x21=0x00000005
        6285000	       627	800016d0	ffc40413	addi	x8,x8,-4	  x8:0x00000005  x8=0x00000001
        6295000	       628	800016d4	02f5f537	lui	x10,0x2f5f	 x10=0x02f5f000
        6305000	       629	800016d8	ff347ae3	bgeu	x8,x19,800016cc	  x8:0x00000001 x19:0x00000005
        6315000	       630	800016dc	f1aec393	xori	x7,x29,-230	 x29:0x80099640  x7=0x7ff6695a
        6325000	       631	800016e0	005e0fb3	add	x31,x28,x5	 x28:0x80009f28  x5:0xfffffffb x31=0x80009f23
        6335000	       632	800016e4	fce6e2e3	bltu	x13,x14,800016a8	 x13:0x0000000f x14:0x0000000f
        6345000	       633	800016e8	0196fc33	and	x24,x13,x25	 x13:0x0000000f x25:0x00000000 x24=0x00000000
        6355000	       634	800016ec	ffb00f13	addi	x30,x0,-5	  x0:0x00000000 x30=0xfffffffb
        6365000	       635	800016f0	ff300893	addi	x17,x0,-13	  x0:0x00000000 x17=0xfffffff3
        6375000	       636	800016f4	007e23b3	slt	x7,x28,x7	 x28:0x80009f28  x7:0x7ff6695a  x7=0x00000001
        6385000	       637	800016f8	41698533	sub	x10,x19,x22	 x19:0x00000005 x22:0x00000001 x10=0x00000004
        6395000	       638	800016fc	ff8f0f13	addi	x30,x30,-8	 x30:0xfffffffb x30=0xfffffff3
        6405000	       639	80001700	144bf917	auipc	x18,0x144bf	 x18=0x944c06fc
        6415000	       640	80001704	ff1f1ae3	bne	x30,x17,800016f8	 x30:0xfffffff3 x17:0xfffffff3
        6425000	       641	80001708	41ae0fb3	sub	x31,x28,x26	 x28:0x80009f28 x26:0x038f2e19 x31=0x7c71710f
        6435000	       642	8000170c	00200513	addi	x10,x0,2	  x0:0x00000000 x10=0x00000002
        6445000	       643	80001710	ff600893	addi	x17,x0,-10	  x0:0x00000000 x17=0xfffffff6
        6455000	       644	80001714	0f42deb7	lui	x29,0xf42d	 x29=0x0f42d000
        6465000	       645	80001718	2dabde97	auipc	x29,0x2dabd	 x29=0xadabe714
        6475000	       646	8000171c	c0cc8e93	addi	x29,x25,-1012	 x25:0x00000000 x29=0xfffffc0c
        6485000	       647	80001720	ffa50513	addi	x10,x10,-6	 x10:0x00000002 x10=0xfffffffc
        6495000	       648	80001724	ff151ae3	bne	x10,x17,80001718	 x10:0xfffffffc x17:0xfffffff6
        6505000	       649	00000000	00000013	addi	x0,x0,0	  x0:0x00000000
        6515000	       650	80001714	00000013	addi	x0,x0,0	  x0:0x00000000
        6525000	       651	80001718	2dabde97	auipc	x29,0x2dabd	 x29=0xadabe714
        6535000	       652	8000171c	c0cc8e93	addi	x29,x25,-1012	 x25:0x00000000 x29=0xfffffc0c
        6545000	       653	80001720	ffa50513	addi	x10,x10,-6	 x10:0xfffffffc x10=0xfffffff6
        6555000	       654	80001724	ff151ae3	bne	x10,x17,80001718	 x10:0xfffffff6 x17:0xfffffff6
        6565000	       655	80001728	52210997	auipc	x19,0x52210	 x19=0xd2211724
        6575000	       656	8000172c	ff900893	addi	x17,x0,-7	  x0:0x00000000 x17=0xfffffff9
        6585000	       657	80001730	eca6aeb7	lui	x29,0xeca6a	 x29=0xeca6a000
        6595000	       658	80001734	00500213	addi	x4,x0,5	  x0:0x00000000  x4=0x00000005
        6605000	       659	80001738	326e0b97	auipc	x23,0x326e0	 x23=0xb26e1734
        6615000	       660	8000173c	0545a113	slti	x2,x11,84	 x11:0xffffff61  x2=0x00000001
        6625000	       661	80001740	018f60b3	or	x1,x30,x24	 x30:0xfffffff3 x24:0x00000000  x1=0xfffffff3
        6635000	       662	80001744	00988893	addi	x17,x17,9	 x17:0xfffffff9 x17=0x00000002
        6645000	       663	80001748	00600193	addi	x3,x0,6	  x0:0x00000000  x3=0x00000006
        6655000	       664	8000174c	00064cb3	xor	x25,x12,x0	 x12:0x00000005  x0:0x00000000 x25=0x00000005
        6665000	       665	80001750	00600593	addi	x11,x0,6	  x0:0x00000000 x11=0x00000006
        6675000	       666	80001754	40a40733	sub	x14,x8,x10	  x8:0x00000001 x10:0xfffffff6 x14=0x0000000b
        6685000	       667	80001758	8e89b417	auipc	x8,0x8e89b	  x8=0x0e89c754
        6695000	       668	8000175c	ffb18193	addi	x3,x3,-5	  x3:0x00000006  x3=0x00000001
        6705000	       669	80001760	feb1fae3	bgeu	x3,x11,80001754	  x3:0x00000001 x11:0x00000006
        6715000	       670	80001764	00519ab3	sll	x21,x3,x5	  x3:0x00000001  x5:0xfffffffb x21=0x08000000
        6725000	       671	80001768	fc48eae3	bltu	x17,x4,8000173c	 x17:0x00000002  x4:0x00000005
        6735000	       672	00000000	00000013	addi	x0,x0,0	  x0:0x00000000
        6745000	       673	80001738	00000013	addi	x0,x0,0	  x0:0x00000000
        6755000	       674	8000173c	0545a113	slti	x2,x11,84	 x11:0x00000006  x2=0x00000001
        6765000	       675	80001740	018f60b3	or	x1,x30,x24	 x30:0xfffffff3 x24:0x00000000  x1=0xfffffff3
        6775000	       676	80001744	00988893	addi	x17,x17,9	 x17:0x00000002 x17=0x0000000b
        6785000	       677	80001748	00600193	addi	x3,x0,6	  x0:0x00000000  x3=0x00000006
        6795000	       678	8000174c	00064cb3	xor	x25,x12,x0	 x12:0x00000005  x0:0x00000000 x25=0x00000005
        6805000	       679	80001750	00600593	addi	x11,x0,6	  x0:0x00000000 x11=0x00000006
        6815000	       680	80001754	40a40733	sub	x14,x8,x10	  x8:0x0e89c754 x10:0xfffffff6 x14=0x0e89c75e
        6825000	       681	80001758	8e89b417	auipc	x8,0x8e89b	  x8=0x0e89c754
        6835000	       682	8000175c	ffb18193	addi	x3,x3,-5	  x3:0x00000006  x3=0x00000001
        6845000	       683	80001760	feb1fae3	bgeu	x3,x11,80001754	  x3:0x00000001 x11:0x00000006
        6855000	       684	80001764	00519ab3	sll	x21,x3,x5	  x3:0x00000001  x5:0xfffffffb x21=0x08000000
        6865000	       685	80001768	fc48eae3	bltu	x17,x4,8000173c	 x17:0x0000000b  x4:0x00000005
        6875000	       686	8000176c	003556b3	srl	x13,x10,x3	 x10:0xfffffff6  x3:0x00000001 x13=0x7ffffffb
        6885000	       687	80001770	ff600513	addi	x10,x0,-10	  x0:0x00000000 x10=0xfffffff6
        6895000	       688	80001774	b6db7113	andi	x2,x22,-1171	 x22:0x00000001  x2=0x00000001
        6905000	       689	80001778	6b20ab93	slti	x23,x1,1714	  x1:0xfffffff3 x23=0x00000001
        6915000	       690	8000177c	00dddeb3	srl	x29,x27,x13	 x27:0x80009fc4 x13:0x7ffffffb x29=0x00000010
        6925000	       691	80001780	00829a13	slli	x20,x5,0x8	  x5:0xfffffffb x20=0xfffffb00
        6935000	       692	80001784	fbada9b7	lui	x19,0xfbada	 x19=0xfbada000
        6945000	       693	80001788	263b3237	lui	x4,0x263b3	  x4=0x263b3000
        6955000	       694	8000178c	40685c33	sra	x24,x16,x6	 x16:0x00000000  x6:0x08009964 x24=0x00000000
        6965000	       695	80001790	ffe00913	addi	x18,x0,-2	  x0:0x00000000 x18=0xfffffffe
        6975000	       696	80001794	f48bf793	andi	x15,x23,-184	 x23:0x00000001 x15=0x00000000
        6985000	       697	80001798	40b48fb3	sub	x31,x9,x11	  x9:0xfffffff7 x11:0x00000006 x31=0xfffffff1
        6995000	       698	8000179c	00735713	srli	x14,x6,0x7	  x6:0x08009964 x14=0x00100132
        7005000	       699	800017a0	0152e233	or	x4,x5,x21	  x5:0xfffffffb x21:0x08000000  x4=0xfffffffb
        7015000	       700	800017a4	00850513	addi	x10,x10,8	 x10:0xfffffff6 x10=0xfffffffe
        7025000	       701	800017a8	00800413	addi	x8,x0,8	  x0:0x00000000  x8=0x00000008
        7035000	       702	800017ac	01e4e133	or	x2,x9,x30	  x9:0xfffffff7 x30:0xfffffff3  x2=0xfffffff7
        7045000	       703	800017b0	00800c93	addi	x25,x0,8	  x0:0x00000000 x25=0x00000008
        7055000	       704	800017b4	00000013	addi	x0,x0,0	  x0:0x00000000
        7065000	       705	800017b8	416c0333	sub	x6,x24,x22	 x24:0x00000000 x22:0x00000001  x6=0xffffffff
        7075000	       706	800017bc	7e3c2293	slti	x5,x24,2019	 x24:0x00000000  x5=0x00000001
        7085000	       707	800017c0	6e662b13	slti	x22,x12,1766	 x12:0x00000005 x22=0x00000001
        7095000	       708	800017c4	0113f833	and	x16,x7,x17	  x7:0x00000001 x17:0x0000000b x16=0x00000001
        7105000	       709	800017c8	0038b4b3	sltu	x9,x17,x3	 x17:0x0000000b  x3:0x00000001  x9=0x00000000
        7115000	       710	800017cc	ff940413	addi	x8,x8,-7	  x8:0x00000008  x8=0x00000001
        7125000	       711	800017d0	018f73b3	and	x7,x30,x24	 x30:0xfffffff3 x24:0x00000000  x7=0x00000000
        7135000	       712	800017d4	0135fbb3	and	x23,x11,x19	 x11:0x00000006 x19:0xfbada000 x23=0x00000000
        7145000	       713	800017d8	59424f93	xori	x31,x4,1428	  x4:0xfffffffb x31=0xfffffa6f
        7155000	       714	800017dc	c0b23313	sltiu	x6,x4,-1013	  x4:0xfffffffb  x6=0x00000000
        7165000	       715	800017e0	00000013	addi	x0,x0,0	  x0:0x00000000
        7175000	       716	800017e4	ff9470e3	bgeu	x8,x25,800017c4	  x8:0x00000001 x25:0x00000008
        7185000	       717	800017e8	006218b3	sll	x17,x4,x6	  x4:0xfffffffb  x6:0x00000000 x17=0xfffffffb
        7195000	       718	800017ec	01988633	add	x12,x17,x25	 x17:0xfffffffb x25:0x00000008 x12=0x00000003
        7205000	       719	800017f0	e9a78113	addi	x2,x15,-358	 x15:0x00000000  x2=0xfffffe9a
        7215000	       720	800017f4	fb2512e3	bne	x10,x18,80001798	 x10:0xfffffffe x18:0xfffffffe
        7225000	       721	800017f8	00fea633	slt	x12,x29,x15	 x29:0x00000010 x15:0x00000000 x12=0x00000000
        7235000	       722	800017fc	00200413	addi	x8,x0,2	  x0:0x00000000  x8=0x00000002
        7245000	       723	80001800	6ece4013	xori	x0,x28,1772	 x28:0x80009f28
        7255000	       724	80001804	ffa00693	addi	x13,x0,-6	  x0:0x00000000 x13=0xfffffffa
        7265000	       725	80001808	42910493	addi	x9,x2,1065	  x2:0xfffffe9a  x9=0x000002c3
        7275000	       726	8000180c	00dabeb3	sltu	x29,x21,x13	 x21:0x08000000 x13:0xfffffffa x29=0x00000001
        7285000	       727	80001810	ff840413	addi	x8,x8,-8	  x8:0x00000002  x8=0xfffffffa
        7295000	       728	80001814	5827a113	slti	x2,x15,1410	 x15:0x00000000  x2=0x00000001
        7305000	       729	80001818	00800a13	addi	x20,x0,8	  x0:0x00000000 x20=0x00000008
        7315000	       730	8000181c	00500613	addi	x12,x0,5	  x0:0x00000000 x12=0x00000005
        7325000	       731	80001820	005d1513	slli	x10,x26,0x5	 x26:0x038f2e19 x10=0x71e5c320
        7335000	       732	80001824	419909b3	sub	x19,x18,x25	 x18:0xfffffffe x25:0x00000008 x19=0xfffffff6
        7345000	       733	80001828	fffa0a13	addi	x20,x20,-1	 x20:0x00000008 x20=0x00000007
        7355000	       734	8000182c	40a18c33	sub	x24,x3,x10	  x3:0x00000001 x10:0x71e5c320 x24=0x8e1a3ce1
        7365000	       735	80001830	01d893b3	sll	x7,x17,x29	 x17:0xfffffffb x29:0x00000001  x7=0xfffffff6
        7375000	       736	80001834	feca78e3	bgeu	x20,x12,80001824	 x20:0x00000007 x12:0x00000005
        7385000	       737	00000000	00000013	addi	x0,x0,0	  x0:0x00000000
        7395000	       738	80001820	00000013	addi	x0,x0,0	  x0:0x00000000
        7405000	       739	80001824	419909b3	sub	x19,x18,x25	 x18:0xfffffffe x25:0x00000008 x19=0xfffffff6
        7415000	       740	80001828	fffa0a13	addi	x20,x20,-1	 x20:0x00000007 x20=0x00000006
        7425000	       741	8000182c	40a18c33	sub	x24,x3,x10	  x3:0x00000001 x10:0x71e5c320 x24=0x8e1a3ce1
        7435000	       742	80001830	01d893b3	sll	x7,x17,x29	 x17:0xfffffffb x29:0x00000001  x7=0xfffffff6
        7445000	       743	80001834	feca78e3	bgeu	x20,x12,80001824	 x20:0x00000006 x12:0x00000005
        7455000	       744	00000000	00000013	addi	x0,x0,0	  x0:0x00000000
        7465000	       745	80001820	00000013	addi	x0,x0,0	  x0:0x00000000
        7475000	       746	80001824	419909b3	sub	x19,x18,x25	 x18:0xfffffffe x25:0x00000008 x19=0xfffffff6
        7485000	       747	80001828	fffa0a13	addi	x20,x20,-1	 x20:0x00000006 x20=0x00000005
        7495000	       748	8000182c	40a18c33	sub	x24,x3,x10	  x3:0x00000001 x10:0x71e5c320 x24=0x8e1a3ce1
        7505000	       749	80001830	01d893b3	sll	x7,x17,x29	 x17:0xfffffffb x29:0x00000001  x7=0xfffffff6
        7515000	       750	80001834	feca78e3	bgeu	x20,x12,80001824	 x20:0x00000005 x12:0x00000005
        7525000	       751	00000000	00000013	addi	x0,x0,0	  x0:0x00000000
        7535000	       752	80001820	00000013	addi	x0,x0,0	  x0:0x00000000
        7545000	       753	80001824	419909b3	sub	x19,x18,x25	 x18:0xfffffffe x25:0x00000008 x19=0xfffffff6
        7555000	       754	80001828	fffa0a13	addi	x20,x20,-1	 x20:0x00000005 x20=0x00000004
        7565000	       755	8000182c	40a18c33	sub	x24,x3,x10	  x3:0x00000001 x10:0x71e5c320 x24=0x8e1a3ce1
        7575000	       756	80001830	01d893b3	sll	x7,x17,x29	 x17:0xfffffffb x29:0x00000001  x7=0xfffffff6
        7585000	       757	80001834	feca78e3	bgeu	x20,x12,80001824	 x20:0x00000004 x12:0x00000005
        7595000	       758	80001838	36c6f017	auipc	x0,0x36c6f	
        7605000	       759	8000183c	fcd416e3	bne	x8,x13,80001808	  x8:0xfffffffa x13:0xfffffffa
        7615000	       760	80001840	0182ecb3	or	x25,x5,x24	  x5:0x00000001 x24:0x8e1a3ce1 x25=0x8e1a3ce1
        7625000	       761	80001844	00000613	addi	x12,x0,0	  x0:0x00000000 x12=0x00000000
        7635000	       762	80001848	0170d533	srl	x10,x1,x23	  x1:0xfffffff3 x23:0x00000000 x10=0xfffffff3
        7645000	       763	8000184c	0b2b1937	lui	x18,0xb2b1	 x18=0x0b2b1000
        7655000	       764	80001850	01200413	addi	x8,x0,18	  x0:0x00000000  x8=0x00000012
        7665000	       765	80001854	41f70a33	sub	x20,x14,x31	 x14:0x00100132 x31:0xfffffa6f x20=0x001006c3
        7675000	       766	80001858	41dd04b3	sub	x9,x26,x29	 x26:0x038f2e19 x29:0x00000001  x9=0x038f2e18
        7685000	       767	8000185c	0174df33	srl	x30,x9,x23	  x9:0x038f2e18 x23:0x00000000 x30=0x038f2e18
        7695000	       768	80001860	c44ebf93	sltiu	x31,x29,-956	 x29:0x00000001 x31=0x00000001
        7705000	       769	80001864	00660613	addi	x12,x12,6	 x12:0x00000000 x12=0x00000006
        7715000	       770	80001868	0068c233	xor	x4,x17,x6	 x17:0xfffffffb  x6:0x00000000  x4=0xfffffffb
        7725000	       771	8000186c	0123f733	and	x14,x7,x18	  x7:0xfffffff6 x18:0x0b2b1000 x14=0x0b2b1000
        7735000	       772	80001870	fe8614e3	bne	x12,x8,80001858	 x12:0x00000006  x8:0x00000012
        7745000	       773	00000000	00000013	addi	x0,x0,0	  x0:0x00000000
        7755000	       774	80001854	00000013	addi	x0,x0,0	  x0:0x00000000
        7765000	       775	80001858	41dd04b3	sub	x9,x26,x29	 x26:0x038f2e19 x29:0x00000001  x9=0x038f2e18
        7775000	       776	8000185c	0174df33	srl	x30,x9,x23	  x9:0x038f2e18 x23:0x00000000 x30=0x038f2e18
        7785000	       777	80001860	c44ebf93	sltiu	x31,x29,-956	 x29:0x00000001 x31=0x00000001
        7795000	       778	80001864	00660613	addi	x12,x12,6	 x12:0x00000006 x12=0x0000000c
        7805000	       779	80001868	0068c233	xor	x4,x17,x6	 x17:0xfffffffb  x6:0x00000000  x4=0xfffffffb
        7815000	       780	8000186c	0123f733	and	x14,x7,x18	  x7:0xfffffff6 x18:0x0b2b1000 x14=0x0b2b1000
        7825000	       781	80001870	fe8614e3	bne	x12,x8,80001858	 x12:0x0000000c  x8:0x00000012
        7835000	       782	00000000	00000013	addi	x0,x0,0	  x0:0x00000000
        7845000	       783	80001854	00000013	addi	x0,x0,0	  x0:0x00000000
        7855000	       784	80001858	41dd04b3	sub	x9,x26,x29	 x26:0x038f2e19 x29:0x00000001  x9=0x038f2e18
        7865000	       785	8000185c	0174df33	srl	x30,x9,x23	  x9:0x038f2e18 x23:0x00000000 x30=0x038f2e18
        7875000	       786	80001860	c44ebf93	sltiu	x31,x29,-956	 x29:0x00000001 x31=0x00000001
        7885000	       787	80001864	00660613	addi	x12,x12,6	 x12:0x0000000c x12=0x00000012
        7895000	       788	80001868	0068c233	xor	x4,x17,x6	 x17:0xfffffffb  x6:0x00000000  x4=0xfffffffb
        7905000	       789	8000186c	0123f733	and	x14,x7,x18	  x7:0xfffffff6 x18:0x0b2b1000 x14=0x0b2b1000
        7915000	       790	80001870	fe8614e3	bne	x12,x8,80001858	 x12:0x00000012  x8:0x00000012
        7925000	       791	80001874	01da3933	sltu	x18,x20,x29	 x20:0x001006c3 x29:0x00000001 x18=0x00000000
        7935000	       792	80001878	ffc00893	addi	x17,x0,-4	  x0:0x00000000 x17=0xfffffffc
        7945000	       793	8000187c	4a1ffc93	andi	x25,x31,1185	 x31:0x00000001 x25=0x00000001
        7955000	       794	80001880	00a534b3	sltu	x9,x10,x10	 x10:0xfffffff3 x10:0xfffffff3  x9=0x00000000
        7965000	       795	80001884	00b00a93	addi	x21,x0,11	  x0:0x00000000 x21=0x0000000b
        7975000	       796	80001888	41568a33	sub	x20,x13,x21	 x13:0xfffffffa x21:0x0000000b x20=0xffffffef
        7985000	       797	8000188c	00b08433	add	x8,x1,x11	  x1:0xfffffff3 x11:0x00000006  x8=0xfffffff9
        7995000	       798	80001890	00188893	addi	x17,x17,1	 x17:0xfffffffc x17=0xfffffffd
        8005000	       799	80001894	394ae513	ori	x10,x21,916	 x21:0x0000000b x10=0x0000039f
        8015000	       800	80001898	00000013	addi	x0,x0,0	  x0:0x00000000
        8025000	       801	8000189c	dddbceb7	lui	x29,0xdddbc	 x29=0xdddbc000
        8035000	       802	800018a0	ff5894e3	bne	x17,x21,80001888	 x17:0xfffffffd x21:0x0000000b
        8045000	       803	00000000	00000013	addi	x0,x0,0	  x0:0x00000000
        8055000	       804	80001884	00000013	addi	x0,x0,0	  x0:0x00000000
        8065000	       805	80001888	41568a33	sub	x20,x13,x21	 x13:0xfffffffa x21:0x0000000b x20=0xffffffef
        8075000	       806	8000188c	00b08433	add	x8,x1,x11	  x1:0xfffffff3 x11:0x00000006  x8=0xfffffff9
        8085000	       807	80001890	00188893	addi	x17,x17,1	 x17:0xfffffffd x17=0xfffffffe
        8095000	       808	80001894	394ae513	ori	x10,x21,916	 x21:0x0000000b x10=0x0000039f
        8105000	       809	80001898	00000013	addi	x0,x0,0	  x0:0x00000000
        8115000	       810	8000189c	dddbceb7	lui	x29,0xdddbc	 x29=0xdddbc000
        8125000	       811	800018a0	ff5894e3	bne	x17,x21,80001888	 x17:0xfffffffe x21:0x0000000b
        8135000	       812	00000000	00000013	addi	x0,x0,0	  x0:0x00000000
        8145000	       813	80001884	00000013	addi	x0,x0,0	  x0:0x00000000
        8155000	       814	80001888	41568a33	sub	x20,x13,x21	 x13:0xfffffffa x21:0x0000000b x20=0xffffffef
        8165000	       815	8000188c	00b08433	add	x8,x1,x11	  x1:0xfffffff3 x11:0x00000006  x8=0xfffffff9
        8175000	       816	80001890	00188893	addi	x17,x17,1	 x17:0xfffffffe x17=0xffffffff
        8185000	       817	80001894	394ae513	ori	x10,x21,916	 x21:0x0000000b x10=0x0000039f
        8195000	       818	80001898	00000013	addi	x0,x0,0	  x0:0x00000000
        8205000	       819	8000189c	dddbceb7	lui	x29,0xdddbc	 x29=0xdddbc000
        8215000	       820	800018a0	ff5894e3	bne	x17,x21,80001888	 x17:0xffffffff x21:0x0000000b
        8225000	       821	00000000	00000013	addi	x0,x0,0	  x0:0x00000000
        8235000	       822	80001884	00000013	addi	x0,x0,0	  x0:0x00000000
        8245000	       823	80001888	41568a33	sub	x20,x13,x21	 x13:0xfffffffa x21:0x0000000b x20=0xffffffef
        8255000	       824	8000188c	00b08433	add	x8,x1,x11	  x1:0xfffffff3 x11:0x00000006  x8=0xfffffff9
        8265000	       825	80001890	00188893	addi	x17,x17,1	 x17:0xffffffff x17=0x00000000
        8275000	       826	80001894	394ae513	ori	x10,x21,916	 x21:0x0000000b x10=0x0000039f
        8285000	       827	80001898	00000013	addi	x0,x0,0	  x0:0x00000000
        8295000	       828	8000189c	dddbceb7	lui	x29,0xdddbc	 x29=0xdddbc000
        8305000	       829	800018a0	ff5894e3	bne	x17,x21,80001888	 x17:0x00000000 x21:0x0000000b
        8315000	       830	00000000	00000013	addi	x0,x0,0	  x0:0x00000000
        8325000	       831	80001884	00000013	addi	x0,x0,0	  x0:0x00000000
        8335000	       832	80001888	41568a33	sub	x20,x13,x21	 x13:0xfffffffa x21:0x0000000b x20=0xffffffef
        8345000	       833	8000188c	00b08433	add	x8,x1,x11	  x1:0xfffffff3 x11:0x00000006  x8=0xfffffff9
        8355000	       834	80001890	00188893	addi	x17,x17,1	 x17:0x00000000 x17=0x00000001
        8365000	       835	80001894	394ae513	ori	x10,x21,916	 x21:0x0000000b x10=0x0000039f
        8375000	       836	80001898	00000013	addi	x0,x0,0	  x0:0x00000000
        8385000	       837	8000189c	dddbceb7	lui	x29,0xdddbc	 x29=0xdddbc000
        8395000	       838	800018a0	ff5894e3	bne	x17,x21,80001888	 x17:0x00000001 x21:0x0000000b
        8405000	       839	00000000	00000013	addi	x0,x0,0	  x0:0x00000000
        8415000	       840	80001884	00000013	addi	x0,x0,0	  x0:0x00000000
        8425000	       841	80001888	41568a33	sub	x20,x13,x21	 x13:0xfffffffa x21:0x0000000b x20=0xffffffef
        8435000	       842	8000188c	00b08433	add	x8,x1,x11	  x1:0xfffffff3 x11:0x00000006  x8=0xfffffff9
        8445000	       843	80001890	00188893	addi	x17,x17,1	 x17:0x00000001 x17=0x00000002
        8455000	       844	80001894	394ae513	ori	x10,x21,916	 x21:0x0000000b x10=0x0000039f
        8465000	       845	80001898	00000013	addi	x0,x0,0	  x0:0x00000000
        8475000	       846	8000189c	dddbceb7	lui	x29,0xdddbc	 x29=0xdddbc000
        8485000	       847	800018a0	ff5894e3	bne	x17,x21,80001888	 x17:0x00000002 x21:0x0000000b
        8495000	       848	00000000	00000013	addi	x0,x0,0	  x0:0x00000000
        8505000	       849	80001884	00000013	addi	x0,x0,0	  x0:0x00000000
        8515000	       850	80001888	41568a33	sub	x20,x13,x21	 x13:0xfffffffa x21:0x0000000b x20=0xffffffef
        8525000	       851	8000188c	00b08433	add	x8,x1,x11	  x1:0xfffffff3 x11:0x00000006  x8=0xfffffff9
        8535000	       852	80001890	00188893	addi	x17,x17,1	 x17:0x00000002 x17=0x00000003
        8545000	       853	80001894	394ae513	ori	x10,x21,916	 x21:0x0000000b x10=0x0000039f
        8555000	       854	80001898	00000013	addi	x0,x0,0	  x0:0x00000000
        8565000	       855	8000189c	dddbceb7	lui	x29,0xdddbc	 x29=0xdddbc000
        8575000	       856	800018a0	ff5894e3	bne	x17,x21,80001888	 x17:0x00000003 x21:0x0000000b
        8585000	       857	00000000	00000013	addi	x0,x0,0	  x0:0x00000000
        8595000	       858	80001884	00000013	addi	x0,x0,0	  x0:0x00000000
        8605000	       859	80001888	41568a33	sub	x20,x13,x21	 x13:0xfffffffa x21:0x0000000b x20=0xffffffef
        8615000	       860	8000188c	00b08433	add	x8,x1,x11	  x1:0xfffffff3 x11:0x00000006  x8=0xfffffff9
        8625000	       861	80001890	00188893	addi	x17,x17,1	 x17:0x00000003 x17=0x00000004
        8635000	       862	80001894	394ae513	ori	x10,x21,916	 x21:0x0000000b x10=0x0000039f
        8645000	       863	80001898	00000013	addi	x0,x0,0	  x0:0x00000000
        8655000	       864	8000189c	dddbceb7	lui	x29,0xdddbc	 x29=0xdddbc000
        8665000	       865	800018a0	ff5894e3	bne	x17,x21,80001888	 x17:0x00000004 x21:0x0000000b
        8675000	       866	00000000	00000013	addi	x0,x0,0	  x0:0x00000000
        8685000	       867	80001884	00000013	addi	x0,x0,0	  x0:0x00000000
        8695000	       868	80001888	41568a33	sub	x20,x13,x21	 x13:0xfffffffa x21:0x0000000b x20=0xffffffef
        8705000	       869	8000188c	00b08433	add	x8,x1,x11	  x1:0xfffffff3 x11:0x00000006  x8=0xfffffff9
        8715000	       870	80001890	00188893	addi	x17,x17,1	 x17:0x00000004 x17=0x00000005
        8725000	       871	80001894	394ae513	ori	x10,x21,916	 x21:0x0000000b x10=0x0000039f
        8735000	       872	80001898	00000013	addi	x0,x0,0	  x0:0x00000000
        8745000	       873	8000189c	dddbceb7	lui	x29,0xdddbc	 x29=0xdddbc000
        8755000	       874	800018a0	ff5894e3	bne	x17,x21,80001888	 x17:0x00000005 x21:0x0000000b
        8765000	       875	00000000	00000013	addi	x0,x0,0	  x0:0x00000000
        8775000	       876	80001884	00000013	addi	x0,x0,0	  x0:0x00000000
        8785000	       877	80001888	41568a33	sub	x20,x13,x21	 x13:0xfffffffa x21:0x0000000b x20=0xffffffef
        8795000	       878	8000188c	00b08433	add	x8,x1,x11	  x1:0xfffffff3 x11:0x00000006  x8=0xfffffff9
        8805000	       879	80001890	00188893	addi	x17,x17,1	 x17:0x00000005 x17=0x00000006
        8815000	       880	80001894	394ae513	ori	x10,x21,916	 x21:0x0000000b x10=0x0000039f
        8825000	       881	80001898	00000013	addi	x0,x0,0	  x0:0x00000000
        8835000	       882	8000189c	dddbceb7	lui	x29,0xdddbc	 x29=0xdddbc000
        8845000	       883	800018a0	ff5894e3	bne	x17,x21,80001888	 x17:0x00000006 x21:0x0000000b
        8855000	       884	00000000	00000013	addi	x0,x0,0	  x0:0x00000000
        8865000	       885	80001884	00000013	addi	x0,x0,0	  x0:0x00000000
        8875000	       886	80001888	41568a33	sub	x20,x13,x21	 x13:0xfffffffa x21:0x0000000b x20=0xffffffef
        8885000	       887	8000188c	00b08433	add	x8,x1,x11	  x1:0xfffffff3 x11:0x00000006  x8=0xfffffff9
        8895000	       888	80001890	00188893	addi	x17,x17,1	 x17:0x00000006 x17=0x00000007
        8905000	       889	80001894	394ae513	ori	x10,x21,916	 x21:0x0000000b x10=0x0000039f
        8915000	       890	80001898	00000013	addi	x0,x0,0	  x0:0x00000000
        8925000	       891	8000189c	dddbceb7	lui	x29,0xdddbc	 x29=0xdddbc000
        8935000	       892	800018a0	ff5894e3	bne	x17,x21,80001888	 x17:0x00000007 x21:0x0000000b
        8945000	       893	00000000	00000013	addi	x0,x0,0	  x0:0x00000000
        8955000	       894	80001884	00000013	addi	x0,x0,0	  x0:0x00000000
        8965000	       895	80001888	41568a33	sub	x20,x13,x21	 x13:0xfffffffa x21:0x0000000b x20=0xffffffef
        8975000	       896	8000188c	00b08433	add	x8,x1,x11	  x1:0xfffffff3 x11:0x00000006  x8=0xfffffff9
        8985000	       897	80001890	00188893	addi	x17,x17,1	 x17:0x00000007 x17=0x00000008
        8995000	       898	80001894	394ae513	ori	x10,x21,916	 x21:0x0000000b x10=0x0000039f
        9005000	       899	80001898	00000013	addi	x0,x0,0	  x0:0x00000000
        9015000	       900	8000189c	dddbceb7	lui	x29,0xdddbc	 x29=0xdddbc000
        9025000	       901	800018a0	ff5894e3	bne	x17,x21,80001888	 x17:0x00000008 x21:0x0000000b
        9035000	       902	00000000	00000013	addi	x0,x0,0	  x0:0x00000000
        9045000	       903	80001884	00000013	addi	x0,x0,0	  x0:0x00000000
        9055000	       904	80001888	41568a33	sub	x20,x13,x21	 x13:0xfffffffa x21:0x0000000b x20=0xffffffef
        9065000	       905	8000188c	00b08433	add	x8,x1,x11	  x1:0xfffffff3 x11:0x00000006  x8=0xfffffff9
        9075000	       906	80001890	00188893	addi	x17,x17,1	 x17:0x00000008 x17=0x00000009
        9085000	       907	80001894	394ae513	ori	x10,x21,916	 x21:0x0000000b x10=0x0000039f
        9095000	       908	80001898	00000013	addi	x0,x0,0	  x0:0x00000000
        9105000	       909	8000189c	dddbceb7	lui	x29,0xdddbc	 x29=0xdddbc000
        9115000	       910	800018a0	ff5894e3	bne	x17,x21,80001888	 x17:0x00000009 x21:0x0000000b
        9125000	       911	00000000	00000013	addi	x0,x0,0	  x0:0x00000000
        9135000	       912	80001884	00000013	addi	x0,x0,0	  x0:0x00000000
        9145000	       913	80001888	41568a33	sub	x20,x13,x21	 x13:0xfffffffa x21:0x0000000b x20=0xffffffef
        9155000	       914	8000188c	00b08433	add	x8,x1,x11	  x1:0xfffffff3 x11:0x00000006  x8=0xfffffff9
        9165000	       915	80001890	00188893	addi	x17,x17,1	 x17:0x00000009 x17=0x0000000a
        9175000	       916	80001894	394ae513	ori	x10,x21,916	 x21:0x0000000b x10=0x0000039f
        9185000	       917	80001898	00000013	addi	x0,x0,0	  x0:0x00000000
        9195000	       918	8000189c	dddbceb7	lui	x29,0xdddbc	 x29=0xdddbc000
        9205000	       919	800018a0	ff5894e3	bne	x17,x21,80001888	 x17:0x0000000a x21:0x0000000b
        9215000	       920	00000000	00000013	addi	x0,x0,0	  x0:0x00000000
        9225000	       921	80001884	00000013	addi	x0,x0,0	  x0:0x00000000
        9235000	       922	80001888	41568a33	sub	x20,x13,x21	 x13:0xfffffffa x21:0x0000000b x20=0xffffffef
        9245000	       923	8000188c	00b08433	add	x8,x1,x11	  x1:0xfffffff3 x11:0x00000006  x8=0xfffffff9
        9255000	       924	80001890	00188893	addi	x17,x17,1	 x17:0x0000000a x17=0x0000000b
        9265000	       925	80001894	394ae513	ori	x10,x21,916	 x21:0x0000000b x10=0x0000039f
        9275000	       926	80001898	00000013	addi	x0,x0,0	  x0:0x00000000
        9285000	       927	8000189c	dddbceb7	lui	x29,0xdddbc	 x29=0xdddbc000
        9295000	       928	800018a0	ff5894e3	bne	x17,x21,80001888	 x17:0x0000000b x21:0x0000000b
        9305000	       929	800018a4	82ec2793	slti	x15,x24,-2002	 x24:0x8e1a3ce1 x15=0x00000001
        9315000	       930	800018a8	ff700293	addi	x5,x0,-9	  x0:0x00000000  x5=0xfffffff7
        9325000	       931	800018ac	fef00c93	addi	x25,x0,-17	  x0:0x00000000 x25=0xffffffef
        9335000	       932	800018b0	402907b3	sub	x15,x18,x2	 x18:0x00000000  x2:0x00000001 x15=0xffffffff
        9345000	       933	800018b4	ffc28293	addi	x5,x5,-4	  x5:0xfffffff7  x5=0xfffffff3
        9355000	       934	800018b8	8e4e6593	ori	x11,x28,-1820	 x28:0x80009f28 x11=0xffffffec
        9365000	       935	800018bc	40a28b33	sub	x22,x5,x10	  x5:0xfffffff3 x10:0x0000039f x22=0xfffffc54
        9375000	       936	800018c0	70b36837	lui	x16,0x70b36	 x16=0x70b36000
        9385000	       937	800018c4	00275813	srli	x16,x14,0x2	 x14:0x0b2b1000 x16=0x02cac400
        9395000	       938	800018c8	6f2fca13	xori	x20,x31,1778	 x31:0x00000001 x20=0x000006f3
        9405000	       939	800018cc	ff9282e3	beq	x5,x25,800018b0	  x5:0xfffffff3 x25:0xffffffef
        9415000	       940	800018d0	284bc393	xori	x7,x23,644	 x23:0x00000000  x7=0x00000284
        9425000	       941	800018d4	ff700313	addi	x6,x0,-9	  x0:0x00000000  x6=0xfffffff7
        9435000	       942	800018d8	dba70c13	addi	x24,x14,-582	 x14:0x0b2b1000 x24=0x0b2b0dba
        9445000	       943	800018dc	ff000693	addi	x13,x0,-16	  x0:0x00000000 x13=0xfffffff0
        9455000	       944	800018e0	41c055b3	sra	x11,x0,x28	  x0:0x00000000 x28:0x80009f28 x11=0x00000000
        9465000	       945	800018e4	0004f3b3	and	x7,x9,x0	  x9:0x00000000  x0:0x00000000  x7=0x00000000
        9475000	       946	800018e8	008c42b3	xor	x5,x24,x8	 x24:0x0b2b0dba  x8:0xfffffff9  x5=0xf4d4f243
        9485000	       947	800018ec	ffd30313	addi	x6,x6,-3	  x6:0xfffffff7  x6=0xfffffff4
        9495000	       948	800018f0	00a00a13	addi	x20,x0,10	  x0:0x00000000 x20=0x0000000a
        9505000	       949	800018f4	00c99493	slli	x9,x19,0xc	 x19:0xfffffff6  x9=0xffff6000
        9515000	       950	800018f8	415d5733	sra	x14,x26,x21	 x26:0x038f2e19 x21:0x0000000b x14=0x000071e5
        9525000	       951	800018fc	00800893	addi	x17,x0,8	  x0:0x00000000 x17=0x00000008
        9535000	       952	80001900	00c14733	xor	x14,x2,x12	  x2:0x00000001 x12:0x00000012 x14=0x00000013
        9545000	       953	80001904	ffea0a13	addi	x20,x20,-2	 x20:0x0000000a x20=0x00000008
        9555000	       954	80001908	00e1e0b3	or	x1,x3,x14	  x3:0x00000001 x14:0x00000013  x1=0x00000013
        9565000	       955	8000190c	ff1a7ae3	bgeu	x20,x17,80001900	 x20:0x00000008 x17:0x00000008
        9575000	       956	00000000	00000013	addi	x0,x0,0	  x0:0x00000000
        9585000	       957	800018fc	00000013	addi	x0,x0,0	  x0:0x00000000
        9595000	       958	80001900	00c14733	xor	x14,x2,x12	  x2:0x00000001 x12:0x00000012 x14=0x00000013
        9605000	       959	80001904	ffea0a13	addi	x20,x20,-2	 x20:0x00000008 x20=0x00000006
        9615000	       960	80001908	00e1e0b3	or	x1,x3,x14	  x3:0x00000001 x14:0x00000013  x1=0x00000013
        9625000	       961	8000190c	ff1a7ae3	bgeu	x20,x17,80001900	 x20:0x00000006 x17:0x00000008
        9635000	       962	80001910	fcd35ce3	bge	x6,x13,800018e8	  x6:0xfffffff4 x13:0xfffffff0
        9645000	       963	00000000	00000013	addi	x0,x0,0	  x0:0x00000000
        9655000	       964	800018e4	00000013	addi	x0,x0,0	  x0:0x00000000
        9665000	       965	800018e8	008c42b3	xor	x5,x24,x8	 x24:0x0b2b0dba  x8:0xfffffff9  x5=0xf4d4f243
        9675000	       966	800018ec	ffd30313	addi	x6,x6,-3	  x6:0xfffffff4  x6=0xfffffff1
        9685000	       967	800018f0	00a00a13	addi	x20,x0,10	  x0:0x00000000 x20=0x0000000a
        9695000	       968	800018f4	00c99493	slli	x9,x19,0xc	 x19:0xfffffff6  x9=0xffff6000
        9705000	       969	800018f8	415d5733	sra	x14,x26,x21	 x26:0x038f2e19 x21:0x0000000b x14=0x000071e5
        9715000	       970	800018fc	00800893	addi	x17,x0,8	  x0:0x00000000 x17=0x00000008
        9725000	       971	80001900	00c14733	xor	x14,x2,x12	  x2:0x00000001 x12:0x00000012 x14=0x00000013
        9735000	       972	80001904	ffea0a13	addi	x20,x20,-2	 x20:0x0000000a x20=0x00000008
        9745000	       973	80001908	00e1e0b3	or	x1,x3,x14	  x3:0x00000001 x14:0x00000013  x1=0x00000013
        9755000	       974	8000190c	ff1a7ae3	bgeu	x20,x17,80001900	 x20:0x00000008 x17:0x00000008
        9765000	       975	00000000	00000013	addi	x0,x0,0	  x0:0x00000000
        9775000	       976	800018fc	00000013	addi	x0,x0,0	  x0:0x00000000
        9785000	       977	80001900	00c14733	xor	x14,x2,x12	  x2:0x00000001 x12:0x00000012 x14=0x00000013
        9795000	       978	80001904	ffea0a13	addi	x20,x20,-2	 x20:0x00000008 x20=0x00000006
        9805000	       979	80001908	00e1e0b3	or	x1,x3,x14	  x3:0x00000001 x14:0x00000013  x1=0x00000013
        9815000	       980	8000190c	ff1a7ae3	bgeu	x20,x17,80001900	 x20:0x00000006 x17:0x00000008
        9825000	       981	80001910	fcd35ce3	bge	x6,x13,800018e8	  x6:0xfffffff1 x13:0xfffffff0
        9835000	       982	00000000	00000013	addi	x0,x0,0	  x0:0x00000000
        9845000	       983	800018e4	00000013	addi	x0,x0,0	  x0:0x00000000
        9855000	       984	800018e8	008c42b3	xor	x5,x24,x8	 x24:0x0b2b0dba  x8:0xfffffff9  x5=0xf4d4f243
        9865000	       985	800018ec	ffd30313	addi	x6,x6,-3	  x6:0xfffffff1  x6=0xffffffee
        9875000	       986	800018f0	00a00a13	addi	x20,x0,10	  x0:0x00000000 x20=0x0000000a
        9885000	       987	800018f4	00c99493	slli	x9,x19,0xc	 x19:0xfffffff6  x9=0xffff6000
        9895000	       988	800018f8	415d5733	sra	x14,x26,x21	 x26:0x038f2e19 x21:0x0000000b x14=0x000071e5
        9905000	       989	800018fc	00800893	addi	x17,x0,8	  x0:0x00000000 x17=0x00000008
        9915000	       990	80001900	00c14733	xor	x14,x2,x12	  x2:0x00000001 x12:0x00000012 x14=0x00000013
        9925000	       991	80001904	ffea0a13	addi	x20,x20,-2	 x20:0x0000000a x20=0x00000008
        9935000	       992	80001908	00e1e0b3	or	x1,x3,x14	  x3:0x00000001 x14:0x00000013  x1=0x00000013
        9945000	       993	8000190c	ff1a7ae3	bgeu	x20,x17,80001900	 x20:0x00000008 x17:0x00000008
        9955000	       994	00000000	00000013	addi	x0,x0,0	  x0:0x00000000
        9965000	       995	800018fc	00000013	addi	x0,x0,0	  x0:0x00000000
        9975000	       996	80001900	00c14733	xor	x14,x2,x12	  x2:0x00000001 x12:0x00000012 x14=0x00000013
        9985000	       997	80001904	ffea0a13	addi	x20,x20,-2	 x20:0x00000008 x20=0x00000006
        9995000	       998	80001908	00e1e0b3	or	x1,x3,x14	  x3:0x00000001 x14:0x00000013  x1=0x00000013
       10005000	       999	8000190c	ff1a7ae3	bgeu	x20,x17,80001900	 x20:0x00000006 x17:0x00000008
       10015000	      1000	80001910	fcd35ce3	bge	x6,x13,800018e8	  x6:0xffffffee x13:0xfffffff0
       10025000	      1001	80001914	01b51933	sll	x18,x10,x27	 x10:0x0000039f x27:0x80009fc4 x18=0x000039f0
       10035000	      1002	80001918	00000113	addi	x2,x0,0	  x0:0x00000000  x2=0x00000000
       10045000	      1003	8000191c	0011c333	xor	x6,x3,x1	  x3:0x00000001  x1:0x00000013  x6=0x00000012
       10055000	      1004	80001920	b6b62b13	slti	x22,x12,-1173	 x12:0x00000012 x22=0x00000000
       10065000	      1005	80001924	40805893	srai	x17,x0,0x8	  x0:0x00000000 x17=0x00000000
       10075000	      1006	80001928	500fa937	lui	x18,0x500fa	 x18=0x500fa000
       10085000	      1007	8000192c	01aac0b3	xor	x1,x21,x26	 x21:0x0000000b x26:0x038f2e19  x1=0x038f2e12
       10095000	      1008	80001930	4118d7b3	sra	x15,x17,x17	 x17:0x00000000 x17:0x00000000 x15=0x00000000
       10105000	      1009	80001934	010d5793	srli	x15,x26,0x10	 x26:0x038f2e19 x15=0x0000038f
       10115000	      1010	80001938	00400613	addi	x12,x0,4	  x0:0x00000000 x12=0x00000004
       10125000	      1011	8000193c	01d75ab3	srl	x21,x14,x29	 x14:0x00000013 x29:0xdddbc000 x21=0x00000013
       10135000	      1012	80001940	00932733	slt	x14,x6,x9	  x6:0x00000012  x9:0xffff6000 x14=0x00000000
       10145000	      1013	80001944	01cddfb3	srl	x31,x27,x28	 x27:0x80009fc4 x28:0x80009f28 x31=0x0080009f
       10155000	      1014	80001948	00410113	addi	x2,x2,4	  x2:0x00000000  x2=0x00000004
       10165000	      1015	8000194c	01069413	slli	x8,x13,0x10	 x13:0xfffffff0  x8=0xfff00000
       10175000	      1016	80001950	f17cf413	andi	x8,x25,-233	 x25:0xffffffef  x8=0xffffff07
       10185000	      1017	80001954	ffb00c13	addi	x24,x0,-5	  x0:0x00000000 x24=0xfffffffb
       10195000	      1018	80001958	ff100e93	addi	x29,x0,-15	  x0:0x00000000 x29=0xfffffff1
       10205000	      1019	8000195c	018f2533	slt	x10,x30,x24	 x30:0x038f2e18 x24:0xfffffffb x10=0x00000000
       10215000	      1020	80001960	40d182b3	sub	x5,x3,x13	  x3:0x00000001 x13:0xfffffff0  x5=0x00000011
       10225000	      1021	80001964	ffcc0c13	addi	x24,x24,-4	 x24:0xfffffffb x24=0xfffffff7
       10235000	      1022	80001968	0092c913	xori	x18,x5,9	  x5:0x00000011 x18=0x00000018
       10245000	      1023	8000196c	00d3fcb3	and	x25,x7,x13	  x7:0x00000000 x13:0xfffffff0 x25=0x00000000
       10255000	      1024	80001970	ffdc58e3	bge	x24,x29,80001960	 x24:0xfffffff7 x29:0xfffffff1
       10265000	      1025	00000000	00000013	addi	x0,x0,0	  x0:0x00000000
       10275000	      1026	8000195c	00000013	addi	x0,x0,0	  x0:0x00000000
       10285000	      1027	80001960	40d182b3	sub	x5,x3,x13	  x3:0x00000001 x13:0xfffffff0  x5=0x00000011
       10295000	      1028	80001964	ffcc0c13	addi	x24,x24,-4	 x24:0xfffffff7 x24=0xfffffff3
       10305000	      1029	80001968	0092c913	xori	x18,x5,9	  x5:0x00000011 x18=0x00000018
       10315000	      1030	8000196c	00d3fcb3	and	x25,x7,x13	  x7:0x00000000 x13:0xfffffff0 x25=0x00000000
       10325000	      1031	80001970	ffdc58e3	bge	x24,x29,80001960	 x24:0xfffffff3 x29:0xfffffff1
       10335000	      1032	00000000	00000013	addi	x0,x0,0	  x0:0x00000000
       10345000	      1033	8000195c	00000013	addi	x0,x0,0	  x0:0x00000000
       10355000	      1034	80001960	40d182b3	sub	x5,x3,x13	  x3:0x00000001 x13:0xfffffff0  x5=0x00000011
       10365000	      1035	80001964	ffcc0c13	addi	x24,x24,-4	 x24:0xfffffff3 x24=0xffffffef
       10375000	      1036	80001968	0092c913	xori	x18,x5,9	  x5:0x00000011 x18=0x00000018
       10385000	      1037	8000196c	00d3fcb3	and	x25,x7,x13	  x7:0x00000000 x13:0xfffffff0 x25=0x00000000
       10395000	      1038	80001970	ffdc58e3	bge	x24,x29,80001960	 x24:0xffffffef x29:0xfffffff1
       10405000	      1039	80001974	0136b8b3	sltu	x17,x13,x19	 x13:0xfffffff0 x19:0xfffffff6 x17=0x00000001
       10415000	      1040	80001978	fcc104e3	beq	x2,x12,80001940	  x2:0x00000004 x12:0x00000004
       10425000	      1041	00000000	00000013	addi	x0,x0,0	  x0:0x00000000
       10435000	      1042	8000193c	00000013	addi	x0,x0,0	  x0:0x00000000
       10445000	      1043	80001940	00932733	slt	x14,x6,x9	  x6:0x00000012  x9:0xffff6000 x14=0x00000000
       10455000	      1044	80001944	01cddfb3	srl	x31,x27,x28	 x27:0x80009fc4 x28:0x80009f28 x31=0x0080009f
       10465000	      1045	80001948	00410113	addi	x2,x2,4	  x2:0x00000004  x2=0x00000008
       10475000	      1046	8000194c	01069413	slli	x8,x13,0x10	 x13:0xfffffff0  x8=0xfff00000
       10485000	      1047	80001950	f17cf413	andi	x8,x25,-233	 x25:0x00000000  x8=0x00000000
       10495000	      1048	80001954	ffb00c13	addi	x24,x0,-5	  x0:0x00000000 x24=0xfffffffb
       10505000	      1049	80001958	ff100e93	addi	x29,x0,-15	  x0:0x00000000 x29=0xfffffff1
       10515000	      1050	8000195c	018f2533	slt	x10,x30,x24	 x30:0x038f2e18 x24:0xfffffffb x10=0x00000000
       10525000	      1051	80001960	40d182b3	sub	x5,x3,x13	  x3:0x00000001 x13:0xfffffff0  x5=0x00000011
       10535000	      1052	80001964	ffcc0c13	addi	x24,x24,-4	 x24:0xfffffffb x24=0xfffffff7
       10545000	      1053	80001968	0092c913	xori	x18,x5,9	  x5:0x00000011 x18=0x00000018
       10555000	      1054	8000196c	00d3fcb3	and	x25,x7,x13	  x7:0x00000000 x13:0xfffffff0 x25=0x00000000
       10565000	      1055	80001970	ffdc58e3	bge	x24,x29,80001960	 x24:0xfffffff7 x29:0xfffffff1
       10575000	      1056	00000000	00000013	addi	x0,x0,0	  x0:0x00000000
       10585000	      1057	8000195c	00000013	addi	x0,x0,0	  x0:0x00000000
       10595000	      1058	80001960	40d182b3	sub	x5,x3,x13	  x3:0x00000001 x13:0xfffffff0  x5=0x00000011
       10605000	      1059	80001964	ffcc0c13	addi	x24,x24,-4	 x24:0xfffffff7 x24=0xfffffff3
       10615000	      1060	80001968	0092c913	xori	x18,x5,9	  x5:0x00000011 x18=0x00000018
       10625000	      1061	8000196c	00d3fcb3	and	x25,x7,x13	  x7:0x00000000 x13:0xfffffff0 x25=0x00000000
       10635000	      1062	80001970	ffdc58e3	bge	x24,x29,80001960	 x24:0xfffffff3 x29:0xfffffff1
       10645000	      1063	00000000	00000013	addi	x0,x0,0	  x0:0x00000000
       10655000	      1064	8000195c	00000013	addi	x0,x0,0	  x0:0x00000000
       10665000	      1065	80001960	40d182b3	sub	x5,x3,x13	  x3:0x00000001 x13:0xfffffff0  x5=0x00000011
       10675000	      1066	80001964	ffcc0c13	addi	x24,x24,-4	 x24:0xfffffff3 x24=0xffffffef
       10685000	      1067	80001968	0092c913	xori	x18,x5,9	  x5:0x00000011 x18=0x00000018
       10695000	      1068	8000196c	00d3fcb3	and	x25,x7,x13	  x7:0x00000000 x13:0xfffffff0 x25=0x00000000
       10705000	      1069	80001970	ffdc58e3	bge	x24,x29,80001960	 x24:0xffffffef x29:0xfffffff1
       10715000	      1070	80001974	0136b8b3	sltu	x17,x13,x19	 x13:0xfffffff0 x19:0xfffffff6 x17=0x00000001
       10725000	      1071	80001978	fcc104e3	beq	x2,x12,80001940	  x2:0x00000008 x12:0x00000004
       10735000	      1072	8000197c	010868b3	or	x17,x16,x16	 x16:0x02cac400 x16:0x02cac400 x17=0x02cac400
       10745000	      1073	80001980	ff800113	addi	x2,x0,-8	  x0:0x00000000  x2=0xfffffff8
       10755000	      1074	80001984	4dc68c13	addi	x24,x13,1244	 x13:0xfffffff0 x24=0x000004cc
       10765000	      1075	80001988	8026dab7	lui	x21,0x8026d	 x21=0x8026d000
       10775000	      1076	8000198c	006108b3	add	x17,x2,x6	  x2:0xfffffff8  x6:0x00000012 x17=0x0000000a
       10785000	      1077	80001990	a99cca93	xori	x21,x25,-1383	 x25:0x00000000 x21=0xfffffa99
       10795000	      1078	80001994	4179de93	srai	x29,x19,0x17	 x19:0xfffffff6 x29=0xffffffff
       10805000	      1079	80001998	00d00093	addi	x1,x0,13	  x0:0x00000000  x1=0x0000000d
       10815000	      1080	8000199c	00795593	srli	x11,x18,0x7	 x18:0x00000018 x11=0x00000000
       10825000	      1081	800019a0	014c2233	slt	x4,x24,x20	 x24:0x000004cc x20:0x00000006  x4=0x00000000
       10835000	      1082	800019a4	01d6e2b3	or	x5,x13,x29	 x13:0xfffffff0 x29:0xffffffff  x5=0xffffffff
       10845000	      1083	800019a8	4161d1b3	sra	x3,x3,x22	  x3:0x00000001 x22:0x00000000  x3=0x00000001
       10855000	      1084	800019ac	40df59b3	sra	x19,x30,x13	 x30:0x038f2e18 x13:0xfffffff0 x19=0x0000038f
       10865000	      1085	800019b0	00810113	addi	x2,x2,8	  x2:0xfffffff8  x2=0x00000000
       10875000	      1086	800019b4	4267ac13	slti	x24,x15,1062	 x15:0x0000038f x24=0x00000001
       10885000	      1087	800019b8	40ff51b3	sra	x3,x30,x15	 x30:0x038f2e18 x15:0x0000038f  x3=0x0000071e
       10895000	      1088	800019bc	00600f93	addi	x31,x0,6	  x0:0x00000000 x31=0x00000006
       10905000	      1089	800019c0	403c0233	sub	x4,x24,x3	 x24:0x00000001  x3:0x0000071e  x4=0xfffff8e3
       10915000	      1090	800019c4	01400413	addi	x8,x0,20	  x0:0x00000000  x8=0x00000014
       10925000	      1091	800019c8	7df48a17	auipc	x20,0x7df48	 x20=0xfdf499c4
       10935000	      1092	800019cc	2598ca93	xori	x21,x17,601	 x17:0x0000000a x21=0x00000253
       10945000	      1093	800019d0	010cdf13	srli	x30,x25,0x10	 x25:0x00000000 x30=0x00000000
       10955000	      1094	800019d4	01800ab3	add	x21,x0,x24	  x0:0x00000000 x24:0x00000001 x21=0x00000001
       10965000	      1095	800019d8	007f8f93	addi	x31,x31,7	 x31:0x00000006 x31=0x0000000d
       10975000	      1096	800019dc	01a7a033	slt	x0,x15,x26	 x15:0x0000038f x26:0x038f2e19
       10985000	      1097	800019e0	fe8f86e3	beq	x31,x8,800019cc	 x31:0x0000000d  x8:0x00000014
       10995000	      1098	800019e4	d15de713	ori	x14,x27,-747	 x27:0x80009fc4 x14=0xffffffd5
       11005000	      1099	800019e8	fa116ce3	bltu	x2,x1,800019a0	  x2:0x00000000  x1:0x0000000d
       11015000	      1100	00000000	00000013	addi	x0,x0,0	  x0:0x00000000
       11025000	      1101	8000199c	00000013	addi	x0,x0,0	  x0:0x00000000
       11035000	      1102	800019a0	014c2233	slt	x4,x24,x20	 x24:0x00000001 x20:0xfdf499c4  x4=0x00000000
       11045000	      1103	800019a4	01d6e2b3	or	x5,x13,x29	 x13:0xfffffff0 x29:0xffffffff  x5=0xffffffff
       11055000	      1104	800019a8	4161d1b3	sra	x3,x3,x22	  x3:0x0000071e x22:0x00000000  x3=0x0000071e
       11065000	      1105	800019ac	40df59b3	sra	x19,x30,x13	 x30:0x00000000 x13:0xfffffff0 x19=0x00000000
       11075000	      1106	800019b0	00810113	addi	x2,x2,8	  x2:0x00000000  x2=0x00000008
       11085000	      1107	800019b4	4267ac13	slti	x24,x15,1062	 x15:0x0000038f x24=0x00000001
       11095000	      1108	800019b8	40ff51b3	sra	x3,x30,x15	 x30:0x00000000 x15:0x0000038f  x3=0x00000000
       11105000	      1109	800019bc	00600f93	addi	x31,x0,6	  x0:0x00000000 x31=0x00000006
       11115000	      1110	800019c0	403c0233	sub	x4,x24,x3	 x24:0x00000001  x3:0x00000000  x4=0x00000001
       11125000	      1111	800019c4	01400413	addi	x8,x0,20	  x0:0x00000000  x8=0x00000014
       11135000	      1112	800019c8	7df48a17	auipc	x20,0x7df48	 x20=0xfdf499c4
       11145000	      1113	800019cc	2598ca93	xori	x21,x17,601	 x17:0x0000000a x21=0x00000253
       11155000	      1114	800019d0	010cdf13	srli	x30,x25,0x10	 x25:0x00000000 x30=0x00000000
       11165000	      1115	800019d4	01800ab3	add	x21,x0,x24	  x0:0x00000000 x24:0x00000001 x21=0x00000001
       11175000	      1116	800019d8	007f8f93	addi	x31,x31,7	 x31:0x00000006 x31=0x0000000d
       11185000	      1117	800019dc	01a7a033	slt	x0,x15,x26	 x15:0x0000038f x26:0x038f2e19
       11195000	      1118	800019e0	fe8f86e3	beq	x31,x8,800019cc	 x31:0x0000000d  x8:0x00000014
       11205000	      1119	800019e4	d15de713	ori	x14,x27,-747	 x27:0x80009fc4 x14=0xffffffd5
       11215000	      1120	800019e8	fa116ce3	bltu	x2,x1,800019a0	  x2:0x00000008  x1:0x0000000d
       11225000	      1121	00000000	00000013	addi	x0,x0,0	  x0:0x00000000
       11235000	      1122	8000199c	00000013	addi	x0,x0,0	  x0:0x00000000
       11245000	      1123	800019a0	014c2233	slt	x4,x24,x20	 x24:0x00000001 x20:0xfdf499c4  x4=0x00000000
       11255000	      1124	800019a4	01d6e2b3	or	x5,x13,x29	 x13:0xfffffff0 x29:0xffffffff  x5=0xffffffff
       11265000	      1125	800019a8	4161d1b3	sra	x3,x3,x22	  x3:0x00000000 x22:0x00000000  x3=0x00000000
       11275000	      1126	800019ac	40df59b3	sra	x19,x30,x13	 x30:0x00000000 x13:0xfffffff0 x19=0x00000000
       11285000	      1127	800019b0	00810113	addi	x2,x2,8	  x2:0x00000008  x2=0x00000010
       11295000	      1128	800019b4	4267ac13	slti	x24,x15,1062	 x15:0x0000038f x24=0x00000001
       11305000	      1129	800019b8	40ff51b3	sra	x3,x30,x15	 x30:0x00000000 x15:0x0000038f  x3=0x00000000
       11315000	      1130	800019bc	00600f93	addi	x31,x0,6	  x0:0x00000000 x31=0x00000006
       11325000	      1131	800019c0	403c0233	sub	x4,x24,x3	 x24:0x00000001  x3:0x00000000  x4=0x00000001
       11335000	      1132	800019c4	01400413	addi	x8,x0,20	  x0:0x00000000  x8=0x00000014
       11345000	      1133	800019c8	7df48a17	auipc	x20,0x7df48	 x20=0xfdf499c4
       11355000	      1134	800019cc	2598ca93	xori	x21,x17,601	 x17:0x0000000a x21=0x00000253
       11365000	      1135	800019d0	010cdf13	srli	x30,x25,0x10	 x25:0x00000000 x30=0x00000000
       11375000	      1136	800019d4	01800ab3	add	x21,x0,x24	  x0:0x00000000 x24:0x00000001 x21=0x00000001
       11385000	      1137	800019d8	007f8f93	addi	x31,x31,7	 x31:0x00000006 x31=0x0000000d
       11395000	      1138	800019dc	01a7a033	slt	x0,x15,x26	 x15:0x0000038f x26:0x038f2e19
       11405000	      1139	800019e0	fe8f86e3	beq	x31,x8,800019cc	 x31:0x0000000d  x8:0x00000014
       11415000	      1140	800019e4	d15de713	ori	x14,x27,-747	 x27:0x80009fc4 x14=0xffffffd5
       11425000	      1141	800019e8	fa116ce3	bltu	x2,x1,800019a0	  x2:0x00000010  x1:0x0000000d
       11435000	      1142	800019ec	36efca93	xori	x21,x31,878	 x31:0x0000000d x21=0x00000363
       11445000	      1143	800019f0	ff700b93	addi	x23,x0,-9	  x0:0x00000000 x23=0xfffffff7
       11455000	      1144	800019f4	3ac0f9b7	lui	x19,0x3ac0f	 x19=0x3ac0f000
       11465000	      1145	800019f8	00f00b13	addi	x22,x0,15	  x0:0x00000000 x22=0x0000000f
       11475000	      1146	800019fc	00e17fb3	and	x31,x2,x14	  x2:0x00000010 x14:0xffffffd5 x31=0x00000010
       11485000	      1147	80001a00	bffea637	lui	x12,0xbffea	 x12=0xbffea000
       11495000	      1148	80001a04	00636ab3	or	x21,x6,x6	  x6:0x00000012  x6:0x00000012 x21=0x00000012
       11505000	      1149	80001a08	001770b3	and	x1,x14,x1	 x14:0xffffffd5  x1:0x0000000d  x1=0x00000005
       11515000	      1150	80001a0c	008b8b93	addi	x23,x23,8	 x23:0xfffffff7 x23=0xffffffff
       11525000	      1151	80001a10	0104c1b3	xor	x3,x9,x16	  x9:0xffff6000 x16:0x02cac400  x3=0xfd35a400
       11535000	      1152	80001a14	ff800413	addi	x8,x0,-8	  x0:0x00000000  x8=0xfffffff8
       11545000	      1153	80001a18	018ce8b3	or	x17,x25,x24	 x25:0x00000000 x24:0x00000001 x17=0x00000001
       11555000	      1154	80001a1c	206d3693	sltiu	x13,x26,518	 x26:0x038f2e19 x13=0x00000000
       11565000	      1155	80001a20	00057ab3	and	x21,x10,x0	 x10:0x00000000  x0:0x00000000 x21=0x00000000
       11575000	      1156	80001a24	00000013	addi	x0,x0,0	  x0:0x00000000
       11585000	      1157	80001a28	ffe00c13	addi	x24,x0,-2	  x0:0x00000000 x24=0xfffffffe
       11595000	      1158	80001a2c	07ff0613	addi	x12,x30,127	 x30:0x00000000 x12=0x0000007f
       11605000	      1159	80001a30	b33ff893	andi	x17,x31,-1229	 x31:0x00000010 x17=0x00000010
       11615000	      1160	80001a34	001eafb3	slt	x31,x29,x1	 x29:0xffffffff  x1:0x00000005 x31=0x00000001
       11625000	      1161	80001a38	220e7e93	andi	x29,x28,544	 x28:0x80009f28 x29=0x00000220
       11635000	      1162	80001a3c	01c5bab3	sltu	x21,x11,x28	 x11:0x00000000 x28:0x80009f28 x21=0x00000001
       11645000	      1163	80001a40	00140413	addi	x8,x8,1	  x8:0xfffffff8  x8=0xfffffff9
       11655000	      1164	80001a44	00fbaeb3	slt	x29,x23,x15	 x23:0xffffffff x15:0x0000038f x29=0x00000001
       11665000	      1165	80001a48	00a85293	srli	x5,x16,0xa	 x16:0x02cac400  x5=0x0000b2b1
       11675000	      1166	80001a4c	ff8444e3	blt	x8,x24,80001a34	  x8:0xfffffff9 x24:0xfffffffe
       11685000	      1167	00000000	00000013	addi	x0,x0,0	  x0:0x00000000
       11695000	      1168	80001a30	00000013	addi	x0,x0,0	  x0:0x00000000
       11705000	      1169	80001a34	001eafb3	slt	x31,x29,x1	 x29:0x00000001  x1:0x00000005 x31=0x00000001
       11715000	      1170	80001a38	220e7e93	andi	x29,x28,544	 x28:0x80009f28 x29=0x00000220
       11725000	      1171	80001a3c	01c5bab3	sltu	x21,x11,x28	 x11:0x00000000 x28:0x80009f28 x21=0x00000001
       11735000	      1172	80001a40	00140413	addi	x8,x8,1	  x8:0xfffffff9  x8=0xfffffffa
       11745000	      1173	80001a44	00fbaeb3	slt	x29,x23,x15	 x23:0xffffffff x15:0x0000038f x29=0x00000001
       11755000	      1174	80001a48	00a85293	srli	x5,x16,0xa	 x16:0x02cac400  x5=0x0000b2b1
       11765000	      1175	80001a4c	ff8444e3	blt	x8,x24,80001a34	  x8:0xfffffffa x24:0xfffffffe
       11775000	      1176	00000000	00000013	addi	x0,x0,0	  x0:0x00000000
       11785000	      1177	80001a30	00000013	addi	x0,x0,0	  x0:0x00000000
       11795000	      1178	80001a34	001eafb3	slt	x31,x29,x1	 x29:0x00000001  x1:0x00000005 x31=0x00000001
       11805000	      1179	80001a38	220e7e93	andi	x29,x28,544	 x28:0x80009f28 x29=0x00000220
       11815000	      1180	80001a3c	01c5bab3	sltu	x21,x11,x28	 x11:0x00000000 x28:0x80009f28 x21=0x00000001
       11825000	      1181	80001a40	00140413	addi	x8,x8,1	  x8:0xfffffffa  x8=0xfffffffb
       11835000	      1182	80001a44	00fbaeb3	slt	x29,x23,x15	 x23:0xffffffff x15:0x0000038f x29=0x00000001
       11845000	      1183	80001a48	00a85293	srli	x5,x16,0xa	 x16:0x02cac400  x5=0x0000b2b1
       11855000	      1184	80001a4c	ff8444e3	blt	x8,x24,80001a34	  x8:0xfffffffb x24:0xfffffffe
       11865000	      1185	00000000	00000013	addi	x0,x0,0	  x0:0x00000000
       11875000	      1186	80001a30	00000013	addi	x0,x0,0	  x0:0x00000000
       11885000	      1187	80001a34	001eafb3	slt	x31,x29,x1	 x29:0x00000001  x1:0x00000005 x31=0x00000001
       11895000	      1188	80001a38	220e7e93	andi	x29,x28,544	 x28:0x80009f28 x29=0x00000220
       11905000	      1189	80001a3c	01c5bab3	sltu	x21,x11,x28	 x11:0x00000000 x28:0x80009f28 x21=0x00000001
       11915000	      1190	80001a40	00140413	addi	x8,x8,1	  x8:0xfffffffb  x8=0xfffffffc
       11925000	      1191	80001a44	00fbaeb3	slt	x29,x23,x15	 x23:0xffffffff x15:0x0000038f x29=0x00000001
       11935000	      1192	80001a48	00a85293	srli	x5,x16,0xa	 x16:0x02cac400  x5=0x0000b2b1
       11945000	      1193	80001a4c	ff8444e3	blt	x8,x24,80001a34	  x8:0xfffffffc x24:0xfffffffe
       11955000	      1194	00000000	00000013	addi	x0,x0,0	  x0:0x00000000
       11965000	      1195	80001a30	00000013	addi	x0,x0,0	  x0:0x00000000
       11975000	      1196	80001a34	001eafb3	slt	x31,x29,x1	 x29:0x00000001  x1:0x00000005 x31=0x00000001
       11985000	      1197	80001a38	220e7e93	andi	x29,x28,544	 x28:0x80009f28 x29=0x00000220
       11995000	      1198	80001a3c	01c5bab3	sltu	x21,x11,x28	 x11:0x00000000 x28:0x80009f28 x21=0x00000001
       12005000	      1199	80001a40	00140413	addi	x8,x8,1	  x8:0xfffffffc  x8=0xfffffffd
       12015000	      1200	80001a44	00fbaeb3	slt	x29,x23,x15	 x23:0xffffffff x15:0x0000038f x29=0x00000001
       12025000	      1201	80001a48	00a85293	srli	x5,x16,0xa	 x16:0x02cac400  x5=0x0000b2b1
       12035000	      1202	80001a4c	ff8444e3	blt	x8,x24,80001a34	  x8:0xfffffffd x24:0xfffffffe
       12045000	      1203	00000000	00000013	addi	x0,x0,0	  x0:0x00000000
       12055000	      1204	80001a30	00000013	addi	x0,x0,0	  x0:0x00000000
       12065000	      1205	80001a34	001eafb3	slt	x31,x29,x1	 x29:0x00000001  x1:0x00000005 x31=0x00000001
       12075000	      1206	80001a38	220e7e93	andi	x29,x28,544	 x28:0x80009f28 x29=0x00000220
       12085000	      1207	80001a3c	01c5bab3	sltu	x21,x11,x28	 x11:0x00000000 x28:0x80009f28 x21=0x00000001
       12095000	      1208	80001a40	00140413	addi	x8,x8,1	  x8:0xfffffffd  x8=0xfffffffe
       12105000	      1209	80001a44	00fbaeb3	slt	x29,x23,x15	 x23:0xffffffff x15:0x0000038f x29=0x00000001
       12115000	      1210	80001a48	00a85293	srli	x5,x16,0xa	 x16:0x02cac400  x5=0x0000b2b1
       12125000	      1211	80001a4c	ff8444e3	blt	x8,x24,80001a34	  x8:0xfffffffe x24:0xfffffffe
       12135000	      1212	80001a50	00591613	slli	x12,x18,0x5	 x18:0x00000018 x12=0x00000300
       12145000	      1213	80001a54	b108a617	auipc	x12,0xb108a	 x12=0x3108ba50
       12155000	      1214	80001a58	0b703713	sltiu	x14,x0,183	  x0:0x00000000 x14=0x00000001
       12165000	      1215	80001a5c	40d98a33	sub	x20,x19,x13	 x19:0x3ac0f000 x13:0x00000000 x20=0x3ac0f000
       12175000	      1216	80001a60	00c4d593	srli	x11,x9,0xc	  x9:0xffff6000 x11=0x000ffff6
       12185000	      1217	80001a64	1fb80013	addi	x0,x16,507	 x16:0x02cac400
       12195000	      1218	80001a68	f96b8ee3	beq	x23,x22,80001a04	 x23:0xffffffff x22:0x0000000f
       12205000	      1219	80001a6c	7733d617	auipc	x12,0x7733d	 x12=0xf733ea68
       12215000	      1220	80001a70	00000e93	addi	x29,x0,0	  x0:0x00000000 x29=0x00000000
       12225000	      1221	80001a74	896f6317	auipc	x6,0x896f6	  x6=0x096f7a70
       12235000	      1222	80001a78	ff800c93	addi	x25,x0,-8	  x0:0x00000000 x25=0xfffffff8
       12245000	      1223	80001a7c	0008b633	sltu	x12,x17,x0	 x17:0x00000010  x0:0x00000000 x12=0x00000000
       12255000	      1224	80001a80	ffce8e93	addi	x29,x29,-4	 x29:0x00000000 x29=0xfffffffc
       12265000	      1225	80001a84	ffb00813	addi	x16,x0,-5	  x0:0x00000000 x16=0xfffffffb
       12275000	      1226	80001a88	2da1d0b7	lui	x1,0x2da1d	  x1=0x2da1d000
       12285000	      1227	80001a8c	00900993	addi	x19,x0,9	  x0:0x00000000 x19=0x00000009
       12295000	      1228	80001a90	a66d0713	addi	x14,x26,-1434	 x26:0x038f2e19 x14=0x038f287f
       12305000	      1229	80001a94	c53d4793	xori	x15,x26,-941	 x26:0x038f2e19 x15=0xfc70d24a
       12315000	      1230	80001a98	00980813	addi	x16,x16,9	 x16:0xfffffffb x16=0x00000004
       12325000	      1231	80001a9c	ff386ce3	bltu	x16,x19,80001a94	 x16:0x00000004 x19:0x00000009
       12335000	      1232	00000000	00000013	addi	x0,x0,0	  x0:0x00000000
       12345000	      1233	80001a90	00000013	addi	x0,x0,0	  x0:0x00000000
       12355000	      1234	80001a94	c53d4793	xori	x15,x26,-941	 x26:0x038f2e19 x15=0xfc70d24a
       12365000	      1235	80001a98	00980813	addi	x16,x16,9	 x16:0x00000004 x16=0x0000000d
       12375000	      1236	80001a9c	ff386ce3	bltu	x16,x19,80001a94	 x16:0x0000000d x19:0x00000009
       12385000	      1237	80001aa0	408e5713	srai	x14,x28,0x8	 x28:0x80009f28 x14=0xff80009f
       12395000	      1238	80001aa4	fd9e9ce3	bne	x29,x25,80001a7c	 x29:0xfffffffc x25:0xfffffff8
       12405000	      1239	00000000	00000013	addi	x0,x0,0	  x0:0x00000000
       12415000	      1240	80001a78	00000013	addi	x0,x0,0	  x0:0x00000000
       12425000	      1241	80001a7c	0008b633	sltu	x12,x17,x0	 x17:0x00000010  x0:0x00000000 x12=0x00000000
       12435000	      1242	80001a80	ffce8e93	addi	x29,x29,-4	 x29:0xfffffffc x29=0xfffffff8
       12445000	      1243	80001a84	ffb00813	addi	x16,x0,-5	  x0:0x00000000 x16=0xfffffffb
       12455000	      1244	80001a88	2da1d0b7	lui	x1,0x2da1d	  x1=0x2da1d000
       12465000	      1245	80001a8c	00900993	addi	x19,x0,9	  x0:0x00000000 x19=0x00000009
       12475000	      1246	80001a90	a66d0713	addi	x14,x26,-1434	 x26:0x038f2e19 x14=0x038f287f
       12485000	      1247	80001a94	c53d4793	xori	x15,x26,-941	 x26:0x038f2e19 x15=0xfc70d24a
       12495000	      1248	80001a98	00980813	addi	x16,x16,9	 x16:0xfffffffb x16=0x00000004
       12505000	      1249	80001a9c	ff386ce3	bltu	x16,x19,80001a94	 x16:0x00000004 x19:0x00000009
       12515000	      1250	00000000	00000013	addi	x0,x0,0	  x0:0x00000000
       12525000	      1251	80001a90	00000013	addi	x0,x0,0	  x0:0x00000000
       12535000	      1252	80001a94	c53d4793	xori	x15,x26,-941	 x26:0x038f2e19 x15=0xfc70d24a
       12545000	      1253	80001a98	00980813	addi	x16,x16,9	 x16:0x00000004 x16=0x0000000d
       12555000	      1254	80001a9c	ff386ce3	bltu	x16,x19,80001a94	 x16:0x0000000d x19:0x00000009
       12565000	      1255	80001aa0	408e5713	srai	x14,x28,0x8	 x28:0x80009f28 x14=0xff80009f
       12575000	      1256	80001aa4	fd9e9ce3	bne	x29,x25,80001a7c	 x29:0xfffffff8 x25:0xfffffff8
       12585000	      1257	80001aa8	bac1a513	slti	x10,x3,-1108	  x3:0xfd35a400 x10=0x00000001
       12595000	      1258	80001aac	0316d263	bge	x13,x17,80001ad0	 x13:0x00000000 x17:0x00000010
       12605000	      1259	80001ab0	40d9deb3	sra	x29,x19,x13	 x19:0x00000009 x13:0x00000000 x29=0x00000009
       12615000	      1260	80001ab4	0300de63	bge	x1,x16,80001af0	  x1:0x2da1d000 x16:0x0000000d
       12625000	      1261	00000000	00000013	addi	x0,x0,0	  x0:0x00000000
       12635000	      1262	80001aec	00000013	addi	x0,x0,0	  x0:0x00000000
       12645000	      1263	80001af0	022b5663	bge	x22,x2,80001b1c	 x22:0x0000000f  x2:0x00000010
       12655000	      1264	80001af4	0022c633	xor	x12,x5,x2	  x5:0x0000b2b1  x2:0x00000010 x12=0x0000b2a1
       12665000	      1265	80001af8	00698a63	beq	x19,x6,80001b0c	 x19:0x00000009  x6:0x096f7a70
       12675000	      1266	80001afc	02c29463	bne	x5,x12,80001b24	  x5:0x0000b2b1 x12:0x0000b2a1
       12685000	      1267	00000000	00000013	addi	x0,x0,0	  x0:0x00000000
       12695000	      1268	80001b20	00000013	addi	x0,x0,0	  x0:0x00000000
       12705000	      1269	80001b24	007ac733	xor	x14,x21,x7	 x21:0x00000001  x7:0x00000000 x14=0x00000001
       12715000	      1270	80001b28	02f84c63	blt	x16,x15,80001b60	 x16:0x0000000d x15:0xfc70d24a
       12725000	      1271	80001b2c	00000013	addi	x0,x0,0	  x0:0x00000000
       12735000	      1272	80001b30	002ee633	or	x12,x29,x2	 x29:0x00000009  x2:0x00000010 x12=0x00000019
       12745000	      1273	80001b34	99762c13	slti	x24,x12,-1641	 x12:0x00000019 x24=0x00000000
       12755000	      1274	80001b38	67338213	addi	x4,x7,1651	  x7:0x00000000  x4=0x00000673
       12765000	      1275	80001b3c	99ece213	ori	x4,x25,-1634	 x25:0xfffffff8  x4=0xfffffffe
       12775000	      1276	80001b40	cb8d78b7	lui	x17,0xcb8d7	 x17=0xcb8d7000
       12785000	      1277	80001b44	03b7ee63	bltu	x15,x27,80001b80	 x15:0xfc70d24a x27:0x80009fc4
       12795000	      1278	80001b48	00f95193	srli	x3,x18,0xf	 x18:0x00000018  x3=0x00000000
       12805000	      1279	80001b4c	002d5513	srli	x10,x26,0x2	 x26:0x038f2e19 x10=0x00e3cb86
       12815000	      1280	80001b50	16a72b93	slti	x23,x14,362	 x14:0x00000001 x23=0x00000001
       12825000	      1281	80001b54	017fd633	srl	x12,x31,x23	 x31:0x00000001 x23:0x00000001 x12=0x00000000
       12835000	      1282	80001b58	05b97263	bgeu	x18,x27,80001b9c	 x18:0x00000018 x27:0x80009fc4
       12845000	      1283	80001b5c	d3e57f93	andi	x31,x10,-706	 x10:0x00e3cb86 x31=0x00e3c906
       12855000	      1284	80001b60	0c7e3313	sltiu	x6,x28,199	 x28:0x80009f28  x6=0x00000000
       12865000	      1285	80001b64	76e1c193	xori	x3,x3,1902	  x3:0x00000000  x3=0x0000076e
       12875000	      1286	80001b68	dc2ae517	auipc	x10,0xdc2ae	 x10=0x5c2afb64
       12885000	      1287	80001b6c	ef3e7613	andi	x12,x28,-269	 x28:0x80009f28 x12=0x80009e20
       12895000	      1288	80001b70	fee28613	addi	x12,x5,-18	  x5:0x0000b2b1 x12=0x0000b29f
       12905000	      1289	80001b74	0127cab3	xor	x21,x15,x18	 x15:0xfc70d24a x18:0x00000018 x21=0xfc70d252
       12915000	      1290	80001b78	02c59063	bne	x11,x12,80001b98	 x11:0x000ffff6 x12:0x0000b29f
       12925000	      1291	00000000	00000013	addi	x0,x0,0	  x0:0x00000000
       12935000	      1292	80001b94	00000013	addi	x0,x0,0	  x0:0x00000000
       12945000	      1293	80001b98	012130b3	sltu	x1,x2,x18	  x2:0x00000010 x18:0x00000018  x1=0x00000001
       12955000	      1294	80001b9c	01a8e3b3	or	x7,x17,x26	 x17:0xcb8d7000 x26:0x038f2e19  x7=0xcb8f7e19
       12965000	      1295	80001ba0	03b45c63	bge	x8,x27,80001bd8	  x8:0xfffffffe x27:0x80009fc4
       12975000	      1296	00000000	00000013	addi	x0,x0,0	  x0:0x00000000
       12985000	      1297	80001bd4	00000013	addi	x0,x0,0	  x0:0x00000000
       12995000	      1298	80001bd8	0179d593	srli	x11,x19,0x17	 x19:0x00000009 x11=0x00000000
       13005000	      1299	80001bdc	03e4c063	blt	x9,x30,80001bfc	  x9:0xffff6000 x30:0x00000000
       13015000	      1300	00000000	00000013	addi	x0,x0,0	  x0:0x00000000
       13025000	      1301	80001bf8	00000013	addi	x0,x0,0	  x0:0x00000000
       13035000	      1302	80001bfc	41d5d713	srai	x14,x11,0x1d	 x11:0x00000000 x14=0x00000000
       13045000	      1303	80001c00	705fa813	slti	x16,x31,1797	 x31:0x00e3c906 x16=0x00000000
       13055000	      1304	80001c04	00000013	addi	x0,x0,0	  x0:0x00000000
       13065000	      1305	80001c08	4002d113	srai	x2,x5,0x0	  x5:0x0000b2b1  x2=0x0000b2b1
       13075000	      1306	80001c0c	007de133	or	x2,x27,x7	 x27:0x80009fc4  x7:0xcb8f7e19  x2=0xcb8fffdd
       13085000	      1307	80001c10	016a0933	add	x18,x20,x22	 x20:0x3ac0f000 x22:0x0000000f x18=0x3ac0f00f
       13095000	      1308	80001c14	01d89f93	slli	x31,x17,0x1d	 x17:0xcb8d7000 x31=0x00000000
       13105000	      1309	80001c18	6f337913	andi	x18,x6,1779	  x6:0x00000000 x18=0x00000000
       13115000	      1310	80001c1c	00767c63	bgeu	x12,x7,80001c34	 x12:0x0000b29f  x7:0xcb8f7e19
       13125000	      1311	80001c20	01c11713	slli	x14,x2,0x1c	  x2:0xcb8fffdd x14=0xd0000000
       13135000	      1312	80001c24	02884063	blt	x16,x8,80001c44	 x16:0x00000000  x8:0xfffffffe
       13145000	      1313	80001c28	684ac693	xori	x13,x21,1668	 x21:0xfc70d252 x13=0xfc70d4d6
       13155000	      1314	80001c2c	015f4233	xor	x4,x30,x21	 x30:0x00000000 x21:0xfc70d252  x4=0xfc70d252
       13165000	      1315	80001c30	00e5aeb3	slt	x29,x11,x14	 x11:0x00000000 x14:0xd0000000 x29=0x00000000
       13175000	      1316	80001c34	000139b3	sltu	x19,x2,x0	  x2:0xcb8fffdd  x0:0x00000000 x19=0x00000000
       13185000	      1317	80001c38	2e04c793	xori	x15,x9,736	  x9:0xffff6000 x15=0xffff62e0
       13195000	      1318	80001c3c	6c557597	auipc	x11,0x6c557	 x11=0xec558c38
       13205000	      1319	80001c40	66d72793	slti	x15,x14,1645	 x14:0xd0000000 x15=0x00000001
       13215000	      1320	80001c44	2cdbe417	auipc	x8,0x2cdbe	  x8=0xacdbfc40
       13225000	      1321	80001c48	048c0663	beq	x24,x8,80001c94	 x24:0x00000000  x8:0xacdbfc40
       13235000	      1322	80001c4c	00000013	addi	x0,x0,0	  x0:0x00000000
       13245000	      1323	80001c50	402d05b3	sub	x11,x26,x2	 x26:0x038f2e19  x2:0xcb8fffdd x11=0x37ff2e3c
       13255000	      1324	80001c54	f9247597	auipc	x11,0xf9247	 x11=0x79248c50
       13265000	      1325	80001c58	5bbff413	andi	x8,x31,1467	 x31:0x00000000  x8=0x00000000
       13275000	      1326	80001c5c	00d49c33	sll	x24,x9,x13	  x9:0xffff6000 x13:0xfc70d4d6 x24=0x00000000
       13285000	      1327	80001c60	017dd613	srli	x12,x27,0x17	 x27:0x80009fc4 x12=0x00000100
       13295000	      1328	80001c64	00c2e6b3	or	x13,x5,x12	  x5:0x0000b2b1 x12:0x00000100 x13=0x0000b3b1
       13305000	      1329	80001c68	01b2d5b3	srl	x11,x5,x27	  x5:0x0000b2b1 x27:0x80009fc4 x11=0x00000b2b
       13315000	      1330	80001c6c	d7986893	ori	x17,x16,-647	 x16:0x00000000 x17=0xfffffd79
       13325000	      1331	80001c70	7badf897	auipc	x17,0x7badf	 x17=0xfbae0c6c
       13335000	      1332	80001c74	00000013	addi	x0,x0,0	  x0:0x00000000
       13345000	      1333	80001c78	581367b7	lui	x15,0x58136	 x15=0x58136000
       13355000	      1334	80001c7c	87cb6613	ori	x12,x22,-1924	 x22:0x0000000f x12=0xfffff87f
       13365000	      1335	80001c80	034edc63	bge	x29,x20,80001cb8	 x29:0x00000000 x20:0x3ac0f000
       13375000	      1336	80001c84	00155733	srl	x14,x10,x1	 x10:0x5c2afb64  x1:0x00000001 x14=0x2e157db2
       13385000	      1337	80001c88	2d71e913	ori	x18,x3,727	  x3:0x0000076e x18=0x000007ff
       13395000	      1338	80001c8c	036b1c63	bne	x22,x22,80001cc4	 x22:0x0000000f x22:0x0000000f
       13405000	      1339	80001c90	cf734593	xori	x11,x6,-777	  x6:0x00000000 x11=0xfffffcf7
       13415000	      1340	80001c94	40a2d693	srai	x13,x5,0xa	  x5:0x0000b2b1 x13=0x0000002c
       13425000	      1341	80001c98	9620df97	auipc	x31,0x9620d	 x31=0x1620ec94
       13435000	      1342	80001c9c	368db813	sltiu	x16,x27,872	 x27:0x80009fc4 x16=0x00000000
       13445000	      1343	80001ca0	76b4f093	andi	x1,x9,1899	  x9:0xffff6000  x1=0x00000000
       13455000	      1344	80001ca4	031ae463	bltu	x21,x17,80001ccc	 x21:0xfc70d252 x17:0xfbae0c6c
       13465000	      1345	80001ca8	01979e63	bne	x15,x25,80001cc4	 x15:0x58136000 x25:0xfffffff8
       13475000	      1346	00000000	00000013	addi	x0,x0,0	  x0:0x00000000
       13485000	      1347	80001cc0	00000013	addi	x0,x0,0	  x0:0x00000000
       13495000	      1348	80001cc4	01530333	add	x6,x6,x21	  x6:0x00000000 x21:0xfc70d252  x6=0xfc70d252
       13505000	      1349	80001cc8	407b85b3	sub	x11,x23,x7	 x23:0x00000001  x7:0xcb8f7e19 x11=0x347081e8
       13515000	      1350	80001ccc	01ac6033	or	x0,x24,x26	 x24:0x00000000 x26:0x038f2e19
       13525000	      1351	80001cd0	2973cc13	xori	x24,x7,663	  x7:0xcb8f7e19 x24=0xcb8f7c8e
       13535000	      1352	80001cd4	b2766f93	ori	x31,x12,-1241	 x12:0xfffff87f x31=0xfffffb7f
       13545000	      1353	80001cd8	264f0213	addi	x4,x30,612	 x30:0x00000000  x4=0x00000264
       13555000	      1354	80001cdc	00ccf663	bgeu	x25,x12,80001ce8	 x25:0xfffffff8 x12:0xfffff87f
       13565000	      1355	00000000	00000013	addi	x0,x0,0	  x0:0x00000000
       13575000	      1356	80001ce4	00000013	addi	x0,x0,0	  x0:0x00000000
       13585000	      1357	80001ce8	41e0d813	srai	x16,x1,0x1e	  x1:0x00000000 x16=0x00000000
       13595000	      1358	80001cec	015c1c63	bne	x24,x21,80001d04	 x24:0xcb8f7c8e x21:0xfc70d252
       13605000	      1359	00000000	00000013	addi	x0,x0,0	  x0:0x00000000
       13615000	      1360	80001d00	00000013	addi	x0,x0,0	  x0:0x00000000
       13625000	      1361	80001d04	fc6f4493	xori	x9,x30,-58	 x30:0x00000000  x9=0xffffffc6
       13635000	      1362	80001d08	01fd1533	sll	x10,x26,x31	 x26:0x038f2e19 x31:0xfffffb7f x10=0x80000000
       13645000	      1363	80001d0c	00001913	slli	x18,x0,0x0	  x0:0x00000000 x18=0x00000000
       13655000	      1364	80001d10	00b89a93	slli	x21,x17,0xb	 x17:0xfbae0c6c x21=0x70636000
       13665000	      1365	80001d14	0094f633	and	x12,x9,x9	  x9:0xffffffc6  x9:0xffffffc6 x12=0xffffffc6
       13675000	      1366	80001d18	01b74633	xor	x12,x14,x27	 x14:0x2e157db2 x27:0x80009fc4 x12=0xae15e276
       13685000	      1367	80001d1c	3bf5f513	andi	x10,x11,959	 x11:0x347081e8 x10=0x000001a8
       13695000	      1368	80001d20	c9543213	sltiu	x4,x8,-875	  x8:0x00000000  x4=0x00000001
       13705000	      1369	80001d24	001e8133	add	x2,x29,x1	 x29:0x00000000  x1:0x00000000  x2=0x00000000
       13715000	      1370	80001d28	04ca8c97	auipc	x25,0x4ca8	 x25=0x84ca9d24
       13725000	      1371	80001d2c	51ff7e93	andi	x29,x30,1311	 x30:0x00000000 x29=0x00000000
       13735000	      1372	80001d30	bbd22813	slti	x16,x4,-1091	  x4:0x00000001 x16=0x00000000
       13745000	      1373	80001d34	056dc613	xori	x12,x27,86	 x27:0x80009fc4 x12=0x80009f92
       13755000	      1374	80001d38	003c0863	beq	x24,x3,80001d48	 x24:0xcb8f7c8e  x3:0x0000076e
       13765000	      1375	80001d3c	0089e633	or	x12,x19,x8	 x19:0x00000000  x8:0x00000000 x12=0x00000000
       13775000	      1376	80001d40	028e4c63	blt	x28,x8,80001d78	 x28:0x80009f28  x8:0x00000000
       13785000	      1377	00000000	00000013	addi	x0,x0,0	  x0:0x00000000
       13795000	      1378	80001d74	00000013	addi	x0,x0,0	  x0:0x00000000
       13805000	      1379	80001d78	40600cb3	sub	x25,x0,x6	  x0:0x00000000  x6:0xfc70d252 x25=0x038f2dae
       13815000	      1380	80001d7c	031fd463	bge	x31,x17,80001da4	 x31:0xfffffb7f x17:0xfbae0c6c
       13825000	      1381	00000000	00000013	addi	x0,x0,0	  x0:0x00000000
       13835000	      1382	80001da0	00000013	addi	x0,x0,0	  x0:0x00000000
       13845000	      1383	80001da4	d9f10a13	addi	x20,x2,-609	  x2:0x00000000 x20=0xfffffd9f
       13855000	      1384	80001da8	00794fb3	xor	x31,x18,x7	 x18:0x00000000  x7:0xcb8f7e19 x31=0xcb8f7e19
       13865000	      1385	80001dac	9732c513	xori	x10,x5,-1677	  x5:0x0000b2b1 x10=0xffff4bc2
       13875000	      1386	80001db0	10357617	auipc	x12,0x10357	 x12=0x90358dac
       13885000	      1387	80001db4	012378b3	and	x17,x6,x18	  x6:0xfc70d252 x18:0x00000000 x17=0x00000000
       13895000	      1388	80001db8	01271533	sll	x10,x14,x18	 x14:0x2e157db2 x18:0x00000000 x10=0x2e157db2
       13905000	      1389	80001dbc	01dd6b33	or	x22,x26,x29	 x26:0x038f2e19 x29:0x00000000 x22=0x038f2e19
       13915000	      1390	80001dc0	1e1b4393	xori	x7,x22,481	 x22:0x038f2e19  x7=0x038f2ff8
       13925000	      1391	80001dc4	ce4ae393	ori	x7,x21,-796	 x21:0x70636000  x7=0xfffffce4
       13935000	      1392	80001dc8	4a766913	ori	x18,x12,1191	 x12:0x90358dac x18=0x90358daf
       13945000	      1393	80001dcc	00c9a2b3	slt	x5,x19,x12	 x19:0x00000000 x12:0x90358dac  x5=0x00000000
       13955000	      1394	80001dd0	40a101b3	sub	x3,x2,x10	  x2:0x00000000 x10:0x2e157db2  x3=0xd1ea824e
       13965000	      1395	80001dd4	0215f263	bgeu	x11,x1,80001df8	 x11:0x347081e8  x1:0x00000000
       13975000	      1396	00000000	00000013	addi	x0,x0,0	  x0:0x00000000
       13985000	      1397	80001df4	00000013	addi	x0,x0,0	  x0:0x00000000
       13995000	      1398	80001df8	0018a033	slt	x0,x17,x1	 x17:0x00000000  x1:0x00000000
       14005000	      1399	80001dfc	9449e597	auipc	x11,0x9449e	 x11=0x1449fdf8
       14015000	      1400	80001e00	02308063	beq	x1,x3,80001e20	  x1:0x00000000  x3:0xd1ea824e
       14025000	      1401	80001e04	80d95117	auipc	x2,0x80d95	  x2=0x00d96e00
       14035000	      1402	80001e08	41580733	sub	x14,x16,x21	 x16:0x00000000 x21:0x70636000 x14=0x8f9ca000
       14045000	      1403	80001e0c	02c51663	bne	x10,x12,80001e38	 x10:0x2e157db2 x12:0x90358dac
       14055000	      1404	00000000	00000013	addi	x0,x0,0	  x0:0x00000000
       14065000	      1405	80001e34	00000013	addi	x0,x0,0	  x0:0x00000000
       14075000	      1406	80001e38	03dc4e63	blt	x24,x29,80001e74	 x24:0xcb8f7c8e x29:0x00000000
       14085000	      1407	00000000	00000013	addi	x0,x0,0	  x0:0x00000000
       14095000	      1408	80001e70	00000013	addi	x0,x0,0	  x0:0x00000000
       14105000	      1409	80001e74	009b7433	and	x8,x22,x9	 x22:0x038f2e19  x9:0xffffffc6  x8=0x038f2e00
       14115000	      1410	80001e78	00515f33	srl	x30,x2,x5	  x2:0x00d96e00  x5:0x00000000 x30=0x00d96e00
       14125000	      1411	80001e7c	fef89cb7	lui	x25,0xfef89	 x25=0xfef89000
       14135000	      1412	80001e80	0187fa63	bgeu	x15,x24,80001e94	 x15:0x58136000 x24:0xcb8f7c8e
       14145000	      1413	80001e84	00000013	addi	x0,x0,0	  x0:0x00000000
       14155000	      1414	80001e88	01a45393	srli	x7,x8,0x1a	  x8:0x038f2e00  x7=0x00000000
       14165000	      1415	80001e8c	004f99b3	sll	x19,x31,x4	 x31:0xcb8f7e19  x4:0x00000001 x19=0x971efc32
       14175000	      1416	80001e90	51440313	addi	x6,x8,1300	  x8:0x038f2e00  x6=0x038f3314
       14185000	      1417	80001e94	400a5eb3	sra	x29,x20,x0	 x20:0xfffffd9f  x0:0x00000000 x29=0xfffffd9f
       14195000	      1418	80001e98	00000013	addi	x0,x0,0	  x0:0x00000000
       14205000	      1419	80001e9c	06b40463	beq	x8,x11,80001f04	  x8:0x038f2e00 x11:0x1449fdf8
       14215000	      1420	80001ea0	014f0c33	add	x24,x30,x20	 x30:0x00d96e00 x20:0xfffffd9f x24=0x00d96b9f
       14225000	      1421	80001ea4	01562fb3	slt	x31,x12,x21	 x12:0x90358dac x21:0x70636000 x31=0x00000001
       14235000	      1422	80001ea8	4120d233	sra	x4,x1,x18	  x1:0x00000000 x18:0x90358daf  x4=0x00000000
       14245000	      1423	80001eac	74430593	addi	x11,x6,1860	  x6:0x038f3314 x11=0x038f3a58
       14255000	      1424	80001eb0	0104a0b3	slt	x1,x9,x16	  x9:0xffffffc6 x16:0x00000000  x1=0x00000001
       14265000	      1425	80001eb4	01a28c63	beq	x5,x26,80001ecc	  x5:0x00000000 x26:0x038f2e19
       14275000	      1426	80001eb8	3c8ec497	auipc	x9,0x3c8ec	  x9=0xbc8edeb4
       14285000	      1427	80001ebc	0102e1b3	or	x3,x5,x16	  x5:0x00000000 x16:0x00000000  x3=0x00000000
       14295000	      1428	80001ec0	01d94eb3	xor	x29,x18,x29	 x18:0x90358daf x29:0xfffffd9f x29=0x6fca7030
       14305000	      1429	80001ec4	018b9813	slli	x16,x23,0x18	 x23:0x00000001 x16=0x01000000
       14315000	      1430	80001ec8	00d29c13	slli	x24,x5,0xd	  x5:0x00000000 x24=0x00000000
       14325000	      1431	80001ecc	417789b3	sub	x19,x15,x23	 x15:0x58136000 x23:0x00000001 x19=0x58135fff
       14335000	      1432	80001ed0	07fe5063	bge	x28,x31,80001f30	 x28:0x80009f28 x31:0x00000001
       14345000	      1433	80001ed4	e9176a93	ori	x21,x14,-367	 x14:0x8f9ca000 x21=0xfffffe91
       14355000	      1434	80001ed8	40cd09b3	sub	x19,x26,x12	 x26:0x038f2e19 x12:0x90358dac x19=0x7359a06d
       14365000	      1435	80001edc	00000013	addi	x0,x0,0	  x0:0x00000000
       14375000	      1436	80001ee0	005c36b3	sltu	x13,x24,x5	 x24:0x00000000  x5:0x00000000 x13=0x00000000
       14385000	      1437	80001ee4	2434e013	ori	x0,x9,579	  x9:0xbc8edeb4
       14395000	      1438	80001ee8	017f2bb3	slt	x23,x30,x23	 x30:0x00d96e00 x23:0x00000001 x23=0x00000000
       14405000	      1439	80001eec	00f94663	blt	x18,x15,80001ef8	 x18:0x90358daf x15:0x58136000
       14415000	      1440	00000000	00000013	addi	x0,x0,0	  x0:0x00000000
       14425000	      1441	80001ef4	00000013	addi	x0,x0,0	  x0:0x00000000
       14435000	      1442	80001ef8	eccfe4ef	jal	x9,80001ef8	  x9=0x80001ef8
       14445000	      1443	00000000	00000013	addi	x0,x0,0	  x0:0x00000000
       14455000	      1444	800005c0	00000013	addi	x0,x0,0	  x0:0x00000000
       14465000	      1445	800005c4	01adc863	blt	x27,x26,800005d4	 x27:0x80009fc4 x26:0x038f2e19
       14475000	      1446	00000000	00000013	addi	x0,x0,0	  x0:0x00000000
       14485000	      1447	800005d0	00000013	addi	x0,x0,0	  x0:0x00000000
       14495000	      1448	800005d4	fdce0e13	addi	x28,x28,-36	 x28:0x80009f28 x28=0x80009f04
       14505000	      1449	800005d8	c4217793	andi	x15,x2,-958	  x2:0x00d96e00 x15=0x00d96c00
       14515000	      1450	800005dc	e444b193	sltiu	x3,x9,-444	  x9:0x80001ef8  x3=0x00000001
       14525000	      1451	800005e0	009e2223	sw	x9,4(x28)	 x28:0x80009f04  x9:0x80001ef8 PA:0x80009f08
       14535000	      1452	800005e4	a3df8637	lui	x12,0xa3df8	 x12=0xa3df8000
       14545000	      1453	800005e8	00bcc733	xor	x14,x25,x11	 x25:0xfef89000 x11:0x038f3a58 x14=0xfd77aa58
       14555000	      1454	800005ec	412b5913	srai	x18,x22,0x12	 x22:0x038f2e19 x18=0x000000e3
       14565000	      1455	800005f0	00500293	addi	x5,x0,5	  x0:0x00000000  x5=0x00000005
       14575000	      1456	800005f4	da970793	addi	x15,x14,-599	 x14:0xfd77aa58 x15=0xfd77a801
       14585000	      1457	800005f8	0182c4b3	xor	x9,x5,x24	  x5:0x00000005 x24:0x00000000  x9=0x00000005
       14595000	      1458	800005fc	01400f13	addi	x30,x0,20	  x0:0x00000000 x30=0x00000014
       14605000	      1459	80000600	01df7c33	and	x24,x30,x29	 x30:0x00000014 x29:0x6fca7030 x24=0x00000010
       14615000	      1460	80000604	000fb933	sltu	x18,x31,x0	 x31:0x00000001  x0:0x00000000 x18=0x00000000
       14625000	      1461	80000608	0141c3b3	xor	x7,x3,x20	  x3:0x00000001 x20:0xfffffd9f  x7=0xfffffd9e
       14635000	      1462	8000060c	53ce6993	ori	x19,x28,1340	 x28:0x80009f04 x19=0x80009f3c
       14645000	      1463	80000610	00428293	addi	x5,x5,4	  x5:0x00000005  x5=0x00000009
       14655000	      1464	80000614	43fc3437	lui	x8,0x43fc3	  x8=0x43fc3000
       14665000	      1465	80000618	5fed2b93	slti	x23,x26,1534	 x26:0x038f2e19 x23=0x00000000
       14675000	      1466	8000061c	9db67893	andi	x17,x12,-1573	 x12:0xa3df8000 x17=0xa3df8000
       14685000	      1467	80000620	5150a5b7	lui	x11,0x5150a	 x11=0x5150a000
       14695000	      1468	80000624	40215a33	sra	x20,x2,x2	  x2:0x00d96e00  x2:0x00d96e00 x20=0x00d96e00
       14705000	      1469	80000628	00ba8fb3	add	x31,x21,x11	 x21:0xfffffe91 x11:0x5150a000 x31=0x51509e91
       14715000	      1470	8000062c	fde2cee3	blt	x5,x30,80000608	  x5:0x00000009 x30:0x00000014
       14725000	      1471	00000000	00000013	addi	x0,x0,0	  x0:0x00000000
       14735000	      1472	80000604	00000013	addi	x0,x0,0	  x0:0x00000000
       14745000	      1473	80000608	0141c3b3	xor	x7,x3,x20	  x3:0x00000001 x20:0x00d96e00  x7=0x00d96e01
       14755000	      1474	8000060c	53ce6993	ori	x19,x28,1340	 x28:0x80009f04 x19=0x80009f3c
       14765000	      1475	80000610	00428293	addi	x5,x5,4	  x5:0x00000009  x5=0x0000000d
       14775000	      1476	80000614	43fc3437	lui	x8,0x43fc3	  x8=0x43fc3000
       14785000	      1477	80000618	5fed2b93	slti	x23,x26,1534	 x26:0x038f2e19 x23=0x00000000
       14795000	      1478	8000061c	9db67893	andi	x17,x12,-1573	 x12:0xa3df8000 x17=0xa3df8000
       14805000	      1479	80000620	5150a5b7	lui	x11,0x5150a	 x11=0x5150a000
       14815000	      1480	80000624	40215a33	sra	x20,x2,x2	  x2:0x00d96e00  x2:0x00d96e00 x20=0x00d96e00
       14825000	      1481	80000628	00ba8fb3	add	x31,x21,x11	 x21:0xfffffe91 x11:0x5150a000 x31=0x51509e91
       14835000	      1482	8000062c	fde2cee3	blt	x5,x30,80000608	  x5:0x0000000d x30:0x00000014
       14845000	      1483	00000000	00000013	addi	x0,x0,0	  x0:0x00000000
       14855000	      1484	80000604	00000013	addi	x0,x0,0	  x0:0x00000000
       14865000	      1485	80000608	0141c3b3	xor	x7,x3,x20	  x3:0x00000001 x20:0x00d96e00  x7=0x00d96e01
       14875000	      1486	8000060c	53ce6993	ori	x19,x28,1340	 x28:0x80009f04 x19=0x80009f3c
       14885000	      1487	80000610	00428293	addi	x5,x5,4	  x5:0x0000000d  x5=0x00000011
       14895000	      1488	80000614	43fc3437	lui	x8,0x43fc3	  x8=0x43fc3000
       14905000	      1489	80000618	5fed2b93	slti	x23,x26,1534	 x26:0x038f2e19 x23=0x00000000
       14915000	      1490	8000061c	9db67893	andi	x17,x12,-1573	 x12:0xa3df8000 x17=0xa3df8000
       14925000	      1491	80000620	5150a5b7	lui	x11,0x5150a	 x11=0x5150a000
       14935000	      1492	80000624	40215a33	sra	x20,x2,x2	  x2:0x00d96e00  x2:0x00d96e00 x20=0x00d96e00
       14945000	      1493	80000628	00ba8fb3	add	x31,x21,x11	 x21:0xfffffe91 x11:0x5150a000 x31=0x51509e91
       14955000	      1494	8000062c	fde2cee3	blt	x5,x30,80000608	  x5:0x00000011 x30:0x00000014
       14965000	      1495	00000000	00000013	addi	x0,x0,0	  x0:0x00000000
       14975000	      1496	80000604	00000013	addi	x0,x0,0	  x0:0x00000000
       14985000	      1497	80000608	0141c3b3	xor	x7,x3,x20	  x3:0x00000001 x20:0x00d96e00  x7=0x00d96e01
       14995000	      1498	8000060c	53ce6993	ori	x19,x28,1340	 x28:0x80009f04 x19=0x80009f3c
       15005000	      1499	80000610	00428293	addi	x5,x5,4	  x5:0x00000011  x5=0x00000015
       15015000	      1500	80000614	43fc3437	lui	x8,0x43fc3	  x8=0x43fc3000
       15025000	      1501	80000618	5fed2b93	slti	x23,x26,1534	 x26:0x038f2e19 x23=0x00000000
       15035000	      1502	8000061c	9db67893	andi	x17,x12,-1573	 x12:0xa3df8000 x17=0xa3df8000
       15045000	      1503	80000620	5150a5b7	lui	x11,0x5150a	 x11=0x5150a000
       15055000	      1504	80000624	40215a33	sra	x20,x2,x2	  x2:0x00d96e00  x2:0x00d96e00 x20=0x00d96e00
       15065000	      1505	80000628	00ba8fb3	add	x31,x21,x11	 x21:0xfffffe91 x11:0x5150a000 x31=0x51509e91
       15075000	      1506	8000062c	fde2cee3	blt	x5,x30,80000608	  x5:0x00000015 x30:0x00000014
       15085000	      1507	80000630	012c97b3	sll	x15,x25,x18	 x25:0xfef89000 x18:0x00000000 x15=0xfef89000
       15095000	      1508	80000634	00a00093	addi	x1,x0,10	  x0:0x00000000  x1=0x0000000a
       15105000	      1509	80000638	00800713	addi	x14,x0,8	  x0:0x00000000 x14=0x00000008
       15115000	      1510	8000063c	011e6eb3	or	x29,x28,x17	 x28:0x80009f04 x17:0xa3df8000 x29=0xa3df9f04
       15125000	      1511	80000640	b6390213	addi	x4,x18,-1181	 x18:0x00000000  x4=0xfffffb63
       15135000	      1512	80000644	01266633	or	x12,x12,x18	 x12:0xa3df8000 x18:0x00000000 x12=0xa3df8000
       15145000	      1513	80000648	1f997313	andi	x6,x18,505	 x18:0x00000000  x6=0x00000000
       15155000	      1514	8000064c	82ae9817	auipc	x16,0x82ae9	 x16=0x02ae9648
       15165000	      1515	80000650	ff908093	addi	x1,x1,-7	  x1:0x0000000a  x1=0x00000003
       15175000	      1516	80000654	014946b3	xor	x13,x18,x20	 x18:0x00000000 x20:0x00d96e00 x13=0x00d96e00
       15185000	      1517	80000658	fee0fae3	bgeu	x1,x14,8000064c	  x1:0x00000003 x14:0x00000008
       15195000	      1518	8000065c	00129513	slli	x10,x5,0x1	  x5:0x00000015 x10=0x0000002a
       15205000	      1519	80000660	ffd00a93	addi	x21,x0,-3	  x0:0x00000000 x21=0xfffffffd
       15215000	      1520	80000664	01cf48b3	xor	x17,x30,x28	 x30:0x00000014 x28:0x80009f04 x17=0x80009f10
       15225000	      1521	80000668	1de7e093	ori	x1,x15,478	 x15:0xfef89000  x1=0xfef891de
       15235000	      1522	8000066c	fff00713	addi	x14,x0,-1	  x0:0x00000000 x14=0xffffffff
       15245000	      1523	80000670	cc013293	sltiu	x5,x2,-832	  x2:0x00d96e00  x5=0x00000001
       15255000	      1524	80000674	ec104a13	xori	x20,x0,-319	  x0:0x00000000 x20=0xfffffec1
       15265000	      1525	80000678	008a8a93	addi	x21,x21,8	 x21:0xfffffffd x21=0x00000005
       15275000	      1526	8000067c	74cb7117	auipc	x2,0x74cb7	  x2=0xf4cb7678
       15285000	      1527	80000680	01326b33	or	x22,x4,x19	  x4:0xfffffb63 x19:0x80009f3c x22=0xffffff7f
       15295000	      1528	80000684	402bd833	sra	x16,x23,x2	 x23:0x00000000  x2:0xf4cb7678 x16=0x00000000
       15305000	      1529	80000688	9f4acf93	xori	x31,x21,-1548	 x21:0x00000005 x31=0xfffff9f1
       15315000	      1530	8000068c	00700b93	addi	x23,x0,7	  x0:0x00000000 x23=0x00000007
       15325000	      1531	80000690	00500613	addi	x12,x0,5	  x0:0x00000000 x12=0x00000005
       15335000	      1532	80000694	01d3cb33	xor	x22,x7,x29	  x7:0x00d96e01 x29:0xa3df9f04 x22=0xa306f105
       15345000	      1533	80000698	017d4933	xor	x18,x26,x23	 x26:0x038f2e19 x23:0x00000007 x18=0x038f2e1e
       15355000	      1534	8000069c	00000013	addi	x0,x0,0	  x0:0x00000000
       15365000	      1535	800006a0	ffdb8b93	addi	x23,x23,-3	 x23:0x00000007 x23=0x00000004
       15375000	      1536	800006a4	fecbfae3	bgeu	x23,x12,80000698	 x23:0x00000004 x12:0x00000005
       15385000	      1537	800006a8	fceac6e3	blt	x21,x14,80000674	 x21:0x00000005 x14:0xffffffff
       15395000	      1538	800006ac	00b70833	add	x16,x14,x11	 x14:0xffffffff x11:0x5150a000 x16=0x51509fff
       15405000	      1539	800006b0	00900113	addi	x2,x0,9	  x0:0x00000000  x2=0x00000009
       15415000	      1540	800006b4	07158713	addi	x14,x11,113	 x11:0x5150a000 x14=0x5150a071
       15425000	      1541	800006b8	00600393	addi	x7,x0,6	  x0:0x00000000  x7=0x00000006
       15435000	      1542	800006bc	01e288b3	add	x17,x5,x30	  x5:0x00000001 x30:0x00000014 x17=0x00000015
       15445000	      1543	800006c0	406508b3	sub	x17,x10,x6	 x10:0x0000002a  x6:0x00000000 x17=0x0000002a
       15455000	      1544	800006c4	ffb10113	addi	x2,x2,-5	  x2:0x00000009  x2=0x00000004
       15465000	      1545	800006c8	f7810293	addi	x5,x2,-136	  x2:0x00000004  x5=0xffffff7c
       15475000	      1546	800006cc	fff00e93	addi	x29,x0,-1	  x0:0x00000000 x29=0xffffffff
       15485000	      1547	800006d0	55568493	addi	x9,x13,1365	 x13:0x00d96e00  x9=0x00d97355
       15495000	      1548	800006d4	4101d513	srai	x10,x3,0x10	  x3:0x00000001 x10=0x00000000
       15505000	      1549	800006d8	40eedcb3	sra	x25,x29,x14	 x29:0xffffffff x14:0x5150a071 x25=0xffffffff
       15515000	      1550	800006dc	5c16fb93	andi	x23,x13,1473	 x13:0x00d96e00 x23=0x00000400
       15525000	      1551	800006e0	01e244b3	xor	x9,x4,x30	  x4:0xfffffb63 x30:0x00000014  x9=0xfffffb77
       15535000	      1552	800006e4	fee00b13	addi	x22,x0,-18	  x0:0x00000000 x22=0xffffffee
       15545000	      1553	800006e8	b516f693	andi	x13,x13,-1199	 x13:0x00d96e00 x13=0x00d96a00
       15555000	      1554	800006ec	ffae8e93	addi	x29,x29,-6	 x29:0xffffffff x29=0xfffffff9
       15565000	      1555	800006f0	004c7fb3	and	x31,x24,x4	 x24:0x00000010  x4:0xfffffb63 x31=0x00000000
       15575000	      1556	800006f4	ff6edae3	bge	x29,x22,800006e8	 x29:0xfffffff9 x22:0xffffffee
       15585000	      1557	00000000	00000013	addi	x0,x0,0	  x0:0x00000000
       15595000	      1558	800006e4	00000013	addi	x0,x0,0	  x0:0x00000000
       15605000	      1559	800006e8	b516f693	andi	x13,x13,-1199	 x13:0x00d96a00 x13=0x00d96a00
       15615000	      1560	800006ec	ffae8e93	addi	x29,x29,-6	 x29:0xfffffff9 x29=0xfffffff3
       15625000	      1561	800006f0	004c7fb3	and	x31,x24,x4	 x24:0x00000010  x4:0xfffffb63 x31=0x00000000
       15635000	      1562	800006f4	ff6edae3	bge	x29,x22,800006e8	 x29:0xfffffff3 x22:0xffffffee
       15645000	      1563	00000000	00000013	addi	x0,x0,0	  x0:0x00000000
       15655000	      1564	800006e4	00000013	addi	x0,x0,0	  x0:0x00000000
       15665000	      1565	800006e8	b516f693	andi	x13,x13,-1199	 x13:0x00d96a00 x13=0x00d96a00
       15675000	      1566	800006ec	ffae8e93	addi	x29,x29,-6	 x29:0xfffffff3 x29=0xffffffed
       15685000	      1567	800006f0	004c7fb3	and	x31,x24,x4	 x24:0x00000010  x4:0xfffffb63 x31=0x00000000
       15695000	      1568	800006f4	ff6edae3	bge	x29,x22,800006e8	 x29:0xffffffed x22:0xffffffee
       15705000	      1569	800006f8	fc7172e3	bgeu	x2,x7,800006bc	  x2:0x00000004  x7:0x00000006
       15715000	      1570	800006fc	4011d833	sra	x16,x3,x1	  x3:0x00000001  x1:0xfef891de x16=0x00000000
       15725000	      1571	80000700	00500613	addi	x12,x0,5	  x0:0x00000000 x12=0x00000005
       15735000	      1572	80000704	00400f13	addi	x30,x0,4	  x0:0x00000000 x30=0x00000004
       15745000	      1573	80000708	019d6233	or	x4,x26,x25	 x26:0x038f2e19 x25:0xffffffff  x4=0xffffffff
       15755000	      1574	8000070c	9ae7fe93	andi	x29,x15,-1618	 x15:0xfef89000 x29=0xfef89000
       15765000	      1575	80000710	ffd60613	addi	x12,x12,-3	 x12:0x00000005 x12=0x00000002
       15775000	      1576	80000714	ff600313	addi	x6,x0,-10	  x0:0x00000000  x6=0xfffffff6
       15785000	      1577	80000718	01b07233	and	x4,x0,x27	  x0:0x00000000 x27:0x80009fc4  x4=0x00000000
       15795000	      1578	8000071c	ff100393	addi	x7,x0,-15	  x0:0x00000000  x7=0xfffffff1
       15805000	      1579	80000720	009a3533	sltu	x10,x20,x9	 x20:0xfffffec1  x9:0xfffffb77 x10=0x00000000
       15815000	      1580	80000724	ffb30313	addi	x6,x6,-5	  x6:0xfffffff6  x6=0xfffffff1
       15825000	      1581	80000728	fe730ce3	beq	x6,x7,80000720	  x6:0xfffffff1  x7:0xfffffff1
       15835000	      1582	00000000	00000013	addi	x0,x0,0	  x0:0x00000000
       15845000	      1583	8000071c	00000013	addi	x0,x0,0	  x0:0x00000000
       15855000	      1584	80000720	009a3533	sltu	x10,x20,x9	 x20:0xfffffec1  x9:0xfffffb77 x10=0x00000000
       15865000	      1585	80000724	ffb30313	addi	x6,x6,-5	  x6:0xfffffff1  x6=0xffffffec
       15875000	      1586	80000728	fe730ce3	beq	x6,x7,80000720	  x6:0xffffffec  x7:0xfffffff1
       15885000	      1587	8000072c	ffe670e3	bgeu	x12,x30,8000070c	 x12:0x00000002 x30:0x00000004
       15895000	      1588	80000730	542dc293	xori	x5,x27,1346	 x27:0x80009fc4  x5=0x80009a86
       15905000	      1589	80000734	ff800b93	addi	x23,x0,-8	  x0:0x00000000 x23=0xfffffff8
       15915000	      1590	80000738	41afd033	sra	x0,x31,x26	 x31:0x00000000 x26:0x038f2e19
       15925000	      1591	8000073c	93b7e293	ori	x5,x15,-1733	 x15:0xfef89000  x5=0xfffff93b
       15935000	      1592	80000740	01dc38b3	sltu	x17,x24,x29	 x24:0x00000010 x29:0xfef89000 x17=0x00000001
       15945000	      1593	80000744	012e9333	sll	x6,x29,x18	 x29:0xfef89000 x18:0x038f2e1e  x6=0x00000000
       15955000	      1594	80000748	ff300993	addi	x19,x0,-13	  x0:0x00000000 x19=0xfffffff3
       15965000	      1595	8000074c	020ef093	andi	x1,x29,32	 x29:0xfef89000  x1=0x00000000
       15975000	      1596	80000750	0e738713	addi	x14,x7,231	  x7:0xfffffff1 x14=0x000000d8
       15985000	      1597	80000754	0016ca33	xor	x20,x13,x1	 x13:0x00d96a00  x1:0x00000000 x20=0x00d96a00
       15995000	      1598	80000758	41a42293	slti	x5,x8,1050	  x8:0x43fc3000  x5=0x00000000
       16005000	      1599	8000075c	d8f9ae97	auipc	x29,0xd8f9a	 x29=0x58f9a758
       16015000	      1600	80000760	00827933	and	x18,x4,x8	  x4:0x00000000  x8:0x43fc3000 x18=0x00000000
       16025000	      1601	80000764	ffab8b93	addi	x23,x23,-6	 x23:0xfffffff8 x23=0xfffffff2
       16035000	      1602	80000768	7b6afe93	andi	x29,x21,1974	 x21:0x00000005 x29=0x00000004
       16045000	      1603	8000076c	008bdc93	srli	x25,x23,0x8	 x23:0xfffffff2 x25=0x00ffffff
       16055000	      1604	80000770	e6478793	addi	x15,x15,-412	 x15:0xfef89000 x15=0xfef88e64
       16065000	      1605	80000774	40198893	addi	x17,x19,1025	 x19:0xfffffff3 x17=0x000003f4
       16075000	      1606	80000778	00a00393	addi	x7,x0,10	  x0:0x00000000  x7=0x0000000a
       16085000	      1607	8000077c	00d00f93	addi	x31,x0,13	  x0:0x00000000 x31=0x0000000d
       16095000	      1608	80000780	0020a8b3	slt	x17,x1,x2	  x1:0x00000000  x2:0x00000004 x17=0x00000001
       16105000	      1609	80000784	01fdc833	xor	x16,x27,x31	 x27:0x80009fc4 x31:0x0000000d x16=0x80009fc9
       16115000	      1610	80000788	771e0a13	addi	x20,x28,1905	 x28:0x80009f04 x20=0x8000a675
       16125000	      1611	8000078c	00438393	addi	x7,x7,4	  x7:0x0000000a  x7=0x0000000e
       16135000	      1612	80000790	017c28b3	slt	x17,x24,x23	 x24:0x00000010 x23:0xfffffff2 x17=0x00000000
       16145000	      1613	80000794	fff3c6e3	blt	x7,x31,80000780	  x7:0x0000000e x31:0x0000000d
       16155000	      1614	80000798	014d1633	sll	x12,x26,x20	 x26:0x038f2e19 x20:0x8000a675 x12=0xc3200000
       16165000	      1615	8000079c	00c71c13	slli	x24,x14,0xc	 x14:0x000000d8 x24=0x000d8000
       16175000	      1616	800007a0	00000013	addi	x0,x0,0	  x0:0x00000000
       16185000	      1617	800007a4	01764cb3	xor	x25,x12,x23	 x12:0xc3200000 x23:0xfffffff2 x25=0x3cdffff2
       16195000	      1618	800007a8	6595e113	ori	x2,x11,1625	 x11:0x5150a000  x2=0x5150a659
       16205000	      1619	800007ac	bafc8e93	addi	x29,x25,-1105	 x25:0x3cdffff2 x29=0x3cdffba1
       16215000	      1620	800007b0	fb3bd0e3	bge	x23,x19,80000750	 x23:0xfffffff2 x19:0xfffffff3
       16225000	      1621	800007b4	b8cc2493	slti	x9,x24,-1140	 x24:0x000d8000  x9=0x00000000
       16235000	      1622	800007b8	00000013	addi	x0,x0,0	  x0:0x00000000
       16245000	      1623	800007bc	09ff5063	bge	x30,x31,8000083c	 x30:0x00000004 x31:0x0000000d
       16255000	      1624	800007c0	01751bb3	sll	x23,x10,x23	 x10:0x00000000 x23:0xfffffff2 x23=0x00000000
       16265000	      1625	800007c4	00a00613	addi	x12,x0,10	  x0:0x00000000 x12=0x0000000a
       16275000	      1626	800007c8	3ab50793	addi	x15,x10,939	 x10:0x00000000 x15=0x000003ab
       16285000	      1627	800007cc	00700413	addi	x8,x0,7	  x0:0x00000000  x8=0x00000007
       16295000	      1628	800007d0	5b7c4113	xori	x2,x24,1463	 x24:0x000d8000  x2=0x000d85b7
       16305000	      1629	800007d4	00653b33	sltu	x22,x10,x6	 x10:0x00000000  x6:0x00000000 x22=0x00000000
       16315000	      1630	800007d8	00cb1293	slli	x5,x22,0xc	 x22:0x00000000  x5=0x00000000
       16325000	      1631	800007dc	01159913	slli	x18,x11,0x11	 x11:0x5150a000 x18=0x40000000
       16335000	      1632	800007e0	4ba10f13	addi	x30,x2,1210	  x2:0x000d85b7 x30=0x000d8a71
       16345000	      1633	800007e4	010d12b3	sll	x5,x26,x16	 x26:0x038f2e19 x16:0x80009fc9  x5=0x1e5c3200
       16355000	      1634	800007e8	0e99a213	slti	x4,x19,233	 x19:0xfffffff3  x4=0x00000001
       16365000	      1635	800007ec	ffc60613	addi	x12,x12,-4	 x12:0x0000000a x12=0x00000006
       16375000	      1636	800007f0	6a1c3093	sltiu	x1,x24,1697	 x24:0x000d8000  x1=0x00000000
       16385000	      1637	800007f4	e60e8b93	addi	x23,x29,-416	 x29:0x3cdffba1 x23=0x3cdffa01
       16395000	      1638	800007f8	01331213	slli	x4,x6,0x13	  x6:0x00000000  x4=0x00000000
       16405000	      1639	800007fc	fc867ce3	bgeu	x12,x8,800007d4	 x12:0x00000006  x8:0x00000007
       16415000	      1640	80000800	01d64c33	xor	x24,x12,x29	 x12:0x00000006 x29:0x3cdffba1 x24=0x3cdffba7
       16425000	      1641	80000804	00f8d433	srl	x8,x17,x15	 x17:0x00000000 x15:0x000003ab  x8=0x00000000
       16435000	      1642	80000808	491f8213	addi	x4,x31,1169	 x31:0x0000000d  x4=0x0000049e
       16445000	      1643	8000080c	00000013	addi	x0,x0,0	  x0:0x00000000
       16455000	      1644	80000810	01a95b33	srl	x22,x18,x26	 x18:0x40000000 x26:0x038f2e19 x22=0x00000020
       16465000	      1645	80000814	03cd1663	bne	x26,x28,80000840	 x26:0x038f2e19 x28:0x80009f04
       16475000	      1646	00000000	00000013	addi	x0,x0,0	  x0:0x00000000
       16485000	      1647	8000083c	00000013	addi	x0,x0,0	  x0:0x00000000
       16495000	      1648	80000840	43aa7217	auipc	x4,0x43aa7	  x4=0xc3aa783c
       16505000	      1649	80000844	5bb5ba93	sltiu	x21,x11,1467	 x11:0x5150a000 x21=0x00000000
       16515000	      1650	80000848	5eff8c37	lui	x24,0x5eff8	 x24=0x5eff8000
       16525000	      1651	8000084c	00689ab3	sll	x21,x17,x6	 x17:0x00000000  x6:0x00000000 x21=0x00000000
       16535000	      1652	80000850	83114017	auipc	x0,0x83114	
       16545000	      1653	80000854	01e12a33	slt	x20,x2,x30	  x2:0x000d85b7 x30:0x000d8a71 x20=0x00000001
       16555000	      1654	80000858	b95ed8b7	lui	x17,0xb95ed	 x17=0xb95ed000
       16565000	      1655	8000085c	00c7f263	bgeu	x15,x12,80000860	 x15:0x000003ab x12:0x00000006
       16575000	      1656	00000000	00000013	addi	x0,x0,0	  x0:0x00000000
       16585000	      1657	8000085c	00000013	addi	x0,x0,0	  x0:0x00000000
       16595000	      1658	80000860	000355b3	srl	x11,x6,x0	  x6:0x00000000  x0:0x00000000 x11=0x00000000
       16605000	      1659	80000864	01e8f263	bgeu	x17,x30,80000868	 x17:0xb95ed000 x30:0x000d8a71
       16615000	      1660	00000000	00000013	addi	x0,x0,0	  x0:0x00000000
       16625000	      1661	80000864	00000013	addi	x0,x0,0	  x0:0x00000000
       16635000	      1662	80000868	01332b33	slt	x22,x6,x19	  x6:0x00000000 x19:0xfffffff3 x22=0x00000000
       16645000	      1663	8000086c	00d07b13	andi	x22,x0,13	  x0:0x00000000 x22=0x00000000
       16655000	      1664	80000870	00848a33	add	x20,x9,x8	  x9:0x00000000  x8:0x00000000 x20=0x00000000
       16665000	      1665	80000874	008251b3	srl	x3,x4,x8	  x4:0xc3aa783c  x8:0x00000000  x3=0xc3aa783c
       16675000	      1666	80000878	00000013	addi	x0,x0,0	  x0:0x00000000
       16685000	      1667	8000087c	2876e393	ori	x7,x13,647	 x13:0x00d96a00  x7=0x00d96a87
       16695000	      1668	80000880	fa22f693	andi	x13,x5,-94	  x5:0x1e5c3200 x13=0x1e5c3200
       16705000	      1669	80000884	04525663	bge	x4,x5,800008d0	  x4:0xc3aa783c  x5:0x1e5c3200
       16715000	      1670	80000888	00cee9b3	or	x19,x29,x12	 x29:0x3cdffba1 x12:0x00000006 x19=0x3cdffba7
       16725000	      1671	8000088c	00efdeb3	srl	x29,x31,x14	 x31:0x0000000d x14:0x000000d8 x29=0x00000000
       16735000	      1672	80000890	00a61fb3	sll	x31,x12,x10	 x12:0x00000006 x10:0x00000000 x31=0x00000006
       16745000	      1673	80000894	00fff463	bgeu	x31,x15,8000089c	 x31:0x00000006 x15:0x000003ab
       16755000	      1674	80000898	072a6c63	bltu	x20,x18,80000910	 x20:0x00000000 x18:0x40000000
       16765000	      1675	00000000	00000013	addi	x0,x0,0	  x0:0x00000000
       16775000	      1676	8000090c	00000013	addi	x0,x0,0	  x0:0x00000000
       16785000	      1677	80000910	01cedc13	srli	x24,x29,0x1c	 x29:0x00000000 x24=0x00000000
       16795000	      1678	80000914	05c2d263	bge	x5,x28,80000958	  x5:0x1e5c3200 x28:0x80009f04
       16805000	      1679	00000000	00000013	addi	x0,x0,0	  x0:0x00000000
       16815000	      1680	80000954	00000013	addi	x0,x0,0	  x0:0x00000000
       16825000	      1681	80000958	31b5f617	auipc	x12,0x31b5f	 x12=0xb1b5f954
       16835000	      1682	8000095c	031a9e63	bne	x21,x17,80000998	 x21:0x00000000 x17:0xb95ed000
       16845000	      1683	00000000	00000013	addi	x0,x0,0	  x0:0x00000000
       16855000	      1684	80000994	00000013	addi	x0,x0,0	  x0:0x00000000
       16865000	      1685	80000998	8d814417	auipc	x8,0x8d814	  x8=0x0d814994
       16875000	      1686	8000099c	00bc5733	srl	x14,x24,x11	 x24:0x00000000 x11:0x00000000 x14=0x00000000
       16885000	      1687	800009a0	0171ea63	bltu	x3,x23,800009b4	  x3:0xc3aa783c x23:0x3cdffa01
       16895000	      1688	800009a4	01f997b3	sll	x15,x19,x31	 x19:0x3cdffba7 x31:0x00000006 x15=0x37fee9c0
       16905000	      1689	800009a8	01640833	add	x16,x8,x22	  x8:0x0d814994 x22:0x00000000 x16=0x0d814994
       16915000	      1690	800009ac	794ba913	slti	x18,x23,1940	 x23:0x3cdffa01 x18=0x00000000
       16925000	      1691	800009b0	01649533	sll	x10,x9,x22	  x9:0x00000000 x22:0x00000000 x10=0x00000000
       16935000	      1692	800009b4	a85d3393	sltiu	x7,x26,-1403	 x26:0x038f2e19  x7=0x00000001
       16945000	      1693	800009b8	003b9b33	sll	x22,x23,x3	 x23:0x3cdffa01  x3:0xc3aa783c x22=0x10000000
       16955000	      1694	800009bc	f380e093	ori	x1,x1,-200	  x1:0x00000000  x1=0xffffff38
       16965000	      1695	800009c0	4174dcb3	sra	x25,x9,x23	  x9:0x00000000 x23:0x3cdffa01 x25=0x00000000
       16975000	      1696	800009c4	01328463	beq	x5,x19,800009cc	  x5:0x1e5c3200 x19:0x3cdffba7
       16985000	      1697	800009c8	0058cf93	xori	x31,x17,5	 x17:0xb95ed000 x31=0xb95ed005
       16995000	      1698	800009cc	01495093	srli	x1,x18,0x14	 x18:0x00000000  x1=0x00000000
       17005000	      1699	800009d0	026e7c63	bgeu	x28,x6,80000a08	 x28:0x80009f04  x6:0x00000000
       17015000	      1700	00000000	00000013	addi	x0,x0,0	  x0:0x00000000
       17025000	      1701	80000a04	00000013	addi	x0,x0,0	  x0:0x00000000
       17035000	      1702	80000a08	bd4fb093	sltiu	x1,x31,-1068	 x31:0xb95ed005  x1=0x00000001
       17045000	      1703	80000a0c	015b83b3	add	x7,x23,x21	 x23:0x3cdffa01 x21:0x00000000  x7=0x3cdffa01
       17055000	      1704	80000a10	f6f4bc13	sltiu	x24,x9,-145	  x9:0x00000000 x24=0x00000001
       17065000	      1705	80000a14	02827863	bgeu	x4,x8,80000a44	  x4:0xc3aa783c  x8:0x0d814994
       17075000	      1706	00000000	00000013	addi	x0,x0,0	  x0:0x00000000
       17085000	      1707	80000a40	00000013	addi	x0,x0,0	  x0:0x00000000
       17095000	      1708	80000a44	41f8d2b3	sra	x5,x17,x31	 x17:0xb95ed000 x31:0xb95ed005  x5=0xfdcaf680
       17105000	      1709	80000a48	41bd8433	sub	x8,x27,x27	 x27:0x80009fc4 x27:0x80009fc4  x8=0x00000000
       17115000	      1710	80000a4c	00fedb33	srl	x22,x29,x15	 x29:0x00000000 x15:0x37fee9c0 x22=0x00000000
       17125000	      1711	80000a50	ceb96393	ori	x7,x18,-789	 x18:0x00000000  x7=0xfffffceb
       17135000	      1712	80000a54	d1bfab93	slti	x23,x31,-741	 x31:0xb95ed005 x23=0x00000001
       17145000	      1713	80000a58	d954c813	xori	x16,x9,-619	  x9:0x00000000 x16=0xfffffd95
       17155000	      1714	80000a5c	00b80033	add	x0,x16,x11	 x16:0xfffffd95 x11:0x00000000
       17165000	      1715	80000a60	0143d5b3	srl	x11,x7,x20	  x7:0xfffffceb x20:0x00000000 x11=0xfffffceb
       17175000	      1716	80000a64	01d09333	sll	x6,x1,x29	  x1:0x00000001 x29:0x00000000  x6=0x00000001
       17185000	      1717	80000a68	e4933913	sltiu	x18,x6,-439	  x6:0x00000001 x18=0x00000001
       17195000	      1718	80000a6c	004adf13	srli	x30,x21,0x4	 x21:0x00000000 x30=0x00000000
       17205000	      1719	80000a70	f95d49b7	lui	x19,0xf95d4	 x19=0xf95d4000
       17215000	      1720	80000a74	03875c63	bge	x14,x24,80000aac	 x14:0x00000000 x24:0x00000001
       17225000	      1721	80000a78	40510fb3	sub	x31,x2,x5	  x2:0x000d85b7  x5:0xfdcaf680 x31=0x02428f37
       17235000	      1722	80000a7c	00000013	addi	x0,x0,0	  x0:0x00000000
       17245000	      1723	80000a80	01afb133	sltu	x2,x31,x26	 x31:0x02428f37 x26:0x038f2e19  x2=0x00000001
       17255000	      1724	80000a84	005655b3	srl	x11,x12,x5	 x12:0xb1b5f954  x5:0xfdcaf680 x11=0xb1b5f954
       17265000	      1725	80000a88	0020df33	srl	x30,x1,x2	  x1:0x00000001  x2:0x00000001 x30=0x00000000
       17275000	      1726	80000a8c	414002b3	sub	x5,x0,x20	  x0:0x00000000 x20:0x00000000  x5=0x00000000
       17285000	      1727	80000a90	01c85b33	srl	x22,x16,x28	 x16:0xfffffd95 x28:0x80009f04 x22=0x0fffffd9
       17295000	      1728	80000a94	40345913	srai	x18,x8,0x3	  x8:0x00000000 x18=0x00000000
       17305000	      1729	80000a98	004e5463	bge	x28,x4,80000aa0	 x28:0x80009f04  x4:0xc3aa783c
       17315000	      1730	80000a9c	01fbd913	srli	x18,x23,0x1f	 x23:0x00000001 x18=0x00000000
       17325000	      1731	80000aa0	03545e63	bge	x8,x21,80000adc	  x8:0x00000000 x21:0x00000000
       17335000	      1732	00000000	00000013	addi	x0,x0,0	  x0:0x00000000
       17345000	      1733	80000ad8	00000013	addi	x0,x0,0	  x0:0x00000000
       17355000	      1734	80000adc	01adbab3	sltu	x21,x27,x26	 x27:0x80009fc4 x26:0x038f2e19 x21=0x00000000
       17365000	      1735	80000ae0	00b15e63	bge	x2,x11,80000afc	  x2:0x00000001 x11:0xb1b5f954
       17375000	      1736	00000000	00000013	addi	x0,x0,0	  x0:0x00000000
       17385000	      1737	80000af8	00000013	addi	x0,x0,0	  x0:0x00000000
       17395000	      1738	80000afc	bacf0f93	addi	x31,x30,-1108	 x30:0x00000000 x31=0xfffffbac
       17405000	      1739	80000b00	40fe5633	sra	x12,x28,x15	 x28:0x80009f04 x15:0x37fee9c0 x12=0x80009f04
       17415000	      1740	80000b04	928f0a13	addi	x20,x30,-1752	 x30:0x00000000 x20=0xfffff928
       17425000	      1741	80000b08	48716713	ori	x14,x2,1159	  x2:0x00000001 x14=0x00000487
       17435000	      1742	80000b0c	981a8b93	addi	x23,x21,-1663	 x21:0x00000000 x23=0xfffff981
       17445000	      1743	80000b10	22f1a337	lui	x6,0x22f1a	  x6=0x22f1a000
       17455000	      1744	80000b14	d515a013	slti	x0,x11,-687	 x11:0xb1b5f954
       17465000	      1745	80000b18	02caec63	bltu	x21,x12,80000b50	 x21:0x00000000 x12:0x80009f04
       17475000	      1746	00000000	00000013	addi	x0,x0,0	  x0:0x00000000
       17485000	      1747	80000b4c	00000013	addi	x0,x0,0	  x0:0x00000000
       17495000	      1748	80000b50	010857b3	srl	x15,x16,x16	 x16:0xfffffd95 x16:0xfffffd95 x15=0x000007ff
       17505000	      1749	80000b54	0138d433	srl	x8,x17,x19	 x17:0xb95ed000 x19:0xf95d4000  x8=0xb95ed000
       17515000	      1750	80000b58	412e8633	sub	x12,x29,x18	 x29:0x00000000 x18:0x00000000 x12=0x00000000
       17525000	      1751	80000b5c	014b15b3	sll	x11,x22,x20	 x22:0x0fffffd9 x20:0xfffff928 x11=0xffffd900
       17535000	      1752	80000b60	0258fc63	bgeu	x17,x5,80000b98	 x17:0xb95ed000  x5:0x00000000
       17545000	      1753	00000000	00000013	addi	x0,x0,0	  x0:0x00000000
       17555000	      1754	80000b94	00000013	addi	x0,x0,0	  x0:0x00000000
       17565000	      1755	80000b98	00a67c63	bgeu	x12,x10,80000bb0	 x12:0x00000000 x10:0x00000000
       17575000	      1756	00000000	00000013	addi	x0,x0,0	  x0:0x00000000
       17585000	      1757	80000bac	00000013	addi	x0,x0,0	  x0:0x00000000
       17595000	      1758	80000bb0	400bde93	srai	x29,x23,0x0	 x23:0xfffff981 x29=0xfffff981
       17605000	      1759	80000bb4	009ad5b3	srl	x11,x21,x9	 x21:0x00000000  x9:0x00000000 x11=0x00000000
       17615000	      1760	80000bb8	06d75e63	bge	x14,x13,80000c34	 x14:0x00000487 x13:0x1e5c3200
       17625000	      1761	80000bbc	0072e463	bltu	x5,x7,80000bc4	  x5:0x00000000  x7:0xfffffceb
       17635000	      1762	00000000	00000013	addi	x0,x0,0	  x0:0x00000000
       17645000	      1763	80000bc0	00000013	addi	x0,x0,0	  x0:0x00000000
       17655000	      1764	80000bc4	3ebc2ab7	lui	x21,0x3ebc2	 x21=0x3ebc2000
       17665000	      1765	80000bc8	40d086b3	sub	x13,x1,x13	  x1:0x00000001 x13:0x1e5c3200 x13=0xe1a3ce01
       17675000	      1766	80000bcc	014d96b3	sll	x13,x27,x20	 x27:0x80009fc4 x20:0xfffff928 x13=0x009fc400
       17685000	      1767	80000bd0	00000013	addi	x0,x0,0	  x0:0x00000000
       17695000	      1768	80000bd4	01f47133	and	x2,x8,x31	  x8:0xb95ed000 x31:0xfffffbac  x2=0xb95ed000
       17705000	      1769	80000bd8	07587463	bgeu	x16,x21,80000c40	 x16:0xfffffd95 x21:0x3ebc2000
       17715000	      1770	00000000	00000013	addi	x0,x0,0	  x0:0x00000000
       17725000	      1771	80000c3c	00000013	addi	x0,x0,0	  x0:0x00000000
       17735000	      1772	80000c40	009348b3	xor	x17,x6,x9	  x6:0x22f1a000  x9:0x00000000 x17=0x22f1a000
       17745000	      1773	80000c44	0265dc63	bge	x11,x6,80000c7c	 x11:0x00000000  x6:0x22f1a000
       17755000	      1774	80000c48	0054a8b3	slt	x17,x9,x5	  x9:0x00000000  x5:0x00000000 x17=0x00000000
       17765000	      1775	80000c4c	00ea5a13	srli	x20,x20,0xe	 x20:0xfffff928 x20=0x0003ffff
       17775000	      1776	80000c50	003ef463	bgeu	x29,x3,80000c58	 x29:0xfffff981  x3:0xc3aa783c
       17785000	      1777	00000000	00000013	addi	x0,x0,0	  x0:0x00000000
       17795000	      1778	80000c54	00000013	addi	x0,x0,0	  x0:0x00000000
       17805000	      1779	80000c58	043b4863	blt	x22,x3,80000ca8	 x22:0x0fffffd9  x3:0xc3aa783c
       17815000	      1780	80000c5c	01a02bb3	slt	x23,x0,x26	  x0:0x00000000 x26:0x038f2e19 x23=0x00000001
       17825000	      1781	80000c60	7bdfb813	sltiu	x16,x31,1981	 x31:0xfffffbac x16=0x00000000
       17835000	      1782	80000c64	01bd1c63	bne	x26,x27,80000c7c	 x26:0x038f2e19 x27:0x80009fc4
       17845000	      1783	00000000	00000013	addi	x0,x0,0	  x0:0x00000000
       17855000	      1784	80000c78	00000013	addi	x0,x0,0	  x0:0x00000000
       17865000	      1785	80000c7c	f3e5a4b7	lui	x9,0xf3e5a	  x9=0xf3e5a000
       17875000	      1786	80000c80	018697b3	sll	x15,x13,x24	 x13:0x009fc400 x24:0x00000001 x15=0x013f8800
       17885000	      1787	80000c84	41550933	sub	x18,x10,x21	 x10:0x00000000 x21:0x3ebc2000 x18=0xc143e000
       17895000	      1788	80000c88	00cdd633	srl	x12,x27,x12	 x27:0x80009fc4 x12:0x00000000 x12=0x80009fc4
       17905000	      1789	80000c8c	7e198313	addi	x6,x19,2017	 x19:0xf95d4000  x6=0xf95d47e1
       17915000	      1790	80000c90	05b47e93	andi	x29,x8,91	  x8:0xb95ed000 x29=0x00000000
       17925000	      1791	80000c94	0209d063	bge	x19,x0,80000cb4	 x19:0xf95d4000  x0:0x00000000
       17935000	      1792	80000c98	00000013	addi	x0,x0,0	  x0:0x00000000
       17945000	      1793	80000c9c	0095e333	or	x6,x11,x9	 x11:0x00000000  x9:0xf3e5a000  x6=0xf3e5a000
       17955000	      1794	80000ca0	0040a9b3	slt	x19,x1,x4	  x1:0x00000001  x4:0xc3aa783c x19=0x00000000
       17965000	      1795	80000ca4	7d2a7593	andi	x11,x20,2002	 x20:0x0003ffff x11=0x000007d2
       17975000	      1796	80000ca8	97dde193	ori	x3,x27,-1667	 x27:0x80009fc4  x3=0xfffffffd
       17985000	      1797	80000cac	0124f6b3	and	x13,x9,x18	  x9:0xf3e5a000 x18:0xc143e000 x13=0xc141a000
       17995000	      1798	80000cb0	00000013	addi	x0,x0,0	  x0:0x00000000
       18005000	      1799	80000cb4	0136b693	sltiu	x13,x13,19	 x13:0xc141a000 x13=0x00000000
       18015000	      1800	80000cb8	aa3a4093	xori	x1,x20,-1373	 x20:0x0003ffff  x1=0xfffc055c
       18025000	      1801	80000cbc	01cf5263	bge	x30,x28,80000cc0	 x30:0x00000000 x28:0x80009f04
       18035000	      1802	00000000	00000013	addi	x0,x0,0	  x0:0x00000000
       18045000	      1803	80000cbc	00000013	addi	x0,x0,0	  x0:0x00000000
       18055000	      1804	80000cc0	03e9ee63	bltu	x19,x30,80000cfc	 x19:0x00000000 x30:0x00000000
       18065000	      1805	80000cc4	002cc5b3	xor	x11,x25,x2	 x25:0x00000000  x2:0xb95ed000 x11=0xb95ed000
       18075000	      1806	80000cc8	0187a9b3	slt	x19,x15,x24	 x15:0x013f8800 x24:0x00000001 x19=0x00000000
       18085000	      1807	80000ccc	034b5263	bge	x22,x20,80000cf0	 x22:0x0fffffd9 x20:0x0003ffff
       18095000	      1808	00000000	00000013	addi	x0,x0,0	  x0:0x00000000
       18105000	      1809	80000cec	00000013	addi	x0,x0,0	  x0:0x00000000
       18115000	      1810	80000cf0	03ddee63	bltu	x27,x29,80000d2c	 x27:0x80009fc4 x29:0x00000000
       18125000	      1811	80000cf4	012e9533	sll	x10,x29,x18	 x29:0x00000000 x18:0xc143e000 x10=0x00000000
       18135000	      1812	80000cf8	013e8033	add	x0,x29,x19	 x29:0x00000000 x19:0x00000000
       18145000	      1813	80000cfc	40d4d213	srai	x4,x9,0xd	  x9:0xf3e5a000  x4=0xffff9f2d
       18155000	      1814	80000d00	00f7d933	srl	x18,x15,x15	 x15:0x013f8800 x15:0x013f8800 x18=0x013f8800
       18165000	      1815	80000d04	85fc7a13	andi	x20,x24,-1953	 x24:0x00000001 x20=0x00000001
       18175000	      1816	80000d08	013c8ab3	add	x21,x25,x19	 x25:0x00000000 x19:0x00000000 x21=0x00000000
       18185000	      1817	80000d0c	00855a63	bge	x10,x8,80000d20	 x10:0x00000000  x8:0xb95ed000
       18195000	      1818	00000000	00000013	addi	x0,x0,0	  x0:0x00000000
       18205000	      1819	80000d1c	00000013	addi	x0,x0,0	  x0:0x00000000
       18215000	      1820	80000d20	013a7133	and	x2,x20,x19	 x20:0x00000001 x19:0x00000000  x2=0x00000000
       18225000	      1821	80000d24	5914f393	andi	x7,x9,1425	  x9:0xf3e5a000  x7=0x00000000
       18235000	      1822	80000d28	01ea1b13	slli	x22,x20,0x1e	 x20:0x00000001 x22=0x40000000
       18245000	      1823	80000d2c	21132793	slti	x15,x6,529	  x6:0xf3e5a000 x15=0x00000001
       18255000	      1824	80000d30	f4480113	addi	x2,x16,-188	 x16:0x00000000  x2=0xffffff44
       18265000	      1825	80000d34	00f3a633	slt	x12,x7,x15	  x7:0x00000000 x15:0x00000001 x12=0x00000001
       18275000	      1826	80000d38	1a1ae813	ori	x16,x21,417	 x21:0x00000000 x16=0x000001a1
       18285000	      1827	80000d3c	00d2e433	or	x8,x5,x13	  x5:0x00000000 x13:0x00000000  x8=0x00000000
       18295000	      1828	80000d40	0081bf33	sltu	x30,x3,x8	  x3:0xfffffffd  x8:0x00000000 x30=0x00000000
       18305000	      1829	80000d44	03b39063	bne	x7,x27,80000d64	  x7:0x00000000 x27:0x80009fc4
       18315000	      1830	00000000	00000013	addi	x0,x0,0	  x0:0x00000000
       18325000	      1831	80000d60	00000013	addi	x0,x0,0	  x0:0x00000000
       18335000	      1832	80000d64	001c9c13	slli	x24,x25,0x1	 x25:0x00000000 x24=0x00000000
       18345000	      1833	80000d68	bdaa4a93	xori	x21,x20,-1062	 x20:0x00000001 x21=0xfffffbdb
       18355000	      1834	80000d6c	00821263	bne	x4,x8,80000d70	  x4:0xffff9f2d  x8:0x00000000
       18365000	      1835	00000000	00000013	addi	x0,x0,0	  x0:0x00000000
       18375000	      1836	80000d6c	00000013	addi	x0,x0,0	  x0:0x00000000
       18385000	      1837	80000d70	432c8513	addi	x10,x25,1074	 x25:0x00000000 x10=0x00000432
       18395000	      1838	80000d74	0114d463	bge	x9,x17,80000d7c	  x9:0xf3e5a000 x17:0x00000000
       18405000	      1839	80000d78	02e04863	blt	x0,x14,80000da8	  x0:0x00000000 x14:0x00000487
       18415000	      1840	00000000	00000013	addi	x0,x0,0	  x0:0x00000000
       18425000	      1841	80000da4	00000013	addi	x0,x0,0	  x0:0x00000000
       18435000	      1842	80000da8	5eedc313	xori	x6,x27,1518	 x27:0x80009fc4  x6=0x80009a2a
       18445000	      1843	80000dac	33a9b913	sltiu	x18,x19,826	 x19:0x00000000 x18=0x00000001
       18455000	      1844	80000db0	41510c33	sub	x24,x2,x21	  x2:0xffffff44 x21:0xfffffbdb x24=0x00000369
       18465000	      1845	80000db4	00335813	srli	x16,x6,0x3	  x6:0x80009a2a x16=0x10001345
       18475000	      1846	80000db8	14a8b093	sltiu	x1,x17,330	 x17:0x00000000  x1=0x00000001
       18485000	      1847	80000dbc	c41e4f97	auipc	x31,0xc41e4	 x31=0x441e4db8
       18495000	      1848	80000dc0	00fadcb3	srl	x25,x21,x15	 x21:0xfffffbdb x15:0x00000001 x25=0x7ffffded
       18505000	      1849	80000dc4	ce0e8813	addi	x16,x29,-800	 x29:0x00000000 x16=0xfffffce0
       18515000	      1850	80000dc8	c42b2b13	slti	x22,x22,-958	 x22:0x40000000 x22=0x00000000
       18525000	      1851	80000dcc	03ca5e63	bge	x20,x28,80000e08	 x20:0x00000001 x28:0x80009f04
       18535000	      1852	00000000	00000013	addi	x0,x0,0	  x0:0x00000000
       18545000	      1853	80000e04	00000013	addi	x0,x0,0	  x0:0x00000000
       18555000	      1854	80000e08	00000013	addi	x0,x0,0	  x0:0x00000000
       18565000	      1855	80000e0c	027b7e63	bgeu	x22,x7,80000e48	 x22:0x00000000  x7:0x00000000
       18575000	      1856	00000000	00000013	addi	x0,x0,0	  x0:0x00000000
       18585000	      1857	80000e44	00000013	addi	x0,x0,0	  x0:0x00000000
       18595000	      1858	80000e48	01fea6b3	slt	x13,x29,x31	 x29:0x00000000 x31:0x441e4db8 x13=0x00000001
       18605000	      1859	80000e4c	00a07c63	bgeu	x0,x10,80000e64	  x0:0x00000000 x10:0x00000432
       18615000	      1860	80000e50	03967c63	bgeu	x12,x25,80000e88	 x12:0x00000001 x25:0x7ffffded
       18625000	      1861	80000e54	419adab3	sra	x21,x21,x25	 x21:0xfffffbdb x25:0x7ffffded x21=0xffffffff
       18635000	      1862	80000e58	01fb12b3	sll	x5,x22,x31	 x22:0x00000000 x31:0x441e4db8  x5=0x00000000
       18645000	      1863	80000e5c	01636933	or	x18,x6,x22	  x6:0x80009a2a x22:0x00000000 x18=0x80009a2a
       18655000	      1864	80000e60	41147113	andi	x2,x8,1041	  x8:0x00000000  x2=0x00000000
       18665000	      1865	80000e64	40295b13	srai	x22,x18,0x2	 x18:0x80009a2a x22=0xe000268a
       18675000	      1866	80000e68	8af1a993	slti	x19,x3,-1873	  x3:0xfffffffd x19=0x00000000
       18685000	      1867	80000e6c	7d1389b7	lui	x19,0x7d138	 x19=0x7d138000
       18695000	      1868	80000e70	04acf663	bgeu	x25,x10,80000ebc	 x25:0x7ffffded x10:0x00000432
       18705000	      1869	00000000	00000013	addi	x0,x0,0	  x0:0x00000000
       18715000	      1870	80000eb8	00000013	addi	x0,x0,0	  x0:0x00000000
       18725000	      1871	80000ebc	0056f5b3	and	x11,x13,x5	 x13:0x00000001  x5:0x00000000 x11=0x00000000
       18735000	      1872	80000ec0	41c46593	ori	x11,x8,1052	  x8:0x00000000 x11=0x0000041c
       18745000	      1873	80000ec4	00b3c433	xor	x8,x7,x11	  x7:0x00000000 x11:0x0000041c  x8=0x0000041c
       18755000	      1874	80000ec8	198d8a13	addi	x20,x27,408	 x27:0x80009fc4 x20=0x8000a15c
       18765000	      1875	80000ecc	04f60e63	beq	x12,x15,80000f28	 x12:0x00000001 x15:0x00000001
       18775000	      1876	00000000	00000013	addi	x0,x0,0	  x0:0x00000000
       18785000	      1877	80000f24	00000013	addi	x0,x0,0	  x0:0x00000000
       18795000	      1878	80000f28	00589813	slli	x16,x17,0x5	 x17:0x00000000 x16=0x00000000
       18805000	      1879	80000f2c	01160cb3	add	x25,x12,x17	 x12:0x00000001 x17:0x00000000 x25=0x00000001
       18815000	      1880	80000f30	41ccd213	srai	x4,x25,0x1c	 x25:0x00000001  x4=0x00000000
       18825000	      1881	80000f34	ced50713	addi	x14,x10,-787	 x10:0x00000432 x14=0x0000011f
       18835000	      1882	80000f38	00e8dcb3	srl	x25,x17,x14	 x17:0x00000000 x14:0x0000011f x25=0x00000000
       18845000	      1883	80000f3c	9690fa13	andi	x20,x1,-1687	  x1:0x00000001 x20=0x00000001
       18855000	      1884	80000f40	0094b433	sltu	x8,x9,x9	  x9:0xf3e5a000  x9:0xf3e5a000  x8=0x00000000
       18865000	      1885	80000f44	a2c8f513	andi	x10,x17,-1492	 x17:0x00000000 x10=0x00000000
       18875000	      1886	80000f48	280b8893	addi	x17,x23,640	 x23:0x00000001 x17=0x00000281
       18885000	      1887	80000f4c	5685af13	slti	x30,x11,1384	 x11:0x0000041c x30=0x00000001
       18895000	      1888	80000f50	6dafca93	xori	x21,x31,1754	 x31:0x441e4db8 x21=0x441e4b62
       18905000	      1889	80000f54	015bc333	xor	x6,x23,x21	 x23:0x00000001 x21:0x441e4b62  x6=0x441e4b63
       18915000	      1890	80000f58	02544263	blt	x8,x5,80000f7c	  x8:0x00000000  x5:0x00000000
       18925000	      1891	80000f5c	0126c233	xor	x4,x13,x18	 x13:0x00000001 x18:0x80009a2a  x4=0x80009a2b
       18935000	      1892	80000f60	ad45b793	sltiu	x15,x11,-1324	 x11:0x0000041c x15=0x00000001
       18945000	      1893	80000f64	024cfc63	bgeu	x25,x4,80000f9c	 x25:0x00000000  x4:0x80009a2b
       18955000	      1894	80000f68	01d9aeb3	slt	x29,x19,x29	 x19:0x7d138000 x29:0x00000000 x29=0x00000000
       18965000	      1895	80000f6c	061c6493	ori	x9,x24,97	 x24:0x00000369  x9=0x00000369
       18975000	      1896	80000f70	01d393b3	sll	x7,x7,x29	  x7:0x00000000 x29:0x00000000  x7=0x00000000
       18985000	      1897	80000f74	403f5fb3	sra	x31,x30,x3	 x30:0x00000001  x3:0xfffffffd x31=0x00000000
       18995000	      1898	80000f78	00065893	srli	x17,x12,0x0	 x12:0x00000001 x17=0x00000001
       19005000	      1899	80000f7c	02fbfc63	bgeu	x23,x15,80000fb4	 x23:0x00000001 x15:0x00000001
       19015000	      1900	00000000	00000013	addi	x0,x0,0	  x0:0x00000000
       19025000	      1901	80000fb0	00000013	addi	x0,x0,0	  x0:0x00000000
       19035000	      1902	80000fb4	00000013	addi	x0,x0,0	  x0:0x00000000
       19045000	      1903	80000fb8	e2c14693	xori	x13,x2,-468	  x2:0x00000000 x13=0xfffffe2c
       19055000	      1904	80000fbc	08d27c13	andi	x24,x4,141	  x4:0x80009a2b x24=0x00000009
       19065000	      1905	80000fc0	01b23833	sltu	x16,x4,x27	  x4:0x80009a2b x27:0x80009fc4 x16=0x00000001
       19075000	      1906	80000fc4	02959e63	bne	x11,x9,80001000	 x11:0x0000041c  x9:0x00000369
       19085000	      1907	00000000	00000013	addi	x0,x0,0	  x0:0x00000000
       19095000	      1908	80000ffc	00000013	addi	x0,x0,0	  x0:0x00000000
       19105000	      1909	80001000	014c5393	srli	x7,x24,0x14	 x24:0x00000009  x7=0x00000000
       19115000	      1910	80001004	8833ef93	ori	x31,x7,-1917	  x7:0x00000000 x31=0xfffff883
       19125000	      1911	80001008	c22bf613	andi	x12,x23,-990	 x23:0x00000001 x12=0x00000000
       19135000	      1912	8000100c	8baa3913	sltiu	x18,x20,-1862	 x20:0x00000001 x18=0x00000001
       19145000	      1913	80001010	012c4263	blt	x24,x18,80001014	 x24:0x00000009 x18:0x00000001
       19155000	      1914	80001014	00f69793	slli	x15,x13,0xf	 x13:0xfffffe2c x15=0xff160000
       19165000	      1915	80001018	004e2483	lw	x9,4(x28)	 x28:0x80009f04  x9=0x80001ef8 PA:0x80009f08
       19175000	      1916	00000000	00000013	addi	x0,x0,0	  x0:0x00000000
       19185000	      1917	8000101c	8e84c593	xori	x11,x9,-1816	  x9:0x80001ef8 x11=0x7fffe610
       19195000	      1918	80001020	c45a4f37	lui	x30,0xc45a4	 x30=0xc45a4000
       19205000	      1919	80001024	41f38a33	sub	x20,x7,x31	  x7:0x00000000 x31:0xfffff883 x20=0x0000077d
       19215000	      1920	80001028	412fd0b3	sra	x1,x31,x18	 x31:0xfffff883 x18:0x00000001  x1=0xfffffc41
       19225000	      1921	8000102c	004f63b3	or	x7,x30,x4	 x30:0xc45a4000  x4:0x80009a2b  x7=0xc45ada2b
       19235000	      1922	80001030	401651b3	sra	x3,x12,x1	 x12:0x00000000  x1:0xfffffc41  x3=0x00000000
       19245000	      1923	80001034	e5f27a13	andi	x20,x4,-417	  x4:0x80009a2b x20=0x80009a0b
       19255000	      1924	80001038	024e0e13	addi	x28,x28,36	 x28:0x80009f04 x28=0x80009f28
       19265000	      1925	8000103c	bae4c993	xori	x19,x9,-1106	  x9:0x80001ef8 x19=0x7fffe556
       19275000	      1926	80001040	410a0bb3	sub	x23,x20,x16	 x20:0x80009a0b x16:0x00000001 x23=0x80009a0a
       19285000	      1927	80001044	00048693	addi	x13,x9,0	  x9:0x80001ef8 x13=0x80001ef8
       19295000	      1928	80001048	000686e7	jalr	x13,x13,0	 x13:0x80001ef8 x13=0x80001048
       19305000	      1929	00000000	00000013	addi	x0,x0,0	  x0:0x00000000
       19315000	      1930	80001ef8	00000013	addi	x0,x0,0	  x0:0x00000000
       19325000	      1931	80001efc	032a8c63	beq	x21,x18,80001f34	 x21:0x441e4b62 x18:0x00000001
       19335000	      1932	80001f00	d2bc1e97	auipc	x29,0xd2bc1	 x29=0x52bc2efc
       19345000	      1933	80001f04	00401cb3	sll	x25,x0,x4	  x0:0x00000000  x4:0x80009a2b x25=0x00000000
       19355000	      1934	80001f08	01c6afb3	slt	x31,x13,x28	 x13:0x80001048 x28:0x80009f28 x31=0x00000001
       19365000	      1935	80001f0c	013d9cb3	sll	x25,x27,x19	 x27:0x80009fc4 x19:0x7fffe556 x25=0xf1000000
       19375000	      1936	80001f10	4e678f13	addi	x30,x15,1254	 x15:0xff160000 x30=0xff1604e6
       19385000	      1937	80001f14	02f94063	blt	x18,x15,80001f34	 x18:0x00000001 x15:0xff160000
       19395000	      1938	80001f18	00a147b3	xor	x15,x2,x10	  x2:0x00000000 x10:0x00000000 x15=0x00000000
       19405000	      1939	80001f1c	24275a17	auipc	x20,0x24275	 x20=0xa4276f18
       19415000	      1940	80001f20	472f4c13	xori	x24,x30,1138	 x30:0xff1604e6 x24=0xff160094
       19425000	      1941	80001f24	0179aeb3	slt	x29,x19,x23	 x19:0x7fffe556 x23:0x80009a0a x29=0x00000000
       19435000	      1942	80001f28	ac387e93	andi	x29,x16,-1341	 x16:0x00000001 x29=0x00000001
       19445000	      1943	80001f2c	00087663	bgeu	x16,x0,80001f38	 x16:0x00000001  x0:0x00000000
       19455000	      1944	00000000	00000013	addi	x0,x0,0	  x0:0x00000000
       19465000	      1945	80001f34	00000013	addi	x0,x0,0	  x0:0x00000000
       19475000	      1946	80001f38	015b5413	srli	x8,x22,0x15	 x22:0xe000268a  x8=0x00000700
       19485000	      1947	80001f3c	fc7e2213	slti	x4,x28,-57	 x28:0x80009f28  x4=0x00000001
       19495000	      1948	80001f40	40b388b3	sub	x17,x7,x11	  x7:0xc45ada2b x11:0x7fffe610 x17=0x445af41b
       19505000	      1949	80001f44	0073ccb3	xor	x25,x7,x7	  x7:0xc45ada2b  x7:0xc45ada2b x25=0x00000000
       19515000	      1950	80001f48	41da5eb3	sra	x29,x20,x29	 x20:0xa4276f18 x29:0x00000001 x29=0xd213b78c
       19525000	      1951	80001f4c	01205933	srl	x18,x0,x18	  x0:0x00000000 x18:0x00000001 x18=0x00000000
       19535000	      1952	80001f50	80ec3493	sltiu	x9,x24,-2034	 x24:0xff160094  x9=0x00000001
       19545000	      1953	80001f54	01468b33	add	x22,x13,x20	 x13:0x80001048 x20:0xa4276f18 x22=0x24277f60
       19555000	      1954	80001f58	4406af93	slti	x31,x13,1088	 x13:0x80001048 x31=0x00000001
       19565000	      1955	80001f5c	02acf463	bgeu	x25,x10,80001f84	 x25:0x00000000 x10:0x00000000
       19575000	      1956	00000000	00000013	addi	x0,x0,0	  x0:0x00000000
       19585000	      1957	80001f80	00000013	addi	x0,x0,0	  x0:0x00000000
       19595000	      1958	80001f84	41b2d093	srai	x1,x5,0x1b	  x5:0x00000000  x1=0x00000000
       19605000	      1959	80001f88	41ec59b3	sra	x19,x24,x30	 x24:0xff160094 x30:0xff1604e6 x19=0xfffc5802
       19615000	      1960	80001f8c	026c9463	bne	x25,x6,80001fb4	 x25:0x00000000  x6:0x441e4b63
       19625000	      1961	00000000	00000013	addi	x0,x0,0	  x0:0x00000000
       19635000	      1962	80001fb0	00000013	addi	x0,x0,0	  x0:0x00000000
       19645000	      1963	80001fb4	00000013	addi	x0,x0,0	  x0:0x00000000
       19655000	      1964	80001fb8	6b4a2113	slti	x2,x20,1716	 x20:0xa4276f18  x2=0x00000001
       19665000	      1965	80001fbc	040f1263	bne	x30,x0,80002000	 x30:0xff1604e6  x0:0x00000000
       19675000	      1966	00000000	00000013	addi	x0,x0,0	  x0:0x00000000
       19685000	      1967	80001ffc	00000013	addi	x0,x0,0	  x0:0x00000000
       19695000	      1968	80002000	01a18663	beq	x3,x26,8000200c	  x3:0x00000000 x26:0x038f2e19
       19705000	      1969	80002004	03637663	bgeu	x6,x22,80002030	  x6:0x441e4b63 x22:0x24277f60
       19715000	      1970	00000000	00000013	addi	x0,x0,0	  x0:0x00000000
       19725000	      1971	8000202c	00000013	addi	x0,x0,0	  x0:0x00000000
       19735000	      1972	80002030	01f74f33	xor	x30,x14,x31	 x14:0x0000011f x31:0x00000001 x30=0x0000011e
       19745000	      1973	80002034	02cffe63	bgeu	x31,x12,80002070	 x31:0x00000001 x12:0x00000000
       19755000	      1974	00000000	00000013	addi	x0,x0,0	  x0:0x00000000
       19765000	      1975	8000206c	00000013	addi	x0,x0,0	  x0:0x00000000
       19775000	      1976	80002070	00000013	addi	x0,x0,0	  x0:0x00000000
       19785000	      1977	80002074	03340263	beq	x8,x19,80002098	  x8:0x00000700 x19:0xfffc5802
       19795000	      1978	80002078	03666063	bltu	x12,x22,80002098	 x12:0x00000000 x22:0x24277f60
       19805000	      1979	00000000	00000013	addi	x0,x0,0	  x0:0x00000000
       19815000	      1980	80002094	00000013	addi	x0,x0,0	  x0:0x00000000
       19825000	      1981	80002098	7fd2ab13	slti	x22,x5,2045	  x5:0x00000000 x22=0x00000001
       19835000	      1982	8000209c	01ee6933	or	x18,x28,x30	 x28:0x80009f28 x30:0x0000011e x18=0x80009f3e
       19845000	      1983	800020a0	00a00e63	beq	x0,x10,800020bc	  x0:0x00000000 x10:0x00000000
       19855000	      1984	00000000	00000013	addi	x0,x0,0	  x0:0x00000000
       19865000	      1985	800020b8	00000013	addi	x0,x0,0	  x0:0x00000000
       19875000	      1986	800020bc	ed4d2093	slti	x1,x26,-300	 x26:0x038f2e19  x1=0x00000000
       19885000	      1987	800020c0	01bef0b3	and	x1,x29,x27	 x29:0xd213b78c x27:0x80009fc4  x1=0x80009784
       19895000	      1988	800020c4	3389f613	andi	x12,x19,824	 x19:0xfffc5802 x12=0x00000000
       19905000	      1989	800020c8	01b28833	add	x16,x5,x27	  x5:0x00000000 x27:0x80009fc4 x16=0x80009fc4
       19915000	      1990	800020cc	408804b3	sub	x9,x16,x8	 x16:0x80009fc4  x8:0x00000700  x9=0x800098c4
       19925000	      1991	800020d0	01df1c63	bne	x30,x29,800020e8	 x30:0x0000011e x29:0xd213b78c
       19935000	      1992	00000000	00000013	addi	x0,x0,0	  x0:0x00000000
       19945000	      1993	800020e4	00000013	addi	x0,x0,0	  x0:0x00000000
       19955000	      1994	800020e8	010fcc63	blt	x31,x16,80002100	 x31:0x00000001 x16:0x80009fc4
       19965000	      1995	800020ec	00ff8b33	add	x22,x31,x15	 x31:0x00000001 x15:0x00000000 x22=0x00000001
       19975000	      1996	800020f0	02954063	blt	x10,x9,80002110	 x10:0x00000000  x9:0x800098c4
       19985000	      1997	800020f4	01209a93	slli	x21,x1,0x12	  x1:0x80009784 x21=0x5e100000
       19995000	      1998	800020f8	02fd1e63	bne	x26,x15,80002134	 x26:0x038f2e19 x15:0x00000000
       20005000	      1999	00000000	00000013	addi	x0,x0,0	  x0:0x00000000
       20015000	      2000	80002130	00000013	addi	x0,x0,0	  x0:0x00000000
       20025000	      2001	80002134	bdd96e97	auipc	x29,0xbdd96	 x29=0x3dd98130
       20035000	      2002	80002138	03659e63	bne	x11,x22,80002174	 x11:0x7fffe610 x22:0x00000001
       20045000	      2003	00000000	00000013	addi	x0,x0,0	  x0:0x00000000
       20055000	      2004	80002170	00000013	addi	x0,x0,0	  x0:0x00000000
       20065000	      2005	80002174	39e27bb7	lui	x23,0x39e27	 x23=0x39e27000
       20075000	      2006	80002178	e4e59517	auipc	x10,0xe4e59	 x10=0x64e5b174
       20085000	      2007	8000217c	5fbea813	slti	x16,x29,1531	 x29:0x3dd98130 x16=0x00000000
       20095000	      2008	80002180	00e59413	slli	x8,x11,0xe	 x11:0x7fffe610  x8=0xf9840000
       20105000	      2009	80002184	005199b3	sll	x19,x3,x5	  x3:0x00000000  x5:0x00000000 x19=0x00000000
       20115000	      2010	80002188	01f15013	srli	x0,x2,0x1f	  x2:0x00000001
       20125000	      2011	8000218c	0126d663	bge	x13,x18,80002198	 x13:0x80001048 x18:0x80009f3e
       20135000	      2012	80002190	02069c63	bne	x13,x0,800021c8	 x13:0x80001048  x0:0x00000000
       20145000	      2013	00000000	00000013	addi	x0,x0,0	  x0:0x00000000
       20155000	      2014	800021c4	00000013	addi	x0,x0,0	  x0:0x00000000
       20165000	      2015	800021c8	0018dc13	srli	x24,x17,0x1	 x17:0x445af41b x24=0x222d7a0d
       20175000	      2016	800021cc	03708e63	beq	x1,x23,80002208	  x1:0x80009784 x23:0x39e27000
       20185000	      2017	800021d0	01835663	bge	x6,x24,800021dc	  x6:0x441e4b63 x24:0x222d7a0d
       20195000	      2018	00000000	00000013	addi	x0,x0,0	  x0:0x00000000
       20205000	      2019	800021d8	00000013	addi	x0,x0,0	  x0:0x00000000
       20215000	      2020	800021dc	03069263	bne	x13,x16,80002200	 x13:0x80001048 x16:0x00000000
       20225000	      2021	00000000	00000013	addi	x0,x0,0	  x0:0x00000000
       20235000	      2022	800021fc	00000013	addi	x0,x0,0	  x0:0x00000000
       20245000	      2023	80002200	0264e663	bltu	x9,x6,8000222c	  x9:0x800098c4  x6:0x441e4b63
       20255000	      2024	80002204	00d169b3	or	x19,x2,x13	  x2:0x00000001 x13:0x80001048 x19=0x80001049
       20265000	      2025	80002208	018e9a63	bne	x29,x24,8000221c	 x29:0x3dd98130 x24:0x222d7a0d
       20275000	      2026	00000000	00000013	addi	x0,x0,0	  x0:0x00000000
       20285000	      2027	80002218	00000013	addi	x0,x0,0	  x0:0x00000000
       20295000	      2028	8000221c	9c757593	andi	x11,x10,-1593	 x10:0x64e5b174 x11=0x64e5b144
       20305000	      2029	80002220	67446913	ori	x18,x8,1652	  x8:0xf9840000 x18=0xf9840674
       20315000	      2030	80002224	02644063	blt	x8,x6,80002244	  x8:0xf9840000  x6:0x441e4b63
       20325000	      2031	00000000	00000013	addi	x0,x0,0	  x0:0x00000000
       20335000	      2032	80002240	00000013	addi	x0,x0,0	  x0:0x00000000
       20345000	      2033	80002244	00979193	slli	x3,x15,0x9	 x15:0x00000000  x3=0x00000000
       20355000	      2034	80002248	02b70263	beq	x14,x11,8000226c	 x14:0x0000011f x11:0x64e5b144
       20365000	      2035	8000224c	41c75f93	srai	x31,x14,0x1c	 x14:0x0000011f x31=0x00000000
       20375000	      2036	80002250	05347263	bgeu	x8,x19,80002294	  x8:0xf9840000 x19:0x80001049
       20385000	      2037	00000000	00000013	addi	x0,x0,0	  x0:0x00000000
       20395000	      2038	80002290	00000013	addi	x0,x0,0	  x0:0x00000000
       20405000	      2039	80002294	01c44233	xor	x4,x8,x28	  x8:0xf9840000 x28:0x80009f28  x4=0x79849f28
       20415000	      2040	80002298	01f613b3	sll	x7,x12,x31	 x12:0x00000000 x31:0x00000000  x7=0x00000000
       20425000	      2041	8000229c	000bfc33	and	x24,x23,x0	 x23:0x39e27000  x0:0x00000000 x24=0x00000000
       20435000	      2042	800022a0	01ffc8b3	xor	x17,x31,x31	 x31:0x00000000 x31:0x00000000 x17=0x00000000
       20445000	      2043	800022a4	b57f0893	addi	x17,x30,-1193	 x30:0x0000011e x17=0xfffffc75
       20455000	      2044	800022a8	40d15f93	srai	x31,x2,0xd	  x2:0x00000001 x31=0x00000000
       20465000	      2045	800022ac	011ca8b3	slt	x17,x25,x17	 x25:0x00000000 x17:0xfffffc75 x17=0x00000000
       20475000	      2046	800022b0	00000013	addi	x0,x0,0	  x0:0x00000000
       20485000	      2047	800022b4	00d95913	srli	x18,x18,0xd	 x18:0xf9840674 x18=0x0007cc20
       20495000	      2048	800022b8	03550063	beq	x10,x21,800022d8	 x10:0x64e5b174 x21:0x5e100000
       20505000	      2049	800022bc	4022d7b3	sra	x15,x5,x2	  x5:0x00000000  x2:0x00000001 x15=0x00000000
       20515000	      2050	800022c0	00f8bb33	sltu	x22,x17,x15	 x17:0x00000000 x15:0x00000000 x22=0x00000000
       20525000	      2051	800022c4	d4b70493	addi	x9,x14,-693	 x14:0x0000011f  x9=0xfffffe6a
       20535000	      2052	800022c8	0042e4b3	or	x9,x5,x4	  x5:0x00000000  x4:0x79849f28  x9=0x79849f28
       20545000	      2053	800022cc	2cd86393	ori	x7,x16,717	 x16:0x00000000  x7=0x000002cd
       20555000	      2054	800022d0	00c51f13	slli	x30,x10,0xc	 x10:0x64e5b174 x30=0x5b174000
       20565000	      2055	800022d4	00c44033	xor	x0,x8,x12	  x8:0xf9840000 x12:0x00000000
       20575000	      2056	800022d8	006fa9b3	slt	x19,x31,x6	 x31:0x00000000  x6:0x441e4b63 x19=0x00000001
       20585000	      2057	800022dc	00ff9c63	bne	x31,x15,800022f4	 x31:0x00000000 x15:0x00000000
       20595000	      2058	800022e0	76edacb7	lui	x25,0x76eda	 x25=0x76eda000
       20605000	      2059	800022e4	004c0bb3	add	x23,x24,x4	 x24:0x00000000  x4:0x79849f28 x23=0x79849f28
       20615000	      2060	800022e8	6468c393	xori	x7,x17,1606	 x17:0x00000000  x7=0x00000646
       20625000	      2061	800022ec	004f5e93	srli	x29,x30,0x4	 x30:0x5b174000 x29=0x05b17400
       20635000	      2062	800022f0	02a8f663	bgeu	x17,x10,8000231c	 x17:0x00000000 x10:0x64e5b174
       20645000	      2063	800022f4	dd362c13	slti	x24,x12,-557	 x12:0x00000000 x24=0x00000000
       20655000	      2064	800022f8	00000013	addi	x0,x0,0	  x0:0x00000000
       20665000	      2065	800022fc	e0c10193	addi	x3,x2,-500	  x2:0x00000001  x3=0xfffffe0d
       20675000	      2066	80002300	02038663	beq	x7,x0,8000232c	  x7:0x00000646  x0:0x00000000
       20685000	      2067	80002304	03369c63	bne	x13,x19,8000233c	 x13:0x80001048 x19:0x00000001
       20695000	      2068	00000000	00000013	addi	x0,x0,0	  x0:0x00000000
       20705000	      2069	80002338	00000013	addi	x0,x0,0	  x0:0x00000000
       20715000	      2070	8000233c	00b145b3	xor	x11,x2,x11	  x2:0x00000001 x11:0x64e5b144 x11=0x64e5b145
       20725000	      2071	80002340	65dcaa93	slti	x21,x25,1629	 x25:0x76eda000 x21=0x00000000
       20735000	      2072	80002344	02c68093	addi	x1,x13,44	 x13:0x80001048  x1=0x80001074
       20745000	      2073	80002348	69c2c313	xori	x6,x5,1692	  x5:0x00000000  x6=0x0000069c
       20755000	      2074	8000234c	4063d093	srai	x1,x7,0x6	  x7:0x00000646  x1=0x00000019
       20765000	      2075	80002350	328ae013	ori	x0,x21,808	 x21:0x00000000
       20775000	      2076	80002354	4129d733	sra	x14,x19,x18	 x19:0x00000001 x18:0x0007cc20 x14=0x00000001
       20785000	      2077	80002358	00960233	add	x4,x12,x9	 x12:0x00000000  x9:0x79849f28  x4=0x79849f28
       20795000	      2078	8000235c	04c6f813	andi	x16,x13,76	 x13:0x80001048 x16=0x00000048
       20805000	      2079	80002360	002dc233	xor	x4,x27,x2	 x27:0x80009fc4  x2:0x00000001  x4=0x80009fc5
       20815000	      2080	80002364	01e59e93	slli	x29,x11,0x1e	 x11:0x64e5b145 x29=0x40000000
       20825000	      2081	80002368	00bfc663	blt	x31,x11,80002374	 x31:0x00000000 x11:0x64e5b145
       20835000	      2082	00000000	00000013	addi	x0,x0,0	  x0:0x00000000
       20845000	      2083	80002370	00000013	addi	x0,x0,0	  x0:0x00000000
       20855000	      2084	80002374	035b0263	beq	x22,x21,80002398	 x22:0x00000000 x21:0x00000000
       20865000	      2085	00000000	00000013	addi	x0,x0,0	  x0:0x00000000
       20875000	      2086	80002394	00000013	addi	x0,x0,0	  x0:0x00000000
       20885000	      2087	80002398	012972b3	and	x5,x18,x18	 x18:0x0007cc20 x18:0x0007cc20  x5=0x0007cc20
       20895000	      2088	8000239c	00c59533	sll	x10,x11,x12	 x11:0x64e5b145 x12:0x00000000 x10=0x64e5b145
       20905000	      2089	800023a0	02251c63	bne	x10,x2,800023d8	 x10:0x64e5b145  x2:0x00000001
       20915000	      2090	00000000	00000013	addi	x0,x0,0	  x0:0x00000000
       20925000	      2091	800023d4	00000013	addi	x0,x0,0	  x0:0x00000000
       20935000	      2092	800023d8	01bb5613	srli	x12,x22,0x1b	 x22:0x00000000 x12=0x00000000
       20945000	      2093	800023dc	01cf2333	slt	x6,x30,x28	 x30:0x5b174000 x28:0x80009f28  x6=0x00000000
       20955000	      2094	800023e0	a2a77a97	auipc	x21,0xa2a77	 x21=0x22a793dc
       20965000	      2095	800023e4	020c7e63	bgeu	x24,x0,80002420	 x24:0x00000000  x0:0x00000000
       20975000	      2096	00000000	00000013	addi	x0,x0,0	  x0:0x00000000
       20985000	      2097	8000241c	00000013	addi	x0,x0,0	  x0:0x00000000
       20995000	      2098	80002420	3548f913	andi	x18,x17,852	 x17:0x00000000 x18=0x00000000
       21005000	      2099	80002424	01bb08b3	add	x17,x22,x27	 x22:0x00000000 x27:0x80009fc4 x17=0x80009fc4
       21015000	      2100	80002428	00000013	addi	x0,x0,0	  x0:0x00000000
       21025000	      2101	8000242c	00000013	addi	x0,x0,0	  x0:0x00000000
       21035000	      2102	80002430	00b02733	slt	x14,x0,x11	  x0:0x00000000 x11:0x64e5b145 x14=0x00000001
       21045000	      2103	80002434	01fdb033	sltu	x0,x27,x31	 x27:0x80009fc4 x31:0x00000000
       21055000	      2104	80002438	01e6fb33	and	x22,x13,x30	 x13:0x80001048 x30:0x5b174000 x22=0x00000000
       21065000	      2105	8000243c	04946513	ori	x10,x8,73	  x8:0xf9840000 x10=0xf9840049
       21075000	      2106	80002440	00056a63	bltu	x10,x0,80002454	 x10:0xf9840049  x0:0x00000000
       21085000	      2107	80002444	40d08633	sub	x12,x1,x13	  x1:0x00000019 x13:0x80001048 x12=0x7fffefd1
       21095000	      2108	80002448	02967063	bgeu	x12,x9,80002468	 x12:0x7fffefd1  x9:0x79849f28
       21105000	      2109	00000000	00000013	addi	x0,x0,0	  x0:0x00000000
       21115000	      2110	80002464	00000013	addi	x0,x0,0	  x0:0x00000000
       21125000	      2111	80002468	40d08f33	sub	x30,x1,x13	  x1:0x00000019 x13:0x80001048 x30=0x7fffefd1
       21135000	      2112	8000246c	093ac717	auipc	x14,0x93ac	 x14=0x893ae468
       21145000	      2113	80002470	40de0cb3	sub	x25,x28,x13	 x28:0x80009f28 x13:0x80001048 x25=0x00008ee0
       21155000	      2114	80002474	00b95e63	bge	x18,x11,80002490	 x18:0x00000000 x11:0x64e5b145
       21165000	      2115	80002478	004585b3	add	x11,x11,x4	 x11:0x64e5b145  x4:0x80009fc5 x11=0xe4e6510a
       21175000	      2116	8000247c	039c4063	blt	x24,x25,8000249c	 x24:0x00000000 x25:0x00008ee0
       21185000	      2117	00000000	00000013	addi	x0,x0,0	  x0:0x00000000
       21195000	      2118	80002498	00000013	addi	x0,x0,0	  x0:0x00000000
       21205000	      2119	8000249c	03c46663	bltu	x8,x28,800024c8	  x8:0xf9840000 x28:0x80009f28
       21215000	      2120	800024a0	de474297	auipc	x5,0xde474	  x5=0x5e47649c
       21225000	      2121	800024a4	7d034793	xori	x15,x6,2000	  x6:0x00000000 x15=0x000007d0
       21235000	      2122	800024a8	016c8863	beq	x25,x22,800024b8	 x25:0x00008ee0 x22:0x00000000
       21245000	      2123	800024ac	00000013	addi	x0,x0,0	  x0:0x00000000
       21255000	      2124	800024b0	401cdeb3	sra	x29,x25,x1	 x25:0x00008ee0  x1:0x00000019 x29=0x00000000
       21265000	      2125	800024b4	416a0c33	sub	x24,x20,x22	 x20:0xa4276f18 x22:0x00000000 x24=0xa4276f18
       21275000	      2126	800024b8	05f68663	beq	x13,x31,80002504	 x13:0x80001048 x31:0x00000000
       21285000	      2127	800024bc	00520733	add	x14,x4,x5	  x4:0x80009fc5  x5:0x5e47649c x14=0xde480461
       21295000	      2128	800024c0	009cdb93	srli	x23,x25,0x9	 x25:0x00008ee0 x23=0x00000047
       21305000	      2129	800024c4	015fbbb3	sltu	x23,x31,x21	 x31:0x00000000 x21:0x22a793dc x23=0x00000001
       21315000	      2130	800024c8	01551c63	bne	x10,x21,800024e0	 x10:0xf9840049 x21:0x22a793dc
       21325000	      2131	00000000	00000013	addi	x0,x0,0	  x0:0x00000000
       21335000	      2132	800024dc	00000013	addi	x0,x0,0	  x0:0x00000000
       21345000	      2133	800024e0	017f6c63	bltu	x30,x23,800024f8	 x30:0x7fffefd1 x23:0x00000001
       21355000	      2134	800024e4	01135c13	srli	x24,x6,0x11	  x6:0x00000000 x24=0x00000000
       21365000	      2135	800024e8	82d0f593	andi	x11,x1,-2003	  x1:0x00000019 x11=0x00000009
       21375000	      2136	800024ec	6597b693	sltiu	x13,x15,1625	 x15:0x000007d0 x13=0x00000000
       21385000	      2137	800024f0	030e7663	bgeu	x28,x16,8000251c	 x28:0x80009f28 x16:0x00000048
       21395000	      2138	00000000	00000013	addi	x0,x0,0	  x0:0x00000000
       21405000	      2139	80002518	00000013	addi	x0,x0,0	  x0:0x00000000
       21415000	      2140	8000251c	01d39113	slli	x2,x7,0x1d	  x7:0x00000646  x2=0xc0000000
       21425000	      2141	80002520	01866663	bltu	x12,x24,8000252c	 x12:0x7fffefd1 x24:0x00000000
       21435000	      2142	80002524	05c9e663	bltu	x19,x28,80002570	 x19:0x00000001 x28:0x80009f28
       21445000	      2143	00000000	00000013	addi	x0,x0,0	  x0:0x00000000
       21455000	      2144	8000256c	00000013	addi	x0,x0,0	  x0:0x00000000
       21465000	      2145	80002570	00c27133	and	x2,x4,x12	  x4:0x80009fc5 x12:0x7fffefd1  x2=0x00008fc1
       21475000	      2146	80002574	01e704b3	add	x9,x14,x30	 x14:0xde480461 x30:0x7fffefd1  x9=0x5e47f432
       21485000	      2147	80002578	00868663	beq	x13,x8,80002584	 x13:0x00000000  x8:0xf9840000
       21495000	      2148	8000257c	03115c63	bge	x2,x17,800025b4	  x2:0x00008fc1 x17:0x80009fc4
       21505000	      2149	00000000	00000013	addi	x0,x0,0	  x0:0x00000000
       21515000	      2150	800025b0	00000013	addi	x0,x0,0	  x0:0x00000000
       21525000	      2151	800025b4	6b4c6e93	ori	x29,x24,1716	 x24:0x00000000 x29=0x000006b4
       21535000	      2152	800025b8	02857463	bgeu	x10,x8,800025e0	 x10:0xf9840049  x8:0xf9840000
       21545000	      2153	00000000	00000013	addi	x0,x0,0	  x0:0x00000000
       21555000	      2154	800025dc	00000013	addi	x0,x0,0	  x0:0x00000000
       21565000	      2155	800025e0	035dec63	bltu	x27,x21,80002618	 x27:0x80009fc4 x21:0x22a793dc
       21575000	      2156	800025e4	93414793	xori	x15,x2,-1740	  x2:0x00008fc1 x15=0xffff76f5
       21585000	      2157	800025e8	9ef31a37	lui	x20,0x9ef31	 x20=0x9ef31000
       21595000	      2158	800025ec	72e2fc37	lui	x24,0x72e2f	 x24=0x72e2f000
       21605000	      2159	800025f0	01784863	blt	x16,x23,80002600	 x16:0x00000048 x23:0x00000001
       21615000	      2160	800025f4	004e2c33	slt	x24,x28,x4	 x28:0x80009f28  x4:0x80009fc5 x24=0x00000001
       21625000	      2161	800025f8	322cc713	xori	x14,x25,802	 x25:0x00008ee0 x14=0x00008dc2
       21635000	      2162	800025fc	011e9c93	slli	x25,x29,0x11	 x29:0x000006b4 x25=0x0d680000
       21645000	      2163	80002600	6e172a93	slti	x21,x14,1761	 x14:0x00008dc2 x21=0x00000000
       21655000	      2164	80002604	6a7c7813	andi	x16,x24,1703	 x24:0x00000001 x16=0x00000001
       21665000	      2165	80002608	78cd0813	addi	x16,x26,1932	 x26:0x038f2e19 x16=0x038f35a5
       21675000	      2166	8000260c	b8462013	slti	x0,x12,-1148	 x12:0x7fffefd1
       21685000	      2167	80002610	419fdb33	sra	x22,x31,x25	 x31:0x00000000 x25:0x0d680000 x22=0x00000000
       21695000	      2168	80002614	8684ef93	ori	x31,x9,-1944	  x9:0x5e47f432 x31=0xfffffc7a
       21705000	      2169	80002618	5a16a493	slti	x9,x13,1441	 x13:0x00000000  x9=0x00000001
       21715000	      2170	8000261c	015248b3	xor	x17,x4,x21	  x4:0x80009fc5 x21:0x00000000 x17=0x80009fc5
       21725000	      2171	80002620	00000013	addi	x0,x0,0	  x0:0x00000000
       21735000	      2172	80002624	0917c063	blt	x15,x17,800026a4	 x15:0xffff76f5 x17:0x80009fc5
       21745000	      2173	80002628	6fc32793	slti	x15,x6,1788	  x6:0x00000000 x15=0x00000001
       21755000	      2174	8000262c	00000013	addi	x0,x0,0	  x0:0x00000000
       21765000	      2175	80002630	07140063	beq	x8,x17,80002690	  x8:0xf9840000 x17:0x80009fc5
       21775000	      2176	80002634	6b103b93	sltiu	x23,x0,1713	  x0:0x00000000 x23=0x00000001
       21785000	      2177	80002638	00a00813	addi	x16,x0,10	  x0:0x00000000 x16=0x0000000a
       21795000	      2178	8000263c	41685fb3	sra	x31,x16,x22	 x16:0x0000000a x22:0x00000000 x31=0x0000000a
       21805000	      2179	80002640	fc234613	xori	x12,x6,-62	  x6:0x00000000 x12=0xffffffc2
       21815000	      2180	80002644	014a1793	slli	x15,x20,0x14	 x20:0x9ef31000 x15=0x00000000
       21825000	      2181	80002648	41ed53b3	sra	x7,x26,x30	 x26:0x038f2e19 x30:0x7fffefd1  x7=0x000001c7
       21835000	      2182	8000264c	00700c13	addi	x24,x0,7	  x0:0x00000000 x24=0x00000007
       21845000	      2183	80002650	00000013	addi	x0,x0,0	  x0:0x00000000
       21855000	      2184	80002654	18b42037	lui	x0,0x18b42	
       21865000	      2185	80002658	013bc1b3	xor	x3,x23,x19	 x23:0x00000001 x19:0x00000001  x3=0x00000000
       21875000	      2186	8000265c	009d70b3	and	x1,x26,x9	 x26:0x038f2e19  x9:0x00000001  x1=0x00000001
       21885000	      2187	80002660	ffe80813	addi	x16,x16,-2	 x16:0x0000000a x16=0x00000008
       21895000	      2188	80002664	ee5ea8b7	lui	x17,0xee5ea	 x17=0xee5ea000
       21905000	      2189	80002668	ba376713	ori	x14,x14,-1117	 x14:0x00008dc2 x14=0xffffffe3
       21915000	      2190	8000266c	01ca9133	sll	x2,x21,x28	 x21:0x00000000 x28:0x80009f28  x2=0x00000000
       21925000	      2191	80002670	419006b3	sub	x13,x0,x25	  x0:0x00000000 x25:0x0d680000 x13=0xf2980000
       21935000	      2192	80002674	006bb7b3	sltu	x15,x23,x6	 x23:0x00000001  x6:0x00000000 x15=0x00000000
       21945000	      2193	80002678	fd887ee3	bgeu	x16,x24,80002654	 x16:0x00000008 x24:0x00000007
       21955000	      2194	00000000	00000013	addi	x0,x0,0	  x0:0x00000000
       21965000	      2195	80002650	00000013	addi	x0,x0,0	  x0:0x00000000
       21975000	      2196	80002654	18b42037	lui	x0,0x18b42	
       21985000	      2197	80002658	013bc1b3	xor	x3,x23,x19	 x23:0x00000001 x19:0x00000001  x3=0x00000000
       21995000	      2198	8000265c	009d70b3	and	x1,x26,x9	 x26:0x038f2e19  x9:0x00000001  x1=0x00000001
       22005000	      2199	80002660	ffe80813	addi	x16,x16,-2	 x16:0x00000008 x16=0x00000006
       22015000	      2200	80002664	ee5ea8b7	lui	x17,0xee5ea	 x17=0xee5ea000
       22025000	      2201	80002668	ba376713	ori	x14,x14,-1117	 x14:0xffffffe3 x14=0xffffffe3
       22035000	      2202	8000266c	01ca9133	sll	x2,x21,x28	 x21:0x00000000 x28:0x80009f28  x2=0x00000000
       22045000	      2203	80002670	419006b3	sub	x13,x0,x25	  x0:0x00000000 x25:0x0d680000 x13=0xf2980000
       22055000	      2204	80002674	006bb7b3	sltu	x15,x23,x6	 x23:0x00000001  x6:0x00000000 x15=0x00000000
       22065000	      2205	80002678	fd887ee3	bgeu	x16,x24,80002654	 x16:0x00000006 x24:0x00000007
       22075000	      2206	8000267c	bbbf2f13	slti	x30,x30,-1093	 x30:0x7fffefd1 x30=0x00000000
       22085000	      2207	80002680	634a8193	addi	x3,x21,1588	 x21:0x00000000  x3=0x00000634
       22095000	      2208	80002684	01b0bab3	sltu	x21,x1,x27	  x1:0x00000001 x27:0x80009fc4 x21=0x00000001
       22105000	      2209	80002688	41eadfb3	sra	x31,x21,x30	 x21:0x00000001 x30:0x00000000 x31=0x00000001
       22115000	      2210	8000268c	41990cb3	sub	x25,x18,x25	 x18:0x00000000 x25:0x0d680000 x25=0xf2980000
       22125000	      2211	80002690	01719133	sll	x2,x3,x23	  x3:0x00000634 x23:0x00000001  x2=0x00000c68
       22135000	      2212	80002694	01e821b3	slt	x3,x16,x30	 x16:0x00000006 x30:0x00000000  x3=0x00000000
       22145000	      2213	80002698	01c59eb3	sll	x29,x11,x28	 x11:0x00000009 x28:0x80009f28 x29=0x00000900
       22155000	      2214	8000269c	41275f93	srai	x31,x14,0x12	 x14:0xffffffe3 x31=0xffffffff
       22165000	      2215	800026a0	0062c433	xor	x8,x5,x6	  x5:0x5e47649c  x6:0x00000000  x8=0x5e47649c
       22175000	      2216	800026a4	01a1d0b3	srl	x1,x3,x26	  x3:0x00000000 x26:0x038f2e19  x1=0x00000000
       22185000	      2217	800026a8	004a4863	blt	x20,x4,800026b8	 x20:0x9ef31000  x4:0x80009fc5
       22195000	      2218	800026ac	012bd133	srl	x2,x23,x18	 x23:0x00000001 x18:0x00000000  x2=0x00000001
       22205000	      2219	800026b0	e26b0093	addi	x1,x22,-474	 x22:0x00000000  x1=0xfffffe26
       22215000	      2220	800026b4	81a0b393	sltiu	x7,x1,-2022	  x1:0xfffffe26  x7=0x00000000
       22225000	      2221	800026b8	02e5e063	bltu	x11,x14,800026d8	 x11:0x00000009 x14:0xffffffe3
       22235000	      2222	00000000	00000013	addi	x0,x0,0	  x0:0x00000000
       22245000	      2223	800026d4	00000013	addi	x0,x0,0	  x0:0x00000000
       22255000	      2224	800026d8	36097417	auipc	x8,0x36097	  x8=0xb60996d4
       22265000	      2225	800026dc	d5f82593	slti	x11,x16,-673	 x16:0x00000006 x11=0x00000000
       22275000	      2226	800026e0	0c8314b7	lui	x9,0xc831	  x9=0x0c831000
       22285000	      2227	800026e4	cd674513	xori	x10,x14,-810	 x14:0xffffffe3 x10=0x00000335
       22295000	      2228	800026e8	01dc4fb3	xor	x31,x24,x29	 x24:0x00000007 x29:0x00000900 x31=0x00000907
       22305000	      2229	800026ec	015a5c33	srl	x24,x20,x21	 x20:0x9ef31000 x21:0x00000001 x24=0x4f798800
       22315000	      2230	800026f0	04735263	bge	x6,x7,80002734	  x6:0x00000000  x7:0x00000000
       22325000	      2231	00000000	00000013	addi	x0,x0,0	  x0:0x00000000
       22335000	      2232	80002730	00000013	addi	x0,x0,0	  x0:0x00000000
       22345000	      2233	80002734	003612b3	sll	x5,x12,x3	 x12:0xffffffc2  x3:0x00000000  x5=0xffffffc2
       22355000	      2234	80002738	011cfc63	bgeu	x25,x17,80002750	 x25:0xf2980000 x17:0xee5ea000
       22365000	      2235	00000000	00000013	addi	x0,x0,0	  x0:0x00000000
       22375000	      2236	8000274c	00000013	addi	x0,x0,0	  x0:0x00000000
       22385000	      2237	80002750	00de6633	or	x12,x28,x13	 x28:0x80009f28 x13:0xf2980000 x12=0xf2989f28
       22395000	      2238	80002754	2a213493	sltiu	x9,x2,674	  x2:0x00000001  x9=0x00000001
       22405000	      2239	80002758	001fd813	srli	x16,x31,0x1	 x31:0x00000907 x16=0x00000483
       22415000	      2240	8000275c	7fca2c93	slti	x25,x20,2044	 x20:0x9ef31000 x25=0x00000001
       22425000	      2241	80002760	00401a63	bne	x0,x4,80002774	  x0:0x00000000  x4:0x80009fc5
       22435000	      2242	00000000	00000013	addi	x0,x0,0	  x0:0x00000000
       22445000	      2243	80002770	00000013	addi	x0,x0,0	  x0:0x00000000
       22455000	      2244	80002774	01c78c63	beq	x15,x28,8000278c	 x15:0x00000000 x28:0x80009f28
       22465000	      2245	80002778	00331733	sll	x14,x6,x3	  x6:0x00000000  x3:0x00000000 x14=0x00000000
       22475000	      2246	8000277c	03ed4c63	blt	x26,x30,800027b4	 x26:0x038f2e19 x30:0x00000000
       22485000	      2247	80002780	00bc8c33	add	x24,x25,x11	 x25:0x00000001 x11:0x00000000 x24=0x00000001
       22495000	      2248	80002784	00c6a1b3	slt	x3,x13,x12	 x13:0xf2980000 x12:0xf2989f28  x3=0x00000001
       22505000	      2249	80002788	f484aa93	slti	x21,x9,-184	  x9:0x00000001 x21=0x00000000
       22515000	      2250	8000278c	9e044b13	xori	x22,x8,-1568	  x8:0xb60996d4 x22=0x49f66f34
       22525000	      2251	80002790	037cc063	blt	x25,x23,800027b0	 x25:0x00000001 x23:0x00000001
       22535000	      2252	80002794	001b7a33	and	x20,x22,x1	 x22:0x49f66f34  x1:0xfffffe26 x20=0x49f66e24
       22545000	      2253	80002798	01cddcb3	srl	x25,x27,x28	 x27:0x80009fc4 x28:0x80009f28 x25=0x0080009f
       22555000	      2254	8000279c	4305a293	slti	x5,x11,1072	 x11:0x00000000  x5=0x00000001
       22565000	      2255	800027a0	ee1d4c97	auipc	x25,0xee1d4	 x25=0x6e1d679c
       22575000	      2256	800027a4	00e85cb3	srl	x25,x16,x14	 x16:0x00000483 x14:0x00000000 x25=0x00000483
       22585000	      2257	800027a8	0352c263	blt	x5,x21,800027cc	  x5:0x00000001 x21:0x00000000
       22595000	      2258	800027ac	01de6663	bltu	x28,x29,800027b8	 x28:0x80009f28 x29:0x00000900
       22605000	      2259	800027b0	01bb8a33	add	x20,x23,x27	 x23:0x00000001 x27:0x80009fc4 x20=0x80009fc5
       22615000	      2260	800027b4	e97ee097	auipc	x1,0xe97ee	  x1=0x697f07b0
       22625000	      2261	800027b8	192cc813	xori	x16,x25,402	 x25:0x00000483 x16=0x00000511
       22635000	      2262	800027bc	3dd20093	addi	x1,x4,989	  x4:0x80009fc5  x1=0x8000a3a2
       22645000	      2263	800027c0	0426d263	bge	x13,x2,80002804	 x13:0xf2980000  x2:0x00000001
       22655000	      2264	800027c4	033c0c63	beq	x24,x19,800027fc	 x24:0x00000001 x19:0x00000001
       22665000	      2265	00000000	00000013	addi	x0,x0,0	  x0:0x00000000
       22675000	      2266	800027f8	00000013	addi	x0,x0,0	  x0:0x00000000
       22685000	      2267	800027fc	01665fb3	srl	x31,x12,x22	 x12:0xf2989f28 x22:0x49f66f34 x31=0x00000f29
       22695000	      2268	80002800	e2747b17	auipc	x22,0xe2747	 x22=0x627497fc
       22705000	      2269	80002804	02f55463	bge	x10,x15,8000282c	 x10:0x00000335 x15:0x00000000
       22715000	      2270	00000000	00000013	addi	x0,x0,0	  x0:0x00000000
       22725000	      2271	80002828	00000013	addi	x0,x0,0	  x0:0x00000000
       22735000	      2272	8000282c	01cbd313	srli	x6,x23,0x1c	 x23:0x00000001  x6=0x00000000
       22745000	      2273	80002830	400ad9b3	sra	x19,x21,x0	 x21:0x00000000  x0:0x00000000 x19=0x00000000
       22755000	      2274	80002834	0158c2b3	xor	x5,x17,x21	 x17:0xee5ea000 x21:0x00000000  x5=0xee5ea000
       22765000	      2275	80002838	8f170837	lui	x16,0x8f170	 x16=0x8f170000
       22775000	      2276	8000283c	0058eab3	or	x21,x17,x5	 x17:0xee5ea000  x5:0xee5ea000 x21=0xee5ea000
       22785000	      2277	80002840	03c96063	bltu	x18,x28,80002860	 x18:0x00000000 x28:0x80009f28
       22795000	      2278	00000000	00000013	addi	x0,x0,0	  x0:0x00000000
       22805000	      2279	8000285c	00000013	addi	x0,x0,0	  x0:0x00000000
       22815000	      2280	80002860	40345a13	srai	x20,x8,0x3	  x8:0xb60996d4 x20=0xf6c132da
       22825000	      2281	80002864	40ca5793	srai	x15,x20,0xc	 x20:0xf6c132da x15=0xffff6c13
       22835000	      2282	80002868	6beecf97	auipc	x31,0x6beec	 x31=0xebeee864
       22845000	      2283	8000286c	0138a9b3	slt	x19,x17,x19	 x17:0xee5ea000 x19:0x00000000 x19=0x00000001
       22855000	      2284	80002870	00000013	addi	x0,x0,0	  x0:0x00000000
       22865000	      2285	80002874	01bc60b3	or	x1,x24,x27	 x24:0x00000001 x27:0x80009fc4  x1=0x80009fc5
       22875000	      2286	80002878	03286863	bltu	x16,x18,800028a8	 x16:0x8f170000 x18:0x00000000
       22885000	      2287	8000287c	0081d633	srl	x12,x3,x8	  x3:0x00000001  x8:0xb60996d4 x12=0x00000000
       22895000	      2288	80002880	cf410f13	addi	x30,x2,-780	  x2:0x00000001 x30=0xfffffcf5
       22905000	      2289	80002884	00970c63	beq	x14,x9,8000289c	 x14:0x00000000  x9:0x00000001
       22915000	      2290	80002888	11e60113	addi	x2,x12,286	 x12:0x00000000  x2=0x0000011e
       22925000	      2291	8000288c	0058d833	srl	x16,x17,x5	 x17:0xee5ea000  x5:0xee5ea000 x16=0xee5ea000
       22935000	      2292	80002890	192fbc93	sltiu	x25,x31,402	 x31:0xebeee864 x25=0x00000000
       22945000	      2293	80002894	0057c233	xor	x4,x15,x5	 x15:0xffff6c13  x5:0xee5ea000  x4=0x11a1cc13
       22955000	      2294	80002898	4b330693	addi	x13,x6,1203	  x6:0x00000000 x13=0x000004b3
       22965000	      2295	8000289c	8958bb13	sltiu	x22,x17,-1899	 x17:0xee5ea000 x22=0x00000001
       22975000	      2296	800028a0	005d7463	bgeu	x26,x5,800028a8	 x26:0x038f2e19  x5:0xee5ea000
       22985000	      2297	800028a4	cc143013	sltiu	x0,x8,-831	  x8:0xb60996d4
       22995000	      2298	800028a8	d5b98fb7	lui	x31,0xd5b98	 x31=0xd5b98000
       23005000	      2299	800028ac	004e2483	lw	x9,4(x28)	 x28:0x80009f28  x9=0x8000124c PA:0x80009f2c
       23015000	      2300	800028b0	03ce0e13	addi	x28,x28,60	 x28:0x80009f28 x28=0x80009f64
       23025000	      2301	800028b4	015cd113	srli	x2,x25,0x15	 x25:0x00000000  x2=0x00000000
       23035000	      2302	800028b8	01549593	slli	x11,x9,0x15	  x9:0x8000124c x11=0x49800000
       23045000	      2303	800028bc	0183fcb3	and	x25,x7,x24	  x7:0x00000000 x24:0x00000001 x25=0x00000000
       23055000	      2304	800028c0	017963b3	or	x7,x18,x23	 x18:0x00000000 x23:0x00000001  x7=0x00000001
       23065000	      2305	800028c4	6949c693	xori	x13,x19,1684	 x19:0x00000001 x13=0x00000695
       23075000	      2306	800028c8	9c7c8c93	addi	x25,x25,-1593	 x25:0x00000000 x25=0xfffff9c7
       23085000	      2307	800028cc	76bae613	ori	x12,x21,1899	 x21:0xee5ea000 x12=0xee5ea76b
       23095000	      2308	800028d0	b20adeb7	lui	x29,0xb20ad	 x29=0xb20ad000
       23105000	      2309	800028d4	00048213	addi	x4,x9,0	  x9:0x8000124c  x4=0x8000124c
       23115000	      2310	800028d8	00020267	jalr	x4,x4,0	  x4:0x8000124c  x4=0x800028d8
       23125000	      2311	00000000	00000013	addi	x0,x0,0	  x0:0x00000000
       23135000	      2312	8000124c	00000013	addi	x0,x0,0	  x0:0x00000000
       23145000	      2313	80001250	0045c333	xor	x6,x11,x4	 x11:0x49800000  x4:0x800028d8  x6=0xc98028d8
       23155000	      2314	80001254	00001c97	auipc	x25,0x1	 x25=0x80002250
       23165000	      2315	80001258	688c8c93	addi	x25,x25,1672	 x25:0x80002250 x25=0x800028d8
       23175000	      2316	8000125c	419d04b3	sub	x9,x26,x25	 x26:0x038f2e19 x25:0x800028d8  x9=0x838f0541
       23185000	      2317	80001260	4931b113	sltiu	x2,x3,1171	  x3:0x00000001  x2=0x00000001
       23195000	      2318	80001264	013bf133	and	x2,x23,x19	 x23:0x00000001 x19:0x00000001  x2=0x00000001
       23205000	      2319	80001268	f6ec8c93	addi	x25,x25,-146	 x25:0x800028d8 x25=0x80002846
       23215000	      2320	8000126c	90f2ea93	ori	x21,x5,-1777	  x5:0xee5ea000 x21=0xfffff90f
       23225000	      2321	80001270	093c84e7	jalr	x9,x25,147	 x25:0x80002846  x9=0x80001270
       23235000	      2322	00000000	00000013	addi	x0,x0,0	  x0:0x00000000
       23245000	      2323	800028d8	00000013	addi	x0,x0,0	  x0:0x00000000
       23255000	      2324	800028dc	4144d213	srai	x4,x9,0x14	  x9:0x80001270  x4=0xfffff800
       23265000	      2325	800028e0	32e5e813	ori	x16,x11,814	 x11:0x49800000 x16=0x4980032e
       23275000	      2326	800028e4	35ac3013	sltiu	x0,x24,858	 x24:0x00000001
       23285000	      2327	800028e8	500fa713	slti	x14,x31,1280	 x31:0xd5b98000 x14=0x00000001
       23295000	      2328	800028ec	fc0e0e13	addi	x28,x28,-64	 x28:0x80009f64 x28=0x80009f24
       23305000	      2329	800028f0	01d76133	or	x2,x14,x29	 x14:0x00000001 x29:0xb20ad000  x2=0xb20ad001
       23315000	      2330	800028f4	b6333017	auipc	x0,0xb6333	
       23325000	      2331	800028f8	40fa5713	srai	x14,x20,0xf	 x20:0xf6c132da x14=0xffffed82
       23335000	      2332	800028fc	162cb613	sltiu	x12,x25,354	 x25:0x80002846 x12=0x00000000
       23345000	      2333	80002900	009e2223	sw	x9,4(x28)	 x28:0x80009f24  x9:0x80001270 PA:0x80009f28
       23355000	      2334	80002904	2287c813	xori	x16,x15,552	 x15:0xffff6c13 x16=0xffff6e3b
       23365000	      2335	80002908	ffd00293	addi	x5,x0,-3	  x0:0x00000000  x5=0xfffffffd
       23375000	      2336	8000290c	01ec9313	slli	x6,x25,0x1e	 x25:0x80002846  x6=0x80000000
       23385000	      2337	80002910	41528033	sub	x0,x5,x21	  x5:0xfffffffd x21:0xfffff90f
       23395000	      2338	80002914	016d1b13	slli	x22,x26,0x16	 x26:0x038f2e19 x22=0x86400000
       23405000	      2339	80002918	0048efb3	or	x31,x17,x4	 x17:0xee5ea000  x4:0xfffff800 x31=0xfffff800
       23415000	      2340	8000291c	ffc00c13	addi	x24,x0,-4	  x0:0x00000000 x24=0xfffffffc
       23425000	      2341	80002920	d78a7a17	auipc	x20,0xd78a7	 x20=0x578a991c
       23435000	      2342	80002924	0d24e993	ori	x19,x9,210	  x9:0x80001270 x19=0x800012f2
       23445000	      2343	80002928	0023d893	srli	x17,x7,0x2	  x7:0x00000001 x17=0x00000000
       23455000	      2344	8000292c	00217fb3	and	x31,x2,x2	  x2:0xb20ad001  x2:0xb20ad001 x31=0xb20ad001
       23465000	      2345	80002930	be01a393	slti	x7,x3,-1056	  x3:0x00000001  x7=0x00000000
       23475000	      2346	80002934	ff628293	addi	x5,x5,-10	  x5:0xfffffffd  x5=0xfffffff3
       23485000	      2347	80002938	003e1733	sll	x14,x28,x3	 x28:0x80009f24  x3:0x00000001 x14=0x00013e48
       23495000	      2348	8000293c	00a00693	addi	x13,x0,10	  x0:0x00000000 x13=0x0000000a
       23505000	      2349	80002940	ed8da793	slti	x15,x27,-296	 x27:0x80009fc4 x15=0x00000001
       23515000	      2350	80002944	01400113	addi	x2,x0,20	  x0:0x00000000  x2=0x00000014
       23525000	      2351	80002948	b5ccae93	slti	x29,x25,-1188	 x25:0x80002846 x29=0x00000001
       23535000	      2352	8000294c	00752033	slt	x0,x10,x7	 x10:0x00000335  x7:0x00000000
       23545000	      2353	80002950	011a5ab3	srl	x21,x20,x17	 x20:0x578a991c x17:0x00000000 x21=0x578a991c
       23555000	      2354	80002954	6bda2b93	slti	x23,x20,1725	 x20:0x578a991c x23=0x00000000
       23565000	      2355	80002958	413403b3	sub	x7,x8,x19	  x8:0xb60996d4 x19:0x800012f2  x7=0x360983e2
       23575000	      2356	8000295c	0abf7093	andi	x1,x30,171	 x30:0xfffffcf5  x1=0x000000a1
       23585000	      2357	80002960	014e4033	xor	x0,x28,x20	 x28:0x80009f24 x20:0x578a991c
       23595000	      2358	80002964	357a2193	slti	x3,x20,855	 x20:0x578a991c  x3=0x00000000
       23605000	      2359	80002968	00a68693	addi	x13,x13,10	 x13:0x0000000a x13=0x00000014
       23615000	      2360	8000296c	fe26e0e3	bltu	x13,x2,8000294c	 x13:0x00000014  x2:0x00000014
       23625000	      2361	80002970	0160fcb3	and	x25,x1,x22	  x1:0x000000a1 x22:0x86400000 x25=0x00000000
       23635000	      2362	80002974	afb5c013	xori	x0,x11,-1285	 x11:0x49800000
       23645000	      2363	80002978	05c1e093	ori	x1,x3,92	  x3:0x00000000  x1=0x0000005c
       23655000	      2364	8000297c	321e0413	addi	x8,x28,801	 x28:0x80009f24  x8=0x8000a245
       23665000	      2365	80002980	fb82d6e3	bge	x5,x24,8000292c	  x5:0xfffffff3 x24:0xfffffffc
       23675000	      2366	80002984	f918e493	ori	x9,x17,-111	 x17:0x00000000  x9=0xffffff91
       23685000	      2367	80002988	00900c93	addi	x25,x0,9	  x0:0x00000000 x25=0x00000009
       23695000	      2368	8000298c	41ba8433	sub	x8,x21,x27	 x21:0x578a991c x27:0x80009fc4  x8=0xd789f958
       23705000	      2369	80002990	01fa1913	slli	x18,x20,0x1f	 x20:0x578a991c x18=0x00000000
       23715000	      2370	80002994	005f8ab3	add	x21,x31,x5	 x31:0xb20ad001  x5:0xfffffff3 x21=0xb20acff4
       23725000	      2371	80002998	00c00b13	addi	x22,x0,12	  x0:0x00000000 x22=0x0000000c
       23735000	      2372	8000299c	0191d693	srli	x13,x3,0x19	  x3:0x00000000 x13=0x00000000
       23745000	      2373	800029a0	00000013	addi	x0,x0,0	  x0:0x00000000
       23755000	      2374	800029a4	0070da93	srli	x21,x1,0x7	  x1:0x0000005c x21=0x00000000
       23765000	      2375	800029a8	010e5513	srli	x10,x28,0x10	 x28:0x80009f24 x10=0x00008000
       23775000	      2376	800029ac	017d0333	add	x6,x26,x23	 x26:0x038f2e19 x23:0x00000000  x6=0x038f2e19
       23785000	      2377	800029b0	850fb713	sltiu	x14,x31,-1968	 x31:0xb20ad001 x14=0x00000001
       23795000	      2378	800029b4	00902133	slt	x2,x0,x9	  x0:0x00000000  x9:0xffffff91  x2=0x00000000
       23805000	      2379	800029b8	00b93eb3	sltu	x29,x18,x11	 x18:0x00000000 x11:0x49800000 x29=0x00000001
       23815000	      2380	800029bc	0019b513	sltiu	x10,x19,1	 x19:0x800012f2 x10=0x00000000
       23825000	      2381	800029c0	015b86b3	add	x13,x23,x21	 x23:0x00000000 x21:0x00000000 x13=0x00000000
       23835000	      2382	800029c4	007c8c93	addi	x25,x25,7	 x25:0x00000009 x25=0x00000010
       23845000	      2383	800029c8	80b15a37	lui	x20,0x80b15	 x20=0x80b15000
       23855000	      2384	800029cc	6bea4713	xori	x14,x20,1726	 x20:0x80b15000 x14=0x80b156be
       23865000	      2385	800029d0	00414633	xor	x12,x2,x4	  x2:0x00000000  x4:0xfffff800 x12=0xfffff800
       23875000	      2386	800029d4	00fb1a93	slli	x21,x22,0xf	 x22:0x0000000c x21=0x00060000
       23885000	      2387	800029d8	01015c13	srli	x24,x2,0x10	  x2:0x00000000 x24=0x00000000
       23895000	      2388	800029dc	415c0333	sub	x6,x24,x21	 x24:0x00000000 x21:0x00060000  x6=0xfffa0000
       23905000	      2389	800029e0	01214033	xor	x0,x2,x18	  x2:0x00000000 x18:0x00000000
       23915000	      2390	800029e4	fb6ceee3	bltu	x25,x22,800029a0	 x25:0x00000010 x22:0x0000000c
       23925000	      2391	800029e8	008a21b3	slt	x3,x20,x8	 x20:0x80b15000  x8:0xd789f958  x3=0x00000001
       23935000	      2392	800029ec	00400a13	addi	x20,x0,4	  x0:0x00000000 x20=0x00000004
       23945000	      2393	800029f0	00c00113	addi	x2,x0,12	  x0:0x00000000  x2=0x0000000c
       23955000	      2394	800029f4	0170b533	sltu	x10,x1,x23	  x1:0x0000005c x23:0x00000000 x10=0x00000000
       23965000	      2395	800029f8	00aa0a13	addi	x20,x20,10	 x20:0x00000004 x20=0x0000000e
       23975000	      2396	800029fc	fe2a6ce3	bltu	x20,x2,800029f4	 x20:0x0000000e  x2:0x0000000c
       23985000	      2397	80002a00	0193f633	and	x12,x7,x25	  x7:0x360983e2 x25:0x00000010 x12=0x00000000
       23995000	      2398	80002a04	73ed0a13	addi	x20,x26,1854	 x26:0x038f2e19 x20=0x038f3557
       24005000	      2399	80002a08	08078e63	beq	x15,x0,80002aa4	 x15:0x00000001  x0:0x00000000
       24015000	      2400	80002a0c	001121b3	slt	x3,x2,x1	  x2:0x0000000c  x1:0x0000005c  x3=0x00000001
       24025000	      2401	80002a10	958e6c17	auipc	x24,0x958e6	 x24=0x158e8a0c
       24035000	      2402	80002a14	ff700593	addi	x11,x0,-9	  x0:0x00000000 x11=0xfffffff7
       24045000	      2403	80002a18	010011b3	sll	x3,x0,x16	  x0:0x00000000 x16:0xffff6e3b  x3=0x00000000
       24055000	      2404	80002a1c	01400913	addi	x18,x0,20	  x0:0x00000000 x18=0x00000014
       24065000	      2405	80002a20	18814093	xori	x1,x2,392	  x2:0x0000000c  x1=0x00000184
       24075000	      2406	80002a24	00157c33	and	x24,x10,x1	 x10:0x00000000  x1:0x00000184 x24=0x00000000
       24085000	      2407	80002a28	002c4fb3	xor	x31,x24,x2	 x24:0x00000000  x2:0x0000000c x31=0x0000000c
       24095000	      2408	80002a2c	00a58593	addi	x11,x11,10	 x11:0xfffffff7 x11=0x00000001
       24105000	      2409	80002a30	00879e93	slli	x29,x15,0x8	 x15:0x00000001 x29=0x00000100
       24115000	      2410	80002a34	00600393	addi	x7,x0,6	  x0:0x00000000  x7=0x00000006
       24125000	      2411	80002a38	00500f13	addi	x30,x0,5	  x0:0x00000000 x30=0x00000005
       24135000	      2412	80002a3c	01cb8b33	add	x22,x23,x28	 x23:0x00000000 x28:0x80009f24 x22=0x80009f24
       24145000	      2413	80002a40	380eec93	ori	x25,x29,896	 x29:0x00000100 x25=0x00000380
       24155000	      2414	80002a44	00357b33	and	x22,x10,x3	 x10:0x00000000  x3:0x00000000 x22=0x00000000
       24165000	      2415	80002a48	ffd38393	addi	x7,x7,-3	  x7:0x00000006  x7=0x00000003
       24175000	      2416	80002a4c	ffe3fce3	bgeu	x7,x30,80002a44	  x7:0x00000003 x30:0x00000005
       24185000	      2417	80002a50	0168d533	srl	x10,x17,x22	 x17:0x00000000 x22:0x00000000 x10=0x00000000
       24195000	      2418	80002a54	00231733	sll	x14,x6,x2	  x6:0xfffa0000  x2:0x0000000c x14=0xa0000000
       24205000	      2419	80002a58	3bc14c13	xori	x24,x2,956	  x2:0x0000000c x24=0x000003b0
       24215000	      2420	80002a5c	0062d833	srl	x16,x5,x6	  x5:0xfffffff3  x6:0xfffa0000 x16=0xfffffff3
       24225000	      2421	80002a60	fd25e4e3	bltu	x11,x18,80002a28	 x11:0x00000001 x18:0x00000014
       24235000	      2422	00000000	00000013	addi	x0,x0,0	  x0:0x00000000
       24245000	      2423	80002a24	00000013	addi	x0,x0,0	  x0:0x00000000
       24255000	      2424	80002a28	002c4fb3	xor	x31,x24,x2	 x24:0x000003b0  x2:0x0000000c x31=0x000003bc
       24265000	      2425	80002a2c	00a58593	addi	x11,x11,10	 x11:0x00000001 x11=0x0000000b
       24275000	      2426	80002a30	00879e93	slli	x29,x15,0x8	 x15:0x00000001 x29=0x00000100
       24285000	      2427	80002a34	00600393	addi	x7,x0,6	  x0:0x00000000  x7=0x00000006
       24295000	      2428	80002a38	00500f13	addi	x30,x0,5	  x0:0x00000000 x30=0x00000005
       24305000	      2429	80002a3c	01cb8b33	add	x22,x23,x28	 x23:0x00000000 x28:0x80009f24 x22=0x80009f24
       24315000	      2430	80002a40	380eec93	ori	x25,x29,896	 x29:0x00000100 x25=0x00000380
       24325000	      2431	80002a44	00357b33	and	x22,x10,x3	 x10:0x00000000  x3:0x00000000 x22=0x00000000
       24335000	      2432	80002a48	ffd38393	addi	x7,x7,-3	  x7:0x00000006  x7=0x00000003
       24345000	      2433	80002a4c	ffe3fce3	bgeu	x7,x30,80002a44	  x7:0x00000003 x30:0x00000005
       24355000	      2434	80002a50	0168d533	srl	x10,x17,x22	 x17:0x00000000 x22:0x00000000 x10=0x00000000
       24365000	      2435	80002a54	00231733	sll	x14,x6,x2	  x6:0xfffa0000  x2:0x0000000c x14=0xa0000000
       24375000	      2436	80002a58	3bc14c13	xori	x24,x2,956	  x2:0x0000000c x24=0x000003b0
       24385000	      2437	80002a5c	0062d833	srl	x16,x5,x6	  x5:0xfffffff3  x6:0xfffa0000 x16=0xfffffff3
       24395000	      2438	80002a60	fd25e4e3	bltu	x11,x18,80002a28	 x11:0x0000000b x18:0x00000014
       24405000	      2439	00000000	00000013	addi	x0,x0,0	  x0:0x00000000
       24415000	      2440	80002a24	00000013	addi	x0,x0,0	  x0:0x00000000
       24425000	      2441	80002a28	002c4fb3	xor	x31,x24,x2	 x24:0x000003b0  x2:0x0000000c x31=0x000003bc
       24435000	      2442	80002a2c	00a58593	addi	x11,x11,10	 x11:0x0000000b x11=0x00000015
       24445000	      2443	80002a30	00879e93	slli	x29,x15,0x8	 x15:0x00000001 x29=0x00000100
       24455000	      2444	80002a34	00600393	addi	x7,x0,6	  x0:0x00000000  x7=0x00000006
       24465000	      2445	80002a38	00500f13	addi	x30,x0,5	  x0:0x00000000 x30=0x00000005
       24475000	      2446	80002a3c	01cb8b33	add	x22,x23,x28	 x23:0x00000000 x28:0x80009f24 x22=0x80009f24
       24485000	      2447	80002a40	380eec93	ori	x25,x29,896	 x29:0x00000100 x25=0x00000380
       24495000	      2448	80002a44	00357b33	and	x22,x10,x3	 x10:0x00000000  x3:0x00000000 x22=0x00000000
       24505000	      2449	80002a48	ffd38393	addi	x7,x7,-3	  x7:0x00000006  x7=0x00000003
       24515000	      2450	80002a4c	ffe3fce3	bgeu	x7,x30,80002a44	  x7:0x00000003 x30:0x00000005
       24525000	      2451	80002a50	0168d533	srl	x10,x17,x22	 x17:0x00000000 x22:0x00000000 x10=0x00000000
       24535000	      2452	80002a54	00231733	sll	x14,x6,x2	  x6:0xfffa0000  x2:0x0000000c x14=0xa0000000
       24545000	      2453	80002a58	3bc14c13	xori	x24,x2,956	  x2:0x0000000c x24=0x000003b0
       24555000	      2454	80002a5c	0062d833	srl	x16,x5,x6	  x5:0xfffffff3  x6:0xfffa0000 x16=0xfffffff3
       24565000	      2455	80002a60	fd25e4e3	bltu	x11,x18,80002a28	 x11:0x00000015 x18:0x00000014
       24575000	      2456	80002a64	f73bf113	andi	x2,x23,-141	 x23:0x00000000  x2=0x00000000
       24585000	      2457	80002a68	405053b3	sra	x7,x0,x5	  x0:0x00000000  x5:0xfffffff3  x7=0x00000000
       24595000	      2458	80002a6c	01ec4a63	blt	x24,x30,80002a80	 x24:0x000003b0 x30:0x00000005
       24605000	      2459	80002a70	00000013	addi	x0,x0,0	  x0:0x00000000
       24615000	      2460	80002a74	00b603b3	add	x7,x12,x11	 x12:0x00000000 x11:0x00000015  x7=0x00000015
       24625000	      2461	80002a78	0195efb3	or	x31,x11,x25	 x11:0x00000015 x25:0x00000380 x31=0x00000395
       24635000	      2462	80002a7c	4149d713	srai	x14,x19,0x14	 x19:0x800012f2 x14=0xfffff800
       24645000	      2463	80002a80	03a5c263	blt	x11,x26,80002aa4	 x11:0x00000015 x26:0x038f2e19
       24655000	      2464	00000000	00000013	addi	x0,x0,0	  x0:0x00000000
       24665000	      2465	80002aa0	00000013	addi	x0,x0,0	  x0:0x00000000
       24675000	      2466	80002aa4	e4ed0f13	addi	x30,x26,-434	 x26:0x038f2e19 x30=0x038f2c67
       24685000	      2467	80002aa8	05724263	blt	x4,x23,80002aec	  x4:0xfffff800 x23:0x00000000
       24695000	      2468	00000000	00000013	addi	x0,x0,0	  x0:0x00000000
       24705000	      2469	80002ae8	00000013	addi	x0,x0,0	  x0:0x00000000
       24715000	      2470	80002aec	02a4e863	bltu	x9,x10,80002b1c	  x9:0xffffff91 x10:0x00000000
       24725000	      2471	80002af0	00d6dc63	bge	x13,x13,80002b08	 x13:0x00000000 x13:0x00000000
       24735000	      2472	00000000	00000013	addi	x0,x0,0	  x0:0x00000000
       24745000	      2473	80002b04	00000013	addi	x0,x0,0	  x0:0x00000000
       24755000	      2474	80002b08	005f5bb3	srl	x23,x30,x5	 x30:0x038f2c67  x5:0xfffffff3 x23=0x00000071
       24765000	      2475	80002b0c	01db8f33	add	x30,x23,x29	 x23:0x00000071 x29:0x00000100 x30=0x00000171
       24775000	      2476	80002b10	01df9a93	slli	x21,x31,0x1d	 x31:0x00000395 x21=0xa0000000
       24785000	      2477	80002b14	39704513	xori	x10,x0,919	  x0:0x00000000 x10=0x00000397
       24795000	      2478	80002b18	03685863	bge	x16,x22,80002b48	 x16:0xfffffff3 x22:0x00000000
       24805000	      2479	80002b1c	013e73b3	and	x7,x28,x19	 x28:0x80009f24 x19:0x800012f2  x7=0x80001220
       24815000	      2480	80002b20	00b11033	sll	x0,x2,x11	  x2:0x00000000 x11:0x00000015
       24825000	      2481	80002b24	005714b3	sll	x9,x14,x5	 x14:0xfffff800  x5:0xfffffff3  x9=0xc0000000
       24835000	      2482	80002b28	05141263	bne	x8,x17,80002b6c	  x8:0xd789f958 x17:0x00000000
       24845000	      2483	00000000	00000013	addi	x0,x0,0	  x0:0x00000000
       24855000	      2484	80002b68	00000013	addi	x0,x0,0	  x0:0x00000000
       24865000	      2485	80002b6c	41bb5633	sra	x12,x22,x27	 x22:0x00000000 x27:0x80009fc4 x12=0x00000000
       24875000	      2486	80002b70	e4158613	addi	x12,x11,-447	 x11:0x00000015 x12=0xfffffe56
       24885000	      2487	80002b74	41a80fb3	sub	x31,x16,x26	 x16:0xfffffff3 x26:0x038f2e19 x31=0xfc70d1da
       24895000	      2488	80002b78	cf649937	lui	x18,0xcf649	 x18=0xcf649000
       24905000	      2489	80002b7c	03f59c63	bne	x11,x31,80002bb4	 x11:0x00000015 x31:0xfc70d1da
       24915000	      2490	00000000	00000013	addi	x0,x0,0	  x0:0x00000000
       24925000	      2491	80002bb0	00000013	addi	x0,x0,0	  x0:0x00000000
       24935000	      2492	80002bb4	a294b713	sltiu	x14,x9,-1495	  x9:0xc0000000 x14=0x00000001
       24945000	      2493	80002bb8	41655113	srai	x2,x10,0x16	 x10:0x00000397  x2=0x00000000
       24955000	      2494	80002bbc	8b3e5697	auipc	x13,0x8b3e5	 x13=0x0b3e7bb8
       24965000	      2495	80002bc0	01982333	slt	x6,x16,x25	 x16:0xfffffff3 x25:0x00000380  x6=0x00000001
       24975000	      2496	80002bc4	46e54413	xori	x8,x10,1134	 x10:0x00000397  x8=0x000007f9
       24985000	      2497	80002bc8	41e55093	srai	x1,x10,0x1e	 x10:0x00000397  x1=0x00000000
       24995000	      2498	80002bcc	001f6cb3	or	x25,x30,x1	 x30:0x00000171  x1:0x00000000 x25=0x00000171
       25005000	      2499	80002bd0	01669293	slli	x5,x13,0x16	 x13:0x0b3e7bb8  x5=0xee000000
       25015000	      2500	80002bd4	017215b3	sll	x11,x4,x23	  x4:0xfffff800 x23:0x00000071 x11=0xf0000000
       25025000	      2501	80002bd8	011da833	slt	x16,x27,x17	 x27:0x80009fc4 x17:0x00000000 x16=0x00000001
       25035000	      2502	80002bdc	04c86663	bltu	x16,x12,80002c28	 x16:0x00000001 x12:0xfffffe56
       25045000	      2503	00000000	00000013	addi	x0,x0,0	  x0:0x00000000
       25055000	      2504	80002c24	00000013	addi	x0,x0,0	  x0:0x00000000
       25065000	      2505	80002c28	40375733	sra	x14,x14,x3	 x14:0x00000001  x3:0x00000000 x14=0x00000001
       25075000	      2506	80002c2c	40b34c93	xori	x25,x6,1035	  x6:0x00000001 x25=0x0000040a
       25085000	      2507	80002c30	2e2b7493	andi	x9,x22,738	 x22:0x00000000  x9=0x00000000
       25095000	      2508	80002c34	cee80f93	addi	x31,x16,-786	 x16:0x00000001 x31=0xfffffcef
       25105000	      2509	80002c38	220cf013	andi	x0,x25,544	 x25:0x0000040a
       25115000	      2510	80002c3c	00131413	slli	x8,x6,0x1	  x6:0x00000001  x8=0x00000002
       25125000	      2511	80002c40	0145ebb3	or	x23,x11,x20	 x11:0xf0000000 x20:0x038f3557 x23=0xf38f3557
       25135000	      2512	80002c44	01e096b3	sll	x13,x1,x30	  x1:0x00000000 x30:0x00000171 x13=0x00000000
       25145000	      2513	80002c48	024f6263	bltu	x30,x4,80002c6c	 x30:0x00000171  x4:0xfffff800
       25155000	      2514	00000000	00000013	addi	x0,x0,0	  x0:0x00000000
       25165000	      2515	80002c68	00000013	addi	x0,x0,0	  x0:0x00000000
       25175000	      2516	80002c6c	059c5063	bge	x24,x25,80002cac	 x24:0x000003b0 x25:0x0000040a
       25185000	      2517	80002c70	72138813	addi	x16,x7,1825	  x7:0x80001220 x16=0x80001941
       25195000	      2518	80002c74	7612c597	auipc	x11,0x7612c	 x11=0xf612ec70
       25205000	      2519	80002c78	013d6bb3	or	x23,x26,x19	 x26:0x038f2e19 x19:0x800012f2 x23=0x838f3efb
       25215000	      2520	80002c7c	b6457093	andi	x1,x10,-1180	 x10:0x00000397  x1=0x00000304
       25225000	      2521	80002c80	016b1233	sll	x4,x22,x22	 x22:0x00000000 x22:0x00000000  x4=0x00000000
       25235000	      2522	80002c84	b767be93	sltiu	x29,x15,-1162	 x15:0x00000001 x29=0x00000001
       25245000	      2523	80002c88	02429c63	bne	x5,x4,80002cc0	  x5:0xee000000  x4:0x00000000
       25255000	      2524	00000000	00000013	addi	x0,x0,0	  x0:0x00000000
       25265000	      2525	80002cbc	00000013	addi	x0,x0,0	  x0:0x00000000
       25275000	      2526	80002cc0	cb73b837	lui	x16,0xcb73b	 x16=0xcb73b000
       25285000	      2527	80002cc4	04bc9663	bne	x25,x11,80002d10	 x25:0x0000040a x11:0xf612ec70
       25295000	      2528	00000000	00000013	addi	x0,x0,0	  x0:0x00000000
       25305000	      2529	80002d0c	00000013	addi	x0,x0,0	  x0:0x00000000
       25315000	      2530	80002d10	03e6fe63	bgeu	x13,x30,80002d4c	 x13:0x00000000 x30:0x00000171
       25325000	      2531	80002d14	01149a63	bne	x9,x17,80002d28	  x9:0x00000000 x17:0x00000000
       25335000	      2532	80002d18	00fca2b3	slt	x5,x25,x15	 x25:0x0000040a x15:0x00000001  x5=0x00000000
       25345000	      2533	80002d1c	01359533	sll	x10,x11,x19	 x11:0xf612ec70 x19:0x800012f2 x10=0xb1c00000
       25355000	      2534	80002d20	02c7c863	blt	x15,x12,80002d50	 x15:0x00000001 x12:0xfffffe56
       25365000	      2535	80002d24	006410b3	sll	x1,x8,x6	  x8:0x00000002  x6:0x00000001  x1=0x00000004
       25375000	      2536	80002d28	01d3d593	srli	x11,x7,0x1d	  x7:0x80001220 x11=0x00000004
       25385000	      2537	80002d2c	408751b3	sra	x3,x14,x8	 x14:0x00000001  x8:0x00000002  x3=0x00000000
       25395000	      2538	80002d30	0199d393	srli	x7,x19,0x19	 x19:0x800012f2  x7=0x00000040
       25405000	      2539	80002d34	e8668413	addi	x8,x13,-378	 x13:0x00000000  x8=0xfffffe86
       25415000	      2540	80002d38	4ec6ba93	sltiu	x21,x13,1260	 x13:0x00000000 x21=0x00000001
       25425000	      2541	80002d3c	019d1213	slli	x4,x26,0x19	 x26:0x038f2e19  x4=0x32000000
       25435000	      2542	80002d40	40185213	srai	x4,x16,0x1	 x16:0xcb73b000  x4=0xe5b9d800
       25445000	      2543	80002d44	01b41e63	bne	x8,x27,80002d60	  x8:0xfffffe86 x27:0x80009fc4
       25455000	      2544	00000000	00000013	addi	x0,x0,0	  x0:0x00000000
       25465000	      2545	80002d5c	00000013	addi	x0,x0,0	  x0:0x00000000
       25475000	      2546	80002d60	27273993	sltiu	x19,x14,626	 x14:0x00000001 x19=0x00000001
       25485000	      2547	80002d64	44784693	xori	x13,x16,1095	 x16:0xcb73b000 x13=0xcb73b447
       25495000	      2548	80002d68	00f11593	slli	x11,x2,0xf	  x2:0x00000000 x11=0x00000000
       25505000	      2549	80002d6c	01101013	slli	x0,x0,0x11	  x0:0x00000000
       25515000	      2550	80002d70	015cacb3	slt	x25,x25,x21	 x25:0x0000040a x21:0x00000001 x25=0x00000000
       25525000	      2551	80002d74	03f15263	bge	x2,x31,80002d98	  x2:0x00000000 x31:0xfffffcef
       25535000	      2552	00000000	00000013	addi	x0,x0,0	  x0:0x00000000
       25545000	      2553	80002d94	00000013	addi	x0,x0,0	  x0:0x00000000
       25555000	      2554	80002d98	ad797413	andi	x8,x18,-1321	 x18:0xcf649000  x8=0xcf649000
       25565000	      2555	80002d9c	01642eb3	slt	x29,x8,x22	  x8:0xcf649000 x22:0x00000000 x29=0x00000001
       25575000	      2556	80002da0	00e636b3	sltu	x13,x12,x14	 x12:0xfffffe56 x14:0x00000001 x13=0x00000000
       25585000	      2557	80002da4	010b8cb3	add	x25,x23,x16	 x23:0x838f3efb x16:0xcb73b000 x25=0x4f02eefb
       25595000	      2558	80002da8	004e2483	lw	x9,4(x28)	 x28:0x80009f24  x9=0x80001270 PA:0x80009f28
       25605000	      2559	80002dac	8960af13	slti	x30,x1,-1898	  x1:0x00000004 x30=0x00000000
       25615000	      2560	80002db0	040e0e13	addi	x28,x28,64	 x28:0x80009f24 x28=0x80009f64
       25625000	      2561	80002db4	00000013	addi	x0,x0,0	  x0:0x00000000
       25635000	      2562	80002db8	65687c93	andi	x25,x16,1622	 x16:0xcb73b000 x25=0x00000000
       25645000	      2563	80002dbc	00048593	addi	x11,x9,0	  x9:0x80001270 x11=0x80001270
       25655000	      2564	80002dc0	000585e7	jalr	x11,x11,0	 x11:0x80001270 x11=0x80002dc0
       25665000	      2565	00000000	00000013	addi	x0,x0,0	  x0:0x00000000
       25675000	      2566	80001270	00000013	addi	x0,x0,0	  x0:0x00000000
       25685000	      2567	80001274	00a00313	addi	x6,x0,10	  x0:0x00000000  x6=0x0000000a
       25695000	      2568	80001278	00000013	addi	x0,x0,0	  x0:0x00000000
       25705000	      2569	8000127c	01000793	addi	x15,x0,16	  x0:0x00000000 x15=0x00000010
       25715000	      2570	80001280	54cb2893	slti	x17,x22,1356	 x22:0x00000000 x17=0x00000001
       25725000	      2571	80001284	67ece293	ori	x5,x25,1662	 x25:0x00000000  x5=0x0000067e
       25735000	      2572	80001288	00730313	addi	x6,x6,7	  x6:0x0000000a  x6=0x00000011
       25745000	      2573	8000128c	d9f7cc93	xori	x25,x15,-609	 x15:0x00000010 x25=0xfffffd8f
       25755000	      2574	80001290	8f426013	ori	x0,x4,-1804	  x4:0xe5b9d800
       25765000	      2575	80001294	ffe00993	addi	x19,x0,-2	  x0:0x00000000 x19=0xfffffffe
       25775000	      2576	80001298	0120a033	slt	x0,x1,x18	  x1:0x00000004 x18:0xcf649000
       25785000	      2577	8000129c	ff600513	addi	x10,x0,-10	  x0:0x00000000 x10=0xfffffff6
       25795000	      2578	800012a0	008a2eb3	slt	x29,x20,x8	 x20:0x038f3557  x8:0xcf649000 x29=0x00000000
       25805000	      2579	800012a4	00000013	addi	x0,x0,0	  x0:0x00000000
       25815000	      2580	800012a8	ffc98993	addi	x19,x19,-4	 x19:0xfffffffe x19=0xfffffffa
       25825000	      2581	800012ac	8a1e6113	ori	x2,x28,-1887	 x28:0x80009f64  x2=0xffffffe5
       25835000	      2582	800012b0	fea988e3	beq	x19,x10,800012a0	 x19:0xfffffffa x10:0xfffffff6
       25845000	      2583	800012b4	fcf346e3	blt	x6,x15,80001280	  x6:0x00000011 x15:0x00000010
       25855000	      2584	800012b8	644a4213	xori	x4,x20,1604	 x20:0x038f3557  x4=0x038f3313
       25865000	      2585	800012bc	ff700293	addi	x5,x0,-9	  x0:0x00000000  x5=0xfffffff7
       25875000	      2586	800012c0	0901f613	andi	x12,x3,144	  x3:0x00000000 x12=0x00000000
       25885000	      2587	800012c4	40ed08b3	sub	x17,x26,x14	 x26:0x038f2e19 x14:0x00000001 x17=0x038f2e18
       25895000	      2588	800012c8	ff500b93	addi	x23,x0,-11	  x0:0x00000000 x23=0xfffffff5
       25905000	      2589	800012cc	00a71733	sll	x14,x14,x10	 x14:0x00000001 x10:0xfffffff6 x14=0x00400000
       25915000	      2590	800012d0	e37bc593	xori	x11,x23,-457	 x23:0xfffffff5 x11=0x000001c2
       25925000	      2591	800012d4	0120b633	sltu	x12,x1,x18	  x1:0x00000004 x18:0xcf649000 x12=0x00000001
       25935000	      2592	800012d8	00e3d1b3	srl	x3,x7,x14	  x7:0x00000040 x14:0x00400000  x3=0x00000040
       25945000	      2593	800012dc	ff728293	addi	x5,x5,-9	  x5:0xfffffff7  x5=0xffffffee
       25955000	      2594	800012e0	de2cc713	xori	x14,x25,-542	 x25:0xfffffd8f x14=0x0000006d
       25965000	      2595	800012e4	00a00793	addi	x15,x0,10	  x0:0x00000000 x15=0x0000000a
       25975000	      2596	800012e8	f44d2513	slti	x10,x26,-188	 x26:0x038f2e19 x10=0x00000000
       25985000	      2597	800012ec	ffb00a13	addi	x20,x0,-5	  x0:0x00000000 x20=0xfffffffb
       25995000	      2598	800012f0	01582b33	slt	x22,x16,x21	 x16:0xcb73b000 x21:0x00000001 x22=0x00000001
       26005000	      2599	800012f4	9fc18613	addi	x12,x3,-1540	  x3:0x00000040 x12=0xfffffa3c
       26015000	      2600	800012f8	0113c933	xor	x18,x7,x17	  x7:0x00000040 x17:0x038f2e18 x18=0x038f2e58
       26025000	      2601	800012fc	f6ff9f97	auipc	x31,0xf6ff9	 x31=0x76ffa2f8
       26035000	      2602	80001300	00b89893	slli	x17,x17,0xb	 x17:0x038f2e18 x17=0x7970c000
       26045000	      2603	80001304	01617ab3	and	x21,x2,x22	  x2:0xffffffe5 x22:0x00000001 x21=0x00000001
       26055000	      2604	80001308	6eb8b213	sltiu	x4,x17,1771	 x17:0x7970c000  x4=0x00000000
       26065000	      2605	8000130c	ffd78793	addi	x15,x15,-3	 x15:0x0000000a x15=0x00000007
       26075000	      2606	80001310	39bf2093	slti	x1,x30,923	 x30:0x00000000  x1=0x00000001
       26085000	      2607	80001314	d5697c13	andi	x24,x18,-682	 x18:0x038f2e58 x24=0x038f2c50
       26095000	      2608	80001318	fd479ee3	bne	x15,x20,800012f4	 x15:0x00000007 x20:0xfffffffb
       26105000	      2609	00000000	00000013	addi	x0,x0,0	  x0:0x00000000
       26115000	      2610	800012f0	00000013	addi	x0,x0,0	  x0:0x00000000
       26125000	      2611	800012f4	9fc18613	addi	x12,x3,-1540	  x3:0x00000040 x12=0xfffffa3c
       26135000	      2612	800012f8	0113c933	xor	x18,x7,x17	  x7:0x00000040 x17:0x7970c000 x18=0x7970c040
       26145000	      2613	800012fc	f6ff9f97	auipc	x31,0xf6ff9	 x31=0x76ffa2f8
       26155000	      2614	80001300	00b89893	slli	x17,x17,0xb	 x17:0x7970c000 x17=0x86000000
       26165000	      2615	80001304	01617ab3	and	x21,x2,x22	  x2:0xffffffe5 x22:0x00000001 x21=0x00000001
       26175000	      2616	80001308	6eb8b213	sltiu	x4,x17,1771	 x17:0x86000000  x4=0x00000000
       26185000	      2617	8000130c	ffd78793	addi	x15,x15,-3	 x15:0x00000007 x15=0x00000004
       26195000	      2618	80001310	39bf2093	slti	x1,x30,923	 x30:0x00000000  x1=0x00000001
       26205000	      2619	80001314	d5697c13	andi	x24,x18,-682	 x18:0x7970c040 x24=0x7970c040
       26215000	      2620	80001318	fd479ee3	bne	x15,x20,800012f4	 x15:0x00000004 x20:0xfffffffb
       26225000	      2621	00000000	00000013	addi	x0,x0,0	  x0:0x00000000
       26235000	      2622	800012f0	00000013	addi	x0,x0,0	  x0:0x00000000
       26245000	      2623	800012f4	9fc18613	addi	x12,x3,-1540	  x3:0x00000040 x12=0xfffffa3c
       26255000	      2624	800012f8	0113c933	xor	x18,x7,x17	  x7:0x00000040 x17:0x86000000 x18=0x86000040
       26265000	      2625	800012fc	f6ff9f97	auipc	x31,0xf6ff9	 x31=0x76ffa2f8
       26275000	      2626	80001300	00b89893	slli	x17,x17,0xb	 x17:0x86000000 x17=0x00000000
       26285000	      2627	80001304	01617ab3	and	x21,x2,x22	  x2:0xffffffe5 x22:0x00000001 x21=0x00000001
       26295000	      2628	80001308	6eb8b213	sltiu	x4,x17,1771	 x17:0x00000000  x4=0x00000001
       26305000	      2629	8000130c	ffd78793	addi	x15,x15,-3	 x15:0x00000004 x15=0x00000001
       26315000	      2630	80001310	39bf2093	slti	x1,x30,923	 x30:0x00000000  x1=0x00000001
       26325000	      2631	80001314	d5697c13	andi	x24,x18,-682	 x18:0x86000040 x24=0x86000040
       26335000	      2632	80001318	fd479ee3	bne	x15,x20,800012f4	 x15:0x00000001 x20:0xfffffffb
       26345000	      2633	00000000	00000013	addi	x0,x0,0	  x0:0x00000000
       26355000	      2634	800012f0	00000013	addi	x0,x0,0	  x0:0x00000000
       26365000	      2635	800012f4	9fc18613	addi	x12,x3,-1540	  x3:0x00000040 x12=0xfffffa3c
       26375000	      2636	800012f8	0113c933	xor	x18,x7,x17	  x7:0x00000040 x17:0x00000000 x18=0x00000040
       26385000	      2637	800012fc	f6ff9f97	auipc	x31,0xf6ff9	 x31=0x76ffa2f8
       26395000	      2638	80001300	00b89893	slli	x17,x17,0xb	 x17:0x00000000 x17=0x00000000
       26405000	      2639	80001304	01617ab3	and	x21,x2,x22	  x2:0xffffffe5 x22:0x00000001 x21=0x00000001
       26415000	      2640	80001308	6eb8b213	sltiu	x4,x17,1771	 x17:0x00000000  x4=0x00000001
       26425000	      2641	8000130c	ffd78793	addi	x15,x15,-3	 x15:0x00000001 x15=0xfffffffe
       26435000	      2642	80001310	39bf2093	slti	x1,x30,923	 x30:0x00000000  x1=0x00000001
       26445000	      2643	80001314	d5697c13	andi	x24,x18,-682	 x18:0x00000040 x24=0x00000040
       26455000	      2644	80001318	fd479ee3	bne	x15,x20,800012f4	 x15:0xfffffffe x20:0xfffffffb
       26465000	      2645	00000000	00000013	addi	x0,x0,0	  x0:0x00000000
       26475000	      2646	800012f0	00000013	addi	x0,x0,0	  x0:0x00000000
       26485000	      2647	800012f4	9fc18613	addi	x12,x3,-1540	  x3:0x00000040 x12=0xfffffa3c
       26495000	      2648	800012f8	0113c933	xor	x18,x7,x17	  x7:0x00000040 x17:0x00000000 x18=0x00000040
       26505000	      2649	800012fc	f6ff9f97	auipc	x31,0xf6ff9	 x31=0x76ffa2f8
       26515000	      2650	80001300	00b89893	slli	x17,x17,0xb	 x17:0x00000000 x17=0x00000000
       26525000	      2651	80001304	01617ab3	and	x21,x2,x22	  x2:0xffffffe5 x22:0x00000001 x21=0x00000001
       26535000	      2652	80001308	6eb8b213	sltiu	x4,x17,1771	 x17:0x00000000  x4=0x00000001
       26545000	      2653	8000130c	ffd78793	addi	x15,x15,-3	 x15:0xfffffffe x15=0xfffffffb
       26555000	      2654	80001310	39bf2093	slti	x1,x30,923	 x30:0x00000000  x1=0x00000001
       26565000	      2655	80001314	d5697c13	andi	x24,x18,-682	 x18:0x00000040 x24=0x00000040
       26575000	      2656	80001318	fd479ee3	bne	x15,x20,800012f4	 x15:0xfffffffb x20:0xfffffffb
       26585000	      2657	8000131c	84bb9097	auipc	x1,0x84bb9	  x1=0x04bba318
       26595000	      2658	80001320	01859333	sll	x6,x11,x24	 x11:0x000001c2 x24:0x00000040  x6=0x000001c2
       26605000	      2659	80001324	fb72d6e3	bge	x5,x23,800012d0	  x5:0xffffffee x23:0xfffffff5
       26615000	      2660	80001328	e3211a97	auipc	x21,0xe3211	 x21=0x63212324
       26625000	      2661	8000132c	0115d913	srli	x18,x11,0x11	 x11:0x000001c2 x18=0x00000000
       26635000	      2662	80001330	7d99bb93	sltiu	x23,x19,2009	 x19:0xfffffffa x23=0x00000000
       26645000	      2663	80001334	0048e033	or	x0,x17,x4	 x17:0x00000000  x4:0x00000001
       26655000	      2664	80001338	be9cf493	andi	x9,x25,-1047	 x25:0xfffffd8f  x9=0xfffff989
       26665000	      2665	8000133c	00000013	addi	x0,x0,0	  x0:0x00000000
       26675000	      2666	80001340	00cb72b3	and	x5,x22,x12	 x22:0x00000001 x12:0xfffffa3c  x5=0x00000000
       26685000	      2667	80001344	402a8633	sub	x12,x21,x2	 x21:0x63212324  x2:0xffffffe5 x12=0x6321233f
       26695000	      2668	80001348	00f7d6b3	srl	x13,x15,x15	 x15:0xfffffffb x15:0xfffffffb x13=0x0000001f
       26705000	      2669	8000134c	00fc5333	srl	x6,x24,x15	 x24:0x00000040 x15:0xfffffffb  x6=0x00000000
       26715000	      2670	80001350	b01eb313	sltiu	x6,x29,-1279	 x29:0x00000000  x6=0x00000001
       26725000	      2671	80001354	3b380393	addi	x7,x16,947	 x16:0xcb73b000  x7=0xcb73b3b3
       26735000	      2672	80001358	012d4263	blt	x26,x18,8000135c	 x26:0x038f2e19 x18:0x00000000
       26745000	      2673	8000135c	bddbb413	sltiu	x8,x23,-1059	 x23:0x00000000  x8=0x00000001
       26755000	      2674	80001360	7910e613	ori	x12,x1,1937	  x1:0x04bba318 x12=0x04bba799
       26765000	      2675	80001364	00fa0633	add	x12,x20,x15	 x20:0xfffffffb x15:0xfffffffb x12=0xfffffff6
       26775000	      2676	80001368	00000013	addi	x0,x0,0	  x0:0x00000000
       26785000	      2677	8000136c	032ad663	bge	x21,x18,80001398	 x21:0x63212324 x18:0x00000000
       26795000	      2678	00000000	00000013	addi	x0,x0,0	  x0:0x00000000
       26805000	      2679	80001394	00000013	addi	x0,x0,0	  x0:0x00000000
       26815000	      2680	80001398	00000013	addi	x0,x0,0	  x0:0x00000000
       26825000	      2681	8000139c	03397a63	bgeu	x18,x19,800013d0	 x18:0x00000000 x19:0xfffffffa
       26835000	      2682	800013a0	40038533	sub	x10,x7,x0	  x7:0xcb73b3b3  x0:0x00000000 x10=0xcb73b3b3
       26845000	      2683	800013a4	03ef7063	bgeu	x30,x30,800013c4	 x30:0x00000000 x30:0x00000000
       26855000	      2684	00000000	00000013	addi	x0,x0,0	  x0:0x00000000
       26865000	      2685	800013c0	00000013	addi	x0,x0,0	  x0:0x00000000
       26875000	      2686	800013c4	01839663	bne	x7,x24,800013d0	  x7:0xcb73b3b3 x24:0x00000040
       26885000	      2687	00000000	00000013	addi	x0,x0,0	  x0:0x00000000
       26895000	      2688	800013cc	00000013	addi	x0,x0,0	  x0:0x00000000
       26905000	      2689	800013d0	00dc35b3	sltu	x11,x24,x13	 x24:0x00000040 x13:0x0000001f x11=0x00000000
       26915000	      2690	800013d4	00fcd813	srli	x16,x25,0xf	 x25:0xfffffd8f x16=0x0001ffff
       26925000	      2691	800013d8	0060d213	srli	x4,x1,0x6	  x1:0x04bba318  x4=0x0012ee8c
       26935000	      2692	800013dc	00979eb3	sll	x29,x15,x9	 x15:0xfffffffb  x9:0xfffff989 x29=0xfffff600
       26945000	      2693	800013e0	01a9d863	bge	x19,x26,800013f0	 x19:0xfffffffa x26:0x038f2e19
       26955000	      2694	800013e4	016f9933	sll	x18,x31,x22	 x31:0x76ffa2f8 x22:0x00000001 x18=0xedff45f0
       26965000	      2695	800013e8	4114db93	srai	x23,x9,0x11	  x9:0xfffff989 x23=0xffffffff
       26975000	      2696	800013ec	01561533	sll	x10,x12,x21	 x12:0xfffffff6 x21:0x63212324 x10=0xffffff60
       26985000	      2697	800013f0	009d1213	slli	x4,x26,0x9	 x26:0x038f2e19  x4=0x1e5c3200
       26995000	      2698	800013f4	01858e63	beq	x11,x24,80001410	 x11:0x00000000 x24:0x00000040
       27005000	      2699	800013f8	017b9f93	slli	x31,x23,0x17	 x23:0xffffffff x31=0xff800000
       27015000	      2700	800013fc	40675493	srai	x9,x14,0x6	 x14:0x0000006d  x9=0x00000001
       27025000	      2701	80001400	013e2133	slt	x2,x28,x19	 x28:0x80009f64 x19:0xfffffffa  x2=0x00000001
       27035000	      2702	80001404	0133b3b3	sltu	x7,x7,x19	  x7:0xcb73b3b3 x19:0xfffffffa  x7=0x00000001
       27045000	      2703	80001408	00c01e63	bne	x0,x12,80001424	  x0:0x00000000 x12:0xfffffff6
       27055000	      2704	00000000	00000013	addi	x0,x0,0	  x0:0x00000000
       27065000	      2705	80001420	00000013	addi	x0,x0,0	  x0:0x00000000
       27075000	      2706	80001424	01d9f733	and	x14,x19,x29	 x19:0xfffffffa x29:0xfffff600 x14=0xfffff600
       27085000	      2707	80001428	40855533	sra	x10,x10,x8	 x10:0xffffff60  x8:0x00000001 x10=0xffffffb0
       27095000	      2708	8000142c	0254ca63	blt	x9,x5,80001460	  x9:0x00000001  x5:0x00000000
       27105000	      2709	80001430	b7370237	lui	x4,0xb7370	  x4=0xb7370000
       27115000	      2710	80001434	01909093	slli	x1,x1,0x19	  x1:0x04bba318  x1=0x30000000
       27125000	      2711	80001438	4028d5b3	sra	x11,x17,x2	 x17:0x00000000  x2:0x00000001 x11=0x00000000
       27135000	      2712	8000143c	009142b3	xor	x5,x2,x9	  x2:0x00000001  x9:0x00000001  x5=0x00000000
       27145000	      2713	80001440	05480063	beq	x16,x20,80001480	 x16:0x0001ffff x20:0xfffffffb
       27155000	      2714	80001444	0015e633	or	x12,x11,x1	 x11:0x00000000  x1:0x30000000 x12=0x30000000
       27165000	      2715	80001448	00096933	or	x18,x18,x0	 x18:0xedff45f0  x0:0x00000000 x18=0xedff45f0
       27175000	      2716	8000144c	52928737	lui	x14,0x52928	 x14=0x52928000
       27185000	      2717	80001450	032a1063	bne	x20,x18,80001470	 x20:0xfffffffb x18:0xedff45f0
       27195000	      2718	00000000	00000013	addi	x0,x0,0	  x0:0x00000000
       27205000	      2719	8000146c	00000013	addi	x0,x0,0	  x0:0x00000000
       27215000	      2720	80001470	0f8bb113	sltiu	x2,x23,248	 x23:0xffffffff  x2=0x00000000
       27225000	      2721	80001474	05f44063	blt	x8,x31,800014b4	  x8:0x00000001 x31:0xff800000
       27235000	      2722	80001478	01079913	slli	x18,x15,0x10	 x15:0xfffffffb x18=0xfffb0000
       27245000	      2723	8000147c	05cc6263	bltu	x24,x28,800014c0	 x24:0x00000040 x28:0x80009f64
       27255000	      2724	00000000	00000013	addi	x0,x0,0	  x0:0x00000000
       27265000	      2725	800014bc	00000013	addi	x0,x0,0	  x0:0x00000000
       27275000	      2726	800014c0	412c02b3	sub	x5,x24,x18	 x24:0x00000040 x18:0xfffb0000  x5=0x00050040
       27285000	      2727	800014c4	bd37b313	sltiu	x6,x15,-1069	 x15:0xfffffffb  x6=0x00000000
       27295000	      2728	800014c8	018c9493	slli	x9,x25,0x18	 x25:0xfffffd8f  x9=0x8f000000
       27305000	      2729	800014cc	00753eb3	sltu	x29,x10,x7	 x10:0xffffffb0  x7:0x00000001 x29=0x00000000
       27315000	      2730	800014d0	00099293	slli	x5,x19,0x0	 x19:0xfffffffa  x5=0xfffffffa
       27325000	      2731	800014d4	0dfa4497	auipc	x9,0xdfa4	  x9=0x8dfa54d0
       27335000	      2732	800014d8	03601063	bne	x0,x22,800014f8	  x0:0x00000000 x22:0x00000001
       27345000	      2733	00000000	00000013	addi	x0,x0,0	  x0:0x00000000
       27355000	      2734	800014f4	00000013	addi	x0,x0,0	  x0:0x00000000
       27365000	      2735	800014f8	01b0ffb3	and	x31,x1,x27	  x1:0x30000000 x27:0x80009fc4 x31=0x00000000
       27375000	      2736	800014fc	00000013	addi	x0,x0,0	  x0:0x00000000
       27385000	      2737	80001500	01f71863	bne	x14,x31,80001510	 x14:0x52928000 x31:0x00000000
       27395000	      2738	00000000	00000013	addi	x0,x0,0	  x0:0x00000000
       27405000	      2739	8000150c	00000013	addi	x0,x0,0	  x0:0x00000000
       27415000	      2740	80001510	00147ab3	and	x21,x8,x1	  x8:0x00000001  x1:0x30000000 x21=0x00000000
       27425000	      2741	80001514	001e39b3	sltu	x19,x28,x1	 x28:0x80009f64  x1:0x30000000 x19=0x00000000
       27435000	      2742	80001518	007422b3	slt	x5,x8,x7	  x8:0x00000001  x7:0x00000001  x5=0x00000000
       27445000	      2743	8000151c	27292b13	slti	x22,x18,626	 x18:0xfffb0000 x22=0x00000001
       27455000	      2744	80001520	ba7c2593	slti	x11,x24,-1113	 x24:0x00000040 x11=0x00000000
       27465000	      2745	80001524	02740463	beq	x8,x7,8000154c	  x8:0x00000001  x7:0x00000001
       27475000	      2746	00000000	00000013	addi	x0,x0,0	  x0:0x00000000
       27485000	      2747	80001548	00000013	addi	x0,x0,0	  x0:0x00000000
       27495000	      2748	8000154c	053a4993	xori	x19,x20,83	 x20:0xfffffffb x19=0xffffffa8
       27505000	      2749	80001550	002324b3	slt	x9,x6,x2	  x6:0x00000000  x2:0x00000000  x9=0x00000000
       27515000	      2750	80001554	ec3fe717	auipc	x14,0xec3fe	 x14=0x6c3ff550
       27525000	      2751	80001558	00ee00b3	add	x1,x28,x14	 x28:0x80009f64 x14:0x6c3ff550  x1=0xec4094b4
       27535000	      2752	8000155c	00e8e333	or	x6,x17,x14	 x17:0x00000000 x14:0x6c3ff550  x6=0x6c3ff550
       27545000	      2753	80001560	00c039b3	sltu	x19,x0,x12	  x0:0x00000000 x12:0x30000000 x19=0x00000001
       27555000	      2754	80001564	415e80b3	sub	x1,x29,x21	 x29:0x00000000 x21:0x00000000  x1=0x00000000
       27565000	      2755	80001568	9e593e93	sltiu	x29,x18,-1563	 x18:0xfffb0000 x29=0x00000001
       27575000	      2756	8000156c	404807b3	sub	x15,x16,x4	 x16:0x0001ffff  x4:0xb7370000 x15=0x48caffff
       27585000	      2757	80001570	004d8a33	add	x20,x27,x4	 x27:0x80009fc4  x4:0xb7370000 x20=0x37379fc4
       27595000	      2758	80001574	a2d98313	addi	x6,x19,-1491	 x19:0x00000001  x6=0xfffffa2e
       27605000	      2759	80001578	01f8d7b3	srl	x15,x17,x31	 x17:0x00000000 x31:0x00000000 x15=0x00000000
       27615000	      2760	8000157c	3501c013	xori	x0,x3,848	  x3:0x00000040
       27625000	      2761	80001580	00d2ebb3	or	x23,x5,x13	  x5:0x00000000 x13:0x0000001f x23=0x0000001f
       27635000	      2762	80001584	004e2483	lw	x9,4(x28)	 x28:0x80009f64  x9=0x8000029c PA:0x80009f68
       27645000	      2763	80001588	800cff37	lui	x30,0x800cf	 x30=0x800cf000
       27655000	      2764	8000158c	020e0e13	addi	x28,x28,32	 x28:0x80009f64 x28=0x80009f84
       27665000	      2765	80001590	bf583c93	sltiu	x25,x16,-1035	 x16:0x0001ffff x25=0x00000001
       27675000	      2766	80001594	00148113	addi	x2,x9,1	  x9:0x8000029c  x2=0x8000029d
       27685000	      2767	80001598	00010167	jalr	x2,x2,0	  x2:0x8000029d  x2=0x80001598
       27695000	      2768	00000000	00000013	addi	x0,x0,0	  x0:0x00000000
       27705000	      2769	8000029c	00000013	addi	x0,x0,0	  x0:0x00000000
       27715000	      2770	800002a0	01c61033	sll	x0,x12,x28	 x12:0x30000000 x28:0x80009f84
       27725000	      2771	800002a4	040f4663	blt	x30,x0,800002f0	 x30:0x800cf000  x0:0x00000000
       27735000	      2772	00000000	00000013	addi	x0,x0,0	  x0:0x00000000
       27745000	      2773	800002ec	00000013	addi	x0,x0,0	  x0:0x00000000
       27755000	      2774	800002f0	00316a63	bltu	x2,x3,80000304	  x2:0x80001598  x3:0x00000040
       27765000	      2775	800002f4	98383993	sltiu	x19,x16,-1661	 x16:0x0001ffff x19=0x00000001
       27775000	      2776	800002f8	01ff7233	and	x4,x30,x31	 x30:0x800cf000 x31:0x00000000  x4=0x00000000
       27785000	      2777	800002fc	007d9693	slli	x13,x27,0x7	 x27:0x80009fc4 x13=0x004fe200
       27795000	      2778	80000300	04c39463	bne	x7,x12,80000348	  x7:0x00000001 x12:0x30000000
       27805000	      2779	00000000	00000013	addi	x0,x0,0	  x0:0x00000000
       27815000	      2780	80000344	00000013	addi	x0,x0,0	  x0:0x00000000
       27825000	      2781	80000348	015fca33	xor	x20,x31,x21	 x31:0x00000000 x21:0x00000000 x20=0x00000000
       27835000	      2782	8000034c	60270217	auipc	x4,0x60270	  x4=0xe0270348
       27845000	      2783	80000350	0264d263	bge	x9,x6,80000374	  x9:0x8000029c  x6:0xfffffa2e
       27855000	      2784	80000354	86fc8713	addi	x14,x25,-1937	 x25:0x00000001 x14=0xfffff870
       27865000	      2785	80000358	00338fb3	add	x31,x7,x3	  x7:0x00000001  x3:0x00000040 x31=0x00000041
       27875000	      2786	8000035c	01114533	xor	x10,x2,x17	  x2:0x80001598 x17:0x00000000 x10=0x80001598
       27885000	      2787	80000360	417784b3	sub	x9,x15,x23	 x15:0x00000000 x23:0x0000001f  x9=0xffffffe1
       27895000	      2788	80000364	03fa6a63	bltu	x20,x31,80000398	 x20:0x00000000 x31:0x00000041
       27905000	      2789	00000000	00000013	addi	x0,x0,0	  x0:0x00000000
       27915000	      2790	80000394	00000013	addi	x0,x0,0	  x0:0x00000000
       27925000	      2791	80000398	41bad533	sra	x10,x21,x27	 x21:0x00000000 x27:0x80009fc4 x10=0x00000000
       27935000	      2792	8000039c	00cf5eb3	srl	x29,x30,x12	 x30:0x800cf000 x12:0x30000000 x29=0x800cf000
       27945000	      2793	800003a0	017c5c13	srli	x24,x24,0x17	 x24:0x00000040 x24=0x00000000
       27955000	      2794	800003a4	fb438c93	addi	x25,x7,-76	  x7:0x00000001 x25=0xffffffb5
       27965000	      2795	800003a8	0030b033	sltu	x0,x1,x3	  x1:0x00000000  x3:0x00000040
       27975000	      2796	800003ac	02301063	bne	x0,x3,800003cc	  x0:0x00000000  x3:0x00000040
       27985000	      2797	00000000	00000013	addi	x0,x0,0	  x0:0x00000000
       27995000	      2798	800003c8	00000013	addi	x0,x0,0	  x0:0x00000000
       28005000	      2799	800003cc	00aef233	and	x4,x29,x10	 x29:0x800cf000 x10:0x00000000  x4=0x00000000
       28015000	      2800	800003d0	01bb7333	and	x6,x22,x27	 x22:0x00000001 x27:0x80009fc4  x6=0x00000000
       28025000	      2801	800003d4	012b88b3	add	x17,x23,x18	 x23:0x0000001f x18:0xfffb0000 x17=0xfffb001f
       28035000	      2802	800003d8	401fdfb3	sra	x31,x31,x1	 x31:0x00000041  x1:0x00000000 x31=0x00000041
       28045000	      2803	800003dc	00f875b3	and	x11,x16,x15	 x16:0x0001ffff x15:0x00000000 x11=0x00000000
       28055000	      2804	800003e0	005a6fb3	or	x31,x20,x5	 x20:0x00000000  x5:0x00000000 x31=0x00000000
       28065000	      2805	800003e4	da3b8713	addi	x14,x23,-605	 x23:0x0000001f x14=0xfffffdc2
       28075000	      2806	800003e8	003bda63	bge	x23,x3,800003fc	 x23:0x0000001f  x3:0x00000040
       28085000	      2807	800003ec	00b2eeb3	or	x29,x5,x11	  x5:0x00000000 x11:0x00000000 x29=0x00000000
       28095000	      2808	800003f0	418cdc33	sra	x24,x25,x24	 x25:0xffffffb5 x24:0x00000000 x24=0xffffffb5
       28105000	      2809	800003f4	0150db97	auipc	x23,0x150d	 x23=0x8150d3f0
       28115000	      2810	800003f8	69cf3813	sltiu	x16,x30,1692	 x30:0x800cf000 x16=0x00000000
       28125000	      2811	800003fc	8078c113	xori	x2,x17,-2041	 x17:0xfffb001f  x2=0x0004f818
       28135000	      2812	80000400	c317e613	ori	x12,x15,-975	 x15:0x00000000 x12=0xfffffc31
       28145000	      2813	80000404	01d0f933	and	x18,x1,x29	  x1:0x00000000 x29:0x00000000 x18=0x00000000
       28155000	      2814	80000408	010e0e63	beq	x28,x16,80000424	 x28:0x80009f84 x16:0x00000000
       28165000	      2815	8000040c	41e80833	sub	x16,x16,x30	 x16:0x00000000 x30:0x800cf000 x16=0x7ff31000
       28175000	      2816	80000410	0148e833	or	x16,x17,x20	 x17:0xfffb001f x20:0x00000000 x16=0xfffb001f
       28185000	      2817	80000414	0130ef33	or	x30,x1,x19	  x1:0x00000000 x19:0x00000001 x30=0x00000001
       28195000	      2818	80000418	001d1f13	slli	x30,x26,0x1	 x26:0x038f2e19 x30=0x071e5c32
       28205000	      2819	8000041c	050cd063	bge	x25,x16,8000045c	 x25:0xffffffb5 x16:0xfffb001f
       28215000	      2820	00000000	00000013	addi	x0,x0,0	  x0:0x00000000
       28225000	      2821	80000458	00000013	addi	x0,x0,0	  x0:0x00000000
       28235000	      2822	8000045c	01c5b633	sltu	x12,x11,x28	 x11:0x00000000 x28:0x80009f84 x12=0x00000001
       28245000	      2823	80000460	4108d9b3	sra	x19,x17,x16	 x17:0xfffb001f x16:0xfffb001f x19=0xffffffff
       28255000	      2824	80000464	7fa9f793	andi	x15,x19,2042	 x19:0xffffffff x15=0x000007fa
       28265000	      2825	80000468	f9070813	addi	x16,x14,-112	 x14:0xfffffdc2 x16=0xfffffd52
       28275000	      2826	8000046c	0135fc63	bgeu	x11,x19,80000484	 x11:0x00000000 x19:0xffffffff
       28285000	      2827	80000470	0182e2b3	or	x5,x5,x24	  x5:0x00000000 x24:0xffffffb5  x5=0xffffffb5
       28295000	      2828	80000474	40220b33	sub	x22,x4,x2	  x4:0x00000000  x2:0x0004f818 x22=0xfffb07e8
       28305000	      2829	80000478	00000013	addi	x0,x0,0	  x0:0x00000000
       28315000	      2830	8000047c	008713b3	sll	x7,x14,x8	 x14:0xfffffdc2  x8:0x00000001  x7=0xfffffb84
       28325000	      2831	80000480	8083f113	andi	x2,x7,-2040	  x7:0xfffffb84  x2=0xfffff800
       28335000	      2832	80000484	0292f063	bgeu	x5,x9,800004a4	  x5:0xffffffb5  x9:0xffffffe1
       28345000	      2833	80000488	6bbc8793	addi	x15,x25,1723	 x25:0xffffffb5 x15=0x00000670
       28355000	      2834	8000048c	00cb41b3	xor	x3,x22,x12	 x22:0xfffb07e8 x12:0x00000001  x3=0xfffb07e9
       28365000	      2835	80000490	3fa8b093	sltiu	x1,x17,1018	 x17:0xfffb001f  x1=0x00000000
       28375000	      2836	80000494	001ae6b3	or	x13,x21,x1	 x21:0x00000000  x1:0x00000000 x13=0x00000000
       28385000	      2837	80000498	35e463b7	lui	x7,0x35e46	  x7=0x35e46000
       28395000	      2838	8000049c	00e17133	and	x2,x2,x14	  x2:0xfffff800 x14:0xfffffdc2  x2=0xfffff800
       28405000	      2839	800004a0	01055cb3	srl	x25,x10,x16	 x10:0x00000000 x16:0xfffffd52 x25=0x00000000
       28415000	      2840	800004a4	00a99a63	bne	x19,x10,800004b8	 x19:0xffffffff x10:0x00000000
       28425000	      2841	00000000	00000013	addi	x0,x0,0	  x0:0x00000000
       28435000	      2842	800004b4	00000013	addi	x0,x0,0	  x0:0x00000000
       28445000	      2843	800004b8	04092c13	slti	x24,x18,64	 x18:0x00000000 x24=0x00000001
       28455000	      2844	800004bc	000bd0b3	srl	x1,x23,x0	 x23:0x8150d3f0  x0:0x00000000  x1=0x8150d3f0
       28465000	      2845	800004c0	40330c33	sub	x24,x6,x3	  x6:0x00000000  x3:0xfffb07e9 x24=0x0004f817
       28475000	      2846	800004c4	007ada13	srli	x20,x21,0x7	 x21:0x00000000 x20=0x00000000
       28485000	      2847	800004c8	007b6133	or	x2,x22,x7	 x22:0xfffb07e8  x7:0x35e46000  x2=0xffff67e8
       28495000	      2848	800004cc	dc266093	ori	x1,x12,-574	 x12:0x00000001  x1=0xfffffdc3
       28505000	      2849	800004d0	40f75a13	srai	x20,x14,0xf	 x14:0xfffffdc2 x20=0xffffffff
       28515000	      2850	800004d4	6d6c2993	slti	x19,x24,1750	 x24:0x0004f817 x19=0x00000000
       28525000	      2851	800004d8	005a31b3	sltu	x3,x20,x5	 x20:0xffffffff  x5:0xffffffb5  x3=0x00000000
       28535000	      2852	800004dc	412a0633	sub	x12,x20,x18	 x20:0xffffffff x18:0x00000000 x12=0xffffffff
       28545000	      2853	800004e0	02ba9263	bne	x21,x11,80000504	 x21:0x00000000 x11:0x00000000
       28555000	      2854	800004e4	d5cffc13	andi	x24,x31,-676	 x31:0x00000000 x24=0x00000000
       28565000	      2855	800004e8	d14fa213	slti	x4,x31,-748	 x31:0x00000000  x4=0x00000000
       28575000	      2856	800004ec	39eba613	slti	x12,x23,926	 x23:0x8150d3f0 x12=0x00000001
       28585000	      2857	800004f0	7df1a213	slti	x4,x3,2015	  x3:0x00000000  x4=0x00000001
       28595000	      2858	800004f4	059bd263	bge	x23,x25,80000538	 x23:0x8150d3f0 x25:0x00000000
       28605000	      2859	800004f8	4151d0b3	sra	x1,x3,x21	  x3:0x00000000 x21:0x00000000  x1=0x00000000
       28615000	      2860	800004fc	d6778fb7	lui	x31,0xd6778	 x31=0xd6778000
       28625000	      2861	80000500	cbd38293	addi	x5,x7,-835	  x7:0x35e46000  x5=0x35e45cbd
       28635000	      2862	80000504	031d1a63	bne	x26,x17,80000538	 x26:0x038f2e19 x17:0xfffb001f
       28645000	      2863	00000000	00000013	addi	x0,x0,0	  x0:0x00000000
       28655000	      2864	80000534	00000013	addi	x0,x0,0	  x0:0x00000000
       28665000	      2865	80000538	01991533	sll	x10,x18,x25	 x18:0x00000000 x25:0x00000000 x10=0x00000000
       28675000	      2866	8000053c	02a99a63	bne	x19,x10,80000570	 x19:0x00000000 x10:0x00000000
       28685000	      2867	80000540	8a4bf693	andi	x13,x23,-1884	 x23:0x8150d3f0 x13=0x8150d0a0
       28695000	      2868	80000544	003ed013	srli	x0,x29,0x3	 x29:0x00000000
       28705000	      2869	80000548	00c21093	slli	x1,x4,0xc	  x4:0x00000001  x1=0x00001000
       28715000	      2870	8000054c	01674f33	xor	x30,x14,x22	 x14:0xfffffdc2 x22:0xfffb07e8 x30=0x0004fa2a
       28725000	      2871	80000550	10122b13	slti	x22,x4,257	  x4:0x00000001 x22=0x00000001
       28735000	      2872	80000554	9b122013	slti	x0,x4,-1615	  x4:0x00000001
       28745000	      2873	80000558	02967663	bgeu	x12,x9,80000584	 x12:0x00000001  x9:0xffffffe1
       28755000	      2874	8000055c	02991063	bne	x18,x9,8000057c	 x18:0x00000000  x9:0xffffffe1
       28765000	      2875	00000000	00000013	addi	x0,x0,0	  x0:0x00000000
       28775000	      2876	80000578	00000013	addi	x0,x0,0	  x0:0x00000000
       28785000	      2877	8000057c	a77c8413	addi	x8,x25,-1417	 x25:0x00000000  x8=0xfffffa77
       28795000	      2878	80000580	403b5ab3	sra	x21,x22,x3	 x22:0x00000001  x3:0x00000000 x21=0x00000001
       28805000	      2879	80000584	bac5eb13	ori	x22,x11,-1108	 x11:0x00000000 x22=0xfffffbac
       28815000	      2880	80000588	01c91493	slli	x9,x18,0x1c	 x18:0x00000000  x9=0x00000000
       28825000	      2881	8000058c	411c06b3	sub	x13,x24,x17	 x24:0x00000000 x17:0xfffb001f x13=0x0004ffe1
       28835000	      2882	80000590	413bdc13	srai	x24,x23,0x13	 x23:0x8150d3f0 x24=0xfffff02a
       28845000	      2883	80000594	5d48bb93	sltiu	x23,x17,1492	 x17:0xfffb001f x23=0x00000000
       28855000	      2884	80000598	602b3e93	sltiu	x29,x22,1538	 x22:0xfffffbac x29=0x00000000
       28865000	      2885	8000059c	20522993	slti	x19,x4,517	  x4:0x00000001 x19=0x00000001
       28875000	      2886	800005a0	85b0bcb7	lui	x25,0x85b0b	 x25=0x85b0b000
       28885000	      2887	800005a4	000ce463	bltu	x25,x0,800005ac	 x25:0x85b0b000  x0:0x00000000
       28895000	      2888	800005a8	01b27fb3	and	x31,x4,x27	  x4:0x00000001 x27:0x80009fc4 x31=0x00000000
       28905000	      2889	800005ac	0167eab3	or	x21,x15,x22	 x15:0x00000670 x22:0xfffffbac x21=0xfffffffc
       28915000	      2890	800005b0	00000d17	auipc	x26,0x0	 x26=0x800005ac
       28925000	      2891	800005b4	00cd0d13	addi	x26,x26,12	 x26:0x800005ac x26=0x800005b8
       28935000	      2892	800005b8	000d0067	jalr	x0,x26,0	 x26:0x800005b8
       28945000	      2893	00000000	00000013	addi	x0,x0,0	  x0:0x00000000
       28955000	      2894	800005b8	00000013	addi	x0,x0,0	  x0:0x00000000
       28965000	      2895	800005bc	00100193	addi	x3,x0,1	  x0:0x00000000  x3=0x00000001
       28975000	      2896	800005c0	00000073	ecall	
       28985000	      2897	800005c4	01adc863	blt	x27,x26,800005d4	 x27:0x80009fc4 x26:0x800005b8
