		Time			Cycle	PC		Insn	Decoded instruction	Register and memory contents
          65000	         5	80000004	00000293	addi	x5,x0,0	  x0:0x00000000  x5=0x00000000
          75000	         6	80000008	00000313	addi	x6,x0,0	  x0:0x00000000  x6=0x00000000
          85000	         7	8000000c	00628263	beq	x5,x6,80000010	  x5:0x00000000  x6:0x00000000
          95000	         8	00000000	00000013	addi	x0,x0,0	  x0:0x00000000
         105000	         9	8000000c	00000013	addi	x0,x0,0	  x0:0x00000000
         115000	        10	80000010	00000797	auipc	x15,0x0	 x15=0x8000000c
         125000	        11	80000014	00c78793	addi	x15,x15,12	 x15:0x8000000c x15=0x80000018
         135000	        12	80000018	00078067	jalr	x0,x15,0	 x15:0x80000018
         145000	        13	00000000	00000013	addi	x0,x0,0	  x0:0x00000000
         155000	        14	80000018	00000013	addi	x0,x0,0	  x0:0x00000000
         165000	        15	8000001c	40000b37	lui	x22,0x40000	 x22=0x40000000
         175000	        16	80000020	100b0b13	addi	x22,x22,256	 x22:0x40000000 x22=0x40000100
         185000	        17	80000024	00000013	addi	x0,x0,0	  x0:0x00000000
         195000	        18	80000028	0000aa17	auipc	x20,0xa	 x20=0x8000a024
         205000	        19	8000002c	fa0a0a13	addi	x20,x20,-96	 x20:0x8000a024 x20=0x80009fc4
         215000	        20	80000030	00003b17	auipc	x22,0x3	 x22=0x8000302c
         225000	        21	80000034	e10b0b13	addi	x22,x22,-496	 x22:0x8000302c x22=0x80002e3c
         235000	        22	80000038	000b6b13	ori	x22,x22,0	 x22:0x80002e3c x22=0x80002e3c
         245000	        23	8000003c	00000013	addi	x0,x0,0	  x0:0x00000000
         255000	        24	80000040	00000b17	auipc	x22,0x0	 x22=0x8000003c
         265000	        25	80000044	020b0b13	addi	x22,x22,32	 x22:0x8000003c x22=0x8000005c
         275000	        26	80000048	00000013	addi	x0,x0,0	  x0:0x00000000
         285000	        27	8000004c	00000013	addi	x0,x0,0	  x0:0x00000000
         295000	        28	80000050	00002b37	lui	x22,0x2	 x22=0x00002000
         305000	        29	80000054	800b0b13	addi	x22,x22,-2048	 x22:0x00002000 x22=0x00001800
         315000	        30	80000058	00000013	addi	x0,x0,0	  x0:0x00000000
         325000	        31	8000005c	00000013	addi	x0,x0,0	  x0:0x00000000
         335000	        32	80000060	00900013	addi	x0,x0,9	  x0:0x00000000
         345000	        33	80000064	00000093	addi	x1,x0,0	  x0:0x00000000  x1=0x00000000
         355000	        34	80000068	00000113	addi	x2,x0,0	  x0:0x00000000  x2=0x00000000
         365000	        35	8000006c	800001b7	lui	x3,0x80000	  x3=0x80000000
         375000	        36	80000070	00700213	addi	x4,x0,7	  x0:0x00000000  x4=0x00000007
         385000	        37	80000074	f611f2b7	lui	x5,0xf611f	  x5=0xf611f000
         395000	        38	80000078	0e828293	addi	x5,x5,232	  x5:0xf611f000  x5=0xf611f0e8
         405000	        39	8000007c	1fd7e337	lui	x6,0x1fd7e	  x6=0x1fd7e000
         415000	        40	80000080	9d130313	addi	x6,x6,-1583	  x6:0x1fd7e000  x6=0x1fd7d9d1
         425000	        41	80000084	f0e773b7	lui	x7,0xf0e77	  x7=0xf0e77000
         435000	        42	80000088	2ee38393	addi	x7,x7,750	  x7:0xf0e77000  x7=0xf0e772ee
         445000	        43	8000008c	80000437	lui	x8,0x80000	  x8=0x80000000
         455000	        44	80000090	00e00493	addi	x9,x0,14	  x0:0x00000000  x9=0x0000000e
         465000	        45	80000094	5e481537	lui	x10,0x5e481	 x10=0x5e481000
         475000	        46	80000098	3b950513	addi	x10,x10,953	 x10:0x5e481000 x10=0x5e4813b9
         485000	        47	8000009c	00000593	addi	x11,x0,0	  x0:0x00000000 x11=0x00000000
         495000	        48	800000a0	80000637	lui	x12,0x80000	 x12=0x80000000
         505000	        49	800000a4	f8b6e6b7	lui	x13,0xf8b6e	 x13=0xf8b6e000
         515000	        50	800000a8	ac968693	addi	x13,x13,-1335	 x13:0xf8b6e000 x13=0xf8b6dac9
         525000	        51	800000ac	f15f1737	lui	x14,0xf15f1	 x14=0xf15f1000
         535000	        52	800000b0	7b970713	addi	x14,x14,1977	 x14:0xf15f1000 x14=0xf15f17b9
         545000	        53	800000b4	f3acf7b7	lui	x15,0xf3acf	 x15=0xf3acf000
         555000	        54	800000b8	38a78793	addi	x15,x15,906	 x15:0xf3acf000 x15=0xf3acf38a
         565000	        55	800000bc	37365837	lui	x16,0x37365	 x16=0x37365000
         575000	        56	800000c0	1dc80813	addi	x16,x16,476	 x16:0x37365000 x16=0x373651dc
         585000	        57	800000c4	00000893	addi	x17,x0,0	  x0:0x00000000 x17=0x00000000
         595000	        58	800000c8	fb4ad9b7	lui	x19,0xfb4ad	 x19=0xfb4ad000
         605000	        59	800000cc	71598993	addi	x19,x19,1813	 x19:0xfb4ad000 x19=0xfb4ad715
         615000	        60	800000d0	635b0ab7	lui	x21,0x635b0	 x21=0x635b0000
         625000	        61	800000d4	60fa8a93	addi	x21,x21,1551	 x21:0x635b0000 x21=0x635b060f
         635000	        62	800000d8	2152cb37	lui	x22,0x2152c	 x22=0x2152c000
         645000	        63	800000dc	bfdb0b13	addi	x22,x22,-1027	 x22:0x2152c000 x22=0x2152bbfd
         655000	        64	800000e0	80000bb7	lui	x23,0x80000	 x23=0x80000000
         665000	        65	800000e4	80000c37	lui	x24,0x80000	 x24=0x80000000
         675000	        66	800000e8	f6ae1cb7	lui	x25,0xf6ae1	 x25=0xf6ae1000
         685000	        67	800000ec	2f3c8c93	addi	x25,x25,755	 x25:0xf6ae1000 x25=0xf6ae12f3
         695000	        68	800000f0	00000d13	addi	x26,x0,0	  x0:0x00000000 x26=0x00000000
         705000	        69	800000f4	80000db7	lui	x27,0x80000	 x27=0x80000000
         715000	        70	800000f8	80000e37	lui	x28,0x80000	 x28=0x80000000
         725000	        71	800000fc	80000eb7	lui	x29,0x80000	 x29=0x80000000
         735000	        72	80000100	80000f37	lui	x30,0x80000	 x30=0x80000000
         745000	        73	80000104	00000f93	addi	x31,x0,0	  x0:0x00000000 x31=0x00000000
         755000	        74	80000108	0000a917	auipc	x18,0xa	 x18=0x8000a104
         765000	        75	8000010c	e8090913	addi	x18,x18,-384	 x18:0x8000a104 x18=0x80009f84
         775000	        76	80000110	00002817	auipc	x16,0x2	 x16=0x8000210c
         785000	        77	80000114	fa080813	addi	x16,x16,-96	 x16:0x8000210c x16=0x800020ac
         795000	        78	80000118	01617fb3	and	x31,x2,x22	  x2:0x00000000 x22:0x2152bbfd x31=0x00000000
         805000	        79	8000011c	ad0be113	ori	x2,x23,-1328	 x23:0x80000000  x2=0xfffffad0
         815000	        80	80000120	016b16b3	sll	x13,x22,x22	 x22:0x2152bbfd x22:0x2152bbfd x13=0xa0000000
         825000	        81	80000124	01cd9313	slli	x6,x27,0x1c	 x27:0x80000000  x6=0x00000000
         835000	        82	80000128	00697bb3	and	x23,x18,x6	 x18:0x80009f84  x6:0x00000000 x23=0x00000000
         845000	        83	8000012c	00c0e9b3	or	x19,x1,x12	  x1:0x00000000 x12:0x80000000 x19=0x80000000
         855000	        84	80000130	01739fb3	sll	x31,x7,x23	  x7:0xf0e772ee x23:0x00000000 x31=0xf0e772ee
         865000	        85	80000134	6cf7d117	auipc	x2,0x6cf7d	  x2=0xecf7d130
         875000	        86	80000138	37480813	addi	x16,x16,884	 x16:0x800020ac x16=0x80002420
         885000	        87	8000013c	00abb6b3	sltu	x13,x23,x10	 x23:0x00000000 x10:0x5e4813b9 x13=0x00000001
         895000	        88	80000140	01fe25b3	slt	x11,x28,x31	 x28:0x80000000 x31:0xf0e772ee x11=0x00000001
         905000	        89	80000144	c8d800e7	jalr	x1,x16,-883	 x16:0x80002420  x1=0x80000144
         915000	        90	00000000	00000013	addi	x0,x0,0	  x0:0x00000000
         925000	        91	800020ac	00000013	addi	x0,x0,0	  x0:0x00000000
         935000	        92	800020b0	83422717	auipc	x14,0x83422	 x14=0x034240ac
         945000	        93	800020b4	59c64113	xori	x2,x12,1436	 x12:0x80000000  x2=0x8000059c
         955000	        94	800020b8	0102c263	blt	x5,x16,800020bc	  x5:0xf611f0e8 x16:0x80002420
         965000	        95	800020bc	fc490913	addi	x18,x18,-60	 x18:0x80009f84 x18=0x80009f48
         975000	        96	800020c0	9902f393	andi	x7,x5,-1648	  x5:0xf611f0e8  x7=0xf611f080
         985000	        97	800020c4	00df1d33	sll	x26,x30,x13	 x30:0x80000000 x13:0x00000001 x26=0x00000000
         995000	        98	800020c8	015a91b3	sll	x3,x21,x21	 x21:0x635b060f x21:0x635b060f  x3=0x83078000
        1005000	        99	800020cc	00cc0fb3	add	x31,x24,x12	 x24:0x80000000 x12:0x80000000 x31=0x00000000
        1015000	       100	800020d0	7907a193	slti	x3,x15,1936	 x15:0xf3acf38a  x3=0x00000001
        1025000	       101	800020d4	00192223	sw	x1,4(x18)	 x18:0x80009f48  x1:0x80000144 PA:0x80009f4c
        1035000	       102	800020d8	41b45a93	srai	x21,x8,0x1b	  x8:0x80000000 x21=0xfffffff0
        1045000	       103	800020dc	006e1333	sll	x6,x28,x6	 x28:0x80000000  x6:0x00000000  x6=0x80000000
        1055000	       104	800020e0	00800393	addi	x7,x0,8	  x0:0x00000000  x7=0x00000008
        1065000	       105	800020e4	4e560093	addi	x1,x12,1253	 x12:0x80000000  x1=0x800004e5
        1075000	       106	800020e8	00f0dd13	srli	x26,x1,0xf	  x1:0x800004e5 x26=0x00010000
        1085000	       107	800020ec	8cb55d17	auipc	x26,0x8cb55	 x26=0x0cb570e8
        1095000	       108	800020f0	b8e1bd13	sltiu	x26,x3,-1138	  x3:0x00000001 x26=0x00000001
        1105000	       109	800020f4	008b4b33	xor	x22,x22,x8	 x22:0x2152bbfd  x8:0x80000000 x22=0xa152bbfd
        1115000	       110	800020f8	01a39333	sll	x6,x7,x26	  x7:0x00000008 x26:0x00000001  x6=0x00000010
        1125000	       111	800020fc	01b34cb3	xor	x25,x6,x27	  x6:0x00000010 x27:0x80000000 x25=0x80000010
        1135000	       112	80002100	8255be93	sltiu	x29,x11,-2011	 x11:0x00000001 x29=0x00000001
        1145000	       113	80002104	a5195217	auipc	x4,0xa5195	  x4=0x25197100
        1155000	       114	80002108	41005033	sra	x0,x0,x16	  x0:0x00000000 x16:0x80002420
        1165000	       115	8000210c	413add93	srai	x27,x21,0x13	 x21:0xfffffff0 x27=0xffffffff
        1175000	       116	80002110	01000c13	addi	x24,x0,16	  x0:0x00000000 x24=0x00000010
        1185000	       117	80002114	41d35513	srai	x10,x6,0x1d	  x6:0x00000010 x10=0x00000000
        1195000	       118	80002118	26022213	slti	x4,x4,608	  x4:0x25197100  x4=0x00000000
        1205000	       119	8000211c	d7c8b997	auipc	x19,0xd7c8b	 x19=0x57c8d118
        1215000	       120	80002120	01a45693	srli	x13,x8,0x1a	  x8:0x80000000 x13=0x00000020
        1225000	       121	80002124	00000013	addi	x0,x0,0	  x0:0x00000000
        1235000	       122	80002128	00138393	addi	x7,x7,1	  x7:0x00000008  x7=0x00000009
        1245000	       123	8000212c	0cde0d13	addi	x26,x28,205	 x28:0x80000000 x26=0x800000cd
        1255000	       124	80002130	00000013	addi	x0,x0,0	  x0:0x00000000
        1265000	       125	80002134	c2c87d17	auipc	x26,0xc2c87	 x26=0x42c89130
        1275000	       126	80002138	000a8cb3	add	x25,x21,x0	 x21:0xfffffff0  x0:0x00000000 x25=0xfffffff0
        1285000	       127	8000213c	01f7df93	srli	x31,x15,0x1f	 x15:0xf3acf38a x31=0x00000001
        1295000	       128	80002140	00000013	addi	x0,x0,0	  x0:0x00000000
        1305000	       129	80002144	e38dc217	auipc	x4,0xe38dc	  x4=0x638de140
        1315000	       130	80002148	40e75c93	srai	x25,x14,0xe	 x14:0x034240ac x25=0x00000d09
        1325000	       131	8000214c	41d65b13	srai	x22,x12,0x1d	 x12:0x80000000 x22=0xfffffffc
        1335000	       132	80002150	fd8394e3	bne	x7,x24,80002118	  x7:0x00000009 x24:0x00000010
        1345000	       133	00000000	00000013	addi	x0,x0,0	  x0:0x00000000
        1355000	       134	80002114	00000013	addi	x0,x0,0	  x0:0x00000000
        1365000	       135	80002118	26022213	slti	x4,x4,608	  x4:0x638de140  x4=0x00000000
        1375000	       136	8000211c	d7c8b997	auipc	x19,0xd7c8b	 x19=0x57c8d118
        1385000	       137	80002120	01a45693	srli	x13,x8,0x1a	  x8:0x80000000 x13=0x00000020
        1395000	       138	80002124	00000013	addi	x0,x0,0	  x0:0x00000000
        1405000	       139	80002128	00138393	addi	x7,x7,1	  x7:0x00000009  x7=0x0000000a
        1415000	       140	8000212c	0cde0d13	addi	x26,x28,205	 x28:0x80000000 x26=0x800000cd
        1425000	       141	80002130	00000013	addi	x0,x0,0	  x0:0x00000000
        1435000	       142	80002134	c2c87d17	auipc	x26,0xc2c87	 x26=0x42c89130
        1445000	       143	80002138	000a8cb3	add	x25,x21,x0	 x21:0xfffffff0  x0:0x00000000 x25=0xfffffff0
        1455000	       144	8000213c	01f7df93	srli	x31,x15,0x1f	 x15:0xf3acf38a x31=0x00000001
        1465000	       145	80002140	00000013	addi	x0,x0,0	  x0:0x00000000
        1475000	       146	80002144	e38dc217	auipc	x4,0xe38dc	  x4=0x638de140
        1485000	       147	80002148	40e75c93	srai	x25,x14,0xe	 x14:0x034240ac x25=0x00000d09
        1495000	       148	8000214c	41d65b13	srai	x22,x12,0x1d	 x12:0x80000000 x22=0xfffffffc
        1505000	       149	80002150	fd8394e3	bne	x7,x24,80002118	  x7:0x0000000a x24:0x00000010
        1515000	       150	00000000	00000013	addi	x0,x0,0	  x0:0x00000000
        1525000	       151	80002114	00000013	addi	x0,x0,0	  x0:0x00000000
        1535000	       152	80002118	26022213	slti	x4,x4,608	  x4:0x638de140  x4=0x00000000
        1545000	       153	8000211c	d7c8b997	auipc	x19,0xd7c8b	 x19=0x57c8d118
        1555000	       154	80002120	01a45693	srli	x13,x8,0x1a	  x8:0x80000000 x13=0x00000020
        1565000	       155	80002124	00000013	addi	x0,x0,0	  x0:0x00000000
        1575000	       156	80002128	00138393	addi	x7,x7,1	  x7:0x0000000a  x7=0x0000000b
        1585000	       157	8000212c	0cde0d13	addi	x26,x28,205	 x28:0x80000000 x26=0x800000cd
        1595000	       158	80002130	00000013	addi	x0,x0,0	  x0:0x00000000
        1605000	       159	80002134	c2c87d17	auipc	x26,0xc2c87	 x26=0x42c89130
        1615000	       160	80002138	000a8cb3	add	x25,x21,x0	 x21:0xfffffff0  x0:0x00000000 x25=0xfffffff0
        1625000	       161	8000213c	01f7df93	srli	x31,x15,0x1f	 x15:0xf3acf38a x31=0x00000001
        1635000	       162	80002140	00000013	addi	x0,x0,0	  x0:0x00000000
        1645000	       163	80002144	e38dc217	auipc	x4,0xe38dc	  x4=0x638de140
        1655000	       164	80002148	40e75c93	srai	x25,x14,0xe	 x14:0x034240ac x25=0x00000d09
        1665000	       165	8000214c	41d65b13	srai	x22,x12,0x1d	 x12:0x80000000 x22=0xfffffffc
        1675000	       166	80002150	fd8394e3	bne	x7,x24,80002118	  x7:0x0000000b x24:0x00000010
        1685000	       167	00000000	00000013	addi	x0,x0,0	  x0:0x00000000
        1695000	       168	80002114	00000013	addi	x0,x0,0	  x0:0x00000000
        1705000	       169	80002118	26022213	slti	x4,x4,608	  x4:0x638de140  x4=0x00000000
        1715000	       170	8000211c	d7c8b997	auipc	x19,0xd7c8b	 x19=0x57c8d118
        1725000	       171	80002120	01a45693	srli	x13,x8,0x1a	  x8:0x80000000 x13=0x00000020
        1735000	       172	80002124	00000013	addi	x0,x0,0	  x0:0x00000000
        1745000	       173	80002128	00138393	addi	x7,x7,1	  x7:0x0000000b  x7=0x0000000c
        1755000	       174	8000212c	0cde0d13	addi	x26,x28,205	 x28:0x80000000 x26=0x800000cd
        1765000	       175	80002130	00000013	addi	x0,x0,0	  x0:0x00000000
        1775000	       176	80002134	c2c87d17	auipc	x26,0xc2c87	 x26=0x42c89130
        1785000	       177	80002138	000a8cb3	add	x25,x21,x0	 x21:0xfffffff0  x0:0x00000000 x25=0xfffffff0
        1795000	       178	8000213c	01f7df93	srli	x31,x15,0x1f	 x15:0xf3acf38a x31=0x00000001
        1805000	       179	80002140	00000013	addi	x0,x0,0	  x0:0x00000000
        1815000	       180	80002144	e38dc217	auipc	x4,0xe38dc	  x4=0x638de140
        1825000	       181	80002148	40e75c93	srai	x25,x14,0xe	 x14:0x034240ac x25=0x00000d09
        1835000	       182	8000214c	41d65b13	srai	x22,x12,0x1d	 x12:0x80000000 x22=0xfffffffc
        1845000	       183	80002150	fd8394e3	bne	x7,x24,80002118	  x7:0x0000000c x24:0x00000010
        1855000	       184	00000000	00000013	addi	x0,x0,0	  x0:0x00000000
        1865000	       185	80002114	00000013	addi	x0,x0,0	  x0:0x00000000
        1875000	       186	80002118	26022213	slti	x4,x4,608	  x4:0x638de140  x4=0x00000000
        1885000	       187	8000211c	d7c8b997	auipc	x19,0xd7c8b	 x19=0x57c8d118
        1895000	       188	80002120	01a45693	srli	x13,x8,0x1a	  x8:0x80000000 x13=0x00000020
        1905000	       189	80002124	00000013	addi	x0,x0,0	  x0:0x00000000
        1915000	       190	80002128	00138393	addi	x7,x7,1	  x7:0x0000000c  x7=0x0000000d
        1925000	       191	8000212c	0cde0d13	addi	x26,x28,205	 x28:0x80000000 x26=0x800000cd
        1935000	       192	80002130	00000013	addi	x0,x0,0	  x0:0x00000000
        1945000	       193	80002134	c2c87d17	auipc	x26,0xc2c87	 x26=0x42c89130
        1955000	       194	80002138	000a8cb3	add	x25,x21,x0	 x21:0xfffffff0  x0:0x00000000 x25=0xfffffff0
        1965000	       195	8000213c	01f7df93	srli	x31,x15,0x1f	 x15:0xf3acf38a x31=0x00000001
        1975000	       196	80002140	00000013	addi	x0,x0,0	  x0:0x00000000
        1985000	       197	80002144	e38dc217	auipc	x4,0xe38dc	  x4=0x638de140
        1995000	       198	80002148	40e75c93	srai	x25,x14,0xe	 x14:0x034240ac x25=0x00000d09
        2005000	       199	8000214c	41d65b13	srai	x22,x12,0x1d	 x12:0x80000000 x22=0xfffffffc
        2015000	       200	80002150	fd8394e3	bne	x7,x24,80002118	  x7:0x0000000d x24:0x00000010
        2025000	       201	00000000	00000013	addi	x0,x0,0	  x0:0x00000000
        2035000	       202	80002114	00000013	addi	x0,x0,0	  x0:0x00000000
        2045000	       203	80002118	26022213	slti	x4,x4,608	  x4:0x638de140  x4=0x00000000
        2055000	       204	8000211c	d7c8b997	auipc	x19,0xd7c8b	 x19=0x57c8d118
        2065000	       205	80002120	01a45693	srli	x13,x8,0x1a	  x8:0x80000000 x13=0x00000020
        2075000	       206	80002124	00000013	addi	x0,x0,0	  x0:0x00000000
        2085000	       207	80002128	00138393	addi	x7,x7,1	  x7:0x0000000d  x7=0x0000000e
        2095000	       208	8000212c	0cde0d13	addi	x26,x28,205	 x28:0x80000000 x26=0x800000cd
        2105000	       209	80002130	00000013	addi	x0,x0,0	  x0:0x00000000
        2115000	       210	80002134	c2c87d17	auipc	x26,0xc2c87	 x26=0x42c89130
        2125000	       211	80002138	000a8cb3	add	x25,x21,x0	 x21:0xfffffff0  x0:0x00000000 x25=0xfffffff0
        2135000	       212	8000213c	01f7df93	srli	x31,x15,0x1f	 x15:0xf3acf38a x31=0x00000001
        2145000	       213	80002140	00000013	addi	x0,x0,0	  x0:0x00000000
        2155000	       214	80002144	e38dc217	auipc	x4,0xe38dc	  x4=0x638de140
        2165000	       215	80002148	40e75c93	srai	x25,x14,0xe	 x14:0x034240ac x25=0x00000d09
        2175000	       216	8000214c	41d65b13	srai	x22,x12,0x1d	 x12:0x80000000 x22=0xfffffffc
        2185000	       217	80002150	fd8394e3	bne	x7,x24,80002118	  x7:0x0000000e x24:0x00000010
        2195000	       218	00000000	00000013	addi	x0,x0,0	  x0:0x00000000
        2205000	       219	80002114	00000013	addi	x0,x0,0	  x0:0x00000000
        2215000	       220	80002118	26022213	slti	x4,x4,608	  x4:0x638de140  x4=0x00000000
        2225000	       221	8000211c	d7c8b997	auipc	x19,0xd7c8b	 x19=0x57c8d118
        2235000	       222	80002120	01a45693	srli	x13,x8,0x1a	  x8:0x80000000 x13=0x00000020
        2245000	       223	80002124	00000013	addi	x0,x0,0	  x0:0x00000000
        2255000	       224	80002128	00138393	addi	x7,x7,1	  x7:0x0000000e  x7=0x0000000f
        2265000	       225	8000212c	0cde0d13	addi	x26,x28,205	 x28:0x80000000 x26=0x800000cd
        2275000	       226	80002130	00000013	addi	x0,x0,0	  x0:0x00000000
        2285000	       227	80002134	c2c87d17	auipc	x26,0xc2c87	 x26=0x42c89130
        2295000	       228	80002138	000a8cb3	add	x25,x21,x0	 x21:0xfffffff0  x0:0x00000000 x25=0xfffffff0
        2305000	       229	8000213c	01f7df93	srli	x31,x15,0x1f	 x15:0xf3acf38a x31=0x00000001
        2315000	       230	80002140	00000013	addi	x0,x0,0	  x0:0x00000000
        2325000	       231	80002144	e38dc217	auipc	x4,0xe38dc	  x4=0x638de140
        2335000	       232	80002148	40e75c93	srai	x25,x14,0xe	 x14:0x034240ac x25=0x00000d09
        2345000	       233	8000214c	41d65b13	srai	x22,x12,0x1d	 x12:0x80000000 x22=0xfffffffc
        2355000	       234	80002150	fd8394e3	bne	x7,x24,80002118	  x7:0x0000000f x24:0x00000010
        2365000	       235	00000000	00000013	addi	x0,x0,0	  x0:0x00000000
        2375000	       236	80002114	00000013	addi	x0,x0,0	  x0:0x00000000
        2385000	       237	80002118	26022213	slti	x4,x4,608	  x4:0x638de140  x4=0x00000000
        2395000	       238	8000211c	d7c8b997	auipc	x19,0xd7c8b	 x19=0x57c8d118
        2405000	       239	80002120	01a45693	srli	x13,x8,0x1a	  x8:0x80000000 x13=0x00000020
        2415000	       240	80002124	00000013	addi	x0,x0,0	  x0:0x00000000
        2425000	       241	80002128	00138393	addi	x7,x7,1	  x7:0x0000000f  x7=0x00000010
        2435000	       242	8000212c	0cde0d13	addi	x26,x28,205	 x28:0x80000000 x26=0x800000cd
        2445000	       243	80002130	00000013	addi	x0,x0,0	  x0:0x00000000
        2455000	       244	80002134	c2c87d17	auipc	x26,0xc2c87	 x26=0x42c89130
        2465000	       245	80002138	000a8cb3	add	x25,x21,x0	 x21:0xfffffff0  x0:0x00000000 x25=0xfffffff0
        2475000	       246	8000213c	01f7df93	srli	x31,x15,0x1f	 x15:0xf3acf38a x31=0x00000001
        2485000	       247	80002140	00000013	addi	x0,x0,0	  x0:0x00000000
        2495000	       248	80002144	e38dc217	auipc	x4,0xe38dc	  x4=0x638de140
        2505000	       249	80002148	40e75c93	srai	x25,x14,0xe	 x14:0x034240ac x25=0x00000d09
        2515000	       250	8000214c	41d65b13	srai	x22,x12,0x1d	 x12:0x80000000 x22=0xfffffffc
        2525000	       251	80002150	fd8394e3	bne	x7,x24,80002118	  x7:0x00000010 x24:0x00000010
        2535000	       252	80002154	bf196513	ori	x10,x18,-1039	 x18:0x80009f48 x10=0xfffffff9
        2545000	       253	80002158	00100613	addi	x12,x0,1	  x0:0x00000000 x12=0x00000001
        2555000	       254	8000215c	fff00e13	addi	x28,x0,-1	  x0:0x00000000 x28=0xffffffff
        2565000	       255	80002160	d37a4893	xori	x17,x20,-713	 x20:0x80009fc4 x17=0x7fff62f3
        2575000	       256	80002164	ffb60613	addi	x12,x12,-5	 x12:0x00000001 x12=0xfffffffc
        2585000	       257	80002168	ffc00693	addi	x13,x0,-4	  x0:0x00000000 x13=0xfffffffc
        2595000	       258	8000216c	ff900c13	addi	x24,x0,-7	  x0:0x00000000 x24=0xfffffff9
        2605000	       259	80002170	414085b3	sub	x11,x1,x20	  x1:0x800004e5 x20:0x80009fc4 x11=0xffff6521
        2615000	       260	80002174	ffa68693	addi	x13,x13,-6	 x13:0xfffffffc x13=0xfffffff6
        2625000	       261	80002178	ff86dce3	bge	x13,x24,80002170	 x13:0xfffffff6 x24:0xfffffff9
        2635000	       262	8000217c	ffc652e3	bge	x12,x28,80002160	 x12:0xfffffffc x28:0xffffffff
        2645000	       263	80002180	0109f0b3	and	x1,x19,x16	 x19:0x57c8d118 x16:0x80002420  x1=0x00000000
        2655000	       264	80002184	00700893	addi	x17,x0,7	  x0:0x00000000 x17=0x00000007
        2665000	       265	80002188	00ab63b3	or	x7,x22,x10	 x22:0xfffffffc x10:0xfffffff9  x7=0xfffffffd
        2675000	       266	8000218c	ff500193	addi	x3,x0,-11	  x0:0x00000000  x3=0xfffffff5
        2685000	       267	80002190	0193d013	srli	x0,x7,0x19	  x7:0xfffffffd
        2695000	       268	80002194	01ebf0b3	and	x1,x23,x30	 x23:0x00000000 x30:0x80000000  x1=0x00000000
        2705000	       269	80002198	ffd88893	addi	x17,x17,-3	 x17:0x00000007 x17=0x00000004
        2715000	       270	8000219c	0087b0b3	sltu	x1,x15,x8	 x15:0xf3acf38a  x8:0x80000000  x1=0x00000000
        2725000	       271	800021a0	0d556617	auipc	x12,0xd556	 x12=0x8d55819c
        2735000	       272	800021a4	fe3888e3	beq	x17,x3,80002194	 x17:0x00000004  x3:0xfffffff5
        2745000	       273	800021a8	91c6deb7	lui	x29,0x91c6d	 x29=0x91c6d000
        2755000	       274	800021ac	00100f13	addi	x30,x0,1	  x0:0x00000000 x30=0x00000001
        2765000	       275	800021b0	012a7d33	and	x26,x20,x18	 x20:0x80009fc4 x18:0x80009f48 x26=0x80009f40
        2775000	       276	800021b4	00000013	addi	x0,x0,0	  x0:0x00000000
        2785000	       277	800021b8	00379993	slli	x19,x15,0x3	 x15:0xf3acf38a x19=0x9d679c50
        2795000	       278	800021bc	001b0133	add	x2,x22,x1	 x22:0xfffffffc  x1:0x00000000  x2=0xfffffffc
        2805000	       279	800021c0	00d48433	add	x8,x9,x13	  x9:0x0000000e x13:0xfffffff6  x8=0x00000004
        2815000	       280	800021c4	fee00d93	addi	x27,x0,-18	  x0:0x00000000 x27=0xffffffee
        2825000	       281	800021c8	00e49833	sll	x16,x9,x14	  x9:0x0000000e x14:0x034240ac x16=0x0000e000
        2835000	       282	800021cc	a88ba813	slti	x16,x23,-1400	 x23:0x00000000 x16=0x00000000
        2845000	       283	800021d0	00ae8733	add	x14,x29,x10	 x29:0x91c6d000 x10:0xfffffff9 x14=0x91c6cff9
        2855000	       284	800021d4	62f56993	ori	x19,x10,1583	 x10:0xfffffff9 x19=0xffffffff
        2865000	       285	800021d8	75db2813	slti	x16,x22,1885	 x22:0xfffffffc x16=0x00000001
        2875000	       286	800021dc	b64ffd13	andi	x26,x31,-1180	 x31:0x00000001 x26=0x00000000
        2885000	       287	800021e0	b8e8af93	slti	x31,x17,-1138	 x17:0x00000004 x31=0x00000000
        2895000	       288	800021e4	84581617	auipc	x12,0x84581	 x12=0x045831e0
        2905000	       289	800021e8	ffef0f13	addi	x30,x30,-2	 x30:0x00000001 x30=0xffffffff
        2915000	       290	800021ec	00300c13	addi	x24,x0,3	  x0:0x00000000 x24=0x00000003
        2925000	       291	800021f0	00c191b3	sll	x3,x3,x12	  x3:0xfffffff5 x12:0x045831e0  x3=0xfffffff5
        2935000	       292	800021f4	ff700893	addi	x17,x0,-9	  x0:0x00000000 x17=0xfffffff7
        2945000	       293	800021f8	01795593	srli	x11,x18,0x17	 x18:0x80009f48 x11=0x00000100
        2955000	       294	800021fc	00060833	add	x16,x12,x0	 x12:0x045831e0  x0:0x00000000 x16=0x045831e0
        2965000	       295	80002200	0125c433	xor	x8,x11,x18	 x11:0x00000100 x18:0x80009f48  x8=0x80009e48
        2975000	       296	80002204	ffac0c13	addi	x24,x24,-6	 x24:0x00000003 x24=0xfffffffd
        2985000	       297	80002208	3e050537	lui	x10,0x3e050	 x10=0x3e050000
        2995000	       298	8000220c	ff1c1ae3	bne	x24,x17,80002200	 x24:0xfffffffd x17:0xfffffff7
        3005000	       299	00000000	00000013	addi	x0,x0,0	  x0:0x00000000
        3015000	       300	800021fc	00000013	addi	x0,x0,0	  x0:0x00000000
        3025000	       301	80002200	0125c433	xor	x8,x11,x18	 x11:0x00000100 x18:0x80009f48  x8=0x80009e48
        3035000	       302	80002204	ffac0c13	addi	x24,x24,-6	 x24:0xfffffffd x24=0xfffffff7
        3045000	       303	80002208	3e050537	lui	x10,0x3e050	 x10=0x3e050000
        3055000	       304	8000220c	ff1c1ae3	bne	x24,x17,80002200	 x24:0xfffffff7 x17:0xfffffff7
        3065000	       305	80002210	013c94b3	sll	x9,x25,x19	 x25:0x00000d09 x19:0xffffffff  x9=0x80000000
        3075000	       306	80002214	b9f8d2b7	lui	x5,0xb9f8d	  x5=0xb9f8d000
        3085000	       307	80002218	fdbf52e3	bge	x30,x27,800021dc	 x30:0xffffffff x27:0xffffffee
        3095000	       308	00000000	00000013	addi	x0,x0,0	  x0:0x00000000
        3105000	       309	800021d8	00000013	addi	x0,x0,0	  x0:0x00000000
        3115000	       310	800021dc	b64ffd13	andi	x26,x31,-1180	 x31:0x00000000 x26=0x00000000
        3125000	       311	800021e0	b8e8af93	slti	x31,x17,-1138	 x17:0xfffffff7 x31=0x00000000
        3135000	       312	800021e4	84581617	auipc	x12,0x84581	 x12=0x045831e0
        3145000	       313	800021e8	ffef0f13	addi	x30,x30,-2	 x30:0xffffffff x30=0xfffffffd
        3155000	       314	800021ec	00300c13	addi	x24,x0,3	  x0:0x00000000 x24=0x00000003
        3165000	       315	800021f0	00c191b3	sll	x3,x3,x12	  x3:0xfffffff5 x12:0x045831e0  x3=0xfffffff5
        3175000	       316	800021f4	ff700893	addi	x17,x0,-9	  x0:0x00000000 x17=0xfffffff7
        3185000	       317	800021f8	01795593	srli	x11,x18,0x17	 x18:0x80009f48 x11=0x00000100
        3195000	       318	800021fc	00060833	add	x16,x12,x0	 x12:0x045831e0  x0:0x00000000 x16=0x045831e0
        3205000	       319	80002200	0125c433	xor	x8,x11,x18	 x11:0x00000100 x18:0x80009f48  x8=0x80009e48
        3215000	       320	80002204	ffac0c13	addi	x24,x24,-6	 x24:0x00000003 x24=0xfffffffd
        3225000	       321	80002208	3e050537	lui	x10,0x3e050	 x10=0x3e050000
        3235000	       322	8000220c	ff1c1ae3	bne	x24,x17,80002200	 x24:0xfffffffd x17:0xfffffff7
        3245000	       323	00000000	00000013	addi	x0,x0,0	  x0:0x00000000
        3255000	       324	800021fc	00000013	addi	x0,x0,0	  x0:0x00000000
        3265000	       325	80002200	0125c433	xor	x8,x11,x18	 x11:0x00000100 x18:0x80009f48  x8=0x80009e48
        3275000	       326	80002204	ffac0c13	addi	x24,x24,-6	 x24:0xfffffffd x24=0xfffffff7
        3285000	       327	80002208	3e050537	lui	x10,0x3e050	 x10=0x3e050000
        3295000	       328	8000220c	ff1c1ae3	bne	x24,x17,80002200	 x24:0xfffffff7 x17:0xfffffff7
        3305000	       329	80002210	013c94b3	sll	x9,x25,x19	 x25:0x00000d09 x19:0xffffffff  x9=0x80000000
        3315000	       330	80002214	b9f8d2b7	lui	x5,0xb9f8d	  x5=0xb9f8d000
        3325000	       331	80002218	fdbf52e3	bge	x30,x27,800021dc	 x30:0xfffffffd x27:0xffffffee
        3335000	       332	00000000	00000013	addi	x0,x0,0	  x0:0x00000000
        3345000	       333	800021d8	00000013	addi	x0,x0,0	  x0:0x00000000
        3355000	       334	800021dc	b64ffd13	andi	x26,x31,-1180	 x31:0x00000000 x26=0x00000000
        3365000	       335	800021e0	b8e8af93	slti	x31,x17,-1138	 x17:0xfffffff7 x31=0x00000000
        3375000	       336	800021e4	84581617	auipc	x12,0x84581	 x12=0x045831e0
        3385000	       337	800021e8	ffef0f13	addi	x30,x30,-2	 x30:0xfffffffd x30=0xfffffffb
        3395000	       338	800021ec	00300c13	addi	x24,x0,3	  x0:0x00000000 x24=0x00000003
        3405000	       339	800021f0	00c191b3	sll	x3,x3,x12	  x3:0xfffffff5 x12:0x045831e0  x3=0xfffffff5
        3415000	       340	800021f4	ff700893	addi	x17,x0,-9	  x0:0x00000000 x17=0xfffffff7
        3425000	       341	800021f8	01795593	srli	x11,x18,0x17	 x18:0x80009f48 x11=0x00000100
        3435000	       342	800021fc	00060833	add	x16,x12,x0	 x12:0x045831e0  x0:0x00000000 x16=0x045831e0
        3445000	       343	80002200	0125c433	xor	x8,x11,x18	 x11:0x00000100 x18:0x80009f48  x8=0x80009e48
        3455000	       344	80002204	ffac0c13	addi	x24,x24,-6	 x24:0x00000003 x24=0xfffffffd
        3465000	       345	80002208	3e050537	lui	x10,0x3e050	 x10=0x3e050000
        3475000	       346	8000220c	ff1c1ae3	bne	x24,x17,80002200	 x24:0xfffffffd x17:0xfffffff7
        3485000	       347	00000000	00000013	addi	x0,x0,0	  x0:0x00000000
        3495000	       348	800021fc	00000013	addi	x0,x0,0	  x0:0x00000000
        3505000	       349	80002200	0125c433	xor	x8,x11,x18	 x11:0x00000100 x18:0x80009f48  x8=0x80009e48
        3515000	       350	80002204	ffac0c13	addi	x24,x24,-6	 x24:0xfffffffd x24=0xfffffff7
        3525000	       351	80002208	3e050537	lui	x10,0x3e050	 x10=0x3e050000
        3535000	       352	8000220c	ff1c1ae3	bne	x24,x17,80002200	 x24:0xfffffff7 x17:0xfffffff7
        3545000	       353	80002210	013c94b3	sll	x9,x25,x19	 x25:0x00000d09 x19:0xffffffff  x9=0x80000000
        3555000	       354	80002214	b9f8d2b7	lui	x5,0xb9f8d	  x5=0xb9f8d000
        3565000	       355	80002218	fdbf52e3	bge	x30,x27,800021dc	 x30:0xfffffffb x27:0xffffffee
        3575000	       356	00000000	00000013	addi	x0,x0,0	  x0:0x00000000
        3585000	       357	800021d8	00000013	addi	x0,x0,0	  x0:0x00000000
        3595000	       358	800021dc	b64ffd13	andi	x26,x31,-1180	 x31:0x00000000 x26=0x00000000
        3605000	       359	800021e0	b8e8af93	slti	x31,x17,-1138	 x17:0xfffffff7 x31=0x00000000
        3615000	       360	800021e4	84581617	auipc	x12,0x84581	 x12=0x045831e0
        3625000	       361	800021e8	ffef0f13	addi	x30,x30,-2	 x30:0xfffffffb x30=0xfffffff9
        3635000	       362	800021ec	00300c13	addi	x24,x0,3	  x0:0x00000000 x24=0x00000003
        3645000	       363	800021f0	00c191b3	sll	x3,x3,x12	  x3:0xfffffff5 x12:0x045831e0  x3=0xfffffff5
        3655000	       364	800021f4	ff700893	addi	x17,x0,-9	  x0:0x00000000 x17=0xfffffff7
        3665000	       365	800021f8	01795593	srli	x11,x18,0x17	 x18:0x80009f48 x11=0x00000100
        3675000	       366	800021fc	00060833	add	x16,x12,x0	 x12:0x045831e0  x0:0x00000000 x16=0x045831e0
        3685000	       367	80002200	0125c433	xor	x8,x11,x18	 x11:0x00000100 x18:0x80009f48  x8=0x80009e48
        3695000	       368	80002204	ffac0c13	addi	x24,x24,-6	 x24:0x00000003 x24=0xfffffffd
        3705000	       369	80002208	3e050537	lui	x10,0x3e050	 x10=0x3e050000
        3715000	       370	8000220c	ff1c1ae3	bne	x24,x17,80002200	 x24:0xfffffffd x17:0xfffffff7
        3725000	       371	00000000	00000013	addi	x0,x0,0	  x0:0x00000000
        3735000	       372	800021fc	00000013	addi	x0,x0,0	  x0:0x00000000
        3745000	       373	80002200	0125c433	xor	x8,x11,x18	 x11:0x00000100 x18:0x80009f48  x8=0x80009e48
        3755000	       374	80002204	ffac0c13	addi	x24,x24,-6	 x24:0xfffffffd x24=0xfffffff7
        3765000	       375	80002208	3e050537	lui	x10,0x3e050	 x10=0x3e050000
        3775000	       376	8000220c	ff1c1ae3	bne	x24,x17,80002200	 x24:0xfffffff7 x17:0xfffffff7
        3785000	       377	80002210	013c94b3	sll	x9,x25,x19	 x25:0x00000d09 x19:0xffffffff  x9=0x80000000
        3795000	       378	80002214	b9f8d2b7	lui	x5,0xb9f8d	  x5=0xb9f8d000
        3805000	       379	80002218	fdbf52e3	bge	x30,x27,800021dc	 x30:0xfffffff9 x27:0xffffffee
        3815000	       380	00000000	00000013	addi	x0,x0,0	  x0:0x00000000
        3825000	       381	800021d8	00000013	addi	x0,x0,0	  x0:0x00000000
        3835000	       382	800021dc	b64ffd13	andi	x26,x31,-1180	 x31:0x00000000 x26=0x00000000
        3845000	       383	800021e0	b8e8af93	slti	x31,x17,-1138	 x17:0xfffffff7 x31=0x00000000
        3855000	       384	800021e4	84581617	auipc	x12,0x84581	 x12=0x045831e0
        3865000	       385	800021e8	ffef0f13	addi	x30,x30,-2	 x30:0xfffffff9 x30=0xfffffff7
        3875000	       386	800021ec	00300c13	addi	x24,x0,3	  x0:0x00000000 x24=0x00000003
        3885000	       387	800021f0	00c191b3	sll	x3,x3,x12	  x3:0xfffffff5 x12:0x045831e0  x3=0xfffffff5
        3895000	       388	800021f4	ff700893	addi	x17,x0,-9	  x0:0x00000000 x17=0xfffffff7
        3905000	       389	800021f8	01795593	srli	x11,x18,0x17	 x18:0x80009f48 x11=0x00000100
        3915000	       390	800021fc	00060833	add	x16,x12,x0	 x12:0x045831e0  x0:0x00000000 x16=0x045831e0
        3925000	       391	80002200	0125c433	xor	x8,x11,x18	 x11:0x00000100 x18:0x80009f48  x8=0x80009e48
        3935000	       392	80002204	ffac0c13	addi	x24,x24,-6	 x24:0x00000003 x24=0xfffffffd
        3945000	       393	80002208	3e050537	lui	x10,0x3e050	 x10=0x3e050000
        3955000	       394	8000220c	ff1c1ae3	bne	x24,x17,80002200	 x24:0xfffffffd x17:0xfffffff7
        3965000	       395	00000000	00000013	addi	x0,x0,0	  x0:0x00000000
        3975000	       396	800021fc	00000013	addi	x0,x0,0	  x0:0x00000000
        3985000	       397	80002200	0125c433	xor	x8,x11,x18	 x11:0x00000100 x18:0x80009f48  x8=0x80009e48
        3995000	       398	80002204	ffac0c13	addi	x24,x24,-6	 x24:0xfffffffd x24=0xfffffff7
        4005000	       399	80002208	3e050537	lui	x10,0x3e050	 x10=0x3e050000
        4015000	       400	8000220c	ff1c1ae3	bne	x24,x17,80002200	 x24:0xfffffff7 x17:0xfffffff7
        4025000	       401	80002210	013c94b3	sll	x9,x25,x19	 x25:0x00000d09 x19:0xffffffff  x9=0x80000000
        4035000	       402	80002214	b9f8d2b7	lui	x5,0xb9f8d	  x5=0xb9f8d000
        4045000	       403	80002218	fdbf52e3	bge	x30,x27,800021dc	 x30:0xfffffff7 x27:0xffffffee
        4055000	       404	00000000	00000013	addi	x0,x0,0	  x0:0x00000000
        4065000	       405	800021d8	00000013	addi	x0,x0,0	  x0:0x00000000
        4075000	       406	800021dc	b64ffd13	andi	x26,x31,-1180	 x31:0x00000000 x26=0x00000000
        4085000	       407	800021e0	b8e8af93	slti	x31,x17,-1138	 x17:0xfffffff7 x31=0x00000000
        4095000	       408	800021e4	84581617	auipc	x12,0x84581	 x12=0x045831e0
        4105000	       409	800021e8	ffef0f13	addi	x30,x30,-2	 x30:0xfffffff7 x30=0xfffffff5
        4115000	       410	800021ec	00300c13	addi	x24,x0,3	  x0:0x00000000 x24=0x00000003
        4125000	       411	800021f0	00c191b3	sll	x3,x3,x12	  x3:0xfffffff5 x12:0x045831e0  x3=0xfffffff5
        4135000	       412	800021f4	ff700893	addi	x17,x0,-9	  x0:0x00000000 x17=0xfffffff7
        4145000	       413	800021f8	01795593	srli	x11,x18,0x17	 x18:0x80009f48 x11=0x00000100
        4155000	       414	800021fc	00060833	add	x16,x12,x0	 x12:0x045831e0  x0:0x00000000 x16=0x045831e0
        4165000	       415	80002200	0125c433	xor	x8,x11,x18	 x11:0x00000100 x18:0x80009f48  x8=0x80009e48
        4175000	       416	80002204	ffac0c13	addi	x24,x24,-6	 x24:0x00000003 x24=0xfffffffd
        4185000	       417	80002208	3e050537	lui	x10,0x3e050	 x10=0x3e050000
        4195000	       418	8000220c	ff1c1ae3	bne	x24,x17,80002200	 x24:0xfffffffd x17:0xfffffff7
        4205000	       419	00000000	00000013	addi	x0,x0,0	  x0:0x00000000
        4215000	       420	800021fc	00000013	addi	x0,x0,0	  x0:0x00000000
        4225000	       421	80002200	0125c433	xor	x8,x11,x18	 x11:0x00000100 x18:0x80009f48  x8=0x80009e48
        4235000	       422	80002204	ffac0c13	addi	x24,x24,-6	 x24:0xfffffffd x24=0xfffffff7
        4245000	       423	80002208	3e050537	lui	x10,0x3e050	 x10=0x3e050000
        4255000	       424	8000220c	ff1c1ae3	bne	x24,x17,80002200	 x24:0xfffffff7 x17:0xfffffff7
        4265000	       425	80002210	013c94b3	sll	x9,x25,x19	 x25:0x00000d09 x19:0xffffffff  x9=0x80000000
        4275000	       426	80002214	b9f8d2b7	lui	x5,0xb9f8d	  x5=0xb9f8d000
        4285000	       427	80002218	fdbf52e3	bge	x30,x27,800021dc	 x30:0xfffffff5 x27:0xffffffee
        4295000	       428	00000000	00000013	addi	x0,x0,0	  x0:0x00000000
        4305000	       429	800021d8	00000013	addi	x0,x0,0	  x0:0x00000000
        4315000	       430	800021dc	b64ffd13	andi	x26,x31,-1180	 x31:0x00000000 x26=0x00000000
        4325000	       431	800021e0	b8e8af93	slti	x31,x17,-1138	 x17:0xfffffff7 x31=0x00000000
        4335000	       432	800021e4	84581617	auipc	x12,0x84581	 x12=0x045831e0
        4345000	       433	800021e8	ffef0f13	addi	x30,x30,-2	 x30:0xfffffff5 x30=0xfffffff3
        4355000	       434	800021ec	00300c13	addi	x24,x0,3	  x0:0x00000000 x24=0x00000003
        4365000	       435	800021f0	00c191b3	sll	x3,x3,x12	  x3:0xfffffff5 x12:0x045831e0  x3=0xfffffff5
        4375000	       436	800021f4	ff700893	addi	x17,x0,-9	  x0:0x00000000 x17=0xfffffff7
        4385000	       437	800021f8	01795593	srli	x11,x18,0x17	 x18:0x80009f48 x11=0x00000100
        4395000	       438	800021fc	00060833	add	x16,x12,x0	 x12:0x045831e0  x0:0x00000000 x16=0x045831e0
        4405000	       439	80002200	0125c433	xor	x8,x11,x18	 x11:0x00000100 x18:0x80009f48  x8=0x80009e48
        4415000	       440	80002204	ffac0c13	addi	x24,x24,-6	 x24:0x00000003 x24=0xfffffffd
        4425000	       441	80002208	3e050537	lui	x10,0x3e050	 x10=0x3e050000
        4435000	       442	8000220c	ff1c1ae3	bne	x24,x17,80002200	 x24:0xfffffffd x17:0xfffffff7
        4445000	       443	00000000	00000013	addi	x0,x0,0	  x0:0x00000000
        4455000	       444	800021fc	00000013	addi	x0,x0,0	  x0:0x00000000
        4465000	       445	80002200	0125c433	xor	x8,x11,x18	 x11:0x00000100 x18:0x80009f48  x8=0x80009e48
        4475000	       446	80002204	ffac0c13	addi	x24,x24,-6	 x24:0xfffffffd x24=0xfffffff7
        4485000	       447	80002208	3e050537	lui	x10,0x3e050	 x10=0x3e050000
        4495000	       448	8000220c	ff1c1ae3	bne	x24,x17,80002200	 x24:0xfffffff7 x17:0xfffffff7
        4505000	       449	80002210	013c94b3	sll	x9,x25,x19	 x25:0x00000d09 x19:0xffffffff  x9=0x80000000
        4515000	       450	80002214	b9f8d2b7	lui	x5,0xb9f8d	  x5=0xb9f8d000
        4525000	       451	80002218	fdbf52e3	bge	x30,x27,800021dc	 x30:0xfffffff3 x27:0xffffffee
        4535000	       452	00000000	00000013	addi	x0,x0,0	  x0:0x00000000
        4545000	       453	800021d8	00000013	addi	x0,x0,0	  x0:0x00000000
        4555000	       454	800021dc	b64ffd13	andi	x26,x31,-1180	 x31:0x00000000 x26=0x00000000
        4565000	       455	800021e0	b8e8af93	slti	x31,x17,-1138	 x17:0xfffffff7 x31=0x00000000
        4575000	       456	800021e4	84581617	auipc	x12,0x84581	 x12=0x045831e0
        4585000	       457	800021e8	ffef0f13	addi	x30,x30,-2	 x30:0xfffffff3 x30=0xfffffff1
        4595000	       458	800021ec	00300c13	addi	x24,x0,3	  x0:0x00000000 x24=0x00000003
        4605000	       459	800021f0	00c191b3	sll	x3,x3,x12	  x3:0xfffffff5 x12:0x045831e0  x3=0xfffffff5
        4615000	       460	800021f4	ff700893	addi	x17,x0,-9	  x0:0x00000000 x17=0xfffffff7
        4625000	       461	800021f8	01795593	srli	x11,x18,0x17	 x18:0x80009f48 x11=0x00000100
        4635000	       462	800021fc	00060833	add	x16,x12,x0	 x12:0x045831e0  x0:0x00000000 x16=0x045831e0
        4645000	       463	80002200	0125c433	xor	x8,x11,x18	 x11:0x00000100 x18:0x80009f48  x8=0x80009e48
        4655000	       464	80002204	ffac0c13	addi	x24,x24,-6	 x24:0x00000003 x24=0xfffffffd
        4665000	       465	80002208	3e050537	lui	x10,0x3e050	 x10=0x3e050000
        4675000	       466	8000220c	ff1c1ae3	bne	x24,x17,80002200	 x24:0xfffffffd x17:0xfffffff7
        4685000	       467	00000000	00000013	addi	x0,x0,0	  x0:0x00000000
        4695000	       468	800021fc	00000013	addi	x0,x0,0	  x0:0x00000000
        4705000	       469	80002200	0125c433	xor	x8,x11,x18	 x11:0x00000100 x18:0x80009f48  x8=0x80009e48
        4715000	       470	80002204	ffac0c13	addi	x24,x24,-6	 x24:0xfffffffd x24=0xfffffff7
        4725000	       471	80002208	3e050537	lui	x10,0x3e050	 x10=0x3e050000
        4735000	       472	8000220c	ff1c1ae3	bne	x24,x17,80002200	 x24:0xfffffff7 x17:0xfffffff7
        4745000	       473	80002210	013c94b3	sll	x9,x25,x19	 x25:0x00000d09 x19:0xffffffff  x9=0x80000000
        4755000	       474	80002214	b9f8d2b7	lui	x5,0xb9f8d	  x5=0xb9f8d000
        4765000	       475	80002218	fdbf52e3	bge	x30,x27,800021dc	 x30:0xfffffff1 x27:0xffffffee
        4775000	       476	00000000	00000013	addi	x0,x0,0	  x0:0x00000000
        4785000	       477	800021d8	00000013	addi	x0,x0,0	  x0:0x00000000
        4795000	       478	800021dc	b64ffd13	andi	x26,x31,-1180	 x31:0x00000000 x26=0x00000000
        4805000	       479	800021e0	b8e8af93	slti	x31,x17,-1138	 x17:0xfffffff7 x31=0x00000000
        4815000	       480	800021e4	84581617	auipc	x12,0x84581	 x12=0x045831e0
        4825000	       481	800021e8	ffef0f13	addi	x30,x30,-2	 x30:0xfffffff1 x30=0xffffffef
        4835000	       482	800021ec	00300c13	addi	x24,x0,3	  x0:0x00000000 x24=0x00000003
        4845000	       483	800021f0	00c191b3	sll	x3,x3,x12	  x3:0xfffffff5 x12:0x045831e0  x3=0xfffffff5
        4855000	       484	800021f4	ff700893	addi	x17,x0,-9	  x0:0x00000000 x17=0xfffffff7
        4865000	       485	800021f8	01795593	srli	x11,x18,0x17	 x18:0x80009f48 x11=0x00000100
        4875000	       486	800021fc	00060833	add	x16,x12,x0	 x12:0x045831e0  x0:0x00000000 x16=0x045831e0
        4885000	       487	80002200	0125c433	xor	x8,x11,x18	 x11:0x00000100 x18:0x80009f48  x8=0x80009e48
        4895000	       488	80002204	ffac0c13	addi	x24,x24,-6	 x24:0x00000003 x24=0xfffffffd
        4905000	       489	80002208	3e050537	lui	x10,0x3e050	 x10=0x3e050000
        4915000	       490	8000220c	ff1c1ae3	bne	x24,x17,80002200	 x24:0xfffffffd x17:0xfffffff7
        4925000	       491	00000000	00000013	addi	x0,x0,0	  x0:0x00000000
        4935000	       492	800021fc	00000013	addi	x0,x0,0	  x0:0x00000000
        4945000	       493	80002200	0125c433	xor	x8,x11,x18	 x11:0x00000100 x18:0x80009f48  x8=0x80009e48
        4955000	       494	80002204	ffac0c13	addi	x24,x24,-6	 x24:0xfffffffd x24=0xfffffff7
        4965000	       495	80002208	3e050537	lui	x10,0x3e050	 x10=0x3e050000
        4975000	       496	8000220c	ff1c1ae3	bne	x24,x17,80002200	 x24:0xfffffff7 x17:0xfffffff7
        4985000	       497	80002210	013c94b3	sll	x9,x25,x19	 x25:0x00000d09 x19:0xffffffff  x9=0x80000000
        4995000	       498	80002214	b9f8d2b7	lui	x5,0xb9f8d	  x5=0xb9f8d000
        5005000	       499	80002218	fdbf52e3	bge	x30,x27,800021dc	 x30:0xffffffef x27:0xffffffee
        5015000	       500	00000000	00000013	addi	x0,x0,0	  x0:0x00000000
        5025000	       501	800021d8	00000013	addi	x0,x0,0	  x0:0x00000000
        5035000	       502	800021dc	b64ffd13	andi	x26,x31,-1180	 x31:0x00000000 x26=0x00000000
        5045000	       503	800021e0	b8e8af93	slti	x31,x17,-1138	 x17:0xfffffff7 x31=0x00000000
        5055000	       504	800021e4	84581617	auipc	x12,0x84581	 x12=0x045831e0
        5065000	       505	800021e8	ffef0f13	addi	x30,x30,-2	 x30:0xffffffef x30=0xffffffed
        5075000	       506	800021ec	00300c13	addi	x24,x0,3	  x0:0x00000000 x24=0x00000003
        5085000	       507	800021f0	00c191b3	sll	x3,x3,x12	  x3:0xfffffff5 x12:0x045831e0  x3=0xfffffff5
        5095000	       508	800021f4	ff700893	addi	x17,x0,-9	  x0:0x00000000 x17=0xfffffff7
        5105000	       509	800021f8	01795593	srli	x11,x18,0x17	 x18:0x80009f48 x11=0x00000100
        5115000	       510	800021fc	00060833	add	x16,x12,x0	 x12:0x045831e0  x0:0x00000000 x16=0x045831e0
        5125000	       511	80002200	0125c433	xor	x8,x11,x18	 x11:0x00000100 x18:0x80009f48  x8=0x80009e48
        5135000	       512	80002204	ffac0c13	addi	x24,x24,-6	 x24:0x00000003 x24=0xfffffffd
        5145000	       513	80002208	3e050537	lui	x10,0x3e050	 x10=0x3e050000
        5155000	       514	8000220c	ff1c1ae3	bne	x24,x17,80002200	 x24:0xfffffffd x17:0xfffffff7
        5165000	       515	00000000	00000013	addi	x0,x0,0	  x0:0x00000000
        5175000	       516	800021fc	00000013	addi	x0,x0,0	  x0:0x00000000
        5185000	       517	80002200	0125c433	xor	x8,x11,x18	 x11:0x00000100 x18:0x80009f48  x8=0x80009e48
        5195000	       518	80002204	ffac0c13	addi	x24,x24,-6	 x24:0xfffffffd x24=0xfffffff7
        5205000	       519	80002208	3e050537	lui	x10,0x3e050	 x10=0x3e050000
        5215000	       520	8000220c	ff1c1ae3	bne	x24,x17,80002200	 x24:0xfffffff7 x17:0xfffffff7
        5225000	       521	80002210	013c94b3	sll	x9,x25,x19	 x25:0x00000d09 x19:0xffffffff  x9=0x80000000
        5235000	       522	80002214	b9f8d2b7	lui	x5,0xb9f8d	  x5=0xb9f8d000
        5245000	       523	80002218	fdbf52e3	bge	x30,x27,800021dc	 x30:0xffffffed x27:0xffffffee
        5255000	       524	8000221c	36792f93	slti	x31,x18,871	 x18:0x80009f48 x31=0x00000001
        5265000	       525	80002220	00800813	addi	x16,x0,8	  x0:0x00000000 x16=0x00000008
        5275000	       526	80002224	005bdf33	srl	x30,x23,x5	 x23:0x00000000  x5:0xb9f8d000 x30=0x00000000
        5285000	       527	80002228	40b205b3	sub	x11,x4,x11	  x4:0x638de140 x11:0x00000100 x11=0x638de040
        5295000	       528	8000222c	00781433	sll	x8,x16,x7	 x16:0x00000008  x7:0xfffffffd  x8=0x00000000
        5305000	       529	80002230	16e38293	addi	x5,x7,366	  x7:0xfffffffd  x5=0x0000016b
        5315000	       530	80002234	01003333	sltu	x6,x0,x16	  x0:0x00000000 x16:0x00000008  x6=0x00000001
        5325000	       531	80002238	00800713	addi	x14,x0,8	  x0:0x00000000 x14=0x00000008
        5335000	       532	8000223c	0002a5b3	slt	x11,x5,x0	  x5:0x0000016b  x0:0x00000000 x11=0x00000000
        5345000	       533	80002240	0169feb3	and	x29,x19,x22	 x19:0xffffffff x22:0xfffffffc x29=0xfffffffc
        5355000	       534	80002244	410e0e33	sub	x28,x28,x16	 x28:0xffffffff x16:0x00000008 x28=0xfffffff7
        5365000	       535	80002248	37c12b93	slti	x23,x2,892	  x2:0xfffffffc x23=0x00000001
        5375000	       536	8000224c	fff80813	addi	x16,x16,-1	 x16:0x00000008 x16=0x00000007
        5385000	       537	80002250	e78fb113	sltiu	x2,x31,-392	 x31:0x00000001  x2=0x00000001
        5395000	       538	80002254	009bbc33	sltu	x24,x23,x9	 x23:0x00000001  x9:0x80000000 x24=0x00000001
        5405000	       539	80002258	a10c2613	slti	x12,x24,-1520	 x24:0x00000001 x12=0x00000000
        5415000	       540	8000225c	00200d93	addi	x27,x0,2	  x0:0x00000000 x27=0x00000002
        5425000	       541	80002260	00300493	addi	x9,x0,3	  x0:0x00000000  x9=0x00000003
        5435000	       542	80002264	00000013	addi	x0,x0,0	  x0:0x00000000
        5445000	       543	80002268	00a75bb3	srl	x23,x14,x10	 x14:0x00000008 x10:0x3e050000 x23=0x00000008
        5455000	       544	8000226c	4431c117	auipc	x2,0x4431c	  x2=0xc431e268
        5465000	       545	80002270	007d8d93	addi	x27,x27,7	 x27:0x00000002 x27=0x00000009
        5475000	       546	80002274	fe9de8e3	bltu	x27,x9,80002264	 x27:0x00000009  x9:0x00000003
        5485000	       547	80002278	148c0513	addi	x10,x24,328	 x24:0x00000001 x10=0x00000149
        5495000	       548	8000227c	fce874e3	bgeu	x16,x14,80002244	 x16:0x00000007 x14:0x00000008
        5505000	       549	80002280	5ee639b7	lui	x19,0x5ee63	 x19=0x5ee63000
        5515000	       550	80002284	019d5593	srli	x11,x26,0x19	 x26:0x00000000 x11=0x00000000
        5525000	       551	80002288	2f61f613	andi	x12,x3,758	  x3:0xfffffff5 x12=0x000002f4
        5535000	       552	8000228c	40b25a93	srai	x21,x4,0xb	  x4:0x638de140 x21=0x000c71bc
        5545000	       553	80002290	68753593	sltiu	x11,x10,1671	 x10:0x00000149 x11=0x00000001
        5555000	       554	80002294	94f06113	ori	x2,x0,-1713	  x0:0x00000000  x2=0xfffff94f
        5565000	       555	80002298	00000013	addi	x0,x0,0	  x0:0x00000000
        5575000	       556	8000229c	01300633	add	x12,x0,x19	  x0:0x00000000 x19:0x5ee63000 x12=0x5ee63000
        5585000	       557	800022a0	00f54463	blt	x10,x15,800022a8	 x10:0x00000149 x15:0xf3acf38a
        5595000	       558	800022a4	00495db3	srl	x27,x18,x4	 x18:0x80009f48  x4:0x638de140 x27=0x80009f48
        5605000	       559	800022a8	39f96337	lui	x6,0x39f96	  x6=0x39f96000
        5615000	       560	800022ac	70b9bb13	sltiu	x22,x19,1803	 x19:0x5ee63000 x22=0x00000000
        5625000	       561	800022b0	01e9f833	and	x16,x19,x30	 x19:0x5ee63000 x30:0x00000000 x16=0x00000000
        5635000	       562	800022b4	055bd063	bge	x23,x21,800022f4	 x23:0x00000008 x21:0x000c71bc
        5645000	       563	800022b8	79f8aa93	slti	x21,x17,1951	 x17:0xfffffff7 x21=0x00000001
        5655000	       564	800022bc	00f5e233	or	x4,x11,x15	 x11:0x00000001 x15:0xf3acf38a  x4=0xf3acf38b
        5665000	       565	800022c0	013653b3	srl	x7,x12,x19	 x12:0x5ee63000 x19:0x5ee63000  x7=0x5ee63000
        5675000	       566	800022c4	663d3137	lui	x2,0x663d3	  x2=0x663d3000
        5685000	       567	800022c8	282b2893	slti	x17,x22,642	 x22:0x00000000 x17=0x00000001
        5695000	       568	800022cc	0068c463	blt	x17,x6,800022d4	 x17:0x00000001  x6:0x39f96000
        5705000	       569	00000000	00000013	addi	x0,x0,0	  x0:0x00000000
        5715000	       570	800022d0	00000013	addi	x0,x0,0	  x0:0x00000000
        5725000	       571	800022d4	4186d633	sra	x12,x13,x24	 x13:0xfffffff6 x24:0x00000001 x12=0xfffffffb
        5735000	       572	800022d8	01d630b3	sltu	x1,x12,x29	 x12:0xfffffffb x29:0xfffffffc  x1=0x00000001
        5745000	       573	800022dc	d0fcef17	auipc	x30,0xd0fce	 x30=0x50fd02d8
        5755000	       574	800022e0	018d10b3	sll	x1,x26,x24	 x26:0x00000000 x24:0x00000001  x1=0x00000000
        5765000	       575	800022e4	01ae90b3	sll	x1,x29,x26	 x29:0xfffffffc x26:0x00000000  x1=0xfffffffc
        5775000	       576	800022e8	01b619b3	sll	x19,x12,x27	 x12:0xfffffffb x27:0x80009f48 x19=0xfffffb00
        5785000	       577	800022ec	002195b3	sll	x11,x3,x2	  x3:0xfffffff5  x2:0x663d3000 x11=0xfffffff5
        5795000	       578	800022f0	29612693	slti	x13,x2,662	  x2:0x663d3000 x13=0x00000000
        5805000	       579	800022f4	a6418593	addi	x11,x3,-1436	  x3:0xfffffff5 x11=0xfffffa59
        5815000	       580	800022f8	93b83c13	sltiu	x24,x16,-1733	 x16:0x00000000 x24=0x00000001
        5825000	       581	800022fc	0203c863	blt	x7,x0,8000232c	  x7:0x5ee63000  x0:0x00000000
        5835000	       582	80002300	92ab0513	addi	x10,x22,-1750	 x22:0x00000000 x10=0xfffff92a
        5845000	       583	80002304	002c0263	beq	x24,x2,80002308	 x24:0x00000001  x2:0x663d3000
        5855000	       584	80002308	00b14e33	xor	x28,x2,x11	  x2:0x663d3000 x11:0xfffffa59 x28=0x99c2ca59
        5865000	       585	8000230c	4679f2b7	lui	x5,0x4679f	  x5=0x4679f000
        5875000	       586	80002310	005bdf93	srli	x31,x23,0x5	 x23:0x00000008 x31=0x00000000
        5885000	       587	80002314	01c7d133	srl	x2,x15,x28	 x15:0xf3acf38a x28:0x99c2ca59  x2=0x00000079
        5895000	       588	80002318	00f5d4b3	srl	x9,x11,x15	 x11:0xfffffa59 x15:0xf3acf38a  x9=0x003ffffe
        5905000	       589	8000231c	03ba7463	bgeu	x20,x27,80002344	 x20:0x80009fc4 x27:0x80009f48
        5915000	       590	00000000	00000013	addi	x0,x0,0	  x0:0x00000000
        5925000	       591	80002340	00000013	addi	x0,x0,0	  x0:0x00000000
        5935000	       592	80002344	f7826693	ori	x13,x4,-136	  x4:0xf3acf38b x13=0xfffffffb
        5945000	       593	80002348	013ec133	xor	x2,x29,x19	 x29:0xfffffffc x19:0xfffffb00  x2=0x000004fc
        5955000	       594	8000234c	01706233	or	x4,x0,x23	  x0:0x00000000 x23:0x00000008  x4=0x00000008
        5965000	       595	80002350	01f955b3	srl	x11,x18,x31	 x18:0x80009f48 x31:0x00000000 x11=0x80009f48
        5975000	       596	80002354	01f9ec33	or	x24,x19,x31	 x19:0xfffffb00 x31:0x00000000 x24=0xfffffb00
        5985000	       597	80002358	00000013	addi	x0,x0,0	  x0:0x00000000
        5995000	       598	8000235c	5b0b0293	addi	x5,x22,1456	 x22:0x00000000  x5=0x000005b0
        6005000	       599	80002360	01488d33	add	x26,x17,x20	 x17:0x00000001 x20:0x80009fc4 x26=0x80009fc5
        6015000	       600	80002364	01771a93	slli	x21,x14,0x17	 x14:0x00000008 x21=0x04000000
        6025000	       601	80002368	00db9e33	sll	x28,x23,x13	 x23:0x00000008 x13:0xfffffffb x28=0x40000000
        6035000	       602	8000236c	c3f68013	addi	x0,x13,-961	 x13:0xfffffffb
        6045000	       603	80002370	af487eb7	lui	x29,0xaf487	 x29=0xaf487000
        6055000	       604	80002374	bbd22113	slti	x2,x4,-1091	  x4:0x00000008  x2=0x00000000
        6065000	       605	80002378	00ea9863	bne	x21,x14,80002388	 x21:0x04000000 x14:0x00000008
        6075000	       606	00000000	00000013	addi	x0,x0,0	  x0:0x00000000
        6085000	       607	80002384	00000013	addi	x0,x0,0	  x0:0x00000000
        6095000	       608	80002388	40b6d713	srai	x14,x13,0xb	 x13:0xfffffffb x14=0xffffffff
        6105000	       609	8000238c	2f49f713	andi	x14,x19,756	 x19:0xfffffb00 x14=0x00000200
        6115000	       610	80002390	5f4d6e93	ori	x29,x26,1524	 x26:0x80009fc5 x29=0x80009ff5
        6125000	       611	80002394	01d580b3	add	x1,x11,x29	 x11:0x80009f48 x29:0x80009ff5  x1=0x00013f3d
        6135000	       612	80002398	ab494d93	xori	x27,x18,-1356	 x18:0x80009f48 x27=0x7fff65fc
        6145000	       613	8000239c	00000013	addi	x0,x0,0	  x0:0x00000000
        6155000	       614	800023a0	00b91c13	slli	x24,x18,0xb	 x18:0x80009f48 x24=0x04fa4000
        6165000	       615	800023a4	01bb8cb3	add	x25,x23,x27	 x23:0x00000008 x27:0x7fff65fc x25=0x7fff6604
        6175000	       616	800023a8	407b8db3	sub	x27,x23,x7	 x23:0x00000008  x7:0x5ee63000 x27=0xa119d008
        6185000	       617	800023ac	032cc463	blt	x25,x18,800023d4	 x25:0x7fff6604 x18:0x80009f48
        6195000	       618	800023b0	002cdab3	srl	x21,x25,x2	 x25:0x7fff6604  x2:0x00000000 x21=0x7fff6604
        6205000	       619	800023b4	4115dc13	srai	x24,x11,0x11	 x11:0x80009f48 x24=0xffffc000
        6215000	       620	800023b8	0184e633	or	x12,x9,x24	  x9:0x003ffffe x24:0xffffc000 x12=0xfffffffe
        6225000	       621	800023bc	018d1b93	slli	x23,x26,0x18	 x26:0x80009fc5 x23=0xc5000000
        6235000	       622	800023c0	4210ff93	andi	x31,x1,1057	  x1:0x00013f3d x31=0x00000421
        6245000	       623	800023c4	0089f533	and	x10,x19,x8	 x19:0xfffffb00  x8:0x00000000 x10=0x00000000
        6255000	       624	800023c8	00d3dd93	srli	x27,x7,0xd	  x7:0x5ee63000 x27=0x0002f731
        6265000	       625	800023cc	02ec0e63	beq	x24,x14,80002408	 x24:0xffffc000 x14:0x00000200
        6275000	       626	800023d0	6d3e8013	addi	x0,x29,1747	 x29:0x80009ff5
        6285000	       627	800023d4	02447a63	bgeu	x8,x4,80002408	  x8:0x00000000  x4:0x00000008
        6295000	       628	800023d8	005f8fb3	add	x31,x31,x5	 x31:0x00000421  x5:0x000005b0 x31=0x000009d1
        6305000	       629	800023dc	40995db3	sra	x27,x18,x9	 x18:0x80009f48  x9:0x003ffffe x27=0xfffffffe
        6315000	       630	800023e0	a7a4ac37	lui	x24,0xa7a4a	 x24=0xa7a4a000
        6325000	       631	800023e4	3c2af093	andi	x1,x21,962	 x21:0x7fff6604  x1=0x00000200
        6335000	       632	800023e8	007d1d93	slli	x27,x26,0x7	 x26:0x80009fc5 x27=0x004fe280
        6345000	       633	800023ec	01afc433	xor	x8,x31,x26	 x31:0x000009d1 x26:0x80009fc5  x8=0x80009614
        6355000	       634	800023f0	012404b3	add	x9,x8,x18	  x8:0x80009614 x18:0x80009f48  x9=0x0001355c
        6365000	       635	800023f4	016f8c63	beq	x31,x22,8000240c	 x31:0x000009d1 x22:0x00000000
        6375000	       636	800023f8	04ffe663	bltu	x31,x15,80002444	 x31:0x000009d1 x15:0xf3acf38a
        6385000	       637	00000000	00000013	addi	x0,x0,0	  x0:0x00000000
        6395000	       638	80002440	00000013	addi	x0,x0,0	  x0:0x00000000
        6405000	       639	80002444	010276b3	and	x13,x4,x16	  x4:0x00000008 x16:0x00000000 x13=0x00000000
        6415000	       640	80002448	008d70b3	and	x1,x26,x8	 x26:0x80009fc5  x8:0x80009614  x1=0x80009604
        6425000	       641	8000244c	010e69b3	or	x19,x28,x16	 x28:0x40000000 x16:0x00000000 x19=0x40000000
        6435000	       642	80002450	00000013	addi	x0,x0,0	  x0:0x00000000
        6445000	       643	80002454	a3dae893	ori	x17,x21,-1475	 x21:0x7fff6604 x17=0xfffffe3d
        6455000	       644	80002458	9a490e93	addi	x29,x18,-1628	 x18:0x80009f48 x29=0x800098ec
        6465000	       645	8000245c	01774133	xor	x2,x14,x23	 x14:0x00000200 x23:0xc5000000  x2=0xc5000200
        6475000	       646	80002460	8c4bbf13	sltiu	x30,x23,-1852	 x23:0xc5000000 x30=0x00000001
        6485000	       647	80002464	00f94833	xor	x16,x18,x15	 x18:0x80009f48 x15:0xf3acf38a x16=0x73ac6cc2
        6495000	       648	80002468	40ef02b3	sub	x5,x30,x14	 x30:0x00000001 x14:0x00000200  x5=0xfffffe01
        6505000	       649	8000246c	00ee2cb3	slt	x25,x28,x14	 x28:0x40000000 x14:0x00000200 x25=0x00000000
        6515000	       650	80002470	0483c263	blt	x7,x8,800024b4	  x7:0x5ee63000  x8:0x80009614
        6525000	       651	80002474	0038ea63	bltu	x17,x3,80002488	 x17:0xfffffe3d  x3:0xfffffff5
        6535000	       652	00000000	00000013	addi	x0,x0,0	  x0:0x00000000
        6545000	       653	80002484	00000013	addi	x0,x0,0	  x0:0x00000000
        6555000	       654	80002488	7ad59b37	lui	x22,0x7ad59	 x22=0x7ad59000
        6565000	       655	8000248c	01d54863	blt	x10,x29,8000249c	 x10:0x00000000 x29:0x800098ec
        6575000	       656	80002490	05719663	bne	x3,x23,800024dc	  x3:0xfffffff5 x23:0xc5000000
        6585000	       657	00000000	00000013	addi	x0,x0,0	  x0:0x00000000
        6595000	       658	800024d8	00000013	addi	x0,x0,0	  x0:0x00000000
        6605000	       659	800024dc	00cbf3b3	and	x7,x23,x12	 x23:0xc5000000 x12:0xfffffffe  x7=0xc5000000
        6615000	       660	800024e0	00e010b3	sll	x1,x0,x14	  x0:0x00000000 x14:0x00000200  x1=0x00000000
        6625000	       661	800024e4	01ce1b13	slli	x22,x28,0x1c	 x28:0x40000000 x22=0x00000000
        6635000	       662	800024e8	93ad2593	slti	x11,x26,-1734	 x26:0x80009fc5 x11=0x00000001
        6645000	       663	800024ec	0154c033	xor	x0,x9,x21	  x9:0x0001355c x21:0x7fff6604
        6655000	       664	800024f0	f4c6bd93	sltiu	x27,x13,-180	 x13:0x00000000 x27=0x00000001
        6665000	       665	800024f4	7175ba93	sltiu	x21,x11,1815	 x11:0x00000001 x21=0x00000001
        6675000	       666	800024f8	011092b3	sll	x5,x1,x17	  x1:0x00000000 x17:0xfffffe3d  x5=0x00000000
        6685000	       667	800024fc	d7479037	lui	x0,0xd7479	
        6695000	       668	80002500	004a0fb3	add	x31,x20,x4	 x20:0x80009fc4  x4:0x00000008 x31=0x80009fcc
        6705000	       669	80002504	057b1663	bne	x22,x23,80002550	 x22:0x00000000 x23:0xc5000000
        6715000	       670	00000000	00000013	addi	x0,x0,0	  x0:0x00000000
        6725000	       671	8000254c	00000013	addi	x0,x0,0	  x0:0x00000000
        6735000	       672	80002550	e2516c93	ori	x25,x2,-475	  x2:0xc5000200 x25=0xfffffe25
        6745000	       673	80002554	4104db13	srai	x22,x9,0x10	  x9:0x0001355c x22=0x00000001
        6755000	       674	80002558	8f302a93	slti	x21,x0,-1805	  x0:0x00000000 x21=0x00000000
        6765000	       675	8000255c	001fd093	srli	x1,x31,0x1	 x31:0x80009fcc  x1=0x40004fe6
        6775000	       676	80002560	40e6d233	sra	x4,x13,x14	 x13:0x00000000 x14:0x00000200  x4=0x00000000
        6785000	       677	80002564	03b30a63	beq	x6,x27,80002598	  x6:0x39f96000 x27:0x00000001
        6795000	       678	80002568	024c7e63	bgeu	x24,x4,800025a4	 x24:0xa7a4a000  x4:0x00000000
        6805000	       679	00000000	00000013	addi	x0,x0,0	  x0:0x00000000
        6815000	       680	800025a0	00000013	addi	x0,x0,0	  x0:0x00000000
        6825000	       681	800025a4	009ad413	srli	x8,x21,0x9	 x21:0x00000000  x8=0x00000000
        6835000	       682	800025a8	00c71263	bne	x14,x12,800025ac	 x14:0x00000200 x12:0xfffffffe
        6845000	       683	00000000	00000013	addi	x0,x0,0	  x0:0x00000000
        6855000	       684	800025a8	00000013	addi	x0,x0,0	  x0:0x00000000
        6865000	       685	800025ac	0040a4b3	slt	x9,x1,x4	  x1:0x40004fe6  x4:0x00000000  x9=0x00000000
        6875000	       686	800025b0	015b0863	beq	x22,x21,800025c0	 x22:0x00000001 x21:0x00000000
        6885000	       687	800025b4	40e6df33	sra	x30,x13,x14	 x13:0x00000000 x14:0x00000200 x30=0x00000000
        6895000	       688	800025b8	01498633	add	x12,x19,x20	 x19:0x40000000 x20:0x80009fc4 x12=0xc0009fc4
        6905000	       689	800025bc	08974c63	blt	x14,x9,80002654	 x14:0x00000200  x9:0x00000000
        6915000	       690	800025c0	360c0d93	addi	x27,x24,864	 x24:0xa7a4a000 x27=0xa7a4a360
        6925000	       691	800025c4	b77bcc93	xori	x25,x23,-1161	 x23:0xc5000000 x25=0x3afffb77
        6935000	       692	800025c8	003ccf33	xor	x30,x25,x3	 x25:0x3afffb77  x3:0xfffffff5 x30=0xc5000482
        6945000	       693	800025cc	00c122b3	slt	x5,x2,x12	  x2:0xc5000200 x12:0xc0009fc4  x5=0x00000000
        6955000	       694	800025d0	00abffb3	and	x31,x23,x10	 x23:0xc5000000 x10:0x00000000 x31=0x00000000
        6965000	       695	800025d4	004171b3	and	x3,x2,x4	  x2:0xc5000200  x4:0x00000000  x3=0x00000000
        6975000	       696	800025d8	00644733	xor	x14,x8,x6	  x8:0x00000000  x6:0x39f96000 x14=0x39f96000
        6985000	       697	800025dc	00000013	addi	x0,x0,0	  x0:0x00000000
        6995000	       698	800025e0	6125d837	lui	x16,0x6125d	 x16=0x6125d000
        7005000	       699	800025e4	08185263	bge	x16,x1,80002668	 x16:0x6125d000  x1:0x40004fe6
        7015000	       700	00000000	00000013	addi	x0,x0,0	  x0:0x00000000
        7025000	       701	80002664	00000013	addi	x0,x0,0	  x0:0x00000000
        7035000	       702	80002668	415584b3	sub	x9,x11,x21	 x11:0x00000001 x21:0x00000000  x9=0x00000001
        7045000	       703	8000266c	411c8e33	sub	x28,x25,x17	 x25:0x3afffb77 x17:0xfffffe3d x28=0x3afffd3a
        7055000	       704	80002670	012e3133	sltu	x2,x28,x18	 x28:0x3afffd3a x18:0x80009f48  x2=0x00000001
        7065000	       705	80002674	f172b993	sltiu	x19,x5,-233	  x5:0x00000000 x19=0x00000001
        7075000	       706	80002678	00000013	addi	x0,x0,0	  x0:0x00000000
        7085000	       707	8000267c	0085dd33	srl	x26,x11,x8	 x11:0x00000001  x8:0x00000000 x26=0x00000001
        7095000	       708	80002680	01371863	bne	x14,x19,80002690	 x14:0x39f96000 x19:0x00000001
        7105000	       709	00000000	00000013	addi	x0,x0,0	  x0:0x00000000
        7115000	       710	8000268c	00000013	addi	x0,x0,0	  x0:0x00000000
        7125000	       711	80002690	03b1f863	bgeu	x3,x27,800026c0	  x3:0x00000000 x27:0xa7a4a360
        7135000	       712	80002694	410102b3	sub	x5,x2,x16	  x2:0x00000001 x16:0x6125d000  x5=0x9eda3001
        7145000	       713	80002698	40c78733	sub	x14,x15,x12	 x15:0xf3acf38a x12:0xc0009fc4 x14=0x33ac53c6
        7155000	       714	8000269c	01c91fb3	sll	x31,x18,x28	 x18:0x80009f48 x28:0x3afffd3a x31=0x20000000
        7165000	       715	800026a0	a9c5e893	ori	x17,x11,-1380	 x11:0x00000001 x17=0xfffffa9d
        7175000	       716	800026a4	9e0d7d13	andi	x26,x26,-1568	 x26:0x00000001 x26=0x00000000
        7185000	       717	800026a8	eea8ec93	ori	x25,x17,-278	 x17:0xfffffa9d x25=0xfffffeff
        7195000	       718	800026ac	00a6dd33	srl	x26,x13,x10	 x13:0x00000000 x10:0x00000000 x26=0x00000000
        7205000	       719	800026b0	40dcd213	srai	x4,x25,0xd	 x25:0xfffffeff  x4=0xffffffff
        7215000	       720	800026b4	56ff3613	sltiu	x12,x30,1391	 x30:0xc5000482 x12=0x00000000
        7225000	       721	800026b8	da377a93	andi	x21,x14,-605	 x14:0x33ac53c6 x21=0x33ac5182
        7235000	       722	800026bc	012a5633	srl	x12,x20,x18	 x20:0x80009fc4 x18:0x80009f48 x12=0x0080009f
        7245000	       723	800026c0	05a64263	blt	x12,x26,80002704	 x12:0x0080009f x26:0x00000000
        7255000	       724	800026c4	04bd9d17	auipc	x26,0x4bd9	 x26=0x84bdb6c0
        7265000	       725	800026c8	d6a2b493	sltiu	x9,x5,-662	  x5:0x9eda3001  x9=0x00000001
        7275000	       726	800026cc	01216d33	or	x26,x2,x18	  x2:0x00000001 x18:0x80009f48 x26=0x80009f49
        7285000	       727	800026d0	ba2da0b7	lui	x1,0xba2da	  x1=0xba2da000
        7295000	       728	800026d4	01801e93	slli	x29,x0,0x18	  x0:0x00000000 x29=0x00000000
        7305000	       729	800026d8	015f6263	bltu	x30,x21,800026dc	 x30:0xc5000482 x21:0x33ac5182
        7315000	       730	800026dc	4156d893	srai	x17,x13,0x15	 x13:0x00000000 x17=0x00000000
        7325000	       731	800026e0	017fb8b3	sltu	x17,x31,x23	 x31:0x20000000 x23:0xc5000000 x17=0x00000001
        7335000	       732	800026e4	01515e13	srli	x28,x2,0x15	  x2:0x00000001 x28=0x00000000
        7345000	       733	800026e8	22e48893	addi	x17,x9,558	  x9:0x00000001 x17=0x0000022f
        7355000	       734	800026ec	0159d3b3	srl	x7,x19,x21	 x19:0x00000001 x21:0x33ac5182  x7=0x00000000
        7365000	       735	800026f0	f3990b13	addi	x22,x18,-199	 x18:0x80009f48 x22=0x80009e81
        7375000	       736	800026f4	fbe1a893	slti	x17,x3,-66	  x3:0x00000000 x17=0x00000000
        7385000	       737	800026f8	9d746f13	ori	x30,x8,-1577	  x8:0x00000000 x30=0xfffff9d7
        7395000	       738	800026fc	02147a63	bgeu	x8,x1,80002730	  x8:0x00000000  x1:0xba2da000
        7405000	       739	80002700	04591663	bne	x18,x5,8000274c	 x18:0x80009f48  x5:0x9eda3001
        7415000	       740	00000000	00000013	addi	x0,x0,0	  x0:0x00000000
        7425000	       741	80002748	00000013	addi	x0,x0,0	  x0:0x00000000
        7435000	       742	8000274c	01855993	srli	x19,x10,0x18	 x10:0x00000000 x19=0x00000000
        7445000	       743	80002750	00c81733	sll	x14,x16,x12	 x16:0x6125d000 x12:0x0080009f x14=0x00000000
        7455000	       744	80002754	05cba397	auipc	x7,0x5cba	  x7=0x85cbc750
        7465000	       745	80002758	016f9c63	bne	x31,x22,80002770	 x31:0x20000000 x22:0x80009e81
        7475000	       746	00000000	00000013	addi	x0,x0,0	  x0:0x00000000
        7485000	       747	8000276c	00000013	addi	x0,x0,0	  x0:0x00000000
        7495000	       748	80002770	01357733	and	x14,x10,x19	 x10:0x00000000 x19:0x00000000 x14=0x00000000
        7505000	       749	80002774	0cce2293	slti	x5,x28,204	 x28:0x00000000  x5=0x00000001
        7515000	       750	80002778	9c63bb93	sltiu	x23,x7,-1594	  x7:0x85cbc750 x23=0x00000001
        7525000	       751	8000277c	6e02f113	andi	x2,x5,1760	  x5:0x00000001  x2=0x00000000
        7535000	       752	80002780	0072aab3	slt	x21,x5,x7	  x5:0x00000001  x7:0x85cbc750 x21=0x00000000
        7545000	       753	80002784	71ca4f93	xori	x31,x20,1820	 x20:0x80009fc4 x31=0x800098d8
        7555000	       754	80002788	a7df4617	auipc	x12,0xa7df4	 x12=0x27df6784
        7565000	       755	8000278c	001234b3	sltu	x9,x4,x1	  x4:0xffffffff  x1:0xba2da000  x9=0x00000000
        7575000	       756	80002790	32430613	addi	x12,x6,804	  x6:0x39f96000 x12=0x39f96324
        7585000	       757	80002794	a66d6493	ori	x9,x26,-1434	 x26:0x80009f49  x9=0xffffff6f
        7595000	       758	80002798	412cd4b3	sra	x9,x25,x18	 x25:0xfffffeff x18:0x80009f48  x9=0xfffffffe
        7605000	       759	8000279c	72088c17	auipc	x24,0x72088	 x24=0xf208a798
        7615000	       760	800027a0	00000013	addi	x0,x0,0	  x0:0x00000000
        7625000	       761	800027a4	dfab8d13	addi	x26,x23,-518	 x23:0x00000001 x26=0xfffffdfb
        7635000	       762	800027a8	01379a63	bne	x15,x19,800027bc	 x15:0xf3acf38a x19:0x00000000
        7645000	       763	00000000	00000013	addi	x0,x0,0	  x0:0x00000000
        7655000	       764	800027b8	00000013	addi	x0,x0,0	  x0:0x00000000
        7665000	       765	800027bc	00000013	addi	x0,x0,0	  x0:0x00000000
        7675000	       766	800027c0	419956b3	sra	x13,x18,x25	 x18:0x80009f48 x25:0xfffffeff x13=0xffffffff
        7685000	       767	800027c4	015fda63	bge	x31,x21,800027d8	 x31:0x800098d8 x21:0x00000000
        7695000	       768	800027c8	ced14013	xori	x0,x2,-787	  x2:0x00000000
        7705000	       769	800027cc	00957ab3	and	x21,x10,x9	 x10:0x00000000  x9:0xfffffffe x21=0x00000000
        7715000	       770	800027d0	016b9ab3	sll	x21,x23,x22	 x23:0x00000001 x22:0x80009e81 x21=0x00000002
        7725000	       771	800027d4	00cdb033	sltu	x0,x27,x12	 x27:0xa7a4a360 x12:0x39f96324
        7735000	       772	800027d8	01287e33	and	x28,x16,x18	 x16:0x6125d000 x18:0x80009f48 x28=0x00009000
        7745000	       773	800027dc	012df033	and	x0,x27,x18	 x27:0xa7a4a360 x18:0x80009f48
        7755000	       774	800027e0	01da5533	srl	x10,x20,x29	 x20:0x80009fc4 x29:0x00000000 x10=0x80009fc4
        7765000	       775	800027e4	00b992b3	sll	x5,x19,x11	 x19:0x00000000 x11:0x00000001  x5=0x00000000
        7775000	       776	800027e8	00492083	lw	x1,4(x18)	 x18:0x80009f48  x1=0x80000144 PA:0x80009f4c
        7785000	       777	800027ec	03c90913	addi	x18,x18,60	 x18:0x80009f48 x18=0x80009f84
        7795000	       778	800027f0	4ddf7a93	andi	x21,x30,1245	 x30:0xfffff9d7 x21=0x000000d5
        7805000	       779	800027f4	65233e13	sltiu	x28,x6,1618	  x6:0x39f96000 x28=0x00000000
        7815000	       780	800027f8	00008113	addi	x2,x1,0	  x1:0x80000144  x2=0x80000144
        7825000	       781	800027fc	00010167	jalr	x2,x2,0	  x2:0x80000144  x2=0x800027fc
        7835000	       782	00000000	00000013	addi	x0,x0,0	  x0:0x00000000
        7845000	       783	80000144	00000013	addi	x0,x0,0	  x0:0x00000000
        7855000	       784	80000148	00900113	addi	x2,x0,9	  x0:0x00000000  x2=0x00000009
        7865000	       785	8000014c	00800f93	addi	x31,x0,8	  x0:0x00000000 x31=0x00000008
        7875000	       786	80000150	af3f7293	andi	x5,x30,-1293	 x30:0xfffff9d7  x5=0xfffff8d3
        7885000	       787	80000154	ff910113	addi	x2,x2,-7	  x2:0x00000009  x2=0x00000002
        7895000	       788	80000158	00800693	addi	x13,x0,8	  x0:0x00000000 x13=0x00000008
        7905000	       789	8000015c	00600613	addi	x12,x0,6	  x0:0x00000000 x12=0x00000006
        7915000	       790	80000160	00b3bdb3	sltu	x27,x7,x11	  x7:0x85cbc750 x11:0x00000001 x27=0x00000000
        7925000	       791	80000164	ffb68693	addi	x13,x13,-5	 x13:0x00000008 x13=0x00000003
        7935000	       792	80000168	fec6fce3	bgeu	x13,x12,80000160	 x13:0x00000003 x12:0x00000006
        7945000	       793	8000016c	fff172e3	bgeu	x2,x31,80000150	  x2:0x00000002 x31:0x00000008
        7955000	       794	80000170	e099e893	ori	x17,x19,-503	 x19:0x00000000 x17=0xfffffe09
        7965000	       795	80000174	00400393	addi	x7,x0,4	  x0:0x00000000  x7=0x00000004
        7975000	       796	80000178	7eb22e93	slti	x29,x4,2027	  x4:0xffffffff x29=0x00000001
        7985000	       797	8000017c	01489113	slli	x2,x17,0x14	 x17:0xfffffe09  x2=0xe0900000
        7995000	       798	80000180	008c5413	srli	x8,x24,0x8	 x24:0xf208a798  x8=0x00f208a7
        8005000	       799	80000184	014c7133	and	x2,x24,x20	 x24:0xf208a798 x20:0x80009fc4  x2=0x80008780
        8015000	       800	80000188	00a00c13	addi	x24,x0,10	  x0:0x00000000 x24=0x0000000a
        8025000	       801	8000018c	018d7333	and	x6,x26,x24	 x26:0xfffffdfb x24:0x0000000a  x6=0x0000000a
        8035000	       802	80000190	40015493	srai	x9,x2,0x0	  x2:0x80008780  x9=0x80008780
        8045000	       803	80000194	013d4233	xor	x4,x26,x19	 x26:0xfffffdfb x19:0x00000000  x4=0xfffffdfb
        8055000	       804	80000198	00000013	addi	x0,x0,0	  x0:0x00000000
        8065000	       805	8000019c	016d1693	slli	x13,x26,0x16	 x26:0xfffffdfb x13=0x7ec00000
        8075000	       806	800001a0	0116f833	and	x16,x13,x17	 x13:0x7ec00000 x17:0xfffffe09 x16=0x7ec00000
        8085000	       807	800001a4	c5fd4613	xori	x12,x26,-929	 x26:0xfffffdfb x12=0x000001a4
        8095000	       808	800001a8	00138393	addi	x7,x7,1	  x7:0x00000004  x7=0x00000005
        8105000	       809	800001ac	ff600e13	addi	x28,x0,-10	  x0:0x00000000 x28=0xfffffff6
        8115000	       810	800001b0	01028733	add	x14,x5,x16	  x5:0xfffff8d3 x16:0x7ec00000 x14=0x7ebff8d3
        8125000	       811	800001b4	41acdab3	sra	x21,x25,x26	 x25:0xfffffeff x26:0xfffffdfb x21=0xffffffff
        8135000	       812	800001b8	4033d433	sra	x8,x7,x3	  x7:0x00000005  x3:0x00000000  x8=0x00000005
        8145000	       813	800001bc	fef00c93	addi	x25,x0,-17	  x0:0x00000000 x25=0xffffffef
        8155000	       814	800001c0	00f7f4b3	and	x9,x15,x15	 x15:0xf3acf38a x15:0xf3acf38a  x9=0xf3acf38a
        8165000	       815	800001c4	01ff5eb3	srl	x29,x30,x31	 x30:0xfffff9d7 x31:0x00000008 x29=0x00fffff9
        8175000	       816	800001c8	41d9dfb3	sra	x31,x19,x29	 x19:0x00000000 x29:0x00fffff9 x31=0x00000000
        8185000	       817	800001cc	40bf0133	sub	x2,x30,x11	 x30:0xfffff9d7 x11:0x00000001  x2=0xfffff9d6
        8195000	       818	800001d0	40900b13	addi	x22,x0,1033	  x0:0x00000000 x22=0x00000409
        8205000	       819	800001d4	227dc493	xori	x9,x27,551	 x27:0x00000000  x9=0x00000227
        8215000	       820	800001d8	01fe3533	sltu	x10,x28,x31	 x28:0xfffffff6 x31:0x00000000 x10=0x00000000
        8225000	       821	800001dc	406c5533	sra	x10,x24,x6	 x24:0x0000000a  x6:0x0000000a x10=0x00000000
        8235000	       822	800001e0	d9f6c293	xori	x5,x13,-609	 x13:0x7ec00000  x5=0x813ffd9f
        8245000	       823	800001e4	ff9e0e13	addi	x28,x28,-7	 x28:0xfffffff6 x28=0xffffffef
        8255000	       824	800001e8	e5b1c893	xori	x17,x3,-421	  x3:0x00000000 x17=0xfffffe5b
        8265000	       825	800001ec	fd9e5ae3	bge	x28,x25,800001c0	 x28:0xffffffef x25:0xffffffef
        8275000	       826	00000000	00000013	addi	x0,x0,0	  x0:0x00000000
        8285000	       827	800001bc	00000013	addi	x0,x0,0	  x0:0x00000000
        8295000	       828	800001c0	00f7f4b3	and	x9,x15,x15	 x15:0xf3acf38a x15:0xf3acf38a  x9=0xf3acf38a
        8305000	       829	800001c4	01ff5eb3	srl	x29,x30,x31	 x30:0xfffff9d7 x31:0x00000000 x29=0xfffff9d7
        8315000	       830	800001c8	41d9dfb3	sra	x31,x19,x29	 x19:0x00000000 x29:0xfffff9d7 x31=0x00000000
        8325000	       831	800001cc	40bf0133	sub	x2,x30,x11	 x30:0xfffff9d7 x11:0x00000001  x2=0xfffff9d6
        8335000	       832	800001d0	40900b13	addi	x22,x0,1033	  x0:0x00000000 x22=0x00000409
        8345000	       833	800001d4	227dc493	xori	x9,x27,551	 x27:0x00000000  x9=0x00000227
        8355000	       834	800001d8	01fe3533	sltu	x10,x28,x31	 x28:0xffffffef x31:0x00000000 x10=0x00000000
        8365000	       835	800001dc	406c5533	sra	x10,x24,x6	 x24:0x0000000a  x6:0x0000000a x10=0x00000000
        8375000	       836	800001e0	d9f6c293	xori	x5,x13,-609	 x13:0x7ec00000  x5=0x813ffd9f
        8385000	       837	800001e4	ff9e0e13	addi	x28,x28,-7	 x28:0xffffffef x28=0xffffffe8
        8395000	       838	800001e8	e5b1c893	xori	x17,x3,-421	  x3:0x00000000 x17=0xfffffe5b
        8405000	       839	800001ec	fd9e5ae3	bge	x28,x25,800001c0	 x28:0xffffffe8 x25:0xffffffef
        8415000	       840	800001f0	f983cee3	blt	x7,x24,8000018c	  x7:0x00000005 x24:0x0000000a
        8425000	       841	00000000	00000013	addi	x0,x0,0	  x0:0x00000000
        8435000	       842	80000188	00000013	addi	x0,x0,0	  x0:0x00000000
        8445000	       843	8000018c	018d7333	and	x6,x26,x24	 x26:0xfffffdfb x24:0x0000000a  x6=0x0000000a
        8455000	       844	80000190	40015493	srai	x9,x2,0x0	  x2:0xfffff9d6  x9=0xfffff9d6
        8465000	       845	80000194	013d4233	xor	x4,x26,x19	 x26:0xfffffdfb x19:0x00000000  x4=0xfffffdfb
        8475000	       846	80000198	00000013	addi	x0,x0,0	  x0:0x00000000
        8485000	       847	8000019c	016d1693	slli	x13,x26,0x16	 x26:0xfffffdfb x13=0x7ec00000
        8495000	       848	800001a0	0116f833	and	x16,x13,x17	 x13:0x7ec00000 x17:0xfffffe5b x16=0x7ec00000
        8505000	       849	800001a4	c5fd4613	xori	x12,x26,-929	 x26:0xfffffdfb x12=0x000001a4
        8515000	       850	800001a8	00138393	addi	x7,x7,1	  x7:0x00000005  x7=0x00000006
        8525000	       851	800001ac	ff600e13	addi	x28,x0,-10	  x0:0x00000000 x28=0xfffffff6
        8535000	       852	800001b0	01028733	add	x14,x5,x16	  x5:0x813ffd9f x16:0x7ec00000 x14=0xfffffd9f
        8545000	       853	800001b4	41acdab3	sra	x21,x25,x26	 x25:0xffffffef x26:0xfffffdfb x21=0xffffffff
        8555000	       854	800001b8	4033d433	sra	x8,x7,x3	  x7:0x00000006  x3:0x00000000  x8=0x00000006
        8565000	       855	800001bc	fef00c93	addi	x25,x0,-17	  x0:0x00000000 x25=0xffffffef
        8575000	       856	800001c0	00f7f4b3	and	x9,x15,x15	 x15:0xf3acf38a x15:0xf3acf38a  x9=0xf3acf38a
        8585000	       857	800001c4	01ff5eb3	srl	x29,x30,x31	 x30:0xfffff9d7 x31:0x00000000 x29=0xfffff9d7
        8595000	       858	800001c8	41d9dfb3	sra	x31,x19,x29	 x19:0x00000000 x29:0xfffff9d7 x31=0x00000000
        8605000	       859	800001cc	40bf0133	sub	x2,x30,x11	 x30:0xfffff9d7 x11:0x00000001  x2=0xfffff9d6
        8615000	       860	800001d0	40900b13	addi	x22,x0,1033	  x0:0x00000000 x22=0x00000409
        8625000	       861	800001d4	227dc493	xori	x9,x27,551	 x27:0x00000000  x9=0x00000227
        8635000	       862	800001d8	01fe3533	sltu	x10,x28,x31	 x28:0xfffffff6 x31:0x00000000 x10=0x00000000
        8645000	       863	800001dc	406c5533	sra	x10,x24,x6	 x24:0x0000000a  x6:0x0000000a x10=0x00000000
        8655000	       864	800001e0	d9f6c293	xori	x5,x13,-609	 x13:0x7ec00000  x5=0x813ffd9f
        8665000	       865	800001e4	ff9e0e13	addi	x28,x28,-7	 x28:0xfffffff6 x28=0xffffffef
        8675000	       866	800001e8	e5b1c893	xori	x17,x3,-421	  x3:0x00000000 x17=0xfffffe5b
        8685000	       867	800001ec	fd9e5ae3	bge	x28,x25,800001c0	 x28:0xffffffef x25:0xffffffef
        8695000	       868	00000000	00000013	addi	x0,x0,0	  x0:0x00000000
        8705000	       869	800001bc	00000013	addi	x0,x0,0	  x0:0x00000000
        8715000	       870	800001c0	00f7f4b3	and	x9,x15,x15	 x15:0xf3acf38a x15:0xf3acf38a  x9=0xf3acf38a
        8725000	       871	800001c4	01ff5eb3	srl	x29,x30,x31	 x30:0xfffff9d7 x31:0x00000000 x29=0xfffff9d7
        8735000	       872	800001c8	41d9dfb3	sra	x31,x19,x29	 x19:0x00000000 x29:0xfffff9d7 x31=0x00000000
        8745000	       873	800001cc	40bf0133	sub	x2,x30,x11	 x30:0xfffff9d7 x11:0x00000001  x2=0xfffff9d6
        8755000	       874	800001d0	40900b13	addi	x22,x0,1033	  x0:0x00000000 x22=0x00000409
        8765000	       875	800001d4	227dc493	xori	x9,x27,551	 x27:0x00000000  x9=0x00000227
        8775000	       876	800001d8	01fe3533	sltu	x10,x28,x31	 x28:0xffffffef x31:0x00000000 x10=0x00000000
        8785000	       877	800001dc	406c5533	sra	x10,x24,x6	 x24:0x0000000a  x6:0x0000000a x10=0x00000000
        8795000	       878	800001e0	d9f6c293	xori	x5,x13,-609	 x13:0x7ec00000  x5=0x813ffd9f
        8805000	       879	800001e4	ff9e0e13	addi	x28,x28,-7	 x28:0xffffffef x28=0xffffffe8
        8815000	       880	800001e8	e5b1c893	xori	x17,x3,-421	  x3:0x00000000 x17=0xfffffe5b
        8825000	       881	800001ec	fd9e5ae3	bge	x28,x25,800001c0	 x28:0xffffffe8 x25:0xffffffef
        8835000	       882	800001f0	f983cee3	blt	x7,x24,8000018c	  x7:0x00000006 x24:0x0000000a
        8845000	       883	00000000	00000013	addi	x0,x0,0	  x0:0x00000000
        8855000	       884	80000188	00000013	addi	x0,x0,0	  x0:0x00000000
        8865000	       885	8000018c	018d7333	and	x6,x26,x24	 x26:0xfffffdfb x24:0x0000000a  x6=0x0000000a
        8875000	       886	80000190	40015493	srai	x9,x2,0x0	  x2:0xfffff9d6  x9=0xfffff9d6
        8885000	       887	80000194	013d4233	xor	x4,x26,x19	 x26:0xfffffdfb x19:0x00000000  x4=0xfffffdfb
        8895000	       888	80000198	00000013	addi	x0,x0,0	  x0:0x00000000
        8905000	       889	8000019c	016d1693	slli	x13,x26,0x16	 x26:0xfffffdfb x13=0x7ec00000
        8915000	       890	800001a0	0116f833	and	x16,x13,x17	 x13:0x7ec00000 x17:0xfffffe5b x16=0x7ec00000
        8925000	       891	800001a4	c5fd4613	xori	x12,x26,-929	 x26:0xfffffdfb x12=0x000001a4
        8935000	       892	800001a8	00138393	addi	x7,x7,1	  x7:0x00000006  x7=0x00000007
        8945000	       893	800001ac	ff600e13	addi	x28,x0,-10	  x0:0x00000000 x28=0xfffffff6
        8955000	       894	800001b0	01028733	add	x14,x5,x16	  x5:0x813ffd9f x16:0x7ec00000 x14=0xfffffd9f
        8965000	       895	800001b4	41acdab3	sra	x21,x25,x26	 x25:0xffffffef x26:0xfffffdfb x21=0xffffffff
        8975000	       896	800001b8	4033d433	sra	x8,x7,x3	  x7:0x00000007  x3:0x00000000  x8=0x00000007
        8985000	       897	800001bc	fef00c93	addi	x25,x0,-17	  x0:0x00000000 x25=0xffffffef
        8995000	       898	800001c0	00f7f4b3	and	x9,x15,x15	 x15:0xf3acf38a x15:0xf3acf38a  x9=0xf3acf38a
        9005000	       899	800001c4	01ff5eb3	srl	x29,x30,x31	 x30:0xfffff9d7 x31:0x00000000 x29=0xfffff9d7
        9015000	       900	800001c8	41d9dfb3	sra	x31,x19,x29	 x19:0x00000000 x29:0xfffff9d7 x31=0x00000000
        9025000	       901	800001cc	40bf0133	sub	x2,x30,x11	 x30:0xfffff9d7 x11:0x00000001  x2=0xfffff9d6
        9035000	       902	800001d0	40900b13	addi	x22,x0,1033	  x0:0x00000000 x22=0x00000409
        9045000	       903	800001d4	227dc493	xori	x9,x27,551	 x27:0x00000000  x9=0x00000227
        9055000	       904	800001d8	01fe3533	sltu	x10,x28,x31	 x28:0xfffffff6 x31:0x00000000 x10=0x00000000
        9065000	       905	800001dc	406c5533	sra	x10,x24,x6	 x24:0x0000000a  x6:0x0000000a x10=0x00000000
        9075000	       906	800001e0	d9f6c293	xori	x5,x13,-609	 x13:0x7ec00000  x5=0x813ffd9f
        9085000	       907	800001e4	ff9e0e13	addi	x28,x28,-7	 x28:0xfffffff6 x28=0xffffffef
        9095000	       908	800001e8	e5b1c893	xori	x17,x3,-421	  x3:0x00000000 x17=0xfffffe5b
        9105000	       909	800001ec	fd9e5ae3	bge	x28,x25,800001c0	 x28:0xffffffef x25:0xffffffef
        9115000	       910	00000000	00000013	addi	x0,x0,0	  x0:0x00000000
        9125000	       911	800001bc	00000013	addi	x0,x0,0	  x0:0x00000000
        9135000	       912	800001c0	00f7f4b3	and	x9,x15,x15	 x15:0xf3acf38a x15:0xf3acf38a  x9=0xf3acf38a
        9145000	       913	800001c4	01ff5eb3	srl	x29,x30,x31	 x30:0xfffff9d7 x31:0x00000000 x29=0xfffff9d7
        9155000	       914	800001c8	41d9dfb3	sra	x31,x19,x29	 x19:0x00000000 x29:0xfffff9d7 x31=0x00000000
        9165000	       915	800001cc	40bf0133	sub	x2,x30,x11	 x30:0xfffff9d7 x11:0x00000001  x2=0xfffff9d6
        9175000	       916	800001d0	40900b13	addi	x22,x0,1033	  x0:0x00000000 x22=0x00000409
        9185000	       917	800001d4	227dc493	xori	x9,x27,551	 x27:0x00000000  x9=0x00000227
        9195000	       918	800001d8	01fe3533	sltu	x10,x28,x31	 x28:0xffffffef x31:0x00000000 x10=0x00000000
        9205000	       919	800001dc	406c5533	sra	x10,x24,x6	 x24:0x0000000a  x6:0x0000000a x10=0x00000000
        9215000	       920	800001e0	d9f6c293	xori	x5,x13,-609	 x13:0x7ec00000  x5=0x813ffd9f
        9225000	       921	800001e4	ff9e0e13	addi	x28,x28,-7	 x28:0xffffffef x28=0xffffffe8
        9235000	       922	800001e8	e5b1c893	xori	x17,x3,-421	  x3:0x00000000 x17=0xfffffe5b
        9245000	       923	800001ec	fd9e5ae3	bge	x28,x25,800001c0	 x28:0xffffffe8 x25:0xffffffef
        9255000	       924	800001f0	f983cee3	blt	x7,x24,8000018c	  x7:0x00000007 x24:0x0000000a
        9265000	       925	00000000	00000013	addi	x0,x0,0	  x0:0x00000000
        9275000	       926	80000188	00000013	addi	x0,x0,0	  x0:0x00000000
        9285000	       927	8000018c	018d7333	and	x6,x26,x24	 x26:0xfffffdfb x24:0x0000000a  x6=0x0000000a
        9295000	       928	80000190	40015493	srai	x9,x2,0x0	  x2:0xfffff9d6  x9=0xfffff9d6
        9305000	       929	80000194	013d4233	xor	x4,x26,x19	 x26:0xfffffdfb x19:0x00000000  x4=0xfffffdfb
        9315000	       930	80000198	00000013	addi	x0,x0,0	  x0:0x00000000
        9325000	       931	8000019c	016d1693	slli	x13,x26,0x16	 x26:0xfffffdfb x13=0x7ec00000
        9335000	       932	800001a0	0116f833	and	x16,x13,x17	 x13:0x7ec00000 x17:0xfffffe5b x16=0x7ec00000
        9345000	       933	800001a4	c5fd4613	xori	x12,x26,-929	 x26:0xfffffdfb x12=0x000001a4
        9355000	       934	800001a8	00138393	addi	x7,x7,1	  x7:0x00000007  x7=0x00000008
        9365000	       935	800001ac	ff600e13	addi	x28,x0,-10	  x0:0x00000000 x28=0xfffffff6
        9375000	       936	800001b0	01028733	add	x14,x5,x16	  x5:0x813ffd9f x16:0x7ec00000 x14=0xfffffd9f
        9385000	       937	800001b4	41acdab3	sra	x21,x25,x26	 x25:0xffffffef x26:0xfffffdfb x21=0xffffffff
        9395000	       938	800001b8	4033d433	sra	x8,x7,x3	  x7:0x00000008  x3:0x00000000  x8=0x00000008
        9405000	       939	800001bc	fef00c93	addi	x25,x0,-17	  x0:0x00000000 x25=0xffffffef
        9415000	       940	800001c0	00f7f4b3	and	x9,x15,x15	 x15:0xf3acf38a x15:0xf3acf38a  x9=0xf3acf38a
        9425000	       941	800001c4	01ff5eb3	srl	x29,x30,x31	 x30:0xfffff9d7 x31:0x00000000 x29=0xfffff9d7
        9435000	       942	800001c8	41d9dfb3	sra	x31,x19,x29	 x19:0x00000000 x29:0xfffff9d7 x31=0x00000000
        9445000	       943	800001cc	40bf0133	sub	x2,x30,x11	 x30:0xfffff9d7 x11:0x00000001  x2=0xfffff9d6
        9455000	       944	800001d0	40900b13	addi	x22,x0,1033	  x0:0x00000000 x22=0x00000409
        9465000	       945	800001d4	227dc493	xori	x9,x27,551	 x27:0x00000000  x9=0x00000227
        9475000	       946	800001d8	01fe3533	sltu	x10,x28,x31	 x28:0xfffffff6 x31:0x00000000 x10=0x00000000
        9485000	       947	800001dc	406c5533	sra	x10,x24,x6	 x24:0x0000000a  x6:0x0000000a x10=0x00000000
        9495000	       948	800001e0	d9f6c293	xori	x5,x13,-609	 x13:0x7ec00000  x5=0x813ffd9f
        9505000	       949	800001e4	ff9e0e13	addi	x28,x28,-7	 x28:0xfffffff6 x28=0xffffffef
        9515000	       950	800001e8	e5b1c893	xori	x17,x3,-421	  x3:0x00000000 x17=0xfffffe5b
        9525000	       951	800001ec	fd9e5ae3	bge	x28,x25,800001c0	 x28:0xffffffef x25:0xffffffef
        9535000	       952	00000000	00000013	addi	x0,x0,0	  x0:0x00000000
        9545000	       953	800001bc	00000013	addi	x0,x0,0	  x0:0x00000000
        9555000	       954	800001c0	00f7f4b3	and	x9,x15,x15	 x15:0xf3acf38a x15:0xf3acf38a  x9=0xf3acf38a
        9565000	       955	800001c4	01ff5eb3	srl	x29,x30,x31	 x30:0xfffff9d7 x31:0x00000000 x29=0xfffff9d7
        9575000	       956	800001c8	41d9dfb3	sra	x31,x19,x29	 x19:0x00000000 x29:0xfffff9d7 x31=0x00000000
        9585000	       957	800001cc	40bf0133	sub	x2,x30,x11	 x30:0xfffff9d7 x11:0x00000001  x2=0xfffff9d6
        9595000	       958	800001d0	40900b13	addi	x22,x0,1033	  x0:0x00000000 x22=0x00000409
        9605000	       959	800001d4	227dc493	xori	x9,x27,551	 x27:0x00000000  x9=0x00000227
        9615000	       960	800001d8	01fe3533	sltu	x10,x28,x31	 x28:0xffffffef x31:0x00000000 x10=0x00000000
        9625000	       961	800001dc	406c5533	sra	x10,x24,x6	 x24:0x0000000a  x6:0x0000000a x10=0x00000000
        9635000	       962	800001e0	d9f6c293	xori	x5,x13,-609	 x13:0x7ec00000  x5=0x813ffd9f
        9645000	       963	800001e4	ff9e0e13	addi	x28,x28,-7	 x28:0xffffffef x28=0xffffffe8
        9655000	       964	800001e8	e5b1c893	xori	x17,x3,-421	  x3:0x00000000 x17=0xfffffe5b
        9665000	       965	800001ec	fd9e5ae3	bge	x28,x25,800001c0	 x28:0xffffffe8 x25:0xffffffef
        9675000	       966	800001f0	f983cee3	blt	x7,x24,8000018c	  x7:0x00000008 x24:0x0000000a
        9685000	       967	00000000	00000013	addi	x0,x0,0	  x0:0x00000000
        9695000	       968	80000188	00000013	addi	x0,x0,0	  x0:0x00000000
        9705000	       969	8000018c	018d7333	and	x6,x26,x24	 x26:0xfffffdfb x24:0x0000000a  x6=0x0000000a
        9715000	       970	80000190	40015493	srai	x9,x2,0x0	  x2:0xfffff9d6  x9=0xfffff9d6
        9725000	       971	80000194	013d4233	xor	x4,x26,x19	 x26:0xfffffdfb x19:0x00000000  x4=0xfffffdfb
        9735000	       972	80000198	00000013	addi	x0,x0,0	  x0:0x00000000
        9745000	       973	8000019c	016d1693	slli	x13,x26,0x16	 x26:0xfffffdfb x13=0x7ec00000
        9755000	       974	800001a0	0116f833	and	x16,x13,x17	 x13:0x7ec00000 x17:0xfffffe5b x16=0x7ec00000
        9765000	       975	800001a4	c5fd4613	xori	x12,x26,-929	 x26:0xfffffdfb x12=0x000001a4
        9775000	       976	800001a8	00138393	addi	x7,x7,1	  x7:0x00000008  x7=0x00000009
        9785000	       977	800001ac	ff600e13	addi	x28,x0,-10	  x0:0x00000000 x28=0xfffffff6
        9795000	       978	800001b0	01028733	add	x14,x5,x16	  x5:0x813ffd9f x16:0x7ec00000 x14=0xfffffd9f
        9805000	       979	800001b4	41acdab3	sra	x21,x25,x26	 x25:0xffffffef x26:0xfffffdfb x21=0xffffffff
        9815000	       980	800001b8	4033d433	sra	x8,x7,x3	  x7:0x00000009  x3:0x00000000  x8=0x00000009
        9825000	       981	800001bc	fef00c93	addi	x25,x0,-17	  x0:0x00000000 x25=0xffffffef
        9835000	       982	800001c0	00f7f4b3	and	x9,x15,x15	 x15:0xf3acf38a x15:0xf3acf38a  x9=0xf3acf38a
        9845000	       983	800001c4	01ff5eb3	srl	x29,x30,x31	 x30:0xfffff9d7 x31:0x00000000 x29=0xfffff9d7
        9855000	       984	800001c8	41d9dfb3	sra	x31,x19,x29	 x19:0x00000000 x29:0xfffff9d7 x31=0x00000000
        9865000	       985	800001cc	40bf0133	sub	x2,x30,x11	 x30:0xfffff9d7 x11:0x00000001  x2=0xfffff9d6
        9875000	       986	800001d0	40900b13	addi	x22,x0,1033	  x0:0x00000000 x22=0x00000409
        9885000	       987	800001d4	227dc493	xori	x9,x27,551	 x27:0x00000000  x9=0x00000227
        9895000	       988	800001d8	01fe3533	sltu	x10,x28,x31	 x28:0xfffffff6 x31:0x00000000 x10=0x00000000
        9905000	       989	800001dc	406c5533	sra	x10,x24,x6	 x24:0x0000000a  x6:0x0000000a x10=0x00000000
        9915000	       990	800001e0	d9f6c293	xori	x5,x13,-609	 x13:0x7ec00000  x5=0x813ffd9f
        9925000	       991	800001e4	ff9e0e13	addi	x28,x28,-7	 x28:0xfffffff6 x28=0xffffffef
        9935000	       992	800001e8	e5b1c893	xori	x17,x3,-421	  x3:0x00000000 x17=0xfffffe5b
        9945000	       993	800001ec	fd9e5ae3	bge	x28,x25,800001c0	 x28:0xffffffef x25:0xffffffef
        9955000	       994	00000000	00000013	addi	x0,x0,0	  x0:0x00000000
        9965000	       995	800001bc	00000013	addi	x0,x0,0	  x0:0x00000000
        9975000	       996	800001c0	00f7f4b3	and	x9,x15,x15	 x15:0xf3acf38a x15:0xf3acf38a  x9=0xf3acf38a
        9985000	       997	800001c4	01ff5eb3	srl	x29,x30,x31	 x30:0xfffff9d7 x31:0x00000000 x29=0xfffff9d7
        9995000	       998	800001c8	41d9dfb3	sra	x31,x19,x29	 x19:0x00000000 x29:0xfffff9d7 x31=0x00000000
       10005000	       999	800001cc	40bf0133	sub	x2,x30,x11	 x30:0xfffff9d7 x11:0x00000001  x2=0xfffff9d6
       10015000	      1000	800001d0	40900b13	addi	x22,x0,1033	  x0:0x00000000 x22=0x00000409
       10025000	      1001	800001d4	227dc493	xori	x9,x27,551	 x27:0x00000000  x9=0x00000227
       10035000	      1002	800001d8	01fe3533	sltu	x10,x28,x31	 x28:0xffffffef x31:0x00000000 x10=0x00000000
       10045000	      1003	800001dc	406c5533	sra	x10,x24,x6	 x24:0x0000000a  x6:0x0000000a x10=0x00000000
       10055000	      1004	800001e0	d9f6c293	xori	x5,x13,-609	 x13:0x7ec00000  x5=0x813ffd9f
       10065000	      1005	800001e4	ff9e0e13	addi	x28,x28,-7	 x28:0xffffffef x28=0xffffffe8
       10075000	      1006	800001e8	e5b1c893	xori	x17,x3,-421	  x3:0x00000000 x17=0xfffffe5b
       10085000	      1007	800001ec	fd9e5ae3	bge	x28,x25,800001c0	 x28:0xffffffe8 x25:0xffffffef
       10095000	      1008	800001f0	f983cee3	blt	x7,x24,8000018c	  x7:0x00000009 x24:0x0000000a
       10105000	      1009	00000000	00000013	addi	x0,x0,0	  x0:0x00000000
       10115000	      1010	80000188	00000013	addi	x0,x0,0	  x0:0x00000000
       10125000	      1011	8000018c	018d7333	and	x6,x26,x24	 x26:0xfffffdfb x24:0x0000000a  x6=0x0000000a
       10135000	      1012	80000190	40015493	srai	x9,x2,0x0	  x2:0xfffff9d6  x9=0xfffff9d6
       10145000	      1013	80000194	013d4233	xor	x4,x26,x19	 x26:0xfffffdfb x19:0x00000000  x4=0xfffffdfb
       10155000	      1014	80000198	00000013	addi	x0,x0,0	  x0:0x00000000
       10165000	      1015	8000019c	016d1693	slli	x13,x26,0x16	 x26:0xfffffdfb x13=0x7ec00000
       10175000	      1016	800001a0	0116f833	and	x16,x13,x17	 x13:0x7ec00000 x17:0xfffffe5b x16=0x7ec00000
       10185000	      1017	800001a4	c5fd4613	xori	x12,x26,-929	 x26:0xfffffdfb x12=0x000001a4
       10195000	      1018	800001a8	00138393	addi	x7,x7,1	  x7:0x00000009  x7=0x0000000a
       10205000	      1019	800001ac	ff600e13	addi	x28,x0,-10	  x0:0x00000000 x28=0xfffffff6
       10215000	      1020	800001b0	01028733	add	x14,x5,x16	  x5:0x813ffd9f x16:0x7ec00000 x14=0xfffffd9f
       10225000	      1021	800001b4	41acdab3	sra	x21,x25,x26	 x25:0xffffffef x26:0xfffffdfb x21=0xffffffff
       10235000	      1022	800001b8	4033d433	sra	x8,x7,x3	  x7:0x0000000a  x3:0x00000000  x8=0x0000000a
       10245000	      1023	800001bc	fef00c93	addi	x25,x0,-17	  x0:0x00000000 x25=0xffffffef
       10255000	      1024	800001c0	00f7f4b3	and	x9,x15,x15	 x15:0xf3acf38a x15:0xf3acf38a  x9=0xf3acf38a
       10265000	      1025	800001c4	01ff5eb3	srl	x29,x30,x31	 x30:0xfffff9d7 x31:0x00000000 x29=0xfffff9d7
       10275000	      1026	800001c8	41d9dfb3	sra	x31,x19,x29	 x19:0x00000000 x29:0xfffff9d7 x31=0x00000000
       10285000	      1027	800001cc	40bf0133	sub	x2,x30,x11	 x30:0xfffff9d7 x11:0x00000001  x2=0xfffff9d6
       10295000	      1028	800001d0	40900b13	addi	x22,x0,1033	  x0:0x00000000 x22=0x00000409
       10305000	      1029	800001d4	227dc493	xori	x9,x27,551	 x27:0x00000000  x9=0x00000227
       10315000	      1030	800001d8	01fe3533	sltu	x10,x28,x31	 x28:0xfffffff6 x31:0x00000000 x10=0x00000000
       10325000	      1031	800001dc	406c5533	sra	x10,x24,x6	 x24:0x0000000a  x6:0x0000000a x10=0x00000000
       10335000	      1032	800001e0	d9f6c293	xori	x5,x13,-609	 x13:0x7ec00000  x5=0x813ffd9f
       10345000	      1033	800001e4	ff9e0e13	addi	x28,x28,-7	 x28:0xfffffff6 x28=0xffffffef
       10355000	      1034	800001e8	e5b1c893	xori	x17,x3,-421	  x3:0x00000000 x17=0xfffffe5b
       10365000	      1035	800001ec	fd9e5ae3	bge	x28,x25,800001c0	 x28:0xffffffef x25:0xffffffef
       10375000	      1036	00000000	00000013	addi	x0,x0,0	  x0:0x00000000
       10385000	      1037	800001bc	00000013	addi	x0,x0,0	  x0:0x00000000
       10395000	      1038	800001c0	00f7f4b3	and	x9,x15,x15	 x15:0xf3acf38a x15:0xf3acf38a  x9=0xf3acf38a
       10405000	      1039	800001c4	01ff5eb3	srl	x29,x30,x31	 x30:0xfffff9d7 x31:0x00000000 x29=0xfffff9d7
       10415000	      1040	800001c8	41d9dfb3	sra	x31,x19,x29	 x19:0x00000000 x29:0xfffff9d7 x31=0x00000000
       10425000	      1041	800001cc	40bf0133	sub	x2,x30,x11	 x30:0xfffff9d7 x11:0x00000001  x2=0xfffff9d6
       10435000	      1042	800001d0	40900b13	addi	x22,x0,1033	  x0:0x00000000 x22=0x00000409
       10445000	      1043	800001d4	227dc493	xori	x9,x27,551	 x27:0x00000000  x9=0x00000227
       10455000	      1044	800001d8	01fe3533	sltu	x10,x28,x31	 x28:0xffffffef x31:0x00000000 x10=0x00000000
       10465000	      1045	800001dc	406c5533	sra	x10,x24,x6	 x24:0x0000000a  x6:0x0000000a x10=0x00000000
       10475000	      1046	800001e0	d9f6c293	xori	x5,x13,-609	 x13:0x7ec00000  x5=0x813ffd9f
       10485000	      1047	800001e4	ff9e0e13	addi	x28,x28,-7	 x28:0xffffffef x28=0xffffffe8
       10495000	      1048	800001e8	e5b1c893	xori	x17,x3,-421	  x3:0x00000000 x17=0xfffffe5b
       10505000	      1049	800001ec	fd9e5ae3	bge	x28,x25,800001c0	 x28:0xffffffe8 x25:0xffffffef
       10515000	      1050	800001f0	f983cee3	blt	x7,x24,8000018c	  x7:0x0000000a x24:0x0000000a
       10525000	      1051	800001f4	4045d633	sra	x12,x11,x4	 x11:0x00000001  x4:0xfffffdfb x12=0x00000000
       10535000	      1052	800001f8	00800e93	addi	x29,x0,8	  x0:0x00000000 x29=0x00000008
       10545000	      1053	800001fc	0aeb3c93	sltiu	x25,x22,174	 x22:0x00000409 x25=0x00000000
       10555000	      1054	80000200	00268d33	add	x26,x13,x2	 x13:0x7ec00000  x2:0xfffff9d6 x26=0x7ebff9d6
       10565000	      1055	80000204	0066acb3	slt	x25,x13,x6	 x13:0x7ec00000  x6:0x0000000a x25=0x00000000
       10575000	      1056	80000208	d4817713	andi	x14,x2,-696	  x2:0xfffff9d6 x14=0xfffff940
       10585000	      1057	8000020c	00000013	addi	x0,x0,0	  x0:0x00000000
       10595000	      1058	80000210	393e1897	auipc	x17,0x393e1	 x17=0xb93e120c
       10605000	      1059	80000214	64663d13	sltiu	x26,x12,1606	 x12:0x00000000 x26=0x00000001
       10615000	      1060	80000218	419855b3	sra	x11,x16,x25	 x16:0x7ec00000 x25:0x00000000 x11=0x7ec00000
       10625000	      1061	8000021c	00800f93	addi	x31,x0,8	  x0:0x00000000 x31=0x00000008
       10635000	      1062	80000220	2d8ee693	ori	x13,x29,728	 x29:0x00000008 x13=0x000002d8
       10645000	      1063	80000224	ae9d0b13	addi	x22,x26,-1303	 x26:0x00000001 x22=0xfffffaea
       10655000	      1064	80000228	0009c133	xor	x2,x19,x0	 x19:0x00000000  x0:0x00000000  x2=0x00000000
       10665000	      1065	8000022c	01799db3	sll	x27,x19,x23	 x19:0x00000000 x23:0x00000001 x27=0x00000000
       10675000	      1066	80000230	40eadf13	srai	x30,x21,0xe	 x21:0xffffffff x30=0xffffffff
       10685000	      1067	80000234	51e5fa93	andi	x21,x11,1310	 x11:0x7ec00000 x21=0x00000000
       10695000	      1068	80000238	ff9e8e93	addi	x29,x29,-7	 x29:0x00000008 x29=0x00000001
       10705000	      1069	8000023c	00000013	addi	x0,x0,0	  x0:0x00000000
       10715000	      1070	80000240	58018c13	addi	x24,x3,1408	  x3:0x00000000 x24=0x00000580
       10725000	      1071	80000244	01991f33	sll	x30,x18,x25	 x18:0x80009f84 x25:0x00000000 x30=0x80009f84
       10735000	      1072	80000248	40095693	srai	x13,x18,0x0	 x18:0x80009f84 x13=0x80009f84
       10745000	      1073	8000024c	99e93193	sltiu	x3,x18,-1634	 x18:0x80009f84  x3=0x00000001
       10755000	      1074	80000250	fdfefae3	bgeu	x29,x31,80000224	 x29:0x00000001 x31:0x00000008
       10765000	      1075	80000254	00e148b3	xor	x17,x2,x14	  x2:0x00000000 x14:0xfffff940 x17=0xfffff940
       10775000	      1076	80000258	00a00513	addi	x10,x0,10	  x0:0x00000000 x10=0x0000000a
       10785000	      1077	8000025c	631f3d13	sltiu	x26,x30,1585	 x30:0x80009f84 x26=0x00000000
       10795000	      1078	80000260	01889b13	slli	x22,x17,0x18	 x17:0xfffff940 x22=0x40000000
       10805000	      1079	80000264	00052db3	slt	x27,x10,x0	 x10:0x0000000a  x0:0x00000000 x27=0x00000000
       10815000	      1080	80000268	00a00a93	addi	x21,x0,10	  x0:0x00000000 x21=0x0000000a
       10825000	      1081	8000026c	b8776313	ori	x6,x14,-1145	 x14:0xfffff940  x6=0xfffffbc7
       10835000	      1082	80000270	5fa14d37	lui	x26,0x5fa14	 x26=0x5fa14000
       10845000	      1083	80000274	ff850513	addi	x10,x10,-8	 x10:0x0000000a x10=0x00000002
       10855000	      1084	80000278	017a32b3	sltu	x5,x20,x23	 x20:0x80009fc4 x23:0x00000001  x5=0x00000000
       10865000	      1085	8000027c	ff5578e3	bgeu	x10,x21,8000026c	 x10:0x00000002 x21:0x0000000a
       10875000	      1086	80000280	0190d733	srl	x14,x1,x25	  x1:0x80000144 x25:0x00000000 x14=0x80000144
       10885000	      1087	80000284	ffe00093	addi	x1,x0,-2	  x0:0x00000000  x1=0xfffffffe
       10895000	      1088	80000288	016bfe33	and	x28,x23,x22	 x23:0x00000001 x22:0x40000000 x28=0x00000000
       10905000	      1089	8000028c	ffc00a93	addi	x21,x0,-4	  x0:0x00000000 x21=0xfffffffc
       10915000	      1090	80000290	012a3f33	sltu	x30,x20,x18	 x20:0x80009fc4 x18:0x80009f84 x30=0x00000000
       10925000	      1091	80000294	ffa08093	addi	x1,x1,-6	  x1:0xfffffffe  x1=0xfffffff8
       10935000	      1092	80000298	00400493	addi	x9,x0,4	  x0:0x00000000  x9=0x00000004
       10945000	      1093	8000029c	3c8bb513	sltiu	x10,x23,968	 x23:0x00000001 x10=0x00000001
       10955000	      1094	800002a0	01200693	addi	x13,x0,18	  x0:0x00000000 x13=0x00000012
       10965000	      1095	800002a4	01d5f5b3	and	x11,x11,x29	 x11:0x7ec00000 x29:0x00000001 x11=0x00000000
       10975000	      1096	800002a8	0ec78013	addi	x0,x15,236	 x15:0xf3acf38a
       10985000	      1097	800002ac	d9b2a413	slti	x8,x5,-613	  x5:0x00000000  x8=0x00000000
       10995000	      1098	800002b0	01bf5c93	srli	x25,x30,0x1b	 x30:0x00000000 x25=0x00000000
       11005000	      1099	800002b4	00748493	addi	x9,x9,7	  x9:0x00000004  x9=0x0000000b
       11015000	      1100	800002b8	fed48ae3	beq	x9,x13,800002ac	  x9:0x0000000b x13:0x00000012
       11025000	      1101	800002bc	00000013	addi	x0,x0,0	  x0:0x00000000
       11035000	      1102	800002c0	759c8d13	addi	x26,x25,1881	 x25:0x00000000 x26=0x00000759
       11045000	      1103	800002c4	fd50d6e3	bge	x1,x21,80000290	  x1:0xfffffff8 x21:0xfffffffc
       11055000	      1104	800002c8	0137a033	slt	x0,x15,x19	 x15:0xf3acf38a x19:0x00000000
       11065000	      1105	800002cc	00200d13	addi	x26,x0,2	  x0:0x00000000 x26=0x00000002
       11075000	      1106	800002d0	00442433	slt	x8,x8,x4	  x8:0x00000000  x4:0xfffffdfb  x8=0x00000000
       11085000	      1107	800002d4	fff00a93	addi	x21,x0,-1	  x0:0x00000000 x21=0xffffffff
       11095000	      1108	800002d8	f4307f13	andi	x30,x0,-189	  x0:0x00000000 x30=0x00000000
       11105000	      1109	800002dc	00894fb3	xor	x31,x18,x8	 x18:0x80009f84  x8:0x00000000 x31=0x80009f84
       11115000	      1110	800002e0	fffd0d13	addi	x26,x26,-1	 x26:0x00000002 x26=0x00000001
       11125000	      1111	800002e4	ff5d5ce3	bge	x26,x21,800002dc	 x26:0x00000001 x21:0xffffffff
       11135000	      1112	00000000	00000013	addi	x0,x0,0	  x0:0x00000000
       11145000	      1113	800002d8	00000013	addi	x0,x0,0	  x0:0x00000000
       11155000	      1114	800002dc	00894fb3	xor	x31,x18,x8	 x18:0x80009f84  x8:0x00000000 x31=0x80009f84
       11165000	      1115	800002e0	fffd0d13	addi	x26,x26,-1	 x26:0x00000001 x26=0x00000000
       11175000	      1116	800002e4	ff5d5ce3	bge	x26,x21,800002dc	 x26:0x00000000 x21:0xffffffff
       11185000	      1117	00000000	00000013	addi	x0,x0,0	  x0:0x00000000
       11195000	      1118	800002d8	00000013	addi	x0,x0,0	  x0:0x00000000
       11205000	      1119	800002dc	00894fb3	xor	x31,x18,x8	 x18:0x80009f84  x8:0x00000000 x31=0x80009f84
       11215000	      1120	800002e0	fffd0d13	addi	x26,x26,-1	 x26:0x00000000 x26=0xffffffff
       11225000	      1121	800002e4	ff5d5ce3	bge	x26,x21,800002dc	 x26:0xffffffff x21:0xffffffff
       11235000	      1122	00000000	00000013	addi	x0,x0,0	  x0:0x00000000
       11245000	      1123	800002d8	00000013	addi	x0,x0,0	  x0:0x00000000
       11255000	      1124	800002dc	00894fb3	xor	x31,x18,x8	 x18:0x80009f84  x8:0x00000000 x31=0x80009f84
       11265000	      1125	800002e0	fffd0d13	addi	x26,x26,-1	 x26:0xffffffff x26=0xfffffffe
       11275000	      1126	800002e4	ff5d5ce3	bge	x26,x21,800002dc	 x26:0xfffffffe x21:0xffffffff
       11285000	      1127	800002e8	001b4f33	xor	x30,x22,x1	 x22:0x40000000  x1:0xfffffff8 x30=0xbffffff8
       11295000	      1128	800002ec	00200693	addi	x13,x0,2	  x0:0x00000000 x13=0x00000002
       11305000	      1129	800002f0	00e00c13	addi	x24,x0,14	  x0:0x00000000 x24=0x0000000e
       11315000	      1130	800002f4	37f89417	auipc	x8,0x37f89	  x8=0xb7f892f0
       11325000	      1131	800002f8	ef3c8b13	addi	x22,x25,-269	 x25:0x00000000 x22=0xfffffef3
       11335000	      1132	800002fc	00a20e33	add	x28,x4,x10	  x4:0xfffffdfb x10:0x00000001 x28=0xfffffdfc
       11345000	      1133	80000300	00bf5813	srli	x16,x30,0xb	 x30:0xbffffff8 x16=0x0017ffff
       11355000	      1134	80000304	01d79f33	sll	x30,x15,x29	 x15:0xf3acf38a x29:0x00000001 x30=0xe759e714
       11365000	      1135	80000308	d967cd13	xori	x26,x15,-618	 x15:0xf3acf38a x26=0x0c530e1c
       11375000	      1136	8000030c	adf38437	lui	x8,0xadf38	  x8=0xadf38000
       11385000	      1137	80000310	00668693	addi	x13,x13,6	 x13:0x00000002 x13=0x00000008
       11395000	      1138	80000314	b1c33813	sltiu	x16,x6,-1252	  x6:0xfffffbc7 x16=0x00000000
       11405000	      1139	80000318	ff8698e3	bne	x13,x24,80000308	 x13:0x00000008 x24:0x0000000e
       11415000	      1140	00000000	00000013	addi	x0,x0,0	  x0:0x00000000
       11425000	      1141	80000304	00000013	addi	x0,x0,0	  x0:0x00000000
       11435000	      1142	80000308	d967cd13	xori	x26,x15,-618	 x15:0xf3acf38a x26=0x0c530e1c
       11445000	      1143	8000030c	adf38437	lui	x8,0xadf38	  x8=0xadf38000
       11455000	      1144	80000310	00668693	addi	x13,x13,6	 x13:0x00000008 x13=0x0000000e
       11465000	      1145	80000314	b1c33813	sltiu	x16,x6,-1252	  x6:0xfffffbc7 x16=0x00000000
       11475000	      1146	80000318	ff8698e3	bne	x13,x24,80000308	 x13:0x0000000e x24:0x0000000e
       11485000	      1147	8000031c	069b0d93	addi	x27,x22,105	 x22:0xfffffef3 x27=0xffffff5c
       11495000	      1148	80000320	00a00493	addi	x9,x0,10	  x0:0x00000000  x9=0x0000000a
       11505000	      1149	80000324	00000013	addi	x0,x0,0	  x0:0x00000000
       11515000	      1150	80000328	00900d93	addi	x27,x0,9	  x0:0x00000000 x27=0x00000009
       11525000	      1151	8000032c	01412f33	slt	x30,x2,x20	  x2:0x00000000 x20:0x80009fc4 x30=0x00000000
       11535000	      1152	80000330	01c8c9b3	xor	x19,x17,x28	 x17:0xfffff940 x28:0xfffffdfc x19=0x000004bc
       11545000	      1153	80000334	01b5f533	and	x10,x11,x27	 x11:0x00000000 x27:0x00000009 x10=0x00000000
       11555000	      1154	80000338	ff848493	addi	x9,x9,-8	  x9:0x0000000a  x9=0x00000002
       11565000	      1155	8000033c	011c60b3	or	x1,x24,x17	 x24:0x0000000e x17:0xfffff940  x1=0xfffff94e
       11575000	      1156	80000340	ee706993	ori	x19,x0,-281	  x0:0x00000000 x19=0xfffffee7
       11585000	      1157	80000344	018e0233	add	x4,x28,x24	 x28:0xfffffdfc x24:0x0000000e  x4=0xfffffe0a
       11595000	      1158	80000348	9bf99317	auipc	x6,0x9bf99	  x6=0x1bf99344
       11605000	      1159	8000034c	4b55a293	slti	x5,x11,1205	 x11:0x00000000  x5=0x00000001
       11615000	      1160	80000350	6875e513	ori	x10,x11,1671	 x11:0x00000000 x10=0x00000687
       11625000	      1161	80000354	fdb4fee3	bgeu	x9,x27,80000330	  x9:0x00000002 x27:0x00000009
       11635000	      1162	80000358	81e54613	xori	x12,x10,-2018	 x10:0x00000687 x12=0xfffffe99
       11645000	      1163	8000035c	4007dc93	srai	x25,x15,0x0	 x15:0xf3acf38a x25=0xf3acf38a
       11655000	      1164	80000360	00ff80b3	add	x1,x31,x15	 x31:0x80009f84 x15:0xf3acf38a  x1=0x73ad930e
       11665000	      1165	80000364	00000013	addi	x0,x0,0	  x0:0x00000000
       11675000	      1166	80000368	004863b3	or	x7,x16,x4	 x16:0x00000000  x4:0xfffffe0a  x7=0xfffffe0a
       11685000	      1167	8000036c	00000013	addi	x0,x0,0	  x0:0x00000000
       11695000	      1168	80000370	03feca63	blt	x29,x31,800003a4	 x29:0x00000001 x31:0x80009f84
       11705000	      1169	80000374	00069663	bne	x13,x0,80000380	 x13:0x0000000e  x0:0x00000000
       11715000	      1170	00000000	00000013	addi	x0,x0,0	  x0:0x00000000
       11725000	      1171	8000037c	00000013	addi	x0,x0,0	  x0:0x00000000
       11735000	      1172	80000380	2028b813	sltiu	x16,x17,514	 x17:0xfffff940 x16=0x00000000
       11745000	      1173	80000384	40b9d993	srai	x19,x19,0xb	 x19:0xfffffee7 x19=0xffffffff
       11755000	      1174	80000388	00b4d193	srli	x3,x9,0xb	  x9:0x00000002  x3=0x00000000
       11765000	      1175	8000038c	d07b2113	slti	x2,x22,-761	 x22:0xfffffef3  x2=0x00000000
       11775000	      1176	80000390	01cd63b3	or	x7,x26,x28	 x26:0x0c530e1c x28:0xfffffdfc  x7=0xfffffffc
       11785000	      1177	80000394	00d4f3b3	and	x7,x9,x13	  x9:0x00000002 x13:0x0000000e  x7=0x00000002
       11795000	      1178	80000398	2e5c2d13	slti	x26,x24,741	 x24:0x0000000e x26=0x00000001
       11805000	      1179	8000039c	c3207113	andi	x2,x0,-974	  x0:0x00000000  x2=0x00000000
       11815000	      1180	800003a0	0a988463	beq	x17,x9,80000448	 x17:0xfffff940  x9:0x00000002
       11825000	      1181	800003a4	0a7c9463	bne	x25,x7,8000044c	 x25:0xf3acf38a  x7:0x00000002
       11835000	      1182	00000000	00000013	addi	x0,x0,0	  x0:0x00000000
       11845000	      1183	80000448	00000013	addi	x0,x0,0	  x0:0x00000000
       11855000	      1184	8000044c	407e88b3	sub	x17,x29,x7	 x29:0x00000001  x7:0x00000002 x17=0xffffffff
       11865000	      1185	80000450	000e8bb3	add	x23,x29,x0	 x29:0x00000001  x0:0x00000000 x23=0x00000001
       11875000	      1186	80000454	3dfda293	slti	x5,x27,991	 x27:0x00000009  x5=0x00000001
       11885000	      1187	80000458	01e79333	sll	x6,x15,x30	 x15:0xf3acf38a x30:0x00000000  x6=0xf3acf38a
       11895000	      1188	8000045c	bb038b17	auipc	x22,0xbb038	 x22=0x3b038458
       11905000	      1189	80000460	00000013	addi	x0,x0,0	  x0:0x00000000
       11915000	      1190	80000464	0109edb3	or	x27,x19,x16	 x19:0xffffffff x16:0x00000000 x27=0xffffffff
       11925000	      1191	80000468	6fc27b93	andi	x23,x4,1788	  x4:0xfffffe0a x23=0x00000608
       11935000	      1192	8000046c	00c20d33	add	x26,x4,x12	  x4:0xfffffe0a x12:0xfffffe99 x26=0xfffffca3
       11945000	      1193	80000470	01be0a63	beq	x28,x27,80000484	 x28:0xfffffdfc x27:0xffffffff
       11955000	      1194	80000474	0317f463	bgeu	x15,x17,8000049c	 x15:0xf3acf38a x17:0xffffffff
       11965000	      1195	80000478	d1a86513	ori	x10,x16,-742	 x16:0x00000000 x10=0xfffffd1a
       11975000	      1196	8000047c	0d83edb7	lui	x27,0xd83e	 x27=0x0d83e000
       11985000	      1197	80000480	00000013	addi	x0,x0,0	  x0:0x00000000
       11995000	      1198	80000484	01cf3e33	sltu	x28,x30,x28	 x30:0x00000000 x28:0xfffffdfc x28=0x00000001
       12005000	      1199	80000488	017e7d33	and	x26,x28,x23	 x28:0x00000001 x23:0x00000608 x26=0x00000000
       12015000	      1200	8000048c	01a73133	sltu	x2,x14,x26	 x14:0x80000144 x26:0x00000000  x2=0x00000000
       12025000	      1201	80000490	ec1b8a93	addi	x21,x23,-319	 x23:0x00000608 x21=0x000004c9
       12035000	      1202	80000494	41edd233	sra	x4,x27,x30	 x27:0x0d83e000 x30:0x00000000  x4=0x0d83e000
       12045000	      1203	80000498	018a1e13	slli	x28,x20,0x18	 x20:0x80009fc4 x28=0xc4000000
       12055000	      1204	8000049c	9ef7ef13	ori	x30,x15,-1553	 x15:0xf3acf38a x30=0xfffffbef
       12065000	      1205	800004a0	99a30b37	lui	x22,0x99a30	 x22=0x99a30000
       12075000	      1206	800004a4	03e96463	bltu	x18,x30,800004cc	 x18:0x80009f84 x30:0xfffffbef
       12085000	      1207	00000000	00000013	addi	x0,x0,0	  x0:0x00000000
       12095000	      1208	800004c8	00000013	addi	x0,x0,0	  x0:0x00000000
       12105000	      1209	800004cc	02bfe263	bltu	x31,x11,800004f0	 x31:0x80009f84 x11:0x00000000
       12115000	      1210	800004d0	828fed17	auipc	x26,0x828fe	 x26=0x028fe4cc
       12125000	      1211	800004d4	92135bb7	lui	x23,0x92135	 x23=0x92135000
       12135000	      1212	800004d8	01bc3cb3	sltu	x25,x24,x27	 x24:0x0000000e x27:0x0d83e000 x25=0x00000001
       12145000	      1213	800004dc	e40a6817	auipc	x16,0xe40a6	 x16=0x640a64d8
       12155000	      1214	800004e0	01d14bb3	xor	x23,x2,x29	  x2:0x00000000 x29:0x00000001 x23=0x00000001
       12165000	      1215	800004e4	9b73e117	auipc	x2,0x9b73e	  x2=0x1b73e4e0
       12175000	      1216	800004e8	00dbb533	sltu	x10,x23,x13	 x23:0x00000001 x13:0x0000000e x10=0x00000001
       12185000	      1217	800004ec	50b1a313	slti	x6,x3,1291	  x3:0x00000000  x6=0x00000001
       12195000	      1218	800004f0	0113b6b3	sltu	x13,x7,x17	  x7:0x00000002 x17:0xffffffff x13=0x00000001
       12205000	      1219	800004f4	00613633	sltu	x12,x2,x6	  x2:0x1b73e4e0  x6:0x00000001 x12=0x00000000
       12215000	      1220	800004f8	6b433b93	sltiu	x23,x6,1716	  x6:0x00000001 x23=0x00000001
       12225000	      1221	800004fc	014065b3	or	x11,x0,x20	  x0:0x00000000 x20:0x80009fc4 x11=0x80009fc4
       12235000	      1222	80000500	01f63233	sltu	x4,x12,x31	 x12:0x00000000 x31:0x80009f84  x4=0x00000001
       12245000	      1223	80000504	22442b17	auipc	x22,0x22442	 x22=0xa2442500
       12255000	      1224	80000508	00948233	add	x4,x9,x9	  x9:0x00000002  x9:0x00000002  x4=0x00000004
       12265000	      1225	8000050c	7165bf13	sltiu	x30,x11,1814	 x11:0x80009fc4 x30=0x00000000
       12275000	      1226	80000510	afe2ec97	auipc	x25,0xafe2e	 x25=0x2fe2e50c
       12285000	      1227	80000514	00681f13	slli	x30,x16,0x6	 x16:0x640a64d8 x30=0x02993600
       12295000	      1228	80000518	02069863	bne	x13,x0,80000548	 x13:0x00000001  x0:0x00000000
       12305000	      1229	00000000	00000013	addi	x0,x0,0	  x0:0x00000000
       12315000	      1230	80000544	00000013	addi	x0,x0,0	  x0:0x00000000
       12325000	      1231	80000548	63bef293	andi	x5,x29,1595	 x29:0x00000001  x5=0x00000001
       12335000	      1232	8000054c	04880663	beq	x16,x8,80000598	 x16:0x640a64d8  x8:0xadf38000
       12345000	      1233	80000550	00a76ab3	or	x21,x14,x10	 x14:0x80000144 x10:0x00000001 x21=0x80000145
       12355000	      1234	80000554	007d78b3	and	x17,x26,x7	 x26:0x028fe4cc  x7:0x00000002 x17=0x00000000
       12365000	      1235	80000558	29aaf193	andi	x3,x21,666	 x21:0x80000145  x3=0x00000000
       12375000	      1236	8000055c	0563e663	bltu	x7,x22,800005a8	  x7:0x00000002 x22:0xa2442500
       12385000	      1237	00000000	00000013	addi	x0,x0,0	  x0:0x00000000
       12395000	      1238	800005a4	00000013	addi	x0,x0,0	  x0:0x00000000
       12405000	      1239	800005a8	01ecf263	bgeu	x25,x30,800005ac	 x25:0x2fe2e50c x30:0x02993600
       12415000	      1240	00000000	00000013	addi	x0,x0,0	  x0:0x00000000
       12425000	      1241	800005a8	00000013	addi	x0,x0,0	  x0:0x00000000
       12435000	      1242	800005ac	01c71633	sll	x12,x14,x28	 x14:0x80000144 x28:0xc4000000 x12=0x80000144
       12445000	      1243	800005b0	0588f463	bgeu	x17,x24,800005f8	 x17:0x00000000 x24:0x0000000e
       12455000	      1244	800005b4	0011db93	srli	x23,x3,0x1	  x3:0x00000000 x23=0x00000000
       12465000	      1245	800005b8	a8570313	addi	x6,x14,-1403	 x14:0x80000144  x6=0x7ffffbc9
       12475000	      1246	800005bc	0077c8b3	xor	x17,x15,x7	 x15:0xf3acf38a  x7:0x00000002 x17=0xf3acf388
       12485000	      1247	800005c0	4029d9b3	sra	x19,x19,x2	 x19:0xffffffff  x2:0x1b73e4e0 x19=0xffffffff
       12495000	      1248	800005c4	04b1c663	blt	x3,x11,80000610	  x3:0x00000000 x11:0x80009fc4
       12505000	      1249	800005c8	27f32993	slti	x19,x6,639	  x6:0x7ffffbc9 x19=0x00000000
       12515000	      1250	800005cc	03074a63	blt	x14,x16,80000600	 x14:0x80000144 x16:0x640a64d8
       12525000	      1251	00000000	00000013	addi	x0,x0,0	  x0:0x00000000
       12535000	      1252	800005fc	00000013	addi	x0,x0,0	  x0:0x00000000
       12545000	      1253	80000600	8e517c93	andi	x25,x2,-1819	  x2:0x1b73e4e0 x25=0x1b73e0e0
       12555000	      1254	80000604	03f41863	bne	x8,x31,80000634	  x8:0xadf38000 x31:0x80009f84
       12565000	      1255	00000000	00000013	addi	x0,x0,0	  x0:0x00000000
       12575000	      1256	80000630	00000013	addi	x0,x0,0	  x0:0x00000000
       12585000	      1257	80000634	01f09e93	slli	x29,x1,0x1f	  x1:0x73ad930e x29=0x00000000
       12595000	      1258	80000638	b9edef13	ori	x30,x27,-1122	 x27:0x0d83e000 x30=0xfffffb9e
       12605000	      1259	8000063c	06c4c263	blt	x9,x12,800006a0	  x9:0x00000002 x12:0x80000144
       12615000	      1260	80000640	c0f3bd13	sltiu	x26,x7,-1009	  x7:0x00000002 x26=0x00000001
       12625000	      1261	80000644	c0c72813	slti	x16,x14,-1012	 x14:0x80000144 x16=0x00000001
       12635000	      1262	80000648	00d1ddb3	srl	x27,x3,x13	  x3:0x00000000 x13:0x00000001 x27=0x00000000
       12645000	      1263	8000064c	01fed413	srli	x8,x29,0x1f	 x29:0x00000000  x8=0x00000000
       12655000	      1264	80000650	98e68593	addi	x11,x13,-1650	 x13:0x00000001 x11=0xfffff98f
       12665000	      1265	80000654	00001e97	auipc	x29,0x1	 x29=0x80001650
       12675000	      1266	80000658	898e8e93	addi	x29,x29,-1896	 x29:0x80001650 x29=0x80000ee8
       12685000	      1267	8000065c	352c4213	xori	x4,x24,850	 x24:0x0000000e  x4=0x0000035c
       12695000	      1268	80000660	c25e8e93	addi	x29,x29,-987	 x29:0x80000ee8 x29=0x80000b0d
       12705000	      1269	80000664	0094b2b3	sltu	x5,x9,x9	  x9:0x00000002  x9:0x00000002  x5=0x00000000
       12715000	      1270	80000668	a26eb893	sltiu	x17,x29,-1498	 x29:0x80000b0d x17=0x00000001
       12725000	      1271	8000066c	01b6f733	and	x14,x13,x27	 x13:0x00000001 x27:0x00000000 x14=0x00000000
       12735000	      1272	80000670	01715813	srli	x16,x2,0x17	  x2:0x1b73e4e0 x16=0x00000036
       12745000	      1273	80000674	012690b3	sll	x1,x13,x18	 x13:0x00000001 x18:0x80009f84  x1=0x00000010
       12755000	      1274	80000678	e1ee9f37	lui	x30,0xe1ee9	 x30=0xe1ee9000
       12765000	      1275	8000067c	8eace593	ori	x11,x25,-1814	 x25:0x1b73e0e0 x11=0xfffff8ea
       12775000	      1276	80000680	3dbe80e7	jalr	x1,x29,987	 x29:0x80000b0d  x1=0x80000680
       12785000	      1277	00000000	00000013	addi	x0,x0,0	  x0:0x00000000
       12795000	      1278	80000ee8	00000013	addi	x0,x0,0	  x0:0x00000000
       12805000	      1279	80000eec	00000013	addi	x0,x0,0	  x0:0x00000000
       12815000	      1280	80000ef0	fec90913	addi	x18,x18,-20	 x18:0x80009f84 x18=0x80009f70
       12825000	      1281	80000ef4	00000013	addi	x0,x0,0	  x0:0x00000000
       12835000	      1282	80000ef8	00192223	sw	x1,4(x18)	 x18:0x80009f70  x1:0x80000680 PA:0x80009f74
       12845000	      1283	80000efc	acfaf113	andi	x2,x21,-1329	 x21:0x80000145  x2=0x80000045
       12855000	      1284	80000f00	00fbcfb3	xor	x31,x23,x15	 x23:0x00000000 x15:0xf3acf38a x31=0xf3acf38a
       12865000	      1285	80000f04	40445e13	srai	x28,x8,0x4	  x8:0x00000000 x28=0x00000000
       12875000	      1286	80000f08	00e93d33	sltu	x26,x18,x14	 x18:0x80009f70 x14:0x00000000 x26=0x00000000
       12885000	      1287	80000f0c	40fa0833	sub	x16,x20,x15	 x20:0x80009fc4 x15:0xf3acf38a x16=0x8c53ac3a
       12895000	      1288	80000f10	00d69333	sll	x6,x13,x13	 x13:0x00000001 x13:0x00000001  x6=0x00000002
       12905000	      1289	80000f14	69b64693	xori	x13,x12,1691	 x12:0x80000144 x13=0x800007df
       12915000	      1290	80000f18	008a51b3	srl	x3,x20,x8	 x20:0x80009fc4  x8:0x00000000  x3=0x80009fc4
       12925000	      1291	80000f1c	00000013	addi	x0,x0,0	  x0:0x00000000
       12935000	      1292	80000f20	409c5233	sra	x4,x24,x9	 x24:0x0000000e  x9:0x00000002  x4=0x00000003
       12945000	      1293	80000f24	40675133	sra	x2,x14,x6	 x14:0x00000000  x6:0x00000002  x2=0x00000000
       12955000	      1294	80000f28	45f92493	slti	x9,x18,1119	 x18:0x80009f70  x9=0x00000001
       12965000	      1295	80000f2c	4c588b97	auipc	x23,0x4c588	 x23=0xcc588f28
       12975000	      1296	80000f30	00532033	slt	x0,x6,x5	  x6:0x00000002  x5:0x00000000
       12985000	      1297	80000f34	0175a033	slt	x0,x11,x23	 x11:0xfffff8ea x23:0xcc588f28
       12995000	      1298	80000f38	d1dff0ef	jal	x1,80000f38	  x1=0x80000f38
       13005000	      1299	00000000	00000013	addi	x0,x0,0	  x0:0x00000000
       13015000	      1300	80000c50	00000013	addi	x0,x0,0	  x0:0x00000000
       13025000	      1301	80000c54	0143c333	xor	x6,x7,x20	  x7:0x00000002 x20:0x80009fc4  x6=0x80009fc6
       13035000	      1302	80000c58	00a17463	bgeu	x2,x10,80000c60	  x2:0x00000000 x10:0x00000001
       13045000	      1303	80000c5c	01da2633	slt	x12,x20,x29	 x20:0x80009fc4 x29:0x80000b0d x12=0x00000000
       13055000	      1304	80000c60	fc090913	addi	x18,x18,-64	 x18:0x80009f70 x18=0x80009f30
       13065000	      1305	80000c64	005a48b3	xor	x17,x20,x5	 x20:0x80009fc4  x5:0x00000000 x17=0x80009fc4
       13075000	      1306	80000c68	40875233	sra	x4,x14,x8	 x14:0x00000000  x8:0x00000000  x4=0x00000000
       13085000	      1307	80000c6c	00192223	sw	x1,4(x18)	 x18:0x80009f30  x1:0x80000f38 PA:0x80009f34
       13095000	      1308	80000c70	005f13b3	sll	x7,x30,x5	 x30:0xe1ee9000  x5:0x00000000  x7=0xe1ee9000
       13105000	      1309	80000c74	00bd1b33	sll	x22,x26,x11	 x26:0x00000000 x11:0xfffff8ea x22=0x00000000
       13115000	      1310	80000c78	9a76a693	slti	x13,x13,-1625	 x13:0x800007df x13=0x00000001
       13125000	      1311	80000c7c	017342b3	xor	x5,x6,x23	  x6:0x80009fc6 x23:0xcc588f28  x5=0x4c5810ee
       13135000	      1312	80000c80	00de78b3	and	x17,x28,x13	 x28:0x00000000 x13:0x00000001 x17=0x00000000
       13145000	      1313	80000c84	02edc063	blt	x27,x14,80000ca4	 x27:0x00000000 x14:0x00000000
       13155000	      1314	80000c88	013752b3	srl	x5,x14,x19	 x14:0x00000000 x19:0x00000000  x5=0x00000000
       13165000	      1315	80000c8c	00000013	addi	x0,x0,0	  x0:0x00000000
       13175000	      1316	80000c90	98ede193	ori	x3,x27,-1650	 x27:0x00000000  x3=0xfffff98e
       13185000	      1317	80000c94	01989cb3	sll	x25,x17,x25	 x17:0x00000000 x25:0x1b73e0e0 x25=0x00000000
       13195000	      1318	80000c98	40bf5113	srai	x2,x30,0xb	 x30:0xe1ee9000  x2=0xfffc3dd2
       13205000	      1319	80000c9c	4be44e93	xori	x29,x8,1214	  x8:0x00000000 x29=0x000004be
       13215000	      1320	80000ca0	3d8e7f93	andi	x31,x28,984	 x28:0x00000000 x31=0x00000000
       13225000	      1321	80000ca4	368000ef	jal	x1,80000ca4	  x1=0x80000ca4
       13235000	      1322	00000000	00000013	addi	x0,x0,0	  x0:0x00000000
       13245000	      1323	80001008	00000013	addi	x0,x0,0	  x0:0x00000000
       13255000	      1324	8000100c	007dafb3	slt	x31,x27,x7	 x27:0x00000000  x7:0xe1ee9000 x31=0x00000000
       13265000	      1325	80001010	f147a213	slti	x4,x15,-236	 x15:0xf3acf38a  x4=0x00000001
       13275000	      1326	80001014	c3ba5617	auipc	x12,0xc3ba5	 x12=0x43ba6010
       13285000	      1327	80001018	ff890913	addi	x18,x18,-8	 x18:0x80009f30 x18=0x80009f28
       13295000	      1328	8000101c	c457fe93	andi	x29,x15,-955	 x15:0xf3acf38a x29=0xf3acf000
       13305000	      1329	80001020	00192223	sw	x1,4(x18)	 x18:0x80009f28  x1:0x80000ca4 PA:0x80009f2c
       13315000	      1330	80001024	01c422b3	slt	x5,x8,x28	  x8:0x00000000 x28:0x00000000  x5=0x00000000
       13325000	      1331	80001028	00900113	addi	x2,x0,9	  x0:0x00000000  x2=0x00000009
       13335000	      1332	8000102c	00000013	addi	x0,x0,0	  x0:0x00000000
       13345000	      1333	80001030	aac47e93	andi	x29,x8,-1364	  x8:0x00000000 x29=0x00000000
       13355000	      1334	80001034	000b5eb3	srl	x29,x22,x0	 x22:0x00000000  x0:0x00000000 x29=0x00000000
       13365000	      1335	80001038	00c75493	srli	x9,x14,0xc	 x14:0x00000000  x9=0x00000000
       13375000	      1336	8000103c	013985b3	add	x11,x19,x19	 x19:0x00000000 x19:0x00000000 x11=0x00000000
       13385000	      1337	80001040	01fa23b3	slt	x7,x20,x31	 x20:0x80009fc4 x31:0x00000000  x7=0x00000001
       13395000	      1338	80001044	8fb43893	sltiu	x17,x8,-1797	  x8:0x00000000 x17=0x00000001
       13405000	      1339	80001048	00995493	srli	x9,x18,0x9	 x18:0x80009f28  x9=0x0040004f
       13415000	      1340	8000104c	01100d93	addi	x27,x0,17	  x0:0x00000000 x27=0x00000011
       13425000	      1341	80001050	00d08bb3	add	x23,x1,x13	  x1:0x80000ca4 x13:0x00000001 x23=0x80000ca5
       13435000	      1342	80001054	a1bc8a97	auipc	x21,0xa1bc8	 x21=0x21bc9050
       13445000	      1343	80001058	00110113	addi	x2,x2,1	  x2:0x00000009  x2=0x0000000a
       13455000	      1344	8000105c	00d81a93	slli	x21,x16,0xd	 x16:0x8c53ac3a x21=0x75874000
       13465000	      1345	80001060	406d8333	sub	x6,x27,x6	 x27:0x00000011  x6:0x80009fc6  x6=0x7fff604b
       13475000	      1346	80001064	01f4a2b3	slt	x5,x9,x31	  x9:0x0040004f x31:0x00000000  x5=0x00000000
       13485000	      1347	80001068	ffb106e3	beq	x2,x27,80001054	  x2:0x0000000a x27:0x00000011
       13495000	      1348	8000106c	00ce5bb3	srl	x23,x28,x12	 x28:0x00000000 x12:0x43ba6010 x23=0x00000000
       13505000	      1349	80001070	00800893	addi	x17,x0,8	  x0:0x00000000 x17=0x00000008
       13515000	      1350	80001074	016874b3	and	x9,x16,x22	 x16:0x8c53ac3a x22:0x00000000  x9=0x00000000
       13525000	      1351	80001078	244f8b37	lui	x22,0x244f8	 x22=0x244f8000
       13535000	      1352	8000107c	00183333	sltu	x6,x16,x1	 x16:0x8c53ac3a  x1:0x80000ca4  x6=0x00000000
       13545000	      1353	80001080	00f00393	addi	x7,x0,15	  x0:0x00000000  x7=0x0000000f
       13555000	      1354	80001084	aa760e93	addi	x29,x12,-1369	 x12:0x43ba6010 x29=0x43ba5ab7
       13565000	      1355	80001088	00000013	addi	x0,x0,0	  x0:0x00000000
       13575000	      1356	8000108c	40e24f13	xori	x30,x4,1038	  x4:0x00000001 x30=0x0000040f
       13585000	      1357	80001090	00b99513	slli	x10,x19,0xb	 x19:0x00000000 x10=0x00000000
       13595000	      1358	80001094	018ff633	and	x12,x31,x24	 x31:0x00000000 x24:0x0000000e x12=0x00000000
       13605000	      1359	80001098	00a96533	or	x10,x18,x10	 x18:0x80009f28 x10:0x00000000 x10=0x80009f28
       13615000	      1360	8000109c	402201b3	sub	x3,x4,x2	  x4:0x00000001  x2:0x0000000a  x3=0xfffffff7
       13625000	      1361	800010a0	3cdf3817	auipc	x16,0x3cdf3	 x16=0xbcdf409c
       13635000	      1362	800010a4	00788893	addi	x17,x17,7	 x17:0x00000008 x17=0x0000000f
       13645000	      1363	800010a8	00100113	addi	x2,x0,1	  x0:0x00000000  x2=0x00000001
       13655000	      1364	800010ac	ff300993	addi	x19,x0,-13	  x0:0x00000000 x19=0xfffffff3
       13665000	      1365	800010b0	00e09713	slli	x14,x1,0xe	  x1:0x80000ca4 x14=0x03290000
       13675000	      1366	800010b4	01616533	or	x10,x2,x22	  x2:0x00000001 x22:0x244f8000 x10=0x244f8001
       13685000	      1367	800010b8	40f18f33	sub	x30,x3,x15	  x3:0xfffffff7 x15:0xf3acf38a x30=0x0c530c6d
       13695000	      1368	800010bc	ffe10113	addi	x2,x2,-2	  x2:0x00000001  x2=0xffffffff
       13705000	      1369	800010c0	005ad633	srl	x12,x21,x5	 x21:0x75874000  x5:0x00000000 x12=0x75874000
       13715000	      1370	800010c4	00933433	sltu	x8,x6,x9	  x6:0x00000000  x9:0x00000000  x8=0x00000000
       13725000	      1371	800010c8	41dddeb3	sra	x29,x27,x29	 x27:0x00000011 x29:0x43ba5ab7 x29=0x00000000
       13735000	      1372	800010cc	00000013	addi	x0,x0,0	  x0:0x00000000
       13745000	      1373	800010d0	0002ebb3	or	x23,x5,x0	  x5:0x00000000  x0:0x00000000 x23=0x00000000
       13755000	      1374	800010d4	ff3100e3	beq	x2,x19,800010b4	  x2:0xffffffff x19:0xfffffff3
       13765000	      1375	800010d8	a4a3ef13	ori	x30,x7,-1462	  x7:0x0000000f x30=0xfffffa4f
       13775000	      1376	800010dc	0078b2b3	sltu	x5,x17,x7	 x17:0x0000000f  x7:0x0000000f  x5=0x00000000
       13785000	      1377	800010e0	77732a93	slti	x21,x6,1911	  x6:0x00000000 x21=0x00000001
       13795000	      1378	800010e4	c60b4e13	xori	x28,x22,-928	 x22:0x244f8000 x28=0xdbb07c60
       13805000	      1379	800010e8	019c8fb3	add	x31,x25,x25	 x25:0x00000000 x25:0x00000000 x31=0x00000000
       13815000	      1380	800010ec	00312cb3	slt	x25,x2,x3	  x2:0xffffffff  x3:0xfffffff7 x25=0x00000000
       13825000	      1381	800010f0	01805493	srli	x9,x0,0x18	  x0:0x00000000  x9=0x00000000
       13835000	      1382	800010f4	f8789ce3	bne	x17,x7,8000108c	 x17:0x0000000f  x7:0x0000000f
       13845000	      1383	800010f8	017fbeb3	sltu	x29,x31,x23	 x31:0x00000000 x23:0x00000000 x29=0x00000000
       13855000	      1384	800010fc	ff700c13	addi	x24,x0,-9	  x0:0x00000000 x24=0xfffffff7
       13865000	      1385	80001100	00cad193	srli	x3,x21,0xc	 x21:0x00000001  x3=0x00000000
       13875000	      1386	80001104	00400893	addi	x17,x0,4	  x0:0x00000000 x17=0x00000004
       13885000	      1387	80001108	015da533	slt	x10,x27,x21	 x27:0x00000011 x21:0x00000001 x10=0x00000000
       13895000	      1388	8000110c	1ec64313	xori	x6,x12,492	 x12:0x75874000  x6=0x758741ec
       13905000	      1389	80001110	01ece633	or	x12,x25,x30	 x25:0x00000000 x30:0xfffffa4f x12=0xfffffa4f
       13915000	      1390	80001114	4bde5837	lui	x16,0x4bde5	 x16=0x4bde5000
       13925000	      1391	80001118	007c0c13	addi	x24,x24,7	 x24:0xfffffff7 x24=0xfffffffe
       13935000	      1392	8000111c	419e5eb3	sra	x29,x28,x25	 x28:0xdbb07c60 x25:0x00000000 x29=0xdbb07c60
       13945000	      1393	80001120	ff1c68e3	bltu	x24,x17,80001110	 x24:0xfffffffe x17:0x00000004
       13955000	      1394	80001124	6be13413	sltiu	x8,x2,1726	  x2:0xffffffff  x8=0x00000000
       13965000	      1395	80001128	ffc00813	addi	x16,x0,-4	  x0:0x00000000 x16=0xfffffffc
       13975000	      1396	8000112c	01fe3333	sltu	x6,x28,x31	 x28:0xdbb07c60 x31:0x00000000  x6=0x00000000
       13985000	      1397	80001130	01200d93	addi	x27,x0,18	  x0:0x00000000 x27=0x00000012
       13995000	      1398	80001134	40aa0e33	sub	x28,x20,x10	 x20:0x80009fc4 x10:0x00000000 x28=0x80009fc4
       14005000	      1399	80001138	00180813	addi	x16,x16,1	 x16:0xfffffffc x16=0xfffffffd
       14015000	      1400	8000113c	28e7a213	slti	x4,x15,654	 x15:0xf3acf38a  x4=0x00000001
       14025000	      1401	80001140	a1cb2b93	slti	x23,x22,-1508	 x22:0x244f8000 x23=0x00000000
       14035000	      1402	80001144	ffb00493	addi	x9,x0,-5	  x0:0x00000000  x9=0xfffffffb
       14045000	      1403	80001148	ff100713	addi	x14,x0,-15	  x0:0x00000000 x14=0xfffffff1
       14055000	      1404	8000114c	018bc133	xor	x2,x23,x24	 x23:0x00000000 x24:0xfffffffe  x2=0xfffffffe
       14065000	      1405	80001150	72e14b13	xori	x22,x2,1838	  x2:0xfffffffe x22=0xfffff8d0
       14075000	      1406	80001154	00a54633	xor	x12,x10,x10	 x10:0x00000000 x10:0x00000000 x12=0x00000000
       14085000	      1407	80001158	ff748493	addi	x9,x9,-9	  x9:0xfffffffb  x9=0xfffffff2
       14095000	      1408	8000115c	5c96bc93	sltiu	x25,x13,1481	 x13:0x00000001 x25=0x00000001
       14105000	      1409	80001160	4177dc13	srai	x24,x15,0x17	 x15:0xf3acf38a x24=0xffffffe7
       14115000	      1410	80001164	fee4d6e3	bge	x9,x14,80001150	  x9:0xfffffff2 x14:0xfffffff1
       14125000	      1411	00000000	00000013	addi	x0,x0,0	  x0:0x00000000
       14135000	      1412	8000114c	00000013	addi	x0,x0,0	  x0:0x00000000
       14145000	      1413	80001150	72e14b13	xori	x22,x2,1838	  x2:0xfffffffe x22=0xfffff8d0
       14155000	      1414	80001154	00a54633	xor	x12,x10,x10	 x10:0x00000000 x10:0x00000000 x12=0x00000000
       14165000	      1415	80001158	ff748493	addi	x9,x9,-9	  x9:0xfffffff2  x9=0xffffffe9
       14175000	      1416	8000115c	5c96bc93	sltiu	x25,x13,1481	 x13:0x00000001 x25=0x00000001
       14185000	      1417	80001160	4177dc13	srai	x24,x15,0x17	 x15:0xf3acf38a x24=0xffffffe7
       14195000	      1418	80001164	fee4d6e3	bge	x9,x14,80001150	  x9:0xffffffe9 x14:0xfffffff1
       14205000	      1419	80001168	0003cfb3	xor	x31,x7,x0	  x7:0x0000000f  x0:0x00000000 x31=0x0000000f
       14215000	      1420	8000116c	fdb804e3	beq	x16,x27,80001134	 x16:0xfffffffd x27:0x00000012
       14225000	      1421	80001170	512bb393	sltiu	x7,x23,1298	 x23:0x00000000  x7=0x00000001
       14235000	      1422	80001174	00a00513	addi	x10,x0,10	  x0:0x00000000 x10=0x0000000a
       14245000	      1423	80001178	5e5fa197	auipc	x3,0x5e5fa	  x3=0xde5fb174
       14255000	      1424	8000117c	93253113	sltiu	x2,x10,-1742	 x10:0x0000000a  x2=0x00000001
       14265000	      1425	80001180	0b3b2b13	slti	x22,x22,179	 x22:0xfffff8d0 x22=0x00000001
       14275000	      1426	80001184	01c6cc33	xor	x24,x13,x28	 x13:0x00000001 x28:0x80009fc4 x24=0x80009fc5
       14285000	      1427	80001188	15722013	slti	x0,x4,343	  x4:0x00000001
       14295000	      1428	8000118c	00b991b3	sll	x3,x19,x11	 x19:0xfffffff3 x11:0x00000000  x3=0xfffffff3
       14305000	      1429	80001190	00cd7db3	and	x27,x26,x12	 x26:0x00000000 x12:0x00000000 x27=0x00000000
       14315000	      1430	80001194	00a00a93	addi	x21,x0,10	  x0:0x00000000 x21=0x0000000a
       14325000	      1431	80001198	00e61f13	slli	x30,x12,0xe	 x12:0x00000000 x30=0x00000000
       14335000	      1432	8000119c	4f038237	lui	x4,0x4f038	  x4=0x4f038000
       14345000	      1433	800011a0	019480b3	add	x1,x9,x25	  x9:0xffffffe9 x25:0x00000001  x1=0xffffffea
       14355000	      1434	800011a4	ff750513	addi	x10,x10,-9	 x10:0x0000000a x10=0x00000001
       14365000	      1435	800011a8	3cc1be93	sltiu	x29,x3,972	  x3:0xfffffff3 x29=0x00000000
       14375000	      1436	800011ac	00800b93	addi	x23,x0,8	  x0:0x00000000 x23=0x00000008
       14385000	      1437	800011b0	0049f633	and	x12,x19,x4	 x19:0xfffffff3  x4:0x4f038000 x12=0x4f038000
       14395000	      1438	800011b4	008d8033	add	x0,x27,x8	 x27:0x00000000  x8:0x00000000
       14405000	      1439	800011b8	01f0e733	or	x14,x1,x31	  x1:0xffffffea x31:0x0000000f x14=0xffffffef
       14415000	      1440	800011bc	00700d13	addi	x26,x0,7	  x0:0x00000000 x26=0x00000007
       14425000	      1441	800011c0	01320fb3	add	x31,x4,x19	  x4:0x4f038000 x19:0xfffffff3 x31=0x4f037ff3
       14435000	      1442	800011c4	408d0cb3	sub	x25,x26,x8	 x26:0x00000007  x8:0x00000000 x25=0x00000007
       14445000	      1443	800011c8	de804493	xori	x9,x0,-536	  x0:0x00000000  x9=0xfffffde8
       14455000	      1444	800011cc	44bc3893	sltiu	x17,x24,1099	 x24:0x80009fc5 x17=0x00000000
       14465000	      1445	800011d0	01ba8233	add	x4,x21,x27	 x21:0x0000000a x27:0x00000000  x4=0x0000000a
       14475000	      1446	800011d4	ffab8b93	addi	x23,x23,-6	 x23:0x00000008 x23=0x00000002
       14485000	      1447	800011d8	ffabfae3	bgeu	x23,x26,800011cc	 x23:0x00000002 x26:0x00000007
       14495000	      1448	800011dc	0602f613	andi	x12,x5,96	  x5:0x00000000 x12=0x00000000
       14505000	      1449	800011e0	00000013	addi	x0,x0,0	  x0:0x00000000
       14515000	      1450	800011e4	001b0833	add	x16,x22,x1	 x22:0x00000001  x1:0xffffffea x16=0xffffffeb
       14525000	      1451	800011e8	01f79d93	slli	x27,x15,0x1f	 x15:0xf3acf38a x27=0x00000000
       14535000	      1452	800011ec	0094e033	or	x0,x9,x9	  x9:0xfffffde8  x9:0xfffffde8
       14545000	      1453	800011f0	00000013	addi	x0,x0,0	  x0:0x00000000
       14555000	      1454	800011f4	fb5574e3	bgeu	x10,x21,8000119c	 x10:0x00000001 x21:0x0000000a
       14565000	      1455	800011f8	00000013	addi	x0,x0,0	  x0:0x00000000
       14575000	      1456	800011fc	ff600893	addi	x17,x0,-10	  x0:0x00000000 x17=0xfffffff6
       14585000	      1457	80001200	00fc2733	slt	x14,x24,x15	 x24:0x80009fc5 x15:0xf3acf38a x14=0x00000001
       14595000	      1458	80001204	00300a93	addi	x21,x0,3	  x0:0x00000000 x21=0x00000003
       14605000	      1459	80001208	00d8f533	and	x10,x17,x13	 x17:0xfffffff6 x13:0x00000001 x10=0x00000000
       14615000	      1460	8000120c	00000013	addi	x0,x0,0	  x0:0x00000000
       14625000	      1461	80001210	3efcff93	andi	x31,x25,1007	 x25:0x00000007 x31=0x00000007
       14635000	      1462	80001214	00e616b3	sll	x13,x12,x14	 x12:0x00000000 x14:0x00000001 x13=0x00000000
       14645000	      1463	80001218	4facc513	xori	x10,x25,1274	 x25:0x00000007 x10=0x000004fd
       14655000	      1464	8000121c	00588893	addi	x17,x17,5	 x17:0xfffffff6 x17=0xfffffffb
       14665000	      1465	80001220	00800093	addi	x1,x0,8	  x0:0x00000000  x1=0x00000008
       14675000	      1466	80001224	01925c93	srli	x25,x4,0x19	  x4:0x0000000a x25=0x00000000
       14685000	      1467	80001228	ffa00193	addi	x3,x0,-6	  x0:0x00000000  x3=0xfffffffa
       14695000	      1468	8000122c	40b9d3b3	sra	x7,x19,x11	 x19:0xfffffff3 x11:0x00000000  x7=0xfffffff3
       14705000	      1469	80001230	0029f9b3	and	x19,x19,x2	 x19:0xfffffff3  x2:0x00000001 x19=0x00000001
       14715000	      1470	80001234	64261f97	auipc	x31,0x64261	 x31=0xe4262230
       14725000	      1471	80001238	016f9333	sll	x6,x31,x22	 x31:0xe4262230 x22:0x00000001  x6=0xc84c4460
       14735000	      1472	8000123c	ffe08093	addi	x1,x1,-2	  x1:0x00000008  x1=0x00000006
       14745000	      1473	80001240	fe3098e3	bne	x1,x3,80001230	  x1:0x00000006  x3:0xfffffffa
       14755000	      1474	00000000	00000013	addi	x0,x0,0	  x0:0x00000000
       14765000	      1475	8000122c	00000013	addi	x0,x0,0	  x0:0x00000000
       14775000	      1476	80001230	0029f9b3	and	x19,x19,x2	 x19:0x00000001  x2:0x00000001 x19=0x00000001
       14785000	      1477	80001234	64261f97	auipc	x31,0x64261	 x31=0xe4262230
       14795000	      1478	80001238	016f9333	sll	x6,x31,x22	 x31:0xe4262230 x22:0x00000001  x6=0xc84c4460
       14805000	      1479	8000123c	ffe08093	addi	x1,x1,-2	  x1:0x00000006  x1=0x00000004
       14815000	      1480	80001240	fe3098e3	bne	x1,x3,80001230	  x1:0x00000004  x3:0xfffffffa
       14825000	      1481	00000000	00000013	addi	x0,x0,0	  x0:0x00000000
       14835000	      1482	8000122c	00000013	addi	x0,x0,0	  x0:0x00000000
       14845000	      1483	80001230	0029f9b3	and	x19,x19,x2	 x19:0x00000001  x2:0x00000001 x19=0x00000001
       14855000	      1484	80001234	64261f97	auipc	x31,0x64261	 x31=0xe4262230
       14865000	      1485	80001238	016f9333	sll	x6,x31,x22	 x31:0xe4262230 x22:0x00000001  x6=0xc84c4460
       14875000	      1486	8000123c	ffe08093	addi	x1,x1,-2	  x1:0x00000004  x1=0x00000002
       14885000	      1487	80001240	fe3098e3	bne	x1,x3,80001230	  x1:0x00000002  x3:0xfffffffa
       14895000	      1488	00000000	00000013	addi	x0,x0,0	  x0:0x00000000
       14905000	      1489	8000122c	00000013	addi	x0,x0,0	  x0:0x00000000
       14915000	      1490	80001230	0029f9b3	and	x19,x19,x2	 x19:0x00000001  x2:0x00000001 x19=0x00000001
       14925000	      1491	80001234	64261f97	auipc	x31,0x64261	 x31=0xe4262230
       14935000	      1492	80001238	016f9333	sll	x6,x31,x22	 x31:0xe4262230 x22:0x00000001  x6=0xc84c4460
       14945000	      1493	8000123c	ffe08093	addi	x1,x1,-2	  x1:0x00000002  x1=0x00000000
       14955000	      1494	80001240	fe3098e3	bne	x1,x3,80001230	  x1:0x00000000  x3:0xfffffffa
       14965000	      1495	00000000	00000013	addi	x0,x0,0	  x0:0x00000000
       14975000	      1496	8000122c	00000013	addi	x0,x0,0	  x0:0x00000000
       14985000	      1497	80001230	0029f9b3	and	x19,x19,x2	 x19:0x00000001  x2:0x00000001 x19=0x00000001
       14995000	      1498	80001234	64261f97	auipc	x31,0x64261	 x31=0xe4262230
       15005000	      1499	80001238	016f9333	sll	x6,x31,x22	 x31:0xe4262230 x22:0x00000001  x6=0xc84c4460
       15015000	      1500	8000123c	ffe08093	addi	x1,x1,-2	  x1:0x00000000  x1=0xfffffffe
       15025000	      1501	80001240	fe3098e3	bne	x1,x3,80001230	  x1:0xfffffffe  x3:0xfffffffa
       15035000	      1502	00000000	00000013	addi	x0,x0,0	  x0:0x00000000
       15045000	      1503	8000122c	00000013	addi	x0,x0,0	  x0:0x00000000
       15055000	      1504	80001230	0029f9b3	and	x19,x19,x2	 x19:0x00000001  x2:0x00000001 x19=0x00000001
       15065000	      1505	80001234	64261f97	auipc	x31,0x64261	 x31=0xe4262230
       15075000	      1506	80001238	016f9333	sll	x6,x31,x22	 x31:0xe4262230 x22:0x00000001  x6=0xc84c4460
       15085000	      1507	8000123c	ffe08093	addi	x1,x1,-2	  x1:0xfffffffe  x1=0xfffffffc
       15095000	      1508	80001240	fe3098e3	bne	x1,x3,80001230	  x1:0xfffffffc  x3:0xfffffffa
       15105000	      1509	00000000	00000013	addi	x0,x0,0	  x0:0x00000000
       15115000	      1510	8000122c	00000013	addi	x0,x0,0	  x0:0x00000000
       15125000	      1511	80001230	0029f9b3	and	x19,x19,x2	 x19:0x00000001  x2:0x00000001 x19=0x00000001
       15135000	      1512	80001234	64261f97	auipc	x31,0x64261	 x31=0xe4262230
       15145000	      1513	80001238	016f9333	sll	x6,x31,x22	 x31:0xe4262230 x22:0x00000001  x6=0xc84c4460
       15155000	      1514	8000123c	ffe08093	addi	x1,x1,-2	  x1:0xfffffffc  x1=0xfffffffa
       15165000	      1515	80001240	fe3098e3	bne	x1,x3,80001230	  x1:0xfffffffa  x3:0xfffffffa
       15175000	      1516	80001244	00000013	addi	x0,x0,0	  x0:0x00000000
       15185000	      1517	80001248	ef004e93	xori	x29,x0,-272	  x0:0x00000000 x29=0xfffffef0
       15195000	      1518	8000124c	0003a433	slt	x8,x7,x0	  x7:0xfffffff3  x0:0x00000000  x8=0x00000001
       15205000	      1519	80001250	36e67213	andi	x4,x12,878	 x12:0x00000000  x4=0x00000000
       15215000	      1520	80001254	016e9233	sll	x4,x29,x22	 x29:0xfffffef0 x22:0x00000001  x4=0xfffffde0
       15225000	      1521	80001258	fb58c8e3	blt	x17,x21,80001208	 x17:0xfffffffb x21:0x00000003
       15235000	      1522	00000000	00000013	addi	x0,x0,0	  x0:0x00000000
       15245000	      1523	80001204	00000013	addi	x0,x0,0	  x0:0x00000000
       15255000	      1524	80001208	00d8f533	and	x10,x17,x13	 x17:0xfffffffb x13:0x00000000 x10=0x00000000
       15265000	      1525	8000120c	00000013	addi	x0,x0,0	  x0:0x00000000
       15275000	      1526	80001210	3efcff93	andi	x31,x25,1007	 x25:0x00000000 x31=0x00000000
       15285000	      1527	80001214	00e616b3	sll	x13,x12,x14	 x12:0x00000000 x14:0x00000001 x13=0x00000000
       15295000	      1528	80001218	4facc513	xori	x10,x25,1274	 x25:0x00000000 x10=0x000004fa
       15305000	      1529	8000121c	00588893	addi	x17,x17,5	 x17:0xfffffffb x17=0x00000000
       15315000	      1530	80001220	00800093	addi	x1,x0,8	  x0:0x00000000  x1=0x00000008
       15325000	      1531	80001224	01925c93	srli	x25,x4,0x19	  x4:0xfffffde0 x25=0x0000007f
       15335000	      1532	80001228	ffa00193	addi	x3,x0,-6	  x0:0x00000000  x3=0xfffffffa
       15345000	      1533	8000122c	40b9d3b3	sra	x7,x19,x11	 x19:0x00000001 x11:0x00000000  x7=0x00000001
       15355000	      1534	80001230	0029f9b3	and	x19,x19,x2	 x19:0x00000001  x2:0x00000001 x19=0x00000001
       15365000	      1535	80001234	64261f97	auipc	x31,0x64261	 x31=0xe4262230
       15375000	      1536	80001238	016f9333	sll	x6,x31,x22	 x31:0xe4262230 x22:0x00000001  x6=0xc84c4460
       15385000	      1537	8000123c	ffe08093	addi	x1,x1,-2	  x1:0x00000008  x1=0x00000006
       15395000	      1538	80001240	fe3098e3	bne	x1,x3,80001230	  x1:0x00000006  x3:0xfffffffa
       15405000	      1539	00000000	00000013	addi	x0,x0,0	  x0:0x00000000
       15415000	      1540	8000122c	00000013	addi	x0,x0,0	  x0:0x00000000
       15425000	      1541	80001230	0029f9b3	and	x19,x19,x2	 x19:0x00000001  x2:0x00000001 x19=0x00000001
       15435000	      1542	80001234	64261f97	auipc	x31,0x64261	 x31=0xe4262230
       15445000	      1543	80001238	016f9333	sll	x6,x31,x22	 x31:0xe4262230 x22:0x00000001  x6=0xc84c4460
       15455000	      1544	8000123c	ffe08093	addi	x1,x1,-2	  x1:0x00000006  x1=0x00000004
       15465000	      1545	80001240	fe3098e3	bne	x1,x3,80001230	  x1:0x00000004  x3:0xfffffffa
       15475000	      1546	00000000	00000013	addi	x0,x0,0	  x0:0x00000000
       15485000	      1547	8000122c	00000013	addi	x0,x0,0	  x0:0x00000000
       15495000	      1548	80001230	0029f9b3	and	x19,x19,x2	 x19:0x00000001  x2:0x00000001 x19=0x00000001
       15505000	      1549	80001234	64261f97	auipc	x31,0x64261	 x31=0xe4262230
       15515000	      1550	80001238	016f9333	sll	x6,x31,x22	 x31:0xe4262230 x22:0x00000001  x6=0xc84c4460
       15525000	      1551	8000123c	ffe08093	addi	x1,x1,-2	  x1:0x00000004  x1=0x00000002
       15535000	      1552	80001240	fe3098e3	bne	x1,x3,80001230	  x1:0x00000002  x3:0xfffffffa
       15545000	      1553	00000000	00000013	addi	x0,x0,0	  x0:0x00000000
       15555000	      1554	8000122c	00000013	addi	x0,x0,0	  x0:0x00000000
       15565000	      1555	80001230	0029f9b3	and	x19,x19,x2	 x19:0x00000001  x2:0x00000001 x19=0x00000001
       15575000	      1556	80001234	64261f97	auipc	x31,0x64261	 x31=0xe4262230
       15585000	      1557	80001238	016f9333	sll	x6,x31,x22	 x31:0xe4262230 x22:0x00000001  x6=0xc84c4460
       15595000	      1558	8000123c	ffe08093	addi	x1,x1,-2	  x1:0x00000002  x1=0x00000000
       15605000	      1559	80001240	fe3098e3	bne	x1,x3,80001230	  x1:0x00000000  x3:0xfffffffa
       15615000	      1560	00000000	00000013	addi	x0,x0,0	  x0:0x00000000
       15625000	      1561	8000122c	00000013	addi	x0,x0,0	  x0:0x00000000
       15635000	      1562	80001230	0029f9b3	and	x19,x19,x2	 x19:0x00000001  x2:0x00000001 x19=0x00000001
       15645000	      1563	80001234	64261f97	auipc	x31,0x64261	 x31=0xe4262230
       15655000	      1564	80001238	016f9333	sll	x6,x31,x22	 x31:0xe4262230 x22:0x00000001  x6=0xc84c4460
       15665000	      1565	8000123c	ffe08093	addi	x1,x1,-2	  x1:0x00000000  x1=0xfffffffe
       15675000	      1566	80001240	fe3098e3	bne	x1,x3,80001230	  x1:0xfffffffe  x3:0xfffffffa
       15685000	      1567	00000000	00000013	addi	x0,x0,0	  x0:0x00000000
       15695000	      1568	8000122c	00000013	addi	x0,x0,0	  x0:0x00000000
       15705000	      1569	80001230	0029f9b3	and	x19,x19,x2	 x19:0x00000001  x2:0x00000001 x19=0x00000001
       15715000	      1570	80001234	64261f97	auipc	x31,0x64261	 x31=0xe4262230
       15725000	      1571	80001238	016f9333	sll	x6,x31,x22	 x31:0xe4262230 x22:0x00000001  x6=0xc84c4460
       15735000	      1572	8000123c	ffe08093	addi	x1,x1,-2	  x1:0xfffffffe  x1=0xfffffffc
       15745000	      1573	80001240	fe3098e3	bne	x1,x3,80001230	  x1:0xfffffffc  x3:0xfffffffa
       15755000	      1574	00000000	00000013	addi	x0,x0,0	  x0:0x00000000
       15765000	      1575	8000122c	00000013	addi	x0,x0,0	  x0:0x00000000
       15775000	      1576	80001230	0029f9b3	and	x19,x19,x2	 x19:0x00000001  x2:0x00000001 x19=0x00000001
       15785000	      1577	80001234	64261f97	auipc	x31,0x64261	 x31=0xe4262230
       15795000	      1578	80001238	016f9333	sll	x6,x31,x22	 x31:0xe4262230 x22:0x00000001  x6=0xc84c4460
       15805000	      1579	8000123c	ffe08093	addi	x1,x1,-2	  x1:0xfffffffc  x1=0xfffffffa
       15815000	      1580	80001240	fe3098e3	bne	x1,x3,80001230	  x1:0xfffffffa  x3:0xfffffffa
       15825000	      1581	80001244	00000013	addi	x0,x0,0	  x0:0x00000000
       15835000	      1582	80001248	ef004e93	xori	x29,x0,-272	  x0:0x00000000 x29=0xfffffef0
       15845000	      1583	8000124c	0003a433	slt	x8,x7,x0	  x7:0x00000001  x0:0x00000000  x8=0x00000000
       15855000	      1584	80001250	36e67213	andi	x4,x12,878	 x12:0x00000000  x4=0x00000000
       15865000	      1585	80001254	016e9233	sll	x4,x29,x22	 x29:0xfffffef0 x22:0x00000001  x4=0xfffffde0
       15875000	      1586	80001258	fb58c8e3	blt	x17,x21,80001208	 x17:0x00000000 x21:0x00000003
       15885000	      1587	00000000	00000013	addi	x0,x0,0	  x0:0x00000000
       15895000	      1588	80001204	00000013	addi	x0,x0,0	  x0:0x00000000
       15905000	      1589	80001208	00d8f533	and	x10,x17,x13	 x17:0x00000000 x13:0x00000000 x10=0x00000000
       15915000	      1590	8000120c	00000013	addi	x0,x0,0	  x0:0x00000000
       15925000	      1591	80001210	3efcff93	andi	x31,x25,1007	 x25:0x0000007f x31=0x0000006f
       15935000	      1592	80001214	00e616b3	sll	x13,x12,x14	 x12:0x00000000 x14:0x00000001 x13=0x00000000
       15945000	      1593	80001218	4facc513	xori	x10,x25,1274	 x25:0x0000007f x10=0x00000485
       15955000	      1594	8000121c	00588893	addi	x17,x17,5	 x17:0x00000000 x17=0x00000005
       15965000	      1595	80001220	00800093	addi	x1,x0,8	  x0:0x00000000  x1=0x00000008
       15975000	      1596	80001224	01925c93	srli	x25,x4,0x19	  x4:0xfffffde0 x25=0x0000007f
       15985000	      1597	80001228	ffa00193	addi	x3,x0,-6	  x0:0x00000000  x3=0xfffffffa
       15995000	      1598	8000122c	40b9d3b3	sra	x7,x19,x11	 x19:0x00000001 x11:0x00000000  x7=0x00000001
       16005000	      1599	80001230	0029f9b3	and	x19,x19,x2	 x19:0x00000001  x2:0x00000001 x19=0x00000001
       16015000	      1600	80001234	64261f97	auipc	x31,0x64261	 x31=0xe4262230
       16025000	      1601	80001238	016f9333	sll	x6,x31,x22	 x31:0xe4262230 x22:0x00000001  x6=0xc84c4460
       16035000	      1602	8000123c	ffe08093	addi	x1,x1,-2	  x1:0x00000008  x1=0x00000006
       16045000	      1603	80001240	fe3098e3	bne	x1,x3,80001230	  x1:0x00000006  x3:0xfffffffa
       16055000	      1604	00000000	00000013	addi	x0,x0,0	  x0:0x00000000
       16065000	      1605	8000122c	00000013	addi	x0,x0,0	  x0:0x00000000
       16075000	      1606	80001230	0029f9b3	and	x19,x19,x2	 x19:0x00000001  x2:0x00000001 x19=0x00000001
       16085000	      1607	80001234	64261f97	auipc	x31,0x64261	 x31=0xe4262230
       16095000	      1608	80001238	016f9333	sll	x6,x31,x22	 x31:0xe4262230 x22:0x00000001  x6=0xc84c4460
       16105000	      1609	8000123c	ffe08093	addi	x1,x1,-2	  x1:0x00000006  x1=0x00000004
       16115000	      1610	80001240	fe3098e3	bne	x1,x3,80001230	  x1:0x00000004  x3:0xfffffffa
       16125000	      1611	00000000	00000013	addi	x0,x0,0	  x0:0x00000000
       16135000	      1612	8000122c	00000013	addi	x0,x0,0	  x0:0x00000000
       16145000	      1613	80001230	0029f9b3	and	x19,x19,x2	 x19:0x00000001  x2:0x00000001 x19=0x00000001
       16155000	      1614	80001234	64261f97	auipc	x31,0x64261	 x31=0xe4262230
       16165000	      1615	80001238	016f9333	sll	x6,x31,x22	 x31:0xe4262230 x22:0x00000001  x6=0xc84c4460
       16175000	      1616	8000123c	ffe08093	addi	x1,x1,-2	  x1:0x00000004  x1=0x00000002
       16185000	      1617	80001240	fe3098e3	bne	x1,x3,80001230	  x1:0x00000002  x3:0xfffffffa
       16195000	      1618	00000000	00000013	addi	x0,x0,0	  x0:0x00000000
       16205000	      1619	8000122c	00000013	addi	x0,x0,0	  x0:0x00000000
       16215000	      1620	80001230	0029f9b3	and	x19,x19,x2	 x19:0x00000001  x2:0x00000001 x19=0x00000001
       16225000	      1621	80001234	64261f97	auipc	x31,0x64261	 x31=0xe4262230
       16235000	      1622	80001238	016f9333	sll	x6,x31,x22	 x31:0xe4262230 x22:0x00000001  x6=0xc84c4460
       16245000	      1623	8000123c	ffe08093	addi	x1,x1,-2	  x1:0x00000002  x1=0x00000000
       16255000	      1624	80001240	fe3098e3	bne	x1,x3,80001230	  x1:0x00000000  x3:0xfffffffa
       16265000	      1625	00000000	00000013	addi	x0,x0,0	  x0:0x00000000
       16275000	      1626	8000122c	00000013	addi	x0,x0,0	  x0:0x00000000
       16285000	      1627	80001230	0029f9b3	and	x19,x19,x2	 x19:0x00000001  x2:0x00000001 x19=0x00000001
       16295000	      1628	80001234	64261f97	auipc	x31,0x64261	 x31=0xe4262230
       16305000	      1629	80001238	016f9333	sll	x6,x31,x22	 x31:0xe4262230 x22:0x00000001  x6=0xc84c4460
       16315000	      1630	8000123c	ffe08093	addi	x1,x1,-2	  x1:0x00000000  x1=0xfffffffe
       16325000	      1631	80001240	fe3098e3	bne	x1,x3,80001230	  x1:0xfffffffe  x3:0xfffffffa
       16335000	      1632	00000000	00000013	addi	x0,x0,0	  x0:0x00000000
       16345000	      1633	8000122c	00000013	addi	x0,x0,0	  x0:0x00000000
       16355000	      1634	80001230	0029f9b3	and	x19,x19,x2	 x19:0x00000001  x2:0x00000001 x19=0x00000001
       16365000	      1635	80001234	64261f97	auipc	x31,0x64261	 x31=0xe4262230
       16375000	      1636	80001238	016f9333	sll	x6,x31,x22	 x31:0xe4262230 x22:0x00000001  x6=0xc84c4460
       16385000	      1637	8000123c	ffe08093	addi	x1,x1,-2	  x1:0xfffffffe  x1=0xfffffffc
       16395000	      1638	80001240	fe3098e3	bne	x1,x3,80001230	  x1:0xfffffffc  x3:0xfffffffa
       16405000	      1639	00000000	00000013	addi	x0,x0,0	  x0:0x00000000
       16415000	      1640	8000122c	00000013	addi	x0,x0,0	  x0:0x00000000
       16425000	      1641	80001230	0029f9b3	and	x19,x19,x2	 x19:0x00000001  x2:0x00000001 x19=0x00000001
       16435000	      1642	80001234	64261f97	auipc	x31,0x64261	 x31=0xe4262230
       16445000	      1643	80001238	016f9333	sll	x6,x31,x22	 x31:0xe4262230 x22:0x00000001  x6=0xc84c4460
       16455000	      1644	8000123c	ffe08093	addi	x1,x1,-2	  x1:0xfffffffc  x1=0xfffffffa
       16465000	      1645	80001240	fe3098e3	bne	x1,x3,80001230	  x1:0xfffffffa  x3:0xfffffffa
       16475000	      1646	80001244	00000013	addi	x0,x0,0	  x0:0x00000000
       16485000	      1647	80001248	ef004e93	xori	x29,x0,-272	  x0:0x00000000 x29=0xfffffef0
       16495000	      1648	8000124c	0003a433	slt	x8,x7,x0	  x7:0x00000001  x0:0x00000000  x8=0x00000000
       16505000	      1649	80001250	36e67213	andi	x4,x12,878	 x12:0x00000000  x4=0x00000000
       16515000	      1650	80001254	016e9233	sll	x4,x29,x22	 x29:0xfffffef0 x22:0x00000001  x4=0xfffffde0
       16525000	      1651	80001258	fb58c8e3	blt	x17,x21,80001208	 x17:0x00000005 x21:0x00000003
       16535000	      1652	8000125c	01d06b33	or	x22,x0,x29	  x0:0x00000000 x29:0xfffffef0 x22=0xfffffef0
       16545000	      1653	80001260	ffc00693	addi	x13,x0,-4	  x0:0x00000000 x13=0xfffffffc
       16555000	      1654	80001264	bef3e493	ori	x9,x7,-1041	  x7:0x00000001  x9=0xfffffbef
       16565000	      1655	80001268	34ee0317	auipc	x6,0x34ee0	  x6=0xb4ee1264
       16575000	      1656	8000126c	00300c13	addi	x24,x0,3	  x0:0x00000000 x24=0x00000003
       16585000	      1657	80001270	00ae7533	and	x10,x28,x10	 x28:0x80009fc4 x10:0x00000485 x10=0x00000484
       16595000	      1658	80001274	00191bb3	sll	x23,x18,x1	 x18:0x80009f28  x1:0xfffffffa x23=0xa0000000
       16605000	      1659	80001278	af6eb093	sltiu	x1,x29,-1290	 x29:0xfffffef0  x1=0x00000000
       16615000	      1660	8000127c	00268693	addi	x13,x13,2	 x13:0xfffffffc x13=0xfffffffe
       16625000	      1661	80001280	00000013	addi	x0,x0,0	  x0:0x00000000
       16635000	      1662	80001284	01909db3	sll	x27,x1,x25	  x1:0x00000000 x25:0x0000007f x27=0x00000000
       16645000	      1663	80001288	d80fe8b7	lui	x17,0xd80fe	 x17=0xd80fe000
       16655000	      1664	8000128c	9aebfb93	andi	x23,x23,-1618	 x23:0xa0000000 x23=0xa0000000
       16665000	      1665	80001290	ff86e4e3	bltu	x13,x24,80001278	 x13:0xfffffffe x24:0x00000003
       16675000	      1666	80001294	01a95193	srli	x3,x18,0x1a	 x18:0x80009f28  x3=0x00000020
       16685000	      1667	80001298	ff700893	addi	x17,x0,-9	  x0:0x00000000 x17=0xfffffff7
       16695000	      1668	8000129c	014a8db3	add	x27,x21,x20	 x21:0x00000003 x20:0x80009fc4 x27=0x80009fc7
       16705000	      1669	800012a0	00400d13	addi	x26,x0,4	  x0:0x00000000 x26=0x00000004
       16715000	      1670	800012a4	41a3df33	sra	x30,x7,x26	  x7:0x00000001 x26:0x00000004 x30=0x00000000
       16725000	      1671	800012a8	005d82b3	add	x5,x27,x5	 x27:0x80009fc7  x5:0x00000000  x5=0x80009fc7
       16735000	      1672	800012ac	8aa6e993	ori	x19,x13,-1878	 x13:0xfffffffe x19=0xfffffffe
       16745000	      1673	800012b0	28aecc17	auipc	x24,0x28aec	 x24=0xa8aed2ac
       16755000	      1674	800012b4	73626013	ori	x0,x4,1846	  x4:0xfffffde0
       16765000	      1675	800012b8	f36d8593	addi	x11,x27,-202	 x27:0x80009fc7 x11=0x80009efd
       16775000	      1676	800012bc	00577e33	and	x28,x14,x5	 x14:0x00000001  x5:0x80009fc7 x28=0x00000001
       16785000	      1677	800012c0	ecc74713	xori	x14,x14,-308	 x14:0x00000001 x14=0xfffffecd
       16795000	      1678	800012c4	00588893	addi	x17,x17,5	 x17:0xfffffff7 x17=0xfffffffc
       16805000	      1679	800012c8	00c10633	add	x12,x2,x12	  x2:0x00000001 x12:0x00000000 x12=0x00000001
       16815000	      1680	800012cc	01d01133	sll	x2,x0,x29	  x0:0x00000000 x29:0xfffffef0  x2=0x00000000
       16825000	      1681	800012d0	3b5ce513	ori	x10,x25,949	 x25:0x0000007f x10=0x000003ff
       16835000	      1682	800012d4	005ae3b3	or	x7,x21,x5	 x21:0x00000003  x5:0x80009fc7  x7=0x80009fc7
       16845000	      1683	800012d8	93c7f393	andi	x7,x15,-1732	 x15:0xf3acf38a  x7=0xf3acf108
       16855000	      1684	800012dc	40fed113	srai	x2,x29,0xf	 x29:0xfffffef0  x2=0xffffffff
       16865000	      1685	800012e0	00000013	addi	x0,x0,0	  x0:0x00000000
       16875000	      1686	800012e4	005f43b3	xor	x7,x30,x5	 x30:0x00000000  x5:0x80009fc7  x7=0x80009fc7
       16885000	      1687	800012e8	014b0b33	add	x22,x22,x20	 x22:0xfffffef0 x20:0x80009fc4 x22=0x80009eb4
       16895000	      1688	800012ec	fda8e2e3	bltu	x17,x26,800012b0	 x17:0xfffffffc x26:0x00000004
       16905000	      1689	800012f0	d29c2993	slti	x19,x24,-727	 x24:0xa8aed2ac x19=0x00000001
       16915000	      1690	800012f4	00a00f13	addi	x30,x0,10	  x0:0x00000000 x30=0x0000000a
       16925000	      1691	800012f8	00700093	addi	x1,x0,7	  x0:0x00000000  x1=0x00000007
       16935000	      1692	800012fc	00000013	addi	x0,x0,0	  x0:0x00000000
       16945000	      1693	80001300	ffaf0f13	addi	x30,x30,-6	 x30:0x0000000a x30=0x00000004
       16955000	      1694	80001304	40338ab3	sub	x21,x7,x3	  x7:0x80009fc7  x3:0x00000020 x21=0x80009fa7
       16965000	      1695	80001308	00200613	addi	x12,x0,2	  x0:0x00000000 x12=0x00000002
       16975000	      1696	8000130c	00e00893	addi	x17,x0,14	  x0:0x00000000 x17=0x0000000e
       16985000	      1697	80001310	0130c433	xor	x8,x1,x19	  x1:0x00000007 x19:0x00000001  x8=0x00000006
       16995000	      1698	80001314	00aaa833	slt	x16,x21,x10	 x21:0x80009fa7 x10:0x000003ff x16=0x00000001
       17005000	      1699	80001318	00660613	addi	x12,x12,6	 x12:0x00000002 x12=0x00000008
       17015000	      1700	8000131c	00b5d493	srli	x9,x11,0xb	 x11:0x80009efd  x9=0x00100013
       17025000	      1701	80001320	ff161ae3	bne	x12,x17,80001314	 x12:0x00000008 x17:0x0000000e
       17035000	      1702	00000000	00000013	addi	x0,x0,0	  x0:0x00000000
       17045000	      1703	80001310	00000013	addi	x0,x0,0	  x0:0x00000000
       17055000	      1704	80001314	00aaa833	slt	x16,x21,x10	 x21:0x80009fa7 x10:0x000003ff x16=0x00000001
       17065000	      1705	80001318	00660613	addi	x12,x12,6	 x12:0x00000008 x12=0x0000000e
       17075000	      1706	8000131c	00b5d493	srli	x9,x11,0xb	 x11:0x80009efd  x9=0x00100013
       17085000	      1707	80001320	ff161ae3	bne	x12,x17,80001314	 x12:0x0000000e x17:0x0000000e
       17095000	      1708	80001324	b97a9b37	lui	x22,0xb97a9	 x22=0xb97a9000
       17105000	      1709	80001328	fc1f7ae3	bgeu	x30,x1,800012fc	 x30:0x00000004  x1:0x00000007
       17115000	      1710	8000132c	0083f6b3	and	x13,x7,x8	  x7:0x80009fc7  x8:0x00000006 x13=0x00000006
       17125000	      1711	80001330	00a00313	addi	x6,x0,10	  x0:0x00000000  x6=0x0000000a
       17135000	      1712	80001334	07401617	auipc	x12,0x7401	 x12=0x87402330
       17145000	      1713	80001338	574f2813	slti	x16,x30,1396	 x30:0x00000004 x16=0x00000001
       17155000	      1714	8000133c	00a00e13	addi	x28,x0,10	  x0:0x00000000 x28=0x0000000a
       17165000	      1715	80001340	00f460b3	or	x1,x8,x15	  x8:0x00000006 x15:0xf3acf38a  x1=0xf3acf38e
       17175000	      1716	80001344	ff730313	addi	x6,x6,-9	  x6:0x0000000a  x6=0x00000001
       17185000	      1717	80001348	417881b3	sub	x3,x17,x23	 x17:0x0000000e x23:0xa0000000  x3=0x6000000e
       17195000	      1718	8000134c	00800f13	addi	x30,x0,8	  x0:0x00000000 x30=0x00000008
       17205000	      1719	80001350	88818213	addi	x4,x3,-1912	  x3:0x6000000e  x4=0x5ffff896
       17215000	      1720	80001354	00c00d13	addi	x26,x0,12	  x0:0x00000000 x26=0x0000000c
       17225000	      1721	80001358	41ed5113	srai	x2,x26,0x1e	 x26:0x0000000c  x2=0x00000000
       17235000	      1722	8000135c	76c58d93	addi	x27,x11,1900	 x11:0x80009efd x27=0x8000a669
       17245000	      1723	80001360	0157bbb3	sltu	x23,x15,x21	 x15:0xf3acf38a x21:0x80009fa7 x23=0x00000000
       17255000	      1724	80001364	416c5c93	srai	x25,x24,0x16	 x24:0xa8aed2ac x25=0xfffffea2
       17265000	      1725	80001368	93124813	xori	x16,x4,-1743	  x4:0x5ffff896 x16=0xa00001a7
       17275000	      1726	8000136c	413b82b3	sub	x5,x23,x19	 x23:0x00000000 x19:0x00000001  x5=0xffffffff
       17285000	      1727	80001370	00adc433	xor	x8,x27,x10	 x27:0x8000a669 x10:0x000003ff  x8=0x8000a596
       17295000	      1728	80001374	07348b93	addi	x23,x9,115	  x9:0x00100013 x23=0x00100086
       17305000	      1729	80001378	004f0f13	addi	x30,x30,4	 x30:0x00000008 x30=0x0000000c
       17315000	      1730	8000137c	01fef633	and	x12,x29,x31	 x29:0xfffffef0 x31:0xe4262230 x12=0xe4262230
       17325000	      1731	80001380	ffaf60e3	bltu	x30,x26,80001360	 x30:0x0000000c x26:0x0000000c
       17335000	      1732	80001384	4083dcb3	sra	x25,x7,x8	  x7:0x80009fc7  x8:0x8000a596 x25=0xfffffe00
       17345000	      1733	80001388	fbc37ce3	bgeu	x6,x28,80001340	  x6:0x00000001 x28:0x0000000a
       17355000	      1734	8000138c	00e723b3	slt	x7,x14,x14	 x14:0xfffffecd x14:0xfffffecd  x7=0x00000000
       17365000	      1735	80001390	01e09f13	slli	x30,x1,0x1e	  x1:0xf3acf38e x30=0x80000000
       17375000	      1736	80001394	59254593	xori	x11,x10,1426	 x10:0x000003ff x11=0x0000066d
       17385000	      1737	80001398	0126ee63	bltu	x13,x18,800013b4	 x13:0x00000006 x18:0x80009f28
       17395000	      1738	00000000	00000013	addi	x0,x0,0	  x0:0x00000000
       17405000	      1739	800013b0	00000013	addi	x0,x0,0	  x0:0x00000000
       17415000	      1740	800013b4	002facb3	slt	x25,x31,x2	 x31:0xe4262230  x2:0x00000000 x25=0x00000001
       17425000	      1741	800013b8	01635e33	srl	x28,x6,x22	  x6:0x00000001 x22:0xb97a9000 x28=0x00000001
       17435000	      1742	800013bc	01474733	xor	x14,x14,x20	 x14:0xfffffecd x20:0x80009fc4 x14=0x7fff6109
       17445000	      1743	800013c0	40b35593	srai	x11,x6,0xb	  x6:0x00000001 x11=0x00000000
       17455000	      1744	800013c4	eecc0813	addi	x16,x24,-276	 x24:0xa8aed2ac x16=0xa8aed198
       17465000	      1745	800013c8	d9b08217	auipc	x4,0xd9b08	  x4=0x59b093c4
       17475000	      1746	800013cc	00fb9f33	sll	x30,x23,x15	 x23:0x00100086 x15:0xf3acf38a x30=0x40021800
       17485000	      1747	800013d0	408a8233	sub	x4,x21,x8	 x21:0x80009fa7  x8:0x8000a596  x4=0xfffffa11
       17495000	      1748	800013d4	01ada233	slt	x4,x27,x26	 x27:0x8000a669 x26:0x0000000c  x4=0x00000001
       17505000	      1749	800013d8	02dbe063	bltu	x23,x13,800013f8	 x23:0x00100086 x13:0x00000006
       17515000	      1750	800013dc	013ba533	slt	x10,x23,x19	 x23:0x00100086 x19:0x00000001 x10=0x00000000
       17525000	      1751	800013e0	00000013	addi	x0,x0,0	  x0:0x00000000
       17535000	      1752	800013e4	7560bd13	sltiu	x26,x1,1878	  x1:0xf3acf38e x26=0x00000000
       17545000	      1753	800013e8	01d39013	slli	x0,x7,0x1d	  x7:0x00000000
       17555000	      1754	800013ec	00cf43b3	xor	x7,x30,x12	 x30:0x40021800 x12:0xe4262230  x7=0xa4243a30
       17565000	      1755	800013f0	028f8263	beq	x31,x8,80001414	 x31:0xe4262230  x8:0x8000a596
       17575000	      1756	800013f4	85bd4493	xori	x9,x26,-1957	 x26:0x00000000  x9=0xfffff85b
       17585000	      1757	800013f8	014d46b3	xor	x13,x26,x20	 x26:0x00000000 x20:0x80009fc4 x13=0x80009fc4
       17595000	      1758	800013fc	40dc0c33	sub	x24,x24,x13	 x24:0xa8aed2ac x13:0x80009fc4 x24=0x28ae32e8
       17605000	      1759	80001400	03645863	bge	x8,x22,80001430	  x8:0x8000a596 x22:0xb97a9000
       17615000	      1760	80001404	d762a313	slti	x6,x5,-650	  x5:0xffffffff  x6=0x00000000
       17625000	      1761	80001408	0397d063	bge	x15,x25,80001428	 x15:0xf3acf38a x25:0x00000001
       17635000	      1762	8000140c	41abdbb3	sra	x23,x23,x26	 x23:0x00100086 x26:0x00000000 x23=0x00100086
       17645000	      1763	80001410	41efdcb3	sra	x25,x31,x30	 x31:0xe4262230 x30:0x40021800 x25=0xe4262230
       17655000	      1764	80001414	d136a293	slti	x5,x13,-749	 x13:0x80009fc4  x5=0x00000001
       17665000	      1765	80001418	00000013	addi	x0,x0,0	  x0:0x00000000
       17675000	      1766	8000141c	40e2dd13	srai	x26,x5,0xe	  x5:0x00000001 x26=0x00000000
       17685000	      1767	80001420	01ddd813	srli	x16,x27,0x1d	 x27:0x8000a669 x16=0x00000004
       17695000	      1768	80001424	01e37e33	and	x28,x6,x30	  x6:0x00000000 x30:0x40021800 x28=0x00000000
       17705000	      1769	80001428	01f74263	blt	x14,x31,8000142c	 x14:0x7fff6109 x31:0xe4262230
       17715000	      1770	8000142c	1dca8497	auipc	x9,0x1dca8	  x9=0x9dca9428
       17725000	      1771	80001430	ea244093	xori	x1,x8,-350	  x8:0x8000a596  x1=0x7fff5b34
       17735000	      1772	80001434	04df7663	bgeu	x30,x13,80001480	 x30:0x40021800 x13:0x80009fc4
       17745000	      1773	80001438	82e90993	addi	x19,x18,-2002	 x18:0x80009f28 x19=0x80009756
       17755000	      1774	8000143c	01661093	slli	x1,x12,0x16	 x12:0xe4262230  x1=0x8c000000
       17765000	      1775	80001440	01efbeb3	sltu	x29,x31,x30	 x31:0xe4262230 x30:0x40021800 x29=0x00000000
       17775000	      1776	80001444	008d80b3	add	x1,x27,x8	 x27:0x8000a669  x8:0x8000a596  x1=0x00014bff
       17785000	      1777	80001448	057a9663	bne	x21,x23,80001494	 x21:0x80009fa7 x23:0x00100086
       17795000	      1778	00000000	00000013	addi	x0,x0,0	  x0:0x00000000
       17805000	      1779	80001490	00000013	addi	x0,x0,0	  x0:0x00000000
       17815000	      1780	80001494	03fcab37	lui	x22,0x3fca	 x22=0x03fca000
       17825000	      1781	80001498	00eee663	bltu	x29,x14,800014a4	 x29:0x00000000 x14:0x7fff6109
       17835000	      1782	00000000	00000013	addi	x0,x0,0	  x0:0x00000000
       17845000	      1783	800014a0	00000013	addi	x0,x0,0	  x0:0x00000000
       17855000	      1784	800014a4	40dd8533	sub	x10,x27,x13	 x27:0x8000a669 x13:0x80009fc4 x10=0x000006a5
       17865000	      1785	800014a8	01817733	and	x14,x2,x24	  x2:0x00000000 x24:0x28ae32e8 x14=0x00000000
       17875000	      1786	800014ac	01fb9f33	sll	x30,x23,x31	 x23:0x00100086 x31:0xe4262230 x30=0x00860000
       17885000	      1787	800014b0	40015313	srai	x6,x2,0x0	  x2:0x00000000  x6=0x00000000
       17895000	      1788	800014b4	01fe6f33	or	x30,x28,x31	 x28:0x00000000 x31:0xe4262230 x30=0xe4262230
       17905000	      1789	800014b8	02c0dc63	bge	x1,x12,800014f0	  x1:0x00014bff x12:0xe4262230
       17915000	      1790	00000000	00000013	addi	x0,x0,0	  x0:0x00000000
       17925000	      1791	800014ec	00000013	addi	x0,x0,0	  x0:0x00000000
       17935000	      1792	800014f0	9a33eb37	lui	x22,0x9a33e	 x22=0x9a33e000
       17945000	      1793	800014f4	4058d333	sra	x6,x17,x5	 x17:0x0000000e  x5:0x00000001  x6=0x00000007
       17955000	      1794	800014f8	00401b13	slli	x22,x0,0x4	  x0:0x00000000 x22=0x00000000
       17965000	      1795	800014fc	00b12033	slt	x0,x2,x11	  x2:0x00000000 x11:0x00000000
       17975000	      1796	80001500	56abcc93	xori	x25,x23,1386	 x23:0x00100086 x25=0x001005ec
       17985000	      1797	80001504	0088d6b3	srl	x13,x17,x8	 x17:0x0000000e  x8:0x8000a596 x13=0x00000000
       17995000	      1798	80001508	01fc52b3	srl	x5,x24,x31	 x24:0x28ae32e8 x31:0xe4262230  x5=0x000028ae
       18005000	      1799	8000150c	008ae663	bltu	x21,x8,80001518	 x21:0x80009fa7  x8:0x8000a596
       18015000	      1800	00000000	00000013	addi	x0,x0,0	  x0:0x00000000
       18025000	      1801	80001514	00000013	addi	x0,x0,0	  x0:0x00000000
       18035000	      1802	80001518	d122c517	auipc	x10,0xd122c	 x10=0x5122d514
       18045000	      1803	8000151c	00535393	srli	x7,x6,0x5	  x6:0x00000007  x7=0x00000000
       18055000	      1804	80001520	00813fb3	sltu	x31,x2,x8	  x2:0x00000000  x8:0x8000a596 x31=0x00000001
       18065000	      1805	80001524	02bc0a63	beq	x24,x11,80001558	 x24:0x28ae32e8 x11:0x00000000
       18075000	      1806	80001528	0404f463	bgeu	x9,x0,80001570	  x9:0x9dca9428  x0:0x00000000
       18085000	      1807	00000000	00000013	addi	x0,x0,0	  x0:0x00000000
       18095000	      1808	8000156c	00000013	addi	x0,x0,0	  x0:0x00000000
       18105000	      1809	80001570	7fde2513	slti	x10,x28,2045	 x28:0x00000000 x10=0x00000001
       18115000	      1810	80001574	7063b993	sltiu	x19,x7,1798	  x7:0x00000000 x19=0x00000001
       18125000	      1811	80001578	08be9217	auipc	x4,0x8be9	  x4=0x88bea574
       18135000	      1812	8000157c	01b69233	sll	x4,x13,x27	 x13:0x00000000 x27:0x8000a669  x4=0x00000000
       18145000	      1813	80001580	004efdb3	and	x27,x29,x4	 x29:0x00000000  x4:0x00000000 x27=0x00000000
       18155000	      1814	80001584	02114c63	blt	x2,x1,800015bc	  x2:0x00000000  x1:0x00014bff
       18165000	      1815	00000000	00000013	addi	x0,x0,0	  x0:0x00000000
       18175000	      1816	800015b8	00000013	addi	x0,x0,0	  x0:0x00000000
       18185000	      1817	800015bc	0010a033	slt	x0,x1,x1	  x1:0x00014bff  x1:0x00014bff
       18195000	      1818	800015c0	4142dc33	sra	x24,x5,x20	  x5:0x000028ae x20:0x80009fc4 x24=0x0000028a
       18205000	      1819	800015c4	02fe6663	bltu	x28,x15,800015f0	 x28:0x00000000 x15:0xf3acf38a
       18215000	      1820	00000000	00000013	addi	x0,x0,0	  x0:0x00000000
       18225000	      1821	800015ec	00000013	addi	x0,x0,0	  x0:0x00000000
       18235000	      1822	800015f0	5b729d97	auipc	x27,0x5b729	 x27=0xdb72a5ec
       18245000	      1823	800015f4	00600d13	addi	x26,x0,6	  x0:0x00000000 x26=0x00000006
       18255000	      1824	800015f8	ffb00b93	addi	x23,x0,-5	  x0:0x00000000 x23=0xfffffffb
       18265000	      1825	800015fc	01d88b13	addi	x22,x17,29	 x17:0x0000000e x22=0x0000002b
       18275000	      1826	80001600	e9888993	addi	x19,x17,-360	 x17:0x0000000e x19=0xfffffea6
       18285000	      1827	80001604	ff8d0d13	addi	x26,x26,-8	 x26:0x00000006 x26=0xfffffffe
       18295000	      1828	80001608	ff7d5ce3	bge	x26,x23,80001600	 x26:0xfffffffe x23:0xfffffffb
       18305000	      1829	00000000	00000013	addi	x0,x0,0	  x0:0x00000000
       18315000	      1830	800015fc	00000013	addi	x0,x0,0	  x0:0x00000000
       18325000	      1831	80001600	e9888993	addi	x19,x17,-360	 x17:0x0000000e x19=0xfffffea6
       18335000	      1832	80001604	ff8d0d13	addi	x26,x26,-8	 x26:0xfffffffe x26=0xfffffff6
       18345000	      1833	80001608	ff7d5ce3	bge	x26,x23,80001600	 x26:0xfffffff6 x23:0xfffffffb
       18355000	      1834	8000160c	514f0393	addi	x7,x30,1300	 x30:0xe4262230  x7=0xe4262744
       18365000	      1835	80001610	40ac83b3	sub	x7,x25,x10	 x25:0x001005ec x10:0x00000001  x7=0x001005eb
       18375000	      1836	80001614	6cdba617	auipc	x12,0x6cdba	 x12=0xecdbb610
       18385000	      1837	80001618	00e033b3	sltu	x7,x0,x14	  x0:0x00000000 x14:0x00000000  x7=0x00000000
       18395000	      1838	8000161c	00db75b3	and	x11,x22,x13	 x22:0x0000002b x13:0x00000000 x11=0x00000000
       18405000	      1839	80001620	00d819b3	sll	x19,x16,x13	 x16:0x00000004 x13:0x00000000 x19=0x00000004
       18415000	      1840	80001624	47f1c393	xori	x7,x3,1151	  x3:0x6000000e  x7=0x60000471
       18425000	      1841	80001628	01f313b3	sll	x7,x6,x31	  x6:0x00000007 x31:0x00000001  x7=0x0000000e
       18435000	      1842	8000162c	0004edb3	or	x27,x9,x0	  x9:0x9dca9428  x0:0x00000000 x27=0x9dca9428
       18445000	      1843	80001630	eace36b7	lui	x13,0xeace3	 x13=0xeace3000
       18455000	      1844	80001634	310db413	sltiu	x8,x27,784	 x27:0x9dca9428  x8=0x00000000
       18465000	      1845	80001638	b3658d13	addi	x26,x11,-1226	 x11:0x00000000 x26=0xfffffb36
       18475000	      1846	8000163c	04929063	bne	x5,x9,8000167c	  x5:0x000028ae  x9:0x9dca9428
       18485000	      1847	00000000	00000013	addi	x0,x0,0	  x0:0x00000000
       18495000	      1848	80001678	00000013	addi	x0,x0,0	  x0:0x00000000
       18505000	      1849	8000167c	00d4d213	srli	x4,x9,0xd	  x9:0x9dca9428  x4=0x0004ee54
       18515000	      1850	80001680	007c5f13	srli	x30,x24,0x7	 x24:0x0000028a x30=0x00000005
       18525000	      1851	80001684	01791d93	slli	x27,x18,0x17	 x18:0x80009f28 x27=0x94000000
       18535000	      1852	80001688	05e9e463	bltu	x19,x30,800016d0	 x19:0x00000004 x30:0x00000005
       18545000	      1853	00000000	00000013	addi	x0,x0,0	  x0:0x00000000
       18555000	      1854	800016cc	00000013	addi	x0,x0,0	  x0:0x00000000
       18565000	      1855	800016d0	ed14bb13	sltiu	x22,x9,-303	  x9:0x9dca9428 x22=0x00000001
       18575000	      1856	800016d4	d67eefb7	lui	x31,0xd67ee	 x31=0xd67ee000
       18585000	      1857	800016d8	03226063	bltu	x4,x18,800016f8	  x4:0x0004ee54 x18:0x80009f28
       18595000	      1858	00000000	00000013	addi	x0,x0,0	  x0:0x00000000
       18605000	      1859	800016f4	00000013	addi	x0,x0,0	  x0:0x00000000
       18615000	      1860	800016f8	01e15593	srli	x11,x2,0x1e	  x2:0x00000000 x11=0x00000000
       18625000	      1861	800016fc	156fc393	xori	x7,x31,342	 x31:0xd67ee000  x7=0xd67ee156
       18635000	      1862	80001700	00215ab3	srl	x21,x2,x2	  x2:0x00000000  x2:0x00000000 x21=0x00000000
       18645000	      1863	80001704	04ead263	bge	x21,x14,80001748	 x21:0x00000000 x14:0x00000000
       18655000	      1864	00000000	00000013	addi	x0,x0,0	  x0:0x00000000
       18665000	      1865	80001744	00000013	addi	x0,x0,0	  x0:0x00000000
       18675000	      1866	80001748	68f2e213	ori	x4,x5,1679	  x5:0x000028ae  x4=0x00002eaf
       18685000	      1867	8000174c	58633c13	sltiu	x24,x6,1414	  x6:0x00000007 x24=0x00000001
       18695000	      1868	80001750	41210c33	sub	x24,x2,x18	  x2:0x00000000 x18:0x80009f28 x24=0x7fff60d8
       18705000	      1869	80001754	6be60b13	addi	x22,x12,1726	 x12:0xecdbb610 x22=0xecdbbcce
       18715000	      1870	80001758	d3945637	lui	x12,0xd3945	 x12=0xd3945000
       18725000	      1871	8000175c	cf6b0293	addi	x5,x22,-778	 x22:0xecdbbcce  x5=0xecdbb9c4
       18735000	      1872	80001760	01fc5893	srli	x17,x24,0x1f	 x24:0x7fff60d8 x17=0x00000000
       18745000	      1873	80001764	00000013	addi	x0,x0,0	  x0:0x00000000
       18755000	      1874	80001768	02bd9063	bne	x27,x11,80001788	 x27:0x94000000 x11:0x00000000
       18765000	      1875	00000000	00000013	addi	x0,x0,0	  x0:0x00000000
       18775000	      1876	80001784	00000013	addi	x0,x0,0	  x0:0x00000000
       18785000	      1877	80001788	0178da93	srli	x21,x17,0x17	 x17:0x00000000 x21=0x00000000
       18795000	      1878	8000178c	02200a63	beq	x0,x2,800017c0	  x0:0x00000000  x2:0x00000000
       18805000	      1879	00000000	00000013	addi	x0,x0,0	  x0:0x00000000
       18815000	      1880	800017bc	00000013	addi	x0,x0,0	  x0:0x00000000
       18825000	      1881	800017c0	016065b3	or	x11,x0,x22	  x0:0x00000000 x22:0xecdbbcce x11=0xecdbbcce
       18835000	      1882	800017c4	41870f33	sub	x30,x14,x24	 x14:0x00000000 x24:0x7fff60d8 x30=0x80009f28
       18845000	      1883	800017c8	f7e1b9b7	lui	x19,0xf7e1b	 x19=0xf7e1b000
       18855000	      1884	800017cc	01f231b3	sltu	x3,x4,x31	  x4:0x00002eaf x31:0xd67ee000  x3=0x00000001
       18865000	      1885	800017d0	00000013	addi	x0,x0,0	  x0:0x00000000
       18875000	      1886	800017d4	af1bf993	andi	x19,x23,-1295	 x23:0xfffffffb x19=0xfffffaf1
       18885000	      1887	800017d8	a73bf1b7	lui	x3,0xa73bf	  x3=0xa73bf000
       18895000	      1888	800017dc	696f3593	sltiu	x11,x30,1686	 x30:0x80009f28 x11=0x00000000
       18905000	      1889	800017e0	01039e63	bne	x7,x16,800017fc	  x7:0xd67ee156 x16:0x00000004
       18915000	      1890	00000000	00000013	addi	x0,x0,0	  x0:0x00000000
       18925000	      1891	800017f8	00000013	addi	x0,x0,0	  x0:0x00000000
       18935000	      1892	800017fc	7d318293	addi	x5,x3,2003	  x3:0xa73bf000  x5=0xa73bf7d3
       18945000	      1893	80001800	01967263	bgeu	x12,x25,80001804	 x12:0xd3945000 x25:0x001005ec
       18955000	      1894	00000000	00000013	addi	x0,x0,0	  x0:0x00000000
       18965000	      1895	80001800	00000013	addi	x0,x0,0	  x0:0x00000000
       18975000	      1896	80001804	0332e063	bltu	x5,x19,80001824	  x5:0xa73bf7d3 x19:0xfffffaf1
       18985000	      1897	00000000	00000013	addi	x0,x0,0	  x0:0x00000000
       18995000	      1898	80001820	00000013	addi	x0,x0,0	  x0:0x00000000
       19005000	      1899	80001824	eafd6bb7	lui	x23,0xeafd6	 x23=0xeafd6000
       19015000	      1900	80001828	048ec663	blt	x29,x8,80001874	 x29:0x00000000  x8:0x00000000
       19025000	      1901	8000182c	0164f0b3	and	x1,x9,x22	  x9:0x9dca9428 x22:0xecdbbcce  x1=0x8cca9408
       19035000	      1902	80001830	038a8863	beq	x21,x24,80001860	 x21:0x00000000 x24:0x7fff60d8
       19045000	      1903	80001834	db038137	lui	x2,0xdb038	  x2=0xdb038000
       19055000	      1904	80001838	54076997	auipc	x19,0x54076	 x19=0xd4077834
       19065000	      1905	8000183c	00000013	addi	x0,x0,0	  x0:0x00000000
       19075000	      1906	80001840	00e524b3	slt	x9,x10,x14	 x10:0x00000001 x14:0x00000000  x9=0x00000000
       19085000	      1907	80001844	01dc28b3	slt	x17,x24,x29	 x24:0x7fff60d8 x29:0x00000000 x17=0x00000000
       19095000	      1908	80001848	c5c0b193	sltiu	x3,x1,-932	  x1:0x8cca9408  x3=0x00000001
       19105000	      1909	8000184c	0248da63	bge	x17,x4,80001880	 x17:0x00000000  x4:0x00002eaf
       19115000	      1910	80001850	b5613397	auipc	x7,0xb5613	  x7=0x3561484c
       19125000	      1911	80001854	00a81eb3	sll	x29,x16,x10	 x16:0x00000004 x10:0x00000001 x29=0x00000008
       19135000	      1912	80001858	f25ae393	ori	x7,x21,-219	 x21:0x00000000  x7=0xffffff25
       19145000	      1913	8000185c	0062ccb3	xor	x25,x5,x6	  x5:0xa73bf7d3  x6:0x00000007 x25=0xa73bf7d4
       19155000	      1914	80001860	40a282b3	sub	x5,x5,x10	  x5:0xa73bf7d3 x10:0x00000001  x5=0xa73bf7d2
       19165000	      1915	80001864	04d47263	bgeu	x8,x13,800018a8	  x8:0x00000000 x13:0xeace3000
       19175000	      1916	80001868	d7ac2d13	slti	x26,x24,-646	 x24:0x7fff60d8 x26=0x00000000
       19185000	      1917	8000186c	02def063	bgeu	x29,x13,8000188c	 x29:0x00000008 x13:0xeace3000
       19195000	      1918	80001870	01342fb3	slt	x31,x8,x19	  x8:0x00000000 x19:0xd4077834 x31=0x00000000
       19205000	      1919	80001874	0010d013	srli	x0,x1,0x1	  x1:0x8cca9408
       19215000	      1920	80001878	0187b9b3	sltu	x19,x15,x24	 x15:0xf3acf38a x24:0x7fff60d8 x19=0x00000000
       19225000	      1921	8000187c	01f84633	xor	x12,x16,x31	 x16:0x00000004 x31:0x00000000 x12=0x00000004
       19235000	      1922	80001880	028c1263	bne	x24,x8,800018a4	 x24:0x7fff60d8  x8:0x00000000
       19245000	      1923	00000000	00000013	addi	x0,x0,0	  x0:0x00000000
       19255000	      1924	800018a0	00000013	addi	x0,x0,0	  x0:0x00000000
       19265000	      1925	800018a4	ab4a3293	sltiu	x5,x20,-1356	 x20:0x80009fc4  x5=0x00000001
       19275000	      1926	800018a8	03889263	bne	x17,x24,800018cc	 x17:0x00000000 x24:0x7fff60d8
       19285000	      1927	00000000	00000013	addi	x0,x0,0	  x0:0x00000000
       19295000	      1928	800018c8	00000013	addi	x0,x0,0	  x0:0x00000000
       19305000	      1929	800018cc	40260f33	sub	x30,x12,x2	 x12:0x00000004  x2:0xdb038000 x30=0x24fc8004
       19315000	      1930	800018d0	02e30063	beq	x6,x14,800018f0	  x6:0x00000007 x14:0x00000000
       19325000	      1931	800018d4	01fe5613	srli	x12,x28,0x1f	 x28:0x00000000 x12=0x00000000
       19335000	      1932	800018d8	d3fd4293	xori	x5,x26,-705	 x26:0x00000000  x5=0xfffffd3f
       19345000	      1933	800018dc	03d7dc63	bge	x15,x29,80001914	 x15:0xf3acf38a x29:0x00000008
       19355000	      1934	800018e0	00000013	addi	x0,x0,0	  x0:0x00000000
       19365000	      1935	800018e4	00151313	slli	x6,x10,0x1	 x10:0x00000001  x6=0x00000002
       19375000	      1936	800018e8	ea5b0293	addi	x5,x22,-347	 x22:0xecdbbcce  x5=0xecdbbb73
       19385000	      1937	800018ec	2089ee13	ori	x28,x19,520	 x19:0x00000000 x28=0x00000208
       19395000	      1938	800018f0	40855f13	srai	x30,x10,0x8	 x10:0x00000001 x30=0x00000000
       19405000	      1939	800018f4	01c15a63	bge	x2,x28,80001908	  x2:0xdb038000 x28:0x00000208
       19415000	      1940	800018f8	14d9f693	andi	x13,x19,333	 x19:0x00000000 x13=0x00000000
       19425000	      1941	800018fc	00f7a833	slt	x16,x15,x15	 x15:0xf3acf38a x15:0xf3acf38a x16=0x00000000
       19435000	      1942	80001900	d3610b13	addi	x22,x2,-714	  x2:0xdb038000 x22=0xdb037d36
       19445000	      1943	80001904	021f9a63	bne	x31,x1,80001938	 x31:0x00000000  x1:0x8cca9408
       19455000	      1944	00000000	00000013	addi	x0,x0,0	  x0:0x00000000
       19465000	      1945	80001934	00000013	addi	x0,x0,0	  x0:0x00000000
       19475000	      1946	80001938	0000af33	slt	x30,x1,x0	  x1:0x8cca9408  x0:0x00000000 x30=0x00000001
       19485000	      1947	8000193c	0076eb33	or	x22,x13,x7	 x13:0x00000000  x7:0xffffff25 x22=0xffffff25
       19495000	      1948	80001940	007a2633	slt	x12,x20,x7	 x20:0x80009fc4  x7:0xffffff25 x12=0x00000001
       19505000	      1949	80001944	a39b7013	andi	x0,x22,-1479	 x22:0xffffff25
       19515000	      1950	80001948	010c7ab3	and	x21,x24,x16	 x24:0x7fff60d8 x16:0x00000000 x21=0x00000000
       19525000	      1951	8000194c	00576663	bltu	x14,x5,80001958	 x14:0x00000000  x5:0xecdbbb73
       19535000	      1952	00000000	00000013	addi	x0,x0,0	  x0:0x00000000
       19545000	      1953	80001954	00000013	addi	x0,x0,0	  x0:0x00000000
       19555000	      1954	80001958	00a87ab3	and	x21,x16,x10	 x16:0x00000000 x10:0x00000001 x21=0x00000000
       19565000	      1955	8000195c	02074463	blt	x14,x0,80001984	 x14:0x00000000  x0:0x00000000
       19575000	      1956	80001960	01dd8333	add	x6,x27,x29	 x27:0x94000000 x29:0x00000008  x6=0x94000008
       19585000	      1957	80001964	01036663	bltu	x6,x16,80001970	  x6:0x94000008 x16:0x00000000
       19595000	      1958	80001968	a78c6a93	ori	x21,x24,-1416	 x24:0x7fff60d8 x21=0xfffffaf8
       19605000	      1959	8000196c	00ece4b3	or	x9,x25,x14	 x25:0xa73bf7d4 x14:0x00000000  x9=0xa73bf7d4
       19615000	      1960	80001970	012b5663	bge	x22,x18,8000197c	 x22:0xffffff25 x18:0x80009f28
       19625000	      1961	00000000	00000013	addi	x0,x0,0	  x0:0x00000000
       19635000	      1962	80001978	00000013	addi	x0,x0,0	  x0:0x00000000
       19645000	      1963	8000197c	02fa4663	blt	x20,x15,800019a8	 x20:0x80009fc4 x15:0xf3acf38a
       19655000	      1964	00000000	00000013	addi	x0,x0,0	  x0:0x00000000
       19665000	      1965	800019a4	00000013	addi	x0,x0,0	  x0:0x00000000
       19675000	      1966	800019a8	e4e86493	ori	x9,x16,-434	 x16:0x00000000  x9=0xfffffe4e
       19685000	      1967	800019ac	018f5833	srl	x16,x30,x24	 x30:0x00000001 x24:0x7fff60d8 x16=0x00000000
       19695000	      1968	800019b0	29ddf313	andi	x6,x27,669	 x27:0x94000000  x6=0x00000000
       19705000	      1969	800019b4	036aec63	bltu	x21,x22,800019ec	 x21:0xfffffaf8 x22:0xffffff25
       19715000	      1970	00000000	00000013	addi	x0,x0,0	  x0:0x00000000
       19725000	      1971	800019e8	00000013	addi	x0,x0,0	  x0:0x00000000
       19735000	      1972	800019ec	55bfb093	sltiu	x1,x31,1371	 x31:0x00000000  x1=0x00000001
       19745000	      1973	800019f0	01ddd4b3	srl	x9,x27,x29	 x27:0x94000000 x29:0x00000008  x9=0x00940000
       19755000	      1974	800019f4	41f7d313	srai	x6,x15,0x1f	 x15:0xf3acf38a  x6=0xffffffff
       19765000	      1975	800019f8	d9c14c97	auipc	x25,0xd9c14	 x25=0x59c159f4
       19775000	      1976	800019fc	0f530737	lui	x14,0xf530	 x14=0x0f530000
       19785000	      1977	80001a00	f0ddf893	andi	x17,x27,-243	 x27:0x94000000 x17=0x94000000
       19795000	      1978	80001a04	4bb376b7	lui	x13,0x4bb37	 x13=0x4bb37000
       19805000	      1979	80001a08	00b89663	bne	x17,x11,80001a14	 x17:0x94000000 x11:0x00000000
       19815000	      1980	00000000	00000013	addi	x0,x0,0	  x0:0x00000000
       19825000	      1981	80001a10	00000013	addi	x0,x0,0	  x0:0x00000000
       19835000	      1982	80001a14	8819ed37	lui	x26,0x8819e	 x26=0x8819e000
       19845000	      1983	80001a18	04ce0063	beq	x28,x12,80001a58	 x28:0x00000208 x12:0x00000001
       19855000	      1984	80001a1c	059d0463	beq	x26,x25,80001a64	 x26:0x8819e000 x25:0x59c159f4
       19865000	      1985	80001a20	00000013	addi	x0,x0,0	  x0:0x00000000
       19875000	      1986	80001a24	01d72833	slt	x16,x14,x29	 x14:0x0f530000 x29:0x00000008 x16=0x00000000
       19885000	      1987	80001a28	00ae91b3	sll	x3,x29,x10	 x29:0x00000008 x10:0x00000001  x3=0x00000010
       19895000	      1988	80001a2c	035e6c63	bltu	x28,x21,80001a64	 x28:0x00000208 x21:0xfffffaf8
       19905000	      1989	00000000	00000013	addi	x0,x0,0	  x0:0x00000000
       19915000	      1990	80001a60	00000013	addi	x0,x0,0	  x0:0x00000000
       19925000	      1991	80001a64	00fa7b33	and	x22,x20,x15	 x20:0x80009fc4 x15:0xf3acf38a x22=0x80009380
       19935000	      1992	80001a68	01cbed33	or	x26,x23,x28	 x23:0xeafd6000 x28:0x00000208 x26=0xeafd6208
       19945000	      1993	80001a6c	05d3d663	bge	x7,x29,80001ab8	  x7:0xffffff25 x29:0x00000008
       19955000	      1994	80001a70	0130fa63	bgeu	x1,x19,80001a84	  x1:0x00000001 x19:0x00000000
       19965000	      1995	00000000	00000013	addi	x0,x0,0	  x0:0x00000000
       19975000	      1996	80001a80	00000013	addi	x0,x0,0	  x0:0x00000000
       19985000	      1997	80001a84	01225263	bge	x4,x18,80001a88	  x4:0x00002eaf x18:0x80009f28
       19995000	      1998	00000000	00000013	addi	x0,x0,0	  x0:0x00000000
       20005000	      1999	80001a84	00000013	addi	x0,x0,0	  x0:0x00000000
       20015000	      2000	80001a88	0170d513	srli	x10,x1,0x17	  x1:0x00000001 x10=0x00000000
       20025000	      2001	80001a8c	00e55733	srl	x14,x10,x14	 x10:0x00000000 x14:0x0f530000 x14=0x00000000
       20035000	      2002	80001a90	002e33b3	sltu	x7,x28,x2	 x28:0x00000208  x2:0xdb038000  x7=0x00000001
       20045000	      2003	80001a94	40428033	sub	x0,x5,x4	  x5:0xecdbbb73  x4:0x00002eaf
       20055000	      2004	80001a98	b9938093	addi	x1,x7,-1127	  x7:0x00000001  x1=0xfffffb9a
       20065000	      2005	80001a9c	41595693	srai	x13,x18,0x15	 x18:0x80009f28 x13=0xfffffc00
       20075000	      2006	80001aa0	006165b3	or	x11,x2,x6	  x2:0xdb038000  x6:0xffffffff x11=0xffffffff
       20085000	      2007	80001aa4	01034233	xor	x4,x6,x16	  x6:0xffffffff x16:0x00000000  x4=0xffffffff
       20095000	      2008	80001aa8	00a24cb3	xor	x25,x4,x10	  x4:0xffffffff x10:0x00000000 x25=0xffffffff
       20105000	      2009	80001aac	004451b3	srl	x3,x8,x4	  x8:0x00000000  x4:0xffffffff  x3=0x00000000
       20115000	      2010	80001ab0	b120c993	xori	x19,x1,-1262	  x1:0xfffffb9a x19=0x00000088
       20125000	      2011	80001ab4	015b7b33	and	x22,x22,x21	 x22:0x80009380 x21:0xfffffaf8 x22=0x80009280
       20135000	      2012	80001ab8	00ece533	or	x10,x25,x14	 x25:0xffffffff x14:0x00000000 x10=0xffffffff
       20145000	      2013	80001abc	01b83bb3	sltu	x23,x16,x27	 x16:0x00000000 x27:0x94000000 x23=0x00000001
       20155000	      2014	80001ac0	b190c893	xori	x17,x1,-1255	  x1:0xfffffb9a x17=0x00000083
       20165000	      2015	80001ac4	005861b3	or	x3,x16,x5	 x16:0x00000000  x5:0xecdbbb73  x3=0xecdbbb73
       20175000	      2016	80001ac8	02c0c863	blt	x1,x12,80001af8	  x1:0xfffffb9a x12:0x00000001
       20185000	      2017	00000000	00000013	addi	x0,x0,0	  x0:0x00000000
       20195000	      2018	80001af4	00000013	addi	x0,x0,0	  x0:0x00000000
       20205000	      2019	80001af8	0187d693	srli	x13,x15,0x18	 x15:0xf3acf38a x13=0x000000f3
       20215000	      2020	80001afc	00f31eb3	sll	x29,x6,x15	  x6:0xffffffff x15:0xf3acf38a x29=0xfffffc00
       20225000	      2021	80001b00	0173d533	srl	x10,x7,x23	  x7:0x00000001 x23:0x00000001 x10=0x00000000
       20235000	      2022	80001b04	4b438897	auipc	x17,0x4b438	 x17=0xcb439b00
       20245000	      2023	80001b08	01535193	srli	x3,x6,0x15	  x6:0xffffffff  x3=0x000007ff
       20255000	      2024	80001b0c	03af9063	bne	x31,x26,80001b2c	 x31:0x00000000 x26:0xeafd6208
       20265000	      2025	00000000	00000013	addi	x0,x0,0	  x0:0x00000000
       20275000	      2026	80001b28	00000013	addi	x0,x0,0	  x0:0x00000000
       20285000	      2027	80001b2c	52fb6d13	ori	x26,x22,1327	 x22:0x80009280 x26=0x800097af
       20295000	      2028	80001b30	03d77063	bgeu	x14,x29,80001b50	 x14:0x00000000 x29:0xfffffc00
       20305000	      2029	80001b34	0462f463	bgeu	x5,x6,80001b7c	  x5:0xecdbbb73  x6:0xffffffff
       20315000	      2030	80001b38	41685633	sra	x12,x16,x22	 x16:0x00000000 x22:0x80009280 x12=0x00000000
       20325000	      2031	80001b3c	015ddcb3	srl	x25,x27,x21	 x27:0x94000000 x21:0xfffffaf8 x25=0x00000094
       20335000	      2032	80001b40	74f55037	lui	x0,0x74f55	
       20345000	      2033	80001b44	8deb2413	slti	x8,x22,-1826	 x22:0x80009280  x8=0x00000001
       20355000	      2034	80001b48	03a3d463	bge	x7,x26,80001b70	  x7:0x00000001 x26:0x800097af
       20365000	      2035	00000000	00000013	addi	x0,x0,0	  x0:0x00000000
       20375000	      2036	80001b6c	00000013	addi	x0,x0,0	  x0:0x00000000
       20385000	      2037	80001b70	008ac533	xor	x10,x21,x8	 x21:0xfffffaf8  x8:0x00000001 x10=0xfffffaf9
       20395000	      2038	80001b74	00d71993	slli	x19,x14,0xd	 x14:0x00000000 x19=0x00000000
       20405000	      2039	80001b78	02d50a63	beq	x10,x13,80001bac	 x10:0xfffffaf9 x13:0x000000f3
       20415000	      2040	80001b7c	01394263	blt	x18,x19,80001b80	 x18:0x80009f28 x19:0x00000000
       20425000	      2041	00000000	00000013	addi	x0,x0,0	  x0:0x00000000
       20435000	      2042	80001b7c	00000013	addi	x0,x0,0	  x0:0x00000000
       20445000	      2043	80001b80	8fb2e013	ori	x0,x5,-1797	  x5:0xecdbbb73
       20455000	      2044	80001b84	010fe3b3	or	x7,x31,x16	 x31:0x00000000 x16:0x00000000  x7=0x00000000
       20465000	      2045	80001b88	8c42c813	xori	x16,x5,-1852	  x5:0xecdbbb73 x16=0x132443b7
       20475000	      2046	80001b8c	00e02eb3	slt	x29,x0,x14	  x0:0x00000000 x14:0x00000000 x29=0x00000000
       20485000	      2047	80001b90	0133c0b3	xor	x1,x7,x19	  x7:0x00000000 x19:0x00000000  x1=0x00000000
       20495000	      2048	80001b94	0258c063	blt	x17,x5,80001bb4	 x17:0xcb439b00  x5:0xecdbbb73
       20505000	      2049	00000000	00000013	addi	x0,x0,0	  x0:0x00000000
       20515000	      2050	80001bb0	00000013	addi	x0,x0,0	  x0:0x00000000
       20525000	      2051	80001bb4	0470f463	bgeu	x1,x7,80001bfc	  x1:0x00000000  x7:0x00000000
       20535000	      2052	00000000	00000013	addi	x0,x0,0	  x0:0x00000000
       20545000	      2053	80001bf8	00000013	addi	x0,x0,0	  x0:0x00000000
       20555000	      2054	80001bfc	00e01613	slli	x12,x0,0xe	  x0:0x00000000 x12=0x00000000
       20565000	      2055	80001c00	01f592b3	sll	x5,x11,x31	 x11:0xffffffff x31:0x00000000  x5=0xffffffff
       20575000	      2056	80001c04	806e0693	addi	x13,x28,-2042	 x28:0x00000208 x13=0xfffffa0e
       20585000	      2057	80001c08	5954eb13	ori	x22,x9,1429	  x9:0x00940000 x22=0x00940595
       20595000	      2058	80001c0c	9834b5b7	lui	x11,0x9834b	 x11=0x9834b000
       20605000	      2059	80001c10	7cadc213	xori	x4,x27,1994	 x27:0x94000000  x4=0x940007ca
       20615000	      2060	80001c14	78ffb093	sltiu	x1,x31,1935	 x31:0x00000000  x1=0x00000001
       20625000	      2061	80001c18	0491f863	bgeu	x3,x9,80001c68	  x3:0x000007ff  x9:0x00940000
       20635000	      2062	80001c1c	009f8fb3	add	x31,x31,x9	 x31:0x00000000  x9:0x00940000 x31=0x00940000
       20645000	      2063	80001c20	41d38e33	sub	x28,x7,x29	  x7:0x00000000 x29:0x00000000 x28=0x00000000
       20655000	      2064	80001c24	ffe00b93	addi	x23,x0,-2	  x0:0x00000000 x23=0xfffffffe
       20665000	      2065	80001c28	a941be13	sltiu	x28,x3,-1388	  x3:0x000007ff x28=0x00000001
       20675000	      2066	80001c2c	00900f13	addi	x30,x0,9	  x0:0x00000000 x30=0x00000009
       20685000	      2067	80001c30	01291eb3	sll	x29,x18,x18	 x18:0x80009f28 x18:0x80009f28 x29=0x009f2800
       20695000	      2068	80001c34	41de5613	srai	x12,x28,0x1d	 x28:0x00000001 x12=0x00000000
       20705000	      2069	80001c38	01cd0133	add	x2,x26,x28	 x26:0x800097af x28:0x00000001  x2=0x800097b0
       20715000	      2070	80001c3c	8f41a893	slti	x17,x3,-1804	  x3:0x000007ff x17=0x00000000
       20725000	      2071	80001c40	40228433	sub	x8,x5,x2	  x5:0xffffffff  x2:0x800097b0  x8=0x7fff684f
       20735000	      2072	80001c44	18bc7e37	lui	x28,0x18bc7	 x28=0x18bc7000
       20745000	      2073	80001c48	001b8b93	addi	x23,x23,1	 x23:0xfffffffe x23=0xffffffff
       20755000	      2074	80001c4c	ffebc8e3	blt	x23,x30,80001c3c	 x23:0xffffffff x30:0x00000009
       20765000	      2075	00000000	00000013	addi	x0,x0,0	  x0:0x00000000
       20775000	      2076	80001c38	00000013	addi	x0,x0,0	  x0:0x00000000
       20785000	      2077	80001c3c	8f41a893	slti	x17,x3,-1804	  x3:0x000007ff x17=0x00000000
       20795000	      2078	80001c40	40228433	sub	x8,x5,x2	  x5:0xffffffff  x2:0x800097b0  x8=0x7fff684f
       20805000	      2079	80001c44	18bc7e37	lui	x28,0x18bc7	 x28=0x18bc7000
       20815000	      2080	80001c48	001b8b93	addi	x23,x23,1	 x23:0xffffffff x23=0x00000000
       20825000	      2081	80001c4c	ffebc8e3	blt	x23,x30,80001c3c	 x23:0x00000000 x30:0x00000009
       20835000	      2082	00000000	00000013	addi	x0,x0,0	  x0:0x00000000
       20845000	      2083	80001c38	00000013	addi	x0,x0,0	  x0:0x00000000
       20855000	      2084	80001c3c	8f41a893	slti	x17,x3,-1804	  x3:0x000007ff x17=0x00000000
       20865000	      2085	80001c40	40228433	sub	x8,x5,x2	  x5:0xffffffff  x2:0x800097b0  x8=0x7fff684f
       20875000	      2086	80001c44	18bc7e37	lui	x28,0x18bc7	 x28=0x18bc7000
       20885000	      2087	80001c48	001b8b93	addi	x23,x23,1	 x23:0x00000000 x23=0x00000001
       20895000	      2088	80001c4c	ffebc8e3	blt	x23,x30,80001c3c	 x23:0x00000001 x30:0x00000009
       20905000	      2089	00000000	00000013	addi	x0,x0,0	  x0:0x00000000
       20915000	      2090	80001c38	00000013	addi	x0,x0,0	  x0:0x00000000
       20925000	      2091	80001c3c	8f41a893	slti	x17,x3,-1804	  x3:0x000007ff x17=0x00000000
       20935000	      2092	80001c40	40228433	sub	x8,x5,x2	  x5:0xffffffff  x2:0x800097b0  x8=0x7fff684f
       20945000	      2093	80001c44	18bc7e37	lui	x28,0x18bc7	 x28=0x18bc7000
       20955000	      2094	80001c48	001b8b93	addi	x23,x23,1	 x23:0x00000001 x23=0x00000002
       20965000	      2095	80001c4c	ffebc8e3	blt	x23,x30,80001c3c	 x23:0x00000002 x30:0x00000009
       20975000	      2096	00000000	00000013	addi	x0,x0,0	  x0:0x00000000
       20985000	      2097	80001c38	00000013	addi	x0,x0,0	  x0:0x00000000
       20995000	      2098	80001c3c	8f41a893	slti	x17,x3,-1804	  x3:0x000007ff x17=0x00000000
       21005000	      2099	80001c40	40228433	sub	x8,x5,x2	  x5:0xffffffff  x2:0x800097b0  x8=0x7fff684f
       21015000	      2100	80001c44	18bc7e37	lui	x28,0x18bc7	 x28=0x18bc7000
       21025000	      2101	80001c48	001b8b93	addi	x23,x23,1	 x23:0x00000002 x23=0x00000003
       21035000	      2102	80001c4c	ffebc8e3	blt	x23,x30,80001c3c	 x23:0x00000003 x30:0x00000009
       21045000	      2103	00000000	00000013	addi	x0,x0,0	  x0:0x00000000
       21055000	      2104	80001c38	00000013	addi	x0,x0,0	  x0:0x00000000
       21065000	      2105	80001c3c	8f41a893	slti	x17,x3,-1804	  x3:0x000007ff x17=0x00000000
       21075000	      2106	80001c40	40228433	sub	x8,x5,x2	  x5:0xffffffff  x2:0x800097b0  x8=0x7fff684f
       21085000	      2107	80001c44	18bc7e37	lui	x28,0x18bc7	 x28=0x18bc7000
       21095000	      2108	80001c48	001b8b93	addi	x23,x23,1	 x23:0x00000003 x23=0x00000004
       21105000	      2109	80001c4c	ffebc8e3	blt	x23,x30,80001c3c	 x23:0x00000004 x30:0x00000009
       21115000	      2110	00000000	00000013	addi	x0,x0,0	  x0:0x00000000
       21125000	      2111	80001c38	00000013	addi	x0,x0,0	  x0:0x00000000
       21135000	      2112	80001c3c	8f41a893	slti	x17,x3,-1804	  x3:0x000007ff x17=0x00000000
       21145000	      2113	80001c40	40228433	sub	x8,x5,x2	  x5:0xffffffff  x2:0x800097b0  x8=0x7fff684f
       21155000	      2114	80001c44	18bc7e37	lui	x28,0x18bc7	 x28=0x18bc7000
       21165000	      2115	80001c48	001b8b93	addi	x23,x23,1	 x23:0x00000004 x23=0x00000005
       21175000	      2116	80001c4c	ffebc8e3	blt	x23,x30,80001c3c	 x23:0x00000005 x30:0x00000009
       21185000	      2117	00000000	00000013	addi	x0,x0,0	  x0:0x00000000
       21195000	      2118	80001c38	00000013	addi	x0,x0,0	  x0:0x00000000
       21205000	      2119	80001c3c	8f41a893	slti	x17,x3,-1804	  x3:0x000007ff x17=0x00000000
       21215000	      2120	80001c40	40228433	sub	x8,x5,x2	  x5:0xffffffff  x2:0x800097b0  x8=0x7fff684f
       21225000	      2121	80001c44	18bc7e37	lui	x28,0x18bc7	 x28=0x18bc7000
       21235000	      2122	80001c48	001b8b93	addi	x23,x23,1	 x23:0x00000005 x23=0x00000006
       21245000	      2123	80001c4c	ffebc8e3	blt	x23,x30,80001c3c	 x23:0x00000006 x30:0x00000009
       21255000	      2124	00000000	00000013	addi	x0,x0,0	  x0:0x00000000
       21265000	      2125	80001c38	00000013	addi	x0,x0,0	  x0:0x00000000
       21275000	      2126	80001c3c	8f41a893	slti	x17,x3,-1804	  x3:0x000007ff x17=0x00000000
       21285000	      2127	80001c40	40228433	sub	x8,x5,x2	  x5:0xffffffff  x2:0x800097b0  x8=0x7fff684f
       21295000	      2128	80001c44	18bc7e37	lui	x28,0x18bc7	 x28=0x18bc7000
       21305000	      2129	80001c48	001b8b93	addi	x23,x23,1	 x23:0x00000006 x23=0x00000007
       21315000	      2130	80001c4c	ffebc8e3	blt	x23,x30,80001c3c	 x23:0x00000007 x30:0x00000009
       21325000	      2131	00000000	00000013	addi	x0,x0,0	  x0:0x00000000
       21335000	      2132	80001c38	00000013	addi	x0,x0,0	  x0:0x00000000
       21345000	      2133	80001c3c	8f41a893	slti	x17,x3,-1804	  x3:0x000007ff x17=0x00000000
       21355000	      2134	80001c40	40228433	sub	x8,x5,x2	  x5:0xffffffff  x2:0x800097b0  x8=0x7fff684f
       21365000	      2135	80001c44	18bc7e37	lui	x28,0x18bc7	 x28=0x18bc7000
       21375000	      2136	80001c48	001b8b93	addi	x23,x23,1	 x23:0x00000007 x23=0x00000008
       21385000	      2137	80001c4c	ffebc8e3	blt	x23,x30,80001c3c	 x23:0x00000008 x30:0x00000009
       21395000	      2138	00000000	00000013	addi	x0,x0,0	  x0:0x00000000
       21405000	      2139	80001c38	00000013	addi	x0,x0,0	  x0:0x00000000
       21415000	      2140	80001c3c	8f41a893	slti	x17,x3,-1804	  x3:0x000007ff x17=0x00000000
       21425000	      2141	80001c40	40228433	sub	x8,x5,x2	  x5:0xffffffff  x2:0x800097b0  x8=0x7fff684f
       21435000	      2142	80001c44	18bc7e37	lui	x28,0x18bc7	 x28=0x18bc7000
       21445000	      2143	80001c48	001b8b93	addi	x23,x23,1	 x23:0x00000008 x23=0x00000009
       21455000	      2144	80001c4c	ffebc8e3	blt	x23,x30,80001c3c	 x23:0x00000009 x30:0x00000009
       21465000	      2145	80001c50	0197db33	srl	x22,x15,x25	 x15:0xf3acf38a x25:0x00000094 x22=0x00000f3a
       21475000	      2146	80001c54	73d8c217	auipc	x4,0x73d8c	  x4=0xf3d8dc50
       21485000	      2147	80001c58	09832c13	slti	x24,x6,152	  x6:0xffffffff x24=0x00000001
       21495000	      2148	80001c5c	01637663	bgeu	x6,x22,80001c68	  x6:0xffffffff x22:0x00000f3a
       21505000	      2149	00000000	00000013	addi	x0,x0,0	  x0:0x00000000
       21515000	      2150	80001c64	00000013	addi	x0,x0,0	  x0:0x00000000
       21525000	      2151	80001c68	00970433	add	x8,x14,x9	 x14:0x00000000  x9:0x00940000  x8=0x00940000
       21535000	      2152	80001c6c	02389a63	bne	x17,x3,80001ca0	 x17:0x00000000  x3:0x000007ff
       21545000	      2153	00000000	00000013	addi	x0,x0,0	  x0:0x00000000
       21555000	      2154	80001c9c	00000013	addi	x0,x0,0	  x0:0x00000000
       21565000	      2155	80001ca0	ec1f2513	slti	x10,x30,-319	 x30:0x00000009 x10=0x00000000
       21575000	      2156	80001ca4	07541c63	bne	x8,x21,80001d1c	  x8:0x00940000 x21:0xfffffaf8
       21585000	      2157	00000000	00000013	addi	x0,x0,0	  x0:0x00000000
       21595000	      2158	80001d18	00000013	addi	x0,x0,0	  x0:0x00000000
       21605000	      2159	80001d1c	43a30513	addi	x10,x6,1082	  x6:0xffffffff x10=0x00000439
       21615000	      2160	80001d20	ccdc04b7	lui	x9,0xccdc0	  x9=0xccdc0000
       21625000	      2161	80001d24	00ae9893	slli	x17,x29,0xa	 x29:0x009f2800 x17=0x7ca00000
       21635000	      2162	80001d28	2b182293	slti	x5,x16,689	 x16:0x132443b7  x5=0x00000000
       21645000	      2163	80001d2c	449f1d37	lui	x26,0x449f1	 x26=0x449f1000
       21655000	      2164	80001d30	0013dab3	srl	x21,x7,x1	  x7:0x00000000  x1:0x00000001 x21=0x00000000
       21665000	      2165	80001d34	015824b3	slt	x9,x16,x21	 x16:0x132443b7 x21:0x00000000  x9=0x00000000
       21675000	      2166	80001d38	03b27063	bgeu	x4,x27,80001d58	  x4:0xf3d8dc50 x27:0x94000000
       21685000	      2167	00000000	00000013	addi	x0,x0,0	  x0:0x00000000
       21695000	      2168	80001d54	00000013	addi	x0,x0,0	  x0:0x00000000
       21705000	      2169	80001d58	f22ce817	auipc	x16,0xf22ce	 x16=0x722cfd54
       21715000	      2170	80001d5c	111c2d93	slti	x27,x24,273	 x24:0x00000001 x27=0x00000001
       21725000	      2171	80001d60	a7220313	addi	x6,x4,-1422	  x4:0xf3d8dc50  x6=0xf3d8d6c2
       21735000	      2172	80001d64	00075d33	srl	x26,x14,x0	 x14:0x00000000  x0:0x00000000 x26=0x00000000
       21745000	      2173	80001d68	05b85663	bge	x16,x27,80001db4	 x16:0x722cfd54 x27:0x00000001
       21755000	      2174	00000000	00000013	addi	x0,x0,0	  x0:0x00000000
       21765000	      2175	80001db0	00000013	addi	x0,x0,0	  x0:0x00000000
       21775000	      2176	80001db4	a64b7113	andi	x2,x22,-1436	 x22:0x00000f3a  x2=0x00000a20
       21785000	      2177	80001db8	00049a63	bne	x9,x0,80001dcc	  x9:0x00000000  x0:0x00000000
       21795000	      2178	80001dbc	cbc3c813	xori	x16,x7,-836	  x7:0x00000000 x16=0xfffffcbc
       21805000	      2179	80001dc0	01716733	or	x14,x2,x23	  x2:0x00000a20 x23:0x00000009 x14=0x00000a29
       21815000	      2180	80001dc4	01de0cb3	add	x25,x28,x29	 x28:0x18bc7000 x29:0x009f2800 x25=0x195b9800
       21825000	      2181	80001dc8	41998633	sub	x12,x19,x25	 x19:0x00000000 x25:0x195b9800 x12=0xe6a46800
       21835000	      2182	80001dcc	404e09b3	sub	x19,x28,x4	 x28:0x18bc7000  x4:0xf3d8dc50 x19=0x24e393b0
       21845000	      2183	80001dd0	95c43017	auipc	x0,0x95c43	
       21855000	      2184	80001dd4	02655a63	bge	x10,x6,80001e08	 x10:0x00000439  x6:0xf3d8d6c2
       21865000	      2185	00000000	00000013	addi	x0,x0,0	  x0:0x00000000
       21875000	      2186	80001e04	00000013	addi	x0,x0,0	  x0:0x00000000
       21885000	      2187	80001e08	2c1e0213	addi	x4,x28,705	 x28:0x18bc7000  x4=0x18bc72c1
       21895000	      2188	80001e0c	35ed2513	slti	x10,x26,862	 x26:0x00000000 x10=0x00000001
       21905000	      2189	80001e10	1a4d0a93	addi	x21,x26,420	 x26:0x00000000 x21=0x000001a4
       21915000	      2190	80001e14	00800f93	addi	x31,x0,8	  x0:0x00000000 x31=0x00000008
       21925000	      2191	80001e18	00700a93	addi	x21,x0,7	  x0:0x00000000 x21=0x00000007
       21935000	      2192	80001e1c	402909b3	sub	x19,x18,x2	 x18:0x80009f28  x2:0x00000a20 x19=0x80009508
       21945000	      2193	80001e20	ffcf8f93	addi	x31,x31,-4	 x31:0x00000008 x31=0x00000004
       21955000	      2194	80001e24	af867993	andi	x19,x12,-1288	 x12:0xe6a46800 x19=0xe6a46800
       21965000	      2195	80001e28	ff5ffae3	bgeu	x31,x21,80001e1c	 x31:0x00000004 x21:0x00000007
       21975000	      2196	80001e2c	00507eb3	and	x29,x0,x5	  x0:0x00000000  x5:0x00000000 x29=0x00000000
       21985000	      2197	80001e30	32bb5d37	lui	x26,0x32bb5	 x26=0x32bb5000
       21995000	      2198	80001e34	020cd063	bge	x25,x0,80001e54	 x25:0x195b9800  x0:0x00000000
       22005000	      2199	00000000	00000013	addi	x0,x0,0	  x0:0x00000000
       22015000	      2200	80001e50	00000013	addi	x0,x0,0	  x0:0x00000000
       22025000	      2201	80001e54	00000013	addi	x0,x0,0	  x0:0x00000000
       22035000	      2202	80001e58	40378533	sub	x10,x15,x3	 x15:0xf3acf38a  x3:0x000007ff x10=0xf3aceb8b
       22045000	      2203	80001e5c	01fdd593	srli	x11,x27,0x1f	 x27:0x00000001 x11=0x00000000
       22055000	      2204	80001e60	013f2d33	slt	x26,x30,x19	 x30:0x00000009 x19:0xe6a46800 x26=0x00000000
       22065000	      2205	80001e64	01c71633	sll	x12,x14,x28	 x14:0x00000a29 x28:0x18bc7000 x12=0x00000a29
       22075000	      2206	80001e68	00f71713	slli	x14,x14,0xf	 x14:0x00000a29 x14=0x05148000
       22085000	      2207	80001e6c	00afe663	bltu	x31,x10,80001e78	 x31:0x00000004 x10:0xf3aceb8b
       22095000	      2208	00000000	00000013	addi	x0,x0,0	  x0:0x00000000
       22105000	      2209	80001e74	00000013	addi	x0,x0,0	  x0:0x00000000
       22115000	      2210	80001e78	97e0a513	slti	x10,x1,-1666	  x1:0x00000001 x10=0x00000000
       22125000	      2211	80001e7c	0af2fa63	bgeu	x5,x15,80001f30	  x5:0x00000000 x15:0xf3acf38a
       22135000	      2212	80001e80	017075b3	and	x11,x0,x23	  x0:0x00000000 x23:0x00000009 x11=0x00000000
       22145000	      2213	80001e84	0b265263	bge	x12,x18,80001f28	 x12:0x00000a29 x18:0x80009f28
       22155000	      2214	00000000	00000013	addi	x0,x0,0	  x0:0x00000000
       22165000	      2215	80001f24	00000013	addi	x0,x0,0	  x0:0x00000000
       22175000	      2216	80001f28	d2456897	auipc	x17,0xd2456	 x17=0x52457f24
       22185000	      2217	80001f2c	01195533	srl	x10,x18,x17	 x18:0x80009f28 x17:0x52457f24 x10=0x080009f2
       22195000	      2218	80001f30	001e1c33	sll	x24,x28,x1	 x28:0x18bc7000  x1:0x00000001 x24=0x3178e000
       22205000	      2219	80001f34	00000013	addi	x0,x0,0	  x0:0x00000000
       22215000	      2220	80001f38	059c7663	bgeu	x24,x25,80001f84	 x24:0x3178e000 x25:0x195b9800
       22225000	      2221	00000000	00000013	addi	x0,x0,0	  x0:0x00000000
       22235000	      2222	80001f80	00000013	addi	x0,x0,0	  x0:0x00000000
       22245000	      2223	80001f84	03a76c63	bltu	x14,x26,80001fbc	 x14:0x05148000 x26:0x00000000
       22255000	      2224	80001f88	03b47063	bgeu	x8,x27,80001fa8	  x8:0x00940000 x27:0x00000001
       22265000	      2225	00000000	00000013	addi	x0,x0,0	  x0:0x00000000
       22275000	      2226	80001fa4	00000013	addi	x0,x0,0	  x0:0x00000000
       22285000	      2227	80001fa8	816a7d93	andi	x27,x20,-2026	 x20:0x80009fc4 x27=0x80009804
       22295000	      2228	80001fac	05a41463	bne	x8,x26,80001ff4	  x8:0x00940000 x26:0x00000000
       22305000	      2229	00000000	00000013	addi	x0,x0,0	  x0:0x00000000
       22315000	      2230	80001ff0	00000013	addi	x0,x0,0	  x0:0x00000000
       22325000	      2231	80001ff4	00000013	addi	x0,x0,0	  x0:0x00000000
       22335000	      2232	80001ff8	615f6613	ori	x12,x30,1557	 x30:0x00000009 x12=0x0000061d
       22345000	      2233	80001ffc	e1e08e93	addi	x29,x1,-482	  x1:0x00000001 x29=0xfffffe1f
       22355000	      2234	80002000	0184e8b3	or	x17,x9,x24	  x9:0x00000000 x24:0x3178e000 x17=0x3178e000
       22365000	      2235	80002004	01e6f533	and	x10,x13,x30	 x13:0xfffffa0e x30:0x00000009 x10=0x00000008
       22375000	      2236	80002008	40a608b3	sub	x17,x12,x10	 x12:0x0000061d x10:0x00000008 x17=0x00000615
       22385000	      2237	8000200c	004708b3	add	x17,x14,x4	 x14:0x05148000  x4:0x18bc72c1 x17=0x1dd0f2c1
       22395000	      2238	80002010	38d02093	slti	x1,x0,909	  x0:0x00000000  x1=0x00000001
       22405000	      2239	80002014	29e09b97	auipc	x23,0x29e09	 x23=0xa9e0b010
       22415000	      2240	80002018	735be813	ori	x16,x23,1845	 x23:0xa9e0b010 x16=0xa9e0b735
       22425000	      2241	8000201c	01756a63	bltu	x10,x23,80002030	 x10:0x00000008 x23:0xa9e0b010
       22435000	      2242	00000000	00000013	addi	x0,x0,0	  x0:0x00000000
       22445000	      2243	8000202c	00000013	addi	x0,x0,0	  x0:0x00000000
       22455000	      2244	80002030	1f16e713	ori	x14,x13,497	 x13:0xfffffa0e x14=0xfffffbff
       22465000	      2245	80002034	0087cfb3	xor	x31,x15,x8	 x15:0xf3acf38a  x8:0x00940000 x31=0xf338f38a
       22475000	      2246	80002038	413204b3	sub	x9,x4,x19	  x4:0x18bc72c1 x19:0xe6a46800  x9=0x32180ac1
       22485000	      2247	8000203c	01e4ee63	bltu	x9,x30,80002058	  x9:0x32180ac1 x30:0x00000009
       22495000	      2248	80002040	00e43533	sltu	x10,x8,x14	  x8:0x00940000 x14:0xfffffbff x10=0x00000001
       22505000	      2249	80002044	41078fb3	sub	x31,x15,x16	 x15:0xf3acf38a x16:0xa9e0b735 x31=0x49cc3c55
       22515000	      2250	80002048	00000013	addi	x0,x0,0	  x0:0x00000000
       22525000	      2251	8000204c	035ef863	bgeu	x29,x21,8000207c	 x29:0xfffffe1f x21:0x00000007
       22535000	      2252	00000000	00000013	addi	x0,x0,0	  x0:0x00000000
       22545000	      2253	80002078	00000013	addi	x0,x0,0	  x0:0x00000000
       22555000	      2254	8000207c	22360693	addi	x13,x12,547	 x12:0x0000061d x13=0x00000840
       22565000	      2255	80002080	0e934d13	xori	x26,x6,233	  x6:0xf3d8d6c2 x26=0xf3d8d62b
       22575000	      2256	80002084	00492083	lw	x1,4(x18)	 x18:0x80009f28  x1=0x80000ca4 PA:0x80009f2c
       22585000	      2257	80002088	00ee5cb3	srl	x25,x28,x14	 x28:0x18bc7000 x14:0xfffffbff x25=0x00000000
       22595000	      2258	8000208c	3cf77893	andi	x17,x14,975	 x14:0xfffffbff x17=0x000003cf
       22605000	      2259	80002090	b1408e93	addi	x29,x1,-1260	  x1:0x80000ca4 x29=0x800007b8
       22615000	      2260	80002094	00889013	slli	x0,x17,0x8	 x17:0x000003cf
       22625000	      2261	80002098	00890913	addi	x18,x18,8	 x18:0x80009f28 x18=0x80009f30
       22635000	      2262	8000209c	015015b3	sll	x11,x0,x21	  x0:0x00000000 x21:0x00000007 x11=0x00000000
       22645000	      2263	800020a0	41f4db93	srai	x23,x9,0x1f	  x9:0x32180ac1 x23=0x00000000
       22655000	      2264	800020a4	f42a5197	auipc	x3,0xf42a5	  x3=0x742a70a0
       22665000	      2265	800020a8	00108513	addi	x10,x1,1	  x1:0x80000ca4 x10=0x80000ca5
       22675000	      2266	800020ac	00050567	jalr	x10,x10,0	 x10:0x80000ca5 x10=0x800020ac
       22685000	      2267	00000000	00000013	addi	x0,x0,0	  x0:0x00000000
       22695000	      2268	80000ca4	00000013	addi	x0,x0,0	  x0:0x00000000
       22705000	      2269	80000ca8	00a00313	addi	x6,x0,10	  x0:0x00000000  x6=0x0000000a
       22715000	      2270	80000cac	1d002113	slti	x2,x0,464	  x0:0x00000000  x2=0x00000001
       22725000	      2271	80000cb0	00600413	addi	x8,x0,6	  x0:0x00000000  x8=0x00000006
       22735000	      2272	80000cb4	cd7a84b7	lui	x9,0xcd7a8	  x9=0xcd7a8000
       22745000	      2273	80000cb8	7f140a93	addi	x21,x8,2033	  x8:0x00000006 x21=0x000007f7
       22755000	      2274	80000cbc	ffc30313	addi	x6,x6,-4	  x6:0x0000000a  x6=0x00000006
       22765000	      2275	80000cc0	010c09b3	add	x19,x24,x16	 x24:0x3178e000 x16:0xa9e0b735 x19=0xdb599735
       22775000	      2276	80000cc4	00900e13	addi	x28,x0,9	  x0:0x00000000 x28=0x00000009
       22785000	      2277	80000cc8	00c00f13	addi	x30,x0,12	  x0:0x00000000 x30=0x0000000c
       22795000	      2278	80000ccc	d81a7017	auipc	x0,0xd81a7	
       22805000	      2279	80000cd0	003e0e13	addi	x28,x28,3	 x28:0x00000009 x28=0x0000000c
       22815000	      2280	80000cd4	01041013	slli	x0,x8,0x10	  x8:0x00000006
       22825000	      2281	80000cd8	006b1533	sll	x10,x22,x6	 x22:0x00000f3a  x6:0x00000006 x10=0x0003ce80
       22835000	      2282	80000cdc	ffee68e3	bltu	x28,x30,80000ccc	 x28:0x0000000c x30:0x0000000c
       22845000	      2283	80000ce0	017f30b3	sltu	x1,x30,x23	 x30:0x0000000c x23:0x00000000  x1=0x00000000
       22855000	      2284	80000ce4	fc835ae3	bge	x6,x8,80000cb8	  x6:0x00000006  x8:0x00000006
       22865000	      2285	00000000	00000013	addi	x0,x0,0	  x0:0x00000000
       22875000	      2286	80000cb4	00000013	addi	x0,x0,0	  x0:0x00000000
       22885000	      2287	80000cb8	7f140a93	addi	x21,x8,2033	  x8:0x00000006 x21=0x000007f7
       22895000	      2288	80000cbc	ffc30313	addi	x6,x6,-4	  x6:0x00000006  x6=0x00000002
       22905000	      2289	80000cc0	010c09b3	add	x19,x24,x16	 x24:0x3178e000 x16:0xa9e0b735 x19=0xdb599735
       22915000	      2290	80000cc4	00900e13	addi	x28,x0,9	  x0:0x00000000 x28=0x00000009
       22925000	      2291	80000cc8	00c00f13	addi	x30,x0,12	  x0:0x00000000 x30=0x0000000c
       22935000	      2292	80000ccc	d81a7017	auipc	x0,0xd81a7	
       22945000	      2293	80000cd0	003e0e13	addi	x28,x28,3	 x28:0x00000009 x28=0x0000000c
       22955000	      2294	80000cd4	01041013	slli	x0,x8,0x10	  x8:0x00000006
       22965000	      2295	80000cd8	006b1533	sll	x10,x22,x6	 x22:0x00000f3a  x6:0x00000002 x10=0x00003ce8
       22975000	      2296	80000cdc	ffee68e3	bltu	x28,x30,80000ccc	 x28:0x0000000c x30:0x0000000c
       22985000	      2297	80000ce0	017f30b3	sltu	x1,x30,x23	 x30:0x0000000c x23:0x00000000  x1=0x00000000
       22995000	      2298	80000ce4	fc835ae3	bge	x6,x8,80000cb8	  x6:0x00000002  x8:0x00000006
       23005000	      2299	80000ce8	410a0533	sub	x10,x20,x16	 x20:0x80009fc4 x16:0xa9e0b735 x10=0xd61fe88f
       23015000	      2300	80000cec	ff700713	addi	x14,x0,-9	  x0:0x00000000 x14=0xfffffff7
       23025000	      2301	80000cf0	ff900513	addi	x10,x0,-7	  x0:0x00000000 x10=0xfffffff9
       23035000	      2302	80000cf4	00000013	addi	x0,x0,0	  x0:0x00000000
       23045000	      2303	80000cf8	013303b3	add	x7,x6,x19	  x6:0x00000002 x19:0xdb599735  x7=0xdb599737
       23055000	      2304	80000cfc	00a70713	addi	x14,x14,10	 x14:0xfffffff7 x14=0x00000001
       23065000	      2305	80000d00	fea74ae3	blt	x14,x10,80000cf4	 x14:0x00000001 x10:0xfffffff9
       23075000	      2306	80000d04	704ca813	slti	x16,x25,1796	 x25:0x00000000 x16=0x00000001
       23085000	      2307	80000d08	406bdbb3	sra	x23,x23,x6	 x23:0x00000000  x6:0x00000002 x23=0x00000000
       23095000	      2308	80000d0c	fb903d93	sltiu	x27,x0,-71	  x0:0x00000000 x27=0x00000001
       23105000	      2309	80000d10	00bad8b3	srl	x17,x21,x11	 x21:0x000007f7 x11:0x00000000 x17=0x000007f7
       23115000	      2310	80000d14	00eecab3	xor	x21,x29,x14	 x29:0x800007b8 x14:0x00000001 x21=0x800007b9
       23125000	      2311	80000d18	01aadd33	srl	x26,x21,x26	 x21:0x800007b9 x26:0xf3d8d62b x26=0x00100000
       23135000	      2312	80000d1c	4005d8b3	sra	x17,x11,x0	 x11:0x00000000  x0:0x00000000 x17=0x00000000
       23145000	      2313	80000d20	277e0c13	addi	x24,x28,631	 x28:0x0000000c x24=0x00000283
       23155000	      2314	80000d24	000af2b3	and	x5,x21,x0	 x21:0x800007b9  x0:0x00000000  x5=0x00000000
       23165000	      2315	80000d28	e9bd6b13	ori	x22,x26,-357	 x26:0x00100000 x22=0xfffffe9b
       23175000	      2316	80000d2c	00eed863	bge	x29,x14,80000d3c	 x29:0x800007b8 x14:0x00000001
       23185000	      2317	80000d30	00ef9193	slli	x3,x31,0xe	 x31:0x49cc3c55  x3=0x0f154000
       23195000	      2318	80000d34	005f4863	blt	x30,x5,80000d44	 x30:0x0000000c  x5:0x00000000
       23205000	      2319	80000d38	004ba833	slt	x16,x23,x4	 x23:0x00000000  x4:0x18bc72c1 x16=0x00000001
       23215000	      2320	80000d3c	04ed0e13	addi	x28,x26,78	 x26:0x00100000 x28=0x0010004e
       23225000	      2321	80000d40	03365263	bge	x12,x19,80000d64	 x12:0x0000061d x19:0xdb599735
       23235000	      2322	00000000	00000013	addi	x0,x0,0	  x0:0x00000000
       23245000	      2323	80000d60	00000013	addi	x0,x0,0	  x0:0x00000000
       23255000	      2324	80000d64	6b7be413	ori	x8,x23,1719	 x23:0x00000000  x8=0x000006b7
       23265000	      2325	80000d68	4035dc93	srai	x25,x11,0x3	 x11:0x00000000 x25=0x00000000
       23275000	      2326	80000d6c	40e780b3	sub	x1,x15,x14	 x15:0xf3acf38a x14:0x00000001  x1=0xf3acf389
       23285000	      2327	80000d70	40765693	srai	x13,x12,0x7	 x12:0x0000061d x13=0x0000000c
       23295000	      2328	80000d74	01180463	beq	x16,x17,80000d7c	 x16:0x00000001 x17:0x00000000
       23305000	      2329	80000d78	40c6da93	srai	x21,x13,0xc	 x13:0x0000000c x21=0x00000000
       23315000	      2330	80000d7c	01d30db3	add	x27,x6,x29	  x6:0x00000002 x29:0x800007b8 x27=0x800007ba
       23325000	      2331	80000d80	01611a63	bne	x2,x22,80000d94	  x2:0x00000001 x22:0xfffffe9b
       23335000	      2332	00000000	00000013	addi	x0,x0,0	  x0:0x00000000
       23345000	      2333	80000d90	00000013	addi	x0,x0,0	  x0:0x00000000
       23355000	      2334	80000d94	003b24b3	slt	x9,x22,x3	 x22:0xfffffe9b  x3:0x0f154000  x9=0x00000001
       23365000	      2335	80000d98	00000013	addi	x0,x0,0	  x0:0x00000000
       23375000	      2336	80000d9c	4118d0b3	sra	x1,x17,x17	 x17:0x00000000 x17:0x00000000  x1=0x00000000
       23385000	      2337	80000da0	00ad1633	sll	x12,x26,x10	 x26:0x00100000 x10:0xfffffff9 x12=0x00000000
       23395000	      2338	80000da4	02628263	beq	x5,x6,80000dc8	  x5:0x00000000  x6:0x00000002
       23405000	      2339	80000da8	00000013	addi	x0,x0,0	  x0:0x00000000
       23415000	      2340	80000dac	0025e033	or	x0,x11,x2	 x11:0x00000000  x2:0x00000001
       23425000	      2341	80000db0	4127f637	lui	x12,0x4127f	 x12=0x4127f000
       23435000	      2342	80000db4	01159d33	sll	x26,x11,x17	 x11:0x00000000 x17:0x00000000 x26=0x00000000
       23445000	      2343	80000db8	03829e63	bne	x5,x24,80000df4	  x5:0x00000000 x24:0x00000283
       23455000	      2344	00000000	00000013	addi	x0,x0,0	  x0:0x00000000
       23465000	      2345	80000df0	00000013	addi	x0,x0,0	  x0:0x00000000
       23475000	      2346	80000df4	04c51263	bne	x10,x12,80000e38	 x10:0xfffffff9 x12:0x4127f000
       23485000	      2347	00000000	00000013	addi	x0,x0,0	  x0:0x00000000
       23495000	      2348	80000e34	00000013	addi	x0,x0,0	  x0:0x00000000
       23505000	      2349	80000e38	0063d533	srl	x10,x7,x6	  x7:0xdb599737  x6:0x00000002 x10=0x36d665cd
       23515000	      2350	80000e3c	78812113	slti	x2,x2,1928	  x2:0x00000001  x2=0x00000001
       23525000	      2351	80000e40	01933ab3	sltu	x21,x6,x25	  x6:0x00000002 x25:0x00000000 x21=0x00000000
       23535000	      2352	80000e44	ae361317	auipc	x6,0xae361	  x6=0x2e361e40
       23545000	      2353	80000e48	013fd333	srl	x6,x31,x19	 x31:0x49cc3c55 x19:0xdb599735  x6=0x0000024e
       23555000	      2354	80000e4c	56a67f93	andi	x31,x12,1386	 x12:0x4127f000 x31=0x00000000
       23565000	      2355	80000e50	01c88733	add	x14,x17,x28	 x17:0x00000000 x28:0x0010004e x14=0x0010004e
       23575000	      2356	80000e54	41785a93	srai	x21,x16,0x17	 x16:0x00000001 x21=0x00000000
       23585000	      2357	80000e58	01c29293	slli	x5,x5,0x1c	  x5:0x00000000  x5=0x00000000
       23595000	      2358	80000e5c	3802ec93	ori	x25,x5,896	  x5:0x00000000 x25=0x00000380
       23605000	      2359	80000e60	41a2df13	srai	x30,x5,0x1a	  x5:0x00000000 x30=0x00000000
       23615000	      2360	80000e64	00000013	addi	x0,x0,0	  x0:0x00000000
       23625000	      2361	80000e68	d93ff213	andi	x4,x31,-621	 x31:0x00000000  x4=0x00000000
       23635000	      2362	80000e6c	013688b3	add	x17,x13,x19	 x13:0x0000000c x19:0xdb599735 x17=0xdb599741
       23645000	      2363	80000e70	01ecf4b3	and	x9,x25,x30	 x25:0x00000380 x30:0x00000000  x9=0x00000000
       23655000	      2364	80000e74	01819833	sll	x16,x3,x24	  x3:0x0f154000 x24:0x00000283 x16=0x78aa0000
       23665000	      2365	80000e78	40ff85b3	sub	x11,x31,x15	 x31:0x00000000 x15:0xf3acf38a x11=0x0c530c76
       23675000	      2366	80000e7c	05e6c063	blt	x13,x30,80000ebc	 x13:0x0000000c x30:0x00000000
       23685000	      2367	80000e80	05d30263	beq	x6,x29,80000ec4	  x6:0x0000024e x29:0x800007b8
       23695000	      2368	80000e84	007e5263	bge	x28,x7,80000e88	 x28:0x0010004e  x7:0xdb599737
       23705000	      2369	00000000	00000013	addi	x0,x0,0	  x0:0x00000000
       23715000	      2370	80000e84	00000013	addi	x0,x0,0	  x0:0x00000000
       23725000	      2371	80000e88	00c55893	srli	x17,x10,0xc	 x10:0x36d665cd x17=0x00036d66
       23735000	      2372	80000e8c	00689293	slli	x5,x17,0x6	 x17:0x00036d66  x5=0x00db5980
       23745000	      2373	80000e90	028f9463	bne	x31,x8,80000eb8	 x31:0x00000000  x8:0x000006b7
       23755000	      2374	00000000	00000013	addi	x0,x0,0	  x0:0x00000000
       23765000	      2375	80000eb4	00000013	addi	x0,x0,0	  x0:0x00000000
       23775000	      2376	80000eb8	01c45a63	bge	x8,x28,80000ecc	  x8:0x000006b7 x28:0x0010004e
       23785000	      2377	80000ebc	411ade13	srai	x28,x21,0x11	 x21:0x00000000 x28=0x00000000
       23795000	      2378	80000ec0	0094d663	bge	x9,x9,80000ecc	  x9:0x00000000  x9:0x00000000
       23805000	      2379	00000000	00000013	addi	x0,x0,0	  x0:0x00000000
       23815000	      2380	80000ec8	00000013	addi	x0,x0,0	  x0:0x00000000
       23825000	      2381	80000ecc	00765f33	srl	x30,x12,x7	 x12:0x4127f000  x7:0xdb599737 x30=0x00000082
       23835000	      2382	80000ed0	00492083	lw	x1,4(x18)	 x18:0x80009f30  x1=0x80000f38 PA:0x80009f34
       23845000	      2383	80000ed4	01346ab3	or	x21,x8,x19	  x8:0x000006b7 x19:0xdb599735 x21=0xdb5997b7
       23855000	      2384	80000ed8	04090913	addi	x18,x18,64	 x18:0x80009f30 x18=0x80009f70
       23865000	      2385	80000edc	00805393	srli	x7,x0,0x8	  x0:0x00000000  x7=0x00000000
       23875000	      2386	80000ee0	6ad9fb13	andi	x22,x19,1709	 x19:0xdb599735 x22=0x00000625
       23885000	      2387	80000ee4	00108f93	addi	x31,x1,1	  x1:0x80000f38 x31=0x80000f39
       23895000	      2388	80000ee8	000f8fe7	jalr	x31,x31,0	 x31:0x80000f39 x31=0x80000ee8
       23905000	      2389	00000000	00000013	addi	x0,x0,0	  x0:0x00000000
       23915000	      2390	80000f38	00000013	addi	x0,x0,0	  x0:0x00000000
       23925000	      2391	80000f3c	01145433	srl	x8,x8,x17	  x8:0x000006b7 x17:0x00036d66  x8=0x0000001a
       23935000	      2392	80000f40	03fb5063	bge	x22,x31,80000f60	 x22:0x00000625 x31:0x80000ee8
       23945000	      2393	00000000	00000013	addi	x0,x0,0	  x0:0x00000000
       23955000	      2394	80000f5c	00000013	addi	x0,x0,0	  x0:0x00000000
       23965000	      2395	80000f60	04920463	beq	x4,x9,80000fa8	  x4:0x00000000  x9:0x00000000
       23975000	      2396	00000000	00000013	addi	x0,x0,0	  x0:0x00000000
       23985000	      2397	80000fa4	00000013	addi	x0,x0,0	  x0:0x00000000
       23995000	      2398	80000fa8	01131b13	slli	x22,x6,0x11	  x6:0x0000024e x22=0x049c0000
       24005000	      2399	80000fac	94879b17	auipc	x22,0x94879	 x22=0x14879fa8
       24015000	      2400	80000fb0	0022fab3	and	x21,x5,x2	  x5:0x00db5980  x2:0x00000001 x21=0x00000000
       24025000	      2401	80000fb4	023de863	bltu	x27,x3,80000fe4	 x27:0x800007ba  x3:0x0f154000
       24035000	      2402	80000fb8	037d4663	blt	x26,x23,80000fe4	 x26:0x00000000 x23:0x00000000
       24045000	      2403	80000fbc	188b0293	addi	x5,x22,392	 x22:0x14879fa8  x5=0x1487a130
       24055000	      2404	80000fc0	4135d633	sra	x12,x11,x19	 x11:0x0c530c76 x19:0xdb599735 x12=0x00000062
       24065000	      2405	80000fc4	01f8f6b3	and	x13,x17,x31	 x17:0x00036d66 x31:0x80000ee8 x13=0x00000c60
       24075000	      2406	80000fc8	011dee63	bltu	x27,x17,80000fe4	 x27:0x800007ba x17:0x00036d66
       24085000	      2407	80000fcc	01cac533	xor	x10,x21,x28	 x21:0x00000000 x28:0x00000000 x10=0x00000000
       24095000	      2408	80000fd0	00684a63	blt	x16,x6,80000fe4	 x16:0x78aa0000  x6:0x0000024e
       24105000	      2409	80000fd4	d631ae93	slti	x29,x3,-669	  x3:0x0f154000 x29=0x00000000
       24115000	      2410	80000fd8	2536f693	andi	x13,x13,595	 x13:0x00000c60 x13=0x00000040
       24125000	      2411	80000fdc	00d21463	bne	x4,x13,80000fe4	  x4:0x00000000 x13:0x00000040
       24135000	      2412	00000000	00000013	addi	x0,x0,0	  x0:0x00000000
       24145000	      2413	80000fe0	00000013	addi	x0,x0,0	  x0:0x00000000
       24155000	      2414	80000fe4	675ed837	lui	x16,0x675ed	 x16=0x675ed000
       24165000	      2415	80000fe8	00492083	lw	x1,4(x18)	 x18:0x80009f70  x1=0x80000680 PA:0x80009f74
       24175000	      2416	80000fec	4064d513	srai	x10,x9,0x6	  x9:0x00000000 x10=0x00000000
       24185000	      2417	80000ff0	ee275597	auipc	x11,0xee275	 x11=0x6e275fec
       24195000	      2418	80000ff4	01490913	addi	x18,x18,20	 x18:0x80009f70 x18=0x80009f84
       24205000	      2419	80000ff8	01ac7133	and	x2,x24,x26	 x24:0x00000283 x26:0x00000000  x2=0x00000000
       24215000	      2420	80000ffc	00449113	slli	x2,x9,0x4	  x9:0x00000000  x2=0x00000000
       24225000	      2421	80001000	b96eb137	lui	x2,0xb96eb	  x2=0xb96eb000
       24235000	      2422	80001004	00108d93	addi	x27,x1,1	  x1:0x80000680 x27=0x80000681
       24245000	      2423	80001008	000d8de7	jalr	x27,x27,0	 x27:0x80000681 x27=0x80001008
       24255000	      2424	00000000	00000013	addi	x0,x0,0	  x0:0x00000000
       24265000	      2425	80000680	00000013	addi	x0,x0,0	  x0:0x00000000
       24275000	      2426	80000684	0131f9b3	and	x19,x3,x19	  x3:0x0f154000 x19:0xdb599735 x19=0x0b110000
       24285000	      2427	80000688	01f04d33	xor	x26,x0,x31	  x0:0x00000000 x31:0x80000ee8 x26=0x80000ee8
       24295000	      2428	8000068c	0122be33	sltu	x28,x5,x18	  x5:0x1487a130 x18:0x80009f84 x28=0x00000001
       24305000	      2429	80000690	05ecd663	bge	x25,x30,800006dc	 x25:0x00000380 x30:0x00000082
       24315000	      2430	00000000	00000013	addi	x0,x0,0	  x0:0x00000000
       24325000	      2431	800006d8	00000013	addi	x0,x0,0	  x0:0x00000000
       24335000	      2432	800006dc	00000013	addi	x0,x0,0	  x0:0x00000000
       24345000	      2433	800006e0	40d3deb3	sra	x29,x7,x13	  x7:0x00000000 x13:0x00000040 x29=0x00000000
       24355000	      2434	800006e4	0003d893	srli	x17,x7,0x0	  x7:0x00000000 x17=0x00000000
       24365000	      2435	800006e8	418c0733	sub	x14,x24,x24	 x24:0x00000283 x24:0x00000283 x14=0x00000000
       24375000	      2436	800006ec	02b9da63	bge	x19,x11,80000720	 x19:0x0b110000 x11:0x6e275fec
       24385000	      2437	800006f0	da003613	sltiu	x12,x0,-608	  x0:0x00000000 x12=0x00000001
       24395000	      2438	800006f4	5beb2293	slti	x5,x22,1470	 x22:0x14879fa8  x5=0x00000000
       24405000	      2439	800006f8	003ff663	bgeu	x31,x3,80000704	 x31:0x80000ee8  x3:0x0f154000
       24415000	      2440	00000000	00000013	addi	x0,x0,0	  x0:0x00000000
       24425000	      2441	80000700	00000013	addi	x0,x0,0	  x0:0x00000000
       24435000	      2442	80000704	00211833	sll	x16,x2,x2	  x2:0xb96eb000  x2:0xb96eb000 x16=0xb96eb000
       24445000	      2443	80000708	0039f863	bgeu	x19,x3,80000718	 x19:0x0b110000  x3:0x0f154000
       24455000	      2444	8000070c	017221b3	slt	x3,x4,x23	  x4:0x00000000 x23:0x00000000  x3=0x00000000
       24465000	      2445	80000710	01eb4733	xor	x14,x22,x30	 x22:0x14879fa8 x30:0x00000082 x14=0x14879f2a
       24475000	      2446	80000714	0484e663	bltu	x9,x8,80000760	  x9:0x00000000  x8:0x0000001a
       24485000	      2447	00000000	00000013	addi	x0,x0,0	  x0:0x00000000
       24495000	      2448	8000075c	00000013	addi	x0,x0,0	  x0:0x00000000
       24505000	      2449	80000760	002f1e33	sll	x28,x30,x2	 x30:0x00000082  x2:0xb96eb000 x28=0x00000082
       24515000	      2450	80000764	00cf1213	slli	x4,x30,0xc	 x30:0x00000082  x4=0x00082000
       24525000	      2451	80000768	a96cad93	slti	x27,x25,-1386	 x25:0x00000380 x27=0x00000000
       24535000	      2452	8000076c	ac103e97	auipc	x29,0xac103	 x29=0x2c103768
       24545000	      2453	80000770	415554b3	sra	x9,x10,x21	 x10:0x00000000 x21:0x00000000  x9=0x00000000
       24555000	      2454	80000774	5f680693	addi	x13,x16,1526	 x16:0xb96eb000 x13=0xb96eb5f6
       24565000	      2455	80000778	4e1ee613	ori	x12,x29,1249	 x29:0x2c103768 x12=0x2c1037e9
       24575000	      2456	8000077c	02018463	beq	x3,x0,800007a4	  x3:0x00000000  x0:0x00000000
       24585000	      2457	00000000	00000013	addi	x0,x0,0	  x0:0x00000000
       24595000	      2458	800007a0	00000013	addi	x0,x0,0	  x0:0x00000000
       24605000	      2459	800007a4	01747863	bgeu	x8,x23,800007b4	  x8:0x0000001a x23:0x00000000
       24615000	      2460	00000000	00000013	addi	x0,x0,0	  x0:0x00000000
       24625000	      2461	800007b0	00000013	addi	x0,x0,0	  x0:0x00000000
       24635000	      2462	800007b4	034a0863	beq	x20,x20,800007e4	 x20:0x80009fc4 x20:0x80009fc4
       24645000	      2463	00000000	00000013	addi	x0,x0,0	  x0:0x00000000
       24655000	      2464	800007e0	00000013	addi	x0,x0,0	  x0:0x00000000
       24665000	      2465	800007e4	8fd7b713	sltiu	x14,x15,-1795	 x15:0xf3acf38a x14=0x00000001
       24675000	      2466	800007e8	015dc4b3	xor	x9,x27,x21	 x27:0x00000000 x21:0x00000000  x9=0x00000000
       24685000	      2467	800007ec	fa976117	auipc	x2,0xfa976	  x2=0x7a9767e8
       24695000	      2468	800007f0	011d5263	bge	x26,x17,800007f4	 x26:0x80000ee8 x17:0x00000000
       24705000	      2469	800007f4	03390463	beq	x18,x19,8000081c	 x18:0x80009f84 x19:0x0b110000
       24715000	      2470	800007f8	00000013	addi	x0,x0,0	  x0:0x00000000
       24725000	      2471	800007fc	012a1293	slli	x5,x20,0x12	 x20:0x80009fc4  x5=0x7f100000
       24735000	      2472	80000800	0b9b8063	beq	x23,x25,800008a0	 x23:0x00000000 x25:0x00000380
       24745000	      2473	80000804	0107b3b3	sltu	x7,x15,x16	 x15:0xf3acf38a x16:0xb96eb000  x7=0x00000000
       24755000	      2474	80000808	67cdd697	auipc	x13,0x67cdd	 x13=0xe7cdd804
       24765000	      2475	8000080c	0334f663	bgeu	x9,x19,80000838	  x9:0x00000000 x19:0x0b110000
       24775000	      2476	80000810	41f7d013	srai	x0,x15,0x1f	 x15:0xf3acf38a
       24785000	      2477	80000814	009601b3	add	x3,x12,x9	 x12:0x2c1037e9  x9:0x00000000  x3=0x2c1037e9
       24795000	      2478	80000818	00ccc4b3	xor	x9,x25,x12	 x25:0x00000380 x12:0x2c1037e9  x9=0x2c103469
       24805000	      2479	8000081c	018f6863	bltu	x30,x24,8000082c	 x30:0x00000082 x24:0x00000283
       24815000	      2480	00000000	00000013	addi	x0,x0,0	  x0:0x00000000
       24825000	      2481	80000828	00000013	addi	x0,x0,0	  x0:0x00000000
       24835000	      2482	8000082c	062bdc63	bge	x23,x2,800008a4	 x23:0x00000000  x2:0x7a9767e8
       24845000	      2483	80000830	41b2d0b3	sra	x1,x5,x27	  x5:0x7f100000 x27:0x00000000  x1=0x7f100000
       24855000	      2484	80000834	00ee1233	sll	x4,x28,x14	 x28:0x00000082 x14:0x00000001  x4=0x00000104
       24865000	      2485	80000838	00e558b3	srl	x17,x10,x14	 x10:0x00000000 x14:0x00000001 x17=0x00000000
       24875000	      2486	8000083c	68a60117	auipc	x2,0x68a60	  x2=0xe8a60838
       24885000	      2487	80000840	00800e93	addi	x29,x0,8	  x0:0x00000000 x29=0x00000008
       24895000	      2488	80000844	2ce81337	lui	x6,0x2ce81	  x6=0x2ce81000
       24905000	      2489	80000848	884bcf93	xori	x31,x23,-1916	 x23:0x00000000 x31=0xfffff884
       24915000	      2490	8000084c	450a4313	xori	x6,x20,1104	 x20:0x80009fc4  x6=0x80009b94
       24925000	      2491	80000850	b517e713	ori	x14,x15,-1199	 x15:0xf3acf38a x14=0xfffffbdb
       24935000	      2492	80000854	00d00d13	addi	x26,x0,13	  x0:0x00000000 x26=0x0000000d
       24945000	      2493	80000858	00a41813	slli	x16,x8,0xa	  x8:0x0000001a x16=0x00006800
       24955000	      2494	8000085c	b11068b7	lui	x17,0xb1106	 x17=0xb1106000
       24965000	      2495	80000860	0060d193	srli	x3,x1,0x6	  x1:0x7f100000  x3=0x01fc4000
       24975000	      2496	80000864	00ae8e93	addi	x29,x29,10	 x29:0x00000008 x29=0x00000012
       24985000	      2497	80000868	77746313	ori	x6,x8,1911	  x8:0x0000001a  x6=0x0000077f
       24995000	      2498	8000086c	7e07a313	slti	x6,x15,2016	 x15:0xf3acf38a  x6=0x00000001
       25005000	      2499	80000870	a778a513	slti	x10,x17,-1417	 x17:0xb1106000 x10=0x00000001
       25015000	      2500	80000874	004b2533	slt	x10,x22,x4	 x22:0x14879fa8  x4:0x00000104 x10=0x00000000
       25025000	      2501	80000878	ad2ba013	slti	x0,x23,-1326	 x23:0x00000000
       25035000	      2502	8000087c	00bde5b3	or	x11,x27,x11	 x27:0x00000000 x11:0x6e275fec x11=0x6e275fec
       25045000	      2503	80000880	0077dc33	srl	x24,x15,x7	 x15:0xf3acf38a  x7:0x00000000 x24=0xf3acf38a
       25055000	      2504	80000884	94fe9bb7	lui	x23,0x94fe9	 x23=0x94fe9000
       25065000	      2505	80000888	fdaeeae3	bltu	x29,x26,8000085c	 x29:0x00000012 x26:0x0000000d
       25075000	      2506	8000088c	fb807a93	andi	x21,x0,-72	  x0:0x00000000 x21=0x00000000
       25085000	      2507	80000890	b5829b37	lui	x22,0xb5829	 x22=0xb5829000
       25095000	      2508	80000894	03fec463	blt	x29,x31,800008bc	 x29:0x00000012 x31:0xfffff884
       25105000	      2509	80000898	0380ea63	bltu	x1,x24,800008cc	  x1:0x7f100000 x24:0xf3acf38a
       25115000	      2510	00000000	00000013	addi	x0,x0,0	  x0:0x00000000
       25125000	      2511	800008c8	00000013	addi	x0,x0,0	  x0:0x00000000
       25135000	      2512	800008cc	008f4d33	xor	x26,x30,x8	 x30:0x00000082  x8:0x0000001a x26=0x00000098
       25145000	      2513	800008d0	0050b033	sltu	x0,x1,x5	  x1:0x7f100000  x5:0x7f100000
       25155000	      2514	800008d4	407e00b3	sub	x1,x28,x7	 x28:0x00000082  x7:0x00000000  x1=0x00000082
       25165000	      2515	800008d8	7ecce193	ori	x3,x25,2028	 x25:0x00000380  x3=0x000007ec
       25175000	      2516	800008dc	40e60f33	sub	x30,x12,x14	 x12:0x2c1037e9 x14:0xfffffbdb x30=0x2c103c0e
       25185000	      2517	800008e0	049a1663	bne	x20,x9,8000092c	 x20:0x80009fc4  x9:0x2c103469
       25195000	      2518	00000000	00000013	addi	x0,x0,0	  x0:0x00000000
       25205000	      2519	80000928	00000013	addi	x0,x0,0	  x0:0x00000000
       25215000	      2520	8000092c	00f80cb3	add	x25,x16,x15	 x16:0x00006800 x15:0xf3acf38a x25=0xf3ad5b8a
       25225000	      2521	80000930	1b2dcb93	xori	x23,x27,434	 x27:0x00000000 x23=0x000001b2
       25235000	      2522	80000934	9e2ace13	xori	x28,x21,-1566	 x21:0x00000000 x28=0xfffff9e2
       25245000	      2523	80000938	01f576b3	and	x13,x10,x31	 x10:0x00000000 x31:0xfffff884 x13=0x00000000
       25255000	      2524	8000093c	00002097	auipc	x1,0x2	  x1=0x80002938
       25265000	      2525	80000940	ec408093	addi	x1,x1,-316	  x1:0x80002938  x1=0x800027fc
       25275000	      2526	80000944	00609f93	slli	x31,x1,0x6	  x1:0x800027fc x31=0x0009ff00
       25285000	      2527	80000948	8d984b13	xori	x22,x16,-1831	 x16:0x00006800 x22=0xffff90d9
       25295000	      2528	8000094c	00735e13	srli	x28,x6,0x7	  x6:0x00000001 x28=0x00000000
       25305000	      2529	80000950	edd08093	addi	x1,x1,-291	  x1:0x800027fc  x1=0x800026d9
       25315000	      2530	80000954	8352eb93	ori	x23,x5,-1995	  x5:0x7f100000 x23=0xfffff835
       25325000	      2531	80000958	00000013	addi	x0,x0,0	  x0:0x00000000
       25335000	      2532	8000095c	123080e7	jalr	x1,x1,291	  x1:0x800026d9  x1=0x8000095c
       25345000	      2533	00000000	00000013	addi	x0,x0,0	  x0:0x00000000
       25355000	      2534	800027fc	00000013	addi	x0,x0,0	  x0:0x00000000
       25365000	      2535	80002800	00f85493	srli	x9,x16,0xf	 x16:0x00006800  x9=0x00000000
       25375000	      2536	80002804	1c7c0293	addi	x5,x24,455	 x24:0xf3acf38a  x5=0xf3acf551
       25385000	      2537	80002808	01d194b3	sll	x9,x3,x29	  x3:0x000007ec x29:0x00000012  x9=0x1fb00000
       25395000	      2538	8000280c	fc890913	addi	x18,x18,-56	 x18:0x80009f84 x18=0x80009f4c
       25405000	      2539	80002810	00192223	sw	x1,4(x18)	 x18:0x80009f4c  x1:0x8000095c PA:0x80009f50
       25415000	      2540	80002814	2bb07693	andi	x13,x0,699	  x0:0x00000000 x13=0x00000000
       25425000	      2541	80002818	8d188313	addi	x6,x17,-1839	 x17:0xb1106000  x6=0xb11058d1
       25435000	      2542	8000281c	011759b3	srl	x19,x14,x17	 x14:0xfffffbdb x17:0xb1106000 x19=0xfffffbdb
       25445000	      2543	80002820	00800993	addi	x19,x0,8	  x0:0x00000000 x19=0x00000008
       25455000	      2544	80002824	01325313	srli	x6,x4,0x13	  x4:0x00000104  x6=0x00000000
       25465000	      2545	80002828	39aefc13	andi	x24,x29,922	 x29:0x00000012 x24=0x00000012
       25475000	      2546	8000282c	00f412b3	sll	x5,x8,x15	  x8:0x0000001a x15:0xf3acf38a  x5=0x00006800
       25485000	      2547	80002830	a67df593	andi	x11,x27,-1433	 x27:0x00000000 x11=0x00000000
       25495000	      2548	80002834	a812f513	andi	x10,x5,-1407	  x5:0x00006800 x10=0x00006800
       25505000	      2549	80002838	3e28b493	sltiu	x9,x17,994	 x17:0xb1106000  x9=0x00000000
       25515000	      2550	8000283c	00000013	addi	x0,x0,0	  x0:0x00000000
       25525000	      2551	80002840	ff200213	addi	x4,x0,-14	  x0:0x00000000  x4=0xfffffff2
       25535000	      2552	80002844	6c766013	ori	x0,x12,1735	 x12:0x2c1037e9
       25545000	      2553	80002848	ff698993	addi	x19,x19,-10	 x19:0x00000008 x19=0xfffffffe
       25555000	      2554	8000284c	01ce2bb3	slt	x23,x28,x28	 x28:0x00000000 x28:0x00000000 x23=0x00000000
       25565000	      2555	80002850	ffd00f93	addi	x31,x0,-3	  x0:0x00000000 x31=0xfffffffd
       25575000	      2556	80002854	b9d77893	andi	x17,x14,-1123	 x14:0xfffffbdb x17=0xfffffb99
       25585000	      2557	80002858	00700a93	addi	x21,x0,7	  x0:0x00000000 x21=0x00000007
       25595000	      2558	8000285c	01ab0db3	add	x27,x22,x26	 x22:0xffff90d9 x26:0x00000098 x27=0xffff9171
       25605000	      2559	80002860	0101f133	and	x2,x3,x16	  x3:0x000007ec x16:0x00006800  x2=0x00000000
       25615000	      2560	80002864	650d0e93	addi	x29,x26,1616	 x26:0x00000098 x29=0x000006e8
       25625000	      2561	80002868	fd0f3093	sltiu	x1,x30,-48	 x30:0x2c103c0e  x1=0x00000001
       25635000	      2562	8000286c	addebe93	sltiu	x29,x29,-1315	 x29:0x000006e8 x29=0x00000001
       25645000	      2563	80002870	6e890613	addi	x12,x18,1768	 x18:0x80009f4c x12=0x8000a634
       25655000	      2564	80002874	0093ddb3	srl	x27,x7,x9	  x7:0x00000000  x9:0x00000000 x27=0x00000000
       25665000	      2565	80002878	0159eb33	or	x22,x19,x21	 x19:0xfffffffe x21:0x00000007 x22=0xffffffff
       25675000	      2566	8000287c	005f8f93	addi	x31,x31,5	 x31:0xfffffffd x31=0x00000002
       25685000	      2567	80002880	ff5f82e3	beq	x31,x21,80002864	 x31:0x00000002 x21:0x00000007
       25695000	      2568	80002884	417350b3	sra	x1,x6,x23	  x6:0x00000000 x23:0x00000000  x1=0x00000000
       25705000	      2569	80002888	41590f33	sub	x30,x18,x21	 x18:0x80009f4c x21:0x00000007 x30=0x80009f45
       25715000	      2570	8000288c	01645693	srli	x13,x8,0x16	  x8:0x0000001a x13=0x00000000
       25725000	      2571	80002890	01fc6833	or	x16,x24,x31	 x24:0x00000012 x31:0x00000002 x16=0x00000012
       25735000	      2572	80002894	6b916013	ori	x0,x2,1721	  x2:0x00000000
       25745000	      2573	80002898	0006e033	or	x0,x13,x0	 x13:0x00000000  x0:0x00000000
       25755000	      2574	8000289c	00d22cb3	slt	x25,x4,x13	  x4:0xfffffff2 x13:0x00000000 x25=0x00000001
       25765000	      2575	800028a0	d85122b7	lui	x5,0xd8512	  x5=0xd8512000
       25775000	      2576	800028a4	fa49d0e3	bge	x19,x4,80002844	 x19:0xfffffffe  x4:0xfffffff2
       25785000	      2577	00000000	00000013	addi	x0,x0,0	  x0:0x00000000
       25795000	      2578	80002840	00000013	addi	x0,x0,0	  x0:0x00000000
       25805000	      2579	80002844	6c766013	ori	x0,x12,1735	 x12:0x8000a634
       25815000	      2580	80002848	ff698993	addi	x19,x19,-10	 x19:0xfffffffe x19=0xfffffff4
       25825000	      2581	8000284c	01ce2bb3	slt	x23,x28,x28	 x28:0x00000000 x28:0x00000000 x23=0x00000000
       25835000	      2582	80002850	ffd00f93	addi	x31,x0,-3	  x0:0x00000000 x31=0xfffffffd
       25845000	      2583	80002854	b9d77893	andi	x17,x14,-1123	 x14:0xfffffbdb x17=0xfffffb99
       25855000	      2584	80002858	00700a93	addi	x21,x0,7	  x0:0x00000000 x21=0x00000007
       25865000	      2585	8000285c	01ab0db3	add	x27,x22,x26	 x22:0xffffffff x26:0x00000098 x27=0x00000097
       25875000	      2586	80002860	0101f133	and	x2,x3,x16	  x3:0x000007ec x16:0x00000012  x2=0x00000000
       25885000	      2587	80002864	650d0e93	addi	x29,x26,1616	 x26:0x00000098 x29=0x000006e8
       25895000	      2588	80002868	fd0f3093	sltiu	x1,x30,-48	 x30:0x80009f45  x1=0x00000001
       25905000	      2589	8000286c	addebe93	sltiu	x29,x29,-1315	 x29:0x000006e8 x29=0x00000001
       25915000	      2590	80002870	6e890613	addi	x12,x18,1768	 x18:0x80009f4c x12=0x8000a634
       25925000	      2591	80002874	0093ddb3	srl	x27,x7,x9	  x7:0x00000000  x9:0x00000000 x27=0x00000000
       25935000	      2592	80002878	0159eb33	or	x22,x19,x21	 x19:0xfffffff4 x21:0x00000007 x22=0xfffffff7
       25945000	      2593	8000287c	005f8f93	addi	x31,x31,5	 x31:0xfffffffd x31=0x00000002
       25955000	      2594	80002880	ff5f82e3	beq	x31,x21,80002864	 x31:0x00000002 x21:0x00000007
       25965000	      2595	80002884	417350b3	sra	x1,x6,x23	  x6:0x00000000 x23:0x00000000  x1=0x00000000
       25975000	      2596	80002888	41590f33	sub	x30,x18,x21	 x18:0x80009f4c x21:0x00000007 x30=0x80009f45
       25985000	      2597	8000288c	01645693	srli	x13,x8,0x16	  x8:0x0000001a x13=0x00000000
       25995000	      2598	80002890	01fc6833	or	x16,x24,x31	 x24:0x00000012 x31:0x00000002 x16=0x00000012
       26005000	      2599	80002894	6b916013	ori	x0,x2,1721	  x2:0x00000000
       26015000	      2600	80002898	0006e033	or	x0,x13,x0	 x13:0x00000000  x0:0x00000000
       26025000	      2601	8000289c	00d22cb3	slt	x25,x4,x13	  x4:0xfffffff2 x13:0x00000000 x25=0x00000001
       26035000	      2602	800028a0	d85122b7	lui	x5,0xd8512	  x5=0xd8512000
       26045000	      2603	800028a4	fa49d0e3	bge	x19,x4,80002844	 x19:0xfffffff4  x4:0xfffffff2
       26055000	      2604	00000000	00000013	addi	x0,x0,0	  x0:0x00000000
       26065000	      2605	80002840	00000013	addi	x0,x0,0	  x0:0x00000000
       26075000	      2606	80002844	6c766013	ori	x0,x12,1735	 x12:0x8000a634
       26085000	      2607	80002848	ff698993	addi	x19,x19,-10	 x19:0xfffffff4 x19=0xffffffea
       26095000	      2608	8000284c	01ce2bb3	slt	x23,x28,x28	 x28:0x00000000 x28:0x00000000 x23=0x00000000
       26105000	      2609	80002850	ffd00f93	addi	x31,x0,-3	  x0:0x00000000 x31=0xfffffffd
       26115000	      2610	80002854	b9d77893	andi	x17,x14,-1123	 x14:0xfffffbdb x17=0xfffffb99
       26125000	      2611	80002858	00700a93	addi	x21,x0,7	  x0:0x00000000 x21=0x00000007
       26135000	      2612	8000285c	01ab0db3	add	x27,x22,x26	 x22:0xfffffff7 x26:0x00000098 x27=0x0000008f
       26145000	      2613	80002860	0101f133	and	x2,x3,x16	  x3:0x000007ec x16:0x00000012  x2=0x00000000
       26155000	      2614	80002864	650d0e93	addi	x29,x26,1616	 x26:0x00000098 x29=0x000006e8
       26165000	      2615	80002868	fd0f3093	sltiu	x1,x30,-48	 x30:0x80009f45  x1=0x00000001
       26175000	      2616	8000286c	addebe93	sltiu	x29,x29,-1315	 x29:0x000006e8 x29=0x00000001
       26185000	      2617	80002870	6e890613	addi	x12,x18,1768	 x18:0x80009f4c x12=0x8000a634
       26195000	      2618	80002874	0093ddb3	srl	x27,x7,x9	  x7:0x00000000  x9:0x00000000 x27=0x00000000
       26205000	      2619	80002878	0159eb33	or	x22,x19,x21	 x19:0xffffffea x21:0x00000007 x22=0xffffffef
       26215000	      2620	8000287c	005f8f93	addi	x31,x31,5	 x31:0xfffffffd x31=0x00000002
       26225000	      2621	80002880	ff5f82e3	beq	x31,x21,80002864	 x31:0x00000002 x21:0x00000007
       26235000	      2622	80002884	417350b3	sra	x1,x6,x23	  x6:0x00000000 x23:0x00000000  x1=0x00000000
       26245000	      2623	80002888	41590f33	sub	x30,x18,x21	 x18:0x80009f4c x21:0x00000007 x30=0x80009f45
       26255000	      2624	8000288c	01645693	srli	x13,x8,0x16	  x8:0x0000001a x13=0x00000000
       26265000	      2625	80002890	01fc6833	or	x16,x24,x31	 x24:0x00000012 x31:0x00000002 x16=0x00000012
       26275000	      2626	80002894	6b916013	ori	x0,x2,1721	  x2:0x00000000
       26285000	      2627	80002898	0006e033	or	x0,x13,x0	 x13:0x00000000  x0:0x00000000
       26295000	      2628	8000289c	00d22cb3	slt	x25,x4,x13	  x4:0xfffffff2 x13:0x00000000 x25=0x00000001
       26305000	      2629	800028a0	d85122b7	lui	x5,0xd8512	  x5=0xd8512000
       26315000	      2630	800028a4	fa49d0e3	bge	x19,x4,80002844	 x19:0xffffffea  x4:0xfffffff2
       26325000	      2631	800028a8	40e60833	sub	x16,x12,x14	 x12:0x8000a634 x14:0xfffffbdb x16=0x8000aa59
       26335000	      2632	800028ac	ff600f93	addi	x31,x0,-10	  x0:0x00000000 x31=0xfffffff6
       26345000	      2633	800028b0	00e00f13	addi	x30,x0,14	  x0:0x00000000 x30=0x0000000e
       26355000	      2634	800028b4	00cbc333	xor	x6,x23,x12	 x23:0x00000000 x12:0x8000a634  x6=0x8000a634
       26365000	      2635	800028b8	8138d297	auipc	x5,0x8138d	  x5=0x0138f8b4
       26375000	      2636	800028bc	008f8f93	addi	x31,x31,8	 x31:0xfffffff6 x31=0xfffffffe
       26385000	      2637	800028c0	00600713	addi	x14,x0,6	  x0:0x00000000 x14=0x00000006
       26395000	      2638	800028c4	01100b93	addi	x23,x0,17	  x0:0x00000000 x23=0x00000011
       26405000	      2639	800028c8	406c89b3	sub	x19,x25,x6	 x25:0x00000001  x6:0x8000a634 x19=0x7fff59cd
       26415000	      2640	800028cc	01d47333	and	x6,x8,x29	  x8:0x0000001a x29:0x00000001  x6=0x00000000
       26425000	      2641	800028d0	7c676d17	auipc	x26,0x7c676	 x26=0xfc6788cc
       26435000	      2642	800028d4	00470713	addi	x14,x14,4	 x14:0x00000006 x14=0x0000000a
       26445000	      2643	800028d8	ff774ce3	blt	x14,x23,800028d0	 x14:0x0000000a x23:0x00000011
       26455000	      2644	00000000	00000013	addi	x0,x0,0	  x0:0x00000000
       26465000	      2645	800028cc	00000013	addi	x0,x0,0	  x0:0x00000000
       26475000	      2646	800028d0	7c676d17	auipc	x26,0x7c676	 x26=0xfc6788cc
       26485000	      2647	800028d4	00470713	addi	x14,x14,4	 x14:0x0000000a x14=0x0000000e
       26495000	      2648	800028d8	ff774ce3	blt	x14,x23,800028d0	 x14:0x0000000e x23:0x00000011
       26505000	      2649	00000000	00000013	addi	x0,x0,0	  x0:0x00000000
       26515000	      2650	800028cc	00000013	addi	x0,x0,0	  x0:0x00000000
       26525000	      2651	800028d0	7c676d17	auipc	x26,0x7c676	 x26=0xfc6788cc
       26535000	      2652	800028d4	00470713	addi	x14,x14,4	 x14:0x0000000e x14=0x00000012
       26545000	      2653	800028d8	ff774ce3	blt	x14,x23,800028d0	 x14:0x00000012 x23:0x00000011
       26555000	      2654	800028dc	fdef8ce3	beq	x31,x30,800028b4	 x31:0xfffffffe x30:0x0000000e
       26565000	      2655	800028e0	df8c7593	andi	x11,x24,-520	 x24:0x00000012 x11=0x00000010
       26575000	      2656	800028e4	ffb00b93	addi	x23,x0,-5	  x0:0x00000000 x23=0xfffffffb
       26585000	      2657	800028e8	f433ef13	ori	x30,x7,-189	  x7:0x00000000 x30=0xffffff43
       26595000	      2658	800028ec	014c5e13	srli	x28,x24,0x14	 x24:0x00000012 x28=0x00000000
       26605000	      2659	800028f0	fc34b393	sltiu	x7,x9,-61	  x9:0x00000000  x7=0x00000001
       26615000	      2660	800028f4	6e8e7013	andi	x0,x28,1768	 x28:0x00000000
       26625000	      2661	800028f8	87603593	sltiu	x11,x0,-1930	  x0:0x00000000 x11=0x00000001
       26635000	      2662	800028fc	00db7fb3	and	x31,x22,x13	 x22:0xffffffef x13:0x00000000 x31=0x00000000
       26645000	      2663	80002900	01843633	sltu	x12,x8,x24	  x8:0x0000001a x24:0x00000012 x12=0x00000000
       26655000	      2664	80002904	00c40fb3	add	x31,x8,x12	  x8:0x0000001a x12:0x00000000 x31=0x0000001a
       26665000	      2665	80002908	0135db13	srli	x22,x11,0x13	 x11:0x00000001 x22=0x00000000
       26675000	      2666	8000290c	01a13633	sltu	x12,x2,x26	  x2:0x00000000 x26:0xfc6788cc x12=0x00000001
       26685000	      2667	80002910	54c232b7	lui	x5,0x54c23	  x5=0x54c23000
       26695000	      2668	80002914	00600093	addi	x1,x0,6	  x0:0x00000000  x1=0x00000006
       26705000	      2669	80002918	009551b3	srl	x3,x10,x9	 x10:0x00006800  x9:0x00000000  x3=0x00006800
       26715000	      2670	8000291c	01ed8533	add	x10,x27,x30	 x27:0x00000000 x30:0xffffff43 x10=0xffffff43
       26725000	      2671	80002920	00a3bfb3	sltu	x31,x7,x10	  x7:0x00000001 x10:0xffffff43 x31=0x00000001
       26735000	      2672	80002924	9c708193	addi	x3,x1,-1593	  x1:0x00000006  x3=0xfffff9cd
       26745000	      2673	80002928	4012d8b3	sra	x17,x5,x1	  x5:0x54c23000  x1:0x00000006 x17=0x015308c0
       26755000	      2674	8000292c	01270433	add	x8,x14,x18	 x14:0x00000012 x18:0x80009f4c  x8=0x80009f5e
       26765000	      2675	80002930	01b81f33	sll	x30,x16,x27	 x16:0x8000aa59 x27:0x00000000 x30=0x8000aa59
       26775000	      2676	80002934	6fcb3497	auipc	x9,0x6fcb3	  x9=0xefcb5930
       26785000	      2677	80002938	008b8b93	addi	x23,x23,8	 x23:0xfffffffb x23=0x00000003
       26795000	      2678	8000293c	5581a593	slti	x11,x3,1368	  x3:0xfffff9cd x11=0x00000001
       26805000	      2679	80002940	01d0f6b3	and	x13,x1,x29	  x1:0x00000006 x29:0x00000001 x13=0x00000000
       26815000	      2680	80002944	38260e93	addi	x29,x12,898	 x12:0x00000001 x29=0x00000383
       26825000	      2681	80002948	08528013	addi	x0,x5,133	  x5:0x54c23000
       26835000	      2682	8000294c	00db16b3	sll	x13,x22,x13	 x22:0x00000000 x13:0x00000000 x13=0x00000000
       26845000	      2683	80002950	402fd3b7	lui	x7,0x402fd	  x7=0x402fd000
       26855000	      2684	80002954	fe1be0e3	bltu	x23,x1,80002934	 x23:0x00000003  x1:0x00000006
       26865000	      2685	00000000	00000013	addi	x0,x0,0	  x0:0x00000000
       26875000	      2686	80002930	00000013	addi	x0,x0,0	  x0:0x00000000
       26885000	      2687	80002934	6fcb3497	auipc	x9,0x6fcb3	  x9=0xefcb5930
       26895000	      2688	80002938	008b8b93	addi	x23,x23,8	 x23:0x00000003 x23=0x0000000b
       26905000	      2689	8000293c	5581a593	slti	x11,x3,1368	  x3:0xfffff9cd x11=0x00000001
       26915000	      2690	80002940	01d0f6b3	and	x13,x1,x29	  x1:0x00000006 x29:0x00000383 x13=0x00000002
       26925000	      2691	80002944	38260e93	addi	x29,x12,898	 x12:0x00000001 x29=0x00000383
       26935000	      2692	80002948	08528013	addi	x0,x5,133	  x5:0x54c23000
       26945000	      2693	8000294c	00db16b3	sll	x13,x22,x13	 x22:0x00000000 x13:0x00000002 x13=0x00000000
       26955000	      2694	80002950	402fd3b7	lui	x7,0x402fd	  x7=0x402fd000
       26965000	      2695	80002954	fe1be0e3	bltu	x23,x1,80002934	 x23:0x0000000b  x1:0x00000006
       26975000	      2696	80002958	506fff93	andi	x31,x31,1286	 x31:0x00000001 x31=0x00000000
       26985000	      2697	8000295c	ffe00c93	addi	x25,x0,-2	  x0:0x00000000 x25=0xfffffffe
       26995000	      2698	80002960	00f00493	addi	x9,x0,15	  x0:0x00000000  x9=0x0000000f
       27005000	      2699	80002964	771ada97	auipc	x21,0x771ad	 x21=0xf71af960
       27015000	      2700	80002968	003c8c93	addi	x25,x25,3	 x25:0xfffffffe x25=0x00000001
       27025000	      2701	8000296c	01f63f33	sltu	x30,x12,x31	 x12:0x00000001 x31:0x00000000 x30=0x00000000
       27035000	      2702	80002970	ff800193	addi	x3,x0,-8	  x0:0x00000000  x3=0xfffffff8
       27045000	      2703	80002974	ff000113	addi	x2,x0,-16	  x0:0x00000000  x2=0xfffffff0
       27055000	      2704	80002978	002b0bb3	add	x23,x22,x2	 x22:0x00000000  x2:0xfffffff0 x23=0xfffffff0
       27065000	      2705	8000297c	b9113f93	sltiu	x31,x2,-1135	  x2:0xfffffff0 x31=0x00000000
       27075000	      2706	80002980	01ccd393	srli	x7,x25,0x1c	 x25:0x00000001  x7=0x00000000
       27085000	      2707	80002984	ff818193	addi	x3,x3,-8	  x3:0xfffffff8  x3=0xfffffff0
       27095000	      2708	80002988	fe218ae3	beq	x3,x2,8000297c	  x3:0xfffffff0  x2:0xfffffff0
       27105000	      2709	00000000	00000013	addi	x0,x0,0	  x0:0x00000000
       27115000	      2710	80002978	00000013	addi	x0,x0,0	  x0:0x00000000
       27125000	      2711	8000297c	b9113f93	sltiu	x31,x2,-1135	  x2:0xfffffff0 x31=0x00000000
       27135000	      2712	80002980	01ccd393	srli	x7,x25,0x1c	 x25:0x00000001  x7=0x00000000
       27145000	      2713	80002984	ff818193	addi	x3,x3,-8	  x3:0xfffffff0  x3=0xffffffe8
       27155000	      2714	80002988	fe218ae3	beq	x3,x2,8000297c	  x3:0xffffffe8  x2:0xfffffff0
       27165000	      2715	8000298c	fc9cece3	bltu	x25,x9,80002964	 x25:0x00000001  x9:0x0000000f
       27175000	      2716	00000000	00000013	addi	x0,x0,0	  x0:0x00000000
       27185000	      2717	80002960	00000013	addi	x0,x0,0	  x0:0x00000000
       27195000	      2718	80002964	771ada97	auipc	x21,0x771ad	 x21=0xf71af960
       27205000	      2719	80002968	003c8c93	addi	x25,x25,3	 x25:0x00000001 x25=0x00000004
       27215000	      2720	8000296c	01f63f33	sltu	x30,x12,x31	 x12:0x00000001 x31:0x00000000 x30=0x00000000
       27225000	      2721	80002970	ff800193	addi	x3,x0,-8	  x0:0x00000000  x3=0xfffffff8
       27235000	      2722	80002974	ff000113	addi	x2,x0,-16	  x0:0x00000000  x2=0xfffffff0
       27245000	      2723	80002978	002b0bb3	add	x23,x22,x2	 x22:0x00000000  x2:0xfffffff0 x23=0xfffffff0
       27255000	      2724	8000297c	b9113f93	sltiu	x31,x2,-1135	  x2:0xfffffff0 x31=0x00000000
       27265000	      2725	80002980	01ccd393	srli	x7,x25,0x1c	 x25:0x00000004  x7=0x00000000
       27275000	      2726	80002984	ff818193	addi	x3,x3,-8	  x3:0xfffffff8  x3=0xfffffff0
       27285000	      2727	80002988	fe218ae3	beq	x3,x2,8000297c	  x3:0xfffffff0  x2:0xfffffff0
       27295000	      2728	00000000	00000013	addi	x0,x0,0	  x0:0x00000000
       27305000	      2729	80002978	00000013	addi	x0,x0,0	  x0:0x00000000
       27315000	      2730	8000297c	b9113f93	sltiu	x31,x2,-1135	  x2:0xfffffff0 x31=0x00000000
       27325000	      2731	80002980	01ccd393	srli	x7,x25,0x1c	 x25:0x00000004  x7=0x00000000
       27335000	      2732	80002984	ff818193	addi	x3,x3,-8	  x3:0xfffffff0  x3=0xffffffe8
       27345000	      2733	80002988	fe218ae3	beq	x3,x2,8000297c	  x3:0xffffffe8  x2:0xfffffff0
       27355000	      2734	8000298c	fc9cece3	bltu	x25,x9,80002964	 x25:0x00000004  x9:0x0000000f
       27365000	      2735	00000000	00000013	addi	x0,x0,0	  x0:0x00000000
       27375000	      2736	80002960	00000013	addi	x0,x0,0	  x0:0x00000000
       27385000	      2737	80002964	771ada97	auipc	x21,0x771ad	 x21=0xf71af960
       27395000	      2738	80002968	003c8c93	addi	x25,x25,3	 x25:0x00000004 x25=0x00000007
       27405000	      2739	8000296c	01f63f33	sltu	x30,x12,x31	 x12:0x00000001 x31:0x00000000 x30=0x00000000
       27415000	      2740	80002970	ff800193	addi	x3,x0,-8	  x0:0x00000000  x3=0xfffffff8
       27425000	      2741	80002974	ff000113	addi	x2,x0,-16	  x0:0x00000000  x2=0xfffffff0
       27435000	      2742	80002978	002b0bb3	add	x23,x22,x2	 x22:0x00000000  x2:0xfffffff0 x23=0xfffffff0
       27445000	      2743	8000297c	b9113f93	sltiu	x31,x2,-1135	  x2:0xfffffff0 x31=0x00000000
       27455000	      2744	80002980	01ccd393	srli	x7,x25,0x1c	 x25:0x00000007  x7=0x00000000
       27465000	      2745	80002984	ff818193	addi	x3,x3,-8	  x3:0xfffffff8  x3=0xfffffff0
       27475000	      2746	80002988	fe218ae3	beq	x3,x2,8000297c	  x3:0xfffffff0  x2:0xfffffff0
       27485000	      2747	00000000	00000013	addi	x0,x0,0	  x0:0x00000000
       27495000	      2748	80002978	00000013	addi	x0,x0,0	  x0:0x00000000
       27505000	      2749	8000297c	b9113f93	sltiu	x31,x2,-1135	  x2:0xfffffff0 x31=0x00000000
       27515000	      2750	80002980	01ccd393	srli	x7,x25,0x1c	 x25:0x00000007  x7=0x00000000
       27525000	      2751	80002984	ff818193	addi	x3,x3,-8	  x3:0xfffffff0  x3=0xffffffe8
       27535000	      2752	80002988	fe218ae3	beq	x3,x2,8000297c	  x3:0xffffffe8  x2:0xfffffff0
       27545000	      2753	8000298c	fc9cece3	bltu	x25,x9,80002964	 x25:0x00000007  x9:0x0000000f
       27555000	      2754	00000000	00000013	addi	x0,x0,0	  x0:0x00000000
       27565000	      2755	80002960	00000013	addi	x0,x0,0	  x0:0x00000000
       27575000	      2756	80002964	771ada97	auipc	x21,0x771ad	 x21=0xf71af960
       27585000	      2757	80002968	003c8c93	addi	x25,x25,3	 x25:0x00000007 x25=0x0000000a
       27595000	      2758	8000296c	01f63f33	sltu	x30,x12,x31	 x12:0x00000001 x31:0x00000000 x30=0x00000000
       27605000	      2759	80002970	ff800193	addi	x3,x0,-8	  x0:0x00000000  x3=0xfffffff8
       27615000	      2760	80002974	ff000113	addi	x2,x0,-16	  x0:0x00000000  x2=0xfffffff0
       27625000	      2761	80002978	002b0bb3	add	x23,x22,x2	 x22:0x00000000  x2:0xfffffff0 x23=0xfffffff0
       27635000	      2762	8000297c	b9113f93	sltiu	x31,x2,-1135	  x2:0xfffffff0 x31=0x00000000
       27645000	      2763	80002980	01ccd393	srli	x7,x25,0x1c	 x25:0x0000000a  x7=0x00000000
       27655000	      2764	80002984	ff818193	addi	x3,x3,-8	  x3:0xfffffff8  x3=0xfffffff0
       27665000	      2765	80002988	fe218ae3	beq	x3,x2,8000297c	  x3:0xfffffff0  x2:0xfffffff0
       27675000	      2766	00000000	00000013	addi	x0,x0,0	  x0:0x00000000
       27685000	      2767	80002978	00000013	addi	x0,x0,0	  x0:0x00000000
       27695000	      2768	8000297c	b9113f93	sltiu	x31,x2,-1135	  x2:0xfffffff0 x31=0x00000000
       27705000	      2769	80002980	01ccd393	srli	x7,x25,0x1c	 x25:0x0000000a  x7=0x00000000
       27715000	      2770	80002984	ff818193	addi	x3,x3,-8	  x3:0xfffffff0  x3=0xffffffe8
       27725000	      2771	80002988	fe218ae3	beq	x3,x2,8000297c	  x3:0xffffffe8  x2:0xfffffff0
       27735000	      2772	8000298c	fc9cece3	bltu	x25,x9,80002964	 x25:0x0000000a  x9:0x0000000f
       27745000	      2773	00000000	00000013	addi	x0,x0,0	  x0:0x00000000
       27755000	      2774	80002960	00000013	addi	x0,x0,0	  x0:0x00000000
       27765000	      2775	80002964	771ada97	auipc	x21,0x771ad	 x21=0xf71af960
       27775000	      2776	80002968	003c8c93	addi	x25,x25,3	 x25:0x0000000a x25=0x0000000d
       27785000	      2777	8000296c	01f63f33	sltu	x30,x12,x31	 x12:0x00000001 x31:0x00000000 x30=0x00000000
       27795000	      2778	80002970	ff800193	addi	x3,x0,-8	  x0:0x00000000  x3=0xfffffff8
       27805000	      2779	80002974	ff000113	addi	x2,x0,-16	  x0:0x00000000  x2=0xfffffff0
       27815000	      2780	80002978	002b0bb3	add	x23,x22,x2	 x22:0x00000000  x2:0xfffffff0 x23=0xfffffff0
       27825000	      2781	8000297c	b9113f93	sltiu	x31,x2,-1135	  x2:0xfffffff0 x31=0x00000000
       27835000	      2782	80002980	01ccd393	srli	x7,x25,0x1c	 x25:0x0000000d  x7=0x00000000
       27845000	      2783	80002984	ff818193	addi	x3,x3,-8	  x3:0xfffffff8  x3=0xfffffff0
       27855000	      2784	80002988	fe218ae3	beq	x3,x2,8000297c	  x3:0xfffffff0  x2:0xfffffff0
       27865000	      2785	00000000	00000013	addi	x0,x0,0	  x0:0x00000000
       27875000	      2786	80002978	00000013	addi	x0,x0,0	  x0:0x00000000
       27885000	      2787	8000297c	b9113f93	sltiu	x31,x2,-1135	  x2:0xfffffff0 x31=0x00000000
       27895000	      2788	80002980	01ccd393	srli	x7,x25,0x1c	 x25:0x0000000d  x7=0x00000000
       27905000	      2789	80002984	ff818193	addi	x3,x3,-8	  x3:0xfffffff0  x3=0xffffffe8
       27915000	      2790	80002988	fe218ae3	beq	x3,x2,8000297c	  x3:0xffffffe8  x2:0xfffffff0
       27925000	      2791	8000298c	fc9cece3	bltu	x25,x9,80002964	 x25:0x0000000d  x9:0x0000000f
       27935000	      2792	00000000	00000013	addi	x0,x0,0	  x0:0x00000000
       27945000	      2793	80002960	00000013	addi	x0,x0,0	  x0:0x00000000
       27955000	      2794	80002964	771ada97	auipc	x21,0x771ad	 x21=0xf71af960
       27965000	      2795	80002968	003c8c93	addi	x25,x25,3	 x25:0x0000000d x25=0x00000010
       27975000	      2796	8000296c	01f63f33	sltu	x30,x12,x31	 x12:0x00000001 x31:0x00000000 x30=0x00000000
       27985000	      2797	80002970	ff800193	addi	x3,x0,-8	  x0:0x00000000  x3=0xfffffff8
       27995000	      2798	80002974	ff000113	addi	x2,x0,-16	  x0:0x00000000  x2=0xfffffff0
       28005000	      2799	80002978	002b0bb3	add	x23,x22,x2	 x22:0x00000000  x2:0xfffffff0 x23=0xfffffff0
       28015000	      2800	8000297c	b9113f93	sltiu	x31,x2,-1135	  x2:0xfffffff0 x31=0x00000000
       28025000	      2801	80002980	01ccd393	srli	x7,x25,0x1c	 x25:0x00000010  x7=0x00000000
       28035000	      2802	80002984	ff818193	addi	x3,x3,-8	  x3:0xfffffff8  x3=0xfffffff0
       28045000	      2803	80002988	fe218ae3	beq	x3,x2,8000297c	  x3:0xfffffff0  x2:0xfffffff0
       28055000	      2804	00000000	00000013	addi	x0,x0,0	  x0:0x00000000
       28065000	      2805	80002978	00000013	addi	x0,x0,0	  x0:0x00000000
       28075000	      2806	8000297c	b9113f93	sltiu	x31,x2,-1135	  x2:0xfffffff0 x31=0x00000000
       28085000	      2807	80002980	01ccd393	srli	x7,x25,0x1c	 x25:0x00000010  x7=0x00000000
       28095000	      2808	80002984	ff818193	addi	x3,x3,-8	  x3:0xfffffff0  x3=0xffffffe8
       28105000	      2809	80002988	fe218ae3	beq	x3,x2,8000297c	  x3:0xffffffe8  x2:0xfffffff0
       28115000	      2810	8000298c	fc9cece3	bltu	x25,x9,80002964	 x25:0x00000010  x9:0x0000000f
       28125000	      2811	80002990	0107d613	srli	x12,x15,0x10	 x15:0xf3acf38a x12=0x0000f3ac
       28135000	      2812	80002994	00ef5ab3	srl	x21,x30,x14	 x30:0x00000000 x14:0x00000012 x21=0x00000000
       28145000	      2813	80002998	0109c4b3	xor	x9,x19,x16	 x19:0x7fff59cd x16:0x8000aa59  x9=0xfffff394
       28155000	      2814	8000299c	002554b3	srl	x9,x10,x2	 x10:0xffffff43  x2:0xfffffff0  x9=0x0000ffff
       28165000	      2815	800029a0	91158413	addi	x8,x11,-1775	 x11:0x00000001  x8=0xfffff912
       28175000	      2816	800029a4	4045d4b3	sra	x9,x11,x4	 x11:0x00000001  x4:0xfffffff2  x9=0x00000000
       28185000	      2817	800029a8	c8cd6d17	auipc	x26,0xc8cd6	 x26=0x48cd89a4
       28195000	      2818	800029ac	00000013	addi	x0,x0,0	  x0:0x00000000
       28205000	      2819	800029b0	40015b13	srai	x22,x2,0x0	  x2:0xfffffff0 x22=0xfffffff0
       28215000	      2820	800029b4	83f04f13	xori	x30,x0,-1985	  x0:0x00000000 x30=0xfffff83f
       28225000	      2821	800029b8	02f09463	bne	x1,x15,800029e0	  x1:0x00000006 x15:0xf3acf38a
       28235000	      2822	00000000	00000013	addi	x0,x0,0	  x0:0x00000000
       28245000	      2823	800029dc	00000013	addi	x0,x0,0	  x0:0x00000000
       28255000	      2824	800029e0	01bc2e33	slt	x28,x24,x27	 x24:0x00000012 x27:0x00000000 x28=0x00000000
       28265000	      2825	800029e4	41f781b3	sub	x3,x15,x31	 x15:0xf3acf38a x31:0x00000000  x3=0xf3acf38a
       28275000	      2826	800029e8	01a261b3	or	x3,x4,x26	  x4:0xfffffff2 x26:0x48cd89a4  x3=0xfffffff6
       28285000	      2827	800029ec	01eea633	slt	x12,x29,x30	 x29:0x00000383 x30:0xfffff83f x12=0x00000000
       28295000	      2828	800029f0	4063dd33	sra	x26,x7,x6	  x7:0x00000000  x6:0x00000000 x26=0x00000000
       28305000	      2829	800029f4	41f3d193	srai	x3,x7,0x1f	  x7:0x00000000  x3=0x00000000
       28315000	      2830	800029f8	7d799997	auipc	x19,0x7d799	 x19=0xfd79b9f4
       28325000	      2831	800029fc	000ec3b3	xor	x7,x29,x0	 x29:0x00000383  x0:0x00000000  x7=0x00000383
       28335000	      2832	80002a00	00adb2b3	sltu	x5,x27,x10	 x27:0x00000000 x10:0xffffff43  x5=0x00000001
       28345000	      2833	80002a04	00000013	addi	x0,x0,0	  x0:0x00000000
       28355000	      2834	80002a08	7c052c97	auipc	x25,0x7c052	 x25=0xfc054a04
       28365000	      2835	80002a0c	bf5e3e13	sltiu	x28,x28,-1035	 x28:0x00000000 x28=0x00000001
       28375000	      2836	80002a10	011e2e33	slt	x28,x28,x17	 x28:0x00000001 x17:0x015308c0 x28=0x00000001
       28385000	      2837	80002a14	01c31f33	sll	x30,x6,x28	  x6:0x00000000 x28:0x00000001 x30=0x00000000
       28395000	      2838	80002a18	00a29693	slli	x13,x5,0xa	  x5:0x00000001 x13=0x00000400
       28405000	      2839	80002a1c	cbfa4337	lui	x6,0xcbfa4	  x6=0xcbfa4000
       28415000	      2840	80002a20	41c8d693	srai	x13,x17,0x1c	 x17:0x015308c0 x13=0x00000000
       28425000	      2841	80002a24	8b1f7993	andi	x19,x30,-1871	 x30:0x00000000 x19=0x00000000
       28435000	      2842	80002a28	00c478b3	and	x17,x8,x12	  x8:0xfffff912 x12:0x00000000 x17=0x00000000
       28445000	      2843	80002a2c	b08d0493	addi	x9,x26,-1272	 x26:0x00000000  x9=0xfffffb08
       28455000	      2844	80002a30	00000013	addi	x0,x0,0	  x0:0x00000000
       28465000	      2845	80002a34	00576cb3	or	x25,x14,x5	 x14:0x00000012  x5:0x00000001 x25=0x00000013
       28475000	      2846	80002a38	8797fc13	andi	x24,x15,-1927	 x15:0xf3acf38a x24=0xf3acf008
       28485000	      2847	80002a3c	22ac68b7	lui	x17,0x22ac6	 x17=0x22ac6000
       28495000	      2848	80002a40	0004d693	srli	x13,x9,0x0	  x9:0xfffffb08 x13=0xfffffb08
       28505000	      2849	80002a44	04910663	beq	x2,x9,80002a90	  x2:0xfffffff0  x9:0xfffffb08
       28515000	      2850	80002a48	247ef213	andi	x4,x29,583	 x29:0x00000383  x4=0x00000203
       28525000	      2851	80002a4c	00000013	addi	x0,x0,0	  x0:0x00000000
       28535000	      2852	80002a50	fd221997	auipc	x19,0xfd221	 x19=0x7d223a4c
       28545000	      2853	80002a54	9b227a93	andi	x21,x4,-1614	  x4:0x00000203 x21=0x00000002
       28555000	      2854	80002a58	000cddb3	srl	x27,x25,x0	 x25:0x00000013  x0:0x00000000 x27=0x00000013
       28565000	      2855	80002a5c	0196b1b3	sltu	x3,x13,x25	 x13:0xfffffb08 x25:0x00000013  x3=0x00000000
       28575000	      2856	80002a60	01b125b3	slt	x11,x2,x27	  x2:0xfffffff0 x27:0x00000013 x11=0x00000001
       28585000	      2857	80002a64	00017663	bgeu	x2,x0,80002a70	  x2:0xfffffff0  x0:0x00000000
       28595000	      2858	00000000	00000013	addi	x0,x0,0	  x0:0x00000000
       28605000	      2859	80002a6c	00000013	addi	x0,x0,0	  x0:0x00000000
       28615000	      2860	80002a70	00d04bb3	xor	x23,x0,x13	  x0:0x00000000 x13:0xfffffb08 x23=0xfffffb08
       28625000	      2861	80002a74	01be71b3	and	x3,x28,x27	 x28:0x00000001 x27:0x00000013  x3=0x00000001
       28635000	      2862	80002a78	001522b3	slt	x5,x10,x1	 x10:0xffffff43  x1:0x00000006  x5=0x00000001
       28645000	      2863	80002a7c	002d76b3	and	x13,x26,x2	 x26:0x00000000  x2:0xfffffff0 x13=0x00000000
       28655000	      2864	80002a80	007cd233	srl	x4,x25,x7	 x25:0x00000013  x7:0x00000383  x4=0x00000002
       28665000	      2865	80002a84	00d49813	slli	x16,x9,0xd	  x9:0xfffffb08 x16=0xff610000
       28675000	      2866	80002a88	00066013	ori	x0,x12,0	 x12:0x00000000
       28685000	      2867	80002a8c	0134fbb3	and	x23,x9,x19	  x9:0xfffffb08 x19:0x7d223a4c x23=0x7d223a08
       28695000	      2868	80002a90	b46c0d97	auipc	x27,0xb46c0	 x27=0x346c2a8c
       28705000	      2869	80002a94	01a14e33	xor	x28,x2,x26	  x2:0xfffffff0 x26:0x00000000 x28=0xfffffff0
       28715000	      2870	80002a98	41328eb3	sub	x29,x5,x19	  x5:0x00000001 x19:0x7d223a4c x29=0x82ddc5b5
       28725000	      2871	80002a9c	00c151b3	srl	x3,x2,x12	  x2:0xfffffff0 x12:0x00000000  x3=0xfffffff0
       28735000	      2872	80002aa0	00593833	sltu	x16,x18,x5	 x18:0x80009f4c  x5:0x00000001 x16=0x00000000
       28745000	      2873	80002aa4	72cd6013	ori	x0,x26,1836	 x26:0x00000000
       28755000	      2874	80002aa8	01609b13	slli	x22,x1,0x16	  x1:0x00000006 x22=0x01800000
       28765000	      2875	80002aac	003b8037	lui	x0,0x3b8	
       28775000	      2876	80002ab0	96e0e397	auipc	x7,0x96e0e	  x7=0x16e10aac
       28785000	      2877	80002ab4	00460b33	add	x22,x12,x4	 x12:0x00000000  x4:0x00000002 x22=0x00000002
       28795000	      2878	80002ab8	416f86b3	sub	x13,x31,x22	 x31:0x00000000 x22:0x00000002 x13=0xfffffffe
       28805000	      2879	80002abc	40ae5033	sra	x0,x28,x10	 x28:0xfffffff0 x10:0xffffff43
       28815000	      2880	80002ac0	d0d26e13	ori	x28,x4,-755	  x4:0x00000002 x28=0xfffffd0f
       28825000	      2881	80002ac4	00a50a63	beq	x10,x10,80002ad8	 x10:0xffffff43 x10:0xffffff43
       28835000	      2882	00000000	00000013	addi	x0,x0,0	  x0:0x00000000
       28845000	      2883	80002ad4	00000013	addi	x0,x0,0	  x0:0x00000000
       28855000	      2884	80002ad8	011673b3	and	x7,x12,x17	 x12:0x00000000 x17:0x22ac6000  x7=0x00000000
       28865000	      2885	80002adc	01b33fb3	sltu	x31,x6,x27	  x6:0xcbfa4000 x27:0x346c2a8c x31=0x00000000
       28875000	      2886	80002ae0	090f5663	bge	x30,x16,80002b6c	 x30:0x00000000 x16:0x00000000
       28885000	      2887	00000000	00000013	addi	x0,x0,0	  x0:0x00000000
       28895000	      2888	80002b68	00000013	addi	x0,x0,0	  x0:0x00000000
       28905000	      2889	80002b6c	00d6b033	sltu	x0,x13,x13	 x13:0xfffffffe x13:0xfffffffe
       28915000	      2890	80002b70	00f75733	srl	x14,x14,x15	 x14:0x00000012 x15:0xf3acf38a x14=0x00000000
       28925000	      2891	80002b74	00000013	addi	x0,x0,0	  x0:0x00000000
       28935000	      2892	80002b78	00147db3	and	x27,x8,x1	  x8:0xfffff912  x1:0x00000006 x27=0x00000002
       28945000	      2893	80002b7c	051f4863	blt	x30,x17,80002bcc	 x30:0x00000000 x17:0x22ac6000
       28955000	      2894	00000000	00000013	addi	x0,x0,0	  x0:0x00000000
       28965000	      2895	80002bc8	00000013	addi	x0,x0,0	  x0:0x00000000
       28975000	      2896	80002bcc	03f67a63	bgeu	x12,x31,80002c00	 x12:0x00000000 x31:0x00000000
       28985000	      2897	00000000	00000013	addi	x0,x0,0	  x0:0x00000000
       28995000	      2898	80002bfc	00000013	addi	x0,x0,0	  x0:0x00000000
       29005000	      2899	80002c00	01944bb3	xor	x23,x8,x25	  x8:0xfffff912 x25:0x00000013 x23=0xfffff901
       29015000	      2900	80002c04	403c5b33	sra	x22,x24,x3	 x24:0xf3acf008  x3:0xfffffff0 x22=0xfffff3ac
       29025000	      2901	80002c08	8186bc93	sltiu	x25,x13,-2024	 x13:0xfffffffe x25=0x00000000
       29035000	      2902	80002c0c	0131e333	or	x6,x3,x19	  x3:0xfffffff0 x19:0x7d223a4c  x6=0xfffffffc
       29045000	      2903	80002c10	d05e8693	addi	x13,x29,-763	 x29:0x82ddc5b5 x13=0x82ddc2ba
       29055000	      2904	80002c14	05a00063	beq	x0,x26,80002c54	  x0:0x00000000 x26:0x00000000
       29065000	      2905	00000000	00000013	addi	x0,x0,0	  x0:0x00000000
       29075000	      2906	80002c50	00000013	addi	x0,x0,0	  x0:0x00000000
       29085000	      2907	80002c54	01d43d33	sltu	x26,x8,x29	  x8:0xfffff912 x29:0x82ddc5b5 x26=0x00000000
       29095000	      2908	80002c58	c4d97013	andi	x0,x18,-947	 x18:0x80009f4c
       29105000	      2909	80002c5c	c429c193	xori	x3,x19,-958	 x19:0x7d223a4c  x3=0x82ddc60e
       29115000	      2910	80002c60	05c55863	bge	x10,x28,80002cb0	 x10:0xffffff43 x28:0xfffffd0f
       29125000	      2911	00000000	00000013	addi	x0,x0,0	  x0:0x00000000
       29135000	      2912	80002cac	00000013	addi	x0,x0,0	  x0:0x00000000
       29145000	      2913	80002cb0	00000013	addi	x0,x0,0	  x0:0x00000000
       29155000	      2914	80002cb4	017ae333	or	x6,x21,x23	 x21:0x00000002 x23:0xfffff901  x6=0xfffff903
       29165000	      2915	80002cb8	01572bb3	slt	x23,x14,x21	 x14:0x00000000 x21:0x00000002 x23=0x00000001
       29175000	      2916	80002cbc	010bac33	slt	x24,x23,x16	 x23:0x00000001 x16:0x00000000 x24=0x00000000
       29185000	      2917	80002cc0	00cd9863	bne	x27,x12,80002cd0	 x27:0x00000002 x12:0x00000000
       29195000	      2918	00000000	00000013	addi	x0,x0,0	  x0:0x00000000
       29205000	      2919	80002ccc	00000013	addi	x0,x0,0	  x0:0x00000000
       29215000	      2920	80002cd0	054f0263	beq	x30,x20,80002d14	 x30:0x00000000 x20:0x80009fc4
       29225000	      2921	80002cd4	0199a0b3	slt	x1,x19,x25	 x19:0x7d223a4c x25:0x00000000  x1=0x00000000
       29235000	      2922	80002cd8	01a4f433	and	x8,x9,x26	  x9:0xfffffb08 x26:0x00000000  x8=0x00000000
       29245000	      2923	80002cdc	05a39263	bne	x7,x26,80002d20	  x7:0x00000000 x26:0x00000000
       29255000	      2924	80002ce0	bd973413	sltiu	x8,x14,-1063	 x14:0x00000000  x8=0x00000001
       29265000	      2925	80002ce4	020c1a63	bne	x24,x0,80002d18	 x24:0x00000000  x0:0x00000000
       29275000	      2926	80002ce8	d6abc413	xori	x8,x23,-662	 x23:0x00000001  x8=0xfffffd6b
       29285000	      2927	80002cec	9cde2093	slti	x1,x28,-1587	 x28:0xfffffd0f  x1=0x00000000
       29295000	      2928	80002cf0	00e69e93	slli	x29,x13,0xe	 x13:0x82ddc2ba x29=0x70ae8000
       29305000	      2929	80002cf4	0108ed33	or	x26,x17,x16	 x17:0x22ac6000 x16:0x00000000 x26=0x22ac6000
       29315000	      2930	80002cf8	01ec7833	and	x16,x24,x30	 x24:0x00000000 x30:0x00000000 x16=0x00000000
       29325000	      2931	80002cfc	01130e63	beq	x6,x17,80002d18	  x6:0xfffff903 x17:0x22ac6000
       29335000	      2932	80002d00	40f05b33	sra	x22,x0,x15	  x0:0x00000000 x15:0xf3acf38a x22=0x00000000
       29345000	      2933	80002d04	40f5d313	srai	x6,x11,0xf	 x11:0x00000001  x6=0x00000000
       29355000	      2934	80002d08	971b0e13	addi	x28,x22,-1679	 x22:0x00000000 x28=0xfffff971
       29365000	      2935	80002d0c	004fa133	slt	x2,x31,x4	 x31:0x00000000  x4:0x00000002  x2=0x00000001
       29375000	      2936	80002d10	015a0463	beq	x20,x21,80002d18	 x20:0x80009fc4 x21:0x00000002
       29385000	      2937	80002d14	00de89b3	add	x19,x29,x13	 x29:0x70ae8000 x13:0x82ddc2ba x19=0xf38c42ba
       29395000	      2938	80002d18	01c17bb3	and	x23,x2,x28	  x2:0x00000001 x28:0xfffff971 x23=0x00000001
       29405000	      2939	80002d1c	00856463	bltu	x10,x8,80002d24	 x10:0xffffff43  x8:0xfffffd6b
       29415000	      2940	80002d20	3a362213	slti	x4,x12,931	 x12:0x00000000  x4=0x00000001
       29425000	      2941	80002d24	a0cfec93	ori	x25,x31,-1524	 x31:0x00000000 x25=0xfffffa0c
       29435000	      2942	80002d28	9ad9c613	xori	x12,x19,-1619	 x19:0xf38c42ba x12=0x0c73bb17
       29445000	      2943	80002d2c	0079f633	and	x12,x19,x7	 x19:0xf38c42ba  x7:0x00000000 x12=0x00000000
       29455000	      2944	80002d30	004413b3	sll	x7,x8,x4	  x8:0xfffffd6b  x4:0x00000001  x7=0xfffffad6
       29465000	      2945	80002d34	01d719b3	sll	x19,x14,x29	 x14:0x00000000 x29:0x70ae8000 x19=0x00000000
       29475000	      2946	80002d38	014d94b3	sll	x9,x27,x20	 x27:0x00000002 x20:0x80009fc4  x9=0x00000020
       29485000	      2947	80002d3c	032cf063	bgeu	x25,x18,80002d5c	 x25:0xfffffa0c x18:0x80009f4c
       29495000	      2948	00000000	00000013	addi	x0,x0,0	  x0:0x00000000
       29505000	      2949	80002d58	00000013	addi	x0,x0,0	  x0:0x00000000
       29515000	      2950	80002d5c	40a483b3	sub	x7,x9,x10	  x9:0x00000020 x10:0xffffff43  x7=0x000000dd
       29525000	      2951	80002d60	00cf1113	slli	x2,x30,0xc	 x30:0x00000000  x2=0x00000000
       29535000	      2952	80002d64	00914ab3	xor	x21,x2,x9	  x2:0x00000000  x9:0x00000020 x21=0x00000020
       29545000	      2953	80002d68	9245fe93	andi	x29,x11,-1756	 x11:0x00000001 x29=0x00000000
       29555000	      2954	80002d6c	217e8193	addi	x3,x29,535	 x29:0x00000000  x3=0x00000217
       29565000	      2955	80002d70	0563e063	bltu	x7,x22,80002db0	  x7:0x000000dd x22:0x00000000
       29575000	      2956	80002d74	dc94e337	lui	x6,0xdc94e	  x6=0xdc94e000
       29585000	      2957	80002d78	f55b0293	addi	x5,x22,-171	 x22:0x00000000  x5=0xffffff55
       29595000	      2958	80002d7c	01ad5d33	srl	x26,x26,x26	 x26:0x22ac6000 x26:0x22ac6000 x26=0x22ac6000
       29605000	      2959	80002d80	c78cfbb7	lui	x23,0xc78cf	 x23=0xc78cf000
       29615000	      2960	80002d84	00cbaf33	slt	x30,x23,x12	 x23:0xc78cf000 x12:0x00000000 x30=0x00000001
       29625000	      2961	80002d88	802d3993	sltiu	x19,x26,-2046	 x26:0x22ac6000 x19=0x00000001
       29635000	      2962	80002d8c	01f02833	slt	x16,x0,x31	  x0:0x00000000 x31:0x00000000 x16=0x00000000
       29645000	      2963	80002d90	04948263	beq	x9,x9,80002dd4	  x9:0x00000020  x9:0x00000020
       29655000	      2964	00000000	00000013	addi	x0,x0,0	  x0:0x00000000
       29665000	      2965	80002dd0	00000013	addi	x0,x0,0	  x0:0x00000000
       29675000	      2966	80002dd4	01479863	bne	x15,x20,80002de4	 x15:0xf3acf38a x20:0x80009fc4
       29685000	      2967	00000000	00000013	addi	x0,x0,0	  x0:0x00000000
       29695000	      2968	80002de0	00000013	addi	x0,x0,0	  x0:0x00000000
       29705000	      2969	80002de4	00000013	addi	x0,x0,0	  x0:0x00000000
       29715000	      2970	80002de8	199e2613	slti	x12,x28,409	 x28:0xfffff971 x12=0x00000001
       29725000	      2971	80002dec	01a10c33	add	x24,x2,x26	  x2:0x00000000 x26:0x22ac6000 x24=0x22ac6000
       29735000	      2972	80002df0	00189f13	slli	x30,x17,0x1	 x17:0x22ac6000 x30=0x4558c000
       29745000	      2973	80002df4	00c8d533	srl	x10,x17,x12	 x17:0x22ac6000 x12:0x00000001 x10=0x11563000
       29755000	      2974	80002df8	4e09ec13	ori	x24,x19,1248	 x19:0x00000001 x24=0x000004e1
       29765000	      2975	80002dfc	0081c833	xor	x16,x3,x8	  x3:0x00000217  x8:0xfffffd6b x16=0xffffff7c
       29775000	      2976	80002e00	01eed333	srl	x6,x29,x30	 x29:0x00000000 x30:0x4558c000  x6=0x00000000
       29785000	      2977	80002e04	00000013	addi	x0,x0,0	  x0:0x00000000
       29795000	      2978	80002e08	01889733	sll	x14,x17,x24	 x17:0x22ac6000 x24:0x000004e1 x14=0x4558c000
       29805000	      2979	80002e0c	0188ec33	or	x24,x17,x24	 x17:0x22ac6000 x24:0x000004e1 x24=0x22ac64e1
       29815000	      2980	80002e10	00492083	lw	x1,4(x18)	 x18:0x80009f4c  x1=0x8000095c PA:0x80009f50
       29825000	      2981	80002e14	60f47013	andi	x0,x8,1551	  x8:0xfffffd6b
       29835000	      2982	80002e18	010c5613	srli	x12,x24,0x10	 x24:0x22ac64e1 x12=0x000022ac
       29845000	      2983	80002e1c	46668a93	addi	x21,x13,1126	 x13:0x82ddc2ba x21=0x82ddc720
       29855000	      2984	80002e20	03890913	addi	x18,x18,56	 x18:0x80009f4c x18=0x80009f84
       29865000	      2985	80002e24	0053f3b3	and	x7,x7,x5	  x7:0x000000dd  x5:0xffffff55  x7=0x00000055
       29875000	      2986	80002e28	00008f13	addi	x30,x1,0	  x1:0x8000095c x30=0x8000095c
       29885000	      2987	80002e2c	000f0f67	jalr	x30,x30,0	 x30:0x8000095c x30=0x80002e2c
       29895000	      2988	00000000	00000013	addi	x0,x0,0	  x0:0x00000000
       29905000	      2989	8000095c	00000013	addi	x0,x0,0	  x0:0x00000000
       29915000	      2990	80000960	9ac8cf93	xori	x31,x17,-1620	 x17:0x22ac6000 x31=0xdd5399ac
       29925000	      2991	80000964	4167d713	srai	x14,x15,0x16	 x15:0xf3acf38a x14=0xffffffce
       29935000	      2992	80000968	04f47063	bgeu	x8,x15,800009a8	  x8:0xfffffd6b x15:0xf3acf38a
       29945000	      2993	00000000	00000013	addi	x0,x0,0	  x0:0x00000000
       29955000	      2994	800009a4	00000013	addi	x0,x0,0	  x0:0x00000000
       29965000	      2995	800009a8	c2557613	andi	x12,x10,-987	 x10:0x11563000 x12=0x11563000
       29975000	      2996	800009ac	d804ebb7	lui	x23,0xd804e	 x23=0xd804e000
       29985000	      2997	800009b0	18c22f93	slti	x31,x4,396	  x4:0x00000001 x31=0x00000001
       29995000	      2998	800009b4	00374233	xor	x4,x14,x3	 x14:0xffffffce  x3:0x00000217  x4=0xfffffdd9
       30005000	      2999	800009b8	05ee5463	bge	x28,x30,80000a00	 x28:0xfffff971 x30:0x80002e2c
       30015000	      3000	00000000	00000013	addi	x0,x0,0	  x0:0x00000000
       30025000	      3001	800009fc	00000013	addi	x0,x0,0	  x0:0x00000000
       30035000	      3002	80000a00	014c8033	add	x0,x25,x20	 x25:0xfffffa0c x20:0x80009fc4
       30045000	      3003	80000a04	f4157697	auipc	x13,0xf4157	 x13=0x74157a00
       30055000	      3004	80000a08	00000013	addi	x0,x0,0	  x0:0x00000000
       30065000	      3005	80000a0c	007a1113	slli	x2,x20,0x7	 x20:0x80009fc4  x2=0x004fe200
       30075000	      3006	80000a10	1ee74493	xori	x9,x14,494	 x14:0xffffffce  x9=0xfffffe20
       30085000	      3007	80000a14	0104f263	bgeu	x9,x16,80000a18	  x9:0xfffffe20 x16:0xffffff7c
       30095000	      3008	80000a18	3fb1f593	andi	x11,x3,1019	  x3:0x00000217 x11=0x00000213
       30105000	      3009	80000a1c	00a00233	add	x4,x0,x10	  x0:0x00000000 x10:0x11563000  x4=0x11563000
       30115000	      3010	80000a20	018f9ab3	sll	x21,x31,x24	 x31:0x00000001 x24:0x22ac64e1 x21=0x00000002
       30125000	      3011	80000a24	40a3da93	srai	x21,x7,0xa	  x7:0x00000055 x21=0x00000000
       30135000	      3012	80000a28	f0a6f117	auipc	x2,0xf0a6f	  x2=0x70a6fa24
       30145000	      3013	80000a2c	00363ab3	sltu	x21,x12,x3	 x12:0x11563000  x3:0x00000217 x21=0x00000000
       30155000	      3014	80000a30	7d7b2113	slti	x2,x22,2007	 x22:0x00000000  x2=0x00000001
       30165000	      3015	80000a34	00000013	addi	x0,x0,0	  x0:0x00000000
       30175000	      3016	80000a38	41b65d13	srai	x26,x12,0x1b	 x12:0x11563000 x26=0x00000002
       30185000	      3017	80000a3c	01169b33	sll	x22,x13,x17	 x13:0x74157a00 x17:0x22ac6000 x22=0x74157a00
       30195000	      3018	80000a40	c4ebf513	andi	x10,x23,-946	 x23:0xd804e000 x10=0xd804e000
       30205000	      3019	80000a44	00fe6a63	bltu	x28,x15,80000a58	 x28:0xfffff971 x15:0xf3acf38a
       30215000	      3020	80000a48	01bd96b3	sll	x13,x27,x27	 x27:0x00000002 x27:0x00000002 x13=0x00000008
       30225000	      3021	80000a4c	0dde2313	slti	x6,x28,221	 x28:0xfffff971  x6=0x00000001
       30235000	      3022	80000a50	417a5b13	srai	x22,x20,0x17	 x20:0x80009fc4 x22=0xffffff00
       30245000	      3023	80000a54	00000013	addi	x0,x0,0	  x0:0x00000000
       30255000	      3024	80000a58	13754b93	xori	x23,x10,311	 x10:0xd804e000 x23=0xd804e137
       30265000	      3025	80000a5c	001a5bb3	srl	x23,x20,x1	 x20:0x80009fc4  x1:0x8000095c x23=0x00000008
       30275000	      3026	80000a60	c55caa93	slti	x21,x25,-939	 x25:0xfffffa0c x21=0x00000001
       30285000	      3027	80000a64	c4104437	lui	x8,0xc4104	  x8=0xc4104000
       30295000	      3028	80000a68	ce2a8e13	addi	x28,x21,-798	 x21:0x00000001 x28=0xfffffce3
       30305000	      3029	80000a6c	0067c833	xor	x16,x15,x6	 x15:0xf3acf38a  x6:0x00000001 x16=0xf3acf38b
       30315000	      3030	80000a70	03bef863	bgeu	x29,x27,80000aa0	 x29:0x00000000 x27:0x00000002
       30325000	      3031	80000a74	00046733	or	x14,x8,x0	  x8:0xc4104000  x0:0x00000000 x14=0xc4104000
       30335000	      3032	80000a78	00225a63	bge	x4,x2,80000a8c	  x4:0x11563000  x2:0x00000001
       30345000	      3033	00000000	00000013	addi	x0,x0,0	  x0:0x00000000
       30355000	      3034	80000a88	00000013	addi	x0,x0,0	  x0:0x00000000
       30365000	      3035	80000a8c	40bddd93	srai	x27,x27,0xb	 x27:0x00000002 x27=0x00000000
       30375000	      3036	80000a90	00da4433	xor	x8,x20,x13	 x20:0x80009fc4 x13:0x00000008  x8=0x80009fcc
       30385000	      3037	80000a94	50d53297	auipc	x5,0x50d53	  x5=0xd0d53a90
       30395000	      3038	80000a98	3a1f0293	addi	x5,x30,929	 x30:0x80002e2c  x5=0x800031cd
       30405000	      3039	80000a9c	00ac5d13	srli	x26,x24,0xa	 x24:0x22ac64e1 x26=0x0008ab19
       30415000	      3040	80000aa0	04a90663	beq	x18,x10,80000aec	 x18:0x80009f84 x10:0xd804e000
       30425000	      3041	80000aa4	01139b93	slli	x23,x7,0x11	  x7:0x00000055 x23=0x00aa0000
       30435000	      3042	80000aa8	00448bb3	add	x23,x9,x4	  x9:0xfffffe20  x4:0x11563000 x23=0x11562e20
       30445000	      3043	80000aac	15e8e597	auipc	x11,0x15e8e	 x11=0x95e8eaa8
       30455000	      3044	80000ab0	01c97ab3	and	x21,x18,x28	 x18:0x80009f84 x28:0xfffffce3 x21=0x80009c80
       30465000	      3045	80000ab4	412c5313	srai	x6,x24,0x12	 x24:0x22ac64e1  x6=0x000008ab
       30475000	      3046	80000ab8	00e2d193	srli	x3,x5,0xe	  x5:0x800031cd  x3=0x00020000
       30485000	      3047	80000abc	00d66b33	or	x22,x12,x13	 x12:0x11563000 x13:0x00000008 x22=0x11563008
       30495000	      3048	80000ac0	03f84263	blt	x16,x31,80000ae4	 x16:0xf3acf38b x31:0x00000001
       30505000	      3049	00000000	00000013	addi	x0,x0,0	  x0:0x00000000
       30515000	      3050	80000ae0	00000013	addi	x0,x0,0	  x0:0x00000000
       30525000	      3051	80000ae4	a6f284b7	lui	x9,0xa6f28	  x9=0xa6f28000
       30535000	      3052	80000ae8	417ad333	sra	x6,x21,x23	 x21:0x80009c80 x23:0x11562e20  x6=0x80009c80
       30545000	      3053	80000aec	001184b3	add	x9,x3,x1	  x3:0x00020000  x1:0x8000095c  x9=0x8002095c
       30555000	      3054	80000af0	c4a03193	sltiu	x3,x0,-950	  x0:0x00000000  x3=0x00000001
       30565000	      3055	80000af4	41705c33	sra	x24,x0,x23	  x0:0x00000000 x23:0x11562e20 x24=0x00000000
       30575000	      3056	80000af8	01845713	srli	x14,x8,0x18	  x8:0x80009fcc x14=0x00000080
       30585000	      3057	80000afc	e53db293	sltiu	x5,x27,-429	 x27:0x00000000  x5=0x00000001
       30595000	      3058	80000b00	331de593	ori	x11,x27,817	 x27:0x00000000 x11=0x00000331
       30605000	      3059	80000b04	00031813	slli	x16,x6,0x0	  x6:0x80009c80 x16=0x80009c80
       30615000	      3060	80000b08	00a74863	blt	x14,x10,80000b18	 x14:0x00000080 x10:0xd804e000
       30625000	      3061	80000b0c	000cc1b3	xor	x3,x25,x0	 x25:0xfffffa0c  x0:0x00000000  x3=0xfffffa0c
       30635000	      3062	80000b10	00228ab3	add	x21,x5,x2	  x5:0x00000001  x2:0x00000001 x21=0x00000002
       30645000	      3063	80000b14	0149bb33	sltu	x22,x19,x20	 x19:0x00000001 x20:0x80009fc4 x22=0x00000001
       30655000	      3064	80000b18	ca9a33b7	lui	x7,0xca9a3	  x7=0xca9a3000
       30665000	      3065	80000b1c	01359c63	bne	x11,x19,80000b34	 x11:0x00000331 x19:0x00000001
       30675000	      3066	00000000	00000013	addi	x0,x0,0	  x0:0x00000000
       30685000	      3067	80000b30	00000013	addi	x0,x0,0	  x0:0x00000000
       30695000	      3068	80000b34	035c5a63	bge	x24,x21,80000b68	 x24:0x00000000 x21:0x00000002
       30705000	      3069	80000b38	e55fb617	auipc	x12,0xe55fb	 x12=0x655fbb34
       30715000	      3070	80000b3c	014dc863	blt	x27,x20,80000b4c	 x27:0x00000000 x20:0x80009fc4
       30725000	      3071	80000b40	41290833	sub	x16,x18,x18	 x18:0x80009f84 x18:0x80009f84 x16=0x00000000
       30735000	      3072	80000b44	4013dcb3	sra	x25,x7,x1	  x7:0xca9a3000  x1:0x8000095c x25=0xfffffffc
       30745000	      3073	80000b48	016c1413	slli	x8,x24,0x16	 x24:0x00000000  x8=0x00000000
       30755000	      3074	80000b4c	012e5633	srl	x12,x28,x18	 x28:0xfffffce3 x18:0x80009f84 x12=0x0fffffce
       30765000	      3075	80000b50	016d9333	sll	x6,x27,x22	 x27:0x00000000 x22:0x00000001  x6=0x00000000
       30775000	      3076	80000b54	055cc663	blt	x25,x21,80000ba0	 x25:0xfffffffc x21:0x00000002
       30785000	      3077	00000000	00000013	addi	x0,x0,0	  x0:0x00000000
       30795000	      3078	80000b9c	00000013	addi	x0,x0,0	  x0:0x00000000
       30805000	      3079	80000ba0	01828333	add	x6,x5,x24	  x5:0x00000001 x24:0x00000000  x6=0x00000001
       30815000	      3080	80000ba4	0c4c6d93	ori	x27,x24,196	 x24:0x00000000 x27=0x000000c4
       30825000	      3081	80000ba8	0586b513	sltiu	x10,x13,88	 x13:0x00000008 x10=0x00000001
       30835000	      3082	80000bac	00829533	sll	x10,x5,x8	  x5:0x00000001  x8:0x00000000 x10=0x00000001
       30845000	      3083	80000bb0	37483d97	auipc	x27,0x37483	 x27=0xb7483bac
       30855000	      3084	80000bb4	5e44fa93	andi	x21,x9,1508	  x9:0x8002095c x21=0x00000144
       30865000	      3085	80000bb8	00000013	addi	x0,x0,0	  x0:0x00000000
       30875000	      3086	80000bbc	01579533	sll	x10,x15,x21	 x15:0xf3acf38a x21:0x00000144 x10=0x3acf38a0
       30885000	      3087	80000bc0	05966863	bltu	x12,x25,80000c10	 x12:0x0fffffce x25:0xfffffffc
       30895000	      3088	00000000	00000013	addi	x0,x0,0	  x0:0x00000000
       30905000	      3089	80000c0c	00000013	addi	x0,x0,0	  x0:0x00000000
       30915000	      3090	80000c10	cc072413	slti	x8,x14,-832	 x14:0x00000080  x8=0x00000000
       30925000	      3091	80000c14	00841413	slli	x8,x8,0x8	  x8:0x00000000  x8=0x00000000
       30935000	      3092	80000c18	417ed6b3	sra	x13,x29,x23	 x29:0x00000000 x23:0x11562e20 x13=0x00000000
       30945000	      3093	80000c1c	002a6bb3	or	x23,x20,x2	 x20:0x80009fc4  x2:0x00000001 x23=0x80009fc5
       30955000	      3094	80000c20	5edcbe13	sltiu	x28,x25,1517	 x25:0xfffffffc x28=0x00000000
       30965000	      3095	80000c24	2734bb93	sltiu	x23,x9,627	  x9:0x8002095c x23=0x00000000
       30975000	      3096	80000c28	01738a63	beq	x7,x23,80000c3c	  x7:0xca9a3000 x23:0x00000000
       30985000	      3097	80000c2c	018bbd33	sltu	x26,x23,x24	 x23:0x00000000 x24:0x00000000 x26=0x00000000
       30995000	      3098	80000c30	003c6663	bltu	x24,x3,80000c3c	 x24:0x00000000  x3:0xfffffa0c
       31005000	      3099	00000000	00000013	addi	x0,x0,0	  x0:0x00000000
       31015000	      3100	80000c38	00000013	addi	x0,x0,0	  x0:0x00000000
       31025000	      3101	80000c3c	d062f593	andi	x11,x5,-762	  x5:0x00000001 x11=0x00000000
       31035000	      3102	80000c40	00000797	auipc	x15,0x0	 x15=0x80000c3c
       31045000	      3103	80000c44	00c78793	addi	x15,x15,12	 x15:0x80000c3c x15=0x80000c48
       31055000	      3104	80000c48	00078067	jalr	x0,x15,0	 x15:0x80000c48
       31065000	      3105	00000000	00000013	addi	x0,x0,0	  x0:0x00000000
       31075000	      3106	80000c48	00000013	addi	x0,x0,0	  x0:0x00000000
       31085000	      3107	80000c4c	00100193	addi	x3,x0,1	  x0:0x00000000  x3=0x00000001
       31095000	      3108	80000c50	00000073	ecall	
       31105000	      3109	80000c54	0143c333	xor	x6,x7,x20	  x7:0xca9a3000 x20:0x80009fc4  x6=0x4a9aafc4
