		Time			Cycle	PC		Insn	Decoded instruction	Register and memory contents
          65000	         5	80000004	00000293	addi	x5,x0,0	  x0:0x00000000  x5=0x00000000
          75000	         6	80000008	00000313	addi	x6,x0,0	  x0:0x00000000  x6=0x00000000
          85000	         7	8000000c	00628263	beq	x5,x6,80000010	  x5:0x00000000  x6:0x00000000
          95000	         8	00000000	00000013	addi	x0,x0,0	  x0:0x00000000
         105000	         9	8000000c	00000013	addi	x0,x0,0	  x0:0x00000000
         115000	        10	80000010	00000997	auipc	x19,0x0	 x19=0x8000000c
         125000	        11	80000014	00c98993	addi	x19,x19,12	 x19:0x8000000c x19=0x80000018
         135000	        12	80000018	00098067	jalr	x0,x19,0	 x19:0x80000018
         145000	        13	00000000	00000013	addi	x0,x0,0	  x0:0x00000000
         155000	        14	80000018	00000013	addi	x0,x0,0	  x0:0x00000000
         165000	        15	8000001c	400008b7	lui	x17,0x40000	 x17=0x40000000
         175000	        16	80000020	10088893	addi	x17,x17,256	 x17:0x40000000 x17=0x40000100
         185000	        17	80000024	00000013	addi	x0,x0,0	  x0:0x00000000
         195000	        18	80000028	0000a797	auipc	x15,0xa	 x15=0x8000a024
         205000	        19	8000002c	fa078793	addi	x15,x15,-96	 x15:0x8000a024 x15=0x80009fc4
         215000	        20	80000030	00004897	auipc	x17,0x4	 x17=0x8000402c
         225000	        21	80000034	9d488893	addi	x17,x17,-1580	 x17:0x8000402c x17=0x80003a00
         235000	        22	80000038	0018e893	ori	x17,x17,1	 x17:0x80003a00 x17=0x80003a01
         245000	        23	8000003c	00000013	addi	x0,x0,0	  x0:0x00000000
         255000	        24	80000040	00000897	auipc	x17,0x0	 x17=0x8000003c
         265000	        25	80000044	02088893	addi	x17,x17,32	 x17:0x8000003c x17=0x8000005c
         275000	        26	80000048	00000013	addi	x0,x0,0	  x0:0x00000000
         285000	        27	8000004c	00000013	addi	x0,x0,0	  x0:0x00000000
         295000	        28	80000050	000028b7	lui	x17,0x2	 x17=0x00002000
         305000	        29	80000054	80088893	addi	x17,x17,-2048	 x17:0x00002000 x17=0x00001800
         315000	        30	80000058	00000013	addi	x0,x0,0	  x0:0x00000000
         325000	        31	8000005c	00000013	addi	x0,x0,0	  x0:0x00000000
         335000	        32	80000060	00000013	addi	x0,x0,0	  x0:0x00000000
         345000	        33	80000064	00000093	addi	x1,x0,0	  x0:0x00000000  x1=0x00000000
         355000	        34	80000068	80000137	lui	x2,0x80000	  x2=0x80000000
         365000	        35	8000006c	00600193	addi	x3,x0,6	  x0:0x00000000  x3=0x00000006
         375000	        36	80000070	aa754237	lui	x4,0xaa754	  x4=0xaa754000
         385000	        37	80000074	d8620213	addi	x4,x4,-634	  x4:0xaa754000  x4=0xaa753d86
         395000	        38	80000078	00000293	addi	x5,x0,0	  x0:0x00000000  x5=0x00000000
         405000	        39	8000007c	00100313	addi	x6,x0,1	  x0:0x00000000  x6=0x00000001
         415000	        40	80000080	00e00393	addi	x7,x0,14	  x0:0x00000000  x7=0x0000000e
         425000	        41	80000084	00400413	addi	x8,x0,4	  x0:0x00000000  x8=0x00000004
         435000	        42	80000088	399074b7	lui	x9,0x39907	  x9=0x39907000
         445000	        43	8000008c	14448493	addi	x9,x9,324	  x9:0x39907000  x9=0x39907144
         455000	        44	80000090	00900513	addi	x10,x0,9	  x0:0x00000000 x10=0x00000009
         465000	        45	80000094	f5cde5b7	lui	x11,0xf5cde	 x11=0xf5cde000
         475000	        46	80000098	96758593	addi	x11,x11,-1689	 x11:0xf5cde000 x11=0xf5cdd967
         485000	        47	8000009c	00300693	addi	x13,x0,3	  x0:0x00000000 x13=0x00000003
         495000	        48	800000a0	00900713	addi	x14,x0,9	  x0:0x00000000 x14=0x00000009
         505000	        49	800000a4	00a00813	addi	x16,x0,10	  x0:0x00000000 x16=0x0000000a
         515000	        50	800000a8	00500893	addi	x17,x0,5	  x0:0x00000000 x17=0x00000005
         525000	        51	800000ac	2b7a8937	lui	x18,0x2b7a8	 x18=0x2b7a8000
         535000	        52	800000b0	56b90913	addi	x18,x18,1387	 x18:0x2b7a8000 x18=0x2b7a856b
         545000	        53	800000b4	00e00993	addi	x19,x0,14	  x0:0x00000000 x19=0x0000000e
         555000	        54	800000b8	00700a13	addi	x20,x0,7	  x0:0x00000000 x20=0x00000007
         565000	        55	800000bc	80000ab7	lui	x21,0x80000	 x21=0x80000000
         575000	        56	800000c0	fe69bb37	lui	x22,0xfe69b	 x22=0xfe69b000
         585000	        57	800000c4	649b0b13	addi	x22,x22,1609	 x22:0xfe69b000 x22=0xfe69b649
         595000	        58	800000c8	80000bb7	lui	x23,0x80000	 x23=0x80000000
         605000	        59	800000cc	00000c13	addi	x24,x0,0	  x0:0x00000000 x24=0x00000000
         615000	        60	800000d0	00000c93	addi	x25,x0,0	  x0:0x00000000 x25=0x00000000
         625000	        61	800000d4	00000d13	addi	x26,x0,0	  x0:0x00000000 x26=0x00000000
         635000	        62	800000d8	00c00d93	addi	x27,x0,12	  x0:0x00000000 x27=0x0000000c
         645000	        63	800000dc	fca17e37	lui	x28,0xfca17	 x28=0xfca17000
         655000	        64	800000e0	ebfe0e13	addi	x28,x28,-321	 x28:0xfca17000 x28=0xfca16ebf
         665000	        65	800000e4	00700e93	addi	x29,x0,7	  x0:0x00000000 x29=0x00000007
         675000	        66	800000e8	00400f13	addi	x30,x0,4	  x0:0x00000000 x30=0x00000004
         685000	        67	800000ec	f7042fb7	lui	x31,0xf7042	 x31=0xf7042000
         695000	        68	800000f0	238f8f93	addi	x31,x31,568	 x31:0xf7042000 x31=0xf7042238
         705000	        69	800000f4	0000a617	auipc	x12,0xa	 x12=0x8000a0f0
         715000	        70	800000f8	e9460613	addi	x12,x12,-364	 x12:0x8000a0f0 x12=0x80009f84
         725000	        71	800000fc	00300313	addi	x6,x0,3	  x0:0x00000000  x6=0x00000003
         735000	        72	80000100	a1033013	sltiu	x0,x6,-1520	  x6:0x00000003
         745000	        73	80000104	41405fb3	sra	x31,x0,x20	  x0:0x00000000 x20:0x00000007 x31=0x00000000
         755000	        74	80000108	4159d833	sra	x16,x19,x21	 x19:0x0000000e x21:0x80000000 x16=0x0000000e
         765000	        75	8000010c	418401b3	sub	x3,x8,x24	  x8:0x00000004 x24:0x00000000  x3=0x00000004
         775000	        76	80000110	d35a3a13	sltiu	x20,x20,-715	 x20:0x00000007 x20=0x00000001
         785000	        77	80000114	01441c13	slli	x24,x8,0x14	  x8:0x00000004 x24=0x00400000
         795000	        78	80000118	00700d93	addi	x27,x0,7	  x0:0x00000000 x27=0x00000007
         805000	        79	8000011c	01200bb3	add	x23,x0,x18	  x0:0x00000000 x18:0x2b7a856b x23=0x2b7a856b
         815000	        80	80000120	40555e93	srai	x29,x10,0x5	 x10:0x00000009 x29=0x00000000
         825000	        81	80000124	40e1d533	sra	x10,x3,x14	  x3:0x00000004 x14:0x00000009 x10=0x00000000
         835000	        82	80000128	00000013	addi	x0,x0,0	  x0:0x00000000
         845000	        83	8000012c	00ae9fb3	sll	x31,x29,x10	 x29:0x00000000 x10:0x00000000 x31=0x00000000
         855000	        84	80000130	4f28a513	slti	x10,x17,1266	 x17:0x00000005 x10=0x00000001
         865000	        85	80000134	00130313	addi	x6,x6,1	  x6:0x00000003  x6=0x00000004
         875000	        86	80000138	a0b27813	andi	x16,x4,-1525	  x4:0xaa753d86 x16=0xaa753802
         885000	        87	8000013c	00200593	addi	x11,x0,2	  x0:0x00000000 x11=0x00000002
         895000	        88	80000140	483ff113	andi	x2,x31,1155	 x31:0x00000000  x2=0x00000000
         905000	        89	80000144	01400c93	addi	x25,x0,20	  x0:0x00000000 x25=0x00000014
         915000	        90	80000148	400008b3	sub	x17,x0,x0	  x0:0x00000000  x0:0x00000000 x17=0x00000000
         925000	        91	8000014c	d11a7713	andi	x14,x20,-751	 x20:0x00000001 x14=0x00000001
         935000	        92	80000150	00000013	addi	x0,x0,0	  x0:0x00000000
         945000	        93	80000154	5b2ec293	xori	x5,x29,1458	 x29:0x00000000  x5=0x000005b2
         955000	        94	80000158	ad415bb7	lui	x23,0xad415	 x23=0xad415000
         965000	        95	8000015c	0181a933	slt	x18,x3,x24	  x3:0x00000004 x24:0x00400000 x18=0x00000001
         975000	        96	80000160	00658593	addi	x11,x11,6	 x11:0x00000002 x11=0x00000008
         985000	        97	80000164	518c5937	lui	x18,0x518c5	 x18=0x518c5000
         995000	        98	80000168	ff958ae3	beq	x11,x25,8000015c	 x11:0x00000008 x25:0x00000014
        1005000	        99	8000016c	00ea3733	sltu	x14,x20,x14	 x20:0x00000001 x14:0x00000001 x14=0x00000000
        1015000	       100	80000170	40158433	sub	x8,x11,x1	 x11:0x00000008  x1:0x00000000  x8=0x00000008
        1025000	       101	80000174	4081df13	srai	x30,x3,0x8	  x3:0x00000004 x30=0x00000000
        1035000	       102	80000178	01645a93	srli	x21,x8,0x16	  x8:0x00000008 x21=0x00000000
        1045000	       103	8000017c	fbb34ae3	blt	x6,x27,80000130	  x6:0x00000004 x27:0x00000007
        1055000	       104	00000000	00000013	addi	x0,x0,0	  x0:0x00000000
        1065000	       105	8000012c	00000013	addi	x0,x0,0	  x0:0x00000000
        1075000	       106	80000130	4f28a513	slti	x10,x17,1266	 x17:0x00000000 x10=0x00000001
        1085000	       107	80000134	00130313	addi	x6,x6,1	  x6:0x00000004  x6=0x00000005
        1095000	       108	80000138	a0b27813	andi	x16,x4,-1525	  x4:0xaa753d86 x16=0xaa753802
        1105000	       109	8000013c	00200593	addi	x11,x0,2	  x0:0x00000000 x11=0x00000002
        1115000	       110	80000140	483ff113	andi	x2,x31,1155	 x31:0x00000000  x2=0x00000000
        1125000	       111	80000144	01400c93	addi	x25,x0,20	  x0:0x00000000 x25=0x00000014
        1135000	       112	80000148	400008b3	sub	x17,x0,x0	  x0:0x00000000  x0:0x00000000 x17=0x00000000
        1145000	       113	8000014c	d11a7713	andi	x14,x20,-751	 x20:0x00000001 x14=0x00000001
        1155000	       114	80000150	00000013	addi	x0,x0,0	  x0:0x00000000
        1165000	       115	80000154	5b2ec293	xori	x5,x29,1458	 x29:0x00000000  x5=0x000005b2
        1175000	       116	80000158	ad415bb7	lui	x23,0xad415	 x23=0xad415000
        1185000	       117	8000015c	0181a933	slt	x18,x3,x24	  x3:0x00000004 x24:0x00400000 x18=0x00000001
        1195000	       118	80000160	00658593	addi	x11,x11,6	 x11:0x00000002 x11=0x00000008
        1205000	       119	80000164	518c5937	lui	x18,0x518c5	 x18=0x518c5000
        1215000	       120	80000168	ff958ae3	beq	x11,x25,8000015c	 x11:0x00000008 x25:0x00000014
        1225000	       121	8000016c	00ea3733	sltu	x14,x20,x14	 x20:0x00000001 x14:0x00000001 x14=0x00000000
        1235000	       122	80000170	40158433	sub	x8,x11,x1	 x11:0x00000008  x1:0x00000000  x8=0x00000008
        1245000	       123	80000174	4081df13	srai	x30,x3,0x8	  x3:0x00000004 x30=0x00000000
        1255000	       124	80000178	01645a93	srli	x21,x8,0x16	  x8:0x00000008 x21=0x00000000
        1265000	       125	8000017c	fbb34ae3	blt	x6,x27,80000130	  x6:0x00000005 x27:0x00000007
        1275000	       126	00000000	00000013	addi	x0,x0,0	  x0:0x00000000
        1285000	       127	8000012c	00000013	addi	x0,x0,0	  x0:0x00000000
        1295000	       128	80000130	4f28a513	slti	x10,x17,1266	 x17:0x00000000 x10=0x00000001
        1305000	       129	80000134	00130313	addi	x6,x6,1	  x6:0x00000005  x6=0x00000006
        1315000	       130	80000138	a0b27813	andi	x16,x4,-1525	  x4:0xaa753d86 x16=0xaa753802
        1325000	       131	8000013c	00200593	addi	x11,x0,2	  x0:0x00000000 x11=0x00000002
        1335000	       132	80000140	483ff113	andi	x2,x31,1155	 x31:0x00000000  x2=0x00000000
        1345000	       133	80000144	01400c93	addi	x25,x0,20	  x0:0x00000000 x25=0x00000014
        1355000	       134	80000148	400008b3	sub	x17,x0,x0	  x0:0x00000000  x0:0x00000000 x17=0x00000000
        1365000	       135	8000014c	d11a7713	andi	x14,x20,-751	 x20:0x00000001 x14=0x00000001
        1375000	       136	80000150	00000013	addi	x0,x0,0	  x0:0x00000000
        1385000	       137	80000154	5b2ec293	xori	x5,x29,1458	 x29:0x00000000  x5=0x000005b2
        1395000	       138	80000158	ad415bb7	lui	x23,0xad415	 x23=0xad415000
        1405000	       139	8000015c	0181a933	slt	x18,x3,x24	  x3:0x00000004 x24:0x00400000 x18=0x00000001
        1415000	       140	80000160	00658593	addi	x11,x11,6	 x11:0x00000002 x11=0x00000008
        1425000	       141	80000164	518c5937	lui	x18,0x518c5	 x18=0x518c5000
        1435000	       142	80000168	ff958ae3	beq	x11,x25,8000015c	 x11:0x00000008 x25:0x00000014
        1445000	       143	8000016c	00ea3733	sltu	x14,x20,x14	 x20:0x00000001 x14:0x00000001 x14=0x00000000
        1455000	       144	80000170	40158433	sub	x8,x11,x1	 x11:0x00000008  x1:0x00000000  x8=0x00000008
        1465000	       145	80000174	4081df13	srai	x30,x3,0x8	  x3:0x00000004 x30=0x00000000
        1475000	       146	80000178	01645a93	srli	x21,x8,0x16	  x8:0x00000008 x21=0x00000000
        1485000	       147	8000017c	fbb34ae3	blt	x6,x27,80000130	  x6:0x00000006 x27:0x00000007
        1495000	       148	00000000	00000013	addi	x0,x0,0	  x0:0x00000000
        1505000	       149	8000012c	00000013	addi	x0,x0,0	  x0:0x00000000
        1515000	       150	80000130	4f28a513	slti	x10,x17,1266	 x17:0x00000000 x10=0x00000001
        1525000	       151	80000134	00130313	addi	x6,x6,1	  x6:0x00000006  x6=0x00000007
        1535000	       152	80000138	a0b27813	andi	x16,x4,-1525	  x4:0xaa753d86 x16=0xaa753802
        1545000	       153	8000013c	00200593	addi	x11,x0,2	  x0:0x00000000 x11=0x00000002
        1555000	       154	80000140	483ff113	andi	x2,x31,1155	 x31:0x00000000  x2=0x00000000
        1565000	       155	80000144	01400c93	addi	x25,x0,20	  x0:0x00000000 x25=0x00000014
        1575000	       156	80000148	400008b3	sub	x17,x0,x0	  x0:0x00000000  x0:0x00000000 x17=0x00000000
        1585000	       157	8000014c	d11a7713	andi	x14,x20,-751	 x20:0x00000001 x14=0x00000001
        1595000	       158	80000150	00000013	addi	x0,x0,0	  x0:0x00000000
        1605000	       159	80000154	5b2ec293	xori	x5,x29,1458	 x29:0x00000000  x5=0x000005b2
        1615000	       160	80000158	ad415bb7	lui	x23,0xad415	 x23=0xad415000
        1625000	       161	8000015c	0181a933	slt	x18,x3,x24	  x3:0x00000004 x24:0x00400000 x18=0x00000001
        1635000	       162	80000160	00658593	addi	x11,x11,6	 x11:0x00000002 x11=0x00000008
        1645000	       163	80000164	518c5937	lui	x18,0x518c5	 x18=0x518c5000
        1655000	       164	80000168	ff958ae3	beq	x11,x25,8000015c	 x11:0x00000008 x25:0x00000014
        1665000	       165	8000016c	00ea3733	sltu	x14,x20,x14	 x20:0x00000001 x14:0x00000001 x14=0x00000000
        1675000	       166	80000170	40158433	sub	x8,x11,x1	 x11:0x00000008  x1:0x00000000  x8=0x00000008
        1685000	       167	80000174	4081df13	srai	x30,x3,0x8	  x3:0x00000004 x30=0x00000000
        1695000	       168	80000178	01645a93	srli	x21,x8,0x16	  x8:0x00000008 x21=0x00000000
        1705000	       169	8000017c	fbb34ae3	blt	x6,x27,80000130	  x6:0x00000007 x27:0x00000007
        1715000	       170	80000180	16b76a37	lui	x20,0x16b76	 x20=0x16b76000
        1725000	       171	80000184	00700593	addi	x11,x0,7	  x0:0x00000000 x11=0x00000007
        1735000	       172	80000188	bc9cc513	xori	x10,x25,-1079	 x25:0x00000014 x10=0xfffffbdd
        1745000	       173	8000018c	0044e2b3	or	x5,x9,x4	  x9:0x39907144  x4:0xaa753d86  x5=0xbbf57dc6
        1755000	       174	80000190	ffd00493	addi	x9,x0,-3	  x0:0x00000000  x9=0xfffffffd
        1765000	       175	80000194	00b5e3b3	or	x7,x11,x11	 x11:0x00000007 x11:0x00000007  x7=0x00000007
        1775000	       176	80000198	01c73bb3	sltu	x23,x14,x28	 x14:0x00000000 x28:0xfca16ebf x23=0x00000001
        1785000	       177	8000019c	e04bfe93	andi	x29,x23,-508	 x23:0x00000001 x29=0x00000000
        1795000	       178	800001a0	ff658593	addi	x11,x11,-10	 x11:0x00000007 x11=0xfffffffd
        1805000	       179	800001a4	ffc00693	addi	x13,x0,-4	  x0:0x00000000 x13=0xfffffffc
        1815000	       180	800001a8	40d8d193	srai	x3,x17,0xd	 x17:0x00000000  x3=0x00000000
        1825000	       181	800001ac	38fcae93	slti	x29,x25,911	 x25:0x00000014 x29=0x00000001
        1835000	       182	800001b0	003e5f13	srli	x30,x28,0x3	 x28:0xfca16ebf x30=0x1f942dd7
        1845000	       183	800001b4	00500c13	addi	x24,x0,5	  x0:0x00000000 x24=0x00000005
        1855000	       184	800001b8	955ee013	ori	x0,x29,-1707	 x29:0x00000001
        1865000	       185	800001bc	b261a093	slti	x1,x3,-1242	  x3:0x00000000  x1=0x00000000
        1875000	       186	800001c0	61729217	auipc	x4,0x61729	  x4=0xe17291bc
        1885000	       187	800001c4	00a68693	addi	x13,x13,10	 x13:0xfffffffc x13=0x00000006
        1895000	       188	800001c8	002e7a33	and	x20,x28,x2	 x28:0xfca16ebf  x2:0x00000000 x20=0x00000000
        1905000	       189	800001cc	01a3f1b3	and	x3,x7,x26	  x7:0x00000007 x26:0x00000000  x3=0x00000000
        1915000	       190	800001d0	41f9d2b3	sra	x5,x19,x31	 x19:0x0000000e x31:0x00000000  x5=0x0000000e
        1925000	       191	800001d4	ff86c6e3	blt	x13,x24,800001c0	 x13:0x00000006 x24:0x00000005
        1935000	       192	800001d8	007b8133	add	x2,x23,x7	 x23:0x00000001  x7:0x00000007  x2=0x00000008
        1945000	       193	800001dc	d231eb13	ori	x22,x3,-733	  x3:0x00000000 x22=0xfffffd23
        1955000	       194	800001e0	017a9f33	sll	x30,x21,x23	 x21:0x00000000 x23:0x00000001 x30=0x00000000
        1965000	       195	800001e4	fa959ae3	bne	x11,x9,80000198	 x11:0xfffffffd  x9:0xfffffffd
        1975000	       196	800001e8	00000013	addi	x0,x0,0	  x0:0x00000000
        1985000	       197	800001ec	00000393	addi	x7,x0,0	  x0:0x00000000  x7=0x00000000
        1995000	       198	800001f0	ff200813	addi	x16,x0,-14	  x0:0x00000000 x16=0xfffffff2
        2005000	       199	800001f4	400e0c33	sub	x24,x28,x0	 x28:0xfca16ebf  x0:0x00000000 x24=0xfca16ebf
        2015000	       200	800001f8	00779893	slli	x17,x15,0x7	 x15:0x80009fc4 x17=0x004fe200
        2025000	       201	800001fc	924db113	sltiu	x2,x27,-1756	 x27:0x00000007  x2=0x00000001
        2035000	       202	80000200	01a4d433	srl	x8,x9,x26	  x9:0xfffffffd x26:0x00000000  x8=0xfffffffd
        2045000	       203	80000204	b8ba4013	xori	x0,x20,-1141	 x20:0x00000000
        2055000	       204	80000208	14143c13	sltiu	x24,x8,321	  x8:0xfffffffd x24=0x00000000
        2065000	       205	8000020c	ff938393	addi	x7,x7,-7	  x7:0x00000000  x7=0xfffffff9
        2075000	       206	80000210	01f81893	slli	x17,x16,0x1f	 x16:0xfffffff2 x17=0x00000000
        2085000	       207	80000214	ffa00913	addi	x18,x0,-6	  x0:0x00000000 x18=0xfffffffa
        2095000	       208	80000218	ff000c93	addi	x25,x0,-16	  x0:0x00000000 x25=0xfffffff0
        2105000	       209	8000021c	45b29137	lui	x2,0x45b29	  x2=0x45b29000
        2115000	       210	80000220	62162293	slti	x5,x12,1569	 x12:0x80009f84  x5=0x00000001
        2125000	       211	80000224	ffb90913	addi	x18,x18,-5	 x18:0xfffffffa x18=0xfffffff5
        2135000	       212	80000228	b757b293	sltiu	x5,x15,-1163	 x15:0x80009fc4  x5=0x00000001
        2145000	       213	8000022c	0034de33	srl	x28,x9,x3	  x9:0xfffffffd  x3:0x00000000 x28=0xfffffffd
        2155000	       214	80000230	ff9906e3	beq	x18,x25,8000021c	 x18:0xfffffff5 x25:0xfffffff0
        2165000	       215	80000234	009aa333	slt	x6,x21,x9	 x21:0x00000000  x9:0xfffffffd  x6=0x00000000
        2175000	       216	80000238	00000013	addi	x0,x0,0	  x0:0x00000000
        2185000	       217	8000023c	fd0394e3	bne	x7,x16,80000204	  x7:0xfffffff9 x16:0xfffffff2
        2195000	       218	00000000	00000013	addi	x0,x0,0	  x0:0x00000000
        2205000	       219	80000200	00000013	addi	x0,x0,0	  x0:0x00000000
        2215000	       220	80000204	b8ba4013	xori	x0,x20,-1141	 x20:0x00000000
        2225000	       221	80000208	14143c13	sltiu	x24,x8,321	  x8:0xfffffffd x24=0x00000000
        2235000	       222	8000020c	ff938393	addi	x7,x7,-7	  x7:0xfffffff9  x7=0xfffffff2
        2245000	       223	80000210	01f81893	slli	x17,x16,0x1f	 x16:0xfffffff2 x17=0x00000000
        2255000	       224	80000214	ffa00913	addi	x18,x0,-6	  x0:0x00000000 x18=0xfffffffa
        2265000	       225	80000218	ff000c93	addi	x25,x0,-16	  x0:0x00000000 x25=0xfffffff0
        2275000	       226	8000021c	45b29137	lui	x2,0x45b29	  x2=0x45b29000
        2285000	       227	80000220	62162293	slti	x5,x12,1569	 x12:0x80009f84  x5=0x00000001
        2295000	       228	80000224	ffb90913	addi	x18,x18,-5	 x18:0xfffffffa x18=0xfffffff5
        2305000	       229	80000228	b757b293	sltiu	x5,x15,-1163	 x15:0x80009fc4  x5=0x00000001
        2315000	       230	8000022c	0034de33	srl	x28,x9,x3	  x9:0xfffffffd  x3:0x00000000 x28=0xfffffffd
        2325000	       231	80000230	ff9906e3	beq	x18,x25,8000021c	 x18:0xfffffff5 x25:0xfffffff0
        2335000	       232	80000234	009aa333	slt	x6,x21,x9	 x21:0x00000000  x9:0xfffffffd  x6=0x00000000
        2345000	       233	80000238	00000013	addi	x0,x0,0	  x0:0x00000000
        2355000	       234	8000023c	fd0394e3	bne	x7,x16,80000204	  x7:0xfffffff2 x16:0xfffffff2
        2365000	       235	80000240	c1c03f13	sltiu	x30,x0,-996	  x0:0x00000000 x30=0x00000001
        2375000	       236	80000244	ffb00e13	addi	x28,x0,-5	  x0:0x00000000 x28=0xfffffffb
        2385000	       237	80000248	019e5193	srli	x3,x28,0x19	 x28:0xfffffffb  x3=0x0000007f
        2395000	       238	8000024c	00900693	addi	x13,x0,9	  x0:0x00000000 x13=0x00000009
        2405000	       239	80000250	00938db3	add	x27,x7,x9	  x7:0xfffffff2  x9:0xfffffffd x27=0xffffffef
        2415000	       240	80000254	407f5713	srai	x14,x30,0x7	 x30:0x00000001 x14=0x00000000
        2425000	       241	80000258	00a76433	or	x8,x14,x10	 x14:0x00000000 x10:0xfffffbdd  x8=0xfffffbdd
        2435000	       242	8000025c	007e0e13	addi	x28,x28,7	 x28:0xfffffffb x28=0x00000002
        2445000	       243	80000260	ffc00813	addi	x16,x0,-4	  x0:0x00000000 x16=0xfffffffc
        2455000	       244	80000264	01907433	and	x8,x0,x25	  x0:0x00000000 x25:0xfffffff0  x8=0x00000000
        2465000	       245	80000268	006a72b3	and	x5,x20,x6	 x20:0x00000000  x6:0x00000000  x5=0x00000000
        2475000	       246	8000026c	006908b3	add	x17,x18,x6	 x18:0xfffffff5  x6:0x00000000 x17=0xfffffff5
        2485000	       247	80000270	01361713	slli	x14,x12,0x13	 x12:0x80009f84 x14=0xfc200000
        2495000	       248	80000274	ffb00c93	addi	x25,x0,-5	  x0:0x00000000 x25=0xfffffffb
        2505000	       249	80000278	44f0f497	auipc	x9,0x44f0f	  x9=0xc4f0f274
        2515000	       250	8000027c	0131f2b3	and	x5,x3,x19	  x3:0x0000007f x19:0x0000000e  x5=0x0000000e
        2525000	       251	80000280	00f32b33	slt	x22,x6,x15	  x6:0x00000000 x15:0x80009fc4 x22=0x00000000
        2535000	       252	80000284	fff80813	addi	x16,x16,-1	 x16:0xfffffffc x16=0xfffffffb
        2545000	       253	80000288	f1407013	andi	x0,x0,-236	  x0:0x00000000
        2555000	       254	8000028c	a9047513	andi	x10,x8,-1392	  x8:0x00000000 x10=0x00000000
        2565000	       255	80000290	ff9816e3	bne	x16,x25,8000027c	 x16:0xfffffffb x25:0xfffffffb
        2575000	       256	80000294	49b54493	xori	x9,x10,1179	 x10:0x00000000  x9=0x0000049b
        2585000	       257	80000298	00000013	addi	x0,x0,0	  x0:0x00000000
        2595000	       258	8000029c	fade4ae3	blt	x28,x13,80000250	 x28:0x00000002 x13:0x00000009
        2605000	       259	00000000	00000013	addi	x0,x0,0	  x0:0x00000000
        2615000	       260	8000024c	00000013	addi	x0,x0,0	  x0:0x00000000
        2625000	       261	80000250	00938db3	add	x27,x7,x9	  x7:0xfffffff2  x9:0x0000049b x27=0x0000048d
        2635000	       262	80000254	407f5713	srai	x14,x30,0x7	 x30:0x00000001 x14=0x00000000
        2645000	       263	80000258	00a76433	or	x8,x14,x10	 x14:0x00000000 x10:0x00000000  x8=0x00000000
        2655000	       264	8000025c	007e0e13	addi	x28,x28,7	 x28:0x00000002 x28=0x00000009
        2665000	       265	80000260	ffc00813	addi	x16,x0,-4	  x0:0x00000000 x16=0xfffffffc
        2675000	       266	80000264	01907433	and	x8,x0,x25	  x0:0x00000000 x25:0xfffffffb  x8=0x00000000
        2685000	       267	80000268	006a72b3	and	x5,x20,x6	 x20:0x00000000  x6:0x00000000  x5=0x00000000
        2695000	       268	8000026c	006908b3	add	x17,x18,x6	 x18:0xfffffff5  x6:0x00000000 x17=0xfffffff5
        2705000	       269	80000270	01361713	slli	x14,x12,0x13	 x12:0x80009f84 x14=0xfc200000
        2715000	       270	80000274	ffb00c93	addi	x25,x0,-5	  x0:0x00000000 x25=0xfffffffb
        2725000	       271	80000278	44f0f497	auipc	x9,0x44f0f	  x9=0xc4f0f274
        2735000	       272	8000027c	0131f2b3	and	x5,x3,x19	  x3:0x0000007f x19:0x0000000e  x5=0x0000000e
        2745000	       273	80000280	00f32b33	slt	x22,x6,x15	  x6:0x00000000 x15:0x80009fc4 x22=0x00000000
        2755000	       274	80000284	fff80813	addi	x16,x16,-1	 x16:0xfffffffc x16=0xfffffffb
        2765000	       275	80000288	f1407013	andi	x0,x0,-236	  x0:0x00000000
        2775000	       276	8000028c	a9047513	andi	x10,x8,-1392	  x8:0x00000000 x10=0x00000000
        2785000	       277	80000290	ff9816e3	bne	x16,x25,8000027c	 x16:0xfffffffb x25:0xfffffffb
        2795000	       278	80000294	49b54493	xori	x9,x10,1179	 x10:0x00000000  x9=0x0000049b
        2805000	       279	80000298	00000013	addi	x0,x0,0	  x0:0x00000000
        2815000	       280	8000029c	fade4ae3	blt	x28,x13,80000250	 x28:0x00000009 x13:0x00000009
        2825000	       281	800002a0	0087d5b3	srl	x11,x15,x8	 x15:0x80009fc4  x8:0x00000000 x11=0x80009fc4
        2835000	       282	800002a4	fff00113	addi	x2,x0,-1	  x0:0x00000000  x2=0xffffffff
        2845000	       283	800002a8	01d865b3	or	x11,x16,x29	 x16:0xfffffffb x29:0x00000001 x11=0xfffffffb
        2855000	       284	800002ac	00400093	addi	x1,x0,4	  x0:0x00000000  x1=0x00000004
        2865000	       285	800002b0	005372b3	and	x5,x6,x5	  x6:0x00000000  x5:0x0000000e  x5=0x00000000
        2875000	       286	800002b4	00000013	addi	x0,x0,0	  x0:0x00000000
        2885000	       287	800002b8	00110113	addi	x2,x2,1	  x2:0xffffffff  x2=0x00000000
        2895000	       288	800002bc	ab030293	addi	x5,x6,-1360	  x6:0x00000000  x5=0xfffffab0
        2905000	       289	800002c0	401505b3	sub	x11,x10,x1	 x10:0x00000000  x1:0x00000004 x11=0xfffffffc
        2915000	       290	800002c4	fe1106e3	beq	x2,x1,800002b0	  x2:0x00000000  x1:0x00000004
        2925000	       291	800002c8	4075ca13	xori	x20,x11,1031	 x11:0xfffffffc x20=0xfffffbfb
        2935000	       292	800002cc	00500593	addi	x11,x0,5	  x0:0x00000000 x11=0x00000005
        2945000	       293	800002d0	41098733	sub	x14,x19,x16	 x19:0x0000000e x16:0xfffffffb x14=0x00000013
        2955000	       294	800002d4	8ce33093	sltiu	x1,x6,-1842	  x6:0x00000000  x1=0x00000001
        2965000	       295	800002d8	db36fc13	andi	x24,x13,-589	 x13:0x00000009 x24=0x00000001
        2975000	       296	800002dc	00e04833	xor	x16,x0,x14	  x0:0x00000000 x14:0x00000013 x16=0x00000013
        2985000	       297	800002e0	00000013	addi	x0,x0,0	  x0:0x00000000
        2995000	       298	800002e4	01fd21b3	slt	x3,x26,x31	 x26:0x00000000 x31:0x00000000  x3=0x00000000
        3005000	       299	800002e8	00bd8c33	add	x24,x27,x11	 x27:0x0000048d x11:0x00000005 x24=0x00000492
        3015000	       300	800002ec	00600a13	addi	x20,x0,6	  x0:0x00000000 x20=0x00000006
        3025000	       301	800002f0	014a0bb3	add	x23,x20,x20	 x20:0x00000006 x20:0x00000006 x23=0x0000000c
        3035000	       302	800002f4	00000013	addi	x0,x0,0	  x0:0x00000000
        3045000	       303	800002f8	00858593	addi	x11,x11,8	 x11:0x00000005 x11=0x0000000d
        3055000	       304	800002fc	0d8d7193	andi	x3,x26,216	 x26:0x00000000  x3=0x00000000
        3065000	       305	80000300	40e8df33	sra	x30,x17,x14	 x17:0xfffffff5 x14:0x00000013 x30=0xffffffff
        3075000	       306	80000304	ff900b13	addi	x22,x0,-7	  x0:0x00000000 x22=0xfffffff9
        3085000	       307	80000308	00066f33	or	x30,x12,x0	 x12:0x80009f84  x0:0x00000000 x30=0x80009f84
        3095000	       308	8000030c	01e70fb3	add	x31,x14,x30	 x14:0x00000013 x30:0x80009f84 x31=0x80009f97
        3105000	       309	80000310	000b6433	or	x8,x22,x0	 x22:0xfffffff9  x0:0x00000000  x8=0xfffffff9
        3115000	       310	80000314	65d5eb93	ori	x23,x11,1629	 x11:0x0000000d x23=0x0000065d
        3125000	       311	80000318	0167a4b3	slt	x9,x15,x22	 x15:0x80009fc4 x22:0xfffffff9  x9=0x00000001
        3135000	       312	8000031c	00053fb3	sltu	x31,x10,x0	 x10:0x00000000  x0:0x00000000 x31=0x00000000
        3145000	       313	80000320	011e9013	slli	x0,x29,0x11	 x29:0x00000001
        3155000	       314	80000324	414e5133	sra	x2,x28,x20	 x28:0x00000009 x20:0x00000006  x2=0x00000000
        3165000	       315	80000328	fef00e93	addi	x29,x0,-17	  x0:0x00000000 x29=0xffffffef
        3175000	       316	8000032c	00e40db3	add	x27,x8,x14	  x8:0xfffffff9 x14:0x00000013 x27=0x0000000c
        3185000	       317	80000330	6dbed8b7	lui	x17,0x6dbed	 x17=0x6dbed000
        3195000	       318	80000334	fa248c93	addi	x25,x9,-94	  x9:0x00000001 x25=0xffffffa3
        3205000	       319	80000338	fffb0b13	addi	x22,x22,-1	 x22:0xfffffff9 x22=0xfffffff8
        3215000	       320	8000033c	003c6c33	or	x24,x24,x3	 x24:0x00000492  x3:0x00000000 x24=0x00000492
        3225000	       321	80000340	00962e33	slt	x28,x12,x9	 x12:0x80009f84  x9:0x00000001 x28=0x00000001
        3235000	       322	80000344	ffdb14e3	bne	x22,x29,8000032c	 x22:0xfffffff8 x29:0xffffffef
        3245000	       323	00000000	00000013	addi	x0,x0,0	  x0:0x00000000
        3255000	       324	80000328	00000013	addi	x0,x0,0	  x0:0x00000000
        3265000	       325	8000032c	00e40db3	add	x27,x8,x14	  x8:0xfffffff9 x14:0x00000013 x27=0x0000000c
        3275000	       326	80000330	6dbed8b7	lui	x17,0x6dbed	 x17=0x6dbed000
        3285000	       327	80000334	fa248c93	addi	x25,x9,-94	  x9:0x00000001 x25=0xffffffa3
        3295000	       328	80000338	fffb0b13	addi	x22,x22,-1	 x22:0xfffffff8 x22=0xfffffff7
        3305000	       329	8000033c	003c6c33	or	x24,x24,x3	 x24:0x00000492  x3:0x00000000 x24=0x00000492
        3315000	       330	80000340	00962e33	slt	x28,x12,x9	 x12:0x80009f84  x9:0x00000001 x28=0x00000001
        3325000	       331	80000344	ffdb14e3	bne	x22,x29,8000032c	 x22:0xfffffff7 x29:0xffffffef
        3335000	       332	00000000	00000013	addi	x0,x0,0	  x0:0x00000000
        3345000	       333	80000328	00000013	addi	x0,x0,0	  x0:0x00000000
        3355000	       334	8000032c	00e40db3	add	x27,x8,x14	  x8:0xfffffff9 x14:0x00000013 x27=0x0000000c
        3365000	       335	80000330	6dbed8b7	lui	x17,0x6dbed	 x17=0x6dbed000
        3375000	       336	80000334	fa248c93	addi	x25,x9,-94	  x9:0x00000001 x25=0xffffffa3
        3385000	       337	80000338	fffb0b13	addi	x22,x22,-1	 x22:0xfffffff7 x22=0xfffffff6
        3395000	       338	8000033c	003c6c33	or	x24,x24,x3	 x24:0x00000492  x3:0x00000000 x24=0x00000492
        3405000	       339	80000340	00962e33	slt	x28,x12,x9	 x12:0x80009f84  x9:0x00000001 x28=0x00000001
        3415000	       340	80000344	ffdb14e3	bne	x22,x29,8000032c	 x22:0xfffffff6 x29:0xffffffef
        3425000	       341	00000000	00000013	addi	x0,x0,0	  x0:0x00000000
        3435000	       342	80000328	00000013	addi	x0,x0,0	  x0:0x00000000
        3445000	       343	8000032c	00e40db3	add	x27,x8,x14	  x8:0xfffffff9 x14:0x00000013 x27=0x0000000c
        3455000	       344	80000330	6dbed8b7	lui	x17,0x6dbed	 x17=0x6dbed000
        3465000	       345	80000334	fa248c93	addi	x25,x9,-94	  x9:0x00000001 x25=0xffffffa3
        3475000	       346	80000338	fffb0b13	addi	x22,x22,-1	 x22:0xfffffff6 x22=0xfffffff5
        3485000	       347	8000033c	003c6c33	or	x24,x24,x3	 x24:0x00000492  x3:0x00000000 x24=0x00000492
        3495000	       348	80000340	00962e33	slt	x28,x12,x9	 x12:0x80009f84  x9:0x00000001 x28=0x00000001
        3505000	       349	80000344	ffdb14e3	bne	x22,x29,8000032c	 x22:0xfffffff5 x29:0xffffffef
        3515000	       350	00000000	00000013	addi	x0,x0,0	  x0:0x00000000
        3525000	       351	80000328	00000013	addi	x0,x0,0	  x0:0x00000000
        3535000	       352	8000032c	00e40db3	add	x27,x8,x14	  x8:0xfffffff9 x14:0x00000013 x27=0x0000000c
        3545000	       353	80000330	6dbed8b7	lui	x17,0x6dbed	 x17=0x6dbed000
        3555000	       354	80000334	fa248c93	addi	x25,x9,-94	  x9:0x00000001 x25=0xffffffa3
        3565000	       355	80000338	fffb0b13	addi	x22,x22,-1	 x22:0xfffffff5 x22=0xfffffff4
        3575000	       356	8000033c	003c6c33	or	x24,x24,x3	 x24:0x00000492  x3:0x00000000 x24=0x00000492
        3585000	       357	80000340	00962e33	slt	x28,x12,x9	 x12:0x80009f84  x9:0x00000001 x28=0x00000001
        3595000	       358	80000344	ffdb14e3	bne	x22,x29,8000032c	 x22:0xfffffff4 x29:0xffffffef
        3605000	       359	00000000	00000013	addi	x0,x0,0	  x0:0x00000000
        3615000	       360	80000328	00000013	addi	x0,x0,0	  x0:0x00000000
        3625000	       361	8000032c	00e40db3	add	x27,x8,x14	  x8:0xfffffff9 x14:0x00000013 x27=0x0000000c
        3635000	       362	80000330	6dbed8b7	lui	x17,0x6dbed	 x17=0x6dbed000
        3645000	       363	80000334	fa248c93	addi	x25,x9,-94	  x9:0x00000001 x25=0xffffffa3
        3655000	       364	80000338	fffb0b13	addi	x22,x22,-1	 x22:0xfffffff4 x22=0xfffffff3
        3665000	       365	8000033c	003c6c33	or	x24,x24,x3	 x24:0x00000492  x3:0x00000000 x24=0x00000492
        3675000	       366	80000340	00962e33	slt	x28,x12,x9	 x12:0x80009f84  x9:0x00000001 x28=0x00000001
        3685000	       367	80000344	ffdb14e3	bne	x22,x29,8000032c	 x22:0xfffffff3 x29:0xffffffef
        3695000	       368	00000000	00000013	addi	x0,x0,0	  x0:0x00000000
        3705000	       369	80000328	00000013	addi	x0,x0,0	  x0:0x00000000
        3715000	       370	8000032c	00e40db3	add	x27,x8,x14	  x8:0xfffffff9 x14:0x00000013 x27=0x0000000c
        3725000	       371	80000330	6dbed8b7	lui	x17,0x6dbed	 x17=0x6dbed000
        3735000	       372	80000334	fa248c93	addi	x25,x9,-94	  x9:0x00000001 x25=0xffffffa3
        3745000	       373	80000338	fffb0b13	addi	x22,x22,-1	 x22:0xfffffff3 x22=0xfffffff2
        3755000	       374	8000033c	003c6c33	or	x24,x24,x3	 x24:0x00000492  x3:0x00000000 x24=0x00000492
        3765000	       375	80000340	00962e33	slt	x28,x12,x9	 x12:0x80009f84  x9:0x00000001 x28=0x00000001
        3775000	       376	80000344	ffdb14e3	bne	x22,x29,8000032c	 x22:0xfffffff2 x29:0xffffffef
        3785000	       377	00000000	00000013	addi	x0,x0,0	  x0:0x00000000
        3795000	       378	80000328	00000013	addi	x0,x0,0	  x0:0x00000000
        3805000	       379	8000032c	00e40db3	add	x27,x8,x14	  x8:0xfffffff9 x14:0x00000013 x27=0x0000000c
        3815000	       380	80000330	6dbed8b7	lui	x17,0x6dbed	 x17=0x6dbed000
        3825000	       381	80000334	fa248c93	addi	x25,x9,-94	  x9:0x00000001 x25=0xffffffa3
        3835000	       382	80000338	fffb0b13	addi	x22,x22,-1	 x22:0xfffffff2 x22=0xfffffff1
        3845000	       383	8000033c	003c6c33	or	x24,x24,x3	 x24:0x00000492  x3:0x00000000 x24=0x00000492
        3855000	       384	80000340	00962e33	slt	x28,x12,x9	 x12:0x80009f84  x9:0x00000001 x28=0x00000001
        3865000	       385	80000344	ffdb14e3	bne	x22,x29,8000032c	 x22:0xfffffff1 x29:0xffffffef
        3875000	       386	00000000	00000013	addi	x0,x0,0	  x0:0x00000000
        3885000	       387	80000328	00000013	addi	x0,x0,0	  x0:0x00000000
        3895000	       388	8000032c	00e40db3	add	x27,x8,x14	  x8:0xfffffff9 x14:0x00000013 x27=0x0000000c
        3905000	       389	80000330	6dbed8b7	lui	x17,0x6dbed	 x17=0x6dbed000
        3915000	       390	80000334	fa248c93	addi	x25,x9,-94	  x9:0x00000001 x25=0xffffffa3
        3925000	       391	80000338	fffb0b13	addi	x22,x22,-1	 x22:0xfffffff1 x22=0xfffffff0
        3935000	       392	8000033c	003c6c33	or	x24,x24,x3	 x24:0x00000492  x3:0x00000000 x24=0x00000492
        3945000	       393	80000340	00962e33	slt	x28,x12,x9	 x12:0x80009f84  x9:0x00000001 x28=0x00000001
        3955000	       394	80000344	ffdb14e3	bne	x22,x29,8000032c	 x22:0xfffffff0 x29:0xffffffef
        3965000	       395	00000000	00000013	addi	x0,x0,0	  x0:0x00000000
        3975000	       396	80000328	00000013	addi	x0,x0,0	  x0:0x00000000
        3985000	       397	8000032c	00e40db3	add	x27,x8,x14	  x8:0xfffffff9 x14:0x00000013 x27=0x0000000c
        3995000	       398	80000330	6dbed8b7	lui	x17,0x6dbed	 x17=0x6dbed000
        4005000	       399	80000334	fa248c93	addi	x25,x9,-94	  x9:0x00000001 x25=0xffffffa3
        4015000	       400	80000338	fffb0b13	addi	x22,x22,-1	 x22:0xfffffff0 x22=0xffffffef
        4025000	       401	8000033c	003c6c33	or	x24,x24,x3	 x24:0x00000492  x3:0x00000000 x24=0x00000492
        4035000	       402	80000340	00962e33	slt	x28,x12,x9	 x12:0x80009f84  x9:0x00000001 x28=0x00000001
        4045000	       403	80000344	ffdb14e3	bne	x22,x29,8000032c	 x22:0xffffffef x29:0xffffffef
        4055000	       404	80000348	fb45c6e3	blt	x11,x20,800002f4	 x11:0x0000000d x20:0x00000006
        4065000	       405	8000034c	003a9293	slli	x5,x21,0x3	 x21:0x00000000  x5=0x00000000
        4075000	       406	80000350	00500b93	addi	x23,x0,5	  x0:0x00000000 x23=0x00000005
        4085000	       407	80000354	41eaddb3	sra	x27,x21,x30	 x21:0x00000000 x30:0x80009f84 x27=0x00000000
        4095000	       408	80000358	01200093	addi	x1,x0,18	  x0:0x00000000  x1=0x00000012
        4105000	       409	8000035c	00caaa33	slt	x20,x21,x12	 x21:0x00000000 x12:0x80009f84 x20=0x00000000
        4115000	       410	80000360	007b8b93	addi	x23,x23,7	 x23:0x00000005 x23=0x0000000c
        4125000	       411	80000364	fe1bece3	bltu	x23,x1,8000035c	 x23:0x0000000c  x1:0x00000012
        4135000	       412	00000000	00000013	addi	x0,x0,0	  x0:0x00000000
        4145000	       413	80000358	00000013	addi	x0,x0,0	  x0:0x00000000
        4155000	       414	8000035c	00caaa33	slt	x20,x21,x12	 x21:0x00000000 x12:0x80009f84 x20=0x00000000
        4165000	       415	80000360	007b8b93	addi	x23,x23,7	 x23:0x0000000c x23=0x00000013
        4175000	       416	80000364	fe1bece3	bltu	x23,x1,8000035c	 x23:0x00000013  x1:0x00000012
        4185000	       417	80000368	e7fe3193	sltiu	x3,x28,-385	 x28:0x00000001  x3=0x00000001
        4195000	       418	8000036c	00700893	addi	x17,x0,7	  x0:0x00000000 x17=0x00000007
        4205000	       419	80000370	0197ae33	slt	x28,x15,x25	 x15:0x80009fc4 x25:0xffffffa3 x28=0x00000001
        4215000	       420	80000374	01300293	addi	x5,x0,19	  x0:0x00000000  x5=0x00000013
        4225000	       421	80000378	135d3db7	lui	x27,0x135d3	 x27=0x135d3000
        4235000	       422	8000037c	012b2933	slt	x18,x22,x18	 x22:0xffffffef x18:0xfffffff5 x18=0x00000001
        4245000	       423	80000380	42fd3013	sltiu	x0,x26,1071	 x26:0x00000000
        4255000	       424	80000384	00588893	addi	x17,x17,5	 x17:0x00000007 x17=0x0000000c
        4265000	       425	80000388	00800513	addi	x10,x0,8	  x0:0x00000000 x10=0x00000008
        4275000	       426	8000038c	89907913	andi	x18,x0,-1895	  x0:0x00000000 x18=0x00000000
        4285000	       427	80000390	41360233	sub	x4,x12,x19	 x12:0x80009f84 x19:0x0000000e  x4=0x80009f76
        4295000	       428	80000394	40680eb3	sub	x29,x16,x6	 x16:0x00000013  x6:0x00000000 x29=0x00000013
        4305000	       429	80000398	00c00713	addi	x14,x0,12	  x0:0x00000000 x14=0x0000000c
        4315000	       430	8000039c	7475a113	slti	x2,x11,1863	 x11:0x0000000d  x2=0x00000001
        4325000	       431	800003a0	00cee033	or	x0,x29,x12	 x29:0x00000013 x12:0x80009f84
        4335000	       432	800003a4	408d8db3	sub	x27,x27,x8	 x27:0x135d3000  x8:0xfffffff9 x27=0x135d3007
        4345000	       433	800003a8	40755113	srai	x2,x10,0x7	 x10:0x00000008  x2=0x00000000
        4355000	       434	800003ac	f0404193	xori	x3,x0,-252	  x0:0x00000000  x3=0xffffff04
        4365000	       435	800003b0	01a60933	add	x18,x12,x26	 x12:0x80009f84 x26:0x00000000 x18=0x80009f84
        4375000	       436	800003b4	13287393	andi	x7,x16,306	 x16:0x00000013  x7=0x00000012
        4385000	       437	800003b8	00750513	addi	x10,x10,7	 x10:0x00000008 x10=0x0000000f
        4395000	       438	800003bc	41195c93	srai	x25,x18,0x11	 x18:0x80009f84 x25=0xffffc000
        4405000	       439	800003c0	fee568e3	bltu	x10,x14,800003b0	 x10:0x0000000f x14:0x0000000c
        4415000	       440	800003c4	d8ba4a13	xori	x20,x20,-629	 x20:0x00000000 x20=0xfffffd8b
        4425000	       441	800003c8	fa58c8e3	blt	x17,x5,80000378	 x17:0x0000000c  x5:0x00000013
        4435000	       442	00000000	00000013	addi	x0,x0,0	  x0:0x00000000
        4445000	       443	80000374	00000013	addi	x0,x0,0	  x0:0x00000000
        4455000	       444	80000378	135d3db7	lui	x27,0x135d3	 x27=0x135d3000
        4465000	       445	8000037c	012b2933	slt	x18,x22,x18	 x22:0xffffffef x18:0x80009f84 x18=0x00000000
        4475000	       446	80000380	42fd3013	sltiu	x0,x26,1071	 x26:0x00000000
        4485000	       447	80000384	00588893	addi	x17,x17,5	 x17:0x0000000c x17=0x00000011
        4495000	       448	80000388	00800513	addi	x10,x0,8	  x0:0x00000000 x10=0x00000008
        4505000	       449	8000038c	89907913	andi	x18,x0,-1895	  x0:0x00000000 x18=0x00000000
        4515000	       450	80000390	41360233	sub	x4,x12,x19	 x12:0x80009f84 x19:0x0000000e  x4=0x80009f76
        4525000	       451	80000394	40680eb3	sub	x29,x16,x6	 x16:0x00000013  x6:0x00000000 x29=0x00000013
        4535000	       452	80000398	00c00713	addi	x14,x0,12	  x0:0x00000000 x14=0x0000000c
        4545000	       453	8000039c	7475a113	slti	x2,x11,1863	 x11:0x0000000d  x2=0x00000001
        4555000	       454	800003a0	00cee033	or	x0,x29,x12	 x29:0x00000013 x12:0x80009f84
        4565000	       455	800003a4	408d8db3	sub	x27,x27,x8	 x27:0x135d3000  x8:0xfffffff9 x27=0x135d3007
        4575000	       456	800003a8	40755113	srai	x2,x10,0x7	 x10:0x00000008  x2=0x00000000
        4585000	       457	800003ac	f0404193	xori	x3,x0,-252	  x0:0x00000000  x3=0xffffff04
        4595000	       458	800003b0	01a60933	add	x18,x12,x26	 x12:0x80009f84 x26:0x00000000 x18=0x80009f84
        4605000	       459	800003b4	13287393	andi	x7,x16,306	 x16:0x00000013  x7=0x00000012
        4615000	       460	800003b8	00750513	addi	x10,x10,7	 x10:0x00000008 x10=0x0000000f
        4625000	       461	800003bc	41195c93	srai	x25,x18,0x11	 x18:0x80009f84 x25=0xffffc000
        4635000	       462	800003c0	fee568e3	bltu	x10,x14,800003b0	 x10:0x0000000f x14:0x0000000c
        4645000	       463	800003c4	d8ba4a13	xori	x20,x20,-629	 x20:0xfffffd8b x20=0x00000000
        4655000	       464	800003c8	fa58c8e3	blt	x17,x5,80000378	 x17:0x00000011  x5:0x00000013
        4665000	       465	00000000	00000013	addi	x0,x0,0	  x0:0x00000000
        4675000	       466	80000374	00000013	addi	x0,x0,0	  x0:0x00000000
        4685000	       467	80000378	135d3db7	lui	x27,0x135d3	 x27=0x135d3000
        4695000	       468	8000037c	012b2933	slt	x18,x22,x18	 x22:0xffffffef x18:0x80009f84 x18=0x00000000
        4705000	       469	80000380	42fd3013	sltiu	x0,x26,1071	 x26:0x00000000
        4715000	       470	80000384	00588893	addi	x17,x17,5	 x17:0x00000011 x17=0x00000016
        4725000	       471	80000388	00800513	addi	x10,x0,8	  x0:0x00000000 x10=0x00000008
        4735000	       472	8000038c	89907913	andi	x18,x0,-1895	  x0:0x00000000 x18=0x00000000
        4745000	       473	80000390	41360233	sub	x4,x12,x19	 x12:0x80009f84 x19:0x0000000e  x4=0x80009f76
        4755000	       474	80000394	40680eb3	sub	x29,x16,x6	 x16:0x00000013  x6:0x00000000 x29=0x00000013
        4765000	       475	80000398	00c00713	addi	x14,x0,12	  x0:0x00000000 x14=0x0000000c
        4775000	       476	8000039c	7475a113	slti	x2,x11,1863	 x11:0x0000000d  x2=0x00000001
        4785000	       477	800003a0	00cee033	or	x0,x29,x12	 x29:0x00000013 x12:0x80009f84
        4795000	       478	800003a4	408d8db3	sub	x27,x27,x8	 x27:0x135d3000  x8:0xfffffff9 x27=0x135d3007
        4805000	       479	800003a8	40755113	srai	x2,x10,0x7	 x10:0x00000008  x2=0x00000000
        4815000	       480	800003ac	f0404193	xori	x3,x0,-252	  x0:0x00000000  x3=0xffffff04
        4825000	       481	800003b0	01a60933	add	x18,x12,x26	 x12:0x80009f84 x26:0x00000000 x18=0x80009f84
        4835000	       482	800003b4	13287393	andi	x7,x16,306	 x16:0x00000013  x7=0x00000012
        4845000	       483	800003b8	00750513	addi	x10,x10,7	 x10:0x00000008 x10=0x0000000f
        4855000	       484	800003bc	41195c93	srai	x25,x18,0x11	 x18:0x80009f84 x25=0xffffc000
        4865000	       485	800003c0	fee568e3	bltu	x10,x14,800003b0	 x10:0x0000000f x14:0x0000000c
        4875000	       486	800003c4	d8ba4a13	xori	x20,x20,-629	 x20:0x00000000 x20=0xfffffd8b
        4885000	       487	800003c8	fa58c8e3	blt	x17,x5,80000378	 x17:0x00000016  x5:0x00000013
        4895000	       488	800003cc	21bffc97	auipc	x25,0x21bff	 x25=0xa1bff3c8
        4905000	       489	800003d0	ffe00693	addi	x13,x0,-2	  x0:0x00000000 x13=0xfffffffe
        4915000	       490	800003d4	3fa9b413	sltiu	x8,x19,1018	 x19:0x0000000e  x8=0x00000001
        4925000	       491	800003d8	01300f93	addi	x31,x0,19	  x0:0x00000000 x31=0x00000013
        4935000	       492	800003dc	04f40d93	addi	x27,x8,79	  x8:0x00000001 x27=0x00000050
        4945000	       493	800003e0	52d0a213	slti	x4,x1,1325	  x1:0x00000012  x4=0x00000001
        4955000	       494	800003e4	003bebb3	or	x23,x23,x3	 x23:0x00000013  x3:0xffffff04 x23=0xffffff17
        4965000	       495	800003e8	20619597	auipc	x11,0x20619	 x11=0xa06193e4
        4975000	       496	800003ec	01216ab3	or	x21,x2,x18	  x2:0x00000000 x18:0x80009f84 x21=0x80009f84
        4985000	       497	800003f0	01aff3b3	and	x7,x31,x26	 x31:0x00000013 x26:0x00000000  x7=0x00000000
        4995000	       498	800003f4	b2a62193	slti	x3,x12,-1238	 x12:0x80009f84  x3=0x00000001
        5005000	       499	800003f8	00947b33	and	x22,x8,x9	  x8:0x00000001  x9:0x00000001 x22=0x00000001
        5015000	       500	800003fc	01bbd513	srli	x10,x23,0x1b	 x23:0xffffff17 x10=0x0000001f
        5025000	       501	80000400	229cabb7	lui	x23,0x229ca	 x23=0x229ca000
        5035000	       502	80000404	00768693	addi	x13,x13,7	 x13:0xfffffffe x13=0x00000005
        5045000	       503	80000408	01153d33	sltu	x26,x10,x17	 x10:0x0000001f x17:0x00000016 x26=0x00000000
        5055000	       504	8000040c	af6a1137	lui	x2,0xaf6a1	  x2=0xaf6a1000
        5065000	       505	80000410	00400493	addi	x9,x0,4	  x0:0x00000000  x9=0x00000004
        5075000	       506	80000414	9dd11317	auipc	x6,0x9dd11	  x6=0x1dd11410
        5085000	       507	80000418	00c00e13	addi	x28,x0,12	  x0:0x00000000 x28=0x0000000c
        5095000	       508	8000041c	01939833	sll	x16,x7,x25	  x7:0x00000000 x25:0xa1bff3c8 x16=0x00000000
        5105000	       509	80000420	67c9f913	andi	x18,x19,1660	 x19:0x0000000e x18=0x0000000c
        5115000	       510	80000424	40528733	sub	x14,x5,x5	  x5:0x00000013  x5:0x00000013 x14=0x00000000
        5125000	       511	80000428	b4a73393	sltiu	x7,x14,-1206	 x14:0x00000000  x7=0x00000001
        5135000	       512	8000042c	00848493	addi	x9,x9,8	  x9:0x00000004  x9=0x0000000c
        5145000	       513	80000430	ffc48ae3	beq	x9,x28,80000424	  x9:0x0000000c x28:0x0000000c
        5155000	       514	00000000	00000013	addi	x0,x0,0	  x0:0x00000000
        5165000	       515	80000420	00000013	addi	x0,x0,0	  x0:0x00000000
        5175000	       516	80000424	40528733	sub	x14,x5,x5	  x5:0x00000013  x5:0x00000013 x14=0x00000000
        5185000	       517	80000428	b4a73393	sltiu	x7,x14,-1206	 x14:0x00000000  x7=0x00000001
        5195000	       518	8000042c	00848493	addi	x9,x9,8	  x9:0x0000000c  x9=0x00000014
        5205000	       519	80000430	ffc48ae3	beq	x9,x28,80000424	  x9:0x00000014 x28:0x0000000c
        5215000	       520	80000434	40d0d393	srai	x7,x1,0xd	  x1:0x00000012  x7=0x00000000
        5225000	       521	80000438	1a7f8713	addi	x14,x31,423	 x31:0x00000013 x14=0x000001ba
        5235000	       522	8000043c	001b03b3	add	x7,x22,x1	 x22:0x00000001  x1:0x00000012  x7=0x00000013
        5245000	       523	80000440	f9f6cee3	blt	x13,x31,800003dc	 x13:0x00000005 x31:0x00000013
        5255000	       524	00000000	00000013	addi	x0,x0,0	  x0:0x00000000
        5265000	       525	800003d8	00000013	addi	x0,x0,0	  x0:0x00000000
        5275000	       526	800003dc	04f40d93	addi	x27,x8,79	  x8:0x00000001 x27=0x00000050
        5285000	       527	800003e0	52d0a213	slti	x4,x1,1325	  x1:0x00000012  x4=0x00000001
        5295000	       528	800003e4	003bebb3	or	x23,x23,x3	 x23:0x229ca000  x3:0x00000001 x23=0x229ca001
        5305000	       529	800003e8	20619597	auipc	x11,0x20619	 x11=0xa06193e4
        5315000	       530	800003ec	01216ab3	or	x21,x2,x18	  x2:0xaf6a1000 x18:0x0000000c x21=0xaf6a100c
        5325000	       531	800003f0	01aff3b3	and	x7,x31,x26	 x31:0x00000013 x26:0x00000000  x7=0x00000000
        5335000	       532	800003f4	b2a62193	slti	x3,x12,-1238	 x12:0x80009f84  x3=0x00000001
        5345000	       533	800003f8	00947b33	and	x22,x8,x9	  x8:0x00000001  x9:0x00000014 x22=0x00000000
        5355000	       534	800003fc	01bbd513	srli	x10,x23,0x1b	 x23:0x229ca001 x10=0x00000004
        5365000	       535	80000400	229cabb7	lui	x23,0x229ca	 x23=0x229ca000
        5375000	       536	80000404	00768693	addi	x13,x13,7	 x13:0x00000005 x13=0x0000000c
        5385000	       537	80000408	01153d33	sltu	x26,x10,x17	 x10:0x00000004 x17:0x00000016 x26=0x00000001
        5395000	       538	8000040c	af6a1137	lui	x2,0xaf6a1	  x2=0xaf6a1000
        5405000	       539	80000410	00400493	addi	x9,x0,4	  x0:0x00000000  x9=0x00000004
        5415000	       540	80000414	9dd11317	auipc	x6,0x9dd11	  x6=0x1dd11410
        5425000	       541	80000418	00c00e13	addi	x28,x0,12	  x0:0x00000000 x28=0x0000000c
        5435000	       542	8000041c	01939833	sll	x16,x7,x25	  x7:0x00000000 x25:0xa1bff3c8 x16=0x00000000
        5445000	       543	80000420	67c9f913	andi	x18,x19,1660	 x19:0x0000000e x18=0x0000000c
        5455000	       544	80000424	40528733	sub	x14,x5,x5	  x5:0x00000013  x5:0x00000013 x14=0x00000000
        5465000	       545	80000428	b4a73393	sltiu	x7,x14,-1206	 x14:0x00000000  x7=0x00000001
        5475000	       546	8000042c	00848493	addi	x9,x9,8	  x9:0x00000004  x9=0x0000000c
        5485000	       547	80000430	ffc48ae3	beq	x9,x28,80000424	  x9:0x0000000c x28:0x0000000c
        5495000	       548	00000000	00000013	addi	x0,x0,0	  x0:0x00000000
        5505000	       549	80000420	00000013	addi	x0,x0,0	  x0:0x00000000
        5515000	       550	80000424	40528733	sub	x14,x5,x5	  x5:0x00000013  x5:0x00000013 x14=0x00000000
        5525000	       551	80000428	b4a73393	sltiu	x7,x14,-1206	 x14:0x00000000  x7=0x00000001
        5535000	       552	8000042c	00848493	addi	x9,x9,8	  x9:0x0000000c  x9=0x00000014
        5545000	       553	80000430	ffc48ae3	beq	x9,x28,80000424	  x9:0x00000014 x28:0x0000000c
        5555000	       554	80000434	40d0d393	srai	x7,x1,0xd	  x1:0x00000012  x7=0x00000000
        5565000	       555	80000438	1a7f8713	addi	x14,x31,423	 x31:0x00000013 x14=0x000001ba
        5575000	       556	8000043c	001b03b3	add	x7,x22,x1	 x22:0x00000000  x1:0x00000012  x7=0x00000012
        5585000	       557	80000440	f9f6cee3	blt	x13,x31,800003dc	 x13:0x0000000c x31:0x00000013
        5595000	       558	00000000	00000013	addi	x0,x0,0	  x0:0x00000000
        5605000	       559	800003d8	00000013	addi	x0,x0,0	  x0:0x00000000
        5615000	       560	800003dc	04f40d93	addi	x27,x8,79	  x8:0x00000001 x27=0x00000050
        5625000	       561	800003e0	52d0a213	slti	x4,x1,1325	  x1:0x00000012  x4=0x00000001
        5635000	       562	800003e4	003bebb3	or	x23,x23,x3	 x23:0x229ca000  x3:0x00000001 x23=0x229ca001
        5645000	       563	800003e8	20619597	auipc	x11,0x20619	 x11=0xa06193e4
        5655000	       564	800003ec	01216ab3	or	x21,x2,x18	  x2:0xaf6a1000 x18:0x0000000c x21=0xaf6a100c
        5665000	       565	800003f0	01aff3b3	and	x7,x31,x26	 x31:0x00000013 x26:0x00000001  x7=0x00000001
        5675000	       566	800003f4	b2a62193	slti	x3,x12,-1238	 x12:0x80009f84  x3=0x00000001
        5685000	       567	800003f8	00947b33	and	x22,x8,x9	  x8:0x00000001  x9:0x00000014 x22=0x00000000
        5695000	       568	800003fc	01bbd513	srli	x10,x23,0x1b	 x23:0x229ca001 x10=0x00000004
        5705000	       569	80000400	229cabb7	lui	x23,0x229ca	 x23=0x229ca000
        5715000	       570	80000404	00768693	addi	x13,x13,7	 x13:0x0000000c x13=0x00000013
        5725000	       571	80000408	01153d33	sltu	x26,x10,x17	 x10:0x00000004 x17:0x00000016 x26=0x00000001
        5735000	       572	8000040c	af6a1137	lui	x2,0xaf6a1	  x2=0xaf6a1000
        5745000	       573	80000410	00400493	addi	x9,x0,4	  x0:0x00000000  x9=0x00000004
        5755000	       574	80000414	9dd11317	auipc	x6,0x9dd11	  x6=0x1dd11410
        5765000	       575	80000418	00c00e13	addi	x28,x0,12	  x0:0x00000000 x28=0x0000000c
        5775000	       576	8000041c	01939833	sll	x16,x7,x25	  x7:0x00000001 x25:0xa1bff3c8 x16=0x00000100
        5785000	       577	80000420	67c9f913	andi	x18,x19,1660	 x19:0x0000000e x18=0x0000000c
        5795000	       578	80000424	40528733	sub	x14,x5,x5	  x5:0x00000013  x5:0x00000013 x14=0x00000000
        5805000	       579	80000428	b4a73393	sltiu	x7,x14,-1206	 x14:0x00000000  x7=0x00000001
        5815000	       580	8000042c	00848493	addi	x9,x9,8	  x9:0x00000004  x9=0x0000000c
        5825000	       581	80000430	ffc48ae3	beq	x9,x28,80000424	  x9:0x0000000c x28:0x0000000c
        5835000	       582	00000000	00000013	addi	x0,x0,0	  x0:0x00000000
        5845000	       583	80000420	00000013	addi	x0,x0,0	  x0:0x00000000
        5855000	       584	80000424	40528733	sub	x14,x5,x5	  x5:0x00000013  x5:0x00000013 x14=0x00000000
        5865000	       585	80000428	b4a73393	sltiu	x7,x14,-1206	 x14:0x00000000  x7=0x00000001
        5875000	       586	8000042c	00848493	addi	x9,x9,8	  x9:0x0000000c  x9=0x00000014
        5885000	       587	80000430	ffc48ae3	beq	x9,x28,80000424	  x9:0x00000014 x28:0x0000000c
        5895000	       588	80000434	40d0d393	srai	x7,x1,0xd	  x1:0x00000012  x7=0x00000000
        5905000	       589	80000438	1a7f8713	addi	x14,x31,423	 x31:0x00000013 x14=0x000001ba
        5915000	       590	8000043c	001b03b3	add	x7,x22,x1	 x22:0x00000000  x1:0x00000012  x7=0x00000012
        5925000	       591	80000440	f9f6cee3	blt	x13,x31,800003dc	 x13:0x00000013 x31:0x00000013
        5935000	       592	80000444	018ae733	or	x14,x21,x24	 x21:0xaf6a100c x24:0x00000492 x14=0xaf6a149e
        5945000	       593	80000448	ffa00a93	addi	x21,x0,-6	  x0:0x00000000 x21=0xfffffffa
        5955000	       594	8000044c	01480d33	add	x26,x16,x20	 x16:0x00000100 x20:0xfffffd8b x26=0xfffffe8b
        5965000	       595	80000450	4176de13	srai	x28,x13,0x17	 x13:0x00000013 x28=0x00000000
        5975000	       596	80000454	014dfbb3	and	x23,x27,x20	 x27:0x00000050 x20:0xfffffd8b x23=0x00000000
        5985000	       597	80000458	d063bb13	sltiu	x22,x7,-762	  x7:0x00000012 x22=0x00000001
        5995000	       598	8000045c	013424b3	slt	x9,x8,x19	  x8:0x00000001 x19:0x0000000e  x9=0x00000001
        6005000	       599	80000460	005d9393	slli	x7,x27,0x5	 x27:0x00000050  x7=0x00000a00
        6015000	       600	80000464	f00306b7	lui	x13,0xf0030	 x13=0xf0030000
        6025000	       601	80000468	fff00313	addi	x6,x0,-1	  x0:0x00000000  x6=0xffffffff
        6035000	       602	8000046c	01452e33	slt	x28,x10,x20	 x10:0x00000004 x20:0xfffffd8b x28=0x00000000
        6045000	       603	80000470	dbb3bc13	sltiu	x24,x7,-581	  x7:0x00000a00 x24=0x00000001
        6055000	       604	80000474	87bc3693	sltiu	x13,x24,-1925	 x24:0x00000001 x13=0x00000001
        6065000	       605	80000478	005a8a93	addi	x21,x21,5	 x21:0xfffffffa x21=0xffffffff
        6075000	       606	8000047c	41da54b3	sra	x9,x20,x29	 x20:0xfffffd8b x29:0x00000013  x9=0xffffffff
        6085000	       607	80000480	01a6de13	srli	x28,x13,0x1a	 x13:0x00000001 x28=0x00000000
        6095000	       608	80000484	019551b3	srl	x3,x10,x25	 x10:0x00000004 x25:0xa1bff3c8  x3=0x00000000
        6105000	       609	80000488	fe6a82e3	beq	x21,x6,8000046c	 x21:0xffffffff  x6:0xffffffff
        6115000	       610	00000000	00000013	addi	x0,x0,0	  x0:0x00000000
        6125000	       611	80000468	00000013	addi	x0,x0,0	  x0:0x00000000
        6135000	       612	8000046c	01452e33	slt	x28,x10,x20	 x10:0x00000004 x20:0xfffffd8b x28=0x00000000
        6145000	       613	80000470	dbb3bc13	sltiu	x24,x7,-581	  x7:0x00000a00 x24=0x00000001
        6155000	       614	80000474	87bc3693	sltiu	x13,x24,-1925	 x24:0x00000001 x13=0x00000001
        6165000	       615	80000478	005a8a93	addi	x21,x21,5	 x21:0xffffffff x21=0x00000004
        6175000	       616	8000047c	41da54b3	sra	x9,x20,x29	 x20:0xfffffd8b x29:0x00000013  x9=0xffffffff
        6185000	       617	80000480	01a6de13	srli	x28,x13,0x1a	 x13:0x00000001 x28=0x00000000
        6195000	       618	80000484	019551b3	srl	x3,x10,x25	 x10:0x00000004 x25:0xa1bff3c8  x3=0x00000000
        6205000	       619	80000488	fe6a82e3	beq	x21,x6,8000046c	 x21:0x00000004  x6:0xffffffff
        6215000	       620	8000048c	00f82933	slt	x18,x16,x15	 x16:0x00000100 x15:0x80009fc4 x18=0x00000000
        6225000	       621	80000490	00500713	addi	x14,x0,5	  x0:0x00000000 x14=0x00000005
        6235000	       622	80000494	bd027897	auipc	x17,0xbd027	 x17=0x3d027490
        6245000	       623	80000498	01cafd33	and	x26,x21,x28	 x21:0x00000004 x28:0x00000000 x26=0x00000000
        6255000	       624	8000049c	017f9093	slli	x1,x31,0x17	 x31:0x00000013  x1=0x09800000
        6265000	       625	800004a0	414a58b3	sra	x17,x20,x20	 x20:0xfffffd8b x20:0xfffffd8b x17=0xffffffff
        6275000	       626	800004a4	0016f833	and	x16,x13,x1	 x13:0x00000001  x1:0x09800000 x16=0x00000000
        6285000	       627	800004a8	00800913	addi	x18,x0,8	  x0:0x00000000 x18=0x00000008
        6295000	       628	800004ac	00000013	addi	x0,x0,0	  x0:0x00000000
        6305000	       629	800004b0	01112833	slt	x16,x2,x17	  x2:0xaf6a1000 x17:0xffffffff x16=0x00000001
        6315000	       630	800004b4	019da6b3	slt	x13,x27,x25	 x27:0x00000050 x25:0xa1bff3c8 x13=0x00000000
        6325000	       631	800004b8	117d3c13	sltiu	x24,x26,279	 x26:0x00000000 x24=0x00000001
        6335000	       632	800004bc	b8616e93	ori	x29,x2,-1146	  x2:0xaf6a1000 x29=0xfffffb86
        6345000	       633	800004c0	00a70713	addi	x14,x14,10	 x14:0x00000005 x14=0x0000000f
        6355000	       634	800004c4	d3ed3513	sltiu	x10,x26,-706	 x26:0x00000000 x10=0x00000001
        6365000	       635	800004c8	00e80c33	add	x24,x16,x14	 x16:0x00000001 x14:0x0000000f x24=0x00000010
        6375000	       636	800004cc	0093b5b3	sltu	x11,x7,x9	  x7:0x00000a00  x9:0xffffffff x11=0x00000001
        6385000	       637	800004d0	013e6b33	or	x22,x28,x19	 x28:0x00000000 x19:0x0000000e x22=0x0000000e
        6395000	       638	800004d4	418d3593	sltiu	x11,x26,1048	 x26:0x00000000 x11=0x00000001
        6405000	       639	800004d8	ff600113	addi	x2,x0,-10	  x0:0x00000000  x2=0xfffffff6
        6415000	       640	800004dc	40a75f93	srai	x31,x14,0xa	 x14:0x0000000f x31=0x00000000
        6425000	       641	800004e0	1f0f70b7	lui	x1,0x1f0f7	  x1=0x1f0f7000
        6435000	       642	800004e4	41ea5d93	srai	x27,x20,0x1e	 x20:0xfffffd8b x27=0xffffffff
        6445000	       643	800004e8	00000013	addi	x0,x0,0	  x0:0x00000000
        6455000	       644	800004ec	ffa00293	addi	x5,x0,-6	  x0:0x00000000  x5=0xfffffffa
        6465000	       645	800004f0	01617cb3	and	x25,x2,x22	  x2:0xfffffff6 x22:0x0000000e x25=0x00000006
        6475000	       646	800004f4	00000013	addi	x0,x0,0	  x0:0x00000000
        6485000	       647	800004f8	00f9afb3	slt	x31,x19,x15	 x19:0x0000000e x15:0x80009fc4 x31=0x00000000
        6495000	       648	800004fc	00810113	addi	x2,x2,8	  x2:0xfffffff6  x2=0xfffffffe
        6505000	       649	80000500	a1467d93	andi	x27,x12,-1516	 x12:0x80009f84 x27=0x80009a04
        6515000	       650	80000504	41425c13	srai	x24,x4,0x14	  x4:0x00000001 x24=0x00000000
        6525000	       651	80000508	fe5146e3	blt	x2,x5,800004f4	  x2:0xfffffffe  x5:0xfffffffa
        6535000	       652	8000050c	00932533	slt	x10,x6,x9	  x6:0xffffffff  x9:0xffffffff x10=0x00000000
        6545000	       653	80000510	fb2742e3	blt	x14,x18,800004b4	 x14:0x0000000f x18:0x00000008
        6555000	       654	80000514	9695d0b7	lui	x1,0x9695d	  x1=0x9695d000
        6565000	       655	80000518	ff900b93	addi	x23,x0,-7	  x0:0x00000000 x23=0xfffffff9
        6575000	       656	8000051c	015766b3	or	x13,x14,x21	 x14:0x0000000f x21:0x00000004 x13=0x0000000f
        6585000	       657	80000520	01ad8433	add	x8,x27,x26	 x27:0x80009a04 x26:0x00000000  x8=0x80009a04
        6595000	       658	80000524	ff600d93	addi	x27,x0,-10	  x0:0x00000000 x27=0xfffffff6
        6605000	       659	80000528	49ceb493	sltiu	x9,x29,1180	 x29:0xfffffb86  x9=0x00000000
        6615000	       660	8000052c	014f6733	or	x14,x30,x20	 x30:0x80009f84 x20:0xfffffd8b x14=0xffffff8f
        6625000	       661	80000530	ffdb8b93	addi	x23,x23,-3	 x23:0xfffffff9 x23=0xfffffff6
        6635000	       662	80000534	90a72413	slti	x8,x14,-1782	 x14:0xffffff8f  x8=0x00000000
        6645000	       663	80000538	01c554b3	srl	x9,x10,x28	 x10:0x00000000 x28:0x00000000  x9=0x00000000
        6655000	       664	8000053c	00900913	addi	x18,x0,9	  x0:0x00000000 x18=0x00000009
        6665000	       665	80000540	00c02b33	slt	x22,x0,x12	  x0:0x00000000 x12:0x80009f84 x22=0x00000000
        6675000	       666	80000544	00a68533	add	x10,x13,x10	 x13:0x0000000f x10:0x00000000 x10=0x0000000f
        6685000	       667	80000548	6b3ef093	andi	x1,x29,1715	 x29:0xfffffb86  x1=0x00000282
        6695000	       668	8000054c	00900e13	addi	x28,x0,9	  x0:0x00000000 x28=0x00000009
        6705000	       669	80000550	9e46c313	xori	x6,x13,-1564	 x13:0x0000000f  x6=0xfffff9eb
        6715000	       670	80000554	01fc5193	srli	x3,x24,0x1f	 x24:0x00000000  x3=0x00000000
        6725000	       671	80000558	00000013	addi	x0,x0,0	  x0:0x00000000
        6735000	       672	8000055c	015ef6b3	and	x13,x29,x21	 x29:0xfffffb86 x21:0x00000004 x13=0x00000004
        6745000	       673	80000560	ffa90913	addi	x18,x18,-6	 x18:0x00000009 x18=0x00000003
        6755000	       674	80000564	01177233	and	x4,x14,x17	 x14:0xffffff8f x17:0xffffffff  x4=0xffffff8f
        6765000	       675	80000568	e5784a13	xori	x20,x16,-425	 x16:0x00000001 x20=0xfffffe56
        6775000	       676	8000056c	ffc976e3	bgeu	x18,x28,80000558	 x18:0x00000003 x28:0x00000009
        6785000	       677	80000570	8b304313	xori	x6,x0,-1869	  x0:0x00000000  x6=0xfffff8b3
        6795000	       678	80000574	00b572b3	and	x5,x10,x11	 x10:0x0000000f x11:0x00000001  x5=0x00000001
        6805000	       679	80000578	01c845b3	xor	x11,x16,x28	 x16:0x00000001 x28:0x00000009 x11=0x00000008
        6815000	       680	8000057c	00cdc533	xor	x10,x27,x12	 x27:0xfffffff6 x12:0x80009f84 x10=0x7fff6072
        6825000	       681	80000580	95310893	addi	x17,x2,-1709	  x2:0xfffffffe x17=0xfffff951
        6835000	       682	80000584	158df017	auipc	x0,0x158df	
        6845000	       683	80000588	015c1d13	slli	x26,x24,0x15	 x24:0x00000000 x26=0x00000000
        6855000	       684	8000058c	f9bb8ee3	beq	x23,x27,80000528	 x23:0xfffffff6 x27:0xfffffff6
        6865000	       685	00000000	00000013	addi	x0,x0,0	  x0:0x00000000
        6875000	       686	80000524	00000013	addi	x0,x0,0	  x0:0x00000000
        6885000	       687	80000528	49ceb493	sltiu	x9,x29,1180	 x29:0xfffffb86  x9=0x00000000
        6895000	       688	8000052c	014f6733	or	x14,x30,x20	 x30:0x80009f84 x20:0xfffffe56 x14=0xffffffd6
        6905000	       689	80000530	ffdb8b93	addi	x23,x23,-3	 x23:0xfffffff6 x23=0xfffffff3
        6915000	       690	80000534	90a72413	slti	x8,x14,-1782	 x14:0xffffffd6  x8=0x00000000
        6925000	       691	80000538	01c554b3	srl	x9,x10,x28	 x10:0x7fff6072 x28:0x00000009  x9=0x003fffb0
        6935000	       692	8000053c	00900913	addi	x18,x0,9	  x0:0x00000000 x18=0x00000009
        6945000	       693	80000540	00c02b33	slt	x22,x0,x12	  x0:0x00000000 x12:0x80009f84 x22=0x00000000
        6955000	       694	80000544	00a68533	add	x10,x13,x10	 x13:0x00000004 x10:0x7fff6072 x10=0x7fff6076
        6965000	       695	80000548	6b3ef093	andi	x1,x29,1715	 x29:0xfffffb86  x1=0x00000282
        6975000	       696	8000054c	00900e13	addi	x28,x0,9	  x0:0x00000000 x28=0x00000009
        6985000	       697	80000550	9e46c313	xori	x6,x13,-1564	 x13:0x00000004  x6=0xfffff9e0
        6995000	       698	80000554	01fc5193	srli	x3,x24,0x1f	 x24:0x00000000  x3=0x00000000
        7005000	       699	80000558	00000013	addi	x0,x0,0	  x0:0x00000000
        7015000	       700	8000055c	015ef6b3	and	x13,x29,x21	 x29:0xfffffb86 x21:0x00000004 x13=0x00000004
        7025000	       701	80000560	ffa90913	addi	x18,x18,-6	 x18:0x00000009 x18=0x00000003
        7035000	       702	80000564	01177233	and	x4,x14,x17	 x14:0xffffffd6 x17:0xfffff951  x4=0xfffff950
        7045000	       703	80000568	e5784a13	xori	x20,x16,-425	 x16:0x00000001 x20=0xfffffe56
        7055000	       704	8000056c	ffc976e3	bgeu	x18,x28,80000558	 x18:0x00000003 x28:0x00000009
        7065000	       705	80000570	8b304313	xori	x6,x0,-1869	  x0:0x00000000  x6=0xfffff8b3
        7075000	       706	80000574	00b572b3	and	x5,x10,x11	 x10:0x7fff6076 x11:0x00000008  x5=0x00000000
        7085000	       707	80000578	01c845b3	xor	x11,x16,x28	 x16:0x00000001 x28:0x00000009 x11=0x00000008
        7095000	       708	8000057c	00cdc533	xor	x10,x27,x12	 x27:0xfffffff6 x12:0x80009f84 x10=0x7fff6072
        7105000	       709	80000580	95310893	addi	x17,x2,-1709	  x2:0xfffffffe x17=0xfffff951
        7115000	       710	80000584	158df017	auipc	x0,0x158df	
        7125000	       711	80000588	015c1d13	slli	x26,x24,0x15	 x24:0x00000000 x26=0x00000000
        7135000	       712	8000058c	f9bb8ee3	beq	x23,x27,80000528	 x23:0xfffffff3 x27:0xfffffff6
        7145000	       713	80000590	6f42a313	slti	x6,x5,1780	  x5:0x00000000  x6=0x00000001
        7155000	       714	80000594	00100813	addi	x16,x0,1	  x0:0x00000000 x16=0x00000001
        7165000	       715	80000598	004b92b3	sll	x5,x23,x4	 x23:0xfffffff3  x4:0xfffff950  x5=0xfff30000
        7175000	       716	8000059c	40d8dfb3	sra	x31,x17,x13	 x17:0xfffff951 x13:0x00000004 x31=0xffffff95
        7185000	       717	800005a0	70886b13	ori	x22,x16,1800	 x16:0x00000001 x22=0x00000709
        7195000	       718	800005a4	fec00513	addi	x10,x0,-20	  x0:0x00000000 x10=0xffffffec
        7205000	       719	800005a8	9bbf8093	addi	x1,x31,-1605	 x31:0xffffff95  x1=0xfffff950
        7215000	       720	800005ac	40820433	sub	x8,x4,x8	  x4:0xfffff950  x8:0x00000000  x8=0xfffff950
        7225000	       721	800005b0	ffd80813	addi	x16,x16,-3	 x16:0x00000001 x16=0xfffffffe
        7235000	       722	800005b4	83dc84b7	lui	x9,0x83dc8	  x9=0x83dc8000
        7245000	       723	800005b8	00a00113	addi	x2,x0,10	  x0:0x00000000  x2=0x0000000a
        7255000	       724	800005bc	01200a93	addi	x21,x0,18	  x0:0x00000000 x21=0x00000012
        7265000	       725	800005c0	41758333	sub	x6,x11,x23	 x11:0x00000008 x23:0xfffffff3  x6=0x00000015
        7275000	       726	800005c4	fda57e13	andi	x28,x10,-38	 x10:0xffffffec x28=0xffffffc8
        7285000	       727	800005c8	bc85ca13	xori	x20,x11,-1080	 x11:0x00000008 x20=0xfffffbc0
        7295000	       728	800005cc	00aeee33	or	x28,x29,x10	 x29:0xfffffb86 x10:0xffffffec x28=0xffffffee
        7305000	       729	800005d0	00810113	addi	x2,x2,8	  x2:0x0000000a  x2=0x00000012
        7315000	       730	800005d4	ff510ae3	beq	x2,x21,800005c8	  x2:0x00000012 x21:0x00000012
        7325000	       731	00000000	00000013	addi	x0,x0,0	  x0:0x00000000
        7335000	       732	800005c4	00000013	addi	x0,x0,0	  x0:0x00000000
        7345000	       733	800005c8	bc85ca13	xori	x20,x11,-1080	 x11:0x00000008 x20=0xfffffbc0
        7355000	       734	800005cc	00aeee33	or	x28,x29,x10	 x29:0xfffffb86 x10:0xffffffec x28=0xffffffee
        7365000	       735	800005d0	00810113	addi	x2,x2,8	  x2:0x00000012  x2=0x0000001a
        7375000	       736	800005d4	ff510ae3	beq	x2,x21,800005c8	  x2:0x0000001a x21:0x00000012
        7385000	       737	800005d8	2d7b8a13	addi	x20,x23,727	 x23:0xfffffff3 x20=0x000002ca
        7395000	       738	800005dc	018ca433	slt	x8,x25,x24	 x25:0x00000006 x24:0x00000000  x8=0x00000000
        7405000	       739	800005e0	5af96e17	auipc	x28,0x5af96	 x28=0xdaf965dc
        7415000	       740	800005e4	00000013	addi	x0,x0,0	  x0:0x00000000
        7425000	       741	800005e8	00444fb3	xor	x31,x8,x4	  x8:0x00000000  x4:0xfffff950 x31=0xfffff950
        7435000	       742	800005ec	00afda33	srl	x20,x31,x10	 x31:0xfffff950 x10:0xffffffec x20=0x000fffff
        7445000	       743	800005f0	faa85ce3	bge	x16,x10,800005a8	 x16:0xfffffffe x10:0xffffffec
        7455000	       744	00000000	00000013	addi	x0,x0,0	  x0:0x00000000
        7465000	       745	800005a4	00000013	addi	x0,x0,0	  x0:0x00000000
        7475000	       746	800005a8	9bbf8093	addi	x1,x31,-1605	 x31:0xfffff950  x1=0xfffff30b
        7485000	       747	800005ac	40820433	sub	x8,x4,x8	  x4:0xfffff950  x8:0x00000000  x8=0xfffff950
        7495000	       748	800005b0	ffd80813	addi	x16,x16,-3	 x16:0xfffffffe x16=0xfffffffb
        7505000	       749	800005b4	83dc84b7	lui	x9,0x83dc8	  x9=0x83dc8000
        7515000	       750	800005b8	00a00113	addi	x2,x0,10	  x0:0x00000000  x2=0x0000000a
        7525000	       751	800005bc	01200a93	addi	x21,x0,18	  x0:0x00000000 x21=0x00000012
        7535000	       752	800005c0	41758333	sub	x6,x11,x23	 x11:0x00000008 x23:0xfffffff3  x6=0x00000015
        7545000	       753	800005c4	fda57e13	andi	x28,x10,-38	 x10:0xffffffec x28=0xffffffc8
        7555000	       754	800005c8	bc85ca13	xori	x20,x11,-1080	 x11:0x00000008 x20=0xfffffbc0
        7565000	       755	800005cc	00aeee33	or	x28,x29,x10	 x29:0xfffffb86 x10:0xffffffec x28=0xffffffee
        7575000	       756	800005d0	00810113	addi	x2,x2,8	  x2:0x0000000a  x2=0x00000012
        7585000	       757	800005d4	ff510ae3	beq	x2,x21,800005c8	  x2:0x00000012 x21:0x00000012
        7595000	       758	00000000	00000013	addi	x0,x0,0	  x0:0x00000000
        7605000	       759	800005c4	00000013	addi	x0,x0,0	  x0:0x00000000
        7615000	       760	800005c8	bc85ca13	xori	x20,x11,-1080	 x11:0x00000008 x20=0xfffffbc0
        7625000	       761	800005cc	00aeee33	or	x28,x29,x10	 x29:0xfffffb86 x10:0xffffffec x28=0xffffffee
        7635000	       762	800005d0	00810113	addi	x2,x2,8	  x2:0x00000012  x2=0x0000001a
        7645000	       763	800005d4	ff510ae3	beq	x2,x21,800005c8	  x2:0x0000001a x21:0x00000012
        7655000	       764	800005d8	2d7b8a13	addi	x20,x23,727	 x23:0xfffffff3 x20=0x000002ca
        7665000	       765	800005dc	018ca433	slt	x8,x25,x24	 x25:0x00000006 x24:0x00000000  x8=0x00000000
        7675000	       766	800005e0	5af96e17	auipc	x28,0x5af96	 x28=0xdaf965dc
        7685000	       767	800005e4	00000013	addi	x0,x0,0	  x0:0x00000000
        7695000	       768	800005e8	00444fb3	xor	x31,x8,x4	  x8:0x00000000  x4:0xfffff950 x31=0xfffff950
        7705000	       769	800005ec	00afda33	srl	x20,x31,x10	 x31:0xfffff950 x10:0xffffffec x20=0x000fffff
        7715000	       770	800005f0	faa85ce3	bge	x16,x10,800005a8	 x16:0xfffffffb x10:0xffffffec
        7725000	       771	00000000	00000013	addi	x0,x0,0	  x0:0x00000000
        7735000	       772	800005a4	00000013	addi	x0,x0,0	  x0:0x00000000
        7745000	       773	800005a8	9bbf8093	addi	x1,x31,-1605	 x31:0xfffff950  x1=0xfffff30b
        7755000	       774	800005ac	40820433	sub	x8,x4,x8	  x4:0xfffff950  x8:0x00000000  x8=0xfffff950
        7765000	       775	800005b0	ffd80813	addi	x16,x16,-3	 x16:0xfffffffb x16=0xfffffff8
        7775000	       776	800005b4	83dc84b7	lui	x9,0x83dc8	  x9=0x83dc8000
        7785000	       777	800005b8	00a00113	addi	x2,x0,10	  x0:0x00000000  x2=0x0000000a
        7795000	       778	800005bc	01200a93	addi	x21,x0,18	  x0:0x00000000 x21=0x00000012
        7805000	       779	800005c0	41758333	sub	x6,x11,x23	 x11:0x00000008 x23:0xfffffff3  x6=0x00000015
        7815000	       780	800005c4	fda57e13	andi	x28,x10,-38	 x10:0xffffffec x28=0xffffffc8
        7825000	       781	800005c8	bc85ca13	xori	x20,x11,-1080	 x11:0x00000008 x20=0xfffffbc0
        7835000	       782	800005cc	00aeee33	or	x28,x29,x10	 x29:0xfffffb86 x10:0xffffffec x28=0xffffffee
        7845000	       783	800005d0	00810113	addi	x2,x2,8	  x2:0x0000000a  x2=0x00000012
        7855000	       784	800005d4	ff510ae3	beq	x2,x21,800005c8	  x2:0x00000012 x21:0x00000012
        7865000	       785	00000000	00000013	addi	x0,x0,0	  x0:0x00000000
        7875000	       786	800005c4	00000013	addi	x0,x0,0	  x0:0x00000000
        7885000	       787	800005c8	bc85ca13	xori	x20,x11,-1080	 x11:0x00000008 x20=0xfffffbc0
        7895000	       788	800005cc	00aeee33	or	x28,x29,x10	 x29:0xfffffb86 x10:0xffffffec x28=0xffffffee
        7905000	       789	800005d0	00810113	addi	x2,x2,8	  x2:0x00000012  x2=0x0000001a
        7915000	       790	800005d4	ff510ae3	beq	x2,x21,800005c8	  x2:0x0000001a x21:0x00000012
        7925000	       791	800005d8	2d7b8a13	addi	x20,x23,727	 x23:0xfffffff3 x20=0x000002ca
        7935000	       792	800005dc	018ca433	slt	x8,x25,x24	 x25:0x00000006 x24:0x00000000  x8=0x00000000
        7945000	       793	800005e0	5af96e17	auipc	x28,0x5af96	 x28=0xdaf965dc
        7955000	       794	800005e4	00000013	addi	x0,x0,0	  x0:0x00000000
        7965000	       795	800005e8	00444fb3	xor	x31,x8,x4	  x8:0x00000000  x4:0xfffff950 x31=0xfffff950
        7975000	       796	800005ec	00afda33	srl	x20,x31,x10	 x31:0xfffff950 x10:0xffffffec x20=0x000fffff
        7985000	       797	800005f0	faa85ce3	bge	x16,x10,800005a8	 x16:0xfffffff8 x10:0xffffffec
        7995000	       798	00000000	00000013	addi	x0,x0,0	  x0:0x00000000
        8005000	       799	800005a4	00000013	addi	x0,x0,0	  x0:0x00000000
        8015000	       800	800005a8	9bbf8093	addi	x1,x31,-1605	 x31:0xfffff950  x1=0xfffff30b
        8025000	       801	800005ac	40820433	sub	x8,x4,x8	  x4:0xfffff950  x8:0x00000000  x8=0xfffff950
        8035000	       802	800005b0	ffd80813	addi	x16,x16,-3	 x16:0xfffffff8 x16=0xfffffff5
        8045000	       803	800005b4	83dc84b7	lui	x9,0x83dc8	  x9=0x83dc8000
        8055000	       804	800005b8	00a00113	addi	x2,x0,10	  x0:0x00000000  x2=0x0000000a
        8065000	       805	800005bc	01200a93	addi	x21,x0,18	  x0:0x00000000 x21=0x00000012
        8075000	       806	800005c0	41758333	sub	x6,x11,x23	 x11:0x00000008 x23:0xfffffff3  x6=0x00000015
        8085000	       807	800005c4	fda57e13	andi	x28,x10,-38	 x10:0xffffffec x28=0xffffffc8
        8095000	       808	800005c8	bc85ca13	xori	x20,x11,-1080	 x11:0x00000008 x20=0xfffffbc0
        8105000	       809	800005cc	00aeee33	or	x28,x29,x10	 x29:0xfffffb86 x10:0xffffffec x28=0xffffffee
        8115000	       810	800005d0	00810113	addi	x2,x2,8	  x2:0x0000000a  x2=0x00000012
        8125000	       811	800005d4	ff510ae3	beq	x2,x21,800005c8	  x2:0x00000012 x21:0x00000012
        8135000	       812	00000000	00000013	addi	x0,x0,0	  x0:0x00000000
        8145000	       813	800005c4	00000013	addi	x0,x0,0	  x0:0x00000000
        8155000	       814	800005c8	bc85ca13	xori	x20,x11,-1080	 x11:0x00000008 x20=0xfffffbc0
        8165000	       815	800005cc	00aeee33	or	x28,x29,x10	 x29:0xfffffb86 x10:0xffffffec x28=0xffffffee
        8175000	       816	800005d0	00810113	addi	x2,x2,8	  x2:0x00000012  x2=0x0000001a
        8185000	       817	800005d4	ff510ae3	beq	x2,x21,800005c8	  x2:0x0000001a x21:0x00000012
        8195000	       818	800005d8	2d7b8a13	addi	x20,x23,727	 x23:0xfffffff3 x20=0x000002ca
        8205000	       819	800005dc	018ca433	slt	x8,x25,x24	 x25:0x00000006 x24:0x00000000  x8=0x00000000
        8215000	       820	800005e0	5af96e17	auipc	x28,0x5af96	 x28=0xdaf965dc
        8225000	       821	800005e4	00000013	addi	x0,x0,0	  x0:0x00000000
        8235000	       822	800005e8	00444fb3	xor	x31,x8,x4	  x8:0x00000000  x4:0xfffff950 x31=0xfffff950
        8245000	       823	800005ec	00afda33	srl	x20,x31,x10	 x31:0xfffff950 x10:0xffffffec x20=0x000fffff
        8255000	       824	800005f0	faa85ce3	bge	x16,x10,800005a8	 x16:0xfffffff5 x10:0xffffffec
        8265000	       825	00000000	00000013	addi	x0,x0,0	  x0:0x00000000
        8275000	       826	800005a4	00000013	addi	x0,x0,0	  x0:0x00000000
        8285000	       827	800005a8	9bbf8093	addi	x1,x31,-1605	 x31:0xfffff950  x1=0xfffff30b
        8295000	       828	800005ac	40820433	sub	x8,x4,x8	  x4:0xfffff950  x8:0x00000000  x8=0xfffff950
        8305000	       829	800005b0	ffd80813	addi	x16,x16,-3	 x16:0xfffffff5 x16=0xfffffff2
        8315000	       830	800005b4	83dc84b7	lui	x9,0x83dc8	  x9=0x83dc8000
        8325000	       831	800005b8	00a00113	addi	x2,x0,10	  x0:0x00000000  x2=0x0000000a
        8335000	       832	800005bc	01200a93	addi	x21,x0,18	  x0:0x00000000 x21=0x00000012
        8345000	       833	800005c0	41758333	sub	x6,x11,x23	 x11:0x00000008 x23:0xfffffff3  x6=0x00000015
        8355000	       834	800005c4	fda57e13	andi	x28,x10,-38	 x10:0xffffffec x28=0xffffffc8
        8365000	       835	800005c8	bc85ca13	xori	x20,x11,-1080	 x11:0x00000008 x20=0xfffffbc0
        8375000	       836	800005cc	00aeee33	or	x28,x29,x10	 x29:0xfffffb86 x10:0xffffffec x28=0xffffffee
        8385000	       837	800005d0	00810113	addi	x2,x2,8	  x2:0x0000000a  x2=0x00000012
        8395000	       838	800005d4	ff510ae3	beq	x2,x21,800005c8	  x2:0x00000012 x21:0x00000012
        8405000	       839	00000000	00000013	addi	x0,x0,0	  x0:0x00000000
        8415000	       840	800005c4	00000013	addi	x0,x0,0	  x0:0x00000000
        8425000	       841	800005c8	bc85ca13	xori	x20,x11,-1080	 x11:0x00000008 x20=0xfffffbc0
        8435000	       842	800005cc	00aeee33	or	x28,x29,x10	 x29:0xfffffb86 x10:0xffffffec x28=0xffffffee
        8445000	       843	800005d0	00810113	addi	x2,x2,8	  x2:0x00000012  x2=0x0000001a
        8455000	       844	800005d4	ff510ae3	beq	x2,x21,800005c8	  x2:0x0000001a x21:0x00000012
        8465000	       845	800005d8	2d7b8a13	addi	x20,x23,727	 x23:0xfffffff3 x20=0x000002ca
        8475000	       846	800005dc	018ca433	slt	x8,x25,x24	 x25:0x00000006 x24:0x00000000  x8=0x00000000
        8485000	       847	800005e0	5af96e17	auipc	x28,0x5af96	 x28=0xdaf965dc
        8495000	       848	800005e4	00000013	addi	x0,x0,0	  x0:0x00000000
        8505000	       849	800005e8	00444fb3	xor	x31,x8,x4	  x8:0x00000000  x4:0xfffff950 x31=0xfffff950
        8515000	       850	800005ec	00afda33	srl	x20,x31,x10	 x31:0xfffff950 x10:0xffffffec x20=0x000fffff
        8525000	       851	800005f0	faa85ce3	bge	x16,x10,800005a8	 x16:0xfffffff2 x10:0xffffffec
        8535000	       852	00000000	00000013	addi	x0,x0,0	  x0:0x00000000
        8545000	       853	800005a4	00000013	addi	x0,x0,0	  x0:0x00000000
        8555000	       854	800005a8	9bbf8093	addi	x1,x31,-1605	 x31:0xfffff950  x1=0xfffff30b
        8565000	       855	800005ac	40820433	sub	x8,x4,x8	  x4:0xfffff950  x8:0x00000000  x8=0xfffff950
        8575000	       856	800005b0	ffd80813	addi	x16,x16,-3	 x16:0xfffffff2 x16=0xffffffef
        8585000	       857	800005b4	83dc84b7	lui	x9,0x83dc8	  x9=0x83dc8000
        8595000	       858	800005b8	00a00113	addi	x2,x0,10	  x0:0x00000000  x2=0x0000000a
        8605000	       859	800005bc	01200a93	addi	x21,x0,18	  x0:0x00000000 x21=0x00000012
        8615000	       860	800005c0	41758333	sub	x6,x11,x23	 x11:0x00000008 x23:0xfffffff3  x6=0x00000015
        8625000	       861	800005c4	fda57e13	andi	x28,x10,-38	 x10:0xffffffec x28=0xffffffc8
        8635000	       862	800005c8	bc85ca13	xori	x20,x11,-1080	 x11:0x00000008 x20=0xfffffbc0
        8645000	       863	800005cc	00aeee33	or	x28,x29,x10	 x29:0xfffffb86 x10:0xffffffec x28=0xffffffee
        8655000	       864	800005d0	00810113	addi	x2,x2,8	  x2:0x0000000a  x2=0x00000012
        8665000	       865	800005d4	ff510ae3	beq	x2,x21,800005c8	  x2:0x00000012 x21:0x00000012
        8675000	       866	00000000	00000013	addi	x0,x0,0	  x0:0x00000000
        8685000	       867	800005c4	00000013	addi	x0,x0,0	  x0:0x00000000
        8695000	       868	800005c8	bc85ca13	xori	x20,x11,-1080	 x11:0x00000008 x20=0xfffffbc0
        8705000	       869	800005cc	00aeee33	or	x28,x29,x10	 x29:0xfffffb86 x10:0xffffffec x28=0xffffffee
        8715000	       870	800005d0	00810113	addi	x2,x2,8	  x2:0x00000012  x2=0x0000001a
        8725000	       871	800005d4	ff510ae3	beq	x2,x21,800005c8	  x2:0x0000001a x21:0x00000012
        8735000	       872	800005d8	2d7b8a13	addi	x20,x23,727	 x23:0xfffffff3 x20=0x000002ca
        8745000	       873	800005dc	018ca433	slt	x8,x25,x24	 x25:0x00000006 x24:0x00000000  x8=0x00000000
        8755000	       874	800005e0	5af96e17	auipc	x28,0x5af96	 x28=0xdaf965dc
        8765000	       875	800005e4	00000013	addi	x0,x0,0	  x0:0x00000000
        8775000	       876	800005e8	00444fb3	xor	x31,x8,x4	  x8:0x00000000  x4:0xfffff950 x31=0xfffff950
        8785000	       877	800005ec	00afda33	srl	x20,x31,x10	 x31:0xfffff950 x10:0xffffffec x20=0x000fffff
        8795000	       878	800005f0	faa85ce3	bge	x16,x10,800005a8	 x16:0xffffffef x10:0xffffffec
        8805000	       879	00000000	00000013	addi	x0,x0,0	  x0:0x00000000
        8815000	       880	800005a4	00000013	addi	x0,x0,0	  x0:0x00000000
        8825000	       881	800005a8	9bbf8093	addi	x1,x31,-1605	 x31:0xfffff950  x1=0xfffff30b
        8835000	       882	800005ac	40820433	sub	x8,x4,x8	  x4:0xfffff950  x8:0x00000000  x8=0xfffff950
        8845000	       883	800005b0	ffd80813	addi	x16,x16,-3	 x16:0xffffffef x16=0xffffffec
        8855000	       884	800005b4	83dc84b7	lui	x9,0x83dc8	  x9=0x83dc8000
        8865000	       885	800005b8	00a00113	addi	x2,x0,10	  x0:0x00000000  x2=0x0000000a
        8875000	       886	800005bc	01200a93	addi	x21,x0,18	  x0:0x00000000 x21=0x00000012
        8885000	       887	800005c0	41758333	sub	x6,x11,x23	 x11:0x00000008 x23:0xfffffff3  x6=0x00000015
        8895000	       888	800005c4	fda57e13	andi	x28,x10,-38	 x10:0xffffffec x28=0xffffffc8
        8905000	       889	800005c8	bc85ca13	xori	x20,x11,-1080	 x11:0x00000008 x20=0xfffffbc0
        8915000	       890	800005cc	00aeee33	or	x28,x29,x10	 x29:0xfffffb86 x10:0xffffffec x28=0xffffffee
        8925000	       891	800005d0	00810113	addi	x2,x2,8	  x2:0x0000000a  x2=0x00000012
        8935000	       892	800005d4	ff510ae3	beq	x2,x21,800005c8	  x2:0x00000012 x21:0x00000012
        8945000	       893	00000000	00000013	addi	x0,x0,0	  x0:0x00000000
        8955000	       894	800005c4	00000013	addi	x0,x0,0	  x0:0x00000000
        8965000	       895	800005c8	bc85ca13	xori	x20,x11,-1080	 x11:0x00000008 x20=0xfffffbc0
        8975000	       896	800005cc	00aeee33	or	x28,x29,x10	 x29:0xfffffb86 x10:0xffffffec x28=0xffffffee
        8985000	       897	800005d0	00810113	addi	x2,x2,8	  x2:0x00000012  x2=0x0000001a
        8995000	       898	800005d4	ff510ae3	beq	x2,x21,800005c8	  x2:0x0000001a x21:0x00000012
        9005000	       899	800005d8	2d7b8a13	addi	x20,x23,727	 x23:0xfffffff3 x20=0x000002ca
        9015000	       900	800005dc	018ca433	slt	x8,x25,x24	 x25:0x00000006 x24:0x00000000  x8=0x00000000
        9025000	       901	800005e0	5af96e17	auipc	x28,0x5af96	 x28=0xdaf965dc
        9035000	       902	800005e4	00000013	addi	x0,x0,0	  x0:0x00000000
        9045000	       903	800005e8	00444fb3	xor	x31,x8,x4	  x8:0x00000000  x4:0xfffff950 x31=0xfffff950
        9055000	       904	800005ec	00afda33	srl	x20,x31,x10	 x31:0xfffff950 x10:0xffffffec x20=0x000fffff
        9065000	       905	800005f0	faa85ce3	bge	x16,x10,800005a8	 x16:0xffffffec x10:0xffffffec
        9075000	       906	00000000	00000013	addi	x0,x0,0	  x0:0x00000000
        9085000	       907	800005a4	00000013	addi	x0,x0,0	  x0:0x00000000
        9095000	       908	800005a8	9bbf8093	addi	x1,x31,-1605	 x31:0xfffff950  x1=0xfffff30b
        9105000	       909	800005ac	40820433	sub	x8,x4,x8	  x4:0xfffff950  x8:0x00000000  x8=0xfffff950
        9115000	       910	800005b0	ffd80813	addi	x16,x16,-3	 x16:0xffffffec x16=0xffffffe9
        9125000	       911	800005b4	83dc84b7	lui	x9,0x83dc8	  x9=0x83dc8000
        9135000	       912	800005b8	00a00113	addi	x2,x0,10	  x0:0x00000000  x2=0x0000000a
        9145000	       913	800005bc	01200a93	addi	x21,x0,18	  x0:0x00000000 x21=0x00000012
        9155000	       914	800005c0	41758333	sub	x6,x11,x23	 x11:0x00000008 x23:0xfffffff3  x6=0x00000015
        9165000	       915	800005c4	fda57e13	andi	x28,x10,-38	 x10:0xffffffec x28=0xffffffc8
        9175000	       916	800005c8	bc85ca13	xori	x20,x11,-1080	 x11:0x00000008 x20=0xfffffbc0
        9185000	       917	800005cc	00aeee33	or	x28,x29,x10	 x29:0xfffffb86 x10:0xffffffec x28=0xffffffee
        9195000	       918	800005d0	00810113	addi	x2,x2,8	  x2:0x0000000a  x2=0x00000012
        9205000	       919	800005d4	ff510ae3	beq	x2,x21,800005c8	  x2:0x00000012 x21:0x00000012
        9215000	       920	00000000	00000013	addi	x0,x0,0	  x0:0x00000000
        9225000	       921	800005c4	00000013	addi	x0,x0,0	  x0:0x00000000
        9235000	       922	800005c8	bc85ca13	xori	x20,x11,-1080	 x11:0x00000008 x20=0xfffffbc0
        9245000	       923	800005cc	00aeee33	or	x28,x29,x10	 x29:0xfffffb86 x10:0xffffffec x28=0xffffffee
        9255000	       924	800005d0	00810113	addi	x2,x2,8	  x2:0x00000012  x2=0x0000001a
        9265000	       925	800005d4	ff510ae3	beq	x2,x21,800005c8	  x2:0x0000001a x21:0x00000012
        9275000	       926	800005d8	2d7b8a13	addi	x20,x23,727	 x23:0xfffffff3 x20=0x000002ca
        9285000	       927	800005dc	018ca433	slt	x8,x25,x24	 x25:0x00000006 x24:0x00000000  x8=0x00000000
        9295000	       928	800005e0	5af96e17	auipc	x28,0x5af96	 x28=0xdaf965dc
        9305000	       929	800005e4	00000013	addi	x0,x0,0	  x0:0x00000000
        9315000	       930	800005e8	00444fb3	xor	x31,x8,x4	  x8:0x00000000  x4:0xfffff950 x31=0xfffff950
        9325000	       931	800005ec	00afda33	srl	x20,x31,x10	 x31:0xfffff950 x10:0xffffffec x20=0x000fffff
        9335000	       932	800005f0	faa85ce3	bge	x16,x10,800005a8	 x16:0xffffffe9 x10:0xffffffec
        9345000	       933	800005f4	df4b7413	andi	x8,x22,-524	 x22:0x00000709  x8=0x00000500
        9355000	       934	800005f8	ffe00693	addi	x13,x0,-2	  x0:0x00000000 x13=0xfffffffe
        9365000	       935	800005fc	00affb33	and	x22,x31,x10	 x31:0xfffff950 x10:0xffffffec x22=0xfffff940
        9375000	       936	80000600	416855b3	sra	x11,x16,x22	 x16:0xffffffe9 x22:0xfffff940 x11=0xffffffe9
        9385000	       937	80000604	00b82033	slt	x0,x16,x11	 x16:0xffffffe9 x11:0xffffffe9
        9395000	       938	80000608	00000013	addi	x0,x0,0	  x0:0x00000000
        9405000	       939	8000060c	00b00d13	addi	x26,x0,11	  x0:0x00000000 x26=0x0000000b
        9415000	       940	80000610	6f834e93	xori	x29,x6,1784	  x6:0x00000015 x29=0x000006ed
        9425000	       941	80000614	c582a2b7	lui	x5,0xc582a	  x5=0xc582a000
        9435000	       942	80000618	00668693	addi	x13,x13,6	 x13:0xfffffffe x13=0x00000004
        9445000	       943	8000061c	01a3a1b3	slt	x3,x7,x26	  x7:0x00000a00 x26:0x0000000b  x3=0x00000000
        9455000	       944	80000620	40d4dc33	sra	x24,x9,x13	  x9:0x83dc8000 x13:0x00000004 x24=0xf83dc800
        9465000	       945	80000624	011f2433	slt	x8,x30,x17	 x30:0x80009f84 x17:0xfffff951  x8=0x00000001
        9475000	       946	80000628	ba98a513	slti	x10,x17,-1111	 x17:0xfffff951 x10=0x00000001
        9485000	       947	8000062c	41aa5db3	sra	x27,x20,x26	 x20:0x000fffff x26:0x0000000b x27=0x000001ff
        9495000	       948	80000630	019973b3	and	x7,x18,x25	 x18:0x00000003 x25:0x00000006  x7=0x00000002
        9505000	       949	80000634	ff900893	addi	x17,x0,-7	  x0:0x00000000 x17=0xfffffff9
        9515000	       950	80000638	00186f33	or	x30,x16,x1	 x16:0xffffffe9  x1:0xfffff30b x30=0xffffffeb
        9525000	       951	8000063c	00d00213	addi	x4,x0,13	  x0:0x00000000  x4=0x0000000d
        9535000	       952	80000640	00f9ee33	or	x28,x19,x15	 x19:0x0000000e x15:0x80009fc4 x28=0x80009fce
        9545000	       953	80000644	40ef8433	sub	x8,x31,x14	 x31:0xfffff950 x14:0xffffffd6  x8=0xfffff97a
        9555000	       954	80000648	00fc2c33	slt	x24,x24,x15	 x24:0xf83dc800 x15:0x80009fc4 x24=0x00000000
        9565000	       955	8000064c	013d3833	sltu	x16,x26,x19	 x26:0x0000000b x19:0x0000000e x16=0x00000001
        9575000	       956	80000650	0063d733	srl	x14,x7,x6	  x7:0x00000002  x6:0x00000015 x14=0x00000000
        9585000	       957	80000654	41d000b3	sub	x1,x0,x29	  x0:0x00000000 x29:0x000006ed  x1=0xfffff913
        9595000	       958	80000658	00488893	addi	x17,x17,4	 x17:0xfffffff9 x17=0xfffffffd
        9605000	       959	8000065c	b5bcfa93	andi	x21,x25,-1189	 x25:0x00000006 x21=0x00000002
        9615000	       960	80000660	fe488ae3	beq	x17,x4,80000654	 x17:0xfffffffd  x4:0x0000000d
        9625000	       961	80000664	01a58eb3	add	x29,x11,x26	 x11:0xffffffe9 x26:0x0000000b x29=0xfffffff4
        9635000	       962	80000668	0008d813	srli	x16,x17,0x0	 x17:0xfffffffd x16=0xfffffffd
        9645000	       963	8000066c	fba6e2e3	bltu	x13,x26,80000610	 x13:0x00000004 x26:0x0000000b
        9655000	       964	00000000	00000013	addi	x0,x0,0	  x0:0x00000000
        9665000	       965	8000060c	00000013	addi	x0,x0,0	  x0:0x00000000
        9675000	       966	80000610	6f834e93	xori	x29,x6,1784	  x6:0x00000015 x29=0x000006ed
        9685000	       967	80000614	c582a2b7	lui	x5,0xc582a	  x5=0xc582a000
        9695000	       968	80000618	00668693	addi	x13,x13,6	 x13:0x00000004 x13=0x0000000a
        9705000	       969	8000061c	01a3a1b3	slt	x3,x7,x26	  x7:0x00000002 x26:0x0000000b  x3=0x00000001
        9715000	       970	80000620	40d4dc33	sra	x24,x9,x13	  x9:0x83dc8000 x13:0x0000000a x24=0xffe0f720
        9725000	       971	80000624	011f2433	slt	x8,x30,x17	 x30:0xffffffeb x17:0xfffffffd  x8=0x00000001
        9735000	       972	80000628	ba98a513	slti	x10,x17,-1111	 x17:0xfffffffd x10=0x00000000
        9745000	       973	8000062c	41aa5db3	sra	x27,x20,x26	 x20:0x000fffff x26:0x0000000b x27=0x000001ff
        9755000	       974	80000630	019973b3	and	x7,x18,x25	 x18:0x00000003 x25:0x00000006  x7=0x00000002
        9765000	       975	80000634	ff900893	addi	x17,x0,-7	  x0:0x00000000 x17=0xfffffff9
        9775000	       976	80000638	00186f33	or	x30,x16,x1	 x16:0xfffffffd  x1:0xfffff913 x30=0xffffffff
        9785000	       977	8000063c	00d00213	addi	x4,x0,13	  x0:0x00000000  x4=0x0000000d
        9795000	       978	80000640	00f9ee33	or	x28,x19,x15	 x19:0x0000000e x15:0x80009fc4 x28=0x80009fce
        9805000	       979	80000644	40ef8433	sub	x8,x31,x14	 x31:0xfffff950 x14:0x00000000  x8=0xfffff950
        9815000	       980	80000648	00fc2c33	slt	x24,x24,x15	 x24:0xffe0f720 x15:0x80009fc4 x24=0x00000000
        9825000	       981	8000064c	013d3833	sltu	x16,x26,x19	 x26:0x0000000b x19:0x0000000e x16=0x00000001
        9835000	       982	80000650	0063d733	srl	x14,x7,x6	  x7:0x00000002  x6:0x00000015 x14=0x00000000
        9845000	       983	80000654	41d000b3	sub	x1,x0,x29	  x0:0x00000000 x29:0x000006ed  x1=0xfffff913
        9855000	       984	80000658	00488893	addi	x17,x17,4	 x17:0xfffffff9 x17=0xfffffffd
        9865000	       985	8000065c	b5bcfa93	andi	x21,x25,-1189	 x25:0x00000006 x21=0x00000002
        9875000	       986	80000660	fe488ae3	beq	x17,x4,80000654	 x17:0xfffffffd  x4:0x0000000d
        9885000	       987	80000664	01a58eb3	add	x29,x11,x26	 x11:0xffffffe9 x26:0x0000000b x29=0xfffffff4
        9895000	       988	80000668	0008d813	srli	x16,x17,0x0	 x17:0xfffffffd x16=0xfffffffd
        9905000	       989	8000066c	fba6e2e3	bltu	x13,x26,80000610	 x13:0x0000000a x26:0x0000000b
        9915000	       990	00000000	00000013	addi	x0,x0,0	  x0:0x00000000
        9925000	       991	8000060c	00000013	addi	x0,x0,0	  x0:0x00000000
        9935000	       992	80000610	6f834e93	xori	x29,x6,1784	  x6:0x00000015 x29=0x000006ed
        9945000	       993	80000614	c582a2b7	lui	x5,0xc582a	  x5=0xc582a000
        9955000	       994	80000618	00668693	addi	x13,x13,6	 x13:0x0000000a x13=0x00000010
        9965000	       995	8000061c	01a3a1b3	slt	x3,x7,x26	  x7:0x00000002 x26:0x0000000b  x3=0x00000001
        9975000	       996	80000620	40d4dc33	sra	x24,x9,x13	  x9:0x83dc8000 x13:0x00000010 x24=0xffff83dc
        9985000	       997	80000624	011f2433	slt	x8,x30,x17	 x30:0xffffffff x17:0xfffffffd  x8=0x00000000
        9995000	       998	80000628	ba98a513	slti	x10,x17,-1111	 x17:0xfffffffd x10=0x00000000
       10005000	       999	8000062c	41aa5db3	sra	x27,x20,x26	 x20:0x000fffff x26:0x0000000b x27=0x000001ff
       10015000	      1000	80000630	019973b3	and	x7,x18,x25	 x18:0x00000003 x25:0x00000006  x7=0x00000002
       10025000	      1001	80000634	ff900893	addi	x17,x0,-7	  x0:0x00000000 x17=0xfffffff9
       10035000	      1002	80000638	00186f33	or	x30,x16,x1	 x16:0xfffffffd  x1:0xfffff913 x30=0xffffffff
       10045000	      1003	8000063c	00d00213	addi	x4,x0,13	  x0:0x00000000  x4=0x0000000d
       10055000	      1004	80000640	00f9ee33	or	x28,x19,x15	 x19:0x0000000e x15:0x80009fc4 x28=0x80009fce
       10065000	      1005	80000644	40ef8433	sub	x8,x31,x14	 x31:0xfffff950 x14:0x00000000  x8=0xfffff950
       10075000	      1006	80000648	00fc2c33	slt	x24,x24,x15	 x24:0xffff83dc x15:0x80009fc4 x24=0x00000000
       10085000	      1007	8000064c	013d3833	sltu	x16,x26,x19	 x26:0x0000000b x19:0x0000000e x16=0x00000001
       10095000	      1008	80000650	0063d733	srl	x14,x7,x6	  x7:0x00000002  x6:0x00000015 x14=0x00000000
       10105000	      1009	80000654	41d000b3	sub	x1,x0,x29	  x0:0x00000000 x29:0x000006ed  x1=0xfffff913
       10115000	      1010	80000658	00488893	addi	x17,x17,4	 x17:0xfffffff9 x17=0xfffffffd
       10125000	      1011	8000065c	b5bcfa93	andi	x21,x25,-1189	 x25:0x00000006 x21=0x00000002
       10135000	      1012	80000660	fe488ae3	beq	x17,x4,80000654	 x17:0xfffffffd  x4:0x0000000d
       10145000	      1013	80000664	01a58eb3	add	x29,x11,x26	 x11:0xffffffe9 x26:0x0000000b x29=0xfffffff4
       10155000	      1014	80000668	0008d813	srli	x16,x17,0x0	 x17:0xfffffffd x16=0xfffffffd
       10165000	      1015	8000066c	fba6e2e3	bltu	x13,x26,80000610	 x13:0x00000010 x26:0x0000000b
       10175000	      1016	80000670	01d3d193	srli	x3,x7,0x1d	  x7:0x00000002  x3=0x00000000
       10185000	      1017	80000674	00a00a13	addi	x20,x0,10	  x0:0x00000000 x20=0x0000000a
       10195000	      1018	80000678	017dae33	slt	x28,x27,x23	 x27:0x000001ff x23:0xfffffff3 x28=0x00000000
       10205000	      1019	8000067c	00393e33	sltu	x28,x18,x3	 x18:0x00000003  x3:0x00000000 x28=0x00000000
       10215000	      1020	80000680	6ce5fb13	andi	x22,x11,1742	 x11:0xffffffe9 x22=0x000006c8
       10225000	      1021	80000684	19bbb093	sltiu	x1,x23,411	 x23:0xfffffff3  x1=0x00000000
       10235000	      1022	80000688	0117dbb3	srl	x23,x15,x17	 x15:0x80009fc4 x17:0xfffffffd x23=0x00000004
       10245000	      1023	8000068c	0010fb33	and	x22,x1,x1	  x1:0x00000000  x1:0x00000000 x22=0x00000000
       10255000	      1024	80000690	00a00713	addi	x14,x0,10	  x0:0x00000000 x14=0x0000000a
       10265000	      1025	80000694	bf3cb393	sltiu	x7,x25,-1037	 x25:0x00000006  x7=0x00000001
       10275000	      1026	80000698	12e3a693	slti	x13,x7,302	  x7:0x00000001 x13=0x00000001
       10285000	      1027	8000069c	413658b3	sra	x17,x12,x19	 x12:0x80009f84 x19:0x0000000e x17=0xfffe0002
       10295000	      1028	800006a0	ff8a0a13	addi	x20,x20,-8	 x20:0x0000000a x20=0x00000002
       10305000	      1029	800006a4	00c46533	or	x10,x8,x12	  x8:0xfffff950 x12:0x80009f84 x10=0xffffffd4
       10315000	      1030	800006a8	656b7cb7	lui	x25,0x656b7	 x25=0x656b7000
       10325000	      1031	800006ac	404c83b3	sub	x7,x25,x4	 x25:0x656b7000  x4:0x0000000d  x7=0x656b6ff3
       10335000	      1032	800006b0	1d3c0f93	addi	x31,x24,467	 x24:0x00000000 x31=0x000001d3
       10345000	      1033	800006b4	08d04c13	xori	x24,x0,141	  x0:0x00000000 x24=0x0000008d
       10355000	      1034	800006b8	01867033	and	x0,x12,x24	 x12:0x80009f84 x24:0x0000008d
       10365000	      1035	800006bc	01aadfb3	srl	x31,x21,x26	 x21:0x00000002 x26:0x0000000b x31=0x00000000
       10375000	      1036	800006c0	4b9f7013	andi	x0,x30,1209	 x30:0xffffffff
       10385000	      1037	800006c4	01c46e33	or	x28,x8,x28	  x8:0xfffff950 x28:0x00000000 x28=0xfffff950
       10395000	      1038	800006c8	01aaad33	slt	x26,x21,x26	 x21:0x00000002 x26:0x0000000b x26=0x00000001
       10405000	      1039	800006cc	01494cb3	xor	x25,x18,x20	 x18:0x00000003 x20:0x00000002 x25=0x00000001
       10415000	      1040	800006d0	fcea74e3	bgeu	x20,x14,80000698	 x20:0x00000002 x14:0x0000000a
       10425000	      1041	800006d4	45bd5197	auipc	x3,0x45bd5	  x3=0xc5bd56d0
       10435000	      1042	800006d8	00300c13	addi	x24,x0,3	  x0:0x00000000 x24=0x00000003
       10445000	      1043	800006dc	01400713	addi	x14,x0,20	  x0:0x00000000 x14=0x00000014
       10455000	      1044	800006e0	00da4cb3	xor	x25,x20,x13	 x20:0x00000002 x13:0x00000001 x25=0x00000003
       10465000	      1045	800006e4	007c0c13	addi	x24,x24,7	 x24:0x00000003 x24=0x0000000a
       10475000	      1046	800006e8	403b0cb3	sub	x25,x22,x3	 x22:0x00000000  x3:0xc5bd56d0 x25=0x3a42a930
       10485000	      1047	800006ec	feec4ae3	blt	x24,x14,800006e0	 x24:0x0000000a x14:0x00000014
       10495000	      1048	00000000	00000013	addi	x0,x0,0	  x0:0x00000000
       10505000	      1049	800006dc	00000013	addi	x0,x0,0	  x0:0x00000000
       10515000	      1050	800006e0	00da4cb3	xor	x25,x20,x13	 x20:0x00000002 x13:0x00000001 x25=0x00000003
       10525000	      1051	800006e4	007c0c13	addi	x24,x24,7	 x24:0x0000000a x24=0x00000011
       10535000	      1052	800006e8	403b0cb3	sub	x25,x22,x3	 x22:0x00000000  x3:0xc5bd56d0 x25=0x3a42a930
       10545000	      1053	800006ec	feec4ae3	blt	x24,x14,800006e0	 x24:0x00000011 x14:0x00000014
       10555000	      1054	00000000	00000013	addi	x0,x0,0	  x0:0x00000000
       10565000	      1055	800006dc	00000013	addi	x0,x0,0	  x0:0x00000000
       10575000	      1056	800006e0	00da4cb3	xor	x25,x20,x13	 x20:0x00000002 x13:0x00000001 x25=0x00000003
       10585000	      1057	800006e4	007c0c13	addi	x24,x24,7	 x24:0x00000011 x24=0x00000018
       10595000	      1058	800006e8	403b0cb3	sub	x25,x22,x3	 x22:0x00000000  x3:0xc5bd56d0 x25=0x3a42a930
       10605000	      1059	800006ec	feec4ae3	blt	x24,x14,800006e0	 x24:0x00000018 x14:0x00000014
       10615000	      1060	800006f0	00a08b33	add	x22,x1,x10	  x1:0x00000000 x10:0xffffffd4 x22=0xffffffd4
       10625000	      1061	800006f4	00200b93	addi	x23,x0,2	  x0:0x00000000 x23=0x00000002
       10635000	      1062	800006f8	00f28a33	add	x20,x5,x15	  x5:0xc582a000 x15:0x80009fc4 x20=0x45833fc4
       10645000	      1063	800006fc	01c02233	slt	x4,x0,x28	  x0:0x00000000 x28:0xfffff950  x4=0x00000000
       10655000	      1064	80000700	00200713	addi	x14,x0,2	  x0:0x00000000 x14=0x00000002
       10665000	      1065	80000704	00c9e2b3	or	x5,x19,x12	 x19:0x0000000e x12:0x80009f84  x5=0x80009f8e
       10675000	      1066	80000708	0088c1b3	xor	x3,x17,x8	 x17:0xfffe0002  x8:0xfffff950  x3=0x0001f952
       10685000	      1067	8000070c	00f71e13	slli	x28,x14,0xf	 x14:0x00000002 x28=0x00010000
       10695000	      1068	80000710	02d1e413	ori	x8,x3,45	  x3:0x0001f952  x8=0x0001f97f
       10705000	      1069	80000714	e820a913	slti	x18,x1,-382	  x1:0x00000000 x18=0x00000000
       10715000	      1070	80000718	869e7d93	andi	x27,x28,-1943	 x28:0x00010000 x27=0x00010000
       10725000	      1071	8000071c	fffb8b93	addi	x23,x23,-1	 x23:0x00000002 x23=0x00000001
       10735000	      1072	80000720	0150af33	slt	x30,x1,x21	  x1:0x00000000 x21:0x00000002 x30=0x00000001
       10745000	      1073	80000724	365eed93	ori	x27,x29,869	 x29:0xfffffff4 x27=0xfffffff5
       10755000	      1074	80000728	01975593	srli	x11,x14,0x19	 x14:0x00000002 x11=0x00000000
       10765000	      1075	8000072c	8d1d3c13	sltiu	x24,x26,-1839	 x26:0x00000001 x24=0x00000001
       10775000	      1076	80000730	7b6c7a93	andi	x21,x24,1974	 x24:0x00000001 x21=0x00000000
       10785000	      1077	80000734	2955c513	xori	x10,x11,661	 x11:0x00000000 x10=0x00000295
       10795000	      1078	80000738	b2ad3fb7	lui	x31,0xb2ad3	 x31=0xb2ad3000
       10805000	      1079	8000073c	2c2a8a13	addi	x20,x21,706	 x21:0x00000000 x20=0x000002c2
       10815000	      1080	80000740	401d5433	sra	x8,x26,x1	 x26:0x00000001  x1:0x00000000  x8=0x00000001
       10825000	      1081	80000744	41930b33	sub	x22,x6,x25	  x6:0x00000015 x25:0x3a42a930 x22=0xc5bd56e5
       10835000	      1082	80000748	faebfee3	bgeu	x23,x14,80000704	 x23:0x00000001 x14:0x00000002
       10845000	      1083	8000074c	69b12a13	slti	x20,x2,1691	  x2:0x0000001a x20=0x00000001
       10855000	      1084	80000750	ff900493	addi	x9,x0,-7	  x0:0x00000000  x9=0xfffffff9
       10865000	      1085	80000754	002e9e33	sll	x28,x29,x2	 x29:0xfffffff4  x2:0x0000001a x28=0xd0000000
       10875000	      1086	80000758	ecdfe1b7	lui	x3,0xecdfe	  x3=0xecdfe000
       10885000	      1087	8000075c	fec00893	addi	x17,x0,-20	  x0:0x00000000 x17=0xffffffec
       10895000	      1088	80000760	00000013	addi	x0,x0,0	  x0:0x00000000
       10905000	      1089	80000764	9881f193	andi	x3,x3,-1656	  x3:0xecdfe000  x3=0xecdfe000
       10915000	      1090	80000768	ff648493	addi	x9,x9,-10	  x9:0xfffffff9  x9=0xffffffef
       10925000	      1091	8000076c	015050b3	srl	x1,x0,x21	  x0:0x00000000 x21:0x00000000  x1=0x00000000
       10935000	      1092	80000770	0092aa33	slt	x20,x5,x9	  x5:0x80009f8e  x9:0xffffffef x20=0x00000001
       10945000	      1093	80000774	5f018917	auipc	x18,0x5f018	 x18=0xdf018770
       10955000	      1094	80000778	a57af593	andi	x11,x21,-1449	 x21:0x00000000 x11=0x00000000
       10965000	      1095	8000077c	00000013	addi	x0,x0,0	  x0:0x00000000
       10975000	      1096	80000780	01caa2b3	slt	x5,x21,x28	 x21:0x00000000 x28:0xd0000000  x5=0x00000000
       10985000	      1097	80000784	00800393	addi	x7,x0,8	  x0:0x00000000  x7=0x00000008
       10995000	      1098	80000788	ff700d93	addi	x27,x0,-9	  x0:0x00000000 x27=0xfffffff7
       11005000	      1099	8000078c	001b20b3	slt	x1,x22,x1	 x22:0xc5bd56e5  x1:0x00000000  x1=0x00000001
       11015000	      1100	80000790	ca72a813	slti	x16,x5,-857	  x5:0x00000000 x16=0x00000000
       11025000	      1101	80000794	016bda13	srli	x20,x23,0x16	 x23:0x00000001 x20=0x00000000
       11035000	      1102	80000798	901aa597	auipc	x11,0x901aa	 x11=0x101aa794
       11045000	      1103	8000079c	f8357013	andi	x0,x10,-125	 x10:0x00000295
       11055000	      1104	800007a0	01fde5b3	or	x11,x27,x31	 x27:0xfffffff7 x31:0xb2ad3000 x11=0xfffffff7
       11065000	      1105	800007a4	ff738393	addi	x7,x7,-9	  x7:0x00000008  x7=0xffffffff
       11075000	      1106	800007a8	631d8a13	addi	x20,x27,1585	 x27:0xfffffff7 x20=0x00000628
       11085000	      1107	800007ac	556ccc93	xori	x25,x25,1366	 x25:0x3a42a930 x25=0x3a42ac66
       11095000	      1108	800007b0	01b16cb3	or	x25,x2,x27	  x2:0x0000001a x27:0xfffffff7 x25=0xffffffff
       11105000	      1109	800007b4	39fc2c13	slti	x24,x24,927	 x24:0x00000001 x24=0x00000001
       11115000	      1110	800007b8	ffb3d2e3	bge	x7,x27,8000079c	  x7:0xffffffff x27:0xfffffff7
       11125000	      1111	00000000	00000013	addi	x0,x0,0	  x0:0x00000000
       11135000	      1112	80000798	00000013	addi	x0,x0,0	  x0:0x00000000
       11145000	      1113	8000079c	f8357013	andi	x0,x10,-125	 x10:0x00000295
       11155000	      1114	800007a0	01fde5b3	or	x11,x27,x31	 x27:0xfffffff7 x31:0xb2ad3000 x11=0xfffffff7
       11165000	      1115	800007a4	ff738393	addi	x7,x7,-9	  x7:0xffffffff  x7=0xfffffff6
       11175000	      1116	800007a8	631d8a13	addi	x20,x27,1585	 x27:0xfffffff7 x20=0x00000628
       11185000	      1117	800007ac	556ccc93	xori	x25,x25,1366	 x25:0xffffffff x25=0xfffffaa9
       11195000	      1118	800007b0	01b16cb3	or	x25,x2,x27	  x2:0x0000001a x27:0xfffffff7 x25=0xffffffff
       11205000	      1119	800007b4	39fc2c13	slti	x24,x24,927	 x24:0x00000001 x24=0x00000001
       11215000	      1120	800007b8	ffb3d2e3	bge	x7,x27,8000079c	  x7:0xfffffff6 x27:0xfffffff7
       11225000	      1121	800007bc	012a50b3	srl	x1,x20,x18	 x20:0x00000628 x18:0xdf018770  x1=0x00000000
       11235000	      1122	800007c0	fb14d2e3	bge	x9,x17,80000764	  x9:0xffffffef x17:0xffffffec
       11245000	      1123	00000000	00000013	addi	x0,x0,0	  x0:0x00000000
       11255000	      1124	80000760	00000013	addi	x0,x0,0	  x0:0x00000000
       11265000	      1125	80000764	9881f193	andi	x3,x3,-1656	  x3:0xecdfe000  x3=0xecdfe000
       11275000	      1126	80000768	ff648493	addi	x9,x9,-10	  x9:0xffffffef  x9=0xffffffe5
       11285000	      1127	8000076c	015050b3	srl	x1,x0,x21	  x0:0x00000000 x21:0x00000000  x1=0x00000000
       11295000	      1128	80000770	0092aa33	slt	x20,x5,x9	  x5:0x00000000  x9:0xffffffe5 x20=0x00000000
       11305000	      1129	80000774	5f018917	auipc	x18,0x5f018	 x18=0xdf018770
       11315000	      1130	80000778	a57af593	andi	x11,x21,-1449	 x21:0x00000000 x11=0x00000000
       11325000	      1131	8000077c	00000013	addi	x0,x0,0	  x0:0x00000000
       11335000	      1132	80000780	01caa2b3	slt	x5,x21,x28	 x21:0x00000000 x28:0xd0000000  x5=0x00000000
       11345000	      1133	80000784	00800393	addi	x7,x0,8	  x0:0x00000000  x7=0x00000008
       11355000	      1134	80000788	ff700d93	addi	x27,x0,-9	  x0:0x00000000 x27=0xfffffff7
       11365000	      1135	8000078c	001b20b3	slt	x1,x22,x1	 x22:0xc5bd56e5  x1:0x00000000  x1=0x00000001
       11375000	      1136	80000790	ca72a813	slti	x16,x5,-857	  x5:0x00000000 x16=0x00000000
       11385000	      1137	80000794	016bda13	srli	x20,x23,0x16	 x23:0x00000001 x20=0x00000000
       11395000	      1138	80000798	901aa597	auipc	x11,0x901aa	 x11=0x101aa794
       11405000	      1139	8000079c	f8357013	andi	x0,x10,-125	 x10:0x00000295
       11415000	      1140	800007a0	01fde5b3	or	x11,x27,x31	 x27:0xfffffff7 x31:0xb2ad3000 x11=0xfffffff7
       11425000	      1141	800007a4	ff738393	addi	x7,x7,-9	  x7:0x00000008  x7=0xffffffff
       11435000	      1142	800007a8	631d8a13	addi	x20,x27,1585	 x27:0xfffffff7 x20=0x00000628
       11445000	      1143	800007ac	556ccc93	xori	x25,x25,1366	 x25:0xffffffff x25=0xfffffaa9
       11455000	      1144	800007b0	01b16cb3	or	x25,x2,x27	  x2:0x0000001a x27:0xfffffff7 x25=0xffffffff
       11465000	      1145	800007b4	39fc2c13	slti	x24,x24,927	 x24:0x00000001 x24=0x00000001
       11475000	      1146	800007b8	ffb3d2e3	bge	x7,x27,8000079c	  x7:0xffffffff x27:0xfffffff7
       11485000	      1147	00000000	00000013	addi	x0,x0,0	  x0:0x00000000
       11495000	      1148	80000798	00000013	addi	x0,x0,0	  x0:0x00000000
       11505000	      1149	8000079c	f8357013	andi	x0,x10,-125	 x10:0x00000295
       11515000	      1150	800007a0	01fde5b3	or	x11,x27,x31	 x27:0xfffffff7 x31:0xb2ad3000 x11=0xfffffff7
       11525000	      1151	800007a4	ff738393	addi	x7,x7,-9	  x7:0xffffffff  x7=0xfffffff6
       11535000	      1152	800007a8	631d8a13	addi	x20,x27,1585	 x27:0xfffffff7 x20=0x00000628
       11545000	      1153	800007ac	556ccc93	xori	x25,x25,1366	 x25:0xffffffff x25=0xfffffaa9
       11555000	      1154	800007b0	01b16cb3	or	x25,x2,x27	  x2:0x0000001a x27:0xfffffff7 x25=0xffffffff
       11565000	      1155	800007b4	39fc2c13	slti	x24,x24,927	 x24:0x00000001 x24=0x00000001
       11575000	      1156	800007b8	ffb3d2e3	bge	x7,x27,8000079c	  x7:0xfffffff6 x27:0xfffffff7
       11585000	      1157	800007bc	012a50b3	srl	x1,x20,x18	 x20:0x00000628 x18:0xdf018770  x1=0x00000000
       11595000	      1158	800007c0	fb14d2e3	bge	x9,x17,80000764	  x9:0xffffffe5 x17:0xffffffec
       11605000	      1159	800007c4	00e39e13	slli	x28,x7,0xe	  x7:0xfffffff6 x28=0xfffd8000
       11615000	      1160	800007c8	ffe00213	addi	x4,x0,-2	  x0:0x00000000  x4=0xfffffffe
       11625000	      1161	800007cc	08c3f093	andi	x1,x7,140	  x7:0xfffffff6  x1=0x00000084
       11635000	      1162	800007d0	01d05d13	srli	x26,x0,0x1d	  x0:0x00000000 x26=0x00000000
       11645000	      1163	800007d4	00a00b13	addi	x22,x0,10	  x0:0x00000000 x22=0x0000000a
       11655000	      1164	800007d8	003b84b3	add	x9,x23,x3	 x23:0x00000001  x3:0xecdfe000  x9=0xecdfe001
       11665000	      1165	800007dc	a4688493	addi	x9,x17,-1466	 x17:0xffffffec  x9=0xfffffa32
       11675000	      1166	800007e0	00320213	addi	x4,x4,3	  x4:0xfffffffe  x4=0x00000001
       11685000	      1167	800007e4	ffe00a93	addi	x21,x0,-2	  x0:0x00000000 x21=0xfffffffe
       11695000	      1168	800007e8	000ebcb3	sltu	x25,x29,x0	 x29:0xfffffff4  x0:0x00000000 x25=0x00000000
       11705000	      1169	800007ec	00000013	addi	x0,x0,0	  x0:0x00000000
       11715000	      1170	800007f0	fed00f93	addi	x31,x0,-19	  x0:0x00000000 x31=0xffffffed
       11725000	      1171	800007f4	4197dc13	srai	x24,x15,0x19	 x15:0x80009fc4 x24=0xffffffc0
       11735000	      1172	800007f8	0165eeb3	or	x29,x11,x22	 x11:0xfffffff7 x22:0x0000000a x29=0xffffffff
       11745000	      1173	800007fc	4158de33	sra	x28,x17,x21	 x17:0xffffffec x21:0xfffffffe x28=0xffffffff
       11755000	      1174	80000800	ffda8a93	addi	x21,x21,-3	 x21:0xfffffffe x21=0xfffffffb
       11765000	      1175	80000804	fffadae3	bge	x21,x31,800007f8	 x21:0xfffffffb x31:0xffffffed
       11775000	      1176	00000000	00000013	addi	x0,x0,0	  x0:0x00000000
       11785000	      1177	800007f4	00000013	addi	x0,x0,0	  x0:0x00000000
       11795000	      1178	800007f8	0165eeb3	or	x29,x11,x22	 x11:0xfffffff7 x22:0x0000000a x29=0xffffffff
       11805000	      1179	800007fc	4158de33	sra	x28,x17,x21	 x17:0xffffffec x21:0xfffffffb x28=0xffffffff
       11815000	      1180	80000800	ffda8a93	addi	x21,x21,-3	 x21:0xfffffffb x21=0xfffffff8
       11825000	      1181	80000804	fffadae3	bge	x21,x31,800007f8	 x21:0xfffffff8 x31:0xffffffed
       11835000	      1182	00000000	00000013	addi	x0,x0,0	  x0:0x00000000
       11845000	      1183	800007f4	00000013	addi	x0,x0,0	  x0:0x00000000
       11855000	      1184	800007f8	0165eeb3	or	x29,x11,x22	 x11:0xfffffff7 x22:0x0000000a x29=0xffffffff
       11865000	      1185	800007fc	4158de33	sra	x28,x17,x21	 x17:0xffffffec x21:0xfffffff8 x28=0xffffffff
       11875000	      1186	80000800	ffda8a93	addi	x21,x21,-3	 x21:0xfffffff8 x21=0xfffffff5
       11885000	      1187	80000804	fffadae3	bge	x21,x31,800007f8	 x21:0xfffffff5 x31:0xffffffed
       11895000	      1188	00000000	00000013	addi	x0,x0,0	  x0:0x00000000
       11905000	      1189	800007f4	00000013	addi	x0,x0,0	  x0:0x00000000
       11915000	      1190	800007f8	0165eeb3	or	x29,x11,x22	 x11:0xfffffff7 x22:0x0000000a x29=0xffffffff
       11925000	      1191	800007fc	4158de33	sra	x28,x17,x21	 x17:0xffffffec x21:0xfffffff5 x28=0xffffffff
       11935000	      1192	80000800	ffda8a93	addi	x21,x21,-3	 x21:0xfffffff5 x21=0xfffffff2
       11945000	      1193	80000804	fffadae3	bge	x21,x31,800007f8	 x21:0xfffffff2 x31:0xffffffed
       11955000	      1194	00000000	00000013	addi	x0,x0,0	  x0:0x00000000
       11965000	      1195	800007f4	00000013	addi	x0,x0,0	  x0:0x00000000
       11975000	      1196	800007f8	0165eeb3	or	x29,x11,x22	 x11:0xfffffff7 x22:0x0000000a x29=0xffffffff
       11985000	      1197	800007fc	4158de33	sra	x28,x17,x21	 x17:0xffffffec x21:0xfffffff2 x28=0xffffffff
       11995000	      1198	80000800	ffda8a93	addi	x21,x21,-3	 x21:0xfffffff2 x21=0xffffffef
       12005000	      1199	80000804	fffadae3	bge	x21,x31,800007f8	 x21:0xffffffef x31:0xffffffed
       12015000	      1200	00000000	00000013	addi	x0,x0,0	  x0:0x00000000
       12025000	      1201	800007f4	00000013	addi	x0,x0,0	  x0:0x00000000
       12035000	      1202	800007f8	0165eeb3	or	x29,x11,x22	 x11:0xfffffff7 x22:0x0000000a x29=0xffffffff
       12045000	      1203	800007fc	4158de33	sra	x28,x17,x21	 x17:0xffffffec x21:0xffffffef x28=0xffffffff
       12055000	      1204	80000800	ffda8a93	addi	x21,x21,-3	 x21:0xffffffef x21=0xffffffec
       12065000	      1205	80000804	fffadae3	bge	x21,x31,800007f8	 x21:0xffffffec x31:0xffffffed
       12075000	      1206	80000808	d89aa093	slti	x1,x21,-631	 x21:0xffffffec  x1=0x00000000
       12085000	      1207	8000080c	8eb73293	sltiu	x5,x14,-1813	 x14:0x00000002  x5=0x00000001
       12095000	      1208	80000810	79777937	lui	x18,0x79777	 x18=0x79777000
       12105000	      1209	80000814	018e4db3	xor	x27,x28,x24	 x28:0xffffffff x24:0xffffffc0 x27=0x0000003f
       12115000	      1210	80000818	01cad713	srli	x14,x21,0x1c	 x21:0xffffffec x14=0x0000000f
       12125000	      1211	8000081c	00000013	addi	x0,x0,0	  x0:0x00000000
       12135000	      1212	80000820	fb626ee3	bltu	x4,x22,800007dc	  x4:0x00000001 x22:0x0000000a
       12145000	      1213	00000000	00000013	addi	x0,x0,0	  x0:0x00000000
       12155000	      1214	800007d8	00000013	addi	x0,x0,0	  x0:0x00000000
       12165000	      1215	800007dc	a4688493	addi	x9,x17,-1466	 x17:0xffffffec  x9=0xfffffa32
       12175000	      1216	800007e0	00320213	addi	x4,x4,3	  x4:0x00000001  x4=0x00000004
       12185000	      1217	800007e4	ffe00a93	addi	x21,x0,-2	  x0:0x00000000 x21=0xfffffffe
       12195000	      1218	800007e8	000ebcb3	sltu	x25,x29,x0	 x29:0xffffffff  x0:0x00000000 x25=0x00000000
       12205000	      1219	800007ec	00000013	addi	x0,x0,0	  x0:0x00000000
       12215000	      1220	800007f0	fed00f93	addi	x31,x0,-19	  x0:0x00000000 x31=0xffffffed
       12225000	      1221	800007f4	4197dc13	srai	x24,x15,0x19	 x15:0x80009fc4 x24=0xffffffc0
       12235000	      1222	800007f8	0165eeb3	or	x29,x11,x22	 x11:0xfffffff7 x22:0x0000000a x29=0xffffffff
       12245000	      1223	800007fc	4158de33	sra	x28,x17,x21	 x17:0xffffffec x21:0xfffffffe x28=0xffffffff
       12255000	      1224	80000800	ffda8a93	addi	x21,x21,-3	 x21:0xfffffffe x21=0xfffffffb
       12265000	      1225	80000804	fffadae3	bge	x21,x31,800007f8	 x21:0xfffffffb x31:0xffffffed
       12275000	      1226	00000000	00000013	addi	x0,x0,0	  x0:0x00000000
       12285000	      1227	800007f4	00000013	addi	x0,x0,0	  x0:0x00000000
       12295000	      1228	800007f8	0165eeb3	or	x29,x11,x22	 x11:0xfffffff7 x22:0x0000000a x29=0xffffffff
       12305000	      1229	800007fc	4158de33	sra	x28,x17,x21	 x17:0xffffffec x21:0xfffffffb x28=0xffffffff
       12315000	      1230	80000800	ffda8a93	addi	x21,x21,-3	 x21:0xfffffffb x21=0xfffffff8
       12325000	      1231	80000804	fffadae3	bge	x21,x31,800007f8	 x21:0xfffffff8 x31:0xffffffed
       12335000	      1232	00000000	00000013	addi	x0,x0,0	  x0:0x00000000
       12345000	      1233	800007f4	00000013	addi	x0,x0,0	  x0:0x00000000
       12355000	      1234	800007f8	0165eeb3	or	x29,x11,x22	 x11:0xfffffff7 x22:0x0000000a x29=0xffffffff
       12365000	      1235	800007fc	4158de33	sra	x28,x17,x21	 x17:0xffffffec x21:0xfffffff8 x28=0xffffffff
       12375000	      1236	80000800	ffda8a93	addi	x21,x21,-3	 x21:0xfffffff8 x21=0xfffffff5
       12385000	      1237	80000804	fffadae3	bge	x21,x31,800007f8	 x21:0xfffffff5 x31:0xffffffed
       12395000	      1238	00000000	00000013	addi	x0,x0,0	  x0:0x00000000
       12405000	      1239	800007f4	00000013	addi	x0,x0,0	  x0:0x00000000
       12415000	      1240	800007f8	0165eeb3	or	x29,x11,x22	 x11:0xfffffff7 x22:0x0000000a x29=0xffffffff
       12425000	      1241	800007fc	4158de33	sra	x28,x17,x21	 x17:0xffffffec x21:0xfffffff5 x28=0xffffffff
       12435000	      1242	80000800	ffda8a93	addi	x21,x21,-3	 x21:0xfffffff5 x21=0xfffffff2
       12445000	      1243	80000804	fffadae3	bge	x21,x31,800007f8	 x21:0xfffffff2 x31:0xffffffed
       12455000	      1244	00000000	00000013	addi	x0,x0,0	  x0:0x00000000
       12465000	      1245	800007f4	00000013	addi	x0,x0,0	  x0:0x00000000
       12475000	      1246	800007f8	0165eeb3	or	x29,x11,x22	 x11:0xfffffff7 x22:0x0000000a x29=0xffffffff
       12485000	      1247	800007fc	4158de33	sra	x28,x17,x21	 x17:0xffffffec x21:0xfffffff2 x28=0xffffffff
       12495000	      1248	80000800	ffda8a93	addi	x21,x21,-3	 x21:0xfffffff2 x21=0xffffffef
       12505000	      1249	80000804	fffadae3	bge	x21,x31,800007f8	 x21:0xffffffef x31:0xffffffed
       12515000	      1250	00000000	00000013	addi	x0,x0,0	  x0:0x00000000
       12525000	      1251	800007f4	00000013	addi	x0,x0,0	  x0:0x00000000
       12535000	      1252	800007f8	0165eeb3	or	x29,x11,x22	 x11:0xfffffff7 x22:0x0000000a x29=0xffffffff
       12545000	      1253	800007fc	4158de33	sra	x28,x17,x21	 x17:0xffffffec x21:0xffffffef x28=0xffffffff
       12555000	      1254	80000800	ffda8a93	addi	x21,x21,-3	 x21:0xffffffef x21=0xffffffec
       12565000	      1255	80000804	fffadae3	bge	x21,x31,800007f8	 x21:0xffffffec x31:0xffffffed
       12575000	      1256	80000808	d89aa093	slti	x1,x21,-631	 x21:0xffffffec  x1=0x00000000
       12585000	      1257	8000080c	8eb73293	sltiu	x5,x14,-1813	 x14:0x0000000f  x5=0x00000001
       12595000	      1258	80000810	79777937	lui	x18,0x79777	 x18=0x79777000
       12605000	      1259	80000814	018e4db3	xor	x27,x28,x24	 x28:0xffffffff x24:0xffffffc0 x27=0x0000003f
       12615000	      1260	80000818	01cad713	srli	x14,x21,0x1c	 x21:0xffffffec x14=0x0000000f
       12625000	      1261	8000081c	00000013	addi	x0,x0,0	  x0:0x00000000
       12635000	      1262	80000820	fb626ee3	bltu	x4,x22,800007dc	  x4:0x00000004 x22:0x0000000a
       12645000	      1263	00000000	00000013	addi	x0,x0,0	  x0:0x00000000
       12655000	      1264	800007d8	00000013	addi	x0,x0,0	  x0:0x00000000
       12665000	      1265	800007dc	a4688493	addi	x9,x17,-1466	 x17:0xffffffec  x9=0xfffffa32
       12675000	      1266	800007e0	00320213	addi	x4,x4,3	  x4:0x00000004  x4=0x00000007
       12685000	      1267	800007e4	ffe00a93	addi	x21,x0,-2	  x0:0x00000000 x21=0xfffffffe
       12695000	      1268	800007e8	000ebcb3	sltu	x25,x29,x0	 x29:0xffffffff  x0:0x00000000 x25=0x00000000
       12705000	      1269	800007ec	00000013	addi	x0,x0,0	  x0:0x00000000
       12715000	      1270	800007f0	fed00f93	addi	x31,x0,-19	  x0:0x00000000 x31=0xffffffed
       12725000	      1271	800007f4	4197dc13	srai	x24,x15,0x19	 x15:0x80009fc4 x24=0xffffffc0
       12735000	      1272	800007f8	0165eeb3	or	x29,x11,x22	 x11:0xfffffff7 x22:0x0000000a x29=0xffffffff
       12745000	      1273	800007fc	4158de33	sra	x28,x17,x21	 x17:0xffffffec x21:0xfffffffe x28=0xffffffff
       12755000	      1274	80000800	ffda8a93	addi	x21,x21,-3	 x21:0xfffffffe x21=0xfffffffb
       12765000	      1275	80000804	fffadae3	bge	x21,x31,800007f8	 x21:0xfffffffb x31:0xffffffed
       12775000	      1276	00000000	00000013	addi	x0,x0,0	  x0:0x00000000
       12785000	      1277	800007f4	00000013	addi	x0,x0,0	  x0:0x00000000
       12795000	      1278	800007f8	0165eeb3	or	x29,x11,x22	 x11:0xfffffff7 x22:0x0000000a x29=0xffffffff
       12805000	      1279	800007fc	4158de33	sra	x28,x17,x21	 x17:0xffffffec x21:0xfffffffb x28=0xffffffff
       12815000	      1280	80000800	ffda8a93	addi	x21,x21,-3	 x21:0xfffffffb x21=0xfffffff8
       12825000	      1281	80000804	fffadae3	bge	x21,x31,800007f8	 x21:0xfffffff8 x31:0xffffffed
       12835000	      1282	00000000	00000013	addi	x0,x0,0	  x0:0x00000000
       12845000	      1283	800007f4	00000013	addi	x0,x0,0	  x0:0x00000000
       12855000	      1284	800007f8	0165eeb3	or	x29,x11,x22	 x11:0xfffffff7 x22:0x0000000a x29=0xffffffff
       12865000	      1285	800007fc	4158de33	sra	x28,x17,x21	 x17:0xffffffec x21:0xfffffff8 x28=0xffffffff
       12875000	      1286	80000800	ffda8a93	addi	x21,x21,-3	 x21:0xfffffff8 x21=0xfffffff5
       12885000	      1287	80000804	fffadae3	bge	x21,x31,800007f8	 x21:0xfffffff5 x31:0xffffffed
       12895000	      1288	00000000	00000013	addi	x0,x0,0	  x0:0x00000000
       12905000	      1289	800007f4	00000013	addi	x0,x0,0	  x0:0x00000000
       12915000	      1290	800007f8	0165eeb3	or	x29,x11,x22	 x11:0xfffffff7 x22:0x0000000a x29=0xffffffff
       12925000	      1291	800007fc	4158de33	sra	x28,x17,x21	 x17:0xffffffec x21:0xfffffff5 x28=0xffffffff
       12935000	      1292	80000800	ffda8a93	addi	x21,x21,-3	 x21:0xfffffff5 x21=0xfffffff2
       12945000	      1293	80000804	fffadae3	bge	x21,x31,800007f8	 x21:0xfffffff2 x31:0xffffffed
       12955000	      1294	00000000	00000013	addi	x0,x0,0	  x0:0x00000000
       12965000	      1295	800007f4	00000013	addi	x0,x0,0	  x0:0x00000000
       12975000	      1296	800007f8	0165eeb3	or	x29,x11,x22	 x11:0xfffffff7 x22:0x0000000a x29=0xffffffff
       12985000	      1297	800007fc	4158de33	sra	x28,x17,x21	 x17:0xffffffec x21:0xfffffff2 x28=0xffffffff
       12995000	      1298	80000800	ffda8a93	addi	x21,x21,-3	 x21:0xfffffff2 x21=0xffffffef
       13005000	      1299	80000804	fffadae3	bge	x21,x31,800007f8	 x21:0xffffffef x31:0xffffffed
       13015000	      1300	00000000	00000013	addi	x0,x0,0	  x0:0x00000000
       13025000	      1301	800007f4	00000013	addi	x0,x0,0	  x0:0x00000000
       13035000	      1302	800007f8	0165eeb3	or	x29,x11,x22	 x11:0xfffffff7 x22:0x0000000a x29=0xffffffff
       13045000	      1303	800007fc	4158de33	sra	x28,x17,x21	 x17:0xffffffec x21:0xffffffef x28=0xffffffff
       13055000	      1304	80000800	ffda8a93	addi	x21,x21,-3	 x21:0xffffffef x21=0xffffffec
       13065000	      1305	80000804	fffadae3	bge	x21,x31,800007f8	 x21:0xffffffec x31:0xffffffed
       13075000	      1306	80000808	d89aa093	slti	x1,x21,-631	 x21:0xffffffec  x1=0x00000000
       13085000	      1307	8000080c	8eb73293	sltiu	x5,x14,-1813	 x14:0x0000000f  x5=0x00000001
       13095000	      1308	80000810	79777937	lui	x18,0x79777	 x18=0x79777000
       13105000	      1309	80000814	018e4db3	xor	x27,x28,x24	 x28:0xffffffff x24:0xffffffc0 x27=0x0000003f
       13115000	      1310	80000818	01cad713	srli	x14,x21,0x1c	 x21:0xffffffec x14=0x0000000f
       13125000	      1311	8000081c	00000013	addi	x0,x0,0	  x0:0x00000000
       13135000	      1312	80000820	fb626ee3	bltu	x4,x22,800007dc	  x4:0x00000007 x22:0x0000000a
       13145000	      1313	00000000	00000013	addi	x0,x0,0	  x0:0x00000000
       13155000	      1314	800007d8	00000013	addi	x0,x0,0	  x0:0x00000000
       13165000	      1315	800007dc	a4688493	addi	x9,x17,-1466	 x17:0xffffffec  x9=0xfffffa32
       13175000	      1316	800007e0	00320213	addi	x4,x4,3	  x4:0x00000007  x4=0x0000000a
       13185000	      1317	800007e4	ffe00a93	addi	x21,x0,-2	  x0:0x00000000 x21=0xfffffffe
       13195000	      1318	800007e8	000ebcb3	sltu	x25,x29,x0	 x29:0xffffffff  x0:0x00000000 x25=0x00000000
       13205000	      1319	800007ec	00000013	addi	x0,x0,0	  x0:0x00000000
       13215000	      1320	800007f0	fed00f93	addi	x31,x0,-19	  x0:0x00000000 x31=0xffffffed
       13225000	      1321	800007f4	4197dc13	srai	x24,x15,0x19	 x15:0x80009fc4 x24=0xffffffc0
       13235000	      1322	800007f8	0165eeb3	or	x29,x11,x22	 x11:0xfffffff7 x22:0x0000000a x29=0xffffffff
       13245000	      1323	800007fc	4158de33	sra	x28,x17,x21	 x17:0xffffffec x21:0xfffffffe x28=0xffffffff
       13255000	      1324	80000800	ffda8a93	addi	x21,x21,-3	 x21:0xfffffffe x21=0xfffffffb
       13265000	      1325	80000804	fffadae3	bge	x21,x31,800007f8	 x21:0xfffffffb x31:0xffffffed
       13275000	      1326	00000000	00000013	addi	x0,x0,0	  x0:0x00000000
       13285000	      1327	800007f4	00000013	addi	x0,x0,0	  x0:0x00000000
       13295000	      1328	800007f8	0165eeb3	or	x29,x11,x22	 x11:0xfffffff7 x22:0x0000000a x29=0xffffffff
       13305000	      1329	800007fc	4158de33	sra	x28,x17,x21	 x17:0xffffffec x21:0xfffffffb x28=0xffffffff
       13315000	      1330	80000800	ffda8a93	addi	x21,x21,-3	 x21:0xfffffffb x21=0xfffffff8
       13325000	      1331	80000804	fffadae3	bge	x21,x31,800007f8	 x21:0xfffffff8 x31:0xffffffed
       13335000	      1332	00000000	00000013	addi	x0,x0,0	  x0:0x00000000
       13345000	      1333	800007f4	00000013	addi	x0,x0,0	  x0:0x00000000
       13355000	      1334	800007f8	0165eeb3	or	x29,x11,x22	 x11:0xfffffff7 x22:0x0000000a x29=0xffffffff
       13365000	      1335	800007fc	4158de33	sra	x28,x17,x21	 x17:0xffffffec x21:0xfffffff8 x28=0xffffffff
       13375000	      1336	80000800	ffda8a93	addi	x21,x21,-3	 x21:0xfffffff8 x21=0xfffffff5
       13385000	      1337	80000804	fffadae3	bge	x21,x31,800007f8	 x21:0xfffffff5 x31:0xffffffed
       13395000	      1338	00000000	00000013	addi	x0,x0,0	  x0:0x00000000
       13405000	      1339	800007f4	00000013	addi	x0,x0,0	  x0:0x00000000
       13415000	      1340	800007f8	0165eeb3	or	x29,x11,x22	 x11:0xfffffff7 x22:0x0000000a x29=0xffffffff
       13425000	      1341	800007fc	4158de33	sra	x28,x17,x21	 x17:0xffffffec x21:0xfffffff5 x28=0xffffffff
       13435000	      1342	80000800	ffda8a93	addi	x21,x21,-3	 x21:0xfffffff5 x21=0xfffffff2
       13445000	      1343	80000804	fffadae3	bge	x21,x31,800007f8	 x21:0xfffffff2 x31:0xffffffed
       13455000	      1344	00000000	00000013	addi	x0,x0,0	  x0:0x00000000
       13465000	      1345	800007f4	00000013	addi	x0,x0,0	  x0:0x00000000
       13475000	      1346	800007f8	0165eeb3	or	x29,x11,x22	 x11:0xfffffff7 x22:0x0000000a x29=0xffffffff
       13485000	      1347	800007fc	4158de33	sra	x28,x17,x21	 x17:0xffffffec x21:0xfffffff2 x28=0xffffffff
       13495000	      1348	80000800	ffda8a93	addi	x21,x21,-3	 x21:0xfffffff2 x21=0xffffffef
       13505000	      1349	80000804	fffadae3	bge	x21,x31,800007f8	 x21:0xffffffef x31:0xffffffed
       13515000	      1350	00000000	00000013	addi	x0,x0,0	  x0:0x00000000
       13525000	      1351	800007f4	00000013	addi	x0,x0,0	  x0:0x00000000
       13535000	      1352	800007f8	0165eeb3	or	x29,x11,x22	 x11:0xfffffff7 x22:0x0000000a x29=0xffffffff
       13545000	      1353	800007fc	4158de33	sra	x28,x17,x21	 x17:0xffffffec x21:0xffffffef x28=0xffffffff
       13555000	      1354	80000800	ffda8a93	addi	x21,x21,-3	 x21:0xffffffef x21=0xffffffec
       13565000	      1355	80000804	fffadae3	bge	x21,x31,800007f8	 x21:0xffffffec x31:0xffffffed
       13575000	      1356	80000808	d89aa093	slti	x1,x21,-631	 x21:0xffffffec  x1=0x00000000
       13585000	      1357	8000080c	8eb73293	sltiu	x5,x14,-1813	 x14:0x0000000f  x5=0x00000001
       13595000	      1358	80000810	79777937	lui	x18,0x79777	 x18=0x79777000
       13605000	      1359	80000814	018e4db3	xor	x27,x28,x24	 x28:0xffffffff x24:0xffffffc0 x27=0x0000003f
       13615000	      1360	80000818	01cad713	srli	x14,x21,0x1c	 x21:0xffffffec x14=0x0000000f
       13625000	      1361	8000081c	00000013	addi	x0,x0,0	  x0:0x00000000
       13635000	      1362	80000820	fb626ee3	bltu	x4,x22,800007dc	  x4:0x0000000a x22:0x0000000a
       13645000	      1363	80000824	019de033	or	x0,x27,x25	 x27:0x0000003f x25:0x00000000
       13655000	      1364	80000828	01b25213	srli	x4,x4,0x1b	  x4:0x0000000a  x4=0x00000000
       13665000	      1365	8000082c	0339d663	bge	x19,x19,80000858	 x19:0x0000000e x19:0x0000000e
       13675000	      1366	00000000	00000013	addi	x0,x0,0	  x0:0x00000000
       13685000	      1367	80000854	00000013	addi	x0,x0,0	  x0:0x00000000
       13695000	      1368	80000858	04146063	bltu	x8,x1,80000898	  x8:0x00000001  x1:0x00000000
       13705000	      1369	8000085c	40b55f93	srai	x31,x10,0xb	 x10:0x00000295 x31=0x00000000
       13715000	      1370	80000860	6a128813	addi	x16,x5,1697	  x5:0x00000001 x16=0x000006a2
       13725000	      1371	80000864	01b15d33	srl	x26,x2,x27	  x2:0x0000001a x27:0x0000003f x26=0x00000000
       13735000	      1372	80000868	7475b293	sltiu	x5,x11,1863	 x11:0xfffffff7  x5=0x00000000
       13745000	      1373	8000086c	01ef3e33	sltu	x28,x30,x30	 x30:0x00000001 x30:0x00000001 x28=0x00000000
       13755000	      1374	80000870	4178df13	srai	x30,x17,0x17	 x17:0xffffffec x30=0xffffffff
       13765000	      1375	80000874	40d75913	srai	x18,x14,0xd	 x14:0x0000000f x18=0x00000000
       13775000	      1376	80000878	47e73593	sltiu	x11,x14,1150	 x14:0x0000000f x11=0x00000001
       13785000	      1377	8000087c	41ac5093	srai	x1,x24,0x1a	 x24:0xffffffc0  x1=0xffffffff
       13795000	      1378	80000880	018114b3	sll	x9,x2,x24	  x2:0x0000001a x24:0xffffffc0  x9=0x0000001a
       13805000	      1379	80000884	00cef733	and	x14,x29,x12	 x29:0xffffffff x12:0x80009f84 x14=0x80009f84
       13815000	      1380	80000888	01ce5913	srli	x18,x28,0x1c	 x28:0x00000000 x18=0x00000000
       13825000	      1381	8000088c	01434d33	xor	x26,x6,x20	  x6:0x00000015 x20:0x00000628 x26=0x0000063d
       13835000	      1382	80000890	a2723a93	sltiu	x21,x4,-1497	  x4:0x00000000 x21=0x00000001
       13845000	      1383	80000894	00000013	addi	x0,x0,0	  x0:0x00000000
       13855000	      1384	80000898	0019fe33	and	x28,x19,x1	 x19:0x0000000e  x1:0xffffffff x28=0x0000000e
       13865000	      1385	8000089c	5e996d93	ori	x27,x18,1513	 x18:0x00000000 x27=0x000005e9
       13875000	      1386	800008a0	00988a63	beq	x17,x9,800008b4	 x17:0xffffffec  x9:0x0000001a
       13885000	      1387	800008a4	0285e063	bltu	x11,x8,800008c4	 x11:0x00000001  x8:0x00000001
       13895000	      1388	800008a8	90a141b7	lui	x3,0x90a14	  x3=0x90a14000
       13905000	      1389	800008ac	28720c93	addi	x25,x4,647	  x4:0x00000000 x25=0x00000287
       13915000	      1390	800008b0	38dc5437	lui	x8,0x38dc5	  x8=0x38dc5000
       13925000	      1391	800008b4	00000013	addi	x0,x0,0	  x0:0x00000000
       13935000	      1392	800008b8	e3b97217	auipc	x4,0xe3b97	  x4=0x63b978b4
       13945000	      1393	800008bc	076e9063	bne	x29,x22,8000091c	 x29:0xffffffff x22:0x0000000a
       13955000	      1394	00000000	00000013	addi	x0,x0,0	  x0:0x00000000
       13965000	      1395	80000918	00000013	addi	x0,x0,0	  x0:0x00000000
       13975000	      1396	8000091c	9c8efa93	andi	x21,x29,-1592	 x29:0xffffffff x21=0xfffff9c8
       13985000	      1397	80000920	02d27a63	bgeu	x4,x13,80000954	  x4:0x63b978b4 x13:0x00000001
       13995000	      1398	00000000	00000013	addi	x0,x0,0	  x0:0x00000000
       14005000	      1399	80000950	00000013	addi	x0,x0,0	  x0:0x00000000
       14015000	      1400	80000954	e68fff93	andi	x31,x31,-408	 x31:0x00000000 x31=0x00000000
       14025000	      1401	80000958	00505513	srli	x10,x0,0x5	  x0:0x00000000 x10=0x00000000
       14035000	      1402	8000095c	03998463	beq	x19,x25,80000984	 x19:0x0000000e x25:0x00000287
       14045000	      1403	80000960	00000013	addi	x0,x0,0	  x0:0x00000000
       14055000	      1404	80000964	16b3b397	auipc	x7,0x16b3b	  x7=0x96b3b960
       14065000	      1405	80000968	01e36fb3	or	x31,x6,x30	  x6:0x00000015 x30:0xffffffff x31=0xffffffff
       14075000	      1406	8000096c	01f76ab3	or	x21,x14,x31	 x14:0x80009f84 x31:0xffffffff x21=0xffffffff
       14085000	      1407	80000970	7c7a2d93	slti	x27,x20,1991	 x20:0x00000628 x27=0x00000001
       14095000	      1408	80000974	f746ea13	ori	x20,x13,-140	 x13:0x00000001 x20=0xffffff75
       14105000	      1409	80000978	d735cf13	xori	x30,x11,-653	 x11:0x00000001 x30=0xfffffd72
       14115000	      1410	8000097c	21c7db97	auipc	x23,0x21c7d	 x23=0xa1c7d978
       14125000	      1411	80000980	74c62693	slti	x13,x12,1868	 x12:0x80009f84 x13=0x00000001
       14135000	      1412	80000984	6f34a313	slti	x6,x9,1779	  x9:0x0000001a  x6=0x00000001
       14145000	      1413	80000988	001f3ab3	sltu	x21,x30,x1	 x30:0xfffffd72  x1:0xffffffff x21=0x00000001
       14155000	      1414	8000098c	01e75e63	bge	x14,x30,800009a8	 x14:0x80009f84 x30:0xfffffd72
       14165000	      1415	80000990	0170ea63	bltu	x1,x23,800009a4	  x1:0xffffffff x23:0xa1c7d978
       14175000	      1416	80000994	b67f1897	auipc	x17,0xb67f1	 x17=0x367f1990
       14185000	      1417	80000998	030c4e63	blt	x24,x16,800009d4	 x24:0xffffffc0 x16:0x000006a2
       14195000	      1418	00000000	00000013	addi	x0,x0,0	  x0:0x00000000
       14205000	      1419	800009d0	00000013	addi	x0,x0,0	  x0:0x00000000
       14215000	      1420	800009d4	414d5433	sra	x8,x26,x20	 x26:0x0000063d x20:0xffffff75  x8=0x00000000
       14225000	      1421	800009d8	40b40533	sub	x10,x8,x11	  x8:0x00000000 x11:0x00000001 x10=0xffffffff
       14235000	      1422	800009dc	a8c46493	ori	x9,x8,-1396	  x8:0x00000000  x9=0xfffffa8c
       14245000	      1423	800009e0	01fae663	bltu	x21,x31,800009ec	 x21:0x00000001 x31:0xffffffff
       14255000	      1424	00000000	00000013	addi	x0,x0,0	  x0:0x00000000
       14265000	      1425	800009e8	00000013	addi	x0,x0,0	  x0:0x00000000
       14275000	      1426	800009ec	031b9863	bne	x23,x17,80000a1c	 x23:0xa1c7d978 x17:0x367f1990
       14285000	      1427	00000000	00000013	addi	x0,x0,0	  x0:0x00000000
       14295000	      1428	80000a18	00000013	addi	x0,x0,0	  x0:0x00000000
       14305000	      1429	80000a1c	ecf9a897	auipc	x17,0xecf9a	 x17=0x6cf9aa18
       14315000	      1430	80000a20	52137b13	andi	x22,x6,1313	  x6:0x00000001 x22=0x00000001
       14325000	      1431	80000a24	00c89033	sll	x0,x17,x12	 x17:0x6cf9aa18 x12:0x80009f84
       14335000	      1432	80000a28	0057c5b3	xor	x11,x15,x5	 x15:0x80009fc4  x5:0x00000000 x11=0x80009fc4
       14345000	      1433	80000a2c	07639a63	bne	x7,x22,80000aa0	  x7:0x96b3b960 x22:0x00000001
       14355000	      1434	00000000	00000013	addi	x0,x0,0	  x0:0x00000000
       14365000	      1435	80000a9c	00000013	addi	x0,x0,0	  x0:0x00000000
       14375000	      1436	80000aa0	40cf03b3	sub	x7,x30,x12	 x30:0xfffffd72 x12:0x80009f84  x7=0x7fff5dee
       14385000	      1437	80000aa4	414dd433	sra	x8,x27,x20	 x27:0x00000001 x20:0xffffff75  x8=0x00000000
       14395000	      1438	80000aa8	ff4ac013	xori	x0,x21,-12	 x21:0x00000001
       14405000	      1439	80000aac	dcb08293	addi	x5,x1,-565	  x1:0xffffffff  x5=0xfffffdca
       14415000	      1440	80000ab0	00159433	sll	x8,x11,x1	 x11:0x80009fc4  x1:0xffffffff  x8=0x00000000
       14425000	      1441	80000ab4	a0990813	addi	x16,x18,-1527	 x18:0x00000000 x16=0xfffffa09
       14435000	      1442	80000ab8	02fa0863	beq	x20,x15,80000ae8	 x20:0xffffff75 x15:0x80009fc4
       14445000	      1443	80000abc	0148db13	srli	x22,x17,0x14	 x17:0x6cf9aa18 x22=0x000006cf
       14455000	      1444	80000ac0	60c3c217	auipc	x4,0x60c3c	  x4=0xe0c3cabc
       14465000	      1445	80000ac4	03e1ec63	bltu	x3,x30,80000afc	  x3:0x90a14000 x30:0xfffffd72
       14475000	      1446	00000000	00000013	addi	x0,x0,0	  x0:0x00000000
       14485000	      1447	80000af8	00000013	addi	x0,x0,0	  x0:0x00000000
       14495000	      1448	80000afc	01a21a63	bne	x4,x26,80000b10	  x4:0xe0c3cabc x26:0x0000063d
       14505000	      1449	00000000	00000013	addi	x0,x0,0	  x0:0x00000000
       14515000	      1450	80000b0c	00000013	addi	x0,x0,0	  x0:0x00000000
       14525000	      1451	80000b10	01d41533	sll	x10,x8,x29	  x8:0x00000000 x29:0xffffffff x10=0x00000000
       14535000	      1452	80000b14	402cdc33	sra	x24,x25,x2	 x25:0x00000287  x2:0x0000001a x24=0x00000000
       14545000	      1453	80000b18	013f20b3	slt	x1,x30,x19	 x30:0xfffffd72 x19:0x0000000e  x1=0x00000001
       14555000	      1454	80000b1c	0193f263	bgeu	x7,x25,80000b20	  x7:0x7fff5dee x25:0x00000287
       14565000	      1455	00000000	00000013	addi	x0,x0,0	  x0:0x00000000
       14575000	      1456	80000b1c	00000013	addi	x0,x0,0	  x0:0x00000000
       14585000	      1457	80000b20	016b03b3	add	x7,x22,x22	 x22:0x000006cf x22:0x000006cf  x7=0x00000d9e
       14595000	      1458	80000b24	013726b3	slt	x13,x14,x19	 x14:0x80009f84 x19:0x0000000e x13=0x00000001
       14605000	      1459	80000b28	01835d93	srli	x27,x6,0x18	  x6:0x00000001 x27=0x00000000
       14615000	      1460	80000b2c	01765eb3	srl	x29,x12,x23	 x12:0x80009f84 x23:0xa1c7d978 x29=0x00000080
       14625000	      1461	80000b30	00000013	addi	x0,x0,0	  x0:0x00000000
       14635000	      1462	80000b34	05626863	bltu	x4,x22,80000b84	  x4:0xe0c3cabc x22:0x000006cf
       14645000	      1463	80000b38	015d9713	slli	x14,x27,0x15	 x27:0x00000000 x14=0x00000000
       14655000	      1464	80000b3c	00aed833	srl	x16,x29,x10	 x29:0x00000080 x10:0x00000000 x16=0x00000080
       14665000	      1465	80000b40	88fcf393	andi	x7,x25,-1905	 x25:0x00000287  x7=0x00000087
       14675000	      1466	80000b44	40fd0933	sub	x18,x26,x15	 x26:0x0000063d x15:0x80009fc4 x18=0x7fff6679
       14685000	      1467	80000b48	001684b3	add	x9,x13,x1	 x13:0x00000001  x1:0x00000001  x9=0x00000002
       14695000	      1468	80000b4c	00df8c63	beq	x31,x13,80000b64	 x31:0xffffffff x13:0x00000001
       14705000	      1469	80000b50	0104e833	or	x16,x9,x16	  x9:0x00000002 x16:0x00000080 x16=0x00000082
       14715000	      1470	80000b54	bc553713	sltiu	x14,x10,-1083	 x10:0x00000000 x14=0x00000001
       14725000	      1471	80000b58	012ca133	slt	x2,x25,x18	 x25:0x00000287 x18:0x7fff6679  x2=0x00000001
       14735000	      1472	80000b5c	012f9513	slli	x10,x31,0x12	 x31:0xffffffff x10=0xfffc0000
       14745000	      1473	80000b60	5af9f393	andi	x7,x19,1455	 x19:0x0000000e  x7=0x0000000e
       14755000	      1474	80000b64	a79d45b7	lui	x11,0xa79d4	 x11=0xa79d4000
       14765000	      1475	80000b68	01ac40b3	xor	x1,x24,x26	 x24:0x00000000 x26:0x0000063d  x1=0x0000063d
       14775000	      1476	80000b6c	012fe533	or	x10,x31,x18	 x31:0xffffffff x18:0x7fff6679 x10=0xffffffff
       14785000	      1477	80000b70	e0368d13	addi	x26,x13,-509	 x13:0x00000001 x26=0xfffffe04
       14795000	      1478	80000b74	e0def893	andi	x17,x29,-499	 x29:0x00000080 x17=0x00000000
       14805000	      1479	80000b78	0fe36413	ori	x8,x6,254	  x6:0x00000001  x8=0x000000ff
       14815000	      1480	80000b7c	01385d33	srl	x26,x16,x19	 x16:0x00000082 x19:0x0000000e x26=0x00000000
       14825000	      1481	80000b80	014ca133	slt	x2,x25,x20	 x25:0x00000287 x20:0xffffff75  x2=0x00000000
       14835000	      1482	80000b84	241b6e13	ori	x28,x22,577	 x22:0x000006cf x28=0x000006cf
       14845000	      1483	80000b88	00000013	addi	x0,x0,0	  x0:0x00000000
       14855000	      1484	80000b8c	404a5c33	sra	x24,x20,x4	 x20:0xffffff75  x4:0xe0c3cabc x24=0xffffffff
       14865000	      1485	80000b90	015dd213	srli	x4,x27,0x15	 x27:0x00000000  x4=0x00000000
       14875000	      1486	80000b94	00000013	addi	x0,x0,0	  x0:0x00000000
       14885000	      1487	80000b98	0042c0b3	xor	x1,x5,x4	  x5:0xfffffdca  x4:0x00000000  x1=0xfffffdca
       14895000	      1488	80000b9c	9cf63093	sltiu	x1,x12,-1585	 x12:0x80009f84  x1=0x00000001
       14905000	      1489	80000ba0	002c6933	or	x18,x24,x2	 x24:0xffffffff  x2:0x00000000 x18=0xffffffff
       14915000	      1490	80000ba4	0583e393	ori	x7,x7,88	  x7:0x0000000e  x7=0x0000005e
       14925000	      1491	80000ba8	e48c4113	xori	x2,x24,-440	 x24:0xffffffff  x2=0x000001b7
       14935000	      1492	80000bac	01b8f533	and	x10,x17,x27	 x17:0x00000000 x27:0x00000000 x10=0x00000000
       14945000	      1493	80000bb0	01a71c63	bne	x14,x26,80000bc8	 x14:0x00000001 x26:0x00000000
       14955000	      1494	00000000	00000013	addi	x0,x0,0	  x0:0x00000000
       14965000	      1495	80000bc4	00000013	addi	x0,x0,0	  x0:0x00000000
       14975000	      1496	80000bc8	01fc4133	xor	x2,x24,x31	 x24:0xffffffff x31:0xffffffff  x2=0x00000000
       14985000	      1497	80000bcc	21beb593	sltiu	x11,x29,539	 x29:0x00000080 x11=0x00000001
       14995000	      1498	80000bd0	ee2eef13	ori	x30,x29,-286	 x29:0x00000080 x30=0xfffffee2
       15005000	      1499	80000bd4	40700033	sub	x0,x0,x7	  x0:0x00000000  x7:0x0000005e
       15015000	      1500	80000bd8	9810c813	xori	x16,x1,-1663	  x1:0x00000001 x16=0xfffff980
       15025000	      1501	80000bdc	ce340a13	addi	x20,x8,-797	  x8:0x000000ff x20=0xfffffde2
       15035000	      1502	80000be0	01065b33	srl	x22,x12,x16	 x12:0x80009f84 x16:0xfffff980 x22=0x80009f84
       15045000	      1503	80000be4	1d0e0537	lui	x10,0x1d0e0	 x10=0x1d0e0000
       15055000	      1504	80000be8	0ad5f663	bgeu	x11,x13,80000c94	 x11:0x00000001 x13:0x00000001
       15065000	      1505	00000000	00000013	addi	x0,x0,0	  x0:0x00000000
       15075000	      1506	80000c90	00000013	addi	x0,x0,0	  x0:0x00000000
       15085000	      1507	80000c94	004bd913	srli	x18,x23,0x4	 x23:0xa1c7d978 x18=0x0a1c7d97
       15095000	      1508	80000c98	035b4263	blt	x22,x21,80000cbc	 x22:0x80009f84 x21:0x00000001
       15105000	      1509	00000000	00000013	addi	x0,x0,0	  x0:0x00000000
       15115000	      1510	80000cb8	00000013	addi	x0,x0,0	  x0:0x00000000
       15125000	      1511	80000cbc	414adb13	srai	x22,x21,0x14	 x21:0x00000001 x22=0x00000000
       15135000	      1512	80000cc0	00000013	addi	x0,x0,0	  x0:0x00000000
       15145000	      1513	80000cc4	95112e17	auipc	x28,0x95112	 x28=0x15112cc0
       15155000	      1514	80000cc8	00955f33	srl	x30,x10,x9	 x10:0x1d0e0000  x9:0x00000002 x30=0x07438000
       15165000	      1515	80000ccc	00dd8a63	beq	x27,x13,80000ce0	 x27:0x00000000 x13:0x00000001
       15175000	      1516	80000cd0	012c8c63	beq	x25,x18,80000ce8	 x25:0x00000287 x18:0x0a1c7d97
       15185000	      1517	80000cd4	40878033	sub	x0,x15,x8	 x15:0x80009fc4  x8:0x000000ff
       15195000	      1518	80000cd8	02dde263	bltu	x27,x13,80000cfc	 x27:0x00000000 x13:0x00000001
       15205000	      1519	00000000	00000013	addi	x0,x0,0	  x0:0x00000000
       15215000	      1520	80000cf8	00000013	addi	x0,x0,0	  x0:0x00000000
       15225000	      1521	80000cfc	00808533	add	x10,x1,x8	  x1:0x00000001  x8:0x000000ff x10=0x00000100
       15235000	      1522	80000d00	01ae0cb3	add	x25,x28,x26	 x28:0x15112cc0 x26:0x00000000 x25=0x15112cc0
       15245000	      1523	80000d04	01448b33	add	x22,x9,x20	  x9:0x00000002 x20:0xfffffde2 x22=0xfffffde4
       15255000	      1524	80000d08	04a44463	blt	x8,x10,80000d50	  x8:0x000000ff x10:0x00000100
       15265000	      1525	00000000	00000013	addi	x0,x0,0	  x0:0x00000000
       15275000	      1526	80000d4c	00000013	addi	x0,x0,0	  x0:0x00000000
       15285000	      1527	80000d50	00000013	addi	x0,x0,0	  x0:0x00000000
       15295000	      1528	80000d54	01406c33	or	x24,x0,x20	  x0:0x00000000 x20:0xfffffde2 x24=0xfffffde2
       15305000	      1529	80000d58	416ed493	srai	x9,x29,0x16	 x29:0x00000080  x9=0x00000000
       15315000	      1530	80000d5c	01be9193	slli	x3,x29,0x1b	 x29:0x00000080  x3=0x00000000
       15325000	      1531	80000d60	00af5133	srl	x2,x30,x10	 x30:0x07438000 x10:0x00000100  x2=0x07438000
       15335000	      1532	80000d64	0131e663	bltu	x3,x19,80000d70	  x3:0x00000000 x19:0x0000000e
       15345000	      1533	00000000	00000013	addi	x0,x0,0	  x0:0x00000000
       15355000	      1534	80000d6c	00000013	addi	x0,x0,0	  x0:0x00000000
       15365000	      1535	80000d70	00e4db93	srli	x23,x9,0xe	  x9:0x00000000 x23=0x00000000
       15375000	      1536	80000d74	57b5ef13	ori	x30,x11,1403	 x11:0x00000001 x30=0x0000057b
       15385000	      1537	80000d78	40aa5113	srai	x2,x20,0xa	 x20:0xfffffde2  x2=0xffffffff
       15395000	      1538	80000d7c	03fd8e63	beq	x27,x31,80000db8	 x27:0x00000000 x31:0xffffffff
       15405000	      1539	80000d80	03cadc63	bge	x21,x28,80000db8	 x21:0x00000001 x28:0x15112cc0
       15415000	      1540	80000d84	0189f0b3	and	x1,x19,x24	 x19:0x0000000e x24:0xfffffde2  x1=0x00000002
       15425000	      1541	80000d88	a99bec93	ori	x25,x23,-1383	 x23:0x00000000 x25=0xfffffa99
       15435000	      1542	80000d8c	05a29863	bne	x5,x26,80000ddc	  x5:0xfffffdca x26:0x00000000
       15445000	      1543	00000000	00000013	addi	x0,x0,0	  x0:0x00000000
       15455000	      1544	80000dd8	00000013	addi	x0,x0,0	  x0:0x00000000
       15465000	      1545	80000ddc	01a80233	add	x4,x16,x26	 x16:0xfffff980 x26:0x00000000  x4=0xfffff980
       15475000	      1546	80000de0	05320863	beq	x4,x19,80000e30	  x4:0xfffff980 x19:0x0000000e
       15485000	      1547	80000de4	407d0cb3	sub	x25,x26,x7	 x26:0x00000000  x7:0x0000005e x25=0xffffffa2
       15495000	      1548	80000de8	0d293a93	sltiu	x21,x18,210	 x18:0x0a1c7d97 x21=0x00000000
       15505000	      1549	80000dec	04261063	bne	x12,x2,80000e2c	 x12:0x80009f84  x2:0xffffffff
       15515000	      1550	00000000	00000013	addi	x0,x0,0	  x0:0x00000000
       15525000	      1551	80000e28	00000013	addi	x0,x0,0	  x0:0x00000000
       15535000	      1552	80000e2c	00339713	slli	x14,x7,0x3	  x7:0x0000005e x14=0x000002f0
       15545000	      1553	80000e30	00826cb3	or	x25,x4,x8	  x4:0xfffff980  x8:0x000000ff x25=0xfffff9ff
       15555000	      1554	80000e34	0176be33	sltu	x28,x13,x23	 x13:0x00000001 x23:0x00000000 x28=0x00000000
       15565000	      1555	80000e38	00742e33	slt	x28,x8,x7	  x8:0x000000ff  x7:0x0000005e x28=0x00000000
       15575000	      1556	80000e3c	004eb233	sltu	x4,x29,x4	 x29:0x00000080  x4:0xfffff980  x4=0x00000001
       15585000	      1557	80000e40	aeaaa017	auipc	x0,0xaeaaa	
       15595000	      1558	80000e44	00a1dc93	srli	x25,x3,0xa	  x3:0x00000000 x25=0x00000000
       15605000	      1559	80000e48	02135e63	bge	x6,x1,80000e84	  x6:0x00000001  x1:0x00000002
       15615000	      1560	80000e4c	0033dab3	srl	x21,x7,x3	  x7:0x0000005e  x3:0x00000000 x21=0x0000005e
       15625000	      1561	80000e50	01314533	xor	x10,x2,x19	  x2:0xffffffff x19:0x0000000e x10=0xfffffff1
       15635000	      1562	80000e54	01db6c63	bltu	x22,x29,80000e6c	 x22:0xfffffde4 x29:0x00000080
       15645000	      1563	80000e58	258b7813	andi	x16,x22,600	 x22:0xfffffde4 x16=0x00000040
       15655000	      1564	80000e5c	41a0de33	sra	x28,x1,x26	  x1:0x00000002 x26:0x00000000 x28=0x00000002
       15665000	      1565	80000e60	008adbb3	srl	x23,x21,x8	 x21:0x0000005e  x8:0x000000ff x23=0x00000000
       15675000	      1566	80000e64	974ca493	slti	x9,x25,-1676	 x25:0x00000000  x9=0x00000000
       15685000	      1567	80000e68	0167d6b3	srl	x13,x15,x22	 x15:0x80009fc4 x22:0xfffffde4 x13=0x080009fc
       15695000	      1568	80000e6c	0114db13	srli	x22,x9,0x11	  x9:0x00000000 x22=0x00000000
       15705000	      1569	80000e70	41285013	srai	x0,x16,0x12	 x16:0x00000040
       15715000	      1570	80000e74	02c4ca63	blt	x9,x12,80000ea8	  x9:0x00000000 x12:0x80009f84
       15725000	      1571	80000e78	03ecf263	bgeu	x25,x30,80000e9c	 x25:0x00000000 x30:0x0000057b
       15735000	      1572	80000e7c	406c86b3	sub	x13,x25,x6	 x25:0x00000000  x6:0x00000001 x13=0xffffffff
       15745000	      1573	80000e80	828d2197	auipc	x3,0x828d2	  x3=0x028d2e7c
       15755000	      1574	80000e84	a20a0c93	addi	x25,x20,-1504	 x20:0xfffffde2 x25=0xfffff802
       15765000	      1575	80000e88	01956663	bltu	x10,x25,80000e94	 x10:0xfffffff1 x25:0xfffff802
       15775000	      1576	80000e8c	00964a33	xor	x20,x12,x9	 x12:0x80009f84  x9:0x00000000 x20=0x80009f84
       15785000	      1577	80000e90	01d47b33	and	x22,x8,x29	  x8:0x000000ff x29:0x00000080 x22=0x00000080
       15795000	      1578	80000e94	41220833	sub	x16,x4,x18	  x4:0x00000001 x18:0x0a1c7d97 x16=0xf5e3826a
       15805000	      1579	80000e98	00f7d193	srli	x3,x15,0xf	 x15:0x80009fc4  x3=0x00010001
       15815000	      1580	80000e9c	1f66f813	andi	x16,x13,502	 x13:0xffffffff x16=0x000001f6
       15825000	      1581	80000ea0	fec16d13	ori	x26,x2,-20	  x2:0xffffffff x26=0xffffffff
       15835000	      1582	80000ea4	0003da63	bge	x7,x0,80000eb8	  x7:0x0000005e  x0:0x00000000
       15845000	      1583	00000000	00000013	addi	x0,x0,0	  x0:0x00000000
       15855000	      1584	80000eb4	00000013	addi	x0,x0,0	  x0:0x00000000
       15865000	      1585	80000eb8	01bd2a33	slt	x20,x26,x27	 x26:0xffffffff x27:0x00000000 x20=0x00000001
       15875000	      1586	80000ebc	3fcaff93	andi	x31,x21,1020	 x21:0x0000005e x31=0x0000005c
       15885000	      1587	80000ec0	00c64db3	xor	x27,x12,x12	 x12:0x80009f84 x12:0x80009f84 x27=0x00000000
       15895000	      1588	80000ec4	00000013	addi	x0,x0,0	  x0:0x00000000
       15905000	      1589	80000ec8	01f64233	xor	x4,x12,x31	 x12:0x80009f84 x31:0x0000005c  x4=0x80009fd8
       15915000	      1590	80000ecc	07655263	bge	x10,x22,80000f30	 x10:0xfffffff1 x22:0x00000080
       15925000	      1591	80000ed0	002f35b3	sltu	x11,x30,x2	 x30:0x0000057b  x2:0xffffffff x11=0x00000001
       15935000	      1592	80000ed4	00ba7433	and	x8,x20,x11	 x20:0x00000001 x11:0x00000001  x8=0x00000001
       15945000	      1593	80000ed8	07bee663	bltu	x29,x27,80000f44	 x29:0x00000080 x27:0x00000000
       15955000	      1594	80000edc	002aeab3	or	x21,x21,x2	 x21:0x0000005e  x2:0xffffffff x21=0xffffffff
       15965000	      1595	80000ee0	00d41213	slli	x4,x8,0xd	  x8:0x00000001  x4=0x00002000
       15975000	      1596	80000ee4	01b4e933	or	x18,x9,x27	  x9:0x00000000 x27:0x00000000 x18=0x00000000
       15985000	      1597	80000ee8	00aef3b3	and	x7,x29,x10	 x29:0x00000080 x10:0xfffffff1  x7=0x00000080
       15995000	      1598	80000eec	385f6493	ori	x9,x30,901	 x30:0x0000057b  x9=0x000007ff
       16005000	      1599	80000ef0	093df063	bgeu	x27,x19,80000f70	 x27:0x00000000 x19:0x0000000e
       16015000	      1600	80000ef4	e4297513	andi	x10,x18,-446	 x18:0x00000000 x10=0x00000000
       16025000	      1601	80000ef8	010451b3	srl	x3,x8,x16	  x8:0x00000001 x16:0x000001f6  x3=0x00000000
       16035000	      1602	80000efc	00001817	auipc	x16,0x1	 x16=0x80001ef8
       16045000	      1603	80000f00	d5c80813	addi	x16,x16,-676	 x16:0x80001ef8 x16=0x80001c54
       16055000	      1604	80000f04	26d918b7	lui	x17,0x26d91	 x17=0x26d91000
       16065000	      1605	80000f08	203cfb93	andi	x23,x25,515	 x25:0xfffff802 x23=0x00000002
       16075000	      1606	80000f0c	41f108b3	sub	x17,x2,x31	  x2:0xffffffff x31:0x0000005c x17=0xffffffa3
       16085000	      1607	80000f10	0115e6b3	or	x13,x11,x17	 x11:0x00000001 x17:0xffffffa3 x13=0xffffffa3
       16095000	      1608	80000f14	401fd433	sra	x8,x31,x1	 x31:0x0000005c  x1:0x00000002  x8=0x00000017
       16105000	      1609	80000f18	00ee46b3	xor	x13,x28,x14	 x28:0x00000002 x14:0x000002f0 x13=0x000002f2
       16115000	      1610	80000f1c	6073a213	slti	x4,x7,1543	  x7:0x00000080  x4=0x00000001
       16125000	      1611	80000f20	05e80813	addi	x16,x16,94	 x16:0x80001c54 x16=0x80001cb2
       16135000	      1612	80000f24	5493e293	ori	x5,x7,1353	  x7:0x00000080  x5=0x000005c9
       16145000	      1613	80000f28	004158b3	srl	x17,x2,x4	  x2:0xffffffff  x4:0x00000001 x17=0x7fffffff
       16155000	      1614	80000f2c	fa2800e7	jalr	x1,x16,-94	 x16:0x80001cb2  x1=0x80000f2c
       16165000	      1615	00000000	00000013	addi	x0,x0,0	  x0:0x00000000
       16175000	      1616	80001c54	00000013	addi	x0,x0,0	  x0:0x00000000
       16185000	      1617	80001c58	01a1f463	bgeu	x3,x26,80001c60	  x3:0x00000000 x26:0xffffffff
       16195000	      1618	80001c5c	e37ed217	auipc	x4,0xe37ed	  x4=0x637eec58
       16205000	      1619	80001c60	fcc60613	addi	x12,x12,-52	 x12:0x80009f84 x12=0x80009f50
       16215000	      1620	80001c64	417e5513	srai	x10,x28,0x17	 x28:0x00000002 x10=0x00000000
       16225000	      1621	80001c68	01b29013	slli	x0,x5,0x1b	  x5:0x000005c9
       16235000	      1622	80001c6c	01b1fbb3	and	x23,x3,x27	  x3:0x00000000 x27:0x00000000 x23=0x00000000
       16245000	      1623	80001c70	01b71913	slli	x18,x14,0x1b	 x14:0x000002f0 x18=0x80000000
       16255000	      1624	80001c74	000b24b3	slt	x9,x22,x0	 x22:0x00000080  x0:0x00000000  x9=0x00000000
       16265000	      1625	80001c78	7dbe6a93	ori	x21,x28,2011	 x28:0x00000002 x21=0x000007db
       16275000	      1626	80001c7c	00162223	sw	x1,4(x12)	 x12:0x80009f50  x1:0x80000f2c PA:0x80009f54
       16285000	      1627	80001c80	00760533	add	x10,x12,x7	 x12:0x80009f50  x7:0x00000080 x10=0x80009fd0
       16295000	      1628	80001c84	00400813	addi	x16,x0,4	  x0:0x00000000 x16=0x00000004
       16305000	      1629	80001c88	40338cb3	sub	x25,x7,x3	  x7:0x00000080  x3:0x00000000 x25=0x00000080
       16315000	      1630	80001c8c	53d19d37	lui	x26,0x53d19	 x26=0x53d19000
       16325000	      1631	80001c90	6fafc013	xori	x0,x31,1786	 x31:0x0000005c
       16335000	      1632	80001c94	01300b93	addi	x23,x0,19	  x0:0x00000000 x23=0x00000013
       16345000	      1633	80001c98	10b96d13	ori	x26,x18,267	 x18:0x80000000 x26=0x8000010b
       16355000	      1634	80001c9c	006493b3	sll	x7,x9,x6	  x9:0x00000000  x6:0x00000001  x7=0x00000000
       16365000	      1635	80001ca0	ab4bd697	auipc	x13,0xab4bd	 x13=0x2b4bec9c
       16375000	      1636	80001ca4	40b9df93	srai	x31,x19,0xb	 x19:0x0000000e x31=0x00000000
       16385000	      1637	80001ca8	00580813	addi	x16,x16,5	 x16:0x00000004 x16=0x00000009
       16395000	      1638	80001cac	005a4eb3	xor	x29,x20,x5	 x20:0x00000001  x5:0x000005c9 x29=0x000005c8
       16405000	      1639	80001cb0	ffc00a93	addi	x21,x0,-4	  x0:0x00000000 x21=0xfffffffc
       16415000	      1640	80001cb4	417d8e33	sub	x28,x27,x23	 x27:0x00000000 x23:0x00000013 x28=0xffffffed
       16425000	      1641	80001cb8	48638d13	addi	x26,x7,1158	  x7:0x00000000 x26=0x00000486
       16435000	      1642	80001cbc	009d5fb3	srl	x31,x26,x9	 x26:0x00000486  x9:0x00000000 x31=0x00000486
       16445000	      1643	80001cc0	00600193	addi	x3,x0,6	  x0:0x00000000  x3=0x00000006
       16455000	      1644	80001cc4	00fc2fb3	slt	x31,x24,x15	 x24:0xfffffde2 x15:0x80009fc4 x31=0x00000000
       16465000	      1645	80001cc8	016554b3	srl	x9,x10,x22	 x10:0x80009fd0 x22:0x00000080  x9=0x80009fd0
       16475000	      1646	80001ccc	20349d37	lui	x26,0x20349	 x26=0x20349000
       16485000	      1647	80001cd0	00d89f13	slli	x30,x17,0xd	 x17:0x7fffffff x30=0xffffe000
       16495000	      1648	80001cd4	3f145897	auipc	x17,0x3f145	 x17=0xbf146cd0
       16505000	      1649	80001cd8	41fbdc13	srai	x24,x23,0x1f	 x23:0x00000013 x24=0x00000000
       16515000	      1650	80001cdc	001a8a93	addi	x21,x21,1	 x21:0xfffffffc x21=0xfffffffd
       16525000	      1651	80001ce0	89a6e413	ori	x8,x13,-1894	 x13:0x2b4bec9c  x8=0xfffffc9e
       16535000	      1652	80001ce4	fe3a98e3	bne	x21,x3,80001cd4	 x21:0xfffffffd  x3:0x00000006
       16545000	      1653	00000000	00000013	addi	x0,x0,0	  x0:0x00000000
       16555000	      1654	80001cd0	00000013	addi	x0,x0,0	  x0:0x00000000
       16565000	      1655	80001cd4	3f145897	auipc	x17,0x3f145	 x17=0xbf146cd0
       16575000	      1656	80001cd8	41fbdc13	srai	x24,x23,0x1f	 x23:0x00000013 x24=0x00000000
       16585000	      1657	80001cdc	001a8a93	addi	x21,x21,1	 x21:0xfffffffd x21=0xfffffffe
       16595000	      1658	80001ce0	89a6e413	ori	x8,x13,-1894	 x13:0x2b4bec9c  x8=0xfffffc9e
       16605000	      1659	80001ce4	fe3a98e3	bne	x21,x3,80001cd4	 x21:0xfffffffe  x3:0x00000006
       16615000	      1660	00000000	00000013	addi	x0,x0,0	  x0:0x00000000
       16625000	      1661	80001cd0	00000013	addi	x0,x0,0	  x0:0x00000000
       16635000	      1662	80001cd4	3f145897	auipc	x17,0x3f145	 x17=0xbf146cd0
       16645000	      1663	80001cd8	41fbdc13	srai	x24,x23,0x1f	 x23:0x00000013 x24=0x00000000
       16655000	      1664	80001cdc	001a8a93	addi	x21,x21,1	 x21:0xfffffffe x21=0xffffffff
       16665000	      1665	80001ce0	89a6e413	ori	x8,x13,-1894	 x13:0x2b4bec9c  x8=0xfffffc9e
       16675000	      1666	80001ce4	fe3a98e3	bne	x21,x3,80001cd4	 x21:0xffffffff  x3:0x00000006
       16685000	      1667	00000000	00000013	addi	x0,x0,0	  x0:0x00000000
       16695000	      1668	80001cd0	00000013	addi	x0,x0,0	  x0:0x00000000
       16705000	      1669	80001cd4	3f145897	auipc	x17,0x3f145	 x17=0xbf146cd0
       16715000	      1670	80001cd8	41fbdc13	srai	x24,x23,0x1f	 x23:0x00000013 x24=0x00000000
       16725000	      1671	80001cdc	001a8a93	addi	x21,x21,1	 x21:0xffffffff x21=0x00000000
       16735000	      1672	80001ce0	89a6e413	ori	x8,x13,-1894	 x13:0x2b4bec9c  x8=0xfffffc9e
       16745000	      1673	80001ce4	fe3a98e3	bne	x21,x3,80001cd4	 x21:0x00000000  x3:0x00000006
       16755000	      1674	00000000	00000013	addi	x0,x0,0	  x0:0x00000000
       16765000	      1675	80001cd0	00000013	addi	x0,x0,0	  x0:0x00000000
       16775000	      1676	80001cd4	3f145897	auipc	x17,0x3f145	 x17=0xbf146cd0
       16785000	      1677	80001cd8	41fbdc13	srai	x24,x23,0x1f	 x23:0x00000013 x24=0x00000000
       16795000	      1678	80001cdc	001a8a93	addi	x21,x21,1	 x21:0x00000000 x21=0x00000001
       16805000	      1679	80001ce0	89a6e413	ori	x8,x13,-1894	 x13:0x2b4bec9c  x8=0xfffffc9e
       16815000	      1680	80001ce4	fe3a98e3	bne	x21,x3,80001cd4	 x21:0x00000001  x3:0x00000006
       16825000	      1681	00000000	00000013	addi	x0,x0,0	  x0:0x00000000
       16835000	      1682	80001cd0	00000013	addi	x0,x0,0	  x0:0x00000000
       16845000	      1683	80001cd4	3f145897	auipc	x17,0x3f145	 x17=0xbf146cd0
       16855000	      1684	80001cd8	41fbdc13	srai	x24,x23,0x1f	 x23:0x00000013 x24=0x00000000
       16865000	      1685	80001cdc	001a8a93	addi	x21,x21,1	 x21:0x00000001 x21=0x00000002
       16875000	      1686	80001ce0	89a6e413	ori	x8,x13,-1894	 x13:0x2b4bec9c  x8=0xfffffc9e
       16885000	      1687	80001ce4	fe3a98e3	bne	x21,x3,80001cd4	 x21:0x00000002  x3:0x00000006
       16895000	      1688	00000000	00000013	addi	x0,x0,0	  x0:0x00000000
       16905000	      1689	80001cd0	00000013	addi	x0,x0,0	  x0:0x00000000
       16915000	      1690	80001cd4	3f145897	auipc	x17,0x3f145	 x17=0xbf146cd0
       16925000	      1691	80001cd8	41fbdc13	srai	x24,x23,0x1f	 x23:0x00000013 x24=0x00000000
       16935000	      1692	80001cdc	001a8a93	addi	x21,x21,1	 x21:0x00000002 x21=0x00000003
       16945000	      1693	80001ce0	89a6e413	ori	x8,x13,-1894	 x13:0x2b4bec9c  x8=0xfffffc9e
       16955000	      1694	80001ce4	fe3a98e3	bne	x21,x3,80001cd4	 x21:0x00000003  x3:0x00000006
       16965000	      1695	00000000	00000013	addi	x0,x0,0	  x0:0x00000000
       16975000	      1696	80001cd0	00000013	addi	x0,x0,0	  x0:0x00000000
       16985000	      1697	80001cd4	3f145897	auipc	x17,0x3f145	 x17=0xbf146cd0
       16995000	      1698	80001cd8	41fbdc13	srai	x24,x23,0x1f	 x23:0x00000013 x24=0x00000000
       17005000	      1699	80001cdc	001a8a93	addi	x21,x21,1	 x21:0x00000003 x21=0x00000004
       17015000	      1700	80001ce0	89a6e413	ori	x8,x13,-1894	 x13:0x2b4bec9c  x8=0xfffffc9e
       17025000	      1701	80001ce4	fe3a98e3	bne	x21,x3,80001cd4	 x21:0x00000004  x3:0x00000006
       17035000	      1702	00000000	00000013	addi	x0,x0,0	  x0:0x00000000
       17045000	      1703	80001cd0	00000013	addi	x0,x0,0	  x0:0x00000000
       17055000	      1704	80001cd4	3f145897	auipc	x17,0x3f145	 x17=0xbf146cd0
       17065000	      1705	80001cd8	41fbdc13	srai	x24,x23,0x1f	 x23:0x00000013 x24=0x00000000
       17075000	      1706	80001cdc	001a8a93	addi	x21,x21,1	 x21:0x00000004 x21=0x00000005
       17085000	      1707	80001ce0	89a6e413	ori	x8,x13,-1894	 x13:0x2b4bec9c  x8=0xfffffc9e
       17095000	      1708	80001ce4	fe3a98e3	bne	x21,x3,80001cd4	 x21:0x00000005  x3:0x00000006
       17105000	      1709	00000000	00000013	addi	x0,x0,0	  x0:0x00000000
       17115000	      1710	80001cd0	00000013	addi	x0,x0,0	  x0:0x00000000
       17125000	      1711	80001cd4	3f145897	auipc	x17,0x3f145	 x17=0xbf146cd0
       17135000	      1712	80001cd8	41fbdc13	srai	x24,x23,0x1f	 x23:0x00000013 x24=0x00000000
       17145000	      1713	80001cdc	001a8a93	addi	x21,x21,1	 x21:0x00000005 x21=0x00000006
       17155000	      1714	80001ce0	89a6e413	ori	x8,x13,-1894	 x13:0x2b4bec9c  x8=0xfffffc9e
       17165000	      1715	80001ce4	fe3a98e3	bne	x21,x3,80001cd4	 x21:0x00000006  x3:0x00000006
       17175000	      1716	80001ce8	2c98ff13	andi	x30,x17,713	 x17:0xbf146cd0 x30=0x000000c0
       17185000	      1717	80001cec	fb780ae3	beq	x16,x23,80001ca0	 x16:0x00000009 x23:0x00000013
       17195000	      1718	80001cf0	325d3e13	sltiu	x28,x26,805	 x26:0x20349000 x28=0x00000000
       17205000	      1719	80001cf4	00000c93	addi	x25,x0,0	  x0:0x00000000 x25=0x00000000
       17215000	      1720	80001cf8	017fbc33	sltu	x24,x31,x23	 x31:0x00000000 x23:0x00000013 x24=0x00000001
       17225000	      1721	80001cfc	00740ab3	add	x21,x8,x7	  x8:0xfffffc9e  x7:0x00000000 x21=0xfffffc9e
       17235000	      1722	80001d00	ff500913	addi	x18,x0,-11	  x0:0x00000000 x18=0xfffffff5
       17245000	      1723	80001d04	00b1cab3	xor	x21,x3,x11	  x3:0x00000006 x11:0x00000001 x21=0x00000007
       17255000	      1724	80001d08	00b0fdb3	and	x27,x1,x11	  x1:0x80000f2c x11:0x00000001 x27=0x00000000
       17265000	      1725	80001d0c	4fdc0037	lui	x0,0x4fdc0	
       17275000	      1726	80001d10	009eb833	sltu	x16,x29,x9	 x29:0x000005c8  x9:0x80009fd0 x16=0x00000001
       17285000	      1727	80001d14	ff6c8c93	addi	x25,x25,-10	 x25:0x00000000 x25=0xfffffff6
       17295000	      1728	80001d18	001bfeb3	and	x29,x23,x1	 x23:0x00000013  x1:0x80000f2c x29=0x00000000
       17305000	      1729	80001d1c	01bedb13	srli	x22,x29,0x1b	 x29:0x00000000 x22=0x00000000
       17315000	      1730	80001d20	3e77ba93	sltiu	x21,x15,999	 x15:0x80009fc4 x21=0x00000000
       17325000	      1731	80001d24	8a60ed13	ori	x26,x1,-1882	  x1:0x80000f2c x26=0xffffffae
       17335000	      1732	80001d28	ff2cd2e3	bge	x25,x18,80001d0c	 x25:0xfffffff6 x18:0xfffffff5
       17345000	      1733	00000000	00000013	addi	x0,x0,0	  x0:0x00000000
       17355000	      1734	80001d08	00000013	addi	x0,x0,0	  x0:0x00000000
       17365000	      1735	80001d0c	4fdc0037	lui	x0,0x4fdc0	
       17375000	      1736	80001d10	009eb833	sltu	x16,x29,x9	 x29:0x00000000  x9:0x80009fd0 x16=0x00000001
       17385000	      1737	80001d14	ff6c8c93	addi	x25,x25,-10	 x25:0xfffffff6 x25=0xffffffec
       17395000	      1738	80001d18	001bfeb3	and	x29,x23,x1	 x23:0x00000013  x1:0x80000f2c x29=0x00000000
       17405000	      1739	80001d1c	01bedb13	srli	x22,x29,0x1b	 x29:0x00000000 x22=0x00000000
       17415000	      1740	80001d20	3e77ba93	sltiu	x21,x15,999	 x15:0x80009fc4 x21=0x00000000
       17425000	      1741	80001d24	8a60ed13	ori	x26,x1,-1882	  x1:0x80000f2c x26=0xffffffae
       17435000	      1742	80001d28	ff2cd2e3	bge	x25,x18,80001d0c	 x25:0xffffffec x18:0xfffffff5
       17445000	      1743	80001d2c	014a9b93	slli	x23,x21,0x14	 x21:0x00000000 x23=0x00000000
       17455000	      1744	80001d30	ff900e13	addi	x28,x0,-7	  x0:0x00000000 x28=0xfffffff9
       17465000	      1745	80001d34	41888eb3	sub	x29,x17,x24	 x17:0xbf146cd0 x24:0x00000001 x29=0xbf146ccf
       17475000	      1746	80001d38	fff00a93	addi	x21,x0,-1	  x0:0x00000000 x21=0xffffffff
       17485000	      1747	80001d3c	01f090b3	sll	x1,x1,x31	  x1:0x80000f2c x31:0x00000000  x1=0x80000f2c
       17495000	      1748	80001d40	0179a733	slt	x14,x19,x23	 x19:0x0000000e x23:0x00000000 x14=0x00000000
       17505000	      1749	80001d44	413980b3	sub	x1,x19,x19	 x19:0x0000000e x19:0x0000000e  x1=0x00000000
       17515000	      1750	80001d48	006e0e13	addi	x28,x28,6	 x28:0xfffffff9 x28=0xffffffff
       17525000	      1751	80001d4c	000a23b3	slt	x7,x20,x0	 x20:0x00000001  x0:0x00000000  x7=0x00000000
       17535000	      1752	80001d50	ffb00b13	addi	x22,x0,-5	  x0:0x00000000 x22=0xfffffffb
       17545000	      1753	80001d54	006786b3	add	x13,x15,x6	 x15:0x80009fc4  x6:0x00000001 x13=0x80009fc5
       17555000	      1754	80001d58	00800a13	addi	x20,x0,8	  x0:0x00000000 x20=0x00000008
       17565000	      1755	80001d5c	00a59733	sll	x14,x11,x10	 x11:0x00000001 x10:0x80009fd0 x14=0x00010000
       17575000	      1756	80001d60	e1e18d93	addi	x27,x3,-482	  x3:0x00000006 x27=0xfffffe24
       17585000	      1757	80001d64	01f0f833	and	x16,x1,x31	  x1:0x00000000 x31:0x00000000 x16=0x00000000
       17595000	      1758	80001d68	002b0b13	addi	x22,x22,2	 x22:0xfffffffb x22=0xfffffffd
       17605000	      1759	80001d6c	65020913	addi	x18,x4,1616	  x4:0x637eec58 x18=0x637ef2a8
       17615000	      1760	80001d70	ff4b68e3	bltu	x22,x20,80001d60	 x22:0xfffffffd x20:0x00000008
       17625000	      1761	80001d74	fd5e08e3	beq	x28,x21,80001d44	 x28:0xffffffff x21:0xffffffff
       17635000	      1762	00000000	00000013	addi	x0,x0,0	  x0:0x00000000
       17645000	      1763	80001d40	00000013	addi	x0,x0,0	  x0:0x00000000
       17655000	      1764	80001d44	413980b3	sub	x1,x19,x19	 x19:0x0000000e x19:0x0000000e  x1=0x00000000
       17665000	      1765	80001d48	006e0e13	addi	x28,x28,6	 x28:0xffffffff x28=0x00000005
       17675000	      1766	80001d4c	000a23b3	slt	x7,x20,x0	 x20:0x00000008  x0:0x00000000  x7=0x00000000
       17685000	      1767	80001d50	ffb00b13	addi	x22,x0,-5	  x0:0x00000000 x22=0xfffffffb
       17695000	      1768	80001d54	006786b3	add	x13,x15,x6	 x15:0x80009fc4  x6:0x00000001 x13=0x80009fc5
       17705000	      1769	80001d58	00800a13	addi	x20,x0,8	  x0:0x00000000 x20=0x00000008
       17715000	      1770	80001d5c	00a59733	sll	x14,x11,x10	 x11:0x00000001 x10:0x80009fd0 x14=0x00010000
       17725000	      1771	80001d60	e1e18d93	addi	x27,x3,-482	  x3:0x00000006 x27=0xfffffe24
       17735000	      1772	80001d64	01f0f833	and	x16,x1,x31	  x1:0x00000000 x31:0x00000000 x16=0x00000000
       17745000	      1773	80001d68	002b0b13	addi	x22,x22,2	 x22:0xfffffffb x22=0xfffffffd
       17755000	      1774	80001d6c	65020913	addi	x18,x4,1616	  x4:0x637eec58 x18=0x637ef2a8
       17765000	      1775	80001d70	ff4b68e3	bltu	x22,x20,80001d60	 x22:0xfffffffd x20:0x00000008
       17775000	      1776	80001d74	fd5e08e3	beq	x28,x21,80001d44	 x28:0x00000005 x21:0xffffffff
       17785000	      1777	80001d78	00c81d13	slli	x26,x16,0xc	 x16:0x00000000 x26=0x00000000
       17795000	      1778	80001d7c	00800913	addi	x18,x0,8	  x0:0x00000000 x18=0x00000008
       17805000	      1779	80001d80	00600193	addi	x3,x0,6	  x0:0x00000000  x3=0x00000006
       17815000	      1780	80001d84	37563413	sltiu	x8,x12,885	 x12:0x80009f50  x8=0x00000000
       17825000	      1781	80001d88	40c1d5b3	sra	x11,x3,x12	  x3:0x00000006 x12:0x80009f50 x11=0x00000000
       17835000	      1782	80001d8c	01371b33	sll	x22,x14,x19	 x14:0x00010000 x19:0x0000000e x22=0x40000000
       17845000	      1783	80001d90	003f52b3	srl	x5,x30,x3	 x30:0x000000c0  x3:0x00000006  x5=0x00000003
       17855000	      1784	80001d94	0cfe8ab7	lui	x21,0xcfe8	 x21=0x0cfe8000
       17865000	      1785	80001d98	00d313b3	sll	x7,x6,x13	  x6:0x00000001 x13:0x80009fc5  x7=0x00000020
       17875000	      1786	80001d9c	01f85e13	srli	x28,x16,0x1f	 x16:0x00000000 x28=0x00000000
       17885000	      1787	80001da0	019055b3	srl	x11,x0,x25	  x0:0x00000000 x25:0xffffffec x11=0x00000000
       17895000	      1788	80001da4	01ba9c33	sll	x24,x21,x27	 x21:0x0cfe8000 x27:0xfffffe24 x24=0xcfe80000
       17905000	      1789	80001da8	0057d513	srli	x10,x15,0x5	 x15:0x80009fc4 x10=0x040004fe
       17915000	      1790	80001dac	d1cc2713	slti	x14,x24,-740	 x24:0xcfe80000 x14=0x00000001
       17925000	      1791	80001db0	01259333	sll	x6,x11,x18	 x11:0x00000000 x18:0x00000008  x6=0x00000000
       17935000	      1792	80001db4	00c4fbb3	and	x23,x9,x12	  x9:0x80009fd0 x12:0x80009f50 x23=0x80009f50
       17945000	      1793	80001db8	00cdab33	slt	x22,x27,x12	 x27:0xfffffe24 x12:0x80009f50 x22=0x00000000
       17955000	      1794	80001dbc	41b1d693	srai	x13,x3,0x1b	  x3:0x00000006 x13=0x00000000
       17965000	      1795	80001dc0	94727413	andi	x8,x4,-1721	  x4:0x637eec58  x8=0x637ee840
       17975000	      1796	80001dc4	00140c33	add	x24,x8,x1	  x8:0x637ee840  x1:0x00000000 x24=0x637ee840
       17985000	      1797	80001dc8	ffb90913	addi	x18,x18,-5	 x18:0x00000008 x18=0x00000003
       17995000	      1798	80001dcc	40af83b3	sub	x7,x31,x10	 x31:0x00000000 x10:0x040004fe  x7=0xfbfffb02
       18005000	      1799	80001dd0	789c9b97	auipc	x23,0x789c9	 x23=0xf89cadcc
       18015000	      1800	80001dd4	c4a52f97	auipc	x31,0xc4a52	 x31=0x44a53dd0
       18025000	      1801	80001dd8	0144bc93	sltiu	x25,x9,20	  x9:0x80009fd0 x25=0x00000000
       18035000	      1802	80001ddc	410c5693	srai	x13,x24,0x10	 x24:0x637ee840 x13=0x0000637e
       18045000	      1803	80001de0	013012b3	sll	x5,x0,x19	  x0:0x00000000 x19:0x0000000e  x5=0x00000000
       18055000	      1804	80001de4	fc397ee3	bgeu	x18,x3,80001dc0	 x18:0x00000003  x3:0x00000006
       18065000	      1805	80001de8	00000013	addi	x0,x0,0	  x0:0x00000000
       18075000	      1806	80001dec	00000113	addi	x2,x0,0	  x0:0x00000000  x2=0x00000000
       18085000	      1807	80001df0	50163513	sltiu	x10,x12,1281	 x12:0x80009f50 x10=0x00000000
       18095000	      1808	80001df4	6bedf713	andi	x14,x27,1726	 x27:0xfffffe24 x14=0x00000624
       18105000	      1809	80001df8	ff000d93	addi	x27,x0,-16	  x0:0x00000000 x27=0xfffffff0
       18115000	      1810	80001dfc	01d0c233	xor	x4,x1,x29	  x1:0x00000000 x29:0xbf146ccf  x4=0xbf146ccf
       18125000	      1811	80001e00	01f4ff33	and	x30,x9,x31	  x9:0x80009fd0 x31:0x44a53dd0 x30=0x00001dd0
       18135000	      1812	80001e04	00473a33	sltu	x20,x14,x4	 x14:0x00000624  x4:0xbf146ccf x20=0x00000001
       18145000	      1813	80001e08	ff810113	addi	x2,x2,-8	  x2:0x00000000  x2=0xfffffff8
       18155000	      1814	80001e0c	014100b3	add	x1,x2,x20	  x2:0xfffffff8 x20:0x00000001  x1=0xfffffff9
       18165000	      1815	80001e10	41acdd13	srai	x26,x25,0x1a	 x25:0x00000000 x26=0x00000000
       18175000	      1816	80001e14	018c43b3	xor	x7,x24,x24	 x24:0x637ee840 x24:0x637ee840  x7=0x00000000
       18185000	      1817	80001e18	69edbf93	sltiu	x31,x27,1694	 x27:0xfffffff0 x31=0x00000000
       18195000	      1818	80001e1c	004c3d33	sltu	x26,x24,x4	 x24:0x637ee840  x4:0xbf146ccf x26=0x00000001
       18205000	      1819	80001e20	403e84b3	sub	x9,x29,x3	 x29:0xbf146ccf  x3:0x00000006  x9=0xbf146cc9
       18215000	      1820	80001e24	fdb11ce3	bne	x2,x27,80001dfc	  x2:0xfffffff8 x27:0xfffffff0
       18225000	      1821	00000000	00000013	addi	x0,x0,0	  x0:0x00000000
       18235000	      1822	80001df8	00000013	addi	x0,x0,0	  x0:0x00000000
       18245000	      1823	80001dfc	01d0c233	xor	x4,x1,x29	  x1:0xfffffff9 x29:0xbf146ccf  x4=0x40eb9336
       18255000	      1824	80001e00	01f4ff33	and	x30,x9,x31	  x9:0xbf146cc9 x31:0x00000000 x30=0x00000000
       18265000	      1825	80001e04	00473a33	sltu	x20,x14,x4	 x14:0x00000624  x4:0x40eb9336 x20=0x00000001
       18275000	      1826	80001e08	ff810113	addi	x2,x2,-8	  x2:0xfffffff8  x2=0xfffffff0
       18285000	      1827	80001e0c	014100b3	add	x1,x2,x20	  x2:0xfffffff0 x20:0x00000001  x1=0xfffffff1
       18295000	      1828	80001e10	41acdd13	srai	x26,x25,0x1a	 x25:0x00000000 x26=0x00000000
       18305000	      1829	80001e14	018c43b3	xor	x7,x24,x24	 x24:0x637ee840 x24:0x637ee840  x7=0x00000000
       18315000	      1830	80001e18	69edbf93	sltiu	x31,x27,1694	 x27:0xfffffff0 x31=0x00000000
       18325000	      1831	80001e1c	004c3d33	sltu	x26,x24,x4	 x24:0x637ee840  x4:0x40eb9336 x26=0x00000000
       18335000	      1832	80001e20	403e84b3	sub	x9,x29,x3	 x29:0xbf146ccf  x3:0x00000006  x9=0xbf146cc9
       18345000	      1833	80001e24	fdb11ce3	bne	x2,x27,80001dfc	  x2:0xfffffff0 x27:0xfffffff0
       18355000	      1834	80001e28	40f4d4b3	sra	x9,x9,x15	  x9:0xbf146cc9 x15:0x80009fc4  x9=0xfbf146cc
       18365000	      1835	80001e2c	013e7f33	and	x30,x28,x19	 x28:0x00000000 x19:0x0000000e x30=0x00000000
       18375000	      1836	80001e30	01575033	srl	x0,x14,x21	 x14:0x00000624 x21:0x0cfe8000
       18385000	      1837	80001e34	a3833193	sltiu	x3,x6,-1480	  x6:0x00000000  x3=0x00000001
       18395000	      1838	80001e38	4098d533	sra	x10,x17,x9	 x17:0xbf146cd0  x9:0xfbf146cc x10=0xfffbf146
       18405000	      1839	80001e3c	00bea5b3	slt	x11,x29,x11	 x29:0xbf146ccf x11:0x00000000 x11=0x00000001
       18415000	      1840	80001e40	00dfdb33	srl	x22,x31,x13	 x31:0x00000000 x13:0x0000637e x22=0x00000000
       18425000	      1841	80001e44	40b1d513	srai	x10,x3,0xb	  x3:0x00000001 x10=0x00000000
       18435000	      1842	80001e48	00814133	xor	x2,x2,x8	  x2:0xfffffff0  x8:0x637ee840  x2=0x9c8117b0
       18445000	      1843	80001e4c	0641d463	bge	x3,x4,80001eb4	  x3:0x00000001  x4:0x40eb9336
       18455000	      1844	80001e50	019d5393	srli	x7,x26,0x19	 x26:0x00000000  x7=0x00000000
       18465000	      1845	80001e54	00ff2c33	slt	x24,x30,x15	 x30:0x00000000 x15:0x80009fc4 x24=0x00000000
       18475000	      1846	80001e58	08474663	blt	x14,x4,80001ee4	 x14:0x00000624  x4:0x40eb9336
       18485000	      1847	00000000	00000013	addi	x0,x0,0	  x0:0x00000000
       18495000	      1848	80001ee0	00000013	addi	x0,x0,0	  x0:0x00000000
       18505000	      1849	80001ee4	02a31c63	bne	x6,x10,80001f1c	  x6:0x00000000 x10:0x00000000
       18515000	      1850	80001ee8	01b59e93	slli	x29,x11,0x1b	 x11:0x00000001 x29=0x08000000
       18525000	      1851	80001eec	01e9f233	and	x4,x19,x30	 x19:0x0000000e x30:0x00000000  x4=0x00000000
       18535000	      1852	80001ef0	01f8c6b3	xor	x13,x17,x31	 x17:0xbf146cd0 x31:0x00000000 x13=0xbf146cd0
       18545000	      1853	80001ef4	033cc863	blt	x25,x19,80001f24	 x25:0x00000000 x19:0x0000000e
       18555000	      1854	00000000	00000013	addi	x0,x0,0	  x0:0x00000000
       18565000	      1855	80001f20	00000013	addi	x0,x0,0	  x0:0x00000000
       18575000	      1856	80001f24	a2e17893	andi	x17,x2,-1490	  x2:0x9c8117b0 x17=0x9c811220
       18585000	      1857	80001f28	006a7fb3	and	x31,x20,x6	 x20:0x00000001  x6:0x00000000 x31=0x00000000
       18595000	      1858	80001f2c	01831a63	bne	x6,x24,80001f40	  x6:0x00000000 x24:0x00000000
       18605000	      1859	80001f30	007e0333	add	x6,x28,x7	 x28:0x00000000  x7:0x00000000  x6=0x00000000
       18615000	      1860	80001f34	044af263	bgeu	x21,x4,80001f78	 x21:0x0cfe8000  x4:0x00000000
       18625000	      1861	00000000	00000013	addi	x0,x0,0	  x0:0x00000000
       18635000	      1862	80001f74	00000013	addi	x0,x0,0	  x0:0x00000000
       18645000	      1863	80001f78	000620b3	slt	x1,x12,x0	 x12:0x80009f50  x0:0x00000000  x1=0x00000001
       18655000	      1864	80001f7c	c25b6f13	ori	x30,x22,-987	 x22:0x00000000 x30=0xfffffc25
       18665000	      1865	80001f80	d5e10c17	auipc	x24,0xd5e10	 x24=0x55e11f7c
       18675000	      1866	80001f84	01aa6033	or	x0,x20,x26	 x20:0x00000001 x26:0x00000000
       18685000	      1867	80001f88	0035fd33	and	x26,x11,x3	 x11:0x00000001  x3:0x00000001 x26=0x00000001
       18695000	      1868	80001f8c	013e81b3	add	x3,x29,x19	 x29:0x08000000 x19:0x0000000e  x3=0x0800000e
       18705000	      1869	80001f90	00c23c33	sltu	x24,x4,x12	  x4:0x00000000 x12:0x80009f50 x24=0x00000001
       18715000	      1870	80001f94	00000013	addi	x0,x0,0	  x0:0x00000000
       18725000	      1871	80001f98	00000013	addi	x0,x0,0	  x0:0x00000000
       18735000	      1872	80001f9c	d1fd3593	sltiu	x11,x26,-737	 x26:0x00000001 x11=0x00000001
       18745000	      1873	80001fa0	01a95c63	bge	x18,x26,80001fb8	 x18:0x00000003 x26:0x00000001
       18755000	      1874	00000000	00000013	addi	x0,x0,0	  x0:0x00000000
       18765000	      1875	80001fb4	00000013	addi	x0,x0,0	  x0:0x00000000
       18775000	      1876	80001fb8	40cddd33	sra	x26,x27,x12	 x27:0xfffffff0 x12:0x80009f50 x26=0xffffffff
       18785000	      1877	80001fbc	04cc1317	auipc	x6,0x4cc1	  x6=0x84cc2fb8
       18795000	      1878	80001fc0	00a6ccb3	xor	x25,x13,x10	 x13:0xbf146cd0 x10:0x00000000 x25=0xbf146cd0
       18805000	      1879	80001fc4	44493193	sltiu	x3,x18,1092	 x18:0x00000003  x3=0x00000001
       18815000	      1880	80001fc8	3b497093	andi	x1,x18,948	 x18:0x00000003  x1=0x00000000
       18825000	      1881	80001fcc	00e0d393	srli	x7,x1,0xe	  x1:0x00000000  x7=0x00000000
       18835000	      1882	80001fd0	a291bc13	sltiu	x24,x3,-1495	  x3:0x00000001 x24=0x00000001
       18845000	      1883	80001fd4	32654b93	xori	x23,x10,806	 x10:0x00000000 x23=0x00000326
       18855000	      1884	80001fd8	6fd2dcb7	lui	x25,0x6fd2d	 x25=0x6fd2d000
       18865000	      1885	80001fdc	036a5c63	bge	x20,x22,80002014	 x20:0x00000001 x22:0x00000000
       18875000	      1886	00000000	00000013	addi	x0,x0,0	  x0:0x00000000
       18885000	      1887	80002010	00000013	addi	x0,x0,0	  x0:0x00000000
       18895000	      1888	80002014	e3f16593	ori	x11,x2,-449	  x2:0x9c8117b0 x11=0xffffffbf
       18905000	      1889	80002018	9c13cd13	xori	x26,x7,-1599	  x7:0x00000000 x26=0xfffff9c1
       18915000	      1890	8000201c	e2233f93	sltiu	x31,x6,-478	  x6:0x84cc2fb8 x31=0x00000001
       18925000	      1891	80002020	011ac233	xor	x4,x21,x17	 x21:0x0cfe8000 x17:0x9c811220  x4=0x907f9220
       18935000	      1892	80002024	04807463	bgeu	x0,x8,8000206c	  x0:0x00000000  x8:0x637ee840
       18945000	      1893	80002028	01a4ea63	bltu	x9,x26,8000203c	  x9:0xfbf146cc x26:0xfffff9c1
       18955000	      1894	00000000	00000013	addi	x0,x0,0	  x0:0x00000000
       18965000	      1895	80002038	00000013	addi	x0,x0,0	  x0:0x00000000
       18975000	      1896	8000203c	017323b3	slt	x7,x6,x23	  x6:0x84cc2fb8 x23:0x00000326  x7=0x00000001
       18985000	      1897	80002040	018d9b33	sll	x22,x27,x24	 x27:0xfffffff0 x24:0x00000001 x22=0xffffffe0
       18995000	      1898	80002044	00000013	addi	x0,x0,0	  x0:0x00000000
       19005000	      1899	80002048	018f9b93	slli	x23,x31,0x18	 x31:0x00000001 x23=0x01000000
       19015000	      1900	8000204c	01e99e63	bne	x19,x30,80002068	 x19:0x0000000e x30:0xfffffc25
       19025000	      1901	00000000	00000013	addi	x0,x0,0	  x0:0x00000000
       19035000	      1902	80002064	00000013	addi	x0,x0,0	  x0:0x00000000
       19045000	      1903	80002068	00da92b3	sll	x5,x21,x13	 x21:0x0cfe8000 x13:0xbf146cd0  x5=0x80000000
       19055000	      1904	8000206c	01ab4a63	blt	x22,x26,80002080	 x22:0xffffffe0 x26:0xfffff9c1
       19065000	      1905	80002070	0140ca33	xor	x20,x1,x20	  x1:0x00000000 x20:0x00000001 x20=0x00000001
       19075000	      1906	80002074	0309d463	bge	x19,x16,8000209c	 x19:0x0000000e x16:0x00000000
       19085000	      1907	00000000	00000013	addi	x0,x0,0	  x0:0x00000000
       19095000	      1908	80002098	00000013	addi	x0,x0,0	  x0:0x00000000
       19105000	      1909	8000209c	01aed033	srl	x0,x29,x26	 x29:0x08000000 x26:0xfffff9c1
       19115000	      1910	800020a0	761f2a13	slti	x20,x30,1889	 x30:0xfffffc25 x20=0x00000001
       19125000	      1911	800020a4	013b1d33	sll	x26,x22,x19	 x22:0xffffffe0 x19:0x0000000e x26=0xfff80000
       19135000	      1912	800020a8	057df263	bgeu	x27,x23,800020ec	 x27:0xfffffff0 x23:0x01000000
       19145000	      1913	00000000	00000013	addi	x0,x0,0	  x0:0x00000000
       19155000	      1914	800020e8	00000013	addi	x0,x0,0	  x0:0x00000000
       19165000	      1915	800020ec	0023f233	and	x4,x7,x2	  x7:0x00000001  x2:0x9c8117b0  x4=0x00000000
       19175000	      1916	800020f0	7ca4d5b7	lui	x11,0x7ca4d	 x11=0x7ca4d000
       19185000	      1917	800020f4	00caf133	and	x2,x21,x12	 x21:0x0cfe8000 x12:0x80009f50  x2=0x00008000
       19195000	      1918	800020f8	40b8d293	srai	x5,x17,0xb	 x17:0x9c811220  x5=0xfff39022
       19205000	      1919	800020fc	00125333	srl	x6,x4,x1	  x4:0x00000000  x1:0x00000000  x6=0x00000000
       19215000	      1920	80002100	a36ea313	slti	x6,x29,-1482	 x29:0x08000000  x6=0x00000000
       19225000	      1921	80002104	41e8dc33	sra	x24,x17,x30	 x17:0x9c811220 x30:0xfffffc25 x24=0xfce40891
       19235000	      1922	80002108	02869863	bne	x13,x8,80002138	 x13:0xbf146cd0  x8:0x637ee840
       19245000	      1923	00000000	00000013	addi	x0,x0,0	  x0:0x00000000
       19255000	      1924	80002134	00000013	addi	x0,x0,0	  x0:0x00000000
       19265000	      1925	80002138	989b7d93	andi	x27,x22,-1655	 x22:0xffffffe0 x27=0xfffff980
       19275000	      1926	8000213c	00000013	addi	x0,x0,0	  x0:0x00000000
       19285000	      1927	80002140	0c9986b7	lui	x13,0xc998	 x13=0x0c998000
       19295000	      1928	80002144	01037863	bgeu	x6,x16,80002154	  x6:0x00000000 x16:0x00000000
       19305000	      1929	00000000	00000013	addi	x0,x0,0	  x0:0x00000000
       19315000	      1930	80002150	00000013	addi	x0,x0,0	  x0:0x00000000
       19325000	      1931	80002154	0040ce63	blt	x1,x4,80002170	  x1:0x00000000  x4:0x00000000
       19335000	      1932	80002158	01e75e93	srli	x29,x14,0x1e	 x14:0x00000624 x29=0x00000000
       19345000	      1933	8000215c	04a59263	bne	x11,x10,800021a0	 x11:0x7ca4d000 x10:0x00000000
       19355000	      1934	00000000	00000013	addi	x0,x0,0	  x0:0x00000000
       19365000	      1935	8000219c	00000013	addi	x0,x0,0	  x0:0x00000000
       19375000	      1936	800021a0	0081d713	srli	x14,x3,0x8	  x3:0x00000001 x14=0x00000000
       19385000	      1937	800021a4	010ec733	xor	x14,x29,x16	 x29:0x00000000 x16:0x00000000 x14=0x00000000
       19395000	      1938	800021a8	00229fb3	sll	x31,x5,x2	  x5:0xfff39022  x2:0x00008000 x31=0xfff39022
       19405000	      1939	800021ac	00721ab3	sll	x21,x4,x7	  x4:0x00000000  x7:0x00000001 x21=0x00000000
       19415000	      1940	800021b0	6e72b413	sltiu	x8,x5,1767	  x5:0xfff39022  x8=0x00000000
       19425000	      1941	800021b4	ac8021b7	lui	x3,0xac802	  x3=0xac802000
       19435000	      1942	800021b8	41ab5db3	sra	x27,x22,x26	 x22:0xffffffe0 x26:0xfff80000 x27=0xffffffe0
       19445000	      1943	800021bc	c260f413	andi	x8,x1,-986	  x1:0x00000000  x8=0x00000000
       19455000	      1944	800021c0	0aa9d463	bge	x19,x10,80002268	 x19:0x0000000e x10:0x00000000
       19465000	      1945	00000000	00000013	addi	x0,x0,0	  x0:0x00000000
       19475000	      1946	80002264	00000013	addi	x0,x0,0	  x0:0x00000000
       19485000	      1947	80002268	009bd393	srli	x7,x23,0x9	 x23:0x01000000  x7=0x00008000
       19495000	      1948	8000226c	032af063	bgeu	x21,x18,8000228c	 x21:0x00000000 x18:0x00000003
       19505000	      1949	80002270	75b77313	andi	x6,x14,1883	 x14:0x00000000  x6=0x00000000
       19515000	      1950	80002274	41068bb3	sub	x23,x13,x16	 x13:0x0c998000 x16:0x00000000 x23=0x0c998000
       19525000	      1951	80002278	01a2e433	or	x8,x5,x26	  x5:0xfff39022 x26:0xfff80000  x8=0xfffb9022
       19535000	      1952	8000227c	40928233	sub	x4,x5,x9	  x5:0xfff39022  x9:0xfbf146cc  x4=0x04024956
       19545000	      1953	80002280	01538733	add	x14,x7,x21	  x7:0x00008000 x21:0x00000000 x14=0x00008000
       19555000	      1954	80002284	61864fb7	lui	x31,0x61864	 x31=0x61864000
       19565000	      1955	80002288	01f71c33	sll	x24,x14,x31	 x14:0x00008000 x31:0x61864000 x24=0x00008000
       19575000	      1956	8000228c	0a5b2093	slti	x1,x22,165	 x22:0xffffffe0  x1=0x00000001
       19585000	      1957	80002290	402d5bb3	sra	x23,x26,x2	 x26:0xfff80000  x2:0x00008000 x23=0xfff80000
       19595000	      1958	80002294	a16dfd13	andi	x26,x27,-1514	 x27:0xffffffe0 x26=0xfffffa00
       19605000	      1959	80002298	00340d33	add	x26,x8,x3	  x8:0xfffb9022  x3:0xac802000 x26=0xac7bb022
       19615000	      1960	8000229c	01805f13	srli	x30,x0,0x18	  x0:0x00000000 x30=0x00000000
       19625000	      1961	800022a0	01a35d13	srli	x26,x6,0x1a	  x6:0x00000000 x26=0x00000000
       19635000	      1962	800022a4	40f35f33	sra	x30,x6,x15	  x6:0x00000000 x15:0x80009fc4 x30=0x00000000
       19645000	      1963	800022a8	000d0c63	beq	x26,x0,800022c0	 x26:0x00000000  x0:0x00000000
       19655000	      1964	00000000	00000013	addi	x0,x0,0	  x0:0x00000000
       19665000	      1965	800022bc	00000013	addi	x0,x0,0	  x0:0x00000000
       19675000	      1966	800022c0	2fdf0e13	addi	x28,x30,765	 x30:0x00000000 x28=0x000002fd
       19685000	      1967	800022c4	0069de63	bge	x19,x6,800022e0	 x19:0x0000000e  x6:0x00000000
       19695000	      1968	00000000	00000013	addi	x0,x0,0	  x0:0x00000000
       19705000	      1969	800022dc	00000013	addi	x0,x0,0	  x0:0x00000000
       19715000	      1970	800022e0	01e67833	and	x16,x12,x30	 x12:0x80009f50 x30:0x00000000 x16=0x00000000
       19725000	      1971	800022e4	00000013	addi	x0,x0,0	  x0:0x00000000
       19735000	      1972	800022e8	4150da93	srai	x21,x1,0x15	  x1:0x00000001 x21=0x00000000
       19745000	      1973	800022ec	015e4eb3	xor	x29,x28,x21	 x28:0x000002fd x21:0x00000000 x29=0x000002fd
       19755000	      1974	800022f0	016dd813	srli	x16,x27,0x16	 x27:0xffffffe0 x16=0x000003ff
       19765000	      1975	800022f4	caa55eb7	lui	x29,0xcaa55	 x29=0xcaa55000
       19775000	      1976	800022f8	931cf393	andi	x7,x25,-1743	 x25:0x6fd2d000  x7=0x6fd2d000
       19785000	      1977	800022fc	001adc93	srli	x25,x21,0x1	 x21:0x00000000 x25=0x00000000
       19795000	      1978	80002300	00001897	auipc	x17,0x1	 x17=0x800032fc
       19805000	      1979	80002304	91088893	addi	x17,x17,-1776	 x17:0x800032fc x17=0x80002c0c
       19815000	      1980	80002308	5bf96813	ori	x16,x18,1471	 x18:0x00000003 x16=0x000005bf
       19825000	      1981	8000230c	0042f3b3	and	x7,x5,x4	  x5:0xfff39022  x4:0x04024956  x7=0x04020002
       19835000	      1982	80002310	99006813	ori	x16,x0,-1648	  x0:0x00000000 x16=0xfffff990
       19845000	      1983	80002314	c9288893	addi	x17,x17,-878	 x17:0x80002c0c x17=0x8000289e
       19855000	      1984	80002318	00757833	and	x16,x10,x7	 x10:0x00000000  x7:0x04020002 x16=0x00000000
       19865000	      1985	8000231c	0079d1b3	srl	x3,x19,x7	 x19:0x0000000e  x7:0x04020002  x3=0x00000003
       19875000	      1986	80002320	01568a63	beq	x13,x21,80002334	 x13:0x0c998000 x21:0x00000000
       19885000	      1987	80002324	00f34533	xor	x10,x6,x15	  x6:0x00000000 x15:0x80009fc4 x10=0x80009fc4
       19895000	      1988	80002328	b4387513	andi	x10,x16,-1213	 x16:0x00000000 x10=0x00000000
       19905000	      1989	8000232c	0171eeb3	or	x29,x3,x23	  x3:0x00000003 x23:0xfff80000 x29=0xfff80003
       19915000	      1990	80002330	01766333	or	x6,x12,x23	 x12:0x80009f50 x23:0xfff80000  x6=0xfff89f50
       19925000	      1991	80002334	36e880e7	jalr	x1,x17,878	 x17:0x8000289e  x1=0x80002334
       19935000	      1992	00000000	00000013	addi	x0,x0,0	  x0:0x00000000
       19945000	      1993	80002c0c	00000013	addi	x0,x0,0	  x0:0x00000000
       19955000	      1994	80002c10	ff860613	addi	x12,x12,-8	 x12:0x80009f50 x12=0x80009f48
       19965000	      1995	80002c14	e0b8a713	slti	x14,x17,-501	 x17:0x8000289e x14=0x00000001
       19975000	      1996	80002c18	0010dab3	srl	x21,x1,x1	  x1:0x80002334  x1:0x80002334 x21=0x00000800
       19985000	      1997	80002c1c	0fa1ff13	andi	x30,x3,250	  x3:0x00000003 x30=0x00000002
       19995000	      1998	80002c20	009ba033	slt	x0,x23,x9	 x23:0xfff80000  x9:0xfbf146cc
       20005000	      1999	80002c24	00c85033	srl	x0,x16,x12	 x16:0x00000000 x12:0x80009f48
       20015000	      2000	80002c28	0143eeb3	or	x29,x7,x20	  x7:0x04020002 x20:0x00000001 x29=0x04020003
       20025000	      2001	80002c2c	00705ab3	srl	x21,x0,x7	  x0:0x00000000  x7:0x04020002 x21=0x00000000
       20035000	      2002	80002c30	00162223	sw	x1,4(x12)	 x12:0x80009f48  x1:0x80002334 PA:0x80009f4c
       20045000	      2003	80002c34	01030db3	add	x27,x6,x16	  x6:0xfff89f50 x16:0x00000000 x27=0xfff89f50
       20055000	      2004	80002c38	fbfb4d13	xori	x26,x22,-65	 x22:0xffffffe0 x26=0x0000005f
       20065000	      2005	80002c3c	00400c13	addi	x24,x0,4	  x0:0x00000000 x24=0x00000004
       20075000	      2006	80002c40	00ed1d93	slli	x27,x26,0xe	 x26:0x0000005f x27=0x0017c000
       20085000	      2007	80002c44	0050bf33	sltu	x30,x1,x5	  x1:0x80002334  x5:0xfff39022 x30=0x00000001
       20095000	      2008	80002c48	00600213	addi	x4,x0,6	  x0:0x00000000  x4=0x00000006
       20105000	      2009	80002c4c	00000013	addi	x0,x0,0	  x0:0x00000000
       20115000	      2010	80002c50	260b4093	xori	x1,x22,608	 x22:0xffffffe0  x1=0xfffffd80
       20125000	      2011	80002c54	40475893	srai	x17,x14,0x4	 x14:0x00000001 x17=0x00000000
       20135000	      2012	80002c58	40b80d33	sub	x26,x16,x11	 x16:0x00000000 x11:0x7ca4d000 x26=0x835b3000
       20145000	      2013	80002c5c	01b69cb3	sll	x25,x13,x27	 x13:0x0c998000 x27:0x0017c000 x25=0x0c998000
       20155000	      2014	80002c60	17734493	xori	x9,x6,375	  x6:0xfff89f50  x9=0xfff89e27
       20165000	      2015	80002c64	00c06ab3	or	x21,x0,x12	  x0:0x00000000 x12:0x80009f48 x21=0x80009f48
       20175000	      2016	80002c68	02fbfa13	andi	x20,x23,47	 x23:0xfff80000 x20=0x00000000
       20185000	      2017	80002c6c	006c0c13	addi	x24,x24,6	 x24:0x00000004 x24=0x0000000a
       20195000	      2018	80002c70	9a808c93	addi	x25,x1,-1624	  x1:0xfffffd80 x25=0xfffff728
       20205000	      2019	80002c74	8051a113	slti	x2,x3,-2043	  x3:0x00000003  x2=0x00000000
       20215000	      2020	80002c78	01009db3	sll	x27,x1,x16	  x1:0xfffffd80 x16:0x00000000 x27=0xfffffd80
       20225000	      2021	80002c7c	b636cb93	xori	x23,x13,-1181	 x13:0x0c998000 x23=0xf3667b63
       20235000	      2022	80002c80	01a325b3	slt	x11,x6,x26	  x6:0xfff89f50 x26:0x835b3000 x11=0x00000000
       20245000	      2023	80002c84	019380b3	add	x1,x7,x25	  x7:0x04020002 x25:0xfffff728  x1=0x0401f72a
       20255000	      2024	80002c88	01e3b8b3	sltu	x17,x7,x30	  x7:0x04020002 x30:0x00000001 x17=0x00000000
       20265000	      2025	80002c8c	7c0e4693	xori	x13,x28,1984	 x28:0x000002fd x13=0x0000053d
       20275000	      2026	80002c90	001f7ab3	and	x21,x30,x1	 x30:0x00000001  x1:0x0401f72a x21=0x00000000
       20285000	      2027	80002c94	41085433	sra	x8,x16,x16	 x16:0x00000000 x16:0x00000000  x8=0x00000000
       20295000	      2028	80002c98	93380393	addi	x7,x16,-1741	 x16:0x00000000  x7=0xfffff933
       20305000	      2029	80002c9c	012b90b3	sll	x1,x23,x18	 x23:0xf3667b63 x18:0x00000003  x1=0x9b33db18
       20315000	      2030	80002ca0	b1552013	slti	x0,x10,-1259	 x10:0x00000000
       20325000	      2031	80002ca4	fa4c6ee3	bltu	x24,x4,80002c60	 x24:0x0000000a  x4:0x00000006
       20335000	      2032	80002ca8	0075b833	sltu	x16,x11,x7	 x11:0x00000000  x7:0xfffff933 x16=0x00000001
       20345000	      2033	80002cac	00200a13	addi	x20,x0,2	  x0:0x00000000 x20=0x00000002
       20355000	      2034	80002cb0	7eef8f17	auipc	x30,0x7eef8	 x30=0xfeefacac
       20365000	      2035	80002cb4	00bf9913	slli	x18,x31,0xb	 x31:0x61864000 x18=0x32000000
       20375000	      2036	80002cb8	b8747697	auipc	x13,0xb8747	 x13=0x38749cb4
       20385000	      2037	80002cbc	00bb7eb3	and	x29,x22,x11	 x22:0xffffffe0 x11:0x00000000 x29=0x00000000
       20395000	      2038	80002cc0	00600a93	addi	x21,x0,6	  x0:0x00000000 x21=0x00000006
       20405000	      2039	80002cc4	0177edb3	or	x27,x15,x23	 x15:0x80009fc4 x23:0xf3667b63 x27=0xf366ffe7
       20415000	      2040	80002cc8	010e0fb3	add	x31,x28,x16	 x28:0x000002fd x16:0x00000001 x31=0x000002fe
       20425000	      2041	80002ccc	007a0a13	addi	x20,x20,7	 x20:0x00000002 x20=0x00000009
       20435000	      2042	80002cd0	b1154c13	xori	x24,x10,-1263	 x10:0x00000000 x24=0xfffffb11
       20445000	      2043	80002cd4	00900b93	addi	x23,x0,9	  x0:0x00000000 x23=0x00000009
       20455000	      2044	80002cd8	00000013	addi	x0,x0,0	  x0:0x00000000
       20465000	      2045	80002cdc	fa15b913	sltiu	x18,x11,-95	 x11:0x00000000 x18=0x00000001
       20475000	      2046	80002ce0	00d00b13	addi	x22,x0,13	  x0:0x00000000 x22=0x0000000d
       20485000	      2047	80002ce4	01628db3	add	x27,x5,x22	  x5:0xfff39022 x22:0x0000000d x27=0xfff3902f
       20495000	      2048	80002ce8	00b9bc33	sltu	x24,x19,x11	 x19:0x0000000e x11:0x00000000 x24=0x00000000
       20505000	      2049	80002cec	40708833	sub	x16,x1,x7	  x1:0x9b33db18  x7:0xfffff933 x16=0x9b33e1e5
       20515000	      2050	80002cf0	00286fb3	or	x31,x16,x2	 x16:0x9b33e1e5  x2:0x00000000 x31=0x9b33e1e5
       20525000	      2051	80002cf4	004b8b93	addi	x23,x23,4	 x23:0x00000009 x23=0x0000000d
       20535000	      2052	80002cf8	b587f593	andi	x11,x15,-1192	 x15:0x80009fc4 x11=0x80009b40
       20545000	      2053	80002cfc	ff6b88e3	beq	x23,x22,80002cec	 x23:0x0000000d x22:0x0000000d
       20555000	      2054	00000000	00000013	addi	x0,x0,0	  x0:0x00000000
       20565000	      2055	80002ce8	00000013	addi	x0,x0,0	  x0:0x00000000
       20575000	      2056	80002cec	40708833	sub	x16,x1,x7	  x1:0x9b33db18  x7:0xfffff933 x16=0x9b33e1e5
       20585000	      2057	80002cf0	00286fb3	or	x31,x16,x2	 x16:0x9b33e1e5  x2:0x00000000 x31=0x9b33e1e5
       20595000	      2058	80002cf4	004b8b93	addi	x23,x23,4	 x23:0x0000000d x23=0x00000011
       20605000	      2059	80002cf8	b587f593	andi	x11,x15,-1192	 x15:0x80009fc4 x11=0x80009b40
       20615000	      2060	80002cfc	ff6b88e3	beq	x23,x22,80002cec	 x23:0x00000011 x22:0x0000000d
       20625000	      2061	80002d00	761d6e93	ori	x29,x26,1889	 x26:0x835b3000 x29=0x835b3761
       20635000	      2062	80002d04	fd5a42e3	blt	x20,x21,80002cc8	 x20:0x00000009 x21:0x00000006
       20645000	      2063	80002d08	004fe0b3	or	x1,x31,x4	 x31:0x9b33e1e5  x4:0x00000006  x1=0x9b33e1e7
       20655000	      2064	80002d0c	ff700f93	addi	x31,x0,-9	  x0:0x00000000 x31=0xfffffff7
       20665000	      2065	80002d10	40b18233	sub	x4,x3,x11	  x3:0x00000003 x11:0x80009b40  x4=0x7fff64c3
       20675000	      2066	80002d14	013ee2b3	or	x5,x29,x19	 x29:0x835b3761 x19:0x0000000e  x5=0x835b376f
       20685000	      2067	80002d18	400cdd93	srai	x27,x25,0x0	 x25:0xfffff728 x27=0xfffff728
       20695000	      2068	80002d1c	ff500c13	addi	x24,x0,-11	  x0:0x00000000 x24=0xfffffff5
       20705000	      2069	80002d20	00641833	sll	x16,x8,x6	  x8:0x00000000  x6:0xfff89f50 x16=0x00000000
       20715000	      2070	80002d24	963bea93	ori	x21,x23,-1693	 x23:0x00000011 x21=0xfffff973
       20725000	      2071	80002d28	00f3b0b3	sltu	x1,x7,x15	  x7:0xfffff933 x15:0x80009fc4  x1=0x00000000
       20735000	      2072	80002d2c	0000f233	and	x4,x1,x0	  x1:0x00000000  x0:0x00000000  x4=0x00000000
       20745000	      2073	80002d30	002ed0b3	srl	x1,x29,x2	 x29:0x835b3761  x2:0x00000000  x1=0x835b3761
       20755000	      2074	80002d34	0194ce33	xor	x28,x9,x25	  x9:0xfff89e27 x25:0xfffff728 x28=0x0007690f
       20765000	      2075	80002d38	ffef8f93	addi	x31,x31,-2	 x31:0xfffffff7 x31=0xfffffff5
       20775000	      2076	80002d3c	41aad133	sra	x2,x21,x26	 x21:0xfffff973 x26:0x835b3000  x2=0xfffff973
       20785000	      2077	80002d40	40ae03b3	sub	x7,x28,x10	 x28:0x0007690f x10:0x00000000  x7=0x0007690f
       20795000	      2078	80002d44	014d6f33	or	x30,x26,x20	 x26:0x835b3000 x20:0x00000009 x30=0x835b3009
       20805000	      2079	80002d48	01342733	slt	x14,x8,x19	  x8:0x00000000 x19:0x0000000e x14=0x00000001
       20815000	      2080	80002d4c	01657f33	and	x30,x10,x22	 x10:0x00000000 x22:0x0000000d x30=0x00000000
       20825000	      2081	80002d50	c90e2b13	slti	x22,x28,-880	 x28:0x0007690f x22=0x00000000
       20835000	      2082	80002d54	fd8f9ae3	bne	x31,x24,80002d28	 x31:0xfffffff5 x24:0xfffffff5
       20845000	      2083	80002d58	014686b3	add	x13,x13,x20	 x13:0x38749cb4 x20:0x00000009 x13=0x38749cbd
       20855000	      2084	80002d5c	0384c063	blt	x9,x24,80002d7c	  x9:0xfff89e27 x24:0xfffffff5
       20865000	      2085	00000000	00000013	addi	x0,x0,0	  x0:0x00000000
       20875000	      2086	80002d78	00000013	addi	x0,x0,0	  x0:0x00000000
       20885000	      2087	80002d7c	019f9713	slli	x14,x31,0x19	 x31:0xfffffff5 x14=0xea000000
       20895000	      2088	80002d80	41710d33	sub	x26,x2,x23	  x2:0xfffff973 x23:0x00000011 x26=0xfffff962
       20905000	      2089	80002d84	002a3cb3	sltu	x25,x20,x2	 x20:0x00000009  x2:0xfffff973 x25=0x00000001
       20915000	      2090	80002d88	d07b8413	addi	x8,x23,-761	 x23:0x00000011  x8=0xfffffd18
       20925000	      2091	80002d8c	7d278c93	addi	x25,x15,2002	 x15:0x80009fc4 x25=0x8000a796
       20935000	      2092	80002d90	05bc6863	bltu	x24,x27,80002de0	 x24:0xfffffff5 x27:0xfffff728
       20945000	      2093	80002d94	794dc913	xori	x18,x27,1940	 x27:0xfffff728 x18=0xfffff0bc
       20955000	      2094	80002d98	01548863	beq	x9,x21,80002da8	  x9:0xfff89e27 x21:0xfffff973
       20965000	      2095	80002d9c	40ddd8b3	sra	x17,x27,x13	 x27:0xfffff728 x13:0x38749cbd x17=0xffffffff
       20975000	      2096	80002da0	012252b3	srl	x5,x4,x18	  x4:0x00000000 x18:0xfffff0bc  x5=0x00000000
       20985000	      2097	80002da4	e9ecc093	xori	x1,x25,-354	 x25:0x8000a796  x1=0x7fff5908
       20995000	      2098	80002da8	01c32e33	slt	x28,x6,x28	  x6:0xfff89f50 x28:0x0007690f x28=0x00000001
       21005000	      2099	80002dac	00000013	addi	x0,x0,0	  x0:0x00000000
       21015000	      2100	80002db0	fb40a313	slti	x6,x1,-76	  x1:0x7fff5908  x6=0x00000000
       21025000	      2101	80002db4	000426b3	slt	x13,x8,x0	  x8:0xfffffd18  x0:0x00000000 x13=0x00000001
       21035000	      2102	80002db8	013ad393	srli	x7,x21,0x13	 x21:0xfffff973  x7=0x00001fff
       21045000	      2103	80002dbc	01914e33	xor	x28,x2,x25	  x2:0xfffff973 x25:0x8000a796 x28=0x7fff5ee5
       21055000	      2104	80002dc0	016b1263	bne	x22,x22,80002dc4	 x22:0x00000000 x22:0x00000000
       21065000	      2105	80002dc4	bf012a93	slti	x21,x2,-1040	  x2:0xfffff973 x21=0x00000001
       21075000	      2106	80002dc8	4131de33	sra	x28,x3,x19	  x3:0x00000003 x19:0x0000000e x28=0x00000000
       21085000	      2107	80002dcc	01eb8eb3	add	x29,x23,x30	 x23:0x00000011 x30:0x00000000 x29=0x00000011
       21095000	      2108	80002dd0	00d4ec63	bltu	x9,x13,80002de8	  x9:0xfff89e27 x13:0x00000001
       21105000	      2109	80002dd4	feaa2513	slti	x10,x20,-22	 x20:0x00000009 x10=0x00000000
       21115000	      2110	80002dd8	05ca5463	bge	x20,x28,80002e20	 x20:0x00000009 x28:0x00000000
       21125000	      2111	00000000	00000013	addi	x0,x0,0	  x0:0x00000000
       21135000	      2112	80002e1c	00000013	addi	x0,x0,0	  x0:0x00000000
       21145000	      2113	80002e20	02745a63	bge	x8,x7,80002e54	  x8:0xfffffd18  x7:0x00001fff
       21155000	      2114	80002e24	7701bd13	sltiu	x26,x3,1904	  x3:0x00000003 x26=0x00000001
       21165000	      2115	80002e28	01b8f533	and	x10,x17,x27	 x17:0xffffffff x27:0xfffff728 x10=0xfffff728
       21175000	      2116	80002e2c	3a26ed93	ori	x27,x13,930	 x13:0x00000001 x27=0x000003a3
       21185000	      2117	80002e30	a1a88897	auipc	x17,0xa1a88	 x17=0x21a8ae2c
       21195000	      2118	80002e34	00b1e6b3	or	x13,x3,x11	  x3:0x00000003 x11:0x80009b40 x13=0x80009b43
       21205000	      2119	80002e38	00e39913	slli	x18,x7,0xe	  x7:0x00001fff x18=0x07ffc000
       21215000	      2120	80002e3c	01759bb3	sll	x23,x11,x23	 x11:0x80009b40 x23:0x00000011 x23=0x36800000
       21225000	      2121	80002e40	007a1493	slli	x9,x20,0x7	 x20:0x00000009  x9=0x00000480
       21235000	      2122	80002e44	000cfbb3	and	x23,x25,x0	 x25:0x8000a796  x0:0x00000000 x23=0x00000000
       21245000	      2123	80002e48	013ede93	srli	x29,x29,0x13	 x29:0x00000011 x29=0x00000000
       21255000	      2124	80002e4c	02b68a63	beq	x13,x11,80002e80	 x13:0x80009b43 x11:0x80009b40
       21265000	      2125	80002e50	01c08bb3	add	x23,x1,x28	  x1:0x7fff5908 x28:0x00000000 x23=0x7fff5908
       21275000	      2126	80002e54	d4bc7513	andi	x10,x24,-693	 x24:0xfffffff5 x10=0xfffffd41
       21285000	      2127	80002e58	43a1e693	ori	x13,x3,1082	  x3:0x00000003 x13=0x0000043b
       21295000	      2128	80002e5c	03994a63	blt	x18,x25,80002e90	 x18:0x07ffc000 x25:0x8000a796
       21305000	      2129	80002e60	00f4afb3	slt	x31,x9,x15	  x9:0x00000480 x15:0x80009fc4 x31=0x00000000
       21315000	      2130	80002e64	0501c663	blt	x3,x16,80002eb0	  x3:0x00000003 x16:0x00000000
       21325000	      2131	80002e68	020c7c63	bgeu	x24,x0,80002ea0	 x24:0xfffffff5  x0:0x00000000
       21335000	      2132	00000000	00000013	addi	x0,x0,0	  x0:0x00000000
       21345000	      2133	80002e9c	00000013	addi	x0,x0,0	  x0:0x00000000
       21355000	      2134	80002ea0	32463a93	sltiu	x21,x12,804	 x12:0x80009f48 x21=0x00000000
       21365000	      2135	80002ea4	017e5463	bge	x28,x23,80002eac	 x28:0x00000000 x23:0x7fff5908
       21375000	      2136	80002ea8	8cf6a213	slti	x4,x13,-1841	 x13:0x0000043b  x4=0x00000000
       21385000	      2137	80002eac	40225d93	srai	x27,x4,0x2	  x4:0x00000000 x27=0x00000000
       21395000	      2138	80002eb0	00121293	slli	x5,x4,0x1	  x4:0x00000000  x5=0x00000000
       21405000	      2139	80002eb4	05cb8a63	beq	x23,x28,80002f08	 x23:0x7fff5908 x28:0x00000000
       21415000	      2140	80002eb8	9e79c737	lui	x14,0x9e79c	 x14=0x9e79c000
       21425000	      2141	80002ebc	01c2de63	bge	x5,x28,80002ed8	  x5:0x00000000 x28:0x00000000
       21435000	      2142	00000000	00000013	addi	x0,x0,0	  x0:0x00000000
       21445000	      2143	80002ed4	00000013	addi	x0,x0,0	  x0:0x00000000
       21455000	      2144	80002ed8	06cad663	bge	x21,x12,80002f44	 x21:0x00000000 x12:0x80009f48
       21465000	      2145	00000000	00000013	addi	x0,x0,0	  x0:0x00000000
       21475000	      2146	80002f40	00000013	addi	x0,x0,0	  x0:0x00000000
       21485000	      2147	80002f44	40045f13	srai	x30,x8,0x0	  x8:0xfffffd18 x30=0xfffffd18
       21495000	      2148	80002f48	17bdbb93	sltiu	x23,x27,379	 x27:0x00000000 x23=0x00000001
       21505000	      2149	80002f4c	eab57293	andi	x5,x10,-341	 x10:0xfffffd41  x5=0xfffffc01
       21515000	      2150	80002f50	01085e63	bge	x16,x16,80002f6c	 x16:0x00000000 x16:0x00000000
       21525000	      2151	00000000	00000013	addi	x0,x0,0	  x0:0x00000000
       21535000	      2152	80002f68	00000013	addi	x0,x0,0	  x0:0x00000000
       21545000	      2153	80002f6c	04779863	bne	x15,x7,80002fbc	 x15:0x80009fc4  x7:0x00001fff
       21555000	      2154	00000000	00000013	addi	x0,x0,0	  x0:0x00000000
       21565000	      2155	80002fb8	00000013	addi	x0,x0,0	  x0:0x00000000
       21575000	      2156	80002fbc	03a7ee63	bltu	x15,x26,80002ff8	 x15:0x80009fc4 x26:0x00000001
       21585000	      2157	80002fc0	039c1c63	bne	x24,x25,80002ff8	 x24:0xfffffff5 x25:0x8000a796
       21595000	      2158	00000000	00000013	addi	x0,x0,0	  x0:0x00000000
       21605000	      2159	80002ff4	00000013	addi	x0,x0,0	  x0:0x00000000
       21615000	      2160	80002ff8	5b8ce513	ori	x10,x25,1464	 x25:0x8000a796 x10=0x8000a7be
       21625000	      2161	80002ffc	01053133	sltu	x2,x10,x16	 x10:0x8000a7be x16:0x00000000  x2=0x00000000
       21635000	      2162	80003000	00d333b3	sltu	x7,x6,x13	  x6:0x00000000 x13:0x0000043b  x7=0x00000001
       21645000	      2163	80003004	03f11a63	bne	x2,x31,80003038	  x2:0x00000000 x31:0x00000000
       21655000	      2164	80003008	033e7863	bgeu	x28,x19,80003038	 x28:0x00000000 x19:0x0000000e
       21665000	      2165	8000300c	01547eb3	and	x29,x8,x21	  x8:0xfffffd18 x21:0x00000000 x29=0x00000000
       21675000	      2166	80003010	00000013	addi	x0,x0,0	  x0:0x00000000
       21685000	      2167	80003014	01744db3	xor	x27,x8,x23	  x8:0xfffffd18 x23:0x00000001 x27=0xfffffd19
       21695000	      2168	80003018	01e2cf33	xor	x30,x5,x30	  x5:0xfffffc01 x30:0xfffffd18 x30=0x00000119
       21705000	      2169	8000301c	412788b3	sub	x17,x15,x18	 x15:0x80009fc4 x18:0x07ffc000 x17=0x7800dfc4
       21715000	      2170	80003020	5e4bdd37	lui	x26,0x5e4bd	 x26=0x5e4bd000
       21725000	      2171	80003024	d8cb7d93	andi	x27,x22,-628	 x22:0x00000000 x27=0x00000000
       21735000	      2172	80003028	b8b9ad93	slti	x27,x19,-1141	 x19:0x0000000e x27=0x00000000
       21745000	      2173	8000302c	00000013	addi	x0,x0,0	  x0:0x00000000
       21755000	      2174	80003030	02a58063	beq	x11,x10,80003050	 x11:0x80009b40 x10:0x8000a7be
       21765000	      2175	80003034	005ad733	srl	x14,x21,x5	 x21:0x00000000  x5:0xfffffc01 x14=0x00000000
       21775000	      2176	80003038	857a8b93	addi	x23,x21,-1961	 x21:0x00000000 x23=0xfffff857
       21785000	      2177	8000303c	01600b33	add	x22,x0,x22	  x0:0x00000000 x22:0x00000000 x22=0x00000000
       21795000	      2178	80003040	03b86463	bltu	x16,x27,80003068	 x16:0x00000000 x27:0x00000000
       21805000	      2179	80003044	41b2d333	sra	x6,x5,x27	  x5:0xfffffc01 x27:0x00000000  x6=0xfffffc01
       21815000	      2180	80003048	2b5aad13	slti	x26,x21,693	 x21:0x00000000 x26=0x00000001
       21825000	      2181	8000304c	412502b3	sub	x5,x10,x18	 x10:0x8000a7be x18:0x07ffc000  x5=0x7800e7be
       21835000	      2182	80003050	00536c63	bltu	x6,x5,80003068	  x6:0xfffffc01  x5:0x7800e7be
       21845000	      2183	80003054	00e80eb3	add	x29,x16,x14	 x16:0x00000000 x14:0x00000000 x29=0x00000000
       21855000	      2184	80003058	5c51f313	andi	x6,x3,1477	  x3:0x00000003  x6=0x00000001
       21865000	      2185	8000305c	002c1e93	slli	x29,x24,0x2	 x24:0xfffffff5 x29=0xffffffd4
       21875000	      2186	80003060	fb38f6b7	lui	x13,0xfb38f	 x13=0xfb38f000
       21885000	      2187	80003064	eab0b313	sltiu	x6,x1,-341	  x1:0x7fff5908  x6=0x00000001
       21895000	      2188	80003068	77c22593	slti	x11,x4,1916	  x4:0x00000000 x11=0x00000001
       21905000	      2189	8000306c	00462083	lw	x1,4(x12)	 x12:0x80009f48  x1=0x80002334 PA:0x80009f4c
       21915000	      2190	80003070	00860613	addi	x12,x12,8	 x12:0x80009f48 x12=0x80009f50
       21925000	      2191	80003074	41e98493	addi	x9,x19,1054	 x19:0x0000000e  x9=0x0000042c
       21935000	      2192	80003078	001b9833	sll	x16,x23,x1	 x23:0xfffff857  x1:0x80002334 x16=0x85700000
       21945000	      2193	8000307c	407bd113	srai	x2,x23,0x7	 x23:0xfffff857  x2=0xfffffff0
       21955000	      2194	80003080	782e2813	slti	x16,x28,1922	 x28:0x00000000 x16=0x00000001
       21965000	      2195	80003084	01346d33	or	x26,x8,x19	  x8:0xfffffd18 x19:0x0000000e x26=0xfffffd1e
       21975000	      2196	80003088	00008e93	addi	x29,x1,0	  x1:0x80002334 x29=0x80002334
       21985000	      2197	8000308c	000e8ee7	jalr	x29,x29,0	 x29:0x80002334 x29=0x8000308c
       21995000	      2198	00000000	00000013	addi	x0,x0,0	  x0:0x00000000
       22005000	      2199	80002334	00000013	addi	x0,x0,0	  x0:0x00000000
       22015000	      2200	80002338	04b8e063	bltu	x17,x11,80002378	 x17:0x7800dfc4 x11:0x00000001
       22025000	      2201	8000233c	5110c393	xori	x7,x1,1297	  x1:0x80002334  x7=0x80002625
       22035000	      2202	80002340	41625433	sra	x8,x4,x22	  x4:0x00000000 x22:0x00000000  x8=0x00000000
       22045000	      2203	80002344	0466e717	auipc	x14,0x466e	 x14=0x84670340
       22055000	      2204	80002348	41308ab3	sub	x21,x1,x19	  x1:0x80002334 x19:0x0000000e x21=0x80002326
       22065000	      2205	8000234c	00000013	addi	x0,x0,0	  x0:0x00000000
       22075000	      2206	80002350	6d803193	sltiu	x3,x0,1752	  x0:0x00000000  x3=0x00000001
       22085000	      2207	80002354	00000013	addi	x0,x0,0	  x0:0x00000000
       22095000	      2208	80002358	011bfc63	bgeu	x23,x17,80002370	 x23:0xfffff857 x17:0x7800dfc4
       22105000	      2209	00000000	00000013	addi	x0,x0,0	  x0:0x00000000
       22115000	      2210	8000236c	00000013	addi	x0,x0,0	  x0:0x00000000
       22125000	      2211	80002370	41f403b3	sub	x7,x8,x31	  x8:0x00000000 x31:0x00000000  x7=0x00000000
       22135000	      2212	80002374	41760533	sub	x10,x12,x23	 x12:0x80009f50 x23:0xfffff857 x10=0x8000a6f9
       22145000	      2213	80002378	01f84533	xor	x10,x16,x31	 x16:0x00000001 x31:0x00000000 x10=0x00000001
       22155000	      2214	8000237c	01c63cb3	sltu	x25,x12,x28	 x12:0x80009f50 x28:0x00000000 x25=0x00000000
       22165000	      2215	80002380	6d037b13	andi	x22,x6,1744	  x6:0x00000001 x22=0x00000000
       22175000	      2216	80002384	8b6b2413	slti	x8,x22,-1866	 x22:0x00000000  x8=0x00000000
       22185000	      2217	80002388	00c24a33	xor	x20,x4,x12	  x4:0x00000000 x12:0x80009f50 x20=0x80009f50
       22195000	      2218	8000238c	1190fa13	andi	x20,x1,281	  x1:0x80002334 x20=0x00000110
       22205000	      2219	80002390	4020de33	sra	x28,x1,x2	  x1:0x80002334  x2:0xfffffff0 x28=0xffff8000
       22215000	      2220	80002394	02c40c63	beq	x8,x12,800023cc	  x8:0x00000000 x12:0x80009f50
       22225000	      2221	80002398	59aaab37	lui	x22,0x59aaa	 x22=0x59aaa000
       22235000	      2222	8000239c	00000013	addi	x0,x0,0	  x0:0x00000000
       22245000	      2223	800023a0	85be8813	addi	x16,x29,-1957	 x29:0x8000308c x16=0x800028e7
       22255000	      2224	800023a4	006f9b13	slli	x22,x31,0x6	 x31:0x00000000 x22=0x00000000
       22265000	      2225	800023a8	0fffcc93	xori	x25,x31,255	 x31:0x00000000 x25=0x000000ff
       22275000	      2226	800023ac	5688e737	lui	x14,0x5688e	 x14=0x5688e000
       22285000	      2227	800023b0	05b34663	blt	x6,x27,800023fc	  x6:0x00000001 x27:0x00000000
       22295000	      2228	800023b4	00f2b433	sltu	x8,x5,x15	  x5:0x7800e7be x15:0x80009fc4  x8=0x00000001
       22305000	      2229	800023b8	002b6133	or	x2,x22,x2	 x22:0x00000000  x2:0xfffffff0  x2=0xfffffff0
       22315000	      2230	800023bc	01939d33	sll	x26,x7,x25	  x7:0x00000000 x25:0x000000ff x26=0x00000000
       22325000	      2231	800023c0	00c36433	or	x8,x6,x12	  x6:0x00000001 x12:0x80009f50  x8=0x80009f51
       22335000	      2232	800023c4	73d20f93	addi	x31,x4,1853	  x4:0x00000000 x31=0x0000073d
       22345000	      2233	800023c8	0027de63	bge	x15,x2,800023e4	 x15:0x80009fc4  x2:0xfffffff0
       22355000	      2234	800023cc	00886463	bltu	x16,x8,800023d4	 x16:0x800028e7  x8:0x80009f51
       22365000	      2235	00000000	00000013	addi	x0,x0,0	  x0:0x00000000
       22375000	      2236	800023d0	00000013	addi	x0,x0,0	  x0:0x00000000
       22385000	      2237	800023d4	00516a63	bltu	x2,x5,800023e8	  x2:0xfffffff0  x5:0x7800e7be
       22395000	      2238	800023d8	00f80433	add	x8,x16,x15	 x16:0x800028e7 x15:0x80009fc4  x8=0x0000c8ab
       22405000	      2239	800023dc	1d03ce37	lui	x28,0x1d03c	 x28=0x1d03c000
       22415000	      2240	800023e0	00b4b733	sltu	x14,x9,x11	  x9:0x0000042c x11:0x00000001 x14=0x00000000
       22425000	      2241	800023e4	408b88b3	sub	x17,x23,x8	 x23:0xfffff857  x8:0x0000c8ab x17=0xffff2fac
       22435000	      2242	800023e8	05c6c263	blt	x13,x28,8000242c	 x13:0xfb38f000 x28:0x1d03c000
       22445000	      2243	00000000	00000013	addi	x0,x0,0	  x0:0x00000000
       22455000	      2244	80002428	00000013	addi	x0,x0,0	  x0:0x00000000
       22465000	      2245	8000242c	01d168b3	or	x17,x2,x29	  x2:0xfffffff0 x29:0x8000308c x17=0xfffffffc
       22475000	      2246	80002430	8f656e13	ori	x28,x10,-1802	 x10:0x00000001 x28=0xfffff8f7
       22485000	      2247	80002434	05464463	blt	x12,x20,8000247c	 x12:0x80009f50 x20:0x00000110
       22495000	      2248	00000000	00000013	addi	x0,x0,0	  x0:0x00000000
       22505000	      2249	80002478	00000013	addi	x0,x0,0	  x0:0x00000000
       22515000	      2250	8000247c	01b302b3	add	x5,x6,x27	  x6:0x00000001 x27:0x00000000  x5=0x00000001
       22525000	      2251	80002480	008b1f93	slli	x31,x22,0x8	 x22:0x00000000 x31=0x00000000
       22535000	      2252	80002484	c5187937	lui	x18,0xc5187	 x18=0xc5187000
       22545000	      2253	80002488	001721b3	slt	x3,x14,x1	 x14:0x00000000  x1:0x80002334  x3=0x00000000
       22555000	      2254	8000248c	3cff4e93	xori	x29,x30,975	 x30:0x00000119 x29=0x000002d6
       22565000	      2255	80002490	ddd18b93	addi	x23,x3,-547	  x3:0x00000000 x23=0xfffffddd
       22575000	      2256	80002494	414b0c33	sub	x24,x22,x20	 x22:0x00000000 x20:0x00000110 x24=0xfffffef0
       22585000	      2257	80002498	25c72693	slti	x13,x14,604	 x14:0x00000000 x13=0x00000001
       22595000	      2258	8000249c	11357213	andi	x4,x10,275	 x10:0x00000001  x4=0x00000001
       22605000	      2259	800024a0	01319593	slli	x11,x3,0x13	  x3:0x00000000 x11=0x00000000
       22615000	      2260	800024a4	070000ef	jal	x1,800024a4	  x1=0x800024a4
       22625000	      2261	00000000	00000013	addi	x0,x0,0	  x0:0x00000000
       22635000	      2262	80002510	00000013	addi	x0,x0,0	  x0:0x00000000
       22645000	      2263	80002514	eef0ee13	ori	x28,x1,-273	  x1:0x800024a4 x28=0xfffffeef
       22655000	      2264	80002518	00000013	addi	x0,x0,0	  x0:0x00000000
       22665000	      2265	8000251c	428dfa93	andi	x21,x27,1064	 x27:0x00000000 x21=0x00000000
       22675000	      2266	80002520	4167df93	srai	x31,x15,0x16	 x15:0x80009fc4 x31=0xfffffe00
       22685000	      2267	80002524	01a5a533	slt	x10,x11,x26	 x11:0x00000000 x26:0x00000000 x10=0x00000000
       22695000	      2268	80002528	009e3533	sltu	x10,x28,x9	 x28:0xfffffeef  x9:0x0000042c x10=0x00000000
       22705000	      2269	8000252c	fd460613	addi	x12,x12,-44	 x12:0x80009f50 x12=0x80009f24
       22715000	      2270	80002530	00000013	addi	x0,x0,0	  x0:0x00000000
       22725000	      2271	80002534	00162223	sw	x1,4(x12)	 x12:0x80009f24  x1:0x800024a4 PA:0x80009f28
       22735000	      2272	80002538	00a2cfb3	xor	x31,x5,x10	  x5:0x00000001 x10:0x00000000 x31=0x00000001
       22745000	      2273	8000253c	5cab8e93	addi	x29,x23,1482	 x23:0xfffffddd x29=0x000003a7
       22755000	      2274	80002540	00ecdb13	srli	x22,x25,0xe	 x25:0x000000ff x22=0x00000000
       22765000	      2275	80002544	00800593	addi	x11,x0,8	  x0:0x00000000 x11=0x00000008
       22775000	      2276	80002548	1d9ccd37	lui	x26,0x1d9cc	 x26=0x1d9cc000
       22785000	      2277	8000254c	00900b93	addi	x23,x0,9	  x0:0x00000000 x23=0x00000009
       22795000	      2278	80002550	00548033	add	x0,x9,x5	  x9:0x0000042c  x5:0x00000001
       22805000	      2279	80002554	00308eb3	add	x29,x1,x3	  x1:0x800024a4  x3:0x00000000 x29=0x800024a4
       22815000	      2280	80002558	00958593	addi	x11,x11,9	 x11:0x00000008 x11=0x00000011
       22825000	      2281	8000255c	409e5433	sra	x8,x28,x9	 x28:0xfffffeef  x9:0x0000042c  x8=0xffffffff
       22835000	      2282	80002560	004484b3	add	x9,x9,x4	  x9:0x0000042c  x4:0x00000001  x9=0x0000042d
       22845000	      2283	80002564	00200513	addi	x10,x0,2	  x0:0x00000000 x10=0x00000002
       22855000	      2284	80002568	00200813	addi	x16,x0,2	  x0:0x00000000 x16=0x00000002
       22865000	      2285	8000256c	b0872213	slti	x4,x14,-1272	 x14:0x00000000  x4=0x00000000
       22875000	      2286	80002570	acaf3e13	sltiu	x28,x30,-1334	 x30:0x00000119 x28=0x00000001
       22885000	      2287	80002574	01285293	srli	x5,x16,0x12	 x16:0x00000002  x5=0x00000000
       22895000	      2288	80002578	fff50513	addi	x10,x10,-1	 x10:0x00000002 x10=0x00000001
       22905000	      2289	8000257c	084be393	ori	x7,x23,132	 x23:0x00000009  x7=0x0000008d
       22915000	      2290	80002580	01e46b33	or	x22,x8,x30	  x8:0xffffffff x30:0x00000119 x22=0xffffffff
       22925000	      2291	80002584	ff0576e3	bgeu	x10,x16,80002570	 x10:0x00000001 x16:0x00000002
       22935000	      2292	80002588	0091efb3	or	x31,x3,x9	  x3:0x00000000  x9:0x0000042d x31=0x0000042d
       22945000	      2293	8000258c	010f80b3	add	x1,x31,x16	 x31:0x0000042d x16:0x00000002  x1=0x0000042f
       22955000	      2294	80002590	40525c33	sra	x24,x4,x5	  x4:0x00000000  x5:0x00000000 x24=0x00000000
       22965000	      2295	80002594	01c1b8b3	sltu	x17,x3,x28	  x3:0x00000000 x28:0x00000001 x17=0x00000001
       22975000	      2296	80002598	fb75eee3	bltu	x11,x23,80002554	 x11:0x00000011 x23:0x00000009
       22985000	      2297	8000259c	01755b13	srli	x22,x10,0x17	 x10:0x00000001 x22=0x00000000
       22995000	      2298	800025a0	00a00f13	addi	x30,x0,10	  x0:0x00000000 x30=0x0000000a
       23005000	      2299	800025a4	00089813	slli	x16,x17,0x0	 x17:0x00000001 x16=0x00000001
       23015000	      2300	800025a8	5ca14813	xori	x16,x2,1482	  x2:0xfffffff0 x16=0xfffffa3a
       23025000	      2301	800025ac	005602b3	add	x5,x12,x5	 x12:0x80009f24  x5:0x00000000  x5=0x80009f24
       23035000	      2302	800025b0	00a00593	addi	x11,x0,10	  x0:0x00000000 x11=0x0000000a
       23045000	      2303	800025b4	771b0513	addi	x10,x22,1905	 x22:0x00000000 x10=0x00000771
       23055000	      2304	800025b8	018e6433	or	x8,x28,x24	 x28:0x00000001 x24:0x00000000  x8=0x00000001
       23065000	      2305	800025bc	00137433	and	x8,x6,x1	  x6:0x00000001  x1:0x0000042f  x8=0x00000001
       23075000	      2306	800025c0	01f00033	add	x0,x0,x31	  x0:0x00000000 x31:0x0000042d
       23085000	      2307	800025c4	ff9f0f13	addi	x30,x30,-7	 x30:0x0000000a x30=0x00000003
       23095000	      2308	800025c8	01943bb3	sltu	x23,x8,x25	  x8:0x00000001 x25:0x000000ff x23=0x00000001
       23105000	      2309	800025cc	00000013	addi	x0,x0,0	  x0:0x00000000
       23115000	      2310	800025d0	00d75db3	srl	x27,x14,x13	 x14:0x00000000 x13:0x00000001 x27=0x00000000
       23125000	      2311	800025d4	00700493	addi	x9,x0,7	  x0:0x00000000  x9=0x00000007
       23135000	      2312	800025d8	ff300d13	addi	x26,x0,-13	  x0:0x00000000 x26=0xfffffff3
       23145000	      2313	800025dc	00878bb3	add	x23,x15,x8	 x15:0x80009fc4  x8:0x00000001 x23=0x80009fc5
       23155000	      2314	800025e0	00ef7533	and	x10,x30,x14	 x30:0x00000003 x14:0x00000000 x10=0x00000000
       23165000	      2315	800025e4	015b73b3	and	x7,x22,x21	 x22:0x00000000 x21:0x00000000  x7=0x00000000
       23175000	      2316	800025e8	416d5733	sra	x14,x26,x22	 x26:0xfffffff3 x22:0x00000000 x14=0xfffffff3
       23185000	      2317	800025ec	01a97733	and	x14,x18,x26	 x18:0xc5187000 x26:0xfffffff3 x14=0xc5187000
       23195000	      2318	800025f0	dbeb72b7	lui	x5,0xdbeb7	  x5=0xdbeb7000
       23205000	      2319	800025f4	ff848493	addi	x9,x9,-8	  x9:0x00000007  x9=0xffffffff
       23215000	      2320	800025f8	00000013	addi	x0,x0,0	  x0:0x00000000
       23225000	      2321	800025fc	1605c713	xori	x14,x11,352	 x11:0x0000000a x14=0x0000016a
       23235000	      2322	80002600	00445eb3	srl	x29,x8,x4	  x8:0x00000001  x4:0x00000000 x29=0x00000001
       23245000	      2323	80002604	ffa4d6e3	bge	x9,x26,800025f0	  x9:0xffffffff x26:0xfffffff3
       23255000	      2324	00000000	00000013	addi	x0,x0,0	  x0:0x00000000
       23265000	      2325	800025ec	00000013	addi	x0,x0,0	  x0:0x00000000
       23275000	      2326	800025f0	dbeb72b7	lui	x5,0xdbeb7	  x5=0xdbeb7000
       23285000	      2327	800025f4	ff848493	addi	x9,x9,-8	  x9:0xffffffff  x9=0xfffffff7
       23295000	      2328	800025f8	00000013	addi	x0,x0,0	  x0:0x00000000
       23305000	      2329	800025fc	1605c713	xori	x14,x11,352	 x11:0x0000000a x14=0x0000016a
       23315000	      2330	80002600	00445eb3	srl	x29,x8,x4	  x8:0x00000001  x4:0x00000000 x29=0x00000001
       23325000	      2331	80002604	ffa4d6e3	bge	x9,x26,800025f0	  x9:0xfffffff7 x26:0xfffffff3
       23335000	      2332	00000000	00000013	addi	x0,x0,0	  x0:0x00000000
       23345000	      2333	800025ec	00000013	addi	x0,x0,0	  x0:0x00000000
       23355000	      2334	800025f0	dbeb72b7	lui	x5,0xdbeb7	  x5=0xdbeb7000
       23365000	      2335	800025f4	ff848493	addi	x9,x9,-8	  x9:0xfffffff7  x9=0xffffffef
       23375000	      2336	800025f8	00000013	addi	x0,x0,0	  x0:0x00000000
       23385000	      2337	800025fc	1605c713	xori	x14,x11,352	 x11:0x0000000a x14=0x0000016a
       23395000	      2338	80002600	00445eb3	srl	x29,x8,x4	  x8:0x00000001  x4:0x00000000 x29=0x00000001
       23405000	      2339	80002604	ffa4d6e3	bge	x9,x26,800025f0	  x9:0xffffffef x26:0xfffffff3
       23415000	      2340	80002608	0029afb3	slt	x31,x19,x2	 x19:0x0000000e  x2:0xfffffff0 x31=0x00000000
       23425000	      2341	8000260c	01f9dbb3	srl	x23,x19,x31	 x19:0x0000000e x31:0x00000000 x23=0x0000000e
       23435000	      2342	80002610	b793a397	auipc	x7,0xb793a	  x7=0x3793c60c
       23445000	      2343	80002614	fabf72e3	bgeu	x30,x11,800025b8	 x30:0x00000003 x11:0x0000000a
       23455000	      2344	80002618	008f5b13	srli	x22,x30,0x8	 x30:0x00000003 x22=0x00000000
       23465000	      2345	8000261c	00900b93	addi	x23,x0,9	  x0:0x00000000 x23=0x00000009
       23475000	      2346	80002620	6def6413	ori	x8,x30,1758	 x30:0x00000003  x8=0x000006df
       23485000	      2347	80002624	83daa913	slti	x18,x21,-1987	 x21:0x00000000 x18=0x00000000
       23495000	      2348	80002628	01100893	addi	x17,x0,17	  x0:0x00000000 x17=0x00000011
       23505000	      2349	8000262c	19e39a17	auipc	x20,0x19e39	 x20=0x99e3b628
       23515000	      2350	80002630	6e4ea013	slti	x0,x29,1764	 x29:0x00000001
       23525000	      2351	80002634	0059b6b3	sltu	x13,x19,x5	 x19:0x0000000e  x5:0xdbeb7000 x13=0x00000001
       23535000	      2352	80002638	01826133	or	x2,x4,x24	  x4:0x00000000 x24:0x00000000  x2=0x00000000
       23545000	      2353	8000263c	008b8b93	addi	x23,x23,8	 x23:0x00000009 x23=0x00000011
       23555000	      2354	80002640	4028d533	sra	x10,x17,x2	 x17:0x00000011  x2:0x00000000 x10=0x00000011
       23565000	      2355	80002644	9a09a393	slti	x7,x19,-1632	 x19:0x0000000e  x7=0x00000000
       23575000	      2356	80002648	a5bb0293	addi	x5,x22,-1445	 x22:0x00000000  x5=0xfffffa5b
       23585000	      2357	8000264c	00800813	addi	x16,x0,8	  x0:0x00000000 x16=0x00000008
       23595000	      2358	80002650	41e9d1b3	sra	x3,x19,x30	 x19:0x0000000e x30:0x00000003  x3=0x00000001
       23605000	      2359	80002654	0173be33	sltu	x28,x7,x23	  x7:0x00000000 x23:0x00000011 x28=0x00000001
       23615000	      2360	80002658	00800f93	addi	x31,x0,8	  x0:0x00000000 x31=0x00000008
       23625000	      2361	8000265c	41e45513	srai	x10,x8,0x1e	  x8:0x000006df x10=0x00000000
       23635000	      2362	80002660	2e9282b7	lui	x5,0x2e928	  x5=0x2e928000
       23645000	      2363	80002664	6bd20d93	addi	x27,x4,1725	  x4:0x00000000 x27=0x000006bd
       23655000	      2364	80002668	ff980813	addi	x16,x16,-7	 x16:0x00000008 x16=0x00000001
       23665000	      2365	8000266c	406b5a33	sra	x20,x22,x6	 x22:0x00000000  x6:0x00000001 x20=0x00000000
       23675000	      2366	80002670	fff878e3	bgeu	x16,x31,80002660	 x16:0x00000001 x31:0x00000008
       23685000	      2367	80002674	6de6fe13	andi	x28,x13,1758	 x13:0x00000001 x28=0x00000000
       23695000	      2368	80002678	fb1bcee3	blt	x23,x17,80002634	 x23:0x00000011 x17:0x00000011
       23705000	      2369	8000267c	e4f72593	slti	x11,x14,-433	 x14:0x0000016a x11=0x00000000
       23715000	      2370	80002680	00000193	addi	x3,x0,0	  x0:0x00000000  x3=0x00000000
       23725000	      2371	80002684	404780b3	sub	x1,x15,x4	 x15:0x80009fc4  x4:0x00000000  x1=0x80009fc4
       23735000	      2372	80002688	86830a97	auipc	x21,0x86830	 x21=0x06832684
       23745000	      2373	8000268c	010e7fb3	and	x31,x28,x16	 x28:0x00000000 x16:0x00000001 x31=0x00000000
       23755000	      2374	80002690	b6abfd13	andi	x26,x23,-1174	 x23:0x00000011 x26=0x00000000
       23765000	      2375	80002694	40a508b3	sub	x17,x10,x10	 x10:0x00000000 x10:0x00000000 x17=0x00000000
       23775000	      2376	80002698	938b6317	auipc	x6,0x938b6	  x6=0x138b8694
       23785000	      2377	8000269c	00b24fb3	xor	x31,x4,x11	  x4:0x00000000 x11:0x00000000 x31=0x00000000
       23795000	      2378	800026a0	73c57c93	andi	x25,x10,1852	 x10:0x00000000 x25=0x00000000
       23805000	      2379	800026a4	013ac333	xor	x6,x21,x19	 x21:0x06832684 x19:0x0000000e  x6=0x0683268a
       23815000	      2380	800026a8	4152d393	srai	x7,x5,0x15	  x5:0x2e928000  x7=0x00000174
       23825000	      2381	800026ac	bb353893	sltiu	x17,x10,-1101	 x10:0x00000000 x17=0x00000001
       23835000	      2382	800026b0	01235833	srl	x16,x6,x18	  x6:0x0683268a x18:0x00000000 x16=0x0683268a
       23845000	      2383	800026b4	0231fd13	andi	x26,x3,35	  x3:0x00000000 x26=0x00000000
       23855000	      2384	800026b8	ffe00b93	addi	x23,x0,-2	  x0:0x00000000 x23=0xfffffffe
       23865000	      2385	800026bc	01121933	sll	x18,x4,x17	  x4:0x00000000 x17:0x00000001 x18=0x00000000
       23875000	      2386	800026c0	d7f94697	auipc	x13,0xd7f94	 x13=0x57f966bc
       23885000	      2387	800026c4	db3d2f13	slti	x30,x26,-589	 x26:0x00000000 x30=0x00000000
       23895000	      2388	800026c8	6c25ce13	xori	x28,x11,1730	 x11:0x00000000 x28=0x000006c2
       23905000	      2389	800026cc	00f55033	srl	x0,x10,x15	 x10:0x00000000 x15:0x80009fc4
       23915000	      2390	800026d0	ffb18193	addi	x3,x3,-5	  x3:0x00000000  x3=0xfffffffb
       23925000	      2391	800026d4	00000013	addi	x0,x0,0	  x0:0x00000000
       23935000	      2392	800026d8	013f1833	sll	x16,x30,x19	 x30:0x00000000 x19:0x0000000e x16=0x00000000
       23945000	      2393	800026dc	00b96733	or	x14,x18,x11	 x18:0x00000000 x11:0x00000000 x14=0x00000000
       23955000	      2394	800026e0	faf7f013	andi	x0,x15,-81	 x15:0x80009fc4
       23965000	      2395	800026e4	01ad4533	xor	x10,x26,x26	 x26:0x00000000 x26:0x00000000 x10=0x00000000
       23975000	      2396	800026e8	fd71dce3	bge	x3,x23,800026c0	  x3:0xfffffffb x23:0xfffffffe
       23985000	      2397	800026ec	00db8933	add	x18,x23,x13	 x23:0xfffffffe x13:0x57f966bc x18=0x57f966ba
       23995000	      2398	800026f0	9f418393	addi	x7,x3,-1548	  x3:0xfffffffb  x7=0xfffff9ef
       24005000	      2399	800026f4	01078bb3	add	x23,x15,x16	 x15:0x80009fc4 x16:0x00000000 x23=0x80009fc4
       24015000	      2400	800026f8	2287cf93	xori	x31,x15,552	 x15:0x80009fc4 x31=0x80009dec
       24025000	      2401	800026fc	013dd713	srli	x14,x27,0x13	 x27:0x000006bd x14=0x00000000
       24035000	      2402	80002700	00723133	sltu	x2,x4,x7	  x4:0x00000000  x7:0xfffff9ef  x2=0x00000001
       24045000	      2403	80002704	019822b7	lui	x5,0x1982	  x5=0x01982000
       24055000	      2404	80002708	016d9b13	slli	x22,x27,0x16	 x27:0x000006bd x22=0xaf400000
       24065000	      2405	8000270c	22e9f813	andi	x16,x19,558	 x19:0x0000000e x16=0x0000000e
       24075000	      2406	80002710	01c378b3	and	x17,x6,x28	  x6:0x0683268a x28:0x000006c2 x17=0x00000682
       24085000	      2407	80002714	00a25b33	srl	x22,x4,x10	  x4:0x00000000 x10:0x00000000 x22=0x00000000
       24095000	      2408	80002718	405385b3	sub	x11,x7,x5	  x7:0xfffff9ef  x5:0x01982000 x11=0xfe67d9ef
       24105000	      2409	8000271c	00000013	addi	x0,x0,0	  x0:0x00000000
       24115000	      2410	80002720	01a50d33	add	x26,x10,x26	 x10:0x00000000 x26:0x00000000 x26=0x00000000
       24125000	      2411	80002724	0e52a5b7	lui	x11,0xe52a	 x11=0x0e52a000
       24135000	      2412	80002728	006fce63	blt	x31,x6,80002744	 x31:0x80009dec  x6:0x0683268a
       24145000	      2413	00000000	00000013	addi	x0,x0,0	  x0:0x00000000
       24155000	      2414	80002740	00000013	addi	x0,x0,0	  x0:0x00000000
       24165000	      2415	80002744	01056533	or	x10,x10,x16	 x10:0x00000000 x16:0x0000000e x10=0x0000000e
       24175000	      2416	80002748	9b160193	addi	x3,x12,-1615	 x12:0x80009f24  x3=0x800098d5
       24185000	      2417	8000274c	dbfc0437	lui	x8,0xdbfc0	  x8=0xdbfc0000
       24195000	      2418	80002750	02e0f863	bgeu	x1,x14,80002780	  x1:0x80009fc4 x14:0x00000000
       24205000	      2419	00000000	00000013	addi	x0,x0,0	  x0:0x00000000
       24215000	      2420	8000277c	00000013	addi	x0,x0,0	  x0:0x00000000
       24225000	      2421	80002780	006bcc33	xor	x24,x23,x6	 x23:0x80009fc4  x6:0x0683268a x24=0x8683b94e
       24235000	      2422	80002784	05d99863	bne	x19,x29,800027d4	 x19:0x0000000e x29:0x00000001
       24245000	      2423	00000000	00000013	addi	x0,x0,0	  x0:0x00000000
       24255000	      2424	800027d0	00000013	addi	x0,x0,0	  x0:0x00000000
       24265000	      2425	800027d4	00f1f933	and	x18,x3,x15	  x3:0x800098d5 x15:0x80009fc4 x18=0x800098c4
       24275000	      2426	800027d8	0057f8b3	and	x17,x15,x5	 x15:0x80009fc4  x5:0x01982000 x17=0x00000000
       24285000	      2427	800027dc	0102af33	slt	x30,x5,x16	  x5:0x01982000 x16:0x0000000e x30=0x00000000
       24295000	      2428	800027e0	027eea63	bltu	x29,x7,80002814	 x29:0x00000001  x7:0xfffff9ef
       24305000	      2429	00000000	00000013	addi	x0,x0,0	  x0:0x00000000
       24315000	      2430	80002810	00000013	addi	x0,x0,0	  x0:0x00000000
       24325000	      2431	80002814	000d1a93	slli	x21,x26,0x0	 x26:0x00000000 x21=0x00000000
       24335000	      2432	80002818	01689263	bne	x17,x22,8000281c	 x17:0x00000000 x22:0x00000000
       24345000	      2433	8000281c	41f1de33	sra	x28,x3,x31	  x3:0x800098d5 x31:0x80009dec x28=0xfff80009
       24355000	      2434	80002820	009e9093	slli	x1,x29,0x9	 x29:0x00000001  x1=0x00000200
       24365000	      2435	80002824	00606a63	bltu	x0,x6,80002838	  x0:0x00000000  x6:0x0683268a
       24375000	      2436	00000000	00000013	addi	x0,x0,0	  x0:0x00000000
       24385000	      2437	80002834	00000013	addi	x0,x0,0	  x0:0x00000000
       24395000	      2438	80002838	e15fd917	auipc	x18,0xe15fd	 x18=0x615ff834
       24405000	      2439	8000283c	4982f517	auipc	x10,0x4982f	 x10=0xc9831838
       24415000	      2440	80002840	01882033	slt	x0,x16,x24	 x16:0x0000000e x24:0x8683b94e
       24425000	      2441	80002844	00e14c63	blt	x2,x14,8000285c	  x2:0x00000001 x14:0x00000000
       24435000	      2442	80002848	38338013	addi	x0,x7,899	  x7:0xfffff9ef
       24445000	      2443	8000284c	01d414b3	sll	x9,x8,x29	  x8:0xdbfc0000 x29:0x00000001  x9=0xb7f80000
       24455000	      2444	80002850	00fa90b3	sll	x1,x21,x15	 x21:0x00000000 x15:0x80009fc4  x1=0x00000000
       24465000	      2445	80002854	03995263	bge	x18,x25,80002878	 x18:0x615ff834 x25:0x00000000
       24475000	      2446	00000000	00000013	addi	x0,x0,0	  x0:0x00000000
       24485000	      2447	80002874	00000013	addi	x0,x0,0	  x0:0x00000000
       24495000	      2448	80002878	00151e63	bne	x10,x1,80002894	 x10:0xc9831838  x1:0x00000000
       24505000	      2449	00000000	00000013	addi	x0,x0,0	  x0:0x00000000
       24515000	      2450	80002890	00000013	addi	x0,x0,0	  x0:0x00000000
       24525000	      2451	80002894	01eebfb3	sltu	x31,x29,x30	 x29:0x00000001 x30:0x00000000 x31=0x00000000
       24535000	      2452	80002898	417653b3	sra	x7,x12,x23	 x12:0x80009f24 x23:0x80009fc4  x7=0xf80009f2
       24545000	      2453	8000289c	ca1abd93	sltiu	x27,x21,-863	 x21:0x00000000 x27=0x00000001
       24555000	      2454	800028a0	f9d0dd97	auipc	x27,0xf9d0d	 x27=0x79d0f89c
       24565000	      2455	800028a4	27d04113	xori	x2,x0,637	  x0:0x00000000  x2=0x0000027d
       24575000	      2456	800028a8	ad5fb697	auipc	x13,0xad5fb	 x13=0x2d5fd8a4
       24585000	      2457	800028ac	0025c933	xor	x18,x11,x2	 x11:0x0e52a000  x2:0x0000027d x18=0x0e52a27d
       24595000	      2458	800028b0	01259493	slli	x9,x11,0x12	 x11:0x0e52a000  x9=0x80000000
       24605000	      2459	800028b4	01cfee63	bltu	x31,x28,800028d0	 x31:0x00000000 x28:0xfff80009
       24615000	      2460	00000000	00000013	addi	x0,x0,0	  x0:0x00000000
       24625000	      2461	800028cc	00000013	addi	x0,x0,0	  x0:0x00000000
       24635000	      2462	800028d0	009f7033	and	x0,x30,x9	 x30:0x00000000  x9:0x80000000
       24645000	      2463	800028d4	33304b93	xori	x23,x0,819	  x0:0x00000000 x23=0x00000333
       24655000	      2464	800028d8	005d6933	or	x18,x26,x5	 x26:0x00000000  x5:0x01982000 x18=0x01982000
       24665000	      2465	800028dc	00000013	addi	x0,x0,0	  x0:0x00000000
       24675000	      2466	800028e0	00000013	addi	x0,x0,0	  x0:0x00000000
       24685000	      2467	800028e4	01773333	sltu	x6,x14,x23	 x14:0x00000000 x23:0x00000333  x6=0x00000001
       24695000	      2468	800028e8	012511b3	sll	x3,x10,x18	 x10:0xc9831838 x18:0x01982000  x3=0xc9831838
       24705000	      2469	800028ec	05889263	bne	x17,x24,80002930	 x17:0x00000000 x24:0x8683b94e
       24715000	      2470	00000000	00000013	addi	x0,x0,0	  x0:0x00000000
       24725000	      2471	8000292c	00000013	addi	x0,x0,0	  x0:0x00000000
       24735000	      2472	80002930	41405313	srai	x6,x0,0x14	  x0:0x00000000  x6=0x00000000
       24745000	      2473	80002934	01e49bb3	sll	x23,x9,x30	  x9:0x80000000 x30:0x00000000 x23=0x80000000
       24755000	      2474	80002938	ed06b297	auipc	x5,0xed06b	  x5=0x6d06d934
       24765000	      2475	8000293c	9233a213	slti	x4,x7,-1757	  x7:0xf80009f2  x4=0x00000001
       24775000	      2476	80002940	b8f1c313	xori	x6,x3,-1137	  x3:0xc9831838  x6=0x367ce3b7
       24785000	      2477	80002944	056ad863	bge	x21,x22,80002994	 x21:0x00000000 x22:0x00000000
       24795000	      2478	00000000	00000013	addi	x0,x0,0	  x0:0x00000000
       24805000	      2479	80002990	00000013	addi	x0,x0,0	  x0:0x00000000
       24815000	      2480	80002994	00deaab3	slt	x21,x29,x13	 x29:0x00000001 x13:0x2d5fd8a4 x21=0x00000001
       24825000	      2481	80002998	00000013	addi	x0,x0,0	  x0:0x00000000
       24835000	      2482	8000299c	0119d293	srli	x5,x19,0x11	 x19:0x0000000e  x5=0x00000000
       24845000	      2483	800029a0	41aa8c33	sub	x24,x21,x26	 x21:0x00000001 x26:0x00000000 x24=0x00000001
       24855000	      2484	800029a4	00000013	addi	x0,x0,0	  x0:0x00000000
       24865000	      2485	800029a8	00e1deb3	srl	x29,x3,x14	  x3:0xc9831838 x14:0x00000000 x29=0xc9831838
       24875000	      2486	800029ac	00521a93	slli	x21,x4,0x5	  x4:0x00000001 x21=0x00000020
       24885000	      2487	800029b0	02521e63	bne	x4,x5,800029ec	  x4:0x00000001  x5:0x00000000
       24895000	      2488	00000000	00000013	addi	x0,x0,0	  x0:0x00000000
       24905000	      2489	800029e8	00000013	addi	x0,x0,0	  x0:0x00000000
       24915000	      2490	800029ec	401182b3	sub	x5,x3,x1	  x3:0xc9831838  x1:0x00000000  x5=0xc9831838
       24925000	      2491	800029f0	d550d097	auipc	x1,0xd550d	  x1=0x5550f9ec
       24935000	      2492	800029f4	00f43133	sltu	x2,x8,x15	  x8:0xdbfc0000 x15:0x80009fc4  x2=0x00000000
       24945000	      2493	800029f8	00388263	beq	x17,x3,800029fc	 x17:0x00000000  x3:0xc9831838
       24955000	      2494	800029fc	05359063	bne	x11,x19,80002a3c	 x11:0x0e52a000 x19:0x0000000e
       24965000	      2495	00000000	00000013	addi	x0,x0,0	  x0:0x00000000
       24975000	      2496	80002a38	00000013	addi	x0,x0,0	  x0:0x00000000
       24985000	      2497	80002a3c	01d2b833	sltu	x16,x5,x29	  x5:0xc9831838 x29:0xc9831838 x16=0x00000000
       24995000	      2498	80002a40	03e9f863	bgeu	x19,x30,80002a70	 x19:0x0000000e x30:0x00000000
       25005000	      2499	00000000	00000013	addi	x0,x0,0	  x0:0x00000000
       25015000	      2500	80002a6c	00000013	addi	x0,x0,0	  x0:0x00000000
       25025000	      2501	80002a70	01d5ea63	bltu	x11,x29,80002a84	 x11:0x0e52a000 x29:0xc9831838
       25035000	      2502	00000000	00000013	addi	x0,x0,0	  x0:0x00000000
       25045000	      2503	80002a80	00000013	addi	x0,x0,0	  x0:0x00000000
       25055000	      2504	80002a84	18b2cd97	auipc	x27,0x18b2c	 x27=0x98b2ea80
       25065000	      2505	80002a88	000c5813	srli	x16,x24,0x0	 x24:0x00000001 x16=0x00000001
       25075000	      2506	80002a8c	01cbc933	xor	x18,x23,x28	 x23:0x80000000 x28:0xfff80009 x18=0x7ff80009
       25085000	      2507	80002a90	97f0ba13	sltiu	x20,x1,-1665	  x1:0x5550f9ec x20=0x00000001
       25095000	      2508	80002a94	010902b3	add	x5,x18,x16	 x18:0x7ff80009 x16:0x00000001  x5=0x7ff8000a
       25105000	      2509	80002a98	03a74e63	blt	x14,x26,80002ad4	 x14:0x00000000 x26:0x00000000
       25115000	      2510	80002a9c	0c4c2d93	slti	x27,x24,196	 x24:0x00000001 x27=0x00000001
       25125000	      2511	80002aa0	19cb6ab7	lui	x21,0x19cb6	 x21=0x19cb6000
       25135000	      2512	80002aa4	01186cb3	or	x25,x16,x17	 x16:0x00000001 x17:0x00000000 x25=0x00000001
       25145000	      2513	80002aa8	b6ca7d93	andi	x27,x20,-1172	 x20:0x00000001 x27=0x00000000
       25155000	      2514	80002aac	fffffb17	auipc	x22,0xfffff	 x22=0x80001aa8
       25165000	      2515	80002ab0	140b0b13	addi	x22,x22,320	 x22:0x80001aa8 x22=0x80001be8
       25175000	      2516	80002ab4	40358c33	sub	x24,x11,x3	 x11:0x0e52a000  x3:0xc9831838 x24=0x44cf87c8
       25185000	      2517	80002ab8	ecab0b13	addi	x22,x22,-310	 x22:0x80001be8 x22=0x80001ab2
       25195000	      2518	80002abc	01361b93	slli	x23,x12,0x13	 x12:0x80009f24 x23=0xf9200000
       25205000	      2519	80002ac0	14ed2c37	lui	x24,0x14ed2	 x24=0x14ed2000
       25215000	      2520	80002ac4	00902cb3	slt	x25,x0,x9	  x0:0x00000000  x9:0x80000000 x25=0x00000000
       25225000	      2521	80002ac8	137b00e7	jalr	x1,x22,311	 x22:0x80001ab2  x1=0x80002ac8
       25235000	      2522	00000000	00000013	addi	x0,x0,0	  x0:0x00000000
       25245000	      2523	80001be8	00000013	addi	x0,x0,0	  x0:0x00000000
       25255000	      2524	80001bec	0102c663	blt	x5,x16,80001bf8	  x5:0x7ff8000a x16:0x00000001
       25265000	      2525	80001bf0	0089c933	xor	x18,x19,x8	 x19:0x0000000e  x8:0xdbfc0000 x18=0xdbfc000e
       25275000	      2526	80001bf4	d7d43137	lui	x2,0xd7d43	  x2=0xd7d43000
       25285000	      2527	80001bf8	ff460613	addi	x12,x12,-12	 x12:0x80009f24 x12=0x80009f18
       25295000	      2528	80001bfc	6c1a8113	addi	x2,x21,1729	 x21:0x19cb6000  x2=0x19cb66c1
       25305000	      2529	80001c00	92ba2217	auipc	x4,0x92ba2	  x4=0x12ba3bfc
       25315000	      2530	80001c04	01de3a33	sltu	x20,x28,x29	 x28:0xfff80009 x29:0xc9831838 x20=0x00000000
       25325000	      2531	80001c08	006f1b13	slli	x22,x30,0x6	 x30:0x00000000 x22=0x00000000
       25335000	      2532	80001c0c	00162223	sw	x1,4(x12)	 x12:0x80009f18  x1:0x80002ac8 PA:0x80009f1c
       25345000	      2533	80001c10	ccec2b93	slti	x23,x24,-818	 x24:0x14ed2000 x23=0x00000000
       25355000	      2534	80001c14	c6cbdd37	lui	x26,0xc6cbd	 x26=0xc6cbd000
       25365000	      2535	80001c18	b5bbbe93	sltiu	x29,x23,-1189	 x23:0x00000000 x29=0x00000001
       25375000	      2536	80001c1c	41be8f33	sub	x30,x29,x27	 x29:0x00000001 x27:0x00000000 x30=0x00000001
       25385000	      2537	80001c20	00ad4c63	blt	x26,x10,80001c38	 x26:0xc6cbd000 x10:0xc9831838
       25395000	      2538	00000000	00000013	addi	x0,x0,0	  x0:0x00000000
       25405000	      2539	80001c34	00000013	addi	x0,x0,0	  x0:0x00000000
       25415000	      2540	80001c38	00000013	addi	x0,x0,0	  x0:0x00000000
       25425000	      2541	80001c3c	00462083	lw	x1,4(x12)	 x12:0x80009f18  x1=0x80002ac8 PA:0x80009f1c
       25435000	      2542	80001c40	00c60613	addi	x12,x12,12	 x12:0x80009f18 x12=0x80009f24
       25445000	      2543	80001c44	87c34513	xori	x10,x6,-1924	  x6:0x367ce3b7 x10=0xc9831bcb
       25455000	      2544	80001c48	418e5713	srai	x14,x28,0x18	 x28:0xfff80009 x14=0xffffffff
       25465000	      2545	80001c4c	40efd4b3	sra	x9,x31,x14	 x31:0x00000000 x14:0xffffffff  x9=0x00000000
       25475000	      2546	80001c50	00008413	addi	x8,x1,0	  x1:0x80002ac8  x8=0x80002ac8
       25485000	      2547	80001c54	00040467	jalr	x8,x8,0	  x8:0x80002ac8  x8=0x80001c54
       25495000	      2548	00000000	00000013	addi	x0,x0,0	  x0:0x00000000
       25505000	      2549	80002ac8	00000013	addi	x0,x0,0	  x0:0x00000000
       25515000	      2550	80002acc	874e0893	addi	x17,x28,-1932	 x28:0xfff80009 x17=0xfff7f87d
       25525000	      2551	80002ad0	44452c13	slti	x24,x10,1092	 x10:0xc9831bcb x24=0x00000001
       25535000	      2552	80002ad4	aba50d37	lui	x26,0xaba50	 x26=0xaba50000
       25545000	      2553	80002ad8	00800893	addi	x17,x0,8	  x0:0x00000000 x17=0x00000008
       25555000	      2554	80002adc	00d683b3	add	x7,x13,x13	 x13:0x2d5fd8a4 x13:0x2d5fd8a4  x7=0x5abfb148
       25565000	      2555	80002ae0	9d91f913	andi	x18,x3,-1575	  x3:0xc9831838 x18=0xc9831818
       25575000	      2556	80002ae4	00400493	addi	x9,x0,4	  x0:0x00000000  x9=0x00000004
       25585000	      2557	80002ae8	011b9513	slli	x10,x23,0x11	 x23:0x00000000 x10=0x00000000
       25595000	      2558	80002aec	01e7a733	slt	x14,x15,x30	 x15:0x80009fc4 x30:0x00000001 x14=0x00000001
       25605000	      2559	80002af0	017a45b3	xor	x11,x20,x23	 x20:0x00000000 x23:0x00000000 x11=0x00000000
       25615000	      2560	80002af4	41b6dab3	sra	x21,x13,x27	 x13:0x2d5fd8a4 x27:0x00000000 x21=0x2d5fd8a4
       25625000	      2561	80002af8	00bfe933	or	x18,x31,x11	 x31:0x00000000 x11:0x00000000 x18=0x00000000
       25635000	      2562	80002afc	001c7f33	and	x30,x24,x1	 x24:0x00000001  x1:0x80002ac8 x30=0x00000000
       25645000	      2563	80002b00	1fe78917	auipc	x18,0x1fe78	 x18=0x9fe7aafc
       25655000	      2564	80002b04	001a6d33	or	x26,x20,x1	 x20:0x00000000  x1:0x80002ac8 x26=0x80002ac8
       25665000	      2565	80002b08	ffe88893	addi	x17,x17,-2	 x17:0x00000008 x17=0x00000006
       25675000	      2566	80002b0c	00710c33	add	x24,x2,x7	  x2:0x19cb66c1  x7:0x5abfb148 x24=0x748b1809
       25685000	      2567	80002b10	402cd333	sra	x6,x25,x2	 x25:0x00000000  x2:0x19cb66c1  x6=0x00000000
       25695000	      2568	80002b14	6e8b7313	andi	x6,x22,1768	 x22:0x00000000  x6=0x00000000
       25705000	      2569	80002b18	001ffc33	and	x24,x31,x1	 x31:0x00000000  x1:0x80002ac8 x24=0x00000000
       25715000	      2570	80002b1c	fe98f2e3	bgeu	x17,x9,80002b00	 x17:0x00000006  x9:0x00000004
       25725000	      2571	00000000	00000013	addi	x0,x0,0	  x0:0x00000000
       25735000	      2572	80002afc	00000013	addi	x0,x0,0	  x0:0x00000000
       25745000	      2573	80002b00	1fe78917	auipc	x18,0x1fe78	 x18=0x9fe7aafc
       25755000	      2574	80002b04	001a6d33	or	x26,x20,x1	 x20:0x00000000  x1:0x80002ac8 x26=0x80002ac8
       25765000	      2575	80002b08	ffe88893	addi	x17,x17,-2	 x17:0x00000006 x17=0x00000004
       25775000	      2576	80002b0c	00710c33	add	x24,x2,x7	  x2:0x19cb66c1  x7:0x5abfb148 x24=0x748b1809
       25785000	      2577	80002b10	402cd333	sra	x6,x25,x2	 x25:0x00000000  x2:0x19cb66c1  x6=0x00000000
       25795000	      2578	80002b14	6e8b7313	andi	x6,x22,1768	 x22:0x00000000  x6=0x00000000
       25805000	      2579	80002b18	001ffc33	and	x24,x31,x1	 x31:0x00000000  x1:0x80002ac8 x24=0x00000000
       25815000	      2580	80002b1c	fe98f2e3	bgeu	x17,x9,80002b00	 x17:0x00000004  x9:0x00000004
       25825000	      2581	00000000	00000013	addi	x0,x0,0	  x0:0x00000000
       25835000	      2582	80002afc	00000013	addi	x0,x0,0	  x0:0x00000000
       25845000	      2583	80002b00	1fe78917	auipc	x18,0x1fe78	 x18=0x9fe7aafc
       25855000	      2584	80002b04	001a6d33	or	x26,x20,x1	 x20:0x00000000  x1:0x80002ac8 x26=0x80002ac8
       25865000	      2585	80002b08	ffe88893	addi	x17,x17,-2	 x17:0x00000004 x17=0x00000002
       25875000	      2586	80002b0c	00710c33	add	x24,x2,x7	  x2:0x19cb66c1  x7:0x5abfb148 x24=0x748b1809
       25885000	      2587	80002b10	402cd333	sra	x6,x25,x2	 x25:0x00000000  x2:0x19cb66c1  x6=0x00000000
       25895000	      2588	80002b14	6e8b7313	andi	x6,x22,1768	 x22:0x00000000  x6=0x00000000
       25905000	      2589	80002b18	001ffc33	and	x24,x31,x1	 x31:0x00000000  x1:0x80002ac8 x24=0x00000000
       25915000	      2590	80002b1c	fe98f2e3	bgeu	x17,x9,80002b00	 x17:0x00000002  x9:0x00000004
       25925000	      2591	80002b20	01e4cdb3	xor	x27,x9,x30	  x9:0x00000004 x30:0x00000000 x27=0x00000004
       25935000	      2592	80002b24	04e15263	bge	x2,x14,80002b68	  x2:0x19cb66c1 x14:0x00000001
       25945000	      2593	00000000	00000013	addi	x0,x0,0	  x0:0x00000000
       25955000	      2594	80002b64	00000013	addi	x0,x0,0	  x0:0x00000000
       25965000	      2595	80002b68	0041d213	srli	x4,x3,0x4	  x3:0xc9831838  x4=0x0c983183
       25975000	      2596	80002b6c	6cbea913	slti	x18,x29,1739	 x29:0x00000001 x18=0x00000001
       25985000	      2597	80002b70	01703933	sltu	x18,x0,x23	  x0:0x00000000 x23:0x00000000 x18=0x00000000
       25995000	      2598	80002b74	00b2c133	xor	x2,x5,x11	  x5:0x7ff8000a x11:0x00000000  x2=0x7ff8000a
       26005000	      2599	80002b78	b7063537	lui	x10,0xb7063	 x10=0xb7063000
       26015000	      2600	80002b7c	00855a63	bge	x10,x8,80002b90	 x10:0xb7063000  x8:0x80001c54
       26025000	      2601	00000000	00000013	addi	x0,x0,0	  x0:0x00000000
       26035000	      2602	80002b8c	00000013	addi	x0,x0,0	  x0:0x00000000
       26045000	      2603	80002b90	01cb6863	bltu	x22,x28,80002ba0	 x22:0x00000000 x28:0xfff80009
       26055000	      2604	00000000	00000013	addi	x0,x0,0	  x0:0x00000000
       26065000	      2605	80002b9c	00000013	addi	x0,x0,0	  x0:0x00000000
       26075000	      2606	80002ba0	00e09a63	bne	x1,x14,80002bb4	  x1:0x80002ac8 x14:0x00000001
       26085000	      2607	00000000	00000013	addi	x0,x0,0	  x0:0x00000000
       26095000	      2608	80002bb0	00000013	addi	x0,x0,0	  x0:0x00000000
       26105000	      2609	80002bb4	010d9bb3	sll	x23,x27,x16	 x27:0x00000004 x16:0x00000001 x23=0x00000008
       26115000	      2610	80002bb8	eaf43a13	sltiu	x20,x8,-337	  x8:0x80001c54 x20=0x00000001
       26125000	      2611	80002bbc	4122dd13	srai	x26,x5,0x12	  x5:0x7ff8000a x26=0x00001ffe
       26135000	      2612	80002bc0	0284f063	bgeu	x9,x8,80002be0	  x9:0x00000004  x8:0x80001c54
       26145000	      2613	80002bc4	4ae0a893	slti	x17,x1,1198	  x1:0x80002ac8 x17=0x00000001
       26155000	      2614	80002bc8	01d2dd93	srli	x27,x5,0x1d	  x5:0x7ff8000a x27=0x00000003
       26165000	      2615	80002bcc	00a44833	xor	x16,x8,x10	  x8:0x80001c54 x10:0xb7063000 x16=0x37062c54
       26175000	      2616	80002bd0	7cc28693	addi	x13,x5,1996	  x5:0x7ff8000a x13=0x7ff807d6
       26185000	      2617	80002bd4	41a2d513	srai	x10,x5,0x1a	  x5:0x7ff8000a x10=0x0000001f
       26195000	      2618	80002bd8	00f9d263	bge	x19,x15,80002bdc	 x19:0x0000000e x15:0x80009fc4
       26205000	      2619	00000000	00000013	addi	x0,x0,0	  x0:0x00000000
       26215000	      2620	80002bd8	00000013	addi	x0,x0,0	  x0:0x00000000
       26225000	      2621	80002bdc	00000013	addi	x0,x0,0	  x0:0x00000000
       26235000	      2622	80002be0	01e692b3	sll	x5,x13,x30	 x13:0x7ff807d6 x30:0x00000000  x5=0x7ff807d6
       26245000	      2623	80002be4	00462083	lw	x1,4(x12)	 x12:0x80009f24  x1=0x800024a4 PA:0x80009f28
       26255000	      2624	80002be8	00439e93	slli	x29,x7,0x4	  x7:0x5abfb148 x29=0xabfb1480
       26265000	      2625	80002bec	413c5c33	sra	x24,x24,x19	 x24:0x00000000 x19:0x0000000e x24=0x00000000
       26275000	      2626	80002bf0	41fedd33	sra	x26,x29,x31	 x29:0xabfb1480 x31:0x00000000 x26=0xabfb1480
       26285000	      2627	80002bf4	02c60613	addi	x12,x12,44	 x12:0x80009f24 x12=0x80009f50
       26295000	      2628	80002bf8	b6cb36b7	lui	x13,0xb6cb3	 x13=0xb6cb3000
       26305000	      2629	80002bfc	01ddcc33	xor	x24,x27,x29	 x27:0x00000003 x29:0xabfb1480 x24=0xabfb1483
       26315000	      2630	80002c00	00481f93	slli	x31,x16,0x4	 x16:0x37062c54 x31=0x7062c540
       26325000	      2631	80002c04	017baa33	slt	x20,x23,x23	 x23:0x00000008 x23:0x00000008 x20=0x00000000
       26335000	      2632	80002c08	00108e13	addi	x28,x1,1	  x1:0x800024a4 x28=0x800024a5
       26345000	      2633	80002c0c	000e0e67	jalr	x28,x28,0	 x28:0x800024a5 x28=0x80002c0c
       26355000	      2634	00000000	00000013	addi	x0,x0,0	  x0:0x00000000
       26365000	      2635	800024a4	00000013	addi	x0,x0,0	  x0:0x00000000
       26375000	      2636	800024a8	03df1c63	bne	x30,x29,800024e0	 x30:0x00000000 x29:0xabfb1480
       26385000	      2637	00000000	00000013	addi	x0,x0,0	  x0:0x00000000
       26395000	      2638	800024dc	00000013	addi	x0,x0,0	  x0:0x00000000
       26405000	      2639	800024e0	40aa5593	srai	x11,x20,0xa	 x20:0x00000000 x11=0x00000000
       26415000	      2640	800024e4	00d61433	sll	x8,x12,x13	 x12:0x80009f50 x13:0xb6cb3000  x8=0x80009f50
       26425000	      2641	800024e8	01496e33	or	x28,x18,x20	 x18:0x00000000 x20:0x00000000 x28=0x00000000
       26435000	      2642	800024ec	016bebb3	or	x23,x23,x22	 x23:0x00000008 x22:0x00000000 x23=0x00000008
       26445000	      2643	800024f0	00462083	lw	x1,4(x12)	 x12:0x80009f50  x1=0x80000f2c PA:0x80009f54
       26455000	      2644	800024f4	062c8b93	addi	x23,x25,98	 x25:0x00000000 x23=0x00000062
       26465000	      2645	800024f8	01c50e33	add	x28,x10,x28	 x10:0x0000001f x28:0x00000000 x28=0x0000001f
       26475000	      2646	800024fc	447df693	andi	x13,x27,1095	 x27:0x00000003 x13=0x00000003
       26485000	      2647	80002500	03460613	addi	x12,x12,52	 x12:0x80009f50 x12=0x80009f84
       26495000	      2648	80002504	00250db3	add	x27,x10,x2	 x10:0x0000001f  x2:0x7ff8000a x27=0x7ff80029
       26505000	      2649	80002508	e44e7d93	andi	x27,x28,-444	 x28:0x0000001f x27=0x00000004
       26515000	      2650	8000250c	00108493	addi	x9,x1,1	  x1:0x80000f2c  x9=0x80000f2d
       26525000	      2651	80002510	000484e7	jalr	x9,x9,0	  x9:0x80000f2d  x9=0x80002510
       26535000	      2652	00000000	00000013	addi	x0,x0,0	  x0:0x00000000
       26545000	      2653	80000f2c	00000013	addi	x0,x0,0	  x0:0x00000000
       26555000	      2654	80000f30	41695393	srai	x7,x18,0x16	 x18:0x00000000  x7=0x00000000
       26565000	      2655	80000f34	51bd6b93	ori	x23,x26,1307	 x26:0xabfb1480 x23=0xabfb159b
       26575000	      2656	80000f38	40b85513	srai	x10,x16,0xb	 x16:0x37062c54 x10=0x0006e0c5
       26585000	      2657	80000f3c	04084063	blt	x16,x0,80000f7c	 x16:0x37062c54  x0:0x00000000
       26595000	      2658	80000f40	034fec63	bltu	x31,x20,80000f78	 x31:0x7062c540 x20:0x00000000
       26605000	      2659	80000f44	02925263	bge	x4,x9,80000f68	  x4:0x0c983183  x9:0x80002510
       26615000	      2660	00000000	00000013	addi	x0,x0,0	  x0:0x00000000
       26625000	      2661	80000f64	00000013	addi	x0,x0,0	  x0:0x00000000
       26635000	      2662	80000f68	00b94db3	xor	x27,x18,x11	 x18:0x00000000 x11:0x00000000 x27=0x00000000
       26645000	      2663	80000f6c	88a301b7	lui	x3,0x88a30	  x3=0x88a30000
       26655000	      2664	80000f70	019fb133	sltu	x2,x31,x25	 x31:0x7062c540 x25:0x00000000  x2=0x00000000
       26665000	      2665	80000f74	6cd3a4b7	lui	x9,0x6cd3a	  x9=0x6cd3a000
       26675000	      2666	80000f78	bd3fca13	xori	x20,x31,-1069	 x31:0x7062c540 x20=0x8f9d3e93
       26685000	      2667	80000f7c	2b528197	auipc	x3,0x2b528	  x3=0xab528f78
       26695000	      2668	80000f80	411b5cb3	sra	x25,x22,x17	 x22:0x00000000 x17:0x00000001 x25=0x00000000
       26705000	      2669	80000f84	54099197	auipc	x3,0x54099	  x3=0xd4099f80
       26715000	      2670	80000f88	418f5d13	srai	x26,x30,0x18	 x30:0x00000000 x26=0x00000000
       26725000	      2671	80000f8c	0179e033	or	x0,x19,x23	 x19:0x0000000e x23:0xabfb159b
       26735000	      2672	80000f90	01ef1a13	slli	x20,x30,0x1e	 x30:0x00000000 x20=0x00000000
       26745000	      2673	80000f94	dae1ef97	auipc	x31,0xdae1e	 x31=0x5ae1ef90
       26755000	      2674	80000f98	025de263	bltu	x27,x5,80000fbc	 x27:0x00000000  x5:0x7ff807d6
       26765000	      2675	00000000	00000013	addi	x0,x0,0	  x0:0x00000000
       26775000	      2676	80000fb8	00000013	addi	x0,x0,0	  x0:0x00000000
       26785000	      2677	80000fbc	06af5663	bge	x30,x10,80001028	 x30:0x00000000 x10:0x0006e0c5
       26795000	      2678	80000fc0	01e42e33	slt	x28,x8,x30	  x8:0x80009f50 x30:0x00000000 x28=0x00000001
       26805000	      2679	80000fc4	79723137	lui	x2,0x79723	  x2=0x79723000
       26815000	      2680	80000fc8	00d89263	bne	x17,x13,80000fcc	 x17:0x00000001 x13:0x00000003
       26825000	      2681	00000000	00000013	addi	x0,x0,0	  x0:0x00000000
       26835000	      2682	80000fc8	00000013	addi	x0,x0,0	  x0:0x00000000
       26845000	      2683	80000fcc	012d82b3	add	x5,x27,x18	 x27:0x00000000 x18:0x00000000  x5=0x00000000
       26855000	      2684	80000fd0	00039413	slli	x8,x7,0x0	  x7:0x00000000  x8=0x00000000
       26865000	      2685	80000fd4	00a00813	addi	x16,x0,10	  x0:0x00000000 x16=0x0000000a
       26875000	      2686	80000fd8	0038f0b3	and	x1,x17,x3	 x17:0x00000001  x3:0xd4099f80  x1=0x00000000
       26885000	      2687	80000fdc	cff8c493	xori	x9,x17,-769	 x17:0x00000001  x9=0xfffffcfe
       26895000	      2688	80000fe0	4041d233	sra	x4,x3,x4	  x3:0xd4099f80  x4:0x0c983183  x4=0xfa8133f0
       26905000	      2689	80000fe4	01100e13	addi	x28,x0,17	  x0:0x00000000 x28=0x00000011
       26915000	      2690	80000fe8	016cb133	sltu	x2,x25,x22	 x25:0x00000000 x22:0x00000000  x2=0x00000000
       26925000	      2691	80000fec	e6de6b13	ori	x22,x28,-403	 x28:0x00000011 x22=0xfffffe7d
       26935000	      2692	80000ff0	01e4b033	sltu	x0,x9,x30	  x9:0xfffffcfe x30:0x00000000
       26945000	      2693	80000ff4	00180813	addi	x16,x16,1	 x16:0x0000000a x16=0x0000000b
       26955000	      2694	80000ff8	00755913	srli	x18,x10,0x7	 x10:0x0006e0c5 x18=0x00000dc1
       26965000	      2695	80000ffc	00900c13	addi	x24,x0,9	  x0:0x00000000 x24=0x00000009
       26975000	      2696	80001000	00a00f93	addi	x31,x0,10	  x0:0x00000000 x31=0x0000000a
       26985000	      2697	80001004	01c55e93	srli	x29,x10,0x1c	 x10:0x0006e0c5 x29=0x00000000
       26995000	      2698	80001008	004cebb3	or	x23,x25,x4	 x25:0x00000000  x4:0xfa8133f0 x23=0xfa8133f0
       27005000	      2699	8000100c	019df3b3	and	x7,x27,x25	 x27:0x00000000 x25:0x00000000  x7=0x00000000
       27015000	      2700	80001010	001c0c13	addi	x24,x24,1	 x24:0x00000009 x24=0x0000000a
       27025000	      2701	80001014	1a22bf13	sltiu	x30,x5,418	  x5:0x00000000 x30=0x00000001
       27035000	      2702	80001018	fffc4ae3	blt	x24,x31,8000100c	 x24:0x0000000a x31:0x0000000a
       27045000	      2703	8000101c	01286f33	or	x30,x16,x18	 x16:0x0000000b x18:0x00000dc1 x30=0x00000dcb
       27055000	      2704	80001020	fdc866e3	bltu	x16,x28,80000fec	 x16:0x0000000b x28:0x00000011
       27065000	      2705	00000000	00000013	addi	x0,x0,0	  x0:0x00000000
       27075000	      2706	80000fe8	00000013	addi	x0,x0,0	  x0:0x00000000
       27085000	      2707	80000fec	e6de6b13	ori	x22,x28,-403	 x28:0x00000011 x22=0xfffffe7d
       27095000	      2708	80000ff0	01e4b033	sltu	x0,x9,x30	  x9:0xfffffcfe x30:0x00000dcb
       27105000	      2709	80000ff4	00180813	addi	x16,x16,1	 x16:0x0000000b x16=0x0000000c
       27115000	      2710	80000ff8	00755913	srli	x18,x10,0x7	 x10:0x0006e0c5 x18=0x00000dc1
       27125000	      2711	80000ffc	00900c13	addi	x24,x0,9	  x0:0x00000000 x24=0x00000009
       27135000	      2712	80001000	00a00f93	addi	x31,x0,10	  x0:0x00000000 x31=0x0000000a
       27145000	      2713	80001004	01c55e93	srli	x29,x10,0x1c	 x10:0x0006e0c5 x29=0x00000000
       27155000	      2714	80001008	004cebb3	or	x23,x25,x4	 x25:0x00000000  x4:0xfa8133f0 x23=0xfa8133f0
       27165000	      2715	8000100c	019df3b3	and	x7,x27,x25	 x27:0x00000000 x25:0x00000000  x7=0x00000000
       27175000	      2716	80001010	001c0c13	addi	x24,x24,1	 x24:0x00000009 x24=0x0000000a
       27185000	      2717	80001014	1a22bf13	sltiu	x30,x5,418	  x5:0x00000000 x30=0x00000001
       27195000	      2718	80001018	fffc4ae3	blt	x24,x31,8000100c	 x24:0x0000000a x31:0x0000000a
       27205000	      2719	8000101c	01286f33	or	x30,x16,x18	 x16:0x0000000c x18:0x00000dc1 x30=0x00000dcd
       27215000	      2720	80001020	fdc866e3	bltu	x16,x28,80000fec	 x16:0x0000000c x28:0x00000011
       27225000	      2721	00000000	00000013	addi	x0,x0,0	  x0:0x00000000
       27235000	      2722	80000fe8	00000013	addi	x0,x0,0	  x0:0x00000000
       27245000	      2723	80000fec	e6de6b13	ori	x22,x28,-403	 x28:0x00000011 x22=0xfffffe7d
       27255000	      2724	80000ff0	01e4b033	sltu	x0,x9,x30	  x9:0xfffffcfe x30:0x00000dcd
       27265000	      2725	80000ff4	00180813	addi	x16,x16,1	 x16:0x0000000c x16=0x0000000d
       27275000	      2726	80000ff8	00755913	srli	x18,x10,0x7	 x10:0x0006e0c5 x18=0x00000dc1
       27285000	      2727	80000ffc	00900c13	addi	x24,x0,9	  x0:0x00000000 x24=0x00000009
       27295000	      2728	80001000	00a00f93	addi	x31,x0,10	  x0:0x00000000 x31=0x0000000a
       27305000	      2729	80001004	01c55e93	srli	x29,x10,0x1c	 x10:0x0006e0c5 x29=0x00000000
       27315000	      2730	80001008	004cebb3	or	x23,x25,x4	 x25:0x00000000  x4:0xfa8133f0 x23=0xfa8133f0
       27325000	      2731	8000100c	019df3b3	and	x7,x27,x25	 x27:0x00000000 x25:0x00000000  x7=0x00000000
       27335000	      2732	80001010	001c0c13	addi	x24,x24,1	 x24:0x00000009 x24=0x0000000a
       27345000	      2733	80001014	1a22bf13	sltiu	x30,x5,418	  x5:0x00000000 x30=0x00000001
       27355000	      2734	80001018	fffc4ae3	blt	x24,x31,8000100c	 x24:0x0000000a x31:0x0000000a
       27365000	      2735	8000101c	01286f33	or	x30,x16,x18	 x16:0x0000000d x18:0x00000dc1 x30=0x00000dcd
       27375000	      2736	80001020	fdc866e3	bltu	x16,x28,80000fec	 x16:0x0000000d x28:0x00000011
       27385000	      2737	00000000	00000013	addi	x0,x0,0	  x0:0x00000000
       27395000	      2738	80000fe8	00000013	addi	x0,x0,0	  x0:0x00000000
       27405000	      2739	80000fec	e6de6b13	ori	x22,x28,-403	 x28:0x00000011 x22=0xfffffe7d
       27415000	      2740	80000ff0	01e4b033	sltu	x0,x9,x30	  x9:0xfffffcfe x30:0x00000dcd
       27425000	      2741	80000ff4	00180813	addi	x16,x16,1	 x16:0x0000000d x16=0x0000000e
       27435000	      2742	80000ff8	00755913	srli	x18,x10,0x7	 x10:0x0006e0c5 x18=0x00000dc1
       27445000	      2743	80000ffc	00900c13	addi	x24,x0,9	  x0:0x00000000 x24=0x00000009
       27455000	      2744	80001000	00a00f93	addi	x31,x0,10	  x0:0x00000000 x31=0x0000000a
       27465000	      2745	80001004	01c55e93	srli	x29,x10,0x1c	 x10:0x0006e0c5 x29=0x00000000
       27475000	      2746	80001008	004cebb3	or	x23,x25,x4	 x25:0x00000000  x4:0xfa8133f0 x23=0xfa8133f0
       27485000	      2747	8000100c	019df3b3	and	x7,x27,x25	 x27:0x00000000 x25:0x00000000  x7=0x00000000
       27495000	      2748	80001010	001c0c13	addi	x24,x24,1	 x24:0x00000009 x24=0x0000000a
       27505000	      2749	80001014	1a22bf13	sltiu	x30,x5,418	  x5:0x00000000 x30=0x00000001
       27515000	      2750	80001018	fffc4ae3	blt	x24,x31,8000100c	 x24:0x0000000a x31:0x0000000a
       27525000	      2751	8000101c	01286f33	or	x30,x16,x18	 x16:0x0000000e x18:0x00000dc1 x30=0x00000dcf
       27535000	      2752	80001020	fdc866e3	bltu	x16,x28,80000fec	 x16:0x0000000e x28:0x00000011
       27545000	      2753	00000000	00000013	addi	x0,x0,0	  x0:0x00000000
       27555000	      2754	80000fe8	00000013	addi	x0,x0,0	  x0:0x00000000
       27565000	      2755	80000fec	e6de6b13	ori	x22,x28,-403	 x28:0x00000011 x22=0xfffffe7d
       27575000	      2756	80000ff0	01e4b033	sltu	x0,x9,x30	  x9:0xfffffcfe x30:0x00000dcf
       27585000	      2757	80000ff4	00180813	addi	x16,x16,1	 x16:0x0000000e x16=0x0000000f
       27595000	      2758	80000ff8	00755913	srli	x18,x10,0x7	 x10:0x0006e0c5 x18=0x00000dc1
       27605000	      2759	80000ffc	00900c13	addi	x24,x0,9	  x0:0x00000000 x24=0x00000009
       27615000	      2760	80001000	00a00f93	addi	x31,x0,10	  x0:0x00000000 x31=0x0000000a
       27625000	      2761	80001004	01c55e93	srli	x29,x10,0x1c	 x10:0x0006e0c5 x29=0x00000000
       27635000	      2762	80001008	004cebb3	or	x23,x25,x4	 x25:0x00000000  x4:0xfa8133f0 x23=0xfa8133f0
       27645000	      2763	8000100c	019df3b3	and	x7,x27,x25	 x27:0x00000000 x25:0x00000000  x7=0x00000000
       27655000	      2764	80001010	001c0c13	addi	x24,x24,1	 x24:0x00000009 x24=0x0000000a
       27665000	      2765	80001014	1a22bf13	sltiu	x30,x5,418	  x5:0x00000000 x30=0x00000001
       27675000	      2766	80001018	fffc4ae3	blt	x24,x31,8000100c	 x24:0x0000000a x31:0x0000000a
       27685000	      2767	8000101c	01286f33	or	x30,x16,x18	 x16:0x0000000f x18:0x00000dc1 x30=0x00000dcf
       27695000	      2768	80001020	fdc866e3	bltu	x16,x28,80000fec	 x16:0x0000000f x28:0x00000011
       27705000	      2769	00000000	00000013	addi	x0,x0,0	  x0:0x00000000
       27715000	      2770	80000fe8	00000013	addi	x0,x0,0	  x0:0x00000000
       27725000	      2771	80000fec	e6de6b13	ori	x22,x28,-403	 x28:0x00000011 x22=0xfffffe7d
       27735000	      2772	80000ff0	01e4b033	sltu	x0,x9,x30	  x9:0xfffffcfe x30:0x00000dcf
       27745000	      2773	80000ff4	00180813	addi	x16,x16,1	 x16:0x0000000f x16=0x00000010
       27755000	      2774	80000ff8	00755913	srli	x18,x10,0x7	 x10:0x0006e0c5 x18=0x00000dc1
       27765000	      2775	80000ffc	00900c13	addi	x24,x0,9	  x0:0x00000000 x24=0x00000009
       27775000	      2776	80001000	00a00f93	addi	x31,x0,10	  x0:0x00000000 x31=0x0000000a
       27785000	      2777	80001004	01c55e93	srli	x29,x10,0x1c	 x10:0x0006e0c5 x29=0x00000000
       27795000	      2778	80001008	004cebb3	or	x23,x25,x4	 x25:0x00000000  x4:0xfa8133f0 x23=0xfa8133f0
       27805000	      2779	8000100c	019df3b3	and	x7,x27,x25	 x27:0x00000000 x25:0x00000000  x7=0x00000000
       27815000	      2780	80001010	001c0c13	addi	x24,x24,1	 x24:0x00000009 x24=0x0000000a
       27825000	      2781	80001014	1a22bf13	sltiu	x30,x5,418	  x5:0x00000000 x30=0x00000001
       27835000	      2782	80001018	fffc4ae3	blt	x24,x31,8000100c	 x24:0x0000000a x31:0x0000000a
       27845000	      2783	8000101c	01286f33	or	x30,x16,x18	 x16:0x00000010 x18:0x00000dc1 x30=0x00000dd1
       27855000	      2784	80001020	fdc866e3	bltu	x16,x28,80000fec	 x16:0x00000010 x28:0x00000011
       27865000	      2785	00000000	00000013	addi	x0,x0,0	  x0:0x00000000
       27875000	      2786	80000fe8	00000013	addi	x0,x0,0	  x0:0x00000000
       27885000	      2787	80000fec	e6de6b13	ori	x22,x28,-403	 x28:0x00000011 x22=0xfffffe7d
       27895000	      2788	80000ff0	01e4b033	sltu	x0,x9,x30	  x9:0xfffffcfe x30:0x00000dd1
       27905000	      2789	80000ff4	00180813	addi	x16,x16,1	 x16:0x00000010 x16=0x00000011
       27915000	      2790	80000ff8	00755913	srli	x18,x10,0x7	 x10:0x0006e0c5 x18=0x00000dc1
       27925000	      2791	80000ffc	00900c13	addi	x24,x0,9	  x0:0x00000000 x24=0x00000009
       27935000	      2792	80001000	00a00f93	addi	x31,x0,10	  x0:0x00000000 x31=0x0000000a
       27945000	      2793	80001004	01c55e93	srli	x29,x10,0x1c	 x10:0x0006e0c5 x29=0x00000000
       27955000	      2794	80001008	004cebb3	or	x23,x25,x4	 x25:0x00000000  x4:0xfa8133f0 x23=0xfa8133f0
       27965000	      2795	8000100c	019df3b3	and	x7,x27,x25	 x27:0x00000000 x25:0x00000000  x7=0x00000000
       27975000	      2796	80001010	001c0c13	addi	x24,x24,1	 x24:0x00000009 x24=0x0000000a
       27985000	      2797	80001014	1a22bf13	sltiu	x30,x5,418	  x5:0x00000000 x30=0x00000001
       27995000	      2798	80001018	fffc4ae3	blt	x24,x31,8000100c	 x24:0x0000000a x31:0x0000000a
       28005000	      2799	8000101c	01286f33	or	x30,x16,x18	 x16:0x00000011 x18:0x00000dc1 x30=0x00000dd1
       28015000	      2800	80001020	fdc866e3	bltu	x16,x28,80000fec	 x16:0x00000011 x28:0x00000011
       28025000	      2801	80001024	01ab9013	slli	x0,x23,0x1a	 x23:0xfa8133f0
       28035000	      2802	80001028	00979fb3	sll	x31,x15,x9	 x15:0x80009fc4  x9:0xfffffcfe x31=0x00000000
       28045000	      2803	8000102c	49c8ab93	slti	x23,x17,1180	 x17:0x00000001 x23=0x00000001
       28055000	      2804	80001030	00000013	addi	x0,x0,0	  x0:0x00000000
       28065000	      2805	80001034	0187ea33	or	x20,x15,x24	 x15:0x80009fc4 x24:0x0000000a x20=0x80009fce
       28075000	      2806	80001038	ad734c37	lui	x24,0xad734	 x24=0xad734000
       28085000	      2807	8000103c	91d81f17	auipc	x30,0x91d81	 x30=0x11d82038
       28095000	      2808	80001040	00000013	addi	x0,x0,0	  x0:0x00000000
       28105000	      2809	80001044	01964c63	blt	x12,x25,8000105c	 x12:0x80009f84 x25:0x00000000
       28115000	      2810	00000000	00000013	addi	x0,x0,0	  x0:0x00000000
       28125000	      2811	80001058	00000013	addi	x0,x0,0	  x0:0x00000000
       28135000	      2812	8000105c	01f5f1b3	and	x3,x11,x31	 x11:0x00000000 x31:0x00000000  x3=0x00000000
       28145000	      2813	80001060	73da2037	lui	x0,0x73da2	
       28155000	      2814	80001064	402cdd33	sra	x26,x25,x2	 x25:0x00000000  x2:0x00000000 x26=0x00000000
       28165000	      2815	80001068	404c88b3	sub	x17,x25,x4	 x25:0x00000000  x4:0xfa8133f0 x17=0x057ecc10
       28175000	      2816	8000106c	058d0063	beq	x26,x24,800010ac	 x26:0x00000000 x24:0xad734000
       28185000	      2817	80001070	5713d537	lui	x10,0x5713d	 x10=0x5713d000
       28195000	      2818	80001074	01bbf933	and	x18,x23,x27	 x23:0x00000001 x27:0x00000000 x18=0x00000000
       28205000	      2819	80001078	8c2f4417	auipc	x8,0x8c2f4	  x8=0x0c2f5074
       28215000	      2820	8000107c	aea0ea13	ori	x20,x1,-1302	  x1:0x00000000 x20=0xfffffaea
       28225000	      2821	80001080	00000013	addi	x0,x0,0	  x0:0x00000000
       28235000	      2822	80001084	03f46663	bltu	x8,x31,800010b0	  x8:0x0c2f5074 x31:0x00000000
       28245000	      2823	80001088	0108fc63	bgeu	x17,x16,800010a0	 x17:0x057ecc10 x16:0x00000011
       28255000	      2824	00000000	00000013	addi	x0,x0,0	  x0:0x00000000
       28265000	      2825	8000109c	00000013	addi	x0,x0,0	  x0:0x00000000
       28275000	      2826	800010a0	04508d93	addi	x27,x1,69	  x1:0x00000000 x27=0x00000045
       28285000	      2827	800010a4	00000013	addi	x0,x0,0	  x0:0x00000000
       28295000	      2828	800010a8	00fffc63	bgeu	x31,x15,800010c0	 x31:0x00000000 x15:0x80009fc4
       28305000	      2829	800010ac	32ab0913	addi	x18,x22,810	 x22:0xfffffe7d x18=0x000001a7
       28315000	      2830	800010b0	ff256ab7	lui	x21,0xff256	 x21=0xff256000
       28325000	      2831	800010b4	015e00b3	add	x1,x28,x21	 x28:0x00000011 x21:0xff256000  x1=0xff256011
       28335000	      2832	800010b8	70026493	ori	x9,x4,1792	  x4:0xfa8133f0  x9=0xfa8137f0
       28345000	      2833	800010bc	e510c713	xori	x14,x1,-431	  x1:0xff256011 x14=0x00da9e40
       28355000	      2834	800010c0	b0a47693	andi	x13,x8,-1270	  x8:0x0c2f5074 x13=0x0c2f5000
       28365000	      2835	800010c4	00145433	srl	x8,x8,x1	  x8:0x0c2f5074  x1:0xff256011  x8=0x00000617
       28375000	      2836	800010c8	01fa8e63	beq	x21,x31,800010e4	 x21:0xff256000 x31:0x00000000
       28385000	      2837	800010cc	013c80b3	add	x1,x25,x19	 x25:0x00000000 x19:0x0000000e  x1=0x0000000e
       28395000	      2838	800010d0	0153a0b3	slt	x1,x7,x21	  x7:0x00000000 x21:0xff256000  x1=0x00000000
       28405000	      2839	800010d4	3d712293	slti	x5,x2,983	  x2:0x00000000  x5=0x00000001
       28415000	      2840	800010d8	f03e2297	auipc	x5,0xf03e2	  x5=0x703e30d4
       28425000	      2841	800010dc	60222593	slti	x11,x4,1538	  x4:0xfa8133f0 x11=0x00000001
       28435000	      2842	800010e0	41bfda93	srai	x21,x31,0x1b	 x31:0x00000000 x21=0x00000000
       28445000	      2843	800010e4	00e85293	srli	x5,x16,0xe	 x16:0x00000011  x5=0x00000000
       28455000	      2844	800010e8	00a9d393	srli	x7,x19,0xa	 x19:0x0000000e  x7=0x00000000
       28465000	      2845	800010ec	00cff1b3	and	x3,x31,x12	 x31:0x00000000 x12:0x80009f84  x3=0x00000000
       28475000	      2846	800010f0	7f320493	addi	x9,x4,2035	  x4:0xfa8133f0  x9=0xfa813be3
       28485000	      2847	800010f4	40875413	srai	x8,x14,0x8	 x14:0x00da9e40  x8=0x0000da9e
       28495000	      2848	800010f8	3b233c13	sltiu	x24,x6,946	  x6:0x00000000 x24=0x00000001
       28505000	      2849	800010fc	18efbc13	sltiu	x24,x31,398	 x31:0x00000000 x24=0x00000001
       28515000	      2850	80001100	01279f13	slli	x30,x15,0x12	 x15:0x80009fc4 x30=0x7f100000
       28525000	      2851	80001104	f519ea93	ori	x21,x19,-175	 x19:0x0000000e x21=0xffffff5f
       28535000	      2852	80001108	0160d293	srli	x5,x1,0x16	  x1:0x00000000  x5=0x00000000
       28545000	      2853	8000110c	41885313	srai	x6,x16,0x18	 x16:0x00000011  x6=0x00000000
       28555000	      2854	80001110	03a8c063	blt	x17,x26,80001130	 x17:0x057ecc10 x26:0x00000000
       28565000	      2855	80001114	0025f733	and	x14,x11,x2	 x11:0x00000001  x2:0x00000000 x14=0x00000000
       28575000	      2856	80001118	001ec863	blt	x29,x1,80001128	 x29:0x00000000  x1:0x00000000
       28585000	      2857	8000111c	dc514d93	xori	x27,x2,-571	  x2:0x00000000 x27=0xfffffdc5
       28595000	      2858	80001120	023fc463	blt	x31,x3,80001148	 x31:0x00000000  x3:0x00000000
       28605000	      2859	80001124	9f8f6113	ori	x2,x30,-1544	 x30:0x7f100000  x2=0xfffff9f8
       28615000	      2860	80001128	00db8433	add	x8,x23,x13	 x23:0x00000001 x13:0x0c2f5000  x8=0x0c2f5001
       28625000	      2861	8000112c	04f8e293	ori	x5,x17,79	 x17:0x057ecc10  x5=0x057ecc5f
       28635000	      2862	80001130	8f229137	lui	x2,0x8f229	  x2=0x8f229000
       28645000	      2863	80001134	b92f8b13	addi	x22,x31,-1134	 x31:0x00000000 x22=0xfffffb92
       28655000	      2864	80001138	00000013	addi	x0,x0,0	  x0:0x00000000
       28665000	      2865	8000113c	00e17e33	and	x28,x2,x14	  x2:0x8f229000 x14:0x00000000 x28=0x00000000
       28675000	      2866	80001140	01f3c4b3	xor	x9,x7,x31	  x7:0x00000000 x31:0x00000000  x9=0x00000000
       28685000	      2867	80001144	a4ef8d13	addi	x26,x31,-1458	 x31:0x00000000 x26=0xfffffa4e
       28695000	      2868	80001148	2f1b8b13	addi	x22,x23,753	 x23:0x00000001 x22=0x000002f2
       28705000	      2869	8000114c	988a6f93	ori	x31,x20,-1656	 x20:0xfffffaea x31=0xfffffbea
       28715000	      2870	80001150	0015f8b3	and	x17,x11,x1	 x11:0x00000001  x1:0x00000000 x17=0x00000000
       28725000	      2871	80001154	00915e33	srl	x28,x2,x9	  x2:0x8f229000  x9:0x00000000 x28=0x8f229000
       28735000	      2872	80001158	02001a63	bne	x0,x0,8000118c	  x0:0x00000000  x0:0x00000000
       28745000	      2873	8000115c	01b29d33	sll	x26,x5,x27	  x5:0x057ecc5f x27:0xfffffdc5 x26=0xafd98be0
       28755000	      2874	80001160	00000013	addi	x0,x0,0	  x0:0x00000000
       28765000	      2875	80001164	404e0e33	sub	x28,x28,x4	 x28:0x8f229000  x4:0xfa8133f0 x28=0x94a15c10
       28775000	      2876	80001168	d2597213	andi	x4,x18,-731	 x18:0x000001a7  x4=0x00000125
       28785000	      2877	8000116c	00200a33	add	x20,x0,x2	  x0:0x00000000  x2:0x8f229000 x20=0x8f229000
       28795000	      2878	80001170	0139f4b3	and	x9,x19,x19	 x19:0x0000000e x19:0x0000000e  x9=0x0000000e
       28805000	      2879	80001174	01c4d213	srli	x4,x9,0x1c	  x9:0x0000000e  x4=0x00000000
       28815000	      2880	80001178	0008ed33	or	x26,x17,x0	 x17:0x00000000  x0:0x00000000 x26=0x00000000
       28825000	      2881	8000117c	008b72b3	and	x5,x22,x8	 x22:0x000002f2  x8:0x0c2f5001  x5=0x00000000
       28835000	      2882	80001180	ec532213	slti	x4,x6,-315	  x6:0x00000000  x4=0x00000000
       28845000	      2883	80001184	8598a593	slti	x11,x17,-1959	 x17:0x00000000 x11=0x00000000
       28855000	      2884	80001188	0178dfb3	srl	x31,x17,x23	 x17:0x00000000 x23:0x00000001 x31=0x00000000
       28865000	      2885	8000118c	40848e33	sub	x28,x9,x8	  x9:0x0000000e  x8:0x0c2f5001 x28=0xf3d0b00d
       28875000	      2886	80001190	4191dc13	srai	x24,x3,0x19	  x3:0x00000000 x24=0x00000000
       28885000	      2887	80001194	00630663	beq	x6,x6,800011a0	  x6:0x00000000  x6:0x00000000
       28895000	      2888	00000000	00000013	addi	x0,x0,0	  x0:0x00000000
       28905000	      2889	8000119c	00000013	addi	x0,x0,0	  x0:0x00000000
       28915000	      2890	800011a0	0057cb33	xor	x22,x15,x5	 x15:0x80009fc4  x5:0x00000000 x22=0x80009fc4
       28925000	      2891	800011a4	4196d413	srai	x8,x13,0x19	 x13:0x0c2f5000  x8=0x00000006
       28935000	      2892	800011a8	0462e463	bltu	x5,x6,800011f0	  x5:0x00000000  x6:0x00000000
       28945000	      2893	800011ac	005e6bb3	or	x23,x28,x5	 x28:0xf3d0b00d  x5:0x00000000 x23=0xf3d0b00d
       28955000	      2894	800011b0	00c90eb3	add	x29,x18,x12	 x18:0x000001a7 x12:0x80009f84 x29=0x8000a12b
       28965000	      2895	800011b4	2b10eb13	ori	x22,x1,689	  x1:0x00000000 x22=0x000002b1
       28975000	      2896	800011b8	00000013	addi	x0,x0,0	  x0:0x00000000
       28985000	      2897	800011bc	e4af0f93	addi	x31,x30,-438	 x30:0x7f100000 x31=0x7f0ffe4a
       28995000	      2898	800011c0	0115e833	or	x16,x11,x17	 x11:0x00000000 x17:0x00000000 x16=0x00000000
       29005000	      2899	800011c4	0724b2b7	lui	x5,0x724b	  x5=0x0724b000
       29015000	      2900	800011c8	01f36433	or	x8,x6,x31	  x6:0x00000000 x31:0x7f0ffe4a  x8=0x7f0ffe4a
       29025000	      2901	800011cc	af749e37	lui	x28,0xaf749	 x28=0xaf749000
       29035000	      2902	800011d0	00dd5663	bge	x26,x13,800011dc	 x26:0x00000000 x13:0x0c2f5000
       29045000	      2903	800011d4	b529a713	slti	x14,x19,-1198	 x19:0x0000000e x14=0x00000000
       29055000	      2904	800011d8	3ed97693	andi	x13,x18,1005	 x18:0x000001a7 x13=0x000001a5
       29065000	      2905	800011dc	0b81f113	andi	x2,x3,184	  x3:0x00000000  x2=0x00000000
       29075000	      2906	800011e0	35f14713	xori	x14,x2,863	  x2:0x00000000 x14=0x0000035f
       29085000	      2907	800011e4	02205863	bge	x0,x2,80001214	  x0:0x00000000  x2:0x00000000
       29095000	      2908	00000000	00000013	addi	x0,x0,0	  x0:0x00000000
       29105000	      2909	80001210	00000013	addi	x0,x0,0	  x0:0x00000000
       29115000	      2910	80001214	0ac0bc13	sltiu	x24,x1,172	  x1:0x00000000 x24=0x00000001
       29125000	      2911	80001218	9d322393	slti	x7,x4,-1581	  x4:0x00000000  x7=0x00000000
       29135000	      2912	8000121c	400801b3	sub	x3,x16,x0	 x16:0x00000000  x0:0x00000000  x3=0x00000000
       29145000	      2913	80001220	01219493	slli	x9,x3,0x12	  x3:0x00000000  x9=0x00000000
       29155000	      2914	80001224	018121b3	slt	x3,x2,x24	  x2:0x00000000 x24:0x00000001  x3=0x00000001
       29165000	      2915	80001228	059d4063	blt	x26,x25,80001268	 x26:0x00000000 x25:0x00000000
       29175000	      2916	8000122c	06adcf93	xori	x31,x27,106	 x27:0xfffffdc5 x31=0xfffffdaf
       29185000	      2917	80001230	40060333	sub	x6,x12,x0	 x12:0x80009f84  x0:0x00000000  x6=0x80009f84
       29195000	      2918	80001234	01734033	xor	x0,x6,x23	  x6:0x80009f84 x23:0xf3d0b00d
       29205000	      2919	80001238	03d90a63	beq	x18,x29,8000126c	 x18:0x000001a7 x29:0x8000a12b
       29215000	      2920	8000123c	7b4cf713	andi	x14,x25,1972	 x25:0x00000000 x14=0x00000000
       29225000	      2921	80001240	057ed063	bge	x29,x23,80001280	 x29:0x8000a12b x23:0xf3d0b00d
       29235000	      2922	80001244	7315c137	lui	x2,0x7315c	  x2=0x7315c000
       29245000	      2923	80001248	00b17433	and	x8,x2,x11	  x2:0x7315c000 x11:0x00000000  x8=0x00000000
       29255000	      2924	8000124c	a35af393	andi	x7,x21,-1483	 x21:0xffffff5f  x7=0xfffffa15
       29265000	      2925	80001250	20bdf593	andi	x11,x27,523	 x27:0xfffffdc5 x11=0x00000001
       29275000	      2926	80001254	00e41fb3	sll	x31,x8,x14	  x8:0x00000000 x14:0x00000000 x31=0x00000000
       29285000	      2927	80001258	014be033	or	x0,x23,x20	 x23:0xf3d0b00d x20:0x8f229000
       29295000	      2928	8000125c	032b7a63	bgeu	x22,x18,80001290	 x22:0x000002b1 x18:0x000001a7
       29305000	      2929	00000000	00000013	addi	x0,x0,0	  x0:0x00000000
       29315000	      2930	8000128c	00000013	addi	x0,x0,0	  x0:0x00000000
       29325000	      2931	80001290	01600bb3	add	x23,x0,x22	  x0:0x00000000 x22:0x000002b1 x23=0x000002b1
       29335000	      2932	80001294	4078dc93	srai	x25,x17,0x7	 x17:0x00000000 x25=0x00000000
       29345000	      2933	80001298	01574fb3	xor	x31,x14,x21	 x14:0x00000000 x21:0xffffff5f x31=0xffffff5f
       29355000	      2934	8000129c	00c60233	add	x4,x12,x12	 x12:0x80009f84 x12:0x80009f84  x4=0x00013f08
       29365000	      2935	800012a0	01af5393	srli	x7,x30,0x1a	 x30:0x7f100000  x7=0x0000001f
       29375000	      2936	800012a4	78cf8113	addi	x2,x31,1932	 x31:0xffffff5f  x2=0x000006eb
       29385000	      2937	800012a8	00000013	addi	x0,x0,0	  x0:0x00000000
       29395000	      2938	800012ac	57d9e493	ori	x9,x19,1405	 x19:0x0000000e  x9=0x0000057f
       29405000	      2939	800012b0	b0f57cb7	lui	x25,0xb0f57	 x25=0xb0f57000
       29415000	      2940	800012b4	0e008d37	lui	x26,0xe008	 x26=0x0e008000
       29425000	      2941	800012b8	019a9013	slli	x0,x21,0x19	 x21:0xffffff5f
       29435000	      2942	800012bc	0372c263	blt	x5,x23,800012e0	  x5:0x0724b000 x23:0x000002b1
       29445000	      2943	800012c0	5b6f2013	slti	x0,x30,1462	 x30:0x7f100000
       29455000	      2944	800012c4	e5b1fc13	andi	x24,x3,-421	  x3:0x00000001 x24=0x00000001
       29465000	      2945	800012c8	40418233	sub	x4,x3,x4	  x3:0x00000001  x4:0x00013f08  x4=0xfffec0f9
       29475000	      2946	800012cc	02310713	addi	x14,x2,35	  x2:0x000006eb x14=0x0000070e
       29485000	      2947	800012d0	0044e8b3	or	x17,x9,x4	  x9:0x0000057f  x4:0xfffec0f9 x17=0xfffec5ff
       29495000	      2948	800012d4	01d18263	beq	x3,x29,800012d8	  x3:0x00000001 x29:0x8000a12b
       29505000	      2949	800012d8	0356cc63	blt	x13,x21,80001310	 x13:0x000001a5 x21:0xffffff5f
       29515000	      2950	800012dc	013ffeb3	and	x29,x31,x19	 x31:0xffffff5f x19:0x0000000e x29=0x0000000e
       29525000	      2951	800012e0	e758ae37	lui	x28,0xe758a	 x28=0xe758a000
       29535000	      2952	800012e4	41b9d593	srai	x11,x19,0x1b	 x19:0x0000000e x11=0x00000000
       29545000	      2953	800012e8	4196d133	sra	x2,x13,x25	 x13:0x000001a5 x25:0xb0f57000  x2=0x000001a5
       29555000	      2954	800012ec	0126fab3	and	x21,x13,x18	 x13:0x000001a5 x18:0x000001a7 x21=0x000001a5
       29565000	      2955	800012f0	028e0463	beq	x28,x8,80001318	 x28:0xe758a000  x8:0x00000000
       29575000	      2956	800012f4	41e85133	sra	x2,x16,x30	 x16:0x00000000 x30:0x7f100000  x2=0x00000000
       29585000	      2957	800012f8	01085f93	srli	x31,x16,0x10	 x16:0x00000000 x31=0x00000000
       29595000	      2958	800012fc	04c6c863	blt	x13,x12,8000134c	 x13:0x000001a5 x12:0x80009f84
       29605000	      2959	80001300	05535063	bge	x6,x21,80001340	  x6:0x80009f84 x21:0x000001a5
       29615000	      2960	80001304	00c64933	xor	x18,x12,x12	 x12:0x80009f84 x12:0x80009f84 x18=0x00000000
       29625000	      2961	80001308	677bf5b7	lui	x11,0x677bf	 x11=0x677bf000
       29635000	      2962	8000130c	659df913	andi	x18,x27,1625	 x27:0xfffffdc5 x18=0x00000441
       29645000	      2963	80001310	01481c63	bne	x16,x20,80001328	 x16:0x00000000 x20:0x8f229000
       29655000	      2964	00000000	00000013	addi	x0,x0,0	  x0:0x00000000
       29665000	      2965	80001324	00000013	addi	x0,x0,0	  x0:0x00000000
       29675000	      2966	80001328	00d0f663	bgeu	x1,x13,80001334	  x1:0x00000000 x13:0x000001a5
       29685000	      2967	8000132c	740b9437	lui	x8,0x740b9	  x8=0x740b9000
       29695000	      2968	80001330	89897713	andi	x14,x18,-1896	 x18:0x00000441 x14=0x00000000
       29705000	      2969	80001334	03d15e63	bge	x2,x29,80001370	  x2:0x00000000 x29:0x0000000e
       29715000	      2970	80001338	00000013	addi	x0,x0,0	  x0:0x00000000
       29725000	      2971	8000133c	03097a63	bgeu	x18,x16,80001370	 x18:0x00000441 x16:0x00000000
       29735000	      2972	00000000	00000013	addi	x0,x0,0	  x0:0x00000000
       29745000	      2973	8000136c	00000013	addi	x0,x0,0	  x0:0x00000000
       29755000	      2974	80001370	00a8b3b3	sltu	x7,x17,x10	 x17:0xfffec5ff x10:0x5713d000  x7=0x00000000
       29765000	      2975	80001374	01df6c63	bltu	x30,x29,8000138c	 x30:0x7f100000 x29:0x0000000e
       29775000	      2976	80001378	00779f13	slli	x30,x15,0x7	 x15:0x80009fc4 x30=0x004fe200
       29785000	      2977	8000137c	01973bb3	sltu	x23,x14,x25	 x14:0x00000000 x25:0xb0f57000 x23=0x00000001
       29795000	      2978	80001380	012de033	or	x0,x27,x18	 x27:0xfffffdc5 x18:0x00000441
       29805000	      2979	80001384	90c17093	andi	x1,x2,-1780	  x2:0x00000000  x1=0x00000000
       29815000	      2980	80001388	cd7baa93	slti	x21,x23,-809	 x23:0x00000001 x21=0x00000000
       29825000	      2981	8000138c	001bf4b3	and	x9,x23,x1	 x23:0x00000001  x1:0x00000000  x9=0x00000000
       29835000	      2982	80001390	229ac493	xori	x9,x21,553	 x21:0x00000000  x9=0x00000229
       29845000	      2983	80001394	32c358b7	lui	x17,0x32c35	 x17=0x32c35000
       29855000	      2984	80001398	9c80e193	ori	x3,x1,-1592	  x1:0x00000000  x3=0xfffff9c8
       29865000	      2985	8000139c	01d18eb3	add	x29,x3,x29	  x3:0xfffff9c8 x29:0x0000000e x29=0xfffff9d6
       29875000	      2986	800013a0	31ff06b7	lui	x13,0x31ff0	 x13=0x31ff0000
       29885000	      2987	800013a4	0114e863	bltu	x9,x17,800013b4	  x9:0x00000229 x17:0x32c35000
       29895000	      2988	00000000	00000013	addi	x0,x0,0	  x0:0x00000000
       29905000	      2989	800013b0	00000013	addi	x0,x0,0	  x0:0x00000000
       29915000	      2990	800013b4	002d4c63	blt	x26,x2,800013cc	 x26:0x0e008000  x2:0x00000000
       29925000	      2991	800013b8	001705b3	add	x11,x14,x1	 x14:0x00000000  x1:0x00000000 x11=0x00000000
       29935000	      2992	800013bc	02fff263	bgeu	x31,x15,800013e0	 x31:0x00000000 x15:0x80009fc4
       29945000	      2993	800013c0	012acf33	xor	x30,x21,x18	 x21:0x00000000 x18:0x00000441 x30=0x00000441
       29955000	      2994	800013c4	01109433	sll	x8,x1,x17	  x1:0x00000000 x17:0x32c35000  x8=0x00000000
       29965000	      2995	800013c8	01305293	srli	x5,x0,0x13	  x0:0x00000000  x5=0x00000000
       29975000	      2996	800013cc	01221393	slli	x7,x4,0x12	  x4:0xfffec0f9  x7=0x03e40000
       29985000	      2997	800013d0	00ffcb33	xor	x22,x31,x15	 x31:0x00000000 x15:0x80009fc4 x22=0x80009fc4
       29995000	      2998	800013d4	c5167593	andi	x11,x12,-943	 x12:0x80009f84 x11=0x80009c00
       30005000	      2999	800013d8	3d9ee713	ori	x14,x29,985	 x29:0xfffff9d6 x14=0xfffffbdf
       30015000	      3000	800013dc	014f6733	or	x14,x30,x20	 x30:0x00000441 x20:0x8f229000 x14=0x8f229441
       30025000	      3001	800013e0	012530b3	sltu	x1,x10,x18	 x10:0x5713d000 x18:0x00000441  x1=0x00000000
       30035000	      3002	800013e4	0016d233	srl	x4,x13,x1	 x13:0x31ff0000  x1:0x00000000  x4=0x31ff0000
       30045000	      3003	800013e8	00485bb3	srl	x23,x16,x4	 x16:0x00000000  x4:0x31ff0000 x23=0x00000000
       30055000	      3004	800013ec	01ee8a63	beq	x29,x30,80001400	 x29:0xfffff9d6 x30:0x00000441
       30065000	      3005	800013f0	01944a63	blt	x8,x25,80001404	  x8:0x00000000 x25:0xb0f57000
       30075000	      3006	800013f4	019f5113	srli	x2,x30,0x19	 x30:0x00000441  x2=0x00000000
       30085000	      3007	800013f8	01fb1333	sll	x6,x22,x31	 x22:0x80009fc4 x31:0x00000000  x6=0x80009fc4
       30095000	      3008	800013fc	05759863	bne	x11,x23,8000144c	 x11:0x80009c00 x23:0x00000000
       30105000	      3009	00000000	00000013	addi	x0,x0,0	  x0:0x00000000
       30115000	      3010	80001448	00000013	addi	x0,x0,0	  x0:0x00000000
       30125000	      3011	8000144c	02b6d663	bge	x13,x11,80001478	 x13:0x31ff0000 x11:0x80009c00
       30135000	      3012	00000000	00000013	addi	x0,x0,0	  x0:0x00000000
       30145000	      3013	80001474	00000013	addi	x0,x0,0	  x0:0x00000000
       30155000	      3014	80001478	0e90f493	andi	x9,x1,233	  x1:0x00000000  x9=0x00000000
       30165000	      3015	8000147c	00749c63	bne	x9,x7,80001494	  x9:0x00000000  x7:0x03e40000
       30175000	      3016	00000000	00000013	addi	x0,x0,0	  x0:0x00000000
       30185000	      3017	80001490	00000013	addi	x0,x0,0	  x0:0x00000000
       30195000	      3018	80001494	006d9813	slli	x16,x27,0x6	 x27:0xfffffdc5 x16=0xffff7140
       30205000	      3019	80001498	007b5593	srli	x11,x22,0x7	 x22:0x80009fc4 x11=0x0100013f
       30215000	      3020	8000149c	00d07a33	and	x20,x0,x13	  x0:0x00000000 x13:0x31ff0000 x20=0x00000000
       30225000	      3021	800014a0	d0f2a813	slti	x16,x5,-753	  x5:0x00000000 x16=0x00000000
       30235000	      3022	800014a4	4140d833	sra	x16,x1,x20	  x1:0x00000000 x20:0x00000000 x16=0x00000000
       30245000	      3023	800014a8	0197d493	srli	x9,x15,0x19	 x15:0x80009fc4  x9=0x00000040
       30255000	      3024	800014ac	01269a63	bne	x13,x18,800014c0	 x13:0x31ff0000 x18:0x00000441
       30265000	      3025	00000000	00000013	addi	x0,x0,0	  x0:0x00000000
       30275000	      3026	800014bc	00000013	addi	x0,x0,0	  x0:0x00000000
       30285000	      3027	800014c0	3d09cd93	xori	x27,x19,976	 x19:0x0000000e x27=0x000003de
       30295000	      3028	800014c4	004c9b33	sll	x22,x25,x4	 x25:0xb0f57000  x4:0x31ff0000 x22=0xb0f57000
       30305000	      3029	800014c8	e9468493	addi	x9,x13,-364	 x13:0x31ff0000  x9=0x31fefe94
       30315000	      3030	800014cc	002e48b3	xor	x17,x28,x2	 x28:0xe758a000  x2:0x00000000 x17=0xe758a000
       30325000	      3031	800014d0	00a4c663	blt	x9,x10,800014dc	  x9:0x31fefe94 x10:0x5713d000
       30335000	      3032	00000000	00000013	addi	x0,x0,0	  x0:0x00000000
       30345000	      3033	800014d8	00000013	addi	x0,x0,0	  x0:0x00000000
       30355000	      3034	800014dc	039c1863	bne	x24,x25,8000150c	 x24:0x00000001 x25:0xb0f57000
       30365000	      3035	00000000	00000013	addi	x0,x0,0	  x0:0x00000000
       30375000	      3036	80001508	00000013	addi	x0,x0,0	  x0:0x00000000
       30385000	      3037	8000150c	41428d33	sub	x26,x5,x20	  x5:0x00000000 x20:0x00000000 x26=0x00000000
       30395000	      3038	80001510	550f3b97	auipc	x23,0x550f3	 x23=0xd50f450c
       30405000	      3039	80001514	00000013	addi	x0,x0,0	  x0:0x00000000
       30415000	      3040	80001518	d21a7f13	andi	x30,x20,-735	 x20:0x00000000 x30=0x00000000
       30425000	      3041	8000151c	40b68f33	sub	x30,x13,x11	 x13:0x31ff0000 x11:0x0100013f x30=0x30fefec1
       30435000	      3042	80001520	51210593	addi	x11,x2,1298	  x2:0x00000000 x11=0x00000512
       30445000	      3043	80001524	04599063	bne	x19,x5,80001564	 x19:0x0000000e  x5:0x00000000
       30455000	      3044	00000000	00000013	addi	x0,x0,0	  x0:0x00000000
       30465000	      3045	80001560	00000013	addi	x0,x0,0	  x0:0x00000000
       30475000	      3046	80001564	00baa033	slt	x0,x21,x11	 x21:0x00000000 x11:0x00000512
       30485000	      3047	80001568	40fadb93	srai	x23,x21,0xf	 x21:0x00000000 x23=0x00000000
       30495000	      3048	8000156c	02420a63	beq	x4,x4,800015a0	  x4:0x31ff0000  x4:0x31ff0000
       30505000	      3049	00000000	00000013	addi	x0,x0,0	  x0:0x00000000
       30515000	      3050	8000159c	00000013	addi	x0,x0,0	  x0:0x00000000
       30525000	      3051	800015a0	00197d33	and	x26,x18,x1	 x18:0x00000441  x1:0x00000000 x26=0x00000000
       30535000	      3052	800015a4	1c0f9237	lui	x4,0x1c0f9	  x4=0x1c0f9000
       30545000	      3053	800015a8	40ed5813	srai	x16,x26,0xe	 x26:0x00000000 x16=0x00000000
       30555000	      3054	800015ac	00294533	xor	x10,x18,x2	 x18:0x00000441  x2:0x00000000 x10=0x00000441
       30565000	      3055	800015b0	bd03fe93	andi	x29,x7,-1072	  x7:0x03e40000 x29=0x03e40000
       30575000	      3056	800015b4	7d23aa13	slti	x20,x7,2002	  x7:0x03e40000 x20=0x00000000
       30585000	      3057	800015b8	01d35a93	srli	x21,x6,0x1d	  x6:0x80009fc4 x21=0x00000004
       30595000	      3058	800015bc	6007b013	sltiu	x0,x15,1536	 x15:0x80009fc4
       30605000	      3059	800015c0	01b4bf33	sltu	x30,x9,x27	  x9:0x31fefe94 x27:0x000003de x30=0x00000000
       30615000	      3060	800015c4	01f31c63	bne	x6,x31,800015dc	  x6:0x80009fc4 x31:0x00000000
       30625000	      3061	00000000	00000013	addi	x0,x0,0	  x0:0x00000000
       30635000	      3062	800015d8	00000013	addi	x0,x0,0	  x0:0x00000000
       30645000	      3063	800015dc	00a61313	slli	x6,x12,0xa	 x12:0x80009f84  x6=0x027e1000
       30655000	      3064	800015e0	00079fb3	sll	x31,x15,x0	 x15:0x80009fc4  x0:0x00000000 x31=0x80009fc4
       30665000	      3065	800015e4	d5a20b93	addi	x23,x4,-678	  x4:0x1c0f9000 x23=0x1c0f8d5a
       30675000	      3066	800015e8	3464e493	ori	x9,x9,838	  x9:0x31fefe94  x9=0x31feffd6
       30685000	      3067	800015ec	1c3a3513	sltiu	x10,x20,451	 x20:0x00000000 x10=0x00000001
       30695000	      3068	800015f0	00000013	addi	x0,x0,0	  x0:0x00000000
       30705000	      3069	800015f4	02676c63	bltu	x14,x6,8000162c	 x14:0x8f229441  x6:0x027e1000
       30715000	      3070	800015f8	0056ee33	or	x28,x13,x5	 x13:0x31ff0000  x5:0x00000000 x28=0x31ff0000
       30725000	      3071	800015fc	00b85a33	srl	x20,x16,x11	 x16:0x00000000 x11:0x00000512 x20=0x00000000
       30735000	      3072	80001600	41555013	srai	x0,x10,0x15	 x10:0x00000001
       30745000	      3073	80001604	022bd263	bge	x23,x2,80001628	 x23:0x1c0f8d5a  x2:0x00000000
       30755000	      3074	00000000	00000013	addi	x0,x0,0	  x0:0x00000000
       30765000	      3075	80001624	00000013	addi	x0,x0,0	  x0:0x00000000
       30775000	      3076	80001628	257a4913	xori	x18,x20,599	 x20:0x00000000 x18=0x00000257
       30785000	      3077	8000162c	00342d33	slt	x26,x8,x3	  x8:0x00000000  x3:0xfffff9c8 x26=0x00000000
       30795000	      3078	80001630	406b5e93	srai	x29,x22,0x6	 x22:0xb0f57000 x29=0xfec3d5c0
       30805000	      3079	80001634	01ef5513	srli	x10,x30,0x1e	 x30:0x00000000 x10=0x00000000
       30815000	      3080	80001638	001a9e13	slli	x28,x21,0x1	 x21:0x00000004 x28=0x00000008
       30825000	      3081	8000163c	009432b3	sltu	x5,x8,x9	  x8:0x00000000  x9:0x31feffd6  x5=0x00000001
       30835000	      3082	80001640	0029cab3	xor	x21,x19,x2	 x19:0x0000000e  x2:0x00000000 x21=0x0000000e
       30845000	      3083	80001644	016d9e93	slli	x29,x27,0x16	 x27:0x000003de x29=0xf7800000
       30855000	      3084	80001648	00bab5b3	sltu	x11,x21,x11	 x21:0x0000000e x11:0x00000512 x11=0x00000001
       30865000	      3085	8000164c	b965c013	xori	x0,x11,-1130	 x11:0x00000001
       30875000	      3086	80001650	01e305b3	add	x11,x6,x30	  x6:0x027e1000 x30:0x00000000 x11=0x027e1000
       30885000	      3087	80001654	17512c13	slti	x24,x2,373	  x2:0x00000000 x24=0x00000001
       30895000	      3088	80001658	018531b3	sltu	x3,x10,x24	 x10:0x00000000 x24:0x00000001  x3=0x00000001
       30905000	      3089	8000165c	005ed663	bge	x29,x5,80001668	 x29:0xf7800000  x5:0x00000001
       30915000	      3090	80001660	416d5a33	sra	x20,x26,x22	 x26:0x00000000 x22:0xb0f57000 x20=0x00000000
       30925000	      3091	80001664	d6834893	xori	x17,x6,-664	  x6:0x027e1000 x17=0xfd81ed68
       30935000	      3092	80001668	02978663	beq	x15,x9,80001694	 x15:0x80009fc4  x9:0x31feffd6
       30945000	      3093	8000166c	b028f593	andi	x11,x17,-1278	 x17:0xfd81ed68 x11=0xfd81e900
       30955000	      3094	80001670	41150b33	sub	x22,x10,x17	 x10:0x00000000 x17:0xfd81ed68 x22=0x027e1298
       30965000	      3095	80001674	00ec8cb3	add	x25,x25,x14	 x25:0xb0f57000 x14:0x8f229441 x25=0x40180441
       30975000	      3096	80001678	01d39c63	bne	x7,x29,80001690	  x7:0x03e40000 x29:0xf7800000
       30985000	      3097	00000000	00000013	addi	x0,x0,0	  x0:0x00000000
       30995000	      3098	8000168c	00000013	addi	x0,x0,0	  x0:0x00000000
       31005000	      3099	80001690	4ee33a13	sltiu	x20,x6,1262	  x6:0x027e1000 x20=0x00000000
       31015000	      3100	80001694	0173d513	srli	x10,x7,0x17	  x7:0x03e40000 x10=0x00000007
       31025000	      3101	80001698	035c6263	bltu	x24,x21,800016bc	 x24:0x00000001 x21:0x0000000e
       31035000	      3102	00000000	00000013	addi	x0,x0,0	  x0:0x00000000
       31045000	      3103	800016b8	00000013	addi	x0,x0,0	  x0:0x00000000
       31055000	      3104	800016bc	01ea1bb3	sll	x23,x20,x30	 x20:0x00000000 x30:0x00000000 x23=0x00000000
       31065000	      3105	800016c0	463fa337	lui	x6,0x463fa	  x6=0x463fa000
       31075000	      3106	800016c4	02467663	bgeu	x12,x4,800016f0	 x12:0x80009f84  x4:0x1c0f9000
       31085000	      3107	00000000	00000013	addi	x0,x0,0	  x0:0x00000000
       31095000	      3108	800016ec	00000013	addi	x0,x0,0	  x0:0x00000000
       31105000	      3109	800016f0	0065d913	srli	x18,x11,0x6	 x11:0xfd81e900 x18=0x03f607a4
       31115000	      3110	800016f4	f78cfe17	auipc	x28,0xf78cf	 x28=0x778d06f0
       31125000	      3111	800016f8	0185ed33	or	x26,x11,x24	 x11:0xfd81e900 x24:0x00000001 x26=0xfd81e901
       31135000	      3112	800016fc	013d9c93	slli	x25,x27,0x13	 x27:0x000003de x25=0x1ef00000
       31145000	      3113	80001700	705fd197	auipc	x3,0x705fd	  x3=0xf05fe6fc
       31155000	      3114	80001704	02ad5e63	bge	x26,x10,80001740	 x26:0xfd81e901 x10:0x00000007
       31165000	      3115	80001708	01db4c63	blt	x22,x29,80001720	 x22:0x027e1298 x29:0xf7800000
       31175000	      3116	8000170c	4049d933	sra	x18,x19,x4	 x19:0x0000000e  x4:0x1c0f9000 x18=0x0000000e
       31185000	      3117	80001710	8c5fb813	sltiu	x16,x31,-1851	 x31:0x80009fc4 x16=0x00000001
       31195000	      3118	80001714	005ed333	srl	x6,x29,x5	 x29:0xf7800000  x5:0x00000001  x6=0x7bc00000
       31205000	      3119	80001718	04561063	bne	x12,x5,80001758	 x12:0x80009f84  x5:0x00000001
       31215000	      3120	00000000	00000013	addi	x0,x0,0	  x0:0x00000000
       31225000	      3121	80001754	00000013	addi	x0,x0,0	  x0:0x00000000
       31235000	      3122	80001758	00314733	xor	x14,x2,x3	  x2:0x00000000  x3:0xf05fe6fc x14=0xf05fe6fc
       31245000	      3123	8000175c	00000013	addi	x0,x0,0	  x0:0x00000000
       31255000	      3124	80001760	40195293	srai	x5,x18,0x1	 x18:0x0000000e  x5=0x00000007
       31265000	      3125	80001764	006a4fb3	xor	x31,x20,x6	 x20:0x00000000  x6:0x7bc00000 x31=0x7bc00000
       31275000	      3126	80001768	051f6063	bltu	x30,x17,800017a8	 x30:0x00000000 x17:0xfd81ed68
       31285000	      3127	00000000	00000013	addi	x0,x0,0	  x0:0x00000000
       31295000	      3128	800017a4	00000013	addi	x0,x0,0	  x0:0x00000000
       31305000	      3129	800017a8	00365493	srli	x9,x12,0x3	 x12:0x80009f84  x9=0x100013f0
       31315000	      3130	800017ac	03549663	bne	x9,x21,800017d8	  x9:0x100013f0 x21:0x0000000e
       31325000	      3131	00000000	00000013	addi	x0,x0,0	  x0:0x00000000
       31335000	      3132	800017d4	00000013	addi	x0,x0,0	  x0:0x00000000
       31345000	      3133	800017d8	2e74a113	slti	x2,x9,743	  x9:0x100013f0  x2=0x00000000
       31355000	      3134	800017dc	01e14d33	xor	x26,x2,x30	  x2:0x00000000 x30:0x00000000 x26=0x00000000
       31365000	      3135	800017e0	013d1733	sll	x14,x26,x19	 x26:0x00000000 x19:0x0000000e x14=0x00000000
       31375000	      3136	800017e4	6d8b5f37	lui	x30,0x6d8b5	 x30=0x6d8b5000
       31385000	      3137	800017e8	daeb2d13	slti	x26,x22,-594	 x22:0x027e1298 x26=0x00000000
       31395000	      3138	800017ec	a8cbb213	sltiu	x4,x23,-1396	 x23:0x00000000  x4=0x00000001
       31405000	      3139	800017f0	00000013	addi	x0,x0,0	  x0:0x00000000
       31415000	      3140	800017f4	58ba3413	sltiu	x8,x20,1419	 x20:0x00000000  x8=0x00000001
       31425000	      3141	800017f8	01b00c63	beq	x0,x27,80001810	  x0:0x00000000 x27:0x000003de
       31435000	      3142	800017fc	405958b3	sra	x17,x18,x5	 x18:0x0000000e  x5:0x00000007 x17=0x00000000
       31445000	      3143	80001800	5f448d93	addi	x27,x9,1524	  x9:0x100013f0 x27=0x100019e4
       31455000	      3144	80001804	04256863	bltu	x10,x2,80001854	 x10:0x00000007  x2:0x00000000
       31465000	      3145	80001808	40be8c33	sub	x24,x29,x11	 x29:0xf7800000 x11:0xfd81e900 x24=0xf9fe1700
       31475000	      3146	8000180c	595c2917	auipc	x18,0x595c2	 x18=0xd95c3808
       31485000	      3147	80001810	41235d13	srai	x26,x6,0x12	  x6:0x7bc00000 x26=0x00001ef0
       31495000	      3148	80001814	01147a33	and	x20,x8,x17	  x8:0x00000001 x17:0x00000000 x20=0x00000000
       31505000	      3149	80001818	009bec33	or	x24,x23,x9	 x23:0x00000000  x9:0x100013f0 x24=0x100013f0
       31515000	      3150	8000181c	ebf3b197	auipc	x3,0xebf3b	  x3=0x6bf3c818
       31525000	      3151	80001820	b650e113	ori	x2,x1,-1179	  x1:0x00000000  x2=0xfffffb65
       31535000	      3152	80001824	00349513	slli	x10,x9,0x3	  x9:0x100013f0 x10=0x80009f80
       31545000	      3153	80001828	d3d50393	addi	x7,x10,-707	 x10:0x80009f80  x7=0x80009cbd
       31555000	      3154	8000182c	3e14f413	andi	x8,x9,993	  x9:0x100013f0  x8=0x000003e0
       31565000	      3155	80001830	00806233	or	x4,x0,x8	  x0:0x00000000  x8:0x000003e0  x4=0x000003e0
       31575000	      3156	80001834	00bc0f33	add	x30,x24,x11	 x24:0x100013f0 x11:0xfd81e900 x30=0x0d81fcf0
       31585000	      3157	80001838	8e11c513	xori	x10,x3,-1823	  x3:0x6bf3c818 x10=0x940c30f9
       31595000	      3158	8000183c	01bff5b3	and	x11,x31,x27	 x31:0x7bc00000 x27:0x100019e4 x11=0x10000000
       31605000	      3159	80001840	79bd6013	ori	x0,x26,1947	 x26:0x00001ef0
       31615000	      3160	80001844	41ab8133	sub	x2,x23,x26	 x23:0x00000000 x26:0x00001ef0  x2=0xffffe110
       31625000	      3161	80001848	0042fa63	bgeu	x5,x4,8000185c	  x5:0x00000007  x4:0x000003e0
       31635000	      3162	8000184c	01320233	add	x4,x4,x19	  x4:0x000003e0 x19:0x0000000e  x4=0x000003ee
       31645000	      3163	80001850	40d10f33	sub	x30,x2,x13	  x2:0xffffe110 x13:0x31ff0000 x30=0xce00e110
       31655000	      3164	80001854	02de4e63	blt	x28,x13,80001890	 x28:0x778d06f0 x13:0x31ff0000
       31665000	      3165	80001858	01f6ba33	sltu	x20,x13,x31	 x13:0x31ff0000 x31:0x7bc00000 x20=0x00000001
       31675000	      3166	8000185c	6aa16bb7	lui	x23,0x6aa16	 x23=0x6aa16000
       31685000	      3167	80001860	003df663	bgeu	x27,x3,8000186c	 x27:0x100019e4  x3:0x6bf3c818
       31695000	      3168	80001864	019fefb3	or	x31,x31,x25	 x31:0x7bc00000 x25:0x1ef00000 x31=0x7ff00000
       31705000	      3169	80001868	001050b3	srl	x1,x0,x1	  x0:0x00000000  x1:0x00000000  x1=0x00000000
       31715000	      3170	8000186c	024d1263	bne	x26,x4,80001890	 x26:0x00001ef0  x4:0x000003ee
       31725000	      3171	00000000	00000013	addi	x0,x0,0	  x0:0x00000000
       31735000	      3172	8000188c	00000013	addi	x0,x0,0	  x0:0x00000000
       31745000	      3173	80001890	022cc463	blt	x25,x2,800018b8	 x25:0x1ef00000  x2:0xffffe110
       31755000	      3174	80001894	012548b3	xor	x17,x10,x18	 x10:0x940c30f9 x18:0xd95c3808 x17=0x4d5008f1
       31765000	      3175	80001898	01339a33	sll	x20,x7,x19	  x7:0x80009cbd x19:0x0000000e x20=0x272f4000
       31775000	      3176	8000189c	056e4863	blt	x28,x22,800018ec	 x28:0x778d06f0 x22:0x027e1298
       31785000	      3177	800018a0	6fdc2317	auipc	x6,0x6fdc2	  x6=0xefdc389c
       31795000	      3178	800018a4	e0ce4f13	xori	x30,x28,-500	 x28:0x778d06f0 x30=0x8872f8fc
       31805000	      3179	800018a8	015b9d93	slli	x27,x23,0x15	 x23:0x6aa16000 x27=0x00000000
       31815000	      3180	800018ac	2940b897	auipc	x17,0x2940b	 x17=0xa940c8a8
       31825000	      3181	800018b0	cbfb2713	slti	x14,x22,-833	 x22:0x027e1298 x14=0x00000000
       31835000	      3182	800018b4	41c98c33	sub	x24,x19,x28	 x19:0x0000000e x28:0x778d06f0 x24=0x8872f91e
       31845000	      3183	800018b8	417180b3	sub	x1,x3,x23	  x3:0x6bf3c818 x23:0x6aa16000  x1=0x01526818
       31855000	      3184	800018bc	40670333	sub	x6,x14,x6	 x14:0x00000000  x6:0xefdc389c  x6=0x1023c764
       31865000	      3185	800018c0	0e9aaf93	slti	x31,x21,233	 x21:0x0000000e x31=0x00000001
       31875000	      3186	800018c4	40418ab3	sub	x21,x3,x4	  x3:0x6bf3c818  x4:0x000003ee x21=0x6bf3c42a
       31885000	      3187	800018c8	00000013	addi	x0,x0,0	  x0:0x00000000
       31895000	      3188	800018cc	fc7c6c93	ori	x25,x24,-57	 x24:0x8872f91e x25=0xffffffdf
       31905000	      3189	800018d0	00d01c63	bne	x0,x13,800018e8	  x0:0x00000000 x13:0x31ff0000
       31915000	      3190	00000000	00000013	addi	x0,x0,0	  x0:0x00000000
       31925000	      3191	800018e4	00000013	addi	x0,x0,0	  x0:0x00000000
       31935000	      3192	800018e8	406b0433	sub	x8,x22,x6	 x22:0x027e1298  x6:0x1023c764  x8=0xf25a4b34
       31945000	      3193	800018ec	e58b7a93	andi	x21,x22,-424	 x22:0x027e1298 x21=0x027e1218
       31955000	      3194	800018f0	02f51663	bne	x10,x15,8000191c	 x10:0x940c30f9 x15:0x80009fc4
       31965000	      3195	00000000	00000013	addi	x0,x0,0	  x0:0x00000000
       31975000	      3196	80001918	00000013	addi	x0,x0,0	  x0:0x00000000
       31985000	      3197	8000191c	00101413	slli	x8,x0,0x1	  x0:0x00000000  x8=0x00000000
       31995000	      3198	80001920	9e1c4e13	xori	x28,x24,-1567	 x24:0x8872f91e x28=0x778d00ff
       32005000	      3199	80001924	002d50b3	srl	x1,x26,x2	 x26:0x00001ef0  x2:0xffffe110  x1=0x00000000
       32015000	      3200	80001928	3797ac93	slti	x25,x15,889	 x15:0x80009fc4 x25=0x00000001
       32025000	      3201	8000192c	00000013	addi	x0,x0,0	  x0:0x00000000
       32035000	      3202	80001930	00431913	slli	x18,x6,0x4	  x6:0x1023c764 x18=0x023c7640
       32045000	      3203	80001934	c2bf2b13	slti	x22,x30,-981	 x30:0x8872f8fc x22=0x00000001
       32055000	      3204	80001938	007d20b3	slt	x1,x26,x7	 x26:0x00001ef0  x7:0x80009cbd  x1=0x00000000
       32065000	      3205	8000193c	017c9a93	slli	x21,x25,0x17	 x25:0x00000001 x21=0x00800000
       32075000	      3206	80001940	6edd4013	xori	x0,x26,1773	 x26:0x00001ef0
       32085000	      3207	80001944	a04e3337	lui	x6,0xa04e3	  x6=0xa04e3000
       32095000	      3208	80001948	f6b94b93	xori	x23,x18,-149	 x18:0x023c7640 x23=0xfdc3892b
       32105000	      3209	8000194c	4957fd93	andi	x27,x15,1173	 x15:0x80009fc4 x27=0x00000484
       32115000	      3210	80001950	01f8ca33	xor	x20,x17,x31	 x17:0xa940c8a8 x31:0x00000001 x20=0xa940c8a9
       32125000	      3211	80001954	00034863	blt	x6,x0,80001964	  x6:0xa04e3000  x0:0x00000000
       32135000	      3212	00000000	00000013	addi	x0,x0,0	  x0:0x00000000
       32145000	      3213	80001960	00000013	addi	x0,x0,0	  x0:0x00000000
       32155000	      3214	80001964	0011ca63	blt	x3,x1,80001978	  x3:0x6bf3c818  x1:0x00000000
       32165000	      3215	80001968	00f1f5b3	and	x11,x3,x15	  x3:0x6bf3c818 x15:0x80009fc4 x11=0x00008800
       32175000	      3216	8000196c	003c2733	slt	x14,x24,x3	 x24:0x8872f91e  x3:0x6bf3c818 x14=0x00000001
       32185000	      3217	80001970	03e14c63	blt	x2,x30,800019a8	  x2:0xffffe110 x30:0x8872f8fc
       32195000	      3218	80001974	39c0a393	slti	x7,x1,924	  x1:0x00000000  x7=0x00000001
       32205000	      3219	80001978	467d4c13	xori	x24,x26,1127	 x26:0x00001ef0 x24=0x00001a97
       32215000	      3220	8000197c	f2810c13	addi	x24,x2,-216	  x2:0xffffe110 x24=0xffffe038
       32225000	      3221	80001980	009304b3	add	x9,x6,x9	  x6:0xa04e3000  x9:0x100013f0  x9=0xb04e43f0
       32235000	      3222	80001984	00000013	addi	x0,x0,0	  x0:0x00000000
       32245000	      3223	80001988	4013d333	sra	x6,x7,x1	  x7:0x00000001  x1:0x00000000  x6=0x00000001
       32255000	      3224	8000198c	00801cb3	sll	x25,x0,x8	  x0:0x00000000  x8:0x00000000 x25=0x00000000
       32265000	      3225	80001990	40badd13	srai	x26,x21,0xb	 x21:0x00800000 x26=0x00001000
       32275000	      3226	80001994	02a80863	beq	x16,x10,800019c4	 x16:0x00000001 x10:0x940c30f9
       32285000	      3227	80001998	00bd9c63	bne	x27,x11,800019b0	 x27:0x00000484 x11:0x00008800
       32295000	      3228	00000000	00000013	addi	x0,x0,0	  x0:0x00000000
       32305000	      3229	800019ac	00000013	addi	x0,x0,0	  x0:0x00000000
       32315000	      3230	800019b0	014d4333	xor	x6,x26,x20	 x26:0x00001000 x20:0xa940c8a9  x6=0xa940d8a9
       32325000	      3231	800019b4	bf6b3c97	auipc	x25,0xbf6b3	 x25=0x3f6b49b0
       32335000	      3232	800019b8	01373eb3	sltu	x29,x14,x19	 x14:0x00000001 x19:0x0000000e x29=0x00000001
       32345000	      3233	800019bc	04ca6063	bltu	x20,x12,800019fc	 x20:0xa940c8a9 x12:0x80009f84
       32355000	      3234	800019c0	0235f663	bgeu	x11,x3,800019ec	 x11:0x00008800  x3:0x6bf3c818
       32365000	      3235	800019c4	3d28b893	sltiu	x17,x17,978	 x17:0xa940c8a8 x17=0x00000000
       32375000	      3236	800019c8	00000013	addi	x0,x0,0	  x0:0x00000000
       32385000	      3237	800019cc	00000013	addi	x0,x0,0	  x0:0x00000000
       32395000	      3238	800019d0	0148a4b3	slt	x9,x17,x20	 x17:0x00000000 x20:0xa940c8a9  x9=0x00000000
       32405000	      3239	800019d4	00a5e8b3	or	x17,x11,x10	 x11:0x00008800 x10:0x940c30f9 x17=0x940cb8f9
       32415000	      3240	800019d8	00301c63	bne	x0,x3,800019f0	  x0:0x00000000  x3:0x6bf3c818
       32425000	      3241	00000000	00000013	addi	x0,x0,0	  x0:0x00000000
       32435000	      3242	800019ec	00000013	addi	x0,x0,0	  x0:0x00000000
       32445000	      3243	800019f0	522e8f13	addi	x30,x29,1314	 x29:0x00000001 x30=0x00000523
       32455000	      3244	800019f4	02ac7663	bgeu	x24,x10,80001a20	 x24:0xffffe038 x10:0x940c30f9
       32465000	      3245	00000000	00000013	addi	x0,x0,0	  x0:0x00000000
       32475000	      3246	80001a1c	00000013	addi	x0,x0,0	  x0:0x00000000
       32485000	      3247	80001a20	01171433	sll	x8,x14,x17	 x14:0x00000001 x17:0x940cb8f9  x8=0x02000000
       32495000	      3248	80001a24	01162933	slt	x18,x12,x17	 x12:0x80009f84 x17:0x940cb8f9 x18=0x00000001
       32505000	      3249	80001a28	0061e263	bltu	x3,x6,80001a2c	  x3:0x6bf3c818  x6:0xa940d8a9
       32515000	      3250	00000000	00000013	addi	x0,x0,0	  x0:0x00000000
       32525000	      3251	80001a28	00000013	addi	x0,x0,0	  x0:0x00000000
       32535000	      3252	80001a2c	00715693	srli	x13,x2,0x7	  x2:0xffffe110 x13=0x01ffffc2
       32545000	      3253	80001a30	21450113	addi	x2,x10,532	 x10:0x940c30f9  x2=0x940c330d
       32555000	      3254	80001a34	0129c863	blt	x19,x18,80001a44	 x19:0x0000000e x18:0x00000001
       32565000	      3255	80001a38	00b25663	bge	x4,x11,80001a44	  x4:0x000003ee x11:0x00008800
       32575000	      3256	80001a3c	010621b3	slt	x3,x12,x16	 x12:0x80009f84 x16:0x00000001  x3=0x00000001
       32585000	      3257	80001a40	016fbab3	sltu	x21,x31,x22	 x31:0x00000001 x22:0x00000001 x21=0x00000000
       32595000	      3258	80001a44	0057d393	srli	x7,x15,0x5	 x15:0x80009fc4  x7=0x040004fe
       32605000	      3259	80001a48	01708663	beq	x1,x23,80001a54	  x1:0x00000000 x23:0xfdc3892b
       32615000	      3260	80001a4c	02445a63	bge	x8,x4,80001a80	  x8:0x02000000  x4:0x000003ee
       32625000	      3261	00000000	00000013	addi	x0,x0,0	  x0:0x00000000
       32635000	      3262	80001a7c	00000013	addi	x0,x0,0	  x0:0x00000000
       32645000	      3263	80001a80	bfe3f717	auipc	x14,0xbfe3f	 x14=0x3fe40a7c
       32655000	      3264	80001a84	944b4393	xori	x7,x22,-1724	 x22:0x00000001  x7=0xfffff945
       32665000	      3265	80001a88	3039ba13	sltiu	x20,x19,771	 x19:0x0000000e x20=0x00000001
       32675000	      3266	80001a8c	24f148b7	lui	x17,0x24f14	 x17=0x24f14000
       32685000	      3267	80001a90	417c5433	sra	x8,x24,x23	 x24:0xffffe038 x23:0xfdc3892b  x8=0xfffffffc
       32695000	      3268	80001a94	00000013	addi	x0,x0,0	  x0:0x00000000
       32705000	      3269	80001a98	585914b7	lui	x9,0x58591	  x9=0x58591000
       32715000	      3270	80001a9c	41f6d393	srai	x7,x13,0x1f	 x13:0x01ffffc2  x7=0x00000000
       32725000	      3271	80001aa0	01259b93	slli	x23,x11,0x12	 x11:0x00008800 x23=0x20000000
       32735000	      3272	80001aa4	0200e063	bltu	x1,x0,80001ac4	  x1:0x00000000  x0:0x00000000
       32745000	      3273	80001aa8	012c61b3	or	x3,x24,x18	 x24:0xffffe038 x18:0x00000001  x3=0xffffe039
       32755000	      3274	80001aac	017e51b3	srl	x3,x28,x23	 x28:0x778d00ff x23:0x20000000  x3=0x778d00ff
       32765000	      3275	80001ab0	2a2144b7	lui	x9,0x2a214	  x9=0x2a214000
       32775000	      3276	80001ab4	04a5d863	bge	x11,x10,80001b04	 x11:0x00008800 x10:0x940c30f9
       32785000	      3277	00000000	00000013	addi	x0,x0,0	  x0:0x00000000
       32795000	      3278	80001b00	00000013	addi	x0,x0,0	  x0:0x00000000
       32805000	      3279	80001b04	9fb7c013	xori	x0,x15,-1541	 x15:0x80009fc4
       32815000	      3280	80001b08	00db4bb3	xor	x23,x22,x13	 x22:0x00000001 x13:0x01ffffc2 x23=0x01ffffc3
       32825000	      3281	80001b0c	6e914e93	xori	x29,x2,1769	  x2:0x940c330d x29=0x940c35e4
       32835000	      3282	80001b10	00dc9a63	bne	x25,x13,80001b24	 x25:0x3f6b49b0 x13:0x01ffffc2
       32845000	      3283	00000000	00000013	addi	x0,x0,0	  x0:0x00000000
       32855000	      3284	80001b20	00000013	addi	x0,x0,0	  x0:0x00000000
       32865000	      3285	80001b24	015eb8b3	sltu	x17,x29,x21	 x29:0x940c35e4 x21:0x00000000 x17=0x00000000
       32875000	      3286	80001b28	00000997	auipc	x19,0x0	 x19=0x80001b24
       32885000	      3287	80001b2c	00c98993	addi	x19,x19,12	 x19:0x80001b24 x19=0x80001b30
       32895000	      3288	80001b30	00098067	jalr	x0,x19,0	 x19:0x80001b30
       32905000	      3289	00000000	00000013	addi	x0,x0,0	  x0:0x00000000
       32915000	      3290	80001b30	00000013	addi	x0,x0,0	  x0:0x00000000
       32925000	      3291	80001b34	00100193	addi	x3,x0,1	  x0:0x00000000  x3=0x00000001
       32935000	      3292	80001b38	00000073	ecall	
       32945000	      3293	80001b3c	3b741f37	lui	x30,0x3b741	 x30=0x3b741000
