		Time			Cycle	PC		Insn	Decoded instruction	Register and memory contents
          65000	         5	80000004	00000293	addi	x5,x0,0	  x0:0x00000000  x5=0x00000000
          75000	         6	80000008	00000313	addi	x6,x0,0	  x0:0x00000000  x6=0x00000000
          85000	         7	8000000c	00628263	beq	x5,x6,80000010	  x5:0x00000000  x6:0x00000000
          95000	         8	00000000	00000013	addi	x0,x0,0	  x0:0x00000000
         105000	         9	8000000c	00000013	addi	x0,x0,0	  x0:0x00000000
         115000	        10	80000010	00000717	auipc	x14,0x0	 x14=0x8000000c
         125000	        11	80000014	00c70713	addi	x14,x14,12	 x14:0x8000000c x14=0x80000018
         135000	        12	80000018	00070067	jalr	x0,x14,0	 x14:0x80000018
         145000	        13	00000000	00000013	addi	x0,x0,0	  x0:0x00000000
         155000	        14	80000018	00000013	addi	x0,x0,0	  x0:0x00000000
         165000	        15	8000001c	40000bb7	lui	x23,0x40000	 x23=0x40000000
         175000	        16	80000020	100b8b93	addi	x23,x23,256	 x23:0x40000000 x23=0x40000100
         185000	        17	80000024	00000013	addi	x0,x0,0	  x0:0x00000000
         195000	        18	80000028	0000ac17	auipc	x24,0xa	 x24=0x8000a024
         205000	        19	8000002c	fa0c0c13	addi	x24,x24,-96	 x24:0x8000a024 x24=0x80009fc4
         215000	        20	80000030	00004b97	auipc	x23,0x4	 x23=0x8000402c
         225000	        21	80000034	824b8b93	addi	x23,x23,-2012	 x23:0x8000402c x23=0x80003850
         235000	        22	80000038	001beb93	ori	x23,x23,1	 x23:0x80003850 x23=0x80003851
         245000	        23	8000003c	00000013	addi	x0,x0,0	  x0:0x00000000
         255000	        24	80000040	00000b97	auipc	x23,0x0	 x23=0x8000003c
         265000	        25	80000044	020b8b93	addi	x23,x23,32	 x23:0x8000003c x23=0x8000005c
         275000	        26	80000048	00000013	addi	x0,x0,0	  x0:0x00000000
         285000	        27	8000004c	00000013	addi	x0,x0,0	  x0:0x00000000
         295000	        28	80000050	00002bb7	lui	x23,0x2	 x23=0x00002000
         305000	        29	80000054	800b8b93	addi	x23,x23,-2048	 x23:0x00002000 x23=0x00001800
         315000	        30	80000058	00000013	addi	x0,x0,0	  x0:0x00000000
         325000	        31	8000005c	00000013	addi	x0,x0,0	  x0:0x00000000
         335000	        32	80000060	00100013	addi	x0,x0,1	  x0:0x00000000
         345000	        33	80000064	fdef50b7	lui	x1,0xfdef5	  x1=0xfdef5000
         355000	        34	80000068	8ea08093	addi	x1,x1,-1814	  x1:0xfdef5000  x1=0xfdef48ea
         365000	        35	8000006c	ad5a0137	lui	x2,0xad5a0	  x2=0xad5a0000
         375000	        36	80000070	a5e10113	addi	x2,x2,-1442	  x2:0xad5a0000  x2=0xad59fa5e
         385000	        37	80000074	7797b1b7	lui	x3,0x7797b	  x3=0x7797b000
         395000	        38	80000078	23a18193	addi	x3,x3,570	  x3:0x7797b000  x3=0x7797b23a
         405000	        39	8000007c	08023237	lui	x4,0x8023	  x4=0x08023000
         415000	        40	80000080	99d20213	addi	x4,x4,-1635	  x4:0x08023000  x4=0x0802299d
         425000	        41	80000084	00000293	addi	x5,x0,0	  x0:0x00000000  x5=0x00000000
         435000	        42	80000088	f9e93337	lui	x6,0xf9e93	  x6=0xf9e93000
         445000	        43	8000008c	a0330313	addi	x6,x6,-1533	  x6:0xf9e93000  x6=0xf9e92a03
         455000	        44	80000090	00800393	addi	x7,x0,8	  x0:0x00000000  x7=0x00000008
         465000	        45	80000094	ffa74437	lui	x8,0xffa74	  x8=0xffa74000
         475000	        46	80000098	68540413	addi	x8,x8,1669	  x8:0xffa74000  x8=0xffa74685
         485000	        47	8000009c	00000493	addi	x9,x0,0	  x0:0x00000000  x9=0x00000000
         495000	        48	800000a0	00000513	addi	x10,x0,0	  x0:0x00000000 x10=0x00000000
         505000	        49	800000a4	00b00593	addi	x11,x0,11	  x0:0x00000000 x11=0x0000000b
         515000	        50	800000a8	80000637	lui	x12,0x80000	 x12=0x80000000
         525000	        51	800000ac	f7e036b7	lui	x13,0xf7e03	 x13=0xf7e03000
         535000	        52	800000b0	a3468693	addi	x13,x13,-1484	 x13:0xf7e03000 x13=0xf7e02a34
         545000	        53	800000b4	fc1ac737	lui	x14,0xfc1ac	 x14=0xfc1ac000
         555000	        54	800000b8	75470713	addi	x14,x14,1876	 x14:0xfc1ac000 x14=0xfc1ac754
         565000	        55	800000bc	00000793	addi	x15,x0,0	  x0:0x00000000 x15=0x00000000
         575000	        56	800000c0	ba5b6837	lui	x16,0xba5b6	 x16=0xba5b6000
         585000	        57	800000c4	5b480813	addi	x16,x16,1460	 x16:0xba5b6000 x16=0xba5b65b4
         595000	        58	800000c8	f328b8b7	lui	x17,0xf328b	 x17=0xf328b000
         605000	        59	800000cc	c4b88893	addi	x17,x17,-949	 x17:0xf328b000 x17=0xf328ac4b
         615000	        60	800000d0	ae355937	lui	x18,0xae355	 x18=0xae355000
         625000	        61	800000d4	2cd90913	addi	x18,x18,717	 x18:0xae355000 x18=0xae3552cd
         635000	        62	800000d8	800009b7	lui	x19,0x80000	 x19=0x80000000
         645000	        63	800000dc	00d00a13	addi	x20,x0,13	  x0:0x00000000 x20=0x0000000d
         655000	        64	800000e0	00000a93	addi	x21,x0,0	  x0:0x00000000 x21=0x00000000
         665000	        65	800000e4	00700b13	addi	x22,x0,7	  x0:0x00000000 x22=0x00000007
         675000	        66	800000e8	f5020bb7	lui	x23,0xf5020	 x23=0xf5020000
         685000	        67	800000ec	024b8b93	addi	x23,x23,36	 x23:0xf5020000 x23=0xf5020024
         695000	        68	800000f0	ef3f3cb7	lui	x25,0xef3f3	 x25=0xef3f3000
         705000	        69	800000f4	38dc8c93	addi	x25,x25,909	 x25:0xef3f3000 x25=0xef3f338d
         715000	        70	800000f8	00000d13	addi	x26,x0,0	  x0:0x00000000 x26=0x00000000
         725000	        71	800000fc	00000d93	addi	x27,x0,0	  x0:0x00000000 x27=0x00000000
         735000	        72	80000100	00000e93	addi	x29,x0,0	  x0:0x00000000 x29=0x00000000
         745000	        73	80000104	00d00f13	addi	x30,x0,13	  x0:0x00000000 x30=0x0000000d
         755000	        74	80000108	f52e0fb7	lui	x31,0xf52e0	 x31=0xf52e0000
         765000	        75	8000010c	b73f8f93	addi	x31,x31,-1165	 x31:0xf52e0000 x31=0xf52dfb73
         775000	        76	80000110	0000ae17	auipc	x28,0xa	 x28=0x8000a10c
         785000	        77	80000114	e78e0e13	addi	x28,x28,-392	 x28:0x8000a10c x28=0x80009f84
         795000	        78	80000118	00900693	addi	x13,x0,9	  x0:0x00000000 x13=0x00000009
         805000	        79	8000011c	ba212593	slti	x11,x2,-1118	  x2:0xad59fa5e x11=0x00000001
         815000	        80	80000120	01bc27b3	slt	x15,x24,x27	 x24:0x80009fc4 x27:0x00000000 x15=0x00000001
         825000	        81	80000124	000c0fb3	add	x31,x24,x0	 x24:0x80009fc4  x0:0x00000000 x31=0x80009fc4
         835000	        82	80000128	00ae5fb3	srl	x31,x28,x10	 x28:0x80009f84 x10:0x00000000 x31=0x80009f84
         845000	        83	8000012c	0087c3b3	xor	x7,x15,x8	 x15:0x00000001  x8:0xffa74685  x7=0xffa74684
         855000	        84	80000130	00b83cb3	sltu	x25,x16,x11	 x16:0xba5b65b4 x11:0x00000001 x25=0x00000000
         865000	        85	80000134	ff700b13	addi	x22,x0,-9	  x0:0x00000000 x22=0xfffffff7
         875000	        86	80000138	a6627793	andi	x15,x4,-1434	  x4:0x0802299d x15=0x08022804
         885000	        87	8000013c	417709b3	sub	x19,x14,x23	 x14:0xfc1ac754 x23:0xf5020024 x19=0x0718c730
         895000	        88	80000140	cf9db117	auipc	x2,0xcf9db	  x2=0x4f9db13c
         905000	        89	80000144	68e07617	auipc	x12,0x68e07	 x12=0xe8e07140
         915000	        90	80000148	01121313	slli	x6,x4,0x11	  x4:0x0802299d  x6=0x533a0000
         925000	        91	8000014c	ffd68693	addi	x13,x13,-3	 x13:0x00000009 x13=0x00000006
         935000	        92	80000150	00800d93	addi	x27,x0,8	  x0:0x00000000 x27=0x00000008
         945000	        93	80000154	001724b3	slt	x9,x14,x1	 x14:0xfc1ac754  x1:0xfdef48ea  x9=0x00000001
         955000	        94	80000158	ff400093	addi	x1,x0,-12	  x0:0x00000000  x1=0xfffffff4
         965000	        95	8000015c	0066e9b3	or	x19,x13,x6	 x13:0x00000006  x6:0x533a0000 x19=0x533a0006
         975000	        96	80000160	ffed8d93	addi	x27,x27,-2	 x27:0x00000008 x27=0x00000006
         985000	        97	80000164	003bd033	srl	x0,x23,x3	 x23:0xf5020024  x3:0x7797b23a
         995000	        98	80000168	400107b3	sub	x15,x2,x0	  x2:0x4f9db13c  x0:0x00000000 x15=0x4f9db13c
        1005000	        99	8000016c	01ce8033	add	x0,x29,x28	 x29:0x00000000 x28:0x80009f84
        1015000	       100	80000170	fe1d86e3	beq	x27,x1,8000015c	 x27:0x00000006  x1:0xfffffff4
        1025000	       101	80000174	43538913	addi	x18,x7,1077	  x7:0xffa74684 x18=0xffa74ab9
        1035000	       102	80000178	7a1fc293	xori	x5,x31,1953	 x31:0x80009f84  x5=0x80009825
        1045000	       103	8000017c	76f5af93	slti	x31,x11,1903	 x11:0x00000001 x31=0x00000001
        1055000	       104	80000180	001c4533	xor	x10,x24,x1	 x24:0x80009fc4  x1:0xfffffff4 x10=0x7fff6030
        1065000	       105	80000184	0050aeb3	slt	x29,x1,x5	  x1:0xfffffff4  x5:0x80009825 x29=0x00000000
        1075000	       106	80000188	001ff033	and	x0,x31,x1	 x31:0x00000001  x1:0xfffffff4
        1085000	       107	8000018c	016d3633	sltu	x12,x26,x22	 x26:0x00000000 x22:0xfffffff7 x12=0x00000001
        1095000	       108	80000190	00435ab3	srl	x21,x6,x4	  x6:0x533a0000  x4:0x0802299d x21=0x00000002
        1105000	       109	80000194	0103e833	or	x16,x7,x16	  x7:0xffa74684 x16:0xba5b65b4 x16=0xffff67b4
        1115000	       110	80000198	fb66d2e3	bge	x13,x22,8000013c	 x13:0x00000006 x22:0xfffffff7
        1125000	       111	00000000	00000013	addi	x0,x0,0	  x0:0x00000000
        1135000	       112	80000138	00000013	addi	x0,x0,0	  x0:0x00000000
        1145000	       113	8000013c	417709b3	sub	x19,x14,x23	 x14:0xfc1ac754 x23:0xf5020024 x19=0x0718c730
        1155000	       114	80000140	cf9db117	auipc	x2,0xcf9db	  x2=0x4f9db13c
        1165000	       115	80000144	68e07617	auipc	x12,0x68e07	 x12=0xe8e07140
        1175000	       116	80000148	01121313	slli	x6,x4,0x11	  x4:0x0802299d  x6=0x533a0000
        1185000	       117	8000014c	ffd68693	addi	x13,x13,-3	 x13:0x00000006 x13=0x00000003
        1195000	       118	80000150	00800d93	addi	x27,x0,8	  x0:0x00000000 x27=0x00000008
        1205000	       119	80000154	001724b3	slt	x9,x14,x1	 x14:0xfc1ac754  x1:0xfffffff4  x9=0x00000001
        1215000	       120	80000158	ff400093	addi	x1,x0,-12	  x0:0x00000000  x1=0xfffffff4
        1225000	       121	8000015c	0066e9b3	or	x19,x13,x6	 x13:0x00000003  x6:0x533a0000 x19=0x533a0003
        1235000	       122	80000160	ffed8d93	addi	x27,x27,-2	 x27:0x00000008 x27=0x00000006
        1245000	       123	80000164	003bd033	srl	x0,x23,x3	 x23:0xf5020024  x3:0x7797b23a
        1255000	       124	80000168	400107b3	sub	x15,x2,x0	  x2:0x4f9db13c  x0:0x00000000 x15=0x4f9db13c
        1265000	       125	8000016c	01ce8033	add	x0,x29,x28	 x29:0x00000000 x28:0x80009f84
        1275000	       126	80000170	fe1d86e3	beq	x27,x1,8000015c	 x27:0x00000006  x1:0xfffffff4
        1285000	       127	80000174	43538913	addi	x18,x7,1077	  x7:0xffa74684 x18=0xffa74ab9
        1295000	       128	80000178	7a1fc293	xori	x5,x31,1953	 x31:0x00000001  x5=0x000007a0
        1305000	       129	8000017c	76f5af93	slti	x31,x11,1903	 x11:0x00000001 x31=0x00000001
        1315000	       130	80000180	001c4533	xor	x10,x24,x1	 x24:0x80009fc4  x1:0xfffffff4 x10=0x7fff6030
        1325000	       131	80000184	0050aeb3	slt	x29,x1,x5	  x1:0xfffffff4  x5:0x000007a0 x29=0x00000001
        1335000	       132	80000188	001ff033	and	x0,x31,x1	 x31:0x00000001  x1:0xfffffff4
        1345000	       133	8000018c	016d3633	sltu	x12,x26,x22	 x26:0x00000000 x22:0xfffffff7 x12=0x00000001
        1355000	       134	80000190	00435ab3	srl	x21,x6,x4	  x6:0x533a0000  x4:0x0802299d x21=0x00000002
        1365000	       135	80000194	0103e833	or	x16,x7,x16	  x7:0xffa74684 x16:0xffff67b4 x16=0xffff67b4
        1375000	       136	80000198	fb66d2e3	bge	x13,x22,8000013c	 x13:0x00000003 x22:0xfffffff7
        1385000	       137	00000000	00000013	addi	x0,x0,0	  x0:0x00000000
        1395000	       138	80000138	00000013	addi	x0,x0,0	  x0:0x00000000
        1405000	       139	8000013c	417709b3	sub	x19,x14,x23	 x14:0xfc1ac754 x23:0xf5020024 x19=0x0718c730
        1415000	       140	80000140	cf9db117	auipc	x2,0xcf9db	  x2=0x4f9db13c
        1425000	       141	80000144	68e07617	auipc	x12,0x68e07	 x12=0xe8e07140
        1435000	       142	80000148	01121313	slli	x6,x4,0x11	  x4:0x0802299d  x6=0x533a0000
        1445000	       143	8000014c	ffd68693	addi	x13,x13,-3	 x13:0x00000003 x13=0x00000000
        1455000	       144	80000150	00800d93	addi	x27,x0,8	  x0:0x00000000 x27=0x00000008
        1465000	       145	80000154	001724b3	slt	x9,x14,x1	 x14:0xfc1ac754  x1:0xfffffff4  x9=0x00000001
        1475000	       146	80000158	ff400093	addi	x1,x0,-12	  x0:0x00000000  x1=0xfffffff4
        1485000	       147	8000015c	0066e9b3	or	x19,x13,x6	 x13:0x00000000  x6:0x533a0000 x19=0x533a0000
        1495000	       148	80000160	ffed8d93	addi	x27,x27,-2	 x27:0x00000008 x27=0x00000006
        1505000	       149	80000164	003bd033	srl	x0,x23,x3	 x23:0xf5020024  x3:0x7797b23a
        1515000	       150	80000168	400107b3	sub	x15,x2,x0	  x2:0x4f9db13c  x0:0x00000000 x15=0x4f9db13c
        1525000	       151	8000016c	01ce8033	add	x0,x29,x28	 x29:0x00000001 x28:0x80009f84
        1535000	       152	80000170	fe1d86e3	beq	x27,x1,8000015c	 x27:0x00000006  x1:0xfffffff4
        1545000	       153	80000174	43538913	addi	x18,x7,1077	  x7:0xffa74684 x18=0xffa74ab9
        1555000	       154	80000178	7a1fc293	xori	x5,x31,1953	 x31:0x00000001  x5=0x000007a0
        1565000	       155	8000017c	76f5af93	slti	x31,x11,1903	 x11:0x00000001 x31=0x00000001
        1575000	       156	80000180	001c4533	xor	x10,x24,x1	 x24:0x80009fc4  x1:0xfffffff4 x10=0x7fff6030
        1585000	       157	80000184	0050aeb3	slt	x29,x1,x5	  x1:0xfffffff4  x5:0x000007a0 x29=0x00000001
        1595000	       158	80000188	001ff033	and	x0,x31,x1	 x31:0x00000001  x1:0xfffffff4
        1605000	       159	8000018c	016d3633	sltu	x12,x26,x22	 x26:0x00000000 x22:0xfffffff7 x12=0x00000001
        1615000	       160	80000190	00435ab3	srl	x21,x6,x4	  x6:0x533a0000  x4:0x0802299d x21=0x00000002
        1625000	       161	80000194	0103e833	or	x16,x7,x16	  x7:0xffa74684 x16:0xffff67b4 x16=0xffff67b4
        1635000	       162	80000198	fb66d2e3	bge	x13,x22,8000013c	 x13:0x00000000 x22:0xfffffff7
        1645000	       163	00000000	00000013	addi	x0,x0,0	  x0:0x00000000
        1655000	       164	80000138	00000013	addi	x0,x0,0	  x0:0x00000000
        1665000	       165	8000013c	417709b3	sub	x19,x14,x23	 x14:0xfc1ac754 x23:0xf5020024 x19=0x0718c730
        1675000	       166	80000140	cf9db117	auipc	x2,0xcf9db	  x2=0x4f9db13c
        1685000	       167	80000144	68e07617	auipc	x12,0x68e07	 x12=0xe8e07140
        1695000	       168	80000148	01121313	slli	x6,x4,0x11	  x4:0x0802299d  x6=0x533a0000
        1705000	       169	8000014c	ffd68693	addi	x13,x13,-3	 x13:0x00000000 x13=0xfffffffd
        1715000	       170	80000150	00800d93	addi	x27,x0,8	  x0:0x00000000 x27=0x00000008
        1725000	       171	80000154	001724b3	slt	x9,x14,x1	 x14:0xfc1ac754  x1:0xfffffff4  x9=0x00000001
        1735000	       172	80000158	ff400093	addi	x1,x0,-12	  x0:0x00000000  x1=0xfffffff4
        1745000	       173	8000015c	0066e9b3	or	x19,x13,x6	 x13:0xfffffffd  x6:0x533a0000 x19=0xfffffffd
        1755000	       174	80000160	ffed8d93	addi	x27,x27,-2	 x27:0x00000008 x27=0x00000006
        1765000	       175	80000164	003bd033	srl	x0,x23,x3	 x23:0xf5020024  x3:0x7797b23a
        1775000	       176	80000168	400107b3	sub	x15,x2,x0	  x2:0x4f9db13c  x0:0x00000000 x15=0x4f9db13c
        1785000	       177	8000016c	01ce8033	add	x0,x29,x28	 x29:0x00000001 x28:0x80009f84
        1795000	       178	80000170	fe1d86e3	beq	x27,x1,8000015c	 x27:0x00000006  x1:0xfffffff4
        1805000	       179	80000174	43538913	addi	x18,x7,1077	  x7:0xffa74684 x18=0xffa74ab9
        1815000	       180	80000178	7a1fc293	xori	x5,x31,1953	 x31:0x00000001  x5=0x000007a0
        1825000	       181	8000017c	76f5af93	slti	x31,x11,1903	 x11:0x00000001 x31=0x00000001
        1835000	       182	80000180	001c4533	xor	x10,x24,x1	 x24:0x80009fc4  x1:0xfffffff4 x10=0x7fff6030
        1845000	       183	80000184	0050aeb3	slt	x29,x1,x5	  x1:0xfffffff4  x5:0x000007a0 x29=0x00000001
        1855000	       184	80000188	001ff033	and	x0,x31,x1	 x31:0x00000001  x1:0xfffffff4
        1865000	       185	8000018c	016d3633	sltu	x12,x26,x22	 x26:0x00000000 x22:0xfffffff7 x12=0x00000001
        1875000	       186	80000190	00435ab3	srl	x21,x6,x4	  x6:0x533a0000  x4:0x0802299d x21=0x00000002
        1885000	       187	80000194	0103e833	or	x16,x7,x16	  x7:0xffa74684 x16:0xffff67b4 x16=0xffff67b4
        1895000	       188	80000198	fb66d2e3	bge	x13,x22,8000013c	 x13:0xfffffffd x22:0xfffffff7
        1905000	       189	00000000	00000013	addi	x0,x0,0	  x0:0x00000000
        1915000	       190	80000138	00000013	addi	x0,x0,0	  x0:0x00000000
        1925000	       191	8000013c	417709b3	sub	x19,x14,x23	 x14:0xfc1ac754 x23:0xf5020024 x19=0x0718c730
        1935000	       192	80000140	cf9db117	auipc	x2,0xcf9db	  x2=0x4f9db13c
        1945000	       193	80000144	68e07617	auipc	x12,0x68e07	 x12=0xe8e07140
        1955000	       194	80000148	01121313	slli	x6,x4,0x11	  x4:0x0802299d  x6=0x533a0000
        1965000	       195	8000014c	ffd68693	addi	x13,x13,-3	 x13:0xfffffffd x13=0xfffffffa
        1975000	       196	80000150	00800d93	addi	x27,x0,8	  x0:0x00000000 x27=0x00000008
        1985000	       197	80000154	001724b3	slt	x9,x14,x1	 x14:0xfc1ac754  x1:0xfffffff4  x9=0x00000001
        1995000	       198	80000158	ff400093	addi	x1,x0,-12	  x0:0x00000000  x1=0xfffffff4
        2005000	       199	8000015c	0066e9b3	or	x19,x13,x6	 x13:0xfffffffa  x6:0x533a0000 x19=0xfffffffa
        2015000	       200	80000160	ffed8d93	addi	x27,x27,-2	 x27:0x00000008 x27=0x00000006
        2025000	       201	80000164	003bd033	srl	x0,x23,x3	 x23:0xf5020024  x3:0x7797b23a
        2035000	       202	80000168	400107b3	sub	x15,x2,x0	  x2:0x4f9db13c  x0:0x00000000 x15=0x4f9db13c
        2045000	       203	8000016c	01ce8033	add	x0,x29,x28	 x29:0x00000001 x28:0x80009f84
        2055000	       204	80000170	fe1d86e3	beq	x27,x1,8000015c	 x27:0x00000006  x1:0xfffffff4
        2065000	       205	80000174	43538913	addi	x18,x7,1077	  x7:0xffa74684 x18=0xffa74ab9
        2075000	       206	80000178	7a1fc293	xori	x5,x31,1953	 x31:0x00000001  x5=0x000007a0
        2085000	       207	8000017c	76f5af93	slti	x31,x11,1903	 x11:0x00000001 x31=0x00000001
        2095000	       208	80000180	001c4533	xor	x10,x24,x1	 x24:0x80009fc4  x1:0xfffffff4 x10=0x7fff6030
        2105000	       209	80000184	0050aeb3	slt	x29,x1,x5	  x1:0xfffffff4  x5:0x000007a0 x29=0x00000001
        2115000	       210	80000188	001ff033	and	x0,x31,x1	 x31:0x00000001  x1:0xfffffff4
        2125000	       211	8000018c	016d3633	sltu	x12,x26,x22	 x26:0x00000000 x22:0xfffffff7 x12=0x00000001
        2135000	       212	80000190	00435ab3	srl	x21,x6,x4	  x6:0x533a0000  x4:0x0802299d x21=0x00000002
        2145000	       213	80000194	0103e833	or	x16,x7,x16	  x7:0xffa74684 x16:0xffff67b4 x16=0xffff67b4
        2155000	       214	80000198	fb66d2e3	bge	x13,x22,8000013c	 x13:0xfffffffa x22:0xfffffff7
        2165000	       215	00000000	00000013	addi	x0,x0,0	  x0:0x00000000
        2175000	       216	80000138	00000013	addi	x0,x0,0	  x0:0x00000000
        2185000	       217	8000013c	417709b3	sub	x19,x14,x23	 x14:0xfc1ac754 x23:0xf5020024 x19=0x0718c730
        2195000	       218	80000140	cf9db117	auipc	x2,0xcf9db	  x2=0x4f9db13c
        2205000	       219	80000144	68e07617	auipc	x12,0x68e07	 x12=0xe8e07140
        2215000	       220	80000148	01121313	slli	x6,x4,0x11	  x4:0x0802299d  x6=0x533a0000
        2225000	       221	8000014c	ffd68693	addi	x13,x13,-3	 x13:0xfffffffa x13=0xfffffff7
        2235000	       222	80000150	00800d93	addi	x27,x0,8	  x0:0x00000000 x27=0x00000008
        2245000	       223	80000154	001724b3	slt	x9,x14,x1	 x14:0xfc1ac754  x1:0xfffffff4  x9=0x00000001
        2255000	       224	80000158	ff400093	addi	x1,x0,-12	  x0:0x00000000  x1=0xfffffff4
        2265000	       225	8000015c	0066e9b3	or	x19,x13,x6	 x13:0xfffffff7  x6:0x533a0000 x19=0xfffffff7
        2275000	       226	80000160	ffed8d93	addi	x27,x27,-2	 x27:0x00000008 x27=0x00000006
        2285000	       227	80000164	003bd033	srl	x0,x23,x3	 x23:0xf5020024  x3:0x7797b23a
        2295000	       228	80000168	400107b3	sub	x15,x2,x0	  x2:0x4f9db13c  x0:0x00000000 x15=0x4f9db13c
        2305000	       229	8000016c	01ce8033	add	x0,x29,x28	 x29:0x00000001 x28:0x80009f84
        2315000	       230	80000170	fe1d86e3	beq	x27,x1,8000015c	 x27:0x00000006  x1:0xfffffff4
        2325000	       231	80000174	43538913	addi	x18,x7,1077	  x7:0xffa74684 x18=0xffa74ab9
        2335000	       232	80000178	7a1fc293	xori	x5,x31,1953	 x31:0x00000001  x5=0x000007a0
        2345000	       233	8000017c	76f5af93	slti	x31,x11,1903	 x11:0x00000001 x31=0x00000001
        2355000	       234	80000180	001c4533	xor	x10,x24,x1	 x24:0x80009fc4  x1:0xfffffff4 x10=0x7fff6030
        2365000	       235	80000184	0050aeb3	slt	x29,x1,x5	  x1:0xfffffff4  x5:0x000007a0 x29=0x00000001
        2375000	       236	80000188	001ff033	and	x0,x31,x1	 x31:0x00000001  x1:0xfffffff4
        2385000	       237	8000018c	016d3633	sltu	x12,x26,x22	 x26:0x00000000 x22:0xfffffff7 x12=0x00000001
        2395000	       238	80000190	00435ab3	srl	x21,x6,x4	  x6:0x533a0000  x4:0x0802299d x21=0x00000002
        2405000	       239	80000194	0103e833	or	x16,x7,x16	  x7:0xffa74684 x16:0xffff67b4 x16=0xffff67b4
        2415000	       240	80000198	fb66d2e3	bge	x13,x22,8000013c	 x13:0xfffffff7 x22:0xfffffff7
        2425000	       241	00000000	00000013	addi	x0,x0,0	  x0:0x00000000
        2435000	       242	80000138	00000013	addi	x0,x0,0	  x0:0x00000000
        2445000	       243	8000013c	417709b3	sub	x19,x14,x23	 x14:0xfc1ac754 x23:0xf5020024 x19=0x0718c730
        2455000	       244	80000140	cf9db117	auipc	x2,0xcf9db	  x2=0x4f9db13c
        2465000	       245	80000144	68e07617	auipc	x12,0x68e07	 x12=0xe8e07140
        2475000	       246	80000148	01121313	slli	x6,x4,0x11	  x4:0x0802299d  x6=0x533a0000
        2485000	       247	8000014c	ffd68693	addi	x13,x13,-3	 x13:0xfffffff7 x13=0xfffffff4
        2495000	       248	80000150	00800d93	addi	x27,x0,8	  x0:0x00000000 x27=0x00000008
        2505000	       249	80000154	001724b3	slt	x9,x14,x1	 x14:0xfc1ac754  x1:0xfffffff4  x9=0x00000001
        2515000	       250	80000158	ff400093	addi	x1,x0,-12	  x0:0x00000000  x1=0xfffffff4
        2525000	       251	8000015c	0066e9b3	or	x19,x13,x6	 x13:0xfffffff4  x6:0x533a0000 x19=0xfffffff4
        2535000	       252	80000160	ffed8d93	addi	x27,x27,-2	 x27:0x00000008 x27=0x00000006
        2545000	       253	80000164	003bd033	srl	x0,x23,x3	 x23:0xf5020024  x3:0x7797b23a
        2555000	       254	80000168	400107b3	sub	x15,x2,x0	  x2:0x4f9db13c  x0:0x00000000 x15=0x4f9db13c
        2565000	       255	8000016c	01ce8033	add	x0,x29,x28	 x29:0x00000001 x28:0x80009f84
        2575000	       256	80000170	fe1d86e3	beq	x27,x1,8000015c	 x27:0x00000006  x1:0xfffffff4
        2585000	       257	80000174	43538913	addi	x18,x7,1077	  x7:0xffa74684 x18=0xffa74ab9
        2595000	       258	80000178	7a1fc293	xori	x5,x31,1953	 x31:0x00000001  x5=0x000007a0
        2605000	       259	8000017c	76f5af93	slti	x31,x11,1903	 x11:0x00000001 x31=0x00000001
        2615000	       260	80000180	001c4533	xor	x10,x24,x1	 x24:0x80009fc4  x1:0xfffffff4 x10=0x7fff6030
        2625000	       261	80000184	0050aeb3	slt	x29,x1,x5	  x1:0xfffffff4  x5:0x000007a0 x29=0x00000001
        2635000	       262	80000188	001ff033	and	x0,x31,x1	 x31:0x00000001  x1:0xfffffff4
        2645000	       263	8000018c	016d3633	sltu	x12,x26,x22	 x26:0x00000000 x22:0xfffffff7 x12=0x00000001
        2655000	       264	80000190	00435ab3	srl	x21,x6,x4	  x6:0x533a0000  x4:0x0802299d x21=0x00000002
        2665000	       265	80000194	0103e833	or	x16,x7,x16	  x7:0xffa74684 x16:0xffff67b4 x16=0xffff67b4
        2675000	       266	80000198	fb66d2e3	bge	x13,x22,8000013c	 x13:0xfffffff4 x22:0xfffffff7
        2685000	       267	8000019c	01a543b3	xor	x7,x10,x26	 x10:0x7fff6030 x26:0x00000000  x7=0x7fff6030
        2695000	       268	800001a0	00600f93	addi	x31,x0,6	  x0:0x00000000 x31=0x00000006
        2705000	       269	800001a4	00600213	addi	x4,x0,6	  x0:0x00000000  x4=0x00000006
        2715000	       270	800001a8	0068e533	or	x10,x17,x6	 x17:0xf328ac4b  x6:0x533a0000 x10=0xf33aac4b
        2725000	       271	800001ac	0126d593	srli	x11,x13,0x12	 x13:0xfffffff4 x11=0x00003fff
        2735000	       272	800001b0	96f249b7	lui	x19,0x96f24	 x19=0x96f24000
        2745000	       273	800001b4	06224c93	xori	x25,x4,98	  x4:0x00000006 x25=0x00000064
        2755000	       274	800001b8	ffbf8f93	addi	x31,x31,-5	 x31:0x00000006 x31=0x00000001
        2765000	       275	800001bc	00c85133	srl	x2,x16,x12	 x16:0xffff67b4 x12:0x00000001  x2=0x7fffb3da
        2775000	       276	800001c0	fe4ff8e3	bgeu	x31,x4,800001b0	 x31:0x00000001  x4:0x00000006
        2785000	       277	800001c4	4c6b4c97	auipc	x25,0x4c6b4	 x25=0xcc6b41c0
        2795000	       278	800001c8	00a00793	addi	x15,x0,10	  x0:0x00000000 x15=0x0000000a
        2805000	       279	800001cc	01ae9bb3	sll	x23,x29,x26	 x29:0x00000001 x26:0x00000000 x23=0x00000001
        2815000	       280	800001d0	41135833	sra	x16,x6,x17	  x6:0x533a0000 x17:0xf328ac4b x16=0x000a6740
        2825000	       281	800001d4	bdea0293	addi	x5,x20,-1058	 x20:0x0000000d  x5=0xfffffbeb
        2835000	       282	800001d8	00a00d13	addi	x26,x0,10	  x0:0x00000000 x26=0x0000000a
        2845000	       283	800001dc	4008da13	srai	x20,x17,0x0	 x17:0xf328ac4b x20=0xf328ac4b
        2855000	       284	800001e0	40a68ab3	sub	x21,x13,x10	 x13:0xfffffff4 x10:0xf33aac4b x21=0x0cc553a9
        2865000	       285	800001e4	94b8ea17	auipc	x20,0x94b8e	 x20=0x14b8e1e0
        2875000	       286	800001e8	d5718897	auipc	x17,0xd5718	 x17=0x557181e4
        2885000	       287	800001ec	d3a03593	sltiu	x11,x0,-710	  x0:0x00000000 x11=0x00000001
        2895000	       288	800001f0	402a88b3	sub	x17,x21,x2	 x21:0x0cc553a9  x2:0x7fffb3da x17=0x8cc59fcf
        2905000	       289	800001f4	41190833	sub	x16,x18,x17	 x18:0xffa74ab9 x17:0x8cc59fcf x16=0x72e1aaea
        2915000	       290	800001f8	001446b3	xor	x13,x8,x1	  x8:0xffa74685  x1:0xfffffff4 x13=0x0058b971
        2925000	       291	800001fc	0062a2b3	slt	x5,x5,x6	  x5:0xfffffbeb  x6:0x533a0000  x5=0x00000001
        2935000	       292	80000200	01fba333	slt	x6,x23,x31	 x23:0x00000001 x31:0x00000001  x6=0x00000000
        2945000	       293	80000204	ff878793	addi	x15,x15,-8	 x15:0x0000000a x15=0x00000002
        2955000	       294	80000208	41aed133	sra	x2,x29,x26	 x29:0x00000001 x26:0x0000000a  x2=0x00000000
        2965000	       295	8000020c	4147d333	sra	x6,x15,x20	 x15:0x00000002 x20:0x14b8e1e0  x6=0x00000002
        2975000	       296	80000210	0eeee893	ori	x17,x29,238	 x29:0x00000001 x17=0x000000ef
        2985000	       297	80000214	ffa7f4e3	bgeu	x15,x26,800001fc	 x15:0x00000002 x26:0x0000000a
        2995000	       298	80000218	41ba06b3	sub	x13,x20,x27	 x20:0x14b8e1e0 x27:0x00000006 x13=0x14b8e1da
        3005000	       299	8000021c	00300613	addi	x12,x0,3	  x0:0x00000000 x12=0x00000003
        3015000	       300	80000220	3e5c2d93	slti	x27,x24,997	 x24:0x80009fc4 x27=0x00000001
        3025000	       301	80000224	00f00593	addi	x11,x0,15	  x0:0x00000000 x11=0x0000000f
        3035000	       302	80000228	41040233	sub	x4,x8,x16	  x8:0xffa74685 x16:0x72e1aaea  x4=0x8cc59b9b
        3045000	       303	8000022c	a3cdb837	lui	x16,0xa3cdb	 x16=0xa3cdb000
        3055000	       304	80000230	1f6d2113	slti	x2,x26,502	 x26:0x0000000a  x2=0x00000001
        3065000	       305	80000234	01107db3	and	x27,x0,x17	  x0:0x00000000 x17:0x000000ef x27=0x00000000
        3075000	       306	80000238	00460613	addi	x12,x12,4	 x12:0x00000003 x12=0x00000007
        3085000	       307	8000023c	c8a47137	lui	x2,0xc8a47	  x2=0xc8a47000
        3095000	       308	80000240	feb608e3	beq	x12,x11,80000230	 x12:0x00000007 x11:0x0000000f
        3105000	       309	80000244	37818c97	auipc	x25,0x37818	 x25=0xb7818240
        3115000	       310	80000248	00700313	addi	x6,x0,7	  x0:0x00000000  x6=0x00000007
        3125000	       311	8000024c	00000013	addi	x0,x0,0	  x0:0x00000000
        3135000	       312	80000250	d76f8a93	addi	x21,x31,-650	 x31:0x00000001 x21=0xfffffd77
        3145000	       313	80000254	5af94597	auipc	x11,0x5af94	 x11=0xdaf94250
        3155000	       314	80000258	401d85b3	sub	x11,x27,x1	 x27:0x00000000  x1:0xfffffff4 x11=0x0000000c
        3165000	       315	8000025c	00000013	addi	x0,x0,0	  x0:0x00000000
        3175000	       316	80000260	00241a33	sll	x20,x8,x2	  x8:0xffa74685  x2:0xc8a47000 x20=0xffa74685
        3185000	       317	80000264	93c576b7	lui	x13,0x93c57	 x13=0x93c57000
        3195000	       318	80000268	00000013	addi	x0,x0,0	  x0:0x00000000
        3205000	       319	8000026c	00600413	addi	x8,x0,6	  x0:0x00000000  x8=0x00000006
        3215000	       320	80000270	00f83a33	sltu	x20,x16,x15	 x16:0xa3cdb000 x15:0x00000002 x20=0x00000000
        3225000	       321	80000274	63f5fd93	andi	x27,x11,1599	 x11:0x0000000c x27=0x0000000c
        3235000	       322	80000278	019096b3	sll	x13,x1,x25	  x1:0xfffffff4 x25:0xb7818240 x13=0xfffffff4
        3245000	       323	8000027c	019b9f13	slli	x30,x23,0x19	 x23:0x00000001 x30=0x02000000
        3255000	       324	80000280	ffc30313	addi	x6,x6,-4	  x6:0x00000007  x6=0x00000003
        3265000	       325	80000284	01b89d33	sll	x26,x17,x27	 x17:0x000000ef x27:0x0000000c x26=0x000ef000
        3275000	       326	80000288	fe8374e3	bgeu	x6,x8,80000270	  x6:0x00000003  x8:0x00000006
        3285000	       327	8000028c	40a4d013	srai	x0,x9,0xa	  x9:0x00000001
        3295000	       328	80000290	00200f13	addi	x30,x0,2	  x0:0x00000000 x30=0x00000002
        3305000	       329	80000294	0014d993	srli	x19,x9,0x1	  x9:0x00000001 x19=0x00000000
        3315000	       330	80000298	4102ab93	slti	x23,x5,1040	  x5:0x00000001 x23=0x00000001
        3325000	       331	8000029c	41355cb3	sra	x25,x10,x19	 x10:0xf33aac4b x19:0x00000000 x25=0xf33aac4b
        3335000	       332	800002a0	01802bb3	slt	x23,x0,x24	  x0:0x00000000 x24:0x80009fc4 x23=0x00000000
        3345000	       333	800002a4	01b95633	srl	x12,x18,x27	 x18:0xffa74ab9 x27:0x0000000c x12=0x000ffa74
        3355000	       334	800002a8	00600f93	addi	x31,x0,6	  x0:0x00000000 x31=0x00000006
        3365000	       335	800002ac	35fb4693	xori	x13,x22,863	 x22:0xfffffff7 x13=0xfffffca8
        3375000	       336	800002b0	7a632793	slti	x15,x6,1958	  x6:0x00000003 x15=0x00000001
        3385000	       337	800002b4	00000013	addi	x0,x0,0	  x0:0x00000000
        3395000	       338	800002b8	40278db3	sub	x27,x15,x2	 x15:0x00000001  x2:0xc8a47000 x27=0x375b9001
        3405000	       339	800002bc	00b99213	slli	x4,x19,0xb	 x19:0x00000000  x4=0x00000000
        3415000	       340	800002c0	008f0f13	addi	x30,x30,8	 x30:0x00000002 x30=0x0000000a
        3425000	       341	800002c4	00600093	addi	x1,x0,6	  x0:0x00000000  x1=0x00000006
        3435000	       342	800002c8	01f6a833	slt	x16,x13,x31	 x13:0xfffffca8 x31:0x00000006 x16=0x00000001
        3445000	       343	800002cc	006ab033	sltu	x0,x21,x6	 x21:0xfffffd77  x6:0x00000003
        3455000	       344	800002d0	012d5393	srli	x7,x26,0x12	 x26:0x000ef000  x7=0x00000003
        3465000	       345	800002d4	00600193	addi	x3,x0,6	  x0:0x00000000  x3=0x00000006
        3475000	       346	800002d8	006b1b33	sll	x22,x22,x6	 x22:0xfffffff7  x6:0x00000003 x22=0xffffffb8
        3485000	       347	800002dc	86cb8017	auipc	x0,0x86cb8	
        3495000	       348	800002e0	ffb08093	addi	x1,x1,-5	  x1:0x00000006  x1=0x00000001
        3505000	       349	800002e4	406c0433	sub	x8,x24,x6	 x24:0x80009fc4  x6:0x00000003  x8=0x80009fc1
        3515000	       350	800002e8	40615693	srai	x13,x2,0x6	  x2:0xc8a47000 x13=0xff2291c0
        3525000	       351	800002ec	d021f313	andi	x6,x3,-766	  x3:0x00000006  x6=0x00000002
        3535000	       352	800002f0	00e89933	sll	x18,x17,x14	 x17:0x000000ef x14:0xfc1ac754 x18=0x0ef00000
        3545000	       353	800002f4	0bb37893	andi	x17,x6,187	  x6:0x00000002 x17=0x00000002
        3555000	       354	800002f8	0062f3b3	and	x7,x5,x6	  x5:0x00000001  x6:0x00000002  x7=0x00000000
        3565000	       355	800002fc	fe30f0e3	bgeu	x1,x3,800002dc	  x1:0x00000001  x3:0x00000006
        3575000	       356	80000300	00086cb3	or	x25,x16,x0	 x16:0x00000001  x0:0x00000000 x25=0x00000001
        3585000	       357	80000304	00413eb3	sltu	x29,x2,x4	  x2:0xc8a47000  x4:0x00000000 x29=0x00000000
        3595000	       358	80000308	41425233	sra	x4,x4,x20	  x4:0x00000000 x20:0x00000000  x4=0x00000000
        3605000	       359	8000030c	01bb0cb3	add	x25,x22,x27	 x22:0xffffffb8 x27:0x375b9001 x25=0x375b8fb9
        3615000	       360	80000310	fbff62e3	bltu	x30,x31,800002b4	 x30:0x0000000a x31:0x00000006
        3625000	       361	80000314	e507a3b7	lui	x7,0xe507a	  x7=0xe507a000
        3635000	       362	80000318	00a00093	addi	x1,x0,10	  x0:0x00000000  x1=0x0000000a
        3645000	       363	8000031c	00800693	addi	x13,x0,8	  x0:0x00000000 x13=0x00000008
        3655000	       364	80000320	d324f413	andi	x8,x9,-718	  x9:0x00000001  x8=0x00000000
        3665000	       365	80000324	019b22b3	slt	x5,x22,x25	 x22:0xffffffb8 x25:0x375b8fb9  x5=0x00000001
        3675000	       366	80000328	121e8293	addi	x5,x29,289	 x29:0x00000000  x5=0x00000121
        3685000	       367	8000032c	9ee88013	addi	x0,x17,-1554	 x17:0x00000002
        3695000	       368	80000330	ffb08093	addi	x1,x1,-5	  x1:0x0000000a  x1=0x00000005
        3705000	       369	80000334	408fd513	srai	x10,x31,0x8	 x31:0x00000006 x10=0x00000000
        3715000	       370	80000338	41535993	srai	x19,x6,0x15	  x6:0x00000002 x19=0x00000000
        3725000	       371	8000033c	01aaad33	slt	x26,x21,x26	 x21:0xfffffd77 x26:0x000ef000 x26=0x00000001
        3735000	       372	80000340	00adb533	sltu	x10,x27,x10	 x27:0x375b9001 x10:0x00000000 x10=0x00000000
        3745000	       373	80000344	402b8933	sub	x18,x23,x2	 x23:0x00000000  x2:0xc8a47000 x18=0x375b9000
        3755000	       374	80000348	00f36cb3	or	x25,x6,x15	  x6:0x00000002 x15:0x00000001 x25=0x00000003
        3765000	       375	8000034c	0070ffb3	and	x31,x1,x7	  x1:0x00000005  x7:0xe507a000 x31=0x00000000
        3775000	       376	80000350	008a14b3	sll	x9,x20,x8	 x20:0x00000000  x8:0x00000000  x9=0x00000000
        3785000	       377	80000354	9e10b813	sltiu	x16,x1,-1567	  x1:0x00000005 x16=0x00000001
        3795000	       378	80000358	50481817	auipc	x16,0x50481	 x16=0xd0481354
        3805000	       379	8000035c	fcd0f8e3	bgeu	x1,x13,8000032c	  x1:0x00000005 x13:0x00000008
        3815000	       380	80000360	012ec1b3	xor	x3,x29,x18	 x29:0x00000000 x18:0x375b9000  x3=0x375b9000
        3825000	       381	80000364	00900913	addi	x18,x0,9	  x0:0x00000000 x18=0x00000009
        3835000	       382	80000368	4105deb3	sra	x29,x11,x16	 x11:0x0000000c x16:0xd0481354 x29=0x00000000
        3845000	       383	8000036c	00000013	addi	x0,x0,0	  x0:0x00000000
        3855000	       384	80000370	268b6b93	ori	x23,x22,616	 x22:0xffffffb8 x23=0xfffffff8
        3865000	       385	80000374	135ab697	auipc	x13,0x135ab	 x13=0x935ab370
        3875000	       386	80000378	00d00c93	addi	x25,x0,13	  x0:0x00000000 x25=0x0000000d
        3885000	       387	8000037c	007262b3	or	x5,x4,x7	  x4:0x00000000  x7:0xe507a000  x5=0xe507a000
        3895000	       388	80000380	b831b093	sltiu	x1,x3,-1149	  x3:0x375b9000  x1=0x00000001
        3905000	       389	80000384	f920c893	xori	x17,x1,-110	  x1:0x00000001 x17=0xffffff93
        3915000	       390	80000388	03adf813	andi	x16,x27,58	 x27:0x375b9001 x16=0x00000000
        3925000	       391	8000038c	00290913	addi	x18,x18,2	 x18:0x00000009 x18=0x0000000b
        3935000	       392	80000390	7745ff93	andi	x31,x11,1908	 x11:0x0000000c x31=0x00000004
        3945000	       393	80000394	401f8b33	sub	x22,x31,x1	 x31:0x00000004  x1:0x00000001 x22=0x00000003
        3955000	       394	80000398	0129d1b3	srl	x3,x19,x18	 x19:0x00000000 x18:0x0000000b  x3=0x00000000
        3965000	       395	8000039c	01f68fb3	add	x31,x13,x31	 x13:0x935ab370 x31:0x00000004 x31=0x935ab374
        3975000	       396	800003a0	f1dae393	ori	x7,x21,-227	 x21:0xfffffd77  x7=0xffffff7f
        3985000	       397	800003a4	f5ad0793	addi	x15,x26,-166	 x26:0x00000001 x15=0xffffff5b
        3995000	       398	800003a8	ef927bb7	lui	x23,0xef927	 x23=0xef927000
        4005000	       399	800003ac	d7d68b13	addi	x22,x13,-643	 x13:0x935ab370 x22=0x935ab0ed
        4015000	       400	800003b0	0150df13	srli	x30,x1,0x15	  x1:0x00000001 x30=0x00000000
        4025000	       401	800003b4	00bfdb93	srli	x23,x31,0xb	 x31:0x935ab374 x23=0x00126b56
        4035000	       402	800003b8	7817b893	sltiu	x17,x15,1921	 x15:0xffffff5b x17=0x00000000
        4045000	       403	800003bc	411782b3	sub	x5,x15,x17	 x15:0xffffff5b x17:0x00000000  x5=0xffffff5b
        4055000	       404	800003c0	fb991ee3	bne	x18,x25,8000037c	 x18:0x0000000b x25:0x0000000d
        4065000	       405	00000000	00000013	addi	x0,x0,0	  x0:0x00000000
        4075000	       406	80000378	00000013	addi	x0,x0,0	  x0:0x00000000
        4085000	       407	8000037c	007262b3	or	x5,x4,x7	  x4:0x00000000  x7:0xffffff7f  x5=0xffffff7f
        4095000	       408	80000380	b831b093	sltiu	x1,x3,-1149	  x3:0x00000000  x1=0x00000001
        4105000	       409	80000384	f920c893	xori	x17,x1,-110	  x1:0x00000001 x17=0xffffff93
        4115000	       410	80000388	03adf813	andi	x16,x27,58	 x27:0x375b9001 x16=0x00000000
        4125000	       411	8000038c	00290913	addi	x18,x18,2	 x18:0x0000000b x18=0x0000000d
        4135000	       412	80000390	7745ff93	andi	x31,x11,1908	 x11:0x0000000c x31=0x00000004
        4145000	       413	80000394	401f8b33	sub	x22,x31,x1	 x31:0x00000004  x1:0x00000001 x22=0x00000003
        4155000	       414	80000398	0129d1b3	srl	x3,x19,x18	 x19:0x00000000 x18:0x0000000d  x3=0x00000000
        4165000	       415	8000039c	01f68fb3	add	x31,x13,x31	 x13:0x935ab370 x31:0x00000004 x31=0x935ab374
        4175000	       416	800003a0	f1dae393	ori	x7,x21,-227	 x21:0xfffffd77  x7=0xffffff7f
        4185000	       417	800003a4	f5ad0793	addi	x15,x26,-166	 x26:0x00000001 x15=0xffffff5b
        4195000	       418	800003a8	ef927bb7	lui	x23,0xef927	 x23=0xef927000
        4205000	       419	800003ac	d7d68b13	addi	x22,x13,-643	 x13:0x935ab370 x22=0x935ab0ed
        4215000	       420	800003b0	0150df13	srli	x30,x1,0x15	  x1:0x00000001 x30=0x00000000
        4225000	       421	800003b4	00bfdb93	srli	x23,x31,0xb	 x31:0x935ab374 x23=0x00126b56
        4235000	       422	800003b8	7817b893	sltiu	x17,x15,1921	 x15:0xffffff5b x17=0x00000000
        4245000	       423	800003bc	411782b3	sub	x5,x15,x17	 x15:0xffffff5b x17:0x00000000  x5=0xffffff5b
        4255000	       424	800003c0	fb991ee3	bne	x18,x25,8000037c	 x18:0x0000000d x25:0x0000000d
        4265000	       425	800003c4	f956e393	ori	x7,x13,-107	 x13:0x935ab370  x7=0xfffffff5
        4275000	       426	800003c8	ffe00613	addi	x12,x0,-2	  x0:0x00000000 x12=0xfffffffe
        4285000	       427	800003cc	003dcd33	xor	x26,x27,x3	 x27:0x375b9001  x3:0x00000000 x26=0x375b9001
        4295000	       428	800003d0	ff000993	addi	x19,x0,-16	  x0:0x00000000 x19=0xfffffff0
        4305000	       429	800003d4	016d6a33	or	x20,x26,x22	 x26:0x375b9001 x22:0x935ab0ed x20=0xb75bb0ed
        4315000	       430	800003d8	2b828893	addi	x17,x5,696	  x5:0xffffff5b x17=0x00000213
        4325000	       431	800003dc	ff960613	addi	x12,x12,-7	 x12:0xfffffffe x12=0xfffffff7
        4335000	       432	800003e0	385bd697	auipc	x13,0x385bd	 x13=0xb85bd3dc
        4345000	       433	800003e4	00000013	addi	x0,x0,0	  x0:0x00000000
        4355000	       434	800003e8	00100193	addi	x3,x0,1	  x0:0x00000000  x3=0x00000001
        4365000	       435	800003ec	01d49f33	sll	x30,x9,x29	  x9:0x00000000 x29:0x00000000 x30=0x00000000
        4375000	       436	800003f0	00600913	addi	x18,x0,6	  x0:0x00000000 x18=0x00000006
        4385000	       437	800003f4	00473d33	sltu	x26,x14,x4	 x14:0xfc1ac754  x4:0x00000000 x26=0x00000000
        4395000	       438	800003f8	018ca3b3	slt	x7,x25,x24	 x25:0x0000000d x24:0x80009fc4  x7=0x00000000
        4405000	       439	800003fc	41f8da13	srai	x20,x17,0x1f	 x17:0x00000213 x20=0x00000000
        4415000	       440	80000400	00318193	addi	x3,x3,3	  x3:0x00000001  x3=0x00000004
        4425000	       441	80000404	ff21cae3	blt	x3,x18,800003f8	  x3:0x00000004 x18:0x00000006
        4435000	       442	00000000	00000013	addi	x0,x0,0	  x0:0x00000000
        4445000	       443	800003f4	00000013	addi	x0,x0,0	  x0:0x00000000
        4455000	       444	800003f8	018ca3b3	slt	x7,x25,x24	 x25:0x0000000d x24:0x80009fc4  x7=0x00000000
        4465000	       445	800003fc	41f8da13	srai	x20,x17,0x1f	 x17:0x00000213 x20=0x00000000
        4475000	       446	80000400	00318193	addi	x3,x3,3	  x3:0x00000004  x3=0x00000007
        4485000	       447	80000404	ff21cae3	blt	x3,x18,800003f8	  x3:0x00000007 x18:0x00000006
        4495000	       448	80000408	409ddf93	srai	x31,x27,0x9	 x27:0x375b9001 x31=0x001badc8
        4505000	       449	8000040c	fd3614e3	bne	x12,x19,800003d4	 x12:0xfffffff7 x19:0xfffffff0
        4515000	       450	00000000	00000013	addi	x0,x0,0	  x0:0x00000000
        4525000	       451	800003d0	00000013	addi	x0,x0,0	  x0:0x00000000
        4535000	       452	800003d4	016d6a33	or	x20,x26,x22	 x26:0x00000000 x22:0x935ab0ed x20=0x935ab0ed
        4545000	       453	800003d8	2b828893	addi	x17,x5,696	  x5:0xffffff5b x17=0x00000213
        4555000	       454	800003dc	ff960613	addi	x12,x12,-7	 x12:0xfffffff7 x12=0xfffffff0
        4565000	       455	800003e0	385bd697	auipc	x13,0x385bd	 x13=0xb85bd3dc
        4575000	       456	800003e4	00000013	addi	x0,x0,0	  x0:0x00000000
        4585000	       457	800003e8	00100193	addi	x3,x0,1	  x0:0x00000000  x3=0x00000001
        4595000	       458	800003ec	01d49f33	sll	x30,x9,x29	  x9:0x00000000 x29:0x00000000 x30=0x00000000
        4605000	       459	800003f0	00600913	addi	x18,x0,6	  x0:0x00000000 x18=0x00000006
        4615000	       460	800003f4	00473d33	sltu	x26,x14,x4	 x14:0xfc1ac754  x4:0x00000000 x26=0x00000000
        4625000	       461	800003f8	018ca3b3	slt	x7,x25,x24	 x25:0x0000000d x24:0x80009fc4  x7=0x00000000
        4635000	       462	800003fc	41f8da13	srai	x20,x17,0x1f	 x17:0x00000213 x20=0x00000000
        4645000	       463	80000400	00318193	addi	x3,x3,3	  x3:0x00000001  x3=0x00000004
        4655000	       464	80000404	ff21cae3	blt	x3,x18,800003f8	  x3:0x00000004 x18:0x00000006
        4665000	       465	00000000	00000013	addi	x0,x0,0	  x0:0x00000000
        4675000	       466	800003f4	00000013	addi	x0,x0,0	  x0:0x00000000
        4685000	       467	800003f8	018ca3b3	slt	x7,x25,x24	 x25:0x0000000d x24:0x80009fc4  x7=0x00000000
        4695000	       468	800003fc	41f8da13	srai	x20,x17,0x1f	 x17:0x00000213 x20=0x00000000
        4705000	       469	80000400	00318193	addi	x3,x3,3	  x3:0x00000004  x3=0x00000007
        4715000	       470	80000404	ff21cae3	blt	x3,x18,800003f8	  x3:0x00000007 x18:0x00000006
        4725000	       471	80000408	409ddf93	srai	x31,x27,0x9	 x27:0x375b9001 x31=0x001badc8
        4735000	       472	8000040c	fd3614e3	bne	x12,x19,800003d4	 x12:0xfffffff0 x19:0xfffffff0
        4745000	       473	80000410	f34ca213	slti	x4,x25,-204	 x25:0x0000000d  x4=0x00000000
        4755000	       474	80000414	00a00f13	addi	x30,x0,10	  x0:0x00000000 x30=0x0000000a
        4765000	       475	80000418	00ce42b3	xor	x5,x28,x12	 x28:0x80009f84 x12:0xfffffff0  x5=0x7fff6074
        4775000	       476	8000041c	00600193	addi	x3,x0,6	  x0:0x00000000  x3=0x00000006
        4785000	       477	80000420	c7a8a013	slti	x0,x17,-902	 x17:0x00000213
        4795000	       478	80000424	01e3ca33	xor	x20,x7,x30	  x7:0x00000000 x30:0x0000000a x20=0x0000000a
        4805000	       479	80000428	ff6f0f13	addi	x30,x30,-10	 x30:0x0000000a x30=0x00000000
        4815000	       480	8000042c	41720233	sub	x4,x4,x23	  x4:0x00000000 x23:0x00126b56  x4=0xffed94aa
        4825000	       481	80000430	00500813	addi	x16,x0,5	  x0:0x00000000 x16=0x00000005
        4835000	       482	80000434	40d55033	sra	x0,x10,x13	 x10:0x00000000 x13:0xb85bd3dc
        4845000	       483	80000438	ffb00913	addi	x18,x0,-5	  x0:0x00000000 x18=0xfffffffb
        4855000	       484	8000043c	6b598493	addi	x9,x19,1717	 x19:0xfffffff0  x9=0x000006a5
        4865000	       485	80000440	00431313	slli	x6,x6,0x4	  x6:0x00000002  x6=0x00000020
        4875000	       486	80000444	ff680813	addi	x16,x16,-10	 x16:0x00000005 x16=0xfffffffb
        4885000	       487	80000448	ff285ae3	bge	x16,x18,8000043c	 x16:0xfffffffb x18:0xfffffffb
        4895000	       488	00000000	00000013	addi	x0,x0,0	  x0:0x00000000
        4905000	       489	80000438	00000013	addi	x0,x0,0	  x0:0x00000000
        4915000	       490	8000043c	6b598493	addi	x9,x19,1717	 x19:0xfffffff0  x9=0x000006a5
        4925000	       491	80000440	00431313	slli	x6,x6,0x4	  x6:0x00000020  x6=0x00000200
        4935000	       492	80000444	ff680813	addi	x16,x16,-10	 x16:0xfffffffb x16=0xfffffff1
        4945000	       493	80000448	ff285ae3	bge	x16,x18,8000043c	 x16:0xfffffff1 x18:0xfffffffb
        4955000	       494	8000044c	01afc533	xor	x10,x31,x26	 x31:0x001badc8 x26:0x00000000 x10=0x001badc8
        4965000	       495	80000450	5c244093	xori	x1,x8,1474	  x8:0x00000000  x1=0x000005c2
        4975000	       496	80000454	00f21cb3	sll	x25,x4,x15	  x4:0xffed94aa x15:0xffffff5b x25=0x50000000
        4985000	       497	80000458	fc3f56e3	bge	x30,x3,80000424	 x30:0x00000000  x3:0x00000006
        4995000	       498	8000045c	01aa6eb3	or	x29,x20,x26	 x20:0x0000000a x26:0x00000000 x29=0x0000000a
        5005000	       499	80000460	ffe00213	addi	x4,x0,-2	  x0:0x00000000  x4=0xfffffffe
        5015000	       500	80000464	d4c30d13	addi	x26,x6,-692	  x6:0x00000200 x26=0xffffff4c
        5025000	       501	80000468	7db0cc97	auipc	x25,0x7db0c	 x25=0xfdb0c464
        5035000	       502	8000046c	01e871b3	and	x3,x16,x30	 x16:0xfffffff1 x30:0x00000000  x3=0x00000000
        5045000	       503	80000470	00efd3b3	srl	x7,x31,x14	 x31:0x001badc8 x14:0xfc1ac754  x7=0x00000001
        5055000	       504	80000474	40acdf93	srai	x31,x25,0xa	 x25:0xfdb0c464 x31=0xffff6c31
        5065000	       505	80000478	8d077793	andi	x15,x14,-1840	 x14:0xfc1ac754 x15=0xfc1ac050
        5075000	       506	8000047c	018583b3	add	x7,x11,x24	 x11:0x0000000c x24:0x80009fc4  x7=0x80009fd0
        5085000	       507	80000480	de6ef893	andi	x17,x29,-538	 x29:0x0000000a x17=0x00000002
        5095000	       508	80000484	ffd00993	addi	x19,x0,-3	  x0:0x00000000 x19=0xfffffffd
        5105000	       509	80000488	01757f33	and	x30,x10,x23	 x10:0x001badc8 x23:0x00126b56 x30=0x00122940
        5115000	       510	8000048c	400a0cb3	sub	x25,x20,x0	 x20:0x0000000a  x0:0x00000000 x25=0x0000000a
        5125000	       511	80000490	008d31b3	sltu	x3,x26,x8	 x26:0xffffff4c  x8:0x00000000  x3=0x00000000
        5135000	       512	80000494	1644e513	ori	x10,x9,356	  x9:0x000006a5 x10=0x000007e5
        5145000	       513	80000498	1b964413	xori	x8,x12,441	 x12:0xfffffff0  x8=0xfffffe49
        5155000	       514	8000049c	4aa92693	slti	x13,x18,1194	 x18:0xfffffffb x13=0x00000001
        5165000	       515	800004a0	ff720213	addi	x4,x4,-9	  x4:0xfffffffe  x4=0xfffffff5
        5175000	       516	800004a4	01ede8b3	or	x17,x27,x30	 x27:0x375b9001 x30:0x00122940 x17=0x375bb941
        5185000	       517	800004a8	004a7333	and	x6,x20,x4	 x20:0x0000000a  x4:0xfffffff5  x6=0x00000000
        5195000	       518	800004ac	01706db3	or	x27,x0,x23	  x0:0x00000000 x23:0x00126b56 x27=0x00126b56
        5205000	       519	800004b0	41228bb3	sub	x23,x5,x18	  x5:0x7fff6074 x18:0xfffffffb x23=0x7fff6079
        5215000	       520	800004b4	d2ad4693	xori	x13,x26,-726	 x26:0xffffff4c x13=0x00000266
        5225000	       521	800004b8	437e6e93	ori	x29,x28,1079	 x28:0x80009f84 x29=0x80009fb7
        5235000	       522	800004bc	01c3d533	srl	x10,x7,x28	  x7:0x80009fd0 x28:0x80009f84 x10=0x080009fd
        5245000	       523	800004c0	fd3258e3	bge	x4,x19,80000490	  x4:0xfffffff5 x19:0xfffffffd
        5255000	       524	800004c4	001a4133	xor	x2,x20,x1	 x20:0x0000000a  x1:0x000005c2  x2=0x000005c8
        5265000	       525	800004c8	ffe00593	addi	x11,x0,-2	  x0:0x00000000 x11=0xfffffffe
        5275000	       526	800004cc	0002f4b3	and	x9,x5,x0	  x5:0x7fff6074  x0:0x00000000  x9=0x00000000
        5285000	       527	800004d0	e639f937	lui	x18,0xe639f	 x18=0xe639f000
        5295000	       528	800004d4	251af993	andi	x19,x21,593	 x21:0xfffffd77 x19=0x00000051
        5305000	       529	800004d8	b864b893	sltiu	x17,x9,-1146	  x9:0x00000000 x17=0x00000001
        5315000	       530	800004dc	00be8f33	add	x30,x29,x11	 x29:0x80009fb7 x11:0xfffffffe x30=0x80009fb5
        5325000	       531	800004e0	408e57b3	sra	x15,x28,x8	 x28:0x80009f84  x8:0xfffffe49 x15=0xffc0004f
        5335000	       532	800004e4	790d7113	andi	x2,x26,1936	 x26:0xffffff4c  x2=0x00000700
        5345000	       533	800004e8	0199c233	xor	x4,x19,x25	 x19:0x00000051 x25:0x0000000a  x4=0x0000005b
        5355000	       534	800004ec	0123b7b3	sltu	x15,x7,x18	  x7:0x80009fd0 x18:0xe639f000 x15=0x00000001
        5365000	       535	800004f0	ebcca197	auipc	x3,0xebcca	  x3=0x6bcca4ec
        5375000	       536	800004f4	ffc00a93	addi	x21,x0,-4	  x0:0x00000000 x21=0xfffffffc
        5385000	       537	800004f8	65290c93	addi	x25,x18,1618	 x18:0xe639f000 x25=0xe639f652
        5395000	       538	800004fc	005b1213	slli	x4,x22,0x5	 x22:0x935ab0ed  x4=0x6b561da0
        5405000	       539	80000500	04d76037	lui	x0,0x4d76	
        5415000	       540	80000504	4057d133	sra	x2,x15,x5	 x15:0x00000001  x5:0x7fff6074  x2=0x00000000
        5425000	       541	80000508	01be07b3	add	x15,x28,x27	 x28:0x80009f84 x27:0x00126b56 x15=0x80130ada
        5435000	       542	8000050c	012d3533	sltu	x10,x26,x18	 x26:0xffffff4c x18:0xe639f000 x10=0x00000000
        5445000	       543	80000510	a5cb6513	ori	x10,x22,-1444	 x22:0x935ab0ed x10=0xfffffafd
        5455000	       544	80000514	00872533	slt	x10,x14,x8	 x14:0xfc1ac754  x8:0xfffffe49 x10=0x00000001
        5465000	       545	80000518	dadc2793	slti	x15,x24,-595	 x24:0x80009fc4 x15=0x00000001
        5475000	       546	8000051c	ffe58593	addi	x11,x11,-2	 x11:0xfffffffe x11=0xfffffffc
        5485000	       547	80000520	012b2893	slti	x17,x22,18	 x22:0x935ab0ed x17=0x00000001
        5495000	       548	80000524	766ff693	andi	x13,x31,1894	 x31:0xffff6c31 x13=0x00000420
        5505000	       549	80000528	0075d9b3	srl	x19,x11,x7	 x11:0xfffffffc  x7:0x80009fd0 x19=0x0000ffff
        5515000	       550	8000052c	d01b7337	lui	x6,0xd01b7	  x6=0xd01b7000
        5525000	       551	80000530	fd55dce3	bge	x11,x21,80000508	 x11:0xfffffffc x21:0xfffffffc
        5535000	       552	00000000	00000013	addi	x0,x0,0	  x0:0x00000000
        5545000	       553	80000504	00000013	addi	x0,x0,0	  x0:0x00000000
        5555000	       554	80000508	01be07b3	add	x15,x28,x27	 x28:0x80009f84 x27:0x00126b56 x15=0x80130ada
        5565000	       555	8000050c	012d3533	sltu	x10,x26,x18	 x26:0xffffff4c x18:0xe639f000 x10=0x00000000
        5575000	       556	80000510	a5cb6513	ori	x10,x22,-1444	 x22:0x935ab0ed x10=0xfffffafd
        5585000	       557	80000514	00872533	slt	x10,x14,x8	 x14:0xfc1ac754  x8:0xfffffe49 x10=0x00000001
        5595000	       558	80000518	dadc2793	slti	x15,x24,-595	 x24:0x80009fc4 x15=0x00000001
        5605000	       559	8000051c	ffe58593	addi	x11,x11,-2	 x11:0xfffffffc x11=0xfffffffa
        5615000	       560	80000520	012b2893	slti	x17,x22,18	 x22:0x935ab0ed x17=0x00000001
        5625000	       561	80000524	766ff693	andi	x13,x31,1894	 x31:0xffff6c31 x13=0x00000420
        5635000	       562	80000528	0075d9b3	srl	x19,x11,x7	 x11:0xfffffffa  x7:0x80009fd0 x19=0x0000ffff
        5645000	       563	8000052c	d01b7337	lui	x6,0xd01b7	  x6=0xd01b7000
        5655000	       564	80000530	fd55dce3	bge	x11,x21,80000508	 x11:0xfffffffa x21:0xfffffffc
        5665000	       565	80000534	f779ef93	ori	x31,x19,-137	 x19:0x0000ffff x31=0xffffffff
        5675000	       566	80000538	00000393	addi	x7,x0,0	  x0:0x00000000  x7=0x00000000
        5685000	       567	8000053c	013fd633	srl	x12,x31,x19	 x31:0xffffffff x19:0x0000ffff x12=0x00000001
        5695000	       568	80000540	0111d7b3	srl	x15,x3,x17	  x3:0x6bcca4ec x17:0x00000001 x15=0x35e65276
        5705000	       569	80000544	cbf0a837	lui	x16,0xcbf0a	 x16=0xcbf0a000
        5715000	       570	80000548	00da0f33	add	x30,x20,x13	 x20:0x0000000a x13:0x00000420 x30=0x0000042a
        5725000	       571	8000054c	fec00413	addi	x8,x0,-20	  x0:0x00000000  x8=0xffffffec
        5735000	       572	80000550	00cbdcb3	srl	x25,x23,x12	 x23:0x7fff6079 x12:0x00000001 x25=0x3fffb03c
        5745000	       573	80000554	607bc613	xori	x12,x23,1543	 x23:0x7fff6079 x12=0x7fff667e
        5755000	       574	80000558	00000013	addi	x0,x0,0	  x0:0x00000000
        5765000	       575	8000055c	ff638393	addi	x7,x7,-10	  x7:0x00000000  x7=0xfffffff6
        5775000	       576	80000560	008b71b3	and	x3,x22,x8	 x22:0x935ab0ed  x8:0xffffffec  x3=0x935ab0ec
        5785000	       577	80000564	00923933	sltu	x18,x4,x9	  x4:0x6b561da0  x9:0x00000000 x18=0x00000000
        5795000	       578	80000568	6ed0a013	slti	x0,x1,1773	  x1:0x000005c2
        5805000	       579	8000056c	01e460b3	or	x1,x8,x30	  x8:0xffffffec x30:0x0000042a  x1=0xffffffee
        5815000	       580	80000570	fe8392e3	bne	x7,x8,80000554	  x7:0xfffffff6  x8:0xffffffec
        5825000	       581	00000000	00000013	addi	x0,x0,0	  x0:0x00000000
        5835000	       582	80000550	00000013	addi	x0,x0,0	  x0:0x00000000
        5845000	       583	80000554	607bc613	xori	x12,x23,1543	 x23:0x7fff6079 x12=0x7fff667e
        5855000	       584	80000558	00000013	addi	x0,x0,0	  x0:0x00000000
        5865000	       585	8000055c	ff638393	addi	x7,x7,-10	  x7:0xfffffff6  x7=0xffffffec
        5875000	       586	80000560	008b71b3	and	x3,x22,x8	 x22:0x935ab0ed  x8:0xffffffec  x3=0x935ab0ec
        5885000	       587	80000564	00923933	sltu	x18,x4,x9	  x4:0x6b561da0  x9:0x00000000 x18=0x00000000
        5895000	       588	80000568	6ed0a013	slti	x0,x1,1773	  x1:0xffffffee
        5905000	       589	8000056c	01e460b3	or	x1,x8,x30	  x8:0xffffffec x30:0x0000042a  x1=0xffffffee
        5915000	       590	80000570	fe8392e3	bne	x7,x8,80000554	  x7:0xffffffec  x8:0xffffffec
        5925000	       591	80000574	0186c033	xor	x0,x13,x24	 x13:0x00000420 x24:0x80009fc4
        5935000	       592	80000578	00700613	addi	x12,x0,7	  x0:0x00000000 x12=0x00000007
        5945000	       593	8000057c	00e00793	addi	x15,x0,14	  x0:0x00000000 x15=0x0000000e
        5955000	       594	80000580	01266ab3	or	x21,x12,x18	 x12:0x00000007 x18:0x00000000 x21=0x00000007
        5965000	       595	80000584	000ac5b3	xor	x11,x21,x0	 x21:0x00000007  x0:0x00000000 x11=0x00000007
        5975000	       596	80000588	00760613	addi	x12,x12,7	 x12:0x00000007 x12=0x0000000e
        5985000	       597	8000058c	fef64ce3	blt	x12,x15,80000584	 x12:0x0000000e x15:0x0000000e
        5995000	       598	80000590	019196b3	sll	x13,x3,x25	  x3:0x935ab0ec x25:0x3fffb03c x13=0xc0000000
        6005000	       599	80000594	fff00993	addi	x19,x0,-1	  x0:0x00000000 x19=0xffffffff
        6015000	       600	80000598	00000013	addi	x0,x0,0	  x0:0x00000000
        6025000	       601	8000059c	01ba6a33	or	x20,x20,x27	 x20:0x0000000a x27:0x00126b56 x20=0x00126b5e
        6035000	       602	800005a0	010503b3	add	x7,x10,x16	 x10:0x00000001 x16:0xcbf0a000  x7=0xcbf0a001
        6045000	       603	800005a4	fee00793	addi	x15,x0,-18	  x0:0x00000000 x15=0xffffffee
        6055000	       604	800005a8	009cabb3	slt	x23,x25,x9	 x25:0x3fffb03c  x9:0x00000000 x23=0x00000000
        6065000	       605	800005ac	01422cb3	slt	x25,x4,x20	  x4:0x6b561da0 x20:0x00126b5e x25=0x00000000
        6075000	       606	800005b0	000ff133	and	x2,x31,x0	 x31:0xffffffff  x0:0x00000000  x2=0x00000000
        6085000	       607	800005b4	ec026293	ori	x5,x4,-320	  x4:0x6b561da0  x5=0xffffffe0
        6095000	       608	800005b8	40b8d313	srai	x6,x17,0xb	 x17:0x00000001  x6=0x00000000
        6105000	       609	800005bc	009f9233	sll	x4,x31,x9	 x31:0xffffffff  x9:0x00000000  x4=0xffffffff
        6115000	       610	800005c0	416bda33	sra	x20,x23,x22	 x23:0x00000000 x22:0x935ab0ed x20=0x00000000
        6125000	       611	800005c4	211b4513	xori	x10,x22,529	 x22:0x935ab0ed x10=0x935ab2fc
        6135000	       612	800005c8	415cd013	srai	x0,x25,0x15	 x25:0x00000000
        6145000	       613	800005cc	01657033	and	x0,x10,x22	 x10:0x935ab2fc x22:0x935ab0ed
        6155000	       614	800005d0	00a99333	sll	x6,x19,x10	 x19:0xffffffff x10:0x935ab2fc  x6=0xf0000000
        6165000	       615	800005d4	40375eb3	sra	x29,x14,x3	 x14:0xfc1ac754  x3:0x935ab0ec x29=0xffffc1ac
        6175000	       616	800005d8	00529293	slli	x5,x5,0x5	  x5:0xffffffe0  x5=0xfffffc00
        6185000	       617	800005dc	ff998993	addi	x19,x19,-7	 x19:0xffffffff x19=0xfffffff8
        6195000	       618	800005e0	01e6fab3	and	x21,x13,x30	 x13:0xc0000000 x30:0x0000042a x21=0x00000000
        6205000	       619	800005e4	1066ef93	ori	x31,x13,262	 x13:0xc0000000 x31=0xc0000106
        6215000	       620	800005e8	5f2e2893	slti	x17,x28,1522	 x28:0x80009f84 x17=0x00000001
        6225000	       621	800005ec	fcf9d4e3	bge	x19,x15,800005b4	 x19:0xfffffff8 x15:0xffffffee
        6235000	       622	00000000	00000013	addi	x0,x0,0	  x0:0x00000000
        6245000	       623	800005b0	00000013	addi	x0,x0,0	  x0:0x00000000
        6255000	       624	800005b4	ec026293	ori	x5,x4,-320	  x4:0xffffffff  x5=0xffffffff
        6265000	       625	800005b8	40b8d313	srai	x6,x17,0xb	 x17:0x00000001  x6=0x00000000
        6275000	       626	800005bc	009f9233	sll	x4,x31,x9	 x31:0xc0000106  x9:0x00000000  x4=0xc0000106
        6285000	       627	800005c0	416bda33	sra	x20,x23,x22	 x23:0x00000000 x22:0x935ab0ed x20=0x00000000
        6295000	       628	800005c4	211b4513	xori	x10,x22,529	 x22:0x935ab0ed x10=0x935ab2fc
        6305000	       629	800005c8	415cd013	srai	x0,x25,0x15	 x25:0x00000000
        6315000	       630	800005cc	01657033	and	x0,x10,x22	 x10:0x935ab2fc x22:0x935ab0ed
        6325000	       631	800005d0	00a99333	sll	x6,x19,x10	 x19:0xfffffff8 x10:0x935ab2fc  x6=0x80000000
        6335000	       632	800005d4	40375eb3	sra	x29,x14,x3	 x14:0xfc1ac754  x3:0x935ab0ec x29=0xffffc1ac
        6345000	       633	800005d8	00529293	slli	x5,x5,0x5	  x5:0xffffffff  x5=0xffffffe0
        6355000	       634	800005dc	ff998993	addi	x19,x19,-7	 x19:0xfffffff8 x19=0xfffffff1
        6365000	       635	800005e0	01e6fab3	and	x21,x13,x30	 x13:0xc0000000 x30:0x0000042a x21=0x00000000
        6375000	       636	800005e4	1066ef93	ori	x31,x13,262	 x13:0xc0000000 x31=0xc0000106
        6385000	       637	800005e8	5f2e2893	slti	x17,x28,1522	 x28:0x80009f84 x17=0x00000001
        6395000	       638	800005ec	fcf9d4e3	bge	x19,x15,800005b4	 x19:0xfffffff1 x15:0xffffffee
        6405000	       639	00000000	00000013	addi	x0,x0,0	  x0:0x00000000
        6415000	       640	800005b0	00000013	addi	x0,x0,0	  x0:0x00000000
        6425000	       641	800005b4	ec026293	ori	x5,x4,-320	  x4:0xc0000106  x5=0xffffffc6
        6435000	       642	800005b8	40b8d313	srai	x6,x17,0xb	 x17:0x00000001  x6=0x00000000
        6445000	       643	800005bc	009f9233	sll	x4,x31,x9	 x31:0xc0000106  x9:0x00000000  x4=0xc0000106
        6455000	       644	800005c0	416bda33	sra	x20,x23,x22	 x23:0x00000000 x22:0x935ab0ed x20=0x00000000
        6465000	       645	800005c4	211b4513	xori	x10,x22,529	 x22:0x935ab0ed x10=0x935ab2fc
        6475000	       646	800005c8	415cd013	srai	x0,x25,0x15	 x25:0x00000000
        6485000	       647	800005cc	01657033	and	x0,x10,x22	 x10:0x935ab2fc x22:0x935ab0ed
        6495000	       648	800005d0	00a99333	sll	x6,x19,x10	 x19:0xfffffff1 x10:0x935ab2fc  x6=0x10000000
        6505000	       649	800005d4	40375eb3	sra	x29,x14,x3	 x14:0xfc1ac754  x3:0x935ab0ec x29=0xffffc1ac
        6515000	       650	800005d8	00529293	slli	x5,x5,0x5	  x5:0xffffffc6  x5=0xfffff8c0
        6525000	       651	800005dc	ff998993	addi	x19,x19,-7	 x19:0xfffffff1 x19=0xffffffea
        6535000	       652	800005e0	01e6fab3	and	x21,x13,x30	 x13:0xc0000000 x30:0x0000042a x21=0x00000000
        6545000	       653	800005e4	1066ef93	ori	x31,x13,262	 x13:0xc0000000 x31=0xc0000106
        6555000	       654	800005e8	5f2e2893	slti	x17,x28,1522	 x28:0x80009f84 x17=0x00000001
        6565000	       655	800005ec	fcf9d4e3	bge	x19,x15,800005b4	 x19:0xffffffea x15:0xffffffee
        6575000	       656	800005f0	2db98a13	addi	x20,x19,731	 x19:0xffffffea x20=0x000002c5
        6585000	       657	800005f4	00700513	addi	x10,x0,7	  x0:0x00000000 x10=0x00000007
        6595000	       658	800005f8	00bd7433	and	x8,x26,x11	 x26:0xffffff4c x11:0x00000007  x8=0x00000004
        6605000	       659	800005fc	db897793	andi	x15,x18,-584	 x18:0x00000000 x15=0x00000000
        6615000	       660	80000600	00700e93	addi	x29,x0,7	  x0:0x00000000 x29=0x00000007
        6625000	       661	80000604	00381493	slli	x9,x16,0x3	 x16:0xcbf0a000  x9=0x5f850000
        6635000	       662	80000608	006d5193	srli	x3,x26,0x6	 x26:0xffffff4c  x3=0x03fffffd
        6645000	       663	8000060c	08f3bb93	sltiu	x23,x7,143	  x7:0xcbf0a001 x23=0x00000000
        6655000	       664	80000610	01503833	sltu	x16,x0,x21	  x0:0x00000000 x21:0x00000000 x16=0x00000000
        6665000	       665	80000614	a36a3293	sltiu	x5,x20,-1482	 x20:0x000002c5  x5=0x00000001
        6675000	       666	80000618	010bda33	srl	x20,x23,x16	 x23:0x00000000 x16:0x00000000 x20=0x00000000
        6685000	       667	8000061c	00000013	addi	x0,x0,0	  x0:0x00000000
        6695000	       668	80000620	005547b3	xor	x15,x10,x5	 x10:0x00000007  x5:0x00000001 x15=0x00000006
        6705000	       669	80000624	00000013	addi	x0,x0,0	  x0:0x00000000
        6715000	       670	80000628	ff850513	addi	x10,x10,-8	 x10:0x00000007 x10=0xffffffff
        6725000	       671	8000062c	00a80633	add	x12,x16,x10	 x16:0x00000000 x10:0xffffffff x12=0xffffffff
        6735000	       672	80000630	f514cf93	xori	x31,x9,-175	  x9:0x5f850000 x31=0xa07aff51
        6745000	       673	80000634	947d8893	addi	x17,x27,-1721	 x27:0x00126b56 x17=0x0012649d
        6755000	       674	80000638	016140b3	xor	x1,x2,x22	  x2:0x00000000 x22:0x935ab0ed  x1=0x935ab0ed
        6765000	       675	8000063c	c1cc5897	auipc	x17,0xc1cc5	 x17=0x41cc5638
        6775000	       676	80000640	ffd550e3	bge	x10,x29,80000620	 x10:0xffffffff x29:0x00000007
        6785000	       677	80000644	fef14193	xori	x3,x2,-17	  x2:0x00000000  x3=0xffffffef
        6795000	       678	80000648	01f90e63	beq	x18,x31,80000664	 x18:0x00000000 x31:0xa07aff51
        6805000	       679	8000064c	013dffb3	and	x31,x27,x19	 x27:0x00126b56 x19:0xffffffea x31=0x00126b42
        6815000	       680	80000650	01f20433	add	x8,x4,x31	  x4:0xc0000106 x31:0x00126b42  x8=0xc0126c48
        6825000	       681	80000654	2eba6013	ori	x0,x20,747	 x20:0x00000000
        6835000	       682	80000658	017fddb3	srl	x27,x31,x23	 x31:0x00126b42 x23:0x00000000 x27=0x00126b42
        6845000	       683	8000065c	01178263	beq	x15,x17,80000660	 x15:0x00000006 x17:0x41cc5638
        6855000	       684	80000660	01d7d463	bge	x15,x29,80000668	 x15:0x00000006 x29:0x00000007
        6865000	       685	80000664	35cf2493	slti	x9,x30,860	 x30:0x0000042a  x9=0x00000000
        6875000	       686	80000668	adcf6513	ori	x10,x30,-1316	 x30:0x0000042a x10=0xfffffefe
        6885000	       687	8000066c	013f6db3	or	x27,x30,x19	 x30:0x0000042a x19:0xffffffea x27=0xffffffea
        6895000	       688	80000670	00099f33	sll	x30,x19,x0	 x19:0xffffffea  x0:0x00000000 x30=0xffffffea
        6905000	       689	80000674	0a894063	blt	x18,x8,80000714	 x18:0x00000000  x8:0xc0126c48
        6915000	       690	80000678	4d9cf0b7	lui	x1,0x4d9cf	  x1=0x4d9cf000
        6925000	       691	8000067c	014deeb3	or	x29,x27,x20	 x27:0xffffffea x20:0x00000000 x29=0xffffffea
        6935000	       692	80000680	09e37663	bgeu	x6,x30,8000070c	  x6:0x10000000 x30:0xffffffea
        6945000	       693	80000684	50257093	andi	x1,x10,1282	 x10:0xfffffefe  x1=0x00000402
        6955000	       694	80000688	01ed9f33	sll	x30,x27,x30	 x27:0xffffffea x30:0xffffffea x30=0xffffa800
        6965000	       695	8000068c	0030f2b3	and	x5,x1,x3	  x1:0x00000402  x3:0xffffffef  x5=0x00000402
        6975000	       696	80000690	40768133	sub	x2,x13,x7	 x13:0xc0000000  x7:0xcbf0a001  x2=0xf40f5fff
        6985000	       697	80000694	f7ffb993	sltiu	x19,x31,-129	 x31:0x00126b42 x19=0x00000001
        6995000	       698	80000698	fe9de313	ori	x6,x27,-23	 x27:0xffffffea  x6=0xffffffeb
        7005000	       699	8000069c	01811533	sll	x10,x2,x24	  x2:0xf40f5fff x24:0x80009fc4 x10=0x40f5fff0
        7015000	       700	800006a0	06be7463	bgeu	x28,x11,80000708	 x28:0x80009f84 x11:0x00000007
        7025000	       701	00000000	00000013	addi	x0,x0,0	  x0:0x00000000
        7035000	       702	80000704	00000013	addi	x0,x0,0	  x0:0x00000000
        7045000	       703	80000708	41b802b3	sub	x5,x16,x27	 x16:0x00000000 x27:0xffffffea  x5=0x00000016
        7055000	       704	8000070c	00bc0863	beq	x24,x11,8000071c	 x24:0x80009fc4 x11:0x00000007
        7065000	       705	80000710	01c06533	or	x10,x0,x28	  x0:0x00000000 x28:0x80009f84 x10=0x80009f84
        7075000	       706	80000714	00ef5813	srli	x16,x30,0xe	 x30:0xffffa800 x16=0x0003fffe
        7085000	       707	80000718	0053b933	sltu	x18,x7,x5	  x7:0xcbf0a001  x5:0x00000016 x18=0x00000000
        7095000	       708	8000071c	940b7113	andi	x2,x22,-1728	 x22:0x935ab0ed  x2=0x935ab040
        7105000	       709	80000720	586a0d13	addi	x26,x20,1414	 x20:0x00000000 x26=0x00000586
        7115000	       710	80000724	0055c433	xor	x8,x11,x5	 x11:0x00000007  x5:0x00000016  x8=0x00000011
        7125000	       711	80000728	04d19a63	bne	x3,x13,8000077c	  x3:0xffffffef x13:0xc0000000
        7135000	       712	00000000	00000013	addi	x0,x0,0	  x0:0x00000000
        7145000	       713	80000778	00000013	addi	x0,x0,0	  x0:0x00000000
        7155000	       714	8000077c	40f92b13	slti	x22,x18,1039	 x18:0x00000000 x22=0x00000001
        7165000	       715	80000780	19c76013	ori	x0,x14,412	 x14:0xfc1ac754
        7175000	       716	80000784	00fb9263	bne	x23,x15,80000788	 x23:0x00000000 x15:0x00000006
        7185000	       717	00000000	00000013	addi	x0,x0,0	  x0:0x00000000
        7195000	       718	80000784	00000013	addi	x0,x0,0	  x0:0x00000000
        7205000	       719	80000788	00e1ca63	blt	x3,x14,8000079c	  x3:0xffffffef x14:0xfc1ac754
        7215000	       720	8000078c	33d9aa93	slti	x21,x19,829	 x19:0x00000001 x21=0x00000001
        7225000	       721	80000790	24698813	addi	x16,x19,582	 x19:0x00000001 x16=0x00000247
        7235000	       722	80000794	01966033	or	x0,x12,x25	 x12:0xffffffff x25:0x00000000
        7245000	       723	80000798	00a4da13	srli	x20,x9,0xa	  x9:0x00000000 x20=0x00000000
        7255000	       724	8000079c	0256c863	blt	x13,x5,800007cc	 x13:0xc0000000  x5:0x00000016
        7265000	       725	00000000	00000013	addi	x0,x0,0	  x0:0x00000000
        7275000	       726	800007c8	00000013	addi	x0,x0,0	  x0:0x00000000
        7285000	       727	800007cc	01c29793	slli	x15,x5,0x1c	  x5:0x00000016 x15=0x60000000
        7295000	       728	800007d0	233c6037	lui	x0,0x233c6	
        7305000	       729	800007d4	00a083b3	add	x7,x1,x10	  x1:0x00000402 x10:0x80009f84  x7=0x8000a386
        7315000	       730	800007d8	62196893	ori	x17,x18,1569	 x18:0x00000000 x17=0x00000621
        7325000	       731	800007dc	07be6663	bltu	x28,x27,80000848	 x28:0x80009f84 x27:0xffffffea
        7335000	       732	00000000	00000013	addi	x0,x0,0	  x0:0x00000000
        7345000	       733	80000844	00000013	addi	x0,x0,0	  x0:0x00000000
        7355000	       734	80000848	1c4ff493	andi	x9,x31,452	 x31:0x00126b42  x9=0x00000140
        7365000	       735	8000084c	513c7a13	andi	x20,x24,1299	 x24:0x80009fc4 x20=0x00000500
        7375000	       736	80000850	004a1213	slli	x4,x20,0x4	 x20:0x00000500  x4=0x00005000
        7385000	       737	80000854	0194a133	slt	x2,x9,x25	  x9:0x00000140 x25:0x00000000  x2=0x00000000
        7395000	       738	80000858	01a0a7b3	slt	x15,x1,x26	  x1:0x00000402 x26:0x00000586 x15=0x00000001
        7405000	       739	8000085c	65dae493	ori	x9,x21,1629	 x21:0x00000001  x9=0x0000065d
        7415000	       740	80000860	a19b7fb7	lui	x31,0xa19b7	 x31=0xa19b7000
        7425000	       741	80000864	005a3833	sltu	x16,x20,x5	 x20:0x00000500  x5:0x00000016 x16=0x00000000
        7435000	       742	80000868	01ed9eb3	sll	x29,x27,x30	 x27:0xffffffea x30:0xffffa800 x29=0xffffffea
        7445000	       743	8000086c	00efd913	srli	x18,x31,0xe	 x31:0xa19b7000 x18=0x0002866d
        7455000	       744	80000870	00635f93	srli	x31,x6,0x6	  x6:0xffffffeb x31=0x03ffffff
        7465000	       745	80000874	b68fbd13	sltiu	x26,x31,-1176	 x31:0x03ffffff x26=0x00000001
        7475000	       746	80000878	03e99e63	bne	x19,x30,800008b4	 x19:0x00000001 x30:0xffffa800
        7485000	       747	00000000	00000013	addi	x0,x0,0	  x0:0x00000000
        7495000	       748	800008b0	00000013	addi	x0,x0,0	  x0:0x00000000
        7505000	       749	800008b4	01492cb3	slt	x25,x18,x20	 x18:0x0002866d x20:0x00000500 x25=0x00000000
        7515000	       750	800008b8	01965213	srli	x4,x12,0x19	 x12:0xffffffff  x4=0x0000007f
        7525000	       751	800008bc	0077f463	bgeu	x15,x7,800008c4	 x15:0x00000001  x7:0x8000a386
        7535000	       752	800008c0	a1e04313	xori	x6,x0,-1506	  x0:0x00000000  x6=0xfffffa1e
        7545000	       753	800008c4	40045693	srai	x13,x8,0x0	  x8:0x00000011 x13=0x00000011
        7555000	       754	800008c8	d212ed13	ori	x26,x5,-735	  x5:0x00000016 x26=0xfffffd37
        7565000	       755	800008cc	0179c533	xor	x10,x19,x23	 x19:0x00000001 x23:0x00000000 x10=0x00000001
        7575000	       756	800008d0	00000013	addi	x0,x0,0	  x0:0x00000000
        7585000	       757	800008d4	021bd863	bge	x23,x1,80000904	 x23:0x00000000  x1:0x00000402
        7595000	       758	800008d8	4eaf6213	ori	x4,x30,1258	 x30:0xffffa800  x4=0xffffacea
        7605000	       759	800008dc	bef59897	auipc	x17,0xbef59	 x17=0x3ef598d8
        7615000	       760	800008e0	017d1613	slli	x12,x26,0x17	 x26:0xfffffd37 x12=0x9b800000
        7625000	       761	800008e4	f657f393	andi	x7,x15,-155	 x15:0x00000001  x7=0x00000001
        7635000	       762	800008e8	12762297	auipc	x5,0x12762	  x5=0x927628e4
        7645000	       763	800008ec	011a9bb3	sll	x23,x21,x17	 x21:0x00000001 x17:0x3ef598d8 x23=0x01000000
        7655000	       764	800008f0	99368613	addi	x12,x13,-1645	 x13:0x00000011 x12=0xfffff9a4
        7665000	       765	800008f4	058b9663	bne	x23,x24,80000940	 x23:0x01000000 x24:0x80009fc4
        7675000	       766	00000000	00000013	addi	x0,x0,0	  x0:0x00000000
        7685000	       767	8000093c	00000013	addi	x0,x0,0	  x0:0x00000000
        7695000	       768	80000940	c228bb93	sltiu	x23,x17,-990	 x17:0x3ef598d8 x23=0x00000001
        7705000	       769	80000944	00e6bcb3	sltu	x25,x13,x14	 x13:0x00000011 x14:0xfc1ac754 x25=0x00000001
        7715000	       770	80000948	8aeb8897	auipc	x17,0x8aeb8	 x17=0x0aeb8944
        7725000	       771	8000094c	41a6dfb3	sra	x31,x13,x26	 x13:0x00000011 x26:0xfffffd37 x31=0x00000000
        7735000	       772	80000950	00386c63	bltu	x16,x3,80000968	 x16:0x00000000  x3:0xffffffef
        7745000	       773	00000000	00000013	addi	x0,x0,0	  x0:0x00000000
        7755000	       774	80000964	00000013	addi	x0,x0,0	  x0:0x00000000
        7765000	       775	80000968	001632b3	sltu	x5,x12,x1	 x12:0xfffff9a4  x1:0x00000402  x5=0x00000000
        7775000	       776	8000096c	4c470993	addi	x19,x14,1220	 x14:0xfc1ac754 x19=0xfc1acc18
        7785000	       777	80000970	01370833	add	x16,x14,x19	 x14:0xfc1ac754 x19:0xfc1acc18 x16=0xf835936c
        7795000	       778	80000974	00f5dc63	bge	x11,x15,8000098c	 x11:0x00000007 x15:0x00000001
        7805000	       779	00000000	00000013	addi	x0,x0,0	  x0:0x00000000
        7815000	       780	80000988	00000013	addi	x0,x0,0	  x0:0x00000000
        7825000	       781	8000098c	01319b33	sll	x22,x3,x19	  x3:0xffffffef x19:0xfc1acc18 x22=0xef000000
        7835000	       782	80000990	034c1863	bne	x24,x20,800009c0	 x24:0x80009fc4 x20:0x00000500
        7845000	       783	00000000	00000013	addi	x0,x0,0	  x0:0x00000000
        7855000	       784	800009bc	00000013	addi	x0,x0,0	  x0:0x00000000
        7865000	       785	800009c0	0c274f93	xori	x31,x14,194	 x14:0xfc1ac754 x31=0xfc1ac796
        7875000	       786	800009c4	41365b13	srai	x22,x12,0x13	 x12:0xfffff9a4 x22=0xffffffff
        7885000	       787	800009c8	000cea63	bltu	x25,x0,800009dc	 x25:0x00000001  x0:0x00000000
        7895000	       788	800009cc	40fc0133	sub	x2,x24,x15	 x24:0x80009fc4 x15:0x00000001  x2=0x80009fc3
        7905000	       789	800009d0	01c60463	beq	x12,x28,800009d8	 x12:0xfffff9a4 x28:0x80009f84
        7915000	       790	800009d4	01049f13	slli	x30,x9,0x10	  x9:0x0000065d x30=0x065d0000
        7925000	       791	800009d8	00dda5b3	slt	x11,x27,x13	 x27:0xffffffea x13:0x00000011 x11=0x00000001
        7935000	       792	800009dc	00000013	addi	x0,x0,0	  x0:0x00000000
        7945000	       793	800009e0	0119cd33	xor	x26,x19,x17	 x19:0xfc1acc18 x17:0x0aeb8944 x26=0xf6f1455c
        7955000	       794	800009e4	004dd093	srli	x1,x27,0x4	 x27:0xffffffea  x1=0x0ffffffe
        7965000	       795	800009e8	01883333	sltu	x6,x16,x24	 x16:0xf835936c x24:0x80009fc4  x6=0x00000000
        7975000	       796	800009ec	0143b033	sltu	x0,x7,x20	  x7:0x00000001 x20:0x00000500
        7985000	       797	800009f0	00f766b3	or	x13,x14,x15	 x14:0xfc1ac754 x15:0x00000001 x13=0xfc1ac755
        7995000	       798	800009f4	01531cb3	sll	x25,x6,x21	  x6:0x00000000 x21:0x00000001 x25=0x00000000
        8005000	       799	800009f8	0157b3b3	sltu	x7,x15,x21	 x15:0x00000001 x21:0x00000001  x7=0x00000000
        8015000	       800	800009fc	74cd0813	addi	x16,x26,1868	 x26:0xf6f1455c x16=0xf6f14ca8
        8025000	       801	80000a00	02a08c63	beq	x1,x10,80000a38	  x1:0x0ffffffe x10:0x00000001
        8035000	       802	80000a04	016c4663	blt	x24,x22,80000a10	 x24:0x80009fc4 x22:0xffffffff
        8045000	       803	00000000	00000013	addi	x0,x0,0	  x0:0x00000000
        8055000	       804	80000a0c	00000013	addi	x0,x0,0	  x0:0x00000000
        8065000	       805	80000a10	01339c63	bne	x7,x19,80000a28	  x7:0x00000000 x19:0xfc1acc18
        8075000	       806	00000000	00000013	addi	x0,x0,0	  x0:0x00000000
        8085000	       807	80000a24	00000013	addi	x0,x0,0	  x0:0x00000000
        8095000	       808	80000a28	01637f33	and	x30,x6,x22	  x6:0x00000000 x22:0xffffffff x30=0x00000000
        8105000	       809	80000a2c	7c15ca13	xori	x20,x11,1985	 x11:0x00000001 x20=0x000007c0
        8115000	       810	80000a30	016e58b3	srl	x17,x28,x22	 x28:0x80009f84 x22:0xffffffff x17=0x00000001
        8125000	       811	80000a34	2a2def13	ori	x30,x27,674	 x27:0xffffffea x30=0xffffffea
        8135000	       812	80000a38	01944533	xor	x10,x8,x25	  x8:0x00000011 x25:0x00000000 x10=0x00000011
        8145000	       813	80000a3c	01632bb3	slt	x23,x6,x22	  x6:0x00000000 x22:0xffffffff x23=0x00000000
        8155000	       814	80000a40	0011d7b3	srl	x15,x3,x1	  x3:0xffffffef  x1:0x0ffffffe x15=0x00000003
        8165000	       815	80000a44	0233ee63	bltu	x7,x3,80000a80	  x7:0x00000000  x3:0xffffffef
        8175000	       816	00000000	00000013	addi	x0,x0,0	  x0:0x00000000
        8185000	       817	80000a7c	00000013	addi	x0,x0,0	  x0:0x00000000
        8195000	       818	80000a80	415d8433	sub	x8,x27,x21	 x27:0xffffffea x21:0x00000001  x8=0xffffffe9
        8205000	       819	80000a84	01cec0b3	xor	x1,x29,x28	 x29:0xffffffea x28:0x80009f84  x1=0x7fff606e
        8215000	       820	80000a88	c726e793	ori	x15,x13,-910	 x13:0xfc1ac755 x15=0xffffff77
        8225000	       821	80000a8c	b765bf93	sltiu	x31,x11,-1162	 x11:0x00000001 x31=0x00000001
        8235000	       822	80000a90	b5734d93	xori	x27,x6,-1193	  x6:0x00000000 x27=0xfffffb57
        8245000	       823	80000a94	00000013	addi	x0,x0,0	  x0:0x00000000
        8255000	       824	80000a98	c2accf13	xori	x30,x25,-982	 x25:0x00000000 x30=0xfffffc2a
        8265000	       825	80000a9c	2ff02fb7	lui	x31,0x2ff02	 x31=0x2ff02000
        8275000	       826	80000aa0	00082cb3	slt	x25,x16,x0	 x16:0xf6f14ca8  x0:0x00000000 x25=0x00000001
        8285000	       827	80000aa4	00becf33	xor	x30,x29,x11	 x29:0xffffffea x11:0x00000001 x30=0xffffffeb
        8295000	       828	80000aa8	008b1a63	bne	x22,x8,80000abc	 x22:0xffffffff  x8:0xffffffe9
        8305000	       829	00000000	00000013	addi	x0,x0,0	  x0:0x00000000
        8315000	       830	80000ab8	00000013	addi	x0,x0,0	  x0:0x00000000
        8325000	       831	80000abc	00000013	addi	x0,x0,0	  x0:0x00000000
        8335000	       832	80000ac0	00aae8b3	or	x17,x21,x10	 x21:0x00000001 x10:0x00000011 x17=0x00000011
        8345000	       833	80000ac4	00000013	addi	x0,x0,0	  x0:0x00000000
        8355000	       834	80000ac8	01c05893	srli	x17,x0,0x1c	  x0:0x00000000 x17=0x00000000
        8365000	       835	80000acc	002ad193	srli	x3,x21,0x2	 x21:0x00000001  x3=0x00000000
        8375000	       836	80000ad0	02047a63	bgeu	x8,x0,80000b04	  x8:0xffffffe9  x0:0x00000000
        8385000	       837	00000000	00000013	addi	x0,x0,0	  x0:0x00000000
        8395000	       838	80000b00	00000013	addi	x0,x0,0	  x0:0x00000000
        8405000	       839	80000b04	41725133	sra	x2,x4,x23	  x4:0xffffacea x23:0x00000000  x2=0xffffacea
        8415000	       840	80000b08	fdd34313	xori	x6,x6,-35	  x6:0x00000000  x6=0xffffffdd
        8425000	       841	80000b0c	03a81063	bne	x16,x26,80000b2c	 x16:0xf6f14ca8 x26:0xf6f1455c
        8435000	       842	00000000	00000013	addi	x0,x0,0	  x0:0x00000000
        8445000	       843	80000b28	00000013	addi	x0,x0,0	  x0:0x00000000
        8455000	       844	80000b2c	01fd9333	sll	x6,x27,x31	 x27:0xfffffb57 x31:0x2ff02000  x6=0xfffffb57
        8465000	       845	80000b30	01997463	bgeu	x18,x25,80000b38	 x18:0x0002866d x25:0x00000001
        8475000	       846	00000000	00000013	addi	x0,x0,0	  x0:0x00000000
        8485000	       847	80000b34	00000013	addi	x0,x0,0	  x0:0x00000000
        8495000	       848	80000b38	012277b3	and	x15,x4,x18	  x4:0xffffacea x18:0x0002866d x15=0x00028468
        8505000	       849	80000b3c	02ce0863	beq	x28,x12,80000b6c	 x28:0x80009f84 x12:0xfffff9a4
        8515000	       850	80000b40	7d8d4813	xori	x16,x26,2008	 x26:0xf6f1455c x16=0xf6f14284
        8525000	       851	80000b44	00000013	addi	x0,x0,0	  x0:0x00000000
        8535000	       852	80000b48	015a0233	add	x4,x20,x21	 x20:0x000007c0 x21:0x00000001  x4=0x000007c1
        8545000	       853	80000b4c	fa5fe313	ori	x6,x31,-91	 x31:0x2ff02000  x6=0xffffffa5
        8555000	       854	80000b50	8e25fc93	andi	x25,x11,-1822	 x11:0x00000001 x25=0x00000000
        8565000	       855	80000b54	40b30cb3	sub	x25,x6,x11	  x6:0xffffffa5 x11:0x00000001 x25=0xffffffa4
        8575000	       856	80000b58	016f6eb3	or	x29,x30,x22	 x30:0xffffffeb x22:0xffffffff x29=0xffffffff
        8585000	       857	80000b5c	00177863	bgeu	x14,x1,80000b6c	 x14:0xfc1ac754  x1:0x7fff606e
        8595000	       858	00000000	00000013	addi	x0,x0,0	  x0:0x00000000
        8605000	       859	80000b68	00000013	addi	x0,x0,0	  x0:0x00000000
        8615000	       860	80000b6c	8ba225b7	lui	x11,0x8ba22	 x11=0x8ba22000
        8625000	       861	80000b70	013ff2b3	and	x5,x31,x19	 x31:0x2ff02000 x19:0xfc1acc18  x5=0x2c100000
        8635000	       862	80000b74	ad4a8a13	addi	x20,x21,-1324	 x21:0x00000001 x20=0xfffffad5
        8645000	       863	80000b78	0188d113	srli	x2,x17,0x18	 x17:0x00000000  x2=0x00000000
        8655000	       864	80000b7c	41f85933	sra	x18,x16,x31	 x16:0xf6f14284 x31:0x2ff02000 x18=0xf6f14284
        8665000	       865	80000b80	00495e63	bge	x18,x4,80000b9c	 x18:0xf6f14284  x4:0x000007c1
        8675000	       866	80000b84	05240463	beq	x8,x18,80000bcc	  x8:0xffffffe9 x18:0xf6f14284
        8685000	       867	80000b88	00289413	slli	x8,x17,0x2	 x17:0x00000000  x8=0x00000000
        8695000	       868	80000b8c	02ab9863	bne	x23,x10,80000bbc	 x23:0x00000000 x10:0x00000011
        8705000	       869	00000000	00000013	addi	x0,x0,0	  x0:0x00000000
        8715000	       870	80000bb8	00000013	addi	x0,x0,0	  x0:0x00000000
        8725000	       871	80000bbc	01cd8033	add	x0,x27,x28	 x27:0xfffffb57 x28:0x80009f84
        8735000	       872	80000bc0	02f58e63	beq	x11,x15,80000bfc	 x11:0x8ba22000 x15:0x00028468
        8745000	       873	80000bc4	a5fc7893	andi	x17,x24,-1441	 x24:0x80009fc4 x17=0x80009a44
        8755000	       874	80000bc8	01aad463	bge	x21,x26,80000bd0	 x21:0x00000001 x26:0xf6f1455c
        8765000	       875	00000000	00000013	addi	x0,x0,0	  x0:0x00000000
        8775000	       876	80000bcc	00000013	addi	x0,x0,0	  x0:0x00000000
        8785000	       877	80000bd0	019bd793	srli	x15,x23,0x19	 x23:0x00000000 x15=0x00000000
        8795000	       878	80000bd4	014751b3	srl	x3,x14,x20	 x14:0xfc1ac754 x20:0xfffffad5  x3=0x000007e0
        8805000	       879	80000bd8	01c4c933	xor	x18,x9,x28	  x9:0x0000065d x28:0x80009f84 x18=0x800099d9
        8815000	       880	80000bdc	010b5863	bge	x22,x16,80000bec	 x22:0xffffffff x16:0xf6f14284
        8825000	       881	00000000	00000013	addi	x0,x0,0	  x0:0x00000000
        8835000	       882	80000be8	00000013	addi	x0,x0,0	  x0:0x00000000
        8845000	       883	80000bec	00a04463	blt	x0,x10,80000bf4	  x0:0x00000000 x10:0x00000011
        8855000	       884	00000000	00000013	addi	x0,x0,0	  x0:0x00000000
        8865000	       885	80000bf0	00000013	addi	x0,x0,0	  x0:0x00000000
        8875000	       886	80000bf4	00000013	addi	x0,x0,0	  x0:0x00000000
        8885000	       887	80000bf8	01db3fb3	sltu	x31,x22,x29	 x22:0xffffffff x29:0xffffffff x31=0x00000000
        8895000	       888	80000bfc	01919093	slli	x1,x3,0x19	  x3:0x000007e0  x1=0xc0000000
        8905000	       889	80000c00	4b3efeb7	lui	x29,0x4b3ef	 x29=0x4b3ef000
        8915000	       890	80000c04	2bf195b7	lui	x11,0x2bf19	 x11=0x2bf19000
        8925000	       891	80000c08	b0c62a93	slti	x21,x12,-1268	 x12:0xfffff9a4 x21=0x00000001
        8935000	       892	80000c0c	29e77337	lui	x6,0x29e77	  x6=0x29e77000
        8945000	       893	80000c10	c66f2d17	auipc	x26,0xc66f2	 x26=0x466f2c0c
        8955000	       894	80000c14	419006b3	sub	x13,x0,x25	  x0:0x00000000 x25:0xffffffa4 x13=0x0000005c
        8965000	       895	80000c18	40fdd6b3	sra	x13,x27,x15	 x27:0xfffffb57 x15:0x00000000 x13=0xfffffb57
        8975000	       896	80000c1c	00a6ef33	or	x30,x13,x10	 x13:0xfffffb57 x10:0x00000011 x30=0xfffffb57
        8985000	       897	80000c20	00c41613	slli	x12,x8,0xc	  x8:0x00000000 x12=0x00000000
        8995000	       898	80000c24	0195d313	srli	x6,x11,0x19	 x11:0x2bf19000  x6=0x00000015
        9005000	       899	80000c28	01376433	or	x8,x14,x19	 x14:0xfc1ac754 x19:0xfc1acc18  x8=0xfc1acf5c
        9015000	       900	80000c2c	0012d1b3	srl	x3,x5,x1	  x5:0x2c100000  x1:0xc0000000  x3=0x2c100000
        9025000	       901	80000c30	0046f5b3	and	x11,x13,x4	 x13:0xfffffb57  x4:0x000007c1 x11=0x00000341
        9035000	       902	80000c34	bc6e8f13	addi	x30,x29,-1082	 x29:0x4b3ef000 x30=0x4b3eebc6
        9045000	       903	80000c38	af60b893	sltiu	x17,x1,-1290	  x1:0xc0000000 x17=0x00000001
        9055000	       904	80000c3c	03ef9863	bne	x31,x30,80000c6c	 x31:0x00000000 x30:0x4b3eebc6
        9065000	       905	00000000	00000013	addi	x0,x0,0	  x0:0x00000000
        9075000	       906	80000c68	00000013	addi	x0,x0,0	  x0:0x00000000
        9085000	       907	80000c6c	01d19c63	bne	x3,x29,80000c84	  x3:0x2c100000 x29:0x4b3ef000
        9095000	       908	00000000	00000013	addi	x0,x0,0	  x0:0x00000000
        9105000	       909	80000c80	00000013	addi	x0,x0,0	  x0:0x00000000
        9115000	       910	80000c84	9eb36917	auipc	x18,0x9eb36	 x18=0x1eb36c80
        9125000	       911	80000c88	01bc78b3	and	x17,x24,x27	 x24:0x80009fc4 x27:0xfffffb57 x17=0x80009b44
        9135000	       912	80000c8c	e97ab417	auipc	x8,0xe97ab	  x8=0x697abc88
        9145000	       913	80000c90	a26efe93	andi	x29,x29,-1498	 x29:0x4b3ef000 x29=0x4b3ef000
        9155000	       914	80000c94	40deda93	srai	x21,x29,0xd	 x29:0x4b3ef000 x21=0x000259f7
        9165000	       915	80000c98	05b6e063	bltu	x13,x27,80000cd8	 x13:0xfffffb57 x27:0xfffffb57
        9175000	       916	80000c9c	400ed393	srai	x7,x29,0x0	 x29:0x4b3ef000  x7=0x4b3ef000
        9185000	       917	80000ca0	3375fc93	andi	x25,x11,823	 x11:0x00000341 x25=0x00000301
        9195000	       918	80000ca4	17fc7697	auipc	x13,0x17fc7	 x13=0x97fc7ca0
        9205000	       919	80000ca8	0062f263	bgeu	x5,x6,80000cac	  x5:0x2c100000  x6:0x00000015
        9215000	       920	00000000	00000013	addi	x0,x0,0	  x0:0x00000000
        9225000	       921	80000ca8	00000013	addi	x0,x0,0	  x0:0x00000000
        9235000	       922	80000cac	010b7d33	and	x26,x22,x16	 x22:0xffffffff x16:0xf6f14284 x26=0xf6f14284
        9245000	       923	80000cb0	03720a63	beq	x4,x23,80000ce4	  x4:0x000007c1 x23:0x00000000
        9255000	       924	80000cb4	41c50f33	sub	x30,x10,x28	 x10:0x00000011 x28:0x80009f84 x30=0x7fff608d
        9265000	       925	80000cb8	006ae663	bltu	x21,x6,80000cc4	 x21:0x000259f7  x6:0x00000015
        9275000	       926	80000cbc	00000013	addi	x0,x0,0	  x0:0x00000000
        9285000	       927	80000cc0	cdd94bb7	lui	x23,0xcdd94	 x23=0xcdd94000
        9295000	       928	80000cc4	004da833	slt	x16,x27,x4	 x27:0xfffffb57  x4:0x000007c1 x16=0x00000001
        9305000	       929	80000cc8	014f4c63	blt	x30,x20,80000ce0	 x30:0x7fff608d x20:0xfffffad5
        9315000	       930	80000ccc	015bd013	srli	x0,x23,0x15	 x23:0xcdd94000
        9325000	       931	80000cd0	edf11997	auipc	x19,0xedf11	 x19=0x6df11ccc
        9335000	       932	80000cd4	00c2e7b3	or	x15,x5,x12	  x5:0x2c100000 x12:0x00000000 x15=0x2c100000
        9345000	       933	80000cd8	014bf933	and	x18,x23,x20	 x23:0xcdd94000 x20:0xfffffad5 x18=0xcdd94000
        9355000	       934	80000cdc	41e084b3	sub	x9,x1,x30	  x1:0xc0000000 x30:0x7fff608d  x9=0x40009f73
        9365000	       935	80000ce0	00e756b3	srl	x13,x14,x14	 x14:0xfc1ac754 x14:0xfc1ac754 x13=0x00000fc1
        9375000	       936	80000ce4	00000013	addi	x0,x0,0	  x0:0x00000000
        9385000	       937	80000ce8	01b865b3	or	x11,x16,x27	 x16:0x00000001 x27:0xfffffb57 x11=0xfffffb57
        9395000	       938	80000cec	034ff863	bgeu	x31,x20,80000d1c	 x31:0x00000000 x20:0xfffffad5
        9405000	       939	80000cf0	046e0d13	addi	x26,x28,70	 x28:0x80009f84 x26=0x80009fca
        9415000	       940	80000cf4	2a487597	auipc	x11,0x2a487	 x11=0xaa487cf0
        9425000	       941	80000cf8	01591cb3	sll	x25,x18,x21	 x18:0xcdd94000 x21:0x000259f7 x25=0x00000000
        9435000	       942	80000cfc	ff74ea13	ori	x20,x9,-9	  x9:0x40009f73 x20=0xfffffff7
        9445000	       943	80000d00	67ecf293	andi	x5,x25,1662	 x25:0x00000000  x5=0x00000000
        9455000	       944	80000d04	408a8133	sub	x2,x21,x8	 x21:0x000259f7  x8:0x697abc88  x2=0x96879d6f
        9465000	       945	80000d08	03c4f863	bgeu	x9,x28,80000d38	  x9:0x40009f73 x28:0x80009f84
        9475000	       946	80000d0c	34776f37	lui	x30,0x34776	 x30=0x34776000
        9485000	       947	80000d10	00000013	addi	x0,x0,0	  x0:0x00000000
        9495000	       948	80000d14	415c5d33	sra	x26,x24,x21	 x24:0x80009fc4 x21:0x000259f7 x26=0xffffff00
        9505000	       949	80000d18	00bb4b33	xor	x22,x22,x11	 x22:0xffffffff x11:0xaa487cf0 x22=0x55b7830f
        9515000	       950	80000d1c	c3578493	addi	x9,x15,-971	 x15:0x2c100000  x9=0x2c0ffc35
        9525000	       951	80000d20	c28fc517	auipc	x10,0xc28fc	 x10=0x428fcd1c
        9535000	       952	80000d24	cbef0813	addi	x16,x30,-834	 x30:0x34776000 x16=0x34775cbe
        9545000	       953	80000d28	9796cb37	lui	x22,0x9796c	 x22=0x9796c000
        9555000	       954	80000d2c	002575b3	and	x11,x10,x2	 x10:0x428fcd1c  x2:0x96879d6f x11=0x02878d0c
        9565000	       955	80000d30	9f648313	addi	x6,x9,-1546	  x9:0x2c0ffc35  x6=0x2c0ff62b
        9575000	       956	80000d34	e31e8893	addi	x17,x29,-463	 x29:0x4b3ef000 x17=0x4b3eee31
        9585000	       957	80000d38	097c8063	beq	x25,x23,80000db8	 x25:0x00000000 x23:0xcdd94000
        9595000	       958	80000d3c	001477b3	and	x15,x8,x1	  x8:0x697abc88  x1:0xc0000000 x15=0x40000000
        9605000	       959	80000d40	6ebc7613	andi	x12,x24,1771	 x24:0x80009fc4 x12=0x000006c0
        9615000	       960	80000d44	40305b13	srai	x22,x0,0x3	  x0:0x00000000 x22=0x00000000
        9625000	       961	80000d48	01efc233	xor	x4,x31,x30	 x31:0x00000000 x30:0x34776000  x4=0x34776000
        9635000	       962	80000d4c	00002197	auipc	x3,0x2	  x3=0x80002d48
        9645000	       963	80000d50	0f418193	addi	x3,x3,244	  x3:0x80002d48  x3=0x80002e3c
        9655000	       964	80000d54	3b35b4b7	lui	x9,0x3b35b	  x9=0x3b35b000
        9665000	       965	80000d58	01c9b933	sltu	x18,x19,x28	 x19:0x6df11ccc x28:0x80009f84 x18=0x00000001
        9675000	       966	80000d5c	01c915b3	sll	x11,x18,x28	 x18:0x00000001 x28:0x80009f84 x11=0x00000010
        9685000	       967	80000d60	40175593	srai	x11,x14,0x1	 x14:0xfc1ac754 x11=0xfe0d63aa
        9695000	       968	80000d64	016219b3	sll	x19,x4,x22	  x4:0x34776000 x22:0x00000000 x19=0x34776000
        9705000	       969	80000d68	a5893337	lui	x6,0xa5893	  x6=0xa5893000
        9715000	       970	80000d6c	e4c18193	addi	x3,x3,-436	  x3:0x80002e3c  x3=0x80002c88
        9725000	       971	80000d70	00804463	blt	x0,x8,80000d78	  x0:0x00000000  x8:0x697abc88
        9735000	       972	00000000	00000013	addi	x0,x0,0	  x0:0x00000000
        9745000	       973	80000d74	00000013	addi	x0,x0,0	  x0:0x00000000
        9755000	       974	80000d78	1b518267	jalr	x4,x3,437	  x3:0x80002c88  x4=0x80000d78
        9765000	       975	00000000	00000013	addi	x0,x0,0	  x0:0x00000000
        9775000	       976	80002e3c	00000013	addi	x0,x0,0	  x0:0x00000000
        9785000	       977	80002e40	01c87863	bgeu	x16,x28,80002e50	 x16:0x34775cbe x28:0x80009f84
        9795000	       978	80002e44	00466993	ori	x19,x12,4	 x12:0x000006c0 x19=0x000006c4
        9805000	       979	80002e48	01189993	slli	x19,x17,0x11	 x17:0x4b3eee31 x19=0xdc620000
        9815000	       980	80002e4c	001ca533	slt	x10,x25,x1	 x25:0x00000000  x1:0xc0000000 x10=0x00000000
        9825000	       981	80002e50	fece0e13	addi	x28,x28,-20	 x28:0x80009f84 x28=0x80009f70
        9835000	       982	80002e54	a74e7b93	andi	x23,x28,-1420	 x28:0x80009f70 x23=0x80009a70
        9845000	       983	80002e58	00a8db93	srli	x23,x17,0xa	 x17:0x4b3eee31 x23=0x0012cfbb
        9855000	       984	80002e5c	004e2223	sw	x4,4(x28)	 x28:0x80009f70  x4:0x80000d78 PA:0x80009f74
        9865000	       985	80002e60	0051e4b3	or	x9,x3,x5	  x3:0x80002c88  x5:0x00000000  x9=0x80002c88
        9875000	       986	80002e64	005652b3	srl	x5,x12,x5	 x12:0x000006c0  x5:0x00000000  x5=0x000006c0
        9885000	       987	80002e68	0147db33	srl	x22,x15,x20	 x15:0x40000000 x20:0xfffffff7 x22=0x00000080
        9895000	       988	80002e6c	00519a63	bne	x3,x5,80002e80	  x3:0x80002c88  x5:0x000006c0
        9905000	       989	00000000	00000013	addi	x0,x0,0	  x0:0x00000000
        9915000	       990	80002e7c	00000013	addi	x0,x0,0	  x0:0x00000000
        9925000	       991	80002e80	aa1fe26f	jal	x4,80002e80	  x4=0x80002e80
        9935000	       992	00000000	00000013	addi	x0,x0,0	  x0:0x00000000
        9945000	       993	8000191c	00000013	addi	x0,x0,0	  x0:0x00000000
        9955000	       994	80001920	a9f53a13	sltiu	x20,x10,-1377	 x10:0x00000000 x20=0x00000001
        9965000	       995	80001924	00f9ecb3	or	x25,x19,x15	 x19:0xdc620000 x15:0x40000000 x25=0xdc620000
        9975000	       996	80001928	e0a1e993	ori	x19,x3,-502	  x3:0x80002c88 x19=0xfffffe8a
        9985000	       997	8000192c	017c9a93	slli	x21,x25,0x17	 x25:0xdc620000 x21=0x00000000
        9995000	       998	80001930	ff0e0e13	addi	x28,x28,-16	 x28:0x80009f70 x28=0x80009f60
       10005000	       999	80001934	004e2223	sw	x4,4(x28)	 x28:0x80009f60  x4:0x80002e80 PA:0x80009f64
       10015000	      1000	80001938	011cfbb3	and	x23,x25,x17	 x25:0xdc620000 x17:0x4b3eee31 x23=0x48220000
       10025000	      1001	8000193c	ffb00793	addi	x15,x0,-5	  x0:0x00000000 x15=0xfffffffb
       10035000	      1002	80001940	00051513	slli	x10,x10,0x0	 x10:0x00000000 x10=0x00000000
       10045000	      1003	80001944	0038c633	xor	x12,x17,x3	 x17:0x4b3eee31  x3:0x80002c88 x12=0xcb3ec2b9
       10055000	      1004	80001948	000529b3	slt	x19,x10,x0	 x10:0x00000000  x0:0x00000000 x19=0x00000000
       10065000	      1005	8000194c	004f9a13	slli	x20,x31,0x4	 x31:0x00000000 x20=0x00000000
       10075000	      1006	80001950	ffc00893	addi	x17,x0,-4	  x0:0x00000000 x17=0xfffffffc
       10085000	      1007	80001954	412181b3	sub	x3,x3,x18	  x3:0x80002c88 x18:0x00000001  x3=0x80002c87
       10095000	      1008	80001958	c61d6313	ori	x6,x26,-927	 x26:0xffffff00  x6=0xffffff61
       10105000	      1009	8000195c	1a9af313	andi	x6,x21,425	 x21:0x00000000  x6=0x00000000
       10115000	      1010	80001960	40dfd113	srai	x2,x31,0xd	 x31:0x00000000  x2=0x00000000
       10125000	      1011	80001964	81983213	sltiu	x4,x16,-2023	 x16:0x34775cbe  x4=0x00000001
       10135000	      1012	80001968	00da5b13	srli	x22,x20,0xd	 x20:0x00000000 x22=0x00000000
       10145000	      1013	8000196c	0193d193	srli	x3,x7,0x19	  x7:0x4b3ef000  x3=0x00000025
       10155000	      1014	80001970	04c7cd97	auipc	x27,0x4c7c	 x27=0x84c7d96c
       10165000	      1015	80001974	00ca2b33	slt	x22,x20,x12	 x20:0x00000000 x12:0xcb3ec2b9 x22=0x00000000
       10175000	      1016	80001978	8c62b513	sltiu	x10,x5,-1850	  x5:0x000006c0 x10=0x00000001
       10185000	      1017	8000197c	00178793	addi	x15,x15,1	 x15:0xfffffffb x15=0xfffffffc
       10195000	      1018	80001980	4b973b93	sltiu	x23,x14,1209	 x14:0xfc1ac754 x23=0x00000000
       10205000	      1019	80001984	0143f6b3	and	x13,x7,x20	  x7:0x4b3ef000 x20:0x00000000 x13=0x00000000
       10215000	      1020	80001988	52deca37	lui	x20,0x52dec	 x20=0x52dec000
       10225000	      1021	8000198c	001b4eb3	xor	x29,x22,x1	 x22:0x00000000  x1:0xc0000000 x29=0xc0000000
       10235000	      1022	80001990	b05de313	ori	x6,x27,-1275	 x27:0x84c7d96c  x6=0xfffffb6d
       10245000	      1023	80001994	99bf7513	andi	x10,x30,-1637	 x30:0x34776000 x10=0x34776000
       10255000	      1024	80001998	6989f393	andi	x7,x19,1688	 x19:0x00000000  x7=0x00000000
       10265000	      1025	8000199c	bb74d437	lui	x8,0xbb74d	  x8=0xbb74d000
       10275000	      1026	800019a0	8943ea93	ori	x21,x7,-1900	  x7:0x00000000 x21=0xfffff894
       10285000	      1027	800019a4	fb17cae3	blt	x15,x17,80001958	 x15:0xfffffffc x17:0xfffffffc
       10295000	      1028	800019a8	00000013	addi	x0,x0,0	  x0:0x00000000
       10305000	      1029	800019ac	00300f13	addi	x30,x0,3	  x0:0x00000000 x30=0x00000003
       10315000	      1030	800019b0	ff900413	addi	x8,x0,-7	  x0:0x00000000  x8=0xfffffff9
       10325000	      1031	800019b4	01b623b3	slt	x7,x12,x27	 x12:0xcb3ec2b9 x27:0x84c7d96c  x7=0x00000000
       10335000	      1032	800019b8	015cecb3	or	x25,x25,x21	 x25:0xdc620000 x21:0xfffff894 x25=0xfffff894
       10345000	      1033	800019bc	ff6f0f13	addi	x30,x30,-10	 x30:0x00000003 x30=0xfffffff9
       10355000	      1034	800019c0	00200e93	addi	x29,x0,2	  x0:0x00000000 x29=0x00000002
       10365000	      1035	800019c4	fec00d13	addi	x26,x0,-20	  x0:0x00000000 x26=0xffffffec
       10375000	      1036	800019c8	00dea933	slt	x18,x29,x13	 x29:0x00000002 x13:0x00000000 x18=0x00000000
       10385000	      1037	800019cc	fffe8e93	addi	x29,x29,-1	 x29:0x00000002 x29=0x00000001
       10395000	      1038	800019d0	002489b3	add	x19,x9,x2	  x9:0x80002c88  x2:0x00000000 x19=0x80002c88
       10405000	      1039	800019d4	40a853b3	sra	x7,x16,x10	 x16:0x34775cbe x10:0x34776000  x7=0x34775cbe
       10415000	      1040	800019d8	ffaed8e3	bge	x29,x26,800019c8	 x29:0x00000001 x26:0xffffffec
       10425000	      1041	00000000	00000013	addi	x0,x0,0	  x0:0x00000000
       10435000	      1042	800019c4	00000013	addi	x0,x0,0	  x0:0x00000000
       10445000	      1043	800019c8	00dea933	slt	x18,x29,x13	 x29:0x00000001 x13:0x00000000 x18=0x00000000
       10455000	      1044	800019cc	fffe8e93	addi	x29,x29,-1	 x29:0x00000001 x29=0x00000000
       10465000	      1045	800019d0	002489b3	add	x19,x9,x2	  x9:0x80002c88  x2:0x00000000 x19=0x80002c88
       10475000	      1046	800019d4	40a853b3	sra	x7,x16,x10	 x16:0x34775cbe x10:0x34776000  x7=0x34775cbe
       10485000	      1047	800019d8	ffaed8e3	bge	x29,x26,800019c8	 x29:0x00000000 x26:0xffffffec
       10495000	      1048	00000000	00000013	addi	x0,x0,0	  x0:0x00000000
       10505000	      1049	800019c4	00000013	addi	x0,x0,0	  x0:0x00000000
       10515000	      1050	800019c8	00dea933	slt	x18,x29,x13	 x29:0x00000000 x13:0x00000000 x18=0x00000000
       10525000	      1051	800019cc	fffe8e93	addi	x29,x29,-1	 x29:0x00000000 x29=0xffffffff
       10535000	      1052	800019d0	002489b3	add	x19,x9,x2	  x9:0x80002c88  x2:0x00000000 x19=0x80002c88
       10545000	      1053	800019d4	40a853b3	sra	x7,x16,x10	 x16:0x34775cbe x10:0x34776000  x7=0x34775cbe
       10555000	      1054	800019d8	ffaed8e3	bge	x29,x26,800019c8	 x29:0xffffffff x26:0xffffffec
       10565000	      1055	00000000	00000013	addi	x0,x0,0	  x0:0x00000000
       10575000	      1056	800019c4	00000013	addi	x0,x0,0	  x0:0x00000000
       10585000	      1057	800019c8	00dea933	slt	x18,x29,x13	 x29:0xffffffff x13:0x00000000 x18=0x00000001
       10595000	      1058	800019cc	fffe8e93	addi	x29,x29,-1	 x29:0xffffffff x29=0xfffffffe
       10605000	      1059	800019d0	002489b3	add	x19,x9,x2	  x9:0x80002c88  x2:0x00000000 x19=0x80002c88
       10615000	      1060	800019d4	40a853b3	sra	x7,x16,x10	 x16:0x34775cbe x10:0x34776000  x7=0x34775cbe
       10625000	      1061	800019d8	ffaed8e3	bge	x29,x26,800019c8	 x29:0xfffffffe x26:0xffffffec
       10635000	      1062	00000000	00000013	addi	x0,x0,0	  x0:0x00000000
       10645000	      1063	800019c4	00000013	addi	x0,x0,0	  x0:0x00000000
       10655000	      1064	800019c8	00dea933	slt	x18,x29,x13	 x29:0xfffffffe x13:0x00000000 x18=0x00000001
       10665000	      1065	800019cc	fffe8e93	addi	x29,x29,-1	 x29:0xfffffffe x29=0xfffffffd
       10675000	      1066	800019d0	002489b3	add	x19,x9,x2	  x9:0x80002c88  x2:0x00000000 x19=0x80002c88
       10685000	      1067	800019d4	40a853b3	sra	x7,x16,x10	 x16:0x34775cbe x10:0x34776000  x7=0x34775cbe
       10695000	      1068	800019d8	ffaed8e3	bge	x29,x26,800019c8	 x29:0xfffffffd x26:0xffffffec
       10705000	      1069	00000000	00000013	addi	x0,x0,0	  x0:0x00000000
       10715000	      1070	800019c4	00000013	addi	x0,x0,0	  x0:0x00000000
       10725000	      1071	800019c8	00dea933	slt	x18,x29,x13	 x29:0xfffffffd x13:0x00000000 x18=0x00000001
       10735000	      1072	800019cc	fffe8e93	addi	x29,x29,-1	 x29:0xfffffffd x29=0xfffffffc
       10745000	      1073	800019d0	002489b3	add	x19,x9,x2	  x9:0x80002c88  x2:0x00000000 x19=0x80002c88
       10755000	      1074	800019d4	40a853b3	sra	x7,x16,x10	 x16:0x34775cbe x10:0x34776000  x7=0x34775cbe
       10765000	      1075	800019d8	ffaed8e3	bge	x29,x26,800019c8	 x29:0xfffffffc x26:0xffffffec
       10775000	      1076	00000000	00000013	addi	x0,x0,0	  x0:0x00000000
       10785000	      1077	800019c4	00000013	addi	x0,x0,0	  x0:0x00000000
       10795000	      1078	800019c8	00dea933	slt	x18,x29,x13	 x29:0xfffffffc x13:0x00000000 x18=0x00000001
       10805000	      1079	800019cc	fffe8e93	addi	x29,x29,-1	 x29:0xfffffffc x29=0xfffffffb
       10815000	      1080	800019d0	002489b3	add	x19,x9,x2	  x9:0x80002c88  x2:0x00000000 x19=0x80002c88
       10825000	      1081	800019d4	40a853b3	sra	x7,x16,x10	 x16:0x34775cbe x10:0x34776000  x7=0x34775cbe
       10835000	      1082	800019d8	ffaed8e3	bge	x29,x26,800019c8	 x29:0xfffffffb x26:0xffffffec
       10845000	      1083	00000000	00000013	addi	x0,x0,0	  x0:0x00000000
       10855000	      1084	800019c4	00000013	addi	x0,x0,0	  x0:0x00000000
       10865000	      1085	800019c8	00dea933	slt	x18,x29,x13	 x29:0xfffffffb x13:0x00000000 x18=0x00000001
       10875000	      1086	800019cc	fffe8e93	addi	x29,x29,-1	 x29:0xfffffffb x29=0xfffffffa
       10885000	      1087	800019d0	002489b3	add	x19,x9,x2	  x9:0x80002c88  x2:0x00000000 x19=0x80002c88
       10895000	      1088	800019d4	40a853b3	sra	x7,x16,x10	 x16:0x34775cbe x10:0x34776000  x7=0x34775cbe
       10905000	      1089	800019d8	ffaed8e3	bge	x29,x26,800019c8	 x29:0xfffffffa x26:0xffffffec
       10915000	      1090	00000000	00000013	addi	x0,x0,0	  x0:0x00000000
       10925000	      1091	800019c4	00000013	addi	x0,x0,0	  x0:0x00000000
       10935000	      1092	800019c8	00dea933	slt	x18,x29,x13	 x29:0xfffffffa x13:0x00000000 x18=0x00000001
       10945000	      1093	800019cc	fffe8e93	addi	x29,x29,-1	 x29:0xfffffffa x29=0xfffffff9
       10955000	      1094	800019d0	002489b3	add	x19,x9,x2	  x9:0x80002c88  x2:0x00000000 x19=0x80002c88
       10965000	      1095	800019d4	40a853b3	sra	x7,x16,x10	 x16:0x34775cbe x10:0x34776000  x7=0x34775cbe
       10975000	      1096	800019d8	ffaed8e3	bge	x29,x26,800019c8	 x29:0xfffffff9 x26:0xffffffec
       10985000	      1097	00000000	00000013	addi	x0,x0,0	  x0:0x00000000
       10995000	      1098	800019c4	00000013	addi	x0,x0,0	  x0:0x00000000
       11005000	      1099	800019c8	00dea933	slt	x18,x29,x13	 x29:0xfffffff9 x13:0x00000000 x18=0x00000001
       11015000	      1100	800019cc	fffe8e93	addi	x29,x29,-1	 x29:0xfffffff9 x29=0xfffffff8
       11025000	      1101	800019d0	002489b3	add	x19,x9,x2	  x9:0x80002c88  x2:0x00000000 x19=0x80002c88
       11035000	      1102	800019d4	40a853b3	sra	x7,x16,x10	 x16:0x34775cbe x10:0x34776000  x7=0x34775cbe
       11045000	      1103	800019d8	ffaed8e3	bge	x29,x26,800019c8	 x29:0xfffffff8 x26:0xffffffec
       11055000	      1104	00000000	00000013	addi	x0,x0,0	  x0:0x00000000
       11065000	      1105	800019c4	00000013	addi	x0,x0,0	  x0:0x00000000
       11075000	      1106	800019c8	00dea933	slt	x18,x29,x13	 x29:0xfffffff8 x13:0x00000000 x18=0x00000001
       11085000	      1107	800019cc	fffe8e93	addi	x29,x29,-1	 x29:0xfffffff8 x29=0xfffffff7
       11095000	      1108	800019d0	002489b3	add	x19,x9,x2	  x9:0x80002c88  x2:0x00000000 x19=0x80002c88
       11105000	      1109	800019d4	40a853b3	sra	x7,x16,x10	 x16:0x34775cbe x10:0x34776000  x7=0x34775cbe
       11115000	      1110	800019d8	ffaed8e3	bge	x29,x26,800019c8	 x29:0xfffffff7 x26:0xffffffec
       11125000	      1111	00000000	00000013	addi	x0,x0,0	  x0:0x00000000
       11135000	      1112	800019c4	00000013	addi	x0,x0,0	  x0:0x00000000
       11145000	      1113	800019c8	00dea933	slt	x18,x29,x13	 x29:0xfffffff7 x13:0x00000000 x18=0x00000001
       11155000	      1114	800019cc	fffe8e93	addi	x29,x29,-1	 x29:0xfffffff7 x29=0xfffffff6
       11165000	      1115	800019d0	002489b3	add	x19,x9,x2	  x9:0x80002c88  x2:0x00000000 x19=0x80002c88
       11175000	      1116	800019d4	40a853b3	sra	x7,x16,x10	 x16:0x34775cbe x10:0x34776000  x7=0x34775cbe
       11185000	      1117	800019d8	ffaed8e3	bge	x29,x26,800019c8	 x29:0xfffffff6 x26:0xffffffec
       11195000	      1118	00000000	00000013	addi	x0,x0,0	  x0:0x00000000
       11205000	      1119	800019c4	00000013	addi	x0,x0,0	  x0:0x00000000
       11215000	      1120	800019c8	00dea933	slt	x18,x29,x13	 x29:0xfffffff6 x13:0x00000000 x18=0x00000001
       11225000	      1121	800019cc	fffe8e93	addi	x29,x29,-1	 x29:0xfffffff6 x29=0xfffffff5
       11235000	      1122	800019d0	002489b3	add	x19,x9,x2	  x9:0x80002c88  x2:0x00000000 x19=0x80002c88
       11245000	      1123	800019d4	40a853b3	sra	x7,x16,x10	 x16:0x34775cbe x10:0x34776000  x7=0x34775cbe
       11255000	      1124	800019d8	ffaed8e3	bge	x29,x26,800019c8	 x29:0xfffffff5 x26:0xffffffec
       11265000	      1125	00000000	00000013	addi	x0,x0,0	  x0:0x00000000
       11275000	      1126	800019c4	00000013	addi	x0,x0,0	  x0:0x00000000
       11285000	      1127	800019c8	00dea933	slt	x18,x29,x13	 x29:0xfffffff5 x13:0x00000000 x18=0x00000001
       11295000	      1128	800019cc	fffe8e93	addi	x29,x29,-1	 x29:0xfffffff5 x29=0xfffffff4
       11305000	      1129	800019d0	002489b3	add	x19,x9,x2	  x9:0x80002c88  x2:0x00000000 x19=0x80002c88
       11315000	      1130	800019d4	40a853b3	sra	x7,x16,x10	 x16:0x34775cbe x10:0x34776000  x7=0x34775cbe
       11325000	      1131	800019d8	ffaed8e3	bge	x29,x26,800019c8	 x29:0xfffffff4 x26:0xffffffec
       11335000	      1132	00000000	00000013	addi	x0,x0,0	  x0:0x00000000
       11345000	      1133	800019c4	00000013	addi	x0,x0,0	  x0:0x00000000
       11355000	      1134	800019c8	00dea933	slt	x18,x29,x13	 x29:0xfffffff4 x13:0x00000000 x18=0x00000001
       11365000	      1135	800019cc	fffe8e93	addi	x29,x29,-1	 x29:0xfffffff4 x29=0xfffffff3
       11375000	      1136	800019d0	002489b3	add	x19,x9,x2	  x9:0x80002c88  x2:0x00000000 x19=0x80002c88
       11385000	      1137	800019d4	40a853b3	sra	x7,x16,x10	 x16:0x34775cbe x10:0x34776000  x7=0x34775cbe
       11395000	      1138	800019d8	ffaed8e3	bge	x29,x26,800019c8	 x29:0xfffffff3 x26:0xffffffec
       11405000	      1139	00000000	00000013	addi	x0,x0,0	  x0:0x00000000
       11415000	      1140	800019c4	00000013	addi	x0,x0,0	  x0:0x00000000
       11425000	      1141	800019c8	00dea933	slt	x18,x29,x13	 x29:0xfffffff3 x13:0x00000000 x18=0x00000001
       11435000	      1142	800019cc	fffe8e93	addi	x29,x29,-1	 x29:0xfffffff3 x29=0xfffffff2
       11445000	      1143	800019d0	002489b3	add	x19,x9,x2	  x9:0x80002c88  x2:0x00000000 x19=0x80002c88
       11455000	      1144	800019d4	40a853b3	sra	x7,x16,x10	 x16:0x34775cbe x10:0x34776000  x7=0x34775cbe
       11465000	      1145	800019d8	ffaed8e3	bge	x29,x26,800019c8	 x29:0xfffffff2 x26:0xffffffec
       11475000	      1146	00000000	00000013	addi	x0,x0,0	  x0:0x00000000
       11485000	      1147	800019c4	00000013	addi	x0,x0,0	  x0:0x00000000
       11495000	      1148	800019c8	00dea933	slt	x18,x29,x13	 x29:0xfffffff2 x13:0x00000000 x18=0x00000001
       11505000	      1149	800019cc	fffe8e93	addi	x29,x29,-1	 x29:0xfffffff2 x29=0xfffffff1
       11515000	      1150	800019d0	002489b3	add	x19,x9,x2	  x9:0x80002c88  x2:0x00000000 x19=0x80002c88
       11525000	      1151	800019d4	40a853b3	sra	x7,x16,x10	 x16:0x34775cbe x10:0x34776000  x7=0x34775cbe
       11535000	      1152	800019d8	ffaed8e3	bge	x29,x26,800019c8	 x29:0xfffffff1 x26:0xffffffec
       11545000	      1153	00000000	00000013	addi	x0,x0,0	  x0:0x00000000
       11555000	      1154	800019c4	00000013	addi	x0,x0,0	  x0:0x00000000
       11565000	      1155	800019c8	00dea933	slt	x18,x29,x13	 x29:0xfffffff1 x13:0x00000000 x18=0x00000001
       11575000	      1156	800019cc	fffe8e93	addi	x29,x29,-1	 x29:0xfffffff1 x29=0xfffffff0
       11585000	      1157	800019d0	002489b3	add	x19,x9,x2	  x9:0x80002c88  x2:0x00000000 x19=0x80002c88
       11595000	      1158	800019d4	40a853b3	sra	x7,x16,x10	 x16:0x34775cbe x10:0x34776000  x7=0x34775cbe
       11605000	      1159	800019d8	ffaed8e3	bge	x29,x26,800019c8	 x29:0xfffffff0 x26:0xffffffec
       11615000	      1160	00000000	00000013	addi	x0,x0,0	  x0:0x00000000
       11625000	      1161	800019c4	00000013	addi	x0,x0,0	  x0:0x00000000
       11635000	      1162	800019c8	00dea933	slt	x18,x29,x13	 x29:0xfffffff0 x13:0x00000000 x18=0x00000001
       11645000	      1163	800019cc	fffe8e93	addi	x29,x29,-1	 x29:0xfffffff0 x29=0xffffffef
       11655000	      1164	800019d0	002489b3	add	x19,x9,x2	  x9:0x80002c88  x2:0x00000000 x19=0x80002c88
       11665000	      1165	800019d4	40a853b3	sra	x7,x16,x10	 x16:0x34775cbe x10:0x34776000  x7=0x34775cbe
       11675000	      1166	800019d8	ffaed8e3	bge	x29,x26,800019c8	 x29:0xffffffef x26:0xffffffec
       11685000	      1167	00000000	00000013	addi	x0,x0,0	  x0:0x00000000
       11695000	      1168	800019c4	00000013	addi	x0,x0,0	  x0:0x00000000
       11705000	      1169	800019c8	00dea933	slt	x18,x29,x13	 x29:0xffffffef x13:0x00000000 x18=0x00000001
       11715000	      1170	800019cc	fffe8e93	addi	x29,x29,-1	 x29:0xffffffef x29=0xffffffee
       11725000	      1171	800019d0	002489b3	add	x19,x9,x2	  x9:0x80002c88  x2:0x00000000 x19=0x80002c88
       11735000	      1172	800019d4	40a853b3	sra	x7,x16,x10	 x16:0x34775cbe x10:0x34776000  x7=0x34775cbe
       11745000	      1173	800019d8	ffaed8e3	bge	x29,x26,800019c8	 x29:0xffffffee x26:0xffffffec
       11755000	      1174	00000000	00000013	addi	x0,x0,0	  x0:0x00000000
       11765000	      1175	800019c4	00000013	addi	x0,x0,0	  x0:0x00000000
       11775000	      1176	800019c8	00dea933	slt	x18,x29,x13	 x29:0xffffffee x13:0x00000000 x18=0x00000001
       11785000	      1177	800019cc	fffe8e93	addi	x29,x29,-1	 x29:0xffffffee x29=0xffffffed
       11795000	      1178	800019d0	002489b3	add	x19,x9,x2	  x9:0x80002c88  x2:0x00000000 x19=0x80002c88
       11805000	      1179	800019d4	40a853b3	sra	x7,x16,x10	 x16:0x34775cbe x10:0x34776000  x7=0x34775cbe
       11815000	      1180	800019d8	ffaed8e3	bge	x29,x26,800019c8	 x29:0xffffffed x26:0xffffffec
       11825000	      1181	00000000	00000013	addi	x0,x0,0	  x0:0x00000000
       11835000	      1182	800019c4	00000013	addi	x0,x0,0	  x0:0x00000000
       11845000	      1183	800019c8	00dea933	slt	x18,x29,x13	 x29:0xffffffed x13:0x00000000 x18=0x00000001
       11855000	      1184	800019cc	fffe8e93	addi	x29,x29,-1	 x29:0xffffffed x29=0xffffffec
       11865000	      1185	800019d0	002489b3	add	x19,x9,x2	  x9:0x80002c88  x2:0x00000000 x19=0x80002c88
       11875000	      1186	800019d4	40a853b3	sra	x7,x16,x10	 x16:0x34775cbe x10:0x34776000  x7=0x34775cbe
       11885000	      1187	800019d8	ffaed8e3	bge	x29,x26,800019c8	 x29:0xffffffec x26:0xffffffec
       11895000	      1188	00000000	00000013	addi	x0,x0,0	  x0:0x00000000
       11905000	      1189	800019c4	00000013	addi	x0,x0,0	  x0:0x00000000
       11915000	      1190	800019c8	00dea933	slt	x18,x29,x13	 x29:0xffffffec x13:0x00000000 x18=0x00000001
       11925000	      1191	800019cc	fffe8e93	addi	x29,x29,-1	 x29:0xffffffec x29=0xffffffeb
       11935000	      1192	800019d0	002489b3	add	x19,x9,x2	  x9:0x80002c88  x2:0x00000000 x19=0x80002c88
       11945000	      1193	800019d4	40a853b3	sra	x7,x16,x10	 x16:0x34775cbe x10:0x34776000  x7=0x34775cbe
       11955000	      1194	800019d8	ffaed8e3	bge	x29,x26,800019c8	 x29:0xffffffeb x26:0xffffffec
       11965000	      1195	800019dc	0050d693	srli	x13,x1,0x5	  x1:0xc0000000 x13=0x06000000
       11975000	      1196	800019e0	fc8f1ae3	bne	x30,x8,800019b4	 x30:0xfffffff9  x8:0xfffffff9
       11985000	      1197	800019e4	c2470513	addi	x10,x14,-988	 x14:0xfc1ac754 x10=0xfc1ac378
       11995000	      1198	800019e8	ffd00a13	addi	x20,x0,-3	  x0:0x00000000 x20=0xfffffffd
       12005000	      1199	800019ec	3a132a93	slti	x21,x6,929	  x6:0xfffffb6d x21=0x00000001
       12015000	      1200	800019f0	00000013	addi	x0,x0,0	  x0:0x00000000
       12025000	      1201	800019f4	41588433	sub	x8,x17,x21	 x17:0xfffffffc x21:0x00000001  x8=0xfffffffb
       12035000	      1202	800019f8	ffa00813	addi	x16,x0,-6	  x0:0x00000000 x16=0xfffffffa
       12045000	      1203	800019fc	41acd633	sra	x12,x25,x26	 x25:0xfffff894 x26:0xffffffec x12=0xffffffff
       12055000	      1204	80001a00	ddbe2e97	auipc	x29,0xddbe2	 x29=0x5dbe39fc
       12065000	      1205	80001a04	4188dcb3	sra	x25,x17,x24	 x17:0xfffffffc x24:0x80009fc4 x25=0xffffffff
       12075000	      1206	80001a08	00138033	add	x0,x7,x1	  x7:0x34775cbe  x1:0xc0000000
       12085000	      1207	80001a0c	ffea0a13	addi	x20,x20,-2	 x20:0xfffffffd x20=0xfffffffb
       12095000	      1208	80001a10	01889613	slli	x12,x17,0x18	 x17:0xfffffffc x12=0xfc000000
       12105000	      1209	80001a14	ff0a5ae3	bge	x20,x16,80001a08	 x20:0xfffffffb x16:0xfffffffa
       12115000	      1210	00000000	00000013	addi	x0,x0,0	  x0:0x00000000
       12125000	      1211	80001a04	00000013	addi	x0,x0,0	  x0:0x00000000
       12135000	      1212	80001a08	00138033	add	x0,x7,x1	  x7:0x34775cbe  x1:0xc0000000
       12145000	      1213	80001a0c	ffea0a13	addi	x20,x20,-2	 x20:0xfffffffb x20=0xfffffff9
       12155000	      1214	80001a10	01889613	slli	x12,x17,0x18	 x17:0xfffffffc x12=0xfc000000
       12165000	      1215	80001a14	ff0a5ae3	bge	x20,x16,80001a08	 x20:0xfffffff9 x16:0xfffffffa
       12175000	      1216	80001a18	060121b7	lui	x3,0x6012	  x3=0x06012000
       12185000	      1217	80001a1c	ff600213	addi	x4,x0,-10	  x0:0x00000000  x4=0xfffffff6
       12195000	      1218	80001a20	ff400193	addi	x3,x0,-12	  x0:0x00000000  x3=0xfffffff4
       12205000	      1219	80001a24	00000013	addi	x0,x0,0	  x0:0x00000000
       12215000	      1220	80001a28	fff20213	addi	x4,x4,-1	  x4:0xfffffff6  x4=0xfffffff5
       12225000	      1221	80001a2c	fe325ce3	bge	x4,x3,80001a24	  x4:0xfffffff5  x3:0xfffffff4
       12235000	      1222	00000000	00000013	addi	x0,x0,0	  x0:0x00000000
       12245000	      1223	80001a20	00000013	addi	x0,x0,0	  x0:0x00000000
       12255000	      1224	80001a24	00000013	addi	x0,x0,0	  x0:0x00000000
       12265000	      1225	80001a28	fff20213	addi	x4,x4,-1	  x4:0xfffffff5  x4=0xfffffff4
       12275000	      1226	80001a2c	fe325ce3	bge	x4,x3,80001a24	  x4:0xfffffff4  x3:0xfffffff4
       12285000	      1227	00000000	00000013	addi	x0,x0,0	  x0:0x00000000
       12295000	      1228	80001a20	00000013	addi	x0,x0,0	  x0:0x00000000
       12305000	      1229	80001a24	00000013	addi	x0,x0,0	  x0:0x00000000
       12315000	      1230	80001a28	fff20213	addi	x4,x4,-1	  x4:0xfffffff4  x4=0xfffffff3
       12325000	      1231	80001a2c	fe325ce3	bge	x4,x3,80001a24	  x4:0xfffffff3  x3:0xfffffff4
       12335000	      1232	80001a30	0168d3b3	srl	x7,x17,x22	 x17:0xfffffffc x22:0x00000000  x7=0xfffffffc
       12345000	      1233	80001a34	00500893	addi	x17,x0,5	  x0:0x00000000 x17=0x00000005
       12355000	      1234	80001a38	419dd0b3	sra	x1,x27,x25	 x27:0x84c7d96c x25:0xffffffff  x1=0xffffffff
       12365000	      1235	80001a3c	46246ab7	lui	x21,0x46246	 x21=0x46246000
       12375000	      1236	80001a40	92240913	addi	x18,x8,-1758	  x8:0xfffffffb x18=0xfffff91d
       12385000	      1237	80001a44	00add6b3	srl	x13,x27,x10	 x27:0x84c7d96c x10:0xfc1ac378 x13=0x00000084
       12395000	      1238	80001a48	00000013	addi	x0,x0,0	  x0:0x00000000
       12405000	      1239	80001a4c	006d1b93	slli	x23,x26,0x6	 x26:0xffffffec x23=0xfffffb00
       12415000	      1240	80001a50	ffc00f93	addi	x31,x0,-4	  x0:0x00000000 x31=0xfffffffc
       12425000	      1241	80001a54	0178f7b3	and	x15,x17,x23	 x17:0x00000005 x23:0xfffffb00 x15=0x00000000
       12435000	      1242	80001a58	431d0f17	auipc	x30,0x431d0	 x30=0xc31d1a54
       12445000	      1243	80001a5c	b04db237	lui	x4,0xb04db	  x4=0xb04db000
       12455000	      1244	80001a60	01ee7f33	and	x30,x28,x30	 x28:0x80009f60 x30:0xc31d1a54 x30=0x80001a40
       12465000	      1245	80001a64	011cf533	and	x10,x25,x17	 x25:0xffffffff x17:0x00000005 x10=0x00000005
       12475000	      1246	80001a68	ff988893	addi	x17,x17,-7	 x17:0x00000005 x17=0xfffffffe
       12485000	      1247	80001a6c	01918cb3	add	x25,x3,x25	  x3:0xfffffff4 x25:0xffffffff x25=0xfffffff3
       12495000	      1248	80001a70	011b1593	slli	x11,x22,0x11	 x22:0x00000000 x11=0x00000000
       12505000	      1249	80001a74	92bfb513	sltiu	x10,x31,-1749	 x31:0xfffffffc x10=0x00000000
       12515000	      1250	80001a78	00000013	addi	x0,x0,0	  x0:0x00000000
       12525000	      1251	80001a7c	0057c333	xor	x6,x15,x5	 x15:0x00000000  x5:0x000006c0  x6=0x000006c0
       12535000	      1252	80001a80	41708d33	sub	x26,x1,x23	  x1:0xffffffff x23:0xfffffb00 x26=0x000004ff
       12545000	      1253	80001a84	01515633	srl	x12,x2,x21	  x2:0x00000000 x21:0x46246000 x12=0x00000000
       12555000	      1254	80001a88	40435113	srai	x2,x6,0x4	  x6:0x000006c0  x2=0x0000006c
       12565000	      1255	80001a8c	01bf1293	slli	x5,x30,0x1b	 x30:0x80001a40  x5=0x00000000
       12575000	      1256	80001a90	fdf8d2e3	bge	x17,x31,80001a54	 x17:0xfffffffe x31:0xfffffffc
       12585000	      1257	00000000	00000013	addi	x0,x0,0	  x0:0x00000000
       12595000	      1258	80001a50	00000013	addi	x0,x0,0	  x0:0x00000000
       12605000	      1259	80001a54	0178f7b3	and	x15,x17,x23	 x17:0xfffffffe x23:0xfffffb00 x15=0xfffffb00
       12615000	      1260	80001a58	431d0f17	auipc	x30,0x431d0	 x30=0xc31d1a54
       12625000	      1261	80001a5c	b04db237	lui	x4,0xb04db	  x4=0xb04db000
       12635000	      1262	80001a60	01ee7f33	and	x30,x28,x30	 x28:0x80009f60 x30:0xc31d1a54 x30=0x80001a40
       12645000	      1263	80001a64	011cf533	and	x10,x25,x17	 x25:0xfffffff3 x17:0xfffffffe x10=0xfffffff2
       12655000	      1264	80001a68	ff988893	addi	x17,x17,-7	 x17:0xfffffffe x17=0xfffffff7
       12665000	      1265	80001a6c	01918cb3	add	x25,x3,x25	  x3:0xfffffff4 x25:0xfffffff3 x25=0xffffffe7
       12675000	      1266	80001a70	011b1593	slli	x11,x22,0x11	 x22:0x00000000 x11=0x00000000
       12685000	      1267	80001a74	92bfb513	sltiu	x10,x31,-1749	 x31:0xfffffffc x10=0x00000000
       12695000	      1268	80001a78	00000013	addi	x0,x0,0	  x0:0x00000000
       12705000	      1269	80001a7c	0057c333	xor	x6,x15,x5	 x15:0xfffffb00  x5:0x00000000  x6=0xfffffb00
       12715000	      1270	80001a80	41708d33	sub	x26,x1,x23	  x1:0xffffffff x23:0xfffffb00 x26=0x000004ff
       12725000	      1271	80001a84	01515633	srl	x12,x2,x21	  x2:0x0000006c x21:0x46246000 x12=0x0000006c
       12735000	      1272	80001a88	40435113	srai	x2,x6,0x4	  x6:0xfffffb00  x2=0xffffffb0
       12745000	      1273	80001a8c	01bf1293	slli	x5,x30,0x1b	 x30:0x80001a40  x5=0x00000000
       12755000	      1274	80001a90	fdf8d2e3	bge	x17,x31,80001a54	 x17:0xfffffff7 x31:0xfffffffc
       12765000	      1275	80001a94	0088feb3	and	x29,x17,x8	 x17:0xfffffff7  x8:0xfffffffb x29=0xfffffff3
       12775000	      1276	80001a98	00000b93	addi	x23,x0,0	  x0:0x00000000 x23=0x00000000
       12785000	      1277	80001a9c	14cccd13	xori	x26,x25,332	 x25:0xffffffe7 x26=0xfffffeab
       12795000	      1278	80001aa0	012b1db3	sll	x27,x22,x18	 x22:0x00000000 x18:0xfffff91d x27=0x00000000
       12805000	      1279	80001aa4	11f5f013	andi	x0,x11,287	 x11:0x00000000
       12815000	      1280	80001aa8	bca14113	xori	x2,x2,-1078	  x2:0xffffffb0  x2=0x0000047a
       12825000	      1281	80001aac	3786a193	slti	x3,x13,888	 x13:0x00000084  x3=0x00000001
       12835000	      1282	80001ab0	a2dbcd93	xori	x27,x23,-1491	 x23:0x00000000 x27=0xfffffa2d
       12845000	      1283	80001ab4	15e16b37	lui	x22,0x15e16	 x22=0x15e16000
       12855000	      1284	80001ab8	010bb5b3	sltu	x11,x23,x16	 x23:0x00000000 x16:0xfffffffa x11=0x00000001
       12865000	      1285	80001abc	8047af93	slti	x31,x15,-2044	 x15:0xfffffb00 x31=0x00000000
       12875000	      1286	80001ac0	00584eb3	xor	x29,x16,x5	 x16:0xfffffffa  x5:0x00000000 x29=0xfffffffa
       12885000	      1287	80001ac4	40a5dab3	sra	x21,x11,x10	 x11:0x00000001 x10:0x00000000 x21=0x00000001
       12895000	      1288	80001ac8	01c17db3	and	x27,x2,x28	  x2:0x0000047a x28:0x80009f60 x27=0x00000460
       12905000	      1289	80001acc	01699833	sll	x16,x19,x22	 x19:0x80002c88 x22:0x15e16000 x16=0x80002c88
       12915000	      1290	80001ad0	01400393	addi	x7,x0,20	  x0:0x00000000  x7=0x00000014
       12925000	      1291	80001ad4	ff700193	addi	x3,x0,-9	  x0:0x00000000  x3=0xfffffff7
       12935000	      1292	80001ad8	afd1fb17	auipc	x22,0xafd1f	 x22=0x2fd20ad4
       12945000	      1293	80001adc	01888a33	add	x20,x17,x24	 x17:0xfffffff7 x24:0x80009fc4 x20=0x80009fbb
       12955000	      1294	80001ae0	1aa9e513	ori	x10,x19,426	 x19:0x80002c88 x10=0x80002daa
       12965000	      1295	80001ae4	bd470693	addi	x13,x14,-1068	 x14:0xfc1ac754 x13=0xfc1ac328
       12975000	      1296	80001ae8	00000013	addi	x0,x0,0	  x0:0x00000000
       12985000	      1297	80001aec	007d6933	or	x18,x26,x7	 x26:0xfffffeab  x7:0x00000014 x18=0xfffffebf
       12995000	      1298	80001af0	3432fc93	andi	x25,x5,835	  x5:0x00000000 x25=0x00000000
       13005000	      1299	80001af4	005b8b93	addi	x23,x23,5	 x23:0x00000000 x23=0x00000005
       13015000	      1300	80001af8	01bce633	or	x12,x25,x27	 x25:0x00000000 x27:0x00000460 x12=0x00000460
       13025000	      1301	80001afc	0014a5b3	slt	x11,x9,x1	  x9:0x80002c88  x1:0xffffffff x11=0x00000001
       13035000	      1302	80001b00	00f9ceb3	xor	x29,x19,x15	 x19:0x80002c88 x15:0xfffffb00 x29=0x7fffd788
       13045000	      1303	80001b04	fc7b9ae3	bne	x23,x7,80001ad8	 x23:0x00000005  x7:0x00000014
       13055000	      1304	00000000	00000013	addi	x0,x0,0	  x0:0x00000000
       13065000	      1305	80001ad4	00000013	addi	x0,x0,0	  x0:0x00000000
       13075000	      1306	80001ad8	afd1fb17	auipc	x22,0xafd1f	 x22=0x2fd20ad4
       13085000	      1307	80001adc	01888a33	add	x20,x17,x24	 x17:0xfffffff7 x24:0x80009fc4 x20=0x80009fbb
       13095000	      1308	80001ae0	1aa9e513	ori	x10,x19,426	 x19:0x80002c88 x10=0x80002daa
       13105000	      1309	80001ae4	bd470693	addi	x13,x14,-1068	 x14:0xfc1ac754 x13=0xfc1ac328
       13115000	      1310	80001ae8	00000013	addi	x0,x0,0	  x0:0x00000000
       13125000	      1311	80001aec	007d6933	or	x18,x26,x7	 x26:0xfffffeab  x7:0x00000014 x18=0xfffffebf
       13135000	      1312	80001af0	3432fc93	andi	x25,x5,835	  x5:0x00000000 x25=0x00000000
       13145000	      1313	80001af4	005b8b93	addi	x23,x23,5	 x23:0x00000005 x23=0x0000000a
       13155000	      1314	80001af8	01bce633	or	x12,x25,x27	 x25:0x00000000 x27:0x00000460 x12=0x00000460
       13165000	      1315	80001afc	0014a5b3	slt	x11,x9,x1	  x9:0x80002c88  x1:0xffffffff x11=0x00000001
       13175000	      1316	80001b00	00f9ceb3	xor	x29,x19,x15	 x19:0x80002c88 x15:0xfffffb00 x29=0x7fffd788
       13185000	      1317	80001b04	fc7b9ae3	bne	x23,x7,80001ad8	 x23:0x0000000a  x7:0x00000014
       13195000	      1318	00000000	00000013	addi	x0,x0,0	  x0:0x00000000
       13205000	      1319	80001ad4	00000013	addi	x0,x0,0	  x0:0x00000000
       13215000	      1320	80001ad8	afd1fb17	auipc	x22,0xafd1f	 x22=0x2fd20ad4
       13225000	      1321	80001adc	01888a33	add	x20,x17,x24	 x17:0xfffffff7 x24:0x80009fc4 x20=0x80009fbb
       13235000	      1322	80001ae0	1aa9e513	ori	x10,x19,426	 x19:0x80002c88 x10=0x80002daa
       13245000	      1323	80001ae4	bd470693	addi	x13,x14,-1068	 x14:0xfc1ac754 x13=0xfc1ac328
       13255000	      1324	80001ae8	00000013	addi	x0,x0,0	  x0:0x00000000
       13265000	      1325	80001aec	007d6933	or	x18,x26,x7	 x26:0xfffffeab  x7:0x00000014 x18=0xfffffebf
       13275000	      1326	80001af0	3432fc93	andi	x25,x5,835	  x5:0x00000000 x25=0x00000000
       13285000	      1327	80001af4	005b8b93	addi	x23,x23,5	 x23:0x0000000a x23=0x0000000f
       13295000	      1328	80001af8	01bce633	or	x12,x25,x27	 x25:0x00000000 x27:0x00000460 x12=0x00000460
       13305000	      1329	80001afc	0014a5b3	slt	x11,x9,x1	  x9:0x80002c88  x1:0xffffffff x11=0x00000001
       13315000	      1330	80001b00	00f9ceb3	xor	x29,x19,x15	 x19:0x80002c88 x15:0xfffffb00 x29=0x7fffd788
       13325000	      1331	80001b04	fc7b9ae3	bne	x23,x7,80001ad8	 x23:0x0000000f  x7:0x00000014
       13335000	      1332	00000000	00000013	addi	x0,x0,0	  x0:0x00000000
       13345000	      1333	80001ad4	00000013	addi	x0,x0,0	  x0:0x00000000
       13355000	      1334	80001ad8	afd1fb17	auipc	x22,0xafd1f	 x22=0x2fd20ad4
       13365000	      1335	80001adc	01888a33	add	x20,x17,x24	 x17:0xfffffff7 x24:0x80009fc4 x20=0x80009fbb
       13375000	      1336	80001ae0	1aa9e513	ori	x10,x19,426	 x19:0x80002c88 x10=0x80002daa
       13385000	      1337	80001ae4	bd470693	addi	x13,x14,-1068	 x14:0xfc1ac754 x13=0xfc1ac328
       13395000	      1338	80001ae8	00000013	addi	x0,x0,0	  x0:0x00000000
       13405000	      1339	80001aec	007d6933	or	x18,x26,x7	 x26:0xfffffeab  x7:0x00000014 x18=0xfffffebf
       13415000	      1340	80001af0	3432fc93	andi	x25,x5,835	  x5:0x00000000 x25=0x00000000
       13425000	      1341	80001af4	005b8b93	addi	x23,x23,5	 x23:0x0000000f x23=0x00000014
       13435000	      1342	80001af8	01bce633	or	x12,x25,x27	 x25:0x00000000 x27:0x00000460 x12=0x00000460
       13445000	      1343	80001afc	0014a5b3	slt	x11,x9,x1	  x9:0x80002c88  x1:0xffffffff x11=0x00000001
       13455000	      1344	80001b00	00f9ceb3	xor	x29,x19,x15	 x19:0x80002c88 x15:0xfffffb00 x29=0x7fffd788
       13465000	      1345	80001b04	fc7b9ae3	bne	x23,x7,80001ad8	 x23:0x00000014  x7:0x00000014
       13475000	      1346	80001b08	00720933	add	x18,x4,x7	  x4:0xb04db000  x7:0x00000014 x18=0xb04db014
       13485000	      1347	80001b0c	00400513	addi	x10,x0,4	  x0:0x00000000 x10=0x00000004
       13495000	      1348	80001b10	ff500693	addi	x13,x0,-11	  x0:0x00000000 x13=0xfffffff5
       13505000	      1349	80001b14	12213193	sltiu	x3,x2,290	  x2:0x0000047a  x3=0x00000000
       13515000	      1350	80001b18	ff850513	addi	x10,x10,-8	 x10:0x00000004 x10=0xfffffffc
       13525000	      1351	80001b1c	fed55ce3	bge	x10,x13,80001b14	 x10:0xfffffffc x13:0xfffffff5
       13535000	      1352	00000000	00000013	addi	x0,x0,0	  x0:0x00000000
       13545000	      1353	80001b10	00000013	addi	x0,x0,0	  x0:0x00000000
       13555000	      1354	80001b14	12213193	sltiu	x3,x2,290	  x2:0x0000047a  x3=0x00000000
       13565000	      1355	80001b18	ff850513	addi	x10,x10,-8	 x10:0xfffffffc x10=0xfffffff4
       13575000	      1356	80001b1c	fed55ce3	bge	x10,x13,80001b14	 x10:0xfffffff4 x13:0xfffffff5
       13585000	      1357	80001b20	002ddf13	srli	x30,x27,0x2	 x27:0x00000460 x30=0x00000118
       13595000	      1358	80001b24	00a00a93	addi	x21,x0,10	  x0:0x00000000 x21=0x0000000a
       13605000	      1359	80001b28	006a14b3	sll	x9,x20,x6	 x20:0x80009fbb  x6:0xfffffb00  x9=0x80009fbb
       13615000	      1360	80001b2c	69c6cf13	xori	x30,x13,1692	 x13:0xfffffff5 x30=0xfffff969
       13625000	      1361	80001b30	597b7793	andi	x15,x22,1431	 x22:0x2fd20ad4 x15=0x00000094
       13635000	      1362	80001b34	412b5513	srai	x10,x22,0x12	 x22:0x2fd20ad4 x10=0x00000bf4
       13645000	      1363	80001b38	00a00413	addi	x8,x0,10	  x0:0x00000000  x8=0x0000000a
       13655000	      1364	80001b3c	c7d8af93	slti	x31,x17,-899	 x17:0xfffffff7 x31=0x00000000
       13665000	      1365	80001b40	84704793	xori	x15,x0,-1977	  x0:0x00000000 x15=0xfffff847
       13675000	      1366	80001b44	012ba933	slt	x18,x23,x18	 x23:0x00000014 x18:0xb04db014 x18=0x00000000
       13685000	      1367	80001b48	1499e613	ori	x12,x19,329	 x19:0x80002c88 x12=0x80002dc9
       13695000	      1368	80001b4c	ff7a8a93	addi	x21,x21,-9	 x21:0x0000000a x21=0x00000001
       13705000	      1369	80001b50	3e568b13	addi	x22,x13,997	 x13:0xfffffff5 x22=0x000003da
       13715000	      1370	80001b54	5f4cf113	andi	x2,x25,1524	 x25:0x00000000  x2=0x00000000
       13725000	      1371	80001b58	0077d893	srli	x17,x15,0x7	 x15:0xfffff847 x17=0x01fffff0
       13735000	      1372	80001b5c	fe8af6e3	bgeu	x21,x8,80001b48	 x21:0x00000001  x8:0x0000000a
       13745000	      1373	80001b60	00aac633	xor	x12,x21,x10	 x21:0x00000001 x10:0x00000bf4 x12=0x00000bf5
       13755000	      1374	80001b64	ffd00913	addi	x18,x0,-3	  x0:0x00000000 x18=0xfffffffd
       13765000	      1375	80001b68	e42ebb93	sltiu	x23,x29,-446	 x29:0x7fffd788 x23=0x00000001
       13775000	      1376	80001b6c	00493db3	sltu	x27,x18,x4	 x18:0xfffffffd  x4:0xb04db000 x27=0x00000000
       13785000	      1377	80001b70	ff800413	addi	x8,x0,-8	  x0:0x00000000  x8=0xfffffff8
       13795000	      1378	80001b74	001c89b3	add	x19,x25,x1	 x25:0x00000000  x1:0xffffffff x19=0xffffffff
       13805000	      1379	80001b78	011997b3	sll	x15,x19,x17	 x19:0xffffffff x17:0x01fffff0 x15=0xffff0000
       13815000	      1380	80001b7c	ff790913	addi	x18,x18,-9	 x18:0xfffffffd x18=0xfffffff4
       13825000	      1381	80001b80	00100113	addi	x2,x0,1	  x0:0x00000000  x2=0x00000001
       13835000	      1382	80001b84	ffb00593	addi	x11,x0,-5	  x0:0x00000000 x11=0xfffffffb
       13845000	      1383	80001b88	3ecc6193	ori	x3,x24,1004	 x24:0x80009fc4  x3=0x80009fec
       13855000	      1384	80001b8c	0022b3b3	sltu	x7,x5,x2	  x5:0x00000000  x2:0x00000001  x7=0x00000001
       13865000	      1385	80001b90	ffd10113	addi	x2,x2,-3	  x2:0x00000001  x2=0xfffffffe
       13875000	      1386	80001b94	00000013	addi	x0,x0,0	  x0:0x00000000
       13885000	      1387	80001b98	feb118e3	bne	x2,x11,80001b88	  x2:0xfffffffe x11:0xfffffffb
       13895000	      1388	00000000	00000013	addi	x0,x0,0	  x0:0x00000000
       13905000	      1389	80001b84	00000013	addi	x0,x0,0	  x0:0x00000000
       13915000	      1390	80001b88	3ecc6193	ori	x3,x24,1004	 x24:0x80009fc4  x3=0x80009fec
       13925000	      1391	80001b8c	0022b3b3	sltu	x7,x5,x2	  x5:0x00000000  x2:0xfffffffe  x7=0x00000001
       13935000	      1392	80001b90	ffd10113	addi	x2,x2,-3	  x2:0xfffffffe  x2=0xfffffffb
       13945000	      1393	80001b94	00000013	addi	x0,x0,0	  x0:0x00000000
       13955000	      1394	80001b98	feb118e3	bne	x2,x11,80001b88	  x2:0xfffffffb x11:0xfffffffb
       13965000	      1395	80001b9c	fc895ce3	bge	x18,x8,80001b74	 x18:0xfffffff4  x8:0xfffffff8
       13975000	      1396	80001ba0	00a188b3	add	x17,x3,x10	  x3:0x80009fec x10:0x00000bf4 x17=0x8000abe0
       13985000	      1397	80001ba4	ff800b13	addi	x22,x0,-8	  x0:0x00000000 x22=0xfffffff8
       13995000	      1398	80001ba8	01627233	and	x4,x4,x22	  x4:0xb04db000 x22:0xfffffff8  x4=0xb04db000
       14005000	      1399	80001bac	00b00293	addi	x5,x0,11	  x0:0x00000000  x5=0x0000000b
       14015000	      1400	80001bb0	008ca8b3	slt	x17,x25,x8	 x25:0x00000000  x8:0xfffffff8 x17=0x00000000
       14025000	      1401	80001bb4	01e44d33	xor	x26,x8,x30	  x8:0xfffffff8 x30:0xfffff969 x26=0x00000691
       14035000	      1402	80001bb8	002b0b13	addi	x22,x22,2	 x22:0xfffffff8 x22=0xfffffffa
       14045000	      1403	80001bbc	41f5deb3	sra	x29,x11,x31	 x11:0xfffffffb x31:0x00000000 x29=0xfffffffb
       14055000	      1404	80001bc0	fe5b6ae3	bltu	x22,x5,80001bb4	 x22:0xfffffffa  x5:0x0000000b
       14065000	      1405	80001bc4	40e10833	sub	x16,x2,x14	  x2:0xfffffffb x14:0xfc1ac754 x16=0x03e538a7
       14075000	      1406	80001bc8	00700893	addi	x17,x0,7	  x0:0x00000000 x17=0x00000007
       14085000	      1407	80001bcc	d868ef13	ori	x30,x17,-634	 x17:0x00000007 x30=0xfffffd87
       14095000	      1408	80001bd0	0069b233	sltu	x4,x19,x6	 x19:0xffffffff  x6:0xfffffb00  x4=0x00000000
       14105000	      1409	80001bd4	364d2213	slti	x4,x26,868	 x26:0x00000691  x4=0x00000000
       14115000	      1410	80001bd8	01d09393	slli	x7,x1,0x1d	  x1:0xffffffff  x7=0xe0000000
       14125000	      1411	80001bdc	01400d13	addi	x26,x0,20	  x0:0x00000000 x26=0x00000014
       14135000	      1412	80001be0	407fd593	srai	x11,x31,0x7	 x31:0x00000000 x11=0x00000000
       14145000	      1413	80001be4	bc7af693	andi	x13,x21,-1081	 x21:0x00000001 x13=0x00000001
       14155000	      1414	80001be8	00588893	addi	x17,x17,5	 x17:0x00000007 x17=0x0000000c
       14165000	      1415	80001bec	01d40233	add	x4,x8,x29	  x8:0xfffffff8 x29:0xfffffffb  x4=0xfffffff3
       14175000	      1416	80001bf0	7274a813	slti	x16,x9,1831	  x9:0x80009fbb x16=0x00000001
       14185000	      1417	80001bf4	00362233	slt	x4,x12,x3	 x12:0x00000bf5  x3:0x80009fec  x4=0x00000000
       14195000	      1418	80001bf8	00700613	addi	x12,x0,7	  x0:0x00000000 x12=0x00000007
       14205000	      1419	80001bfc	b4776313	ori	x6,x14,-1209	 x14:0xfc1ac754  x6=0xffffff57
       14215000	      1420	80001c00	01300b93	addi	x23,x0,19	  x0:0x00000000 x23=0x00000013
       14225000	      1421	80001c04	79a94793	xori	x15,x18,1946	 x18:0xfffffff4 x15=0xfffff86e
       14235000	      1422	80001c08	010b72b3	and	x5,x22,x16	 x22:0xfffffffa x16:0x00000001  x5=0x00000000
       14245000	      1423	80001c0c	24961197	auipc	x3,0x24961	  x3=0xa4962c08
       14255000	      1424	80001c10	297f2697	auipc	x13,0x297f2	 x13=0xa97f3c0c
       14265000	      1425	80001c14	00560613	addi	x12,x12,5	 x12:0x00000007 x12=0x0000000c
       14275000	      1426	80001c18	00abd413	srli	x8,x23,0xa	 x23:0x00000013  x8=0x00000000
       14285000	      1427	80001c1c	dcdf4093	xori	x1,x30,-563	 x30:0xfffffd87  x1=0x0000004a
       14295000	      1428	80001c20	6da07993	andi	x19,x0,1754	  x0:0x00000000 x19=0x00000000
       14305000	      1429	80001c24	01d79db3	sll	x27,x15,x29	 x15:0xfffff86e x29:0xfffffffb x27=0x70000000
       14315000	      1430	80001c28	e35ab693	sltiu	x13,x21,-459	 x21:0x00000001 x13=0x00000001
       14325000	      1431	80001c2c	ff7642e3	blt	x12,x23,80001c10	 x12:0x0000000c x23:0x00000013
       14335000	      1432	00000000	00000013	addi	x0,x0,0	  x0:0x00000000
       14345000	      1433	80001c0c	00000013	addi	x0,x0,0	  x0:0x00000000
       14355000	      1434	80001c10	297f2697	auipc	x13,0x297f2	 x13=0xa97f3c0c
       14365000	      1435	80001c14	00560613	addi	x12,x12,5	 x12:0x0000000c x12=0x00000011
       14375000	      1436	80001c18	00abd413	srli	x8,x23,0xa	 x23:0x00000013  x8=0x00000000
       14385000	      1437	80001c1c	dcdf4093	xori	x1,x30,-563	 x30:0xfffffd87  x1=0x0000004a
       14395000	      1438	80001c20	6da07993	andi	x19,x0,1754	  x0:0x00000000 x19=0x00000000
       14405000	      1439	80001c24	01d79db3	sll	x27,x15,x29	 x15:0xfffff86e x29:0xfffffffb x27=0x70000000
       14415000	      1440	80001c28	e35ab693	sltiu	x13,x21,-459	 x21:0x00000001 x13=0x00000001
       14425000	      1441	80001c2c	ff7642e3	blt	x12,x23,80001c10	 x12:0x00000011 x23:0x00000013
       14435000	      1442	00000000	00000013	addi	x0,x0,0	  x0:0x00000000
       14445000	      1443	80001c0c	00000013	addi	x0,x0,0	  x0:0x00000000
       14455000	      1444	80001c10	297f2697	auipc	x13,0x297f2	 x13=0xa97f3c0c
       14465000	      1445	80001c14	00560613	addi	x12,x12,5	 x12:0x00000011 x12=0x00000016
       14475000	      1446	80001c18	00abd413	srli	x8,x23,0xa	 x23:0x00000013  x8=0x00000000
       14485000	      1447	80001c1c	dcdf4093	xori	x1,x30,-563	 x30:0xfffffd87  x1=0x0000004a
       14495000	      1448	80001c20	6da07993	andi	x19,x0,1754	  x0:0x00000000 x19=0x00000000
       14505000	      1449	80001c24	01d79db3	sll	x27,x15,x29	 x15:0xfffff86e x29:0xfffffffb x27=0x70000000
       14515000	      1450	80001c28	e35ab693	sltiu	x13,x21,-459	 x21:0x00000001 x13=0x00000001
       14525000	      1451	80001c2c	ff7642e3	blt	x12,x23,80001c10	 x12:0x00000016 x23:0x00000013
       14535000	      1452	80001c30	3ed1b693	sltiu	x13,x3,1005	  x3:0xa4962c08 x13=0x00000000
       14545000	      1453	80001c34	a2d3be93	sltiu	x29,x7,-1491	  x7:0xe0000000 x29=0x00000001
       14555000	      1454	80001c38	fba8c6e3	blt	x17,x26,80001be4	 x17:0x0000000c x26:0x00000014
       14565000	      1455	00000000	00000013	addi	x0,x0,0	  x0:0x00000000
       14575000	      1456	80001be0	00000013	addi	x0,x0,0	  x0:0x00000000
       14585000	      1457	80001be4	bc7af693	andi	x13,x21,-1081	 x21:0x00000001 x13=0x00000001
       14595000	      1458	80001be8	00588893	addi	x17,x17,5	 x17:0x0000000c x17=0x00000011
       14605000	      1459	80001bec	01d40233	add	x4,x8,x29	  x8:0x00000000 x29:0x00000001  x4=0x00000001
       14615000	      1460	80001bf0	7274a813	slti	x16,x9,1831	  x9:0x80009fbb x16=0x00000001
       14625000	      1461	80001bf4	00362233	slt	x4,x12,x3	 x12:0x00000016  x3:0xa4962c08  x4=0x00000000
       14635000	      1462	80001bf8	00700613	addi	x12,x0,7	  x0:0x00000000 x12=0x00000007
       14645000	      1463	80001bfc	b4776313	ori	x6,x14,-1209	 x14:0xfc1ac754  x6=0xffffff57
       14655000	      1464	80001c00	01300b93	addi	x23,x0,19	  x0:0x00000000 x23=0x00000013
       14665000	      1465	80001c04	79a94793	xori	x15,x18,1946	 x18:0xfffffff4 x15=0xfffff86e
       14675000	      1466	80001c08	010b72b3	and	x5,x22,x16	 x22:0xfffffffa x16:0x00000001  x5=0x00000000
       14685000	      1467	80001c0c	24961197	auipc	x3,0x24961	  x3=0xa4962c08
       14695000	      1468	80001c10	297f2697	auipc	x13,0x297f2	 x13=0xa97f3c0c
       14705000	      1469	80001c14	00560613	addi	x12,x12,5	 x12:0x00000007 x12=0x0000000c
       14715000	      1470	80001c18	00abd413	srli	x8,x23,0xa	 x23:0x00000013  x8=0x00000000
       14725000	      1471	80001c1c	dcdf4093	xori	x1,x30,-563	 x30:0xfffffd87  x1=0x0000004a
       14735000	      1472	80001c20	6da07993	andi	x19,x0,1754	  x0:0x00000000 x19=0x00000000
       14745000	      1473	80001c24	01d79db3	sll	x27,x15,x29	 x15:0xfffff86e x29:0x00000001 x27=0xfffff0dc
       14755000	      1474	80001c28	e35ab693	sltiu	x13,x21,-459	 x21:0x00000001 x13=0x00000001
       14765000	      1475	80001c2c	ff7642e3	blt	x12,x23,80001c10	 x12:0x0000000c x23:0x00000013
       14775000	      1476	00000000	00000013	addi	x0,x0,0	  x0:0x00000000
       14785000	      1477	80001c0c	00000013	addi	x0,x0,0	  x0:0x00000000
       14795000	      1478	80001c10	297f2697	auipc	x13,0x297f2	 x13=0xa97f3c0c
       14805000	      1479	80001c14	00560613	addi	x12,x12,5	 x12:0x0000000c x12=0x00000011
       14815000	      1480	80001c18	00abd413	srli	x8,x23,0xa	 x23:0x00000013  x8=0x00000000
       14825000	      1481	80001c1c	dcdf4093	xori	x1,x30,-563	 x30:0xfffffd87  x1=0x0000004a
       14835000	      1482	80001c20	6da07993	andi	x19,x0,1754	  x0:0x00000000 x19=0x00000000
       14845000	      1483	80001c24	01d79db3	sll	x27,x15,x29	 x15:0xfffff86e x29:0x00000001 x27=0xfffff0dc
       14855000	      1484	80001c28	e35ab693	sltiu	x13,x21,-459	 x21:0x00000001 x13=0x00000001
       14865000	      1485	80001c2c	ff7642e3	blt	x12,x23,80001c10	 x12:0x00000011 x23:0x00000013
       14875000	      1486	00000000	00000013	addi	x0,x0,0	  x0:0x00000000
       14885000	      1487	80001c0c	00000013	addi	x0,x0,0	  x0:0x00000000
       14895000	      1488	80001c10	297f2697	auipc	x13,0x297f2	 x13=0xa97f3c0c
       14905000	      1489	80001c14	00560613	addi	x12,x12,5	 x12:0x00000011 x12=0x00000016
       14915000	      1490	80001c18	00abd413	srli	x8,x23,0xa	 x23:0x00000013  x8=0x00000000
       14925000	      1491	80001c1c	dcdf4093	xori	x1,x30,-563	 x30:0xfffffd87  x1=0x0000004a
       14935000	      1492	80001c20	6da07993	andi	x19,x0,1754	  x0:0x00000000 x19=0x00000000
       14945000	      1493	80001c24	01d79db3	sll	x27,x15,x29	 x15:0xfffff86e x29:0x00000001 x27=0xfffff0dc
       14955000	      1494	80001c28	e35ab693	sltiu	x13,x21,-459	 x21:0x00000001 x13=0x00000001
       14965000	      1495	80001c2c	ff7642e3	blt	x12,x23,80001c10	 x12:0x00000016 x23:0x00000013
       14975000	      1496	80001c30	3ed1b693	sltiu	x13,x3,1005	  x3:0xa4962c08 x13=0x00000000
       14985000	      1497	80001c34	a2d3be93	sltiu	x29,x7,-1491	  x7:0xe0000000 x29=0x00000001
       14995000	      1498	80001c38	fba8c6e3	blt	x17,x26,80001be4	 x17:0x00000011 x26:0x00000014
       15005000	      1499	00000000	00000013	addi	x0,x0,0	  x0:0x00000000
       15015000	      1500	80001be0	00000013	addi	x0,x0,0	  x0:0x00000000
       15025000	      1501	80001be4	bc7af693	andi	x13,x21,-1081	 x21:0x00000001 x13=0x00000001
       15035000	      1502	80001be8	00588893	addi	x17,x17,5	 x17:0x00000011 x17=0x00000016
       15045000	      1503	80001bec	01d40233	add	x4,x8,x29	  x8:0x00000000 x29:0x00000001  x4=0x00000001
       15055000	      1504	80001bf0	7274a813	slti	x16,x9,1831	  x9:0x80009fbb x16=0x00000001
       15065000	      1505	80001bf4	00362233	slt	x4,x12,x3	 x12:0x00000016  x3:0xa4962c08  x4=0x00000000
       15075000	      1506	80001bf8	00700613	addi	x12,x0,7	  x0:0x00000000 x12=0x00000007
       15085000	      1507	80001bfc	b4776313	ori	x6,x14,-1209	 x14:0xfc1ac754  x6=0xffffff57
       15095000	      1508	80001c00	01300b93	addi	x23,x0,19	  x0:0x00000000 x23=0x00000013
       15105000	      1509	80001c04	79a94793	xori	x15,x18,1946	 x18:0xfffffff4 x15=0xfffff86e
       15115000	      1510	80001c08	010b72b3	and	x5,x22,x16	 x22:0xfffffffa x16:0x00000001  x5=0x00000000
       15125000	      1511	80001c0c	24961197	auipc	x3,0x24961	  x3=0xa4962c08
       15135000	      1512	80001c10	297f2697	auipc	x13,0x297f2	 x13=0xa97f3c0c
       15145000	      1513	80001c14	00560613	addi	x12,x12,5	 x12:0x00000007 x12=0x0000000c
       15155000	      1514	80001c18	00abd413	srli	x8,x23,0xa	 x23:0x00000013  x8=0x00000000
       15165000	      1515	80001c1c	dcdf4093	xori	x1,x30,-563	 x30:0xfffffd87  x1=0x0000004a
       15175000	      1516	80001c20	6da07993	andi	x19,x0,1754	  x0:0x00000000 x19=0x00000000
       15185000	      1517	80001c24	01d79db3	sll	x27,x15,x29	 x15:0xfffff86e x29:0x00000001 x27=0xfffff0dc
       15195000	      1518	80001c28	e35ab693	sltiu	x13,x21,-459	 x21:0x00000001 x13=0x00000001
       15205000	      1519	80001c2c	ff7642e3	blt	x12,x23,80001c10	 x12:0x0000000c x23:0x00000013
       15215000	      1520	00000000	00000013	addi	x0,x0,0	  x0:0x00000000
       15225000	      1521	80001c0c	00000013	addi	x0,x0,0	  x0:0x00000000
       15235000	      1522	80001c10	297f2697	auipc	x13,0x297f2	 x13=0xa97f3c0c
       15245000	      1523	80001c14	00560613	addi	x12,x12,5	 x12:0x0000000c x12=0x00000011
       15255000	      1524	80001c18	00abd413	srli	x8,x23,0xa	 x23:0x00000013  x8=0x00000000
       15265000	      1525	80001c1c	dcdf4093	xori	x1,x30,-563	 x30:0xfffffd87  x1=0x0000004a
       15275000	      1526	80001c20	6da07993	andi	x19,x0,1754	  x0:0x00000000 x19=0x00000000
       15285000	      1527	80001c24	01d79db3	sll	x27,x15,x29	 x15:0xfffff86e x29:0x00000001 x27=0xfffff0dc
       15295000	      1528	80001c28	e35ab693	sltiu	x13,x21,-459	 x21:0x00000001 x13=0x00000001
       15305000	      1529	80001c2c	ff7642e3	blt	x12,x23,80001c10	 x12:0x00000011 x23:0x00000013
       15315000	      1530	00000000	00000013	addi	x0,x0,0	  x0:0x00000000
       15325000	      1531	80001c0c	00000013	addi	x0,x0,0	  x0:0x00000000
       15335000	      1532	80001c10	297f2697	auipc	x13,0x297f2	 x13=0xa97f3c0c
       15345000	      1533	80001c14	00560613	addi	x12,x12,5	 x12:0x00000011 x12=0x00000016
       15355000	      1534	80001c18	00abd413	srli	x8,x23,0xa	 x23:0x00000013  x8=0x00000000
       15365000	      1535	80001c1c	dcdf4093	xori	x1,x30,-563	 x30:0xfffffd87  x1=0x0000004a
       15375000	      1536	80001c20	6da07993	andi	x19,x0,1754	  x0:0x00000000 x19=0x00000000
       15385000	      1537	80001c24	01d79db3	sll	x27,x15,x29	 x15:0xfffff86e x29:0x00000001 x27=0xfffff0dc
       15395000	      1538	80001c28	e35ab693	sltiu	x13,x21,-459	 x21:0x00000001 x13=0x00000001
       15405000	      1539	80001c2c	ff7642e3	blt	x12,x23,80001c10	 x12:0x00000016 x23:0x00000013
       15415000	      1540	80001c30	3ed1b693	sltiu	x13,x3,1005	  x3:0xa4962c08 x13=0x00000000
       15425000	      1541	80001c34	a2d3be93	sltiu	x29,x7,-1491	  x7:0xe0000000 x29=0x00000001
       15435000	      1542	80001c38	fba8c6e3	blt	x17,x26,80001be4	 x17:0x00000016 x26:0x00000014
       15445000	      1543	80001c3c	0017d4b3	srl	x9,x15,x1	 x15:0xfffff86e  x1:0x0000004a  x9=0x003ffffe
       15455000	      1544	80001c40	00a00413	addi	x8,x0,10	  x0:0x00000000  x8=0x0000000a
       15465000	      1545	80001c44	76622513	slti	x10,x4,1894	  x4:0x00000000 x10=0x00000001
       15475000	      1546	80001c48	e4ad0513	addi	x10,x26,-438	 x26:0x00000014 x10=0xfffffe5e
       15485000	      1547	80001c4c	01200593	addi	x11,x0,18	  x0:0x00000000 x11=0x00000012
       15495000	      1548	80001c50	01270bb3	add	x23,x14,x18	 x14:0xfc1ac754 x18:0xfffffff4 x23=0xfc1ac748
       15505000	      1549	80001c54	36c9af13	slti	x30,x19,876	 x19:0x00000000 x30=0x00000001
       15515000	      1550	80001c58	01769e93	slli	x29,x13,0x17	 x13:0x00000000 x29=0x00000000
       15525000	      1551	80001c5c	2c4aa193	slti	x3,x21,708	 x21:0x00000001  x3=0x00000001
       15535000	      1552	80001c60	00740413	addi	x8,x8,7	  x8:0x0000000a  x8=0x00000011
       15545000	      1553	80001c64	ff600993	addi	x19,x0,-10	  x0:0x00000000 x19=0xfffffff6
       15555000	      1554	80001c68	b9fdfd37	lui	x26,0xb9fdf	 x26=0xb9fdf000
       15565000	      1555	80001c6c	01100793	addi	x15,x0,17	  x0:0x00000000 x15=0x00000011
       15575000	      1556	80001c70	4bcb8117	auipc	x2,0x4bcb8	  x2=0xcbcb9c6c
       15585000	      1557	80001c74	00d49813	slli	x16,x9,0xd	  x9:0x003ffffe x16=0xffffc000
       15595000	      1558	80001c78	20d2e693	ori	x13,x5,525	  x5:0x00000000 x13=0x0000020d
       15605000	      1559	80001c7c	02fa7093	andi	x1,x20,47	 x20:0x80009fbb  x1=0x0000002b
       15615000	      1560	80001c80	00798993	addi	x19,x19,7	 x19:0xfffffff6 x19=0xfffffffd
       15625000	      1561	80001c84	04abb893	sltiu	x17,x23,74	 x23:0xfc1ac748 x17=0x00000000
       15635000	      1562	80001c88	fef9e8e3	bltu	x19,x15,80001c78	 x19:0xfffffffd x15:0x00000011
       15645000	      1563	80001c8c	0195bd33	sltu	x26,x11,x25	 x11:0x00000012 x25:0x00000000 x26=0x00000000
       15655000	      1564	80001c90	0159ffb3	and	x31,x19,x21	 x19:0xfffffffd x21:0x00000001 x31=0x00000001
       15665000	      1565	80001c94	fcb440e3	blt	x8,x11,80001c54	  x8:0x00000011 x11:0x00000012
       15675000	      1566	00000000	00000013	addi	x0,x0,0	  x0:0x00000000
       15685000	      1567	80001c50	00000013	addi	x0,x0,0	  x0:0x00000000
       15695000	      1568	80001c54	36c9af13	slti	x30,x19,876	 x19:0xfffffffd x30=0x00000001
       15705000	      1569	80001c58	01769e93	slli	x29,x13,0x17	 x13:0x0000020d x29=0x06800000
       15715000	      1570	80001c5c	2c4aa193	slti	x3,x21,708	 x21:0x00000001  x3=0x00000001
       15725000	      1571	80001c60	00740413	addi	x8,x8,7	  x8:0x00000011  x8=0x00000018
       15735000	      1572	80001c64	ff600993	addi	x19,x0,-10	  x0:0x00000000 x19=0xfffffff6
       15745000	      1573	80001c68	b9fdfd37	lui	x26,0xb9fdf	 x26=0xb9fdf000
       15755000	      1574	80001c6c	01100793	addi	x15,x0,17	  x0:0x00000000 x15=0x00000011
       15765000	      1575	80001c70	4bcb8117	auipc	x2,0x4bcb8	  x2=0xcbcb9c6c
       15775000	      1576	80001c74	00d49813	slli	x16,x9,0xd	  x9:0x003ffffe x16=0xffffc000
       15785000	      1577	80001c78	20d2e693	ori	x13,x5,525	  x5:0x00000000 x13=0x0000020d
       15795000	      1578	80001c7c	02fa7093	andi	x1,x20,47	 x20:0x80009fbb  x1=0x0000002b
       15805000	      1579	80001c80	00798993	addi	x19,x19,7	 x19:0xfffffff6 x19=0xfffffffd
       15815000	      1580	80001c84	04abb893	sltiu	x17,x23,74	 x23:0xfc1ac748 x17=0x00000000
       15825000	      1581	80001c88	fef9e8e3	bltu	x19,x15,80001c78	 x19:0xfffffffd x15:0x00000011
       15835000	      1582	80001c8c	0195bd33	sltu	x26,x11,x25	 x11:0x00000012 x25:0x00000000 x26=0x00000000
       15845000	      1583	80001c90	0159ffb3	and	x31,x19,x21	 x19:0xfffffffd x21:0x00000001 x31=0x00000001
       15855000	      1584	80001c94	fcb440e3	blt	x8,x11,80001c54	  x8:0x00000018 x11:0x00000012
       15865000	      1585	80001c98	00aaa1b3	slt	x3,x21,x10	 x21:0x00000001 x10:0xfffffe5e  x3=0x00000000
       15875000	      1586	80001c9c	8f246513	ori	x10,x8,-1806	  x8:0x00000018 x10=0xfffff8fa
       15885000	      1587	80001ca0	3f5b2b37	lui	x22,0x3f5b2	 x22=0x3f5b2000
       15895000	      1588	80001ca4	7d082b93	slti	x23,x16,2000	 x16:0xffffc000 x23=0x00000001
       15905000	      1589	80001ca8	e9699937	lui	x18,0xe9699	 x18=0xe9699000
       15915000	      1590	80001cac	019707b3	add	x15,x14,x25	 x14:0xfc1ac754 x25:0x00000000 x15=0xfc1ac754
       15925000	      1591	80001cb0	01179093	slli	x1,x15,0x11	 x15:0xfc1ac754  x1=0x8ea80000
       15935000	      1592	80001cb4	1c178293	addi	x5,x15,449	 x15:0xfc1ac754  x5=0xfc1ac915
       15945000	      1593	80001cb8	0174a3b3	slt	x7,x9,x23	  x9:0x003ffffe x23:0x00000001  x7=0x00000000
       15955000	      1594	80001cbc	00873933	sltu	x18,x14,x8	 x14:0xfc1ac754  x8:0x00000018 x18=0x00000000
       15965000	      1595	80001cc0	0144eeb3	or	x29,x9,x20	  x9:0x003ffffe x20:0x80009fbb x29=0x803fffff
       15975000	      1596	80001cc4	000f71b3	and	x3,x30,x0	 x30:0x00000001  x0:0x00000000  x3=0x00000000
       15985000	      1597	80001cc8	d5adc213	xori	x4,x27,-678	 x27:0xfffff0dc  x4=0x00000d86
       15995000	      1598	80001ccc	002b1333	sll	x6,x22,x2	 x22:0x3f5b2000  x2:0xcbcb9c6c  x6=0xb2000000
       16005000	      1599	80001cd0	e8007213	andi	x4,x0,-384	  x0:0x00000000  x4=0x00000000
       16015000	      1600	80001cd4	035c0263	beq	x24,x21,80001cf8	 x24:0x80009fc4 x21:0x00000001
       16025000	      1601	80001cd8	00000013	addi	x0,x0,0	  x0:0x00000000
       16035000	      1602	80001cdc	00b611b3	sll	x3,x12,x11	 x12:0x00000016 x11:0x00000012  x3=0x00580000
       16045000	      1603	80001ce0	00c6d093	srli	x1,x13,0xc	 x13:0x0000020d  x1=0x00000000
       16055000	      1604	80001ce4	03ec73b7	lui	x7,0x3ec7	  x7=0x03ec7000
       16065000	      1605	80001ce8	47178193	addi	x3,x15,1137	 x15:0xfc1ac754  x3=0xfc1acbc5
       16075000	      1606	80001cec	004cc663	blt	x25,x4,80001cf8	 x25:0x00000000  x4:0x00000000
       16085000	      1607	80001cf0	00b2d813	srli	x16,x5,0xb	  x5:0xfc1ac915 x16=0x001f8359
       16095000	      1608	80001cf4	03a59e63	bne	x11,x26,80001d30	 x11:0x00000012 x26:0x00000000
       16105000	      1609	00000000	00000013	addi	x0,x0,0	  x0:0x00000000
       16115000	      1610	80001d2c	00000013	addi	x0,x0,0	  x0:0x00000000
       16125000	      1611	80001d30	01dc3ab3	sltu	x21,x24,x29	 x24:0x80009fc4 x29:0x803fffff x21=0x00000001
       16135000	      1612	80001d34	45a03213	sltiu	x4,x0,1114	  x0:0x00000000  x4=0x00000001
       16145000	      1613	80001d38	00a25933	srl	x18,x4,x10	  x4:0x00000001 x10:0xfffff8fa x18=0x00000000
       16155000	      1614	80001d3c	00f94ab3	xor	x21,x18,x15	 x18:0x00000000 x15:0xfc1ac754 x21=0xfc1ac754
       16165000	      1615	80001d40	016d4813	xori	x16,x26,22	 x26:0x00000000 x16=0x00000016
       16175000	      1616	80001d44	1b598a37	lui	x20,0x1b598	 x20=0x1b598000
       16185000	      1617	80001d48	0177f1b3	and	x3,x15,x23	 x15:0xfc1ac754 x23:0x00000001  x3=0x00000000
       16195000	      1618	80001d4c	01a89f33	sll	x30,x17,x26	 x17:0x00000000 x26:0x00000000 x30=0x00000000
       16205000	      1619	80001d50	00f5f663	bgeu	x11,x15,80001d5c	 x11:0x00000012 x15:0xfc1ac754
       16215000	      1620	80001d54	003c0a33	add	x20,x24,x3	 x24:0x80009fc4  x3:0x00000000 x20=0x80009fc4
       16225000	      1621	80001d58	0148fcb3	and	x25,x17,x20	 x17:0x00000000 x20:0x80009fc4 x25=0x00000000
       16235000	      1622	80001d5c	01b6b433	sltu	x8,x13,x27	 x13:0x0000020d x27:0xfffff0dc  x8=0x00000001
       16245000	      1623	80001d60	578c0317	auipc	x6,0x578c0	  x6=0xd78c1d5c
       16255000	      1624	80001d64	3af3e193	ori	x3,x7,943	  x7:0x03ec7000  x3=0x03ec73af
       16265000	      1625	80001d68	0180afb3	slt	x31,x1,x24	  x1:0x00000000 x24:0x80009fc4 x31=0x00000000
       16275000	      1626	80001d6c	0049c463	blt	x19,x4,80001d74	 x19:0xfffffffd  x4:0x00000001
       16285000	      1627	00000000	00000013	addi	x0,x0,0	  x0:0x00000000
       16295000	      1628	80001d70	00000013	addi	x0,x0,0	  x0:0x00000000
       16305000	      1629	80001d74	0139d3b3	srl	x7,x19,x19	 x19:0xfffffffd x19:0xfffffffd  x7=0x00000007
       16315000	      1630	80001d78	00000013	addi	x0,x0,0	  x0:0x00000000
       16325000	      1631	80001d7c	035b9e63	bne	x23,x21,80001db8	 x23:0x00000001 x21:0xfc1ac754
       16335000	      1632	00000000	00000013	addi	x0,x0,0	  x0:0x00000000
       16345000	      1633	80001db4	00000013	addi	x0,x0,0	  x0:0x00000000
       16355000	      1634	80001db8	4188dd33	sra	x26,x17,x24	 x17:0x00000000 x24:0x80009fc4 x26=0x00000000
       16365000	      1635	80001dbc	02e4fc63	bgeu	x9,x14,80001df4	  x9:0x003ffffe x14:0xfc1ac754
       16375000	      1636	80001dc0	bf1cff93	andi	x31,x25,-1039	 x25:0x00000000 x31=0x00000000
       16385000	      1637	80001dc4	02b2a1b7	lui	x3,0x2b2a	  x3=0x02b2a000
       16395000	      1638	80001dc8	00ac2db3	slt	x27,x24,x10	 x24:0x80009fc4 x10:0xfffff8fa x27=0x00000001
       16405000	      1639	80001dcc	00d25b93	srli	x23,x4,0xd	  x4:0x00000001 x23=0x00000000
       16415000	      1640	80001dd0	20993ab7	lui	x21,0x20993	 x21=0x20993000
       16425000	      1641	80001dd4	48b3a393	slti	x7,x7,1163	  x7:0x00000007  x7=0x00000001
       16435000	      1642	80001dd8	01da0b33	add	x22,x20,x29	 x20:0x80009fc4 x29:0x803fffff x22=0x00409fc3
       16445000	      1643	80001ddc	41245db3	sra	x27,x8,x18	  x8:0x00000001 x18:0x00000000 x27=0x00000001
       16455000	      1644	80001de0	dcb04493	xori	x9,x0,-565	  x0:0x00000000  x9=0xfffffdcb
       16465000	      1645	80001de4	b2dc8413	addi	x8,x25,-1235	 x25:0x00000000  x8=0xfffffb2d
       16475000	      1646	80001de8	00758a33	add	x20,x11,x7	 x11:0x00000012  x7:0x00000001 x20=0x00000013
       16485000	      1647	80001dec	887b8613	addi	x12,x23,-1913	 x23:0x00000000 x12=0xfffff887
       16495000	      1648	80001df0	00b0b833	sltu	x16,x1,x11	  x1:0x00000000 x11:0x00000012 x16=0x00000001
       16505000	      1649	80001df4	40aadb93	srai	x23,x21,0xa	 x21:0x20993000 x23=0x0008264c
       16515000	      1650	80001df8	69cce913	ori	x18,x25,1692	 x25:0x00000000 x18=0x0000069c
       16525000	      1651	80001dfc	02918a63	beq	x3,x9,80001e30	  x3:0x02b2a000  x9:0xfffffdcb
       16535000	      1652	80001e00	0224e063	bltu	x9,x2,80001e20	  x9:0xfffffdcb  x2:0xcbcb9c6c
       16545000	      1653	80001e04	e627ad13	slti	x26,x15,-414	 x15:0xfc1ac754 x26=0x00000001
       16555000	      1654	80001e08	00d6f233	and	x4,x13,x13	 x13:0x0000020d x13:0x0000020d  x4=0x0000020d
       16565000	      1655	80001e0c	41ced293	srai	x5,x29,0x1c	 x29:0x803fffff  x5=0xfffffff8
       16575000	      1656	80001e10	05dff063	bgeu	x31,x29,80001e50	 x31:0x00000000 x29:0x803fffff
       16585000	      1657	80001e14	01e95193	srli	x3,x18,0x1e	 x18:0x0000069c  x3=0x00000000
       16595000	      1658	80001e18	d7bd0913	addi	x18,x26,-645	 x26:0x00000001 x18=0xfffffd7c
       16605000	      1659	80001e1c	0168aab3	slt	x21,x17,x22	 x17:0x00000000 x22:0x00409fc3 x21=0x00000001
       16615000	      1660	80001e20	be3bf913	andi	x18,x23,-1053	 x23:0x0008264c x18=0x00082240
       16625000	      1661	80001e24	004f5b93	srli	x23,x30,0x4	 x30:0x00000000 x23=0x00000000
       16635000	      1662	80001e28	f5c028b7	lui	x17,0xf5c02	 x17=0xf5c02000
       16645000	      1663	80001e2c	03b86663	bltu	x16,x27,80001e58	 x16:0x00000001 x27:0x00000001
       16655000	      1664	80001e30	03088c63	beq	x17,x16,80001e68	 x17:0xf5c02000 x16:0x00000001
       16665000	      1665	80001e34	d621bd37	lui	x26,0xd621b	 x26=0xd621b000
       16675000	      1666	80001e38	002adb13	srli	x22,x21,0x2	 x21:0x00000001 x22=0x00000000
       16685000	      1667	80001e3c	41df8533	sub	x10,x31,x29	 x31:0x00000000 x29:0x803fffff x10=0x7fc00001
       16695000	      1668	80001e40	02cb1c63	bne	x22,x12,80001e78	 x22:0x00000000 x12:0xfffff887
       16705000	      1669	00000000	00000013	addi	x0,x0,0	  x0:0x00000000
       16715000	      1670	80001e74	00000013	addi	x0,x0,0	  x0:0x00000000
       16725000	      1671	80001e78	003c9293	slli	x5,x25,0x3	 x25:0x00000000  x5=0x00000000
       16735000	      1672	80001e7c	00d73bb3	sltu	x23,x14,x13	 x14:0xfc1ac754 x13:0x0000020d x23=0x00000000
       16745000	      1673	80001e80	00de9a63	bne	x29,x13,80001e94	 x29:0x803fffff x13:0x0000020d
       16755000	      1674	00000000	00000013	addi	x0,x0,0	  x0:0x00000000
       16765000	      1675	80001e90	00000013	addi	x0,x0,0	  x0:0x00000000
       16775000	      1676	80001e94	00569613	slli	x12,x13,0x5	 x13:0x0000020d x12=0x000041a0
       16785000	      1677	80001e98	01cadab3	srl	x21,x21,x28	 x21:0x00000001 x28:0x80009f60 x21=0x00000001
       16795000	      1678	80001e9c	12c5b093	sltiu	x1,x11,300	 x11:0x00000012  x1=0x00000001
       16805000	      1679	80001ea0	414bdd93	srai	x27,x23,0x14	 x23:0x00000000 x27=0x00000000
       16815000	      1680	80001ea4	018cd493	srli	x9,x25,0x18	 x25:0x00000000  x9=0x00000000
       16825000	      1681	80001ea8	0484f063	bgeu	x9,x8,80001ee8	  x9:0x00000000  x8:0xfffffb2d
       16835000	      1682	80001eac	40550bb3	sub	x23,x10,x5	 x10:0x7fc00001  x5:0x00000000 x23=0x7fc00001
       16845000	      1683	80001eb0	012a9c63	bne	x21,x18,80001ec8	 x21:0x00000001 x18:0x00082240
       16855000	      1684	00000000	00000013	addi	x0,x0,0	  x0:0x00000000
       16865000	      1685	80001ec4	00000013	addi	x0,x0,0	  x0:0x00000000
       16875000	      1686	80001ec8	00000013	addi	x0,x0,0	  x0:0x00000000
       16885000	      1687	80001ecc	01ab8263	beq	x23,x26,80001ed0	 x23:0x7fc00001 x26:0xd621b000
       16895000	      1688	80001ed0	7536ce93	xori	x29,x13,1875	 x13:0x0000020d x29=0x0000055e
       16905000	      1689	80001ed4	29f2ab13	slti	x22,x5,671	  x5:0x00000000 x22=0x00000001
       16915000	      1690	80001ed8	402806b3	sub	x13,x16,x2	 x16:0x00000001  x2:0xcbcb9c6c x13=0x34346395
       16925000	      1691	80001edc	02e81463	bne	x16,x14,80001f04	 x16:0x00000001 x14:0xfc1ac754
       16935000	      1692	00000000	00000013	addi	x0,x0,0	  x0:0x00000000
       16945000	      1693	80001f00	00000013	addi	x0,x0,0	  x0:0x00000000
       16955000	      1694	80001f04	00c27663	bgeu	x4,x12,80001f10	  x4:0x0000020d x12:0x000041a0
       16965000	      1695	80001f08	00e2fab3	and	x21,x5,x14	  x5:0x00000000 x14:0xfc1ac754 x21=0x00000000
       16975000	      1696	80001f0c	01193b33	sltu	x22,x18,x17	 x18:0x00082240 x17:0xf5c02000 x22=0x00000001
       16985000	      1697	80001f10	2b20ff93	andi	x31,x1,690	  x1:0x00000001 x31=0x00000000
       16995000	      1698	80001f14	72f19217	auipc	x4,0x72f19	  x4=0xf2f1af10
       17005000	      1699	80001f18	f65d6093	ori	x1,x26,-155	 x26:0xd621b000  x1=0xffffff65
       17015000	      1700	80001f1c	882c2f97	auipc	x31,0x882c2	 x31=0x082c3f18
       17025000	      1701	80001f20	009b01b3	add	x3,x22,x9	 x22:0x00000001  x9:0x00000000  x3=0x00000001
       17035000	      1702	80001f24	e9bf4f13	xori	x30,x30,-357	 x30:0x00000000 x30=0xfffffe9b
       17045000	      1703	80001f28	d85c34b7	lui	x9,0xd85c3	  x9=0xd85c3000
       17055000	      1704	80001f2c	034e1e63	bne	x28,x20,80001f68	 x28:0x80009f60 x20:0x00000013
       17065000	      1705	00000000	00000013	addi	x0,x0,0	  x0:0x00000000
       17075000	      1706	80001f64	00000013	addi	x0,x0,0	  x0:0x00000000
       17085000	      1707	80001f68	a54e3193	sltiu	x3,x28,-1452	 x28:0x80009f60  x3=0x00000001
       17095000	      1708	80001f6c	70940a13	addi	x20,x8,1801	  x8:0xfffffb2d x20=0x00000236
       17105000	      1709	80001f70	b5b99617	auipc	x12,0xb5b99	 x12=0x35b9af6c
       17115000	      1710	80001f74	03f81e63	bne	x16,x31,80001fb0	 x16:0x00000001 x31:0x082c3f18
       17125000	      1711	00000000	00000013	addi	x0,x0,0	  x0:0x00000000
       17135000	      1712	80001fac	00000013	addi	x0,x0,0	  x0:0x00000000
       17145000	      1713	80001fb0	015ee633	or	x12,x29,x21	 x29:0x0000055e x21:0x00000000 x12=0x0000055e
       17155000	      1714	80001fb4	53f16393	ori	x7,x2,1343	  x2:0xcbcb9c6c  x7=0xcbcb9d7f
       17165000	      1715	80001fb8	40e55b13	srai	x22,x10,0xe	 x10:0x7fc00001 x22=0x0001ff00
       17175000	      1716	80001fbc	01234b33	xor	x22,x6,x18	  x6:0xd78c1d5c x18:0x00082240 x22=0xd7843f1c
       17185000	      1717	80001fc0	03a58e63	beq	x11,x26,80001ffc	 x11:0x00000012 x26:0xd621b000
       17195000	      1718	80001fc4	00705933	srl	x18,x0,x7	  x0:0x00000000  x7:0xcbcb9d7f x18=0x00000000
       17205000	      1719	80001fc8	03a34263	blt	x6,x26,80001fec	  x6:0xd78c1d5c x26:0xd621b000
       17215000	      1720	80001fcc	01b345b3	xor	x11,x6,x27	  x6:0xd78c1d5c x27:0x00000000 x11=0xd78c1d5c
       17225000	      1721	80001fd0	0024f833	and	x16,x9,x2	  x9:0xd85c3000  x2:0xcbcb9c6c x16=0xc8481000
       17235000	      1722	80001fd4	01bade63	bge	x21,x27,80001ff0	 x21:0x00000000 x27:0x00000000
       17245000	      1723	00000000	00000013	addi	x0,x0,0	  x0:0x00000000
       17255000	      1724	80001fec	00000013	addi	x0,x0,0	  x0:0x00000000
       17265000	      1725	80001ff0	01675d33	srl	x26,x14,x22	 x14:0xfc1ac754 x22:0xd7843f1c x26=0x0000000f
       17275000	      1726	80001ff4	651e7313	andi	x6,x28,1617	 x28:0x80009f60  x6=0x00000640
       17285000	      1727	80001ff8	96a18a37	lui	x20,0x96a18	 x20=0x96a18000
       17295000	      1728	80001ffc	404ddb33	sra	x22,x27,x4	 x27:0x00000000  x4:0xf2f1af10 x22=0x00000000
       17305000	      1729	80002000	01b4eb33	or	x22,x9,x27	  x9:0xd85c3000 x27:0x00000000 x22=0xd85c3000
       17315000	      1730	80002004	405754b3	sra	x9,x14,x5	 x14:0xfc1ac754  x5:0x00000000  x9=0xfc1ac754
       17325000	      1731	80002008	018f0333	add	x6,x30,x24	 x30:0xfffffe9b x24:0x80009fc4  x6=0x80009e5f
       17335000	      1732	8000200c	007fa6b3	slt	x13,x31,x7	 x31:0x082c3f18  x7:0xcbcb9d7f x13=0x00000000
       17345000	      1733	80002010	00370ab3	add	x21,x14,x3	 x14:0xfc1ac754  x3:0x00000001 x21=0xfc1ac755
       17355000	      1734	80002014	01919c93	slli	x25,x3,0x19	  x3:0x00000001 x25=0x02000000
       17365000	      1735	80002018	83168cb7	lui	x25,0x83168	 x25=0x83168000
       17375000	      1736	8000201c	0207f663	bgeu	x15,x0,80002048	 x15:0xfc1ac754  x0:0x00000000
       17385000	      1737	00000000	00000013	addi	x0,x0,0	  x0:0x00000000
       17395000	      1738	80002044	00000013	addi	x0,x0,0	  x0:0x00000000
       17405000	      1739	80002048	b594c093	xori	x1,x9,-1191	  x9:0xfc1ac754  x1=0x03e53c0d
       17415000	      1740	8000204c	020efc63	bgeu	x29,x0,80002084	 x29:0x0000055e  x0:0x00000000
       17425000	      1741	00000000	00000013	addi	x0,x0,0	  x0:0x00000000
       17435000	      1742	80002080	00000013	addi	x0,x0,0	  x0:0x00000000
       17445000	      1743	80002084	41505d93	srai	x27,x0,0x15	  x0:0x00000000 x27=0x00000000
       17455000	      1744	80002088	008727b3	slt	x15,x14,x8	 x14:0xfc1ac754  x8:0xfffffb2d x15=0x00000001
       17465000	      1745	8000208c	00941693	slli	x13,x8,0x9	  x8:0xfffffb2d x13=0xfff65a00
       17475000	      1746	80002090	000bfbb3	and	x23,x23,x0	 x23:0x7fc00001  x0:0x00000000 x23=0x00000000
       17485000	      1747	80002094	5a319337	lui	x6,0x5a319	  x6=0x5a319000
       17495000	      1748	80002098	03ae4c63	blt	x28,x26,800020d0	 x28:0x80009f60 x26:0x0000000f
       17505000	      1749	00000000	00000013	addi	x0,x0,0	  x0:0x00000000
       17515000	      1750	800020cc	00000013	addi	x0,x0,0	  x0:0x00000000
       17525000	      1751	800020d0	00000013	addi	x0,x0,0	  x0:0x00000000
       17535000	      1752	800020d4	4e75ea13	ori	x20,x11,1255	 x11:0xd78c1d5c x20=0xd78c1dff
       17545000	      1753	800020d8	e7e22b13	slti	x22,x4,-386	  x4:0xf2f1af10 x22=0x00000001
       17555000	      1754	800020dc	03519a63	bne	x3,x21,80002110	  x3:0x00000001 x21:0xfc1ac755
       17565000	      1755	00000000	00000013	addi	x0,x0,0	  x0:0x00000000
       17575000	      1756	8000210c	00000013	addi	x0,x0,0	  x0:0x00000000
       17585000	      1757	80002110	01d1ef33	or	x30,x3,x29	  x3:0x00000001 x29:0x0000055e x30=0x0000055f
       17595000	      1758	80002114	e8b97497	auipc	x9,0xe8b97	  x9=0x68b99110
       17605000	      1759	80002118	01971813	slli	x16,x14,0x19	 x14:0xfc1ac754 x16=0xa8000000
       17615000	      1760	8000211c	008f6033	or	x0,x30,x8	 x30:0x0000055f  x8:0xfffffb2d
       17625000	      1761	80002120	03d19c63	bne	x3,x29,80002158	  x3:0x00000001 x29:0x0000055e
       17635000	      1762	00000000	00000013	addi	x0,x0,0	  x0:0x00000000
       17645000	      1763	80002154	00000013	addi	x0,x0,0	  x0:0x00000000
       17655000	      1764	80002158	019996b3	sll	x13,x19,x25	 x19:0xfffffffd x25:0x83168000 x13=0xfffffffd
       17665000	      1765	8000215c	11c7ff93	andi	x31,x15,284	 x15:0x00000001 x31=0x00000000
       17675000	      1766	80002160	00000013	addi	x0,x0,0	  x0:0x00000000
       17685000	      1767	80002164	00da4833	xor	x16,x20,x13	 x20:0xd78c1dff x13:0xfffffffd x16=0x2873e202
       17695000	      1768	80002168	001ef333	and	x6,x29,x1	 x29:0x0000055e  x1:0x03e53c0d  x6=0x0000040c
       17705000	      1769	8000216c	00000013	addi	x0,x0,0	  x0:0x00000000
       17715000	      1770	80002170	01d2f6b3	and	x13,x5,x29	  x5:0x00000000 x29:0x0000055e x13=0x00000000
       17725000	      1771	80002174	ab8d6793	ori	x15,x26,-1352	 x26:0x0000000f x15=0xfffffabf
       17735000	      1772	80002178	40dc5593	srai	x11,x24,0xd	 x24:0x80009fc4 x11=0xfffc0004
       17745000	      1773	8000217c	00fc7463	bgeu	x24,x15,80002184	 x24:0x80009fc4 x15:0xfffffabf
       17755000	      1774	80002180	e8927993	andi	x19,x4,-375	  x4:0xf2f1af10 x19=0xf2f1ae00
       17765000	      1775	80002184	41f25413	srai	x8,x4,0x1f	  x4:0xf2f1af10  x8=0xffffffff
       17775000	      1776	80002188	51769d97	auipc	x27,0x51769	 x27=0xd176b184
       17785000	      1777	8000218c	00486e63	bltu	x16,x4,800021a8	 x16:0x2873e202  x4:0xf2f1af10
       17795000	      1778	00000000	00000013	addi	x0,x0,0	  x0:0x00000000
       17805000	      1779	800021a4	00000013	addi	x0,x0,0	  x0:0x00000000
       17815000	      1780	800021a8	02366e63	bltu	x12,x3,800021e4	 x12:0x0000055e  x3:0x00000001
       17825000	      1781	800021ac	12d73a13	sltiu	x20,x14,301	 x14:0xfc1ac754 x20=0x00000000
       17835000	      1782	800021b0	064c3093	sltiu	x1,x24,100	 x24:0x80009fc4  x1=0x00000000
       17845000	      1783	800021b4	0149ca33	xor	x20,x19,x20	 x19:0xf2f1ae00 x20:0x00000000 x20=0xf2f1ae00
       17855000	      1784	800021b8	839b4217	auipc	x4,0x839b4	  x4=0x039b61b4
       17865000	      1785	800021bc	03aeda63	bge	x29,x26,800021f0	 x29:0x0000055e x26:0x0000000f
       17875000	      1786	00000000	00000013	addi	x0,x0,0	  x0:0x00000000
       17885000	      1787	800021ec	00000013	addi	x0,x0,0	  x0:0x00000000
       17895000	      1788	800021f0	1bd1e697	auipc	x13,0x1bd1e	 x13=0x9bd201ec
       17905000	      1789	800021f4	f9592093	slti	x1,x18,-107	 x18:0x00000000  x1=0x00000000
       17915000	      1790	800021f8	01e95f93	srli	x31,x18,0x1e	 x18:0x00000000 x31=0x00000000
       17925000	      1791	800021fc	002efab3	and	x21,x29,x2	 x29:0x0000055e  x2:0xcbcb9c6c x21=0x0000044c
       17935000	      1792	80002200	01d71a63	bne	x14,x29,80002214	 x14:0xfc1ac754 x29:0x0000055e
       17945000	      1793	00000000	00000013	addi	x0,x0,0	  x0:0x00000000
       17955000	      1794	80002210	00000013	addi	x0,x0,0	  x0:0x00000000
       17965000	      1795	80002214	0057e663	bltu	x15,x5,80002220	 x15:0xfffffabf  x5:0x00000000
       17975000	      1796	80002218	689a7913	andi	x18,x20,1673	 x20:0xf2f1ae00 x18=0x00000600
       17985000	      1797	8000221c	00000013	addi	x0,x0,0	  x0:0x00000000
       17995000	      1798	80002220	004c4133	xor	x2,x24,x4	 x24:0x80009fc4  x4:0x039b61b4  x2=0x839bfe70
       18005000	      1799	80002224	014fe1b3	or	x3,x31,x20	 x31:0x00000000 x20:0xf2f1ae00  x3=0xf2f1ae00
       18015000	      1800	80002228	0b5a9063	bne	x21,x21,800022c8	 x21:0x0000044c x21:0x0000044c
       18025000	      1801	8000222c	01e19993	slli	x19,x3,0x1e	  x3:0xf2f1ae00 x19=0x00000000
       18035000	      1802	80002230	00235a93	srli	x21,x6,0x2	  x6:0x0000040c x21=0x00000103
       18045000	      1803	80002234	00900a13	addi	x20,x0,9	  x0:0x00000000 x20=0x00000009
       18055000	      1804	80002238	1293a793	slti	x15,x7,297	  x7:0xcbcb9d7f x15=0x00000001
       18065000	      1805	8000223c	00400f13	addi	x30,x0,4	  x0:0x00000000 x30=0x00000004
       18075000	      1806	80002240	00000013	addi	x0,x0,0	  x0:0x00000000
       18085000	      1807	80002244	01d907b3	add	x15,x18,x29	 x18:0x00000600 x29:0x0000055e x15=0x00000b5e
       18095000	      1808	80002248	33ed6613	ori	x12,x26,830	 x26:0x0000000f x12=0x0000033f
       18105000	      1809	8000224c	0073e9b3	or	x19,x7,x7	  x7:0xcbcb9d7f  x7:0xcbcb9d7f x19=0xcbcb9d7f
       18115000	      1810	80002250	ffda0a13	addi	x20,x20,-3	 x20:0x00000009 x20=0x00000006
       18125000	      1811	80002254	00500413	addi	x8,x0,5	  x0:0x00000000  x8=0x00000005
       18135000	      1812	80002258	29e80d93	addi	x27,x16,670	 x16:0x2873e202 x27=0x2873e4a0
       18145000	      1813	8000225c	01635bb3	srl	x23,x6,x22	  x6:0x0000040c x22:0x00000001 x23=0x00000206
       18155000	      1814	80002260	ff100c93	addi	x25,x0,-15	  x0:0x00000000 x25=0xfffffff1
       18165000	      1815	80002264	01ae7fb3	and	x31,x28,x26	 x28:0x80009f60 x26:0x0000000f x31=0x00000000
       18175000	      1816	80002268	6d2be313	ori	x6,x23,1746	 x23:0x00000206  x6=0x000006d6
       18185000	      1817	8000226c	01982b33	slt	x22,x16,x25	 x16:0x2873e202 x25:0xfffffff1 x22=0x00000000
       18195000	      1818	80002270	0198a9b3	slt	x19,x17,x25	 x17:0xf5c02000 x25:0xfffffff1 x19=0x00000001
       18205000	      1819	80002274	ffb40413	addi	x8,x8,-5	  x8:0x00000005  x8=0x00000000
       18215000	      1820	80002278	1f709497	auipc	x9,0x1f709	  x9=0x9f70b274
       18225000	      1821	8000227c	01805113	srli	x2,x0,0x18	  x0:0x00000000  x2=0x00000000
       18235000	      1822	80002280	016b3bb3	sltu	x23,x22,x22	 x22:0x00000000 x22:0x00000000 x23=0x00000000
       18245000	      1823	80002284	ff9406e3	beq	x8,x25,80002270	  x8:0x00000000 x25:0xfffffff1
       18255000	      1824	80002288	01cfc133	xor	x2,x31,x28	 x31:0x00000000 x28:0x80009f60  x2=0x80009f60
       18265000	      1825	8000228c	e84059b7	lui	x19,0xe8405	 x19=0xe8405000
       18275000	      1826	80002290	fbea5ce3	bge	x20,x30,80002248	 x20:0x00000006 x30:0x00000004
       18285000	      1827	00000000	00000013	addi	x0,x0,0	  x0:0x00000000
       18295000	      1828	80002244	00000013	addi	x0,x0,0	  x0:0x00000000
       18305000	      1829	80002248	33ed6613	ori	x12,x26,830	 x26:0x0000000f x12=0x0000033f
       18315000	      1830	8000224c	0073e9b3	or	x19,x7,x7	  x7:0xcbcb9d7f  x7:0xcbcb9d7f x19=0xcbcb9d7f
       18325000	      1831	80002250	ffda0a13	addi	x20,x20,-3	 x20:0x00000006 x20=0x00000003
       18335000	      1832	80002254	00500413	addi	x8,x0,5	  x0:0x00000000  x8=0x00000005
       18345000	      1833	80002258	29e80d93	addi	x27,x16,670	 x16:0x2873e202 x27=0x2873e4a0
       18355000	      1834	8000225c	01635bb3	srl	x23,x6,x22	  x6:0x000006d6 x22:0x00000000 x23=0x000006d6
       18365000	      1835	80002260	ff100c93	addi	x25,x0,-15	  x0:0x00000000 x25=0xfffffff1
       18375000	      1836	80002264	01ae7fb3	and	x31,x28,x26	 x28:0x80009f60 x26:0x0000000f x31=0x00000000
       18385000	      1837	80002268	6d2be313	ori	x6,x23,1746	 x23:0x000006d6  x6=0x000006d6
       18395000	      1838	8000226c	01982b33	slt	x22,x16,x25	 x16:0x2873e202 x25:0xfffffff1 x22=0x00000000
       18405000	      1839	80002270	0198a9b3	slt	x19,x17,x25	 x17:0xf5c02000 x25:0xfffffff1 x19=0x00000001
       18415000	      1840	80002274	ffb40413	addi	x8,x8,-5	  x8:0x00000005  x8=0x00000000
       18425000	      1841	80002278	1f709497	auipc	x9,0x1f709	  x9=0x9f70b274
       18435000	      1842	8000227c	01805113	srli	x2,x0,0x18	  x0:0x00000000  x2=0x00000000
       18445000	      1843	80002280	016b3bb3	sltu	x23,x22,x22	 x22:0x00000000 x22:0x00000000 x23=0x00000000
       18455000	      1844	80002284	ff9406e3	beq	x8,x25,80002270	  x8:0x00000000 x25:0xfffffff1
       18465000	      1845	80002288	01cfc133	xor	x2,x31,x28	 x31:0x00000000 x28:0x80009f60  x2=0x80009f60
       18475000	      1846	8000228c	e84059b7	lui	x19,0xe8405	 x19=0xe8405000
       18485000	      1847	80002290	fbea5ce3	bge	x20,x30,80002248	 x20:0x00000003 x30:0x00000004
       18495000	      1848	80002294	63338193	addi	x3,x7,1587	  x7:0xcbcb9d7f  x3=0xcbcba3b2
       18505000	      1849	80002298	0201fc63	bgeu	x3,x0,800022d0	  x3:0xcbcba3b2  x0:0x00000000
       18515000	      1850	00000000	00000013	addi	x0,x0,0	  x0:0x00000000
       18525000	      1851	800022cc	00000013	addi	x0,x0,0	  x0:0x00000000
       18535000	      1852	800022d0	03cae263	bltu	x21,x28,800022f4	 x21:0x00000103 x28:0x80009f60
       18545000	      1853	00000000	00000013	addi	x0,x0,0	  x0:0x00000000
       18555000	      1854	800022f0	00000013	addi	x0,x0,0	  x0:0x00000000
       18565000	      1855	800022f4	00b35cb3	srl	x25,x6,x11	  x6:0x000006d6 x11:0xfffc0004 x25=0x0000006d
       18575000	      1856	800022f8	016600b3	add	x1,x12,x22	 x12:0x0000033f x22:0x00000000  x1=0x0000033f
       18585000	      1857	800022fc	40565033	sra	x0,x12,x5	 x12:0x0000033f  x5:0x00000000
       18595000	      1858	80002300	0a5ef663	bgeu	x29,x5,800023ac	 x29:0x0000055e  x5:0x00000000
       18605000	      1859	00000000	00000013	addi	x0,x0,0	  x0:0x00000000
       18615000	      1860	800023a8	00000013	addi	x0,x0,0	  x0:0x00000000
       18625000	      1861	800023ac	56b60b93	addi	x23,x12,1387	 x12:0x0000033f x23=0x000008aa
       18635000	      1862	800023b0	01734233	xor	x4,x6,x23	  x6:0x000006d6 x23:0x000008aa  x4=0x00000e7c
       18645000	      1863	800023b4	8188fe97	auipc	x29,0x8188f	 x29=0x018913b0
       18655000	      1864	800023b8	e7056217	auipc	x4,0xe7056	  x4=0x670583b4
       18665000	      1865	800023bc	009ff9b3	and	x19,x31,x9	 x31:0x00000000  x9:0x9f70b274 x19=0x00000000
       18675000	      1866	800023c0	002ddd93	srli	x27,x27,0x2	 x27:0x2873e4a0 x27=0x0a1cf928
       18685000	      1867	800023c4	9510ab13	slti	x22,x1,-1711	  x1:0x0000033f x22=0x00000000
       18695000	      1868	800023c8	0474e513	ori	x10,x9,71	  x9:0x9f70b274 x10=0x9f70b277
       18705000	      1869	800023cc	015b2133	slt	x2,x22,x21	 x22:0x00000000 x21:0x00000103  x2=0x00000001
       18715000	      1870	800023d0	00c11463	bne	x2,x12,800023d8	  x2:0x00000001 x12:0x0000033f
       18725000	      1871	00000000	00000013	addi	x0,x0,0	  x0:0x00000000
       18735000	      1872	800023d4	00000013	addi	x0,x0,0	  x0:0x00000000
       18745000	      1873	800023d8	38189cb7	lui	x25,0x38189	 x25=0x38189000
       18755000	      1874	800023dc	c9396513	ori	x10,x18,-877	 x18:0x00000600 x10=0xfffffe93
       18765000	      1875	800023e0	afac8813	addi	x16,x25,-1286	 x25:0x38189000 x16=0x38188afa
       18775000	      1876	800023e4	008fdb13	srli	x22,x31,0x8	 x31:0x00000000 x22=0x00000000
       18785000	      1877	800023e8	00400693	addi	x13,x0,4	  x0:0x00000000 x13=0x00000004
       18795000	      1878	800023ec	01400513	addi	x10,x0,20	  x0:0x00000000 x10=0x00000014
       18805000	      1879	800023f0	83338893	addi	x17,x7,-1997	  x7:0xcbcb9d7f x17=0xcbcb95b2
       18815000	      1880	800023f4	419650b3	sra	x1,x12,x25	 x12:0x0000033f x25:0x38189000  x1=0x0000033f
       18825000	      1881	800023f8	00bcb033	sltu	x0,x25,x11	 x25:0x38189000 x11:0xfffc0004
       18835000	      1882	800023fc	013bb833	sltu	x16,x23,x19	 x23:0x000008aa x19:0x00000000 x16=0x00000000
       18845000	      1883	80002400	00968693	addi	x13,x13,9	 x13:0x00000004 x13=0x0000000d
       18855000	      1884	80002404	012b5313	srli	x6,x22,0x12	 x22:0x00000000  x6=0x00000000
       18865000	      1885	80002408	fea6e8e3	bltu	x13,x10,800023f8	 x13:0x0000000d x10:0x00000014
       18875000	      1886	00000000	00000013	addi	x0,x0,0	  x0:0x00000000
       18885000	      1887	800023f4	00000013	addi	x0,x0,0	  x0:0x00000000
       18895000	      1888	800023f8	00bcb033	sltu	x0,x25,x11	 x25:0x38189000 x11:0xfffc0004
       18905000	      1889	800023fc	013bb833	sltu	x16,x23,x19	 x23:0x000008aa x19:0x00000000 x16=0x00000000
       18915000	      1890	80002400	00968693	addi	x13,x13,9	 x13:0x0000000d x13=0x00000016
       18925000	      1891	80002404	012b5313	srli	x6,x22,0x12	 x22:0x00000000  x6=0x00000000
       18935000	      1892	80002408	fea6e8e3	bltu	x13,x10,800023f8	 x13:0x00000016 x10:0x00000014
       18945000	      1893	8000240c	002bf2b3	and	x5,x23,x2	 x23:0x000008aa  x2:0x00000001  x5=0x00000000
       18955000	      1894	80002410	003dd133	srl	x2,x27,x3	 x27:0x0a1cf928  x3:0xcbcba3b2  x2=0x00000287
       18965000	      1895	80002414	f0a02a93	slti	x21,x0,-246	  x0:0x00000000 x21=0x00000000
       18975000	      1896	80002418	40805533	sra	x10,x0,x8	  x0:0x00000000  x8:0x00000000 x10=0x00000000
       18985000	      1897	8000241c	0560c663	blt	x1,x22,80002468	  x1:0x0000033f x22:0x00000000
       18995000	      1898	80002420	04c2e063	bltu	x5,x12,80002460	  x5:0x00000000 x12:0x0000033f
       19005000	      1899	00000000	00000013	addi	x0,x0,0	  x0:0x00000000
       19015000	      1900	8000245c	00000013	addi	x0,x0,0	  x0:0x00000000
       19025000	      1901	80002460	de6ba413	slti	x8,x23,-538	 x23:0x000008aa  x8=0x00000000
       19035000	      1902	80002464	00134433	xor	x8,x6,x1	  x6:0x00000000  x1:0x0000033f  x8=0x0000033f
       19045000	      1903	80002468	02346c63	bltu	x8,x3,800024a0	  x8:0x0000033f  x3:0xcbcba3b2
       19055000	      1904	00000000	00000013	addi	x0,x0,0	  x0:0x00000000
       19065000	      1905	8000249c	00000013	addi	x0,x0,0	  x0:0x00000000
       19075000	      1906	800024a0	03c5ee63	bltu	x11,x28,800024dc	 x11:0xfffc0004 x28:0x80009f60
       19085000	      1907	800024a4	0022a1b3	slt	x3,x5,x2	  x5:0x00000000  x2:0x00000287  x3=0x00000001
       19095000	      1908	800024a8	00bc5663	bge	x24,x11,800024b4	 x24:0x80009fc4 x11:0xfffc0004
       19105000	      1909	800024ac	403cdd33	sra	x26,x25,x3	 x25:0x38189000  x3:0x00000001 x26=0x1c0c4800
       19115000	      1910	800024b0	0963cc97	auipc	x25,0x963c	 x25=0x8963e4ac
       19125000	      1911	800024b4	00ce9813	slli	x16,x29,0xc	 x29:0x018913b0 x16=0x913b0000
       19135000	      1912	800024b8	02377663	bgeu	x14,x3,800024e4	 x14:0xfc1ac754  x3:0x00000001
       19145000	      1913	00000000	00000013	addi	x0,x0,0	  x0:0x00000000
       19155000	      1914	800024e0	00000013	addi	x0,x0,0	  x0:0x00000000
       19165000	      1915	800024e4	019fb233	sltu	x4,x31,x25	 x31:0x00000000 x25:0x8963e4ac  x4=0x00000001
       19175000	      1916	800024e8	0185aab3	slt	x21,x11,x24	 x11:0xfffc0004 x24:0x80009fc4 x21=0x00000000
       19185000	      1917	800024ec	007b76b3	and	x13,x22,x7	 x22:0x00000000  x7:0xcbcb9d7f x13=0x00000000
       19195000	      1918	800024f0	e7ed3eb7	lui	x29,0xe7ed3	 x29=0xe7ed3000
       19205000	      1919	800024f4	0054bfb3	sltu	x31,x9,x5	  x9:0x9f70b274  x5:0x00000000 x31=0x00000000
       19215000	      1920	800024f8	decd4213	xori	x4,x26,-532	 x26:0x1c0c4800  x4=0xe3f3b5ec
       19225000	      1921	800024fc	019d5033	srl	x0,x26,x25	 x26:0x1c0c4800 x25:0x8963e4ac
       19235000	      1922	80002500	f9b19417	auipc	x8,0xf9b19	  x8=0x79b1b4fc
       19245000	      1923	80002504	007183b3	add	x7,x3,x7	  x3:0x00000001  x7:0xcbcb9d7f  x7=0xcbcb9d80
       19255000	      1924	80002508	2c52c793	xori	x15,x5,709	  x5:0x00000000 x15=0x000002c5
       19265000	      1925	8000250c	00583fb3	sltu	x31,x16,x5	 x16:0x913b0000  x5:0x00000000 x31=0x00000000
       19275000	      1926	80002510	865a6d13	ori	x26,x20,-1947	 x20:0x00000003 x26=0xfffff867
       19285000	      1927	80002514	006ebcb3	sltu	x25,x29,x6	 x29:0xe7ed3000  x6:0x00000000 x25=0x00000000
       19295000	      1928	80002518	8e757237	lui	x4,0x8e757	  x4=0x8e757000
       19305000	      1929	8000251c	018405b3	add	x11,x8,x24	  x8:0x79b1b4fc x24:0x80009fc4 x11=0xf9b254c0
       19315000	      1930	80002520	5559f413	andi	x8,x19,1365	 x19:0x00000000  x8=0x00000000
       19325000	      1931	80002524	0bd5f063	bgeu	x11,x29,800025c4	 x11:0xf9b254c0 x29:0xe7ed3000
       19335000	      1932	00000000	00000013	addi	x0,x0,0	  x0:0x00000000
       19345000	      1933	800025c0	00000013	addi	x0,x0,0	  x0:0x00000000
       19355000	      1934	800025c4	cd150413	addi	x8,x10,-815	 x10:0x00000000  x8=0xfffffcd1
       19365000	      1935	800025c8	f1d4c1b7	lui	x3,0xf1d4c	  x3=0xf1d4c000
       19375000	      1936	800025cc	01511cb3	sll	x25,x2,x21	  x2:0x00000287 x21:0x00000000 x25=0x00000287
       19385000	      1937	800025d0	41d0d613	srai	x12,x1,0x1d	  x1:0x0000033f x12=0x00000000
       19395000	      1938	800025d4	008fd213	srli	x4,x31,0x8	 x31:0x00000000  x4=0x00000000
       19405000	      1939	800025d8	02cdec63	bltu	x27,x12,80002610	 x27:0x0a1cf928 x12:0x00000000
       19415000	      1940	800025dc	4c287093	andi	x1,x16,1218	 x16:0x913b0000  x1=0x00000000
       19425000	      1941	800025e0	01d41cb3	sll	x25,x8,x29	  x8:0xfffffcd1 x29:0xe7ed3000 x25=0xfffffcd1
       19435000	      1942	800025e4	05f07063	bgeu	x0,x31,80002624	  x0:0x00000000 x31:0x00000000
       19445000	      1943	00000000	00000013	addi	x0,x0,0	  x0:0x00000000
       19455000	      1944	80002620	00000013	addi	x0,x0,0	  x0:0x00000000
       19465000	      1945	80002624	41af0933	sub	x18,x30,x26	 x30:0x00000004 x26:0xfffff867 x18=0x0000079d
       19475000	      1946	80002628	41ea0833	sub	x16,x20,x30	 x20:0x00000003 x30:0x00000004 x16=0xffffffff
       19485000	      1947	8000262c	01858d33	add	x26,x11,x24	 x11:0xf9b254c0 x24:0x80009fc4 x26=0x79b2f484
       19495000	      1948	80002630	01df25b3	slt	x11,x30,x29	 x30:0x00000004 x29:0xe7ed3000 x11=0x00000000
       19505000	      1949	80002634	00919e63	bne	x3,x9,80002650	  x3:0xf1d4c000  x9:0x9f70b274
       19515000	      1950	00000000	00000013	addi	x0,x0,0	  x0:0x00000000
       19525000	      1951	8000264c	00000013	addi	x0,x0,0	  x0:0x00000000
       19535000	      1952	80002650	405352b3	sra	x5,x6,x5	  x6:0x00000000  x5:0x00000000  x5=0x00000000
       19545000	      1953	80002654	012f4933	xor	x18,x30,x18	 x30:0x00000004 x18:0x0000079d x18=0x00000799
       19555000	      1954	80002658	02f89263	bne	x17,x15,8000267c	 x17:0xcbcb95b2 x15:0x000002c5
       19565000	      1955	00000000	00000013	addi	x0,x0,0	  x0:0x00000000
       19575000	      1956	80002678	00000013	addi	x0,x0,0	  x0:0x00000000
       19585000	      1957	8000267c	00ec0863	beq	x24,x14,8000268c	 x24:0x80009fc4 x14:0xfc1ac754
       19595000	      1958	80002680	01a3fab3	and	x21,x7,x26	  x7:0xcbcb9d80 x26:0x79b2f484 x21=0x49829480
       19605000	      1959	80002684	00779893	slli	x17,x15,0x7	 x15:0x000002c5 x17=0x00016280
       19615000	      1960	80002688	460a8093	addi	x1,x21,1120	 x21:0x49829480  x1=0x498298e0
       19625000	      1961	8000268c	00cb31b3	sltu	x3,x22,x12	 x22:0x00000000 x12:0x00000000  x3=0x00000000
       19635000	      1962	80002690	00642233	slt	x4,x8,x6	  x8:0xfffffcd1  x6:0x00000000  x4=0x00000001
       19645000	      1963	80002694	49328b17	auipc	x22,0x49328	 x22=0xc932a690
       19655000	      1964	80002698	02268063	beq	x13,x2,800026b8	 x13:0x00000000  x2:0x00000287
       19665000	      1965	8000269c	61373413	sltiu	x8,x14,1555	 x14:0xfc1ac754  x8=0x00000000
       19675000	      1966	800026a0	0124e233	or	x4,x9,x18	  x9:0x9f70b274 x18:0x00000799  x4=0x9f70b7fd
       19685000	      1967	800026a4	8e45d617	auipc	x12,0x8e45d	 x12=0x0e45f6a0
       19695000	      1968	800026a8	16356b97	auipc	x23,0x16356	 x23=0x963586a4
       19705000	      1969	800026ac	02ad9e63	bne	x27,x10,800026e8	 x27:0x0a1cf928 x10:0x00000000
       19715000	      1970	00000000	00000013	addi	x0,x0,0	  x0:0x00000000
       19725000	      1971	800026e4	00000013	addi	x0,x0,0	  x0:0x00000000
       19735000	      1972	800026e8	03f80c63	beq	x16,x31,80002720	 x16:0xffffffff x31:0x00000000
       19745000	      1973	800026ec	000e1a93	slli	x21,x28,0x0	 x28:0x80009f60 x21=0x80009f60
       19755000	      1974	800026f0	fb6b3a13	sltiu	x20,x22,-74	 x22:0xc932a690 x20=0x00000001
       19765000	      1975	800026f4	048b9063	bne	x23,x8,80002734	 x23:0x963586a4  x8:0x00000000
       19775000	      1976	00000000	00000013	addi	x0,x0,0	  x0:0x00000000
       19785000	      1977	80002730	00000013	addi	x0,x0,0	  x0:0x00000000
       19795000	      1978	80002734	2349b013	sltiu	x0,x19,564	 x19:0x00000000
       19805000	      1979	80002738	0116ba33	sltu	x20,x13,x17	 x13:0x00000000 x17:0x00016280 x20=0x00000001
       19815000	      1980	8000273c	01319cb3	sll	x25,x3,x19	  x3:0x00000000 x19:0x00000000 x25=0x00000000
       19825000	      1981	80002740	c14f7b13	andi	x22,x30,-1004	 x30:0x00000004 x22=0x00000004
       19835000	      1982	80002744	0027a1b3	slt	x3,x15,x2	 x15:0x000002c5  x2:0x00000287  x3=0x00000000
       19845000	      1983	80002748	be5ec113	xori	x2,x29,-1051	 x29:0xe7ed3000  x2=0x1812cbe5
       19855000	      1984	8000274c	8f3b27b7	lui	x15,0x8f3b2	 x15=0x8f3b2000
       19865000	      1985	80002750	d51fa593	slti	x11,x31,-687	 x31:0x00000000 x11=0x00000000
       19875000	      1986	80002754	ab4b4493	xori	x9,x22,-1356	 x22:0x00000004  x9=0xfffffab0
       19885000	      1987	80002758	05bdf663	bgeu	x27,x27,800027a4	 x27:0x0a1cf928 x27:0x0a1cf928
       19895000	      1988	00000000	00000013	addi	x0,x0,0	  x0:0x00000000
       19905000	      1989	800027a0	00000013	addi	x0,x0,0	  x0:0x00000000
       19915000	      1990	800027a4	cf977813	andi	x16,x14,-775	 x14:0xfc1ac754 x16=0xfc1ac450
       19925000	      1991	800027a8	01a95a13	srli	x20,x18,0x1a	 x18:0x00000799 x20=0x00000000
       19935000	      1992	800027ac	0b06ca63	blt	x13,x16,80002860	 x13:0x00000000 x16:0xfc1ac450
       19945000	      1993	800027b0	09ce8e63	beq	x29,x28,8000284c	 x29:0xe7ed3000 x28:0x80009f60
       19955000	      1994	800027b4	94a20113	addi	x2,x4,-1718	  x4:0x9f70b7fd  x2=0x9f70b147
       19965000	      1995	800027b8	e578f213	andi	x4,x17,-425	 x17:0x00016280  x4=0x00016200
       19975000	      1996	800027bc	42e2b193	sltiu	x3,x5,1070	  x5:0x00000000  x3=0x00000001
       19985000	      1997	800027c0	ffc00393	addi	x7,x0,-4	  x0:0x00000000  x7=0xfffffffc
       19995000	      1998	800027c4	3ce4a813	slti	x16,x9,974	  x9:0xfffffab0 x16=0x00000001
       20005000	      1999	800027c8	0012aeb3	slt	x29,x5,x1	  x5:0x00000000  x1:0x498298e0 x29=0x00000001
       20015000	      2000	800027cc	00a00793	addi	x15,x0,10	  x0:0x00000000 x15=0x0000000a
       20025000	      2001	800027d0	019926b3	slt	x13,x18,x25	 x18:0x00000799 x25:0x00000000 x13=0x00000000
       20035000	      2002	800027d4	0199dab3	srl	x21,x19,x25	 x19:0x00000000 x25:0x00000000 x21=0x00000000
       20045000	      2003	800027d8	007b86b3	add	x13,x23,x7	 x23:0x963586a4  x7:0xfffffffc x13=0x963586a0
       20055000	      2004	800027dc	00738393	addi	x7,x7,7	  x7:0xfffffffc  x7=0x00000003
       20065000	      2005	800027e0	c2f81697	auipc	x13,0xc2f81	 x13=0x42f837dc
       20075000	      2006	800027e4	44766413	ori	x8,x12,1095	 x12:0x0e45f6a0  x8=0x0e45f6e7
       20085000	      2007	800027e8	ffc00613	addi	x12,x0,-4	  x0:0x00000000 x12=0xfffffffc
       20095000	      2008	800027ec	402a5d93	srai	x27,x20,0x2	 x20:0x00000000 x27=0x00000000
       20105000	      2009	800027f0	00daa033	slt	x0,x21,x13	 x21:0x00000000 x13:0x42f837dc
       20115000	      2010	800027f4	4183d513	srai	x10,x7,0x18	  x7:0x00000003 x10=0x00000000
       20125000	      2011	800027f8	40de01b3	sub	x3,x28,x13	 x28:0x80009f60 x13:0x42f837dc  x3=0x3d086784
       20135000	      2012	800027fc	007189b3	add	x19,x3,x7	  x3:0x3d086784  x7:0x00000003 x19=0x3d086787
       20145000	      2013	80002800	35f2b493	sltiu	x9,x5,863	  x5:0x00000000  x9=0x00000001
       20155000	      2014	80002804	e2ec0413	addi	x8,x24,-466	 x24:0x80009fc4  x8=0x80009df2
       20165000	      2015	80002808	01e29eb3	sll	x29,x5,x30	  x5:0x00000000 x30:0x00000004 x29=0x00000000
       20175000	      2016	8000280c	0eb0cf93	xori	x31,x1,235	  x1:0x498298e0 x31=0x4982980b
       20185000	      2017	80002810	00100f13	addi	x30,x0,1	  x0:0x00000000 x30=0x00000001
       20195000	      2018	80002814	00b98eb3	add	x29,x19,x11	 x19:0x3d086787 x11:0x00000000 x29=0x3d086787
       20205000	      2019	80002818	41b38bb3	sub	x23,x7,x27	  x7:0x00000003 x27:0x00000000 x23=0x00000003
       20215000	      2020	8000281c	00360613	addi	x12,x12,3	 x12:0xfffffffc x12=0xffffffff
       20225000	      2021	80002820	a4cde313	ori	x6,x27,-1460	 x27:0x00000000  x6=0xfffffa4c
       20235000	      2022	80002824	0059dfb3	srl	x31,x19,x5	 x19:0x3d086787  x5:0x00000000 x31=0x3d086787
       20245000	      2023	80002828	40cbd933	sra	x18,x23,x12	 x23:0x00000003 x12:0xffffffff x18=0x00000000
       20255000	      2024	8000282c	ffe664e3	bltu	x12,x30,80002814	 x12:0xffffffff x30:0x00000001
       20265000	      2025	80002830	404b8333	sub	x6,x23,x4	 x23:0x00000003  x4:0x00016200  x6=0xfffe9e03
       20275000	      2026	80002834	00796333	or	x6,x18,x7	 x18:0x00000000  x7:0x00000003  x6=0x00000003
       20285000	      2027	80002838	faf380e3	beq	x7,x15,800027d8	  x7:0x00000003 x15:0x0000000a
       20295000	      2028	8000283c	00000013	addi	x0,x0,0	  x0:0x00000000
       20305000	      2029	80002840	01be6433	or	x8,x28,x27	 x28:0x80009f60 x27:0x00000000  x8=0x80009f60
       20315000	      2030	80002844	8a80c413	xori	x8,x1,-1880	  x1:0x498298e0  x8=0xb67d6048
       20325000	      2031	80002848	2cc1a913	slti	x18,x3,716	  x3:0x3d086784 x18=0x00000000
       20335000	      2032	8000284c	00a7f833	and	x16,x15,x10	 x15:0x0000000a x10:0x00000000 x16=0x00000000
       20345000	      2033	80002850	0046e533	or	x10,x13,x4	 x13:0x42f837dc  x4:0x00016200 x10=0x42f977dc
       20355000	      2034	80002854	0006a533	slt	x10,x13,x0	 x13:0x42f837dc  x0:0x00000000 x10=0x00000000
       20365000	      2035	80002858	ae0c8393	addi	x7,x25,-1312	 x25:0x00000000  x7=0xfffffae0
       20375000	      2036	8000285c	4971c293	xori	x5,x3,1175	  x3:0x3d086784  x5=0x3d086313
       20385000	      2037	80002860	409b0633	sub	x12,x22,x9	 x22:0x00000004  x9:0x00000001 x12=0x00000003
       20395000	      2038	80002864	00000013	addi	x0,x0,0	  x0:0x00000000
       20405000	      2039	80002868	0185cf33	xor	x30,x11,x24	 x11:0x00000000 x24:0x80009fc4 x30=0x80009fc4
       20415000	      2040	8000286c	03728e63	beq	x5,x23,800028a8	  x5:0x3d086313 x23:0x00000003
       20425000	      2041	80002870	142ab237	lui	x4,0x142ab	  x4=0x142ab000
       20435000	      2042	80002874	03f38e63	beq	x7,x31,800028b0	  x7:0xfffffae0 x31:0x3d086787
       20445000	      2043	80002878	5ad17493	andi	x9,x2,1453	  x2:0x9f70b147  x9=0x00000105
       20455000	      2044	8000287c	01d2d9b3	srl	x19,x5,x29	  x5:0x3d086313 x29:0x3d086787 x19=0x007a10c6
       20465000	      2045	80002880	01f20863	beq	x4,x31,80002890	  x4:0x142ab000 x31:0x3d086787
       20475000	      2046	80002884	0077f1b3	and	x3,x15,x7	 x15:0x0000000a  x7:0xfffffae0  x3=0x00000000
       20485000	      2047	80002888	0176d013	srli	x0,x13,0x17	 x13:0x42f837dc
       20495000	      2048	8000288c	032c0463	beq	x24,x18,800028b4	 x24:0x80009fc4 x18:0x00000000
       20505000	      2049	80002890	67a2b593	sltiu	x11,x5,1658	  x5:0x3d086313 x11=0x00000000
       20515000	      2050	80002894	ee300793	addi	x15,x0,-285	  x0:0x00000000 x15=0xfffffee3
       20525000	      2051	80002898	00000013	addi	x0,x0,0	  x0:0x00000000
       20535000	      2052	8000289c	9f5ee993	ori	x19,x29,-1547	 x29:0x3d086787 x19=0xfffffff7
       20545000	      2053	800028a0	010f64b3	or	x9,x30,x16	 x30:0x80009fc4 x16:0x00000000  x9=0x80009fc4
       20555000	      2054	800028a4	41050bb3	sub	x23,x10,x16	 x10:0x00000000 x16:0x00000000 x23=0x00000000
       20565000	      2055	800028a8	8b08b413	sltiu	x8,x17,-1872	 x17:0x00016280  x8=0x00000001
       20575000	      2056	800028ac	41f38a33	sub	x20,x7,x31	  x7:0xfffffae0 x31:0x3d086787 x20=0xc2f79359
       20585000	      2057	800028b0	01dddf93	srli	x31,x27,0x1d	 x27:0x00000000 x31=0x00000000
       20595000	      2058	800028b4	41908533	sub	x10,x1,x25	  x1:0x498298e0 x25:0x00000000 x10=0x498298e0
       20605000	      2059	800028b8	02e79e63	bne	x15,x14,800028f4	 x15:0xfffffee3 x14:0xfc1ac754
       20615000	      2060	00000000	00000013	addi	x0,x0,0	  x0:0x00000000
       20625000	      2061	800028f0	00000013	addi	x0,x0,0	  x0:0x00000000
       20635000	      2062	800028f4	b9b13293	sltiu	x5,x2,-1125	  x2:0x9f70b147  x5=0x00000001
       20645000	      2063	800028f8	124a6893	ori	x17,x20,292	 x20:0xc2f79359 x17=0xc2f7937d
       20655000	      2064	800028fc	8b4ed7b7	lui	x15,0x8b4ed	 x15=0x8b4ed000
       20665000	      2065	80002900	00e0b133	sltu	x2,x1,x14	  x1:0x498298e0 x14:0xfc1ac754  x2=0x00000001
       20675000	      2066	80002904	416e00b3	sub	x1,x28,x22	 x28:0x80009f60 x22:0x00000004  x1=0x80009f5c
       20685000	      2067	80002908	002f5f13	srli	x30,x30,0x2	 x30:0x80009fc4 x30=0x200027f1
       20695000	      2068	8000290c	dc05f893	andi	x17,x11,-576	 x11:0x00000000 x17=0x00000000
       20705000	      2069	80002910	00000013	addi	x0,x0,0	  x0:0x00000000
       20715000	      2070	80002914	40b986b3	sub	x13,x19,x11	 x19:0xfffffff7 x11:0x00000000 x13=0xfffffff7
       20725000	      2071	80002918	03a88e63	beq	x17,x26,80002954	 x17:0x00000000 x26:0x79b2f484
       20735000	      2072	8000291c	00241313	slli	x6,x8,0x2	  x8:0x00000001  x6=0x00000004
       20745000	      2073	80002920	0bca2d13	slti	x26,x20,188	 x20:0xc2f79359 x26=0x00000001
       20755000	      2074	80002924	01c9e4b3	or	x9,x19,x28	 x19:0xfffffff7 x28:0x80009f60  x9=0xfffffff7
       20765000	      2075	80002928	03179263	bne	x15,x17,8000294c	 x15:0x8b4ed000 x17:0x00000000
       20775000	      2076	00000000	00000013	addi	x0,x0,0	  x0:0x00000000
       20785000	      2077	80002948	00000013	addi	x0,x0,0	  x0:0x00000000
       20795000	      2078	8000294c	01204eb3	xor	x29,x0,x18	  x0:0x00000000 x18:0x00000000 x29=0x00000000
       20805000	      2079	80002950	59cf7413	andi	x8,x30,1436	 x30:0x200027f1  x8=0x00000590
       20815000	      2080	80002954	031a1c63	bne	x20,x17,8000298c	 x20:0xc2f79359 x17:0x00000000
       20825000	      2081	00000000	00000013	addi	x0,x0,0	  x0:0x00000000
       20835000	      2082	80002988	00000013	addi	x0,x0,0	  x0:0x00000000
       20845000	      2083	8000298c	dfc07993	andi	x19,x0,-516	  x0:0x00000000 x19=0x00000000
       20855000	      2084	80002990	0195b0b3	sltu	x1,x11,x25	 x11:0x00000000 x25:0x00000000  x1=0x00000000
       20865000	      2085	80002994	01895e93	srli	x29,x18,0x18	 x18:0x00000000 x29=0x00000000
       20875000	      2086	80002998	009f67b3	or	x15,x30,x9	 x30:0x200027f1  x9:0xfffffff7 x15=0xfffffff7
       20885000	      2087	8000299c	01d247b3	xor	x15,x4,x29	  x4:0x142ab000 x29:0x00000000 x15=0x142ab000
       20895000	      2088	800029a0	02da1c63	bne	x20,x13,800029d8	 x20:0xc2f79359 x13:0xfffffff7
       20905000	      2089	00000000	00000013	addi	x0,x0,0	  x0:0x00000000
       20915000	      2090	800029d4	00000013	addi	x0,x0,0	  x0:0x00000000
       20925000	      2091	800029d8	01fe7a33	and	x20,x28,x31	 x28:0x80009f60 x31:0x00000000 x20=0x00000000
       20935000	      2092	800029dc	00fb8463	beq	x23,x15,800029e4	 x23:0x00000000 x15:0x142ab000
       20945000	      2093	800029e0	00aa5533	srl	x10,x20,x10	 x20:0x00000000 x10:0x498298e0 x10=0x00000000
       20955000	      2094	800029e4	00474133	xor	x2,x14,x4	 x14:0xfc1ac754  x4:0x142ab000  x2=0xe8307754
       20965000	      2095	800029e8	00f78463	beq	x15,x15,800029f0	 x15:0x142ab000 x15:0x142ab000
       20975000	      2096	00000000	00000013	addi	x0,x0,0	  x0:0x00000000
       20985000	      2097	800029ec	00000013	addi	x0,x0,0	  x0:0x00000000
       20995000	      2098	800029f0	0149fdb3	and	x27,x19,x20	 x19:0x00000000 x20:0x00000000 x27=0x00000000
       21005000	      2099	800029f4	00b21d93	slli	x27,x4,0xb	  x4:0x142ab000 x27=0x55800000
       21015000	      2100	800029f8	0098c833	xor	x16,x17,x9	 x17:0x00000000  x9:0xfffffff7 x16=0xfffffff7
       21025000	      2101	800029fc	6eea8d13	addi	x26,x21,1774	 x21:0x00000000 x26=0x000006ee
       21035000	      2102	80002a00	eb6e2513	slti	x10,x28,-330	 x28:0x80009f60 x10=0x00000001
       21045000	      2103	80002a04	04116063	bltu	x2,x1,80002a44	  x2:0xe8307754  x1:0x00000000
       21055000	      2104	80002a08	02ceea63	bltu	x29,x12,80002a3c	 x29:0x00000000 x12:0x00000003
       21065000	      2105	00000000	00000013	addi	x0,x0,0	  x0:0x00000000
       21075000	      2106	80002a38	00000013	addi	x0,x0,0	  x0:0x00000000
       21085000	      2107	80002a3c	ced00437	lui	x8,0xced00	  x8=0xced00000
       21095000	      2108	80002a40	02df4263	blt	x30,x13,80002a64	 x30:0x200027f1 x13:0xfffffff7
       21105000	      2109	80002a44	010a8ab3	add	x21,x21,x16	 x21:0x00000000 x16:0xfffffff7 x21=0xfffffff7
       21115000	      2110	80002a48	010fe463	bltu	x31,x16,80002a50	 x31:0x00000000 x16:0xfffffff7
       21125000	      2111	00000000	00000013	addi	x0,x0,0	  x0:0x00000000
       21135000	      2112	80002a4c	00000013	addi	x0,x0,0	  x0:0x00000000
       21145000	      2113	80002a50	0188f663	bgeu	x17,x24,80002a5c	 x17:0x00000000 x24:0x80009fc4
       21155000	      2114	80002a54	3a5d4393	xori	x7,x26,933	 x26:0x000006ee  x7=0x0000054b
       21165000	      2115	80002a58	e28f6197	auipc	x3,0xe28f6	  x3=0x628f8a54
       21175000	      2116	80002a5c	011242b3	xor	x5,x4,x17	  x4:0x142ab000 x17:0x00000000  x5=0x142ab000
       21185000	      2117	80002a60	031d7a63	bgeu	x26,x17,80002a94	 x26:0x000006ee x17:0x00000000
       21195000	      2118	00000000	00000013	addi	x0,x0,0	  x0:0x00000000
       21205000	      2119	80002a90	00000013	addi	x0,x0,0	  x0:0x00000000
       21215000	      2120	80002a94	09cfa193	slti	x3,x31,156	 x31:0x00000000  x3=0x00000001
       21225000	      2121	80002a98	01b4cb33	xor	x22,x9,x27	  x9:0xfffffff7 x27:0x55800000 x22=0xaa7ffff7
       21235000	      2122	80002a9c	01dbb8b3	sltu	x17,x23,x29	 x23:0x00000000 x29:0x00000000 x17=0x00000000
       21245000	      2123	80002aa0	01685263	bge	x16,x22,80002aa4	 x16:0xfffffff7 x22:0xaa7ffff7
       21255000	      2124	00000000	00000013	addi	x0,x0,0	  x0:0x00000000
       21265000	      2125	80002aa0	00000013	addi	x0,x0,0	  x0:0x00000000
       21275000	      2126	80002aa4	40ef58b3	sra	x17,x30,x14	 x30:0x200027f1 x14:0xfc1ac754 x17=0x00000200
       21285000	      2127	80002aa8	019ae833	or	x16,x21,x25	 x21:0xfffffff7 x25:0x00000000 x16=0xfffffff7
       21295000	      2128	80002aac	029d8e63	beq	x27,x9,80002ae8	 x27:0x55800000  x9:0xfffffff7
       21305000	      2129	80002ab0	e872dc97	auipc	x25,0xe872d	 x25=0x6872faac
       21315000	      2130	80002ab4	00a1db33	srl	x22,x3,x10	  x3:0x00000001 x10:0x00000001 x22=0x00000000
       21325000	      2131	80002ab8	00554f33	xor	x30,x10,x5	 x10:0x00000001  x5:0x142ab000 x30=0x142ab001
       21335000	      2132	80002abc	400e83b3	sub	x7,x29,x0	 x29:0x00000000  x0:0x00000000  x7=0x00000000
       21345000	      2133	80002ac0	40275613	srai	x12,x14,0x2	 x14:0xfc1ac754 x12=0xff06b1d5
       21355000	      2134	80002ac4	017d1333	sll	x6,x26,x23	 x26:0x000006ee x23:0x00000000  x6=0x000006ee
       21365000	      2135	80002ac8	002bb033	sltu	x0,x23,x2	 x23:0x00000000  x2:0xe8307754
       21375000	      2136	80002acc	01ab98b3	sll	x17,x23,x26	 x23:0x00000000 x26:0x000006ee x17=0x00000000
       21385000	      2137	80002ad0	37e63413	sltiu	x8,x12,894	 x12:0xff06b1d5  x8=0x00000000
       21395000	      2138	80002ad4	01a35d13	srli	x26,x6,0x1a	  x6:0x000006ee x26=0x00000000
       21405000	      2139	80002ad8	00d05933	srl	x18,x0,x13	  x0:0x00000000 x13:0xfffffff7 x18=0x00000000
       21415000	      2140	80002adc	772bb493	sltiu	x9,x23,1906	 x23:0x00000000  x9=0x00000001
       21425000	      2141	80002ae0	01781793	slli	x15,x16,0x17	 x16:0xfffffff7 x15=0xfb800000
       21435000	      2142	80002ae4	00843633	sltu	x12,x8,x8	  x8:0x00000000  x8:0x00000000 x12=0x00000000
       21445000	      2143	80002ae8	01645293	srli	x5,x8,0x16	  x8:0x00000000  x5=0x00000000
       21455000	      2144	80002aec	00e5c4b3	xor	x9,x11,x14	 x11:0x00000000 x14:0xfc1ac754  x9=0xfc1ac754
       21465000	      2145	80002af0	ffe40093	addi	x1,x8,-2	  x8:0x00000000  x1=0xfffffffe
       21475000	      2146	80002af4	00639663	bne	x7,x6,80002b00	  x7:0x00000000  x6:0x000006ee
       21485000	      2147	00000000	00000013	addi	x0,x0,0	  x0:0x00000000
       21495000	      2148	80002afc	00000013	addi	x0,x0,0	  x0:0x00000000
       21505000	      2149	80002b00	01f8a333	slt	x6,x17,x31	 x17:0x00000000 x31:0x00000000  x6=0x00000000
       21515000	      2150	80002b04	01ffd1b3	srl	x3,x31,x31	 x31:0x00000000 x31:0x00000000  x3=0x00000000
       21525000	      2151	80002b08	03669c63	bne	x13,x22,80002b40	 x13:0xfffffff7 x22:0x00000000
       21535000	      2152	00000000	00000013	addi	x0,x0,0	  x0:0x00000000
       21545000	      2153	80002b3c	00000013	addi	x0,x0,0	  x0:0x00000000
       21555000	      2154	80002b40	01860e63	beq	x12,x24,80002b5c	 x12:0x00000000 x24:0x80009fc4
       21565000	      2155	80002b44	02b3ce63	blt	x7,x11,80002b80	  x7:0x00000000 x11:0x00000000
       21575000	      2156	80002b48	40c453b3	sra	x7,x8,x12	  x8:0x00000000 x12:0x00000000  x7=0x00000000
       21585000	      2157	80002b4c	02739c63	bne	x7,x7,80002b84	  x7:0x00000000  x7:0x00000000
       21595000	      2158	80002b50	41535093	srai	x1,x6,0x15	  x6:0x00000000  x1=0x00000000
       21605000	      2159	80002b54	4060d693	srai	x13,x1,0x6	  x1:0x00000000 x13=0x00000000
       21615000	      2160	80002b58	0049c433	xor	x8,x19,x4	 x19:0x00000000  x4:0x142ab000  x8=0x142ab000
       21625000	      2161	80002b5c	34e5bd13	sltiu	x26,x11,846	 x11:0x00000000 x26=0x00000001
       21635000	      2162	80002b60	732aed93	ori	x27,x21,1842	 x21:0xfffffff7 x27=0xfffffff7
       21645000	      2163	80002b64	0726fa93	andi	x21,x13,114	 x13:0x00000000 x21=0x00000000
       21655000	      2164	80002b68	02ee1e63	bne	x28,x14,80002ba4	 x28:0x80009f60 x14:0xfc1ac754
       21665000	      2165	00000000	00000013	addi	x0,x0,0	  x0:0x00000000
       21675000	      2166	80002ba0	00000013	addi	x0,x0,0	  x0:0x00000000
       21685000	      2167	80002ba4	02668063	beq	x13,x6,80002bc4	 x13:0x00000000  x6:0x00000000
       21695000	      2168	00000000	00000013	addi	x0,x0,0	  x0:0x00000000
       21705000	      2169	80002bc0	00000013	addi	x0,x0,0	  x0:0x00000000
       21715000	      2170	80002bc4	01ce05b3	add	x11,x28,x28	 x28:0x80009f60 x28:0x80009f60 x11=0x00013ec0
       21725000	      2171	80002bc8	00268eb3	add	x29,x13,x2	 x13:0x00000000  x2:0xe8307754 x29=0xe8307754
       21735000	      2172	80002bcc	004e2203	lw	x4,4(x28)	 x28:0x80009f60  x4=0x80002e80 PA:0x80009f64
       21745000	      2173	80002bd0	010e0e13	addi	x28,x28,16	 x28:0x80009f60 x28=0x80009f70
       21755000	      2174	80002bd4	40650a33	sub	x20,x10,x6	 x10:0x00000001  x6:0x00000000 x20=0x00000001
       21765000	      2175	80002bd8	0092bab3	sltu	x21,x5,x9	  x5:0x00000000  x9:0xfc1ac754 x21=0x00000001
       21775000	      2176	80002bdc	4d050313	addi	x6,x10,1232	 x10:0x00000001  x6=0x000004d1
       21785000	      2177	80002be0	00f0df93	srli	x31,x1,0xf	  x1:0x00000000 x31=0x00000000
       21795000	      2178	80002be4	00120c93	addi	x25,x4,1	  x4:0x80002e80 x25=0x80002e81
       21805000	      2179	80002be8	000c8ce7	jalr	x25,x25,0	 x25:0x80002e81 x25=0x80002be8
       21815000	      2180	00000000	00000013	addi	x0,x0,0	  x0:0x00000000
       21825000	      2181	80002e80	00000013	addi	x0,x0,0	  x0:0x00000000
       21835000	      2182	80002e84	e3228913	addi	x18,x5,-462	  x5:0x00000000 x18=0xfffffe32
       21845000	      2183	80002e88	0029aeb3	slt	x29,x19,x2	 x19:0x00000000  x2:0xe8307754 x29=0x00000000
       21855000	      2184	80002e8c	d3dc0393	addi	x7,x24,-707	 x24:0x80009fc4  x7=0x80009d01
       21865000	      2185	80002e90	d9dca813	slti	x16,x25,-611	 x25:0x80002be8 x16=0x00000001
       21875000	      2186	80002e94	0047a533	slt	x10,x15,x4	 x15:0xfb800000  x4:0x80002e80 x10=0x00000000
       21885000	      2187	80002e98	ef4ebd93	sltiu	x27,x29,-268	 x29:0x00000000 x27=0x00000001
       21895000	      2188	80002e9c	006b8a63	beq	x23,x6,80002eb0	 x23:0x00000000  x6:0x000004d1
       21905000	      2189	80002ea0	005ec263	blt	x29,x5,80002ea4	 x29:0x00000000  x5:0x00000000
       21915000	      2190	80002ea4	0137f663	bgeu	x15,x19,80002eb0	 x15:0xfb800000 x19:0x00000000
       21925000	      2191	00000000	00000013	addi	x0,x0,0	  x0:0x00000000
       21935000	      2192	80002eac	00000013	addi	x0,x0,0	  x0:0x00000000
       21945000	      2193	80002eb0	69b64013	xori	x0,x12,1691	 x12:0x00000000
       21955000	      2194	80002eb4	0089e7b3	or	x15,x19,x8	 x19:0x00000000  x8:0x142ab000 x15=0x142ab000
       21965000	      2195	80002eb8	004e2203	lw	x4,4(x28)	 x28:0x80009f70  x4=0x80000d78 PA:0x80009f74
       21975000	      2196	80002ebc	00000013	addi	x0,x0,0	  x0:0x00000000
       21985000	      2197	80002ec0	014e0e13	addi	x28,x28,20	 x28:0x80009f70 x28=0x80009f84
       21995000	      2198	80002ec4	222cf593	andi	x11,x25,546	 x25:0x80002be8 x11=0x00000220
       22005000	      2199	80002ec8	01310333	add	x6,x2,x19	  x2:0xe8307754 x19:0x00000000  x6=0xe8307754
       22015000	      2200	80002ecc	f0adb193	sltiu	x3,x27,-246	 x27:0x00000001  x3=0x00000001
       22025000	      2201	80002ed0	00020d93	addi	x27,x4,0	  x4:0x80000d78 x27=0x80000d78
       22035000	      2202	80002ed4	000d8de7	jalr	x27,x27,0	 x27:0x80000d78 x27=0x80002ed4
       22045000	      2203	00000000	00000013	addi	x0,x0,0	  x0:0x00000000
       22055000	      2204	80000d78	00000013	addi	x0,x0,0	  x0:0x00000000
       22065000	      2205	80000d7c	03bf5063	bge	x30,x27,80000d9c	 x30:0x142ab001 x27:0x80002ed4
       22075000	      2206	00000000	00000013	addi	x0,x0,0	  x0:0x00000000
       22085000	      2207	80000d98	00000013	addi	x0,x0,0	  x0:0x00000000
       22095000	      2208	80000d9c	b7cb0393	addi	x7,x22,-1156	 x22:0x00000000  x7=0xfffffb7c
       22105000	      2209	80000da0	0155fe63	bgeu	x11,x21,80000dbc	 x11:0x00000220 x21:0x00000001
       22115000	      2210	00000000	00000013	addi	x0,x0,0	  x0:0x00000000
       22125000	      2211	80000db8	00000013	addi	x0,x0,0	  x0:0x00000000
       22135000	      2212	80000dbc	00d82d33	slt	x26,x16,x13	 x16:0x00000001 x13:0x00000000 x26=0x00000000
       22145000	      2213	80000dc0	03090e63	beq	x18,x16,80000dfc	 x18:0xfffffe32 x16:0x00000001
       22155000	      2214	80000dc4	01415793	srli	x15,x2,0x14	  x2:0xe8307754 x15=0x00000e83
       22165000	      2215	80000dc8	004b9493	slli	x9,x23,0x4	 x23:0x00000000  x9=0x00000000
       22175000	      2216	80000dcc	01cef263	bgeu	x29,x28,80000dd0	 x29:0x00000000 x28:0x80009f84
       22185000	      2217	80000dd0	44b22b13	slti	x22,x4,1099	  x4:0x80000d78 x22=0x00000001
       22195000	      2218	80000dd4	01a21133	sll	x2,x4,x26	  x4:0x80000d78 x26:0x00000000  x2=0x80000d78
       22205000	      2219	80000dd8	55940037	lui	x0,0x55940	
       22215000	      2220	80000ddc	0239d463	bge	x19,x3,80000e04	 x19:0x00000000  x3:0x00000001
       22225000	      2221	80000de0	04e3c863	blt	x7,x14,80000e30	  x7:0xfffffb7c x14:0xfc1ac754
       22235000	      2222	80000de4	e3f42513	slti	x10,x8,-449	  x8:0x142ab000 x10=0x00000000
       22245000	      2223	80000de8	66bac513	xori	x10,x21,1643	 x21:0x00000001 x10=0x0000066a
       22255000	      2224	80000dec	0367c663	blt	x15,x22,80000e18	 x15:0x00000e83 x22:0x00000001
       22265000	      2225	80000df0	00000013	addi	x0,x0,0	  x0:0x00000000
       22275000	      2226	80000df4	01fd9693	slli	x13,x27,0x1f	 x27:0x80002ed4 x13=0x00000000
       22285000	      2227	80000df8	01d1e433	or	x8,x3,x29	  x3:0x00000001 x29:0x00000000  x8=0x00000001
       22295000	      2228	80000dfc	01f2b333	sltu	x6,x5,x31	  x5:0x00000000 x31:0x00000000  x6=0x00000000
       22305000	      2229	80000e00	00113ab3	sltu	x21,x2,x1	  x2:0x80000d78  x1:0x00000000 x21=0x00000000
       22315000	      2230	80000e04	419281b3	sub	x3,x5,x25	  x5:0x00000000 x25:0x80002be8  x3=0x7fffd418
       22325000	      2231	80000e08	403c0933	sub	x18,x24,x3	 x24:0x80009fc4  x3:0x7fffd418 x18=0x0000cbac
       22335000	      2232	80000e0c	009b1d13	slli	x26,x22,0x9	 x22:0x00000001 x26=0x00000200
       22345000	      2233	80000e10	0008d113	srli	x2,x17,0x0	 x17:0x00000000  x2=0x00000000
       22355000	      2234	80000e14	3cf67493	andi	x9,x12,975	 x12:0x00000000  x9=0x00000000
       22365000	      2235	80000e18	001194b3	sll	x9,x3,x1	  x3:0x7fffd418  x1:0x00000000  x9=0x7fffd418
       22375000	      2236	80000e1c	4076d493	srai	x9,x13,0x7	 x13:0x00000000  x9=0x00000000
       22385000	      2237	80000e20	03b85c63	bge	x16,x27,80000e58	 x16:0x00000001 x27:0x80002ed4
       22395000	      2238	00000000	00000013	addi	x0,x0,0	  x0:0x00000000
       22405000	      2239	80000e54	00000013	addi	x0,x0,0	  x0:0x00000000
       22415000	      2240	80000e58	01049d93	slli	x27,x9,0x10	  x9:0x00000000 x27=0x00000000
       22425000	      2241	80000e5c	00cd7a63	bgeu	x26,x12,80000e70	 x26:0x00000200 x12:0x00000000
       22435000	      2242	00000000	00000013	addi	x0,x0,0	  x0:0x00000000
       22445000	      2243	80000e6c	00000013	addi	x0,x0,0	  x0:0x00000000
       22455000	      2244	80000e70	a9cc0113	addi	x2,x24,-1380	 x24:0x80009fc4  x2=0x80009a60
       22465000	      2245	80000e74	c49e6613	ori	x12,x28,-951	 x28:0x80009f84 x12=0xffffffcd
       22475000	      2246	80000e78	830b8013	addi	x0,x23,-2000	 x23:0x00000000
       22485000	      2247	80000e7c	00c2d393	srli	x7,x5,0xc	  x5:0x00000000  x7=0x00000000
       22495000	      2248	80000e80	0130f5b3	and	x11,x1,x19	  x1:0x00000000 x19:0x00000000 x11=0x00000000
       22505000	      2249	80000e84	40018bb3	sub	x23,x3,x0	  x3:0x7fffd418  x0:0x00000000 x23=0x7fffd418
       22515000	      2250	80000e88	517a16b7	lui	x13,0x517a1	 x13=0x517a1000
       22525000	      2251	80000e8c	c25b4113	xori	x2,x22,-987	 x22:0x00000001  x2=0xfffffc24
       22535000	      2252	80000e90	41e5d233	sra	x4,x11,x30	 x11:0x00000000 x30:0x142ab001  x4=0x00000000
       22545000	      2253	80000e94	cecd0513	addi	x10,x26,-788	 x26:0x00000200 x10=0xfffffeec
       22555000	      2254	80000e98	0112abb3	slt	x23,x5,x17	  x5:0x00000000 x17:0x00000000 x23=0x00000000
       22565000	      2255	80000e9c	40c0dfb3	sra	x31,x1,x12	  x1:0x00000000 x12:0xffffffcd x31=0x00000000
       22575000	      2256	80000ea0	019a1313	slli	x6,x20,0x19	 x20:0x00000001  x6=0x02000000
       22585000	      2257	80000ea4	40cc4597	auipc	x11,0x40cc4	 x11=0xc0cc4ea0
       22595000	      2258	80000ea8	b9750393	addi	x7,x10,-1129	 x10:0xfffffeec  x7=0xfffffa83
       22605000	      2259	80000eac	7764c813	xori	x16,x9,1910	  x9:0x00000000 x16=0x00000776
       22615000	      2260	80000eb0	302e7517	auipc	x10,0x302e7	 x10=0xb02e7eac
       22625000	      2261	80000eb4	90434393	xori	x7,x6,-1788	  x6:0x02000000  x7=0xfdfff904
       22635000	      2262	80000eb8	52827393	andi	x7,x4,1320	  x4:0x00000000  x7=0x00000000
       22645000	      2263	80000ebc	03ac7863	bgeu	x24,x26,80000eec	 x24:0x80009fc4 x26:0x00000200
       22655000	      2264	00000000	00000013	addi	x0,x0,0	  x0:0x00000000
       22665000	      2265	80000ee8	00000013	addi	x0,x0,0	  x0:0x00000000
       22675000	      2266	80000eec	00a7b633	sltu	x12,x15,x10	 x15:0x00000e83 x10:0xb02e7eac x12=0x00000001
       22685000	      2267	80000ef0	0073df93	srli	x31,x7,0x7	  x7:0x00000000 x31=0x00000000
       22695000	      2268	80000ef4	01c41893	slli	x17,x8,0x1c	  x8:0x00000001 x17=0x10000000
       22705000	      2269	80000ef8	cc672793	slti	x15,x14,-826	 x14:0xfc1ac754 x15=0x00000001
       22715000	      2270	80000efc	009d5993	srli	x19,x26,0x9	 x26:0x00000200 x19=0x00000001
       22725000	      2271	80000f00	001fd393	srli	x7,x31,0x1	 x31:0x00000000  x7=0x00000000
       22735000	      2272	80000f04	007369b3	or	x19,x6,x7	  x6:0x02000000  x7:0x00000000 x19=0x02000000
       22745000	      2273	80000f08	01f65f93	srli	x31,x12,0x1f	 x12:0x00000001 x31=0x00000000
       22755000	      2274	80000f0c	0156b2b3	sltu	x5,x13,x21	 x13:0x517a1000 x21:0x00000000  x5=0x00000000
       22765000	      2275	80000f10	03b94e63	blt	x18,x27,80000f4c	 x18:0x0000cbac x27:0x00000000
       22775000	      2276	80000f14	40d45313	srai	x6,x8,0xd	  x8:0x00000001  x6=0x00000000
       22785000	      2277	80000f18	0041aa33	slt	x20,x3,x4	  x3:0x7fffd418  x4:0x00000000 x20=0x00000000
       22795000	      2278	80000f1c	00d2acb3	slt	x25,x5,x13	  x5:0x00000000 x13:0x517a1000 x25=0x00000001
       22805000	      2279	80000f20	00239a33	sll	x20,x7,x2	  x7:0x00000000  x2:0xfffffc24 x20=0x00000000
       22815000	      2280	80000f24	00000013	addi	x0,x0,0	  x0:0x00000000
       22825000	      2281	80000f28	40528a33	sub	x20,x5,x5	  x5:0x00000000  x5:0x00000000 x20=0x00000000
       22835000	      2282	80000f2c	0047c133	xor	x2,x15,x4	 x15:0x00000001  x4:0x00000000  x2=0x00000001
       22845000	      2283	80000f30	0492d663	bge	x5,x9,80000f7c	  x5:0x00000000  x9:0x00000000
       22855000	      2284	00000000	00000013	addi	x0,x0,0	  x0:0x00000000
       22865000	      2285	80000f78	00000013	addi	x0,x0,0	  x0:0x00000000
       22875000	      2286	80000f7c	007e9f33	sll	x30,x29,x7	 x29:0x00000000  x7:0x00000000 x30=0x00000000
       22885000	      2287	80000f80	00000013	addi	x0,x0,0	  x0:0x00000000
       22895000	      2288	80000f84	cec98193	addi	x3,x19,-788	 x19:0x02000000  x3=0x01fffcec
       22905000	      2289	80000f88	00000013	addi	x0,x0,0	  x0:0x00000000
       22915000	      2290	80000f8c	a82c3d13	sltiu	x26,x24,-1406	 x24:0x80009fc4 x26=0x00000001
       22925000	      2291	80000f90	01dd9e63	bne	x27,x29,80000fac	 x27:0x00000000 x29:0x00000000
       22935000	      2292	80000f94	000e1393	slli	x7,x28,0x0	 x28:0x80009f84  x7=0x80009f84
       22945000	      2293	80000f98	01438663	beq	x7,x20,80000fa4	  x7:0x80009f84 x20:0x00000000
       22955000	      2294	80000f9c	93afcb97	auipc	x23,0x93afc	 x23=0x13afcf98
       22965000	      2295	80000fa0	01387633	and	x12,x16,x19	 x16:0x00000776 x19:0x02000000 x12=0x00000000
       22975000	      2296	80000fa4	018edc63	bge	x29,x24,80000fbc	 x29:0x00000000 x24:0x80009fc4
       22985000	      2297	00000000	00000013	addi	x0,x0,0	  x0:0x00000000
       22995000	      2298	80000fb8	00000013	addi	x0,x0,0	  x0:0x00000000
       23005000	      2299	80000fbc	117a3913	sltiu	x18,x20,279	 x20:0x00000000 x18=0x00000001
       23015000	      2300	80000fc0	016878b3	and	x17,x16,x22	 x16:0x00000776 x22:0x00000001 x17=0x00000000
       23025000	      2301	80000fc4	b5372d93	slti	x27,x14,-1197	 x14:0xfc1ac754 x27=0x00000001
       23035000	      2302	80000fc8	9d252213	slti	x4,x10,-1582	 x10:0xb02e7eac  x4=0x00000001
       23045000	      2303	80000fcc	37bcc593	xori	x11,x25,891	 x25:0x00000001 x11=0x0000037a
       23055000	      2304	80000fd0	00062a33	slt	x20,x12,x0	 x12:0x00000000  x0:0x00000000 x20=0x00000000
       23065000	      2305	80000fd4	0117f933	and	x18,x15,x17	 x15:0x00000001 x17:0x00000000 x18=0x00000000
       23075000	      2306	80000fd8	01448333	add	x6,x9,x20	  x9:0x00000000 x20:0x00000000  x6=0x00000000
       23085000	      2307	80000fdc	0189b6b3	sltu	x13,x19,x24	 x19:0x02000000 x24:0x80009fc4 x13=0x00000001
       23095000	      2308	80000fe0	9731f693	andi	x13,x3,-1677	  x3:0x01fffcec x13=0x01fff860
       23105000	      2309	80000fe4	036ede63	bge	x29,x22,80001020	 x29:0x00000000 x22:0x00000001
       23115000	      2310	80000fe8	01ddfd33	and	x26,x27,x29	 x27:0x00000001 x29:0x00000000 x26=0x00000000
       23125000	      2311	80000fec	04a74863	blt	x14,x10,8000103c	 x14:0xfc1ac754 x10:0xb02e7eac
       23135000	      2312	80000ff0	001473b3	and	x7,x8,x1	  x8:0x00000001  x1:0x00000000  x7=0x00000000
       23145000	      2313	80000ff4	064824b7	lui	x9,0x6482	  x9=0x06482000
       23155000	      2314	80000ff8	05336463	bltu	x6,x19,80001040	  x6:0x00000000 x19:0x02000000
       23165000	      2315	00000000	00000013	addi	x0,x0,0	  x0:0x00000000
       23175000	      2316	8000103c	00000013	addi	x0,x0,0	  x0:0x00000000
       23185000	      2317	80001040	016c5533	srl	x10,x24,x22	 x24:0x80009fc4 x22:0x00000001 x10=0x40004fe2
       23195000	      2318	80001044	0101e463	bltu	x3,x16,8000104c	  x3:0x01fffcec x16:0x00000776
       23205000	      2319	80001048	018b9593	slli	x11,x23,0x18	 x23:0x13afcf98 x11=0x98000000
       23215000	      2320	8000104c	01bfb3b3	sltu	x7,x31,x27	 x31:0x00000000 x27:0x00000001  x7=0x00000001
       23225000	      2321	80001050	00000013	addi	x0,x0,0	  x0:0x00000000
       23235000	      2322	80001054	629e1b37	lui	x22,0x629e1	 x22=0x629e1000
       23245000	      2323	80001058	004e7a63	bgeu	x28,x4,8000106c	 x28:0x80009f84  x4:0x00000001
       23255000	      2324	00000000	00000013	addi	x0,x0,0	  x0:0x00000000
       23265000	      2325	80001068	00000013	addi	x0,x0,0	  x0:0x00000000
       23275000	      2326	8000106c	019df833	and	x16,x27,x25	 x27:0x00000001 x25:0x00000001 x16=0x00000001
       23285000	      2327	80001070	019008b3	add	x17,x0,x25	  x0:0x00000000 x25:0x00000001 x17=0x00000001
       23295000	      2328	80001074	03ef0863	beq	x30,x30,800010a4	 x30:0x00000000 x30:0x00000000
       23305000	      2329	00000000	00000013	addi	x0,x0,0	  x0:0x00000000
       23315000	      2330	800010a0	00000013	addi	x0,x0,0	  x0:0x00000000
       23325000	      2331	800010a4	417ad213	srai	x4,x21,0x17	 x21:0x00000000  x4=0x00000000
       23335000	      2332	800010a8	7a66f013	andi	x0,x13,1958	 x13:0x01fff860
       23345000	      2333	800010ac	06323093	sltiu	x1,x4,99	  x4:0x00000000  x1=0x00000001
       23355000	      2334	800010b0	0020bd33	sltu	x26,x1,x2	  x1:0x00000001  x2:0x00000001 x26=0x00000000
       23365000	      2335	800010b4	01b765b3	or	x11,x14,x27	 x14:0xfc1ac754 x27:0x00000001 x11=0xfc1ac755
       23375000	      2336	800010b8	00000013	addi	x0,x0,0	  x0:0x00000000
       23385000	      2337	800010bc	15e44897	auipc	x17,0x15e44	 x17=0x95e450b8
       23395000	      2338	800010c0	42463513	sltiu	x10,x12,1060	 x12:0x00000000 x10=0x00000001
       23405000	      2339	800010c4	410f5d33	sra	x26,x30,x16	 x30:0x00000000 x16:0x00000001 x26=0x00000000
       23415000	      2340	800010c8	590cb113	sltiu	x2,x25,1424	 x25:0x00000001  x2=0x00000001
       23425000	      2341	800010cc	4121dd13	srai	x26,x3,0x12	  x3:0x01fffcec x26=0x0000007f
       23435000	      2342	800010d0	41ac0933	sub	x18,x24,x26	 x24:0x80009fc4 x26:0x0000007f x18=0x80009f45
       23445000	      2343	800010d4	001c9893	slli	x17,x25,0x1	 x25:0x00000001 x17=0x00000002
       23455000	      2344	800010d8	018de263	bltu	x27,x24,800010dc	 x27:0x00000001 x24:0x80009fc4
       23465000	      2345	00000000	00000013	addi	x0,x0,0	  x0:0x00000000
       23475000	      2346	800010d8	00000013	addi	x0,x0,0	  x0:0x00000000
       23485000	      2347	800010dc	084a29b7	lui	x19,0x84a2	 x19=0x084a2000
       23495000	      2348	800010e0	40c85033	sra	x0,x16,x12	 x16:0x00000001 x12:0x00000000
       23505000	      2349	800010e4	41c4db33	sra	x22,x9,x28	  x9:0x06482000 x28:0x80009f84 x22=0x00648200
       23515000	      2350	800010e8	00e5adb3	slt	x27,x11,x14	 x11:0xfc1ac755 x14:0xfc1ac754 x27=0x00000000
       23525000	      2351	800010ec	00cdacb3	slt	x25,x27,x12	 x27:0x00000000 x12:0x00000000 x25=0x00000000
       23535000	      2352	800010f0	61b92bb7	lui	x23,0x61b92	 x23=0x61b92000
       23545000	      2353	800010f4	015f9413	slli	x8,x31,0x15	 x31:0x00000000  x8=0x00000000
       23555000	      2354	800010f8	00000013	addi	x0,x0,0	  x0:0x00000000
       23565000	      2355	800010fc	01fe8533	add	x10,x29,x31	 x29:0x00000000 x31:0x00000000 x10=0x00000000
       23575000	      2356	80001100	030ce463	bltu	x25,x16,80001128	 x25:0x00000000 x16:0x00000001
       23585000	      2357	00000000	00000013	addi	x0,x0,0	  x0:0x00000000
       23595000	      2358	80001124	00000013	addi	x0,x0,0	  x0:0x00000000
       23605000	      2359	80001128	00db31b3	sltu	x3,x22,x13	 x22:0x00648200 x13:0x01fff860  x3=0x00000001
       23615000	      2360	8000112c	00d25f93	srli	x31,x4,0xd	  x4:0x00000000 x31=0x00000000
       23625000	      2361	80001130	66bd0c93	addi	x25,x26,1643	 x26:0x0000007f x25=0x000006ea
       23635000	      2362	80001134	00edd393	srli	x7,x27,0xe	 x27:0x00000000  x7=0x00000000
       23645000	      2363	80001138	3230f613	andi	x12,x1,803	  x1:0x00000001 x12=0x00000001
       23655000	      2364	8000113c	015aa6b3	slt	x13,x21,x21	 x21:0x00000000 x21:0x00000000 x13=0x00000000
       23665000	      2365	80001140	004d1663	bne	x26,x4,8000114c	 x26:0x0000007f  x4:0x00000000
       23675000	      2366	00000000	00000013	addi	x0,x0,0	  x0:0x00000000
       23685000	      2367	80001148	00000013	addi	x0,x0,0	  x0:0x00000000
       23695000	      2368	8000114c	03360e63	beq	x12,x19,80001188	 x12:0x00000001 x19:0x084a2000
       23705000	      2369	80001150	01ad9a93	slli	x21,x27,0x1a	 x27:0x00000000 x21=0x00000000
       23715000	      2370	80001154	40b20a33	sub	x20,x4,x11	  x4:0x00000000 x11:0xfc1ac755 x20=0x03e538ab
       23725000	      2371	80001158	0165ca63	blt	x11,x22,8000116c	 x11:0xfc1ac755 x22:0x00648200
       23735000	      2372	00000000	00000013	addi	x0,x0,0	  x0:0x00000000
       23745000	      2373	80001168	00000013	addi	x0,x0,0	  x0:0x00000000
       23755000	      2374	8000116c	00033ab3	sltu	x21,x6,x0	  x6:0x00000000  x0:0x00000000 x21=0x00000000
       23765000	      2375	80001170	86e1a3b7	lui	x7,0x86e1a	  x7=0x86e1a000
       23775000	      2376	80001174	32780693	addi	x13,x16,807	 x16:0x00000001 x13=0x00000328
       23785000	      2377	80001178	0246e863	bltu	x13,x4,800011a8	 x13:0x00000328  x4:0x00000000
       23795000	      2378	8000117c	017a6cb3	or	x25,x20,x23	 x20:0x03e538ab x23:0x61b92000 x25=0x63fd38ab
       23805000	      2379	80001180	009104b3	add	x9,x2,x9	  x2:0x00000001  x9:0x06482000  x9=0x06482001
       23815000	      2380	80001184	ceb0e493	ori	x9,x1,-789	  x1:0x00000001  x9=0xfffffceb
       23825000	      2381	80001188	40538333	sub	x6,x7,x5	  x7:0x86e1a000  x5:0x00000000  x6=0x86e1a000
       23835000	      2382	8000118c	1d3ccb13	xori	x22,x25,467	 x25:0x63fd38ab x22=0x63fd3978
       23845000	      2383	80001190	40385593	srai	x11,x16,0x3	 x16:0x00000001 x11=0x00000000
       23855000	      2384	80001194	ff196d13	ori	x26,x18,-15	 x18:0x80009f45 x26=0xfffffff5
       23865000	      2385	80001198	01fae2b3	or	x5,x21,x31	 x21:0x00000000 x31:0x00000000  x5=0x00000000
       23875000	      2386	8000119c	2c6e6b13	ori	x22,x28,710	 x28:0x80009f84 x22=0x80009fc6
       23885000	      2387	800011a0	05600463	beq	x0,x22,800011e8	  x0:0x00000000 x22:0x80009fc6
       23895000	      2388	800011a4	00d2c0b3	xor	x1,x5,x13	  x5:0x00000000 x13:0x00000328  x1=0x00000328
       23905000	      2389	800011a8	01bf1463	bne	x30,x27,800011b0	 x30:0x00000000 x27:0x00000000
       23915000	      2390	800011ac	0fe64a93	xori	x21,x12,254	 x12:0x00000001 x21=0x000000ff
       23925000	      2391	800011b0	01a6f033	and	x0,x13,x26	 x13:0x00000328 x26:0xfffffff5
       23935000	      2392	800011b4	8eba4a37	lui	x20,0x8eba4	 x20=0x8eba4000
       23945000	      2393	800011b8	018adeb3	srl	x29,x21,x24	 x21:0x000000ff x24:0x80009fc4 x29=0x0000000f
       23955000	      2394	800011bc	01ab83b3	add	x7,x23,x26	 x23:0x61b92000 x26:0xfffffff5  x7=0x61b91ff5
       23965000	      2395	800011c0	011fd133	srl	x2,x31,x17	 x31:0x00000000 x17:0x00000002  x2=0x00000000
       23975000	      2396	800011c4	00b1cab3	xor	x21,x3,x11	  x3:0x00000001 x11:0x00000000 x21=0x00000001
       23985000	      2397	800011c8	013ec6b3	xor	x13,x29,x19	 x29:0x0000000f x19:0x084a2000 x13=0x084a200f
       23995000	      2398	800011cc	00c19193	slli	x3,x3,0xc	  x3:0x00000001  x3=0x00001000
       24005000	      2399	800011d0	0aaa9463	bne	x21,x10,80001278	 x21:0x00000001 x10:0x00000000
       24015000	      2400	00000000	00000013	addi	x0,x0,0	  x0:0x00000000
       24025000	      2401	80001274	00000013	addi	x0,x0,0	  x0:0x00000000
       24035000	      2402	80001278	00781c63	bne	x16,x7,80001290	 x16:0x00000001  x7:0x61b91ff5
       24045000	      2403	00000000	00000013	addi	x0,x0,0	  x0:0x00000000
       24055000	      2404	8000128c	00000013	addi	x0,x0,0	  x0:0x00000000
       24065000	      2405	80001290	d9990813	addi	x16,x18,-615	 x18:0x80009f45 x16=0x80009cde
       24075000	      2406	80001294	000941b3	xor	x3,x18,x0	 x18:0x80009f45  x0:0x00000000  x3=0x80009f45
       24085000	      2407	80001298	00e81eb3	sll	x29,x16,x14	 x16:0x80009cde x14:0xfc1ac754 x29=0xcde00000
       24095000	      2408	8000129c	40548233	sub	x4,x9,x5	  x9:0xfffffceb  x5:0x00000000  x4=0xfffffceb
       24105000	      2409	800012a0	00f67e63	bgeu	x12,x15,800012bc	 x12:0x00000001 x15:0x00000001
       24115000	      2410	00000000	00000013	addi	x0,x0,0	  x0:0x00000000
       24125000	      2411	800012b8	00000013	addi	x0,x0,0	  x0:0x00000000
       24135000	      2412	800012bc	0135b833	sltu	x16,x11,x19	 x11:0x00000000 x19:0x084a2000 x16=0x00000001
       24145000	      2413	800012c0	0388d863	bge	x17,x24,800012f0	 x17:0x00000002 x24:0x80009fc4
       24155000	      2414	00000000	00000013	addi	x0,x0,0	  x0:0x00000000
       24165000	      2415	800012ec	00000013	addi	x0,x0,0	  x0:0x00000000
       24175000	      2416	800012f0	01f6d1b3	srl	x3,x13,x31	 x13:0x084a200f x31:0x00000000  x3=0x084a200f
       24185000	      2417	800012f4	01425a63	bge	x4,x20,80001308	  x4:0xfffffceb x20:0x8eba4000
       24195000	      2418	00000000	00000013	addi	x0,x0,0	  x0:0x00000000
       24205000	      2419	80001304	00000013	addi	x0,x0,0	  x0:0x00000000
       24215000	      2420	80001308	03969c63	bne	x13,x25,80001340	 x13:0x084a200f x25:0x63fd38ab
       24225000	      2421	00000000	00000013	addi	x0,x0,0	  x0:0x00000000
       24235000	      2422	8000133c	00000013	addi	x0,x0,0	  x0:0x00000000
       24245000	      2423	80001340	40c88933	sub	x18,x17,x12	 x17:0x00000002 x12:0x00000001 x18=0x00000001
       24255000	      2424	80001344	03db4a63	blt	x22,x29,80001378	 x22:0x80009fc6 x29:0xcde00000
       24265000	      2425	00000000	00000013	addi	x0,x0,0	  x0:0x00000000
       24275000	      2426	80001374	00000013	addi	x0,x0,0	  x0:0x00000000
       24285000	      2427	80001378	01cd1793	slli	x15,x26,0x1c	 x26:0xfffffff5 x15=0x50000000
       24295000	      2428	8000137c	02691063	bne	x18,x6,8000139c	 x18:0x00000001  x6:0x86e1a000
       24305000	      2429	00000000	00000013	addi	x0,x0,0	  x0:0x00000000
       24315000	      2430	80001398	00000013	addi	x0,x0,0	  x0:0x00000000
       24325000	      2431	8000139c	00f8ecb3	or	x25,x17,x15	 x17:0x00000002 x15:0x50000000 x25=0x50000002
       24335000	      2432	800013a0	012c7933	and	x18,x24,x18	 x24:0x80009fc4 x18:0x00000001 x18=0x00000000
       24345000	      2433	800013a4	003023b3	slt	x7,x0,x3	  x0:0x00000000  x3:0x084a200f  x7=0x00000001
       24355000	      2434	800013a8	00fb3833	sltu	x16,x22,x15	 x22:0x80009fc6 x15:0x50000000 x16=0x00000000
       24365000	      2435	800013ac	bd12a497	auipc	x9,0xbd12a	  x9=0x3d12b3a8
       24375000	      2436	800013b0	007b5233	srl	x4,x22,x7	 x22:0x80009fc6  x7:0x00000001  x4=0x40004fe3
       24385000	      2437	800013b4	031d9a63	bne	x27,x17,800013e8	 x27:0x00000000 x17:0x00000002
       24395000	      2438	00000000	00000013	addi	x0,x0,0	  x0:0x00000000
       24405000	      2439	800013e4	00000013	addi	x0,x0,0	  x0:0x00000000
       24415000	      2440	800013e8	01475133	srl	x2,x14,x20	 x14:0xfc1ac754 x20:0x8eba4000  x2=0xfc1ac754
       24425000	      2441	800013ec	03ecfe63	bgeu	x25,x30,80001428	 x25:0x50000002 x30:0x00000000
       24435000	      2442	00000000	00000013	addi	x0,x0,0	  x0:0x00000000
       24445000	      2443	80001424	00000013	addi	x0,x0,0	  x0:0x00000000
       24455000	      2444	80001428	f50e8413	addi	x8,x29,-176	 x29:0xcde00000  x8=0xcddfff50
       24465000	      2445	8000142c	99576213	ori	x4,x14,-1643	 x14:0xfc1ac754  x4=0xffffffd5
       24475000	      2446	80001430	00116fb3	or	x31,x2,x1	  x2:0xfc1ac754  x1:0x00000328 x31=0xfc1ac77c
       24485000	      2447	80001434	6749d217	auipc	x4,0x6749d	  x4=0xe749e430
       24495000	      2448	80001438	00000013	addi	x0,x0,0	  x0:0x00000000
       24505000	      2449	8000143c	01cce463	bltu	x25,x28,80001444	 x25:0x50000002 x28:0x80009f84
       24515000	      2450	00000000	00000013	addi	x0,x0,0	  x0:0x00000000
       24525000	      2451	80001440	00000013	addi	x0,x0,0	  x0:0x00000000
       24535000	      2452	80001444	018fc463	blt	x31,x24,8000144c	 x31:0xfc1ac77c x24:0x80009fc4
       24545000	      2453	80001448	01359263	bne	x11,x19,8000144c	 x11:0x00000000 x19:0x084a2000
       24555000	      2454	00000000	00000013	addi	x0,x0,0	  x0:0x00000000
       24565000	      2455	80001448	00000013	addi	x0,x0,0	  x0:0x00000000
       24575000	      2456	8000144c	01da1cb3	sll	x25,x20,x29	 x20:0x8eba4000 x29:0xcde00000 x25=0x8eba4000
       24585000	      2457	80001450	41d3d213	srai	x4,x7,0x1d	  x7:0x00000001  x4=0x00000000
       24595000	      2458	80001454	410bd0b3	sra	x1,x23,x16	 x23:0x61b92000 x16:0x00000000  x1=0x61b92000
       24605000	      2459	80001458	019b5663	bge	x22,x25,80001464	 x22:0x80009fc6 x25:0x8eba4000
       24615000	      2460	8000145c	01124033	xor	x0,x4,x17	  x4:0x00000000 x17:0x00000002
       24625000	      2461	80001460	1b4cb317	auipc	x6,0x1b4cb	  x6=0x9b4cc45c
       24635000	      2462	80001464	5cbda893	slti	x17,x27,1483	 x27:0x00000000 x17=0x00000001
       24645000	      2463	80001468	01fa71b3	and	x3,x20,x31	 x20:0x8eba4000 x31:0xfc1ac77c  x3=0x8c1a4000
       24655000	      2464	8000146c	01859f93	slli	x31,x11,0x18	 x11:0x00000000 x31=0x00000000
       24665000	      2465	80001470	00af5893	srli	x17,x30,0xa	 x30:0x00000000 x17=0x00000000
       24675000	      2466	80001474	01e55613	srli	x12,x10,0x1e	 x10:0x00000000 x12=0x00000000
       24685000	      2467	80001478	008a4863	blt	x20,x8,80001488	 x20:0x8eba4000  x8:0xcddfff50
       24695000	      2468	00000000	00000013	addi	x0,x0,0	  x0:0x00000000
       24705000	      2469	80001484	00000013	addi	x0,x0,0	  x0:0x00000000
       24715000	      2470	80001488	00629433	sll	x8,x5,x6	  x5:0x00000000  x6:0x9b4cc45c  x8=0x00000000
       24725000	      2471	8000148c	406e5eb3	sra	x29,x28,x6	 x28:0x80009f84  x6:0x9b4cc45c x29=0xfffffff8
       24735000	      2472	80001490	01850433	add	x8,x10,x24	 x10:0x00000000 x24:0x80009fc4  x8=0x80009fc4
       24745000	      2473	80001494	05f67663	bgeu	x12,x31,800014e0	 x12:0x00000000 x31:0x00000000
       24755000	      2474	00000000	00000013	addi	x0,x0,0	  x0:0x00000000
       24765000	      2475	800014dc	00000013	addi	x0,x0,0	  x0:0x00000000
       24775000	      2476	800014e0	d5b66613	ori	x12,x12,-677	 x12:0x00000000 x12=0xfffffd5b
       24785000	      2477	800014e4	0201fe63	bgeu	x3,x0,80001520	  x3:0x8c1a4000  x0:0x00000000
       24795000	      2478	00000000	00000013	addi	x0,x0,0	  x0:0x00000000
       24805000	      2479	8000151c	00000013	addi	x0,x0,0	  x0:0x00000000
       24815000	      2480	80001520	05a08063	beq	x1,x26,80001560	  x1:0x61b92000 x26:0xfffffff5
       24825000	      2481	80001524	0086a633	slt	x12,x13,x8	 x13:0x084a200f  x8:0x80009fc4 x12=0x00000000
       24835000	      2482	80001528	025d9863	bne	x27,x5,80001558	 x27:0x00000000  x5:0x00000000
       24845000	      2483	8000152c	007c5193	srli	x3,x24,0x7	 x24:0x80009fc4  x3=0x0100013f
       24855000	      2484	80001530	016a1c63	bne	x20,x22,80001548	 x20:0x8eba4000 x22:0x80009fc6
       24865000	      2485	00000000	00000013	addi	x0,x0,0	  x0:0x00000000
       24875000	      2486	80001544	00000013	addi	x0,x0,0	  x0:0x00000000
       24885000	      2487	80001548	1688fb13	andi	x22,x17,360	 x17:0x00000000 x22=0x00000000
       24895000	      2488	8000154c	76ed2013	slti	x0,x26,1902	 x26:0xfffffff5
       24905000	      2489	80001550	00d50bb3	add	x23,x10,x13	 x10:0x00000000 x13:0x084a200f x23=0x084a200f
       24915000	      2490	80001554	01fb1033	sll	x0,x22,x31	 x22:0x00000000 x31:0x00000000
       24925000	      2491	80001558	c0502e93	slti	x29,x0,-1019	  x0:0x00000000 x29=0x00000000
       24935000	      2492	8000155c	99896093	ori	x1,x18,-1640	 x18:0x00000000  x1=0xfffff998
       24945000	      2493	80001560	01703bb3	sltu	x23,x0,x23	  x0:0x00000000 x23:0x084a200f x23=0x00000001
       24955000	      2494	80001564	0195c9b3	xor	x19,x11,x25	 x11:0x00000000 x25:0x8eba4000 x19=0x8eba4000
       24965000	      2495	80001568	017c5e63	bge	x24,x23,80001584	 x24:0x80009fc4 x23:0x00000001
       24975000	      2496	8000156c	4d62d337	lui	x6,0x4d62d	  x6=0x4d62d000
       24985000	      2497	80001570	03de8863	beq	x29,x29,800015a0	 x29:0x00000000 x29:0x00000000
       24995000	      2498	00000000	00000013	addi	x0,x0,0	  x0:0x00000000
       25005000	      2499	8000159c	00000013	addi	x0,x0,0	  x0:0x00000000
       25015000	      2500	800015a0	40bc8133	sub	x2,x25,x11	 x25:0x8eba4000 x11:0x00000000  x2=0x8eba4000
       25025000	      2501	800015a4	00421a93	slli	x21,x4,0x4	  x4:0x00000000 x21=0x00000000
       25035000	      2502	800015a8	01329b13	slli	x22,x5,0x13	  x5:0x00000000 x22=0x00000000
       25045000	      2503	800015ac	b338c993	xori	x19,x17,-1229	 x17:0x00000000 x19=0xfffffb33
       25055000	      2504	800015b0	f48bc017	auipc	x0,0xf48bc	
       25065000	      2505	800015b4	93a66237	lui	x4,0x93a66	  x4=0x93a66000
       25075000	      2506	800015b8	0199d393	srli	x7,x19,0x19	 x19:0xfffffb33  x7=0x0000007f
       25085000	      2507	800015bc	01127933	and	x18,x4,x17	  x4:0x93a66000 x17:0x00000000 x18=0x00000000
       25095000	      2508	800015c0	6edd2017	auipc	x0,0x6edd2	
       25105000	      2509	800015c4	017a3033	sltu	x0,x20,x23	 x20:0x8eba4000 x23:0x00000001
       25115000	      2510	800015c8	ab52e213	ori	x4,x5,-1355	  x5:0x00000000  x4=0xfffffab5
       25125000	      2511	800015cc	01936fb3	or	x31,x6,x25	  x6:0x4d62d000 x25:0x8eba4000 x31=0xcffad000
       25135000	      2512	800015d0	00d37c63	bgeu	x6,x13,800015e8	  x6:0x4d62d000 x13:0x084a200f
       25145000	      2513	00000000	00000013	addi	x0,x0,0	  x0:0x00000000
       25155000	      2514	800015e4	00000013	addi	x0,x0,0	  x0:0x00000000
       25165000	      2515	800015e8	019423b3	slt	x7,x8,x25	  x8:0x80009fc4 x25:0x8eba4000  x7=0x00000001
       25175000	      2516	800015ec	002514b3	sll	x9,x10,x2	 x10:0x00000000  x2:0x8eba4000  x9=0x00000000
       25185000	      2517	800015f0	de090a13	addi	x20,x18,-544	 x18:0x00000000 x20=0xfffffde0
       25195000	      2518	800015f4	0452f063	bgeu	x5,x5,80001634	  x5:0x00000000  x5:0x00000000
       25205000	      2519	00000000	00000013	addi	x0,x0,0	  x0:0x00000000
       25215000	      2520	80001630	00000013	addi	x0,x0,0	  x0:0x00000000
       25225000	      2521	80001634	7d0fa413	slti	x8,x31,2000	 x31:0xcffad000  x8=0x00000001
       25235000	      2522	80001638	01a6c6b3	xor	x13,x13,x26	 x13:0x084a200f x26:0xfffffff5 x13=0xf7b5dffa
       25245000	      2523	8000163c	01a1c5b3	xor	x11,x3,x26	  x3:0x0100013f x26:0xfffffff5 x11=0xfefffeca
       25255000	      2524	80001640	00000717	auipc	x14,0x0	 x14=0x8000163c
       25265000	      2525	80001644	00c70713	addi	x14,x14,12	 x14:0x8000163c x14=0x80001648
       25275000	      2526	80001648	00070067	jalr	x0,x14,0	 x14:0x80001648
       25285000	      2527	00000000	00000013	addi	x0,x0,0	  x0:0x00000000
       25295000	      2528	80001648	00000013	addi	x0,x0,0	  x0:0x00000000
       25305000	      2529	8000164c	00100193	addi	x3,x0,1	  x0:0x00000000  x3=0x00000001
       25315000	      2530	80001650	00000073	ecall	
       25325000	      2531	80001654	461d0b13	addi	x22,x26,1121	 x26:0xfffffff5 x22=0x00000456
