		Time			Cycle	PC		Insn	Decoded instruction	Register and memory contents
          65000	         5	80000004	00000293	addi	x5,x0,0	  x0:0x00000000  x5=0x00000000
          75000	         6	80000008	00000313	addi	x6,x0,0	  x0:0x00000000  x6=0x00000000
          85000	         7	8000000c	00628263	beq	x5,x6,80000010	  x5:0x00000000  x6:0x00000000
          95000	         8	00000000	00000013	addi	x0,x0,0	  x0:0x00000000
         105000	         9	8000000c	00000013	addi	x0,x0,0	  x0:0x00000000
         115000	        10	80000010	00000617	auipc	x12,0x0	 x12=0x8000000c
         125000	        11	80000014	00c60613	addi	x12,x12,12	 x12:0x8000000c x12=0x80000018
         135000	        12	80000018	00060067	jalr	x0,x12,0	 x12:0x80000018
         145000	        13	00000000	00000013	addi	x0,x0,0	  x0:0x00000000
         155000	        14	80000018	00000013	addi	x0,x0,0	  x0:0x00000000
         165000	        15	8000001c	400007b7	lui	x15,0x40000	 x15=0x40000000
         175000	        16	80000020	10078793	addi	x15,x15,256	 x15:0x40000000 x15=0x40000100
         185000	        17	80000024	00000013	addi	x0,x0,0	  x0:0x00000000
         195000	        18	80000028	0000a697	auipc	x13,0xa	 x13=0x8000a024
         205000	        19	8000002c	fa068693	addi	x13,x13,-96	 x13:0x8000a024 x13=0x80009fc4
         215000	        20	80000030	00003797	auipc	x15,0x3	 x15=0x8000302c
         225000	        21	80000034	e5878793	addi	x15,x15,-424	 x15:0x8000302c x15=0x80002e84
         235000	        22	80000038	0007e793	ori	x15,x15,0	 x15:0x80002e84 x15=0x80002e84
         245000	        23	8000003c	00000013	addi	x0,x0,0	  x0:0x00000000
         255000	        24	80000040	00000797	auipc	x15,0x0	 x15=0x8000003c
         265000	        25	80000044	02078793	addi	x15,x15,32	 x15:0x8000003c x15=0x8000005c
         275000	        26	80000048	00000013	addi	x0,x0,0	  x0:0x00000000
         285000	        27	8000004c	00000013	addi	x0,x0,0	  x0:0x00000000
         295000	        28	80000050	000027b7	lui	x15,0x2	 x15=0x00002000
         305000	        29	80000054	80078793	addi	x15,x15,-2048	 x15:0x00002000 x15=0x00001800
         315000	        30	80000058	00000013	addi	x0,x0,0	  x0:0x00000000
         325000	        31	8000005c	00000013	addi	x0,x0,0	  x0:0x00000000
         335000	        32	80000060	8940e037	lui	x0,0x8940e	
         345000	        33	80000064	44a00013	addi	x0,x0,1098	  x0:0x00000000
         355000	        34	80000068	00700093	addi	x1,x0,7	  x0:0x00000000  x1=0x00000007
         365000	        35	8000006c	00a00113	addi	x2,x0,10	  x0:0x00000000  x2=0x0000000a
         375000	        36	80000070	76d5c1b7	lui	x3,0x76d5c	  x3=0x76d5c000
         385000	        37	80000074	08318193	addi	x3,x3,131	  x3:0x76d5c000  x3=0x76d5c083
         395000	        38	80000078	00e00213	addi	x4,x0,14	  x0:0x00000000  x4=0x0000000e
         405000	        39	8000007c	00e00313	addi	x6,x0,14	  x0:0x00000000  x6=0x0000000e
         415000	        40	80000080	2dc923b7	lui	x7,0x2dc92	  x7=0x2dc92000
         425000	        41	80000084	4d438393	addi	x7,x7,1236	  x7:0x2dc92000  x7=0x2dc924d4
         435000	        42	80000088	00d00413	addi	x8,x0,13	  x0:0x00000000  x8=0x0000000d
         445000	        43	8000008c	f75744b7	lui	x9,0xf7574	  x9=0xf7574000
         455000	        44	80000090	2b848493	addi	x9,x9,696	  x9:0xf7574000  x9=0xf75742b8
         465000	        45	80000094	d2763537	lui	x10,0xd2763	 x10=0xd2763000
         475000	        46	80000098	9c650513	addi	x10,x10,-1594	 x10:0xd2763000 x10=0xd27629c6
         485000	        47	8000009c	00a00593	addi	x11,x0,10	  x0:0x00000000 x11=0x0000000a
         495000	        48	800000a0	80000637	lui	x12,0x80000	 x12=0x80000000
         505000	        49	800000a4	c284e737	lui	x14,0xc284e	 x14=0xc284e000
         515000	        50	800000a8	bae70713	addi	x14,x14,-1106	 x14:0xc284e000 x14=0xc284dbae
         525000	        51	800000ac	00e00793	addi	x15,x0,14	  x0:0x00000000 x15=0x0000000e
         535000	        52	800000b0	5f4eb837	lui	x16,0x5f4eb	 x16=0x5f4eb000
         545000	        53	800000b4	08c80813	addi	x16,x16,140	 x16:0x5f4eb000 x16=0x5f4eb08c
         555000	        54	800000b8	804e98b7	lui	x17,0x804e9	 x17=0x804e9000
         565000	        55	800000bc	c1988893	addi	x17,x17,-999	 x17:0x804e9000 x17=0x804e8c19
         575000	        56	800000c0	80000937	lui	x18,0x80000	 x18=0x80000000
         585000	        57	800000c4	f35929b7	lui	x19,0xf3592	 x19=0xf3592000
         595000	        58	800000c8	04798993	addi	x19,x19,71	 x19:0xf3592000 x19=0xf3592047
         605000	        59	800000cc	80000a37	lui	x20,0x80000	 x20=0x80000000
         615000	        60	800000d0	80000ab7	lui	x21,0x80000	 x21=0x80000000
         625000	        61	800000d4	fba28b37	lui	x22,0xfba28	 x22=0xfba28000
         635000	        62	800000d8	273b0b13	addi	x22,x22,627	 x22:0xfba28000 x22=0xfba28273
         645000	        63	800000dc	00000b93	addi	x23,x0,0	  x0:0x00000000 x23=0x00000000
         655000	        64	800000e0	f6129c37	lui	x24,0xf6129	 x24=0xf6129000
         665000	        65	800000e4	f99c0c13	addi	x24,x24,-103	 x24:0xf6129000 x24=0xf6128f99
         675000	        66	800000e8	f9b22cb7	lui	x25,0xf9b22	 x25=0xf9b22000
         685000	        67	800000ec	b55c8c93	addi	x25,x25,-1195	 x25:0xf9b22000 x25=0xf9b21b55
         695000	        68	800000f0	00000d13	addi	x26,x0,0	  x0:0x00000000 x26=0x00000000
         705000	        69	800000f4	6f6a2db7	lui	x27,0x6f6a2	 x27=0x6f6a2000
         715000	        70	800000f8	307d8d93	addi	x27,x27,775	 x27:0x6f6a2000 x27=0x6f6a2307
         725000	        71	800000fc	f2f25e37	lui	x28,0xf2f25	 x28=0xf2f25000
         735000	        72	80000100	cf5e0e13	addi	x28,x28,-779	 x28:0xf2f25000 x28=0xf2f24cf5
         745000	        73	80000104	80000eb7	lui	x29,0x80000	 x29=0x80000000
         755000	        74	80000108	fa665f37	lui	x30,0xfa665	 x30=0xfa665000
         765000	        75	8000010c	f78f0f13	addi	x30,x30,-136	 x30:0xfa665000 x30=0xfa664f78
         775000	        76	80000110	00e00f93	addi	x31,x0,14	  x0:0x00000000 x31=0x0000000e
         785000	        77	80000114	0000a297	auipc	x5,0xa	  x5=0x8000a110
         795000	        78	80000118	e7428293	addi	x5,x5,-396	  x5:0x8000a110  x5=0x80009f84
         805000	        79	8000011c	00900f13	addi	x30,x0,9	  x0:0x00000000 x30=0x00000009
         815000	        80	80000120	96a9ec93	ori	x25,x19,-1686	 x19:0xf3592047 x25=0xfffff96f
         825000	        81	80000124	fed00193	addi	x3,x0,-19	  x0:0x00000000  x3=0xffffffed
         835000	        82	80000128	ba00b713	sltiu	x14,x1,-1120	  x1:0x00000007 x14=0x00000001
         845000	        83	8000012c	d6c5a897	auipc	x17,0xd6c5a	 x17=0x56c5a128
         855000	        84	80000130	ffcf0f13	addi	x30,x30,-4	 x30:0x00000009 x30=0x00000005
         865000	        85	80000134	001b80b3	add	x1,x23,x1	 x23:0x00000000  x1:0x00000007  x1=0x00000007
         875000	        86	80000138	2aa19db7	lui	x27,0x2aa19	 x27=0x2aa19000
         885000	        87	8000013c	ff600413	addi	x8,x0,-10	  x0:0x00000000  x8=0xfffffff6
         895000	        88	80000140	00a00e93	addi	x29,x0,10	  x0:0x00000000 x29=0x0000000a
         905000	        89	80000144	015bb733	sltu	x14,x23,x21	 x23:0x00000000 x21:0x80000000 x14=0x00000001
         915000	        90	80000148	e9086b13	ori	x22,x16,-368	 x16:0x5f4eb08c x22=0xfffffe9c
         925000	        91	8000014c	41fcdc93	srai	x25,x25,0x1f	 x25:0xfffff96f x25=0xffffffff
         935000	        92	80000150	00240413	addi	x8,x8,2	  x8:0xfffffff6  x8=0xfffffff8
         945000	        93	80000154	00743033	sltu	x0,x8,x7	  x8:0xfffffff8  x7:0x2dc924d4
         955000	        94	80000158	ffd466e3	bltu	x8,x29,80000144	  x8:0xfffffff8 x29:0x0000000a
         965000	        95	8000015c	01458fb3	add	x31,x11,x20	 x11:0x0000000a x20:0x80000000 x31=0x8000000a
         975000	        96	80000160	0919b993	sltiu	x19,x19,145	 x19:0xf3592047 x19=0x00000000
         985000	        97	80000164	013dd833	srl	x16,x27,x19	 x27:0x2aa19000 x19:0x00000000 x16=0x2aa19000
         995000	        98	80000168	66051997	auipc	x19,0x66051	 x19=0xe6051164
        1005000	        99	8000016c	fc3f10e3	bne	x30,x3,8000012c	 x30:0x00000005  x3:0xffffffed
        1015000	       100	00000000	00000013	addi	x0,x0,0	  x0:0x00000000
        1025000	       101	80000128	00000013	addi	x0,x0,0	  x0:0x00000000
        1035000	       102	8000012c	d6c5a897	auipc	x17,0xd6c5a	 x17=0x56c5a128
        1045000	       103	80000130	ffcf0f13	addi	x30,x30,-4	 x30:0x00000005 x30=0x00000001
        1055000	       104	80000134	001b80b3	add	x1,x23,x1	 x23:0x00000000  x1:0x00000007  x1=0x00000007
        1065000	       105	80000138	2aa19db7	lui	x27,0x2aa19	 x27=0x2aa19000
        1075000	       106	8000013c	ff600413	addi	x8,x0,-10	  x0:0x00000000  x8=0xfffffff6
        1085000	       107	80000140	00a00e93	addi	x29,x0,10	  x0:0x00000000 x29=0x0000000a
        1095000	       108	80000144	015bb733	sltu	x14,x23,x21	 x23:0x00000000 x21:0x80000000 x14=0x00000001
        1105000	       109	80000148	e9086b13	ori	x22,x16,-368	 x16:0x2aa19000 x22=0xfffffe90
        1115000	       110	8000014c	41fcdc93	srai	x25,x25,0x1f	 x25:0xffffffff x25=0xffffffff
        1125000	       111	80000150	00240413	addi	x8,x8,2	  x8:0xfffffff6  x8=0xfffffff8
        1135000	       112	80000154	00743033	sltu	x0,x8,x7	  x8:0xfffffff8  x7:0x2dc924d4
        1145000	       113	80000158	ffd466e3	bltu	x8,x29,80000144	  x8:0xfffffff8 x29:0x0000000a
        1155000	       114	8000015c	01458fb3	add	x31,x11,x20	 x11:0x0000000a x20:0x80000000 x31=0x8000000a
        1165000	       115	80000160	0919b993	sltiu	x19,x19,145	 x19:0xe6051164 x19=0x00000000
        1175000	       116	80000164	013dd833	srl	x16,x27,x19	 x27:0x2aa19000 x19:0x00000000 x16=0x2aa19000
        1185000	       117	80000168	66051997	auipc	x19,0x66051	 x19=0xe6051164
        1195000	       118	8000016c	fc3f10e3	bne	x30,x3,8000012c	 x30:0x00000001  x3:0xffffffed
        1205000	       119	00000000	00000013	addi	x0,x0,0	  x0:0x00000000
        1215000	       120	80000128	00000013	addi	x0,x0,0	  x0:0x00000000
        1225000	       121	8000012c	d6c5a897	auipc	x17,0xd6c5a	 x17=0x56c5a128
        1235000	       122	80000130	ffcf0f13	addi	x30,x30,-4	 x30:0x00000001 x30=0xfffffffd
        1245000	       123	80000134	001b80b3	add	x1,x23,x1	 x23:0x00000000  x1:0x00000007  x1=0x00000007
        1255000	       124	80000138	2aa19db7	lui	x27,0x2aa19	 x27=0x2aa19000
        1265000	       125	8000013c	ff600413	addi	x8,x0,-10	  x0:0x00000000  x8=0xfffffff6
        1275000	       126	80000140	00a00e93	addi	x29,x0,10	  x0:0x00000000 x29=0x0000000a
        1285000	       127	80000144	015bb733	sltu	x14,x23,x21	 x23:0x00000000 x21:0x80000000 x14=0x00000001
        1295000	       128	80000148	e9086b13	ori	x22,x16,-368	 x16:0x2aa19000 x22=0xfffffe90
        1305000	       129	8000014c	41fcdc93	srai	x25,x25,0x1f	 x25:0xffffffff x25=0xffffffff
        1315000	       130	80000150	00240413	addi	x8,x8,2	  x8:0xfffffff6  x8=0xfffffff8
        1325000	       131	80000154	00743033	sltu	x0,x8,x7	  x8:0xfffffff8  x7:0x2dc924d4
        1335000	       132	80000158	ffd466e3	bltu	x8,x29,80000144	  x8:0xfffffff8 x29:0x0000000a
        1345000	       133	8000015c	01458fb3	add	x31,x11,x20	 x11:0x0000000a x20:0x80000000 x31=0x8000000a
        1355000	       134	80000160	0919b993	sltiu	x19,x19,145	 x19:0xe6051164 x19=0x00000000
        1365000	       135	80000164	013dd833	srl	x16,x27,x19	 x27:0x2aa19000 x19:0x00000000 x16=0x2aa19000
        1375000	       136	80000168	66051997	auipc	x19,0x66051	 x19=0xe6051164
        1385000	       137	8000016c	fc3f10e3	bne	x30,x3,8000012c	 x30:0xfffffffd  x3:0xffffffed
        1395000	       138	00000000	00000013	addi	x0,x0,0	  x0:0x00000000
        1405000	       139	80000128	00000013	addi	x0,x0,0	  x0:0x00000000
        1415000	       140	8000012c	d6c5a897	auipc	x17,0xd6c5a	 x17=0x56c5a128
        1425000	       141	80000130	ffcf0f13	addi	x30,x30,-4	 x30:0xfffffffd x30=0xfffffff9
        1435000	       142	80000134	001b80b3	add	x1,x23,x1	 x23:0x00000000  x1:0x00000007  x1=0x00000007
        1445000	       143	80000138	2aa19db7	lui	x27,0x2aa19	 x27=0x2aa19000
        1455000	       144	8000013c	ff600413	addi	x8,x0,-10	  x0:0x00000000  x8=0xfffffff6
        1465000	       145	80000140	00a00e93	addi	x29,x0,10	  x0:0x00000000 x29=0x0000000a
        1475000	       146	80000144	015bb733	sltu	x14,x23,x21	 x23:0x00000000 x21:0x80000000 x14=0x00000001
        1485000	       147	80000148	e9086b13	ori	x22,x16,-368	 x16:0x2aa19000 x22=0xfffffe90
        1495000	       148	8000014c	41fcdc93	srai	x25,x25,0x1f	 x25:0xffffffff x25=0xffffffff
        1505000	       149	80000150	00240413	addi	x8,x8,2	  x8:0xfffffff6  x8=0xfffffff8
        1515000	       150	80000154	00743033	sltu	x0,x8,x7	  x8:0xfffffff8  x7:0x2dc924d4
        1525000	       151	80000158	ffd466e3	bltu	x8,x29,80000144	  x8:0xfffffff8 x29:0x0000000a
        1535000	       152	8000015c	01458fb3	add	x31,x11,x20	 x11:0x0000000a x20:0x80000000 x31=0x8000000a
        1545000	       153	80000160	0919b993	sltiu	x19,x19,145	 x19:0xe6051164 x19=0x00000000
        1555000	       154	80000164	013dd833	srl	x16,x27,x19	 x27:0x2aa19000 x19:0x00000000 x16=0x2aa19000
        1565000	       155	80000168	66051997	auipc	x19,0x66051	 x19=0xe6051164
        1575000	       156	8000016c	fc3f10e3	bne	x30,x3,8000012c	 x30:0xfffffff9  x3:0xffffffed
        1585000	       157	00000000	00000013	addi	x0,x0,0	  x0:0x00000000
        1595000	       158	80000128	00000013	addi	x0,x0,0	  x0:0x00000000
        1605000	       159	8000012c	d6c5a897	auipc	x17,0xd6c5a	 x17=0x56c5a128
        1615000	       160	80000130	ffcf0f13	addi	x30,x30,-4	 x30:0xfffffff9 x30=0xfffffff5
        1625000	       161	80000134	001b80b3	add	x1,x23,x1	 x23:0x00000000  x1:0x00000007  x1=0x00000007
        1635000	       162	80000138	2aa19db7	lui	x27,0x2aa19	 x27=0x2aa19000
        1645000	       163	8000013c	ff600413	addi	x8,x0,-10	  x0:0x00000000  x8=0xfffffff6
        1655000	       164	80000140	00a00e93	addi	x29,x0,10	  x0:0x00000000 x29=0x0000000a
        1665000	       165	80000144	015bb733	sltu	x14,x23,x21	 x23:0x00000000 x21:0x80000000 x14=0x00000001
        1675000	       166	80000148	e9086b13	ori	x22,x16,-368	 x16:0x2aa19000 x22=0xfffffe90
        1685000	       167	8000014c	41fcdc93	srai	x25,x25,0x1f	 x25:0xffffffff x25=0xffffffff
        1695000	       168	80000150	00240413	addi	x8,x8,2	  x8:0xfffffff6  x8=0xfffffff8
        1705000	       169	80000154	00743033	sltu	x0,x8,x7	  x8:0xfffffff8  x7:0x2dc924d4
        1715000	       170	80000158	ffd466e3	bltu	x8,x29,80000144	  x8:0xfffffff8 x29:0x0000000a
        1725000	       171	8000015c	01458fb3	add	x31,x11,x20	 x11:0x0000000a x20:0x80000000 x31=0x8000000a
        1735000	       172	80000160	0919b993	sltiu	x19,x19,145	 x19:0xe6051164 x19=0x00000000
        1745000	       173	80000164	013dd833	srl	x16,x27,x19	 x27:0x2aa19000 x19:0x00000000 x16=0x2aa19000
        1755000	       174	80000168	66051997	auipc	x19,0x66051	 x19=0xe6051164
        1765000	       175	8000016c	fc3f10e3	bne	x30,x3,8000012c	 x30:0xfffffff5  x3:0xffffffed
        1775000	       176	00000000	00000013	addi	x0,x0,0	  x0:0x00000000
        1785000	       177	80000128	00000013	addi	x0,x0,0	  x0:0x00000000
        1795000	       178	8000012c	d6c5a897	auipc	x17,0xd6c5a	 x17=0x56c5a128
        1805000	       179	80000130	ffcf0f13	addi	x30,x30,-4	 x30:0xfffffff5 x30=0xfffffff1
        1815000	       180	80000134	001b80b3	add	x1,x23,x1	 x23:0x00000000  x1:0x00000007  x1=0x00000007
        1825000	       181	80000138	2aa19db7	lui	x27,0x2aa19	 x27=0x2aa19000
        1835000	       182	8000013c	ff600413	addi	x8,x0,-10	  x0:0x00000000  x8=0xfffffff6
        1845000	       183	80000140	00a00e93	addi	x29,x0,10	  x0:0x00000000 x29=0x0000000a
        1855000	       184	80000144	015bb733	sltu	x14,x23,x21	 x23:0x00000000 x21:0x80000000 x14=0x00000001
        1865000	       185	80000148	e9086b13	ori	x22,x16,-368	 x16:0x2aa19000 x22=0xfffffe90
        1875000	       186	8000014c	41fcdc93	srai	x25,x25,0x1f	 x25:0xffffffff x25=0xffffffff
        1885000	       187	80000150	00240413	addi	x8,x8,2	  x8:0xfffffff6  x8=0xfffffff8
        1895000	       188	80000154	00743033	sltu	x0,x8,x7	  x8:0xfffffff8  x7:0x2dc924d4
        1905000	       189	80000158	ffd466e3	bltu	x8,x29,80000144	  x8:0xfffffff8 x29:0x0000000a
        1915000	       190	8000015c	01458fb3	add	x31,x11,x20	 x11:0x0000000a x20:0x80000000 x31=0x8000000a
        1925000	       191	80000160	0919b993	sltiu	x19,x19,145	 x19:0xe6051164 x19=0x00000000
        1935000	       192	80000164	013dd833	srl	x16,x27,x19	 x27:0x2aa19000 x19:0x00000000 x16=0x2aa19000
        1945000	       193	80000168	66051997	auipc	x19,0x66051	 x19=0xe6051164
        1955000	       194	8000016c	fc3f10e3	bne	x30,x3,8000012c	 x30:0xfffffff1  x3:0xffffffed
        1965000	       195	00000000	00000013	addi	x0,x0,0	  x0:0x00000000
        1975000	       196	80000128	00000013	addi	x0,x0,0	  x0:0x00000000
        1985000	       197	8000012c	d6c5a897	auipc	x17,0xd6c5a	 x17=0x56c5a128
        1995000	       198	80000130	ffcf0f13	addi	x30,x30,-4	 x30:0xfffffff1 x30=0xffffffed
        2005000	       199	80000134	001b80b3	add	x1,x23,x1	 x23:0x00000000  x1:0x00000007  x1=0x00000007
        2015000	       200	80000138	2aa19db7	lui	x27,0x2aa19	 x27=0x2aa19000
        2025000	       201	8000013c	ff600413	addi	x8,x0,-10	  x0:0x00000000  x8=0xfffffff6
        2035000	       202	80000140	00a00e93	addi	x29,x0,10	  x0:0x00000000 x29=0x0000000a
        2045000	       203	80000144	015bb733	sltu	x14,x23,x21	 x23:0x00000000 x21:0x80000000 x14=0x00000001
        2055000	       204	80000148	e9086b13	ori	x22,x16,-368	 x16:0x2aa19000 x22=0xfffffe90
        2065000	       205	8000014c	41fcdc93	srai	x25,x25,0x1f	 x25:0xffffffff x25=0xffffffff
        2075000	       206	80000150	00240413	addi	x8,x8,2	  x8:0xfffffff6  x8=0xfffffff8
        2085000	       207	80000154	00743033	sltu	x0,x8,x7	  x8:0xfffffff8  x7:0x2dc924d4
        2095000	       208	80000158	ffd466e3	bltu	x8,x29,80000144	  x8:0xfffffff8 x29:0x0000000a
        2105000	       209	8000015c	01458fb3	add	x31,x11,x20	 x11:0x0000000a x20:0x80000000 x31=0x8000000a
        2115000	       210	80000160	0919b993	sltiu	x19,x19,145	 x19:0xe6051164 x19=0x00000000
        2125000	       211	80000164	013dd833	srl	x16,x27,x19	 x27:0x2aa19000 x19:0x00000000 x16=0x2aa19000
        2135000	       212	80000168	66051997	auipc	x19,0x66051	 x19=0xe6051164
        2145000	       213	8000016c	fc3f10e3	bne	x30,x3,8000012c	 x30:0xffffffed  x3:0xffffffed
        2155000	       214	80000170	40cfdab3	sra	x21,x31,x12	 x31:0x8000000a x12:0x80000000 x21=0x8000000a
        2165000	       215	80000174	ffc00593	addi	x11,x0,-4	  x0:0x00000000 x11=0xfffffffc
        2175000	       216	80000178	00eb1b33	sll	x22,x22,x14	 x22:0xfffffe90 x14:0x00000001 x22=0xfffffd20
        2185000	       217	8000017c	000a5fb3	srl	x31,x20,x0	 x20:0x80000000  x0:0x00000000 x31=0x80000000
        2195000	       218	80000180	418dd433	sra	x8,x27,x24	 x27:0x2aa19000 x24:0xf6128f99  x8=0x00000015
        2205000	       219	80000184	7f94cdb7	lui	x27,0x7f94c	 x27=0x7f94c000
        2215000	       220	80000188	fa40f797	auipc	x15,0xfa40f	 x15=0x7a40f184
        2225000	       221	8000018c	0a88fe13	andi	x28,x17,168	 x17:0x56c5a128 x28=0x00000028
        2235000	       222	80000190	00aa9d93	slli	x27,x21,0xa	 x21:0x8000000a x27=0x00002800
        2245000	       223	80000194	018d87b3	add	x15,x27,x24	 x27:0x00002800 x24:0xf6128f99 x15=0xf612b799
        2255000	       224	80000198	00c00f13	addi	x30,x0,12	  x0:0x00000000 x30=0x0000000c
        2265000	       225	8000019c	4f01e213	ori	x4,x3,1264	  x3:0xffffffed  x4=0xfffffffd
        2275000	       226	800001a0	00991cb3	sll	x25,x18,x9	 x18:0x80000000  x9:0xf75742b8 x25=0x00000000
        2285000	       227	800001a4	00485233	srl	x4,x16,x4	 x16:0x2aa19000  x4:0xfffffffd  x4=0x00000001
        2295000	       228	800001a8	002bb233	sltu	x4,x23,x2	 x23:0x00000000  x2:0x0000000a  x4=0x00000001
        2305000	       229	800001ac	00858593	addi	x11,x11,8	 x11:0xfffffffc x11=0x00000004
        2315000	       230	800001b0	a61b0093	addi	x1,x22,-1439	 x22:0xfffffd20  x1=0xfffff781
        2325000	       231	800001b4	00a00493	addi	x9,x0,10	  x0:0x00000000  x9=0x0000000a
        2335000	       232	800001b8	00000013	addi	x0,x0,0	  x0:0x00000000
        2345000	       233	800001bc	ff200513	addi	x10,x0,-14	  x0:0x00000000 x10=0xfffffff2
        2355000	       234	800001c0	4602eb13	ori	x22,x5,1120	  x5:0x80009f84 x22=0x80009fe4
        2365000	       235	800001c4	00b23133	sltu	x2,x4,x11	  x4:0x00000001 x11:0x00000004  x2=0x00000001
        2375000	       236	800001c8	01881a33	sll	x20,x16,x24	 x16:0x2aa19000 x24:0xf6128f99 x20=0x00000000
        2385000	       237	800001cc	ffa48493	addi	x9,x9,-6	  x9:0x0000000a  x9=0x00000004
        2395000	       238	800001d0	006c1e13	slli	x28,x24,0x6	 x24:0xf6128f99 x28=0x84a3e640
        2405000	       239	800001d4	00000013	addi	x0,x0,0	  x0:0x00000000
        2415000	       240	800001d8	9a677993	andi	x19,x14,-1626	 x14:0x00000001 x19=0x00000000
        2425000	       241	800001dc	011383b3	add	x7,x7,x17	  x7:0x2dc924d4 x17:0x56c5a128  x7=0x848ec5fc
        2435000	       242	800001e0	fea480e3	beq	x9,x10,800001c0	  x9:0x00000004 x10:0xfffffff2
        2445000	       243	800001e4	fde582e3	beq	x11,x30,800001a8	 x11:0x00000004 x30:0x0000000c
        2455000	       244	800001e8	c0638113	addi	x2,x7,-1018	  x7:0x848ec5fc  x2=0x848ec202
        2465000	       245	800001ec	ff800a93	addi	x21,x0,-8	  x0:0x00000000 x21=0xfffffff8
        2475000	       246	800001f0	01726933	or	x18,x4,x23	  x4:0x00000001 x23:0x00000000 x18=0x00000001
        2485000	       247	800001f4	005ccc33	xor	x24,x25,x5	 x25:0x00000000  x5:0x80009f84 x24=0x80009f84
        2495000	       248	800001f8	00e00313	addi	x6,x0,14	  x0:0x00000000  x6=0x0000000e
        2505000	       249	800001fc	a067be13	sltiu	x28,x15,-1530	 x15:0xf612b799 x28=0x00000001
        2515000	       250	80000200	b9538593	addi	x11,x7,-1131	  x7:0x848ec5fc x11=0x848ec191
        2525000	       251	80000204	415c0f33	sub	x30,x24,x21	 x24:0x80009f84 x21:0xfffffff8 x30=0x80009f8c
        2535000	       252	80000208	005a8a93	addi	x21,x21,5	 x21:0xfffffff8 x21=0xfffffffd
        2545000	       253	8000020c	413cd833	sra	x16,x25,x19	 x25:0x00000000 x19:0x00000000 x16=0x00000000
        2555000	       254	80000210	412d08b3	sub	x17,x26,x18	 x26:0x00000000 x18:0x00000001 x17=0xffffffff
        2565000	       255	80000214	43715f17	auipc	x30,0x43715	 x30=0xc3715210
        2575000	       256	80000218	00a00493	addi	x9,x0,10	  x0:0x00000000  x9=0x0000000a
        2585000	       257	8000021c	c279ae13	slti	x28,x19,-985	 x19:0x00000000 x28=0x00000000
        2595000	       258	80000220	c5050c17	auipc	x24,0xc5050	 x24=0x4505021c
        2605000	       259	80000224	00700413	addi	x8,x0,7	  x0:0x00000000  x8=0x00000007
        2615000	       260	80000228	858ed8b7	lui	x17,0x858ed	 x17=0x858ed000
        2625000	       261	8000022c	019e93b3	sll	x7,x29,x25	 x29:0x0000000a x25:0x00000000  x7=0x0000000a
        2635000	       262	80000230	00000013	addi	x0,x0,0	  x0:0x00000000
        2645000	       263	80000234	ffb48493	addi	x9,x9,-5	  x9:0x0000000a  x9=0x00000005
        2655000	       264	80000238	0140db33	srl	x22,x1,x20	  x1:0xfffff781 x20:0x00000000 x22=0xfffff781
        2665000	       265	8000023c	fe84f6e3	bgeu	x9,x8,80000228	  x9:0x00000005  x8:0x00000007
        2675000	       266	80000240	42e9f213	andi	x4,x19,1070	 x19:0x00000000  x4=0x00000000
        2685000	       267	80000244	40fbde93	srai	x29,x23,0xf	 x23:0x00000000 x29=0x00000000
        2695000	       268	80000248	fa6aece3	bltu	x21,x6,80000200	 x21:0xfffffffd  x6:0x0000000e
        2705000	       269	8000024c	0192e533	or	x10,x5,x25	  x5:0x80009f84 x25:0x00000000 x10=0x80009f84
        2715000	       270	80000250	ff900a93	addi	x21,x0,-7	  x0:0x00000000 x21=0xfffffff9
        2725000	       271	80000254	91f39797	auipc	x15,0x91f39	 x15=0x11f39250
        2735000	       272	80000258	01a82a33	slt	x20,x16,x26	 x16:0x00000000 x26:0x00000000 x20=0x00000000
        2745000	       273	8000025c	fef00b13	addi	x22,x0,-17	  x0:0x00000000 x22=0xffffffef
        2755000	       274	80000260	407704b3	sub	x9,x14,x7	 x14:0x00000001  x7:0x0000000a  x9=0xfffffff7
        2765000	       275	80000264	00d91993	slli	x19,x18,0xd	 x18:0x00000001 x19=0x00002000
        2775000	       276	80000268	001abf33	sltu	x30,x21,x1	 x21:0xfffffff9  x1:0xfffff781 x30=0x00000000
        2785000	       277	8000026c	44ef2c13	slti	x24,x30,1102	 x30:0x00000000 x24=0x00000001
        2795000	       278	80000270	002088b3	add	x17,x1,x2	  x1:0xfffff781  x2:0x848ec202 x17=0x848eb983
        2805000	       279	80000274	39c0cd13	xori	x26,x1,924	  x1:0xfffff781 x26=0xfffff41d
        2815000	       280	80000278	01fc5d93	srli	x27,x24,0x1f	 x24:0x00000001 x27=0x00000000
        2825000	       281	8000027c	014da033	slt	x0,x27,x20	 x27:0x00000000 x20:0x00000000
        2835000	       282	80000280	c8aee793	ori	x15,x29,-886	 x29:0x00000000 x15=0xfffffc8a
        2845000	       283	80000284	d5e4e093	ori	x1,x9,-674	  x9:0xfffffff7  x1=0xffffffff
        2855000	       284	80000288	ff6a8a93	addi	x21,x21,-10	 x21:0xfffffff9 x21=0xffffffef
        2865000	       285	8000028c	0025f333	and	x6,x11,x2	 x11:0x848ec191  x2:0x848ec202  x6=0x848ec000
        2875000	       286	80000290	c826b093	sltiu	x1,x13,-894	 x13:0x80009fc4  x1=0x00000001
        2885000	       287	80000294	15e36913	ori	x18,x6,350	  x6:0x848ec000 x18=0x848ec15e
        2895000	       288	80000298	6ec7a193	slti	x3,x15,1772	 x15:0xfffffc8a  x3=0x00000001
        2905000	       289	8000029c	00fffdb3	and	x27,x31,x15	 x31:0x80000000 x15:0xfffffc8a x27=0x80000000
        2915000	       290	800002a0	01538233	add	x4,x7,x21	  x7:0x0000000a x21:0xffffffef  x4=0xfffffff9
        2925000	       291	800002a4	004ad893	srli	x17,x21,0x4	 x21:0xffffffef x17=0x0ffffffe
        2935000	       292	800002a8	00febc33	sltu	x24,x29,x15	 x29:0x00000000 x15:0xfffffc8a x24=0x00000001
        2945000	       293	800002ac	00f1ebb3	or	x23,x3,x15	  x3:0x00000001 x15:0xfffffc8a x23=0xfffffc8b
        2955000	       294	800002b0	32fd0f13	addi	x30,x26,815	 x26:0xfffff41d x30=0xfffff74c
        2965000	       295	800002b4	fb6a9ce3	bne	x21,x22,8000026c	 x21:0xffffffef x22:0xffffffef
        2975000	       296	800002b8	0109c533	xor	x10,x19,x16	 x19:0x00002000 x16:0x00000000 x10=0x00002000
        2985000	       297	800002bc	ffa00893	addi	x17,x0,-6	  x0:0x00000000 x17=0xfffffffa
        2995000	       298	800002c0	06456593	ori	x11,x10,100	 x10:0x00002000 x11=0x00002064
        3005000	       299	800002c4	41aa8ab3	sub	x21,x21,x26	 x21:0xffffffef x26:0xfffff41d x21=0x00000bd2
        3015000	       300	800002c8	32290e17	auipc	x28,0x32290	 x28=0xb22902c4
        3025000	       301	800002cc	00a00113	addi	x2,x0,10	  x0:0x00000000  x2=0x0000000a
        3035000	       302	800002d0	bbfd3a93	sltiu	x21,x26,-1089	 x26:0xfffff41d x21=0x00000001
        3045000	       303	800002d4	016e37b3	sltu	x15,x28,x22	 x28:0xb22902c4 x22:0xffffffef x15=0x00000001
        3055000	       304	800002d8	00488893	addi	x17,x17,4	 x17:0xfffffffa x17=0xfffffffe
        3065000	       305	800002dc	004fbfb3	sltu	x31,x31,x4	 x31:0x80000000  x4:0xfffffff9 x31=0x00000001
        3075000	       306	800002e0	01891313	slli	x6,x18,0x18	 x18:0x848ec15e  x6=0x5e000000
        3085000	       307	800002e4	00000013	addi	x0,x0,0	  x0:0x00000000
        3095000	       308	800002e8	fe2894e3	bne	x17,x2,800002d0	 x17:0xfffffffe  x2:0x0000000a
        3105000	       309	00000000	00000013	addi	x0,x0,0	  x0:0x00000000
        3115000	       310	800002cc	00000013	addi	x0,x0,0	  x0:0x00000000
        3125000	       311	800002d0	bbfd3a93	sltiu	x21,x26,-1089	 x26:0xfffff41d x21=0x00000001
        3135000	       312	800002d4	016e37b3	sltu	x15,x28,x22	 x28:0xb22902c4 x22:0xffffffef x15=0x00000001
        3145000	       313	800002d8	00488893	addi	x17,x17,4	 x17:0xfffffffe x17=0x00000002
        3155000	       314	800002dc	004fbfb3	sltu	x31,x31,x4	 x31:0x00000001  x4:0xfffffff9 x31=0x00000001
        3165000	       315	800002e0	01891313	slli	x6,x18,0x18	 x18:0x848ec15e  x6=0x5e000000
        3175000	       316	800002e4	00000013	addi	x0,x0,0	  x0:0x00000000
        3185000	       317	800002e8	fe2894e3	bne	x17,x2,800002d0	 x17:0x00000002  x2:0x0000000a
        3195000	       318	00000000	00000013	addi	x0,x0,0	  x0:0x00000000
        3205000	       319	800002cc	00000013	addi	x0,x0,0	  x0:0x00000000
        3215000	       320	800002d0	bbfd3a93	sltiu	x21,x26,-1089	 x26:0xfffff41d x21=0x00000001
        3225000	       321	800002d4	016e37b3	sltu	x15,x28,x22	 x28:0xb22902c4 x22:0xffffffef x15=0x00000001
        3235000	       322	800002d8	00488893	addi	x17,x17,4	 x17:0x00000002 x17=0x00000006
        3245000	       323	800002dc	004fbfb3	sltu	x31,x31,x4	 x31:0x00000001  x4:0xfffffff9 x31=0x00000001
        3255000	       324	800002e0	01891313	slli	x6,x18,0x18	 x18:0x848ec15e  x6=0x5e000000
        3265000	       325	800002e4	00000013	addi	x0,x0,0	  x0:0x00000000
        3275000	       326	800002e8	fe2894e3	bne	x17,x2,800002d0	 x17:0x00000006  x2:0x0000000a
        3285000	       327	00000000	00000013	addi	x0,x0,0	  x0:0x00000000
        3295000	       328	800002cc	00000013	addi	x0,x0,0	  x0:0x00000000
        3305000	       329	800002d0	bbfd3a93	sltiu	x21,x26,-1089	 x26:0xfffff41d x21=0x00000001
        3315000	       330	800002d4	016e37b3	sltu	x15,x28,x22	 x28:0xb22902c4 x22:0xffffffef x15=0x00000001
        3325000	       331	800002d8	00488893	addi	x17,x17,4	 x17:0x00000006 x17=0x0000000a
        3335000	       332	800002dc	004fbfb3	sltu	x31,x31,x4	 x31:0x00000001  x4:0xfffffff9 x31=0x00000001
        3345000	       333	800002e0	01891313	slli	x6,x18,0x18	 x18:0x848ec15e  x6=0x5e000000
        3355000	       334	800002e4	00000013	addi	x0,x0,0	  x0:0x00000000
        3365000	       335	800002e8	fe2894e3	bne	x17,x2,800002d0	 x17:0x0000000a  x2:0x0000000a
        3375000	       336	800002ec	00560bb3	add	x23,x12,x5	 x12:0x80000000  x5:0x80009f84 x23=0x00009f84
        3385000	       337	800002f0	00700e13	addi	x28,x0,7	  x0:0x00000000 x28=0x00000007
        3395000	       338	800002f4	d28ead13	slti	x26,x29,-728	 x29:0x00000000 x26=0x00000000
        3405000	       339	800002f8	00898cb3	add	x25,x19,x8	 x19:0x00002000  x8:0x00000007 x25=0x00002007
        3415000	       340	800002fc	00700713	addi	x14,x0,7	  x0:0x00000000 x14=0x00000007
        3425000	       341	80000300	85204993	xori	x19,x0,-1966	  x0:0x00000000 x19=0xfffff852
        3435000	       342	80000304	40d80eb3	sub	x29,x16,x13	 x16:0x00000000 x13:0x80009fc4 x29=0x7fff603c
        3445000	       343	80000308	4088d813	srai	x16,x17,0x8	 x17:0x0000000a x16=0x00000000
        3455000	       344	8000030c	3b119cb7	lui	x25,0x3b119	 x25=0x3b119000
        3465000	       345	80000310	09263c13	sltiu	x24,x12,146	 x12:0x80000000 x24=0x00000000
        3475000	       346	80000314	01042b33	slt	x22,x8,x16	  x8:0x00000007 x16:0x00000000 x22=0x00000000
        3485000	       347	80000318	0151dfb3	srl	x31,x3,x21	  x3:0x00000001 x21:0x00000001 x31=0x00000000
        3495000	       348	8000031c	00000013	addi	x0,x0,0	  x0:0x00000000
        3505000	       349	80000320	41d4da13	srai	x20,x9,0x1d	  x9:0xfffffff7 x20=0xffffffff
        3515000	       350	80000324	01df7eb3	and	x29,x30,x29	 x30:0xfffff74c x29:0x7fff603c x29=0x7fff600c
        3525000	       351	80000328	ffae0e13	addi	x28,x28,-6	 x28:0x00000007 x28=0x00000001
        3535000	       352	8000032c	0012db13	srli	x22,x5,0x1	  x5:0x80009f84 x22=0x40004fc2
        3545000	       353	80000330	01ef14b3	sll	x9,x30,x30	 x30:0xfffff74c x30:0xfffff74c  x9=0xff74c000
        3555000	       354	80000334	00800513	addi	x10,x0,8	  x0:0x00000000 x10=0x00000008
        3565000	       355	80000338	01053933	sltu	x18,x10,x16	 x10:0x00000008 x16:0x00000000 x18=0x00000000
        3575000	       356	8000033c	413fdbb3	sra	x23,x31,x19	 x31:0x00000000 x19:0xfffff852 x23=0x00000000
        3585000	       357	80000340	01300793	addi	x15,x0,19	  x0:0x00000000 x15=0x00000013
        3595000	       358	80000344	0038ba33	sltu	x20,x17,x3	 x17:0x0000000a  x3:0x00000001 x20=0x00000000
        3605000	       359	80000348	01ada8b3	slt	x17,x27,x26	 x27:0x80000000 x26:0x00000000 x17=0x00000001
        3615000	       360	8000034c	01c430b3	sltu	x1,x8,x28	  x8:0x00000007 x28:0x00000001  x1=0x00000000
        3625000	       361	80000350	00350513	addi	x10,x10,3	 x10:0x00000008 x10=0x0000000b
        3635000	       362	80000354	00be7b33	and	x22,x28,x11	 x28:0x00000001 x11:0x00002064 x22=0x00000000
        3645000	       363	80000358	01d2d593	srli	x11,x5,0x1d	  x5:0x80009f84 x11=0x00000004
        3655000	       364	8000035c	fef546e3	blt	x10,x15,80000348	 x10:0x0000000b x15:0x00000013
        3665000	       365	00000000	00000013	addi	x0,x0,0	  x0:0x00000000
        3675000	       366	80000344	00000013	addi	x0,x0,0	  x0:0x00000000
        3685000	       367	80000348	01ada8b3	slt	x17,x27,x26	 x27:0x80000000 x26:0x00000000 x17=0x00000001
        3695000	       368	8000034c	01c430b3	sltu	x1,x8,x28	  x8:0x00000007 x28:0x00000001  x1=0x00000000
        3705000	       369	80000350	00350513	addi	x10,x10,3	 x10:0x0000000b x10=0x0000000e
        3715000	       370	80000354	00be7b33	and	x22,x28,x11	 x28:0x00000001 x11:0x00000004 x22=0x00000000
        3725000	       371	80000358	01d2d593	srli	x11,x5,0x1d	  x5:0x80009f84 x11=0x00000004
        3735000	       372	8000035c	fef546e3	blt	x10,x15,80000348	 x10:0x0000000e x15:0x00000013
        3745000	       373	00000000	00000013	addi	x0,x0,0	  x0:0x00000000
        3755000	       374	80000344	00000013	addi	x0,x0,0	  x0:0x00000000
        3765000	       375	80000348	01ada8b3	slt	x17,x27,x26	 x27:0x80000000 x26:0x00000000 x17=0x00000001
        3775000	       376	8000034c	01c430b3	sltu	x1,x8,x28	  x8:0x00000007 x28:0x00000001  x1=0x00000000
        3785000	       377	80000350	00350513	addi	x10,x10,3	 x10:0x0000000e x10=0x00000011
        3795000	       378	80000354	00be7b33	and	x22,x28,x11	 x28:0x00000001 x11:0x00000004 x22=0x00000000
        3805000	       379	80000358	01d2d593	srli	x11,x5,0x1d	  x5:0x80009f84 x11=0x00000004
        3815000	       380	8000035c	fef546e3	blt	x10,x15,80000348	 x10:0x00000011 x15:0x00000013
        3825000	       381	00000000	00000013	addi	x0,x0,0	  x0:0x00000000
        3835000	       382	80000344	00000013	addi	x0,x0,0	  x0:0x00000000
        3845000	       383	80000348	01ada8b3	slt	x17,x27,x26	 x27:0x80000000 x26:0x00000000 x17=0x00000001
        3855000	       384	8000034c	01c430b3	sltu	x1,x8,x28	  x8:0x00000007 x28:0x00000001  x1=0x00000000
        3865000	       385	80000350	00350513	addi	x10,x10,3	 x10:0x00000011 x10=0x00000014
        3875000	       386	80000354	00be7b33	and	x22,x28,x11	 x28:0x00000001 x11:0x00000004 x22=0x00000000
        3885000	       387	80000358	01d2d593	srli	x11,x5,0x1d	  x5:0x80009f84 x11=0x00000004
        3895000	       388	8000035c	fef546e3	blt	x10,x15,80000348	 x10:0x00000014 x15:0x00000013
        3905000	       389	80000360	1a55df17	auipc	x30,0x1a55d	 x30=0x9a55d35c
        3915000	       390	80000364	41e10fb3	sub	x31,x2,x30	  x2:0x0000000a x30:0x9a55d35c x31=0x65aa2cae
        3925000	       391	80000368	41730133	sub	x2,x6,x23	  x6:0x5e000000 x23:0x00000000  x2=0x5e000000
        3935000	       392	8000036c	00ca5b13	srli	x22,x20,0xc	 x20:0x00000000 x22=0x00000000
        3945000	       393	80000370	008659b3	srl	x19,x12,x8	 x12:0x80000000  x8:0x00000007 x19=0x01000000
        3955000	       394	80000374	f8ee78e3	bgeu	x28,x14,80000304	 x28:0x00000001 x14:0x00000007
        3965000	       395	80000378	faea2c93	slti	x25,x20,-82	 x20:0x00000000 x25=0x00000000
        3975000	       396	8000037c	00a00793	addi	x15,x0,10	  x0:0x00000000 x15=0x0000000a
        3985000	       397	80000380	01ac0bb3	add	x23,x24,x26	 x24:0x00000000 x26:0x00000000 x23=0x00000000
        3995000	       398	80000384	ff600113	addi	x2,x0,-10	  x0:0x00000000  x2=0xfffffff6
        4005000	       399	80000388	869aa493	slti	x9,x21,-1943	 x21:0x00000001  x9=0x00000000
        4015000	       400	8000038c	2750a513	slti	x10,x1,629	  x1:0x00000000 x10=0x00000001
        4025000	       401	80000390	fff78793	addi	x15,x15,-1	 x15:0x0000000a x15=0x00000009
        4035000	       402	80000394	ff600b13	addi	x22,x0,-10	  x0:0x00000000 x22=0xfffffff6
        4045000	       403	80000398	413a8db3	sub	x27,x21,x19	 x21:0x00000001 x19:0x01000000 x27=0xff000001
        4055000	       404	8000039c	ff100d13	addi	x26,x0,-15	  x0:0x00000000 x26=0xfffffff1
        4065000	       405	800003a0	8f78b513	sltiu	x10,x17,-1801	 x17:0x00000001 x10=0x00000001
        4075000	       406	800003a4	01c26233	or	x4,x4,x28	  x4:0xfffffff9 x28:0x00000001  x4=0xfffffff9
        4085000	       407	800003a8	ff9b0b13	addi	x22,x22,-7	 x22:0xfffffff6 x22=0xffffffef
        4095000	       408	800003ac	01e81393	slli	x7,x16,0x1e	 x16:0x00000000  x7=0x00000000
        4105000	       409	800003b0	014a4cb3	xor	x25,x20,x20	 x20:0x00000000 x20:0x00000000 x25=0x00000000
        4115000	       410	800003b4	ffab58e3	bge	x22,x26,800003a4	 x22:0xffffffef x26:0xfffffff1
        4125000	       411	800003b8	0012f833	and	x16,x5,x1	  x5:0x80009f84  x1:0x00000000 x16=0x00000000
        4135000	       412	800003bc	fc2786e3	beq	x15,x2,80000388	 x15:0x00000009  x2:0xfffffff6
        4145000	       413	800003c0	41740ab3	sub	x21,x8,x23	  x8:0x00000007 x23:0x00000000 x21=0x00000007
        4155000	       414	800003c4	ff700e93	addi	x29,x0,-9	  x0:0x00000000 x29=0xfffffff7
        4165000	       415	800003c8	01740133	add	x2,x8,x23	  x8:0x00000007 x23:0x00000000  x2=0x00000007
        4175000	       416	800003cc	00075713	srli	x14,x14,0x0	 x14:0x00000007 x14=0x00000007
        4185000	       417	800003d0	00b00e13	addi	x28,x0,11	  x0:0x00000000 x28=0x0000000b
        4195000	       418	800003d4	419cdb33	sra	x22,x25,x25	 x25:0x00000000 x25:0x00000000 x22=0x00000000
        4205000	       419	800003d8	01d0cab3	xor	x21,x1,x29	  x1:0x00000000 x29:0xfffffff7 x21=0xfffffff7
        4215000	       420	800003dc	00b70433	add	x8,x14,x11	 x14:0x00000007 x11:0x00000004  x8=0x0000000b
        4225000	       421	800003e0	000f1993	slli	x19,x30,0x0	 x30:0x9a55d35c x19=0x9a55d35c
        4235000	       422	800003e4	002e8e93	addi	x29,x29,2	 x29:0xfffffff7 x29=0xfffffff9
        4245000	       423	800003e8	000d60b3	or	x1,x26,x0	 x26:0xfffffff1  x0:0x00000000  x1=0xfffffff1
        4255000	       424	800003ec	ffcee6e3	bltu	x29,x28,800003d8	 x29:0xfffffff9 x28:0x0000000b
        4265000	       425	800003f0	017c89b3	add	x19,x25,x23	 x25:0x00000000 x23:0x00000000 x19=0x00000000
        4275000	       426	800003f4	ff800793	addi	x15,x0,-8	  x0:0x00000000 x15=0xfffffff8
        4285000	       427	800003f8	00d00b93	addi	x23,x0,13	  x0:0x00000000 x23=0x0000000d
        4295000	       428	800003fc	01a78733	add	x14,x15,x26	 x15:0xfffffff8 x26:0xfffffff1 x14=0xffffffe9
        4305000	       429	80000400	00000013	addi	x0,x0,0	  x0:0x00000000
        4315000	       430	80000404	00a78793	addi	x15,x15,10	 x15:0xfffffff8 x15=0x00000002
        4325000	       431	80000408	ff700913	addi	x18,x0,-9	  x0:0x00000000 x18=0xfffffff7
        4335000	       432	8000040c	00000013	addi	x0,x0,0	  x0:0x00000000
        4345000	       433	80000410	00200093	addi	x1,x0,2	  x0:0x00000000  x1=0x00000002
        4355000	       434	80000414	5fd14713	xori	x14,x2,1533	  x2:0x00000007 x14=0x000005fa
        4365000	       435	80000418	bbf48893	addi	x17,x9,-1089	  x9:0x00000000 x17=0xfffffbbf
        4375000	       436	8000041c	00490913	addi	x18,x18,4	 x18:0xfffffff7 x18=0xfffffffb
        4385000	       437	80000420	fe196ae3	bltu	x18,x1,80000414	 x18:0xfffffffb  x1:0x00000002
        4395000	       438	80000424	a4bf4193	xori	x3,x30,-1461	 x30:0x9a55d35c  x3=0x65aa2917
        4405000	       439	80000428	fd77cae3	blt	x15,x23,800003fc	 x15:0x00000002 x23:0x0000000d
        4415000	       440	00000000	00000013	addi	x0,x0,0	  x0:0x00000000
        4425000	       441	800003f8	00000013	addi	x0,x0,0	  x0:0x00000000
        4435000	       442	800003fc	01a78733	add	x14,x15,x26	 x15:0x00000002 x26:0xfffffff1 x14=0xfffffff3
        4445000	       443	80000400	00000013	addi	x0,x0,0	  x0:0x00000000
        4455000	       444	80000404	00a78793	addi	x15,x15,10	 x15:0x00000002 x15=0x0000000c
        4465000	       445	80000408	ff700913	addi	x18,x0,-9	  x0:0x00000000 x18=0xfffffff7
        4475000	       446	8000040c	00000013	addi	x0,x0,0	  x0:0x00000000
        4485000	       447	80000410	00200093	addi	x1,x0,2	  x0:0x00000000  x1=0x00000002
        4495000	       448	80000414	5fd14713	xori	x14,x2,1533	  x2:0x00000007 x14=0x000005fa
        4505000	       449	80000418	bbf48893	addi	x17,x9,-1089	  x9:0x00000000 x17=0xfffffbbf
        4515000	       450	8000041c	00490913	addi	x18,x18,4	 x18:0xfffffff7 x18=0xfffffffb
        4525000	       451	80000420	fe196ae3	bltu	x18,x1,80000414	 x18:0xfffffffb  x1:0x00000002
        4535000	       452	80000424	a4bf4193	xori	x3,x30,-1461	 x30:0x9a55d35c  x3=0x65aa2917
        4545000	       453	80000428	fd77cae3	blt	x15,x23,800003fc	 x15:0x0000000c x23:0x0000000d
        4555000	       454	00000000	00000013	addi	x0,x0,0	  x0:0x00000000
        4565000	       455	800003f8	00000013	addi	x0,x0,0	  x0:0x00000000
        4575000	       456	800003fc	01a78733	add	x14,x15,x26	 x15:0x0000000c x26:0xfffffff1 x14=0xfffffffd
        4585000	       457	80000400	00000013	addi	x0,x0,0	  x0:0x00000000
        4595000	       458	80000404	00a78793	addi	x15,x15,10	 x15:0x0000000c x15=0x00000016
        4605000	       459	80000408	ff700913	addi	x18,x0,-9	  x0:0x00000000 x18=0xfffffff7
        4615000	       460	8000040c	00000013	addi	x0,x0,0	  x0:0x00000000
        4625000	       461	80000410	00200093	addi	x1,x0,2	  x0:0x00000000  x1=0x00000002
        4635000	       462	80000414	5fd14713	xori	x14,x2,1533	  x2:0x00000007 x14=0x000005fa
        4645000	       463	80000418	bbf48893	addi	x17,x9,-1089	  x9:0x00000000 x17=0xfffffbbf
        4655000	       464	8000041c	00490913	addi	x18,x18,4	 x18:0xfffffff7 x18=0xfffffffb
        4665000	       465	80000420	fe196ae3	bltu	x18,x1,80000414	 x18:0xfffffffb  x1:0x00000002
        4675000	       466	80000424	a4bf4193	xori	x3,x30,-1461	 x30:0x9a55d35c  x3=0x65aa2917
        4685000	       467	80000428	fd77cae3	blt	x15,x23,800003fc	 x15:0x00000016 x23:0x0000000d
        4695000	       468	8000042c	fb0fe113	ori	x2,x31,-80	 x31:0x65aa2cae  x2=0xffffffbe
        4705000	       469	80000430	00100713	addi	x14,x0,1	  x0:0x00000000 x14=0x00000001
        4715000	       470	80000434	00000013	addi	x0,x0,0	  x0:0x00000000
        4725000	       471	80000438	01e00433	add	x8,x0,x30	  x0:0x00000000 x30:0x9a55d35c  x8=0x9a55d35c
        4735000	       472	8000043c	004e68b3	or	x17,x28,x4	 x28:0x0000000b  x4:0xfffffff9 x17=0xfffffffb
        4745000	       473	80000440	015b3fb3	sltu	x31,x22,x21	 x22:0x00000000 x21:0xfffffff7 x31=0x00000001
        4755000	       474	80000444	40e90cb3	sub	x25,x18,x14	 x18:0xfffffffb x14:0x00000001 x25=0xfffffffa
        4765000	       475	80000448	00db4833	xor	x16,x22,x13	 x22:0x00000000 x13:0x80009fc4 x16=0x80009fc4
        4775000	       476	8000044c	9df2ce93	xori	x29,x5,-1569	  x5:0x80009f84 x29=0x7fff665b
        4785000	       477	80000450	6efb4813	xori	x16,x22,1775	 x22:0x00000000 x16=0x000006ef
        4795000	       478	80000454	01df9f13	slli	x30,x31,0x1d	 x31:0x00000001 x30=0x20000000
        4805000	       479	80000458	75a92c13	slti	x24,x18,1882	 x18:0xfffffffb x24=0x00000001
        4815000	       480	8000045c	f72f7f13	andi	x30,x30,-142	 x30:0x20000000 x30=0x20000000
        4825000	       481	80000460	00b8bfb3	sltu	x31,x17,x11	 x17:0xfffffffb x11:0x00000004 x31=0x00000000
        4835000	       482	80000464	00900e13	addi	x28,x0,9	  x0:0x00000000 x28=0x00000009
        4845000	       483	80000468	01d224b3	slt	x9,x4,x29	  x4:0xfffffff9 x29:0x7fff665b  x9=0x00000001
        4855000	       484	8000046c	b50d53b7	lui	x7,0xb50d5	  x7=0xb50d5000
        4865000	       485	80000470	00196eb3	or	x29,x18,x1	 x18:0xfffffffb  x1:0x00000002 x29=0xfffffffb
        4875000	       486	80000474	01001413	slli	x8,x0,0x10	  x0:0x00000000  x8=0x00000000
        4885000	       487	80000478	01c2a933	slt	x18,x5,x28	  x5:0x80009f84 x28:0x00000009 x18=0x00000001
        4895000	       488	8000047c	04168113	addi	x2,x13,65	 x13:0x80009fc4  x2=0x8000a005
        4905000	       489	80000480	00270713	addi	x14,x14,2	 x14:0x00000001 x14=0x00000003
        4915000	       490	80000484	41468833	sub	x16,x13,x20	 x13:0x80009fc4 x20:0x00000000 x16=0x80009fc4
        4925000	       491	80000488	00de0033	add	x0,x28,x13	 x28:0x00000009 x13:0x80009fc4
        4935000	       492	8000048c	015535b3	sltu	x11,x10,x21	 x10:0x00000001 x21:0xfffffff7 x11=0x00000001
        4945000	       493	80000490	3dee3513	sltiu	x10,x28,990	 x28:0x00000009 x10=0x00000001
        4955000	       494	80000494	ab708793	addi	x15,x1,-1353	  x1:0x00000002 x15=0xfffffab9
        4965000	       495	80000498	402d8a33	sub	x20,x27,x2	 x27:0xff000001  x2:0x8000a005 x20=0x7eff5ffc
        4975000	       496	8000049c	ffc710e3	bne	x14,x28,8000047c	 x14:0x00000003 x28:0x00000009
        4985000	       497	00000000	00000013	addi	x0,x0,0	  x0:0x00000000
        4995000	       498	80000478	00000013	addi	x0,x0,0	  x0:0x00000000
        5005000	       499	8000047c	04168113	addi	x2,x13,65	 x13:0x80009fc4  x2=0x8000a005
        5015000	       500	80000480	00270713	addi	x14,x14,2	 x14:0x00000003 x14=0x00000005
        5025000	       501	80000484	41468833	sub	x16,x13,x20	 x13:0x80009fc4 x20:0x7eff5ffc x16=0x01013fc8
        5035000	       502	80000488	00de0033	add	x0,x28,x13	 x28:0x00000009 x13:0x80009fc4
        5045000	       503	8000048c	015535b3	sltu	x11,x10,x21	 x10:0x00000001 x21:0xfffffff7 x11=0x00000001
        5055000	       504	80000490	3dee3513	sltiu	x10,x28,990	 x28:0x00000009 x10=0x00000001
        5065000	       505	80000494	ab708793	addi	x15,x1,-1353	  x1:0x00000002 x15=0xfffffab9
        5075000	       506	80000498	402d8a33	sub	x20,x27,x2	 x27:0xff000001  x2:0x8000a005 x20=0x7eff5ffc
        5085000	       507	8000049c	ffc710e3	bne	x14,x28,8000047c	 x14:0x00000005 x28:0x00000009
        5095000	       508	00000000	00000013	addi	x0,x0,0	  x0:0x00000000
        5105000	       509	80000478	00000013	addi	x0,x0,0	  x0:0x00000000
        5115000	       510	8000047c	04168113	addi	x2,x13,65	 x13:0x80009fc4  x2=0x8000a005
        5125000	       511	80000480	00270713	addi	x14,x14,2	 x14:0x00000005 x14=0x00000007
        5135000	       512	80000484	41468833	sub	x16,x13,x20	 x13:0x80009fc4 x20:0x7eff5ffc x16=0x01013fc8
        5145000	       513	80000488	00de0033	add	x0,x28,x13	 x28:0x00000009 x13:0x80009fc4
        5155000	       514	8000048c	015535b3	sltu	x11,x10,x21	 x10:0x00000001 x21:0xfffffff7 x11=0x00000001
        5165000	       515	80000490	3dee3513	sltiu	x10,x28,990	 x28:0x00000009 x10=0x00000001
        5175000	       516	80000494	ab708793	addi	x15,x1,-1353	  x1:0x00000002 x15=0xfffffab9
        5185000	       517	80000498	402d8a33	sub	x20,x27,x2	 x27:0xff000001  x2:0x8000a005 x20=0x7eff5ffc
        5195000	       518	8000049c	ffc710e3	bne	x14,x28,8000047c	 x14:0x00000007 x28:0x00000009
        5205000	       519	00000000	00000013	addi	x0,x0,0	  x0:0x00000000
        5215000	       520	80000478	00000013	addi	x0,x0,0	  x0:0x00000000
        5225000	       521	8000047c	04168113	addi	x2,x13,65	 x13:0x80009fc4  x2=0x8000a005
        5235000	       522	80000480	00270713	addi	x14,x14,2	 x14:0x00000007 x14=0x00000009
        5245000	       523	80000484	41468833	sub	x16,x13,x20	 x13:0x80009fc4 x20:0x7eff5ffc x16=0x01013fc8
        5255000	       524	80000488	00de0033	add	x0,x28,x13	 x28:0x00000009 x13:0x80009fc4
        5265000	       525	8000048c	015535b3	sltu	x11,x10,x21	 x10:0x00000001 x21:0xfffffff7 x11=0x00000001
        5275000	       526	80000490	3dee3513	sltiu	x10,x28,990	 x28:0x00000009 x10=0x00000001
        5285000	       527	80000494	ab708793	addi	x15,x1,-1353	  x1:0x00000002 x15=0xfffffab9
        5295000	       528	80000498	402d8a33	sub	x20,x27,x2	 x27:0xff000001  x2:0x8000a005 x20=0x7eff5ffc
        5305000	       529	8000049c	ffc710e3	bne	x14,x28,8000047c	 x14:0x00000009 x28:0x00000009
        5315000	       530	800004a0	eaeb77b7	lui	x15,0xeaeb7	 x15=0xeaeb7000
        5325000	       531	800004a4	fff00a13	addi	x20,x0,-1	  x0:0x00000000 x20=0xffffffff
        5335000	       532	800004a8	40485593	srai	x11,x16,0x4	 x16:0x01013fc8 x11=0x001013fc
        5345000	       533	800004ac	13c5d917	auipc	x18,0x13c5d	 x18=0x93c5d4a8
        5355000	       534	800004b0	00d317b3	sll	x15,x6,x13	  x6:0x5e000000 x13:0x80009fc4 x15=0xe0000000
        5365000	       535	800004b4	01000413	addi	x8,x0,16	  x0:0x00000000  x8=0x00000010
        5375000	       536	800004b8	4fd5b513	sltiu	x10,x11,1277	 x11:0x001013fc x10=0x00000000
        5385000	       537	800004bc	0167cb33	xor	x22,x15,x22	 x15:0xe0000000 x22:0x00000000 x22=0xe0000000
        5395000	       538	800004c0	4964e793	ori	x15,x9,1174	  x9:0x00000001 x15=0x00000497
        5405000	       539	800004c4	002a0a13	addi	x20,x20,2	 x20:0xffffffff x20=0x00000001
        5415000	       540	800004c8	f4454d93	xori	x27,x10,-188	 x10:0x00000000 x27=0xffffff44
        5425000	       541	800004cc	00d39b33	sll	x22,x7,x13	  x7:0xb50d5000 x13:0x80009fc4 x22=0x50d50000
        5435000	       542	800004d0	d1812197	auipc	x3,0xd1812	  x3=0x518124cc
        5445000	       543	800004d4	a7e1f217	auipc	x4,0xa7e1f	  x4=0x27e1f4d0
        5455000	       544	800004d8	00157e33	and	x28,x10,x1	 x10:0x00000000  x1:0x00000002 x28=0x00000000
        5465000	       545	800004dc	01cee133	or	x2,x29,x28	 x29:0xfffffffb x28:0x00000000  x2=0xfffffffb
        5475000	       546	800004e0	4324f717	auipc	x14,0x4324f	 x14=0xc324f4dc
        5485000	       547	800004e4	bd8ae493	ori	x9,x21,-1064	 x21:0xfffffff7  x9=0xffffffff
        5495000	       548	800004e8	00000093	addi	x1,x0,0	  x0:0x00000000  x1=0x00000000
        5505000	       549	800004ec	2c618113	addi	x2,x3,710	  x3:0x518124cc  x2=0x51812792
        5515000	       550	800004f0	c078cf37	lui	x30,0xc078c	 x30=0xc078c000
        5525000	       551	800004f4	fed00313	addi	x6,x0,-19	  x0:0x00000000  x6=0xffffffed
        5535000	       552	800004f8	01559c93	slli	x25,x11,0x15	 x11:0x001013fc x25=0x7f800000
        5545000	       553	800004fc	00d465b3	or	x11,x8,x13	  x8:0x00000010 x13:0x80009fc4 x11=0x80009fd4
        5555000	       554	80000500	01573bb3	sltu	x23,x14,x21	 x14:0xc324f4dc x21:0xfffffff7 x23=0x00000001
        5565000	       555	80000504	cb3dc013	xori	x0,x27,-845	 x27:0xffffff44
        5575000	       556	80000508	b118e113	ori	x2,x17,-1263	 x17:0xfffffffb  x2=0xfffffffb
        5585000	       557	8000050c	40e35b13	srai	x22,x6,0xe	  x6:0xffffffed x22=0xffffffff
        5595000	       558	80000510	ffe08093	addi	x1,x1,-2	  x1:0x00000000  x1=0xfffffffe
        5605000	       559	80000514	01a8c833	xor	x16,x17,x26	 x17:0xfffffffb x26:0xfffffff1 x16=0x0000000a
        5615000	       560	80000518	fe60d8e3	bge	x1,x6,80000508	  x1:0xfffffffe  x6:0xffffffed
        5625000	       561	00000000	00000013	addi	x0,x0,0	  x0:0x00000000
        5635000	       562	80000504	00000013	addi	x0,x0,0	  x0:0x00000000
        5645000	       563	80000508	b118e113	ori	x2,x17,-1263	 x17:0xfffffffb  x2=0xfffffffb
        5655000	       564	8000050c	40e35b13	srai	x22,x6,0xe	  x6:0xffffffed x22=0xffffffff
        5665000	       565	80000510	ffe08093	addi	x1,x1,-2	  x1:0xfffffffe  x1=0xfffffffc
        5675000	       566	80000514	01a8c833	xor	x16,x17,x26	 x17:0xfffffffb x26:0xfffffff1 x16=0x0000000a
        5685000	       567	80000518	fe60d8e3	bge	x1,x6,80000508	  x1:0xfffffffc  x6:0xffffffed
        5695000	       568	00000000	00000013	addi	x0,x0,0	  x0:0x00000000
        5705000	       569	80000504	00000013	addi	x0,x0,0	  x0:0x00000000
        5715000	       570	80000508	b118e113	ori	x2,x17,-1263	 x17:0xfffffffb  x2=0xfffffffb
        5725000	       571	8000050c	40e35b13	srai	x22,x6,0xe	  x6:0xffffffed x22=0xffffffff
        5735000	       572	80000510	ffe08093	addi	x1,x1,-2	  x1:0xfffffffc  x1=0xfffffffa
        5745000	       573	80000514	01a8c833	xor	x16,x17,x26	 x17:0xfffffffb x26:0xfffffff1 x16=0x0000000a
        5755000	       574	80000518	fe60d8e3	bge	x1,x6,80000508	  x1:0xfffffffa  x6:0xffffffed
        5765000	       575	00000000	00000013	addi	x0,x0,0	  x0:0x00000000
        5775000	       576	80000504	00000013	addi	x0,x0,0	  x0:0x00000000
        5785000	       577	80000508	b118e113	ori	x2,x17,-1263	 x17:0xfffffffb  x2=0xfffffffb
        5795000	       578	8000050c	40e35b13	srai	x22,x6,0xe	  x6:0xffffffed x22=0xffffffff
        5805000	       579	80000510	ffe08093	addi	x1,x1,-2	  x1:0xfffffffa  x1=0xfffffff8
        5815000	       580	80000514	01a8c833	xor	x16,x17,x26	 x17:0xfffffffb x26:0xfffffff1 x16=0x0000000a
        5825000	       581	80000518	fe60d8e3	bge	x1,x6,80000508	  x1:0xfffffff8  x6:0xffffffed
        5835000	       582	00000000	00000013	addi	x0,x0,0	  x0:0x00000000
        5845000	       583	80000504	00000013	addi	x0,x0,0	  x0:0x00000000
        5855000	       584	80000508	b118e113	ori	x2,x17,-1263	 x17:0xfffffffb  x2=0xfffffffb
        5865000	       585	8000050c	40e35b13	srai	x22,x6,0xe	  x6:0xffffffed x22=0xffffffff
        5875000	       586	80000510	ffe08093	addi	x1,x1,-2	  x1:0xfffffff8  x1=0xfffffff6
        5885000	       587	80000514	01a8c833	xor	x16,x17,x26	 x17:0xfffffffb x26:0xfffffff1 x16=0x0000000a
        5895000	       588	80000518	fe60d8e3	bge	x1,x6,80000508	  x1:0xfffffff6  x6:0xffffffed
        5905000	       589	00000000	00000013	addi	x0,x0,0	  x0:0x00000000
        5915000	       590	80000504	00000013	addi	x0,x0,0	  x0:0x00000000
        5925000	       591	80000508	b118e113	ori	x2,x17,-1263	 x17:0xfffffffb  x2=0xfffffffb
        5935000	       592	8000050c	40e35b13	srai	x22,x6,0xe	  x6:0xffffffed x22=0xffffffff
        5945000	       593	80000510	ffe08093	addi	x1,x1,-2	  x1:0xfffffff6  x1=0xfffffff4
        5955000	       594	80000514	01a8c833	xor	x16,x17,x26	 x17:0xfffffffb x26:0xfffffff1 x16=0x0000000a
        5965000	       595	80000518	fe60d8e3	bge	x1,x6,80000508	  x1:0xfffffff4  x6:0xffffffed
        5975000	       596	00000000	00000013	addi	x0,x0,0	  x0:0x00000000
        5985000	       597	80000504	00000013	addi	x0,x0,0	  x0:0x00000000
        5995000	       598	80000508	b118e113	ori	x2,x17,-1263	 x17:0xfffffffb  x2=0xfffffffb
        6005000	       599	8000050c	40e35b13	srai	x22,x6,0xe	  x6:0xffffffed x22=0xffffffff
        6015000	       600	80000510	ffe08093	addi	x1,x1,-2	  x1:0xfffffff4  x1=0xfffffff2
        6025000	       601	80000514	01a8c833	xor	x16,x17,x26	 x17:0xfffffffb x26:0xfffffff1 x16=0x0000000a
        6035000	       602	80000518	fe60d8e3	bge	x1,x6,80000508	  x1:0xfffffff2  x6:0xffffffed
        6045000	       603	00000000	00000013	addi	x0,x0,0	  x0:0x00000000
        6055000	       604	80000504	00000013	addi	x0,x0,0	  x0:0x00000000
        6065000	       605	80000508	b118e113	ori	x2,x17,-1263	 x17:0xfffffffb  x2=0xfffffffb
        6075000	       606	8000050c	40e35b13	srai	x22,x6,0xe	  x6:0xffffffed x22=0xffffffff
        6085000	       607	80000510	ffe08093	addi	x1,x1,-2	  x1:0xfffffff2  x1=0xfffffff0
        6095000	       608	80000514	01a8c833	xor	x16,x17,x26	 x17:0xfffffffb x26:0xfffffff1 x16=0x0000000a
        6105000	       609	80000518	fe60d8e3	bge	x1,x6,80000508	  x1:0xfffffff0  x6:0xffffffed
        6115000	       610	00000000	00000013	addi	x0,x0,0	  x0:0x00000000
        6125000	       611	80000504	00000013	addi	x0,x0,0	  x0:0x00000000
        6135000	       612	80000508	b118e113	ori	x2,x17,-1263	 x17:0xfffffffb  x2=0xfffffffb
        6145000	       613	8000050c	40e35b13	srai	x22,x6,0xe	  x6:0xffffffed x22=0xffffffff
        6155000	       614	80000510	ffe08093	addi	x1,x1,-2	  x1:0xfffffff0  x1=0xffffffee
        6165000	       615	80000514	01a8c833	xor	x16,x17,x26	 x17:0xfffffffb x26:0xfffffff1 x16=0x0000000a
        6175000	       616	80000518	fe60d8e3	bge	x1,x6,80000508	  x1:0xffffffee  x6:0xffffffed
        6185000	       617	00000000	00000013	addi	x0,x0,0	  x0:0x00000000
        6195000	       618	80000504	00000013	addi	x0,x0,0	  x0:0x00000000
        6205000	       619	80000508	b118e113	ori	x2,x17,-1263	 x17:0xfffffffb  x2=0xfffffffb
        6215000	       620	8000050c	40e35b13	srai	x22,x6,0xe	  x6:0xffffffed x22=0xffffffff
        6225000	       621	80000510	ffe08093	addi	x1,x1,-2	  x1:0xffffffee  x1=0xffffffec
        6235000	       622	80000514	01a8c833	xor	x16,x17,x26	 x17:0xfffffffb x26:0xfffffff1 x16=0x0000000a
        6245000	       623	80000518	fe60d8e3	bge	x1,x6,80000508	  x1:0xffffffec  x6:0xffffffed
        6255000	       624	8000051c	00282233	slt	x4,x16,x2	 x16:0x0000000a  x2:0xfffffffb  x4=0x00000000
        6265000	       625	80000520	f88a6ee3	bltu	x20,x8,800004bc	 x20:0x00000001  x8:0x00000010
        6275000	       626	00000000	00000013	addi	x0,x0,0	  x0:0x00000000
        6285000	       627	800004b8	00000013	addi	x0,x0,0	  x0:0x00000000
        6295000	       628	800004bc	0167cb33	xor	x22,x15,x22	 x15:0x00000497 x22:0xffffffff x22=0xfffffb68
        6305000	       629	800004c0	4964e793	ori	x15,x9,1174	  x9:0xffffffff x15=0xffffffff
        6315000	       630	800004c4	002a0a13	addi	x20,x20,2	 x20:0x00000001 x20=0x00000003
        6325000	       631	800004c8	f4454d93	xori	x27,x10,-188	 x10:0x00000000 x27=0xffffff44
        6335000	       632	800004cc	00d39b33	sll	x22,x7,x13	  x7:0xb50d5000 x13:0x80009fc4 x22=0x50d50000
        6345000	       633	800004d0	d1812197	auipc	x3,0xd1812	  x3=0x518124cc
        6355000	       634	800004d4	a7e1f217	auipc	x4,0xa7e1f	  x4=0x27e1f4d0
        6365000	       635	800004d8	00157e33	and	x28,x10,x1	 x10:0x00000000  x1:0xffffffec x28=0x00000000
        6375000	       636	800004dc	01cee133	or	x2,x29,x28	 x29:0xfffffffb x28:0x00000000  x2=0xfffffffb
        6385000	       637	800004e0	4324f717	auipc	x14,0x4324f	 x14=0xc324f4dc
        6395000	       638	800004e4	bd8ae493	ori	x9,x21,-1064	 x21:0xfffffff7  x9=0xffffffff
        6405000	       639	800004e8	00000093	addi	x1,x0,0	  x0:0x00000000  x1=0x00000000
        6415000	       640	800004ec	2c618113	addi	x2,x3,710	  x3:0x518124cc  x2=0x51812792
        6425000	       641	800004f0	c078cf37	lui	x30,0xc078c	 x30=0xc078c000
        6435000	       642	800004f4	fed00313	addi	x6,x0,-19	  x0:0x00000000  x6=0xffffffed
        6445000	       643	800004f8	01559c93	slli	x25,x11,0x15	 x11:0x80009fd4 x25=0xfa800000
        6455000	       644	800004fc	00d465b3	or	x11,x8,x13	  x8:0x00000010 x13:0x80009fc4 x11=0x80009fd4
        6465000	       645	80000500	01573bb3	sltu	x23,x14,x21	 x14:0xc324f4dc x21:0xfffffff7 x23=0x00000001
        6475000	       646	80000504	cb3dc013	xori	x0,x27,-845	 x27:0xffffff44
        6485000	       647	80000508	b118e113	ori	x2,x17,-1263	 x17:0xfffffffb  x2=0xfffffffb
        6495000	       648	8000050c	40e35b13	srai	x22,x6,0xe	  x6:0xffffffed x22=0xffffffff
        6505000	       649	80000510	ffe08093	addi	x1,x1,-2	  x1:0x00000000  x1=0xfffffffe
        6515000	       650	80000514	01a8c833	xor	x16,x17,x26	 x17:0xfffffffb x26:0xfffffff1 x16=0x0000000a
        6525000	       651	80000518	fe60d8e3	bge	x1,x6,80000508	  x1:0xfffffffe  x6:0xffffffed
        6535000	       652	00000000	00000013	addi	x0,x0,0	  x0:0x00000000
        6545000	       653	80000504	00000013	addi	x0,x0,0	  x0:0x00000000
        6555000	       654	80000508	b118e113	ori	x2,x17,-1263	 x17:0xfffffffb  x2=0xfffffffb
        6565000	       655	8000050c	40e35b13	srai	x22,x6,0xe	  x6:0xffffffed x22=0xffffffff
        6575000	       656	80000510	ffe08093	addi	x1,x1,-2	  x1:0xfffffffe  x1=0xfffffffc
        6585000	       657	80000514	01a8c833	xor	x16,x17,x26	 x17:0xfffffffb x26:0xfffffff1 x16=0x0000000a
        6595000	       658	80000518	fe60d8e3	bge	x1,x6,80000508	  x1:0xfffffffc  x6:0xffffffed
        6605000	       659	00000000	00000013	addi	x0,x0,0	  x0:0x00000000
        6615000	       660	80000504	00000013	addi	x0,x0,0	  x0:0x00000000
        6625000	       661	80000508	b118e113	ori	x2,x17,-1263	 x17:0xfffffffb  x2=0xfffffffb
        6635000	       662	8000050c	40e35b13	srai	x22,x6,0xe	  x6:0xffffffed x22=0xffffffff
        6645000	       663	80000510	ffe08093	addi	x1,x1,-2	  x1:0xfffffffc  x1=0xfffffffa
        6655000	       664	80000514	01a8c833	xor	x16,x17,x26	 x17:0xfffffffb x26:0xfffffff1 x16=0x0000000a
        6665000	       665	80000518	fe60d8e3	bge	x1,x6,80000508	  x1:0xfffffffa  x6:0xffffffed
        6675000	       666	00000000	00000013	addi	x0,x0,0	  x0:0x00000000
        6685000	       667	80000504	00000013	addi	x0,x0,0	  x0:0x00000000
        6695000	       668	80000508	b118e113	ori	x2,x17,-1263	 x17:0xfffffffb  x2=0xfffffffb
        6705000	       669	8000050c	40e35b13	srai	x22,x6,0xe	  x6:0xffffffed x22=0xffffffff
        6715000	       670	80000510	ffe08093	addi	x1,x1,-2	  x1:0xfffffffa  x1=0xfffffff8
        6725000	       671	80000514	01a8c833	xor	x16,x17,x26	 x17:0xfffffffb x26:0xfffffff1 x16=0x0000000a
        6735000	       672	80000518	fe60d8e3	bge	x1,x6,80000508	  x1:0xfffffff8  x6:0xffffffed
        6745000	       673	00000000	00000013	addi	x0,x0,0	  x0:0x00000000
        6755000	       674	80000504	00000013	addi	x0,x0,0	  x0:0x00000000
        6765000	       675	80000508	b118e113	ori	x2,x17,-1263	 x17:0xfffffffb  x2=0xfffffffb
        6775000	       676	8000050c	40e35b13	srai	x22,x6,0xe	  x6:0xffffffed x22=0xffffffff
        6785000	       677	80000510	ffe08093	addi	x1,x1,-2	  x1:0xfffffff8  x1=0xfffffff6
        6795000	       678	80000514	01a8c833	xor	x16,x17,x26	 x17:0xfffffffb x26:0xfffffff1 x16=0x0000000a
        6805000	       679	80000518	fe60d8e3	bge	x1,x6,80000508	  x1:0xfffffff6  x6:0xffffffed
        6815000	       680	00000000	00000013	addi	x0,x0,0	  x0:0x00000000
        6825000	       681	80000504	00000013	addi	x0,x0,0	  x0:0x00000000
        6835000	       682	80000508	b118e113	ori	x2,x17,-1263	 x17:0xfffffffb  x2=0xfffffffb
        6845000	       683	8000050c	40e35b13	srai	x22,x6,0xe	  x6:0xffffffed x22=0xffffffff
        6855000	       684	80000510	ffe08093	addi	x1,x1,-2	  x1:0xfffffff6  x1=0xfffffff4
        6865000	       685	80000514	01a8c833	xor	x16,x17,x26	 x17:0xfffffffb x26:0xfffffff1 x16=0x0000000a
        6875000	       686	80000518	fe60d8e3	bge	x1,x6,80000508	  x1:0xfffffff4  x6:0xffffffed
        6885000	       687	00000000	00000013	addi	x0,x0,0	  x0:0x00000000
        6895000	       688	80000504	00000013	addi	x0,x0,0	  x0:0x00000000
        6905000	       689	80000508	b118e113	ori	x2,x17,-1263	 x17:0xfffffffb  x2=0xfffffffb
        6915000	       690	8000050c	40e35b13	srai	x22,x6,0xe	  x6:0xffffffed x22=0xffffffff
        6925000	       691	80000510	ffe08093	addi	x1,x1,-2	  x1:0xfffffff4  x1=0xfffffff2
        6935000	       692	80000514	01a8c833	xor	x16,x17,x26	 x17:0xfffffffb x26:0xfffffff1 x16=0x0000000a
        6945000	       693	80000518	fe60d8e3	bge	x1,x6,80000508	  x1:0xfffffff2  x6:0xffffffed
        6955000	       694	00000000	00000013	addi	x0,x0,0	  x0:0x00000000
        6965000	       695	80000504	00000013	addi	x0,x0,0	  x0:0x00000000
        6975000	       696	80000508	b118e113	ori	x2,x17,-1263	 x17:0xfffffffb  x2=0xfffffffb
        6985000	       697	8000050c	40e35b13	srai	x22,x6,0xe	  x6:0xffffffed x22=0xffffffff
        6995000	       698	80000510	ffe08093	addi	x1,x1,-2	  x1:0xfffffff2  x1=0xfffffff0
        7005000	       699	80000514	01a8c833	xor	x16,x17,x26	 x17:0xfffffffb x26:0xfffffff1 x16=0x0000000a
        7015000	       700	80000518	fe60d8e3	bge	x1,x6,80000508	  x1:0xfffffff0  x6:0xffffffed
        7025000	       701	00000000	00000013	addi	x0,x0,0	  x0:0x00000000
        7035000	       702	80000504	00000013	addi	x0,x0,0	  x0:0x00000000
        7045000	       703	80000508	b118e113	ori	x2,x17,-1263	 x17:0xfffffffb  x2=0xfffffffb
        7055000	       704	8000050c	40e35b13	srai	x22,x6,0xe	  x6:0xffffffed x22=0xffffffff
        7065000	       705	80000510	ffe08093	addi	x1,x1,-2	  x1:0xfffffff0  x1=0xffffffee
        7075000	       706	80000514	01a8c833	xor	x16,x17,x26	 x17:0xfffffffb x26:0xfffffff1 x16=0x0000000a
        7085000	       707	80000518	fe60d8e3	bge	x1,x6,80000508	  x1:0xffffffee  x6:0xffffffed
        7095000	       708	00000000	00000013	addi	x0,x0,0	  x0:0x00000000
        7105000	       709	80000504	00000013	addi	x0,x0,0	  x0:0x00000000
        7115000	       710	80000508	b118e113	ori	x2,x17,-1263	 x17:0xfffffffb  x2=0xfffffffb
        7125000	       711	8000050c	40e35b13	srai	x22,x6,0xe	  x6:0xffffffed x22=0xffffffff
        7135000	       712	80000510	ffe08093	addi	x1,x1,-2	  x1:0xffffffee  x1=0xffffffec
        7145000	       713	80000514	01a8c833	xor	x16,x17,x26	 x17:0xfffffffb x26:0xfffffff1 x16=0x0000000a
        7155000	       714	80000518	fe60d8e3	bge	x1,x6,80000508	  x1:0xffffffec  x6:0xffffffed
        7165000	       715	8000051c	00282233	slt	x4,x16,x2	 x16:0x0000000a  x2:0xfffffffb  x4=0x00000000
        7175000	       716	80000520	f88a6ee3	bltu	x20,x8,800004bc	 x20:0x00000003  x8:0x00000010
        7185000	       717	00000000	00000013	addi	x0,x0,0	  x0:0x00000000
        7195000	       718	800004b8	00000013	addi	x0,x0,0	  x0:0x00000000
        7205000	       719	800004bc	0167cb33	xor	x22,x15,x22	 x15:0xffffffff x22:0xffffffff x22=0x00000000
        7215000	       720	800004c0	4964e793	ori	x15,x9,1174	  x9:0xffffffff x15=0xffffffff
        7225000	       721	800004c4	002a0a13	addi	x20,x20,2	 x20:0x00000003 x20=0x00000005
        7235000	       722	800004c8	f4454d93	xori	x27,x10,-188	 x10:0x00000000 x27=0xffffff44
        7245000	       723	800004cc	00d39b33	sll	x22,x7,x13	  x7:0xb50d5000 x13:0x80009fc4 x22=0x50d50000
        7255000	       724	800004d0	d1812197	auipc	x3,0xd1812	  x3=0x518124cc
        7265000	       725	800004d4	a7e1f217	auipc	x4,0xa7e1f	  x4=0x27e1f4d0
        7275000	       726	800004d8	00157e33	and	x28,x10,x1	 x10:0x00000000  x1:0xffffffec x28=0x00000000
        7285000	       727	800004dc	01cee133	or	x2,x29,x28	 x29:0xfffffffb x28:0x00000000  x2=0xfffffffb
        7295000	       728	800004e0	4324f717	auipc	x14,0x4324f	 x14=0xc324f4dc
        7305000	       729	800004e4	bd8ae493	ori	x9,x21,-1064	 x21:0xfffffff7  x9=0xffffffff
        7315000	       730	800004e8	00000093	addi	x1,x0,0	  x0:0x00000000  x1=0x00000000
        7325000	       731	800004ec	2c618113	addi	x2,x3,710	  x3:0x518124cc  x2=0x51812792
        7335000	       732	800004f0	c078cf37	lui	x30,0xc078c	 x30=0xc078c000
        7345000	       733	800004f4	fed00313	addi	x6,x0,-19	  x0:0x00000000  x6=0xffffffed
        7355000	       734	800004f8	01559c93	slli	x25,x11,0x15	 x11:0x80009fd4 x25=0xfa800000
        7365000	       735	800004fc	00d465b3	or	x11,x8,x13	  x8:0x00000010 x13:0x80009fc4 x11=0x80009fd4
        7375000	       736	80000500	01573bb3	sltu	x23,x14,x21	 x14:0xc324f4dc x21:0xfffffff7 x23=0x00000001
        7385000	       737	80000504	cb3dc013	xori	x0,x27,-845	 x27:0xffffff44
        7395000	       738	80000508	b118e113	ori	x2,x17,-1263	 x17:0xfffffffb  x2=0xfffffffb
        7405000	       739	8000050c	40e35b13	srai	x22,x6,0xe	  x6:0xffffffed x22=0xffffffff
        7415000	       740	80000510	ffe08093	addi	x1,x1,-2	  x1:0x00000000  x1=0xfffffffe
        7425000	       741	80000514	01a8c833	xor	x16,x17,x26	 x17:0xfffffffb x26:0xfffffff1 x16=0x0000000a
        7435000	       742	80000518	fe60d8e3	bge	x1,x6,80000508	  x1:0xfffffffe  x6:0xffffffed
        7445000	       743	00000000	00000013	addi	x0,x0,0	  x0:0x00000000
        7455000	       744	80000504	00000013	addi	x0,x0,0	  x0:0x00000000
        7465000	       745	80000508	b118e113	ori	x2,x17,-1263	 x17:0xfffffffb  x2=0xfffffffb
        7475000	       746	8000050c	40e35b13	srai	x22,x6,0xe	  x6:0xffffffed x22=0xffffffff
        7485000	       747	80000510	ffe08093	addi	x1,x1,-2	  x1:0xfffffffe  x1=0xfffffffc
        7495000	       748	80000514	01a8c833	xor	x16,x17,x26	 x17:0xfffffffb x26:0xfffffff1 x16=0x0000000a
        7505000	       749	80000518	fe60d8e3	bge	x1,x6,80000508	  x1:0xfffffffc  x6:0xffffffed
        7515000	       750	00000000	00000013	addi	x0,x0,0	  x0:0x00000000
        7525000	       751	80000504	00000013	addi	x0,x0,0	  x0:0x00000000
        7535000	       752	80000508	b118e113	ori	x2,x17,-1263	 x17:0xfffffffb  x2=0xfffffffb
        7545000	       753	8000050c	40e35b13	srai	x22,x6,0xe	  x6:0xffffffed x22=0xffffffff
        7555000	       754	80000510	ffe08093	addi	x1,x1,-2	  x1:0xfffffffc  x1=0xfffffffa
        7565000	       755	80000514	01a8c833	xor	x16,x17,x26	 x17:0xfffffffb x26:0xfffffff1 x16=0x0000000a
        7575000	       756	80000518	fe60d8e3	bge	x1,x6,80000508	  x1:0xfffffffa  x6:0xffffffed
        7585000	       757	00000000	00000013	addi	x0,x0,0	  x0:0x00000000
        7595000	       758	80000504	00000013	addi	x0,x0,0	  x0:0x00000000
        7605000	       759	80000508	b118e113	ori	x2,x17,-1263	 x17:0xfffffffb  x2=0xfffffffb
        7615000	       760	8000050c	40e35b13	srai	x22,x6,0xe	  x6:0xffffffed x22=0xffffffff
        7625000	       761	80000510	ffe08093	addi	x1,x1,-2	  x1:0xfffffffa  x1=0xfffffff8
        7635000	       762	80000514	01a8c833	xor	x16,x17,x26	 x17:0xfffffffb x26:0xfffffff1 x16=0x0000000a
        7645000	       763	80000518	fe60d8e3	bge	x1,x6,80000508	  x1:0xfffffff8  x6:0xffffffed
        7655000	       764	00000000	00000013	addi	x0,x0,0	  x0:0x00000000
        7665000	       765	80000504	00000013	addi	x0,x0,0	  x0:0x00000000
        7675000	       766	80000508	b118e113	ori	x2,x17,-1263	 x17:0xfffffffb  x2=0xfffffffb
        7685000	       767	8000050c	40e35b13	srai	x22,x6,0xe	  x6:0xffffffed x22=0xffffffff
        7695000	       768	80000510	ffe08093	addi	x1,x1,-2	  x1:0xfffffff8  x1=0xfffffff6
        7705000	       769	80000514	01a8c833	xor	x16,x17,x26	 x17:0xfffffffb x26:0xfffffff1 x16=0x0000000a
        7715000	       770	80000518	fe60d8e3	bge	x1,x6,80000508	  x1:0xfffffff6  x6:0xffffffed
        7725000	       771	00000000	00000013	addi	x0,x0,0	  x0:0x00000000
        7735000	       772	80000504	00000013	addi	x0,x0,0	  x0:0x00000000
        7745000	       773	80000508	b118e113	ori	x2,x17,-1263	 x17:0xfffffffb  x2=0xfffffffb
        7755000	       774	8000050c	40e35b13	srai	x22,x6,0xe	  x6:0xffffffed x22=0xffffffff
        7765000	       775	80000510	ffe08093	addi	x1,x1,-2	  x1:0xfffffff6  x1=0xfffffff4
        7775000	       776	80000514	01a8c833	xor	x16,x17,x26	 x17:0xfffffffb x26:0xfffffff1 x16=0x0000000a
        7785000	       777	80000518	fe60d8e3	bge	x1,x6,80000508	  x1:0xfffffff4  x6:0xffffffed
        7795000	       778	00000000	00000013	addi	x0,x0,0	  x0:0x00000000
        7805000	       779	80000504	00000013	addi	x0,x0,0	  x0:0x00000000
        7815000	       780	80000508	b118e113	ori	x2,x17,-1263	 x17:0xfffffffb  x2=0xfffffffb
        7825000	       781	8000050c	40e35b13	srai	x22,x6,0xe	  x6:0xffffffed x22=0xffffffff
        7835000	       782	80000510	ffe08093	addi	x1,x1,-2	  x1:0xfffffff4  x1=0xfffffff2
        7845000	       783	80000514	01a8c833	xor	x16,x17,x26	 x17:0xfffffffb x26:0xfffffff1 x16=0x0000000a
        7855000	       784	80000518	fe60d8e3	bge	x1,x6,80000508	  x1:0xfffffff2  x6:0xffffffed
        7865000	       785	00000000	00000013	addi	x0,x0,0	  x0:0x00000000
        7875000	       786	80000504	00000013	addi	x0,x0,0	  x0:0x00000000
        7885000	       787	80000508	b118e113	ori	x2,x17,-1263	 x17:0xfffffffb  x2=0xfffffffb
        7895000	       788	8000050c	40e35b13	srai	x22,x6,0xe	  x6:0xffffffed x22=0xffffffff
        7905000	       789	80000510	ffe08093	addi	x1,x1,-2	  x1:0xfffffff2  x1=0xfffffff0
        7915000	       790	80000514	01a8c833	xor	x16,x17,x26	 x17:0xfffffffb x26:0xfffffff1 x16=0x0000000a
        7925000	       791	80000518	fe60d8e3	bge	x1,x6,80000508	  x1:0xfffffff0  x6:0xffffffed
        7935000	       792	00000000	00000013	addi	x0,x0,0	  x0:0x00000000
        7945000	       793	80000504	00000013	addi	x0,x0,0	  x0:0x00000000
        7955000	       794	80000508	b118e113	ori	x2,x17,-1263	 x17:0xfffffffb  x2=0xfffffffb
        7965000	       795	8000050c	40e35b13	srai	x22,x6,0xe	  x6:0xffffffed x22=0xffffffff
        7975000	       796	80000510	ffe08093	addi	x1,x1,-2	  x1:0xfffffff0  x1=0xffffffee
        7985000	       797	80000514	01a8c833	xor	x16,x17,x26	 x17:0xfffffffb x26:0xfffffff1 x16=0x0000000a
        7995000	       798	80000518	fe60d8e3	bge	x1,x6,80000508	  x1:0xffffffee  x6:0xffffffed
        8005000	       799	00000000	00000013	addi	x0,x0,0	  x0:0x00000000
        8015000	       800	80000504	00000013	addi	x0,x0,0	  x0:0x00000000
        8025000	       801	80000508	b118e113	ori	x2,x17,-1263	 x17:0xfffffffb  x2=0xfffffffb
        8035000	       802	8000050c	40e35b13	srai	x22,x6,0xe	  x6:0xffffffed x22=0xffffffff
        8045000	       803	80000510	ffe08093	addi	x1,x1,-2	  x1:0xffffffee  x1=0xffffffec
        8055000	       804	80000514	01a8c833	xor	x16,x17,x26	 x17:0xfffffffb x26:0xfffffff1 x16=0x0000000a
        8065000	       805	80000518	fe60d8e3	bge	x1,x6,80000508	  x1:0xffffffec  x6:0xffffffed
        8075000	       806	8000051c	00282233	slt	x4,x16,x2	 x16:0x0000000a  x2:0xfffffffb  x4=0x00000000
        8085000	       807	80000520	f88a6ee3	bltu	x20,x8,800004bc	 x20:0x00000005  x8:0x00000010
        8095000	       808	00000000	00000013	addi	x0,x0,0	  x0:0x00000000
        8105000	       809	800004b8	00000013	addi	x0,x0,0	  x0:0x00000000
        8115000	       810	800004bc	0167cb33	xor	x22,x15,x22	 x15:0xffffffff x22:0xffffffff x22=0x00000000
        8125000	       811	800004c0	4964e793	ori	x15,x9,1174	  x9:0xffffffff x15=0xffffffff
        8135000	       812	800004c4	002a0a13	addi	x20,x20,2	 x20:0x00000005 x20=0x00000007
        8145000	       813	800004c8	f4454d93	xori	x27,x10,-188	 x10:0x00000000 x27=0xffffff44
        8155000	       814	800004cc	00d39b33	sll	x22,x7,x13	  x7:0xb50d5000 x13:0x80009fc4 x22=0x50d50000
        8165000	       815	800004d0	d1812197	auipc	x3,0xd1812	  x3=0x518124cc
        8175000	       816	800004d4	a7e1f217	auipc	x4,0xa7e1f	  x4=0x27e1f4d0
        8185000	       817	800004d8	00157e33	and	x28,x10,x1	 x10:0x00000000  x1:0xffffffec x28=0x00000000
        8195000	       818	800004dc	01cee133	or	x2,x29,x28	 x29:0xfffffffb x28:0x00000000  x2=0xfffffffb
        8205000	       819	800004e0	4324f717	auipc	x14,0x4324f	 x14=0xc324f4dc
        8215000	       820	800004e4	bd8ae493	ori	x9,x21,-1064	 x21:0xfffffff7  x9=0xffffffff
        8225000	       821	800004e8	00000093	addi	x1,x0,0	  x0:0x00000000  x1=0x00000000
        8235000	       822	800004ec	2c618113	addi	x2,x3,710	  x3:0x518124cc  x2=0x51812792
        8245000	       823	800004f0	c078cf37	lui	x30,0xc078c	 x30=0xc078c000
        8255000	       824	800004f4	fed00313	addi	x6,x0,-19	  x0:0x00000000  x6=0xffffffed
        8265000	       825	800004f8	01559c93	slli	x25,x11,0x15	 x11:0x80009fd4 x25=0xfa800000
        8275000	       826	800004fc	00d465b3	or	x11,x8,x13	  x8:0x00000010 x13:0x80009fc4 x11=0x80009fd4
        8285000	       827	80000500	01573bb3	sltu	x23,x14,x21	 x14:0xc324f4dc x21:0xfffffff7 x23=0x00000001
        8295000	       828	80000504	cb3dc013	xori	x0,x27,-845	 x27:0xffffff44
        8305000	       829	80000508	b118e113	ori	x2,x17,-1263	 x17:0xfffffffb  x2=0xfffffffb
        8315000	       830	8000050c	40e35b13	srai	x22,x6,0xe	  x6:0xffffffed x22=0xffffffff
        8325000	       831	80000510	ffe08093	addi	x1,x1,-2	  x1:0x00000000  x1=0xfffffffe
        8335000	       832	80000514	01a8c833	xor	x16,x17,x26	 x17:0xfffffffb x26:0xfffffff1 x16=0x0000000a
        8345000	       833	80000518	fe60d8e3	bge	x1,x6,80000508	  x1:0xfffffffe  x6:0xffffffed
        8355000	       834	00000000	00000013	addi	x0,x0,0	  x0:0x00000000
        8365000	       835	80000504	00000013	addi	x0,x0,0	  x0:0x00000000
        8375000	       836	80000508	b118e113	ori	x2,x17,-1263	 x17:0xfffffffb  x2=0xfffffffb
        8385000	       837	8000050c	40e35b13	srai	x22,x6,0xe	  x6:0xffffffed x22=0xffffffff
        8395000	       838	80000510	ffe08093	addi	x1,x1,-2	  x1:0xfffffffe  x1=0xfffffffc
        8405000	       839	80000514	01a8c833	xor	x16,x17,x26	 x17:0xfffffffb x26:0xfffffff1 x16=0x0000000a
        8415000	       840	80000518	fe60d8e3	bge	x1,x6,80000508	  x1:0xfffffffc  x6:0xffffffed
        8425000	       841	00000000	00000013	addi	x0,x0,0	  x0:0x00000000
        8435000	       842	80000504	00000013	addi	x0,x0,0	  x0:0x00000000
        8445000	       843	80000508	b118e113	ori	x2,x17,-1263	 x17:0xfffffffb  x2=0xfffffffb
        8455000	       844	8000050c	40e35b13	srai	x22,x6,0xe	  x6:0xffffffed x22=0xffffffff
        8465000	       845	80000510	ffe08093	addi	x1,x1,-2	  x1:0xfffffffc  x1=0xfffffffa
        8475000	       846	80000514	01a8c833	xor	x16,x17,x26	 x17:0xfffffffb x26:0xfffffff1 x16=0x0000000a
        8485000	       847	80000518	fe60d8e3	bge	x1,x6,80000508	  x1:0xfffffffa  x6:0xffffffed
        8495000	       848	00000000	00000013	addi	x0,x0,0	  x0:0x00000000
        8505000	       849	80000504	00000013	addi	x0,x0,0	  x0:0x00000000
        8515000	       850	80000508	b118e113	ori	x2,x17,-1263	 x17:0xfffffffb  x2=0xfffffffb
        8525000	       851	8000050c	40e35b13	srai	x22,x6,0xe	  x6:0xffffffed x22=0xffffffff
        8535000	       852	80000510	ffe08093	addi	x1,x1,-2	  x1:0xfffffffa  x1=0xfffffff8
        8545000	       853	80000514	01a8c833	xor	x16,x17,x26	 x17:0xfffffffb x26:0xfffffff1 x16=0x0000000a
        8555000	       854	80000518	fe60d8e3	bge	x1,x6,80000508	  x1:0xfffffff8  x6:0xffffffed
        8565000	       855	00000000	00000013	addi	x0,x0,0	  x0:0x00000000
        8575000	       856	80000504	00000013	addi	x0,x0,0	  x0:0x00000000
        8585000	       857	80000508	b118e113	ori	x2,x17,-1263	 x17:0xfffffffb  x2=0xfffffffb
        8595000	       858	8000050c	40e35b13	srai	x22,x6,0xe	  x6:0xffffffed x22=0xffffffff
        8605000	       859	80000510	ffe08093	addi	x1,x1,-2	  x1:0xfffffff8  x1=0xfffffff6
        8615000	       860	80000514	01a8c833	xor	x16,x17,x26	 x17:0xfffffffb x26:0xfffffff1 x16=0x0000000a
        8625000	       861	80000518	fe60d8e3	bge	x1,x6,80000508	  x1:0xfffffff6  x6:0xffffffed
        8635000	       862	00000000	00000013	addi	x0,x0,0	  x0:0x00000000
        8645000	       863	80000504	00000013	addi	x0,x0,0	  x0:0x00000000
        8655000	       864	80000508	b118e113	ori	x2,x17,-1263	 x17:0xfffffffb  x2=0xfffffffb
        8665000	       865	8000050c	40e35b13	srai	x22,x6,0xe	  x6:0xffffffed x22=0xffffffff
        8675000	       866	80000510	ffe08093	addi	x1,x1,-2	  x1:0xfffffff6  x1=0xfffffff4
        8685000	       867	80000514	01a8c833	xor	x16,x17,x26	 x17:0xfffffffb x26:0xfffffff1 x16=0x0000000a
        8695000	       868	80000518	fe60d8e3	bge	x1,x6,80000508	  x1:0xfffffff4  x6:0xffffffed
        8705000	       869	00000000	00000013	addi	x0,x0,0	  x0:0x00000000
        8715000	       870	80000504	00000013	addi	x0,x0,0	  x0:0x00000000
        8725000	       871	80000508	b118e113	ori	x2,x17,-1263	 x17:0xfffffffb  x2=0xfffffffb
        8735000	       872	8000050c	40e35b13	srai	x22,x6,0xe	  x6:0xffffffed x22=0xffffffff
        8745000	       873	80000510	ffe08093	addi	x1,x1,-2	  x1:0xfffffff4  x1=0xfffffff2
        8755000	       874	80000514	01a8c833	xor	x16,x17,x26	 x17:0xfffffffb x26:0xfffffff1 x16=0x0000000a
        8765000	       875	80000518	fe60d8e3	bge	x1,x6,80000508	  x1:0xfffffff2  x6:0xffffffed
        8775000	       876	00000000	00000013	addi	x0,x0,0	  x0:0x00000000
        8785000	       877	80000504	00000013	addi	x0,x0,0	  x0:0x00000000
        8795000	       878	80000508	b118e113	ori	x2,x17,-1263	 x17:0xfffffffb  x2=0xfffffffb
        8805000	       879	8000050c	40e35b13	srai	x22,x6,0xe	  x6:0xffffffed x22=0xffffffff
        8815000	       880	80000510	ffe08093	addi	x1,x1,-2	  x1:0xfffffff2  x1=0xfffffff0
        8825000	       881	80000514	01a8c833	xor	x16,x17,x26	 x17:0xfffffffb x26:0xfffffff1 x16=0x0000000a
        8835000	       882	80000518	fe60d8e3	bge	x1,x6,80000508	  x1:0xfffffff0  x6:0xffffffed
        8845000	       883	00000000	00000013	addi	x0,x0,0	  x0:0x00000000
        8855000	       884	80000504	00000013	addi	x0,x0,0	  x0:0x00000000
        8865000	       885	80000508	b118e113	ori	x2,x17,-1263	 x17:0xfffffffb  x2=0xfffffffb
        8875000	       886	8000050c	40e35b13	srai	x22,x6,0xe	  x6:0xffffffed x22=0xffffffff
        8885000	       887	80000510	ffe08093	addi	x1,x1,-2	  x1:0xfffffff0  x1=0xffffffee
        8895000	       888	80000514	01a8c833	xor	x16,x17,x26	 x17:0xfffffffb x26:0xfffffff1 x16=0x0000000a
        8905000	       889	80000518	fe60d8e3	bge	x1,x6,80000508	  x1:0xffffffee  x6:0xffffffed
        8915000	       890	00000000	00000013	addi	x0,x0,0	  x0:0x00000000
        8925000	       891	80000504	00000013	addi	x0,x0,0	  x0:0x00000000
        8935000	       892	80000508	b118e113	ori	x2,x17,-1263	 x17:0xfffffffb  x2=0xfffffffb
        8945000	       893	8000050c	40e35b13	srai	x22,x6,0xe	  x6:0xffffffed x22=0xffffffff
        8955000	       894	80000510	ffe08093	addi	x1,x1,-2	  x1:0xffffffee  x1=0xffffffec
        8965000	       895	80000514	01a8c833	xor	x16,x17,x26	 x17:0xfffffffb x26:0xfffffff1 x16=0x0000000a
        8975000	       896	80000518	fe60d8e3	bge	x1,x6,80000508	  x1:0xffffffec  x6:0xffffffed
        8985000	       897	8000051c	00282233	slt	x4,x16,x2	 x16:0x0000000a  x2:0xfffffffb  x4=0x00000000
        8995000	       898	80000520	f88a6ee3	bltu	x20,x8,800004bc	 x20:0x00000007  x8:0x00000010
        9005000	       899	00000000	00000013	addi	x0,x0,0	  x0:0x00000000
        9015000	       900	800004b8	00000013	addi	x0,x0,0	  x0:0x00000000
        9025000	       901	800004bc	0167cb33	xor	x22,x15,x22	 x15:0xffffffff x22:0xffffffff x22=0x00000000
        9035000	       902	800004c0	4964e793	ori	x15,x9,1174	  x9:0xffffffff x15=0xffffffff
        9045000	       903	800004c4	002a0a13	addi	x20,x20,2	 x20:0x00000007 x20=0x00000009
        9055000	       904	800004c8	f4454d93	xori	x27,x10,-188	 x10:0x00000000 x27=0xffffff44
        9065000	       905	800004cc	00d39b33	sll	x22,x7,x13	  x7:0xb50d5000 x13:0x80009fc4 x22=0x50d50000
        9075000	       906	800004d0	d1812197	auipc	x3,0xd1812	  x3=0x518124cc
        9085000	       907	800004d4	a7e1f217	auipc	x4,0xa7e1f	  x4=0x27e1f4d0
        9095000	       908	800004d8	00157e33	and	x28,x10,x1	 x10:0x00000000  x1:0xffffffec x28=0x00000000
        9105000	       909	800004dc	01cee133	or	x2,x29,x28	 x29:0xfffffffb x28:0x00000000  x2=0xfffffffb
        9115000	       910	800004e0	4324f717	auipc	x14,0x4324f	 x14=0xc324f4dc
        9125000	       911	800004e4	bd8ae493	ori	x9,x21,-1064	 x21:0xfffffff7  x9=0xffffffff
        9135000	       912	800004e8	00000093	addi	x1,x0,0	  x0:0x00000000  x1=0x00000000
        9145000	       913	800004ec	2c618113	addi	x2,x3,710	  x3:0x518124cc  x2=0x51812792
        9155000	       914	800004f0	c078cf37	lui	x30,0xc078c	 x30=0xc078c000
        9165000	       915	800004f4	fed00313	addi	x6,x0,-19	  x0:0x00000000  x6=0xffffffed
        9175000	       916	800004f8	01559c93	slli	x25,x11,0x15	 x11:0x80009fd4 x25=0xfa800000
        9185000	       917	800004fc	00d465b3	or	x11,x8,x13	  x8:0x00000010 x13:0x80009fc4 x11=0x80009fd4
        9195000	       918	80000500	01573bb3	sltu	x23,x14,x21	 x14:0xc324f4dc x21:0xfffffff7 x23=0x00000001
        9205000	       919	80000504	cb3dc013	xori	x0,x27,-845	 x27:0xffffff44
        9215000	       920	80000508	b118e113	ori	x2,x17,-1263	 x17:0xfffffffb  x2=0xfffffffb
        9225000	       921	8000050c	40e35b13	srai	x22,x6,0xe	  x6:0xffffffed x22=0xffffffff
        9235000	       922	80000510	ffe08093	addi	x1,x1,-2	  x1:0x00000000  x1=0xfffffffe
        9245000	       923	80000514	01a8c833	xor	x16,x17,x26	 x17:0xfffffffb x26:0xfffffff1 x16=0x0000000a
        9255000	       924	80000518	fe60d8e3	bge	x1,x6,80000508	  x1:0xfffffffe  x6:0xffffffed
        9265000	       925	00000000	00000013	addi	x0,x0,0	  x0:0x00000000
        9275000	       926	80000504	00000013	addi	x0,x0,0	  x0:0x00000000
        9285000	       927	80000508	b118e113	ori	x2,x17,-1263	 x17:0xfffffffb  x2=0xfffffffb
        9295000	       928	8000050c	40e35b13	srai	x22,x6,0xe	  x6:0xffffffed x22=0xffffffff
        9305000	       929	80000510	ffe08093	addi	x1,x1,-2	  x1:0xfffffffe  x1=0xfffffffc
        9315000	       930	80000514	01a8c833	xor	x16,x17,x26	 x17:0xfffffffb x26:0xfffffff1 x16=0x0000000a
        9325000	       931	80000518	fe60d8e3	bge	x1,x6,80000508	  x1:0xfffffffc  x6:0xffffffed
        9335000	       932	00000000	00000013	addi	x0,x0,0	  x0:0x00000000
        9345000	       933	80000504	00000013	addi	x0,x0,0	  x0:0x00000000
        9355000	       934	80000508	b118e113	ori	x2,x17,-1263	 x17:0xfffffffb  x2=0xfffffffb
        9365000	       935	8000050c	40e35b13	srai	x22,x6,0xe	  x6:0xffffffed x22=0xffffffff
        9375000	       936	80000510	ffe08093	addi	x1,x1,-2	  x1:0xfffffffc  x1=0xfffffffa
        9385000	       937	80000514	01a8c833	xor	x16,x17,x26	 x17:0xfffffffb x26:0xfffffff1 x16=0x0000000a
        9395000	       938	80000518	fe60d8e3	bge	x1,x6,80000508	  x1:0xfffffffa  x6:0xffffffed
        9405000	       939	00000000	00000013	addi	x0,x0,0	  x0:0x00000000
        9415000	       940	80000504	00000013	addi	x0,x0,0	  x0:0x00000000
        9425000	       941	80000508	b118e113	ori	x2,x17,-1263	 x17:0xfffffffb  x2=0xfffffffb
        9435000	       942	8000050c	40e35b13	srai	x22,x6,0xe	  x6:0xffffffed x22=0xffffffff
        9445000	       943	80000510	ffe08093	addi	x1,x1,-2	  x1:0xfffffffa  x1=0xfffffff8
        9455000	       944	80000514	01a8c833	xor	x16,x17,x26	 x17:0xfffffffb x26:0xfffffff1 x16=0x0000000a
        9465000	       945	80000518	fe60d8e3	bge	x1,x6,80000508	  x1:0xfffffff8  x6:0xffffffed
        9475000	       946	00000000	00000013	addi	x0,x0,0	  x0:0x00000000
        9485000	       947	80000504	00000013	addi	x0,x0,0	  x0:0x00000000
        9495000	       948	80000508	b118e113	ori	x2,x17,-1263	 x17:0xfffffffb  x2=0xfffffffb
        9505000	       949	8000050c	40e35b13	srai	x22,x6,0xe	  x6:0xffffffed x22=0xffffffff
        9515000	       950	80000510	ffe08093	addi	x1,x1,-2	  x1:0xfffffff8  x1=0xfffffff6
        9525000	       951	80000514	01a8c833	xor	x16,x17,x26	 x17:0xfffffffb x26:0xfffffff1 x16=0x0000000a
        9535000	       952	80000518	fe60d8e3	bge	x1,x6,80000508	  x1:0xfffffff6  x6:0xffffffed
        9545000	       953	00000000	00000013	addi	x0,x0,0	  x0:0x00000000
        9555000	       954	80000504	00000013	addi	x0,x0,0	  x0:0x00000000
        9565000	       955	80000508	b118e113	ori	x2,x17,-1263	 x17:0xfffffffb  x2=0xfffffffb
        9575000	       956	8000050c	40e35b13	srai	x22,x6,0xe	  x6:0xffffffed x22=0xffffffff
        9585000	       957	80000510	ffe08093	addi	x1,x1,-2	  x1:0xfffffff6  x1=0xfffffff4
        9595000	       958	80000514	01a8c833	xor	x16,x17,x26	 x17:0xfffffffb x26:0xfffffff1 x16=0x0000000a
        9605000	       959	80000518	fe60d8e3	bge	x1,x6,80000508	  x1:0xfffffff4  x6:0xffffffed
        9615000	       960	00000000	00000013	addi	x0,x0,0	  x0:0x00000000
        9625000	       961	80000504	00000013	addi	x0,x0,0	  x0:0x00000000
        9635000	       962	80000508	b118e113	ori	x2,x17,-1263	 x17:0xfffffffb  x2=0xfffffffb
        9645000	       963	8000050c	40e35b13	srai	x22,x6,0xe	  x6:0xffffffed x22=0xffffffff
        9655000	       964	80000510	ffe08093	addi	x1,x1,-2	  x1:0xfffffff4  x1=0xfffffff2
        9665000	       965	80000514	01a8c833	xor	x16,x17,x26	 x17:0xfffffffb x26:0xfffffff1 x16=0x0000000a
        9675000	       966	80000518	fe60d8e3	bge	x1,x6,80000508	  x1:0xfffffff2  x6:0xffffffed
        9685000	       967	00000000	00000013	addi	x0,x0,0	  x0:0x00000000
        9695000	       968	80000504	00000013	addi	x0,x0,0	  x0:0x00000000
        9705000	       969	80000508	b118e113	ori	x2,x17,-1263	 x17:0xfffffffb  x2=0xfffffffb
        9715000	       970	8000050c	40e35b13	srai	x22,x6,0xe	  x6:0xffffffed x22=0xffffffff
        9725000	       971	80000510	ffe08093	addi	x1,x1,-2	  x1:0xfffffff2  x1=0xfffffff0
        9735000	       972	80000514	01a8c833	xor	x16,x17,x26	 x17:0xfffffffb x26:0xfffffff1 x16=0x0000000a
        9745000	       973	80000518	fe60d8e3	bge	x1,x6,80000508	  x1:0xfffffff0  x6:0xffffffed
        9755000	       974	00000000	00000013	addi	x0,x0,0	  x0:0x00000000
        9765000	       975	80000504	00000013	addi	x0,x0,0	  x0:0x00000000
        9775000	       976	80000508	b118e113	ori	x2,x17,-1263	 x17:0xfffffffb  x2=0xfffffffb
        9785000	       977	8000050c	40e35b13	srai	x22,x6,0xe	  x6:0xffffffed x22=0xffffffff
        9795000	       978	80000510	ffe08093	addi	x1,x1,-2	  x1:0xfffffff0  x1=0xffffffee
        9805000	       979	80000514	01a8c833	xor	x16,x17,x26	 x17:0xfffffffb x26:0xfffffff1 x16=0x0000000a
        9815000	       980	80000518	fe60d8e3	bge	x1,x6,80000508	  x1:0xffffffee  x6:0xffffffed
        9825000	       981	00000000	00000013	addi	x0,x0,0	  x0:0x00000000
        9835000	       982	80000504	00000013	addi	x0,x0,0	  x0:0x00000000
        9845000	       983	80000508	b118e113	ori	x2,x17,-1263	 x17:0xfffffffb  x2=0xfffffffb
        9855000	       984	8000050c	40e35b13	srai	x22,x6,0xe	  x6:0xffffffed x22=0xffffffff
        9865000	       985	80000510	ffe08093	addi	x1,x1,-2	  x1:0xffffffee  x1=0xffffffec
        9875000	       986	80000514	01a8c833	xor	x16,x17,x26	 x17:0xfffffffb x26:0xfffffff1 x16=0x0000000a
        9885000	       987	80000518	fe60d8e3	bge	x1,x6,80000508	  x1:0xffffffec  x6:0xffffffed
        9895000	       988	8000051c	00282233	slt	x4,x16,x2	 x16:0x0000000a  x2:0xfffffffb  x4=0x00000000
        9905000	       989	80000520	f88a6ee3	bltu	x20,x8,800004bc	 x20:0x00000009  x8:0x00000010
        9915000	       990	00000000	00000013	addi	x0,x0,0	  x0:0x00000000
        9925000	       991	800004b8	00000013	addi	x0,x0,0	  x0:0x00000000
        9935000	       992	800004bc	0167cb33	xor	x22,x15,x22	 x15:0xffffffff x22:0xffffffff x22=0x00000000
        9945000	       993	800004c0	4964e793	ori	x15,x9,1174	  x9:0xffffffff x15=0xffffffff
        9955000	       994	800004c4	002a0a13	addi	x20,x20,2	 x20:0x00000009 x20=0x0000000b
        9965000	       995	800004c8	f4454d93	xori	x27,x10,-188	 x10:0x00000000 x27=0xffffff44
        9975000	       996	800004cc	00d39b33	sll	x22,x7,x13	  x7:0xb50d5000 x13:0x80009fc4 x22=0x50d50000
        9985000	       997	800004d0	d1812197	auipc	x3,0xd1812	  x3=0x518124cc
        9995000	       998	800004d4	a7e1f217	auipc	x4,0xa7e1f	  x4=0x27e1f4d0
       10005000	       999	800004d8	00157e33	and	x28,x10,x1	 x10:0x00000000  x1:0xffffffec x28=0x00000000
       10015000	      1000	800004dc	01cee133	or	x2,x29,x28	 x29:0xfffffffb x28:0x00000000  x2=0xfffffffb
       10025000	      1001	800004e0	4324f717	auipc	x14,0x4324f	 x14=0xc324f4dc
       10035000	      1002	800004e4	bd8ae493	ori	x9,x21,-1064	 x21:0xfffffff7  x9=0xffffffff
       10045000	      1003	800004e8	00000093	addi	x1,x0,0	  x0:0x00000000  x1=0x00000000
       10055000	      1004	800004ec	2c618113	addi	x2,x3,710	  x3:0x518124cc  x2=0x51812792
       10065000	      1005	800004f0	c078cf37	lui	x30,0xc078c	 x30=0xc078c000
       10075000	      1006	800004f4	fed00313	addi	x6,x0,-19	  x0:0x00000000  x6=0xffffffed
       10085000	      1007	800004f8	01559c93	slli	x25,x11,0x15	 x11:0x80009fd4 x25=0xfa800000
       10095000	      1008	800004fc	00d465b3	or	x11,x8,x13	  x8:0x00000010 x13:0x80009fc4 x11=0x80009fd4
       10105000	      1009	80000500	01573bb3	sltu	x23,x14,x21	 x14:0xc324f4dc x21:0xfffffff7 x23=0x00000001
       10115000	      1010	80000504	cb3dc013	xori	x0,x27,-845	 x27:0xffffff44
       10125000	      1011	80000508	b118e113	ori	x2,x17,-1263	 x17:0xfffffffb  x2=0xfffffffb
       10135000	      1012	8000050c	40e35b13	srai	x22,x6,0xe	  x6:0xffffffed x22=0xffffffff
       10145000	      1013	80000510	ffe08093	addi	x1,x1,-2	  x1:0x00000000  x1=0xfffffffe
       10155000	      1014	80000514	01a8c833	xor	x16,x17,x26	 x17:0xfffffffb x26:0xfffffff1 x16=0x0000000a
       10165000	      1015	80000518	fe60d8e3	bge	x1,x6,80000508	  x1:0xfffffffe  x6:0xffffffed
       10175000	      1016	00000000	00000013	addi	x0,x0,0	  x0:0x00000000
       10185000	      1017	80000504	00000013	addi	x0,x0,0	  x0:0x00000000
       10195000	      1018	80000508	b118e113	ori	x2,x17,-1263	 x17:0xfffffffb  x2=0xfffffffb
       10205000	      1019	8000050c	40e35b13	srai	x22,x6,0xe	  x6:0xffffffed x22=0xffffffff
       10215000	      1020	80000510	ffe08093	addi	x1,x1,-2	  x1:0xfffffffe  x1=0xfffffffc
       10225000	      1021	80000514	01a8c833	xor	x16,x17,x26	 x17:0xfffffffb x26:0xfffffff1 x16=0x0000000a
       10235000	      1022	80000518	fe60d8e3	bge	x1,x6,80000508	  x1:0xfffffffc  x6:0xffffffed
       10245000	      1023	00000000	00000013	addi	x0,x0,0	  x0:0x00000000
       10255000	      1024	80000504	00000013	addi	x0,x0,0	  x0:0x00000000
       10265000	      1025	80000508	b118e113	ori	x2,x17,-1263	 x17:0xfffffffb  x2=0xfffffffb
       10275000	      1026	8000050c	40e35b13	srai	x22,x6,0xe	  x6:0xffffffed x22=0xffffffff
       10285000	      1027	80000510	ffe08093	addi	x1,x1,-2	  x1:0xfffffffc  x1=0xfffffffa
       10295000	      1028	80000514	01a8c833	xor	x16,x17,x26	 x17:0xfffffffb x26:0xfffffff1 x16=0x0000000a
       10305000	      1029	80000518	fe60d8e3	bge	x1,x6,80000508	  x1:0xfffffffa  x6:0xffffffed
       10315000	      1030	00000000	00000013	addi	x0,x0,0	  x0:0x00000000
       10325000	      1031	80000504	00000013	addi	x0,x0,0	  x0:0x00000000
       10335000	      1032	80000508	b118e113	ori	x2,x17,-1263	 x17:0xfffffffb  x2=0xfffffffb
       10345000	      1033	8000050c	40e35b13	srai	x22,x6,0xe	  x6:0xffffffed x22=0xffffffff
       10355000	      1034	80000510	ffe08093	addi	x1,x1,-2	  x1:0xfffffffa  x1=0xfffffff8
       10365000	      1035	80000514	01a8c833	xor	x16,x17,x26	 x17:0xfffffffb x26:0xfffffff1 x16=0x0000000a
       10375000	      1036	80000518	fe60d8e3	bge	x1,x6,80000508	  x1:0xfffffff8  x6:0xffffffed
       10385000	      1037	00000000	00000013	addi	x0,x0,0	  x0:0x00000000
       10395000	      1038	80000504	00000013	addi	x0,x0,0	  x0:0x00000000
       10405000	      1039	80000508	b118e113	ori	x2,x17,-1263	 x17:0xfffffffb  x2=0xfffffffb
       10415000	      1040	8000050c	40e35b13	srai	x22,x6,0xe	  x6:0xffffffed x22=0xffffffff
       10425000	      1041	80000510	ffe08093	addi	x1,x1,-2	  x1:0xfffffff8  x1=0xfffffff6
       10435000	      1042	80000514	01a8c833	xor	x16,x17,x26	 x17:0xfffffffb x26:0xfffffff1 x16=0x0000000a
       10445000	      1043	80000518	fe60d8e3	bge	x1,x6,80000508	  x1:0xfffffff6  x6:0xffffffed
       10455000	      1044	00000000	00000013	addi	x0,x0,0	  x0:0x00000000
       10465000	      1045	80000504	00000013	addi	x0,x0,0	  x0:0x00000000
       10475000	      1046	80000508	b118e113	ori	x2,x17,-1263	 x17:0xfffffffb  x2=0xfffffffb
       10485000	      1047	8000050c	40e35b13	srai	x22,x6,0xe	  x6:0xffffffed x22=0xffffffff
       10495000	      1048	80000510	ffe08093	addi	x1,x1,-2	  x1:0xfffffff6  x1=0xfffffff4
       10505000	      1049	80000514	01a8c833	xor	x16,x17,x26	 x17:0xfffffffb x26:0xfffffff1 x16=0x0000000a
       10515000	      1050	80000518	fe60d8e3	bge	x1,x6,80000508	  x1:0xfffffff4  x6:0xffffffed
       10525000	      1051	00000000	00000013	addi	x0,x0,0	  x0:0x00000000
       10535000	      1052	80000504	00000013	addi	x0,x0,0	  x0:0x00000000
       10545000	      1053	80000508	b118e113	ori	x2,x17,-1263	 x17:0xfffffffb  x2=0xfffffffb
       10555000	      1054	8000050c	40e35b13	srai	x22,x6,0xe	  x6:0xffffffed x22=0xffffffff
       10565000	      1055	80000510	ffe08093	addi	x1,x1,-2	  x1:0xfffffff4  x1=0xfffffff2
       10575000	      1056	80000514	01a8c833	xor	x16,x17,x26	 x17:0xfffffffb x26:0xfffffff1 x16=0x0000000a
       10585000	      1057	80000518	fe60d8e3	bge	x1,x6,80000508	  x1:0xfffffff2  x6:0xffffffed
       10595000	      1058	00000000	00000013	addi	x0,x0,0	  x0:0x00000000
       10605000	      1059	80000504	00000013	addi	x0,x0,0	  x0:0x00000000
       10615000	      1060	80000508	b118e113	ori	x2,x17,-1263	 x17:0xfffffffb  x2=0xfffffffb
       10625000	      1061	8000050c	40e35b13	srai	x22,x6,0xe	  x6:0xffffffed x22=0xffffffff
       10635000	      1062	80000510	ffe08093	addi	x1,x1,-2	  x1:0xfffffff2  x1=0xfffffff0
       10645000	      1063	80000514	01a8c833	xor	x16,x17,x26	 x17:0xfffffffb x26:0xfffffff1 x16=0x0000000a
       10655000	      1064	80000518	fe60d8e3	bge	x1,x6,80000508	  x1:0xfffffff0  x6:0xffffffed
       10665000	      1065	00000000	00000013	addi	x0,x0,0	  x0:0x00000000
       10675000	      1066	80000504	00000013	addi	x0,x0,0	  x0:0x00000000
       10685000	      1067	80000508	b118e113	ori	x2,x17,-1263	 x17:0xfffffffb  x2=0xfffffffb
       10695000	      1068	8000050c	40e35b13	srai	x22,x6,0xe	  x6:0xffffffed x22=0xffffffff
       10705000	      1069	80000510	ffe08093	addi	x1,x1,-2	  x1:0xfffffff0  x1=0xffffffee
       10715000	      1070	80000514	01a8c833	xor	x16,x17,x26	 x17:0xfffffffb x26:0xfffffff1 x16=0x0000000a
       10725000	      1071	80000518	fe60d8e3	bge	x1,x6,80000508	  x1:0xffffffee  x6:0xffffffed
       10735000	      1072	00000000	00000013	addi	x0,x0,0	  x0:0x00000000
       10745000	      1073	80000504	00000013	addi	x0,x0,0	  x0:0x00000000
       10755000	      1074	80000508	b118e113	ori	x2,x17,-1263	 x17:0xfffffffb  x2=0xfffffffb
       10765000	      1075	8000050c	40e35b13	srai	x22,x6,0xe	  x6:0xffffffed x22=0xffffffff
       10775000	      1076	80000510	ffe08093	addi	x1,x1,-2	  x1:0xffffffee  x1=0xffffffec
       10785000	      1077	80000514	01a8c833	xor	x16,x17,x26	 x17:0xfffffffb x26:0xfffffff1 x16=0x0000000a
       10795000	      1078	80000518	fe60d8e3	bge	x1,x6,80000508	  x1:0xffffffec  x6:0xffffffed
       10805000	      1079	8000051c	00282233	slt	x4,x16,x2	 x16:0x0000000a  x2:0xfffffffb  x4=0x00000000
       10815000	      1080	80000520	f88a6ee3	bltu	x20,x8,800004bc	 x20:0x0000000b  x8:0x00000010
       10825000	      1081	00000000	00000013	addi	x0,x0,0	  x0:0x00000000
       10835000	      1082	800004b8	00000013	addi	x0,x0,0	  x0:0x00000000
       10845000	      1083	800004bc	0167cb33	xor	x22,x15,x22	 x15:0xffffffff x22:0xffffffff x22=0x00000000
       10855000	      1084	800004c0	4964e793	ori	x15,x9,1174	  x9:0xffffffff x15=0xffffffff
       10865000	      1085	800004c4	002a0a13	addi	x20,x20,2	 x20:0x0000000b x20=0x0000000d
       10875000	      1086	800004c8	f4454d93	xori	x27,x10,-188	 x10:0x00000000 x27=0xffffff44
       10885000	      1087	800004cc	00d39b33	sll	x22,x7,x13	  x7:0xb50d5000 x13:0x80009fc4 x22=0x50d50000
       10895000	      1088	800004d0	d1812197	auipc	x3,0xd1812	  x3=0x518124cc
       10905000	      1089	800004d4	a7e1f217	auipc	x4,0xa7e1f	  x4=0x27e1f4d0
       10915000	      1090	800004d8	00157e33	and	x28,x10,x1	 x10:0x00000000  x1:0xffffffec x28=0x00000000
       10925000	      1091	800004dc	01cee133	or	x2,x29,x28	 x29:0xfffffffb x28:0x00000000  x2=0xfffffffb
       10935000	      1092	800004e0	4324f717	auipc	x14,0x4324f	 x14=0xc324f4dc
       10945000	      1093	800004e4	bd8ae493	ori	x9,x21,-1064	 x21:0xfffffff7  x9=0xffffffff
       10955000	      1094	800004e8	00000093	addi	x1,x0,0	  x0:0x00000000  x1=0x00000000
       10965000	      1095	800004ec	2c618113	addi	x2,x3,710	  x3:0x518124cc  x2=0x51812792
       10975000	      1096	800004f0	c078cf37	lui	x30,0xc078c	 x30=0xc078c000
       10985000	      1097	800004f4	fed00313	addi	x6,x0,-19	  x0:0x00000000  x6=0xffffffed
       10995000	      1098	800004f8	01559c93	slli	x25,x11,0x15	 x11:0x80009fd4 x25=0xfa800000
       11005000	      1099	800004fc	00d465b3	or	x11,x8,x13	  x8:0x00000010 x13:0x80009fc4 x11=0x80009fd4
       11015000	      1100	80000500	01573bb3	sltu	x23,x14,x21	 x14:0xc324f4dc x21:0xfffffff7 x23=0x00000001
       11025000	      1101	80000504	cb3dc013	xori	x0,x27,-845	 x27:0xffffff44
       11035000	      1102	80000508	b118e113	ori	x2,x17,-1263	 x17:0xfffffffb  x2=0xfffffffb
       11045000	      1103	8000050c	40e35b13	srai	x22,x6,0xe	  x6:0xffffffed x22=0xffffffff
       11055000	      1104	80000510	ffe08093	addi	x1,x1,-2	  x1:0x00000000  x1=0xfffffffe
       11065000	      1105	80000514	01a8c833	xor	x16,x17,x26	 x17:0xfffffffb x26:0xfffffff1 x16=0x0000000a
       11075000	      1106	80000518	fe60d8e3	bge	x1,x6,80000508	  x1:0xfffffffe  x6:0xffffffed
       11085000	      1107	00000000	00000013	addi	x0,x0,0	  x0:0x00000000
       11095000	      1108	80000504	00000013	addi	x0,x0,0	  x0:0x00000000
       11105000	      1109	80000508	b118e113	ori	x2,x17,-1263	 x17:0xfffffffb  x2=0xfffffffb
       11115000	      1110	8000050c	40e35b13	srai	x22,x6,0xe	  x6:0xffffffed x22=0xffffffff
       11125000	      1111	80000510	ffe08093	addi	x1,x1,-2	  x1:0xfffffffe  x1=0xfffffffc
       11135000	      1112	80000514	01a8c833	xor	x16,x17,x26	 x17:0xfffffffb x26:0xfffffff1 x16=0x0000000a
       11145000	      1113	80000518	fe60d8e3	bge	x1,x6,80000508	  x1:0xfffffffc  x6:0xffffffed
       11155000	      1114	00000000	00000013	addi	x0,x0,0	  x0:0x00000000
       11165000	      1115	80000504	00000013	addi	x0,x0,0	  x0:0x00000000
       11175000	      1116	80000508	b118e113	ori	x2,x17,-1263	 x17:0xfffffffb  x2=0xfffffffb
       11185000	      1117	8000050c	40e35b13	srai	x22,x6,0xe	  x6:0xffffffed x22=0xffffffff
       11195000	      1118	80000510	ffe08093	addi	x1,x1,-2	  x1:0xfffffffc  x1=0xfffffffa
       11205000	      1119	80000514	01a8c833	xor	x16,x17,x26	 x17:0xfffffffb x26:0xfffffff1 x16=0x0000000a
       11215000	      1120	80000518	fe60d8e3	bge	x1,x6,80000508	  x1:0xfffffffa  x6:0xffffffed
       11225000	      1121	00000000	00000013	addi	x0,x0,0	  x0:0x00000000
       11235000	      1122	80000504	00000013	addi	x0,x0,0	  x0:0x00000000
       11245000	      1123	80000508	b118e113	ori	x2,x17,-1263	 x17:0xfffffffb  x2=0xfffffffb
       11255000	      1124	8000050c	40e35b13	srai	x22,x6,0xe	  x6:0xffffffed x22=0xffffffff
       11265000	      1125	80000510	ffe08093	addi	x1,x1,-2	  x1:0xfffffffa  x1=0xfffffff8
       11275000	      1126	80000514	01a8c833	xor	x16,x17,x26	 x17:0xfffffffb x26:0xfffffff1 x16=0x0000000a
       11285000	      1127	80000518	fe60d8e3	bge	x1,x6,80000508	  x1:0xfffffff8  x6:0xffffffed
       11295000	      1128	00000000	00000013	addi	x0,x0,0	  x0:0x00000000
       11305000	      1129	80000504	00000013	addi	x0,x0,0	  x0:0x00000000
       11315000	      1130	80000508	b118e113	ori	x2,x17,-1263	 x17:0xfffffffb  x2=0xfffffffb
       11325000	      1131	8000050c	40e35b13	srai	x22,x6,0xe	  x6:0xffffffed x22=0xffffffff
       11335000	      1132	80000510	ffe08093	addi	x1,x1,-2	  x1:0xfffffff8  x1=0xfffffff6
       11345000	      1133	80000514	01a8c833	xor	x16,x17,x26	 x17:0xfffffffb x26:0xfffffff1 x16=0x0000000a
       11355000	      1134	80000518	fe60d8e3	bge	x1,x6,80000508	  x1:0xfffffff6  x6:0xffffffed
       11365000	      1135	00000000	00000013	addi	x0,x0,0	  x0:0x00000000
       11375000	      1136	80000504	00000013	addi	x0,x0,0	  x0:0x00000000
       11385000	      1137	80000508	b118e113	ori	x2,x17,-1263	 x17:0xfffffffb  x2=0xfffffffb
       11395000	      1138	8000050c	40e35b13	srai	x22,x6,0xe	  x6:0xffffffed x22=0xffffffff
       11405000	      1139	80000510	ffe08093	addi	x1,x1,-2	  x1:0xfffffff6  x1=0xfffffff4
       11415000	      1140	80000514	01a8c833	xor	x16,x17,x26	 x17:0xfffffffb x26:0xfffffff1 x16=0x0000000a
       11425000	      1141	80000518	fe60d8e3	bge	x1,x6,80000508	  x1:0xfffffff4  x6:0xffffffed
       11435000	      1142	00000000	00000013	addi	x0,x0,0	  x0:0x00000000
       11445000	      1143	80000504	00000013	addi	x0,x0,0	  x0:0x00000000
       11455000	      1144	80000508	b118e113	ori	x2,x17,-1263	 x17:0xfffffffb  x2=0xfffffffb
       11465000	      1145	8000050c	40e35b13	srai	x22,x6,0xe	  x6:0xffffffed x22=0xffffffff
       11475000	      1146	80000510	ffe08093	addi	x1,x1,-2	  x1:0xfffffff4  x1=0xfffffff2
       11485000	      1147	80000514	01a8c833	xor	x16,x17,x26	 x17:0xfffffffb x26:0xfffffff1 x16=0x0000000a
       11495000	      1148	80000518	fe60d8e3	bge	x1,x6,80000508	  x1:0xfffffff2  x6:0xffffffed
       11505000	      1149	00000000	00000013	addi	x0,x0,0	  x0:0x00000000
       11515000	      1150	80000504	00000013	addi	x0,x0,0	  x0:0x00000000
       11525000	      1151	80000508	b118e113	ori	x2,x17,-1263	 x17:0xfffffffb  x2=0xfffffffb
       11535000	      1152	8000050c	40e35b13	srai	x22,x6,0xe	  x6:0xffffffed x22=0xffffffff
       11545000	      1153	80000510	ffe08093	addi	x1,x1,-2	  x1:0xfffffff2  x1=0xfffffff0
       11555000	      1154	80000514	01a8c833	xor	x16,x17,x26	 x17:0xfffffffb x26:0xfffffff1 x16=0x0000000a
       11565000	      1155	80000518	fe60d8e3	bge	x1,x6,80000508	  x1:0xfffffff0  x6:0xffffffed
       11575000	      1156	00000000	00000013	addi	x0,x0,0	  x0:0x00000000
       11585000	      1157	80000504	00000013	addi	x0,x0,0	  x0:0x00000000
       11595000	      1158	80000508	b118e113	ori	x2,x17,-1263	 x17:0xfffffffb  x2=0xfffffffb
       11605000	      1159	8000050c	40e35b13	srai	x22,x6,0xe	  x6:0xffffffed x22=0xffffffff
       11615000	      1160	80000510	ffe08093	addi	x1,x1,-2	  x1:0xfffffff0  x1=0xffffffee
       11625000	      1161	80000514	01a8c833	xor	x16,x17,x26	 x17:0xfffffffb x26:0xfffffff1 x16=0x0000000a
       11635000	      1162	80000518	fe60d8e3	bge	x1,x6,80000508	  x1:0xffffffee  x6:0xffffffed
       11645000	      1163	00000000	00000013	addi	x0,x0,0	  x0:0x00000000
       11655000	      1164	80000504	00000013	addi	x0,x0,0	  x0:0x00000000
       11665000	      1165	80000508	b118e113	ori	x2,x17,-1263	 x17:0xfffffffb  x2=0xfffffffb
       11675000	      1166	8000050c	40e35b13	srai	x22,x6,0xe	  x6:0xffffffed x22=0xffffffff
       11685000	      1167	80000510	ffe08093	addi	x1,x1,-2	  x1:0xffffffee  x1=0xffffffec
       11695000	      1168	80000514	01a8c833	xor	x16,x17,x26	 x17:0xfffffffb x26:0xfffffff1 x16=0x0000000a
       11705000	      1169	80000518	fe60d8e3	bge	x1,x6,80000508	  x1:0xffffffec  x6:0xffffffed
       11715000	      1170	8000051c	00282233	slt	x4,x16,x2	 x16:0x0000000a  x2:0xfffffffb  x4=0x00000000
       11725000	      1171	80000520	f88a6ee3	bltu	x20,x8,800004bc	 x20:0x0000000d  x8:0x00000010
       11735000	      1172	00000000	00000013	addi	x0,x0,0	  x0:0x00000000
       11745000	      1173	800004b8	00000013	addi	x0,x0,0	  x0:0x00000000
       11755000	      1174	800004bc	0167cb33	xor	x22,x15,x22	 x15:0xffffffff x22:0xffffffff x22=0x00000000
       11765000	      1175	800004c0	4964e793	ori	x15,x9,1174	  x9:0xffffffff x15=0xffffffff
       11775000	      1176	800004c4	002a0a13	addi	x20,x20,2	 x20:0x0000000d x20=0x0000000f
       11785000	      1177	800004c8	f4454d93	xori	x27,x10,-188	 x10:0x00000000 x27=0xffffff44
       11795000	      1178	800004cc	00d39b33	sll	x22,x7,x13	  x7:0xb50d5000 x13:0x80009fc4 x22=0x50d50000
       11805000	      1179	800004d0	d1812197	auipc	x3,0xd1812	  x3=0x518124cc
       11815000	      1180	800004d4	a7e1f217	auipc	x4,0xa7e1f	  x4=0x27e1f4d0
       11825000	      1181	800004d8	00157e33	and	x28,x10,x1	 x10:0x00000000  x1:0xffffffec x28=0x00000000
       11835000	      1182	800004dc	01cee133	or	x2,x29,x28	 x29:0xfffffffb x28:0x00000000  x2=0xfffffffb
       11845000	      1183	800004e0	4324f717	auipc	x14,0x4324f	 x14=0xc324f4dc
       11855000	      1184	800004e4	bd8ae493	ori	x9,x21,-1064	 x21:0xfffffff7  x9=0xffffffff
       11865000	      1185	800004e8	00000093	addi	x1,x0,0	  x0:0x00000000  x1=0x00000000
       11875000	      1186	800004ec	2c618113	addi	x2,x3,710	  x3:0x518124cc  x2=0x51812792
       11885000	      1187	800004f0	c078cf37	lui	x30,0xc078c	 x30=0xc078c000
       11895000	      1188	800004f4	fed00313	addi	x6,x0,-19	  x0:0x00000000  x6=0xffffffed
       11905000	      1189	800004f8	01559c93	slli	x25,x11,0x15	 x11:0x80009fd4 x25=0xfa800000
       11915000	      1190	800004fc	00d465b3	or	x11,x8,x13	  x8:0x00000010 x13:0x80009fc4 x11=0x80009fd4
       11925000	      1191	80000500	01573bb3	sltu	x23,x14,x21	 x14:0xc324f4dc x21:0xfffffff7 x23=0x00000001
       11935000	      1192	80000504	cb3dc013	xori	x0,x27,-845	 x27:0xffffff44
       11945000	      1193	80000508	b118e113	ori	x2,x17,-1263	 x17:0xfffffffb  x2=0xfffffffb
       11955000	      1194	8000050c	40e35b13	srai	x22,x6,0xe	  x6:0xffffffed x22=0xffffffff
       11965000	      1195	80000510	ffe08093	addi	x1,x1,-2	  x1:0x00000000  x1=0xfffffffe
       11975000	      1196	80000514	01a8c833	xor	x16,x17,x26	 x17:0xfffffffb x26:0xfffffff1 x16=0x0000000a
       11985000	      1197	80000518	fe60d8e3	bge	x1,x6,80000508	  x1:0xfffffffe  x6:0xffffffed
       11995000	      1198	00000000	00000013	addi	x0,x0,0	  x0:0x00000000
       12005000	      1199	80000504	00000013	addi	x0,x0,0	  x0:0x00000000
       12015000	      1200	80000508	b118e113	ori	x2,x17,-1263	 x17:0xfffffffb  x2=0xfffffffb
       12025000	      1201	8000050c	40e35b13	srai	x22,x6,0xe	  x6:0xffffffed x22=0xffffffff
       12035000	      1202	80000510	ffe08093	addi	x1,x1,-2	  x1:0xfffffffe  x1=0xfffffffc
       12045000	      1203	80000514	01a8c833	xor	x16,x17,x26	 x17:0xfffffffb x26:0xfffffff1 x16=0x0000000a
       12055000	      1204	80000518	fe60d8e3	bge	x1,x6,80000508	  x1:0xfffffffc  x6:0xffffffed
       12065000	      1205	00000000	00000013	addi	x0,x0,0	  x0:0x00000000
       12075000	      1206	80000504	00000013	addi	x0,x0,0	  x0:0x00000000
       12085000	      1207	80000508	b118e113	ori	x2,x17,-1263	 x17:0xfffffffb  x2=0xfffffffb
       12095000	      1208	8000050c	40e35b13	srai	x22,x6,0xe	  x6:0xffffffed x22=0xffffffff
       12105000	      1209	80000510	ffe08093	addi	x1,x1,-2	  x1:0xfffffffc  x1=0xfffffffa
       12115000	      1210	80000514	01a8c833	xor	x16,x17,x26	 x17:0xfffffffb x26:0xfffffff1 x16=0x0000000a
       12125000	      1211	80000518	fe60d8e3	bge	x1,x6,80000508	  x1:0xfffffffa  x6:0xffffffed
       12135000	      1212	00000000	00000013	addi	x0,x0,0	  x0:0x00000000
       12145000	      1213	80000504	00000013	addi	x0,x0,0	  x0:0x00000000
       12155000	      1214	80000508	b118e113	ori	x2,x17,-1263	 x17:0xfffffffb  x2=0xfffffffb
       12165000	      1215	8000050c	40e35b13	srai	x22,x6,0xe	  x6:0xffffffed x22=0xffffffff
       12175000	      1216	80000510	ffe08093	addi	x1,x1,-2	  x1:0xfffffffa  x1=0xfffffff8
       12185000	      1217	80000514	01a8c833	xor	x16,x17,x26	 x17:0xfffffffb x26:0xfffffff1 x16=0x0000000a
       12195000	      1218	80000518	fe60d8e3	bge	x1,x6,80000508	  x1:0xfffffff8  x6:0xffffffed
       12205000	      1219	00000000	00000013	addi	x0,x0,0	  x0:0x00000000
       12215000	      1220	80000504	00000013	addi	x0,x0,0	  x0:0x00000000
       12225000	      1221	80000508	b118e113	ori	x2,x17,-1263	 x17:0xfffffffb  x2=0xfffffffb
       12235000	      1222	8000050c	40e35b13	srai	x22,x6,0xe	  x6:0xffffffed x22=0xffffffff
       12245000	      1223	80000510	ffe08093	addi	x1,x1,-2	  x1:0xfffffff8  x1=0xfffffff6
       12255000	      1224	80000514	01a8c833	xor	x16,x17,x26	 x17:0xfffffffb x26:0xfffffff1 x16=0x0000000a
       12265000	      1225	80000518	fe60d8e3	bge	x1,x6,80000508	  x1:0xfffffff6  x6:0xffffffed
       12275000	      1226	00000000	00000013	addi	x0,x0,0	  x0:0x00000000
       12285000	      1227	80000504	00000013	addi	x0,x0,0	  x0:0x00000000
       12295000	      1228	80000508	b118e113	ori	x2,x17,-1263	 x17:0xfffffffb  x2=0xfffffffb
       12305000	      1229	8000050c	40e35b13	srai	x22,x6,0xe	  x6:0xffffffed x22=0xffffffff
       12315000	      1230	80000510	ffe08093	addi	x1,x1,-2	  x1:0xfffffff6  x1=0xfffffff4
       12325000	      1231	80000514	01a8c833	xor	x16,x17,x26	 x17:0xfffffffb x26:0xfffffff1 x16=0x0000000a
       12335000	      1232	80000518	fe60d8e3	bge	x1,x6,80000508	  x1:0xfffffff4  x6:0xffffffed
       12345000	      1233	00000000	00000013	addi	x0,x0,0	  x0:0x00000000
       12355000	      1234	80000504	00000013	addi	x0,x0,0	  x0:0x00000000
       12365000	      1235	80000508	b118e113	ori	x2,x17,-1263	 x17:0xfffffffb  x2=0xfffffffb
       12375000	      1236	8000050c	40e35b13	srai	x22,x6,0xe	  x6:0xffffffed x22=0xffffffff
       12385000	      1237	80000510	ffe08093	addi	x1,x1,-2	  x1:0xfffffff4  x1=0xfffffff2
       12395000	      1238	80000514	01a8c833	xor	x16,x17,x26	 x17:0xfffffffb x26:0xfffffff1 x16=0x0000000a
       12405000	      1239	80000518	fe60d8e3	bge	x1,x6,80000508	  x1:0xfffffff2  x6:0xffffffed
       12415000	      1240	00000000	00000013	addi	x0,x0,0	  x0:0x00000000
       12425000	      1241	80000504	00000013	addi	x0,x0,0	  x0:0x00000000
       12435000	      1242	80000508	b118e113	ori	x2,x17,-1263	 x17:0xfffffffb  x2=0xfffffffb
       12445000	      1243	8000050c	40e35b13	srai	x22,x6,0xe	  x6:0xffffffed x22=0xffffffff
       12455000	      1244	80000510	ffe08093	addi	x1,x1,-2	  x1:0xfffffff2  x1=0xfffffff0
       12465000	      1245	80000514	01a8c833	xor	x16,x17,x26	 x17:0xfffffffb x26:0xfffffff1 x16=0x0000000a
       12475000	      1246	80000518	fe60d8e3	bge	x1,x6,80000508	  x1:0xfffffff0  x6:0xffffffed
       12485000	      1247	00000000	00000013	addi	x0,x0,0	  x0:0x00000000
       12495000	      1248	80000504	00000013	addi	x0,x0,0	  x0:0x00000000
       12505000	      1249	80000508	b118e113	ori	x2,x17,-1263	 x17:0xfffffffb  x2=0xfffffffb
       12515000	      1250	8000050c	40e35b13	srai	x22,x6,0xe	  x6:0xffffffed x22=0xffffffff
       12525000	      1251	80000510	ffe08093	addi	x1,x1,-2	  x1:0xfffffff0  x1=0xffffffee
       12535000	      1252	80000514	01a8c833	xor	x16,x17,x26	 x17:0xfffffffb x26:0xfffffff1 x16=0x0000000a
       12545000	      1253	80000518	fe60d8e3	bge	x1,x6,80000508	  x1:0xffffffee  x6:0xffffffed
       12555000	      1254	00000000	00000013	addi	x0,x0,0	  x0:0x00000000
       12565000	      1255	80000504	00000013	addi	x0,x0,0	  x0:0x00000000
       12575000	      1256	80000508	b118e113	ori	x2,x17,-1263	 x17:0xfffffffb  x2=0xfffffffb
       12585000	      1257	8000050c	40e35b13	srai	x22,x6,0xe	  x6:0xffffffed x22=0xffffffff
       12595000	      1258	80000510	ffe08093	addi	x1,x1,-2	  x1:0xffffffee  x1=0xffffffec
       12605000	      1259	80000514	01a8c833	xor	x16,x17,x26	 x17:0xfffffffb x26:0xfffffff1 x16=0x0000000a
       12615000	      1260	80000518	fe60d8e3	bge	x1,x6,80000508	  x1:0xffffffec  x6:0xffffffed
       12625000	      1261	8000051c	00282233	slt	x4,x16,x2	 x16:0x0000000a  x2:0xfffffffb  x4=0x00000000
       12635000	      1262	80000520	f88a6ee3	bltu	x20,x8,800004bc	 x20:0x0000000f  x8:0x00000010
       12645000	      1263	00000000	00000013	addi	x0,x0,0	  x0:0x00000000
       12655000	      1264	800004b8	00000013	addi	x0,x0,0	  x0:0x00000000
       12665000	      1265	800004bc	0167cb33	xor	x22,x15,x22	 x15:0xffffffff x22:0xffffffff x22=0x00000000
       12675000	      1266	800004c0	4964e793	ori	x15,x9,1174	  x9:0xffffffff x15=0xffffffff
       12685000	      1267	800004c4	002a0a13	addi	x20,x20,2	 x20:0x0000000f x20=0x00000011
       12695000	      1268	800004c8	f4454d93	xori	x27,x10,-188	 x10:0x00000000 x27=0xffffff44
       12705000	      1269	800004cc	00d39b33	sll	x22,x7,x13	  x7:0xb50d5000 x13:0x80009fc4 x22=0x50d50000
       12715000	      1270	800004d0	d1812197	auipc	x3,0xd1812	  x3=0x518124cc
       12725000	      1271	800004d4	a7e1f217	auipc	x4,0xa7e1f	  x4=0x27e1f4d0
       12735000	      1272	800004d8	00157e33	and	x28,x10,x1	 x10:0x00000000  x1:0xffffffec x28=0x00000000
       12745000	      1273	800004dc	01cee133	or	x2,x29,x28	 x29:0xfffffffb x28:0x00000000  x2=0xfffffffb
       12755000	      1274	800004e0	4324f717	auipc	x14,0x4324f	 x14=0xc324f4dc
       12765000	      1275	800004e4	bd8ae493	ori	x9,x21,-1064	 x21:0xfffffff7  x9=0xffffffff
       12775000	      1276	800004e8	00000093	addi	x1,x0,0	  x0:0x00000000  x1=0x00000000
       12785000	      1277	800004ec	2c618113	addi	x2,x3,710	  x3:0x518124cc  x2=0x51812792
       12795000	      1278	800004f0	c078cf37	lui	x30,0xc078c	 x30=0xc078c000
       12805000	      1279	800004f4	fed00313	addi	x6,x0,-19	  x0:0x00000000  x6=0xffffffed
       12815000	      1280	800004f8	01559c93	slli	x25,x11,0x15	 x11:0x80009fd4 x25=0xfa800000
       12825000	      1281	800004fc	00d465b3	or	x11,x8,x13	  x8:0x00000010 x13:0x80009fc4 x11=0x80009fd4
       12835000	      1282	80000500	01573bb3	sltu	x23,x14,x21	 x14:0xc324f4dc x21:0xfffffff7 x23=0x00000001
       12845000	      1283	80000504	cb3dc013	xori	x0,x27,-845	 x27:0xffffff44
       12855000	      1284	80000508	b118e113	ori	x2,x17,-1263	 x17:0xfffffffb  x2=0xfffffffb
       12865000	      1285	8000050c	40e35b13	srai	x22,x6,0xe	  x6:0xffffffed x22=0xffffffff
       12875000	      1286	80000510	ffe08093	addi	x1,x1,-2	  x1:0x00000000  x1=0xfffffffe
       12885000	      1287	80000514	01a8c833	xor	x16,x17,x26	 x17:0xfffffffb x26:0xfffffff1 x16=0x0000000a
       12895000	      1288	80000518	fe60d8e3	bge	x1,x6,80000508	  x1:0xfffffffe  x6:0xffffffed
       12905000	      1289	00000000	00000013	addi	x0,x0,0	  x0:0x00000000
       12915000	      1290	80000504	00000013	addi	x0,x0,0	  x0:0x00000000
       12925000	      1291	80000508	b118e113	ori	x2,x17,-1263	 x17:0xfffffffb  x2=0xfffffffb
       12935000	      1292	8000050c	40e35b13	srai	x22,x6,0xe	  x6:0xffffffed x22=0xffffffff
       12945000	      1293	80000510	ffe08093	addi	x1,x1,-2	  x1:0xfffffffe  x1=0xfffffffc
       12955000	      1294	80000514	01a8c833	xor	x16,x17,x26	 x17:0xfffffffb x26:0xfffffff1 x16=0x0000000a
       12965000	      1295	80000518	fe60d8e3	bge	x1,x6,80000508	  x1:0xfffffffc  x6:0xffffffed
       12975000	      1296	00000000	00000013	addi	x0,x0,0	  x0:0x00000000
       12985000	      1297	80000504	00000013	addi	x0,x0,0	  x0:0x00000000
       12995000	      1298	80000508	b118e113	ori	x2,x17,-1263	 x17:0xfffffffb  x2=0xfffffffb
       13005000	      1299	8000050c	40e35b13	srai	x22,x6,0xe	  x6:0xffffffed x22=0xffffffff
       13015000	      1300	80000510	ffe08093	addi	x1,x1,-2	  x1:0xfffffffc  x1=0xfffffffa
       13025000	      1301	80000514	01a8c833	xor	x16,x17,x26	 x17:0xfffffffb x26:0xfffffff1 x16=0x0000000a
       13035000	      1302	80000518	fe60d8e3	bge	x1,x6,80000508	  x1:0xfffffffa  x6:0xffffffed
       13045000	      1303	00000000	00000013	addi	x0,x0,0	  x0:0x00000000
       13055000	      1304	80000504	00000013	addi	x0,x0,0	  x0:0x00000000
       13065000	      1305	80000508	b118e113	ori	x2,x17,-1263	 x17:0xfffffffb  x2=0xfffffffb
       13075000	      1306	8000050c	40e35b13	srai	x22,x6,0xe	  x6:0xffffffed x22=0xffffffff
       13085000	      1307	80000510	ffe08093	addi	x1,x1,-2	  x1:0xfffffffa  x1=0xfffffff8
       13095000	      1308	80000514	01a8c833	xor	x16,x17,x26	 x17:0xfffffffb x26:0xfffffff1 x16=0x0000000a
       13105000	      1309	80000518	fe60d8e3	bge	x1,x6,80000508	  x1:0xfffffff8  x6:0xffffffed
       13115000	      1310	00000000	00000013	addi	x0,x0,0	  x0:0x00000000
       13125000	      1311	80000504	00000013	addi	x0,x0,0	  x0:0x00000000
       13135000	      1312	80000508	b118e113	ori	x2,x17,-1263	 x17:0xfffffffb  x2=0xfffffffb
       13145000	      1313	8000050c	40e35b13	srai	x22,x6,0xe	  x6:0xffffffed x22=0xffffffff
       13155000	      1314	80000510	ffe08093	addi	x1,x1,-2	  x1:0xfffffff8  x1=0xfffffff6
       13165000	      1315	80000514	01a8c833	xor	x16,x17,x26	 x17:0xfffffffb x26:0xfffffff1 x16=0x0000000a
       13175000	      1316	80000518	fe60d8e3	bge	x1,x6,80000508	  x1:0xfffffff6  x6:0xffffffed
       13185000	      1317	00000000	00000013	addi	x0,x0,0	  x0:0x00000000
       13195000	      1318	80000504	00000013	addi	x0,x0,0	  x0:0x00000000
       13205000	      1319	80000508	b118e113	ori	x2,x17,-1263	 x17:0xfffffffb  x2=0xfffffffb
       13215000	      1320	8000050c	40e35b13	srai	x22,x6,0xe	  x6:0xffffffed x22=0xffffffff
       13225000	      1321	80000510	ffe08093	addi	x1,x1,-2	  x1:0xfffffff6  x1=0xfffffff4
       13235000	      1322	80000514	01a8c833	xor	x16,x17,x26	 x17:0xfffffffb x26:0xfffffff1 x16=0x0000000a
       13245000	      1323	80000518	fe60d8e3	bge	x1,x6,80000508	  x1:0xfffffff4  x6:0xffffffed
       13255000	      1324	00000000	00000013	addi	x0,x0,0	  x0:0x00000000
       13265000	      1325	80000504	00000013	addi	x0,x0,0	  x0:0x00000000
       13275000	      1326	80000508	b118e113	ori	x2,x17,-1263	 x17:0xfffffffb  x2=0xfffffffb
       13285000	      1327	8000050c	40e35b13	srai	x22,x6,0xe	  x6:0xffffffed x22=0xffffffff
       13295000	      1328	80000510	ffe08093	addi	x1,x1,-2	  x1:0xfffffff4  x1=0xfffffff2
       13305000	      1329	80000514	01a8c833	xor	x16,x17,x26	 x17:0xfffffffb x26:0xfffffff1 x16=0x0000000a
       13315000	      1330	80000518	fe60d8e3	bge	x1,x6,80000508	  x1:0xfffffff2  x6:0xffffffed
       13325000	      1331	00000000	00000013	addi	x0,x0,0	  x0:0x00000000
       13335000	      1332	80000504	00000013	addi	x0,x0,0	  x0:0x00000000
       13345000	      1333	80000508	b118e113	ori	x2,x17,-1263	 x17:0xfffffffb  x2=0xfffffffb
       13355000	      1334	8000050c	40e35b13	srai	x22,x6,0xe	  x6:0xffffffed x22=0xffffffff
       13365000	      1335	80000510	ffe08093	addi	x1,x1,-2	  x1:0xfffffff2  x1=0xfffffff0
       13375000	      1336	80000514	01a8c833	xor	x16,x17,x26	 x17:0xfffffffb x26:0xfffffff1 x16=0x0000000a
       13385000	      1337	80000518	fe60d8e3	bge	x1,x6,80000508	  x1:0xfffffff0  x6:0xffffffed
       13395000	      1338	00000000	00000013	addi	x0,x0,0	  x0:0x00000000
       13405000	      1339	80000504	00000013	addi	x0,x0,0	  x0:0x00000000
       13415000	      1340	80000508	b118e113	ori	x2,x17,-1263	 x17:0xfffffffb  x2=0xfffffffb
       13425000	      1341	8000050c	40e35b13	srai	x22,x6,0xe	  x6:0xffffffed x22=0xffffffff
       13435000	      1342	80000510	ffe08093	addi	x1,x1,-2	  x1:0xfffffff0  x1=0xffffffee
       13445000	      1343	80000514	01a8c833	xor	x16,x17,x26	 x17:0xfffffffb x26:0xfffffff1 x16=0x0000000a
       13455000	      1344	80000518	fe60d8e3	bge	x1,x6,80000508	  x1:0xffffffee  x6:0xffffffed
       13465000	      1345	00000000	00000013	addi	x0,x0,0	  x0:0x00000000
       13475000	      1346	80000504	00000013	addi	x0,x0,0	  x0:0x00000000
       13485000	      1347	80000508	b118e113	ori	x2,x17,-1263	 x17:0xfffffffb  x2=0xfffffffb
       13495000	      1348	8000050c	40e35b13	srai	x22,x6,0xe	  x6:0xffffffed x22=0xffffffff
       13505000	      1349	80000510	ffe08093	addi	x1,x1,-2	  x1:0xffffffee  x1=0xffffffec
       13515000	      1350	80000514	01a8c833	xor	x16,x17,x26	 x17:0xfffffffb x26:0xfffffff1 x16=0x0000000a
       13525000	      1351	80000518	fe60d8e3	bge	x1,x6,80000508	  x1:0xffffffec  x6:0xffffffed
       13535000	      1352	8000051c	00282233	slt	x4,x16,x2	 x16:0x0000000a  x2:0xfffffffb  x4=0x00000000
       13545000	      1353	80000520	f88a6ee3	bltu	x20,x8,800004bc	 x20:0x00000011  x8:0x00000010
       13555000	      1354	80000524	01c69533	sll	x10,x13,x28	 x13:0x80009fc4 x28:0x00000000 x10=0x80009fc4
       13565000	      1355	80000528	00800113	addi	x2,x0,8	  x0:0x00000000  x2=0x00000008
       13575000	      1356	8000052c	35628193	addi	x3,x5,854	  x5:0x80009f84  x3=0x8000a2da
       13585000	      1357	80000530	ffd00593	addi	x11,x0,-3	  x0:0x00000000 x11=0xfffffffd
       13595000	      1358	80000534	005b01b3	add	x3,x22,x5	 x22:0xffffffff  x5:0x80009f84  x3=0x80009f83
       13605000	      1359	80000538	ffb10113	addi	x2,x2,-5	  x2:0x00000008  x2=0x00000003
       13615000	      1360	8000053c	00300513	addi	x10,x0,3	  x0:0x00000000 x10=0x00000003
       13625000	      1361	80000540	01095913	srli	x18,x18,0x10	 x18:0x93c5d4a8 x18=0x000093c5
       13635000	      1362	80000544	01200413	addi	x8,x0,18	  x0:0x00000000  x8=0x00000012
       13645000	      1363	80000548	558ccc97	auipc	x25,0x558cc	 x25=0xd58cc544
       13655000	      1364	8000054c	000a7817	auipc	x16,0xa7	 x16=0x800a7548
       13665000	      1365	80000550	00550513	addi	x10,x10,5	 x10:0x00000003 x10=0x00000008
       13675000	      1366	80000554	fe851ae3	bne	x10,x8,80000548	 x10:0x00000008  x8:0x00000012
       13685000	      1367	00000000	00000013	addi	x0,x0,0	  x0:0x00000000
       13695000	      1368	80000544	00000013	addi	x0,x0,0	  x0:0x00000000
       13705000	      1369	80000548	558ccc97	auipc	x25,0x558cc	 x25=0xd58cc544
       13715000	      1370	8000054c	000a7817	auipc	x16,0xa7	 x16=0x800a7548
       13725000	      1371	80000550	00550513	addi	x10,x10,5	 x10:0x00000008 x10=0x0000000d
       13735000	      1372	80000554	fe851ae3	bne	x10,x8,80000548	 x10:0x0000000d  x8:0x00000012
       13745000	      1373	00000000	00000013	addi	x0,x0,0	  x0:0x00000000
       13755000	      1374	80000544	00000013	addi	x0,x0,0	  x0:0x00000000
       13765000	      1375	80000548	558ccc97	auipc	x25,0x558cc	 x25=0xd58cc544
       13775000	      1376	8000054c	000a7817	auipc	x16,0xa7	 x16=0x800a7548
       13785000	      1377	80000550	00550513	addi	x10,x10,5	 x10:0x0000000d x10=0x00000012
       13795000	      1378	80000554	fe851ae3	bne	x10,x8,80000548	 x10:0x00000012  x8:0x00000012
       13805000	      1379	80000558	fcb15ee3	bge	x2,x11,80000534	  x2:0x00000003 x11:0xfffffffd
       13815000	      1380	00000000	00000013	addi	x0,x0,0	  x0:0x00000000
       13825000	      1381	80000530	00000013	addi	x0,x0,0	  x0:0x00000000
       13835000	      1382	80000534	005b01b3	add	x3,x22,x5	 x22:0xffffffff  x5:0x80009f84  x3=0x80009f83
       13845000	      1383	80000538	ffb10113	addi	x2,x2,-5	  x2:0x00000003  x2=0xfffffffe
       13855000	      1384	8000053c	00300513	addi	x10,x0,3	  x0:0x00000000 x10=0x00000003
       13865000	      1385	80000540	01095913	srli	x18,x18,0x10	 x18:0x000093c5 x18=0x00000000
       13875000	      1386	80000544	01200413	addi	x8,x0,18	  x0:0x00000000  x8=0x00000012
       13885000	      1387	80000548	558ccc97	auipc	x25,0x558cc	 x25=0xd58cc544
       13895000	      1388	8000054c	000a7817	auipc	x16,0xa7	 x16=0x800a7548
       13905000	      1389	80000550	00550513	addi	x10,x10,5	 x10:0x00000003 x10=0x00000008
       13915000	      1390	80000554	fe851ae3	bne	x10,x8,80000548	 x10:0x00000008  x8:0x00000012
       13925000	      1391	00000000	00000013	addi	x0,x0,0	  x0:0x00000000
       13935000	      1392	80000544	00000013	addi	x0,x0,0	  x0:0x00000000
       13945000	      1393	80000548	558ccc97	auipc	x25,0x558cc	 x25=0xd58cc544
       13955000	      1394	8000054c	000a7817	auipc	x16,0xa7	 x16=0x800a7548
       13965000	      1395	80000550	00550513	addi	x10,x10,5	 x10:0x00000008 x10=0x0000000d
       13975000	      1396	80000554	fe851ae3	bne	x10,x8,80000548	 x10:0x0000000d  x8:0x00000012
       13985000	      1397	00000000	00000013	addi	x0,x0,0	  x0:0x00000000
       13995000	      1398	80000544	00000013	addi	x0,x0,0	  x0:0x00000000
       14005000	      1399	80000548	558ccc97	auipc	x25,0x558cc	 x25=0xd58cc544
       14015000	      1400	8000054c	000a7817	auipc	x16,0xa7	 x16=0x800a7548
       14025000	      1401	80000550	00550513	addi	x10,x10,5	 x10:0x0000000d x10=0x00000012
       14035000	      1402	80000554	fe851ae3	bne	x10,x8,80000548	 x10:0x00000012  x8:0x00000012
       14045000	      1403	80000558	fcb15ee3	bge	x2,x11,80000534	  x2:0xfffffffe x11:0xfffffffd
       14055000	      1404	00000000	00000013	addi	x0,x0,0	  x0:0x00000000
       14065000	      1405	80000530	00000013	addi	x0,x0,0	  x0:0x00000000
       14075000	      1406	80000534	005b01b3	add	x3,x22,x5	 x22:0xffffffff  x5:0x80009f84  x3=0x80009f83
       14085000	      1407	80000538	ffb10113	addi	x2,x2,-5	  x2:0xfffffffe  x2=0xfffffff9
       14095000	      1408	8000053c	00300513	addi	x10,x0,3	  x0:0x00000000 x10=0x00000003
       14105000	      1409	80000540	01095913	srli	x18,x18,0x10	 x18:0x00000000 x18=0x00000000
       14115000	      1410	80000544	01200413	addi	x8,x0,18	  x0:0x00000000  x8=0x00000012
       14125000	      1411	80000548	558ccc97	auipc	x25,0x558cc	 x25=0xd58cc544
       14135000	      1412	8000054c	000a7817	auipc	x16,0xa7	 x16=0x800a7548
       14145000	      1413	80000550	00550513	addi	x10,x10,5	 x10:0x00000003 x10=0x00000008
       14155000	      1414	80000554	fe851ae3	bne	x10,x8,80000548	 x10:0x00000008  x8:0x00000012
       14165000	      1415	00000000	00000013	addi	x0,x0,0	  x0:0x00000000
       14175000	      1416	80000544	00000013	addi	x0,x0,0	  x0:0x00000000
       14185000	      1417	80000548	558ccc97	auipc	x25,0x558cc	 x25=0xd58cc544
       14195000	      1418	8000054c	000a7817	auipc	x16,0xa7	 x16=0x800a7548
       14205000	      1419	80000550	00550513	addi	x10,x10,5	 x10:0x00000008 x10=0x0000000d
       14215000	      1420	80000554	fe851ae3	bne	x10,x8,80000548	 x10:0x0000000d  x8:0x00000012
       14225000	      1421	00000000	00000013	addi	x0,x0,0	  x0:0x00000000
       14235000	      1422	80000544	00000013	addi	x0,x0,0	  x0:0x00000000
       14245000	      1423	80000548	558ccc97	auipc	x25,0x558cc	 x25=0xd58cc544
       14255000	      1424	8000054c	000a7817	auipc	x16,0xa7	 x16=0x800a7548
       14265000	      1425	80000550	00550513	addi	x10,x10,5	 x10:0x0000000d x10=0x00000012
       14275000	      1426	80000554	fe851ae3	bne	x10,x8,80000548	 x10:0x00000012  x8:0x00000012
       14285000	      1427	80000558	fcb15ee3	bge	x2,x11,80000534	  x2:0xfffffff9 x11:0xfffffffd
       14295000	      1428	8000055c	00859013	slli	x0,x11,0x8	 x11:0xfffffffd
       14305000	      1429	80000560	00a00b93	addi	x23,x0,10	  x0:0x00000000 x23=0x0000000a
       14315000	      1430	80000564	00be6033	or	x0,x28,x11	 x28:0x00000000 x11:0xfffffffd
       14325000	      1431	80000568	01200713	addi	x14,x0,18	  x0:0x00000000 x14=0x00000012
       14335000	      1432	8000056c	61597513	andi	x10,x18,1557	 x18:0x00000000 x10=0x00000000
       14345000	      1433	80000570	008b8b93	addi	x23,x23,8	 x23:0x0000000a x23=0x00000012
       14355000	      1434	80000574	feeb8ce3	beq	x23,x14,8000056c	 x23:0x00000012 x14:0x00000012
       14365000	      1435	00000000	00000013	addi	x0,x0,0	  x0:0x00000000
       14375000	      1436	80000568	00000013	addi	x0,x0,0	  x0:0x00000000
       14385000	      1437	8000056c	61597513	andi	x10,x18,1557	 x18:0x00000000 x10=0x00000000
       14395000	      1438	80000570	008b8b93	addi	x23,x23,8	 x23:0x00000012 x23=0x0000001a
       14405000	      1439	80000574	feeb8ce3	beq	x23,x14,8000056c	 x23:0x0000001a x14:0x00000012
       14415000	      1440	80000578	40630c33	sub	x24,x6,x6	  x6:0xffffffed  x6:0xffffffed x24=0x00000000
       14425000	      1441	8000057c	00500793	addi	x15,x0,5	  x0:0x00000000 x15=0x00000005
       14435000	      1442	80000580	ff100893	addi	x17,x0,-15	  x0:0x00000000 x17=0xfffffff1
       14445000	      1443	80000584	008f24b3	slt	x9,x30,x8	 x30:0xc078c000  x8:0x00000012  x9=0x00000001
       14455000	      1444	80000588	ff778793	addi	x15,x15,-9	 x15:0x00000005 x15=0xfffffffc
       14465000	      1445	8000058c	ff17dce3	bge	x15,x17,80000584	 x15:0xfffffffc x17:0xfffffff1
       14475000	      1446	00000000	00000013	addi	x0,x0,0	  x0:0x00000000
       14485000	      1447	80000580	00000013	addi	x0,x0,0	  x0:0x00000000
       14495000	      1448	80000584	008f24b3	slt	x9,x30,x8	 x30:0xc078c000  x8:0x00000012  x9=0x00000001
       14505000	      1449	80000588	ff778793	addi	x15,x15,-9	 x15:0xfffffffc x15=0xfffffff3
       14515000	      1450	8000058c	ff17dce3	bge	x15,x17,80000584	 x15:0xfffffff3 x17:0xfffffff1
       14525000	      1451	00000000	00000013	addi	x0,x0,0	  x0:0x00000000
       14535000	      1452	80000580	00000013	addi	x0,x0,0	  x0:0x00000000
       14545000	      1453	80000584	008f24b3	slt	x9,x30,x8	 x30:0xc078c000  x8:0x00000012  x9=0x00000001
       14555000	      1454	80000588	ff778793	addi	x15,x15,-9	 x15:0xfffffff3 x15=0xffffffea
       14565000	      1455	8000058c	ff17dce3	bge	x15,x17,80000584	 x15:0xffffffea x17:0xfffffff1
       14575000	      1456	80000590	8d9f0493	addi	x9,x30,-1831	 x30:0xc078c000  x9=0xc078b8d9
       14585000	      1457	80000594	00800493	addi	x9,x0,8	  x0:0x00000000  x9=0x00000008
       14595000	      1458	80000598	01400c93	addi	x25,x0,20	  x0:0x00000000 x25=0x00000014
       14605000	      1459	8000059c	00000013	addi	x0,x0,0	  x0:0x00000000
       14615000	      1460	800005a0	01aa1f13	slli	x30,x20,0x1a	 x20:0x00000011 x30=0x44000000
       14625000	      1461	800005a4	00a48493	addi	x9,x9,10	  x9:0x00000008  x9=0x00000012
       14635000	      1462	800005a8	ffc00113	addi	x2,x0,-4	  x0:0x00000000  x2=0xfffffffc
       14645000	      1463	800005ac	00400b93	addi	x23,x0,4	  x0:0x00000000 x23=0x00000004
       14655000	      1464	800005b0	00eece33	xor	x28,x29,x14	 x29:0xfffffffb x14:0x00000012 x28=0xffffffe9
       14665000	      1465	800005b4	58ac7d93	andi	x27,x24,1418	 x24:0x00000000 x27=0x00000000
       14675000	      1466	800005b8	6c0d7193	andi	x3,x26,1728	 x26:0xfffffff1  x3=0x000006c0
       14685000	      1467	800005bc	00810113	addi	x2,x2,8	  x2:0xfffffffc  x2=0x00000004
       14695000	      1468	800005c0	23b3a7b7	lui	x15,0x23b3a	 x15=0x23b3a000
       14705000	      1469	800005c4	ff710ae3	beq	x2,x23,800005b8	  x2:0x00000004 x23:0x00000004
       14715000	      1470	00000000	00000013	addi	x0,x0,0	  x0:0x00000000
       14725000	      1471	800005b4	00000013	addi	x0,x0,0	  x0:0x00000000
       14735000	      1472	800005b8	6c0d7193	andi	x3,x26,1728	 x26:0xfffffff1  x3=0x000006c0
       14745000	      1473	800005bc	00810113	addi	x2,x2,8	  x2:0x00000004  x2=0x0000000c
       14755000	      1474	800005c0	23b3a7b7	lui	x15,0x23b3a	 x15=0x23b3a000
       14765000	      1475	800005c4	ff710ae3	beq	x2,x23,800005b8	  x2:0x0000000c x23:0x00000004
       14775000	      1476	800005c8	73662513	slti	x10,x12,1846	 x12:0x80000000 x10=0x00000001
       14785000	      1477	800005cc	010edfb3	srl	x31,x29,x16	 x29:0xfffffffb x16:0x800a7548 x31=0x00ffffff
       14795000	      1478	800005d0	fd94c6e3	blt	x9,x25,8000059c	  x9:0x00000012 x25:0x00000014
       14805000	      1479	00000000	00000013	addi	x0,x0,0	  x0:0x00000000
       14815000	      1480	80000598	00000013	addi	x0,x0,0	  x0:0x00000000
       14825000	      1481	8000059c	00000013	addi	x0,x0,0	  x0:0x00000000
       14835000	      1482	800005a0	01aa1f13	slli	x30,x20,0x1a	 x20:0x00000011 x30=0x44000000
       14845000	      1483	800005a4	00a48493	addi	x9,x9,10	  x9:0x00000012  x9=0x0000001c
       14855000	      1484	800005a8	ffc00113	addi	x2,x0,-4	  x0:0x00000000  x2=0xfffffffc
       14865000	      1485	800005ac	00400b93	addi	x23,x0,4	  x0:0x00000000 x23=0x00000004
       14875000	      1486	800005b0	00eece33	xor	x28,x29,x14	 x29:0xfffffffb x14:0x00000012 x28=0xffffffe9
       14885000	      1487	800005b4	58ac7d93	andi	x27,x24,1418	 x24:0x00000000 x27=0x00000000
       14895000	      1488	800005b8	6c0d7193	andi	x3,x26,1728	 x26:0xfffffff1  x3=0x000006c0
       14905000	      1489	800005bc	00810113	addi	x2,x2,8	  x2:0xfffffffc  x2=0x00000004
       14915000	      1490	800005c0	23b3a7b7	lui	x15,0x23b3a	 x15=0x23b3a000
       14925000	      1491	800005c4	ff710ae3	beq	x2,x23,800005b8	  x2:0x00000004 x23:0x00000004
       14935000	      1492	00000000	00000013	addi	x0,x0,0	  x0:0x00000000
       14945000	      1493	800005b4	00000013	addi	x0,x0,0	  x0:0x00000000
       14955000	      1494	800005b8	6c0d7193	andi	x3,x26,1728	 x26:0xfffffff1  x3=0x000006c0
       14965000	      1495	800005bc	00810113	addi	x2,x2,8	  x2:0x00000004  x2=0x0000000c
       14975000	      1496	800005c0	23b3a7b7	lui	x15,0x23b3a	 x15=0x23b3a000
       14985000	      1497	800005c4	ff710ae3	beq	x2,x23,800005b8	  x2:0x0000000c x23:0x00000004
       14995000	      1498	800005c8	73662513	slti	x10,x12,1846	 x12:0x80000000 x10=0x00000001
       15005000	      1499	800005cc	010edfb3	srl	x31,x29,x16	 x29:0xfffffffb x16:0x800a7548 x31=0x00ffffff
       15015000	      1500	800005d0	fd94c6e3	blt	x9,x25,8000059c	  x9:0x0000001c x25:0x00000014
       15025000	      1501	800005d4	402e05b3	sub	x11,x28,x2	 x28:0xffffffe9  x2:0x0000000c x11=0xffffffdd
       15035000	      1502	800005d8	00100713	addi	x14,x0,1	  x0:0x00000000 x14=0x00000001
       15045000	      1503	800005dc	00dbcb33	xor	x22,x23,x13	 x23:0x00000004 x13:0x80009fc4 x22=0x80009fc0
       15055000	      1504	800005e0	ffa00513	addi	x10,x0,-6	  x0:0x00000000 x10=0xfffffffa
       15065000	      1505	800005e4	9724ce93	xori	x29,x9,-1678	  x9:0x0000001c x29=0xfffff96e
       15075000	      1506	800005e8	0009a033	slt	x0,x19,x0	 x19:0x00000000  x0:0x00000000
       15085000	      1507	800005ec	009a3db3	sltu	x27,x20,x9	 x20:0x00000011  x9:0x0000001c x27=0x00000001
       15095000	      1508	800005f0	00e6ea33	or	x20,x13,x14	 x13:0x80009fc4 x14:0x00000001 x20=0x80009fc5
       15105000	      1509	800005f4	ff970713	addi	x14,x14,-7	 x14:0x00000001 x14=0xfffffffa
       15115000	      1510	800005f8	00827133	and	x2,x4,x8	  x4:0x00000000  x8:0x00000012  x2=0x00000000
       15125000	      1511	800005fc	8a224113	xori	x2,x4,-1886	  x4:0x00000000  x2=0xfffff8a2
       15135000	      1512	80000600	016e0e33	add	x28,x28,x22	 x28:0xffffffe9 x22:0x80009fc0 x28=0x80009fa9
       15145000	      1513	80000604	00200c93	addi	x25,x0,2	  x0:0x00000000 x25=0x00000002
       15155000	      1514	80000608	40a15193	srai	x3,x2,0xa	  x2:0xfffff8a2  x3=0xfffffffe
       15165000	      1515	8000060c	00900413	addi	x8,x0,9	  x0:0x00000000  x8=0x00000009
       15175000	      1516	80000610	00854ab3	xor	x21,x10,x8	 x10:0xfffffffa  x8:0x00000009 x21=0xfffffff3
       15185000	      1517	80000614	01b26fb3	or	x31,x4,x27	  x4:0x00000000 x27:0x00000001 x31=0x00000001
       15195000	      1518	80000618	005b87b3	add	x15,x23,x5	 x23:0x00000004  x5:0x80009f84 x15=0x80009f88
       15205000	      1519	8000061c	00bac5b3	xor	x11,x21,x11	 x21:0xfffffff3 x11:0xffffffdd x11=0x0000002e
       15215000	      1520	80000620	01350eb3	add	x29,x10,x19	 x10:0xfffffffa x19:0x00000000 x29=0xfffffffa
       15225000	      1521	80000624	009c8c93	addi	x25,x25,9	 x25:0x00000002 x25=0x0000000b
       15235000	      1522	80000628	405b58b3	sra	x17,x22,x5	 x22:0x80009fc0  x5:0x80009f84 x17=0xf80009fc
       15245000	      1523	8000062c	fe8cc8e3	blt	x25,x8,8000061c	 x25:0x0000000b  x8:0x00000009
       15255000	      1524	80000630	40785c13	srai	x24,x16,0x7	 x16:0x800a7548 x24=0xff0014ea
       15265000	      1525	80000634	00c31313	slli	x6,x6,0xc	  x6:0xffffffed  x6=0xfffed000
       15275000	      1526	80000638	faa70ae3	beq	x14,x10,800005ec	 x14:0xfffffffa x10:0xfffffffa
       15285000	      1527	00000000	00000013	addi	x0,x0,0	  x0:0x00000000
       15295000	      1528	800005e8	00000013	addi	x0,x0,0	  x0:0x00000000
       15305000	      1529	800005ec	009a3db3	sltu	x27,x20,x9	 x20:0x80009fc5  x9:0x0000001c x27=0x00000000
       15315000	      1530	800005f0	00e6ea33	or	x20,x13,x14	 x13:0x80009fc4 x14:0xfffffffa x20=0xfffffffe
       15325000	      1531	800005f4	ff970713	addi	x14,x14,-7	 x14:0xfffffffa x14=0xfffffff3
       15335000	      1532	800005f8	00827133	and	x2,x4,x8	  x4:0x00000000  x8:0x00000009  x2=0x00000000
       15345000	      1533	800005fc	8a224113	xori	x2,x4,-1886	  x4:0x00000000  x2=0xfffff8a2
       15355000	      1534	80000600	016e0e33	add	x28,x28,x22	 x28:0x80009fa9 x22:0x80009fc0 x28=0x00013f69
       15365000	      1535	80000604	00200c93	addi	x25,x0,2	  x0:0x00000000 x25=0x00000002
       15375000	      1536	80000608	40a15193	srai	x3,x2,0xa	  x2:0xfffff8a2  x3=0xfffffffe
       15385000	      1537	8000060c	00900413	addi	x8,x0,9	  x0:0x00000000  x8=0x00000009
       15395000	      1538	80000610	00854ab3	xor	x21,x10,x8	 x10:0xfffffffa  x8:0x00000009 x21=0xfffffff3
       15405000	      1539	80000614	01b26fb3	or	x31,x4,x27	  x4:0x00000000 x27:0x00000000 x31=0x00000000
       15415000	      1540	80000618	005b87b3	add	x15,x23,x5	 x23:0x00000004  x5:0x80009f84 x15=0x80009f88
       15425000	      1541	8000061c	00bac5b3	xor	x11,x21,x11	 x21:0xfffffff3 x11:0x0000002e x11=0xffffffdd
       15435000	      1542	80000620	01350eb3	add	x29,x10,x19	 x10:0xfffffffa x19:0x00000000 x29=0xfffffffa
       15445000	      1543	80000624	009c8c93	addi	x25,x25,9	 x25:0x00000002 x25=0x0000000b
       15455000	      1544	80000628	405b58b3	sra	x17,x22,x5	 x22:0x80009fc0  x5:0x80009f84 x17=0xf80009fc
       15465000	      1545	8000062c	fe8cc8e3	blt	x25,x8,8000061c	 x25:0x0000000b  x8:0x00000009
       15475000	      1546	80000630	40785c13	srai	x24,x16,0x7	 x16:0x800a7548 x24=0xff0014ea
       15485000	      1547	80000634	00c31313	slli	x6,x6,0xc	  x6:0xfffed000  x6=0xed000000
       15495000	      1548	80000638	faa70ae3	beq	x14,x10,800005ec	 x14:0xfffffff3 x10:0xfffffffa
       15505000	      1549	8000063c	ac5a0913	addi	x18,x20,-1339	 x20:0xfffffffe x18=0xfffffac3
       15515000	      1550	80000640	00500d13	addi	x26,x0,5	  x0:0x00000000 x26=0x00000005
       15525000	      1551	80000644	016a5e93	srli	x29,x20,0x16	 x20:0xfffffffe x29=0x000003ff
       15535000	      1552	80000648	51f88a93	addi	x21,x17,1311	 x17:0xf80009fc x21=0xf8000f1b
       15545000	      1553	8000064c	0038efb3	or	x31,x17,x3	 x17:0xf80009fc  x3:0xfffffffe x31=0xfffffffe
       15555000	      1554	80000650	00900a13	addi	x20,x0,9	  x0:0x00000000 x20=0x00000009
       15565000	      1555	80000654	0155e4b3	or	x9,x11,x21	 x11:0xffffffdd x21:0xf8000f1b  x9=0xffffffdf
       15575000	      1556	80000658	00d000b3	add	x1,x0,x13	  x0:0x00000000 x13:0x80009fc4  x1=0x80009fc4
       15585000	      1557	8000065c	008d0d13	addi	x26,x26,8	 x26:0x00000005 x26=0x0000000d
       15595000	      1558	80000660	412c5033	sra	x0,x24,x18	 x24:0xff0014ea x18:0xfffffac3
       15605000	      1559	80000664	79853713	sltiu	x14,x10,1944	 x10:0xfffffffa x14=0x00000000
       15615000	      1560	80000668	ffb00113	addi	x2,x0,-5	  x0:0x00000000  x2=0xfffffffb
       15625000	      1561	8000066c	01713433	sltu	x8,x2,x23	  x2:0xfffffffb x23:0x00000004  x8=0x00000000
       15635000	      1562	80000670	01300793	addi	x15,x0,19	  x0:0x00000000 x15=0x00000013
       15645000	      1563	80000674	010c31b3	sltu	x3,x24,x16	 x24:0xff0014ea x16:0x800a7548  x3=0x00000000
       15655000	      1564	80000678	018b35b3	sltu	x11,x22,x24	 x22:0x80009fc0 x24:0xff0014ea x11=0x00000001
       15665000	      1565	8000067c	00810113	addi	x2,x2,8	  x2:0xfffffffb  x2=0x00000003
       15675000	      1566	80000680	fef10ae3	beq	x2,x15,80000674	  x2:0x00000003 x15:0x00000013
       15685000	      1567	80000684	00618fb3	add	x31,x3,x6	  x3:0x00000000  x6:0xed000000 x31=0xed000000
       15695000	      1568	80000688	74633193	sltiu	x3,x6,1862	  x6:0xed000000  x3=0x00000000
       15705000	      1569	8000068c	fd4d64e3	bltu	x26,x20,80000654	 x26:0x0000000d x20:0x00000009
       15715000	      1570	80000690	62a38313	addi	x6,x7,1578	  x7:0xb50d5000  x6=0xb50d562a
       15725000	      1571	80000694	fff00313	addi	x6,x0,-1	  x0:0x00000000  x6=0xffffffff
       15735000	      1572	80000698	0108a3b3	slt	x7,x17,x16	 x17:0xf80009fc x16:0x800a7548  x7=0x00000000
       15745000	      1573	8000069c	012050b3	srl	x1,x0,x18	  x0:0x00000000 x18:0xfffffac3  x1=0x00000000
       15755000	      1574	800006a0	01f7e7b3	or	x15,x15,x31	 x15:0x00000013 x31:0xed000000 x15=0xed000013
       15765000	      1575	800006a4	7c450893	addi	x17,x10,1988	 x10:0xfffffffa x17=0x000007be
       15775000	      1576	800006a8	bdb4b893	sltiu	x17,x9,-1061	  x9:0xffffffdf x17=0x00000000
       15785000	      1577	800006ac	1a354513	xori	x10,x10,419	 x10:0xfffffffa x10=0xfffffe59
       15795000	      1578	800006b0	01308ab3	add	x21,x1,x19	  x1:0x00000000 x19:0x00000000 x21=0x00000000
       15805000	      1579	800006b4	003c5bb3	srl	x23,x24,x3	 x24:0xff0014ea  x3:0x00000000 x23=0xff0014ea
       15815000	      1580	800006b8	00700813	addi	x16,x0,7	  x0:0x00000000 x16=0x00000007
       15825000	      1581	800006bc	7be6a893	slti	x17,x13,1982	 x13:0x80009fc4 x17=0x00000001
       15835000	      1582	800006c0	004e0533	add	x10,x28,x4	 x28:0x00013f69  x4:0x00000000 x10=0x00013f69
       15845000	      1583	800006c4	00189793	slli	x15,x17,0x1	 x17:0x00000001 x15=0x00000002
       15855000	      1584	800006c8	01111c13	slli	x24,x2,0x11	  x2:0x00000003 x24=0x00060000
       15865000	      1585	800006cc	012d20b3	slt	x1,x26,x18	 x26:0x0000000d x18:0xfffffac3  x1=0x00000000
       15875000	      1586	800006d0	01b26933	or	x18,x4,x27	  x4:0x00000000 x27:0x00000000 x18=0x00000000
       15885000	      1587	800006d4	83de3793	sltiu	x15,x28,-1987	 x28:0x00013f69 x15=0x00000001
       15895000	      1588	800006d8	00430313	addi	x6,x6,4	  x6:0xffffffff  x6=0x00000003
       15905000	      1589	800006dc	ff0362e3	bltu	x6,x16,800006c0	  x6:0x00000003 x16:0x00000007
       15915000	      1590	00000000	00000013	addi	x0,x0,0	  x0:0x00000000
       15925000	      1591	800006bc	00000013	addi	x0,x0,0	  x0:0x00000000
       15935000	      1592	800006c0	004e0533	add	x10,x28,x4	 x28:0x00013f69  x4:0x00000000 x10=0x00013f69
       15945000	      1593	800006c4	00189793	slli	x15,x17,0x1	 x17:0x00000001 x15=0x00000002
       15955000	      1594	800006c8	01111c13	slli	x24,x2,0x11	  x2:0x00000003 x24=0x00060000
       15965000	      1595	800006cc	012d20b3	slt	x1,x26,x18	 x26:0x0000000d x18:0x00000000  x1=0x00000000
       15975000	      1596	800006d0	01b26933	or	x18,x4,x27	  x4:0x00000000 x27:0x00000000 x18=0x00000000
       15985000	      1597	800006d4	83de3793	sltiu	x15,x28,-1987	 x28:0x00013f69 x15=0x00000001
       15995000	      1598	800006d8	00430313	addi	x6,x6,4	  x6:0x00000003  x6=0x00000007
       16005000	      1599	800006dc	ff0362e3	bltu	x6,x16,800006c0	  x6:0x00000007 x16:0x00000007
       16015000	      1600	800006e0	00e29213	slli	x4,x5,0xe	  x5:0x80009f84  x4=0x27e10000
       16025000	      1601	800006e4	dd762893	slti	x17,x12,-553	 x12:0x80000000 x17=0x00000001
       16035000	      1602	800006e8	0086f033	and	x0,x13,x8	 x13:0x80009fc4  x8:0x00000000
       16045000	      1603	800006ec	01d77bb3	and	x23,x14,x29	 x14:0x00000000 x29:0x000003ff x23=0x00000000
       16055000	      1604	800006f0	cc6ccc93	xori	x25,x25,-826	 x25:0x0000000b x25=0xfffffccd
       16065000	      1605	800006f4	004c9663	bne	x25,x4,80000700	 x25:0xfffffccd  x4:0x27e10000
       16075000	      1606	00000000	00000013	addi	x0,x0,0	  x0:0x00000000
       16085000	      1607	800006fc	00000013	addi	x0,x0,0	  x0:0x00000000
       16095000	      1608	80000700	17c4b113	sltiu	x2,x9,380	  x9:0xffffffdf  x2=0x00000000
       16105000	      1609	80000704	00571993	slli	x19,x14,0x5	 x14:0x00000000 x19=0x00000000
       16115000	      1610	80000708	004608b3	add	x17,x12,x4	 x12:0x80000000  x4:0x27e10000 x17=0xa7e10000
       16125000	      1611	8000070c	002ed493	srli	x9,x29,0x2	 x29:0x000003ff  x9=0x000000ff
       16135000	      1612	80000710	0416d863	bge	x13,x1,80000760	 x13:0x80009fc4  x1:0x00000000
       16145000	      1613	80000714	00d39a93	slli	x21,x7,0xd	  x7:0x00000000 x21=0x00000000
       16155000	      1614	80000718	ec33bb93	sltiu	x23,x7,-317	  x7:0x00000000 x23=0x00000001
       16165000	      1615	8000071c	00000013	addi	x0,x0,0	  x0:0x00000000
       16175000	      1616	80000720	4f83b313	sltiu	x6,x7,1272	  x7:0x00000000  x6=0x00000001
       16185000	      1617	80000724	a125c893	xori	x17,x11,-1518	 x11:0x00000001 x17=0xfffffa13
       16195000	      1618	80000728	01231833	sll	x16,x6,x18	  x6:0x00000001 x18:0x00000000 x16=0x00000001
       16205000	      1619	8000072c	020e6063	bltu	x28,x0,8000074c	 x28:0x00013f69  x0:0x00000000
       16215000	      1620	80000730	04145863	bge	x8,x1,80000780	  x8:0x00000000  x1:0x00000000
       16225000	      1621	00000000	00000013	addi	x0,x0,0	  x0:0x00000000
       16235000	      1622	8000077c	00000013	addi	x0,x0,0	  x0:0x00000000
       16245000	      1623	80000780	00fd2833	slt	x16,x26,x15	 x26:0x0000000d x15:0x00000001 x16=0x00000000
       16255000	      1624	80000784	0217f263	bgeu	x15,x1,800007a8	 x15:0x00000001  x1:0x00000000
       16265000	      1625	00000000	00000013	addi	x0,x0,0	  x0:0x00000000
       16275000	      1626	800007a4	00000013	addi	x0,x0,0	  x0:0x00000000
       16285000	      1627	800007a8	004d1f93	slli	x31,x26,0x4	 x26:0x0000000d x31=0x000000d0
       16295000	      1628	800007ac	a75b6813	ori	x16,x22,-1419	 x22:0x80009fc0 x16=0xfffffff5
       16305000	      1629	800007b0	01045c93	srli	x25,x8,0x10	  x8:0x00000000 x25=0x00000000
       16315000	      1630	800007b4	3ce97917	auipc	x18,0x3ce97	 x18=0xbce977b0
       16325000	      1631	800007b8	3da0cb97	auipc	x23,0x3da0c	 x23=0xbda0c7b4
       16335000	      1632	800007bc	00352433	slt	x8,x10,x3	 x10:0x00013f69  x3:0x00000000  x8=0x00000000
       16345000	      1633	800007c0	00e8f8b3	and	x17,x17,x14	 x17:0xfffffa13 x14:0x00000000 x17=0x00000000
       16355000	      1634	800007c4	ad85cbb7	lui	x23,0xad85c	 x23=0xad85c000
       16365000	      1635	800007c8	54276e13	ori	x28,x14,1346	 x14:0x00000000 x28=0x00000542
       16375000	      1636	800007cc	fbb27813	andi	x16,x4,-69	  x4:0x27e10000 x16=0x27e10000
       16385000	      1637	800007d0	0697d063	bge	x15,x9,80000830	 x15:0x00000001  x9:0x000000ff
       16395000	      1638	800007d4	dc83e213	ori	x4,x7,-568	  x7:0x00000000  x4=0xfffffdc8
       16405000	      1639	800007d8	005f1a13	slli	x20,x30,0x5	 x30:0x44000000 x20=0x80000000
       16415000	      1640	800007dc	07ff1063	bne	x30,x31,8000083c	 x30:0x44000000 x31:0x000000d0
       16425000	      1641	00000000	00000013	addi	x0,x0,0	  x0:0x00000000
       16435000	      1642	80000838	00000013	addi	x0,x0,0	  x0:0x00000000
       16445000	      1643	8000083c	00a4cb33	xor	x22,x9,x10	  x9:0x000000ff x10:0x00013f69 x22=0x00013f96
       16455000	      1644	80000840	4142d933	sra	x18,x5,x20	  x5:0x80009f84 x20:0x80000000 x18=0x80009f84
       16465000	      1645	80000844	019c9033	sll	x0,x25,x25	 x25:0x00000000 x25:0x00000000
       16475000	      1646	80000848	01b7fc33	and	x24,x15,x27	 x15:0x00000001 x27:0x00000000 x24=0x00000000
       16485000	      1647	8000084c	016b1c63	bne	x22,x22,80000864	 x22:0x00013f96 x22:0x00013f96
       16495000	      1648	80000850	00867fb3	and	x31,x12,x8	 x12:0x80000000  x8:0x00000000 x31=0x00000000
       16505000	      1649	80000854	40580233	sub	x4,x16,x5	 x16:0x27e10000  x5:0x80009f84  x4=0xa7e0607c
       16515000	      1650	80000858	00000013	addi	x0,x0,0	  x0:0x00000000
       16525000	      1651	8000085c	0491c863	blt	x3,x9,800008ac	  x3:0x00000000  x9:0x000000ff
       16535000	      1652	00000000	00000013	addi	x0,x0,0	  x0:0x00000000
       16545000	      1653	800008a8	00000013	addi	x0,x0,0	  x0:0x00000000
       16555000	      1654	800008ac	00faf663	bgeu	x21,x15,800008b8	 x21:0x00000000 x15:0x00000001
       16565000	      1655	800008b0	00000013	addi	x0,x0,0	  x0:0x00000000
       16575000	      1656	800008b4	0116f863	bgeu	x13,x17,800008c4	 x13:0x80009fc4 x17:0x00000000
       16585000	      1657	00000000	00000013	addi	x0,x0,0	  x0:0x00000000
       16595000	      1658	800008c0	00000013	addi	x0,x0,0	  x0:0x00000000
       16605000	      1659	800008c4	970e3393	sltiu	x7,x28,-1680	 x28:0x00000542  x7=0x00000001
       16615000	      1660	800008c8	00d0c833	xor	x16,x1,x13	  x1:0x00000000 x13:0x80009fc4 x16=0x80009fc4
       16625000	      1661	800008cc	004f93b3	sll	x7,x31,x4	 x31:0x00000000  x4:0xa7e0607c  x7=0x00000000
       16635000	      1662	800008d0	0053cbb3	xor	x23,x7,x5	  x7:0x00000000  x5:0x80009f84 x23=0x80009f84
       16645000	      1663	800008d4	8b992993	slti	x19,x18,-1863	 x18:0x80009f84 x19=0x00000001
       16655000	      1664	800008d8	66fbef93	ori	x31,x23,1647	 x23:0x80009f84 x31=0x80009fef
       16665000	      1665	800008dc	40df5e33	sra	x28,x30,x13	 x30:0x44000000 x13:0x80009fc4 x28=0x04400000
       16675000	      1666	800008e0	01c05f93	srli	x31,x0,0x1c	  x0:0x00000000 x31=0x00000000
       16685000	      1667	800008e4	00000013	addi	x0,x0,0	  x0:0x00000000
       16695000	      1668	800008e8	01084cb3	xor	x25,x16,x16	 x16:0x80009fc4 x16:0x80009fc4 x25=0x00000000
       16705000	      1669	800008ec	9d3d7493	andi	x9,x26,-1581	 x26:0x0000000d  x9=0x00000001
       16715000	      1670	800008f0	2425cc93	xori	x25,x11,578	 x11:0x00000001 x25=0x00000243
       16725000	      1671	800008f4	05204263	blt	x0,x18,80000938	  x0:0x00000000 x18:0x80009f84
       16735000	      1672	800008f8	47f42713	slti	x14,x8,1151	  x8:0x00000000 x14=0x00000001
       16745000	      1673	800008fc	006ca1b3	slt	x3,x25,x6	 x25:0x00000243  x6:0x00000001  x3=0x00000000
       16755000	      1674	80000900	00ed88b3	add	x17,x27,x14	 x27:0x00000000 x14:0x00000001 x17=0x00000001
       16765000	      1675	80000904	0236e263	bltu	x13,x3,80000928	 x13:0x80009fc4  x3:0x00000000
       16775000	      1676	80000908	01675a63	bge	x14,x22,8000091c	 x14:0x00000001 x22:0x00013f96
       16785000	      1677	8000090c	01919b33	sll	x22,x3,x25	  x3:0x00000000 x25:0x00000243 x22=0x00000000
       16795000	      1678	80000910	01e21913	slli	x18,x4,0x1e	  x4:0xa7e0607c x18=0x00000000
       16805000	      1679	80000914	a8aa2d93	slti	x27,x20,-1398	 x20:0x80000000 x27=0x00000001
       16815000	      1680	80000918	0a350893	addi	x17,x10,163	 x10:0x00013f69 x17=0x0001400c
       16825000	      1681	8000091c	41705e33	sra	x28,x0,x23	  x0:0x00000000 x23:0x80009f84 x28=0x00000000
       16835000	      1682	80000920	00cf29b3	slt	x19,x30,x12	 x30:0x44000000 x12:0x80000000 x19=0x00000000
       16845000	      1683	80000924	031de463	bltu	x27,x17,8000094c	 x27:0x00000001 x17:0x0001400c
       16855000	      1684	00000000	00000013	addi	x0,x0,0	  x0:0x00000000
       16865000	      1685	80000948	00000013	addi	x0,x0,0	  x0:0x00000000
       16875000	      1686	8000094c	000fd493	srli	x9,x31,0x0	 x31:0x00000000  x9=0x00000000
       16885000	      1687	80000950	01e68cb3	add	x25,x13,x30	 x13:0x80009fc4 x30:0x44000000 x25=0xc4009fc4
       16895000	      1688	80000954	24a24013	xori	x0,x4,586	  x4:0xa7e0607c
       16905000	      1689	80000958	2dec6713	ori	x14,x24,734	 x24:0x00000000 x14=0x000002de
       16915000	      1690	8000095c	7b9834b7	lui	x9,0x7b983	  x9=0x7b983000
       16925000	      1691	80000960	63c47213	andi	x4,x8,1596	  x8:0x00000000  x4=0x00000000
       16935000	      1692	80000964	00e45013	srli	x0,x8,0xe	  x8:0x00000000
       16945000	      1693	80000968	007f7db3	and	x27,x30,x7	 x30:0x44000000  x7:0x00000000 x27=0x00000000
       16955000	      1694	8000096c	10d4fa13	andi	x20,x9,269	  x9:0x7b983000 x20=0x00000000
       16965000	      1695	80000970	00838cb3	add	x25,x7,x8	  x7:0x00000000  x8:0x00000000 x25=0x00000000
       16975000	      1696	80000974	41165ab3	sra	x21,x12,x17	 x12:0x80000000 x17:0x0001400c x21=0xfff80000
       16985000	      1697	80000978	03294663	blt	x18,x18,800009a4	 x18:0x00000000 x18:0x00000000
       16995000	      1698	8000097c	01ac0033	add	x0,x24,x26	 x24:0x00000000 x26:0x0000000d
       17005000	      1699	80000980	53de8013	addi	x0,x29,1341	 x29:0x000003ff
       17015000	      1700	80000984	001ec233	xor	x4,x29,x1	 x29:0x000003ff  x1:0x00000000  x4=0x000003ff
       17025000	      1701	80000988	85da0897	auipc	x17,0x85da0	 x17=0x05da0984
       17035000	      1702	8000098c	00fd2033	slt	x0,x26,x15	 x26:0x0000000d x15:0x00000001
       17045000	      1703	80000990	267bf113	andi	x2,x23,615	 x23:0x80009f84  x2=0x00000204
       17055000	      1704	80000994	409387b3	sub	x15,x7,x9	  x7:0x00000000  x9:0x7b983000 x15=0x8467d000
       17065000	      1705	80000998	01d5d663	bge	x11,x29,800009a4	 x11:0x00000001 x29:0x000003ff
       17075000	      1706	8000099c	00dc5a13	srli	x20,x24,0xd	 x24:0x00000000 x20=0x00000000
       17085000	      1707	800009a0	14c271b7	lui	x3,0x14c27	  x3=0x14c27000
       17095000	      1708	800009a4	02937263	bgeu	x6,x9,800009c8	  x6:0x00000001  x9:0x7b983000
       17105000	      1709	800009a8	008ea533	slt	x10,x29,x8	 x29:0x000003ff  x8:0x00000000 x10=0x00000000
       17115000	      1710	800009ac	108d2d13	slti	x26,x26,264	 x26:0x0000000d x26=0x00000001
       17125000	      1711	800009b0	411b81b3	sub	x3,x23,x17	 x23:0x80009f84 x17:0x05da0984  x3=0x7a269600
       17135000	      1712	800009b4	0029db33	srl	x22,x19,x2	 x19:0x00000000  x2:0x00000204 x22=0x00000000
       17145000	      1713	800009b8	aaa01c17	auipc	x24,0xaaa01	 x24=0x2aa019b4
       17155000	      1714	800009bc	0131cc33	xor	x24,x3,x19	  x3:0x7a269600 x19:0x00000000 x24=0x7a269600
       17165000	      1715	800009c0	f5052513	slti	x10,x10,-176	 x10:0x00000000 x10=0x00000000
       17175000	      1716	800009c4	7180f793	andi	x15,x1,1816	  x1:0x00000000 x15=0x00000000
       17185000	      1717	800009c8	22d98113	addi	x2,x19,557	 x19:0x00000000  x2=0x0000022d
       17195000	      1718	800009cc	04524063	blt	x4,x5,80000a0c	  x4:0x000003ff  x5:0x80009f84
       17205000	      1719	800009d0	02e2d263	bge	x5,x14,800009f4	  x5:0x80009f84 x14:0x000002de
       17215000	      1720	800009d4	00a89833	sll	x16,x17,x10	 x17:0x05da0984 x10:0x00000000 x16=0x05da0984
       17225000	      1721	800009d8	0072fa33	and	x20,x5,x7	  x5:0x80009f84  x7:0x00000000 x20=0x00000000
       17235000	      1722	800009dc	003dd1b3	srl	x3,x27,x3	 x27:0x00000000  x3:0x7a269600  x3=0x00000000
       17245000	      1723	800009e0	3bab2813	slti	x16,x22,954	 x22:0x00000000 x16=0x00000001
       17255000	      1724	800009e4	01ffe733	or	x14,x31,x31	 x31:0x00000000 x31:0x00000000 x14=0x00000000
       17265000	      1725	800009e8	00f1e433	or	x8,x3,x15	  x3:0x00000000 x15:0x00000000  x8=0x00000000
       17275000	      1726	800009ec	a50e8413	addi	x8,x29,-1456	 x29:0x000003ff  x8=0xfffffe4f
       17285000	      1727	800009f0	4c949537	lui	x10,0x4c949	 x10=0x4c949000
       17295000	      1728	800009f4	02156e63	bltu	x10,x1,80000a30	 x10:0x4c949000  x1:0x00000000
       17305000	      1729	800009f8	66ec4313	xori	x6,x24,1646	 x24:0x7a269600  x6=0x7a26906e
       17315000	      1730	800009fc	bfa0c597	auipc	x11,0xbfa0c	 x11=0x3fa0c9f8
       17325000	      1731	80000a00	00000013	addi	x0,x0,0	  x0:0x00000000
       17335000	      1732	80000a04	db07c013	xori	x0,x15,-592	 x15:0x00000000
       17345000	      1733	80000a08	40c28333	sub	x6,x5,x12	  x5:0x80009f84 x12:0x80000000  x6=0x00009f84
       17355000	      1734	80000a0c	05d41863	bne	x8,x29,80000a5c	  x8:0xfffffe4f x29:0x000003ff
       17365000	      1735	00000000	00000013	addi	x0,x0,0	  x0:0x00000000
       17375000	      1736	80000a58	00000013	addi	x0,x0,0	  x0:0x00000000
       17385000	      1737	80000a5c	414b8ab3	sub	x21,x23,x20	 x23:0x80009f84 x20:0x00000000 x21=0x80009f84
       17395000	      1738	80000a60	0016b733	sltu	x14,x13,x1	 x13:0x80009fc4  x1:0x00000000 x14=0x00000000
       17405000	      1739	80000a64	40d95593	srai	x11,x18,0xd	 x18:0x00000000 x11=0x00000000
       17415000	      1740	80000a68	41cc5eb3	sra	x29,x24,x28	 x24:0x7a269600 x28:0x00000000 x29=0x7a269600
       17425000	      1741	80000a6c	02cd8c63	beq	x27,x12,80000aa4	 x27:0x00000000 x12:0x80000000
       17435000	      1742	80000a70	04100863	beq	x0,x1,80000ac0	  x0:0x00000000  x1:0x00000000
       17445000	      1743	00000000	00000013	addi	x0,x0,0	  x0:0x00000000
       17455000	      1744	80000abc	00000013	addi	x0,x0,0	  x0:0x00000000
       17465000	      1745	80000ac0	00000013	addi	x0,x0,0	  x0:0x00000000
       17475000	      1746	80000ac4	b60a2e13	slti	x28,x20,-1184	 x20:0x00000000 x28=0x00000000
       17485000	      1747	80000ac8	01d9fa63	bgeu	x19,x29,80000adc	 x19:0x00000000 x29:0x7a269600
       17495000	      1748	80000acc	7080beb7	lui	x29,0x7080b	 x29=0x7080b000
       17505000	      1749	80000ad0	010f83b3	add	x7,x31,x16	 x31:0x00000000 x16:0x00000001  x7=0x00000001
       17515000	      1750	80000ad4	0150a493	slti	x9,x1,21	  x1:0x00000000  x9=0x00000001
       17525000	      1751	80000ad8	01365233	srl	x4,x12,x19	 x12:0x80000000 x19:0x00000000  x4=0x80000000
       17535000	      1752	80000adc	05f68863	beq	x13,x31,80000b2c	 x13:0x80009fc4 x31:0x00000000
       17545000	      1753	80000ae0	b34f6a93	ori	x21,x30,-1228	 x30:0x44000000 x21=0xfffffb34
       17555000	      1754	80000ae4	01e99513	slli	x10,x19,0x1e	 x19:0x00000000 x10=0x00000000
       17565000	      1755	80000ae8	016a6863	bltu	x20,x22,80000af8	 x20:0x00000000 x22:0x00000000
       17575000	      1756	80000aec	00000013	addi	x0,x0,0	  x0:0x00000000
       17585000	      1757	80000af0	00ea5093	srli	x1,x20,0xe	 x20:0x00000000  x1=0x00000000
       17595000	      1758	80000af4	01971b33	sll	x22,x14,x25	 x14:0x00000000 x25:0x00000000 x22=0x00000000
       17605000	      1759	80000af8	16360497	auipc	x9,0x16360	  x9=0x96360af4
       17615000	      1760	80000afc	41dc5233	sra	x4,x24,x29	 x24:0x7a269600 x29:0x7080b000  x4=0x7a269600
       17625000	      1761	80000b00	00000013	addi	x0,x0,0	  x0:0x00000000
       17635000	      1762	80000b04	410f81b3	sub	x3,x31,x16	 x31:0x00000000 x16:0x00000001  x3=0xffffffff
       17645000	      1763	80000b08	013e1d93	slli	x27,x28,0x13	 x28:0x00000000 x27=0x00000000
       17655000	      1764	80000b0c	01f75863	bge	x14,x31,80000b1c	 x14:0x00000000 x31:0x00000000
       17665000	      1765	00000000	00000013	addi	x0,x0,0	  x0:0x00000000
       17675000	      1766	80000b18	00000013	addi	x0,x0,0	  x0:0x00000000
       17685000	      1767	80000b1c	01c4ffb3	and	x31,x9,x28	  x9:0x96360af4 x28:0x00000000 x31=0x00000000
       17695000	      1768	80000b20	01e14bb3	xor	x23,x2,x30	  x2:0x0000022d x30:0x44000000 x23=0x4400022d
       17705000	      1769	80000b24	1dc94113	xori	x2,x18,476	 x18:0x00000000  x2=0x000001dc
       17715000	      1770	80000b28	008eb1b3	sltu	x3,x29,x8	 x29:0x7080b000  x8:0xfffffe4f  x3=0x00000001
       17725000	      1771	80000b2c	003b5b33	srl	x22,x22,x3	 x22:0x00000000  x3:0x00000001 x22=0x00000000
       17735000	      1772	80000b30	03517e63	bgeu	x2,x21,80000b6c	  x2:0x000001dc x21:0xfffffb34
       17745000	      1773	80000b34	00a5d663	bge	x11,x10,80000b40	 x11:0x00000000 x10:0x00000000
       17755000	      1774	00000000	00000013	addi	x0,x0,0	  x0:0x00000000
       17765000	      1775	80000b3c	00000013	addi	x0,x0,0	  x0:0x00000000
       17775000	      1776	80000b40	00595333	srl	x6,x18,x5	 x18:0x00000000  x5:0x80009f84  x6=0x00000000
       17785000	      1777	80000b44	538f8c17	auipc	x24,0x538f8	 x24=0xd38f8b40
       17795000	      1778	80000b48	00000013	addi	x0,x0,0	  x0:0x00000000
       17805000	      1779	80000b4c	03abc063	blt	x23,x26,80000b6c	 x23:0x4400022d x26:0x00000001
       17815000	      1780	80000b50	001b1e63	bne	x22,x1,80000b6c	 x22:0x00000000  x1:0x00000000
       17825000	      1781	80000b54	40eb8b33	sub	x22,x23,x14	 x23:0x4400022d x14:0x00000000 x22=0x4400022d
       17835000	      1782	80000b58	39146513	ori	x10,x8,913	  x8:0xfffffe4f x10=0xffffffdf
       17845000	      1783	80000b5c	06700a63	beq	x0,x7,80000bd0	  x0:0x00000000  x7:0x00000001
       17855000	      1784	80000b60	01b3cd33	xor	x26,x7,x27	  x7:0x00000001 x27:0x00000000 x26=0x00000001
       17865000	      1785	80000b64	00a65663	bge	x12,x10,80000b70	 x12:0x80000000 x10:0xffffffdf
       17875000	      1786	80000b68	8e51ba93	sltiu	x21,x3,-1819	  x3:0x00000001 x21=0x00000001
       17885000	      1787	80000b6c	b5b41b97	auipc	x23,0xb5b41	 x23=0x35b41b68
       17895000	      1788	80000b70	b3c76117	auipc	x2,0xb3c76	  x2=0x33c76b6c
       17905000	      1789	80000b74	00d2b033	sltu	x0,x5,x13	  x5:0x80009f84 x13:0x80009fc4
       17915000	      1790	80000b78	0127f5b3	and	x11,x15,x18	 x15:0x00000000 x18:0x00000000 x11=0x00000000
       17925000	      1791	80000b7c	41450333	sub	x6,x10,x20	 x10:0xffffffdf x20:0x00000000  x6=0xffffffdf
       17935000	      1792	80000b80	ee1b60b7	lui	x1,0xee1b6	  x1=0xee1b6000
       17945000	      1793	80000b84	01ba1a13	slli	x20,x20,0x1b	 x20:0x00000000 x20=0x00000000
       17955000	      1794	80000b88	05e4d463	bge	x9,x30,80000bd0	  x9:0x96360af4 x30:0x44000000
       17965000	      1795	80000b8c	06a76463	bltu	x14,x10,80000bf4	 x14:0x00000000 x10:0xffffffdf
       17975000	      1796	00000000	00000013	addi	x0,x0,0	  x0:0x00000000
       17985000	      1797	80000bf0	00000013	addi	x0,x0,0	  x0:0x00000000
       17995000	      1798	80000bf4	01370e63	beq	x14,x19,80000c10	 x14:0x00000000 x19:0x00000000
       18005000	      1799	00000000	00000013	addi	x0,x0,0	  x0:0x00000000
       18015000	      1800	80000c0c	00000013	addi	x0,x0,0	  x0:0x00000000
       18025000	      1801	80000c10	012cb1b3	sltu	x3,x25,x18	 x25:0x00000000 x18:0x00000000  x3=0x00000000
       18035000	      1802	80000c14	00000013	addi	x0,x0,0	  x0:0x00000000
       18045000	      1803	80000c18	415c5393	srai	x7,x24,0x15	 x24:0xd38f8b40  x7=0xfffffe9c
       18055000	      1804	80000c1c	f7923737	lui	x14,0xf7923	 x14=0xf7923000
       18065000	      1805	80000c20	00d15eb3	srl	x29,x2,x13	  x2:0x33c76b6c x13:0x80009fc4 x29=0x033c76b6
       18075000	      1806	80000c24	016134b3	sltu	x9,x2,x22	  x2:0x33c76b6c x22:0x4400022d  x9=0x00000001
       18085000	      1807	80000c28	410edeb3	sra	x29,x29,x16	 x29:0x033c76b6 x16:0x00000001 x29=0x019e3b5b
       18095000	      1808	80000c2c	00ba5893	srli	x17,x20,0xb	 x20:0x00000000 x17=0x00000000
       18105000	      1809	80000c30	0038a4b3	slt	x9,x17,x3	 x17:0x00000000  x3:0x00000000  x9=0x00000000
       18115000	      1810	80000c34	01ace8b3	or	x17,x25,x26	 x25:0x00000000 x26:0x00000001 x17=0x00000001
       18125000	      1811	80000c38	00807d33	and	x26,x0,x8	  x0:0x00000000  x8:0xfffffe4f x26=0x00000000
       18135000	      1812	80000c3c	83080f93	addi	x31,x16,-2000	 x16:0x00000001 x31=0xfffff831
       18145000	      1813	80000c40	03fe1263	bne	x28,x31,80000c64	 x28:0x00000000 x31:0xfffff831
       18155000	      1814	00000000	00000013	addi	x0,x0,0	  x0:0x00000000
       18165000	      1815	80000c60	00000013	addi	x0,x0,0	  x0:0x00000000
       18175000	      1816	80000c64	0b0c3197	auipc	x3,0xb0c3	  x3=0x8b0c3c60
       18185000	      1817	80000c68	015c20b3	slt	x1,x24,x21	 x24:0xd38f8b40 x21:0x00000001  x1=0x00000001
       18195000	      1818	80000c6c	40cc0133	sub	x2,x24,x12	 x24:0xd38f8b40 x12:0x80000000  x2=0x538f8b40
       18205000	      1819	80000c70	002e8a33	add	x20,x29,x2	 x29:0x019e3b5b  x2:0x538f8b40 x20=0x552dc69b
       18215000	      1820	80000c74	02340663	beq	x8,x3,80000ca0	  x8:0xfffffe4f  x3:0x8b0c3c60
       18225000	      1821	80000c78	1e1f3b13	sltiu	x22,x30,481	 x30:0x44000000 x22=0x00000000
       18235000	      1822	80000c7c	70fd7993	andi	x19,x26,1807	 x26:0x00000000 x19=0x00000000
       18245000	      1823	80000c80	256af993	andi	x19,x21,598	 x21:0x00000001 x19=0x00000000
       18255000	      1824	80000c84	00774333	xor	x6,x14,x7	 x14:0xf7923000  x7:0xfffffe9c  x6=0x086dce9c
       18265000	      1825	80000c88	d0eaba13	sltiu	x20,x21,-754	 x21:0x00000001 x20=0x00000001
       18275000	      1826	80000c8c	fc333893	sltiu	x17,x6,-61	  x6:0x086dce9c x17=0x00000001
       18285000	      1827	80000c90	00dff933	and	x18,x31,x13	 x31:0xfffff831 x13:0x80009fc4 x18=0x80009800
       18295000	      1828	80000c94	016349b3	xor	x19,x6,x22	  x6:0x086dce9c x22:0x00000000 x19=0x086dce9c
       18305000	      1829	80000c98	8b8fa113	slti	x2,x31,-1864	 x31:0xfffff831  x2=0x00000001
       18315000	      1830	80000c9c	01b0f663	bgeu	x1,x27,80000ca8	  x1:0x00000001 x27:0x00000000
       18325000	      1831	00000000	00000013	addi	x0,x0,0	  x0:0x00000000
       18335000	      1832	80000ca4	00000013	addi	x0,x0,0	  x0:0x00000000
       18345000	      1833	80000ca8	01415833	srl	x16,x2,x20	  x2:0x00000001 x20:0x00000001 x16=0x00000000
       18355000	      1834	80000cac	00ec3b33	sltu	x22,x24,x14	 x24:0xd38f8b40 x14:0xf7923000 x22=0x00000001
       18365000	      1835	80000cb0	00719f13	slli	x30,x3,0x7	  x3:0x8b0c3c60 x30=0x861e3000
       18375000	      1836	80000cb4	01e285b3	add	x11,x5,x30	  x5:0x80009f84 x30:0x861e3000 x11=0x061ecf84
       18385000	      1837	80000cb8	04b08063	beq	x1,x11,80000cf8	  x1:0x00000001 x11:0x061ecf84
       18395000	      1838	80000cbc	015b4e63	blt	x22,x21,80000cd8	 x22:0x00000001 x21:0x00000001
       18405000	      1839	80000cc0	304e2893	slti	x17,x28,772	 x28:0x00000000 x17=0x00000001
       18415000	      1840	80000cc4	3d76f193	andi	x3,x13,983	 x13:0x80009fc4  x3=0x000003c4
       18425000	      1841	80000cc8	01931fb3	sll	x31,x6,x25	  x6:0x086dce9c x25:0x00000000 x31=0x086dce9c
       18435000	      1842	80000ccc	2caaaeb7	lui	x29,0x2caaa	 x29=0x2caaa000
       18445000	      1843	80000cd0	00000013	addi	x0,x0,0	  x0:0x00000000
       18455000	      1844	80000cd4	01968db3	add	x27,x13,x25	 x13:0x80009fc4 x25:0x00000000 x27=0x80009fc4
       18465000	      1845	80000cd8	01f6f733	and	x14,x13,x31	 x13:0x80009fc4 x31:0x086dce9c x14=0x00008e84
       18475000	      1846	80000cdc	c9087393	andi	x7,x16,-880	 x16:0x00000000  x7=0x00000000
       18485000	      1847	80000ce0	02969263	bne	x13,x9,80000d04	 x13:0x80009fc4  x9:0x00000000
       18495000	      1848	00000000	00000013	addi	x0,x0,0	  x0:0x00000000
       18505000	      1849	80000d00	00000013	addi	x0,x0,0	  x0:0x00000000
       18515000	      1850	80000d04	418c51b3	sra	x3,x24,x24	 x24:0xd38f8b40 x24:0xd38f8b40  x3=0xd38f8b40
       18525000	      1851	80000d08	00000013	addi	x0,x0,0	  x0:0x00000000
       18535000	      1852	80000d0c	4058dc33	sra	x24,x17,x5	 x17:0x00000001  x5:0x80009f84 x24=0x00000000
       18545000	      1853	80000d10	00817eb3	and	x29,x2,x8	  x2:0x00000001  x8:0xfffffe4f x29=0x00000001
       18555000	      1854	80000d14	a49ee797	auipc	x15,0xa49ee	 x15=0x249eed10
       18565000	      1855	80000d18	02a3c263	blt	x7,x10,80000d3c	  x7:0x00000000 x10:0xffffffdf
       18575000	      1856	80000d1c	016045b3	xor	x11,x0,x22	  x0:0x00000000 x22:0x00000001 x11=0x00000001
       18585000	      1857	80000d20	c3e27e93	andi	x29,x4,-962	  x4:0x7a269600 x29=0x7a269400
       18595000	      1858	80000d24	00af5eb3	srl	x29,x30,x10	 x30:0x861e3000 x10:0xffffffdf x29=0x00000001
       18605000	      1859	80000d28	03635663	bge	x6,x22,80000d54	  x6:0x086dce9c x22:0x00000001
       18615000	      1860	00000000	00000013	addi	x0,x0,0	  x0:0x00000000
       18625000	      1861	80000d50	00000013	addi	x0,x0,0	  x0:0x00000000
       18635000	      1862	80000d54	01855433	srl	x8,x10,x24	 x10:0xffffffdf x24:0x00000000  x8=0xffffffdf
       18645000	      1863	80000d58	f3743593	sltiu	x11,x8,-201	  x8:0xffffffdf x11=0x00000000
       18655000	      1864	80000d5c	01ba5a13	srli	x20,x20,0x1b	 x20:0x00000001 x20=0x00000000
       18665000	      1865	80000d60	7d502037	lui	x0,0x7d502	
       18675000	      1866	80000d64	40725d33	sra	x26,x4,x7	  x4:0x7a269600  x7:0x00000000 x26=0x7a269600
       18685000	      1867	80000d68	40bdd793	srai	x15,x27,0xb	 x27:0x80009fc4 x15=0xfff00013
       18695000	      1868	80000d6c	01ea5663	bge	x20,x30,80000d78	 x20:0x00000000 x30:0x861e3000
       18705000	      1869	00000000	00000013	addi	x0,x0,0	  x0:0x00000000
       18715000	      1870	80000d74	00000013	addi	x0,x0,0	  x0:0x00000000
       18725000	      1871	80000d78	00f9d663	bge	x19,x15,80000d84	 x19:0x086dce9c x15:0xfff00013
       18735000	      1872	00000000	00000013	addi	x0,x0,0	  x0:0x00000000
       18745000	      1873	80000d80	00000013	addi	x0,x0,0	  x0:0x00000000
       18755000	      1874	80000d84	d14f0c13	addi	x24,x30,-748	 x30:0x861e3000 x24=0x861e2d14
       18765000	      1875	80000d88	00f3db13	srli	x22,x7,0xf	  x7:0x00000000 x22=0x00000000
       18775000	      1876	80000d8c	00000013	addi	x0,x0,0	  x0:0x00000000
       18785000	      1877	80000d90	58b9ab93	slti	x23,x19,1419	 x19:0x086dce9c x23=0x00000000
       18795000	      1878	80000d94	05b68863	beq	x13,x27,80000de4	 x13:0x80009fc4 x27:0x80009fc4
       18805000	      1879	00000000	00000013	addi	x0,x0,0	  x0:0x00000000
       18815000	      1880	80000de0	00000013	addi	x0,x0,0	  x0:0x00000000
       18825000	      1881	80000de4	40d5d493	srai	x9,x11,0xd	 x11:0x00000000  x9=0x00000000
       18835000	      1882	80000de8	41440333	sub	x6,x8,x20	  x8:0xffffffdf x20:0x00000000  x6=0xffffffdf
       18845000	      1883	80000dec	057d0863	beq	x26,x23,80000e3c	 x26:0x7a269600 x23:0x00000000
       18855000	      1884	80000df0	0351c263	blt	x3,x21,80000e14	  x3:0xd38f8b40 x21:0x00000001
       18865000	      1885	00000000	00000013	addi	x0,x0,0	  x0:0x00000000
       18875000	      1886	80000e10	00000013	addi	x0,x0,0	  x0:0x00000000
       18885000	      1887	80000e14	bab9fc97	auipc	x25,0xbab9f	 x25=0x3ab9fe10
       18895000	      1888	80000e18	07be6513	ori	x10,x28,123	 x28:0x00000000 x10=0x0000007b
       18905000	      1889	80000e1c	a943e493	ori	x9,x7,-1388	  x7:0x00000000  x9=0xfffffa94
       18915000	      1890	80000e20	41085e13	srai	x28,x16,0x10	 x16:0x00000000 x28=0x00000000
       18925000	      1891	80000e24	024a1e63	bne	x20,x4,80000e60	 x20:0x00000000  x4:0x7a269600
       18935000	      1892	00000000	00000013	addi	x0,x0,0	  x0:0x00000000
       18945000	      1893	80000e5c	00000013	addi	x0,x0,0	  x0:0x00000000
       18955000	      1894	80000e60	c75379b7	lui	x19,0xc7537	 x19=0xc7537000
       18965000	      1895	80000e64	40b75f13	srai	x30,x14,0xb	 x14:0x00008e84 x30=0x00000011
       18975000	      1896	80000e68	0039a1b3	slt	x3,x19,x3	 x19:0xc7537000  x3:0xd38f8b40  x3=0x00000001
       18985000	      1897	80000e6c	01628c63	beq	x5,x22,80000e84	  x5:0x80009f84 x22:0x00000000
       18995000	      1898	80000e70	01865813	srli	x16,x12,0x18	 x12:0x80000000 x16=0x00000080
       19005000	      1899	80000e74	0017c933	xor	x18,x15,x1	 x15:0xfff00013  x1:0x00000001 x18=0xfff00012
       19015000	      1900	80000e78	05d1d263	bge	x3,x29,80000ebc	  x3:0x00000001 x29:0x00000001
       19025000	      1901	00000000	00000013	addi	x0,x0,0	  x0:0x00000000
       19035000	      1902	80000eb8	00000013	addi	x0,x0,0	  x0:0x00000000
       19045000	      1903	80000ebc	0176dc33	srl	x24,x13,x23	 x13:0x80009fc4 x23:0x00000000 x24=0x80009fc4
       19055000	      1904	80000ec0	013ef863	bgeu	x29,x19,80000ed0	 x29:0x00000001 x19:0xc7537000
       19065000	      1905	80000ec4	01405a13	srli	x20,x0,0x14	  x0:0x00000000 x20=0x00000000
       19075000	      1906	80000ec8	41a35cb3	sra	x25,x6,x26	  x6:0xffffffdf x26:0x7a269600 x25=0xffffffdf
       19085000	      1907	80000ecc	0ac4fa63	bgeu	x9,x12,80000f80	  x9:0xfffffa94 x12:0x80000000
       19095000	      1908	00000000	00000013	addi	x0,x0,0	  x0:0x00000000
       19105000	      1909	80000f7c	00000013	addi	x0,x0,0	  x0:0x00000000
       19115000	      1910	80000f80	40055913	srai	x18,x10,0x0	 x10:0x0000007b x18=0x0000007b
       19125000	      1911	80000f84	6d572113	slti	x2,x14,1749	 x14:0x00008e84  x2=0x00000000
       19135000	      1912	80000f88	00c857b3	srl	x15,x16,x12	 x16:0x00000080 x12:0x80000000 x15=0x00000080
       19145000	      1913	80000f8c	02046463	bltu	x8,x0,80000fb4	  x8:0xffffffdf  x0:0x00000000
       19155000	      1914	80000f90	0089d913	srli	x18,x19,0x8	 x19:0xc7537000 x18=0x00c75370
       19165000	      1915	80000f94	5a27a793	slti	x15,x15,1442	 x15:0x00000080 x15=0x00000001
       19175000	      1916	80000f98	01060c63	beq	x12,x16,80000fb0	 x12:0x80000000 x16:0x00000080
       19185000	      1917	80000f9c	40515f13	srai	x30,x2,0x5	  x2:0x00000000 x30=0x00000000
       19195000	      1918	80000fa0	00000013	addi	x0,x0,0	  x0:0x00000000
       19205000	      1919	80000fa4	02a9ee63	bltu	x19,x10,80000fe0	 x19:0xc7537000 x10:0x0000007b
       19215000	      1920	80000fa8	773dca93	xori	x21,x27,1907	 x27:0x80009fc4 x21=0x800098b7
       19225000	      1921	80000fac	01e2d593	srli	x11,x5,0x1e	  x5:0x80009f84 x11=0x00000002
       19235000	      1922	80000fb0	cb7d4517	auipc	x10,0xcb7d4	 x10=0x4b7d4fac
       19245000	      1923	80000fb4	85f32813	slti	x16,x6,-1953	  x6:0xffffffdf x16=0x00000000
       19255000	      1924	80000fb8	00226fb3	or	x31,x4,x2	  x4:0x7a269600  x2:0x00000000 x31=0x7a269600
       19265000	      1925	80000fbc	00d57e63	bgeu	x10,x13,80000fd8	 x10:0x4b7d4fac x13:0x80009fc4
       19275000	      1926	80000fc0	00ce5113	srli	x2,x28,0xc	 x28:0x00000000  x2=0x00000000
       19285000	      1927	80000fc4	0108ce33	xor	x28,x17,x16	 x17:0x00000001 x16:0x00000000 x28=0x00000001
       19295000	      1928	80000fc8	a6af4313	xori	x6,x30,-1430	 x30:0x00000000  x6=0xfffffa6a
       19305000	      1929	80000fcc	00251933	sll	x18,x10,x2	 x10:0x4b7d4fac  x2:0x00000000 x18=0x4b7d4fac
       19315000	      1930	80000fd0	01341863	bne	x8,x19,80000fe0	  x8:0xffffffdf x19:0xc7537000
       19325000	      1931	00000000	00000013	addi	x0,x0,0	  x0:0x00000000
       19335000	      1932	80000fdc	00000013	addi	x0,x0,0	  x0:0x00000000
       19345000	      1933	80000fe0	00117eb3	and	x29,x2,x1	  x2:0x00000000  x1:0x00000001 x29=0x00000000
       19355000	      1934	80000fe4	40224e37	lui	x28,0x40224	 x28=0x40224000
       19365000	      1935	80000fe8	010a2333	slt	x6,x20,x16	 x20:0x00000000 x16:0x00000000  x6=0x00000000
       19375000	      1936	80000fec	01ab73b3	and	x7,x22,x26	 x22:0x00000000 x26:0x7a269600  x7=0x00000000
       19385000	      1937	80000ff0	000f5663	bge	x30,x0,80000ffc	 x30:0x00000000  x0:0x00000000
       19395000	      1938	00000000	00000013	addi	x0,x0,0	  x0:0x00000000
       19405000	      1939	80000ff8	00000013	addi	x0,x0,0	  x0:0x00000000
       19415000	      1940	80000ffc	0015b233	sltu	x4,x11,x1	 x11:0x00000002  x1:0x00000001  x4=0x00000000
       19425000	      1941	80001000	7d388a13	addi	x20,x17,2003	 x17:0x00000001 x20=0x000007d4
       19435000	      1942	80001004	c40be093	ori	x1,x23,-960	 x23:0x00000000  x1=0xfffffc40
       19445000	      1943	80001008	a0418d93	addi	x27,x3,-1532	  x3:0x00000001 x27=0xfffffa05
       19455000	      1944	8000100c	013f7663	bgeu	x30,x19,80001018	 x30:0x00000000 x19:0xc7537000
       19465000	      1945	80001010	01e96e63	bltu	x18,x30,8000102c	 x18:0x4b7d4fac x30:0x00000000
       19475000	      1946	80001014	73ba9f17	auipc	x30,0x73ba9	 x30=0xf3baa010
       19485000	      1947	80001018	05ea1263	bne	x20,x30,8000105c	 x20:0x000007d4 x30:0xf3baa010
       19495000	      1948	00000000	00000013	addi	x0,x0,0	  x0:0x00000000
       19505000	      1949	80001058	00000013	addi	x0,x0,0	  x0:0x00000000
       19515000	      1950	8000105c	41f4d313	srai	x6,x9,0x1f	  x9:0xfffffa94  x6=0xffffffff
       19525000	      1951	80001060	01efd813	srli	x16,x31,0x1e	 x31:0x7a269600 x16=0x00000001
       19535000	      1952	80001064	01be1433	sll	x8,x28,x27	 x28:0x40224000 x27:0xfffffa05  x8=0x04480000
       19545000	      1953	80001068	00000013	addi	x0,x0,0	  x0:0x00000000
       19555000	      1954	8000106c	00000013	addi	x0,x0,0	  x0:0x00000000
       19565000	      1955	80001070	03364663	blt	x12,x19,8000109c	 x12:0x80000000 x19:0xc7537000
       19575000	      1956	00000000	00000013	addi	x0,x0,0	  x0:0x00000000
       19585000	      1957	80001098	00000013	addi	x0,x0,0	  x0:0x00000000
       19595000	      1958	8000109c	00000013	addi	x0,x0,0	  x0:0x00000000
       19605000	      1959	800010a0	00bef333	and	x6,x29,x11	 x29:0x00000000 x11:0x00000002  x6=0x00000000
       19615000	      1960	800010a4	c380fb93	andi	x23,x1,-968	  x1:0xfffffc40 x23=0xfffffc00
       19625000	      1961	800010a8	e443f513	andi	x10,x7,-444	  x7:0x00000000 x10=0x00000000
       19635000	      1962	800010ac	41f05993	srai	x19,x0,0x1f	  x0:0x00000000 x19=0x00000000
       19645000	      1963	800010b0	00903833	sltu	x16,x0,x9	  x0:0x00000000  x9:0xfffffa94 x16=0x00000001
       19655000	      1964	800010b4	611c3f13	sltiu	x30,x24,1553	 x24:0x80009fc4 x30=0x00000000
       19665000	      1965	800010b8	01201733	sll	x14,x0,x18	  x0:0x00000000 x18:0x4b7d4fac x14=0x00000000
       19675000	      1966	800010bc	000ca9b3	slt	x19,x25,x0	 x25:0xffffffdf  x0:0x00000000 x19=0x00000001
       19685000	      1967	800010c0	05cc7863	bgeu	x24,x28,80001110	 x24:0x80009fc4 x28:0x40224000
       19695000	      1968	00000000	00000013	addi	x0,x0,0	  x0:0x00000000
       19705000	      1969	8000110c	00000013	addi	x0,x0,0	  x0:0x00000000
       19715000	      1970	80001110	c2283e97	auipc	x29,0xc2283	 x29=0x4228410c
       19725000	      1971	80001114	31f04d93	xori	x27,x0,799	  x0:0x00000000 x27=0x0000031f
       19735000	      1972	80001118	05df4863	blt	x30,x29,80001168	 x30:0x00000000 x29:0x4228410c
       19745000	      1973	00000000	00000013	addi	x0,x0,0	  x0:0x00000000
       19755000	      1974	80001164	00000013	addi	x0,x0,0	  x0:0x00000000
       19765000	      1975	80001168	80650893	addi	x17,x10,-2042	 x10:0x00000000 x17=0xfffff806
       19775000	      1976	8000116c	03d69e63	bne	x13,x29,800011a8	 x13:0x80009fc4 x29:0x4228410c
       19785000	      1977	00000000	00000013	addi	x0,x0,0	  x0:0x00000000
       19795000	      1978	800011a4	00000013	addi	x0,x0,0	  x0:0x00000000
       19805000	      1979	800011a8	00f1d233	srl	x4,x3,x15	  x3:0x00000001 x15:0x00000001  x4=0x00000000
       19815000	      1980	800011ac	00a5e4b3	or	x9,x11,x10	 x11:0x00000002 x10:0x00000000  x9=0x00000002
       19825000	      1981	800011b0	04d1f863	bgeu	x3,x13,80001200	  x3:0x00000001 x13:0x80009fc4
       19835000	      1982	800011b4	007a34b3	sltu	x9,x20,x7	 x20:0x000007d4  x7:0x00000000  x9=0x00000000
       19845000	      1983	800011b8	01306863	bltu	x0,x19,800011c8	  x0:0x00000000 x19:0x00000001
       19855000	      1984	00000000	00000013	addi	x0,x0,0	  x0:0x00000000
       19865000	      1985	800011c4	00000013	addi	x0,x0,0	  x0:0x00000000
       19875000	      1986	800011c8	4148d113	srai	x2,x17,0x14	 x17:0xfffff806  x2=0xffffffff
       19885000	      1987	800011cc	40505313	srai	x6,x0,0x5	  x0:0x00000000  x6=0x00000000
       19895000	      1988	800011d0	012a6233	or	x4,x20,x18	 x20:0x000007d4 x18:0x4b7d4fac  x4=0x4b7d4ffc
       19905000	      1989	800011d4	92b98137	lui	x2,0x92b98	  x2=0x92b98000
       19915000	      1990	800011d8	00f35a93	srli	x21,x6,0xf	  x6:0x00000000 x21=0x00000000
       19925000	      1991	800011dc	024e7263	bgeu	x28,x4,80001200	 x28:0x40224000  x4:0x4b7d4ffc
       19935000	      1992	800011e0	00011863	bne	x2,x0,800011f0	  x2:0x92b98000  x0:0x00000000
       19945000	      1993	00000000	00000013	addi	x0,x0,0	  x0:0x00000000
       19955000	      1994	800011ec	00000013	addi	x0,x0,0	  x0:0x00000000
       19965000	      1995	800011f0	20fe03b7	lui	x7,0x20fe0	  x7=0x20fe0000
       19975000	      1996	800011f4	01a1e533	or	x10,x3,x26	  x3:0x00000001 x26:0x7a269600 x10=0x7a269601
       19985000	      1997	800011f8	000054b3	srl	x9,x0,x0	  x0:0x00000000  x0:0x00000000  x9=0x00000000
       19995000	      1998	800011fc	00516e33	or	x28,x2,x5	  x2:0x92b98000  x5:0x80009f84 x28=0x92b99f84
       20005000	      1999	80001200	4005df93	srai	x31,x11,0x0	 x11:0x00000002 x31=0x00000002
       20015000	      2000	80001204	b82f7e13	andi	x28,x30,-1150	 x30:0x00000000 x28=0x00000000
       20025000	      2001	80001208	49140d13	addi	x26,x8,1169	  x8:0x04480000 x26=0x04480491
       20035000	      2002	8000120c	405553b3	sra	x7,x10,x5	 x10:0x7a269601  x5:0x80009f84  x7=0x07a26960
       20045000	      2003	80001210	04e37063	bgeu	x6,x14,80001250	  x6:0x00000000 x14:0x00000000
       20055000	      2004	00000000	00000013	addi	x0,x0,0	  x0:0x00000000
       20065000	      2005	8000124c	00000013	addi	x0,x0,0	  x0:0x00000000
       20075000	      2006	80001250	ee2e3a13	sltiu	x20,x28,-286	 x28:0x00000000 x20=0x00000001
       20085000	      2007	80001254	01bbc663	blt	x23,x27,80001260	 x23:0xfffffc00 x27:0x0000031f
       20095000	      2008	00000000	00000013	addi	x0,x0,0	  x0:0x00000000
       20105000	      2009	8000125c	00000013	addi	x0,x0,0	  x0:0x00000000
       20115000	      2010	80001260	e13d4f93	xori	x31,x26,-493	 x26:0x04480491 x31=0xfbb7fa82
       20125000	      2011	80001264	03195663	bge	x18,x17,80001290	 x18:0x4b7d4fac x17:0xfffff806
       20135000	      2012	00000000	00000013	addi	x0,x0,0	  x0:0x00000000
       20145000	      2013	8000128c	00000013	addi	x0,x0,0	  x0:0x00000000
       20155000	      2014	80001290	55c08793	addi	x15,x1,1372	  x1:0xfffffc40 x15=0x0000019c
       20165000	      2015	80001294	1f012113	slti	x2,x2,496	  x2:0x92b98000  x2=0x00000001
       20175000	      2016	80001298	018b9f13	slli	x30,x23,0x18	 x23:0xfffffc00 x30=0x00000000
       20185000	      2017	8000129c	0e480b17	auipc	x22,0xe480	 x22=0x8e481298
       20195000	      2018	800012a0	ba393393	sltiu	x7,x18,-1117	 x18:0x4b7d4fac  x7=0x00000001
       20205000	      2019	800012a4	020ce663	bltu	x25,x0,800012d0	 x25:0xffffffdf  x0:0x00000000
       20215000	      2020	800012a8	018f71b3	and	x3,x30,x24	 x30:0x00000000 x24:0x80009fc4  x3=0x00000000
       20225000	      2021	800012ac	34d25237	lui	x4,0x34d25	  x4=0x34d25000
       20235000	      2022	800012b0	089d8863	beq	x27,x9,80001340	 x27:0x0000031f  x9:0x00000000
       20245000	      2023	800012b4	d816fdb7	lui	x27,0xd816f	 x27=0xd816f000
       20255000	      2024	800012b8	006b1d33	sll	x26,x22,x6	 x22:0x8e481298  x6:0x00000000 x26=0x8e481298
       20265000	      2025	800012bc	017614b3	sll	x9,x12,x23	 x12:0x80000000 x23:0xfffffc00  x9=0x80000000
       20275000	      2026	800012c0	01741b13	slli	x22,x8,0x17	  x8:0x04480000 x22=0x00000000
       20285000	      2027	800012c4	06f08263	beq	x1,x15,80001328	  x1:0xfffffc40 x15:0x0000019c
       20295000	      2028	800012c8	240cbd97	auipc	x27,0x240cb	 x27=0xa40cc2c4
       20305000	      2029	800012cc	49d3b493	sltiu	x9,x7,1181	  x7:0x00000001  x9=0x00000001
       20315000	      2030	800012d0	00000013	addi	x0,x0,0	  x0:0x00000000
       20325000	      2031	800012d4	9dd73813	sltiu	x16,x14,-1571	 x14:0x00000000 x16=0x00000001
       20335000	      2032	800012d8	01e5d193	srli	x3,x11,0x1e	 x11:0x00000002  x3=0x00000000
       20345000	      2033	800012dc	48088793	addi	x15,x17,1152	 x17:0xfffff806 x15=0xfffffc86
       20355000	      2034	800012e0	00900c93	addi	x25,x0,9	  x0:0x00000000 x25=0x00000009
       20365000	      2035	800012e4	33b3b893	sltiu	x17,x7,827	  x7:0x00000001 x17=0x00000001
       20375000	      2036	800012e8	013df0b3	and	x1,x27,x19	 x27:0xa40cc2c4 x19:0x00000001  x1=0x00000000
       20385000	      2037	800012ec	f3937e13	andi	x28,x6,-199	  x6:0x00000000 x28=0x00000000
       20395000	      2038	800012f0	0184cd33	xor	x26,x9,x24	  x9:0x00000001 x24:0x80009fc4 x26=0x80009fc5
       20405000	      2039	800012f4	00a00493	addi	x9,x0,10	  x0:0x00000000  x9=0x0000000a
       20415000	      2040	800012f8	01030e33	add	x28,x6,x16	  x6:0x00000000 x16:0x00000001 x28=0x00000001
       20425000	      2041	800012fc	77b80f13	addi	x30,x16,1915	 x16:0x00000001 x30=0x0000077c
       20435000	      2042	80001300	01236933	or	x18,x6,x18	  x6:0x00000000 x18:0x4b7d4fac x18=0x4b7d4fac
       20445000	      2043	80001304	00ca1513	slli	x10,x20,0xc	 x20:0x00000001 x10=0x00001000
       20455000	      2044	80001308	009c8c93	addi	x25,x25,9	 x25:0x00000009 x25=0x00000012
       20465000	      2045	8000130c	0012a8b3	slt	x17,x5,x1	  x5:0x80009f84  x1:0x00000000 x17=0x00000001
       20475000	      2046	80001310	00000013	addi	x0,x0,0	  x0:0x00000000
       20485000	      2047	80001314	a3b8beb7	lui	x29,0xa3b8b	 x29=0xa3b8b000
       20495000	      2048	80001318	fe9cc2e3	blt	x25,x9,800012fc	 x25:0x00000012  x9:0x0000000a
       20505000	      2049	8000131c	408bd1b3	sra	x3,x23,x8	 x23:0xfffffc00  x8:0x04480000  x3=0xfffffc00
       20515000	      2050	80001320	00ad27b3	slt	x15,x26,x10	 x26:0x80009fc5 x10:0x00001000 x15=0x00000001
       20525000	      2051	80001324	40f88a33	sub	x20,x17,x15	 x17:0x00000001 x15:0x00000001 x20=0x00000000
       20535000	      2052	80001328	4065d893	srai	x17,x11,0x6	 x11:0x00000002 x17=0x00000000
       20545000	      2053	8000132c	41b60733	sub	x14,x12,x27	 x12:0x80000000 x27:0xa40cc2c4 x14=0xdbf33d3c
       20555000	      2054	80001330	00ba5d93	srli	x27,x20,0xb	 x20:0x00000000 x27=0x00000000
       20565000	      2055	80001334	c1772313	slti	x6,x14,-1001	 x14:0xdbf33d3c  x6=0x00000001
       20575000	      2056	80001338	032afe63	bgeu	x21,x18,80001374	 x21:0x00000000 x18:0x4b7d4fac
       20585000	      2057	8000133c	41610433	sub	x8,x2,x22	  x2:0x00000001 x22:0x00000000  x8=0x00000001
       20595000	      2058	80001340	02d67263	bgeu	x12,x13,80001364	 x12:0x80000000 x13:0x80009fc4
       20605000	      2059	80001344	0123ce63	blt	x7,x18,80001360	  x7:0x00000001 x18:0x4b7d4fac
       20615000	      2060	00000000	00000013	addi	x0,x0,0	  x0:0x00000000
       20625000	      2061	8000135c	00000013	addi	x0,x0,0	  x0:0x00000000
       20635000	      2062	80001360	0013ad33	slt	x26,x7,x1	  x7:0x00000001  x1:0x00000000 x26=0x00000000
       20645000	      2063	80001364	0173feb3	and	x29,x7,x23	  x7:0x00000001 x23:0xfffffc00 x29=0x00000000
       20655000	      2064	80001368	64a84193	xori	x3,x16,1610	 x16:0x00000001  x3=0x0000064b
       20665000	      2065	8000136c	00d550b3	srl	x1,x10,x13	 x10:0x00001000 x13:0x80009fc4  x1=0x00000100
       20675000	      2066	80001370	03650463	beq	x10,x22,80001398	 x10:0x00001000 x22:0x00000000
       20685000	      2067	80001374	8f9df193	andi	x3,x27,-1799	 x27:0x00000000  x3=0x00000000
       20695000	      2068	80001378	37941497	auipc	x9,0x37941	  x9=0xb7942374
       20705000	      2069	8000137c	e3cc4f13	xori	x30,x24,-452	 x24:0x80009fc4 x30=0x7fff61f8
       20715000	      2070	80001380	034ef263	bgeu	x29,x20,800013a4	 x29:0x00000000 x20:0x00000000
       20725000	      2071	00000000	00000013	addi	x0,x0,0	  x0:0x00000000
       20735000	      2072	800013a0	00000013	addi	x0,x0,0	  x0:0x00000000
       20745000	      2073	800013a4	01e02f33	slt	x30,x0,x30	  x0:0x00000000 x30:0x7fff61f8 x30=0x00000001
       20755000	      2074	800013a8	01ebf663	bgeu	x23,x30,800013b4	 x23:0xfffffc00 x30:0x00000001
       20765000	      2075	00000000	00000013	addi	x0,x0,0	  x0:0x00000000
       20775000	      2076	800013b0	00000013	addi	x0,x0,0	  x0:0x00000000
       20785000	      2077	800013b4	01dcd833	srl	x16,x25,x29	 x25:0x00000012 x29:0x00000000 x16=0x00000012
       20795000	      2078	800013b8	01fb6263	bltu	x22,x31,800013bc	 x22:0x00000000 x31:0xfbb7fa82
       20805000	      2079	00000000	00000013	addi	x0,x0,0	  x0:0x00000000
       20815000	      2080	800013b8	00000013	addi	x0,x0,0	  x0:0x00000000
       20825000	      2081	800013bc	020de263	bltu	x27,x0,800013e0	 x27:0x00000000  x0:0x00000000
       20835000	      2082	800013c0	1f34a7b7	lui	x15,0x1f34a	 x15=0x1f34a000
       20845000	      2083	800013c4	b3c8c893	xori	x17,x17,-1220	 x17:0x00000000 x17=0xfffffb3c
       20855000	      2084	800013c8	40365893	srai	x17,x12,0x3	 x12:0x80000000 x17=0xf0000000
       20865000	      2085	800013cc	40645b33	sra	x22,x8,x6	  x8:0x00000001  x6:0x00000001 x22=0x00000000
       20875000	      2086	800013d0	3a396e13	ori	x28,x18,931	 x18:0x4b7d4fac x28=0x4b7d4faf
       20885000	      2087	800013d4	01c77033	and	x0,x14,x28	 x14:0xdbf33d3c x28:0x4b7d4faf
       20895000	      2088	800013d8	0194d863	bge	x9,x25,800013e8	  x9:0xb7942374 x25:0x00000012
       20905000	      2089	800013dc	02705263	bge	x0,x7,80001400	  x0:0x00000000  x7:0x00000001
       20915000	      2090	800013e0	00c85193	srli	x3,x16,0xc	 x16:0x00000012  x3=0x00000000
       20925000	      2091	800013e4	17d46413	ori	x8,x8,381	  x8:0x00000001  x8=0x0000017d
       20935000	      2092	800013e8	fb4c90b7	lui	x1,0xfb4c9	  x1=0xfb4c9000
       20945000	      2093	800013ec	05a15863	bge	x2,x26,8000143c	  x2:0x00000001 x26:0x00000000
       20955000	      2094	00000000	00000013	addi	x0,x0,0	  x0:0x00000000
       20965000	      2095	80001438	00000013	addi	x0,x0,0	  x0:0x00000000
       20975000	      2096	8000143c	012bdc13	srli	x24,x23,0x12	 x23:0xfffffc00 x24=0x00003fff
       20985000	      2097	80001440	018c8863	beq	x25,x24,80001450	 x25:0x00000012 x24:0x00003fff
       20995000	      2098	80001444	414581b3	sub	x3,x11,x20	 x11:0x00000002 x20:0x00000000  x3=0x00000002
       21005000	      2099	80001448	00450533	add	x10,x10,x4	 x10:0x00001000  x4:0x34d25000 x10=0x34d26000
       21015000	      2100	8000144c	0113cbb3	xor	x23,x7,x17	  x7:0x00000001 x17:0xf0000000 x23=0xf0000001
       21025000	      2101	80001450	40918333	sub	x6,x3,x9	  x3:0x00000002  x9:0xb7942374  x6=0x486bdc8e
       21035000	      2102	80001454	06fb6463	bltu	x22,x15,800014bc	 x22:0x00000000 x15:0x1f34a000
       21045000	      2103	00000000	00000013	addi	x0,x0,0	  x0:0x00000000
       21055000	      2104	800014b8	00000013	addi	x0,x0,0	  x0:0x00000000
       21065000	      2105	800014bc	d367e493	ori	x9,x15,-714	 x15:0x1f34a000  x9=0xfffffd36
       21075000	      2106	800014c0	017d1433	sll	x8,x26,x23	 x26:0x00000000 x23:0xf0000001  x8=0x00000000
       21085000	      2107	800014c4	00000013	addi	x0,x0,0	  x0:0x00000000
       21095000	      2108	800014c8	01a6b5b3	sltu	x11,x13,x26	 x13:0x80009fc4 x26:0x00000000 x11=0x00000000
       21105000	      2109	800014cc	01685f33	srl	x30,x16,x22	 x16:0x00000012 x22:0x00000000 x30=0x00000012
       21115000	      2110	800014d0	01696cb3	or	x25,x18,x22	 x18:0x4b7d4fac x22:0x00000000 x25=0x4b7d4fac
       21125000	      2111	800014d4	05e07263	bgeu	x0,x30,80001518	  x0:0x00000000 x30:0x00000012
       21135000	      2112	800014d8	04775863	bge	x14,x7,80001528	 x14:0xdbf33d3c  x7:0x00000001
       21145000	      2113	800014dc	16136193	ori	x3,x6,353	  x6:0x486bdc8e  x3=0x486bddef
       21155000	      2114	800014e0	40b58233	sub	x4,x11,x11	 x11:0x00000000 x11:0x00000000  x4=0x00000000
       21165000	      2115	800014e4	019d9b93	slli	x23,x27,0x19	 x27:0x00000000 x23=0x00000000
       21175000	      2116	800014e8	00e16933	or	x18,x2,x14	  x2:0x00000001 x14:0xdbf33d3c x18=0xdbf33d3d
       21185000	      2117	800014ec	034bf263	bgeu	x23,x20,80001510	 x23:0x00000000 x20:0x00000000
       21195000	      2118	00000000	00000013	addi	x0,x0,0	  x0:0x00000000
       21205000	      2119	8000150c	00000013	addi	x0,x0,0	  x0:0x00000000
       21215000	      2120	80001510	01719f33	sll	x30,x3,x23	  x3:0x486bddef x23:0x00000000 x30=0x486bddef
       21225000	      2121	80001514	75a37f13	andi	x30,x6,1882	  x6:0x486bdc8e x30=0x0000040a
       21235000	      2122	80001518	378b2493	slti	x9,x22,888	 x22:0x00000000  x9=0x00000001
       21245000	      2123	8000151c	41310db3	sub	x27,x2,x19	  x2:0x00000001 x19:0x00000001 x27=0x00000000
       21255000	      2124	80001520	00f80333	add	x6,x16,x15	 x16:0x00000012 x15:0x1f34a000  x6=0x1f34a012
       21265000	      2125	80001524	40de5233	sra	x4,x28,x13	 x28:0x4b7d4faf x13:0x80009fc4  x4=0x04b7d4fa
       21275000	      2126	80001528	00cf4533	xor	x10,x30,x12	 x30:0x0000040a x12:0x80000000 x10=0x8000040a
       21285000	      2127	8000152c	388e4813	xori	x16,x28,904	 x28:0x4b7d4faf x16=0x4b7d4c27
       21295000	      2128	80001530	9fd4b593	sltiu	x11,x9,-1539	  x9:0x00000001 x11=0x00000001
       21305000	      2129	80001534	ead82b93	slti	x23,x16,-339	 x16:0x4b7d4c27 x23=0x00000000
       21315000	      2130	80001538	01b605b3	add	x11,x12,x27	 x12:0x80000000 x27:0x00000000 x11=0x80000000
       21325000	      2131	8000153c	06678863	beq	x15,x6,800015ac	 x15:0x1f34a000  x6:0x1f34a012
       21335000	      2132	80001540	40cc0f33	sub	x30,x24,x12	 x24:0x00003fff x12:0x80000000 x30=0x80003fff
       21345000	      2133	80001544	4130da33	sra	x20,x1,x19	  x1:0xfb4c9000 x19:0x00000001 x20=0xfda64800
       21355000	      2134	80001548	00fd7b33	and	x22,x26,x15	 x26:0x00000000 x15:0x1f34a000 x22=0x00000000
       21365000	      2135	8000154c	0149a133	slt	x2,x19,x20	 x19:0x00000001 x20:0xfda64800  x2=0x00000000
       21375000	      2136	80001550	407e0333	sub	x6,x28,x7	 x28:0x4b7d4faf  x7:0x00000001  x6=0x4b7d4fae
       21385000	      2137	80001554	00002c17	auipc	x24,0x2	 x24=0x80003550
       21395000	      2138	80001558	85cc0c13	addi	x24,x24,-1956	 x24:0x80003550 x24=0x80002dac
       21405000	      2139	8000155c	00000013	addi	x0,x0,0	  x0:0x00000000
       21415000	      2140	80001560	00bab8b3	sltu	x17,x21,x11	 x21:0x00000000 x11:0x80000000 x17=0x00000001
       21425000	      2141	80001564	b19fc513	xori	x10,x31,-1255	 x31:0xfbb7fa82 x10=0x0448019b
       21435000	      2142	80001568	01124933	xor	x18,x4,x17	  x4:0x04b7d4fa x17:0x00000001 x18=0x04b7d4fb
       21445000	      2143	8000156c	0cc12493	slti	x9,x2,204	  x2:0x00000000  x9=0x00000001
       21455000	      2144	80001570	395c0c13	addi	x24,x24,917	 x24:0x80002dac x24=0x80003141
       21465000	      2145	80001574	00e02eb3	slt	x29,x0,x14	  x0:0x00000000 x14:0xdbf33d3c x29=0x00000000
       21475000	      2146	80001578	01086463	bltu	x16,x16,80001580	 x16:0x4b7d4c27 x16:0x4b7d4c27
       21485000	      2147	8000157c	01ff1213	slli	x4,x30,0x1f	 x30:0x80003fff  x4=0x80000000
       21495000	      2148	80001580	c6cc09e7	jalr	x19,x24,-916	 x24:0x80003141 x19=0x80001580
       21505000	      2149	00000000	00000013	addi	x0,x0,0	  x0:0x00000000
       21515000	      2150	80002dac	00000013	addi	x0,x0,0	  x0:0x00000000
       21525000	      2151	80002db0	016c8463	beq	x25,x22,80002db8	 x25:0x4b7d4fac x22:0x00000000
       21535000	      2152	80002db4	0154d3b3	srl	x7,x9,x21	  x9:0x00000001 x21:0x00000000  x7=0x00000001
       21545000	      2153	80002db8	fc028293	addi	x5,x5,-64	  x5:0x80009f84  x5=0x80009f44
       21555000	      2154	80002dbc	729db137	lui	x2,0x729db	  x2=0x729db000
       21565000	      2155	80002dc0	013d87b3	add	x15,x27,x19	 x27:0x00000000 x19:0x80001580 x15=0x80001580
       21575000	      2156	80002dc4	64cac493	xori	x9,x21,1612	 x21:0x00000000  x9=0x0000064c
       21585000	      2157	80002dc8	00a51bb3	sll	x23,x10,x10	 x10:0x0448019b x10:0x0448019b x23=0xd8000000
       21595000	      2158	80002dcc	0132a223	sw	x19,4(x5)	  x5:0x80009f44 x19:0x80001580 PA:0x80009f48
       21605000	      2159	80002dd0	41b55bb3	sra	x23,x10,x27	 x10:0x0448019b x27:0x00000000 x23=0x0448019b
       21615000	      2160	80002dd4	0054d533	srl	x10,x9,x5	  x9:0x0000064c  x5:0x80009f44 x10=0x00000064
       21625000	      2161	80002dd8	013f8eb3	add	x29,x31,x19	 x31:0xfbb7fa82 x19:0x80001580 x29=0x7bb81002
       21635000	      2162	80002ddc	01cf0a33	add	x20,x30,x28	 x30:0x80003fff x28:0x4b7d4faf x20=0xcb7d8fae
       21645000	      2163	80002de0	013ae5b3	or	x11,x21,x19	 x21:0x00000000 x19:0x80001580 x11=0x80001580
       21655000	      2164	80002de4	f70d7a97	auipc	x21,0xf70d7	 x21=0x770d9de0
       21665000	      2165	80002de8	00007e63	bgeu	x0,x0,80002e04	  x0:0x00000000  x0:0x00000000
       21675000	      2166	00000000	00000013	addi	x0,x0,0	  x0:0x00000000
       21685000	      2167	80002e00	00000013	addi	x0,x0,0	  x0:0x00000000
       21695000	      2168	80002e04	e15ff9ef	jal	x19,80002e04	 x19=0x80002e04
       21705000	      2169	00000000	00000013	addi	x0,x0,0	  x0:0x00000000
       21715000	      2170	80002c14	00000013	addi	x0,x0,0	  x0:0x00000000
       21725000	      2171	80002c18	0087ca63	blt	x15,x8,80002c2c	 x15:0x80001580  x8:0x00000000
       21735000	      2172	00000000	00000013	addi	x0,x0,0	  x0:0x00000000
       21745000	      2173	80002c28	00000013	addi	x0,x0,0	  x0:0x00000000
       21755000	      2174	80002c2c	fe428293	addi	x5,x5,-28	  x5:0x80009f44  x5=0x80009f28
       21765000	      2175	80002c30	0118ebb3	or	x23,x17,x17	 x17:0x00000001 x17:0x00000001 x23=0x00000001
       21775000	      2176	80002c34	db706313	ori	x6,x0,-585	  x0:0x00000000  x6=0xfffffdb7
       21785000	      2177	80002c38	0132a223	sw	x19,4(x5)	  x5:0x80009f28 x19:0x80002e04 PA:0x80009f2c
       21795000	      2178	80002c3c	0047a733	slt	x14,x15,x4	 x15:0x80001580  x4:0x80000000 x14=0x00000000
       21805000	      2179	80002c40	bf310d13	addi	x26,x2,-1037	  x2:0x729db000 x26=0x729dabf3
       21815000	      2180	80002c44	00a00913	addi	x18,x0,10	  x0:0x00000000 x18=0x0000000a
       21825000	      2181	80002c48	0004c533	xor	x10,x9,x0	  x9:0x0000064c  x0:0x00000000 x10=0x0000064c
       21835000	      2182	80002c4c	00600b93	addi	x23,x0,6	  x0:0x00000000 x23=0x00000006
       21845000	      2183	80002c50	9b2ffd97	auipc	x27,0x9b2ff	 x27=0x1b301c4c
       21855000	      2184	80002c54	009e00b3	add	x1,x28,x9	 x28:0x4b7d4faf  x9:0x0000064c  x1=0x4b7d55fb
       21865000	      2185	80002c58	ffb90913	addi	x18,x18,-5	 x18:0x0000000a x18=0x00000005
       21875000	      2186	80002c5c	011233b3	sltu	x7,x4,x17	  x4:0x80000000 x17:0x00000001  x7=0x00000000
       21885000	      2187	80002c60	00000013	addi	x0,x0,0	  x0:0x00000000
       21895000	      2188	80002c64	ff7978e3	bgeu	x18,x23,80002c54	 x18:0x00000005 x23:0x00000006
       21905000	      2189	80002c68	003a9a13	slli	x20,x21,0x3	 x21:0x770d9de0 x20=0xb86cef00
       21915000	      2190	80002c6c	011f4733	xor	x14,x30,x17	 x30:0x80003fff x17:0x00000001 x14=0x80003ffe
       21925000	      2191	80002c70	01c0b0b3	sltu	x1,x1,x28	  x1:0x4b7d55fb x28:0x4b7d4faf  x1=0x00000000
       21935000	      2192	80002c74	cc08ab93	slti	x23,x17,-832	 x17:0x00000001 x23=0x00000000
       21945000	      2193	80002c78	62f54a93	xori	x21,x10,1583	 x10:0x0000064c x21=0x00000063
       21955000	      2194	80002c7c	0438e463	bltu	x17,x3,80002cc4	 x17:0x00000001  x3:0x486bddef
       21965000	      2195	00000000	00000013	addi	x0,x0,0	  x0:0x00000000
       21975000	      2196	80002cc0	00000013	addi	x0,x0,0	  x0:0x00000000
       21985000	      2197	80002cc4	01507263	bgeu	x0,x21,80002cc8	  x0:0x00000000 x21:0x00000063
       21995000	      2198	80002cc8	006c9d93	slli	x27,x25,0x6	 x25:0x4b7d4fac x27=0xdf53eb00
       22005000	      2199	80002ccc	014ce663	bltu	x25,x20,80002cd8	 x25:0x4b7d4fac x20:0xb86cef00
       22015000	      2200	00000000	00000013	addi	x0,x0,0	  x0:0x00000000
       22025000	      2201	80002cd4	00000013	addi	x0,x0,0	  x0:0x00000000
       22035000	      2202	80002cd8	e4b32993	slti	x19,x6,-437	  x6:0xfffffdb7 x19=0x00000001
       22045000	      2203	80002cdc	0031d113	srli	x2,x3,0x3	  x3:0x486bddef  x2=0x090d7bbd
       22055000	      2204	80002ce0	54c4c513	xori	x10,x9,1356	  x9:0x0000064c x10=0x00000300
       22065000	      2205	80002ce4	4165dab3	sra	x21,x11,x22	 x11:0x80001580 x22:0x00000000 x21=0x80001580
       22075000	      2206	80002ce8	01e44663	blt	x8,x30,80002cf4	  x8:0x00000000 x30:0x80003fff
       22085000	      2207	80002cec	01c02233	slt	x4,x0,x28	  x0:0x00000000 x28:0x4b7d4faf  x4=0x00000001
       22095000	      2208	80002cf0	01609d33	sll	x26,x1,x22	  x1:0x00000000 x22:0x00000000 x26=0x00000000
       22105000	      2209	80002cf4	00000013	addi	x0,x0,0	  x0:0x00000000
       22115000	      2210	80002cf8	00e5efb3	or	x31,x11,x14	 x11:0x80001580 x14:0x80003ffe x31=0x80003ffe
       22125000	      2211	80002cfc	40e65d93	srai	x27,x12,0xe	 x12:0x80000000 x27=0xfffe0000
       22135000	      2212	80002d00	6a9d6e93	ori	x29,x26,1705	 x26:0x00000000 x29=0x000006a9
       22145000	      2213	80002d04	6ce2ff93	andi	x31,x5,1742	  x5:0x80009f28 x31=0x00000608
       22155000	      2214	80002d08	00ba0ab3	add	x21,x20,x11	 x20:0xb86cef00 x11:0x80001580 x21=0x386d0480
       22165000	      2215	80002d0c	415ad133	sra	x2,x21,x21	 x21:0x386d0480 x21:0x386d0480  x2=0x386d0480
       22175000	      2216	80002d10	01ba3ab3	sltu	x21,x20,x27	 x20:0xb86cef00 x27:0xfffe0000 x21=0x00000001
       22185000	      2217	80002d14	d9c1e313	ori	x6,x3,-612	  x3:0x486bddef  x6=0xfffffdff
       22195000	      2218	80002d18	2867e037	lui	x0,0x2867e	
       22205000	      2219	80002d1c	00600263	beq	x0,x6,80002d20	  x0:0x00000000  x6:0xfffffdff
       22215000	      2220	80002d20	f1541537	lui	x10,0xf1541	 x10=0xf1541000
       22225000	      2221	80002d24	009fbd33	sltu	x26,x31,x9	 x31:0x00000608  x9:0x0000064c x26=0x00000001
       22235000	      2222	80002d28	c04ff713	andi	x14,x31,-1020	 x31:0x00000608 x14=0x00000400
       22245000	      2223	80002d2c	01447b33	and	x22,x8,x20	  x8:0x00000000 x20:0xb86cef00 x22=0x00000000
       22255000	      2224	80002d30	015ba3b3	slt	x7,x23,x21	 x23:0x00000000 x21:0x00000001  x7=0x00000001
       22265000	      2225	80002d34	00000013	addi	x0,x0,0	  x0:0x00000000
       22275000	      2226	80002d38	009b9213	slli	x4,x23,0x9	 x23:0x00000000  x4=0x00000000
       22285000	      2227	80002d3c	41675d13	srai	x26,x14,0x16	 x14:0x00000400 x26=0x00000000
       22295000	      2228	80002d40	c7246413	ori	x8,x8,-910	  x8:0x00000000  x8=0xfffffc72
       22305000	      2229	80002d44	01ae7033	and	x0,x28,x26	 x28:0x4b7d4faf x26:0x00000000
       22315000	      2230	80002d48	402b55b3	sra	x11,x22,x2	 x22:0x00000000  x2:0x386d0480 x11=0x00000000
       22325000	      2231	80002d4c	416d5793	srai	x15,x26,0x16	 x26:0x00000000 x15=0x00000000
       22335000	      2232	80002d50	0154bd33	sltu	x26,x9,x21	  x9:0x0000064c x21:0x00000001 x26=0x00000000
       22345000	      2233	80002d54	02d44863	blt	x8,x13,80002d84	  x8:0xfffffc72 x13:0x80009fc4
       22355000	      2234	80002d58	01b444b3	xor	x9,x8,x27	  x8:0xfffffc72 x27:0xfffe0000  x9=0x0001fc72
       22365000	      2235	80002d5c	0167d133	srl	x2,x15,x22	 x15:0x00000000 x22:0x00000000  x2=0x00000000
       22375000	      2236	80002d60	01f9d0b3	srl	x1,x19,x31	 x19:0x00000001 x31:0x00000608  x1=0x00000000
       22385000	      2237	80002d64	00675b13	srli	x22,x14,0x6	 x14:0x00000400 x22=0x00000010
       22395000	      2238	80002d68	01e95933	srl	x18,x18,x30	 x18:0x00000005 x30:0x80003fff x18=0x00000000
       22405000	      2239	80002d6c	b7958f13	addi	x30,x11,-1159	 x11:0x00000000 x30=0xfffffb79
       22415000	      2240	80002d70	008d5793	srli	x15,x26,0x8	 x26:0x00000000 x15=0x00000000
       22425000	      2241	80002d74	013ca333	slt	x6,x25,x19	 x25:0x4b7d4fac x19:0x00000001  x6=0x00000000
       22435000	      2242	80002d78	00000013	addi	x0,x0,0	  x0:0x00000000
       22445000	      2243	80002d7c	0152d263	bge	x5,x21,80002d80	  x5:0x80009f28 x21:0x00000001
       22455000	      2244	80002d80	00cc4db3	xor	x27,x24,x12	 x24:0x80003141 x12:0x80000000 x27=0x00003141
       22465000	      2245	80002d84	00cb1a33	sll	x20,x22,x12	 x22:0x00000010 x12:0x80000000 x20=0x00000010
       22475000	      2246	80002d88	0042a983	lw	x19,4(x5)	  x5:0x80009f28 x19=0x80002e04 PA:0x80009f2c
       22485000	      2247	80002d8c	01949913	slli	x18,x9,0x19	  x9:0x0001fc72 x18=0xe4000000
       22495000	      2248	80002d90	9ebebdb7	lui	x27,0x9ebeb	 x27=0x9ebeb000
       22505000	      2249	80002d94	01c28293	addi	x5,x5,28	  x5:0x80009f28  x5=0x80009f44
       22515000	      2250	80002d98	01c83733	sltu	x14,x16,x28	 x16:0x4b7d4c27 x28:0x4b7d4faf x14=0x00000001
       22525000	      2251	80002d9c	4264f193	andi	x3,x9,1062	  x9:0x0001fc72  x3=0x00000422
       22535000	      2252	80002da0	40885933	sra	x18,x16,x8	 x16:0x4b7d4c27  x8:0xfffffc72 x18=0x000012df
       22545000	      2253	80002da4	016b27b3	slt	x15,x22,x22	 x22:0x00000010 x22:0x00000010 x15=0x00000000
       22555000	      2254	80002da8	00098193	addi	x3,x19,0	 x19:0x80002e04  x3=0x80002e04
       22565000	      2255	80002dac	000181e7	jalr	x3,x3,0	  x3:0x80002e04  x3=0x80002dac
       22575000	      2256	00000000	00000013	addi	x0,x0,0	  x0:0x00000000
       22585000	      2257	80002e04	00000013	addi	x0,x0,0	  x0:0x00000000
       22595000	      2258	80002e08	f73c4113	xori	x2,x24,-141	 x24:0x80003141  x2=0x7fffce32
       22605000	      2259	80002e0c	018335b3	sltu	x11,x6,x24	  x6:0x00000000 x24:0x80003141 x11=0x00000001
       22615000	      2260	80002e10	023b0063	beq	x22,x3,80002e30	 x22:0x00000010  x3:0x80002dac
       22625000	      2261	80002e14	40125f33	sra	x30,x4,x1	  x4:0x00000000  x1:0x00000000 x30=0x00000000
       22635000	      2262	80002e18	01c39133	sll	x2,x7,x28	  x7:0x00000001 x28:0x4b7d4faf  x2=0x00008000
       22645000	      2263	80002e1c	00000013	addi	x0,x0,0	  x0:0x00000000
       22655000	      2264	80002e20	03a46263	bltu	x8,x26,80002e44	  x8:0xfffffc72 x26:0x00000000
       22665000	      2265	80002e24	0372c063	blt	x5,x23,80002e44	  x5:0x80009f44 x23:0x00000000
       22675000	      2266	00000000	00000013	addi	x0,x0,0	  x0:0x00000000
       22685000	      2267	80002e40	00000013	addi	x0,x0,0	  x0:0x00000000
       22695000	      2268	80002e44	41c459b3	sra	x19,x8,x28	  x8:0xfffffc72 x28:0x4b7d4faf x19=0xffffffff
       22705000	      2269	80002e48	a73bac13	slti	x24,x23,-1421	 x23:0x00000000 x24=0x00000000
       22715000	      2270	80002e4c	00ba3c33	sltu	x24,x20,x11	 x20:0x00000010 x11:0x00000001 x24=0x00000000
       22725000	      2271	80002e50	01496e33	or	x28,x18,x20	 x18:0x000012df x20:0x00000010 x28=0x000012df
       22735000	      2272	80002e54	01ca8133	add	x2,x21,x28	 x21:0x00000001 x28:0x000012df  x2=0x000012e0
       22745000	      2273	80002e58	0042a983	lw	x19,4(x5)	  x5:0x80009f44 x19=0x80001580 PA:0x80009f48
       22755000	      2274	80002e5c	3b8f7093	andi	x1,x30,952	 x30:0x00000000  x1=0x00000000
       22765000	      2275	80002e60	016a1433	sll	x8,x20,x22	 x20:0x00000010 x22:0x00000010  x8=0x00100000
       22775000	      2276	80002e64	04028293	addi	x5,x5,64	  x5:0x80009f44  x5=0x80009f84
       22785000	      2277	80002e68	01985c13	srli	x24,x16,0x19	 x16:0x4b7d4c27 x24=0x00000025
       22795000	      2278	80002e6c	cad92593	slti	x11,x18,-851	 x18:0x000012df x11=0x00000000
       22805000	      2279	80002e70	00098313	addi	x6,x19,0	 x19:0x80001580  x6=0x80001580
       22815000	      2280	80002e74	00030367	jalr	x6,x6,0	  x6:0x80001580  x6=0x80002e74
       22825000	      2281	00000000	00000013	addi	x0,x0,0	  x0:0x00000000
       22835000	      2282	80001580	00000013	addi	x0,x0,0	  x0:0x00000000
       22845000	      2283	80001584	00daa933	slt	x18,x21,x13	 x21:0x00000001 x13:0x80009fc4 x18=0x00000000
       22855000	      2284	80001588	001e9bb3	sll	x23,x29,x1	 x29:0x000006a9  x1:0x00000000 x23=0x000006a9
       22865000	      2285	8000158c	1a6a18b7	lui	x17,0x1a6a1	 x17=0x1a6a1000
       22875000	      2286	80001590	9bf15397	auipc	x7,0x9bf15	  x7=0x1bf1658c
       22885000	      2287	80001594	11f30f13	addi	x30,x6,287	  x6:0x80002e74 x30=0x80002f93
       22895000	      2288	80001598	40a55db3	sra	x27,x10,x10	 x10:0xf1541000 x10:0xf1541000 x27=0xf1541000
       22905000	      2289	8000159c	018c0a33	add	x20,x24,x24	 x24:0x00000025 x24:0x00000025 x20=0x0000004a
       22915000	      2290	800015a0	cd57c393	xori	x7,x15,-811	 x15:0x00000000  x7=0xfffffcd5
       22925000	      2291	800015a4	41788fb3	sub	x31,x17,x23	 x17:0x1a6a1000 x23:0x000006a9 x31=0x1a6a0957
       22935000	      2292	800015a8	7b22bc93	sltiu	x25,x5,1970	  x5:0x80009f84 x25=0x00000000
       22945000	      2293	800015ac	00101833	sll	x16,x0,x1	  x0:0x00000000  x1:0x00000000 x16=0x00000000
       22955000	      2294	800015b0	0053ce63	blt	x7,x5,800015cc	  x7:0xfffffcd5  x5:0x80009f84
       22965000	      2295	800015b4	40edd113	srai	x2,x27,0xe	 x27:0xf1541000  x2=0xffffc550
       22975000	      2296	800015b8	41e8dfb3	sra	x31,x17,x30	 x17:0x1a6a1000 x30:0x80002f93 x31=0x0000034d
       22985000	      2297	800015bc	0206f063	bgeu	x13,x0,800015dc	 x13:0x80009fc4  x0:0x00000000
       22995000	      2298	00000000	00000013	addi	x0,x0,0	  x0:0x00000000
       23005000	      2299	800015d8	00000013	addi	x0,x0,0	  x0:0x00000000
       23015000	      2300	800015dc	00d75033	srl	x0,x14,x13	 x14:0x00000001 x13:0x80009fc4
       23025000	      2301	800015e0	00231493	slli	x9,x6,0x2	  x6:0x80002e74  x9=0x0000b9d0
       23035000	      2302	800015e4	00780e63	beq	x16,x7,80001600	 x16:0x00000000  x7:0xfffffcd5
       23045000	      2303	800015e8	00ea2c33	slt	x24,x20,x14	 x20:0x0000004a x14:0x00000001 x24=0x00000000
       23055000	      2304	800015ec	01502233	slt	x4,x0,x21	  x0:0x00000000 x21:0x00000001  x4=0x00000001
       23065000	      2305	800015f0	026e6c63	bltu	x28,x6,80001628	 x28:0x000012df  x6:0x80002e74
       23075000	      2306	00000000	00000013	addi	x0,x0,0	  x0:0x00000000
       23085000	      2307	80001624	00000013	addi	x0,x0,0	  x0:0x00000000
       23095000	      2308	80001628	00adab33	slt	x22,x27,x10	 x27:0xf1541000 x10:0xf1541000 x22=0x00000000
       23105000	      2309	8000162c	00000013	addi	x0,x0,0	  x0:0x00000000
       23115000	      2310	80001630	16668713	addi	x14,x13,358	 x13:0x80009fc4 x14=0x8000a12a
       23125000	      2311	80001634	0161e933	or	x18,x3,x22	  x3:0x80002dac x22:0x00000000 x18=0x80002dac
       23135000	      2312	80001638	0024cc33	xor	x24,x9,x2	  x9:0x0000b9d0  x2:0xffffc550 x24=0xffff7c80
       23145000	      2313	8000163c	033b9263	bne	x23,x19,80001660	 x23:0x000006a9 x19:0x80001580
       23155000	      2314	00000000	00000013	addi	x0,x0,0	  x0:0x00000000
       23165000	      2315	8000165c	00000013	addi	x0,x0,0	  x0:0x00000000
       23175000	      2316	80001660	00c91e63	bne	x18,x12,8000167c	 x18:0x80002dac x12:0x80000000
       23185000	      2317	00000000	00000013	addi	x0,x0,0	  x0:0x00000000
       23195000	      2318	80001678	00000013	addi	x0,x0,0	  x0:0x00000000
       23205000	      2319	8000167c	0052e8b3	or	x17,x5,x5	  x5:0x80009f84  x5:0x80009f84 x17=0x80009f84
       23215000	      2320	80001680	00c9da13	srli	x20,x19,0xc	 x19:0x80001580 x20=0x00080001
       23225000	      2321	80001684	00000b13	addi	x22,x0,0	  x0:0x00000000 x22=0x00000000
       23235000	      2322	80001688	0ada6093	ori	x1,x20,173	 x20:0x00080001  x1=0x000800ad
       23245000	      2323	8000168c	00d00413	addi	x8,x0,13	  x0:0x00000000  x8=0x0000000d
       23255000	      2324	80001690	00fe2033	slt	x0,x28,x15	 x28:0x000012df x15:0x00000000
       23265000	      2325	80001694	74c63193	sltiu	x3,x12,1868	 x12:0x80000000  x3=0x00000000
       23275000	      2326	80001698	009b0b13	addi	x22,x22,9	 x22:0x00000000 x22=0x00000009
       23285000	      2327	8000169c	ffd00213	addi	x4,x0,-3	  x0:0x00000000  x4=0xfffffffd
       23295000	      2328	800016a0	0191b0b3	sltu	x1,x3,x25	  x3:0x00000000 x25:0x00000000  x1=0x00000000
       23305000	      2329	800016a4	ff300b93	addi	x23,x0,-13	  x0:0x00000000 x23=0xfffffff3
       23315000	      2330	800016a8	10786a13	ori	x20,x16,263	 x16:0x00000000 x20=0x00000107
       23325000	      2331	800016ac	06f2ad13	slti	x26,x5,111	  x5:0x80009f84 x26=0x00000001
       23335000	      2332	800016b0	006aca33	xor	x20,x21,x6	 x21:0x00000001  x6:0x80002e74 x20=0x80002e75
       23345000	      2333	800016b4	00a33533	sltu	x10,x6,x10	  x6:0x80002e74 x10:0xf1541000 x10=0x00000001
       23355000	      2334	800016b8	ff620213	addi	x4,x4,-10	  x4:0xfffffffd  x4=0xfffffff3
       23365000	      2335	800016bc	ff720ce3	beq	x4,x23,800016b4	  x4:0xfffffff3 x23:0xfffffff3
       23375000	      2336	00000000	00000013	addi	x0,x0,0	  x0:0x00000000
       23385000	      2337	800016b0	00000013	addi	x0,x0,0	  x0:0x00000000
       23395000	      2338	800016b4	00a33533	sltu	x10,x6,x10	  x6:0x80002e74 x10:0x00000001 x10=0x00000000
       23405000	      2339	800016b8	ff620213	addi	x4,x4,-10	  x4:0xfffffff3  x4=0xffffffe9
       23415000	      2340	800016bc	ff720ce3	beq	x4,x23,800016b4	  x4:0xffffffe9 x23:0xfffffff3
       23425000	      2341	800016c0	01be1f33	sll	x30,x28,x27	 x28:0x000012df x27:0xf1541000 x30=0x000012df
       23435000	      2342	800016c4	40968c33	sub	x24,x13,x9	 x13:0x80009fc4  x9:0x0000b9d0 x24=0x7fffe5f4
       23445000	      2343	800016c8	01045e93	srli	x29,x8,0x10	  x8:0x0000000d x29=0x00000000
       23455000	      2344	800016cc	fc8b44e3	blt	x22,x8,80001694	 x22:0x00000009  x8:0x0000000d
       23465000	      2345	00000000	00000013	addi	x0,x0,0	  x0:0x00000000
       23475000	      2346	80001690	00000013	addi	x0,x0,0	  x0:0x00000000
       23485000	      2347	80001694	74c63193	sltiu	x3,x12,1868	 x12:0x80000000  x3=0x00000000
       23495000	      2348	80001698	009b0b13	addi	x22,x22,9	 x22:0x00000009 x22=0x00000012
       23505000	      2349	8000169c	ffd00213	addi	x4,x0,-3	  x0:0x00000000  x4=0xfffffffd
       23515000	      2350	800016a0	0191b0b3	sltu	x1,x3,x25	  x3:0x00000000 x25:0x00000000  x1=0x00000000
       23525000	      2351	800016a4	ff300b93	addi	x23,x0,-13	  x0:0x00000000 x23=0xfffffff3
       23535000	      2352	800016a8	10786a13	ori	x20,x16,263	 x16:0x00000000 x20=0x00000107
       23545000	      2353	800016ac	06f2ad13	slti	x26,x5,111	  x5:0x80009f84 x26=0x00000001
       23555000	      2354	800016b0	006aca33	xor	x20,x21,x6	 x21:0x00000001  x6:0x80002e74 x20=0x80002e75
       23565000	      2355	800016b4	00a33533	sltu	x10,x6,x10	  x6:0x80002e74 x10:0x00000000 x10=0x00000000
       23575000	      2356	800016b8	ff620213	addi	x4,x4,-10	  x4:0xfffffffd  x4=0xfffffff3
       23585000	      2357	800016bc	ff720ce3	beq	x4,x23,800016b4	  x4:0xfffffff3 x23:0xfffffff3
       23595000	      2358	00000000	00000013	addi	x0,x0,0	  x0:0x00000000
       23605000	      2359	800016b0	00000013	addi	x0,x0,0	  x0:0x00000000
       23615000	      2360	800016b4	00a33533	sltu	x10,x6,x10	  x6:0x80002e74 x10:0x00000000 x10=0x00000000
       23625000	      2361	800016b8	ff620213	addi	x4,x4,-10	  x4:0xfffffff3  x4=0xffffffe9
       23635000	      2362	800016bc	ff720ce3	beq	x4,x23,800016b4	  x4:0xffffffe9 x23:0xfffffff3
       23645000	      2363	800016c0	01be1f33	sll	x30,x28,x27	 x28:0x000012df x27:0xf1541000 x30=0x000012df
       23655000	      2364	800016c4	40968c33	sub	x24,x13,x9	 x13:0x80009fc4  x9:0x0000b9d0 x24=0x7fffe5f4
       23665000	      2365	800016c8	01045e93	srli	x29,x8,0x10	  x8:0x0000000d x29=0x00000000
       23675000	      2366	800016cc	fc8b44e3	blt	x22,x8,80001694	 x22:0x00000012  x8:0x0000000d
       23685000	      2367	800016d0	014f7533	and	x10,x30,x20	 x30:0x000012df x20:0x80002e75 x10=0x00000255
       23695000	      2368	800016d4	00567933	and	x18,x12,x5	 x12:0x80000000  x5:0x80009f84 x18=0x80000000
       23705000	      2369	800016d8	7fbefe93	andi	x29,x29,2043	 x29:0x00000000 x29=0x00000000
       23715000	      2370	800016dc	d839b337	lui	x6,0xd839b	  x6=0xd839b000
       23725000	      2371	800016e0	02ddfe63	bgeu	x27,x13,8000171c	 x27:0xf1541000 x13:0x80009fc4
       23735000	      2372	00000000	00000013	addi	x0,x0,0	  x0:0x00000000
       23745000	      2373	80001718	00000013	addi	x0,x0,0	  x0:0x00000000
       23755000	      2374	8000171c	012c87b3	add	x15,x25,x18	 x25:0x00000000 x18:0x80000000 x15=0x80000000
       23765000	      2375	80001720	0002e233	or	x4,x5,x0	  x5:0x80009f84  x0:0x00000000  x4=0x80009f84
       23775000	      2376	80001724	008a0863	beq	x20,x8,80001734	 x20:0x80002e75  x8:0x0000000d
       23785000	      2377	80001728	41c20d33	sub	x26,x4,x28	  x4:0x80009f84 x28:0x000012df x26=0x80008ca5
       23795000	      2378	8000172c	00b0f263	bgeu	x1,x11,80001730	  x1:0x00000000 x11:0x00000000
       23805000	      2379	00000000	00000013	addi	x0,x0,0	  x0:0x00000000
       23815000	      2380	8000172c	00000013	addi	x0,x0,0	  x0:0x00000000
       23825000	      2381	80001730	04b3f063	bgeu	x7,x11,80001770	  x7:0xfffffcd5 x11:0x00000000
       23835000	      2382	00000000	00000013	addi	x0,x0,0	  x0:0x00000000
       23845000	      2383	8000176c	00000013	addi	x0,x0,0	  x0:0x00000000
       23855000	      2384	80001770	8f96b493	sltiu	x9,x13,-1799	 x13:0x80009fc4  x9=0x00000001
       23865000	      2385	80001774	410389b3	sub	x19,x7,x16	  x7:0xfffffcd5 x16:0x00000000 x19=0xfffffcd5
       23875000	      2386	80001778	1d29eb13	ori	x22,x19,466	 x19:0xfffffcd5 x22=0xfffffdd7
       23885000	      2387	8000177c	400b8133	sub	x2,x23,x0	 x23:0xfffffff3  x0:0x00000000  x2=0xfffffff3
       23895000	      2388	80001780	0560e263	bltu	x1,x22,800017c4	  x1:0x00000000 x22:0xfffffdd7
       23905000	      2389	00000000	00000013	addi	x0,x0,0	  x0:0x00000000
       23915000	      2390	800017c0	00000013	addi	x0,x0,0	  x0:0x00000000
       23925000	      2391	800017c4	0084f663	bgeu	x9,x8,800017d0	  x9:0x00000001  x8:0x0000000d
       23935000	      2392	800017c8	00000013	addi	x0,x0,0	  x0:0x00000000
       23945000	      2393	800017cc	014d4cb3	xor	x25,x26,x20	 x26:0x80008ca5 x20:0x80002e75 x25=0x0000a2d0
       23955000	      2394	800017d0	0057d193	srli	x3,x15,0x5	 x15:0x80000000  x3=0x04000000
       23965000	      2395	800017d4	009545b3	xor	x11,x10,x9	 x10:0x00000255  x9:0x00000001 x11=0x00000254
       23975000	      2396	800017d8	00145493	srli	x9,x8,0x1	  x8:0x0000000d  x9=0x00000006
       23985000	      2397	800017dc	01229a63	bne	x5,x18,800017f0	  x5:0x80009f84 x18:0x80000000
       23995000	      2398	00000000	00000013	addi	x0,x0,0	  x0:0x00000000
       24005000	      2399	800017ec	00000013	addi	x0,x0,0	  x0:0x00000000
       24015000	      2400	800017f0	00b6d013	srli	x0,x13,0xb	 x13:0x80009fc4
       24025000	      2401	800017f4	01ce8e63	beq	x29,x28,80001810	 x29:0x00000000 x28:0x000012df
       24035000	      2402	800017f8	057d7863	bgeu	x26,x23,80001848	 x26:0x80008ca5 x23:0xfffffff3
       24045000	      2403	800017fc	951f8093	addi	x1,x31,-1711	 x31:0x0000034d  x1=0xfffffc9e
       24055000	      2404	80001800	03a40263	beq	x8,x26,80001824	  x8:0x0000000d x26:0x80008ca5
       24065000	      2405	80001804	02b8ce63	blt	x17,x11,80001840	 x17:0x80009f84 x11:0x00000254
       24075000	      2406	00000000	00000013	addi	x0,x0,0	  x0:0x00000000
       24085000	      2407	8000183c	00000013	addi	x0,x0,0	  x0:0x00000000
       24095000	      2408	80001840	014e1663	bne	x28,x20,8000184c	 x28:0x000012df x20:0x80002e75
       24105000	      2409	00000000	00000013	addi	x0,x0,0	  x0:0x00000000
       24115000	      2410	80001848	00000013	addi	x0,x0,0	  x0:0x00000000
       24125000	      2411	8000184c	40d85013	srai	x0,x16,0xd	 x16:0x00000000
       24135000	      2412	80001850	e73e8b93	addi	x23,x29,-397	 x29:0x00000000 x23=0xfffffe73
       24145000	      2413	80001854	042ac863	blt	x21,x2,800018a4	 x21:0x00000001  x2:0xfffffff3
       24155000	      2414	80001858	010a5813	srli	x16,x20,0x10	 x20:0x80002e75 x16=0x00008000
       24165000	      2415	8000185c	00213eb3	sltu	x29,x2,x2	  x2:0xfffffff3  x2:0xfffffff3 x29=0x00000000
       24175000	      2416	80001860	00d7da13	srli	x20,x15,0xd	 x15:0x80000000 x20=0x00040000
       24185000	      2417	80001864	00e3fe33	and	x28,x7,x14	  x7:0xfffffcd5 x14:0x8000a12a x28=0x8000a000
       24195000	      2418	80001868	40806893	ori	x17,x0,1032	  x0:0x00000000 x17=0x00000408
       24205000	      2419	8000186c	9e253d13	sltiu	x26,x10,-1566	 x10:0x00000255 x26=0x00000001
       24215000	      2420	80001870	40b35213	srai	x4,x6,0xb	  x6:0xd839b000  x4=0xfffb0736
       24225000	      2421	80001874	26aab3b7	lui	x7,0x26aab	  x7=0x26aab000
       24235000	      2422	80001878	0201ee63	bltu	x3,x0,800018b4	  x3:0x04000000  x0:0x00000000
       24245000	      2423	8000187c	00841863	bne	x8,x8,8000188c	  x8:0x0000000d  x8:0x0000000d
       24255000	      2424	80001880	41c9d533	sra	x10,x19,x28	 x19:0xfffffcd5 x28:0x8000a000 x10=0xfffffcd5
       24265000	      2425	80001884	40e6ddb3	sra	x27,x13,x14	 x13:0x80009fc4 x14:0x8000a12a x27=0xffe00027
       24275000	      2426	80001888	025d8263	beq	x27,x5,800018ac	 x27:0xffe00027  x5:0x80009f84
       24285000	      2427	8000188c	402c8d33	sub	x26,x25,x2	 x25:0x0000a2d0  x2:0xfffffff3 x26=0x0000a2dd
       24295000	      2428	80001890	00d0d393	srli	x7,x1,0xd	  x1:0xfffffc9e  x7=0x0007ffff
       24305000	      2429	80001894	00de49b3	xor	x19,x28,x13	 x28:0x8000a000 x13:0x80009fc4 x19=0x00003fc4
       24315000	      2430	80001898	00936e63	bltu	x6,x9,800018b4	  x6:0xd839b000  x9:0x00000006
       24325000	      2431	8000189c	37bf6713	ori	x14,x30,891	 x30:0x000012df x14=0x000013ff
       24335000	      2432	800018a0	1824e393	ori	x7,x9,386	  x9:0x00000006  x7=0x00000186
       24345000	      2433	800018a4	416b0a33	sub	x20,x22,x22	 x22:0xfffffdd7 x22:0xfffffdd7 x20=0x00000000
       24355000	      2434	800018a8	01f26e33	or	x28,x4,x31	  x4:0xfffb0736 x31:0x0000034d x28=0xfffb077f
       24365000	      2435	800018ac	439fc393	xori	x7,x31,1081	 x31:0x0000034d  x7=0x00000774
       24375000	      2436	800018b0	41b80933	sub	x18,x16,x27	 x16:0x00008000 x27:0xffe00027 x18=0x00207fd9
       24385000	      2437	800018b4	0165db33	srl	x22,x11,x22	 x11:0x00000254 x22:0xfffffdd7 x22=0x00000000
       24395000	      2438	800018b8	4146d493	srai	x9,x13,0x14	 x13:0x80009fc4  x9=0xfffff800
       24405000	      2439	800018bc	d2af3817	auipc	x16,0xd2af3	 x16=0x52af48b8
       24415000	      2440	800018c0	049d1863	bne	x26,x9,80001910	 x26:0x0000a2dd  x9:0xfffff800
       24425000	      2441	00000000	00000013	addi	x0,x0,0	  x0:0x00000000
       24435000	      2442	8000190c	00000013	addi	x0,x0,0	  x0:0x00000000
       24445000	      2443	80001910	dc68f913	andi	x18,x17,-570	 x17:0x00000408 x18=0x00000400
       24455000	      2444	80001914	d5b5fb13	andi	x22,x11,-677	 x11:0x00000254 x22=0x00000050
       24465000	      2445	80001918	e52fe093	ori	x1,x31,-430	 x31:0x0000034d  x1=0xffffff5f
       24475000	      2446	8000191c	00000013	addi	x0,x0,0	  x0:0x00000000
       24485000	      2447	80001920	40ebd893	srai	x17,x23,0xe	 x23:0xfffffe73 x17=0xffffffff
       24495000	      2448	80001924	0128e4b3	or	x9,x17,x18	 x17:0xffffffff x18:0x00000400  x9=0xffffffff
       24505000	      2449	80001928	00000617	auipc	x12,0x0	 x12=0x80001924
       24515000	      2450	8000192c	00c60613	addi	x12,x12,12	 x12:0x80001924 x12=0x80001930
       24525000	      2451	80001930	00060067	jalr	x0,x12,0	 x12:0x80001930
       24535000	      2452	00000000	00000013	addi	x0,x0,0	  x0:0x00000000
       24545000	      2453	80001930	00000013	addi	x0,x0,0	  x0:0x00000000
       24555000	      2454	80001934	00100193	addi	x3,x0,1	  x0:0x00000000  x3=0x00000001
       24565000	      2455	80001938	00000073	ecall	
       24575000	      2456	8000193c	001d50b3	srl	x1,x26,x1	 x26:0x0000a2dd  x1:0xffffff5f  x1=0x00000000
