		Time			Cycle	PC		Insn	Decoded instruction	Register and memory contents
          65000	         5	80000004	00000293	addi	x5,x0,0	  x0:0x00000000  x5=0x00000000
          75000	         6	80000008	00000313	addi	x6,x0,0	  x0:0x00000000  x6=0x00000000
          85000	         7	8000000c	00628263	beq	x5,x6,80000010	  x5:0x00000000  x6:0x00000000
          95000	         8	00000000	00000013	addi	x0,x0,0	  x0:0x00000000
         105000	         9	8000000c	00000013	addi	x0,x0,0	  x0:0x00000000
         115000	        10	80000010	00000417	auipc	x8,0x0	  x8=0x8000000c
         125000	        11	80000014	00c40413	addi	x8,x8,12	  x8:0x8000000c  x8=0x80000018
         135000	        12	80000018	00040067	jalr	x0,x8,0	  x8:0x80000018
         145000	        13	00000000	00000013	addi	x0,x0,0	  x0:0x00000000
         155000	        14	80000018	00000013	addi	x0,x0,0	  x0:0x00000000
         165000	        15	8000001c	400004b7	lui	x9,0x40000	  x9=0x40000000
         175000	        16	80000020	10048493	addi	x9,x9,256	  x9:0x40000000  x9=0x40000100
         185000	        17	80000024	00000013	addi	x0,x0,0	  x0:0x00000000
         195000	        18	80000028	0000ac17	auipc	x24,0xa	 x24=0x8000a024
         205000	        19	8000002c	fa0c0c13	addi	x24,x24,-96	 x24:0x8000a024 x24=0x80009fc4
         215000	        20	80000030	00003497	auipc	x9,0x3	  x9=0x8000302c
         225000	        21	80000034	75448493	addi	x9,x9,1876	  x9:0x8000302c  x9=0x80003780
         235000	        22	80000038	0014e493	ori	x9,x9,1	  x9:0x80003780  x9=0x80003781
         245000	        23	8000003c	00000013	addi	x0,x0,0	  x0:0x00000000
         255000	        24	80000040	00000497	auipc	x9,0x0	  x9=0x8000003c
         265000	        25	80000044	02048493	addi	x9,x9,32	  x9:0x8000003c  x9=0x8000005c
         275000	        26	80000048	00000013	addi	x0,x0,0	  x0:0x00000000
         285000	        27	8000004c	00000013	addi	x0,x0,0	  x0:0x00000000
         295000	        28	80000050	000024b7	lui	x9,0x2	  x9=0x00002000
         305000	        29	80000054	80048493	addi	x9,x9,-2048	  x9:0x00002000  x9=0x00001800
         315000	        30	80000058	00000013	addi	x0,x0,0	  x0:0x00000000
         325000	        31	8000005c	00000013	addi	x0,x0,0	  x0:0x00000000
         335000	        32	80000060	00000013	addi	x0,x0,0	  x0:0x00000000
         345000	        33	80000064	00e00093	addi	x1,x0,14	  x0:0x00000000  x1=0x0000000e
         355000	        34	80000068	80000137	lui	x2,0x80000	  x2=0x80000000
         365000	        35	8000006c	f3bd11b7	lui	x3,0xf3bd1	  x3=0xf3bd1000
         375000	        36	80000070	49e18193	addi	x3,x3,1182	  x3:0xf3bd1000  x3=0xf3bd149e
         385000	        37	80000074	80000237	lui	x4,0x80000	  x4=0x80000000
         395000	        38	80000078	00000293	addi	x5,x0,0	  x0:0x00000000  x5=0x00000000
         405000	        39	8000007c	00b00313	addi	x6,x0,11	  x0:0x00000000  x6=0x0000000b
         415000	        40	80000080	00000393	addi	x7,x0,0	  x0:0x00000000  x7=0x00000000
         425000	        41	80000084	00500413	addi	x8,x0,5	  x0:0x00000000  x8=0x00000005
         435000	        42	80000088	023eb4b7	lui	x9,0x23eb	  x9=0x023eb000
         445000	        43	8000008c	3ed48493	addi	x9,x9,1005	  x9:0x023eb000  x9=0x023eb3ed
         455000	        44	80000090	e8d1e537	lui	x10,0xe8d1e	 x10=0xe8d1e000
         465000	        45	80000094	73650513	addi	x10,x10,1846	 x10:0xe8d1e000 x10=0xe8d1e736
         475000	        46	80000098	00500593	addi	x11,x0,5	  x0:0x00000000 x11=0x00000005
         485000	        47	8000009c	80000637	lui	x12,0x80000	 x12=0x80000000
         495000	        48	800000a0	fcf2f6b7	lui	x13,0xfcf2f	 x13=0xfcf2f000
         505000	        49	800000a4	60868693	addi	x13,x13,1544	 x13:0xfcf2f000 x13=0xfcf2f608
         515000	        50	800000a8	00f00713	addi	x14,x0,15	  x0:0x00000000 x14=0x0000000f
         525000	        51	800000ac	800007b7	lui	x15,0x80000	 x15=0x80000000
         535000	        52	800000b0	80000837	lui	x16,0x80000	 x16=0x80000000
         545000	        53	800000b4	a83db8b7	lui	x17,0xa83db	 x17=0xa83db000
         555000	        54	800000b8	e1188893	addi	x17,x17,-495	 x17:0xa83db000 x17=0xa83dae11
         565000	        55	800000bc	00f00913	addi	x18,x0,15	  x0:0x00000000 x18=0x0000000f
         575000	        56	800000c0	00200993	addi	x19,x0,2	  x0:0x00000000 x19=0x00000002
         585000	        57	800000c4	00700a13	addi	x20,x0,7	  x0:0x00000000 x20=0x00000007
         595000	        58	800000c8	f9d6fab7	lui	x21,0xf9d6f	 x21=0xf9d6f000
         605000	        59	800000cc	b36a8a93	addi	x21,x21,-1226	 x21:0xf9d6f000 x21=0xf9d6eb36
         615000	        60	800000d0	80000b37	lui	x22,0x80000	 x22=0x80000000
         625000	        61	800000d4	1fb12bb7	lui	x23,0x1fb12	 x23=0x1fb12000
         635000	        62	800000d8	a10b8b93	addi	x23,x23,-1520	 x23:0x1fb12000 x23=0x1fb11a10
         645000	        63	800000dc	00900c93	addi	x25,x0,9	  x0:0x00000000 x25=0x00000009
         655000	        64	800000e0	6f01adb7	lui	x27,0x6f01a	 x27=0x6f01a000
         665000	        65	800000e4	7a1d8d93	addi	x27,x27,1953	 x27:0x6f01a000 x27=0x6f01a7a1
         675000	        66	800000e8	00000e13	addi	x28,x0,0	  x0:0x00000000 x28=0x00000000
         685000	        67	800000ec	ea802eb7	lui	x29,0xea802	 x29=0xea802000
         695000	        68	800000f0	4b4e8e93	addi	x29,x29,1204	 x29:0xea802000 x29=0xea8024b4
         705000	        69	800000f4	00c00f13	addi	x30,x0,12	  x0:0x00000000 x30=0x0000000c
         715000	        70	800000f8	00000f93	addi	x31,x0,0	  x0:0x00000000 x31=0x00000000
         725000	        71	800000fc	0000ad17	auipc	x26,0xa	 x26=0x8000a0f8
         735000	        72	80000100	e8cd0d13	addi	x26,x26,-372	 x26:0x8000a0f8 x26=0x80009f84
         745000	        73	80000104	ff900e13	addi	x28,x0,-7	  x0:0x00000000 x28=0xfffffff9
         755000	        74	80000108	b057b217	auipc	x4,0xb057b	  x4=0x3057b104
         765000	        75	8000010c	00200493	addi	x9,x0,2	  x0:0x00000000  x9=0x00000002
         775000	        76	80000110	0196f733	and	x14,x13,x25	 x13:0xfcf2f608 x25:0x00000009 x14=0x00000008
         785000	        77	80000114	015ba2b3	slt	x5,x23,x21	 x23:0x1fb11a10 x21:0xf9d6eb36  x5=0x00000000
         795000	        78	80000118	415dd393	srai	x7,x27,0x15	 x27:0x6f01a7a1  x7=0x00000378
         805000	        79	8000011c	80b23093	sltiu	x1,x4,-2037	  x4:0x3057b104  x1=0x00000001
         815000	        80	80000120	abd5c393	xori	x7,x11,-1347	 x11:0x00000005  x7=0xfffffab8
         825000	        81	80000124	016b2db3	slt	x27,x22,x22	 x22:0x80000000 x22:0x80000000 x27=0x00000000
         835000	        82	80000128	00956733	or	x14,x10,x9	 x10:0xe8d1e736  x9:0x00000002 x14=0xe8d1e736
         845000	        83	8000012c	00000013	addi	x0,x0,0	  x0:0x00000000
         855000	        84	80000130	d59765b7	lui	x11,0xd5976	 x11=0xd5976000
         865000	        85	80000134	008e0e13	addi	x28,x28,8	 x28:0xfffffff9 x28=0x00000001
         875000	        86	80000138	94670e93	addi	x29,x14,-1722	 x14:0xe8d1e736 x29=0xe8d1e07c
         885000	        87	8000013c	00e65713	srli	x14,x12,0xe	 x12:0x80000000 x14=0x00020000
         895000	        88	80000140	00000013	addi	x0,x0,0	  x0:0x00000000
         905000	        89	80000144	8db68793	addi	x15,x13,-1829	 x13:0xfcf2f608 x15=0xfcf2eee3
         915000	        90	80000148	d73b3c97	auipc	x25,0xd73b3	 x25=0x573b3144
         925000	        91	8000014c	008432b3	sltu	x5,x8,x8	  x8:0x00000005  x8:0x00000005  x5=0x00000000
         935000	        92	80000150	4255b813	sltiu	x16,x11,1061	 x11:0xd5976000 x16=0x00000000
         945000	        93	80000154	00b799b3	sll	x19,x15,x11	 x15:0xfcf2eee3 x11:0xd5976000 x19=0xfcf2eee3
         955000	        94	80000158	00ab1eb3	sll	x29,x22,x10	 x22:0x80000000 x10:0xe8d1e736 x29=0x00000000
         965000	        95	8000015c	01631393	slli	x7,x6,0x16	  x6:0x0000000b  x7=0x02c00000
         975000	        96	80000160	00ab2133	slt	x2,x22,x10	 x22:0x80000000 x10:0xe8d1e736  x2=0x00000001
         985000	        97	80000164	fa9e68e3	bltu	x28,x9,80000114	 x28:0x00000001  x9:0x00000002
         995000	        98	00000000	00000013	addi	x0,x0,0	  x0:0x00000000
        1005000	        99	80000110	00000013	addi	x0,x0,0	  x0:0x00000000
        1015000	       100	80000114	015ba2b3	slt	x5,x23,x21	 x23:0x1fb11a10 x21:0xf9d6eb36  x5=0x00000000
        1025000	       101	80000118	415dd393	srai	x7,x27,0x15	 x27:0x00000000  x7=0x00000000
        1035000	       102	8000011c	80b23093	sltiu	x1,x4,-2037	  x4:0x3057b104  x1=0x00000001
        1045000	       103	80000120	abd5c393	xori	x7,x11,-1347	 x11:0xd5976000  x7=0x2a689abd
        1055000	       104	80000124	016b2db3	slt	x27,x22,x22	 x22:0x80000000 x22:0x80000000 x27=0x00000000
        1065000	       105	80000128	00956733	or	x14,x10,x9	 x10:0xe8d1e736  x9:0x00000002 x14=0xe8d1e736
        1075000	       106	8000012c	00000013	addi	x0,x0,0	  x0:0x00000000
        1085000	       107	80000130	d59765b7	lui	x11,0xd5976	 x11=0xd5976000
        1095000	       108	80000134	008e0e13	addi	x28,x28,8	 x28:0x00000001 x28=0x00000009
        1105000	       109	80000138	94670e93	addi	x29,x14,-1722	 x14:0xe8d1e736 x29=0xe8d1e07c
        1115000	       110	8000013c	00e65713	srli	x14,x12,0xe	 x12:0x80000000 x14=0x00020000
        1125000	       111	80000140	00000013	addi	x0,x0,0	  x0:0x00000000
        1135000	       112	80000144	8db68793	addi	x15,x13,-1829	 x13:0xfcf2f608 x15=0xfcf2eee3
        1145000	       113	80000148	d73b3c97	auipc	x25,0xd73b3	 x25=0x573b3144
        1155000	       114	8000014c	008432b3	sltu	x5,x8,x8	  x8:0x00000005  x8:0x00000005  x5=0x00000000
        1165000	       115	80000150	4255b813	sltiu	x16,x11,1061	 x11:0xd5976000 x16=0x00000000
        1175000	       116	80000154	00b799b3	sll	x19,x15,x11	 x15:0xfcf2eee3 x11:0xd5976000 x19=0xfcf2eee3
        1185000	       117	80000158	00ab1eb3	sll	x29,x22,x10	 x22:0x80000000 x10:0xe8d1e736 x29=0x00000000
        1195000	       118	8000015c	01631393	slli	x7,x6,0x16	  x6:0x0000000b  x7=0x02c00000
        1205000	       119	80000160	00ab2133	slt	x2,x22,x10	 x22:0x80000000 x10:0xe8d1e736  x2=0x00000001
        1215000	       120	80000164	fa9e68e3	bltu	x28,x9,80000114	 x28:0x00000009  x9:0x00000002
        1225000	       121	80000168	b6216e93	ori	x29,x2,-1182	  x2:0x00000001 x29=0xfffffb63
        1235000	       122	8000016c	22058a13	addi	x20,x11,544	 x11:0xd5976000 x20=0xd5976220
        1245000	       123	80000170	0bbbf863	bgeu	x23,x27,80000220	 x23:0x1fb11a10 x27:0x00000000
        1255000	       124	00000000	00000013	addi	x0,x0,0	  x0:0x00000000
        1265000	       125	8000021c	00000013	addi	x0,x0,0	  x0:0x00000000
        1275000	       126	80000220	009451b3	srl	x3,x8,x9	  x8:0x00000005  x9:0x00000002  x3=0x00000001
        1285000	       127	80000224	011ff263	bgeu	x31,x17,80000228	 x31:0x00000000 x17:0xa83dae11
        1295000	       128	80000228	b7cc0713	addi	x14,x24,-1156	 x24:0x80009fc4 x14=0x80009b40
        1305000	       129	8000022c	01af5133	srl	x2,x30,x26	 x30:0x0000000c x26:0x80009f84  x2=0x00000000
        1315000	       130	80000230	00848863	beq	x9,x8,80000240	  x9:0x00000002  x8:0x00000005
        1325000	       131	80000234	003ed5b3	srl	x11,x29,x3	 x29:0xfffffb63  x3:0x00000001 x11=0x7ffffdb1
        1335000	       132	80000238	01921e63	bne	x4,x25,80000254	  x4:0x3057b104 x25:0x573b3144
        1345000	       133	00000000	00000013	addi	x0,x0,0	  x0:0x00000000
        1355000	       134	80000250	00000013	addi	x0,x0,0	  x0:0x00000000
        1365000	       135	80000254	04a4e863	bltu	x9,x10,800002a4	  x9:0x00000002 x10:0xe8d1e736
        1375000	       136	00000000	00000013	addi	x0,x0,0	  x0:0x00000000
        1385000	       137	800002a0	00000013	addi	x0,x0,0	  x0:0x00000000
        1395000	       138	800002a4	05674c63	blt	x14,x22,800002fc	 x14:0x80009b40 x22:0x80000000
        1405000	       139	800002a8	230ed797	auipc	x15,0x230ed	 x15=0xa30ed2a4
        1415000	       140	800002ac	07ae6e63	bltu	x28,x26,80000328	 x28:0x00000009 x26:0x80009f84
        1425000	       141	00000000	00000013	addi	x0,x0,0	  x0:0x00000000
        1435000	       142	80000324	00000013	addi	x0,x0,0	  x0:0x00000000
        1445000	       143	80000328	23f9ab93	slti	x23,x19,575	 x19:0xfcf2eee3 x23=0x00000001
        1455000	       144	8000032c	00000417	auipc	x8,0x0	  x8=0x80000328
        1465000	       145	80000330	00c40413	addi	x8,x8,12	  x8:0x80000328  x8=0x80000334
        1475000	       146	80000334	00040067	jalr	x0,x8,0	  x8:0x80000334
        1485000	       147	00000000	00000013	addi	x0,x0,0	  x0:0x00000000
        1495000	       148	80000334	00000013	addi	x0,x0,0	  x0:0x00000000
        1505000	       149	80000338	00100193	addi	x3,x0,1	  x0:0x00000000  x3=0x00000001
        1515000	       150	8000033c	00000073	ecall	
        1525000	       151	80000340	00eaf463	bgeu	x21,x14,80000348	 x21:0xf9d6eb36 x14:0x80009b40
