		Time			Cycle	PC		Insn	Decoded instruction	Register and memory contents
          65000	         5	80000004	00000293	addi	x5,x0,0	  x0:0x00000000  x5=0x00000000
          75000	         6	80000008	00000313	addi	x6,x0,0	  x0:0x00000000  x6=0x00000000
          85000	         7	8000000c	00628263	beq	x5,x6,80000010	  x5:0x00000000  x6:0x00000000
          95000	         8	00000000	00000013	addi	x0,x0,0	  x0:0x00000000
         105000	         9	8000000c	00000013	addi	x0,x0,0	  x0:0x00000000
         115000	        10	80000010	00000f97	auipc	x31,0x0	 x31=0x8000000c
         125000	        11	80000014	00cf8f93	addi	x31,x31,12	 x31:0x8000000c x31=0x80000018
         135000	        12	80000018	000f8067	jalr	x0,x31,0	 x31:0x80000018
         145000	        13	00000000	00000013	addi	x0,x0,0	  x0:0x00000000
         155000	        14	80000018	00000013	addi	x0,x0,0	  x0:0x00000000
         165000	        15	8000001c	400002b7	lui	x5,0x40000	  x5=0x40000000
         175000	        16	80000020	10028293	addi	x5,x5,256	  x5:0x40000000  x5=0x40000100
         185000	        17	80000024	00000013	addi	x0,x0,0	  x0:0x00000000
         195000	        18	80000028	0000a717	auipc	x14,0xa	 x14=0x8000a024
         205000	        19	8000002c	fa070713	addi	x14,x14,-96	 x14:0x8000a024 x14=0x80009fc4
         215000	        20	80000030	00003297	auipc	x5,0x3	  x5=0x8000302c
         225000	        21	80000034	73428293	addi	x5,x5,1844	  x5:0x8000302c  x5=0x80003760
         235000	        22	80000038	0012e293	ori	x5,x5,1	  x5:0x80003760  x5=0x80003761
         245000	        23	8000003c	00000013	addi	x0,x0,0	  x0:0x00000000
         255000	        24	80000040	00000297	auipc	x5,0x0	  x5=0x8000003c
         265000	        25	80000044	02028293	addi	x5,x5,32	  x5:0x8000003c  x5=0x8000005c
         275000	        26	80000048	00000013	addi	x0,x0,0	  x0:0x00000000
         285000	        27	8000004c	00000013	addi	x0,x0,0	  x0:0x00000000
         295000	        28	80000050	000022b7	lui	x5,0x2	  x5=0x00002000
         305000	        29	80000054	80028293	addi	x5,x5,-2048	  x5:0x00002000  x5=0x00001800
         315000	        30	80000058	00000013	addi	x0,x0,0	  x0:0x00000000
         325000	        31	8000005c	00000013	addi	x0,x0,0	  x0:0x00000000
         335000	        32	80000060	f1e92037	lui	x0,0xf1e92	
         345000	        33	80000064	1b600013	addi	x0,x0,438	  x0:0x00000000
         355000	        34	80000068	00f00093	addi	x1,x0,15	  x0:0x00000000  x1=0x0000000f
         365000	        35	8000006c	00000113	addi	x2,x0,0	  x0:0x00000000  x2=0x00000000
         375000	        36	80000070	00900193	addi	x3,x0,9	  x0:0x00000000  x3=0x00000009
         385000	        37	80000074	0be17237	lui	x4,0xbe17	  x4=0x0be17000
         395000	        38	80000078	e1320213	addi	x4,x4,-493	  x4:0x0be17000  x4=0x0be16e13
         405000	        39	8000007c	00000293	addi	x5,x0,0	  x0:0x00000000  x5=0x00000000
         415000	        40	80000080	00000313	addi	x6,x0,0	  x0:0x00000000  x6=0x00000000
         425000	        41	80000084	800003b7	lui	x7,0x80000	  x7=0x80000000
         435000	        42	80000088	00000413	addi	x8,x0,0	  x0:0x00000000  x8=0x00000000
         445000	        43	8000008c	ffca04b7	lui	x9,0xffca0	  x9=0xffca0000
         455000	        44	80000090	5a048493	addi	x9,x9,1440	  x9:0xffca0000  x9=0xffca05a0
         465000	        45	80000094	00000593	addi	x11,x0,0	  x0:0x00000000 x11=0x00000000
         475000	        46	80000098	00300613	addi	x12,x0,3	  x0:0x00000000 x12=0x00000003
         485000	        47	8000009c	800006b7	lui	x13,0x80000	 x13=0x80000000
         495000	        48	800000a0	7e4617b7	lui	x15,0x7e461	 x15=0x7e461000
         505000	        49	800000a4	fee78793	addi	x15,x15,-18	 x15:0x7e461000 x15=0x7e460fee
         515000	        50	800000a8	80000837	lui	x16,0x80000	 x16=0x80000000
         525000	        51	800000ac	fe9428b7	lui	x17,0xfe942	 x17=0xfe942000
         535000	        52	800000b0	d0688893	addi	x17,x17,-762	 x17:0xfe942000 x17=0xfe941d06
         545000	        53	800000b4	4902b937	lui	x18,0x4902b	 x18=0x4902b000
         555000	        54	800000b8	aa490913	addi	x18,x18,-1372	 x18:0x4902b000 x18=0x4902aaa4
         565000	        55	800000bc	00400993	addi	x19,x0,4	  x0:0x00000000 x19=0x00000004
         575000	        56	800000c0	00700a13	addi	x20,x0,7	  x0:0x00000000 x20=0x00000007
         585000	        57	800000c4	80000ab7	lui	x21,0x80000	 x21=0x80000000
         595000	        58	800000c8	80000b37	lui	x22,0x80000	 x22=0x80000000
         605000	        59	800000cc	c13e6bb7	lui	x23,0xc13e6	 x23=0xc13e6000
         615000	        60	800000d0	f26b8b93	addi	x23,x23,-218	 x23:0xc13e6000 x23=0xc13e5f26
         625000	        61	800000d4	00000c13	addi	x24,x0,0	  x0:0x00000000 x24=0x00000000
         635000	        62	800000d8	00000c93	addi	x25,x0,0	  x0:0x00000000 x25=0x00000000
         645000	        63	800000dc	8ac68d37	lui	x26,0x8ac68	 x26=0x8ac68000
         655000	        64	800000e0	b6cd0d13	addi	x26,x26,-1172	 x26:0x8ac68000 x26=0x8ac67b6c
         665000	        65	800000e4	00e00d93	addi	x27,x0,14	  x0:0x00000000 x27=0x0000000e
         675000	        66	800000e8	00e51e37	lui	x28,0xe51	 x28=0x00e51000
         685000	        67	800000ec	adae0e13	addi	x28,x28,-1318	 x28:0x00e51000 x28=0x00e50ada
         695000	        68	800000f0	43f75eb7	lui	x29,0x43f75	 x29=0x43f75000
         705000	        69	800000f4	ed5e8e93	addi	x29,x29,-299	 x29:0x43f75000 x29=0x43f74ed5
         715000	        70	800000f8	00000f13	addi	x30,x0,0	  x0:0x00000000 x30=0x00000000
         725000	        71	800000fc	02a4efb7	lui	x31,0x2a4e	 x31=0x02a4e000
         735000	        72	80000100	b96f8f93	addi	x31,x31,-1130	 x31:0x02a4e000 x31=0x02a4db96
         745000	        73	80000104	0000a517	auipc	x10,0xa	 x10=0x8000a100
         755000	        74	80000108	e8450513	addi	x10,x10,-380	 x10:0x8000a100 x10=0x80009f84
         765000	        75	8000010c	00300c93	addi	x25,x0,3	  x0:0x00000000 x25=0x00000003
         775000	        76	80000110	47ec8b13	addi	x22,x25,1150	 x25:0x00000003 x22=0x00000481
         785000	        77	80000114	41c28eb3	sub	x29,x5,x28	  x5:0x00000000 x28:0x00e50ada x29=0xff1af526
         795000	        78	80000118	40013293	sltiu	x5,x2,1024	  x2:0x00000000  x5=0x00000001
         805000	        79	8000011c	00c00493	addi	x9,x0,12	  x0:0x00000000  x9=0x0000000c
         815000	        80	80000120	01b7a5b3	slt	x11,x15,x27	 x15:0x7e460fee x27:0x0000000e x11=0x00000000
         825000	        81	80000124	013b65b3	or	x11,x22,x19	 x22:0x00000481 x19:0x00000004 x11=0x00000485
         835000	        82	80000128	418f51b3	sra	x3,x30,x24	 x30:0x00000000 x24:0x00000000  x3=0x00000000
         845000	        83	8000012c	e09abd13	sltiu	x26,x21,-503	 x21:0x80000000 x26=0x00000001
         855000	        84	80000130	002c8c93	addi	x25,x25,2	 x25:0x00000003 x25=0x00000005
         865000	        85	80000134	2f32d817	auipc	x16,0x2f32d	 x16=0xaf32d130
         875000	        86	80000138	00000013	addi	x0,x0,0	  x0:0x00000000
         885000	        87	8000013c	ff600113	addi	x2,x0,-10	  x0:0x00000000  x2=0xfffffff6
         895000	        88	80000140	00939a13	slli	x20,x7,0x9	  x7:0x80000000 x20=0x00000000
         905000	        89	80000144	403dd333	sra	x6,x27,x3	 x27:0x0000000e  x3:0x00000000  x6=0x0000000e
         915000	        90	80000148	00a00d93	addi	x27,x0,10	  x0:0x00000000 x27=0x0000000a
         925000	        91	8000014c	0b878193	addi	x3,x15,184	 x15:0x7e460fee  x3=0x7e4610a6
         935000	        92	80000150	01dc38b3	sltu	x17,x24,x29	 x24:0x00000000 x29:0xff1af526 x17=0x00000001
         945000	        93	80000154	a8c03313	sltiu	x6,x0,-1396	  x0:0x00000000  x6=0x00000001
         955000	        94	80000158	00ea2233	slt	x4,x20,x14	 x20:0x00000000 x14:0x80009fc4  x4=0x00000000
         965000	        95	8000015c	0be2bc13	sltiu	x24,x5,190	  x5:0x00000001 x24=0x00000001
         975000	        96	80000160	5215ae93	slti	x29,x11,1313	 x11:0x00000485 x29=0x00000001
         985000	        97	80000164	419ed933	sra	x18,x29,x25	 x29:0x00000001 x25:0x00000005 x18=0x00000000
         995000	        98	80000168	00910113	addi	x2,x2,9	  x2:0xfffffff6  x2=0xffffffff
        1005000	        99	8000016c	ffb160e3	bltu	x2,x27,8000014c	  x2:0xffffffff x27:0x0000000a
        1015000	       100	80000170	b4e88913	addi	x18,x17,-1202	 x17:0x00000001 x18=0xfffffb4f
        1025000	       101	80000174	0066b933	sltu	x18,x13,x6	 x13:0x80000000  x6:0x00000001 x18=0x00000000
        1035000	       102	80000178	40425f33	sra	x30,x4,x4	  x4:0x00000000  x4:0x00000000 x30=0x00000000
        1045000	       103	8000017c	00830f33	add	x30,x6,x8	  x6:0x00000001  x8:0x00000000 x30=0x00000001
        1055000	       104	80000180	f5356813	ori	x16,x10,-173	 x10:0x80009f84 x16=0xffffffd7
        1065000	       105	80000184	77cdb293	sltiu	x5,x27,1916	 x27:0x0000000a  x5=0x00000001
        1075000	       106	80000188	fa9cc2e3	blt	x25,x9,8000012c	 x25:0x00000005  x9:0x0000000c
        1085000	       107	00000000	00000013	addi	x0,x0,0	  x0:0x00000000
        1095000	       108	80000128	00000013	addi	x0,x0,0	  x0:0x00000000
        1105000	       109	8000012c	e09abd13	sltiu	x26,x21,-503	 x21:0x80000000 x26=0x00000001
        1115000	       110	80000130	002c8c93	addi	x25,x25,2	 x25:0x00000005 x25=0x00000007
        1125000	       111	80000134	2f32d817	auipc	x16,0x2f32d	 x16=0xaf32d130
        1135000	       112	80000138	00000013	addi	x0,x0,0	  x0:0x00000000
        1145000	       113	8000013c	ff600113	addi	x2,x0,-10	  x0:0x00000000  x2=0xfffffff6
        1155000	       114	80000140	00939a13	slli	x20,x7,0x9	  x7:0x80000000 x20=0x00000000
        1165000	       115	80000144	403dd333	sra	x6,x27,x3	 x27:0x0000000a  x3:0x7e4610a6  x6=0x00000000
        1175000	       116	80000148	00a00d93	addi	x27,x0,10	  x0:0x00000000 x27=0x0000000a
        1185000	       117	8000014c	0b878193	addi	x3,x15,184	 x15:0x7e460fee  x3=0x7e4610a6
        1195000	       118	80000150	01dc38b3	sltu	x17,x24,x29	 x24:0x00000001 x29:0x00000001 x17=0x00000000
        1205000	       119	80000154	a8c03313	sltiu	x6,x0,-1396	  x0:0x00000000  x6=0x00000001
        1215000	       120	80000158	00ea2233	slt	x4,x20,x14	 x20:0x00000000 x14:0x80009fc4  x4=0x00000000
        1225000	       121	8000015c	0be2bc13	sltiu	x24,x5,190	  x5:0x00000001 x24=0x00000001
        1235000	       122	80000160	5215ae93	slti	x29,x11,1313	 x11:0x00000485 x29=0x00000001
        1245000	       123	80000164	419ed933	sra	x18,x29,x25	 x29:0x00000001 x25:0x00000007 x18=0x00000000
        1255000	       124	80000168	00910113	addi	x2,x2,9	  x2:0xfffffff6  x2=0xffffffff
        1265000	       125	8000016c	ffb160e3	bltu	x2,x27,8000014c	  x2:0xffffffff x27:0x0000000a
        1275000	       126	80000170	b4e88913	addi	x18,x17,-1202	 x17:0x00000000 x18=0xfffffb4e
        1285000	       127	80000174	0066b933	sltu	x18,x13,x6	 x13:0x80000000  x6:0x00000001 x18=0x00000000
        1295000	       128	80000178	40425f33	sra	x30,x4,x4	  x4:0x00000000  x4:0x00000000 x30=0x00000000
        1305000	       129	8000017c	00830f33	add	x30,x6,x8	  x6:0x00000001  x8:0x00000000 x30=0x00000001
        1315000	       130	80000180	f5356813	ori	x16,x10,-173	 x10:0x80009f84 x16=0xffffffd7
        1325000	       131	80000184	77cdb293	sltiu	x5,x27,1916	 x27:0x0000000a  x5=0x00000001
        1335000	       132	80000188	fa9cc2e3	blt	x25,x9,8000012c	 x25:0x00000007  x9:0x0000000c
        1345000	       133	00000000	00000013	addi	x0,x0,0	  x0:0x00000000
        1355000	       134	80000128	00000013	addi	x0,x0,0	  x0:0x00000000
        1365000	       135	8000012c	e09abd13	sltiu	x26,x21,-503	 x21:0x80000000 x26=0x00000001
        1375000	       136	80000130	002c8c93	addi	x25,x25,2	 x25:0x00000007 x25=0x00000009
        1385000	       137	80000134	2f32d817	auipc	x16,0x2f32d	 x16=0xaf32d130
        1395000	       138	80000138	00000013	addi	x0,x0,0	  x0:0x00000000
        1405000	       139	8000013c	ff600113	addi	x2,x0,-10	  x0:0x00000000  x2=0xfffffff6
        1415000	       140	80000140	00939a13	slli	x20,x7,0x9	  x7:0x80000000 x20=0x00000000
        1425000	       141	80000144	403dd333	sra	x6,x27,x3	 x27:0x0000000a  x3:0x7e4610a6  x6=0x00000000
        1435000	       142	80000148	00a00d93	addi	x27,x0,10	  x0:0x00000000 x27=0x0000000a
        1445000	       143	8000014c	0b878193	addi	x3,x15,184	 x15:0x7e460fee  x3=0x7e4610a6
        1455000	       144	80000150	01dc38b3	sltu	x17,x24,x29	 x24:0x00000001 x29:0x00000001 x17=0x00000000
        1465000	       145	80000154	a8c03313	sltiu	x6,x0,-1396	  x0:0x00000000  x6=0x00000001
        1475000	       146	80000158	00ea2233	slt	x4,x20,x14	 x20:0x00000000 x14:0x80009fc4  x4=0x00000000
        1485000	       147	8000015c	0be2bc13	sltiu	x24,x5,190	  x5:0x00000001 x24=0x00000001
        1495000	       148	80000160	5215ae93	slti	x29,x11,1313	 x11:0x00000485 x29=0x00000001
        1505000	       149	80000164	419ed933	sra	x18,x29,x25	 x29:0x00000001 x25:0x00000009 x18=0x00000000
        1515000	       150	80000168	00910113	addi	x2,x2,9	  x2:0xfffffff6  x2=0xffffffff
        1525000	       151	8000016c	ffb160e3	bltu	x2,x27,8000014c	  x2:0xffffffff x27:0x0000000a
        1535000	       152	80000170	b4e88913	addi	x18,x17,-1202	 x17:0x00000000 x18=0xfffffb4e
        1545000	       153	80000174	0066b933	sltu	x18,x13,x6	 x13:0x80000000  x6:0x00000001 x18=0x00000000
        1555000	       154	80000178	40425f33	sra	x30,x4,x4	  x4:0x00000000  x4:0x00000000 x30=0x00000000
        1565000	       155	8000017c	00830f33	add	x30,x6,x8	  x6:0x00000001  x8:0x00000000 x30=0x00000001
        1575000	       156	80000180	f5356813	ori	x16,x10,-173	 x10:0x80009f84 x16=0xffffffd7
        1585000	       157	80000184	77cdb293	sltiu	x5,x27,1916	 x27:0x0000000a  x5=0x00000001
        1595000	       158	80000188	fa9cc2e3	blt	x25,x9,8000012c	 x25:0x00000009  x9:0x0000000c
        1605000	       159	00000000	00000013	addi	x0,x0,0	  x0:0x00000000
        1615000	       160	80000128	00000013	addi	x0,x0,0	  x0:0x00000000
        1625000	       161	8000012c	e09abd13	sltiu	x26,x21,-503	 x21:0x80000000 x26=0x00000001
        1635000	       162	80000130	002c8c93	addi	x25,x25,2	 x25:0x00000009 x25=0x0000000b
        1645000	       163	80000134	2f32d817	auipc	x16,0x2f32d	 x16=0xaf32d130
        1655000	       164	80000138	00000013	addi	x0,x0,0	  x0:0x00000000
        1665000	       165	8000013c	ff600113	addi	x2,x0,-10	  x0:0x00000000  x2=0xfffffff6
        1675000	       166	80000140	00939a13	slli	x20,x7,0x9	  x7:0x80000000 x20=0x00000000
        1685000	       167	80000144	403dd333	sra	x6,x27,x3	 x27:0x0000000a  x3:0x7e4610a6  x6=0x00000000
        1695000	       168	80000148	00a00d93	addi	x27,x0,10	  x0:0x00000000 x27=0x0000000a
        1705000	       169	8000014c	0b878193	addi	x3,x15,184	 x15:0x7e460fee  x3=0x7e4610a6
        1715000	       170	80000150	01dc38b3	sltu	x17,x24,x29	 x24:0x00000001 x29:0x00000001 x17=0x00000000
        1725000	       171	80000154	a8c03313	sltiu	x6,x0,-1396	  x0:0x00000000  x6=0x00000001
        1735000	       172	80000158	00ea2233	slt	x4,x20,x14	 x20:0x00000000 x14:0x80009fc4  x4=0x00000000
        1745000	       173	8000015c	0be2bc13	sltiu	x24,x5,190	  x5:0x00000001 x24=0x00000001
        1755000	       174	80000160	5215ae93	slti	x29,x11,1313	 x11:0x00000485 x29=0x00000001
        1765000	       175	80000164	419ed933	sra	x18,x29,x25	 x29:0x00000001 x25:0x0000000b x18=0x00000000
        1775000	       176	80000168	00910113	addi	x2,x2,9	  x2:0xfffffff6  x2=0xffffffff
        1785000	       177	8000016c	ffb160e3	bltu	x2,x27,8000014c	  x2:0xffffffff x27:0x0000000a
        1795000	       178	80000170	b4e88913	addi	x18,x17,-1202	 x17:0x00000000 x18=0xfffffb4e
        1805000	       179	80000174	0066b933	sltu	x18,x13,x6	 x13:0x80000000  x6:0x00000001 x18=0x00000000
        1815000	       180	80000178	40425f33	sra	x30,x4,x4	  x4:0x00000000  x4:0x00000000 x30=0x00000000
        1825000	       181	8000017c	00830f33	add	x30,x6,x8	  x6:0x00000001  x8:0x00000000 x30=0x00000001
        1835000	       182	80000180	f5356813	ori	x16,x10,-173	 x10:0x80009f84 x16=0xffffffd7
        1845000	       183	80000184	77cdb293	sltiu	x5,x27,1916	 x27:0x0000000a  x5=0x00000001
        1855000	       184	80000188	fa9cc2e3	blt	x25,x9,8000012c	 x25:0x0000000b  x9:0x0000000c
        1865000	       185	00000000	00000013	addi	x0,x0,0	  x0:0x00000000
        1875000	       186	80000128	00000013	addi	x0,x0,0	  x0:0x00000000
        1885000	       187	8000012c	e09abd13	sltiu	x26,x21,-503	 x21:0x80000000 x26=0x00000001
        1895000	       188	80000130	002c8c93	addi	x25,x25,2	 x25:0x0000000b x25=0x0000000d
        1905000	       189	80000134	2f32d817	auipc	x16,0x2f32d	 x16=0xaf32d130
        1915000	       190	80000138	00000013	addi	x0,x0,0	  x0:0x00000000
        1925000	       191	8000013c	ff600113	addi	x2,x0,-10	  x0:0x00000000  x2=0xfffffff6
        1935000	       192	80000140	00939a13	slli	x20,x7,0x9	  x7:0x80000000 x20=0x00000000
        1945000	       193	80000144	403dd333	sra	x6,x27,x3	 x27:0x0000000a  x3:0x7e4610a6  x6=0x00000000
        1955000	       194	80000148	00a00d93	addi	x27,x0,10	  x0:0x00000000 x27=0x0000000a
        1965000	       195	8000014c	0b878193	addi	x3,x15,184	 x15:0x7e460fee  x3=0x7e4610a6
        1975000	       196	80000150	01dc38b3	sltu	x17,x24,x29	 x24:0x00000001 x29:0x00000001 x17=0x00000000
        1985000	       197	80000154	a8c03313	sltiu	x6,x0,-1396	  x0:0x00000000  x6=0x00000001
        1995000	       198	80000158	00ea2233	slt	x4,x20,x14	 x20:0x00000000 x14:0x80009fc4  x4=0x00000000
        2005000	       199	8000015c	0be2bc13	sltiu	x24,x5,190	  x5:0x00000001 x24=0x00000001
        2015000	       200	80000160	5215ae93	slti	x29,x11,1313	 x11:0x00000485 x29=0x00000001
        2025000	       201	80000164	419ed933	sra	x18,x29,x25	 x29:0x00000001 x25:0x0000000d x18=0x00000000
        2035000	       202	80000168	00910113	addi	x2,x2,9	  x2:0xfffffff6  x2=0xffffffff
        2045000	       203	8000016c	ffb160e3	bltu	x2,x27,8000014c	  x2:0xffffffff x27:0x0000000a
        2055000	       204	80000170	b4e88913	addi	x18,x17,-1202	 x17:0x00000000 x18=0xfffffb4e
        2065000	       205	80000174	0066b933	sltu	x18,x13,x6	 x13:0x80000000  x6:0x00000001 x18=0x00000000
        2075000	       206	80000178	40425f33	sra	x30,x4,x4	  x4:0x00000000  x4:0x00000000 x30=0x00000000
        2085000	       207	8000017c	00830f33	add	x30,x6,x8	  x6:0x00000001  x8:0x00000000 x30=0x00000001
        2095000	       208	80000180	f5356813	ori	x16,x10,-173	 x10:0x80009f84 x16=0xffffffd7
        2105000	       209	80000184	77cdb293	sltiu	x5,x27,1916	 x27:0x0000000a  x5=0x00000001
        2115000	       210	80000188	fa9cc2e3	blt	x25,x9,8000012c	 x25:0x0000000d  x9:0x0000000c
        2125000	       211	8000018c	01f5be33	sltu	x28,x11,x31	 x11:0x00000485 x31:0x02a4db96 x28=0x00000001
        2135000	       212	80000190	00400413	addi	x8,x0,4	  x0:0x00000000  x8=0x00000004
        2145000	       213	80000194	418fdc93	srai	x25,x31,0x18	 x31:0x02a4db96 x25=0x00000002
        2155000	       214	80000198	aafbc393	xori	x7,x23,-1361	 x23:0xc13e5f26  x7=0x3ec1a589
        2165000	       215	8000019c	00ab9ab3	sll	x21,x23,x10	 x23:0xc13e5f26 x10:0x80009f84 x21=0x13e5f260
        2175000	       216	800001a0	6acd4c13	xori	x24,x26,1708	 x26:0x00000001 x24=0x000006ad
        2185000	       217	800001a4	0077b2b3	sltu	x5,x15,x7	 x15:0x7e460fee  x7:0x3ec1a589  x5=0x00000000
        2195000	       218	800001a8	006f9c33	sll	x24,x31,x6	 x31:0x02a4db96  x6:0x00000001 x24=0x0549b72c
        2205000	       219	800001ac	01b35393	srli	x7,x6,0x1b	  x6:0x00000001  x7=0x00000000
        2215000	       220	800001b0	387c0d93	addi	x27,x24,903	 x24:0x0549b72c x27=0x0549bab3
        2225000	       221	800001b4	311c7293	andi	x5,x24,785	 x24:0x0549b72c  x5=0x00000300
        2235000	       222	800001b8	92ae0a97	auipc	x21,0x92ae0	 x21=0x12ae01b4
        2245000	       223	800001bc	01400113	addi	x2,x0,20	  x0:0x00000000  x2=0x00000014
        2255000	       224	800001c0	00000013	addi	x0,x0,0	  x0:0x00000000
        2265000	       225	800001c4	f1bd7613	andi	x12,x26,-229	 x26:0x00000001 x12=0x00000001
        2275000	       226	800001c8	f6a4bbb7	lui	x23,0xf6a4b	 x23=0xf6a4b000
        2285000	       227	800001cc	00840413	addi	x8,x8,8	  x8:0x00000004  x8=0x0000000c
        2295000	       228	800001d0	415cdbb3	sra	x23,x25,x21	 x25:0x00000002 x21:0x12ae01b4 x23=0x00000000
        2305000	       229	800001d4	00000013	addi	x0,x0,0	  x0:0x00000000
        2315000	       230	800001d8	00f0db33	srl	x22,x1,x15	  x1:0x0000000f x15:0x7e460fee x22=0x00000000
        2325000	       231	800001dc	fe2406e3	beq	x8,x2,800001c8	  x8:0x0000000c  x2:0x00000014
        2335000	       232	800001e0	fd15fb93	andi	x23,x11,-47	 x11:0x00000485 x23=0x00000481
        2345000	       233	800001e4	ffa00c13	addi	x24,x0,-6	  x0:0x00000000 x24=0xfffffffa
        2355000	       234	800001e8	ffa00793	addi	x15,x0,-6	  x0:0x00000000 x15=0xfffffffa
        2365000	       235	800001ec	9194a597	auipc	x11,0x9194a	 x11=0x1194a1e8
        2375000	       236	800001f0	41a0d133	sra	x2,x1,x26	  x1:0x0000000f x26:0x00000001  x2=0x00000007
        2385000	       237	800001f4	ff8c0c13	addi	x24,x24,-8	 x24:0xfffffffa x24=0xfffffff2
        2395000	       238	800001f8	00100213	addi	x4,x0,1	  x0:0x00000000  x4=0x00000001
        2405000	       239	800001fc	00d46033	or	x0,x8,x13	  x8:0x0000000c x13:0x80000000
        2415000	       240	80000200	00d4ceb3	xor	x29,x9,x13	  x9:0x0000000c x13:0x80000000 x29=0x8000000c
        2425000	       241	80000204	ff300993	addi	x19,x0,-13	  x0:0x00000000 x19=0xfffffff3
        2435000	       242	80000208	e089c193	xori	x3,x19,-504	 x19:0xfffffff3  x3=0x000001fb
        2445000	       243	8000020c	bae3b617	auipc	x12,0xbae3b	 x12=0x3ae3b208
        2455000	       244	80000210	010aeab3	or	x21,x21,x16	 x21:0x12ae01b4 x16:0xffffffd7 x21=0xfffffff7
        2465000	       245	80000214	9ec13697	auipc	x13,0x9ec13	 x13=0x1ec13210
        2475000	       246	80000218	392cb113	sltiu	x2,x25,914	 x25:0x00000002  x2=0x00000001
        2485000	       247	8000021c	c0890413	addi	x8,x18,-1016	 x18:0x00000000  x8=0xfffffc08
        2495000	       248	80000220	002e6a33	or	x20,x28,x2	 x28:0x00000001  x2:0x00000001 x20=0x00000001
        2505000	       249	80000224	00aad933	srl	x18,x21,x10	 x21:0xfffffff7 x10:0x80009f84 x18=0x0fffffff
        2515000	       250	80000228	fff20213	addi	x4,x4,-1	  x4:0x00000001  x4=0x00000000
        2525000	       251	8000022c	400a85b3	sub	x11,x21,x0	 x21:0xfffffff7  x0:0x00000000 x11=0xfffffff7
        2535000	       252	80000230	ff3250e3	bge	x4,x19,80000210	  x4:0x00000000 x19:0xfffffff3
        2545000	       253	00000000	00000013	addi	x0,x0,0	  x0:0x00000000
        2555000	       254	8000020c	00000013	addi	x0,x0,0	  x0:0x00000000
        2565000	       255	80000210	010aeab3	or	x21,x21,x16	 x21:0xfffffff7 x16:0xffffffd7 x21=0xfffffff7
        2575000	       256	80000214	9ec13697	auipc	x13,0x9ec13	 x13=0x1ec13210
        2585000	       257	80000218	392cb113	sltiu	x2,x25,914	 x25:0x00000002  x2=0x00000001
        2595000	       258	8000021c	c0890413	addi	x8,x18,-1016	 x18:0x0fffffff  x8=0x0ffffc07
        2605000	       259	80000220	002e6a33	or	x20,x28,x2	 x28:0x00000001  x2:0x00000001 x20=0x00000001
        2615000	       260	80000224	00aad933	srl	x18,x21,x10	 x21:0xfffffff7 x10:0x80009f84 x18=0x0fffffff
        2625000	       261	80000228	fff20213	addi	x4,x4,-1	  x4:0x00000000  x4=0xffffffff
        2635000	       262	8000022c	400a85b3	sub	x11,x21,x0	 x21:0xfffffff7  x0:0x00000000 x11=0xfffffff7
        2645000	       263	80000230	ff3250e3	bge	x4,x19,80000210	  x4:0xffffffff x19:0xfffffff3
        2655000	       264	00000000	00000013	addi	x0,x0,0	  x0:0x00000000
        2665000	       265	8000020c	00000013	addi	x0,x0,0	  x0:0x00000000
        2675000	       266	80000210	010aeab3	or	x21,x21,x16	 x21:0xfffffff7 x16:0xffffffd7 x21=0xfffffff7
        2685000	       267	80000214	9ec13697	auipc	x13,0x9ec13	 x13=0x1ec13210
        2695000	       268	80000218	392cb113	sltiu	x2,x25,914	 x25:0x00000002  x2=0x00000001
        2705000	       269	8000021c	c0890413	addi	x8,x18,-1016	 x18:0x0fffffff  x8=0x0ffffc07
        2715000	       270	80000220	002e6a33	or	x20,x28,x2	 x28:0x00000001  x2:0x00000001 x20=0x00000001
        2725000	       271	80000224	00aad933	srl	x18,x21,x10	 x21:0xfffffff7 x10:0x80009f84 x18=0x0fffffff
        2735000	       272	80000228	fff20213	addi	x4,x4,-1	  x4:0xffffffff  x4=0xfffffffe
        2745000	       273	8000022c	400a85b3	sub	x11,x21,x0	 x21:0xfffffff7  x0:0x00000000 x11=0xfffffff7
        2755000	       274	80000230	ff3250e3	bge	x4,x19,80000210	  x4:0xfffffffe x19:0xfffffff3
        2765000	       275	00000000	00000013	addi	x0,x0,0	  x0:0x00000000
        2775000	       276	8000020c	00000013	addi	x0,x0,0	  x0:0x00000000
        2785000	       277	80000210	010aeab3	or	x21,x21,x16	 x21:0xfffffff7 x16:0xffffffd7 x21=0xfffffff7
        2795000	       278	80000214	9ec13697	auipc	x13,0x9ec13	 x13=0x1ec13210
        2805000	       279	80000218	392cb113	sltiu	x2,x25,914	 x25:0x00000002  x2=0x00000001
        2815000	       280	8000021c	c0890413	addi	x8,x18,-1016	 x18:0x0fffffff  x8=0x0ffffc07
        2825000	       281	80000220	002e6a33	or	x20,x28,x2	 x28:0x00000001  x2:0x00000001 x20=0x00000001
        2835000	       282	80000224	00aad933	srl	x18,x21,x10	 x21:0xfffffff7 x10:0x80009f84 x18=0x0fffffff
        2845000	       283	80000228	fff20213	addi	x4,x4,-1	  x4:0xfffffffe  x4=0xfffffffd
        2855000	       284	8000022c	400a85b3	sub	x11,x21,x0	 x21:0xfffffff7  x0:0x00000000 x11=0xfffffff7
        2865000	       285	80000230	ff3250e3	bge	x4,x19,80000210	  x4:0xfffffffd x19:0xfffffff3
        2875000	       286	00000000	00000013	addi	x0,x0,0	  x0:0x00000000
        2885000	       287	8000020c	00000013	addi	x0,x0,0	  x0:0x00000000
        2895000	       288	80000210	010aeab3	or	x21,x21,x16	 x21:0xfffffff7 x16:0xffffffd7 x21=0xfffffff7
        2905000	       289	80000214	9ec13697	auipc	x13,0x9ec13	 x13=0x1ec13210
        2915000	       290	80000218	392cb113	sltiu	x2,x25,914	 x25:0x00000002  x2=0x00000001
        2925000	       291	8000021c	c0890413	addi	x8,x18,-1016	 x18:0x0fffffff  x8=0x0ffffc07
        2935000	       292	80000220	002e6a33	or	x20,x28,x2	 x28:0x00000001  x2:0x00000001 x20=0x00000001
        2945000	       293	80000224	00aad933	srl	x18,x21,x10	 x21:0xfffffff7 x10:0x80009f84 x18=0x0fffffff
        2955000	       294	80000228	fff20213	addi	x4,x4,-1	  x4:0xfffffffd  x4=0xfffffffc
        2965000	       295	8000022c	400a85b3	sub	x11,x21,x0	 x21:0xfffffff7  x0:0x00000000 x11=0xfffffff7
        2975000	       296	80000230	ff3250e3	bge	x4,x19,80000210	  x4:0xfffffffc x19:0xfffffff3
        2985000	       297	00000000	00000013	addi	x0,x0,0	  x0:0x00000000
        2995000	       298	8000020c	00000013	addi	x0,x0,0	  x0:0x00000000
        3005000	       299	80000210	010aeab3	or	x21,x21,x16	 x21:0xfffffff7 x16:0xffffffd7 x21=0xfffffff7
        3015000	       300	80000214	9ec13697	auipc	x13,0x9ec13	 x13=0x1ec13210
        3025000	       301	80000218	392cb113	sltiu	x2,x25,914	 x25:0x00000002  x2=0x00000001
        3035000	       302	8000021c	c0890413	addi	x8,x18,-1016	 x18:0x0fffffff  x8=0x0ffffc07
        3045000	       303	80000220	002e6a33	or	x20,x28,x2	 x28:0x00000001  x2:0x00000001 x20=0x00000001
        3055000	       304	80000224	00aad933	srl	x18,x21,x10	 x21:0xfffffff7 x10:0x80009f84 x18=0x0fffffff
        3065000	       305	80000228	fff20213	addi	x4,x4,-1	  x4:0xfffffffc  x4=0xfffffffb
        3075000	       306	8000022c	400a85b3	sub	x11,x21,x0	 x21:0xfffffff7  x0:0x00000000 x11=0xfffffff7
        3085000	       307	80000230	ff3250e3	bge	x4,x19,80000210	  x4:0xfffffffb x19:0xfffffff3
        3095000	       308	00000000	00000013	addi	x0,x0,0	  x0:0x00000000
        3105000	       309	8000020c	00000013	addi	x0,x0,0	  x0:0x00000000
        3115000	       310	80000210	010aeab3	or	x21,x21,x16	 x21:0xfffffff7 x16:0xffffffd7 x21=0xfffffff7
        3125000	       311	80000214	9ec13697	auipc	x13,0x9ec13	 x13=0x1ec13210
        3135000	       312	80000218	392cb113	sltiu	x2,x25,914	 x25:0x00000002  x2=0x00000001
        3145000	       313	8000021c	c0890413	addi	x8,x18,-1016	 x18:0x0fffffff  x8=0x0ffffc07
        3155000	       314	80000220	002e6a33	or	x20,x28,x2	 x28:0x00000001  x2:0x00000001 x20=0x00000001
        3165000	       315	80000224	00aad933	srl	x18,x21,x10	 x21:0xfffffff7 x10:0x80009f84 x18=0x0fffffff
        3175000	       316	80000228	fff20213	addi	x4,x4,-1	  x4:0xfffffffb  x4=0xfffffffa
        3185000	       317	8000022c	400a85b3	sub	x11,x21,x0	 x21:0xfffffff7  x0:0x00000000 x11=0xfffffff7
        3195000	       318	80000230	ff3250e3	bge	x4,x19,80000210	  x4:0xfffffffa x19:0xfffffff3
        3205000	       319	00000000	00000013	addi	x0,x0,0	  x0:0x00000000
        3215000	       320	8000020c	00000013	addi	x0,x0,0	  x0:0x00000000
        3225000	       321	80000210	010aeab3	or	x21,x21,x16	 x21:0xfffffff7 x16:0xffffffd7 x21=0xfffffff7
        3235000	       322	80000214	9ec13697	auipc	x13,0x9ec13	 x13=0x1ec13210
        3245000	       323	80000218	392cb113	sltiu	x2,x25,914	 x25:0x00000002  x2=0x00000001
        3255000	       324	8000021c	c0890413	addi	x8,x18,-1016	 x18:0x0fffffff  x8=0x0ffffc07
        3265000	       325	80000220	002e6a33	or	x20,x28,x2	 x28:0x00000001  x2:0x00000001 x20=0x00000001
        3275000	       326	80000224	00aad933	srl	x18,x21,x10	 x21:0xfffffff7 x10:0x80009f84 x18=0x0fffffff
        3285000	       327	80000228	fff20213	addi	x4,x4,-1	  x4:0xfffffffa  x4=0xfffffff9
        3295000	       328	8000022c	400a85b3	sub	x11,x21,x0	 x21:0xfffffff7  x0:0x00000000 x11=0xfffffff7
        3305000	       329	80000230	ff3250e3	bge	x4,x19,80000210	  x4:0xfffffff9 x19:0xfffffff3
        3315000	       330	00000000	00000013	addi	x0,x0,0	  x0:0x00000000
        3325000	       331	8000020c	00000013	addi	x0,x0,0	  x0:0x00000000
        3335000	       332	80000210	010aeab3	or	x21,x21,x16	 x21:0xfffffff7 x16:0xffffffd7 x21=0xfffffff7
        3345000	       333	80000214	9ec13697	auipc	x13,0x9ec13	 x13=0x1ec13210
        3355000	       334	80000218	392cb113	sltiu	x2,x25,914	 x25:0x00000002  x2=0x00000001
        3365000	       335	8000021c	c0890413	addi	x8,x18,-1016	 x18:0x0fffffff  x8=0x0ffffc07
        3375000	       336	80000220	002e6a33	or	x20,x28,x2	 x28:0x00000001  x2:0x00000001 x20=0x00000001
        3385000	       337	80000224	00aad933	srl	x18,x21,x10	 x21:0xfffffff7 x10:0x80009f84 x18=0x0fffffff
        3395000	       338	80000228	fff20213	addi	x4,x4,-1	  x4:0xfffffff9  x4=0xfffffff8
        3405000	       339	8000022c	400a85b3	sub	x11,x21,x0	 x21:0xfffffff7  x0:0x00000000 x11=0xfffffff7
        3415000	       340	80000230	ff3250e3	bge	x4,x19,80000210	  x4:0xfffffff8 x19:0xfffffff3
        3425000	       341	00000000	00000013	addi	x0,x0,0	  x0:0x00000000
        3435000	       342	8000020c	00000013	addi	x0,x0,0	  x0:0x00000000
        3445000	       343	80000210	010aeab3	or	x21,x21,x16	 x21:0xfffffff7 x16:0xffffffd7 x21=0xfffffff7
        3455000	       344	80000214	9ec13697	auipc	x13,0x9ec13	 x13=0x1ec13210
        3465000	       345	80000218	392cb113	sltiu	x2,x25,914	 x25:0x00000002  x2=0x00000001
        3475000	       346	8000021c	c0890413	addi	x8,x18,-1016	 x18:0x0fffffff  x8=0x0ffffc07
        3485000	       347	80000220	002e6a33	or	x20,x28,x2	 x28:0x00000001  x2:0x00000001 x20=0x00000001
        3495000	       348	80000224	00aad933	srl	x18,x21,x10	 x21:0xfffffff7 x10:0x80009f84 x18=0x0fffffff
        3505000	       349	80000228	fff20213	addi	x4,x4,-1	  x4:0xfffffff8  x4=0xfffffff7
        3515000	       350	8000022c	400a85b3	sub	x11,x21,x0	 x21:0xfffffff7  x0:0x00000000 x11=0xfffffff7
        3525000	       351	80000230	ff3250e3	bge	x4,x19,80000210	  x4:0xfffffff7 x19:0xfffffff3
        3535000	       352	00000000	00000013	addi	x0,x0,0	  x0:0x00000000
        3545000	       353	8000020c	00000013	addi	x0,x0,0	  x0:0x00000000
        3555000	       354	80000210	010aeab3	or	x21,x21,x16	 x21:0xfffffff7 x16:0xffffffd7 x21=0xfffffff7
        3565000	       355	80000214	9ec13697	auipc	x13,0x9ec13	 x13=0x1ec13210
        3575000	       356	80000218	392cb113	sltiu	x2,x25,914	 x25:0x00000002  x2=0x00000001
        3585000	       357	8000021c	c0890413	addi	x8,x18,-1016	 x18:0x0fffffff  x8=0x0ffffc07
        3595000	       358	80000220	002e6a33	or	x20,x28,x2	 x28:0x00000001  x2:0x00000001 x20=0x00000001
        3605000	       359	80000224	00aad933	srl	x18,x21,x10	 x21:0xfffffff7 x10:0x80009f84 x18=0x0fffffff
        3615000	       360	80000228	fff20213	addi	x4,x4,-1	  x4:0xfffffff7  x4=0xfffffff6
        3625000	       361	8000022c	400a85b3	sub	x11,x21,x0	 x21:0xfffffff7  x0:0x00000000 x11=0xfffffff7
        3635000	       362	80000230	ff3250e3	bge	x4,x19,80000210	  x4:0xfffffff6 x19:0xfffffff3
        3645000	       363	00000000	00000013	addi	x0,x0,0	  x0:0x00000000
        3655000	       364	8000020c	00000013	addi	x0,x0,0	  x0:0x00000000
        3665000	       365	80000210	010aeab3	or	x21,x21,x16	 x21:0xfffffff7 x16:0xffffffd7 x21=0xfffffff7
        3675000	       366	80000214	9ec13697	auipc	x13,0x9ec13	 x13=0x1ec13210
        3685000	       367	80000218	392cb113	sltiu	x2,x25,914	 x25:0x00000002  x2=0x00000001
        3695000	       368	8000021c	c0890413	addi	x8,x18,-1016	 x18:0x0fffffff  x8=0x0ffffc07
        3705000	       369	80000220	002e6a33	or	x20,x28,x2	 x28:0x00000001  x2:0x00000001 x20=0x00000001
        3715000	       370	80000224	00aad933	srl	x18,x21,x10	 x21:0xfffffff7 x10:0x80009f84 x18=0x0fffffff
        3725000	       371	80000228	fff20213	addi	x4,x4,-1	  x4:0xfffffff6  x4=0xfffffff5
        3735000	       372	8000022c	400a85b3	sub	x11,x21,x0	 x21:0xfffffff7  x0:0x00000000 x11=0xfffffff7
        3745000	       373	80000230	ff3250e3	bge	x4,x19,80000210	  x4:0xfffffff5 x19:0xfffffff3
        3755000	       374	00000000	00000013	addi	x0,x0,0	  x0:0x00000000
        3765000	       375	8000020c	00000013	addi	x0,x0,0	  x0:0x00000000
        3775000	       376	80000210	010aeab3	or	x21,x21,x16	 x21:0xfffffff7 x16:0xffffffd7 x21=0xfffffff7
        3785000	       377	80000214	9ec13697	auipc	x13,0x9ec13	 x13=0x1ec13210
        3795000	       378	80000218	392cb113	sltiu	x2,x25,914	 x25:0x00000002  x2=0x00000001
        3805000	       379	8000021c	c0890413	addi	x8,x18,-1016	 x18:0x0fffffff  x8=0x0ffffc07
        3815000	       380	80000220	002e6a33	or	x20,x28,x2	 x28:0x00000001  x2:0x00000001 x20=0x00000001
        3825000	       381	80000224	00aad933	srl	x18,x21,x10	 x21:0xfffffff7 x10:0x80009f84 x18=0x0fffffff
        3835000	       382	80000228	fff20213	addi	x4,x4,-1	  x4:0xfffffff5  x4=0xfffffff4
        3845000	       383	8000022c	400a85b3	sub	x11,x21,x0	 x21:0xfffffff7  x0:0x00000000 x11=0xfffffff7
        3855000	       384	80000230	ff3250e3	bge	x4,x19,80000210	  x4:0xfffffff4 x19:0xfffffff3
        3865000	       385	00000000	00000013	addi	x0,x0,0	  x0:0x00000000
        3875000	       386	8000020c	00000013	addi	x0,x0,0	  x0:0x00000000
        3885000	       387	80000210	010aeab3	or	x21,x21,x16	 x21:0xfffffff7 x16:0xffffffd7 x21=0xfffffff7
        3895000	       388	80000214	9ec13697	auipc	x13,0x9ec13	 x13=0x1ec13210
        3905000	       389	80000218	392cb113	sltiu	x2,x25,914	 x25:0x00000002  x2=0x00000001
        3915000	       390	8000021c	c0890413	addi	x8,x18,-1016	 x18:0x0fffffff  x8=0x0ffffc07
        3925000	       391	80000220	002e6a33	or	x20,x28,x2	 x28:0x00000001  x2:0x00000001 x20=0x00000001
        3935000	       392	80000224	00aad933	srl	x18,x21,x10	 x21:0xfffffff7 x10:0x80009f84 x18=0x0fffffff
        3945000	       393	80000228	fff20213	addi	x4,x4,-1	  x4:0xfffffff4  x4=0xfffffff3
        3955000	       394	8000022c	400a85b3	sub	x11,x21,x0	 x21:0xfffffff7  x0:0x00000000 x11=0xfffffff7
        3965000	       395	80000230	ff3250e3	bge	x4,x19,80000210	  x4:0xfffffff3 x19:0xfffffff3
        3975000	       396	00000000	00000013	addi	x0,x0,0	  x0:0x00000000
        3985000	       397	8000020c	00000013	addi	x0,x0,0	  x0:0x00000000
        3995000	       398	80000210	010aeab3	or	x21,x21,x16	 x21:0xfffffff7 x16:0xffffffd7 x21=0xfffffff7
        4005000	       399	80000214	9ec13697	auipc	x13,0x9ec13	 x13=0x1ec13210
        4015000	       400	80000218	392cb113	sltiu	x2,x25,914	 x25:0x00000002  x2=0x00000001
        4025000	       401	8000021c	c0890413	addi	x8,x18,-1016	 x18:0x0fffffff  x8=0x0ffffc07
        4035000	       402	80000220	002e6a33	or	x20,x28,x2	 x28:0x00000001  x2:0x00000001 x20=0x00000001
        4045000	       403	80000224	00aad933	srl	x18,x21,x10	 x21:0xfffffff7 x10:0x80009f84 x18=0x0fffffff
        4055000	       404	80000228	fff20213	addi	x4,x4,-1	  x4:0xfffffff3  x4=0xfffffff2
        4065000	       405	8000022c	400a85b3	sub	x11,x21,x0	 x21:0xfffffff7  x0:0x00000000 x11=0xfffffff7
        4075000	       406	80000230	ff3250e3	bge	x4,x19,80000210	  x4:0xfffffff2 x19:0xfffffff3
        4085000	       407	80000234	013222b3	slt	x5,x4,x19	  x4:0xfffffff2 x19:0xfffffff3  x5=0x00000001
        4095000	       408	80000238	41365d93	srai	x27,x12,0x13	 x12:0x3ae3b208 x27=0x0000075c
        4105000	       409	8000023c	00000013	addi	x0,x0,0	  x0:0x00000000
        4115000	       410	80000240	e6186bb7	lui	x23,0xe6186	 x23=0xe6186000
        4125000	       411	80000244	fafc54e3	bge	x24,x15,800001ec	 x24:0xfffffff2 x15:0xfffffffa
        4135000	       412	80000248	00b6e1b3	or	x3,x13,x11	 x13:0x1ec13210 x11:0xfffffff7  x3=0xfffffff7
        4145000	       413	8000024c	00300293	addi	x5,x0,3	  x0:0x00000000  x5=0x00000003
        4155000	       414	80000250	00900113	addi	x2,x0,9	  x0:0x00000000  x2=0x00000009
        4165000	       415	80000254	40cedb33	sra	x22,x29,x12	 x29:0x8000000c x12:0x3ae3b208 x22=0xff800000
        4175000	       416	80000258	04174c13	xori	x24,x14,65	 x14:0x80009fc4 x24=0x80009f85
        4185000	       417	8000025c	00628293	addi	x5,x5,6	  x5:0x00000003  x5=0x00000009
        4195000	       418	80000260	00000013	addi	x0,x0,0	  x0:0x00000000
        4205000	       419	80000264	00200e13	addi	x28,x0,2	  x0:0x00000000 x28=0x00000002
        4215000	       420	80000268	ffc00213	addi	x4,x0,-4	  x0:0x00000000  x4=0xfffffffc
        4225000	       421	8000026c	00a667b3	or	x15,x12,x10	 x12:0x3ae3b208 x10:0x80009f84 x15=0xbae3bf8c
        4235000	       422	80000270	017a2cb3	slt	x25,x20,x23	 x20:0x00000001 x23:0xe6186000 x25=0x00000000
        4245000	       423	80000274	00000013	addi	x0,x0,0	  x0:0x00000000
        4255000	       424	80000278	fffe0e13	addi	x28,x28,-1	 x28:0x00000002 x28=0x00000001
        4265000	       425	8000027c	fe4e1ae3	bne	x28,x4,80000270	 x28:0x00000001  x4:0xfffffffc
        4275000	       426	00000000	00000013	addi	x0,x0,0	  x0:0x00000000
        4285000	       427	8000026c	00000013	addi	x0,x0,0	  x0:0x00000000
        4295000	       428	80000270	017a2cb3	slt	x25,x20,x23	 x20:0x00000001 x23:0xe6186000 x25=0x00000000
        4305000	       429	80000274	00000013	addi	x0,x0,0	  x0:0x00000000
        4315000	       430	80000278	fffe0e13	addi	x28,x28,-1	 x28:0x00000001 x28=0x00000000
        4325000	       431	8000027c	fe4e1ae3	bne	x28,x4,80000270	 x28:0x00000000  x4:0xfffffffc
        4335000	       432	00000000	00000013	addi	x0,x0,0	  x0:0x00000000
        4345000	       433	8000026c	00000013	addi	x0,x0,0	  x0:0x00000000
        4355000	       434	80000270	017a2cb3	slt	x25,x20,x23	 x20:0x00000001 x23:0xe6186000 x25=0x00000000
        4365000	       435	80000274	00000013	addi	x0,x0,0	  x0:0x00000000
        4375000	       436	80000278	fffe0e13	addi	x28,x28,-1	 x28:0x00000000 x28=0xffffffff
        4385000	       437	8000027c	fe4e1ae3	bne	x28,x4,80000270	 x28:0xffffffff  x4:0xfffffffc
        4395000	       438	00000000	00000013	addi	x0,x0,0	  x0:0x00000000
        4405000	       439	8000026c	00000013	addi	x0,x0,0	  x0:0x00000000
        4415000	       440	80000270	017a2cb3	slt	x25,x20,x23	 x20:0x00000001 x23:0xe6186000 x25=0x00000000
        4425000	       441	80000274	00000013	addi	x0,x0,0	  x0:0x00000000
        4435000	       442	80000278	fffe0e13	addi	x28,x28,-1	 x28:0xffffffff x28=0xfffffffe
        4445000	       443	8000027c	fe4e1ae3	bne	x28,x4,80000270	 x28:0xfffffffe  x4:0xfffffffc
        4455000	       444	00000000	00000013	addi	x0,x0,0	  x0:0x00000000
        4465000	       445	8000026c	00000013	addi	x0,x0,0	  x0:0x00000000
        4475000	       446	80000270	017a2cb3	slt	x25,x20,x23	 x20:0x00000001 x23:0xe6186000 x25=0x00000000
        4485000	       447	80000274	00000013	addi	x0,x0,0	  x0:0x00000000
        4495000	       448	80000278	fffe0e13	addi	x28,x28,-1	 x28:0xfffffffe x28=0xfffffffd
        4505000	       449	8000027c	fe4e1ae3	bne	x28,x4,80000270	 x28:0xfffffffd  x4:0xfffffffc
        4515000	       450	00000000	00000013	addi	x0,x0,0	  x0:0x00000000
        4525000	       451	8000026c	00000013	addi	x0,x0,0	  x0:0x00000000
        4535000	       452	80000270	017a2cb3	slt	x25,x20,x23	 x20:0x00000001 x23:0xe6186000 x25=0x00000000
        4545000	       453	80000274	00000013	addi	x0,x0,0	  x0:0x00000000
        4555000	       454	80000278	fffe0e13	addi	x28,x28,-1	 x28:0xfffffffd x28=0xfffffffc
        4565000	       455	8000027c	fe4e1ae3	bne	x28,x4,80000270	 x28:0xfffffffc  x4:0xfffffffc
        4575000	       456	80000280	26786a13	ori	x20,x16,615	 x16:0xffffffd7 x20=0xfffffff7
        4585000	       457	80000284	64678193	addi	x3,x15,1606	 x15:0xbae3bf8c  x3=0xbae3c5d2
        4595000	       458	80000288	fc2288e3	beq	x5,x2,80000258	  x5:0x00000009  x2:0x00000009
        4605000	       459	00000000	00000013	addi	x0,x0,0	  x0:0x00000000
        4615000	       460	80000254	00000013	addi	x0,x0,0	  x0:0x00000000
        4625000	       461	80000258	04174c13	xori	x24,x14,65	 x14:0x80009fc4 x24=0x80009f85
        4635000	       462	8000025c	00628293	addi	x5,x5,6	  x5:0x00000009  x5=0x0000000f
        4645000	       463	80000260	00000013	addi	x0,x0,0	  x0:0x00000000
        4655000	       464	80000264	00200e13	addi	x28,x0,2	  x0:0x00000000 x28=0x00000002
        4665000	       465	80000268	ffc00213	addi	x4,x0,-4	  x0:0x00000000  x4=0xfffffffc
        4675000	       466	8000026c	00a667b3	or	x15,x12,x10	 x12:0x3ae3b208 x10:0x80009f84 x15=0xbae3bf8c
        4685000	       467	80000270	017a2cb3	slt	x25,x20,x23	 x20:0xfffffff7 x23:0xe6186000 x25=0x00000000
        4695000	       468	80000274	00000013	addi	x0,x0,0	  x0:0x00000000
        4705000	       469	80000278	fffe0e13	addi	x28,x28,-1	 x28:0x00000002 x28=0x00000001
        4715000	       470	8000027c	fe4e1ae3	bne	x28,x4,80000270	 x28:0x00000001  x4:0xfffffffc
        4725000	       471	00000000	00000013	addi	x0,x0,0	  x0:0x00000000
        4735000	       472	8000026c	00000013	addi	x0,x0,0	  x0:0x00000000
        4745000	       473	80000270	017a2cb3	slt	x25,x20,x23	 x20:0xfffffff7 x23:0xe6186000 x25=0x00000000
        4755000	       474	80000274	00000013	addi	x0,x0,0	  x0:0x00000000
        4765000	       475	80000278	fffe0e13	addi	x28,x28,-1	 x28:0x00000001 x28=0x00000000
        4775000	       476	8000027c	fe4e1ae3	bne	x28,x4,80000270	 x28:0x00000000  x4:0xfffffffc
        4785000	       477	00000000	00000013	addi	x0,x0,0	  x0:0x00000000
        4795000	       478	8000026c	00000013	addi	x0,x0,0	  x0:0x00000000
        4805000	       479	80000270	017a2cb3	slt	x25,x20,x23	 x20:0xfffffff7 x23:0xe6186000 x25=0x00000000
        4815000	       480	80000274	00000013	addi	x0,x0,0	  x0:0x00000000
        4825000	       481	80000278	fffe0e13	addi	x28,x28,-1	 x28:0x00000000 x28=0xffffffff
        4835000	       482	8000027c	fe4e1ae3	bne	x28,x4,80000270	 x28:0xffffffff  x4:0xfffffffc
        4845000	       483	00000000	00000013	addi	x0,x0,0	  x0:0x00000000
        4855000	       484	8000026c	00000013	addi	x0,x0,0	  x0:0x00000000
        4865000	       485	80000270	017a2cb3	slt	x25,x20,x23	 x20:0xfffffff7 x23:0xe6186000 x25=0x00000000
        4875000	       486	80000274	00000013	addi	x0,x0,0	  x0:0x00000000
        4885000	       487	80000278	fffe0e13	addi	x28,x28,-1	 x28:0xffffffff x28=0xfffffffe
        4895000	       488	8000027c	fe4e1ae3	bne	x28,x4,80000270	 x28:0xfffffffe  x4:0xfffffffc
        4905000	       489	00000000	00000013	addi	x0,x0,0	  x0:0x00000000
        4915000	       490	8000026c	00000013	addi	x0,x0,0	  x0:0x00000000
        4925000	       491	80000270	017a2cb3	slt	x25,x20,x23	 x20:0xfffffff7 x23:0xe6186000 x25=0x00000000
        4935000	       492	80000274	00000013	addi	x0,x0,0	  x0:0x00000000
        4945000	       493	80000278	fffe0e13	addi	x28,x28,-1	 x28:0xfffffffe x28=0xfffffffd
        4955000	       494	8000027c	fe4e1ae3	bne	x28,x4,80000270	 x28:0xfffffffd  x4:0xfffffffc
        4965000	       495	00000000	00000013	addi	x0,x0,0	  x0:0x00000000
        4975000	       496	8000026c	00000013	addi	x0,x0,0	  x0:0x00000000
        4985000	       497	80000270	017a2cb3	slt	x25,x20,x23	 x20:0xfffffff7 x23:0xe6186000 x25=0x00000000
        4995000	       498	80000274	00000013	addi	x0,x0,0	  x0:0x00000000
        5005000	       499	80000278	fffe0e13	addi	x28,x28,-1	 x28:0xfffffffd x28=0xfffffffc
        5015000	       500	8000027c	fe4e1ae3	bne	x28,x4,80000270	 x28:0xfffffffc  x4:0xfffffffc
        5025000	       501	80000280	26786a13	ori	x20,x16,615	 x16:0xffffffd7 x20=0xfffffff7
        5035000	       502	80000284	64678193	addi	x3,x15,1606	 x15:0xbae3bf8c  x3=0xbae3c5d2
        5045000	       503	80000288	fc2288e3	beq	x5,x2,80000258	  x5:0x0000000f  x2:0x00000009
        5055000	       504	8000028c	0080df33	srl	x30,x1,x8	  x1:0x0000000f  x8:0x0ffffc07 x30=0x00000000
        5065000	       505	80000290	00900793	addi	x15,x0,9	  x0:0x00000000 x15=0x00000009
        5075000	       506	80000294	fa40f913	andi	x18,x1,-92	  x1:0x0000000f x18=0x00000004
        5085000	       507	80000298	0190d193	srli	x3,x1,0x19	  x1:0x0000000f  x3=0x00000000
        5095000	       508	8000029c	01a59b93	slli	x23,x11,0x1a	 x11:0xfffffff7 x23=0xdc000000
        5105000	       509	800002a0	00900313	addi	x6,x0,9	  x0:0x00000000  x6=0x00000009
        5115000	       510	800002a4	017939b3	sltu	x19,x18,x23	 x18:0x00000004 x23:0xdc000000 x19=0x00000001
        5125000	       511	800002a8	00000013	addi	x0,x0,0	  x0:0x00000000
        5135000	       512	800002ac	ff878793	addi	x15,x15,-8	 x15:0x00000009 x15=0x00000001
        5145000	       513	800002b0	94e8be13	sltiu	x28,x17,-1714	 x17:0x00000000 x28=0x00000001
        5155000	       514	800002b4	00900113	addi	x2,x0,9	  x0:0x00000000  x2=0x00000009
        5165000	       515	800002b8	ff500593	addi	x11,x0,-11	  x0:0x00000000 x11=0xfffffff5
        5175000	       516	800002bc	01dea633	slt	x12,x29,x29	 x29:0x8000000c x29:0x8000000c x12=0x00000000
        5185000	       517	800002c0	51a6b913	sltiu	x18,x13,1306	 x13:0x1ec13210 x18=0x00000000
        5195000	       518	800002c4	01325bb3	srl	x23,x4,x19	  x4:0xfffffffc x19:0x00000001 x23=0x7ffffffe
        5205000	       519	800002c8	00156eb3	or	x29,x10,x1	 x10:0x80009f84  x1:0x0000000f x29=0x80009f8f
        5215000	       520	800002cc	ffb10113	addi	x2,x2,-5	  x2:0x00000009  x2=0x00000004
        5225000	       521	800002d0	feb106e3	beq	x2,x11,800002bc	  x2:0x00000004 x11:0xfffffff5
        5235000	       522	800002d4	7f8fe493	ori	x9,x31,2040	 x31:0x02a4db96  x9=0x02a4dffe
        5245000	       523	800002d8	41705033	sra	x0,x0,x23	  x0:0x00000000 x23:0x7ffffffe
        5255000	       524	800002dc	72462c93	slti	x25,x12,1828	 x12:0x00000000 x25=0x00000001
        5265000	       525	800002e0	fc67f2e3	bgeu	x15,x6,800002a4	 x15:0x00000001  x6:0x00000009
        5275000	       526	800002e4	007444b3	xor	x9,x8,x7	  x8:0x0ffffc07  x7:0x00000000  x9=0x0ffffc07
        5285000	       527	800002e8	41268eb3	sub	x29,x13,x18	 x13:0x1ec13210 x18:0x00000000 x29=0x1ec13210
        5295000	       528	800002ec	40ab5b13	srai	x22,x22,0xa	 x22:0xff800000 x22=0xffffe000
        5305000	       529	800002f0	419d8933	sub	x18,x27,x25	 x27:0x0000075c x25:0x00000001 x18=0x0000075b
        5315000	       530	800002f4	058d1063	bne	x26,x24,80000334	 x26:0x00000001 x24:0x80009f85
        5325000	       531	00000000	00000013	addi	x0,x0,0	  x0:0x00000000
        5335000	       532	80000330	00000013	addi	x0,x0,0	  x0:0x00000000
        5345000	       533	80000334	09c90c63	beq	x18,x28,800003cc	 x18:0x0000075b x28:0x00000001
        5355000	       534	80000338	2c9f4b93	xori	x23,x30,713	 x30:0x00000000 x23=0x000002c9
        5365000	       535	8000033c	01500433	add	x8,x0,x21	  x0:0x00000000 x21:0xfffffff7  x8=0xfffffff7
        5375000	       536	80000340	00ba6333	or	x6,x20,x11	 x20:0xfffffff7 x11:0xfffffff5  x6=0xfffffff7
        5385000	       537	80000344	6d27ad93	slti	x27,x15,1746	 x15:0x00000001 x27=0x00000001
        5395000	       538	80000348	35ae5cb7	lui	x25,0x35ae5	 x25=0x35ae5000
        5405000	       539	8000034c	01a3fd33	and	x26,x7,x26	  x7:0x00000000 x26:0x00000001 x26=0x00000000
        5415000	       540	80000350	01649a63	bne	x9,x22,80000364	  x9:0x0ffffc07 x22:0xffffe000
        5425000	       541	00000000	00000013	addi	x0,x0,0	  x0:0x00000000
        5435000	       542	80000360	00000013	addi	x0,x0,0	  x0:0x00000000
        5445000	       543	80000364	2e9dc993	xori	x19,x27,745	 x27:0x00000001 x19=0x000002e8
        5455000	       544	80000368	01d6d0b3	srl	x1,x13,x29	 x13:0x1ec13210 x29:0x1ec13210  x1=0x00001ec1
        5465000	       545	8000036c	41e45833	sra	x16,x8,x30	  x8:0xfffffff7 x30:0x00000000 x16=0xfffffff7
        5475000	       546	80000370	06f26c63	bltu	x4,x15,800003e8	  x4:0xfffffffc x15:0x00000001
        5485000	       547	80000374	08ea6863	bltu	x20,x14,80000404	 x20:0xfffffff7 x14:0x80009fc4
        5495000	       548	80000378	0548ee63	bltu	x17,x20,800003d4	 x17:0x00000000 x20:0xfffffff7
        5505000	       549	00000000	00000013	addi	x0,x0,0	  x0:0x00000000
        5515000	       550	800003d0	00000013	addi	x0,x0,0	  x0:0x00000000
        5525000	       551	800003d4	41455d13	srai	x26,x10,0x14	 x10:0x80009f84 x26=0xfffff800
        5535000	       552	800003d8	0114de63	bge	x9,x17,800003f4	  x9:0x0ffffc07 x17:0x00000000
        5545000	       553	00000000	00000013	addi	x0,x0,0	  x0:0x00000000
        5555000	       554	800003f0	00000013	addi	x0,x0,0	  x0:0x00000000
        5565000	       555	800003f4	01b46133	or	x2,x8,x27	  x8:0xfffffff7 x27:0x00000001  x2=0xfffffff7
        5575000	       556	800003f8	5e818cb7	lui	x25,0x5e818	 x25=0x5e818000
        5585000	       557	800003fc	00e35393	srli	x7,x6,0xe	  x6:0xfffffff7  x7=0x0003ffff
        5595000	       558	80000400	0191cdb3	xor	x27,x3,x25	  x3:0x00000000 x25:0x5e818000 x27=0x5e818000
        5605000	       559	80000404	03ecfa63	bgeu	x25,x30,80000438	 x25:0x5e818000 x30:0x00000000
        5615000	       560	00000000	00000013	addi	x0,x0,0	  x0:0x00000000
        5625000	       561	80000434	00000013	addi	x0,x0,0	  x0:0x00000000
        5635000	       562	80000438	17ed8c93	addi	x25,x27,382	 x27:0x5e818000 x25=0x5e81817e
        5645000	       563	8000043c	0087dd33	srl	x26,x15,x8	 x15:0x00000001  x8:0xfffffff7 x26=0x00000000
        5655000	       564	80000440	01ccc433	xor	x8,x25,x28	 x25:0x5e81817e x28:0x00000001  x8=0x5e81817f
        5665000	       565	80000444	008c2b33	slt	x22,x24,x8	 x24:0x80009f85  x8:0x5e81817f x22=0x00000001
        5675000	       566	80000448	0255ce63	blt	x11,x5,80000484	 x11:0xfffffff5  x5:0x0000000f
        5685000	       567	00000000	00000013	addi	x0,x0,0	  x0:0x00000000
        5695000	       568	80000480	00000013	addi	x0,x0,0	  x0:0x00000000
        5705000	       569	80000484	00000013	addi	x0,x0,0	  x0:0x00000000
        5715000	       570	80000488	0185ceb3	xor	x29,x11,x24	 x11:0xfffffff5 x24:0x80009f85 x29=0x7fff6070
        5725000	       571	8000048c	00e303b3	add	x7,x6,x14	  x6:0xfffffff7 x14:0x80009fc4  x7=0x80009fbb
        5735000	       572	80000490	00cfd113	srli	x2,x31,0xc	 x31:0x02a4db96  x2=0x00002a4d
        5745000	       573	80000494	8bbf6c13	ori	x24,x30,-1861	 x30:0x00000000 x24=0xfffff8bb
        5755000	       574	80000498	0002d993	srli	x19,x5,0x0	  x5:0x0000000f x19=0x0000000f
        5765000	       575	8000049c	01dd9133	sll	x2,x27,x29	 x27:0x5e818000 x29:0x7fff6070  x2=0x80000000
        5775000	       576	800004a0	0133f1b3	and	x3,x7,x19	  x7:0x80009fbb x19:0x0000000f  x3=0x0000000b
        5785000	       577	800004a4	027de663	bltu	x27,x7,800004d0	 x27:0x5e818000  x7:0x80009fbb
        5795000	       578	00000000	00000013	addi	x0,x0,0	  x0:0x00000000
        5805000	       579	800004cc	00000013	addi	x0,x0,0	  x0:0x00000000
        5815000	       580	800004d0	00b4da93	srli	x21,x9,0xb	  x9:0x0ffffc07 x21=0x0001ffff
        5825000	       581	800004d4	93518b13	addi	x22,x3,-1739	  x3:0x0000000b x22=0xfffff940
        5835000	       582	800004d8	0319d263	bge	x19,x17,800004fc	 x19:0x0000000f x17:0x00000000
        5845000	       583	00000000	00000013	addi	x0,x0,0	  x0:0x00000000
        5855000	       584	800004f8	00000013	addi	x0,x0,0	  x0:0x00000000
        5865000	       585	800004fc	127fcc93	xori	x25,x31,295	 x31:0x02a4db96 x25=0x02a4dab1
        5875000	       586	80000500	00000013	addi	x0,x0,0	  x0:0x00000000
        5885000	       587	80000504	4069d9b3	sra	x19,x19,x6	 x19:0x0000000f  x6:0xfffffff7 x19=0x00000000
        5895000	       588	80000508	0053e3b3	or	x7,x7,x5	  x7:0x80009fbb  x5:0x0000000f  x7=0x80009fbf
        5905000	       589	8000050c	005cd3b3	srl	x7,x25,x5	 x25:0x02a4dab1  x5:0x0000000f  x7=0x00000549
        5915000	       590	80000510	00000013	addi	x0,x0,0	  x0:0x00000000
        5925000	       591	80000514	00c48ab3	add	x21,x9,x12	  x9:0x0ffffc07 x12:0x00000000 x21=0x0ffffc07
        5935000	       592	80000518	00000013	addi	x0,x0,0	  x0:0x00000000
        5945000	       593	8000051c	41768a33	sub	x20,x13,x23	 x13:0x1ec13210 x23:0x000002c9 x20=0x1ec12f47
        5955000	       594	80000520	0159b1b3	sltu	x3,x19,x21	 x19:0x00000000 x21:0x0ffffc07  x3=0x00000001
        5965000	       595	80000524	decfce13	xori	x28,x31,-532	 x31:0x02a4db96 x28=0xfd5b267a
        5975000	       596	80000528	a7c081b7	lui	x3,0xa7c08	  x3=0xa7c08000
        5985000	       597	8000052c	01dbde63	bge	x23,x29,80000548	 x23:0x000002c9 x29:0x7fff6070
        5995000	       598	80000530	67bc2197	auipc	x3,0x67bc2	  x3=0xe7bc252c
        6005000	       599	80000534	03421463	bne	x4,x20,8000055c	  x4:0xfffffffc x20:0x1ec12f47
        6015000	       600	00000000	00000013	addi	x0,x0,0	  x0:0x00000000
        6025000	       601	80000558	00000013	addi	x0,x0,0	  x0:0x00000000
        6035000	       602	8000055c	019a10b3	sll	x1,x20,x25	 x20:0x1ec12f47 x25:0x02a4dab1  x1=0x5e8e0000
        6045000	       603	80000560	00000013	addi	x0,x0,0	  x0:0x00000000
        6055000	       604	80000564	37fe8493	addi	x9,x29,895	 x29:0x7fff6070  x9=0x7fff63ef
        6065000	       605	80000568	014fc3b3	xor	x7,x31,x20	 x31:0x02a4db96 x20:0x1ec12f47  x7=0x1c65f4d1
        6075000	       606	8000056c	1c3eff13	andi	x30,x29,451	 x29:0x7fff6070 x30=0x00000040
        6085000	       607	80000570	01e362b3	or	x5,x6,x30	  x6:0xfffffff7 x30:0x00000040  x5=0xfffffff7
        6095000	       608	80000574	01fad4b3	srl	x9,x21,x31	 x21:0x0ffffc07 x31:0x02a4db96  x9=0x0000003f
        6105000	       609	80000578	01891a93	slli	x21,x18,0x18	 x18:0x0000075b x21=0x5b000000
        6115000	       610	8000057c	0080cf33	xor	x30,x1,x8	  x1:0x5e8e0000  x8:0x5e81817f x30=0x000f817f
        6125000	       611	80000580	4c645237	lui	x4,0x4c645	  x4=0x4c645000
        6135000	       612	80000584	019c1113	slli	x2,x24,0x19	 x24:0xfffff8bb  x2=0x76000000
        6145000	       613	80000588	0183ddb3	srl	x27,x7,x24	  x7:0x1c65f4d1 x24:0xfffff8bb x27=0x00000003
        6155000	       614	8000058c	41908133	sub	x2,x1,x25	  x1:0x5e8e0000 x25:0x02a4dab1  x2=0x5be9254f
        6165000	       615	80000590	9332a613	slti	x12,x5,-1741	  x5:0xfffffff7 x12=0x00000000
        6175000	       616	80000594	9b1b4413	xori	x8,x22,-1615	 x22:0xfffff940  x8=0x000000f1
        6185000	       617	80000598	02ff5463	bge	x30,x15,800005c0	 x30:0x000f817f x15:0x00000001
        6195000	       618	00000000	00000013	addi	x0,x0,0	  x0:0x00000000
        6205000	       619	800005bc	00000013	addi	x0,x0,0	  x0:0x00000000
        6215000	       620	800005c0	0106f4b3	and	x9,x13,x16	 x13:0x1ec13210 x16:0xfffffff7  x9=0x1ec13210
        6225000	       621	800005c4	045e5863	bge	x28,x5,80000614	 x28:0xfd5b267a  x5:0xfffffff7
        6235000	       622	800005c8	44963093	sltiu	x1,x12,1097	 x12:0x00000000  x1=0x00000001
        6245000	       623	800005cc	01d8c8b3	xor	x17,x17,x29	 x17:0x00000000 x29:0x7fff6070 x17=0x7fff6070
        6255000	       624	800005d0	050f0263	beq	x30,x16,80000614	 x30:0x000f817f x16:0xfffffff7
        6265000	       625	800005d4	00abdbb3	srl	x23,x23,x10	 x23:0x000002c9 x10:0x80009f84 x23=0x0000002c
        6275000	       626	800005d8	01db6e33	or	x28,x22,x29	 x22:0xfffff940 x29:0x7fff6070 x28=0xfffff970
        6285000	       627	800005dc	00001897	auipc	x17,0x1	 x17=0x800015d8
        6295000	       628	800005e0	31888893	addi	x17,x17,792	 x17:0x800015d8 x17=0x800018f0
        6305000	       629	800005e4	4168d633	sra	x12,x17,x22	 x17:0x800018f0 x22:0xfffff940 x12=0x800018f0
        6315000	       630	800005e8	005650b3	srl	x1,x12,x5	 x12:0x800018f0  x5:0xfffffff7  x1=0x00000100
        6325000	       631	800005ec	1f388893	addi	x17,x17,499	 x17:0x800018f0 x17=0x80001ae3
        6335000	       632	800005f0	26014113	xori	x2,x2,608	  x2:0x5be9254f  x2=0x5be9272f
        6345000	       633	800005f4	e0d880e7	jalr	x1,x17,-499	 x17:0x80001ae3  x1=0x800005f4
        6355000	       634	00000000	00000013	addi	x0,x0,0	  x0:0x00000000
        6365000	       635	800018f0	00000013	addi	x0,x0,0	  x0:0x00000000
        6375000	       636	800018f4	fd050513	addi	x10,x10,-48	 x10:0x80009f84 x10=0x80009f54
        6385000	       637	800018f8	009c98b3	sll	x17,x25,x9	 x25:0x02a4dab1  x9:0x1ec13210 x17=0xdab10000
        6395000	       638	800018fc	5774ca93	xori	x21,x9,1399	  x9:0x1ec13210 x21=0x1ec13767
        6405000	       639	80001900	00152223	sw	x1,4(x10)	 x10:0x80009f54  x1:0x800005f4 PA:0x80009f58
        6415000	       640	80001904	37c23113	sltiu	x2,x4,892	  x4:0x4c645000  x2=0x00000000
        6425000	       641	80001908	ff700693	addi	x13,x0,-9	  x0:0x00000000 x13=0xfffffff7
        6435000	       642	8000190c	00900d93	addi	x27,x0,9	  x0:0x00000000 x27=0x00000009
        6445000	       643	80001910	416f01b3	sub	x3,x30,x22	 x30:0x000f817f x22:0xfffff940  x3=0x000f883f
        6455000	       644	80001914	01ab7c33	and	x24,x22,x26	 x22:0xfffff940 x26:0x00000000 x24=0x00000000
        6465000	       645	80001918	000a3133	sltu	x2,x20,x0	 x20:0x1ec12f47  x0:0x00000000  x2=0x00000000
        6475000	       646	8000191c	414e85b3	sub	x11,x29,x20	 x29:0x7fff6070 x20:0x1ec12f47 x11=0x613e3129
        6485000	       647	80001920	31d6a597	auipc	x11,0x31d6a	 x11=0xb1d6b91c
        6495000	       648	80001924	00268693	addi	x13,x13,2	 x13:0xfffffff7 x13=0xfffffff9
        6505000	       649	80001928	41d2d8b3	sra	x17,x5,x29	  x5:0xfffffff7 x29:0x7fff6070 x17=0xffffffff
        6515000	       650	8000192c	ff900313	addi	x6,x0,-7	  x0:0x00000000  x6=0xfffffff9
        6525000	       651	80001930	ff900793	addi	x15,x0,-7	  x0:0x00000000 x15=0xfffffff9
        6535000	       652	80001934	00a95133	srl	x2,x18,x10	 x18:0x0000075b x10:0x80009f54  x2=0x00000000
        6545000	       653	80001938	ff81fb93	andi	x23,x3,-8	  x3:0x000f883f x23=0x000f8838
        6555000	       654	8000193c	018d1c33	sll	x24,x26,x24	 x26:0x00000000 x24:0x00000000 x24=0x00000000
        6565000	       655	80001940	ffc30313	addi	x6,x6,-4	  x6:0xfffffff9  x6=0xfffffff5
        6575000	       656	80001944	fef35ae3	bge	x6,x15,80001938	  x6:0xfffffff5 x15:0xfffffff9
        6585000	       657	80001948	82a6a293	slti	x5,x13,-2006	 x13:0xfffffff9  x5=0x00000000
        6595000	       658	8000194c	fdb6e6e3	bltu	x13,x27,80001918	 x13:0xfffffff9 x27:0x00000009
        6605000	       659	80001950	41765a33	sra	x20,x12,x23	 x12:0x800018f0 x23:0x000f8838 x20=0xffffff80
        6615000	       660	80001954	ffd00d13	addi	x26,x0,-3	  x0:0x00000000 x26=0xfffffffd
        6625000	       661	80001958	ff700693	addi	x13,x0,-9	  x0:0x00000000 x13=0xfffffff7
        6635000	       662	8000195c	00000013	addi	x0,x0,0	  x0:0x00000000
        6645000	       663	80001960	00adda93	srli	x21,x27,0xa	 x27:0x00000009 x21=0x00000000
        6655000	       664	80001964	f9ac0593	addi	x11,x24,-102	 x24:0x00000000 x11=0xffffff9a
        6665000	       665	80001968	00355db3	srl	x27,x10,x3	 x10:0x80009f54  x3:0x000f883f x27=0x00000001
        6675000	       666	8000196c	34d2ee13	ori	x28,x5,845	  x5:0x00000000 x28=0x0000034d
        6685000	       667	80001970	017918b3	sll	x17,x18,x23	 x18:0x0000075b x23:0x000f8838 x17=0x5b000000
        6695000	       668	80001974	40650bb3	sub	x23,x10,x6	 x10:0x80009f54  x6:0xfffffff5 x23=0x80009f5f
        6705000	       669	80001978	454fcc17	auipc	x24,0x454fc	 x24=0xc54fd974
        6715000	       670	8000197c	00365393	srli	x7,x12,0x3	 x12:0x800018f0  x7=0x1000031e
        6725000	       671	80001980	ffdd0d13	addi	x26,x26,-3	 x26:0xfffffffd x26=0xfffffffa
        6735000	       672	80001984	30646393	ori	x7,x8,774	  x8:0x000000f1  x7=0x000003f7
        6745000	       673	80001988	ffb00e93	addi	x29,x0,-5	  x0:0x00000000 x29=0xfffffffb
        6755000	       674	8000198c	006f2133	slt	x2,x30,x6	 x30:0x000f817f  x6:0xfffffff5  x2=0x00000000
        6765000	       675	80001990	ddfd0293	addi	x5,x26,-545	 x26:0xfffffffa  x5=0xfffffdd9
        6775000	       676	80001994	00b00093	addi	x1,x0,11	  x0:0x00000000  x1=0x0000000b
        6785000	       677	80001998	20761c97	auipc	x25,0x20761	 x25=0xa0762994
        6795000	       678	8000199c	01b7e5b3	or	x11,x15,x27	 x15:0xfffffff9 x27:0x00000001 x11=0xfffffff9
        6805000	       679	800019a0	00000013	addi	x0,x0,0	  x0:0x00000000
        6815000	       680	800019a4	6c89f813	andi	x16,x19,1736	 x19:0x00000000 x16=0x00000000
        6825000	       681	800019a8	40e953b3	sra	x7,x18,x14	 x18:0x0000075b x14:0x80009fc4  x7=0x00000075
        6835000	       682	800019ac	00b45bb3	srl	x23,x8,x11	  x8:0x000000f1 x11:0xfffffff9 x23=0x00000000
        6845000	       683	800019b0	0090eab3	or	x21,x1,x9	  x1:0x0000000b  x9:0x1ec13210 x21=0x1ec1321b
        6855000	       684	800019b4	00b0b233	sltu	x4,x1,x11	  x1:0x0000000b x11:0xfffffff9  x4=0x00000001
        6865000	       685	800019b8	01d40ab3	add	x21,x8,x29	  x8:0x000000f1 x29:0xfffffffb x21=0x000000ec
        6875000	       686	800019bc	009725b3	slt	x11,x14,x9	 x14:0x80009fc4  x9:0x1ec13210 x11=0x00000001
        6885000	       687	800019c0	008e8e93	addi	x29,x29,8	 x29:0xfffffffb x29=0x00000003
        6895000	       688	800019c4	0057adb3	slt	x27,x15,x5	 x15:0xfffffff9  x5:0xfffffdd9 x27=0x00000000
        6905000	       689	800019c8	fc1ee8e3	bltu	x29,x1,80001998	 x29:0x00000003  x1:0x0000000b
        6915000	       690	00000000	00000013	addi	x0,x0,0	  x0:0x00000000
        6925000	       691	80001994	00000013	addi	x0,x0,0	  x0:0x00000000
        6935000	       692	80001998	20761c97	auipc	x25,0x20761	 x25=0xa0762994
        6945000	       693	8000199c	01b7e5b3	or	x11,x15,x27	 x15:0xfffffff9 x27:0x00000000 x11=0xfffffff9
        6955000	       694	800019a0	00000013	addi	x0,x0,0	  x0:0x00000000
        6965000	       695	800019a4	6c89f813	andi	x16,x19,1736	 x19:0x00000000 x16=0x00000000
        6975000	       696	800019a8	40e953b3	sra	x7,x18,x14	 x18:0x0000075b x14:0x80009fc4  x7=0x00000075
        6985000	       697	800019ac	00b45bb3	srl	x23,x8,x11	  x8:0x000000f1 x11:0xfffffff9 x23=0x00000000
        6995000	       698	800019b0	0090eab3	or	x21,x1,x9	  x1:0x0000000b  x9:0x1ec13210 x21=0x1ec1321b
        7005000	       699	800019b4	00b0b233	sltu	x4,x1,x11	  x1:0x0000000b x11:0xfffffff9  x4=0x00000001
        7015000	       700	800019b8	01d40ab3	add	x21,x8,x29	  x8:0x000000f1 x29:0x00000003 x21=0x000000f4
        7025000	       701	800019bc	009725b3	slt	x11,x14,x9	 x14:0x80009fc4  x9:0x1ec13210 x11=0x00000001
        7035000	       702	800019c0	008e8e93	addi	x29,x29,8	 x29:0x00000003 x29=0x0000000b
        7045000	       703	800019c4	0057adb3	slt	x27,x15,x5	 x15:0xfffffff9  x5:0xfffffdd9 x27=0x00000000
        7055000	       704	800019c8	fc1ee8e3	bltu	x29,x1,80001998	 x29:0x0000000b  x1:0x0000000b
        7065000	       705	800019cc	00d639b3	sltu	x19,x12,x13	 x12:0x800018f0 x13:0xfffffff7 x19=0x00000001
        7075000	       706	800019d0	fadd12e3	bne	x26,x13,80001974	 x26:0xfffffffa x13:0xfffffff7
        7085000	       707	00000000	00000013	addi	x0,x0,0	  x0:0x00000000
        7095000	       708	80001970	00000013	addi	x0,x0,0	  x0:0x00000000
        7105000	       709	80001974	40650bb3	sub	x23,x10,x6	 x10:0x80009f54  x6:0xfffffff5 x23=0x80009f5f
        7115000	       710	80001978	454fcc17	auipc	x24,0x454fc	 x24=0xc54fd974
        7125000	       711	8000197c	00365393	srli	x7,x12,0x3	 x12:0x800018f0  x7=0x1000031e
        7135000	       712	80001980	ffdd0d13	addi	x26,x26,-3	 x26:0xfffffffa x26=0xfffffff7
        7145000	       713	80001984	30646393	ori	x7,x8,774	  x8:0x000000f1  x7=0x000003f7
        7155000	       714	80001988	ffb00e93	addi	x29,x0,-5	  x0:0x00000000 x29=0xfffffffb
        7165000	       715	8000198c	006f2133	slt	x2,x30,x6	 x30:0x000f817f  x6:0xfffffff5  x2=0x00000000
        7175000	       716	80001990	ddfd0293	addi	x5,x26,-545	 x26:0xfffffff7  x5=0xfffffdd6
        7185000	       717	80001994	00b00093	addi	x1,x0,11	  x0:0x00000000  x1=0x0000000b
        7195000	       718	80001998	20761c97	auipc	x25,0x20761	 x25=0xa0762994
        7205000	       719	8000199c	01b7e5b3	or	x11,x15,x27	 x15:0xfffffff9 x27:0x00000000 x11=0xfffffff9
        7215000	       720	800019a0	00000013	addi	x0,x0,0	  x0:0x00000000
        7225000	       721	800019a4	6c89f813	andi	x16,x19,1736	 x19:0x00000001 x16=0x00000000
        7235000	       722	800019a8	40e953b3	sra	x7,x18,x14	 x18:0x0000075b x14:0x80009fc4  x7=0x00000075
        7245000	       723	800019ac	00b45bb3	srl	x23,x8,x11	  x8:0x000000f1 x11:0xfffffff9 x23=0x00000000
        7255000	       724	800019b0	0090eab3	or	x21,x1,x9	  x1:0x0000000b  x9:0x1ec13210 x21=0x1ec1321b
        7265000	       725	800019b4	00b0b233	sltu	x4,x1,x11	  x1:0x0000000b x11:0xfffffff9  x4=0x00000001
        7275000	       726	800019b8	01d40ab3	add	x21,x8,x29	  x8:0x000000f1 x29:0xfffffffb x21=0x000000ec
        7285000	       727	800019bc	009725b3	slt	x11,x14,x9	 x14:0x80009fc4  x9:0x1ec13210 x11=0x00000001
        7295000	       728	800019c0	008e8e93	addi	x29,x29,8	 x29:0xfffffffb x29=0x00000003
        7305000	       729	800019c4	0057adb3	slt	x27,x15,x5	 x15:0xfffffff9  x5:0xfffffdd6 x27=0x00000000
        7315000	       730	800019c8	fc1ee8e3	bltu	x29,x1,80001998	 x29:0x00000003  x1:0x0000000b
        7325000	       731	00000000	00000013	addi	x0,x0,0	  x0:0x00000000
        7335000	       732	80001994	00000013	addi	x0,x0,0	  x0:0x00000000
        7345000	       733	80001998	20761c97	auipc	x25,0x20761	 x25=0xa0762994
        7355000	       734	8000199c	01b7e5b3	or	x11,x15,x27	 x15:0xfffffff9 x27:0x00000000 x11=0xfffffff9
        7365000	       735	800019a0	00000013	addi	x0,x0,0	  x0:0x00000000
        7375000	       736	800019a4	6c89f813	andi	x16,x19,1736	 x19:0x00000001 x16=0x00000000
        7385000	       737	800019a8	40e953b3	sra	x7,x18,x14	 x18:0x0000075b x14:0x80009fc4  x7=0x00000075
        7395000	       738	800019ac	00b45bb3	srl	x23,x8,x11	  x8:0x000000f1 x11:0xfffffff9 x23=0x00000000
        7405000	       739	800019b0	0090eab3	or	x21,x1,x9	  x1:0x0000000b  x9:0x1ec13210 x21=0x1ec1321b
        7415000	       740	800019b4	00b0b233	sltu	x4,x1,x11	  x1:0x0000000b x11:0xfffffff9  x4=0x00000001
        7425000	       741	800019b8	01d40ab3	add	x21,x8,x29	  x8:0x000000f1 x29:0x00000003 x21=0x000000f4
        7435000	       742	800019bc	009725b3	slt	x11,x14,x9	 x14:0x80009fc4  x9:0x1ec13210 x11=0x00000001
        7445000	       743	800019c0	008e8e93	addi	x29,x29,8	 x29:0x00000003 x29=0x0000000b
        7455000	       744	800019c4	0057adb3	slt	x27,x15,x5	 x15:0xfffffff9  x5:0xfffffdd6 x27=0x00000000
        7465000	       745	800019c8	fc1ee8e3	bltu	x29,x1,80001998	 x29:0x0000000b  x1:0x0000000b
        7475000	       746	800019cc	00d639b3	sltu	x19,x12,x13	 x12:0x800018f0 x13:0xfffffff7 x19=0x00000001
        7485000	       747	800019d0	fadd12e3	bne	x26,x13,80001974	 x26:0xfffffff7 x13:0xfffffff7
        7495000	       748	800019d4	9c68cb93	xori	x23,x17,-1594	 x17:0x5b000000 x23=0xa4fff9c6
        7505000	       749	800019d8	ffb00693	addi	x13,x0,-5	  x0:0x00000000 x13=0xfffffffb
        7515000	       750	800019dc	013b7813	andi	x16,x22,19	 x22:0xfffff940 x16=0x00000000
        7525000	       751	800019e0	01100293	addi	x5,x0,17	  x0:0x00000000  x5=0x00000011
        7535000	       752	800019e4	00fdf3b3	and	x7,x27,x15	 x27:0x00000000 x15:0xfffffff9  x7=0x00000000
        7545000	       753	800019e8	00868693	addi	x13,x13,8	 x13:0xfffffffb x13=0x00000003
        7555000	       754	800019ec	00600d93	addi	x27,x0,6	  x0:0x00000000 x27=0x00000006
        7565000	       755	800019f0	012e7633	and	x12,x28,x18	 x28:0x0000034d x18:0x0000075b x12=0x00000349
        7575000	       756	800019f4	00600913	addi	x18,x0,6	  x0:0x00000000 x18=0x00000006
        7585000	       757	800019f8	71298013	addi	x0,x19,1810	 x19:0x00000001
        7595000	       758	800019fc	401401b3	sub	x3,x8,x1	  x8:0x000000f1  x1:0x0000000b  x3=0x000000e6
        7605000	       759	80001a00	ffbd8d93	addi	x27,x27,-5	 x27:0x00000006 x27=0x00000001
        7615000	       760	80001a04	ff2ddae3	bge	x27,x18,800019f8	 x27:0x00000001 x18:0x00000006
        7625000	       761	80001a08	4127d193	srai	x3,x15,0x12	 x15:0xfffffff9  x3=0xffffffff
        7635000	       762	80001a0c	fc56cce3	blt	x13,x5,800019e4	 x13:0x00000003  x5:0x00000011
        7645000	       763	00000000	00000013	addi	x0,x0,0	  x0:0x00000000
        7655000	       764	800019e0	00000013	addi	x0,x0,0	  x0:0x00000000
        7665000	       765	800019e4	00fdf3b3	and	x7,x27,x15	 x27:0x00000001 x15:0xfffffff9  x7=0x00000001
        7675000	       766	800019e8	00868693	addi	x13,x13,8	 x13:0x00000003 x13=0x0000000b
        7685000	       767	800019ec	00600d93	addi	x27,x0,6	  x0:0x00000000 x27=0x00000006
        7695000	       768	800019f0	012e7633	and	x12,x28,x18	 x28:0x0000034d x18:0x00000006 x12=0x00000004
        7705000	       769	800019f4	00600913	addi	x18,x0,6	  x0:0x00000000 x18=0x00000006
        7715000	       770	800019f8	71298013	addi	x0,x19,1810	 x19:0x00000001
        7725000	       771	800019fc	401401b3	sub	x3,x8,x1	  x8:0x000000f1  x1:0x0000000b  x3=0x000000e6
        7735000	       772	80001a00	ffbd8d93	addi	x27,x27,-5	 x27:0x00000006 x27=0x00000001
        7745000	       773	80001a04	ff2ddae3	bge	x27,x18,800019f8	 x27:0x00000001 x18:0x00000006
        7755000	       774	80001a08	4127d193	srai	x3,x15,0x12	 x15:0xfffffff9  x3=0xffffffff
        7765000	       775	80001a0c	fc56cce3	blt	x13,x5,800019e4	 x13:0x0000000b  x5:0x00000011
        7775000	       776	00000000	00000013	addi	x0,x0,0	  x0:0x00000000
        7785000	       777	800019e0	00000013	addi	x0,x0,0	  x0:0x00000000
        7795000	       778	800019e4	00fdf3b3	and	x7,x27,x15	 x27:0x00000001 x15:0xfffffff9  x7=0x00000001
        7805000	       779	800019e8	00868693	addi	x13,x13,8	 x13:0x0000000b x13=0x00000013
        7815000	       780	800019ec	00600d93	addi	x27,x0,6	  x0:0x00000000 x27=0x00000006
        7825000	       781	800019f0	012e7633	and	x12,x28,x18	 x28:0x0000034d x18:0x00000006 x12=0x00000004
        7835000	       782	800019f4	00600913	addi	x18,x0,6	  x0:0x00000000 x18=0x00000006
        7845000	       783	800019f8	71298013	addi	x0,x19,1810	 x19:0x00000001
        7855000	       784	800019fc	401401b3	sub	x3,x8,x1	  x8:0x000000f1  x1:0x0000000b  x3=0x000000e6
        7865000	       785	80001a00	ffbd8d93	addi	x27,x27,-5	 x27:0x00000006 x27=0x00000001
        7875000	       786	80001a04	ff2ddae3	bge	x27,x18,800019f8	 x27:0x00000001 x18:0x00000006
        7885000	       787	80001a08	4127d193	srai	x3,x15,0x12	 x15:0xfffffff9  x3=0xffffffff
        7895000	       788	80001a0c	fc56cce3	blt	x13,x5,800019e4	 x13:0x00000013  x5:0x00000011
        7905000	       789	80001a10	d9343313	sltiu	x6,x8,-621	  x8:0x000000f1  x6=0x00000001
        7915000	       790	80001a14	0006d463	bge	x13,x0,80001a1c	 x13:0x00000013  x0:0x00000000
        7925000	       791	00000000	00000013	addi	x0,x0,0	  x0:0x00000000
        7935000	       792	80001a18	00000013	addi	x0,x0,0	  x0:0x00000000
        7945000	       793	80001a1c	026ff863	bgeu	x31,x6,80001a4c	 x31:0x02a4db96  x6:0x00000001
        7955000	       794	00000000	00000013	addi	x0,x0,0	  x0:0x00000000
        7965000	       795	80001a48	00000013	addi	x0,x0,0	  x0:0x00000000
        7975000	       796	80001a4c	02537a63	bgeu	x6,x5,80001a80	  x6:0x00000001  x5:0x00000011
        7985000	       797	80001a50	0182df13	srli	x30,x5,0x18	  x5:0x00000011 x30=0x00000000
        7995000	       798	80001a54	5693b993	sltiu	x19,x7,1385	  x7:0x00000001 x19=0x00000001
        8005000	       799	80001a58	41015813	srai	x16,x2,0x10	  x2:0x00000000 x16=0x00000000
        8015000	       800	80001a5c	002febb3	or	x23,x31,x2	 x31:0x02a4db96  x2:0x00000000 x23=0x02a4db96
        8025000	       801	80001a60	0138ccb3	xor	x25,x17,x19	 x17:0x5b000000 x19:0x00000001 x25=0x5b000001
        8035000	       802	80001a64	02ae4863	blt	x28,x10,80001a94	 x28:0x0000034d x10:0x80009f54
        8045000	       803	80001a68	03226e63	bltu	x4,x18,80001aa4	  x4:0x00000001 x18:0x00000006
        8055000	       804	00000000	00000013	addi	x0,x0,0	  x0:0x00000000
        8065000	       805	80001aa0	00000013	addi	x0,x0,0	  x0:0x00000000
        8075000	       806	80001aa4	7fa4cc93	xori	x25,x9,2042	  x9:0x1ec13210 x25=0x1ec135ea
        8085000	       807	80001aa8	00315613	srli	x12,x2,0x3	  x2:0x00000000 x12=0x00000000
        8095000	       808	80001aac	416b0233	sub	x4,x22,x22	 x22:0xfffff940 x22:0xfffff940  x4=0x00000000
        8105000	       809	80001ab0	40d3d693	srai	x13,x7,0xd	  x7:0x00000001 x13=0x00000000
        8115000	       810	80001ab4	02366a63	bltu	x12,x3,80001ae8	 x12:0x00000000  x3:0xffffffff
        8125000	       811	00000000	00000013	addi	x0,x0,0	  x0:0x00000000
        8135000	       812	80001ae4	00000013	addi	x0,x0,0	  x0:0x00000000
        8145000	       813	80001ae8	0121f4b3	and	x9,x3,x18	  x3:0xffffffff x18:0x00000006  x9=0x00000006
        8155000	       814	80001aec	044c4063	blt	x24,x4,80001b2c	 x24:0xc54fd974  x4:0x00000000
        8165000	       815	00000000	00000013	addi	x0,x0,0	  x0:0x00000000
        8175000	       816	80001b28	00000013	addi	x0,x0,0	  x0:0x00000000
        8185000	       817	80001b2c	60f3ed93	ori	x27,x7,1551	  x7:0x00000001 x27=0x0000060f
        8195000	       818	80001b30	cb8f3237	lui	x4,0xcb8f3	  x4=0xcb8f3000
        8205000	       819	80001b34	01d618b3	sll	x17,x12,x29	 x12:0x00000000 x29:0x0000000b x17=0x00000000
        8215000	       820	80001b38	41420133	sub	x2,x4,x20	  x4:0xcb8f3000 x20:0xffffff80  x2=0xcb8f3080
        8225000	       821	80001b3c	38f9b693	sltiu	x13,x19,911	 x19:0x00000001 x13=0x00000001
        8235000	       822	80001b40	9ab94e13	xori	x28,x18,-1621	 x18:0x00000006 x28=0xfffff9ad
        8245000	       823	80001b44	00000013	addi	x0,x0,0	  x0:0x00000000
        8255000	       824	80001b48	001a0633	add	x12,x20,x1	 x20:0xffffff80  x1:0x0000000b x12=0xffffff8b
        8265000	       825	80001b4c	008ad0b3	srl	x1,x21,x8	 x21:0x000000f4  x8:0x000000f1  x1=0x00000000
        8275000	       826	80001b50	01754863	blt	x10,x23,80001b60	 x10:0x80009f54 x23:0x02a4db96
        8285000	       827	00000000	00000013	addi	x0,x0,0	  x0:0x00000000
        8295000	       828	80001b5c	00000013	addi	x0,x0,0	  x0:0x00000000
        8305000	       829	80001b60	696d2913	slti	x18,x26,1686	 x26:0xfffffff7 x18=0x00000001
        8315000	       830	80001b64	01a8d833	srl	x16,x17,x26	 x17:0x00000000 x26:0xfffffff7 x16=0x00000000
        8325000	       831	80001b68	013c8463	beq	x25,x19,80001b70	 x25:0x1ec135ea x19:0x00000001
        8335000	       832	80001b6c	a9a5e213	ori	x4,x11,-1382	 x11:0x00000001  x4=0xfffffa9b
        8345000	       833	80001b70	00e3ceb3	xor	x29,x7,x14	  x7:0x00000001 x14:0x80009fc4 x29=0x80009fc5
        8355000	       834	80001b74	401106b3	sub	x13,x2,x1	  x2:0xcb8f3080  x1:0x00000000 x13=0xcb8f3080
        8365000	       835	80001b78	039e6e63	bltu	x28,x25,80001bb4	 x28:0xfffff9ad x25:0x1ec135ea
        8375000	       836	80001b7c	03e79263	bne	x15,x30,80001ba0	 x15:0xfffffff9 x30:0x00000000
        8385000	       837	00000000	00000013	addi	x0,x0,0	  x0:0x00000000
        8395000	       838	80001b9c	00000013	addi	x0,x0,0	  x0:0x00000000
        8405000	       839	80001ba0	01f18f33	add	x30,x3,x31	  x3:0xffffffff x31:0x02a4db96 x30=0x02a4db95
        8415000	       840	80001ba4	00651d33	sll	x26,x10,x6	 x10:0x80009f54  x6:0x00000001 x26=0x00013ea8
        8425000	       841	80001ba8	01669f33	sll	x30,x13,x22	 x13:0xcb8f3080 x22:0xfffff940 x30=0xcb8f3080
        8435000	       842	80001bac	010b4033	xor	x0,x22,x16	 x22:0xfffff940 x16:0x00000000
        8445000	       843	80001bb0	01f55633	srl	x12,x10,x31	 x10:0x80009f54 x31:0x02a4db96 x12=0x00000200
        8455000	       844	80001bb4	bcb88e93	addi	x29,x17,-1077	 x17:0x00000000 x29=0xfffffbcb
        8465000	       845	80001bb8	001e8a63	beq	x29,x1,80001bcc	 x29:0xfffffbcb  x1:0x00000000
        8475000	       846	80001bbc	004f9093	slli	x1,x31,0x4	 x31:0x02a4db96  x1=0x2a4db960
        8485000	       847	80001bc0	00fa1eb3	sll	x29,x20,x15	 x20:0xffffff80 x15:0xfffffff9 x29=0x00000000
        8495000	       848	80001bc4	02824463	blt	x4,x8,80001bec	  x4:0xfffffa9b  x8:0x000000f1
        8505000	       849	00000000	00000013	addi	x0,x0,0	  x0:0x00000000
        8515000	       850	80001be8	00000013	addi	x0,x0,0	  x0:0x00000000
        8525000	       851	80001bec	01ea0b33	add	x22,x20,x30	 x20:0xffffff80 x30:0xcb8f3080 x22=0xcb8f3000
        8535000	       852	80001bf0	01f42b33	slt	x22,x8,x31	  x8:0x000000f1 x31:0x02a4db96 x22=0x00000001
        8545000	       853	80001bf4	d4f2c013	xori	x0,x5,-689	  x5:0x00000011
        8555000	       854	80001bf8	fffffd97	auipc	x27,0xfffff	 x27=0x80000bf4
        8565000	       855	80001bfc	0f0d8d93	addi	x27,x27,240	 x27:0x80000bf4 x27=0x80000ce4
        8575000	       856	80001c00	275d8d93	addi	x27,x27,629	 x27:0x80000ce4 x27=0x80000f59
        8585000	       857	80001c04	92956b13	ori	x22,x10,-1751	 x10:0x80009f54 x22=0xffffff7d
        8595000	       858	80001c08	406a54b3	sra	x9,x20,x6	 x20:0xffffff80  x6:0x00000001  x9=0xffffffc0
        8605000	       859	80001c0c	c81ff013	andi	x0,x31,-895	 x31:0x02a4db96
        8615000	       860	80001c10	d8cd80e7	jalr	x1,x27,-628	 x27:0x80000f59  x1=0x80001c10
        8625000	       861	00000000	00000013	addi	x0,x0,0	  x0:0x00000000
        8635000	       862	80000ce4	00000013	addi	x0,x0,0	  x0:0x00000000
        8645000	       863	80000ce8	411d07b3	sub	x15,x26,x17	 x26:0x00013ea8 x17:0x00000000 x15=0x00013ea8
        8655000	       864	80000cec	fcc50513	addi	x10,x10,-52	 x10:0x80009f54 x10=0x80009f20
        8665000	       865	80000cf0	00152223	sw	x1,4(x10)	 x10:0x80009f20  x1:0x80001c10 PA:0x80009f24
        8675000	       866	80000cf4	5de36db7	lui	x27,0x5de36	 x27=0x5de36000
        8685000	       867	80000cf8	013dcd33	xor	x26,x27,x19	 x27:0x5de36000 x19:0x00000001 x26=0x5de36001
        8695000	       868	80000cfc	00d16c33	or	x24,x2,x13	  x2:0xcb8f3080 x13:0xcb8f3080 x24=0xcb8f3080
        8705000	       869	80000d00	9803b193	sltiu	x3,x7,-1664	  x7:0x00000001  x3=0x00000001
        8715000	       870	80000d04	007187b3	add	x15,x3,x7	  x3:0x00000001  x7:0x00000001 x15=0x00000002
        8725000	       871	80000d08	0ef22413	slti	x8,x4,239	  x4:0xfffffa9b  x8=0x00000001
        8735000	       872	80000d0c	01d846b3	xor	x13,x16,x29	 x16:0x00000000 x29:0x00000000 x13=0x00000000
        8745000	       873	80000d10	4a670813	addi	x16,x14,1190	 x14:0x80009fc4 x16=0x8000a46a
        8755000	       874	80000d14	013cce63	blt	x25,x19,80000d30	 x25:0x1ec135ea x19:0x00000001
        8765000	       875	80000d18	d53c0793	addi	x15,x24,-685	 x24:0xcb8f3080 x15=0xcb8f2dd3
        8775000	       876	80000d1c	016479b3	and	x19,x8,x22	  x8:0x00000001 x22:0xffffff7d x19=0x00000001
        8785000	       877	80000d20	001db0b3	sltu	x1,x27,x1	 x27:0x5de36000  x1:0x80001c10  x1=0x00000001
        8795000	       878	80000d24	29bef293	andi	x5,x29,667	 x29:0x00000000  x5=0x00000000
        8805000	       879	80000d28	f2aeff13	andi	x30,x29,-214	 x29:0x00000000 x30=0x00000000
        8815000	       880	80000d2c	0151dab3	srl	x21,x3,x21	  x3:0x00000001 x21:0x000000f4 x21=0x00000000
        8825000	       881	80000d30	5b0000ef	jal	x1,80000d30	  x1=0x80000d30
        8835000	       882	00000000	00000013	addi	x0,x0,0	  x0:0x00000000
        8845000	       883	800012dc	00000013	addi	x0,x0,0	  x0:0x00000000
        8855000	       884	800012e0	a3f63c13	sltiu	x24,x12,-1473	 x12:0x00000200 x24=0x00000001
        8865000	       885	800012e4	fc050513	addi	x10,x10,-64	 x10:0x80009f20 x10=0x80009ee0
        8875000	       886	800012e8	00152223	sw	x1,4(x10)	 x10:0x80009ee0  x1:0x80000d30 PA:0x80009ee4
        8885000	       887	800012ec	417d5e33	sra	x28,x26,x23	 x26:0x5de36001 x23:0x02a4db96 x28=0x00000177
        8895000	       888	800012f0	b9b70a13	addi	x20,x14,-1125	 x14:0x80009fc4 x20=0x80009b5f
        8905000	       889	800012f4	01e14433	xor	x8,x2,x30	  x2:0xcb8f3080 x30:0x00000000  x8=0xcb8f3080
        8915000	       890	800012f8	99e12793	slti	x15,x2,-1634	  x2:0xcb8f3080 x15=0x00000001
        8925000	       891	800012fc	00100313	addi	x6,x0,1	  x0:0x00000000  x6=0x00000001
        8935000	       892	80001300	40f4d433	sra	x8,x9,x15	  x9:0xffffffc0 x15:0x00000001  x8=0xffffffe0
        8945000	       893	80001304	0061ca33	xor	x20,x3,x6	  x3:0x00000001  x6:0x00000001 x20=0x00000000
        8955000	       894	80001308	739a6c93	ori	x25,x20,1849	 x20:0x00000000 x25=0x00000739
        8965000	       895	8000130c	00072eb3	slt	x29,x14,x0	 x14:0x80009fc4  x0:0x00000000 x29=0x00000001
        8975000	       896	80001310	19df4497	auipc	x9,0x19df4	  x9=0x99df530c
        8985000	       897	80001314	01200d13	addi	x26,x0,18	  x0:0x00000000 x26=0x00000012
        8995000	       898	80001318	9bd74b13	xori	x22,x14,-1603	 x14:0x80009fc4 x22=0x7fff6679
        9005000	       899	8000131c	41115f13	srai	x30,x2,0x11	  x2:0xcb8f3080 x30=0xffffe5c7
        9015000	       900	80001320	00a58793	addi	x15,x11,10	 x11:0x00000001 x15=0x0000000b
        9025000	       901	80001324	b81def13	ori	x30,x27,-1151	 x27:0x5de36000 x30=0xfffffb81
        9035000	       902	80001328	00230313	addi	x6,x6,2	  x6:0x00000001  x6=0x00000003
        9045000	       903	8000132c	001126b3	slt	x13,x2,x1	  x2:0xcb8f3080  x1:0x80000d30 x13=0x00000000
        9055000	       904	80001330	416fdd93	srai	x27,x31,0x16	 x31:0x02a4db96 x27=0x0000000a
        9065000	       905	80001334	ffa346e3	blt	x6,x26,80001320	  x6:0x00000003 x26:0x00000012
        9075000	       906	00000000	00000013	addi	x0,x0,0	  x0:0x00000000
        9085000	       907	8000131c	00000013	addi	x0,x0,0	  x0:0x00000000
        9095000	       908	80001320	00a58793	addi	x15,x11,10	 x11:0x00000001 x15=0x0000000b
        9105000	       909	80001324	b81def13	ori	x30,x27,-1151	 x27:0x0000000a x30=0xfffffb8b
        9115000	       910	80001328	00230313	addi	x6,x6,2	  x6:0x00000003  x6=0x00000005
        9125000	       911	8000132c	001126b3	slt	x13,x2,x1	  x2:0xcb8f3080  x1:0x80000d30 x13=0x00000000
        9135000	       912	80001330	416fdd93	srai	x27,x31,0x16	 x31:0x02a4db96 x27=0x0000000a
        9145000	       913	80001334	ffa346e3	blt	x6,x26,80001320	  x6:0x00000005 x26:0x00000012
        9155000	       914	00000000	00000013	addi	x0,x0,0	  x0:0x00000000
        9165000	       915	8000131c	00000013	addi	x0,x0,0	  x0:0x00000000
        9175000	       916	80001320	00a58793	addi	x15,x11,10	 x11:0x00000001 x15=0x0000000b
        9185000	       917	80001324	b81def13	ori	x30,x27,-1151	 x27:0x0000000a x30=0xfffffb8b
        9195000	       918	80001328	00230313	addi	x6,x6,2	  x6:0x00000005  x6=0x00000007
        9205000	       919	8000132c	001126b3	slt	x13,x2,x1	  x2:0xcb8f3080  x1:0x80000d30 x13=0x00000000
        9215000	       920	80001330	416fdd93	srai	x27,x31,0x16	 x31:0x02a4db96 x27=0x0000000a
        9225000	       921	80001334	ffa346e3	blt	x6,x26,80001320	  x6:0x00000007 x26:0x00000012
        9235000	       922	00000000	00000013	addi	x0,x0,0	  x0:0x00000000
        9245000	       923	8000131c	00000013	addi	x0,x0,0	  x0:0x00000000
        9255000	       924	80001320	00a58793	addi	x15,x11,10	 x11:0x00000001 x15=0x0000000b
        9265000	       925	80001324	b81def13	ori	x30,x27,-1151	 x27:0x0000000a x30=0xfffffb8b
        9275000	       926	80001328	00230313	addi	x6,x6,2	  x6:0x00000007  x6=0x00000009
        9285000	       927	8000132c	001126b3	slt	x13,x2,x1	  x2:0xcb8f3080  x1:0x80000d30 x13=0x00000000
        9295000	       928	80001330	416fdd93	srai	x27,x31,0x16	 x31:0x02a4db96 x27=0x0000000a
        9305000	       929	80001334	ffa346e3	blt	x6,x26,80001320	  x6:0x00000009 x26:0x00000012
        9315000	       930	00000000	00000013	addi	x0,x0,0	  x0:0x00000000
        9325000	       931	8000131c	00000013	addi	x0,x0,0	  x0:0x00000000
        9335000	       932	80001320	00a58793	addi	x15,x11,10	 x11:0x00000001 x15=0x0000000b
        9345000	       933	80001324	b81def13	ori	x30,x27,-1151	 x27:0x0000000a x30=0xfffffb8b
        9355000	       934	80001328	00230313	addi	x6,x6,2	  x6:0x00000009  x6=0x0000000b
        9365000	       935	8000132c	001126b3	slt	x13,x2,x1	  x2:0xcb8f3080  x1:0x80000d30 x13=0x00000000
        9375000	       936	80001330	416fdd93	srai	x27,x31,0x16	 x31:0x02a4db96 x27=0x0000000a
        9385000	       937	80001334	ffa346e3	blt	x6,x26,80001320	  x6:0x0000000b x26:0x00000012
        9395000	       938	00000000	00000013	addi	x0,x0,0	  x0:0x00000000
        9405000	       939	8000131c	00000013	addi	x0,x0,0	  x0:0x00000000
        9415000	       940	80001320	00a58793	addi	x15,x11,10	 x11:0x00000001 x15=0x0000000b
        9425000	       941	80001324	b81def13	ori	x30,x27,-1151	 x27:0x0000000a x30=0xfffffb8b
        9435000	       942	80001328	00230313	addi	x6,x6,2	  x6:0x0000000b  x6=0x0000000d
        9445000	       943	8000132c	001126b3	slt	x13,x2,x1	  x2:0xcb8f3080  x1:0x80000d30 x13=0x00000000
        9455000	       944	80001330	416fdd93	srai	x27,x31,0x16	 x31:0x02a4db96 x27=0x0000000a
        9465000	       945	80001334	ffa346e3	blt	x6,x26,80001320	  x6:0x0000000d x26:0x00000012
        9475000	       946	00000000	00000013	addi	x0,x0,0	  x0:0x00000000
        9485000	       947	8000131c	00000013	addi	x0,x0,0	  x0:0x00000000
        9495000	       948	80001320	00a58793	addi	x15,x11,10	 x11:0x00000001 x15=0x0000000b
        9505000	       949	80001324	b81def13	ori	x30,x27,-1151	 x27:0x0000000a x30=0xfffffb8b
        9515000	       950	80001328	00230313	addi	x6,x6,2	  x6:0x0000000d  x6=0x0000000f
        9525000	       951	8000132c	001126b3	slt	x13,x2,x1	  x2:0xcb8f3080  x1:0x80000d30 x13=0x00000000
        9535000	       952	80001330	416fdd93	srai	x27,x31,0x16	 x31:0x02a4db96 x27=0x0000000a
        9545000	       953	80001334	ffa346e3	blt	x6,x26,80001320	  x6:0x0000000f x26:0x00000012
        9555000	       954	00000000	00000013	addi	x0,x0,0	  x0:0x00000000
        9565000	       955	8000131c	00000013	addi	x0,x0,0	  x0:0x00000000
        9575000	       956	80001320	00a58793	addi	x15,x11,10	 x11:0x00000001 x15=0x0000000b
        9585000	       957	80001324	b81def13	ori	x30,x27,-1151	 x27:0x0000000a x30=0xfffffb8b
        9595000	       958	80001328	00230313	addi	x6,x6,2	  x6:0x0000000f  x6=0x00000011
        9605000	       959	8000132c	001126b3	slt	x13,x2,x1	  x2:0xcb8f3080  x1:0x80000d30 x13=0x00000000
        9615000	       960	80001330	416fdd93	srai	x27,x31,0x16	 x31:0x02a4db96 x27=0x0000000a
        9625000	       961	80001334	ffa346e3	blt	x6,x26,80001320	  x6:0x00000011 x26:0x00000012
        9635000	       962	00000000	00000013	addi	x0,x0,0	  x0:0x00000000
        9645000	       963	8000131c	00000013	addi	x0,x0,0	  x0:0x00000000
        9655000	       964	80001320	00a58793	addi	x15,x11,10	 x11:0x00000001 x15=0x0000000b
        9665000	       965	80001324	b81def13	ori	x30,x27,-1151	 x27:0x0000000a x30=0xfffffb8b
        9675000	       966	80001328	00230313	addi	x6,x6,2	  x6:0x00000011  x6=0x00000013
        9685000	       967	8000132c	001126b3	slt	x13,x2,x1	  x2:0xcb8f3080  x1:0x80000d30 x13=0x00000000
        9695000	       968	80001330	416fdd93	srai	x27,x31,0x16	 x31:0x02a4db96 x27=0x0000000a
        9705000	       969	80001334	ffa346e3	blt	x6,x26,80001320	  x6:0x00000013 x26:0x00000012
        9715000	       970	80001338	407188b3	sub	x17,x3,x7	  x3:0x00000001  x7:0x00000001 x17=0x00000000
        9725000	       971	8000133c	00800293	addi	x5,x0,8	  x0:0x00000000  x5=0x00000008
        9735000	       972	80001340	0081a3b3	slt	x7,x3,x8	  x3:0x00000001  x8:0xffffffe0  x7=0x00000000
        9745000	       973	80001344	00000013	addi	x0,x0,0	  x0:0x00000000
        9755000	       974	80001348	00be5333	srl	x6,x28,x11	 x28:0x00000177 x11:0x00000001  x6=0x000000bb
        9765000	       975	8000134c	00700a93	addi	x21,x0,7	  x0:0x00000000 x21=0x00000007
        9775000	       976	80001350	00eceb33	or	x22,x25,x14	 x25:0x00000739 x14:0x80009fc4 x22=0x80009ffd
        9785000	       977	80001354	00ef8f33	add	x30,x31,x14	 x31:0x02a4db96 x14:0x80009fc4 x30=0x82a57b5a
        9795000	       978	80001358	dc880413	addi	x8,x16,-568	 x16:0x8000a46a  x8=0x8000a232
        9805000	       979	8000135c	ead4ba13	sltiu	x20,x9,-339	  x9:0x99df530c x20=0x00000001
        9815000	       980	80001360	00d06c33	or	x24,x0,x13	  x0:0x00000000 x13:0x00000000 x24=0x00000000
        9825000	       981	80001364	ffb28293	addi	x5,x5,-5	  x5:0x00000008  x5=0x00000003
        9835000	       982	80001368	ffe00993	addi	x19,x0,-2	  x0:0x00000000 x19=0xfffffffe
        9845000	       983	8000136c	0082a133	slt	x2,x5,x8	  x5:0x00000003  x8:0x8000a232  x2=0x00000000
        9855000	       984	80001370	e0b20693	addi	x13,x4,-501	  x4:0xfffffa9b x13=0xfffff8a6
        9865000	       985	80001374	016897b3	sll	x15,x17,x22	 x17:0x00000000 x22:0x80009ffd x15=0x00000000
        9875000	       986	80001378	f625cc13	xori	x24,x11,-158	 x11:0x00000001 x24=0xffffff63
        9885000	       987	8000137c	00b00613	addi	x12,x0,11	  x0:0x00000000 x12=0x0000000b
        9895000	       988	80001380	007f9433	sll	x8,x31,x7	 x31:0x02a4db96  x7:0x00000000  x8=0x02a4db96
        9905000	       989	80001384	01aac233	xor	x4,x21,x26	 x21:0x00000007 x26:0x00000012  x4=0x00000015
        9915000	       990	80001388	009d8933	add	x18,x27,x9	 x27:0x0000000a  x9:0x99df530c x18=0x99df5316
        9925000	       991	8000138c	00a98993	addi	x19,x19,10	 x19:0xfffffffe x19=0x00000008
        9935000	       992	80001390	01d42b33	slt	x22,x8,x29	  x8:0x02a4db96 x29:0x00000001 x22=0x00000000
        9945000	       993	80001394	01698133	add	x2,x19,x22	 x19:0x00000008 x22:0x00000000  x2=0x00000008
        9955000	       994	80001398	00bec7b3	xor	x15,x29,x11	 x29:0x00000001 x11:0x00000001 x15=0x00000000
        9965000	       995	8000139c	dd6c4d93	xori	x27,x24,-554	 x24:0xffffff63 x27=0x000002b5
        9975000	       996	800013a0	fec9c2e3	blt	x19,x12,80001384	 x19:0x00000008 x12:0x0000000b
        9985000	       997	00000000	00000013	addi	x0,x0,0	  x0:0x00000000
        9995000	       998	80001380	00000013	addi	x0,x0,0	  x0:0x00000000
       10005000	       999	80001384	01aac233	xor	x4,x21,x26	 x21:0x00000007 x26:0x00000012  x4=0x00000015
       10015000	      1000	80001388	009d8933	add	x18,x27,x9	 x27:0x000002b5  x9:0x99df530c x18=0x99df55c1
       10025000	      1001	8000138c	00a98993	addi	x19,x19,10	 x19:0x00000008 x19=0x00000012
       10035000	      1002	80001390	01d42b33	slt	x22,x8,x29	  x8:0x02a4db96 x29:0x00000001 x22=0x00000000
       10045000	      1003	80001394	01698133	add	x2,x19,x22	 x19:0x00000012 x22:0x00000000  x2=0x00000012
       10055000	      1004	80001398	00bec7b3	xor	x15,x29,x11	 x29:0x00000001 x11:0x00000001 x15=0x00000000
       10065000	      1005	8000139c	dd6c4d93	xori	x27,x24,-554	 x24:0xffffff63 x27=0x000002b5
       10075000	      1006	800013a0	fec9c2e3	blt	x19,x12,80001384	 x19:0x00000012 x12:0x0000000b
       10085000	      1007	800013a4	00fb90b3	sll	x1,x23,x15	 x23:0x02a4db96 x15:0x00000000  x1=0x02a4db96
       10095000	      1008	800013a8	5c29fb93	andi	x23,x19,1474	 x19:0x00000012 x23=0x00000002
       10105000	      1009	800013ac	41d50933	sub	x18,x10,x29	 x10:0x80009ee0 x29:0x00000001 x18=0x80009edf
       10115000	      1010	800013b0	fb52f2e3	bgeu	x5,x21,80001354	  x5:0x00000003 x21:0x00000007
       10125000	      1011	800013b4	94d11917	auipc	x18,0x94d11	 x18=0x14d123b0
       10135000	      1012	800013b8	00a00a13	addi	x20,x0,10	  x0:0x00000000 x20=0x0000000a
       10145000	      1013	800013bc	00000013	addi	x0,x0,0	  x0:0x00000000
       10155000	      1014	800013c0	4047d7b3	sra	x15,x15,x4	 x15:0x00000000  x4:0x00000015 x15=0x00000000
       10165000	      1015	800013c4	00c00293	addi	x5,x0,12	  x0:0x00000000  x5=0x0000000c
       10175000	      1016	800013c8	016ddb13	srli	x22,x27,0x16	 x27:0x000002b5 x22=0x00000000
       10185000	      1017	800013cc	b0ad0e93	addi	x29,x26,-1270	 x26:0x00000012 x29=0xfffffb1c
       10195000	      1018	800013d0	40858c33	sub	x24,x11,x8	 x11:0x00000001  x8:0x02a4db96 x24=0xfd5b246b
       10205000	      1019	800013d4	e5adc213	xori	x4,x27,-422	 x27:0x000002b5  x4=0xfffffcef
       10215000	      1020	800013d8	eabfdc97	auipc	x25,0xeabfd	 x25=0x6abfe3d4
       10225000	      1021	800013dc	009a0a13	addi	x20,x20,9	 x20:0x0000000a x20=0x00000013
       10235000	      1022	800013e0	97822e13	slti	x28,x4,-1672	  x4:0xfffffcef x28=0x00000000
       10245000	      1023	800013e4	00400393	addi	x7,x0,4	  x0:0x00000000  x7=0x00000004
       10255000	      1024	800013e8	beb64337	lui	x6,0xbeb64	  x6=0xbeb64000
       10265000	      1025	800013ec	00046333	or	x6,x8,x0	  x8:0x02a4db96  x0:0x00000000  x6=0x02a4db96
       10275000	      1026	800013f0	f0373d93	sltiu	x27,x14,-253	 x14:0x80009fc4 x27=0x00000001
       10285000	      1027	800013f4	3c1d6693	ori	x13,x26,961	 x26:0x00000012 x13=0x000003d3
       10295000	      1028	800013f8	00e00a93	addi	x21,x0,14	  x0:0x00000000 x21=0x0000000e
       10305000	      1029	800013fc	40a65833	sra	x16,x12,x10	 x12:0x0000000b x10:0x80009ee0 x16=0x0000000b
       10315000	      1030	80001400	0078a133	slt	x2,x17,x7	 x17:0x00000000  x7:0x00000004  x2=0x00000001
       10325000	      1031	80001404	00000013	addi	x0,x0,0	  x0:0x00000000
       10335000	      1032	80001408	00438393	addi	x7,x7,4	  x7:0x00000004  x7=0x00000008
       10345000	      1033	8000140c	96886593	ori	x11,x16,-1688	 x16:0x0000000b x11=0xfffff96b
       10355000	      1034	80001410	017db033	sltu	x0,x27,x23	 x27:0x00000001 x23:0x00000002
       10365000	      1035	80001414	ff53e8e3	bltu	x7,x21,80001404	  x7:0x00000008 x21:0x0000000e
       10375000	      1036	00000000	00000013	addi	x0,x0,0	  x0:0x00000000
       10385000	      1037	80001400	00000013	addi	x0,x0,0	  x0:0x00000000
       10395000	      1038	80001404	00000013	addi	x0,x0,0	  x0:0x00000000
       10405000	      1039	80001408	00438393	addi	x7,x7,4	  x7:0x00000008  x7=0x0000000c
       10415000	      1040	8000140c	96886593	ori	x11,x16,-1688	 x16:0x0000000b x11=0xfffff96b
       10425000	      1041	80001410	017db033	sltu	x0,x27,x23	 x27:0x00000001 x23:0x00000002
       10435000	      1042	80001414	ff53e8e3	bltu	x7,x21,80001404	  x7:0x0000000c x21:0x0000000e
       10445000	      1043	00000000	00000013	addi	x0,x0,0	  x0:0x00000000
       10455000	      1044	80001400	00000013	addi	x0,x0,0	  x0:0x00000000
       10465000	      1045	80001404	00000013	addi	x0,x0,0	  x0:0x00000000
       10475000	      1046	80001408	00438393	addi	x7,x7,4	  x7:0x0000000c  x7=0x00000010
       10485000	      1047	8000140c	96886593	ori	x11,x16,-1688	 x16:0x0000000b x11=0xfffff96b
       10495000	      1048	80001410	017db033	sltu	x0,x27,x23	 x27:0x00000001 x23:0x00000002
       10505000	      1049	80001414	ff53e8e3	bltu	x7,x21,80001404	  x7:0x00000010 x21:0x0000000e
       10515000	      1050	80001418	e98e7813	andi	x16,x28,-360	 x28:0x00000000 x16=0x00000000
       10525000	      1051	8000141c	012780b3	add	x1,x15,x18	 x15:0x00000000 x18:0x14d123b0  x1=0x14d123b0
       10535000	      1052	80001420	01d75193	srli	x3,x14,0x1d	 x14:0x80009fc4  x3=0x00000004
       10545000	      1053	80001424	fa5a68e3	bltu	x20,x5,800013d4	 x20:0x00000013  x5:0x0000000c
       10555000	      1054	80001428	01d3d613	srli	x12,x7,0x1d	  x7:0x00000010 x12=0x00000000
       10565000	      1055	8000142c	00a00e93	addi	x29,x0,10	  x0:0x00000000 x29=0x0000000a
       10575000	      1056	80001430	00a00113	addi	x2,x0,10	  x0:0x00000000  x2=0x0000000a
       10585000	      1057	80001434	0127b1b3	sltu	x3,x15,x18	 x15:0x00000000 x18:0x14d123b0  x3=0x00000001
       10595000	      1058	80001438	ff7e8e93	addi	x29,x29,-9	 x29:0x0000000a x29=0x00000001
       10605000	      1059	8000143c	fe2efce3	bgeu	x29,x2,80001434	 x29:0x00000001  x2:0x0000000a
       10615000	      1060	80001440	419a5633	sra	x12,x20,x25	 x20:0x00000013 x25:0x6abfe3d4 x12=0x00000000
       10625000	      1061	80001444	ffc00613	addi	x12,x0,-4	  x0:0x00000000 x12=0xfffffffc
       10635000	      1062	80001448	01c561b3	or	x3,x10,x28	 x10:0x80009ee0 x28:0x00000000  x3=0x80009ee0
       10645000	      1063	8000144c	012ceb33	or	x22,x25,x18	 x25:0x6abfe3d4 x18:0x14d123b0 x22=0x7effe3f4
       10655000	      1064	80001450	01ab4933	xor	x18,x22,x26	 x22:0x7effe3f4 x26:0x00000012 x18=0x7effe3e6
       10665000	      1065	80001454	ff100793	addi	x15,x0,-15	  x0:0x00000000 x15=0xfffffff1
       10675000	      1066	80001458	c2d88893	addi	x17,x17,-979	 x17:0x00000000 x17=0xfffffc2d
       10685000	      1067	8000145c	606a8493	addi	x9,x21,1542	 x21:0x0000000e  x9=0x00000614
       10695000	      1068	80001460	00882933	slt	x18,x16,x8	 x16:0x00000000  x8:0x02a4db96 x18=0x00000001
       10705000	      1069	80001464	93d36413	ori	x8,x6,-1731	  x6:0x02a4db96  x8=0xfffffbbf
       10715000	      1070	80001468	ff760613	addi	x12,x12,-9	 x12:0xfffffffc x12=0xfffffff3
       10725000	      1071	8000146c	0105aeb3	slt	x29,x11,x16	 x11:0xfffff96b x16:0x00000000 x29=0x00000001
       10735000	      1072	80001470	016dcd33	xor	x26,x27,x22	 x27:0x00000001 x22:0x7effe3f4 x26=0x7effe3f5
       10745000	      1073	80001474	a8074293	xori	x5,x14,-1408	 x14:0x80009fc4  x5=0x7fff6544
       10755000	      1074	80001478	401f5c33	sra	x24,x30,x1	 x30:0x82a57b5a  x1:0x14d123b0 x24=0xffff82a5
       10765000	      1075	8000147c	01c01593	slli	x11,x0,0x1c	  x0:0x00000000 x11=0x00000000
       10775000	      1076	80001480	019b1a93	slli	x21,x22,0x19	 x22:0x7effe3f4 x21=0xe8000000
       10785000	      1077	80001484	5f7deb13	ori	x22,x27,1527	 x27:0x00000001 x22=0x000005f7
       10795000	      1078	80001488	01ee8bb3	add	x23,x29,x30	 x29:0x00000001 x30:0x82a57b5a x23=0x82a57b5b
       10805000	      1079	8000148c	6fb83113	sltiu	x2,x16,1787	 x16:0x00000000  x2=0x00000001
       10815000	      1080	80001490	416f85b3	sub	x11,x31,x22	 x31:0x02a4db96 x22:0x000005f7 x11=0x02a4d59f
       10825000	      1081	80001494	00891293	slli	x5,x18,0x8	 x18:0x00000001  x5=0x00000100
       10835000	      1082	80001498	fcf650e3	bge	x12,x15,80001458	 x12:0xfffffff3 x15:0xfffffff1
       10845000	      1083	00000000	00000013	addi	x0,x0,0	  x0:0x00000000
       10855000	      1084	80001454	00000013	addi	x0,x0,0	  x0:0x00000000
       10865000	      1085	80001458	c2d88893	addi	x17,x17,-979	 x17:0xfffffc2d x17=0xfffff85a
       10875000	      1086	8000145c	606a8493	addi	x9,x21,1542	 x21:0xe8000000  x9=0xe8000606
       10885000	      1087	80001460	00882933	slt	x18,x16,x8	 x16:0x00000000  x8:0xfffffbbf x18=0x00000000
       10895000	      1088	80001464	93d36413	ori	x8,x6,-1731	  x6:0x02a4db96  x8=0xfffffbbf
       10905000	      1089	80001468	ff760613	addi	x12,x12,-9	 x12:0xfffffff3 x12=0xffffffea
       10915000	      1090	8000146c	0105aeb3	slt	x29,x11,x16	 x11:0x02a4d59f x16:0x00000000 x29=0x00000000
       10925000	      1091	80001470	016dcd33	xor	x26,x27,x22	 x27:0x00000001 x22:0x000005f7 x26=0x000005f6
       10935000	      1092	80001474	a8074293	xori	x5,x14,-1408	 x14:0x80009fc4  x5=0x7fff6544
       10945000	      1093	80001478	401f5c33	sra	x24,x30,x1	 x30:0x82a57b5a  x1:0x14d123b0 x24=0xffff82a5
       10955000	      1094	8000147c	01c01593	slli	x11,x0,0x1c	  x0:0x00000000 x11=0x00000000
       10965000	      1095	80001480	019b1a93	slli	x21,x22,0x19	 x22:0x000005f7 x21=0xee000000
       10975000	      1096	80001484	5f7deb13	ori	x22,x27,1527	 x27:0x00000001 x22=0x000005f7
       10985000	      1097	80001488	01ee8bb3	add	x23,x29,x30	 x29:0x00000000 x30:0x82a57b5a x23=0x82a57b5a
       10995000	      1098	8000148c	6fb83113	sltiu	x2,x16,1787	 x16:0x00000000  x2=0x00000001
       11005000	      1099	80001490	416f85b3	sub	x11,x31,x22	 x31:0x02a4db96 x22:0x000005f7 x11=0x02a4d59f
       11015000	      1100	80001494	00891293	slli	x5,x18,0x8	 x18:0x00000000  x5=0x00000000
       11025000	      1101	80001498	fcf650e3	bge	x12,x15,80001458	 x12:0xffffffea x15:0xfffffff1
       11035000	      1102	8000149c	00000013	addi	x0,x0,0	  x0:0x00000000
       11045000	      1103	800014a0	400a5313	srai	x6,x20,0x0	 x20:0x00000013  x6=0x00000013
       11055000	      1104	800014a4	014749b3	xor	x19,x14,x20	 x14:0x80009fc4 x20:0x00000013 x19=0x80009fd7
       11065000	      1105	800014a8	ca2f4493	xori	x9,x30,-862	 x30:0x82a57b5a  x9=0x7d5a87f8
       11075000	      1106	800014ac	009b4663	blt	x22,x9,800014b8	 x22:0x000005f7  x9:0x7d5a87f8
       11085000	      1107	00000000	00000013	addi	x0,x0,0	  x0:0x00000000
       11095000	      1108	800014b4	00000013	addi	x0,x0,0	  x0:0x00000000
       11105000	      1109	800014b8	fd100d13	addi	x26,x0,-47	  x0:0x00000000 x26=0xffffffd1
       11115000	      1110	800014bc	008cde33	srl	x28,x25,x8	 x25:0x6abfe3d4  x8:0xfffffbbf x28=0x00000000
       11125000	      1111	800014c0	92893617	auipc	x12,0x92893	 x12=0x128944bc
       11135000	      1112	800014c4	012a03b3	add	x7,x20,x18	 x20:0x00000013 x18:0x00000000  x7=0x00000013
       11145000	      1113	800014c8	418fd133	sra	x2,x31,x24	 x31:0x02a4db96 x24:0xffff82a5  x2=0x001526dc
       11155000	      1114	800014cc	01ff4463	blt	x30,x31,800014d4	 x30:0x82a57b5a x31:0x02a4db96
       11165000	      1115	00000000	00000013	addi	x0,x0,0	  x0:0x00000000
       11175000	      1116	800014d0	00000013	addi	x0,x0,0	  x0:0x00000000
       11185000	      1117	800014d4	4997fa37	lui	x20,0x4997f	 x20=0x4997f000
       11195000	      1118	800014d8	00000013	addi	x0,x0,0	  x0:0x00000000
       11205000	      1119	800014dc	0030fbb3	and	x23,x1,x3	  x1:0x14d123b0  x3:0x80009ee0 x23=0x000002a0
       11215000	      1120	800014e0	00f95593	srli	x11,x18,0xf	 x18:0x00000000 x11=0x00000000
       11225000	      1121	800014e4	40540b33	sub	x22,x8,x5	  x8:0xfffffbbf  x5:0x00000000 x22=0xfffffbbf
       11235000	      1122	800014e8	02011063	bne	x2,x0,80001508	  x2:0x001526dc  x0:0x00000000
       11245000	      1123	00000000	00000013	addi	x0,x0,0	  x0:0x00000000
       11255000	      1124	80001504	00000013	addi	x0,x0,0	  x0:0x00000000
       11265000	      1125	80001508	012ed863	bge	x29,x18,80001518	 x29:0x00000000 x18:0x00000000
       11275000	      1126	00000000	00000013	addi	x0,x0,0	  x0:0x00000000
       11285000	      1127	80001514	00000013	addi	x0,x0,0	  x0:0x00000000
       11295000	      1128	80001518	00f3c5b3	xor	x11,x7,x15	  x7:0x00000013 x15:0xfffffff1 x11=0xffffffe2
       11305000	      1129	8000151c	01f93cb3	sltu	x25,x18,x31	 x18:0x00000000 x31:0x02a4db96 x25=0x00000001
       11315000	      1130	80001520	2fbd2813	slti	x16,x26,763	 x26:0xffffffd1 x16=0x00000001
       11325000	      1131	80001524	009efeb3	and	x29,x29,x9	 x29:0x00000000  x9:0x7d5a87f8 x29=0x00000000
       11335000	      1132	80001528	9d0db813	sltiu	x16,x27,-1584	 x27:0x00000001 x16=0x00000001
       11345000	      1133	8000152c	418edd93	srai	x27,x29,0x18	 x29:0x00000000 x27=0x00000000
       11355000	      1134	80001530	41d95a93	srai	x21,x18,0x1d	 x18:0x00000000 x21=0x00000000
       11365000	      1135	80001534	f6ef6293	ori	x5,x30,-146	 x30:0x82a57b5a  x5=0xffffff7e
       11375000	      1136	80001538	1ba9e217	auipc	x4,0x1ba9e	  x4=0x9ba9f534
       11385000	      1137	8000153c	46317313	andi	x6,x2,1123	  x2:0x001526dc  x6=0x00000440
       11395000	      1138	80001540	0007d233	srl	x4,x15,x0	 x15:0xfffffff1  x0:0x00000000  x4=0xfffffff1
       11405000	      1139	80001544	00d991b3	sll	x3,x19,x13	 x19:0x80009fd7 x13:0x000003d3  x3=0xfeb80000
       11415000	      1140	80001548	40a005b3	sub	x11,x0,x10	  x0:0x00000000 x10:0x80009ee0 x11=0x7fff6120
       11425000	      1141	8000154c	449d0b13	addi	x22,x26,1097	 x26:0xffffffd1 x22=0x0000041a
       11435000	      1142	80001550	41b65b33	sra	x22,x12,x27	 x12:0x128944bc x27:0x00000000 x22=0x128944bc
       11445000	      1143	80001554	03c08a63	beq	x1,x28,80001588	  x1:0x14d123b0 x28:0x00000000
       11455000	      1144	80001558	76697e17	auipc	x28,0x76697	 x28=0xf6698554
       11465000	      1145	8000155c	00768663	beq	x13,x7,80001568	 x13:0x000003d3  x7:0x00000013
       11475000	      1146	80001560	01b4b233	sltu	x4,x9,x27	  x9:0x7d5a87f8 x27:0x00000000  x4=0x00000000
       11485000	      1147	80001564	002794b3	sll	x9,x15,x2	 x15:0xfffffff1  x2:0x001526dc  x9=0x10000000
       11495000	      1148	80001568	015cf833	and	x16,x25,x21	 x25:0x00000001 x21:0x00000000 x16=0x00000000
       11505000	      1149	8000156c	01fb4d33	xor	x26,x22,x31	 x22:0x128944bc x31:0x02a4db96 x26=0x102d9f2a
       11515000	      1150	80001570	02e97263	bgeu	x18,x14,80001594	 x18:0x00000000 x14:0x80009fc4
       11525000	      1151	80001574	01f55a93	srli	x21,x10,0x1f	 x10:0x80009ee0 x21=0x00000001
       11535000	      1152	80001578	01d61c63	bne	x12,x29,80001590	 x12:0x128944bc x29:0x00000000
       11545000	      1153	00000000	00000013	addi	x0,x0,0	  x0:0x00000000
       11555000	      1154	8000158c	00000013	addi	x0,x0,0	  x0:0x00000000
       11565000	      1155	80001590	009a6433	or	x8,x20,x9	 x20:0x4997f000  x9:0x10000000  x8=0x5997f000
       11575000	      1156	80001594	01dca633	slt	x12,x25,x29	 x25:0x00000001 x29:0x00000000 x12=0x00000000
       11585000	      1157	80001598	00fc56b3	srl	x13,x24,x15	 x24:0xffff82a5 x15:0xfffffff1 x13=0x00007fff
       11595000	      1158	8000159c	400f5613	srai	x12,x30,0x0	 x30:0x82a57b5a x12=0x82a57b5a
       11605000	      1159	800015a0	016fb7b3	sltu	x15,x31,x22	 x31:0x02a4db96 x22:0x128944bc x15=0x00000001
       11615000	      1160	800015a4	01ff0933	add	x18,x30,x31	 x30:0x82a57b5a x31:0x02a4db96 x18=0x854a56f0
       11625000	      1161	800015a8	01321033	sll	x0,x4,x19	  x4:0x00000000 x19:0x80009fd7
       11635000	      1162	800015ac	001b7863	bgeu	x22,x1,800015bc	 x22:0x128944bc  x1:0x14d123b0
       11645000	      1163	800015b0	41aa9d17	auipc	x26,0x41aa9	 x26=0xc1aaa5ac
       11655000	      1164	800015b4	409e02b3	sub	x5,x28,x9	 x28:0xf6698554  x9:0x10000000  x5=0xe6698554
       11665000	      1165	800015b8	01f449b3	xor	x19,x8,x31	  x8:0x5997f000 x31:0x02a4db96 x19=0x5b332b96
       11675000	      1166	800015bc	01705d13	srli	x26,x0,0x17	  x0:0x00000000 x26=0x00000000
       11685000	      1167	800015c0	aa7fb893	sltiu	x17,x31,-1369	 x31:0x02a4db96 x17=0x00000001
       11695000	      1168	800015c4	3911f613	andi	x12,x3,913	  x3:0xfeb80000 x12=0x00000000
       11705000	      1169	800015c8	00c7d093	srli	x1,x15,0xc	 x15:0x00000001  x1=0x00000000
       11715000	      1170	800015cc	b8afe193	ori	x3,x31,-1142	 x31:0x02a4db96  x3=0xfffffb9e
       11725000	      1171	800015d0	d595c593	xori	x11,x11,-679	 x11:0x7fff6120 x11=0x80009c79
       11735000	      1172	800015d4	4df70193	addi	x3,x14,1247	 x14:0x80009fc4  x3=0x8000a4a3
       11745000	      1173	800015d8	41fc5cb3	sra	x25,x24,x31	 x24:0xffff82a5 x31:0x02a4db96 x25=0xffffffff
       11755000	      1174	800015dc	7c13e213	ori	x4,x7,1985	  x7:0x00000013  x4=0x000007d3
       11765000	      1175	800015e0	61c8bd37	lui	x26,0x61c8b	 x26=0x61c8b000
       11775000	      1176	800015e4	00ef9793	slli	x15,x31,0xe	 x31:0x02a4db96 x15=0x36e58000
       11785000	      1177	800015e8	009f8233	add	x4,x31,x9	 x31:0x02a4db96  x9:0x10000000  x4=0x12a4db96
       11795000	      1178	800015ec	1231e213	ori	x4,x3,291	  x3:0x8000a4a3  x4=0x8000a5a3
       11805000	      1179	800015f0	0050e863	bltu	x1,x5,80001600	  x1:0x00000000  x5:0xe6698554
       11815000	      1180	00000000	00000013	addi	x0,x0,0	  x0:0x00000000
       11825000	      1181	800015fc	00000013	addi	x0,x0,0	  x0:0x00000000
       11835000	      1182	80001600	c1a8f993	andi	x19,x17,-998	 x17:0x00000001 x19=0x00000000
       11845000	      1183	80001604	da0dea13	ori	x20,x27,-608	 x27:0x00000000 x20=0xfffffda0
       11855000	      1184	80001608	01050933	add	x18,x10,x16	 x10:0x80009ee0 x16:0x00000000 x18=0x80009ee0
       11865000	      1185	8000160c	024ede63	bge	x29,x4,80001648	 x29:0x00000000  x4:0x8000a5a3
       11875000	      1186	00000000	00000013	addi	x0,x0,0	  x0:0x00000000
       11885000	      1187	80001644	00000013	addi	x0,x0,0	  x0:0x00000000
       11895000	      1188	80001648	2a5b9337	lui	x6,0x2a5b9	  x6=0x2a5b9000
       11905000	      1189	8000164c	0075b333	sltu	x6,x11,x7	 x11:0x80009c79  x7:0x00000013  x6=0x00000000
       11915000	      1190	80001650	87128e13	addi	x28,x5,-1935	  x5:0xe6698554 x28=0xe6697dc5
       11925000	      1191	80001654	865e4e93	xori	x29,x28,-1947	 x28:0xe6697dc5 x29=0x199685a0
       11935000	      1192	80001658	014147b3	xor	x15,x2,x20	  x2:0x001526dc x20:0xfffffda0 x15=0xffeadb7c
       11945000	      1193	8000165c	40b989b3	sub	x19,x19,x11	 x19:0x00000000 x11:0x80009c79 x19=0x7fff6387
       11955000	      1194	80001660	01da80b3	add	x1,x21,x29	 x21:0x00000001 x29:0x199685a0  x1=0x199685a1
       11965000	      1195	80001664	0010adb3	slt	x27,x1,x1	  x1:0x199685a1  x1:0x199685a1 x27=0x00000000
       11975000	      1196	80001668	e2568893	addi	x17,x13,-475	 x13:0x00007fff x17=0x00007e24
       11985000	      1197	8000166c	409c5d33	sra	x26,x24,x9	 x24:0xffff82a5  x9:0x10000000 x26=0xffff82a5
       11995000	      1198	80001670	ac9edeb7	lui	x29,0xac9ed	 x29=0xac9ed000
       12005000	      1199	80001674	97def697	auipc	x13,0x97def	 x13=0x17df0670
       12015000	      1200	80001678	9d45fd93	andi	x27,x11,-1580	 x11:0x80009c79 x27=0x80009850
       12025000	      1201	8000167c	b4697e93	andi	x29,x18,-1210	 x18:0x80009ee0 x29=0x80009a40
       12035000	      1202	80001680	007d68b3	or	x17,x26,x7	 x26:0xffff82a5  x7:0x00000013 x17=0xffff82b7
       12045000	      1203	80001684	2b0baa13	slti	x20,x23,688	 x23:0x000002a0 x20=0x00000001
       12055000	      1204	80001688	8cdd3397	auipc	x7,0x8cdd3	  x7=0x0cdd4684
       12065000	      1205	8000168c	05c5e463	bltu	x11,x28,800016d4	 x11:0x80009c79 x28:0xe6697dc5
       12075000	      1206	00000000	00000013	addi	x0,x0,0	  x0:0x00000000
       12085000	      1207	800016d0	00000013	addi	x0,x0,0	  x0:0x00000000
       12095000	      1208	800016d4	00aa0c33	add	x24,x20,x10	 x20:0x00000001 x10:0x80009ee0 x24=0x80009ee1
       12105000	      1209	800016d8	40548233	sub	x4,x9,x5	  x9:0x10000000  x5:0xe6698554  x4=0x29967aac
       12115000	      1210	800016dc	03f11c63	bne	x2,x31,80001714	  x2:0x001526dc x31:0x02a4db96
       12125000	      1211	00000000	00000013	addi	x0,x0,0	  x0:0x00000000
       12135000	      1212	80001710	00000013	addi	x0,x0,0	  x0:0x00000000
       12145000	      1213	80001714	537d0113	addi	x2,x26,1335	 x26:0xffff82a5  x2=0xffff87dc
       12155000	      1214	80001718	01cd6263	bltu	x26,x28,8000171c	 x26:0xffff82a5 x28:0xe6697dc5
       12165000	      1215	8000171c	019e3b33	sltu	x22,x28,x25	 x28:0xe6697dc5 x25:0xffffffff x22=0x00000001
       12175000	      1216	80001720	019033b3	sltu	x7,x0,x25	  x0:0x00000000 x25:0xffffffff  x7=0x00000001
       12185000	      1217	80001724	01465593	srli	x11,x12,0x14	 x12:0x00000000 x11=0x00000000
       12195000	      1218	80001728	04e75663	bge	x14,x14,80001774	 x14:0x80009fc4 x14:0x80009fc4
       12205000	      1219	00000000	00000013	addi	x0,x0,0	  x0:0x00000000
       12215000	      1220	80001770	00000013	addi	x0,x0,0	  x0:0x00000000
       12225000	      1221	80001774	3b69a193	slti	x3,x19,950	 x19:0x7fff6387  x3=0x00000000
       12235000	      1222	80001778	455b8493	addi	x9,x23,1109	 x23:0x000002a0  x9=0x000006f5
       12245000	      1223	8000177c	0194a5b3	slt	x11,x9,x25	  x9:0x000006f5 x25:0xffffffff x11=0x00000000
       12255000	      1224	80001780	01c4e6b3	or	x13,x9,x28	  x9:0x000006f5 x28:0xe6697dc5 x13=0xe6697ff5
       12265000	      1225	80001784	01ac6eb3	or	x29,x24,x26	 x24:0x80009ee1 x26:0xffff82a5 x29=0xffff9ee5
       12275000	      1226	80001788	d3a26113	ori	x2,x4,-710	  x4:0x29967aac  x2=0xffffffbe
       12285000	      1227	8000178c	00278263	beq	x15,x2,80001790	 x15:0xffeadb7c  x2:0xffffffbe
       12295000	      1228	80001790	2c607193	andi	x3,x0,710	  x0:0x00000000  x3=0x00000000
       12305000	      1229	80001794	00012ab3	slt	x21,x2,x0	  x2:0xffffffbe  x0:0x00000000 x21=0x00000001
       12315000	      1230	80001798	ea7fed17	auipc	x26,0xea7fe	 x26=0x6a7ff794
       12325000	      1231	8000179c	ccd5e293	ori	x5,x11,-819	 x11:0x00000000  x5=0xfffffccd
       12335000	      1232	800017a0	00d31863	bne	x6,x13,800017b0	  x6:0x00000000 x13:0xe6697ff5
       12345000	      1233	00000000	00000013	addi	x0,x0,0	  x0:0x00000000
       12355000	      1234	800017ac	00000013	addi	x0,x0,0	  x0:0x00000000
       12365000	      1235	800017b0	019438b3	sltu	x17,x8,x25	  x8:0x5997f000 x25:0xffffffff x17=0x00000001
       12375000	      1236	800017b4	c0e6c093	xori	x1,x13,-1010	 x13:0xe6697ff5  x1=0x199683fb
       12385000	      1237	800017b8	8e136793	ori	x15,x6,-1823	  x6:0x00000000 x15=0xfffff8e1
       12395000	      1238	800017bc	02d65c63	bge	x12,x13,800017f4	 x12:0x00000000 x13:0xe6697ff5
       12405000	      1239	00000000	00000013	addi	x0,x0,0	  x0:0x00000000
       12415000	      1240	800017f0	00000013	addi	x0,x0,0	  x0:0x00000000
       12425000	      1241	800017f4	97b52893	slti	x17,x10,-1669	 x10:0x80009ee0 x17=0x00000001
       12435000	      1242	800017f8	85c10293	addi	x5,x2,-1956	  x2:0xffffffbe  x5=0xfffff81a
       12445000	      1243	800017fc	00d83cb3	sltu	x25,x16,x13	 x16:0x00000000 x13:0xe6697ff5 x25=0x00000001
       12455000	      1244	80001800	c1002b93	slti	x23,x0,-1008	  x0:0x00000000 x23=0x00000000
       12465000	      1245	80001804	62d20413	addi	x8,x4,1581	  x4:0x29967aac  x8=0x299680d9
       12475000	      1246	80001808	6cc16313	ori	x6,x2,1740	  x2:0xffffffbe  x6=0xfffffffe
       12485000	      1247	8000180c	00ec0eb3	add	x29,x24,x14	 x24:0x80009ee1 x14:0x80009fc4 x29=0x00013ea5
       12495000	      1248	80001810	b645f313	andi	x6,x11,-1180	 x11:0x00000000  x6=0x00000000
       12505000	      1249	80001814	047dc463	blt	x27,x7,8000185c	 x27:0x80009850  x7:0x00000001
       12515000	      1250	00000000	00000013	addi	x0,x0,0	  x0:0x00000000
       12525000	      1251	80001858	00000013	addi	x0,x0,0	  x0:0x00000000
       12535000	      1252	8000185c	26993e93	sltiu	x29,x18,617	 x18:0x80009ee0 x29=0x00000000
       12545000	      1253	80001860	03348263	beq	x9,x19,80001884	  x9:0x000006f5 x19:0x7fff6387
       12555000	      1254	80001864	005b2f33	slt	x30,x22,x5	 x22:0x00000001  x5:0xfffff81a x30=0x00000000
       12565000	      1255	80001868	00f034b3	sltu	x9,x0,x15	  x0:0x00000000 x15:0xfffff8e1  x9=0x00000001
       12575000	      1256	8000186c	01b17463	bgeu	x2,x27,80001874	  x2:0xffffffbe x27:0x80009850
       12585000	      1257	00000000	00000013	addi	x0,x0,0	  x0:0x00000000
       12595000	      1258	80001870	00000013	addi	x0,x0,0	  x0:0x00000000
       12605000	      1259	80001874	00028b33	add	x22,x5,x0	  x5:0xfffff81a  x0:0x00000000 x22=0xfffff81a
       12615000	      1260	80001878	856f3637	lui	x12,0x856f3	 x12=0x856f3000
       12625000	      1261	8000187c	0051d663	bge	x3,x5,80001888	  x3:0x00000000  x5:0xfffff81a
       12635000	      1262	00000000	00000013	addi	x0,x0,0	  x0:0x00000000
       12645000	      1263	80001884	00000013	addi	x0,x0,0	  x0:0x00000000
       12655000	      1264	80001888	0118a6b3	slt	x13,x17,x17	 x17:0x00000001 x17:0x00000001 x13=0x00000000
       12665000	      1265	8000188c	02666063	bltu	x12,x6,800018ac	 x12:0x856f3000  x6:0x00000000
       12675000	      1266	80001890	0051ac33	slt	x24,x3,x5	  x3:0x00000000  x5:0xfffff81a x24=0x00000000
       12685000	      1267	80001894	00314a63	blt	x2,x3,800018a8	  x2:0xffffffbe  x3:0x00000000
       12695000	      1268	00000000	00000013	addi	x0,x0,0	  x0:0x00000000
       12705000	      1269	800018a4	00000013	addi	x0,x0,0	  x0:0x00000000
       12715000	      1270	800018a8	00000013	addi	x0,x0,0	  x0:0x00000000
       12725000	      1271	800018ac	a2c80813	addi	x16,x16,-1492	 x16:0x00000000 x16=0xfffffa2c
       12735000	      1272	800018b0	00d8f4b3	and	x9,x17,x13	 x17:0x00000001 x13:0x00000000  x9=0x00000000
       12745000	      1273	800018b4	1e348693	addi	x13,x9,483	  x9:0x00000000 x13=0x000001e3
       12755000	      1274	800018b8	00322cb3	slt	x25,x4,x3	  x4:0x29967aac  x3:0x00000000 x25=0x00000000
       12765000	      1275	800018bc	afdf0f17	auipc	x30,0xafdf0	 x30=0x2fdf18b8
       12775000	      1276	800018c0	40f85b13	srai	x22,x16,0xf	 x16:0xfffffa2c x22=0xffffffff
       12785000	      1277	800018c4	40bd9bb7	lui	x23,0x40bd9	 x23=0x40bd9000
       12795000	      1278	800018c8	406c52b3	sra	x5,x24,x6	 x24:0x00000000  x6:0x00000000  x5=0x00000000
       12805000	      1279	800018cc	00452083	lw	x1,4(x10)	 x10:0x80009ee0  x1=0x80000d30 PA:0x80009ee4
       12815000	      1280	800018d0	40995db3	sra	x27,x18,x9	 x18:0x80009ee0  x9:0x00000000 x27=0x80009ee0
       12825000	      1281	800018d4	04050513	addi	x10,x10,64	 x10:0x80009ee0 x10=0x80009f20
       12835000	      1282	800018d8	015b9a93	slli	x21,x23,0x15	 x23:0x40bd9000 x21=0x00000000
       12845000	      1283	800018dc	4ff7e913	ori	x18,x15,1279	 x15:0xfffff8e1 x18=0xfffffcff
       12855000	      1284	800018e0	00000013	addi	x0,x0,0	  x0:0x00000000
       12865000	      1285	800018e4	01465e93	srli	x29,x12,0x14	 x12:0x856f3000 x29=0x00000856
       12875000	      1286	800018e8	40cc5eb3	sra	x29,x24,x12	 x24:0x00000000 x12:0x856f3000 x29=0x00000000
       12885000	      1287	800018ec	00108213	addi	x4,x1,1	  x1:0x80000d30  x4=0x80000d31
       12895000	      1288	800018f0	00020267	jalr	x4,x4,0	  x4:0x80000d31  x4=0x800018f0
       12905000	      1289	00000000	00000013	addi	x0,x0,0	  x0:0x00000000
       12915000	      1290	80000d30	00000013	addi	x0,x0,0	  x0:0x00000000
       12925000	      1291	80000d34	01d1d813	srli	x16,x3,0x1d	  x3:0x00000000 x16=0x00000000
       12935000	      1292	80000d38	00145133	srl	x2,x8,x1	  x8:0x299680d9  x1:0x80000d30  x2=0x00002996
       12945000	      1293	80000d3c	00000013	addi	x0,x0,0	  x0:0x00000000
       12955000	      1294	80000d40	01359db3	sll	x27,x11,x19	 x11:0x00000000 x19:0x7fff6387 x27=0x00000000
       12965000	      1295	80000d44	8ea90493	addi	x9,x18,-1814	 x18:0xfffffcff  x9=0xfffff5e9
       12975000	      1296	80000d48	01e3fdb3	and	x27,x7,x30	  x7:0x00000001 x30:0x2fdf18b8 x27=0x00000000
       12985000	      1297	80000d4c	7c51ad93	slti	x27,x3,1989	  x3:0x00000000 x27=0x00000001
       12995000	      1298	80000d50	007b60b3	or	x1,x22,x7	 x22:0xffffffff  x7:0x00000001  x1=0xffffffff
       13005000	      1299	80000d54	00736333	or	x6,x6,x7	  x6:0x00000000  x7:0x00000001  x6=0x00000001
       13015000	      1300	80000d58	b0dff0ef	jal	x1,80000d58	  x1=0x80000d58
       13025000	      1301	00000000	00000013	addi	x0,x0,0	  x0:0x00000000
       13035000	      1302	80000860	00000013	addi	x0,x0,0	  x0:0x00000000
       13045000	      1303	80000864	00c35f13	srli	x30,x6,0xc	  x6:0x00000001 x30=0x00000000
       13055000	      1304	80000868	a6a3af17	auipc	x30,0xa6a3a	 x30=0x26a3a864
       13065000	      1305	8000086c	01005e33	srl	x28,x0,x16	  x0:0x00000000 x16:0x00000000 x28=0x00000000
       13075000	      1306	80000870	fc850513	addi	x10,x10,-56	 x10:0x80009f20 x10=0x80009ee8
       13085000	      1307	80000874	61c5b493	sltiu	x9,x11,1564	 x11:0x00000000  x9=0x00000001
       13095000	      1308	80000878	00152223	sw	x1,4(x10)	 x10:0x80009ee8  x1:0x80000d58 PA:0x80009eec
       13105000	      1309	8000087c	1bb1f013	andi	x0,x3,443	  x3:0x00000000
       13115000	      1310	80000880	852a6313	ori	x6,x20,-1966	 x20:0x00000001  x6=0xfffff853
       13125000	      1311	80000884	1ef0fa13	andi	x20,x1,495	  x1:0x80000d58 x20=0x00000148
       13135000	      1312	80000888	0075d293	srli	x5,x11,0x7	 x11:0x00000000  x5=0x00000000
       13145000	      1313	8000088c	ffa00813	addi	x16,x0,-6	  x0:0x00000000 x16=0xfffffffa
       13155000	      1314	80000890	ff200693	addi	x13,x0,-14	  x0:0x00000000 x13=0xfffffff2
       13165000	      1315	80000894	00866a33	or	x20,x12,x8	 x12:0x856f3000  x8:0x299680d9 x20=0xadffb0d9
       13175000	      1316	80000898	00000013	addi	x0,x0,0	  x0:0x00000000
       13185000	      1317	8000089c	ffb80813	addi	x16,x16,-5	 x16:0xfffffffa x16=0xfffffff5
       13195000	      1318	800008a0	ffa00c93	addi	x25,x0,-6	  x0:0x00000000 x25=0xfffffffa
       13205000	      1319	800008a4	00e00e13	addi	x28,x0,14	  x0:0x00000000 x28=0x0000000e
       13215000	      1320	800008a8	00faeab3	or	x21,x21,x15	 x21:0x00000000 x15:0xfffff8e1 x21=0xfffff8e1
       13225000	      1321	800008ac	1c4fe437	lui	x8,0x1c4fe	  x8=0x1c4fe000
       13235000	      1322	800008b0	002c8c93	addi	x25,x25,2	 x25:0xfffffffa x25=0xfffffffc
       13245000	      1323	800008b4	ffcceae3	bltu	x25,x28,800008a8	 x25:0xfffffffc x28:0x0000000e
       13255000	      1324	800008b8	fed850e3	bge	x16,x13,80000898	 x16:0xfffffff5 x13:0xfffffff2
       13265000	      1325	00000000	00000013	addi	x0,x0,0	  x0:0x00000000
       13275000	      1326	80000894	00000013	addi	x0,x0,0	  x0:0x00000000
       13285000	      1327	80000898	00000013	addi	x0,x0,0	  x0:0x00000000
       13295000	      1328	8000089c	ffb80813	addi	x16,x16,-5	 x16:0xfffffff5 x16=0xfffffff0
       13305000	      1329	800008a0	ffa00c93	addi	x25,x0,-6	  x0:0x00000000 x25=0xfffffffa
       13315000	      1330	800008a4	00e00e13	addi	x28,x0,14	  x0:0x00000000 x28=0x0000000e
       13325000	      1331	800008a8	00faeab3	or	x21,x21,x15	 x21:0xfffff8e1 x15:0xfffff8e1 x21=0xfffff8e1
       13335000	      1332	800008ac	1c4fe437	lui	x8,0x1c4fe	  x8=0x1c4fe000
       13345000	      1333	800008b0	002c8c93	addi	x25,x25,2	 x25:0xfffffffa x25=0xfffffffc
       13355000	      1334	800008b4	ffcceae3	bltu	x25,x28,800008a8	 x25:0xfffffffc x28:0x0000000e
       13365000	      1335	800008b8	fed850e3	bge	x16,x13,80000898	 x16:0xfffffff0 x13:0xfffffff2
       13375000	      1336	800008bc	a9482a13	slti	x20,x16,-1388	 x16:0xfffffff0 x20=0x00000000
       13385000	      1337	800008c0	00800113	addi	x2,x0,8	  x0:0x00000000  x2=0x00000008
       13395000	      1338	800008c4	00800493	addi	x9,x0,8	  x0:0x00000000  x9=0x00000008
       13405000	      1339	800008c8	bee3ca93	xori	x21,x7,-1042	  x7:0x00000001 x21=0xfffffbef
       13415000	      1340	800008cc	ffb10113	addi	x2,x2,-5	  x2:0x00000008  x2=0x00000003
       13425000	      1341	800008d0	ff600893	addi	x17,x0,-10	  x0:0x00000000 x17=0xfffffff6
       13435000	      1342	800008d4	fec00e13	addi	x28,x0,-20	  x0:0x00000000 x28=0xffffffec
       13445000	      1343	800008d8	012fa6b3	slt	x13,x31,x18	 x31:0x02a4db96 x18:0xfffffcff x13=0x00000000
       13455000	      1344	800008dc	ffa88893	addi	x17,x17,-6	 x17:0xfffffff6 x17=0xfffffff0
       13465000	      1345	800008e0	ffc8dce3	bge	x17,x28,800008d8	 x17:0xfffffff0 x28:0xffffffec
       13475000	      1346	00000000	00000013	addi	x0,x0,0	  x0:0x00000000
       13485000	      1347	800008d4	00000013	addi	x0,x0,0	  x0:0x00000000
       13495000	      1348	800008d8	012fa6b3	slt	x13,x31,x18	 x31:0x02a4db96 x18:0xfffffcff x13=0x00000000
       13505000	      1349	800008dc	ffa88893	addi	x17,x17,-6	 x17:0xfffffff0 x17=0xffffffea
       13515000	      1350	800008e0	ffc8dce3	bge	x17,x28,800008d8	 x17:0xffffffea x28:0xffffffec
       13525000	      1351	800008e4	fe9172e3	bgeu	x2,x9,800008c8	  x2:0x00000003  x9:0x00000008
       13535000	      1352	800008e8	40c00833	sub	x16,x0,x12	  x0:0x00000000 x12:0x856f3000 x16=0x7a90d000
       13545000	      1353	800008ec	00100213	addi	x4,x0,1	  x0:0x00000000  x4=0x00000001
       13555000	      1354	800008f0	00500393	addi	x7,x0,5	  x0:0x00000000  x7=0x00000005
       13565000	      1355	800008f4	404e0eb3	sub	x29,x28,x4	 x28:0xffffffec  x4:0x00000001 x29=0xffffffeb
       13575000	      1356	800008f8	a4e9fb13	andi	x22,x19,-1458	 x19:0x7fff6387 x22=0x7fff6206
       13585000	      1357	800008fc	00220213	addi	x4,x4,2	  x4:0x00000001  x4=0x00000003
       13595000	      1358	80000900	00300413	addi	x8,x0,3	  x0:0x00000000  x8=0x00000003
       13605000	      1359	80000904	00dcef33	or	x30,x25,x13	 x25:0xfffffffc x13:0x00000000 x30=0xfffffffc
       13615000	      1360	80000908	00d00293	addi	x5,x0,13	  x0:0x00000000  x5=0x0000000d
       13625000	      1361	8000090c	c8312cb7	lui	x25,0xc8312	 x25=0xc8312000
       13635000	      1362	80000910	00a40413	addi	x8,x8,10	  x8:0x00000003  x8=0x0000000d
       13645000	      1363	80000914	411c5a13	srai	x20,x24,0x11	 x24:0x00000000 x20=0x00000000
       13655000	      1364	80000918	fe540ae3	beq	x8,x5,8000090c	  x8:0x0000000d  x5:0x0000000d
       13665000	      1365	00000000	00000013	addi	x0,x0,0	  x0:0x00000000
       13675000	      1366	80000908	00000013	addi	x0,x0,0	  x0:0x00000000
       13685000	      1367	8000090c	c8312cb7	lui	x25,0xc8312	 x25=0xc8312000
       13695000	      1368	80000910	00a40413	addi	x8,x8,10	  x8:0x0000000d  x8=0x00000017
       13705000	      1369	80000914	411c5a13	srai	x20,x24,0x11	 x24:0x00000000 x20=0x00000000
       13715000	      1370	80000918	fe540ae3	beq	x8,x5,8000090c	  x8:0x00000017  x5:0x0000000d
       13725000	      1371	8000091c	fc720ee3	beq	x4,x7,800008f8	  x4:0x00000003  x7:0x00000005
       13735000	      1372	80000920	00bca9b3	slt	x19,x25,x11	 x25:0xc8312000 x11:0x00000000 x19=0x00000001
       13745000	      1373	80000924	ffb00c93	addi	x25,x0,-5	  x0:0x00000000 x25=0xfffffffb
       13755000	      1374	80000928	ffa00e93	addi	x29,x0,-6	  x0:0x00000000 x29=0xfffffffa
       13765000	      1375	8000092c	a87da317	auipc	x6,0xa87da	  x6=0x287da928
       13775000	      1376	80000930	ffcc8c93	addi	x25,x25,-4	 x25:0xfffffffb x25=0xfffffff7
       13785000	      1377	80000934	00500e13	addi	x28,x0,5	  x0:0x00000000 x28=0x00000005
       13795000	      1378	80000938	00200113	addi	x2,x0,2	  x0:0x00000000  x2=0x00000002
       13805000	      1379	8000093c	0766a193	slti	x3,x13,118	 x13:0x00000000  x3=0x00000001
       13815000	      1380	80000940	fffe0e13	addi	x28,x28,-1	 x28:0x00000005 x28=0x00000004
       13825000	      1381	80000944	fe2e7ce3	bgeu	x28,x2,8000093c	 x28:0x00000004  x2:0x00000002
       13835000	      1382	00000000	00000013	addi	x0,x0,0	  x0:0x00000000
       13845000	      1383	80000938	00000013	addi	x0,x0,0	  x0:0x00000000
       13855000	      1384	8000093c	0766a193	slti	x3,x13,118	 x13:0x00000000  x3=0x00000001
       13865000	      1385	80000940	fffe0e13	addi	x28,x28,-1	 x28:0x00000004 x28=0x00000003
       13875000	      1386	80000944	fe2e7ce3	bgeu	x28,x2,8000093c	 x28:0x00000003  x2:0x00000002
       13885000	      1387	00000000	00000013	addi	x0,x0,0	  x0:0x00000000
       13895000	      1388	80000938	00000013	addi	x0,x0,0	  x0:0x00000000
       13905000	      1389	8000093c	0766a193	slti	x3,x13,118	 x13:0x00000000  x3=0x00000001
       13915000	      1390	80000940	fffe0e13	addi	x28,x28,-1	 x28:0x00000003 x28=0x00000002
       13925000	      1391	80000944	fe2e7ce3	bgeu	x28,x2,8000093c	 x28:0x00000002  x2:0x00000002
       13935000	      1392	00000000	00000013	addi	x0,x0,0	  x0:0x00000000
       13945000	      1393	80000938	00000013	addi	x0,x0,0	  x0:0x00000000
       13955000	      1394	8000093c	0766a193	slti	x3,x13,118	 x13:0x00000000  x3=0x00000001
       13965000	      1395	80000940	fffe0e13	addi	x28,x28,-1	 x28:0x00000002 x28=0x00000001
       13975000	      1396	80000944	fe2e7ce3	bgeu	x28,x2,8000093c	 x28:0x00000001  x2:0x00000002
       13985000	      1397	80000948	ffdcd2e3	bge	x25,x29,8000092c	 x25:0xfffffff7 x29:0xfffffffa
       13995000	      1398	8000094c	013847b3	xor	x15,x16,x19	 x16:0x7a90d000 x19:0x00000001 x15=0x7a90d001
       14005000	      1399	80000950	4070deb3	sra	x29,x1,x7	  x1:0x80000d58  x7:0x00000005 x29=0xfc00006a
       14015000	      1400	80000954	40b801b3	sub	x3,x16,x11	 x16:0x7a90d000 x11:0x00000000  x3=0x7a90d000
       14025000	      1401	80000958	b3b83493	sltiu	x9,x16,-1221	 x16:0x7a90d000  x9=0x00000001
       14035000	      1402	8000095c	01ef9cb3	sll	x25,x31,x30	 x31:0x02a4db96 x30:0xfffffffc x25=0x60000000
       14045000	      1403	80000960	88feb913	sltiu	x18,x29,-1905	 x29:0xfc00006a x18=0x00000001
       14055000	      1404	80000964	010388b3	add	x17,x7,x16	  x7:0x00000005 x16:0x7a90d000 x17=0x7a90d005
       14065000	      1405	80000968	41aed313	srai	x6,x29,0x1a	 x29:0xfc00006a  x6=0xffffffff
       14075000	      1406	8000096c	40cbda33	sra	x20,x23,x12	 x23:0x40bd9000 x12:0x856f3000 x20=0x40bd9000
       14085000	      1407	80000970	00000013	addi	x0,x0,0	  x0:0x00000000
       14095000	      1408	80000974	00000013	addi	x0,x0,0	  x0:0x00000000
       14105000	      1409	80000978	00000013	addi	x0,x0,0	  x0:0x00000000
       14115000	      1410	8000097c	01ef9eb3	sll	x29,x31,x30	 x31:0x02a4db96 x30:0xfffffffc x29=0x60000000
       14125000	      1411	80000980	7e933d93	sltiu	x27,x6,2025	  x6:0xffffffff x27=0x00000000
       14135000	      1412	80000984	925d3393	sltiu	x7,x26,-1755	 x26:0x6a7ff794  x7=0x00000001
       14145000	      1413	80000988	006c19b3	sll	x19,x24,x6	 x24:0x00000000  x6:0xffffffff x19=0x00000000
       14155000	      1414	8000098c	00891a63	bne	x18,x8,800009a0	 x18:0x00000001  x8:0x00000017
       14165000	      1415	00000000	00000013	addi	x0,x0,0	  x0:0x00000000
       14175000	      1416	8000099c	00000013	addi	x0,x0,0	  x0:0x00000000
       14185000	      1417	800009a0	d5d2b013	sltiu	x0,x5,-675	  x5:0x0000000d
       14195000	      1418	800009a4	d9366913	ori	x18,x12,-621	 x12:0x856f3000 x18=0xfffffd93
       14205000	      1419	800009a8	b0c37093	andi	x1,x6,-1268	  x6:0xffffffff  x1=0xfffffb0c
       14215000	      1420	800009ac	41c986b3	sub	x13,x19,x28	 x19:0x00000000 x28:0x00000001 x13=0xffffffff
       14225000	      1421	800009b0	019485b3	add	x11,x9,x25	  x9:0x00000001 x25:0x60000000 x11=0x60000001
       14235000	      1422	800009b4	00a14833	xor	x16,x2,x10	  x2:0x00000002 x10:0x80009ee8 x16=0x80009eea
       14245000	      1423	800009b8	a9e32393	slti	x7,x6,-1378	  x6:0xffffffff  x7=0x00000000
       14255000	      1424	800009bc	2d136ab7	lui	x21,0x2d136	 x21=0x2d136000
       14265000	      1425	800009c0	01427e33	and	x28,x4,x20	  x4:0x00000003 x20:0x40bd9000 x28=0x00000000
       14275000	      1426	800009c4	2bb64893	xori	x17,x12,699	 x12:0x856f3000 x17=0x856f32bb
       14285000	      1427	800009c8	00e95db3	srl	x27,x18,x14	 x18:0xfffffd93 x14:0x80009fc4 x27=0x0fffffd9
       14295000	      1428	800009cc	00bfdd33	srl	x26,x31,x11	 x31:0x02a4db96 x11:0x60000001 x26=0x01526dcb
       14305000	      1429	800009d0	01964ab3	xor	x21,x12,x25	 x12:0x856f3000 x25:0x60000000 x21=0xe56f3000
       14315000	      1430	800009d4	b2034f13	xori	x30,x6,-1248	  x6:0xffffffff x30=0x000004df
       14325000	      1431	800009d8	0175cc63	blt	x11,x23,800009f0	 x11:0x60000001 x23:0x40bd9000
       14335000	      1432	800009dc	00c35e13	srli	x28,x6,0xc	  x6:0xffffffff x28=0x000fffff
       14345000	      1433	800009e0	ef6cc013	xori	x0,x25,-266	 x25:0x60000000
       14355000	      1434	800009e4	05199863	bne	x19,x17,80000a34	 x19:0x00000000 x17:0x856f32bb
       14365000	      1435	00000000	00000013	addi	x0,x0,0	  x0:0x00000000
       14375000	      1436	80000a30	00000013	addi	x0,x0,0	  x0:0x00000000
       14385000	      1437	80000a34	05467663	bgeu	x12,x20,80000a80	 x12:0x856f3000 x20:0x40bd9000
       14395000	      1438	00000000	00000013	addi	x0,x0,0	  x0:0x00000000
       14405000	      1439	80000a7c	00000013	addi	x0,x0,0	  x0:0x00000000
       14415000	      1440	80000a80	00000013	addi	x0,x0,0	  x0:0x00000000
       14425000	      1441	80000a84	4d080317	auipc	x6,0x4d080	  x6=0xcd080a80
       14435000	      1442	80000a88	028ce863	bltu	x25,x8,80000ab8	 x25:0x60000000  x8:0x00000017
       14445000	      1443	80000a8c	01b7e3b3	or	x7,x15,x27	 x15:0x7a90d001 x27:0x0fffffd9  x7=0x7fffffd9
       14455000	      1444	80000a90	41da5433	sra	x8,x20,x29	 x20:0x40bd9000 x29:0x60000000  x8=0x40bd9000
       14465000	      1445	80000a94	03010863	beq	x2,x16,80000ac4	  x2:0x00000002 x16:0x80009eea
       14475000	      1446	80000a98	154f6a13	ori	x20,x30,340	 x30:0x000004df x20=0x000005df
       14485000	      1447	80000a9c	03de5463	bge	x28,x29,80000ac4	 x28:0x000fffff x29:0x60000000
       14495000	      1448	80000aa0	002e8863	beq	x29,x2,80000ab0	 x29:0x60000000  x2:0x00000002
       14505000	      1449	80000aa4	015e21b3	slt	x3,x28,x21	 x28:0x000fffff x21:0xe56f3000  x3=0x00000000
       14515000	      1450	80000aa8	03b9e463	bltu	x19,x27,80000ad0	 x19:0x00000000 x27:0x0fffffd9
       14525000	      1451	00000000	00000013	addi	x0,x0,0	  x0:0x00000000
       14535000	      1452	80000acc	00000013	addi	x0,x0,0	  x0:0x00000000
       14545000	      1453	80000ad0	00b39233	sll	x4,x7,x11	  x7:0x7fffffd9 x11:0x60000001  x4=0xffffffb2
       14555000	      1454	80000ad4	0198c033	xor	x0,x17,x25	 x17:0x856f32bb x25:0x60000000
       14565000	      1455	80000ad8	40345813	srai	x16,x8,0x3	  x8:0x40bd9000 x16=0x0817b200
       14575000	      1456	80000adc	40240633	sub	x12,x8,x2	  x8:0x40bd9000  x2:0x00000002 x12=0x40bd8ffe
       14585000	      1457	80000ae0	003e43b3	xor	x7,x28,x3	 x28:0x000fffff  x3:0x00000000  x7=0x000fffff
       14595000	      1458	80000ae4	001094b3	sll	x9,x1,x1	  x1:0xfffffb0c  x1:0xfffffb0c  x9=0xffb0c000
       14605000	      1459	80000ae8	01611313	slli	x6,x2,0x16	  x2:0x00000002  x6=0x00800000
       14615000	      1460	80000aec	01c79c63	bne	x15,x28,80000b04	 x15:0x7a90d001 x28:0x000fffff
       14625000	      1461	00000000	00000013	addi	x0,x0,0	  x0:0x00000000
       14635000	      1462	80000b00	00000013	addi	x0,x0,0	  x0:0x00000000
       14645000	      1463	80000b04	34f8fdb7	lui	x27,0x34f8f	 x27=0x34f8f000
       14655000	      1464	80000b08	01585e63	bge	x16,x21,80000b24	 x16:0x0817b200 x21:0xe56f3000
       14665000	      1465	00000000	00000013	addi	x0,x0,0	  x0:0x00000000
       14675000	      1466	80000b20	00000013	addi	x0,x0,0	  x0:0x00000000
       14685000	      1467	80000b24	3a8bc893	xori	x17,x23,936	 x23:0x40bd9000 x17=0x40bd93a8
       14695000	      1468	80000b28	00000013	addi	x0,x0,0	  x0:0x00000000
       14705000	      1469	80000b2c	05485263	bge	x16,x20,80000b70	 x16:0x0817b200 x20:0x000005df
       14715000	      1470	00000000	00000013	addi	x0,x0,0	  x0:0x00000000
       14725000	      1471	80000b6c	00000013	addi	x0,x0,0	  x0:0x00000000
       14735000	      1472	80000b70	03bc1863	bne	x24,x27,80000ba0	 x24:0x00000000 x27:0x34f8f000
       14745000	      1473	00000000	00000013	addi	x0,x0,0	  x0:0x00000000
       14755000	      1474	80000b9c	00000013	addi	x0,x0,0	  x0:0x00000000
       14765000	      1475	80000ba0	00ebc033	xor	x0,x23,x14	 x23:0x40bd9000 x14:0x80009fc4
       14775000	      1476	80000ba4	02168863	beq	x13,x1,80000bd4	 x13:0xffffffff  x1:0xfffffb0c
       14785000	      1477	80000ba8	00410263	beq	x2,x4,80000bac	  x2:0x00000002  x4:0xffffffb2
       14795000	      1478	80000bac	00c56433	or	x8,x10,x12	 x10:0x80009ee8 x12:0x40bd8ffe  x8=0xc0bd9ffe
       14805000	      1479	80000bb0	00fbe8b3	or	x17,x23,x15	 x23:0x40bd9000 x15:0x7a90d001 x17=0x7abdd001
       14815000	      1480	80000bb4	00000013	addi	x0,x0,0	  x0:0x00000000
       14825000	      1481	80000bb8	004995b3	sll	x11,x19,x4	 x19:0x00000000  x4:0xffffffb2 x11=0x00000000
       14835000	      1482	80000bbc	01aa6c63	bltu	x20,x26,80000bd4	 x20:0x000005df x26:0x01526dcb
       14845000	      1483	00000000	00000013	addi	x0,x0,0	  x0:0x00000000
       14855000	      1484	80000bd0	00000013	addi	x0,x0,0	  x0:0x00000000
       14865000	      1485	80000bd4	4fd7e313	ori	x6,x15,1277	 x15:0x7a90d001  x6=0x7a90d4fd
       14875000	      1486	80000bd8	3bd82213	slti	x4,x16,957	 x16:0x0817b200  x4=0x00000000
       14885000	      1487	80000bdc	033be863	bltu	x23,x19,80000c0c	 x23:0x40bd9000 x19:0x00000000
       14895000	      1488	80000be0	01940933	add	x18,x8,x25	  x8:0xc0bd9ffe x25:0x60000000 x18=0x20bd9ffe
       14905000	      1489	80000be4	03dcc263	blt	x25,x29,80000c08	 x25:0x60000000 x29:0x60000000
       14915000	      1490	80000be8	40400b33	sub	x22,x0,x4	  x0:0x00000000  x4:0x00000000 x22=0x00000000
       14925000	      1491	80000bec	f001e613	ori	x12,x3,-256	  x3:0x00000000 x12=0xffffff00
       14935000	      1492	80000bf0	40aa0c33	sub	x24,x20,x10	 x20:0x000005df x10:0x80009ee8 x24=0x7fff66f7
       14945000	      1493	80000bf4	41efd113	srai	x2,x31,0x1e	 x31:0x02a4db96  x2=0x00000000
       14955000	      1494	80000bf8	01bf5433	srl	x8,x30,x27	 x30:0x000004df x27:0x34f8f000  x8=0x000004df
       14965000	      1495	80000bfc	001491b3	sll	x3,x9,x1	  x9:0xffb0c000  x1:0xfffffb0c  x3=0x0c000000
       14975000	      1496	80000c00	033f0663	beq	x30,x19,80000c2c	 x30:0x000004df x19:0x00000000
       14985000	      1497	80000c04	03934463	blt	x6,x25,80000c2c	  x6:0x7a90d4fd x25:0x60000000
       14995000	      1498	80000c08	0dccc393	xori	x7,x25,220	 x25:0x60000000  x7=0x600000dc
       15005000	      1499	80000c0c	015ce633	or	x12,x25,x21	 x25:0x60000000 x21:0xe56f3000 x12=0xe56f3000
       15015000	      1500	80000c10	6cf5ac13	slti	x24,x11,1743	 x11:0x00000000 x24=0x00000001
       15025000	      1501	80000c14	0134b3b3	sltu	x7,x9,x19	  x9:0xffb0c000 x19:0x00000000  x7=0x00000000
       15035000	      1502	80000c18	325f4817	auipc	x16,0x325f4	 x16=0xb25f4c14
       15045000	      1503	80000c1c	002b8c63	beq	x23,x2,80000c34	 x23:0x40bd9000  x2:0x00000000
       15055000	      1504	80000c20	01fe9cb3	sll	x25,x29,x31	 x29:0x60000000 x31:0x02a4db96 x25=0x00000000
       15065000	      1505	80000c24	00376c33	or	x24,x14,x3	 x14:0x80009fc4  x3:0x0c000000 x24=0x8c009fc4
       15075000	      1506	80000c28	6906e993	ori	x19,x13,1680	 x13:0xffffffff x19=0xffffffff
       15085000	      1507	80000c2c	014a7cb3	and	x25,x20,x20	 x20:0x000005df x20:0x000005df x25=0x000005df
       15095000	      1508	80000c30	004f52b3	srl	x5,x30,x4	 x30:0x000004df  x4:0x00000000  x5=0x000004df
       15105000	      1509	80000c34	f67f4a93	xori	x21,x30,-153	 x30:0x000004df x21=0xfffffbb8
       15115000	      1510	80000c38	00000013	addi	x0,x0,0	  x0:0x00000000
       15125000	      1511	80000c3c	030bc463	blt	x23,x16,80000c64	 x23:0x40bd9000 x16:0xb25f4c14
       15135000	      1512	80000c40	01064cb3	xor	x25,x12,x16	 x12:0xe56f3000 x16:0xb25f4c14 x25=0x57307c14
       15145000	      1513	80000c44	01ccd4b3	srl	x9,x25,x28	 x25:0x57307c14 x28:0x000fffff  x9=0x00000000
       15155000	      1514	80000c48	f40a8413	addi	x8,x21,-192	 x21:0xfffffbb8  x8=0xfffffaf8
       15165000	      1515	80000c4c	00ec26b3	slt	x13,x24,x14	 x24:0x8c009fc4 x14:0x80009fc4 x13=0x00000000
       15175000	      1516	80000c50	052f0663	beq	x30,x18,80000c9c	 x30:0x000004df x18:0x20bd9ffe
       15185000	      1517	80000c54	001a99b3	sll	x19,x21,x1	 x21:0xfffffbb8  x1:0xfffffb0c x19=0xffbb8000
       15195000	      1518	80000c58	01584eb3	xor	x29,x16,x21	 x16:0xb25f4c14 x21:0xfffffbb8 x29=0x4da0b7ac
       15205000	      1519	80000c5c	fdc5b793	sltiu	x15,x11,-36	 x11:0x00000000 x15=0x00000001
       15215000	      1520	80000c60	41e006b3	sub	x13,x0,x30	  x0:0x00000000 x30:0x000004df x13=0xfffffb21
       15225000	      1521	80000c64	032de063	bltu	x27,x18,80000c84	 x27:0x34f8f000 x18:0x20bd9ffe
       15235000	      1522	80000c68	dad78793	addi	x15,x15,-595	 x15:0x00000001 x15=0xfffffdae
       15245000	      1523	80000c6c	007563b3	or	x7,x10,x7	 x10:0x80009ee8  x7:0x00000000  x7=0x80009ee8
       15255000	      1524	80000c70	01b12ab3	slt	x21,x2,x27	  x2:0x00000000 x27:0x34f8f000 x21=0x00000001
       15265000	      1525	80000c74	00161863	bne	x12,x1,80000c84	 x12:0xe56f3000  x1:0xfffffb0c
       15275000	      1526	00000000	00000013	addi	x0,x0,0	  x0:0x00000000
       15285000	      1527	80000c80	00000013	addi	x0,x0,0	  x0:0x00000000
       15295000	      1528	80000c84	00ec5013	srli	x0,x24,0xe	 x24:0x8c009fc4
       15305000	      1529	80000c88	03717863	bgeu	x2,x23,80000cb8	  x2:0x00000000 x23:0x40bd9000
       15315000	      1530	80000c8c	00b25293	srli	x5,x4,0xb	  x4:0x00000000  x5=0x00000000
       15325000	      1531	80000c90	26cba813	slti	x16,x23,620	 x23:0x40bd9000 x16=0x00000000
       15335000	      1532	80000c94	401b8933	sub	x18,x23,x1	 x23:0x40bd9000  x1:0xfffffb0c x18=0x40bd94f4
       15345000	      1533	80000c98	00000013	addi	x0,x0,0	  x0:0x00000000
       15355000	      1534	80000c9c	010412b3	sll	x5,x8,x16	  x8:0xfffffaf8 x16:0x00000000  x5=0xfffffaf8
       15365000	      1535	80000ca0	8dc18213	addi	x4,x3,-1828	  x3:0x0c000000  x4=0x0bfff8dc
       15375000	      1536	80000ca4	00047e63	bgeu	x8,x0,80000cc0	  x8:0xfffffaf8  x0:0x00000000
       15385000	      1537	00000000	00000013	addi	x0,x0,0	  x0:0x00000000
       15395000	      1538	80000cbc	00000013	addi	x0,x0,0	  x0:0x00000000
       15405000	      1539	80000cc0	782a1237	lui	x4,0x782a1	  x4=0x782a1000
       15415000	      1540	80000cc4	00115263	bge	x2,x1,80000cc8	  x2:0x00000000  x1:0xfffffb0c
       15425000	      1541	00000000	00000013	addi	x0,x0,0	  x0:0x00000000
       15435000	      1542	80000cc4	00000013	addi	x0,x0,0	  x0:0x00000000
       15445000	      1543	80000cc8	aa16c313	xori	x6,x13,-1375	 x13:0xfffffb21  x6=0x00000180
       15455000	      1544	80000ccc	00452083	lw	x1,4(x10)	 x10:0x80009ee8  x1=0x80000d58 PA:0x80009eec
       15465000	      1545	80000cd0	10dce913	ori	x18,x25,269	 x25:0x57307c14 x18=0x57307d1d
       15475000	      1546	80000cd4	03850513	addi	x10,x10,56	 x10:0x80009ee8 x10=0x80009f20
       15485000	      1547	80000cd8	016b4833	xor	x16,x22,x22	 x22:0x00000000 x22:0x00000000 x16=0x00000000
       15495000	      1548	80000cdc	c4c3e313	ori	x6,x7,-948	  x7:0x80009ee8  x6=0xfffffeec
       15505000	      1549	80000ce0	00008b93	addi	x23,x1,0	  x1:0x80000d58 x23=0x80000d58
       15515000	      1550	80000ce4	000b8be7	jalr	x23,x23,0	 x23:0x80000d58 x23=0x80000ce4
       15525000	      1551	00000000	00000013	addi	x0,x0,0	  x0:0x00000000
       15535000	      1552	80000d58	00000013	addi	x0,x0,0	  x0:0x00000000
       15545000	      1553	80000d5c	00400593	addi	x11,x0,4	  x0:0x00000000 x11=0x00000004
       15555000	      1554	80000d60	01733db3	sltu	x27,x6,x23	  x6:0xfffffeec x23:0x80000ce4 x27=0x00000000
       15565000	      1555	80000d64	01e39633	sll	x12,x7,x30	  x7:0x80009ee8 x30:0x000004df x12=0x00000000
       15575000	      1556	80000d68	00000013	addi	x0,x0,0	  x0:0x00000000
       15585000	      1557	80000d6c	008a3db3	sltu	x27,x20,x8	 x20:0x000005df  x8:0xfffffaf8 x27=0x00000001
       15595000	      1558	80000d70	01654db3	xor	x27,x10,x22	 x10:0x80009f20 x22:0x00000000 x27=0x80009f20
       15605000	      1559	80000d74	fed00f13	addi	x30,x0,-19	  x0:0x00000000 x30=0xffffffed
       15615000	      1560	80000d78	b9085c97	auipc	x25,0xb9085	 x25=0x39085d74
       15625000	      1561	80000d7c	01ccb433	sltu	x8,x25,x28	 x25:0x39085d74 x28:0x000fffff  x8=0x00000000
       15635000	      1562	80000d80	ffd58593	addi	x11,x11,-3	 x11:0x00000004 x11=0x00000001
       15645000	      1563	80000d84	ffe5dae3	bge	x11,x30,80000d78	 x11:0x00000001 x30:0xffffffed
       15655000	      1564	00000000	00000013	addi	x0,x0,0	  x0:0x00000000
       15665000	      1565	80000d74	00000013	addi	x0,x0,0	  x0:0x00000000
       15675000	      1566	80000d78	b9085c97	auipc	x25,0xb9085	 x25=0x39085d74
       15685000	      1567	80000d7c	01ccb433	sltu	x8,x25,x28	 x25:0x39085d74 x28:0x000fffff  x8=0x00000000
       15695000	      1568	80000d80	ffd58593	addi	x11,x11,-3	 x11:0x00000001 x11=0xfffffffe
       15705000	      1569	80000d84	ffe5dae3	bge	x11,x30,80000d78	 x11:0xfffffffe x30:0xffffffed
       15715000	      1570	00000000	00000013	addi	x0,x0,0	  x0:0x00000000
       15725000	      1571	80000d74	00000013	addi	x0,x0,0	  x0:0x00000000
       15735000	      1572	80000d78	b9085c97	auipc	x25,0xb9085	 x25=0x39085d74
       15745000	      1573	80000d7c	01ccb433	sltu	x8,x25,x28	 x25:0x39085d74 x28:0x000fffff  x8=0x00000000
       15755000	      1574	80000d80	ffd58593	addi	x11,x11,-3	 x11:0xfffffffe x11=0xfffffffb
       15765000	      1575	80000d84	ffe5dae3	bge	x11,x30,80000d78	 x11:0xfffffffb x30:0xffffffed
       15775000	      1576	00000000	00000013	addi	x0,x0,0	  x0:0x00000000
       15785000	      1577	80000d74	00000013	addi	x0,x0,0	  x0:0x00000000
       15795000	      1578	80000d78	b9085c97	auipc	x25,0xb9085	 x25=0x39085d74
       15805000	      1579	80000d7c	01ccb433	sltu	x8,x25,x28	 x25:0x39085d74 x28:0x000fffff  x8=0x00000000
       15815000	      1580	80000d80	ffd58593	addi	x11,x11,-3	 x11:0xfffffffb x11=0xfffffff8
       15825000	      1581	80000d84	ffe5dae3	bge	x11,x30,80000d78	 x11:0xfffffff8 x30:0xffffffed
       15835000	      1582	00000000	00000013	addi	x0,x0,0	  x0:0x00000000
       15845000	      1583	80000d74	00000013	addi	x0,x0,0	  x0:0x00000000
       15855000	      1584	80000d78	b9085c97	auipc	x25,0xb9085	 x25=0x39085d74
       15865000	      1585	80000d7c	01ccb433	sltu	x8,x25,x28	 x25:0x39085d74 x28:0x000fffff  x8=0x00000000
       15875000	      1586	80000d80	ffd58593	addi	x11,x11,-3	 x11:0xfffffff8 x11=0xfffffff5
       15885000	      1587	80000d84	ffe5dae3	bge	x11,x30,80000d78	 x11:0xfffffff5 x30:0xffffffed
       15895000	      1588	00000000	00000013	addi	x0,x0,0	  x0:0x00000000
       15905000	      1589	80000d74	00000013	addi	x0,x0,0	  x0:0x00000000
       15915000	      1590	80000d78	b9085c97	auipc	x25,0xb9085	 x25=0x39085d74
       15925000	      1591	80000d7c	01ccb433	sltu	x8,x25,x28	 x25:0x39085d74 x28:0x000fffff  x8=0x00000000
       15935000	      1592	80000d80	ffd58593	addi	x11,x11,-3	 x11:0xfffffff5 x11=0xfffffff2
       15945000	      1593	80000d84	ffe5dae3	bge	x11,x30,80000d78	 x11:0xfffffff2 x30:0xffffffed
       15955000	      1594	00000000	00000013	addi	x0,x0,0	  x0:0x00000000
       15965000	      1595	80000d74	00000013	addi	x0,x0,0	  x0:0x00000000
       15975000	      1596	80000d78	b9085c97	auipc	x25,0xb9085	 x25=0x39085d74
       15985000	      1597	80000d7c	01ccb433	sltu	x8,x25,x28	 x25:0x39085d74 x28:0x000fffff  x8=0x00000000
       15995000	      1598	80000d80	ffd58593	addi	x11,x11,-3	 x11:0xfffffff2 x11=0xffffffef
       16005000	      1599	80000d84	ffe5dae3	bge	x11,x30,80000d78	 x11:0xffffffef x30:0xffffffed
       16015000	      1600	00000000	00000013	addi	x0,x0,0	  x0:0x00000000
       16025000	      1601	80000d74	00000013	addi	x0,x0,0	  x0:0x00000000
       16035000	      1602	80000d78	b9085c97	auipc	x25,0xb9085	 x25=0x39085d74
       16045000	      1603	80000d7c	01ccb433	sltu	x8,x25,x28	 x25:0x39085d74 x28:0x000fffff  x8=0x00000000
       16055000	      1604	80000d80	ffd58593	addi	x11,x11,-3	 x11:0xffffffef x11=0xffffffec
       16065000	      1605	80000d84	ffe5dae3	bge	x11,x30,80000d78	 x11:0xffffffec x30:0xffffffed
       16075000	      1606	80000d88	8140c097	auipc	x1,0x8140c	  x1=0x0140cd84
       16085000	      1607	80000d8c	00500c13	addi	x24,x0,5	  x0:0x00000000 x24=0x00000005
       16095000	      1608	80000d90	00000013	addi	x0,x0,0	  x0:0x00000000
       16105000	      1609	80000d94	00c00113	addi	x2,x0,12	  x0:0x00000000  x2=0x0000000c
       16115000	      1610	80000d98	16642413	slti	x8,x8,358	  x8:0x00000000  x8=0x00000001
       16125000	      1611	80000d9c	004c0c13	addi	x24,x24,4	 x24:0x00000005 x24=0x00000009
       16135000	      1612	80000da0	fe2c4ce3	blt	x24,x2,80000d98	 x24:0x00000009  x2:0x0000000c
       16145000	      1613	00000000	00000013	addi	x0,x0,0	  x0:0x00000000
       16155000	      1614	80000d94	00000013	addi	x0,x0,0	  x0:0x00000000
       16165000	      1615	80000d98	16642413	slti	x8,x8,358	  x8:0x00000001  x8=0x00000001
       16175000	      1616	80000d9c	004c0c13	addi	x24,x24,4	 x24:0x00000009 x24=0x0000000d
       16185000	      1617	80000da0	fe2c4ce3	blt	x24,x2,80000d98	 x24:0x0000000d  x2:0x0000000c
       16195000	      1618	80000da4	01761b33	sll	x22,x12,x23	 x12:0x00000000 x23:0x80000ce4 x22=0x00000000
       16205000	      1619	80000da8	00900913	addi	x18,x0,9	  x0:0x00000000 x18=0x00000009
       16215000	      1620	80000dac	39f6b213	sltiu	x4,x13,927	 x13:0xfffffb21  x4=0x00000000
       16225000	      1621	80000db0	44432317	auipc	x6,0x44432	  x6=0xc4432dac
       16235000	      1622	80000db4	00f00893	addi	x17,x0,15	  x0:0x00000000 x17=0x0000000f
       16245000	      1623	80000db8	85733293	sltiu	x5,x6,-1961	  x6:0xc4432dac  x5=0x00000001
       16255000	      1624	80000dbc	dcabc093	xori	x1,x23,-566	 x23:0x80000ce4  x1=0x7ffff12e
       16265000	      1625	80000dc0	005c5e93	srli	x29,x24,0x5	 x24:0x0000000d x29=0x00000000
       16275000	      1626	80000dc4	69f19ab7	lui	x21,0x69f19	 x21=0x69f19000
       16285000	      1627	80000dc8	01ddcbb3	xor	x23,x27,x29	 x27:0x80009f20 x29:0x00000000 x23=0x80009f20
       16295000	      1628	80000dcc	2c03c993	xori	x19,x7,704	  x7:0x80009ee8 x19=0x80009c28
       16305000	      1629	80000dd0	00edb033	sltu	x0,x27,x14	 x27:0x80009f20 x14:0x80009fc4
       16315000	      1630	80000dd4	00190913	addi	x18,x18,1	 x18:0x00000009 x18=0x0000000a
       16325000	      1631	80000dd8	d56ab813	sltiu	x16,x21,-682	 x21:0x69f19000 x16=0x00000001
       16335000	      1632	80000ddc	00e395b3	sll	x11,x7,x14	  x7:0x80009ee8 x14:0x80009fc4 x11=0x0009ee80
       16345000	      1633	80000de0	5ee3d137	lui	x2,0x5ee3d	  x2=0x5ee3d000
       16355000	      1634	80000de4	00500613	addi	x12,x0,5	  x0:0x00000000 x12=0x00000005
       16365000	      1635	80000de8	404402b3	sub	x5,x8,x4	  x8:0x00000001  x4:0x00000000  x5=0x00000001
       16375000	      1636	80000dec	00d00193	addi	x3,x0,13	  x0:0x00000000  x3=0x0000000d
       16385000	      1637	80000df0	00d14e33	xor	x28,x2,x13	  x2:0x5ee3d000 x13:0xfffffb21 x28=0xa11c2b21
       16395000	      1638	80000df4	cddcfe13	andi	x28,x25,-803	 x25:0x39085d74 x28=0x39085c54
       16405000	      1639	80000df8	01dc3433	sltu	x8,x24,x29	 x24:0x0000000d x29:0x00000000  x8=0x00000000
       16415000	      1640	80000dfc	00860613	addi	x12,x12,8	 x12:0x00000005 x12=0x0000000d
       16425000	      1641	80000e00	2f7a4bb7	lui	x23,0x2f7a4	 x23=0x2f7a4000
       16435000	      1642	80000e04	00679013	slli	x0,x15,0x6	 x15:0xfffffdae
       16445000	      1643	80000e08	010bfcb3	and	x25,x23,x16	 x23:0x2f7a4000 x16:0x00000001 x25=0x00000000
       16455000	      1644	80000e0c	41ca5093	srai	x1,x20,0x1c	 x20:0x000005df  x1=0x00000000
       16465000	      1645	80000e10	00fdb233	sltu	x4,x27,x15	 x27:0x80009f20 x15:0xfffffdae  x4=0x00000001
       16475000	      1646	80000e14	fe3602e3	beq	x12,x3,80000df8	 x12:0x0000000d  x3:0x0000000d
       16485000	      1647	00000000	00000013	addi	x0,x0,0	  x0:0x00000000
       16495000	      1648	80000df4	00000013	addi	x0,x0,0	  x0:0x00000000
       16505000	      1649	80000df8	01dc3433	sltu	x8,x24,x29	 x24:0x0000000d x29:0x00000000  x8=0x00000000
       16515000	      1650	80000dfc	00860613	addi	x12,x12,8	 x12:0x0000000d x12=0x00000015
       16525000	      1651	80000e00	2f7a4bb7	lui	x23,0x2f7a4	 x23=0x2f7a4000
       16535000	      1652	80000e04	00679013	slli	x0,x15,0x6	 x15:0xfffffdae
       16545000	      1653	80000e08	010bfcb3	and	x25,x23,x16	 x23:0x2f7a4000 x16:0x00000001 x25=0x00000000
       16555000	      1654	80000e0c	41ca5093	srai	x1,x20,0x1c	 x20:0x000005df  x1=0x00000000
       16565000	      1655	80000e10	00fdb233	sltu	x4,x27,x15	 x27:0x80009f20 x15:0xfffffdae  x4=0x00000001
       16575000	      1656	80000e14	fe3602e3	beq	x12,x3,80000df8	 x12:0x00000015  x3:0x0000000d
       16585000	      1657	80000e18	00d0fab3	and	x21,x1,x13	  x1:0x00000000 x13:0xfffffb21 x21=0x00000000
       16595000	      1658	80000e1c	00a789b3	add	x19,x15,x10	 x15:0xfffffdae x10:0x80009f20 x19=0x80009cce
       16605000	      1659	80000e20	01029b93	slli	x23,x5,0x10	  x5:0x00000001 x23=0x00010000
       16615000	      1660	80000e24	00879b33	sll	x22,x15,x8	 x15:0xfffffdae  x8:0x00000000 x22=0xfffffdae
       16625000	      1661	80000e28	f91948e3	blt	x18,x17,80000db8	 x18:0x0000000a x17:0x0000000f
       16635000	      1662	00000000	00000013	addi	x0,x0,0	  x0:0x00000000
       16645000	      1663	80000db4	00000013	addi	x0,x0,0	  x0:0x00000000
       16655000	      1664	80000db8	85733293	sltiu	x5,x6,-1961	  x6:0xc4432dac  x5=0x00000001
       16665000	      1665	80000dbc	dcabc093	xori	x1,x23,-566	 x23:0x00010000  x1=0xfffefdca
       16675000	      1666	80000dc0	005c5e93	srli	x29,x24,0x5	 x24:0x0000000d x29=0x00000000
       16685000	      1667	80000dc4	69f19ab7	lui	x21,0x69f19	 x21=0x69f19000
       16695000	      1668	80000dc8	01ddcbb3	xor	x23,x27,x29	 x27:0x80009f20 x29:0x00000000 x23=0x80009f20
       16705000	      1669	80000dcc	2c03c993	xori	x19,x7,704	  x7:0x80009ee8 x19=0x80009c28
       16715000	      1670	80000dd0	00edb033	sltu	x0,x27,x14	 x27:0x80009f20 x14:0x80009fc4
       16725000	      1671	80000dd4	00190913	addi	x18,x18,1	 x18:0x0000000a x18=0x0000000b
       16735000	      1672	80000dd8	d56ab813	sltiu	x16,x21,-682	 x21:0x69f19000 x16=0x00000001
       16745000	      1673	80000ddc	00e395b3	sll	x11,x7,x14	  x7:0x80009ee8 x14:0x80009fc4 x11=0x0009ee80
       16755000	      1674	80000de0	5ee3d137	lui	x2,0x5ee3d	  x2=0x5ee3d000
       16765000	      1675	80000de4	00500613	addi	x12,x0,5	  x0:0x00000000 x12=0x00000005
       16775000	      1676	80000de8	404402b3	sub	x5,x8,x4	  x8:0x00000000  x4:0x00000001  x5=0xffffffff
       16785000	      1677	80000dec	00d00193	addi	x3,x0,13	  x0:0x00000000  x3=0x0000000d
       16795000	      1678	80000df0	00d14e33	xor	x28,x2,x13	  x2:0x5ee3d000 x13:0xfffffb21 x28=0xa11c2b21
       16805000	      1679	80000df4	cddcfe13	andi	x28,x25,-803	 x25:0x00000000 x28=0x00000000
       16815000	      1680	80000df8	01dc3433	sltu	x8,x24,x29	 x24:0x0000000d x29:0x00000000  x8=0x00000000
       16825000	      1681	80000dfc	00860613	addi	x12,x12,8	 x12:0x00000005 x12=0x0000000d
       16835000	      1682	80000e00	2f7a4bb7	lui	x23,0x2f7a4	 x23=0x2f7a4000
       16845000	      1683	80000e04	00679013	slli	x0,x15,0x6	 x15:0xfffffdae
       16855000	      1684	80000e08	010bfcb3	and	x25,x23,x16	 x23:0x2f7a4000 x16:0x00000001 x25=0x00000000
       16865000	      1685	80000e0c	41ca5093	srai	x1,x20,0x1c	 x20:0x000005df  x1=0x00000000
       16875000	      1686	80000e10	00fdb233	sltu	x4,x27,x15	 x27:0x80009f20 x15:0xfffffdae  x4=0x00000001
       16885000	      1687	80000e14	fe3602e3	beq	x12,x3,80000df8	 x12:0x0000000d  x3:0x0000000d
       16895000	      1688	00000000	00000013	addi	x0,x0,0	  x0:0x00000000
       16905000	      1689	80000df4	00000013	addi	x0,x0,0	  x0:0x00000000
       16915000	      1690	80000df8	01dc3433	sltu	x8,x24,x29	 x24:0x0000000d x29:0x00000000  x8=0x00000000
       16925000	      1691	80000dfc	00860613	addi	x12,x12,8	 x12:0x0000000d x12=0x00000015
       16935000	      1692	80000e00	2f7a4bb7	lui	x23,0x2f7a4	 x23=0x2f7a4000
       16945000	      1693	80000e04	00679013	slli	x0,x15,0x6	 x15:0xfffffdae
       16955000	      1694	80000e08	010bfcb3	and	x25,x23,x16	 x23:0x2f7a4000 x16:0x00000001 x25=0x00000000
       16965000	      1695	80000e0c	41ca5093	srai	x1,x20,0x1c	 x20:0x000005df  x1=0x00000000
       16975000	      1696	80000e10	00fdb233	sltu	x4,x27,x15	 x27:0x80009f20 x15:0xfffffdae  x4=0x00000001
       16985000	      1697	80000e14	fe3602e3	beq	x12,x3,80000df8	 x12:0x00000015  x3:0x0000000d
       16995000	      1698	80000e18	00d0fab3	and	x21,x1,x13	  x1:0x00000000 x13:0xfffffb21 x21=0x00000000
       17005000	      1699	80000e1c	00a789b3	add	x19,x15,x10	 x15:0xfffffdae x10:0x80009f20 x19=0x80009cce
       17015000	      1700	80000e20	01029b93	slli	x23,x5,0x10	  x5:0xffffffff x23=0xffff0000
       17025000	      1701	80000e24	00879b33	sll	x22,x15,x8	 x15:0xfffffdae  x8:0x00000000 x22=0xfffffdae
       17035000	      1702	80000e28	f91948e3	blt	x18,x17,80000db8	 x18:0x0000000b x17:0x0000000f
       17045000	      1703	00000000	00000013	addi	x0,x0,0	  x0:0x00000000
       17055000	      1704	80000db4	00000013	addi	x0,x0,0	  x0:0x00000000
       17065000	      1705	80000db8	85733293	sltiu	x5,x6,-1961	  x6:0xc4432dac  x5=0x00000001
       17075000	      1706	80000dbc	dcabc093	xori	x1,x23,-566	 x23:0xffff0000  x1=0x0000fdca
       17085000	      1707	80000dc0	005c5e93	srli	x29,x24,0x5	 x24:0x0000000d x29=0x00000000
       17095000	      1708	80000dc4	69f19ab7	lui	x21,0x69f19	 x21=0x69f19000
       17105000	      1709	80000dc8	01ddcbb3	xor	x23,x27,x29	 x27:0x80009f20 x29:0x00000000 x23=0x80009f20
       17115000	      1710	80000dcc	2c03c993	xori	x19,x7,704	  x7:0x80009ee8 x19=0x80009c28
       17125000	      1711	80000dd0	00edb033	sltu	x0,x27,x14	 x27:0x80009f20 x14:0x80009fc4
       17135000	      1712	80000dd4	00190913	addi	x18,x18,1	 x18:0x0000000b x18=0x0000000c
       17145000	      1713	80000dd8	d56ab813	sltiu	x16,x21,-682	 x21:0x69f19000 x16=0x00000001
       17155000	      1714	80000ddc	00e395b3	sll	x11,x7,x14	  x7:0x80009ee8 x14:0x80009fc4 x11=0x0009ee80
       17165000	      1715	80000de0	5ee3d137	lui	x2,0x5ee3d	  x2=0x5ee3d000
       17175000	      1716	80000de4	00500613	addi	x12,x0,5	  x0:0x00000000 x12=0x00000005
       17185000	      1717	80000de8	404402b3	sub	x5,x8,x4	  x8:0x00000000  x4:0x00000001  x5=0xffffffff
       17195000	      1718	80000dec	00d00193	addi	x3,x0,13	  x0:0x00000000  x3=0x0000000d
       17205000	      1719	80000df0	00d14e33	xor	x28,x2,x13	  x2:0x5ee3d000 x13:0xfffffb21 x28=0xa11c2b21
       17215000	      1720	80000df4	cddcfe13	andi	x28,x25,-803	 x25:0x00000000 x28=0x00000000
       17225000	      1721	80000df8	01dc3433	sltu	x8,x24,x29	 x24:0x0000000d x29:0x00000000  x8=0x00000000
       17235000	      1722	80000dfc	00860613	addi	x12,x12,8	 x12:0x00000005 x12=0x0000000d
       17245000	      1723	80000e00	2f7a4bb7	lui	x23,0x2f7a4	 x23=0x2f7a4000
       17255000	      1724	80000e04	00679013	slli	x0,x15,0x6	 x15:0xfffffdae
       17265000	      1725	80000e08	010bfcb3	and	x25,x23,x16	 x23:0x2f7a4000 x16:0x00000001 x25=0x00000000
       17275000	      1726	80000e0c	41ca5093	srai	x1,x20,0x1c	 x20:0x000005df  x1=0x00000000
       17285000	      1727	80000e10	00fdb233	sltu	x4,x27,x15	 x27:0x80009f20 x15:0xfffffdae  x4=0x00000001
       17295000	      1728	80000e14	fe3602e3	beq	x12,x3,80000df8	 x12:0x0000000d  x3:0x0000000d
       17305000	      1729	00000000	00000013	addi	x0,x0,0	  x0:0x00000000
       17315000	      1730	80000df4	00000013	addi	x0,x0,0	  x0:0x00000000
       17325000	      1731	80000df8	01dc3433	sltu	x8,x24,x29	 x24:0x0000000d x29:0x00000000  x8=0x00000000
       17335000	      1732	80000dfc	00860613	addi	x12,x12,8	 x12:0x0000000d x12=0x00000015
       17345000	      1733	80000e00	2f7a4bb7	lui	x23,0x2f7a4	 x23=0x2f7a4000
       17355000	      1734	80000e04	00679013	slli	x0,x15,0x6	 x15:0xfffffdae
       17365000	      1735	80000e08	010bfcb3	and	x25,x23,x16	 x23:0x2f7a4000 x16:0x00000001 x25=0x00000000
       17375000	      1736	80000e0c	41ca5093	srai	x1,x20,0x1c	 x20:0x000005df  x1=0x00000000
       17385000	      1737	80000e10	00fdb233	sltu	x4,x27,x15	 x27:0x80009f20 x15:0xfffffdae  x4=0x00000001
       17395000	      1738	80000e14	fe3602e3	beq	x12,x3,80000df8	 x12:0x00000015  x3:0x0000000d
       17405000	      1739	80000e18	00d0fab3	and	x21,x1,x13	  x1:0x00000000 x13:0xfffffb21 x21=0x00000000
       17415000	      1740	80000e1c	00a789b3	add	x19,x15,x10	 x15:0xfffffdae x10:0x80009f20 x19=0x80009cce
       17425000	      1741	80000e20	01029b93	slli	x23,x5,0x10	  x5:0xffffffff x23=0xffff0000
       17435000	      1742	80000e24	00879b33	sll	x22,x15,x8	 x15:0xfffffdae  x8:0x00000000 x22=0xfffffdae
       17445000	      1743	80000e28	f91948e3	blt	x18,x17,80000db8	 x18:0x0000000c x17:0x0000000f
       17455000	      1744	00000000	00000013	addi	x0,x0,0	  x0:0x00000000
       17465000	      1745	80000db4	00000013	addi	x0,x0,0	  x0:0x00000000
       17475000	      1746	80000db8	85733293	sltiu	x5,x6,-1961	  x6:0xc4432dac  x5=0x00000001
       17485000	      1747	80000dbc	dcabc093	xori	x1,x23,-566	 x23:0xffff0000  x1=0x0000fdca
       17495000	      1748	80000dc0	005c5e93	srli	x29,x24,0x5	 x24:0x0000000d x29=0x00000000
       17505000	      1749	80000dc4	69f19ab7	lui	x21,0x69f19	 x21=0x69f19000
       17515000	      1750	80000dc8	01ddcbb3	xor	x23,x27,x29	 x27:0x80009f20 x29:0x00000000 x23=0x80009f20
       17525000	      1751	80000dcc	2c03c993	xori	x19,x7,704	  x7:0x80009ee8 x19=0x80009c28
       17535000	      1752	80000dd0	00edb033	sltu	x0,x27,x14	 x27:0x80009f20 x14:0x80009fc4
       17545000	      1753	80000dd4	00190913	addi	x18,x18,1	 x18:0x0000000c x18=0x0000000d
       17555000	      1754	80000dd8	d56ab813	sltiu	x16,x21,-682	 x21:0x69f19000 x16=0x00000001
       17565000	      1755	80000ddc	00e395b3	sll	x11,x7,x14	  x7:0x80009ee8 x14:0x80009fc4 x11=0x0009ee80
       17575000	      1756	80000de0	5ee3d137	lui	x2,0x5ee3d	  x2=0x5ee3d000
       17585000	      1757	80000de4	00500613	addi	x12,x0,5	  x0:0x00000000 x12=0x00000005
       17595000	      1758	80000de8	404402b3	sub	x5,x8,x4	  x8:0x00000000  x4:0x00000001  x5=0xffffffff
       17605000	      1759	80000dec	00d00193	addi	x3,x0,13	  x0:0x00000000  x3=0x0000000d
       17615000	      1760	80000df0	00d14e33	xor	x28,x2,x13	  x2:0x5ee3d000 x13:0xfffffb21 x28=0xa11c2b21
       17625000	      1761	80000df4	cddcfe13	andi	x28,x25,-803	 x25:0x00000000 x28=0x00000000
       17635000	      1762	80000df8	01dc3433	sltu	x8,x24,x29	 x24:0x0000000d x29:0x00000000  x8=0x00000000
       17645000	      1763	80000dfc	00860613	addi	x12,x12,8	 x12:0x00000005 x12=0x0000000d
       17655000	      1764	80000e00	2f7a4bb7	lui	x23,0x2f7a4	 x23=0x2f7a4000
       17665000	      1765	80000e04	00679013	slli	x0,x15,0x6	 x15:0xfffffdae
       17675000	      1766	80000e08	010bfcb3	and	x25,x23,x16	 x23:0x2f7a4000 x16:0x00000001 x25=0x00000000
       17685000	      1767	80000e0c	41ca5093	srai	x1,x20,0x1c	 x20:0x000005df  x1=0x00000000
       17695000	      1768	80000e10	00fdb233	sltu	x4,x27,x15	 x27:0x80009f20 x15:0xfffffdae  x4=0x00000001
       17705000	      1769	80000e14	fe3602e3	beq	x12,x3,80000df8	 x12:0x0000000d  x3:0x0000000d
       17715000	      1770	00000000	00000013	addi	x0,x0,0	  x0:0x00000000
       17725000	      1771	80000df4	00000013	addi	x0,x0,0	  x0:0x00000000
       17735000	      1772	80000df8	01dc3433	sltu	x8,x24,x29	 x24:0x0000000d x29:0x00000000  x8=0x00000000
       17745000	      1773	80000dfc	00860613	addi	x12,x12,8	 x12:0x0000000d x12=0x00000015
       17755000	      1774	80000e00	2f7a4bb7	lui	x23,0x2f7a4	 x23=0x2f7a4000
       17765000	      1775	80000e04	00679013	slli	x0,x15,0x6	 x15:0xfffffdae
       17775000	      1776	80000e08	010bfcb3	and	x25,x23,x16	 x23:0x2f7a4000 x16:0x00000001 x25=0x00000000
       17785000	      1777	80000e0c	41ca5093	srai	x1,x20,0x1c	 x20:0x000005df  x1=0x00000000
       17795000	      1778	80000e10	00fdb233	sltu	x4,x27,x15	 x27:0x80009f20 x15:0xfffffdae  x4=0x00000001
       17805000	      1779	80000e14	fe3602e3	beq	x12,x3,80000df8	 x12:0x00000015  x3:0x0000000d
       17815000	      1780	80000e18	00d0fab3	and	x21,x1,x13	  x1:0x00000000 x13:0xfffffb21 x21=0x00000000
       17825000	      1781	80000e1c	00a789b3	add	x19,x15,x10	 x15:0xfffffdae x10:0x80009f20 x19=0x80009cce
       17835000	      1782	80000e20	01029b93	slli	x23,x5,0x10	  x5:0xffffffff x23=0xffff0000
       17845000	      1783	80000e24	00879b33	sll	x22,x15,x8	 x15:0xfffffdae  x8:0x00000000 x22=0xfffffdae
       17855000	      1784	80000e28	f91948e3	blt	x18,x17,80000db8	 x18:0x0000000d x17:0x0000000f
       17865000	      1785	00000000	00000013	addi	x0,x0,0	  x0:0x00000000
       17875000	      1786	80000db4	00000013	addi	x0,x0,0	  x0:0x00000000
       17885000	      1787	80000db8	85733293	sltiu	x5,x6,-1961	  x6:0xc4432dac  x5=0x00000001
       17895000	      1788	80000dbc	dcabc093	xori	x1,x23,-566	 x23:0xffff0000  x1=0x0000fdca
       17905000	      1789	80000dc0	005c5e93	srli	x29,x24,0x5	 x24:0x0000000d x29=0x00000000
       17915000	      1790	80000dc4	69f19ab7	lui	x21,0x69f19	 x21=0x69f19000
       17925000	      1791	80000dc8	01ddcbb3	xor	x23,x27,x29	 x27:0x80009f20 x29:0x00000000 x23=0x80009f20
       17935000	      1792	80000dcc	2c03c993	xori	x19,x7,704	  x7:0x80009ee8 x19=0x80009c28
       17945000	      1793	80000dd0	00edb033	sltu	x0,x27,x14	 x27:0x80009f20 x14:0x80009fc4
       17955000	      1794	80000dd4	00190913	addi	x18,x18,1	 x18:0x0000000d x18=0x0000000e
       17965000	      1795	80000dd8	d56ab813	sltiu	x16,x21,-682	 x21:0x69f19000 x16=0x00000001
       17975000	      1796	80000ddc	00e395b3	sll	x11,x7,x14	  x7:0x80009ee8 x14:0x80009fc4 x11=0x0009ee80
       17985000	      1797	80000de0	5ee3d137	lui	x2,0x5ee3d	  x2=0x5ee3d000
       17995000	      1798	80000de4	00500613	addi	x12,x0,5	  x0:0x00000000 x12=0x00000005
       18005000	      1799	80000de8	404402b3	sub	x5,x8,x4	  x8:0x00000000  x4:0x00000001  x5=0xffffffff
       18015000	      1800	80000dec	00d00193	addi	x3,x0,13	  x0:0x00000000  x3=0x0000000d
       18025000	      1801	80000df0	00d14e33	xor	x28,x2,x13	  x2:0x5ee3d000 x13:0xfffffb21 x28=0xa11c2b21
       18035000	      1802	80000df4	cddcfe13	andi	x28,x25,-803	 x25:0x00000000 x28=0x00000000
       18045000	      1803	80000df8	01dc3433	sltu	x8,x24,x29	 x24:0x0000000d x29:0x00000000  x8=0x00000000
       18055000	      1804	80000dfc	00860613	addi	x12,x12,8	 x12:0x00000005 x12=0x0000000d
       18065000	      1805	80000e00	2f7a4bb7	lui	x23,0x2f7a4	 x23=0x2f7a4000
       18075000	      1806	80000e04	00679013	slli	x0,x15,0x6	 x15:0xfffffdae
       18085000	      1807	80000e08	010bfcb3	and	x25,x23,x16	 x23:0x2f7a4000 x16:0x00000001 x25=0x00000000
       18095000	      1808	80000e0c	41ca5093	srai	x1,x20,0x1c	 x20:0x000005df  x1=0x00000000
       18105000	      1809	80000e10	00fdb233	sltu	x4,x27,x15	 x27:0x80009f20 x15:0xfffffdae  x4=0x00000001
       18115000	      1810	80000e14	fe3602e3	beq	x12,x3,80000df8	 x12:0x0000000d  x3:0x0000000d
       18125000	      1811	00000000	00000013	addi	x0,x0,0	  x0:0x00000000
       18135000	      1812	80000df4	00000013	addi	x0,x0,0	  x0:0x00000000
       18145000	      1813	80000df8	01dc3433	sltu	x8,x24,x29	 x24:0x0000000d x29:0x00000000  x8=0x00000000
       18155000	      1814	80000dfc	00860613	addi	x12,x12,8	 x12:0x0000000d x12=0x00000015
       18165000	      1815	80000e00	2f7a4bb7	lui	x23,0x2f7a4	 x23=0x2f7a4000
       18175000	      1816	80000e04	00679013	slli	x0,x15,0x6	 x15:0xfffffdae
       18185000	      1817	80000e08	010bfcb3	and	x25,x23,x16	 x23:0x2f7a4000 x16:0x00000001 x25=0x00000000
       18195000	      1818	80000e0c	41ca5093	srai	x1,x20,0x1c	 x20:0x000005df  x1=0x00000000
       18205000	      1819	80000e10	00fdb233	sltu	x4,x27,x15	 x27:0x80009f20 x15:0xfffffdae  x4=0x00000001
       18215000	      1820	80000e14	fe3602e3	beq	x12,x3,80000df8	 x12:0x00000015  x3:0x0000000d
       18225000	      1821	80000e18	00d0fab3	and	x21,x1,x13	  x1:0x00000000 x13:0xfffffb21 x21=0x00000000
       18235000	      1822	80000e1c	00a789b3	add	x19,x15,x10	 x15:0xfffffdae x10:0x80009f20 x19=0x80009cce
       18245000	      1823	80000e20	01029b93	slli	x23,x5,0x10	  x5:0xffffffff x23=0xffff0000
       18255000	      1824	80000e24	00879b33	sll	x22,x15,x8	 x15:0xfffffdae  x8:0x00000000 x22=0xfffffdae
       18265000	      1825	80000e28	f91948e3	blt	x18,x17,80000db8	 x18:0x0000000e x17:0x0000000f
       18275000	      1826	00000000	00000013	addi	x0,x0,0	  x0:0x00000000
       18285000	      1827	80000db4	00000013	addi	x0,x0,0	  x0:0x00000000
       18295000	      1828	80000db8	85733293	sltiu	x5,x6,-1961	  x6:0xc4432dac  x5=0x00000001
       18305000	      1829	80000dbc	dcabc093	xori	x1,x23,-566	 x23:0xffff0000  x1=0x0000fdca
       18315000	      1830	80000dc0	005c5e93	srli	x29,x24,0x5	 x24:0x0000000d x29=0x00000000
       18325000	      1831	80000dc4	69f19ab7	lui	x21,0x69f19	 x21=0x69f19000
       18335000	      1832	80000dc8	01ddcbb3	xor	x23,x27,x29	 x27:0x80009f20 x29:0x00000000 x23=0x80009f20
       18345000	      1833	80000dcc	2c03c993	xori	x19,x7,704	  x7:0x80009ee8 x19=0x80009c28
       18355000	      1834	80000dd0	00edb033	sltu	x0,x27,x14	 x27:0x80009f20 x14:0x80009fc4
       18365000	      1835	80000dd4	00190913	addi	x18,x18,1	 x18:0x0000000e x18=0x0000000f
       18375000	      1836	80000dd8	d56ab813	sltiu	x16,x21,-682	 x21:0x69f19000 x16=0x00000001
       18385000	      1837	80000ddc	00e395b3	sll	x11,x7,x14	  x7:0x80009ee8 x14:0x80009fc4 x11=0x0009ee80
       18395000	      1838	80000de0	5ee3d137	lui	x2,0x5ee3d	  x2=0x5ee3d000
       18405000	      1839	80000de4	00500613	addi	x12,x0,5	  x0:0x00000000 x12=0x00000005
       18415000	      1840	80000de8	404402b3	sub	x5,x8,x4	  x8:0x00000000  x4:0x00000001  x5=0xffffffff
       18425000	      1841	80000dec	00d00193	addi	x3,x0,13	  x0:0x00000000  x3=0x0000000d
       18435000	      1842	80000df0	00d14e33	xor	x28,x2,x13	  x2:0x5ee3d000 x13:0xfffffb21 x28=0xa11c2b21
       18445000	      1843	80000df4	cddcfe13	andi	x28,x25,-803	 x25:0x00000000 x28=0x00000000
       18455000	      1844	80000df8	01dc3433	sltu	x8,x24,x29	 x24:0x0000000d x29:0x00000000  x8=0x00000000
       18465000	      1845	80000dfc	00860613	addi	x12,x12,8	 x12:0x00000005 x12=0x0000000d
       18475000	      1846	80000e00	2f7a4bb7	lui	x23,0x2f7a4	 x23=0x2f7a4000
       18485000	      1847	80000e04	00679013	slli	x0,x15,0x6	 x15:0xfffffdae
       18495000	      1848	80000e08	010bfcb3	and	x25,x23,x16	 x23:0x2f7a4000 x16:0x00000001 x25=0x00000000
       18505000	      1849	80000e0c	41ca5093	srai	x1,x20,0x1c	 x20:0x000005df  x1=0x00000000
       18515000	      1850	80000e10	00fdb233	sltu	x4,x27,x15	 x27:0x80009f20 x15:0xfffffdae  x4=0x00000001
       18525000	      1851	80000e14	fe3602e3	beq	x12,x3,80000df8	 x12:0x0000000d  x3:0x0000000d
       18535000	      1852	00000000	00000013	addi	x0,x0,0	  x0:0x00000000
       18545000	      1853	80000df4	00000013	addi	x0,x0,0	  x0:0x00000000
       18555000	      1854	80000df8	01dc3433	sltu	x8,x24,x29	 x24:0x0000000d x29:0x00000000  x8=0x00000000
       18565000	      1855	80000dfc	00860613	addi	x12,x12,8	 x12:0x0000000d x12=0x00000015
       18575000	      1856	80000e00	2f7a4bb7	lui	x23,0x2f7a4	 x23=0x2f7a4000
       18585000	      1857	80000e04	00679013	slli	x0,x15,0x6	 x15:0xfffffdae
       18595000	      1858	80000e08	010bfcb3	and	x25,x23,x16	 x23:0x2f7a4000 x16:0x00000001 x25=0x00000000
       18605000	      1859	80000e0c	41ca5093	srai	x1,x20,0x1c	 x20:0x000005df  x1=0x00000000
       18615000	      1860	80000e10	00fdb233	sltu	x4,x27,x15	 x27:0x80009f20 x15:0xfffffdae  x4=0x00000001
       18625000	      1861	80000e14	fe3602e3	beq	x12,x3,80000df8	 x12:0x00000015  x3:0x0000000d
       18635000	      1862	80000e18	00d0fab3	and	x21,x1,x13	  x1:0x00000000 x13:0xfffffb21 x21=0x00000000
       18645000	      1863	80000e1c	00a789b3	add	x19,x15,x10	 x15:0xfffffdae x10:0x80009f20 x19=0x80009cce
       18655000	      1864	80000e20	01029b93	slli	x23,x5,0x10	  x5:0xffffffff x23=0xffff0000
       18665000	      1865	80000e24	00879b33	sll	x22,x15,x8	 x15:0xfffffdae  x8:0x00000000 x22=0xfffffdae
       18675000	      1866	80000e28	f91948e3	blt	x18,x17,80000db8	 x18:0x0000000f x17:0x0000000f
       18685000	      1867	80000e2c	a2b37313	andi	x6,x6,-1493	  x6:0xc4432dac  x6=0xc4432828
       18695000	      1868	80000e30	00200193	addi	x3,x0,2	  x0:0x00000000  x3=0x00000002
       18705000	      1869	80000e34	01e93cb3	sltu	x25,x18,x30	 x18:0x0000000f x30:0xffffffed x25=0x00000001
       18715000	      1870	80000e38	01bdd7b3	srl	x15,x27,x27	 x27:0x80009f20 x27:0x80009f20 x15=0x80009f20
       18725000	      1871	80000e3c	41075b33	sra	x22,x14,x16	 x14:0x80009fc4 x16:0x00000001 x22=0xc0004fe2
       18735000	      1872	80000e40	00400813	addi	x16,x0,4	  x0:0x00000000 x16=0x00000004
       18745000	      1873	80000e44	00b9c933	xor	x18,x19,x11	 x19:0x80009cce x11:0x0009ee80 x18=0x8009724e
       18755000	      1874	80000e48	01f86b33	or	x22,x16,x31	 x16:0x00000004 x31:0x02a4db96 x22=0x02a4db96
       18765000	      1875	80000e4c	4a7d4c13	xori	x24,x26,1191	 x26:0x01526dcb x24=0x0152696c
       18775000	      1876	80000e50	1ed93a37	lui	x20,0x1ed93	 x20=0x1ed93000
       18785000	      1877	80000e54	c71d1417	auipc	x8,0xc71d1	  x8=0x471d1e50
       18795000	      1878	80000e58	52bee993	ori	x19,x29,1323	 x29:0x00000000 x19=0x0000052b
       18805000	      1879	80000e5c	9d823313	sltiu	x6,x4,-1576	  x4:0x00000001  x6=0x00000001
       18815000	      1880	80000e60	00518193	addi	x3,x3,5	  x3:0x00000002  x3=0x00000007
       18825000	      1881	80000e64	4076deb3	sra	x29,x13,x7	 x13:0xfffffb21  x7:0x80009ee8 x29=0xfffffffb
       18835000	      1882	80000e68	ff01e2e3	bltu	x3,x16,80000e4c	  x3:0x00000007 x16:0x00000004
       18845000	      1883	80000e6c	004efab3	and	x21,x29,x4	 x29:0xfffffffb  x4:0x00000001 x21=0x00000001
       18855000	      1884	80000e70	03fef863	bgeu	x29,x31,80000ea0	 x29:0xfffffffb x31:0x02a4db96
       18865000	      1885	00000000	00000013	addi	x0,x0,0	  x0:0x00000000
       18875000	      1886	80000e9c	00000013	addi	x0,x0,0	  x0:0x00000000
       18885000	      1887	80000ea0	3769ab93	slti	x23,x19,886	 x19:0x0000052b x23=0x00000000
       18895000	      1888	80000ea4	bfa74193	xori	x3,x14,-1030	 x14:0x80009fc4  x3=0x7fff643e
       18905000	      1889	80000ea8	9ebfe313	ori	x6,x31,-1557	 x31:0x02a4db96  x6=0xfffffbff
       18915000	      1890	80000eac	017bd813	srli	x16,x23,0x17	 x23:0x00000000 x16=0x00000000
       18925000	      1891	80000eb0	018ed5b3	srl	x11,x29,x24	 x29:0xfffffffb x24:0x0152696c x11=0x000fffff
       18935000	      1892	80000eb4	acd32893	slti	x17,x6,-1331	  x6:0xfffffbff x17=0x00000000
       18945000	      1893	80000eb8	9d49ec13	ori	x24,x19,-1580	 x19:0x0000052b x24=0xfffffdff
       18955000	      1894	80000ebc	01bc21b3	slt	x3,x24,x27	 x24:0xfffffdff x27:0x80009f20  x3=0x00000000
       18965000	      1895	80000ec0	00000013	addi	x0,x0,0	  x0:0x00000000
       18975000	      1896	80000ec4	0023dc33	srl	x24,x7,x2	  x7:0x80009ee8  x2:0x5ee3d000 x24=0x80009ee8
       18985000	      1897	80000ec8	f6e6f193	andi	x3,x13,-146	 x13:0xfffffb21  x3=0xfffffb20
       18995000	      1898	80000ecc	b14b8313	addi	x6,x23,-1260	 x23:0x00000000  x6=0xfffffb14
       19005000	      1899	80000ed0	3b9d8e13	addi	x28,x27,953	 x27:0x80009f20 x28=0x8000a2d9
       19015000	      1900	80000ed4	ed8ad8b7	lui	x17,0xed8ad	 x17=0xed8ad000
       19025000	      1901	80000ed8	01a87db3	and	x27,x16,x26	 x16:0x00000000 x26:0x01526dcb x27=0x00000000
       19035000	      1902	80000edc	40cfdf13	srai	x30,x31,0xc	 x31:0x02a4db96 x30=0x00002a4d
       19045000	      1903	80000ee0	402c5293	srai	x5,x24,0x2	 x24:0x80009ee8  x5=0xe00027ba
       19055000	      1904	80000ee4	cbd5e397	auipc	x7,0xcbd5e	  x7=0x4bd5eee0
       19065000	      1905	80000ee8	003de1b3	or	x3,x27,x3	 x27:0x00000000  x3:0xfffffb20  x3=0xfffffb20
       19075000	      1906	80000eec	7bd64613	xori	x12,x12,1981	 x12:0x00000015 x12=0x000007a8
       19085000	      1907	80000ef0	026f7663	bgeu	x30,x6,80000f1c	 x30:0x00002a4d  x6:0xfffffb14
       19095000	      1908	80000ef4	6afb8493	addi	x9,x23,1711	 x23:0x00000000  x9=0x000006af
       19105000	      1909	80000ef8	00ff4bb3	xor	x23,x30,x15	 x30:0x00002a4d x15:0x80009f20 x23=0x8000b56d
       19115000	      1910	80000efc	030b0a63	beq	x22,x16,80000f30	 x22:0x02a4db96 x16:0x00000000
       19125000	      1911	80000f00	0055fa63	bgeu	x11,x5,80000f14	 x11:0x000fffff  x5:0xe00027ba
       19135000	      1912	80000f04	39757e93	andi	x29,x10,919	 x10:0x80009f20 x29=0x00000300
       19145000	      1913	80000f08	02490a63	beq	x18,x4,80000f3c	 x18:0x8009724e  x4:0x00000001
       19155000	      1914	80000f0c	5a4e7893	andi	x17,x28,1444	 x28:0x8000a2d9 x17=0x00000080
       19165000	      1915	80000f10	b158e117	auipc	x2,0xb158e	  x2=0x3158ef0c
       19175000	      1916	80000f14	01d95333	srl	x6,x18,x29	 x18:0x8009724e x29:0x00000300  x6=0x8009724e
       19185000	      1917	80000f18	da818d93	addi	x27,x3,-600	  x3:0xfffffb20 x27=0xfffff8c8
       19195000	      1918	80000f1c	f44a3e93	sltiu	x29,x20,-188	 x20:0x1ed93000 x29=0x00000001
       19205000	      1919	80000f20	619af393	andi	x7,x21,1561	 x21:0x00000001  x7=0x00000001
       19215000	      1920	80000f24	a96b0493	addi	x9,x22,-1386	 x22:0x02a4db96  x9=0x02a4d62c
       19225000	      1921	80000f28	41705993	srai	x19,x0,0x17	  x0:0x00000000 x19=0x00000000
       19235000	      1922	80000f2c	00bbdbb3	srl	x23,x23,x11	 x23:0x8000b56d x11:0x000fffff x23=0x00000001
       19245000	      1923	80000f30	00000013	addi	x0,x0,0	  x0:0x00000000
       19255000	      1924	80000f34	00a8c233	xor	x4,x17,x10	 x17:0x00000080 x10:0x80009f20  x4=0x80009fa0
       19265000	      1925	80000f38	83c53793	sltiu	x15,x10,-1988	 x10:0x80009f20 x15=0x00000001
       19275000	      1926	80000f3c	0177c263	blt	x15,x23,80000f40	 x15:0x00000001 x23:0x00000001
       19285000	      1927	80000f40	00df6333	or	x6,x30,x13	 x30:0x00002a4d x13:0xfffffb21  x6=0xfffffb6d
       19295000	      1928	80000f44	80134a93	xori	x21,x6,-2047	  x6:0xfffffb6d x21=0x0000036c
       19305000	      1929	80000f48	0212f463	bgeu	x5,x1,80000f70	  x5:0xe00027ba  x1:0x00000000
       19315000	      1930	00000000	00000013	addi	x0,x0,0	  x0:0x00000000
       19325000	      1931	80000f6c	00000013	addi	x0,x0,0	  x0:0x00000000
       19335000	      1932	80000f70	f50aed93	ori	x27,x21,-176	 x21:0x0000036c x27=0xffffff7c
       19345000	      1933	80000f74	00fd84b3	add	x9,x27,x15	 x27:0xffffff7c x15:0x00000001  x9=0xffffff7d
       19355000	      1934	80000f78	01b1d633	srl	x12,x3,x27	  x3:0xfffffb20 x27:0xffffff7c x12=0x0000000f
       19365000	      1935	80000f7c	00946833	or	x16,x8,x9	  x8:0x471d1e50  x9:0xffffff7d x16=0xffffff7d
       19375000	      1936	80000f80	01ca22b3	slt	x5,x20,x28	 x20:0x1ed93000 x28:0x8000a2d9  x5=0x00000000
       19385000	      1937	80000f84	01b3e033	or	x0,x7,x27	  x7:0x00000001 x27:0xffffff7c
       19395000	      1938	80000f88	27b74613	xori	x12,x14,635	 x14:0x80009fc4 x12=0x80009dbf
       19405000	      1939	80000f8c	00caca63	blt	x21,x12,80000fa0	 x21:0x0000036c x12:0x80009dbf
       19415000	      1940	80000f90	414a2013	slti	x0,x20,1044	 x20:0x1ed93000
       19425000	      1941	80000f94	4c837a13	andi	x20,x6,1224	  x6:0xfffffb6d x20=0x00000048
       19435000	      1942	80000f98	01124f33	xor	x30,x4,x17	  x4:0x80009fa0 x17:0x00000080 x30=0x80009f20
       19445000	      1943	80000f9c	2ed6c493	xori	x9,x13,749	 x13:0xfffffb21  x9=0xfffff9cc
       19455000	      1944	80000fa0	00662ab3	slt	x21,x12,x6	 x12:0x80009dbf  x6:0xfffffb6d x21=0x00000001
       19465000	      1945	80000fa4	2b888817	auipc	x16,0x2b888	 x16=0xab888fa0
       19475000	      1946	80000fa8	00886663	bltu	x16,x8,80000fb4	 x16:0xab888fa0  x8:0x471d1e50
       19485000	      1947	80000fac	5d960b37	lui	x22,0x5d960	 x22=0x5d960000
       19495000	      1948	80000fb0	033d5c63	bge	x26,x19,80000fe8	 x26:0x01526dcb x19:0x00000000
       19505000	      1949	00000000	00000013	addi	x0,x0,0	  x0:0x00000000
       19515000	      1950	80000fe4	00000013	addi	x0,x0,0	  x0:0x00000000
       19525000	      1951	80000fe8	406a8433	sub	x8,x21,x6	 x21:0x00000001  x6:0xfffffb6d  x8=0x00000494
       19535000	      1952	80000fec	00219f13	slli	x30,x3,0x2	  x3:0xfffffb20 x30=0xffffec80
       19545000	      1953	80000ff0	0a3e7263	bgeu	x28,x3,80001094	 x28:0x8000a2d9  x3:0xfffffb20
       19555000	      1954	80000ff4	00000013	addi	x0,x0,0	  x0:0x00000000
       19565000	      1955	80000ff8	013607b3	add	x15,x12,x19	 x12:0x80009dbf x19:0x00000000 x15=0x80009dbf
       19575000	      1956	80000ffc	00bbe313	ori	x6,x23,11	 x23:0x00000001  x6=0x0000000b
       19585000	      1957	80001000	41038233	sub	x4,x7,x16	  x7:0x00000001 x16:0xab888fa0  x4=0x54777061
       19595000	      1958	80001004	00000013	addi	x0,x0,0	  x0:0x00000000
       19605000	      1959	80001008	00ddfbb3	and	x23,x27,x13	 x27:0xffffff7c x13:0xfffffb21 x23=0xfffffb20
       19615000	      1960	8000100c	00ae4333	xor	x6,x28,x10	 x28:0x8000a2d9 x10:0x80009f20  x6=0x00003df9
       19625000	      1961	80001010	01793633	sltu	x12,x18,x23	 x18:0x8009724e x23:0xfffffb20 x12=0x00000001
       19635000	      1962	80001014	002babb3	slt	x23,x23,x2	 x23:0xfffffb20  x2:0x3158ef0c x23=0x00000001
       19645000	      1963	80001018	84dff0ef	jal	x1,80001018	  x1=0x80001018
       19655000	      1964	00000000	00000013	addi	x0,x0,0	  x0:0x00000000
       19665000	      1965	80000860	00000013	addi	x0,x0,0	  x0:0x00000000
       19675000	      1966	80000864	00c35f13	srli	x30,x6,0xc	  x6:0x00003df9 x30=0x00000003
       19685000	      1967	80000868	a6a3af17	auipc	x30,0xa6a3a	 x30=0x26a3a864
       19695000	      1968	8000086c	01005e33	srl	x28,x0,x16	  x0:0x00000000 x16:0xab888fa0 x28=0x00000000
       19705000	      1969	80000870	fc850513	addi	x10,x10,-56	 x10:0x80009f20 x10=0x80009ee8
       19715000	      1970	80000874	61c5b493	sltiu	x9,x11,1564	 x11:0x000fffff  x9=0x00000000
       19725000	      1971	80000878	00152223	sw	x1,4(x10)	 x10:0x80009ee8  x1:0x80001018 PA:0x80009eec
       19735000	      1972	8000087c	1bb1f013	andi	x0,x3,443	  x3:0xfffffb20
       19745000	      1973	80000880	852a6313	ori	x6,x20,-1966	 x20:0x00000048  x6=0xfffff85a
       19755000	      1974	80000884	1ef0fa13	andi	x20,x1,495	  x1:0x80001018 x20=0x00000008
       19765000	      1975	80000888	0075d293	srli	x5,x11,0x7	 x11:0x000fffff  x5=0x00001fff
       19775000	      1976	8000088c	ffa00813	addi	x16,x0,-6	  x0:0x00000000 x16=0xfffffffa
       19785000	      1977	80000890	ff200693	addi	x13,x0,-14	  x0:0x00000000 x13=0xfffffff2
       19795000	      1978	80000894	00866a33	or	x20,x12,x8	 x12:0x00000001  x8:0x00000494 x20=0x00000495
       19805000	      1979	80000898	00000013	addi	x0,x0,0	  x0:0x00000000
       19815000	      1980	8000089c	ffb80813	addi	x16,x16,-5	 x16:0xfffffffa x16=0xfffffff5
       19825000	      1981	800008a0	ffa00c93	addi	x25,x0,-6	  x0:0x00000000 x25=0xfffffffa
       19835000	      1982	800008a4	00e00e13	addi	x28,x0,14	  x0:0x00000000 x28=0x0000000e
       19845000	      1983	800008a8	00faeab3	or	x21,x21,x15	 x21:0x00000001 x15:0x80009dbf x21=0x80009dbf
       19855000	      1984	800008ac	1c4fe437	lui	x8,0x1c4fe	  x8=0x1c4fe000
       19865000	      1985	800008b0	002c8c93	addi	x25,x25,2	 x25:0xfffffffa x25=0xfffffffc
       19875000	      1986	800008b4	ffcceae3	bltu	x25,x28,800008a8	 x25:0xfffffffc x28:0x0000000e
       19885000	      1987	800008b8	fed850e3	bge	x16,x13,80000898	 x16:0xfffffff5 x13:0xfffffff2
       19895000	      1988	00000000	00000013	addi	x0,x0,0	  x0:0x00000000
       19905000	      1989	80000894	00000013	addi	x0,x0,0	  x0:0x00000000
       19915000	      1990	80000898	00000013	addi	x0,x0,0	  x0:0x00000000
       19925000	      1991	8000089c	ffb80813	addi	x16,x16,-5	 x16:0xfffffff5 x16=0xfffffff0
       19935000	      1992	800008a0	ffa00c93	addi	x25,x0,-6	  x0:0x00000000 x25=0xfffffffa
       19945000	      1993	800008a4	00e00e13	addi	x28,x0,14	  x0:0x00000000 x28=0x0000000e
       19955000	      1994	800008a8	00faeab3	or	x21,x21,x15	 x21:0x80009dbf x15:0x80009dbf x21=0x80009dbf
       19965000	      1995	800008ac	1c4fe437	lui	x8,0x1c4fe	  x8=0x1c4fe000
       19975000	      1996	800008b0	002c8c93	addi	x25,x25,2	 x25:0xfffffffa x25=0xfffffffc
       19985000	      1997	800008b4	ffcceae3	bltu	x25,x28,800008a8	 x25:0xfffffffc x28:0x0000000e
       19995000	      1998	800008b8	fed850e3	bge	x16,x13,80000898	 x16:0xfffffff0 x13:0xfffffff2
       20005000	      1999	800008bc	a9482a13	slti	x20,x16,-1388	 x16:0xfffffff0 x20=0x00000000
       20015000	      2000	800008c0	00800113	addi	x2,x0,8	  x0:0x00000000  x2=0x00000008
       20025000	      2001	800008c4	00800493	addi	x9,x0,8	  x0:0x00000000  x9=0x00000008
       20035000	      2002	800008c8	bee3ca93	xori	x21,x7,-1042	  x7:0x00000001 x21=0xfffffbef
       20045000	      2003	800008cc	ffb10113	addi	x2,x2,-5	  x2:0x00000008  x2=0x00000003
       20055000	      2004	800008d0	ff600893	addi	x17,x0,-10	  x0:0x00000000 x17=0xfffffff6
       20065000	      2005	800008d4	fec00e13	addi	x28,x0,-20	  x0:0x00000000 x28=0xffffffec
       20075000	      2006	800008d8	012fa6b3	slt	x13,x31,x18	 x31:0x02a4db96 x18:0x8009724e x13=0x00000000
       20085000	      2007	800008dc	ffa88893	addi	x17,x17,-6	 x17:0xfffffff6 x17=0xfffffff0
       20095000	      2008	800008e0	ffc8dce3	bge	x17,x28,800008d8	 x17:0xfffffff0 x28:0xffffffec
       20105000	      2009	00000000	00000013	addi	x0,x0,0	  x0:0x00000000
       20115000	      2010	800008d4	00000013	addi	x0,x0,0	  x0:0x00000000
       20125000	      2011	800008d8	012fa6b3	slt	x13,x31,x18	 x31:0x02a4db96 x18:0x8009724e x13=0x00000000
       20135000	      2012	800008dc	ffa88893	addi	x17,x17,-6	 x17:0xfffffff0 x17=0xffffffea
       20145000	      2013	800008e0	ffc8dce3	bge	x17,x28,800008d8	 x17:0xffffffea x28:0xffffffec
       20155000	      2014	800008e4	fe9172e3	bgeu	x2,x9,800008c8	  x2:0x00000003  x9:0x00000008
       20165000	      2015	800008e8	40c00833	sub	x16,x0,x12	  x0:0x00000000 x12:0x00000001 x16=0xffffffff
       20175000	      2016	800008ec	00100213	addi	x4,x0,1	  x0:0x00000000  x4=0x00000001
       20185000	      2017	800008f0	00500393	addi	x7,x0,5	  x0:0x00000000  x7=0x00000005
       20195000	      2018	800008f4	404e0eb3	sub	x29,x28,x4	 x28:0xffffffec  x4:0x00000001 x29=0xffffffeb
       20205000	      2019	800008f8	a4e9fb13	andi	x22,x19,-1458	 x19:0x00000000 x22=0x00000000
       20215000	      2020	800008fc	00220213	addi	x4,x4,2	  x4:0x00000001  x4=0x00000003
       20225000	      2021	80000900	00300413	addi	x8,x0,3	  x0:0x00000000  x8=0x00000003
       20235000	      2022	80000904	00dcef33	or	x30,x25,x13	 x25:0xfffffffc x13:0x00000000 x30=0xfffffffc
       20245000	      2023	80000908	00d00293	addi	x5,x0,13	  x0:0x00000000  x5=0x0000000d
       20255000	      2024	8000090c	c8312cb7	lui	x25,0xc8312	 x25=0xc8312000
       20265000	      2025	80000910	00a40413	addi	x8,x8,10	  x8:0x00000003  x8=0x0000000d
       20275000	      2026	80000914	411c5a13	srai	x20,x24,0x11	 x24:0x80009ee8 x20=0xffffc000
       20285000	      2027	80000918	fe540ae3	beq	x8,x5,8000090c	  x8:0x0000000d  x5:0x0000000d
       20295000	      2028	00000000	00000013	addi	x0,x0,0	  x0:0x00000000
       20305000	      2029	80000908	00000013	addi	x0,x0,0	  x0:0x00000000
       20315000	      2030	8000090c	c8312cb7	lui	x25,0xc8312	 x25=0xc8312000
       20325000	      2031	80000910	00a40413	addi	x8,x8,10	  x8:0x0000000d  x8=0x00000017
       20335000	      2032	80000914	411c5a13	srai	x20,x24,0x11	 x24:0x80009ee8 x20=0xffffc000
       20345000	      2033	80000918	fe540ae3	beq	x8,x5,8000090c	  x8:0x00000017  x5:0x0000000d
       20355000	      2034	8000091c	fc720ee3	beq	x4,x7,800008f8	  x4:0x00000003  x7:0x00000005
       20365000	      2035	80000920	00bca9b3	slt	x19,x25,x11	 x25:0xc8312000 x11:0x000fffff x19=0x00000001
       20375000	      2036	80000924	ffb00c93	addi	x25,x0,-5	  x0:0x00000000 x25=0xfffffffb
       20385000	      2037	80000928	ffa00e93	addi	x29,x0,-6	  x0:0x00000000 x29=0xfffffffa
       20395000	      2038	8000092c	a87da317	auipc	x6,0xa87da	  x6=0x287da928
       20405000	      2039	80000930	ffcc8c93	addi	x25,x25,-4	 x25:0xfffffffb x25=0xfffffff7
       20415000	      2040	80000934	00500e13	addi	x28,x0,5	  x0:0x00000000 x28=0x00000005
       20425000	      2041	80000938	00200113	addi	x2,x0,2	  x0:0x00000000  x2=0x00000002
       20435000	      2042	8000093c	0766a193	slti	x3,x13,118	 x13:0x00000000  x3=0x00000001
       20445000	      2043	80000940	fffe0e13	addi	x28,x28,-1	 x28:0x00000005 x28=0x00000004
       20455000	      2044	80000944	fe2e7ce3	bgeu	x28,x2,8000093c	 x28:0x00000004  x2:0x00000002
       20465000	      2045	00000000	00000013	addi	x0,x0,0	  x0:0x00000000
       20475000	      2046	80000938	00000013	addi	x0,x0,0	  x0:0x00000000
       20485000	      2047	8000093c	0766a193	slti	x3,x13,118	 x13:0x00000000  x3=0x00000001
       20495000	      2048	80000940	fffe0e13	addi	x28,x28,-1	 x28:0x00000004 x28=0x00000003
       20505000	      2049	80000944	fe2e7ce3	bgeu	x28,x2,8000093c	 x28:0x00000003  x2:0x00000002
       20515000	      2050	00000000	00000013	addi	x0,x0,0	  x0:0x00000000
       20525000	      2051	80000938	00000013	addi	x0,x0,0	  x0:0x00000000
       20535000	      2052	8000093c	0766a193	slti	x3,x13,118	 x13:0x00000000  x3=0x00000001
       20545000	      2053	80000940	fffe0e13	addi	x28,x28,-1	 x28:0x00000003 x28=0x00000002
       20555000	      2054	80000944	fe2e7ce3	bgeu	x28,x2,8000093c	 x28:0x00000002  x2:0x00000002
       20565000	      2055	00000000	00000013	addi	x0,x0,0	  x0:0x00000000
       20575000	      2056	80000938	00000013	addi	x0,x0,0	  x0:0x00000000
       20585000	      2057	8000093c	0766a193	slti	x3,x13,118	 x13:0x00000000  x3=0x00000001
       20595000	      2058	80000940	fffe0e13	addi	x28,x28,-1	 x28:0x00000002 x28=0x00000001
       20605000	      2059	80000944	fe2e7ce3	bgeu	x28,x2,8000093c	 x28:0x00000001  x2:0x00000002
       20615000	      2060	80000948	ffdcd2e3	bge	x25,x29,8000092c	 x25:0xfffffff7 x29:0xfffffffa
       20625000	      2061	8000094c	013847b3	xor	x15,x16,x19	 x16:0xffffffff x19:0x00000001 x15=0xfffffffe
       20635000	      2062	80000950	4070deb3	sra	x29,x1,x7	  x1:0x80001018  x7:0x00000005 x29=0xfc000080
       20645000	      2063	80000954	40b801b3	sub	x3,x16,x11	 x16:0xffffffff x11:0x000fffff  x3=0xfff00000
       20655000	      2064	80000958	b3b83493	sltiu	x9,x16,-1221	 x16:0xffffffff  x9=0x00000000
       20665000	      2065	8000095c	01ef9cb3	sll	x25,x31,x30	 x31:0x02a4db96 x30:0xfffffffc x25=0x60000000
       20675000	      2066	80000960	88feb913	sltiu	x18,x29,-1905	 x29:0xfc000080 x18=0x00000001
       20685000	      2067	80000964	010388b3	add	x17,x7,x16	  x7:0x00000005 x16:0xffffffff x17=0x00000004
       20695000	      2068	80000968	41aed313	srai	x6,x29,0x1a	 x29:0xfc000080  x6=0xffffffff
       20705000	      2069	8000096c	40cbda33	sra	x20,x23,x12	 x23:0x00000001 x12:0x00000001 x20=0x00000000
       20715000	      2070	80000970	00000013	addi	x0,x0,0	  x0:0x00000000
       20725000	      2071	80000974	00000013	addi	x0,x0,0	  x0:0x00000000
       20735000	      2072	80000978	00000013	addi	x0,x0,0	  x0:0x00000000
       20745000	      2073	8000097c	01ef9eb3	sll	x29,x31,x30	 x31:0x02a4db96 x30:0xfffffffc x29=0x60000000
       20755000	      2074	80000980	7e933d93	sltiu	x27,x6,2025	  x6:0xffffffff x27=0x00000000
       20765000	      2075	80000984	925d3393	sltiu	x7,x26,-1755	 x26:0x01526dcb  x7=0x00000001
       20775000	      2076	80000988	006c19b3	sll	x19,x24,x6	 x24:0x80009ee8  x6:0xffffffff x19=0x00000000
       20785000	      2077	8000098c	00891a63	bne	x18,x8,800009a0	 x18:0x00000001  x8:0x00000017
       20795000	      2078	00000000	00000013	addi	x0,x0,0	  x0:0x00000000
       20805000	      2079	8000099c	00000013	addi	x0,x0,0	  x0:0x00000000
       20815000	      2080	800009a0	d5d2b013	sltiu	x0,x5,-675	  x5:0x0000000d
       20825000	      2081	800009a4	d9366913	ori	x18,x12,-621	 x12:0x00000001 x18=0xfffffd93
       20835000	      2082	800009a8	b0c37093	andi	x1,x6,-1268	  x6:0xffffffff  x1=0xfffffb0c
       20845000	      2083	800009ac	41c986b3	sub	x13,x19,x28	 x19:0x00000000 x28:0x00000001 x13=0xffffffff
       20855000	      2084	800009b0	019485b3	add	x11,x9,x25	  x9:0x00000000 x25:0x60000000 x11=0x60000000
       20865000	      2085	800009b4	00a14833	xor	x16,x2,x10	  x2:0x00000002 x10:0x80009ee8 x16=0x80009eea
       20875000	      2086	800009b8	a9e32393	slti	x7,x6,-1378	  x6:0xffffffff  x7=0x00000000
       20885000	      2087	800009bc	2d136ab7	lui	x21,0x2d136	 x21=0x2d136000
       20895000	      2088	800009c0	01427e33	and	x28,x4,x20	  x4:0x00000003 x20:0x00000000 x28=0x00000000
       20905000	      2089	800009c4	2bb64893	xori	x17,x12,699	 x12:0x00000001 x17=0x000002ba
       20915000	      2090	800009c8	00e95db3	srl	x27,x18,x14	 x18:0xfffffd93 x14:0x80009fc4 x27=0x0fffffd9
       20925000	      2091	800009cc	00bfdd33	srl	x26,x31,x11	 x31:0x02a4db96 x11:0x60000000 x26=0x02a4db96
       20935000	      2092	800009d0	01964ab3	xor	x21,x12,x25	 x12:0x00000001 x25:0x60000000 x21=0x60000001
       20945000	      2093	800009d4	b2034f13	xori	x30,x6,-1248	  x6:0xffffffff x30=0x000004df
       20955000	      2094	800009d8	0175cc63	blt	x11,x23,800009f0	 x11:0x60000000 x23:0x00000001
       20965000	      2095	800009dc	00c35e13	srli	x28,x6,0xc	  x6:0xffffffff x28=0x000fffff
       20975000	      2096	800009e0	ef6cc013	xori	x0,x25,-266	 x25:0x60000000
       20985000	      2097	800009e4	05199863	bne	x19,x17,80000a34	 x19:0x00000000 x17:0x000002ba
       20995000	      2098	00000000	00000013	addi	x0,x0,0	  x0:0x00000000
       21005000	      2099	80000a30	00000013	addi	x0,x0,0	  x0:0x00000000
       21015000	      2100	80000a34	05467663	bgeu	x12,x20,80000a80	 x12:0x00000001 x20:0x00000000
       21025000	      2101	00000000	00000013	addi	x0,x0,0	  x0:0x00000000
       21035000	      2102	80000a7c	00000013	addi	x0,x0,0	  x0:0x00000000
       21045000	      2103	80000a80	00000013	addi	x0,x0,0	  x0:0x00000000
       21055000	      2104	80000a84	4d080317	auipc	x6,0x4d080	  x6=0xcd080a80
       21065000	      2105	80000a88	028ce863	bltu	x25,x8,80000ab8	 x25:0x60000000  x8:0x00000017
       21075000	      2106	80000a8c	01b7e3b3	or	x7,x15,x27	 x15:0xfffffffe x27:0x0fffffd9  x7=0xffffffff
       21085000	      2107	80000a90	41da5433	sra	x8,x20,x29	 x20:0x00000000 x29:0x60000000  x8=0x00000000
       21095000	      2108	80000a94	03010863	beq	x2,x16,80000ac4	  x2:0x00000002 x16:0x80009eea
       21105000	      2109	80000a98	154f6a13	ori	x20,x30,340	 x30:0x000004df x20=0x000005df
       21115000	      2110	80000a9c	03de5463	bge	x28,x29,80000ac4	 x28:0x000fffff x29:0x60000000
       21125000	      2111	80000aa0	002e8863	beq	x29,x2,80000ab0	 x29:0x60000000  x2:0x00000002
       21135000	      2112	80000aa4	015e21b3	slt	x3,x28,x21	 x28:0x000fffff x21:0x60000001  x3=0x00000001
       21145000	      2113	80000aa8	03b9e463	bltu	x19,x27,80000ad0	 x19:0x00000000 x27:0x0fffffd9
       21155000	      2114	00000000	00000013	addi	x0,x0,0	  x0:0x00000000
       21165000	      2115	80000acc	00000013	addi	x0,x0,0	  x0:0x00000000
       21175000	      2116	80000ad0	00b39233	sll	x4,x7,x11	  x7:0xffffffff x11:0x60000000  x4=0xffffffff
       21185000	      2117	80000ad4	0198c033	xor	x0,x17,x25	 x17:0x000002ba x25:0x60000000
       21195000	      2118	80000ad8	40345813	srai	x16,x8,0x3	  x8:0x00000000 x16=0x00000000
       21205000	      2119	80000adc	40240633	sub	x12,x8,x2	  x8:0x00000000  x2:0x00000002 x12=0xfffffffe
       21215000	      2120	80000ae0	003e43b3	xor	x7,x28,x3	 x28:0x000fffff  x3:0x00000001  x7=0x000ffffe
       21225000	      2121	80000ae4	001094b3	sll	x9,x1,x1	  x1:0xfffffb0c  x1:0xfffffb0c  x9=0xffb0c000
       21235000	      2122	80000ae8	01611313	slli	x6,x2,0x16	  x2:0x00000002  x6=0x00800000
       21245000	      2123	80000aec	01c79c63	bne	x15,x28,80000b04	 x15:0xfffffffe x28:0x000fffff
       21255000	      2124	00000000	00000013	addi	x0,x0,0	  x0:0x00000000
       21265000	      2125	80000b00	00000013	addi	x0,x0,0	  x0:0x00000000
       21275000	      2126	80000b04	34f8fdb7	lui	x27,0x34f8f	 x27=0x34f8f000
       21285000	      2127	80000b08	01585e63	bge	x16,x21,80000b24	 x16:0x00000000 x21:0x60000001
       21295000	      2128	80000b0c	00d8e433	or	x8,x17,x13	 x17:0x000002ba x13:0xffffffff  x8=0xffffffff
       21305000	      2129	80000b10	871c8413	addi	x8,x25,-1935	 x25:0x60000000  x8=0x5ffff871
       21315000	      2130	80000b14	017c8db3	add	x27,x25,x23	 x25:0x60000000 x23:0x00000001 x27=0x60000001
       21325000	      2131	80000b18	2e04c097	auipc	x1,0x2e04c	  x1=0xae04cb14
       21335000	      2132	80000b1c	0193a1b3	slt	x3,x7,x25	  x7:0x000ffffe x25:0x60000000  x3=0x00000001
       21345000	      2133	80000b20	0180c263	blt	x1,x24,80000b24	  x1:0xae04cb14 x24:0x80009ee8
       21355000	      2134	80000b24	3a8bc893	xori	x17,x23,936	 x23:0x00000001 x17=0x000003a9
       21365000	      2135	80000b28	00000013	addi	x0,x0,0	  x0:0x00000000
       21375000	      2136	80000b2c	05485263	bge	x16,x20,80000b70	 x16:0x00000000 x20:0x000005df
       21385000	      2137	80000b30	4be37593	andi	x11,x6,1214	  x6:0x00800000 x11=0x00000000
       21395000	      2138	80000b34	02a31e63	bne	x6,x10,80000b70	  x6:0x00800000 x10:0x80009ee8
       21405000	      2139	00000000	00000013	addi	x0,x0,0	  x0:0x00000000
       21415000	      2140	80000b6c	00000013	addi	x0,x0,0	  x0:0x00000000
       21425000	      2141	80000b70	03bc1863	bne	x24,x27,80000ba0	 x24:0x80009ee8 x27:0x60000001
       21435000	      2142	00000000	00000013	addi	x0,x0,0	  x0:0x00000000
       21445000	      2143	80000b9c	00000013	addi	x0,x0,0	  x0:0x00000000
       21455000	      2144	80000ba0	00ebc033	xor	x0,x23,x14	 x23:0x00000001 x14:0x80009fc4
       21465000	      2145	80000ba4	02168863	beq	x13,x1,80000bd4	 x13:0xffffffff  x1:0xae04cb14
       21475000	      2146	80000ba8	00410263	beq	x2,x4,80000bac	  x2:0x00000002  x4:0xffffffff
       21485000	      2147	80000bac	00c56433	or	x8,x10,x12	 x10:0x80009ee8 x12:0xfffffffe  x8=0xfffffffe
       21495000	      2148	80000bb0	00fbe8b3	or	x17,x23,x15	 x23:0x00000001 x15:0xfffffffe x17=0xffffffff
       21505000	      2149	80000bb4	00000013	addi	x0,x0,0	  x0:0x00000000
       21515000	      2150	80000bb8	004995b3	sll	x11,x19,x4	 x19:0x00000000  x4:0xffffffff x11=0x00000000
       21525000	      2151	80000bbc	01aa6c63	bltu	x20,x26,80000bd4	 x20:0x000005df x26:0x02a4db96
       21535000	      2152	00000000	00000013	addi	x0,x0,0	  x0:0x00000000
       21545000	      2153	80000bd0	00000013	addi	x0,x0,0	  x0:0x00000000
       21555000	      2154	80000bd4	4fd7e313	ori	x6,x15,1277	 x15:0xfffffffe  x6=0xffffffff
       21565000	      2155	80000bd8	3bd82213	slti	x4,x16,957	 x16:0x00000000  x4=0x00000001
       21575000	      2156	80000bdc	033be863	bltu	x23,x19,80000c0c	 x23:0x00000001 x19:0x00000000
       21585000	      2157	80000be0	01940933	add	x18,x8,x25	  x8:0xfffffffe x25:0x60000000 x18=0x5ffffffe
       21595000	      2158	80000be4	03dcc263	blt	x25,x29,80000c08	 x25:0x60000000 x29:0x60000000
       21605000	      2159	80000be8	40400b33	sub	x22,x0,x4	  x0:0x00000000  x4:0x00000001 x22=0xffffffff
       21615000	      2160	80000bec	f001e613	ori	x12,x3,-256	  x3:0x00000001 x12=0xffffff01
       21625000	      2161	80000bf0	40aa0c33	sub	x24,x20,x10	 x20:0x000005df x10:0x80009ee8 x24=0x7fff66f7
       21635000	      2162	80000bf4	41efd113	srai	x2,x31,0x1e	 x31:0x02a4db96  x2=0x00000000
       21645000	      2163	80000bf8	01bf5433	srl	x8,x30,x27	 x30:0x000004df x27:0x60000001  x8=0x0000026f
       21655000	      2164	80000bfc	001491b3	sll	x3,x9,x1	  x9:0xffb0c000  x1:0xae04cb14  x3=0x00000000
       21665000	      2165	80000c00	033f0663	beq	x30,x19,80000c2c	 x30:0x000004df x19:0x00000000
       21675000	      2166	80000c04	03934463	blt	x6,x25,80000c2c	  x6:0xffffffff x25:0x60000000
       21685000	      2167	00000000	00000013	addi	x0,x0,0	  x0:0x00000000
       21695000	      2168	80000c28	00000013	addi	x0,x0,0	  x0:0x00000000
       21705000	      2169	80000c2c	014a7cb3	and	x25,x20,x20	 x20:0x000005df x20:0x000005df x25=0x000005df
       21715000	      2170	80000c30	004f52b3	srl	x5,x30,x4	 x30:0x000004df  x4:0x00000001  x5=0x0000026f
       21725000	      2171	80000c34	f67f4a93	xori	x21,x30,-153	 x30:0x000004df x21=0xfffffbb8
       21735000	      2172	80000c38	00000013	addi	x0,x0,0	  x0:0x00000000
       21745000	      2173	80000c3c	030bc463	blt	x23,x16,80000c64	 x23:0x00000001 x16:0x00000000
       21755000	      2174	80000c40	01064cb3	xor	x25,x12,x16	 x12:0xffffff01 x16:0x00000000 x25=0xffffff01
       21765000	      2175	80000c44	01ccd4b3	srl	x9,x25,x28	 x25:0xffffff01 x28:0x000fffff  x9=0x00000001
       21775000	      2176	80000c48	f40a8413	addi	x8,x21,-192	 x21:0xfffffbb8  x8=0xfffffaf8
       21785000	      2177	80000c4c	00ec26b3	slt	x13,x24,x14	 x24:0x7fff66f7 x14:0x80009fc4 x13=0x00000000
       21795000	      2178	80000c50	052f0663	beq	x30,x18,80000c9c	 x30:0x000004df x18:0x5ffffffe
       21805000	      2179	80000c54	001a99b3	sll	x19,x21,x1	 x21:0xfffffbb8  x1:0xae04cb14 x19=0xbb800000
       21815000	      2180	80000c58	01584eb3	xor	x29,x16,x21	 x16:0x00000000 x21:0xfffffbb8 x29=0xfffffbb8
       21825000	      2181	80000c5c	fdc5b793	sltiu	x15,x11,-36	 x11:0x00000000 x15=0x00000001
       21835000	      2182	80000c60	41e006b3	sub	x13,x0,x30	  x0:0x00000000 x30:0x000004df x13=0xfffffb21
       21845000	      2183	80000c64	032de063	bltu	x27,x18,80000c84	 x27:0x60000001 x18:0x5ffffffe
       21855000	      2184	80000c68	dad78793	addi	x15,x15,-595	 x15:0x00000001 x15=0xfffffdae
       21865000	      2185	80000c6c	007563b3	or	x7,x10,x7	 x10:0x80009ee8  x7:0x000ffffe  x7=0x800ffffe
       21875000	      2186	80000c70	01b12ab3	slt	x21,x2,x27	  x2:0x00000000 x27:0x60000001 x21=0x00000001
       21885000	      2187	80000c74	00161863	bne	x12,x1,80000c84	 x12:0xffffff01  x1:0xae04cb14
       21895000	      2188	00000000	00000013	addi	x0,x0,0	  x0:0x00000000
       21905000	      2189	80000c80	00000013	addi	x0,x0,0	  x0:0x00000000
       21915000	      2190	80000c84	00ec5013	srli	x0,x24,0xe	 x24:0x7fff66f7
       21925000	      2191	80000c88	03717863	bgeu	x2,x23,80000cb8	  x2:0x00000000 x23:0x00000001
       21935000	      2192	80000c8c	00b25293	srli	x5,x4,0xb	  x4:0x00000001  x5=0x00000000
       21945000	      2193	80000c90	26cba813	slti	x16,x23,620	 x23:0x00000001 x16=0x00000001
       21955000	      2194	80000c94	401b8933	sub	x18,x23,x1	 x23:0x00000001  x1:0xae04cb14 x18=0x51fb34ed
       21965000	      2195	80000c98	00000013	addi	x0,x0,0	  x0:0x00000000
       21975000	      2196	80000c9c	010412b3	sll	x5,x8,x16	  x8:0xfffffaf8 x16:0x00000001  x5=0xfffff5f0
       21985000	      2197	80000ca0	8dc18213	addi	x4,x3,-1828	  x3:0x00000000  x4=0xfffff8dc
       21995000	      2198	80000ca4	00047e63	bgeu	x8,x0,80000cc0	  x8:0xfffffaf8  x0:0x00000000
       22005000	      2199	00000000	00000013	addi	x0,x0,0	  x0:0x00000000
       22015000	      2200	80000cbc	00000013	addi	x0,x0,0	  x0:0x00000000
       22025000	      2201	80000cc0	782a1237	lui	x4,0x782a1	  x4=0x782a1000
       22035000	      2202	80000cc4	00115263	bge	x2,x1,80000cc8	  x2:0x00000000  x1:0xae04cb14
       22045000	      2203	00000000	00000013	addi	x0,x0,0	  x0:0x00000000
       22055000	      2204	80000cc4	00000013	addi	x0,x0,0	  x0:0x00000000
       22065000	      2205	80000cc8	aa16c313	xori	x6,x13,-1375	 x13:0xfffffb21  x6=0x00000180
       22075000	      2206	80000ccc	00452083	lw	x1,4(x10)	 x10:0x80009ee8  x1=0x80001018 PA:0x80009eec
       22085000	      2207	80000cd0	10dce913	ori	x18,x25,269	 x25:0xffffff01 x18=0xffffff0d
       22095000	      2208	80000cd4	03850513	addi	x10,x10,56	 x10:0x80009ee8 x10=0x80009f20
       22105000	      2209	80000cd8	016b4833	xor	x16,x22,x22	 x22:0xffffffff x22:0xffffffff x16=0x00000000
       22115000	      2210	80000cdc	c4c3e313	ori	x6,x7,-948	  x7:0x800ffffe  x6=0xfffffffe
       22125000	      2211	80000ce0	00008b93	addi	x23,x1,0	  x1:0x80001018 x23=0x80001018
       22135000	      2212	80000ce4	000b8be7	jalr	x23,x23,0	 x23:0x80001018 x23=0x80000ce4
       22145000	      2213	00000000	00000013	addi	x0,x0,0	  x0:0x00000000
       22155000	      2214	80001018	00000013	addi	x0,x0,0	  x0:0x00000000
       22165000	      2215	8000101c	40acd433	sra	x8,x25,x10	 x25:0xffffff01 x10:0x80009f20  x8=0xffffff01
       22175000	      2216	80001020	0467fc63	bgeu	x15,x6,80001078	 x15:0xfffffdae  x6:0xfffffffe
       22185000	      2217	80001024	012f1213	slli	x4,x30,0x12	 x30:0x000004df  x4=0x137c0000
       22195000	      2218	80001028	76a06a13	ori	x20,x0,1898	  x0:0x00000000 x20=0x0000076a
       22205000	      2219	8000102c	017a1d33	sll	x26,x20,x23	 x20:0x0000076a x23:0x80000ce4 x26=0x000076a0
       22215000	      2220	80001030	0123fab3	and	x21,x7,x18	  x7:0x800ffffe x18:0xffffff0d x21=0x800fff0c
       22225000	      2221	80001034	00001697	auipc	x13,0x1	 x13=0x80002030
       22235000	      2222	80001038	d3468693	addi	x13,x13,-716	 x13:0x80002030 x13=0x80001d64
       22245000	      2223	8000103c	00000013	addi	x0,x0,0	  x0:0x00000000
       22255000	      2224	80001040	b4bc8593	addi	x11,x25,-1205	 x25:0xffffff01 x11=0xfffffa4c
       22265000	      2225	80001044	f5868693	addi	x13,x13,-168	 x13:0x80001d64 x13=0x80001cbc
       22275000	      2226	80001048	9995f493	andi	x9,x11,-1639	 x11:0xfffffa4c  x9=0xfffff808
       22285000	      2227	8000104c	0157b433	sltu	x8,x15,x21	 x15:0xfffffdae x21:0x800fff0c  x8=0x00000000
       22295000	      2228	80001050	019cc8b3	xor	x17,x25,x25	 x25:0xffffff01 x25:0xffffff01 x17=0x00000000
       22305000	      2229	80001054	00000013	addi	x0,x0,0	  x0:0x00000000
       22315000	      2230	80001058	0a9680e7	jalr	x1,x13,169	 x13:0x80001cbc  x1=0x80001058
       22325000	      2231	00000000	00000013	addi	x0,x0,0	  x0:0x00000000
       22335000	      2232	80001d64	00000013	addi	x0,x0,0	  x0:0x00000000
       22345000	      2233	80001d68	4d43a393	slti	x7,x7,1236	  x7:0x800ffffe  x7=0x00000001
       22355000	      2234	80001d6c	2c920b93	addi	x23,x4,713	  x4:0x137c0000 x23=0x137c02c9
       22365000	      2235	80001d70	00000013	addi	x0,x0,0	  x0:0x00000000
       22375000	      2236	80001d74	40fcdcb3	sra	x25,x25,x15	 x25:0xffffff01 x15:0xfffffdae x25=0xffffffff
       22385000	      2237	80001d78	fc450513	addi	x10,x10,-60	 x10:0x80009f20 x10=0x80009ee4
       22395000	      2238	80001d7c	826fc213	xori	x4,x31,-2010	 x31:0x02a4db96  x4=0xfd5b23b0
       22405000	      2239	80001d80	000e13b3	sll	x7,x28,x0	 x28:0x000fffff  x0:0x00000000  x7=0x000fffff
       22415000	      2240	80001d84	00958db3	add	x27,x11,x9	 x11:0xfffffa4c  x9:0xfffff808 x27=0xfffff254
       22425000	      2241	80001d88	00152223	sw	x1,4(x10)	 x10:0x80009ee4  x1:0x80001058 PA:0x80009ee8
       22435000	      2242	80001d8c	4136de33	sra	x28,x13,x19	 x13:0x80001cbc x19:0xbb800000 x28=0x80001cbc
       22445000	      2243	80001d90	00800a93	addi	x21,x0,8	  x0:0x00000000 x21=0x00000008
       22455000	      2244	80001d94	00975813	srli	x16,x14,0x9	 x14:0x80009fc4 x16=0x0040004f
       22465000	      2245	80001d98	d1260813	addi	x16,x12,-750	 x12:0xffffff01 x16=0xfffffc13
       22475000	      2246	80001d9c	b83ba793	slti	x15,x23,-1149	 x23:0x137c02c9 x15=0x00000000
       22485000	      2247	80001da0	42ee7213	andi	x4,x28,1070	 x28:0x80001cbc  x4=0x0000042c
       22495000	      2248	80001da4	0132f1b3	and	x3,x5,x19	  x5:0xfffff5f0 x19:0xbb800000  x3=0xbb800000
       22505000	      2249	80001da8	41bc5913	srai	x18,x24,0x1b	 x24:0x7fff66f7 x18=0x0000000f
       22515000	      2250	80001dac	00800e13	addi	x28,x0,8	  x0:0x00000000 x28=0x00000008
       22525000	      2251	80001db0	4b86bc93	sltiu	x25,x13,1208	 x13:0x80001cbc x25=0x00000000
       22535000	      2252	80001db4	00d87a33	and	x20,x16,x13	 x16:0xfffffc13 x13:0x80001cbc x20=0x80001c10
       22545000	      2253	80001db8	232a8213	addi	x4,x21,562	 x21:0x00000008  x4=0x0000023a
       22555000	      2254	80001dbc	ff9a8a93	addi	x21,x21,-7	 x21:0x00000008 x21=0x00000001
       22565000	      2255	80001dc0	0121aeb3	slt	x29,x3,x18	  x3:0xbb800000 x18:0x0000000f x29=0x00000001
       22575000	      2256	80001dc4	00813133	sltu	x2,x2,x8	  x2:0x00000000  x8:0x00000000  x2=0x00000000
       22585000	      2257	80001dc8	6ebe8d93	addi	x27,x29,1771	 x29:0x00000001 x27=0x000006ec
       22595000	      2258	80001dcc	ffcaf4e3	bgeu	x21,x28,80001db4	 x21:0x00000001 x28:0x00000008
       22605000	      2259	80001dd0	b8057613	andi	x12,x10,-1152	 x10:0x80009ee4 x12=0x80009a80
       22615000	      2260	80001dd4	ffb00c93	addi	x25,x0,-5	  x0:0x00000000 x25=0xfffffffb
       22625000	      2261	80001dd8	00b9f833	and	x16,x19,x11	 x19:0xbb800000 x11:0xfffffa4c x16=0xbb800000
       22635000	      2262	80001ddc	ff200313	addi	x6,x0,-14	  x0:0x00000000  x6=0xfffffff2
       22645000	      2263	80001de0	01c7ff33	and	x30,x15,x28	 x15:0x00000000 x28:0x00000008 x30=0x00000000
       22655000	      2264	80001de4	0051b8b3	sltu	x17,x3,x5	  x3:0xbb800000  x5:0xfffff5f0 x17=0x00000001
       22665000	      2265	80001de8	0060b2b3	sltu	x5,x1,x6	  x1:0x80001058  x6:0xfffffff2  x5=0x00000001
       22675000	      2266	80001dec	ff7c8c93	addi	x25,x25,-9	 x25:0xfffffffb x25=0xfffffff2
       22685000	      2267	80001df0	fe6c98e3	bne	x25,x6,80001de0	 x25:0xfffffff2  x6:0xfffffff2
       22695000	      2268	80001df4	1ea6af13	slti	x30,x13,490	 x13:0x80001cbc x30=0x00000001
       22705000	      2269	80001df8	ffa00093	addi	x1,x0,-6	  x0:0x00000000  x1=0xfffffffa
       22715000	      2270	80001dfc	011d3bb3	sltu	x23,x26,x17	 x26:0x000076a0 x17:0x00000001 x23=0x00000000
       22725000	      2271	80001e00	50e68d13	addi	x26,x13,1294	 x13:0x80001cbc x26=0x800021ca
       22735000	      2272	80001e04	0008cbb3	xor	x23,x17,x0	 x17:0x00000001  x0:0x00000000 x23=0x00000001
       22745000	      2273	80001e08	b403b993	sltiu	x19,x7,-1216	  x7:0x000fffff x19=0x00000001
       22755000	      2274	80001e0c	00000013	addi	x0,x0,0	  x0:0x00000000
       22765000	      2275	80001e10	fa86c017	auipc	x0,0xfa86c	
       22775000	      2276	80001e14	00800a13	addi	x20,x0,8	  x0:0x00000000 x20=0x00000008
       22785000	      2277	80001e18	4162d233	sra	x4,x5,x22	  x5:0x00000001 x22:0xffffffff  x4=0x00000000
       22795000	      2278	80001e1c	410781b3	sub	x3,x15,x16	 x15:0x00000000 x16:0xbb800000  x3=0x44800000
       22805000	      2279	80001e20	406c5613	srai	x12,x24,0x6	 x24:0x7fff66f7 x12=0x01fffd9b
       22815000	      2280	80001e24	014c61b3	or	x3,x24,x20	 x24:0x7fff66f7 x20:0x00000008  x3=0x7fff66ff
       22825000	      2281	80001e28	004694b3	sll	x9,x13,x4	 x13:0x80001cbc  x4:0x00000000  x9=0x80001cbc
       22835000	      2282	80001e2c	6ed1ae93	slti	x29,x3,1773	  x3:0x7fff66ff x29=0x00000000
       22845000	      2283	80001e30	4021dc33	sra	x24,x3,x2	  x3:0x7fff66ff  x2:0x00000000 x24=0x7fff66ff
       22855000	      2284	80001e34	00108093	addi	x1,x1,1	  x1:0xfffffffa  x1=0xfffffffb
       22865000	      2285	80001e38	01178633	add	x12,x15,x17	 x15:0x00000000 x17:0x00000001 x12=0x00000001
       22875000	      2286	80001e3c	016bc133	xor	x2,x23,x22	 x23:0x00000001 x22:0xffffffff  x2=0xfffffffe
       22885000	      2287	80001e40	1e182813	slti	x16,x16,481	 x16:0xbb800000 x16=0x00000001
       22895000	      2288	80001e44	00253333	sltu	x6,x10,x2	 x10:0x80009ee4  x2:0xfffffffe  x6=0x00000001
       22905000	      2289	80001e48	27c0cb13	xori	x22,x1,636	  x1:0xfffffffb x22=0xfffffd87
       22915000	      2290	80001e4c	402a5113	srai	x2,x20,0x2	 x20:0x00000008  x2=0x00000002
       22925000	      2291	80001e50	413ad193	srai	x3,x21,0x13	 x21:0x00000001  x3=0x00000000
       22935000	      2292	80001e54	158ca193	slti	x3,x25,344	 x25:0xfffffff2  x3=0x00000001
       22945000	      2293	80001e58	8884ad97	auipc	x27,0x8884a	 x27=0x0884be54
       22955000	      2294	80001e5c	fd40e0e3	bltu	x1,x20,80001e1c	  x1:0xfffffffb x20:0x00000008
       22965000	      2295	80001e60	0133c8b3	xor	x17,x7,x19	  x7:0x000fffff x19:0x00000001 x17=0x000ffffe
       22975000	      2296	80001e64	ffd00293	addi	x5,x0,-3	  x0:0x00000000  x5=0xfffffffd
       22985000	      2297	80001e68	003e25b3	slt	x11,x28,x3	 x28:0x00000008  x3:0x00000001 x11=0x00000000
       22995000	      2298	80001e6c	01ce9e93	slli	x29,x29,0x1c	 x29:0x00000000 x29=0x00000000
       23005000	      2299	80001e70	41b103b3	sub	x7,x2,x27	  x2:0x00000002 x27:0x0884be54  x7=0xf77b41ae
       23015000	      2300	80001e74	00600693	addi	x13,x0,6	  x0:0x00000000 x13=0x00000006
       23025000	      2301	80001e78	00557233	and	x4,x10,x5	 x10:0x80009ee4  x5:0xfffffffd  x4=0x80009ee4
       23035000	      2302	80001e7c	016ccab3	xor	x21,x25,x22	 x25:0xfffffff2 x22:0xfffffd87 x21=0x00000275
       23045000	      2303	80001e80	00000013	addi	x0,x0,0	  x0:0x00000000
       23055000	      2304	80001e84	4144da93	srai	x21,x9,0x14	  x9:0x80001cbc x21=0xfffff800
       23065000	      2305	80001e88	009d6933	or	x18,x26,x9	 x26:0x800021ca  x9:0x80001cbc x18=0x80003dfe
       23075000	      2306	80001e8c	01e079b3	and	x19,x0,x30	  x0:0x00000000 x30:0x00000001 x19=0x00000000
       23085000	      2307	80001e90	006663b3	or	x7,x12,x6	 x12:0x00000001  x6:0x00000001  x7=0x00000001
       23095000	      2308	80001e94	001750b3	srl	x1,x14,x1	 x14:0x80009fc4  x1:0xfffffffb  x1=0x00000010
       23105000	      2309	80001e98	00228293	addi	x5,x5,2	  x5:0xfffffffd  x5=0xffffffff
       23115000	      2310	80001e9c	013fd7b3	srl	x15,x31,x19	 x31:0x02a4db96 x19:0x00000000 x15=0x02a4db96
       23125000	      2311	80001ea0	4da77993	andi	x19,x14,1242	 x14:0x80009fc4 x19=0x000004c0
       23135000	      2312	80001ea4	006f37b3	sltu	x15,x30,x6	 x30:0x00000001  x6:0x00000001 x15=0x00000000
       23145000	      2313	80001ea8	2a846c13	ori	x24,x8,680	  x8:0x00000000 x24=0x000002a8
       23155000	      2314	80001eac	7cace093	ori	x1,x25,1994	 x25:0xfffffff2  x1=0xfffffffa
       23165000	      2315	80001eb0	00000013	addi	x0,x0,0	  x0:0x00000000
       23175000	      2316	80001eb4	00f51213	slli	x4,x10,0xf	 x10:0x80009ee4  x4=0x4f720000
       23185000	      2317	80001eb8	71986397	auipc	x7,0x71986	  x7=0xf1987eb4
       23195000	      2318	80001ebc	9d7f0793	addi	x15,x30,-1577	 x30:0x00000001 x15=0xfffff9d8
       23205000	      2319	80001ec0	c73a6c13	ori	x24,x20,-909	 x20:0x00000008 x24=0xfffffc7b
       23215000	      2320	80001ec4	01f11493	slli	x9,x2,0x1f	  x2:0x00000002  x9=0x00000000
       23225000	      2321	80001ec8	fad2e8e3	bltu	x5,x13,80001e78	  x5:0xffffffff x13:0x00000006
       23235000	      2322	80001ecc	40cfd333	sra	x6,x31,x12	 x31:0x02a4db96 x12:0x00000001  x6=0x01526dcb
       23245000	      2323	80001ed0	00500693	addi	x13,x0,5	  x0:0x00000000 x13=0x00000005
       23255000	      2324	80001ed4	40bada13	srai	x20,x21,0xb	 x21:0xfffff800 x20=0xffffffff
       23265000	      2325	80001ed8	8a968c13	addi	x24,x13,-1879	 x13:0x00000005 x24=0xfffff8ae
       23275000	      2326	80001edc	01a2b7b3	sltu	x15,x5,x26	  x5:0xffffffff x26:0x800021ca x15=0x00000000
       23285000	      2327	80001ee0	010c8233	add	x4,x25,x16	 x25:0xfffffff2 x16:0x00000001  x4=0xfffffff3
       23295000	      2328	80001ee4	00000013	addi	x0,x0,0	  x0:0x00000000
       23305000	      2329	80001ee8	01300893	addi	x17,x0,19	  x0:0x00000000 x17=0x00000013
       23315000	      2330	80001eec	99836a13	ori	x20,x6,-1640	  x6:0x01526dcb x20=0xfffffddb
       23325000	      2331	80001ef0	a29d8eb7	lui	x29,0xa29d8	 x29=0xa29d8000
       23335000	      2332	80001ef4	00968693	addi	x13,x13,9	 x13:0x00000005 x13=0x0000000e
       23345000	      2333	80001ef8	6deea593	slti	x11,x29,1758	 x29:0xa29d8000 x11=0x00000001
       23355000	      2334	80001efc	61143f13	sltiu	x30,x8,1553	  x8:0x00000000 x30=0x00000001
       23365000	      2335	80001f00	00a00d13	addi	x26,x0,10	  x0:0x00000000 x26=0x0000000a
       23375000	      2336	80001f04	6816f213	andi	x4,x13,1665	 x13:0x0000000e  x4=0x00000000
       23385000	      2337	80001f08	00a00a93	addi	x21,x0,10	  x0:0x00000000 x21=0x0000000a
       23395000	      2338	80001f0c	00b419b3	sll	x19,x8,x11	  x8:0x00000000 x11:0x00000001 x19=0x00000000
       23405000	      2339	80001f10	019bc933	xor	x18,x23,x25	 x23:0x00000001 x25:0xfffffff2 x18=0xfffffff3
       23415000	      2340	80001f14	407a0933	sub	x18,x20,x7	 x20:0xfffffddb  x7:0xf1987eb4 x18=0x0e677f27
       23425000	      2341	80001f18	ffad0d13	addi	x26,x26,-6	 x26:0x0000000a x26=0x00000004
       23435000	      2342	80001f1c	00000013	addi	x0,x0,0	  x0:0x00000000
       23445000	      2343	80001f20	ff5d7ae3	bgeu	x26,x21,80001f14	 x26:0x00000004 x21:0x0000000a
       23455000	      2344	80001f24	00000013	addi	x0,x0,0	  x0:0x00000000
       23465000	      2345	80001f28	e5050313	addi	x6,x10,-432	 x10:0x80009ee4  x6=0x80009d34
       23475000	      2346	80001f2c	01109293	slli	x5,x1,0x11	  x1:0xfffffffa  x5=0xfff40000
       23485000	      2347	80001f30	40ae8cb3	sub	x25,x29,x10	 x29:0xa29d8000 x10:0x80009ee4 x25=0x229ce11c
       23495000	      2348	80001f34	0183d2b3	srl	x5,x7,x24	  x7:0xf1987eb4 x24:0xfffff8ae  x5=0x0003c661
       23505000	      2349	80001f38	fb16eae3	bltu	x13,x17,80001eec	 x13:0x0000000e x17:0x00000013
       23515000	      2350	00000000	00000013	addi	x0,x0,0	  x0:0x00000000
       23525000	      2351	80001ee8	00000013	addi	x0,x0,0	  x0:0x00000000
       23535000	      2352	80001eec	99836a13	ori	x20,x6,-1640	  x6:0x80009d34 x20=0xfffffdbc
       23545000	      2353	80001ef0	a29d8eb7	lui	x29,0xa29d8	 x29=0xa29d8000
       23555000	      2354	80001ef4	00968693	addi	x13,x13,9	 x13:0x0000000e x13=0x00000017
       23565000	      2355	80001ef8	6deea593	slti	x11,x29,1758	 x29:0xa29d8000 x11=0x00000001
       23575000	      2356	80001efc	61143f13	sltiu	x30,x8,1553	  x8:0x00000000 x30=0x00000001
       23585000	      2357	80001f00	00a00d13	addi	x26,x0,10	  x0:0x00000000 x26=0x0000000a
       23595000	      2358	80001f04	6816f213	andi	x4,x13,1665	 x13:0x00000017  x4=0x00000001
       23605000	      2359	80001f08	00a00a93	addi	x21,x0,10	  x0:0x00000000 x21=0x0000000a
       23615000	      2360	80001f0c	00b419b3	sll	x19,x8,x11	  x8:0x00000000 x11:0x00000001 x19=0x00000000
       23625000	      2361	80001f10	019bc933	xor	x18,x23,x25	 x23:0x00000001 x25:0x229ce11c x18=0x229ce11d
       23635000	      2362	80001f14	407a0933	sub	x18,x20,x7	 x20:0xfffffdbc  x7:0xf1987eb4 x18=0x0e677f08
       23645000	      2363	80001f18	ffad0d13	addi	x26,x26,-6	 x26:0x0000000a x26=0x00000004
       23655000	      2364	80001f1c	00000013	addi	x0,x0,0	  x0:0x00000000
       23665000	      2365	80001f20	ff5d7ae3	bgeu	x26,x21,80001f14	 x26:0x00000004 x21:0x0000000a
       23675000	      2366	80001f24	00000013	addi	x0,x0,0	  x0:0x00000000
       23685000	      2367	80001f28	e5050313	addi	x6,x10,-432	 x10:0x80009ee4  x6=0x80009d34
       23695000	      2368	80001f2c	01109293	slli	x5,x1,0x11	  x1:0xfffffffa  x5=0xfff40000
       23705000	      2369	80001f30	40ae8cb3	sub	x25,x29,x10	 x29:0xa29d8000 x10:0x80009ee4 x25=0x229ce11c
       23715000	      2370	80001f34	0183d2b3	srl	x5,x7,x24	  x7:0xf1987eb4 x24:0xfffff8ae  x5=0x0003c661
       23725000	      2371	80001f38	fb16eae3	bltu	x13,x17,80001eec	 x13:0x00000017 x17:0x00000013
       23735000	      2372	80001f3c	00b24a33	xor	x20,x4,x11	  x4:0x00000001 x11:0x00000001 x20=0x00000000
       23745000	      2373	80001f40	00a00493	addi	x9,x0,10	  x0:0x00000000  x9=0x0000000a
       23755000	      2374	80001f44	01d79e93	slli	x29,x15,0x1d	 x15:0x00000000 x29=0x00000000
       23765000	      2375	80001f48	015720b3	slt	x1,x14,x21	 x14:0x80009fc4 x21:0x0000000a  x1=0x00000001
       23775000	      2376	80001f4c	00a00793	addi	x15,x0,10	  x0:0x00000000 x15=0x0000000a
       23785000	      2377	80001f50	01fd1333	sll	x6,x26,x31	 x26:0x00000004 x31:0x02a4db96  x6=0x01000000
       23795000	      2378	80001f54	4713c413	xori	x8,x7,1137	  x7:0xf1987eb4  x8=0xf1987ac5
       23805000	      2379	80001f58	00cf6433	or	x8,x30,x12	 x30:0x00000001 x12:0x00000001  x8=0x00000001
       23815000	      2380	80001f5c	01b55f13	srli	x30,x10,0x1b	 x10:0x80009ee4 x30=0x00000010
       23825000	      2381	80001f60	ff948493	addi	x9,x9,-7	  x9:0x0000000a  x9=0x00000003
       23835000	      2382	80001f64	6863f597	auipc	x11,0x6863f	 x11=0xe8640f60
       23845000	      2383	80001f68	fef4f6e3	bgeu	x9,x15,80001f54	  x9:0x00000003 x15:0x0000000a
       23855000	      2384	80001f6c	402ed6b3	sra	x13,x29,x2	 x29:0x00000000  x2:0x00000002 x13=0x00000000
       23865000	      2385	80001f70	00400893	addi	x17,x0,4	  x0:0x00000000 x17=0x00000004
       23875000	      2386	80001f74	007ddcb3	srl	x25,x27,x7	 x27:0x0884be54  x7:0xf1987eb4 x25=0x00000088
       23885000	      2387	80001f78	01e17e33	and	x28,x2,x30	  x2:0x00000002 x30:0x00000010 x28=0x00000000
       23895000	      2388	80001f7c	fec00313	addi	x6,x0,-20	  x0:0x00000000  x6=0xffffffec
       23905000	      2389	80001f80	ddcc7413	andi	x8,x24,-548	 x24:0xfffff8ae  x8=0xfffff88c
       23915000	      2390	80001f84	ff888893	addi	x17,x17,-8	 x17:0x00000004 x17=0xfffffffc
       23925000	      2391	80001f88	0027a133	slt	x2,x15,x2	 x15:0x0000000a  x2:0x00000002  x2=0x00000000
       23935000	      2392	80001f8c	00995213	srli	x4,x18,0x9	 x18:0x0e677f08  x4=0x000733bf
       23945000	      2393	80001f90	fe6898e3	bne	x17,x6,80001f80	 x17:0xfffffffc  x6:0xffffffec
       23955000	      2394	00000000	00000013	addi	x0,x0,0	  x0:0x00000000
       23965000	      2395	80001f7c	00000013	addi	x0,x0,0	  x0:0x00000000
       23975000	      2396	80001f80	ddcc7413	andi	x8,x24,-548	 x24:0xfffff8ae  x8=0xfffff88c
       23985000	      2397	80001f84	ff888893	addi	x17,x17,-8	 x17:0xfffffffc x17=0xfffffff4
       23995000	      2398	80001f88	0027a133	slt	x2,x15,x2	 x15:0x0000000a  x2:0x00000000  x2=0x00000000
       24005000	      2399	80001f8c	00995213	srli	x4,x18,0x9	 x18:0x0e677f08  x4=0x000733bf
       24015000	      2400	80001f90	fe6898e3	bne	x17,x6,80001f80	 x17:0xfffffff4  x6:0xffffffec
       24025000	      2401	00000000	00000013	addi	x0,x0,0	  x0:0x00000000
       24035000	      2402	80001f7c	00000013	addi	x0,x0,0	  x0:0x00000000
       24045000	      2403	80001f80	ddcc7413	andi	x8,x24,-548	 x24:0xfffff8ae  x8=0xfffff88c
       24055000	      2404	80001f84	ff888893	addi	x17,x17,-8	 x17:0xfffffff4 x17=0xffffffec
       24065000	      2405	80001f88	0027a133	slt	x2,x15,x2	 x15:0x0000000a  x2:0x00000000  x2=0x00000000
       24075000	      2406	80001f8c	00995213	srli	x4,x18,0x9	 x18:0x0e677f08  x4=0x000733bf
       24085000	      2407	80001f90	fe6898e3	bne	x17,x6,80001f80	 x17:0xffffffec  x6:0xffffffec
       24095000	      2408	80001f94	54cfca13	xori	x20,x31,1356	 x31:0x02a4db96 x20=0x02a4deda
       24105000	      2409	80001f98	ff800293	addi	x5,x0,-8	  x0:0x00000000  x5=0xfffffff8
       24115000	      2410	80001f9c	00200413	addi	x8,x0,2	  x0:0x00000000  x8=0x00000002
       24125000	      2411	80001fa0	011c0bb3	add	x23,x24,x17	 x24:0xfffff8ae x17:0xffffffec x23=0xfffff89a
       24135000	      2412	80001fa4	00a28293	addi	x5,x5,10	  x5:0xfffffff8  x5=0x00000002
       24145000	      2413	80001fa8	00800d93	addi	x27,x0,8	  x0:0x00000000 x27=0x00000008
       24155000	      2414	80001fac	00200c93	addi	x25,x0,2	  x0:0x00000000 x25=0x00000002
       24165000	      2415	80001fb0	0189aab3	slt	x21,x19,x24	 x19:0x00000000 x24:0xfffff8ae x21=0x00000000
       24175000	      2416	80001fb4	009966b3	or	x13,x18,x9	 x18:0x0e677f08  x9:0x00000003 x13=0x0e677f0b
       24185000	      2417	80001fb8	ff6d8d93	addi	x27,x27,-10	 x27:0x00000008 x27=0xfffffffe
       24195000	      2418	80001fbc	ff9ddce3	bge	x27,x25,80001fb4	 x27:0xfffffffe x25:0x00000002
       24205000	      2419	80001fc0	fe82c0e3	blt	x5,x8,80001fa0	  x5:0x00000002  x8:0x00000002
       24215000	      2420	80001fc4	00043333	sltu	x6,x8,x0	  x8:0x00000002  x0:0x00000000  x6=0x00000000
       24225000	      2421	80001fc8	00a00993	addi	x19,x0,10	  x0:0x00000000 x19=0x0000000a
       24235000	      2422	80001fcc	00000013	addi	x0,x0,0	  x0:0x00000000
       24245000	      2423	80001fd0	02b11637	lui	x12,0x2b11	 x12=0x02b11000
       24255000	      2424	80001fd4	e3742e93	slti	x29,x8,-457	  x8:0x00000002 x29=0x00000000
       24265000	      2425	80001fd8	9d7d0013	addi	x0,x26,-1577	 x26:0x00000004
       24275000	      2426	80001fdc	002677b3	and	x15,x12,x2	 x12:0x02b11000  x2:0x00000000 x15=0x00000000
       24285000	      2427	80001fe0	fec00493	addi	x9,x0,-20	  x0:0x00000000  x9=0xffffffec
       24295000	      2428	80001fe4	01fba2b3	slt	x5,x23,x31	 x23:0xfffff89a x31:0x02a4db96  x5=0x00000001
       24305000	      2429	80001fe8	00000013	addi	x0,x0,0	  x0:0x00000000
       24315000	      2430	80001fec	fff98993	addi	x19,x19,-1	 x19:0x0000000a x19=0x00000009
       24325000	      2431	80001ff0	40110cb3	sub	x25,x2,x1	  x2:0x00000000  x1:0x00000001 x25=0xffffffff
       24335000	      2432	80001ff4	fe9998e3	bne	x19,x9,80001fe4	 x19:0x00000009  x9:0xffffffec
       24345000	      2433	00000000	00000013	addi	x0,x0,0	  x0:0x00000000
       24355000	      2434	80001fe0	00000013	addi	x0,x0,0	  x0:0x00000000
       24365000	      2435	80001fe4	01fba2b3	slt	x5,x23,x31	 x23:0xfffff89a x31:0x02a4db96  x5=0x00000001
       24375000	      2436	80001fe8	00000013	addi	x0,x0,0	  x0:0x00000000
       24385000	      2437	80001fec	fff98993	addi	x19,x19,-1	 x19:0x00000009 x19=0x00000008
       24395000	      2438	80001ff0	40110cb3	sub	x25,x2,x1	  x2:0x00000000  x1:0x00000001 x25=0xffffffff
       24405000	      2439	80001ff4	fe9998e3	bne	x19,x9,80001fe4	 x19:0x00000008  x9:0xffffffec
       24415000	      2440	00000000	00000013	addi	x0,x0,0	  x0:0x00000000
       24425000	      2441	80001fe0	00000013	addi	x0,x0,0	  x0:0x00000000
       24435000	      2442	80001fe4	01fba2b3	slt	x5,x23,x31	 x23:0xfffff89a x31:0x02a4db96  x5=0x00000001
       24445000	      2443	80001fe8	00000013	addi	x0,x0,0	  x0:0x00000000
       24455000	      2444	80001fec	fff98993	addi	x19,x19,-1	 x19:0x00000008 x19=0x00000007
       24465000	      2445	80001ff0	40110cb3	sub	x25,x2,x1	  x2:0x00000000  x1:0x00000001 x25=0xffffffff
       24475000	      2446	80001ff4	fe9998e3	bne	x19,x9,80001fe4	 x19:0x00000007  x9:0xffffffec
       24485000	      2447	00000000	00000013	addi	x0,x0,0	  x0:0x00000000
       24495000	      2448	80001fe0	00000013	addi	x0,x0,0	  x0:0x00000000
       24505000	      2449	80001fe4	01fba2b3	slt	x5,x23,x31	 x23:0xfffff89a x31:0x02a4db96  x5=0x00000001
       24515000	      2450	80001fe8	00000013	addi	x0,x0,0	  x0:0x00000000
       24525000	      2451	80001fec	fff98993	addi	x19,x19,-1	 x19:0x00000007 x19=0x00000006
       24535000	      2452	80001ff0	40110cb3	sub	x25,x2,x1	  x2:0x00000000  x1:0x00000001 x25=0xffffffff
       24545000	      2453	80001ff4	fe9998e3	bne	x19,x9,80001fe4	 x19:0x00000006  x9:0xffffffec
       24555000	      2454	00000000	00000013	addi	x0,x0,0	  x0:0x00000000
       24565000	      2455	80001fe0	00000013	addi	x0,x0,0	  x0:0x00000000
       24575000	      2456	80001fe4	01fba2b3	slt	x5,x23,x31	 x23:0xfffff89a x31:0x02a4db96  x5=0x00000001
       24585000	      2457	80001fe8	00000013	addi	x0,x0,0	  x0:0x00000000
       24595000	      2458	80001fec	fff98993	addi	x19,x19,-1	 x19:0x00000006 x19=0x00000005
       24605000	      2459	80001ff0	40110cb3	sub	x25,x2,x1	  x2:0x00000000  x1:0x00000001 x25=0xffffffff
       24615000	      2460	80001ff4	fe9998e3	bne	x19,x9,80001fe4	 x19:0x00000005  x9:0xffffffec
       24625000	      2461	00000000	00000013	addi	x0,x0,0	  x0:0x00000000
       24635000	      2462	80001fe0	00000013	addi	x0,x0,0	  x0:0x00000000
       24645000	      2463	80001fe4	01fba2b3	slt	x5,x23,x31	 x23:0xfffff89a x31:0x02a4db96  x5=0x00000001
       24655000	      2464	80001fe8	00000013	addi	x0,x0,0	  x0:0x00000000
       24665000	      2465	80001fec	fff98993	addi	x19,x19,-1	 x19:0x00000005 x19=0x00000004
       24675000	      2466	80001ff0	40110cb3	sub	x25,x2,x1	  x2:0x00000000  x1:0x00000001 x25=0xffffffff
       24685000	      2467	80001ff4	fe9998e3	bne	x19,x9,80001fe4	 x19:0x00000004  x9:0xffffffec
       24695000	      2468	00000000	00000013	addi	x0,x0,0	  x0:0x00000000
       24705000	      2469	80001fe0	00000013	addi	x0,x0,0	  x0:0x00000000
       24715000	      2470	80001fe4	01fba2b3	slt	x5,x23,x31	 x23:0xfffff89a x31:0x02a4db96  x5=0x00000001
       24725000	      2471	80001fe8	00000013	addi	x0,x0,0	  x0:0x00000000
       24735000	      2472	80001fec	fff98993	addi	x19,x19,-1	 x19:0x00000004 x19=0x00000003
       24745000	      2473	80001ff0	40110cb3	sub	x25,x2,x1	  x2:0x00000000  x1:0x00000001 x25=0xffffffff
       24755000	      2474	80001ff4	fe9998e3	bne	x19,x9,80001fe4	 x19:0x00000003  x9:0xffffffec
       24765000	      2475	00000000	00000013	addi	x0,x0,0	  x0:0x00000000
       24775000	      2476	80001fe0	00000013	addi	x0,x0,0	  x0:0x00000000
       24785000	      2477	80001fe4	01fba2b3	slt	x5,x23,x31	 x23:0xfffff89a x31:0x02a4db96  x5=0x00000001
       24795000	      2478	80001fe8	00000013	addi	x0,x0,0	  x0:0x00000000
       24805000	      2479	80001fec	fff98993	addi	x19,x19,-1	 x19:0x00000003 x19=0x00000002
       24815000	      2480	80001ff0	40110cb3	sub	x25,x2,x1	  x2:0x00000000  x1:0x00000001 x25=0xffffffff
       24825000	      2481	80001ff4	fe9998e3	bne	x19,x9,80001fe4	 x19:0x00000002  x9:0xffffffec
       24835000	      2482	00000000	00000013	addi	x0,x0,0	  x0:0x00000000
       24845000	      2483	80001fe0	00000013	addi	x0,x0,0	  x0:0x00000000
       24855000	      2484	80001fe4	01fba2b3	slt	x5,x23,x31	 x23:0xfffff89a x31:0x02a4db96  x5=0x00000001
       24865000	      2485	80001fe8	00000013	addi	x0,x0,0	  x0:0x00000000
       24875000	      2486	80001fec	fff98993	addi	x19,x19,-1	 x19:0x00000002 x19=0x00000001
       24885000	      2487	80001ff0	40110cb3	sub	x25,x2,x1	  x2:0x00000000  x1:0x00000001 x25=0xffffffff
       24895000	      2488	80001ff4	fe9998e3	bne	x19,x9,80001fe4	 x19:0x00000001  x9:0xffffffec
       24905000	      2489	00000000	00000013	addi	x0,x0,0	  x0:0x00000000
       24915000	      2490	80001fe0	00000013	addi	x0,x0,0	  x0:0x00000000
       24925000	      2491	80001fe4	01fba2b3	slt	x5,x23,x31	 x23:0xfffff89a x31:0x02a4db96  x5=0x00000001
       24935000	      2492	80001fe8	00000013	addi	x0,x0,0	  x0:0x00000000
       24945000	      2493	80001fec	fff98993	addi	x19,x19,-1	 x19:0x00000001 x19=0x00000000
       24955000	      2494	80001ff0	40110cb3	sub	x25,x2,x1	  x2:0x00000000  x1:0x00000001 x25=0xffffffff
       24965000	      2495	80001ff4	fe9998e3	bne	x19,x9,80001fe4	 x19:0x00000000  x9:0xffffffec
       24975000	      2496	00000000	00000013	addi	x0,x0,0	  x0:0x00000000
       24985000	      2497	80001fe0	00000013	addi	x0,x0,0	  x0:0x00000000
       24995000	      2498	80001fe4	01fba2b3	slt	x5,x23,x31	 x23:0xfffff89a x31:0x02a4db96  x5=0x00000001
       25005000	      2499	80001fe8	00000013	addi	x0,x0,0	  x0:0x00000000
       25015000	      2500	80001fec	fff98993	addi	x19,x19,-1	 x19:0x00000000 x19=0xffffffff
       25025000	      2501	80001ff0	40110cb3	sub	x25,x2,x1	  x2:0x00000000  x1:0x00000001 x25=0xffffffff
       25035000	      2502	80001ff4	fe9998e3	bne	x19,x9,80001fe4	 x19:0xffffffff  x9:0xffffffec
       25045000	      2503	00000000	00000013	addi	x0,x0,0	  x0:0x00000000
       25055000	      2504	80001fe0	00000013	addi	x0,x0,0	  x0:0x00000000
       25065000	      2505	80001fe4	01fba2b3	slt	x5,x23,x31	 x23:0xfffff89a x31:0x02a4db96  x5=0x00000001
       25075000	      2506	80001fe8	00000013	addi	x0,x0,0	  x0:0x00000000
       25085000	      2507	80001fec	fff98993	addi	x19,x19,-1	 x19:0xffffffff x19=0xfffffffe
       25095000	      2508	80001ff0	40110cb3	sub	x25,x2,x1	  x2:0x00000000  x1:0x00000001 x25=0xffffffff
       25105000	      2509	80001ff4	fe9998e3	bne	x19,x9,80001fe4	 x19:0xfffffffe  x9:0xffffffec
       25115000	      2510	00000000	00000013	addi	x0,x0,0	  x0:0x00000000
       25125000	      2511	80001fe0	00000013	addi	x0,x0,0	  x0:0x00000000
       25135000	      2512	80001fe4	01fba2b3	slt	x5,x23,x31	 x23:0xfffff89a x31:0x02a4db96  x5=0x00000001
       25145000	      2513	80001fe8	00000013	addi	x0,x0,0	  x0:0x00000000
       25155000	      2514	80001fec	fff98993	addi	x19,x19,-1	 x19:0xfffffffe x19=0xfffffffd
       25165000	      2515	80001ff0	40110cb3	sub	x25,x2,x1	  x2:0x00000000  x1:0x00000001 x25=0xffffffff
       25175000	      2516	80001ff4	fe9998e3	bne	x19,x9,80001fe4	 x19:0xfffffffd  x9:0xffffffec
       25185000	      2517	00000000	00000013	addi	x0,x0,0	  x0:0x00000000
       25195000	      2518	80001fe0	00000013	addi	x0,x0,0	  x0:0x00000000
       25205000	      2519	80001fe4	01fba2b3	slt	x5,x23,x31	 x23:0xfffff89a x31:0x02a4db96  x5=0x00000001
       25215000	      2520	80001fe8	00000013	addi	x0,x0,0	  x0:0x00000000
       25225000	      2521	80001fec	fff98993	addi	x19,x19,-1	 x19:0xfffffffd x19=0xfffffffc
       25235000	      2522	80001ff0	40110cb3	sub	x25,x2,x1	  x2:0x00000000  x1:0x00000001 x25=0xffffffff
       25245000	      2523	80001ff4	fe9998e3	bne	x19,x9,80001fe4	 x19:0xfffffffc  x9:0xffffffec
       25255000	      2524	00000000	00000013	addi	x0,x0,0	  x0:0x00000000
       25265000	      2525	80001fe0	00000013	addi	x0,x0,0	  x0:0x00000000
       25275000	      2526	80001fe4	01fba2b3	slt	x5,x23,x31	 x23:0xfffff89a x31:0x02a4db96  x5=0x00000001
       25285000	      2527	80001fe8	00000013	addi	x0,x0,0	  x0:0x00000000
       25295000	      2528	80001fec	fff98993	addi	x19,x19,-1	 x19:0xfffffffc x19=0xfffffffb
       25305000	      2529	80001ff0	40110cb3	sub	x25,x2,x1	  x2:0x00000000  x1:0x00000001 x25=0xffffffff
       25315000	      2530	80001ff4	fe9998e3	bne	x19,x9,80001fe4	 x19:0xfffffffb  x9:0xffffffec
       25325000	      2531	00000000	00000013	addi	x0,x0,0	  x0:0x00000000
       25335000	      2532	80001fe0	00000013	addi	x0,x0,0	  x0:0x00000000
       25345000	      2533	80001fe4	01fba2b3	slt	x5,x23,x31	 x23:0xfffff89a x31:0x02a4db96  x5=0x00000001
       25355000	      2534	80001fe8	00000013	addi	x0,x0,0	  x0:0x00000000
       25365000	      2535	80001fec	fff98993	addi	x19,x19,-1	 x19:0xfffffffb x19=0xfffffffa
       25375000	      2536	80001ff0	40110cb3	sub	x25,x2,x1	  x2:0x00000000  x1:0x00000001 x25=0xffffffff
       25385000	      2537	80001ff4	fe9998e3	bne	x19,x9,80001fe4	 x19:0xfffffffa  x9:0xffffffec
       25395000	      2538	00000000	00000013	addi	x0,x0,0	  x0:0x00000000
       25405000	      2539	80001fe0	00000013	addi	x0,x0,0	  x0:0x00000000
       25415000	      2540	80001fe4	01fba2b3	slt	x5,x23,x31	 x23:0xfffff89a x31:0x02a4db96  x5=0x00000001
       25425000	      2541	80001fe8	00000013	addi	x0,x0,0	  x0:0x00000000
       25435000	      2542	80001fec	fff98993	addi	x19,x19,-1	 x19:0xfffffffa x19=0xfffffff9
       25445000	      2543	80001ff0	40110cb3	sub	x25,x2,x1	  x2:0x00000000  x1:0x00000001 x25=0xffffffff
       25455000	      2544	80001ff4	fe9998e3	bne	x19,x9,80001fe4	 x19:0xfffffff9  x9:0xffffffec
       25465000	      2545	00000000	00000013	addi	x0,x0,0	  x0:0x00000000
       25475000	      2546	80001fe0	00000013	addi	x0,x0,0	  x0:0x00000000
       25485000	      2547	80001fe4	01fba2b3	slt	x5,x23,x31	 x23:0xfffff89a x31:0x02a4db96  x5=0x00000001
       25495000	      2548	80001fe8	00000013	addi	x0,x0,0	  x0:0x00000000
       25505000	      2549	80001fec	fff98993	addi	x19,x19,-1	 x19:0xfffffff9 x19=0xfffffff8
       25515000	      2550	80001ff0	40110cb3	sub	x25,x2,x1	  x2:0x00000000  x1:0x00000001 x25=0xffffffff
       25525000	      2551	80001ff4	fe9998e3	bne	x19,x9,80001fe4	 x19:0xfffffff8  x9:0xffffffec
       25535000	      2552	00000000	00000013	addi	x0,x0,0	  x0:0x00000000
       25545000	      2553	80001fe0	00000013	addi	x0,x0,0	  x0:0x00000000
       25555000	      2554	80001fe4	01fba2b3	slt	x5,x23,x31	 x23:0xfffff89a x31:0x02a4db96  x5=0x00000001
       25565000	      2555	80001fe8	00000013	addi	x0,x0,0	  x0:0x00000000
       25575000	      2556	80001fec	fff98993	addi	x19,x19,-1	 x19:0xfffffff8 x19=0xfffffff7
       25585000	      2557	80001ff0	40110cb3	sub	x25,x2,x1	  x2:0x00000000  x1:0x00000001 x25=0xffffffff
       25595000	      2558	80001ff4	fe9998e3	bne	x19,x9,80001fe4	 x19:0xfffffff7  x9:0xffffffec
       25605000	      2559	00000000	00000013	addi	x0,x0,0	  x0:0x00000000
       25615000	      2560	80001fe0	00000013	addi	x0,x0,0	  x0:0x00000000
       25625000	      2561	80001fe4	01fba2b3	slt	x5,x23,x31	 x23:0xfffff89a x31:0x02a4db96  x5=0x00000001
       25635000	      2562	80001fe8	00000013	addi	x0,x0,0	  x0:0x00000000
       25645000	      2563	80001fec	fff98993	addi	x19,x19,-1	 x19:0xfffffff7 x19=0xfffffff6
       25655000	      2564	80001ff0	40110cb3	sub	x25,x2,x1	  x2:0x00000000  x1:0x00000001 x25=0xffffffff
       25665000	      2565	80001ff4	fe9998e3	bne	x19,x9,80001fe4	 x19:0xfffffff6  x9:0xffffffec
       25675000	      2566	00000000	00000013	addi	x0,x0,0	  x0:0x00000000
       25685000	      2567	80001fe0	00000013	addi	x0,x0,0	  x0:0x00000000
       25695000	      2568	80001fe4	01fba2b3	slt	x5,x23,x31	 x23:0xfffff89a x31:0x02a4db96  x5=0x00000001
       25705000	      2569	80001fe8	00000013	addi	x0,x0,0	  x0:0x00000000
       25715000	      2570	80001fec	fff98993	addi	x19,x19,-1	 x19:0xfffffff6 x19=0xfffffff5
       25725000	      2571	80001ff0	40110cb3	sub	x25,x2,x1	  x2:0x00000000  x1:0x00000001 x25=0xffffffff
       25735000	      2572	80001ff4	fe9998e3	bne	x19,x9,80001fe4	 x19:0xfffffff5  x9:0xffffffec
       25745000	      2573	00000000	00000013	addi	x0,x0,0	  x0:0x00000000
       25755000	      2574	80001fe0	00000013	addi	x0,x0,0	  x0:0x00000000
       25765000	      2575	80001fe4	01fba2b3	slt	x5,x23,x31	 x23:0xfffff89a x31:0x02a4db96  x5=0x00000001
       25775000	      2576	80001fe8	00000013	addi	x0,x0,0	  x0:0x00000000
       25785000	      2577	80001fec	fff98993	addi	x19,x19,-1	 x19:0xfffffff5 x19=0xfffffff4
       25795000	      2578	80001ff0	40110cb3	sub	x25,x2,x1	  x2:0x00000000  x1:0x00000001 x25=0xffffffff
       25805000	      2579	80001ff4	fe9998e3	bne	x19,x9,80001fe4	 x19:0xfffffff4  x9:0xffffffec
       25815000	      2580	00000000	00000013	addi	x0,x0,0	  x0:0x00000000
       25825000	      2581	80001fe0	00000013	addi	x0,x0,0	  x0:0x00000000
       25835000	      2582	80001fe4	01fba2b3	slt	x5,x23,x31	 x23:0xfffff89a x31:0x02a4db96  x5=0x00000001
       25845000	      2583	80001fe8	00000013	addi	x0,x0,0	  x0:0x00000000
       25855000	      2584	80001fec	fff98993	addi	x19,x19,-1	 x19:0xfffffff4 x19=0xfffffff3
       25865000	      2585	80001ff0	40110cb3	sub	x25,x2,x1	  x2:0x00000000  x1:0x00000001 x25=0xffffffff
       25875000	      2586	80001ff4	fe9998e3	bne	x19,x9,80001fe4	 x19:0xfffffff3  x9:0xffffffec
       25885000	      2587	00000000	00000013	addi	x0,x0,0	  x0:0x00000000
       25895000	      2588	80001fe0	00000013	addi	x0,x0,0	  x0:0x00000000
       25905000	      2589	80001fe4	01fba2b3	slt	x5,x23,x31	 x23:0xfffff89a x31:0x02a4db96  x5=0x00000001
       25915000	      2590	80001fe8	00000013	addi	x0,x0,0	  x0:0x00000000
       25925000	      2591	80001fec	fff98993	addi	x19,x19,-1	 x19:0xfffffff3 x19=0xfffffff2
       25935000	      2592	80001ff0	40110cb3	sub	x25,x2,x1	  x2:0x00000000  x1:0x00000001 x25=0xffffffff
       25945000	      2593	80001ff4	fe9998e3	bne	x19,x9,80001fe4	 x19:0xfffffff2  x9:0xffffffec
       25955000	      2594	00000000	00000013	addi	x0,x0,0	  x0:0x00000000
       25965000	      2595	80001fe0	00000013	addi	x0,x0,0	  x0:0x00000000
       25975000	      2596	80001fe4	01fba2b3	slt	x5,x23,x31	 x23:0xfffff89a x31:0x02a4db96  x5=0x00000001
       25985000	      2597	80001fe8	00000013	addi	x0,x0,0	  x0:0x00000000
       25995000	      2598	80001fec	fff98993	addi	x19,x19,-1	 x19:0xfffffff2 x19=0xfffffff1
       26005000	      2599	80001ff0	40110cb3	sub	x25,x2,x1	  x2:0x00000000  x1:0x00000001 x25=0xffffffff
       26015000	      2600	80001ff4	fe9998e3	bne	x19,x9,80001fe4	 x19:0xfffffff1  x9:0xffffffec
       26025000	      2601	00000000	00000013	addi	x0,x0,0	  x0:0x00000000
       26035000	      2602	80001fe0	00000013	addi	x0,x0,0	  x0:0x00000000
       26045000	      2603	80001fe4	01fba2b3	slt	x5,x23,x31	 x23:0xfffff89a x31:0x02a4db96  x5=0x00000001
       26055000	      2604	80001fe8	00000013	addi	x0,x0,0	  x0:0x00000000
       26065000	      2605	80001fec	fff98993	addi	x19,x19,-1	 x19:0xfffffff1 x19=0xfffffff0
       26075000	      2606	80001ff0	40110cb3	sub	x25,x2,x1	  x2:0x00000000  x1:0x00000001 x25=0xffffffff
       26085000	      2607	80001ff4	fe9998e3	bne	x19,x9,80001fe4	 x19:0xfffffff0  x9:0xffffffec
       26095000	      2608	00000000	00000013	addi	x0,x0,0	  x0:0x00000000
       26105000	      2609	80001fe0	00000013	addi	x0,x0,0	  x0:0x00000000
       26115000	      2610	80001fe4	01fba2b3	slt	x5,x23,x31	 x23:0xfffff89a x31:0x02a4db96  x5=0x00000001
       26125000	      2611	80001fe8	00000013	addi	x0,x0,0	  x0:0x00000000
       26135000	      2612	80001fec	fff98993	addi	x19,x19,-1	 x19:0xfffffff0 x19=0xffffffef
       26145000	      2613	80001ff0	40110cb3	sub	x25,x2,x1	  x2:0x00000000  x1:0x00000001 x25=0xffffffff
       26155000	      2614	80001ff4	fe9998e3	bne	x19,x9,80001fe4	 x19:0xffffffef  x9:0xffffffec
       26165000	      2615	00000000	00000013	addi	x0,x0,0	  x0:0x00000000
       26175000	      2616	80001fe0	00000013	addi	x0,x0,0	  x0:0x00000000
       26185000	      2617	80001fe4	01fba2b3	slt	x5,x23,x31	 x23:0xfffff89a x31:0x02a4db96  x5=0x00000001
       26195000	      2618	80001fe8	00000013	addi	x0,x0,0	  x0:0x00000000
       26205000	      2619	80001fec	fff98993	addi	x19,x19,-1	 x19:0xffffffef x19=0xffffffee
       26215000	      2620	80001ff0	40110cb3	sub	x25,x2,x1	  x2:0x00000000  x1:0x00000001 x25=0xffffffff
       26225000	      2621	80001ff4	fe9998e3	bne	x19,x9,80001fe4	 x19:0xffffffee  x9:0xffffffec
       26235000	      2622	00000000	00000013	addi	x0,x0,0	  x0:0x00000000
       26245000	      2623	80001fe0	00000013	addi	x0,x0,0	  x0:0x00000000
       26255000	      2624	80001fe4	01fba2b3	slt	x5,x23,x31	 x23:0xfffff89a x31:0x02a4db96  x5=0x00000001
       26265000	      2625	80001fe8	00000013	addi	x0,x0,0	  x0:0x00000000
       26275000	      2626	80001fec	fff98993	addi	x19,x19,-1	 x19:0xffffffee x19=0xffffffed
       26285000	      2627	80001ff0	40110cb3	sub	x25,x2,x1	  x2:0x00000000  x1:0x00000001 x25=0xffffffff
       26295000	      2628	80001ff4	fe9998e3	bne	x19,x9,80001fe4	 x19:0xffffffed  x9:0xffffffec
       26305000	      2629	00000000	00000013	addi	x0,x0,0	  x0:0x00000000
       26315000	      2630	80001fe0	00000013	addi	x0,x0,0	  x0:0x00000000
       26325000	      2631	80001fe4	01fba2b3	slt	x5,x23,x31	 x23:0xfffff89a x31:0x02a4db96  x5=0x00000001
       26335000	      2632	80001fe8	00000013	addi	x0,x0,0	  x0:0x00000000
       26345000	      2633	80001fec	fff98993	addi	x19,x19,-1	 x19:0xffffffed x19=0xffffffec
       26355000	      2634	80001ff0	40110cb3	sub	x25,x2,x1	  x2:0x00000000  x1:0x00000001 x25=0xffffffff
       26365000	      2635	80001ff4	fe9998e3	bne	x19,x9,80001fe4	 x19:0xffffffec  x9:0xffffffec
       26375000	      2636	80001ff8	77d8a937	lui	x18,0x77d8a	 x18=0x77d8a000
       26385000	      2637	80001ffc	00700793	addi	x15,x0,7	  x0:0x00000000 x15=0x00000007
       26395000	      2638	80002000	daa02913	slti	x18,x0,-598	  x0:0x00000000 x18=0x00000000
       26405000	      2639	80002004	4090d913	srai	x18,x1,0x9	  x1:0x00000001 x18=0x00000000
       26415000	      2640	80002008	41568e33	sub	x28,x13,x21	 x13:0x0e677f0b x21:0x00000000 x28=0x0e677f0b
       26425000	      2641	8000200c	00800613	addi	x12,x0,8	  x0:0x00000000 x12=0x00000008
       26435000	      2642	80002010	ab154993	xori	x19,x10,-1359	 x10:0x80009ee4 x19=0x7fff6455
       26445000	      2643	80002014	00478793	addi	x15,x15,4	 x15:0x00000007 x15=0x0000000b
       26455000	      2644	80002018	011ccd33	xor	x26,x25,x17	 x25:0xffffffff x17:0xffffffec x26=0x00000013
       26465000	      2645	8000201c	82a82997	auipc	x19,0x82a82	 x19=0x02a84018
       26475000	      2646	80002020	001f5433	srl	x8,x30,x1	 x30:0x00000010  x1:0x00000001  x8=0x00000008
       26485000	      2647	80002024	00700813	addi	x16,x0,7	  x0:0x00000000 x16=0x00000007
       26495000	      2648	80002028	29e2eb93	ori	x23,x5,670	  x5:0x00000001 x23=0x0000029f
       26505000	      2649	8000202c	d9383493	sltiu	x9,x16,-621	 x16:0x00000007  x9=0x00000001
       26515000	      2650	80002030	01100d93	addi	x27,x0,17	  x0:0x00000000 x27=0x00000011
       26525000	      2651	80002034	01994bb3	xor	x23,x18,x25	 x18:0x00000000 x25:0xffffffff x23=0xffffffff
       26535000	      2652	80002038	7281f213	andi	x4,x3,1832	  x3:0x00000001  x4=0x00000000
       26545000	      2653	8000203c	f08fe393	ori	x7,x31,-248	 x31:0x02a4db96  x7=0xffffff9e
       26555000	      2654	80002040	41a7d433	sra	x8,x15,x26	 x15:0x0000000b x26:0x00000013  x8=0x00000000
       26565000	      2655	80002044	01a2ebb3	or	x23,x5,x26	  x5:0x00000001 x26:0x00000013 x23=0x00000013
       26575000	      2656	80002048	01b188b3	add	x17,x3,x27	  x3:0x00000001 x27:0x00000011 x17=0x00000012
       26585000	      2657	8000204c	00a80813	addi	x16,x16,10	 x16:0x00000007 x16=0x00000011
       26595000	      2658	80002050	52d5e293	ori	x5,x11,1325	 x11:0xe8640f60  x5=0xe8640f6d
       26605000	      2659	80002054	109ee293	ori	x5,x29,265	 x29:0x00000000  x5=0x00000109
       26615000	      2660	80002058	ffb802e3	beq	x16,x27,8000203c	 x16:0x00000011 x27:0x00000011
       26625000	      2661	00000000	00000013	addi	x0,x0,0	  x0:0x00000000
       26635000	      2662	80002038	00000013	addi	x0,x0,0	  x0:0x00000000
       26645000	      2663	8000203c	f08fe393	ori	x7,x31,-248	 x31:0x02a4db96  x7=0xffffff9e
       26655000	      2664	80002040	41a7d433	sra	x8,x15,x26	 x15:0x0000000b x26:0x00000013  x8=0x00000000
       26665000	      2665	80002044	01a2ebb3	or	x23,x5,x26	  x5:0x00000109 x26:0x00000013 x23=0x0000011b
       26675000	      2666	80002048	01b188b3	add	x17,x3,x27	  x3:0x00000001 x27:0x00000011 x17=0x00000012
       26685000	      2667	8000204c	00a80813	addi	x16,x16,10	 x16:0x00000011 x16=0x0000001b
       26695000	      2668	80002050	52d5e293	ori	x5,x11,1325	 x11:0xe8640f60  x5=0xe8640f6d
       26705000	      2669	80002054	109ee293	ori	x5,x29,265	 x29:0x00000000  x5=0x00000109
       26715000	      2670	80002058	ffb802e3	beq	x16,x27,8000203c	 x16:0x0000001b x27:0x00000011
       26725000	      2671	8000205c	00d31433	sll	x8,x6,x13	  x6:0x00000000 x13:0x0e677f0b  x8=0x00000000
       26735000	      2672	80002060	fac7e8e3	bltu	x15,x12,80002010	 x15:0x0000000b x12:0x00000008
       26745000	      2673	80002064	00000013	addi	x0,x0,0	  x0:0x00000000
       26755000	      2674	80002068	01f04e33	xor	x28,x0,x31	  x0:0x00000000 x31:0x02a4db96 x28=0x02a4db96
       26765000	      2675	8000206c	01f07863	bgeu	x0,x31,8000207c	  x0:0x00000000 x31:0x02a4db96
       26775000	      2676	80002070	06ab4c63	blt	x22,x10,800020e8	 x22:0xfffffd87 x10:0x80009ee4
       26785000	      2677	80002074	00a7ea33	or	x20,x15,x10	 x15:0x0000000b x10:0x80009ee4 x20=0x80009eef
       26795000	      2678	80002078	c1083697	auipc	x13,0xc1083	 x13=0x41085074
       26805000	      2679	8000207c	413280b3	sub	x1,x5,x19	  x5:0x00000109 x19:0x02a84018  x1=0xfd57c0f1
       26815000	      2680	80002080	008719b3	sll	x19,x14,x8	 x14:0x80009fc4  x8:0x00000000 x19=0x80009fc4
       26825000	      2681	80002084	014cd233	srl	x4,x25,x20	 x25:0xffffffff x20:0x80009eef  x4=0x0001ffff
       26835000	      2682	80002088	0183c5b3	xor	x11,x7,x24	  x7:0xffffff9e x24:0xfffff8ae x11=0x00000730
       26845000	      2683	8000208c	ff700913	addi	x18,x0,-9	  x0:0x00000000 x18=0xfffffff7
       26855000	      2684	80002090	01166db3	or	x27,x12,x17	 x12:0x00000008 x17:0x00000012 x27=0x0000001a
       26865000	      2685	80002094	00eb3433	sltu	x8,x22,x14	 x22:0xfffffd87 x14:0x80009fc4  x8=0x00000000
       26875000	      2686	80002098	0e787897	auipc	x17,0xe787	 x17=0x8e789094
       26885000	      2687	8000209c	ce14e813	ori	x16,x9,-799	  x9:0x00000001 x16=0xfffffce1
       26895000	      2688	800020a0	0176de13	srli	x28,x13,0x17	 x13:0x41085074 x28=0x00000082
       26905000	      2689	800020a4	00500c93	addi	x25,x0,5	  x0:0x00000000 x25=0x00000005
       26915000	      2690	800020a8	415856b3	sra	x13,x16,x21	 x16:0xfffffce1 x21:0x00000000 x13=0xfffffce1
       26925000	      2691	800020ac	00000013	addi	x0,x0,0	  x0:0x00000000
       26935000	      2692	800020b0	01958c33	add	x24,x11,x25	 x11:0x00000730 x25:0x00000005 x24=0x00000735
       26945000	      2693	800020b4	76499a97	auipc	x21,0x76499	 x21=0xf649b0b0
       26955000	      2694	800020b8	418f5eb3	sra	x29,x30,x24	 x30:0x00000010 x24:0x00000735 x29=0x00000000
       26965000	      2695	800020bc	013e14b3	sll	x9,x28,x19	 x28:0x00000082 x19:0x80009fc4  x9=0x00000820
       26975000	      2696	800020c0	0099c9b3	xor	x19,x19,x9	 x19:0x80009fc4  x9:0x00000820 x19=0x800097e4
       26985000	      2697	800020c4	00df31b3	sltu	x3,x30,x13	 x30:0x00000010 x13:0xfffffce1  x3=0x00000001
       26995000	      2698	800020c8	98dfc197	auipc	x3,0x98dfc	  x3=0x18dfe0c4
       27005000	      2699	800020cc	00a90913	addi	x18,x18,10	 x18:0xfffffff7 x18=0x00000001
       27015000	      2700	800020d0	514a0b13	addi	x22,x20,1300	 x20:0x80009eef x22=0x8000a403
       27025000	      2701	800020d4	ff9968e3	bltu	x18,x25,800020c4	 x18:0x00000001 x25:0x00000005
       27035000	      2702	00000000	00000013	addi	x0,x0,0	  x0:0x00000000
       27045000	      2703	800020c0	00000013	addi	x0,x0,0	  x0:0x00000000
       27055000	      2704	800020c4	00df31b3	sltu	x3,x30,x13	 x30:0x00000010 x13:0xfffffce1  x3=0x00000001
       27065000	      2705	800020c8	98dfc197	auipc	x3,0x98dfc	  x3=0x18dfe0c4
       27075000	      2706	800020cc	00a90913	addi	x18,x18,10	 x18:0x00000001 x18=0x0000000b
       27085000	      2707	800020d0	514a0b13	addi	x22,x20,1300	 x20:0x80009eef x22=0x8000a403
       27095000	      2708	800020d4	ff9968e3	bltu	x18,x25,800020c4	 x18:0x0000000b x25:0x00000005
       27105000	      2709	800020d8	002f32b3	sltu	x5,x30,x2	 x30:0x00000010  x2:0x00000000  x5=0x00000000
       27115000	      2710	800020dc	019b6263	bltu	x22,x25,800020e0	 x22:0x8000a403 x25:0x00000005
       27125000	      2711	800020e0	9d99a4b7	lui	x9,0x9d99a	  x9=0x9d99a000
       27135000	      2712	800020e4	0575d663	bge	x11,x23,80002130	 x11:0x00000730 x23:0x0000011b
       27145000	      2713	00000000	00000013	addi	x0,x0,0	  x0:0x00000000
       27155000	      2714	8000212c	00000013	addi	x0,x0,0	  x0:0x00000000
       27165000	      2715	80002130	00109c63	bne	x1,x1,80002148	  x1:0xfd57c0f1  x1:0xfd57c0f1
       27175000	      2716	80002134	0364d663	bge	x9,x22,80002160	  x9:0x9d99a000 x22:0x8000a403
       27185000	      2717	00000000	00000013	addi	x0,x0,0	  x0:0x00000000
       27195000	      2718	8000215c	00000013	addi	x0,x0,0	  x0:0x00000000
       27205000	      2719	80002160	00000013	addi	x0,x0,0	  x0:0x00000000
       27215000	      2720	80002164	22b37c17	auipc	x24,0x22b37	 x24=0xa2b39160
       27225000	      2721	80002168	53406e13	ori	x28,x0,1332	  x0:0x00000000 x28=0x00000534
       27235000	      2722	8000216c	00fadf33	srl	x30,x21,x15	 x21:0xf649b0b0 x15:0x0000000b x30=0x001ec936
       27245000	      2723	80002170	01ddf1b3	and	x3,x27,x29	 x27:0x0000001a x29:0x00000000  x3=0x00000000
       27255000	      2724	80002174	008c4833	xor	x16,x24,x8	 x24:0xa2b39160  x8:0x00000000 x16=0xa2b39160
       27265000	      2725	80002178	015345b3	xor	x11,x6,x21	  x6:0x00000000 x21:0xf649b0b0 x11=0xf649b0b0
       27275000	      2726	8000217c	01238c63	beq	x7,x18,80002194	  x7:0xffffff9e x18:0x0000000b
       27285000	      2727	80002180	00b00db3	add	x27,x0,x11	  x0:0x00000000 x11:0xf649b0b0 x27=0xf649b0b0
       27295000	      2728	80002184	31e1ec13	ori	x24,x3,798	  x3:0x00000000 x24=0x0000031e
       27305000	      2729	80002188	00f92133	slt	x2,x18,x15	 x18:0x0000000b x15:0x0000000b  x2=0x00000000
       27315000	      2730	8000218c	bed04793	xori	x15,x0,-1043	  x0:0x00000000 x15=0xfffffbed
       27325000	      2731	80002190	01ae6233	or	x4,x28,x26	 x28:0x00000534 x26:0x00000013  x4=0x00000537
       27335000	      2732	80002194	00346f33	or	x30,x8,x3	  x8:0x00000000  x3:0x00000000 x30=0x00000000
       27345000	      2733	80002198	90d3e993	ori	x19,x7,-1779	  x7:0xffffff9e x19=0xffffff9f
       27355000	      2734	8000219c	035e5a63	bge	x28,x21,800021d0	 x28:0x00000534 x21:0xf649b0b0
       27365000	      2735	00000000	00000013	addi	x0,x0,0	  x0:0x00000000
       27375000	      2736	800021cc	00000013	addi	x0,x0,0	  x0:0x00000000
       27385000	      2737	800021d0	b20ac0b7	lui	x1,0xb20ac	  x1=0xb20ac000
       27395000	      2738	800021d4	b9540293	addi	x5,x8,-1131	  x8:0x00000000  x5=0xfffffb95
       27405000	      2739	800021d8	e75ab313	sltiu	x6,x21,-395	 x21:0xf649b0b0  x6=0x00000001
       27415000	      2740	800021dc	013a9593	slli	x11,x21,0x13	 x21:0xf649b0b0 x11=0x85800000
       27425000	      2741	800021e0	017e1c63	bne	x28,x23,800021f8	 x28:0x00000534 x23:0x0000011b
       27435000	      2742	00000000	00000013	addi	x0,x0,0	  x0:0x00000000
       27445000	      2743	800021f4	00000013	addi	x0,x0,0	  x0:0x00000000
       27455000	      2744	800021f8	41825413	srai	x8,x4,0x18	  x4:0x00000537  x8=0x00000000
       27465000	      2745	800021fc	41988bb3	sub	x23,x17,x25	 x17:0x8e789094 x25:0x00000005 x23=0x8e78908f
       27475000	      2746	80002200	00b358b3	srl	x17,x6,x11	  x6:0x00000001 x11:0x85800000 x17=0x00000001
       27485000	      2747	80002204	b7b83013	sltiu	x0,x16,-1157	 x16:0xa2b39160
       27495000	      2748	80002208	019ed633	srl	x12,x29,x25	 x29:0x00000000 x25:0x00000005 x12=0x00000000
       27505000	      2749	8000220c	00a69433	sll	x8,x13,x10	 x13:0xfffffce1 x10:0x80009ee4  x8=0xffffce10
       27515000	      2750	80002210	00000013	addi	x0,x0,0	  x0:0x00000000
       27525000	      2751	80002214	98ba2d13	slti	x26,x20,-1653	 x20:0x80009eef x26=0x00000001
       27535000	      2752	80002218	01859a63	bne	x11,x24,8000222c	 x11:0x85800000 x24:0x0000031e
       27545000	      2753	00000000	00000013	addi	x0,x0,0	  x0:0x00000000
       27555000	      2754	80002228	00000013	addi	x0,x0,0	  x0:0x00000000
       27565000	      2755	8000222c	1c25c413	xori	x8,x11,450	 x11:0x85800000  x8=0x858001c2
       27575000	      2756	80002230	01e9dc63	bge	x19,x30,80002248	 x19:0xffffff9f x30:0x00000000
       27585000	      2757	80002234	5a73aa93	slti	x21,x7,1447	  x7:0xffffff9e x21=0x00000001
       27595000	      2758	80002238	3e756313	ori	x6,x10,999	 x10:0x80009ee4  x6=0x80009fe7
       27605000	      2759	8000223c	b6a67c93	andi	x25,x12,-1174	 x12:0x00000000 x25=0x00000000
       27615000	      2760	80002240	00c83e33	sltu	x28,x16,x12	 x16:0xa2b39160 x12:0x00000000 x28=0x00000000
       27625000	      2761	80002244	abb3ec93	ori	x25,x7,-1349	  x7:0xffffff9e x25=0xffffffbf
       27635000	      2762	80002248	01ad47b3	xor	x15,x26,x26	 x26:0x00000001 x26:0x00000001 x15=0x00000000
       27645000	      2763	8000224c	00000013	addi	x0,x0,0	  x0:0x00000000
       27655000	      2764	80002250	0195e863	bltu	x11,x25,80002260	 x11:0x85800000 x25:0xffffffbf
       27665000	      2765	00000000	00000013	addi	x0,x0,0	  x0:0x00000000
       27675000	      2766	8000225c	00000013	addi	x0,x0,0	  x0:0x00000000
       27685000	      2767	80002260	55d91c37	lui	x24,0x55d91	 x24=0x55d91000
       27695000	      2768	80002264	03ba7c63	bgeu	x20,x27,8000229c	 x20:0x80009eef x27:0xf649b0b0
       27705000	      2769	80002268	01d1e0b3	or	x1,x3,x29	  x3:0x00000000 x29:0x00000000  x1=0x00000000
       27715000	      2770	8000226c	00bdc863	blt	x27,x11,8000227c	 x27:0xf649b0b0 x11:0x85800000
       27725000	      2771	80002270	0ff2a437	lui	x8,0xff2a	  x8=0x0ff2a000
       27735000	      2772	80002274	a8def4b7	lui	x9,0xa8def	  x9=0xa8def000
       27745000	      2773	80002278	03d79a63	bne	x15,x29,800022ac	 x15:0x00000000 x29:0x00000000
       27755000	      2774	8000227c	61f8f493	andi	x9,x17,1567	 x17:0x00000001  x9=0x00000001
       27765000	      2775	80002280	41b989b3	sub	x19,x19,x27	 x19:0xffffff9f x27:0xf649b0b0 x19=0x09b64eef
       27775000	      2776	80002284	0186b133	sltu	x2,x13,x24	 x13:0xfffffce1 x24:0x55d91000  x2=0x00000000
       27785000	      2777	80002288	01c4ce33	xor	x28,x9,x28	  x9:0x00000001 x28:0x00000000 x28=0x00000001
       27795000	      2778	8000228c	b815a593	slti	x11,x11,-1151	 x11:0x85800000 x11=0x00000001
       27805000	      2779	80002290	0182ad33	slt	x26,x5,x24	  x5:0xfffffb95 x24:0x55d91000 x26=0x00000001
       27815000	      2780	80002294	6171b913	sltiu	x18,x3,1559	  x3:0x00000000 x18=0x00000001
       27825000	      2781	80002298	004d14b3	sll	x9,x26,x4	 x26:0x00000001  x4:0x00000537  x9=0x00800000
       27835000	      2782	8000229c	0116f263	bgeu	x13,x17,800022a0	 x13:0xfffffce1 x17:0x00000001
       27845000	      2783	00000000	00000013	addi	x0,x0,0	  x0:0x00000000
       27855000	      2784	8000229c	00000013	addi	x0,x0,0	  x0:0x00000000
       27865000	      2785	800022a0	ebeb4893	xori	x17,x22,-322	 x22:0x8000a403 x17=0x7fff5abd
       27875000	      2786	800022a4	0141fd33	and	x26,x3,x20	  x3:0x00000000 x20:0x80009eef x26=0x00000000
       27885000	      2787	800022a8	8f56cb37	lui	x22,0x8f56c	 x22=0x8f56c000
       27895000	      2788	800022ac	e0c88793	addi	x15,x17,-500	 x17:0x7fff5abd x15=0x7fff58c9
       27905000	      2789	800022b0	e5984ab7	lui	x21,0xe5984	 x21=0xe5984000
       27915000	      2790	800022b4	01039db3	sll	x27,x7,x16	  x7:0xffffff9e x16:0xa2b39160 x27=0xffffff9e
       27925000	      2791	800022b8	0020bab3	sltu	x21,x1,x2	  x1:0x00000000  x2:0x00000000 x21=0x00000000
       27935000	      2792	800022bc	01485193	srli	x3,x16,0x14	 x16:0xa2b39160  x3=0x00000a2b
       27945000	      2793	800022c0	9c6f3a13	sltiu	x20,x30,-1594	 x30:0x00000000 x20=0x00000001
       27955000	      2794	800022c4	b70e4493	xori	x9,x28,-1168	 x28:0x00000001  x9=0xfffffb71
       27965000	      2795	800022c8	fee9cf37	lui	x30,0xfee9c	 x30=0xfee9c000
       27975000	      2796	800022cc	01b0c2b3	xor	x5,x1,x27	  x1:0x00000000 x27:0xffffff9e  x5=0xffffff9e
       27985000	      2797	800022d0	0015fb33	and	x22,x11,x1	 x11:0x00000001  x1:0x00000000 x22=0x00000000
       27995000	      2798	800022d4	5a750937	lui	x18,0x5a750	 x18=0x5a750000
       28005000	      2799	800022d8	020ae263	bltu	x21,x0,800022fc	 x21:0x00000000  x0:0x00000000
       28015000	      2800	800022dc	00000013	addi	x0,x0,0	  x0:0x00000000
       28025000	      2801	800022e0	acff8613	addi	x12,x31,-1329	 x31:0x02a4db96 x12=0x02a4d665
       28035000	      2802	800022e4	014aea63	bltu	x21,x20,800022f8	 x21:0x00000000 x20:0x00000001
       28045000	      2803	00000000	00000013	addi	x0,x0,0	  x0:0x00000000
       28055000	      2804	800022f4	00000013	addi	x0,x0,0	  x0:0x00000000
       28065000	      2805	800022f8	d9167013	andi	x0,x12,-623	 x12:0x02a4d665
       28075000	      2806	800022fc	00585b93	srli	x23,x16,0x5	 x16:0xa2b39160 x23=0x05159c8b
       28085000	      2807	80002300	01203bb3	sltu	x23,x0,x18	  x0:0x00000000 x18:0x5a750000 x23=0x00000001
       28095000	      2808	80002304	017a55b3	srl	x11,x20,x23	 x20:0x00000001 x23:0x00000001 x11=0x00000000
       28105000	      2809	80002308	7bba3f13	sltiu	x30,x20,1979	 x20:0x00000001 x30=0x00000001
       28115000	      2810	8000230c	01181813	slli	x16,x16,0x11	 x16:0xa2b39160 x16=0x22c00000
       28125000	      2811	80002310	6619c013	xori	x0,x19,1633	 x19:0x09b64eef
       28135000	      2812	80002314	01d54a63	blt	x10,x29,80002328	 x10:0x80009ee4 x29:0x00000000
       28145000	      2813	00000000	00000013	addi	x0,x0,0	  x0:0x00000000
       28155000	      2814	80002324	00000013	addi	x0,x0,0	  x0:0x00000000
       28165000	      2815	80002328	401b86b3	sub	x13,x23,x1	 x23:0x00000001  x1:0x00000000 x13=0x00000001
       28175000	      2816	8000232c	1b153793	sltiu	x15,x10,433	 x10:0x80009ee4 x15=0x00000000
       28185000	      2817	80002330	00000013	addi	x0,x0,0	  x0:0x00000000
       28195000	      2818	80002334	002fdeb3	srl	x29,x31,x2	 x31:0x02a4db96  x2:0x00000000 x29=0x02a4db96
       28205000	      2819	80002338	60c14cb7	lui	x25,0x60c14	 x25=0x60c14000
       28215000	      2820	8000233c	01c7e0b3	or	x1,x15,x28	 x15:0x00000000 x28:0x00000001  x1=0x00000001
       28225000	      2821	80002340	0283d663	bge	x7,x8,8000236c	  x7:0xffffff9e  x8:0x0ff2a000
       28235000	      2822	80002344	00b7d393	srli	x7,x15,0xb	 x15:0x00000000  x7=0x00000000
       28245000	      2823	80002348	016299b3	sll	x19,x5,x22	  x5:0xffffff9e x22:0x00000000 x19=0xffffff9e
       28255000	      2824	8000234c	015da233	slt	x4,x27,x21	 x27:0xffffff9e x21:0x00000000  x4=0x00000001
       28265000	      2825	80002350	01005893	srli	x17,x0,0x10	  x0:0x00000000 x17=0x00000000
       28275000	      2826	80002354	40b15993	srai	x19,x2,0xb	  x2:0x00000000 x19=0x00000000
       28285000	      2827	80002358	013bc263	blt	x23,x19,8000235c	 x23:0x00000001 x19:0x00000000
       28295000	      2828	8000235c	0000da63	bge	x1,x0,80002370	  x1:0x00000001  x0:0x00000000
       28305000	      2829	00000000	00000013	addi	x0,x0,0	  x0:0x00000000
       28315000	      2830	8000236c	00000013	addi	x0,x0,0	  x0:0x00000000
       28325000	      2831	80002370	01cd0eb3	add	x29,x26,x28	 x26:0x00000000 x28:0x00000001 x29=0x00000001
       28335000	      2832	80002374	41335f33	sra	x30,x6,x19	  x6:0x80009fe7 x19:0x00000000 x30=0x80009fe7
       28345000	      2833	80002378	05755c63	bge	x10,x23,800023d0	 x10:0x80009ee4 x23:0x00000001
       28355000	      2834	8000237c	05ca5a63	bge	x20,x28,800023d0	 x20:0x00000001 x28:0x00000001
       28365000	      2835	00000000	00000013	addi	x0,x0,0	  x0:0x00000000
       28375000	      2836	800023cc	00000013	addi	x0,x0,0	  x0:0x00000000
       28385000	      2837	800023d0	004d3033	sltu	x0,x26,x4	 x26:0x00000000  x4:0x00000001
       28395000	      2838	800023d4	009a2b33	slt	x22,x20,x9	 x20:0x00000001  x9:0xfffffb71 x22=0x00000000
       28405000	      2839	800023d8	019d72b3	and	x5,x26,x25	 x26:0x00000000 x25:0x60c14000  x5=0x00000000
       28415000	      2840	800023dc	01a2d093	srli	x1,x5,0x1a	  x5:0x00000000  x1=0x00000000
       28425000	      2841	800023e0	0475e863	bltu	x11,x7,80002430	 x11:0x00000000  x7:0x00000000
       28435000	      2842	800023e4	010fcc33	xor	x24,x31,x16	 x31:0x02a4db96 x16:0x22c00000 x24=0x2064db96
       28445000	      2843	800023e8	003ad613	srli	x12,x21,0x3	 x21:0x00000000 x12=0x00000000
       28455000	      2844	800023ec	00000013	addi	x0,x0,0	  x0:0x00000000
       28465000	      2845	800023f0	00000013	addi	x0,x0,0	  x0:0x00000000
       28475000	      2846	800023f4	01786933	or	x18,x16,x23	 x16:0x22c00000 x23:0x00000001 x18=0x22c00001
       28485000	      2847	800023f8	03589663	bne	x17,x21,80002424	 x17:0x00000000 x21:0x00000000
       28495000	      2848	800023fc	0043dd33	srl	x26,x7,x4	  x7:0x00000000  x4:0x00000001 x26=0x00000000
       28505000	      2849	80002400	01e0beb3	sltu	x29,x1,x30	  x1:0x00000000 x30:0x80009fe7 x29=0x00000001
       28515000	      2850	80002404	6603e593	ori	x11,x7,1632	  x7:0x00000000 x11=0x00000660
       28525000	      2851	80002408	00a179b3	and	x19,x2,x10	  x2:0x00000000 x10:0x80009ee4 x19=0x00000000
       28535000	      2852	8000240c	01c86e33	or	x28,x16,x28	 x16:0x22c00000 x28:0x00000001 x28=0x22c00001
       28545000	      2853	80002410	01585d93	srli	x27,x16,0x15	 x16:0x22c00000 x27=0x00000116
       28555000	      2854	80002414	41bd0ab3	sub	x21,x26,x27	 x26:0x00000000 x27:0x00000116 x21=0xfffffeea
       28565000	      2855	80002418	019b0633	add	x12,x22,x25	 x22:0x00000000 x25:0x60c14000 x12=0x60c14000
       28575000	      2856	8000241c	01dd3233	sltu	x4,x26,x29	 x26:0x00000000 x29:0x00000001  x4=0x00000001
       28585000	      2857	80002420	05ef1263	bne	x30,x30,80002464	 x30:0x80009fe7 x30:0x80009fe7
       28595000	      2858	80002424	00b01f13	slli	x30,x0,0xb	  x0:0x00000000 x30=0x00000000
       28605000	      2859	80002428	142ce113	ori	x2,x25,322	 x25:0x60c14000  x2=0x60c14142
       28615000	      2860	8000242c	65592b13	slti	x22,x18,1621	 x18:0x22c00001 x22=0x00000000
       28625000	      2861	80002430	00e26933	or	x18,x4,x14	  x4:0x00000001 x14:0x80009fc4 x18=0x80009fc5
       28635000	      2862	80002434	01928f33	add	x30,x5,x25	  x5:0x00000000 x25:0x60c14000 x30=0x60c14000
       28645000	      2863	80002438	017b9033	sll	x0,x23,x23	 x23:0x00000001 x23:0x00000001
       28655000	      2864	8000243c	01a01d13	slli	x26,x0,0x1a	  x0:0x00000000 x26=0x00000000
       28665000	      2865	80002440	007c0433	add	x8,x24,x7	 x24:0x2064db96  x7:0x00000000  x8=0x2064db96
       28675000	      2866	80002444	0088c263	blt	x17,x8,80002448	 x17:0x00000000  x8:0x2064db96
       28685000	      2867	00000000	00000013	addi	x0,x0,0	  x0:0x00000000
       28695000	      2868	80002444	00000013	addi	x0,x0,0	  x0:0x00000000
       28705000	      2869	80002448	ab316ab7	lui	x21,0xab316	 x21=0xab316000
       28715000	      2870	8000244c	302afb93	andi	x23,x21,770	 x21:0xab316000 x23=0x00000000
       28725000	      2871	80002450	04281663	bne	x16,x2,8000249c	 x16:0x22c00000  x2:0x60c14142
       28735000	      2872	00000000	00000013	addi	x0,x0,0	  x0:0x00000000
       28745000	      2873	80002498	00000013	addi	x0,x0,0	  x0:0x00000000
       28755000	      2874	8000249c	0325fa63	bgeu	x11,x18,800024d0	 x11:0x00000660 x18:0x80009fc5
       28765000	      2875	800024a0	81747b13	andi	x22,x8,-2025	  x8:0x2064db96 x22=0x2064d816
       28775000	      2876	800024a4	4151d413	srai	x8,x3,0x15	  x3:0x00000a2b  x8=0x00000000
       28785000	      2877	800024a8	00d2c133	xor	x2,x5,x13	  x5:0x00000000 x13:0x00000001  x2=0x00000001
       28795000	      2878	800024ac	362db013	sltiu	x0,x27,866	 x27:0x00000116
       28805000	      2879	800024b0	0157e333	or	x6,x15,x21	 x15:0x00000000 x21:0xab316000  x6=0xab316000
       28815000	      2880	800024b4	dd1e0113	addi	x2,x28,-559	 x28:0x22c00001  x2=0x22bffdd2
       28825000	      2881	800024b8	a7b56e13	ori	x28,x10,-1413	 x10:0x80009ee4 x28=0xfffffeff
       28835000	      2882	800024bc	00bd1bb3	sll	x23,x26,x11	 x26:0x00000000 x11:0x00000660 x23=0x00000000
       28845000	      2883	800024c0	40e1d4b3	sra	x9,x3,x14	  x3:0x00000a2b x14:0x80009fc4  x9=0x000000a2
       28855000	      2884	800024c4	0077e033	or	x0,x15,x7	 x15:0x00000000  x7:0x00000000
       28865000	      2885	800024c8	41915f13	srai	x30,x2,0x19	  x2:0x22bffdd2 x30=0x00000011
       28875000	      2886	800024cc	ac78b093	sltiu	x1,x17,-1337	 x17:0x00000000  x1=0x00000001
       28885000	      2887	800024d0	e7d3e093	ori	x1,x7,-387	  x7:0x00000000  x1=0xfffffe7d
       28895000	      2888	800024d4	7458f117	auipc	x2,0x7458f	  x2=0xf45914d0
       28905000	      2889	800024d8	01a41033	sll	x0,x8,x26	  x8:0x00000000 x26:0x00000000
       28915000	      2890	800024dc	caf19297	auipc	x5,0xcaf19	  x5=0x4af1b4d8
       28925000	      2891	800024e0	00fe3cb3	sltu	x25,x28,x15	 x28:0xfffffeff x15:0x00000000 x25=0x00000000
       28935000	      2892	800024e4	0197f633	and	x12,x15,x25	 x15:0x00000000 x25:0x00000000 x12=0x00000000
       28945000	      2893	800024e8	01ebd613	srli	x12,x23,0x1e	 x23:0x00000000 x12=0x00000000
       28955000	      2894	800024ec	01326233	or	x4,x4,x19	  x4:0x00000001 x19:0x00000000  x4=0x00000001
       28965000	      2895	800024f0	d5518893	addi	x17,x3,-683	  x3:0x00000a2b x17=0x00000780
       28975000	      2896	800024f4	05d84663	blt	x16,x29,80002540	 x16:0x22c00000 x29:0x00000001
       28985000	      2897	800024f8	01982eb3	slt	x29,x16,x25	 x16:0x22c00000 x25:0x00000000 x29=0x00000000
       28995000	      2898	800024fc	00000013	addi	x0,x0,0	  x0:0x00000000
       29005000	      2899	80002500	f77c5f17	auipc	x30,0xf77c5	 x30=0x777c74fc
       29015000	      2900	80002504	00000013	addi	x0,x0,0	  x0:0x00000000
       29025000	      2901	80002508	04f5fe63	bgeu	x11,x15,80002564	 x11:0x00000660 x15:0x00000000
       29035000	      2902	00000000	00000013	addi	x0,x0,0	  x0:0x00000000
       29045000	      2903	80002560	00000013	addi	x0,x0,0	  x0:0x00000000
       29055000	      2904	80002564	d1b88497	auipc	x9,0xd1b88	  x9=0x51b8a560
       29065000	      2905	80002568	016e6a63	bltu	x28,x22,8000257c	 x28:0xfffffeff x22:0x2064d816
       29075000	      2906	8000256c	a8ec3437	lui	x8,0xa8ec3	  x8=0xa8ec3000
       29085000	      2907	80002570	719b4397	auipc	x7,0x719b4	  x7=0xf19b656c
       29095000	      2908	80002574	40f456b3	sra	x13,x8,x15	  x8:0xa8ec3000 x15:0x00000000 x13=0xa8ec3000
       29105000	      2909	80002578	02beda63	bge	x29,x11,800025ac	 x29:0x00000000 x11:0x00000660
       29115000	      2910	8000257c	6f86c9b7	lui	x19,0x6f86c	 x19=0x6f86c000
       29125000	      2911	80002580	b8e04613	xori	x12,x0,-1138	  x0:0x00000000 x12=0xfffffb8e
       29135000	      2912	80002584	0141fc63	bgeu	x3,x20,8000259c	  x3:0x00000a2b x20:0x00000001
       29145000	      2913	00000000	00000013	addi	x0,x0,0	  x0:0x00000000
       29155000	      2914	80002598	00000013	addi	x0,x0,0	  x0:0x00000000
       29165000	      2915	8000259c	01ed4863	blt	x26,x30,800025ac	 x26:0x00000000 x30:0x777c74fc
       29175000	      2916	00000000	00000013	addi	x0,x0,0	  x0:0x00000000
       29185000	      2917	800025a8	00000013	addi	x0,x0,0	  x0:0x00000000
       29195000	      2918	800025ac	01959493	slli	x9,x11,0x19	 x11:0x00000660  x9=0xc0000000
       29205000	      2919	800025b0	409607b3	sub	x15,x12,x9	 x12:0xfffffb8e  x9:0xc0000000 x15=0x3ffffb8e
       29215000	      2920	800025b4	93858013	addi	x0,x11,-1736	 x11:0x00000660
       29225000	      2921	800025b8	e325a613	slti	x12,x11,-462	 x11:0x00000660 x12=0x00000000
       29235000	      2922	800025bc	00800393	addi	x7,x0,8	  x0:0x00000000  x7=0x00000008
       29245000	      2923	800025c0	01e2e9b3	or	x19,x5,x30	  x5:0x4af1b4d8 x30:0x777c74fc x19=0x7ffdf4fc
       29255000	      2924	800025c4	01ea1e13	slli	x28,x20,0x1e	 x20:0x00000001 x28=0x40000000
       29265000	      2925	800025c8	aafe6c93	ori	x25,x28,-1361	 x28:0x40000000 x25=0xfffffaaf
       29275000	      2926	800025cc	ff800793	addi	x15,x0,-8	  x0:0x00000000 x15=0xfffffff8
       29285000	      2927	800025d0	72d22593	slti	x11,x4,1837	  x4:0x00000001 x11=0x00000001
       29295000	      2928	800025d4	40ad5e13	srai	x28,x26,0xa	 x26:0x00000000 x28=0x00000000
       29305000	      2929	800025d8	e51a7413	andi	x8,x20,-431	 x20:0x00000001  x8=0x00000001
       29315000	      2930	800025dc	01dc3933	sltu	x18,x24,x29	 x24:0x2064db96 x29:0x00000000 x18=0x00000000
       29325000	      2931	800025e0	ffa38393	addi	x7,x7,-6	  x7:0x00000008  x7=0x00000002
       29335000	      2932	800025e4	9e2bea93	ori	x21,x23,-1566	 x23:0x00000000 x21=0xfffff9e2
       29345000	      2933	800025e8	0193ca33	xor	x20,x7,x25	  x7:0x00000002 x25:0xfffffaaf x20=0xfffffaad
       29355000	      2934	800025ec	00600313	addi	x6,x0,6	  x0:0x00000000  x6=0x00000006
       29365000	      2935	800025f0	01fd2033	slt	x0,x26,x31	 x26:0x00000000 x31:0x02a4db96
       29375000	      2936	800025f4	000ddd13	srli	x26,x27,0x0	 x27:0x00000116 x26=0x00000116
       29385000	      2937	800025f8	41ea51b3	sra	x3,x20,x30	 x20:0xfffffaad x30:0x777c74fc  x3=0xffffffff
       29395000	      2938	800025fc	014b04b3	add	x9,x22,x20	 x22:0x2064d816 x20:0xfffffaad  x9=0x2064d2c3
       29405000	      2939	80002600	00caca33	xor	x20,x21,x12	 x21:0xfffff9e2 x12:0x00000000 x20=0xfffff9e2
       29415000	      2940	80002604	01000113	addi	x2,x0,16	  x0:0x00000000  x2=0x00000010
       29425000	      2941	80002608	00000013	addi	x0,x0,0	  x0:0x00000000
       29435000	      2942	8000260c	01959a13	slli	x20,x11,0x19	 x11:0x00000001 x20=0x02000000
       29445000	      2943	80002610	879d3913	sltiu	x18,x26,-1927	 x26:0x00000116 x18=0x00000001
       29455000	      2944	80002614	54f07493	andi	x9,x0,1359	  x0:0x00000000  x9=0x00000000
       29465000	      2945	80002618	50918e13	addi	x28,x3,1289	  x3:0xffffffff x28=0x00000508
       29475000	      2946	8000261c	009891b3	sll	x3,x17,x9	 x17:0x00000780  x9:0x00000000  x3=0x00000780
       29485000	      2947	80002620	d543ce13	xori	x28,x7,-684	  x7:0x00000002 x28=0xfffffd56
       29495000	      2948	80002624	40a4da33	sra	x20,x9,x10	  x9:0x00000000 x10:0x80009ee4 x20=0x00000000
       29505000	      2949	80002628	00330313	addi	x6,x6,3	  x6:0x00000006  x6=0x00000009
       29515000	      2950	8000262c	fe2362e3	bltu	x6,x2,80002610	  x6:0x00000009  x2:0x00000010
       29525000	      2951	00000000	00000013	addi	x0,x0,0	  x0:0x00000000
       29535000	      2952	8000260c	00000013	addi	x0,x0,0	  x0:0x00000000
       29545000	      2953	80002610	879d3913	sltiu	x18,x26,-1927	 x26:0x00000116 x18=0x00000001
       29555000	      2954	80002614	54f07493	andi	x9,x0,1359	  x0:0x00000000  x9=0x00000000
       29565000	      2955	80002618	50918e13	addi	x28,x3,1289	  x3:0x00000780 x28=0x00000c89
       29575000	      2956	8000261c	009891b3	sll	x3,x17,x9	 x17:0x00000780  x9:0x00000000  x3=0x00000780
       29585000	      2957	80002620	d543ce13	xori	x28,x7,-684	  x7:0x00000002 x28=0xfffffd56
       29595000	      2958	80002624	40a4da33	sra	x20,x9,x10	  x9:0x00000000 x10:0x80009ee4 x20=0x00000000
       29605000	      2959	80002628	00330313	addi	x6,x6,3	  x6:0x00000009  x6=0x0000000c
       29615000	      2960	8000262c	fe2362e3	bltu	x6,x2,80002610	  x6:0x0000000c  x2:0x00000010
       29625000	      2961	00000000	00000013	addi	x0,x0,0	  x0:0x00000000
       29635000	      2962	8000260c	00000013	addi	x0,x0,0	  x0:0x00000000
       29645000	      2963	80002610	879d3913	sltiu	x18,x26,-1927	 x26:0x00000116 x18=0x00000001
       29655000	      2964	80002614	54f07493	andi	x9,x0,1359	  x0:0x00000000  x9=0x00000000
       29665000	      2965	80002618	50918e13	addi	x28,x3,1289	  x3:0x00000780 x28=0x00000c89
       29675000	      2966	8000261c	009891b3	sll	x3,x17,x9	 x17:0x00000780  x9:0x00000000  x3=0x00000780
       29685000	      2967	80002620	d543ce13	xori	x28,x7,-684	  x7:0x00000002 x28=0xfffffd56
       29695000	      2968	80002624	40a4da33	sra	x20,x9,x10	  x9:0x00000000 x10:0x80009ee4 x20=0x00000000
       29705000	      2969	80002628	00330313	addi	x6,x6,3	  x6:0x0000000c  x6=0x0000000f
       29715000	      2970	8000262c	fe2362e3	bltu	x6,x2,80002610	  x6:0x0000000f  x2:0x00000010
       29725000	      2971	00000000	00000013	addi	x0,x0,0	  x0:0x00000000
       29735000	      2972	8000260c	00000013	addi	x0,x0,0	  x0:0x00000000
       29745000	      2973	80002610	879d3913	sltiu	x18,x26,-1927	 x26:0x00000116 x18=0x00000001
       29755000	      2974	80002614	54f07493	andi	x9,x0,1359	  x0:0x00000000  x9=0x00000000
       29765000	      2975	80002618	50918e13	addi	x28,x3,1289	  x3:0x00000780 x28=0x00000c89
       29775000	      2976	8000261c	009891b3	sll	x3,x17,x9	 x17:0x00000780  x9:0x00000000  x3=0x00000780
       29785000	      2977	80002620	d543ce13	xori	x28,x7,-684	  x7:0x00000002 x28=0xfffffd56
       29795000	      2978	80002624	40a4da33	sra	x20,x9,x10	  x9:0x00000000 x10:0x80009ee4 x20=0x00000000
       29805000	      2979	80002628	00330313	addi	x6,x6,3	  x6:0x0000000f  x6=0x00000012
       29815000	      2980	8000262c	fe2362e3	bltu	x6,x2,80002610	  x6:0x00000012  x2:0x00000010
       29825000	      2981	80002630	c6598613	addi	x12,x19,-923	 x19:0x7ffdf4fc x12=0x7ffdf161
       29835000	      2982	80002634	d3edf613	andi	x12,x27,-706	 x27:0x00000116 x12=0x00000116
       29845000	      2983	80002638	d211a913	slti	x18,x3,-735	  x3:0x00000780 x18=0x00000000
       29855000	      2984	8000263c	001b1e93	slli	x29,x22,0x1	 x22:0x2064d816 x29=0x40c9b02c
       29865000	      2985	80002640	f8f3dce3	bge	x7,x15,800025d8	  x7:0x00000002 x15:0xfffffff8
       29875000	      2986	00000000	00000013	addi	x0,x0,0	  x0:0x00000000
       29885000	      2987	800025d4	00000013	addi	x0,x0,0	  x0:0x00000000
       29895000	      2988	800025d8	e51a7413	andi	x8,x20,-431	 x20:0x00000000  x8=0x00000000
       29905000	      2989	800025dc	01dc3933	sltu	x18,x24,x29	 x24:0x2064db96 x29:0x40c9b02c x18=0x00000001
       29915000	      2990	800025e0	ffa38393	addi	x7,x7,-6	  x7:0x00000002  x7=0xfffffffc
       29925000	      2991	800025e4	9e2bea93	ori	x21,x23,-1566	 x23:0x00000000 x21=0xfffff9e2
       29935000	      2992	800025e8	0193ca33	xor	x20,x7,x25	  x7:0xfffffffc x25:0xfffffaaf x20=0x00000553
       29945000	      2993	800025ec	00600313	addi	x6,x0,6	  x0:0x00000000  x6=0x00000006
       29955000	      2994	800025f0	01fd2033	slt	x0,x26,x31	 x26:0x00000116 x31:0x02a4db96
       29965000	      2995	800025f4	000ddd13	srli	x26,x27,0x0	 x27:0x00000116 x26=0x00000116
       29975000	      2996	800025f8	41ea51b3	sra	x3,x20,x30	 x20:0x00000553 x30:0x777c74fc  x3=0x00000000
       29985000	      2997	800025fc	014b04b3	add	x9,x22,x20	 x22:0x2064d816 x20:0x00000553  x9=0x2064dd69
       29995000	      2998	80002600	00caca33	xor	x20,x21,x12	 x21:0xfffff9e2 x12:0x00000116 x20=0xfffff8f4
       30005000	      2999	80002604	01000113	addi	x2,x0,16	  x0:0x00000000  x2=0x00000010
       30015000	      3000	80002608	00000013	addi	x0,x0,0	  x0:0x00000000
       30025000	      3001	8000260c	01959a13	slli	x20,x11,0x19	 x11:0x00000001 x20=0x02000000
       30035000	      3002	80002610	879d3913	sltiu	x18,x26,-1927	 x26:0x00000116 x18=0x00000001
       30045000	      3003	80002614	54f07493	andi	x9,x0,1359	  x0:0x00000000  x9=0x00000000
       30055000	      3004	80002618	50918e13	addi	x28,x3,1289	  x3:0x00000000 x28=0x00000509
       30065000	      3005	8000261c	009891b3	sll	x3,x17,x9	 x17:0x00000780  x9:0x00000000  x3=0x00000780
       30075000	      3006	80002620	d543ce13	xori	x28,x7,-684	  x7:0xfffffffc x28=0x000002a8
       30085000	      3007	80002624	40a4da33	sra	x20,x9,x10	  x9:0x00000000 x10:0x80009ee4 x20=0x00000000
       30095000	      3008	80002628	00330313	addi	x6,x6,3	  x6:0x00000006  x6=0x00000009
       30105000	      3009	8000262c	fe2362e3	bltu	x6,x2,80002610	  x6:0x00000009  x2:0x00000010
       30115000	      3010	00000000	00000013	addi	x0,x0,0	  x0:0x00000000
       30125000	      3011	8000260c	00000013	addi	x0,x0,0	  x0:0x00000000
       30135000	      3012	80002610	879d3913	sltiu	x18,x26,-1927	 x26:0x00000116 x18=0x00000001
       30145000	      3013	80002614	54f07493	andi	x9,x0,1359	  x0:0x00000000  x9=0x00000000
       30155000	      3014	80002618	50918e13	addi	x28,x3,1289	  x3:0x00000780 x28=0x00000c89
       30165000	      3015	8000261c	009891b3	sll	x3,x17,x9	 x17:0x00000780  x9:0x00000000  x3=0x00000780
       30175000	      3016	80002620	d543ce13	xori	x28,x7,-684	  x7:0xfffffffc x28=0x000002a8
       30185000	      3017	80002624	40a4da33	sra	x20,x9,x10	  x9:0x00000000 x10:0x80009ee4 x20=0x00000000
       30195000	      3018	80002628	00330313	addi	x6,x6,3	  x6:0x00000009  x6=0x0000000c
       30205000	      3019	8000262c	fe2362e3	bltu	x6,x2,80002610	  x6:0x0000000c  x2:0x00000010
       30215000	      3020	00000000	00000013	addi	x0,x0,0	  x0:0x00000000
       30225000	      3021	8000260c	00000013	addi	x0,x0,0	  x0:0x00000000
       30235000	      3022	80002610	879d3913	sltiu	x18,x26,-1927	 x26:0x00000116 x18=0x00000001
       30245000	      3023	80002614	54f07493	andi	x9,x0,1359	  x0:0x00000000  x9=0x00000000
       30255000	      3024	80002618	50918e13	addi	x28,x3,1289	  x3:0x00000780 x28=0x00000c89
       30265000	      3025	8000261c	009891b3	sll	x3,x17,x9	 x17:0x00000780  x9:0x00000000  x3=0x00000780
       30275000	      3026	80002620	d543ce13	xori	x28,x7,-684	  x7:0xfffffffc x28=0x000002a8
       30285000	      3027	80002624	40a4da33	sra	x20,x9,x10	  x9:0x00000000 x10:0x80009ee4 x20=0x00000000
       30295000	      3028	80002628	00330313	addi	x6,x6,3	  x6:0x0000000c  x6=0x0000000f
       30305000	      3029	8000262c	fe2362e3	bltu	x6,x2,80002610	  x6:0x0000000f  x2:0x00000010
       30315000	      3030	00000000	00000013	addi	x0,x0,0	  x0:0x00000000
       30325000	      3031	8000260c	00000013	addi	x0,x0,0	  x0:0x00000000
       30335000	      3032	80002610	879d3913	sltiu	x18,x26,-1927	 x26:0x00000116 x18=0x00000001
       30345000	      3033	80002614	54f07493	andi	x9,x0,1359	  x0:0x00000000  x9=0x00000000
       30355000	      3034	80002618	50918e13	addi	x28,x3,1289	  x3:0x00000780 x28=0x00000c89
       30365000	      3035	8000261c	009891b3	sll	x3,x17,x9	 x17:0x00000780  x9:0x00000000  x3=0x00000780
       30375000	      3036	80002620	d543ce13	xori	x28,x7,-684	  x7:0xfffffffc x28=0x000002a8
       30385000	      3037	80002624	40a4da33	sra	x20,x9,x10	  x9:0x00000000 x10:0x80009ee4 x20=0x00000000
       30395000	      3038	80002628	00330313	addi	x6,x6,3	  x6:0x0000000f  x6=0x00000012
       30405000	      3039	8000262c	fe2362e3	bltu	x6,x2,80002610	  x6:0x00000012  x2:0x00000010
       30415000	      3040	80002630	c6598613	addi	x12,x19,-923	 x19:0x7ffdf4fc x12=0x7ffdf161
       30425000	      3041	80002634	d3edf613	andi	x12,x27,-706	 x27:0x00000116 x12=0x00000116
       30435000	      3042	80002638	d211a913	slti	x18,x3,-735	  x3:0x00000780 x18=0x00000000
       30445000	      3043	8000263c	001b1e93	slli	x29,x22,0x1	 x22:0x2064d816 x29=0x40c9b02c
       30455000	      3044	80002640	f8f3dce3	bge	x7,x15,800025d8	  x7:0xfffffffc x15:0xfffffff8
       30465000	      3045	00000000	00000013	addi	x0,x0,0	  x0:0x00000000
       30475000	      3046	800025d4	00000013	addi	x0,x0,0	  x0:0x00000000
       30485000	      3047	800025d8	e51a7413	andi	x8,x20,-431	 x20:0x00000000  x8=0x00000000
       30495000	      3048	800025dc	01dc3933	sltu	x18,x24,x29	 x24:0x2064db96 x29:0x40c9b02c x18=0x00000001
       30505000	      3049	800025e0	ffa38393	addi	x7,x7,-6	  x7:0xfffffffc  x7=0xfffffff6
       30515000	      3050	800025e4	9e2bea93	ori	x21,x23,-1566	 x23:0x00000000 x21=0xfffff9e2
       30525000	      3051	800025e8	0193ca33	xor	x20,x7,x25	  x7:0xfffffff6 x25:0xfffffaaf x20=0x00000559
       30535000	      3052	800025ec	00600313	addi	x6,x0,6	  x0:0x00000000  x6=0x00000006
       30545000	      3053	800025f0	01fd2033	slt	x0,x26,x31	 x26:0x00000116 x31:0x02a4db96
       30555000	      3054	800025f4	000ddd13	srli	x26,x27,0x0	 x27:0x00000116 x26=0x00000116
       30565000	      3055	800025f8	41ea51b3	sra	x3,x20,x30	 x20:0x00000559 x30:0x777c74fc  x3=0x00000000
       30575000	      3056	800025fc	014b04b3	add	x9,x22,x20	 x22:0x2064d816 x20:0x00000559  x9=0x2064dd6f
       30585000	      3057	80002600	00caca33	xor	x20,x21,x12	 x21:0xfffff9e2 x12:0x00000116 x20=0xfffff8f4
       30595000	      3058	80002604	01000113	addi	x2,x0,16	  x0:0x00000000  x2=0x00000010
       30605000	      3059	80002608	00000013	addi	x0,x0,0	  x0:0x00000000
       30615000	      3060	8000260c	01959a13	slli	x20,x11,0x19	 x11:0x00000001 x20=0x02000000
       30625000	      3061	80002610	879d3913	sltiu	x18,x26,-1927	 x26:0x00000116 x18=0x00000001
       30635000	      3062	80002614	54f07493	andi	x9,x0,1359	  x0:0x00000000  x9=0x00000000
       30645000	      3063	80002618	50918e13	addi	x28,x3,1289	  x3:0x00000000 x28=0x00000509
       30655000	      3064	8000261c	009891b3	sll	x3,x17,x9	 x17:0x00000780  x9:0x00000000  x3=0x00000780
       30665000	      3065	80002620	d543ce13	xori	x28,x7,-684	  x7:0xfffffff6 x28=0x000002a2
       30675000	      3066	80002624	40a4da33	sra	x20,x9,x10	  x9:0x00000000 x10:0x80009ee4 x20=0x00000000
       30685000	      3067	80002628	00330313	addi	x6,x6,3	  x6:0x00000006  x6=0x00000009
       30695000	      3068	8000262c	fe2362e3	bltu	x6,x2,80002610	  x6:0x00000009  x2:0x00000010
       30705000	      3069	00000000	00000013	addi	x0,x0,0	  x0:0x00000000
       30715000	      3070	8000260c	00000013	addi	x0,x0,0	  x0:0x00000000
       30725000	      3071	80002610	879d3913	sltiu	x18,x26,-1927	 x26:0x00000116 x18=0x00000001
       30735000	      3072	80002614	54f07493	andi	x9,x0,1359	  x0:0x00000000  x9=0x00000000
       30745000	      3073	80002618	50918e13	addi	x28,x3,1289	  x3:0x00000780 x28=0x00000c89
       30755000	      3074	8000261c	009891b3	sll	x3,x17,x9	 x17:0x00000780  x9:0x00000000  x3=0x00000780
       30765000	      3075	80002620	d543ce13	xori	x28,x7,-684	  x7:0xfffffff6 x28=0x000002a2
       30775000	      3076	80002624	40a4da33	sra	x20,x9,x10	  x9:0x00000000 x10:0x80009ee4 x20=0x00000000
       30785000	      3077	80002628	00330313	addi	x6,x6,3	  x6:0x00000009  x6=0x0000000c
       30795000	      3078	8000262c	fe2362e3	bltu	x6,x2,80002610	  x6:0x0000000c  x2:0x00000010
       30805000	      3079	00000000	00000013	addi	x0,x0,0	  x0:0x00000000
       30815000	      3080	8000260c	00000013	addi	x0,x0,0	  x0:0x00000000
       30825000	      3081	80002610	879d3913	sltiu	x18,x26,-1927	 x26:0x00000116 x18=0x00000001
       30835000	      3082	80002614	54f07493	andi	x9,x0,1359	  x0:0x00000000  x9=0x00000000
       30845000	      3083	80002618	50918e13	addi	x28,x3,1289	  x3:0x00000780 x28=0x00000c89
       30855000	      3084	8000261c	009891b3	sll	x3,x17,x9	 x17:0x00000780  x9:0x00000000  x3=0x00000780
       30865000	      3085	80002620	d543ce13	xori	x28,x7,-684	  x7:0xfffffff6 x28=0x000002a2
       30875000	      3086	80002624	40a4da33	sra	x20,x9,x10	  x9:0x00000000 x10:0x80009ee4 x20=0x00000000
       30885000	      3087	80002628	00330313	addi	x6,x6,3	  x6:0x0000000c  x6=0x0000000f
       30895000	      3088	8000262c	fe2362e3	bltu	x6,x2,80002610	  x6:0x0000000f  x2:0x00000010
       30905000	      3089	00000000	00000013	addi	x0,x0,0	  x0:0x00000000
       30915000	      3090	8000260c	00000013	addi	x0,x0,0	  x0:0x00000000
       30925000	      3091	80002610	879d3913	sltiu	x18,x26,-1927	 x26:0x00000116 x18=0x00000001
       30935000	      3092	80002614	54f07493	andi	x9,x0,1359	  x0:0x00000000  x9=0x00000000
       30945000	      3093	80002618	50918e13	addi	x28,x3,1289	  x3:0x00000780 x28=0x00000c89
       30955000	      3094	8000261c	009891b3	sll	x3,x17,x9	 x17:0x00000780  x9:0x00000000  x3=0x00000780
       30965000	      3095	80002620	d543ce13	xori	x28,x7,-684	  x7:0xfffffff6 x28=0x000002a2
       30975000	      3096	80002624	40a4da33	sra	x20,x9,x10	  x9:0x00000000 x10:0x80009ee4 x20=0x00000000
       30985000	      3097	80002628	00330313	addi	x6,x6,3	  x6:0x0000000f  x6=0x00000012
       30995000	      3098	8000262c	fe2362e3	bltu	x6,x2,80002610	  x6:0x00000012  x2:0x00000010
       31005000	      3099	80002630	c6598613	addi	x12,x19,-923	 x19:0x7ffdf4fc x12=0x7ffdf161
       31015000	      3100	80002634	d3edf613	andi	x12,x27,-706	 x27:0x00000116 x12=0x00000116
       31025000	      3101	80002638	d211a913	slti	x18,x3,-735	  x3:0x00000780 x18=0x00000000
       31035000	      3102	8000263c	001b1e93	slli	x29,x22,0x1	 x22:0x2064d816 x29=0x40c9b02c
       31045000	      3103	80002640	f8f3dce3	bge	x7,x15,800025d8	  x7:0xfffffff6 x15:0xfffffff8
       31055000	      3104	80002644	f3bfb5b7	lui	x11,0xf3bfb	 x11=0xf3bfb000
       31065000	      3105	80002648	0254da63	bge	x9,x5,8000267c	  x9:0x00000000  x5:0x4af1b4d8
       31075000	      3106	8000264c	018780b3	add	x1,x15,x24	 x15:0xfffffff8 x24:0x2064db96  x1=0x2064db8e
       31085000	      3107	80002650	c147a117	auipc	x2,0xc147a	  x2=0x4147c64c
       31095000	      3108	80002654	00795cb3	srl	x25,x18,x7	 x18:0x00000000  x7:0xfffffff6 x25=0x00000000
       31105000	      3109	80002658	42e80437	lui	x8,0x42e80	  x8=0x42e80000
       31115000	      3110	8000265c	00000013	addi	x0,x0,0	  x0:0x00000000
       31125000	      3111	80002660	4070db93	srai	x23,x1,0x7	  x1:0x2064db8e x23=0x0040c9b7
       31135000	      3112	80002664	00311893	slli	x17,x2,0x3	  x2:0x4147c64c x17=0x0a3e3260
       31145000	      3113	80002668	00280333	add	x6,x16,x2	 x16:0x22c00000  x2:0x4147c64c  x6=0x6407c64c
       31155000	      3114	8000266c	15f26e13	ori	x28,x4,351	  x4:0x00000001 x28=0x0000015f
       31165000	      3115	80002670	0254ea63	bltu	x9,x5,800026a4	  x9:0x00000000  x5:0x4af1b4d8
       31175000	      3116	00000000	00000013	addi	x0,x0,0	  x0:0x00000000
       31185000	      3117	800026a0	00000013	addi	x0,x0,0	  x0:0x00000000
       31195000	      3118	800026a4	05929263	bne	x5,x25,800026e8	  x5:0x4af1b4d8 x25:0x00000000
       31205000	      3119	00000000	00000013	addi	x0,x0,0	  x0:0x00000000
       31215000	      3120	800026e4	00000013	addi	x0,x0,0	  x0:0x00000000
       31225000	      3121	800026e8	41e107b3	sub	x15,x2,x30	  x2:0x4147c64c x30:0x777c74fc x15=0xc9cb5150
       31235000	      3122	800026ec	00a39993	slli	x19,x7,0xa	  x7:0xfffffff6 x19=0xffffd800
       31245000	      3123	800026f0	010f4863	blt	x30,x16,80002700	 x30:0x777c74fc x16:0x22c00000
       31255000	      3124	800026f4	17a92b13	slti	x22,x18,378	 x18:0x00000000 x22=0x00000001
       31265000	      3125	800026f8	bc1295b7	lui	x11,0xbc129	 x11=0xbc129000
       31275000	      3126	800026fc	41edd933	sra	x18,x27,x30	 x27:0x00000116 x30:0x777c74fc x18=0x00000000
       31285000	      3127	80002700	01c4df33	srl	x30,x9,x28	  x9:0x00000000 x28:0x0000015f x30=0x00000000
       31295000	      3128	80002704	0010d1b3	srl	x3,x1,x1	  x1:0x2064db8e  x1:0x2064db8e  x3=0x00008193
       31305000	      3129	80002708	412a0b33	sub	x22,x20,x18	 x20:0x00000000 x18:0x00000000 x22=0x00000000
       31315000	      3130	8000270c	d02fdf17	auipc	x30,0xd02fd	 x30=0x502ff708
       31325000	      3131	80002710	01421033	sll	x0,x4,x20	  x4:0x00000001 x20:0x00000000
       31335000	      3132	80002714	44166793	ori	x15,x12,1089	 x12:0x00000116 x15=0x00000557
       31345000	      3133	80002718	4043da33	sra	x20,x7,x4	  x7:0xfffffff6  x4:0x00000001 x20=0xfffffffb
       31355000	      3134	8000271c	a6ff7293	andi	x5,x30,-1425	 x30:0x502ff708  x5=0x502ff208
       31365000	      3135	80002720	f9a37813	andi	x16,x6,-102	  x6:0x6407c64c x16=0x6407c608
       31375000	      3136	80002724	0112e0b3	or	x1,x5,x17	  x5:0x502ff208 x17:0x0a3e3260  x1=0x5a3ff268
       31385000	      3137	80002728	ae3a8293	addi	x5,x21,-1309	 x21:0xfffff9e2  x5=0xfffff4c5
       31395000	      3138	8000272c	01303b33	sltu	x22,x0,x19	  x0:0x00000000 x19:0xffffd800 x22=0x00000001
       31405000	      3139	80002730	005adc93	srli	x25,x21,0x5	 x21:0xfffff9e2 x25=0x07ffffcf
       31415000	      3140	80002734	070c0863	beq	x24,x16,800027a4	 x24:0x2064db96 x16:0x6407c608
       31425000	      3141	80002738	00605b33	srl	x22,x0,x6	  x0:0x00000000  x6:0x6407c64c x22=0x00000000
       31435000	      3142	8000273c	04258263	beq	x11,x2,80002780	 x11:0xbc129000  x2:0x4147c64c
       31445000	      3143	80002740	41e206b3	sub	x13,x4,x30	  x4:0x00000001 x30:0x502ff708 x13=0xafd008f9
       31455000	      3144	80002744	00396b33	or	x22,x18,x3	 x18:0x00000000  x3:0x00008193 x22=0x00008193
       31465000	      3145	80002748	011fd593	srli	x11,x31,0x11	 x31:0x02a4db96 x11=0x00000152
       31475000	      3146	8000274c	00600a13	addi	x20,x0,6	  x0:0x00000000 x20=0x00000006
       31485000	      3147	80002750	00600813	addi	x16,x0,6	  x0:0x00000000 x16=0x00000006
       31495000	      3148	80002754	1ba0aa93	slti	x21,x1,442	  x1:0x5a3ff268 x21=0x00000000
       31505000	      3149	80002758	ffea0a13	addi	x20,x20,-2	 x20:0x00000006 x20=0x00000004
       31515000	      3150	8000275c	00500c13	addi	x24,x0,5	  x0:0x00000000 x24=0x00000005
       31525000	      3151	80002760	00c00e93	addi	x29,x0,12	  x0:0x00000000 x29=0x0000000c
       31535000	      3152	80002764	74572417	auipc	x8,0x74572	  x8=0xf4574760
       31545000	      3153	80002768	008c0c13	addi	x24,x24,8	 x24:0x00000005 x24=0x0000000d
       31555000	      3154	8000276c	ffdc6ce3	bltu	x24,x29,80002764	 x24:0x0000000d x29:0x0000000c
       31565000	      3155	80002770	ff0a72e3	bgeu	x20,x16,80002754	 x20:0x00000004 x16:0x00000006
       31575000	      3156	80002774	415089b3	sub	x19,x1,x21	  x1:0x5a3ff268 x21:0x00000000 x19=0x5a3ff268
       31585000	      3157	80002778	41755213	srai	x4,x10,0x17	 x10:0x80009ee4  x4=0xffffff00
       31595000	      3158	8000277c	10becb13	xori	x22,x29,267	 x29:0x0000000c x22=0x00000107
       31605000	      3159	80002780	01024b33	xor	x22,x4,x16	  x4:0xffffff00 x16:0x00000006 x22=0xffffff06
       31615000	      3160	80002784	df197e93	andi	x29,x18,-527	 x18:0x00000000 x29=0x00000000
       31625000	      3161	80002788	011f05b3	add	x11,x30,x17	 x30:0x502ff708 x17:0x0a3e3260 x11=0x5a6e2968
       31635000	      3162	8000278c	01141033	sll	x0,x8,x17	  x8:0xf4574760 x17:0x0a3e3260
       31645000	      3163	80002790	40aedb33	sra	x22,x29,x10	 x29:0x00000000 x10:0x80009ee4 x22=0x00000000
       31655000	      3164	80002794	e2b47213	andi	x4,x8,-469	  x8:0xf4574760  x4=0xf4574620
       31665000	      3165	80002798	03540663	beq	x8,x21,800027c4	  x8:0xf4574760 x21:0x00000000
       31675000	      3166	8000279c	b5367993	andi	x19,x12,-1197	 x12:0x00000116 x19=0x00000112
       31685000	      3167	800027a0	99dd0e13	addi	x28,x26,-1635	 x26:0x00000116 x28=0xfffffab3
       31695000	      3168	800027a4	405d0ab3	sub	x21,x26,x5	 x26:0x00000116  x5:0xfffff4c5 x21=0x00000c51
       31705000	      3169	800027a8	01cd8233	add	x4,x27,x28	 x27:0x00000116 x28:0xfffffab3  x4=0xfffffbc9
       31715000	      3170	800027ac	15ba8597	auipc	x11,0x15ba8	 x11=0x95baa7a8
       31725000	      3171	800027b0	914c0b13	addi	x22,x24,-1772	 x24:0x0000000d x22=0xfffff921
       31735000	      3172	800027b4	006b9263	bne	x23,x6,800027b8	 x23:0x0040c9b7  x6:0x6407c64c
       31745000	      3173	00000000	00000013	addi	x0,x0,0	  x0:0x00000000
       31755000	      3174	800027b4	00000013	addi	x0,x0,0	  x0:0x00000000
       31765000	      3175	800027b8	03f57c63	bgeu	x10,x31,800027f0	 x10:0x80009ee4 x31:0x02a4db96
       31775000	      3176	00000000	00000013	addi	x0,x0,0	  x0:0x00000000
       31785000	      3177	800027ec	00000013	addi	x0,x0,0	  x0:0x00000000
       31795000	      3178	800027f0	00b9ea63	bltu	x19,x11,80002804	 x19:0x00000112 x11:0x95baa7a8
       31805000	      3179	00000000	00000013	addi	x0,x0,0	  x0:0x00000000
       31815000	      3180	80002800	00000013	addi	x0,x0,0	  x0:0x00000000
       31825000	      3181	80002804	41328ab3	sub	x21,x5,x19	  x5:0xfffff4c5 x19:0x00000112 x21=0xfffff3b3
       31835000	      3182	80002808	00b102b3	add	x5,x2,x11	  x2:0x4147c64c x11:0x95baa7a8  x5=0xd7026df4
       31845000	      3183	8000280c	414655b3	sra	x11,x12,x20	 x12:0x00000116 x20:0x00000004 x11=0x00000011
       31855000	      3184	80002810	00a32e33	slt	x28,x6,x10	  x6:0x6407c64c x10:0x80009ee4 x28=0x00000000
       31865000	      3185	80002814	01f4b8b3	sltu	x17,x9,x31	  x9:0x00000000 x31:0x02a4db96 x17=0x00000001
       31875000	      3186	80002818	00014c63	blt	x2,x0,80002830	  x2:0x4147c64c  x0:0x00000000
       31885000	      3187	8000281c	404209b3	sub	x19,x4,x4	  x4:0xfffffbc9  x4:0xfffffbc9 x19=0x00000000
       31895000	      3188	80002820	11249397	auipc	x7,0x11249	  x7=0x9124b81c
       31905000	      3189	80002824	031fe263	bltu	x31,x17,80002848	 x31:0x02a4db96 x17:0x00000001
       31915000	      3190	80002828	00d69db3	sll	x27,x13,x13	 x13:0xafd008f9 x13:0xafd008f9 x27=0xf2000000
       31925000	      3191	8000282c	00265b33	srl	x22,x12,x2	 x12:0x00000116  x2:0x4147c64c x22=0x00000000
       31935000	      3192	80002830	40b402b3	sub	x5,x8,x11	  x8:0xf4574760 x11:0x00000011  x5=0xf457474f
       31945000	      3193	80002834	4adbf097	auipc	x1,0x4adbf	  x1=0xcadc1830
       31955000	      3194	80002838	00000013	addi	x0,x0,0	  x0:0x00000000
       31965000	      3195	8000283c	ac13d697	auipc	x13,0xac13d	 x13=0x2c13f838
       31975000	      3196	80002840	88e00913	addi	x18,x0,-1906	  x0:0x00000000 x18=0xfffff88e
       31985000	      3197	80002844	41fadb33	sra	x22,x21,x31	 x21:0xfffff3b3 x31:0x02a4db96 x22=0xffffffff
       31995000	      3198	80002848	03d15663	bge	x2,x29,80002874	  x2:0x4147c64c x29:0x00000000
       32005000	      3199	00000000	00000013	addi	x0,x0,0	  x0:0x00000000
       32015000	      3200	80002870	00000013	addi	x0,x0,0	  x0:0x00000000
       32025000	      3201	80002874	01061b33	sll	x22,x12,x16	 x12:0x00000116 x16:0x00000006 x22=0x00004580
       32035000	      3202	80002878	413307b3	sub	x15,x6,x19	  x6:0x6407c64c x19:0x00000000 x15=0x6407c64c
       32045000	      3203	8000287c	41490233	sub	x4,x18,x20	 x18:0xfffff88e x20:0x00000004  x4=0xfffff88a
       32055000	      3204	80002880	00bf9693	slli	x13,x31,0xb	 x31:0x02a4db96 x13=0x26dcb000
       32065000	      3205	80002884	83713813	sltiu	x16,x2,-1993	  x2:0x4147c64c x16=0x00000001
       32075000	      3206	80002888	01b65913	srli	x18,x12,0x1b	 x12:0x00000116 x18=0x00000000
       32085000	      3207	8000288c	0068d833	srl	x16,x17,x6	 x17:0x00000001  x6:0x6407c64c x16=0x00000000
       32095000	      3208	80002890	00000013	addi	x0,x0,0	  x0:0x00000000
       32105000	      3209	80002894	017ef6b3	and	x13,x29,x23	 x29:0x00000000 x23:0x0040c9b7 x13=0x00000000
       32115000	      3210	80002898	013c94b3	sll	x9,x25,x19	 x25:0x07ffffcf x19:0x00000000  x9=0x07ffffcf
       32125000	      3211	8000289c	40cddc33	sra	x24,x27,x12	 x27:0xf2000000 x12:0x00000116 x24=0xffffffc8
       32135000	      3212	800028a0	408683b3	sub	x7,x13,x8	 x13:0x00000000  x8:0xf4574760  x7=0x0ba8b8a0
       32145000	      3213	800028a4	007bea33	or	x20,x23,x7	 x23:0x0040c9b7  x7:0x0ba8b8a0 x20=0x0be8f9b7
       32155000	      3214	800028a8	00e04833	xor	x16,x0,x14	  x0:0x00000000 x14:0x80009fc4 x16=0x80009fc4
       32165000	      3215	800028ac	408c5b93	srai	x23,x24,0x8	 x24:0xffffffc8 x23=0xffffffff
       32175000	      3216	800028b0	da39b793	sltiu	x15,x19,-605	 x19:0x00000000 x15=0x00000001
       32185000	      3217	800028b4	01a05a33	srl	x20,x0,x26	  x0:0x00000000 x26:0x00000116 x20=0x00000000
       32195000	      3218	800028b8	4154ddb3	sra	x27,x9,x21	  x9:0x07ffffcf x21:0xfffff3b3 x27=0x000000ff
       32205000	      3219	800028bc	02a7c063	blt	x15,x10,800028dc	 x15:0x00000001 x10:0x80009ee4
       32215000	      3220	800028c0	00acec63	bltu	x25,x10,800028d8	 x25:0x07ffffcf x10:0x80009ee4
       32225000	      3221	00000000	00000013	addi	x0,x0,0	  x0:0x00000000
       32235000	      3222	800028d4	00000013	addi	x0,x0,0	  x0:0x00000000
       32245000	      3223	800028d8	01734333	xor	x6,x6,x23	  x6:0x6407c64c x23:0xffffffff  x6=0x9bf839b3
       32255000	      3224	800028dc	a0b7c813	xori	x16,x15,-1525	 x15:0x00000001 x16=0xfffffa0a
       32265000	      3225	800028e0	0003c1b3	xor	x3,x7,x0	  x7:0x0ba8b8a0  x0:0x00000000  x3=0x0ba8b8a0
       32275000	      3226	800028e4	697ce897	auipc	x17,0x697ce	 x17=0xe97d08e0
       32285000	      3227	800028e8	05a60263	beq	x12,x26,8000292c	 x12:0x00000116 x26:0x00000116
       32295000	      3228	00000000	00000013	addi	x0,x0,0	  x0:0x00000000
       32305000	      3229	80002928	00000013	addi	x0,x0,0	  x0:0x00000000
       32315000	      3230	8000292c	00a6d393	srli	x7,x13,0xa	 x13:0x00000000  x7=0x00000000
       32325000	      3231	80002930	01c1da33	srl	x20,x3,x28	  x3:0x0ba8b8a0 x28:0x00000000 x20=0x0ba8b8a0
       32335000	      3232	80002934	04555663	bge	x10,x5,80002980	 x10:0x80009ee4  x5:0xf457474f
       32345000	      3233	80002938	1300b193	sltiu	x3,x1,304	  x1:0xcadc1830  x3=0x00000000
       32355000	      3234	8000293c	01aca3b3	slt	x7,x25,x26	 x25:0x07ffffcf x26:0x00000116  x7=0x00000000
       32365000	      3235	80002940	412558b3	sra	x17,x10,x18	 x10:0x80009ee4 x18:0x00000000 x17=0x80009ee4
       32375000	      3236	80002944	1e1dba93	sltiu	x21,x27,481	 x27:0x000000ff x21=0x00000001
       32385000	      3237	80002948	00f0f1b3	and	x3,x1,x15	  x1:0xcadc1830 x15:0x00000001  x3=0x00000000
       32395000	      3238	8000294c	0089ee63	bltu	x19,x8,80002968	 x19:0x00000000  x8:0xf4574760
       32405000	      3239	00000000	00000013	addi	x0,x0,0	  x0:0x00000000
       32415000	      3240	80002964	00000013	addi	x0,x0,0	  x0:0x00000000
       32425000	      3241	80002968	407ad933	sra	x18,x21,x7	 x21:0x00000001  x7:0x00000000 x18=0x00000001
       32435000	      3242	8000296c	41e2da13	srai	x20,x5,0x1e	  x5:0xf457474f x20=0xffffffff
       32445000	      3243	80002970	41735f33	sra	x30,x6,x23	  x6:0x9bf839b3 x23:0xffffffff x30=0xffffffff
       32455000	      3244	80002974	01791613	slli	x12,x18,0x17	 x18:0x00000001 x12=0x00800000
       32465000	      3245	80002978	9175ab93	slti	x23,x11,-1769	 x11:0x00000011 x23=0x00000000
       32475000	      3246	8000297c	01c2d863	bge	x5,x28,8000298c	  x5:0xf457474f x28:0x00000000
       32485000	      3247	80002980	00e157b3	srl	x15,x2,x14	  x2:0x4147c64c x14:0x80009fc4 x15=0x04147c64
       32495000	      3248	80002984	011783b3	add	x7,x15,x17	 x15:0x04147c64 x17:0x80009ee4  x7=0x84151b48
       32505000	      3249	80002988	00d531b3	sltu	x3,x10,x13	 x10:0x80009ee4 x13:0x00000000  x3=0x00000000
       32515000	      3250	8000298c	82273393	sltiu	x7,x14,-2014	 x14:0x80009fc4  x7=0x00000001
       32525000	      3251	80002990	0040ed33	or	x26,x1,x4	  x1:0xcadc1830  x4:0xfffff88a x26=0xfffff8ba
       32535000	      3252	80002994	50903793	sltiu	x15,x0,1289	  x0:0x00000000 x15=0x00000001
       32545000	      3253	80002998	01395a33	srl	x20,x18,x19	 x18:0x00000001 x19:0x00000000 x20=0x00000001
       32555000	      3254	8000299c	00caaeb3	slt	x29,x21,x12	 x21:0x00000001 x12:0x00800000 x29=0x00000001
       32565000	      3255	800029a0	40935813	srai	x16,x6,0x9	  x6:0x9bf839b3 x16=0xffcdfc1c
       32575000	      3256	800029a4	00000013	addi	x0,x0,0	  x0:0x00000000
       32585000	      3257	800029a8	d3706b93	ori	x23,x0,-713	  x0:0x00000000 x23=0xfffffd37
       32595000	      3258	800029ac	40985f33	sra	x30,x16,x9	 x16:0xffcdfc1c  x9:0x07ffffcf x30=0xffffff9b
       32605000	      3259	800029b0	026b8663	beq	x23,x6,800029dc	 x23:0xfffffd37  x6:0x9bf839b3
       32615000	      3260	800029b4	00b7c0b3	xor	x1,x15,x11	 x15:0x00000001 x11:0x00000011  x1=0x00000010
       32625000	      3261	800029b8	0503c263	blt	x7,x16,800029fc	  x7:0x00000001 x16:0xffcdfc1c
       32635000	      3262	800029bc	00000013	addi	x0,x0,0	  x0:0x00000000
       32645000	      3263	800029c0	bd0ac993	xori	x19,x21,-1072	 x21:0x00000001 x19=0xfffffbd1
       32655000	      3264	800029c4	08351337	lui	x6,0x8351	  x6=0x08351000
       32665000	      3265	800029c8	01854663	blt	x10,x24,800029d4	 x10:0x80009ee4 x24:0xffffffc8
       32675000	      3266	00000000	00000013	addi	x0,x0,0	  x0:0x00000000
       32685000	      3267	800029d0	00000013	addi	x0,x0,0	  x0:0x00000000
       32695000	      3268	800029d4	8c082f13	slti	x30,x16,-1856	 x16:0xffcdfc1c x30=0x00000001
       32705000	      3269	800029d8	91f7af13	slti	x30,x15,-1761	 x15:0x00000001 x30=0x00000000
       32715000	      3270	800029dc	002b1133	sll	x2,x22,x2	 x22:0x00004580  x2:0x4147c64c  x2=0x04580000
       32725000	      3271	800029e0	ef0657b7	lui	x15,0xef065	 x15=0xef065000
       32735000	      3272	800029e4	b095a213	slti	x4,x11,-1271	 x11:0x00000011  x4=0x00000000
       32745000	      3273	800029e8	007c8133	add	x2,x25,x7	 x25:0x07ffffcf  x7:0x00000001  x2=0x07ffffd0
       32755000	      3274	800029ec	e1d30193	addi	x3,x6,-483	  x6:0x08351000  x3=0x08350e1d
       32765000	      3275	800029f0	0235c063	blt	x11,x3,80002a10	 x11:0x00000011  x3:0x08350e1d
       32775000	      3276	00000000	00000013	addi	x0,x0,0	  x0:0x00000000
       32785000	      3277	80002a0c	00000013	addi	x0,x0,0	  x0:0x00000000
       32795000	      3278	80002a10	03258663	beq	x11,x18,80002a3c	 x11:0x00000011 x18:0x00000001
       32805000	      3279	80002a14	01516c63	bltu	x2,x21,80002a2c	  x2:0x07ffffd0 x21:0x00000001
       32815000	      3280	80002a18	02204463	blt	x0,x2,80002a40	  x0:0x00000000  x2:0x07ffffd0
       32825000	      3281	00000000	00000013	addi	x0,x0,0	  x0:0x00000000
       32835000	      3282	80002a3c	00000013	addi	x0,x0,0	  x0:0x00000000
       32845000	      3283	80002a40	00f2fc63	bgeu	x5,x15,80002a58	  x5:0xf457474f x15:0xef065000
       32855000	      3284	00000000	00000013	addi	x0,x0,0	  x0:0x00000000
       32865000	      3285	80002a54	00000013	addi	x0,x0,0	  x0:0x00000000
       32875000	      3286	80002a58	0572c263	blt	x5,x23,80002a9c	  x5:0xf457474f x23:0xfffffd37
       32885000	      3287	00000000	00000013	addi	x0,x0,0	  x0:0x00000000
       32895000	      3288	80002a98	00000013	addi	x0,x0,0	  x0:0x00000000
       32905000	      3289	80002a9c	03abec63	bltu	x23,x26,80002ad4	 x23:0xfffffd37 x26:0xfffff8ba
       32915000	      3290	80002aa0	5857e293	ori	x5,x15,1413	 x15:0xef065000  x5=0xef065585
       32925000	      3291	80002aa4	00f78033	add	x0,x15,x15	 x15:0xef065000 x15:0xef065000
       32935000	      3292	80002aa8	407c8333	sub	x6,x25,x7	 x25:0x07ffffcf  x7:0x00000001  x6=0x07ffffce
       32945000	      3293	80002aac	404bd393	srai	x7,x23,0x4	 x23:0xfffffd37  x7=0xffffffd3
       32955000	      3294	80002ab0	007a7c63	bgeu	x20,x7,80002ac8	 x20:0x00000001  x7:0xffffffd3
       32965000	      3295	80002ab4	01fb9a63	bne	x23,x31,80002ac8	 x23:0xfffffd37 x31:0x02a4db96
       32975000	      3296	00000000	00000013	addi	x0,x0,0	  x0:0x00000000
       32985000	      3297	80002ac4	00000013	addi	x0,x0,0	  x0:0x00000000
       32995000	      3298	80002ac8	03434a63	blt	x6,x20,80002afc	  x6:0x07ffffce x20:0x00000001
       33005000	      3299	80002acc	017c8033	add	x0,x25,x23	 x25:0x07ffffcf x23:0xfffffd37
       33015000	      3300	80002ad0	006dd113	srli	x2,x27,0x6	 x27:0x000000ff  x2=0x00000003
       33025000	      3301	80002ad4	01681d33	sll	x26,x16,x22	 x16:0xffcdfc1c x22:0x00004580 x26=0xffcdfc1c
       33035000	      3302	80002ad8	014923b3	slt	x7,x18,x20	 x18:0x00000001 x20:0x00000001  x7=0x00000000
       33045000	      3303	80002adc	829fe813	ori	x16,x31,-2007	 x31:0x02a4db96 x16=0xfffffbbf
       33055000	      3304	80002ae0	01dc1033	sll	x0,x24,x29	 x24:0xffffffc8 x29:0x00000001
       33065000	      3305	80002ae4	045f4263	blt	x30,x5,80002b28	 x30:0x00000000  x5:0xef065585
       33075000	      3306	80002ae8	d0bd7593	andi	x11,x26,-757	 x26:0xffcdfc1c x11=0xffcdfc08
       33085000	      3307	80002aec	01da90b3	sll	x1,x21,x29	 x21:0x00000001 x29:0x00000001  x1=0x00000002
       33095000	      3308	80002af0	00b81b13	slli	x22,x16,0xb	 x16:0xfffffbbf x22=0xffddf800
       33105000	      3309	80002af4	e3230a13	addi	x20,x6,-462	  x6:0x07ffffce x20=0x07fffe00
       33115000	      3310	80002af8	035d8c63	beq	x27,x21,80002b30	 x27:0x000000ff x21:0x00000001
       33125000	      3311	80002afc	1ccafb13	andi	x22,x21,460	 x21:0x00000001 x22=0x00000000
       33135000	      3312	80002b00	17e66b93	ori	x23,x12,382	 x12:0x00800000 x23=0x0080017e
       33145000	      3313	80002b04	03549663	bne	x9,x21,80002b30	  x9:0x07ffffcf x21:0x00000001
       33155000	      3314	00000000	00000013	addi	x0,x0,0	  x0:0x00000000
       33165000	      3315	80002b2c	00000013	addi	x0,x0,0	  x0:0x00000000
       33175000	      3316	80002b30	41918db3	sub	x27,x3,x25	  x3:0x08350e1d x25:0x07ffffcf x27=0x00350e4e
       33185000	      3317	80002b34	01f8f863	bgeu	x17,x31,80002b44	 x17:0x80009ee4 x31:0x02a4db96
       33195000	      3318	00000000	00000013	addi	x0,x0,0	  x0:0x00000000
       33205000	      3319	80002b40	00000013	addi	x0,x0,0	  x0:0x00000000
       33215000	      3320	80002b44	dc148d93	addi	x27,x9,-575	  x9:0x07ffffcf x27=0x07fffd90
       33225000	      3321	80002b48	133d4a13	xori	x20,x26,307	 x26:0xffcdfc1c x20=0xffcdfd2f
       33235000	      3322	80002b4c	a0d9ad13	slti	x26,x19,-1523	 x19:0xfffffbd1 x26=0x00000000
       33245000	      3323	80002b50	00860e33	add	x28,x12,x8	 x12:0x00800000  x8:0xf4574760 x28=0xf4d74760
       33255000	      3324	80002b54	a1bcc493	xori	x9,x25,-1509	 x25:0x07ffffcf  x9=0xf80005d4
       33265000	      3325	80002b58	01fc2133	slt	x2,x24,x31	 x24:0xffffffc8 x31:0x02a4db96  x2=0x00000001
       33275000	      3326	80002b5c	0134d933	srl	x18,x9,x19	  x9:0xf80005d4 x19:0xfffffbd1 x18=0x00007c00
       33285000	      3327	80002b60	00011c63	bne	x2,x0,80002b78	  x2:0x00000001  x0:0x00000000
       33295000	      3328	00000000	00000013	addi	x0,x0,0	  x0:0x00000000
       33305000	      3329	80002b74	00000013	addi	x0,x0,0	  x0:0x00000000
       33315000	      3330	80002b78	01300cb3	add	x25,x0,x19	  x0:0x00000000 x19:0xfffffbd1 x25=0xfffffbd1
       33325000	      3331	80002b7c	00de9e13	slli	x28,x29,0xd	 x29:0x00000001 x28=0x00002000
       33335000	      3332	80002b80	002b6b33	or	x22,x22,x2	 x22:0x00000000  x2:0x00000001 x22=0x00000001
       33345000	      3333	80002b84	43b18817	auipc	x16,0x43b18	 x16=0xc3b1ab80
       33355000	      3334	80002b88	01b7fa63	bgeu	x15,x27,80002b9c	 x15:0xef065000 x27:0x07fffd90
       33365000	      3335	00000000	00000013	addi	x0,x0,0	  x0:0x00000000
       33375000	      3336	80002b98	00000013	addi	x0,x0,0	  x0:0x00000000
       33385000	      3337	80002b9c	36c24e93	xori	x29,x4,876	  x4:0x00000000 x29=0x0000036c
       33395000	      3338	80002ba0	008fb833	sltu	x16,x31,x8	 x31:0x02a4db96  x8:0xf4574760 x16=0x00000001
       33405000	      3339	80002ba4	0031d4b3	srl	x9,x3,x3	  x3:0x08350e1d  x3:0x08350e1d  x9=0x00000000
       33415000	      3340	80002ba8	00fdea63	bltu	x27,x15,80002bbc	 x27:0x07fffd90 x15:0xef065000
       33425000	      3341	00000000	00000013	addi	x0,x0,0	  x0:0x00000000
       33435000	      3342	80002bb8	00000013	addi	x0,x0,0	  x0:0x00000000
       33445000	      3343	80002bbc	00534db3	xor	x27,x6,x5	  x6:0x07ffffce  x5:0xef065585 x27=0xe8f9aa4b
       33455000	      3344	80002bc0	00c8c233	xor	x4,x17,x12	 x17:0x80009ee4 x12:0x00800000  x4=0x80809ee4
       33465000	      3345	80002bc4	4152d1b3	sra	x3,x5,x21	  x5:0xef065585 x21:0x00000001  x3=0xf7832ac2
       33475000	      3346	80002bc8	04931863	bne	x6,x9,80002c18	  x6:0x07ffffce  x9:0x00000000
       33485000	      3347	00000000	00000013	addi	x0,x0,0	  x0:0x00000000
       33495000	      3348	80002c14	00000013	addi	x0,x0,0	  x0:0x00000000
       33505000	      3349	80002c18	33c93793	sltiu	x15,x18,828	 x18:0x00007c00 x15=0x00000000
       33515000	      3350	80002c1c	f6c84e93	xori	x29,x16,-148	 x16:0x00000001 x29=0xffffff6d
       33525000	      3351	80002c20	03a01a63	bne	x0,x26,80002c54	  x0:0x00000000 x26:0x00000000
       33535000	      3352	80002c24	00000013	addi	x0,x0,0	  x0:0x00000000
       33545000	      3353	80002c28	651ef493	andi	x9,x29,1617	 x29:0xffffff6d  x9=0x00000641
       33555000	      3354	80002c2c	00bb1013	slli	x0,x22,0xb	 x22:0x00000001
       33565000	      3355	80002c30	4169dc93	srai	x25,x19,0x16	 x19:0xfffffbd1 x25=0xffffffff
       33575000	      3356	80002c34	01d79693	slli	x13,x15,0x1d	 x15:0x00000000 x13=0x00000000
       33585000	      3357	80002c38	02454463	blt	x10,x4,80002c60	 x10:0x80009ee4  x4:0x80809ee4
       33595000	      3358	00000000	00000013	addi	x0,x0,0	  x0:0x00000000
       33605000	      3359	80002c5c	00000013	addi	x0,x0,0	  x0:0x00000000
       33615000	      3360	80002c60	017179b3	and	x19,x2,x23	  x2:0x00000001 x23:0x0080017e x19=0x00000000
       33625000	      3361	80002c64	00fb64b3	or	x9,x22,x15	 x22:0x00000001 x15:0x00000000  x9=0x00000001
       33635000	      3362	80002c68	00000013	addi	x0,x0,0	  x0:0x00000000
       33645000	      3363	80002c6c	ad540f17	auipc	x30,0xad540	 x30=0x2d542c68
       33655000	      3364	80002c70	8a233c93	sltiu	x25,x6,-1886	  x6:0x07ffffce x25=0x00000001
       33665000	      3365	80002c74	00b83633	sltu	x12,x16,x11	 x16:0x00000001 x11:0xffcdfc08 x12=0x00000001
       33675000	      3366	80002c78	176c7493	andi	x9,x24,374	 x24:0xffffffc8  x9=0x00000140
       33685000	      3367	80002c7c	40350033	sub	x0,x10,x3	 x10:0x80009ee4  x3:0xf7832ac2
       33695000	      3368	80002c80	000ec863	blt	x29,x0,80002c90	 x29:0xffffff6d  x0:0x00000000
       33705000	      3369	00000000	00000013	addi	x0,x0,0	  x0:0x00000000
       33715000	      3370	80002c8c	00000013	addi	x0,x0,0	  x0:0x00000000
       33725000	      3371	80002c90	00a12933	slt	x18,x2,x10	  x2:0x00000001 x10:0x80009ee4 x18=0x00000000
       33735000	      3372	80002c94	f5728993	addi	x19,x5,-169	  x5:0xef065585 x19=0xef0654dc
       33745000	      3373	80002c98	032ad663	bge	x21,x18,80002cc4	 x21:0x00000001 x18:0x00000000
       33755000	      3374	00000000	00000013	addi	x0,x0,0	  x0:0x00000000
       33765000	      3375	80002cc0	00000013	addi	x0,x0,0	  x0:0x00000000
       33775000	      3376	80002cc4	01adec63	bltu	x27,x26,80002cdc	 x27:0xe8f9aa4b x26:0x00000000
       33785000	      3377	80002cc8	01124033	xor	x0,x4,x17	  x4:0x80809ee4 x17:0x80009ee4
       33795000	      3378	80002ccc	01fee263	bltu	x29,x31,80002cd0	 x29:0xffffff6d x31:0x02a4db96
       33805000	      3379	80002cd0	4184d793	srai	x15,x9,0x18	  x9:0x00000140 x15=0x00000000
       33815000	      3380	80002cd4	85a08793	addi	x15,x1,-1958	  x1:0x00000002 x15=0xfffff85c
       33825000	      3381	80002cd8	00000013	addi	x0,x0,0	  x0:0x00000000
       33835000	      3382	80002cdc	04885263	bge	x16,x8,80002d20	 x16:0x00000001  x8:0xf4574760
       33845000	      3383	00000000	00000013	addi	x0,x0,0	  x0:0x00000000
       33855000	      3384	80002d1c	00000013	addi	x0,x0,0	  x0:0x00000000
       33865000	      3385	80002d20	01861433	sll	x8,x12,x24	 x12:0x00000001 x24:0xffffffc8  x8=0x00000100
       33875000	      3386	80002d24	02285a63	bge	x16,x2,80002d58	 x16:0x00000001  x2:0x00000001
       33885000	      3387	00000000	00000013	addi	x0,x0,0	  x0:0x00000000
       33895000	      3388	80002d54	00000013	addi	x0,x0,0	  x0:0x00000000
       33905000	      3389	80002d58	d5030993	addi	x19,x6,-688	  x6:0x07ffffce x19=0x07fffd1e
       33915000	      3390	80002d5c	00425a33	srl	x20,x4,x4	  x4:0x80809ee4  x4:0x80809ee4 x20=0x080809ee
       33925000	      3391	80002d60	011f1a63	bne	x30,x17,80002d74	 x30:0x2d542c68 x17:0x80009ee4
       33935000	      3392	00000000	00000013	addi	x0,x0,0	  x0:0x00000000
       33945000	      3393	80002d70	00000013	addi	x0,x0,0	  x0:0x00000000
       33955000	      3394	80002d74	011a62b3	or	x5,x20,x17	 x20:0x080809ee x17:0x80009ee4  x5=0x88089fee
       33965000	      3395	80002d78	0059f5b3	and	x11,x19,x5	 x19:0x07fffd1e  x5:0x88089fee x11=0x00089d0e
       33975000	      3396	80002d7c	00e44b33	xor	x22,x8,x14	  x8:0x00000100 x14:0x80009fc4 x22=0x80009ec4
       33985000	      3397	80002d80	02b88263	beq	x17,x11,80002da4	 x17:0x80009ee4 x11:0x00089d0e
       33995000	      3398	80002d84	03421063	bne	x4,x20,80002da4	  x4:0x80809ee4 x20:0x080809ee
       34005000	      3399	00000000	00000013	addi	x0,x0,0	  x0:0x00000000
       34015000	      3400	80002da0	00000013	addi	x0,x0,0	  x0:0x00000000
       34025000	      3401	80002da4	35ed3a13	sltiu	x20,x26,862	 x26:0x00000000 x20=0x00000001
       34035000	      3402	80002da8	00000013	addi	x0,x0,0	  x0:0x00000000
       34045000	      3403	80002dac	9a466b97	auipc	x23,0x9a466	 x23=0x1a468da8
       34055000	      3404	80002db0	018738b3	sltu	x17,x14,x24	 x14:0x80009fc4 x24:0xffffffc8 x17=0x00000001
       34065000	      3405	80002db4	00000013	addi	x0,x0,0	  x0:0x00000000
       34075000	      3406	80002db8	00d60f33	add	x30,x12,x13	 x12:0x00000001 x13:0x00000000 x30=0x00000001
       34085000	      3407	80002dbc	01b09413	slli	x8,x1,0x1b	  x1:0x00000002  x8=0x10000000
       34095000	      3408	80002dc0	00452083	lw	x1,4(x10)	 x10:0x80009ee4  x1=0x80001058 PA:0x80009ee8
       34105000	      3409	80002dc4	0da6e913	ori	x18,x13,218	 x13:0x00000000 x18=0x000000da
       34115000	      3410	80002dc8	40eb0f33	sub	x30,x22,x14	 x22:0x80009ec4 x14:0x80009fc4 x30=0xffffff00
       34125000	      3411	80002dcc	8f388413	addi	x8,x17,-1805	 x17:0x00000001  x8=0xfffff8f4
       34135000	      3412	80002dd0	00106133	or	x2,x0,x1	  x0:0x00000000  x1:0x80001058  x2=0x80001058
       34145000	      3413	80002dd4	019b29b3	slt	x19,x22,x25	 x22:0x80009ec4 x25:0x00000001 x19=0x00000001
       34155000	      3414	80002dd8	03c50513	addi	x10,x10,60	 x10:0x80009ee4 x10=0x80009f20
       34165000	      3415	80002ddc	f12fdc17	auipc	x24,0xf12fd	 x24=0x712ffdd8
       34175000	      3416	80002de0	00008613	addi	x12,x1,0	  x1:0x80001058 x12=0x80001058
       34185000	      3417	80002de4	00060667	jalr	x12,x12,0	 x12:0x80001058 x12=0x80002de4
       34195000	      3418	00000000	00000013	addi	x0,x0,0	  x0:0x00000000
       34205000	      3419	80001058	00000013	addi	x0,x0,0	  x0:0x00000000
       34215000	      3420	8000105c	05fd2d93	slti	x27,x26,95	 x26:0x00000000 x27=0x00000001
       34225000	      3421	80001060	0104b3b3	sltu	x7,x9,x16	  x9:0x00000140 x16:0x00000001  x7=0x00000000
       34235000	      3422	80001064	03d7e063	bltu	x15,x29,80001084	 x15:0xfffff85c x29:0xffffff6d
       34245000	      3423	00000000	00000013	addi	x0,x0,0	  x0:0x00000000
       34255000	      3424	80001080	00000013	addi	x0,x0,0	  x0:0x00000000
       34265000	      3425	80001084	0865a313	slti	x6,x11,134	 x11:0x00089d0e  x6=0x00000000
       34275000	      3426	80001088	bce10237	lui	x4,0xbce10	  x4=0xbce10000
       34285000	      3427	8000108c	014b7863	bgeu	x22,x20,8000109c	 x22:0x80009ec4 x20:0x00000001
       34295000	      3428	00000000	00000013	addi	x0,x0,0	  x0:0x00000000
       34305000	      3429	80001098	00000013	addi	x0,x0,0	  x0:0x00000000
       34315000	      3430	8000109c	6f96cc93	xori	x25,x13,1785	 x13:0x00000000 x25=0x000006f9
       34325000	      3431	800010a0	02bd5463	bge	x26,x11,800010c8	 x26:0x00000000 x11:0x00089d0e
       34335000	      3432	800010a4	410bd013	srai	x0,x23,0x10	 x23:0x1a468da8
       34345000	      3433	800010a8	00000013	addi	x0,x0,0	  x0:0x00000000
       34355000	      3434	800010ac	68cf3217	auipc	x4,0x68cf3	  x4=0xe8cf40a8
       34365000	      3435	800010b0	00d70333	add	x6,x14,x13	 x14:0x80009fc4 x13:0x00000000  x6=0x80009fc4
       34375000	      3436	800010b4	40e7d193	srai	x3,x15,0xe	 x15:0xfffff85c  x3=0xffffffff
       34385000	      3437	800010b8	40d608b3	sub	x17,x12,x13	 x12:0x80002de4 x13:0x00000000 x17=0x80002de4
       34395000	      3438	800010bc	01851a13	slli	x20,x10,0x18	 x10:0x80009f20 x20=0x20000000
       34405000	      3439	800010c0	018aeab3	or	x21,x21,x24	 x21:0x00000001 x24:0x712ffdd8 x21=0x712ffdd9
       34415000	      3440	800010c4	00000013	addi	x0,x0,0	  x0:0x00000000
       34425000	      3441	800010c8	256db397	auipc	x7,0x256db	  x7=0xa56dc0c4
       34435000	      3442	800010cc	4ddb8993	addi	x19,x23,1245	 x23:0x1a468da8 x19=0x1a469285
       34445000	      3443	800010d0	00000013	addi	x0,x0,0	  x0:0x00000000
       34455000	      3444	800010d4	2669ee13	ori	x28,x19,614	 x19:0x1a469285 x28=0x1a4692e7
       34465000	      3445	800010d8	00b5dd93	srli	x27,x11,0xb	 x11:0x00089d0e x27=0x00000113
       34475000	      3446	800010dc	00152633	slt	x12,x10,x1	 x10:0x80009f20  x1:0x80001058 x12=0x00000000
       34485000	      3447	800010e0	22203097	auipc	x1,0x22203	  x1=0xa22040dc
       34495000	      3448	800010e4	04395263	bge	x18,x3,80001128	 x18:0x000000da  x3:0xffffffff
       34505000	      3449	00000000	00000013	addi	x0,x0,0	  x0:0x00000000
       34515000	      3450	80001124	00000013	addi	x0,x0,0	  x0:0x00000000
       34525000	      3451	80001128	01891f13	slli	x30,x18,0x18	 x18:0x000000da x30=0xda000000
       34535000	      3452	8000112c	0421e463	bltu	x3,x2,80001174	  x3:0xffffffff  x2:0x80001058
       34545000	      3453	80001130	031dd063	bge	x27,x17,80001150	 x27:0x00000113 x17:0x80002de4
       34555000	      3454	00000000	00000013	addi	x0,x0,0	  x0:0x00000000
       34565000	      3455	8000114c	00000013	addi	x0,x0,0	  x0:0x00000000
       34575000	      3456	80001150	02afe463	bltu	x31,x10,80001178	 x31:0x02a4db96 x10:0x80009f20
       34585000	      3457	00000000	00000013	addi	x0,x0,0	  x0:0x00000000
       34595000	      3458	80001174	00000013	addi	x0,x0,0	  x0:0x00000000
       34605000	      3459	80001178	03881063	bne	x16,x24,80001198	 x16:0x00000001 x24:0x712ffdd8
       34615000	      3460	00000000	00000013	addi	x0,x0,0	  x0:0x00000000
       34625000	      3461	80001194	00000013	addi	x0,x0,0	  x0:0x00000000
       34635000	      3462	80001198	32b4c893	xori	x17,x9,811	  x9:0x00000140 x17=0x0000026b
       34645000	      3463	8000119c	00795913	srli	x18,x18,0x7	 x18:0x000000da x18=0x00000001
       34655000	      3464	800011a0	8d58bc13	sltiu	x24,x17,-1835	 x17:0x0000026b x24=0x00000001
       34665000	      3465	800011a4	01a49b93	slli	x23,x9,0x1a	  x9:0x00000140 x23=0x00000000
       34675000	      3466	800011a8	00f5bab3	sltu	x21,x11,x15	 x11:0x00089d0e x15:0xfffff85c x21=0x00000001
       34685000	      3467	800011ac	40815ab3	sra	x21,x2,x8	  x2:0x80001058  x8:0xfffff8f4 x21=0xfffff800
       34695000	      3468	800011b0	0595f263	bgeu	x11,x25,800011f4	 x11:0x00089d0e x25:0x000006f9
       34705000	      3469	00000000	00000013	addi	x0,x0,0	  x0:0x00000000
       34715000	      3470	800011f0	00000013	addi	x0,x0,0	  x0:0x00000000
       34725000	      3471	800011f4	88228413	addi	x8,x5,-1918	  x5:0x88089fee  x8=0x88089870
       34735000	      3472	800011f8	f138dd37	lui	x26,0xf138d	 x26=0xf138d000
       34745000	      3473	800011fc	40da53b3	sra	x7,x20,x13	 x20:0x20000000 x13:0x00000000  x7=0x20000000
       34755000	      3474	80001200	41b4d233	sra	x4,x9,x27	  x9:0x00000140 x27:0x00000113  x4=0x00000000
       34765000	      3475	80001204	7999f593	andi	x11,x19,1945	 x19:0x1a469285 x11=0x00000281
       34775000	      3476	80001208	002c2f33	slt	x30,x24,x2	 x24:0x00000001  x2:0x80001058 x30=0x00000000
       34785000	      3477	8000120c	6fbd4417	auipc	x8,0x6fbd4	  x8=0xefbd5208
       34795000	      3478	80001210	01f2a2b3	slt	x5,x5,x31	  x5:0x88089fee x31:0x02a4db96  x5=0x00000001
       34805000	      3479	80001214	3c0eaa13	slti	x20,x29,960	 x29:0xffffff6d x20=0x00000001
       34815000	      3480	80001218	00444233	xor	x4,x8,x4	  x8:0xefbd5208  x4:0x00000000  x4=0xefbd5208
       34825000	      3481	8000121c	69db8a13	addi	x20,x23,1693	 x23:0x00000000 x20=0x0000069d
       34835000	      3482	80001220	00000013	addi	x0,x0,0	  x0:0x00000000
       34845000	      3483	80001224	02c98463	beq	x19,x12,8000124c	 x19:0x1a469285 x12:0x00000000
       34855000	      3484	80001228	b82b7493	andi	x9,x22,-1150	 x22:0x80009ec4  x9=0x80009a80
       34865000	      3485	8000122c	fb135eb7	lui	x29,0xfb135	 x29=0xfb135000
       34875000	      3486	80001230	01895813	srli	x16,x18,0x18	 x18:0x00000001 x16=0x00000000
       34885000	      3487	80001234	413f5b13	srai	x22,x30,0x13	 x30:0x00000000 x22=0x00000000
       34895000	      3488	80001238	00bbbdb3	sltu	x27,x23,x11	 x23:0x00000000 x11:0x00000281 x27=0x00000001
       34905000	      3489	8000123c	d3ee1337	lui	x6,0xd3ee1	  x6=0xd3ee1000
       34915000	      3490	80001240	003ee5b3	or	x11,x29,x3	 x29:0xfb135000  x3:0xffffffff x11=0xffffffff
       34925000	      3491	80001244	00000013	addi	x0,x0,0	  x0:0x00000000
       34935000	      3492	80001248	03586c63	bltu	x16,x21,80001280	 x16:0x00000000 x21:0xfffff800
       34945000	      3493	00000000	00000013	addi	x0,x0,0	  x0:0x00000000
       34955000	      3494	8000127c	00000013	addi	x0,x0,0	  x0:0x00000000
       34965000	      3495	80001280	00a69233	sll	x4,x13,x10	 x13:0x00000000 x10:0x80009f20  x4=0x00000000
       34975000	      3496	80001284	07f20b37	lui	x22,0x7f20	 x22=0x07f20000
       34985000	      3497	80001288	25294413	xori	x8,x18,594	 x18:0x00000001  x8=0x00000253
       34995000	      3498	8000128c	01da1a63	bne	x20,x29,800012a0	 x20:0x0000069d x29:0xfb135000
       35005000	      3499	00000000	00000013	addi	x0,x0,0	  x0:0x00000000
       35015000	      3500	8000129c	00000013	addi	x0,x0,0	  x0:0x00000000
       35025000	      3501	800012a0	01d85093	srli	x1,x16,0x1d	 x16:0x00000000  x1=0x00000000
       35035000	      3502	800012a4	e1108413	addi	x8,x1,-495	  x1:0x00000000  x8=0xfffffe11
       35045000	      3503	800012a8	01e991b3	sll	x3,x19,x30	 x19:0x1a469285 x30:0x00000000  x3=0x1a469285
       35055000	      3504	800012ac	016ef633	and	x12,x29,x22	 x29:0xfb135000 x22:0x07f20000 x12=0x03120000
       35065000	      3505	800012b0	525f7d93	andi	x27,x30,1317	 x30:0x00000000 x27=0x00000000
       35075000	      3506	800012b4	00452083	lw	x1,4(x10)	 x10:0x80009f20  x1=0x80001c10 PA:0x80009f24
       35085000	      3507	800012b8	006e7db3	and	x27,x28,x6	 x28:0x1a4692e7  x6:0xd3ee1000 x27=0x12461000
       35095000	      3508	800012bc	005de233	or	x4,x27,x5	 x27:0x12461000  x5:0x00000001  x4=0x12461001
       35105000	      3509	800012c0	41fe52b3	sra	x5,x28,x31	 x28:0x1a4692e7 x31:0x02a4db96  x5=0x00000069
       35115000	      3510	800012c4	41776b93	ori	x23,x14,1047	 x14:0x80009fc4 x23=0x80009fd7
       35125000	      3511	800012c8	8ef40113	addi	x2,x8,-1809	  x8:0xfffffe11  x2=0xfffff700
       35135000	      3512	800012cc	0186beb3	sltu	x29,x13,x24	 x13:0x00000000 x24:0x00000001 x29=0x00000001
       35145000	      3513	800012d0	03450513	addi	x10,x10,52	 x10:0x80009f20 x10=0x80009f54
       35155000	      3514	800012d4	5750b193	sltiu	x3,x1,1397	  x1:0x80001c10  x3=0x00000000
       35165000	      3515	800012d8	00108213	addi	x4,x1,1	  x1:0x80001c10  x4=0x80001c11
       35175000	      3516	800012dc	00020267	jalr	x4,x4,0	  x4:0x80001c11  x4=0x800012dc
       35185000	      3517	00000000	00000013	addi	x0,x0,0	  x0:0x00000000
       35195000	      3518	80001c10	00000013	addi	x0,x0,0	  x0:0x00000000
       35205000	      3519	80001c14	71b38413	addi	x8,x7,1819	  x7:0x20000000  x8=0x2000071b
       35215000	      3520	80001c18	8e6f2613	slti	x12,x30,-1818	 x30:0x00000000 x12=0x00000000
       35225000	      3521	80001c1c	d2217a93	andi	x21,x2,-734	  x2:0xfffff700 x21=0xfffff500
       35235000	      3522	80001c20	020cea63	bltu	x25,x0,80001c54	 x25:0x000006f9  x0:0x00000000
       35245000	      3523	80001c24	406c8933	sub	x18,x25,x6	 x25:0x000006f9  x6:0xd3ee1000 x18=0x2c11f6f9
       35255000	      3524	80001c28	00000013	addi	x0,x0,0	  x0:0x00000000
       35265000	      3525	80001c2c	cc1bff13	andi	x30,x23,-831	 x23:0x80009fd7 x30=0x80009cc1
       35275000	      3526	80001c30	f9f08c13	addi	x24,x1,-97	  x1:0x80001c10 x24=0x80001baf
       35285000	      3527	80001c34	d03f2b93	slti	x23,x30,-765	 x30:0x80009cc1 x23=0x00000001
       35295000	      3528	80001c38	0073dd33	srl	x26,x7,x7	  x7:0x20000000  x7:0x20000000 x26=0x20000000
       35305000	      3529	80001c3c	73a24493	xori	x9,x4,1850	  x4:0x800012dc  x9=0x800015e6
       35315000	      3530	80001c40	a308fd13	andi	x26,x17,-1488	 x17:0x0000026b x26=0x00000220
       35325000	      3531	80001c44	401cd6b3	sra	x13,x25,x1	 x25:0x000006f9  x1:0x80001c10 x13=0x00000000
       35335000	      3532	80001c48	01af5d13	srli	x26,x30,0x1a	 x30:0x80009cc1 x26=0x00000020
       35345000	      3533	80001c4c	0006b5b3	sltu	x11,x13,x0	 x13:0x00000000  x0:0x00000000 x11=0x00000000
       35355000	      3534	80001c50	01045213	srli	x4,x8,0x10	  x8:0x2000071b  x4=0x00002000
       35365000	      3535	80001c54	00cbccb3	xor	x25,x23,x12	 x23:0x00000001 x12:0x00000000 x25=0x00000001
       35375000	      3536	80001c58	41f25813	srai	x16,x4,0x1f	  x4:0x00002000 x16=0x00000000
       35385000	      3537	80001c5c	03fffe63	bgeu	x31,x31,80001c98	 x31:0x02a4db96 x31:0x02a4db96
       35395000	      3538	00000000	00000013	addi	x0,x0,0	  x0:0x00000000
       35405000	      3539	80001c94	00000013	addi	x0,x0,0	  x0:0x00000000
       35415000	      3540	80001c98	40c45233	sra	x4,x8,x12	  x8:0x2000071b x12:0x00000000  x4=0x2000071b
       35425000	      3541	80001c9c	01cf1bb3	sll	x23,x30,x28	 x30:0x80009cc1 x28:0x1a4692e7 x23=0x004e6080
       35435000	      3542	80001ca0	c79ae613	ori	x12,x21,-903	 x21:0xfffff500 x12=0xfffffd79
       35445000	      3543	80001ca4	01299413	slli	x8,x19,0x12	 x19:0x1a469285  x8=0x4a140000
       35455000	      3544	80001ca8	0017c863	blt	x15,x1,80001cb8	 x15:0xfffff85c  x1:0x80001c10
       35465000	      3545	80001cac	01979893	slli	x17,x15,0x19	 x15:0xfffff85c x17=0xb8000000
       35475000	      3546	80001cb0	05975063	bge	x14,x25,80001cf0	 x14:0x80009fc4 x25:0x00000001
       35485000	      3547	80001cb4	01879463	bne	x15,x24,80001cbc	 x15:0xfffff85c x24:0x80001baf
       35495000	      3548	00000000	00000013	addi	x0,x0,0	  x0:0x00000000
       35505000	      3549	80001cb8	00000013	addi	x0,x0,0	  x0:0x00000000
       35515000	      3550	80001cbc	05d0c463	blt	x1,x29,80001d04	  x1:0x80001c10 x29:0x00000001
       35525000	      3551	00000000	00000013	addi	x0,x0,0	  x0:0x00000000
       35535000	      3552	80001d00	00000013	addi	x0,x0,0	  x0:0x00000000
       35545000	      3553	80001d04	4097da93	srai	x21,x15,0x9	 x15:0xfffff85c x21=0xfffffffc
       35555000	      3554	80001d08	00000013	addi	x0,x0,0	  x0:0x00000000
       35565000	      3555	80001d0c	00357c33	and	x24,x10,x3	 x10:0x80009f54  x3:0x00000000 x24=0x00000000
       35575000	      3556	80001d10	af72a813	slti	x16,x5,-1289	  x5:0x00000069 x16=0x00000000
       35585000	      3557	80001d14	408757b3	sra	x15,x14,x8	 x14:0x80009fc4  x8:0x4a140000 x15=0x80009fc4
       35595000	      3558	80001d18	4070da33	sra	x20,x1,x7	  x1:0x80001c10  x7:0x20000000 x20=0x80001c10
       35605000	      3559	80001d1c	4a495e37	lui	x28,0x4a495	 x28=0x4a495000
       35615000	      3560	80001d20	003d1b33	sll	x22,x26,x3	 x26:0x00000020  x3:0x00000000 x22=0x00000020
       35625000	      3561	80001d24	00000013	addi	x0,x0,0	  x0:0x00000000
       35635000	      3562	80001d28	00a21f33	sll	x30,x4,x10	  x4:0x2000071b x10:0x80009f54 x30=0x71b00000
       35645000	      3563	80001d2c	41bed013	srai	x0,x29,0x1b	 x29:0x00000001
       35655000	      3564	80001d30	012fd263	bge	x31,x18,80001d34	 x31:0x02a4db96 x18:0x2c11f6f9
       35665000	      3565	80001d34	16294993	xori	x19,x18,354	 x18:0x2c11f6f9 x19=0x2c11f79b
       35675000	      3566	80001d38	f1b3c113	xori	x2,x7,-229	  x7:0x20000000  x2=0xdfffff1b
       35685000	      3567	80001d3c	62ad8b93	addi	x23,x27,1578	 x27:0x12461000 x23=0x1246162a
       35695000	      3568	80001d40	40ce5013	srai	x0,x28,0xc	 x28:0x4a495000
       35705000	      3569	80001d44	00452083	lw	x1,4(x10)	 x10:0x80009f54  x1=0x800005f4 PA:0x80009f58
       35715000	      3570	80001d48	011a7d33	and	x26,x20,x17	 x20:0x80001c10 x17:0xb8000000 x26=0x80000000
       35725000	      3571	80001d4c	0138d4b3	srl	x9,x17,x19	 x17:0xb8000000 x19:0x2c11f79b  x9=0x00000017
       35735000	      3572	80001d50	0126a233	slt	x4,x13,x18	 x13:0x00000000 x18:0x2c11f6f9  x4=0x00000001
       35745000	      3573	80001d54	014e89b3	add	x19,x29,x20	 x29:0x00000001 x20:0x80001c10 x19=0x80001c11
       35755000	      3574	80001d58	03050513	addi	x10,x10,48	 x10:0x80009f54 x10=0x80009f84
       35765000	      3575	80001d5c	010fb833	sltu	x16,x31,x16	 x31:0x02a4db96 x16:0x00000000 x16=0x00000000
       35775000	      3576	80001d60	00008693	addi	x13,x1,0	  x1:0x800005f4 x13=0x800005f4
       35785000	      3577	80001d64	000686e7	jalr	x13,x13,0	 x13:0x800005f4 x13=0x80001d64
       35795000	      3578	00000000	00000013	addi	x0,x0,0	  x0:0x00000000
       35805000	      3579	800005f4	00000013	addi	x0,x0,0	  x0:0x00000000
       35815000	      3580	800005f8	7ef034b7	lui	x9,0x7ef03	  x9=0x7ef03000
       35825000	      3581	800005fc	41a489b3	sub	x19,x9,x26	  x9:0x7ef03000 x26:0x80000000 x19=0xfef03000
       35835000	      3582	80000600	04d08863	beq	x1,x13,80000650	  x1:0x800005f4 x13:0x80001d64
       35845000	      3583	80000604	01e79033	sll	x0,x15,x30	 x15:0x80009fc4 x30:0x71b00000
       35855000	      3584	80000608	4265ca13	xori	x20,x11,1062	 x11:0x00000000 x20=0x00000426
       35865000	      3585	8000060c	00000013	addi	x0,x0,0	  x0:0x00000000
       35875000	      3586	80000610	00bdd933	srl	x18,x27,x11	 x27:0x12461000 x11:0x00000000 x18=0x12461000
       35885000	      3587	80000614	6758ee17	auipc	x28,0x6758e	 x28=0xe758e610
       35895000	      3588	80000618	673beb13	ori	x22,x23,1651	 x23:0x1246162a x22=0x1246167b
       35905000	      3589	8000061c	49206cb7	lui	x25,0x49206	 x25=0x49206000
       35915000	      3590	80000620	01448863	beq	x9,x20,80000630	  x9:0x7ef03000 x20:0x00000426
       35925000	      3591	80000624	a960f613	andi	x12,x1,-1386	  x1:0x800005f4 x12=0x80000094
       35935000	      3592	80000628	00d40e63	beq	x8,x13,80000644	  x8:0x4a140000 x13:0x80001d64
       35945000	      3593	8000062c	41e85a13	srai	x20,x16,0x1e	 x16:0x00000000 x20=0x00000000
       35955000	      3594	80000630	5348c913	xori	x18,x17,1332	 x17:0xb8000000 x18=0xb8000534
       35965000	      3595	80000634	0157ec63	bltu	x15,x21,8000064c	 x15:0x80009fc4 x21:0xfffffffc
       35975000	      3596	00000000	00000013	addi	x0,x0,0	  x0:0x00000000
       35985000	      3597	80000648	00000013	addi	x0,x0,0	  x0:0x00000000
       35995000	      3598	8000064c	01d5be33	sltu	x28,x11,x29	 x11:0x00000000 x29:0x00000001 x28=0x00000001
       36005000	      3599	80000650	0613d463	bge	x7,x1,800006b8	  x7:0x20000000  x1:0x800005f4
       36015000	      3600	00000000	00000013	addi	x0,x0,0	  x0:0x00000000
       36025000	      3601	800006b4	00000013	addi	x0,x0,0	  x0:0x00000000
       36035000	      3602	800006b8	01128b33	add	x22,x5,x17	  x5:0x00000069 x17:0xb8000000 x22=0xb8000069
       36045000	      3603	800006bc	400cd0b3	sra	x1,x25,x0	 x25:0x49206000  x0:0x00000000  x1=0x49206000
       36055000	      3604	800006c0	00000013	addi	x0,x0,0	  x0:0x00000000
       36065000	      3605	800006c4	01c85033	srl	x0,x16,x28	 x16:0x00000000 x28:0x00000001
       36075000	      3606	800006c8	00b31913	slli	x18,x6,0xb	  x6:0xd3ee1000 x18=0x70800000
       36085000	      3607	800006cc	7758cb13	xori	x22,x17,1909	 x17:0xb8000000 x22=0xb8000775
       36095000	      3608	800006d0	044dc863	blt	x27,x4,80000720	 x27:0x12461000  x4:0x00000001
       36105000	      3609	800006d4	00d0ca33	xor	x20,x1,x13	  x1:0x49206000 x13:0x80001d64 x20=0xc9207d64
       36115000	      3610	800006d8	01f5c233	xor	x4,x11,x31	 x11:0x00000000 x31:0x02a4db96  x4=0x02a4db96
       36125000	      3611	800006dc	00855e93	srli	x29,x10,0x8	 x10:0x80009f84 x29=0x0080009f
       36135000	      3612	800006e0	03298113	addi	x2,x19,50	 x19:0xfef03000  x2=0xfef03032
       36145000	      3613	800006e4	2ba68b13	addi	x22,x13,698	 x13:0x80001d64 x22=0x8000201e
       36155000	      3614	800006e8	00c83bb3	sltu	x23,x16,x12	 x16:0x00000000 x12:0x80000094 x23=0x00000001
       36165000	      3615	800006ec	018314b3	sll	x9,x6,x24	  x6:0xd3ee1000 x24:0x00000000  x9=0xd3ee1000
       36175000	      3616	800006f0	40ae8bb3	sub	x23,x29,x10	 x29:0x0080009f x10:0x80009f84 x23=0x807f611b
       36185000	      3617	800006f4	00e21333	sll	x6,x4,x14	  x4:0x02a4db96 x14:0x80009fc4  x6=0x2a4db960
       36195000	      3618	800006f8	98740b93	addi	x23,x8,-1657	  x8:0x4a140000 x23=0x4a13f987
       36205000	      3619	800006fc	00000013	addi	x0,x0,0	  x0:0x00000000
       36215000	      3620	80000700	412659b3	sra	x19,x12,x18	 x12:0x80000094 x18:0x70800000 x19=0x80000094
       36225000	      3621	80000704	009b5c93	srli	x25,x22,0x9	 x22:0x8000201e x25=0x00400010
       36235000	      3622	80000708	0097c663	blt	x15,x9,80000714	 x15:0x80009fc4  x9:0xd3ee1000
       36245000	      3623	00000000	00000013	addi	x0,x0,0	  x0:0x00000000
       36255000	      3624	80000710	00000013	addi	x0,x0,0	  x0:0x00000000
       36265000	      3625	80000714	6e587913	andi	x18,x16,1765	 x16:0x00000000 x18=0x00000000
       36275000	      3626	80000718	01b30633	add	x12,x6,x27	  x6:0x2a4db960 x27:0x12461000 x12=0x3c93c960
       36285000	      3627	8000071c	40248bb3	sub	x23,x9,x2	  x9:0xd3ee1000  x2:0xfef03032 x23=0xd4fddfce
       36295000	      3628	80000720	00e60a63	beq	x12,x14,80000734	 x12:0x3c93c960 x14:0x80009fc4
       36305000	      3629	80000724	03e65e63	bge	x12,x30,80000760	 x12:0x3c93c960 x30:0x71b00000
       36315000	      3630	80000728	f7990b13	addi	x22,x18,-135	 x18:0x00000000 x22=0xffffff79
       36325000	      3631	8000072c	41d8d033	sra	x0,x17,x29	 x17:0xb8000000 x29:0x0080009f
       36335000	      3632	80000730	00baedb3	or	x27,x21,x11	 x21:0xfffffffc x11:0x00000000 x27=0xfffffffc
       36345000	      3633	80000734	0258f863	bgeu	x17,x5,80000764	 x17:0xb8000000  x5:0x00000069
       36355000	      3634	00000000	00000013	addi	x0,x0,0	  x0:0x00000000
       36365000	      3635	80000760	00000013	addi	x0,x0,0	  x0:0x00000000
       36375000	      3636	80000764	0521e863	bltu	x3,x18,800007b4	  x3:0x00000000 x18:0x00000000
       36385000	      3637	80000768	03e78463	beq	x15,x30,80000790	 x15:0x80009fc4 x30:0x71b00000
       36395000	      3638	8000076c	deaefe13	andi	x28,x29,-534	 x29:0x0080009f x28=0x0080008a
       36405000	      3639	80000770	00575893	srli	x17,x14,0x5	 x14:0x80009fc4 x17=0x040004fe
       36415000	      3640	80000774	001220b3	slt	x1,x4,x1	  x4:0x02a4db96  x1:0x49206000  x1=0x00000001
       36425000	      3641	80000778	0027ca33	xor	x20,x15,x2	 x15:0x80009fc4  x2:0xfef03032 x20=0x7ef0aff6
       36435000	      3642	8000077c	416205b3	sub	x11,x4,x22	  x4:0x02a4db96 x22:0xffffff79 x11=0x02a4dc1d
       36445000	      3643	80000780	f5df2a93	slti	x21,x30,-163	 x30:0x71b00000 x21=0x00000000
       36455000	      3644	80000784	8f20a9b7	lui	x19,0x8f20a	 x19=0x8f20a000
       36465000	      3645	80000788	00a78933	add	x18,x15,x10	 x15:0x80009fc4 x10:0x80009f84 x18=0x00013f48
       36475000	      3646	8000078c	88408793	addi	x15,x1,-1916	  x1:0x00000001 x15=0xfffff885
       36485000	      3647	80000790	404d8cb3	sub	x25,x27,x4	 x27:0xfffffffc  x4:0x02a4db96 x25=0xfd5b2466
       36495000	      3648	80000794	05388063	beq	x17,x19,800007d4	 x17:0x040004fe x19:0x8f20a000
       36505000	      3649	80000798	ae7e2c93	slti	x25,x28,-1305	 x28:0x0080008a x25=0x00000000
       36515000	      3650	8000079c	00f29ab3	sll	x21,x5,x15	  x5:0x00000069 x15:0xfffff885 x21=0x00000d20
       36525000	      3651	800007a0	5dd8e813	ori	x16,x17,1501	 x17:0x040004fe x16=0x040005ff
       36535000	      3652	800007a4	402f8033	sub	x0,x31,x2	 x31:0x02a4db96  x2:0xfef03032
       36545000	      3653	800007a8	40988b33	sub	x22,x17,x9	 x17:0x040004fe  x9:0xd3ee1000 x22=0x3011f4fe
       36555000	      3654	800007ac	01c9df33	srl	x30,x19,x28	 x19:0x8f20a000 x28:0x0080008a x30=0x0023c828
       36565000	      3655	800007b0	05d3d863	bge	x7,x29,80000800	  x7:0x20000000 x29:0x0080009f
       36575000	      3656	00000000	00000013	addi	x0,x0,0	  x0:0x00000000
       36585000	      3657	800007fc	00000013	addi	x0,x0,0	  x0:0x00000000
       36595000	      3658	80000800	017a80b3	add	x1,x21,x23	 x21:0x00000d20 x23:0xd4fddfce  x1=0xd4fdecee
       36605000	      3659	80000804	01796133	or	x2,x18,x23	 x18:0x00013f48 x23:0xd4fddfce  x2=0xd4fdffce
       36615000	      3660	80000808	65903c13	sltiu	x24,x0,1625	  x0:0x00000000 x24=0x00000001
       36625000	      3661	8000080c	6ab39337	lui	x6,0x6ab39	  x6=0x6ab39000
       36635000	      3662	80000810	b6c5bb97	auipc	x23,0xb6c5b	 x23=0x36c5b80c
       36645000	      3663	80000814	407c5f33	sra	x30,x24,x7	 x24:0x00000001  x7:0x20000000 x30=0x00000001
       36655000	      3664	80000818	010c6233	or	x4,x24,x16	 x24:0x00000001 x16:0x040005ff  x4=0x040005ff
       36665000	      3665	8000081c	0089c833	xor	x16,x19,x8	 x19:0x8f20a000  x8:0x4a140000 x16=0xc534a000
       36675000	      3666	80000820	406a8a33	sub	x20,x21,x6	 x21:0x00000d20  x6:0x6ab39000 x20=0x954c7d20
       36685000	      3667	80000824	a2a37613	andi	x12,x6,-1494	  x6:0x6ab39000 x12=0x6ab39000
       36695000	      3668	80000828	001922b3	slt	x5,x18,x1	 x18:0x00013f48  x1:0xd4fdecee  x5=0x00000000
       36705000	      3669	8000082c	00b6bc33	sltu	x24,x13,x11	 x13:0x80001d64 x11:0x02a4dc1d x24=0x00000000
       36715000	      3670	80000830	521e50b7	lui	x1,0x521e5	  x1=0x521e5000
       36725000	      3671	80000834	01c18c63	beq	x3,x28,8000084c	  x3:0x00000000 x28:0x0080008a
       36735000	      3672	80000838	00a4da63	bge	x9,x10,8000084c	  x9:0xd3ee1000 x10:0x80009f84
       36745000	      3673	00000000	00000013	addi	x0,x0,0	  x0:0x00000000
       36755000	      3674	80000848	00000013	addi	x0,x0,0	  x0:0x00000000
       36765000	      3675	8000084c	74f4a6b7	lui	x13,0x74f4a	 x13=0x74f4a000
       36775000	      3676	80000850	00000f97	auipc	x31,0x0	 x31=0x8000084c
       36785000	      3677	80000854	00cf8f93	addi	x31,x31,12	 x31:0x8000084c x31=0x80000858
       36795000	      3678	80000858	000f8067	jalr	x0,x31,0	 x31:0x80000858
       36805000	      3679	00000000	00000013	addi	x0,x0,0	  x0:0x00000000
       36815000	      3680	80000858	00000013	addi	x0,x0,0	  x0:0x00000000
       36825000	      3681	8000085c	00100193	addi	x3,x0,1	  x0:0x00000000  x3=0x00000001
       36835000	      3682	80000860	00000073	ecall	
       36845000	      3683	80000864	00c35f13	srli	x30,x6,0xc	  x6:0x6ab39000 x30=0x0006ab39
