		Time			Cycle	PC		Insn	Decoded instruction	Register and memory contents
          65000	         5	80000004	00000293	addi	x5,x0,0	  x0:0x00000000  x5=0x00000000
          75000	         6	80000008	00000313	addi	x6,x0,0	  x0:0x00000000  x6=0x00000000
          85000	         7	8000000c	00628263	beq	x5,x6,80000010	  x5:0x00000000  x6:0x00000000
          95000	         8	00000000	00000013	addi	x0,x0,0	  x0:0x00000000
         105000	         9	8000000c	00000013	addi	x0,x0,0	  x0:0x00000000
         115000	        10	80000010	00000917	auipc	x18,0x0	 x18=0x8000000c
         125000	        11	80000014	00c90913	addi	x18,x18,12	 x18:0x8000000c x18=0x80000018
         135000	        12	80000018	00090067	jalr	x0,x18,0	 x18:0x80000018
         145000	        13	00000000	00000013	addi	x0,x0,0	  x0:0x00000000
         155000	        14	80000018	00000013	addi	x0,x0,0	  x0:0x00000000
         165000	        15	8000001c	40000c37	lui	x24,0x40000	 x24=0x40000000
         175000	        16	80000020	100c0c13	addi	x24,x24,256	 x24:0x40000000 x24=0x40000100
         185000	        17	80000024	00000013	addi	x0,x0,0	  x0:0x00000000
         195000	        18	80000028	0000ac97	auipc	x25,0xa	 x25=0x8000a024
         205000	        19	8000002c	fa0c8c93	addi	x25,x25,-96	 x25:0x8000a024 x25=0x80009fc4
         215000	        20	80000030	00003c17	auipc	x24,0x3	 x24=0x8000302c
         225000	        21	80000034	eacc0c13	addi	x24,x24,-340	 x24:0x8000302c x24=0x80002ed8
         235000	        22	80000038	000c6c13	ori	x24,x24,0	 x24:0x80002ed8 x24=0x80002ed8
         245000	        23	8000003c	00000013	addi	x0,x0,0	  x0:0x00000000
         255000	        24	80000040	00000c17	auipc	x24,0x0	 x24=0x8000003c
         265000	        25	80000044	020c0c13	addi	x24,x24,32	 x24:0x8000003c x24=0x8000005c
         275000	        26	80000048	00000013	addi	x0,x0,0	  x0:0x00000000
         285000	        27	8000004c	00000013	addi	x0,x0,0	  x0:0x00000000
         295000	        28	80000050	00002c37	lui	x24,0x2	 x24=0x00002000
         305000	        29	80000054	800c0c13	addi	x24,x24,-2048	 x24:0x00002000 x24=0x00001800
         315000	        30	80000058	00000013	addi	x0,x0,0	  x0:0x00000000
         325000	        31	8000005c	00000013	addi	x0,x0,0	  x0:0x00000000
         335000	        32	80000060	fdd94037	lui	x0,0xfdd94	
         345000	        33	80000064	e2800013	addi	x0,x0,-472	  x0:0x00000000
         355000	        34	80000068	00300093	addi	x1,x0,3	  x0:0x00000000  x1=0x00000003
         365000	        35	8000006c	00c00113	addi	x2,x0,12	  x0:0x00000000  x2=0x0000000c
         375000	        36	80000070	00000193	addi	x3,x0,0	  x0:0x00000000  x3=0x00000000
         385000	        37	80000074	00900213	addi	x4,x0,9	  x0:0x00000000  x4=0x00000009
         395000	        38	80000078	00d00293	addi	x5,x0,13	  x0:0x00000000  x5=0x0000000d
         405000	        39	8000007c	fd66d337	lui	x6,0xfd66d	  x6=0xfd66d000
         415000	        40	80000080	58c30313	addi	x6,x6,1420	  x6:0xfd66d000  x6=0xfd66d58c
         425000	        41	80000084	f13d23b7	lui	x7,0xf13d2	  x7=0xf13d2000
         435000	        42	80000088	1b338393	addi	x7,x7,435	  x7:0xf13d2000  x7=0xf13d21b3
         445000	        43	8000008c	f9c29437	lui	x8,0xf9c29	  x8=0xf9c29000
         455000	        44	80000090	81a40413	addi	x8,x8,-2022	  x8:0xf9c29000  x8=0xf9c2881a
         465000	        45	80000094	800004b7	lui	x9,0x80000	  x9=0x80000000
         475000	        46	80000098	00a00513	addi	x10,x0,10	  x0:0x00000000 x10=0x0000000a
         485000	        47	8000009c	df8a45b7	lui	x11,0xdf8a4	 x11=0xdf8a4000
         495000	        48	800000a0	5c958593	addi	x11,x11,1481	 x11:0xdf8a4000 x11=0xdf8a45c9
         505000	        49	800000a4	00e00613	addi	x12,x0,14	  x0:0x00000000 x12=0x0000000e
         515000	        50	800000a8	f6a856b7	lui	x13,0xf6a85	 x13=0xf6a85000
         525000	        51	800000ac	75868693	addi	x13,x13,1880	 x13:0xf6a85000 x13=0xf6a85758
         535000	        52	800000b0	47b13737	lui	x14,0x47b13	 x14=0x47b13000
         545000	        53	800000b4	0f870713	addi	x14,x14,248	 x14:0x47b13000 x14=0x47b130f8
         555000	        54	800000b8	00a00793	addi	x15,x0,10	  x0:0x00000000 x15=0x0000000a
         565000	        55	800000bc	00000813	addi	x16,x0,0	  x0:0x00000000 x16=0x00000000
         575000	        56	800000c0	00600893	addi	x17,x0,6	  x0:0x00000000 x17=0x00000006
         585000	        57	800000c4	00300913	addi	x18,x0,3	  x0:0x00000000 x18=0x00000003
         595000	        58	800000c8	a96689b7	lui	x19,0xa9668	 x19=0xa9668000
         605000	        59	800000cc	35898993	addi	x19,x19,856	 x19:0xa9668000 x19=0xa9668358
         615000	        60	800000d0	80000a37	lui	x20,0x80000	 x20=0x80000000
         625000	        61	800000d4	00500a93	addi	x21,x0,5	  x0:0x00000000 x21=0x00000005
         635000	        62	800000d8	80000b37	lui	x22,0x80000	 x22=0x80000000
         645000	        63	800000dc	f2027bb7	lui	x23,0xf2027	 x23=0xf2027000
         655000	        64	800000e0	1a5b8b93	addi	x23,x23,421	 x23:0xf2027000 x23=0xf20271a5
         665000	        65	800000e4	8a813c37	lui	x24,0x8a813	 x24=0x8a813000
         675000	        66	800000e8	665c0c13	addi	x24,x24,1637	 x24:0x8a813000 x24=0x8a813665
         685000	        67	800000ec	8b5a8d37	lui	x26,0x8b5a8	 x26=0x8b5a8000
         695000	        68	800000f0	051d0d13	addi	x26,x26,81	 x26:0x8b5a8000 x26=0x8b5a8051
         705000	        69	800000f4	00100d93	addi	x27,x0,1	  x0:0x00000000 x27=0x00000001
         715000	        70	800000f8	80000e37	lui	x28,0x80000	 x28=0x80000000
         725000	        71	800000fc	80000eb7	lui	x29,0x80000	 x29=0x80000000
         735000	        72	80000100	80000fb7	lui	x31,0x80000	 x31=0x80000000
         745000	        73	80000104	0000af17	auipc	x30,0xa	 x30=0x8000a100
         755000	        74	80000108	e84f0f13	addi	x30,x30,-380	 x30:0x8000a100 x30=0x80009f84
         765000	        75	8000010c	01295413	srli	x8,x18,0x12	 x18:0x00000003  x8=0x00000000
         775000	        76	80000110	00002517	auipc	x10,0x2	 x10=0x8000210c
         785000	        77	80000114	cf850513	addi	x10,x10,-776	 x10:0x8000210c x10=0x80001e04
         795000	        78	80000118	e416ea13	ori	x20,x13,-447	 x13:0xf6a85758 x20=0xffffff59
         805000	        79	8000011c	05950513	addi	x10,x10,89	 x10:0x80001e04 x10=0x80001e5d
         815000	        80	80000120	00000013	addi	x0,x0,0	  x0:0x00000000
         825000	        81	80000124	40ffd593	srai	x11,x31,0xf	 x31:0x80000000 x11=0xffff0000
         835000	        82	80000128	00555113	srli	x2,x10,0x5	 x10:0x80001e5d  x2=0x040000f2
         845000	        83	8000012c	fa750467	jalr	x8,x10,-89	 x10:0x80001e5d  x8=0x8000012c
         855000	        84	00000000	00000013	addi	x0,x0,0	  x0:0x00000000
         865000	        85	80001e04	00000013	addi	x0,x0,0	  x0:0x00000000
         875000	        86	80001e08	0176e6b3	or	x13,x13,x23	 x13:0xf6a85758 x23:0xf20271a5 x13=0xf6aa77fd
         885000	        87	80001e0c	017990b3	sll	x1,x19,x23	 x19:0xa9668358 x23:0xf20271a5  x1=0x2cd06b00
         895000	        88	80001e10	4032d613	srai	x12,x5,0x3	  x5:0x0000000d x12=0x00000001
         905000	        89	80001e14	41716313	ori	x6,x2,1047	  x2:0x040000f2  x6=0x040004f7
         915000	        90	80001e18	404a0ab3	sub	x21,x20,x4	 x20:0xffffff59  x4:0x00000009 x21=0xffffff50
         925000	        91	80001e1c	01954463	blt	x10,x25,80001e24	 x10:0x80001e5d x25:0x80009fc4
         935000	        92	00000000	00000013	addi	x0,x0,0	  x0:0x00000000
         945000	        93	80001e20	00000013	addi	x0,x0,0	  x0:0x00000000
         955000	        94	80001e24	ff8f0f13	addi	x30,x30,-8	 x30:0x80009f84 x30=0x80009f7c
         965000	        95	80001e28	008f2223	sw	x8,4(x30)	 x30:0x80009f7c  x8:0x8000012c PA:0x80009f80
         975000	        96	80001e2c	009b9b93	slli	x23,x23,0x9	 x23:0xf20271a5 x23=0x04e34a00
         985000	        97	80001e30	d2186093	ori	x1,x16,-735	 x16:0x00000000  x1=0xfffffd21
         995000	        98	80001e34	077b6b13	ori	x22,x22,119	 x22:0x80000000 x22=0x80000077
        1005000	        99	80001e38	00800c13	addi	x24,x0,8	  x0:0x00000000 x24=0x00000008
        1015000	       100	80001e3c	019d73b3	and	x7,x26,x25	 x26:0x8b5a8051 x25:0x80009fc4  x7=0x80008040
        1025000	       101	80001e40	f1a0c693	xori	x13,x1,-230	  x1:0xfffffd21 x13=0x0000023b
        1035000	       102	80001e44	ea7a8013	addi	x0,x21,-345	 x21:0xffffff50
        1045000	       103	80001e48	00000013	addi	x0,x0,0	  x0:0x00000000
        1055000	       104	80001e4c	000a7733	and	x14,x20,x0	 x20:0xffffff59  x0:0x00000000 x14=0x00000000
        1065000	       105	80001e50	00900613	addi	x12,x0,9	  x0:0x00000000 x12=0x00000009
        1075000	       106	80001e54	40598f93	addi	x31,x19,1029	 x19:0xa9668358 x31=0xa966875d
        1085000	       107	80001e58	31bbc393	xori	x7,x23,795	 x23:0x04e34a00  x7=0x04e3491b
        1095000	       108	80001e5c	bd93ae93	slti	x29,x7,-1063	  x7:0x04e3491b x29=0x00000000
        1105000	       109	80001e60	4119de93	srai	x29,x19,0x11	 x19:0xa9668358 x29=0xffffd4b3
        1115000	       110	80001e64	006c0c13	addi	x24,x24,6	 x24:0x00000008 x24=0x0000000e
        1125000	       111	80001e68	0084c8b3	xor	x17,x9,x8	  x9:0x80000000  x8:0x8000012c x17=0x0000012c
        1135000	       112	80001e6c	ffd00193	addi	x3,x0,-3	  x0:0x00000000  x3=0xfffffffd
        1145000	       113	80001e70	0012dfb3	srl	x31,x5,x1	  x5:0x0000000d  x1:0xfffffd21 x31=0x00000006
        1155000	       114	80001e74	002cfbb3	and	x23,x25,x2	 x25:0x80009fc4  x2:0x040000f2 x23=0x000000c0
        1165000	       115	80001e78	e405c713	xori	x14,x11,-448	 x11:0xffff0000 x14=0x0000fe40
        1175000	       116	80001e7c	00f00513	addi	x10,x0,15	  x0:0x00000000 x10=0x0000000f
        1185000	       117	80001e80	0048d133	srl	x2,x17,x4	 x17:0x0000012c  x4:0x00000009  x2=0x00000000
        1195000	       118	80001e84	e8267393	andi	x7,x12,-382	 x12:0x00000009  x7=0x00000000
        1205000	       119	80001e88	06d9ca37	lui	x20,0x6d9c	 x20=0x06d9c000
        1215000	       120	80001e8c	00dadab3	srl	x21,x21,x13	 x21:0xffffff50 x13:0x0000023b x21=0x0000001f
        1225000	       121	80001e90	00abba33	sltu	x20,x23,x10	 x23:0x000000c0 x10:0x0000000f x20=0x00000000
        1235000	       122	80001e94	00918193	addi	x3,x3,9	  x3:0xfffffffd  x3=0x00000006
        1245000	       123	80001e98	40425a33	sra	x20,x4,x4	  x4:0x00000009  x4:0x00000009 x20=0x00000000
        1255000	       124	80001e9c	fb1c0593	addi	x11,x24,-79	 x24:0x0000000e x11=0xffffffbf
        1265000	       125	80001ea0	fea192e3	bne	x3,x10,80001e84	  x3:0x00000006 x10:0x0000000f
        1275000	       126	00000000	00000013	addi	x0,x0,0	  x0:0x00000000
        1285000	       127	80001e80	00000013	addi	x0,x0,0	  x0:0x00000000
        1295000	       128	80001e84	e8267393	andi	x7,x12,-382	 x12:0x00000009  x7=0x00000000
        1305000	       129	80001e88	06d9ca37	lui	x20,0x6d9c	 x20=0x06d9c000
        1315000	       130	80001e8c	00dadab3	srl	x21,x21,x13	 x21:0x0000001f x13:0x0000023b x21=0x00000000
        1325000	       131	80001e90	00abba33	sltu	x20,x23,x10	 x23:0x000000c0 x10:0x0000000f x20=0x00000000
        1335000	       132	80001e94	00918193	addi	x3,x3,9	  x3:0x00000006  x3=0x0000000f
        1345000	       133	80001e98	40425a33	sra	x20,x4,x4	  x4:0x00000009  x4:0x00000009 x20=0x00000000
        1355000	       134	80001e9c	fb1c0593	addi	x11,x24,-79	 x24:0x0000000e x11=0xffffffbf
        1365000	       135	80001ea0	fea192e3	bne	x3,x10,80001e84	  x3:0x0000000f x10:0x0000000f
        1375000	       136	80001ea4	00ecc233	xor	x4,x25,x14	 x25:0x80009fc4 x14:0x0000fe40  x4=0x80006184
        1385000	       137	80001ea8	004a43b3	xor	x7,x20,x4	 x20:0x00000000  x4:0x80006184  x7=0x80006184
        1395000	       138	80001eac	facc66e3	bltu	x24,x12,80001e58	 x24:0x0000000e x12:0x00000009
        1405000	       139	80001eb0	00000013	addi	x0,x0,0	  x0:0x00000000
        1415000	       140	80001eb4	00300a93	addi	x21,x0,3	  x0:0x00000000 x21=0x00000003
        1425000	       141	80001eb8	fd15ef97	auipc	x31,0xfd15e	 x31=0x7d15feb4
        1435000	       142	80001ebc	00500813	addi	x16,x0,5	  x0:0x00000000 x16=0x00000005
        1445000	       143	80001ec0	06832737	lui	x14,0x6832	 x14=0x06832000
        1455000	       144	80001ec4	00791d33	sll	x26,x18,x7	 x18:0x00000003  x7:0x80006184 x26=0x00000030
        1465000	       145	80001ec8	011f5093	srli	x1,x30,0x11	 x30:0x80009f7c  x1=0x00004000
        1475000	       146	80001ecc	2b40c197	auipc	x3,0x2b40c	  x3=0xab40dec8
        1485000	       147	80001ed0	009a8a93	addi	x21,x21,9	 x21:0x00000003 x21=0x0000000c
        1495000	       148	80001ed4	00021013	slli	x0,x4,0x0	  x4:0x80006184
        1505000	       149	80001ed8	40405db3	sra	x27,x0,x4	  x0:0x00000000  x4:0x80006184 x27=0x00000000
        1515000	       150	80001edc	59c68c13	addi	x24,x13,1436	 x13:0x0000023b x24=0x000007d7
        1525000	       151	80001ee0	009dc533	xor	x10,x27,x9	 x27:0x00000000  x9:0x80000000 x10=0x80000000
        1535000	       152	80001ee4	00a00293	addi	x5,x0,10	  x0:0x00000000  x5=0x0000000a
        1545000	       153	80001ee8	01100313	addi	x6,x0,17	  x0:0x00000000  x6=0x00000011
        1555000	       154	80001eec	8f807793	andi	x15,x0,-1800	  x0:0x00000000 x15=0x00000000
        1565000	       155	80001ef0	d3360193	addi	x3,x12,-717	 x12:0x00000009  x3=0xfffffd3c
        1575000	       156	80001ef4	cf126713	ori	x14,x4,-783	  x4:0x80006184 x14=0xfffffdf5
        1585000	       157	80001ef8	00962233	slt	x4,x12,x9	 x12:0x00000009  x9:0x80000000  x4=0x00000000
        1595000	       158	80001efc	00428293	addi	x5,x5,4	  x5:0x0000000a  x5=0x0000000e
        1605000	       159	80001f00	00000013	addi	x0,x0,0	  x0:0x00000000
        1615000	       160	80001f04	00af6433	or	x8,x30,x10	 x30:0x80009f7c x10:0x80000000  x8=0x80009f7c
        1625000	       161	80001f08	f0bb8c17	auipc	x24,0xf0bb8	 x24=0x70bb9f04
        1635000	       162	80001f0c	fe62e2e3	bltu	x5,x6,80001ef0	  x5:0x0000000e  x6:0x00000011
        1645000	       163	00000000	00000013	addi	x0,x0,0	  x0:0x00000000
        1655000	       164	80001eec	00000013	addi	x0,x0,0	  x0:0x00000000
        1665000	       165	80001ef0	d3360193	addi	x3,x12,-717	 x12:0x00000009  x3=0xfffffd3c
        1675000	       166	80001ef4	cf126713	ori	x14,x4,-783	  x4:0x00000000 x14=0xfffffcf1
        1685000	       167	80001ef8	00962233	slt	x4,x12,x9	 x12:0x00000009  x9:0x80000000  x4=0x00000000
        1695000	       168	80001efc	00428293	addi	x5,x5,4	  x5:0x0000000e  x5=0x00000012
        1705000	       169	80001f00	00000013	addi	x0,x0,0	  x0:0x00000000
        1715000	       170	80001f04	00af6433	or	x8,x30,x10	 x30:0x80009f7c x10:0x80000000  x8=0x80009f7c
        1725000	       171	80001f08	f0bb8c17	auipc	x24,0xf0bb8	 x24=0x70bb9f04
        1735000	       172	80001f0c	fe62e2e3	bltu	x5,x6,80001ef0	  x5:0x00000012  x6:0x00000011
        1745000	       173	80001f10	fb0acee3	blt	x21,x16,80001ecc	 x21:0x0000000c x16:0x00000005
        1755000	       174	80001f14	34450d93	addi	x27,x10,836	 x10:0x80000000 x27=0x80000344
        1765000	       175	80001f18	00a00693	addi	x13,x0,10	  x0:0x00000000 x13=0x0000000a
        1775000	       176	80001f1c	ba9abf93	sltiu	x31,x21,-1111	 x21:0x0000000c x31=0x00000001
        1785000	       177	80001f20	01cf9b93	slli	x23,x31,0x1c	 x31:0x00000001 x23=0x10000000
        1795000	       178	80001f24	2f2f4413	xori	x8,x30,754	 x30:0x80009f7c  x8=0x80009d8e
        1805000	       179	80001f28	00571793	slli	x15,x14,0x5	 x14:0xfffffcf1 x15=0xffff9e20
        1815000	       180	80001f2c	00d00993	addi	x19,x0,13	  x0:0x00000000 x19=0x0000000d
        1825000	       181	80001f30	013f8bb3	add	x23,x31,x19	 x31:0x00000001 x19:0x0000000d x23=0x0000000e
        1835000	       182	80001f34	00368693	addi	x13,x13,3	 x13:0x0000000a x13=0x0000000d
        1845000	       183	80001f38	00300d13	addi	x26,x0,3	  x0:0x00000000 x26=0x00000003
        1855000	       184	80001f3c	4064d0b3	sra	x1,x9,x6	  x9:0x80000000  x6:0x00000011  x1=0xffffc000
        1865000	       185	80001f40	01e90ab3	add	x21,x18,x30	 x18:0x00000003 x30:0x80009f7c x21=0x80009f7f
        1875000	       186	80001f44	01befa33	and	x20,x29,x27	 x29:0xffffd4b3 x27:0x80000344 x20=0x80000000
        1885000	       187	80001f48	01300113	addi	x2,x0,19	  x0:0x00000000  x2=0x00000013
        1895000	       188	80001f4c	56f07293	andi	x5,x0,1391	  x0:0x00000000  x5=0x00000000
        1905000	       189	80001f50	62aef497	auipc	x9,0x62aef	  x9=0xe2af0f4c
        1915000	       190	80001f54	008d0d13	addi	x26,x26,8	 x26:0x00000003 x26=0x0000000b
        1925000	       191	80001f58	013d5213	srli	x4,x26,0x13	 x26:0x0000000b  x4=0x00000000
        1935000	       192	80001f5c	fe2d0ae3	beq	x26,x2,80001f50	 x26:0x0000000b  x2:0x00000013
        1945000	       193	80001f60	fd3698e3	bne	x13,x19,80001f30	 x13:0x0000000d x19:0x0000000d
        1955000	       194	80001f64	010f3eb3	sltu	x29,x30,x16	 x30:0x80009f7c x16:0x00000005 x29=0x00000000
        1965000	       195	80001f68	ffd00a13	addi	x20,x0,-3	  x0:0x00000000 x20=0xfffffffd
        1975000	       196	80001f6c	009573b3	and	x7,x10,x9	 x10:0x80000000  x9:0xe2af0f4c  x7=0x80000000
        1985000	       197	80001f70	412bdfb3	sra	x31,x23,x18	 x23:0x0000000e x18:0x00000003 x31=0x00000001
        1995000	       198	80001f74	fed00b93	addi	x23,x0,-19	  x0:0x00000000 x23=0xffffffed
        2005000	       199	80001f78	9e12b993	sltiu	x19,x5,-1567	  x5:0x00000000 x19=0x00000001
        2015000	       200	80001f7c	0189b2b3	sltu	x5,x19,x24	 x19:0x00000001 x24:0x70bb9f04  x5=0x00000001
        2025000	       201	80001f80	40d8dd13	srai	x26,x17,0xd	 x17:0x0000012c x26=0x00000000
        2035000	       202	80001f84	ff9a0a13	addi	x20,x20,-7	 x20:0xfffffffd x20=0xfffffff6
        2045000	       203	80001f88	93c70113	addi	x2,x14,-1732	 x14:0xfffffcf1  x2=0xfffff62d
        2055000	       204	80001f8c	ff7a58e3	bge	x20,x23,80001f7c	 x20:0xfffffff6 x23:0xffffffed
        2065000	       205	00000000	00000013	addi	x0,x0,0	  x0:0x00000000
        2075000	       206	80001f78	00000013	addi	x0,x0,0	  x0:0x00000000
        2085000	       207	80001f7c	0189b2b3	sltu	x5,x19,x24	 x19:0x00000001 x24:0x70bb9f04  x5=0x00000001
        2095000	       208	80001f80	40d8dd13	srai	x26,x17,0xd	 x17:0x0000012c x26=0x00000000
        2105000	       209	80001f84	ff9a0a13	addi	x20,x20,-7	 x20:0xfffffff6 x20=0xffffffef
        2115000	       210	80001f88	93c70113	addi	x2,x14,-1732	 x14:0xfffffcf1  x2=0xfffff62d
        2125000	       211	80001f8c	ff7a58e3	bge	x20,x23,80001f7c	 x20:0xffffffef x23:0xffffffed
        2135000	       212	00000000	00000013	addi	x0,x0,0	  x0:0x00000000
        2145000	       213	80001f78	00000013	addi	x0,x0,0	  x0:0x00000000
        2155000	       214	80001f7c	0189b2b3	sltu	x5,x19,x24	 x19:0x00000001 x24:0x70bb9f04  x5=0x00000001
        2165000	       215	80001f80	40d8dd13	srai	x26,x17,0xd	 x17:0x0000012c x26=0x00000000
        2175000	       216	80001f84	ff9a0a13	addi	x20,x20,-7	 x20:0xffffffef x20=0xffffffe8
        2185000	       217	80001f88	93c70113	addi	x2,x14,-1732	 x14:0xfffffcf1  x2=0xfffff62d
        2195000	       218	80001f8c	ff7a58e3	bge	x20,x23,80001f7c	 x20:0xffffffe8 x23:0xffffffed
        2205000	       219	80001f90	00ace433	or	x8,x25,x10	 x25:0x80009fc4 x10:0x80000000  x8=0x80009fc4
        2215000	       220	80001f94	00300793	addi	x15,x0,3	  x0:0x00000000 x15=0x00000003
        2225000	       221	80001f98	1a3fb613	sltiu	x12,x31,419	 x31:0x00000001 x12=0x00000001
        2235000	       222	80001f9c	00700f93	addi	x31,x0,7	  x0:0x00000000 x31=0x00000007
        2245000	       223	80001fa0	00000013	addi	x0,x0,0	  x0:0x00000000
        2255000	       224	80001fa4	00000013	addi	x0,x0,0	  x0:0x00000000
        2265000	       225	80001fa8	f8412293	slti	x5,x2,-124	  x2:0xfffff62d  x5=0x00000001
        2275000	       226	80001fac	505d0813	addi	x16,x26,1285	 x26:0x00000000 x16=0x00000505
        2285000	       227	80001fb0	00878793	addi	x15,x15,8	 x15:0x00000003 x15=0x0000000b
        2295000	       228	80001fb4	fff7cae3	blt	x15,x31,80001fa8	 x15:0x0000000b x31:0x00000007
        2305000	       229	80001fb8	012a6033	or	x0,x20,x18	 x20:0xffffffe8 x18:0x00000003
        2315000	       230	80001fbc	00856263	bltu	x10,x8,80001fc0	 x10:0x80000000  x8:0x80009fc4
        2325000	       231	00000000	00000013	addi	x0,x0,0	  x0:0x00000000
        2335000	       232	80001fbc	00000013	addi	x0,x0,0	  x0:0x00000000
        2345000	       233	80001fc0	65250813	addi	x16,x10,1618	 x10:0x80000000 x16=0x80000652
        2355000	       234	80001fc4	41dfd233	sra	x4,x31,x29	 x31:0x00000007 x29:0x00000000  x4=0x00000007
        2365000	       235	80001fc8	f37a3297	auipc	x5,0xf37a3	  x5=0x737a4fc4
        2375000	       236	80001fcc	0183d393	srli	x7,x7,0x18	  x7:0x80000000  x7=0x00000080
        2385000	       237	80001fd0	033bd263	bge	x23,x19,80001ff4	 x23:0xffffffed x19:0x00000001
        2395000	       238	80001fd4	53743393	sltiu	x7,x8,1335	  x8:0x80009fc4  x7=0x00000000
        2405000	       239	80001fd8	40145833	sra	x16,x8,x1	  x8:0x80009fc4  x1:0xffffc000 x16=0x80009fc4
        2415000	       240	80001fdc	37ec7297	auipc	x5,0x37ec7	  x5=0xb7ec8fd8
        2425000	       241	80001fe0	407cda93	srai	x21,x25,0x7	 x25:0x80009fc4 x21=0xff00013f
        2435000	       242	80001fe4	007018b3	sll	x17,x0,x7	  x0:0x00000000  x7:0x00000000 x17=0x00000000
        2445000	       243	80001fe8	ddf15997	auipc	x19,0xddf15	 x19=0x5df16fe4
        2455000	       244	80001fec	e1240d93	addi	x27,x8,-494	  x8:0x80009fc4 x27=0x80009dd6
        2465000	       245	80001ff0	19e38213	addi	x4,x7,414	  x7:0x00000000  x4=0x0000019e
        2475000	       246	80001ff4	01d45693	srli	x13,x8,0x1d	  x8:0x80009fc4 x13=0x00000004
        2485000	       247	80001ff8	0fe67513	andi	x10,x12,254	 x12:0x00000001 x10=0x00000000
        2495000	       248	80001ffc	1e906013	ori	x0,x0,489	  x0:0x00000000
        2505000	       249	80002000	01da1eb3	sll	x29,x20,x29	 x20:0xffffffe8 x29:0x00000000 x29=0xffffffe8
        2515000	       250	80002004	02c06a63	bltu	x0,x12,80002038	  x0:0x00000000 x12:0x00000001
        2525000	       251	00000000	00000013	addi	x0,x0,0	  x0:0x00000000
        2535000	       252	80002034	00000013	addi	x0,x0,0	  x0:0x00000000
        2545000	       253	80002038	4afa0e13	addi	x28,x20,1199	 x20:0xffffffe8 x28=0x00000497
        2555000	       254	8000203c	04c7d463	bge	x15,x12,80002084	 x15:0x0000000b x12:0x00000001
        2565000	       255	00000000	00000013	addi	x0,x0,0	  x0:0x00000000
        2575000	       256	80002080	00000013	addi	x0,x0,0	  x0:0x00000000
        2585000	       257	80002084	05a9d863	bge	x19,x26,800020d4	 x19:0x5df16fe4 x26:0x00000000
        2595000	       258	00000000	00000013	addi	x0,x0,0	  x0:0x00000000
        2605000	       259	800020d0	00000013	addi	x0,x0,0	  x0:0x00000000
        2615000	       260	800020d4	03b84663	blt	x16,x27,80002100	 x16:0x80009fc4 x27:0x80009dd6
        2625000	       261	800020d8	01364663	blt	x12,x19,800020e4	 x12:0x00000001 x19:0x5df16fe4
        2635000	       262	00000000	00000013	addi	x0,x0,0	  x0:0x00000000
        2645000	       263	800020e0	00000013	addi	x0,x0,0	  x0:0x00000000
        2655000	       264	800020e4	f7930b93	addi	x23,x6,-135	  x6:0x00000011 x23=0xffffff8a
        2665000	       265	800020e8	00ffa333	slt	x6,x31,x15	 x31:0x00000007 x15:0x0000000b  x6=0x00000001
        2675000	       266	800020ec	05955663	bge	x10,x25,80002138	 x10:0x00000000 x25:0x80009fc4
        2685000	       267	00000000	00000013	addi	x0,x0,0	  x0:0x00000000
        2695000	       268	80002134	00000013	addi	x0,x0,0	  x0:0x00000000
        2705000	       269	80002138	01e6f333	and	x6,x13,x30	 x13:0x00000004 x30:0x80009f7c  x6=0x00000004
        2715000	       270	8000213c	01e2a3b3	slt	x7,x5,x30	  x5:0xb7ec8fd8 x30:0x80009f7c  x7=0x00000000
        2725000	       271	80002140	40715e93	srai	x29,x2,0x7	  x2:0xfffff62d x29=0xffffffec
        2735000	       272	80002144	01559a93	slli	x21,x11,0x15	 x11:0xffffffbf x21=0xf7e00000
        2745000	       273	80002148	013b0263	beq	x22,x19,8000214c	 x22:0x80000077 x19:0x5df16fe4
        2755000	       274	8000214c	01565d93	srli	x27,x12,0x15	 x12:0x00000001 x27=0x00000000
        2765000	       275	80002150	93b02b13	slti	x22,x0,-1733	  x0:0x00000000 x22=0x00000000
        2775000	       276	80002154	00c8f833	and	x16,x17,x12	 x17:0x00000000 x12:0x00000001 x16=0x00000000
        2785000	       277	80002158	0032f6b3	and	x13,x5,x3	  x5:0xb7ec8fd8  x3:0xfffffd3c x13=0xb7ec8d18
        2795000	       278	8000215c	01ae25b3	slt	x11,x28,x26	 x28:0x00000497 x26:0x00000000 x11=0x00000000
        2805000	       279	80002160	005bd093	srli	x1,x23,0x5	 x23:0xffffff8a  x1=0x07fffffc
        2815000	       280	80002164	00fb7133	and	x2,x22,x15	 x22:0x00000000 x15:0x0000000b  x2=0x00000000
        2825000	       281	80002168	009841b3	xor	x3,x16,x9	 x16:0x00000000  x9:0xe2af0f4c  x3=0xe2af0f4c
        2835000	       282	8000216c	9f2dc113	xori	x2,x27,-1550	 x27:0x00000000  x2=0xfffff9f2
        2845000	       283	80002170	01968263	beq	x13,x25,80002174	 x13:0xb7ec8d18 x25:0x80009fc4
        2855000	       284	80002174	02684063	blt	x16,x6,80002194	 x16:0x00000000  x6:0x00000004
        2865000	       285	00000000	00000013	addi	x0,x0,0	  x0:0x00000000
        2875000	       286	80002190	00000013	addi	x0,x0,0	  x0:0x00000000
        2885000	       287	80002194	353e5bb7	lui	x23,0x353e5	 x23=0x353e5000
        2895000	       288	80002198	05b64663	blt	x12,x27,800021e4	 x12:0x00000001 x27:0x00000000
        2905000	       289	8000219c	db19e193	ori	x3,x19,-591	 x19:0x5df16fe4  x3=0xfffffff5
        2915000	       290	800021a0	a39e6fb7	lui	x31,0xa39e6	 x31=0xa39e6000
        2925000	       291	800021a4	00bd0833	add	x16,x26,x11	 x26:0x00000000 x11:0x00000000 x16=0x00000000
        2935000	       292	800021a8	72ce0593	addi	x11,x28,1836	 x28:0x00000497 x11=0x00000bc3
        2945000	       293	800021ac	01c768b3	or	x17,x14,x28	 x14:0xfffffcf1 x28:0x00000497 x17=0xfffffcf7
        2955000	       294	800021b0	1945b013	sltiu	x0,x11,404	 x11:0x00000bc3
        2965000	       295	800021b4	01f6e9b3	or	x19,x13,x31	 x13:0xb7ec8d18 x31:0xa39e6000 x19=0xb7feed18
        2975000	       296	800021b8	01df7733	and	x14,x30,x29	 x30:0x80009f7c x29:0xffffffec x14=0x80009f6c
        2985000	       297	800021bc	00000013	addi	x0,x0,0	  x0:0x00000000
        2995000	       298	800021c0	05ecc463	blt	x25,x30,80002208	 x25:0x80009fc4 x30:0x80009f7c
        3005000	       299	800021c4	d82c2317	auipc	x6,0xd82c2	  x6=0x582c41c0
        3015000	       300	800021c8	9492c193	xori	x3,x5,-1719	  x5:0xb7ec8fd8  x3=0x48137691
        3025000	       301	800021cc	00998633	add	x12,x19,x9	 x19:0xb7feed18  x9:0xe2af0f4c x12=0x9aadfc64
        3035000	       302	800021d0	00d45433	srl	x8,x8,x13	  x8:0x80009fc4 x13:0xb7ec8d18  x8=0x00000080
        3045000	       303	800021d4	007813b3	sll	x7,x16,x7	 x16:0x00000000  x7:0x00000000  x7=0x00000000
        3055000	       304	800021d8	035dd863	bge	x27,x21,80002208	 x27:0x00000000 x21:0xf7e00000
        3065000	       305	00000000	00000013	addi	x0,x0,0	  x0:0x00000000
        3075000	       306	80002204	00000013	addi	x0,x0,0	  x0:0x00000000
        3085000	       307	80002208	011cdd33	srl	x26,x25,x17	 x25:0x80009fc4 x17:0xfffffcf7 x26=0x00000100
        3095000	       308	8000220c	00769433	sll	x8,x13,x7	 x13:0xb7ec8d18  x7:0x00000000  x8=0xb7ec8d18
        3105000	       309	80002210	00261033	sll	x0,x12,x2	 x12:0x9aadfc64  x2:0xfffff9f2
        3115000	       310	80002214	04891463	bne	x18,x8,8000225c	 x18:0x00000003  x8:0xb7ec8d18
        3125000	       311	00000000	00000013	addi	x0,x0,0	  x0:0x00000000
        3135000	       312	80002258	00000013	addi	x0,x0,0	  x0:0x00000000
        3145000	       313	8000225c	00000013	addi	x0,x0,0	  x0:0x00000000
        3155000	       314	80002260	00000013	addi	x0,x0,0	  x0:0x00000000
        3165000	       315	80002264	0262ca63	blt	x5,x6,80002298	  x5:0xb7ec8fd8  x6:0x582c41c0
        3175000	       316	00000000	00000013	addi	x0,x0,0	  x0:0x00000000
        3185000	       317	80002294	00000013	addi	x0,x0,0	  x0:0x00000000
        3195000	       318	80002298	ad1f9f97	auipc	x31,0xad1f9	 x31=0x2d1fb294
        3205000	       319	8000229c	00614033	xor	x0,x2,x6	  x2:0xfffff9f2  x6:0x582c41c0
        3215000	       320	800022a0	00434ab3	xor	x21,x6,x4	  x6:0x582c41c0  x4:0x0000019e x21=0x582c405e
        3225000	       321	800022a4	01b05513	srli	x10,x0,0x1b	  x0:0x00000000 x10=0x00000000
        3235000	       322	800022a8	ce4e2593	slti	x11,x28,-796	 x28:0x00000497 x11=0x00000000
        3245000	       323	800022ac	00000013	addi	x0,x0,0	  x0:0x00000000
        3255000	       324	800022b0	003101b3	add	x3,x2,x3	  x2:0xfffff9f2  x3:0x48137691  x3=0x48137083
        3265000	       325	800022b4	eb3ee313	ori	x6,x29,-333	 x29:0xffffffec  x6=0xffffffff
        3275000	       326	800022b8	00529813	slli	x16,x5,0x5	  x5:0xb7ec8fd8 x16=0xfd91fb00
        3285000	       327	800022bc	05198a93	addi	x21,x19,81	 x19:0xb7feed18 x21=0xb7feed69
        3295000	       328	800022c0	00000013	addi	x0,x0,0	  x0:0x00000000
        3305000	       329	800022c4	88b97593	andi	x11,x18,-1909	 x18:0x00000003 x11=0x00000003
        3315000	       330	800022c8	04316663	bltu	x2,x3,80002314	  x2:0xfffff9f2  x3:0x48137083
        3325000	       331	800022cc	05331863	bne	x6,x19,8000231c	  x6:0xffffffff x19:0xb7feed18
        3335000	       332	00000000	00000013	addi	x0,x0,0	  x0:0x00000000
        3345000	       333	80002318	00000013	addi	x0,x0,0	  x0:0x00000000
        3355000	       334	8000231c	01f18663	beq	x3,x31,80002328	  x3:0x48137083 x31:0x2d1fb294
        3365000	       335	80002320	cb2ac713	xori	x14,x21,-846	 x21:0xb7feed69 x14=0x480111db
        3375000	       336	80002324	4162dfb3	sra	x31,x5,x22	  x5:0xb7ec8fd8 x22:0x00000000 x31=0xb7ec8fd8
        3385000	       337	80002328	14b90a93	addi	x21,x18,331	 x18:0x00000003 x21=0x0000014e
        3395000	       338	8000232c	01481d33	sll	x26,x16,x20	 x16:0xfd91fb00 x20:0xffffffe8 x26=0x91fb0000
        3405000	       339	80002330	e2223013	sltiu	x0,x4,-478	  x4:0x0000019e
        3415000	       340	80002334	03b1c263	blt	x3,x27,80002358	  x3:0x48137083 x27:0x00000000
        3425000	       341	80002338	34440b93	addi	x23,x8,836	  x8:0xb7ec8d18 x23=0xb7ec905c
        3435000	       342	8000233c	01978233	add	x4,x15,x25	 x15:0x0000000b x25:0x80009fc4  x4=0x80009fcf
        3445000	       343	80002340	e1b04693	xori	x13,x0,-485	  x0:0x00000000 x13=0xfffffe1b
        3455000	       344	80002344	03207263	bgeu	x0,x18,80002368	  x0:0x00000000 x18:0x00000003
        3465000	       345	80002348	00000013	addi	x0,x0,0	  x0:0x00000000
        3475000	       346	8000234c	255b6417	auipc	x8,0x255b6	  x8=0xa55b8348
        3485000	       347	80002350	9988c613	xori	x12,x17,-1640	 x17:0xfffffcf7 x12=0x0000056f
        3495000	       348	80002354	12b88393	addi	x7,x17,299	 x17:0xfffffcf7  x7=0xfffffe22
        3505000	       349	80002358	056e9663	bne	x29,x22,800023a4	 x29:0xffffffec x22:0x00000000
        3515000	       350	00000000	00000013	addi	x0,x0,0	  x0:0x00000000
        3525000	       351	800023a0	00000013	addi	x0,x0,0	  x0:0x00000000
        3535000	       352	800023a4	002ee263	bltu	x29,x2,800023a8	 x29:0xffffffec  x2:0xfffff9f2
        3545000	       353	800023a8	02fbdc63	bge	x23,x15,800023e0	 x23:0xb7ec905c x15:0x0000000b
        3555000	       354	800023ac	0d416463	bltu	x2,x20,80002474	  x2:0xfffff9f2 x20:0xffffffe8
        3565000	       355	00000000	00000013	addi	x0,x0,0	  x0:0x00000000
        3575000	       356	80002470	00000013	addi	x0,x0,0	  x0:0x00000000
        3585000	       357	80002474	018a2c33	slt	x24,x20,x24	 x20:0xffffffe8 x24:0x70bb9f04 x24=0x00000001
        3595000	       358	80002478	13256893	ori	x17,x10,306	 x10:0x00000000 x17=0x00000132
        3605000	       359	8000247c	0133e263	bltu	x7,x19,80002480	  x7:0xfffffe22 x19:0xb7feed18
        3615000	       360	80002480	00fdd6b3	srl	x13,x27,x15	 x27:0x00000000 x15:0x0000000b x13=0x00000000
        3625000	       361	80002484	4172d493	srai	x9,x5,0x17	  x5:0xb7ec8fd8  x9=0xffffff6f
        3635000	       362	80002488	02978a63	beq	x15,x9,800024bc	 x15:0x0000000b  x9:0xffffff6f
        3645000	       363	8000248c	08c94297	auipc	x5,0x8c94	  x5=0x88c96488
        3655000	       364	80002490	04848463	beq	x9,x8,800024d8	  x9:0xffffff6f  x8:0xa55b8348
        3665000	       365	80002494	0193e9b3	or	x19,x7,x25	  x7:0xfffffe22 x25:0x80009fc4 x19=0xffffffe6
        3675000	       366	80002498	005a1663	bne	x20,x5,800024a4	 x20:0xffffffe8  x5:0x88c96488
        3685000	       367	00000000	00000013	addi	x0,x0,0	  x0:0x00000000
        3695000	       368	800024a0	00000013	addi	x0,x0,0	  x0:0x00000000
        3705000	       369	800024a4	01e79813	slli	x16,x15,0x1e	 x15:0x0000000b x16=0xc0000000
        3715000	       370	800024a8	08a18d13	addi	x26,x3,138	  x3:0x48137083 x26=0x4813710d
        3725000	       371	800024ac	40af5993	srai	x19,x30,0xa	 x30:0x80009f7c x19=0xffe00027
        3735000	       372	800024b0	2b642a17	auipc	x20,0x2b642	 x20=0xab6444ac
        3745000	       373	800024b4	0036f663	bgeu	x13,x3,800024c0	 x13:0x00000000  x3:0x48137083
        3755000	       374	800024b8	00000013	addi	x0,x0,0	  x0:0x00000000
        3765000	       375	800024bc	404700b3	sub	x1,x14,x4	 x14:0x480111db  x4:0x80009fcf  x1=0xc800720c
        3775000	       376	800024c0	eb0ffd93	andi	x27,x31,-336	 x31:0xb7ec8fd8 x27=0xb7ec8e90
        3785000	       377	800024c4	15207813	andi	x16,x0,338	  x0:0x00000000 x16=0x00000000
        3795000	       378	800024c8	021b8263	beq	x23,x1,800024ec	 x23:0xb7ec905c  x1:0xc800720c
        3805000	       379	800024cc	40fc87b3	sub	x15,x25,x15	 x25:0x80009fc4 x15:0x0000000b x15=0x80009fb9
        3815000	       380	800024d0	01a918b3	sll	x17,x18,x26	 x18:0x00000003 x26:0x4813710d x17=0x00006000
        3825000	       381	800024d4	013c6ab3	or	x21,x24,x19	 x24:0x00000001 x19:0xffe00027 x21=0xffe00027
        3835000	       382	800024d8	00000013	addi	x0,x0,0	  x0:0x00000000
        3845000	       383	800024dc	0081c863	blt	x3,x8,800024ec	  x3:0x48137083  x8:0xa55b8348
        3855000	       384	800024e0	00371e93	slli	x29,x14,0x3	 x14:0x480111db x29=0x40088ed8
        3865000	       385	800024e4	40da8bb3	sub	x23,x21,x13	 x21:0xffe00027 x13:0x00000000 x23=0xffe00027
        3875000	       386	800024e8	00fdaeb3	slt	x29,x27,x15	 x27:0xb7ec8e90 x15:0x80009fb9 x29=0x00000000
        3885000	       387	800024ec	7a9a6413	ori	x8,x20,1961	 x20:0xab6444ac  x8=0xab6447ad
        3895000	       388	800024f0	004f2403	lw	x8,4(x30)	 x30:0x80009f7c  x8=0x8000012c PA:0x80009f80
        3905000	       389	800024f4	00000013	addi	x0,x0,0	  x0:0x00000000
        3915000	       390	800024f8	01c5f133	and	x2,x11,x28	 x11:0x00000003 x28:0x00000497  x2=0x00000003
        3925000	       391	800024fc	015a4633	xor	x12,x20,x21	 x20:0xab6444ac x21:0xffe00027 x12=0x5484448b
        3935000	       392	80002500	008f0f13	addi	x30,x30,8	 x30:0x80009f7c x30=0x80009f84
        3945000	       393	80002504	00d28ab3	add	x21,x5,x13	  x5:0x88c96488 x13:0x00000000 x21=0x88c96488
        3955000	       394	80002508	00040293	addi	x5,x8,0	  x8:0x8000012c  x5=0x8000012c
        3965000	       395	8000250c	000282e7	jalr	x5,x5,0	  x5:0x8000012c  x5=0x8000250c
        3975000	       396	00000000	00000013	addi	x0,x0,0	  x0:0x00000000
        3985000	       397	8000012c	00000013	addi	x0,x0,0	  x0:0x00000000
        3995000	       398	80000130	00700413	addi	x8,x0,7	  x0:0x00000000  x8=0x00000007
        4005000	       399	80000134	40968ab3	sub	x21,x13,x9	 x13:0x00000000  x9:0xffffff6f x21=0x00000091
        4015000	       400	80000138	ffd00813	addi	x16,x0,-3	  x0:0x00000000 x16=0xfffffffd
        4025000	       401	8000013c	00000013	addi	x0,x0,0	  x0:0x00000000
        4035000	       402	80000140	8c150893	addi	x17,x10,-1855	 x10:0x00000000 x17=0xfffff8c1
        4045000	       403	80000144	01aaa4b3	slt	x9,x21,x26	 x21:0x00000091 x26:0x4813710d  x9=0x00000001
        4055000	       404	80000148	42c68e93	addi	x29,x13,1068	 x13:0x00000000 x29=0x0000042c
        4065000	       405	8000014c	ffe40413	addi	x8,x8,-2	  x8:0x00000007  x8=0x00000005
        4075000	       406	80000150	00a00993	addi	x19,x0,10	  x0:0x00000000 x19=0x0000000a
        4085000	       407	80000154	fd251137	lui	x2,0xfd251	  x2=0xfd251000
        4095000	       408	80000158	410ddd93	srai	x27,x27,0x10	 x27:0xb7ec8e90 x27=0xffffb7ec
        4105000	       409	8000015c	00a00093	addi	x1,x0,10	  x0:0x00000000  x1=0x0000000a
        4115000	       410	80000160	019e14b3	sll	x9,x28,x25	 x28:0x00000497 x25:0x80009fc4  x9=0x00004970
        4125000	       411	80000164	39445637	lui	x12,0x39445	 x12=0x39445000
        4135000	       412	80000168	01122333	slt	x6,x4,x17	  x4:0x80009fcf x17:0xfffff8c1  x6=0x00000001
        4145000	       413	8000016c	0062c333	xor	x6,x5,x6	  x5:0x8000250c  x6:0x00000001  x6=0x8000250d
        4155000	       414	80000170	74fb7f93	andi	x31,x22,1871	 x22:0x00000000 x31=0x00000000
        4165000	       415	80000174	419ed7b3	sra	x15,x29,x25	 x29:0x0000042c x25:0x80009fc4 x15=0x00000042
        4175000	       416	80000178	ff898993	addi	x19,x19,-8	 x19:0x0000000a x19=0x00000002
        4185000	       417	8000017c	104c8d93	addi	x27,x25,260	 x25:0x80009fc4 x27=0x8000a0c8
        4195000	       418	80000180	fe19f4e3	bgeu	x19,x1,80000168	 x19:0x00000002  x1:0x0000000a
        4205000	       419	80000184	006f1d13	slli	x26,x30,0x6	 x30:0x80009f84 x26=0x0027e100
        4215000	       420	80000188	fb041ce3	bne	x8,x16,80000140	  x8:0x00000005 x16:0xfffffffd
        4225000	       421	00000000	00000013	addi	x0,x0,0	  x0:0x00000000
        4235000	       422	8000013c	00000013	addi	x0,x0,0	  x0:0x00000000
        4245000	       423	80000140	8c150893	addi	x17,x10,-1855	 x10:0x00000000 x17=0xfffff8c1
        4255000	       424	80000144	01aaa4b3	slt	x9,x21,x26	 x21:0x00000091 x26:0x0027e100  x9=0x00000001
        4265000	       425	80000148	42c68e93	addi	x29,x13,1068	 x13:0x00000000 x29=0x0000042c
        4275000	       426	8000014c	ffe40413	addi	x8,x8,-2	  x8:0x00000005  x8=0x00000003
        4285000	       427	80000150	00a00993	addi	x19,x0,10	  x0:0x00000000 x19=0x0000000a
        4295000	       428	80000154	fd251137	lui	x2,0xfd251	  x2=0xfd251000
        4305000	       429	80000158	410ddd93	srai	x27,x27,0x10	 x27:0x8000a0c8 x27=0xffff8000
        4315000	       430	8000015c	00a00093	addi	x1,x0,10	  x0:0x00000000  x1=0x0000000a
        4325000	       431	80000160	019e14b3	sll	x9,x28,x25	 x28:0x00000497 x25:0x80009fc4  x9=0x00004970
        4335000	       432	80000164	39445637	lui	x12,0x39445	 x12=0x39445000
        4345000	       433	80000168	01122333	slt	x6,x4,x17	  x4:0x80009fcf x17:0xfffff8c1  x6=0x00000001
        4355000	       434	8000016c	0062c333	xor	x6,x5,x6	  x5:0x8000250c  x6:0x00000001  x6=0x8000250d
        4365000	       435	80000170	74fb7f93	andi	x31,x22,1871	 x22:0x00000000 x31=0x00000000
        4375000	       436	80000174	419ed7b3	sra	x15,x29,x25	 x29:0x0000042c x25:0x80009fc4 x15=0x00000042
        4385000	       437	80000178	ff898993	addi	x19,x19,-8	 x19:0x0000000a x19=0x00000002
        4395000	       438	8000017c	104c8d93	addi	x27,x25,260	 x25:0x80009fc4 x27=0x8000a0c8
        4405000	       439	80000180	fe19f4e3	bgeu	x19,x1,80000168	 x19:0x00000002  x1:0x0000000a
        4415000	       440	80000184	006f1d13	slli	x26,x30,0x6	 x30:0x80009f84 x26=0x0027e100
        4425000	       441	80000188	fb041ce3	bne	x8,x16,80000140	  x8:0x00000003 x16:0xfffffffd
        4435000	       442	00000000	00000013	addi	x0,x0,0	  x0:0x00000000
        4445000	       443	8000013c	00000013	addi	x0,x0,0	  x0:0x00000000
        4455000	       444	80000140	8c150893	addi	x17,x10,-1855	 x10:0x00000000 x17=0xfffff8c1
        4465000	       445	80000144	01aaa4b3	slt	x9,x21,x26	 x21:0x00000091 x26:0x0027e100  x9=0x00000001
        4475000	       446	80000148	42c68e93	addi	x29,x13,1068	 x13:0x00000000 x29=0x0000042c
        4485000	       447	8000014c	ffe40413	addi	x8,x8,-2	  x8:0x00000003  x8=0x00000001
        4495000	       448	80000150	00a00993	addi	x19,x0,10	  x0:0x00000000 x19=0x0000000a
        4505000	       449	80000154	fd251137	lui	x2,0xfd251	  x2=0xfd251000
        4515000	       450	80000158	410ddd93	srai	x27,x27,0x10	 x27:0x8000a0c8 x27=0xffff8000
        4525000	       451	8000015c	00a00093	addi	x1,x0,10	  x0:0x00000000  x1=0x0000000a
        4535000	       452	80000160	019e14b3	sll	x9,x28,x25	 x28:0x00000497 x25:0x80009fc4  x9=0x00004970
        4545000	       453	80000164	39445637	lui	x12,0x39445	 x12=0x39445000
        4555000	       454	80000168	01122333	slt	x6,x4,x17	  x4:0x80009fcf x17:0xfffff8c1  x6=0x00000001
        4565000	       455	8000016c	0062c333	xor	x6,x5,x6	  x5:0x8000250c  x6:0x00000001  x6=0x8000250d
        4575000	       456	80000170	74fb7f93	andi	x31,x22,1871	 x22:0x00000000 x31=0x00000000
        4585000	       457	80000174	419ed7b3	sra	x15,x29,x25	 x29:0x0000042c x25:0x80009fc4 x15=0x00000042
        4595000	       458	80000178	ff898993	addi	x19,x19,-8	 x19:0x0000000a x19=0x00000002
        4605000	       459	8000017c	104c8d93	addi	x27,x25,260	 x25:0x80009fc4 x27=0x8000a0c8
        4615000	       460	80000180	fe19f4e3	bgeu	x19,x1,80000168	 x19:0x00000002  x1:0x0000000a
        4625000	       461	80000184	006f1d13	slli	x26,x30,0x6	 x30:0x80009f84 x26=0x0027e100
        4635000	       462	80000188	fb041ce3	bne	x8,x16,80000140	  x8:0x00000001 x16:0xfffffffd
        4645000	       463	00000000	00000013	addi	x0,x0,0	  x0:0x00000000
        4655000	       464	8000013c	00000013	addi	x0,x0,0	  x0:0x00000000
        4665000	       465	80000140	8c150893	addi	x17,x10,-1855	 x10:0x00000000 x17=0xfffff8c1
        4675000	       466	80000144	01aaa4b3	slt	x9,x21,x26	 x21:0x00000091 x26:0x0027e100  x9=0x00000001
        4685000	       467	80000148	42c68e93	addi	x29,x13,1068	 x13:0x00000000 x29=0x0000042c
        4695000	       468	8000014c	ffe40413	addi	x8,x8,-2	  x8:0x00000001  x8=0xffffffff
        4705000	       469	80000150	00a00993	addi	x19,x0,10	  x0:0x00000000 x19=0x0000000a
        4715000	       470	80000154	fd251137	lui	x2,0xfd251	  x2=0xfd251000
        4725000	       471	80000158	410ddd93	srai	x27,x27,0x10	 x27:0x8000a0c8 x27=0xffff8000
        4735000	       472	8000015c	00a00093	addi	x1,x0,10	  x0:0x00000000  x1=0x0000000a
        4745000	       473	80000160	019e14b3	sll	x9,x28,x25	 x28:0x00000497 x25:0x80009fc4  x9=0x00004970
        4755000	       474	80000164	39445637	lui	x12,0x39445	 x12=0x39445000
        4765000	       475	80000168	01122333	slt	x6,x4,x17	  x4:0x80009fcf x17:0xfffff8c1  x6=0x00000001
        4775000	       476	8000016c	0062c333	xor	x6,x5,x6	  x5:0x8000250c  x6:0x00000001  x6=0x8000250d
        4785000	       477	80000170	74fb7f93	andi	x31,x22,1871	 x22:0x00000000 x31=0x00000000
        4795000	       478	80000174	419ed7b3	sra	x15,x29,x25	 x29:0x0000042c x25:0x80009fc4 x15=0x00000042
        4805000	       479	80000178	ff898993	addi	x19,x19,-8	 x19:0x0000000a x19=0x00000002
        4815000	       480	8000017c	104c8d93	addi	x27,x25,260	 x25:0x80009fc4 x27=0x8000a0c8
        4825000	       481	80000180	fe19f4e3	bgeu	x19,x1,80000168	 x19:0x00000002  x1:0x0000000a
        4835000	       482	80000184	006f1d13	slli	x26,x30,0x6	 x30:0x80009f84 x26=0x0027e100
        4845000	       483	80000188	fb041ce3	bne	x8,x16,80000140	  x8:0xffffffff x16:0xfffffffd
        4855000	       484	00000000	00000013	addi	x0,x0,0	  x0:0x00000000
        4865000	       485	8000013c	00000013	addi	x0,x0,0	  x0:0x00000000
        4875000	       486	80000140	8c150893	addi	x17,x10,-1855	 x10:0x00000000 x17=0xfffff8c1
        4885000	       487	80000144	01aaa4b3	slt	x9,x21,x26	 x21:0x00000091 x26:0x0027e100  x9=0x00000001
        4895000	       488	80000148	42c68e93	addi	x29,x13,1068	 x13:0x00000000 x29=0x0000042c
        4905000	       489	8000014c	ffe40413	addi	x8,x8,-2	  x8:0xffffffff  x8=0xfffffffd
        4915000	       490	80000150	00a00993	addi	x19,x0,10	  x0:0x00000000 x19=0x0000000a
        4925000	       491	80000154	fd251137	lui	x2,0xfd251	  x2=0xfd251000
        4935000	       492	80000158	410ddd93	srai	x27,x27,0x10	 x27:0x8000a0c8 x27=0xffff8000
        4945000	       493	8000015c	00a00093	addi	x1,x0,10	  x0:0x00000000  x1=0x0000000a
        4955000	       494	80000160	019e14b3	sll	x9,x28,x25	 x28:0x00000497 x25:0x80009fc4  x9=0x00004970
        4965000	       495	80000164	39445637	lui	x12,0x39445	 x12=0x39445000
        4975000	       496	80000168	01122333	slt	x6,x4,x17	  x4:0x80009fcf x17:0xfffff8c1  x6=0x00000001
        4985000	       497	8000016c	0062c333	xor	x6,x5,x6	  x5:0x8000250c  x6:0x00000001  x6=0x8000250d
        4995000	       498	80000170	74fb7f93	andi	x31,x22,1871	 x22:0x00000000 x31=0x00000000
        5005000	       499	80000174	419ed7b3	sra	x15,x29,x25	 x29:0x0000042c x25:0x80009fc4 x15=0x00000042
        5015000	       500	80000178	ff898993	addi	x19,x19,-8	 x19:0x0000000a x19=0x00000002
        5025000	       501	8000017c	104c8d93	addi	x27,x25,260	 x25:0x80009fc4 x27=0x8000a0c8
        5035000	       502	80000180	fe19f4e3	bgeu	x19,x1,80000168	 x19:0x00000002  x1:0x0000000a
        5045000	       503	80000184	006f1d13	slli	x26,x30,0x6	 x30:0x80009f84 x26=0x0027e100
        5055000	       504	80000188	fb041ce3	bne	x8,x16,80000140	  x8:0xfffffffd x16:0xfffffffd
        5065000	       505	8000018c	08252d37	lui	x26,0x8252	 x26=0x08252000
        5075000	       506	80000190	fff00613	addi	x12,x0,-1	  x0:0x00000000 x12=0xffffffff
        5085000	       507	80000194	d67d9a17	auipc	x20,0xd67d9	 x20=0x567d9190
        5095000	       508	80000198	01eef433	and	x8,x29,x30	 x29:0x0000042c x30:0x80009f84  x8=0x00000404
        5105000	       509	8000019c	4c77f293	andi	x5,x15,1223	 x15:0x00000042  x5=0x00000042
        5115000	       510	800001a0	01ae1133	sll	x2,x28,x26	 x28:0x00000497 x26:0x08252000  x2=0x00000497
        5125000	       511	800001a4	00272433	slt	x8,x14,x2	 x14:0x480111db  x2:0x00000497  x8=0x00000000
        5135000	       512	800001a8	b6b20313	addi	x6,x4,-1173	  x4:0x80009fcf  x6=0x80009b3a
        5145000	       513	800001ac	00000013	addi	x0,x0,0	  x0:0x00000000
        5155000	       514	800001b0	00000013	addi	x0,x0,0	  x0:0x00000000
        5165000	       515	800001b4	465a0193	addi	x3,x20,1125	 x20:0x567d9190  x3=0x567d95f5
        5175000	       516	800001b8	ecaff513	andi	x10,x31,-310	 x31:0x00000000 x10=0x00000000
        5185000	       517	800001bc	41155733	sra	x14,x10,x17	 x10:0x00000000 x17:0xfffff8c1 x14=0x00000000
        5195000	       518	800001c0	00900d93	addi	x27,x0,9	  x0:0x00000000 x27=0x00000009
        5205000	       519	800001c4	009d4333	xor	x6,x26,x9	 x26:0x08252000  x9:0x00004970  x6=0x08256970
        5215000	       520	800001c8	b23f2493	slti	x9,x30,-1245	 x30:0x80009f84  x9=0x00000001
        5225000	       521	800001cc	41c95fb3	sra	x31,x18,x28	 x18:0x00000003 x28:0x00000497 x31=0x00000000
        5235000	       522	800001d0	9421a813	slti	x16,x3,-1726	  x3:0x567d95f5 x16=0x00000000
        5245000	       523	800001d4	02577513	andi	x10,x14,37	 x14:0x00000000 x10=0x00000000
        5255000	       524	800001d8	d2913293	sltiu	x5,x2,-727	  x2:0x00000497  x5=0x00000001
        5265000	       525	800001dc	014c0c33	add	x24,x24,x20	 x24:0x00000001 x20:0x567d9190 x24=0x567d9191
        5275000	       526	800001e0	00760613	addi	x12,x12,7	 x12:0xffffffff x12=0x00000006
        5285000	       527	800001e4	01051393	slli	x7,x10,0x10	 x10:0x00000000  x7=0x00000000
        5295000	       528	800001e8	40a6d233	sra	x4,x13,x10	 x13:0x00000000 x10:0x00000000  x4=0x00000000
        5305000	       529	800001ec	ffb666e3	bltu	x12,x27,800001d8	 x12:0x00000006 x27:0x00000009
        5315000	       530	00000000	00000013	addi	x0,x0,0	  x0:0x00000000
        5325000	       531	800001d4	00000013	addi	x0,x0,0	  x0:0x00000000
        5335000	       532	800001d8	d2913293	sltiu	x5,x2,-727	  x2:0x00000497  x5=0x00000001
        5345000	       533	800001dc	014c0c33	add	x24,x24,x20	 x24:0x567d9191 x20:0x567d9190 x24=0xacfb2321
        5355000	       534	800001e0	00760613	addi	x12,x12,7	 x12:0x00000006 x12=0x0000000d
        5365000	       535	800001e4	01051393	slli	x7,x10,0x10	 x10:0x00000000  x7=0x00000000
        5375000	       536	800001e8	40a6d233	sra	x4,x13,x10	 x13:0x00000000 x10:0x00000000  x4=0x00000000
        5385000	       537	800001ec	ffb666e3	bltu	x12,x27,800001d8	 x12:0x0000000d x27:0x00000009
        5395000	       538	800001f0	0011e8b3	or	x17,x3,x1	  x3:0x567d95f5  x1:0x0000000a x17=0x567d95ff
        5405000	       539	800001f4	00100f93	addi	x31,x0,1	  x0:0x00000000 x31=0x00000001
        5415000	       540	800001f8	01d75333	srl	x6,x14,x29	 x14:0x00000000 x29:0x0000042c  x6=0x00000000
        5425000	       541	800001fc	40925733	sra	x14,x4,x9	  x4:0x00000000  x9:0x00000001 x14=0x00000000
        5435000	       542	80000200	4044d113	srai	x2,x9,0x4	  x9:0x00000001  x2=0x00000000
        5445000	       543	80000204	6ccfa397	auipc	x7,0x6ccfa	  x7=0xeccfa200
        5455000	       544	80000208	01400513	addi	x10,x0,20	  x0:0x00000000 x10=0x00000014
        5465000	       545	8000020c	00000013	addi	x0,x0,0	  x0:0x00000000
        5475000	       546	80000210	007f8f93	addi	x31,x31,7	 x31:0x00000001 x31=0x00000008
        5485000	       547	80000214	cf6db893	sltiu	x17,x27,-778	 x27:0x00000009 x17=0x00000001
        5495000	       548	80000218	b9892793	slti	x15,x18,-1128	 x18:0x00000003 x15=0x00000000
        5505000	       549	8000021c	00a00813	addi	x16,x0,10	  x0:0x00000000 x16=0x0000000a
        5515000	       550	80000220	35e1bd93	sltiu	x27,x3,862	  x3:0x567d95f5 x27=0x00000000
        5525000	       551	80000224	00a00a13	addi	x20,x0,10	  x0:0x00000000 x20=0x0000000a
        5535000	       552	80000228	01d8e4b3	or	x9,x17,x29	 x17:0x00000001 x29:0x0000042c  x9=0x0000042d
        5545000	       553	8000022c	017389b3	add	x19,x7,x23	  x7:0xeccfa200 x23:0xffe00027 x19=0xecafa227
        5555000	       554	80000230	0025ddb3	srl	x27,x11,x2	 x11:0x00000003  x2:0x00000000 x27=0x00000003
        5565000	       555	80000234	41d2d193	srai	x3,x5,0x1d	  x5:0x00000001  x3=0x00000000
        5575000	       556	80000238	ff880813	addi	x16,x16,-8	 x16:0x0000000a x16=0x00000002
        5585000	       557	8000023c	ff4876e3	bgeu	x16,x20,80000228	 x16:0x00000002 x20:0x0000000a
        5595000	       558	80000240	41e10e33	sub	x28,x2,x30	  x2:0x00000000 x30:0x80009f84 x28=0x7fff607c
        5605000	       559	80000244	fcafc4e3	blt	x31,x10,8000020c	 x31:0x00000008 x10:0x00000014
        5615000	       560	00000000	00000013	addi	x0,x0,0	  x0:0x00000000
        5625000	       561	80000208	00000013	addi	x0,x0,0	  x0:0x00000000
        5635000	       562	8000020c	00000013	addi	x0,x0,0	  x0:0x00000000
        5645000	       563	80000210	007f8f93	addi	x31,x31,7	 x31:0x00000008 x31=0x0000000f
        5655000	       564	80000214	cf6db893	sltiu	x17,x27,-778	 x27:0x00000003 x17=0x00000001
        5665000	       565	80000218	b9892793	slti	x15,x18,-1128	 x18:0x00000003 x15=0x00000000
        5675000	       566	8000021c	00a00813	addi	x16,x0,10	  x0:0x00000000 x16=0x0000000a
        5685000	       567	80000220	35e1bd93	sltiu	x27,x3,862	  x3:0x00000000 x27=0x00000001
        5695000	       568	80000224	00a00a13	addi	x20,x0,10	  x0:0x00000000 x20=0x0000000a
        5705000	       569	80000228	01d8e4b3	or	x9,x17,x29	 x17:0x00000001 x29:0x0000042c  x9=0x0000042d
        5715000	       570	8000022c	017389b3	add	x19,x7,x23	  x7:0xeccfa200 x23:0xffe00027 x19=0xecafa227
        5725000	       571	80000230	0025ddb3	srl	x27,x11,x2	 x11:0x00000003  x2:0x00000000 x27=0x00000003
        5735000	       572	80000234	41d2d193	srai	x3,x5,0x1d	  x5:0x00000001  x3=0x00000000
        5745000	       573	80000238	ff880813	addi	x16,x16,-8	 x16:0x0000000a x16=0x00000002
        5755000	       574	8000023c	ff4876e3	bgeu	x16,x20,80000228	 x16:0x00000002 x20:0x0000000a
        5765000	       575	80000240	41e10e33	sub	x28,x2,x30	  x2:0x00000000 x30:0x80009f84 x28=0x7fff607c
        5775000	       576	80000244	fcafc4e3	blt	x31,x10,8000020c	 x31:0x0000000f x10:0x00000014
        5785000	       577	00000000	00000013	addi	x0,x0,0	  x0:0x00000000
        5795000	       578	80000208	00000013	addi	x0,x0,0	  x0:0x00000000
        5805000	       579	8000020c	00000013	addi	x0,x0,0	  x0:0x00000000
        5815000	       580	80000210	007f8f93	addi	x31,x31,7	 x31:0x0000000f x31=0x00000016
        5825000	       581	80000214	cf6db893	sltiu	x17,x27,-778	 x27:0x00000003 x17=0x00000001
        5835000	       582	80000218	b9892793	slti	x15,x18,-1128	 x18:0x00000003 x15=0x00000000
        5845000	       583	8000021c	00a00813	addi	x16,x0,10	  x0:0x00000000 x16=0x0000000a
        5855000	       584	80000220	35e1bd93	sltiu	x27,x3,862	  x3:0x00000000 x27=0x00000001
        5865000	       585	80000224	00a00a13	addi	x20,x0,10	  x0:0x00000000 x20=0x0000000a
        5875000	       586	80000228	01d8e4b3	or	x9,x17,x29	 x17:0x00000001 x29:0x0000042c  x9=0x0000042d
        5885000	       587	8000022c	017389b3	add	x19,x7,x23	  x7:0xeccfa200 x23:0xffe00027 x19=0xecafa227
        5895000	       588	80000230	0025ddb3	srl	x27,x11,x2	 x11:0x00000003  x2:0x00000000 x27=0x00000003
        5905000	       589	80000234	41d2d193	srai	x3,x5,0x1d	  x5:0x00000001  x3=0x00000000
        5915000	       590	80000238	ff880813	addi	x16,x16,-8	 x16:0x0000000a x16=0x00000002
        5925000	       591	8000023c	ff4876e3	bgeu	x16,x20,80000228	 x16:0x00000002 x20:0x0000000a
        5935000	       592	80000240	41e10e33	sub	x28,x2,x30	  x2:0x00000000 x30:0x80009f84 x28=0x7fff607c
        5945000	       593	80000244	fcafc4e3	blt	x31,x10,8000020c	 x31:0x00000016 x10:0x00000014
        5955000	       594	80000248	ed8202b7	lui	x5,0xed820	  x5=0xed820000
        5965000	       595	8000024c	00300c13	addi	x24,x0,3	  x0:0x00000000 x24=0x00000003
        5975000	       596	80000250	00300693	addi	x13,x0,3	  x0:0x00000000 x13=0x00000003
        5985000	       597	80000254	01456633	or	x12,x10,x20	 x10:0x00000014 x20:0x0000000a x12=0x0000001e
        5995000	       598	80000258	015412b3	sll	x5,x8,x21	  x8:0x00000000 x21:0x00000091  x5=0x00000000
        6005000	       599	8000025c	01a08733	add	x14,x1,x26	  x1:0x0000000a x26:0x08252000 x14=0x0825200a
        6015000	       600	80000260	00a3a233	slt	x4,x7,x10	  x7:0xeccfa200 x10:0x00000014  x4=0x00000001
        6025000	       601	80000264	fffc0c13	addi	x24,x24,-1	 x24:0x00000003 x24=0x00000002
        6035000	       602	80000268	00900e93	addi	x29,x0,9	  x0:0x00000000 x29=0x00000009
        6045000	       603	8000026c	00e00313	addi	x6,x0,14	  x0:0x00000000  x6=0x0000000e
        6055000	       604	80000270	e53b0993	addi	x19,x22,-429	 x22:0x00000000 x19=0xfffffe53
        6065000	       605	80000274	01a3eb33	or	x22,x7,x26	  x7:0xeccfa200 x26:0x08252000 x22=0xecefa200
        6075000	       606	80000278	006e8e93	addi	x29,x29,6	 x29:0x00000009 x29=0x0000000f
        6085000	       607	8000027c	01a55513	srli	x10,x10,0x1a	 x10:0x00000014 x10=0x00000000
        6095000	       608	80000280	fe6ecae3	blt	x29,x6,80000274	 x29:0x0000000f  x6:0x0000000e
        6105000	       609	80000284	fcdc7ce3	bgeu	x24,x13,8000025c	 x24:0x00000002 x13:0x00000003
        6115000	       610	80000288	6b14e493	ori	x9,x9,1713	  x9:0x0000042d  x9=0x000006bd
        6125000	       611	8000028c	00900213	addi	x4,x0,9	  x0:0x00000000  x4=0x00000009
        6135000	       612	80000290	dfa93393	sltiu	x7,x18,-518	 x18:0x00000003  x7=0x00000001
        6145000	       613	80000294	b392e693	ori	x13,x5,-1223	  x5:0x00000000 x13=0xfffffb39
        6155000	       614	80000298	ff300b93	addi	x23,x0,-13	  x0:0x00000000 x23=0xfffffff3
        6165000	       615	8000029c	edbf6897	auipc	x17,0xedbf6	 x17=0x6dbf6298
        6175000	       616	800002a0	4f30ac13	slti	x24,x1,1267	  x1:0x0000000a x24=0x00000001
        6185000	       617	800002a4	fff20213	addi	x4,x4,-1	  x4:0x00000009  x4=0x00000008
        6195000	       618	800002a8	e412ef93	ori	x31,x5,-447	  x5:0x00000000 x31=0xfffffe41
        6205000	       619	800002ac	009ebfb3	sltu	x31,x29,x9	 x29:0x0000000f  x9:0x000006bd x31=0x00000001
        6215000	       620	800002b0	7abdfc13	andi	x24,x27,1963	 x27:0x00000003 x24=0x00000003
        6225000	       621	800002b4	ffe00413	addi	x8,x0,-2	  x0:0x00000000  x8=0xfffffffe
        6235000	       622	800002b8	45e03c13	sltiu	x24,x0,1118	  x0:0x00000000 x24=0x00000001
        6245000	       623	800002bc	01200a13	addi	x20,x0,18	  x0:0x00000000 x20=0x00000012
        6255000	       624	800002c0	01664133	xor	x2,x12,x22	 x12:0x0000001e x22:0xecefa200  x2=0xecefa21e
        6265000	       625	800002c4	1d796793	ori	x15,x18,471	 x18:0x00000003 x15=0x000001d7
        6275000	       626	800002c8	00740413	addi	x8,x8,7	  x8:0xfffffffe  x8=0x00000005
        6285000	       627	800002cc	4249ffb7	lui	x31,0x4249f	 x31=0x4249f000
        6295000	       628	800002d0	ff446ae3	bltu	x8,x20,800002c4	  x8:0x00000005 x20:0x00000012
        6305000	       629	00000000	00000013	addi	x0,x0,0	  x0:0x00000000
        6315000	       630	800002c0	00000013	addi	x0,x0,0	  x0:0x00000000
        6325000	       631	800002c4	1d796793	ori	x15,x18,471	 x18:0x00000003 x15=0x000001d7
        6335000	       632	800002c8	00740413	addi	x8,x8,7	  x8:0x00000005  x8=0x0000000c
        6345000	       633	800002cc	4249ffb7	lui	x31,0x4249f	 x31=0x4249f000
        6355000	       634	800002d0	ff446ae3	bltu	x8,x20,800002c4	  x8:0x0000000c x20:0x00000012
        6365000	       635	00000000	00000013	addi	x0,x0,0	  x0:0x00000000
        6375000	       636	800002c0	00000013	addi	x0,x0,0	  x0:0x00000000
        6385000	       637	800002c4	1d796793	ori	x15,x18,471	 x18:0x00000003 x15=0x000001d7
        6395000	       638	800002c8	00740413	addi	x8,x8,7	  x8:0x0000000c  x8=0x00000013
        6405000	       639	800002cc	4249ffb7	lui	x31,0x4249f	 x31=0x4249f000
        6415000	       640	800002d0	ff446ae3	bltu	x8,x20,800002c4	  x8:0x00000013 x20:0x00000012
        6425000	       641	800002d4	01cf3eb3	sltu	x29,x30,x28	 x30:0x80009f84 x28:0x7fff607c x29=0x00000000
        6435000	       642	800002d8	fd7252e3	bge	x4,x23,8000029c	  x4:0x00000008 x23:0xfffffff3
        6445000	       643	00000000	00000013	addi	x0,x0,0	  x0:0x00000000
        6455000	       644	80000298	00000013	addi	x0,x0,0	  x0:0x00000000
        6465000	       645	8000029c	edbf6897	auipc	x17,0xedbf6	 x17=0x6dbf6298
        6475000	       646	800002a0	4f30ac13	slti	x24,x1,1267	  x1:0x0000000a x24=0x00000001
        6485000	       647	800002a4	fff20213	addi	x4,x4,-1	  x4:0x00000008  x4=0x00000007
        6495000	       648	800002a8	e412ef93	ori	x31,x5,-447	  x5:0x00000000 x31=0xfffffe41
        6505000	       649	800002ac	009ebfb3	sltu	x31,x29,x9	 x29:0x00000000  x9:0x000006bd x31=0x00000001
        6515000	       650	800002b0	7abdfc13	andi	x24,x27,1963	 x27:0x00000003 x24=0x00000003
        6525000	       651	800002b4	ffe00413	addi	x8,x0,-2	  x0:0x00000000  x8=0xfffffffe
        6535000	       652	800002b8	45e03c13	sltiu	x24,x0,1118	  x0:0x00000000 x24=0x00000001
        6545000	       653	800002bc	01200a13	addi	x20,x0,18	  x0:0x00000000 x20=0x00000012
        6555000	       654	800002c0	01664133	xor	x2,x12,x22	 x12:0x0000001e x22:0xecefa200  x2=0xecefa21e
        6565000	       655	800002c4	1d796793	ori	x15,x18,471	 x18:0x00000003 x15=0x000001d7
        6575000	       656	800002c8	00740413	addi	x8,x8,7	  x8:0xfffffffe  x8=0x00000005
        6585000	       657	800002cc	4249ffb7	lui	x31,0x4249f	 x31=0x4249f000
        6595000	       658	800002d0	ff446ae3	bltu	x8,x20,800002c4	  x8:0x00000005 x20:0x00000012
        6605000	       659	00000000	00000013	addi	x0,x0,0	  x0:0x00000000
        6615000	       660	800002c0	00000013	addi	x0,x0,0	  x0:0x00000000
        6625000	       661	800002c4	1d796793	ori	x15,x18,471	 x18:0x00000003 x15=0x000001d7
        6635000	       662	800002c8	00740413	addi	x8,x8,7	  x8:0x00000005  x8=0x0000000c
        6645000	       663	800002cc	4249ffb7	lui	x31,0x4249f	 x31=0x4249f000
        6655000	       664	800002d0	ff446ae3	bltu	x8,x20,800002c4	  x8:0x0000000c x20:0x00000012
        6665000	       665	00000000	00000013	addi	x0,x0,0	  x0:0x00000000
        6675000	       666	800002c0	00000013	addi	x0,x0,0	  x0:0x00000000
        6685000	       667	800002c4	1d796793	ori	x15,x18,471	 x18:0x00000003 x15=0x000001d7
        6695000	       668	800002c8	00740413	addi	x8,x8,7	  x8:0x0000000c  x8=0x00000013
        6705000	       669	800002cc	4249ffb7	lui	x31,0x4249f	 x31=0x4249f000
        6715000	       670	800002d0	ff446ae3	bltu	x8,x20,800002c4	  x8:0x00000013 x20:0x00000012
        6725000	       671	800002d4	01cf3eb3	sltu	x29,x30,x28	 x30:0x80009f84 x28:0x7fff607c x29=0x00000000
        6735000	       672	800002d8	fd7252e3	bge	x4,x23,8000029c	  x4:0x00000007 x23:0xfffffff3
        6745000	       673	00000000	00000013	addi	x0,x0,0	  x0:0x00000000
        6755000	       674	80000298	00000013	addi	x0,x0,0	  x0:0x00000000
        6765000	       675	8000029c	edbf6897	auipc	x17,0xedbf6	 x17=0x6dbf6298
        6775000	       676	800002a0	4f30ac13	slti	x24,x1,1267	  x1:0x0000000a x24=0x00000001
        6785000	       677	800002a4	fff20213	addi	x4,x4,-1	  x4:0x00000007  x4=0x00000006
        6795000	       678	800002a8	e412ef93	ori	x31,x5,-447	  x5:0x00000000 x31=0xfffffe41
        6805000	       679	800002ac	009ebfb3	sltu	x31,x29,x9	 x29:0x00000000  x9:0x000006bd x31=0x00000001
        6815000	       680	800002b0	7abdfc13	andi	x24,x27,1963	 x27:0x00000003 x24=0x00000003
        6825000	       681	800002b4	ffe00413	addi	x8,x0,-2	  x0:0x00000000  x8=0xfffffffe
        6835000	       682	800002b8	45e03c13	sltiu	x24,x0,1118	  x0:0x00000000 x24=0x00000001
        6845000	       683	800002bc	01200a13	addi	x20,x0,18	  x0:0x00000000 x20=0x00000012
        6855000	       684	800002c0	01664133	xor	x2,x12,x22	 x12:0x0000001e x22:0xecefa200  x2=0xecefa21e
        6865000	       685	800002c4	1d796793	ori	x15,x18,471	 x18:0x00000003 x15=0x000001d7
        6875000	       686	800002c8	00740413	addi	x8,x8,7	  x8:0xfffffffe  x8=0x00000005
        6885000	       687	800002cc	4249ffb7	lui	x31,0x4249f	 x31=0x4249f000
        6895000	       688	800002d0	ff446ae3	bltu	x8,x20,800002c4	  x8:0x00000005 x20:0x00000012
        6905000	       689	00000000	00000013	addi	x0,x0,0	  x0:0x00000000
        6915000	       690	800002c0	00000013	addi	x0,x0,0	  x0:0x00000000
        6925000	       691	800002c4	1d796793	ori	x15,x18,471	 x18:0x00000003 x15=0x000001d7
        6935000	       692	800002c8	00740413	addi	x8,x8,7	  x8:0x00000005  x8=0x0000000c
        6945000	       693	800002cc	4249ffb7	lui	x31,0x4249f	 x31=0x4249f000
        6955000	       694	800002d0	ff446ae3	bltu	x8,x20,800002c4	  x8:0x0000000c x20:0x00000012
        6965000	       695	00000000	00000013	addi	x0,x0,0	  x0:0x00000000
        6975000	       696	800002c0	00000013	addi	x0,x0,0	  x0:0x00000000
        6985000	       697	800002c4	1d796793	ori	x15,x18,471	 x18:0x00000003 x15=0x000001d7
        6995000	       698	800002c8	00740413	addi	x8,x8,7	  x8:0x0000000c  x8=0x00000013
        7005000	       699	800002cc	4249ffb7	lui	x31,0x4249f	 x31=0x4249f000
        7015000	       700	800002d0	ff446ae3	bltu	x8,x20,800002c4	  x8:0x00000013 x20:0x00000012
        7025000	       701	800002d4	01cf3eb3	sltu	x29,x30,x28	 x30:0x80009f84 x28:0x7fff607c x29=0x00000000
        7035000	       702	800002d8	fd7252e3	bge	x4,x23,8000029c	  x4:0x00000006 x23:0xfffffff3
        7045000	       703	00000000	00000013	addi	x0,x0,0	  x0:0x00000000
        7055000	       704	80000298	00000013	addi	x0,x0,0	  x0:0x00000000
        7065000	       705	8000029c	edbf6897	auipc	x17,0xedbf6	 x17=0x6dbf6298
        7075000	       706	800002a0	4f30ac13	slti	x24,x1,1267	  x1:0x0000000a x24=0x00000001
        7085000	       707	800002a4	fff20213	addi	x4,x4,-1	  x4:0x00000006  x4=0x00000005
        7095000	       708	800002a8	e412ef93	ori	x31,x5,-447	  x5:0x00000000 x31=0xfffffe41
        7105000	       709	800002ac	009ebfb3	sltu	x31,x29,x9	 x29:0x00000000  x9:0x000006bd x31=0x00000001
        7115000	       710	800002b0	7abdfc13	andi	x24,x27,1963	 x27:0x00000003 x24=0x00000003
        7125000	       711	800002b4	ffe00413	addi	x8,x0,-2	  x0:0x00000000  x8=0xfffffffe
        7135000	       712	800002b8	45e03c13	sltiu	x24,x0,1118	  x0:0x00000000 x24=0x00000001
        7145000	       713	800002bc	01200a13	addi	x20,x0,18	  x0:0x00000000 x20=0x00000012
        7155000	       714	800002c0	01664133	xor	x2,x12,x22	 x12:0x0000001e x22:0xecefa200  x2=0xecefa21e
        7165000	       715	800002c4	1d796793	ori	x15,x18,471	 x18:0x00000003 x15=0x000001d7
        7175000	       716	800002c8	00740413	addi	x8,x8,7	  x8:0xfffffffe  x8=0x00000005
        7185000	       717	800002cc	4249ffb7	lui	x31,0x4249f	 x31=0x4249f000
        7195000	       718	800002d0	ff446ae3	bltu	x8,x20,800002c4	  x8:0x00000005 x20:0x00000012
        7205000	       719	00000000	00000013	addi	x0,x0,0	  x0:0x00000000
        7215000	       720	800002c0	00000013	addi	x0,x0,0	  x0:0x00000000
        7225000	       721	800002c4	1d796793	ori	x15,x18,471	 x18:0x00000003 x15=0x000001d7
        7235000	       722	800002c8	00740413	addi	x8,x8,7	  x8:0x00000005  x8=0x0000000c
        7245000	       723	800002cc	4249ffb7	lui	x31,0x4249f	 x31=0x4249f000
        7255000	       724	800002d0	ff446ae3	bltu	x8,x20,800002c4	  x8:0x0000000c x20:0x00000012
        7265000	       725	00000000	00000013	addi	x0,x0,0	  x0:0x00000000
        7275000	       726	800002c0	00000013	addi	x0,x0,0	  x0:0x00000000
        7285000	       727	800002c4	1d796793	ori	x15,x18,471	 x18:0x00000003 x15=0x000001d7
        7295000	       728	800002c8	00740413	addi	x8,x8,7	  x8:0x0000000c  x8=0x00000013
        7305000	       729	800002cc	4249ffb7	lui	x31,0x4249f	 x31=0x4249f000
        7315000	       730	800002d0	ff446ae3	bltu	x8,x20,800002c4	  x8:0x00000013 x20:0x00000012
        7325000	       731	800002d4	01cf3eb3	sltu	x29,x30,x28	 x30:0x80009f84 x28:0x7fff607c x29=0x00000000
        7335000	       732	800002d8	fd7252e3	bge	x4,x23,8000029c	  x4:0x00000005 x23:0xfffffff3
        7345000	       733	00000000	00000013	addi	x0,x0,0	  x0:0x00000000
        7355000	       734	80000298	00000013	addi	x0,x0,0	  x0:0x00000000
        7365000	       735	8000029c	edbf6897	auipc	x17,0xedbf6	 x17=0x6dbf6298
        7375000	       736	800002a0	4f30ac13	slti	x24,x1,1267	  x1:0x0000000a x24=0x00000001
        7385000	       737	800002a4	fff20213	addi	x4,x4,-1	  x4:0x00000005  x4=0x00000004
        7395000	       738	800002a8	e412ef93	ori	x31,x5,-447	  x5:0x00000000 x31=0xfffffe41
        7405000	       739	800002ac	009ebfb3	sltu	x31,x29,x9	 x29:0x00000000  x9:0x000006bd x31=0x00000001
        7415000	       740	800002b0	7abdfc13	andi	x24,x27,1963	 x27:0x00000003 x24=0x00000003
        7425000	       741	800002b4	ffe00413	addi	x8,x0,-2	  x0:0x00000000  x8=0xfffffffe
        7435000	       742	800002b8	45e03c13	sltiu	x24,x0,1118	  x0:0x00000000 x24=0x00000001
        7445000	       743	800002bc	01200a13	addi	x20,x0,18	  x0:0x00000000 x20=0x00000012
        7455000	       744	800002c0	01664133	xor	x2,x12,x22	 x12:0x0000001e x22:0xecefa200  x2=0xecefa21e
        7465000	       745	800002c4	1d796793	ori	x15,x18,471	 x18:0x00000003 x15=0x000001d7
        7475000	       746	800002c8	00740413	addi	x8,x8,7	  x8:0xfffffffe  x8=0x00000005
        7485000	       747	800002cc	4249ffb7	lui	x31,0x4249f	 x31=0x4249f000
        7495000	       748	800002d0	ff446ae3	bltu	x8,x20,800002c4	  x8:0x00000005 x20:0x00000012
        7505000	       749	00000000	00000013	addi	x0,x0,0	  x0:0x00000000
        7515000	       750	800002c0	00000013	addi	x0,x0,0	  x0:0x00000000
        7525000	       751	800002c4	1d796793	ori	x15,x18,471	 x18:0x00000003 x15=0x000001d7
        7535000	       752	800002c8	00740413	addi	x8,x8,7	  x8:0x00000005  x8=0x0000000c
        7545000	       753	800002cc	4249ffb7	lui	x31,0x4249f	 x31=0x4249f000
        7555000	       754	800002d0	ff446ae3	bltu	x8,x20,800002c4	  x8:0x0000000c x20:0x00000012
        7565000	       755	00000000	00000013	addi	x0,x0,0	  x0:0x00000000
        7575000	       756	800002c0	00000013	addi	x0,x0,0	  x0:0x00000000
        7585000	       757	800002c4	1d796793	ori	x15,x18,471	 x18:0x00000003 x15=0x000001d7
        7595000	       758	800002c8	00740413	addi	x8,x8,7	  x8:0x0000000c  x8=0x00000013
        7605000	       759	800002cc	4249ffb7	lui	x31,0x4249f	 x31=0x4249f000
        7615000	       760	800002d0	ff446ae3	bltu	x8,x20,800002c4	  x8:0x00000013 x20:0x00000012
        7625000	       761	800002d4	01cf3eb3	sltu	x29,x30,x28	 x30:0x80009f84 x28:0x7fff607c x29=0x00000000
        7635000	       762	800002d8	fd7252e3	bge	x4,x23,8000029c	  x4:0x00000004 x23:0xfffffff3
        7645000	       763	00000000	00000013	addi	x0,x0,0	  x0:0x00000000
        7655000	       764	80000298	00000013	addi	x0,x0,0	  x0:0x00000000
        7665000	       765	8000029c	edbf6897	auipc	x17,0xedbf6	 x17=0x6dbf6298
        7675000	       766	800002a0	4f30ac13	slti	x24,x1,1267	  x1:0x0000000a x24=0x00000001
        7685000	       767	800002a4	fff20213	addi	x4,x4,-1	  x4:0x00000004  x4=0x00000003
        7695000	       768	800002a8	e412ef93	ori	x31,x5,-447	  x5:0x00000000 x31=0xfffffe41
        7705000	       769	800002ac	009ebfb3	sltu	x31,x29,x9	 x29:0x00000000  x9:0x000006bd x31=0x00000001
        7715000	       770	800002b0	7abdfc13	andi	x24,x27,1963	 x27:0x00000003 x24=0x00000003
        7725000	       771	800002b4	ffe00413	addi	x8,x0,-2	  x0:0x00000000  x8=0xfffffffe
        7735000	       772	800002b8	45e03c13	sltiu	x24,x0,1118	  x0:0x00000000 x24=0x00000001
        7745000	       773	800002bc	01200a13	addi	x20,x0,18	  x0:0x00000000 x20=0x00000012
        7755000	       774	800002c0	01664133	xor	x2,x12,x22	 x12:0x0000001e x22:0xecefa200  x2=0xecefa21e
        7765000	       775	800002c4	1d796793	ori	x15,x18,471	 x18:0x00000003 x15=0x000001d7
        7775000	       776	800002c8	00740413	addi	x8,x8,7	  x8:0xfffffffe  x8=0x00000005
        7785000	       777	800002cc	4249ffb7	lui	x31,0x4249f	 x31=0x4249f000
        7795000	       778	800002d0	ff446ae3	bltu	x8,x20,800002c4	  x8:0x00000005 x20:0x00000012
        7805000	       779	00000000	00000013	addi	x0,x0,0	  x0:0x00000000
        7815000	       780	800002c0	00000013	addi	x0,x0,0	  x0:0x00000000
        7825000	       781	800002c4	1d796793	ori	x15,x18,471	 x18:0x00000003 x15=0x000001d7
        7835000	       782	800002c8	00740413	addi	x8,x8,7	  x8:0x00000005  x8=0x0000000c
        7845000	       783	800002cc	4249ffb7	lui	x31,0x4249f	 x31=0x4249f000
        7855000	       784	800002d0	ff446ae3	bltu	x8,x20,800002c4	  x8:0x0000000c x20:0x00000012
        7865000	       785	00000000	00000013	addi	x0,x0,0	  x0:0x00000000
        7875000	       786	800002c0	00000013	addi	x0,x0,0	  x0:0x00000000
        7885000	       787	800002c4	1d796793	ori	x15,x18,471	 x18:0x00000003 x15=0x000001d7
        7895000	       788	800002c8	00740413	addi	x8,x8,7	  x8:0x0000000c  x8=0x00000013
        7905000	       789	800002cc	4249ffb7	lui	x31,0x4249f	 x31=0x4249f000
        7915000	       790	800002d0	ff446ae3	bltu	x8,x20,800002c4	  x8:0x00000013 x20:0x00000012
        7925000	       791	800002d4	01cf3eb3	sltu	x29,x30,x28	 x30:0x80009f84 x28:0x7fff607c x29=0x00000000
        7935000	       792	800002d8	fd7252e3	bge	x4,x23,8000029c	  x4:0x00000003 x23:0xfffffff3
        7945000	       793	00000000	00000013	addi	x0,x0,0	  x0:0x00000000
        7955000	       794	80000298	00000013	addi	x0,x0,0	  x0:0x00000000
        7965000	       795	8000029c	edbf6897	auipc	x17,0xedbf6	 x17=0x6dbf6298
        7975000	       796	800002a0	4f30ac13	slti	x24,x1,1267	  x1:0x0000000a x24=0x00000001
        7985000	       797	800002a4	fff20213	addi	x4,x4,-1	  x4:0x00000003  x4=0x00000002
        7995000	       798	800002a8	e412ef93	ori	x31,x5,-447	  x5:0x00000000 x31=0xfffffe41
        8005000	       799	800002ac	009ebfb3	sltu	x31,x29,x9	 x29:0x00000000  x9:0x000006bd x31=0x00000001
        8015000	       800	800002b0	7abdfc13	andi	x24,x27,1963	 x27:0x00000003 x24=0x00000003
        8025000	       801	800002b4	ffe00413	addi	x8,x0,-2	  x0:0x00000000  x8=0xfffffffe
        8035000	       802	800002b8	45e03c13	sltiu	x24,x0,1118	  x0:0x00000000 x24=0x00000001
        8045000	       803	800002bc	01200a13	addi	x20,x0,18	  x0:0x00000000 x20=0x00000012
        8055000	       804	800002c0	01664133	xor	x2,x12,x22	 x12:0x0000001e x22:0xecefa200  x2=0xecefa21e
        8065000	       805	800002c4	1d796793	ori	x15,x18,471	 x18:0x00000003 x15=0x000001d7
        8075000	       806	800002c8	00740413	addi	x8,x8,7	  x8:0xfffffffe  x8=0x00000005
        8085000	       807	800002cc	4249ffb7	lui	x31,0x4249f	 x31=0x4249f000
        8095000	       808	800002d0	ff446ae3	bltu	x8,x20,800002c4	  x8:0x00000005 x20:0x00000012
        8105000	       809	00000000	00000013	addi	x0,x0,0	  x0:0x00000000
        8115000	       810	800002c0	00000013	addi	x0,x0,0	  x0:0x00000000
        8125000	       811	800002c4	1d796793	ori	x15,x18,471	 x18:0x00000003 x15=0x000001d7
        8135000	       812	800002c8	00740413	addi	x8,x8,7	  x8:0x00000005  x8=0x0000000c
        8145000	       813	800002cc	4249ffb7	lui	x31,0x4249f	 x31=0x4249f000
        8155000	       814	800002d0	ff446ae3	bltu	x8,x20,800002c4	  x8:0x0000000c x20:0x00000012
        8165000	       815	00000000	00000013	addi	x0,x0,0	  x0:0x00000000
        8175000	       816	800002c0	00000013	addi	x0,x0,0	  x0:0x00000000
        8185000	       817	800002c4	1d796793	ori	x15,x18,471	 x18:0x00000003 x15=0x000001d7
        8195000	       818	800002c8	00740413	addi	x8,x8,7	  x8:0x0000000c  x8=0x00000013
        8205000	       819	800002cc	4249ffb7	lui	x31,0x4249f	 x31=0x4249f000
        8215000	       820	800002d0	ff446ae3	bltu	x8,x20,800002c4	  x8:0x00000013 x20:0x00000012
        8225000	       821	800002d4	01cf3eb3	sltu	x29,x30,x28	 x30:0x80009f84 x28:0x7fff607c x29=0x00000000
        8235000	       822	800002d8	fd7252e3	bge	x4,x23,8000029c	  x4:0x00000002 x23:0xfffffff3
        8245000	       823	00000000	00000013	addi	x0,x0,0	  x0:0x00000000
        8255000	       824	80000298	00000013	addi	x0,x0,0	  x0:0x00000000
        8265000	       825	8000029c	edbf6897	auipc	x17,0xedbf6	 x17=0x6dbf6298
        8275000	       826	800002a0	4f30ac13	slti	x24,x1,1267	  x1:0x0000000a x24=0x00000001
        8285000	       827	800002a4	fff20213	addi	x4,x4,-1	  x4:0x00000002  x4=0x00000001
        8295000	       828	800002a8	e412ef93	ori	x31,x5,-447	  x5:0x00000000 x31=0xfffffe41
        8305000	       829	800002ac	009ebfb3	sltu	x31,x29,x9	 x29:0x00000000  x9:0x000006bd x31=0x00000001
        8315000	       830	800002b0	7abdfc13	andi	x24,x27,1963	 x27:0x00000003 x24=0x00000003
        8325000	       831	800002b4	ffe00413	addi	x8,x0,-2	  x0:0x00000000  x8=0xfffffffe
        8335000	       832	800002b8	45e03c13	sltiu	x24,x0,1118	  x0:0x00000000 x24=0x00000001
        8345000	       833	800002bc	01200a13	addi	x20,x0,18	  x0:0x00000000 x20=0x00000012
        8355000	       834	800002c0	01664133	xor	x2,x12,x22	 x12:0x0000001e x22:0xecefa200  x2=0xecefa21e
        8365000	       835	800002c4	1d796793	ori	x15,x18,471	 x18:0x00000003 x15=0x000001d7
        8375000	       836	800002c8	00740413	addi	x8,x8,7	  x8:0xfffffffe  x8=0x00000005
        8385000	       837	800002cc	4249ffb7	lui	x31,0x4249f	 x31=0x4249f000
        8395000	       838	800002d0	ff446ae3	bltu	x8,x20,800002c4	  x8:0x00000005 x20:0x00000012
        8405000	       839	00000000	00000013	addi	x0,x0,0	  x0:0x00000000
        8415000	       840	800002c0	00000013	addi	x0,x0,0	  x0:0x00000000
        8425000	       841	800002c4	1d796793	ori	x15,x18,471	 x18:0x00000003 x15=0x000001d7
        8435000	       842	800002c8	00740413	addi	x8,x8,7	  x8:0x00000005  x8=0x0000000c
        8445000	       843	800002cc	4249ffb7	lui	x31,0x4249f	 x31=0x4249f000
        8455000	       844	800002d0	ff446ae3	bltu	x8,x20,800002c4	  x8:0x0000000c x20:0x00000012
        8465000	       845	00000000	00000013	addi	x0,x0,0	  x0:0x00000000
        8475000	       846	800002c0	00000013	addi	x0,x0,0	  x0:0x00000000
        8485000	       847	800002c4	1d796793	ori	x15,x18,471	 x18:0x00000003 x15=0x000001d7
        8495000	       848	800002c8	00740413	addi	x8,x8,7	  x8:0x0000000c  x8=0x00000013
        8505000	       849	800002cc	4249ffb7	lui	x31,0x4249f	 x31=0x4249f000
        8515000	       850	800002d0	ff446ae3	bltu	x8,x20,800002c4	  x8:0x00000013 x20:0x00000012
        8525000	       851	800002d4	01cf3eb3	sltu	x29,x30,x28	 x30:0x80009f84 x28:0x7fff607c x29=0x00000000
        8535000	       852	800002d8	fd7252e3	bge	x4,x23,8000029c	  x4:0x00000001 x23:0xfffffff3
        8545000	       853	00000000	00000013	addi	x0,x0,0	  x0:0x00000000
        8555000	       854	80000298	00000013	addi	x0,x0,0	  x0:0x00000000
        8565000	       855	8000029c	edbf6897	auipc	x17,0xedbf6	 x17=0x6dbf6298
        8575000	       856	800002a0	4f30ac13	slti	x24,x1,1267	  x1:0x0000000a x24=0x00000001
        8585000	       857	800002a4	fff20213	addi	x4,x4,-1	  x4:0x00000001  x4=0x00000000
        8595000	       858	800002a8	e412ef93	ori	x31,x5,-447	  x5:0x00000000 x31=0xfffffe41
        8605000	       859	800002ac	009ebfb3	sltu	x31,x29,x9	 x29:0x00000000  x9:0x000006bd x31=0x00000001
        8615000	       860	800002b0	7abdfc13	andi	x24,x27,1963	 x27:0x00000003 x24=0x00000003
        8625000	       861	800002b4	ffe00413	addi	x8,x0,-2	  x0:0x00000000  x8=0xfffffffe
        8635000	       862	800002b8	45e03c13	sltiu	x24,x0,1118	  x0:0x00000000 x24=0x00000001
        8645000	       863	800002bc	01200a13	addi	x20,x0,18	  x0:0x00000000 x20=0x00000012
        8655000	       864	800002c0	01664133	xor	x2,x12,x22	 x12:0x0000001e x22:0xecefa200  x2=0xecefa21e
        8665000	       865	800002c4	1d796793	ori	x15,x18,471	 x18:0x00000003 x15=0x000001d7
        8675000	       866	800002c8	00740413	addi	x8,x8,7	  x8:0xfffffffe  x8=0x00000005
        8685000	       867	800002cc	4249ffb7	lui	x31,0x4249f	 x31=0x4249f000
        8695000	       868	800002d0	ff446ae3	bltu	x8,x20,800002c4	  x8:0x00000005 x20:0x00000012
        8705000	       869	00000000	00000013	addi	x0,x0,0	  x0:0x00000000
        8715000	       870	800002c0	00000013	addi	x0,x0,0	  x0:0x00000000
        8725000	       871	800002c4	1d796793	ori	x15,x18,471	 x18:0x00000003 x15=0x000001d7
        8735000	       872	800002c8	00740413	addi	x8,x8,7	  x8:0x00000005  x8=0x0000000c
        8745000	       873	800002cc	4249ffb7	lui	x31,0x4249f	 x31=0x4249f000
        8755000	       874	800002d0	ff446ae3	bltu	x8,x20,800002c4	  x8:0x0000000c x20:0x00000012
        8765000	       875	00000000	00000013	addi	x0,x0,0	  x0:0x00000000
        8775000	       876	800002c0	00000013	addi	x0,x0,0	  x0:0x00000000
        8785000	       877	800002c4	1d796793	ori	x15,x18,471	 x18:0x00000003 x15=0x000001d7
        8795000	       878	800002c8	00740413	addi	x8,x8,7	  x8:0x0000000c  x8=0x00000013
        8805000	       879	800002cc	4249ffb7	lui	x31,0x4249f	 x31=0x4249f000
        8815000	       880	800002d0	ff446ae3	bltu	x8,x20,800002c4	  x8:0x00000013 x20:0x00000012
        8825000	       881	800002d4	01cf3eb3	sltu	x29,x30,x28	 x30:0x80009f84 x28:0x7fff607c x29=0x00000000
        8835000	       882	800002d8	fd7252e3	bge	x4,x23,8000029c	  x4:0x00000000 x23:0xfffffff3
        8845000	       883	00000000	00000013	addi	x0,x0,0	  x0:0x00000000
        8855000	       884	80000298	00000013	addi	x0,x0,0	  x0:0x00000000
        8865000	       885	8000029c	edbf6897	auipc	x17,0xedbf6	 x17=0x6dbf6298
        8875000	       886	800002a0	4f30ac13	slti	x24,x1,1267	  x1:0x0000000a x24=0x00000001
        8885000	       887	800002a4	fff20213	addi	x4,x4,-1	  x4:0x00000000  x4=0xffffffff
        8895000	       888	800002a8	e412ef93	ori	x31,x5,-447	  x5:0x00000000 x31=0xfffffe41
        8905000	       889	800002ac	009ebfb3	sltu	x31,x29,x9	 x29:0x00000000  x9:0x000006bd x31=0x00000001
        8915000	       890	800002b0	7abdfc13	andi	x24,x27,1963	 x27:0x00000003 x24=0x00000003
        8925000	       891	800002b4	ffe00413	addi	x8,x0,-2	  x0:0x00000000  x8=0xfffffffe
        8935000	       892	800002b8	45e03c13	sltiu	x24,x0,1118	  x0:0x00000000 x24=0x00000001
        8945000	       893	800002bc	01200a13	addi	x20,x0,18	  x0:0x00000000 x20=0x00000012
        8955000	       894	800002c0	01664133	xor	x2,x12,x22	 x12:0x0000001e x22:0xecefa200  x2=0xecefa21e
        8965000	       895	800002c4	1d796793	ori	x15,x18,471	 x18:0x00000003 x15=0x000001d7
        8975000	       896	800002c8	00740413	addi	x8,x8,7	  x8:0xfffffffe  x8=0x00000005
        8985000	       897	800002cc	4249ffb7	lui	x31,0x4249f	 x31=0x4249f000
        8995000	       898	800002d0	ff446ae3	bltu	x8,x20,800002c4	  x8:0x00000005 x20:0x00000012
        9005000	       899	00000000	00000013	addi	x0,x0,0	  x0:0x00000000
        9015000	       900	800002c0	00000013	addi	x0,x0,0	  x0:0x00000000
        9025000	       901	800002c4	1d796793	ori	x15,x18,471	 x18:0x00000003 x15=0x000001d7
        9035000	       902	800002c8	00740413	addi	x8,x8,7	  x8:0x00000005  x8=0x0000000c
        9045000	       903	800002cc	4249ffb7	lui	x31,0x4249f	 x31=0x4249f000
        9055000	       904	800002d0	ff446ae3	bltu	x8,x20,800002c4	  x8:0x0000000c x20:0x00000012
        9065000	       905	00000000	00000013	addi	x0,x0,0	  x0:0x00000000
        9075000	       906	800002c0	00000013	addi	x0,x0,0	  x0:0x00000000
        9085000	       907	800002c4	1d796793	ori	x15,x18,471	 x18:0x00000003 x15=0x000001d7
        9095000	       908	800002c8	00740413	addi	x8,x8,7	  x8:0x0000000c  x8=0x00000013
        9105000	       909	800002cc	4249ffb7	lui	x31,0x4249f	 x31=0x4249f000
        9115000	       910	800002d0	ff446ae3	bltu	x8,x20,800002c4	  x8:0x00000013 x20:0x00000012
        9125000	       911	800002d4	01cf3eb3	sltu	x29,x30,x28	 x30:0x80009f84 x28:0x7fff607c x29=0x00000000
        9135000	       912	800002d8	fd7252e3	bge	x4,x23,8000029c	  x4:0xffffffff x23:0xfffffff3
        9145000	       913	00000000	00000013	addi	x0,x0,0	  x0:0x00000000
        9155000	       914	80000298	00000013	addi	x0,x0,0	  x0:0x00000000
        9165000	       915	8000029c	edbf6897	auipc	x17,0xedbf6	 x17=0x6dbf6298
        9175000	       916	800002a0	4f30ac13	slti	x24,x1,1267	  x1:0x0000000a x24=0x00000001
        9185000	       917	800002a4	fff20213	addi	x4,x4,-1	  x4:0xffffffff  x4=0xfffffffe
        9195000	       918	800002a8	e412ef93	ori	x31,x5,-447	  x5:0x00000000 x31=0xfffffe41
        9205000	       919	800002ac	009ebfb3	sltu	x31,x29,x9	 x29:0x00000000  x9:0x000006bd x31=0x00000001
        9215000	       920	800002b0	7abdfc13	andi	x24,x27,1963	 x27:0x00000003 x24=0x00000003
        9225000	       921	800002b4	ffe00413	addi	x8,x0,-2	  x0:0x00000000  x8=0xfffffffe
        9235000	       922	800002b8	45e03c13	sltiu	x24,x0,1118	  x0:0x00000000 x24=0x00000001
        9245000	       923	800002bc	01200a13	addi	x20,x0,18	  x0:0x00000000 x20=0x00000012
        9255000	       924	800002c0	01664133	xor	x2,x12,x22	 x12:0x0000001e x22:0xecefa200  x2=0xecefa21e
        9265000	       925	800002c4	1d796793	ori	x15,x18,471	 x18:0x00000003 x15=0x000001d7
        9275000	       926	800002c8	00740413	addi	x8,x8,7	  x8:0xfffffffe  x8=0x00000005
        9285000	       927	800002cc	4249ffb7	lui	x31,0x4249f	 x31=0x4249f000
        9295000	       928	800002d0	ff446ae3	bltu	x8,x20,800002c4	  x8:0x00000005 x20:0x00000012
        9305000	       929	00000000	00000013	addi	x0,x0,0	  x0:0x00000000
        9315000	       930	800002c0	00000013	addi	x0,x0,0	  x0:0x00000000
        9325000	       931	800002c4	1d796793	ori	x15,x18,471	 x18:0x00000003 x15=0x000001d7
        9335000	       932	800002c8	00740413	addi	x8,x8,7	  x8:0x00000005  x8=0x0000000c
        9345000	       933	800002cc	4249ffb7	lui	x31,0x4249f	 x31=0x4249f000
        9355000	       934	800002d0	ff446ae3	bltu	x8,x20,800002c4	  x8:0x0000000c x20:0x00000012
        9365000	       935	00000000	00000013	addi	x0,x0,0	  x0:0x00000000
        9375000	       936	800002c0	00000013	addi	x0,x0,0	  x0:0x00000000
        9385000	       937	800002c4	1d796793	ori	x15,x18,471	 x18:0x00000003 x15=0x000001d7
        9395000	       938	800002c8	00740413	addi	x8,x8,7	  x8:0x0000000c  x8=0x00000013
        9405000	       939	800002cc	4249ffb7	lui	x31,0x4249f	 x31=0x4249f000
        9415000	       940	800002d0	ff446ae3	bltu	x8,x20,800002c4	  x8:0x00000013 x20:0x00000012
        9425000	       941	800002d4	01cf3eb3	sltu	x29,x30,x28	 x30:0x80009f84 x28:0x7fff607c x29=0x00000000
        9435000	       942	800002d8	fd7252e3	bge	x4,x23,8000029c	  x4:0xfffffffe x23:0xfffffff3
        9445000	       943	00000000	00000013	addi	x0,x0,0	  x0:0x00000000
        9455000	       944	80000298	00000013	addi	x0,x0,0	  x0:0x00000000
        9465000	       945	8000029c	edbf6897	auipc	x17,0xedbf6	 x17=0x6dbf6298
        9475000	       946	800002a0	4f30ac13	slti	x24,x1,1267	  x1:0x0000000a x24=0x00000001
        9485000	       947	800002a4	fff20213	addi	x4,x4,-1	  x4:0xfffffffe  x4=0xfffffffd
        9495000	       948	800002a8	e412ef93	ori	x31,x5,-447	  x5:0x00000000 x31=0xfffffe41
        9505000	       949	800002ac	009ebfb3	sltu	x31,x29,x9	 x29:0x00000000  x9:0x000006bd x31=0x00000001
        9515000	       950	800002b0	7abdfc13	andi	x24,x27,1963	 x27:0x00000003 x24=0x00000003
        9525000	       951	800002b4	ffe00413	addi	x8,x0,-2	  x0:0x00000000  x8=0xfffffffe
        9535000	       952	800002b8	45e03c13	sltiu	x24,x0,1118	  x0:0x00000000 x24=0x00000001
        9545000	       953	800002bc	01200a13	addi	x20,x0,18	  x0:0x00000000 x20=0x00000012
        9555000	       954	800002c0	01664133	xor	x2,x12,x22	 x12:0x0000001e x22:0xecefa200  x2=0xecefa21e
        9565000	       955	800002c4	1d796793	ori	x15,x18,471	 x18:0x00000003 x15=0x000001d7
        9575000	       956	800002c8	00740413	addi	x8,x8,7	  x8:0xfffffffe  x8=0x00000005
        9585000	       957	800002cc	4249ffb7	lui	x31,0x4249f	 x31=0x4249f000
        9595000	       958	800002d0	ff446ae3	bltu	x8,x20,800002c4	  x8:0x00000005 x20:0x00000012
        9605000	       959	00000000	00000013	addi	x0,x0,0	  x0:0x00000000
        9615000	       960	800002c0	00000013	addi	x0,x0,0	  x0:0x00000000
        9625000	       961	800002c4	1d796793	ori	x15,x18,471	 x18:0x00000003 x15=0x000001d7
        9635000	       962	800002c8	00740413	addi	x8,x8,7	  x8:0x00000005  x8=0x0000000c
        9645000	       963	800002cc	4249ffb7	lui	x31,0x4249f	 x31=0x4249f000
        9655000	       964	800002d0	ff446ae3	bltu	x8,x20,800002c4	  x8:0x0000000c x20:0x00000012
        9665000	       965	00000000	00000013	addi	x0,x0,0	  x0:0x00000000
        9675000	       966	800002c0	00000013	addi	x0,x0,0	  x0:0x00000000
        9685000	       967	800002c4	1d796793	ori	x15,x18,471	 x18:0x00000003 x15=0x000001d7
        9695000	       968	800002c8	00740413	addi	x8,x8,7	  x8:0x0000000c  x8=0x00000013
        9705000	       969	800002cc	4249ffb7	lui	x31,0x4249f	 x31=0x4249f000
        9715000	       970	800002d0	ff446ae3	bltu	x8,x20,800002c4	  x8:0x00000013 x20:0x00000012
        9725000	       971	800002d4	01cf3eb3	sltu	x29,x30,x28	 x30:0x80009f84 x28:0x7fff607c x29=0x00000000
        9735000	       972	800002d8	fd7252e3	bge	x4,x23,8000029c	  x4:0xfffffffd x23:0xfffffff3
        9745000	       973	00000000	00000013	addi	x0,x0,0	  x0:0x00000000
        9755000	       974	80000298	00000013	addi	x0,x0,0	  x0:0x00000000
        9765000	       975	8000029c	edbf6897	auipc	x17,0xedbf6	 x17=0x6dbf6298
        9775000	       976	800002a0	4f30ac13	slti	x24,x1,1267	  x1:0x0000000a x24=0x00000001
        9785000	       977	800002a4	fff20213	addi	x4,x4,-1	  x4:0xfffffffd  x4=0xfffffffc
        9795000	       978	800002a8	e412ef93	ori	x31,x5,-447	  x5:0x00000000 x31=0xfffffe41
        9805000	       979	800002ac	009ebfb3	sltu	x31,x29,x9	 x29:0x00000000  x9:0x000006bd x31=0x00000001
        9815000	       980	800002b0	7abdfc13	andi	x24,x27,1963	 x27:0x00000003 x24=0x00000003
        9825000	       981	800002b4	ffe00413	addi	x8,x0,-2	  x0:0x00000000  x8=0xfffffffe
        9835000	       982	800002b8	45e03c13	sltiu	x24,x0,1118	  x0:0x00000000 x24=0x00000001
        9845000	       983	800002bc	01200a13	addi	x20,x0,18	  x0:0x00000000 x20=0x00000012
        9855000	       984	800002c0	01664133	xor	x2,x12,x22	 x12:0x0000001e x22:0xecefa200  x2=0xecefa21e
        9865000	       985	800002c4	1d796793	ori	x15,x18,471	 x18:0x00000003 x15=0x000001d7
        9875000	       986	800002c8	00740413	addi	x8,x8,7	  x8:0xfffffffe  x8=0x00000005
        9885000	       987	800002cc	4249ffb7	lui	x31,0x4249f	 x31=0x4249f000
        9895000	       988	800002d0	ff446ae3	bltu	x8,x20,800002c4	  x8:0x00000005 x20:0x00000012
        9905000	       989	00000000	00000013	addi	x0,x0,0	  x0:0x00000000
        9915000	       990	800002c0	00000013	addi	x0,x0,0	  x0:0x00000000
        9925000	       991	800002c4	1d796793	ori	x15,x18,471	 x18:0x00000003 x15=0x000001d7
        9935000	       992	800002c8	00740413	addi	x8,x8,7	  x8:0x00000005  x8=0x0000000c
        9945000	       993	800002cc	4249ffb7	lui	x31,0x4249f	 x31=0x4249f000
        9955000	       994	800002d0	ff446ae3	bltu	x8,x20,800002c4	  x8:0x0000000c x20:0x00000012
        9965000	       995	00000000	00000013	addi	x0,x0,0	  x0:0x00000000
        9975000	       996	800002c0	00000013	addi	x0,x0,0	  x0:0x00000000
        9985000	       997	800002c4	1d796793	ori	x15,x18,471	 x18:0x00000003 x15=0x000001d7
        9995000	       998	800002c8	00740413	addi	x8,x8,7	  x8:0x0000000c  x8=0x00000013
       10005000	       999	800002cc	4249ffb7	lui	x31,0x4249f	 x31=0x4249f000
       10015000	      1000	800002d0	ff446ae3	bltu	x8,x20,800002c4	  x8:0x00000013 x20:0x00000012
       10025000	      1001	800002d4	01cf3eb3	sltu	x29,x30,x28	 x30:0x80009f84 x28:0x7fff607c x29=0x00000000
       10035000	      1002	800002d8	fd7252e3	bge	x4,x23,8000029c	  x4:0xfffffffc x23:0xfffffff3
       10045000	      1003	00000000	00000013	addi	x0,x0,0	  x0:0x00000000
       10055000	      1004	80000298	00000013	addi	x0,x0,0	  x0:0x00000000
       10065000	      1005	8000029c	edbf6897	auipc	x17,0xedbf6	 x17=0x6dbf6298
       10075000	      1006	800002a0	4f30ac13	slti	x24,x1,1267	  x1:0x0000000a x24=0x00000001
       10085000	      1007	800002a4	fff20213	addi	x4,x4,-1	  x4:0xfffffffc  x4=0xfffffffb
       10095000	      1008	800002a8	e412ef93	ori	x31,x5,-447	  x5:0x00000000 x31=0xfffffe41
       10105000	      1009	800002ac	009ebfb3	sltu	x31,x29,x9	 x29:0x00000000  x9:0x000006bd x31=0x00000001
       10115000	      1010	800002b0	7abdfc13	andi	x24,x27,1963	 x27:0x00000003 x24=0x00000003
       10125000	      1011	800002b4	ffe00413	addi	x8,x0,-2	  x0:0x00000000  x8=0xfffffffe
       10135000	      1012	800002b8	45e03c13	sltiu	x24,x0,1118	  x0:0x00000000 x24=0x00000001
       10145000	      1013	800002bc	01200a13	addi	x20,x0,18	  x0:0x00000000 x20=0x00000012
       10155000	      1014	800002c0	01664133	xor	x2,x12,x22	 x12:0x0000001e x22:0xecefa200  x2=0xecefa21e
       10165000	      1015	800002c4	1d796793	ori	x15,x18,471	 x18:0x00000003 x15=0x000001d7
       10175000	      1016	800002c8	00740413	addi	x8,x8,7	  x8:0xfffffffe  x8=0x00000005
       10185000	      1017	800002cc	4249ffb7	lui	x31,0x4249f	 x31=0x4249f000
       10195000	      1018	800002d0	ff446ae3	bltu	x8,x20,800002c4	  x8:0x00000005 x20:0x00000012
       10205000	      1019	00000000	00000013	addi	x0,x0,0	  x0:0x00000000
       10215000	      1020	800002c0	00000013	addi	x0,x0,0	  x0:0x00000000
       10225000	      1021	800002c4	1d796793	ori	x15,x18,471	 x18:0x00000003 x15=0x000001d7
       10235000	      1022	800002c8	00740413	addi	x8,x8,7	  x8:0x00000005  x8=0x0000000c
       10245000	      1023	800002cc	4249ffb7	lui	x31,0x4249f	 x31=0x4249f000
       10255000	      1024	800002d0	ff446ae3	bltu	x8,x20,800002c4	  x8:0x0000000c x20:0x00000012
       10265000	      1025	00000000	00000013	addi	x0,x0,0	  x0:0x00000000
       10275000	      1026	800002c0	00000013	addi	x0,x0,0	  x0:0x00000000
       10285000	      1027	800002c4	1d796793	ori	x15,x18,471	 x18:0x00000003 x15=0x000001d7
       10295000	      1028	800002c8	00740413	addi	x8,x8,7	  x8:0x0000000c  x8=0x00000013
       10305000	      1029	800002cc	4249ffb7	lui	x31,0x4249f	 x31=0x4249f000
       10315000	      1030	800002d0	ff446ae3	bltu	x8,x20,800002c4	  x8:0x00000013 x20:0x00000012
       10325000	      1031	800002d4	01cf3eb3	sltu	x29,x30,x28	 x30:0x80009f84 x28:0x7fff607c x29=0x00000000
       10335000	      1032	800002d8	fd7252e3	bge	x4,x23,8000029c	  x4:0xfffffffb x23:0xfffffff3
       10345000	      1033	00000000	00000013	addi	x0,x0,0	  x0:0x00000000
       10355000	      1034	80000298	00000013	addi	x0,x0,0	  x0:0x00000000
       10365000	      1035	8000029c	edbf6897	auipc	x17,0xedbf6	 x17=0x6dbf6298
       10375000	      1036	800002a0	4f30ac13	slti	x24,x1,1267	  x1:0x0000000a x24=0x00000001
       10385000	      1037	800002a4	fff20213	addi	x4,x4,-1	  x4:0xfffffffb  x4=0xfffffffa
       10395000	      1038	800002a8	e412ef93	ori	x31,x5,-447	  x5:0x00000000 x31=0xfffffe41
       10405000	      1039	800002ac	009ebfb3	sltu	x31,x29,x9	 x29:0x00000000  x9:0x000006bd x31=0x00000001
       10415000	      1040	800002b0	7abdfc13	andi	x24,x27,1963	 x27:0x00000003 x24=0x00000003
       10425000	      1041	800002b4	ffe00413	addi	x8,x0,-2	  x0:0x00000000  x8=0xfffffffe
       10435000	      1042	800002b8	45e03c13	sltiu	x24,x0,1118	  x0:0x00000000 x24=0x00000001
       10445000	      1043	800002bc	01200a13	addi	x20,x0,18	  x0:0x00000000 x20=0x00000012
       10455000	      1044	800002c0	01664133	xor	x2,x12,x22	 x12:0x0000001e x22:0xecefa200  x2=0xecefa21e
       10465000	      1045	800002c4	1d796793	ori	x15,x18,471	 x18:0x00000003 x15=0x000001d7
       10475000	      1046	800002c8	00740413	addi	x8,x8,7	  x8:0xfffffffe  x8=0x00000005
       10485000	      1047	800002cc	4249ffb7	lui	x31,0x4249f	 x31=0x4249f000
       10495000	      1048	800002d0	ff446ae3	bltu	x8,x20,800002c4	  x8:0x00000005 x20:0x00000012
       10505000	      1049	00000000	00000013	addi	x0,x0,0	  x0:0x00000000
       10515000	      1050	800002c0	00000013	addi	x0,x0,0	  x0:0x00000000
       10525000	      1051	800002c4	1d796793	ori	x15,x18,471	 x18:0x00000003 x15=0x000001d7
       10535000	      1052	800002c8	00740413	addi	x8,x8,7	  x8:0x00000005  x8=0x0000000c
       10545000	      1053	800002cc	4249ffb7	lui	x31,0x4249f	 x31=0x4249f000
       10555000	      1054	800002d0	ff446ae3	bltu	x8,x20,800002c4	  x8:0x0000000c x20:0x00000012
       10565000	      1055	00000000	00000013	addi	x0,x0,0	  x0:0x00000000
       10575000	      1056	800002c0	00000013	addi	x0,x0,0	  x0:0x00000000
       10585000	      1057	800002c4	1d796793	ori	x15,x18,471	 x18:0x00000003 x15=0x000001d7
       10595000	      1058	800002c8	00740413	addi	x8,x8,7	  x8:0x0000000c  x8=0x00000013
       10605000	      1059	800002cc	4249ffb7	lui	x31,0x4249f	 x31=0x4249f000
       10615000	      1060	800002d0	ff446ae3	bltu	x8,x20,800002c4	  x8:0x00000013 x20:0x00000012
       10625000	      1061	800002d4	01cf3eb3	sltu	x29,x30,x28	 x30:0x80009f84 x28:0x7fff607c x29=0x00000000
       10635000	      1062	800002d8	fd7252e3	bge	x4,x23,8000029c	  x4:0xfffffffa x23:0xfffffff3
       10645000	      1063	00000000	00000013	addi	x0,x0,0	  x0:0x00000000
       10655000	      1064	80000298	00000013	addi	x0,x0,0	  x0:0x00000000
       10665000	      1065	8000029c	edbf6897	auipc	x17,0xedbf6	 x17=0x6dbf6298
       10675000	      1066	800002a0	4f30ac13	slti	x24,x1,1267	  x1:0x0000000a x24=0x00000001
       10685000	      1067	800002a4	fff20213	addi	x4,x4,-1	  x4:0xfffffffa  x4=0xfffffff9
       10695000	      1068	800002a8	e412ef93	ori	x31,x5,-447	  x5:0x00000000 x31=0xfffffe41
       10705000	      1069	800002ac	009ebfb3	sltu	x31,x29,x9	 x29:0x00000000  x9:0x000006bd x31=0x00000001
       10715000	      1070	800002b0	7abdfc13	andi	x24,x27,1963	 x27:0x00000003 x24=0x00000003
       10725000	      1071	800002b4	ffe00413	addi	x8,x0,-2	  x0:0x00000000  x8=0xfffffffe
       10735000	      1072	800002b8	45e03c13	sltiu	x24,x0,1118	  x0:0x00000000 x24=0x00000001
       10745000	      1073	800002bc	01200a13	addi	x20,x0,18	  x0:0x00000000 x20=0x00000012
       10755000	      1074	800002c0	01664133	xor	x2,x12,x22	 x12:0x0000001e x22:0xecefa200  x2=0xecefa21e
       10765000	      1075	800002c4	1d796793	ori	x15,x18,471	 x18:0x00000003 x15=0x000001d7
       10775000	      1076	800002c8	00740413	addi	x8,x8,7	  x8:0xfffffffe  x8=0x00000005
       10785000	      1077	800002cc	4249ffb7	lui	x31,0x4249f	 x31=0x4249f000
       10795000	      1078	800002d0	ff446ae3	bltu	x8,x20,800002c4	  x8:0x00000005 x20:0x00000012
       10805000	      1079	00000000	00000013	addi	x0,x0,0	  x0:0x00000000
       10815000	      1080	800002c0	00000013	addi	x0,x0,0	  x0:0x00000000
       10825000	      1081	800002c4	1d796793	ori	x15,x18,471	 x18:0x00000003 x15=0x000001d7
       10835000	      1082	800002c8	00740413	addi	x8,x8,7	  x8:0x00000005  x8=0x0000000c
       10845000	      1083	800002cc	4249ffb7	lui	x31,0x4249f	 x31=0x4249f000
       10855000	      1084	800002d0	ff446ae3	bltu	x8,x20,800002c4	  x8:0x0000000c x20:0x00000012
       10865000	      1085	00000000	00000013	addi	x0,x0,0	  x0:0x00000000
       10875000	      1086	800002c0	00000013	addi	x0,x0,0	  x0:0x00000000
       10885000	      1087	800002c4	1d796793	ori	x15,x18,471	 x18:0x00000003 x15=0x000001d7
       10895000	      1088	800002c8	00740413	addi	x8,x8,7	  x8:0x0000000c  x8=0x00000013
       10905000	      1089	800002cc	4249ffb7	lui	x31,0x4249f	 x31=0x4249f000
       10915000	      1090	800002d0	ff446ae3	bltu	x8,x20,800002c4	  x8:0x00000013 x20:0x00000012
       10925000	      1091	800002d4	01cf3eb3	sltu	x29,x30,x28	 x30:0x80009f84 x28:0x7fff607c x29=0x00000000
       10935000	      1092	800002d8	fd7252e3	bge	x4,x23,8000029c	  x4:0xfffffff9 x23:0xfffffff3
       10945000	      1093	00000000	00000013	addi	x0,x0,0	  x0:0x00000000
       10955000	      1094	80000298	00000013	addi	x0,x0,0	  x0:0x00000000
       10965000	      1095	8000029c	edbf6897	auipc	x17,0xedbf6	 x17=0x6dbf6298
       10975000	      1096	800002a0	4f30ac13	slti	x24,x1,1267	  x1:0x0000000a x24=0x00000001
       10985000	      1097	800002a4	fff20213	addi	x4,x4,-1	  x4:0xfffffff9  x4=0xfffffff8
       10995000	      1098	800002a8	e412ef93	ori	x31,x5,-447	  x5:0x00000000 x31=0xfffffe41
       11005000	      1099	800002ac	009ebfb3	sltu	x31,x29,x9	 x29:0x00000000  x9:0x000006bd x31=0x00000001
       11015000	      1100	800002b0	7abdfc13	andi	x24,x27,1963	 x27:0x00000003 x24=0x00000003
       11025000	      1101	800002b4	ffe00413	addi	x8,x0,-2	  x0:0x00000000  x8=0xfffffffe
       11035000	      1102	800002b8	45e03c13	sltiu	x24,x0,1118	  x0:0x00000000 x24=0x00000001
       11045000	      1103	800002bc	01200a13	addi	x20,x0,18	  x0:0x00000000 x20=0x00000012
       11055000	      1104	800002c0	01664133	xor	x2,x12,x22	 x12:0x0000001e x22:0xecefa200  x2=0xecefa21e
       11065000	      1105	800002c4	1d796793	ori	x15,x18,471	 x18:0x00000003 x15=0x000001d7
       11075000	      1106	800002c8	00740413	addi	x8,x8,7	  x8:0xfffffffe  x8=0x00000005
       11085000	      1107	800002cc	4249ffb7	lui	x31,0x4249f	 x31=0x4249f000
       11095000	      1108	800002d0	ff446ae3	bltu	x8,x20,800002c4	  x8:0x00000005 x20:0x00000012
       11105000	      1109	00000000	00000013	addi	x0,x0,0	  x0:0x00000000
       11115000	      1110	800002c0	00000013	addi	x0,x0,0	  x0:0x00000000
       11125000	      1111	800002c4	1d796793	ori	x15,x18,471	 x18:0x00000003 x15=0x000001d7
       11135000	      1112	800002c8	00740413	addi	x8,x8,7	  x8:0x00000005  x8=0x0000000c
       11145000	      1113	800002cc	4249ffb7	lui	x31,0x4249f	 x31=0x4249f000
       11155000	      1114	800002d0	ff446ae3	bltu	x8,x20,800002c4	  x8:0x0000000c x20:0x00000012
       11165000	      1115	00000000	00000013	addi	x0,x0,0	  x0:0x00000000
       11175000	      1116	800002c0	00000013	addi	x0,x0,0	  x0:0x00000000
       11185000	      1117	800002c4	1d796793	ori	x15,x18,471	 x18:0x00000003 x15=0x000001d7
       11195000	      1118	800002c8	00740413	addi	x8,x8,7	  x8:0x0000000c  x8=0x00000013
       11205000	      1119	800002cc	4249ffb7	lui	x31,0x4249f	 x31=0x4249f000
       11215000	      1120	800002d0	ff446ae3	bltu	x8,x20,800002c4	  x8:0x00000013 x20:0x00000012
       11225000	      1121	800002d4	01cf3eb3	sltu	x29,x30,x28	 x30:0x80009f84 x28:0x7fff607c x29=0x00000000
       11235000	      1122	800002d8	fd7252e3	bge	x4,x23,8000029c	  x4:0xfffffff8 x23:0xfffffff3
       11245000	      1123	00000000	00000013	addi	x0,x0,0	  x0:0x00000000
       11255000	      1124	80000298	00000013	addi	x0,x0,0	  x0:0x00000000
       11265000	      1125	8000029c	edbf6897	auipc	x17,0xedbf6	 x17=0x6dbf6298
       11275000	      1126	800002a0	4f30ac13	slti	x24,x1,1267	  x1:0x0000000a x24=0x00000001
       11285000	      1127	800002a4	fff20213	addi	x4,x4,-1	  x4:0xfffffff8  x4=0xfffffff7
       11295000	      1128	800002a8	e412ef93	ori	x31,x5,-447	  x5:0x00000000 x31=0xfffffe41
       11305000	      1129	800002ac	009ebfb3	sltu	x31,x29,x9	 x29:0x00000000  x9:0x000006bd x31=0x00000001
       11315000	      1130	800002b0	7abdfc13	andi	x24,x27,1963	 x27:0x00000003 x24=0x00000003
       11325000	      1131	800002b4	ffe00413	addi	x8,x0,-2	  x0:0x00000000  x8=0xfffffffe
       11335000	      1132	800002b8	45e03c13	sltiu	x24,x0,1118	  x0:0x00000000 x24=0x00000001
       11345000	      1133	800002bc	01200a13	addi	x20,x0,18	  x0:0x00000000 x20=0x00000012
       11355000	      1134	800002c0	01664133	xor	x2,x12,x22	 x12:0x0000001e x22:0xecefa200  x2=0xecefa21e
       11365000	      1135	800002c4	1d796793	ori	x15,x18,471	 x18:0x00000003 x15=0x000001d7
       11375000	      1136	800002c8	00740413	addi	x8,x8,7	  x8:0xfffffffe  x8=0x00000005
       11385000	      1137	800002cc	4249ffb7	lui	x31,0x4249f	 x31=0x4249f000
       11395000	      1138	800002d0	ff446ae3	bltu	x8,x20,800002c4	  x8:0x00000005 x20:0x00000012
       11405000	      1139	00000000	00000013	addi	x0,x0,0	  x0:0x00000000
       11415000	      1140	800002c0	00000013	addi	x0,x0,0	  x0:0x00000000
       11425000	      1141	800002c4	1d796793	ori	x15,x18,471	 x18:0x00000003 x15=0x000001d7
       11435000	      1142	800002c8	00740413	addi	x8,x8,7	  x8:0x00000005  x8=0x0000000c
       11445000	      1143	800002cc	4249ffb7	lui	x31,0x4249f	 x31=0x4249f000
       11455000	      1144	800002d0	ff446ae3	bltu	x8,x20,800002c4	  x8:0x0000000c x20:0x00000012
       11465000	      1145	00000000	00000013	addi	x0,x0,0	  x0:0x00000000
       11475000	      1146	800002c0	00000013	addi	x0,x0,0	  x0:0x00000000
       11485000	      1147	800002c4	1d796793	ori	x15,x18,471	 x18:0x00000003 x15=0x000001d7
       11495000	      1148	800002c8	00740413	addi	x8,x8,7	  x8:0x0000000c  x8=0x00000013
       11505000	      1149	800002cc	4249ffb7	lui	x31,0x4249f	 x31=0x4249f000
       11515000	      1150	800002d0	ff446ae3	bltu	x8,x20,800002c4	  x8:0x00000013 x20:0x00000012
       11525000	      1151	800002d4	01cf3eb3	sltu	x29,x30,x28	 x30:0x80009f84 x28:0x7fff607c x29=0x00000000
       11535000	      1152	800002d8	fd7252e3	bge	x4,x23,8000029c	  x4:0xfffffff7 x23:0xfffffff3
       11545000	      1153	00000000	00000013	addi	x0,x0,0	  x0:0x00000000
       11555000	      1154	80000298	00000013	addi	x0,x0,0	  x0:0x00000000
       11565000	      1155	8000029c	edbf6897	auipc	x17,0xedbf6	 x17=0x6dbf6298
       11575000	      1156	800002a0	4f30ac13	slti	x24,x1,1267	  x1:0x0000000a x24=0x00000001
       11585000	      1157	800002a4	fff20213	addi	x4,x4,-1	  x4:0xfffffff7  x4=0xfffffff6
       11595000	      1158	800002a8	e412ef93	ori	x31,x5,-447	  x5:0x00000000 x31=0xfffffe41
       11605000	      1159	800002ac	009ebfb3	sltu	x31,x29,x9	 x29:0x00000000  x9:0x000006bd x31=0x00000001
       11615000	      1160	800002b0	7abdfc13	andi	x24,x27,1963	 x27:0x00000003 x24=0x00000003
       11625000	      1161	800002b4	ffe00413	addi	x8,x0,-2	  x0:0x00000000  x8=0xfffffffe
       11635000	      1162	800002b8	45e03c13	sltiu	x24,x0,1118	  x0:0x00000000 x24=0x00000001
       11645000	      1163	800002bc	01200a13	addi	x20,x0,18	  x0:0x00000000 x20=0x00000012
       11655000	      1164	800002c0	01664133	xor	x2,x12,x22	 x12:0x0000001e x22:0xecefa200  x2=0xecefa21e
       11665000	      1165	800002c4	1d796793	ori	x15,x18,471	 x18:0x00000003 x15=0x000001d7
       11675000	      1166	800002c8	00740413	addi	x8,x8,7	  x8:0xfffffffe  x8=0x00000005
       11685000	      1167	800002cc	4249ffb7	lui	x31,0x4249f	 x31=0x4249f000
       11695000	      1168	800002d0	ff446ae3	bltu	x8,x20,800002c4	  x8:0x00000005 x20:0x00000012
       11705000	      1169	00000000	00000013	addi	x0,x0,0	  x0:0x00000000
       11715000	      1170	800002c0	00000013	addi	x0,x0,0	  x0:0x00000000
       11725000	      1171	800002c4	1d796793	ori	x15,x18,471	 x18:0x00000003 x15=0x000001d7
       11735000	      1172	800002c8	00740413	addi	x8,x8,7	  x8:0x00000005  x8=0x0000000c
       11745000	      1173	800002cc	4249ffb7	lui	x31,0x4249f	 x31=0x4249f000
       11755000	      1174	800002d0	ff446ae3	bltu	x8,x20,800002c4	  x8:0x0000000c x20:0x00000012
       11765000	      1175	00000000	00000013	addi	x0,x0,0	  x0:0x00000000
       11775000	      1176	800002c0	00000013	addi	x0,x0,0	  x0:0x00000000
       11785000	      1177	800002c4	1d796793	ori	x15,x18,471	 x18:0x00000003 x15=0x000001d7
       11795000	      1178	800002c8	00740413	addi	x8,x8,7	  x8:0x0000000c  x8=0x00000013
       11805000	      1179	800002cc	4249ffb7	lui	x31,0x4249f	 x31=0x4249f000
       11815000	      1180	800002d0	ff446ae3	bltu	x8,x20,800002c4	  x8:0x00000013 x20:0x00000012
       11825000	      1181	800002d4	01cf3eb3	sltu	x29,x30,x28	 x30:0x80009f84 x28:0x7fff607c x29=0x00000000
       11835000	      1182	800002d8	fd7252e3	bge	x4,x23,8000029c	  x4:0xfffffff6 x23:0xfffffff3
       11845000	      1183	00000000	00000013	addi	x0,x0,0	  x0:0x00000000
       11855000	      1184	80000298	00000013	addi	x0,x0,0	  x0:0x00000000
       11865000	      1185	8000029c	edbf6897	auipc	x17,0xedbf6	 x17=0x6dbf6298
       11875000	      1186	800002a0	4f30ac13	slti	x24,x1,1267	  x1:0x0000000a x24=0x00000001
       11885000	      1187	800002a4	fff20213	addi	x4,x4,-1	  x4:0xfffffff6  x4=0xfffffff5
       11895000	      1188	800002a8	e412ef93	ori	x31,x5,-447	  x5:0x00000000 x31=0xfffffe41
       11905000	      1189	800002ac	009ebfb3	sltu	x31,x29,x9	 x29:0x00000000  x9:0x000006bd x31=0x00000001
       11915000	      1190	800002b0	7abdfc13	andi	x24,x27,1963	 x27:0x00000003 x24=0x00000003
       11925000	      1191	800002b4	ffe00413	addi	x8,x0,-2	  x0:0x00000000  x8=0xfffffffe
       11935000	      1192	800002b8	45e03c13	sltiu	x24,x0,1118	  x0:0x00000000 x24=0x00000001
       11945000	      1193	800002bc	01200a13	addi	x20,x0,18	  x0:0x00000000 x20=0x00000012
       11955000	      1194	800002c0	01664133	xor	x2,x12,x22	 x12:0x0000001e x22:0xecefa200  x2=0xecefa21e
       11965000	      1195	800002c4	1d796793	ori	x15,x18,471	 x18:0x00000003 x15=0x000001d7
       11975000	      1196	800002c8	00740413	addi	x8,x8,7	  x8:0xfffffffe  x8=0x00000005
       11985000	      1197	800002cc	4249ffb7	lui	x31,0x4249f	 x31=0x4249f000
       11995000	      1198	800002d0	ff446ae3	bltu	x8,x20,800002c4	  x8:0x00000005 x20:0x00000012
       12005000	      1199	00000000	00000013	addi	x0,x0,0	  x0:0x00000000
       12015000	      1200	800002c0	00000013	addi	x0,x0,0	  x0:0x00000000
       12025000	      1201	800002c4	1d796793	ori	x15,x18,471	 x18:0x00000003 x15=0x000001d7
       12035000	      1202	800002c8	00740413	addi	x8,x8,7	  x8:0x00000005  x8=0x0000000c
       12045000	      1203	800002cc	4249ffb7	lui	x31,0x4249f	 x31=0x4249f000
       12055000	      1204	800002d0	ff446ae3	bltu	x8,x20,800002c4	  x8:0x0000000c x20:0x00000012
       12065000	      1205	00000000	00000013	addi	x0,x0,0	  x0:0x00000000
       12075000	      1206	800002c0	00000013	addi	x0,x0,0	  x0:0x00000000
       12085000	      1207	800002c4	1d796793	ori	x15,x18,471	 x18:0x00000003 x15=0x000001d7
       12095000	      1208	800002c8	00740413	addi	x8,x8,7	  x8:0x0000000c  x8=0x00000013
       12105000	      1209	800002cc	4249ffb7	lui	x31,0x4249f	 x31=0x4249f000
       12115000	      1210	800002d0	ff446ae3	bltu	x8,x20,800002c4	  x8:0x00000013 x20:0x00000012
       12125000	      1211	800002d4	01cf3eb3	sltu	x29,x30,x28	 x30:0x80009f84 x28:0x7fff607c x29=0x00000000
       12135000	      1212	800002d8	fd7252e3	bge	x4,x23,8000029c	  x4:0xfffffff5 x23:0xfffffff3
       12145000	      1213	00000000	00000013	addi	x0,x0,0	  x0:0x00000000
       12155000	      1214	80000298	00000013	addi	x0,x0,0	  x0:0x00000000
       12165000	      1215	8000029c	edbf6897	auipc	x17,0xedbf6	 x17=0x6dbf6298
       12175000	      1216	800002a0	4f30ac13	slti	x24,x1,1267	  x1:0x0000000a x24=0x00000001
       12185000	      1217	800002a4	fff20213	addi	x4,x4,-1	  x4:0xfffffff5  x4=0xfffffff4
       12195000	      1218	800002a8	e412ef93	ori	x31,x5,-447	  x5:0x00000000 x31=0xfffffe41
       12205000	      1219	800002ac	009ebfb3	sltu	x31,x29,x9	 x29:0x00000000  x9:0x000006bd x31=0x00000001
       12215000	      1220	800002b0	7abdfc13	andi	x24,x27,1963	 x27:0x00000003 x24=0x00000003
       12225000	      1221	800002b4	ffe00413	addi	x8,x0,-2	  x0:0x00000000  x8=0xfffffffe
       12235000	      1222	800002b8	45e03c13	sltiu	x24,x0,1118	  x0:0x00000000 x24=0x00000001
       12245000	      1223	800002bc	01200a13	addi	x20,x0,18	  x0:0x00000000 x20=0x00000012
       12255000	      1224	800002c0	01664133	xor	x2,x12,x22	 x12:0x0000001e x22:0xecefa200  x2=0xecefa21e
       12265000	      1225	800002c4	1d796793	ori	x15,x18,471	 x18:0x00000003 x15=0x000001d7
       12275000	      1226	800002c8	00740413	addi	x8,x8,7	  x8:0xfffffffe  x8=0x00000005
       12285000	      1227	800002cc	4249ffb7	lui	x31,0x4249f	 x31=0x4249f000
       12295000	      1228	800002d0	ff446ae3	bltu	x8,x20,800002c4	  x8:0x00000005 x20:0x00000012
       12305000	      1229	00000000	00000013	addi	x0,x0,0	  x0:0x00000000
       12315000	      1230	800002c0	00000013	addi	x0,x0,0	  x0:0x00000000
       12325000	      1231	800002c4	1d796793	ori	x15,x18,471	 x18:0x00000003 x15=0x000001d7
       12335000	      1232	800002c8	00740413	addi	x8,x8,7	  x8:0x00000005  x8=0x0000000c
       12345000	      1233	800002cc	4249ffb7	lui	x31,0x4249f	 x31=0x4249f000
       12355000	      1234	800002d0	ff446ae3	bltu	x8,x20,800002c4	  x8:0x0000000c x20:0x00000012
       12365000	      1235	00000000	00000013	addi	x0,x0,0	  x0:0x00000000
       12375000	      1236	800002c0	00000013	addi	x0,x0,0	  x0:0x00000000
       12385000	      1237	800002c4	1d796793	ori	x15,x18,471	 x18:0x00000003 x15=0x000001d7
       12395000	      1238	800002c8	00740413	addi	x8,x8,7	  x8:0x0000000c  x8=0x00000013
       12405000	      1239	800002cc	4249ffb7	lui	x31,0x4249f	 x31=0x4249f000
       12415000	      1240	800002d0	ff446ae3	bltu	x8,x20,800002c4	  x8:0x00000013 x20:0x00000012
       12425000	      1241	800002d4	01cf3eb3	sltu	x29,x30,x28	 x30:0x80009f84 x28:0x7fff607c x29=0x00000000
       12435000	      1242	800002d8	fd7252e3	bge	x4,x23,8000029c	  x4:0xfffffff4 x23:0xfffffff3
       12445000	      1243	00000000	00000013	addi	x0,x0,0	  x0:0x00000000
       12455000	      1244	80000298	00000013	addi	x0,x0,0	  x0:0x00000000
       12465000	      1245	8000029c	edbf6897	auipc	x17,0xedbf6	 x17=0x6dbf6298
       12475000	      1246	800002a0	4f30ac13	slti	x24,x1,1267	  x1:0x0000000a x24=0x00000001
       12485000	      1247	800002a4	fff20213	addi	x4,x4,-1	  x4:0xfffffff4  x4=0xfffffff3
       12495000	      1248	800002a8	e412ef93	ori	x31,x5,-447	  x5:0x00000000 x31=0xfffffe41
       12505000	      1249	800002ac	009ebfb3	sltu	x31,x29,x9	 x29:0x00000000  x9:0x000006bd x31=0x00000001
       12515000	      1250	800002b0	7abdfc13	andi	x24,x27,1963	 x27:0x00000003 x24=0x00000003
       12525000	      1251	800002b4	ffe00413	addi	x8,x0,-2	  x0:0x00000000  x8=0xfffffffe
       12535000	      1252	800002b8	45e03c13	sltiu	x24,x0,1118	  x0:0x00000000 x24=0x00000001
       12545000	      1253	800002bc	01200a13	addi	x20,x0,18	  x0:0x00000000 x20=0x00000012
       12555000	      1254	800002c0	01664133	xor	x2,x12,x22	 x12:0x0000001e x22:0xecefa200  x2=0xecefa21e
       12565000	      1255	800002c4	1d796793	ori	x15,x18,471	 x18:0x00000003 x15=0x000001d7
       12575000	      1256	800002c8	00740413	addi	x8,x8,7	  x8:0xfffffffe  x8=0x00000005
       12585000	      1257	800002cc	4249ffb7	lui	x31,0x4249f	 x31=0x4249f000
       12595000	      1258	800002d0	ff446ae3	bltu	x8,x20,800002c4	  x8:0x00000005 x20:0x00000012
       12605000	      1259	00000000	00000013	addi	x0,x0,0	  x0:0x00000000
       12615000	      1260	800002c0	00000013	addi	x0,x0,0	  x0:0x00000000
       12625000	      1261	800002c4	1d796793	ori	x15,x18,471	 x18:0x00000003 x15=0x000001d7
       12635000	      1262	800002c8	00740413	addi	x8,x8,7	  x8:0x00000005  x8=0x0000000c
       12645000	      1263	800002cc	4249ffb7	lui	x31,0x4249f	 x31=0x4249f000
       12655000	      1264	800002d0	ff446ae3	bltu	x8,x20,800002c4	  x8:0x0000000c x20:0x00000012
       12665000	      1265	00000000	00000013	addi	x0,x0,0	  x0:0x00000000
       12675000	      1266	800002c0	00000013	addi	x0,x0,0	  x0:0x00000000
       12685000	      1267	800002c4	1d796793	ori	x15,x18,471	 x18:0x00000003 x15=0x000001d7
       12695000	      1268	800002c8	00740413	addi	x8,x8,7	  x8:0x0000000c  x8=0x00000013
       12705000	      1269	800002cc	4249ffb7	lui	x31,0x4249f	 x31=0x4249f000
       12715000	      1270	800002d0	ff446ae3	bltu	x8,x20,800002c4	  x8:0x00000013 x20:0x00000012
       12725000	      1271	800002d4	01cf3eb3	sltu	x29,x30,x28	 x30:0x80009f84 x28:0x7fff607c x29=0x00000000
       12735000	      1272	800002d8	fd7252e3	bge	x4,x23,8000029c	  x4:0xfffffff3 x23:0xfffffff3
       12745000	      1273	00000000	00000013	addi	x0,x0,0	  x0:0x00000000
       12755000	      1274	80000298	00000013	addi	x0,x0,0	  x0:0x00000000
       12765000	      1275	8000029c	edbf6897	auipc	x17,0xedbf6	 x17=0x6dbf6298
       12775000	      1276	800002a0	4f30ac13	slti	x24,x1,1267	  x1:0x0000000a x24=0x00000001
       12785000	      1277	800002a4	fff20213	addi	x4,x4,-1	  x4:0xfffffff3  x4=0xfffffff2
       12795000	      1278	800002a8	e412ef93	ori	x31,x5,-447	  x5:0x00000000 x31=0xfffffe41
       12805000	      1279	800002ac	009ebfb3	sltu	x31,x29,x9	 x29:0x00000000  x9:0x000006bd x31=0x00000001
       12815000	      1280	800002b0	7abdfc13	andi	x24,x27,1963	 x27:0x00000003 x24=0x00000003
       12825000	      1281	800002b4	ffe00413	addi	x8,x0,-2	  x0:0x00000000  x8=0xfffffffe
       12835000	      1282	800002b8	45e03c13	sltiu	x24,x0,1118	  x0:0x00000000 x24=0x00000001
       12845000	      1283	800002bc	01200a13	addi	x20,x0,18	  x0:0x00000000 x20=0x00000012
       12855000	      1284	800002c0	01664133	xor	x2,x12,x22	 x12:0x0000001e x22:0xecefa200  x2=0xecefa21e
       12865000	      1285	800002c4	1d796793	ori	x15,x18,471	 x18:0x00000003 x15=0x000001d7
       12875000	      1286	800002c8	00740413	addi	x8,x8,7	  x8:0xfffffffe  x8=0x00000005
       12885000	      1287	800002cc	4249ffb7	lui	x31,0x4249f	 x31=0x4249f000
       12895000	      1288	800002d0	ff446ae3	bltu	x8,x20,800002c4	  x8:0x00000005 x20:0x00000012
       12905000	      1289	00000000	00000013	addi	x0,x0,0	  x0:0x00000000
       12915000	      1290	800002c0	00000013	addi	x0,x0,0	  x0:0x00000000
       12925000	      1291	800002c4	1d796793	ori	x15,x18,471	 x18:0x00000003 x15=0x000001d7
       12935000	      1292	800002c8	00740413	addi	x8,x8,7	  x8:0x00000005  x8=0x0000000c
       12945000	      1293	800002cc	4249ffb7	lui	x31,0x4249f	 x31=0x4249f000
       12955000	      1294	800002d0	ff446ae3	bltu	x8,x20,800002c4	  x8:0x0000000c x20:0x00000012
       12965000	      1295	00000000	00000013	addi	x0,x0,0	  x0:0x00000000
       12975000	      1296	800002c0	00000013	addi	x0,x0,0	  x0:0x00000000
       12985000	      1297	800002c4	1d796793	ori	x15,x18,471	 x18:0x00000003 x15=0x000001d7
       12995000	      1298	800002c8	00740413	addi	x8,x8,7	  x8:0x0000000c  x8=0x00000013
       13005000	      1299	800002cc	4249ffb7	lui	x31,0x4249f	 x31=0x4249f000
       13015000	      1300	800002d0	ff446ae3	bltu	x8,x20,800002c4	  x8:0x00000013 x20:0x00000012
       13025000	      1301	800002d4	01cf3eb3	sltu	x29,x30,x28	 x30:0x80009f84 x28:0x7fff607c x29=0x00000000
       13035000	      1302	800002d8	fd7252e3	bge	x4,x23,8000029c	  x4:0xfffffff2 x23:0xfffffff3
       13045000	      1303	800002dc	53f33793	sltiu	x15,x6,1343	  x6:0x0000000e x15=0x00000001
       13055000	      1304	800002e0	00000413	addi	x8,x0,0	  x0:0x00000000  x8=0x00000000
       13065000	      1305	800002e4	41dc5533	sra	x10,x24,x29	 x24:0x00000001 x29:0x00000000 x10=0x00000001
       13075000	      1306	800002e8	00c00193	addi	x3,x0,12	  x0:0x00000000  x3=0x0000000c
       13085000	      1307	800002ec	415d5533	sra	x10,x26,x21	 x26:0x08252000 x21:0x00000091 x10=0x00000412
       13095000	      1308	800002f0	ff34a813	slti	x16,x9,-13	  x9:0x000006bd x16=0x00000000
       13105000	      1309	800002f4	407fd833	sra	x16,x31,x7	 x31:0x4249f000  x7:0x00000001 x16=0x2124f800
       13115000	      1310	800002f8	01f239b3	sltu	x19,x4,x31	  x4:0xfffffff2 x31:0x4249f000 x19=0x00000000
       13125000	      1311	800002fc	a934af93	slti	x31,x9,-1389	  x9:0x000006bd x31=0x00000000
       13135000	      1312	80000300	c01e2e93	slti	x29,x28,-1023	 x28:0x7fff607c x29=0x00000000
       13145000	      1313	80000304	00340413	addi	x8,x8,3	  x8:0x00000000  x8=0x00000003
       13155000	      1314	80000308	b0218e97	auipc	x29,0xb0218	 x29=0x30218304
       13165000	      1315	8000030c	00800d13	addi	x26,x0,8	  x0:0x00000000 x26=0x00000008
       13175000	      1316	80000310	bafafe97	auipc	x29,0xbafaf	 x29=0x3afaf30c
       13185000	      1317	80000314	403b53b3	sra	x7,x22,x3	 x22:0xecefa200  x3:0x0000000c  x7=0xfffecefa
       13195000	      1318	80000318	01cf5213	srli	x4,x30,0x1c	 x30:0x80009f84  x4=0x00000008
       13205000	      1319	8000031c	007a19b3	sll	x19,x20,x7	 x20:0x00000012  x7:0xfffecefa x19=0x48000000
       13215000	      1320	80000320	01300a13	addi	x20,x0,19	  x0:0x00000000 x20=0x00000013
       13225000	      1321	80000324	01161233	sll	x4,x12,x17	 x12:0x0000001e x17:0x6dbf6298  x4=0x1e000000
       13235000	      1322	80000328	1555ce37	lui	x28,0x1555c	 x28=0x1555c000
       13245000	      1323	8000032c	aba9d517	auipc	x10,0xaba9d	 x10=0x2ba9d328
       13255000	      1324	80000330	003d0d13	addi	x26,x26,3	 x26:0x00000008 x26=0x0000000b
       13265000	      1325	80000334	ff4d6ae3	bltu	x26,x20,80000328	 x26:0x0000000b x20:0x00000013
       13275000	      1326	00000000	00000013	addi	x0,x0,0	  x0:0x00000000
       13285000	      1327	80000324	00000013	addi	x0,x0,0	  x0:0x00000000
       13295000	      1328	80000328	1555ce37	lui	x28,0x1555c	 x28=0x1555c000
       13305000	      1329	8000032c	aba9d517	auipc	x10,0xaba9d	 x10=0x2ba9d328
       13315000	      1330	80000330	003d0d13	addi	x26,x26,3	 x26:0x0000000b x26=0x0000000e
       13325000	      1331	80000334	ff4d6ae3	bltu	x26,x20,80000328	 x26:0x0000000e x20:0x00000013
       13335000	      1332	00000000	00000013	addi	x0,x0,0	  x0:0x00000000
       13345000	      1333	80000324	00000013	addi	x0,x0,0	  x0:0x00000000
       13355000	      1334	80000328	1555ce37	lui	x28,0x1555c	 x28=0x1555c000
       13365000	      1335	8000032c	aba9d517	auipc	x10,0xaba9d	 x10=0x2ba9d328
       13375000	      1336	80000330	003d0d13	addi	x26,x26,3	 x26:0x0000000e x26=0x00000011
       13385000	      1337	80000334	ff4d6ae3	bltu	x26,x20,80000328	 x26:0x00000011 x20:0x00000013
       13395000	      1338	00000000	00000013	addi	x0,x0,0	  x0:0x00000000
       13405000	      1339	80000324	00000013	addi	x0,x0,0	  x0:0x00000000
       13415000	      1340	80000328	1555ce37	lui	x28,0x1555c	 x28=0x1555c000
       13425000	      1341	8000032c	aba9d517	auipc	x10,0xaba9d	 x10=0x2ba9d328
       13435000	      1342	80000330	003d0d13	addi	x26,x26,3	 x26:0x00000011 x26=0x00000014
       13445000	      1343	80000334	ff4d6ae3	bltu	x26,x20,80000328	 x26:0x00000014 x20:0x00000013
       13455000	      1344	80000338	d722f293	andi	x5,x5,-654	  x5:0x00000000  x5=0x00000000
       13465000	      1345	8000033c	fc3400e3	beq	x8,x3,800002fc	  x8:0x00000003  x3:0x0000000c
       13475000	      1346	80000340	a74c3793	sltiu	x15,x24,-1420	 x24:0x00000001 x15=0x00000001
       13485000	      1347	80000344	00200393	addi	x7,x0,2	  x0:0x00000000  x7=0x00000002
       13495000	      1348	80000348	00500693	addi	x13,x0,5	  x0:0x00000000 x13=0x00000005
       13505000	      1349	8000034c	23563093	sltiu	x1,x12,565	 x12:0x0000001e  x1=0x00000001
       13515000	      1350	80000350	00138393	addi	x7,x7,1	  x7:0x00000002  x7=0x00000003
       13525000	      1351	80000354	fed3ece3	bltu	x7,x13,8000034c	  x7:0x00000003 x13:0x00000005
       13535000	      1352	00000000	00000013	addi	x0,x0,0	  x0:0x00000000
       13545000	      1353	80000348	00000013	addi	x0,x0,0	  x0:0x00000000
       13555000	      1354	8000034c	23563093	sltiu	x1,x12,565	 x12:0x0000001e  x1=0x00000001
       13565000	      1355	80000350	00138393	addi	x7,x7,1	  x7:0x00000003  x7=0x00000004
       13575000	      1356	80000354	fed3ece3	bltu	x7,x13,8000034c	  x7:0x00000004 x13:0x00000005
       13585000	      1357	00000000	00000013	addi	x0,x0,0	  x0:0x00000000
       13595000	      1358	80000348	00000013	addi	x0,x0,0	  x0:0x00000000
       13605000	      1359	8000034c	23563093	sltiu	x1,x12,565	 x12:0x0000001e  x1=0x00000001
       13615000	      1360	80000350	00138393	addi	x7,x7,1	  x7:0x00000004  x7=0x00000005
       13625000	      1361	80000354	fed3ece3	bltu	x7,x13,8000034c	  x7:0x00000005 x13:0x00000005
       13635000	      1362	80000358	a356d837	lui	x16,0xa356d	 x16=0xa356d000
       13645000	      1363	8000035c	00500893	addi	x17,x0,5	  x0:0x00000000 x17=0x00000005
       13655000	      1364	80000360	00fd9a13	slli	x20,x27,0xf	 x27:0x00000003 x20=0x00018000
       13665000	      1365	80000364	0c27f293	andi	x5,x15,194	 x15:0x00000001  x5=0x00000000
       13675000	      1366	80000368	fdf90213	addi	x4,x18,-33	 x18:0x00000003  x4=0xffffffe2
       13685000	      1367	8000036c	01da1833	sll	x16,x20,x29	 x20:0x00018000 x29:0x3afaf30c x16=0x18000000
       13695000	      1368	80000370	35433313	sltiu	x6,x6,852	  x6:0x0000000e  x6=0x00000001
       13705000	      1369	80000374	00100413	addi	x8,x0,1	  x0:0x00000000  x8=0x00000001
       13715000	      1370	80000378	0084bb33	sltu	x22,x9,x8	  x9:0x000006bd  x8:0x00000001 x22=0x00000000
       13725000	      1371	8000037c	00c2cb33	xor	x22,x5,x12	  x5:0x00000000 x12:0x0000001e x22=0x0000001e
       13735000	      1372	80000380	006edfb3	srl	x31,x29,x6	 x29:0x3afaf30c  x6:0x00000001 x31=0x1d7d7986
       13745000	      1373	80000384	04d9ae93	slti	x29,x19,77	 x19:0x48000000 x29=0x00000000
       13755000	      1374	80000388	406a0833	sub	x16,x20,x6	 x20:0x00018000  x6:0x00000001 x16=0x00017fff
       13765000	      1375	8000038c	414ad993	srai	x19,x21,0x14	 x21:0x00000091 x19=0x00000000
       13775000	      1376	80000390	ffa88893	addi	x17,x17,-6	 x17:0x00000005 x17=0xffffffff
       13785000	      1377	80000394	0ede0493	addi	x9,x28,237	 x28:0x1555c000  x9=0x1555c0ed
       13795000	      1378	80000398	410dde13	srai	x28,x27,0x10	 x27:0x00000003 x28=0x00000000
       13805000	      1379	8000039c	00f51fb3	sll	x31,x10,x15	 x10:0x2ba9d328 x15:0x00000001 x31=0x5753a650
       13815000	      1380	800003a0	00f1dd33	srl	x26,x3,x15	  x3:0x0000000c x15:0x00000001 x26=0x00000006
       13825000	      1381	800003a4	fc88dce3	bge	x17,x8,8000037c	 x17:0xffffffff  x8:0x00000001
       13835000	      1382	800003a8	0fd9ed93	ori	x27,x19,253	 x19:0x00000000 x27=0x000000fd
       13845000	      1383	800003ac	41acdbb3	sra	x23,x25,x26	 x25:0x80009fc4 x26:0x00000006 x23=0xfe00027f
       13855000	      1384	800003b0	015d2e33	slt	x28,x26,x21	 x26:0x00000006 x21:0x00000091 x28=0x00000001
       13865000	      1385	800003b4	00e91a13	slli	x20,x18,0xe	 x18:0x00000003 x20=0x0000c000
       13875000	      1386	800003b8	00cf1813	slli	x16,x30,0xc	 x30:0x80009f84 x16=0x09f84000
       13885000	      1387	800003bc	01143733	sltu	x14,x8,x17	  x8:0x00000001 x17:0xffffffff x14=0x00000001
       13895000	      1388	800003c0	400b5513	srai	x10,x22,0x0	 x22:0x0000001e x10=0x0000001e
       13905000	      1389	800003c4	00692333	slt	x6,x18,x6	 x18:0x00000003  x6:0x00000001  x6=0x00000000
       13915000	      1390	800003c8	006a6733	or	x14,x20,x6	 x20:0x0000c000  x6:0x00000000 x14=0x0000c000
       13925000	      1391	800003cc	00000013	addi	x0,x0,0	  x0:0x00000000
       13935000	      1392	800003d0	01b62a33	slt	x20,x12,x27	 x12:0x0000001e x27:0x000000fd x20=0x00000001
       13945000	      1393	800003d4	7c2db513	sltiu	x10,x27,1986	 x27:0x000000fd x10=0x00000001
       13955000	      1394	800003d8	15773637	lui	x12,0x15773	 x12=0x15773000
       13965000	      1395	800003dc	02be8063	beq	x29,x11,800003fc	 x29:0x00000000 x11:0x00000003
       13975000	      1396	800003e0	01713fb3	sltu	x31,x2,x23	  x2:0xecefa21e x23:0xfe00027f x31=0x00000001
       13985000	      1397	800003e4	006e1793	slli	x15,x28,0x6	 x28:0x00000001 x15=0x00000040
       13995000	      1398	800003e8	f117a413	slti	x8,x15,-239	 x15:0x00000040  x8=0x00000000
       14005000	      1399	800003ec	05f66463	bltu	x12,x31,80000434	 x12:0x15773000 x31:0x00000001
       14015000	      1400	800003f0	001eb2b3	sltu	x5,x29,x1	 x29:0x00000000  x1:0x00000001  x5=0x00000001
       14025000	      1401	800003f4	2a332293	slti	x5,x6,675	  x6:0x00000000  x5=0x00000001
       14035000	      1402	800003f8	401d5db3	sra	x27,x26,x1	 x26:0x00000006  x1:0x00000001 x27=0x00000003
       14045000	      1403	800003fc	d4923193	sltiu	x3,x4,-695	  x4:0xffffffe2  x3=0x00000000
       14055000	      1404	80000400	00b67333	and	x6,x12,x11	 x12:0x15773000 x11:0x00000003  x6=0x00000000
       14065000	      1405	80000404	00000013	addi	x0,x0,0	  x0:0x00000000
       14075000	      1406	80000408	5dfd3b13	sltiu	x22,x26,1503	 x26:0x00000006 x22=0x00000001
       14085000	      1407	8000040c	4164dd33	sra	x26,x9,x22	  x9:0x1555c0ed x22:0x00000001 x26=0x0aaae076
       14095000	      1408	80000410	3bd09297	auipc	x5,0x3bd09	  x5=0xbbd0940c
       14105000	      1409	80000414	613faa13	slti	x20,x31,1555	 x31:0x00000001 x20=0x00000001
       14115000	      1410	80000418	e4eec313	xori	x6,x29,-434	 x29:0x00000000  x6=0xfffffe4e
       14125000	      1411	8000041c	a899eeb7	lui	x29,0xa899e	 x29=0xa899e000
       14135000	      1412	80000420	be290213	addi	x4,x18,-1054	 x18:0x00000003  x4=0xfffffbe5
       14145000	      1413	80000424	415c82b3	sub	x5,x25,x21	 x25:0x80009fc4 x21:0x00000091  x5=0x80009f33
       14155000	      1414	80000428	400f5bb3	sra	x23,x30,x0	 x30:0x80009f84  x0:0x00000000 x23=0x80009f84
       14165000	      1415	8000042c	01d0bbb3	sltu	x23,x1,x29	  x1:0x00000001 x29:0xa899e000 x23=0x00000001
       14175000	      1416	80000430	010f5793	srli	x15,x30,0x10	 x30:0x80009f84 x15=0x00008000
       14185000	      1417	80000434	01b81663	bne	x16,x27,80000440	 x16:0x09f84000 x27:0x00000003
       14195000	      1418	00000000	00000013	addi	x0,x0,0	  x0:0x00000000
       14205000	      1419	8000043c	00000013	addi	x0,x0,0	  x0:0x00000000
       14215000	      1420	80000440	402fd793	srai	x15,x31,0x2	 x31:0x00000001 x15=0x00000000
       14225000	      1421	80000444	5343c837	lui	x16,0x5343c	 x16=0x5343c000
       14235000	      1422	80000448	417d5833	sra	x16,x26,x23	 x26:0x0aaae076 x23:0x00000001 x16=0x0555703b
       14245000	      1423	8000044c	3b2653b7	lui	x7,0x3b265	  x7=0x3b265000
       14255000	      1424	80000450	00000013	addi	x0,x0,0	  x0:0x00000000
       14265000	      1425	80000454	06870a63	beq	x14,x8,800004c8	 x14:0x0000c000  x8:0x00000000
       14275000	      1426	80000458	415d8633	sub	x12,x27,x21	 x27:0x00000003 x21:0x00000091 x12=0xffffff72
       14285000	      1427	8000045c	0223c663	blt	x7,x2,80000488	  x7:0x3b265000  x2:0xecefa21e
       14295000	      1428	80000460	019091b3	sll	x3,x1,x25	  x1:0x00000001 x25:0x80009fc4  x3=0x00000010
       14305000	      1429	80000464	00de72b3	and	x5,x28,x13	 x28:0x00000001 x13:0x00000005  x5=0x00000001
       14315000	      1430	80000468	c523aa13	slti	x20,x7,-942	  x7:0x3b265000 x20=0x00000000
       14325000	      1431	8000046c	015c5663	bge	x24,x21,80000478	 x24:0x00000001 x21:0x00000091
       14335000	      1432	80000470	940ce013	ori	x0,x25,-1728	 x25:0x80009fc4
       14345000	      1433	80000474	006d1bb3	sll	x23,x26,x6	 x26:0x0aaae076  x6:0xfffffe4e x23=0xb81d8000
       14355000	      1434	80000478	4141dab3	sra	x21,x3,x20	  x3:0x00000010 x20:0x00000000 x21=0x00000010
       14365000	      1435	8000047c	0191e7b3	or	x15,x3,x25	  x3:0x00000010 x25:0x80009fc4 x15=0x80009fd4
       14375000	      1436	80000480	404a58b3	sra	x17,x20,x4	 x20:0x00000000  x4:0xfffffbe5 x17=0x00000000
       14385000	      1437	80000484	8f09cd93	xori	x27,x19,-1808	 x19:0x00000000 x27=0xfffff8f0
       14395000	      1438	80000488	00076533	or	x10,x14,x0	 x14:0x0000c000  x0:0x00000000 x10=0x0000c000
       14405000	      1439	8000048c	0347e313	ori	x6,x15,52	 x15:0x80009fd4  x6=0x80009ff4
       14415000	      1440	80000490	403b5d13	srai	x26,x22,0x3	 x22:0x00000001 x26=0x00000000
       14425000	      1441	80000494	01af03b3	add	x7,x30,x26	 x30:0x80009f84 x26:0x00000000  x7=0x80009f84
       14435000	      1442	80000498	013ee1b3	or	x3,x29,x19	 x29:0xa899e000 x19:0x00000000  x3=0xa899e000
       14445000	      1443	8000049c	89260993	addi	x19,x12,-1902	 x12:0xffffff72 x19=0xfffff804
       14455000	      1444	800004a0	00002c17	auipc	x24,0x2	 x24=0x8000249c
       14465000	      1445	800004a4	8bcc0c13	addi	x24,x24,-1860	 x24:0x8000249c x24=0x80001d58
       14475000	      1446	800004a8	0140d113	srli	x2,x1,0x14	  x1:0x00000001  x2=0x00000000
       14485000	      1447	800004ac	878ef493	andi	x9,x29,-1928	 x29:0xa899e000  x9=0xa899e000
       14495000	      1448	800004b0	4113d6b3	sra	x13,x7,x17	  x7:0x80009f84 x17:0x00000000 x13=0x80009f84
       14505000	      1449	800004b4	170c0c13	addi	x24,x24,368	 x24:0x80001d58 x24=0x80001ec8
       14515000	      1450	800004b8	006a9d33	sll	x26,x21,x6	 x21:0x00000010  x6:0x80009ff4 x26=0x01000000
       14525000	      1451	800004bc	e90c0467	jalr	x8,x24,-368	 x24:0x80001ec8  x8=0x800004bc
       14535000	      1452	00000000	00000013	addi	x0,x0,0	  x0:0x00000000
       14545000	      1453	80001d58	00000013	addi	x0,x0,0	  x0:0x00000000
       14555000	      1454	80001d5c	018a9263	bne	x21,x24,80001d60	 x21:0x00000010 x24:0x80001ec8
       14565000	      1455	00000000	00000013	addi	x0,x0,0	  x0:0x00000000
       14575000	      1456	80001d5c	00000013	addi	x0,x0,0	  x0:0x00000000
       14585000	      1457	80001d60	fd0f0f13	addi	x30,x30,-48	 x30:0x80009f84 x30=0x80009f54
       14595000	      1458	80001d64	409556b3	sra	x13,x10,x9	 x10:0x0000c000  x9:0xa899e000 x13=0x0000c000
       14605000	      1459	80001d68	008f2223	sw	x8,4(x30)	 x30:0x80009f54  x8:0x800004bc PA:0x80009f58
       14615000	      1460	80001d6c	c1fe8a93	addi	x21,x29,-993	 x29:0xa899e000 x21=0xa899dc1f
       14625000	      1461	80001d70	0103b233	sltu	x4,x7,x16	  x7:0x80009f84 x16:0x0555703b  x4=0x00000000
       14635000	      1462	80001d74	5a0e8517	auipc	x10,0x5a0e8	 x10=0xda0e9d70
       14645000	      1463	80001d78	cf69f417	auipc	x8,0xcf69f	  x8=0x4f6a0d74
       14655000	      1464	80001d7c	00000217	auipc	x4,0x0	  x4=0x80001d78
       14665000	      1465	80001d80	d7c20213	addi	x4,x4,-644	  x4:0x80001d78  x4=0x80001af4
       14675000	      1466	80001d84	3f520213	addi	x4,x4,1013	  x4:0x80001af4  x4=0x80001ee9
       14685000	      1467	80001d88	41ed06b3	sub	x13,x26,x30	 x26:0x01000000 x30:0x80009f54 x13=0x80ff60ac
       14695000	      1468	80001d8c	00d71613	slli	x12,x14,0xd	 x14:0x0000c000 x12=0x18000000
       14705000	      1469	80001d90	0066f463	bgeu	x13,x6,80001d98	 x13:0x80ff60ac  x6:0x80009ff4
       14715000	      1470	00000000	00000013	addi	x0,x0,0	  x0:0x00000000
       14725000	      1471	80001d94	00000013	addi	x0,x0,0	  x0:0x00000000
       14735000	      1472	80001d98	c0b20467	jalr	x8,x4,-1013	  x4:0x80001ee9  x8=0x80001d98
       14745000	      1473	00000000	00000013	addi	x0,x0,0	  x0:0x00000000
       14755000	      1474	80001af4	00000013	addi	x0,x0,0	  x0:0x00000000
       14765000	      1475	80001af8	fe0f0f13	addi	x30,x30,-32	 x30:0x80009f54 x30=0x80009f34
       14775000	      1476	80001afc	008f2223	sw	x8,4(x30)	 x30:0x80009f34  x8:0x80001d98 PA:0x80009f38
       14785000	      1477	80001b00	0015c633	xor	x12,x11,x1	 x11:0x00000003  x1:0x00000001 x12=0x00000002
       14795000	      1478	80001b04	00a33c33	sltu	x24,x6,x10	  x6:0x80009ff4 x10:0xda0e9d70 x24=0x00000001
       14805000	      1479	80001b08	00c82c33	slt	x24,x16,x12	 x16:0x0555703b x12:0x00000002 x24=0x00000000
       14815000	      1480	80001b0c	018dec33	or	x24,x27,x24	 x27:0xfffff8f0 x24:0x00000000 x24=0xfffff8f0
       14825000	      1481	80001b10	ffd00193	addi	x3,x0,-3	  x0:0x00000000  x3=0xfffffffd
       14835000	      1482	80001b14	017c16b3	sll	x13,x24,x23	 x24:0xfffff8f0 x23:0xb81d8000 x13=0xfffff8f0
       14845000	      1483	80001b18	008857b3	srl	x15,x16,x8	 x16:0x0555703b  x8:0x80001d98 x15=0x00000005
       14855000	      1484	80001b1c	0114f5b3	and	x11,x9,x17	  x9:0xa899e000 x17:0x00000000 x11=0x00000000
       14865000	      1485	80001b20	ff600413	addi	x8,x0,-10	  x0:0x00000000  x8=0xfffffff6
       14875000	      1486	80001b24	402edfb3	sra	x31,x29,x2	 x29:0xa899e000  x2:0x00000000 x31=0xa899e000
       14885000	      1487	80001b28	6a0aa513	slti	x10,x21,1696	 x21:0xa899dc1f x10=0x00000001
       14895000	      1488	80001b2c	44d587b7	lui	x15,0x44d58	 x15=0x44d58000
       14905000	      1489	80001b30	4eebae93	slti	x29,x23,1262	 x23:0xb81d8000 x29=0x00000001
       14915000	      1490	80001b34	ff918193	addi	x3,x3,-7	  x3:0xfffffffd  x3=0xfffffff6
       14925000	      1491	80001b38	13e243b7	lui	x7,0x13e24	  x7=0x13e24000
       14935000	      1492	80001b3c	00a00713	addi	x14,x0,10	  x0:0x00000000 x14=0x0000000a
       14945000	      1493	80001b40	00c00a13	addi	x20,x0,12	  x0:0x00000000 x20=0x0000000c
       14955000	      1494	80001b44	40b3d293	srai	x5,x7,0xb	  x7:0x13e24000  x5=0x00027c48
       14965000	      1495	80001b48	a3212013	slti	x0,x2,-1486	  x2:0x00000000
       14975000	      1496	80001b4c	a7fc5e17	auipc	x28,0xa7fc5	 x28=0x27fc6b48
       14985000	      1497	80001b50	00270713	addi	x14,x14,2	 x14:0x0000000a x14=0x0000000c
       14995000	      1498	80001b54	40ea5e13	srai	x28,x20,0xe	 x20:0x0000000c x28=0x00000000
       15005000	      1499	80001b58	ff4708e3	beq	x14,x20,80001b48	 x14:0x0000000c x20:0x0000000c
       15015000	      1500	00000000	00000013	addi	x0,x0,0	  x0:0x00000000
       15025000	      1501	80001b44	00000013	addi	x0,x0,0	  x0:0x00000000
       15035000	      1502	80001b48	a3212013	slti	x0,x2,-1486	  x2:0x00000000
       15045000	      1503	80001b4c	a7fc5e17	auipc	x28,0xa7fc5	 x28=0x27fc6b48
       15055000	      1504	80001b50	00270713	addi	x14,x14,2	 x14:0x0000000c x14=0x0000000e
       15065000	      1505	80001b54	40ea5e13	srai	x28,x20,0xe	 x20:0x0000000c x28=0x00000000
       15075000	      1506	80001b58	ff4708e3	beq	x14,x20,80001b48	 x14:0x0000000e x20:0x0000000c
       15085000	      1507	80001b5c	008356b3	srl	x13,x6,x8	  x6:0x80009ff4  x8:0xfffffff6 x13=0x00000200
       15095000	      1508	80001b60	ef04a513	slti	x10,x9,-272	  x9:0xa899e000 x10=0x00000001
       15105000	      1509	80001b64	00bea4b3	slt	x9,x29,x11	 x29:0x00000001 x11:0x00000000  x9=0x00000000
       15115000	      1510	80001b68	31a3c817	auipc	x16,0x31a3c	 x16=0xb1a3db64
       15125000	      1511	80001b6c	fc8192e3	bne	x3,x8,80001b30	  x3:0xfffffff6  x8:0xfffffff6
       15135000	      1512	80001b70	00275993	srli	x19,x14,0x2	 x14:0x0000000e x19=0x00000003
       15145000	      1513	80001b74	ffc00b93	addi	x23,x0,-4	  x0:0x00000000 x23=0xfffffffc
       15155000	      1514	80001b78	00c00393	addi	x7,x0,12	  x0:0x00000000  x7=0x0000000c
       15165000	      1515	80001b7c	e661e713	ori	x14,x3,-410	  x3:0xfffffff6 x14=0xfffffff6
       15175000	      1516	80001b80	546d7fb7	lui	x31,0x546d7	 x31=0x546d7000
       15185000	      1517	80001b84	008b8b93	addi	x23,x23,8	 x23:0xfffffffc x23=0x00000004
       15195000	      1518	80001b88	4644a713	slti	x14,x9,1124	  x9:0x00000000 x14=0x00000001
       15205000	      1519	80001b8c	009820b3	slt	x1,x16,x9	 x16:0xb1a3db64  x9:0x00000000  x1=0x00000001
       15215000	      1520	80001b90	fe7b98e3	bne	x23,x7,80001b80	 x23:0x00000004  x7:0x0000000c
       15225000	      1521	00000000	00000013	addi	x0,x0,0	  x0:0x00000000
       15235000	      1522	80001b7c	00000013	addi	x0,x0,0	  x0:0x00000000
       15245000	      1523	80001b80	546d7fb7	lui	x31,0x546d7	 x31=0x546d7000
       15255000	      1524	80001b84	008b8b93	addi	x23,x23,8	 x23:0x00000004 x23=0x0000000c
       15265000	      1525	80001b88	4644a713	slti	x14,x9,1124	  x9:0x00000000 x14=0x00000001
       15275000	      1526	80001b8c	009820b3	slt	x1,x16,x9	 x16:0xb1a3db64  x9:0x00000000  x1=0x00000001
       15285000	      1527	80001b90	fe7b98e3	bne	x23,x7,80001b80	 x23:0x0000000c  x7:0x0000000c
       15295000	      1528	80001b94	9bcd2d93	slti	x27,x26,-1604	 x26:0x01000000 x27=0x00000000
       15305000	      1529	80001b98	023b6463	bltu	x22,x3,80001bc0	 x22:0x00000001  x3:0xfffffff6
       15315000	      1530	00000000	00000013	addi	x0,x0,0	  x0:0x00000000
       15325000	      1531	80001bbc	00000013	addi	x0,x0,0	  x0:0x00000000
       15335000	      1532	80001bc0	0399de63	bge	x19,x25,80001bfc	 x19:0x00000003 x25:0x80009fc4
       15345000	      1533	00000000	00000013	addi	x0,x0,0	  x0:0x00000000
       15355000	      1534	80001bf8	00000013	addi	x0,x0,0	  x0:0x00000000
       15365000	      1535	80001bfc	001af463	bgeu	x21,x1,80001c04	 x21:0xa899dc1f  x1:0x00000001
       15375000	      1536	00000000	00000013	addi	x0,x0,0	  x0:0x00000000
       15385000	      1537	80001c00	00000013	addi	x0,x0,0	  x0:0x00000000
       15395000	      1538	80001c04	013ce5b3	or	x11,x25,x19	 x25:0x80009fc4 x19:0x00000003 x11=0x80009fc7
       15405000	      1539	80001c08	00e7d313	srli	x6,x15,0xe	 x15:0x44d58000  x6=0x00011356
       15415000	      1540	80001c0c	435c4393	xori	x7,x24,1077	 x24:0xfffff8f0  x7=0xfffffcc5
       15425000	      1541	80001c10	37398b13	addi	x22,x19,883	 x19:0x00000003 x22=0x00000376
       15435000	      1542	80001c14	d4f40213	addi	x4,x8,-689	  x8:0xfffffff6  x4=0xfffffd45
       15445000	      1543	80001c18	d0e0ba93	sltiu	x21,x1,-754	  x1:0x00000001 x21=0x00000001
       15455000	      1544	80001c1c	bffe9a97	auipc	x21,0xbffe9	 x21=0x3ffeac18
       15465000	      1545	80001c20	01ae4733	xor	x14,x28,x26	 x28:0x00000000 x26:0x01000000 x14=0x01000000
       15475000	      1546	80001c24	3e8bf297	auipc	x5,0x3e8bf	  x5=0xbe8c0c20
       15485000	      1547	80001c28	53394713	xori	x14,x18,1331	 x18:0x00000003 x14=0x00000530
       15495000	      1548	80001c2c	04ee0063	beq	x28,x14,80001c6c	 x28:0x00000000 x14:0x00000530
       15505000	      1549	80001c30	579ff293	andi	x5,x31,1401	 x31:0x546d7000  x5=0x00000000
       15515000	      1550	80001c34	012055b3	srl	x11,x0,x18	  x0:0x00000000 x18:0x00000003 x11=0x00000000
       15525000	      1551	80001c38	012f46b3	xor	x13,x30,x18	 x30:0x80009f34 x18:0x00000003 x13=0x80009f37
       15535000	      1552	80001c3c	0119ec63	bltu	x19,x17,80001c54	 x19:0x00000003 x17:0x00000000
       15545000	      1553	80001c40	0133c9b3	xor	x19,x7,x19	  x7:0xfffffcc5 x19:0x00000003 x19=0xfffffcc6
       15555000	      1554	80001c44	51a8f313	andi	x6,x17,1306	 x17:0x00000000  x6=0x00000000
       15565000	      1555	80001c48	93df2493	slti	x9,x30,-1731	 x30:0x80009f34  x9=0x00000001
       15575000	      1556	80001c4c	de012f93	slti	x31,x2,-544	  x2:0x00000000 x31=0x00000000
       15585000	      1557	80001c50	64f10293	addi	x5,x2,1615	  x2:0x00000000  x5=0x0000064f
       15595000	      1558	80001c54	4038d133	sra	x2,x17,x3	 x17:0x00000000  x3:0xfffffff6  x2=0x00000000
       15605000	      1559	80001c58	64223513	sltiu	x10,x4,1602	  x4:0xfffffd45 x10=0x00000000
       15615000	      1560	80001c5c	fa965517	auipc	x10,0xfa965	 x10=0x7a966c58
       15625000	      1561	80001c60	ea85e1b7	lui	x3,0xea85e	  x3=0xea85e000
       15635000	      1562	80001c64	56831497	auipc	x9,0x56831	  x9=0xd6832c60
       15645000	      1563	80001c68	009139b3	sltu	x19,x2,x9	  x2:0x00000000  x9:0xd6832c60 x19=0x00000001
       15655000	      1564	80001c6c	00000013	addi	x0,x0,0	  x0:0x00000000
       15665000	      1565	80001c70	025a1463	bne	x20,x5,80001c98	 x20:0x0000000c  x5:0x0000064f
       15675000	      1566	00000000	00000013	addi	x0,x0,0	  x0:0x00000000
       15685000	      1567	80001c94	00000013	addi	x0,x0,0	  x0:0x00000000
       15695000	      1568	80001c98	006c5333	srl	x6,x24,x6	 x24:0xfffff8f0  x6:0x00000000  x6=0xfffff8f0
       15705000	      1569	80001c9c	00f20c33	add	x24,x4,x15	  x4:0xfffffd45 x15:0x44d58000 x24=0x44d57d45
       15715000	      1570	80001ca0	970f4c13	xori	x24,x30,-1680	 x30:0x80009f34 x24=0x7fff6644
       15725000	      1571	80001ca4	01dc25b3	slt	x11,x24,x29	 x24:0x7fff6644 x29:0x00000001 x11=0x00000000
       15735000	      1572	80001ca8	02395863	bge	x18,x3,80001cd8	 x18:0x00000003  x3:0xea85e000
       15745000	      1573	00000000	00000013	addi	x0,x0,0	  x0:0x00000000
       15755000	      1574	80001cd4	00000013	addi	x0,x0,0	  x0:0x00000000
       15765000	      1575	80001cd8	004250b3	srl	x1,x4,x4	  x4:0xfffffd45  x4:0xfffffd45  x1=0x07ffffea
       15775000	      1576	80001cdc	93ee2517	auipc	x10,0x93ee2	 x10=0x13ee3cd8
       15785000	      1577	80001ce0	004b5863	bge	x22,x4,80001cf0	 x22:0x00000376  x4:0xfffffd45
       15795000	      1578	00000000	00000013	addi	x0,x0,0	  x0:0x00000000
       15805000	      1579	80001cec	00000013	addi	x0,x0,0	  x0:0x00000000
       15815000	      1580	80001cf0	00bfb8b3	sltu	x17,x31,x11	 x31:0x00000000 x11:0x00000000 x17=0x00000000
       15825000	      1581	80001cf4	017280b3	add	x1,x5,x23	  x5:0x0000064f x23:0x0000000c  x1=0x0000065b
       15835000	      1582	80001cf8	02504e63	blt	x0,x5,80001d34	  x0:0x00000000  x5:0x0000064f
       15845000	      1583	00000000	00000013	addi	x0,x0,0	  x0:0x00000000
       15855000	      1584	80001d30	00000013	addi	x0,x0,0	  x0:0x00000000
       15865000	      1585	80001d34	000cb233	sltu	x4,x25,x0	 x25:0x80009fc4  x0:0x00000000  x4=0x00000000
       15875000	      1586	80001d38	000b9833	sll	x16,x23,x0	 x23:0x0000000c  x0:0x00000000 x16=0x0000000c
       15885000	      1587	80001d3c	004f2403	lw	x8,4(x30)	 x30:0x80009f34  x8=0x80001d98 PA:0x80009f38
       15895000	      1588	80001d40	01314eb3	xor	x29,x2,x19	  x2:0x00000000 x19:0x00000001 x29=0x00000001
       15905000	      1589	80001d44	020f0f13	addi	x30,x30,32	 x30:0x80009f34 x30=0x80009f54
       15915000	      1590	80001d48	009acc33	xor	x24,x21,x9	 x21:0x3ffeac18  x9:0xd6832c60 x24=0xe97d8078
       15925000	      1591	80001d4c	ace4b293	sltiu	x5,x9,-1330	  x9:0xd6832c60  x5=0x00000001
       15935000	      1592	80001d50	2929f693	andi	x13,x19,658	 x19:0x00000001 x13=0x00000000
       15945000	      1593	80001d54	00040213	addi	x4,x8,0	  x8:0x80001d98  x4=0x80001d98
       15955000	      1594	80001d58	00020267	jalr	x4,x4,0	  x4:0x80001d98  x4=0x80001d58
       15965000	      1595	00000000	00000013	addi	x0,x0,0	  x0:0x00000000
       15975000	      1596	80001d98	00000013	addi	x0,x0,0	  x0:0x00000000
       15985000	      1597	80001d9c	c5566ab7	lui	x21,0xc5566	 x21=0xc5566000
       15995000	      1598	80001da0	ef940d93	addi	x27,x8,-263	  x8:0x80001d98 x27=0x80001c91
       16005000	      1599	80001da4	40ef5313	srai	x6,x30,0xe	 x30:0x80009f54  x6=0xfffe0002
       16015000	      1600	80001da8	017f66b3	or	x13,x30,x23	 x30:0x80009f54 x23:0x0000000c x13=0x80009f5c
       16025000	      1601	80001dac	01242733	slt	x14,x8,x18	  x8:0x80001d98 x18:0x00000003 x14=0x00000001
       16035000	      1602	80001db0	00556133	or	x2,x10,x5	 x10:0x13ee3cd8  x5:0x00000001  x2=0x13ee3cd9
       16045000	      1603	80001db4	d0ecb213	sltiu	x4,x25,-754	 x25:0x80009fc4  x4=0x00000001
       16055000	      1604	80001db8	0153de33	srl	x28,x7,x21	  x7:0xfffffcc5 x21:0xc5566000 x28=0xfffffcc5
       16065000	      1605	80001dbc	000a9893	slli	x17,x21,0x0	 x21:0xc5566000 x17=0xc5566000
       16075000	      1606	80001dc0	010d9bb3	sll	x23,x27,x16	 x27:0x80001c91 x16:0x0000000c x23=0x01c91000
       16085000	      1607	80001dc4	002e58b3	srl	x17,x28,x2	 x28:0xfffffcc5  x2:0x13ee3cd9 x17=0x0000007f
       16095000	      1608	80001dc8	009aadb3	slt	x27,x21,x9	 x21:0xc5566000  x9:0xd6832c60 x27=0x00000001
       16105000	      1609	80001dcc	01f99fb3	sll	x31,x19,x31	 x19:0x00000001 x31:0x00000000 x31=0x00000001
       16115000	      1610	80001dd0	3fb13813	sltiu	x16,x2,1019	  x2:0x13ee3cd9 x16=0x00000000
       16125000	      1611	80001dd4	010f30b3	sltu	x1,x30,x16	 x30:0x80009f54 x16:0x00000000  x1=0x00000000
       16135000	      1612	80001dd8	aede7413	andi	x8,x28,-1299	 x28:0xfffffcc5  x8=0xfffff8c5
       16145000	      1613	80001ddc	004f2403	lw	x8,4(x30)	 x30:0x80009f54  x8=0x800004bc PA:0x80009f58
       16155000	      1614	80001de0	51f32813	slti	x16,x6,1311	  x6:0xfffe0002 x16=0x00000001
       16165000	      1615	80001de4	01a037b3	sltu	x15,x0,x26	  x0:0x00000000 x26:0x01000000 x15=0x00000001
       16175000	      1616	80001de8	412cd593	srai	x11,x25,0x12	 x25:0x80009fc4 x11=0xffffe000
       16185000	      1617	80001dec	017194b3	sll	x9,x3,x23	  x3:0xea85e000 x23:0x01c91000  x9=0xea85e000
       16195000	      1618	80001df0	030f0f13	addi	x30,x30,48	 x30:0x80009f54 x30=0x80009f84
       16205000	      1619	80001df4	00131a13	slli	x20,x6,0x1	  x6:0xfffe0002 x20=0xfffc0004
       16215000	      1620	80001df8	00b81d93	slli	x27,x16,0xb	 x16:0x00000001 x27=0x00000800
       16225000	      1621	80001dfc	01d34b33	xor	x22,x6,x29	  x6:0xfffe0002 x29:0x00000001 x22=0xfffe0003
       16235000	      1622	80001e00	00040493	addi	x9,x8,0	  x8:0x800004bc  x9=0x800004bc
       16245000	      1623	80001e04	000484e7	jalr	x9,x9,0	  x9:0x800004bc  x9=0x80001e04
       16255000	      1624	00000000	00000013	addi	x0,x0,0	  x0:0x00000000
       16265000	      1625	800004bc	00000013	addi	x0,x0,0	  x0:0x00000000
       16275000	      1626	800004c0	4fd1d8b7	lui	x17,0x4fd1d	 x17=0x4fd1d000
       16285000	      1627	800004c4	02ae4863	blt	x28,x10,800004f4	 x28:0xfffffcc5 x10:0x13ee3cd8
       16295000	      1628	00000000	00000013	addi	x0,x0,0	  x0:0x00000000
       16305000	      1629	800004f0	00000013	addi	x0,x0,0	  x0:0x00000000
       16315000	      1630	800004f4	007e8033	add	x0,x29,x7	 x29:0x00000001  x7:0xfffffcc5
       16325000	      1631	800004f8	02171663	bne	x14,x1,80000524	 x14:0x00000001  x1:0x00000000
       16335000	      1632	00000000	00000013	addi	x0,x0,0	  x0:0x00000000
       16345000	      1633	80000520	00000013	addi	x0,x0,0	  x0:0x00000000
       16355000	      1634	80000524	0120d333	srl	x6,x1,x18	  x1:0x00000000 x18:0x00000003  x6=0x00000000
       16365000	      1635	80000528	000eaa33	slt	x20,x29,x0	 x29:0x00000001  x0:0x00000000 x20=0x00000000
       16375000	      1636	8000052c	013df663	bgeu	x27,x19,80000538	 x27:0x00000800 x19:0x00000001
       16385000	      1637	00000000	00000013	addi	x0,x0,0	  x0:0x00000000
       16395000	      1638	80000534	00000013	addi	x0,x0,0	  x0:0x00000000
       16405000	      1639	80000538	045a4263	blt	x20,x5,8000057c	 x20:0x00000000  x5:0x00000001
       16415000	      1640	00000000	00000013	addi	x0,x0,0	  x0:0x00000000
       16425000	      1641	80000578	00000013	addi	x0,x0,0	  x0:0x00000000
       16435000	      1642	8000057c	01ed8263	beq	x27,x30,80000580	 x27:0x00000800 x30:0x80009f84
       16445000	      1643	80000580	04f8f663	bgeu	x17,x15,800005cc	 x17:0x4fd1d000 x15:0x00000001
       16455000	      1644	00000000	00000013	addi	x0,x0,0	  x0:0x00000000
       16465000	      1645	800005c8	00000013	addi	x0,x0,0	  x0:0x00000000
       16475000	      1646	800005cc	01496863	bltu	x18,x20,800005dc	 x18:0x00000003 x20:0x00000000
       16485000	      1647	800005d0	a6e57d13	andi	x26,x10,-1426	 x10:0x13ee3cd8 x26=0x13ee3848
       16495000	      1648	800005d4	e0ada493	slti	x9,x27,-502	 x27:0x00000800  x9=0x00000000
       16505000	      1649	800005d8	7f29c793	xori	x15,x19,2034	 x19:0x00000001 x15=0x000007f3
       16515000	      1650	800005dc	016a1213	slli	x4,x20,0x16	 x20:0x00000000  x4=0x00000000
       16525000	      1651	800005e0	024be463	bltu	x23,x4,80000608	 x23:0x01c91000  x4:0x00000000
       16535000	      1652	800005e4	41ef5b93	srai	x23,x30,0x1e	 x30:0x80009f84 x23=0xfffffffe
       16545000	      1653	800005e8	4b0ebd13	sltiu	x26,x29,1200	 x29:0x00000001 x26=0x00000001
       16555000	      1654	800005ec	40d284b3	sub	x9,x5,x13	  x5:0x00000001 x13:0x80009f5c  x9=0x7fff60a5
       16565000	      1655	800005f0	021c7663	bgeu	x24,x1,8000061c	 x24:0xe97d8078  x1:0x00000000
       16575000	      1656	00000000	00000013	addi	x0,x0,0	  x0:0x00000000
       16585000	      1657	80000618	00000013	addi	x0,x0,0	  x0:0x00000000
       16595000	      1658	8000061c	0535c863	blt	x11,x19,8000066c	 x11:0xffffe000 x19:0x00000001
       16605000	      1659	00000000	00000013	addi	x0,x0,0	  x0:0x00000000
       16615000	      1660	80000668	00000013	addi	x0,x0,0	  x0:0x00000000
       16625000	      1661	8000066c	46c37d13	andi	x26,x6,1132	  x6:0x00000000 x26=0x00000000
       16635000	      1662	80000670	00000013	addi	x0,x0,0	  x0:0x00000000
       16645000	      1663	80000674	9cbfce37	lui	x28,0x9cbfc	 x28=0x9cbfc000
       16655000	      1664	80000678	01320fb3	add	x31,x4,x19	  x4:0x00000000 x19:0x00000001 x31=0x00000001
       16665000	      1665	8000067c	40b48c33	sub	x24,x9,x11	  x9:0x7fff60a5 x11:0xffffe000 x24=0x7fff80a5
       16675000	      1666	80000680	00807c63	bgeu	x0,x8,80000698	  x0:0x00000000  x8:0x800004bc
       16685000	      1667	80000684	010f9bb3	sll	x23,x31,x16	 x31:0x00000001 x16:0x00000001 x23=0x00000002
       16695000	      1668	80000688	f8f9f993	andi	x19,x19,-113	 x19:0x00000001 x19=0x00000001
       16705000	      1669	8000068c	00020b13	addi	x22,x4,0	  x4:0x00000000 x22=0x00000000
       16715000	      1670	80000690	01808c33	add	x24,x1,x24	  x1:0x00000000 x24:0x7fff80a5 x24=0x7fff80a5
       16725000	      1671	80000694	9dc70193	addi	x3,x14,-1572	 x14:0x00000001  x3=0xfffff9dd
       16735000	      1672	80000698	0024d663	bge	x9,x2,800006a4	  x9:0x7fff60a5  x2:0x13ee3cd9
       16745000	      1673	00000000	00000013	addi	x0,x0,0	  x0:0x00000000
       16755000	      1674	800006a0	00000013	addi	x0,x0,0	  x0:0x00000000
       16765000	      1675	800006a4	00ed9033	sll	x0,x27,x14	 x27:0x00000800 x14:0x00000001
       16775000	      1676	800006a8	0349e063	bltu	x19,x20,800006c8	 x19:0x00000001 x20:0x00000000
       16785000	      1677	800006ac	05b35863	bge	x6,x27,800006fc	  x6:0x00000000 x27:0x00000800
       16795000	      1678	800006b0	03531663	bne	x6,x21,800006dc	  x6:0x00000000 x21:0xc5566000
       16805000	      1679	00000000	00000013	addi	x0,x0,0	  x0:0x00000000
       16815000	      1680	800006d8	00000013	addi	x0,x0,0	  x0:0x00000000
       16825000	      1681	800006dc	12c83537	lui	x10,0x12c83	 x10=0x12c83000
       16835000	      1682	800006e0	018734b3	sltu	x9,x14,x24	 x14:0x00000001 x24:0x7fff80a5  x9=0x00000001
       16845000	      1683	800006e4	00fb2133	slt	x2,x22,x15	 x22:0x00000000 x15:0x000007f3  x2=0x00000001
       16855000	      1684	800006e8	01df0c63	beq	x30,x29,80000700	 x30:0x80009f84 x29:0x00000001
       16865000	      1685	800006ec	18693c13	sltiu	x24,x18,390	 x18:0x00000003 x24=0x00000001
       16875000	      1686	800006f0	08e58c63	beq	x11,x14,80000788	 x11:0xffffe000 x14:0x00000001
       16885000	      1687	800006f4	01327233	and	x4,x4,x19	  x4:0x00000000 x19:0x00000001  x4=0x00000000
       16895000	      1688	800006f8	01b263b3	or	x7,x4,x27	  x4:0x00000000 x27:0x00000800  x7=0x00000800
       16905000	      1689	800006fc	0195d533	srl	x10,x11,x25	 x11:0xffffe000 x25:0x80009fc4 x10=0x0ffffe00
       16915000	      1690	80000700	01838db3	add	x27,x7,x24	  x7:0x00000800 x24:0x00000001 x27=0x00000801
       16925000	      1691	80000704	e8178293	addi	x5,x15,-383	 x15:0x000007f3  x5=0x00000674
       16935000	      1692	80000708	00002d17	auipc	x26,0x2	 x26=0x80002704
       16945000	      1693	8000070c	e08d0d13	addi	x26,x26,-504	 x26:0x80002704 x26=0x8000250c
       16955000	      1694	80000710	0099b3b3	sltu	x7,x19,x9	 x19:0x00000001  x9:0x00000001  x7=0x00000000
       16965000	      1695	80000714	012e5a13	srli	x20,x28,0x12	 x28:0x9cbfc000 x20=0x0000272f
       16975000	      1696	80000718	c9dd0d13	addi	x26,x26,-867	 x26:0x8000250c x26=0x800021a9
       16985000	      1697	8000071c	003b8f93	addi	x31,x23,3	 x23:0x00000002 x31=0x00000005
       16995000	      1698	80000720	08474393	xori	x7,x14,132	 x14:0x00000001  x7=0x00000085
       17005000	      1699	80000724	008e9433	sll	x8,x29,x8	 x29:0x00000001  x8:0x800004bc  x8=0x10000000
       17015000	      1700	80000728	96620813	addi	x16,x4,-1690	  x4:0x00000000 x16=0xfffff966
       17025000	      1701	8000072c	019ac9b3	xor	x19,x21,x25	 x21:0xc5566000 x25:0x80009fc4 x19=0x4556ffc4
       17035000	      1702	80000730	b8b66113	ori	x2,x12,-1141	 x12:0x00000002  x2=0xfffffb8b
       17045000	      1703	80000734	364d0467	jalr	x8,x26,868	 x26:0x800021a9  x8=0x80000734
       17055000	      1704	00000000	00000013	addi	x0,x0,0	  x0:0x00000000
       17065000	      1705	8000250c	00000013	addi	x0,x0,0	  x0:0x00000000
       17075000	      1706	80002510	0066d133	srl	x2,x13,x6	 x13:0x80009f5c  x6:0x00000000  x2=0x80009f5c
       17085000	      1707	80002514	fd0f0f13	addi	x30,x30,-48	 x30:0x80009f84 x30=0x80009f54
       17095000	      1708	80002518	01e9db33	srl	x22,x19,x30	 x19:0x4556ffc4 x30:0x80009f54 x22=0x00000455
       17105000	      1709	8000251c	018b8233	add	x4,x23,x24	 x23:0x00000002 x24:0x00000001  x4=0x00000003
       17115000	      1710	80002520	b6cba393	slti	x7,x23,-1172	 x23:0x00000002  x7=0x00000000
       17125000	      1711	80002524	31c3c793	xori	x15,x7,796	  x7:0x00000000 x15=0x0000031c
       17135000	      1712	80002528	0030ca33	xor	x20,x1,x3	  x1:0x00000000  x3:0xfffff9dd x20=0xfffff9dd
       17145000	      1713	8000252c	008f2223	sw	x8,4(x30)	 x30:0x80009f54  x8:0x80000734 PA:0x80009f58
       17155000	      1714	80002530	00f7ec33	or	x24,x15,x15	 x15:0x0000031c x15:0x0000031c x24=0x0000031c
       17165000	      1715	80002534	2b3af317	auipc	x6,0x2b3af	  x6=0xab3b1530
       17175000	      1716	80002538	01f686b3	add	x13,x13,x31	 x13:0x80009f5c x31:0x00000005 x13=0x80009f61
       17185000	      1717	8000253c	00900d93	addi	x27,x0,9	  x0:0x00000000 x27=0x00000009
       17195000	      1718	80002540	0011dbb3	srl	x23,x3,x1	  x3:0xfffff9dd  x1:0x00000000 x23=0xfffff9dd
       17205000	      1719	80002544	68d3ee93	ori	x29,x7,1677	  x7:0x00000000 x29=0x0000068d
       17215000	      1720	80002548	ef54cb93	xori	x23,x9,-267	  x9:0x00000001 x23=0xfffffef4
       17225000	      1721	8000254c	00af1a93	slli	x21,x30,0xa	 x30:0x80009f54 x21=0x027d5000
       17235000	      1722	80002550	01e91d33	sll	x26,x18,x30	 x18:0x00000003 x30:0x80009f54 x26=0x00300000
       17245000	      1723	80002554	43bfb313	sltiu	x6,x31,1083	 x31:0x00000005  x6=0x00000001
       17255000	      1724	80002558	412ad293	srai	x5,x21,0x12	 x21:0x027d5000  x5=0x0000009f
       17265000	      1725	8000255c	98f10513	addi	x10,x2,-1649	  x2:0x80009f5c x10=0x800098eb
       17275000	      1726	80002560	00462c33	slt	x24,x12,x4	 x12:0x00000002  x4:0x00000003 x24=0x00000001
       17285000	      1727	80002564	0172ebb3	or	x23,x5,x23	  x5:0x0000009f x23:0xfffffef4 x23=0xfffffeff
       17295000	      1728	80002568	ff100613	addi	x12,x0,-15	  x0:0x00000000 x12=0xfffffff1
       17305000	      1729	8000256c	009e6433	or	x8,x28,x9	 x28:0x9cbfc000  x9:0x00000001  x8=0x9cbfc001
       17315000	      1730	80002570	009e8c33	add	x24,x29,x9	 x29:0x0000068d  x9:0x00000001 x24=0x0000068e
       17325000	      1731	80002574	d7677113	andi	x2,x14,-650	 x14:0x00000001  x2=0x00000000
       17335000	      1732	80002578	df5e7493	andi	x9,x28,-523	 x28:0x9cbfc000  x9=0x9cbfc000
       17345000	      1733	8000257c	00a27433	and	x8,x4,x10	  x4:0x00000003 x10:0x800098eb  x8=0x00000003
       17355000	      1734	80002580	01c8d093	srli	x1,x17,0x1c	 x17:0x4fd1d000  x1=0x00000004
       17365000	      1735	80002584	ff8d8d93	addi	x27,x27,-8	 x27:0x00000009 x27=0x00000001
       17375000	      1736	80002588	1898a213	slti	x4,x17,393	 x17:0x4fd1d000  x4=0x00000000
       17385000	      1737	8000258c	221cfd13	andi	x26,x25,545	 x25:0x80009fc4 x26=0x00000200
       17395000	      1738	80002590	40855233	sra	x4,x10,x8	 x10:0x800098eb  x8:0x00000003  x4=0xf000131d
       17405000	      1739	80002594	bedd68b7	lui	x17,0xbedd6	 x17=0xbedd6000
       17415000	      1740	80002598	94fff993	andi	x19,x31,-1713	 x31:0x00000005 x19=0x00000005
       17425000	      1741	8000259c	01ee92b3	sll	x5,x29,x30	 x29:0x0000068d x30:0x80009f54  x5=0x68d00000
       17435000	      1742	800025a0	fccd98e3	bne	x27,x12,80002570	 x27:0x00000001 x12:0xfffffff1
       17445000	      1743	00000000	00000013	addi	x0,x0,0	  x0:0x00000000
       17455000	      1744	8000256c	00000013	addi	x0,x0,0	  x0:0x00000000
       17465000	      1745	80002570	009e8c33	add	x24,x29,x9	 x29:0x0000068d  x9:0x9cbfc000 x24=0x9cbfc68d
       17475000	      1746	80002574	d7677113	andi	x2,x14,-650	 x14:0x00000001  x2=0x00000000
       17485000	      1747	80002578	df5e7493	andi	x9,x28,-523	 x28:0x9cbfc000  x9=0x9cbfc000
       17495000	      1748	8000257c	00a27433	and	x8,x4,x10	  x4:0xf000131d x10:0x800098eb  x8=0x80001009
       17505000	      1749	80002580	01c8d093	srli	x1,x17,0x1c	 x17:0xbedd6000  x1=0x0000000b
       17515000	      1750	80002584	ff8d8d93	addi	x27,x27,-8	 x27:0x00000001 x27=0xfffffff9
       17525000	      1751	80002588	1898a213	slti	x4,x17,393	 x17:0xbedd6000  x4=0x00000001
       17535000	      1752	8000258c	221cfd13	andi	x26,x25,545	 x25:0x80009fc4 x26=0x00000200
       17545000	      1753	80002590	40855233	sra	x4,x10,x8	 x10:0x800098eb  x8:0x80001009  x4=0xffc0004c
       17555000	      1754	80002594	bedd68b7	lui	x17,0xbedd6	 x17=0xbedd6000
       17565000	      1755	80002598	94fff993	andi	x19,x31,-1713	 x31:0x00000005 x19=0x00000005
       17575000	      1756	8000259c	01ee92b3	sll	x5,x29,x30	 x29:0x0000068d x30:0x80009f54  x5=0x68d00000
       17585000	      1757	800025a0	fccd98e3	bne	x27,x12,80002570	 x27:0xfffffff9 x12:0xfffffff1
       17595000	      1758	00000000	00000013	addi	x0,x0,0	  x0:0x00000000
       17605000	      1759	8000256c	00000013	addi	x0,x0,0	  x0:0x00000000
       17615000	      1760	80002570	009e8c33	add	x24,x29,x9	 x29:0x0000068d  x9:0x9cbfc000 x24=0x9cbfc68d
       17625000	      1761	80002574	d7677113	andi	x2,x14,-650	 x14:0x00000001  x2=0x00000000
       17635000	      1762	80002578	df5e7493	andi	x9,x28,-523	 x28:0x9cbfc000  x9=0x9cbfc000
       17645000	      1763	8000257c	00a27433	and	x8,x4,x10	  x4:0xffc0004c x10:0x800098eb  x8=0x80000048
       17655000	      1764	80002580	01c8d093	srli	x1,x17,0x1c	 x17:0xbedd6000  x1=0x0000000b
       17665000	      1765	80002584	ff8d8d93	addi	x27,x27,-8	 x27:0xfffffff9 x27=0xfffffff1
       17675000	      1766	80002588	1898a213	slti	x4,x17,393	 x17:0xbedd6000  x4=0x00000001
       17685000	      1767	8000258c	221cfd13	andi	x26,x25,545	 x25:0x80009fc4 x26=0x00000200
       17695000	      1768	80002590	40855233	sra	x4,x10,x8	 x10:0x800098eb  x8:0x80000048  x4=0xff800098
       17705000	      1769	80002594	bedd68b7	lui	x17,0xbedd6	 x17=0xbedd6000
       17715000	      1770	80002598	94fff993	andi	x19,x31,-1713	 x31:0x00000005 x19=0x00000005
       17725000	      1771	8000259c	01ee92b3	sll	x5,x29,x30	 x29:0x0000068d x30:0x80009f54  x5=0x68d00000
       17735000	      1772	800025a0	fccd98e3	bne	x27,x12,80002570	 x27:0xfffffff1 x12:0xfffffff1
       17745000	      1773	800025a4	570ca513	slti	x10,x25,1392	 x25:0x80009fc4 x10=0x00000001
       17755000	      1774	800025a8	00200a13	addi	x20,x0,2	  x0:0x00000000 x20=0x00000002
       17765000	      1775	800025ac	4150d113	srai	x2,x1,0x15	  x1:0x0000000b  x2=0x00000000
       17775000	      1776	800025b0	e28f2893	slti	x17,x30,-472	 x30:0x80009f54 x17=0x00000001
       17785000	      1777	800025b4	01287e33	and	x28,x16,x18	 x16:0xfffff966 x18:0x00000003 x28=0x00000002
       17795000	      1778	800025b8	01000493	addi	x9,x0,16	  x0:0x00000000  x9=0x00000010
       17805000	      1779	800025bc	ab94a097	auipc	x1,0xab94a	  x1=0x2b94c5b8
       17815000	      1780	800025c0	01ae8bb3	add	x23,x29,x26	 x29:0x0000068d x26:0x00000200 x23=0x0000088d
       17825000	      1781	800025c4	40065833	sra	x16,x12,x0	 x12:0xfffffff1  x0:0x00000000 x16=0xfffffff1
       17835000	      1782	800025c8	b25280b7	lui	x1,0xb2528	  x1=0xb2528000
       17845000	      1783	800025cc	d3b8c193	xori	x3,x17,-709	 x17:0x00000001  x3=0xfffffd3a
       17855000	      1784	800025d0	409709b3	sub	x19,x14,x9	 x14:0x00000001  x9:0x00000010 x19=0xfffffff1
       17865000	      1785	800025d4	009a0a13	addi	x20,x20,9	 x20:0x00000002 x20=0x0000000b
       17875000	      1786	800025d8	a8e3e013	ori	x0,x7,-1394	  x7:0x00000000
       17885000	      1787	800025dc	fe9a4ae3	blt	x20,x9,800025d0	 x20:0x0000000b  x9:0x00000010
       17895000	      1788	00000000	00000013	addi	x0,x0,0	  x0:0x00000000
       17905000	      1789	800025cc	00000013	addi	x0,x0,0	  x0:0x00000000
       17915000	      1790	800025d0	409709b3	sub	x19,x14,x9	 x14:0x00000001  x9:0x00000010 x19=0xfffffff1
       17925000	      1791	800025d4	009a0a13	addi	x20,x20,9	 x20:0x0000000b x20=0x00000014
       17935000	      1792	800025d8	a8e3e013	ori	x0,x7,-1394	  x7:0x00000000
       17945000	      1793	800025dc	fe9a4ae3	blt	x20,x9,800025d0	 x20:0x00000014  x9:0x00000010
       17955000	      1794	800025e0	00181c33	sll	x24,x16,x1	 x16:0xfffffff1  x1:0xb2528000 x24=0xfffffff1
       17965000	      1795	800025e4	00800e13	addi	x28,x0,8	  x0:0x00000000 x28=0x00000008
       17975000	      1796	800025e8	01100813	addi	x16,x0,17	  x0:0x00000000 x16=0x00000011
       17985000	      1797	800025ec	00cdafb3	slt	x31,x27,x12	 x27:0xfffffff1 x12:0xfffffff1 x31=0x00000000
       17995000	      1798	800025f0	3ac00d13	addi	x26,x0,940	  x0:0x00000000 x26=0x000003ac
       18005000	      1799	800025f4	006e0e13	addi	x28,x28,6	 x28:0x00000008 x28=0x0000000e
       18015000	      1800	800025f8	014684b3	add	x9,x13,x20	 x13:0x80009f61 x20:0x00000014  x9=0x80009f75
       18025000	      1801	800025fc	00000a13	addi	x20,x0,0	  x0:0x00000000 x20=0x00000000
       18035000	      1802	80002600	41cd5313	srai	x6,x26,0x1c	 x26:0x000003ac  x6=0x00000000
       18045000	      1803	80002604	fec00413	addi	x8,x0,-20	  x0:0x00000000  x8=0xffffffec
       18055000	      1804	80002608	0068b633	sltu	x12,x17,x6	 x17:0x00000001  x6:0x00000000 x12=0x00000000
       18065000	      1805	8000260c	403c8fb3	sub	x31,x25,x3	 x25:0x80009fc4  x3:0xfffffd3a x31=0x8000a28a
       18075000	      1806	80002610	01df7fb3	and	x31,x30,x29	 x30:0x80009f54 x29:0x0000068d x31=0x00000604
       18085000	      1807	80002614	ffca0a13	addi	x20,x20,-4	 x20:0x00000000 x20=0xfffffffc
       18095000	      1808	80002618	fe8a0ae3	beq	x20,x8,8000260c	 x20:0xfffffffc  x8:0xffffffec
       18105000	      1809	8000261c	37ae0d13	addi	x26,x28,890	 x28:0x0000000e x26=0x00000388
       18115000	      1810	80002620	fd0e46e3	blt	x28,x16,800025ec	 x28:0x0000000e x16:0x00000011
       18125000	      1811	00000000	00000013	addi	x0,x0,0	  x0:0x00000000
       18135000	      1812	800025e8	00000013	addi	x0,x0,0	  x0:0x00000000
       18145000	      1813	800025ec	00cdafb3	slt	x31,x27,x12	 x27:0xfffffff1 x12:0x00000000 x31=0x00000001
       18155000	      1814	800025f0	3ac00d13	addi	x26,x0,940	  x0:0x00000000 x26=0x000003ac
       18165000	      1815	800025f4	006e0e13	addi	x28,x28,6	 x28:0x0000000e x28=0x00000014
       18175000	      1816	800025f8	014684b3	add	x9,x13,x20	 x13:0x80009f61 x20:0xfffffffc  x9=0x80009f5d
       18185000	      1817	800025fc	00000a13	addi	x20,x0,0	  x0:0x00000000 x20=0x00000000
       18195000	      1818	80002600	41cd5313	srai	x6,x26,0x1c	 x26:0x000003ac  x6=0x00000000
       18205000	      1819	80002604	fec00413	addi	x8,x0,-20	  x0:0x00000000  x8=0xffffffec
       18215000	      1820	80002608	0068b633	sltu	x12,x17,x6	 x17:0x00000001  x6:0x00000000 x12=0x00000000
       18225000	      1821	8000260c	403c8fb3	sub	x31,x25,x3	 x25:0x80009fc4  x3:0xfffffd3a x31=0x8000a28a
       18235000	      1822	80002610	01df7fb3	and	x31,x30,x29	 x30:0x80009f54 x29:0x0000068d x31=0x00000604
       18245000	      1823	80002614	ffca0a13	addi	x20,x20,-4	 x20:0x00000000 x20=0xfffffffc
       18255000	      1824	80002618	fe8a0ae3	beq	x20,x8,8000260c	 x20:0xfffffffc  x8:0xffffffec
       18265000	      1825	8000261c	37ae0d13	addi	x26,x28,890	 x28:0x00000014 x26=0x0000038e
       18275000	      1826	80002620	fd0e46e3	blt	x28,x16,800025ec	 x28:0x00000014 x16:0x00000011
       18285000	      1827	80002624	dea58113	addi	x2,x11,-534	 x11:0xffffe000  x2=0xffffddea
       18295000	      1828	80002628	ffe00113	addi	x2,x0,-2	  x0:0x00000000  x2=0xfffffffe
       18305000	      1829	8000262c	00200793	addi	x15,x0,2	  x0:0x00000000 x15=0x00000002
       18315000	      1830	80002630	7ba4e613	ori	x12,x9,1978	  x9:0x80009f5d x12=0x80009fff
       18325000	      1831	80002634	d5d63893	sltiu	x17,x12,-675	 x12:0x80009fff x17=0x00000001
       18335000	      1832	80002638	cf56ef93	ori	x31,x13,-779	 x13:0x80009f61 x31=0xfffffff5
       18345000	      1833	8000263c	00910113	addi	x2,x2,9	  x2:0xfffffffe  x2=0x00000007
       18355000	      1834	80002640	00f49713	slli	x14,x9,0xf	  x9:0x80009f5d x14=0x4fae8000
       18365000	      1835	80002644	00d5da93	srli	x21,x11,0xd	 x11:0xffffe000 x21=0x0007ffff
       18375000	      1836	80002648	00800813	addi	x16,x0,8	  x0:0x00000000 x16=0x00000008
       18385000	      1837	8000264c	00200693	addi	x13,x0,2	  x0:0x00000000 x13=0x00000002
       18395000	      1838	80002650	ecfbb893	sltiu	x17,x23,-305	 x23:0x0000088d x17=0x00000001
       18405000	      1839	80002654	00000013	addi	x0,x0,0	  x0:0x00000000
       18415000	      1840	80002658	ffd80813	addi	x16,x16,-3	 x16:0x00000008 x16=0x00000005
       18425000	      1841	8000265c	0179f1b7	lui	x3,0x179f	  x3=0x0179f000
       18435000	      1842	80002660	fed808e3	beq	x16,x13,80002650	 x16:0x00000005 x13:0x00000002
       18445000	      1843	80002664	ef4bbab7	lui	x21,0xef4bb	 x21=0xef4bb000
       18455000	      1844	80002668	fcf168e3	bltu	x2,x15,80002638	  x2:0x00000007 x15:0x00000002
       18465000	      1845	8000266c	11dc8213	addi	x4,x25,285	 x25:0x80009fc4  x4=0x8000a0e1
       18475000	      1846	80002670	00800d13	addi	x26,x0,8	  x0:0x00000000 x26=0x00000008
       18485000	      1847	80002674	00600813	addi	x16,x0,6	  x0:0x00000000 x16=0x00000006
       18495000	      1848	80002678	ffe0a893	slti	x17,x1,-2	  x1:0xb2528000 x17=0x00000001
       18505000	      1849	8000267c	ffbd0d13	addi	x26,x26,-5	 x26:0x00000008 x26=0x00000003
       18515000	      1850	80002680	ff0d7ce3	bgeu	x26,x16,80002678	 x26:0x00000003 x16:0x00000006
       18525000	      1851	80002684	01559713	slli	x14,x11,0x15	 x11:0xffffe000 x14=0x00000000
       18535000	      1852	80002688	005c1693	slli	x13,x24,0x5	 x24:0xfffffff1 x13=0xfffffe20
       18545000	      1853	8000268c	01a4dd93	srli	x27,x9,0x1a	  x9:0x80009f5d x27=0x00000020
       18555000	      1854	80002690	414b09b3	sub	x19,x22,x20	 x22:0x00000455 x20:0xfffffffc x19=0x00000459
       18565000	      1855	80002694	000bceb3	xor	x29,x23,x0	 x23:0x0000088d  x0:0x00000000 x29=0x0000088d
       18575000	      1856	80002698	018e1433	sll	x8,x28,x24	 x28:0x00000014 x24:0xfffffff1  x8=0x00280000
       18585000	      1857	8000269c	ffe00713	addi	x14,x0,-2	  x0:0x00000000 x14=0xfffffffe
       18595000	      1858	800026a0	40380db3	sub	x27,x16,x3	 x16:0x00000006  x3:0x0179f000 x27=0xfe861006
       18605000	      1859	800026a4	00000013	addi	x0,x0,0	  x0:0x00000000
       18615000	      1860	800026a8	40e45593	srai	x11,x8,0xe	  x8:0x00280000 x11=0x000000a0
       18625000	      1861	800026ac	30ccb693	sltiu	x13,x25,780	 x25:0x80009fc4 x13=0x00000000
       18635000	      1862	800026b0	ff500613	addi	x12,x0,-11	  x0:0x00000000 x12=0xfffffff5
       18645000	      1863	800026b4	411e8b33	sub	x22,x29,x17	 x29:0x0000088d x17:0x00000001 x22=0x0000088c
       18655000	      1864	800026b8	0058d5b3	srl	x11,x17,x5	 x17:0x00000001  x5:0x68d00000 x11=0x00000001
       18665000	      1865	800026bc	00000013	addi	x0,x0,0	  x0:0x00000000
       18675000	      1866	800026c0	ff770713	addi	x14,x14,-9	 x14:0xfffffffe x14=0xfffffff5
       18685000	      1867	800026c4	36234313	xori	x6,x6,866	  x6:0x00000000  x6=0x00000362
       18695000	      1868	800026c8	67ec4017	auipc	x0,0x67ec4	
       18705000	      1869	800026cc	010b53b3	srl	x7,x22,x16	 x22:0x0000088c x16:0x00000006  x7=0x00000022
       18715000	      1870	800026d0	00daf0b3	and	x1,x21,x13	 x21:0xef4bb000 x13:0x00000000  x1=0x00000000
       18725000	      1871	800026d4	d67fb993	sltiu	x19,x31,-665	 x31:0xfffffff5 x19=0x00000000
       18735000	      1872	800026d8	01499393	slli	x7,x19,0x14	 x19:0x00000000  x7=0x00000000
       18745000	      1873	800026dc	00000013	addi	x0,x0,0	  x0:0x00000000
       18755000	      1874	800026e0	00ab85b3	add	x11,x23,x10	 x23:0x0000088d x10:0x00000001 x11=0x0000088e
       18765000	      1875	800026e4	c9b62ab7	lui	x21,0xc9b62	 x21=0xc9b62000
       18775000	      1876	800026e8	0149e9b3	or	x19,x19,x20	 x19:0x00000000 x20:0xfffffffc x19=0xfffffffc
       18785000	      1877	800026ec	00f7b1b3	sltu	x3,x15,x15	 x15:0x00000002 x15:0x00000002  x3=0x00000000
       18795000	      1878	800026f0	00823433	sltu	x8,x4,x8	  x4:0x8000a0e1  x8:0x00280000  x8=0x00000000
       18805000	      1879	800026f4	33cab693	sltiu	x13,x21,828	 x21:0xc9b62000 x13=0x00000000
       18815000	      1880	800026f8	407080b3	sub	x1,x1,x7	  x1:0x00000000  x7:0x00000000  x1=0x00000000
       18825000	      1881	800026fc	0149a533	slt	x10,x19,x20	 x19:0xfffffffc x20:0xfffffffc x10=0x00000000
       18835000	      1882	80002700	0127d193	srli	x3,x15,0x12	 x15:0x00000002  x3=0x00000000
       18845000	      1883	80002704	fac708e3	beq	x14,x12,800026b4	 x14:0xfffffff5 x12:0xfffffff5
       18855000	      1884	00000000	00000013	addi	x0,x0,0	  x0:0x00000000
       18865000	      1885	800026b0	00000013	addi	x0,x0,0	  x0:0x00000000
       18875000	      1886	800026b4	411e8b33	sub	x22,x29,x17	 x29:0x0000088d x17:0x00000001 x22=0x0000088c
       18885000	      1887	800026b8	0058d5b3	srl	x11,x17,x5	 x17:0x00000001  x5:0x68d00000 x11=0x00000001
       18895000	      1888	800026bc	00000013	addi	x0,x0,0	  x0:0x00000000
       18905000	      1889	800026c0	ff770713	addi	x14,x14,-9	 x14:0xfffffff5 x14=0xffffffec
       18915000	      1890	800026c4	36234313	xori	x6,x6,866	  x6:0x00000362  x6=0x00000000
       18925000	      1891	800026c8	67ec4017	auipc	x0,0x67ec4	
       18935000	      1892	800026cc	010b53b3	srl	x7,x22,x16	 x22:0x0000088c x16:0x00000006  x7=0x00000022
       18945000	      1893	800026d0	00daf0b3	and	x1,x21,x13	 x21:0xc9b62000 x13:0x00000000  x1=0x00000000
       18955000	      1894	800026d4	d67fb993	sltiu	x19,x31,-665	 x31:0xfffffff5 x19=0x00000000
       18965000	      1895	800026d8	01499393	slli	x7,x19,0x14	 x19:0x00000000  x7=0x00000000
       18975000	      1896	800026dc	00000013	addi	x0,x0,0	  x0:0x00000000
       18985000	      1897	800026e0	00ab85b3	add	x11,x23,x10	 x23:0x0000088d x10:0x00000000 x11=0x0000088d
       18995000	      1898	800026e4	c9b62ab7	lui	x21,0xc9b62	 x21=0xc9b62000
       19005000	      1899	800026e8	0149e9b3	or	x19,x19,x20	 x19:0x00000000 x20:0xfffffffc x19=0xfffffffc
       19015000	      1900	800026ec	00f7b1b3	sltu	x3,x15,x15	 x15:0x00000002 x15:0x00000002  x3=0x00000000
       19025000	      1901	800026f0	00823433	sltu	x8,x4,x8	  x4:0x8000a0e1  x8:0x00000000  x8=0x00000000
       19035000	      1902	800026f4	33cab693	sltiu	x13,x21,828	 x21:0xc9b62000 x13=0x00000000
       19045000	      1903	800026f8	407080b3	sub	x1,x1,x7	  x1:0x00000000  x7:0x00000000  x1=0x00000000
       19055000	      1904	800026fc	0149a533	slt	x10,x19,x20	 x19:0xfffffffc x20:0xfffffffc x10=0x00000000
       19065000	      1905	80002700	0127d193	srli	x3,x15,0x12	 x15:0x00000002  x3=0x00000000
       19075000	      1906	80002704	fac708e3	beq	x14,x12,800026b4	 x14:0xffffffec x12:0xfffffff5
       19085000	      1907	80002708	005a5033	srl	x0,x20,x5	 x20:0xfffffffc  x5:0x68d00000
       19095000	      1908	8000270c	00ef9d93	slli	x27,x31,0xe	 x31:0xfffffff5 x27=0xfffd4000
       19105000	      1909	80002710	00ae4eb3	xor	x29,x28,x10	 x28:0x00000014 x10:0x00000000 x29=0x00000014
       19115000	      1910	80002714	79437e13	andi	x28,x6,1940	  x6:0x00000000 x28=0x00000000
       19125000	      1911	80002718	01725433	srl	x8,x4,x23	  x4:0x8000a0e1 x23:0x0000088d  x8=0x00040005
       19135000	      1912	8000271c	038bf463	bgeu	x23,x24,80002744	 x23:0x0000088d x24:0xfffffff1
       19145000	      1913	80002720	9c7a9837	lui	x16,0x9c7a9	 x16=0x9c7a9000
       19155000	      1914	80002724	0186a433	slt	x8,x13,x24	 x13:0x00000000 x24:0xfffffff1  x8=0x00000000
       19165000	      1915	80002728	43973f93	sltiu	x31,x14,1081	 x14:0xffffffec x31=0x00000000
       19175000	      1916	8000272c	03a90463	beq	x18,x26,80002754	 x18:0x00000003 x26:0x00000003
       19185000	      1917	00000000	00000013	addi	x0,x0,0	  x0:0x00000000
       19195000	      1918	80002750	00000013	addi	x0,x0,0	  x0:0x00000000
       19205000	      1919	80002754	00191c33	sll	x24,x18,x1	 x18:0x00000003  x1:0x00000000 x24=0x00000003
       19215000	      1920	80002758	a2b26293	ori	x5,x4,-1493	  x4:0x8000a0e1  x5=0xfffffaeb
       19225000	      1921	8000275c	79453e93	sltiu	x29,x10,1940	 x10:0x00000000 x29=0x00000001
       19235000	      1922	80002760	ba872113	slti	x2,x14,-1112	 x14:0xffffffec  x2=0x00000000
       19245000	      1923	80002764	3373aab7	lui	x21,0x3373a	 x21=0x3373a000
       19255000	      1924	80002768	01451263	bne	x10,x20,8000276c	 x10:0x00000000 x20:0xfffffffc
       19265000	      1925	00000000	00000013	addi	x0,x0,0	  x0:0x00000000
       19275000	      1926	80002768	00000013	addi	x0,x0,0	  x0:0x00000000
       19285000	      1927	8000276c	00000013	addi	x0,x0,0	  x0:0x00000000
       19295000	      1928	80002770	03bd0e63	beq	x26,x27,800027ac	 x26:0x00000003 x27:0xfffd4000
       19305000	      1929	80002774	00a3fa33	and	x20,x7,x10	  x7:0x00000000 x10:0x00000000 x20=0x00000000
       19315000	      1930	80002778	3fc1fe93	andi	x29,x3,1020	  x3:0x00000000 x29=0x00000000
       19325000	      1931	8000277c	9f990637	lui	x12,0x9f990	 x12=0x9f990000
       19335000	      1932	80002780	407d8433	sub	x8,x27,x7	 x27:0xfffd4000  x7:0x00000000  x8=0xfffd4000
       19345000	      1933	80002784	00cad413	srli	x8,x21,0xc	 x21:0x3373a000  x8=0x0003373a
       19355000	      1934	80002788	00146c63	bltu	x8,x1,800027a0	  x8:0x0003373a  x1:0x00000000
       19365000	      1935	8000278c	fe06a297	auipc	x5,0xfe06a	  x5=0x7e06c788
       19375000	      1936	80002790	01f75fb3	srl	x31,x14,x31	 x14:0xffffffec x31:0x00000000 x31=0xffffffec
       19385000	      1937	80002794	44538797	auipc	x15,0x44538	 x15=0xc453a790
       19395000	      1938	80002798	0126c3b3	xor	x7,x13,x18	 x13:0x00000000 x18:0x00000003  x7=0x00000003
       19405000	      1939	8000279c	0046cab3	xor	x21,x13,x4	 x13:0x00000000  x4:0x8000a0e1 x21=0x8000a0e1
       19415000	      1940	800027a0	00d5d663	bge	x11,x13,800027ac	 x11:0x0000088d x13:0x00000000
       19425000	      1941	00000000	00000013	addi	x0,x0,0	  x0:0x00000000
       19435000	      1942	800027a8	00000013	addi	x0,x0,0	  x0:0x00000000
       19445000	      1943	800027ac	02b5e663	bltu	x11,x11,800027d8	 x11:0x0000088d x11:0x0000088d
       19455000	      1944	800027b0	004d6c63	bltu	x26,x4,800027c8	 x26:0x00000003  x4:0x8000a0e1
       19465000	      1945	00000000	00000013	addi	x0,x0,0	  x0:0x00000000
       19475000	      1946	800027c4	00000013	addi	x0,x0,0	  x0:0x00000000
       19485000	      1947	800027c8	f8077d37	lui	x26,0xf8077	 x26=0xf8077000
       19495000	      1948	800027cc	02ebce63	blt	x23,x14,80002808	 x23:0x0000088d x14:0xffffffec
       19505000	      1949	800027d0	16948437	lui	x8,0x16948	  x8=0x16948000
       19515000	      1950	800027d4	01428fb3	add	x31,x5,x20	  x5:0x7e06c788 x20:0x00000000 x31=0x7e06c788
       19525000	      1951	800027d8	7185e997	auipc	x19,0x7185e	 x19=0xf18607d4
       19535000	      1952	800027dc	231dc593	xori	x11,x27,561	 x27:0xfffd4000 x11=0xfffd4231
       19545000	      1953	800027e0	00b391b3	sll	x3,x7,x11	  x7:0x00000003 x11:0xfffd4231  x3=0x00060000
       19555000	      1954	800027e4	03df9463	bne	x31,x29,8000280c	 x31:0x7e06c788 x29:0x00000000
       19565000	      1955	00000000	00000013	addi	x0,x0,0	  x0:0x00000000
       19575000	      1956	80002808	00000013	addi	x0,x0,0	  x0:0x00000000
       19585000	      1957	8000280c	405a5833	sra	x16,x20,x5	 x20:0x00000000  x5:0x7e06c788 x16=0x00000000
       19595000	      1958	80002810	5fd63813	sltiu	x16,x12,1533	 x12:0x9f990000 x16=0x00000000
       19605000	      1959	80002814	05a07863	bgeu	x0,x26,80002864	  x0:0x00000000 x26:0xf8077000
       19615000	      1960	80002818	0503e263	bltu	x7,x16,8000285c	  x7:0x00000003 x16:0x00000000
       19625000	      1961	8000281c	01339c63	bne	x7,x19,80002834	  x7:0x00000003 x19:0xf18607d4
       19635000	      1962	00000000	00000013	addi	x0,x0,0	  x0:0x00000000
       19645000	      1963	80002830	00000013	addi	x0,x0,0	  x0:0x00000000
       19655000	      1964	80002834	02cf6663	bltu	x30,x12,80002860	 x30:0x80009f54 x12:0x9f990000
       19665000	      1965	00000000	00000013	addi	x0,x0,0	  x0:0x00000000
       19675000	      1966	8000285c	00000013	addi	x0,x0,0	  x0:0x00000000
       19685000	      1967	80002860	7f165117	auipc	x2,0x7f165	  x2=0xff16785c
       19695000	      1968	80002864	41b85c13	srai	x24,x16,0x1b	 x16:0x00000000 x24=0x00000000
       19705000	      1969	80002868	00b2b233	sltu	x4,x5,x11	  x5:0x7e06c788 x11:0xfffd4231  x4=0x00000001
       19715000	      1970	8000286c	40e707b3	sub	x15,x14,x14	 x14:0xffffffec x14:0xffffffec x15=0x00000000
       19725000	      1971	80002870	02eb6263	bltu	x22,x14,80002894	 x22:0x0000088c x14:0xffffffec
       19735000	      1972	00000000	00000013	addi	x0,x0,0	  x0:0x00000000
       19745000	      1973	80002890	00000013	addi	x0,x0,0	  x0:0x00000000
       19755000	      1974	80002894	0092d233	srl	x4,x5,x9	  x5:0x7e06c788  x9:0x80009f5d  x4=0x00000003
       19765000	      1975	80002898	a4aee793	ori	x15,x29,-1462	 x29:0x00000000 x15=0xfffffa4a
       19775000	      1976	8000289c	01ead193	srli	x3,x21,0x1e	 x21:0x8000a0e1  x3=0x00000002
       19785000	      1977	800028a0	0dd36863	bltu	x6,x29,80002970	  x6:0x00000000 x29:0x00000000
       19795000	      1978	800028a4	018ca7b3	slt	x15,x25,x24	 x25:0x80009fc4 x24:0x00000000 x15=0x00000001
       19805000	      1979	800028a8	1d87d517	auipc	x10,0x1d87d	 x10=0x9d87f8a4
       19815000	      1980	800028ac	014ed4b3	srl	x9,x29,x20	 x29:0x00000000 x20:0x00000000  x9=0x00000000
       19825000	      1981	800028b0	01475b33	srl	x22,x14,x20	 x14:0xffffffec x20:0x00000000 x22=0xffffffec
       19835000	      1982	800028b4	694f0e37	lui	x28,0x694f0	 x28=0x694f0000
       19845000	      1983	800028b8	d3220d93	addi	x27,x4,-718	  x4:0x00000003 x27=0xfffffd35
       19855000	      1984	800028bc	ff9490b7	lui	x1,0xff949	  x1=0xff949000
       19865000	      1985	800028c0	006a8eb3	add	x29,x21,x6	 x21:0x8000a0e1  x6:0x00000000 x29=0x8000a0e1
       19875000	      1986	800028c4	01f29d33	sll	x26,x5,x31	  x5:0x7e06c788 x31:0x7e06c788 x26=0x06c78800
       19885000	      1987	800028c8	537c2193	slti	x3,x24,1335	 x24:0x00000000  x3=0x00000001
       19895000	      1988	800028cc	00500e93	addi	x29,x0,5	  x0:0x00000000 x29=0x00000005
       19905000	      1989	800028d0	30e87613	andi	x12,x16,782	 x16:0x00000000 x12=0x00000000
       19915000	      1990	800028d4	3c700193	addi	x3,x0,967	  x0:0x00000000  x3=0x000003c7
       19925000	      1991	800028d8	5a61a097	auipc	x1,0x5a61a	  x1=0xda61c8d4
       19935000	      1992	800028dc	51c7f713	andi	x14,x15,1308	 x15:0x00000001 x14=0x00000000
       19945000	      1993	800028e0	87c14993	xori	x19,x2,-1924	  x2:0xff16785c x19=0x00e98020
       19955000	      1994	800028e4	84e0ec13	ori	x24,x1,-1970	  x1:0xda61c8d4 x24=0xfffff8de
       19965000	      1995	800028e8	dc3fb837	lui	x16,0xdc3fb	 x16=0xdc3fb000
       19975000	      1996	800028ec	00c00e13	addi	x28,x0,12	  x0:0x00000000 x28=0x0000000c
       19985000	      1997	800028f0	01e82433	slt	x8,x16,x30	 x16:0xdc3fb000 x30:0x80009f54  x8=0x00000000
       19995000	      1998	800028f4	d1efb117	auipc	x2,0xd1efb	  x2=0x51efd8f0
       20005000	      1999	800028f8	00000013	addi	x0,x0,0	  x0:0x00000000
       20015000	      2000	800028fc	013c2c33	slt	x24,x24,x19	 x24:0xfffff8de x19:0x00e98020 x24=0x00000001
       20025000	      2001	80002900	bd8ffd13	andi	x26,x31,-1064	 x31:0x7e06c788 x26=0x7e06c388
       20035000	      2002	80002904	007e8e93	addi	x29,x29,7	 x29:0x00000005 x29=0x0000000c
       20045000	      2003	80002908	214b3493	sltiu	x9,x22,532	 x22:0xffffffec  x9=0x00000000
       20055000	      2004	8000290c	ff700a93	addi	x21,x0,-9	  x0:0x00000000 x21=0xfffffff7
       20065000	      2005	80002910	019557b3	srl	x15,x10,x25	 x10:0x9d87f8a4 x25:0x80009fc4 x15=0x09d87f8a
       20075000	      2006	80002914	00b89f93	slli	x31,x17,0xb	 x17:0x00000001 x31=0x00000800
       20085000	      2007	80002918	00c00693	addi	x13,x0,12	  x0:0x00000000 x13=0x0000000c
       20095000	      2008	8000291c	01e1e1b3	or	x3,x3,x30	  x3:0x000003c7 x30:0x80009f54  x3=0x80009fd7
       20105000	      2009	80002920	0fe53817	auipc	x16,0xfe53	 x16=0x8fe5591c
       20115000	      2010	80002924	00000013	addi	x0,x0,0	  x0:0x00000000
       20125000	      2011	80002928	007a8a93	addi	x21,x21,7	 x21:0xfffffff7 x21=0xfffffffe
       20135000	      2012	8000292c	feda8ae3	beq	x21,x13,80002920	 x21:0xfffffffe x13:0x0000000c
       20145000	      2013	80002930	01460db3	add	x27,x12,x20	 x12:0x00000000 x20:0x00000000 x27=0x00000000
       20155000	      2014	80002934	8d743513	sltiu	x10,x8,-1833	  x8:0x00000000 x10=0x00000001
       20165000	      2015	80002938	00000013	addi	x0,x0,0	  x0:0x00000000
       20175000	      2016	8000293c	870cb793	sltiu	x15,x25,-1936	 x25:0x80009fc4 x15=0x00000001
       20185000	      2017	80002940	00000013	addi	x0,x0,0	  x0:0x00000000
       20195000	      2018	80002944	2774fa13	andi	x20,x9,631	  x9:0x00000000 x20=0x00000000
       20205000	      2019	80002948	fbce96e3	bne	x29,x28,800028f4	 x29:0x0000000c x28:0x0000000c
       20215000	      2020	8000294c	b2718497	auipc	x9,0xb2718	  x9=0x3271a948
       20225000	      2021	80002950	40375213	srai	x4,x14,0x3	 x14:0x00000000  x4=0x00000000
       20235000	      2022	80002954	033b6663	bltu	x22,x19,80002980	 x22:0xffffffec x19:0x00e98020
       20245000	      2023	80002958	00408733	add	x14,x1,x4	  x1:0xda61c8d4  x4:0x00000000 x14=0xda61c8d4
       20255000	      2024	8000295c	00010233	add	x4,x2,x0	  x2:0x51efd8f0  x0:0x00000000  x4=0x51efd8f0
       20265000	      2025	80002960	309a7413	andi	x8,x20,777	 x20:0x00000000  x8=0x00000000
       20275000	      2026	80002964	013c9513	slli	x10,x25,0x13	 x25:0x80009fc4 x10=0xfe200000
       20285000	      2027	80002968	16042393	slti	x7,x8,352	  x8:0x00000000  x7=0x00000001
       20295000	      2028	8000296c	02194463	blt	x18,x1,80002994	 x18:0x00000003  x1:0xda61c8d4
       20305000	      2029	80002970	4066dd93	srai	x27,x13,0x6	 x13:0x0000000c x27=0x00000000
       20315000	      2030	80002974	422931b7	lui	x3,0x42293	  x3=0x42293000
       20325000	      2031	80002978	00b3d613	srli	x12,x7,0xb	  x7:0x00000001 x12=0x00000000
       20335000	      2032	8000297c	025ece63	blt	x29,x5,800029b8	 x29:0x0000000c  x5:0x7e06c788
       20345000	      2033	00000000	00000013	addi	x0,x0,0	  x0:0x00000000
       20355000	      2034	800029b4	00000013	addi	x0,x0,0	  x0:0x00000000
       20365000	      2035	800029b8	00b8d313	srli	x6,x17,0xb	 x17:0x00000001  x6=0x00000000
       20375000	      2036	800029bc	01701833	sll	x16,x0,x23	  x0:0x00000000 x23:0x0000088d x16=0x00000000
       20385000	      2037	800029c0	a758f493	andi	x9,x17,-1419	 x17:0x00000001  x9=0x00000001
       20395000	      2038	800029c4	006d67b3	or	x15,x26,x6	 x26:0x7e06c388  x6:0x00000000 x15=0x7e06c388
       20405000	      2039	800029c8	41dcdeb3	sra	x29,x25,x29	 x25:0x80009fc4 x29:0x0000000c x29=0xfff80009
       20415000	      2040	800029cc	6d50a793	slti	x15,x1,1749	  x1:0xda61c8d4 x15=0x00000001
       20425000	      2041	800029d0	03f97613	andi	x12,x18,63	 x18:0x00000003 x12=0x00000003
       20435000	      2042	800029d4	038b1663	bne	x22,x24,80002a00	 x22:0xffffffec x24:0x00000001
       20445000	      2043	00000000	00000013	addi	x0,x0,0	  x0:0x00000000
       20455000	      2044	800029fc	00000013	addi	x0,x0,0	  x0:0x00000000
       20465000	      2045	80002a00	56843d13	sltiu	x26,x8,1384	  x8:0x00000000 x26=0x00000001
       20475000	      2046	80002a04	40d15eb3	sra	x29,x2,x13	  x2:0x51efd8f0 x13:0x0000000c x29=0x00051efd
       20485000	      2047	80002a08	00000013	addi	x0,x0,0	  x0:0x00000000
       20495000	      2048	80002a0c	015dfab3	and	x21,x27,x21	 x27:0x00000000 x21:0xfffffffe x21=0x00000000
       20505000	      2049	80002a10	01af8ab3	add	x21,x31,x26	 x31:0x00000800 x26:0x00000001 x21=0x00000801
       20515000	      2050	80002a14	01cb9eb3	sll	x29,x23,x28	 x23:0x0000088d x28:0x0000000c x29=0x0088d000
       20525000	      2051	80002a18	43210513	addi	x10,x2,1074	  x2:0x51efd8f0 x10=0x51efdd22
       20535000	      2052	80002a1c	e5902593	slti	x11,x0,-423	  x0:0x00000000 x11=0x00000000
       20545000	      2053	80002a20	00000013	addi	x0,x0,0	  x0:0x00000000
       20555000	      2054	80002a24	03dbe463	bltu	x23,x29,80002a4c	 x23:0x0000088d x29:0x0088d000
       20565000	      2055	00000000	00000013	addi	x0,x0,0	  x0:0x00000000
       20575000	      2056	80002a48	00000013	addi	x0,x0,0	  x0:0x00000000
       20585000	      2057	80002a4c	08061a63	bne	x12,x0,80002ae0	 x12:0x00000003  x0:0x00000000
       20595000	      2058	00000000	00000013	addi	x0,x0,0	  x0:0x00000000
       20605000	      2059	80002adc	00000013	addi	x0,x0,0	  x0:0x00000000
       20615000	      2060	80002ae0	018e7633	and	x12,x28,x24	 x28:0x0000000c x24:0x00000001 x12=0x00000000
       20625000	      2061	80002ae4	95eb0e93	addi	x29,x22,-1698	 x22:0xffffffec x29=0xfffff94a
       20635000	      2062	80002ae8	d1a1a393	slti	x7,x3,-742	  x3:0x42293000  x7=0x00000000
       20645000	      2063	80002aec	91686493	ori	x9,x16,-1770	 x16:0x00000000  x9=0xfffff916
       20655000	      2064	80002af0	0513e663	bltu	x7,x17,80002b3c	  x7:0x00000000 x17:0x00000001
       20665000	      2065	00000000	00000013	addi	x0,x0,0	  x0:0x00000000
       20675000	      2066	80002b38	00000013	addi	x0,x0,0	  x0:0x00000000
       20685000	      2067	80002b3c	0047d3b3	srl	x7,x15,x4	 x15:0x00000001  x4:0x51efd8f0  x7=0x00000000
       20695000	      2068	80002b40	00000013	addi	x0,x0,0	  x0:0x00000000
       20705000	      2069	80002b44	05810663	beq	x2,x24,80002b90	  x2:0x51efd8f0 x24:0x00000001
       20715000	      2070	80002b48	3b2fba93	sltiu	x21,x31,946	 x31:0x00000800 x21=0x00000000
       20725000	      2071	80002b4c	0beb4613	xori	x12,x22,190	 x22:0xffffffec x12=0xffffff52
       20735000	      2072	80002b50	409add93	srai	x27,x21,0x9	 x21:0x00000000 x27=0x00000000
       20745000	      2073	80002b54	008d5d13	srli	x26,x26,0x8	 x26:0x00000001 x26=0x00000000
       20755000	      2074	80002b58	02e36e63	bltu	x6,x14,80002b94	  x6:0x00000000 x14:0xda61c8d4
       20765000	      2075	00000000	00000013	addi	x0,x0,0	  x0:0x00000000
       20775000	      2076	80002b90	00000013	addi	x0,x0,0	  x0:0x00000000
       20785000	      2077	80002b94	41b15393	srai	x7,x2,0x1b	  x2:0x51efd8f0  x7=0x0000000a
       20795000	      2078	80002b98	404ed533	sra	x10,x29,x4	 x29:0xfffff94a  x4:0x51efd8f0 x10=0xffffffff
       20805000	      2079	80002b9c	01871613	slli	x12,x14,0x18	 x14:0xda61c8d4 x12=0xd4000000
       20815000	      2080	80002ba0	0472f663	bgeu	x5,x7,80002bec	  x5:0x7e06c788  x7:0x0000000a
       20825000	      2081	00000000	00000013	addi	x0,x0,0	  x0:0x00000000
       20835000	      2082	80002be8	00000013	addi	x0,x0,0	  x0:0x00000000
       20845000	      2083	80002bec	01481ab3	sll	x21,x16,x20	 x16:0x00000000 x20:0x00000000 x21=0x00000000
       20855000	      2084	80002bf0	9423c993	xori	x19,x7,-1726	  x7:0x0000000a x19=0xfffff948
       20865000	      2085	80002bf4	60cee417	auipc	x8,0x60cee	  x8=0xe0cf0bf0
       20875000	      2086	80002bf8	00c9ee33	or	x28,x19,x12	 x19:0xfffff948 x12:0xd4000000 x28=0xfffff948
       20885000	      2087	80002bfc	01fcec63	bltu	x25,x31,80002c14	 x25:0x80009fc4 x31:0x00000800
       20895000	      2088	80002c00	004e9613	slli	x12,x29,0x4	 x29:0xfffff94a x12=0xffff94a0
       20905000	      2089	80002c04	41d55993	srai	x19,x10,0x1d	 x10:0xffffffff x19=0xffffffff
       20915000	      2090	80002c08	00048a33	add	x20,x9,x0	  x9:0xfffff916  x0:0x00000000 x20=0xfffff916
       20925000	      2091	80002c0c	00a4a2b3	slt	x5,x9,x10	  x9:0xfffff916 x10:0xffffffff  x5=0x00000001
       20935000	      2092	80002c10	01a61a13	slli	x20,x12,0x1a	 x12:0xffff94a0 x20=0x80000000
       20945000	      2093	80002c14	3ce12597	auipc	x11,0x3ce12	 x11=0xbce14c10
       20955000	      2094	80002c18	fa2bf793	andi	x15,x23,-94	 x23:0x0000088d x15=0x00000880
       20965000	      2095	80002c1c	00614333	xor	x6,x2,x6	  x2:0x51efd8f0  x6:0x00000000  x6=0x51efd8f0
       20975000	      2096	80002c20	036e8263	beq	x29,x22,80002c44	 x29:0xfffff94a x22:0xffffffec
       20985000	      2097	80002c24	40d8deb3	sra	x29,x17,x13	 x17:0x00000001 x13:0x0000000c x29=0x00000000
       20995000	      2098	80002c28	01465c63	bge	x12,x20,80002c40	 x12:0xffff94a0 x20:0x80000000
       21005000	      2099	00000000	00000013	addi	x0,x0,0	  x0:0x00000000
       21015000	      2100	80002c3c	00000013	addi	x0,x0,0	  x0:0x00000000
       21025000	      2101	80002c40	8b0cea93	ori	x21,x25,-1872	 x25:0x80009fc4 x21=0xfffffff4
       21035000	      2102	80002c44	87696b13	ori	x22,x18,-1930	 x18:0x00000003 x22=0xfffff877
       21045000	      2103	80002c48	01c09263	bne	x1,x28,80002c4c	  x1:0xda61c8d4 x28:0xfffff948
       21055000	      2104	00000000	00000013	addi	x0,x0,0	  x0:0x00000000
       21065000	      2105	80002c48	00000013	addi	x0,x0,0	  x0:0x00000000
       21075000	      2106	80002c4c	00e219b3	sll	x19,x4,x14	  x4:0x51efd8f0 x14:0xda61c8d4 x19=0x8f000000
       21085000	      2107	80002c50	f6cf0a93	addi	x21,x30,-148	 x30:0x80009f54 x21=0x80009ec0
       21095000	      2108	80002c54	40eed8b3	sra	x17,x29,x14	 x29:0x00000000 x14:0xda61c8d4 x17=0x00000000
       21105000	      2109	80002c58	01133c33	sltu	x24,x6,x17	  x6:0x51efd8f0 x17:0x00000000 x24=0x00000000
       21115000	      2110	80002c5c	008f9263	bne	x31,x8,80002c60	 x31:0x00000800  x8:0xe0cf0bf0
       21125000	      2111	00000000	00000013	addi	x0,x0,0	  x0:0x00000000
       21135000	      2112	80002c5c	00000013	addi	x0,x0,0	  x0:0x00000000
       21145000	      2113	80002c60	6611a9b7	lui	x19,0x6611a	 x19=0x6611a000
       21155000	      2114	80002c64	030c8463	beq	x25,x16,80002c8c	 x25:0x80009fc4 x16:0x00000000
       21165000	      2115	80002c68	403402b3	sub	x5,x8,x3	  x8:0xe0cf0bf0  x3:0x42293000  x5=0x9ea5dbf0
       21175000	      2116	80002c6c	056b8863	beq	x23,x22,80002cbc	 x23:0x0000088d x22:0xfffff877
       21185000	      2117	80002c70	01c2b133	sltu	x2,x5,x28	  x5:0x9ea5dbf0 x28:0xfffff948  x2=0x00000001
       21195000	      2118	80002c74	01bbe533	or	x10,x23,x27	 x23:0x0000088d x27:0x00000000 x10=0x0000088d
       21205000	      2119	80002c78	49ac4193	xori	x3,x24,1178	 x24:0x00000000  x3=0x0000049a
       21215000	      2120	80002c7c	00e8ec63	bltu	x17,x14,80002c94	 x17:0x00000000 x14:0xda61c8d4
       21225000	      2121	00000000	00000013	addi	x0,x0,0	  x0:0x00000000
       21235000	      2122	80002c90	00000013	addi	x0,x0,0	  x0:0x00000000
       21245000	      2123	80002c94	9c68ca13	xori	x20,x17,-1594	 x17:0x00000000 x20=0xfffff9c6
       21255000	      2124	80002c98	012c75b3	and	x11,x24,x18	 x24:0x00000000 x18:0x00000003 x11=0x00000000
       21265000	      2125	80002c9c	00000013	addi	x0,x0,0	  x0:0x00000000
       21275000	      2126	80002ca0	00a161b3	or	x3,x2,x10	  x2:0x00000001 x10:0x0000088d  x3=0x0000088d
       21285000	      2127	80002ca4	4a6e8593	addi	x11,x29,1190	 x29:0x00000000 x11=0x000004a6
       21295000	      2128	80002ca8	ab217697	auipc	x13,0xab217	 x13=0x2b219ca4
       21305000	      2129	80002cac	015d9d93	slli	x27,x27,0x15	 x27:0x00000000 x27=0x00000000
       21315000	      2130	80002cb0	002bab33	slt	x22,x23,x2	 x23:0x0000088d  x2:0x00000001 x22=0x00000000
       21325000	      2131	80002cb4	00495313	srli	x6,x18,0x4	 x18:0x00000003  x6=0x00000000
       21335000	      2132	80002cb8	00000013	addi	x0,x0,0	  x0:0x00000000
       21345000	      2133	80002cbc	03227863	bgeu	x4,x18,80002cec	  x4:0x51efd8f0 x18:0x00000003
       21355000	      2134	00000000	00000013	addi	x0,x0,0	  x0:0x00000000
       21365000	      2135	80002ce8	00000013	addi	x0,x0,0	  x0:0x00000000
       21375000	      2136	80002cec	03de4463	blt	x28,x29,80002d14	 x28:0xfffff948 x29:0x00000000
       21385000	      2137	00000000	00000013	addi	x0,x0,0	  x0:0x00000000
       21395000	      2138	80002d10	00000013	addi	x0,x0,0	  x0:0x00000000
       21405000	      2139	80002d14	01cc7233	and	x4,x24,x28	 x24:0x00000000 x28:0xfffff948  x4=0x00000000
       21415000	      2140	80002d18	28f84b93	xori	x23,x16,655	 x16:0x00000000 x23=0x0000028f
       21425000	      2141	80002d1c	40370133	sub	x2,x14,x3	 x14:0xda61c8d4  x3:0x0000088d  x2=0xda61c047
       21435000	      2142	80002d20	a4026313	ori	x6,x4,-1472	  x4:0x00000000  x6=0xfffffa40
       21445000	      2143	80002d24	2a02cc13	xori	x24,x5,672	  x5:0x9ea5dbf0 x24=0x9ea5d950
       21455000	      2144	80002d28	015606b3	add	x13,x12,x21	 x12:0xffff94a0 x21:0x80009ec0 x13=0x80003360
       21465000	      2145	80002d2c	36a8c193	xori	x3,x17,874	 x17:0x00000000  x3=0x0000036a
       21475000	      2146	80002d30	011a4433	xor	x8,x20,x17	 x20:0xfffff9c6 x17:0x00000000  x8=0xfffff9c6
       21485000	      2147	80002d34	01ed8e33	add	x28,x27,x30	 x27:0x00000000 x30:0x80009f54 x28=0x80009f54
       21495000	      2148	80002d38	40025ab3	sra	x21,x4,x0	  x4:0x00000000  x0:0x00000000 x21=0x00000000
       21505000	      2149	80002d3c	05f25663	bge	x4,x31,80002d88	  x4:0x00000000 x31:0x00000800
       21515000	      2150	80002d40	0017c663	blt	x15,x1,80002d4c	 x15:0x00000880  x1:0xda61c8d4
       21525000	      2151	80002d44	04c89663	bne	x17,x12,80002d90	 x17:0x00000000 x12:0xffff94a0
       21535000	      2152	00000000	00000013	addi	x0,x0,0	  x0:0x00000000
       21545000	      2153	80002d8c	00000013	addi	x0,x0,0	  x0:0x00000000
       21555000	      2154	80002d90	56c28493	addi	x9,x5,1388	  x5:0x9ea5dbf0  x9=0x9ea5e15c
       21565000	      2155	80002d94	028c8e63	beq	x25,x8,80002dd0	 x25:0x80009fc4  x8:0xfffff9c6
       21575000	      2156	80002d98	ad6f4b93	xori	x23,x30,-1322	 x30:0x80009f54 x23=0x7fff6582
       21585000	      2157	80002d9c	056e7463	bgeu	x28,x22,80002de4	 x28:0x80009f54 x22:0x00000000
       21595000	      2158	00000000	00000013	addi	x0,x0,0	  x0:0x00000000
       21605000	      2159	80002de0	00000013	addi	x0,x0,0	  x0:0x00000000
       21615000	      2160	80002de4	40d1d993	srai	x19,x3,0xd	  x3:0x0000036a x19=0x00000000
       21625000	      2161	80002de8	a8c026b7	lui	x13,0xa8c02	 x13=0xa8c02000
       21635000	      2162	80002dec	1facfc13	andi	x24,x25,506	 x25:0x80009fc4 x24=0x000001c0
       21645000	      2163	80002df0	004eb5b3	sltu	x11,x29,x4	 x29:0x00000000  x4:0x00000000 x11=0x00000000
       21655000	      2164	80002df4	f0c4fb13	andi	x22,x9,-244	  x9:0x9ea5e15c x22=0x9ea5e10c
       21665000	      2165	80002df8	03eff263	bgeu	x31,x30,80002e1c	 x31:0x00000800 x30:0x80009f54
       21675000	      2166	80002dfc	01da9fb3	sll	x31,x21,x29	 x21:0x00000000 x29:0x00000000 x31=0x00000000
       21685000	      2167	80002e00	4141da93	srai	x21,x3,0x14	  x3:0x0000036a x21=0x00000000
       21695000	      2168	80002e04	8c10be13	sltiu	x28,x1,-1855	  x1:0xda61c8d4 x28=0x00000001
       21705000	      2169	80002e08	0046fc63	bgeu	x13,x4,80002e20	 x13:0xa8c02000  x4:0x00000000
       21715000	      2170	00000000	00000013	addi	x0,x0,0	  x0:0x00000000
       21725000	      2171	80002e1c	00000013	addi	x0,x0,0	  x0:0x00000000
       21735000	      2172	80002e20	41bfd213	srai	x4,x31,0x1b	 x31:0x00000000  x4=0x00000000
       21745000	      2173	80002e24	40d70fb3	sub	x31,x14,x13	 x14:0xda61c8d4 x13:0xa8c02000 x31=0x31a1a8d4
       21755000	      2174	80002e28	00000013	addi	x0,x0,0	  x0:0x00000000
       21765000	      2175	80002e2c	001d7333	and	x6,x26,x1	 x26:0x00000000  x1:0xda61c8d4  x6=0x00000000
       21775000	      2176	80002e30	c1f1b1b7	lui	x3,0xc1f1b	  x3=0xc1f1b000
       21785000	      2177	80002e34	40f5d233	sra	x4,x11,x15	 x11:0x00000000 x15:0x00000880  x4=0x00000000
       21795000	      2178	80002e38	5625b413	sltiu	x8,x11,1378	 x11:0x00000000  x8=0x00000001
       21805000	      2179	80002e3c	0055f8b3	and	x17,x11,x5	 x11:0x00000000  x5:0x9ea5dbf0 x17=0x00000000
       21815000	      2180	80002e40	c26be393	ori	x7,x23,-986	 x23:0x7fff6582  x7=0xfffffda6
       21825000	      2181	80002e44	0087e833	or	x16,x15,x8	 x15:0x00000880  x8:0x00000001 x16=0x00000881
       21835000	      2182	80002e48	e1423793	sltiu	x15,x4,-492	  x4:0x00000000 x15=0x00000001
       21845000	      2183	80002e4c	01dae733	or	x14,x21,x29	 x21:0x00000000 x29:0x00000000 x14=0x00000000
       21855000	      2184	80002e50	0088f9b3	and	x19,x17,x8	 x17:0x00000000  x8:0x00000001 x19=0x00000000
       21865000	      2185	80002e54	9868fb93	andi	x23,x17,-1658	 x17:0x00000000 x23=0x00000000
       21875000	      2186	80002e58	0041d263	bge	x3,x4,80002e5c	  x3:0xc1f1b000  x4:0x00000000
       21885000	      2187	80002e5c	4e198093	addi	x1,x19,1249	 x19:0x00000000  x1=0x000004e1
       21895000	      2188	80002e60	54353e13	sltiu	x28,x10,1347	 x10:0x0000088d x28=0x00000000
       21905000	      2189	80002e64	cc882d13	slti	x26,x16,-824	 x16:0x00000881 x26=0x00000000
       21915000	      2190	80002e68	02f79463	bne	x15,x15,80002e90	 x15:0x00000001 x15:0x00000001
       21925000	      2191	80002e6c	01037663	bgeu	x6,x16,80002e78	  x6:0x00000000 x16:0x00000881
       21935000	      2192	80002e70	02b39663	bne	x7,x11,80002e9c	  x7:0xfffffda6 x11:0x00000000
       21945000	      2193	00000000	00000013	addi	x0,x0,0	  x0:0x00000000
       21955000	      2194	80002e98	00000013	addi	x0,x0,0	  x0:0x00000000
       21965000	      2195	80002e9c	00782233	slt	x4,x16,x7	 x16:0x00000881  x7:0xfffffda6  x4=0x00000000
       21975000	      2196	80002ea0	004f2403	lw	x8,4(x30)	 x30:0x80009f54  x8=0x80000734 PA:0x80009f58
       21985000	      2197	80002ea4	c04b7893	andi	x17,x22,-1020	 x22:0x9ea5e10c x17=0x9ea5e004
       21995000	      2198	80002ea8	030f0f13	addi	x30,x30,48	 x30:0x80009f54 x30=0x80009f84
       22005000	      2199	80002eac	40195993	srai	x19,x18,0x1	 x18:0x00000003 x19=0x00000001
       22015000	      2200	80002eb0	01cb5033	srl	x0,x22,x28	 x22:0x9ea5e10c x28:0x00000000
       22025000	      2201	80002eb4	01165213	srli	x4,x12,0x11	 x12:0xffff94a0  x4=0x00007fff
       22035000	      2202	80002eb8	00079eb3	sll	x29,x15,x0	 x15:0x00000001  x0:0x00000000 x29=0x00000001
       22045000	      2203	80002ebc	00f20eb3	add	x29,x4,x15	  x4:0x00007fff x15:0x00000001 x29=0x00008000
       22055000	      2204	80002ec0	0002f133	and	x2,x5,x0	  x5:0x9ea5dbf0  x0:0x00000000  x2=0x00000000
       22065000	      2205	80002ec4	00040b93	addi	x23,x8,0	  x8:0x80000734 x23=0x80000734
       22075000	      2206	80002ec8	000b8be7	jalr	x23,x23,0	 x23:0x80000734 x23=0x80002ec8
       22085000	      2207	00000000	00000013	addi	x0,x0,0	  x0:0x00000000
       22095000	      2208	80000734	00000013	addi	x0,x0,0	  x0:0x00000000
       22105000	      2209	80000738	010660b3	or	x1,x12,x16	 x12:0xffff94a0 x16:0x00000881  x1=0xffff9ca1
       22115000	      2210	8000073c	ff700793	addi	x15,x0,-9	  x0:0x00000000 x15=0xfffffff7
       22125000	      2211	80000740	ff300893	addi	x17,x0,-13	  x0:0x00000000 x17=0xfffffff3
       22135000	      2212	80000744	01c3eb33	or	x22,x7,x28	  x7:0xfffffda6 x28:0x00000000 x22=0xfffffda6
       22145000	      2213	80000748	8fd76993	ori	x19,x14,-1795	 x14:0x00000000 x19=0xfffff8fd
       22155000	      2214	8000074c	ffd78793	addi	x15,x15,-3	 x15:0xfffffff7 x15=0xfffffff4
       22165000	      2215	80000750	00800513	addi	x10,x0,8	  x0:0x00000000 x10=0x00000008
       22175000	      2216	80000754	00800393	addi	x7,x0,8	  x0:0x00000000  x7=0x00000008
       22185000	      2217	80000758	f4e07e93	andi	x29,x0,-178	  x0:0x00000000 x29=0x00000000
       22195000	      2218	8000075c	ffb50513	addi	x10,x10,-5	 x10:0x00000008 x10=0x00000003
       22205000	      2219	80000760	fe757ce3	bgeu	x10,x7,80000758	 x10:0x00000003  x7:0x00000008
       22215000	      2220	80000764	ff17d2e3	bge	x15,x17,80000748	 x15:0xfffffff4 x17:0xfffffff3
       22225000	      2221	00000000	00000013	addi	x0,x0,0	  x0:0x00000000
       22235000	      2222	80000744	00000013	addi	x0,x0,0	  x0:0x00000000
       22245000	      2223	80000748	8fd76993	ori	x19,x14,-1795	 x14:0x00000000 x19=0xfffff8fd
       22255000	      2224	8000074c	ffd78793	addi	x15,x15,-3	 x15:0xfffffff4 x15=0xfffffff1
       22265000	      2225	80000750	00800513	addi	x10,x0,8	  x0:0x00000000 x10=0x00000008
       22275000	      2226	80000754	00800393	addi	x7,x0,8	  x0:0x00000000  x7=0x00000008
       22285000	      2227	80000758	f4e07e93	andi	x29,x0,-178	  x0:0x00000000 x29=0x00000000
       22295000	      2228	8000075c	ffb50513	addi	x10,x10,-5	 x10:0x00000008 x10=0x00000003
       22305000	      2229	80000760	fe757ce3	bgeu	x10,x7,80000758	 x10:0x00000003  x7:0x00000008
       22315000	      2230	80000764	ff17d2e3	bge	x15,x17,80000748	 x15:0xfffffff1 x17:0xfffffff3
       22325000	      2231	80000768	00935093	srli	x1,x6,0x9	  x6:0x00000000  x1=0x00000000
       22335000	      2232	8000076c	41e8d133	sra	x2,x17,x30	 x17:0xfffffff3 x30:0x80009f84  x2=0xffffffff
       22345000	      2233	80000770	00ea2eb3	slt	x29,x20,x14	 x20:0xfffff9c6 x14:0x00000000 x29=0x00000001
       22355000	      2234	80000774	00000013	addi	x0,x0,0	  x0:0x00000000
       22365000	      2235	80000778	0009bdb3	sltu	x27,x19,x0	 x19:0xfffff8fd  x0:0x00000000 x27=0x00000000
       22375000	      2236	8000077c	ea082837	lui	x16,0xea082	 x16=0xea082000
       22385000	      2237	80000780	412fddb3	sra	x27,x31,x18	 x31:0x31a1a8d4 x18:0x00000003 x27=0x0634351a
       22395000	      2238	80000784	968cc413	xori	x8,x25,-1688	 x25:0x80009fc4  x8=0x7fff66ac
       22405000	      2239	80000788	5018a013	slti	x0,x17,1281	 x17:0xfffffff3
       22415000	      2240	8000078c	04a1d863	bge	x3,x10,800007dc	  x3:0xc1f1b000 x10:0x00000003
       22425000	      2241	80000790	01a55333	srl	x6,x10,x26	 x10:0x00000003 x26:0x00000000  x6=0x00000003
       22435000	      2242	80000794	6a7f3693	sltiu	x13,x30,1703	 x30:0x80009f84 x13=0x00000000
       22445000	      2243	80000798	007c6a33	or	x20,x24,x7	 x24:0x000001c0  x7:0x00000008 x20=0x000001c8
       22455000	      2244	8000079c	00000013	addi	x0,x0,0	  x0:0x00000000
       22465000	      2245	800007a0	05838663	beq	x7,x24,800007ec	  x7:0x00000008 x24:0x000001c0
       22475000	      2246	800007a4	009064b3	or	x9,x0,x9	  x0:0x00000000  x9:0x9ea5e15c  x9=0x9ea5e15c
       22485000	      2247	800007a8	c9647313	andi	x6,x8,-874	  x8:0x7fff66ac  x6=0x7fff6484
       22495000	      2248	800007ac	02540863	beq	x8,x5,800007dc	  x8:0x7fff66ac  x5:0x9ea5dbf0
       22505000	      2249	800007b0	40a5d313	srai	x6,x11,0xa	 x11:0x00000000  x6=0x00000000
       22515000	      2250	800007b4	00e08133	add	x2,x1,x14	  x1:0x00000000 x14:0x00000000  x2=0x00000000
       22525000	      2251	800007b8	d616ed97	auipc	x27,0xd616e	 x27=0x5616e7b4
       22535000	      2252	800007bc	01eb6263	bltu	x22,x30,800007c0	 x22:0xfffffda6 x30:0x80009f84
       22545000	      2253	800007c0	00000013	addi	x0,x0,0	  x0:0x00000000
       22555000	      2254	800007c4	87f4f337	lui	x6,0x87f4f	  x6=0x87f4f000
       22565000	      2255	800007c8	26399a37	lui	x20,0x26399	 x20=0x26399000
       22575000	      2256	800007cc	45096e13	ori	x28,x18,1104	 x18:0x00000003 x28=0x00000453
       22585000	      2257	800007d0	00321eb3	sll	x29,x4,x3	  x4:0x00007fff  x3:0xc1f1b000 x29=0x00007fff
       22595000	      2258	800007d4	014c55b3	srl	x11,x24,x20	 x24:0x000001c0 x20:0x26399000 x11=0x000001c0
       22605000	      2259	800007d8	00000013	addi	x0,x0,0	  x0:0x00000000
       22615000	      2260	800007dc	00d97663	bgeu	x18,x13,800007e8	 x18:0x00000003 x13:0x00000000
       22625000	      2261	00000000	00000013	addi	x0,x0,0	  x0:0x00000000
       22635000	      2262	800007e4	00000013	addi	x0,x0,0	  x0:0x00000000
       22645000	      2263	800007e8	41b35db3	sra	x27,x6,x27	  x6:0x87f4f000 x27:0x5616e7b4 x27=0xfffff87f
       22655000	      2264	800007ec	00429833	sll	x16,x5,x4	  x5:0x9ea5dbf0  x4:0x00007fff x16=0x00000000
       22665000	      2265	800007f0	017e8e63	beq	x29,x23,8000080c	 x29:0x00007fff x23:0x80002ec8
       22675000	      2266	800007f4	405c5eb3	sra	x29,x24,x5	 x24:0x000001c0  x5:0x9ea5dbf0 x29=0x00000000
       22685000	      2267	800007f8	017866b3	or	x13,x16,x23	 x16:0x00000000 x23:0x80002ec8 x13=0x80002ec8
       22695000	      2268	800007fc	007b6863	bltu	x22,x7,8000080c	 x22:0xfffffda6  x7:0x00000008
       22705000	      2269	80000800	01aed663	bge	x29,x26,8000080c	 x29:0x00000000 x26:0x00000000
       22715000	      2270	00000000	00000013	addi	x0,x0,0	  x0:0x00000000
       22725000	      2271	80000808	00000013	addi	x0,x0,0	  x0:0x00000000
       22735000	      2272	8000080c	bd2763b7	lui	x7,0xbd276	  x7=0xbd276000
       22745000	      2273	80000810	03ef5663	bge	x30,x30,8000083c	 x30:0x80009f84 x30:0x80009f84
       22755000	      2274	00000000	00000013	addi	x0,x0,0	  x0:0x00000000
       22765000	      2275	80000838	00000013	addi	x0,x0,0	  x0:0x00000000
       22775000	      2276	8000083c	0075f3b3	and	x7,x11,x7	 x11:0x000001c0  x7:0xbd276000  x7=0x00000000
       22785000	      2277	80000840	01bc9493	slli	x9,x25,0x1b	 x25:0x80009fc4  x9=0x20000000
       22795000	      2278	80000844	d1f29c17	auipc	x24,0xd1f29	 x24=0x51f29840
       22805000	      2279	80000848	05631463	bne	x6,x22,80000890	  x6:0x87f4f000 x22:0xfffffda6
       22815000	      2280	00000000	00000013	addi	x0,x0,0	  x0:0x00000000
       22825000	      2281	8000088c	00000013	addi	x0,x0,0	  x0:0x00000000
       22835000	      2282	80000890	00447e63	bgeu	x8,x4,800008ac	  x8:0x7fff66ac  x4:0x00007fff
       22845000	      2283	00000000	00000013	addi	x0,x0,0	  x0:0x00000000
       22855000	      2284	800008a8	00000013	addi	x0,x0,0	  x0:0x00000000
       22865000	      2285	800008ac	031ef663	bgeu	x29,x17,800008d8	 x29:0x00000000 x17:0xfffffff3
       22875000	      2286	800008b0	ad08a5b7	lui	x11,0xad08a	 x11=0xad08a000
       22885000	      2287	800008b4	00ed68b3	or	x17,x26,x14	 x26:0x00000000 x14:0x00000000 x17=0x00000000
       22895000	      2288	800008b8	00ed9a93	slli	x21,x27,0xe	 x27:0xfffff87f x21=0xfe1fc000
       22905000	      2289	800008bc	03f66463	bltu	x12,x31,800008e4	 x12:0xffff94a0 x31:0x31a1a8d4
       22915000	      2290	800008c0	90b17413	andi	x8,x2,-1781	  x2:0x00000000  x8=0x00000000
       22925000	      2291	800008c4	00fc1093	slli	x1,x24,0xf	 x24:0x51f29840  x1=0x4c200000
       22935000	      2292	800008c8	007d7263	bgeu	x26,x7,800008cc	 x26:0x00000000  x7:0x00000000
       22945000	      2293	00000000	00000013	addi	x0,x0,0	  x0:0x00000000
       22955000	      2294	800008c8	00000013	addi	x0,x0,0	  x0:0x00000000
       22965000	      2295	800008cc	018cc663	blt	x25,x24,800008d8	 x25:0x80009fc4 x24:0x51f29840
       22975000	      2296	00000000	00000013	addi	x0,x0,0	  x0:0x00000000
       22985000	      2297	800008d4	00000013	addi	x0,x0,0	  x0:0x00000000
       22995000	      2298	800008d8	66d7b413	sltiu	x8,x15,1645	 x15:0xfffffff1  x8=0x00000000
       23005000	      2299	800008dc	70d76293	ori	x5,x14,1805	 x14:0x00000000  x5=0x0000070d
       23015000	      2300	800008e0	013fa3b3	slt	x7,x31,x19	 x31:0x31a1a8d4 x19:0xfffff8fd  x7=0x00000000
       23025000	      2301	800008e4	012ae263	bltu	x21,x18,800008e8	 x21:0xfe1fc000 x18:0x00000003
       23035000	      2302	800008e8	013159b3	srl	x19,x2,x19	  x2:0x00000000 x19:0xfffff8fd x19=0x00000000
       23045000	      2303	800008ec	00000013	addi	x0,x0,0	  x0:0x00000000
       23055000	      2304	800008f0	44c1eb13	ori	x22,x3,1100	  x3:0xc1f1b000 x22=0xc1f1b44c
       23065000	      2305	800008f4	410bd0b3	sra	x1,x23,x16	 x23:0x80002ec8 x16:0x00000000  x1=0x80002ec8
       23075000	      2306	800008f8	0020d6b3	srl	x13,x1,x2	  x1:0x80002ec8  x2:0x00000000 x13=0x80002ec8
       23085000	      2307	800008fc	005c5993	srli	x19,x24,0x5	 x24:0x51f29840 x19=0x028f94c2
       23095000	      2308	80000900	01619133	sll	x2,x3,x22	  x3:0xc1f1b000 x22:0xc1f1b44c  x2=0x1b000000
       23105000	      2309	80000904	40bb5e93	srai	x29,x22,0xb	 x22:0xc1f1b44c x29=0xfff83e36
       23115000	      2310	80000908	00021863	bne	x4,x0,80000918	  x4:0x00007fff  x0:0x00000000
       23125000	      2311	00000000	00000013	addi	x0,x0,0	  x0:0x00000000
       23135000	      2312	80000914	00000013	addi	x0,x0,0	  x0:0x00000000
       23145000	      2313	80000918	eaeb8e93	addi	x29,x23,-338	 x23:0x80002ec8 x29=0x80002d76
       23155000	      2314	8000091c	40940db3	sub	x27,x8,x9	  x8:0x00000000  x9:0x20000000 x27=0xe0000000
       23165000	      2315	80000920	300cb837	lui	x16,0x300cb	 x16=0x300cb000
       23175000	      2316	80000924	00000013	addi	x0,x0,0	  x0:0x00000000
       23185000	      2317	80000928	04357463	bgeu	x10,x3,80000970	 x10:0x00000003  x3:0xc1f1b000
       23195000	      2318	8000092c	00a75b13	srli	x22,x14,0xa	 x14:0x00000000 x22=0x00000000
       23205000	      2319	80000930	40045b13	srai	x22,x8,0x0	  x8:0x00000000 x22=0x00000000
       23215000	      2320	80000934	017bb8b3	sltu	x17,x23,x23	 x23:0x80002ec8 x23:0x80002ec8 x17=0x00000000
       23225000	      2321	80000938	9789a113	slti	x2,x19,-1672	 x19:0x028f94c2  x2=0x00000000
       23235000	      2322	8000093c	007c34b3	sltu	x9,x24,x7	 x24:0x51f29840  x7:0x00000000  x9=0x00000000
       23245000	      2323	80000940	c0426313	ori	x6,x4,-1020	  x4:0x00007fff  x6=0xffffffff
       23255000	      2324	80000944	00ca0663	beq	x20,x12,80000950	 x20:0x26399000 x12:0xffff94a0
       23265000	      2325	80000948	04a97663	bgeu	x18,x10,80000994	 x18:0x00000003 x10:0x00000003
       23275000	      2326	00000000	00000013	addi	x0,x0,0	  x0:0x00000000
       23285000	      2327	80000990	00000013	addi	x0,x0,0	  x0:0x00000000
       23295000	      2328	80000994	40d0ac13	slti	x24,x1,1037	  x1:0x80002ec8 x24=0x00000001
       23305000	      2329	80000998	2bc52013	slti	x0,x10,700	 x10:0x00000003
       23315000	      2330	8000099c	00fb1813	slli	x16,x22,0xf	 x22:0x00000000 x16=0x00000000
       23325000	      2331	800009a0	0122e533	or	x10,x5,x18	  x5:0x0000070d x18:0x00000003 x10=0x0000070f
       23335000	      2332	800009a4	4391ca13	xori	x20,x3,1081	  x3:0xc1f1b000 x20=0xc1f1b439
       23345000	      2333	800009a8	04e64663	blt	x12,x14,800009f4	 x12:0xffff94a0 x14:0x00000000
       23355000	      2334	00000000	00000013	addi	x0,x0,0	  x0:0x00000000
       23365000	      2335	800009f0	00000013	addi	x0,x0,0	  x0:0x00000000
       23375000	      2336	800009f4	011e5663	bge	x28,x17,80000a00	 x28:0x00000453 x17:0x00000000
       23385000	      2337	00000000	00000013	addi	x0,x0,0	  x0:0x00000000
       23395000	      2338	800009fc	00000013	addi	x0,x0,0	  x0:0x00000000
       23405000	      2339	80000a00	baf61237	lui	x4,0xbaf61	  x4=0xbaf61000
       23415000	      2340	80000a04	00d3e263	bltu	x7,x13,80000a08	  x7:0x00000000 x13:0x80002ec8
       23425000	      2341	00000000	00000013	addi	x0,x0,0	  x0:0x00000000
       23435000	      2342	80000a04	00000013	addi	x0,x0,0	  x0:0x00000000
       23445000	      2343	80000a08	7bfbbe13	sltiu	x28,x23,1983	 x23:0x80002ec8 x28=0x00000000
       23455000	      2344	80000a0c	011f9793	slli	x15,x31,0x11	 x31:0x31a1a8d4 x15=0x51a80000
       23465000	      2345	80000a10	01f31733	sll	x14,x6,x31	  x6:0xffffffff x31:0x31a1a8d4 x14=0xfff00000
       23475000	      2346	80000a14	01fcc533	xor	x10,x25,x31	 x25:0x80009fc4 x31:0x31a1a8d4 x10=0xb1a13710
       23485000	      2347	80000a18	046b9663	bne	x23,x6,80000a64	 x23:0x80002ec8  x6:0xffffffff
       23495000	      2348	00000000	00000013	addi	x0,x0,0	  x0:0x00000000
       23505000	      2349	80000a60	00000013	addi	x0,x0,0	  x0:0x00000000
       23515000	      2350	80000a64	00815663	bge	x2,x8,80000a70	  x2:0x00000000  x8:0x00000000
       23525000	      2351	00000000	00000013	addi	x0,x0,0	  x0:0x00000000
       23535000	      2352	80000a6c	00000013	addi	x0,x0,0	  x0:0x00000000
       23545000	      2353	80000a70	016a70b3	and	x1,x20,x22	 x20:0xc1f1b439 x22:0x00000000  x1=0x00000000
       23555000	      2354	80000a74	01efadb3	slt	x27,x31,x30	 x31:0x31a1a8d4 x30:0x80009f84 x27=0x00000000
       23565000	      2355	80000a78	01e14133	xor	x2,x2,x30	  x2:0x00000000 x30:0x80009f84  x2=0x80009f84
       23575000	      2356	80000a7c	01bb1b33	sll	x22,x22,x27	 x22:0x00000000 x27:0x00000000 x22=0x00000000
       23585000	      2357	80000a80	40d2d733	sra	x14,x5,x13	  x5:0x0000070d x13:0x80002ec8 x14=0x00000007
       23595000	      2358	80000a84	97932613	slti	x12,x6,-1671	  x6:0xffffffff x12=0x00000000
       23605000	      2359	80000a88	4f878013	addi	x0,x15,1272	 x15:0x51a80000
       23615000	      2360	80000a8c	01699193	slli	x3,x19,0x16	 x19:0x028f94c2  x3=0x30800000
       23625000	      2361	80000a90	01d98033	add	x0,x19,x29	 x19:0x028f94c2 x29:0x80002d76
       23635000	      2362	80000a94	003e1a33	sll	x20,x28,x3	 x28:0x00000000  x3:0x30800000 x20=0x00000000
       23645000	      2363	80000a98	4179dc13	srai	x24,x19,0x17	 x19:0x028f94c2 x24=0x00000005
       23655000	      2364	80000a9c	014a6733	or	x14,x20,x20	 x20:0x00000000 x20:0x00000000 x14=0x00000000
       23665000	      2365	80000aa0	1671fe93	andi	x29,x3,359	  x3:0x30800000 x29=0x00000000
       23675000	      2366	80000aa4	00169893	slli	x17,x13,0x1	 x13:0x80002ec8 x17=0x00005d90
       23685000	      2367	80000aa8	014ac463	blt	x21,x20,80000ab0	 x21:0xfe1fc000 x20:0x00000000
       23695000	      2368	00000000	00000013	addi	x0,x0,0	  x0:0x00000000
       23705000	      2369	80000aac	00000013	addi	x0,x0,0	  x0:0x00000000
       23715000	      2370	80000ab0	0024a233	slt	x4,x9,x2	  x9:0x00000000  x2:0x80009f84  x4=0x00000000
       23725000	      2371	80000ab4	010642b3	xor	x5,x12,x16	 x12:0x00000000 x16:0x00000000  x5=0x00000000
       23735000	      2372	80000ab8	01a05833	srl	x16,x0,x26	  x0:0x00000000 x26:0x00000000 x16=0x00000000
       23745000	      2373	80000abc	3c017813	andi	x16,x2,960	  x2:0x80009f84 x16=0x00000380
       23755000	      2374	80000ac0	401708b3	sub	x17,x14,x1	 x14:0x00000000  x1:0x00000000 x17=0x00000000
       23765000	      2375	80000ac4	d8df4093	xori	x1,x30,-627	 x30:0x80009f84  x1=0x7fff6209
       23775000	      2376	80000ac8	b4703093	sltiu	x1,x0,-1209	  x0:0x00000000  x1=0x00000001
       23785000	      2377	80000acc	40c1de33	sra	x28,x3,x12	  x3:0x30800000 x12:0x00000000 x28=0x30800000
       23795000	      2378	80000ad0	00e39e63	bne	x7,x14,80000aec	  x7:0x00000000 x14:0x00000000
       23805000	      2379	80000ad4	5305c793	xori	x15,x11,1328	 x11:0xad08a000 x15=0xad08a530
       23815000	      2380	80000ad8	19cc7797	auipc	x15,0x19cc7	 x15=0x99cc7ad4
       23825000	      2381	80000adc	01c04db3	xor	x27,x0,x28	  x0:0x00000000 x28:0x30800000 x27=0x30800000
       23835000	      2382	80000ae0	8447a793	slti	x15,x15,-1980	 x15:0x99cc7ad4 x15=0x00000001
       23845000	      2383	80000ae4	008406b3	add	x13,x8,x8	  x8:0x00000000  x8:0x00000000 x13=0x00000000
       23855000	      2384	80000ae8	01d10fb3	add	x31,x2,x29	  x2:0x80009f84 x29:0x00000000 x31=0x80009f84
       23865000	      2385	80000aec	35314393	xori	x7,x2,851	  x2:0x80009f84  x7=0x80009cd7
       23875000	      2386	80000af0	40035e33	sra	x28,x6,x0	  x6:0xffffffff  x0:0x00000000 x28=0xffffffff
       23885000	      2387	80000af4	01282d33	slt	x26,x16,x18	 x16:0x00000380 x18:0x00000003 x26=0x00000000
       23895000	      2388	80000af8	f0833393	sltiu	x7,x6,-248	  x6:0xffffffff  x7=0x00000000
       23905000	      2389	80000afc	012c3eb3	sltu	x29,x24,x18	 x24:0x00000005 x18:0x00000003 x29=0x00000000
       23915000	      2390	80000b00	00251b93	slli	x23,x10,0x2	 x10:0xb1a13710 x23=0xc684dc40
       23925000	      2391	80000b04	0119d313	srli	x6,x19,0x11	 x19:0x028f94c2  x6=0x00000147
       23935000	      2392	80000b08	17587713	andi	x14,x16,373	 x16:0x00000380 x14=0x00000100
       23945000	      2393	80000b0c	0069b033	sltu	x0,x19,x6	 x19:0x028f94c2  x6:0x00000147
       23955000	      2394	80000b10	4117d0b3	sra	x1,x15,x17	 x15:0x00000001 x17:0x00000000  x1=0x00000001
       23965000	      2395	80000b14	00e6a633	slt	x12,x13,x14	 x13:0x00000000 x14:0x00000100 x12=0x00000001
       23975000	      2396	80000b18	920ed897	auipc	x17,0x920ed	 x17=0x120edb14
       23985000	      2397	80000b1c	0094b733	sltu	x14,x9,x9	  x9:0x00000000  x9:0x00000000 x14=0x00000000
       23995000	      2398	80000b20	02376663	bltu	x14,x3,80000b4c	 x14:0x00000000  x3:0x30800000
       24005000	      2399	00000000	00000013	addi	x0,x0,0	  x0:0x00000000
       24015000	      2400	80000b48	00000013	addi	x0,x0,0	  x0:0x00000000
       24025000	      2401	80000b4c	01a414b3	sll	x9,x8,x26	  x8:0x00000000 x26:0x00000000  x9=0x00000000
       24035000	      2402	80000b50	00917033	and	x0,x2,x9	  x2:0x80009f84  x9:0x00000000
       24045000	      2403	80000b54	01377a33	and	x20,x14,x19	 x14:0x00000000 x19:0x028f94c2 x20=0x00000000
       24055000	      2404	80000b58	414889b3	sub	x19,x17,x20	 x17:0x120edb14 x20:0x00000000 x19=0x120edb14
       24065000	      2405	80000b5c	00a5fdb3	and	x27,x11,x10	 x11:0xad08a000 x10:0xb1a13710 x27=0xa1002000
       24075000	      2406	80000b60	016a9e33	sll	x28,x21,x22	 x21:0xfe1fc000 x22:0x00000000 x28=0xfe1fc000
       24085000	      2407	80000b64	00cdc863	blt	x27,x12,80000b74	 x27:0xa1002000 x12:0x00000001
       24095000	      2408	00000000	00000013	addi	x0,x0,0	  x0:0x00000000
       24105000	      2409	80000b70	00000013	addi	x0,x0,0	  x0:0x00000000
       24115000	      2410	80000b74	00daf663	bgeu	x21,x13,80000b80	 x21:0xfe1fc000 x13:0x00000000
       24125000	      2411	00000000	00000013	addi	x0,x0,0	  x0:0x00000000
       24135000	      2412	80000b7c	00000013	addi	x0,x0,0	  x0:0x00000000
       24145000	      2413	80000b80	0028c263	blt	x17,x2,80000b84	 x17:0x120edb14  x2:0x80009f84
       24155000	      2414	80000b84	d0c27b13	andi	x22,x4,-756	  x4:0x00000000 x22=0x00000000
       24165000	      2415	80000b88	00519333	sll	x6,x3,x5	  x3:0x30800000  x5:0x00000000  x6=0x30800000
       24175000	      2416	80000b8c	00404eb3	xor	x29,x0,x4	  x0:0x00000000  x4:0x00000000 x29=0x00000000
       24185000	      2417	80000b90	01f67263	bgeu	x12,x31,80000b94	 x12:0x00000001 x31:0x80009f84
       24195000	      2418	80000b94	008a6a63	bltu	x20,x8,80000ba8	 x20:0x00000000  x8:0x00000000
       24205000	      2419	80000b98	01de8eb3	add	x29,x29,x29	 x29:0x00000000 x29:0x00000000 x29=0x00000000
       24215000	      2420	80000b9c	007fceb3	xor	x29,x31,x7	 x31:0x80009f84  x7:0x00000000 x29=0x80009f84
       24225000	      2421	80000ba0	4e524993	xori	x19,x4,1253	  x4:0x00000000 x19=0x000004e5
       24235000	      2422	80000ba4	012d7263	bgeu	x26,x18,80000ba8	 x26:0x00000000 x18:0x00000003
       24245000	      2423	80000ba8	ad3e2313	slti	x6,x28,-1325	 x28:0xfe1fc000  x6=0x00000001
       24255000	      2424	80000bac	00000917	auipc	x18,0x0	 x18=0x80000ba8
       24265000	      2425	80000bb0	00c90913	addi	x18,x18,12	 x18:0x80000ba8 x18=0x80000bb4
       24275000	      2426	80000bb4	00090067	jalr	x0,x18,0	 x18:0x80000bb4
       24285000	      2427	00000000	00000013	addi	x0,x0,0	  x0:0x00000000
       24295000	      2428	80000bb4	00000013	addi	x0,x0,0	  x0:0x00000000
       24305000	      2429	80000bb8	00100193	addi	x3,x0,1	  x0:0x00000000  x3=0x00000001
       24315000	      2430	80000bbc	00000073	ecall	
       24325000	      2431	80000bc0	cdd14a13	xori	x20,x2,-803	  x2:0x80009f84 x20=0x7fff6359
