		Time			Cycle	PC		Insn	Decoded instruction	Register and memory contents
          65000	         5	80000004	00000293	addi	x5,x0,0	  x0:0x00000000  x5=0x00000000
          75000	         6	80000008	00000313	addi	x6,x0,0	  x0:0x00000000  x6=0x00000000
          85000	         7	8000000c	00628263	beq	x5,x6,80000010	  x5:0x00000000  x6:0x00000000
          95000	         8	00000000	00000013	addi	x0,x0,0	  x0:0x00000000
         105000	         9	8000000c	00000013	addi	x0,x0,0	  x0:0x00000000
         115000	        10	80000010	00000397	auipc	x7,0x0	  x7=0x8000000c
         125000	        11	80000014	00c38393	addi	x7,x7,12	  x7:0x8000000c  x7=0x80000018
         135000	        12	80000018	00038067	jalr	x0,x7,0	  x7:0x80000018
         145000	        13	00000000	00000013	addi	x0,x0,0	  x0:0x00000000
         155000	        14	80000018	00000013	addi	x0,x0,0	  x0:0x00000000
         165000	        15	8000001c	40000db7	lui	x27,0x40000	 x27=0x40000000
         175000	        16	80000020	100d8d93	addi	x27,x27,256	 x27:0x40000000 x27=0x40000100
         185000	        17	80000024	00000013	addi	x0,x0,0	  x0:0x00000000
         195000	        18	80000028	0000ac17	auipc	x24,0xa	 x24=0x8000a024
         205000	        19	8000002c	fa0c0c13	addi	x24,x24,-96	 x24:0x8000a024 x24=0x80009fc4
         215000	        20	80000030	00003d97	auipc	x27,0x3	 x27=0x8000302c
         225000	        21	80000034	facd8d93	addi	x27,x27,-84	 x27:0x8000302c x27=0x80002fd8
         235000	        22	80000038	000ded93	ori	x27,x27,0	 x27:0x80002fd8 x27=0x80002fd8
         245000	        23	8000003c	00000013	addi	x0,x0,0	  x0:0x00000000
         255000	        24	80000040	00000d97	auipc	x27,0x0	 x27=0x8000003c
         265000	        25	80000044	020d8d93	addi	x27,x27,32	 x27:0x8000003c x27=0x8000005c
         275000	        26	80000048	00000013	addi	x0,x0,0	  x0:0x00000000
         285000	        27	8000004c	00000013	addi	x0,x0,0	  x0:0x00000000
         295000	        28	80000050	00002db7	lui	x27,0x2	 x27=0x00002000
         305000	        29	80000054	800d8d93	addi	x27,x27,-2048	 x27:0x00002000 x27=0x00001800
         315000	        30	80000058	00000013	addi	x0,x0,0	  x0:0x00000000
         325000	        31	8000005c	00000013	addi	x0,x0,0	  x0:0x00000000
         335000	        32	80000060	f9287037	lui	x0,0xf9287	
         345000	        33	80000064	8c400013	addi	x0,x0,-1852	  x0:0x00000000
         355000	        34	80000068	fece20b7	lui	x1,0xfece2	  x1=0xfece2000
         365000	        35	8000006c	ad108093	addi	x1,x1,-1327	  x1:0xfece2000  x1=0xfece1ad1
         375000	        36	80000070	80000137	lui	x2,0x80000	  x2=0x80000000
         385000	        37	80000074	00000193	addi	x3,x0,0	  x0:0x00000000  x3=0x00000000
         395000	        38	80000078	00c00293	addi	x5,x0,12	  x0:0x00000000  x5=0x0000000c
         405000	        39	8000007c	f5e55337	lui	x6,0xf5e55	  x6=0xf5e55000
         415000	        40	80000080	69f30313	addi	x6,x6,1695	  x6:0xf5e55000  x6=0xf5e5569f
         425000	        41	80000084	800003b7	lui	x7,0x80000	  x7=0x80000000
         435000	        42	80000088	f5bdf437	lui	x8,0xf5bdf	  x8=0xf5bdf000
         445000	        43	8000008c	9d440413	addi	x8,x8,-1580	  x8:0xf5bdf000  x8=0xf5bde9d4
         455000	        44	80000090	1fcc64b7	lui	x9,0x1fcc6	  x9=0x1fcc6000
         465000	        45	80000094	70248493	addi	x9,x9,1794	  x9:0x1fcc6000  x9=0x1fcc6702
         475000	        46	80000098	00000513	addi	x10,x0,0	  x0:0x00000000 x10=0x00000000
         485000	        47	8000009c	630bd5b7	lui	x11,0x630bd	 x11=0x630bd000
         495000	        48	800000a0	59758593	addi	x11,x11,1431	 x11:0x630bd000 x11=0x630bd597
         505000	        49	800000a4	f58c9637	lui	x12,0xf58c9	 x12=0xf58c9000
         515000	        50	800000a8	1cc60613	addi	x12,x12,460	 x12:0xf58c9000 x12=0xf58c91cc
         525000	        51	800000ac	00000693	addi	x13,x0,0	  x0:0x00000000 x13=0x00000000
         535000	        52	800000b0	e3d86737	lui	x14,0xe3d86	 x14=0xe3d86000
         545000	        53	800000b4	6fa70713	addi	x14,x14,1786	 x14:0xe3d86000 x14=0xe3d866fa
         555000	        54	800000b8	5c2a37b7	lui	x15,0x5c2a3	 x15=0x5c2a3000
         565000	        55	800000bc	a5f78793	addi	x15,x15,-1441	 x15:0x5c2a3000 x15=0x5c2a2a5f
         575000	        56	800000c0	fcfbd837	lui	x16,0xfcfbd	 x16=0xfcfbd000
         585000	        57	800000c4	f9780813	addi	x16,x16,-105	 x16:0xfcfbd000 x16=0xfcfbcf97
         595000	        58	800000c8	00000893	addi	x17,x0,0	  x0:0x00000000 x17=0x00000000
         605000	        59	800000cc	00600913	addi	x18,x0,6	  x0:0x00000000 x18=0x00000006
         615000	        60	800000d0	800009b7	lui	x19,0x80000	 x19=0x80000000
         625000	        61	800000d4	42be0a37	lui	x20,0x42be0	 x20=0x42be0000
         635000	        62	800000d8	cb4a0a13	addi	x20,x20,-844	 x20:0x42be0000 x20=0x42bdfcb4
         645000	        63	800000dc	f7517ab7	lui	x21,0xf7517	 x21=0xf7517000
         655000	        64	800000e0	0dfa8a93	addi	x21,x21,223	 x21:0xf7517000 x21=0xf75170df
         665000	        65	800000e4	00000b13	addi	x22,x0,0	  x0:0x00000000 x22=0x00000000
         675000	        66	800000e8	80000bb7	lui	x23,0x80000	 x23=0x80000000
         685000	        67	800000ec	f2e51cb7	lui	x25,0xf2e51	 x25=0xf2e51000
         695000	        68	800000f0	2c7c8c93	addi	x25,x25,711	 x25:0xf2e51000 x25=0xf2e512c7
         705000	        69	800000f4	00900d13	addi	x26,x0,9	  x0:0x00000000 x26=0x00000009
         715000	        70	800000f8	00f00d93	addi	x27,x0,15	  x0:0x00000000 x27=0x0000000f
         725000	        71	800000fc	55259e37	lui	x28,0x55259	 x28=0x55259000
         735000	        72	80000100	c8ee0e13	addi	x28,x28,-882	 x28:0x55259000 x28=0x55258c8e
         745000	        73	80000104	00700e93	addi	x29,x0,7	  x0:0x00000000 x29=0x00000007
         755000	        74	80000108	80000f37	lui	x30,0x80000	 x30=0x80000000
         765000	        75	8000010c	00000f93	addi	x31,x0,0	  x0:0x00000000 x31=0x00000000
         775000	        76	80000110	0000a217	auipc	x4,0xa	  x4=0x8000a10c
         785000	        77	80000114	e7820213	addi	x4,x4,-392	  x4:0x8000a10c  x4=0x80009f84
         795000	        78	80000118	00a00e13	addi	x28,x0,10	  x0:0x00000000 x28=0x0000000a
         805000	        79	8000011c	b1443293	sltiu	x5,x8,-1260	  x8:0xf5bde9d4  x5=0x00000001
         815000	        80	80000120	003e3f33	sltu	x30,x28,x3	 x28:0x0000000a  x3:0x00000000 x30=0x00000000
         825000	        81	80000124	009d1413	slli	x8,x26,0x9	 x26:0x00000009  x8=0x00001200
         835000	        82	80000128	006719b3	sll	x19,x14,x6	 x14:0xe3d866fa  x6:0xf5e5569f x19=0x00000000
         845000	        83	8000012c	081be037	lui	x0,0x81be	
         855000	        84	80000130	64998713	addi	x14,x19,1609	 x19:0x00000000 x14=0x00000649
         865000	        85	80000134	007e1733	sll	x14,x28,x7	 x28:0x0000000a  x7:0x80000000 x14=0x0000000a
         875000	        86	80000138	00d00b13	addi	x22,x0,13	  x0:0x00000000 x22=0x0000000d
         885000	        87	8000013c	00000013	addi	x0,x0,0	  x0:0x00000000
         895000	        88	80000140	0176e0b3	or	x1,x13,x23	 x13:0x00000000 x23:0x80000000  x1=0x80000000
         905000	        89	80000144	009e0e13	addi	x28,x28,9	 x28:0x0000000a x28=0x00000013
         915000	        90	80000148	01c60933	add	x18,x12,x28	 x12:0xf58c91cc x28:0x00000013 x18=0xf58c91df
         925000	        91	8000014c	0043cab3	xor	x21,x7,x4	  x7:0x80000000  x4:0x80009f84 x21=0x00009f84
         935000	        92	80000150	01cb6133	or	x2,x22,x28	 x22:0x0000000d x28:0x00000013  x2=0x0000001f
         945000	        93	80000154	52d07313	andi	x6,x0,1325	  x0:0x00000000  x6=0x00000000
         955000	        94	80000158	ff6e62e3	bltu	x28,x22,8000013c	 x28:0x00000013 x22:0x0000000d
         965000	        95	8000015c	40b7dab3	sra	x21,x15,x11	 x15:0x5c2a2a5f x11:0x630bd597 x21=0x000000b8
         975000	        96	80000160	00900813	addi	x16,x0,9	  x0:0x00000000 x16=0x00000009
         985000	        97	80000164	00900493	addi	x9,x0,9	  x0:0x00000000  x9=0x00000009
         995000	        98	80000168	60a83f93	sltiu	x31,x16,1546	 x16:0x00000009 x31=0x00000001
        1005000	        99	8000016c	ffe80813	addi	x16,x16,-2	 x16:0x00000009 x16=0x00000007
        1015000	       100	80000170	01413bb3	sltu	x23,x2,x20	  x2:0x0000001f x20:0x42bdfcb4 x23=0x00000001
        1025000	       101	80000174	ff900613	addi	x12,x0,-7	  x0:0x00000000 x12=0xfffffff9
        1035000	       102	80000178	01200193	addi	x3,x0,18	  x0:0x00000000  x3=0x00000012
        1045000	       103	8000017c	b4147713	andi	x14,x8,-1215	  x8:0x00001200 x14=0x00001200
        1055000	       104	80000180	56fd8993	addi	x19,x27,1391	 x27:0x0000000f x19=0x0000057e
        1065000	       105	80000184	00660613	addi	x12,x12,6	 x12:0xfffffff9 x12=0xffffffff
        1075000	       106	80000188	fe366ae3	bltu	x12,x3,8000017c	 x12:0xffffffff  x3:0x00000012
        1085000	       107	8000018c	fc987ee3	bgeu	x16,x9,80000168	 x16:0x00000007  x9:0x00000009
        1095000	       108	80000190	1edf7e93	andi	x29,x30,493	 x30:0x00000000 x29=0x00000000
        1105000	       109	80000194	00600b93	addi	x23,x0,6	  x0:0x00000000 x23=0x00000006
        1115000	       110	80000198	30278713	addi	x14,x15,770	 x15:0x5c2a2a5f x14=0x5c2a2d61
        1125000	       111	8000019c	005c2633	slt	x12,x24,x5	 x24:0x80009fc4  x5:0x00000001 x12=0x00000001
        1135000	       112	800001a0	00000013	addi	x0,x0,0	  x0:0x00000000
        1145000	       113	800001a4	00b00913	addi	x18,x0,11	  x0:0x00000000 x18=0x0000000b
        1155000	       114	800001a8	e84fc713	xori	x14,x31,-380	 x31:0x00000001 x14=0xfffffe85
        1165000	       115	800001ac	ed222f93	slti	x31,x4,-302	  x4:0x80009f84 x31=0x00000001
        1175000	       116	800001b0	008b8b93	addi	x23,x23,8	 x23:0x00000006 x23=0x0000000e
        1185000	       117	800001b4	01db59b3	srl	x19,x22,x29	 x22:0x0000000d x29:0x00000000 x19=0x0000000d
        1195000	       118	800001b8	00200693	addi	x13,x0,2	  x0:0x00000000 x13=0x00000002
        1205000	       119	800001bc	00f00193	addi	x3,x0,15	  x0:0x00000000  x3=0x0000000f
        1215000	       120	800001c0	a4c7cc97	auipc	x25,0xa4c7c	 x25=0x24c7c1bc
        1225000	       121	800001c4	00707033	and	x0,x0,x7	  x0:0x00000000  x7:0x80000000
        1235000	       122	800001c8	49210f93	addi	x31,x2,1170	  x2:0x0000001f x31=0x000004b1
        1245000	       123	800001cc	00a68693	addi	x13,x13,10	 x13:0x00000002 x13=0x0000000c
        1255000	       124	800001d0	fe36cce3	blt	x13,x3,800001c8	 x13:0x0000000c  x3:0x0000000f
        1265000	       125	00000000	00000013	addi	x0,x0,0	  x0:0x00000000
        1275000	       126	800001c4	00000013	addi	x0,x0,0	  x0:0x00000000
        1285000	       127	800001c8	49210f93	addi	x31,x2,1170	  x2:0x0000001f x31=0x000004b1
        1295000	       128	800001cc	00a68693	addi	x13,x13,10	 x13:0x0000000c x13=0x00000016
        1305000	       129	800001d0	fe36cce3	blt	x13,x3,800001c8	 x13:0x00000016  x3:0x0000000f
        1315000	       130	800001d4	67d94413	xori	x8,x18,1661	 x18:0x0000000b  x8=0x00000676
        1325000	       131	800001d8	a65649b7	lui	x19,0xa6564	 x19=0xa6564000
        1335000	       132	800001dc	fd2be8e3	bltu	x23,x18,800001ac	 x23:0x0000000e x18:0x0000000b
        1345000	       133	800001e0	b2f0f0b7	lui	x1,0xb2f0f	  x1=0xb2f0f000
        1355000	       134	800001e4	019e9fb3	sll	x31,x29,x25	 x29:0x00000000 x25:0x24c7c1bc x31=0x00000000
        1365000	       135	800001e8	00dd1833	sll	x16,x26,x13	 x26:0x00000009 x13:0x00000016 x16=0x02400000
        1375000	       136	800001ec	0120d4b3	srl	x9,x1,x18	  x1:0xb2f0f000 x18:0x0000000b  x9=0x00165e1e
        1385000	       137	800001f0	01a1b6b3	sltu	x13,x3,x26	  x3:0x0000000f x26:0x00000009 x13=0x00000000
        1395000	       138	800001f4	00000013	addi	x0,x0,0	  x0:0x00000000
        1405000	       139	800001f8	00161493	slli	x9,x12,0x1	 x12:0x00000001  x9=0x00000002
        1415000	       140	800001fc	6b186293	ori	x5,x16,1713	 x16:0x02400000  x5=0x024006b1
        1425000	       141	80000200	28ee8793	addi	x15,x29,654	 x29:0x00000000 x15=0x0000028e
        1435000	       142	80000204	0151ccb3	xor	x25,x3,x21	  x3:0x0000000f x21:0x000000b8 x25=0x000000b7
        1445000	       143	80000208	00000013	addi	x0,x0,0	  x0:0x00000000
        1455000	       144	8000020c	0047c663	blt	x15,x4,80000218	 x15:0x0000028e  x4:0x80009f84
        1465000	       145	80000210	00919d93	slli	x27,x3,0x9	  x3:0x0000000f x27=0x00001e00
        1475000	       146	80000214	05418463	beq	x3,x20,8000025c	  x3:0x0000000f x20:0x42bdfcb4
        1485000	       147	80000218	40bbd713	srai	x14,x23,0xb	 x23:0x0000000e x14=0x00000000
        1495000	       148	8000021c	01546663	bltu	x8,x21,80000228	  x8:0x00000676 x21:0x000000b8
        1505000	       149	80000220	052df913	andi	x18,x27,82	 x27:0x00001e00 x18=0x00000000
        1515000	       150	80000224	41905333	sra	x6,x0,x25	  x0:0x00000000 x25:0x000000b7  x6=0x00000000
        1525000	       151	80000228	47e71bb7	lui	x23,0x47e71	 x23=0x47e71000
        1535000	       152	8000022c	00eae863	bltu	x21,x14,8000023c	 x21:0x000000b8 x14:0x00000000
        1545000	       153	80000230	406708b3	sub	x17,x14,x6	 x14:0x00000000  x6:0x00000000 x17=0x00000000
        1555000	       154	80000234	02e35a63	bge	x6,x14,80000268	  x6:0x00000000 x14:0x00000000
        1565000	       155	00000000	00000013	addi	x0,x0,0	  x0:0x00000000
        1575000	       156	80000264	00000013	addi	x0,x0,0	  x0:0x00000000
        1585000	       157	80000268	67d7ca93	xori	x21,x15,1661	 x15:0x0000028e x21=0x000004f3
        1595000	       158	8000026c	01207a63	bgeu	x0,x18,80000280	  x0:0x00000000 x18:0x00000000
        1605000	       159	00000000	00000013	addi	x0,x0,0	  x0:0x00000000
        1615000	       160	8000027c	00000013	addi	x0,x0,0	  x0:0x00000000
        1625000	       161	80000280	416c0433	sub	x8,x24,x22	 x24:0x80009fc4 x22:0x0000000d  x8=0x80009fb7
        1635000	       162	80000284	03717e63	bgeu	x2,x23,800002c0	  x2:0x0000001f x23:0x47e71000
        1645000	       163	80000288	0187de93	srli	x29,x15,0x18	 x15:0x0000028e x29=0x00000000
        1655000	       164	8000028c	01ed1193	slli	x3,x26,0x1e	 x26:0x00000009  x3=0x40000000
        1665000	       165	80000290	00000013	addi	x0,x0,0	  x0:0x00000000
        1675000	       166	80000294	41875733	sra	x14,x14,x24	 x14:0x00000000 x24:0x80009fc4 x14=0x00000000
        1685000	       167	80000298	a1517f13	andi	x30,x2,-1515	  x2:0x0000001f x30=0x00000015
        1695000	       168	8000029c	0078db93	srli	x23,x17,0x7	 x17:0x00000000 x23=0x00000000
        1705000	       169	800002a0	6bc63d13	sltiu	x26,x12,1724	 x12:0x00000001 x26=0x00000001
        1715000	       170	800002a4	417d5f13	srai	x30,x26,0x17	 x26:0x00000001 x30=0x00000000
        1725000	       171	800002a8	0274f063	bgeu	x9,x7,800002c8	  x9:0x00000002  x7:0x80000000
        1735000	       172	800002ac	12963c93	sltiu	x25,x12,297	 x12:0x00000001 x25=0x00000001
        1745000	       173	800002b0	0126a1b3	slt	x3,x13,x18	 x13:0x00000000 x18:0x00000000  x3=0x00000000
        1755000	       174	800002b4	028b5c63	bge	x22,x8,800002ec	 x22:0x0000000d  x8:0x80009fb7
        1765000	       175	00000000	00000013	addi	x0,x0,0	  x0:0x00000000
        1775000	       176	800002e8	00000013	addi	x0,x0,0	  x0:0x00000000
        1785000	       177	800002ec	bc2be413	ori	x8,x23,-1086	 x23:0x00000000  x8=0xfffffbc2
        1795000	       178	800002f0	05d31263	bne	x6,x29,80000334	  x6:0x00000000 x29:0x00000000
        1805000	       179	800002f4	01323f33	sltu	x30,x4,x19	  x4:0x80009f84 x19:0xa6564000 x30=0x00000001
        1815000	       180	800002f8	d717f313	andi	x6,x15,-655	 x15:0x0000028e  x6=0x00000000
        1825000	       181	800002fc	535c0793	addi	x15,x24,1333	 x24:0x80009fc4 x15=0x8000a4f9
        1835000	       182	80000300	0066bb33	sltu	x22,x13,x6	 x13:0x00000000  x6:0x00000000 x22=0x00000000
        1845000	       183	80000304	013e9193	slli	x3,x29,0x13	 x29:0x00000000  x3=0x00000000
        1855000	       184	80000308	3a21bf13	sltiu	x30,x3,930	  x3:0x00000000 x30=0x00000001
        1865000	       185	8000030c	3c1a19b7	lui	x19,0x3c1a1	 x19=0x3c1a1000
        1875000	       186	80000310	409504b3	sub	x9,x10,x9	 x10:0x00000000  x9:0x00000002  x9=0xfffffffe
        1885000	       187	80000314	01589a63	bne	x17,x21,80000328	 x17:0x00000000 x21:0x000004f3
        1895000	       188	00000000	00000013	addi	x0,x0,0	  x0:0x00000000
        1905000	       189	80000324	00000013	addi	x0,x0,0	  x0:0x00000000
        1915000	       190	80000328	40d1dcb3	sra	x25,x3,x13	  x3:0x00000000 x13:0x00000000 x25=0x00000000
        1925000	       191	8000032c	005e5f13	srli	x30,x28,0x5	 x28:0x00000013 x30=0x00000000
        1935000	       192	80000330	04fbf063	bgeu	x23,x15,80000370	 x23:0x00000000 x15:0x8000a4f9
        1945000	       193	80000334	018c2633	slt	x12,x24,x24	 x24:0x80009fc4 x24:0x80009fc4 x12=0x00000000
        1955000	       194	80000338	09d3dab7	lui	x21,0x9d3d	 x21=0x09d3d000
        1965000	       195	8000033c	056d4063	blt	x26,x22,8000037c	 x26:0x00000001 x22:0x00000000
        1975000	       196	80000340	011cd513	srli	x10,x25,0x11	 x25:0x00000000 x10=0x00000000
        1985000	       197	80000344	01619a33	sll	x20,x3,x22	  x3:0x00000000 x22:0x00000000 x20=0x00000000
        1995000	       198	80000348	00000013	addi	x0,x0,0	  x0:0x00000000
        2005000	       199	8000034c	01b7ebb3	or	x23,x15,x27	 x15:0x8000a4f9 x27:0x00001e00 x23=0x8000bef9
        2015000	       200	80000350	580ee313	ori	x6,x29,1408	 x29:0x00000000  x6=0x00000580
        2025000	       201	80000354	023e9e63	bne	x29,x3,80000390	 x29:0x00000000  x3:0x00000000
        2035000	       202	80000358	005d9e93	slli	x29,x27,0x5	 x27:0x00001e00 x29=0x0003c000
        2045000	       203	8000035c	00131b33	sll	x22,x6,x1	  x6:0x00000580  x1:0xb2f0f000 x22=0x00000580
        2055000	       204	80000360	f256c093	xori	x1,x13,-219	 x13:0x00000000  x1=0xffffff25
        2065000	       205	80000364	b3b4ac93	slti	x25,x9,-1221	  x9:0xfffffffe x25=0x00000000
        2075000	       206	80000368	05eb0863	beq	x22,x30,800003b8	 x22:0x00000580 x30:0x00000000
        2085000	       207	8000036c	00b0dab3	srl	x21,x1,x11	  x1:0xffffff25 x11:0x630bd597 x21=0x000001ff
        2095000	       208	80000370	01971a63	bne	x14,x25,80000384	 x14:0x00000000 x25:0x00000000
        2105000	       209	80000374	01888c63	beq	x17,x24,8000038c	 x17:0x00000000 x24:0x80009fc4
        2115000	       210	80000378	0182c263	blt	x5,x24,8000037c	  x5:0x024006b1 x24:0x80009fc4
        2125000	       211	8000037c	2bc33493	sltiu	x9,x6,700	  x6:0x00000580  x9=0x00000000
        2135000	       212	80000380	00ed7433	and	x8,x26,x14	 x26:0x00000001 x14:0x00000000  x8=0x00000000
        2145000	       213	80000384	d0428d93	addi	x27,x5,-764	  x5:0x024006b1 x27=0x024003b5
        2155000	       214	80000388	de451037	lui	x0,0xde451	
        2165000	       215	8000038c	aef5e593	ori	x11,x11,-1297	 x11:0x630bd597 x11=0xffffffff
        2175000	       216	80000390	3fe0acb7	lui	x25,0x3fe0a	 x25=0x3fe0a000
        2185000	       217	80000394	01ba8c63	beq	x21,x27,800003ac	 x21:0x000001ff x27:0x024003b5
        2195000	       218	80000398	030f9663	bne	x31,x16,800003c4	 x31:0x00000000 x16:0x02400000
        2205000	       219	00000000	00000013	addi	x0,x0,0	  x0:0x00000000
        2215000	       220	800003c0	00000013	addi	x0,x0,0	  x0:0x00000000
        2225000	       221	800003c4	0fb88f93	addi	x31,x17,251	 x17:0x00000000 x31=0x000000fb
        2235000	       222	800003c8	00d61a63	bne	x12,x13,800003dc	 x12:0x00000000 x13:0x00000000
        2245000	       223	800003cc	49ef7e17	auipc	x28,0x49ef7	 x28=0xc9ef73c8
        2255000	       224	800003d0	41d9da93	srai	x21,x19,0x1d	 x19:0x3c1a1000 x21=0x00000001
        2265000	       225	800003d4	7135ed13	ori	x26,x11,1811	 x11:0xffffffff x26=0xffffffff
        2275000	       226	800003d8	40560733	sub	x14,x12,x5	 x12:0x00000000  x5:0x024006b1 x14=0xfdbff94f
        2285000	       227	800003dc	6658c117	auipc	x2,0x6658c	  x2=0xe658c3d8
        2295000	       228	800003e0	34697293	andi	x5,x18,838	 x18:0x00000000  x5=0x00000000
        2305000	       229	800003e4	01829413	slli	x8,x5,0x18	  x5:0x00000000  x8=0x00000000
        2315000	       230	800003e8	d7b9bb93	sltiu	x23,x19,-645	 x19:0x3c1a1000 x23=0x00000001
        2325000	       231	800003ec	00269e93	slli	x29,x13,0x2	 x13:0x00000000 x29=0x00000000
        2335000	       232	800003f0	00838d33	add	x26,x7,x8	  x7:0x80000000  x8:0x00000000 x26=0x80000000
        2345000	       233	800003f4	01d09f13	slli	x30,x1,0x1d	  x1:0xffffff25 x30=0xa0000000
        2355000	       234	800003f8	1e1ea813	slti	x16,x29,481	 x29:0x00000000 x16=0x00000001
        2365000	       235	800003fc	0075ea63	bltu	x11,x7,80000410	 x11:0xffffffff  x7:0x80000000
        2375000	       236	80000400	00125a63	bge	x4,x1,80000414	  x4:0x80009f84  x1:0xffffff25
        2385000	       237	80000404	002e1033	sll	x0,x28,x2	 x28:0xc9ef73c8  x2:0xe658c3d8
        2395000	       238	80000408	c45b0b17	auipc	x22,0xc45b0	 x22=0x445b0404
        2405000	       239	8000040c	015b8833	add	x16,x23,x21	 x23:0x00000001 x21:0x00000001 x16=0x00000002
        2415000	       240	80000410	00fa0263	beq	x20,x15,80000414	 x20:0x00000000 x15:0x8000a4f9
        2425000	       241	80000414	016f8a33	add	x20,x31,x22	 x31:0x000000fb x22:0x445b0404 x20=0x445b04ff
        2435000	       242	80000418	281880b7	lui	x1,0x28188	  x1=0x28188000
        2445000	       243	8000041c	7d08c0b7	lui	x1,0x7d08c	  x1=0x7d08c000
        2455000	       244	80000420	013398b3	sll	x17,x7,x19	  x7:0x80000000 x19:0x3c1a1000 x17=0x80000000
        2465000	       245	80000424	00e0f0b3	and	x1,x1,x14	  x1:0x7d08c000 x14:0xfdbff94f  x1=0x7d08c000
        2475000	       246	80000428	0067f533	and	x10,x15,x6	 x15:0x8000a4f9  x6:0x00000580 x10=0x00000480
        2485000	       247	8000042c	09e3f313	andi	x6,x7,158	  x7:0x80000000  x6=0x00000000
        2495000	       248	80000430	c353e013	ori	x0,x7,-971	  x7:0x80000000
        2505000	       249	80000434	0103c633	xor	x12,x7,x16	  x7:0x80000000 x16:0x00000002 x12=0x80000002
        2515000	       250	80000438	0613c863	blt	x7,x1,800004a8	  x7:0x80000000  x1:0x7d08c000
        2525000	       251	00000000	00000013	addi	x0,x0,0	  x0:0x00000000
        2535000	       252	800004a4	00000013	addi	x0,x0,0	  x0:0x00000000
        2545000	       253	800004a8	003b1113	slli	x2,x22,0x3	 x22:0x445b0404  x2=0x22d82020
        2555000	       254	800004ac	199a2d13	slti	x26,x20,409	 x20:0x445b04ff x26=0x00000000
        2565000	       255	800004b0	40540533	sub	x10,x8,x5	  x8:0x00000000  x5:0x00000000 x10=0x00000000
        2575000	       256	800004b4	31348113	addi	x2,x9,787	  x9:0x00000000  x2=0x00000313
        2585000	       257	800004b8	00000397	auipc	x7,0x0	  x7=0x800004b4
        2595000	       258	800004bc	00c38393	addi	x7,x7,12	  x7:0x800004b4  x7=0x800004c0
        2605000	       259	800004c0	00038067	jalr	x0,x7,0	  x7:0x800004c0
        2615000	       260	00000000	00000013	addi	x0,x0,0	  x0:0x00000000
        2625000	       261	800004c0	00000013	addi	x0,x0,0	  x0:0x00000000
        2635000	       262	800004c4	00100193	addi	x3,x0,1	  x0:0x00000000  x3=0x00000001
        2645000	       263	800004c8	00000073	ecall	
        2655000	       264	800004cc	c68c4d97	auipc	x27,0xc68c4	 x27=0x468c44c8
