		Time			Cycle	PC		Insn	Decoded instruction	Register and memory contents
          65000	         5	80000004	00000293	addi	x5,x0,0	  x0:0x00000000  x5=0x00000000
          75000	         6	80000008	00000313	addi	x6,x0,0	  x0:0x00000000  x6=0x00000000
          85000	         7	8000000c	00628263	beq	x5,x6,80000010	  x5:0x00000000  x6:0x00000000
          95000	         8	00000000	00000013	addi	x0,x0,0	  x0:0x00000000
         105000	         9	8000000c	00000013	addi	x0,x0,0	  x0:0x00000000
         115000	        10	80000010	00000a97	auipc	x21,0x0	 x21=0x8000000c
         125000	        11	80000014	00ca8a93	addi	x21,x21,12	 x21:0x8000000c x21=0x80000018
         135000	        12	80000018	000a8067	jalr	x0,x21,0	 x21:0x80000018
         145000	        13	00000000	00000013	addi	x0,x0,0	  x0:0x00000000
         155000	        14	80000018	00000013	addi	x0,x0,0	  x0:0x00000000
         165000	        15	8000001c	400002b7	lui	x5,0x40000	  x5=0x40000000
         175000	        16	80000020	10028293	addi	x5,x5,256	  x5:0x40000000  x5=0x40000100
         185000	        17	80000024	00000013	addi	x0,x0,0	  x0:0x00000000
         195000	        18	80000028	0000a697	auipc	x13,0xa	 x13=0x8000a024
         205000	        19	8000002c	fa068693	addi	x13,x13,-96	 x13:0x8000a024 x13=0x80009fc4
         215000	        20	80000030	00003297	auipc	x5,0x3	  x5=0x8000302c
         225000	        21	80000034	f5428293	addi	x5,x5,-172	  x5:0x8000302c  x5=0x80002f80
         235000	        22	80000038	0002e293	ori	x5,x5,0	  x5:0x80002f80  x5=0x80002f80
         245000	        23	8000003c	00000013	addi	x0,x0,0	  x0:0x00000000
         255000	        24	80000040	00000297	auipc	x5,0x0	  x5=0x8000003c
         265000	        25	80000044	02028293	addi	x5,x5,32	  x5:0x8000003c  x5=0x8000005c
         275000	        26	80000048	00000013	addi	x0,x0,0	  x0:0x00000000
         285000	        27	8000004c	00000013	addi	x0,x0,0	  x0:0x00000000
         295000	        28	80000050	000022b7	lui	x5,0x2	  x5=0x00002000
         305000	        29	80000054	80028293	addi	x5,x5,-2048	  x5:0x00002000  x5=0x00001800
         315000	        30	80000058	00000013	addi	x0,x0,0	  x0:0x00000000
         325000	        31	8000005c	00000013	addi	x0,x0,0	  x0:0x00000000
         335000	        32	80000060	f4a6c037	lui	x0,0xf4a6c	
         345000	        33	80000064	8c600013	addi	x0,x0,-1850	  x0:0x00000000
         355000	        34	80000068	fda6c0b7	lui	x1,0xfda6c	  x1=0xfda6c000
         365000	        35	8000006c	35808093	addi	x1,x1,856	  x1:0xfda6c000  x1=0xfda6c358
         375000	        36	80000070	00000113	addi	x2,x0,0	  x0:0x00000000  x2=0x00000000
         385000	        37	80000074	800001b7	lui	x3,0x80000	  x3=0x80000000
         395000	        38	80000078	00d00213	addi	x4,x0,13	  x0:0x00000000  x4=0x0000000d
         405000	        39	8000007c	4c4de2b7	lui	x5,0x4c4de	  x5=0x4c4de000
         415000	        40	80000080	51728293	addi	x5,x5,1303	  x5:0x4c4de000  x5=0x4c4de517
         425000	        41	80000084	25b7e337	lui	x6,0x25b7e	  x6=0x25b7e000
         435000	        42	80000088	aa830313	addi	x6,x6,-1368	  x6:0x25b7e000  x6=0x25b7daa8
         445000	        43	8000008c	800003b7	lui	x7,0x80000	  x7=0x80000000
         455000	        44	80000090	82bf8437	lui	x8,0x82bf8	  x8=0x82bf8000
         465000	        45	80000094	e0840413	addi	x8,x8,-504	  x8:0x82bf8000  x8=0x82bf7e08
         475000	        46	80000098	00000493	addi	x9,x0,0	  x0:0x00000000  x9=0x00000000
         485000	        47	8000009c	fefac5b7	lui	x11,0xfefac	 x11=0xfefac000
         495000	        48	800000a0	4fa58593	addi	x11,x11,1274	 x11:0xfefac000 x11=0xfefac4fa
         505000	        49	800000a4	80000637	lui	x12,0x80000	 x12=0x80000000
         515000	        50	800000a8	00500713	addi	x14,x0,5	  x0:0x00000000 x14=0x00000005
         525000	        51	800000ac	00000793	addi	x15,x0,0	  x0:0x00000000 x15=0x00000000
         535000	        52	800000b0	85e08837	lui	x16,0x85e08	 x16=0x85e08000
         545000	        53	800000b4	4d180813	addi	x16,x16,1233	 x16:0x85e08000 x16=0x85e084d1
         555000	        54	800000b8	13ebd8b7	lui	x17,0x13ebd	 x17=0x13ebd000
         565000	        55	800000bc	e5b88893	addi	x17,x17,-421	 x17:0x13ebd000 x17=0x13ebce5b
         575000	        56	800000c0	cc002937	lui	x18,0xcc002	 x18=0xcc002000
         585000	        57	800000c4	0ce90913	addi	x18,x18,206	 x18:0xcc002000 x18=0xcc0020ce
         595000	        58	800000c8	800009b7	lui	x19,0x80000	 x19=0x80000000
         605000	        59	800000cc	00a00a13	addi	x20,x0,10	  x0:0x00000000 x20=0x0000000a
         615000	        60	800000d0	00000a93	addi	x21,x0,0	  x0:0x00000000 x21=0x00000000
         625000	        61	800000d4	00000b13	addi	x22,x0,0	  x0:0x00000000 x22=0x00000000
         635000	        62	800000d8	00d00b93	addi	x23,x0,13	  x0:0x00000000 x23=0x0000000d
         645000	        63	800000dc	bc2ddc37	lui	x24,0xbc2dd	 x24=0xbc2dd000
         655000	        64	800000e0	df9c0c13	addi	x24,x24,-519	 x24:0xbc2dd000 x24=0xbc2dcdf9
         665000	        65	800000e4	f4c98cb7	lui	x25,0xf4c98	 x25=0xf4c98000
         675000	        66	800000e8	64ac8c93	addi	x25,x25,1610	 x25:0xf4c98000 x25=0xf4c9864a
         685000	        67	800000ec	00100d13	addi	x26,x0,1	  x0:0x00000000 x26=0x00000001
         695000	        68	800000f0	00000d93	addi	x27,x0,0	  x0:0x00000000 x27=0x00000000
         705000	        69	800000f4	80000e37	lui	x28,0x80000	 x28=0x80000000
         715000	        70	800000f8	698d8eb7	lui	x29,0x698d8	 x29=0x698d8000
         725000	        71	800000fc	c50e8e93	addi	x29,x29,-944	 x29:0x698d8000 x29=0x698d7c50
         735000	        72	80000100	00000f13	addi	x30,x0,0	  x0:0x00000000 x30=0x00000000
         745000	        73	80000104	f63c6fb7	lui	x31,0xf63c6	 x31=0xf63c6000
         755000	        74	80000108	898f8f93	addi	x31,x31,-1896	 x31:0xf63c6000 x31=0xf63c5898
         765000	        75	8000010c	0000a517	auipc	x10,0xa	 x10=0x8000a108
         775000	        76	80000110	e7c50513	addi	x10,x10,-388	 x10:0x8000a108 x10=0x80009f84
         785000	        77	80000114	00002217	auipc	x4,0x2	  x4=0x80002110
         795000	        78	80000118	30020213	addi	x4,x4,768	  x4:0x80002110  x4=0x80002410
         805000	        79	8000011c	e4f20213	addi	x4,x4,-433	  x4:0x80002410  x4=0x8000225f
         815000	        80	80000120	40e5d293	srai	x5,x11,0xe	 x11:0xfefac4fa  x5=0xfffffbeb
         825000	        81	80000124	97ba8593	addi	x11,x21,-1669	 x21:0x00000000 x11=0xfffff97b
         835000	        82	80000128	009cfc63	bgeu	x25,x9,80000140	 x25:0xf4c9864a  x9:0x00000000
         845000	        83	00000000	00000013	addi	x0,x0,0	  x0:0x00000000
         855000	        84	8000013c	00000013	addi	x0,x0,0	  x0:0x00000000
         865000	        85	80000140	1b2208e7	jalr	x17,x4,434	  x4:0x8000225f x17=0x80000140
         875000	        86	00000000	00000013	addi	x0,x0,0	  x0:0x00000000
         885000	        87	80002410	00000013	addi	x0,x0,0	  x0:0x00000000
         895000	        88	80002414	5abbeb13	ori	x22,x23,1451	 x23:0x0000000d x22=0x000005af
         905000	        89	80002418	0086f7b3	and	x15,x13,x8	 x13:0x80009fc4  x8:0x82bf7e08 x15=0x80001e00
         915000	        90	8000241c	01fad793	srli	x15,x21,0x1f	 x21:0x00000000 x15=0x00000000
         925000	        91	80002420	017f21b3	slt	x3,x30,x23	 x30:0x00000000 x23:0x0000000d  x3=0x00000001
         935000	        92	80002424	00b45663	bge	x8,x11,80002430	  x8:0x82bf7e08 x11:0xfffff97b
         945000	        93	80002428	01a01113	slli	x2,x0,0x1a	  x0:0x00000000  x2=0x00000000
         955000	        94	8000242c	0133d413	srli	x8,x7,0x13	  x7:0x80000000  x8=0x00001000
         965000	        95	80002430	fd850513	addi	x10,x10,-40	 x10:0x80009f84 x10=0x80009f5c
         975000	        96	80002434	01152223	sw	x17,4(x10)	 x10:0x80009f5c x17:0x80000140 PA:0x80009f60
         985000	        97	80002438	00000013	addi	x0,x0,0	  x0:0x00000000
         995000	        98	8000243c	00500493	addi	x9,x0,5	  x0:0x00000000  x9=0x00000005
        1005000	        99	80002440	6737a317	auipc	x6,0x6737a	  x6=0xe737c43c
        1015000	       100	80002444	33ffe137	lui	x2,0x33ffe	  x2=0x33ffe000
        1025000	       101	80002448	01400393	addi	x7,x0,20	  x0:0x00000000  x7=0x00000014
        1035000	       102	8000244c	01a1fb33	and	x22,x3,x26	  x3:0x00000001 x26:0x00000001 x22=0x00000001
        1045000	       103	80002450	00000013	addi	x0,x0,0	  x0:0x00000000
        1055000	       104	80002454	6e0e61b7	lui	x3,0x6e0e6	  x3=0x6e0e6000
        1065000	       105	80002458	00000013	addi	x0,x0,0	  x0:0x00000000
        1075000	       106	8000245c	00000013	addi	x0,x0,0	  x0:0x00000000
        1085000	       107	80002460	00348493	addi	x9,x9,3	  x9:0x00000005  x9=0x00000008
        1095000	       108	80002464	00000013	addi	x0,x0,0	  x0:0x00000000
        1105000	       109	80002468	01f27c33	and	x24,x4,x31	  x4:0x8000225f x31:0xf63c5898 x24=0x80000018
        1115000	       110	8000246c	00000a13	addi	x20,x0,0	  x0:0x00000000 x20=0x00000000
        1125000	       111	80002470	8f4f7b13	andi	x22,x30,-1804	 x30:0x00000000 x22=0x00000000
        1135000	       112	80002474	3af12593	slti	x11,x2,943	  x2:0x33ffe000 x11=0x00000000
        1145000	       113	80002478	00000013	addi	x0,x0,0	  x0:0x00000000
        1155000	       114	8000247c	00c021b3	slt	x3,x0,x12	  x0:0x00000000 x12:0x80000000  x3=0x00000000
        1165000	       115	80002480	00a0adb3	slt	x27,x1,x10	  x1:0xfda6c358 x10:0x80009f5c x27=0x00000000
        1175000	       116	80002484	ff600093	addi	x1,x0,-10	  x0:0x00000000  x1=0xfffffff6
        1185000	       117	80002488	09a4c593	xori	x11,x9,154	  x9:0x00000008 x11=0x00000092
        1195000	       118	8000248c	ff6a0a13	addi	x20,x20,-10	 x20:0x00000000 x20=0xfffffff6
        1205000	       119	80002490	5fa2ff93	andi	x31,x5,1530	  x5:0xfffffbeb x31=0x000001ea
        1215000	       120	80002494	b67fb297	auipc	x5,0xb67fb	  x5=0x367fd490
        1225000	       121	80002498	00d94c33	xor	x24,x18,x13	 x18:0xcc0020ce x13:0x80009fc4 x24=0x4c00bf0a
        1235000	       122	8000249c	41cb8433	sub	x8,x23,x28	 x23:0x0000000d x28:0x80000000  x8=0x8000000d
        1245000	       123	800024a0	fe1a04e3	beq	x20,x1,80002488	 x20:0xfffffff6  x1:0xfffffff6
        1255000	       124	00000000	00000013	addi	x0,x0,0	  x0:0x00000000
        1265000	       125	80002484	00000013	addi	x0,x0,0	  x0:0x00000000
        1275000	       126	80002488	09a4c593	xori	x11,x9,154	  x9:0x00000008 x11=0x00000092
        1285000	       127	8000248c	ff6a0a13	addi	x20,x20,-10	 x20:0xfffffff6 x20=0xffffffec
        1295000	       128	80002490	5fa2ff93	andi	x31,x5,1530	  x5:0x367fd490 x31=0x00000490
        1305000	       129	80002494	b67fb297	auipc	x5,0xb67fb	  x5=0x367fd490
        1315000	       130	80002498	00d94c33	xor	x24,x18,x13	 x18:0xcc0020ce x13:0x80009fc4 x24=0x4c00bf0a
        1325000	       131	8000249c	41cb8433	sub	x8,x23,x28	 x23:0x0000000d x28:0x80000000  x8=0x8000000d
        1335000	       132	800024a0	fe1a04e3	beq	x20,x1,80002488	 x20:0xffffffec  x1:0xfffffff6
        1345000	       133	800024a4	01ebedb3	or	x27,x23,x30	 x23:0x0000000d x30:0x00000000 x27=0x0000000d
        1355000	       134	800024a8	00381213	slli	x4,x16,0x3	 x16:0x85e084d1  x4=0x2f042688
        1365000	       135	800024ac	b2586d93	ori	x27,x16,-1243	 x16:0x85e084d1 x27=0xfffffff5
        1375000	       136	800024b0	fa7492e3	bne	x9,x7,80002454	  x9:0x00000008  x7:0x00000014
        1385000	       137	00000000	00000013	addi	x0,x0,0	  x0:0x00000000
        1395000	       138	80002450	00000013	addi	x0,x0,0	  x0:0x00000000
        1405000	       139	80002454	6e0e61b7	lui	x3,0x6e0e6	  x3=0x6e0e6000
        1415000	       140	80002458	00000013	addi	x0,x0,0	  x0:0x00000000
        1425000	       141	8000245c	00000013	addi	x0,x0,0	  x0:0x00000000
        1435000	       142	80002460	00348493	addi	x9,x9,3	  x9:0x00000008  x9=0x0000000b
        1445000	       143	80002464	00000013	addi	x0,x0,0	  x0:0x00000000
        1455000	       144	80002468	01f27c33	and	x24,x4,x31	  x4:0x2f042688 x31:0x00000490 x24=0x00000480
        1465000	       145	8000246c	00000a13	addi	x20,x0,0	  x0:0x00000000 x20=0x00000000
        1475000	       146	80002470	8f4f7b13	andi	x22,x30,-1804	 x30:0x00000000 x22=0x00000000
        1485000	       147	80002474	3af12593	slti	x11,x2,943	  x2:0x33ffe000 x11=0x00000000
        1495000	       148	80002478	00000013	addi	x0,x0,0	  x0:0x00000000
        1505000	       149	8000247c	00c021b3	slt	x3,x0,x12	  x0:0x00000000 x12:0x80000000  x3=0x00000000
        1515000	       150	80002480	00a0adb3	slt	x27,x1,x10	  x1:0xfffffff6 x10:0x80009f5c x27=0x00000000
        1525000	       151	80002484	ff600093	addi	x1,x0,-10	  x0:0x00000000  x1=0xfffffff6
        1535000	       152	80002488	09a4c593	xori	x11,x9,154	  x9:0x0000000b x11=0x00000091
        1545000	       153	8000248c	ff6a0a13	addi	x20,x20,-10	 x20:0x00000000 x20=0xfffffff6
        1555000	       154	80002490	5fa2ff93	andi	x31,x5,1530	  x5:0x367fd490 x31=0x00000490
        1565000	       155	80002494	b67fb297	auipc	x5,0xb67fb	  x5=0x367fd490
        1575000	       156	80002498	00d94c33	xor	x24,x18,x13	 x18:0xcc0020ce x13:0x80009fc4 x24=0x4c00bf0a
        1585000	       157	8000249c	41cb8433	sub	x8,x23,x28	 x23:0x0000000d x28:0x80000000  x8=0x8000000d
        1595000	       158	800024a0	fe1a04e3	beq	x20,x1,80002488	 x20:0xfffffff6  x1:0xfffffff6
        1605000	       159	00000000	00000013	addi	x0,x0,0	  x0:0x00000000
        1615000	       160	80002484	00000013	addi	x0,x0,0	  x0:0x00000000
        1625000	       161	80002488	09a4c593	xori	x11,x9,154	  x9:0x0000000b x11=0x00000091
        1635000	       162	8000248c	ff6a0a13	addi	x20,x20,-10	 x20:0xfffffff6 x20=0xffffffec
        1645000	       163	80002490	5fa2ff93	andi	x31,x5,1530	  x5:0x367fd490 x31=0x00000490
        1655000	       164	80002494	b67fb297	auipc	x5,0xb67fb	  x5=0x367fd490
        1665000	       165	80002498	00d94c33	xor	x24,x18,x13	 x18:0xcc0020ce x13:0x80009fc4 x24=0x4c00bf0a
        1675000	       166	8000249c	41cb8433	sub	x8,x23,x28	 x23:0x0000000d x28:0x80000000  x8=0x8000000d
        1685000	       167	800024a0	fe1a04e3	beq	x20,x1,80002488	 x20:0xffffffec  x1:0xfffffff6
        1695000	       168	800024a4	01ebedb3	or	x27,x23,x30	 x23:0x0000000d x30:0x00000000 x27=0x0000000d
        1705000	       169	800024a8	00381213	slli	x4,x16,0x3	 x16:0x85e084d1  x4=0x2f042688
        1715000	       170	800024ac	b2586d93	ori	x27,x16,-1243	 x16:0x85e084d1 x27=0xfffffff5
        1725000	       171	800024b0	fa7492e3	bne	x9,x7,80002454	  x9:0x0000000b  x7:0x00000014
        1735000	       172	00000000	00000013	addi	x0,x0,0	  x0:0x00000000
        1745000	       173	80002450	00000013	addi	x0,x0,0	  x0:0x00000000
        1755000	       174	80002454	6e0e61b7	lui	x3,0x6e0e6	  x3=0x6e0e6000
        1765000	       175	80002458	00000013	addi	x0,x0,0	  x0:0x00000000
        1775000	       176	8000245c	00000013	addi	x0,x0,0	  x0:0x00000000
        1785000	       177	80002460	00348493	addi	x9,x9,3	  x9:0x0000000b  x9=0x0000000e
        1795000	       178	80002464	00000013	addi	x0,x0,0	  x0:0x00000000
        1805000	       179	80002468	01f27c33	and	x24,x4,x31	  x4:0x2f042688 x31:0x00000490 x24=0x00000480
        1815000	       180	8000246c	00000a13	addi	x20,x0,0	  x0:0x00000000 x20=0x00000000
        1825000	       181	80002470	8f4f7b13	andi	x22,x30,-1804	 x30:0x00000000 x22=0x00000000
        1835000	       182	80002474	3af12593	slti	x11,x2,943	  x2:0x33ffe000 x11=0x00000000
        1845000	       183	80002478	00000013	addi	x0,x0,0	  x0:0x00000000
        1855000	       184	8000247c	00c021b3	slt	x3,x0,x12	  x0:0x00000000 x12:0x80000000  x3=0x00000000
        1865000	       185	80002480	00a0adb3	slt	x27,x1,x10	  x1:0xfffffff6 x10:0x80009f5c x27=0x00000000
        1875000	       186	80002484	ff600093	addi	x1,x0,-10	  x0:0x00000000  x1=0xfffffff6
        1885000	       187	80002488	09a4c593	xori	x11,x9,154	  x9:0x0000000e x11=0x00000094
        1895000	       188	8000248c	ff6a0a13	addi	x20,x20,-10	 x20:0x00000000 x20=0xfffffff6
        1905000	       189	80002490	5fa2ff93	andi	x31,x5,1530	  x5:0x367fd490 x31=0x00000490
        1915000	       190	80002494	b67fb297	auipc	x5,0xb67fb	  x5=0x367fd490
        1925000	       191	80002498	00d94c33	xor	x24,x18,x13	 x18:0xcc0020ce x13:0x80009fc4 x24=0x4c00bf0a
        1935000	       192	8000249c	41cb8433	sub	x8,x23,x28	 x23:0x0000000d x28:0x80000000  x8=0x8000000d
        1945000	       193	800024a0	fe1a04e3	beq	x20,x1,80002488	 x20:0xfffffff6  x1:0xfffffff6
        1955000	       194	00000000	00000013	addi	x0,x0,0	  x0:0x00000000
        1965000	       195	80002484	00000013	addi	x0,x0,0	  x0:0x00000000
        1975000	       196	80002488	09a4c593	xori	x11,x9,154	  x9:0x0000000e x11=0x00000094
        1985000	       197	8000248c	ff6a0a13	addi	x20,x20,-10	 x20:0xfffffff6 x20=0xffffffec
        1995000	       198	80002490	5fa2ff93	andi	x31,x5,1530	  x5:0x367fd490 x31=0x00000490
        2005000	       199	80002494	b67fb297	auipc	x5,0xb67fb	  x5=0x367fd490
        2015000	       200	80002498	00d94c33	xor	x24,x18,x13	 x18:0xcc0020ce x13:0x80009fc4 x24=0x4c00bf0a
        2025000	       201	8000249c	41cb8433	sub	x8,x23,x28	 x23:0x0000000d x28:0x80000000  x8=0x8000000d
        2035000	       202	800024a0	fe1a04e3	beq	x20,x1,80002488	 x20:0xffffffec  x1:0xfffffff6
        2045000	       203	800024a4	01ebedb3	or	x27,x23,x30	 x23:0x0000000d x30:0x00000000 x27=0x0000000d
        2055000	       204	800024a8	00381213	slli	x4,x16,0x3	 x16:0x85e084d1  x4=0x2f042688
        2065000	       205	800024ac	b2586d93	ori	x27,x16,-1243	 x16:0x85e084d1 x27=0xfffffff5
        2075000	       206	800024b0	fa7492e3	bne	x9,x7,80002454	  x9:0x0000000e  x7:0x00000014
        2085000	       207	00000000	00000013	addi	x0,x0,0	  x0:0x00000000
        2095000	       208	80002450	00000013	addi	x0,x0,0	  x0:0x00000000
        2105000	       209	80002454	6e0e61b7	lui	x3,0x6e0e6	  x3=0x6e0e6000
        2115000	       210	80002458	00000013	addi	x0,x0,0	  x0:0x00000000
        2125000	       211	8000245c	00000013	addi	x0,x0,0	  x0:0x00000000
        2135000	       212	80002460	00348493	addi	x9,x9,3	  x9:0x0000000e  x9=0x00000011
        2145000	       213	80002464	00000013	addi	x0,x0,0	  x0:0x00000000
        2155000	       214	80002468	01f27c33	and	x24,x4,x31	  x4:0x2f042688 x31:0x00000490 x24=0x00000480
        2165000	       215	8000246c	00000a13	addi	x20,x0,0	  x0:0x00000000 x20=0x00000000
        2175000	       216	80002470	8f4f7b13	andi	x22,x30,-1804	 x30:0x00000000 x22=0x00000000
        2185000	       217	80002474	3af12593	slti	x11,x2,943	  x2:0x33ffe000 x11=0x00000000
        2195000	       218	80002478	00000013	addi	x0,x0,0	  x0:0x00000000
        2205000	       219	8000247c	00c021b3	slt	x3,x0,x12	  x0:0x00000000 x12:0x80000000  x3=0x00000000
        2215000	       220	80002480	00a0adb3	slt	x27,x1,x10	  x1:0xfffffff6 x10:0x80009f5c x27=0x00000000
        2225000	       221	80002484	ff600093	addi	x1,x0,-10	  x0:0x00000000  x1=0xfffffff6
        2235000	       222	80002488	09a4c593	xori	x11,x9,154	  x9:0x00000011 x11=0x0000008b
        2245000	       223	8000248c	ff6a0a13	addi	x20,x20,-10	 x20:0x00000000 x20=0xfffffff6
        2255000	       224	80002490	5fa2ff93	andi	x31,x5,1530	  x5:0x367fd490 x31=0x00000490
        2265000	       225	80002494	b67fb297	auipc	x5,0xb67fb	  x5=0x367fd490
        2275000	       226	80002498	00d94c33	xor	x24,x18,x13	 x18:0xcc0020ce x13:0x80009fc4 x24=0x4c00bf0a
        2285000	       227	8000249c	41cb8433	sub	x8,x23,x28	 x23:0x0000000d x28:0x80000000  x8=0x8000000d
        2295000	       228	800024a0	fe1a04e3	beq	x20,x1,80002488	 x20:0xfffffff6  x1:0xfffffff6
        2305000	       229	00000000	00000013	addi	x0,x0,0	  x0:0x00000000
        2315000	       230	80002484	00000013	addi	x0,x0,0	  x0:0x00000000
        2325000	       231	80002488	09a4c593	xori	x11,x9,154	  x9:0x00000011 x11=0x0000008b
        2335000	       232	8000248c	ff6a0a13	addi	x20,x20,-10	 x20:0xfffffff6 x20=0xffffffec
        2345000	       233	80002490	5fa2ff93	andi	x31,x5,1530	  x5:0x367fd490 x31=0x00000490
        2355000	       234	80002494	b67fb297	auipc	x5,0xb67fb	  x5=0x367fd490
        2365000	       235	80002498	00d94c33	xor	x24,x18,x13	 x18:0xcc0020ce x13:0x80009fc4 x24=0x4c00bf0a
        2375000	       236	8000249c	41cb8433	sub	x8,x23,x28	 x23:0x0000000d x28:0x80000000  x8=0x8000000d
        2385000	       237	800024a0	fe1a04e3	beq	x20,x1,80002488	 x20:0xffffffec  x1:0xfffffff6
        2395000	       238	800024a4	01ebedb3	or	x27,x23,x30	 x23:0x0000000d x30:0x00000000 x27=0x0000000d
        2405000	       239	800024a8	00381213	slli	x4,x16,0x3	 x16:0x85e084d1  x4=0x2f042688
        2415000	       240	800024ac	b2586d93	ori	x27,x16,-1243	 x16:0x85e084d1 x27=0xfffffff5
        2425000	       241	800024b0	fa7492e3	bne	x9,x7,80002454	  x9:0x00000011  x7:0x00000014
        2435000	       242	00000000	00000013	addi	x0,x0,0	  x0:0x00000000
        2445000	       243	80002450	00000013	addi	x0,x0,0	  x0:0x00000000
        2455000	       244	80002454	6e0e61b7	lui	x3,0x6e0e6	  x3=0x6e0e6000
        2465000	       245	80002458	00000013	addi	x0,x0,0	  x0:0x00000000
        2475000	       246	8000245c	00000013	addi	x0,x0,0	  x0:0x00000000
        2485000	       247	80002460	00348493	addi	x9,x9,3	  x9:0x00000011  x9=0x00000014
        2495000	       248	80002464	00000013	addi	x0,x0,0	  x0:0x00000000
        2505000	       249	80002468	01f27c33	and	x24,x4,x31	  x4:0x2f042688 x31:0x00000490 x24=0x00000480
        2515000	       250	8000246c	00000a13	addi	x20,x0,0	  x0:0x00000000 x20=0x00000000
        2525000	       251	80002470	8f4f7b13	andi	x22,x30,-1804	 x30:0x00000000 x22=0x00000000
        2535000	       252	80002474	3af12593	slti	x11,x2,943	  x2:0x33ffe000 x11=0x00000000
        2545000	       253	80002478	00000013	addi	x0,x0,0	  x0:0x00000000
        2555000	       254	8000247c	00c021b3	slt	x3,x0,x12	  x0:0x00000000 x12:0x80000000  x3=0x00000000
        2565000	       255	80002480	00a0adb3	slt	x27,x1,x10	  x1:0xfffffff6 x10:0x80009f5c x27=0x00000000
        2575000	       256	80002484	ff600093	addi	x1,x0,-10	  x0:0x00000000  x1=0xfffffff6
        2585000	       257	80002488	09a4c593	xori	x11,x9,154	  x9:0x00000014 x11=0x0000008e
        2595000	       258	8000248c	ff6a0a13	addi	x20,x20,-10	 x20:0x00000000 x20=0xfffffff6
        2605000	       259	80002490	5fa2ff93	andi	x31,x5,1530	  x5:0x367fd490 x31=0x00000490
        2615000	       260	80002494	b67fb297	auipc	x5,0xb67fb	  x5=0x367fd490
        2625000	       261	80002498	00d94c33	xor	x24,x18,x13	 x18:0xcc0020ce x13:0x80009fc4 x24=0x4c00bf0a
        2635000	       262	8000249c	41cb8433	sub	x8,x23,x28	 x23:0x0000000d x28:0x80000000  x8=0x8000000d
        2645000	       263	800024a0	fe1a04e3	beq	x20,x1,80002488	 x20:0xfffffff6  x1:0xfffffff6
        2655000	       264	00000000	00000013	addi	x0,x0,0	  x0:0x00000000
        2665000	       265	80002484	00000013	addi	x0,x0,0	  x0:0x00000000
        2675000	       266	80002488	09a4c593	xori	x11,x9,154	  x9:0x00000014 x11=0x0000008e
        2685000	       267	8000248c	ff6a0a13	addi	x20,x20,-10	 x20:0xfffffff6 x20=0xffffffec
        2695000	       268	80002490	5fa2ff93	andi	x31,x5,1530	  x5:0x367fd490 x31=0x00000490
        2705000	       269	80002494	b67fb297	auipc	x5,0xb67fb	  x5=0x367fd490
        2715000	       270	80002498	00d94c33	xor	x24,x18,x13	 x18:0xcc0020ce x13:0x80009fc4 x24=0x4c00bf0a
        2725000	       271	8000249c	41cb8433	sub	x8,x23,x28	 x23:0x0000000d x28:0x80000000  x8=0x8000000d
        2735000	       272	800024a0	fe1a04e3	beq	x20,x1,80002488	 x20:0xffffffec  x1:0xfffffff6
        2745000	       273	800024a4	01ebedb3	or	x27,x23,x30	 x23:0x0000000d x30:0x00000000 x27=0x0000000d
        2755000	       274	800024a8	00381213	slli	x4,x16,0x3	 x16:0x85e084d1  x4=0x2f042688
        2765000	       275	800024ac	b2586d93	ori	x27,x16,-1243	 x16:0x85e084d1 x27=0xfffffff5
        2775000	       276	800024b0	fa7492e3	bne	x9,x7,80002454	  x9:0x00000014  x7:0x00000014
        2785000	       277	800024b4	8b8fbe13	sltiu	x28,x31,-1864	 x31:0x00000490 x28=0x00000001
        2795000	       278	800024b8	00000f93	addi	x31,x0,0	  x0:0x00000000 x31=0x00000000
        2805000	       279	800024bc	00cbd313	srli	x6,x23,0xc	 x23:0x0000000d  x6=0x00000000
        2815000	       280	800024c0	412cd593	srai	x11,x25,0x12	 x25:0xf4c9864a x11=0xfffffd32
        2825000	       281	800024c4	ff000f13	addi	x30,x0,-16	  x0:0x00000000 x30=0xfffffff0
        2835000	       282	800024c8	008dd133	srl	x2,x27,x8	 x27:0xfffffff5  x8:0x8000000d  x2=0x0007ffff
        2845000	       283	800024cc	53aa0e93	addi	x29,x20,1338	 x20:0xffffffec x29=0x00000526
        2855000	       284	800024d0	00000013	addi	x0,x0,0	  x0:0x00000000
        2865000	       285	800024d4	40020733	sub	x14,x4,x0	  x4:0x2f042688  x0:0x00000000 x14=0x2f042688
        2875000	       286	800024d8	017ee933	or	x18,x29,x23	 x29:0x00000526 x23:0x0000000d x18=0x0000052f
        2885000	       287	800024dc	92740813	addi	x16,x8,-1753	  x8:0x8000000d x16=0x7ffff934
        2895000	       288	800024e0	ffbf8f93	addi	x31,x31,-5	 x31:0x00000000 x31=0xfffffffb
        2905000	       289	800024e4	5b356193	ori	x3,x10,1459	 x10:0x80009f5c  x3=0x80009fff
        2915000	       290	800024e8	00800e13	addi	x28,x0,8	  x0:0x00000000 x28=0x00000008
        2925000	       291	800024ec	01100393	addi	x7,x0,17	  x0:0x00000000  x7=0x00000011
        2935000	       292	800024f0	40765433	sra	x8,x12,x7	 x12:0x80000000  x7:0x00000011  x8=0xffffc000
        2945000	       293	800024f4	009bd293	srli	x5,x23,0x9	 x23:0x0000000d  x5=0x00000000
        2955000	       294	800024f8	65336093	ori	x1,x6,1619	  x6:0x00000000  x1=0x00000653
        2965000	       295	800024fc	013f35b3	sltu	x11,x30,x19	 x30:0xfffffff0 x19:0x80000000 x11=0x00000000
        2975000	       296	80002500	01c53d33	sltu	x26,x10,x28	 x10:0x80009f5c x28:0x00000008 x26=0x00000000
        2985000	       297	80002504	d44e7313	andi	x6,x28,-700	 x28:0x00000008  x6=0x00000000
        2995000	       298	80002508	01c5d333	srl	x6,x11,x28	 x11:0x00000000 x28:0x00000008  x6=0x00000000
        3005000	       299	8000250c	008e0e13	addi	x28,x28,8	 x28:0x00000008 x28=0x00000010
        3015000	       300	80002510	fe7e66e3	bltu	x28,x7,800024fc	 x28:0x00000010  x7:0x00000011
        3025000	       301	00000000	00000013	addi	x0,x0,0	  x0:0x00000000
        3035000	       302	800024f8	00000013	addi	x0,x0,0	  x0:0x00000000
        3045000	       303	800024fc	013f35b3	sltu	x11,x30,x19	 x30:0xfffffff0 x19:0x80000000 x11=0x00000000
        3055000	       304	80002500	01c53d33	sltu	x26,x10,x28	 x10:0x80009f5c x28:0x00000010 x26=0x00000000
        3065000	       305	80002504	d44e7313	andi	x6,x28,-700	 x28:0x00000010  x6=0x00000000
        3075000	       306	80002508	01c5d333	srl	x6,x11,x28	 x11:0x00000000 x28:0x00000010  x6=0x00000000
        3085000	       307	8000250c	008e0e13	addi	x28,x28,8	 x28:0x00000010 x28=0x00000018
        3095000	       308	80002510	fe7e66e3	bltu	x28,x7,800024fc	 x28:0x00000018  x7:0x00000011
        3105000	       309	80002514	00f4fcb3	and	x25,x9,x15	  x9:0x00000014 x15:0x00000000 x25=0x00000000
        3115000	       310	80002518	01f94733	xor	x14,x18,x31	 x18:0x0000052f x31:0xfffffffb x14=0xfffffad4
        3125000	       311	8000251c	006b7eb3	and	x29,x22,x6	 x22:0x00000000  x6:0x00000000 x29=0x00000000
        3135000	       312	80002520	fbefd8e3	bge	x31,x30,800024d0	 x31:0xfffffffb x30:0xfffffff0
        3145000	       313	00000000	00000013	addi	x0,x0,0	  x0:0x00000000
        3155000	       314	800024cc	00000013	addi	x0,x0,0	  x0:0x00000000
        3165000	       315	800024d0	00000013	addi	x0,x0,0	  x0:0x00000000
        3175000	       316	800024d4	40020733	sub	x14,x4,x0	  x4:0x2f042688  x0:0x00000000 x14=0x2f042688
        3185000	       317	800024d8	017ee933	or	x18,x29,x23	 x29:0x00000000 x23:0x0000000d x18=0x0000000d
        3195000	       318	800024dc	92740813	addi	x16,x8,-1753	  x8:0xffffc000 x16=0xffffb927
        3205000	       319	800024e0	ffbf8f93	addi	x31,x31,-5	 x31:0xfffffffb x31=0xfffffff6
        3215000	       320	800024e4	5b356193	ori	x3,x10,1459	 x10:0x80009f5c  x3=0x80009fff
        3225000	       321	800024e8	00800e13	addi	x28,x0,8	  x0:0x00000000 x28=0x00000008
        3235000	       322	800024ec	01100393	addi	x7,x0,17	  x0:0x00000000  x7=0x00000011
        3245000	       323	800024f0	40765433	sra	x8,x12,x7	 x12:0x80000000  x7:0x00000011  x8=0xffffc000
        3255000	       324	800024f4	009bd293	srli	x5,x23,0x9	 x23:0x0000000d  x5=0x00000000
        3265000	       325	800024f8	65336093	ori	x1,x6,1619	  x6:0x00000000  x1=0x00000653
        3275000	       326	800024fc	013f35b3	sltu	x11,x30,x19	 x30:0xfffffff0 x19:0x80000000 x11=0x00000000
        3285000	       327	80002500	01c53d33	sltu	x26,x10,x28	 x10:0x80009f5c x28:0x00000008 x26=0x00000000
        3295000	       328	80002504	d44e7313	andi	x6,x28,-700	 x28:0x00000008  x6=0x00000000
        3305000	       329	80002508	01c5d333	srl	x6,x11,x28	 x11:0x00000000 x28:0x00000008  x6=0x00000000
        3315000	       330	8000250c	008e0e13	addi	x28,x28,8	 x28:0x00000008 x28=0x00000010
        3325000	       331	80002510	fe7e66e3	bltu	x28,x7,800024fc	 x28:0x00000010  x7:0x00000011
        3335000	       332	00000000	00000013	addi	x0,x0,0	  x0:0x00000000
        3345000	       333	800024f8	00000013	addi	x0,x0,0	  x0:0x00000000
        3355000	       334	800024fc	013f35b3	sltu	x11,x30,x19	 x30:0xfffffff0 x19:0x80000000 x11=0x00000000
        3365000	       335	80002500	01c53d33	sltu	x26,x10,x28	 x10:0x80009f5c x28:0x00000010 x26=0x00000000
        3375000	       336	80002504	d44e7313	andi	x6,x28,-700	 x28:0x00000010  x6=0x00000000
        3385000	       337	80002508	01c5d333	srl	x6,x11,x28	 x11:0x00000000 x28:0x00000010  x6=0x00000000
        3395000	       338	8000250c	008e0e13	addi	x28,x28,8	 x28:0x00000010 x28=0x00000018
        3405000	       339	80002510	fe7e66e3	bltu	x28,x7,800024fc	 x28:0x00000018  x7:0x00000011
        3415000	       340	80002514	00f4fcb3	and	x25,x9,x15	  x9:0x00000014 x15:0x00000000 x25=0x00000000
        3425000	       341	80002518	01f94733	xor	x14,x18,x31	 x18:0x0000000d x31:0xfffffff6 x14=0xfffffffb
        3435000	       342	8000251c	006b7eb3	and	x29,x22,x6	 x22:0x00000000  x6:0x00000000 x29=0x00000000
        3445000	       343	80002520	fbefd8e3	bge	x31,x30,800024d0	 x31:0xfffffff6 x30:0xfffffff0
        3455000	       344	00000000	00000013	addi	x0,x0,0	  x0:0x00000000
        3465000	       345	800024cc	00000013	addi	x0,x0,0	  x0:0x00000000
        3475000	       346	800024d0	00000013	addi	x0,x0,0	  x0:0x00000000
        3485000	       347	800024d4	40020733	sub	x14,x4,x0	  x4:0x2f042688  x0:0x00000000 x14=0x2f042688
        3495000	       348	800024d8	017ee933	or	x18,x29,x23	 x29:0x00000000 x23:0x0000000d x18=0x0000000d
        3505000	       349	800024dc	92740813	addi	x16,x8,-1753	  x8:0xffffc000 x16=0xffffb927
        3515000	       350	800024e0	ffbf8f93	addi	x31,x31,-5	 x31:0xfffffff6 x31=0xfffffff1
        3525000	       351	800024e4	5b356193	ori	x3,x10,1459	 x10:0x80009f5c  x3=0x80009fff
        3535000	       352	800024e8	00800e13	addi	x28,x0,8	  x0:0x00000000 x28=0x00000008
        3545000	       353	800024ec	01100393	addi	x7,x0,17	  x0:0x00000000  x7=0x00000011
        3555000	       354	800024f0	40765433	sra	x8,x12,x7	 x12:0x80000000  x7:0x00000011  x8=0xffffc000
        3565000	       355	800024f4	009bd293	srli	x5,x23,0x9	 x23:0x0000000d  x5=0x00000000
        3575000	       356	800024f8	65336093	ori	x1,x6,1619	  x6:0x00000000  x1=0x00000653
        3585000	       357	800024fc	013f35b3	sltu	x11,x30,x19	 x30:0xfffffff0 x19:0x80000000 x11=0x00000000
        3595000	       358	80002500	01c53d33	sltu	x26,x10,x28	 x10:0x80009f5c x28:0x00000008 x26=0x00000000
        3605000	       359	80002504	d44e7313	andi	x6,x28,-700	 x28:0x00000008  x6=0x00000000
        3615000	       360	80002508	01c5d333	srl	x6,x11,x28	 x11:0x00000000 x28:0x00000008  x6=0x00000000
        3625000	       361	8000250c	008e0e13	addi	x28,x28,8	 x28:0x00000008 x28=0x00000010
        3635000	       362	80002510	fe7e66e3	bltu	x28,x7,800024fc	 x28:0x00000010  x7:0x00000011
        3645000	       363	00000000	00000013	addi	x0,x0,0	  x0:0x00000000
        3655000	       364	800024f8	00000013	addi	x0,x0,0	  x0:0x00000000
        3665000	       365	800024fc	013f35b3	sltu	x11,x30,x19	 x30:0xfffffff0 x19:0x80000000 x11=0x00000000
        3675000	       366	80002500	01c53d33	sltu	x26,x10,x28	 x10:0x80009f5c x28:0x00000010 x26=0x00000000
        3685000	       367	80002504	d44e7313	andi	x6,x28,-700	 x28:0x00000010  x6=0x00000000
        3695000	       368	80002508	01c5d333	srl	x6,x11,x28	 x11:0x00000000 x28:0x00000010  x6=0x00000000
        3705000	       369	8000250c	008e0e13	addi	x28,x28,8	 x28:0x00000010 x28=0x00000018
        3715000	       370	80002510	fe7e66e3	bltu	x28,x7,800024fc	 x28:0x00000018  x7:0x00000011
        3725000	       371	80002514	00f4fcb3	and	x25,x9,x15	  x9:0x00000014 x15:0x00000000 x25=0x00000000
        3735000	       372	80002518	01f94733	xor	x14,x18,x31	 x18:0x0000000d x31:0xfffffff1 x14=0xfffffffc
        3745000	       373	8000251c	006b7eb3	and	x29,x22,x6	 x22:0x00000000  x6:0x00000000 x29=0x00000000
        3755000	       374	80002520	fbefd8e3	bge	x31,x30,800024d0	 x31:0xfffffff1 x30:0xfffffff0
        3765000	       375	00000000	00000013	addi	x0,x0,0	  x0:0x00000000
        3775000	       376	800024cc	00000013	addi	x0,x0,0	  x0:0x00000000
        3785000	       377	800024d0	00000013	addi	x0,x0,0	  x0:0x00000000
        3795000	       378	800024d4	40020733	sub	x14,x4,x0	  x4:0x2f042688  x0:0x00000000 x14=0x2f042688
        3805000	       379	800024d8	017ee933	or	x18,x29,x23	 x29:0x00000000 x23:0x0000000d x18=0x0000000d
        3815000	       380	800024dc	92740813	addi	x16,x8,-1753	  x8:0xffffc000 x16=0xffffb927
        3825000	       381	800024e0	ffbf8f93	addi	x31,x31,-5	 x31:0xfffffff1 x31=0xffffffec
        3835000	       382	800024e4	5b356193	ori	x3,x10,1459	 x10:0x80009f5c  x3=0x80009fff
        3845000	       383	800024e8	00800e13	addi	x28,x0,8	  x0:0x00000000 x28=0x00000008
        3855000	       384	800024ec	01100393	addi	x7,x0,17	  x0:0x00000000  x7=0x00000011
        3865000	       385	800024f0	40765433	sra	x8,x12,x7	 x12:0x80000000  x7:0x00000011  x8=0xffffc000
        3875000	       386	800024f4	009bd293	srli	x5,x23,0x9	 x23:0x0000000d  x5=0x00000000
        3885000	       387	800024f8	65336093	ori	x1,x6,1619	  x6:0x00000000  x1=0x00000653
        3895000	       388	800024fc	013f35b3	sltu	x11,x30,x19	 x30:0xfffffff0 x19:0x80000000 x11=0x00000000
        3905000	       389	80002500	01c53d33	sltu	x26,x10,x28	 x10:0x80009f5c x28:0x00000008 x26=0x00000000
        3915000	       390	80002504	d44e7313	andi	x6,x28,-700	 x28:0x00000008  x6=0x00000000
        3925000	       391	80002508	01c5d333	srl	x6,x11,x28	 x11:0x00000000 x28:0x00000008  x6=0x00000000
        3935000	       392	8000250c	008e0e13	addi	x28,x28,8	 x28:0x00000008 x28=0x00000010
        3945000	       393	80002510	fe7e66e3	bltu	x28,x7,800024fc	 x28:0x00000010  x7:0x00000011
        3955000	       394	00000000	00000013	addi	x0,x0,0	  x0:0x00000000
        3965000	       395	800024f8	00000013	addi	x0,x0,0	  x0:0x00000000
        3975000	       396	800024fc	013f35b3	sltu	x11,x30,x19	 x30:0xfffffff0 x19:0x80000000 x11=0x00000000
        3985000	       397	80002500	01c53d33	sltu	x26,x10,x28	 x10:0x80009f5c x28:0x00000010 x26=0x00000000
        3995000	       398	80002504	d44e7313	andi	x6,x28,-700	 x28:0x00000010  x6=0x00000000
        4005000	       399	80002508	01c5d333	srl	x6,x11,x28	 x11:0x00000000 x28:0x00000010  x6=0x00000000
        4015000	       400	8000250c	008e0e13	addi	x28,x28,8	 x28:0x00000010 x28=0x00000018
        4025000	       401	80002510	fe7e66e3	bltu	x28,x7,800024fc	 x28:0x00000018  x7:0x00000011
        4035000	       402	80002514	00f4fcb3	and	x25,x9,x15	  x9:0x00000014 x15:0x00000000 x25=0x00000000
        4045000	       403	80002518	01f94733	xor	x14,x18,x31	 x18:0x0000000d x31:0xffffffec x14=0xffffffe1
        4055000	       404	8000251c	006b7eb3	and	x29,x22,x6	 x22:0x00000000  x6:0x00000000 x29=0x00000000
        4065000	       405	80002520	fbefd8e3	bge	x31,x30,800024d0	 x31:0xffffffec x30:0xfffffff0
        4075000	       406	80002524	17ff2c13	slti	x24,x30,383	 x30:0xfffffff0 x24=0x00000001
        4085000	       407	80002528	00500f13	addi	x30,x0,5	  x0:0x00000000 x30=0x00000005
        4095000	       408	8000252c	014fed33	or	x26,x31,x20	 x31:0xffffffec x20:0xffffffec x26=0xffffffec
        4105000	       409	80002530	00500393	addi	x7,x0,5	  x0:0x00000000  x7=0x00000005
        4115000	       410	80002534	2f220713	addi	x14,x4,754	  x4:0x2f042688 x14=0x2f04297a
        4125000	       411	80002538	016a9893	slli	x17,x21,0x16	 x21:0x00000000 x17=0x00000000
        4135000	       412	8000253c	05fe0293	addi	x5,x28,95	 x28:0x00000018  x5=0x00000077
        4145000	       413	80002540	ffdf0f13	addi	x30,x30,-3	 x30:0x00000005 x30=0x00000002
        4155000	       414	80002544	7b9a2d93	slti	x27,x20,1977	 x20:0xffffffec x27=0x00000001
        4165000	       415	80002548	00100a13	addi	x20,x0,1	  x0:0x00000000 x20=0x00000001
        4175000	       416	8000254c	00a00c93	addi	x25,x0,10	  x0:0x00000000 x25=0x0000000a
        4185000	       417	80002550	79bdc217	auipc	x4,0x79bdc	  x4=0xf9bde54c
        4195000	       418	80002554	01d069b3	or	x19,x0,x29	  x0:0x00000000 x29:0x00000000 x19=0x00000000
        4205000	       419	80002558	01eb1633	sll	x12,x22,x30	 x22:0x00000000 x30:0x00000002 x12=0x00000000
        4215000	       420	8000255c	001a0a13	addi	x20,x20,1	 x20:0x00000001 x20=0x00000002
        4225000	       421	80002560	410907b3	sub	x15,x18,x16	 x18:0x0000000d x16:0xffffb927 x15=0x000046e6
        4235000	       422	80002564	ff9a68e3	bltu	x20,x25,80002554	 x20:0x00000002 x25:0x0000000a
        4245000	       423	00000000	00000013	addi	x0,x0,0	  x0:0x00000000
        4255000	       424	80002550	00000013	addi	x0,x0,0	  x0:0x00000000
        4265000	       425	80002554	01d069b3	or	x19,x0,x29	  x0:0x00000000 x29:0x00000000 x19=0x00000000
        4275000	       426	80002558	01eb1633	sll	x12,x22,x30	 x22:0x00000000 x30:0x00000002 x12=0x00000000
        4285000	       427	8000255c	001a0a13	addi	x20,x20,1	 x20:0x00000002 x20=0x00000003
        4295000	       428	80002560	410907b3	sub	x15,x18,x16	 x18:0x0000000d x16:0xffffb927 x15=0x000046e6
        4305000	       429	80002564	ff9a68e3	bltu	x20,x25,80002554	 x20:0x00000003 x25:0x0000000a
        4315000	       430	00000000	00000013	addi	x0,x0,0	  x0:0x00000000
        4325000	       431	80002550	00000013	addi	x0,x0,0	  x0:0x00000000
        4335000	       432	80002554	01d069b3	or	x19,x0,x29	  x0:0x00000000 x29:0x00000000 x19=0x00000000
        4345000	       433	80002558	01eb1633	sll	x12,x22,x30	 x22:0x00000000 x30:0x00000002 x12=0x00000000
        4355000	       434	8000255c	001a0a13	addi	x20,x20,1	 x20:0x00000003 x20=0x00000004
        4365000	       435	80002560	410907b3	sub	x15,x18,x16	 x18:0x0000000d x16:0xffffb927 x15=0x000046e6
        4375000	       436	80002564	ff9a68e3	bltu	x20,x25,80002554	 x20:0x00000004 x25:0x0000000a
        4385000	       437	00000000	00000013	addi	x0,x0,0	  x0:0x00000000
        4395000	       438	80002550	00000013	addi	x0,x0,0	  x0:0x00000000
        4405000	       439	80002554	01d069b3	or	x19,x0,x29	  x0:0x00000000 x29:0x00000000 x19=0x00000000
        4415000	       440	80002558	01eb1633	sll	x12,x22,x30	 x22:0x00000000 x30:0x00000002 x12=0x00000000
        4425000	       441	8000255c	001a0a13	addi	x20,x20,1	 x20:0x00000004 x20=0x00000005
        4435000	       442	80002560	410907b3	sub	x15,x18,x16	 x18:0x0000000d x16:0xffffb927 x15=0x000046e6
        4445000	       443	80002564	ff9a68e3	bltu	x20,x25,80002554	 x20:0x00000005 x25:0x0000000a
        4455000	       444	00000000	00000013	addi	x0,x0,0	  x0:0x00000000
        4465000	       445	80002550	00000013	addi	x0,x0,0	  x0:0x00000000
        4475000	       446	80002554	01d069b3	or	x19,x0,x29	  x0:0x00000000 x29:0x00000000 x19=0x00000000
        4485000	       447	80002558	01eb1633	sll	x12,x22,x30	 x22:0x00000000 x30:0x00000002 x12=0x00000000
        4495000	       448	8000255c	001a0a13	addi	x20,x20,1	 x20:0x00000005 x20=0x00000006
        4505000	       449	80002560	410907b3	sub	x15,x18,x16	 x18:0x0000000d x16:0xffffb927 x15=0x000046e6
        4515000	       450	80002564	ff9a68e3	bltu	x20,x25,80002554	 x20:0x00000006 x25:0x0000000a
        4525000	       451	00000000	00000013	addi	x0,x0,0	  x0:0x00000000
        4535000	       452	80002550	00000013	addi	x0,x0,0	  x0:0x00000000
        4545000	       453	80002554	01d069b3	or	x19,x0,x29	  x0:0x00000000 x29:0x00000000 x19=0x00000000
        4555000	       454	80002558	01eb1633	sll	x12,x22,x30	 x22:0x00000000 x30:0x00000002 x12=0x00000000
        4565000	       455	8000255c	001a0a13	addi	x20,x20,1	 x20:0x00000006 x20=0x00000007
        4575000	       456	80002560	410907b3	sub	x15,x18,x16	 x18:0x0000000d x16:0xffffb927 x15=0x000046e6
        4585000	       457	80002564	ff9a68e3	bltu	x20,x25,80002554	 x20:0x00000007 x25:0x0000000a
        4595000	       458	00000000	00000013	addi	x0,x0,0	  x0:0x00000000
        4605000	       459	80002550	00000013	addi	x0,x0,0	  x0:0x00000000
        4615000	       460	80002554	01d069b3	or	x19,x0,x29	  x0:0x00000000 x29:0x00000000 x19=0x00000000
        4625000	       461	80002558	01eb1633	sll	x12,x22,x30	 x22:0x00000000 x30:0x00000002 x12=0x00000000
        4635000	       462	8000255c	001a0a13	addi	x20,x20,1	 x20:0x00000007 x20=0x00000008
        4645000	       463	80002560	410907b3	sub	x15,x18,x16	 x18:0x0000000d x16:0xffffb927 x15=0x000046e6
        4655000	       464	80002564	ff9a68e3	bltu	x20,x25,80002554	 x20:0x00000008 x25:0x0000000a
        4665000	       465	00000000	00000013	addi	x0,x0,0	  x0:0x00000000
        4675000	       466	80002550	00000013	addi	x0,x0,0	  x0:0x00000000
        4685000	       467	80002554	01d069b3	or	x19,x0,x29	  x0:0x00000000 x29:0x00000000 x19=0x00000000
        4695000	       468	80002558	01eb1633	sll	x12,x22,x30	 x22:0x00000000 x30:0x00000002 x12=0x00000000
        4705000	       469	8000255c	001a0a13	addi	x20,x20,1	 x20:0x00000008 x20=0x00000009
        4715000	       470	80002560	410907b3	sub	x15,x18,x16	 x18:0x0000000d x16:0xffffb927 x15=0x000046e6
        4725000	       471	80002564	ff9a68e3	bltu	x20,x25,80002554	 x20:0x00000009 x25:0x0000000a
        4735000	       472	00000000	00000013	addi	x0,x0,0	  x0:0x00000000
        4745000	       473	80002550	00000013	addi	x0,x0,0	  x0:0x00000000
        4755000	       474	80002554	01d069b3	or	x19,x0,x29	  x0:0x00000000 x29:0x00000000 x19=0x00000000
        4765000	       475	80002558	01eb1633	sll	x12,x22,x30	 x22:0x00000000 x30:0x00000002 x12=0x00000000
        4775000	       476	8000255c	001a0a13	addi	x20,x20,1	 x20:0x00000009 x20=0x0000000a
        4785000	       477	80002560	410907b3	sub	x15,x18,x16	 x18:0x0000000d x16:0xffffb927 x15=0x000046e6
        4795000	       478	80002564	ff9a68e3	bltu	x20,x25,80002554	 x20:0x0000000a x25:0x0000000a
        4805000	       479	80002568	fc7f76e3	bgeu	x30,x7,80002534	 x30:0x00000002  x7:0x00000005
        4815000	       480	8000256c	013eeb33	or	x22,x29,x19	 x29:0x00000000 x19:0x00000000 x22=0x00000000
        4825000	       481	80002570	ff700b93	addi	x23,x0,-9	  x0:0x00000000 x23=0xfffffff7
        4835000	       482	80002574	40db8eb3	sub	x29,x23,x13	 x23:0xfffffff7 x13:0x80009fc4 x29=0x7fff6033
        4845000	       483	80002578	ff200313	addi	x6,x0,-14	  x0:0x00000000  x6=0xfffffff2
        4855000	       484	8000257c	0193d033	srl	x0,x7,x25	  x7:0x00000005 x25:0x0000000a
        4865000	       485	80002580	03aabf13	sltiu	x30,x21,58	 x21:0x00000000 x30=0x00000001
        4875000	       486	80002584	0144f7b3	and	x15,x9,x20	  x9:0x00000014 x20:0x0000000a x15=0x00000000
        4885000	       487	80002588	40300f33	sub	x30,x0,x3	  x0:0x00000000  x3:0x80009fff x30=0x7fff6001
        4895000	       488	8000258c	ffbb8b93	addi	x23,x23,-5	 x23:0xfffffff7 x23=0xfffffff2
        4905000	       489	80002590	0170d733	srl	x14,x1,x23	  x1:0x00000653 x23:0xfffffff2 x14=0x00000000
        4915000	       490	80002594	fe6b98e3	bne	x23,x6,80002584	 x23:0xfffffff2  x6:0xfffffff2
        4925000	       491	80002598	3cf4fe93	andi	x29,x9,975	  x9:0x00000014 x29=0x00000004
        4935000	       492	8000259c	fceab2b7	lui	x5,0xfceab	  x5=0xfceab000
        4945000	       493	800025a0	00000013	addi	x0,x0,0	  x0:0x00000000
        4955000	       494	800025a4	41370c33	sub	x24,x14,x19	 x14:0x00000000 x19:0x00000000 x24=0x00000000
        4965000	       495	800025a8	86d9abb7	lui	x23,0x86d9a	 x23=0x86d9a000
        4975000	       496	800025ac	00359933	sll	x18,x11,x3	 x11:0x00000000  x3:0x80009fff x18=0x00000000
        4985000	       497	800025b0	00816c13	ori	x24,x2,8	  x2:0x0007ffff x24=0x0007ffff
        4995000	       498	800025b4	01b743b3	xor	x7,x14,x27	 x14:0x00000000 x27:0x00000001  x7=0x00000001
        5005000	       499	800025b8	017aa633	slt	x12,x21,x23	 x21:0x00000000 x23:0x86d9a000 x12=0x00000000
        5015000	       500	800025bc	02df9063	bne	x31,x13,800025dc	 x31:0xffffffec x13:0x80009fc4
        5025000	       501	00000000	00000013	addi	x0,x0,0	  x0:0x00000000
        5035000	       502	800025d8	00000013	addi	x0,x0,0	  x0:0x00000000
        5045000	       503	800025dc	01a85793	srli	x15,x16,0x1a	 x16:0xffffb927 x15=0x0000003f
        5055000	       504	800025e0	96decd97	auipc	x27,0x96dec	 x27=0x16dee5dc
        5065000	       505	800025e4	011d7e63	bgeu	x26,x17,80002600	 x26:0xffffffec x17:0x00000000
        5075000	       506	00000000	00000013	addi	x0,x0,0	  x0:0x00000000
        5085000	       507	800025fc	00000013	addi	x0,x0,0	  x0:0x00000000
        5095000	       508	80002600	0486f263	bgeu	x13,x8,80002644	 x13:0x80009fc4  x8:0xffffc000
        5105000	       509	80002604	a6dec013	xori	x0,x29,-1427	 x29:0x00000004
        5115000	       510	80002608	01c20e63	beq	x4,x28,80002624	  x4:0xf9bde54c x28:0x00000018
        5125000	       511	8000260c	0e6e2d13	slti	x26,x28,230	 x28:0x00000018 x26=0x00000001
        5135000	       512	80002610	01868a33	add	x20,x13,x24	 x13:0x80009fc4 x24:0x0007ffff x20=0x80089fc3
        5145000	       513	80002614	01e31813	slli	x16,x6,0x1e	  x6:0xfffffff2 x16=0x80000000
        5155000	       514	80002618	40e7d413	srai	x8,x15,0xe	 x15:0x0000003f  x8=0x00000000
        5165000	       515	8000261c	91d62b37	lui	x22,0x91d62	 x22=0x91d62000
        5175000	       516	80002620	00000013	addi	x0,x0,0	  x0:0x00000000
        5185000	       517	80002624	00000013	addi	x0,x0,0	  x0:0x00000000
        5195000	       518	80002628	01d75c93	srli	x25,x14,0x1d	 x14:0x00000000 x25=0x00000000
        5205000	       519	8000262c	17d78b13	addi	x22,x15,381	 x15:0x0000003f x22=0x000001bc
        5215000	       520	80002630	001c9b13	slli	x22,x25,0x1	 x25:0x00000000 x22=0x00000000
        5225000	       521	80002634	0174d3b3	srl	x7,x9,x23	  x9:0x00000014 x23:0x86d9a000  x7=0x00000014
        5235000	       522	80002638	00719633	sll	x12,x3,x7	  x3:0x80009fff  x7:0x00000014 x12=0xfff00000
        5245000	       523	8000263c	0254da63	bge	x9,x5,80002670	  x9:0x00000014  x5:0xfceab000
        5255000	       524	00000000	00000013	addi	x0,x0,0	  x0:0x00000000
        5265000	       525	8000266c	00000013	addi	x0,x0,0	  x0:0x00000000
        5275000	       526	80002670	a2b58593	addi	x11,x11,-1493	 x11:0x00000000 x11=0xfffffa2b
        5285000	       527	80002674	05b40263	beq	x8,x27,800026b8	  x8:0x00000000 x27:0x16dee5dc
        5295000	       528	80002678	02558663	beq	x11,x5,800026a4	 x11:0xfffffa2b  x5:0xfceab000
        5305000	       529	8000267c	00ee28b3	slt	x17,x28,x14	 x28:0x00000018 x14:0x00000000 x17=0x00000000
        5315000	       530	80002680	000920b3	slt	x1,x18,x0	 x18:0x00000000  x0:0x00000000  x1=0x00000000
        5325000	       531	80002684	02a6e463	bltu	x13,x10,800026ac	 x13:0x80009fc4 x10:0x80009f5c
        5335000	       532	80002688	00342733	slt	x14,x8,x3	  x8:0x00000000  x3:0x80009fff x14=0x00000000
        5345000	       533	8000268c	019fa833	slt	x16,x31,x25	 x31:0xffffffec x25:0x00000000 x16=0x00000001
        5355000	       534	80002690	0069de63	bge	x19,x6,800026ac	 x19:0x00000000  x6:0xfffffff2
        5365000	       535	00000000	00000013	addi	x0,x0,0	  x0:0x00000000
        5375000	       536	800026a8	00000013	addi	x0,x0,0	  x0:0x00000000
        5385000	       537	800026ac	00be80b3	add	x1,x29,x11	 x29:0x00000004 x11:0xfffffa2b  x1=0xfffffa2f
        5395000	       538	800026b0	000b8c33	add	x24,x23,x0	 x23:0x86d9a000  x0:0x00000000 x24=0x86d9a000
        5405000	       539	800026b4	0027d263	bge	x15,x2,800026b8	 x15:0x0000003f  x2:0x0007ffff
        5415000	       540	800026b8	7aab5f97	auipc	x31,0x7aab5	 x31=0xfaab76b4
        5425000	       541	800026bc	00bcdb93	srli	x23,x25,0xb	 x25:0x00000000 x23=0x00000000
        5435000	       542	800026c0	2fc40293	addi	x5,x8,764	  x8:0x00000000  x5=0x000002fc
        5445000	       543	800026c4	35d06c37	lui	x24,0x35d06	 x24=0x35d06000
        5455000	       544	800026c8	05800863	beq	x0,x24,80002718	  x0:0x00000000 x24:0x35d06000
        5465000	       545	800026cc	f3795eb7	lui	x29,0xf3795	 x29=0xf3795000
        5475000	       546	800026d0	f116c9b7	lui	x19,0xf116c	 x19=0xf116c000
        5485000	       547	800026d4	01bbc463	blt	x23,x27,800026dc	 x23:0x00000000 x27:0x16dee5dc
        5495000	       548	00000000	00000013	addi	x0,x0,0	  x0:0x00000000
        5505000	       549	800026d8	00000013	addi	x0,x0,0	  x0:0x00000000
        5515000	       550	800026dc	00d32e33	slt	x28,x6,x13	  x6:0xfffffff2 x13:0x80009fc4 x28=0x00000000
        5525000	       551	800026e0	172d0993	addi	x19,x26,370	 x26:0x00000001 x19=0x00000173
        5535000	       552	800026e4	0161ac33	slt	x24,x3,x22	  x3:0x80009fff x22:0x00000000 x24=0x00000001
        5545000	       553	800026e8	00dccd33	xor	x26,x25,x13	 x25:0x00000000 x13:0x80009fc4 x26=0x80009fc4
        5555000	       554	800026ec	403159b3	sra	x19,x2,x3	  x2:0x0007ffff  x3:0x80009fff x19=0x00000000
        5565000	       555	800026f0	010b9793	slli	x15,x23,0x10	 x23:0x00000000 x15=0x00000000
        5575000	       556	800026f4	02544e63	blt	x8,x5,80002730	  x8:0x00000000  x5:0x000002fc
        5585000	       557	00000000	00000013	addi	x0,x0,0	  x0:0x00000000
        5595000	       558	8000272c	00000013	addi	x0,x0,0	  x0:0x00000000
        5605000	       559	80002730	6fa62217	auipc	x4,0x6fa62	  x4=0xefa6472c
        5615000	       560	80002734	4166d333	sra	x6,x13,x22	 x13:0x80009fc4 x22:0x00000000  x6=0x80009fc4
        5625000	       561	80002738	ed14fb13	andi	x22,x9,-303	  x9:0x00000014 x22=0x00000010
        5635000	       562	8000273c	41b15733	sra	x14,x2,x27	  x2:0x0007ffff x27:0x16dee5dc x14=0x00000000
        5645000	       563	80002740	cf652193	slti	x3,x10,-778	 x10:0x80009f5c  x3=0x00000001
        5655000	       564	80002744	0129db13	srli	x22,x19,0x12	 x19:0x00000000 x22=0x00000000
        5665000	       565	80002748	2563a593	slti	x11,x7,598	  x7:0x00000014 x11=0x00000001
        5675000	       566	8000274c	7d42cb13	xori	x22,x5,2004	  x5:0x000002fc x22=0x00000528
        5685000	       567	80002750	00ea5c33	srl	x24,x20,x14	 x20:0x80089fc3 x14:0x00000000 x24=0x80089fc3
        5695000	       568	80002754	76344793	xori	x15,x8,1891	  x8:0x00000000 x15=0x00000763
        5705000	       569	80002758	01e4d0b3	srl	x1,x9,x30	  x9:0x00000014 x30:0x7fff6001  x1=0x0000000a
        5715000	       570	8000275c	d10102b7	lui	x5,0xd1010	  x5=0xd1010000
        5725000	       571	80002760	04218593	addi	x11,x3,66	  x3:0x00000001 x11=0x00000043
        5735000	       572	80002764	01f5ec63	bltu	x11,x31,8000277c	 x11:0x00000043 x31:0xfaab76b4
        5745000	       573	00000000	00000013	addi	x0,x0,0	  x0:0x00000000
        5755000	       574	80002778	00000013	addi	x0,x0,0	  x0:0x00000000
        5765000	       575	8000277c	05708663	beq	x1,x23,800027c8	  x1:0x0000000a x23:0x00000000
        5775000	       576	80002780	0161d813	srli	x16,x3,0x16	  x3:0x00000001 x16=0x00000000
        5785000	       577	80002784	018068b3	or	x17,x0,x24	  x0:0x00000000 x24:0x80089fc3 x17=0x80089fc3
        5795000	       578	80002788	a5a3c093	xori	x1,x7,-1446	  x7:0x00000014  x1=0xfffffa4e
        5805000	       579	8000278c	3e55f713	andi	x14,x11,997	 x11:0x00000043 x14=0x00000041
        5815000	       580	80002790	8fa29eb7	lui	x29,0x8fa29	 x29=0x8fa29000
        5825000	       581	80002794	d7ca8413	addi	x8,x21,-644	 x21:0x00000000  x8=0xfffffd7c
        5835000	       582	80002798	68704913	xori	x18,x0,1671	  x0:0x00000000 x18=0x00000687
        5845000	       583	8000279c	0300cc63	blt	x1,x16,800027d4	  x1:0xfffffa4e x16:0x00000000
        5855000	       584	00000000	00000013	addi	x0,x0,0	  x0:0x00000000
        5865000	       585	800027d0	00000013	addi	x0,x0,0	  x0:0x00000000
        5875000	       586	800027d4	00f10663	beq	x2,x15,800027e0	  x2:0x0007ffff x15:0x00000763
        5885000	       587	800027d8	01686a63	bltu	x16,x22,800027ec	 x16:0x00000000 x22:0x00000528
        5895000	       588	00000000	00000013	addi	x0,x0,0	  x0:0x00000000
        5905000	       589	800027e8	00000013	addi	x0,x0,0	  x0:0x00000000
        5915000	       590	800027ec	af75b293	sltiu	x5,x11,-1289	 x11:0x00000043  x5=0x00000001
        5925000	       591	800027f0	44f830b7	lui	x1,0x44f83	  x1=0x44f83000
        5935000	       592	800027f4	00159933	sll	x18,x11,x1	 x11:0x00000043  x1:0x44f83000 x18=0x00000043
        5945000	       593	800027f8	009d9233	sll	x4,x27,x9	 x27:0x16dee5dc  x9:0x00000014  x4=0x5dc00000
        5955000	       594	800027fc	0183feb3	and	x29,x7,x24	  x7:0x00000014 x24:0x80089fc3 x29=0x00000000
        5965000	       595	80002800	00331d93	slli	x27,x6,0x3	  x6:0x80009fc4 x27=0x0004fe20
        5975000	       596	80002804	014bc833	xor	x16,x23,x20	 x23:0x00000000 x20:0x80089fc3 x16=0x80089fc3
        5985000	       597	80002808	05d20863	beq	x4,x29,80002858	  x4:0x5dc00000 x29:0x00000000
        5995000	       598	8000280c	019d5a63	bge	x26,x25,80002820	 x26:0x80009fc4 x25:0x00000000
        6005000	       599	80002810	00c163b3	or	x7,x2,x12	  x2:0x0007ffff x12:0xfff00000  x7=0xfff7ffff
        6015000	       600	80002814	023b1463	bne	x22,x3,8000283c	 x22:0x00000528  x3:0x00000001
        6025000	       601	00000000	00000013	addi	x0,x0,0	  x0:0x00000000
        6035000	       602	80002838	00000013	addi	x0,x0,0	  x0:0x00000000
        6045000	       603	8000283c	38bff393	andi	x7,x31,907	 x31:0xfaab76b4  x7=0x00000280
        6055000	       604	80002840	008c04b3	add	x9,x24,x8	 x24:0x80089fc3  x8:0xfffffd7c  x9=0x80089d3f
        6065000	       605	80002844	9f4511b7	lui	x3,0x9f451	  x3=0x9f451000
        6075000	       606	80002848	037b4063	blt	x22,x23,80002868	 x22:0x00000528 x23:0x00000000
        6085000	       607	8000284c	01c6ae33	slt	x28,x13,x28	 x13:0x80009fc4 x28:0x00000000 x28=0x00000001
        6095000	       608	80002850	00f51293	slli	x5,x10,0xf	 x10:0x80009f5c  x5=0x4fae0000
        6105000	       609	80002854	6d9dfd13	andi	x26,x27,1753	 x27:0x0004fe20 x26=0x00000600
        6115000	       610	80002858	00fd9413	slli	x8,x27,0xf	 x27:0x0004fe20  x8=0x7f100000
        6125000	       611	8000285c	00945e33	srl	x28,x8,x9	  x8:0x7f100000  x9:0x80089d3f x28=0x00000000
        6135000	       612	80002860	042b7463	bgeu	x22,x2,800028a8	 x22:0x00000528  x2:0x0007ffff
        6145000	       613	80002864	03437663	bgeu	x6,x20,80002890	  x6:0x80009fc4 x20:0x80089fc3
        6155000	       614	80002868	00da2733	slt	x14,x20,x13	 x20:0x80089fc3 x13:0x80009fc4 x14=0x00000000
        6165000	       615	8000286c	01a5e733	or	x14,x11,x26	 x11:0x00000043 x26:0x00000600 x14=0x00000643
        6175000	       616	80002870	3285e413	ori	x8,x11,808	 x11:0x00000043  x8=0x0000036b
        6185000	       617	80002874	0183f733	and	x14,x7,x24	  x7:0x00000280 x24:0x80089fc3 x14=0x00000280
        6195000	       618	80002878	0171fe63	bgeu	x3,x23,80002894	  x3:0x9f451000 x23:0x00000000
        6205000	       619	00000000	00000013	addi	x0,x0,0	  x0:0x00000000
        6215000	       620	80002890	00000013	addi	x0,x0,0	  x0:0x00000000
        6225000	       621	80002894	016adc93	srli	x25,x21,0x16	 x21:0x00000000 x25=0x00000000
        6235000	       622	80002898	f4b06413	ori	x8,x0,-181	  x0:0x00000000  x8=0xffffff4b
        6245000	       623	8000289c	8b79dbb7	lui	x23,0x8b79d	 x23=0x8b79d000
        6255000	       624	800028a0	0117dc63	bge	x15,x17,800028b8	 x15:0x00000763 x17:0x80089fc3
        6265000	       625	00000000	00000013	addi	x0,x0,0	  x0:0x00000000
        6275000	       626	800028b4	00000013	addi	x0,x0,0	  x0:0x00000000
        6285000	       627	800028b8	00707933	and	x18,x0,x7	  x0:0x00000000  x7:0x00000280 x18=0x00000000
        6295000	       628	800028bc	8ef7f113	andi	x2,x15,-1809	 x15:0x00000763  x2=0x00000063
        6305000	       629	800028c0	01fbee63	bltu	x23,x31,800028dc	 x23:0x8b79d000 x31:0xfaab76b4
        6315000	       630	00000000	00000013	addi	x0,x0,0	  x0:0x00000000
        6325000	       631	800028d8	00000013	addi	x0,x0,0	  x0:0x00000000
        6335000	       632	800028dc	a0dcb193	sltiu	x3,x25,-1523	 x25:0x00000000  x3=0x00000001
        6345000	       633	800028e0	00452883	lw	x17,4(x10)	 x10:0x80009f5c x17=0x80000140 PA:0x80009f60
        6355000	       634	800028e4	00aa3233	sltu	x4,x20,x10	 x20:0x80089fc3 x10:0x80009f5c  x4=0x00000000
        6365000	       635	800028e8	02850513	addi	x10,x10,40	 x10:0x80009f5c x10=0x80009f84
        6375000	       636	800028ec	41de5613	srai	x12,x28,0x1d	 x28:0x00000000 x12=0x00000000
        6385000	       637	800028f0	011103b3	add	x7,x2,x17	  x2:0x00000063 x17:0x80000140  x7=0x800001a3
        6395000	       638	800028f4	00188613	addi	x12,x17,1	 x17:0x80000140 x12=0x80000141
        6405000	       639	800028f8	00060667	jalr	x12,x12,0	 x12:0x80000141 x12=0x800028f8
        6415000	       640	00000000	00000013	addi	x0,x0,0	  x0:0x00000000
        6425000	       641	80000140	00000013	addi	x0,x0,0	  x0:0x00000000
        6435000	       642	80000144	01286cb3	or	x25,x16,x18	 x16:0x80089fc3 x18:0x00000000 x25=0x80089fc3
        6445000	       643	80000148	8db23e13	sltiu	x28,x4,-1829	  x4:0x00000000 x28=0x00000001
        6455000	       644	8000014c	00000417	auipc	x8,0x0	  x8=0x80000148
        6465000	       645	80000150	18440413	addi	x8,x8,388	  x8:0x80000148  x8=0x800002cc
        6475000	       646	80000154	c0940413	addi	x8,x8,-1015	  x8:0x800002cc  x8=0x7ffffed5
        6485000	       647	80000158	00271d13	slli	x26,x14,0x2	 x14:0x00000280 x26=0x00000a00
        6495000	       648	8000015c	403fde93	srai	x29,x31,0x3	 x31:0xfaab76b4 x29=0xff556ed6
        6505000	       649	80000160	00a31e13	slli	x28,x6,0xa	  x6:0x80009fc4 x28=0x027f1000
        6515000	       650	80000164	01575bb3	srl	x23,x14,x21	 x14:0x00000280 x21:0x00000000 x23=0x00000280
        6525000	       651	80000168	00b7c633	xor	x12,x15,x11	 x15:0x00000763 x11:0x00000043 x12=0x00000720
        6535000	       652	8000016c	accf4613	xori	x12,x30,-1332	 x30:0x7fff6001 x12=0x80009acd
        6545000	       653	80000170	01d10db3	add	x27,x2,x29	  x2:0x00000063 x29:0xff556ed6 x27=0xff556f39
        6555000	       654	80000174	3f8408e7	jalr	x17,x8,1016	  x8:0x7ffffed5 x17=0x80000174
        6565000	       655	00000000	00000013	addi	x0,x0,0	  x0:0x00000000
        6575000	       656	800002cc	00000013	addi	x0,x0,0	  x0:0x00000000
        6585000	       657	800002d0	1c510e97	auipc	x29,0x1c510	 x29=0x9c5102cc
        6595000	       658	800002d4	00031d33	sll	x26,x6,x0	  x6:0x80009fc4  x0:0x00000000 x26=0x80009fc4
        6605000	       659	800002d8	00705263	bge	x0,x7,800002dc	  x0:0x00000000  x7:0x800001a3
        6615000	       660	00000000	00000013	addi	x0,x0,0	  x0:0x00000000
        6625000	       661	800002d8	00000013	addi	x0,x0,0	  x0:0x00000000
        6635000	       662	800002dc	fe050513	addi	x10,x10,-32	 x10:0x80009f84 x10=0x80009f64
        6645000	       663	800002e0	bbbc5f97	auipc	x31,0xbbbc5	 x31=0x3bbc52dc
        6655000	       664	800002e4	d154ce13	xori	x28,x9,-747	  x9:0x80089d3f x28=0x7ff7602a
        6665000	       665	800002e8	01152223	sw	x17,4(x10)	 x10:0x80009f64 x17:0x80000174 PA:0x80009f68
        6675000	       666	800002ec	003ddbb3	srl	x23,x27,x3	 x27:0xff556f39  x3:0x00000001 x23=0x7faab79c
        6685000	       667	800002f0	00000013	addi	x0,x0,0	  x0:0x00000000
        6695000	       668	800002f4	00a00593	addi	x11,x0,10	  x0:0x00000000 x11=0x0000000a
        6705000	       669	800002f8	41955213	srai	x4,x10,0x19	 x10:0x80009f64  x4=0xffffffc0
        6715000	       670	800002fc	01c559b3	srl	x19,x10,x28	 x10:0x80009f64 x28:0x7ff7602a x19=0x00200027
        6725000	       671	80000300	01dc1a13	slli	x20,x24,0x1d	 x24:0x80089fc3 x20=0x60000000
        6735000	       672	80000304	00a00e13	addi	x28,x0,10	  x0:0x00000000 x28=0x0000000a
        6745000	       673	80000308	01222a33	slt	x20,x4,x18	  x4:0xffffffc0 x18:0x00000000 x20=0x00000001
        6755000	       674	8000030c	017d2033	slt	x0,x26,x23	 x26:0x80009fc4 x23:0x7faab79c
        6765000	       675	80000310	ff758593	addi	x11,x11,-9	 x11:0x0000000a x11=0x00000001
        6775000	       676	80000314	b6ee3893	sltiu	x17,x28,-1170	 x28:0x0000000a x17=0x00000001
        6785000	       677	80000318	00400f93	addi	x31,x0,4	  x0:0x00000000 x31=0x00000004
        6795000	       678	8000031c	00f411b3	sll	x3,x8,x15	  x8:0x7ffffed5 x15:0x00000763  x3=0xfffff6a8
        6805000	       679	80000320	ff700b93	addi	x23,x0,-9	  x0:0x00000000 x23=0xfffffff7
        6815000	       680	80000324	01770333	add	x6,x14,x23	 x14:0x00000280 x23:0xfffffff7  x6=0x00000277
        6825000	       681	80000328	b8392893	slti	x17,x18,-1149	 x18:0x00000000 x17=0x00000000
        6835000	       682	8000032c	be1ee793	ori	x15,x29,-1055	 x29:0x9c5102cc x15=0xfffffbed
        6845000	       683	80000330	ff6f8f93	addi	x31,x31,-10	 x31:0x00000004 x31=0xfffffffa
        6855000	       684	80000334	b101e713	ori	x14,x3,-1264	  x3:0xfffff6a8 x14=0xffffffb8
        6865000	       685	80000338	0086acb3	slt	x25,x13,x8	 x13:0x80009fc4  x8:0x7ffffed5 x25=0x00000001
        6875000	       686	8000033c	ff7fd6e3	bge	x31,x23,80000328	 x31:0xfffffffa x23:0xfffffff7
        6885000	       687	00000000	00000013	addi	x0,x0,0	  x0:0x00000000
        6895000	       688	80000324	00000013	addi	x0,x0,0	  x0:0x00000000
        6905000	       689	80000328	b8392893	slti	x17,x18,-1149	 x18:0x00000000 x17=0x00000000
        6915000	       690	8000032c	be1ee793	ori	x15,x29,-1055	 x29:0x9c5102cc x15=0xfffffbed
        6925000	       691	80000330	ff6f8f93	addi	x31,x31,-10	 x31:0xfffffffa x31=0xfffffff0
        6935000	       692	80000334	b101e713	ori	x14,x3,-1264	  x3:0xfffff6a8 x14=0xffffffb8
        6945000	       693	80000338	0086acb3	slt	x25,x13,x8	 x13:0x80009fc4  x8:0x7ffffed5 x25=0x00000001
        6955000	       694	8000033c	ff7fd6e3	bge	x31,x23,80000328	 x31:0xfffffff0 x23:0xfffffff7
        6965000	       695	80000340	4043d893	srai	x17,x7,0x4	  x7:0x800001a3 x17=0xf800001a
        6975000	       696	80000344	fdc5f4e3	bgeu	x11,x28,8000030c	 x11:0x00000001 x28:0x0000000a
        6985000	       697	80000348	306f3797	auipc	x15,0x306f3	 x15=0xb06f3344
        6995000	       698	8000034c	00500e93	addi	x29,x0,5	  x0:0x00000000 x29=0x00000005
        7005000	       699	80000350	41b3d3b3	sra	x7,x7,x27	  x7:0x800001a3 x27:0xff556f39  x7=0xffffffc0
        7015000	       700	80000354	92858313	addi	x6,x11,-1752	 x11:0x00000001  x6=0xfffff929
        7025000	       701	80000358	010a1b93	slli	x23,x20,0x10	 x20:0x00000001 x23=0x00010000
        7035000	       702	8000035c	01300493	addi	x9,x0,19	  x0:0x00000000  x9=0x00000013
        7045000	       703	80000360	392bc893	xori	x17,x23,914	 x23:0x00010000 x17=0x00010392
        7055000	       704	80000364	007e8e93	addi	x29,x29,7	 x29:0x00000005 x29=0x0000000c
        7065000	       705	80000368	01c1e1b3	or	x3,x3,x28	  x3:0xfffff6a8 x28:0x0000000a  x3=0xfffff6aa
        7075000	       706	8000036c	00eb2c33	slt	x24,x22,x14	 x22:0x00000528 x14:0xffffffb8 x24=0x00000000
        7085000	       707	80000370	d3536613	ori	x12,x6,-715	  x6:0xfffff929 x12=0xfffffd3d
        7095000	       708	80000374	00e1c833	xor	x16,x3,x14	  x3:0xfffff6aa x14:0xffffffb8 x16=0x00000912
        7105000	       709	80000378	005d93b3	sll	x7,x27,x5	 x27:0xff556f39  x5:0x4fae0000  x7=0xff556f39
        7115000	       710	8000037c	4d0a6013	ori	x0,x20,1232	 x20:0x00000001
        7125000	       711	80000380	ff600d13	addi	x26,x0,-10	  x0:0x00000000 x26=0xfffffff6
        7135000	       712	80000384	00600993	addi	x19,x0,6	  x0:0x00000000 x19=0x00000006
        7145000	       713	80000388	41268e33	sub	x28,x13,x18	 x13:0x80009fc4 x18:0x00000000 x28=0x80009fc4
        7155000	       714	8000038c	ba468193	addi	x3,x13,-1116	 x13:0x80009fc4  x3=0x80009b68
        7165000	       715	80000390	3f0eb213	sltiu	x4,x29,1008	 x29:0x0000000c  x4=0x00000001
        7175000	       716	80000394	145e4213	xori	x4,x28,325	 x28:0x80009fc4  x4=0x80009e81
        7185000	       717	80000398	1f980a13	addi	x20,x16,505	 x16:0x00000912 x20=0x00000b0b
        7195000	       718	8000039c	008d0d13	addi	x26,x26,8	 x26:0xfffffff6 x26=0xfffffffe
        7205000	       719	800003a0	b5a2fd97	auipc	x27,0xb5a2f	 x27=0x35a2f39c
        7215000	       720	800003a4	ff3d14e3	bne	x26,x19,8000038c	 x26:0xfffffffe x19:0x00000006
        7225000	       721	00000000	00000013	addi	x0,x0,0	  x0:0x00000000
        7235000	       722	80000388	00000013	addi	x0,x0,0	  x0:0x00000000
        7245000	       723	8000038c	ba468193	addi	x3,x13,-1116	 x13:0x80009fc4  x3=0x80009b68
        7255000	       724	80000390	3f0eb213	sltiu	x4,x29,1008	 x29:0x0000000c  x4=0x00000001
        7265000	       725	80000394	145e4213	xori	x4,x28,325	 x28:0x80009fc4  x4=0x80009e81
        7275000	       726	80000398	1f980a13	addi	x20,x16,505	 x16:0x00000912 x20=0x00000b0b
        7285000	       727	8000039c	008d0d13	addi	x26,x26,8	 x26:0xfffffffe x26=0x00000006
        7295000	       728	800003a0	b5a2fd97	auipc	x27,0xb5a2f	 x27=0x35a2f39c
        7305000	       729	800003a4	ff3d14e3	bne	x26,x19,8000038c	 x26:0x00000006 x19:0x00000006
        7315000	       730	800003a8	38160717	auipc	x14,0x38160	 x14=0xb81603a4
        7325000	       731	800003ac	415d5333	sra	x6,x26,x21	 x26:0x00000006 x21:0x00000000  x6=0x00000006
        7335000	       732	800003b0	a21ea793	slti	x15,x29,-1503	 x29:0x0000000c x15=0x00000000
        7345000	       733	800003b4	01f42433	slt	x8,x8,x31	  x8:0x7ffffed5 x31:0xfffffff0  x8=0x00000000
        7355000	       734	800003b8	40a3d733	sra	x14,x7,x10	  x7:0xff556f39 x10:0x80009f64 x14=0xfff556f3
        7365000	       735	800003bc	01586033	or	x0,x16,x21	 x16:0x00000912 x21:0x00000000
        7375000	       736	800003c0	fa9e80e3	beq	x29,x9,80000360	 x29:0x0000000c  x9:0x00000013
        7385000	       737	800003c4	13a60f13	addi	x30,x12,314	 x12:0xfffffd3d x30=0xfffffe77
        7395000	       738	800003c8	fff00493	addi	x9,x0,-1	  x0:0x00000000  x9=0xffffffff
        7405000	       739	800003cc	54888013	addi	x0,x17,1352	 x17:0x00010392
        7415000	       740	800003d0	0027f0b3	and	x1,x15,x2	 x15:0x00000000  x2:0x00000063  x1=0x00000000
        7425000	       741	800003d4	01100f13	addi	x30,x0,17	  x0:0x00000000 x30=0x00000011
        7435000	       742	800003d8	40fe01b3	sub	x3,x28,x15	 x28:0x80009fc4 x15:0x00000000  x3=0x80009fc4
        7445000	       743	800003dc	4153dfb3	sra	x31,x7,x21	  x7:0xff556f39 x21:0x00000000 x31=0xff556f39
        7455000	       744	800003e0	fa442f93	slti	x31,x8,-92	  x8:0x00000000 x31=0x00000000
        7465000	       745	800003e4	44a9e093	ori	x1,x19,1098	 x19:0x00000006  x1=0x0000044e
        7475000	       746	800003e8	00000013	addi	x0,x0,0	  x0:0x00000000
        7485000	       747	800003ec	404d5d33	sra	x26,x26,x4	 x26:0x00000006  x4:0x80009e81 x26=0x00000003
        7495000	       748	800003f0	11907893	andi	x17,x0,281	  x0:0x00000000 x17=0x00000000
        7505000	       749	800003f4	00a1ca33	xor	x20,x3,x10	  x3:0x80009fc4 x10:0x80009f64 x20=0x000000a0
        7515000	       750	800003f8	00a48493	addi	x9,x9,10	  x9:0xffffffff  x9=0x00000009
        7525000	       751	800003fc	00513fb3	sltu	x31,x2,x5	  x2:0x00000063  x5:0x4fae0000 x31=0x00000001
        7535000	       752	80000400	40ead013	srai	x0,x21,0xe	 x21:0x00000000
        7545000	       753	80000404	e8a26717	auipc	x14,0xe8a26	 x14=0x68a26400
        7555000	       754	80000408	01dad833	srl	x16,x21,x29	 x21:0x00000000 x29:0x0000000c x16=0x00000000
        7565000	       755	8000040c	00200b93	addi	x23,x0,2	  x0:0x00000000 x23=0x00000002
        7575000	       756	80000410	01100613	addi	x12,x0,17	  x0:0x00000000 x12=0x00000011
        7585000	       757	80000414	41ec8133	sub	x2,x25,x30	 x25:0x00000001 x30:0x00000011  x2=0xfffffff0
        7595000	       758	80000418	00000013	addi	x0,x0,0	  x0:0x00000000
        7605000	       759	8000041c	40915d33	sra	x26,x2,x9	  x2:0xfffffff0  x9:0x00000009 x26=0xffffffff
        7615000	       760	80000420	009b8b93	addi	x23,x23,9	 x23:0x00000002 x23=0x0000000b
        7625000	       761	80000424	fecbeae3	bltu	x23,x12,80000418	 x23:0x0000000b x12:0x00000011
        7635000	       762	00000000	00000013	addi	x0,x0,0	  x0:0x00000000
        7645000	       763	80000414	00000013	addi	x0,x0,0	  x0:0x00000000
        7655000	       764	80000418	00000013	addi	x0,x0,0	  x0:0x00000000
        7665000	       765	8000041c	40915d33	sra	x26,x2,x9	  x2:0xfffffff0  x9:0x00000009 x26=0xffffffff
        7675000	       766	80000420	009b8b93	addi	x23,x23,9	 x23:0x0000000b x23=0x00000014
        7685000	       767	80000424	fecbeae3	bltu	x23,x12,80000418	 x23:0x00000014 x12:0x00000011
        7695000	       768	80000428	bbbcb5b7	lui	x11,0xbbbcb	 x11=0xbbbcb000
        7705000	       769	8000042c	413adc93	srai	x25,x21,0x13	 x21:0x00000000 x25=0x00000000
        7715000	       770	80000430	9cd5cd13	xori	x26,x11,-1587	 x11:0xbbbcb000 x26=0x444349cd
        7725000	       771	80000434	00361013	slli	x0,x12,0x3	 x12:0x00000011
        7735000	       772	80000438	fbe4e6e3	bltu	x9,x30,800003e4	  x9:0x00000009 x30:0x00000011
        7745000	       773	00000000	00000013	addi	x0,x0,0	  x0:0x00000000
        7755000	       774	800003e0	00000013	addi	x0,x0,0	  x0:0x00000000
        7765000	       775	800003e4	44a9e093	ori	x1,x19,1098	 x19:0x00000006  x1=0x0000044e
        7775000	       776	800003e8	00000013	addi	x0,x0,0	  x0:0x00000000
        7785000	       777	800003ec	404d5d33	sra	x26,x26,x4	 x26:0x444349cd  x4:0x80009e81 x26=0x2221a4e6
        7795000	       778	800003f0	11907893	andi	x17,x0,281	  x0:0x00000000 x17=0x00000000
        7805000	       779	800003f4	00a1ca33	xor	x20,x3,x10	  x3:0x80009fc4 x10:0x80009f64 x20=0x000000a0
        7815000	       780	800003f8	00a48493	addi	x9,x9,10	  x9:0x00000009  x9=0x00000013
        7825000	       781	800003fc	00513fb3	sltu	x31,x2,x5	  x2:0xfffffff0  x5:0x4fae0000 x31=0x00000000
        7835000	       782	80000400	40ead013	srai	x0,x21,0xe	 x21:0x00000000
        7845000	       783	80000404	e8a26717	auipc	x14,0xe8a26	 x14=0x68a26400
        7855000	       784	80000408	01dad833	srl	x16,x21,x29	 x21:0x00000000 x29:0x0000000c x16=0x00000000
        7865000	       785	8000040c	00200b93	addi	x23,x0,2	  x0:0x00000000 x23=0x00000002
        7875000	       786	80000410	01100613	addi	x12,x0,17	  x0:0x00000000 x12=0x00000011
        7885000	       787	80000414	41ec8133	sub	x2,x25,x30	 x25:0x00000000 x30:0x00000011  x2=0xffffffef
        7895000	       788	80000418	00000013	addi	x0,x0,0	  x0:0x00000000
        7905000	       789	8000041c	40915d33	sra	x26,x2,x9	  x2:0xffffffef  x9:0x00000013 x26=0xffffffff
        7915000	       790	80000420	009b8b93	addi	x23,x23,9	 x23:0x00000002 x23=0x0000000b
        7925000	       791	80000424	fecbeae3	bltu	x23,x12,80000418	 x23:0x0000000b x12:0x00000011
        7935000	       792	00000000	00000013	addi	x0,x0,0	  x0:0x00000000
        7945000	       793	80000414	00000013	addi	x0,x0,0	  x0:0x00000000
        7955000	       794	80000418	00000013	addi	x0,x0,0	  x0:0x00000000
        7965000	       795	8000041c	40915d33	sra	x26,x2,x9	  x2:0xffffffef  x9:0x00000013 x26=0xffffffff
        7975000	       796	80000420	009b8b93	addi	x23,x23,9	 x23:0x0000000b x23=0x00000014
        7985000	       797	80000424	fecbeae3	bltu	x23,x12,80000418	 x23:0x00000014 x12:0x00000011
        7995000	       798	80000428	bbbcb5b7	lui	x11,0xbbbcb	 x11=0xbbbcb000
        8005000	       799	8000042c	413adc93	srai	x25,x21,0x13	 x21:0x00000000 x25=0x00000000
        8015000	       800	80000430	9cd5cd13	xori	x26,x11,-1587	 x11:0xbbbcb000 x26=0x444349cd
        8025000	       801	80000434	00361013	slli	x0,x12,0x3	 x12:0x00000011
        8035000	       802	80000438	fbe4e6e3	bltu	x9,x30,800003e4	  x9:0x00000013 x30:0x00000011
        8045000	       803	8000043c	01240033	add	x0,x8,x18	  x8:0x00000000 x18:0x00000000
        8055000	       804	80000440	00a00813	addi	x16,x0,10	  x0:0x00000000 x16=0x0000000a
        8065000	       805	80000444	01400593	addi	x11,x0,20	  x0:0x00000000 x11=0x00000014
        8075000	       806	80000448	00f82e33	slt	x28,x16,x15	 x16:0x0000000a x15:0x00000000 x28=0x00000000
        8085000	       807	8000044c	fce17413	andi	x8,x2,-50	  x2:0xffffffef  x8=0xffffffce
        8095000	       808	80000450	00280813	addi	x16,x16,2	 x16:0x0000000a x16=0x0000000c
        8105000	       809	80000454	01b32b13	slti	x22,x6,27	  x6:0x00000006 x22=0x00000001
        8115000	       810	80000458	0048a633	slt	x12,x17,x4	 x17:0x00000000  x4:0x80009e81 x12=0x00000000
        8125000	       811	8000045c	01525d13	srli	x26,x4,0x15	  x4:0x80009e81 x26=0x00000400
        8135000	       812	80000460	00700193	addi	x3,x0,7	  x0:0x00000000  x3=0x00000007
        8145000	       813	80000464	00700d93	addi	x27,x0,7	  x0:0x00000000 x27=0x00000007
        8155000	       814	80000468	ef500313	addi	x6,x0,-267	  x0:0x00000000  x6=0xfffffef5
        8165000	       815	8000046c	507a3b97	auipc	x23,0x507a3	 x23=0xd07a3468
        8175000	       816	80000470	ffb18193	addi	x3,x3,-5	  x3:0x00000007  x3=0x00000002
        8185000	       817	80000474	01dddc93	srli	x25,x27,0x1d	 x27:0x00000007 x25=0x00000000
        8195000	       818	80000478	0accc793	xori	x15,x25,172	 x25:0x00000000 x15=0x000000ac
        8205000	       819	8000047c	ffb1f6e3	bgeu	x3,x27,80000468	  x3:0x00000002 x27:0x00000007
        8215000	       820	80000480	01336733	or	x14,x6,x19	  x6:0xfffffef5 x19:0x00000006 x14=0xfffffef7
        8225000	       821	80000484	dc0a4d13	xori	x26,x20,-576	 x20:0x000000a0 x26=0xfffffd60
        8235000	       822	80000488	000b4333	xor	x6,x22,x0	 x22:0x00000001  x0:0x00000000  x6=0x00000001
        8245000	       823	8000048c	fab81ee3	bne	x16,x11,80000448	 x16:0x0000000c x11:0x00000014
        8255000	       824	00000000	00000013	addi	x0,x0,0	  x0:0x00000000
        8265000	       825	80000444	00000013	addi	x0,x0,0	  x0:0x00000000
        8275000	       826	80000448	00f82e33	slt	x28,x16,x15	 x16:0x0000000c x15:0x000000ac x28=0x00000001
        8285000	       827	8000044c	fce17413	andi	x8,x2,-50	  x2:0xffffffef  x8=0xffffffce
        8295000	       828	80000450	00280813	addi	x16,x16,2	 x16:0x0000000c x16=0x0000000e
        8305000	       829	80000454	01b32b13	slti	x22,x6,27	  x6:0x00000001 x22=0x00000001
        8315000	       830	80000458	0048a633	slt	x12,x17,x4	 x17:0x00000000  x4:0x80009e81 x12=0x00000000
        8325000	       831	8000045c	01525d13	srli	x26,x4,0x15	  x4:0x80009e81 x26=0x00000400
        8335000	       832	80000460	00700193	addi	x3,x0,7	  x0:0x00000000  x3=0x00000007
        8345000	       833	80000464	00700d93	addi	x27,x0,7	  x0:0x00000000 x27=0x00000007
        8355000	       834	80000468	ef500313	addi	x6,x0,-267	  x0:0x00000000  x6=0xfffffef5
        8365000	       835	8000046c	507a3b97	auipc	x23,0x507a3	 x23=0xd07a3468
        8375000	       836	80000470	ffb18193	addi	x3,x3,-5	  x3:0x00000007  x3=0x00000002
        8385000	       837	80000474	01dddc93	srli	x25,x27,0x1d	 x27:0x00000007 x25=0x00000000
        8395000	       838	80000478	0accc793	xori	x15,x25,172	 x25:0x00000000 x15=0x000000ac
        8405000	       839	8000047c	ffb1f6e3	bgeu	x3,x27,80000468	  x3:0x00000002 x27:0x00000007
        8415000	       840	80000480	01336733	or	x14,x6,x19	  x6:0xfffffef5 x19:0x00000006 x14=0xfffffef7
        8425000	       841	80000484	dc0a4d13	xori	x26,x20,-576	 x20:0x000000a0 x26=0xfffffd60
        8435000	       842	80000488	000b4333	xor	x6,x22,x0	 x22:0x00000001  x0:0x00000000  x6=0x00000001
        8445000	       843	8000048c	fab81ee3	bne	x16,x11,80000448	 x16:0x0000000e x11:0x00000014
        8455000	       844	00000000	00000013	addi	x0,x0,0	  x0:0x00000000
        8465000	       845	80000444	00000013	addi	x0,x0,0	  x0:0x00000000
        8475000	       846	80000448	00f82e33	slt	x28,x16,x15	 x16:0x0000000e x15:0x000000ac x28=0x00000001
        8485000	       847	8000044c	fce17413	andi	x8,x2,-50	  x2:0xffffffef  x8=0xffffffce
        8495000	       848	80000450	00280813	addi	x16,x16,2	 x16:0x0000000e x16=0x00000010
        8505000	       849	80000454	01b32b13	slti	x22,x6,27	  x6:0x00000001 x22=0x00000001
        8515000	       850	80000458	0048a633	slt	x12,x17,x4	 x17:0x00000000  x4:0x80009e81 x12=0x00000000
        8525000	       851	8000045c	01525d13	srli	x26,x4,0x15	  x4:0x80009e81 x26=0x00000400
        8535000	       852	80000460	00700193	addi	x3,x0,7	  x0:0x00000000  x3=0x00000007
        8545000	       853	80000464	00700d93	addi	x27,x0,7	  x0:0x00000000 x27=0x00000007
        8555000	       854	80000468	ef500313	addi	x6,x0,-267	  x0:0x00000000  x6=0xfffffef5
        8565000	       855	8000046c	507a3b97	auipc	x23,0x507a3	 x23=0xd07a3468
        8575000	       856	80000470	ffb18193	addi	x3,x3,-5	  x3:0x00000007  x3=0x00000002
        8585000	       857	80000474	01dddc93	srli	x25,x27,0x1d	 x27:0x00000007 x25=0x00000000
        8595000	       858	80000478	0accc793	xori	x15,x25,172	 x25:0x00000000 x15=0x000000ac
        8605000	       859	8000047c	ffb1f6e3	bgeu	x3,x27,80000468	  x3:0x00000002 x27:0x00000007
        8615000	       860	80000480	01336733	or	x14,x6,x19	  x6:0xfffffef5 x19:0x00000006 x14=0xfffffef7
        8625000	       861	80000484	dc0a4d13	xori	x26,x20,-576	 x20:0x000000a0 x26=0xfffffd60
        8635000	       862	80000488	000b4333	xor	x6,x22,x0	 x22:0x00000001  x0:0x00000000  x6=0x00000001
        8645000	       863	8000048c	fab81ee3	bne	x16,x11,80000448	 x16:0x00000010 x11:0x00000014
        8655000	       864	00000000	00000013	addi	x0,x0,0	  x0:0x00000000
        8665000	       865	80000444	00000013	addi	x0,x0,0	  x0:0x00000000
        8675000	       866	80000448	00f82e33	slt	x28,x16,x15	 x16:0x00000010 x15:0x000000ac x28=0x00000001
        8685000	       867	8000044c	fce17413	andi	x8,x2,-50	  x2:0xffffffef  x8=0xffffffce
        8695000	       868	80000450	00280813	addi	x16,x16,2	 x16:0x00000010 x16=0x00000012
        8705000	       869	80000454	01b32b13	slti	x22,x6,27	  x6:0x00000001 x22=0x00000001
        8715000	       870	80000458	0048a633	slt	x12,x17,x4	 x17:0x00000000  x4:0x80009e81 x12=0x00000000
        8725000	       871	8000045c	01525d13	srli	x26,x4,0x15	  x4:0x80009e81 x26=0x00000400
        8735000	       872	80000460	00700193	addi	x3,x0,7	  x0:0x00000000  x3=0x00000007
        8745000	       873	80000464	00700d93	addi	x27,x0,7	  x0:0x00000000 x27=0x00000007
        8755000	       874	80000468	ef500313	addi	x6,x0,-267	  x0:0x00000000  x6=0xfffffef5
        8765000	       875	8000046c	507a3b97	auipc	x23,0x507a3	 x23=0xd07a3468
        8775000	       876	80000470	ffb18193	addi	x3,x3,-5	  x3:0x00000007  x3=0x00000002
        8785000	       877	80000474	01dddc93	srli	x25,x27,0x1d	 x27:0x00000007 x25=0x00000000
        8795000	       878	80000478	0accc793	xori	x15,x25,172	 x25:0x00000000 x15=0x000000ac
        8805000	       879	8000047c	ffb1f6e3	bgeu	x3,x27,80000468	  x3:0x00000002 x27:0x00000007
        8815000	       880	80000480	01336733	or	x14,x6,x19	  x6:0xfffffef5 x19:0x00000006 x14=0xfffffef7
        8825000	       881	80000484	dc0a4d13	xori	x26,x20,-576	 x20:0x000000a0 x26=0xfffffd60
        8835000	       882	80000488	000b4333	xor	x6,x22,x0	 x22:0x00000001  x0:0x00000000  x6=0x00000001
        8845000	       883	8000048c	fab81ee3	bne	x16,x11,80000448	 x16:0x00000012 x11:0x00000014
        8855000	       884	00000000	00000013	addi	x0,x0,0	  x0:0x00000000
        8865000	       885	80000444	00000013	addi	x0,x0,0	  x0:0x00000000
        8875000	       886	80000448	00f82e33	slt	x28,x16,x15	 x16:0x00000012 x15:0x000000ac x28=0x00000001
        8885000	       887	8000044c	fce17413	andi	x8,x2,-50	  x2:0xffffffef  x8=0xffffffce
        8895000	       888	80000450	00280813	addi	x16,x16,2	 x16:0x00000012 x16=0x00000014
        8905000	       889	80000454	01b32b13	slti	x22,x6,27	  x6:0x00000001 x22=0x00000001
        8915000	       890	80000458	0048a633	slt	x12,x17,x4	 x17:0x00000000  x4:0x80009e81 x12=0x00000000
        8925000	       891	8000045c	01525d13	srli	x26,x4,0x15	  x4:0x80009e81 x26=0x00000400
        8935000	       892	80000460	00700193	addi	x3,x0,7	  x0:0x00000000  x3=0x00000007
        8945000	       893	80000464	00700d93	addi	x27,x0,7	  x0:0x00000000 x27=0x00000007
        8955000	       894	80000468	ef500313	addi	x6,x0,-267	  x0:0x00000000  x6=0xfffffef5
        8965000	       895	8000046c	507a3b97	auipc	x23,0x507a3	 x23=0xd07a3468
        8975000	       896	80000470	ffb18193	addi	x3,x3,-5	  x3:0x00000007  x3=0x00000002
        8985000	       897	80000474	01dddc93	srli	x25,x27,0x1d	 x27:0x00000007 x25=0x00000000
        8995000	       898	80000478	0accc793	xori	x15,x25,172	 x25:0x00000000 x15=0x000000ac
        9005000	       899	8000047c	ffb1f6e3	bgeu	x3,x27,80000468	  x3:0x00000002 x27:0x00000007
        9015000	       900	80000480	01336733	or	x14,x6,x19	  x6:0xfffffef5 x19:0x00000006 x14=0xfffffef7
        9025000	       901	80000484	dc0a4d13	xori	x26,x20,-576	 x20:0x000000a0 x26=0xfffffd60
        9035000	       902	80000488	000b4333	xor	x6,x22,x0	 x22:0x00000001  x0:0x00000000  x6=0x00000001
        9045000	       903	8000048c	fab81ee3	bne	x16,x11,80000448	 x16:0x00000014 x11:0x00000014
        9055000	       904	80000490	013a0133	add	x2,x20,x19	 x20:0x000000a0 x19:0x00000006  x2=0x000000a6
        9065000	       905	80000494	f970ee13	ori	x28,x1,-105	  x1:0x0000044e x28=0xffffffdf
        9075000	       906	80000498	fa6e4b13	xori	x22,x28,-90	 x28:0xffffffdf x22=0x00000079
        9085000	       907	8000049c	003a4e33	xor	x28,x20,x3	 x20:0x000000a0  x3:0x00000002 x28=0x000000a2
        9095000	       908	800004a0	4185d893	srai	x17,x11,0x18	 x11:0x00000014 x17=0x00000000
        9105000	       909	800004a4	005ec733	xor	x14,x29,x5	 x29:0x0000000c  x5:0x4fae0000 x14=0x4fae000c
        9115000	       910	800004a8	0184d4b3	srl	x9,x9,x24	  x9:0x00000013 x24:0x00000000  x9=0x00000013
        9125000	       911	800004ac	0068ffb3	and	x31,x17,x6	 x17:0x00000000  x6:0x00000001 x31=0x00000000
        9135000	       912	800004b0	01f2d313	srli	x6,x5,0x1f	  x5:0x4fae0000  x6=0x00000000
        9145000	       913	800004b4	cc602a13	slti	x20,x0,-826	  x0:0x00000000 x20=0x00000000
        9155000	       914	800004b8	4007d013	srai	x0,x15,0x0	 x15:0x000000ac
        9165000	       915	800004bc	b49d8d93	addi	x27,x27,-1207	 x27:0x00000007 x27=0xfffffb50
        9175000	       916	800004c0	0ba88463	beq	x17,x26,80000568	 x17:0x00000000 x26:0xfffffd60
        9185000	       917	800004c4	017ebeb3	sltu	x29,x29,x23	 x29:0x0000000c x23:0xd07a3468 x29=0x00000001
        9195000	       918	800004c8	01f12a33	slt	x20,x2,x31	  x2:0x000000a6 x31:0x00000000 x20=0x00000000
        9205000	       919	800004cc	01bdd293	srli	x5,x27,0x1b	 x27:0xfffffb50  x5=0x0000001f
        9215000	       920	800004d0	01e0eeb3	or	x29,x1,x30	  x1:0x0000044e x30:0x00000011 x29=0x0000045f
        9225000	       921	800004d4	faf28813	addi	x16,x5,-81	  x5:0x0000001f x16=0xffffffce
        9235000	       922	800004d8	0080d993	srli	x19,x1,0x8	  x1:0x0000044e x19=0x00000004
        9245000	       923	800004dc	00300893	addi	x17,x0,3	  x0:0x00000000 x17=0x00000003
        9255000	       924	800004e0	01b9dc33	srl	x24,x19,x27	 x19:0x00000004 x27:0xfffffb50 x24=0x00000000
        9265000	       925	800004e4	c44faa13	slti	x20,x31,-956	 x31:0x00000000 x20=0x00000000
        9275000	       926	800004e8	2a53f197	auipc	x3,0x2a53f	  x3=0xaa53f4e4
        9285000	       927	800004ec	00f1f1b3	and	x3,x3,x15	  x3:0xaa53f4e4 x15:0x000000ac  x3=0x000000a4
        9295000	       928	800004f0	00800f93	addi	x31,x0,8	  x0:0x00000000 x31=0x00000008
        9305000	       929	800004f4	00192eb3	slt	x29,x18,x1	 x18:0x00000000  x1:0x0000044e x29=0x00000001
        9315000	       930	800004f8	018e2633	slt	x12,x28,x24	 x28:0x000000a2 x24:0x00000000 x12=0x00000000
        9325000	       931	800004fc	09ae3837	lui	x16,0x9ae3	 x16=0x09ae3000
        9335000	       932	80000500	40c3dbb3	sra	x23,x7,x12	  x7:0xff556f39 x12:0x00000000 x23=0xff556f39
        9345000	       933	80000504	b4012493	slti	x9,x2,-1216	  x2:0x000000a6  x9=0x00000000
        9355000	       934	80000508	74de4813	xori	x16,x28,1869	 x28:0x000000a2 x16=0x000007ef
        9365000	       935	8000050c	00787233	and	x4,x16,x7	 x16:0x000007ef  x7:0xff556f39  x4=0x00000729
        9375000	       936	80000510	00a611b3	sll	x3,x12,x10	 x12:0x00000000 x10:0x80009f64  x3=0x00000000
        9385000	       937	80000514	00dfd013	srli	x0,x31,0xd	 x31:0x00000008
        9395000	       938	80000518	ba42fa37	lui	x20,0xba42f	 x20=0xba42f000
        9405000	       939	8000051c	000ef433	and	x8,x29,x0	 x29:0x00000001  x0:0x00000000  x8=0x00000000
        9415000	       940	80000520	402dd133	sra	x2,x27,x2	 x27:0xfffffb50  x2:0x000000a6  x2=0xffffffed
        9425000	       941	80000524	f0933437	lui	x8,0xf0933	  x8=0xf0933000
        9435000	       942	80000528	01324c33	xor	x24,x4,x19	  x4:0x00000729 x19:0x00000004 x24=0x0000072d
        9445000	       943	8000052c	010f79b3	and	x19,x30,x16	 x30:0x00000011 x16:0x000007ef x19=0x00000001
        9455000	       944	80000530	00f35393	srli	x7,x6,0xf	  x6:0x00000000  x7=0x00000000
        9465000	       945	80000534	00588893	addi	x17,x17,5	 x17:0x00000003 x17=0x00000008
        9475000	       946	80000538	790ac193	xori	x3,x21,1936	 x21:0x00000000  x3=0x00000790
        9485000	       947	8000053c	00a842b3	xor	x5,x16,x10	 x16:0x000007ef x10:0x80009f64  x5=0x8000988b
        9495000	       948	80000540	0057ff33	and	x30,x15,x5	 x15:0x000000ac  x5:0x8000988b x30=0x00000088
        9505000	       949	80000544	00000013	addi	x0,x0,0	  x0:0x00000000
        9515000	       950	80000548	fdf89ee3	bne	x17,x31,80000524	 x17:0x00000008 x31:0x00000008
        9525000	       951	8000054c	00000013	addi	x0,x0,0	  x0:0x00000000
        9535000	       952	80000550	3ac10593	addi	x11,x2,940	  x2:0xffffffed x11=0x00000399
        9545000	       953	80000554	18dc9d37	lui	x26,0x18dc9	 x26=0x18dc9000
        9555000	       954	80000558	0177e8b3	or	x17,x15,x23	 x15:0x000000ac x23:0xff556f39 x17=0xff556fbd
        9565000	       955	8000055c	00351c63	bne	x10,x3,80000574	 x10:0x80009f64  x3:0x00000790
        9575000	       956	00000000	00000013	addi	x0,x0,0	  x0:0x00000000
        9585000	       957	80000570	00000013	addi	x0,x0,0	  x0:0x00000000
        9595000	       958	80000574	00ebf263	bgeu	x23,x14,80000578	 x23:0xff556f39 x14:0x4fae000c
        9605000	       959	00000000	00000013	addi	x0,x0,0	  x0:0x00000000
        9615000	       960	80000574	00000013	addi	x0,x0,0	  x0:0x00000000
        9625000	       961	80000578	0131cdb3	xor	x27,x3,x19	  x3:0x00000790 x19:0x00000001 x27=0x00000791
        9635000	       962	8000057c	00e8efb3	or	x31,x17,x14	 x17:0xff556fbd x14:0x4fae000c x31=0xffff6fbd
        9645000	       963	80000580	00fb61b3	or	x3,x22,x15	 x22:0x00000079 x15:0x000000ac  x3=0x000000fd
        9655000	       964	80000584	006d0cb3	add	x25,x26,x6	 x26:0x18dc9000  x6:0x00000000 x25=0x18dc9000
        9665000	       965	80000588	41a85a33	sra	x20,x16,x26	 x16:0x000007ef x26:0x18dc9000 x20=0x000007ef
        9675000	       966	8000058c	0120c2b3	xor	x5,x1,x18	  x1:0x0000044e x18:0x00000000  x5=0x0000044e
        9685000	       967	80000590	006b4833	xor	x16,x22,x6	 x22:0x00000079  x6:0x00000000 x16=0x00000079
        9695000	       968	80000594	05a90063	beq	x18,x26,800005d4	 x18:0x00000000 x26:0x18dc9000
        9705000	       969	80000598	01b35833	srl	x16,x6,x27	  x6:0x00000000 x27:0x00000791 x16=0x00000000
        9715000	       970	8000059c	01415793	srli	x15,x2,0x14	  x2:0xffffffed x15=0x00000fff
        9725000	       971	800005a0	0023e4b3	or	x9,x7,x2	  x7:0x00000000  x2:0xffffffed  x9=0xffffffed
        9735000	       972	800005a4	40b0d133	sra	x2,x1,x11	  x1:0x0000044e x11:0x00000399  x2=0x00000000
        9745000	       973	800005a8	13fe8e93	addi	x29,x29,319	 x29:0x00000001 x29=0x00000140
        9755000	       974	800005ac	017f10b3	sll	x1,x30,x23	 x30:0x00000088 x23:0xff556f39  x1=0x10000000
        9765000	       975	800005b0	03bffa63	bgeu	x31,x27,800005e4	 x31:0xffff6fbd x27:0x00000791
        9775000	       976	00000000	00000013	addi	x0,x0,0	  x0:0x00000000
        9785000	       977	800005e0	00000013	addi	x0,x0,0	  x0:0x00000000
        9795000	       978	800005e4	00650733	add	x14,x10,x6	 x10:0x80009f64  x6:0x00000000 x14=0x80009f64
        9805000	       979	800005e8	008553b3	srl	x7,x10,x8	 x10:0x80009f64  x8:0xf0933000  x7=0x80009f64
        9815000	       980	800005ec	006a7733	and	x14,x20,x6	 x20:0x000007ef  x6:0x00000000 x14=0x00000000
        9825000	       981	800005f0	010e8a63	beq	x29,x16,80000604	 x29:0x00000140 x16:0x00000000
        9835000	       982	800005f4	41aa0833	sub	x16,x20,x26	 x20:0x000007ef x26:0x18dc9000 x16=0xe72377ef
        9845000	       983	800005f8	021bd263	bge	x23,x1,8000061c	 x23:0xff556f39  x1:0x10000000
        9855000	       984	800005fc	03fb6e63	bltu	x22,x31,80000638	 x22:0x00000079 x31:0xffff6fbd
        9865000	       985	00000000	00000013	addi	x0,x0,0	  x0:0x00000000
        9875000	       986	80000634	00000013	addi	x0,x0,0	  x0:0x00000000
        9885000	       987	80000638	0163a2b3	slt	x5,x7,x22	  x7:0x80009f64 x22:0x00000079  x5=0x00000001
        9895000	       988	8000063c	01301e63	bne	x0,x19,80000658	  x0:0x00000000 x19:0x00000001
        9905000	       989	00000000	00000013	addi	x0,x0,0	  x0:0x00000000
        9915000	       990	80000654	00000013	addi	x0,x0,0	  x0:0x00000000
        9925000	       991	80000658	0088de63	bge	x17,x8,80000674	 x17:0xff556fbd  x8:0xf0933000
        9935000	       992	00000000	00000013	addi	x0,x0,0	  x0:0x00000000
        9945000	       993	80000670	00000013	addi	x0,x0,0	  x0:0x00000000
        9955000	       994	80000674	033f4863	blt	x30,x19,800006a4	 x30:0x00000088 x19:0x00000001
        9965000	       995	80000678	07e88317	auipc	x6,0x7e88	  x6=0x87e88674
        9975000	       996	8000067c	41e60033	sub	x0,x12,x30	 x12:0x00000000 x30:0x00000088
        9985000	       997	80000680	02216863	bltu	x2,x2,800006b0	  x2:0x00000000  x2:0x00000000
        9995000	       998	80000684	414255b3	sra	x11,x4,x20	  x4:0x00000729 x20:0x000007ef x11=0x00000000
       10005000	       999	80000688	41e38d33	sub	x26,x7,x30	  x7:0x80009f64 x30:0x00000088 x26=0x80009edc
       10015000	      1000	8000068c	018f29b3	slt	x19,x30,x24	 x30:0x00000088 x24:0x0000072d x19=0x00000001
       10025000	      1001	80000690	017a07b3	add	x15,x20,x23	 x20:0x000007ef x23:0xff556f39 x15=0xff557728
       10035000	      1002	80000694	01d28733	add	x14,x5,x29	  x5:0x00000001 x29:0x00000140 x14=0x00000141
       10045000	      1003	80000698	003b8f33	add	x30,x23,x3	 x23:0xff556f39  x3:0x000000fd x30=0xff557036
       10055000	      1004	8000069c	01505033	srl	x0,x0,x21	  x0:0x00000000 x21:0x00000000
       10065000	      1005	800006a0	007968b3	or	x17,x18,x7	 x18:0x00000000  x7:0x80009f64 x17=0x80009f64
       10075000	      1006	800006a4	9c1ba9b7	lui	x19,0x9c1ba	 x19=0x9c1ba000
       10085000	      1007	800006a8	001f1133	sll	x2,x30,x1	 x30:0xff557036  x1:0x10000000  x2=0xff557036
       10095000	      1008	800006ac	01e15263	bge	x2,x30,800006b0	  x2:0xff557036 x30:0xff557036
       10105000	      1009	00000000	00000013	addi	x0,x0,0	  x0:0x00000000
       10115000	      1010	800006ac	00000013	addi	x0,x0,0	  x0:0x00000000
       10125000	      1011	800006b0	058e7863	bgeu	x28,x24,80000700	 x28:0x000000a2 x24:0x0000072d
       10135000	      1012	800006b4	02e1ee63	bltu	x3,x14,800006f0	  x3:0x000000fd x14:0x00000141
       10145000	      1013	00000000	00000013	addi	x0,x0,0	  x0:0x00000000
       10155000	      1014	800006ec	00000013	addi	x0,x0,0	  x0:0x00000000
       10165000	      1015	800006f0	00e595b3	sll	x11,x11,x14	 x11:0x00000000 x14:0x00000141 x11=0x00000000
       10175000	      1016	800006f4	90f4a793	slti	x15,x9,-1777	  x9:0xffffffed x15=0x00000000
       10185000	      1017	800006f8	52afa913	slti	x18,x31,1322	 x31:0xffff6fbd x18=0x00000001
       10195000	      1018	800006fc	c33c4413	xori	x8,x24,-973	 x24:0x0000072d  x8=0xfffffb1e
       10205000	      1019	80000700	01fea7b3	slt	x15,x29,x31	 x29:0x00000140 x31:0xffff6fbd x15=0x00000000
       10215000	      1020	80000704	00048bb3	add	x23,x9,x0	  x9:0xffffffed  x0:0x00000000 x23=0xffffffed
       10225000	      1021	80000708	7e88ae13	slti	x28,x17,2024	 x17:0x80009f64 x28=0x00000001
       10235000	      1022	8000070c	406b5c93	srai	x25,x22,0x6	 x22:0x00000079 x25=0x00000001
       10245000	      1023	80000710	5b7f8713	addi	x14,x31,1463	 x31:0xffff6fbd x14=0xffff7574
       10255000	      1024	80000714	45e91737	lui	x14,0x45e91	 x14=0x45e91000
       10265000	      1025	80000718	00ec6fb3	or	x31,x24,x14	 x24:0x0000072d x14:0x45e91000 x31=0x45e9172d
       10275000	      1026	8000071c	00b2cd33	xor	x26,x5,x11	  x5:0x00000001 x11:0x00000000 x26=0x00000001
       10285000	      1027	80000720	01832833	slt	x16,x6,x24	  x6:0x87e88674 x24:0x0000072d x16=0x00000001
       10295000	      1028	80000724	005aea63	bltu	x21,x5,80000738	 x21:0x00000000  x5:0x00000001
       10305000	      1029	00000000	00000013	addi	x0,x0,0	  x0:0x00000000
       10315000	      1030	80000734	00000013	addi	x0,x0,0	  x0:0x00000000
       10325000	      1031	80000738	98617913	andi	x18,x2,-1658	  x2:0xff557036 x18=0xff557006
       10335000	      1032	8000073c	0072c1b3	xor	x3,x5,x7	  x5:0x00000001  x7:0x80009f64  x3=0x80009f65
       10345000	      1033	80000740	0142d263	bge	x5,x20,80000744	  x5:0x00000001 x20:0x000007ef
       10355000	      1034	80000744	40285c13	srai	x24,x16,0x2	 x16:0x00000001 x24=0x00000000
       10365000	      1035	80000748	02068e63	beq	x13,x0,80000784	 x13:0x80009fc4  x0:0x00000000
       10375000	      1036	8000074c	00ed9c13	slli	x24,x27,0xe	 x27:0x00000791 x24=0x01e44000
       10385000	      1037	80000750	00000013	addi	x0,x0,0	  x0:0x00000000
       10395000	      1038	80000754	002a57b3	srl	x15,x20,x2	 x20:0x000007ef  x2:0xff557036 x15=0x00000000
       10405000	      1039	80000758	7d892413	slti	x8,x18,2008	 x18:0xff557006  x8=0x00000001
       10415000	      1040	8000075c	40485433	sra	x8,x16,x4	 x16:0x00000001  x4:0x00000729  x8=0x00000000
       10425000	      1041	80000760	013a4833	xor	x16,x20,x19	 x20:0x000007ef x19:0x9c1ba000 x16=0x9c1ba7ef
       10435000	      1042	80000764	7be31017	auipc	x0,0x7be31	
       10445000	      1043	80000768	014f5893	srli	x17,x30,0x14	 x30:0xff557036 x17=0x00000ff5
       10455000	      1044	8000076c	6b1f6213	ori	x4,x30,1713	 x30:0xff557036  x4=0xff5576b7
       10465000	      1045	80000770	0189a833	slt	x16,x19,x24	 x19:0x9c1ba000 x24:0x01e44000 x16=0x00000001
       10475000	      1046	80000774	3068be17	auipc	x28,0x3068b	 x28=0xb068b770
       10485000	      1047	80000778	0077d933	srl	x18,x15,x7	 x15:0x00000000  x7:0x80009f64 x18=0x00000000
       10495000	      1048	8000077c	003dd933	srl	x18,x27,x3	 x27:0x00000791  x3:0x80009f65 x18=0x0000003c
       10505000	      1049	80000780	00d89f33	sll	x30,x17,x13	 x17:0x00000ff5 x13:0x80009fc4 x30=0x0000ff50
       10515000	      1050	80000784	0533c863	blt	x7,x19,800007d4	  x7:0x80009f64 x19:0x9c1ba000
       10525000	      1051	00000000	00000013	addi	x0,x0,0	  x0:0x00000000
       10535000	      1052	800007d0	00000013	addi	x0,x0,0	  x0:0x00000000
       10545000	      1053	800007d4	000ef1b3	and	x3,x29,x0	 x29:0x00000140  x0:0x00000000  x3=0x00000000
       10555000	      1054	800007d8	a711d637	lui	x12,0xa711d	 x12=0xa711d000
       10565000	      1055	800007dc	008a1e63	bne	x20,x8,800007f8	 x20:0x000007ef  x8:0x00000000
       10575000	      1056	00000000	00000013	addi	x0,x0,0	  x0:0x00000000
       10585000	      1057	800007f4	00000013	addi	x0,x0,0	  x0:0x00000000
       10595000	      1058	800007f8	0034dd93	srli	x27,x9,0x3	  x9:0xffffffed x27=0x1ffffffd
       10605000	      1059	800007fc	015bdf93	srli	x31,x23,0x15	 x23:0xffffffed x31=0x000007ff
       10615000	      1060	80000800	407ddb93	srai	x23,x27,0x7	 x27:0x1ffffffd x23=0x003fffff
       10625000	      1061	80000804	05938463	beq	x7,x25,8000084c	  x7:0x80009f64 x25:0x00000001
       10635000	      1062	80000808	0125ea33	or	x20,x11,x18	 x11:0x00000000 x18:0x0000003c x20=0x0000003c
       10645000	      1063	8000080c	4109d613	srai	x12,x19,0x10	 x19:0x9c1ba000 x12=0xffff9c1b
       10655000	      1064	80000810	41248833	sub	x16,x9,x18	  x9:0xffffffed x18:0x0000003c x16=0xffffffb1
       10665000	      1065	80000814	0139e9b3	or	x19,x19,x19	 x19:0x9c1ba000 x19:0x9c1ba000 x19=0x9c1ba000
       10675000	      1066	80000818	01b88033	add	x0,x17,x27	 x17:0x00000ff5 x27:0x1ffffffd
       10685000	      1067	8000081c	6b3ad737	lui	x14,0x6b3ad	 x14=0x6b3ad000
       10695000	      1068	80000820	01ae8db3	add	x27,x29,x26	 x29:0x00000140 x26:0x00000001 x27=0x00000141
       10705000	      1069	80000824	d64a7e93	andi	x29,x20,-668	 x20:0x0000003c x29=0x00000024
       10715000	      1070	80000828	a7e92f93	slti	x31,x18,-1410	 x18:0x0000003c x31=0x00000000
       10725000	      1071	8000082c	02c55e63	bge	x10,x12,80000868	 x10:0x80009f64 x12:0xffff9c1b
       10735000	      1072	80000830	1ec9b893	sltiu	x17,x19,492	 x19:0x9c1ba000 x17=0x00000000
       10745000	      1073	80000834	01cd2cb3	slt	x25,x26,x28	 x26:0x00000001 x28:0xb068b770 x25=0x00000000
       10755000	      1074	80000838	9db16f17	auipc	x30,0x9db16	 x30=0x1db16834
       10765000	      1075	8000083c	016da2b3	slt	x5,x27,x22	 x27:0x00000141 x22:0x00000079  x5=0x00000000
       10775000	      1076	80000840	020af863	bgeu	x21,x0,80000870	 x21:0x00000000  x0:0x00000000
       10785000	      1077	00000000	00000013	addi	x0,x0,0	  x0:0x00000000
       10795000	      1078	8000086c	00000013	addi	x0,x0,0	  x0:0x00000000
       10805000	      1079	80000870	41b80cb3	sub	x25,x16,x27	 x16:0xffffffb1 x27:0x00000141 x25=0xfffffe70
       10815000	      1080	80000874	9fd13c93	sltiu	x25,x2,-1539	  x2:0xff557036 x25=0x00000001
       10825000	      1081	80000878	0535d063	bge	x11,x19,800008b8	 x11:0x00000000 x19:0x9c1ba000
       10835000	      1082	00000000	00000013	addi	x0,x0,0	  x0:0x00000000
       10845000	      1083	800008b4	00000013	addi	x0,x0,0	  x0:0x00000000
       10855000	      1084	800008b8	0581c863	blt	x3,x24,80000908	  x3:0x00000000 x24:0x01e44000
       10865000	      1085	00000000	00000013	addi	x0,x0,0	  x0:0x00000000
       10875000	      1086	80000904	00000013	addi	x0,x0,0	  x0:0x00000000
       10885000	      1087	80000908	00c01b13	slli	x22,x0,0xc	  x0:0x00000000 x22=0x00000000
       10895000	      1088	8000090c	007dde33	srl	x28,x27,x7	 x27:0x00000141  x7:0x80009f64 x28=0x00000014
       10905000	      1089	80000910	01595713	srli	x14,x18,0x15	 x18:0x0000003c x14=0x00000000
       10915000	      1090	80000914	62543293	sltiu	x5,x8,1573	  x8:0x00000000  x5=0x00000001
       10925000	      1091	80000918	01916663	bltu	x2,x25,80000924	  x2:0xff557036 x25:0x00000001
       10935000	      1092	8000091c	003ec263	blt	x29,x3,80000920	 x29:0x00000024  x3:0x00000000
       10945000	      1093	80000920	03205e63	bge	x0,x18,8000095c	  x0:0x00000000 x18:0x0000003c
       10955000	      1094	80000924	407fd093	srai	x1,x31,0x7	 x31:0x00000000  x1=0x00000000
       10965000	      1095	80000928	2c8c8d93	addi	x27,x25,712	 x25:0x00000001 x27=0x000002c9
       10975000	      1096	8000092c	007f7263	bgeu	x30,x7,80000930	 x30:0x1db16834  x7:0x80009f64
       10985000	      1097	80000930	013d2933	slt	x18,x26,x19	 x26:0x00000001 x19:0x9c1ba000 x18=0x00000000
       10995000	      1098	80000934	9e677493	andi	x9,x14,-1562	 x14:0x00000000  x9=0x00000000
       11005000	      1099	80000938	01b0ad33	slt	x26,x1,x27	  x1:0x00000000 x27:0x000002c9 x26=0x00000001
       11015000	      1100	8000093c	001a2c33	slt	x24,x20,x1	 x20:0x0000003c  x1:0x00000000 x24=0x00000000
       11025000	      1101	80000940	0328f863	bgeu	x17,x18,80000970	 x17:0x00000000 x18:0x00000000
       11035000	      1102	00000000	00000013	addi	x0,x0,0	  x0:0x00000000
       11045000	      1103	8000096c	00000013	addi	x0,x0,0	  x0:0x00000000
       11055000	      1104	80000970	41bd5913	srai	x18,x26,0x1b	 x26:0x00000001 x18=0x00000000
       11065000	      1105	80000974	41635393	srai	x7,x6,0x16	  x6:0x87e88674  x7=0xfffffe1f
       11075000	      1106	80000978	41238933	sub	x18,x7,x18	  x7:0xfffffe1f x18:0x00000000 x18=0xfffffe1f
       11085000	      1107	8000097c	01411a63	bne	x2,x20,80000990	  x2:0xff557036 x20:0x0000003c
       11095000	      1108	00000000	00000013	addi	x0,x0,0	  x0:0x00000000
       11105000	      1109	8000098c	00000013	addi	x0,x0,0	  x0:0x00000000
       11115000	      1110	80000990	2daf0713	addi	x14,x30,730	 x30:0x1db16834 x14=0x1db16b0e
       11125000	      1111	80000994	0144d413	srli	x8,x9,0x14	  x9:0x00000000  x8=0x00000000
       11135000	      1112	80000998	016f5113	srli	x2,x30,0x16	 x30:0x1db16834  x2=0x00000076
       11145000	      1113	8000099c	5bce4213	xori	x4,x28,1468	 x28:0x00000014  x4=0x000005a8
       11155000	      1114	800009a0	00452883	lw	x17,4(x10)	 x10:0x80009f64 x17=0x80000174 PA:0x80009f68
       11165000	      1115	800009a4	00b259b3	srl	x19,x4,x11	  x4:0x000005a8 x11:0x00000000 x19=0x000005a8
       11175000	      1116	800009a8	02050513	addi	x10,x10,32	 x10:0x80009f64 x10=0x80009f84
       11185000	      1117	800009ac	77090b17	auipc	x22,0x77090	 x22=0xf70909a8
       11195000	      1118	800009b0	00e4b1b3	sltu	x3,x9,x14	  x9:0x00000000 x14:0x1db16b0e  x3=0x00000001
       11205000	      1119	800009b4	01cb3bb3	sltu	x23,x22,x28	 x22:0xf70909a8 x28:0x00000014 x23=0x00000000
       11215000	      1120	800009b8	00fecf33	xor	x30,x29,x15	 x29:0x00000024 x15:0x00000000 x30=0x00000024
       11225000	      1121	800009bc	00188193	addi	x3,x17,1	 x17:0x80000174  x3=0x80000175
       11235000	      1122	800009c0	000181e7	jalr	x3,x3,0	  x3:0x80000175  x3=0x800009c0
       11245000	      1123	00000000	00000013	addi	x0,x0,0	  x0:0x00000000
       11255000	      1124	80000174	00000013	addi	x0,x0,0	  x0:0x00000000
       11265000	      1125	80000178	00000013	addi	x0,x0,0	  x0:0x00000000
       11275000	      1126	8000017c	002bd313	srli	x6,x23,0x2	 x23:0x00000000  x6=0x00000000
       11285000	      1127	80000180	015203b3	add	x7,x4,x21	  x4:0x000005a8 x21:0x00000000  x7=0x000005a8
       11295000	      1128	80000184	0132d013	srli	x0,x5,0x13	  x5:0x00000001
       11305000	      1129	80000188	01019013	slli	x0,x3,0x10	  x3:0x800009c0
       11315000	      1130	8000018c	00002117	auipc	x2,0x2	  x2=0x80002188
       11325000	      1131	80000190	77010113	addi	x2,x2,1904	  x2:0x80002188  x2=0x800028f8
       11335000	      1132	80000194	003d2233	slt	x4,x26,x3	 x26:0x00000001  x3:0x800009c0  x4=0x00000000
       11345000	      1133	80000198	41550033	sub	x0,x10,x21	 x10:0x80009f84 x21:0x00000000
       11355000	      1134	8000019c	d2410113	addi	x2,x2,-732	  x2:0x800028f8  x2=0x8000261c
       11365000	      1135	800001a0	403ed7b3	sra	x15,x29,x3	 x29:0x00000024  x3:0x800009c0 x15=0x00000024
       11375000	      1136	800001a4	534ef393	andi	x7,x29,1332	 x29:0x00000024  x7=0x00000024
       11385000	      1137	800001a8	2dc108e7	jalr	x17,x2,732	  x2:0x8000261c x17=0x800001a8
       11395000	      1138	00000000	00000013	addi	x0,x0,0	  x0:0x00000000
       11405000	      1139	800028f8	00000013	addi	x0,x0,0	  x0:0x00000000
       11415000	      1140	800028fc	fc850513	addi	x10,x10,-56	 x10:0x80009f84 x10=0x80009f4c
       11425000	      1141	80002900	00e5aa33	slt	x20,x11,x14	 x11:0x00000000 x14:0x1db16b0e x20=0x00000001
       11435000	      1142	80002904	b8603013	sltiu	x0,x0,-1146	  x0:0x00000000
       11445000	      1143	80002908	001aa333	slt	x6,x21,x1	 x21:0x00000000  x1:0x00000000  x6=0x00000000
       11455000	      1144	8000290c	01152223	sw	x17,4(x10)	 x10:0x80009f4c x17:0x800001a8 PA:0x80009f50
       11465000	      1145	80002910	007b9f13	slli	x30,x23,0x7	 x23:0x00000000 x30=0x00000000
       11475000	      1146	80002914	ffe00993	addi	x19,x0,-2	  x0:0x00000000 x19=0xfffffffe
       11485000	      1147	80002918	00c00593	addi	x11,x0,12	  x0:0x00000000 x11=0x0000000c
       11495000	      1148	8000291c	80fdbe93	sltiu	x29,x27,-2033	 x27:0x000002c9 x29=0x00000001
       11505000	      1149	80002920	00798993	addi	x19,x19,7	 x19:0xfffffffe x19=0x00000005
       11515000	      1150	80002924	00500a13	addi	x20,x0,5	  x0:0x00000000 x20=0x00000005
       11525000	      1151	80002928	ddaa3113	sltiu	x2,x20,-550	 x20:0x00000005  x2=0x00000001
       11535000	      1152	8000292c	00a00393	addi	x7,x0,10	  x0:0x00000000  x7=0x0000000a
       11545000	      1153	80002930	02acbe93	sltiu	x29,x25,42	 x25:0x00000001 x29=0x00000001
       11555000	      1154	80002934	009a0a13	addi	x20,x20,9	 x20:0x00000005 x20=0x0000000e
       11565000	      1155	80002938	fe7a4ce3	blt	x20,x7,80002930	 x20:0x0000000e  x7:0x0000000a
       11575000	      1156	8000293c	feb9e0e3	bltu	x19,x11,8000291c	 x19:0x00000005 x11:0x0000000c
       11585000	      1157	00000000	00000013	addi	x0,x0,0	  x0:0x00000000
       11595000	      1158	80002918	00000013	addi	x0,x0,0	  x0:0x00000000
       11605000	      1159	8000291c	80fdbe93	sltiu	x29,x27,-2033	 x27:0x000002c9 x29=0x00000001
       11615000	      1160	80002920	00798993	addi	x19,x19,7	 x19:0x00000005 x19=0x0000000c
       11625000	      1161	80002924	00500a13	addi	x20,x0,5	  x0:0x00000000 x20=0x00000005
       11635000	      1162	80002928	ddaa3113	sltiu	x2,x20,-550	 x20:0x00000005  x2=0x00000001
       11645000	      1163	8000292c	00a00393	addi	x7,x0,10	  x0:0x00000000  x7=0x0000000a
       11655000	      1164	80002930	02acbe93	sltiu	x29,x25,42	 x25:0x00000001 x29=0x00000001
       11665000	      1165	80002934	009a0a13	addi	x20,x20,9	 x20:0x00000005 x20=0x0000000e
       11675000	      1166	80002938	fe7a4ce3	blt	x20,x7,80002930	 x20:0x0000000e  x7:0x0000000a
       11685000	      1167	8000293c	feb9e0e3	bltu	x19,x11,8000291c	 x19:0x0000000c x11:0x0000000c
       11695000	      1168	80002940	41cb5f33	sra	x30,x22,x28	 x22:0xf70909a8 x28:0x00000014 x30=0xffffff70
       11705000	      1169	80002944	00a00e13	addi	x28,x0,10	  x0:0x00000000 x28=0x0000000a
       11715000	      1170	80002948	4009d1b3	sra	x3,x19,x0	 x19:0x0000000c  x0:0x00000000  x3=0x0000000c
       11725000	      1171	8000294c	089a2993	slti	x19,x20,137	 x20:0x0000000e x19=0x00000001
       11735000	      1172	80002950	01ae11b3	sll	x3,x28,x26	 x28:0x0000000a x26:0x00000001  x3=0x00000014
       11745000	      1173	80002954	0096a8b3	slt	x17,x13,x9	 x13:0x80009fc4  x9:0x00000000 x17=0x00000001
       11755000	      1174	80002958	a7efe093	ori	x1,x31,-1410	 x31:0x00000000  x1=0xfffffa7e
       11765000	      1175	8000295c	0063d593	srli	x11,x7,0x6	  x7:0x0000000a x11=0x00000000
       11775000	      1176	80002960	01004233	xor	x4,x0,x16	  x0:0x00000000 x16:0xffffffb1  x4=0xffffffb1
       11785000	      1177	80002964	01285633	srl	x12,x16,x18	 x16:0xffffffb1 x18:0xfffffe1f x12=0x00000001
       11795000	      1178	80002968	00900913	addi	x18,x0,9	  x0:0x00000000 x18=0x00000009
       11805000	      1179	8000296c	bda8fb93	andi	x23,x17,-1062	 x17:0x00000001 x23=0x00000000
       11815000	      1180	80002970	00dc40b3	xor	x1,x24,x13	 x24:0x00000000 x13:0x80009fc4  x1=0x80009fc4
       11825000	      1181	80002974	a6a8ca13	xori	x20,x17,-1430	 x17:0x00000001 x20=0xfffffa6b
       11835000	      1182	80002978	00b61233	sll	x4,x12,x11	 x12:0x00000001 x11:0x00000000  x4=0x00000001
       11845000	      1183	8000297c	ff8e0e13	addi	x28,x28,-8	 x28:0x0000000a x28=0x00000002
       11855000	      1184	80002980	01d22f33	slt	x30,x4,x29	  x4:0x00000001 x29:0x00000001 x30=0x00000000
       11865000	      1185	80002984	412788b3	sub	x17,x15,x18	 x15:0x00000024 x18:0x00000009 x17=0x0000001b
       11875000	      1186	80002988	018efc33	and	x24,x29,x24	 x29:0x00000001 x24:0x00000000 x24=0x00000000
       11885000	      1187	8000298c	00f8b833	sltu	x16,x17,x15	 x17:0x0000001b x15:0x00000024 x16=0x00000001
       11895000	      1188	80002990	004e0b33	add	x22,x28,x4	 x28:0x00000002  x4:0x00000001 x22=0x00000003
       11905000	      1189	80002994	fd2e7ee3	bgeu	x28,x18,80002970	 x28:0x00000002 x18:0x00000009
       11915000	      1190	80002998	01b83c33	sltu	x24,x16,x27	 x16:0x00000001 x27:0x000002c9 x24=0x00000001
       11925000	      1191	8000299c	00000393	addi	x7,x0,0	  x0:0x00000000  x7=0x00000000
       11935000	      1192	800029a0	00b06333	or	x6,x0,x11	  x0:0x00000000 x11:0x00000000  x6=0x00000000
       11945000	      1193	800029a4	41735e13	srai	x28,x6,0x17	  x6:0x00000000 x28=0x00000000
       11955000	      1194	800029a8	02a77b37	lui	x22,0x2a77	 x22=0x02a77000
       11965000	      1195	800029ac	4c737b13	andi	x22,x6,1223	  x6:0x00000000 x22=0x00000000
       11975000	      1196	800029b0	00b00e93	addi	x29,x0,11	  x0:0x00000000 x29=0x0000000b
       11985000	      1197	800029b4	016c1833	sll	x16,x24,x22	 x24:0x00000001 x22:0x00000000 x16=0x00000001
       11995000	      1198	800029b8	018e8e33	add	x28,x29,x24	 x29:0x0000000b x24:0x00000001 x28=0x0000000c
       12005000	      1199	800029bc	0099a133	slt	x2,x19,x9	 x19:0x00000001  x9:0x00000000  x2=0x00000000
       12015000	      1200	800029c0	00b27c33	and	x24,x4,x11	  x4:0x00000001 x11:0x00000000 x24=0x00000000
       12025000	      1201	800029c4	e2162097	auipc	x1,0xe2162	  x1=0x621649c0
       12035000	      1202	800029c8	2c01c193	xori	x3,x3,704	  x3:0x00000014  x3=0x000002d4
       12045000	      1203	800029cc	009847b3	xor	x15,x16,x9	 x16:0x00000001  x9:0x00000000 x15=0x00000001
       12055000	      1204	800029d0	b80d3493	sltiu	x9,x26,-1152	 x26:0x00000001  x9=0x00000001
       12065000	      1205	800029d4	4ad84293	xori	x5,x16,1197	 x16:0x00000001  x5=0x000004ac
       12075000	      1206	800029d8	9cdaef13	ori	x30,x21,-1587	 x21:0x00000000 x30=0xfffff9cd
       12085000	      1207	800029dc	01abc1b3	xor	x3,x23,x26	 x23:0x00000000 x26:0x00000001  x3=0x00000001
       12095000	      1208	800029e0	00c09713	slli	x14,x1,0xc	  x1:0x621649c0 x14=0x649c0000
       12105000	      1209	800029e4	7f696813	ori	x16,x18,2038	 x18:0x00000009 x16=0x000007ff
       12115000	      1210	800029e8	baf8f313	andi	x6,x17,-1105	 x17:0x0000001b  x6=0x0000000b
       12125000	      1211	800029ec	00938393	addi	x7,x7,9	  x7:0x00000000  x7=0x00000009
       12135000	      1212	800029f0	01bfe9b3	or	x19,x31,x27	 x31:0x00000000 x27:0x000002c9 x19=0x000002c9
       12145000	      1213	800029f4	de2b6713	ori	x14,x22,-542	 x22:0x00000000 x14=0xfffffde2
       12155000	      1214	800029f8	1660bf13	sltiu	x30,x1,358	  x1:0x621649c0 x30=0x00000000
       12165000	      1215	800029fc	01d11f93	slli	x31,x2,0x1d	  x2:0x00000000 x31=0x00000000
       12175000	      1216	80002a00	fdd3e0e3	bltu	x7,x29,800029c0	  x7:0x00000009 x29:0x0000000b
       12185000	      1217	00000000	00000013	addi	x0,x0,0	  x0:0x00000000
       12195000	      1218	800029bc	00000013	addi	x0,x0,0	  x0:0x00000000
       12205000	      1219	800029c0	00b27c33	and	x24,x4,x11	  x4:0x00000001 x11:0x00000000 x24=0x00000000
       12215000	      1220	800029c4	e2162097	auipc	x1,0xe2162	  x1=0x621649c0
       12225000	      1221	800029c8	2c01c193	xori	x3,x3,704	  x3:0x00000001  x3=0x000002c1
       12235000	      1222	800029cc	009847b3	xor	x15,x16,x9	 x16:0x000007ff  x9:0x00000001 x15=0x000007fe
       12245000	      1223	800029d0	b80d3493	sltiu	x9,x26,-1152	 x26:0x00000001  x9=0x00000001
       12255000	      1224	800029d4	4ad84293	xori	x5,x16,1197	 x16:0x000007ff  x5=0x00000352
       12265000	      1225	800029d8	9cdaef13	ori	x30,x21,-1587	 x21:0x00000000 x30=0xfffff9cd
       12275000	      1226	800029dc	01abc1b3	xor	x3,x23,x26	 x23:0x00000000 x26:0x00000001  x3=0x00000001
       12285000	      1227	800029e0	00c09713	slli	x14,x1,0xc	  x1:0x621649c0 x14=0x649c0000
       12295000	      1228	800029e4	7f696813	ori	x16,x18,2038	 x18:0x00000009 x16=0x000007ff
       12305000	      1229	800029e8	baf8f313	andi	x6,x17,-1105	 x17:0x0000001b  x6=0x0000000b
       12315000	      1230	800029ec	00938393	addi	x7,x7,9	  x7:0x00000009  x7=0x00000012
       12325000	      1231	800029f0	01bfe9b3	or	x19,x31,x27	 x31:0x00000000 x27:0x000002c9 x19=0x000002c9
       12335000	      1232	800029f4	de2b6713	ori	x14,x22,-542	 x22:0x00000000 x14=0xfffffde2
       12345000	      1233	800029f8	1660bf13	sltiu	x30,x1,358	  x1:0x621649c0 x30=0x00000000
       12355000	      1234	800029fc	01d11f93	slli	x31,x2,0x1d	  x2:0x00000000 x31=0x00000000
       12365000	      1235	80002a00	fdd3e0e3	bltu	x7,x29,800029c0	  x7:0x00000012 x29:0x0000000b
       12375000	      1236	80002a04	00685593	srli	x11,x16,0x6	 x16:0x000007ff x11=0x0000001f
       12385000	      1237	80002a08	00500813	addi	x16,x0,5	  x0:0x00000000 x16=0x00000005
       12395000	      1238	80002a0c	009a0fb3	add	x31,x20,x9	 x20:0xfffffa6b  x9:0x00000001 x31=0xfffffa6c
       12405000	      1239	80002a10	0038a9b3	slt	x19,x17,x3	 x17:0x0000001b  x3:0x00000001 x19=0x00000000
       12415000	      1240	80002a14	007e14b3	sll	x9,x28,x7	 x28:0x0000000c  x7:0x00000012  x9=0x00300000
       12425000	      1241	80002a18	00b00193	addi	x3,x0,11	  x0:0x00000000  x3=0x0000000b
       12435000	      1242	80002a1c	013cd913	srli	x18,x25,0x13	 x25:0x00000001 x18=0x00000000
       12445000	      1243	80002a20	2239a313	slti	x6,x19,547	 x19:0x00000000  x6=0x00000001
       12455000	      1244	80002a24	00c3f433	and	x8,x7,x12	  x7:0x00000012 x12:0x00000001  x8=0x00000000
       12465000	      1245	80002a28	a0527897	auipc	x17,0xa0527	 x17=0x20529a24
       12475000	      1246	80002a2c	019da033	slt	x0,x27,x25	 x27:0x000002c9 x25:0x00000001
       12485000	      1247	80002a30	41f4d593	srai	x11,x9,0x1f	  x9:0x00300000 x11=0x00000000
       12495000	      1248	80002a34	00cee3b3	or	x7,x29,x12	 x29:0x0000000b x12:0x00000001  x7=0x0000000b
       12505000	      1249	80002a38	001c7eb3	and	x29,x24,x1	 x24:0x00000000  x1:0x621649c0 x29=0x00000000
       12515000	      1250	80002a3c	00880813	addi	x16,x16,8	 x16:0x00000005 x16=0x0000000d
       12525000	      1251	80002a40	00553cb3	sltu	x25,x10,x5	 x10:0x80009f4c  x5:0x00000352 x25=0x00000000
       12535000	      1252	80002a44	0108ec33	or	x24,x17,x16	 x17:0x20529a24 x16:0x0000000d x24=0x20529a2d
       12545000	      1253	80002a48	01b1bdb3	sltu	x27,x3,x27	  x3:0x0000000b x27:0x000002c9 x27=0x00000001
       12555000	      1254	80002a4c	006713b3	sll	x7,x14,x6	 x14:0xfffffde2  x6:0x00000001  x7=0xfffffbc4
       12565000	      1255	80002a50	00ad6eb3	or	x29,x26,x10	 x26:0x00000001 x10:0x80009f4c x29=0x80009f4d
       12575000	      1256	80002a54	0eb01e97	auipc	x29,0xeb01	 x29=0x8eb03a50
       12585000	      1257	80002a58	40c75433	sra	x8,x14,x12	 x14:0xfffffde2 x12:0x00000001  x8=0xfffffef1
       12595000	      1258	80002a5c	00a7d213	srli	x4,x15,0xa	 x15:0x000007fe  x4=0x00000001
       12605000	      1259	80002a60	fc386ae3	bltu	x16,x3,80002a34	 x16:0x0000000d  x3:0x0000000b
       12615000	      1260	80002a64	014593b3	sll	x7,x11,x20	 x11:0x00000000 x20:0xfffffa6b  x7=0x00000000
       12625000	      1261	80002a68	012d7263	bgeu	x26,x18,80002a6c	 x26:0x00000001 x18:0x00000000
       12635000	      1262	00000000	00000013	addi	x0,x0,0	  x0:0x00000000
       12645000	      1263	80002a68	00000013	addi	x0,x0,0	  x0:0x00000000
       12655000	      1264	80002a6c	010eda13	srli	x20,x29,0x10	 x29:0x8eb03a50 x20=0x00008eb0
       12665000	      1265	80002a70	415d5893	srai	x17,x26,0x15	 x26:0x00000001 x17=0x00000000
       12675000	      1266	80002a74	020bca63	blt	x23,x0,80002aa8	 x23:0x00000000  x0:0x00000000
       12685000	      1267	80002a78	00935433	srl	x8,x6,x9	  x6:0x00000001  x9:0x00300000  x8=0x00000001
       12695000	      1268	80002a7c	002e71b3	and	x3,x28,x2	 x28:0x0000000c  x2:0x00000000  x3=0x00000000
       12705000	      1269	80002a80	00493633	sltu	x12,x18,x4	 x18:0x00000000  x4:0x00000001 x12=0x00000001
       12715000	      1270	80002a84	0259fa63	bgeu	x19,x5,80002ab8	 x19:0x00000000  x5:0x00000352
       12725000	      1271	80002a88	de212993	slti	x19,x2,-542	  x2:0x00000000 x19=0x00000000
       12735000	      1272	80002a8c	4c220d93	addi	x27,x4,1218	  x4:0x00000001 x27=0x000004c3
       12745000	      1273	80002a90	0093dcb3	srl	x25,x7,x9	  x7:0x00000000  x9:0x00300000 x25=0x00000000
       12755000	      1274	80002a94	003d8c63	beq	x27,x3,80002aac	 x27:0x000004c3  x3:0x00000000
       12765000	      1275	80002a98	01f54db3	xor	x27,x10,x31	 x10:0x80009f4c x31:0xfffffa6c x27=0x7fff6520
       12775000	      1276	80002a9c	010a9393	slli	x7,x21,0x10	 x21:0x00000000  x7=0x00000000
       12785000	      1277	80002aa0	02068e63	beq	x13,x0,80002adc	 x13:0x80009fc4  x0:0x00000000
       12795000	      1278	80002aa4	40a80e33	sub	x28,x16,x10	 x16:0x0000000d x10:0x80009f4c x28=0x7fff60c1
       12805000	      1279	80002aa8	4c71cb13	xori	x22,x3,1223	  x3:0x00000000 x22=0x000004c7
       12815000	      1280	80002aac	00661233	sll	x4,x12,x6	 x12:0x00000001  x6:0x00000001  x4=0x00000002
       12825000	      1281	80002ab0	40685e33	sra	x28,x16,x6	 x16:0x0000000d  x6:0x00000001 x28=0x00000006
       12835000	      1282	80002ab4	6e7bfd13	andi	x26,x23,1767	 x23:0x00000000 x26=0x00000000
       12845000	      1283	80002ab8	0b032213	slti	x4,x6,176	  x6:0x00000001  x4=0x00000001
       12855000	      1284	80002abc	f0d97393	andi	x7,x18,-243	 x18:0x00000000  x7=0x00000000
       12865000	      1285	80002ac0	01741d93	slli	x27,x8,0x17	  x8:0x00000001 x27=0x00800000
       12875000	      1286	80002ac4	005b9b93	slli	x23,x23,0x5	 x23:0x00000000 x23=0x00000000
       12885000	      1287	80002ac8	023e1663	bne	x28,x3,80002af4	 x28:0x00000006  x3:0x00000000
       12895000	      1288	00000000	00000013	addi	x0,x0,0	  x0:0x00000000
       12905000	      1289	80002af0	00000013	addi	x0,x0,0	  x0:0x00000000
       12915000	      1290	80002af4	00000013	addi	x0,x0,0	  x0:0x00000000
       12925000	      1291	80002af8	00000013	addi	x0,x0,0	  x0:0x00000000
       12935000	      1292	80002afc	401d8933	sub	x18,x27,x1	 x27:0x00800000  x1:0x621649c0 x18=0x9e69b640
       12945000	      1293	80002b00	014eb3b3	sltu	x7,x29,x20	 x29:0x8eb03a50 x20:0x00008eb0  x7=0x00000000
       12955000	      1294	80002b04	00d1d0b3	srl	x1,x3,x13	  x3:0x00000000 x13:0x80009fc4  x1=0x00000000
       12965000	      1295	80002b08	00f49993	slli	x19,x9,0xf	  x9:0x00300000 x19=0x00000000
       12975000	      1296	80002b0c	39e56413	ori	x8,x10,926	 x10:0x80009f4c  x8=0x80009fde
       12985000	      1297	80002b10	00af55b3	srl	x11,x30,x10	 x30:0x00000000 x10:0x80009f4c x11=0x00000000
       12995000	      1298	80002b14	008032b3	sltu	x5,x0,x8	  x0:0x00000000  x8:0x80009fde  x5=0x00000001
       13005000	      1299	80002b18	01858a63	beq	x11,x24,80002b2c	 x11:0x00000000 x24:0x20529a2d
       13015000	      1300	80002b1c	002c5433	srl	x8,x24,x2	 x24:0x20529a2d  x2:0x00000000  x8=0x20529a2d
       13025000	      1301	80002b20	00185db3	srl	x27,x16,x1	 x16:0x0000000d  x1:0x00000000 x27=0x0000000d
       13035000	      1302	80002b24	40ba80b3	sub	x1,x21,x11	 x21:0x00000000 x11:0x00000000  x1=0x00000000
       13045000	      1303	80002b28	00a3a4b3	slt	x9,x7,x10	  x7:0x00000000 x10:0x80009f4c  x9=0x00000000
       13055000	      1304	80002b2c	000be7b3	or	x15,x23,x0	 x23:0x00000000  x0:0x00000000 x15=0x00000000
       13065000	      1305	80002b30	1d743c17	auipc	x24,0x1d743	 x24=0x9d745b2c
       13075000	      1306	80002b34	01579293	slli	x5,x15,0x15	 x15:0x00000000  x5=0x00000000
       13085000	      1307	80002b38	01c3d033	srl	x0,x7,x28	  x7:0x00000000 x28:0x00000006
       13095000	      1308	80002b3c	002f91b3	sll	x3,x31,x2	 x31:0xfffffa6c  x2:0x00000000  x3=0xfffffa6c
       13105000	      1309	80002b40	0098c733	xor	x14,x17,x9	 x17:0x00000000  x9:0x00000000 x14=0x00000000
       13115000	      1310	80002b44	052de263	bltu	x27,x18,80002b88	 x27:0x0000000d x18:0x9e69b640
       13125000	      1311	00000000	00000013	addi	x0,x0,0	  x0:0x00000000
       13135000	      1312	80002b84	00000013	addi	x0,x0,0	  x0:0x00000000
       13145000	      1313	80002b88	05558063	beq	x11,x21,80002bc8	 x11:0x00000000 x21:0x00000000
       13155000	      1314	00000000	00000013	addi	x0,x0,0	  x0:0x00000000
       13165000	      1315	80002bc4	00000013	addi	x0,x0,0	  x0:0x00000000
       13175000	      1316	80002bc8	a5e27e93	andi	x29,x4,-1442	  x4:0x00000001 x29=0x00000000
       13185000	      1317	80002bcc	e9946493	ori	x9,x8,-359	  x8:0x20529a2d  x9=0xfffffebd
       13195000	      1318	80002bd0	00cb47b3	xor	x15,x22,x12	 x22:0x000004c7 x12:0x00000001 x15=0x000004c6
       13205000	      1319	80002bd4	8e57ab93	slti	x23,x15,-1819	 x15:0x000004c6 x23=0x00000000
       13215000	      1320	80002bd8	0061e933	or	x18,x3,x6	  x3:0xfffffa6c  x6:0x00000001 x18=0xfffffa6d
       13225000	      1321	80002bdc	011f4233	xor	x4,x30,x17	 x30:0x00000000 x17:0x00000000  x4=0x00000000
       13235000	      1322	80002be0	40ef88b3	sub	x17,x31,x14	 x31:0xfffffa6c x14:0x00000000 x17=0xfffffa6c
       13245000	      1323	80002be4	017125b3	slt	x11,x2,x23	  x2:0x00000000 x23:0x00000000 x11=0x00000000
       13255000	      1324	80002be8	00e89f13	slli	x30,x17,0xe	 x17:0xfffffa6c x30=0xfe9b0000
       13265000	      1325	80002bec	9a188313	addi	x6,x17,-1631	 x17:0xfffffa6c  x6=0xfffff40d
       13275000	      1326	80002bf0	25476213	ori	x4,x14,596	 x14:0x00000000  x4=0x00000254
       13285000	      1327	80002bf4	418a0bb3	sub	x23,x20,x24	 x20:0x00008eb0 x24:0x9d745b2c x23=0x628c3384
       13295000	      1328	80002bf8	459cf817	auipc	x16,0x459cf	 x16=0xc59d1bf4
       13305000	      1329	80002bfc	ceb67f37	lui	x30,0xceb67	 x30=0xceb67000
       13315000	      1330	80002c00	00000013	addi	x0,x0,0	  x0:0x00000000
       13325000	      1331	80002c04	409bdcb3	sra	x25,x23,x9	 x23:0x628c3384  x9:0xfffffebd x25=0x00000003
       13335000	      1332	80002c08	59364417	auipc	x8,0x59364	  x8=0xd9366c04
       13345000	      1333	80002c0c	00295833	srl	x16,x18,x2	 x18:0xfffffa6d  x2:0x00000000 x16=0xfffffa6d
       13355000	      1334	80002c10	40d981b3	sub	x3,x19,x13	 x19:0x00000000 x13:0x80009fc4  x3=0x7fff603c
       13365000	      1335	80002c14	04cc8263	beq	x25,x12,80002c58	 x25:0x00000003 x12:0x00000001
       13375000	      1336	80002c18	d4407213	andi	x4,x0,-700	  x0:0x00000000  x4=0x00000000
       13385000	      1337	80002c1c	01991a63	bne	x18,x25,80002c30	 x18:0xfffffa6d x25:0x00000003
       13395000	      1338	00000000	00000013	addi	x0,x0,0	  x0:0x00000000
       13405000	      1339	80002c2c	00000013	addi	x0,x0,0	  x0:0x00000000
       13415000	      1340	80002c30	056f1463	bne	x30,x22,80002c78	 x30:0xceb67000 x22:0x000004c7
       13425000	      1341	00000000	00000013	addi	x0,x0,0	  x0:0x00000000
       13435000	      1342	80002c74	00000013	addi	x0,x0,0	  x0:0x00000000
       13445000	      1343	80002c78	01b9a933	slt	x18,x19,x27	 x19:0x00000000 x27:0x0000000d x18=0x00000001
       13455000	      1344	80002c7c	ee49ae93	slti	x29,x19,-284	 x19:0x00000000 x29=0x00000000
       13465000	      1345	80002c80	d6d7cc13	xori	x24,x15,-659	 x15:0x000004c6 x24=0xfffff9ab
       13475000	      1346	80002c84	256f7d97	auipc	x27,0x256f7	 x27=0xa56f9c80
       13485000	      1347	80002c88	3f85cd13	xori	x26,x11,1016	 x11:0x00000000 x26=0x000003f8
       13495000	      1348	80002c8c	03c58063	beq	x11,x28,80002cac	 x11:0x00000000 x28:0x00000006
       13505000	      1349	80002c90	01d71093	slli	x1,x14,0x1d	 x14:0x00000000  x1=0x00000000
       13515000	      1350	80002c94	00000013	addi	x0,x0,0	  x0:0x00000000
       13525000	      1351	80002c98	40e40eb3	sub	x29,x8,x14	  x8:0xd9366c04 x14:0x00000000 x29=0xd9366c04
       13535000	      1352	80002c9c	09703e13	sltiu	x28,x0,151	  x0:0x00000000 x28=0x00000001
       13545000	      1353	80002ca0	00df78b3	and	x17,x30,x13	 x30:0xceb67000 x13:0x80009fc4 x17=0x80001000
       13555000	      1354	80002ca4	40a78f33	sub	x30,x15,x10	 x15:0x000004c6 x10:0x80009f4c x30=0x7fff657a
       13565000	      1355	80002ca8	018b9393	slli	x7,x23,0x18	 x23:0x628c3384  x7=0x84000000
       13575000	      1356	80002cac	005c9863	bne	x25,x5,80002cbc	 x25:0x00000003  x5:0x00000000
       13585000	      1357	00000000	00000013	addi	x0,x0,0	  x0:0x00000000
       13595000	      1358	80002cb8	00000013	addi	x0,x0,0	  x0:0x00000000
       13605000	      1359	80002cbc	2faa3f13	sltiu	x30,x20,762	 x20:0x00008eb0 x30=0x00000000
       13615000	      1360	80002cc0	06c4c063	blt	x9,x12,80002d20	  x9:0xfffffebd x12:0x00000001
       13625000	      1361	00000000	00000013	addi	x0,x0,0	  x0:0x00000000
       13635000	      1362	80002d1c	00000013	addi	x0,x0,0	  x0:0x00000000
       13645000	      1363	80002d20	41870933	sub	x18,x14,x24	 x14:0x00000000 x24:0xfffff9ab x18=0x00000655
       13655000	      1364	80002d24	41cf5b13	srai	x22,x30,0x1c	 x30:0x00000000 x22=0x00000000
       13665000	      1365	80002d28	010a1263	bne	x20,x16,80002d2c	 x20:0x00008eb0 x16:0xfffffa6d
       13675000	      1366	00000000	00000013	addi	x0,x0,0	  x0:0x00000000
       13685000	      1367	80002d28	00000013	addi	x0,x0,0	  x0:0x00000000
       13695000	      1368	80002d2c	1bc8b413	sltiu	x8,x17,444	 x17:0x80001000  x8=0x00000000
       13705000	      1369	80002d30	00000013	addi	x0,x0,0	  x0:0x00000000
       13715000	      1370	80002d34	c96c30b7	lui	x1,0xc96c3	  x1=0xc96c3000
       13725000	      1371	80002d38	418e51b3	sra	x3,x28,x24	 x28:0x00000001 x24:0xfffff9ab  x3=0x00000000
       13735000	      1372	80002d3c	00549293	slli	x5,x9,0x5	  x9:0xfffffebd  x5=0xffffd7a0
       13745000	      1373	80002d40	01bf1e33	sll	x28,x30,x27	 x30:0x00000000 x27:0xa56f9c80 x28=0x00000000
       13755000	      1374	80002d44	00800e13	addi	x28,x0,8	  x0:0x00000000 x28=0x00000008
       13765000	      1375	80002d48	aedaa893	slti	x17,x21,-1299	 x21:0x00000000 x17=0x00000000
       13775000	      1376	80002d4c	df296013	ori	x0,x18,-526	 x18:0x00000655
       13785000	      1377	80002d50	00600d13	addi	x26,x0,6	  x0:0x00000000 x26=0x00000006
       13795000	      1378	80002d54	00000013	addi	x0,x0,0	  x0:0x00000000
       13805000	      1379	80002d58	ffde0e13	addi	x28,x28,-3	 x28:0x00000008 x28=0x00000005
       13815000	      1380	80002d5c	40fb5f33	sra	x30,x22,x15	 x22:0x00000000 x15:0x000004c6 x30=0x00000000
       13825000	      1381	80002d60	00600f93	addi	x31,x0,6	  x0:0x00000000 x31=0x00000006
       13835000	      1382	80002d64	00600a13	addi	x20,x0,6	  x0:0x00000000 x20=0x00000006
       13845000	      1383	80002d68	66762213	slti	x4,x12,1639	 x12:0x00000001  x4=0x00000001
       13855000	      1384	80002d6c	ffbf8f93	addi	x31,x31,-5	 x31:0x00000006 x31=0x00000001
       13865000	      1385	80002d70	00aedb93	srli	x23,x29,0xa	 x29:0xd9366c04 x23=0x00364d9b
       13875000	      1386	80002d74	ff4ffae3	bgeu	x31,x20,80002d68	 x31:0x00000001 x20:0x00000006
       13885000	      1387	80002d78	01f11413	slli	x8,x2,0x1f	  x2:0x00000000  x8=0x00000000
       13895000	      1388	80002d7c	24fd7313	andi	x6,x26,591	 x26:0x00000006  x6=0x00000006
       13905000	      1389	80002d80	fdae7ae3	bgeu	x28,x26,80002d54	 x28:0x00000005 x26:0x00000006
       13915000	      1390	80002d84	40bdd613	srai	x12,x27,0xb	 x27:0xa56f9c80 x12=0xfff4adf3
       13925000	      1391	80002d88	011b1cb3	sll	x25,x22,x17	 x22:0x00000000 x17:0x00000000 x25=0x00000000
       13935000	      1392	80002d8c	011378b3	and	x17,x6,x17	  x6:0x00000006 x17:0x00000000 x17=0x00000000
       13945000	      1393	80002d90	7c720a13	addi	x20,x4,1991	  x4:0x00000001 x20=0x000007c8
       13955000	      1394	80002d94	0296ec63	bltu	x13,x9,80002dcc	 x13:0x80009fc4  x9:0xfffffebd
       13965000	      1395	00000000	00000013	addi	x0,x0,0	  x0:0x00000000
       13975000	      1396	80002dc8	00000013	addi	x0,x0,0	  x0:0x00000000
       13985000	      1397	80002dcc	00be6d33	or	x26,x28,x11	 x28:0x00000005 x11:0x00000000 x26=0x00000005
       13995000	      1398	80002dd0	00000013	addi	x0,x0,0	  x0:0x00000000
       14005000	      1399	80002dd4	00785b13	srli	x22,x16,0x7	 x16:0xfffffa6d x22=0x01fffff4
       14015000	      1400	80002dd8	044e9463	bne	x29,x4,80002e20	 x29:0xd9366c04  x4:0x00000001
       14025000	      1401	00000000	00000013	addi	x0,x0,0	  x0:0x00000000
       14035000	      1402	80002e1c	00000013	addi	x0,x0,0	  x0:0x00000000
       14045000	      1403	80002e20	00b4cbb3	xor	x23,x9,x11	  x9:0xfffffebd x11:0x00000000 x23=0xfffffebd
       14055000	      1404	80002e24	01a24933	xor	x18,x4,x26	  x4:0x00000001 x26:0x00000005 x18=0x00000004
       14065000	      1405	80002e28	101f7b13	andi	x22,x30,257	 x30:0x00000000 x22=0x00000000
       14075000	      1406	80002e2c	016f95b3	sll	x11,x31,x22	 x31:0x00000001 x22:0x00000000 x11=0x00000001
       14085000	      1407	80002e30	01deca63	blt	x29,x29,80002e44	 x29:0xd9366c04 x29:0xd9366c04
       14095000	      1408	80002e34	40585cb3	sra	x25,x16,x5	 x16:0xfffffa6d  x5:0xffffd7a0 x25=0xfffffa6d
       14105000	      1409	80002e38	55992313	slti	x6,x18,1369	 x18:0x00000004  x6=0x00000001
       14115000	      1410	80002e3c	00b51393	slli	x7,x10,0xb	 x10:0x80009f4c  x7=0x04fa6000
       14125000	      1411	80002e40	3a2ab593	sltiu	x11,x21,930	 x21:0x00000000 x11=0x00000001
       14135000	      1412	80002e44	20ad8793	addi	x15,x27,522	 x27:0xa56f9c80 x15=0xa56f9e8a
       14145000	      1413	80002e48	0469d463	bge	x19,x6,80002e90	 x19:0x00000000  x6:0x00000001
       14155000	      1414	80002e4c	00ff5463	bge	x30,x15,80002e54	 x30:0x00000000 x15:0xa56f9e8a
       14165000	      1415	00000000	00000013	addi	x0,x0,0	  x0:0x00000000
       14175000	      1416	80002e50	00000013	addi	x0,x0,0	  x0:0x00000000
       14185000	      1417	80002e54	1bdcbd37	lui	x26,0x1bdcb	 x26=0x1bdcb000
       14195000	      1418	80002e58	c5ed3a13	sltiu	x20,x26,-930	 x26:0x1bdcb000 x20=0x00000001
       14205000	      1419	80002e5c	c5b4b193	sltiu	x3,x9,-933	  x9:0xfffffebd  x3=0x00000000
       14215000	      1420	80002e60	40c2dfb3	sra	x31,x5,x12	  x5:0xffffd7a0 x12:0xfff4adf3 x31=0xffffffff
       14225000	      1421	80002e64	0049c433	xor	x8,x19,x4	 x19:0x00000000  x4:0x00000001  x8=0x00000001
       14235000	      1422	80002e68	00bd5093	srli	x1,x26,0xb	 x26:0x1bdcb000  x1=0x00037b96
       14245000	      1423	80002e6c	0152b333	sltu	x6,x5,x21	  x5:0xffffd7a0 x21:0x00000000  x6=0x00000000
       14255000	      1424	80002e70	6c95a197	auipc	x3,0x6c95a	  x3=0xec95ce6c
       14265000	      1425	80002e74	0132c433	xor	x8,x5,x19	  x5:0xffffd7a0 x19:0x00000000  x8=0xffffd7a0
       14275000	      1426	80002e78	02e24a13	xori	x20,x4,46	  x4:0x00000001 x20=0x0000002f
       14285000	      1427	80002e7c	008f4463	blt	x30,x8,80002e84	 x30:0x00000000  x8:0xffffd7a0
       14295000	      1428	80002e80	01e98a63	beq	x19,x30,80002e94	 x19:0x00000000 x30:0x00000000
       14305000	      1429	00000000	00000013	addi	x0,x0,0	  x0:0x00000000
       14315000	      1430	80002e90	00000013	addi	x0,x0,0	  x0:0x00000000
       14325000	      1431	80002e94	b6aaa993	slti	x19,x21,-1174	 x21:0x00000000 x19=0x00000000
       14335000	      1432	80002e98	024e5663	bge	x28,x4,80002ec4	 x28:0x00000005  x4:0x00000001
       14345000	      1433	00000000	00000013	addi	x0,x0,0	  x0:0x00000000
       14355000	      1434	80002ec0	00000013	addi	x0,x0,0	  x0:0x00000000
       14365000	      1435	80002ec4	a4f91597	auipc	x11,0xa4f91	 x11=0x24f93ec0
       14375000	      1436	80002ec8	01b97863	bgeu	x18,x27,80002ed8	 x18:0x00000004 x27:0xa56f9c80
       14385000	      1437	80002ecc	00fafb33	and	x22,x21,x15	 x21:0x00000000 x15:0xa56f9e8a x22=0x00000000
       14395000	      1438	80002ed0	f6356437	lui	x8,0xf6356	  x8=0xf6356000
       14405000	      1439	80002ed4	40cf5133	sra	x2,x30,x12	 x30:0x00000000 x12:0xfff4adf3  x2=0x00000000
       14415000	      1440	80002ed8	00479613	slli	x12,x15,0x4	 x15:0xa56f9e8a x12=0x56f9e8a0
       14425000	      1441	80002edc	00000013	addi	x0,x0,0	  x0:0x00000000
       14435000	      1442	80002ee0	00332b33	slt	x22,x6,x3	  x6:0x00000000  x3:0xec95ce6c x22=0x00000000
       14445000	      1443	80002ee4	00452883	lw	x17,4(x10)	 x10:0x80009f4c x17=0x800001a8 PA:0x80009f50
       14455000	      1444	80002ee8	03850513	addi	x10,x10,56	 x10:0x80009f4c x10=0x80009f84
       14465000	      1445	80002eec	00dd5333	srl	x6,x26,x13	 x26:0x1bdcb000 x13:0x80009fc4  x6=0x01bdcb00
       14475000	      1446	80002ef0	00088993	addi	x19,x17,0	 x17:0x800001a8 x19=0x800001a8
       14485000	      1447	80002ef4	000989e7	jalr	x19,x19,0	 x19:0x800001a8 x19=0x80002ef4
       14495000	      1448	00000000	00000013	addi	x0,x0,0	  x0:0x00000000
       14505000	      1449	800001a8	00000013	addi	x0,x0,0	  x0:0x00000000
       14515000	      1450	800001ac	00300c13	addi	x24,x0,3	  x0:0x00000000 x24=0x00000003
       14525000	      1451	800001b0	010e37b3	sltu	x15,x28,x16	 x28:0x00000005 x16:0xfffffa6d x15=0x00000001
       14535000	      1452	800001b4	01ed9413	slli	x8,x27,0x1e	 x27:0xa56f9c80  x8=0x00000000
       14545000	      1453	800001b8	352bbf93	sltiu	x31,x23,850	 x23:0xfffffebd x31=0x00000000
       14555000	      1454	800001bc	0192e1b3	or	x3,x5,x25	  x5:0xffffd7a0 x25:0xfffffa6d  x3=0xffffffed
       14565000	      1455	800001c0	93aeb217	auipc	x4,0x93aeb	  x4=0x13aeb1bc
       14575000	      1456	800001c4	4134d013	srai	x0,x9,0x13	  x9:0xfffffebd
       14585000	      1457	800001c8	ffa00113	addi	x2,x0,-6	  x0:0x00000000  x2=0xfffffffa
       14595000	      1458	800001cc	00000013	addi	x0,x0,0	  x0:0x00000000
       14605000	      1459	800001d0	00bba4b3	slt	x9,x23,x11	 x23:0xfffffebd x11:0x24f93ec0  x9=0x00000001
       14615000	      1460	800001d4	0172f033	and	x0,x5,x23	  x5:0xffffd7a0 x23:0xfffffebd
       14625000	      1461	800001d8	adc9bf93	sltiu	x31,x19,-1316	 x19:0x80002ef4 x31=0x00000001
       14635000	      1462	800001dc	40ee8bb3	sub	x23,x29,x14	 x29:0xd9366c04 x14:0x00000000 x23=0xd9366c04
       14645000	      1463	800001e0	ff7c0c13	addi	x24,x24,-9	 x24:0x00000003 x24=0xfffffffa
       14655000	      1464	800001e4	00000013	addi	x0,x0,0	  x0:0x00000000
       14665000	      1465	800001e8	0081ff33	and	x30,x3,x8	  x3:0xffffffed  x8:0x00000000 x30=0x00000000
       14675000	      1466	800001ec	00100b13	addi	x22,x0,1	  x0:0x00000000 x22=0x00000001
       14685000	      1467	800001f0	014632b3	sltu	x5,x12,x20	 x12:0x56f9e8a0 x20:0x0000002f  x5=0x00000000
       14695000	      1468	800001f4	50b9c613	xori	x12,x19,1291	 x19:0x80002ef4 x12=0x80002bff
       14705000	      1469	800001f8	7b0d8d13	addi	x26,x27,1968	 x27:0xa56f9c80 x26=0xa56fa430
       14715000	      1470	800001fc	ff200813	addi	x16,x0,-14	  x0:0x00000000 x16=0xfffffff2
       14725000	      1471	80000200	016440b3	xor	x1,x8,x22	  x8:0x00000000 x22:0x00000001  x1=0x00000001
       14735000	      1472	80000204	6c4e0797	auipc	x15,0x6c4e0	 x15=0xec4e0200
       14745000	      1473	80000208	00000013	addi	x0,x0,0	  x0:0x00000000
       14755000	      1474	8000020c	ff8b0b13	addi	x22,x22,-8	 x22:0x00000001 x22=0xfffffff9
       14765000	      1475	80000210	d1652993	slti	x19,x10,-746	 x10:0x80009f84 x19=0x00000001
       14775000	      1476	80000214	ff0b56e3	bge	x22,x16,80000200	 x22:0xfffffff9 x16:0xfffffff2
       14785000	      1477	00000000	00000013	addi	x0,x0,0	  x0:0x00000000
       14795000	      1478	800001fc	00000013	addi	x0,x0,0	  x0:0x00000000
       14805000	      1479	80000200	016440b3	xor	x1,x8,x22	  x8:0x00000000 x22:0xfffffff9  x1=0xfffffff9
       14815000	      1480	80000204	6c4e0797	auipc	x15,0x6c4e0	 x15=0xec4e0200
       14825000	      1481	80000208	00000013	addi	x0,x0,0	  x0:0x00000000
       14835000	      1482	8000020c	ff8b0b13	addi	x22,x22,-8	 x22:0xfffffff9 x22=0xfffffff1
       14845000	      1483	80000210	d1652993	slti	x19,x10,-746	 x10:0x80009f84 x19=0x00000001
       14855000	      1484	80000214	ff0b56e3	bge	x22,x16,80000200	 x22:0xfffffff1 x16:0xfffffff2
       14865000	      1485	80000218	01be73b3	and	x7,x28,x27	 x28:0x00000005 x27:0xa56f9c80  x7=0x00000000
       14875000	      1486	8000021c	fa2c0ae3	beq	x24,x2,800001d0	 x24:0xfffffffa  x2:0xfffffffa
       14885000	      1487	00000000	00000013	addi	x0,x0,0	  x0:0x00000000
       14895000	      1488	800001cc	00000013	addi	x0,x0,0	  x0:0x00000000
       14905000	      1489	800001d0	00bba4b3	slt	x9,x23,x11	 x23:0xd9366c04 x11:0x24f93ec0  x9=0x00000001
       14915000	      1490	800001d4	0172f033	and	x0,x5,x23	  x5:0x00000000 x23:0xd9366c04
       14925000	      1491	800001d8	adc9bf93	sltiu	x31,x19,-1316	 x19:0x00000001 x31=0x00000001
       14935000	      1492	800001dc	40ee8bb3	sub	x23,x29,x14	 x29:0xd9366c04 x14:0x00000000 x23=0xd9366c04
       14945000	      1493	800001e0	ff7c0c13	addi	x24,x24,-9	 x24:0xfffffffa x24=0xfffffff1
       14955000	      1494	800001e4	00000013	addi	x0,x0,0	  x0:0x00000000
       14965000	      1495	800001e8	0081ff33	and	x30,x3,x8	  x3:0xffffffed  x8:0x00000000 x30=0x00000000
       14975000	      1496	800001ec	00100b13	addi	x22,x0,1	  x0:0x00000000 x22=0x00000001
       14985000	      1497	800001f0	014632b3	sltu	x5,x12,x20	 x12:0x80002bff x20:0x0000002f  x5=0x00000000
       14995000	      1498	800001f4	50b9c613	xori	x12,x19,1291	 x19:0x00000001 x12=0x0000050a
       15005000	      1499	800001f8	7b0d8d13	addi	x26,x27,1968	 x27:0xa56f9c80 x26=0xa56fa430
       15015000	      1500	800001fc	ff200813	addi	x16,x0,-14	  x0:0x00000000 x16=0xfffffff2
       15025000	      1501	80000200	016440b3	xor	x1,x8,x22	  x8:0x00000000 x22:0x00000001  x1=0x00000001
       15035000	      1502	80000204	6c4e0797	auipc	x15,0x6c4e0	 x15=0xec4e0200
       15045000	      1503	80000208	00000013	addi	x0,x0,0	  x0:0x00000000
       15055000	      1504	8000020c	ff8b0b13	addi	x22,x22,-8	 x22:0x00000001 x22=0xfffffff9
       15065000	      1505	80000210	d1652993	slti	x19,x10,-746	 x10:0x80009f84 x19=0x00000001
       15075000	      1506	80000214	ff0b56e3	bge	x22,x16,80000200	 x22:0xfffffff9 x16:0xfffffff2
       15085000	      1507	00000000	00000013	addi	x0,x0,0	  x0:0x00000000
       15095000	      1508	800001fc	00000013	addi	x0,x0,0	  x0:0x00000000
       15105000	      1509	80000200	016440b3	xor	x1,x8,x22	  x8:0x00000000 x22:0xfffffff9  x1=0xfffffff9
       15115000	      1510	80000204	6c4e0797	auipc	x15,0x6c4e0	 x15=0xec4e0200
       15125000	      1511	80000208	00000013	addi	x0,x0,0	  x0:0x00000000
       15135000	      1512	8000020c	ff8b0b13	addi	x22,x22,-8	 x22:0xfffffff9 x22=0xfffffff1
       15145000	      1513	80000210	d1652993	slti	x19,x10,-746	 x10:0x80009f84 x19=0x00000001
       15155000	      1514	80000214	ff0b56e3	bge	x22,x16,80000200	 x22:0xfffffff1 x16:0xfffffff2
       15165000	      1515	80000218	01be73b3	and	x7,x28,x27	 x28:0x00000005 x27:0xa56f9c80  x7=0x00000000
       15175000	      1516	8000021c	fa2c0ae3	beq	x24,x2,800001d0	 x24:0xfffffff1  x2:0xfffffffa
       15185000	      1517	80000220	01362a33	slt	x20,x12,x19	 x12:0x0000050a x19:0x00000001 x20=0x00000000
       15195000	      1518	80000224	050e7263	bgeu	x28,x16,80000268	 x28:0x00000005 x16:0xfffffff2
       15205000	      1519	80000228	00e3f133	and	x2,x7,x14	  x7:0x00000000 x14:0x00000000  x2=0x00000000
       15215000	      1520	8000022c	00e4c333	xor	x6,x9,x14	  x9:0x00000001 x14:0x00000000  x6=0x00000001
       15225000	      1521	80000230	01cf0833	add	x16,x30,x28	 x30:0x00000000 x28:0x00000005 x16=0x00000005
       15235000	      1522	80000234	077c9863	bne	x25,x23,800002a4	 x25:0xfffffa6d x23:0xd9366c04
       15245000	      1523	00000000	00000013	addi	x0,x0,0	  x0:0x00000000
       15255000	      1524	800002a0	00000013	addi	x0,x0,0	  x0:0x00000000
       15265000	      1525	800002a4	016f0633	add	x12,x30,x22	 x30:0x00000000 x22:0xfffffff1 x12=0xfffffff1
       15275000	      1526	800002a8	00cd1863	bne	x26,x12,800002b8	 x26:0xa56fa430 x12:0xfffffff1
       15285000	      1527	00000000	00000013	addi	x0,x0,0	  x0:0x00000000
       15295000	      1528	800002b4	00000013	addi	x0,x0,0	  x0:0x00000000
       15305000	      1529	800002b8	e302f793	andi	x15,x5,-464	  x5:0x00000000 x15=0x00000000
       15315000	      1530	800002bc	00000a97	auipc	x21,0x0	 x21=0x800002b8
       15325000	      1531	800002c0	00ca8a93	addi	x21,x21,12	 x21:0x800002b8 x21=0x800002c4
       15335000	      1532	800002c4	000a8067	jalr	x0,x21,0	 x21:0x800002c4
       15345000	      1533	00000000	00000013	addi	x0,x0,0	  x0:0x00000000
       15355000	      1534	800002c4	00000013	addi	x0,x0,0	  x0:0x00000000
       15365000	      1535	800002c8	00100193	addi	x3,x0,1	  x0:0x00000000  x3=0x00000001
       15375000	      1536	800002cc	00000073	ecall	
       15385000	      1537	800002d0	1c510e97	auipc	x29,0x1c510	 x29=0x9c5102cc
