		Time			Cycle	PC		Insn	Decoded instruction	Register and memory contents
          65000	         5	80000004	00000293	addi	x5,x0,0	  x0:0x00000000  x5=0x00000000
          75000	         6	80000008	00000313	addi	x6,x0,0	  x0:0x00000000  x6=0x00000000
          85000	         7	8000000c	00628263	beq	x5,x6,80000010	  x5:0x00000000  x6:0x00000000
          95000	         8	00000000	00000013	addi	x0,x0,0	  x0:0x00000000
         105000	         9	8000000c	00000013	addi	x0,x0,0	  x0:0x00000000
         115000	        10	80000010	00000517	auipc	x10,0x0	 x10=0x8000000c
         125000	        11	80000014	00c50513	addi	x10,x10,12	 x10:0x8000000c x10=0x80000018
         135000	        12	80000018	00050067	jalr	x0,x10,0	 x10:0x80000018
         145000	        13	00000000	00000013	addi	x0,x0,0	  x0:0x00000000
         155000	        14	80000018	00000013	addi	x0,x0,0	  x0:0x00000000
         165000	        15	8000001c	400009b7	lui	x19,0x40000	 x19=0x40000000
         175000	        16	80000020	10098993	addi	x19,x19,256	 x19:0x40000000 x19=0x40000100
         185000	        17	80000024	00000013	addi	x0,x0,0	  x0:0x00000000
         195000	        18	80000028	0000af97	auipc	x31,0xa	 x31=0x8000a024
         205000	        19	8000002c	fa0f8f93	addi	x31,x31,-96	 x31:0x8000a024 x31=0x80009fc4
         215000	        20	80000030	00004997	auipc	x19,0x4	 x19=0x8000402c
         225000	        21	80000034	93498993	addi	x19,x19,-1740	 x19:0x8000402c x19=0x80003960
         235000	        22	80000038	0019e993	ori	x19,x19,1	 x19:0x80003960 x19=0x80003961
         245000	        23	8000003c	00000013	addi	x0,x0,0	  x0:0x00000000
         255000	        24	80000040	00000997	auipc	x19,0x0	 x19=0x8000003c
         265000	        25	80000044	02098993	addi	x19,x19,32	 x19:0x8000003c x19=0x8000005c
         275000	        26	80000048	00000013	addi	x0,x0,0	  x0:0x00000000
         285000	        27	8000004c	00000013	addi	x0,x0,0	  x0:0x00000000
         295000	        28	80000050	000029b7	lui	x19,0x2	 x19=0x00002000
         305000	        29	80000054	80098993	addi	x19,x19,-2048	 x19:0x00002000 x19=0x00001800
         315000	        30	80000058	00000013	addi	x0,x0,0	  x0:0x00000000
         325000	        31	8000005c	00000013	addi	x0,x0,0	  x0:0x00000000
         335000	        32	80000060	10ef3037	lui	x0,0x10ef3	
         345000	        33	80000064	80600013	addi	x0,x0,-2042	  x0:0x00000000
         355000	        34	80000068	800000b7	lui	x1,0x80000	  x1=0x80000000
         365000	        35	8000006c	ba895137	lui	x2,0xba895	  x2=0xba895000
         375000	        36	80000070	f4110113	addi	x2,x2,-191	  x2:0xba895000  x2=0xba894f41
         385000	        37	80000074	f796e1b7	lui	x3,0xf796e	  x3=0xf796e000
         395000	        38	80000078	45b18193	addi	x3,x3,1115	  x3:0xf796e000  x3=0xf796e45b
         405000	        39	8000007c	00c00213	addi	x4,x0,12	  x0:0x00000000  x4=0x0000000c
         415000	        40	80000080	fed4f2b7	lui	x5,0xfed4f	  x5=0xfed4f000
         425000	        41	80000084	fe928293	addi	x5,x5,-23	  x5:0xfed4f000  x5=0xfed4efe9
         435000	        42	80000088	d1291337	lui	x6,0xd1291	  x6=0xd1291000
         445000	        43	8000008c	e7830313	addi	x6,x6,-392	  x6:0xd1291000  x6=0xd1290e78
         455000	        44	80000090	00500393	addi	x7,x0,5	  x0:0x00000000  x7=0x00000005
         465000	        45	80000094	00b00413	addi	x8,x0,11	  x0:0x00000000  x8=0x0000000b
         475000	        46	80000098	fa50f4b7	lui	x9,0xfa50f	  x9=0xfa50f000
         485000	        47	8000009c	90c48493	addi	x9,x9,-1780	  x9:0xfa50f000  x9=0xfa50e90c
         495000	        48	800000a0	00b00513	addi	x10,x0,11	  x0:0x00000000 x10=0x0000000b
         505000	        49	800000a4	00000593	addi	x11,x0,0	  x0:0x00000000 x11=0x00000000
         515000	        50	800000a8	80000637	lui	x12,0x80000	 x12=0x80000000
         525000	        51	800000ac	00000693	addi	x13,x0,0	  x0:0x00000000 x13=0x00000000
         535000	        52	800000b0	00100713	addi	x14,x0,1	  x0:0x00000000 x14=0x00000001
         545000	        53	800000b4	800007b7	lui	x15,0x80000	 x15=0x80000000
         555000	        54	800000b8	80000837	lui	x16,0x80000	 x16=0x80000000
         565000	        55	800000bc	f3d0d8b7	lui	x17,0xf3d0d	 x17=0xf3d0d000
         575000	        56	800000c0	2d888893	addi	x17,x17,728	 x17:0xf3d0d000 x17=0xf3d0d2d8
         585000	        57	800000c4	a58389b7	lui	x19,0xa5838	 x19=0xa5838000
         595000	        58	800000c8	4da98993	addi	x19,x19,1242	 x19:0xa5838000 x19=0xa58384da
         605000	        59	800000cc	f4b90a37	lui	x20,0xf4b90	 x20=0xf4b90000
         615000	        60	800000d0	4b3a0a13	addi	x20,x20,1203	 x20:0xf4b90000 x20=0xf4b904b3
         625000	        61	800000d4	00a00a93	addi	x21,x0,10	  x0:0x00000000 x21=0x0000000a
         635000	        62	800000d8	00d00b13	addi	x22,x0,13	  x0:0x00000000 x22=0x0000000d
         645000	        63	800000dc	80000bb7	lui	x23,0x80000	 x23=0x80000000
         655000	        64	800000e0	00300c13	addi	x24,x0,3	  x0:0x00000000 x24=0x00000003
         665000	        65	800000e4	fa7cccb7	lui	x25,0xfa7cc	 x25=0xfa7cc000
         675000	        66	800000e8	24fc8c93	addi	x25,x25,591	 x25:0xfa7cc000 x25=0xfa7cc24f
         685000	        67	800000ec	f51acd37	lui	x26,0xf51ac	 x26=0xf51ac000
         695000	        68	800000f0	4d8d0d13	addi	x26,x26,1240	 x26:0xf51ac000 x26=0xf51ac4d8
         705000	        69	800000f4	00100d93	addi	x27,x0,1	  x0:0x00000000 x27=0x00000001
         715000	        70	800000f8	47e44e37	lui	x28,0x47e44	 x28=0x47e44000
         725000	        71	800000fc	c22e0e13	addi	x28,x28,-990	 x28:0x47e44000 x28=0x47e43c22
         735000	        72	80000100	80000eb7	lui	x29,0x80000	 x29=0x80000000
         745000	        73	80000104	a7ffbf37	lui	x30,0xa7ffb	 x30=0xa7ffb000
         755000	        74	80000108	ba7f0f13	addi	x30,x30,-1113	 x30:0xa7ffb000 x30=0xa7ffaba7
         765000	        75	8000010c	0000a917	auipc	x18,0xa	 x18=0x8000a108
         775000	        76	80000110	e7c90913	addi	x18,x18,-388	 x18:0x8000a108 x18=0x80009f84
         785000	        77	80000114	ffa00b93	addi	x23,x0,-6	  x0:0x00000000 x23=0xfffffffa
         795000	        78	80000118	e6a64213	xori	x4,x12,-406	 x12:0x80000000  x4=0x7ffffe6a
         805000	        79	8000011c	e5f6d197	auipc	x3,0xe5f6d	  x3=0x65f6d118
         815000	        80	80000120	1e9aa113	slti	x2,x21,489	 x21:0x0000000a  x2=0x00000001
         825000	        81	80000124	00000013	addi	x0,x0,0	  x0:0x00000000
         835000	        82	80000128	00a30333	add	x6,x6,x10	  x6:0xd1290e78 x10:0x0000000b  x6=0xd1290e83
         845000	        83	8000012c	01a16433	or	x8,x2,x26	  x2:0x00000001 x26:0xf51ac4d8  x8=0xf51ac4d9
         855000	        84	80000130	a48a0213	addi	x4,x20,-1464	 x20:0xf4b904b3  x4=0xf4b8fefb
         865000	        85	80000134	741e8713	addi	x14,x29,1857	 x29:0x80000000 x14=0x80000741
         875000	        86	80000138	00400793	addi	x15,x0,4	  x0:0x00000000 x15=0x00000004
         885000	        87	8000013c	91307193	andi	x3,x0,-1773	  x0:0x00000000  x3=0x00000000
         895000	        88	80000140	855df813	andi	x16,x27,-1963	 x27:0x00000001 x16=0x00000001
         905000	        89	80000144	9ae3ea97	auipc	x21,0x9ae3e	 x21=0x1ae3e140
         915000	        90	80000148	ef289e37	lui	x28,0xef289	 x28=0xef289000
         925000	        91	8000014c	5fb4a693	slti	x13,x9,1531	  x9:0xfa50e90c x13=0x00000001
         935000	        92	80000150	403f0f33	sub	x30,x30,x3	 x30:0xa7ffaba7  x3:0x00000000 x30=0xa7ffaba7
         945000	        93	80000154	002b8b93	addi	x23,x23,2	 x23:0xfffffffa x23=0xfffffffc
         955000	        94	80000158	008e9833	sll	x16,x29,x8	 x29:0x80000000  x8:0xf51ac4d9 x16=0x00000000
         965000	        95	8000015c	54b33293	sltiu	x5,x6,1355	  x6:0xd1290e83  x5=0x00000000
         975000	        96	80000160	622ec417	auipc	x8,0x622ec	  x8=0xe22ec15c
         985000	        97	80000164	0051f233	and	x4,x3,x5	  x3:0x00000000  x5:0x00000000  x4=0x00000000
         995000	        98	80000168	00070eb3	add	x29,x14,x0	 x14:0x80000741  x0:0x00000000 x29=0x80000741
        1005000	        99	8000016c	6a353f37	lui	x30,0x6a353	 x30=0x6a353000
        1015000	       100	80000170	abb22593	slti	x11,x4,-1349	  x4:0x00000000 x11=0x00000000
        1025000	       101	80000174	fcfb86e3	beq	x23,x15,80000140	 x23:0xfffffffc x15:0x00000004
        1035000	       102	80000178	c4afec93	ori	x25,x31,-950	 x31:0x80009fc4 x25=0xffffffce
        1045000	       103	8000017c	00500c93	addi	x25,x0,5	  x0:0x00000000 x25=0x00000005
        1055000	       104	80000180	00600193	addi	x3,x0,6	  x0:0x00000000  x3=0x00000006
        1065000	       105	80000184	ded41037	lui	x0,0xded41	
        1075000	       106	80000188	1e168813	addi	x16,x13,481	 x13:0x00000001 x16=0x000001e2
        1085000	       107	8000018c	8df3b393	sltiu	x7,x7,-1825	  x7:0x00000005  x7=0x00000001
        1095000	       108	80000190	0091f8b3	and	x17,x3,x9	  x3:0x00000006  x9:0xfa50e90c x17=0x00000004
        1105000	       109	80000194	bc6a6213	ori	x4,x20,-1082	 x20:0xf4b904b3  x4=0xfffffff7
        1115000	       110	80000198	00105e33	srl	x28,x0,x1	  x0:0x00000000  x1:0x80000000 x28=0x00000000
        1125000	       111	8000019c	91976293	ori	x5,x14,-1767	 x14:0x80000741  x5=0xffffff59
        1135000	       112	800001a0	010c2733	slt	x14,x24,x16	 x24:0x00000003 x16:0x000001e2 x14=0x00000001
        1145000	       113	800001a4	00000013	addi	x0,x0,0	  x0:0x00000000
        1155000	       114	800001a8	007c8c93	addi	x25,x25,7	 x25:0x00000005 x25=0x0000000c
        1165000	       115	800001ac	40abd6b3	sra	x13,x23,x10	 x23:0xfffffffc x10:0x0000000b x13=0xffffffff
        1175000	       116	800001b0	01875b33	srl	x22,x14,x24	 x14:0x00000001 x24:0x00000003 x22=0x00000000
        1185000	       117	800001b4	017c9033	sll	x0,x25,x23	 x25:0x0000000c x23:0xfffffffc
        1195000	       118	800001b8	0189d233	srl	x4,x19,x24	 x19:0xa58384da x24:0x00000003  x4=0x14b0709b
        1205000	       119	800001bc	bdd70db7	lui	x27,0xbdd70	 x27=0xbdd70000
        1215000	       120	800001c0	5ed82637	lui	x12,0x5ed82	 x12=0x5ed82000
        1225000	       121	800001c4	b46bed13	ori	x26,x23,-1210	 x23:0xfffffffc x26=0xfffffffe
        1235000	       122	800001c8	000d9c33	sll	x24,x27,x0	 x27:0xbdd70000  x0:0x00000000 x24=0xbdd70000
        1245000	       123	800001cc	007ee733	or	x14,x29,x7	 x29:0x80000741  x7:0x00000001 x14=0x80000741
        1255000	       124	800001d0	405d8133	sub	x2,x27,x5	 x27:0xbdd70000  x5:0xffffff59  x2=0xbdd700a7
        1265000	       125	800001d4	013eb7b3	sltu	x15,x29,x19	 x29:0x80000741 x19:0xa58384da x15=0x00000001
        1275000	       126	800001d8	0125d133	srl	x2,x11,x18	 x11:0x00000000 x18:0x80009f84  x2=0x00000000
        1285000	       127	800001dc	fc3cc2e3	blt	x25,x3,800001a0	 x25:0x0000000c  x3:0x00000006
        1295000	       128	800001e0	00cf2bb3	slt	x23,x30,x12	 x30:0x6a353000 x12:0x5ed82000 x23=0x00000000
        1305000	       129	800001e4	00100713	addi	x14,x0,1	  x0:0x00000000 x14=0x00000001
        1315000	       130	800001e8	931c8c13	addi	x24,x25,-1743	 x25:0x0000000c x24=0xfffff93d
        1325000	       131	800001ec	3b344a13	xori	x20,x8,947	  x8:0xe22ec15c x20=0xe22ec2ef
        1335000	       132	800001f0	251abd93	sltiu	x27,x21,593	 x21:0x1ae3e140 x27=0x00000000
        1345000	       133	800001f4	ff500f13	addi	x30,x0,-11	  x0:0x00000000 x30=0xfffffff5
        1355000	       134	800001f8	401f5b93	srai	x23,x30,0x1	 x30:0xfffffff5 x23=0xfffffffa
        1365000	       135	800001fc	00000013	addi	x0,x0,0	  x0:0x00000000
        1375000	       136	80000200	0163f333	and	x6,x7,x22	  x7:0x00000001 x22:0x00000000  x6=0x00000000
        1385000	       137	80000204	410f8db3	sub	x27,x31,x16	 x31:0x80009fc4 x16:0x000001e2 x27=0x80009de2
        1395000	       138	80000208	bfb68b13	addi	x22,x13,-1029	 x13:0xffffffff x22=0xfffffbfa
        1405000	       139	8000020c	41f95093	srai	x1,x18,0x1f	 x18:0x80009f84  x1=0xffffffff
        1415000	       140	80000210	0ef38093	addi	x1,x7,239	  x7:0x00000001  x1=0x000000f0
        1425000	       141	80000214	da88c113	xori	x2,x17,-600	 x17:0x00000004  x2=0xfffffdac
        1435000	       142	80000218	ffe70713	addi	x14,x14,-2	 x14:0x00000001 x14=0xffffffff
        1445000	       143	8000021c	0100d413	srli	x8,x1,0x10	  x1:0x000000f0  x8=0x00000000
        1455000	       144	80000220	014a18b3	sll	x17,x20,x20	 x20:0xe22ec2ef x20:0xe22ec2ef x17=0x61778000
        1465000	       145	80000224	ffd00193	addi	x3,x0,-3	  x0:0x00000000  x3=0xfffffffd
        1475000	       146	80000228	00f00493	addi	x9,x0,15	  x0:0x00000000  x9=0x0000000f
        1485000	       147	8000022c	017436b3	sltu	x13,x8,x23	  x8:0x00000000 x23:0xfffffffa x13=0x00000001
        1495000	       148	80000230	c67f4bb7	lui	x23,0xc67f4	 x23=0xc67f4000
        1505000	       149	80000234	00a3b433	sltu	x8,x7,x10	  x7:0x00000001 x10:0x0000000b  x8=0x00000001
        1515000	       150	80000238	41868433	sub	x8,x13,x24	 x13:0x00000001 x24:0xfffff93d  x8=0x000006c4
        1525000	       151	8000023c	003d53b3	srl	x7,x26,x3	 x26:0xfffffffe  x3:0xfffffffd  x7=0x00000007
        1535000	       152	80000240	41b88833	sub	x16,x17,x27	 x17:0x61778000 x27:0x80009de2 x16=0xe176e21e
        1545000	       153	80000244	ba988593	addi	x11,x17,-1111	 x17:0x61778000 x11=0x61777ba9
        1555000	       154	80000248	004be433	or	x8,x23,x4	 x23:0xc67f4000  x4:0x14b0709b  x8=0xd6ff709b
        1565000	       155	8000024c	00918193	addi	x3,x3,9	  x3:0xfffffffd  x3=0x00000006
        1575000	       156	80000250	011bdb13	srli	x22,x23,0x11	 x23:0xc67f4000 x22=0x0000633f
        1585000	       157	80000254	fe9182e3	beq	x3,x9,80000238	  x3:0x00000006  x9:0x0000000f
        1595000	       158	80000258	c8a16c93	ori	x25,x2,-886	  x2:0xfffffdac x25=0xfffffdae
        1605000	       159	8000025c	fbe754e3	bge	x14,x30,80000204	 x14:0xffffffff x30:0xfffffff5
        1615000	       160	00000000	00000013	addi	x0,x0,0	  x0:0x00000000
        1625000	       161	80000200	00000013	addi	x0,x0,0	  x0:0x00000000
        1635000	       162	80000204	410f8db3	sub	x27,x31,x16	 x31:0x80009fc4 x16:0xe176e21e x27=0x9e89bda6
        1645000	       163	80000208	bfb68b13	addi	x22,x13,-1029	 x13:0x00000001 x22=0xfffffbfc
        1655000	       164	8000020c	41f95093	srai	x1,x18,0x1f	 x18:0x80009f84  x1=0xffffffff
        1665000	       165	80000210	0ef38093	addi	x1,x7,239	  x7:0x00000007  x1=0x000000f6
        1675000	       166	80000214	da88c113	xori	x2,x17,-600	 x17:0x61778000  x2=0x9e887da8
        1685000	       167	80000218	ffe70713	addi	x14,x14,-2	 x14:0xffffffff x14=0xfffffffd
        1695000	       168	8000021c	0100d413	srli	x8,x1,0x10	  x1:0x000000f6  x8=0x00000000
        1705000	       169	80000220	014a18b3	sll	x17,x20,x20	 x20:0xe22ec2ef x20:0xe22ec2ef x17=0x61778000
        1715000	       170	80000224	ffd00193	addi	x3,x0,-3	  x0:0x00000000  x3=0xfffffffd
        1725000	       171	80000228	00f00493	addi	x9,x0,15	  x0:0x00000000  x9=0x0000000f
        1735000	       172	8000022c	017436b3	sltu	x13,x8,x23	  x8:0x00000000 x23:0xc67f4000 x13=0x00000001
        1745000	       173	80000230	c67f4bb7	lui	x23,0xc67f4	 x23=0xc67f4000
        1755000	       174	80000234	00a3b433	sltu	x8,x7,x10	  x7:0x00000007 x10:0x0000000b  x8=0x00000001
        1765000	       175	80000238	41868433	sub	x8,x13,x24	 x13:0x00000001 x24:0xfffff93d  x8=0x000006c4
        1775000	       176	8000023c	003d53b3	srl	x7,x26,x3	 x26:0xfffffffe  x3:0xfffffffd  x7=0x00000007
        1785000	       177	80000240	41b88833	sub	x16,x17,x27	 x17:0x61778000 x27:0x9e89bda6 x16=0xc2edc25a
        1795000	       178	80000244	ba988593	addi	x11,x17,-1111	 x17:0x61778000 x11=0x61777ba9
        1805000	       179	80000248	004be433	or	x8,x23,x4	 x23:0xc67f4000  x4:0x14b0709b  x8=0xd6ff709b
        1815000	       180	8000024c	00918193	addi	x3,x3,9	  x3:0xfffffffd  x3=0x00000006
        1825000	       181	80000250	011bdb13	srli	x22,x23,0x11	 x23:0xc67f4000 x22=0x0000633f
        1835000	       182	80000254	fe9182e3	beq	x3,x9,80000238	  x3:0x00000006  x9:0x0000000f
        1845000	       183	80000258	c8a16c93	ori	x25,x2,-886	  x2:0x9e887da8 x25=0xfffffdaa
        1855000	       184	8000025c	fbe754e3	bge	x14,x30,80000204	 x14:0xfffffffd x30:0xfffffff5
        1865000	       185	00000000	00000013	addi	x0,x0,0	  x0:0x00000000
        1875000	       186	80000200	00000013	addi	x0,x0,0	  x0:0x00000000
        1885000	       187	80000204	410f8db3	sub	x27,x31,x16	 x31:0x80009fc4 x16:0xc2edc25a x27=0xbd12dd6a
        1895000	       188	80000208	bfb68b13	addi	x22,x13,-1029	 x13:0x00000001 x22=0xfffffbfc
        1905000	       189	8000020c	41f95093	srai	x1,x18,0x1f	 x18:0x80009f84  x1=0xffffffff
        1915000	       190	80000210	0ef38093	addi	x1,x7,239	  x7:0x00000007  x1=0x000000f6
        1925000	       191	80000214	da88c113	xori	x2,x17,-600	 x17:0x61778000  x2=0x9e887da8
        1935000	       192	80000218	ffe70713	addi	x14,x14,-2	 x14:0xfffffffd x14=0xfffffffb
        1945000	       193	8000021c	0100d413	srli	x8,x1,0x10	  x1:0x000000f6  x8=0x00000000
        1955000	       194	80000220	014a18b3	sll	x17,x20,x20	 x20:0xe22ec2ef x20:0xe22ec2ef x17=0x61778000
        1965000	       195	80000224	ffd00193	addi	x3,x0,-3	  x0:0x00000000  x3=0xfffffffd
        1975000	       196	80000228	00f00493	addi	x9,x0,15	  x0:0x00000000  x9=0x0000000f
        1985000	       197	8000022c	017436b3	sltu	x13,x8,x23	  x8:0x00000000 x23:0xc67f4000 x13=0x00000001
        1995000	       198	80000230	c67f4bb7	lui	x23,0xc67f4	 x23=0xc67f4000
        2005000	       199	80000234	00a3b433	sltu	x8,x7,x10	  x7:0x00000007 x10:0x0000000b  x8=0x00000001
        2015000	       200	80000238	41868433	sub	x8,x13,x24	 x13:0x00000001 x24:0xfffff93d  x8=0x000006c4
        2025000	       201	8000023c	003d53b3	srl	x7,x26,x3	 x26:0xfffffffe  x3:0xfffffffd  x7=0x00000007
        2035000	       202	80000240	41b88833	sub	x16,x17,x27	 x17:0x61778000 x27:0xbd12dd6a x16=0xa464a296
        2045000	       203	80000244	ba988593	addi	x11,x17,-1111	 x17:0x61778000 x11=0x61777ba9
        2055000	       204	80000248	004be433	or	x8,x23,x4	 x23:0xc67f4000  x4:0x14b0709b  x8=0xd6ff709b
        2065000	       205	8000024c	00918193	addi	x3,x3,9	  x3:0xfffffffd  x3=0x00000006
        2075000	       206	80000250	011bdb13	srli	x22,x23,0x11	 x23:0xc67f4000 x22=0x0000633f
        2085000	       207	80000254	fe9182e3	beq	x3,x9,80000238	  x3:0x00000006  x9:0x0000000f
        2095000	       208	80000258	c8a16c93	ori	x25,x2,-886	  x2:0x9e887da8 x25=0xfffffdaa
        2105000	       209	8000025c	fbe754e3	bge	x14,x30,80000204	 x14:0xfffffffb x30:0xfffffff5
        2115000	       210	00000000	00000013	addi	x0,x0,0	  x0:0x00000000
        2125000	       211	80000200	00000013	addi	x0,x0,0	  x0:0x00000000
        2135000	       212	80000204	410f8db3	sub	x27,x31,x16	 x31:0x80009fc4 x16:0xa464a296 x27=0xdb9bfd2e
        2145000	       213	80000208	bfb68b13	addi	x22,x13,-1029	 x13:0x00000001 x22=0xfffffbfc
        2155000	       214	8000020c	41f95093	srai	x1,x18,0x1f	 x18:0x80009f84  x1=0xffffffff
        2165000	       215	80000210	0ef38093	addi	x1,x7,239	  x7:0x00000007  x1=0x000000f6
        2175000	       216	80000214	da88c113	xori	x2,x17,-600	 x17:0x61778000  x2=0x9e887da8
        2185000	       217	80000218	ffe70713	addi	x14,x14,-2	 x14:0xfffffffb x14=0xfffffff9
        2195000	       218	8000021c	0100d413	srli	x8,x1,0x10	  x1:0x000000f6  x8=0x00000000
        2205000	       219	80000220	014a18b3	sll	x17,x20,x20	 x20:0xe22ec2ef x20:0xe22ec2ef x17=0x61778000
        2215000	       220	80000224	ffd00193	addi	x3,x0,-3	  x0:0x00000000  x3=0xfffffffd
        2225000	       221	80000228	00f00493	addi	x9,x0,15	  x0:0x00000000  x9=0x0000000f
        2235000	       222	8000022c	017436b3	sltu	x13,x8,x23	  x8:0x00000000 x23:0xc67f4000 x13=0x00000001
        2245000	       223	80000230	c67f4bb7	lui	x23,0xc67f4	 x23=0xc67f4000
        2255000	       224	80000234	00a3b433	sltu	x8,x7,x10	  x7:0x00000007 x10:0x0000000b  x8=0x00000001
        2265000	       225	80000238	41868433	sub	x8,x13,x24	 x13:0x00000001 x24:0xfffff93d  x8=0x000006c4
        2275000	       226	8000023c	003d53b3	srl	x7,x26,x3	 x26:0xfffffffe  x3:0xfffffffd  x7=0x00000007
        2285000	       227	80000240	41b88833	sub	x16,x17,x27	 x17:0x61778000 x27:0xdb9bfd2e x16=0x85db82d2
        2295000	       228	80000244	ba988593	addi	x11,x17,-1111	 x17:0x61778000 x11=0x61777ba9
        2305000	       229	80000248	004be433	or	x8,x23,x4	 x23:0xc67f4000  x4:0x14b0709b  x8=0xd6ff709b
        2315000	       230	8000024c	00918193	addi	x3,x3,9	  x3:0xfffffffd  x3=0x00000006
        2325000	       231	80000250	011bdb13	srli	x22,x23,0x11	 x23:0xc67f4000 x22=0x0000633f
        2335000	       232	80000254	fe9182e3	beq	x3,x9,80000238	  x3:0x00000006  x9:0x0000000f
        2345000	       233	80000258	c8a16c93	ori	x25,x2,-886	  x2:0x9e887da8 x25=0xfffffdaa
        2355000	       234	8000025c	fbe754e3	bge	x14,x30,80000204	 x14:0xfffffff9 x30:0xfffffff5
        2365000	       235	00000000	00000013	addi	x0,x0,0	  x0:0x00000000
        2375000	       236	80000200	00000013	addi	x0,x0,0	  x0:0x00000000
        2385000	       237	80000204	410f8db3	sub	x27,x31,x16	 x31:0x80009fc4 x16:0x85db82d2 x27=0xfa251cf2
        2395000	       238	80000208	bfb68b13	addi	x22,x13,-1029	 x13:0x00000001 x22=0xfffffbfc
        2405000	       239	8000020c	41f95093	srai	x1,x18,0x1f	 x18:0x80009f84  x1=0xffffffff
        2415000	       240	80000210	0ef38093	addi	x1,x7,239	  x7:0x00000007  x1=0x000000f6
        2425000	       241	80000214	da88c113	xori	x2,x17,-600	 x17:0x61778000  x2=0x9e887da8
        2435000	       242	80000218	ffe70713	addi	x14,x14,-2	 x14:0xfffffff9 x14=0xfffffff7
        2445000	       243	8000021c	0100d413	srli	x8,x1,0x10	  x1:0x000000f6  x8=0x00000000
        2455000	       244	80000220	014a18b3	sll	x17,x20,x20	 x20:0xe22ec2ef x20:0xe22ec2ef x17=0x61778000
        2465000	       245	80000224	ffd00193	addi	x3,x0,-3	  x0:0x00000000  x3=0xfffffffd
        2475000	       246	80000228	00f00493	addi	x9,x0,15	  x0:0x00000000  x9=0x0000000f
        2485000	       247	8000022c	017436b3	sltu	x13,x8,x23	  x8:0x00000000 x23:0xc67f4000 x13=0x00000001
        2495000	       248	80000230	c67f4bb7	lui	x23,0xc67f4	 x23=0xc67f4000
        2505000	       249	80000234	00a3b433	sltu	x8,x7,x10	  x7:0x00000007 x10:0x0000000b  x8=0x00000001
        2515000	       250	80000238	41868433	sub	x8,x13,x24	 x13:0x00000001 x24:0xfffff93d  x8=0x000006c4
        2525000	       251	8000023c	003d53b3	srl	x7,x26,x3	 x26:0xfffffffe  x3:0xfffffffd  x7=0x00000007
        2535000	       252	80000240	41b88833	sub	x16,x17,x27	 x17:0x61778000 x27:0xfa251cf2 x16=0x6752630e
        2545000	       253	80000244	ba988593	addi	x11,x17,-1111	 x17:0x61778000 x11=0x61777ba9
        2555000	       254	80000248	004be433	or	x8,x23,x4	 x23:0xc67f4000  x4:0x14b0709b  x8=0xd6ff709b
        2565000	       255	8000024c	00918193	addi	x3,x3,9	  x3:0xfffffffd  x3=0x00000006
        2575000	       256	80000250	011bdb13	srli	x22,x23,0x11	 x23:0xc67f4000 x22=0x0000633f
        2585000	       257	80000254	fe9182e3	beq	x3,x9,80000238	  x3:0x00000006  x9:0x0000000f
        2595000	       258	80000258	c8a16c93	ori	x25,x2,-886	  x2:0x9e887da8 x25=0xfffffdaa
        2605000	       259	8000025c	fbe754e3	bge	x14,x30,80000204	 x14:0xfffffff7 x30:0xfffffff5
        2615000	       260	00000000	00000013	addi	x0,x0,0	  x0:0x00000000
        2625000	       261	80000200	00000013	addi	x0,x0,0	  x0:0x00000000
        2635000	       262	80000204	410f8db3	sub	x27,x31,x16	 x31:0x80009fc4 x16:0x6752630e x27=0x18ae3cb6
        2645000	       263	80000208	bfb68b13	addi	x22,x13,-1029	 x13:0x00000001 x22=0xfffffbfc
        2655000	       264	8000020c	41f95093	srai	x1,x18,0x1f	 x18:0x80009f84  x1=0xffffffff
        2665000	       265	80000210	0ef38093	addi	x1,x7,239	  x7:0x00000007  x1=0x000000f6
        2675000	       266	80000214	da88c113	xori	x2,x17,-600	 x17:0x61778000  x2=0x9e887da8
        2685000	       267	80000218	ffe70713	addi	x14,x14,-2	 x14:0xfffffff7 x14=0xfffffff5
        2695000	       268	8000021c	0100d413	srli	x8,x1,0x10	  x1:0x000000f6  x8=0x00000000
        2705000	       269	80000220	014a18b3	sll	x17,x20,x20	 x20:0xe22ec2ef x20:0xe22ec2ef x17=0x61778000
        2715000	       270	80000224	ffd00193	addi	x3,x0,-3	  x0:0x00000000  x3=0xfffffffd
        2725000	       271	80000228	00f00493	addi	x9,x0,15	  x0:0x00000000  x9=0x0000000f
        2735000	       272	8000022c	017436b3	sltu	x13,x8,x23	  x8:0x00000000 x23:0xc67f4000 x13=0x00000001
        2745000	       273	80000230	c67f4bb7	lui	x23,0xc67f4	 x23=0xc67f4000
        2755000	       274	80000234	00a3b433	sltu	x8,x7,x10	  x7:0x00000007 x10:0x0000000b  x8=0x00000001
        2765000	       275	80000238	41868433	sub	x8,x13,x24	 x13:0x00000001 x24:0xfffff93d  x8=0x000006c4
        2775000	       276	8000023c	003d53b3	srl	x7,x26,x3	 x26:0xfffffffe  x3:0xfffffffd  x7=0x00000007
        2785000	       277	80000240	41b88833	sub	x16,x17,x27	 x17:0x61778000 x27:0x18ae3cb6 x16=0x48c9434a
        2795000	       278	80000244	ba988593	addi	x11,x17,-1111	 x17:0x61778000 x11=0x61777ba9
        2805000	       279	80000248	004be433	or	x8,x23,x4	 x23:0xc67f4000  x4:0x14b0709b  x8=0xd6ff709b
        2815000	       280	8000024c	00918193	addi	x3,x3,9	  x3:0xfffffffd  x3=0x00000006
        2825000	       281	80000250	011bdb13	srli	x22,x23,0x11	 x23:0xc67f4000 x22=0x0000633f
        2835000	       282	80000254	fe9182e3	beq	x3,x9,80000238	  x3:0x00000006  x9:0x0000000f
        2845000	       283	80000258	c8a16c93	ori	x25,x2,-886	  x2:0x9e887da8 x25=0xfffffdaa
        2855000	       284	8000025c	fbe754e3	bge	x14,x30,80000204	 x14:0xfffffff5 x30:0xfffffff5
        2865000	       285	00000000	00000013	addi	x0,x0,0	  x0:0x00000000
        2875000	       286	80000200	00000013	addi	x0,x0,0	  x0:0x00000000
        2885000	       287	80000204	410f8db3	sub	x27,x31,x16	 x31:0x80009fc4 x16:0x48c9434a x27=0x37375c7a
        2895000	       288	80000208	bfb68b13	addi	x22,x13,-1029	 x13:0x00000001 x22=0xfffffbfc
        2905000	       289	8000020c	41f95093	srai	x1,x18,0x1f	 x18:0x80009f84  x1=0xffffffff
        2915000	       290	80000210	0ef38093	addi	x1,x7,239	  x7:0x00000007  x1=0x000000f6
        2925000	       291	80000214	da88c113	xori	x2,x17,-600	 x17:0x61778000  x2=0x9e887da8
        2935000	       292	80000218	ffe70713	addi	x14,x14,-2	 x14:0xfffffff5 x14=0xfffffff3
        2945000	       293	8000021c	0100d413	srli	x8,x1,0x10	  x1:0x000000f6  x8=0x00000000
        2955000	       294	80000220	014a18b3	sll	x17,x20,x20	 x20:0xe22ec2ef x20:0xe22ec2ef x17=0x61778000
        2965000	       295	80000224	ffd00193	addi	x3,x0,-3	  x0:0x00000000  x3=0xfffffffd
        2975000	       296	80000228	00f00493	addi	x9,x0,15	  x0:0x00000000  x9=0x0000000f
        2985000	       297	8000022c	017436b3	sltu	x13,x8,x23	  x8:0x00000000 x23:0xc67f4000 x13=0x00000001
        2995000	       298	80000230	c67f4bb7	lui	x23,0xc67f4	 x23=0xc67f4000
        3005000	       299	80000234	00a3b433	sltu	x8,x7,x10	  x7:0x00000007 x10:0x0000000b  x8=0x00000001
        3015000	       300	80000238	41868433	sub	x8,x13,x24	 x13:0x00000001 x24:0xfffff93d  x8=0x000006c4
        3025000	       301	8000023c	003d53b3	srl	x7,x26,x3	 x26:0xfffffffe  x3:0xfffffffd  x7=0x00000007
        3035000	       302	80000240	41b88833	sub	x16,x17,x27	 x17:0x61778000 x27:0x37375c7a x16=0x2a402386
        3045000	       303	80000244	ba988593	addi	x11,x17,-1111	 x17:0x61778000 x11=0x61777ba9
        3055000	       304	80000248	004be433	or	x8,x23,x4	 x23:0xc67f4000  x4:0x14b0709b  x8=0xd6ff709b
        3065000	       305	8000024c	00918193	addi	x3,x3,9	  x3:0xfffffffd  x3=0x00000006
        3075000	       306	80000250	011bdb13	srli	x22,x23,0x11	 x23:0xc67f4000 x22=0x0000633f
        3085000	       307	80000254	fe9182e3	beq	x3,x9,80000238	  x3:0x00000006  x9:0x0000000f
        3095000	       308	80000258	c8a16c93	ori	x25,x2,-886	  x2:0x9e887da8 x25=0xfffffdaa
        3105000	       309	8000025c	fbe754e3	bge	x14,x30,80000204	 x14:0xfffffff3 x30:0xfffffff5
        3115000	       310	80000260	883fbc37	lui	x24,0x883fb	 x24=0x883fb000
        3125000	       311	80000264	00800b13	addi	x22,x0,8	  x0:0x00000000 x22=0x00000008
        3135000	       312	80000268	414dd2b3	sra	x5,x27,x20	 x27:0x37375c7a x20:0xe22ec2ef  x5=0x00006e6e
        3145000	       313	8000026c	00700f13	addi	x30,x0,7	  x0:0x00000000 x30=0x00000007
        3155000	       314	80000270	41dbd713	srai	x14,x23,0x1d	 x23:0xc67f4000 x14=0xfffffffe
        3165000	       315	80000274	09ff6e93	ori	x29,x30,159	 x30:0x00000007 x29=0x0000009f
        3175000	       316	80000278	003fe1b3	or	x3,x31,x3	 x31:0x80009fc4  x3:0x00000006  x3=0x80009fc6
        3185000	       317	8000027c	001afd33	and	x26,x21,x1	 x21:0x1ae3e140  x1:0x000000f6 x26=0x00000040
        3195000	       318	80000280	ffab0b13	addi	x22,x22,-6	 x22:0x00000008 x22=0x00000002
        3205000	       319	80000284	ef3737b7	lui	x15,0xef373	 x15=0xef373000
        3215000	       320	80000288	01c21d93	slli	x27,x4,0x1c	  x4:0x14b0709b x27=0xb0000000
        3225000	       321	8000028c	00500c93	addi	x25,x0,5	  x0:0x00000000 x25=0x00000005
        3235000	       322	80000290	ff700413	addi	x8,x0,-9	  x0:0x00000000  x8=0xfffffff7
        3245000	       323	80000294	41a2ca13	xori	x20,x5,1050	  x5:0x00006e6e x20=0x00006a74
        3255000	       324	80000298	ea2db897	auipc	x17,0xea2db	 x17=0x6a2db294
        3265000	       325	8000029c	41b95b93	srai	x23,x18,0x1b	 x18:0x80009f84 x23=0xfffffff0
        3275000	       326	800002a0	bf520a13	addi	x20,x4,-1035	  x4:0x14b0709b x20=0x14b06c90
        3285000	       327	800002a4	5b206793	ori	x15,x0,1458	  x0:0x00000000 x15=0x000005b2
        3295000	       328	800002a8	00000013	addi	x0,x0,0	  x0:0x00000000
        3305000	       329	800002ac	00ecda33	srl	x20,x25,x14	 x25:0x00000005 x14:0xfffffffe x20=0x00000000
        3315000	       330	800002b0	01cbf2b3	and	x5,x23,x28	 x23:0xfffffff0 x28:0x00000000  x5=0x00000000
        3325000	       331	800002b4	32046693	ori	x13,x8,800	  x8:0xfffffff7 x13=0xfffffff7
        3335000	       332	800002b8	01459d13	slli	x26,x11,0x14	 x11:0x61777ba9 x26=0xba900000
        3345000	       333	800002bc	ff7c8c93	addi	x25,x25,-9	 x25:0x00000005 x25=0xfffffffc
        3355000	       334	800002c0	fe8cdae3	bge	x25,x8,800002b4	 x25:0xfffffffc  x8:0xfffffff7
        3365000	       335	00000000	00000013	addi	x0,x0,0	  x0:0x00000000
        3375000	       336	800002b0	00000013	addi	x0,x0,0	  x0:0x00000000
        3385000	       337	800002b4	32046693	ori	x13,x8,800	  x8:0xfffffff7 x13=0xfffffff7
        3395000	       338	800002b8	01459d13	slli	x26,x11,0x14	 x11:0x61777ba9 x26=0xba900000
        3405000	       339	800002bc	ff7c8c93	addi	x25,x25,-9	 x25:0xfffffffc x25=0xfffffff3
        3415000	       340	800002c0	fe8cdae3	bge	x25,x8,800002b4	 x25:0xfffffff3  x8:0xfffffff7
        3425000	       341	800002c4	00735293	srli	x5,x6,0x7	  x6:0x00000000  x5=0x00000000
        3435000	       342	800002c8	fbeb78e3	bgeu	x22,x30,80000278	 x22:0x00000002 x30:0x00000007
        3445000	       343	800002cc	01782db3	slt	x27,x16,x23	 x16:0x2a402386 x23:0xfffffff0 x27=0x00000000
        3455000	       344	800002d0	00200693	addi	x13,x0,2	  x0:0x00000000 x13=0x00000002
        3465000	       345	800002d4	419ede93	srai	x29,x29,0x19	 x29:0x0000009f x29=0x00000000
        3475000	       346	800002d8	00f00093	addi	x1,x0,15	  x0:0x00000000  x1=0x0000000f
        3485000	       347	800002dc	01ea3b33	sltu	x22,x20,x30	 x20:0x00000000 x30:0x00000007 x22=0x00000001
        3495000	       348	800002e0	00968693	addi	x13,x13,9	 x13:0x00000002 x13=0x0000000b
        3505000	       349	800002e4	ff800493	addi	x9,x0,-8	  x0:0x00000000  x9=0xfffffff8
        3515000	       350	800002e8	caa92e93	slti	x29,x18,-854	 x18:0x80009f84 x29=0x00000001
        3525000	       351	800002ec	ff300593	addi	x11,x0,-13	  x0:0x00000000 x11=0xfffffff3
        3535000	       352	800002f0	0fce6413	ori	x8,x28,252	 x28:0x00000000  x8=0x000000fc
        3545000	       353	800002f4	00bc2733	slt	x14,x24,x11	 x24:0x883fb000 x11:0xfffffff3 x14=0x00000001
        3555000	       354	800002f8	00000013	addi	x0,x0,0	  x0:0x00000000
        3565000	       355	800002fc	fff48493	addi	x9,x9,-1	  x9:0xfffffff8  x9=0xfffffff7
        3575000	       356	80000300	feb4dce3	bge	x9,x11,800002f8	  x9:0xfffffff7 x11:0xfffffff3
        3585000	       357	00000000	00000013	addi	x0,x0,0	  x0:0x00000000
        3595000	       358	800002f4	00000013	addi	x0,x0,0	  x0:0x00000000
        3605000	       359	800002f8	00000013	addi	x0,x0,0	  x0:0x00000000
        3615000	       360	800002fc	fff48493	addi	x9,x9,-1	  x9:0xfffffff7  x9=0xfffffff6
        3625000	       361	80000300	feb4dce3	bge	x9,x11,800002f8	  x9:0xfffffff6 x11:0xfffffff3
        3635000	       362	00000000	00000013	addi	x0,x0,0	  x0:0x00000000
        3645000	       363	800002f4	00000013	addi	x0,x0,0	  x0:0x00000000
        3655000	       364	800002f8	00000013	addi	x0,x0,0	  x0:0x00000000
        3665000	       365	800002fc	fff48493	addi	x9,x9,-1	  x9:0xfffffff6  x9=0xfffffff5
        3675000	       366	80000300	feb4dce3	bge	x9,x11,800002f8	  x9:0xfffffff5 x11:0xfffffff3
        3685000	       367	00000000	00000013	addi	x0,x0,0	  x0:0x00000000
        3695000	       368	800002f4	00000013	addi	x0,x0,0	  x0:0x00000000
        3705000	       369	800002f8	00000013	addi	x0,x0,0	  x0:0x00000000
        3715000	       370	800002fc	fff48493	addi	x9,x9,-1	  x9:0xfffffff5  x9=0xfffffff4
        3725000	       371	80000300	feb4dce3	bge	x9,x11,800002f8	  x9:0xfffffff4 x11:0xfffffff3
        3735000	       372	00000000	00000013	addi	x0,x0,0	  x0:0x00000000
        3745000	       373	800002f4	00000013	addi	x0,x0,0	  x0:0x00000000
        3755000	       374	800002f8	00000013	addi	x0,x0,0	  x0:0x00000000
        3765000	       375	800002fc	fff48493	addi	x9,x9,-1	  x9:0xfffffff4  x9=0xfffffff3
        3775000	       376	80000300	feb4dce3	bge	x9,x11,800002f8	  x9:0xfffffff3 x11:0xfffffff3
        3785000	       377	00000000	00000013	addi	x0,x0,0	  x0:0x00000000
        3795000	       378	800002f4	00000013	addi	x0,x0,0	  x0:0x00000000
        3805000	       379	800002f8	00000013	addi	x0,x0,0	  x0:0x00000000
        3815000	       380	800002fc	fff48493	addi	x9,x9,-1	  x9:0xfffffff3  x9=0xfffffff2
        3825000	       381	80000300	feb4dce3	bge	x9,x11,800002f8	  x9:0xfffffff2 x11:0xfffffff3
        3835000	       382	80000304	40b28cb3	sub	x25,x5,x11	  x5:0x00000000 x11:0xfffffff3 x25=0x0000000d
        3845000	       383	80000308	400c8a33	sub	x20,x25,x0	 x25:0x0000000d  x0:0x00000000 x20=0x0000000d
        3855000	       384	8000030c	fc16e8e3	bltu	x13,x1,800002dc	 x13:0x0000000b  x1:0x0000000f
        3865000	       385	00000000	00000013	addi	x0,x0,0	  x0:0x00000000
        3875000	       386	800002d8	00000013	addi	x0,x0,0	  x0:0x00000000
        3885000	       387	800002dc	01ea3b33	sltu	x22,x20,x30	 x20:0x0000000d x30:0x00000007 x22=0x00000000
        3895000	       388	800002e0	00968693	addi	x13,x13,9	 x13:0x0000000b x13=0x00000014
        3905000	       389	800002e4	ff800493	addi	x9,x0,-8	  x0:0x00000000  x9=0xfffffff8
        3915000	       390	800002e8	caa92e93	slti	x29,x18,-854	 x18:0x80009f84 x29=0x00000001
        3925000	       391	800002ec	ff300593	addi	x11,x0,-13	  x0:0x00000000 x11=0xfffffff3
        3935000	       392	800002f0	0fce6413	ori	x8,x28,252	 x28:0x00000000  x8=0x000000fc
        3945000	       393	800002f4	00bc2733	slt	x14,x24,x11	 x24:0x883fb000 x11:0xfffffff3 x14=0x00000001
        3955000	       394	800002f8	00000013	addi	x0,x0,0	  x0:0x00000000
        3965000	       395	800002fc	fff48493	addi	x9,x9,-1	  x9:0xfffffff8  x9=0xfffffff7
        3975000	       396	80000300	feb4dce3	bge	x9,x11,800002f8	  x9:0xfffffff7 x11:0xfffffff3
        3985000	       397	00000000	00000013	addi	x0,x0,0	  x0:0x00000000
        3995000	       398	800002f4	00000013	addi	x0,x0,0	  x0:0x00000000
        4005000	       399	800002f8	00000013	addi	x0,x0,0	  x0:0x00000000
        4015000	       400	800002fc	fff48493	addi	x9,x9,-1	  x9:0xfffffff7  x9=0xfffffff6
        4025000	       401	80000300	feb4dce3	bge	x9,x11,800002f8	  x9:0xfffffff6 x11:0xfffffff3
        4035000	       402	00000000	00000013	addi	x0,x0,0	  x0:0x00000000
        4045000	       403	800002f4	00000013	addi	x0,x0,0	  x0:0x00000000
        4055000	       404	800002f8	00000013	addi	x0,x0,0	  x0:0x00000000
        4065000	       405	800002fc	fff48493	addi	x9,x9,-1	  x9:0xfffffff6  x9=0xfffffff5
        4075000	       406	80000300	feb4dce3	bge	x9,x11,800002f8	  x9:0xfffffff5 x11:0xfffffff3
        4085000	       407	00000000	00000013	addi	x0,x0,0	  x0:0x00000000
        4095000	       408	800002f4	00000013	addi	x0,x0,0	  x0:0x00000000
        4105000	       409	800002f8	00000013	addi	x0,x0,0	  x0:0x00000000
        4115000	       410	800002fc	fff48493	addi	x9,x9,-1	  x9:0xfffffff5  x9=0xfffffff4
        4125000	       411	80000300	feb4dce3	bge	x9,x11,800002f8	  x9:0xfffffff4 x11:0xfffffff3
        4135000	       412	00000000	00000013	addi	x0,x0,0	  x0:0x00000000
        4145000	       413	800002f4	00000013	addi	x0,x0,0	  x0:0x00000000
        4155000	       414	800002f8	00000013	addi	x0,x0,0	  x0:0x00000000
        4165000	       415	800002fc	fff48493	addi	x9,x9,-1	  x9:0xfffffff4  x9=0xfffffff3
        4175000	       416	80000300	feb4dce3	bge	x9,x11,800002f8	  x9:0xfffffff3 x11:0xfffffff3
        4185000	       417	00000000	00000013	addi	x0,x0,0	  x0:0x00000000
        4195000	       418	800002f4	00000013	addi	x0,x0,0	  x0:0x00000000
        4205000	       419	800002f8	00000013	addi	x0,x0,0	  x0:0x00000000
        4215000	       420	800002fc	fff48493	addi	x9,x9,-1	  x9:0xfffffff3  x9=0xfffffff2
        4225000	       421	80000300	feb4dce3	bge	x9,x11,800002f8	  x9:0xfffffff2 x11:0xfffffff3
        4235000	       422	80000304	40b28cb3	sub	x25,x5,x11	  x5:0x00000000 x11:0xfffffff3 x25=0x0000000d
        4245000	       423	80000308	400c8a33	sub	x20,x25,x0	 x25:0x0000000d  x0:0x00000000 x20=0x0000000d
        4255000	       424	8000030c	fc16e8e3	bltu	x13,x1,800002dc	 x13:0x00000014  x1:0x0000000f
        4265000	       425	80000310	41710d33	sub	x26,x2,x23	  x2:0x9e887da8 x23:0xfffffff0 x26=0x9e887db8
        4275000	       426	80000314	ffd00f13	addi	x30,x0,-3	  x0:0x00000000 x30=0xfffffffd
        4285000	       427	80000318	00f00213	addi	x4,x0,15	  x0:0x00000000  x4=0x0000000f
        4295000	       428	8000031c	006a6cb3	or	x25,x20,x6	 x20:0x0000000d  x6:0x00000000 x25=0x0000000d
        4305000	       429	80000320	008f0f13	addi	x30,x30,8	 x30:0xfffffffd x30=0x00000005
        4315000	       430	80000324	fe4f6ce3	bltu	x30,x4,8000031c	 x30:0x00000005  x4:0x0000000f
        4325000	       431	00000000	00000013	addi	x0,x0,0	  x0:0x00000000
        4335000	       432	80000318	00000013	addi	x0,x0,0	  x0:0x00000000
        4345000	       433	8000031c	006a6cb3	or	x25,x20,x6	 x20:0x0000000d  x6:0x00000000 x25=0x0000000d
        4355000	       434	80000320	008f0f13	addi	x30,x30,8	 x30:0x00000005 x30=0x0000000d
        4365000	       435	80000324	fe4f6ce3	bltu	x30,x4,8000031c	 x30:0x0000000d  x4:0x0000000f
        4375000	       436	00000000	00000013	addi	x0,x0,0	  x0:0x00000000
        4385000	       437	80000318	00000013	addi	x0,x0,0	  x0:0x00000000
        4395000	       438	8000031c	006a6cb3	or	x25,x20,x6	 x20:0x0000000d  x6:0x00000000 x25=0x0000000d
        4405000	       439	80000320	008f0f13	addi	x30,x30,8	 x30:0x0000000d x30=0x00000015
        4415000	       440	80000324	fe4f6ce3	bltu	x30,x4,8000031c	 x30:0x00000015  x4:0x0000000f
        4425000	       441	80000328	b70ecc93	xori	x25,x29,-1168	 x29:0x00000001 x25=0xfffffb71
        4435000	       442	8000032c	00800c93	addi	x25,x0,8	  x0:0x00000000 x25=0x00000008
        4445000	       443	80000330	00800f13	addi	x30,x0,8	  x0:0x00000000 x30=0x00000008
        4455000	       444	80000334	00ab4bb3	xor	x23,x22,x10	 x22:0x00000000 x10:0x0000000b x23=0x0000000b
        4465000	       445	80000338	aadd3313	sltiu	x6,x26,-1363	 x26:0x9e887db8  x6=0x00000001
        4475000	       446	8000033c	a489c213	xori	x4,x19,-1464	 x19:0xa58384da  x4=0x5a7c7e92
        4485000	       447	80000340	40010ab3	sub	x21,x2,x0	  x2:0x9e887da8  x0:0x00000000 x21=0x9e887da8
        4495000	       448	80000344	ff9c8c93	addi	x25,x25,-7	 x25:0x00000008 x25=0x00000001
        4505000	       449	80000348	010e5a93	srli	x21,x28,0x10	 x28:0x00000000 x21=0x00000000
        4515000	       450	8000034c	e679d417	auipc	x8,0xe679d	  x8=0x6679d348
        4525000	       451	80000350	40bdd433	sra	x8,x27,x11	 x27:0x00000000 x11:0xfffffff3  x8=0x00000000
        4535000	       452	80000354	a5550893	addi	x17,x10,-1451	 x10:0x0000000b x17=0xfffffa60
        4545000	       453	80000358	ffecf2e3	bgeu	x25,x30,8000033c	 x25:0x00000001 x30:0x00000008
        4555000	       454	8000035c	018f5033	srl	x0,x30,x24	 x30:0x00000008 x24:0x883fb000
        4565000	       455	80000360	fff00713	addi	x14,x0,-1	  x0:0x00000000 x14=0xffffffff
        4575000	       456	80000364	00200e13	addi	x28,x0,2	  x0:0x00000000 x28=0x00000002
        4585000	       457	80000368	004a9033	sll	x0,x21,x4	 x21:0x00000000  x4:0x5a7c7e92
        4595000	       458	8000036c	41e8d4b3	sra	x9,x17,x30	 x17:0xfffffa60 x30:0x00000008  x9=0xfffffffa
        4605000	       459	80000370	00000013	addi	x0,x0,0	  x0:0x00000000
        4615000	       460	80000374	000937b3	sltu	x15,x18,x0	 x18:0x80009f84  x0:0x00000000 x15=0x00000000
        4625000	       461	80000378	00170713	addi	x14,x14,1	 x14:0xffffffff x14=0x00000000
        4635000	       462	8000037c	00fcba33	sltu	x20,x25,x15	 x25:0x00000001 x15:0x00000000 x20=0x00000000
        4645000	       463	80000380	00400f13	addi	x30,x0,4	  x0:0x00000000 x30=0x00000004
        4655000	       464	80000384	40310a33	sub	x20,x2,x3	  x2:0x9e887da8  x3:0x80009fc6 x20=0x1e87dde2
        4665000	       465	80000388	f84aa893	slti	x17,x21,-124	 x21:0x00000000 x17=0x00000000
        4675000	       466	8000038c	ffe00313	addi	x6,x0,-2	  x0:0x00000000  x6=0xfffffffe
        4685000	       467	80000390	01984a33	xor	x20,x16,x25	 x16:0x2a402386 x25:0x00000001 x20=0x2a402387
        4695000	       468	80000394	010e8b33	add	x22,x29,x16	 x29:0x00000001 x16:0x2a402386 x22=0x2a402387
        4705000	       469	80000398	ffcf0f13	addi	x30,x30,-4	 x30:0x00000004 x30=0x00000000
        4715000	       470	8000039c	fe6f5ae3	bge	x30,x6,80000390	 x30:0x00000000  x6:0xfffffffe
        4725000	       471	00000000	00000013	addi	x0,x0,0	  x0:0x00000000
        4735000	       472	8000038c	00000013	addi	x0,x0,0	  x0:0x00000000
        4745000	       473	80000390	01984a33	xor	x20,x16,x25	 x16:0x2a402386 x25:0x00000001 x20=0x2a402387
        4755000	       474	80000394	010e8b33	add	x22,x29,x16	 x29:0x00000001 x16:0x2a402386 x22=0x2a402387
        4765000	       475	80000398	ffcf0f13	addi	x30,x30,-4	 x30:0x00000000 x30=0xfffffffc
        4775000	       476	8000039c	fe6f5ae3	bge	x30,x6,80000390	 x30:0xfffffffc  x6:0xfffffffe
        4785000	       477	800003a0	e3d73213	sltiu	x4,x14,-451	 x14:0x00000000  x4=0x00000001
        4795000	       478	800003a4	0148c9b3	xor	x19,x17,x20	 x17:0x00000000 x20:0x2a402387 x19=0x2a402387
        4805000	       479	800003a8	fdc704e3	beq	x14,x28,80000370	 x14:0x00000000 x28:0x00000002
        4815000	       480	800003ac	5ad0be93	sltiu	x29,x1,1453	  x1:0x0000000f x29=0x00000001
        4825000	       481	800003b0	00700b13	addi	x22,x0,7	  x0:0x00000000 x22=0x00000007
        4835000	       482	800003b4	00a94ab3	xor	x21,x18,x10	 x18:0x80009f84 x10:0x0000000b x21=0x80009f8f
        4845000	       483	800003b8	94ebec93	ori	x25,x23,-1714	 x23:0x0000000b x25=0xfffff94f
        4855000	       484	800003bc	e5a54093	xori	x1,x10,-422	 x10:0x0000000b  x1=0xfffffe51
        4865000	       485	800003c0	002e0633	add	x12,x28,x2	 x28:0x00000002  x2:0x9e887da8 x12=0x9e887daa
        4875000	       486	800003c4	00700f13	addi	x30,x0,7	  x0:0x00000000 x30=0x00000007
        4885000	       487	800003c8	41595033	sra	x0,x18,x21	 x18:0x80009f84 x21:0x80009f8f
        4895000	       488	800003cc	010f2e33	slt	x28,x30,x16	 x30:0x00000007 x16:0x2a402386 x28=0x00000001
        4905000	       489	800003d0	01b09613	slli	x12,x1,0x1b	  x1:0xfffffe51 x12=0x88000000
        4915000	       490	800003d4	28af2e93	slti	x29,x30,650	 x30:0x00000007 x29=0x00000001
        4925000	       491	800003d8	007bb2b3	sltu	x5,x23,x7	 x23:0x0000000b  x7:0x00000007  x5=0x00000000
        4935000	       492	800003dc	0090d613	srli	x12,x1,0x9	  x1:0xfffffe51 x12=0x007fffff
        4945000	       493	800003e0	873be813	ori	x16,x23,-1933	 x23:0x0000000b x16=0xfffff87b
        4955000	       494	800003e4	ffeb0b13	addi	x22,x22,-2	 x22:0x00000007 x22=0x00000005
        4965000	       495	800003e8	01479193	slli	x3,x15,0x14	 x15:0x00000000  x3=0x00000000
        4975000	       496	800003ec	002a60b3	or	x1,x20,x2	 x20:0x2a402387  x2:0x9e887da8  x1=0xbec87faf
        4985000	       497	800003f0	73834c93	xori	x25,x6,1848	  x6:0xfffffffe x25=0xfffff8c6
        4995000	       498	800003f4	01665713	srli	x14,x12,0x16	 x12:0x007fffff x14=0x00000001
        5005000	       499	800003f8	00cb7833	and	x16,x22,x12	 x22:0x00000005 x12:0x007fffff x16=0x00000005
        5015000	       500	800003fc	fdeb7ee3	bgeu	x22,x30,800003d8	 x22:0x00000005 x30:0x00000007
        5025000	       501	80000400	4073d013	srai	x0,x7,0x7	  x7:0x00000007
        5035000	       502	80000404	05ab0063	beq	x22,x26,80000444	 x22:0x00000005 x26:0x9e887db8
        5045000	       503	80000408	008f04b3	add	x9,x30,x8	 x30:0x00000007  x8:0x00000000  x9=0x00000007
        5055000	       504	8000040c	7df68993	addi	x19,x13,2015	 x13:0x00000014 x19=0x000007f3
        5065000	       505	80000410	0539f263	bgeu	x19,x19,80000454	 x19:0x000007f3 x19:0x000007f3
        5075000	       506	00000000	00000013	addi	x0,x0,0	  x0:0x00000000
        5085000	       507	80000450	00000013	addi	x0,x0,0	  x0:0x00000000
        5095000	       508	80000454	07b0d3b7	lui	x7,0x7b0d	  x7=0x07b0d000
        5105000	       509	80000458	00237663	bgeu	x6,x2,80000464	  x6:0xfffffffe  x2:0x9e887da8
        5115000	       510	00000000	00000013	addi	x0,x0,0	  x0:0x00000000
        5125000	       511	80000460	00000013	addi	x0,x0,0	  x0:0x00000000
        5135000	       512	80000464	00000013	addi	x0,x0,0	  x0:0x00000000
        5145000	       513	80000468	00e41c13	slli	x24,x8,0xe	  x8:0x00000000 x24=0x00000000
        5155000	       514	8000046c	01a938b3	sltu	x17,x18,x26	 x18:0x80009f84 x26:0x9e887db8 x17=0x00000001
        5165000	       515	80000470	c6a60037	lui	x0,0xc6a60	
        5175000	       516	80000474	02d24a63	blt	x4,x13,800004a8	  x4:0x00000001 x13:0x00000014
        5185000	       517	00000000	00000013	addi	x0,x0,0	  x0:0x00000000
        5195000	       518	800004a4	00000013	addi	x0,x0,0	  x0:0x00000000
        5205000	       519	800004a8	046ac063	blt	x21,x6,800004e8	 x21:0x80009f8f  x6:0xfffffffe
        5215000	       520	00000000	00000013	addi	x0,x0,0	  x0:0x00000000
        5225000	       521	800004e4	00000013	addi	x0,x0,0	  x0:0x00000000
        5235000	       522	800004e8	cac7c793	xori	x15,x15,-852	 x15:0x00000000 x15=0xfffffcac
        5245000	       523	800004ec	00a8ebb3	or	x23,x17,x10	 x17:0x00000001 x10:0x0000000b x23=0x0000000b
        5255000	       524	800004f0	00ea5cb3	srl	x25,x20,x14	 x20:0x2a402387 x14:0x00000001 x25=0x152011c3
        5265000	       525	800004f4	0805d263	bge	x11,x0,80000578	 x11:0xfffffff3  x0:0x00000000
        5275000	       526	800004f8	08404a63	blt	x0,x4,8000058c	  x0:0x00000000  x4:0x00000001
        5285000	       527	00000000	00000013	addi	x0,x0,0	  x0:0x00000000
        5295000	       528	80000588	00000013	addi	x0,x0,0	  x0:0x00000000
        5305000	       529	8000058c	0b5a2693	slti	x13,x20,181	 x20:0x2a402387 x13=0x00000000
        5315000	       530	80000590	00b39693	slli	x13,x7,0xb	  x7:0x07b0d000 x13=0x86800000
        5325000	       531	80000594	007e38b3	sltu	x17,x28,x7	 x28:0x00000001  x7:0x07b0d000 x17=0x00000001
        5335000	       532	80000598	4194da13	srai	x20,x9,0x19	  x9:0x00000007 x20=0x00000000
        5345000	       533	8000059c	01c7af33	slt	x30,x15,x28	 x15:0xfffffcac x28:0x00000001 x30=0x00000001
        5355000	       534	800005a0	62e7c693	xori	x13,x15,1582	 x15:0xfffffcac x13=0xfffffa82
        5365000	       535	800005a4	02d8d463	bge	x17,x13,800005cc	 x17:0x00000001 x13:0xfffffa82
        5375000	       536	00000000	00000013	addi	x0,x0,0	  x0:0x00000000
        5385000	       537	800005c8	00000013	addi	x0,x0,0	  x0:0x00000000
        5395000	       538	800005cc	00468cb3	add	x25,x13,x4	 x13:0xfffffa82  x4:0x00000001 x25=0xfffffa83
        5405000	       539	800005d0	1ff3f113	andi	x2,x7,511	  x7:0x07b0d000  x2=0x00000000
        5415000	       540	800005d4	00a963b3	or	x7,x18,x10	 x18:0x80009f84 x10:0x0000000b  x7=0x80009f8f
        5425000	       541	800005d8	5d2fb393	sltiu	x7,x31,1490	 x31:0x80009fc4  x7=0x00000000
        5435000	       542	800005dc	04bcf063	bgeu	x25,x11,8000061c	 x25:0xfffffa83 x11:0xfffffff3
        5445000	       543	800005e0	059b1863	bne	x22,x25,80000630	 x22:0x00000005 x25:0xfffffa83
        5455000	       544	00000000	00000013	addi	x0,x0,0	  x0:0x00000000
        5465000	       545	8000062c	00000013	addi	x0,x0,0	  x0:0x00000000
        5475000	       546	80000630	01b0e133	or	x2,x1,x27	  x1:0xbec87faf x27:0x00000000  x2=0xbec87faf
        5485000	       547	80000634	a95e0293	addi	x5,x28,-1387	 x28:0x00000001  x5=0xfffffa96
        5495000	       548	80000638	00349813	slli	x16,x9,0x3	  x9:0x00000007 x16=0x00000038
        5505000	       549	8000063c	005bd863	bge	x23,x5,8000064c	 x23:0x0000000b  x5:0xfffffa96
        5515000	       550	00000000	00000013	addi	x0,x0,0	  x0:0x00000000
        5525000	       551	80000648	00000013	addi	x0,x0,0	  x0:0x00000000
        5535000	       552	8000064c	00cc5c93	srli	x25,x24,0xc	 x24:0x00000000 x25=0x00000000
        5545000	       553	80000650	03da9863	bne	x21,x29,80000680	 x21:0x80009f8f x29:0x00000001
        5555000	       554	00000000	00000013	addi	x0,x0,0	  x0:0x00000000
        5565000	       555	8000067c	00000013	addi	x0,x0,0	  x0:0x00000000
        5575000	       556	80000680	f5859737	lui	x14,0xf5859	 x14=0xf5859000
        5585000	       557	80000684	00095d33	srl	x26,x18,x0	 x18:0x80009f84  x0:0x00000000 x26=0x80009f84
        5595000	       558	80000688	415dde13	srai	x28,x27,0x15	 x27:0x00000000 x28=0x00000000
        5605000	       559	8000068c	01251633	sll	x12,x10,x18	 x10:0x0000000b x18:0x80009f84 x12=0x000000b0
        5615000	       560	80000690	00e5e5b3	or	x11,x11,x14	 x11:0xfffffff3 x14:0xf5859000 x11=0xfffffff3
        5625000	       561	80000694	034e5663	bge	x28,x20,800006c0	 x28:0x00000000 x20:0x00000000
        5635000	       562	00000000	00000013	addi	x0,x0,0	  x0:0x00000000
        5645000	       563	800006bc	00000013	addi	x0,x0,0	  x0:0x00000000
        5655000	       564	800006c0	0104c8b3	xor	x17,x9,x16	  x9:0x00000007 x16:0x00000038 x17=0x0000003f
        5665000	       565	800006c4	01851393	slli	x7,x10,0x18	 x10:0x0000000b  x7=0x0b000000
        5675000	       566	800006c8	0058b9b3	sltu	x19,x17,x5	 x17:0x0000003f  x5:0xfffffa96 x19=0x00000001
        5685000	       567	800006cc	ba1fce13	xori	x28,x31,-1119	 x31:0x80009fc4 x28=0x7fff6465
        5695000	       568	800006d0	01a64b33	xor	x22,x12,x26	 x12:0x000000b0 x26:0x80009f84 x22=0x80009f34
        5705000	       569	800006d4	0404f063	bgeu	x9,x0,80000714	  x9:0x00000007  x0:0x00000000
        5715000	       570	00000000	00000013	addi	x0,x0,0	  x0:0x00000000
        5725000	       571	80000710	00000013	addi	x0,x0,0	  x0:0x00000000
        5735000	       572	80000714	016e96b3	sll	x13,x29,x22	 x29:0x00000001 x22:0x80009f34 x13=0x00100000
        5745000	       573	80000718	00cf6233	or	x4,x30,x12	 x30:0x00000001 x12:0x000000b0  x4=0x000000b1
        5755000	       574	8000071c	00beeeb3	or	x29,x29,x11	 x29:0x00000001 x11:0xfffffff3 x29=0xfffffff3
        5765000	       575	80000720	01a25e93	srli	x29,x4,0x1a	  x4:0x000000b1 x29=0x00000000
        5775000	       576	80000724	1ed08697	auipc	x13,0x1ed08	 x13=0x9ed08720
        5785000	       577	80000728	022c5663	bge	x24,x2,80000754	 x24:0x00000000  x2:0xbec87faf
        5795000	       578	00000000	00000013	addi	x0,x0,0	  x0:0x00000000
        5805000	       579	80000750	00000013	addi	x0,x0,0	  x0:0x00000000
        5815000	       580	80000754	00a4df13	srli	x30,x9,0xa	  x9:0x00000007 x30=0x00000000
        5825000	       581	80000758	40dfd693	srai	x13,x31,0xd	 x31:0x80009fc4 x13=0xfffc0004
        5835000	       582	8000075c	52c1cc93	xori	x25,x3,1324	  x3:0x00000000 x25=0x0000052c
        5845000	       583	80000760	00c957b3	srl	x15,x18,x12	 x18:0x80009f84 x12:0x000000b0 x15=0x00008000
        5855000	       584	80000764	01f61a13	slli	x20,x12,0x1f	 x12:0x000000b0 x20=0x00000000
        5865000	       585	80000768	78a12813	slti	x16,x2,1930	  x2:0xbec87faf x16=0x00000001
        5875000	       586	8000076c	41be5d13	srai	x26,x28,0x1b	 x28:0x7fff6465 x26=0x0000000f
        5885000	       587	80000770	2d86f993	andi	x19,x13,728	 x13:0xfffc0004 x19=0x00000000
        5895000	       588	80000774	01076ab3	or	x21,x14,x16	 x14:0xf5859000 x16:0x00000001 x21=0xf5859001
        5905000	       589	80000778	41705813	srai	x16,x0,0x17	  x0:0x00000000 x16=0x00000000
        5915000	       590	8000077c	00000013	addi	x0,x0,0	  x0:0x00000000
        5925000	       591	80000780	db1de593	ori	x11,x27,-591	 x27:0x00000000 x11=0xfffffdb1
        5935000	       592	80000784	0314d663	bge	x9,x17,800007b0	  x9:0x00000007 x17:0x0000003f
        5945000	       593	80000788	01555013	srli	x0,x10,0x15	 x10:0x0000000b
        5955000	       594	8000078c	02a5c863	blt	x11,x10,800007bc	 x11:0xfffffdb1 x10:0x0000000b
        5965000	       595	00000000	00000013	addi	x0,x0,0	  x0:0x00000000
        5975000	       596	800007b8	00000013	addi	x0,x0,0	  x0:0x00000000
        5985000	       597	800007bc	00c27a63	bgeu	x4,x12,800007d0	  x4:0x000000b1 x12:0x000000b0
        5995000	       598	00000000	00000013	addi	x0,x0,0	  x0:0x00000000
        6005000	       599	800007cc	00000013	addi	x0,x0,0	  x0:0x00000000
        6015000	       600	800007d0	00c41793	slli	x15,x8,0xc	  x8:0x00000000 x15=0x00000000
        6025000	       601	800007d4	01bbdc93	srli	x25,x23,0x1b	 x23:0x0000000b x25=0x00000000
        6035000	       602	800007d8	e5fccb93	xori	x23,x25,-417	 x25:0x00000000 x23=0xfffffe5f
        6045000	       603	800007dc	fad64837	lui	x16,0xfad64	 x16=0xfad64000
        6055000	       604	800007e0	af14fa13	andi	x20,x9,-1295	  x9:0x00000007 x20=0x00000001
        6065000	       605	800007e4	0064acb3	slt	x25,x9,x6	  x9:0x00000007  x6:0xfffffffe x25=0x00000000
        6075000	       606	800007e8	00b19d93	slli	x27,x3,0xb	  x3:0x00000000 x27=0x00000000
        6085000	       607	800007ec	008c64b3	or	x9,x24,x8	 x24:0x00000000  x8:0x00000000  x9=0x00000000
        6095000	       608	800007f0	6a8a7793	andi	x15,x20,1704	 x20:0x00000001 x15=0x00000000
        6105000	       609	800007f4	32fb2213	slti	x4,x22,815	 x22:0x80009f34  x4=0x00000001
        6115000	       610	800007f8	6b5f2493	slti	x9,x30,1717	 x30:0x00000000  x9=0x00000001
        6125000	       611	800007fc	03c7e863	bltu	x15,x28,8000082c	 x15:0x00000000 x28:0x7fff6465
        6135000	       612	00000000	00000013	addi	x0,x0,0	  x0:0x00000000
        6145000	       613	80000828	00000013	addi	x0,x0,0	  x0:0x00000000
        6155000	       614	8000082c	013f8463	beq	x31,x19,80000834	 x31:0x80009fc4 x19:0x00000000
        6165000	       615	80000830	41225133	sra	x2,x4,x18	  x4:0x00000001 x18:0x80009f84  x2=0x00000000
        6175000	       616	80000834	e3c8fc93	andi	x25,x17,-452	 x17:0x0000003f x25=0x0000003c
        6185000	       617	80000838	0157c5b3	xor	x11,x15,x21	 x15:0x00000000 x21:0xf5859001 x11=0xf5859001
        6195000	       618	8000083c	314ceb13	ori	x22,x25,788	 x25:0x0000003c x22=0x0000033c
        6205000	       619	80000840	45e0d5b7	lui	x11,0x45e0d	 x11=0x45e0d000
        6215000	       620	80000844	00b994b3	sll	x9,x19,x11	 x19:0x00000000 x11:0x45e0d000  x9=0x00000000
        6225000	       621	80000848	e064be93	sltiu	x29,x9,-506	  x9:0x00000000 x29=0x00000001
        6235000	       622	8000084c	01d6e433	or	x8,x13,x29	 x13:0xfffc0004 x29:0x00000001  x8=0xfffc0005
        6245000	       623	80000850	1ac27413	andi	x8,x4,428	  x4:0x00000001  x8=0x00000000
        6255000	       624	80000854	405752b3	sra	x5,x14,x5	 x14:0xf5859000  x5:0xfffffa96  x5=0xffffffd6
        6265000	       625	80000858	41df0833	sub	x16,x30,x29	 x30:0x00000000 x29:0x00000001 x16=0xffffffff
        6275000	       626	8000085c	015505b3	add	x11,x10,x21	 x10:0x0000000b x21:0xf5859001 x11=0xf585900c
        6285000	       627	80000860	02566463	bltu	x12,x5,80000888	 x12:0x000000b0  x5:0xffffffd6
        6295000	       628	00000000	00000013	addi	x0,x0,0	  x0:0x00000000
        6305000	       629	80000884	00000013	addi	x0,x0,0	  x0:0x00000000
        6315000	       630	80000888	0072ca33	xor	x20,x5,x7	  x5:0xffffffd6  x7:0x0b000000 x20=0xf4ffffd6
        6325000	       631	8000088c	7efae993	ori	x19,x21,2031	 x21:0xf5859001 x19=0xf58597ef
        6335000	       632	80000890	01ead663	bge	x21,x30,8000089c	 x21:0xf5859001 x30:0x00000000
        6345000	       633	80000894	005611b3	sll	x3,x12,x5	 x12:0x000000b0  x5:0xffffffd6  x3=0x2c000000
        6355000	       634	80000898	0077e433	or	x8,x15,x7	 x15:0x00000000  x7:0x0b000000  x8=0x0b000000
        6365000	       635	8000089c	053a7063	bgeu	x20,x19,800008dc	 x20:0xf4ffffd6 x19:0xf58597ef
        6375000	       636	800008a0	01ec6c63	bltu	x24,x30,800008b8	 x24:0x00000000 x30:0x00000000
        6385000	       637	800008a4	92a06593	ori	x11,x0,-1750	  x0:0x00000000 x11=0xfffff92a
        6395000	       638	800008a8	01fed663	bge	x29,x31,800008b4	 x29:0x00000001 x31:0x80009fc4
        6405000	       639	00000000	00000013	addi	x0,x0,0	  x0:0x00000000
        6415000	       640	800008b0	00000013	addi	x0,x0,0	  x0:0x00000000
        6425000	       641	800008b4	01e9d733	srl	x14,x19,x30	 x19:0xf58597ef x30:0x00000000 x14=0xf58597ef
        6435000	       642	800008b8	0587d863	bge	x15,x24,80000908	 x15:0x00000000 x24:0x00000000
        6445000	       643	00000000	00000013	addi	x0,x0,0	  x0:0x00000000
        6455000	       644	80000904	00000013	addi	x0,x0,0	  x0:0x00000000
        6465000	       645	80000908	003db033	sltu	x0,x27,x3	 x27:0x00000000  x3:0x2c000000
        6475000	       646	8000090c	00188663	beq	x17,x1,80000918	 x17:0x0000003f  x1:0xbec87faf
        6485000	       647	80000910	0121d433	srl	x8,x3,x18	  x3:0x2c000000 x18:0x80009f84  x8=0x02c00000
        6495000	       648	80000914	005190b3	sll	x1,x3,x5	  x3:0x2c000000  x5:0xffffffd6  x1=0x00000000
        6505000	       649	80000918	6bf52317	auipc	x6,0x6bf52	  x6=0xebf52914
        6515000	       650	8000091c	06301863	bne	x0,x3,8000098c	  x0:0x00000000  x3:0x2c000000
        6525000	       651	00000000	00000013	addi	x0,x0,0	  x0:0x00000000
        6535000	       652	80000988	00000013	addi	x0,x0,0	  x0:0x00000000
        6545000	       653	8000098c	4065da93	srai	x21,x11,0x6	 x11:0xfffff92a x21=0xffffffe4
        6555000	       654	80000990	04a28063	beq	x5,x10,800009d0	  x5:0xffffffd6 x10:0x0000000b
        6565000	       655	80000994	03671863	bne	x14,x22,800009c4	 x14:0xf58597ef x22:0x0000033c
        6575000	       656	00000000	00000013	addi	x0,x0,0	  x0:0x00000000
        6585000	       657	800009c0	00000013	addi	x0,x0,0	  x0:0x00000000
        6595000	       658	800009c4	3f2a9e17	auipc	x28,0x3f2a9	 x28=0xbf2a99c0
        6605000	       659	800009c8	018e8833	add	x16,x29,x24	 x29:0x00000001 x24:0x00000000 x16=0x00000001
        6615000	       660	800009cc	00b061b3	or	x3,x0,x11	  x0:0x00000000 x11:0xfffff92a  x3=0xfffff92a
        6625000	       661	800009d0	01445433	srl	x8,x8,x20	  x8:0x02c00000 x20:0xf4ffffd6  x8=0x0000000b
        6635000	       662	800009d4	00fe6463	bltu	x28,x15,800009dc	 x28:0xbf2a99c0 x15:0x00000000
        6645000	       663	800009d8	4b8b6693	ori	x13,x22,1208	 x22:0x0000033c x13=0x000007bc
        6655000	       664	800009dc	01665e13	srli	x28,x12,0x16	 x12:0x000000b0 x28=0x00000000
        6665000	       665	800009e0	004a1433	sll	x8,x20,x4	 x20:0xf4ffffd6  x4:0x00000001  x8=0xe9ffffac
        6675000	       666	800009e4	018ed713	srli	x14,x29,0x18	 x29:0x00000001 x14=0x00000000
        6685000	       667	800009e8	008a7e33	and	x28,x20,x8	 x20:0xf4ffffd6  x8:0xe9ffffac x28=0xe0ffff84
        6695000	       668	800009ec	009fa0b3	slt	x1,x31,x9	 x31:0x80009fc4  x9:0x00000000  x1=0x00000001
        6705000	       669	800009f0	011b8cb3	add	x25,x23,x17	 x23:0xfffffe5f x17:0x0000003f x25=0xfffffe9e
        6715000	       670	800009f4	b097fdb7	lui	x27,0xb097f	 x27=0xb097f000
        6725000	       671	800009f8	41c0d993	srai	x19,x1,0x1c	  x1:0x00000001 x19=0x00000000
        6735000	       672	800009fc	13d3a493	slti	x9,x7,317	  x7:0x0b000000  x9=0x00000000
        6745000	       673	80000a00	a8768b97	auipc	x23,0xa8768	 x23=0x287689fc
        6755000	       674	80000a04	be3b6a13	ori	x20,x22,-1053	 x22:0x0000033c x20=0xfffffbff
        6765000	       675	80000a08	e6f3ab13	slti	x22,x7,-401	  x7:0x0b000000 x22=0x00000000
        6775000	       676	80000a0c	003a9663	bne	x21,x3,80000a18	 x21:0xffffffe4  x3:0xfffff92a
        6785000	       677	00000000	00000013	addi	x0,x0,0	  x0:0x00000000
        6795000	       678	80000a14	00000013	addi	x0,x0,0	  x0:0x00000000
        6805000	       679	80000a18	41cb06b3	sub	x13,x22,x28	 x22:0x00000000 x28:0xe0ffff84 x13=0x1f00007c
        6815000	       680	80000a1c	0425d063	bge	x11,x2,80000a5c	 x11:0xfffff92a  x2:0x00000000
        6825000	       681	80000a20	402dda33	sra	x20,x27,x2	 x27:0xb097f000  x2:0x00000000 x20=0xb097f000
        6835000	       682	80000a24	00554033	xor	x0,x10,x5	 x10:0x0000000b  x5:0xffffffd6
        6845000	       683	80000a28	370419b7	lui	x19,0x37041	 x19=0x37041000
        6855000	       684	80000a2c	6a1d8293	addi	x5,x27,1697	 x27:0xb097f000  x5=0xb097f6a1
        6865000	       685	80000a30	cd8aad93	slti	x27,x21,-808	 x21:0xffffffe4 x27=0x00000000
        6875000	       686	80000a34	00559a93	slli	x21,x11,0x5	 x11:0xfffff92a x21=0xffff2540
        6885000	       687	80000a38	020b5663	bge	x22,x0,80000a64	 x22:0x00000000  x0:0x00000000
        6895000	       688	00000000	00000013	addi	x0,x0,0	  x0:0x00000000
        6905000	       689	80000a60	00000013	addi	x0,x0,0	  x0:0x00000000
        6915000	       690	80000a64	97e56013	ori	x0,x10,-1666	 x10:0x0000000b
        6925000	       691	80000a68	3ef5fb13	andi	x22,x11,1007	 x11:0xfffff92a x22=0x0000012a
        6935000	       692	80000a6c	b8b2f593	andi	x11,x5,-1141	  x5:0xb097f6a1 x11=0xb097f281
        6945000	       693	80000a70	00000013	addi	x0,x0,0	  x0:0x00000000
        6955000	       694	80000a74	41840bb3	sub	x23,x8,x24	  x8:0xe9ffffac x24:0x00000000 x23=0xe9ffffac
        6965000	       695	80000a78	91f6c5b7	lui	x11,0x91f6c	 x11=0x91f6c000
        6975000	       696	80000a7c	008d4a63	blt	x26,x8,80000a90	 x26:0x0000000f  x8:0xe9ffffac
        6985000	       697	80000a80	00c20c33	add	x24,x4,x12	  x4:0x00000001 x12:0x000000b0 x24=0x000000b1
        6995000	       698	80000a84	01faed33	or	x26,x21,x31	 x21:0xffff2540 x31:0x80009fc4 x26=0xffffbfc4
        7005000	       699	80000a88	00f25193	srli	x3,x4,0xf	  x4:0x00000001  x3=0x00000000
        7015000	       700	80000a8c	06744c63	blt	x8,x7,80000b04	  x8:0xe9ffffac  x7:0x0b000000
        7025000	       701	00000000	00000013	addi	x0,x0,0	  x0:0x00000000
        7035000	       702	80000b00	00000013	addi	x0,x0,0	  x0:0x00000000
        7045000	       703	80000b04	0052cab3	xor	x21,x5,x5	  x5:0xb097f6a1  x5:0xb097f6a1 x21=0x00000000
        7055000	       704	80000b08	32774393	xori	x7,x14,807	 x14:0x00000000  x7=0x00000327
        7065000	       705	80000b0c	a88b66b7	lui	x13,0xa88b6	 x13=0xa88b6000
        7075000	       706	80000b10	027a9663	bne	x21,x7,80000b3c	 x21:0x00000000  x7:0x00000327
        7085000	       707	00000000	00000013	addi	x0,x0,0	  x0:0x00000000
        7095000	       708	80000b38	00000013	addi	x0,x0,0	  x0:0x00000000
        7105000	       709	80000b3c	035c6a63	bltu	x24,x21,80000b70	 x24:0x000000b1 x21:0x00000000
        7115000	       710	80000b40	dbe5bd93	sltiu	x27,x11,-578	 x11:0x91f6c000 x27=0x00000001
        7125000	       711	80000b44	0216ee63	bltu	x13,x1,80000b80	 x13:0xa88b6000  x1:0x00000001
        7135000	       712	80000b48	75028a97	auipc	x21,0x75028	 x21=0xf5028b44
        7145000	       713	80000b4c	0184a9b3	slt	x19,x9,x24	  x9:0x00000000 x24:0x000000b1 x19=0x00000001
        7155000	       714	80000b50	6caabb13	sltiu	x22,x21,1738	 x21:0xf5028b44 x22=0x00000000
        7165000	       715	80000b54	d2a9ea13	ori	x20,x19,-726	 x19:0x00000001 x20=0xfffffd2b
        7175000	       716	80000b58	015d5cb3	srl	x25,x26,x21	 x26:0xffffbfc4 x21:0xf5028b44 x25=0x0ffffbfc
        7185000	       717	80000b5c	d2326993	ori	x19,x4,-733	  x4:0x00000001 x19=0xfffffd23
        7195000	       718	80000b60	0139f7b3	and	x15,x19,x19	 x19:0xfffffd23 x19:0xfffffd23 x15=0xfffffd23
        7205000	       719	80000b64	00741713	slli	x14,x8,0x7	  x8:0xe9ffffac x14=0xffffd600
        7215000	       720	80000b68	018051b3	srl	x3,x0,x24	  x0:0x00000000 x24:0x000000b1  x3=0x00000000
        7225000	       721	80000b6c	3d864793	xori	x15,x12,984	 x12:0x000000b0 x15=0x00000368
        7235000	       722	80000b70	00ce1463	bne	x28,x12,80000b78	 x28:0xe0ffff84 x12:0x000000b0
        7245000	       723	00000000	00000013	addi	x0,x0,0	  x0:0x00000000
        7255000	       724	80000b74	00000013	addi	x0,x0,0	  x0:0x00000000
        7265000	       725	80000b78	01cf6e33	or	x28,x30,x28	 x30:0x00000000 x28:0xe0ffff84 x28=0xe0ffff84
        7275000	       726	80000b7c	4ccb3993	sltiu	x19,x22,1228	 x22:0x00000000 x19=0x00000001
        7285000	       727	80000b80	034e5863	bge	x28,x20,80000bb0	 x28:0xe0ffff84 x20:0xfffffd2b
        7295000	       728	80000b84	c2462b13	slti	x22,x12,-988	 x12:0x000000b0 x22=0x00000000
        7305000	       729	80000b88	014701b3	add	x3,x14,x20	 x14:0xffffd600 x20:0xfffffd2b  x3=0xffffd32b
        7315000	       730	80000b8c	c9babe93	sltiu	x29,x21,-869	 x21:0xf5028b44 x29=0x00000001
        7325000	       731	80000b90	004fd813	srli	x16,x31,0x4	 x31:0x80009fc4 x16=0x080009fc
        7335000	       732	80000b94	00000013	addi	x0,x0,0	  x0:0x00000000
        7345000	       733	80000b98	9307af13	slti	x30,x15,-1744	 x15:0x00000368 x30=0x00000000
        7355000	       734	80000b9c	01d75ab3	srl	x21,x14,x29	 x14:0xffffd600 x29:0x00000001 x21=0x7fffeb00
        7365000	       735	80000ba0	01bb6663	bltu	x22,x27,80000bac	 x22:0x00000000 x27:0x00000001
        7375000	       736	00000000	00000013	addi	x0,x0,0	  x0:0x00000000
        7385000	       737	80000ba8	00000013	addi	x0,x0,0	  x0:0x00000000
        7395000	       738	80000bac	019e3b33	sltu	x22,x28,x25	 x28:0xe0ffff84 x25:0x0ffffbfc x22=0x00000000
        7405000	       739	80000bb0	401885b3	sub	x11,x17,x1	 x17:0x0000003f  x1:0x00000001 x11=0x0000003e
        7415000	       740	80000bb4	01c35263	bge	x6,x28,80000bb8	  x6:0xebf52914 x28:0xe0ffff84
        7425000	       741	00000000	00000013	addi	x0,x0,0	  x0:0x00000000
        7435000	       742	80000bb4	00000013	addi	x0,x0,0	  x0:0x00000000
        7445000	       743	80000bb8	18d1b093	sltiu	x1,x3,397	  x3:0xffffd32b  x1=0x00000000
        7455000	       744	80000bbc	d0cbce13	xori	x28,x23,-756	 x23:0xe9ffffac x28=0x160002a0
        7465000	       745	80000bc0	2870a793	slti	x15,x1,647	  x1:0x00000000 x15=0x00000001
        7475000	       746	80000bc4	00cdf633	and	x12,x27,x12	 x27:0x00000001 x12:0x000000b0 x12=0x00000000
        7485000	       747	80000bc8	016e0a33	add	x20,x28,x22	 x28:0x160002a0 x22:0x00000000 x20=0x160002a0
        7495000	       748	80000bcc	0098b3b3	sltu	x7,x17,x9	 x17:0x0000003f  x9:0x00000000  x7=0x00000000
        7505000	       749	80000bd0	0294e463	bltu	x9,x9,80000bf8	  x9:0x00000000  x9:0x00000000
        7515000	       750	80000bd4	7a1c8f13	addi	x30,x25,1953	 x25:0x0ffffbfc x30=0x1000039d
        7525000	       751	80000bd8	02254e63	blt	x10,x2,80000c14	 x10:0x0000000b  x2:0x00000000
        7535000	       752	80000bdc	001e0c33	add	x24,x28,x1	 x28:0x160002a0  x1:0x00000000 x24=0x160002a0
        7545000	       753	80000be0	0417f063	bgeu	x15,x1,80000c20	 x15:0x00000001  x1:0x00000000
        7555000	       754	00000000	00000013	addi	x0,x0,0	  x0:0x00000000
        7565000	       755	80000c1c	00000013	addi	x0,x0,0	  x0:0x00000000
        7575000	       756	80000c20	001689b3	add	x19,x13,x1	 x13:0xa88b6000  x1:0x00000000 x19=0xa88b6000
        7585000	       757	80000c24	01ad8c63	beq	x27,x26,80000c3c	 x27:0x00000001 x26:0xffffbfc4
        7595000	       758	80000c28	01985463	bge	x16,x25,80000c30	 x16:0x080009fc x25:0x0ffffbfc
        7605000	       759	80000c2c	02dd9863	bne	x27,x13,80000c5c	 x27:0x00000001 x13:0xa88b6000
        7615000	       760	00000000	00000013	addi	x0,x0,0	  x0:0x00000000
        7625000	       761	80000c58	00000013	addi	x0,x0,0	  x0:0x00000000
        7635000	       762	80000c5c	00710433	add	x8,x2,x7	  x2:0x00000000  x7:0x00000000  x8=0x00000000
        7645000	       763	80000c60	04097063	bgeu	x18,x0,80000ca0	 x18:0x80009f84  x0:0x00000000
        7655000	       764	00000000	00000013	addi	x0,x0,0	  x0:0x00000000
        7665000	       765	80000c9c	00000013	addi	x0,x0,0	  x0:0x00000000
        7675000	       766	80000ca0	00000013	addi	x0,x0,0	  x0:0x00000000
        7685000	       767	80000ca4	407f5b33	sra	x22,x30,x7	 x30:0x1000039d  x7:0x00000000 x22=0x1000039d
        7695000	       768	80000ca8	0430f063	bgeu	x1,x3,80000ce8	  x1:0x00000000  x3:0xffffd32b
        7705000	       769	80000cac	3eb85097	auipc	x1,0x3eb85	  x1=0xbeb85ca8
        7715000	       770	80000cb0	008e49b3	xor	x19,x28,x8	 x28:0x160002a0  x8:0x00000000 x19=0x160002a0
        7725000	       771	80000cb4	a0407a13	andi	x20,x0,-1532	  x0:0x00000000 x20=0x00000000
        7735000	       772	80000cb8	01c447b3	xor	x15,x8,x28	  x8:0x00000000 x28:0x160002a0 x15=0x160002a0
        7745000	       773	80000cbc	02f5c863	blt	x11,x15,80000cec	 x11:0x0000003e x15:0x160002a0
        7755000	       774	00000000	00000013	addi	x0,x0,0	  x0:0x00000000
        7765000	       775	80000ce8	00000013	addi	x0,x0,0	  x0:0x00000000
        7775000	       776	80000cec	009d9eb3	sll	x29,x27,x9	 x27:0x00000001  x9:0x00000000 x29=0x00000001
        7785000	       777	80000cf0	b1176397	auipc	x7,0xb1176	  x7=0x31176cec
        7795000	       778	80000cf4	00465033	srl	x0,x12,x4	 x12:0x00000000  x4:0x00000001
        7805000	       779	80000cf8	01744663	blt	x8,x23,80000d04	  x8:0x00000000 x23:0xe9ffffac
        7815000	       780	80000cfc	007f5463	bge	x30,x7,80000d04	 x30:0x1000039d  x7:0x31176cec
        7825000	       781	80000d00	c59a3993	sltiu	x19,x20,-935	 x20:0x00000000 x19=0x00000001
        7835000	       782	80000d04	40978233	sub	x4,x15,x9	 x15:0x160002a0  x9:0x00000000  x4=0x160002a0
        7845000	       783	80000d08	00000517	auipc	x10,0x0	 x10=0x80000d04
        7855000	       784	80000d0c	00c50513	addi	x10,x10,12	 x10:0x80000d04 x10=0x80000d10
        7865000	       785	80000d10	00050067	jalr	x0,x10,0	 x10:0x80000d10
        7875000	       786	00000000	00000013	addi	x0,x0,0	  x0:0x00000000
        7885000	       787	80000d10	00000013	addi	x0,x0,0	  x0:0x00000000
        7895000	       788	80000d14	00100193	addi	x3,x0,1	  x0:0x00000000  x3=0x00000001
        7905000	       789	80000d18	00000073	ecall	
        7915000	       790	80000d1c	01e3f863	bgeu	x7,x30,80000d2c	  x7:0x31176cec x30:0x1000039d
