		Time			Cycle	PC		Insn	Decoded instruction	Register and memory contents
          65000	         5	80000004	00000293	addi	x5,x0,0	  x0:0x00000000  x5=0x00000000
          75000	         6	80000008	00000313	addi	x6,x0,0	  x0:0x00000000  x6=0x00000000
          85000	         7	8000000c	00628263	beq	x5,x6,80000010	  x5:0x00000000  x6:0x00000000
          95000	         8	00000000	00000013	addi	x0,x0,0	  x0:0x00000000
         105000	         9	8000000c	00000013	addi	x0,x0,0	  x0:0x00000000
         115000	        10	80000010	00000997	auipc	x19,0x0	 x19=0x8000000c
         125000	        11	80000014	00c98993	addi	x19,x19,12	 x19:0x8000000c x19=0x80000018
         135000	        12	80000018	00098067	jalr	x0,x19,0	 x19:0x80000018
         145000	        13	00000000	00000013	addi	x0,x0,0	  x0:0x00000000
         155000	        14	80000018	00000013	addi	x0,x0,0	  x0:0x00000000
         165000	        15	8000001c	40000e37	lui	x28,0x40000	 x28=0x40000000
         175000	        16	80000020	100e0e13	addi	x28,x28,256	 x28:0x40000000 x28=0x40000100
         185000	        17	80000024	00000013	addi	x0,x0,0	  x0:0x00000000
         195000	        18	80000028	0000a597	auipc	x11,0xa	 x11=0x8000a024
         205000	        19	8000002c	fa058593	addi	x11,x11,-96	 x11:0x8000a024 x11=0x80009fc4
         215000	        20	80000030	00004e17	auipc	x28,0x4	 x28=0x8000402c
         225000	        21	80000034	874e0e13	addi	x28,x28,-1932	 x28:0x8000402c x28=0x800038a0
         235000	        22	80000038	001e6e13	ori	x28,x28,1	 x28:0x800038a0 x28=0x800038a1
         245000	        23	8000003c	00000013	addi	x0,x0,0	  x0:0x00000000
         255000	        24	80000040	00000e17	auipc	x28,0x0	 x28=0x8000003c
         265000	        25	80000044	020e0e13	addi	x28,x28,32	 x28:0x8000003c x28=0x8000005c
         275000	        26	80000048	00000013	addi	x0,x0,0	  x0:0x00000000
         285000	        27	8000004c	00000013	addi	x0,x0,0	  x0:0x00000000
         295000	        28	80000050	00002e37	lui	x28,0x2	 x28=0x00002000
         305000	        29	80000054	800e0e13	addi	x28,x28,-2048	 x28:0x00002000 x28=0x00001800
         315000	        30	80000058	00000013	addi	x0,x0,0	  x0:0x00000000
         325000	        31	8000005c	00000013	addi	x0,x0,0	  x0:0x00000000
         335000	        32	80000060	00500013	addi	x0,x0,5	  x0:0x00000000
         345000	        33	80000064	00e00093	addi	x1,x0,14	  x0:0x00000000  x1=0x0000000e
         355000	        34	80000068	edae1137	lui	x2,0xedae1	  x2=0xedae1000
         365000	        35	8000006c	3b410113	addi	x2,x2,948	  x2:0xedae1000  x2=0xedae13b4
         375000	        36	80000070	800001b7	lui	x3,0x80000	  x3=0x80000000
         385000	        37	80000074	00b00213	addi	x4,x0,11	  x0:0x00000000  x4=0x0000000b
         395000	        38	80000078	00d00293	addi	x5,x0,13	  x0:0x00000000  x5=0x0000000d
         405000	        39	8000007c	80000337	lui	x6,0x80000	  x6=0x80000000
         415000	        40	80000080	1b7d73b7	lui	x7,0x1b7d7	  x7=0x1b7d7000
         425000	        41	80000084	09838393	addi	x7,x7,152	  x7:0x1b7d7000  x7=0x1b7d7098
         435000	        42	80000088	2377f437	lui	x8,0x2377f	  x8=0x2377f000
         445000	        43	8000008c	5f340413	addi	x8,x8,1523	  x8:0x2377f000  x8=0x2377f5f3
         455000	        44	80000090	800004b7	lui	x9,0x80000	  x9=0x80000000
         465000	        45	80000094	3a831537	lui	x10,0x3a831	 x10=0x3a831000
         475000	        46	80000098	c0050513	addi	x10,x10,-1024	 x10:0x3a831000 x10=0x3a830c00
         485000	        47	8000009c	80000637	lui	x12,0x80000	 x12=0x80000000
         495000	        48	800000a0	00000693	addi	x13,x0,0	  x0:0x00000000 x13=0x00000000
         505000	        49	800000a4	f064f737	lui	x14,0xf064f	 x14=0xf064f000
         515000	        50	800000a8	a1870713	addi	x14,x14,-1512	 x14:0xf064f000 x14=0xf064ea18
         525000	        51	800000ac	00000793	addi	x15,x0,0	  x0:0x00000000 x15=0x00000000
         535000	        52	800000b0	00000813	addi	x16,x0,0	  x0:0x00000000 x16=0x00000000
         545000	        53	800000b4	00300893	addi	x17,x0,3	  x0:0x00000000 x17=0x00000003
         555000	        54	800000b8	00200913	addi	x18,x0,2	  x0:0x00000000 x18=0x00000002
         565000	        55	800000bc	800009b7	lui	x19,0x80000	 x19=0x80000000
         575000	        56	800000c0	00000a13	addi	x20,x0,0	  x0:0x00000000 x20=0x00000000
         585000	        57	800000c4	80000ab7	lui	x21,0x80000	 x21=0x80000000
         595000	        58	800000c8	00000b13	addi	x22,x0,0	  x0:0x00000000 x22=0x00000000
         605000	        59	800000cc	c3686bb7	lui	x23,0xc3686	 x23=0xc3686000
         615000	        60	800000d0	8d6b8b93	addi	x23,x23,-1834	 x23:0xc3686000 x23=0xc36858d6
         625000	        61	800000d4	00d00c13	addi	x24,x0,13	  x0:0x00000000 x24=0x0000000d
         635000	        62	800000d8	5ab8acb7	lui	x25,0x5ab8a	 x25=0x5ab8a000
         645000	        63	800000dc	35ec8c93	addi	x25,x25,862	 x25:0x5ab8a000 x25=0x5ab8a35e
         655000	        64	800000e0	80000db7	lui	x27,0x80000	 x27=0x80000000
         665000	        65	800000e4	00a00e13	addi	x28,x0,10	  x0:0x00000000 x28=0x0000000a
         675000	        66	800000e8	addfbeb7	lui	x29,0xaddfb	 x29=0xaddfb000
         685000	        67	800000ec	043e8e93	addi	x29,x29,67	 x29:0xaddfb000 x29=0xaddfb043
         695000	        68	800000f0	80000f37	lui	x30,0x80000	 x30=0x80000000
         705000	        69	800000f4	7916ffb7	lui	x31,0x7916f	 x31=0x7916f000
         715000	        70	800000f8	5b6f8f93	addi	x31,x31,1462	 x31:0x7916f000 x31=0x7916f5b6
         725000	        71	800000fc	0000ad17	auipc	x26,0xa	 x26=0x8000a0f8
         735000	        72	80000100	e8cd0d13	addi	x26,x26,-372	 x26:0x8000a0f8 x26=0x80009f84
         745000	        73	80000104	00500f13	addi	x30,x0,5	  x0:0x00000000 x30=0x00000005
         755000	        74	80000108	8e602413	slti	x8,x0,-1818	  x0:0x00000000  x8=0x00000000
         765000	        75	8000010c	c59e8c13	addi	x24,x29,-935	 x29:0xaddfb043 x24=0xaddfac9c
         775000	        76	80000110	2f607d93	andi	x27,x0,758	  x0:0x00000000 x27=0x00000000
         785000	        77	80000114	49993c13	sltiu	x24,x18,1177	 x18:0x00000002 x24=0x00000001
         795000	        78	80000118	ff200e13	addi	x28,x0,-14	  x0:0x00000000 x28=0xfffffff2
         805000	        79	8000011c	018f63b3	or	x7,x30,x24	 x30:0x00000005 x24:0x00000001  x7=0x00000005
         815000	        80	80000120	cda8c397	auipc	x7,0xcda8c	  x7=0x4da8c11c
         825000	        81	80000124	019117b3	sll	x15,x2,x25	  x2:0xedae13b4 x25:0x5ab8a35e x15=0x00000000
         835000	        82	80000128	993bc913	xori	x18,x23,-1645	 x23:0xc36858d6 x18=0x3c97a145
         845000	        83	8000012c	9de8a093	slti	x1,x17,-1570	 x17:0x00000003  x1=0x00000000
         855000	        84	80000130	ffdf0f13	addi	x30,x30,-3	 x30:0x00000005 x30=0x00000002
         865000	        85	80000134	00e8dab3	srl	x21,x17,x14	 x17:0x00000003 x14:0xf064ea18 x21=0x00000000
         875000	        86	80000138	ff700f93	addi	x31,x0,-9	  x0:0x00000000 x31=0xfffffff7
         885000	        87	8000013c	ff200213	addi	x4,x0,-14	  x0:0x00000000  x4=0xfffffff2
         895000	        88	80000140	02810193	addi	x3,x2,40	  x2:0xedae13b4  x3=0xedae13dc
         905000	        89	80000144	00000013	addi	x0,x0,0	  x0:0x00000000
         915000	        90	80000148	40598833	sub	x16,x19,x5	 x19:0x80000000  x5:0x0000000d x16=0x7ffffff3
         925000	        91	8000014c	00000013	addi	x0,x0,0	  x0:0x00000000
         935000	        92	80000150	ffff8f93	addi	x31,x31,-1	 x31:0xfffffff7 x31=0xfffffff6
         945000	        93	80000154	fe4fd6e3	bge	x31,x4,80000140	 x31:0xfffffff6  x4:0xfffffff2
         955000	        94	00000000	00000013	addi	x0,x0,0	  x0:0x00000000
         965000	        95	8000013c	00000013	addi	x0,x0,0	  x0:0x00000000
         975000	        96	80000140	02810193	addi	x3,x2,40	  x2:0xedae13b4  x3=0xedae13dc
         985000	        97	80000144	00000013	addi	x0,x0,0	  x0:0x00000000
         995000	        98	80000148	40598833	sub	x16,x19,x5	 x19:0x80000000  x5:0x0000000d x16=0x7ffffff3
        1005000	        99	8000014c	00000013	addi	x0,x0,0	  x0:0x00000000
        1015000	       100	80000150	ffff8f93	addi	x31,x31,-1	 x31:0xfffffff6 x31=0xfffffff5
        1025000	       101	80000154	fe4fd6e3	bge	x31,x4,80000140	 x31:0xfffffff5  x4:0xfffffff2
        1035000	       102	00000000	00000013	addi	x0,x0,0	  x0:0x00000000
        1045000	       103	8000013c	00000013	addi	x0,x0,0	  x0:0x00000000
        1055000	       104	80000140	02810193	addi	x3,x2,40	  x2:0xedae13b4  x3=0xedae13dc
        1065000	       105	80000144	00000013	addi	x0,x0,0	  x0:0x00000000
        1075000	       106	80000148	40598833	sub	x16,x19,x5	 x19:0x80000000  x5:0x0000000d x16=0x7ffffff3
        1085000	       107	8000014c	00000013	addi	x0,x0,0	  x0:0x00000000
        1095000	       108	80000150	ffff8f93	addi	x31,x31,-1	 x31:0xfffffff5 x31=0xfffffff4
        1105000	       109	80000154	fe4fd6e3	bge	x31,x4,80000140	 x31:0xfffffff4  x4:0xfffffff2
        1115000	       110	00000000	00000013	addi	x0,x0,0	  x0:0x00000000
        1125000	       111	8000013c	00000013	addi	x0,x0,0	  x0:0x00000000
        1135000	       112	80000140	02810193	addi	x3,x2,40	  x2:0xedae13b4  x3=0xedae13dc
        1145000	       113	80000144	00000013	addi	x0,x0,0	  x0:0x00000000
        1155000	       114	80000148	40598833	sub	x16,x19,x5	 x19:0x80000000  x5:0x0000000d x16=0x7ffffff3
        1165000	       115	8000014c	00000013	addi	x0,x0,0	  x0:0x00000000
        1175000	       116	80000150	ffff8f93	addi	x31,x31,-1	 x31:0xfffffff4 x31=0xfffffff3
        1185000	       117	80000154	fe4fd6e3	bge	x31,x4,80000140	 x31:0xfffffff3  x4:0xfffffff2
        1195000	       118	00000000	00000013	addi	x0,x0,0	  x0:0x00000000
        1205000	       119	8000013c	00000013	addi	x0,x0,0	  x0:0x00000000
        1215000	       120	80000140	02810193	addi	x3,x2,40	  x2:0xedae13b4  x3=0xedae13dc
        1225000	       121	80000144	00000013	addi	x0,x0,0	  x0:0x00000000
        1235000	       122	80000148	40598833	sub	x16,x19,x5	 x19:0x80000000  x5:0x0000000d x16=0x7ffffff3
        1245000	       123	8000014c	00000013	addi	x0,x0,0	  x0:0x00000000
        1255000	       124	80000150	ffff8f93	addi	x31,x31,-1	 x31:0xfffffff3 x31=0xfffffff2
        1265000	       125	80000154	fe4fd6e3	bge	x31,x4,80000140	 x31:0xfffffff2  x4:0xfffffff2
        1275000	       126	00000000	00000013	addi	x0,x0,0	  x0:0x00000000
        1285000	       127	8000013c	00000013	addi	x0,x0,0	  x0:0x00000000
        1295000	       128	80000140	02810193	addi	x3,x2,40	  x2:0xedae13b4  x3=0xedae13dc
        1305000	       129	80000144	00000013	addi	x0,x0,0	  x0:0x00000000
        1315000	       130	80000148	40598833	sub	x16,x19,x5	 x19:0x80000000  x5:0x0000000d x16=0x7ffffff3
        1325000	       131	8000014c	00000013	addi	x0,x0,0	  x0:0x00000000
        1335000	       132	80000150	ffff8f93	addi	x31,x31,-1	 x31:0xfffffff2 x31=0xfffffff1
        1345000	       133	80000154	fe4fd6e3	bge	x31,x4,80000140	 x31:0xfffffff1  x4:0xfffffff2
        1355000	       134	80000158	00000013	addi	x0,x0,0	  x0:0x00000000
        1365000	       135	8000015c	41bf5293	srai	x5,x30,0x1b	 x30:0x00000002  x5=0x00000000
        1375000	       136	80000160	35d00693	addi	x13,x0,861	  x0:0x00000000 x13=0x0000035d
        1385000	       137	80000164	00000013	addi	x0,x0,0	  x0:0x00000000
        1395000	       138	80000168	01475333	srl	x6,x14,x20	 x14:0xf064ea18 x20:0x00000000  x6=0xf064ea18
        1405000	       139	8000016c	1f14e837	lui	x16,0x1f14e	 x16=0x1f14e000
        1415000	       140	80000170	f6f1f393	andi	x7,x3,-145	  x3:0xedae13dc  x7=0xedae134c
        1425000	       141	80000174	00000013	addi	x0,x0,0	  x0:0x00000000
        1435000	       142	80000178	00000013	addi	x0,x0,0	  x0:0x00000000
        1445000	       143	8000017c	005c1833	sll	x16,x24,x5	 x24:0x00000001  x5:0x00000000 x16=0x00000001
        1455000	       144	80000180	4092d613	srai	x12,x5,0x9	  x5:0x00000000 x12=0x00000000
        1465000	       145	80000184	406853b3	sra	x7,x16,x6	 x16:0x00000001  x6:0xf064ea18  x7=0x00000000
        1475000	       146	80000188	fbcf50e3	bge	x30,x28,80000128	 x30:0x00000002 x28:0xfffffff2
        1485000	       147	00000000	00000013	addi	x0,x0,0	  x0:0x00000000
        1495000	       148	80000124	00000013	addi	x0,x0,0	  x0:0x00000000
        1505000	       149	80000128	993bc913	xori	x18,x23,-1645	 x23:0xc36858d6 x18=0x3c97a145
        1515000	       150	8000012c	9de8a093	slti	x1,x17,-1570	 x17:0x00000003  x1=0x00000000
        1525000	       151	80000130	ffdf0f13	addi	x30,x30,-3	 x30:0x00000002 x30=0xffffffff
        1535000	       152	80000134	00e8dab3	srl	x21,x17,x14	 x17:0x00000003 x14:0xf064ea18 x21=0x00000000
        1545000	       153	80000138	ff700f93	addi	x31,x0,-9	  x0:0x00000000 x31=0xfffffff7
        1555000	       154	8000013c	ff200213	addi	x4,x0,-14	  x0:0x00000000  x4=0xfffffff2
        1565000	       155	80000140	02810193	addi	x3,x2,40	  x2:0xedae13b4  x3=0xedae13dc
        1575000	       156	80000144	00000013	addi	x0,x0,0	  x0:0x00000000
        1585000	       157	80000148	40598833	sub	x16,x19,x5	 x19:0x80000000  x5:0x00000000 x16=0x80000000
        1595000	       158	8000014c	00000013	addi	x0,x0,0	  x0:0x00000000
        1605000	       159	80000150	ffff8f93	addi	x31,x31,-1	 x31:0xfffffff7 x31=0xfffffff6
        1615000	       160	80000154	fe4fd6e3	bge	x31,x4,80000140	 x31:0xfffffff6  x4:0xfffffff2
        1625000	       161	00000000	00000013	addi	x0,x0,0	  x0:0x00000000
        1635000	       162	8000013c	00000013	addi	x0,x0,0	  x0:0x00000000
        1645000	       163	80000140	02810193	addi	x3,x2,40	  x2:0xedae13b4  x3=0xedae13dc
        1655000	       164	80000144	00000013	addi	x0,x0,0	  x0:0x00000000
        1665000	       165	80000148	40598833	sub	x16,x19,x5	 x19:0x80000000  x5:0x00000000 x16=0x80000000
        1675000	       166	8000014c	00000013	addi	x0,x0,0	  x0:0x00000000
        1685000	       167	80000150	ffff8f93	addi	x31,x31,-1	 x31:0xfffffff6 x31=0xfffffff5
        1695000	       168	80000154	fe4fd6e3	bge	x31,x4,80000140	 x31:0xfffffff5  x4:0xfffffff2
        1705000	       169	00000000	00000013	addi	x0,x0,0	  x0:0x00000000
        1715000	       170	8000013c	00000013	addi	x0,x0,0	  x0:0x00000000
        1725000	       171	80000140	02810193	addi	x3,x2,40	  x2:0xedae13b4  x3=0xedae13dc
        1735000	       172	80000144	00000013	addi	x0,x0,0	  x0:0x00000000
        1745000	       173	80000148	40598833	sub	x16,x19,x5	 x19:0x80000000  x5:0x00000000 x16=0x80000000
        1755000	       174	8000014c	00000013	addi	x0,x0,0	  x0:0x00000000
        1765000	       175	80000150	ffff8f93	addi	x31,x31,-1	 x31:0xfffffff5 x31=0xfffffff4
        1775000	       176	80000154	fe4fd6e3	bge	x31,x4,80000140	 x31:0xfffffff4  x4:0xfffffff2
        1785000	       177	00000000	00000013	addi	x0,x0,0	  x0:0x00000000
        1795000	       178	8000013c	00000013	addi	x0,x0,0	  x0:0x00000000
        1805000	       179	80000140	02810193	addi	x3,x2,40	  x2:0xedae13b4  x3=0xedae13dc
        1815000	       180	80000144	00000013	addi	x0,x0,0	  x0:0x00000000
        1825000	       181	80000148	40598833	sub	x16,x19,x5	 x19:0x80000000  x5:0x00000000 x16=0x80000000
        1835000	       182	8000014c	00000013	addi	x0,x0,0	  x0:0x00000000
        1845000	       183	80000150	ffff8f93	addi	x31,x31,-1	 x31:0xfffffff4 x31=0xfffffff3
        1855000	       184	80000154	fe4fd6e3	bge	x31,x4,80000140	 x31:0xfffffff3  x4:0xfffffff2
        1865000	       185	00000000	00000013	addi	x0,x0,0	  x0:0x00000000
        1875000	       186	8000013c	00000013	addi	x0,x0,0	  x0:0x00000000
        1885000	       187	80000140	02810193	addi	x3,x2,40	  x2:0xedae13b4  x3=0xedae13dc
        1895000	       188	80000144	00000013	addi	x0,x0,0	  x0:0x00000000
        1905000	       189	80000148	40598833	sub	x16,x19,x5	 x19:0x80000000  x5:0x00000000 x16=0x80000000
        1915000	       190	8000014c	00000013	addi	x0,x0,0	  x0:0x00000000
        1925000	       191	80000150	ffff8f93	addi	x31,x31,-1	 x31:0xfffffff3 x31=0xfffffff2
        1935000	       192	80000154	fe4fd6e3	bge	x31,x4,80000140	 x31:0xfffffff2  x4:0xfffffff2
        1945000	       193	00000000	00000013	addi	x0,x0,0	  x0:0x00000000
        1955000	       194	8000013c	00000013	addi	x0,x0,0	  x0:0x00000000
        1965000	       195	80000140	02810193	addi	x3,x2,40	  x2:0xedae13b4  x3=0xedae13dc
        1975000	       196	80000144	00000013	addi	x0,x0,0	  x0:0x00000000
        1985000	       197	80000148	40598833	sub	x16,x19,x5	 x19:0x80000000  x5:0x00000000 x16=0x80000000
        1995000	       198	8000014c	00000013	addi	x0,x0,0	  x0:0x00000000
        2005000	       199	80000150	ffff8f93	addi	x31,x31,-1	 x31:0xfffffff2 x31=0xfffffff1
        2015000	       200	80000154	fe4fd6e3	bge	x31,x4,80000140	 x31:0xfffffff1  x4:0xfffffff2
        2025000	       201	80000158	00000013	addi	x0,x0,0	  x0:0x00000000
        2035000	       202	8000015c	41bf5293	srai	x5,x30,0x1b	 x30:0xffffffff  x5=0xffffffff
        2045000	       203	80000160	35d00693	addi	x13,x0,861	  x0:0x00000000 x13=0x0000035d
        2055000	       204	80000164	00000013	addi	x0,x0,0	  x0:0x00000000
        2065000	       205	80000168	01475333	srl	x6,x14,x20	 x14:0xf064ea18 x20:0x00000000  x6=0xf064ea18
        2075000	       206	8000016c	1f14e837	lui	x16,0x1f14e	 x16=0x1f14e000
        2085000	       207	80000170	f6f1f393	andi	x7,x3,-145	  x3:0xedae13dc  x7=0xedae134c
        2095000	       208	80000174	00000013	addi	x0,x0,0	  x0:0x00000000
        2105000	       209	80000178	00000013	addi	x0,x0,0	  x0:0x00000000
        2115000	       210	8000017c	005c1833	sll	x16,x24,x5	 x24:0x00000001  x5:0xffffffff x16=0x80000000
        2125000	       211	80000180	4092d613	srai	x12,x5,0x9	  x5:0xffffffff x12=0xffffffff
        2135000	       212	80000184	406853b3	sra	x7,x16,x6	 x16:0x80000000  x6:0xf064ea18  x7=0xffffff80
        2145000	       213	80000188	fbcf50e3	bge	x30,x28,80000128	 x30:0xffffffff x28:0xfffffff2
        2155000	       214	00000000	00000013	addi	x0,x0,0	  x0:0x00000000
        2165000	       215	80000124	00000013	addi	x0,x0,0	  x0:0x00000000
        2175000	       216	80000128	993bc913	xori	x18,x23,-1645	 x23:0xc36858d6 x18=0x3c97a145
        2185000	       217	8000012c	9de8a093	slti	x1,x17,-1570	 x17:0x00000003  x1=0x00000000
        2195000	       218	80000130	ffdf0f13	addi	x30,x30,-3	 x30:0xffffffff x30=0xfffffffc
        2205000	       219	80000134	00e8dab3	srl	x21,x17,x14	 x17:0x00000003 x14:0xf064ea18 x21=0x00000000
        2215000	       220	80000138	ff700f93	addi	x31,x0,-9	  x0:0x00000000 x31=0xfffffff7
        2225000	       221	8000013c	ff200213	addi	x4,x0,-14	  x0:0x00000000  x4=0xfffffff2
        2235000	       222	80000140	02810193	addi	x3,x2,40	  x2:0xedae13b4  x3=0xedae13dc
        2245000	       223	80000144	00000013	addi	x0,x0,0	  x0:0x00000000
        2255000	       224	80000148	40598833	sub	x16,x19,x5	 x19:0x80000000  x5:0xffffffff x16=0x80000001
        2265000	       225	8000014c	00000013	addi	x0,x0,0	  x0:0x00000000
        2275000	       226	80000150	ffff8f93	addi	x31,x31,-1	 x31:0xfffffff7 x31=0xfffffff6
        2285000	       227	80000154	fe4fd6e3	bge	x31,x4,80000140	 x31:0xfffffff6  x4:0xfffffff2
        2295000	       228	00000000	00000013	addi	x0,x0,0	  x0:0x00000000
        2305000	       229	8000013c	00000013	addi	x0,x0,0	  x0:0x00000000
        2315000	       230	80000140	02810193	addi	x3,x2,40	  x2:0xedae13b4  x3=0xedae13dc
        2325000	       231	80000144	00000013	addi	x0,x0,0	  x0:0x00000000
        2335000	       232	80000148	40598833	sub	x16,x19,x5	 x19:0x80000000  x5:0xffffffff x16=0x80000001
        2345000	       233	8000014c	00000013	addi	x0,x0,0	  x0:0x00000000
        2355000	       234	80000150	ffff8f93	addi	x31,x31,-1	 x31:0xfffffff6 x31=0xfffffff5
        2365000	       235	80000154	fe4fd6e3	bge	x31,x4,80000140	 x31:0xfffffff5  x4:0xfffffff2
        2375000	       236	00000000	00000013	addi	x0,x0,0	  x0:0x00000000
        2385000	       237	8000013c	00000013	addi	x0,x0,0	  x0:0x00000000
        2395000	       238	80000140	02810193	addi	x3,x2,40	  x2:0xedae13b4  x3=0xedae13dc
        2405000	       239	80000144	00000013	addi	x0,x0,0	  x0:0x00000000
        2415000	       240	80000148	40598833	sub	x16,x19,x5	 x19:0x80000000  x5:0xffffffff x16=0x80000001
        2425000	       241	8000014c	00000013	addi	x0,x0,0	  x0:0x00000000
        2435000	       242	80000150	ffff8f93	addi	x31,x31,-1	 x31:0xfffffff5 x31=0xfffffff4
        2445000	       243	80000154	fe4fd6e3	bge	x31,x4,80000140	 x31:0xfffffff4  x4:0xfffffff2
        2455000	       244	00000000	00000013	addi	x0,x0,0	  x0:0x00000000
        2465000	       245	8000013c	00000013	addi	x0,x0,0	  x0:0x00000000
        2475000	       246	80000140	02810193	addi	x3,x2,40	  x2:0xedae13b4  x3=0xedae13dc
        2485000	       247	80000144	00000013	addi	x0,x0,0	  x0:0x00000000
        2495000	       248	80000148	40598833	sub	x16,x19,x5	 x19:0x80000000  x5:0xffffffff x16=0x80000001
        2505000	       249	8000014c	00000013	addi	x0,x0,0	  x0:0x00000000
        2515000	       250	80000150	ffff8f93	addi	x31,x31,-1	 x31:0xfffffff4 x31=0xfffffff3
        2525000	       251	80000154	fe4fd6e3	bge	x31,x4,80000140	 x31:0xfffffff3  x4:0xfffffff2
        2535000	       252	00000000	00000013	addi	x0,x0,0	  x0:0x00000000
        2545000	       253	8000013c	00000013	addi	x0,x0,0	  x0:0x00000000
        2555000	       254	80000140	02810193	addi	x3,x2,40	  x2:0xedae13b4  x3=0xedae13dc
        2565000	       255	80000144	00000013	addi	x0,x0,0	  x0:0x00000000
        2575000	       256	80000148	40598833	sub	x16,x19,x5	 x19:0x80000000  x5:0xffffffff x16=0x80000001
        2585000	       257	8000014c	00000013	addi	x0,x0,0	  x0:0x00000000
        2595000	       258	80000150	ffff8f93	addi	x31,x31,-1	 x31:0xfffffff3 x31=0xfffffff2
        2605000	       259	80000154	fe4fd6e3	bge	x31,x4,80000140	 x31:0xfffffff2  x4:0xfffffff2
        2615000	       260	00000000	00000013	addi	x0,x0,0	  x0:0x00000000
        2625000	       261	8000013c	00000013	addi	x0,x0,0	  x0:0x00000000
        2635000	       262	80000140	02810193	addi	x3,x2,40	  x2:0xedae13b4  x3=0xedae13dc
        2645000	       263	80000144	00000013	addi	x0,x0,0	  x0:0x00000000
        2655000	       264	80000148	40598833	sub	x16,x19,x5	 x19:0x80000000  x5:0xffffffff x16=0x80000001
        2665000	       265	8000014c	00000013	addi	x0,x0,0	  x0:0x00000000
        2675000	       266	80000150	ffff8f93	addi	x31,x31,-1	 x31:0xfffffff2 x31=0xfffffff1
        2685000	       267	80000154	fe4fd6e3	bge	x31,x4,80000140	 x31:0xfffffff1  x4:0xfffffff2
        2695000	       268	80000158	00000013	addi	x0,x0,0	  x0:0x00000000
        2705000	       269	8000015c	41bf5293	srai	x5,x30,0x1b	 x30:0xfffffffc  x5=0xffffffff
        2715000	       270	80000160	35d00693	addi	x13,x0,861	  x0:0x00000000 x13=0x0000035d
        2725000	       271	80000164	00000013	addi	x0,x0,0	  x0:0x00000000
        2735000	       272	80000168	01475333	srl	x6,x14,x20	 x14:0xf064ea18 x20:0x00000000  x6=0xf064ea18
        2745000	       273	8000016c	1f14e837	lui	x16,0x1f14e	 x16=0x1f14e000
        2755000	       274	80000170	f6f1f393	andi	x7,x3,-145	  x3:0xedae13dc  x7=0xedae134c
        2765000	       275	80000174	00000013	addi	x0,x0,0	  x0:0x00000000
        2775000	       276	80000178	00000013	addi	x0,x0,0	  x0:0x00000000
        2785000	       277	8000017c	005c1833	sll	x16,x24,x5	 x24:0x00000001  x5:0xffffffff x16=0x80000000
        2795000	       278	80000180	4092d613	srai	x12,x5,0x9	  x5:0xffffffff x12=0xffffffff
        2805000	       279	80000184	406853b3	sra	x7,x16,x6	 x16:0x80000000  x6:0xf064ea18  x7=0xffffff80
        2815000	       280	80000188	fbcf50e3	bge	x30,x28,80000128	 x30:0xfffffffc x28:0xfffffff2
        2825000	       281	00000000	00000013	addi	x0,x0,0	  x0:0x00000000
        2835000	       282	80000124	00000013	addi	x0,x0,0	  x0:0x00000000
        2845000	       283	80000128	993bc913	xori	x18,x23,-1645	 x23:0xc36858d6 x18=0x3c97a145
        2855000	       284	8000012c	9de8a093	slti	x1,x17,-1570	 x17:0x00000003  x1=0x00000000
        2865000	       285	80000130	ffdf0f13	addi	x30,x30,-3	 x30:0xfffffffc x30=0xfffffff9
        2875000	       286	80000134	00e8dab3	srl	x21,x17,x14	 x17:0x00000003 x14:0xf064ea18 x21=0x00000000
        2885000	       287	80000138	ff700f93	addi	x31,x0,-9	  x0:0x00000000 x31=0xfffffff7
        2895000	       288	8000013c	ff200213	addi	x4,x0,-14	  x0:0x00000000  x4=0xfffffff2
        2905000	       289	80000140	02810193	addi	x3,x2,40	  x2:0xedae13b4  x3=0xedae13dc
        2915000	       290	80000144	00000013	addi	x0,x0,0	  x0:0x00000000
        2925000	       291	80000148	40598833	sub	x16,x19,x5	 x19:0x80000000  x5:0xffffffff x16=0x80000001
        2935000	       292	8000014c	00000013	addi	x0,x0,0	  x0:0x00000000
        2945000	       293	80000150	ffff8f93	addi	x31,x31,-1	 x31:0xfffffff7 x31=0xfffffff6
        2955000	       294	80000154	fe4fd6e3	bge	x31,x4,80000140	 x31:0xfffffff6  x4:0xfffffff2
        2965000	       295	00000000	00000013	addi	x0,x0,0	  x0:0x00000000
        2975000	       296	8000013c	00000013	addi	x0,x0,0	  x0:0x00000000
        2985000	       297	80000140	02810193	addi	x3,x2,40	  x2:0xedae13b4  x3=0xedae13dc
        2995000	       298	80000144	00000013	addi	x0,x0,0	  x0:0x00000000
        3005000	       299	80000148	40598833	sub	x16,x19,x5	 x19:0x80000000  x5:0xffffffff x16=0x80000001
        3015000	       300	8000014c	00000013	addi	x0,x0,0	  x0:0x00000000
        3025000	       301	80000150	ffff8f93	addi	x31,x31,-1	 x31:0xfffffff6 x31=0xfffffff5
        3035000	       302	80000154	fe4fd6e3	bge	x31,x4,80000140	 x31:0xfffffff5  x4:0xfffffff2
        3045000	       303	00000000	00000013	addi	x0,x0,0	  x0:0x00000000
        3055000	       304	8000013c	00000013	addi	x0,x0,0	  x0:0x00000000
        3065000	       305	80000140	02810193	addi	x3,x2,40	  x2:0xedae13b4  x3=0xedae13dc
        3075000	       306	80000144	00000013	addi	x0,x0,0	  x0:0x00000000
        3085000	       307	80000148	40598833	sub	x16,x19,x5	 x19:0x80000000  x5:0xffffffff x16=0x80000001
        3095000	       308	8000014c	00000013	addi	x0,x0,0	  x0:0x00000000
        3105000	       309	80000150	ffff8f93	addi	x31,x31,-1	 x31:0xfffffff5 x31=0xfffffff4
        3115000	       310	80000154	fe4fd6e3	bge	x31,x4,80000140	 x31:0xfffffff4  x4:0xfffffff2
        3125000	       311	00000000	00000013	addi	x0,x0,0	  x0:0x00000000
        3135000	       312	8000013c	00000013	addi	x0,x0,0	  x0:0x00000000
        3145000	       313	80000140	02810193	addi	x3,x2,40	  x2:0xedae13b4  x3=0xedae13dc
        3155000	       314	80000144	00000013	addi	x0,x0,0	  x0:0x00000000
        3165000	       315	80000148	40598833	sub	x16,x19,x5	 x19:0x80000000  x5:0xffffffff x16=0x80000001
        3175000	       316	8000014c	00000013	addi	x0,x0,0	  x0:0x00000000
        3185000	       317	80000150	ffff8f93	addi	x31,x31,-1	 x31:0xfffffff4 x31=0xfffffff3
        3195000	       318	80000154	fe4fd6e3	bge	x31,x4,80000140	 x31:0xfffffff3  x4:0xfffffff2
        3205000	       319	00000000	00000013	addi	x0,x0,0	  x0:0x00000000
        3215000	       320	8000013c	00000013	addi	x0,x0,0	  x0:0x00000000
        3225000	       321	80000140	02810193	addi	x3,x2,40	  x2:0xedae13b4  x3=0xedae13dc
        3235000	       322	80000144	00000013	addi	x0,x0,0	  x0:0x00000000
        3245000	       323	80000148	40598833	sub	x16,x19,x5	 x19:0x80000000  x5:0xffffffff x16=0x80000001
        3255000	       324	8000014c	00000013	addi	x0,x0,0	  x0:0x00000000
        3265000	       325	80000150	ffff8f93	addi	x31,x31,-1	 x31:0xfffffff3 x31=0xfffffff2
        3275000	       326	80000154	fe4fd6e3	bge	x31,x4,80000140	 x31:0xfffffff2  x4:0xfffffff2
        3285000	       327	00000000	00000013	addi	x0,x0,0	  x0:0x00000000
        3295000	       328	8000013c	00000013	addi	x0,x0,0	  x0:0x00000000
        3305000	       329	80000140	02810193	addi	x3,x2,40	  x2:0xedae13b4  x3=0xedae13dc
        3315000	       330	80000144	00000013	addi	x0,x0,0	  x0:0x00000000
        3325000	       331	80000148	40598833	sub	x16,x19,x5	 x19:0x80000000  x5:0xffffffff x16=0x80000001
        3335000	       332	8000014c	00000013	addi	x0,x0,0	  x0:0x00000000
        3345000	       333	80000150	ffff8f93	addi	x31,x31,-1	 x31:0xfffffff2 x31=0xfffffff1
        3355000	       334	80000154	fe4fd6e3	bge	x31,x4,80000140	 x31:0xfffffff1  x4:0xfffffff2
        3365000	       335	80000158	00000013	addi	x0,x0,0	  x0:0x00000000
        3375000	       336	8000015c	41bf5293	srai	x5,x30,0x1b	 x30:0xfffffff9  x5=0xffffffff
        3385000	       337	80000160	35d00693	addi	x13,x0,861	  x0:0x00000000 x13=0x0000035d
        3395000	       338	80000164	00000013	addi	x0,x0,0	  x0:0x00000000
        3405000	       339	80000168	01475333	srl	x6,x14,x20	 x14:0xf064ea18 x20:0x00000000  x6=0xf064ea18
        3415000	       340	8000016c	1f14e837	lui	x16,0x1f14e	 x16=0x1f14e000
        3425000	       341	80000170	f6f1f393	andi	x7,x3,-145	  x3:0xedae13dc  x7=0xedae134c
        3435000	       342	80000174	00000013	addi	x0,x0,0	  x0:0x00000000
        3445000	       343	80000178	00000013	addi	x0,x0,0	  x0:0x00000000
        3455000	       344	8000017c	005c1833	sll	x16,x24,x5	 x24:0x00000001  x5:0xffffffff x16=0x80000000
        3465000	       345	80000180	4092d613	srai	x12,x5,0x9	  x5:0xffffffff x12=0xffffffff
        3475000	       346	80000184	406853b3	sra	x7,x16,x6	 x16:0x80000000  x6:0xf064ea18  x7=0xffffff80
        3485000	       347	80000188	fbcf50e3	bge	x30,x28,80000128	 x30:0xfffffff9 x28:0xfffffff2
        3495000	       348	00000000	00000013	addi	x0,x0,0	  x0:0x00000000
        3505000	       349	80000124	00000013	addi	x0,x0,0	  x0:0x00000000
        3515000	       350	80000128	993bc913	xori	x18,x23,-1645	 x23:0xc36858d6 x18=0x3c97a145
        3525000	       351	8000012c	9de8a093	slti	x1,x17,-1570	 x17:0x00000003  x1=0x00000000
        3535000	       352	80000130	ffdf0f13	addi	x30,x30,-3	 x30:0xfffffff9 x30=0xfffffff6
        3545000	       353	80000134	00e8dab3	srl	x21,x17,x14	 x17:0x00000003 x14:0xf064ea18 x21=0x00000000
        3555000	       354	80000138	ff700f93	addi	x31,x0,-9	  x0:0x00000000 x31=0xfffffff7
        3565000	       355	8000013c	ff200213	addi	x4,x0,-14	  x0:0x00000000  x4=0xfffffff2
        3575000	       356	80000140	02810193	addi	x3,x2,40	  x2:0xedae13b4  x3=0xedae13dc
        3585000	       357	80000144	00000013	addi	x0,x0,0	  x0:0x00000000
        3595000	       358	80000148	40598833	sub	x16,x19,x5	 x19:0x80000000  x5:0xffffffff x16=0x80000001
        3605000	       359	8000014c	00000013	addi	x0,x0,0	  x0:0x00000000
        3615000	       360	80000150	ffff8f93	addi	x31,x31,-1	 x31:0xfffffff7 x31=0xfffffff6
        3625000	       361	80000154	fe4fd6e3	bge	x31,x4,80000140	 x31:0xfffffff6  x4:0xfffffff2
        3635000	       362	00000000	00000013	addi	x0,x0,0	  x0:0x00000000
        3645000	       363	8000013c	00000013	addi	x0,x0,0	  x0:0x00000000
        3655000	       364	80000140	02810193	addi	x3,x2,40	  x2:0xedae13b4  x3=0xedae13dc
        3665000	       365	80000144	00000013	addi	x0,x0,0	  x0:0x00000000
        3675000	       366	80000148	40598833	sub	x16,x19,x5	 x19:0x80000000  x5:0xffffffff x16=0x80000001
        3685000	       367	8000014c	00000013	addi	x0,x0,0	  x0:0x00000000
        3695000	       368	80000150	ffff8f93	addi	x31,x31,-1	 x31:0xfffffff6 x31=0xfffffff5
        3705000	       369	80000154	fe4fd6e3	bge	x31,x4,80000140	 x31:0xfffffff5  x4:0xfffffff2
        3715000	       370	00000000	00000013	addi	x0,x0,0	  x0:0x00000000
        3725000	       371	8000013c	00000013	addi	x0,x0,0	  x0:0x00000000
        3735000	       372	80000140	02810193	addi	x3,x2,40	  x2:0xedae13b4  x3=0xedae13dc
        3745000	       373	80000144	00000013	addi	x0,x0,0	  x0:0x00000000
        3755000	       374	80000148	40598833	sub	x16,x19,x5	 x19:0x80000000  x5:0xffffffff x16=0x80000001
        3765000	       375	8000014c	00000013	addi	x0,x0,0	  x0:0x00000000
        3775000	       376	80000150	ffff8f93	addi	x31,x31,-1	 x31:0xfffffff5 x31=0xfffffff4
        3785000	       377	80000154	fe4fd6e3	bge	x31,x4,80000140	 x31:0xfffffff4  x4:0xfffffff2
        3795000	       378	00000000	00000013	addi	x0,x0,0	  x0:0x00000000
        3805000	       379	8000013c	00000013	addi	x0,x0,0	  x0:0x00000000
        3815000	       380	80000140	02810193	addi	x3,x2,40	  x2:0xedae13b4  x3=0xedae13dc
        3825000	       381	80000144	00000013	addi	x0,x0,0	  x0:0x00000000
        3835000	       382	80000148	40598833	sub	x16,x19,x5	 x19:0x80000000  x5:0xffffffff x16=0x80000001
        3845000	       383	8000014c	00000013	addi	x0,x0,0	  x0:0x00000000
        3855000	       384	80000150	ffff8f93	addi	x31,x31,-1	 x31:0xfffffff4 x31=0xfffffff3
        3865000	       385	80000154	fe4fd6e3	bge	x31,x4,80000140	 x31:0xfffffff3  x4:0xfffffff2
        3875000	       386	00000000	00000013	addi	x0,x0,0	  x0:0x00000000
        3885000	       387	8000013c	00000013	addi	x0,x0,0	  x0:0x00000000
        3895000	       388	80000140	02810193	addi	x3,x2,40	  x2:0xedae13b4  x3=0xedae13dc
        3905000	       389	80000144	00000013	addi	x0,x0,0	  x0:0x00000000
        3915000	       390	80000148	40598833	sub	x16,x19,x5	 x19:0x80000000  x5:0xffffffff x16=0x80000001
        3925000	       391	8000014c	00000013	addi	x0,x0,0	  x0:0x00000000
        3935000	       392	80000150	ffff8f93	addi	x31,x31,-1	 x31:0xfffffff3 x31=0xfffffff2
        3945000	       393	80000154	fe4fd6e3	bge	x31,x4,80000140	 x31:0xfffffff2  x4:0xfffffff2
        3955000	       394	00000000	00000013	addi	x0,x0,0	  x0:0x00000000
        3965000	       395	8000013c	00000013	addi	x0,x0,0	  x0:0x00000000
        3975000	       396	80000140	02810193	addi	x3,x2,40	  x2:0xedae13b4  x3=0xedae13dc
        3985000	       397	80000144	00000013	addi	x0,x0,0	  x0:0x00000000
        3995000	       398	80000148	40598833	sub	x16,x19,x5	 x19:0x80000000  x5:0xffffffff x16=0x80000001
        4005000	       399	8000014c	00000013	addi	x0,x0,0	  x0:0x00000000
        4015000	       400	80000150	ffff8f93	addi	x31,x31,-1	 x31:0xfffffff2 x31=0xfffffff1
        4025000	       401	80000154	fe4fd6e3	bge	x31,x4,80000140	 x31:0xfffffff1  x4:0xfffffff2
        4035000	       402	80000158	00000013	addi	x0,x0,0	  x0:0x00000000
        4045000	       403	8000015c	41bf5293	srai	x5,x30,0x1b	 x30:0xfffffff6  x5=0xffffffff
        4055000	       404	80000160	35d00693	addi	x13,x0,861	  x0:0x00000000 x13=0x0000035d
        4065000	       405	80000164	00000013	addi	x0,x0,0	  x0:0x00000000
        4075000	       406	80000168	01475333	srl	x6,x14,x20	 x14:0xf064ea18 x20:0x00000000  x6=0xf064ea18
        4085000	       407	8000016c	1f14e837	lui	x16,0x1f14e	 x16=0x1f14e000
        4095000	       408	80000170	f6f1f393	andi	x7,x3,-145	  x3:0xedae13dc  x7=0xedae134c
        4105000	       409	80000174	00000013	addi	x0,x0,0	  x0:0x00000000
        4115000	       410	80000178	00000013	addi	x0,x0,0	  x0:0x00000000
        4125000	       411	8000017c	005c1833	sll	x16,x24,x5	 x24:0x00000001  x5:0xffffffff x16=0x80000000
        4135000	       412	80000180	4092d613	srai	x12,x5,0x9	  x5:0xffffffff x12=0xffffffff
        4145000	       413	80000184	406853b3	sra	x7,x16,x6	 x16:0x80000000  x6:0xf064ea18  x7=0xffffff80
        4155000	       414	80000188	fbcf50e3	bge	x30,x28,80000128	 x30:0xfffffff6 x28:0xfffffff2
        4165000	       415	00000000	00000013	addi	x0,x0,0	  x0:0x00000000
        4175000	       416	80000124	00000013	addi	x0,x0,0	  x0:0x00000000
        4185000	       417	80000128	993bc913	xori	x18,x23,-1645	 x23:0xc36858d6 x18=0x3c97a145
        4195000	       418	8000012c	9de8a093	slti	x1,x17,-1570	 x17:0x00000003  x1=0x00000000
        4205000	       419	80000130	ffdf0f13	addi	x30,x30,-3	 x30:0xfffffff6 x30=0xfffffff3
        4215000	       420	80000134	00e8dab3	srl	x21,x17,x14	 x17:0x00000003 x14:0xf064ea18 x21=0x00000000
        4225000	       421	80000138	ff700f93	addi	x31,x0,-9	  x0:0x00000000 x31=0xfffffff7
        4235000	       422	8000013c	ff200213	addi	x4,x0,-14	  x0:0x00000000  x4=0xfffffff2
        4245000	       423	80000140	02810193	addi	x3,x2,40	  x2:0xedae13b4  x3=0xedae13dc
        4255000	       424	80000144	00000013	addi	x0,x0,0	  x0:0x00000000
        4265000	       425	80000148	40598833	sub	x16,x19,x5	 x19:0x80000000  x5:0xffffffff x16=0x80000001
        4275000	       426	8000014c	00000013	addi	x0,x0,0	  x0:0x00000000
        4285000	       427	80000150	ffff8f93	addi	x31,x31,-1	 x31:0xfffffff7 x31=0xfffffff6
        4295000	       428	80000154	fe4fd6e3	bge	x31,x4,80000140	 x31:0xfffffff6  x4:0xfffffff2
        4305000	       429	00000000	00000013	addi	x0,x0,0	  x0:0x00000000
        4315000	       430	8000013c	00000013	addi	x0,x0,0	  x0:0x00000000
        4325000	       431	80000140	02810193	addi	x3,x2,40	  x2:0xedae13b4  x3=0xedae13dc
        4335000	       432	80000144	00000013	addi	x0,x0,0	  x0:0x00000000
        4345000	       433	80000148	40598833	sub	x16,x19,x5	 x19:0x80000000  x5:0xffffffff x16=0x80000001
        4355000	       434	8000014c	00000013	addi	x0,x0,0	  x0:0x00000000
        4365000	       435	80000150	ffff8f93	addi	x31,x31,-1	 x31:0xfffffff6 x31=0xfffffff5
        4375000	       436	80000154	fe4fd6e3	bge	x31,x4,80000140	 x31:0xfffffff5  x4:0xfffffff2
        4385000	       437	00000000	00000013	addi	x0,x0,0	  x0:0x00000000
        4395000	       438	8000013c	00000013	addi	x0,x0,0	  x0:0x00000000
        4405000	       439	80000140	02810193	addi	x3,x2,40	  x2:0xedae13b4  x3=0xedae13dc
        4415000	       440	80000144	00000013	addi	x0,x0,0	  x0:0x00000000
        4425000	       441	80000148	40598833	sub	x16,x19,x5	 x19:0x80000000  x5:0xffffffff x16=0x80000001
        4435000	       442	8000014c	00000013	addi	x0,x0,0	  x0:0x00000000
        4445000	       443	80000150	ffff8f93	addi	x31,x31,-1	 x31:0xfffffff5 x31=0xfffffff4
        4455000	       444	80000154	fe4fd6e3	bge	x31,x4,80000140	 x31:0xfffffff4  x4:0xfffffff2
        4465000	       445	00000000	00000013	addi	x0,x0,0	  x0:0x00000000
        4475000	       446	8000013c	00000013	addi	x0,x0,0	  x0:0x00000000
        4485000	       447	80000140	02810193	addi	x3,x2,40	  x2:0xedae13b4  x3=0xedae13dc
        4495000	       448	80000144	00000013	addi	x0,x0,0	  x0:0x00000000
        4505000	       449	80000148	40598833	sub	x16,x19,x5	 x19:0x80000000  x5:0xffffffff x16=0x80000001
        4515000	       450	8000014c	00000013	addi	x0,x0,0	  x0:0x00000000
        4525000	       451	80000150	ffff8f93	addi	x31,x31,-1	 x31:0xfffffff4 x31=0xfffffff3
        4535000	       452	80000154	fe4fd6e3	bge	x31,x4,80000140	 x31:0xfffffff3  x4:0xfffffff2
        4545000	       453	00000000	00000013	addi	x0,x0,0	  x0:0x00000000
        4555000	       454	8000013c	00000013	addi	x0,x0,0	  x0:0x00000000
        4565000	       455	80000140	02810193	addi	x3,x2,40	  x2:0xedae13b4  x3=0xedae13dc
        4575000	       456	80000144	00000013	addi	x0,x0,0	  x0:0x00000000
        4585000	       457	80000148	40598833	sub	x16,x19,x5	 x19:0x80000000  x5:0xffffffff x16=0x80000001
        4595000	       458	8000014c	00000013	addi	x0,x0,0	  x0:0x00000000
        4605000	       459	80000150	ffff8f93	addi	x31,x31,-1	 x31:0xfffffff3 x31=0xfffffff2
        4615000	       460	80000154	fe4fd6e3	bge	x31,x4,80000140	 x31:0xfffffff2  x4:0xfffffff2
        4625000	       461	00000000	00000013	addi	x0,x0,0	  x0:0x00000000
        4635000	       462	8000013c	00000013	addi	x0,x0,0	  x0:0x00000000
        4645000	       463	80000140	02810193	addi	x3,x2,40	  x2:0xedae13b4  x3=0xedae13dc
        4655000	       464	80000144	00000013	addi	x0,x0,0	  x0:0x00000000
        4665000	       465	80000148	40598833	sub	x16,x19,x5	 x19:0x80000000  x5:0xffffffff x16=0x80000001
        4675000	       466	8000014c	00000013	addi	x0,x0,0	  x0:0x00000000
        4685000	       467	80000150	ffff8f93	addi	x31,x31,-1	 x31:0xfffffff2 x31=0xfffffff1
        4695000	       468	80000154	fe4fd6e3	bge	x31,x4,80000140	 x31:0xfffffff1  x4:0xfffffff2
        4705000	       469	80000158	00000013	addi	x0,x0,0	  x0:0x00000000
        4715000	       470	8000015c	41bf5293	srai	x5,x30,0x1b	 x30:0xfffffff3  x5=0xffffffff
        4725000	       471	80000160	35d00693	addi	x13,x0,861	  x0:0x00000000 x13=0x0000035d
        4735000	       472	80000164	00000013	addi	x0,x0,0	  x0:0x00000000
        4745000	       473	80000168	01475333	srl	x6,x14,x20	 x14:0xf064ea18 x20:0x00000000  x6=0xf064ea18
        4755000	       474	8000016c	1f14e837	lui	x16,0x1f14e	 x16=0x1f14e000
        4765000	       475	80000170	f6f1f393	andi	x7,x3,-145	  x3:0xedae13dc  x7=0xedae134c
        4775000	       476	80000174	00000013	addi	x0,x0,0	  x0:0x00000000
        4785000	       477	80000178	00000013	addi	x0,x0,0	  x0:0x00000000
        4795000	       478	8000017c	005c1833	sll	x16,x24,x5	 x24:0x00000001  x5:0xffffffff x16=0x80000000
        4805000	       479	80000180	4092d613	srai	x12,x5,0x9	  x5:0xffffffff x12=0xffffffff
        4815000	       480	80000184	406853b3	sra	x7,x16,x6	 x16:0x80000000  x6:0xf064ea18  x7=0xffffff80
        4825000	       481	80000188	fbcf50e3	bge	x30,x28,80000128	 x30:0xfffffff3 x28:0xfffffff2
        4835000	       482	00000000	00000013	addi	x0,x0,0	  x0:0x00000000
        4845000	       483	80000124	00000013	addi	x0,x0,0	  x0:0x00000000
        4855000	       484	80000128	993bc913	xori	x18,x23,-1645	 x23:0xc36858d6 x18=0x3c97a145
        4865000	       485	8000012c	9de8a093	slti	x1,x17,-1570	 x17:0x00000003  x1=0x00000000
        4875000	       486	80000130	ffdf0f13	addi	x30,x30,-3	 x30:0xfffffff3 x30=0xfffffff0
        4885000	       487	80000134	00e8dab3	srl	x21,x17,x14	 x17:0x00000003 x14:0xf064ea18 x21=0x00000000
        4895000	       488	80000138	ff700f93	addi	x31,x0,-9	  x0:0x00000000 x31=0xfffffff7
        4905000	       489	8000013c	ff200213	addi	x4,x0,-14	  x0:0x00000000  x4=0xfffffff2
        4915000	       490	80000140	02810193	addi	x3,x2,40	  x2:0xedae13b4  x3=0xedae13dc
        4925000	       491	80000144	00000013	addi	x0,x0,0	  x0:0x00000000
        4935000	       492	80000148	40598833	sub	x16,x19,x5	 x19:0x80000000  x5:0xffffffff x16=0x80000001
        4945000	       493	8000014c	00000013	addi	x0,x0,0	  x0:0x00000000
        4955000	       494	80000150	ffff8f93	addi	x31,x31,-1	 x31:0xfffffff7 x31=0xfffffff6
        4965000	       495	80000154	fe4fd6e3	bge	x31,x4,80000140	 x31:0xfffffff6  x4:0xfffffff2
        4975000	       496	00000000	00000013	addi	x0,x0,0	  x0:0x00000000
        4985000	       497	8000013c	00000013	addi	x0,x0,0	  x0:0x00000000
        4995000	       498	80000140	02810193	addi	x3,x2,40	  x2:0xedae13b4  x3=0xedae13dc
        5005000	       499	80000144	00000013	addi	x0,x0,0	  x0:0x00000000
        5015000	       500	80000148	40598833	sub	x16,x19,x5	 x19:0x80000000  x5:0xffffffff x16=0x80000001
        5025000	       501	8000014c	00000013	addi	x0,x0,0	  x0:0x00000000
        5035000	       502	80000150	ffff8f93	addi	x31,x31,-1	 x31:0xfffffff6 x31=0xfffffff5
        5045000	       503	80000154	fe4fd6e3	bge	x31,x4,80000140	 x31:0xfffffff5  x4:0xfffffff2
        5055000	       504	00000000	00000013	addi	x0,x0,0	  x0:0x00000000
        5065000	       505	8000013c	00000013	addi	x0,x0,0	  x0:0x00000000
        5075000	       506	80000140	02810193	addi	x3,x2,40	  x2:0xedae13b4  x3=0xedae13dc
        5085000	       507	80000144	00000013	addi	x0,x0,0	  x0:0x00000000
        5095000	       508	80000148	40598833	sub	x16,x19,x5	 x19:0x80000000  x5:0xffffffff x16=0x80000001
        5105000	       509	8000014c	00000013	addi	x0,x0,0	  x0:0x00000000
        5115000	       510	80000150	ffff8f93	addi	x31,x31,-1	 x31:0xfffffff5 x31=0xfffffff4
        5125000	       511	80000154	fe4fd6e3	bge	x31,x4,80000140	 x31:0xfffffff4  x4:0xfffffff2
        5135000	       512	00000000	00000013	addi	x0,x0,0	  x0:0x00000000
        5145000	       513	8000013c	00000013	addi	x0,x0,0	  x0:0x00000000
        5155000	       514	80000140	02810193	addi	x3,x2,40	  x2:0xedae13b4  x3=0xedae13dc
        5165000	       515	80000144	00000013	addi	x0,x0,0	  x0:0x00000000
        5175000	       516	80000148	40598833	sub	x16,x19,x5	 x19:0x80000000  x5:0xffffffff x16=0x80000001
        5185000	       517	8000014c	00000013	addi	x0,x0,0	  x0:0x00000000
        5195000	       518	80000150	ffff8f93	addi	x31,x31,-1	 x31:0xfffffff4 x31=0xfffffff3
        5205000	       519	80000154	fe4fd6e3	bge	x31,x4,80000140	 x31:0xfffffff3  x4:0xfffffff2
        5215000	       520	00000000	00000013	addi	x0,x0,0	  x0:0x00000000
        5225000	       521	8000013c	00000013	addi	x0,x0,0	  x0:0x00000000
        5235000	       522	80000140	02810193	addi	x3,x2,40	  x2:0xedae13b4  x3=0xedae13dc
        5245000	       523	80000144	00000013	addi	x0,x0,0	  x0:0x00000000
        5255000	       524	80000148	40598833	sub	x16,x19,x5	 x19:0x80000000  x5:0xffffffff x16=0x80000001
        5265000	       525	8000014c	00000013	addi	x0,x0,0	  x0:0x00000000
        5275000	       526	80000150	ffff8f93	addi	x31,x31,-1	 x31:0xfffffff3 x31=0xfffffff2
        5285000	       527	80000154	fe4fd6e3	bge	x31,x4,80000140	 x31:0xfffffff2  x4:0xfffffff2
        5295000	       528	00000000	00000013	addi	x0,x0,0	  x0:0x00000000
        5305000	       529	8000013c	00000013	addi	x0,x0,0	  x0:0x00000000
        5315000	       530	80000140	02810193	addi	x3,x2,40	  x2:0xedae13b4  x3=0xedae13dc
        5325000	       531	80000144	00000013	addi	x0,x0,0	  x0:0x00000000
        5335000	       532	80000148	40598833	sub	x16,x19,x5	 x19:0x80000000  x5:0xffffffff x16=0x80000001
        5345000	       533	8000014c	00000013	addi	x0,x0,0	  x0:0x00000000
        5355000	       534	80000150	ffff8f93	addi	x31,x31,-1	 x31:0xfffffff2 x31=0xfffffff1
        5365000	       535	80000154	fe4fd6e3	bge	x31,x4,80000140	 x31:0xfffffff1  x4:0xfffffff2
        5375000	       536	80000158	00000013	addi	x0,x0,0	  x0:0x00000000
        5385000	       537	8000015c	41bf5293	srai	x5,x30,0x1b	 x30:0xfffffff0  x5=0xffffffff
        5395000	       538	80000160	35d00693	addi	x13,x0,861	  x0:0x00000000 x13=0x0000035d
        5405000	       539	80000164	00000013	addi	x0,x0,0	  x0:0x00000000
        5415000	       540	80000168	01475333	srl	x6,x14,x20	 x14:0xf064ea18 x20:0x00000000  x6=0xf064ea18
        5425000	       541	8000016c	1f14e837	lui	x16,0x1f14e	 x16=0x1f14e000
        5435000	       542	80000170	f6f1f393	andi	x7,x3,-145	  x3:0xedae13dc  x7=0xedae134c
        5445000	       543	80000174	00000013	addi	x0,x0,0	  x0:0x00000000
        5455000	       544	80000178	00000013	addi	x0,x0,0	  x0:0x00000000
        5465000	       545	8000017c	005c1833	sll	x16,x24,x5	 x24:0x00000001  x5:0xffffffff x16=0x80000000
        5475000	       546	80000180	4092d613	srai	x12,x5,0x9	  x5:0xffffffff x12=0xffffffff
        5485000	       547	80000184	406853b3	sra	x7,x16,x6	 x16:0x80000000  x6:0xf064ea18  x7=0xffffff80
        5495000	       548	80000188	fbcf50e3	bge	x30,x28,80000128	 x30:0xfffffff0 x28:0xfffffff2
        5505000	       549	8000018c	415e53b3	sra	x7,x28,x21	 x28:0xfffffff2 x21:0x00000000  x7=0xfffffff2
        5515000	       550	80000190	00600393	addi	x7,x0,6	  x0:0x00000000  x7=0x00000006
        5525000	       551	80000194	00000013	addi	x0,x0,0	  x0:0x00000000
        5535000	       552	80000198	00d49613	slli	x12,x9,0xd	  x9:0x80000000 x12=0x00000000
        5545000	       553	8000019c	00800893	addi	x17,x0,8	  x0:0x00000000 x17=0x00000008
        5555000	       554	800001a0	0025dc33	srl	x24,x11,x2	 x11:0x80009fc4  x2:0xedae13b4 x24=0x00000800
        5565000	       555	800001a4	3f0ac497	auipc	x9,0x3f0ac	  x9=0xbf0ac1a0
        5575000	       556	800001a8	00238393	addi	x7,x7,2	  x7:0x00000006  x7=0x00000008
        5585000	       557	800001ac	00800d93	addi	x27,x0,8	  x0:0x00000000 x27=0x00000008
        5595000	       558	800001b0	00800a13	addi	x20,x0,8	  x0:0x00000000 x20=0x00000008
        5605000	       559	800001b4	01f7e633	or	x12,x15,x31	 x15:0x00000000 x31:0xfffffff1 x12=0xfffffff1
        5615000	       560	800001b8	e4182413	slti	x8,x16,-447	 x16:0x80000000  x8=0x00000001
        5625000	       561	800001bc	ff9d8d93	addi	x27,x27,-7	 x27:0x00000008 x27=0x00000001
        5635000	       562	800001c0	2e108913	addi	x18,x1,737	  x1:0x00000000 x18=0x000002e1
        5645000	       563	800001c4	ff4dfae3	bgeu	x27,x20,800001b8	 x27:0x00000001 x20:0x00000008
        5655000	       564	800001c8	000c2fb3	slt	x31,x24,x0	 x24:0x00000800  x0:0x00000000 x31=0x00000000
        5665000	       565	800001cc	fd139ce3	bne	x7,x17,800001a4	  x7:0x00000008 x17:0x00000008
        5675000	       566	800001d0	01bb5113	srli	x2,x22,0x1b	 x22:0x00000000  x2=0x00000000
        5685000	       567	800001d4	00500293	addi	x5,x0,5	  x0:0x00000000  x5=0x00000005
        5695000	       568	800001d8	40ba0db3	sub	x27,x20,x11	 x20:0x00000008 x11:0x80009fc4 x27=0x7fff6044
        5705000	       569	800001dc	415f5633	sra	x12,x30,x21	 x30:0xfffffff0 x21:0x00000000 x12=0xfffffff0
        5715000	       570	800001e0	40e3da13	srai	x20,x7,0xe	  x7:0x00000008 x20=0x00000000
        5725000	       571	800001e4	3118b013	sltiu	x0,x17,785	 x17:0x00000008
        5735000	       572	800001e8	5eca3113	sltiu	x2,x20,1516	 x20:0x00000000  x2=0x00000001
        5745000	       573	800001ec	004cf1b3	and	x3,x25,x4	 x25:0x5ab8a35e  x4:0xfffffff2  x3=0x5ab8a352
        5755000	       574	800001f0	01100093	addi	x1,x0,17	  x0:0x00000000  x1=0x00000011
        5765000	       575	800001f4	014b9733	sll	x14,x23,x20	 x23:0xc36858d6 x20:0x00000000 x14=0xc36858d6
        5775000	       576	800001f8	34aef393	andi	x7,x29,842	 x29:0xaddfb043  x7=0x00000042
        5785000	       577	800001fc	811af513	andi	x10,x21,-2031	 x21:0x00000000 x10=0x00000000
        5795000	       578	80000200	01689e33	sll	x28,x17,x22	 x17:0x00000008 x22:0x00000000 x28=0x00000008
        5805000	       579	80000204	01255813	srli	x16,x10,0x12	 x10:0x00000000 x16=0x00000000
        5815000	       580	80000208	01093cb3	sltu	x25,x18,x16	 x18:0x000002e1 x16:0x00000000 x25=0x00000000
        5825000	       581	8000020c	00f3a8b3	slt	x17,x7,x15	  x7:0x00000042 x15:0x00000000 x17=0x00000000
        5835000	       582	80000210	00228293	addi	x5,x5,2	  x5:0x00000005  x5=0x00000007
        5845000	       583	80000214	3cd40613	addi	x12,x8,973	  x8:0x00000001 x12=0x000003ce
        5855000	       584	80000218	00bd4333	xor	x6,x26,x11	 x26:0x80009f84 x11:0x80009fc4  x6=0x00000040
        5865000	       585	8000021c	00308a33	add	x20,x1,x3	  x1:0x00000011  x3:0x5ab8a352 x20=0x5ab8a363
        5875000	       586	80000220	4c9954b7	lui	x9,0x4c995	  x9=0x4c995000
        5885000	       587	80000224	fe1282e3	beq	x5,x1,80000208	  x5:0x00000007  x1:0x00000011
        5895000	       588	80000228	408356b3	sra	x13,x6,x8	  x6:0x00000040  x8:0x00000001 x13=0x00000020
        5905000	       589	8000022c	ffd00813	addi	x16,x0,-3	  x0:0x00000000 x16=0xfffffffd
        5915000	       590	80000230	00900693	addi	x13,x0,9	  x0:0x00000000 x13=0x00000009
        5925000	       591	80000234	00000013	addi	x0,x0,0	  x0:0x00000000
        5935000	       592	80000238	00680813	addi	x16,x16,6	 x16:0xfffffffd x16=0x00000003
        5945000	       593	8000023c	fed81ce3	bne	x16,x13,80000234	 x16:0x00000003 x13:0x00000009
        5955000	       594	00000000	00000013	addi	x0,x0,0	  x0:0x00000000
        5965000	       595	80000230	00000013	addi	x0,x0,0	  x0:0x00000000
        5975000	       596	80000234	00000013	addi	x0,x0,0	  x0:0x00000000
        5985000	       597	80000238	00680813	addi	x16,x16,6	 x16:0x00000003 x16=0x00000009
        5995000	       598	8000023c	fed81ce3	bne	x16,x13,80000234	 x16:0x00000009 x13:0x00000009
        6005000	       599	80000240	006e32b3	sltu	x5,x28,x6	 x28:0x00000008  x6:0x00000040  x5=0x00000001
        6015000	       600	80000244	01c6cf33	xor	x30,x13,x28	 x13:0x00000009 x28:0x00000008 x30=0x00000001
        6025000	       601	80000248	00209333	sll	x6,x1,x2	  x1:0x00000011  x2:0x00000001  x6=0x00000022
        6035000	       602	8000024c	036b5863	bge	x22,x22,8000027c	 x22:0x00000000 x22:0x00000000
        6045000	       603	00000000	00000013	addi	x0,x0,0	  x0:0x00000000
        6055000	       604	80000278	00000013	addi	x0,x0,0	  x0:0x00000000
        6065000	       605	8000027c	0032c263	blt	x5,x3,80000280	  x5:0x00000001  x3:0x5ab8a352
        6075000	       606	00000000	00000013	addi	x0,x0,0	  x0:0x00000000
        6085000	       607	8000027c	00000013	addi	x0,x0,0	  x0:0x00000000
        6095000	       608	80000280	41d08933	sub	x18,x1,x29	  x1:0x00000011 x29:0xaddfb043 x18=0x52204fce
        6105000	       609	80000284	01459b33	sll	x22,x11,x20	 x11:0x80009fc4 x20:0x5ab8a363 x22=0x0004fe20
        6115000	       610	80000288	dd6a6e13	ori	x28,x20,-554	 x20:0x5ab8a363 x28=0xfffffff7
        6125000	       611	8000028c	3cd7fd93	andi	x27,x15,973	 x15:0x00000000 x27=0x00000000
        6135000	       612	80000290	70137b93	andi	x23,x6,1793	  x6:0x00000022 x23=0x00000000
        6145000	       613	80000294	402fdeb3	sra	x29,x31,x2	 x31:0x00000000  x2:0x00000001 x29=0x00000000
        6155000	       614	80000298	93b47213	andi	x4,x8,-1733	  x8:0x00000001  x4=0x00000001
        6165000	       615	8000029c	00cf8e33	add	x28,x31,x12	 x31:0x00000000 x12:0x000003ce x28=0x000003ce
        6175000	       616	800002a0	7633b493	sltiu	x9,x7,1891	  x7:0x00000042  x9=0x00000001
        6185000	       617	800002a4	01f4d493	srli	x9,x9,0x1f	  x9:0x00000001  x9=0x00000000
        6195000	       618	800002a8	467bea13	ori	x20,x23,1127	 x23:0x00000000 x20=0x00000467
        6205000	       619	800002ac	ba3aa013	slti	x0,x21,-1117	 x21:0x00000000
        6215000	       620	800002b0	019eda63	bge	x29,x25,800002c4	 x29:0x00000000 x25:0x00000000
        6225000	       621	00000000	00000013	addi	x0,x0,0	  x0:0x00000000
        6235000	       622	800002c0	00000013	addi	x0,x0,0	  x0:0x00000000
        6245000	       623	800002c4	01279263	bne	x15,x18,800002c8	 x15:0x00000000 x18:0x52204fce
        6255000	       624	00000000	00000013	addi	x0,x0,0	  x0:0x00000000
        6265000	       625	800002c4	00000013	addi	x0,x0,0	  x0:0x00000000
        6275000	       626	800002c8	417a5233	sra	x4,x20,x23	 x20:0x00000467 x23:0x00000000  x4=0x00000467
        6285000	       627	800002cc	016fb3b3	sltu	x7,x31,x22	 x31:0x00000000 x22:0x0004fe20  x7=0x00000001
        6295000	       628	800002d0	6f0ee613	ori	x12,x29,1776	 x29:0x00000000 x12=0x000006f0
        6305000	       629	800002d4	62a28093	addi	x1,x5,1578	  x5:0x00000001  x1=0x0000062b
        6315000	       630	800002d8	01751833	sll	x16,x10,x23	 x10:0x00000000 x23:0x00000000 x16=0x00000000
        6325000	       631	800002dc	00385863	bge	x16,x3,800002ec	 x16:0x00000000  x3:0x5ab8a352
        6335000	       632	800002e0	7207a693	slti	x13,x15,1824	 x15:0x00000000 x13=0x00000001
        6345000	       633	800002e4	418e08b3	sub	x17,x28,x24	 x28:0x000003ce x24:0x00000800 x17=0xfffffbce
        6355000	       634	800002e8	057d1863	bne	x26,x23,80000338	 x26:0x80009f84 x23:0x00000000
        6365000	       635	00000000	00000013	addi	x0,x0,0	  x0:0x00000000
        6375000	       636	80000334	00000013	addi	x0,x0,0	  x0:0x00000000
        6385000	       637	80000338	017442b3	xor	x5,x8,x23	  x8:0x00000001 x23:0x00000000  x5=0x00000001
        6395000	       638	8000033c	c1b78793	addi	x15,x15,-997	 x15:0x00000000 x15=0xfffffc1b
        6405000	       639	80000340	01005e63	bge	x0,x16,8000035c	  x0:0x00000000 x16:0x00000000
        6415000	       640	00000000	00000013	addi	x0,x0,0	  x0:0x00000000
        6425000	       641	80000358	00000013	addi	x0,x0,0	  x0:0x00000000
        6435000	       642	8000035c	057de663	bltu	x27,x23,800003a8	 x27:0x00000000 x23:0x00000000
        6445000	       643	80000360	4110d233	sra	x4,x1,x17	  x1:0x0000062b x17:0xfffffbce  x4=0x00000000
        6455000	       644	80000364	41c75193	srai	x3,x14,0x1c	 x14:0xc36858d6  x3=0xfffffffc
        6465000	       645	80000368	01251013	slli	x0,x10,0x12	 x10:0x00000000
        6475000	       646	8000036c	0030b433	sltu	x8,x1,x3	  x1:0x0000062b  x3:0xfffffffc  x8=0x00000001
        6485000	       647	80000370	01755113	srli	x2,x10,0x17	 x10:0x00000000  x2=0x00000000
        6495000	       648	80000374	00dc7a63	bgeu	x24,x13,80000388	 x24:0x00000800 x13:0x00000001
        6505000	       649	00000000	00000013	addi	x0,x0,0	  x0:0x00000000
        6515000	       650	80000384	00000013	addi	x0,x0,0	  x0:0x00000000
        6525000	       651	80000388	05421263	bne	x4,x20,800003cc	  x4:0x00000000 x20:0x00000467
        6535000	       652	00000000	00000013	addi	x0,x0,0	  x0:0x00000000
        6545000	       653	800003c8	00000013	addi	x0,x0,0	  x0:0x00000000
        6555000	       654	800003cc	024a9863	bne	x21,x4,800003fc	 x21:0x00000000  x4:0x00000000
        6565000	       655	800003d0	31a5f6b7	lui	x13,0x31a5f	 x13=0x31a5f000
        6575000	       656	800003d4	8e150193	addi	x3,x10,-1823	 x10:0x00000000  x3=0xfffff8e1
        6585000	       657	800003d8	9f52f393	andi	x7,x5,-1547	  x5:0x00000001  x7=0x00000001
        6595000	       658	800003dc	5d0b6c97	auipc	x25,0x5d0b6	 x25=0xdd0b63d8
        6605000	       659	800003e0	528fc793	xori	x15,x31,1320	 x31:0x00000000 x15=0x00000528
        6615000	       660	800003e4	4037dc13	srai	x24,x15,0x3	 x15:0x00000528 x24=0x000000a5
        6625000	       661	800003e8	010bccb3	xor	x25,x23,x16	 x23:0x00000000 x16:0x00000000 x25=0x00000000
        6635000	       662	800003ec	81dca093	slti	x1,x25,-2019	 x25:0x00000000  x1=0x00000000
        6645000	       663	800003f0	00bb2433	slt	x8,x22,x11	 x22:0x0004fe20 x11:0x80009fc4  x8=0x00000000
        6655000	       664	800003f4	01c287b3	add	x15,x5,x28	  x5:0x00000001 x28:0x000003ce x15=0x000003cf
        6665000	       665	800003f8	00000013	addi	x0,x0,0	  x0:0x00000000
        6675000	       666	800003fc	95916893	ori	x17,x2,-1703	  x2:0x00000000 x17=0xfffff959
        6685000	       667	80000400	01be0133	add	x2,x28,x27	 x28:0x000003ce x27:0x00000000  x2=0x000003ce
        6695000	       668	80000404	01dc0463	beq	x24,x29,8000040c	 x24:0x000000a5 x29:0x00000000
        6705000	       669	80000408	53c98113	addi	x2,x19,1340	 x19:0x80000000  x2=0x8000053c
        6715000	       670	8000040c	01fb9913	slli	x18,x23,0x1f	 x23:0x00000000 x18=0x00000000
        6725000	       671	80000410	40525e13	srai	x28,x4,0x5	  x4:0x00000000 x28=0x00000000
        6735000	       672	80000414	00bdf733	and	x14,x27,x11	 x27:0x00000000 x11:0x80009fc4 x14=0x00000000
        6745000	       673	80000418	00d60733	add	x14,x12,x13	 x12:0x000006f0 x13:0x31a5f000 x14=0x31a5f6f0
        6755000	       674	8000041c	03576c63	bltu	x14,x21,80000454	 x14:0x31a5f6f0 x21:0x00000000
        6765000	       675	80000420	00b04a33	xor	x20,x0,x11	  x0:0x00000000 x11:0x80009fc4 x20=0x80009fc4
        6775000	       676	80000424	022be463	bltu	x23,x2,8000044c	 x23:0x00000000  x2:0x8000053c
        6785000	       677	00000000	00000013	addi	x0,x0,0	  x0:0x00000000
        6795000	       678	80000448	00000013	addi	x0,x0,0	  x0:0x00000000
        6805000	       679	8000044c	61b34393	xori	x7,x6,1563	  x6:0x00000022  x7=0x00000639
        6815000	       680	80000450	003494b3	sll	x9,x9,x3	  x9:0x00000000  x3:0xfffff8e1  x9=0x00000000
        6825000	       681	80000454	260b8393	addi	x7,x23,608	 x23:0x00000000  x7=0x00000260
        6835000	       682	80000458	01a05513	srli	x10,x0,0x1a	  x0:0x00000000 x10=0x00000000
        6845000	       683	8000045c	00ebde13	srli	x28,x23,0xe	 x23:0x00000000 x28=0x00000000
        6855000	       684	80000460	00000013	addi	x0,x0,0	  x0:0x00000000
        6865000	       685	80000464	411e52b3	sra	x5,x28,x17	 x28:0x00000000 x17:0xfffff959  x5=0x00000000
        6875000	       686	80000468	40180a33	sub	x20,x16,x1	 x16:0x00000000  x1:0x00000000 x20=0x00000000
        6885000	       687	8000046c	1cba3c93	sltiu	x25,x20,459	 x20:0x00000000 x25=0x00000001
        6895000	       688	80000470	4668f193	andi	x3,x17,1126	 x17:0xfffff959  x3=0x00000040
        6905000	       689	80000474	00000013	addi	x0,x0,0	  x0:0x00000000
        6915000	       690	80000478	ffb00213	addi	x4,x0,-5	  x0:0x00000000  x4=0xfffffffb
        6925000	       691	8000047c	ff800793	addi	x15,x0,-8	  x0:0x00000000 x15=0xfffffff8
        6935000	       692	80000480	7cd9fb13	andi	x22,x19,1997	 x19:0x80000000 x22=0x00000000
        6945000	       693	80000484	00000013	addi	x0,x0,0	  x0:0x00000000
        6955000	       694	80000488	ffd20213	addi	x4,x4,-3	  x4:0xfffffffb  x4=0xfffffff8
        6965000	       695	8000048c	00800693	addi	x13,x0,8	  x0:0x00000000 x13=0x00000008
        6975000	       696	80000490	6998af13	slti	x30,x17,1689	 x17:0xfffff959 x30=0x00000001
        6985000	       697	80000494	00f00193	addi	x3,x0,15	  x0:0x00000000  x3=0x0000000f
        6995000	       698	80000498	00f573b3	and	x7,x10,x15	 x10:0x00000000 x15:0xfffffff8  x7=0x00000000
        7005000	       699	8000049c	00568693	addi	x13,x13,5	 x13:0x00000008 x13=0x0000000d
        7015000	       700	800004a0	fe36ece3	bltu	x13,x3,80000498	 x13:0x0000000d  x3:0x0000000f
        7025000	       701	00000000	00000013	addi	x0,x0,0	  x0:0x00000000
        7035000	       702	80000494	00000013	addi	x0,x0,0	  x0:0x00000000
        7045000	       703	80000498	00f573b3	and	x7,x10,x15	 x10:0x00000000 x15:0xfffffff8  x7=0x00000000
        7055000	       704	8000049c	00568693	addi	x13,x13,5	 x13:0x0000000d x13=0x00000012
        7065000	       705	800004a0	fe36ece3	bltu	x13,x3,80000498	 x13:0x00000012  x3:0x0000000f
        7075000	       706	800004a4	fcf20ee3	beq	x4,x15,80000480	  x4:0xfffffff8 x15:0xfffffff8
        7085000	       707	00000000	00000013	addi	x0,x0,0	  x0:0x00000000
        7095000	       708	8000047c	00000013	addi	x0,x0,0	  x0:0x00000000
        7105000	       709	80000480	7cd9fb13	andi	x22,x19,1997	 x19:0x80000000 x22=0x00000000
        7115000	       710	80000484	00000013	addi	x0,x0,0	  x0:0x00000000
        7125000	       711	80000488	ffd20213	addi	x4,x4,-3	  x4:0xfffffff8  x4=0xfffffff5
        7135000	       712	8000048c	00800693	addi	x13,x0,8	  x0:0x00000000 x13=0x00000008
        7145000	       713	80000490	6998af13	slti	x30,x17,1689	 x17:0xfffff959 x30=0x00000001
        7155000	       714	80000494	00f00193	addi	x3,x0,15	  x0:0x00000000  x3=0x0000000f
        7165000	       715	80000498	00f573b3	and	x7,x10,x15	 x10:0x00000000 x15:0xfffffff8  x7=0x00000000
        7175000	       716	8000049c	00568693	addi	x13,x13,5	 x13:0x00000008 x13=0x0000000d
        7185000	       717	800004a0	fe36ece3	bltu	x13,x3,80000498	 x13:0x0000000d  x3:0x0000000f
        7195000	       718	00000000	00000013	addi	x0,x0,0	  x0:0x00000000
        7205000	       719	80000494	00000013	addi	x0,x0,0	  x0:0x00000000
        7215000	       720	80000498	00f573b3	and	x7,x10,x15	 x10:0x00000000 x15:0xfffffff8  x7=0x00000000
        7225000	       721	8000049c	00568693	addi	x13,x13,5	 x13:0x0000000d x13=0x00000012
        7235000	       722	800004a0	fe36ece3	bltu	x13,x3,80000498	 x13:0x00000012  x3:0x0000000f
        7245000	       723	800004a4	fcf20ee3	beq	x4,x15,80000480	  x4:0xfffffff5 x15:0xfffffff8
        7255000	       724	800004a8	001f32b3	sltu	x5,x30,x1	 x30:0x00000001  x1:0x00000000  x5=0x00000000
        7265000	       725	800004ac	818e5b97	auipc	x23,0x818e5	 x23=0x018e54a8
        7275000	       726	800004b0	464a4693	xori	x13,x20,1124	 x20:0x00000000 x13=0x00000464
        7285000	       727	800004b4	4185dcb3	sra	x25,x11,x24	 x11:0x80009fc4 x24:0x000000a5 x25=0xfc0004fe
        7295000	       728	800004b8	35c9bc13	sltiu	x24,x19,860	 x19:0x80000000 x24=0x00000000
        7305000	       729	800004bc	46e84a37	lui	x20,0x46e84	 x20=0x46e84000
        7315000	       730	800004c0	017ab433	sltu	x8,x21,x23	 x21:0x00000000 x23:0x018e54a8  x8=0x00000001
        7325000	       731	800004c4	ba34cc13	xori	x24,x9,-1117	  x9:0x00000000 x24=0xfffffba3
        7335000	       732	800004c8	8a09e413	ori	x8,x19,-1888	 x19:0x80000000  x8=0xfffff8a0
        7345000	       733	800004cc	fe220413	addi	x8,x4,-30	  x4:0xfffffff5  x8=0xffffffd7
        7355000	       734	800004d0	06817c63	bgeu	x2,x8,80000548	  x2:0x8000053c  x8:0xffffffd7
        7365000	       735	800004d4	0469de63	bge	x19,x6,80000530	 x19:0x80000000  x6:0x00000022
        7375000	       736	800004d8	01195f13	srli	x30,x18,0x11	 x18:0x00000000 x30=0x00000000
        7385000	       737	800004dc	14a5fc97	auipc	x25,0x14a5f	 x25=0x94a5f4d8
        7395000	       738	800004e0	010b7a63	bgeu	x22,x16,800004f4	 x22:0x00000000 x16:0x00000000
        7405000	       739	00000000	00000013	addi	x0,x0,0	  x0:0x00000000
        7415000	       740	800004f0	00000013	addi	x0,x0,0	  x0:0x00000000
        7425000	       741	800004f4	004f5693	srli	x13,x30,0x4	 x30:0x00000000 x13=0x00000000
        7435000	       742	800004f8	059fdc63	bge	x31,x25,80000550	 x31:0x00000000 x25:0x94a5f4d8
        7445000	       743	00000000	00000013	addi	x0,x0,0	  x0:0x00000000
        7455000	       744	8000054c	00000013	addi	x0,x0,0	  x0:0x00000000
        7465000	       745	80000550	03439463	bne	x7,x20,80000578	  x7:0x00000000 x20:0x46e84000
        7475000	       746	00000000	00000013	addi	x0,x0,0	  x0:0x00000000
        7485000	       747	80000574	00000013	addi	x0,x0,0	  x0:0x00000000
        7495000	       748	80000578	012167b3	or	x15,x2,x18	  x2:0x8000053c x18:0x00000000 x15=0x8000053c
        7505000	       749	8000057c	9c0fe717	auipc	x14,0x9c0fe	 x14=0x1c0fe578
        7515000	       750	80000580	00000013	addi	x0,x0,0	  x0:0x00000000
        7525000	       751	80000584	01f4de63	bge	x9,x31,800005a0	  x9:0x00000000 x31:0x00000000
        7535000	       752	00000000	00000013	addi	x0,x0,0	  x0:0x00000000
        7545000	       753	8000059c	00000013	addi	x0,x0,0	  x0:0x00000000
        7555000	       754	800005a0	1489f493	andi	x9,x19,328	 x19:0x80000000  x9=0x00000000
        7565000	       755	800005a4	00b7ea33	or	x20,x15,x11	 x15:0x8000053c x11:0x80009fc4 x20=0x80009ffc
        7575000	       756	800005a8	40c35313	srai	x6,x6,0xc	  x6:0x00000022  x6=0x00000000
        7585000	       757	800005ac	032e5c63	bge	x28,x18,800005e4	 x28:0x00000000 x18:0x00000000
        7595000	       758	00000000	00000013	addi	x0,x0,0	  x0:0x00000000
        7605000	       759	800005e0	00000013	addi	x0,x0,0	  x0:0x00000000
        7615000	       760	800005e4	04f3f863	bgeu	x7,x15,80000634	  x7:0x00000000 x15:0x8000053c
        7625000	       761	800005e8	00000013	addi	x0,x0,0	  x0:0x00000000
        7635000	       762	800005ec	00a56463	bltu	x10,x10,800005f4	 x10:0x00000000 x10:0x00000000
        7645000	       763	800005f0	40b8de93	srai	x29,x17,0xb	 x17:0xfffff959 x29=0xffffffff
        7655000	       764	800005f4	00c90633	add	x12,x18,x12	 x18:0x00000000 x12:0x000006f0 x12=0x000006f0
        7665000	       765	800005f8	84afd6b7	lui	x13,0x84afd	 x13=0x84afd000
        7675000	       766	800005fc	02e19a63	bne	x3,x14,80000630	  x3:0x0000000f x14:0x1c0fe578
        7685000	       767	00000000	00000013	addi	x0,x0,0	  x0:0x00000000
        7695000	       768	8000062c	00000013	addi	x0,x0,0	  x0:0x00000000
        7705000	       769	80000630	00834db3	xor	x27,x6,x8	  x6:0x00000000  x8:0xffffffd7 x27=0xffffffd7
        7715000	       770	80000634	f7fcee17	auipc	x28,0xf7fce	 x28=0x77fce630
        7725000	       771	80000638	408fdb13	srai	x22,x31,0x8	 x31:0x00000000 x22=0x00000000
        7735000	       772	8000063c	02e4f863	bgeu	x9,x14,8000066c	  x9:0x00000000 x14:0x1c0fe578
        7745000	       773	80000640	049b4663	blt	x22,x9,8000068c	 x22:0x00000000  x9:0x00000000
        7755000	       774	80000644	00314863	blt	x2,x3,80000654	  x2:0x8000053c  x3:0x0000000f
        7765000	       775	00000000	00000013	addi	x0,x0,0	  x0:0x00000000
        7775000	       776	80000650	00000013	addi	x0,x0,0	  x0:0x00000000
        7785000	       777	80000654	02f71c63	bne	x14,x15,8000068c	 x14:0x1c0fe578 x15:0x8000053c
        7795000	       778	00000000	00000013	addi	x0,x0,0	  x0:0x00000000
        7805000	       779	80000688	00000013	addi	x0,x0,0	  x0:0x00000000
        7815000	       780	8000068c	4007dc93	srai	x25,x15,0x0	 x15:0x8000053c x25=0x8000053c
        7825000	       781	80000690	00fcd463	bge	x25,x15,80000698	 x25:0x8000053c x15:0x8000053c
        7835000	       782	00000000	00000013	addi	x0,x0,0	  x0:0x00000000
        7845000	       783	80000694	00000013	addi	x0,x0,0	  x0:0x00000000
        7855000	       784	80000698	01a0cb33	xor	x22,x1,x26	  x1:0x00000000 x26:0x80009f84 x22=0x80009f84
        7865000	       785	8000069c	00000997	auipc	x19,0x0	 x19=0x80000698
        7875000	       786	800006a0	00c98993	addi	x19,x19,12	 x19:0x80000698 x19=0x800006a4
        7885000	       787	800006a4	00098067	jalr	x0,x19,0	 x19:0x800006a4
        7895000	       788	00000000	00000013	addi	x0,x0,0	  x0:0x00000000
        7905000	       789	800006a4	00000013	addi	x0,x0,0	  x0:0x00000000
        7915000	       790	800006a8	00100193	addi	x3,x0,1	  x0:0x00000000  x3=0x00000001
        7925000	       791	800006ac	00000073	ecall	
        7935000	       792	800006b0	fc8d0d13	addi	x26,x26,-56	 x26:0x80009f84 x26=0x80009f4c
