		Time			Cycle	PC		Insn	Decoded instruction	Register and memory contents
          65000	         5	80000004	00000293	addi	x5,x0,0	  x0:0x00000000  x5=0x00000000
          75000	         6	80000008	00000313	addi	x6,x0,0	  x0:0x00000000  x6=0x00000000
          85000	         7	8000000c	00628263	beq	x5,x6,80000010	  x5:0x00000000  x6:0x00000000
          95000	         8	00000000	00000013	addi	x0,x0,0	  x0:0x00000000
         105000	         9	8000000c	00000013	addi	x0,x0,0	  x0:0x00000000
         115000	        10	80000010	00000c97	auipc	x25,0x0	 x25=0x8000000c
         125000	        11	80000014	00cc8c93	addi	x25,x25,12	 x25:0x8000000c x25=0x80000018
         135000	        12	80000018	000c8067	jalr	x0,x25,0	 x25:0x80000018
         145000	        13	00000000	00000013	addi	x0,x0,0	  x0:0x00000000
         155000	        14	80000018	00000013	addi	x0,x0,0	  x0:0x00000000
         165000	        15	8000001c	40000f37	lui	x30,0x40000	 x30=0x40000000
         175000	        16	80000020	100f0f13	addi	x30,x30,256	 x30:0x40000000 x30=0x40000100
         185000	        17	80000024	00000013	addi	x0,x0,0	  x0:0x00000000
         195000	        18	80000028	0000a717	auipc	x14,0xa	 x14=0x8000a024
         205000	        19	8000002c	fa070713	addi	x14,x14,-96	 x14:0x8000a024 x14=0x80009fc4
         215000	        20	80000030	00003f17	auipc	x30,0x3	 x30=0x8000302c
         225000	        21	80000034	754f0f13	addi	x30,x30,1876	 x30:0x8000302c x30=0x80003780
         235000	        22	80000038	001f6f13	ori	x30,x30,1	 x30:0x80003780 x30=0x80003781
         245000	        23	8000003c	00000013	addi	x0,x0,0	  x0:0x00000000
         255000	        24	80000040	00000f17	auipc	x30,0x0	 x30=0x8000003c
         265000	        25	80000044	020f0f13	addi	x30,x30,32	 x30:0x8000003c x30=0x8000005c
         275000	        26	80000048	00000013	addi	x0,x0,0	  x0:0x00000000
         285000	        27	8000004c	00000013	addi	x0,x0,0	  x0:0x00000000
         295000	        28	80000050	00002f37	lui	x30,0x2	 x30=0x00002000
         305000	        29	80000054	800f0f13	addi	x30,x30,-2048	 x30:0x00002000 x30=0x00001800
         315000	        30	80000058	00000013	addi	x0,x0,0	  x0:0x00000000
         325000	        31	8000005c	00000013	addi	x0,x0,0	  x0:0x00000000
         335000	        32	80000060	80000037	lui	x0,0x80000	
         345000	        33	80000064	00000013	addi	x0,x0,0	  x0:0x00000000
         355000	        34	80000068	f0a250b7	lui	x1,0xf0a25	  x1=0xf0a25000
         365000	        35	8000006c	e2308093	addi	x1,x1,-477	  x1:0xf0a25000  x1=0xf0a24e23
         375000	        36	80000070	33d3d137	lui	x2,0x33d3d	  x2=0x33d3d000
         385000	        37	80000074	3f010113	addi	x2,x2,1008	  x2:0x33d3d000  x2=0x33d3d3f0
         395000	        38	80000078	00d00193	addi	x3,x0,13	  x0:0x00000000  x3=0x0000000d
         405000	        39	8000007c	f8f2f237	lui	x4,0xf8f2f	  x4=0xf8f2f000
         415000	        40	80000080	af520213	addi	x4,x4,-1291	  x4:0xf8f2f000  x4=0xf8f2eaf5
         425000	        41	80000084	00f00293	addi	x5,x0,15	  x0:0x00000000  x5=0x0000000f
         435000	        42	80000088	00000313	addi	x6,x0,0	  x0:0x00000000  x6=0x00000000
         445000	        43	8000008c	da73f3b7	lui	x7,0xda73f	  x7=0xda73f000
         455000	        44	80000090	4c738393	addi	x7,x7,1223	  x7:0xda73f000  x7=0xda73f4c7
         465000	        45	80000094	00d00413	addi	x8,x0,13	  x0:0x00000000  x8=0x0000000d
         475000	        46	80000098	800004b7	lui	x9,0x80000	  x9=0x80000000
         485000	        47	8000009c	f977f537	lui	x10,0xf977f	 x10=0xf977f000
         495000	        48	800000a0	4ba50513	addi	x10,x10,1210	 x10:0xf977f000 x10=0xf977f4ba
         505000	        49	800000a4	fd0f95b7	lui	x11,0xfd0f9	 x11=0xfd0f9000
         515000	        50	800000a8	7b558593	addi	x11,x11,1973	 x11:0xfd0f9000 x11=0xfd0f97b5
         525000	        51	800000ac	f4da3637	lui	x12,0xf4da3	 x12=0xf4da3000
         535000	        52	800000b0	1f360613	addi	x12,x12,499	 x12:0xf4da3000 x12=0xf4da31f3
         545000	        53	800000b4	00000693	addi	x13,x0,0	  x0:0x00000000 x13=0x00000000
         555000	        54	800000b8	fe0e67b7	lui	x15,0xfe0e6	 x15=0xfe0e6000
         565000	        55	800000bc	de478793	addi	x15,x15,-540	 x15:0xfe0e6000 x15=0xfe0e5de4
         575000	        56	800000c0	80000837	lui	x16,0x80000	 x16=0x80000000
         585000	        57	800000c4	30a6a8b7	lui	x17,0x30a6a	 x17=0x30a6a000
         595000	        58	800000c8	5c688893	addi	x17,x17,1478	 x17:0x30a6a000 x17=0x30a6a5c6
         605000	        59	800000cc	00000993	addi	x19,x0,0	  x0:0x00000000 x19=0x00000000
         615000	        60	800000d0	00500a13	addi	x20,x0,5	  x0:0x00000000 x20=0x00000005
         625000	        61	800000d4	00000a93	addi	x21,x0,0	  x0:0x00000000 x21=0x00000000
         635000	        62	800000d8	96718b37	lui	x22,0x96718	 x22=0x96718000
         645000	        63	800000dc	be4b0b13	addi	x22,x22,-1052	 x22:0x96718000 x22=0x96717be4
         655000	        64	800000e0	80000bb7	lui	x23,0x80000	 x23=0x80000000
         665000	        65	800000e4	80000c37	lui	x24,0x80000	 x24=0x80000000
         675000	        66	800000e8	00000c93	addi	x25,x0,0	  x0:0x00000000 x25=0x00000000
         685000	        67	800000ec	060f3d37	lui	x26,0x60f3	 x26=0x060f3000
         695000	        68	800000f0	583d0d13	addi	x26,x26,1411	 x26:0x060f3000 x26=0x060f3583
         705000	        69	800000f4	26948db7	lui	x27,0x26948	 x27=0x26948000
         715000	        70	800000f8	d37d8d93	addi	x27,x27,-713	 x27:0x26948000 x27=0x26947d37
         725000	        71	800000fc	00c00e13	addi	x28,x0,12	  x0:0x00000000 x28=0x0000000c
         735000	        72	80000100	00000e93	addi	x29,x0,0	  x0:0x00000000 x29=0x00000000
         745000	        73	80000104	80000f37	lui	x30,0x80000	 x30=0x80000000
         755000	        74	80000108	00000f93	addi	x31,x0,0	  x0:0x00000000 x31=0x00000000
         765000	        75	8000010c	0000a917	auipc	x18,0xa	 x18=0x8000a108
         775000	        76	80000110	e7c90913	addi	x18,x18,-388	 x18:0x8000a108 x18=0x80009f84
         785000	        77	80000114	00db5233	srl	x4,x22,x13	 x22:0x96717be4 x13:0x00000000  x4=0x96717be4
         795000	        78	80000118	0189aab3	slt	x21,x19,x24	 x19:0x00000000 x24:0x80000000 x21=0x00000000
         805000	        79	8000011c	00001097	auipc	x1,0x1	  x1=0x80001118
         815000	        80	80000120	c9408093	addi	x1,x1,-876	  x1:0x80001118  x1=0x80000dac
         825000	        81	80000124	617b8113	addi	x2,x23,1559	 x23:0x80000000  x2=0x80000617
         835000	        82	80000128	3e508093	addi	x1,x1,997	  x1:0x80000dac  x1=0x80001191
         845000	        83	8000012c	a888ff93	andi	x31,x17,-1400	 x17:0x30a6a5c6 x31=0x30a6a080
         855000	        84	80000130	40048fb3	sub	x31,x9,x0	  x9:0x80000000  x0:0x00000000 x31=0x80000000
         865000	        85	80000134	016e8eb3	add	x29,x29,x22	 x29:0x00000000 x22:0x96717be4 x29=0x96717be4
         875000	        86	80000138	01b631b3	sltu	x3,x12,x27	 x12:0xf4da31f3 x27:0x26947d37  x3=0x00000000
         885000	        87	8000013c	00ab1463	bne	x22,x10,80000144	 x22:0x96717be4 x10:0xf977f4ba
         895000	        88	00000000	00000013	addi	x0,x0,0	  x0:0x00000000
         905000	        89	80000140	00000013	addi	x0,x0,0	  x0:0x00000000
         915000	        90	80000144	c1c08367	jalr	x6,x1,-996	  x1:0x80001191  x6=0x80000144
         925000	        91	00000000	00000013	addi	x0,x0,0	  x0:0x00000000
         935000	        92	80000dac	00000013	addi	x0,x0,0	  x0:0x00000000
         945000	        93	80000db0	01f6c663	blt	x13,x31,80000dbc	 x13:0x00000000 x31:0x80000000
         955000	        94	80000db4	168ee013	ori	x0,x29,360	 x29:0x96717be4
         965000	        95	80000db8	01101f33	sll	x30,x0,x17	  x0:0x00000000 x17:0x30a6a5c6 x30=0x00000000
         975000	        96	80000dbc	ff890913	addi	x18,x18,-8	 x18:0x80009f84 x18=0x80009f7c
         985000	        97	80000dc0	01233d33	sltu	x26,x6,x18	  x6:0x80000144 x18:0x80009f7c x26=0x00000001
         995000	        98	80000dc4	78e9f617	auipc	x12,0x78e9f	 x12=0xf8e9fdc0
        1005000	        99	80000dc8	ff477e97	auipc	x29,0xff477	 x29=0x7f477dc4
        1015000	       100	80000dcc	00692223	sw	x6,4(x18)	 x18:0x80009f7c  x6:0x80000144 PA:0x80009f80
        1025000	       101	80000dd0	a9717613	andi	x12,x2,-1385	  x2:0x80000617 x12=0x80000217
        1035000	       102	80000dd4	40015493	srai	x9,x2,0x0	  x2:0x80000617  x9=0x80000617
        1045000	       103	80000dd8	01c0fd33	and	x26,x1,x28	  x1:0x80001191 x28:0x0000000c x26=0x00000000
        1055000	       104	80000ddc	00459bb3	sll	x23,x11,x4	 x11:0xfd0f97b5  x4:0x96717be4 x23=0xd0f97b50
        1065000	       105	80000de0	01cb9d93	slli	x27,x23,0x1c	 x23:0xd0f97b50 x27=0x00000000
        1075000	       106	80000de4	c530e113	ori	x2,x1,-941	  x1:0x80001191  x2=0xfffffdd3
        1085000	       107	80000de8	7b16dc17	auipc	x24,0x7b16d	 x24=0xfb16dde4
        1095000	       108	80000dec	41820fb3	sub	x31,x4,x24	  x4:0x96717be4 x24:0xfb16dde4 x31=0x9b5a9e00
        1105000	       109	80000df0	00002a17	auipc	x20,0x2	 x20=0x80002dec
        1115000	       110	80000df4	f98a0a13	addi	x20,x20,-104	 x20:0x80002dec x20=0x80002d84
        1125000	       111	80000df8	fe6a0a13	addi	x20,x20,-26	 x20:0x80002d84 x20=0x80002d6a
        1135000	       112	80000dfc	015f1213	slli	x4,x30,0x15	 x30:0x00000000  x4=0x00000000
        1145000	       113	80000e00	01aa0367	jalr	x6,x20,26	 x20:0x80002d6a  x6=0x80000e00
        1155000	       114	00000000	00000013	addi	x0,x0,0	  x0:0x00000000
        1165000	       115	80002d84	00000013	addi	x0,x0,0	  x0:0x00000000
        1175000	       116	80002d88	5cb9a093	slti	x1,x19,1483	 x19:0x00000000  x1=0x00000001
        1185000	       117	80002d8c	00000013	addi	x0,x0,0	  x0:0x00000000
        1195000	       118	80002d90	0108e463	bltu	x17,x16,80002d98	 x17:0x30a6a5c6 x16:0x80000000
        1205000	       119	00000000	00000013	addi	x0,x0,0	  x0:0x00000000
        1215000	       120	80002d94	00000013	addi	x0,x0,0	  x0:0x00000000
        1225000	       121	80002d98	fe090913	addi	x18,x18,-32	 x18:0x80009f7c x18=0x80009f5c
        1235000	       122	80002d9c	00692223	sw	x6,4(x18)	 x18:0x80009f5c  x6:0x80000e00 PA:0x80009f60
        1245000	       123	80002da0	017c16b3	sll	x13,x24,x23	 x24:0xfb16dde4 x23:0xd0f97b50 x13=0xdde40000
        1255000	       124	80002da4	f3a73d13	sltiu	x26,x14,-198	 x14:0x80009fc4 x26=0x00000001
        1265000	       125	80002da8	f2753213	sltiu	x4,x10,-217	 x10:0xf977f4ba  x4=0x00000001
        1275000	       126	80002dac	0183cd33	xor	x26,x7,x24	  x7:0xda73f4c7 x24:0xfb16dde4 x26=0x21652923
        1285000	       127	80002db0	64556993	ori	x19,x10,1605	 x10:0xf977f4ba x19=0xf977f6ff
        1295000	       128	80002db4	036e7a63	bgeu	x28,x22,80002de8	 x28:0x0000000c x22:0x96717be4
        1305000	       129	80002db8	984e4793	xori	x15,x28,-1660	 x28:0x0000000c x15=0xfffff988
        1315000	       130	80002dbc	97698393	addi	x7,x19,-1674	 x19:0xf977f6ff  x7=0xf977f075
        1325000	       131	80002dc0	40ee55b3	sra	x11,x28,x14	 x28:0x0000000c x14:0x80009fc4 x11=0x00000000
        1335000	       132	80002dc4	01246fb3	or	x31,x8,x18	  x8:0x0000000d x18:0x80009f5c x31=0x80009f5d
        1345000	       133	80002dc8	00d47f33	and	x30,x8,x13	  x8:0x0000000d x13:0xdde40000 x30=0x00000000
        1355000	       134	80002dcc	00324c33	xor	x24,x4,x3	  x4:0x00000001  x3:0x00000000 x24=0x00000001
        1365000	       135	80002dd0	01e5f263	bgeu	x11,x30,80002dd4	 x11:0x00000000 x30:0x00000000
        1375000	       136	00000000	00000013	addi	x0,x0,0	  x0:0x00000000
        1385000	       137	80002dd0	00000013	addi	x0,x0,0	  x0:0x00000000
        1395000	       138	80002dd4	90bc3693	sltiu	x13,x24,-1781	 x24:0x00000001 x13=0x00000001
        1405000	       139	80002dd8	008e8863	beq	x29,x8,80002de8	 x29:0x7f477dc4  x8:0x0000000d
        1415000	       140	80002ddc	0171fe33	and	x28,x3,x23	  x3:0x00000000 x23:0xd0f97b50 x28=0x00000000
        1425000	       141	80002de0	01945863	bge	x8,x25,80002df0	  x8:0x0000000d x25:0x00000000
        1435000	       142	00000000	00000013	addi	x0,x0,0	  x0:0x00000000
        1445000	       143	80002dec	00000013	addi	x0,x0,0	  x0:0x00000000
        1455000	       144	80002df0	0009f4b3	and	x9,x19,x0	 x19:0xf977f6ff  x0:0x00000000  x9=0x00000000
        1465000	       145	80002df4	40d55e13	srai	x28,x10,0xd	 x10:0xf977f4ba x28=0xffffcbbf
        1475000	       146	80002df8	013b76b3	and	x13,x22,x19	 x22:0x96717be4 x19:0xf977f6ff x13=0x907172e4
        1485000	       147	80002dfc	00492303	lw	x6,4(x18)	 x18:0x80009f5c  x6=0x80000e00 PA:0x80009f60
        1495000	       148	80002e00	dd266c13	ori	x24,x12,-558	 x12:0x80000217 x24=0xffffffd7
        1505000	       149	80002e04	02090913	addi	x18,x18,32	 x18:0x80009f5c x18=0x80009f7c
        1515000	       150	80002e08	41de81b3	sub	x3,x29,x29	 x29:0x7f477dc4 x29:0x7f477dc4  x3=0x00000000
        1525000	       151	80002e0c	00130e93	addi	x29,x6,1	  x6:0x80000e00 x29=0x80000e01
        1535000	       152	80002e10	000e8ee7	jalr	x29,x29,0	 x29:0x80000e01 x29=0x80002e10
        1545000	       153	00000000	00000013	addi	x0,x0,0	  x0:0x00000000
        1555000	       154	80000e00	00000013	addi	x0,x0,0	  x0:0x00000000
        1565000	       155	80000e04	ffd00a93	addi	x21,x0,-3	  x0:0x00000000 x21=0xfffffffd
        1575000	       156	80000e08	e194c993	xori	x19,x9,-487	  x9:0x00000000 x19=0xfffffe19
        1585000	       157	80000e0c	0094df93	srli	x31,x9,0x9	  x9:0x00000000 x31=0x00000000
        1595000	       158	80000e10	6854a693	slti	x13,x9,1669	  x9:0x00000000 x13=0x00000001
        1605000	       159	80000e14	01aecfb3	xor	x31,x29,x26	 x29:0x80002e10 x26:0x21652923 x31=0xa1650733
        1615000	       160	80000e18	01fabeb3	sltu	x29,x21,x31	 x21:0xfffffffd x31:0xa1650733 x29=0x00000000
        1625000	       161	80000e1c	40f6d5b3	sra	x11,x13,x15	 x13:0x00000001 x15:0xfffff988 x11=0x00000000
        1635000	       162	80000e20	ff700f13	addi	x30,x0,-9	  x0:0x00000000 x30=0xfffffff7
        1645000	       163	80000e24	00000013	addi	x0,x0,0	  x0:0x00000000
        1655000	       164	80000e28	01b70333	add	x6,x14,x27	 x14:0x80009fc4 x27:0x00000000  x6=0x80009fc4
        1665000	       165	80000e2c	ff9a8a93	addi	x21,x21,-7	 x21:0xfffffffd x21=0xfffffff6
        1675000	       166	80000e30	ffc00e13	addi	x28,x0,-4	  x0:0x00000000 x28=0xfffffffc
        1685000	       167	80000e34	ff200113	addi	x2,x0,-14	  x0:0x00000000  x2=0xfffffff2
        1695000	       168	80000e38	01c6cb33	xor	x22,x13,x28	 x13:0x00000001 x28:0xfffffffc x22=0xfffffffd
        1705000	       169	80000e3c	00c55093	srli	x1,x10,0xc	 x10:0xf977f4ba  x1=0x000f977f
        1715000	       170	80000e40	40be5013	srai	x0,x28,0xb	 x28:0xfffffffc
        1725000	       171	80000e44	009a4533	xor	x10,x20,x9	 x20:0x80002d6a  x9:0x00000000 x10=0x80002d6a
        1735000	       172	80000e48	ff6e0e13	addi	x28,x28,-10	 x28:0xfffffffc x28=0xfffffff2
        1745000	       173	80000e4c	01c281b3	add	x3,x5,x28	  x5:0x0000000f x28:0xfffffff2  x3=0x00000001
        1755000	       174	80000e50	fe2e14e3	bne	x28,x2,80000e38	 x28:0xfffffff2  x2:0xfffffff2
        1765000	       175	80000e54	003cd433	srl	x8,x25,x3	 x25:0x00000000  x3:0x00000001  x8=0x00000000
        1775000	       176	80000e58	00439593	slli	x11,x7,0x4	  x7:0xf977f075 x11=0x977f0750
        1785000	       177	80000e5c	6fd4ad13	slti	x26,x9,1789	  x9:0x00000000 x26=0x00000001
        1795000	       178	80000e60	1f923613	sltiu	x12,x4,505	  x4:0x00000001 x12=0x00000001
        1805000	       179	80000e64	fdead0e3	bge	x21,x30,80000e24	 x21:0xfffffff6 x30:0xfffffff7
        1815000	       180	80000e68	01ad1293	slli	x5,x26,0x1a	 x26:0x00000001  x5=0x04000000
        1825000	       181	80000e6c	00900793	addi	x15,x0,9	  x0:0x00000000 x15=0x00000009
        1835000	       182	80000e70	00a96533	or	x10,x18,x10	 x18:0x80009f7c x10:0x80002d6a x10=0x8000bf7e
        1845000	       183	80000e74	617c2e13	slti	x28,x24,1559	 x24:0xffffffd7 x28=0x00000001
        1855000	       184	80000e78	41165033	sra	x0,x12,x17	 x12:0x00000001 x17:0x30a6a5c6
        1865000	       185	80000e7c	ff000493	addi	x9,x0,-16	  x0:0x00000000  x9=0xfffffff0
        1875000	       186	80000e80	ebac8293	addi	x5,x25,-326	 x25:0x00000000  x5=0xfffffeba
        1885000	       187	80000e84	1dbc6213	ori	x4,x24,475	 x24:0xffffffd7  x4=0xffffffdf
        1895000	       188	80000e88	006eef33	or	x30,x29,x6	 x29:0x00000000  x6:0x80009fc4 x30=0x80009fc4
        1905000	       189	80000e8c	ffb78793	addi	x15,x15,-5	 x15:0x00000009 x15=0x00000004
        1915000	       190	80000e90	00f12b33	slt	x22,x2,x15	  x2:0xfffffff2 x15:0x00000004 x22=0x00000001
        1925000	       191	80000e94	01399093	slli	x1,x19,0x13	 x19:0xfffffe19  x1=0xf0c80000
        1935000	       192	80000e98	b6b98293	addi	x5,x19,-1173	 x19:0xfffffe19  x5=0xfffff984
        1945000	       193	80000e9c	349d4e93	xori	x29,x26,841	 x26:0x00000001 x29=0x00000348
        1955000	       194	80000ea0	d9356293	ori	x5,x10,-621	 x10:0x8000bf7e  x5=0xffffffff
        1965000	       195	80000ea4	01ddd093	srli	x1,x27,0x1d	 x27:0x00000000  x1=0x00000000
        1975000	       196	80000ea8	3fad20b7	lui	x1,0x3fad2	  x1=0x3fad2000
        1985000	       197	80000eac	00912fb3	slt	x31,x2,x9	  x2:0xfffffff2  x9:0xfffffff0 x31=0x00000000
        1995000	       198	80000eb0	fc979ae3	bne	x15,x9,80000e84	 x15:0x00000004  x9:0xfffffff0
        2005000	       199	00000000	00000013	addi	x0,x0,0	  x0:0x00000000
        2015000	       200	80000e80	00000013	addi	x0,x0,0	  x0:0x00000000
        2025000	       201	80000e84	1dbc6213	ori	x4,x24,475	 x24:0xffffffd7  x4=0xffffffdf
        2035000	       202	80000e88	006eef33	or	x30,x29,x6	 x29:0x00000348  x6:0x80009fc4 x30=0x80009fcc
        2045000	       203	80000e8c	ffb78793	addi	x15,x15,-5	 x15:0x00000004 x15=0xffffffff
        2055000	       204	80000e90	00f12b33	slt	x22,x2,x15	  x2:0xfffffff2 x15:0xffffffff x22=0x00000001
        2065000	       205	80000e94	01399093	slli	x1,x19,0x13	 x19:0xfffffe19  x1=0xf0c80000
        2075000	       206	80000e98	b6b98293	addi	x5,x19,-1173	 x19:0xfffffe19  x5=0xfffff984
        2085000	       207	80000e9c	349d4e93	xori	x29,x26,841	 x26:0x00000001 x29=0x00000348
        2095000	       208	80000ea0	d9356293	ori	x5,x10,-621	 x10:0x8000bf7e  x5=0xffffffff
        2105000	       209	80000ea4	01ddd093	srli	x1,x27,0x1d	 x27:0x00000000  x1=0x00000000
        2115000	       210	80000ea8	3fad20b7	lui	x1,0x3fad2	  x1=0x3fad2000
        2125000	       211	80000eac	00912fb3	slt	x31,x2,x9	  x2:0xfffffff2  x9:0xfffffff0 x31=0x00000000
        2135000	       212	80000eb0	fc979ae3	bne	x15,x9,80000e84	 x15:0xffffffff  x9:0xfffffff0
        2145000	       213	00000000	00000013	addi	x0,x0,0	  x0:0x00000000
        2155000	       214	80000e80	00000013	addi	x0,x0,0	  x0:0x00000000
        2165000	       215	80000e84	1dbc6213	ori	x4,x24,475	 x24:0xffffffd7  x4=0xffffffdf
        2175000	       216	80000e88	006eef33	or	x30,x29,x6	 x29:0x00000348  x6:0x80009fc4 x30=0x80009fcc
        2185000	       217	80000e8c	ffb78793	addi	x15,x15,-5	 x15:0xffffffff x15=0xfffffffa
        2195000	       218	80000e90	00f12b33	slt	x22,x2,x15	  x2:0xfffffff2 x15:0xfffffffa x22=0x00000001
        2205000	       219	80000e94	01399093	slli	x1,x19,0x13	 x19:0xfffffe19  x1=0xf0c80000
        2215000	       220	80000e98	b6b98293	addi	x5,x19,-1173	 x19:0xfffffe19  x5=0xfffff984
        2225000	       221	80000e9c	349d4e93	xori	x29,x26,841	 x26:0x00000001 x29=0x00000348
        2235000	       222	80000ea0	d9356293	ori	x5,x10,-621	 x10:0x8000bf7e  x5=0xffffffff
        2245000	       223	80000ea4	01ddd093	srli	x1,x27,0x1d	 x27:0x00000000  x1=0x00000000
        2255000	       224	80000ea8	3fad20b7	lui	x1,0x3fad2	  x1=0x3fad2000
        2265000	       225	80000eac	00912fb3	slt	x31,x2,x9	  x2:0xfffffff2  x9:0xfffffff0 x31=0x00000000
        2275000	       226	80000eb0	fc979ae3	bne	x15,x9,80000e84	 x15:0xfffffffa  x9:0xfffffff0
        2285000	       227	00000000	00000013	addi	x0,x0,0	  x0:0x00000000
        2295000	       228	80000e80	00000013	addi	x0,x0,0	  x0:0x00000000
        2305000	       229	80000e84	1dbc6213	ori	x4,x24,475	 x24:0xffffffd7  x4=0xffffffdf
        2315000	       230	80000e88	006eef33	or	x30,x29,x6	 x29:0x00000348  x6:0x80009fc4 x30=0x80009fcc
        2325000	       231	80000e8c	ffb78793	addi	x15,x15,-5	 x15:0xfffffffa x15=0xfffffff5
        2335000	       232	80000e90	00f12b33	slt	x22,x2,x15	  x2:0xfffffff2 x15:0xfffffff5 x22=0x00000001
        2345000	       233	80000e94	01399093	slli	x1,x19,0x13	 x19:0xfffffe19  x1=0xf0c80000
        2355000	       234	80000e98	b6b98293	addi	x5,x19,-1173	 x19:0xfffffe19  x5=0xfffff984
        2365000	       235	80000e9c	349d4e93	xori	x29,x26,841	 x26:0x00000001 x29=0x00000348
        2375000	       236	80000ea0	d9356293	ori	x5,x10,-621	 x10:0x8000bf7e  x5=0xffffffff
        2385000	       237	80000ea4	01ddd093	srli	x1,x27,0x1d	 x27:0x00000000  x1=0x00000000
        2395000	       238	80000ea8	3fad20b7	lui	x1,0x3fad2	  x1=0x3fad2000
        2405000	       239	80000eac	00912fb3	slt	x31,x2,x9	  x2:0xfffffff2  x9:0xfffffff0 x31=0x00000000
        2415000	       240	80000eb0	fc979ae3	bne	x15,x9,80000e84	 x15:0xfffffff5  x9:0xfffffff0
        2425000	       241	00000000	00000013	addi	x0,x0,0	  x0:0x00000000
        2435000	       242	80000e80	00000013	addi	x0,x0,0	  x0:0x00000000
        2445000	       243	80000e84	1dbc6213	ori	x4,x24,475	 x24:0xffffffd7  x4=0xffffffdf
        2455000	       244	80000e88	006eef33	or	x30,x29,x6	 x29:0x00000348  x6:0x80009fc4 x30=0x80009fcc
        2465000	       245	80000e8c	ffb78793	addi	x15,x15,-5	 x15:0xfffffff5 x15=0xfffffff0
        2475000	       246	80000e90	00f12b33	slt	x22,x2,x15	  x2:0xfffffff2 x15:0xfffffff0 x22=0x00000000
        2485000	       247	80000e94	01399093	slli	x1,x19,0x13	 x19:0xfffffe19  x1=0xf0c80000
        2495000	       248	80000e98	b6b98293	addi	x5,x19,-1173	 x19:0xfffffe19  x5=0xfffff984
        2505000	       249	80000e9c	349d4e93	xori	x29,x26,841	 x26:0x00000001 x29=0x00000348
        2515000	       250	80000ea0	d9356293	ori	x5,x10,-621	 x10:0x8000bf7e  x5=0xffffffff
        2525000	       251	80000ea4	01ddd093	srli	x1,x27,0x1d	 x27:0x00000000  x1=0x00000000
        2535000	       252	80000ea8	3fad20b7	lui	x1,0x3fad2	  x1=0x3fad2000
        2545000	       253	80000eac	00912fb3	slt	x31,x2,x9	  x2:0xfffffff2  x9:0xfffffff0 x31=0x00000000
        2555000	       254	80000eb0	fc979ae3	bne	x15,x9,80000e84	 x15:0xfffffff0  x9:0xfffffff0
        2565000	       255	80000eb4	0097aab3	slt	x21,x15,x9	 x15:0xfffffff0  x9:0xfffffff0 x21=0x00000000
        2575000	       256	80000eb8	00100d93	addi	x27,x0,1	  x0:0x00000000 x27=0x00000001
        2585000	       257	80000ebc	9f9a1a97	auipc	x21,0x9f9a1	 x21=0x1f9a1eb8
        2595000	       258	80000ec0	013ff5b3	and	x11,x31,x19	 x31:0x00000000 x19:0xfffffe19 x11=0x00000000
        2605000	       259	80000ec4	01300613	addi	x12,x0,19	  x0:0x00000000 x12=0x00000013
        2615000	       260	80000ec8	87cb3a93	sltiu	x21,x22,-1924	 x22:0x00000000 x21=0x00000001
        2625000	       261	80000ecc	369a7413	andi	x8,x20,873	 x20:0x80002d6a  x8=0x00000168
        2635000	       262	80000ed0	af264213	xori	x4,x12,-1294	 x12:0x00000013  x4=0xfffffae1
        2645000	       263	80000ed4	e52c4793	xori	x15,x24,-430	 x24:0xffffffd7 x15=0x00000185
        2655000	       264	80000ed8	01ee38b3	sltu	x17,x28,x30	 x28:0x00000001 x30:0x80009fcc x17=0x00000001
        2665000	       265	80000edc	009d8d93	addi	x27,x27,9	 x27:0x00000001 x27=0x0000000a
        2675000	       266	80000ee0	ebeeb393	sltiu	x7,x29,-322	 x29:0x00000348  x7=0x00000001
        2685000	       267	80000ee4	cb2c4eb7	lui	x29,0xcb2c4	 x29=0xcb2c4000
        2695000	       268	80000ee8	fecd92e3	bne	x27,x12,80000ecc	 x27:0x0000000a x12:0x00000013
        2705000	       269	00000000	00000013	addi	x0,x0,0	  x0:0x00000000
        2715000	       270	80000ec8	00000013	addi	x0,x0,0	  x0:0x00000000
        2725000	       271	80000ecc	369a7413	andi	x8,x20,873	 x20:0x80002d6a  x8=0x00000168
        2735000	       272	80000ed0	af264213	xori	x4,x12,-1294	 x12:0x00000013  x4=0xfffffae1
        2745000	       273	80000ed4	e52c4793	xori	x15,x24,-430	 x24:0xffffffd7 x15=0x00000185
        2755000	       274	80000ed8	01ee38b3	sltu	x17,x28,x30	 x28:0x00000001 x30:0x80009fcc x17=0x00000001
        2765000	       275	80000edc	009d8d93	addi	x27,x27,9	 x27:0x0000000a x27=0x00000013
        2775000	       276	80000ee0	ebeeb393	sltiu	x7,x29,-322	 x29:0xcb2c4000  x7=0x00000001
        2785000	       277	80000ee4	cb2c4eb7	lui	x29,0xcb2c4	 x29=0xcb2c4000
        2795000	       278	80000ee8	fecd92e3	bne	x27,x12,80000ecc	 x27:0x00000013 x12:0x00000013
        2805000	       279	80000eec	00390233	add	x4,x18,x3	 x18:0x80009f7c  x3:0x00000001  x4=0x80009f7d
        2815000	       280	80000ef0	00200513	addi	x10,x0,2	  x0:0x00000000 x10=0x00000002
        2825000	       281	80000ef4	00c2dd33	srl	x26,x5,x12	  x5:0xffffffff x12:0x00000013 x26=0x00001fff
        2835000	       282	80000ef8	00000293	addi	x5,x0,0	  x0:0x00000000  x5=0x00000000
        2845000	       283	80000efc	b92c7e97	auipc	x29,0xb92c7	 x29=0x392c7ef8
        2855000	       284	80000f00	01ad6ab3	or	x21,x26,x26	 x26:0x00001fff x26:0x00001fff x21=0x00001fff
        2865000	       285	80000f04	9c79f993	andi	x19,x19,-1593	 x19:0xfffffe19 x19=0xfffff801
        2875000	       286	80000f08	00000013	addi	x0,x0,0	  x0:0x00000000
        2885000	       287	80000f0c	ffb50513	addi	x10,x10,-5	 x10:0x00000002 x10=0xfffffffd
        2895000	       288	80000f10	40a957b3	sra	x15,x18,x10	 x18:0x80009f7c x10:0xfffffffd x15=0xfffffffc
        2905000	       289	80000f14	9689f493	andi	x9,x19,-1688	 x19:0xfffff801  x9=0xfffff800
        2915000	       290	80000f18	01b7c4b3	xor	x9,x15,x27	 x15:0xfffffffc x27:0x00000013  x9=0xffffffef
        2925000	       291	80000f1c	fe5550e3	bge	x10,x5,80000efc	 x10:0xfffffffd  x5:0x00000000
        2935000	       292	80000f20	2ef7a897	auipc	x17,0x2ef7a	 x17=0xaef7af1c
        2945000	       293	80000f24	00800793	addi	x15,x0,8	  x0:0x00000000 x15=0x00000008
        2955000	       294	80000f28	6e655637	lui	x12,0x6e655	 x12=0x6e655000
        2965000	       295	80000f2c	c51b1097	auipc	x1,0xc51b1	  x1=0x451b1f28
        2975000	       296	80000f30	00f00693	addi	x13,x0,15	  x0:0x00000000 x13=0x0000000f
        2985000	       297	80000f34	1757eb13	ori	x22,x15,373	 x15:0x00000008 x22=0x0000017d
        2995000	       298	80000f38	0057afb3	slt	x31,x15,x5	 x15:0x00000008  x5:0x00000000 x31=0x00000000
        3005000	       299	80000f3c	048ab517	auipc	x10,0x48ab	 x10=0x848abf38
        3015000	       300	80000f40	01a829b3	slt	x19,x16,x26	 x16:0x80000000 x26:0x00001fff x19=0x00000001
        3025000	       301	80000f44	56447e93	andi	x29,x8,1380	  x8:0x00000168 x29=0x00000160
        3035000	       302	80000f48	0dd56893	ori	x17,x10,221	 x10:0x848abf38 x17=0x848abffd
        3045000	       303	80000f4c	013ed0b3	srl	x1,x29,x19	 x29:0x00000160 x19:0x00000001  x1=0x000000b0
        3055000	       304	80000f50	17ec2f93	slti	x31,x24,382	 x24:0xffffffd7 x31=0x00000001
        3065000	       305	80000f54	c7c62837	lui	x16,0xc7c62	 x16=0xc7c62000
        3075000	       306	80000f58	00075893	srli	x17,x14,0x0	 x14:0x80009fc4 x17=0x80009fc4
        3085000	       307	80000f5c	5b35ae93	slti	x29,x11,1459	 x11:0x00000000 x29=0x00000001
        3095000	       308	80000f60	72242a93	slti	x21,x8,1826	  x8:0x00000168 x21=0x00000001
        3105000	       309	80000f64	403ad193	srai	x3,x21,0x3	 x21:0x00000001  x3=0x00000000
        3115000	       310	80000f68	00678793	addi	x15,x15,6	 x15:0x00000008 x15=0x0000000e
        3125000	       311	80000f6c	00065fb3	srl	x31,x12,x0	 x12:0x6e655000  x0:0x00000000 x31=0x6e655000
        3135000	       312	80000f70	00277bb3	and	x23,x14,x2	 x14:0x80009fc4  x2:0xfffffff2 x23=0x80009fc0
        3145000	       313	80000f74	ff700413	addi	x8,x0,-9	  x0:0x00000000  x8=0xfffffff7
        3155000	       314	80000f78	01200d93	addi	x27,x0,18	  x0:0x00000000 x27=0x00000012
        3165000	       315	80000f7c	8bf2c593	xori	x11,x5,-1857	  x5:0x00000000 x11=0xfffff8bf
        3175000	       316	80000f80	00b10533	add	x10,x2,x11	  x2:0xfffffff2 x11:0xfffff8bf x10=0xfffff8b1
        3185000	       317	80000f84	00740413	addi	x8,x8,7	  x8:0xfffffff7  x8=0xfffffffe
        3195000	       318	80000f88	ffb46ce3	bltu	x8,x27,80000f80	  x8:0xfffffffe x27:0x00000012
        3205000	       319	80000f8c	464418b7	lui	x17,0x46441	 x17=0x46441000
        3215000	       320	80000f90	f762a593	slti	x11,x5,-138	  x5:0x00000000 x11=0x00000000
        3225000	       321	80000f94	009a3eb3	sltu	x29,x20,x9	 x20:0x80002d6a  x9:0xffffffef x29=0x00000001
        3235000	       322	80000f98	ecebc093	xori	x1,x23,-306	 x23:0x80009fc0  x1=0x7fff610e
        3245000	       323	80000f9c	fad7e2e3	bltu	x15,x13,80000f40	 x15:0x0000000e x13:0x0000000f
        3255000	       324	00000000	00000013	addi	x0,x0,0	  x0:0x00000000
        3265000	       325	80000f3c	00000013	addi	x0,x0,0	  x0:0x00000000
        3275000	       326	80000f40	01a829b3	slt	x19,x16,x26	 x16:0xc7c62000 x26:0x00001fff x19=0x00000001
        3285000	       327	80000f44	56447e93	andi	x29,x8,1380	  x8:0xfffffffe x29=0x00000564
        3295000	       328	80000f48	0dd56893	ori	x17,x10,221	 x10:0xfffff8b1 x17=0xfffff8fd
        3305000	       329	80000f4c	013ed0b3	srl	x1,x29,x19	 x29:0x00000564 x19:0x00000001  x1=0x000002b2
        3315000	       330	80000f50	17ec2f93	slti	x31,x24,382	 x24:0xffffffd7 x31=0x00000001
        3325000	       331	80000f54	c7c62837	lui	x16,0xc7c62	 x16=0xc7c62000
        3335000	       332	80000f58	00075893	srli	x17,x14,0x0	 x14:0x80009fc4 x17=0x80009fc4
        3345000	       333	80000f5c	5b35ae93	slti	x29,x11,1459	 x11:0x00000000 x29=0x00000001
        3355000	       334	80000f60	72242a93	slti	x21,x8,1826	  x8:0xfffffffe x21=0x00000001
        3365000	       335	80000f64	403ad193	srai	x3,x21,0x3	 x21:0x00000001  x3=0x00000000
        3375000	       336	80000f68	00678793	addi	x15,x15,6	 x15:0x0000000e x15=0x00000014
        3385000	       337	80000f6c	00065fb3	srl	x31,x12,x0	 x12:0x6e655000  x0:0x00000000 x31=0x6e655000
        3395000	       338	80000f70	00277bb3	and	x23,x14,x2	 x14:0x80009fc4  x2:0xfffffff2 x23=0x80009fc0
        3405000	       339	80000f74	ff700413	addi	x8,x0,-9	  x0:0x00000000  x8=0xfffffff7
        3415000	       340	80000f78	01200d93	addi	x27,x0,18	  x0:0x00000000 x27=0x00000012
        3425000	       341	80000f7c	8bf2c593	xori	x11,x5,-1857	  x5:0x00000000 x11=0xfffff8bf
        3435000	       342	80000f80	00b10533	add	x10,x2,x11	  x2:0xfffffff2 x11:0xfffff8bf x10=0xfffff8b1
        3445000	       343	80000f84	00740413	addi	x8,x8,7	  x8:0xfffffff7  x8=0xfffffffe
        3455000	       344	80000f88	ffb46ce3	bltu	x8,x27,80000f80	  x8:0xfffffffe x27:0x00000012
        3465000	       345	80000f8c	464418b7	lui	x17,0x46441	 x17=0x46441000
        3475000	       346	80000f90	f762a593	slti	x11,x5,-138	  x5:0x00000000 x11=0x00000000
        3485000	       347	80000f94	009a3eb3	sltu	x29,x20,x9	 x20:0x80002d6a  x9:0xffffffef x29=0x00000001
        3495000	       348	80000f98	ecebc093	xori	x1,x23,-306	 x23:0x80009fc0  x1=0x7fff610e
        3505000	       349	80000f9c	fad7e2e3	bltu	x15,x13,80000f40	 x15:0x00000014 x13:0x0000000f
        3515000	       350	80000fa0	018971b3	and	x3,x18,x24	 x18:0x80009f7c x24:0xffffffd7  x3=0x80009f54
        3525000	       351	80000fa4	ffd00a93	addi	x21,x0,-3	  x0:0x00000000 x21=0xfffffffd
        3535000	       352	80000fa8	016a0eb3	add	x29,x20,x22	 x20:0x80002d6a x22:0x0000017d x29=0x80002ee7
        3545000	       353	80000fac	013e1313	slli	x6,x28,0x13	 x28:0x00000001  x6=0x00080000
        3555000	       354	80000fb0	22ca6eb7	lui	x29,0x22ca6	 x29=0x22ca6000
        3565000	       355	80000fb4	00f46bb3	or	x23,x8,x15	  x8:0xfffffffe x15:0x00000014 x23=0xfffffffe
        3575000	       356	80000fb8	40a901b3	sub	x3,x18,x10	 x18:0x80009f7c x10:0xfffff8b1  x3=0x8000a6cb
        3585000	       357	80000fbc	018f69b3	or	x19,x30,x24	 x30:0x80009fcc x24:0xffffffd7 x19=0xffffffdf
        3595000	       358	80000fc0	01c3c133	xor	x2,x7,x28	  x7:0x00000001 x28:0x00000001  x2=0x00000000
        3605000	       359	80000fc4	409c0a33	sub	x20,x24,x9	 x24:0xffffffd7  x9:0xffffffef x20=0xffffffe8
        3615000	       360	80000fc8	d081fe13	andi	x28,x3,-760	  x3:0x8000a6cb x28=0x8000a408
        3625000	       361	80000fcc	00bf48b3	xor	x17,x30,x11	 x30:0x80009fcc x11:0x00000000 x17=0x80009fcc
        3635000	       362	80000fd0	a111d7b7	lui	x15,0xa111d	 x15=0xa111d000
        3645000	       363	80000fd4	00200813	addi	x16,x0,2	  x0:0x00000000 x16=0x00000002
        3655000	       364	80000fd8	8164fa13	andi	x20,x9,-2026	  x9:0xffffffef x20=0xfffff806
        3665000	       365	80000fdc	01dfdf13	srli	x30,x31,0x1d	 x31:0x6e655000 x30=0x00000003
        3675000	       366	80000fe0	fdf92513	slti	x10,x18,-33	 x18:0x80009f7c x10=0x00000001
        3685000	       367	80000fe4	249406b7	lui	x13,0x24940	 x13=0x24940000
        3695000	       368	80000fe8	e13d4113	xori	x2,x26,-493	 x26:0x00001fff  x2=0xffffe1ec
        3705000	       369	80000fec	004a8a93	addi	x21,x21,4	 x21:0xfffffffd x21=0x00000001
        3715000	       370	80000ff0	00899193	slli	x3,x19,0x8	 x19:0xffffffdf  x3=0xffffdf00
        3725000	       371	80000ff4	2942a893	slti	x17,x5,660	  x5:0x00000000 x17=0x00000001
        3735000	       372	80000ff8	01743633	sltu	x12,x8,x23	  x8:0xfffffffe x23:0xfffffffe x12=0x00000000
        3745000	       373	80000ffc	ff0ae4e3	bltu	x21,x16,80000fe4	 x21:0x00000001 x16:0x00000002
        3755000	       374	00000000	00000013	addi	x0,x0,0	  x0:0x00000000
        3765000	       375	80000fe0	00000013	addi	x0,x0,0	  x0:0x00000000
        3775000	       376	80000fe4	249406b7	lui	x13,0x24940	 x13=0x24940000
        3785000	       377	80000fe8	e13d4113	xori	x2,x26,-493	 x26:0x00001fff  x2=0xffffe1ec
        3795000	       378	80000fec	004a8a93	addi	x21,x21,4	 x21:0x00000001 x21=0x00000005
        3805000	       379	80000ff0	00899193	slli	x3,x19,0x8	 x19:0xffffffdf  x3=0xffffdf00
        3815000	       380	80000ff4	2942a893	slti	x17,x5,660	  x5:0x00000000 x17=0x00000001
        3825000	       381	80000ff8	01743633	sltu	x12,x8,x23	  x8:0xfffffffe x23:0xfffffffe x12=0x00000000
        3835000	       382	80000ffc	ff0ae4e3	bltu	x21,x16,80000fe4	 x21:0x00000005 x16:0x00000002
        3845000	       383	80001000	002bef33	or	x30,x23,x2	 x23:0xfffffffe  x2:0xffffe1ec x30=0xfffffffe
        3855000	       384	80001004	06727863	bgeu	x4,x7,80001074	  x4:0x80009f7d  x7:0x00000001
        3865000	       385	00000000	00000013	addi	x0,x0,0	  x0:0x00000000
        3875000	       386	80001070	00000013	addi	x0,x0,0	  x0:0x00000000
        3885000	       387	80001074	01f1c5b3	xor	x11,x3,x31	  x3:0xffffdf00 x31:0x6e655000 x11=0x919a8f00
        3895000	       388	80001078	7f374113	xori	x2,x14,2035	 x14:0x80009fc4  x2=0x80009837
        3905000	       389	8000107c	415f01b3	sub	x3,x30,x21	 x30:0xfffffffe x21:0x00000005  x3=0xfffffff9
        3915000	       390	80001080	512a9b37	lui	x22,0x512a9	 x22=0x512a9000
        3925000	       391	80001084	0074c8b3	xor	x17,x9,x7	  x9:0xffffffef  x7:0x00000001 x17=0xffffffee
        3935000	       392	80001088	01209a93	slli	x21,x1,0x12	  x1:0x7fff610e x21=0x84380000
        3945000	       393	8000108c	3a8c0393	addi	x7,x24,936	 x24:0xffffffd7  x7=0x0000037f
        3955000	       394	80001090	40318c33	sub	x24,x3,x3	  x3:0xfffffff9  x3:0xfffffff9 x24=0x00000000
        3965000	       395	80001094	44503f93	sltiu	x31,x0,1093	  x0:0x00000000 x31=0x00000001
        3975000	       396	80001098	007321b3	slt	x3,x6,x7	  x6:0x00080000  x7:0x0000037f  x3=0x00000000
        3985000	       397	8000109c	01e87c33	and	x24,x16,x30	 x16:0x00000002 x30:0xfffffffe x24=0x00000002
        3995000	       398	800010a0	0036be33	sltu	x28,x13,x3	 x13:0x24940000  x3:0x00000000 x28=0x00000000
        4005000	       399	800010a4	01fd96b3	sll	x13,x27,x31	 x27:0x00000012 x31:0x00000001 x13=0x00000024
        4015000	       400	800010a8	0048ce33	xor	x28,x17,x4	 x17:0xffffffee  x4:0x80009f7d x28=0x7fff6093
        4025000	       401	800010ac	00000013	addi	x0,x0,0	  x0:0x00000000
        4035000	       402	800010b0	41035033	sra	x0,x6,x16	  x6:0x00080000 x16:0x00000002
        4045000	       403	800010b4	059a4463	blt	x20,x25,800010fc	 x20:0xfffff806 x25:0x00000000
        4055000	       404	00000000	00000013	addi	x0,x0,0	  x0:0x00000000
        4065000	       405	800010f8	00000013	addi	x0,x0,0	  x0:0x00000000
        4075000	       406	800010fc	03906063	bltu	x0,x25,8000111c	  x0:0x00000000 x25:0x00000000
        4085000	       407	80001100	01944b33	xor	x22,x8,x25	  x8:0xfffffffe x25:0x00000000 x22=0xfffffffe
        4095000	       408	80001104	33e47e17	auipc	x28,0x33e47	 x28=0xb3e48100
        4105000	       409	80001108	37b52793	slti	x15,x10,891	 x10:0x00000001 x15=0x00000001
        4115000	       410	8000110c	d95eb113	sltiu	x2,x29,-619	 x29:0x22ca6000  x2=0x00000001
        4125000	       411	80001110	03ba8c63	beq	x21,x27,80001148	 x21:0x84380000 x27:0x00000012
        4135000	       412	80001114	417604b3	sub	x9,x12,x23	 x12:0x00000000 x23:0xfffffffe  x9=0x00000002
        4145000	       413	80001118	0b20aa13	slti	x20,x1,178	  x1:0x7fff610e x20=0x00000000
        4155000	       414	8000111c	5b550993	addi	x19,x10,1461	 x10:0x00000001 x19=0x000005b6
        4165000	       415	80001120	62ea7393	andi	x7,x20,1582	 x20:0x00000000  x7=0x00000000
        4175000	       416	80001124	0117d6b3	srl	x13,x15,x17	 x15:0x00000001 x17:0xffffffee x13=0x00000000
        4185000	       417	80001128	01605fb3	srl	x31,x0,x22	  x0:0x00000000 x22:0xfffffffe x31=0x00000000
        4195000	       418	8000112c	007786b3	add	x13,x15,x7	 x15:0x00000001  x7:0x00000000 x13=0x00000001
        4205000	       419	80001130	00af11b3	sll	x3,x30,x10	 x30:0xfffffffe x10:0x00000001  x3=0xfffffffc
        4215000	       420	80001134	0192c3b3	xor	x7,x5,x25	  x5:0x00000000 x25:0x00000000  x7=0x00000000
        4225000	       421	80001138	4120d293	srai	x5,x1,0x12	  x1:0x7fff610e  x5=0x00001fff
        4235000	       422	8000113c	04968663	beq	x13,x9,80001188	 x13:0x00000001  x9:0x00000002
        4245000	       423	80001140	4ff17213	andi	x4,x2,1279	  x2:0x00000001  x4=0x00000001
        4255000	       424	80001144	0185f4b3	and	x9,x11,x24	 x11:0x919a8f00 x24:0x00000002  x9=0x00000000
        4265000	       425	80001148	e0704a93	xori	x21,x0,-505	  x0:0x00000000 x21=0xfffffe07
        4275000	       426	8000114c	fed63017	auipc	x0,0xfed63	
        4285000	       427	80001150	29066517	auipc	x10,0x29066	 x10=0xa906714c
        4295000	       428	80001154	0042e463	bltu	x5,x4,8000115c	  x5:0x00001fff  x4:0x00000001
        4305000	       429	80001158	02fd1a63	bne	x26,x15,8000118c	 x26:0x00001fff x15:0x00000001
        4315000	       430	00000000	00000013	addi	x0,x0,0	  x0:0x00000000
        4325000	       431	80001188	00000013	addi	x0,x0,0	  x0:0x00000000
        4335000	       432	8000118c	04c31263	bne	x6,x12,800011d0	  x6:0x00080000 x12:0x00000000
        4345000	       433	00000000	00000013	addi	x0,x0,0	  x0:0x00000000
        4355000	       434	800011cc	00000013	addi	x0,x0,0	  x0:0x00000000
        4365000	       435	800011d0	004f0833	add	x16,x30,x4	 x30:0xfffffffe  x4:0x00000001 x16=0xffffffff
        4375000	       436	800011d4	73780213	addi	x4,x16,1847	 x16:0xffffffff  x4=0x00000736
        4385000	       437	800011d8	036a5863	bge	x20,x22,80001208	 x20:0x00000000 x22:0xfffffffe
        4395000	       438	00000000	00000013	addi	x0,x0,0	  x0:0x00000000
        4405000	       439	80001204	00000013	addi	x0,x0,0	  x0:0x00000000
        4415000	       440	80001208	00991093	slli	x1,x18,0x9	 x18:0x80009f7c  x1=0x013ef800
        4425000	       441	8000120c	0035d993	srli	x19,x11,0x3	 x11:0x919a8f00 x19=0x123351e0
        4435000	       442	80001210	030b5063	bge	x22,x16,80001230	 x22:0xfffffffe x16:0xffffffff
        4445000	       443	80001214	0007b1b3	sltu	x3,x15,x0	 x15:0x00000001  x0:0x00000000  x3=0x00000000
        4455000	       444	80001218	f44ebb93	sltiu	x23,x29,-188	 x29:0x22ca6000 x23=0x00000001
        4465000	       445	8000121c	01a58fb3	add	x31,x11,x26	 x11:0x919a8f00 x26:0x00001fff x31=0x919aaeff
        4475000	       446	80001220	415683b3	sub	x7,x13,x21	 x13:0x00000001 x21:0xfffffe07  x7=0x000001fa
        4485000	       447	80001224	003ea4b3	slt	x9,x29,x3	 x29:0x22ca6000  x3:0x00000000  x9=0x00000000
        4495000	       448	80001228	5ca80a13	addi	x20,x16,1482	 x16:0xffffffff x20=0x000005c9
        4505000	       449	8000122c	01d4a3b3	slt	x7,x9,x29	  x9:0x00000000 x29:0x22ca6000  x7=0x00000001
        4515000	       450	80001230	018ce863	bltu	x25,x24,80001240	 x25:0x00000000 x24:0x00000002
        4525000	       451	00000000	00000013	addi	x0,x0,0	  x0:0x00000000
        4535000	       452	8000123c	00000013	addi	x0,x0,0	  x0:0x00000000
        4545000	       453	80001240	91007793	andi	x15,x0,-1776	  x0:0x00000000 x15=0x00000000
        4555000	       454	80001244	01132a33	slt	x20,x6,x17	  x6:0x00080000 x17:0xffffffee x20=0x00000000
        4565000	       455	80001248	01325ab3	srl	x21,x4,x19	  x4:0x00000736 x19:0x123351e0 x21=0x00000736
        4575000	       456	8000124c	00000013	addi	x0,x0,0	  x0:0x00000000
        4585000	       457	80001250	00efcf33	xor	x30,x31,x14	 x31:0x919aaeff x14:0x80009fc4 x30=0x119a313b
        4595000	       458	80001254	40b054b3	sra	x9,x0,x11	  x0:0x00000000 x11:0x919a8f00  x9=0x00000000
        4605000	       459	80001258	01c07db3	and	x27,x0,x28	  x0:0x00000000 x28:0xb3e48100 x27=0x00000000
        4615000	       460	8000125c	014d9463	bne	x27,x20,80001264	 x27:0x00000000 x20:0x00000000
        4625000	       461	80001260	00000013	addi	x0,x0,0	  x0:0x00000000
        4635000	       462	80001264	00d3f4b3	and	x9,x7,x13	  x7:0x00000001 x13:0x00000001  x9=0x00000001
        4645000	       463	80001268	05bcf263	bgeu	x25,x27,800012ac	 x25:0x00000000 x27:0x00000000
        4655000	       464	00000000	00000013	addi	x0,x0,0	  x0:0x00000000
        4665000	       465	800012a8	00000013	addi	x0,x0,0	  x0:0x00000000
        4675000	       466	800012ac	cd0e6193	ori	x3,x28,-816	 x28:0xb3e48100  x3=0xfffffdd0
        4685000	       467	800012b0	000d5113	srli	x2,x26,0x0	 x26:0x00001fff  x2=0x00001fff
        4695000	       468	800012b4	002a80b3	add	x1,x21,x2	 x21:0x00000736  x2:0x00001fff  x1=0x00002735
        4705000	       469	800012b8	0109dd13	srli	x26,x19,0x10	 x19:0x123351e0 x26=0x00001233
        4715000	       470	800012bc	00155413	srli	x8,x10,0x1	 x10:0xa906714c  x8=0x548338a6
        4725000	       471	800012c0	41615833	sra	x16,x2,x22	  x2:0x00001fff x22:0xfffffffe x16=0x00000000
        4735000	       472	800012c4	04a61663	bne	x12,x10,80001310	 x12:0x00000000 x10:0xa906714c
        4745000	       473	00000000	00000013	addi	x0,x0,0	  x0:0x00000000
        4755000	       474	8000130c	00000013	addi	x0,x0,0	  x0:0x00000000
        4765000	       475	80001310	e1485a37	lui	x20,0xe1485	 x20=0xe1485000
        4775000	       476	80001314	013c35b3	sltu	x11,x24,x19	 x24:0x00000002 x19:0x123351e0 x11=0x00000001
        4785000	       477	80001318	011ad893	srli	x17,x21,0x11	 x21:0x00000736 x17=0x00000000
        4795000	       478	8000131c	638a1437	lui	x8,0x638a1	  x8=0x638a1000
        4805000	       479	80001320	03a21a63	bne	x4,x26,80001354	  x4:0x00000736 x26:0x00001233
        4815000	       480	00000000	00000013	addi	x0,x0,0	  x0:0x00000000
        4825000	       481	80001350	00000013	addi	x0,x0,0	  x0:0x00000000
        4835000	       482	80001354	00432633	slt	x12,x6,x4	  x6:0x00080000  x4:0x00000736 x12=0x00000000
        4845000	       483	80001358	00a46863	bltu	x8,x10,80001368	  x8:0x638a1000 x10:0xa906714c
        4855000	       484	00000000	00000013	addi	x0,x0,0	  x0:0x00000000
        4865000	       485	80001364	00000013	addi	x0,x0,0	  x0:0x00000000
        4875000	       486	80001368	0169ea63	bltu	x19,x22,8000137c	 x19:0x123351e0 x22:0xfffffffe
        4885000	       487	00000000	00000013	addi	x0,x0,0	  x0:0x00000000
        4895000	       488	80001378	00000013	addi	x0,x0,0	  x0:0x00000000
        4905000	       489	8000137c	40395613	srai	x12,x18,0x3	 x18:0x80009f7c x12=0xf00013ef
        4915000	       490	80001380	01649a93	slli	x21,x9,0x16	  x9:0x00000001 x21=0x00400000
        4925000	       491	80001384	01c00233	add	x4,x0,x28	  x0:0x00000000 x28:0xb3e48100  x4=0xb3e48100
        4935000	       492	80001388	05276263	bltu	x14,x18,800013cc	 x14:0x80009fc4 x18:0x80009f7c
        4945000	       493	8000138c	03767663	bgeu	x12,x23,800013b8	 x12:0xf00013ef x23:0x00000001
        4955000	       494	00000000	00000013	addi	x0,x0,0	  x0:0x00000000
        4965000	       495	800013b4	00000013	addi	x0,x0,0	  x0:0x00000000
        4975000	       496	800013b8	18bdf493	andi	x9,x27,395	 x27:0x00000000  x9=0x00000000
        4985000	       497	800013bc	01162533	slt	x10,x12,x17	 x12:0xf00013ef x17:0x00000000 x10=0x00000001
        4995000	       498	800013c0	047ce463	bltu	x25,x7,80001408	 x25:0x00000000  x7:0x00000001
        5005000	       499	00000000	00000013	addi	x0,x0,0	  x0:0x00000000
        5015000	       500	80001404	00000013	addi	x0,x0,0	  x0:0x00000000
        5025000	       501	80001408	5607e993	ori	x19,x15,1376	 x15:0x00000000 x19=0x00000560
        5035000	       502	8000140c	05a89663	bne	x17,x26,80001458	 x17:0x00000000 x26:0x00001233
        5045000	       503	00000000	00000013	addi	x0,x0,0	  x0:0x00000000
        5055000	       504	80001454	00000013	addi	x0,x0,0	  x0:0x00000000
        5065000	       505	80001458	00959793	slli	x15,x11,0x9	 x11:0x00000001 x15=0x00000200
        5075000	       506	8000145c	0a9d8e93	addi	x29,x27,169	 x27:0x00000000 x29=0x000000a9
        5085000	       507	80001460	41b00fb3	sub	x31,x0,x27	  x0:0x00000000 x27:0x00000000 x31=0x00000000
        5095000	       508	80001464	da6a9f37	lui	x30,0xda6a9	 x30=0xda6a9000
        5105000	       509	80001468	01a65463	bge	x12,x26,80001470	 x12:0xf00013ef x26:0x00001233
        5115000	       510	8000146c	05877063	bgeu	x14,x24,800014ac	 x14:0x80009fc4 x24:0x00000002
        5125000	       511	00000000	00000013	addi	x0,x0,0	  x0:0x00000000
        5135000	       512	800014a8	00000013	addi	x0,x0,0	  x0:0x00000000
        5145000	       513	800014ac	01f3d293	srli	x5,x7,0x1f	  x7:0x00000001  x5=0x00000000
        5155000	       514	800014b0	000e5833	srl	x16,x28,x0	 x28:0xb3e48100  x0:0x00000000 x16=0xb3e48100
        5165000	       515	800014b4	94dd4613	xori	x12,x26,-1715	 x26:0x00001233 x12=0xffffeb7e
        5175000	       516	800014b8	1e3e0493	addi	x9,x28,483	 x28:0xb3e48100  x9=0xb3e482e3
        5185000	       517	800014bc	41658233	sub	x4,x11,x22	 x11:0x00000001 x22:0xfffffffe  x4=0x00000003
        5195000	       518	800014c0	b8713697	auipc	x13,0xb8713	 x13=0x387144bc
        5205000	       519	800014c4	00e4a1b3	slt	x3,x9,x14	  x9:0xb3e482e3 x14:0x80009fc4  x3=0x00000000
        5215000	       520	800014c8	04d76263	bltu	x14,x13,8000150c	 x14:0x80009fc4 x13:0x387144bc
        5225000	       521	800014cc	70ad4993	xori	x19,x26,1802	 x26:0x00001233 x19=0x00001539
        5235000	       522	800014d0	00809033	sll	x0,x1,x8	  x1:0x00002735  x8:0x638a1000
        5245000	       523	800014d4	c9392613	slti	x12,x18,-877	 x18:0x80009f7c x12=0x00000001
        5255000	       524	800014d8	01631133	sll	x2,x6,x22	  x6:0x00080000 x22:0xfffffffe  x2=0x00000000
        5265000	       525	800014dc	ee670b13	addi	x22,x14,-282	 x14:0x80009fc4 x22=0x80009eaa
        5275000	       526	800014e0	7cb7b293	sltiu	x5,x15,1995	 x15:0x00000200  x5=0x00000001
        5285000	       527	800014e4	01f5e2b3	or	x5,x11,x31	 x11:0x00000001 x31:0x00000000  x5=0x00000001
        5295000	       528	800014e8	25804993	xori	x19,x0,600	  x0:0x00000000 x19=0x00000258
        5305000	       529	800014ec	00000013	addi	x0,x0,0	  x0:0x00000000
        5315000	       530	800014f0	00e40463	beq	x8,x14,800014f8	  x8:0x638a1000 x14:0x80009fc4
        5325000	       531	800014f4	01234133	xor	x2,x6,x18	  x6:0x00080000 x18:0x80009f7c  x2=0x80089f7c
        5335000	       532	800014f8	056b4663	blt	x22,x22,80001544	 x22:0x80009eaa x22:0x80009eaa
        5345000	       533	800014fc	009c2433	slt	x8,x24,x9	 x24:0x00000002  x9:0xb3e482e3  x8=0x00000000
        5355000	       534	80001500	b74b6013	ori	x0,x22,-1164	 x22:0x80009eaa
        5365000	       535	80001504	79117f93	andi	x31,x2,1937	  x2:0x80089f7c x31=0x00000710
        5375000	       536	80001508	01dace33	xor	x28,x21,x29	 x21:0x00400000 x29:0x000000a9 x28=0x004000a9
        5385000	       537	8000150c	01add293	srli	x5,x27,0x1a	 x27:0x00000000  x5=0x00000000
        5395000	       538	80001510	413a8bb3	sub	x23,x21,x19	 x21:0x00400000 x19:0x00000258 x23=0x003ffda8
        5405000	       539	80001514	00000013	addi	x0,x0,0	  x0:0x00000000
        5415000	       540	80001518	03408263	beq	x1,x20,8000153c	  x1:0x00002735 x20:0xe1485000
        5425000	       541	8000151c	59e92c13	slti	x24,x18,1438	 x18:0x80009f7c x24=0x00000001
        5435000	       542	80001520	0162e4b3	or	x9,x5,x22	  x5:0x00000000 x22:0x80009eaa  x9=0x80009eaa
        5445000	       543	80001524	01729a63	bne	x5,x23,80001538	  x5:0x00000000 x23:0x003ffda8
        5455000	       544	00000000	00000013	addi	x0,x0,0	  x0:0x00000000
        5465000	       545	80001534	00000013	addi	x0,x0,0	  x0:0x00000000
        5475000	       546	80001538	41b50333	sub	x6,x10,x27	 x10:0x00000001 x27:0x00000000  x6=0x00000001
        5485000	       547	8000153c	00138f33	add	x30,x7,x1	  x7:0x00000001  x1:0x00002735 x30=0x00002736
        5495000	       548	80001540	002d1e93	slli	x29,x26,0x2	 x26:0x00001233 x29=0x000048cc
        5505000	       549	80001544	03bd4a63	blt	x26,x27,80001578	 x26:0x00001233 x27:0x00000000
        5515000	       550	80001548	15800b13	addi	x22,x0,344	  x0:0x00000000 x22=0x00000158
        5525000	       551	8000154c	00d74633	xor	x12,x14,x13	 x14:0x80009fc4 x13:0x387144bc x12=0xb871db78
        5535000	       552	80001550	e1dd0093	addi	x1,x26,-483	 x26:0x00001233  x1=0x00001050
        5545000	       553	80001554	e42dff17	auipc	x30,0xe42df	 x30=0x642e0550
        5555000	       554	80001558	00000013	addi	x0,x0,0	  x0:0x00000000
        5565000	       555	8000155c	d4c97a13	andi	x20,x18,-692	 x18:0x80009f7c x20=0x80009d4c
        5575000	       556	80001560	0163b033	sltu	x0,x7,x22	  x7:0x00000001 x22:0x00000158
        5585000	       557	80001564	40eb5d13	srai	x26,x22,0xe	 x22:0x00000158 x26=0x00000000
        5595000	       558	80001568	7bda8693	addi	x13,x21,1981	 x21:0x00400000 x13=0x004007bd
        5605000	       559	8000156c	027ad263	bge	x21,x7,80001590	 x21:0x00400000  x7:0x00000001
        5615000	       560	00000000	00000013	addi	x0,x0,0	  x0:0x00000000
        5625000	       561	8000158c	00000013	addi	x0,x0,0	  x0:0x00000000
        5635000	       562	80001590	00715593	srli	x11,x2,0x7	  x2:0x80089f7c x11=0x0100113e
        5645000	       563	80001594	0e943037	lui	x0,0xe943	
        5655000	       564	80001598	00d8c1b3	xor	x3,x17,x13	 x17:0x00000000 x13:0x004007bd  x3=0x004007bd
        5665000	       565	8000159c	413009b3	sub	x19,x0,x19	  x0:0x00000000 x19:0x00000258 x19=0xfffffda8
        5675000	       566	800015a0	00492303	lw	x6,4(x18)	 x18:0x80009f7c  x6=0x80000144 PA:0x80009f80
        5685000	       567	800015a4	73fa2413	slti	x8,x20,1855	 x20:0x80009d4c  x8=0x00000001
        5695000	       568	800015a8	00890913	addi	x18,x18,8	 x18:0x80009f7c x18=0x80009f84
        5705000	       569	800015ac	4160da93	srai	x21,x1,0x16	  x1:0x00001050 x21=0x00000000
        5715000	       570	800015b0	5fd84813	xori	x16,x16,1533	 x16:0xb3e48100 x16=0xb3e484fd
        5725000	       571	800015b4	41cdd213	srai	x4,x27,0x1c	 x27:0x00000000  x4=0x00000000
        5735000	       572	800015b8	00130213	addi	x4,x6,1	  x6:0x80000144  x4=0x80000145
        5745000	       573	800015bc	00020267	jalr	x4,x4,0	  x4:0x80000145  x4=0x800015bc
        5755000	       574	00000000	00000013	addi	x0,x0,0	  x0:0x00000000
        5765000	       575	80000144	00000013	addi	x0,x0,0	  x0:0x00000000
        5775000	       576	80000148	ff600613	addi	x12,x0,-10	  x0:0x00000000 x12=0xfffffff6
        5785000	       577	8000014c	0173c333	xor	x6,x7,x23	  x7:0x00000001 x23:0x003ffda8  x6=0x003ffda9
        5795000	       578	80000150	01200e93	addi	x29,x0,18	  x0:0x00000000 x29=0x00000012
        5805000	       579	80000154	8ad8d797	auipc	x15,0x8ad8d	 x15=0x0ad8d150
        5815000	       580	80000158	402085b3	sub	x11,x1,x2	  x1:0x00001050  x2:0x80089f7c x11=0x7ff770d4
        5825000	       581	8000015c	1ee98213	addi	x4,x19,494	 x19:0xfffffda8  x4=0xffffff96
        5835000	       582	80000160	5a5aca13	xori	x20,x21,1445	 x21:0x00000000 x20=0x000005a5
        5845000	       583	80000164	00a60613	addi	x12,x12,10	 x12:0xfffffff6 x12=0x00000000
        5855000	       584	80000168	01dafa33	and	x20,x21,x29	 x21:0x00000000 x29:0x00000012 x20=0x00000000
        5865000	       585	8000016c	001efdb3	and	x27,x29,x1	 x29:0x00000012  x1:0x00001050 x27=0x00000010
        5875000	       586	80000170	40ace037	lui	x0,0x40ace	
        5885000	       587	80000174	01ceb3b3	sltu	x7,x29,x28	 x29:0x00000012 x28:0x004000a9  x7=0x00000001
        5895000	       588	80000178	ffe00693	addi	x13,x0,-2	  x0:0x00000000 x13=0xfffffffe
        5905000	       589	8000017c	013f63b3	or	x7,x30,x19	 x30:0x642e0550 x19:0xfffffda8  x7=0xfffffdf8
        5915000	       590	80000180	016fb533	sltu	x10,x31,x22	 x31:0x00000710 x22:0x00000158 x10=0x00000000
        5925000	       591	80000184	00000013	addi	x0,x0,0	  x0:0x00000000
        5935000	       592	80000188	017a6393	ori	x7,x20,23	 x20:0x00000000  x7=0x00000017
        5945000	       593	8000018c	b52f9b37	lui	x22,0xb52f9	 x22=0xb52f9000
        5955000	       594	80000190	01fc2db3	slt	x27,x24,x31	 x24:0x00000001 x31:0x00000710 x27=0x00000001
        5965000	       595	80000194	00700093	addi	x1,x0,7	  x0:0x00000000  x1=0x00000007
        5975000	       596	80000198	5fcc8e13	addi	x28,x25,1532	 x25:0x00000000 x28=0x000005fc
        5985000	       597	8000019c	015b2433	slt	x8,x22,x21	 x22:0xb52f9000 x21:0x00000000  x8=0x00000001
        5995000	       598	800001a0	00968693	addi	x13,x13,9	 x13:0xfffffffe x13=0x00000007
        6005000	       599	800001a4	fe169ae3	bne	x13,x1,80000198	 x13:0x00000007  x1:0x00000007
        6015000	       600	800001a8	00208ab3	add	x21,x1,x2	  x1:0x00000007  x2:0x80089f7c x21=0x80089f83
        6025000	       601	800001ac	40e8df33	sra	x30,x17,x14	 x17:0x00000000 x14:0x80009fc4 x30=0x00000000
        6035000	       602	800001b0	002174b3	and	x9,x2,x2	  x2:0x80089f7c  x2:0x80089f7c  x9=0x80089f7c
        6045000	       603	800001b4	01a1a5b3	slt	x11,x3,x26	  x3:0x004007bd x26:0x00000000 x11=0x00000000
        6055000	       604	800001b8	41efdfb3	sra	x31,x31,x30	 x31:0x00000710 x30:0x00000000 x31=0x00000710
        6065000	       605	800001bc	d24457b7	lui	x15,0xd2445	 x15=0xd2445000
        6075000	       606	800001c0	84855f17	auipc	x30,0x84855	 x30=0x048551bc
        6085000	       607	800001c4	df21ff13	andi	x30,x3,-526	  x3:0x004007bd x30=0x004005b0
        6095000	       608	800001c8	f9d646e3	blt	x12,x29,80000154	 x12:0x00000000 x29:0x00000012
        6105000	       609	00000000	00000013	addi	x0,x0,0	  x0:0x00000000
        6115000	       610	80000150	00000013	addi	x0,x0,0	  x0:0x00000000
        6125000	       611	80000154	8ad8d797	auipc	x15,0x8ad8d	 x15=0x0ad8d150
        6135000	       612	80000158	402085b3	sub	x11,x1,x2	  x1:0x00000007  x2:0x80089f7c x11=0x7ff7608b
        6145000	       613	8000015c	1ee98213	addi	x4,x19,494	 x19:0xfffffda8  x4=0xffffff96
        6155000	       614	80000160	5a5aca13	xori	x20,x21,1445	 x21:0x80089f83 x20=0x80089a26
        6165000	       615	80000164	00a60613	addi	x12,x12,10	 x12:0x00000000 x12=0x0000000a
        6175000	       616	80000168	01dafa33	and	x20,x21,x29	 x21:0x80089f83 x29:0x00000012 x20=0x00000002
        6185000	       617	8000016c	001efdb3	and	x27,x29,x1	 x29:0x00000012  x1:0x00000007 x27=0x00000002
        6195000	       618	80000170	40ace037	lui	x0,0x40ace	
        6205000	       619	80000174	01ceb3b3	sltu	x7,x29,x28	 x29:0x00000012 x28:0x000005fc  x7=0x00000001
        6215000	       620	80000178	ffe00693	addi	x13,x0,-2	  x0:0x00000000 x13=0xfffffffe
        6225000	       621	8000017c	013f63b3	or	x7,x30,x19	 x30:0x004005b0 x19:0xfffffda8  x7=0xfffffdb8
        6235000	       622	80000180	016fb533	sltu	x10,x31,x22	 x31:0x00000710 x22:0xb52f9000 x10=0x00000001
        6245000	       623	80000184	00000013	addi	x0,x0,0	  x0:0x00000000
        6255000	       624	80000188	017a6393	ori	x7,x20,23	 x20:0x00000002  x7=0x00000017
        6265000	       625	8000018c	b52f9b37	lui	x22,0xb52f9	 x22=0xb52f9000
        6275000	       626	80000190	01fc2db3	slt	x27,x24,x31	 x24:0x00000001 x31:0x00000710 x27=0x00000001
        6285000	       627	80000194	00700093	addi	x1,x0,7	  x0:0x00000000  x1=0x00000007
        6295000	       628	80000198	5fcc8e13	addi	x28,x25,1532	 x25:0x00000000 x28=0x000005fc
        6305000	       629	8000019c	015b2433	slt	x8,x22,x21	 x22:0xb52f9000 x21:0x80089f83  x8=0x00000000
        6315000	       630	800001a0	00968693	addi	x13,x13,9	 x13:0xfffffffe x13=0x00000007
        6325000	       631	800001a4	fe169ae3	bne	x13,x1,80000198	 x13:0x00000007  x1:0x00000007
        6335000	       632	800001a8	00208ab3	add	x21,x1,x2	  x1:0x00000007  x2:0x80089f7c x21=0x80089f83
        6345000	       633	800001ac	40e8df33	sra	x30,x17,x14	 x17:0x00000000 x14:0x80009fc4 x30=0x00000000
        6355000	       634	800001b0	002174b3	and	x9,x2,x2	  x2:0x80089f7c  x2:0x80089f7c  x9=0x80089f7c
        6365000	       635	800001b4	01a1a5b3	slt	x11,x3,x26	  x3:0x004007bd x26:0x00000000 x11=0x00000000
        6375000	       636	800001b8	41efdfb3	sra	x31,x31,x30	 x31:0x00000710 x30:0x00000000 x31=0x00000710
        6385000	       637	800001bc	d24457b7	lui	x15,0xd2445	 x15=0xd2445000
        6395000	       638	800001c0	84855f17	auipc	x30,0x84855	 x30=0x048551bc
        6405000	       639	800001c4	df21ff13	andi	x30,x3,-526	  x3:0x004007bd x30=0x004005b0
        6415000	       640	800001c8	f9d646e3	blt	x12,x29,80000154	 x12:0x0000000a x29:0x00000012
        6425000	       641	00000000	00000013	addi	x0,x0,0	  x0:0x00000000
        6435000	       642	80000150	00000013	addi	x0,x0,0	  x0:0x00000000
        6445000	       643	80000154	8ad8d797	auipc	x15,0x8ad8d	 x15=0x0ad8d150
        6455000	       644	80000158	402085b3	sub	x11,x1,x2	  x1:0x00000007  x2:0x80089f7c x11=0x7ff7608b
        6465000	       645	8000015c	1ee98213	addi	x4,x19,494	 x19:0xfffffda8  x4=0xffffff96
        6475000	       646	80000160	5a5aca13	xori	x20,x21,1445	 x21:0x80089f83 x20=0x80089a26
        6485000	       647	80000164	00a60613	addi	x12,x12,10	 x12:0x0000000a x12=0x00000014
        6495000	       648	80000168	01dafa33	and	x20,x21,x29	 x21:0x80089f83 x29:0x00000012 x20=0x00000002
        6505000	       649	8000016c	001efdb3	and	x27,x29,x1	 x29:0x00000012  x1:0x00000007 x27=0x00000002
        6515000	       650	80000170	40ace037	lui	x0,0x40ace	
        6525000	       651	80000174	01ceb3b3	sltu	x7,x29,x28	 x29:0x00000012 x28:0x000005fc  x7=0x00000001
        6535000	       652	80000178	ffe00693	addi	x13,x0,-2	  x0:0x00000000 x13=0xfffffffe
        6545000	       653	8000017c	013f63b3	or	x7,x30,x19	 x30:0x004005b0 x19:0xfffffda8  x7=0xfffffdb8
        6555000	       654	80000180	016fb533	sltu	x10,x31,x22	 x31:0x00000710 x22:0xb52f9000 x10=0x00000001
        6565000	       655	80000184	00000013	addi	x0,x0,0	  x0:0x00000000
        6575000	       656	80000188	017a6393	ori	x7,x20,23	 x20:0x00000002  x7=0x00000017
        6585000	       657	8000018c	b52f9b37	lui	x22,0xb52f9	 x22=0xb52f9000
        6595000	       658	80000190	01fc2db3	slt	x27,x24,x31	 x24:0x00000001 x31:0x00000710 x27=0x00000001
        6605000	       659	80000194	00700093	addi	x1,x0,7	  x0:0x00000000  x1=0x00000007
        6615000	       660	80000198	5fcc8e13	addi	x28,x25,1532	 x25:0x00000000 x28=0x000005fc
        6625000	       661	8000019c	015b2433	slt	x8,x22,x21	 x22:0xb52f9000 x21:0x80089f83  x8=0x00000000
        6635000	       662	800001a0	00968693	addi	x13,x13,9	 x13:0xfffffffe x13=0x00000007
        6645000	       663	800001a4	fe169ae3	bne	x13,x1,80000198	 x13:0x00000007  x1:0x00000007
        6655000	       664	800001a8	00208ab3	add	x21,x1,x2	  x1:0x00000007  x2:0x80089f7c x21=0x80089f83
        6665000	       665	800001ac	40e8df33	sra	x30,x17,x14	 x17:0x00000000 x14:0x80009fc4 x30=0x00000000
        6675000	       666	800001b0	002174b3	and	x9,x2,x2	  x2:0x80089f7c  x2:0x80089f7c  x9=0x80089f7c
        6685000	       667	800001b4	01a1a5b3	slt	x11,x3,x26	  x3:0x004007bd x26:0x00000000 x11=0x00000000
        6695000	       668	800001b8	41efdfb3	sra	x31,x31,x30	 x31:0x00000710 x30:0x00000000 x31=0x00000710
        6705000	       669	800001bc	d24457b7	lui	x15,0xd2445	 x15=0xd2445000
        6715000	       670	800001c0	84855f17	auipc	x30,0x84855	 x30=0x048551bc
        6725000	       671	800001c4	df21ff13	andi	x30,x3,-526	  x3:0x004007bd x30=0x004005b0
        6735000	       672	800001c8	f9d646e3	blt	x12,x29,80000154	 x12:0x00000014 x29:0x00000012
        6745000	       673	800001cc	89dc4117	auipc	x2,0x89dc4	  x2=0x09dc41c8
        6755000	       674	800001d0	00500613	addi	x12,x0,5	  x0:0x00000000 x12=0x00000005
        6765000	       675	800001d4	8094d137	lui	x2,0x8094d	  x2=0x8094d000
        6775000	       676	800001d8	00b31f13	slli	x30,x6,0xb	  x6:0x003ffda9 x30=0xffed4800
        6785000	       677	800001dc	01d2e433	or	x8,x5,x29	  x5:0x00000000 x29:0x00000012  x8=0x00000012
        6795000	       678	800001e0	011c4ab3	xor	x21,x24,x17	 x24:0x00000001 x17:0x00000000 x21=0x00000001
        6805000	       679	800001e4	001431b3	sltu	x3,x8,x1	  x8:0x00000012  x1:0x00000007  x3=0x00000000
        6815000	       680	800001e8	411c5593	srai	x11,x24,0x11	 x24:0x00000001 x11=0x00000000
        6825000	       681	800001ec	ecfc7493	andi	x9,x24,-305	 x24:0x00000001  x9=0x00000001
        6835000	       682	800001f0	41af8133	sub	x2,x31,x26	 x31:0x00000710 x26:0x00000000  x2=0x00000710
        6845000	       683	800001f4	001146b3	xor	x13,x2,x1	  x2:0x00000710  x1:0x00000007 x13=0x00000717
        6855000	       684	800001f8	ffb00d93	addi	x27,x0,-5	  x0:0x00000000 x27=0xfffffffb
        6865000	       685	800001fc	00b81293	slli	x5,x16,0xb	 x16:0xb3e484fd  x5=0x2427e800
        6875000	       686	80000200	0174d893	srli	x17,x9,0x17	  x9:0x00000001 x17=0x00000000
        6885000	       687	80000204	40538f33	sub	x30,x7,x5	  x7:0x00000017  x5:0x2427e800 x30=0xdbd81817
        6895000	       688	80000208	430bee13	ori	x28,x23,1072	 x23:0x003ffda8 x28=0x003ffdb8
        6905000	       689	8000020c	ffb60613	addi	x12,x12,-5	 x12:0x00000005 x12=0x00000000
        6915000	       690	80000210	bf34b793	sltiu	x15,x9,-1037	  x9:0x00000001 x15=0x00000001
        6925000	       691	80000214	01159a13	slli	x20,x11,0x11	 x11:0x00000000 x20=0x00000000
        6935000	       692	80000218	41e2d9b3	sra	x19,x5,x30	  x5:0x2427e800 x30:0xdbd81817 x19=0x00000048
        6945000	       693	8000021c	002150b3	srl	x1,x2,x2	  x2:0x00000710  x2:0x00000710  x1=0x00000000
        6955000	       694	80000220	9237fa93	andi	x21,x15,-1757	 x15:0x00000001 x21=0x00000001
        6965000	       695	80000224	ffb652e3	bge	x12,x27,80000208	 x12:0x00000000 x27:0xfffffffb
        6975000	       696	00000000	00000013	addi	x0,x0,0	  x0:0x00000000
        6985000	       697	80000204	00000013	addi	x0,x0,0	  x0:0x00000000
        6995000	       698	80000208	430bee13	ori	x28,x23,1072	 x23:0x003ffda8 x28=0x003ffdb8
        7005000	       699	8000020c	ffb60613	addi	x12,x12,-5	 x12:0x00000000 x12=0xfffffffb
        7015000	       700	80000210	bf34b793	sltiu	x15,x9,-1037	  x9:0x00000001 x15=0x00000001
        7025000	       701	80000214	01159a13	slli	x20,x11,0x11	 x11:0x00000000 x20=0x00000000
        7035000	       702	80000218	41e2d9b3	sra	x19,x5,x30	  x5:0x2427e800 x30:0xdbd81817 x19=0x00000048
        7045000	       703	8000021c	002150b3	srl	x1,x2,x2	  x2:0x00000710  x2:0x00000710  x1=0x00000000
        7055000	       704	80000220	9237fa93	andi	x21,x15,-1757	 x15:0x00000001 x21=0x00000001
        7065000	       705	80000224	ffb652e3	bge	x12,x27,80000208	 x12:0xfffffffb x27:0xfffffffb
        7075000	       706	00000000	00000013	addi	x0,x0,0	  x0:0x00000000
        7085000	       707	80000204	00000013	addi	x0,x0,0	  x0:0x00000000
        7095000	       708	80000208	430bee13	ori	x28,x23,1072	 x23:0x003ffda8 x28=0x003ffdb8
        7105000	       709	8000020c	ffb60613	addi	x12,x12,-5	 x12:0xfffffffb x12=0xfffffff6
        7115000	       710	80000210	bf34b793	sltiu	x15,x9,-1037	  x9:0x00000001 x15=0x00000001
        7125000	       711	80000214	01159a13	slli	x20,x11,0x11	 x11:0x00000000 x20=0x00000000
        7135000	       712	80000218	41e2d9b3	sra	x19,x5,x30	  x5:0x2427e800 x30:0xdbd81817 x19=0x00000048
        7145000	       713	8000021c	002150b3	srl	x1,x2,x2	  x2:0x00000710  x2:0x00000710  x1=0x00000000
        7155000	       714	80000220	9237fa93	andi	x21,x15,-1757	 x15:0x00000001 x21=0x00000001
        7165000	       715	80000224	ffb652e3	bge	x12,x27,80000208	 x12:0xfffffff6 x27:0xfffffffb
        7175000	       716	80000228	62af0b93	addi	x23,x30,1578	 x30:0xdbd81817 x23=0xdbd81e41
        7185000	       717	8000022c	ff700993	addi	x19,x0,-9	  x0:0x00000000 x19=0xfffffff7
        7195000	       718	80000230	ff300e93	addi	x29,x0,-13	  x0:0x00000000 x29=0xfffffff3
        7205000	       719	80000234	002dc533	xor	x10,x27,x2	 x27:0xfffffffb  x2:0x00000710 x10=0xfffff8eb
        7215000	       720	80000238	6586ab17	auipc	x22,0x6586a	 x22=0xe586a234
        7225000	       721	8000023c	00ddf5b3	and	x11,x27,x13	 x27:0xfffffffb x13:0x00000717 x11=0x00000713
        7235000	       722	80000240	f378e6b7	lui	x13,0xf378e	 x13=0xf378e000
        7245000	       723	80000244	ffb98993	addi	x19,x19,-5	 x19:0xfffffff7 x19=0xfffffff2
        7255000	       724	80000248	00800f13	addi	x30,x0,8	  x0:0x00000000 x30=0x00000008
        7265000	       725	8000024c	00300313	addi	x6,x0,3	  x0:0x00000000  x6=0x00000003
        7275000	       726	80000250	000d78b3	and	x17,x26,x0	 x26:0x00000000  x0:0x00000000 x17=0x00000000
        7285000	       727	80000254	7be60813	addi	x16,x12,1982	 x12:0xfffffff6 x16=0x000007b4
        7295000	       728	80000258	ffff0f13	addi	x30,x30,-1	 x30:0x00000008 x30=0x00000007
        7305000	       729	8000025c	0081abb3	slt	x23,x3,x8	  x3:0x00000000  x8:0x00000012 x23=0x00000001
        7315000	       730	80000260	fe6f1ae3	bne	x30,x6,80000254	 x30:0x00000007  x6:0x00000003
        7325000	       731	00000000	00000013	addi	x0,x0,0	  x0:0x00000000
        7335000	       732	80000250	00000013	addi	x0,x0,0	  x0:0x00000000
        7345000	       733	80000254	7be60813	addi	x16,x12,1982	 x12:0xfffffff6 x16=0x000007b4
        7355000	       734	80000258	ffff0f13	addi	x30,x30,-1	 x30:0x00000007 x30=0x00000006
        7365000	       735	8000025c	0081abb3	slt	x23,x3,x8	  x3:0x00000000  x8:0x00000012 x23=0x00000001
        7375000	       736	80000260	fe6f1ae3	bne	x30,x6,80000254	 x30:0x00000006  x6:0x00000003
        7385000	       737	00000000	00000013	addi	x0,x0,0	  x0:0x00000000
        7395000	       738	80000250	00000013	addi	x0,x0,0	  x0:0x00000000
        7405000	       739	80000254	7be60813	addi	x16,x12,1982	 x12:0xfffffff6 x16=0x000007b4
        7415000	       740	80000258	ffff0f13	addi	x30,x30,-1	 x30:0x00000006 x30=0x00000005
        7425000	       741	8000025c	0081abb3	slt	x23,x3,x8	  x3:0x00000000  x8:0x00000012 x23=0x00000001
        7435000	       742	80000260	fe6f1ae3	bne	x30,x6,80000254	 x30:0x00000005  x6:0x00000003
        7445000	       743	00000000	00000013	addi	x0,x0,0	  x0:0x00000000
        7455000	       744	80000250	00000013	addi	x0,x0,0	  x0:0x00000000
        7465000	       745	80000254	7be60813	addi	x16,x12,1982	 x12:0xfffffff6 x16=0x000007b4
        7475000	       746	80000258	ffff0f13	addi	x30,x30,-1	 x30:0x00000005 x30=0x00000004
        7485000	       747	8000025c	0081abb3	slt	x23,x3,x8	  x3:0x00000000  x8:0x00000012 x23=0x00000001
        7495000	       748	80000260	fe6f1ae3	bne	x30,x6,80000254	 x30:0x00000004  x6:0x00000003
        7505000	       749	00000000	00000013	addi	x0,x0,0	  x0:0x00000000
        7515000	       750	80000250	00000013	addi	x0,x0,0	  x0:0x00000000
        7525000	       751	80000254	7be60813	addi	x16,x12,1982	 x12:0xfffffff6 x16=0x000007b4
        7535000	       752	80000258	ffff0f13	addi	x30,x30,-1	 x30:0x00000004 x30=0x00000003
        7545000	       753	8000025c	0081abb3	slt	x23,x3,x8	  x3:0x00000000  x8:0x00000012 x23=0x00000001
        7555000	       754	80000260	fe6f1ae3	bne	x30,x6,80000254	 x30:0x00000003  x6:0x00000003
        7565000	       755	80000264	00fadd13	srli	x26,x21,0xf	 x21:0x00000001 x26=0x00000000
        7575000	       756	80000268	fdd9d6e3	bge	x19,x29,80000234	 x19:0xfffffff2 x29:0xfffffff3
        7585000	       757	8000026c	00000013	addi	x0,x0,0	  x0:0x00000000
        7595000	       758	80000270	ff600513	addi	x10,x0,-10	  x0:0x00000000 x10=0xfffffff6
        7605000	       759	80000274	3dbb2f13	slti	x30,x22,987	 x22:0xe586a234 x30=0x00000001
        7615000	       760	80000278	00100393	addi	x7,x0,1	  x0:0x00000000  x7=0x00000001
        7625000	       761	8000027c	00084433	xor	x8,x16,x0	 x16:0x000007b4  x0:0x00000000  x8=0x000007b4
        7635000	       762	80000280	00150513	addi	x10,x10,1	 x10:0xfffffff6 x10=0xfffffff7
        7645000	       763	80000284	00c37db3	and	x27,x6,x12	  x6:0x00000003 x12:0xfffffff6 x27=0x00000002
        7655000	       764	80000288	001990b3	sll	x1,x19,x1	 x19:0xfffffff2  x1:0x00000000  x1=0xfffffff2
        7665000	       765	8000028c	00700c13	addi	x24,x0,7	  x0:0x00000000 x24=0x00000007
        7675000	       766	80000290	00700993	addi	x19,x0,7	  x0:0x00000000 x19=0x00000007
        7685000	       767	80000294	f3c83a13	sltiu	x20,x16,-196	 x16:0x000007b4 x20=0x00000001
        7695000	       768	80000298	5158cb13	xori	x22,x17,1301	 x17:0x00000000 x22=0x00000515
        7705000	       769	8000029c	e6b52a93	slti	x21,x10,-405	 x10:0xfffffff7 x21=0x00000000
        7715000	       770	800002a0	ffac0c13	addi	x24,x24,-6	 x24:0x00000007 x24=0x00000001
        7725000	       771	800002a4	ff3c7ae3	bgeu	x24,x19,80000298	 x24:0x00000001 x19:0x00000007
        7735000	       772	800002a8	fc754ae3	blt	x10,x7,8000027c	 x10:0xfffffff7  x7:0x00000001
        7745000	       773	00000000	00000013	addi	x0,x0,0	  x0:0x00000000
        7755000	       774	80000278	00000013	addi	x0,x0,0	  x0:0x00000000
        7765000	       775	8000027c	00084433	xor	x8,x16,x0	 x16:0x000007b4  x0:0x00000000  x8=0x000007b4
        7775000	       776	80000280	00150513	addi	x10,x10,1	 x10:0xfffffff7 x10=0xfffffff8
        7785000	       777	80000284	00c37db3	and	x27,x6,x12	  x6:0x00000003 x12:0xfffffff6 x27=0x00000002
        7795000	       778	80000288	001990b3	sll	x1,x19,x1	 x19:0x00000007  x1:0xfffffff2  x1=0x001c0000
        7805000	       779	8000028c	00700c13	addi	x24,x0,7	  x0:0x00000000 x24=0x00000007
        7815000	       780	80000290	00700993	addi	x19,x0,7	  x0:0x00000000 x19=0x00000007
        7825000	       781	80000294	f3c83a13	sltiu	x20,x16,-196	 x16:0x000007b4 x20=0x00000001
        7835000	       782	80000298	5158cb13	xori	x22,x17,1301	 x17:0x00000000 x22=0x00000515
        7845000	       783	8000029c	e6b52a93	slti	x21,x10,-405	 x10:0xfffffff8 x21=0x00000000
        7855000	       784	800002a0	ffac0c13	addi	x24,x24,-6	 x24:0x00000007 x24=0x00000001
        7865000	       785	800002a4	ff3c7ae3	bgeu	x24,x19,80000298	 x24:0x00000001 x19:0x00000007
        7875000	       786	800002a8	fc754ae3	blt	x10,x7,8000027c	 x10:0xfffffff8  x7:0x00000001
        7885000	       787	00000000	00000013	addi	x0,x0,0	  x0:0x00000000
        7895000	       788	80000278	00000013	addi	x0,x0,0	  x0:0x00000000
        7905000	       789	8000027c	00084433	xor	x8,x16,x0	 x16:0x000007b4  x0:0x00000000  x8=0x000007b4
        7915000	       790	80000280	00150513	addi	x10,x10,1	 x10:0xfffffff8 x10=0xfffffff9
        7925000	       791	80000284	00c37db3	and	x27,x6,x12	  x6:0x00000003 x12:0xfffffff6 x27=0x00000002
        7935000	       792	80000288	001990b3	sll	x1,x19,x1	 x19:0x00000007  x1:0x001c0000  x1=0x00000007
        7945000	       793	8000028c	00700c13	addi	x24,x0,7	  x0:0x00000000 x24=0x00000007
        7955000	       794	80000290	00700993	addi	x19,x0,7	  x0:0x00000000 x19=0x00000007
        7965000	       795	80000294	f3c83a13	sltiu	x20,x16,-196	 x16:0x000007b4 x20=0x00000001
        7975000	       796	80000298	5158cb13	xori	x22,x17,1301	 x17:0x00000000 x22=0x00000515
        7985000	       797	8000029c	e6b52a93	slti	x21,x10,-405	 x10:0xfffffff9 x21=0x00000000
        7995000	       798	800002a0	ffac0c13	addi	x24,x24,-6	 x24:0x00000007 x24=0x00000001
        8005000	       799	800002a4	ff3c7ae3	bgeu	x24,x19,80000298	 x24:0x00000001 x19:0x00000007
        8015000	       800	800002a8	fc754ae3	blt	x10,x7,8000027c	 x10:0xfffffff9  x7:0x00000001
        8025000	       801	00000000	00000013	addi	x0,x0,0	  x0:0x00000000
        8035000	       802	80000278	00000013	addi	x0,x0,0	  x0:0x00000000
        8045000	       803	8000027c	00084433	xor	x8,x16,x0	 x16:0x000007b4  x0:0x00000000  x8=0x000007b4
        8055000	       804	80000280	00150513	addi	x10,x10,1	 x10:0xfffffff9 x10=0xfffffffa
        8065000	       805	80000284	00c37db3	and	x27,x6,x12	  x6:0x00000003 x12:0xfffffff6 x27=0x00000002
        8075000	       806	80000288	001990b3	sll	x1,x19,x1	 x19:0x00000007  x1:0x00000007  x1=0x00000380
        8085000	       807	8000028c	00700c13	addi	x24,x0,7	  x0:0x00000000 x24=0x00000007
        8095000	       808	80000290	00700993	addi	x19,x0,7	  x0:0x00000000 x19=0x00000007
        8105000	       809	80000294	f3c83a13	sltiu	x20,x16,-196	 x16:0x000007b4 x20=0x00000001
        8115000	       810	80000298	5158cb13	xori	x22,x17,1301	 x17:0x00000000 x22=0x00000515
        8125000	       811	8000029c	e6b52a93	slti	x21,x10,-405	 x10:0xfffffffa x21=0x00000000
        8135000	       812	800002a0	ffac0c13	addi	x24,x24,-6	 x24:0x00000007 x24=0x00000001
        8145000	       813	800002a4	ff3c7ae3	bgeu	x24,x19,80000298	 x24:0x00000001 x19:0x00000007
        8155000	       814	800002a8	fc754ae3	blt	x10,x7,8000027c	 x10:0xfffffffa  x7:0x00000001
        8165000	       815	00000000	00000013	addi	x0,x0,0	  x0:0x00000000
        8175000	       816	80000278	00000013	addi	x0,x0,0	  x0:0x00000000
        8185000	       817	8000027c	00084433	xor	x8,x16,x0	 x16:0x000007b4  x0:0x00000000  x8=0x000007b4
        8195000	       818	80000280	00150513	addi	x10,x10,1	 x10:0xfffffffa x10=0xfffffffb
        8205000	       819	80000284	00c37db3	and	x27,x6,x12	  x6:0x00000003 x12:0xfffffff6 x27=0x00000002
        8215000	       820	80000288	001990b3	sll	x1,x19,x1	 x19:0x00000007  x1:0x00000380  x1=0x00000007
        8225000	       821	8000028c	00700c13	addi	x24,x0,7	  x0:0x00000000 x24=0x00000007
        8235000	       822	80000290	00700993	addi	x19,x0,7	  x0:0x00000000 x19=0x00000007
        8245000	       823	80000294	f3c83a13	sltiu	x20,x16,-196	 x16:0x000007b4 x20=0x00000001
        8255000	       824	80000298	5158cb13	xori	x22,x17,1301	 x17:0x00000000 x22=0x00000515
        8265000	       825	8000029c	e6b52a93	slti	x21,x10,-405	 x10:0xfffffffb x21=0x00000000
        8275000	       826	800002a0	ffac0c13	addi	x24,x24,-6	 x24:0x00000007 x24=0x00000001
        8285000	       827	800002a4	ff3c7ae3	bgeu	x24,x19,80000298	 x24:0x00000001 x19:0x00000007
        8295000	       828	800002a8	fc754ae3	blt	x10,x7,8000027c	 x10:0xfffffffb  x7:0x00000001
        8305000	       829	00000000	00000013	addi	x0,x0,0	  x0:0x00000000
        8315000	       830	80000278	00000013	addi	x0,x0,0	  x0:0x00000000
        8325000	       831	8000027c	00084433	xor	x8,x16,x0	 x16:0x000007b4  x0:0x00000000  x8=0x000007b4
        8335000	       832	80000280	00150513	addi	x10,x10,1	 x10:0xfffffffb x10=0xfffffffc
        8345000	       833	80000284	00c37db3	and	x27,x6,x12	  x6:0x00000003 x12:0xfffffff6 x27=0x00000002
        8355000	       834	80000288	001990b3	sll	x1,x19,x1	 x19:0x00000007  x1:0x00000007  x1=0x00000380
        8365000	       835	8000028c	00700c13	addi	x24,x0,7	  x0:0x00000000 x24=0x00000007
        8375000	       836	80000290	00700993	addi	x19,x0,7	  x0:0x00000000 x19=0x00000007
        8385000	       837	80000294	f3c83a13	sltiu	x20,x16,-196	 x16:0x000007b4 x20=0x00000001
        8395000	       838	80000298	5158cb13	xori	x22,x17,1301	 x17:0x00000000 x22=0x00000515
        8405000	       839	8000029c	e6b52a93	slti	x21,x10,-405	 x10:0xfffffffc x21=0x00000000
        8415000	       840	800002a0	ffac0c13	addi	x24,x24,-6	 x24:0x00000007 x24=0x00000001
        8425000	       841	800002a4	ff3c7ae3	bgeu	x24,x19,80000298	 x24:0x00000001 x19:0x00000007
        8435000	       842	800002a8	fc754ae3	blt	x10,x7,8000027c	 x10:0xfffffffc  x7:0x00000001
        8445000	       843	00000000	00000013	addi	x0,x0,0	  x0:0x00000000
        8455000	       844	80000278	00000013	addi	x0,x0,0	  x0:0x00000000
        8465000	       845	8000027c	00084433	xor	x8,x16,x0	 x16:0x000007b4  x0:0x00000000  x8=0x000007b4
        8475000	       846	80000280	00150513	addi	x10,x10,1	 x10:0xfffffffc x10=0xfffffffd
        8485000	       847	80000284	00c37db3	and	x27,x6,x12	  x6:0x00000003 x12:0xfffffff6 x27=0x00000002
        8495000	       848	80000288	001990b3	sll	x1,x19,x1	 x19:0x00000007  x1:0x00000380  x1=0x00000007
        8505000	       849	8000028c	00700c13	addi	x24,x0,7	  x0:0x00000000 x24=0x00000007
        8515000	       850	80000290	00700993	addi	x19,x0,7	  x0:0x00000000 x19=0x00000007
        8525000	       851	80000294	f3c83a13	sltiu	x20,x16,-196	 x16:0x000007b4 x20=0x00000001
        8535000	       852	80000298	5158cb13	xori	x22,x17,1301	 x17:0x00000000 x22=0x00000515
        8545000	       853	8000029c	e6b52a93	slti	x21,x10,-405	 x10:0xfffffffd x21=0x00000000
        8555000	       854	800002a0	ffac0c13	addi	x24,x24,-6	 x24:0x00000007 x24=0x00000001
        8565000	       855	800002a4	ff3c7ae3	bgeu	x24,x19,80000298	 x24:0x00000001 x19:0x00000007
        8575000	       856	800002a8	fc754ae3	blt	x10,x7,8000027c	 x10:0xfffffffd  x7:0x00000001
        8585000	       857	00000000	00000013	addi	x0,x0,0	  x0:0x00000000
        8595000	       858	80000278	00000013	addi	x0,x0,0	  x0:0x00000000
        8605000	       859	8000027c	00084433	xor	x8,x16,x0	 x16:0x000007b4  x0:0x00000000  x8=0x000007b4
        8615000	       860	80000280	00150513	addi	x10,x10,1	 x10:0xfffffffd x10=0xfffffffe
        8625000	       861	80000284	00c37db3	and	x27,x6,x12	  x6:0x00000003 x12:0xfffffff6 x27=0x00000002
        8635000	       862	80000288	001990b3	sll	x1,x19,x1	 x19:0x00000007  x1:0x00000007  x1=0x00000380
        8645000	       863	8000028c	00700c13	addi	x24,x0,7	  x0:0x00000000 x24=0x00000007
        8655000	       864	80000290	00700993	addi	x19,x0,7	  x0:0x00000000 x19=0x00000007
        8665000	       865	80000294	f3c83a13	sltiu	x20,x16,-196	 x16:0x000007b4 x20=0x00000001
        8675000	       866	80000298	5158cb13	xori	x22,x17,1301	 x17:0x00000000 x22=0x00000515
        8685000	       867	8000029c	e6b52a93	slti	x21,x10,-405	 x10:0xfffffffe x21=0x00000000
        8695000	       868	800002a0	ffac0c13	addi	x24,x24,-6	 x24:0x00000007 x24=0x00000001
        8705000	       869	800002a4	ff3c7ae3	bgeu	x24,x19,80000298	 x24:0x00000001 x19:0x00000007
        8715000	       870	800002a8	fc754ae3	blt	x10,x7,8000027c	 x10:0xfffffffe  x7:0x00000001
        8725000	       871	00000000	00000013	addi	x0,x0,0	  x0:0x00000000
        8735000	       872	80000278	00000013	addi	x0,x0,0	  x0:0x00000000
        8745000	       873	8000027c	00084433	xor	x8,x16,x0	 x16:0x000007b4  x0:0x00000000  x8=0x000007b4
        8755000	       874	80000280	00150513	addi	x10,x10,1	 x10:0xfffffffe x10=0xffffffff
        8765000	       875	80000284	00c37db3	and	x27,x6,x12	  x6:0x00000003 x12:0xfffffff6 x27=0x00000002
        8775000	       876	80000288	001990b3	sll	x1,x19,x1	 x19:0x00000007  x1:0x00000380  x1=0x00000007
        8785000	       877	8000028c	00700c13	addi	x24,x0,7	  x0:0x00000000 x24=0x00000007
        8795000	       878	80000290	00700993	addi	x19,x0,7	  x0:0x00000000 x19=0x00000007
        8805000	       879	80000294	f3c83a13	sltiu	x20,x16,-196	 x16:0x000007b4 x20=0x00000001
        8815000	       880	80000298	5158cb13	xori	x22,x17,1301	 x17:0x00000000 x22=0x00000515
        8825000	       881	8000029c	e6b52a93	slti	x21,x10,-405	 x10:0xffffffff x21=0x00000000
        8835000	       882	800002a0	ffac0c13	addi	x24,x24,-6	 x24:0x00000007 x24=0x00000001
        8845000	       883	800002a4	ff3c7ae3	bgeu	x24,x19,80000298	 x24:0x00000001 x19:0x00000007
        8855000	       884	800002a8	fc754ae3	blt	x10,x7,8000027c	 x10:0xffffffff  x7:0x00000001
        8865000	       885	00000000	00000013	addi	x0,x0,0	  x0:0x00000000
        8875000	       886	80000278	00000013	addi	x0,x0,0	  x0:0x00000000
        8885000	       887	8000027c	00084433	xor	x8,x16,x0	 x16:0x000007b4  x0:0x00000000  x8=0x000007b4
        8895000	       888	80000280	00150513	addi	x10,x10,1	 x10:0xffffffff x10=0x00000000
        8905000	       889	80000284	00c37db3	and	x27,x6,x12	  x6:0x00000003 x12:0xfffffff6 x27=0x00000002
        8915000	       890	80000288	001990b3	sll	x1,x19,x1	 x19:0x00000007  x1:0x00000007  x1=0x00000380
        8925000	       891	8000028c	00700c13	addi	x24,x0,7	  x0:0x00000000 x24=0x00000007
        8935000	       892	80000290	00700993	addi	x19,x0,7	  x0:0x00000000 x19=0x00000007
        8945000	       893	80000294	f3c83a13	sltiu	x20,x16,-196	 x16:0x000007b4 x20=0x00000001
        8955000	       894	80000298	5158cb13	xori	x22,x17,1301	 x17:0x00000000 x22=0x00000515
        8965000	       895	8000029c	e6b52a93	slti	x21,x10,-405	 x10:0x00000000 x21=0x00000000
        8975000	       896	800002a0	ffac0c13	addi	x24,x24,-6	 x24:0x00000007 x24=0x00000001
        8985000	       897	800002a4	ff3c7ae3	bgeu	x24,x19,80000298	 x24:0x00000001 x19:0x00000007
        8995000	       898	800002a8	fc754ae3	blt	x10,x7,8000027c	 x10:0x00000000  x7:0x00000001
        9005000	       899	00000000	00000013	addi	x0,x0,0	  x0:0x00000000
        9015000	       900	80000278	00000013	addi	x0,x0,0	  x0:0x00000000
        9025000	       901	8000027c	00084433	xor	x8,x16,x0	 x16:0x000007b4  x0:0x00000000  x8=0x000007b4
        9035000	       902	80000280	00150513	addi	x10,x10,1	 x10:0x00000000 x10=0x00000001
        9045000	       903	80000284	00c37db3	and	x27,x6,x12	  x6:0x00000003 x12:0xfffffff6 x27=0x00000002
        9055000	       904	80000288	001990b3	sll	x1,x19,x1	 x19:0x00000007  x1:0x00000380  x1=0x00000007
        9065000	       905	8000028c	00700c13	addi	x24,x0,7	  x0:0x00000000 x24=0x00000007
        9075000	       906	80000290	00700993	addi	x19,x0,7	  x0:0x00000000 x19=0x00000007
        9085000	       907	80000294	f3c83a13	sltiu	x20,x16,-196	 x16:0x000007b4 x20=0x00000001
        9095000	       908	80000298	5158cb13	xori	x22,x17,1301	 x17:0x00000000 x22=0x00000515
        9105000	       909	8000029c	e6b52a93	slti	x21,x10,-405	 x10:0x00000001 x21=0x00000000
        9115000	       910	800002a0	ffac0c13	addi	x24,x24,-6	 x24:0x00000007 x24=0x00000001
        9125000	       911	800002a4	ff3c7ae3	bgeu	x24,x19,80000298	 x24:0x00000001 x19:0x00000007
        9135000	       912	800002a8	fc754ae3	blt	x10,x7,8000027c	 x10:0x00000001  x7:0x00000001
        9145000	       913	800002ac	5a28ce13	xori	x28,x17,1442	 x17:0x00000000 x28=0x000005a2
        9155000	       914	800002b0	00a00313	addi	x6,x0,10	  x0:0x00000000  x6=0x0000000a
        9165000	       915	800002b4	00600293	addi	x5,x0,6	  x0:0x00000000  x5=0x00000006
        9175000	       916	800002b8	7c2047b7	lui	x15,0x7c204	 x15=0x7c204000
        9185000	       917	800002bc	ffb30313	addi	x6,x6,-5	  x6:0x0000000a  x6=0x00000005
        9195000	       918	800002c0	fe537ce3	bgeu	x6,x5,800002b8	  x6:0x00000005  x5:0x00000006
        9205000	       919	800002c4	8c206d93	ori	x27,x0,-1854	  x0:0x00000000 x27=0xfffff8c2
        9215000	       920	800002c8	00800893	addi	x17,x0,8	  x0:0x00000000 x17=0x00000008
        9225000	       921	800002cc	fea47f17	auipc	x30,0xfea47	 x30=0x7ea472c8
        9235000	       922	800002d0	339ba193	slti	x3,x23,825	 x23:0x00000001  x3=0x00000001
        9245000	       923	800002d4	00dadd13	srli	x26,x21,0xd	 x21:0x00000000 x26=0x00000000
        9255000	       924	800002d8	411581b3	sub	x3,x11,x17	 x11:0x00000713 x17:0x00000008  x3=0x0000070b
        9265000	       925	800002dc	00400793	addi	x15,x0,4	  x0:0x00000000 x15=0x00000004
        9275000	       926	800002e0	41245493	srai	x9,x8,0x12	  x8:0x000007b4  x9=0x00000000
        9285000	       927	800002e4	9f8f0e93	addi	x29,x30,-1544	 x30:0x7ea472c8 x29=0x7ea46cc0
        9295000	       928	800002e8	ff0c1597	auipc	x11,0xff0c1	 x11=0x7f0c12e4
        9305000	       929	800002ec	ffd88893	addi	x17,x17,-3	 x17:0x00000008 x17=0x00000005
        9315000	       930	800002f0	00a00113	addi	x2,x0,10	  x0:0x00000000  x2=0x0000000a
        9325000	       931	800002f4	ff500b13	addi	x22,x0,-11	  x0:0x00000000 x22=0xfffffff5
        9335000	       932	800002f8	009c9293	slli	x5,x25,0x9	 x25:0x00000000  x5=0x00000000
        9345000	       933	800002fc	016f7ab3	and	x21,x30,x22	 x30:0x7ea472c8 x22:0xfffffff5 x21=0x7ea472c0
        9355000	       934	80000300	ff910113	addi	x2,x2,-7	  x2:0x0000000a  x2=0x00000003
        9365000	       935	80000304	01965833	srl	x16,x12,x25	 x12:0xfffffff6 x25:0x00000000 x16=0xfffffff6
        9375000	       936	80000308	ff611ae3	bne	x2,x22,800002fc	  x2:0x00000003 x22:0xfffffff5
        9385000	       937	00000000	00000013	addi	x0,x0,0	  x0:0x00000000
        9395000	       938	800002f8	00000013	addi	x0,x0,0	  x0:0x00000000
        9405000	       939	800002fc	016f7ab3	and	x21,x30,x22	 x30:0x7ea472c8 x22:0xfffffff5 x21=0x7ea472c0
        9415000	       940	80000300	ff910113	addi	x2,x2,-7	  x2:0x00000003  x2=0xfffffffc
        9425000	       941	80000304	01965833	srl	x16,x12,x25	 x12:0xfffffff6 x25:0x00000000 x16=0xfffffff6
        9435000	       942	80000308	ff611ae3	bne	x2,x22,800002fc	  x2:0xfffffffc x22:0xfffffff5
        9445000	       943	00000000	00000013	addi	x0,x0,0	  x0:0x00000000
        9455000	       944	800002f8	00000013	addi	x0,x0,0	  x0:0x00000000
        9465000	       945	800002fc	016f7ab3	and	x21,x30,x22	 x30:0x7ea472c8 x22:0xfffffff5 x21=0x7ea472c0
        9475000	       946	80000300	ff910113	addi	x2,x2,-7	  x2:0xfffffffc  x2=0xfffffff5
        9485000	       947	80000304	01965833	srl	x16,x12,x25	 x12:0xfffffff6 x25:0x00000000 x16=0xfffffff6
        9495000	       948	80000308	ff611ae3	bne	x2,x22,800002fc	  x2:0xfffffff5 x22:0xfffffff5
        9505000	       949	8000030c	0f6bbd13	sltiu	x26,x23,246	 x23:0x00000001 x26=0x00000001
        9515000	       950	80000310	2856b493	sltiu	x9,x13,645	 x13:0xf378e000  x9=0x00000000
        9525000	       951	80000314	fcf8f8e3	bgeu	x17,x15,800002e4	 x17:0x00000005 x15:0x00000004
        9535000	       952	00000000	00000013	addi	x0,x0,0	  x0:0x00000000
        9545000	       953	800002e0	00000013	addi	x0,x0,0	  x0:0x00000000
        9555000	       954	800002e4	9f8f0e93	addi	x29,x30,-1544	 x30:0x7ea472c8 x29=0x7ea46cc0
        9565000	       955	800002e8	ff0c1597	auipc	x11,0xff0c1	 x11=0x7f0c12e4
        9575000	       956	800002ec	ffd88893	addi	x17,x17,-3	 x17:0x00000005 x17=0x00000002
        9585000	       957	800002f0	00a00113	addi	x2,x0,10	  x0:0x00000000  x2=0x0000000a
        9595000	       958	800002f4	ff500b13	addi	x22,x0,-11	  x0:0x00000000 x22=0xfffffff5
        9605000	       959	800002f8	009c9293	slli	x5,x25,0x9	 x25:0x00000000  x5=0x00000000
        9615000	       960	800002fc	016f7ab3	and	x21,x30,x22	 x30:0x7ea472c8 x22:0xfffffff5 x21=0x7ea472c0
        9625000	       961	80000300	ff910113	addi	x2,x2,-7	  x2:0x0000000a  x2=0x00000003
        9635000	       962	80000304	01965833	srl	x16,x12,x25	 x12:0xfffffff6 x25:0x00000000 x16=0xfffffff6
        9645000	       963	80000308	ff611ae3	bne	x2,x22,800002fc	  x2:0x00000003 x22:0xfffffff5
        9655000	       964	00000000	00000013	addi	x0,x0,0	  x0:0x00000000
        9665000	       965	800002f8	00000013	addi	x0,x0,0	  x0:0x00000000
        9675000	       966	800002fc	016f7ab3	and	x21,x30,x22	 x30:0x7ea472c8 x22:0xfffffff5 x21=0x7ea472c0
        9685000	       967	80000300	ff910113	addi	x2,x2,-7	  x2:0x00000003  x2=0xfffffffc
        9695000	       968	80000304	01965833	srl	x16,x12,x25	 x12:0xfffffff6 x25:0x00000000 x16=0xfffffff6
        9705000	       969	80000308	ff611ae3	bne	x2,x22,800002fc	  x2:0xfffffffc x22:0xfffffff5
        9715000	       970	00000000	00000013	addi	x0,x0,0	  x0:0x00000000
        9725000	       971	800002f8	00000013	addi	x0,x0,0	  x0:0x00000000
        9735000	       972	800002fc	016f7ab3	and	x21,x30,x22	 x30:0x7ea472c8 x22:0xfffffff5 x21=0x7ea472c0
        9745000	       973	80000300	ff910113	addi	x2,x2,-7	  x2:0xfffffffc  x2=0xfffffff5
        9755000	       974	80000304	01965833	srl	x16,x12,x25	 x12:0xfffffff6 x25:0x00000000 x16=0xfffffff6
        9765000	       975	80000308	ff611ae3	bne	x2,x22,800002fc	  x2:0xfffffff5 x22:0xfffffff5
        9775000	       976	8000030c	0f6bbd13	sltiu	x26,x23,246	 x23:0x00000001 x26=0x00000001
        9785000	       977	80000310	2856b493	sltiu	x9,x13,645	 x13:0xf378e000  x9=0x00000000
        9795000	       978	80000314	fcf8f8e3	bgeu	x17,x15,800002e4	 x17:0x00000002 x15:0x00000004
        9805000	       979	80000318	402681b3	sub	x3,x13,x2	 x13:0xf378e000  x2:0xfffffff5  x3=0xf378e00b
        9815000	       980	8000031c	00400293	addi	x5,x0,4	  x0:0x00000000  x5=0x00000004
        9825000	       981	80000320	00000013	addi	x0,x0,0	  x0:0x00000000
        9835000	       982	80000324	3300e997	auipc	x19,0x3300e	 x19=0xb300e320
        9845000	       983	80000328	00000013	addi	x0,x0,0	  x0:0x00000000
        9855000	       984	8000032c	00200513	addi	x10,x0,2	  x0:0x00000000 x10=0x00000002
        9865000	       985	80000330	24536213	ori	x4,x6,581	  x6:0x00000005  x4=0x00000245
        9875000	       986	80000334	00000013	addi	x0,x0,0	  x0:0x00000000
        9885000	       987	80000338	00e4ae33	slt	x28,x9,x14	  x9:0x00000000 x14:0x80009fc4 x28=0x00000000
        9895000	       988	8000033c	2b2b9a17	auipc	x20,0x2b2b9	 x20=0xab2b9338
        9905000	       989	80000340	0785c637	lui	x12,0x785c	 x12=0x0785c000
        9915000	       990	80000344	015d81b3	add	x3,x27,x21	 x27:0xfffff8c2 x21:0x7ea472c0  x3=0x7ea46b82
        9925000	       991	80000348	c891aa93	slti	x21,x3,-887	  x3:0x7ea46b82 x21=0x00000000
        9935000	       992	8000034c	fb42a113	slti	x2,x5,-76	  x5:0x00000004  x2=0x00000000
        9945000	       993	80000350	fff28293	addi	x5,x5,-1	  x5:0x00000004  x5=0x00000003
        9955000	       994	80000354	41dedf33	sra	x30,x29,x29	 x29:0x7ea46cc0 x29:0x7ea46cc0 x30=0x7ea46cc0
        9965000	       995	80000358	e7102e13	slti	x28,x0,-399	  x0:0x00000000 x28=0x00000000
        9975000	       996	8000035c	419250b3	sra	x1,x4,x25	  x4:0x00000245 x25:0x00000000  x1=0x00000245
        9985000	       997	80000360	40d80693	addi	x13,x16,1037	 x16:0xfffffff6 x13=0x00000403
        9995000	       998	80000364	006c8c33	add	x24,x25,x6	 x25:0x00000000  x6:0x00000005 x24=0x00000005
       10005000	       999	80000368	f3cf8b93	addi	x23,x31,-196	 x31:0x00000710 x23=0x0000064c
       10015000	      1000	8000036c	7e993413	sltiu	x8,x18,2025	 x18:0x80009f84  x8=0x00000000
       10025000	      1001	80000370	016af333	and	x6,x21,x22	 x21:0x00000000 x22:0xfffffff5  x6=0x00000000
       10035000	      1002	80000374	fca2f8e3	bgeu	x5,x10,80000344	  x5:0x00000003 x10:0x00000002
       10045000	      1003	00000000	00000013	addi	x0,x0,0	  x0:0x00000000
       10055000	      1004	80000340	00000013	addi	x0,x0,0	  x0:0x00000000
       10065000	      1005	80000344	015d81b3	add	x3,x27,x21	 x27:0xfffff8c2 x21:0x00000000  x3=0xfffff8c2
       10075000	      1006	80000348	c891aa93	slti	x21,x3,-887	  x3:0xfffff8c2 x21=0x00000001
       10085000	      1007	8000034c	fb42a113	slti	x2,x5,-76	  x5:0x00000003  x2=0x00000000
       10095000	      1008	80000350	fff28293	addi	x5,x5,-1	  x5:0x00000003  x5=0x00000002
       10105000	      1009	80000354	41dedf33	sra	x30,x29,x29	 x29:0x7ea46cc0 x29:0x7ea46cc0 x30=0x7ea46cc0
       10115000	      1010	80000358	e7102e13	slti	x28,x0,-399	  x0:0x00000000 x28=0x00000000
       10125000	      1011	8000035c	419250b3	sra	x1,x4,x25	  x4:0x00000245 x25:0x00000000  x1=0x00000245
       10135000	      1012	80000360	40d80693	addi	x13,x16,1037	 x16:0xfffffff6 x13=0x00000403
       10145000	      1013	80000364	006c8c33	add	x24,x25,x6	 x25:0x00000000  x6:0x00000000 x24=0x00000000
       10155000	      1014	80000368	f3cf8b93	addi	x23,x31,-196	 x31:0x00000710 x23=0x0000064c
       10165000	      1015	8000036c	7e993413	sltiu	x8,x18,2025	 x18:0x80009f84  x8=0x00000000
       10175000	      1016	80000370	016af333	and	x6,x21,x22	 x21:0x00000001 x22:0xfffffff5  x6=0x00000001
       10185000	      1017	80000374	fca2f8e3	bgeu	x5,x10,80000344	  x5:0x00000002 x10:0x00000002
       10195000	      1018	00000000	00000013	addi	x0,x0,0	  x0:0x00000000
       10205000	      1019	80000340	00000013	addi	x0,x0,0	  x0:0x00000000
       10215000	      1020	80000344	015d81b3	add	x3,x27,x21	 x27:0xfffff8c2 x21:0x00000001  x3=0xfffff8c3
       10225000	      1021	80000348	c891aa93	slti	x21,x3,-887	  x3:0xfffff8c3 x21=0x00000001
       10235000	      1022	8000034c	fb42a113	slti	x2,x5,-76	  x5:0x00000002  x2=0x00000000
       10245000	      1023	80000350	fff28293	addi	x5,x5,-1	  x5:0x00000002  x5=0x00000001
       10255000	      1024	80000354	41dedf33	sra	x30,x29,x29	 x29:0x7ea46cc0 x29:0x7ea46cc0 x30=0x7ea46cc0
       10265000	      1025	80000358	e7102e13	slti	x28,x0,-399	  x0:0x00000000 x28=0x00000000
       10275000	      1026	8000035c	419250b3	sra	x1,x4,x25	  x4:0x00000245 x25:0x00000000  x1=0x00000245
       10285000	      1027	80000360	40d80693	addi	x13,x16,1037	 x16:0xfffffff6 x13=0x00000403
       10295000	      1028	80000364	006c8c33	add	x24,x25,x6	 x25:0x00000000  x6:0x00000001 x24=0x00000001
       10305000	      1029	80000368	f3cf8b93	addi	x23,x31,-196	 x31:0x00000710 x23=0x0000064c
       10315000	      1030	8000036c	7e993413	sltiu	x8,x18,2025	 x18:0x80009f84  x8=0x00000000
       10325000	      1031	80000370	016af333	and	x6,x21,x22	 x21:0x00000001 x22:0xfffffff5  x6=0x00000001
       10335000	      1032	80000374	fca2f8e3	bgeu	x5,x10,80000344	  x5:0x00000001 x10:0x00000002
       10345000	      1033	80000378	01c0f8b3	and	x17,x1,x28	  x1:0x00000245 x28:0x00000000 x17=0x00000000
       10355000	      1034	8000037c	ffe00413	addi	x8,x0,-2	  x0:0x00000000  x8=0xfffffffe
       10365000	      1035	80000380	0183de93	srli	x29,x7,0x18	  x7:0x00000001 x29=0x00000000
       10375000	      1036	80000384	01f41493	slli	x9,x8,0x1f	  x8:0xfffffffe  x9=0x00000000
       10385000	      1037	80000388	016e3f33	sltu	x30,x28,x22	 x28:0x00000000 x22:0xfffffff5 x30=0x00000001
       10395000	      1038	8000038c	9766df17	auipc	x30,0x9766d	 x30=0x1766d388
       10405000	      1039	80000390	00705193	srli	x3,x0,0x7	  x0:0x00000000  x3=0x00000000
       10415000	      1040	80000394	ff100893	addi	x17,x0,-15	  x0:0x00000000 x17=0xfffffff1
       10425000	      1041	80000398	d4fcf693	andi	x13,x25,-689	 x25:0x00000000 x13=0x00000000
       10435000	      1042	8000039c	00e56db3	or	x27,x10,x14	 x10:0x00000002 x14:0x80009fc4 x27=0x80009fc6
       10445000	      1043	800003a0	ff840413	addi	x8,x8,-8	  x8:0xfffffffe  x8=0xfffffff6
       10455000	      1044	800003a4	c6e73d93	sltiu	x27,x14,-914	 x14:0x80009fc4 x27=0x00000001
       10465000	      1045	800003a8	ff145ae3	bge	x8,x17,8000039c	  x8:0xfffffff6 x17:0xfffffff1
       10475000	      1046	00000000	00000013	addi	x0,x0,0	  x0:0x00000000
       10485000	      1047	80000398	00000013	addi	x0,x0,0	  x0:0x00000000
       10495000	      1048	8000039c	00e56db3	or	x27,x10,x14	 x10:0x00000002 x14:0x80009fc4 x27=0x80009fc6
       10505000	      1049	800003a0	ff840413	addi	x8,x8,-8	  x8:0xfffffff6  x8=0xffffffee
       10515000	      1050	800003a4	c6e73d93	sltiu	x27,x14,-914	 x14:0x80009fc4 x27=0x00000001
       10525000	      1051	800003a8	ff145ae3	bge	x8,x17,8000039c	  x8:0xffffffee x17:0xfffffff1
       10535000	      1052	800003ac	000614b3	sll	x9,x12,x0	 x12:0x0785c000  x0:0x00000000  x9=0x0785c000
       10545000	      1053	800003b0	00400893	addi	x17,x0,4	  x0:0x00000000 x17=0x00000004
       10555000	      1054	800003b4	00b00793	addi	x15,x0,11	  x0:0x00000000 x15=0x0000000b
       10565000	      1055	800003b8	41bdd113	srai	x2,x27,0x1b	 x27:0x00000001  x2=0x00000000
       10575000	      1056	800003bc	00ae85b3	add	x11,x29,x10	 x29:0x00000000 x10:0x00000002 x11=0x00000002
       10585000	      1057	800003c0	00988893	addi	x17,x17,9	 x17:0x00000004 x17=0x0000000d
       10595000	      1058	800003c4	01b64a33	xor	x20,x12,x27	 x12:0x0785c000 x27:0x00000001 x20=0x0785c001
       10605000	      1059	800003c8	00300213	addi	x4,x0,3	  x0:0x00000000  x4=0x00000003
       10615000	      1060	800003cc	1b153c13	sltiu	x24,x10,433	 x10:0x00000002 x24=0x00000001
       10625000	      1061	800003d0	00a00313	addi	x6,x0,10	  x0:0x00000000  x6=0x0000000a
       10635000	      1062	800003d4	00000013	addi	x0,x0,0	  x0:0x00000000
       10645000	      1063	800003d8	00520213	addi	x4,x4,5	  x4:0x00000003  x4=0x00000008
       10655000	      1064	800003dc	fe624ce3	blt	x4,x6,800003d4	  x4:0x00000008  x6:0x0000000a
       10665000	      1065	00000000	00000013	addi	x0,x0,0	  x0:0x00000000
       10675000	      1066	800003d0	00000013	addi	x0,x0,0	  x0:0x00000000
       10685000	      1067	800003d4	00000013	addi	x0,x0,0	  x0:0x00000000
       10695000	      1068	800003d8	00520213	addi	x4,x4,5	  x4:0x00000008  x4=0x0000000d
       10705000	      1069	800003dc	fe624ce3	blt	x4,x6,800003d4	  x4:0x0000000d  x6:0x0000000a
       10715000	      1070	800003e0	fcf8cee3	blt	x17,x15,800003bc	 x17:0x0000000d x15:0x0000000b
       10725000	      1071	800003e4	6198c413	xori	x8,x17,1561	 x17:0x0000000d  x8=0x00000614
       10735000	      1072	800003e8	00400a13	addi	x20,x0,4	  x0:0x00000000 x20=0x00000004
       10745000	      1073	800003ec	0033f4b3	and	x9,x7,x3	  x7:0x00000001  x3:0x00000000  x9=0x00000000
       10755000	      1074	800003f0	000f31b3	sltu	x3,x30,x0	 x30:0x1766d388  x0:0x00000000  x3=0x00000000
       10765000	      1075	800003f4	00800413	addi	x8,x0,8	  x0:0x00000000  x8=0x00000008
       10775000	      1076	800003f8	00b8a833	slt	x16,x17,x11	 x17:0x0000000d x11:0x00000002 x16=0x00000000
       10785000	      1077	800003fc	017ca6b3	slt	x13,x25,x23	 x25:0x00000000 x23:0x0000064c x13=0x00000001
       10795000	      1078	80000400	005a0a13	addi	x20,x20,5	 x20:0x00000004 x20=0x00000009
       10805000	      1079	80000404	ffa00093	addi	x1,x0,-6	  x0:0x00000000  x1=0xfffffffa
       10815000	      1080	80000408	40845593	srai	x11,x8,0x8	  x8:0x00000008 x11=0x00000000
       10825000	      1081	8000040c	00f00993	addi	x19,x0,15	  x0:0x00000000 x19=0x0000000f
       10835000	      1082	80000410	41525333	sra	x6,x4,x21	  x4:0x0000000d x21:0x00000001  x6=0x00000006
       10845000	      1083	80000414	39179d97	auipc	x27,0x39179	 x27=0xb9179410
       10855000	      1084	80000418	00e4e8b3	or	x17,x9,x14	  x9:0x00000000 x14:0x80009fc4 x17=0x80009fc4
       10865000	      1085	8000041c	01a098b3	sll	x17,x1,x26	  x1:0xfffffffa x26:0x00000001 x17=0xfffffff4
       10875000	      1086	80000420	008272b3	and	x5,x4,x8	  x4:0x0000000d  x8:0x00000008  x5=0x00000008
       10885000	      1087	80000424	00c8deb3	srl	x29,x17,x12	 x17:0xfffffff4 x12:0x0785c000 x29=0xfffffff4
       10895000	      1088	80000428	00308093	addi	x1,x1,3	  x1:0xfffffffa  x1=0xfffffffd
       10905000	      1089	8000042c	4022d293	srai	x5,x5,0x2	  x5:0x00000008  x5=0x00000002
       10915000	      1090	80000430	00e15fb3	srl	x31,x2,x14	  x2:0x00000000 x14:0x80009fc4 x31=0x00000000
       10925000	      1091	80000434	ff30e6e3	bltu	x1,x19,80000420	  x1:0xfffffffd x19:0x0000000f
       10935000	      1092	80000438	4adc3f37	lui	x30,0x4adc3	 x30=0x4adc3000
       10945000	      1093	8000043c	018fbd33	sltu	x26,x31,x24	 x31:0x00000000 x24:0x00000001 x26=0x00000001
       10955000	      1094	80000440	fa8a4ce3	blt	x20,x8,800003f8	 x20:0x00000009  x8:0x00000008
       10965000	      1095	80000444	13841e17	auipc	x28,0x13841	 x28=0x93841440
       10975000	      1096	80000448	00400a63	beq	x0,x4,8000045c	  x0:0x00000000  x4:0x0000000d
       10985000	      1097	8000044c	0127d6b3	srl	x13,x15,x18	 x15:0x0000000b x18:0x80009f84 x13=0x00000000
       10995000	      1098	80000450	96cb2f13	slti	x30,x22,-1684	 x22:0xfffffff5 x30=0x00000000
       11005000	      1099	80000454	00583e33	sltu	x28,x16,x5	 x16:0x00000000  x5:0x00000002 x28=0x00000001
       11015000	      1100	80000458	513fc793	xori	x15,x31,1299	 x31:0x00000000 x15=0x00000513
       11025000	      1101	8000045c	04cbe193	ori	x3,x23,76	 x23:0x0000064c  x3=0x0000064c
       11035000	      1102	80000460	f1c7b017	auipc	x0,0xf1c7b	
       11045000	      1103	80000464	02b47a63	bgeu	x8,x11,80000498	  x8:0x00000008 x11:0x00000000
       11055000	      1104	00000000	00000013	addi	x0,x0,0	  x0:0x00000000
       11065000	      1105	80000494	00000013	addi	x0,x0,0	  x0:0x00000000
       11075000	      1106	80000498	4174d2b3	sra	x5,x9,x23	  x9:0x00000000 x23:0x0000064c  x5=0x00000000
       11085000	      1107	8000049c	04918063	beq	x3,x9,800004dc	  x3:0x0000064c  x9:0x00000000
       11095000	      1108	800004a0	0065f033	and	x0,x11,x6	 x11:0x00000000  x6:0x00000006
       11105000	      1109	800004a4	013f9e33	sll	x28,x31,x19	 x31:0x00000000 x19:0x0000000f x28=0x00000000
       11115000	      1110	800004a8	0090ebb3	or	x23,x1,x9	  x1:0xfffffffd  x9:0x00000000 x23=0xfffffffd
       11125000	      1111	800004ac	002ce233	or	x4,x25,x2	 x25:0x00000000  x2:0x00000000  x4=0x00000000
       11135000	      1112	800004b0	01c88eb3	add	x29,x17,x28	 x17:0xfffffff4 x28:0x00000000 x29=0xfffffff4
       11145000	      1113	800004b4	00f2dc13	srli	x24,x5,0xf	  x5:0x00000000 x24=0x00000000
       11155000	      1114	800004b8	016a2833	slt	x16,x20,x22	 x20:0x00000009 x22:0xfffffff5 x16=0x00000000
       11165000	      1115	800004bc	01401833	sll	x16,x0,x20	  x0:0x00000000 x20:0x00000009 x16=0x00000000
       11175000	      1116	800004c0	68ed92b7	lui	x5,0x68ed9	  x5=0x68ed9000
       11185000	      1117	800004c4	03e79063	bne	x15,x30,800004e4	 x15:0x00000513 x30:0x00000000
       11195000	      1118	00000000	00000013	addi	x0,x0,0	  x0:0x00000000
       11205000	      1119	800004e0	00000013	addi	x0,x0,0	  x0:0x00000000
       11215000	      1120	800004e4	00684d33	xor	x26,x16,x6	 x16:0x00000000  x6:0x00000006 x26=0x00000006
       11225000	      1121	800004e8	008e0a63	beq	x28,x8,800004fc	 x28:0x00000000  x8:0x00000008
       11235000	      1122	800004ec	01677c33	and	x24,x14,x22	 x14:0x80009fc4 x22:0xfffffff5 x24=0x80009fc4
       11245000	      1123	800004f0	41d90e33	sub	x28,x18,x29	 x18:0x80009f84 x29:0xfffffff4 x28=0x80009f90
       11255000	      1124	800004f4	011ace33	xor	x28,x21,x17	 x21:0x00000001 x17:0xfffffff4 x28=0xfffffff5
       11265000	      1125	800004f8	010bf3b3	and	x7,x23,x16	 x23:0xfffffffd x16:0x00000000  x7=0x00000000
       11275000	      1126	800004fc	401d0ab3	sub	x21,x26,x1	 x26:0x00000006  x1:0xfffffffd x21=0x00000009
       11285000	      1127	80000500	03439063	bne	x7,x20,80000520	  x7:0x00000000 x20:0x00000009
       11295000	      1128	00000000	00000013	addi	x0,x0,0	  x0:0x00000000
       11305000	      1129	8000051c	00000013	addi	x0,x0,0	  x0:0x00000000
       11315000	      1130	80000520	6e436313	ori	x6,x6,1764	  x6:0x00000006  x6=0x000006e6
       11325000	      1131	80000524	00d007b3	add	x15,x0,x13	  x0:0x00000000 x13:0x00000000 x15=0x00000000
       11335000	      1132	80000528	00e82c33	slt	x24,x16,x14	 x16:0x00000000 x14:0x80009fc4 x24=0x00000000
       11345000	      1133	8000052c	01c25db3	srl	x27,x4,x28	  x4:0x00000000 x28:0xfffffff5 x27=0x00000000
       11355000	      1134	80000530	000446b3	xor	x13,x8,x0	  x8:0x00000008  x0:0x00000000 x13=0x00000008
       11365000	      1135	80000534	40100ab3	sub	x21,x0,x1	  x0:0x00000000  x1:0xfffffffd x21=0x00000003
       11375000	      1136	80000538	1ee8ce97	auipc	x29,0x1ee8c	 x29=0x9ee8c534
       11385000	      1137	8000053c	7ea6ad93	slti	x27,x13,2026	 x13:0x00000008 x27=0x00000001
       11395000	      1138	80000540	063b5e63	bge	x22,x3,800005bc	 x22:0xfffffff5  x3:0x0000064c
       11405000	      1139	80000544	9c66cb13	xori	x22,x13,-1594	 x13:0x00000008 x22=0xfffff9ce
       11415000	      1140	80000548	01c65a13	srli	x20,x12,0x1c	 x12:0x0785c000 x20=0x00000000
       11425000	      1141	8000054c	01dc9f33	sll	x30,x25,x29	 x25:0x00000000 x29:0x9ee8c534 x30=0x00000000
       11435000	      1142	80000550	53b84493	xori	x9,x16,1339	 x16:0x00000000  x9=0x0000053b
       11445000	      1143	80000554	970c4b93	xori	x23,x24,-1680	 x24:0x00000000 x23=0xfffff970
       11455000	      1144	80000558	40d6d793	srai	x15,x13,0xd	 x13:0x00000008 x15=0x00000000
       11465000	      1145	8000055c	00286c63	bltu	x16,x2,80000574	 x16:0x00000000  x2:0x00000000
       11475000	      1146	80000560	05a1ca63	blt	x3,x26,800005b4	  x3:0x0000064c x26:0x00000006
       11485000	      1147	80000564	00daf863	bgeu	x21,x13,80000574	 x21:0x00000003 x13:0x00000008
       11495000	      1148	80000568	0890e063	bltu	x1,x9,800005e8	  x1:0xfffffffd  x9:0x0000053b
       11505000	      1149	8000056c	04778c63	beq	x15,x7,800005c4	 x15:0x00000000  x7:0x00000000
       11515000	      1150	00000000	00000013	addi	x0,x0,0	  x0:0x00000000
       11525000	      1151	800005c0	00000013	addi	x0,x0,0	  x0:0x00000000
       11535000	      1152	800005c4	41073d13	sltiu	x26,x14,1040	 x14:0x80009fc4 x26=0x00000000
       11545000	      1153	800005c8	01f0f633	and	x12,x1,x31	  x1:0xfffffffd x31:0x00000000 x12=0x00000000
       11555000	      1154	800005cc	02caab93	slti	x23,x21,44	 x21:0x00000003 x23=0x00000001
       11565000	      1155	800005d0	bcfc7593	andi	x11,x24,-1073	 x24:0x00000000 x11=0x00000000
       11575000	      1156	800005d4	0142f9b3	and	x19,x5,x20	  x5:0x68ed9000 x20:0x00000000 x19=0x00000000
       11585000	      1157	800005d8	416c06b3	sub	x13,x24,x22	 x24:0x00000000 x22:0xfffff9ce x13=0x00000632
       11595000	      1158	800005dc	02b69463	bne	x13,x11,80000604	 x13:0x00000632 x11:0x00000000
       11605000	      1159	00000000	00000013	addi	x0,x0,0	  x0:0x00000000
       11615000	      1160	80000600	00000013	addi	x0,x0,0	  x0:0x00000000
       11625000	      1161	80000604	544eb593	sltiu	x11,x29,1348	 x29:0x9ee8c534 x11=0x00000000
       11635000	      1162	80000608	7ef07193	andi	x3,x0,2031	  x0:0x00000000  x3=0x00000000
       11645000	      1163	8000060c	01266e63	bltu	x12,x18,80000628	 x12:0x00000000 x18:0x80009f84
       11655000	      1164	00000000	00000013	addi	x0,x0,0	  x0:0x00000000
       11665000	      1165	80000624	00000013	addi	x0,x0,0	  x0:0x00000000
       11675000	      1166	80000628	313b2293	slti	x5,x22,787	 x22:0xfffff9ce  x5=0x00000001
       11685000	      1167	8000062c	021fce63	blt	x31,x1,80000668	 x31:0x00000000  x1:0xfffffffd
       11695000	      1168	80000630	000da1b3	slt	x3,x27,x0	 x27:0x00000001  x0:0x00000000  x3=0x00000000
       11705000	      1169	80000634	02295e63	bge	x18,x2,80000670	 x18:0x80009f84  x2:0x00000000
       11715000	      1170	80000638	01fd66b3	or	x13,x26,x31	 x26:0x00000000 x31:0x00000000 x13=0x00000000
       11725000	      1171	8000063c	c46b7217	auipc	x4,0xc46b7	  x4=0x446b7638
       11735000	      1172	80000640	05cb8263	beq	x23,x28,80000684	 x23:0x00000001 x28:0xfffffff5
       11745000	      1173	80000644	05d85263	bge	x16,x29,80000688	 x16:0x00000000 x29:0x9ee8c534
       11755000	      1174	00000000	00000013	addi	x0,x0,0	  x0:0x00000000
       11765000	      1175	80000684	00000013	addi	x0,x0,0	  x0:0x00000000
       11775000	      1176	80000688	01d91393	slli	x7,x18,0x1d	 x18:0x80009f84  x7=0x80000000
       11785000	      1177	8000068c	007ac333	xor	x6,x21,x7	 x21:0x00000003  x7:0x80000000  x6=0x80000003
       11795000	      1178	80000690	00dc2eb3	slt	x29,x24,x13	 x24:0x00000000 x13:0x00000000 x29=0x00000000
       11805000	      1179	80000694	0204ce63	blt	x9,x0,800006d0	  x9:0x0000053b  x0:0x00000000
       11815000	      1180	80000698	3e3fb013	sltiu	x0,x31,995	 x31:0x00000000
       11825000	      1181	8000069c	00593d33	sltu	x26,x18,x5	 x18:0x80009f84  x5:0x00000001 x26=0x00000000
       11835000	      1182	800006a0	41c157b3	sra	x15,x2,x28	  x2:0x00000000 x28:0xfffffff5 x15=0x00000000
       11845000	      1183	800006a4	00c099b3	sll	x19,x1,x12	  x1:0xfffffffd x12:0x00000000 x19=0xfffffffd
       11855000	      1184	800006a8	00e99c63	bne	x19,x14,800006c0	 x19:0xfffffffd x14:0x80009fc4
       11865000	      1185	00000000	00000013	addi	x0,x0,0	  x0:0x00000000
       11875000	      1186	800006bc	00000013	addi	x0,x0,0	  x0:0x00000000
       11885000	      1187	800006c0	022f8593	addi	x11,x31,34	 x31:0x00000000 x11=0x00000022
       11895000	      1188	800006c4	01893033	sltu	x0,x18,x24	 x18:0x80009f84 x24:0x00000000
       11905000	      1189	800006c8	01db6c63	bltu	x22,x29,800006e0	 x22:0xfffff9ce x29:0x00000000
       11915000	      1190	800006cc	b76588b7	lui	x17,0xb7658	 x17=0xb7658000
       11925000	      1191	800006d0	36170b93	addi	x23,x14,865	 x14:0x80009fc4 x23=0x8000a325
       11935000	      1192	800006d4	10e24897	auipc	x17,0x10e24	 x17=0x90e246d0
       11945000	      1193	800006d8	e7ddbc13	sltiu	x24,x27,-387	 x27:0x00000001 x24=0x00000001
       11955000	      1194	800006dc	00579e33	sll	x28,x15,x5	 x15:0x00000000  x5:0x00000001 x28=0x00000000
       11965000	      1195	800006e0	dcc2f417	auipc	x8,0xdcc2f	  x8=0x5cc2f6dc
       11975000	      1196	800006e4	00b40c63	beq	x8,x11,800006fc	  x8:0x5cc2f6dc x11:0x00000022
       11985000	      1197	800006e8	01f98f33	add	x30,x19,x31	 x19:0xfffffffd x31:0x00000000 x30=0xfffffffd
       11995000	      1198	800006ec	403b8e33	sub	x28,x23,x3	 x23:0x8000a325  x3:0x00000000 x28=0x8000a325
       12005000	      1199	800006f0	88864d13	xori	x26,x12,-1912	 x12:0x00000000 x26=0xfffff888
       12015000	      1200	800006f4	00ded993	srli	x19,x29,0xd	 x29:0x00000000 x19=0x00000000
       12025000	      1201	800006f8	0027c3b3	xor	x7,x15,x2	 x15:0x00000000  x2:0x00000000  x7=0x00000000
       12035000	      1202	800006fc	a14a56b7	lui	x13,0xa14a5	 x13=0xa14a5000
       12045000	      1203	80000700	b9d76413	ori	x8,x14,-1123	 x14:0x80009fc4  x8=0xffffffdd
       12055000	      1204	80000704	22cd4097	auipc	x1,0x22cd4	  x1=0xa2cd4700
       12065000	      1205	80000708	00b85633	srl	x12,x16,x11	 x16:0x00000000 x11:0x00000022 x12=0x00000000
       12075000	      1206	8000070c	40df54b3	sra	x9,x30,x13	 x30:0xfffffffd x13:0xa14a5000  x9=0xfffffffd
       12085000	      1207	80000710	005b5a63	bge	x22,x5,80000724	 x22:0xfffff9ce  x5:0x00000001
       12095000	      1208	80000714	cf79f693	andi	x13,x19,-777	 x19:0x00000000 x13=0x00000000
       12105000	      1209	80000718	018468b3	or	x17,x8,x24	  x8:0xffffffdd x24:0x00000001 x17=0xffffffdd
       12115000	      1210	8000071c	00bf5ab3	srl	x21,x30,x11	 x30:0xfffffffd x11:0x00000022 x21=0x3fffffff
       12125000	      1211	80000720	0111eb33	or	x22,x3,x17	  x3:0x00000000 x17:0xffffffdd x22=0xffffffdd
       12135000	      1212	80000724	6be53993	sltiu	x19,x10,1726	 x10:0x00000002 x19=0x00000001
       12145000	      1213	80000728	004f1133	sll	x2,x30,x4	 x30:0xfffffffd  x4:0x446b7638  x2=0xfd000000
       12155000	      1214	8000072c	70e6e593	ori	x11,x13,1806	 x13:0x00000000 x11=0x0000070e
       12165000	      1215	80000730	0070c863	blt	x1,x7,80000740	  x1:0xa2cd4700  x7:0x00000000
       12175000	      1216	00000000	00000013	addi	x0,x0,0	  x0:0x00000000
       12185000	      1217	8000073c	00000013	addi	x0,x0,0	  x0:0x00000000
       12195000	      1218	80000740	bfa03393	sltiu	x7,x0,-1030	  x0:0x00000000  x7=0x00000001
       12205000	      1219	80000744	000fd3b3	srl	x7,x31,x0	 x31:0x00000000  x0:0x00000000  x7=0x00000000
       12215000	      1220	80000748	02767263	bgeu	x12,x7,8000076c	 x12:0x00000000  x7:0x00000000
       12225000	      1221	00000000	00000013	addi	x0,x0,0	  x0:0x00000000
       12235000	      1222	80000768	00000013	addi	x0,x0,0	  x0:0x00000000
       12245000	      1223	8000076c	02097263	bgeu	x18,x0,80000790	 x18:0x80009f84  x0:0x00000000
       12255000	      1224	00000000	00000013	addi	x0,x0,0	  x0:0x00000000
       12265000	      1225	8000078c	00000013	addi	x0,x0,0	  x0:0x00000000
       12275000	      1226	80000790	8c7f6637	lui	x12,0x8c7f6	 x12=0x8c7f6000
       12285000	      1227	80000794	00a3b6b3	sltu	x13,x7,x10	  x7:0x00000000 x10:0x00000002 x13=0x00000001
       12295000	      1228	80000798	fd19b037	lui	x0,0xfd19b	
       12305000	      1229	8000079c	00b57c63	bgeu	x10,x11,800007b4	 x10:0x00000002 x11:0x0000070e
       12315000	      1230	800007a0	002f98b3	sll	x17,x31,x2	 x31:0x00000000  x2:0xfd000000 x17=0x00000000
       12325000	      1231	800007a4	01130833	add	x16,x6,x17	  x6:0x80000003 x17:0x00000000 x16=0x80000003
       12335000	      1232	800007a8	0169e5b3	or	x11,x19,x22	 x19:0x00000001 x22:0xffffffdd x11=0xffffffdd
       12345000	      1233	800007ac	41d4d4b3	sra	x9,x9,x29	  x9:0xfffffffd x29:0x00000000  x9=0xfffffffd
       12355000	      1234	800007b0	7d752093	slti	x1,x10,2007	 x10:0x00000002  x1=0x00000001
       12365000	      1235	800007b4	01bf2033	slt	x0,x30,x27	 x30:0xfffffffd x27:0x00000001
       12375000	      1236	800007b8	46a3a293	slti	x5,x7,1130	  x7:0x00000000  x5=0x00000001
       12385000	      1237	800007bc	023cfe63	bgeu	x25,x3,800007f8	 x25:0x00000000  x3:0x00000000
       12395000	      1238	00000000	00000013	addi	x0,x0,0	  x0:0x00000000
       12405000	      1239	800007f4	00000013	addi	x0,x0,0	  x0:0x00000000
       12415000	      1240	800007f8	00203833	sltu	x16,x0,x2	  x0:0x00000000  x2:0xfd000000 x16=0x00000001
       12425000	      1241	800007fc	aa3dfb93	andi	x23,x27,-1373	 x27:0x00000001 x23=0x00000001
       12435000	      1242	80000800	40608c33	sub	x24,x1,x6	  x1:0x00000001  x6:0x80000003 x24=0x7ffffffe
       12445000	      1243	80000804	02a80063	beq	x16,x10,80000824	 x16:0x00000001 x10:0x00000002
       12455000	      1244	80000808	01125233	srl	x4,x4,x17	  x4:0x446b7638 x17:0x00000000  x4=0x446b7638
       12465000	      1245	8000080c	00375b13	srli	x22,x14,0x3	 x14:0x80009fc4 x22=0x100013f8
       12475000	      1246	80000810	125cebb7	lui	x23,0x125ce	 x23=0x125ce000
       12485000	      1247	80000814	00000013	addi	x0,x0,0	  x0:0x00000000
       12495000	      1248	80000818	401a80b3	sub	x1,x21,x1	 x21:0x3fffffff  x1:0x00000001  x1=0x3ffffffe
       12505000	      1249	8000081c	03448063	beq	x9,x20,8000083c	  x9:0xfffffffd x20:0x00000000
       12515000	      1250	80000820	00d09863	bne	x1,x13,80000830	  x1:0x3ffffffe x13:0x00000001
       12525000	      1251	00000000	00000013	addi	x0,x0,0	  x0:0x00000000
       12535000	      1252	8000082c	00000013	addi	x0,x0,0	  x0:0x00000000
       12545000	      1253	80000830	2a944c13	xori	x24,x8,681	  x8:0xffffffdd x24=0xfffffd74
       12555000	      1254	80000834	266b9897	auipc	x17,0x266b9	 x17=0xa66b9830
       12565000	      1255	80000838	1dfc4d13	xori	x26,x24,479	 x24:0xfffffd74 x26=0xfffffcab
       12575000	      1256	8000083c	1445bf93	sltiu	x31,x11,324	 x11:0xffffffdd x31=0x00000000
       12585000	      1257	80000840	41dfd133	sra	x2,x31,x29	 x31:0x00000000 x29:0x00000000  x2=0x00000000
       12595000	      1258	80000844	38d53893	sltiu	x17,x10,909	 x10:0x00000002 x17=0x00000001
       12605000	      1259	80000848	006cd413	srli	x8,x25,0x6	 x25:0x00000000  x8=0x00000000
       12615000	      1260	8000084c	7d50cb17	auipc	x22,0x7d50c	 x22=0xfd50c848
       12625000	      1261	80000850	cd479397	auipc	x7,0xcd479	  x7=0x4d47984c
       12635000	      1262	80000854	01b88d33	add	x26,x17,x27	 x17:0x00000001 x27:0x00000001 x26=0x00000002
       12645000	      1263	80000858	d989ce13	xori	x28,x19,-616	 x19:0x00000001 x28=0xfffffd99
       12655000	      1264	8000085c	aa65e337	lui	x6,0xaa65e	  x6=0xaa65e000
       12665000	      1265	80000860	01401d93	slli	x27,x0,0x14	  x0:0x00000000 x27=0x00000000
       12675000	      1266	80000864	fae12813	slti	x16,x2,-82	  x2:0x00000000 x16=0x00000000
       12685000	      1267	80000868	a241b793	sltiu	x15,x3,-1500	  x3:0x00000000 x15=0x00000001
       12695000	      1268	8000086c	047f7263	bgeu	x30,x7,800008b0	 x30:0xfffffffd  x7:0x4d47984c
       12705000	      1269	00000000	00000013	addi	x0,x0,0	  x0:0x00000000
       12715000	      1270	800008ac	00000013	addi	x0,x0,0	  x0:0x00000000
       12725000	      1271	800008b0	02931663	bne	x6,x9,800008dc	  x6:0xaa65e000  x9:0xfffffffd
       12735000	      1272	00000000	00000013	addi	x0,x0,0	  x0:0x00000000
       12745000	      1273	800008d8	00000013	addi	x0,x0,0	  x0:0x00000000
       12755000	      1274	800008dc	05434063	blt	x6,x20,8000091c	  x6:0xaa65e000 x20:0x00000000
       12765000	      1275	00000000	00000013	addi	x0,x0,0	  x0:0x00000000
       12775000	      1276	80000918	00000013	addi	x0,x0,0	  x0:0x00000000
       12785000	      1277	8000091c	03b15e63	bge	x2,x27,80000958	  x2:0x00000000 x27:0x00000000
       12795000	      1278	00000000	00000013	addi	x0,x0,0	  x0:0x00000000
       12805000	      1279	80000954	00000013	addi	x0,x0,0	  x0:0x00000000
       12815000	      1280	80000958	8b8ba193	slti	x3,x23,-1864	 x23:0x125ce000  x3=0x00000000
       12825000	      1281	8000095c	01ea3ab3	sltu	x21,x20,x30	 x20:0x00000000 x30:0xfffffffd x21=0x00000001
       12835000	      1282	80000960	003e87b3	add	x15,x29,x3	 x29:0x00000000  x3:0x00000000 x15=0x00000000
       12845000	      1283	80000964	00dd05b3	add	x11,x26,x13	 x26:0x00000002 x13:0x00000001 x11=0x00000003
       12855000	      1284	80000968	05394263	blt	x18,x19,800009ac	 x18:0x80009f84 x19:0x00000001
       12865000	      1285	00000000	00000013	addi	x0,x0,0	  x0:0x00000000
       12875000	      1286	800009a8	00000013	addi	x0,x0,0	  x0:0x00000000
       12885000	      1287	800009ac	0113bc33	sltu	x24,x7,x17	  x7:0x4d47984c x17:0x00000001 x24=0x00000000
       12895000	      1288	800009b0	016abeb3	sltu	x29,x21,x22	 x21:0x00000001 x22:0xfd50c848 x29=0x00000001
       12905000	      1289	800009b4	00f5e133	or	x2,x11,x15	 x11:0x00000003 x15:0x00000000  x2=0x00000003
       12915000	      1290	800009b8	20ff0d13	addi	x26,x30,527	 x30:0xfffffffd x26=0x0000020c
       12925000	      1291	800009bc	01fdd513	srli	x10,x27,0x1f	 x27:0x00000000 x10=0x00000000
       12935000	      1292	800009c0	3102b097	auipc	x1,0x3102b	  x1=0xb102b9bc
       12945000	      1293	800009c4	00e7fbb3	and	x23,x15,x14	 x15:0x00000000 x14:0x80009fc4 x23=0x00000000
       12955000	      1294	800009c8	00000013	addi	x0,x0,0	  x0:0x00000000
       12965000	      1295	800009cc	404880b3	sub	x1,x17,x4	 x17:0x00000001  x4:0x446b7638  x1=0xbb9489c9
       12975000	      1296	800009d0	0464d863	bge	x9,x6,80000a20	  x9:0xfffffffd  x6:0xaa65e000
       12985000	      1297	00000000	00000013	addi	x0,x0,0	  x0:0x00000000
       12995000	      1298	80000a1c	00000013	addi	x0,x0,0	  x0:0x00000000
       13005000	      1299	80000a20	00be0e63	beq	x28,x11,80000a3c	 x28:0xfffffd99 x11:0x00000003
       13015000	      1300	80000a24	409ed193	srai	x3,x29,0x9	 x29:0x00000001  x3=0x00000000
       13025000	      1301	80000a28	414ad813	srai	x16,x21,0x14	 x21:0x00000001 x16=0x00000000
       13035000	      1302	80000a2c	ffc74a93	xori	x21,x14,-4	 x14:0x80009fc4 x21=0x7fff6038
       13045000	      1303	80000a30	3dac3d93	sltiu	x27,x24,986	 x24:0x00000000 x27=0x00000001
       13055000	      1304	80000a34	00000013	addi	x0,x0,0	  x0:0x00000000
       13065000	      1305	80000a38	024f0063	beq	x30,x4,80000a58	 x30:0xfffffffd  x4:0x446b7638
       13075000	      1306	80000a3c	01c5dc63	bge	x11,x28,80000a54	 x11:0x00000003 x28:0xfffffd99
       13085000	      1307	00000000	00000013	addi	x0,x0,0	  x0:0x00000000
       13095000	      1308	80000a50	00000013	addi	x0,x0,0	  x0:0x00000000
       13105000	      1309	80000a54	a9d44893	xori	x17,x8,-1379	  x8:0x00000000 x17=0xfffffa9d
       13115000	      1310	80000a58	0126fc63	bgeu	x13,x18,80000a70	 x13:0x00000001 x18:0x80009f84
       13125000	      1311	80000a5c	000f1833	sll	x16,x30,x0	 x30:0xfffffffd  x0:0x00000000 x16=0xfffffffd
       13135000	      1312	80000a60	9ef33d93	sltiu	x27,x6,-1553	  x6:0xaa65e000 x27=0x00000001
       13145000	      1313	80000a64	009f1313	slli	x6,x30,0x9	 x30:0xfffffffd  x6=0xfffffa00
       13155000	      1314	80000a68	03515263	bge	x2,x21,80000a8c	  x2:0x00000003 x21:0x7fff6038
       13165000	      1315	80000a6c	41950233	sub	x4,x10,x25	 x10:0x00000000 x25:0x00000000  x4=0x00000000
       13175000	      1316	80000a70	035d0263	beq	x26,x21,80000a94	 x26:0x0000020c x21:0x7fff6038
       13185000	      1317	80000a74	9d7d2e13	slti	x28,x26,-1577	 x26:0x0000020c x28=0x00000000
       13195000	      1318	80000a78	c004cd93	xori	x27,x9,-1024	  x9:0xfffffffd x27=0x000003fd
       13205000	      1319	80000a7c	00d04c33	xor	x24,x0,x13	  x0:0x00000000 x13:0x00000001 x24=0x00000001
       13215000	      1320	80000a80	00de26b3	slt	x13,x28,x13	 x28:0x00000000 x13:0x00000001 x13=0x00000001
       13225000	      1321	80000a84	019e18b3	sll	x17,x28,x25	 x28:0x00000000 x25:0x00000000 x17=0x00000000
       13235000	      1322	80000a88	00000013	addi	x0,x0,0	  x0:0x00000000
       13245000	      1323	80000a8c	e5d8d197	auipc	x3,0xe5d8d	  x3=0x65d8da88
       13255000	      1324	80000a90	0091d633	srl	x12,x3,x9	  x3:0x65d8da88  x9:0xfffffffd x12=0x00000003
       13265000	      1325	80000a94	8b02c313	xori	x6,x5,-1872	  x5:0x00000001  x6=0xfffff8b1
       13275000	      1326	80000a98	4a5abd97	auipc	x27,0x4a5ab	 x27=0xca5aba94
       13285000	      1327	80000a9c	00ee6863	bltu	x28,x14,80000aac	 x28:0x00000000 x14:0x80009fc4
       13295000	      1328	00000000	00000013	addi	x0,x0,0	  x0:0x00000000
       13305000	      1329	80000aa8	00000013	addi	x0,x0,0	  x0:0x00000000
       13315000	      1330	80000aac	019270b3	and	x1,x4,x25	  x4:0x00000000 x25:0x00000000  x1=0x00000000
       13325000	      1331	80000ab0	028d4463	blt	x26,x8,80000ad8	 x26:0x0000020c  x8:0x00000000
       13335000	      1332	80000ab4	001ec863	blt	x29,x1,80000ac4	 x29:0x00000001  x1:0x00000000
       13345000	      1333	80000ab8	d410e393	ori	x7,x1,-703	  x1:0x00000000  x7=0xfffffd41
       13355000	      1334	80000abc	80926d93	ori	x27,x4,-2039	  x4:0x00000000 x27=0xfffff809
       13365000	      1335	80000ac0	002f47b3	xor	x15,x30,x2	 x30:0xfffffffd  x2:0x00000003 x15=0xfffffffe
       13375000	      1336	80000ac4	019c3333	sltu	x6,x24,x25	 x24:0x00000001 x25:0x00000000  x6=0x00000000
       13385000	      1337	80000ac8	0185c1b3	xor	x3,x11,x24	 x11:0x00000003 x24:0x00000001  x3=0x00000002
       13395000	      1338	80000acc	001c9db3	sll	x27,x25,x1	 x25:0x00000000  x1:0x00000000 x27=0x00000000
       13405000	      1339	80000ad0	01988e33	add	x28,x17,x25	 x17:0x00000000 x25:0x00000000 x28=0x00000000
       13415000	      1340	80000ad4	00000013	addi	x0,x0,0	  x0:0x00000000
       13425000	      1341	80000ad8	0131d513	srli	x10,x3,0x13	  x3:0x00000002 x10=0x00000000
       13435000	      1342	80000adc	0179da93	srli	x21,x19,0x17	 x19:0x00000001 x21=0x00000000
       13445000	      1343	80000ae0	03c90463	beq	x18,x28,80000b08	 x18:0x80009f84 x28:0x00000000
       13455000	      1344	80000ae4	01b132b3	sltu	x5,x2,x27	  x2:0x00000003 x27:0x00000000  x5=0x00000000
       13465000	      1345	80000ae8	e3a56793	ori	x15,x10,-454	 x10:0x00000000 x15=0xfffffe3a
       13475000	      1346	80000aec	caabca97	auipc	x21,0xcaabc	 x21=0x4aabcae8
       13485000	      1347	80000af0	01df17b3	sll	x15,x30,x29	 x30:0xfffffffd x29:0x00000001 x15=0xfffffffa
       13495000	      1348	80000af4	40ad5a13	srai	x20,x26,0xa	 x26:0x0000020c x20=0x00000000
       13505000	      1349	80000af8	96487c13	andi	x24,x16,-1692	 x16:0xfffffffd x24=0xfffff964
       13515000	      1350	80000afc	01fd2433	slt	x8,x26,x31	 x26:0x0000020c x31:0x00000000  x8=0x00000000
       13525000	      1351	80000b00	0008e0b3	or	x1,x17,x0	 x17:0x00000000  x0:0x00000000  x1=0x00000000
       13535000	      1352	80000b04	beaa8bb7	lui	x23,0xbeaa8	 x23=0xbeaa8000
       13545000	      1353	80000b08	070d5a63	bge	x26,x16,80000b7c	 x26:0x0000020c x16:0xfffffffd
       13555000	      1354	00000000	00000013	addi	x0,x0,0	  x0:0x00000000
       13565000	      1355	80000b78	00000013	addi	x0,x0,0	  x0:0x00000000
       13575000	      1356	80000b7c	403108b3	sub	x17,x2,x3	  x2:0x00000003  x3:0x00000002 x17=0x00000001
       13585000	      1357	80000b80	00000013	addi	x0,x0,0	  x0:0x00000000
       13595000	      1358	80000b84	077d9463	bne	x27,x23,80000bec	 x27:0x00000000 x23:0xbeaa8000
       13605000	      1359	00000000	00000013	addi	x0,x0,0	  x0:0x00000000
       13615000	      1360	80000be8	00000013	addi	x0,x0,0	  x0:0x00000000
       13625000	      1361	80000bec	4c4c2613	slti	x12,x24,1220	 x24:0xfffff964 x12=0x00000001
       13635000	      1362	80000bf0	01ba0e63	beq	x20,x27,80000c0c	 x20:0x00000000 x27:0x00000000
       13645000	      1363	00000000	00000013	addi	x0,x0,0	  x0:0x00000000
       13655000	      1364	80000c08	00000013	addi	x0,x0,0	  x0:0x00000000
       13665000	      1365	80000c0c	008b5bb3	srl	x23,x22,x8	 x22:0xfd50c848  x8:0x00000000 x23=0xfd50c848
       13675000	      1366	80000c10	36667393	andi	x7,x12,870	 x12:0x00000001  x7=0x00000000
       13685000	      1367	80000c14	41465bb3	sra	x23,x12,x20	 x12:0x00000001 x20:0x00000000 x23=0x00000001
       13695000	      1368	80000c18	7eba6113	ori	x2,x20,2027	 x20:0x00000000  x2=0x000007eb
       13705000	      1369	80000c1c	6c10af93	slti	x31,x1,1729	  x1:0x00000000 x31=0x00000001
       13715000	      1370	80000c20	419d86b3	sub	x13,x27,x25	 x27:0x00000000 x25:0x00000000 x13=0x00000000
       13725000	      1371	80000c24	02295063	bge	x18,x2,80000c44	 x18:0x80009f84  x2:0x000007eb
       13735000	      1372	80000c28	804fed93	ori	x27,x31,-2044	 x31:0x00000001 x27=0xfffff805
       13745000	      1373	80000c2c	7c8a8013	addi	x0,x21,1992	 x21:0x4aabcae8
       13755000	      1374	80000c30	7532f613	andi	x12,x5,1875	  x5:0x00000000 x12=0x00000000
       13765000	      1375	80000c34	b202e817	auipc	x16,0xb202e	 x16=0x3202ec30
       13775000	      1376	80000c38	03465463	bge	x12,x20,80000c60	 x12:0x00000000 x20:0x00000000
       13785000	      1377	00000000	00000013	addi	x0,x0,0	  x0:0x00000000
       13795000	      1378	80000c5c	00000013	addi	x0,x0,0	  x0:0x00000000
       13805000	      1379	80000c60	e5f28d13	addi	x26,x5,-417	  x5:0x00000000 x26=0xfffffe5f
       13815000	      1380	80000c64	fa720f13	addi	x30,x4,-89	  x4:0x00000000 x30=0xffffffa7
       13825000	      1381	80000c68	9a366993	ori	x19,x12,-1629	 x12:0x00000000 x19=0xfffff9a3
       13835000	      1382	80000c6c	a6aecb13	xori	x22,x29,-1430	 x29:0x00000001 x22=0xfffffa6b
       13845000	      1383	80000c70	ec416293	ori	x5,x2,-316	  x2:0x000007eb  x5=0xffffffef
       13855000	      1384	80000c74	00fdf133	and	x2,x27,x15	 x27:0xfffff805 x15:0xfffffffa  x2=0xfffff800
       13865000	      1385	80000c78	0019e863	bltu	x19,x1,80000c88	 x19:0xfffff9a3  x1:0x00000000
       13875000	      1386	80000c7c	015f3433	sltu	x8,x30,x21	 x30:0xffffffa7 x21:0x4aabcae8  x8=0x00000000
       13885000	      1387	80000c80	00ad1b33	sll	x22,x26,x10	 x26:0xfffffe5f x10:0x00000000 x22=0xfffffe5f
       13895000	      1388	80000c84	03b6ee63	bltu	x13,x27,80000cc0	 x13:0x00000000 x27:0xfffff805
       13905000	      1389	00000000	00000013	addi	x0,x0,0	  x0:0x00000000
       13915000	      1390	80000cbc	00000013	addi	x0,x0,0	  x0:0x00000000
       13925000	      1391	80000cc0	883a6d13	ori	x26,x20,-1917	 x20:0x00000000 x26=0xfffff883
       13935000	      1392	80000cc4	006e56b3	srl	x13,x28,x6	 x28:0x00000000  x6:0x00000000 x13=0x00000000
       13945000	      1393	80000cc8	01975f93	srli	x31,x14,0x19	 x14:0x80009fc4 x31=0x00000040
       13955000	      1394	80000ccc	c91de413	ori	x8,x27,-879	 x27:0xfffff805  x8=0xfffffc95
       13965000	      1395	80000cd0	002db9b3	sltu	x19,x27,x2	 x27:0xfffff805  x2:0xfffff800 x19=0x00000000
       13975000	      1396	80000cd4	017f31b3	sltu	x3,x30,x23	 x30:0xffffffa7 x23:0x00000001  x3=0x00000000
       13985000	      1397	80000cd8	04cde663	bltu	x27,x12,80000d24	 x27:0xfffff805 x12:0x00000000
       13995000	      1398	80000cdc	41a85fb3	sra	x31,x16,x26	 x16:0x3202ec30 x26:0xfffff883 x31=0x06405d86
       14005000	      1399	80000ce0	01882533	slt	x10,x16,x24	 x16:0x3202ec30 x24:0xfffff964 x10=0x00000000
       14015000	      1400	80000ce4	01afafb3	slt	x31,x31,x26	 x31:0x06405d86 x26:0xfffff883 x31=0x00000000
       14025000	      1401	80000ce8	00000013	addi	x0,x0,0	  x0:0x00000000
       14035000	      1402	80000cec	02b89e63	bne	x17,x11,80000d28	 x17:0x00000001 x11:0x00000003
       14045000	      1403	00000000	00000013	addi	x0,x0,0	  x0:0x00000000
       14055000	      1404	80000d24	00000013	addi	x0,x0,0	  x0:0x00000000
       14065000	      1405	80000d28	7de42b13	slti	x22,x8,2014	  x8:0xfffffc95 x22=0x00000001
       14075000	      1406	80000d2c	00b12633	slt	x12,x2,x11	  x2:0xfffff800 x11:0x00000003 x12=0x00000001
       14085000	      1407	80000d30	3d0d9b97	auipc	x23,0x3d0d9	 x23=0xbd0d9d2c
       14095000	      1408	80000d34	01847c63	bgeu	x8,x24,80000d4c	  x8:0xfffffc95 x24:0xfffff964
       14105000	      1409	00000000	00000013	addi	x0,x0,0	  x0:0x00000000
       14115000	      1410	80000d48	00000013	addi	x0,x0,0	  x0:0x00000000
       14125000	      1411	80000d4c	7faf6213	ori	x4,x30,2042	 x30:0xffffffa7  x4=0xffffffff
       14135000	      1412	80000d50	015a0233	add	x4,x20,x21	 x20:0x00000000 x21:0x4aabcae8  x4=0x4aabcae8
       14145000	      1413	80000d54	5a302c13	slti	x24,x0,1443	  x0:0x00000000 x24=0x00000001
       14155000	      1414	80000d58	01325e33	srl	x28,x4,x19	  x4:0x4aabcae8 x19:0x00000000 x28=0x4aabcae8
       14165000	      1415	80000d5c	0ab7ce13	xori	x28,x15,171	 x15:0xfffffffa x28=0xffffff51
       14175000	      1416	80000d60	40d407b3	sub	x15,x8,x13	  x8:0xfffffc95 x13:0x00000000 x15=0xfffffc95
       14185000	      1417	80000d64	4077d293	srai	x5,x15,0x7	 x15:0xfffffc95  x5=0xfffffff9
       14195000	      1418	80000d68	470ab297	auipc	x5,0x470ab	  x5=0xc70abd64
       14205000	      1419	80000d6c	01ef1133	sll	x2,x30,x30	 x30:0xffffffa7 x30:0xffffffa7  x2=0xffffd380
       14215000	      1420	80000d70	2a792d93	slti	x27,x18,679	 x18:0x80009f84 x27=0x00000001
       14225000	      1421	80000d74	0108ceb3	xor	x29,x17,x16	 x17:0x00000001 x16:0x3202ec30 x29=0x3202ec31
       14235000	      1422	80000d78	00e34bb3	xor	x23,x6,x14	  x6:0x00000000 x14:0x80009fc4 x23=0x80009fc4
       14245000	      1423	80000d7c	caf22b93	slti	x23,x4,-849	  x4:0x4aabcae8 x23=0x00000000
       14255000	      1424	80000d80	002d1c63	bne	x26,x2,80000d98	 x26:0xfffff883  x2:0xffffd380
       14265000	      1425	00000000	00000013	addi	x0,x0,0	  x0:0x00000000
       14275000	      1426	80000d94	00000013	addi	x0,x0,0	  x0:0x00000000
       14285000	      1427	80000d98	40da0e33	sub	x28,x20,x13	 x20:0x00000000 x13:0x00000000 x28=0x00000000
       14295000	      1428	80000d9c	00000c97	auipc	x25,0x0	 x25=0x80000d98
       14305000	      1429	80000da0	00cc8c93	addi	x25,x25,12	 x25:0x80000d98 x25=0x80000da4
       14315000	      1430	80000da4	000c8067	jalr	x0,x25,0	 x25:0x80000da4
       14325000	      1431	00000000	00000013	addi	x0,x0,0	  x0:0x00000000
       14335000	      1432	80000da4	00000013	addi	x0,x0,0	  x0:0x00000000
       14345000	      1433	80000da8	00100193	addi	x3,x0,1	  x0:0x00000000  x3=0x00000001
       14355000	      1434	80000dac	00000073	ecall	
       14365000	      1435	80000db0	01f6c663	blt	x13,x31,80000dbc	 x13:0x00000000 x31:0x00000000
