		Time			Cycle	PC		Insn	Decoded instruction	Register and memory contents
          65000	         5	80000004	00000293	addi	x5,x0,0	  x0:0x00000000  x5=0x00000000
          75000	         6	80000008	00000313	addi	x6,x0,0	  x0:0x00000000  x6=0x00000000
          85000	         7	8000000c	00628263	beq	x5,x6,80000010	  x5:0x00000000  x6:0x00000000
          95000	         8	00000000	00000013	addi	x0,x0,0	  x0:0x00000000
         105000	         9	8000000c	00000013	addi	x0,x0,0	  x0:0x00000000
         115000	        10	80000010	00000f97	auipc	x31,0x0	 x31=0x8000000c
         125000	        11	80000014	00cf8f93	addi	x31,x31,12	 x31:0x8000000c x31=0x80000018
         135000	        12	80000018	000f8067	jalr	x0,x31,0	 x31:0x80000018
         145000	        13	00000000	00000013	addi	x0,x0,0	  x0:0x00000000
         155000	        14	80000018	00000013	addi	x0,x0,0	  x0:0x00000000
         165000	        15	8000001c	40000337	lui	x6,0x40000	  x6=0x40000000
         175000	        16	80000020	10030313	addi	x6,x6,256	  x6:0x40000000  x6=0x40000100
         185000	        17	80000024	00000013	addi	x0,x0,0	  x0:0x00000000
         195000	        18	80000028	0000a217	auipc	x4,0xa	  x4=0x8000a024
         205000	        19	8000002c	fa020213	addi	x4,x4,-96	  x4:0x8000a024  x4=0x80009fc4
         215000	        20	80000030	00004317	auipc	x6,0x4	  x6=0x8000402c
         225000	        21	80000034	8b430313	addi	x6,x6,-1868	  x6:0x8000402c  x6=0x800038e0
         235000	        22	80000038	00136313	ori	x6,x6,1	  x6:0x800038e0  x6=0x800038e1
         245000	        23	8000003c	00000013	addi	x0,x0,0	  x0:0x00000000
         255000	        24	80000040	00000317	auipc	x6,0x0	  x6=0x8000003c
         265000	        25	80000044	02030313	addi	x6,x6,32	  x6:0x8000003c  x6=0x8000005c
         275000	        26	80000048	00000013	addi	x0,x0,0	  x0:0x00000000
         285000	        27	8000004c	00000013	addi	x0,x0,0	  x0:0x00000000
         295000	        28	80000050	00002337	lui	x6,0x2	  x6=0x00002000
         305000	        29	80000054	80030313	addi	x6,x6,-2048	  x6:0x00002000  x6=0x00001800
         315000	        30	80000058	00000013	addi	x0,x0,0	  x0:0x00000000
         325000	        31	8000005c	00000013	addi	x0,x0,0	  x0:0x00000000
         335000	        32	80000060	00000013	addi	x0,x0,0	  x0:0x00000000
         345000	        33	80000064	f03420b7	lui	x1,0xf0342	  x1=0xf0342000
         355000	        34	80000068	34608093	addi	x1,x1,838	  x1:0xf0342000  x1=0xf0342346
         365000	        35	8000006c	6edd8137	lui	x2,0x6edd8	  x2=0x6edd8000
         375000	        36	80000070	0a510113	addi	x2,x2,165	  x2:0x6edd8000  x2=0x6edd80a5
         385000	        37	80000074	800001b7	lui	x3,0x80000	  x3=0x80000000
         395000	        38	80000078	f91792b7	lui	x5,0xf9179	  x5=0xf9179000
         405000	        39	8000007c	fc128293	addi	x5,x5,-63	  x5:0xf9179000  x5=0xf9178fc1
         415000	        40	80000080	80000337	lui	x6,0x80000	  x6=0x80000000
         425000	        41	80000084	f865c3b7	lui	x7,0xf865c	  x7=0xf865c000
         435000	        42	80000088	38838393	addi	x7,x7,904	  x7:0xf865c000  x7=0xf865c388
         445000	        43	8000008c	45fe5437	lui	x8,0x45fe5	  x8=0x45fe5000
         455000	        44	80000090	65640413	addi	x8,x8,1622	  x8:0x45fe5000  x8=0x45fe5656
         465000	        45	80000094	00000493	addi	x9,x0,0	  x0:0x00000000  x9=0x00000000
         475000	        46	80000098	f140e537	lui	x10,0xf140e	 x10=0xf140e000
         485000	        47	8000009c	40350513	addi	x10,x10,1027	 x10:0xf140e000 x10=0xf140e403
         495000	        48	800000a0	f5ccc5b7	lui	x11,0xf5ccc	 x11=0xf5ccc000
         505000	        49	800000a4	4b258593	addi	x11,x11,1202	 x11:0xf5ccc000 x11=0xf5ccc4b2
         515000	        50	800000a8	52ee1637	lui	x12,0x52ee1	 x12=0x52ee1000
         525000	        51	800000ac	d4260613	addi	x12,x12,-702	 x12:0x52ee1000 x12=0x52ee0d42
         535000	        52	800000b0	00c00693	addi	x13,x0,12	  x0:0x00000000 x13=0x0000000c
         545000	        53	800000b4	5d01b737	lui	x14,0x5d01b	 x14=0x5d01b000
         555000	        54	800000b8	f3070713	addi	x14,x14,-208	 x14:0x5d01b000 x14=0x5d01af30
         565000	        55	800000bc	04dc77b7	lui	x15,0x4dc7	 x15=0x04dc7000
         575000	        56	800000c0	41978793	addi	x15,x15,1049	 x15:0x04dc7000 x15=0x04dc7419
         585000	        57	800000c4	00200813	addi	x16,x0,2	  x0:0x00000000 x16=0x00000002
         595000	        58	800000c8	19a3d8b7	lui	x17,0x19a3d	 x17=0x19a3d000
         605000	        59	800000cc	24d88893	addi	x17,x17,589	 x17:0x19a3d000 x17=0x19a3d24d
         615000	        60	800000d0	00f00913	addi	x18,x0,15	  x0:0x00000000 x18=0x0000000f
         625000	        61	800000d4	00000993	addi	x19,x0,0	  x0:0x00000000 x19=0x00000000
         635000	        62	800000d8	00000a13	addi	x20,x0,0	  x0:0x00000000 x20=0x00000000
         645000	        63	800000dc	645deab7	lui	x21,0x645de	 x21=0x645de000
         655000	        64	800000e0	f77a8a93	addi	x21,x21,-137	 x21:0x645de000 x21=0x645ddf77
         665000	        65	800000e4	8d91eb37	lui	x22,0x8d91e	 x22=0x8d91e000
         675000	        66	800000e8	665b0b13	addi	x22,x22,1637	 x22:0x8d91e000 x22=0x8d91e665
         685000	        67	800000ec	cece6bb7	lui	x23,0xcece6	 x23=0xcece6000
         695000	        68	800000f0	506b8b93	addi	x23,x23,1286	 x23:0xcece6000 x23=0xcece6506
         705000	        69	800000f4	fd553c37	lui	x24,0xfd553	 x24=0xfd553000
         715000	        70	800000f8	ec6c0c13	addi	x24,x24,-314	 x24:0xfd553000 x24=0xfd552ec6
         725000	        71	800000fc	fdf8ccb7	lui	x25,0xfdf8c	 x25=0xfdf8c000
         735000	        72	80000100	f15c8c93	addi	x25,x25,-235	 x25:0xfdf8c000 x25=0xfdf8bf15
         745000	        73	80000104	80000d37	lui	x26,0x80000	 x26=0x80000000
         755000	        74	80000108	00700d93	addi	x27,x0,7	  x0:0x00000000 x27=0x00000007
         765000	        75	8000010c	f5d1ae37	lui	x28,0xf5d1a	 x28=0xf5d1a000
         775000	        76	80000110	545e0e13	addi	x28,x28,1349	 x28:0xf5d1a000 x28=0xf5d1a545
         785000	        77	80000114	00300f13	addi	x30,x0,3	  x0:0x00000000 x30=0x00000003
         795000	        78	80000118	00000f93	addi	x31,x0,0	  x0:0x00000000 x31=0x00000000
         805000	        79	8000011c	0000ae97	auipc	x29,0xa	 x29=0x8000a118
         815000	        80	80000120	e6ce8e93	addi	x29,x29,-404	 x29:0x8000a118 x29=0x80009f84
         825000	        81	80000124	00eaba33	sltu	x20,x21,x14	 x21:0x645ddf77 x14:0x5d01af30 x20=0x00000000
         835000	        82	80000128	00001297	auipc	x5,0x1	  x5=0x80001124
         845000	        83	8000012c	2dc28293	addi	x5,x5,732	  x5:0x80001124  x5=0x80001400
         855000	        84	80000130	7d725737	lui	x14,0x7d725	 x14=0x7d725000
         865000	        85	80000134	f1e4ea93	ori	x21,x9,-226	  x9:0x00000000 x21=0xffffff1e
         875000	        86	80000138	01fa2b33	slt	x22,x20,x31	 x20:0x00000000 x31:0x00000000 x22=0x00000000
         885000	        87	8000013c	00a381b3	add	x3,x7,x10	  x7:0xf865c388 x10:0xf140e403  x3=0xe9a6a78b
         895000	        88	80000140	01939ab3	sll	x21,x7,x25	  x7:0xf865c388 x25:0xfdf8bf15 x21=0x71000000
         905000	        89	80000144	28b15bb7	lui	x23,0x28b15	 x23=0x28b15000
         915000	        90	80000148	0f128293	addi	x5,x5,241	  x5:0x80001400  x5=0x800014f1
         925000	        91	8000014c	41e75733	sra	x14,x14,x30	 x14:0x7d725000 x30:0x00000003 x14=0x0fae4a00
         935000	        92	80000150	f6034d93	xori	x27,x6,-160	  x6:0x80000000 x27=0x7fffff60
         945000	        93	80000154	f0f28167	jalr	x2,x5,-241	  x5:0x800014f1  x2=0x80000154
         955000	        94	00000000	00000013	addi	x0,x0,0	  x0:0x00000000
         965000	        95	80001400	00000013	addi	x0,x0,0	  x0:0x00000000
         975000	        96	80001404	0141a033	slt	x0,x3,x20	  x3:0xe9a6a78b x20:0x00000000
         985000	        97	80001408	5191a893	slti	x17,x3,1305	  x3:0xe9a6a78b x17=0x00000001
         995000	        98	8000140c	00aff263	bgeu	x31,x10,80001410	 x31:0x00000000 x10:0xf140e403
        1005000	        99	80001410	ff8e8e93	addi	x29,x29,-8	 x29:0x80009f84 x29=0x80009f7c
        1015000	       100	80001414	404e5d33	sra	x26,x28,x4	 x28:0xf5d1a545  x4:0x80009fc4 x26=0xff5d1a54
        1025000	       101	80001418	002ea223	sw	x2,4(x29)	 x29:0x80009f7c  x2:0x80000154 PA:0x80009f80
        1035000	       102	8000141c	01846333	or	x6,x8,x24	  x8:0x45fe5656 x24:0xfd552ec6  x6=0xfdff7ed6
        1045000	       103	80001420	010e1b93	slli	x23,x28,0x10	 x28:0xf5d1a545 x23=0xa5450000
        1055000	       104	80001424	00041593	slli	x11,x8,0x0	  x8:0x45fe5656 x11=0x45fe5656
        1065000	       105	80001428	016d9ab3	sll	x21,x27,x22	 x27:0x7fffff60 x22:0x00000000 x21=0x7fffff60
        1075000	       106	8000142c	000574b3	and	x9,x10,x0	 x10:0xf140e403  x0:0x00000000  x9=0x00000000
        1085000	       107	80001430	40c800b3	sub	x1,x16,x12	 x16:0x00000002 x12:0x52ee0d42  x1=0xad11f2c0
        1095000	       108	80001434	00900313	addi	x6,x0,9	  x0:0x00000000  x6=0x00000009
        1105000	       109	80001438	9c3af993	andi	x19,x21,-1597	 x21:0x7fffff60 x19=0x7ffff940
        1115000	       110	8000143c	00aa68b3	or	x17,x20,x10	 x20:0x00000000 x10:0xf140e403 x17=0xf140e403
        1125000	       111	80001440	010e5e33	srl	x28,x28,x16	 x28:0xf5d1a545 x16:0x00000002 x28=0x3d746951
        1135000	       112	80001444	41ad5533	sra	x10,x26,x26	 x26:0xff5d1a54 x26:0xff5d1a54 x10=0xfffffff5
        1145000	       113	80001448	00331f33	sll	x30,x6,x3	  x6:0x00000009  x3:0xe9a6a78b x30=0x00004800
        1155000	       114	8000144c	00a00593	addi	x11,x0,10	  x0:0x00000000 x11=0x0000000a
        1165000	       115	80001450	e9a4bd13	sltiu	x26,x9,-358	  x9:0x00000000 x26=0x00000001
        1175000	       116	80001454	6e0ff193	andi	x3,x31,1760	 x31:0x00000000  x3=0x00000000
        1185000	       117	80001458	01b066b3	or	x13,x0,x27	  x0:0x00000000 x27:0x7fffff60 x13=0x7fffff60
        1195000	       118	8000145c	99538c93	addi	x25,x7,-1643	  x7:0xf865c388 x25=0xf865bd1d
        1205000	       119	80001460	00bb8c33	add	x24,x23,x11	 x23:0xa5450000 x11:0x0000000a x24=0xa545000a
        1215000	       120	80001464	8ec76817	auipc	x16,0x8ec76	 x16=0x0ec77460
        1225000	       121	80001468	01f85d33	srl	x26,x16,x31	 x16:0x0ec77460 x31:0x00000000 x26=0x0ec77460
        1235000	       122	8000146c	00730313	addi	x6,x6,7	  x6:0x00000009  x6=0x00000010
        1245000	       123	80001470	004c42b3	xor	x5,x24,x4	 x24:0xa545000a  x4:0x80009fc4  x5=0x25459fce
        1255000	       124	80001474	40b35033	sra	x0,x6,x11	  x6:0x00000010 x11:0x0000000a
        1265000	       125	80001478	c0766d13	ori	x26,x12,-1017	 x12:0x52ee0d42 x26=0xfffffd47
        1275000	       126	8000147c	018973b3	and	x7,x18,x24	 x18:0x0000000f x24:0xa545000a  x7=0x0000000a
        1285000	       127	80001480	01c59b33	sll	x22,x11,x28	 x11:0x0000000a x28:0x3d746951 x22=0x00140000
        1295000	       128	80001484	41bc0e17	auipc	x28,0x41bc0	 x28=0xc1bc1480
        1305000	       129	80001488	00406793	ori	x15,x0,4	  x0:0x00000000 x15=0x00000004
        1315000	       130	8000148c	40fbd513	srai	x10,x23,0xf	 x23:0xa5450000 x10=0xffff4a8a
        1325000	       131	80001490	04f57017	auipc	x0,0x4f57	
        1335000	       132	80001494	68a58513	addi	x10,x11,1674	 x11:0x0000000a x10=0x00000694
        1345000	       133	80001498	fab36ee3	bltu	x6,x11,80001454	  x6:0x00000010 x11:0x0000000a
        1355000	       134	8000149c	00a43b33	sltu	x22,x8,x10	  x8:0x45fe5656 x10:0x00000694 x22=0x00000000
        1365000	       135	800014a0	00000793	addi	x15,x0,0	  x0:0x00000000 x15=0x00000000
        1375000	       136	800014a4	f699b993	sltiu	x19,x19,-151	 x19:0x7ffff940 x19=0x00000001
        1385000	       137	800014a8	011e5c13	srli	x24,x28,0x11	 x28:0xc1bc1480 x24=0x000060de
        1395000	       138	800014ac	4169d933	sra	x18,x19,x22	 x19:0x00000001 x22:0x00000000 x18=0x00000001
        1405000	       139	800014b0	ffd00a13	addi	x20,x0,-3	  x0:0x00000000 x20=0xfffffffd
        1415000	       140	800014b4	01f401b3	add	x3,x8,x31	  x8:0x45fe5656 x31:0x00000000  x3=0x45fe5656
        1425000	       141	800014b8	412f0433	sub	x8,x30,x18	 x30:0x00004800 x18:0x00000001  x8=0x000047ff
        1435000	       142	800014bc	ff878793	addi	x15,x15,-8	 x15:0x00000000 x15=0xfffffff8
        1445000	       143	800014c0	01579393	slli	x7,x15,0x15	 x15:0xfffffff8  x7=0xff000000
        1455000	       144	800014c4	002108b3	add	x17,x2,x2	  x2:0x80000154  x2:0x80000154 x17=0x000002a8
        1465000	       145	800014c8	f8b9c113	xori	x2,x19,-117	 x19:0x00000001  x2=0xffffff8a
        1475000	       146	800014cc	012c6633	or	x12,x24,x18	 x24:0x000060de x18:0x00000001 x12=0x000060df
        1485000	       147	800014d0	019c79b3	and	x19,x24,x25	 x24:0x000060de x25:0xf865bd1d x19=0x0000201c
        1495000	       148	800014d4	ff47d0e3	bge	x15,x20,800014b4	 x15:0xfffffff8 x20:0xfffffffd
        1505000	       149	800014d8	00401e13	slli	x28,x0,0x4	  x0:0x00000000 x28=0x00000000
        1515000	       150	800014dc	00900413	addi	x8,x0,9	  x0:0x00000000  x8=0x00000009
        1525000	       151	800014e0	fff00c93	addi	x25,x0,-1	  x0:0x00000000 x25=0xffffffff
        1535000	       152	800014e4	0c877293	andi	x5,x14,200	 x14:0x0fae4a00  x5=0x00000000
        1545000	       153	800014e8	fff40413	addi	x8,x8,-1	  x8:0x00000009  x8=0x00000008
        1555000	       154	800014ec	e057a593	slti	x11,x15,-507	 x15:0xfffffff8 x11=0x00000000
        1565000	       155	800014f0	00300d13	addi	x26,x0,3	  x0:0x00000000 x26=0x00000003
        1575000	       156	800014f4	ff300a93	addi	x21,x0,-13	  x0:0x00000000 x21=0xfffffff3
        1585000	       157	800014f8	00efa633	slt	x12,x31,x14	 x31:0x00000000 x14:0x0fae4a00 x12=0x00000001
        1595000	       158	800014fc	ff8d0d13	addi	x26,x26,-8	 x26:0x00000003 x26=0xfffffffb
        1605000	       159	80001500	ff5d1ce3	bne	x26,x21,800014f8	 x26:0xfffffffb x21:0xfffffff3
        1615000	       160	00000000	00000013	addi	x0,x0,0	  x0:0x00000000
        1625000	       161	800014f4	00000013	addi	x0,x0,0	  x0:0x00000000
        1635000	       162	800014f8	00efa633	slt	x12,x31,x14	 x31:0x00000000 x14:0x0fae4a00 x12=0x00000001
        1645000	       163	800014fc	ff8d0d13	addi	x26,x26,-8	 x26:0xfffffffb x26=0xfffffff3
        1655000	       164	80001500	ff5d1ce3	bne	x26,x21,800014f8	 x26:0xfffffff3 x21:0xfffffff3
        1665000	       165	80001504	01f69c33	sll	x24,x13,x31	 x13:0x7fffff60 x31:0x00000000 x24=0x7fffff60
        1675000	       166	80001508	fd945ee3	bge	x8,x25,800014e4	  x8:0x00000008 x25:0xffffffff
        1685000	       167	00000000	00000013	addi	x0,x0,0	  x0:0x00000000
        1695000	       168	800014e0	00000013	addi	x0,x0,0	  x0:0x00000000
        1705000	       169	800014e4	0c877293	andi	x5,x14,200	 x14:0x0fae4a00  x5=0x00000000
        1715000	       170	800014e8	fff40413	addi	x8,x8,-1	  x8:0x00000008  x8=0x00000007
        1725000	       171	800014ec	e057a593	slti	x11,x15,-507	 x15:0xfffffff8 x11=0x00000000
        1735000	       172	800014f0	00300d13	addi	x26,x0,3	  x0:0x00000000 x26=0x00000003
        1745000	       173	800014f4	ff300a93	addi	x21,x0,-13	  x0:0x00000000 x21=0xfffffff3
        1755000	       174	800014f8	00efa633	slt	x12,x31,x14	 x31:0x00000000 x14:0x0fae4a00 x12=0x00000001
        1765000	       175	800014fc	ff8d0d13	addi	x26,x26,-8	 x26:0x00000003 x26=0xfffffffb
        1775000	       176	80001500	ff5d1ce3	bne	x26,x21,800014f8	 x26:0xfffffffb x21:0xfffffff3
        1785000	       177	00000000	00000013	addi	x0,x0,0	  x0:0x00000000
        1795000	       178	800014f4	00000013	addi	x0,x0,0	  x0:0x00000000
        1805000	       179	800014f8	00efa633	slt	x12,x31,x14	 x31:0x00000000 x14:0x0fae4a00 x12=0x00000001
        1815000	       180	800014fc	ff8d0d13	addi	x26,x26,-8	 x26:0xfffffffb x26=0xfffffff3
        1825000	       181	80001500	ff5d1ce3	bne	x26,x21,800014f8	 x26:0xfffffff3 x21:0xfffffff3
        1835000	       182	80001504	01f69c33	sll	x24,x13,x31	 x13:0x7fffff60 x31:0x00000000 x24=0x7fffff60
        1845000	       183	80001508	fd945ee3	bge	x8,x25,800014e4	  x8:0x00000007 x25:0xffffffff
        1855000	       184	00000000	00000013	addi	x0,x0,0	  x0:0x00000000
        1865000	       185	800014e0	00000013	addi	x0,x0,0	  x0:0x00000000
        1875000	       186	800014e4	0c877293	andi	x5,x14,200	 x14:0x0fae4a00  x5=0x00000000
        1885000	       187	800014e8	fff40413	addi	x8,x8,-1	  x8:0x00000007  x8=0x00000006
        1895000	       188	800014ec	e057a593	slti	x11,x15,-507	 x15:0xfffffff8 x11=0x00000000
        1905000	       189	800014f0	00300d13	addi	x26,x0,3	  x0:0x00000000 x26=0x00000003
        1915000	       190	800014f4	ff300a93	addi	x21,x0,-13	  x0:0x00000000 x21=0xfffffff3
        1925000	       191	800014f8	00efa633	slt	x12,x31,x14	 x31:0x00000000 x14:0x0fae4a00 x12=0x00000001
        1935000	       192	800014fc	ff8d0d13	addi	x26,x26,-8	 x26:0x00000003 x26=0xfffffffb
        1945000	       193	80001500	ff5d1ce3	bne	x26,x21,800014f8	 x26:0xfffffffb x21:0xfffffff3
        1955000	       194	00000000	00000013	addi	x0,x0,0	  x0:0x00000000
        1965000	       195	800014f4	00000013	addi	x0,x0,0	  x0:0x00000000
        1975000	       196	800014f8	00efa633	slt	x12,x31,x14	 x31:0x00000000 x14:0x0fae4a00 x12=0x00000001
        1985000	       197	800014fc	ff8d0d13	addi	x26,x26,-8	 x26:0xfffffffb x26=0xfffffff3
        1995000	       198	80001500	ff5d1ce3	bne	x26,x21,800014f8	 x26:0xfffffff3 x21:0xfffffff3
        2005000	       199	80001504	01f69c33	sll	x24,x13,x31	 x13:0x7fffff60 x31:0x00000000 x24=0x7fffff60
        2015000	       200	80001508	fd945ee3	bge	x8,x25,800014e4	  x8:0x00000006 x25:0xffffffff
        2025000	       201	00000000	00000013	addi	x0,x0,0	  x0:0x00000000
        2035000	       202	800014e0	00000013	addi	x0,x0,0	  x0:0x00000000
        2045000	       203	800014e4	0c877293	andi	x5,x14,200	 x14:0x0fae4a00  x5=0x00000000
        2055000	       204	800014e8	fff40413	addi	x8,x8,-1	  x8:0x00000006  x8=0x00000005
        2065000	       205	800014ec	e057a593	slti	x11,x15,-507	 x15:0xfffffff8 x11=0x00000000
        2075000	       206	800014f0	00300d13	addi	x26,x0,3	  x0:0x00000000 x26=0x00000003
        2085000	       207	800014f4	ff300a93	addi	x21,x0,-13	  x0:0x00000000 x21=0xfffffff3
        2095000	       208	800014f8	00efa633	slt	x12,x31,x14	 x31:0x00000000 x14:0x0fae4a00 x12=0x00000001
        2105000	       209	800014fc	ff8d0d13	addi	x26,x26,-8	 x26:0x00000003 x26=0xfffffffb
        2115000	       210	80001500	ff5d1ce3	bne	x26,x21,800014f8	 x26:0xfffffffb x21:0xfffffff3
        2125000	       211	00000000	00000013	addi	x0,x0,0	  x0:0x00000000
        2135000	       212	800014f4	00000013	addi	x0,x0,0	  x0:0x00000000
        2145000	       213	800014f8	00efa633	slt	x12,x31,x14	 x31:0x00000000 x14:0x0fae4a00 x12=0x00000001
        2155000	       214	800014fc	ff8d0d13	addi	x26,x26,-8	 x26:0xfffffffb x26=0xfffffff3
        2165000	       215	80001500	ff5d1ce3	bne	x26,x21,800014f8	 x26:0xfffffff3 x21:0xfffffff3
        2175000	       216	80001504	01f69c33	sll	x24,x13,x31	 x13:0x7fffff60 x31:0x00000000 x24=0x7fffff60
        2185000	       217	80001508	fd945ee3	bge	x8,x25,800014e4	  x8:0x00000005 x25:0xffffffff
        2195000	       218	00000000	00000013	addi	x0,x0,0	  x0:0x00000000
        2205000	       219	800014e0	00000013	addi	x0,x0,0	  x0:0x00000000
        2215000	       220	800014e4	0c877293	andi	x5,x14,200	 x14:0x0fae4a00  x5=0x00000000
        2225000	       221	800014e8	fff40413	addi	x8,x8,-1	  x8:0x00000005  x8=0x00000004
        2235000	       222	800014ec	e057a593	slti	x11,x15,-507	 x15:0xfffffff8 x11=0x00000000
        2245000	       223	800014f0	00300d13	addi	x26,x0,3	  x0:0x00000000 x26=0x00000003
        2255000	       224	800014f4	ff300a93	addi	x21,x0,-13	  x0:0x00000000 x21=0xfffffff3
        2265000	       225	800014f8	00efa633	slt	x12,x31,x14	 x31:0x00000000 x14:0x0fae4a00 x12=0x00000001
        2275000	       226	800014fc	ff8d0d13	addi	x26,x26,-8	 x26:0x00000003 x26=0xfffffffb
        2285000	       227	80001500	ff5d1ce3	bne	x26,x21,800014f8	 x26:0xfffffffb x21:0xfffffff3
        2295000	       228	00000000	00000013	addi	x0,x0,0	  x0:0x00000000
        2305000	       229	800014f4	00000013	addi	x0,x0,0	  x0:0x00000000
        2315000	       230	800014f8	00efa633	slt	x12,x31,x14	 x31:0x00000000 x14:0x0fae4a00 x12=0x00000001
        2325000	       231	800014fc	ff8d0d13	addi	x26,x26,-8	 x26:0xfffffffb x26=0xfffffff3
        2335000	       232	80001500	ff5d1ce3	bne	x26,x21,800014f8	 x26:0xfffffff3 x21:0xfffffff3
        2345000	       233	80001504	01f69c33	sll	x24,x13,x31	 x13:0x7fffff60 x31:0x00000000 x24=0x7fffff60
        2355000	       234	80001508	fd945ee3	bge	x8,x25,800014e4	  x8:0x00000004 x25:0xffffffff
        2365000	       235	00000000	00000013	addi	x0,x0,0	  x0:0x00000000
        2375000	       236	800014e0	00000013	addi	x0,x0,0	  x0:0x00000000
        2385000	       237	800014e4	0c877293	andi	x5,x14,200	 x14:0x0fae4a00  x5=0x00000000
        2395000	       238	800014e8	fff40413	addi	x8,x8,-1	  x8:0x00000004  x8=0x00000003
        2405000	       239	800014ec	e057a593	slti	x11,x15,-507	 x15:0xfffffff8 x11=0x00000000
        2415000	       240	800014f0	00300d13	addi	x26,x0,3	  x0:0x00000000 x26=0x00000003
        2425000	       241	800014f4	ff300a93	addi	x21,x0,-13	  x0:0x00000000 x21=0xfffffff3
        2435000	       242	800014f8	00efa633	slt	x12,x31,x14	 x31:0x00000000 x14:0x0fae4a00 x12=0x00000001
        2445000	       243	800014fc	ff8d0d13	addi	x26,x26,-8	 x26:0x00000003 x26=0xfffffffb
        2455000	       244	80001500	ff5d1ce3	bne	x26,x21,800014f8	 x26:0xfffffffb x21:0xfffffff3
        2465000	       245	00000000	00000013	addi	x0,x0,0	  x0:0x00000000
        2475000	       246	800014f4	00000013	addi	x0,x0,0	  x0:0x00000000
        2485000	       247	800014f8	00efa633	slt	x12,x31,x14	 x31:0x00000000 x14:0x0fae4a00 x12=0x00000001
        2495000	       248	800014fc	ff8d0d13	addi	x26,x26,-8	 x26:0xfffffffb x26=0xfffffff3
        2505000	       249	80001500	ff5d1ce3	bne	x26,x21,800014f8	 x26:0xfffffff3 x21:0xfffffff3
        2515000	       250	80001504	01f69c33	sll	x24,x13,x31	 x13:0x7fffff60 x31:0x00000000 x24=0x7fffff60
        2525000	       251	80001508	fd945ee3	bge	x8,x25,800014e4	  x8:0x00000003 x25:0xffffffff
        2535000	       252	00000000	00000013	addi	x0,x0,0	  x0:0x00000000
        2545000	       253	800014e0	00000013	addi	x0,x0,0	  x0:0x00000000
        2555000	       254	800014e4	0c877293	andi	x5,x14,200	 x14:0x0fae4a00  x5=0x00000000
        2565000	       255	800014e8	fff40413	addi	x8,x8,-1	  x8:0x00000003  x8=0x00000002
        2575000	       256	800014ec	e057a593	slti	x11,x15,-507	 x15:0xfffffff8 x11=0x00000000
        2585000	       257	800014f0	00300d13	addi	x26,x0,3	  x0:0x00000000 x26=0x00000003
        2595000	       258	800014f4	ff300a93	addi	x21,x0,-13	  x0:0x00000000 x21=0xfffffff3
        2605000	       259	800014f8	00efa633	slt	x12,x31,x14	 x31:0x00000000 x14:0x0fae4a00 x12=0x00000001
        2615000	       260	800014fc	ff8d0d13	addi	x26,x26,-8	 x26:0x00000003 x26=0xfffffffb
        2625000	       261	80001500	ff5d1ce3	bne	x26,x21,800014f8	 x26:0xfffffffb x21:0xfffffff3
        2635000	       262	00000000	00000013	addi	x0,x0,0	  x0:0x00000000
        2645000	       263	800014f4	00000013	addi	x0,x0,0	  x0:0x00000000
        2655000	       264	800014f8	00efa633	slt	x12,x31,x14	 x31:0x00000000 x14:0x0fae4a00 x12=0x00000001
        2665000	       265	800014fc	ff8d0d13	addi	x26,x26,-8	 x26:0xfffffffb x26=0xfffffff3
        2675000	       266	80001500	ff5d1ce3	bne	x26,x21,800014f8	 x26:0xfffffff3 x21:0xfffffff3
        2685000	       267	80001504	01f69c33	sll	x24,x13,x31	 x13:0x7fffff60 x31:0x00000000 x24=0x7fffff60
        2695000	       268	80001508	fd945ee3	bge	x8,x25,800014e4	  x8:0x00000002 x25:0xffffffff
        2705000	       269	00000000	00000013	addi	x0,x0,0	  x0:0x00000000
        2715000	       270	800014e0	00000013	addi	x0,x0,0	  x0:0x00000000
        2725000	       271	800014e4	0c877293	andi	x5,x14,200	 x14:0x0fae4a00  x5=0x00000000
        2735000	       272	800014e8	fff40413	addi	x8,x8,-1	  x8:0x00000002  x8=0x00000001
        2745000	       273	800014ec	e057a593	slti	x11,x15,-507	 x15:0xfffffff8 x11=0x00000000
        2755000	       274	800014f0	00300d13	addi	x26,x0,3	  x0:0x00000000 x26=0x00000003
        2765000	       275	800014f4	ff300a93	addi	x21,x0,-13	  x0:0x00000000 x21=0xfffffff3
        2775000	       276	800014f8	00efa633	slt	x12,x31,x14	 x31:0x00000000 x14:0x0fae4a00 x12=0x00000001
        2785000	       277	800014fc	ff8d0d13	addi	x26,x26,-8	 x26:0x00000003 x26=0xfffffffb
        2795000	       278	80001500	ff5d1ce3	bne	x26,x21,800014f8	 x26:0xfffffffb x21:0xfffffff3
        2805000	       279	00000000	00000013	addi	x0,x0,0	  x0:0x00000000
        2815000	       280	800014f4	00000013	addi	x0,x0,0	  x0:0x00000000
        2825000	       281	800014f8	00efa633	slt	x12,x31,x14	 x31:0x00000000 x14:0x0fae4a00 x12=0x00000001
        2835000	       282	800014fc	ff8d0d13	addi	x26,x26,-8	 x26:0xfffffffb x26=0xfffffff3
        2845000	       283	80001500	ff5d1ce3	bne	x26,x21,800014f8	 x26:0xfffffff3 x21:0xfffffff3
        2855000	       284	80001504	01f69c33	sll	x24,x13,x31	 x13:0x7fffff60 x31:0x00000000 x24=0x7fffff60
        2865000	       285	80001508	fd945ee3	bge	x8,x25,800014e4	  x8:0x00000001 x25:0xffffffff
        2875000	       286	00000000	00000013	addi	x0,x0,0	  x0:0x00000000
        2885000	       287	800014e0	00000013	addi	x0,x0,0	  x0:0x00000000
        2895000	       288	800014e4	0c877293	andi	x5,x14,200	 x14:0x0fae4a00  x5=0x00000000
        2905000	       289	800014e8	fff40413	addi	x8,x8,-1	  x8:0x00000001  x8=0x00000000
        2915000	       290	800014ec	e057a593	slti	x11,x15,-507	 x15:0xfffffff8 x11=0x00000000
        2925000	       291	800014f0	00300d13	addi	x26,x0,3	  x0:0x00000000 x26=0x00000003
        2935000	       292	800014f4	ff300a93	addi	x21,x0,-13	  x0:0x00000000 x21=0xfffffff3
        2945000	       293	800014f8	00efa633	slt	x12,x31,x14	 x31:0x00000000 x14:0x0fae4a00 x12=0x00000001
        2955000	       294	800014fc	ff8d0d13	addi	x26,x26,-8	 x26:0x00000003 x26=0xfffffffb
        2965000	       295	80001500	ff5d1ce3	bne	x26,x21,800014f8	 x26:0xfffffffb x21:0xfffffff3
        2975000	       296	00000000	00000013	addi	x0,x0,0	  x0:0x00000000
        2985000	       297	800014f4	00000013	addi	x0,x0,0	  x0:0x00000000
        2995000	       298	800014f8	00efa633	slt	x12,x31,x14	 x31:0x00000000 x14:0x0fae4a00 x12=0x00000001
        3005000	       299	800014fc	ff8d0d13	addi	x26,x26,-8	 x26:0xfffffffb x26=0xfffffff3
        3015000	       300	80001500	ff5d1ce3	bne	x26,x21,800014f8	 x26:0xfffffff3 x21:0xfffffff3
        3025000	       301	80001504	01f69c33	sll	x24,x13,x31	 x13:0x7fffff60 x31:0x00000000 x24=0x7fffff60
        3035000	       302	80001508	fd945ee3	bge	x8,x25,800014e4	  x8:0x00000000 x25:0xffffffff
        3045000	       303	00000000	00000013	addi	x0,x0,0	  x0:0x00000000
        3055000	       304	800014e0	00000013	addi	x0,x0,0	  x0:0x00000000
        3065000	       305	800014e4	0c877293	andi	x5,x14,200	 x14:0x0fae4a00  x5=0x00000000
        3075000	       306	800014e8	fff40413	addi	x8,x8,-1	  x8:0x00000000  x8=0xffffffff
        3085000	       307	800014ec	e057a593	slti	x11,x15,-507	 x15:0xfffffff8 x11=0x00000000
        3095000	       308	800014f0	00300d13	addi	x26,x0,3	  x0:0x00000000 x26=0x00000003
        3105000	       309	800014f4	ff300a93	addi	x21,x0,-13	  x0:0x00000000 x21=0xfffffff3
        3115000	       310	800014f8	00efa633	slt	x12,x31,x14	 x31:0x00000000 x14:0x0fae4a00 x12=0x00000001
        3125000	       311	800014fc	ff8d0d13	addi	x26,x26,-8	 x26:0x00000003 x26=0xfffffffb
        3135000	       312	80001500	ff5d1ce3	bne	x26,x21,800014f8	 x26:0xfffffffb x21:0xfffffff3
        3145000	       313	00000000	00000013	addi	x0,x0,0	  x0:0x00000000
        3155000	       314	800014f4	00000013	addi	x0,x0,0	  x0:0x00000000
        3165000	       315	800014f8	00efa633	slt	x12,x31,x14	 x31:0x00000000 x14:0x0fae4a00 x12=0x00000001
        3175000	       316	800014fc	ff8d0d13	addi	x26,x26,-8	 x26:0xfffffffb x26=0xfffffff3
        3185000	       317	80001500	ff5d1ce3	bne	x26,x21,800014f8	 x26:0xfffffff3 x21:0xfffffff3
        3195000	       318	80001504	01f69c33	sll	x24,x13,x31	 x13:0x7fffff60 x31:0x00000000 x24=0x7fffff60
        3205000	       319	80001508	fd945ee3	bge	x8,x25,800014e4	  x8:0xffffffff x25:0xffffffff
        3215000	       320	00000000	00000013	addi	x0,x0,0	  x0:0x00000000
        3225000	       321	800014e0	00000013	addi	x0,x0,0	  x0:0x00000000
        3235000	       322	800014e4	0c877293	andi	x5,x14,200	 x14:0x0fae4a00  x5=0x00000000
        3245000	       323	800014e8	fff40413	addi	x8,x8,-1	  x8:0xffffffff  x8=0xfffffffe
        3255000	       324	800014ec	e057a593	slti	x11,x15,-507	 x15:0xfffffff8 x11=0x00000000
        3265000	       325	800014f0	00300d13	addi	x26,x0,3	  x0:0x00000000 x26=0x00000003
        3275000	       326	800014f4	ff300a93	addi	x21,x0,-13	  x0:0x00000000 x21=0xfffffff3
        3285000	       327	800014f8	00efa633	slt	x12,x31,x14	 x31:0x00000000 x14:0x0fae4a00 x12=0x00000001
        3295000	       328	800014fc	ff8d0d13	addi	x26,x26,-8	 x26:0x00000003 x26=0xfffffffb
        3305000	       329	80001500	ff5d1ce3	bne	x26,x21,800014f8	 x26:0xfffffffb x21:0xfffffff3
        3315000	       330	00000000	00000013	addi	x0,x0,0	  x0:0x00000000
        3325000	       331	800014f4	00000013	addi	x0,x0,0	  x0:0x00000000
        3335000	       332	800014f8	00efa633	slt	x12,x31,x14	 x31:0x00000000 x14:0x0fae4a00 x12=0x00000001
        3345000	       333	800014fc	ff8d0d13	addi	x26,x26,-8	 x26:0xfffffffb x26=0xfffffff3
        3355000	       334	80001500	ff5d1ce3	bne	x26,x21,800014f8	 x26:0xfffffff3 x21:0xfffffff3
        3365000	       335	80001504	01f69c33	sll	x24,x13,x31	 x13:0x7fffff60 x31:0x00000000 x24=0x7fffff60
        3375000	       336	80001508	fd945ee3	bge	x8,x25,800014e4	  x8:0xfffffffe x25:0xffffffff
        3385000	       337	8000150c	0150e1b3	or	x3,x1,x21	  x1:0xad11f2c0 x21:0xfffffff3  x3=0xfffffff3
        3395000	       338	80001510	00800193	addi	x3,x0,8	  x0:0x00000000  x3=0x00000008
        3405000	       339	80001514	6b030997	auipc	x19,0x6b030	 x19=0xeb031510
        3415000	       340	80001518	0a2e3793	sltiu	x15,x28,162	 x28:0x00000000 x15=0x00000001
        3425000	       341	8000151c	403d2d13	slti	x26,x26,1027	 x26:0xfffffff3 x26=0x00000001
        3435000	       342	80001520	00990bb3	add	x23,x18,x9	 x18:0x00000001  x9:0x00000000 x23=0x00000001
        3445000	       343	80001524	11f72cb7	lui	x25,0x11f72	 x25=0x11f72000
        3455000	       344	80001528	007c0b33	add	x22,x24,x7	 x24:0x7fffff60  x7:0xff000000 x22=0x7effff60
        3465000	       345	8000152c	00600093	addi	x1,x0,6	  x0:0x00000000  x1=0x00000006
        3475000	       346	80001530	41d00ab3	sub	x21,x0,x29	  x0:0x00000000 x29:0x80009f7c x21=0x7fff6084
        3485000	       347	80001534	407c5893	srai	x17,x24,0x7	 x24:0x7fffff60 x17=0x00fffffe
        3495000	       348	80001538	01bb47b3	xor	x15,x22,x27	 x22:0x7effff60 x27:0x7fffff60 x15=0x01000000
        3505000	       349	8000153c	23342813	slti	x16,x8,563	  x8:0xfffffffe x16=0x00000001
        3515000	       350	80001540	01d6b433	sltu	x8,x13,x29	 x13:0x7fffff60 x29:0x80009f7c  x8=0x00000001
        3525000	       351	80001544	ffe18193	addi	x3,x3,-2	  x3:0x00000008  x3=0x00000006
        3535000	       352	80001548	00ed1bb3	sll	x23,x26,x14	 x26:0x00000001 x14:0x0fae4a00 x23=0x00000001
        3545000	       353	8000154c	ff600513	addi	x10,x0,-10	  x0:0x00000000 x10=0xfffffff6
        3555000	       354	80001550	013ba6b3	slt	x13,x23,x19	 x23:0x00000001 x19:0xeb031510 x13=0x00000000
        3565000	       355	80001554	fee00f13	addi	x30,x0,-18	  x0:0x00000000 x30=0xffffffee
        3575000	       356	80001558	00194933	xor	x18,x18,x1	 x18:0x00000001  x1:0x00000006 x18=0x00000007
        3585000	       357	8000155c	40a38db3	sub	x27,x7,x10	  x7:0xff000000 x10:0xfffffff6 x27=0xff00000a
        3595000	       358	80001560	01361d33	sll	x26,x12,x19	 x12:0x00000001 x19:0xeb031510 x26=0x00010000
        3605000	       359	80001564	007ffa33	and	x20,x31,x7	 x31:0x00000000  x7:0xff000000 x20=0x00000000
        3615000	       360	80001568	40b25493	srai	x9,x4,0xb	  x4:0x80009fc4  x9=0xfff00013
        3625000	       361	8000156c	0092bab3	sltu	x21,x5,x9	  x5:0x00000000  x9:0xfff00013 x21=0x00000001
        3635000	       362	80001570	00f618b3	sll	x17,x12,x15	 x12:0x00000001 x15:0x01000000 x17=0x00000001
        3645000	       363	80001574	019d6cb3	or	x25,x26,x25	 x26:0x00010000 x25:0x11f72000 x25=0x11f72000
        3655000	       364	80001578	41385733	sra	x14,x16,x19	 x16:0x00000001 x19:0xeb031510 x14=0x00000000
        3665000	       365	8000157c	00fa9313	slli	x6,x21,0xf	 x21:0x00000001  x6=0x00008000
        3675000	       366	80001580	ff850513	addi	x10,x10,-8	 x10:0xfffffff6 x10=0xffffffee
        3685000	       367	80001584	000067b3	or	x15,x0,x0	  x0:0x00000000  x0:0x00000000 x15=0x00000000
        3695000	       368	80001588	fde50ee3	beq	x10,x30,80001564	 x10:0xffffffee x30:0xffffffee
        3705000	       369	00000000	00000013	addi	x0,x0,0	  x0:0x00000000
        3715000	       370	80001560	00000013	addi	x0,x0,0	  x0:0x00000000
        3725000	       371	80001564	007ffa33	and	x20,x31,x7	 x31:0x00000000  x7:0xff000000 x20=0x00000000
        3735000	       372	80001568	40b25493	srai	x9,x4,0xb	  x4:0x80009fc4  x9=0xfff00013
        3745000	       373	8000156c	0092bab3	sltu	x21,x5,x9	  x5:0x00000000  x9:0xfff00013 x21=0x00000001
        3755000	       374	80001570	00f618b3	sll	x17,x12,x15	 x12:0x00000001 x15:0x00000000 x17=0x00000001
        3765000	       375	80001574	019d6cb3	or	x25,x26,x25	 x26:0x00010000 x25:0x11f72000 x25=0x11f72000
        3775000	       376	80001578	41385733	sra	x14,x16,x19	 x16:0x00000001 x19:0xeb031510 x14=0x00000000
        3785000	       377	8000157c	00fa9313	slli	x6,x21,0xf	 x21:0x00000001  x6=0x00008000
        3795000	       378	80001580	ff850513	addi	x10,x10,-8	 x10:0xffffffee x10=0xffffffe6
        3805000	       379	80001584	000067b3	or	x15,x0,x0	  x0:0x00000000  x0:0x00000000 x15=0x00000000
        3815000	       380	80001588	fde50ee3	beq	x10,x30,80001564	 x10:0xffffffe6 x30:0xffffffee
        3825000	       381	8000158c	000513b3	sll	x7,x10,x0	 x10:0xffffffe6  x0:0x00000000  x7=0xffffffe6
        3835000	       382	80001590	fa11f0e3	bgeu	x3,x1,80001530	  x3:0x00000006  x1:0x00000006
        3845000	       383	00000000	00000013	addi	x0,x0,0	  x0:0x00000000
        3855000	       384	8000152c	00000013	addi	x0,x0,0	  x0:0x00000000
        3865000	       385	80001530	41d00ab3	sub	x21,x0,x29	  x0:0x00000000 x29:0x80009f7c x21=0x7fff6084
        3875000	       386	80001534	407c5893	srai	x17,x24,0x7	 x24:0x7fffff60 x17=0x00fffffe
        3885000	       387	80001538	01bb47b3	xor	x15,x22,x27	 x22:0x7effff60 x27:0xff00000a x15=0x81ffff6a
        3895000	       388	8000153c	23342813	slti	x16,x8,563	  x8:0x00000001 x16=0x00000001
        3905000	       389	80001540	01d6b433	sltu	x8,x13,x29	 x13:0x00000000 x29:0x80009f7c  x8=0x00000001
        3915000	       390	80001544	ffe18193	addi	x3,x3,-2	  x3:0x00000006  x3=0x00000004
        3925000	       391	80001548	00ed1bb3	sll	x23,x26,x14	 x26:0x00010000 x14:0x00000000 x23=0x00010000
        3935000	       392	8000154c	ff600513	addi	x10,x0,-10	  x0:0x00000000 x10=0xfffffff6
        3945000	       393	80001550	013ba6b3	slt	x13,x23,x19	 x23:0x00010000 x19:0xeb031510 x13=0x00000000
        3955000	       394	80001554	fee00f13	addi	x30,x0,-18	  x0:0x00000000 x30=0xffffffee
        3965000	       395	80001558	00194933	xor	x18,x18,x1	 x18:0x00000007  x1:0x00000006 x18=0x00000001
        3975000	       396	8000155c	40a38db3	sub	x27,x7,x10	  x7:0xffffffe6 x10:0xfffffff6 x27=0xfffffff0
        3985000	       397	80001560	01361d33	sll	x26,x12,x19	 x12:0x00000001 x19:0xeb031510 x26=0x00010000
        3995000	       398	80001564	007ffa33	and	x20,x31,x7	 x31:0x00000000  x7:0xffffffe6 x20=0x00000000
        4005000	       399	80001568	40b25493	srai	x9,x4,0xb	  x4:0x80009fc4  x9=0xfff00013
        4015000	       400	8000156c	0092bab3	sltu	x21,x5,x9	  x5:0x00000000  x9:0xfff00013 x21=0x00000001
        4025000	       401	80001570	00f618b3	sll	x17,x12,x15	 x12:0x00000001 x15:0x81ffff6a x17=0x00000400
        4035000	       402	80001574	019d6cb3	or	x25,x26,x25	 x26:0x00010000 x25:0x11f72000 x25=0x11f72000
        4045000	       403	80001578	41385733	sra	x14,x16,x19	 x16:0x00000001 x19:0xeb031510 x14=0x00000000
        4055000	       404	8000157c	00fa9313	slli	x6,x21,0xf	 x21:0x00000001  x6=0x00008000
        4065000	       405	80001580	ff850513	addi	x10,x10,-8	 x10:0xfffffff6 x10=0xffffffee
        4075000	       406	80001584	000067b3	or	x15,x0,x0	  x0:0x00000000  x0:0x00000000 x15=0x00000000
        4085000	       407	80001588	fde50ee3	beq	x10,x30,80001564	 x10:0xffffffee x30:0xffffffee
        4095000	       408	00000000	00000013	addi	x0,x0,0	  x0:0x00000000
        4105000	       409	80001560	00000013	addi	x0,x0,0	  x0:0x00000000
        4115000	       410	80001564	007ffa33	and	x20,x31,x7	 x31:0x00000000  x7:0xffffffe6 x20=0x00000000
        4125000	       411	80001568	40b25493	srai	x9,x4,0xb	  x4:0x80009fc4  x9=0xfff00013
        4135000	       412	8000156c	0092bab3	sltu	x21,x5,x9	  x5:0x00000000  x9:0xfff00013 x21=0x00000001
        4145000	       413	80001570	00f618b3	sll	x17,x12,x15	 x12:0x00000001 x15:0x00000000 x17=0x00000001
        4155000	       414	80001574	019d6cb3	or	x25,x26,x25	 x26:0x00010000 x25:0x11f72000 x25=0x11f72000
        4165000	       415	80001578	41385733	sra	x14,x16,x19	 x16:0x00000001 x19:0xeb031510 x14=0x00000000
        4175000	       416	8000157c	00fa9313	slli	x6,x21,0xf	 x21:0x00000001  x6=0x00008000
        4185000	       417	80001580	ff850513	addi	x10,x10,-8	 x10:0xffffffee x10=0xffffffe6
        4195000	       418	80001584	000067b3	or	x15,x0,x0	  x0:0x00000000  x0:0x00000000 x15=0x00000000
        4205000	       419	80001588	fde50ee3	beq	x10,x30,80001564	 x10:0xffffffe6 x30:0xffffffee
        4215000	       420	8000158c	000513b3	sll	x7,x10,x0	 x10:0xffffffe6  x0:0x00000000  x7=0xffffffe6
        4225000	       421	80001590	fa11f0e3	bgeu	x3,x1,80001530	  x3:0x00000004  x1:0x00000006
        4235000	       422	80001594	003e1333	sll	x6,x28,x3	 x28:0x00000000  x3:0x00000004  x6=0x00000000
        4245000	       423	80001598	00900913	addi	x18,x0,9	  x0:0x00000000 x18=0x00000009
        4255000	       424	8000159c	5ead8513	addi	x10,x27,1514	 x27:0xfffffff0 x10=0x000005da
        4265000	       425	800015a0	00f67333	and	x6,x12,x15	 x12:0x00000001 x15:0x00000000  x6=0x00000000
        4275000	       426	800015a4	400488b3	sub	x17,x9,x0	  x9:0xfff00013  x0:0x00000000 x17=0xfff00013
        4285000	       427	800015a8	ccc92417	auipc	x8,0xccc92	  x8=0x4cc935a4
        4295000	       428	800015ac	00900193	addi	x3,x0,9	  x0:0x00000000  x3=0x00000009
        4305000	       429	800015b0	c46c32b7	lui	x5,0xc46c3	  x5=0xc46c3000
        4315000	       430	800015b4	00d18c33	add	x24,x3,x13	  x3:0x00000009 x13:0x00000000 x24=0x00000009
        4325000	       431	800015b8	41735d13	srai	x26,x6,0x17	  x6:0x00000000 x26=0x00000000
        4335000	       432	800015bc	01382733	slt	x14,x16,x19	 x16:0x00000001 x19:0xeb031510 x14=0x00000000
        4345000	       433	800015c0	009d69b3	or	x19,x26,x9	 x26:0x00000000  x9:0xfff00013 x19=0xfff00013
        4355000	       434	800015c4	015b6433	or	x8,x22,x21	 x22:0x7effff60 x21:0x00000001  x8=0x7effff61
        4365000	       435	800015c8	40815513	srai	x10,x2,0x8	  x2:0xffffff8a x10=0xffffffff
        4375000	       436	800015cc	01b4ac33	slt	x24,x9,x27	  x9:0xfff00013 x27:0xfffffff0 x24=0x00000001
        4385000	       437	800015d0	01211993	slli	x19,x2,0x12	  x2:0xffffff8a x19=0xfe280000
        4395000	       438	800015d4	0089fb33	and	x22,x19,x8	 x19:0xfe280000  x8:0x7effff61 x22=0x7e280000
        4405000	       439	800015d8	00195d13	srli	x26,x18,0x1	 x18:0x00000009 x26=0x00000004
        4415000	       440	800015dc	008ed413	srli	x8,x29,0x8	 x29:0x80009f7c  x8=0x0080009f
        4425000	       441	800015e0	00474333	xor	x6,x14,x4	 x14:0x00000000  x4:0x80009fc4  x6=0x80009fc4
        4435000	       442	800015e4	ffc90913	addi	x18,x18,-4	 x18:0x00000009 x18=0x00000005
        4445000	       443	800015e8	26323e17	auipc	x28,0x26323	 x28=0xa63245e4
        4455000	       444	800015ec	414a82b3	sub	x5,x21,x20	 x21:0x00000001 x20:0x00000000  x5=0x00000001
        4465000	       445	800015f0	fc3976e3	bgeu	x18,x3,800015bc	 x18:0x00000005  x3:0x00000009
        4475000	       446	800015f4	00a0d693	srli	x13,x1,0xa	  x1:0x00000006 x13=0x00000000
        4485000	       447	800015f8	00500313	addi	x6,x0,5	  x0:0x00000000  x6=0x00000005
        4495000	       448	800015fc	061dfd13	andi	x26,x27,97	 x27:0xfffffff0 x26=0x00000060
        4505000	       449	80001600	4021d7b3	sra	x15,x3,x2	  x3:0x00000009  x2:0xffffff8a x15=0x00000000
        4515000	       450	80001604	c0c8ce13	xori	x28,x17,-1012	 x17:0xfff00013 x28=0x000ffc1f
        4525000	       451	80001608	5ca63113	sltiu	x2,x12,1482	 x12:0x00000001  x2=0x00000001
        4535000	       452	8000160c	933314b7	lui	x9,0x93331	  x9=0x93331000
        4545000	       453	80001610	4166d813	srai	x16,x13,0x16	 x13:0x00000000 x16=0x00000000
        4555000	       454	80001614	411b88b3	sub	x17,x23,x17	 x23:0x00010000 x17:0xfff00013 x17=0x0010ffed
        4565000	       455	80001618	410c59b3	sra	x19,x24,x16	 x24:0x00000001 x16:0x00000000 x19=0x00000001
        4575000	       456	8000161c	00f1a133	slt	x2,x3,x15	  x3:0x00000009 x15:0x00000000  x2=0x00000000
        4585000	       457	80001620	01ca6ab3	or	x21,x20,x28	 x20:0x00000000 x28:0x000ffc1f x21=0x000ffc1f
        4595000	       458	80001624	b7814c93	xori	x25,x2,-1160	  x2:0x00000000 x25=0xfffffb78
        4605000	       459	80001628	0020b733	sltu	x14,x1,x2	  x1:0x00000006  x2:0x00000000 x14=0x00000000
        4615000	       460	8000162c	ffb00913	addi	x18,x0,-5	  x0:0x00000000 x18=0xfffffffb
        4625000	       461	80001630	0050ccb3	xor	x25,x1,x5	  x1:0x00000006  x5:0x00000001 x25=0x00000007
        4635000	       462	80001634	28084c13	xori	x24,x16,640	 x16:0x00000000 x24=0x00000280
        4645000	       463	80001638	00000013	addi	x0,x0,0	  x0:0x00000000
        4655000	       464	8000163c	a7d04797	auipc	x15,0xa7d04	 x15=0x27d05638
        4665000	       465	80001640	ffb30313	addi	x6,x6,-5	  x6:0x00000005  x6=0x00000000
        4675000	       466	80001644	ff2318e3	bne	x6,x18,80001634	  x6:0x00000000 x18:0xfffffffb
        4685000	       467	00000000	00000013	addi	x0,x0,0	  x0:0x00000000
        4695000	       468	80001630	00000013	addi	x0,x0,0	  x0:0x00000000
        4705000	       469	80001634	28084c13	xori	x24,x16,640	 x16:0x00000000 x24=0x00000280
        4715000	       470	80001638	00000013	addi	x0,x0,0	  x0:0x00000000
        4725000	       471	8000163c	a7d04797	auipc	x15,0xa7d04	 x15=0x27d05638
        4735000	       472	80001640	ffb30313	addi	x6,x6,-5	  x6:0x00000000  x6=0xfffffffb
        4745000	       473	80001644	ff2318e3	bne	x6,x18,80001634	  x6:0xfffffffb x18:0xfffffffb
        4755000	       474	80001648	00485833	srl	x16,x16,x4	 x16:0x00000000  x4:0x80009fc4 x16=0x00000000
        4765000	       475	8000164c	00200093	addi	x1,x0,2	  x0:0x00000000  x1=0x00000002
        4775000	       476	80001650	a6384393	xori	x7,x16,-1437	 x16:0x00000000  x7=0xfffffa63
        4785000	       477	80001654	000f3bb3	sltu	x23,x30,x0	 x30:0xffffffee  x0:0x00000000 x23=0x00000000
        4795000	       478	80001658	01bfca33	xor	x20,x31,x27	 x31:0x00000000 x27:0xfffffff0 x20=0xfffffff0
        4805000	       479	8000165c	00900113	addi	x2,x0,9	  x0:0x00000000  x2=0x00000009
        4815000	       480	80001660	84a53f13	sltiu	x30,x10,-1974	 x10:0xffffffff x30=0x00000000
        4825000	       481	80001664	0140edb3	or	x27,x1,x20	  x1:0x00000002 x20:0xfffffff0 x27=0xfffffff2
        4835000	       482	80001668	2eda6493	ori	x9,x20,749	 x20:0xfffffff0  x9=0xfffffffd
        4845000	       483	8000166c	00822d33	slt	x26,x4,x8	  x4:0x80009fc4  x8:0x0080009f x26=0x00000001
        4855000	       484	80001670	00708093	addi	x1,x1,7	  x1:0x00000002  x1=0x00000009
        4865000	       485	80001674	1b46f893	andi	x17,x13,436	 x13:0x00000000 x17=0x00000000
        4875000	       486	80001678	00925bb3	srl	x23,x4,x9	  x4:0x80009fc4  x9:0xfffffffd x23=0x00000004
        4885000	       487	8000167c	be594013	xori	x0,x18,-1051	 x18:0xfffffffb
        4895000	       488	80001680	01fb1b33	sll	x22,x22,x31	 x22:0x7e280000 x31:0x00000000 x22=0x7e280000
        4905000	       489	80001684	00b86433	or	x8,x16,x11	 x16:0x00000000 x11:0x00000000  x8=0x00000000
        4915000	       490	80001688	7946e937	lui	x18,0x7946e	 x18=0x7946e000
        4925000	       491	8000168c	41aa5993	srai	x19,x20,0x1a	 x20:0xfffffff0 x19=0xffffffff
        4935000	       492	80001690	fc2088e3	beq	x1,x2,80001660	  x1:0x00000009  x2:0x00000009
        4945000	       493	00000000	00000013	addi	x0,x0,0	  x0:0x00000000
        4955000	       494	8000165c	00000013	addi	x0,x0,0	  x0:0x00000000
        4965000	       495	80001660	84a53f13	sltiu	x30,x10,-1974	 x10:0xffffffff x30=0x00000000
        4975000	       496	80001664	0140edb3	or	x27,x1,x20	  x1:0x00000009 x20:0xfffffff0 x27=0xfffffff9
        4985000	       497	80001668	2eda6493	ori	x9,x20,749	 x20:0xfffffff0  x9=0xfffffffd
        4995000	       498	8000166c	00822d33	slt	x26,x4,x8	  x4:0x80009fc4  x8:0x00000000 x26=0x00000001
        5005000	       499	80001670	00708093	addi	x1,x1,7	  x1:0x00000009  x1=0x00000010
        5015000	       500	80001674	1b46f893	andi	x17,x13,436	 x13:0x00000000 x17=0x00000000
        5025000	       501	80001678	00925bb3	srl	x23,x4,x9	  x4:0x80009fc4  x9:0xfffffffd x23=0x00000004
        5035000	       502	8000167c	be594013	xori	x0,x18,-1051	 x18:0x7946e000
        5045000	       503	80001680	01fb1b33	sll	x22,x22,x31	 x22:0x7e280000 x31:0x00000000 x22=0x7e280000
        5055000	       504	80001684	00b86433	or	x8,x16,x11	 x16:0x00000000 x11:0x00000000  x8=0x00000000
        5065000	       505	80001688	7946e937	lui	x18,0x7946e	 x18=0x7946e000
        5075000	       506	8000168c	41aa5993	srai	x19,x20,0x1a	 x20:0xfffffff0 x19=0xffffffff
        5085000	       507	80001690	fc2088e3	beq	x1,x2,80001660	  x1:0x00000010  x2:0x00000009
        5095000	       508	80001694	017b9f13	slli	x30,x23,0x17	 x23:0x00000004 x30=0x02000000
        5105000	       509	80001698	f417e9b7	lui	x19,0xf417e	 x19=0xf417e000
        5115000	       510	8000169c	4be47593	andi	x11,x8,1214	  x8:0x00000000 x11=0x00000000
        5125000	       511	800016a0	013ce5b3	or	x11,x25,x19	 x25:0x00000007 x19:0xf417e000 x11=0xf417e007
        5135000	       512	800016a4	746cf793	andi	x15,x25,1862	 x25:0x00000007 x15=0x00000006
        5145000	       513	800016a8	00f51933	sll	x18,x10,x15	 x10:0xffffffff x15:0x00000006 x18=0xffffffc0
        5155000	       514	800016ac	03e97263	bgeu	x18,x30,800016d0	 x18:0xffffffc0 x30:0x02000000
        5165000	       515	00000000	00000013	addi	x0,x0,0	  x0:0x00000000
        5175000	       516	800016cc	00000013	addi	x0,x0,0	  x0:0x00000000
        5185000	       517	800016d0	026ef463	bgeu	x29,x6,800016f8	 x29:0x80009f7c  x6:0xfffffffb
        5195000	       518	800016d4	00d76f33	or	x30,x14,x13	 x14:0x00000000 x13:0x00000000 x30=0x00000000
        5205000	       519	800016d8	5343f113	andi	x2,x7,1332	  x7:0xfffffa63  x2=0x00000020
        5215000	       520	800016dc	3660b113	sltiu	x2,x1,870	  x1:0x00000010  x2=0x00000001
        5225000	       521	800016e0	04345663	bge	x8,x3,8000172c	  x8:0x00000000  x3:0x00000009
        5235000	       522	800016e4	01a2f1b3	and	x3,x5,x26	  x5:0x00000001 x26:0x00000001  x3=0x00000001
        5245000	       523	800016e8	04205863	bge	x0,x2,80001738	  x0:0x00000000  x2:0x00000001
        5255000	       524	800016ec	010bd313	srli	x6,x23,0x10	 x23:0x00000004  x6=0x00000000
        5265000	       525	800016f0	7b26bb13	sltiu	x22,x13,1970	 x13:0x00000000 x22=0x00000001
        5275000	       526	800016f4	019b6433	or	x8,x22,x25	 x22:0x00000001 x25:0x00000007  x8=0x00000007
        5285000	       527	800016f8	b0dfc613	xori	x12,x31,-1267	 x31:0x00000000 x12=0xfffffb0d
        5295000	       528	800016fc	0112d793	srli	x15,x5,0x11	  x5:0x00000001 x15=0x00000000
        5305000	       529	80001700	42828017	auipc	x0,0x42828	
        5315000	       530	80001704	32d02b13	slti	x22,x0,813	  x0:0x00000000 x22=0x00000001
        5325000	       531	80001708	00214033	xor	x0,x2,x2	  x2:0x00000001  x2:0x00000001
        5335000	       532	8000170c	03425063	bge	x4,x20,8000172c	  x4:0x80009fc4 x20:0xfffffff0
        5345000	       533	80001710	72a3b613	sltiu	x12,x7,1834	  x7:0xfffffa63 x12=0x00000000
        5355000	       534	80001714	01c7fdb3	and	x27,x15,x28	 x15:0x00000000 x28:0x000ffc1f x27=0x00000000
        5365000	       535	80001718	41c8d0b3	sra	x1,x17,x28	 x17:0x00000000 x28:0x000ffc1f  x1=0x00000000
        5375000	       536	8000171c	00c99033	sll	x0,x19,x12	 x19:0xf417e000 x12:0x00000000
        5385000	       537	80001720	e0dafd13	andi	x26,x21,-499	 x21:0x000ffc1f x26=0x000ffc0d
        5395000	       538	80001724	4cf23737	lui	x14,0x4cf23	 x14=0x4cf23000
        5405000	       539	80001728	05229063	bne	x5,x18,80001768	  x5:0x00000001 x18:0xffffffc0
        5415000	       540	00000000	00000013	addi	x0,x0,0	  x0:0x00000000
        5425000	       541	80001764	00000013	addi	x0,x0,0	  x0:0x00000000
        5435000	       542	80001768	0271de63	bge	x3,x7,800017a4	  x3:0x00000001  x7:0xfffffa63
        5445000	       543	00000000	00000013	addi	x0,x0,0	  x0:0x00000000
        5455000	       544	800017a0	00000013	addi	x0,x0,0	  x0:0x00000000
        5465000	       545	800017a4	03627c63	bgeu	x4,x22,800017dc	  x4:0x80009fc4 x22:0x00000001
        5475000	       546	00000000	00000013	addi	x0,x0,0	  x0:0x00000000
        5485000	       547	800017d8	00000013	addi	x0,x0,0	  x0:0x00000000
        5495000	       548	800017dc	4a358913	addi	x18,x11,1187	 x11:0xf417e007 x18=0xf417e4aa
        5505000	       549	800017e0	004f0263	beq	x30,x4,800017e4	 x30:0x00000000  x4:0x80009fc4
        5515000	       550	800017e4	015dc263	blt	x27,x21,800017e8	 x27:0x00000000 x21:0x000ffc1f
        5525000	       551	00000000	00000013	addi	x0,x0,0	  x0:0x00000000
        5535000	       552	800017e4	00000013	addi	x0,x0,0	  x0:0x00000000
        5545000	       553	800017e8	9063c593	xori	x11,x7,-1786	  x7:0xfffffa63 x11=0x00000365
        5555000	       554	800017ec	97f04493	xori	x9,x0,-1665	  x0:0x00000000  x9=0xfffff97f
        5565000	       555	800017f0	49d8a993	slti	x19,x17,1181	 x17:0x00000000 x19=0x00000001
        5575000	       556	800017f4	0f6c3a93	sltiu	x21,x24,246	 x24:0x00000280 x21=0x00000000
        5585000	       557	800017f8	96b1f913	andi	x18,x3,-1685	  x3:0x00000001 x18=0x00000001
        5595000	       558	800017fc	07b3ca63	blt	x7,x27,80001870	  x7:0xfffffa63 x27:0x00000000
        5605000	       559	00000000	00000013	addi	x0,x0,0	  x0:0x00000000
        5615000	       560	8000186c	00000013	addi	x0,x0,0	  x0:0x00000000
        5625000	       561	80001870	411e5d33	sra	x26,x28,x17	 x28:0x000ffc1f x17:0x00000000 x26=0x000ffc1f
        5635000	       562	80001874	5e2f4b93	xori	x23,x30,1506	 x30:0x00000000 x23=0x000005e2
        5645000	       563	80001878	020ae463	bltu	x21,x0,800018a0	 x21:0x00000000  x0:0x00000000
        5655000	       564	8000187c	01079413	slli	x8,x15,0x10	 x15:0x00000000  x8=0x00000000
        5665000	       565	80001880	01cbe333	or	x6,x23,x28	 x23:0x000005e2 x28:0x000ffc1f  x6=0x000ffdff
        5675000	       566	80001884	00ebe1b3	or	x3,x23,x14	 x23:0x000005e2 x14:0x4cf23000  x3=0x4cf235e2
        5685000	       567	80001888	025d3793	sltiu	x15,x26,37	 x26:0x000ffc1f x15=0x00000000
        5695000	       568	8000188c	41482793	slti	x15,x16,1044	 x16:0x00000000 x15=0x00000001
        5705000	       569	80001890	005f2c33	slt	x24,x30,x5	 x30:0x00000000  x5:0x00000001 x24=0x00000001
        5715000	       570	80001894	aa122413	slti	x8,x4,-1375	  x4:0x80009fc4  x8=0x00000001
        5725000	       571	80001898	011379b3	and	x19,x6,x17	  x6:0x000ffdff x17:0x00000000 x19=0x00000000
        5735000	       572	8000189c	cfa3c693	xori	x13,x7,-774	  x7:0xfffffa63 x13=0x00000699
        5745000	       573	800018a0	03ec8463	beq	x25,x30,800018c8	 x25:0x00000007 x30:0x00000000
        5755000	       574	800018a4	71464a13	xori	x20,x12,1812	 x12:0x00000000 x20=0x00000714
        5765000	       575	800018a8	00000013	addi	x0,x0,0	  x0:0x00000000
        5775000	       576	800018ac	007f9d93	slli	x27,x31,0x7	 x31:0x00000000 x27=0x00000000
        5785000	       577	800018b0	9d397413	andi	x8,x18,-1581	 x18:0x00000001  x8=0x00000001
        5795000	       578	800018b4	b3203893	sltiu	x17,x0,-1230	  x0:0x00000000 x17=0x00000001
        5805000	       579	800018b8	4074df33	sra	x30,x9,x7	  x9:0xfffff97f  x7:0xfffffa63 x30=0xffffff2f
        5815000	       580	800018bc	a3d46513	ori	x10,x8,-1475	  x8:0x00000001 x10=0xfffffa3d
        5825000	       581	800018c0	5c764e13	xori	x28,x12,1479	 x12:0x00000000 x28=0x000005c7
        5835000	       582	800018c4	e9043793	sltiu	x15,x8,-368	  x8:0x00000001 x15=0x00000001
        5845000	       583	800018c8	00550533	add	x10,x10,x5	 x10:0xfffffa3d  x5:0x00000001 x10=0xfffffa3e
        5855000	       584	800018cc	6245a693	slti	x13,x11,1572	 x11:0x00000365 x13=0x00000001
        5865000	       585	800018d0	00481613	slli	x12,x16,0x4	 x16:0x00000000 x12=0x00000000
        5875000	       586	800018d4	05b2d063	bge	x5,x27,80001914	  x5:0x00000001 x27:0x00000000
        5885000	       587	00000000	00000013	addi	x0,x0,0	  x0:0x00000000
        5895000	       588	80001910	00000013	addi	x0,x0,0	  x0:0x00000000
        5905000	       589	80001914	00005c33	srl	x24,x0,x0	  x0:0x00000000  x0:0x00000000 x24=0x00000000
        5915000	       590	80001918	47d8e193	ori	x3,x17,1149	 x17:0x00000001  x3=0x0000047d
        5925000	       591	8000191c	349d3017	auipc	x0,0x349d3	
        5935000	       592	80001920	009a76b3	and	x13,x20,x9	 x20:0x00000714  x9:0xfffff97f x13=0x00000114
        5945000	       593	80001924	40290833	sub	x16,x18,x2	 x18:0x00000001  x2:0x00000001 x16=0x00000000
        5955000	       594	80001928	5e77e913	ori	x18,x15,1511	 x15:0x00000001 x18=0x000005e7
        5965000	       595	8000192c	404c85b3	sub	x11,x25,x4	 x25:0x00000007  x4:0x80009fc4 x11=0x7fff6043
        5975000	       596	80001930	008c5ab3	srl	x21,x24,x8	 x24:0x00000000  x8:0x00000001 x21=0x00000000
        5985000	       597	80001934	017d5d13	srli	x26,x26,0x17	 x26:0x000ffc1f x26=0x00000000
        5995000	       598	80001938	92cb6393	ori	x7,x22,-1748	 x22:0x00000001  x7=0xfffff92d
        6005000	       599	8000193c	4bacb113	sltiu	x2,x25,1210	 x25:0x00000007  x2=0x00000001
        6015000	       600	80001940	00804a33	xor	x20,x0,x8	  x0:0x00000000  x8:0x00000001 x20=0x00000001
        6025000	       601	80001944	402102b3	sub	x5,x2,x2	  x2:0x00000001  x2:0x00000001  x5=0x00000000
        6035000	       602	80001948	4079d2b3	sra	x5,x19,x7	 x19:0x00000000  x7:0xfffff92d  x5=0x00000000
        6045000	       603	8000194c	40b5f393	andi	x7,x11,1035	 x11:0x7fff6043  x7=0x00000003
        6055000	       604	80001950	0032a033	slt	x0,x5,x3	  x5:0x00000000  x3:0x0000047d
        6065000	       605	80001954	9b70e413	ori	x8,x1,-1609	  x1:0x00000000  x8=0xfffff9b7
        6075000	       606	80001958	479f4e13	xori	x28,x30,1145	 x30:0xffffff2f x28=0xfffffb56
        6085000	       607	8000195c	01b931b3	sltu	x3,x18,x27	 x18:0x000005e7 x27:0x00000000  x3=0x00000000
        6095000	       608	80001960	94cee113	ori	x2,x29,-1716	 x29:0x80009f7c  x2=0xffffff7c
        6105000	       609	80001964	0390ee63	bltu	x1,x25,800019a0	  x1:0x00000000 x25:0x00000007
        6115000	       610	00000000	00000013	addi	x0,x0,0	  x0:0x00000000
        6125000	       611	8000199c	00000013	addi	x0,x0,0	  x0:0x00000000
        6135000	       612	800019a0	0376f463	bgeu	x13,x23,800019c8	 x13:0x00000114 x23:0x000005e2
        6145000	       613	800019a4	0167e6b3	or	x13,x15,x22	 x15:0x00000001 x22:0x00000001 x13=0x00000001
        6155000	       614	800019a8	0181de13	srli	x28,x3,0x18	  x3:0x00000000 x28=0x00000000
        6165000	       615	800019ac	43373997	auipc	x19,0x43373	 x19=0xc33749a8
        6175000	       616	800019b0	8c7c0537	lui	x10,0x8c7c0	 x10=0x8c7c0000
        6185000	       617	800019b4	40f1df13	srai	x30,x3,0xf	  x3:0x00000000 x30=0x00000000
        6195000	       618	800019b8	019800b3	add	x1,x16,x25	 x16:0x00000000 x25:0x00000007  x1=0x00000007
        6205000	       619	800019bc	78377893	andi	x17,x14,1923	 x14:0x4cf23000 x17=0x00000000
        6215000	       620	800019c0	01c57733	and	x14,x10,x28	 x10:0x8c7c0000 x28:0x00000000 x14=0x00000000
        6225000	       621	800019c4	01c74663	blt	x14,x28,800019d0	 x14:0x00000000 x28:0x00000000
        6235000	       622	800019c8	001b05b3	add	x11,x22,x1	 x22:0x00000001  x1:0x00000007 x11=0x00000008
        6245000	       623	800019cc	01639cb3	sll	x25,x7,x22	  x7:0x00000003 x22:0x00000001 x25=0x00000006
        6255000	       624	800019d0	6fce6f13	ori	x30,x28,1788	 x28:0x00000000 x30=0x000006fc
        6265000	       625	800019d4	0026d7b3	srl	x15,x13,x2	 x13:0x00000001  x2:0xffffff7c x15=0x00000000
        6275000	       626	800019d8	00a8a533	slt	x10,x17,x10	 x17:0x00000000 x10:0x8c7c0000 x10=0x00000000
        6285000	       627	800019dc	f48feb13	ori	x22,x31,-184	 x31:0x00000000 x22=0xffffff48
        6295000	       628	800019e0	50e9d997	auipc	x19,0x50e9d	 x19=0xd0e9e9dc
        6305000	       629	800019e4	413656b3	sra	x13,x12,x19	 x12:0x00000000 x19:0xd0e9e9dc x13=0x00000000
        6315000	       630	800019e8	0362f663	bgeu	x5,x22,80001a14	  x5:0x00000000 x22:0xffffff48
        6325000	       631	800019ec	01f71f33	sll	x30,x14,x31	 x14:0x00000000 x31:0x00000000 x30=0x00000000
        6335000	       632	800019f0	565ef613	andi	x12,x29,1381	 x29:0x80009f7c x12=0x00000564
        6345000	       633	800019f4	9f57b837	lui	x16,0x9f57b	 x16=0x9f57b000
        6355000	       634	800019f8	05d70863	beq	x14,x29,80001a48	 x14:0x00000000 x29:0x80009f7c
        6365000	       635	800019fc	40ad5e13	srai	x28,x26,0xa	 x26:0x00000000 x28=0x00000000
        6375000	       636	80001a00	12c32093	slti	x1,x6,300	  x6:0x000ffdff  x1=0x00000000
        6385000	       637	80001a04	00a136b3	sltu	x13,x2,x10	  x2:0xffffff7c x10:0x00000000 x13=0x00000000
        6395000	       638	80001a08	0012d593	srli	x11,x5,0x1	  x5:0x00000000 x11=0x00000000
        6405000	       639	80001a0c	402bd913	srai	x18,x23,0x2	 x23:0x000005e2 x18=0x00000178
        6415000	       640	80001a10	151c2837	lui	x16,0x151c2	 x16=0x151c2000
        6425000	       641	80001a14	004039b3	sltu	x19,x0,x4	  x0:0x00000000  x4:0x80009fc4 x19=0x00000001
        6435000	       642	80001a18	010415b3	sll	x11,x8,x16	  x8:0xfffff9b7 x16:0x151c2000 x11=0xfffff9b7
        6445000	       643	80001a1c	419e5f13	srai	x30,x28,0x19	 x28:0x00000000 x30=0x00000000
        6455000	       644	80001a20	419d0bb3	sub	x23,x26,x25	 x26:0x00000000 x25:0x00000006 x23=0xfffffffa
        6465000	       645	80001a24	e3864f13	xori	x30,x12,-456	 x12:0x00000564 x30=0xfffffb5c
        6475000	       646	80001a28	00d675b3	and	x11,x12,x13	 x12:0x00000564 x13:0x00000000 x11=0x00000000
        6485000	       647	80001a2c	00509263	bne	x1,x5,80001a30	  x1:0x00000000  x5:0x00000000
        6495000	       648	80001a30	40d0dcb3	sra	x25,x1,x13	  x1:0x00000000 x13:0x00000000 x25=0x00000000
        6505000	       649	80001a34	4df97793	andi	x15,x18,1247	 x18:0x00000178 x15=0x00000058
        6515000	       650	80001a38	01c1bab3	sltu	x21,x3,x28	  x3:0x00000000 x28:0x00000000 x21=0x00000000
        6525000	       651	80001a3c	057e7863	bgeu	x28,x23,80001a8c	 x28:0x00000000 x23:0xfffffffa
        6535000	       652	80001a40	00047263	bgeu	x8,x0,80001a44	  x8:0xfffff9b7  x0:0x00000000
        6545000	       653	00000000	00000013	addi	x0,x0,0	  x0:0x00000000
        6555000	       654	80001a40	00000013	addi	x0,x0,0	  x0:0x00000000
        6565000	       655	80001a44	4082d813	srai	x16,x5,0x8	  x5:0x00000000 x16=0x00000000
        6575000	       656	80001a48	0374e263	bltu	x9,x23,80001a6c	  x9:0xfffff97f x23:0xfffffffa
        6585000	       657	00000000	00000013	addi	x0,x0,0	  x0:0x00000000
        6595000	       658	80001a68	00000013	addi	x0,x0,0	  x0:0x00000000
        6605000	       659	80001a6c	41d8d993	srai	x19,x17,0x1d	 x17:0x00000000 x19=0x00000000
        6615000	       660	80001a70	97814493	xori	x9,x2,-1672	  x2:0xffffff7c  x9=0x00000604
        6625000	       661	80001a74	9bd3cd97	auipc	x27,0x9bd3c	 x27=0x1bd3da70
        6635000	       662	80001a78	01c54cb3	xor	x25,x10,x28	 x10:0x00000000 x28:0x00000000 x25=0x00000000
        6645000	       663	80001a7c	01bed633	srl	x12,x29,x27	 x29:0x80009f7c x27:0x1bd3da70 x12=0x00008000
        6655000	       664	80001a80	02c28c63	beq	x5,x12,80001ab8	  x5:0x00000000 x12:0x00008000
        6665000	       665	80001a84	a1801d17	auipc	x26,0xa1801	 x26=0x21802a80
        6675000	       666	80001a88	05ead463	bge	x21,x30,80001ad0	 x21:0x00000000 x30:0xfffffb5c
        6685000	       667	00000000	00000013	addi	x0,x0,0	  x0:0x00000000
        6695000	       668	80001acc	00000013	addi	x0,x0,0	  x0:0x00000000
        6705000	       669	80001ad0	00559793	slli	x15,x11,0x5	 x11:0x00000000 x15=0x00000000
        6715000	       670	80001ad4	02b84663	blt	x16,x11,80001b00	 x16:0x00000000 x11:0x00000000
        6725000	       671	80001ad8	36ee6613	ori	x12,x28,878	 x28:0x00000000 x12=0x0000036e
        6735000	       672	80001adc	41fddd33	sra	x26,x27,x31	 x27:0x1bd3da70 x31:0x00000000 x26=0x1bd3da70
        6745000	       673	80001ae0	4190dcb3	sra	x25,x1,x25	  x1:0x00000000 x25:0x00000000 x25=0x00000000
        6755000	       674	80001ae4	03655463	bge	x10,x22,80001b0c	 x10:0x00000000 x22:0xffffff48
        6765000	       675	00000000	00000013	addi	x0,x0,0	  x0:0x00000000
        6775000	       676	80001b08	00000013	addi	x0,x0,0	  x0:0x00000000
        6785000	       677	80001b0c	02867c63	bgeu	x12,x8,80001b44	 x12:0x0000036e  x8:0xfffff9b7
        6795000	       678	80001b10	2466a713	slti	x14,x13,582	 x13:0x00000000 x14=0x00000001
        6805000	       679	80001b14	00d07ab3	and	x21,x0,x13	  x0:0x00000000 x13:0x00000000 x21=0x00000000
        6815000	       680	80001b18	05181863	bne	x16,x17,80001b68	 x16:0x00000000 x17:0x00000000
        6825000	       681	80001b1c	2b8c8713	addi	x14,x25,696	 x25:0x00000000 x14=0x000002b8
        6835000	       682	80001b20	014a6b33	or	x22,x20,x20	 x20:0x00000001 x20:0x00000001 x22=0x00000001
        6845000	       683	80001b24	eaf1c397	auipc	x7,0xeaf1c	  x7=0x6af1db20
        6855000	       684	80001b28	7a11ad93	slti	x27,x3,1953	  x3:0x00000000 x27=0x00000001
        6865000	       685	80001b2c	0021d3b3	srl	x7,x3,x2	  x3:0x00000000  x2:0xffffff7c  x7=0x00000000
        6875000	       686	80001b30	03f60263	beq	x12,x31,80001b54	 x12:0x0000036e x31:0x00000000
        6885000	       687	80001b34	02b71063	bne	x14,x11,80001b54	 x14:0x000002b8 x11:0x00000000
        6895000	       688	00000000	00000013	addi	x0,x0,0	  x0:0x00000000
        6905000	       689	80001b50	00000013	addi	x0,x0,0	  x0:0x00000000
        6915000	       690	80001b54	05101463	bne	x0,x17,80001b9c	  x0:0x00000000 x17:0x00000000
        6925000	       691	80001b58	0382de63	bge	x5,x24,80001b94	  x5:0x00000000 x24:0x00000000
        6935000	       692	00000000	00000013	addi	x0,x0,0	  x0:0x00000000
        6945000	       693	80001b90	00000013	addi	x0,x0,0	  x0:0x00000000
        6955000	       694	80001b94	8703a413	slti	x8,x7,-1936	  x7:0x00000000  x8=0x00000000
        6965000	       695	80001b98	01eb9ab3	sll	x21,x23,x30	 x23:0xfffffffa x30:0xfffffb5c x21=0xa0000000
        6975000	       696	80001b9c	01790133	add	x2,x18,x23	 x18:0x00000178 x23:0xfffffffa  x2=0x00000172
        6985000	       697	80001ba0	005d01b3	add	x3,x26,x5	 x26:0x1bd3da70  x5:0x00000000  x3=0x1bd3da70
        6995000	       698	80001ba4	0021fa63	bgeu	x3,x2,80001bb8	  x3:0x1bd3da70  x2:0x00000172
        7005000	       699	00000000	00000013	addi	x0,x0,0	  x0:0x00000000
        7015000	       700	80001bb4	00000013	addi	x0,x0,0	  x0:0x00000000
        7025000	       701	80001bb8	406952b3	sra	x5,x18,x6	 x18:0x00000178  x6:0x000ffdff  x5=0x00000000
        7035000	       702	80001bbc	cf6f8c17	auipc	x24,0xcf6f8	 x24=0x4f6f9bb8
        7045000	       703	80001bc0	ee304893	xori	x17,x0,-285	  x0:0x00000000 x17=0xfffffee3
        7055000	       704	80001bc4	01d06a33	or	x20,x0,x29	  x0:0x00000000 x29:0x80009f7c x20=0x80009f7c
        7065000	       705	80001bc8	61bcf713	andi	x14,x25,1563	 x25:0x00000000 x14=0x00000000
        7075000	       706	80001bcc	008e5b33	srl	x22,x28,x8	 x28:0x00000000  x8:0x00000000 x22=0x00000000
        7085000	       707	80001bd0	cbbea4b7	lui	x9,0xcbbea	  x9=0xcbbea000
        7095000	       708	80001bd4	01ee4263	blt	x28,x30,80001bd8	 x28:0x00000000 x30:0xfffffb5c
        7105000	       709	80001bd8	408b59b3	sra	x19,x22,x8	 x22:0x00000000  x8:0x00000000 x19=0x00000000
        7115000	       710	80001bdc	4c3bc693	xori	x13,x23,1219	 x23:0xfffffffa x13=0xfffffb39
        7125000	       711	80001be0	0213f263	bgeu	x7,x1,80001c04	  x7:0x00000000  x1:0x00000000
        7135000	       712	00000000	00000013	addi	x0,x0,0	  x0:0x00000000
        7145000	       713	80001c00	00000013	addi	x0,x0,0	  x0:0x00000000
        7155000	       714	80001c04	01d5c833	xor	x16,x11,x29	 x11:0x00000000 x29:0x80009f7c x16=0x80009f7c
        7165000	       715	80001c08	01e9c8b3	xor	x17,x19,x30	 x19:0x00000000 x30:0xfffffb5c x17=0xfffffb5c
        7175000	       716	80001c0c	01b39193	slli	x3,x7,0x1b	  x7:0x00000000  x3=0x00000000
        7185000	       717	80001c10	000cb4b3	sltu	x9,x25,x0	 x25:0x00000000  x0:0x00000000  x9=0x00000000
        7195000	       718	80001c14	b7b175b7	lui	x11,0xb7b17	 x11=0xb7b17000
        7205000	       719	80001c18	92abe693	ori	x13,x23,-1750	 x23:0xfffffffa x13=0xfffffffa
        7215000	       720	80001c1c	38ff2793	slti	x15,x30,911	 x30:0xfffffb5c x15=0x00000001
        7225000	       721	80001c20	04264863	blt	x12,x2,80001c70	 x12:0x0000036e  x2:0x00000172
        7235000	       722	80001c24	c4f06193	ori	x3,x0,-945	  x0:0x00000000  x3=0xfffffc4f
        7245000	       723	80001c28	5c268893	addi	x17,x13,1474	 x13:0xfffffffa x17=0x000005bc
        7255000	       724	80001c2c	01c28a33	add	x20,x5,x28	  x5:0x00000000 x28:0x00000000 x20=0x00000000
        7265000	       725	80001c30	045a6063	bltu	x20,x5,80001c70	 x20:0x00000000  x5:0x00000000
        7275000	       726	80001c34	05e09863	bne	x1,x30,80001c84	  x1:0x00000000 x30:0xfffffb5c
        7285000	       727	00000000	00000013	addi	x0,x0,0	  x0:0x00000000
        7295000	       728	80001c80	00000013	addi	x0,x0,0	  x0:0x00000000
        7305000	       729	80001c84	40075833	sra	x16,x14,x0	 x14:0x00000000  x0:0x00000000 x16=0x00000000
        7315000	       730	80001c88	01791033	sll	x0,x18,x23	 x18:0x00000178 x23:0xfffffffa
        7325000	       731	80001c8c	00696c33	or	x24,x18,x6	 x18:0x00000178  x6:0x000ffdff x24=0x000ffdff
        7335000	       732	80001c90	02fb9e63	bne	x23,x15,80001ccc	 x23:0xfffffffa x15:0x00000001
        7345000	       733	00000000	00000013	addi	x0,x0,0	  x0:0x00000000
        7355000	       734	80001cc8	00000013	addi	x0,x0,0	  x0:0x00000000
        7365000	       735	80001ccc	00967733	and	x14,x12,x9	 x12:0x0000036e  x9:0x00000000 x14=0x00000000
        7375000	       736	80001cd0	010b9113	slli	x2,x23,0x10	 x23:0xfffffffa  x2=0xfffa0000
        7385000	       737	80001cd4	005a96b3	sll	x13,x21,x5	 x21:0xa0000000  x5:0x00000000 x13=0xa0000000
        7395000	       738	80001cd8	039c7463	bgeu	x24,x25,80001d00	 x24:0x000ffdff x25:0x00000000
        7405000	       739	00000000	00000013	addi	x0,x0,0	  x0:0x00000000
        7415000	       740	80001cfc	00000013	addi	x0,x0,0	  x0:0x00000000
        7425000	       741	80001d00	0a894863	blt	x18,x8,80001db0	 x18:0x00000178  x8:0x00000000
        7435000	       742	80001d04	0d2bfa63	bgeu	x23,x18,80001dd8	 x23:0xfffffffa x18:0x00000178
        7445000	       743	00000000	00000013	addi	x0,x0,0	  x0:0x00000000
        7455000	       744	80001dd4	00000013	addi	x0,x0,0	  x0:0x00000000
        7465000	       745	80001dd8	01283db3	sltu	x27,x16,x18	 x16:0x00000000 x18:0x00000178 x27=0x00000001
        7475000	       746	80001ddc	001345b3	xor	x11,x6,x1	  x6:0x000ffdff  x1:0x00000000 x11=0x000ffdff
        7485000	       747	80001de0	ee73a293	slti	x5,x7,-281	  x7:0x00000000  x5=0x00000000
        7495000	       748	80001de4	2a77e393	ori	x7,x15,679	 x15:0x00000001  x7=0x000002a7
        7505000	       749	80001de8	01a03c33	sltu	x24,x0,x26	  x0:0x00000000 x26:0x1bd3da70 x24=0x00000001
        7515000	       750	80001dec	9eaecc93	xori	x25,x29,-1558	 x29:0x80009f7c x25=0x7fff6696
        7525000	       751	80001df0	003ea333	slt	x6,x29,x3	 x29:0x80009f7c  x3:0xfffffc4f  x6=0x00000001
        7535000	       752	80001df4	671f3813	sltiu	x16,x30,1649	 x30:0xfffffb5c x16=0x00000000
        7545000	       753	80001df8	4c36f493	andi	x9,x13,1219	 x13:0xa0000000  x9=0x00000000
        7555000	       754	80001dfc	42f66b93	ori	x23,x12,1071	 x12:0x0000036e x23=0x0000076f
        7565000	       755	80001e00	01ff5093	srli	x1,x30,0x1f	 x30:0xfffffb5c  x1=0x00000001
        7575000	       756	80001e04	007b5993	srli	x19,x22,0x7	 x22:0x00000000 x19=0x00000000
        7585000	       757	80001e08	00a80d33	add	x26,x16,x10	 x16:0x00000000 x10:0x00000000 x26=0x00000000
        7595000	       758	80001e0c	040be263	bltu	x23,x0,80001e50	 x23:0x0000076f  x0:0x00000000
        7605000	       759	80001e10	0006bcb3	sltu	x25,x13,x0	 x13:0xa0000000  x0:0x00000000 x25=0x00000000
        7615000	       760	80001e14	01de9a63	bne	x29,x29,80001e28	 x29:0x80009f7c x29:0x80009f7c
        7625000	       761	80001e18	01d27033	and	x0,x4,x29	  x4:0x80009fc4 x29:0x80009f7c
        7635000	       762	80001e1c	84abb993	sltiu	x19,x23,-1974	 x23:0x0000076f x19=0x00000001
        7645000	       763	80001e20	02cb9c63	bne	x23,x12,80001e58	 x23:0x0000076f x12:0x0000036e
        7655000	       764	00000000	00000013	addi	x0,x0,0	  x0:0x00000000
        7665000	       765	80001e54	00000013	addi	x0,x0,0	  x0:0x00000000
        7675000	       766	80001e58	0015fd33	and	x26,x11,x1	 x11:0x000ffdff  x1:0x00000001 x26=0x00000001
        7685000	       767	80001e5c	405a0b33	sub	x22,x20,x5	 x20:0x00000000  x5:0x00000000 x22=0x00000000
        7695000	       768	80001e60	031b9463	bne	x23,x17,80001e88	 x23:0x0000076f x17:0x000005bc
        7705000	       769	00000000	00000013	addi	x0,x0,0	  x0:0x00000000
        7715000	       770	80001e84	00000013	addi	x0,x0,0	  x0:0x00000000
        7725000	       771	80001e88	41f8d013	srai	x0,x17,0x1f	 x17:0x000005bc
        7735000	       772	80001e8c	409200b3	sub	x1,x4,x9	  x4:0x80009fc4  x9:0x00000000  x1=0x80009fc4
        7745000	       773	80001e90	01163533	sltu	x10,x12,x17	 x12:0x0000036e x17:0x000005bc x10=0x00000001
        7755000	       774	80001e94	004ea103	lw	x2,4(x29)	 x29:0x80009f7c  x2=0x80000154 PA:0x80009f80
        7765000	       775	80001e98	008e8e93	addi	x29,x29,8	 x29:0x80009f7c x29=0x80009f84
        7775000	       776	80001e9c	febfba17	auipc	x20,0xfebfb	 x20=0x7ebfce98
        7785000	       777	80001ea0	00110a13	addi	x20,x2,1	  x2:0x80000154 x20=0x80000155
        7795000	       778	80001ea4	000a0a67	jalr	x20,x20,0	 x20:0x80000155 x20=0x80001ea4
        7805000	       779	00000000	00000013	addi	x0,x0,0	  x0:0x00000000
        7815000	       780	80000154	00000013	addi	x0,x0,0	  x0:0x00000000
        7825000	       781	80000158	41c35137	lui	x2,0x41c35	  x2=0x41c35000
        7835000	       782	8000015c	f6434b13	xori	x22,x6,-156	  x6:0x00000001 x22=0xffffff65
        7845000	       783	80000160	01d8eb33	or	x22,x17,x29	 x17:0x000005bc x29:0x80009f84 x22=0x80009fbc
        7855000	       784	80000164	00002497	auipc	x9,0x2	  x9=0x80002160
        7865000	       785	80000168	dcc48493	addi	x9,x9,-564	  x9:0x80002160  x9=0x80001f2c
        7875000	       786	8000016c	413d8533	sub	x10,x27,x19	 x27:0x00000001 x19:0x00000001 x10=0x00000000
        7885000	       787	80000170	18d48493	addi	x9,x9,397	  x9:0x80001f2c  x9=0x800020b9
        7895000	       788	80000174	01af1693	slli	x13,x30,0x1a	 x30:0xfffffb5c x13=0x70000000
        7905000	       789	80000178	01c75733	srl	x14,x14,x28	 x14:0x00000000 x28:0x00000000 x14=0x00000000
        7915000	       790	8000017c	b9d74713	xori	x14,x14,-1123	 x14:0x00000000 x14=0xfffffb9d
        7925000	       791	80000180	e7448167	jalr	x2,x9,-396	  x9:0x800020b9  x2=0x80000180
        7935000	       792	00000000	00000013	addi	x0,x0,0	  x0:0x00000000
        7945000	       793	80001f2c	00000013	addi	x0,x0,0	  x0:0x00000000
        7955000	       794	80001f30	004dca33	xor	x20,x27,x4	 x27:0x00000001  x4:0x80009fc4 x20=0x80009fc5
        7965000	       795	80001f34	4156d593	srai	x11,x13,0x15	 x13:0x70000000 x11=0x00000380
        7975000	       796	80001f38	01bc9663	bne	x25,x27,80001f44	 x25:0x00000000 x27:0x00000001
        7985000	       797	00000000	00000013	addi	x0,x0,0	  x0:0x00000000
        7995000	       798	80001f40	00000013	addi	x0,x0,0	  x0:0x00000000
        8005000	       799	80001f44	fece8e93	addi	x29,x29,-20	 x29:0x80009f84 x29=0x80009f70
        8015000	       800	80001f48	3df5f593	andi	x11,x11,991	 x11:0x00000380 x11=0x00000380
        8025000	       801	80001f4c	015614b3	sll	x9,x12,x21	 x12:0x0000036e x21:0xa0000000  x9=0x0000036e
        8035000	       802	80001f50	851f4297	auipc	x5,0x851f4	  x5=0x051f5f4c
        8045000	       803	80001f54	002ea223	sw	x2,4(x29)	 x29:0x80009f70  x2:0x80000180 PA:0x80009f74
        8055000	       804	80001f58	40a58633	sub	x12,x11,x10	 x11:0x00000380 x10:0x00000000 x12=0x00000380
        8065000	       805	80001f5c	1de56d97	auipc	x27,0x1de56	 x27=0x9de57f58
        8075000	       806	80001f60	012163b3	or	x7,x2,x18	  x2:0x80000180 x18:0x00000178  x7=0x800001f8
        8085000	       807	80001f64	6615bb13	sltiu	x22,x11,1633	 x11:0x00000380 x22=0x00000001
        8095000	       808	80001f68	db8b6413	ori	x8,x22,-584	 x22:0x00000001  x8=0xfffffdb9
        8105000	       809	80001f6c	00000013	addi	x0,x0,0	  x0:0x00000000
        8115000	       810	80001f70	01c7df13	srli	x30,x15,0x1c	 x15:0x00000001 x30=0x00000000
        8125000	       811	80001f74	00570133	add	x2,x14,x5	 x14:0xfffffb9d  x5:0x051f5f4c  x2=0x051f5ae9
        8135000	       812	80001f78	41fe83b3	sub	x7,x29,x31	 x29:0x80009f70 x31:0x00000000  x7=0x80009f70
        8145000	       813	80001f7c	00e3d1b3	srl	x3,x7,x14	  x7:0x80009f70 x14:0xfffffb9d  x3=0x00000004
        8155000	       814	80001f80	41b551b3	sra	x3,x10,x27	 x10:0x00000000 x27:0x9de57f58  x3=0x00000000
        8165000	       815	80001f84	01133e33	sltu	x28,x6,x17	  x6:0x00000001 x17:0x000005bc x28=0x00000001
        8175000	       816	80001f88	1712b993	sltiu	x19,x5,369	  x5:0x051f5f4c x19=0x00000000
        8185000	       817	80001f8c	2280016f	jal	x2,80001f8c	  x2=0x80001f8c
        8195000	       818	00000000	00000013	addi	x0,x0,0	  x0:0x00000000
        8205000	       819	800021b0	00000013	addi	x0,x0,0	  x0:0x00000000
        8215000	       820	800021b4	00617c63	bgeu	x2,x6,800021cc	  x2:0x80001f8c  x6:0x00000001
        8225000	       821	00000000	00000013	addi	x0,x0,0	  x0:0x00000000
        8235000	       822	800021c8	00000013	addi	x0,x0,0	  x0:0x00000000
        8245000	       823	800021cc	fc4e8e93	addi	x29,x29,-60	 x29:0x80009f70 x29=0x80009f34
        8255000	       824	800021d0	012cbb33	sltu	x22,x25,x18	 x25:0x00000000 x18:0x00000178 x22=0x00000001
        8265000	       825	800021d4	002ea223	sw	x2,4(x29)	 x29:0x80009f34  x2:0x80001f8c PA:0x80009f38
        8275000	       826	800021d8	016a6ab3	or	x21,x20,x22	 x20:0x80009fc5 x22:0x00000001 x21=0x80009fc5
        8285000	       827	800021dc	7b0d4397	auipc	x7,0x7b0d4	  x7=0xfb0d61d8
        8295000	       828	800021e0	01605b13	srli	x22,x0,0x16	  x0:0x00000000 x22=0x00000000
        8305000	       829	800021e4	65d63737	lui	x14,0x65d63	 x14=0x65d63000
        8315000	       830	800021e8	44764693	xori	x13,x12,1095	 x12:0x00000380 x13=0x000007c7
        8325000	       831	800021ec	0108cdb3	xor	x27,x17,x16	 x17:0x000005bc x16:0x00000000 x27=0x000005bc
        8335000	       832	800021f0	00830db3	add	x27,x6,x8	  x6:0x00000001  x8:0xfffffdb9 x27=0xfffffdba
        8345000	       833	800021f4	012f9893	slli	x17,x31,0x12	 x31:0x00000000 x17=0x00000000
        8355000	       834	800021f8	0104ed33	or	x26,x9,x16	  x9:0x0000036e x16:0x00000000 x26=0x0000036e
        8365000	       835	800021fc	003d2db3	slt	x27,x26,x3	 x26:0x0000036e  x3:0x00000000 x27=0x00000000
        8375000	       836	80002200	34ae9b17	auipc	x22,0x34ae9	 x22=0xb4aeb1fc
        8385000	       837	80002204	ca5ff16f	jal	x2,80002204	  x2=0x80002204
        8395000	       838	00000000	00000013	addi	x0,x0,0	  x0:0x00000000
        8405000	       839	80001ea4	00000013	addi	x0,x0,0	  x0:0x00000000
        8415000	       840	80001ea8	39867313	andi	x6,x12,920	 x12:0x00000380  x6=0x00000380
        8425000	       841	80001eac	ff4e8e93	addi	x29,x29,-12	 x29:0x80009f34 x29=0x80009f28
        8435000	       842	80001eb0	6ce66013	ori	x0,x12,1742	 x12:0x00000380
        8445000	       843	80001eb4	0103ebb3	or	x23,x7,x16	  x7:0xfb0d61d8 x16:0x00000000 x23=0xfb0d61d8
        8455000	       844	80001eb8	409d5d93	srai	x27,x26,0x9	 x26:0x0000036e x27=0x00000001
        8465000	       845	80001ebc	0131e833	or	x16,x3,x19	  x3:0x00000000 x19:0x00000000 x16=0x00000000
        8475000	       846	80001ec0	002ea223	sw	x2,4(x29)	 x29:0x80009f28  x2:0x80002204 PA:0x80009f2c
        8485000	       847	80001ec4	5d590913	addi	x18,x18,1493	 x18:0x00000178 x18=0x0000074d
        8495000	       848	80001ec8	19e6da97	auipc	x21,0x19e6d	 x21=0x99e6eec4
        8505000	       849	80001ecc	0021dd33	srl	x26,x3,x2	  x3:0x00000000  x2:0x80002204 x26=0x00000000
        8515000	       850	80001ed0	03f79663	bne	x15,x31,80001efc	 x15:0x00000001 x31:0x00000000
        8525000	       851	00000000	00000013	addi	x0,x0,0	  x0:0x00000000
        8535000	       852	80001ef8	00000013	addi	x0,x0,0	  x0:0x00000000
        8545000	       853	80001efc	80269917	auipc	x18,0x80269	 x18=0x0026aef8
        8555000	       854	80001f00	40498a13	addi	x20,x19,1028	 x19:0x00000000 x20=0x00000404
        8565000	       855	80001f04	01511833	sll	x16,x2,x21	  x2:0x80002204 x21:0x99e6eec4 x16=0x00022040
        8575000	       856	80001f08	004ea103	lw	x2,4(x29)	 x29:0x80009f28  x2=0x80002204 PA:0x80009f2c
        8585000	       857	80001f0c	497d2a13	slti	x20,x26,1175	 x26:0x00000000 x20=0x00000001
        8595000	       858	80001f10	01107d33	and	x26,x0,x17	  x0:0x00000000 x17:0x00000000 x26=0x00000000
        8605000	       859	80001f14	00ce8e93	addi	x29,x29,12	 x29:0x80009f28 x29=0x80009f34
        8615000	       860	80001f18	41a95533	sra	x10,x18,x26	 x18:0x0026aef8 x26:0x00000000 x10=0x0026aef8
        8625000	       861	80001f1c	33c04c13	xori	x24,x0,828	  x0:0x00000000 x24=0x0000033c
        8635000	       862	80001f20	00381513	slli	x10,x16,0x3	 x16:0x00022040 x10=0x00110200
        8645000	       863	80001f24	01799293	slli	x5,x19,0x17	 x19:0x00000000  x5=0x00000000
        8655000	       864	80001f28	00110893	addi	x17,x2,1	  x2:0x80002204 x17=0x80002205
        8665000	       865	80001f2c	000888e7	jalr	x17,x17,0	 x17:0x80002205 x17=0x80001f2c
        8675000	       866	00000000	00000013	addi	x0,x0,0	  x0:0x00000000
        8685000	       867	80002204	00000013	addi	x0,x0,0	  x0:0x00000000
        8695000	       868	80002208	00700093	addi	x1,x0,7	  x0:0x00000000  x1=0x00000007
        8705000	       869	8000220c	4148df33	sra	x30,x17,x20	 x17:0x80001f2c x20:0x00000001 x30=0xc0000f96
        8715000	       870	80002210	00351413	slli	x8,x10,0x3	 x10:0x00110200  x8=0x00881000
        8725000	       871	80002214	91fe8c93	addi	x25,x29,-1761	 x29:0x80009f34 x25=0x80009853
        8735000	       872	80002218	aab76813	ori	x16,x14,-1365	 x14:0x65d63000 x16=0xfffffaab
        8745000	       873	8000221c	fef00193	addi	x3,x0,-17	  x0:0x00000000  x3=0xffffffef
        8755000	       874	80002220	54292c13	slti	x24,x18,1346	 x18:0x0026aef8 x24=0x00000000
        8765000	       875	80002224	ffc08093	addi	x1,x1,-4	  x1:0x00000007  x1=0x00000003
        8775000	       876	80002228	00800293	addi	x5,x0,8	  x0:0x00000000  x5=0x00000008
        8785000	       877	8000222c	005f5c13	srli	x24,x30,0x5	 x30:0xc0000f96 x24=0x0600007c
        8795000	       878	80002230	ff300313	addi	x6,x0,-13	  x0:0x00000000  x6=0xfffffff3
        8805000	       879	80002234	b0a92b17	auipc	x22,0xb0a92	 x22=0x30a94230
        8815000	       880	80002238	02e40013	addi	x0,x8,46	  x8:0x00881000
        8825000	       881	8000223c	0189ff33	and	x30,x19,x24	 x19:0x00000000 x24:0x0600007c x30=0x00000000
        8835000	       882	80002240	00cb1b93	slli	x23,x22,0xc	 x22:0x30a94230 x23=0x94230000
        8845000	       883	80002244	ffe28293	addi	x5,x5,-2	  x5:0x00000008  x5=0x00000006
        8855000	       884	80002248	00000013	addi	x0,x0,0	  x0:0x00000000
        8865000	       885	8000224c	fe62d8e3	bge	x5,x6,8000223c	  x5:0x00000006  x6:0xfffffff3
        8875000	       886	00000000	00000013	addi	x0,x0,0	  x0:0x00000000
        8885000	       887	80002238	00000013	addi	x0,x0,0	  x0:0x00000000
        8895000	       888	8000223c	0189ff33	and	x30,x19,x24	 x19:0x00000000 x24:0x0600007c x30=0x00000000
        8905000	       889	80002240	00cb1b93	slli	x23,x22,0xc	 x22:0x30a94230 x23=0x94230000
        8915000	       890	80002244	ffe28293	addi	x5,x5,-2	  x5:0x00000006  x5=0x00000004
        8925000	       891	80002248	00000013	addi	x0,x0,0	  x0:0x00000000
        8935000	       892	8000224c	fe62d8e3	bge	x5,x6,8000223c	  x5:0x00000004  x6:0xfffffff3
        8945000	       893	00000000	00000013	addi	x0,x0,0	  x0:0x00000000
        8955000	       894	80002238	00000013	addi	x0,x0,0	  x0:0x00000000
        8965000	       895	8000223c	0189ff33	and	x30,x19,x24	 x19:0x00000000 x24:0x0600007c x30=0x00000000
        8975000	       896	80002240	00cb1b93	slli	x23,x22,0xc	 x22:0x30a94230 x23=0x94230000
        8985000	       897	80002244	ffe28293	addi	x5,x5,-2	  x5:0x00000004  x5=0x00000002
        8995000	       898	80002248	00000013	addi	x0,x0,0	  x0:0x00000000
        9005000	       899	8000224c	fe62d8e3	bge	x5,x6,8000223c	  x5:0x00000002  x6:0xfffffff3
        9015000	       900	00000000	00000013	addi	x0,x0,0	  x0:0x00000000
        9025000	       901	80002238	00000013	addi	x0,x0,0	  x0:0x00000000
        9035000	       902	8000223c	0189ff33	and	x30,x19,x24	 x19:0x00000000 x24:0x0600007c x30=0x00000000
        9045000	       903	80002240	00cb1b93	slli	x23,x22,0xc	 x22:0x30a94230 x23=0x94230000
        9055000	       904	80002244	ffe28293	addi	x5,x5,-2	  x5:0x00000002  x5=0x00000000
        9065000	       905	80002248	00000013	addi	x0,x0,0	  x0:0x00000000
        9075000	       906	8000224c	fe62d8e3	bge	x5,x6,8000223c	  x5:0x00000000  x6:0xfffffff3
        9085000	       907	00000000	00000013	addi	x0,x0,0	  x0:0x00000000
        9095000	       908	80002238	00000013	addi	x0,x0,0	  x0:0x00000000
        9105000	       909	8000223c	0189ff33	and	x30,x19,x24	 x19:0x00000000 x24:0x0600007c x30=0x00000000
        9115000	       910	80002240	00cb1b93	slli	x23,x22,0xc	 x22:0x30a94230 x23=0x94230000
        9125000	       911	80002244	ffe28293	addi	x5,x5,-2	  x5:0x00000000  x5=0xfffffffe
        9135000	       912	80002248	00000013	addi	x0,x0,0	  x0:0x00000000
        9145000	       913	8000224c	fe62d8e3	bge	x5,x6,8000223c	  x5:0xfffffffe  x6:0xfffffff3
        9155000	       914	00000000	00000013	addi	x0,x0,0	  x0:0x00000000
        9165000	       915	80002238	00000013	addi	x0,x0,0	  x0:0x00000000
        9175000	       916	8000223c	0189ff33	and	x30,x19,x24	 x19:0x00000000 x24:0x0600007c x30=0x00000000
        9185000	       917	80002240	00cb1b93	slli	x23,x22,0xc	 x22:0x30a94230 x23=0x94230000
        9195000	       918	80002244	ffe28293	addi	x5,x5,-2	  x5:0xfffffffe  x5=0xfffffffc
        9205000	       919	80002248	00000013	addi	x0,x0,0	  x0:0x00000000
        9215000	       920	8000224c	fe62d8e3	bge	x5,x6,8000223c	  x5:0xfffffffc  x6:0xfffffff3
        9225000	       921	00000000	00000013	addi	x0,x0,0	  x0:0x00000000
        9235000	       922	80002238	00000013	addi	x0,x0,0	  x0:0x00000000
        9245000	       923	8000223c	0189ff33	and	x30,x19,x24	 x19:0x00000000 x24:0x0600007c x30=0x00000000
        9255000	       924	80002240	00cb1b93	slli	x23,x22,0xc	 x22:0x30a94230 x23=0x94230000
        9265000	       925	80002244	ffe28293	addi	x5,x5,-2	  x5:0xfffffffc  x5=0xfffffffa
        9275000	       926	80002248	00000013	addi	x0,x0,0	  x0:0x00000000
        9285000	       927	8000224c	fe62d8e3	bge	x5,x6,8000223c	  x5:0xfffffffa  x6:0xfffffff3
        9295000	       928	00000000	00000013	addi	x0,x0,0	  x0:0x00000000
        9305000	       929	80002238	00000013	addi	x0,x0,0	  x0:0x00000000
        9315000	       930	8000223c	0189ff33	and	x30,x19,x24	 x19:0x00000000 x24:0x0600007c x30=0x00000000
        9325000	       931	80002240	00cb1b93	slli	x23,x22,0xc	 x22:0x30a94230 x23=0x94230000
        9335000	       932	80002244	ffe28293	addi	x5,x5,-2	  x5:0xfffffffa  x5=0xfffffff8
        9345000	       933	80002248	00000013	addi	x0,x0,0	  x0:0x00000000
        9355000	       934	8000224c	fe62d8e3	bge	x5,x6,8000223c	  x5:0xfffffff8  x6:0xfffffff3
        9365000	       935	00000000	00000013	addi	x0,x0,0	  x0:0x00000000
        9375000	       936	80002238	00000013	addi	x0,x0,0	  x0:0x00000000
        9385000	       937	8000223c	0189ff33	and	x30,x19,x24	 x19:0x00000000 x24:0x0600007c x30=0x00000000
        9395000	       938	80002240	00cb1b93	slli	x23,x22,0xc	 x22:0x30a94230 x23=0x94230000
        9405000	       939	80002244	ffe28293	addi	x5,x5,-2	  x5:0xfffffff8  x5=0xfffffff6
        9415000	       940	80002248	00000013	addi	x0,x0,0	  x0:0x00000000
        9425000	       941	8000224c	fe62d8e3	bge	x5,x6,8000223c	  x5:0xfffffff6  x6:0xfffffff3
        9435000	       942	00000000	00000013	addi	x0,x0,0	  x0:0x00000000
        9445000	       943	80002238	00000013	addi	x0,x0,0	  x0:0x00000000
        9455000	       944	8000223c	0189ff33	and	x30,x19,x24	 x19:0x00000000 x24:0x0600007c x30=0x00000000
        9465000	       945	80002240	00cb1b93	slli	x23,x22,0xc	 x22:0x30a94230 x23=0x94230000
        9475000	       946	80002244	ffe28293	addi	x5,x5,-2	  x5:0xfffffff6  x5=0xfffffff4
        9485000	       947	80002248	00000013	addi	x0,x0,0	  x0:0x00000000
        9495000	       948	8000224c	fe62d8e3	bge	x5,x6,8000223c	  x5:0xfffffff4  x6:0xfffffff3
        9505000	       949	00000000	00000013	addi	x0,x0,0	  x0:0x00000000
        9515000	       950	80002238	00000013	addi	x0,x0,0	  x0:0x00000000
        9525000	       951	8000223c	0189ff33	and	x30,x19,x24	 x19:0x00000000 x24:0x0600007c x30=0x00000000
        9535000	       952	80002240	00cb1b93	slli	x23,x22,0xc	 x22:0x30a94230 x23=0x94230000
        9545000	       953	80002244	ffe28293	addi	x5,x5,-2	  x5:0xfffffff4  x5=0xfffffff2
        9555000	       954	80002248	00000013	addi	x0,x0,0	  x0:0x00000000
        9565000	       955	8000224c	fe62d8e3	bge	x5,x6,8000223c	  x5:0xfffffff2  x6:0xfffffff3
        9575000	       956	80002250	3f3ea537	lui	x10,0x3f3ea	 x10=0x3f3ea000
        9585000	       957	80002254	008b9d33	sll	x26,x23,x8	 x23:0x94230000  x8:0x00881000 x26=0x94230000
        9595000	       958	80002258	006709b3	add	x19,x14,x6	 x14:0x65d63000  x6:0xfffffff3 x19=0x65d62ff3
        9605000	       959	8000225c	fc3082e3	beq	x1,x3,80002220	  x1:0x00000003  x3:0xffffffef
        9615000	       960	80002260	50f5ed93	ori	x27,x11,1295	 x11:0x00000380 x27=0x0000078f
        9625000	       961	80002264	00800f13	addi	x30,x0,8	  x0:0x00000000 x30=0x00000008
        9635000	       962	80002268	2479ca93	xori	x21,x19,583	 x19:0x65d62ff3 x21=0x65d62db4
        9645000	       963	8000226c	00d00493	addi	x9,x0,13	  x0:0x00000000  x9=0x0000000d
        9655000	       964	80002270	7eb67c93	andi	x25,x12,2027	 x12:0x00000380 x25=0x00000380
        9665000	       965	80002274	d6e9dc37	lui	x24,0xd6e9d	 x24=0xd6e9d000
        9675000	       966	80002278	dafac537	lui	x10,0xdafac	 x10=0xdafac000
        9685000	       967	8000227c	007f0f13	addi	x30,x30,7	 x30:0x00000008 x30=0x0000000f
        9695000	       968	80002280	067dcd93	xori	x27,x27,103	 x27:0x0000078f x27=0x000007e8
        9705000	       969	80002284	a9197393	andi	x7,x18,-1391	 x18:0x0026aef8  x7=0x0026aa90
        9715000	       970	80002288	001ab133	sltu	x2,x21,x1	 x21:0x65d62db4  x1:0x00000003  x2=0x00000000
        9725000	       971	8000228c	58483d93	sltiu	x27,x16,1412	 x16:0xfffffaab x27=0x00000000
        9735000	       972	80002290	001c5b93	srli	x23,x24,0x1	 x24:0xd6e9d000 x23=0x6b74e800
        9745000	       973	80002294	fe9f40e3	blt	x30,x9,80002274	 x30:0x0000000f  x9:0x0000000d
        9755000	       974	80002298	7e75be13	sltiu	x28,x11,2023	 x11:0x00000380 x28=0x00000001
        9765000	       975	8000229c	00900c93	addi	x25,x0,9	  x0:0x00000000 x25=0x00000009
        9775000	       976	800022a0	fe79a693	slti	x13,x19,-25	 x19:0x65d62ff3 x13=0x00000000
        9785000	       977	800022a4	2721e637	lui	x12,0x2721e	 x12=0x2721e000
        9795000	       978	800022a8	e7a16313	ori	x6,x2,-390	  x2:0x00000000  x6=0xfffffe7a
        9805000	       979	800022ac	00a39433	sll	x8,x7,x10	  x7:0x0026aa90 x10:0xdafac000  x8=0x0026aa90
        9815000	       980	800022b0	4bca6413	ori	x8,x20,1212	 x20:0x00000001  x8=0x000004bd
        9825000	       981	800022b4	f7e80393	addi	x7,x16,-130	 x16:0xfffffaab  x7=0xfffffa29
        9835000	       982	800022b8	00e2f933	and	x18,x5,x14	  x5:0xfffffff2 x14:0x65d63000 x18=0x65d63000
        9845000	       983	800022bc	01fa1733	sll	x14,x20,x31	 x20:0x00000001 x31:0x00000000 x14=0x00000001
        9855000	       984	800022c0	00800813	addi	x16,x0,8	  x0:0x00000000 x16=0x00000008
        9865000	       985	800022c4	9039e413	ori	x8,x19,-1789	 x19:0x65d62ff3  x8=0xfffffff3
        9875000	       986	800022c8	60e22c13	slti	x24,x4,1550	  x4:0x80009fc4 x24=0x00000001
        9885000	       987	800022cc	6e732b93	slti	x23,x6,1767	  x6:0xfffffe7a x23=0x00000001
        9895000	       988	800022d0	00048533	add	x10,x9,x0	  x9:0x0000000d  x0:0x00000000 x10=0x0000000d
        9905000	       989	800022d4	0f683313	sltiu	x6,x16,246	 x16:0x00000008  x6=0x00000001
        9915000	       990	800022d8	41458f33	sub	x30,x11,x20	 x11:0x00000380 x20:0x00000001 x30=0x0000037f
        9925000	       991	800022dc	40f2d313	srai	x6,x5,0xf	  x5:0xfffffff2  x6=0xffffffff
        9935000	       992	800022e0	1a7aca13	xori	x20,x21,423	 x21:0x65d62db4 x20=0x65d62c13
        9945000	       993	800022e4	00378ab3	add	x21,x15,x3	 x15:0x00000001  x3:0xffffffef x21=0xfffffff0
        9955000	       994	800022e8	00657c33	and	x24,x10,x6	 x10:0x0000000d  x6:0xffffffff x24=0x0000000d
        9965000	       995	800022ec	ffdc8c93	addi	x25,x25,-3	 x25:0x00000009 x25=0x00000006
        9975000	       996	800022f0	018ee933	or	x18,x29,x24	 x29:0x80009f34 x24:0x0000000d x18=0x80009f3d
        9985000	       997	800022f4	36712193	slti	x3,x2,871	  x2:0x00000000  x3=0x00000001
        9995000	       998	800022f8	000a1493	slli	x9,x20,0x0	 x20:0x65d62c13  x9=0x65d62c13
       10005000	       999	800022fc	00a6e0b3	or	x1,x13,x10	 x13:0x00000000 x10:0x0000000d  x1=0x0000000d
       10015000	      1000	80002300	018508b3	add	x17,x10,x24	 x10:0x0000000d x24:0x0000000d x17=0x0000001a
       10025000	      1001	80002304	fd0cf0e3	bgeu	x25,x16,800022c4	 x25:0x00000006 x16:0x00000008
       10035000	      1002	80002308	00cc97b3	sll	x15,x25,x12	 x25:0x00000006 x12:0x2721e000 x15=0x00000006
       10045000	      1003	8000230c	00700313	addi	x6,x0,7	  x0:0x00000000  x6=0x00000007
       10055000	      1004	80002310	40e859b3	sra	x19,x16,x14	 x16:0x00000008 x14:0x00000001 x19=0x00000004
       10065000	      1005	80002314	01c08bb3	add	x23,x1,x28	  x1:0x0000000d x28:0x00000001 x23=0x0000000e
       10075000	      1006	80002318	00300b13	addi	x22,x0,3	  x0:0x00000000 x22=0x00000003
       10085000	      1007	8000231c	00000013	addi	x0,x0,0	  x0:0x00000000
       10095000	      1008	80002320	011261b3	or	x3,x4,x17	  x4:0x80009fc4 x17:0x0000001a  x3=0x80009fde
       10105000	      1009	80002324	00ca4a33	xor	x20,x20,x12	 x20:0x65d62c13 x12:0x2721e000 x20=0x42f7cc13
       10115000	      1010	80002328	002f3cb3	sltu	x25,x30,x2	 x30:0x0000037f  x2:0x00000000 x25=0x00000000
       10125000	      1011	8000232c	ffe30313	addi	x6,x6,-2	  x6:0x00000007  x6=0x00000005
       10135000	      1012	80002330	ff800493	addi	x9,x0,-8	  x0:0x00000000  x9=0xfffffff8
       10145000	      1013	80002334	3e044813	xori	x16,x8,992	  x8:0xfffffff3 x16=0xfffffc13
       10155000	      1014	80002338	00000513	addi	x10,x0,0	  x0:0x00000000 x10=0x00000000
       10165000	      1015	8000233c	3d3c3117	auipc	x2,0x3d3c3	  x2=0xbd3c5338
       10175000	      1016	80002340	00e1f8b3	and	x17,x3,x14	  x3:0x80009fde x14:0x00000001 x17=0x00000000
       10185000	      1017	80002344	00748493	addi	x9,x9,7	  x9:0xfffffff8  x9=0xffffffff
       10195000	      1018	80002348	fea4cae3	blt	x9,x10,8000233c	  x9:0xffffffff x10:0x00000000
       10205000	      1019	00000000	00000013	addi	x0,x0,0	  x0:0x00000000
       10215000	      1020	80002338	00000013	addi	x0,x0,0	  x0:0x00000000
       10225000	      1021	8000233c	3d3c3117	auipc	x2,0x3d3c3	  x2=0xbd3c5338
       10235000	      1022	80002340	00e1f8b3	and	x17,x3,x14	  x3:0x80009fde x14:0x00000001 x17=0x00000000
       10245000	      1023	80002344	00748493	addi	x9,x9,7	  x9:0xffffffff  x9=0x00000006
       10255000	      1024	80002348	fea4cae3	blt	x9,x10,8000233c	  x9:0x00000006 x10:0x00000000
       10265000	      1025	8000234c	0556c093	xori	x1,x13,85	 x13:0x00000000  x1=0x00000055
       10275000	      1026	80002350	00c90db3	add	x27,x18,x12	 x18:0x80009f3d x12:0x2721e000 x27=0xa7227f3d
       10285000	      1027	80002354	00235d33	srl	x26,x6,x2	  x6:0x00000005  x2:0xbd3c5338 x26=0x00000000
       10295000	      1028	80002358	fd6372e3	bgeu	x6,x22,8000231c	  x6:0x00000005 x22:0x00000003
       10305000	      1029	00000000	00000013	addi	x0,x0,0	  x0:0x00000000
       10315000	      1030	80002318	00000013	addi	x0,x0,0	  x0:0x00000000
       10325000	      1031	8000231c	00000013	addi	x0,x0,0	  x0:0x00000000
       10335000	      1032	80002320	011261b3	or	x3,x4,x17	  x4:0x80009fc4 x17:0x00000000  x3=0x80009fc4
       10345000	      1033	80002324	00ca4a33	xor	x20,x20,x12	 x20:0x42f7cc13 x12:0x2721e000 x20=0x65d62c13
       10355000	      1034	80002328	002f3cb3	sltu	x25,x30,x2	 x30:0x0000037f  x2:0xbd3c5338 x25=0x00000001
       10365000	      1035	8000232c	ffe30313	addi	x6,x6,-2	  x6:0x00000005  x6=0x00000003
       10375000	      1036	80002330	ff800493	addi	x9,x0,-8	  x0:0x00000000  x9=0xfffffff8
       10385000	      1037	80002334	3e044813	xori	x16,x8,992	  x8:0xfffffff3 x16=0xfffffc13
       10395000	      1038	80002338	00000513	addi	x10,x0,0	  x0:0x00000000 x10=0x00000000
       10405000	      1039	8000233c	3d3c3117	auipc	x2,0x3d3c3	  x2=0xbd3c5338
       10415000	      1040	80002340	00e1f8b3	and	x17,x3,x14	  x3:0x80009fc4 x14:0x00000001 x17=0x00000000
       10425000	      1041	80002344	00748493	addi	x9,x9,7	  x9:0xfffffff8  x9=0xffffffff
       10435000	      1042	80002348	fea4cae3	blt	x9,x10,8000233c	  x9:0xffffffff x10:0x00000000
       10445000	      1043	00000000	00000013	addi	x0,x0,0	  x0:0x00000000
       10455000	      1044	80002338	00000013	addi	x0,x0,0	  x0:0x00000000
       10465000	      1045	8000233c	3d3c3117	auipc	x2,0x3d3c3	  x2=0xbd3c5338
       10475000	      1046	80002340	00e1f8b3	and	x17,x3,x14	  x3:0x80009fc4 x14:0x00000001 x17=0x00000000
       10485000	      1047	80002344	00748493	addi	x9,x9,7	  x9:0xffffffff  x9=0x00000006
       10495000	      1048	80002348	fea4cae3	blt	x9,x10,8000233c	  x9:0x00000006 x10:0x00000000
       10505000	      1049	8000234c	0556c093	xori	x1,x13,85	 x13:0x00000000  x1=0x00000055
       10515000	      1050	80002350	00c90db3	add	x27,x18,x12	 x18:0x80009f3d x12:0x2721e000 x27=0xa7227f3d
       10525000	      1051	80002354	00235d33	srl	x26,x6,x2	  x6:0x00000003  x2:0xbd3c5338 x26=0x00000000
       10535000	      1052	80002358	fd6372e3	bgeu	x6,x22,8000231c	  x6:0x00000003 x22:0x00000003
       10545000	      1053	00000000	00000013	addi	x0,x0,0	  x0:0x00000000
       10555000	      1054	80002318	00000013	addi	x0,x0,0	  x0:0x00000000
       10565000	      1055	8000231c	00000013	addi	x0,x0,0	  x0:0x00000000
       10575000	      1056	80002320	011261b3	or	x3,x4,x17	  x4:0x80009fc4 x17:0x00000000  x3=0x80009fc4
       10585000	      1057	80002324	00ca4a33	xor	x20,x20,x12	 x20:0x65d62c13 x12:0x2721e000 x20=0x42f7cc13
       10595000	      1058	80002328	002f3cb3	sltu	x25,x30,x2	 x30:0x0000037f  x2:0xbd3c5338 x25=0x00000001
       10605000	      1059	8000232c	ffe30313	addi	x6,x6,-2	  x6:0x00000003  x6=0x00000001
       10615000	      1060	80002330	ff800493	addi	x9,x0,-8	  x0:0x00000000  x9=0xfffffff8
       10625000	      1061	80002334	3e044813	xori	x16,x8,992	  x8:0xfffffff3 x16=0xfffffc13
       10635000	      1062	80002338	00000513	addi	x10,x0,0	  x0:0x00000000 x10=0x00000000
       10645000	      1063	8000233c	3d3c3117	auipc	x2,0x3d3c3	  x2=0xbd3c5338
       10655000	      1064	80002340	00e1f8b3	and	x17,x3,x14	  x3:0x80009fc4 x14:0x00000001 x17=0x00000000
       10665000	      1065	80002344	00748493	addi	x9,x9,7	  x9:0xfffffff8  x9=0xffffffff
       10675000	      1066	80002348	fea4cae3	blt	x9,x10,8000233c	  x9:0xffffffff x10:0x00000000
       10685000	      1067	00000000	00000013	addi	x0,x0,0	  x0:0x00000000
       10695000	      1068	80002338	00000013	addi	x0,x0,0	  x0:0x00000000
       10705000	      1069	8000233c	3d3c3117	auipc	x2,0x3d3c3	  x2=0xbd3c5338
       10715000	      1070	80002340	00e1f8b3	and	x17,x3,x14	  x3:0x80009fc4 x14:0x00000001 x17=0x00000000
       10725000	      1071	80002344	00748493	addi	x9,x9,7	  x9:0xffffffff  x9=0x00000006
       10735000	      1072	80002348	fea4cae3	blt	x9,x10,8000233c	  x9:0x00000006 x10:0x00000000
       10745000	      1073	8000234c	0556c093	xori	x1,x13,85	 x13:0x00000000  x1=0x00000055
       10755000	      1074	80002350	00c90db3	add	x27,x18,x12	 x18:0x80009f3d x12:0x2721e000 x27=0xa7227f3d
       10765000	      1075	80002354	00235d33	srl	x26,x6,x2	  x6:0x00000001  x2:0xbd3c5338 x26=0x00000000
       10775000	      1076	80002358	fd6372e3	bgeu	x6,x22,8000231c	  x6:0x00000001 x22:0x00000003
       10785000	      1077	8000235c	005f32b3	sltu	x5,x30,x5	 x30:0x0000037f  x5:0xfffffff2  x5=0x00000001
       10795000	      1078	80002360	00a00093	addi	x1,x0,10	  x0:0x00000000  x1=0x0000000a
       10805000	      1079	80002364	ee5b0637	lui	x12,0xee5b0	 x12=0xee5b0000
       10815000	      1080	80002368	635d33b7	lui	x7,0x635d3	  x7=0x635d3000
       10825000	      1081	8000236c	eac32613	slti	x12,x6,-340	  x6:0x00000001 x12=0x00000000
       10835000	      1082	80002370	41165b33	sra	x22,x12,x17	 x12:0x00000000 x17:0x00000000 x22=0x00000000
       10845000	      1083	80002374	1d16cd13	xori	x26,x13,465	 x13:0x00000000 x26=0x000001d1
       10855000	      1084	80002378	002158b3	srl	x17,x2,x2	  x2:0xbd3c5338  x2:0xbd3c5338 x17=0x000000bd
       10865000	      1085	8000237c	97374c93	xori	x25,x14,-1677	 x14:0x00000001 x25=0xfffff972
       10875000	      1086	80002380	41335cb3	sra	x25,x6,x19	  x6:0x00000001 x19:0x00000004 x25=0x00000000
       10885000	      1087	80002384	016ee6b3	or	x13,x29,x22	 x29:0x80009f34 x22:0x00000000 x13=0x80009f34
       10895000	      1088	80002388	00065713	srli	x14,x12,0x0	 x12:0x00000000 x14=0x00000000
       10905000	      1089	8000238c	01f81413	slli	x8,x16,0x1f	 x16:0xfffffc13  x8=0x80000000
       10915000	      1090	80002390	01e91833	sll	x16,x18,x30	 x18:0x80009f3d x30:0x0000037f x16=0x80000000
       10925000	      1091	80002394	00a00293	addi	x5,x0,10	  x0:0x00000000  x5=0x0000000a
       10935000	      1092	80002398	01384433	xor	x8,x16,x19	 x16:0x80000000 x19:0x00000004  x8=0x80000004
       10945000	      1093	8000239c	01031793	slli	x15,x6,0x10	  x6:0x00000001 x15=0x00010000
       10955000	      1094	800023a0	ff708093	addi	x1,x1,-9	  x1:0x0000000a  x1=0x00000001
       10965000	      1095	800023a4	0076a633	slt	x12,x13,x7	 x13:0x80009f34  x7:0x635d3000 x12=0x00000001
       10975000	      1096	800023a8	00000013	addi	x0,x0,0	  x0:0x00000000
       10985000	      1097	800023ac	fe50f6e3	bgeu	x1,x5,80002398	  x1:0x00000001  x5:0x0000000a
       10995000	      1098	800023b0	00695533	srl	x10,x18,x6	 x18:0x80009f3d  x6:0x00000001 x10=0x40004f9e
       11005000	      1099	800023b4	00200413	addi	x8,x0,2	  x0:0x00000000  x8=0x00000002
       11015000	      1100	800023b8	8a8b4693	xori	x13,x22,-1880	 x22:0x00000000 x13=0xfffff8a8
       11025000	      1101	800023bc	00c86333	or	x6,x16,x12	 x16:0x80000000 x12:0x00000001  x6=0x80000001
       11035000	      1102	800023c0	41208f33	sub	x30,x1,x18	  x1:0x00000001 x18:0x80009f3d x30=0x7fff60c4
       11045000	      1103	800023c4	00600993	addi	x19,x0,6	  x0:0x00000000 x19=0x00000006
       11055000	      1104	800023c8	00491c13	slli	x24,x18,0x4	 x18:0x80009f3d x24=0x0009f3d0
       11065000	      1105	800023cc	006e60b3	or	x1,x28,x6	 x28:0x00000001  x6:0x80000001  x1=0x80000001
       11075000	      1106	800023d0	00140413	addi	x8,x8,1	  x8:0x00000002  x8=0x00000003
       11085000	      1107	800023d4	00500d13	addi	x26,x0,5	  x0:0x00000000 x26=0x00000005
       11095000	      1108	800023d8	007af737	lui	x14,0x7af	 x14=0x007af000
       11105000	      1109	800023dc	27d4fe17	auipc	x28,0x27d4f	 x28=0xa7d513d8
       11115000	      1110	800023e0	00500593	addi	x11,x0,5	  x0:0x00000000 x11=0x00000005
       11125000	      1111	800023e4	83f03113	sltiu	x2,x0,-1985	  x0:0x00000000  x2=0x00000001
       11135000	      1112	800023e8	ffcd0d13	addi	x26,x26,-4	 x26:0x00000005 x26=0x00000001
       11145000	      1113	800023ec	0104a733	slt	x14,x9,x16	  x9:0x00000006 x16:0x80000000 x14=0x00000000
       11155000	      1114	800023f0	015594b3	sll	x9,x11,x21	 x11:0x00000005 x21:0xfffffff0  x9=0x00050000
       11165000	      1115	800023f4	febd78e3	bgeu	x26,x11,800023e4	 x26:0x00000001 x11:0x00000005
       11175000	      1116	800023f8	fd340ae3	beq	x8,x19,800023cc	  x8:0x00000003 x19:0x00000006
       11185000	      1117	800023fc	01a9f6b3	and	x13,x19,x26	 x19:0x00000006 x26:0x00000001 x13=0x00000000
       11195000	      1118	80002400	00a00793	addi	x15,x0,10	  x0:0x00000000 x15=0x0000000a
       11205000	      1119	80002404	400313b7	lui	x7,0x40031	  x7=0x40031000
       11215000	      1120	80002408	8d800013	addi	x0,x0,-1832	  x0:0x00000000
       11225000	      1121	8000240c	00ff68b3	or	x17,x30,x15	 x30:0x7fff60c4 x15:0x0000000a x17=0x7fff60ce
       11235000	      1122	80002410	e1a10293	addi	x5,x2,-486	  x2:0x00000001  x5=0xfffffe1b
       11245000	      1123	80002414	00700e13	addi	x28,x0,7	  x0:0x00000000 x28=0x00000007
       11255000	      1124	80002418	40e3d013	srai	x0,x7,0xe	  x7:0x40031000
       11265000	      1125	8000241c	000f3ab3	sltu	x21,x30,x0	 x30:0x7fff60c4  x0:0x00000000 x21=0x00000000
       11275000	      1126	80002420	ffa78793	addi	x15,x15,-6	 x15:0x0000000a x15=0x00000004
       11285000	      1127	80002424	00700513	addi	x10,x0,7	  x0:0x00000000 x10=0x00000007
       11295000	      1128	80002428	b4bc3813	sltiu	x16,x24,-1205	 x24:0x0009f3d0 x16=0x00000001
       11305000	      1129	8000242c	ff700113	addi	x2,x0,-9	  x0:0x00000000  x2=0xfffffff7
       11315000	      1130	80002430	00d99993	slli	x19,x19,0xd	 x19:0x00000006 x19=0x0000c000
       11325000	      1131	80002434	07918813	addi	x16,x3,121	  x3:0x80009fc4 x16=0x8000a03d
       11335000	      1132	80002438	6459aa13	slti	x20,x19,1605	 x19:0x0000c000 x20=0x00000000
       11345000	      1133	8000243c	ffc50513	addi	x10,x10,-4	 x10:0x00000007 x10=0x00000003
       11355000	      1134	80002440	fe251ae3	bne	x10,x2,80002434	 x10:0x00000003  x2:0xfffffff7
       11365000	      1135	00000000	00000013	addi	x0,x0,0	  x0:0x00000000
       11375000	      1136	80002430	00000013	addi	x0,x0,0	  x0:0x00000000
       11385000	      1137	80002434	07918813	addi	x16,x3,121	  x3:0x80009fc4 x16=0x8000a03d
       11395000	      1138	80002438	6459aa13	slti	x20,x19,1605	 x19:0x0000c000 x20=0x00000000
       11405000	      1139	8000243c	ffc50513	addi	x10,x10,-4	 x10:0x00000003 x10=0xffffffff
       11415000	      1140	80002440	fe251ae3	bne	x10,x2,80002434	 x10:0xffffffff  x2:0xfffffff7
       11425000	      1141	00000000	00000013	addi	x0,x0,0	  x0:0x00000000
       11435000	      1142	80002430	00000013	addi	x0,x0,0	  x0:0x00000000
       11445000	      1143	80002434	07918813	addi	x16,x3,121	  x3:0x80009fc4 x16=0x8000a03d
       11455000	      1144	80002438	6459aa13	slti	x20,x19,1605	 x19:0x0000c000 x20=0x00000000
       11465000	      1145	8000243c	ffc50513	addi	x10,x10,-4	 x10:0xffffffff x10=0xfffffffb
       11475000	      1146	80002440	fe251ae3	bne	x10,x2,80002434	 x10:0xfffffffb  x2:0xfffffff7
       11485000	      1147	00000000	00000013	addi	x0,x0,0	  x0:0x00000000
       11495000	      1148	80002430	00000013	addi	x0,x0,0	  x0:0x00000000
       11505000	      1149	80002434	07918813	addi	x16,x3,121	  x3:0x80009fc4 x16=0x8000a03d
       11515000	      1150	80002438	6459aa13	slti	x20,x19,1605	 x19:0x0000c000 x20=0x00000000
       11525000	      1151	8000243c	ffc50513	addi	x10,x10,-4	 x10:0xfffffffb x10=0xfffffff7
       11535000	      1152	80002440	fe251ae3	bne	x10,x2,80002434	 x10:0xfffffff7  x2:0xfffffff7
       11545000	      1153	80002444	1d29f597	auipc	x11,0x1d29f	 x11=0x9d2a1440
       11555000	      1154	80002448	fdc7fae3	bgeu	x15,x28,8000241c	 x15:0x00000004 x28:0x00000007
       11565000	      1155	8000244c	00b21633	sll	x12,x4,x11	  x4:0x80009fc4 x11:0x9d2a1440 x12=0x80009fc4
       11575000	      1156	80002450	00200393	addi	x7,x0,2	  x0:0x00000000  x7=0x00000002
       11585000	      1157	80002454	01155093	srli	x1,x10,0x11	 x10:0xfffffff7  x1=0x00007fff
       11595000	      1158	80002458	fd612b93	slti	x23,x2,-42	  x2:0xfffffff7 x23=0x00000000
       11605000	      1159	8000245c	00e00993	addi	x19,x0,14	  x0:0x00000000 x19=0x0000000e
       11615000	      1160	80002460	7c84bc13	sltiu	x24,x9,1992	  x9:0x00050000 x24=0x00000000
       11625000	      1161	80002464	416f5893	srai	x17,x30,0x16	 x30:0x7fff60c4 x17=0x000001ff
       11635000	      1162	80002468	405d8133	sub	x2,x27,x5	 x27:0xa7227f3d  x5:0xfffffe1b  x2=0xa7228122
       11645000	      1163	8000246c	b5d14a13	xori	x20,x2,-1187	  x2:0xa7228122 x20=0x58dd7a7f
       11655000	      1164	80002470	36d62d13	slti	x26,x12,877	 x12:0x80009fc4 x26=0x00000001
       11665000	      1165	80002474	40d486b3	sub	x13,x9,x13	  x9:0x00050000 x13:0x00000000 x13=0x00050000
       11675000	      1166	80002478	00000013	addi	x0,x0,0	  x0:0x00000000
       11685000	      1167	8000247c	fe860113	addi	x2,x12,-24	 x12:0x80009fc4  x2=0x80009fac
       11695000	      1168	80002480	00127ab3	and	x21,x4,x1	  x4:0x80009fc4  x1:0x00007fff x21=0x00001fc4
       11705000	      1169	80002484	145c4d93	xori	x27,x24,325	 x24:0x00000000 x27=0x00000145
       11715000	      1170	80002488	4159da33	sra	x20,x19,x21	 x19:0x0000000e x21:0x00001fc4 x20=0x00000000
       11725000	      1171	8000248c	00738393	addi	x7,x7,7	  x7:0x00000002  x7=0x00000009
       11735000	      1172	80002490	661ee093	ori	x1,x29,1633	 x29:0x80009f34  x1=0x80009f75
       11745000	      1173	80002494	fa14c613	xori	x12,x9,-95	  x9:0x00050000 x12=0xfffaffa1
       11755000	      1174	80002498	415b5e33	sra	x28,x22,x21	 x22:0x00000000 x21:0x00001fc4 x28=0x00000000
       11765000	      1175	8000249c	ffa00813	addi	x16,x0,-6	  x0:0x00000000 x16=0xfffffffa
       11775000	      1176	800024a0	8bb1c113	xori	x2,x3,-1861	  x3:0x80009fc4  x2=0x7fff677f
       11785000	      1177	800024a4	00700513	addi	x10,x0,7	  x0:0x00000000 x10=0x00000007
       11795000	      1178	800024a8	41740ab3	sub	x21,x8,x23	  x8:0x00000003 x23:0x00000000 x21=0x00000003
       11805000	      1179	800024ac	41125713	srai	x14,x4,0x11	  x4:0x80009fc4 x14=0xffffc000
       11815000	      1180	800024b0	40e7ddb3	sra	x27,x15,x14	 x15:0x00000004 x14:0xffffc000 x27=0x00000004
       11825000	      1181	800024b4	01285b33	srl	x22,x16,x18	 x16:0xfffffffa x18:0x80009f3d x22=0x00000007
       11835000	      1182	800024b8	00da48b3	xor	x17,x20,x13	 x20:0x00000000 x13:0x00050000 x17=0x00050000
       11845000	      1183	800024bc	00000013	addi	x0,x0,0	  x0:0x00000000
       11855000	      1184	800024c0	00a80813	addi	x16,x16,10	 x16:0xfffffffa x16=0x00000004
       11865000	      1185	800024c4	be414f13	xori	x30,x2,-1052	  x2:0x7fff677f x30=0x80009c9b
       11875000	      1186	800024c8	fea868e3	bltu	x16,x10,800024b8	 x16:0x00000004 x10:0x00000007
       11885000	      1187	00000000	00000013	addi	x0,x0,0	  x0:0x00000000
       11895000	      1188	800024b4	00000013	addi	x0,x0,0	  x0:0x00000000
       11905000	      1189	800024b8	00da48b3	xor	x17,x20,x13	 x20:0x00000000 x13:0x00050000 x17=0x00050000
       11915000	      1190	800024bc	00000013	addi	x0,x0,0	  x0:0x00000000
       11925000	      1191	800024c0	00a80813	addi	x16,x16,10	 x16:0x00000004 x16=0x0000000e
       11935000	      1192	800024c4	be414f13	xori	x30,x2,-1052	  x2:0x7fff677f x30=0x80009c9b
       11945000	      1193	800024c8	fea868e3	bltu	x16,x10,800024b8	 x16:0x0000000e x10:0x00000007
       11955000	      1194	800024cc	403b0433	sub	x8,x22,x3	 x22:0x00000007  x3:0x80009fc4  x8=0x7fff6043
       11965000	      1195	800024d0	fb33e6e3	bltu	x7,x19,8000247c	  x7:0x00000009 x19:0x0000000e
       11975000	      1196	00000000	00000013	addi	x0,x0,0	  x0:0x00000000
       11985000	      1197	80002478	00000013	addi	x0,x0,0	  x0:0x00000000
       11995000	      1198	8000247c	fe860113	addi	x2,x12,-24	 x12:0xfffaffa1  x2=0xfffaff89
       12005000	      1199	80002480	00127ab3	and	x21,x4,x1	  x4:0x80009fc4  x1:0x80009f75 x21=0x80009f44
       12015000	      1200	80002484	145c4d93	xori	x27,x24,325	 x24:0x00000000 x27=0x00000145
       12025000	      1201	80002488	4159da33	sra	x20,x19,x21	 x19:0x0000000e x21:0x80009f44 x20=0x00000000
       12035000	      1202	8000248c	00738393	addi	x7,x7,7	  x7:0x00000009  x7=0x00000010
       12045000	      1203	80002490	661ee093	ori	x1,x29,1633	 x29:0x80009f34  x1=0x80009f75
       12055000	      1204	80002494	fa14c613	xori	x12,x9,-95	  x9:0x00050000 x12=0xfffaffa1
       12065000	      1205	80002498	415b5e33	sra	x28,x22,x21	 x22:0x00000007 x21:0x80009f44 x28=0x00000000
       12075000	      1206	8000249c	ffa00813	addi	x16,x0,-6	  x0:0x00000000 x16=0xfffffffa
       12085000	      1207	800024a0	8bb1c113	xori	x2,x3,-1861	  x3:0x80009fc4  x2=0x7fff677f
       12095000	      1208	800024a4	00700513	addi	x10,x0,7	  x0:0x00000000 x10=0x00000007
       12105000	      1209	800024a8	41740ab3	sub	x21,x8,x23	  x8:0x7fff6043 x23:0x00000000 x21=0x7fff6043
       12115000	      1210	800024ac	41125713	srai	x14,x4,0x11	  x4:0x80009fc4 x14=0xffffc000
       12125000	      1211	800024b0	40e7ddb3	sra	x27,x15,x14	 x15:0x00000004 x14:0xffffc000 x27=0x00000004
       12135000	      1212	800024b4	01285b33	srl	x22,x16,x18	 x16:0xfffffffa x18:0x80009f3d x22=0x00000007
       12145000	      1213	800024b8	00da48b3	xor	x17,x20,x13	 x20:0x00000000 x13:0x00050000 x17=0x00050000
       12155000	      1214	800024bc	00000013	addi	x0,x0,0	  x0:0x00000000
       12165000	      1215	800024c0	00a80813	addi	x16,x16,10	 x16:0xfffffffa x16=0x00000004
       12175000	      1216	800024c4	be414f13	xori	x30,x2,-1052	  x2:0x7fff677f x30=0x80009c9b
       12185000	      1217	800024c8	fea868e3	bltu	x16,x10,800024b8	 x16:0x00000004 x10:0x00000007
       12195000	      1218	00000000	00000013	addi	x0,x0,0	  x0:0x00000000
       12205000	      1219	800024b4	00000013	addi	x0,x0,0	  x0:0x00000000
       12215000	      1220	800024b8	00da48b3	xor	x17,x20,x13	 x20:0x00000000 x13:0x00050000 x17=0x00050000
       12225000	      1221	800024bc	00000013	addi	x0,x0,0	  x0:0x00000000
       12235000	      1222	800024c0	00a80813	addi	x16,x16,10	 x16:0x00000004 x16=0x0000000e
       12245000	      1223	800024c4	be414f13	xori	x30,x2,-1052	  x2:0x7fff677f x30=0x80009c9b
       12255000	      1224	800024c8	fea868e3	bltu	x16,x10,800024b8	 x16:0x0000000e x10:0x00000007
       12265000	      1225	800024cc	403b0433	sub	x8,x22,x3	 x22:0x00000007  x3:0x80009fc4  x8=0x7fff6043
       12275000	      1226	800024d0	fb33e6e3	bltu	x7,x19,8000247c	  x7:0x00000010 x19:0x0000000e
       12285000	      1227	800024d4	3d3e3a93	sltiu	x21,x28,979	 x28:0x00000000 x21=0x00000001
       12295000	      1228	800024d8	f9580f17	auipc	x30,0xf9580	 x30=0x795824d4
       12305000	      1229	800024dc	00fb5c63	bge	x22,x15,800024f4	 x22:0x00000007 x15:0x00000004
       12315000	      1230	00000000	00000013	addi	x0,x0,0	  x0:0x00000000
       12325000	      1231	800024f0	00000013	addi	x0,x0,0	  x0:0x00000000
       12335000	      1232	800024f4	99ea8a13	addi	x20,x21,-1634	 x21:0x00000001 x20=0xfffff99f
       12345000	      1233	800024f8	01a984b3	add	x9,x19,x26	 x19:0x0000000e x26:0x00000001  x9=0x0000000f
       12355000	      1234	800024fc	950fae37	lui	x28,0x950fa	 x28=0x950fa000
       12365000	      1235	80002500	0263e663	bltu	x7,x6,8000252c	  x7:0x00000010  x6:0x80000001
       12375000	      1236	00000000	00000013	addi	x0,x0,0	  x0:0x00000000
       12385000	      1237	80002528	00000013	addi	x0,x0,0	  x0:0x00000000
       12395000	      1238	8000252c	e0284193	xori	x3,x16,-510	 x16:0x0000000e  x3=0xfffffe0c
       12405000	      1239	80002530	0008f8b3	and	x17,x17,x0	 x17:0x00050000  x0:0x00000000 x17=0x00000000
       12415000	      1240	80002534	42756913	ori	x18,x10,1063	 x10:0x00000007 x18=0x00000427
       12425000	      1241	80002538	0faf6b93	ori	x23,x30,250	 x30:0x795824d4 x23=0x795824fe
       12435000	      1242	8000253c	001079b3	and	x19,x0,x1	  x0:0x00000000  x1:0x80009f75 x19=0x00000000
       12445000	      1243	80002540	05757863	bgeu	x10,x23,80002590	 x10:0x00000007 x23:0x795824fe
       12455000	      1244	80002544	00484d33	xor	x26,x16,x4	 x16:0x0000000e  x4:0x80009fc4 x26=0x80009fca
       12465000	      1245	80002548	90788993	addi	x19,x17,-1785	 x17:0x00000000 x19=0xfffff907
       12475000	      1246	8000254c	00f64a63	blt	x12,x15,80002560	 x12:0xfffaffa1 x15:0x00000004
       12485000	      1247	00000000	00000013	addi	x0,x0,0	  x0:0x00000000
       12495000	      1248	8000255c	00000013	addi	x0,x0,0	  x0:0x00000000
       12505000	      1249	80002560	01bb2333	slt	x6,x22,x27	 x22:0x00000007 x27:0x00000004  x6=0x00000000
       12515000	      1250	80002564	61c2e913	ori	x18,x5,1564	  x5:0xfffffe1b x18=0xfffffe1f
       12525000	      1251	80002568	0339ec63	bltu	x19,x19,800025a0	 x19:0xfffff907 x19:0xfffff907
       12535000	      1252	8000256c	02931c63	bne	x6,x9,800025a4	  x6:0x00000000  x9:0x0000000f
       12545000	      1253	00000000	00000013	addi	x0,x0,0	  x0:0x00000000
       12555000	      1254	800025a0	00000013	addi	x0,x0,0	  x0:0x00000000
       12565000	      1255	800025a4	40058f33	sub	x30,x11,x0	 x11:0x9d2a1440  x0:0x00000000 x30=0x9d2a1440
       12575000	      1256	800025a8	01828c63	beq	x5,x24,800025c0	  x5:0xfffffe1b x24:0x00000000
       12585000	      1257	800025ac	00ddeab3	or	x21,x27,x13	 x27:0x00000004 x13:0x00050000 x21=0x00050004
       12595000	      1258	800025b0	4159d613	srai	x12,x19,0x15	 x19:0xfffff907 x12=0xffffffff
       12605000	      1259	800025b4	48343f13	sltiu	x30,x8,1155	  x8:0x7fff6043 x30=0x00000000
       12615000	      1260	800025b8	04b45863	bge	x8,x11,80002608	  x8:0x7fff6043 x11:0x9d2a1440
       12625000	      1261	00000000	00000013	addi	x0,x0,0	  x0:0x00000000
       12635000	      1262	80002604	00000013	addi	x0,x0,0	  x0:0x00000000
       12645000	      1263	80002608	0032dbb3	srl	x23,x5,x3	  x5:0xfffffe1b  x3:0xfffffe0c x23=0x000fffff
       12655000	      1264	8000260c	01e69833	sll	x16,x13,x30	 x13:0x00050000 x30:0x00000000 x16=0x00050000
       12665000	      1265	80002610	00000013	addi	x0,x0,0	  x0:0x00000000
       12675000	      1266	80002614	01a1f833	and	x16,x3,x26	  x3:0xfffffe0c x26:0x80009fca x16=0x80009e08
       12685000	      1267	80002618	1b7aad13	slti	x26,x21,439	 x21:0x00050004 x26=0x00000000
       12695000	      1268	8000261c	000d1833	sll	x16,x26,x0	 x26:0x00000000  x0:0x00000000 x16=0x00000000
       12705000	      1269	80002620	01c66db3	or	x27,x12,x28	 x12:0xffffffff x28:0x950fa000 x27=0xffffffff
       12715000	      1270	80002624	4069dbb3	sra	x23,x19,x6	 x19:0xfffff907  x6:0x00000000 x23=0xfffff907
       12725000	      1271	80002628	96918913	addi	x18,x3,-1687	  x3:0xfffffe0c x18=0xfffff775
       12735000	      1272	8000262c	6f92b893	sltiu	x17,x5,1785	  x5:0xfffffe1b x17=0x00000000
       12745000	      1273	80002630	014322b3	slt	x5,x6,x20	  x6:0x00000000 x20:0xfffff99f  x5=0x00000000
       12755000	      1274	80002634	52d1a093	slti	x1,x3,1325	  x3:0xfffffe0c  x1=0x00000001
       12765000	      1275	80002638	fde46d93	ori	x27,x8,-34	  x8:0x7fff6043 x27=0xffffffdf
       12775000	      1276	8000263c	05ad7663	bgeu	x26,x26,80002688	 x26:0x00000000 x26:0x00000000
       12785000	      1277	00000000	00000013	addi	x0,x0,0	  x0:0x00000000
       12795000	      1278	80002684	00000013	addi	x0,x0,0	  x0:0x00000000
       12805000	      1279	80002688	0db71817	auipc	x16,0xdb71	 x16=0x8db73684
       12815000	      1280	8000268c	411153b3	sra	x7,x2,x17	  x2:0x7fff677f x17:0x00000000  x7=0x7fff677f
       12825000	      1281	80002690	4038da13	srai	x20,x17,0x3	 x17:0x00000000 x20=0x00000000
       12835000	      1282	80002694	0122bf33	sltu	x30,x5,x18	  x5:0x00000000 x18:0xfffff775 x30=0x00000001
       12845000	      1283	80002698	02728263	beq	x5,x7,800026bc	  x5:0x00000000  x7:0x7fff677f
       12855000	      1284	8000269c	d7bc8313	addi	x6,x25,-645	 x25:0x00000000  x6=0xfffffd7b
       12865000	      1285	800026a0	40805313	srai	x6,x0,0x8	  x0:0x00000000  x6=0x00000000
       12875000	      1286	800026a4	01978663	beq	x15,x25,800026b0	 x15:0x00000004 x25:0x00000000
       12885000	      1287	800026a8	00000013	addi	x0,x0,0	  x0:0x00000000
       12895000	      1288	800026ac	00c3ba33	sltu	x20,x7,x12	  x7:0x7fff677f x12:0xffffffff x20=0x00000001
       12905000	      1289	800026b0	418b5393	srai	x7,x22,0x18	 x22:0x00000007  x7=0x00000000
       12915000	      1290	800026b4	00e81833	sll	x16,x16,x14	 x16:0x8db73684 x14:0xffffc000 x16=0x8db73684
       12925000	      1291	800026b8	2b963793	sltiu	x15,x12,697	 x12:0xffffffff x15=0x00000000
       12935000	      1292	800026bc	04b35263	bge	x6,x11,80002700	  x6:0x00000000 x11:0x9d2a1440
       12945000	      1293	00000000	00000013	addi	x0,x0,0	  x0:0x00000000
       12955000	      1294	800026fc	00000013	addi	x0,x0,0	  x0:0x00000000
       12965000	      1295	80002700	7d463313	sltiu	x6,x12,2004	 x12:0xffffffff  x6=0x00000000
       12975000	      1296	80002704	e295e937	lui	x18,0xe295e	 x18=0xe295e000
       12985000	      1297	80002708	00a97533	and	x10,x18,x10	 x18:0xe295e000 x10:0x00000007 x10=0x00000000
       12995000	      1298	8000270c	4073da13	srai	x20,x7,0x7	  x7:0x00000000 x20=0x00000000
       13005000	      1299	80002710	01108c63	beq	x1,x17,80002728	  x1:0x00000001 x17:0x00000000
       13015000	      1300	80002714	085cdc63	bge	x25,x5,800027ac	 x25:0x00000000  x5:0x00000000
       13025000	      1301	00000000	00000013	addi	x0,x0,0	  x0:0x00000000
       13035000	      1302	800027a8	00000013	addi	x0,x0,0	  x0:0x00000000
       13045000	      1303	800027ac	03f9fc63	bgeu	x19,x31,800027e4	 x19:0xfffff907 x31:0x00000000
       13055000	      1304	00000000	00000013	addi	x0,x0,0	  x0:0x00000000
       13065000	      1305	800027e0	00000013	addi	x0,x0,0	  x0:0x00000000
       13075000	      1306	800027e4	51bc6993	ori	x19,x24,1307	 x24:0x00000000 x19=0x0000051b
       13085000	      1307	800027e8	01d08c63	beq	x1,x29,80002800	  x1:0x00000001 x29:0x80009f34
       13095000	      1308	800027ec	22688093	addi	x1,x17,550	 x17:0x00000000  x1=0x00000226
       13105000	      1309	800027f0	00c08133	add	x2,x1,x12	  x1:0x00000226 x12:0xffffffff  x2=0x00000225
       13115000	      1310	800027f4	b9397893	andi	x17,x18,-1133	 x18:0xe295e000 x17=0xe295e000
       13125000	      1311	800027f8	02f87e63	bgeu	x16,x15,80002834	 x16:0x8db73684 x15:0x00000000
       13135000	      1312	00000000	00000013	addi	x0,x0,0	  x0:0x00000000
       13145000	      1313	80002830	00000013	addi	x0,x0,0	  x0:0x00000000
       13155000	      1314	80002834	d6e08913	addi	x18,x1,-658	  x1:0x00000226 x18=0xffffff94
       13165000	      1315	80002838	000b0463	beq	x22,x0,80002840	 x22:0x00000007  x0:0x00000000
       13175000	      1316	8000283c	03f5fc63	bgeu	x11,x31,80002874	 x11:0x9d2a1440 x31:0x00000000
       13185000	      1317	00000000	00000013	addi	x0,x0,0	  x0:0x00000000
       13195000	      1318	80002870	00000013	addi	x0,x0,0	  x0:0x00000000
       13205000	      1319	80002874	733a0813	addi	x16,x20,1843	 x20:0x00000000 x16=0x00000733
       13215000	      1320	80002878	022ad663	bge	x21,x2,800028a4	 x21:0x00050004  x2:0x00000225
       13225000	      1321	00000000	00000013	addi	x0,x0,0	  x0:0x00000000
       13235000	      1322	800028a0	00000013	addi	x0,x0,0	  x0:0x00000000
       13245000	      1323	800028a4	4113d433	sra	x8,x7,x17	  x7:0x00000000 x17:0xe295e000  x8=0x00000000
       13255000	      1324	800028a8	41a0da13	srai	x20,x1,0x1a	  x1:0x00000226 x20=0x00000000
       13265000	      1325	800028ac	01b231b3	sltu	x3,x4,x27	  x4:0x80009fc4 x27:0xffffffdf  x3=0x00000001
       13275000	      1326	800028b0	0217cc63	blt	x15,x1,800028e8	 x15:0x00000000  x1:0x00000226
       13285000	      1327	00000000	00000013	addi	x0,x0,0	  x0:0x00000000
       13295000	      1328	800028e4	00000013	addi	x0,x0,0	  x0:0x00000000
       13305000	      1329	800028e8	02374a63	blt	x14,x3,8000291c	 x14:0xffffc000  x3:0x00000001
       13315000	      1330	00000000	00000013	addi	x0,x0,0	  x0:0x00000000
       13325000	      1331	80002918	00000013	addi	x0,x0,0	  x0:0x00000000
       13335000	      1332	8000291c	014892b3	sll	x5,x17,x20	 x17:0xe295e000 x20:0x00000000  x5=0xe295e000
       13345000	      1333	80002920	01931793	slli	x15,x6,0x19	  x6:0x00000000 x15=0x00000000
       13355000	      1334	80002924	0017a7b3	slt	x15,x15,x1	 x15:0x00000000  x1:0x00000226 x15=0x00000001
       13365000	      1335	80002928	03fc4c63	blt	x24,x31,80002960	 x24:0x00000000 x31:0x00000000
       13375000	      1336	8000292c	982dca13	xori	x20,x27,-1662	 x27:0xffffffdf x20=0x0000065d
       13385000	      1337	80002930	417105b3	sub	x11,x2,x23	  x2:0x00000225 x23:0xfffff907 x11=0x0000091e
       13395000	      1338	80002934	eba5ca37	lui	x20,0xeba5c	 x20=0xeba5c000
       13405000	      1339	80002938	015725b3	slt	x11,x14,x21	 x14:0xffffc000 x21:0x00050004 x11=0x00000001
       13415000	      1340	8000293c	401bda93	srai	x21,x23,0x1	 x23:0xfffff907 x21=0xfffffc83
       13425000	      1341	80002940	f69a9cb7	lui	x25,0xf69a9	 x25=0xf69a9000
       13435000	      1342	80002944	01aa97b3	sll	x15,x21,x26	 x21:0xfffffc83 x26:0x00000000 x15=0xfffffc83
       13445000	      1343	80002948	14dc7a13	andi	x20,x24,333	 x24:0x00000000 x20=0x00000000
       13455000	      1344	8000294c	52a88813	addi	x16,x17,1322	 x17:0xe295e000 x16=0xe295e52a
       13465000	      1345	80002950	00000013	addi	x0,x0,0	  x0:0x00000000
       13475000	      1346	80002954	408a59b3	sra	x19,x20,x8	 x20:0x00000000  x8:0x00000000 x19=0x00000000
       13485000	      1347	80002958	41ccd533	sra	x10,x25,x28	 x25:0xf69a9000 x28:0x950fa000 x10=0xf69a9000
       13495000	      1348	8000295c	005b5013	srli	x0,x22,0x5	 x22:0x00000007
       13505000	      1349	80002960	015702b3	add	x5,x14,x21	 x14:0xffffc000 x21:0xfffffc83  x5=0xffffbc83
       13515000	      1350	80002964	0178d813	srli	x16,x17,0x17	 x17:0xe295e000 x16=0x000001c5
       13525000	      1351	80002968	010974b3	and	x9,x18,x16	 x18:0xffffff94 x16:0x000001c5  x9=0x00000184
       13535000	      1352	8000296c	4156da33	sra	x20,x13,x21	 x13:0x00050000 x21:0xfffffc83 x20=0x0000a000
       13545000	      1353	80002970	40985693	srai	x13,x16,0x9	 x16:0x000001c5 x13=0x00000000
       13555000	      1354	80002974	986c0437	lui	x8,0x986c0	  x8=0x986c0000
       13565000	      1355	80002978	00c1f2b3	and	x5,x3,x12	  x3:0x00000001 x12:0xffffffff  x5=0x00000001
       13575000	      1356	8000297c	006c6933	or	x18,x24,x6	 x24:0x00000000  x6:0x00000000 x18=0x00000000
       13585000	      1357	80002980	418c08b3	sub	x17,x24,x24	 x24:0x00000000 x24:0x00000000 x17=0x00000000
       13595000	      1358	80002984	897ded13	ori	x26,x27,-1897	 x27:0xffffffdf x26=0xffffffdf
       13605000	      1359	80002988	01c05b93	srli	x23,x0,0x1c	  x0:0x00000000 x23=0x00000000
       13615000	      1360	8000298c	05645063	bge	x8,x22,800029cc	  x8:0x986c0000 x22:0x00000007
       13625000	      1361	80002990	00faf863	bgeu	x21,x15,800029a0	 x21:0xfffffc83 x15:0xfffffc83
       13635000	      1362	00000000	00000013	addi	x0,x0,0	  x0:0x00000000
       13645000	      1363	8000299c	00000013	addi	x0,x0,0	  x0:0x00000000
       13655000	      1364	800029a0	0490c663	blt	x1,x9,800029ec	  x1:0x00000226  x9:0x00000184
       13665000	      1365	800029a4	0090d633	srl	x12,x1,x9	  x1:0x00000226  x9:0x00000184 x12=0x00000022
       13675000	      1366	800029a8	01983633	sltu	x12,x16,x25	 x16:0x000001c5 x25:0xf69a9000 x12=0x00000001
       13685000	      1367	800029ac	008fb2b3	sltu	x5,x31,x8	 x31:0x00000000  x8:0x986c0000  x5=0x00000001
       13695000	      1368	800029b0	941f0b13	addi	x22,x30,-1727	 x30:0x00000001 x22=0xfffff942
       13705000	      1369	800029b4	0155c463	blt	x11,x21,800029bc	 x11:0x00000001 x21:0xfffffc83
       13715000	      1370	800029b8	0deaea13	ori	x20,x21,222	 x21:0xfffffc83 x20=0xfffffcdf
       13725000	      1371	800029bc	01ebd013	srli	x0,x23,0x1e	 x23:0x00000000
       13735000	      1372	800029c0	846c5797	auipc	x15,0x846c5	 x15=0x046c79bc
       13745000	      1373	800029c4	017c78b3	and	x17,x24,x23	 x24:0x00000000 x23:0x00000000 x17=0x00000000
       13755000	      1374	800029c8	02bffc63	bgeu	x31,x11,80002a00	 x31:0x00000000 x11:0x00000001
       13765000	      1375	800029cc	acd39c17	auipc	x24,0xacd39	 x24=0x2cd3b9c8
       13775000	      1376	800029d0	016de0b3	or	x1,x27,x22	 x27:0xffffffdf x22:0xfffff942  x1=0xffffffdf
       13785000	      1377	800029d4	0155ee33	or	x28,x11,x21	 x11:0x00000001 x21:0xfffffc83 x28=0xfffffc83
       13795000	      1378	800029d8	d3a6bf13	sltiu	x30,x13,-710	 x13:0x00000000 x30=0x00000001
       13805000	      1379	800029dc	46bf2313	slti	x6,x30,1131	 x30:0x00000001  x6=0x00000001
       13815000	      1380	800029e0	ca513893	sltiu	x17,x2,-859	  x2:0x00000225 x17=0x00000001
       13825000	      1381	800029e4	9fdf7d97	auipc	x27,0x9fdf7	 x27=0x1fdf99e0
       13835000	      1382	800029e8	ab65d617	auipc	x12,0xab65d	 x12=0x2b65f9e4
       13845000	      1383	800029ec	b1e23693	sltiu	x13,x4,-1250	  x4:0x80009fc4 x13=0x00000001
       13855000	      1384	800029f0	41da05b3	sub	x11,x20,x29	 x20:0xfffffcdf x29:0x80009f34 x11=0x7fff5dab
       13865000	      1385	800029f4	003d1a33	sll	x20,x26,x3	 x26:0xffffffdf  x3:0x00000001 x20=0xffffffbe
       13875000	      1386	800029f8	03320063	beq	x4,x19,80002a18	  x4:0x80009fc4 x19:0x00000000
       13885000	      1387	800029fc	056f1263	bne	x30,x22,80002a40	 x30:0x00000001 x22:0xfffff942
       13895000	      1388	00000000	00000013	addi	x0,x0,0	  x0:0x00000000
       13905000	      1389	80002a3c	00000013	addi	x0,x0,0	  x0:0x00000000
       13915000	      1390	80002a40	7bd6b093	sltiu	x1,x13,1981	 x13:0x00000001  x1=0x00000001
       13925000	      1391	80002a44	0164ec63	bltu	x9,x22,80002a5c	  x9:0x00000184 x22:0xfffff942
       13935000	      1392	00000000	00000013	addi	x0,x0,0	  x0:0x00000000
       13945000	      1393	80002a58	00000013	addi	x0,x0,0	  x0:0x00000000
       13955000	      1394	80002a5c	00855713	srli	x14,x10,0x8	 x10:0xf69a9000 x14=0x00f69a90
       13965000	      1395	80002a60	00009533	sll	x10,x1,x0	  x1:0x00000001  x0:0x00000000 x10=0x00000001
       13975000	      1396	80002a64	008c4ab3	xor	x21,x24,x8	 x24:0x2cd3b9c8  x8:0x986c0000 x21=0xb4bfb9c8
       13985000	      1397	80002a68	a46ffd93	andi	x27,x31,-1466	 x31:0x00000000 x27=0x00000000
       13995000	      1398	80002a6c	004a5b13	srli	x22,x20,0x4	 x20:0xffffffbe x22=0x0ffffffb
       14005000	      1399	80002a70	0082db33	srl	x22,x5,x8	  x5:0x00000001  x8:0x986c0000 x22=0x00000001
       14015000	      1400	80002a74	00000013	addi	x0,x0,0	  x0:0x00000000
       14025000	      1401	80002a78	02428e63	beq	x5,x4,80002ab4	  x5:0x00000001  x4:0x80009fc4
       14035000	      1402	80002a7c	05740663	beq	x8,x23,80002ac8	  x8:0x986c0000 x23:0x00000000
       14045000	      1403	80002a80	05c28863	beq	x5,x28,80002ad0	  x5:0x00000001 x28:0xfffffc83
       14055000	      1404	80002a84	011551b3	srl	x3,x10,x17	 x10:0x00000001 x17:0x00000001  x3=0x00000000
       14065000	      1405	80002a88	00e6d6b3	srl	x13,x13,x14	 x13:0x00000001 x14:0x00f69a90 x13=0x00000000
       14075000	      1406	80002a8c	0022b3b3	sltu	x7,x5,x2	  x5:0x00000001  x2:0x00000225  x7=0x00000001
       14085000	      1407	80002a90	46e44113	xori	x2,x8,1134	  x8:0x986c0000  x2=0x986c046e
       14095000	      1408	80002a94	038cd263	bge	x25,x24,80002ab8	 x25:0xf69a9000 x24:0x2cd3b9c8
       14105000	      1409	80002a98	25f6ea13	ori	x20,x13,607	 x13:0x00000000 x20=0x0000025f
       14115000	      1410	80002a9c	415a5d33	sra	x26,x20,x21	 x20:0x0000025f x21:0xb4bfb9c8 x26=0x00000002
       14125000	      1411	80002aa0	00ca5263	bge	x20,x12,80002aa4	 x20:0x0000025f x12:0x2b65f9e4
       14135000	      1412	80002aa4	41c585b3	sub	x11,x11,x28	 x11:0x7fff5dab x28:0xfffffc83 x11=0x7fff6128
       14145000	      1413	80002aa8	41375e13	srai	x28,x14,0x13	 x14:0x00f69a90 x28=0x0000001e
       14155000	      1414	80002aac	40955613	srai	x12,x10,0x9	 x10:0x00000001 x12=0x00000000
       14165000	      1415	80002ab0	00b0c4b3	xor	x9,x1,x11	  x1:0x00000001 x11:0x7fff6128  x9=0x7fff6129
       14175000	      1416	80002ab4	413ed7b3	sra	x15,x29,x19	 x29:0x80009f34 x19:0x00000000 x15=0x80009f34
       14185000	      1417	80002ab8	00f35cb3	srl	x25,x6,x15	  x6:0x00000001 x15:0x80009f34 x25=0x00000000
       14195000	      1418	80002abc	0002e313	ori	x6,x5,0	  x5:0x00000001  x6=0x00000001
       14205000	      1419	80002ac0	947b0d13	addi	x26,x22,-1721	 x22:0x00000001 x26=0xfffff948
       14215000	      1420	80002ac4	01cda833	slt	x16,x27,x28	 x27:0x00000000 x28:0x0000001e x16=0x00000001
       14225000	      1421	80002ac8	02f5ee63	bltu	x11,x15,80002b04	 x11:0x7fff6128 x15:0x80009f34
       14235000	      1422	00000000	00000013	addi	x0,x0,0	  x0:0x00000000
       14245000	      1423	80002b00	00000013	addi	x0,x0,0	  x0:0x00000000
       14255000	      1424	80002b04	6397ba17	auipc	x20,0x6397b	 x20=0xe397db00
       14265000	      1425	80002b08	0094a0b3	slt	x1,x9,x9	  x9:0x7fff6129  x9:0x7fff6129  x1=0x00000000
       14275000	      1426	80002b0c	00000013	addi	x0,x0,0	  x0:0x00000000
       14285000	      1427	80002b10	04b14863	blt	x2,x11,80002b60	  x2:0x986c046e x11:0x7fff6128
       14295000	      1428	00000000	00000013	addi	x0,x0,0	  x0:0x00000000
       14305000	      1429	80002b5c	00000013	addi	x0,x0,0	  x0:0x00000000
       14315000	      1430	80002b60	02164c63	blt	x12,x1,80002b98	 x12:0x00000000  x1:0x00000000
       14325000	      1431	80002b64	97353293	sltiu	x5,x10,-1677	 x10:0x00000001  x5=0x00000001
       14335000	      1432	80002b68	06d72097	auipc	x1,0x6d72	  x1=0x86d74b64
       14345000	      1433	80002b6c	b2bddb17	auipc	x22,0xb2bdd	 x22=0x32bdfb68
       14355000	      1434	80002b70	61784393	xori	x7,x16,1559	 x16:0x00000001  x7=0x00000616
       14365000	      1435	80002b74	00000013	addi	x0,x0,0	  x0:0x00000000
       14375000	      1436	80002b78	02590063	beq	x18,x5,80002b98	 x18:0x00000000  x5:0x00000001
       14385000	      1437	80002b7c	b0002a13	slti	x20,x0,-1280	  x0:0x00000000 x20=0x00000000
       14395000	      1438	80002b80	036a0013	addi	x0,x20,54	 x20:0x00000000
       14405000	      1439	80002b84	015e16b3	sll	x13,x28,x21	 x28:0x0000001e x21:0xb4bfb9c8 x13=0x00001e00
       14415000	      1440	80002b88	41500733	sub	x14,x0,x21	  x0:0x00000000 x21:0xb4bfb9c8 x14=0x4b404638
       14425000	      1441	80002b8c	01234f33	xor	x30,x6,x18	  x6:0x00000001 x18:0x00000000 x30=0x00000001
       14435000	      1442	80002b90	018f0833	add	x16,x30,x24	 x30:0x00000001 x24:0x2cd3b9c8 x16=0x2cd3b9c9
       14445000	      1443	80002b94	00fbd633	srl	x12,x23,x15	 x23:0x00000000 x15:0x80009f34 x12=0x00000000
       14455000	      1444	80002b98	03519c63	bne	x3,x21,80002bd0	  x3:0x00000000 x21:0xb4bfb9c8
       14465000	      1445	00000000	00000013	addi	x0,x0,0	  x0:0x00000000
       14475000	      1446	80002bcc	00000013	addi	x0,x0,0	  x0:0x00000000
       14485000	      1447	80002bd0	01de5433	srl	x8,x28,x29	 x28:0x0000001e x29:0x80009f34  x8=0x00000000
       14495000	      1448	80002bd4	0043d513	srli	x10,x7,0x4	  x7:0x00000616 x10=0x00000061
       14505000	      1449	80002bd8	006246b3	xor	x13,x4,x6	  x4:0x80009fc4  x6:0x00000001 x13=0x80009fc5
       14515000	      1450	80002bdc	fc29a813	slti	x16,x19,-62	 x19:0x00000000 x16=0x00000000
       14525000	      1451	80002be0	31abaa13	slti	x20,x23,794	 x23:0x00000000 x20=0x00000001
       14535000	      1452	80002be4	a80b2913	slti	x18,x22,-1408	 x22:0x32bdfb68 x18=0x00000000
       14545000	      1453	80002be8	02a60c63	beq	x12,x10,80002c20	 x12:0x00000000 x10:0x00000061
       14555000	      1454	80002bec	410b0333	sub	x6,x22,x16	 x22:0x32bdfb68 x16:0x00000000  x6=0x32bdfb68
       14565000	      1455	80002bf0	03d19a63	bne	x3,x29,80002c24	  x3:0x00000000 x29:0x80009f34
       14575000	      1456	00000000	00000013	addi	x0,x0,0	  x0:0x00000000
       14585000	      1457	80002c20	00000013	addi	x0,x0,0	  x0:0x00000000
       14595000	      1458	80002c24	0de46017	auipc	x0,0xde46	
       14605000	      1459	80002c28	017a2cb3	slt	x25,x20,x23	 x20:0x00000001 x23:0x00000000 x25=0x00000000
       14615000	      1460	80002c2c	ff1d4a13	xori	x20,x26,-15	 x26:0xfffff948 x20=0x000006b9
       14625000	      1461	80002c30	bbf0e1b7	lui	x3,0xbbf0e	  x3=0xbbf0e000
       14635000	      1462	80002c34	00d164b3	or	x9,x2,x13	  x2:0x986c046e x13:0x80009fc5  x9=0x986c9fef
       14645000	      1463	80002c38	00ff9863	bne	x31,x15,80002c48	 x31:0x00000000 x15:0x80009f34
       14655000	      1464	00000000	00000013	addi	x0,x0,0	  x0:0x00000000
       14665000	      1465	80002c44	00000013	addi	x0,x0,0	  x0:0x00000000
       14675000	      1466	80002c48	0056da33	srl	x20,x13,x5	 x13:0x80009fc5  x5:0x00000001 x20=0x40004fe2
       14685000	      1467	80002c4c	4072db93	srai	x23,x5,0x7	  x5:0x00000001 x23=0x00000000
       14695000	      1468	80002c50	0007ff33	and	x30,x15,x0	 x15:0x80009f34  x0:0x00000000 x30=0x00000000
       14705000	      1469	80002c54	0837f663	bgeu	x15,x3,80002ce0	 x15:0x80009f34  x3:0xbbf0e000
       14715000	      1470	80002c58	03500463	beq	x0,x21,80002c80	  x0:0x00000000 x21:0xb4bfb9c8
       14725000	      1471	80002c5c	01b15c63	bge	x2,x27,80002c74	  x2:0x986c046e x27:0x00000000
       14735000	      1472	80002c60	00f8b533	sltu	x10,x17,x15	 x17:0x00000001 x15:0x80009f34 x10=0x00000001
       14745000	      1473	80002c64	00000013	addi	x0,x0,0	  x0:0x00000000
       14755000	      1474	80002c68	13e3b313	sltiu	x6,x7,318	  x7:0x00000616  x6=0x00000000
       14765000	      1475	80002c6c	00ed95b3	sll	x11,x27,x14	 x27:0x00000000 x14:0x4b404638 x11=0x00000000
       14775000	      1476	80002c70	1b0f5617	auipc	x12,0x1b0f5	 x12=0x9b0f7c6c
       14785000	      1477	80002c74	01fb5463	bge	x22,x31,80002c7c	 x22:0x32bdfb68 x31:0x00000000
       14795000	      1478	00000000	00000013	addi	x0,x0,0	  x0:0x00000000
       14805000	      1479	80002c78	00000013	addi	x0,x0,0	  x0:0x00000000
       14815000	      1480	80002c7c	91e4c513	xori	x10,x9,-1762	  x9:0x986c9fef x10=0x679366f1
       14825000	      1481	80002c80	5f513193	sltiu	x3,x2,1525	  x2:0x986c046e  x3=0x00000000
       14835000	      1482	80002c84	01111c33	sll	x24,x2,x17	  x2:0x986c046e x17:0x00000001 x24=0x30d808dc
       14845000	      1483	80002c88	ff900313	addi	x6,x0,-7	  x0:0x00000000  x6=0xfffffff9
       14855000	      1484	80002c8c	017554b3	srl	x9,x10,x23	 x10:0x679366f1 x23:0x00000000  x9=0x679366f1
       14865000	      1485	80002c90	40a2dd33	sra	x26,x5,x10	  x5:0x00000001 x10:0x679366f1 x26=0x00000000
       14875000	      1486	80002c94	40e205b3	sub	x11,x4,x14	  x4:0x80009fc4 x14:0x4b404638 x11=0x34c0598c
       14885000	      1487	80002c98	5740e097	auipc	x1,0x5740e	  x1=0xd7410c94
       14895000	      1488	80002c9c	ff400793	addi	x15,x0,-12	  x0:0x00000000 x15=0xfffffff4
       14905000	      1489	80002ca0	8508fc93	andi	x25,x17,-1968	 x17:0x00000001 x25=0x00000000
       14915000	      1490	80002ca4	e9954d13	xori	x26,x10,-359	 x10:0x679366f1 x26=0x986c9868
       14925000	      1491	80002ca8	65c00393	addi	x7,x0,1628	  x0:0x00000000  x7=0x0000065c
       14935000	      1492	80002cac	bfbddb37	lui	x22,0xbfbdd	 x22=0xbfbdd000
       14945000	      1493	80002cb0	008f1f13	slli	x30,x30,0x8	 x30:0x00000000 x30=0x00000000
       14955000	      1494	80002cb4	008ec133	xor	x2,x29,x8	 x29:0x80009f34  x8:0x00000000  x2=0x80009f34
       14965000	      1495	80002cb8	ffc30313	addi	x6,x6,-4	  x6:0xfffffff9  x6=0xfffffff5
       14975000	      1496	80002cbc	c61a0493	addi	x9,x20,-927	 x20:0x40004fe2  x9=0x40004c43
       14985000	      1497	80002cc0	40e0d1b3	sra	x3,x1,x14	  x1:0xd7410c94 x14:0x4b404638  x3=0xffffffd7
       14995000	      1498	80002cc4	008cdd13	srli	x26,x25,0x8	 x25:0x00000000 x26=0x00000000
       15005000	      1499	80002cc8	ccaab513	sltiu	x10,x21,-822	 x21:0xb4bfb9c8 x10=0x00000001
       15015000	      1500	80002ccc	01928ab3	add	x21,x5,x25	  x5:0x00000001 x25:0x00000000 x21=0x00000001
       15025000	      1501	80002cd0	fcf35ee3	bge	x6,x15,80002cac	  x6:0xfffffff5 x15:0xfffffff4
       15035000	      1502	00000000	00000013	addi	x0,x0,0	  x0:0x00000000
       15045000	      1503	80002ca8	00000013	addi	x0,x0,0	  x0:0x00000000
       15055000	      1504	80002cac	bfbddb37	lui	x22,0xbfbdd	 x22=0xbfbdd000
       15065000	      1505	80002cb0	008f1f13	slli	x30,x30,0x8	 x30:0x00000000 x30=0x00000000
       15075000	      1506	80002cb4	008ec133	xor	x2,x29,x8	 x29:0x80009f34  x8:0x00000000  x2=0x80009f34
       15085000	      1507	80002cb8	ffc30313	addi	x6,x6,-4	  x6:0xfffffff5  x6=0xfffffff1
       15095000	      1508	80002cbc	c61a0493	addi	x9,x20,-927	 x20:0x40004fe2  x9=0x40004c43
       15105000	      1509	80002cc0	40e0d1b3	sra	x3,x1,x14	  x1:0xd7410c94 x14:0x4b404638  x3=0xffffffd7
       15115000	      1510	80002cc4	008cdd13	srli	x26,x25,0x8	 x25:0x00000000 x26=0x00000000
       15125000	      1511	80002cc8	ccaab513	sltiu	x10,x21,-822	 x21:0x00000001 x10=0x00000001
       15135000	      1512	80002ccc	01928ab3	add	x21,x5,x25	  x5:0x00000001 x25:0x00000000 x21=0x00000001
       15145000	      1513	80002cd0	fcf35ee3	bge	x6,x15,80002cac	  x6:0xfffffff1 x15:0xfffffff4
       15155000	      1514	80002cd4	00244a33	xor	x20,x8,x2	  x8:0x00000000  x2:0x80009f34 x20=0x80009f34
       15165000	      1515	80002cd8	ede07513	andi	x10,x0,-290	  x0:0x00000000 x10=0x00000000
       15175000	      1516	80002cdc	00318663	beq	x3,x3,80002ce8	  x3:0xffffffd7  x3:0xffffffd7
       15185000	      1517	00000000	00000013	addi	x0,x0,0	  x0:0x00000000
       15195000	      1518	80002ce4	00000013	addi	x0,x0,0	  x0:0x00000000
       15205000	      1519	80002ce8	00a39c63	bne	x7,x10,80002d00	  x7:0x0000065c x10:0x00000000
       15215000	      1520	00000000	00000013	addi	x0,x0,0	  x0:0x00000000
       15225000	      1521	80002cfc	00000013	addi	x0,x0,0	  x0:0x00000000
       15235000	      1522	80002d00	02420663	beq	x4,x4,80002d2c	  x4:0x80009fc4  x4:0x80009fc4
       15245000	      1523	00000000	00000013	addi	x0,x0,0	  x0:0x00000000
       15255000	      1524	80002d28	00000013	addi	x0,x0,0	  x0:0x00000000
       15265000	      1525	80002d2c	004c9113	slli	x2,x25,0x4	 x25:0x00000000  x2=0x00000000
       15275000	      1526	80002d30	16d16313	ori	x6,x2,365	  x2:0x00000000  x6=0x0000016d
       15285000	      1527	80002d34	00a5b133	sltu	x2,x11,x10	 x11:0x34c0598c x10:0x00000000  x2=0x00000000
       15295000	      1528	80002d38	00e24a33	xor	x20,x4,x14	  x4:0x80009fc4 x14:0x4b404638 x20=0xcb40d9fc
       15305000	      1529	80002d3c	00611313	slli	x6,x2,0x6	  x2:0x00000000  x6=0x00000000
       15315000	      1530	80002d40	014b5b33	srl	x22,x22,x20	 x22:0xbfbdd000 x20:0xcb40d9fc x22=0x0000000b
       15325000	      1531	80002d44	0079be33	sltu	x28,x19,x7	 x19:0x00000000  x7:0x0000065c x28=0x00000001
       15335000	      1532	80002d48	0415e663	bltu	x11,x1,80002d94	 x11:0x34c0598c  x1:0xd7410c94
       15345000	      1533	00000000	00000013	addi	x0,x0,0	  x0:0x00000000
       15355000	      1534	80002d90	00000013	addi	x0,x0,0	  x0:0x00000000
       15365000	      1535	80002d94	00000013	addi	x0,x0,0	  x0:0x00000000
       15375000	      1536	80002d98	0099fc63	bgeu	x19,x9,80002db0	 x19:0x00000000  x9:0x40004c43
       15385000	      1537	80002d9c	416ad1b3	sra	x3,x21,x22	 x21:0x00000001 x22:0x0000000b  x3=0x00000000
       15395000	      1538	80002da0	014cd293	srli	x5,x25,0x14	 x25:0x00000000  x5=0x00000000
       15405000	      1539	80002da4	00f587b3	add	x15,x11,x15	 x11:0x34c0598c x15:0xfffffff4 x15=0x34c05980
       15415000	      1540	80002da8	0d8bea63	bltu	x23,x24,80002e7c	 x23:0x00000000 x24:0x30d808dc
       15425000	      1541	00000000	00000013	addi	x0,x0,0	  x0:0x00000000
       15435000	      1542	80002e78	00000013	addi	x0,x0,0	  x0:0x00000000
       15445000	      1543	80002e7c	00949713	slli	x14,x9,0x9	  x9:0x40004c43 x14=0x00988600
       15455000	      1544	80002e80	40ce0a33	sub	x20,x28,x12	 x28:0x00000001 x12:0x9b0f7c6c x20=0x64f08395
       15465000	      1545	80002e84	da657b13	andi	x22,x10,-602	 x10:0x00000000 x22=0x00000000
       15475000	      1546	80002e88	0134f663	bgeu	x9,x19,80002e94	  x9:0x40004c43 x19:0x00000000
       15485000	      1547	00000000	00000013	addi	x0,x0,0	  x0:0x00000000
       15495000	      1548	80002e90	00000013	addi	x0,x0,0	  x0:0x00000000
       15505000	      1549	80002e94	00000013	addi	x0,x0,0	  x0:0x00000000
       15515000	      1550	80002e98	005e35b3	sltu	x11,x28,x5	 x28:0x00000001  x5:0x00000000 x11=0x00000000
       15525000	      1551	80002e9c	3c51fc97	auipc	x25,0x3c51f	 x25=0xbc521e98
       15535000	      1552	80002ea0	00ea4bb3	xor	x23,x20,x14	 x20:0x64f08395 x14:0x00988600 x23=0x64680595
       15545000	      1553	80002ea4	cee86493	ori	x9,x16,-786	 x16:0x00000000  x9=0xfffffcee
       15555000	      1554	80002ea8	fbcb4f13	xori	x30,x22,-68	 x22:0x00000000 x30=0xffffffbc
       15565000	      1555	80002eac	0028ae33	slt	x28,x17,x2	 x17:0x00000001  x2:0x00000000 x28=0x00000000
       15575000	      1556	80002eb0	4027d793	srai	x15,x15,0x2	 x15:0x34c05980 x15=0x0d301660
       15585000	      1557	80002eb4	00000013	addi	x0,x0,0	  x0:0x00000000
       15595000	      1558	80002eb8	90c58117	auipc	x2,0x90c58	  x2=0x10c5aeb4
       15605000	      1559	80002ebc	ccd9a013	slti	x0,x19,-819	 x19:0x00000000
       15615000	      1560	80002ec0	c90c3593	sltiu	x11,x24,-880	 x24:0x30d808dc x11=0x00000001
       15625000	      1561	80002ec4	724bf417	auipc	x8,0x724bf	  x8=0xf24c1ec0
       15635000	      1562	80002ec8	00e325b3	slt	x11,x6,x14	  x6:0x00000000 x14:0x00988600 x11=0x00000001
       15645000	      1563	80002ecc	02039263	bne	x7,x0,80002ef0	  x7:0x0000065c  x0:0x00000000
       15655000	      1564	00000000	00000013	addi	x0,x0,0	  x0:0x00000000
       15665000	      1565	80002eec	00000013	addi	x0,x0,0	  x0:0x00000000
       15675000	      1566	80002ef0	05c69063	bne	x13,x28,80002f30	 x13:0x80009fc5 x28:0x00000000
       15685000	      1567	00000000	00000013	addi	x0,x0,0	  x0:0x00000000
       15695000	      1568	80002f2c	00000013	addi	x0,x0,0	  x0:0x00000000
       15705000	      1569	80002f30	55c84c93	xori	x25,x16,1372	 x16:0x00000000 x25=0x0000055c
       15715000	      1570	80002f34	4097ddb3	sra	x27,x15,x9	 x15:0x0d301660  x9:0xfffffcee x27=0x000034c0
       15725000	      1571	80002f38	00d3d263	bge	x7,x13,80002f3c	  x7:0x0000065c x13:0x80009fc5
       15735000	      1572	00000000	00000013	addi	x0,x0,0	  x0:0x00000000
       15745000	      1573	80002f38	00000013	addi	x0,x0,0	  x0:0x00000000
       15755000	      1574	80002f3c	00000013	addi	x0,x0,0	  x0:0x00000000
       15765000	      1575	80002f40	41350833	sub	x16,x10,x19	 x10:0x00000000 x19:0x00000000 x16=0x00000000
       15775000	      1576	80002f44	00e79933	sll	x18,x15,x14	 x15:0x0d301660 x14:0x00988600 x18=0x0d301660
       15785000	      1577	80002f48	004ea103	lw	x2,4(x29)	 x29:0x80009f34  x2=0x80001f8c PA:0x80009f38
       15795000	      1578	80002f4c	6bca2413	slti	x8,x20,1724	 x20:0x64f08395  x8=0x00000000
       15805000	      1579	80002f50	a9180393	addi	x7,x16,-1391	 x16:0x00000000  x7=0xfffffa91
       15815000	      1580	80002f54	00872633	slt	x12,x14,x8	 x14:0x00988600  x8:0x00000000 x12=0x00000000
       15825000	      1581	80002f58	03ce8e93	addi	x29,x29,60	 x29:0x80009f34 x29=0x80009f70
       15835000	      1582	80002f5c	84e71017	auipc	x0,0x84e71	
       15845000	      1583	80002f60	22535e17	auipc	x28,0x22535	 x28=0xa2537f5c
       15855000	      1584	80002f64	0100f2b3	and	x5,x1,x16	  x1:0xd7410c94 x16:0x00000000  x5=0x00000000
       15865000	      1585	80002f68	00110593	addi	x11,x2,1	  x2:0x80001f8c x11=0x80001f8d
       15875000	      1586	80002f6c	000585e7	jalr	x11,x11,0	 x11:0x80001f8d x11=0x80002f6c
       15885000	      1587	00000000	00000013	addi	x0,x0,0	  x0:0x00000000
       15895000	      1588	80001f8c	00000013	addi	x0,x0,0	  x0:0x00000000
       15905000	      1589	80001f90	00a00c13	addi	x24,x0,10	  x0:0x00000000 x24=0x0000000a
       15915000	      1590	80001f94	00500113	addi	x2,x0,5	  x0:0x00000000  x2=0x00000005
       15925000	      1591	80001f98	c5906593	ori	x11,x0,-935	  x0:0x00000000 x11=0xfffffc59
       15935000	      1592	80001f9c	ffdc0c13	addi	x24,x24,-3	 x24:0x0000000a x24=0x00000007
       15945000	      1593	80001fa0	00100093	addi	x1,x0,1	  x0:0x00000000  x1=0x00000001
       15955000	      1594	80001fa4	01400993	addi	x19,x0,20	  x0:0x00000000 x19=0x00000014
       15965000	      1595	80001fa8	5e116793	ori	x15,x2,1505	  x2:0x00000005 x15=0x000005e5
       15975000	      1596	80001fac	00308093	addi	x1,x1,3	  x1:0x00000001  x1=0x00000004
       15985000	      1597	80001fb0	ff30ece3	bltu	x1,x19,80001fa8	  x1:0x00000004 x19:0x00000014
       15995000	      1598	00000000	00000013	addi	x0,x0,0	  x0:0x00000000
       16005000	      1599	80001fa4	00000013	addi	x0,x0,0	  x0:0x00000000
       16015000	      1600	80001fa8	5e116793	ori	x15,x2,1505	  x2:0x00000005 x15=0x000005e5
       16025000	      1601	80001fac	00308093	addi	x1,x1,3	  x1:0x00000004  x1=0x00000007
       16035000	      1602	80001fb0	ff30ece3	bltu	x1,x19,80001fa8	  x1:0x00000007 x19:0x00000014
       16045000	      1603	00000000	00000013	addi	x0,x0,0	  x0:0x00000000
       16055000	      1604	80001fa4	00000013	addi	x0,x0,0	  x0:0x00000000
       16065000	      1605	80001fa8	5e116793	ori	x15,x2,1505	  x2:0x00000005 x15=0x000005e5
       16075000	      1606	80001fac	00308093	addi	x1,x1,3	  x1:0x00000007  x1=0x0000000a
       16085000	      1607	80001fb0	ff30ece3	bltu	x1,x19,80001fa8	  x1:0x0000000a x19:0x00000014
       16095000	      1608	00000000	00000013	addi	x0,x0,0	  x0:0x00000000
       16105000	      1609	80001fa4	00000013	addi	x0,x0,0	  x0:0x00000000
       16115000	      1610	80001fa8	5e116793	ori	x15,x2,1505	  x2:0x00000005 x15=0x000005e5
       16125000	      1611	80001fac	00308093	addi	x1,x1,3	  x1:0x0000000a  x1=0x0000000d
       16135000	      1612	80001fb0	ff30ece3	bltu	x1,x19,80001fa8	  x1:0x0000000d x19:0x00000014
       16145000	      1613	00000000	00000013	addi	x0,x0,0	  x0:0x00000000
       16155000	      1614	80001fa4	00000013	addi	x0,x0,0	  x0:0x00000000
       16165000	      1615	80001fa8	5e116793	ori	x15,x2,1505	  x2:0x00000005 x15=0x000005e5
       16175000	      1616	80001fac	00308093	addi	x1,x1,3	  x1:0x0000000d  x1=0x00000010
       16185000	      1617	80001fb0	ff30ece3	bltu	x1,x19,80001fa8	  x1:0x00000010 x19:0x00000014
       16195000	      1618	00000000	00000013	addi	x0,x0,0	  x0:0x00000000
       16205000	      1619	80001fa4	00000013	addi	x0,x0,0	  x0:0x00000000
       16215000	      1620	80001fa8	5e116793	ori	x15,x2,1505	  x2:0x00000005 x15=0x000005e5
       16225000	      1621	80001fac	00308093	addi	x1,x1,3	  x1:0x00000010  x1=0x00000013
       16235000	      1622	80001fb0	ff30ece3	bltu	x1,x19,80001fa8	  x1:0x00000013 x19:0x00000014
       16245000	      1623	00000000	00000013	addi	x0,x0,0	  x0:0x00000000
       16255000	      1624	80001fa4	00000013	addi	x0,x0,0	  x0:0x00000000
       16265000	      1625	80001fa8	5e116793	ori	x15,x2,1505	  x2:0x00000005 x15=0x000005e5
       16275000	      1626	80001fac	00308093	addi	x1,x1,3	  x1:0x00000013  x1=0x00000016
       16285000	      1627	80001fb0	ff30ece3	bltu	x1,x19,80001fa8	  x1:0x00000016 x19:0x00000014
       16295000	      1628	80001fb4	fe2c72e3	bgeu	x24,x2,80001f98	 x24:0x00000007  x2:0x00000005
       16305000	      1629	00000000	00000013	addi	x0,x0,0	  x0:0x00000000
       16315000	      1630	80001f94	00000013	addi	x0,x0,0	  x0:0x00000000
       16325000	      1631	80001f98	c5906593	ori	x11,x0,-935	  x0:0x00000000 x11=0xfffffc59
       16335000	      1632	80001f9c	ffdc0c13	addi	x24,x24,-3	 x24:0x00000007 x24=0x00000004
       16345000	      1633	80001fa0	00100093	addi	x1,x0,1	  x0:0x00000000  x1=0x00000001
       16355000	      1634	80001fa4	01400993	addi	x19,x0,20	  x0:0x00000000 x19=0x00000014
       16365000	      1635	80001fa8	5e116793	ori	x15,x2,1505	  x2:0x00000005 x15=0x000005e5
       16375000	      1636	80001fac	00308093	addi	x1,x1,3	  x1:0x00000001  x1=0x00000004
       16385000	      1637	80001fb0	ff30ece3	bltu	x1,x19,80001fa8	  x1:0x00000004 x19:0x00000014
       16395000	      1638	00000000	00000013	addi	x0,x0,0	  x0:0x00000000
       16405000	      1639	80001fa4	00000013	addi	x0,x0,0	  x0:0x00000000
       16415000	      1640	80001fa8	5e116793	ori	x15,x2,1505	  x2:0x00000005 x15=0x000005e5
       16425000	      1641	80001fac	00308093	addi	x1,x1,3	  x1:0x00000004  x1=0x00000007
       16435000	      1642	80001fb0	ff30ece3	bltu	x1,x19,80001fa8	  x1:0x00000007 x19:0x00000014
       16445000	      1643	00000000	00000013	addi	x0,x0,0	  x0:0x00000000
       16455000	      1644	80001fa4	00000013	addi	x0,x0,0	  x0:0x00000000
       16465000	      1645	80001fa8	5e116793	ori	x15,x2,1505	  x2:0x00000005 x15=0x000005e5
       16475000	      1646	80001fac	00308093	addi	x1,x1,3	  x1:0x00000007  x1=0x0000000a
       16485000	      1647	80001fb0	ff30ece3	bltu	x1,x19,80001fa8	  x1:0x0000000a x19:0x00000014
       16495000	      1648	00000000	00000013	addi	x0,x0,0	  x0:0x00000000
       16505000	      1649	80001fa4	00000013	addi	x0,x0,0	  x0:0x00000000
       16515000	      1650	80001fa8	5e116793	ori	x15,x2,1505	  x2:0x00000005 x15=0x000005e5
       16525000	      1651	80001fac	00308093	addi	x1,x1,3	  x1:0x0000000a  x1=0x0000000d
       16535000	      1652	80001fb0	ff30ece3	bltu	x1,x19,80001fa8	  x1:0x0000000d x19:0x00000014
       16545000	      1653	00000000	00000013	addi	x0,x0,0	  x0:0x00000000
       16555000	      1654	80001fa4	00000013	addi	x0,x0,0	  x0:0x00000000
       16565000	      1655	80001fa8	5e116793	ori	x15,x2,1505	  x2:0x00000005 x15=0x000005e5
       16575000	      1656	80001fac	00308093	addi	x1,x1,3	  x1:0x0000000d  x1=0x00000010
       16585000	      1657	80001fb0	ff30ece3	bltu	x1,x19,80001fa8	  x1:0x00000010 x19:0x00000014
       16595000	      1658	00000000	00000013	addi	x0,x0,0	  x0:0x00000000
       16605000	      1659	80001fa4	00000013	addi	x0,x0,0	  x0:0x00000000
       16615000	      1660	80001fa8	5e116793	ori	x15,x2,1505	  x2:0x00000005 x15=0x000005e5
       16625000	      1661	80001fac	00308093	addi	x1,x1,3	  x1:0x00000010  x1=0x00000013
       16635000	      1662	80001fb0	ff30ece3	bltu	x1,x19,80001fa8	  x1:0x00000013 x19:0x00000014
       16645000	      1663	00000000	00000013	addi	x0,x0,0	  x0:0x00000000
       16655000	      1664	80001fa4	00000013	addi	x0,x0,0	  x0:0x00000000
       16665000	      1665	80001fa8	5e116793	ori	x15,x2,1505	  x2:0x00000005 x15=0x000005e5
       16675000	      1666	80001fac	00308093	addi	x1,x1,3	  x1:0x00000013  x1=0x00000016
       16685000	      1667	80001fb0	ff30ece3	bltu	x1,x19,80001fa8	  x1:0x00000016 x19:0x00000014
       16695000	      1668	80001fb4	fe2c72e3	bgeu	x24,x2,80001f98	 x24:0x00000004  x2:0x00000005
       16705000	      1669	80001fb8	79244813	xori	x16,x8,1938	  x8:0x00000000 x16=0x00000792
       16715000	      1670	80001fbc	ff900113	addi	x2,x0,-7	  x0:0x00000000  x2=0xfffffff9
       16725000	      1671	80001fc0	4163d093	srai	x1,x7,0x16	  x7:0xfffffa91  x1=0xffffffff
       16735000	      1672	80001fc4	ff100793	addi	x15,x0,-15	  x0:0x00000000 x15=0xfffffff1
       16745000	      1673	80001fc8	134de193	ori	x3,x27,308	 x27:0x000034c0  x3=0x000035f4
       16755000	      1674	80001fcc	2dc448b7	lui	x17,0x2dc44	 x17=0x2dc44000
       16765000	      1675	80001fd0	ff910113	addi	x2,x2,-7	  x2:0xfffffff9  x2=0xfffffff2
       16775000	      1676	80001fd4	fef15ae3	bge	x2,x15,80001fc8	  x2:0xfffffff2 x15:0xfffffff1
       16785000	      1677	00000000	00000013	addi	x0,x0,0	  x0:0x00000000
       16795000	      1678	80001fc4	00000013	addi	x0,x0,0	  x0:0x00000000
       16805000	      1679	80001fc8	134de193	ori	x3,x27,308	 x27:0x000034c0  x3=0x000035f4
       16815000	      1680	80001fcc	2dc448b7	lui	x17,0x2dc44	 x17=0x2dc44000
       16825000	      1681	80001fd0	ff910113	addi	x2,x2,-7	  x2:0xfffffff2  x2=0xffffffeb
       16835000	      1682	80001fd4	fef15ae3	bge	x2,x15,80001fc8	  x2:0xffffffeb x15:0xfffffff1
       16845000	      1683	80001fd8	015e9393	slli	x7,x29,0x15	 x29:0x80009f70  x7=0xee000000
       16855000	      1684	80001fdc	6affec17	auipc	x24,0x6affe	 x24=0xeaffffd8
       16865000	      1685	80001fe0	40a35013	srai	x0,x6,0xa	  x6:0x00000000
       16875000	      1686	80001fe4	01aaf033	and	x0,x21,x26	 x21:0x00000001 x26:0x00000000
       16885000	      1687	80001fe8	00000013	addi	x0,x0,0	  x0:0x00000000
       16895000	      1688	80001fec	03656e63	bltu	x10,x22,80002028	 x10:0x00000000 x22:0x00000000
       16905000	      1689	80001ff0	012f9d13	slli	x26,x31,0x12	 x31:0x00000000 x26=0x00000000
       16915000	      1690	80001ff4	037d0793	addi	x15,x26,55	 x26:0x00000000 x15=0x00000037
       16925000	      1691	80001ff8	00000013	addi	x0,x0,0	  x0:0x00000000
       16935000	      1692	80001ffc	01685cb3	srl	x25,x16,x22	 x16:0x00000792 x22:0x00000000 x25=0x00000792
       16945000	      1693	80002000	00000013	addi	x0,x0,0	  x0:0x00000000
       16955000	      1694	80002004	3f0e0997	auipc	x19,0x3f0e0	 x19=0xbf0e2000
       16965000	      1695	80002008	007e1c33	sll	x24,x28,x7	 x28:0xa2537f5c  x7:0xee000000 x24=0xa2537f5c
       16975000	      1696	8000200c	01916c63	bltu	x2,x25,80002024	  x2:0xffffffeb x25:0x00000792
       16985000	      1697	80002010	01651433	sll	x8,x10,x22	 x10:0x00000000 x22:0x00000000  x8=0x00000000
       16995000	      1698	80002014	4c474317	auipc	x6,0x4c474	  x6=0xcc476010
       17005000	      1699	80002018	40630433	sub	x8,x6,x6	  x6:0xcc476010  x6:0xcc476010  x8=0x00000000
       17015000	      1700	8000201c	e8a93417	auipc	x8,0xe8a93	  x8=0x68a95018
       17025000	      1701	80002020	00cd3e33	sltu	x28,x26,x12	 x26:0x00000000 x12:0x00000000 x28=0x00000000
       17035000	      1702	80002024	0319f463	bgeu	x19,x17,8000204c	 x19:0xbf0e2000 x17:0x2dc44000
       17045000	      1703	00000000	00000013	addi	x0,x0,0	  x0:0x00000000
       17055000	      1704	80002048	00000013	addi	x0,x0,0	  x0:0x00000000
       17065000	      1705	8000204c	00791293	slli	x5,x18,0x7	 x18:0x0d301660  x5=0x980b3000
       17075000	      1706	80002050	00f242b3	xor	x5,x4,x15	  x4:0x80009fc4 x15:0x00000037  x5=0x80009ff3
       17085000	      1707	80002054	01a9be33	sltu	x28,x19,x26	 x19:0xbf0e2000 x26:0x00000000 x28=0x00000000
       17095000	      1708	80002058	d9fe7317	auipc	x6,0xd9fe7	  x6=0x59fe9054
       17105000	      1709	8000205c	41cf5a13	srai	x20,x30,0x1c	 x30:0xffffffbc x20=0xffffffff
       17115000	      1710	80002060	a7fcc593	xori	x11,x25,-1409	 x25:0x00000792 x11=0xfffffded
       17125000	      1711	80002064	00000013	addi	x0,x0,0	  x0:0x00000000
       17135000	      1712	80002068	042cd863	bge	x25,x2,800020b8	 x25:0x00000792  x2:0xffffffeb
       17145000	      1713	00000000	00000013	addi	x0,x0,0	  x0:0x00000000
       17155000	      1714	800020b4	00000013	addi	x0,x0,0	  x0:0x00000000
       17165000	      1715	800020b8	0174b013	sltiu	x0,x9,23	  x9:0xfffffcee
       17175000	      1716	800020bc	008cbbb3	sltu	x23,x25,x8	 x25:0x00000792  x8:0x68a95018 x23=0x00000001
       17185000	      1717	800020c0	ab974393	xori	x7,x14,-1351	 x14:0x00988600  x7=0xff677cb9
       17195000	      1718	800020c4	02475263	bge	x14,x4,800020e8	 x14:0x00988600  x4:0x80009fc4
       17205000	      1719	00000000	00000013	addi	x0,x0,0	  x0:0x00000000
       17215000	      1720	800020e4	00000013	addi	x0,x0,0	  x0:0x00000000
       17225000	      1721	800020e8	fe367713	andi	x14,x12,-29	 x12:0x00000000 x14=0x00000000
       17235000	      1722	800020ec	00cba033	slt	x0,x23,x12	 x23:0x00000001 x12:0x00000000
       17245000	      1723	800020f0	001e77b3	and	x15,x28,x1	 x28:0x00000000  x1:0xffffffff x15=0x00000000
       17255000	      1724	800020f4	025ad063	bge	x21,x5,80002114	 x21:0x00000001  x5:0x80009ff3
       17265000	      1725	00000000	00000013	addi	x0,x0,0	  x0:0x00000000
       17275000	      1726	80002110	00000013	addi	x0,x0,0	  x0:0x00000000
       17285000	      1727	80002114	00f26db3	or	x27,x4,x15	  x4:0x80009fc4 x15:0x00000000 x27=0x80009fc4
       17295000	      1728	80002118	53583313	sltiu	x6,x16,1333	 x16:0x00000792  x6=0x00000000
       17305000	      1729	8000211c	049b8063	beq	x23,x9,8000215c	 x23:0x00000001  x9:0xfffffcee
       17315000	      1730	80002120	039e9663	bne	x29,x25,8000214c	 x29:0x80009f70 x25:0x00000792
       17325000	      1731	00000000	00000013	addi	x0,x0,0	  x0:0x00000000
       17335000	      1732	80002148	00000013	addi	x0,x0,0	  x0:0x00000000
       17345000	      1733	8000214c	33edeb13	ori	x22,x27,830	 x27:0x80009fc4 x22=0x80009ffe
       17355000	      1734	80002150	01ffecb3	or	x25,x31,x31	 x31:0x00000000 x31:0x00000000 x25=0x00000000
       17365000	      1735	80002154	01aa7533	and	x10,x20,x26	 x20:0xffffffff x26:0x00000000 x10=0x00000000
       17375000	      1736	80002158	034be063	bltu	x23,x20,80002178	 x23:0x00000001 x20:0xffffffff
       17385000	      1737	00000000	00000013	addi	x0,x0,0	  x0:0x00000000
       17395000	      1738	80002174	00000013	addi	x0,x0,0	  x0:0x00000000
       17405000	      1739	80002178	0015cab3	xor	x21,x11,x1	 x11:0xfffffded  x1:0xffffffff x21=0x00000212
       17415000	      1740	8000217c	004ea103	lw	x2,4(x29)	 x29:0x80009f70  x2=0x80000180 PA:0x80009f74
       17425000	      1741	80002180	00f39d13	slli	x26,x7,0xf	  x7:0xff677cb9 x26=0xbe5c8000
       17435000	      1742	80002184	414bd093	srai	x1,x23,0x14	 x23:0x00000001  x1=0x00000000
       17445000	      1743	80002188	4137d893	srai	x17,x15,0x13	 x15:0x00000000 x17=0x00000000
       17455000	      1744	8000218c	018c3a33	sltu	x20,x24,x24	 x24:0xa2537f5c x24:0xa2537f5c x20=0x00000000
       17465000	      1745	80002190	01fa25b3	slt	x11,x20,x31	 x20:0x00000000 x31:0x00000000 x11=0x00000000
       17475000	      1746	80002194	409b85b3	sub	x11,x23,x9	 x23:0x00000001  x9:0xfffffcee x11=0x00000313
       17485000	      1747	80002198	014e8e93	addi	x29,x29,20	 x29:0x80009f70 x29=0x80009f84
       17495000	      1748	8000219c	01a21e13	slli	x28,x4,0x1a	  x4:0x80009fc4 x28=0x10000000
       17505000	      1749	800021a0	00c6d5b3	srl	x11,x13,x12	 x13:0x80009fc5 x12:0x00000000 x11=0x80009fc5
       17515000	      1750	800021a4	01738033	add	x0,x7,x23	  x7:0xff677cb9 x23:0x00000001
       17525000	      1751	800021a8	1a316313	ori	x6,x2,419	  x2:0x80000180  x6=0x800001a3
       17535000	      1752	800021ac	00010793	addi	x15,x2,0	  x2:0x80000180 x15=0x80000180
       17545000	      1753	800021b0	000787e7	jalr	x15,x15,0	 x15:0x80000180 x15=0x800021b0
       17555000	      1754	00000000	00000013	addi	x0,x0,0	  x0:0x00000000
       17565000	      1755	80000180	00000013	addi	x0,x0,0	  x0:0x00000000
       17575000	      1756	80000184	00000713	addi	x14,x0,0	  x0:0x00000000 x14=0x00000000
       17585000	      1757	80000188	99560bb7	lui	x23,0x99560	 x23=0x99560000
       17595000	      1758	8000018c	011fc7b3	xor	x15,x31,x17	 x31:0x00000000 x17:0x00000000 x15=0x00000000
       17605000	      1759	80000190	01300993	addi	x19,x0,19	  x0:0x00000000 x19=0x00000013
       17615000	      1760	80000194	006b42b3	xor	x5,x22,x6	 x22:0x80009ffe  x6:0x800001a3  x5=0x00009e5d
       17625000	      1761	80000198	99e8d617	auipc	x12,0x99e8d	 x12=0x19e8d194
       17635000	      1762	8000019c	00170713	addi	x14,x14,1	 x14:0x00000000 x14=0x00000001
       17645000	      1763	800001a0	403b87b3	sub	x15,x23,x3	 x23:0x99560000  x3:0x000035f4 x15=0x9955ca0c
       17655000	      1764	800001a4	00400d13	addi	x26,x0,4	  x0:0x00000000 x26=0x00000004
       17665000	      1765	800001a8	006d1a13	slli	x20,x26,0x6	 x26:0x00000004 x20=0x00000100
       17675000	      1766	800001ac	41d75913	srai	x18,x14,0x1d	 x14:0x00000001 x18=0x00000000
       17685000	      1767	800001b0	00b00d93	addi	x27,x0,11	  x0:0x00000000 x27=0x0000000b
       17695000	      1768	800001b4	41f0d0b3	sra	x1,x1,x31	  x1:0x00000000 x31:0x00000000  x1=0x00000000
       17705000	      1769	800001b8	01e1b433	sltu	x8,x3,x30	  x3:0x000035f4 x30:0xffffffbc  x8=0x00000001
       17715000	      1770	800001bc	73bb0c13	addi	x24,x22,1851	 x22:0x80009ffe x24=0x8000a739
       17725000	      1771	800001c0	a0b08f13	addi	x30,x1,-1525	  x1:0x00000000 x30=0xfffffa0b
       17735000	      1772	800001c4	007d0d13	addi	x26,x26,7	 x26:0x00000004 x26=0x0000000b
       17745000	      1773	800001c8	fbb40893	addi	x17,x8,-69	  x8:0x00000001 x17=0xffffffbc
       17755000	      1774	800001cc	009d26b3	slt	x13,x26,x9	 x26:0x0000000b  x9:0xfffffcee x13=0x00000000
       17765000	      1775	800001d0	ffbd16e3	bne	x26,x27,800001bc	 x26:0x0000000b x27:0x0000000b
       17775000	      1776	800001d4	410286b3	sub	x13,x5,x16	  x5:0x00009e5d x16:0x00000792 x13=0x000096cb
       17785000	      1777	800001d8	33eec093	xori	x1,x29,830	 x29:0x80009f84  x1=0x80009cba
       17795000	      1778	800001dc	fb376ce3	bltu	x14,x19,80000194	 x14:0x00000001 x19:0x00000013
       17805000	      1779	00000000	00000013	addi	x0,x0,0	  x0:0x00000000
       17815000	      1780	80000190	00000013	addi	x0,x0,0	  x0:0x00000000
       17825000	      1781	80000194	006b42b3	xor	x5,x22,x6	 x22:0x80009ffe  x6:0x800001a3  x5=0x00009e5d
       17835000	      1782	80000198	99e8d617	auipc	x12,0x99e8d	 x12=0x19e8d194
       17845000	      1783	8000019c	00170713	addi	x14,x14,1	 x14:0x00000001 x14=0x00000002
       17855000	      1784	800001a0	403b87b3	sub	x15,x23,x3	 x23:0x99560000  x3:0x000035f4 x15=0x9955ca0c
       17865000	      1785	800001a4	00400d13	addi	x26,x0,4	  x0:0x00000000 x26=0x00000004
       17875000	      1786	800001a8	006d1a13	slli	x20,x26,0x6	 x26:0x00000004 x20=0x00000100
       17885000	      1787	800001ac	41d75913	srai	x18,x14,0x1d	 x14:0x00000002 x18=0x00000000
       17895000	      1788	800001b0	00b00d93	addi	x27,x0,11	  x0:0x00000000 x27=0x0000000b
       17905000	      1789	800001b4	41f0d0b3	sra	x1,x1,x31	  x1:0x80009cba x31:0x00000000  x1=0x80009cba
       17915000	      1790	800001b8	01e1b433	sltu	x8,x3,x30	  x3:0x000035f4 x30:0xfffffa0b  x8=0x00000001
       17925000	      1791	800001bc	73bb0c13	addi	x24,x22,1851	 x22:0x80009ffe x24=0x8000a739
       17935000	      1792	800001c0	a0b08f13	addi	x30,x1,-1525	  x1:0x80009cba x30=0x800096c5
       17945000	      1793	800001c4	007d0d13	addi	x26,x26,7	 x26:0x00000004 x26=0x0000000b
       17955000	      1794	800001c8	fbb40893	addi	x17,x8,-69	  x8:0x00000001 x17=0xffffffbc
       17965000	      1795	800001cc	009d26b3	slt	x13,x26,x9	 x26:0x0000000b  x9:0xfffffcee x13=0x00000000
       17975000	      1796	800001d0	ffbd16e3	bne	x26,x27,800001bc	 x26:0x0000000b x27:0x0000000b
       17985000	      1797	800001d4	410286b3	sub	x13,x5,x16	  x5:0x00009e5d x16:0x00000792 x13=0x000096cb
       17995000	      1798	800001d8	33eec093	xori	x1,x29,830	 x29:0x80009f84  x1=0x80009cba
       18005000	      1799	800001dc	fb376ce3	bltu	x14,x19,80000194	 x14:0x00000002 x19:0x00000013
       18015000	      1800	00000000	00000013	addi	x0,x0,0	  x0:0x00000000
       18025000	      1801	80000190	00000013	addi	x0,x0,0	  x0:0x00000000
       18035000	      1802	80000194	006b42b3	xor	x5,x22,x6	 x22:0x80009ffe  x6:0x800001a3  x5=0x00009e5d
       18045000	      1803	80000198	99e8d617	auipc	x12,0x99e8d	 x12=0x19e8d194
       18055000	      1804	8000019c	00170713	addi	x14,x14,1	 x14:0x00000002 x14=0x00000003
       18065000	      1805	800001a0	403b87b3	sub	x15,x23,x3	 x23:0x99560000  x3:0x000035f4 x15=0x9955ca0c
       18075000	      1806	800001a4	00400d13	addi	x26,x0,4	  x0:0x00000000 x26=0x00000004
       18085000	      1807	800001a8	006d1a13	slli	x20,x26,0x6	 x26:0x00000004 x20=0x00000100
       18095000	      1808	800001ac	41d75913	srai	x18,x14,0x1d	 x14:0x00000003 x18=0x00000000
       18105000	      1809	800001b0	00b00d93	addi	x27,x0,11	  x0:0x00000000 x27=0x0000000b
       18115000	      1810	800001b4	41f0d0b3	sra	x1,x1,x31	  x1:0x80009cba x31:0x00000000  x1=0x80009cba
       18125000	      1811	800001b8	01e1b433	sltu	x8,x3,x30	  x3:0x000035f4 x30:0x800096c5  x8=0x00000001
       18135000	      1812	800001bc	73bb0c13	addi	x24,x22,1851	 x22:0x80009ffe x24=0x8000a739
       18145000	      1813	800001c0	a0b08f13	addi	x30,x1,-1525	  x1:0x80009cba x30=0x800096c5
       18155000	      1814	800001c4	007d0d13	addi	x26,x26,7	 x26:0x00000004 x26=0x0000000b
       18165000	      1815	800001c8	fbb40893	addi	x17,x8,-69	  x8:0x00000001 x17=0xffffffbc
       18175000	      1816	800001cc	009d26b3	slt	x13,x26,x9	 x26:0x0000000b  x9:0xfffffcee x13=0x00000000
       18185000	      1817	800001d0	ffbd16e3	bne	x26,x27,800001bc	 x26:0x0000000b x27:0x0000000b
       18195000	      1818	800001d4	410286b3	sub	x13,x5,x16	  x5:0x00009e5d x16:0x00000792 x13=0x000096cb
       18205000	      1819	800001d8	33eec093	xori	x1,x29,830	 x29:0x80009f84  x1=0x80009cba
       18215000	      1820	800001dc	fb376ce3	bltu	x14,x19,80000194	 x14:0x00000003 x19:0x00000013
       18225000	      1821	00000000	00000013	addi	x0,x0,0	  x0:0x00000000
       18235000	      1822	80000190	00000013	addi	x0,x0,0	  x0:0x00000000
       18245000	      1823	80000194	006b42b3	xor	x5,x22,x6	 x22:0x80009ffe  x6:0x800001a3  x5=0x00009e5d
       18255000	      1824	80000198	99e8d617	auipc	x12,0x99e8d	 x12=0x19e8d194
       18265000	      1825	8000019c	00170713	addi	x14,x14,1	 x14:0x00000003 x14=0x00000004
       18275000	      1826	800001a0	403b87b3	sub	x15,x23,x3	 x23:0x99560000  x3:0x000035f4 x15=0x9955ca0c
       18285000	      1827	800001a4	00400d13	addi	x26,x0,4	  x0:0x00000000 x26=0x00000004
       18295000	      1828	800001a8	006d1a13	slli	x20,x26,0x6	 x26:0x00000004 x20=0x00000100
       18305000	      1829	800001ac	41d75913	srai	x18,x14,0x1d	 x14:0x00000004 x18=0x00000000
       18315000	      1830	800001b0	00b00d93	addi	x27,x0,11	  x0:0x00000000 x27=0x0000000b
       18325000	      1831	800001b4	41f0d0b3	sra	x1,x1,x31	  x1:0x80009cba x31:0x00000000  x1=0x80009cba
       18335000	      1832	800001b8	01e1b433	sltu	x8,x3,x30	  x3:0x000035f4 x30:0x800096c5  x8=0x00000001
       18345000	      1833	800001bc	73bb0c13	addi	x24,x22,1851	 x22:0x80009ffe x24=0x8000a739
       18355000	      1834	800001c0	a0b08f13	addi	x30,x1,-1525	  x1:0x80009cba x30=0x800096c5
       18365000	      1835	800001c4	007d0d13	addi	x26,x26,7	 x26:0x00000004 x26=0x0000000b
       18375000	      1836	800001c8	fbb40893	addi	x17,x8,-69	  x8:0x00000001 x17=0xffffffbc
       18385000	      1837	800001cc	009d26b3	slt	x13,x26,x9	 x26:0x0000000b  x9:0xfffffcee x13=0x00000000
       18395000	      1838	800001d0	ffbd16e3	bne	x26,x27,800001bc	 x26:0x0000000b x27:0x0000000b
       18405000	      1839	800001d4	410286b3	sub	x13,x5,x16	  x5:0x00009e5d x16:0x00000792 x13=0x000096cb
       18415000	      1840	800001d8	33eec093	xori	x1,x29,830	 x29:0x80009f84  x1=0x80009cba
       18425000	      1841	800001dc	fb376ce3	bltu	x14,x19,80000194	 x14:0x00000004 x19:0x00000013
       18435000	      1842	00000000	00000013	addi	x0,x0,0	  x0:0x00000000
       18445000	      1843	80000190	00000013	addi	x0,x0,0	  x0:0x00000000
       18455000	      1844	80000194	006b42b3	xor	x5,x22,x6	 x22:0x80009ffe  x6:0x800001a3  x5=0x00009e5d
       18465000	      1845	80000198	99e8d617	auipc	x12,0x99e8d	 x12=0x19e8d194
       18475000	      1846	8000019c	00170713	addi	x14,x14,1	 x14:0x00000004 x14=0x00000005
       18485000	      1847	800001a0	403b87b3	sub	x15,x23,x3	 x23:0x99560000  x3:0x000035f4 x15=0x9955ca0c
       18495000	      1848	800001a4	00400d13	addi	x26,x0,4	  x0:0x00000000 x26=0x00000004
       18505000	      1849	800001a8	006d1a13	slli	x20,x26,0x6	 x26:0x00000004 x20=0x00000100
       18515000	      1850	800001ac	41d75913	srai	x18,x14,0x1d	 x14:0x00000005 x18=0x00000000
       18525000	      1851	800001b0	00b00d93	addi	x27,x0,11	  x0:0x00000000 x27=0x0000000b
       18535000	      1852	800001b4	41f0d0b3	sra	x1,x1,x31	  x1:0x80009cba x31:0x00000000  x1=0x80009cba
       18545000	      1853	800001b8	01e1b433	sltu	x8,x3,x30	  x3:0x000035f4 x30:0x800096c5  x8=0x00000001
       18555000	      1854	800001bc	73bb0c13	addi	x24,x22,1851	 x22:0x80009ffe x24=0x8000a739
       18565000	      1855	800001c0	a0b08f13	addi	x30,x1,-1525	  x1:0x80009cba x30=0x800096c5
       18575000	      1856	800001c4	007d0d13	addi	x26,x26,7	 x26:0x00000004 x26=0x0000000b
       18585000	      1857	800001c8	fbb40893	addi	x17,x8,-69	  x8:0x00000001 x17=0xffffffbc
       18595000	      1858	800001cc	009d26b3	slt	x13,x26,x9	 x26:0x0000000b  x9:0xfffffcee x13=0x00000000
       18605000	      1859	800001d0	ffbd16e3	bne	x26,x27,800001bc	 x26:0x0000000b x27:0x0000000b
       18615000	      1860	800001d4	410286b3	sub	x13,x5,x16	  x5:0x00009e5d x16:0x00000792 x13=0x000096cb
       18625000	      1861	800001d8	33eec093	xori	x1,x29,830	 x29:0x80009f84  x1=0x80009cba
       18635000	      1862	800001dc	fb376ce3	bltu	x14,x19,80000194	 x14:0x00000005 x19:0x00000013
       18645000	      1863	00000000	00000013	addi	x0,x0,0	  x0:0x00000000
       18655000	      1864	80000190	00000013	addi	x0,x0,0	  x0:0x00000000
       18665000	      1865	80000194	006b42b3	xor	x5,x22,x6	 x22:0x80009ffe  x6:0x800001a3  x5=0x00009e5d
       18675000	      1866	80000198	99e8d617	auipc	x12,0x99e8d	 x12=0x19e8d194
       18685000	      1867	8000019c	00170713	addi	x14,x14,1	 x14:0x00000005 x14=0x00000006
       18695000	      1868	800001a0	403b87b3	sub	x15,x23,x3	 x23:0x99560000  x3:0x000035f4 x15=0x9955ca0c
       18705000	      1869	800001a4	00400d13	addi	x26,x0,4	  x0:0x00000000 x26=0x00000004
       18715000	      1870	800001a8	006d1a13	slli	x20,x26,0x6	 x26:0x00000004 x20=0x00000100
       18725000	      1871	800001ac	41d75913	srai	x18,x14,0x1d	 x14:0x00000006 x18=0x00000000
       18735000	      1872	800001b0	00b00d93	addi	x27,x0,11	  x0:0x00000000 x27=0x0000000b
       18745000	      1873	800001b4	41f0d0b3	sra	x1,x1,x31	  x1:0x80009cba x31:0x00000000  x1=0x80009cba
       18755000	      1874	800001b8	01e1b433	sltu	x8,x3,x30	  x3:0x000035f4 x30:0x800096c5  x8=0x00000001
       18765000	      1875	800001bc	73bb0c13	addi	x24,x22,1851	 x22:0x80009ffe x24=0x8000a739
       18775000	      1876	800001c0	a0b08f13	addi	x30,x1,-1525	  x1:0x80009cba x30=0x800096c5
       18785000	      1877	800001c4	007d0d13	addi	x26,x26,7	 x26:0x00000004 x26=0x0000000b
       18795000	      1878	800001c8	fbb40893	addi	x17,x8,-69	  x8:0x00000001 x17=0xffffffbc
       18805000	      1879	800001cc	009d26b3	slt	x13,x26,x9	 x26:0x0000000b  x9:0xfffffcee x13=0x00000000
       18815000	      1880	800001d0	ffbd16e3	bne	x26,x27,800001bc	 x26:0x0000000b x27:0x0000000b
       18825000	      1881	800001d4	410286b3	sub	x13,x5,x16	  x5:0x00009e5d x16:0x00000792 x13=0x000096cb
       18835000	      1882	800001d8	33eec093	xori	x1,x29,830	 x29:0x80009f84  x1=0x80009cba
       18845000	      1883	800001dc	fb376ce3	bltu	x14,x19,80000194	 x14:0x00000006 x19:0x00000013
       18855000	      1884	00000000	00000013	addi	x0,x0,0	  x0:0x00000000
       18865000	      1885	80000190	00000013	addi	x0,x0,0	  x0:0x00000000
       18875000	      1886	80000194	006b42b3	xor	x5,x22,x6	 x22:0x80009ffe  x6:0x800001a3  x5=0x00009e5d
       18885000	      1887	80000198	99e8d617	auipc	x12,0x99e8d	 x12=0x19e8d194
       18895000	      1888	8000019c	00170713	addi	x14,x14,1	 x14:0x00000006 x14=0x00000007
       18905000	      1889	800001a0	403b87b3	sub	x15,x23,x3	 x23:0x99560000  x3:0x000035f4 x15=0x9955ca0c
       18915000	      1890	800001a4	00400d13	addi	x26,x0,4	  x0:0x00000000 x26=0x00000004
       18925000	      1891	800001a8	006d1a13	slli	x20,x26,0x6	 x26:0x00000004 x20=0x00000100
       18935000	      1892	800001ac	41d75913	srai	x18,x14,0x1d	 x14:0x00000007 x18=0x00000000
       18945000	      1893	800001b0	00b00d93	addi	x27,x0,11	  x0:0x00000000 x27=0x0000000b
       18955000	      1894	800001b4	41f0d0b3	sra	x1,x1,x31	  x1:0x80009cba x31:0x00000000  x1=0x80009cba
       18965000	      1895	800001b8	01e1b433	sltu	x8,x3,x30	  x3:0x000035f4 x30:0x800096c5  x8=0x00000001
       18975000	      1896	800001bc	73bb0c13	addi	x24,x22,1851	 x22:0x80009ffe x24=0x8000a739
       18985000	      1897	800001c0	a0b08f13	addi	x30,x1,-1525	  x1:0x80009cba x30=0x800096c5
       18995000	      1898	800001c4	007d0d13	addi	x26,x26,7	 x26:0x00000004 x26=0x0000000b
       19005000	      1899	800001c8	fbb40893	addi	x17,x8,-69	  x8:0x00000001 x17=0xffffffbc
       19015000	      1900	800001cc	009d26b3	slt	x13,x26,x9	 x26:0x0000000b  x9:0xfffffcee x13=0x00000000
       19025000	      1901	800001d0	ffbd16e3	bne	x26,x27,800001bc	 x26:0x0000000b x27:0x0000000b
       19035000	      1902	800001d4	410286b3	sub	x13,x5,x16	  x5:0x00009e5d x16:0x00000792 x13=0x000096cb
       19045000	      1903	800001d8	33eec093	xori	x1,x29,830	 x29:0x80009f84  x1=0x80009cba
       19055000	      1904	800001dc	fb376ce3	bltu	x14,x19,80000194	 x14:0x00000007 x19:0x00000013
       19065000	      1905	00000000	00000013	addi	x0,x0,0	  x0:0x00000000
       19075000	      1906	80000190	00000013	addi	x0,x0,0	  x0:0x00000000
       19085000	      1907	80000194	006b42b3	xor	x5,x22,x6	 x22:0x80009ffe  x6:0x800001a3  x5=0x00009e5d
       19095000	      1908	80000198	99e8d617	auipc	x12,0x99e8d	 x12=0x19e8d194
       19105000	      1909	8000019c	00170713	addi	x14,x14,1	 x14:0x00000007 x14=0x00000008
       19115000	      1910	800001a0	403b87b3	sub	x15,x23,x3	 x23:0x99560000  x3:0x000035f4 x15=0x9955ca0c
       19125000	      1911	800001a4	00400d13	addi	x26,x0,4	  x0:0x00000000 x26=0x00000004
       19135000	      1912	800001a8	006d1a13	slli	x20,x26,0x6	 x26:0x00000004 x20=0x00000100
       19145000	      1913	800001ac	41d75913	srai	x18,x14,0x1d	 x14:0x00000008 x18=0x00000000
       19155000	      1914	800001b0	00b00d93	addi	x27,x0,11	  x0:0x00000000 x27=0x0000000b
       19165000	      1915	800001b4	41f0d0b3	sra	x1,x1,x31	  x1:0x80009cba x31:0x00000000  x1=0x80009cba
       19175000	      1916	800001b8	01e1b433	sltu	x8,x3,x30	  x3:0x000035f4 x30:0x800096c5  x8=0x00000001
       19185000	      1917	800001bc	73bb0c13	addi	x24,x22,1851	 x22:0x80009ffe x24=0x8000a739
       19195000	      1918	800001c0	a0b08f13	addi	x30,x1,-1525	  x1:0x80009cba x30=0x800096c5
       19205000	      1919	800001c4	007d0d13	addi	x26,x26,7	 x26:0x00000004 x26=0x0000000b
       19215000	      1920	800001c8	fbb40893	addi	x17,x8,-69	  x8:0x00000001 x17=0xffffffbc
       19225000	      1921	800001cc	009d26b3	slt	x13,x26,x9	 x26:0x0000000b  x9:0xfffffcee x13=0x00000000
       19235000	      1922	800001d0	ffbd16e3	bne	x26,x27,800001bc	 x26:0x0000000b x27:0x0000000b
       19245000	      1923	800001d4	410286b3	sub	x13,x5,x16	  x5:0x00009e5d x16:0x00000792 x13=0x000096cb
       19255000	      1924	800001d8	33eec093	xori	x1,x29,830	 x29:0x80009f84  x1=0x80009cba
       19265000	      1925	800001dc	fb376ce3	bltu	x14,x19,80000194	 x14:0x00000008 x19:0x00000013
       19275000	      1926	00000000	00000013	addi	x0,x0,0	  x0:0x00000000
       19285000	      1927	80000190	00000013	addi	x0,x0,0	  x0:0x00000000
       19295000	      1928	80000194	006b42b3	xor	x5,x22,x6	 x22:0x80009ffe  x6:0x800001a3  x5=0x00009e5d
       19305000	      1929	80000198	99e8d617	auipc	x12,0x99e8d	 x12=0x19e8d194
       19315000	      1930	8000019c	00170713	addi	x14,x14,1	 x14:0x00000008 x14=0x00000009
       19325000	      1931	800001a0	403b87b3	sub	x15,x23,x3	 x23:0x99560000  x3:0x000035f4 x15=0x9955ca0c
       19335000	      1932	800001a4	00400d13	addi	x26,x0,4	  x0:0x00000000 x26=0x00000004
       19345000	      1933	800001a8	006d1a13	slli	x20,x26,0x6	 x26:0x00000004 x20=0x00000100
       19355000	      1934	800001ac	41d75913	srai	x18,x14,0x1d	 x14:0x00000009 x18=0x00000000
       19365000	      1935	800001b0	00b00d93	addi	x27,x0,11	  x0:0x00000000 x27=0x0000000b
       19375000	      1936	800001b4	41f0d0b3	sra	x1,x1,x31	  x1:0x80009cba x31:0x00000000  x1=0x80009cba
       19385000	      1937	800001b8	01e1b433	sltu	x8,x3,x30	  x3:0x000035f4 x30:0x800096c5  x8=0x00000001
       19395000	      1938	800001bc	73bb0c13	addi	x24,x22,1851	 x22:0x80009ffe x24=0x8000a739
       19405000	      1939	800001c0	a0b08f13	addi	x30,x1,-1525	  x1:0x80009cba x30=0x800096c5
       19415000	      1940	800001c4	007d0d13	addi	x26,x26,7	 x26:0x00000004 x26=0x0000000b
       19425000	      1941	800001c8	fbb40893	addi	x17,x8,-69	  x8:0x00000001 x17=0xffffffbc
       19435000	      1942	800001cc	009d26b3	slt	x13,x26,x9	 x26:0x0000000b  x9:0xfffffcee x13=0x00000000
       19445000	      1943	800001d0	ffbd16e3	bne	x26,x27,800001bc	 x26:0x0000000b x27:0x0000000b
       19455000	      1944	800001d4	410286b3	sub	x13,x5,x16	  x5:0x00009e5d x16:0x00000792 x13=0x000096cb
       19465000	      1945	800001d8	33eec093	xori	x1,x29,830	 x29:0x80009f84  x1=0x80009cba
       19475000	      1946	800001dc	fb376ce3	bltu	x14,x19,80000194	 x14:0x00000009 x19:0x00000013
       19485000	      1947	00000000	00000013	addi	x0,x0,0	  x0:0x00000000
       19495000	      1948	80000190	00000013	addi	x0,x0,0	  x0:0x00000000
       19505000	      1949	80000194	006b42b3	xor	x5,x22,x6	 x22:0x80009ffe  x6:0x800001a3  x5=0x00009e5d
       19515000	      1950	80000198	99e8d617	auipc	x12,0x99e8d	 x12=0x19e8d194
       19525000	      1951	8000019c	00170713	addi	x14,x14,1	 x14:0x00000009 x14=0x0000000a
       19535000	      1952	800001a0	403b87b3	sub	x15,x23,x3	 x23:0x99560000  x3:0x000035f4 x15=0x9955ca0c
       19545000	      1953	800001a4	00400d13	addi	x26,x0,4	  x0:0x00000000 x26=0x00000004
       19555000	      1954	800001a8	006d1a13	slli	x20,x26,0x6	 x26:0x00000004 x20=0x00000100
       19565000	      1955	800001ac	41d75913	srai	x18,x14,0x1d	 x14:0x0000000a x18=0x00000000
       19575000	      1956	800001b0	00b00d93	addi	x27,x0,11	  x0:0x00000000 x27=0x0000000b
       19585000	      1957	800001b4	41f0d0b3	sra	x1,x1,x31	  x1:0x80009cba x31:0x00000000  x1=0x80009cba
       19595000	      1958	800001b8	01e1b433	sltu	x8,x3,x30	  x3:0x000035f4 x30:0x800096c5  x8=0x00000001
       19605000	      1959	800001bc	73bb0c13	addi	x24,x22,1851	 x22:0x80009ffe x24=0x8000a739
       19615000	      1960	800001c0	a0b08f13	addi	x30,x1,-1525	  x1:0x80009cba x30=0x800096c5
       19625000	      1961	800001c4	007d0d13	addi	x26,x26,7	 x26:0x00000004 x26=0x0000000b
       19635000	      1962	800001c8	fbb40893	addi	x17,x8,-69	  x8:0x00000001 x17=0xffffffbc
       19645000	      1963	800001cc	009d26b3	slt	x13,x26,x9	 x26:0x0000000b  x9:0xfffffcee x13=0x00000000
       19655000	      1964	800001d0	ffbd16e3	bne	x26,x27,800001bc	 x26:0x0000000b x27:0x0000000b
       19665000	      1965	800001d4	410286b3	sub	x13,x5,x16	  x5:0x00009e5d x16:0x00000792 x13=0x000096cb
       19675000	      1966	800001d8	33eec093	xori	x1,x29,830	 x29:0x80009f84  x1=0x80009cba
       19685000	      1967	800001dc	fb376ce3	bltu	x14,x19,80000194	 x14:0x0000000a x19:0x00000013
       19695000	      1968	00000000	00000013	addi	x0,x0,0	  x0:0x00000000
       19705000	      1969	80000190	00000013	addi	x0,x0,0	  x0:0x00000000
       19715000	      1970	80000194	006b42b3	xor	x5,x22,x6	 x22:0x80009ffe  x6:0x800001a3  x5=0x00009e5d
       19725000	      1971	80000198	99e8d617	auipc	x12,0x99e8d	 x12=0x19e8d194
       19735000	      1972	8000019c	00170713	addi	x14,x14,1	 x14:0x0000000a x14=0x0000000b
       19745000	      1973	800001a0	403b87b3	sub	x15,x23,x3	 x23:0x99560000  x3:0x000035f4 x15=0x9955ca0c
       19755000	      1974	800001a4	00400d13	addi	x26,x0,4	  x0:0x00000000 x26=0x00000004
       19765000	      1975	800001a8	006d1a13	slli	x20,x26,0x6	 x26:0x00000004 x20=0x00000100
       19775000	      1976	800001ac	41d75913	srai	x18,x14,0x1d	 x14:0x0000000b x18=0x00000000
       19785000	      1977	800001b0	00b00d93	addi	x27,x0,11	  x0:0x00000000 x27=0x0000000b
       19795000	      1978	800001b4	41f0d0b3	sra	x1,x1,x31	  x1:0x80009cba x31:0x00000000  x1=0x80009cba
       19805000	      1979	800001b8	01e1b433	sltu	x8,x3,x30	  x3:0x000035f4 x30:0x800096c5  x8=0x00000001
       19815000	      1980	800001bc	73bb0c13	addi	x24,x22,1851	 x22:0x80009ffe x24=0x8000a739
       19825000	      1981	800001c0	a0b08f13	addi	x30,x1,-1525	  x1:0x80009cba x30=0x800096c5
       19835000	      1982	800001c4	007d0d13	addi	x26,x26,7	 x26:0x00000004 x26=0x0000000b
       19845000	      1983	800001c8	fbb40893	addi	x17,x8,-69	  x8:0x00000001 x17=0xffffffbc
       19855000	      1984	800001cc	009d26b3	slt	x13,x26,x9	 x26:0x0000000b  x9:0xfffffcee x13=0x00000000
       19865000	      1985	800001d0	ffbd16e3	bne	x26,x27,800001bc	 x26:0x0000000b x27:0x0000000b
       19875000	      1986	800001d4	410286b3	sub	x13,x5,x16	  x5:0x00009e5d x16:0x00000792 x13=0x000096cb
       19885000	      1987	800001d8	33eec093	xori	x1,x29,830	 x29:0x80009f84  x1=0x80009cba
       19895000	      1988	800001dc	fb376ce3	bltu	x14,x19,80000194	 x14:0x0000000b x19:0x00000013
       19905000	      1989	00000000	00000013	addi	x0,x0,0	  x0:0x00000000
       19915000	      1990	80000190	00000013	addi	x0,x0,0	  x0:0x00000000
       19925000	      1991	80000194	006b42b3	xor	x5,x22,x6	 x22:0x80009ffe  x6:0x800001a3  x5=0x00009e5d
       19935000	      1992	80000198	99e8d617	auipc	x12,0x99e8d	 x12=0x19e8d194
       19945000	      1993	8000019c	00170713	addi	x14,x14,1	 x14:0x0000000b x14=0x0000000c
       19955000	      1994	800001a0	403b87b3	sub	x15,x23,x3	 x23:0x99560000  x3:0x000035f4 x15=0x9955ca0c
       19965000	      1995	800001a4	00400d13	addi	x26,x0,4	  x0:0x00000000 x26=0x00000004
       19975000	      1996	800001a8	006d1a13	slli	x20,x26,0x6	 x26:0x00000004 x20=0x00000100
       19985000	      1997	800001ac	41d75913	srai	x18,x14,0x1d	 x14:0x0000000c x18=0x00000000
       19995000	      1998	800001b0	00b00d93	addi	x27,x0,11	  x0:0x00000000 x27=0x0000000b
       20005000	      1999	800001b4	41f0d0b3	sra	x1,x1,x31	  x1:0x80009cba x31:0x00000000  x1=0x80009cba
       20015000	      2000	800001b8	01e1b433	sltu	x8,x3,x30	  x3:0x000035f4 x30:0x800096c5  x8=0x00000001
       20025000	      2001	800001bc	73bb0c13	addi	x24,x22,1851	 x22:0x80009ffe x24=0x8000a739
       20035000	      2002	800001c0	a0b08f13	addi	x30,x1,-1525	  x1:0x80009cba x30=0x800096c5
       20045000	      2003	800001c4	007d0d13	addi	x26,x26,7	 x26:0x00000004 x26=0x0000000b
       20055000	      2004	800001c8	fbb40893	addi	x17,x8,-69	  x8:0x00000001 x17=0xffffffbc
       20065000	      2005	800001cc	009d26b3	slt	x13,x26,x9	 x26:0x0000000b  x9:0xfffffcee x13=0x00000000
       20075000	      2006	800001d0	ffbd16e3	bne	x26,x27,800001bc	 x26:0x0000000b x27:0x0000000b
       20085000	      2007	800001d4	410286b3	sub	x13,x5,x16	  x5:0x00009e5d x16:0x00000792 x13=0x000096cb
       20095000	      2008	800001d8	33eec093	xori	x1,x29,830	 x29:0x80009f84  x1=0x80009cba
       20105000	      2009	800001dc	fb376ce3	bltu	x14,x19,80000194	 x14:0x0000000c x19:0x00000013
       20115000	      2010	00000000	00000013	addi	x0,x0,0	  x0:0x00000000
       20125000	      2011	80000190	00000013	addi	x0,x0,0	  x0:0x00000000
       20135000	      2012	80000194	006b42b3	xor	x5,x22,x6	 x22:0x80009ffe  x6:0x800001a3  x5=0x00009e5d
       20145000	      2013	80000198	99e8d617	auipc	x12,0x99e8d	 x12=0x19e8d194
       20155000	      2014	8000019c	00170713	addi	x14,x14,1	 x14:0x0000000c x14=0x0000000d
       20165000	      2015	800001a0	403b87b3	sub	x15,x23,x3	 x23:0x99560000  x3:0x000035f4 x15=0x9955ca0c
       20175000	      2016	800001a4	00400d13	addi	x26,x0,4	  x0:0x00000000 x26=0x00000004
       20185000	      2017	800001a8	006d1a13	slli	x20,x26,0x6	 x26:0x00000004 x20=0x00000100
       20195000	      2018	800001ac	41d75913	srai	x18,x14,0x1d	 x14:0x0000000d x18=0x00000000
       20205000	      2019	800001b0	00b00d93	addi	x27,x0,11	  x0:0x00000000 x27=0x0000000b
       20215000	      2020	800001b4	41f0d0b3	sra	x1,x1,x31	  x1:0x80009cba x31:0x00000000  x1=0x80009cba
       20225000	      2021	800001b8	01e1b433	sltu	x8,x3,x30	  x3:0x000035f4 x30:0x800096c5  x8=0x00000001
       20235000	      2022	800001bc	73bb0c13	addi	x24,x22,1851	 x22:0x80009ffe x24=0x8000a739
       20245000	      2023	800001c0	a0b08f13	addi	x30,x1,-1525	  x1:0x80009cba x30=0x800096c5
       20255000	      2024	800001c4	007d0d13	addi	x26,x26,7	 x26:0x00000004 x26=0x0000000b
       20265000	      2025	800001c8	fbb40893	addi	x17,x8,-69	  x8:0x00000001 x17=0xffffffbc
       20275000	      2026	800001cc	009d26b3	slt	x13,x26,x9	 x26:0x0000000b  x9:0xfffffcee x13=0x00000000
       20285000	      2027	800001d0	ffbd16e3	bne	x26,x27,800001bc	 x26:0x0000000b x27:0x0000000b
       20295000	      2028	800001d4	410286b3	sub	x13,x5,x16	  x5:0x00009e5d x16:0x00000792 x13=0x000096cb
       20305000	      2029	800001d8	33eec093	xori	x1,x29,830	 x29:0x80009f84  x1=0x80009cba
       20315000	      2030	800001dc	fb376ce3	bltu	x14,x19,80000194	 x14:0x0000000d x19:0x00000013
       20325000	      2031	00000000	00000013	addi	x0,x0,0	  x0:0x00000000
       20335000	      2032	80000190	00000013	addi	x0,x0,0	  x0:0x00000000
       20345000	      2033	80000194	006b42b3	xor	x5,x22,x6	 x22:0x80009ffe  x6:0x800001a3  x5=0x00009e5d
       20355000	      2034	80000198	99e8d617	auipc	x12,0x99e8d	 x12=0x19e8d194
       20365000	      2035	8000019c	00170713	addi	x14,x14,1	 x14:0x0000000d x14=0x0000000e
       20375000	      2036	800001a0	403b87b3	sub	x15,x23,x3	 x23:0x99560000  x3:0x000035f4 x15=0x9955ca0c
       20385000	      2037	800001a4	00400d13	addi	x26,x0,4	  x0:0x00000000 x26=0x00000004
       20395000	      2038	800001a8	006d1a13	slli	x20,x26,0x6	 x26:0x00000004 x20=0x00000100
       20405000	      2039	800001ac	41d75913	srai	x18,x14,0x1d	 x14:0x0000000e x18=0x00000000
       20415000	      2040	800001b0	00b00d93	addi	x27,x0,11	  x0:0x00000000 x27=0x0000000b
       20425000	      2041	800001b4	41f0d0b3	sra	x1,x1,x31	  x1:0x80009cba x31:0x00000000  x1=0x80009cba
       20435000	      2042	800001b8	01e1b433	sltu	x8,x3,x30	  x3:0x000035f4 x30:0x800096c5  x8=0x00000001
       20445000	      2043	800001bc	73bb0c13	addi	x24,x22,1851	 x22:0x80009ffe x24=0x8000a739
       20455000	      2044	800001c0	a0b08f13	addi	x30,x1,-1525	  x1:0x80009cba x30=0x800096c5
       20465000	      2045	800001c4	007d0d13	addi	x26,x26,7	 x26:0x00000004 x26=0x0000000b
       20475000	      2046	800001c8	fbb40893	addi	x17,x8,-69	  x8:0x00000001 x17=0xffffffbc
       20485000	      2047	800001cc	009d26b3	slt	x13,x26,x9	 x26:0x0000000b  x9:0xfffffcee x13=0x00000000
       20495000	      2048	800001d0	ffbd16e3	bne	x26,x27,800001bc	 x26:0x0000000b x27:0x0000000b
       20505000	      2049	800001d4	410286b3	sub	x13,x5,x16	  x5:0x00009e5d x16:0x00000792 x13=0x000096cb
       20515000	      2050	800001d8	33eec093	xori	x1,x29,830	 x29:0x80009f84  x1=0x80009cba
       20525000	      2051	800001dc	fb376ce3	bltu	x14,x19,80000194	 x14:0x0000000e x19:0x00000013
       20535000	      2052	00000000	00000013	addi	x0,x0,0	  x0:0x00000000
       20545000	      2053	80000190	00000013	addi	x0,x0,0	  x0:0x00000000
       20555000	      2054	80000194	006b42b3	xor	x5,x22,x6	 x22:0x80009ffe  x6:0x800001a3  x5=0x00009e5d
       20565000	      2055	80000198	99e8d617	auipc	x12,0x99e8d	 x12=0x19e8d194
       20575000	      2056	8000019c	00170713	addi	x14,x14,1	 x14:0x0000000e x14=0x0000000f
       20585000	      2057	800001a0	403b87b3	sub	x15,x23,x3	 x23:0x99560000  x3:0x000035f4 x15=0x9955ca0c
       20595000	      2058	800001a4	00400d13	addi	x26,x0,4	  x0:0x00000000 x26=0x00000004
       20605000	      2059	800001a8	006d1a13	slli	x20,x26,0x6	 x26:0x00000004 x20=0x00000100
       20615000	      2060	800001ac	41d75913	srai	x18,x14,0x1d	 x14:0x0000000f x18=0x00000000
       20625000	      2061	800001b0	00b00d93	addi	x27,x0,11	  x0:0x00000000 x27=0x0000000b
       20635000	      2062	800001b4	41f0d0b3	sra	x1,x1,x31	  x1:0x80009cba x31:0x00000000  x1=0x80009cba
       20645000	      2063	800001b8	01e1b433	sltu	x8,x3,x30	  x3:0x000035f4 x30:0x800096c5  x8=0x00000001
       20655000	      2064	800001bc	73bb0c13	addi	x24,x22,1851	 x22:0x80009ffe x24=0x8000a739
       20665000	      2065	800001c0	a0b08f13	addi	x30,x1,-1525	  x1:0x80009cba x30=0x800096c5
       20675000	      2066	800001c4	007d0d13	addi	x26,x26,7	 x26:0x00000004 x26=0x0000000b
       20685000	      2067	800001c8	fbb40893	addi	x17,x8,-69	  x8:0x00000001 x17=0xffffffbc
       20695000	      2068	800001cc	009d26b3	slt	x13,x26,x9	 x26:0x0000000b  x9:0xfffffcee x13=0x00000000
       20705000	      2069	800001d0	ffbd16e3	bne	x26,x27,800001bc	 x26:0x0000000b x27:0x0000000b
       20715000	      2070	800001d4	410286b3	sub	x13,x5,x16	  x5:0x00009e5d x16:0x00000792 x13=0x000096cb
       20725000	      2071	800001d8	33eec093	xori	x1,x29,830	 x29:0x80009f84  x1=0x80009cba
       20735000	      2072	800001dc	fb376ce3	bltu	x14,x19,80000194	 x14:0x0000000f x19:0x00000013
       20745000	      2073	00000000	00000013	addi	x0,x0,0	  x0:0x00000000
       20755000	      2074	80000190	00000013	addi	x0,x0,0	  x0:0x00000000
       20765000	      2075	80000194	006b42b3	xor	x5,x22,x6	 x22:0x80009ffe  x6:0x800001a3  x5=0x00009e5d
       20775000	      2076	80000198	99e8d617	auipc	x12,0x99e8d	 x12=0x19e8d194
       20785000	      2077	8000019c	00170713	addi	x14,x14,1	 x14:0x0000000f x14=0x00000010
       20795000	      2078	800001a0	403b87b3	sub	x15,x23,x3	 x23:0x99560000  x3:0x000035f4 x15=0x9955ca0c
       20805000	      2079	800001a4	00400d13	addi	x26,x0,4	  x0:0x00000000 x26=0x00000004
       20815000	      2080	800001a8	006d1a13	slli	x20,x26,0x6	 x26:0x00000004 x20=0x00000100
       20825000	      2081	800001ac	41d75913	srai	x18,x14,0x1d	 x14:0x00000010 x18=0x00000000
       20835000	      2082	800001b0	00b00d93	addi	x27,x0,11	  x0:0x00000000 x27=0x0000000b
       20845000	      2083	800001b4	41f0d0b3	sra	x1,x1,x31	  x1:0x80009cba x31:0x00000000  x1=0x80009cba
       20855000	      2084	800001b8	01e1b433	sltu	x8,x3,x30	  x3:0x000035f4 x30:0x800096c5  x8=0x00000001
       20865000	      2085	800001bc	73bb0c13	addi	x24,x22,1851	 x22:0x80009ffe x24=0x8000a739
       20875000	      2086	800001c0	a0b08f13	addi	x30,x1,-1525	  x1:0x80009cba x30=0x800096c5
       20885000	      2087	800001c4	007d0d13	addi	x26,x26,7	 x26:0x00000004 x26=0x0000000b
       20895000	      2088	800001c8	fbb40893	addi	x17,x8,-69	  x8:0x00000001 x17=0xffffffbc
       20905000	      2089	800001cc	009d26b3	slt	x13,x26,x9	 x26:0x0000000b  x9:0xfffffcee x13=0x00000000
       20915000	      2090	800001d0	ffbd16e3	bne	x26,x27,800001bc	 x26:0x0000000b x27:0x0000000b
       20925000	      2091	800001d4	410286b3	sub	x13,x5,x16	  x5:0x00009e5d x16:0x00000792 x13=0x000096cb
       20935000	      2092	800001d8	33eec093	xori	x1,x29,830	 x29:0x80009f84  x1=0x80009cba
       20945000	      2093	800001dc	fb376ce3	bltu	x14,x19,80000194	 x14:0x00000010 x19:0x00000013
       20955000	      2094	00000000	00000013	addi	x0,x0,0	  x0:0x00000000
       20965000	      2095	80000190	00000013	addi	x0,x0,0	  x0:0x00000000
       20975000	      2096	80000194	006b42b3	xor	x5,x22,x6	 x22:0x80009ffe  x6:0x800001a3  x5=0x00009e5d
       20985000	      2097	80000198	99e8d617	auipc	x12,0x99e8d	 x12=0x19e8d194
       20995000	      2098	8000019c	00170713	addi	x14,x14,1	 x14:0x00000010 x14=0x00000011
       21005000	      2099	800001a0	403b87b3	sub	x15,x23,x3	 x23:0x99560000  x3:0x000035f4 x15=0x9955ca0c
       21015000	      2100	800001a4	00400d13	addi	x26,x0,4	  x0:0x00000000 x26=0x00000004
       21025000	      2101	800001a8	006d1a13	slli	x20,x26,0x6	 x26:0x00000004 x20=0x00000100
       21035000	      2102	800001ac	41d75913	srai	x18,x14,0x1d	 x14:0x00000011 x18=0x00000000
       21045000	      2103	800001b0	00b00d93	addi	x27,x0,11	  x0:0x00000000 x27=0x0000000b
       21055000	      2104	800001b4	41f0d0b3	sra	x1,x1,x31	  x1:0x80009cba x31:0x00000000  x1=0x80009cba
       21065000	      2105	800001b8	01e1b433	sltu	x8,x3,x30	  x3:0x000035f4 x30:0x800096c5  x8=0x00000001
       21075000	      2106	800001bc	73bb0c13	addi	x24,x22,1851	 x22:0x80009ffe x24=0x8000a739
       21085000	      2107	800001c0	a0b08f13	addi	x30,x1,-1525	  x1:0x80009cba x30=0x800096c5
       21095000	      2108	800001c4	007d0d13	addi	x26,x26,7	 x26:0x00000004 x26=0x0000000b
       21105000	      2109	800001c8	fbb40893	addi	x17,x8,-69	  x8:0x00000001 x17=0xffffffbc
       21115000	      2110	800001cc	009d26b3	slt	x13,x26,x9	 x26:0x0000000b  x9:0xfffffcee x13=0x00000000
       21125000	      2111	800001d0	ffbd16e3	bne	x26,x27,800001bc	 x26:0x0000000b x27:0x0000000b
       21135000	      2112	800001d4	410286b3	sub	x13,x5,x16	  x5:0x00009e5d x16:0x00000792 x13=0x000096cb
       21145000	      2113	800001d8	33eec093	xori	x1,x29,830	 x29:0x80009f84  x1=0x80009cba
       21155000	      2114	800001dc	fb376ce3	bltu	x14,x19,80000194	 x14:0x00000011 x19:0x00000013
       21165000	      2115	00000000	00000013	addi	x0,x0,0	  x0:0x00000000
       21175000	      2116	80000190	00000013	addi	x0,x0,0	  x0:0x00000000
       21185000	      2117	80000194	006b42b3	xor	x5,x22,x6	 x22:0x80009ffe  x6:0x800001a3  x5=0x00009e5d
       21195000	      2118	80000198	99e8d617	auipc	x12,0x99e8d	 x12=0x19e8d194
       21205000	      2119	8000019c	00170713	addi	x14,x14,1	 x14:0x00000011 x14=0x00000012
       21215000	      2120	800001a0	403b87b3	sub	x15,x23,x3	 x23:0x99560000  x3:0x000035f4 x15=0x9955ca0c
       21225000	      2121	800001a4	00400d13	addi	x26,x0,4	  x0:0x00000000 x26=0x00000004
       21235000	      2122	800001a8	006d1a13	slli	x20,x26,0x6	 x26:0x00000004 x20=0x00000100
       21245000	      2123	800001ac	41d75913	srai	x18,x14,0x1d	 x14:0x00000012 x18=0x00000000
       21255000	      2124	800001b0	00b00d93	addi	x27,x0,11	  x0:0x00000000 x27=0x0000000b
       21265000	      2125	800001b4	41f0d0b3	sra	x1,x1,x31	  x1:0x80009cba x31:0x00000000  x1=0x80009cba
       21275000	      2126	800001b8	01e1b433	sltu	x8,x3,x30	  x3:0x000035f4 x30:0x800096c5  x8=0x00000001
       21285000	      2127	800001bc	73bb0c13	addi	x24,x22,1851	 x22:0x80009ffe x24=0x8000a739
       21295000	      2128	800001c0	a0b08f13	addi	x30,x1,-1525	  x1:0x80009cba x30=0x800096c5
       21305000	      2129	800001c4	007d0d13	addi	x26,x26,7	 x26:0x00000004 x26=0x0000000b
       21315000	      2130	800001c8	fbb40893	addi	x17,x8,-69	  x8:0x00000001 x17=0xffffffbc
       21325000	      2131	800001cc	009d26b3	slt	x13,x26,x9	 x26:0x0000000b  x9:0xfffffcee x13=0x00000000
       21335000	      2132	800001d0	ffbd16e3	bne	x26,x27,800001bc	 x26:0x0000000b x27:0x0000000b
       21345000	      2133	800001d4	410286b3	sub	x13,x5,x16	  x5:0x00009e5d x16:0x00000792 x13=0x000096cb
       21355000	      2134	800001d8	33eec093	xori	x1,x29,830	 x29:0x80009f84  x1=0x80009cba
       21365000	      2135	800001dc	fb376ce3	bltu	x14,x19,80000194	 x14:0x00000012 x19:0x00000013
       21375000	      2136	00000000	00000013	addi	x0,x0,0	  x0:0x00000000
       21385000	      2137	80000190	00000013	addi	x0,x0,0	  x0:0x00000000
       21395000	      2138	80000194	006b42b3	xor	x5,x22,x6	 x22:0x80009ffe  x6:0x800001a3  x5=0x00009e5d
       21405000	      2139	80000198	99e8d617	auipc	x12,0x99e8d	 x12=0x19e8d194
       21415000	      2140	8000019c	00170713	addi	x14,x14,1	 x14:0x00000012 x14=0x00000013
       21425000	      2141	800001a0	403b87b3	sub	x15,x23,x3	 x23:0x99560000  x3:0x000035f4 x15=0x9955ca0c
       21435000	      2142	800001a4	00400d13	addi	x26,x0,4	  x0:0x00000000 x26=0x00000004
       21445000	      2143	800001a8	006d1a13	slli	x20,x26,0x6	 x26:0x00000004 x20=0x00000100
       21455000	      2144	800001ac	41d75913	srai	x18,x14,0x1d	 x14:0x00000013 x18=0x00000000
       21465000	      2145	800001b0	00b00d93	addi	x27,x0,11	  x0:0x00000000 x27=0x0000000b
       21475000	      2146	800001b4	41f0d0b3	sra	x1,x1,x31	  x1:0x80009cba x31:0x00000000  x1=0x80009cba
       21485000	      2147	800001b8	01e1b433	sltu	x8,x3,x30	  x3:0x000035f4 x30:0x800096c5  x8=0x00000001
       21495000	      2148	800001bc	73bb0c13	addi	x24,x22,1851	 x22:0x80009ffe x24=0x8000a739
       21505000	      2149	800001c0	a0b08f13	addi	x30,x1,-1525	  x1:0x80009cba x30=0x800096c5
       21515000	      2150	800001c4	007d0d13	addi	x26,x26,7	 x26:0x00000004 x26=0x0000000b
       21525000	      2151	800001c8	fbb40893	addi	x17,x8,-69	  x8:0x00000001 x17=0xffffffbc
       21535000	      2152	800001cc	009d26b3	slt	x13,x26,x9	 x26:0x0000000b  x9:0xfffffcee x13=0x00000000
       21545000	      2153	800001d0	ffbd16e3	bne	x26,x27,800001bc	 x26:0x0000000b x27:0x0000000b
       21555000	      2154	800001d4	410286b3	sub	x13,x5,x16	  x5:0x00009e5d x16:0x00000792 x13=0x000096cb
       21565000	      2155	800001d8	33eec093	xori	x1,x29,830	 x29:0x80009f84  x1=0x80009cba
       21575000	      2156	800001dc	fb376ce3	bltu	x14,x19,80000194	 x14:0x00000013 x19:0x00000013
       21585000	      2157	800001e0	cba54413	xori	x8,x10,-838	 x10:0x00000000  x8=0xfffffcba
       21595000	      2158	800001e4	ff900113	addi	x2,x0,-7	  x0:0x00000000  x2=0xfffffff9
       21605000	      2159	800001e8	df2b3737	lui	x14,0xdf2b3	 x14=0xdf2b3000
       21615000	      2160	800001ec	01f20d33	add	x26,x4,x31	  x4:0x80009fc4 x31:0x00000000 x26=0x80009fc4
       21625000	      2161	800001f0	015e59b3	srl	x19,x28,x21	 x28:0x10000000 x21:0x00000212 x19=0x00000400
       21635000	      2162	800001f4	01100a13	addi	x20,x0,17	  x0:0x00000000 x20=0x00000011
       21645000	      2163	800001f8	28207093	andi	x1,x0,642	  x0:0x00000000  x1=0x00000000
       21655000	      2164	800001fc	417151b3	sra	x3,x2,x23	  x2:0xfffffff9 x23:0x99560000  x3=0xfffffff9
       21665000	      2165	80000200	e23c7937	lui	x18,0xe23c7	 x18=0xe23c7000
       21675000	      2166	80000204	20ef3913	sltiu	x18,x30,526	 x30:0x800096c5 x18=0x00000000
       21685000	      2167	80000208	d05d6817	auipc	x16,0xd05d6	 x16=0x505d6204
       21695000	      2168	8000020c	00610113	addi	x2,x2,6	  x2:0xfffffff9  x2=0xffffffff
       21705000	      2169	80000210	ff4118e3	bne	x2,x20,80000200	  x2:0xffffffff x20:0x00000011
       21715000	      2170	00000000	00000013	addi	x0,x0,0	  x0:0x00000000
       21725000	      2171	800001fc	00000013	addi	x0,x0,0	  x0:0x00000000
       21735000	      2172	80000200	e23c7937	lui	x18,0xe23c7	 x18=0xe23c7000
       21745000	      2173	80000204	20ef3913	sltiu	x18,x30,526	 x30:0x800096c5 x18=0x00000000
       21755000	      2174	80000208	d05d6817	auipc	x16,0xd05d6	 x16=0x505d6204
       21765000	      2175	8000020c	00610113	addi	x2,x2,6	  x2:0xffffffff  x2=0x00000005
       21775000	      2176	80000210	ff4118e3	bne	x2,x20,80000200	  x2:0x00000005 x20:0x00000011
       21785000	      2177	00000000	00000013	addi	x0,x0,0	  x0:0x00000000
       21795000	      2178	800001fc	00000013	addi	x0,x0,0	  x0:0x00000000
       21805000	      2179	80000200	e23c7937	lui	x18,0xe23c7	 x18=0xe23c7000
       21815000	      2180	80000204	20ef3913	sltiu	x18,x30,526	 x30:0x800096c5 x18=0x00000000
       21825000	      2181	80000208	d05d6817	auipc	x16,0xd05d6	 x16=0x505d6204
       21835000	      2182	8000020c	00610113	addi	x2,x2,6	  x2:0x00000005  x2=0x0000000b
       21845000	      2183	80000210	ff4118e3	bne	x2,x20,80000200	  x2:0x0000000b x20:0x00000011
       21855000	      2184	00000000	00000013	addi	x0,x0,0	  x0:0x00000000
       21865000	      2185	800001fc	00000013	addi	x0,x0,0	  x0:0x00000000
       21875000	      2186	80000200	e23c7937	lui	x18,0xe23c7	 x18=0xe23c7000
       21885000	      2187	80000204	20ef3913	sltiu	x18,x30,526	 x30:0x800096c5 x18=0x00000000
       21895000	      2188	80000208	d05d6817	auipc	x16,0xd05d6	 x16=0x505d6204
       21905000	      2189	8000020c	00610113	addi	x2,x2,6	  x2:0x0000000b  x2=0x00000011
       21915000	      2190	80000210	ff4118e3	bne	x2,x20,80000200	  x2:0x00000011 x20:0x00000011
       21925000	      2191	80000214	0044bdb3	sltu	x27,x9,x4	  x9:0xfffffcee  x4:0x80009fc4 x27=0x00000000
       21935000	      2192	80000218	00000193	addi	x3,x0,0	  x0:0x00000000  x3=0x00000000
       21945000	      2193	8000021c	9d27ea97	auipc	x21,0x9d27e	 x21=0x1d27e218
       21955000	      2194	80000220	78dd2037	lui	x0,0x78dd2	
       21965000	      2195	80000224	00c44133	xor	x2,x8,x12	  x8:0xfffffcba x12:0x19e8d194  x2=0xe6172d2e
       21975000	      2196	80000228	00000013	addi	x0,x0,0	  x0:0x00000000
       21985000	      2197	8000022c	00020933	add	x18,x4,x0	  x4:0x80009fc4  x0:0x00000000 x18=0x80009fc4
       21995000	      2198	80000230	01000793	addi	x15,x0,16	  x0:0x00000000 x15=0x00000010
       22005000	      2199	80000234	0091a3b3	slt	x7,x3,x9	  x3:0x00000000  x9:0xfffffcee  x7=0x00000000
       22015000	      2200	80000238	3ad87a17	auipc	x20,0x3ad87	 x20=0xbad87234
       22025000	      2201	8000023c	30066693	ori	x13,x12,768	 x12:0x19e8d194 x13=0x19e8d394
       22035000	      2202	80000240	01ba9f13	slli	x30,x21,0x1b	 x21:0x1d27e218 x30=0xc0000000
       22045000	      2203	80000244	014ca533	slt	x10,x25,x20	 x25:0x00000000 x20:0xbad87234 x10=0x00000000
       22055000	      2204	80000248	015a09b3	add	x19,x20,x21	 x20:0xbad87234 x21:0x1d27e218 x19=0xd800544c
       22065000	      2205	8000024c	00dc2db3	slt	x27,x24,x13	 x24:0x8000a739 x13:0x19e8d394 x27=0x00000001
       22075000	      2206	80000250	41115413	srai	x8,x2,0x11	  x2:0xe6172d2e  x8=0xfffff30b
       22085000	      2207	80000254	00418193	addi	x3,x3,4	  x3:0x00000000  x3=0x00000004
       22095000	      2208	80000258	be0a3493	sltiu	x9,x20,-1056	 x20:0xbad87234  x9=0x00000001
       22105000	      2209	8000025c	b7e67d93	andi	x27,x12,-1154	 x12:0x19e8d194 x27=0x19e8d114
       22115000	      2210	80000260	01e45d13	srli	x26,x8,0x1e	  x8:0xfffff30b x26=0x00000003
       22125000	      2211	80000264	fcf18ce3	beq	x3,x15,8000023c	  x3:0x00000004 x15:0x00000010
       22135000	      2212	80000268	470f4a97	auipc	x21,0x470f4	 x21=0xc70f4264
       22145000	      2213	8000026c	00400193	addi	x3,x0,4	  x0:0x00000000  x3=0x00000004
       22155000	      2214	80000270	01575033	srl	x0,x14,x21	 x14:0xdf2b3000 x21:0xc70f4264
       22165000	      2215	80000274	644fd337	lui	x6,0x644fd	  x6=0x644fd000
       22175000	      2216	80000278	00f22933	slt	x18,x4,x15	  x4:0x80009fc4 x15:0x00000010 x18=0x00000001
       22185000	      2217	8000027c	b7b1ac93	slti	x25,x3,-1157	  x3:0x00000004 x25=0x00000000
       22195000	      2218	80000280	01037f33	and	x30,x6,x16	  x6:0x644fd000 x16:0x505d6204 x30=0x404d4000
       22205000	      2219	80000284	00300393	addi	x7,x0,3	  x0:0x00000000  x7=0x00000003
       22215000	      2220	80000288	419587b3	sub	x15,x11,x25	 x11:0x80009fc5 x25:0x00000000 x15=0x80009fc5
       22225000	      2221	8000028c	7de30693	addi	x13,x6,2014	  x6:0x644fd000 x13=0x644fd7de
       22235000	      2222	80000290	002e8ab3	add	x21,x29,x2	 x29:0x80009f84  x2:0xe6172d2e x21=0x6617ccb2
       22245000	      2223	80000294	00fb6133	or	x2,x22,x15	 x22:0x80009ffe x15:0x80009fc5  x2=0x80009fff
       22255000	      2224	80000298	21186793	ori	x15,x16,529	 x16:0x505d6204 x15=0x505d6215
       22265000	      2225	8000029c	41898333	sub	x6,x19,x24	 x19:0xd800544c x24:0x8000a739  x6=0x57ffad13
       22275000	      2226	800002a0	010ed133	srl	x2,x29,x16	 x29:0x80009f84 x16:0x505d6204  x2=0x080009f8
       22285000	      2227	800002a4	fff18193	addi	x3,x3,-1	  x3:0x00000004  x3=0x00000003
       22295000	      2228	800002a8	27917d13	andi	x26,x2,633	  x2:0x080009f8 x26=0x00000078
       22305000	      2229	800002ac	852d5117	auipc	x2,0x852d5	  x2=0x052d52a8
       22315000	      2230	800002b0	008e10b3	sll	x1,x28,x8	 x28:0x10000000  x8:0xfffff30b  x1=0x00000000
       22325000	      2231	800002b4	00f2f9b3	and	x19,x5,x15	  x5:0x00009e5d x15:0x505d6215 x19=0x00000215
       22335000	      2232	800002b8	00dd57b3	srl	x15,x26,x13	 x26:0x00000078 x13:0x644fd7de x15=0x00000000
       22345000	      2233	800002bc	b90f2013	slti	x0,x30,-1136	 x30:0x404d4000
       22355000	      2234	800002c0	04000713	addi	x14,x0,64	  x0:0x00000000 x14=0x00000040
       22365000	      2235	800002c4	01161413	slli	x8,x12,0x11	 x12:0x19e8d194  x8=0xa3280000
       22375000	      2236	800002c8	f57b2413	slti	x8,x22,-169	 x22:0x80009ffe  x8=0x00000001
       22385000	      2237	800002cc	00000013	addi	x0,x0,0	  x0:0x00000000
       22395000	      2238	800002d0	41b20d33	sub	x26,x4,x27	  x4:0x80009fc4 x27:0x19e8d114 x26=0x6617ceb0
       22405000	      2239	800002d4	fc71f0e3	bgeu	x3,x7,80000294	  x3:0x00000003  x7:0x00000003
       22415000	      2240	00000000	00000013	addi	x0,x0,0	  x0:0x00000000
       22425000	      2241	80000290	00000013	addi	x0,x0,0	  x0:0x00000000
       22435000	      2242	80000294	00fb6133	or	x2,x22,x15	 x22:0x80009ffe x15:0x00000000  x2=0x80009ffe
       22445000	      2243	80000298	21186793	ori	x15,x16,529	 x16:0x505d6204 x15=0x505d6215
       22455000	      2244	8000029c	41898333	sub	x6,x19,x24	 x19:0x00000215 x24:0x8000a739  x6=0x7fff5adc
       22465000	      2245	800002a0	010ed133	srl	x2,x29,x16	 x29:0x80009f84 x16:0x505d6204  x2=0x080009f8
       22475000	      2246	800002a4	fff18193	addi	x3,x3,-1	  x3:0x00000003  x3=0x00000002
       22485000	      2247	800002a8	27917d13	andi	x26,x2,633	  x2:0x080009f8 x26=0x00000078
       22495000	      2248	800002ac	852d5117	auipc	x2,0x852d5	  x2=0x052d52a8
       22505000	      2249	800002b0	008e10b3	sll	x1,x28,x8	 x28:0x10000000  x8:0x00000001  x1=0x20000000
       22515000	      2250	800002b4	00f2f9b3	and	x19,x5,x15	  x5:0x00009e5d x15:0x505d6215 x19=0x00000215
       22525000	      2251	800002b8	00dd57b3	srl	x15,x26,x13	 x26:0x00000078 x13:0x644fd7de x15=0x00000000
       22535000	      2252	800002bc	b90f2013	slti	x0,x30,-1136	 x30:0x404d4000
       22545000	      2253	800002c0	04000713	addi	x14,x0,64	  x0:0x00000000 x14=0x00000040
       22555000	      2254	800002c4	01161413	slli	x8,x12,0x11	 x12:0x19e8d194  x8=0xa3280000
       22565000	      2255	800002c8	f57b2413	slti	x8,x22,-169	 x22:0x80009ffe  x8=0x00000001
       22575000	      2256	800002cc	00000013	addi	x0,x0,0	  x0:0x00000000
       22585000	      2257	800002d0	41b20d33	sub	x26,x4,x27	  x4:0x80009fc4 x27:0x19e8d114 x26=0x6617ceb0
       22595000	      2258	800002d4	fc71f0e3	bgeu	x3,x7,80000294	  x3:0x00000002  x7:0x00000003
       22605000	      2259	800002d8	00da3b33	sltu	x22,x20,x13	 x20:0xbad87234 x13:0x644fd7de x22=0x00000000
       22615000	      2260	800002dc	00000013	addi	x0,x0,0	  x0:0x00000000
       22625000	      2261	800002e0	dfdb7a93	andi	x21,x22,-515	 x22:0x00000000 x21=0x00000000
       22635000	      2262	800002e4	3e7b3913	sltiu	x18,x22,999	 x22:0x00000000 x18=0x00000001
       22645000	      2263	800002e8	99fb6693	ori	x13,x22,-1633	 x22:0x00000000 x13=0xfffff99f
       22655000	      2264	800002ec	4402ab13	slti	x22,x5,1088	  x5:0x00009e5d x22=0x00000000
       22665000	      2265	800002f0	eac0fb93	andi	x23,x1,-340	  x1:0x20000000 x23=0x20000000
       22675000	      2266	800002f4	05aa0663	beq	x20,x26,80000340	 x20:0xbad87234 x26:0x6617ceb0
       22685000	      2267	800002f8	40558733	sub	x14,x11,x5	 x11:0x80009fc5  x5:0x00009e5d x14=0x80000168
       22695000	      2268	800002fc	94e1f813	andi	x16,x3,-1714	  x3:0x00000002 x16=0x00000002
       22705000	      2269	80000300	00e20cb3	add	x25,x4,x14	  x4:0x80009fc4 x14:0x80000168 x25=0x0000a12c
       22715000	      2270	80000304	d706bf13	sltiu	x30,x13,-656	 x13:0xfffff99f x30=0x00000001
       22725000	      2271	80000308	016b3533	sltu	x10,x22,x22	 x22:0x00000000 x22:0x00000000 x10=0x00000000
       22735000	      2272	8000030c	039c9a63	bne	x25,x25,80000340	 x25:0x0000a12c x25:0x0000a12c
       22745000	      2273	80000310	012f6533	or	x10,x30,x18	 x30:0x00000001 x18:0x00000001 x10=0x00000001
       22755000	      2274	80000314	01d5fd33	and	x26,x11,x29	 x11:0x80009fc5 x29:0x80009f84 x26=0x80009f84
       22765000	      2275	80000318	00000013	addi	x0,x0,0	  x0:0x00000000
       22775000	      2276	8000031c	00840a63	beq	x8,x8,80000330	  x8:0x00000001  x8:0x00000001
       22785000	      2277	00000000	00000013	addi	x0,x0,0	  x0:0x00000000
       22795000	      2278	8000032c	00000013	addi	x0,x0,0	  x0:0x00000000
       22805000	      2279	80000330	0194b933	sltu	x18,x9,x25	  x9:0x00000001 x25:0x0000a12c x18=0x00000001
       22815000	      2280	80000334	00c016b3	sll	x13,x0,x12	  x0:0x00000000 x12:0x19e8d194 x13=0x00000000
       22825000	      2281	80000338	01751b93	slli	x23,x10,0x17	 x10:0x00000001 x23=0x00800000
       22835000	      2282	8000033c	01da0463	beq	x20,x29,80000344	 x20:0xbad87234 x29:0x80009f84
       22845000	      2283	80000340	00608633	add	x12,x1,x6	  x1:0x20000000  x6:0x7fff5adc x12=0x9fff5adc
       22855000	      2284	80000344	017a2b33	slt	x22,x20,x23	 x20:0xbad87234 x23:0x00800000 x22=0x00000001
       22865000	      2285	80000348	005f4333	xor	x6,x30,x5	 x30:0x00000001  x5:0x00009e5d  x6=0x00009e5c
       22875000	      2286	8000034c	00362093	slti	x1,x12,3	 x12:0x9fff5adc  x1=0x00000001
       22885000	      2287	80000350	d0e5cd13	xori	x26,x11,-754	 x11:0x80009fc5 x26=0x7fff62cb
       22895000	      2288	80000354	05730463	beq	x6,x23,8000039c	  x6:0x00009e5c x23:0x00800000
       22905000	      2289	80000358	57a58a13	addi	x20,x11,1402	 x11:0x80009fc5 x20=0x8000a53f
       22915000	      2290	8000035c	b8aec693	xori	x13,x29,-1142	 x29:0x80009f84 x13=0x7fff640e
       22925000	      2291	80000360	406255b3	sra	x11,x4,x6	  x4:0x80009fc4  x6:0x00009e5c x11=0xfffffff8
       22935000	      2292	80000364	01734433	xor	x8,x6,x23	  x6:0x00009e5c x23:0x00800000  x8=0x00809e5c
       22945000	      2293	80000368	59dba993	slti	x19,x23,1437	 x23:0x00800000 x19=0x00000000
       22955000	      2294	8000036c	8c4e9a17	auipc	x20,0x8c4e9	 x20=0x0c4e9368
       22965000	      2295	80000370	005c9733	sll	x14,x25,x5	 x25:0x0000a12c  x5:0x00009e5d x14=0x80000000
       22975000	      2296	80000374	0cbf3b17	auipc	x22,0xcbf3	 x22=0x8cbf3370
       22985000	      2297	80000378	16816a93	ori	x21,x2,360	  x2:0x052d52a8 x21=0x052d53e8
       22995000	      2298	8000037c	af6a7697	auipc	x13,0xaf6a7	 x13=0x2f6a7378
       23005000	      2299	80000380	017182b3	add	x5,x3,x23	  x3:0x00000002 x23:0x00800000  x5=0x00800002
       23015000	      2300	80000384	05275863	bge	x14,x18,800003d4	 x14:0x80000000 x18:0x00000001
       23025000	      2301	80000388	00000013	addi	x0,x0,0	  x0:0x00000000
       23035000	      2302	8000038c	01b7cd33	xor	x26,x15,x27	 x15:0x00000000 x27:0x19e8d114 x26=0x19e8d114
       23045000	      2303	80000390	c0f8b993	sltiu	x19,x17,-1009	 x17:0xffffffbc x19=0x00000000
       23055000	      2304	80000394	0174b9b3	sltu	x19,x9,x23	  x9:0x00000001 x23:0x00800000 x19=0x00000001
       23065000	      2305	80000398	fb054113	xori	x2,x10,-80	 x10:0x00000001  x2=0xffffffb1
       23075000	      2306	8000039c	e9834913	xori	x18,x6,-360	  x6:0x00009e5c x18=0xffff60c4
       23085000	      2307	800003a0	411659b3	sra	x19,x12,x17	 x12:0x9fff5adc x17:0xffffffbc x19=0xfffffff9
       23095000	      2308	800003a4	000b0833	add	x16,x22,x0	 x22:0x8cbf3370  x0:0x00000000 x16=0x8cbf3370
       23105000	      2309	800003a8	413204b3	sub	x9,x4,x19	  x4:0x80009fc4 x19:0xfffffff9  x9=0x80009fcb
       23115000	      2310	800003ac	012e9cb3	sll	x25,x29,x18	 x29:0x80009f84 x18:0xffff60c4 x25=0x0009f840
       23125000	      2311	800003b0	00066b33	or	x22,x12,x0	 x12:0x9fff5adc  x0:0x00000000 x22=0x9fff5adc
       23135000	      2312	800003b4	00355b33	srl	x22,x10,x3	 x10:0x00000001  x3:0x00000002 x22=0x00000000
       23145000	      2313	800003b8	00000013	addi	x0,x0,0	  x0:0x00000000
       23155000	      2314	800003bc	fb0b0a13	addi	x20,x22,-80	 x22:0x00000000 x20=0xffffffb0
       23165000	      2315	800003c0	04d97263	bgeu	x18,x13,80000404	 x18:0xffff60c4 x13:0x2f6a7378
       23175000	      2316	00000000	00000013	addi	x0,x0,0	  x0:0x00000000
       23185000	      2317	80000400	00000013	addi	x0,x0,0	  x0:0x00000000
       23195000	      2318	80000404	60c58993	addi	x19,x11,1548	 x11:0xfffffff8 x19=0x00000604
       23205000	      2319	80000408	002434b3	sltu	x9,x8,x2	  x8:0x00809e5c  x2:0xffffffb1  x9=0x00000001
       23215000	      2320	8000040c	6cc3a913	slti	x18,x7,1740	  x7:0x00000003 x18=0x00000001
       23225000	      2321	80000410	00e23ab3	sltu	x21,x4,x14	  x4:0x80009fc4 x14:0x80000000 x21=0x00000000
       23235000	      2322	80000414	66a08493	addi	x9,x1,1642	  x1:0x00000001  x9=0x0000066b
       23245000	      2323	80000418	01cd5013	srli	x0,x26,0x1c	 x26:0x19e8d114
       23255000	      2324	8000041c	050bc663	blt	x23,x16,80000468	 x23:0x00800000 x16:0x8cbf3370
       23265000	      2325	80000420	2eaa7713	andi	x14,x20,746	 x20:0xffffffb0 x14=0x000002a0
       23275000	      2326	80000424	01af48b3	xor	x17,x30,x26	 x30:0x00000001 x26:0x19e8d114 x17=0x19e8d115
       23285000	      2327	80000428	0459f263	bgeu	x19,x5,8000046c	 x19:0x00000604  x5:0x00800002
       23295000	      2328	8000042c	00000013	addi	x0,x0,0	  x0:0x00000000
       23305000	      2329	80000430	01ce1313	slli	x6,x28,0x1c	 x28:0x10000000  x6=0x00000000
       23315000	      2330	80000434	3eba2593	slti	x11,x20,1003	 x20:0xffffffb0 x11=0x00000001
       23325000	      2331	80000438	00000013	addi	x0,x0,0	  x0:0x00000000
       23335000	      2332	8000043c	00a2f9b3	and	x19,x5,x10	  x5:0x00800002 x10:0x00000001 x19=0x00000000
       23345000	      2333	80000440	402981b3	sub	x3,x19,x2	 x19:0x00000000  x2:0xffffffb1  x3=0x0000004f
       23355000	      2334	80000444	41370033	sub	x0,x14,x19	 x14:0x000002a0 x19:0x00000000
       23365000	      2335	80000448	00261613	slli	x12,x12,0x2	 x12:0x9fff5adc x12=0x7ffd6b70
       23375000	      2336	8000044c	00fc5713	srli	x14,x24,0xf	 x24:0x8000a739 x14=0x00010001
       23385000	      2337	80000450	01206c33	or	x24,x0,x18	  x0:0x00000000 x18:0x00000001 x24=0x00000001
       23395000	      2338	80000454	01844c33	xor	x24,x8,x24	  x8:0x00809e5c x24:0x00000001 x24=0x00809e5d
       23405000	      2339	80000458	004a8463	beq	x21,x4,80000460	 x21:0x00000000  x4:0x80009fc4
       23415000	      2340	8000045c	a2af6913	ori	x18,x30,-1494	 x30:0x00000001 x18=0xfffffa2b
       23425000	      2341	80000460	0194f033	and	x0,x9,x25	  x9:0x0000066b x25:0x0009f840
       23435000	      2342	80000464	405a5c33	sra	x24,x20,x5	 x20:0xffffffb0  x5:0x00800002 x24=0xffffffec
       23445000	      2343	80000468	001506b3	add	x13,x10,x1	 x10:0x00000001  x1:0x00000001 x13=0x00000002
       23455000	      2344	8000046c	411c8533	sub	x10,x25,x17	 x25:0x0009f840 x17:0x19e8d115 x10=0xe621272b
       23465000	      2345	80000470	039af863	bgeu	x21,x25,800004a0	 x21:0x00000000 x25:0x0009f840
       23475000	      2346	80000474	00b15733	srl	x14,x2,x11	  x2:0xffffffb1 x11:0x00000001 x14=0x7fffffd8
       23485000	      2347	80000478	01571a63	bne	x14,x21,8000048c	 x14:0x7fffffd8 x21:0x00000000
       23495000	      2348	00000000	00000013	addi	x0,x0,0	  x0:0x00000000
       23505000	      2349	80000488	00000013	addi	x0,x0,0	  x0:0x00000000
       23515000	      2350	8000048c	00225713	srli	x14,x4,0x2	  x4:0x80009fc4 x14=0x200027f1
       23525000	      2351	80000490	03046663	bltu	x8,x16,800004bc	  x8:0x00809e5c x16:0x8cbf3370
       23535000	      2352	00000000	00000013	addi	x0,x0,0	  x0:0x00000000
       23545000	      2353	800004b8	00000013	addi	x0,x0,0	  x0:0x00000000
       23555000	      2354	800004bc	de047913	andi	x18,x8,-544	  x8:0x00809e5c x18=0x00809c40
       23565000	      2355	800004c0	00000013	addi	x0,x0,0	  x0:0x00000000
       23575000	      2356	800004c4	0206dc63	bge	x13,x0,800004fc	 x13:0x00000002  x0:0x00000000
       23585000	      2357	00000000	00000013	addi	x0,x0,0	  x0:0x00000000
       23595000	      2358	800004f8	00000013	addi	x0,x0,0	  x0:0x00000000
       23605000	      2359	800004fc	00c58b33	add	x22,x11,x12	 x11:0x00000001 x12:0x7ffd6b70 x22=0x7ffd6b71
       23615000	      2360	80000500	402201b3	sub	x3,x4,x2	  x4:0x80009fc4  x2:0xffffffb1  x3=0x8000a013
       23625000	      2361	80000504	fee74b93	xori	x23,x14,-18	 x14:0x200027f1 x23=0xdfffd81f
       23635000	      2362	80000508	0999f863	bgeu	x19,x25,80000598	 x19:0x00000000 x25:0x0009f840
       23645000	      2363	8000050c	15d9d697	auipc	x13,0x15d9d	 x13=0x95d9d508
       23655000	      2364	80000510	05e21a63	bne	x4,x30,80000564	  x4:0x80009fc4 x30:0x00000001
       23665000	      2365	00000000	00000013	addi	x0,x0,0	  x0:0x00000000
       23675000	      2366	80000560	00000013	addi	x0,x0,0	  x0:0x00000000
       23685000	      2367	80000564	40da86b3	sub	x13,x21,x13	 x21:0x00000000 x13:0x95d9d508 x13=0x6a262af8
       23695000	      2368	80000568	00a09593	slli	x11,x1,0xa	  x1:0x00000001 x11=0x00000400
       23705000	      2369	8000056c	00000e17	auipc	x28,0x0	 x28=0x80000568
       23715000	      2370	80000570	184e0e13	addi	x28,x28,388	 x28:0x80000568 x28=0x800006ec
       23725000	      2371	80000574	4120f013	andi	x0,x1,1042	  x1:0x00000001
       23735000	      2372	80000578	c7ee0e13	addi	x28,x28,-898	 x28:0x800006ec x28=0x8000036a
       23745000	      2373	8000057c	01b6a1b3	slt	x3,x13,x27	 x13:0x6a262af8 x27:0x19e8d114  x3=0x00000000
       23755000	      2374	80000580	0067ab33	slt	x22,x15,x6	 x15:0x00000000  x6:0x00000000 x22=0x00000000
       23765000	      2375	80000584	01449cb3	sll	x25,x9,x20	  x9:0x0000066b x20:0xffffffb0 x25=0x066b0000
       23775000	      2376	80000588	00e5abb3	slt	x23,x11,x14	 x11:0x00000400 x14:0x200027f1 x23=0x00000001
       23785000	      2377	8000058c	9fefaa93	slti	x21,x31,-1538	 x31:0x00000000 x21=0x00000000
       23795000	      2378	80000590	382e0167	jalr	x2,x28,898	 x28:0x8000036a  x2=0x80000590
       23805000	      2379	00000000	00000013	addi	x0,x0,0	  x0:0x00000000
       23815000	      2380	800006ec	00000013	addi	x0,x0,0	  x0:0x00000000
       23825000	      2381	800006f0	00346933	or	x18,x8,x3	  x8:0x00809e5c  x3:0x00000000 x18=0x00809e5c
       23835000	      2382	800006f4	008d5263	bge	x26,x8,800006f8	 x26:0x19e8d114  x8:0x00809e5c
       23845000	      2383	00000000	00000013	addi	x0,x0,0	  x0:0x00000000
       23855000	      2384	800006f4	00000013	addi	x0,x0,0	  x0:0x00000000
       23865000	      2385	800006f8	ff8e8e93	addi	x29,x29,-8	 x29:0x80009f84 x29=0x80009f7c
       23875000	      2386	800006fc	0f367713	andi	x14,x12,243	 x12:0x7ffd6b70 x14=0x00000070
       23885000	      2387	80000700	f6586593	ori	x11,x16,-155	 x16:0x8cbf3370 x11=0xffffff75
       23895000	      2388	80000704	002ea223	sw	x2,4(x29)	 x29:0x80009f7c  x2:0x80000590 PA:0x80009f80
       23905000	      2389	80000708	009d13b3	sll	x7,x26,x9	 x26:0x19e8d114  x9:0x0000066b  x7=0x4688a000
       23915000	      2390	8000070c	00500413	addi	x8,x0,5	  x0:0x00000000  x8=0x00000005
       23925000	      2391	80000710	00700513	addi	x10,x0,7	  x0:0x00000000 x10=0x00000007
       23935000	      2392	80000714	004fd393	srli	x7,x31,0x4	 x31:0x00000000  x7=0x00000000
       23945000	      2393	80000718	6c622c93	slti	x25,x4,1734	  x4:0x80009fc4 x25=0x00000001
       23955000	      2394	8000071c	cb0f8813	addi	x16,x31,-848	 x31:0x00000000 x16=0xfffffcb0
       23965000	      2395	80000720	00a40413	addi	x8,x8,10	  x8:0x00000005  x8=0x0000000f
       23975000	      2396	80000724	e2619a17	auipc	x20,0xe2619	 x20=0x62619720
       23985000	      2397	80000728	ff700f13	addi	x30,x0,-9	  x0:0x00000000 x30=0xfffffff7
       23995000	      2398	8000072c	00b49993	slli	x19,x9,0xb	  x9:0x0000066b x19=0x00335800
       24005000	      2399	80000730	daef0b13	addi	x22,x30,-594	 x30:0xfffffff7 x22=0xfffffda5
       24015000	      2400	80000734	ff000693	addi	x13,x0,-16	  x0:0x00000000 x13=0xfffffff0
       24025000	      2401	80000738	78852813	slti	x16,x10,1928	 x10:0x00000007 x16=0x00000001
       24035000	      2402	8000073c	40ac5db3	sra	x27,x24,x10	 x24:0xffffffec x10:0x00000007 x27=0xffffffff
       24045000	      2403	80000740	41cedb93	srai	x23,x29,0x1c	 x29:0x80009f7c x23=0xfffffff8
       24055000	      2404	80000744	00253d33	sltu	x26,x10,x2	 x10:0x00000007  x2:0x80000590 x26=0x00000001
       24065000	      2405	80000748	ff9f0f13	addi	x30,x30,-7	 x30:0xfffffff7 x30=0xfffffff0
       24075000	      2406	8000074c	006f91b3	sll	x3,x31,x6	 x31:0x00000000  x6:0x00000000  x3=0x00000000
       24085000	      2407	80000750	fedf1ae3	bne	x30,x13,80000744	 x30:0xfffffff0 x13:0xfffffff0
       24095000	      2408	80000754	ec49a493	slti	x9,x19,-316	 x19:0x00335800  x9=0x00000000
       24105000	      2409	80000758	fca440e3	blt	x8,x10,80000718	  x8:0x0000000f x10:0x00000007
       24115000	      2410	8000075c	00000013	addi	x0,x0,0	  x0:0x00000000
       24125000	      2411	80000760	00700513	addi	x10,x0,7	  x0:0x00000000 x10=0x00000007
       24135000	      2412	80000764	91310413	addi	x8,x2,-1773	  x2:0x80000590  x8=0x7ffffea3
       24145000	      2413	80000768	01400993	addi	x19,x0,20	  x0:0x00000000 x19=0x00000014
       24155000	      2414	8000076c	bd87a293	slti	x5,x15,-1064	 x15:0x00000000  x5=0x00000000
       24165000	      2415	80000770	40f20933	sub	x18,x4,x15	  x4:0x80009fc4 x15:0x00000000 x18=0x80009fc4
       24175000	      2416	80000774	00000013	addi	x0,x0,0	  x0:0x00000000
       24185000	      2417	80000778	00d5e3b3	or	x7,x11,x13	 x11:0xffffff75 x13:0xfffffff0  x7=0xfffffff5
       24195000	      2418	8000077c	018c48b3	xor	x17,x24,x24	 x24:0xffffffec x24:0xffffffec x17=0x00000000
       24205000	      2419	80000780	41935933	sra	x18,x6,x25	  x6:0x00000000 x25:0x00000001 x18=0x00000000
       24215000	      2420	80000784	0104a913	slti	x18,x9,16	  x9:0x00000000 x18=0x00000001
       24225000	      2421	80000788	00350513	addi	x10,x10,3	 x10:0x00000007 x10=0x0000000a
       24235000	      2422	8000078c	00800713	addi	x14,x0,8	  x0:0x00000000 x14=0x00000008
       24245000	      2423	80000790	0008ae33	slt	x28,x17,x0	 x17:0x00000000  x0:0x00000000 x28=0x00000000
       24255000	      2424	80000794	00600b93	addi	x23,x0,6	  x0:0x00000000 x23=0x00000006
       24265000	      2425	80000798	416c8b33	sub	x22,x25,x22	 x25:0x00000001 x22:0xfffffda5 x22=0x0000025c
       24275000	      2426	8000079c	00d26f33	or	x30,x4,x13	  x4:0x80009fc4 x13:0xfffffff0 x30=0xfffffff4
       24285000	      2427	800007a0	a5d60e13	addi	x28,x12,-1443	 x12:0x7ffd6b70 x28=0x7ffd65cd
       24295000	      2428	800007a4	004ea7b3	slt	x15,x29,x4	 x29:0x80009f7c  x4:0x80009fc4 x15=0x00000001
       24305000	      2429	800007a8	ffc70713	addi	x14,x14,-4	 x14:0x00000008 x14=0x00000004
       24315000	      2430	800007ac	ca2e4a97	auipc	x21,0xca2e4	 x21=0x4a2e47a8
       24325000	      2431	800007b0	00979c93	slli	x25,x15,0x9	 x15:0x00000001 x25=0x00000200
       24335000	      2432	800007b4	ff7774e3	bgeu	x14,x23,8000079c	 x14:0x00000004 x23:0x00000006
       24345000	      2433	800007b8	83994693	xori	x13,x18,-1991	 x18:0x00000001 x13=0xfffff838
       24355000	      2434	800007bc	fb354ce3	blt	x10,x19,80000774	 x10:0x0000000a x19:0x00000014
       24365000	      2435	00000000	00000013	addi	x0,x0,0	  x0:0x00000000
       24375000	      2436	80000770	00000013	addi	x0,x0,0	  x0:0x00000000
       24385000	      2437	80000774	00000013	addi	x0,x0,0	  x0:0x00000000
       24395000	      2438	80000778	00d5e3b3	or	x7,x11,x13	 x11:0xffffff75 x13:0xfffff838  x7=0xffffff7d
       24405000	      2439	8000077c	018c48b3	xor	x17,x24,x24	 x24:0xffffffec x24:0xffffffec x17=0x00000000
       24415000	      2440	80000780	41935933	sra	x18,x6,x25	  x6:0x00000000 x25:0x00000200 x18=0x00000000
       24425000	      2441	80000784	0104a913	slti	x18,x9,16	  x9:0x00000000 x18=0x00000001
       24435000	      2442	80000788	00350513	addi	x10,x10,3	 x10:0x0000000a x10=0x0000000d
       24445000	      2443	8000078c	00800713	addi	x14,x0,8	  x0:0x00000000 x14=0x00000008
       24455000	      2444	80000790	0008ae33	slt	x28,x17,x0	 x17:0x00000000  x0:0x00000000 x28=0x00000000
       24465000	      2445	80000794	00600b93	addi	x23,x0,6	  x0:0x00000000 x23=0x00000006
       24475000	      2446	80000798	416c8b33	sub	x22,x25,x22	 x25:0x00000200 x22:0x0000025c x22=0xffffffa4
       24485000	      2447	8000079c	00d26f33	or	x30,x4,x13	  x4:0x80009fc4 x13:0xfffff838 x30=0xfffffffc
       24495000	      2448	800007a0	a5d60e13	addi	x28,x12,-1443	 x12:0x7ffd6b70 x28=0x7ffd65cd
       24505000	      2449	800007a4	004ea7b3	slt	x15,x29,x4	 x29:0x80009f7c  x4:0x80009fc4 x15=0x00000001
       24515000	      2450	800007a8	ffc70713	addi	x14,x14,-4	 x14:0x00000008 x14=0x00000004
       24525000	      2451	800007ac	ca2e4a97	auipc	x21,0xca2e4	 x21=0x4a2e47a8
       24535000	      2452	800007b0	00979c93	slli	x25,x15,0x9	 x15:0x00000001 x25=0x00000200
       24545000	      2453	800007b4	ff7774e3	bgeu	x14,x23,8000079c	 x14:0x00000004 x23:0x00000006
       24555000	      2454	800007b8	83994693	xori	x13,x18,-1991	 x18:0x00000001 x13=0xfffff838
       24565000	      2455	800007bc	fb354ce3	blt	x10,x19,80000774	 x10:0x0000000d x19:0x00000014
       24575000	      2456	00000000	00000013	addi	x0,x0,0	  x0:0x00000000
       24585000	      2457	80000770	00000013	addi	x0,x0,0	  x0:0x00000000
       24595000	      2458	80000774	00000013	addi	x0,x0,0	  x0:0x00000000
       24605000	      2459	80000778	00d5e3b3	or	x7,x11,x13	 x11:0xffffff75 x13:0xfffff838  x7=0xffffff7d
       24615000	      2460	8000077c	018c48b3	xor	x17,x24,x24	 x24:0xffffffec x24:0xffffffec x17=0x00000000
       24625000	      2461	80000780	41935933	sra	x18,x6,x25	  x6:0x00000000 x25:0x00000200 x18=0x00000000
       24635000	      2462	80000784	0104a913	slti	x18,x9,16	  x9:0x00000000 x18=0x00000001
       24645000	      2463	80000788	00350513	addi	x10,x10,3	 x10:0x0000000d x10=0x00000010
       24655000	      2464	8000078c	00800713	addi	x14,x0,8	  x0:0x00000000 x14=0x00000008
       24665000	      2465	80000790	0008ae33	slt	x28,x17,x0	 x17:0x00000000  x0:0x00000000 x28=0x00000000
       24675000	      2466	80000794	00600b93	addi	x23,x0,6	  x0:0x00000000 x23=0x00000006
       24685000	      2467	80000798	416c8b33	sub	x22,x25,x22	 x25:0x00000200 x22:0xffffffa4 x22=0x0000025c
       24695000	      2468	8000079c	00d26f33	or	x30,x4,x13	  x4:0x80009fc4 x13:0xfffff838 x30=0xfffffffc
       24705000	      2469	800007a0	a5d60e13	addi	x28,x12,-1443	 x12:0x7ffd6b70 x28=0x7ffd65cd
       24715000	      2470	800007a4	004ea7b3	slt	x15,x29,x4	 x29:0x80009f7c  x4:0x80009fc4 x15=0x00000001
       24725000	      2471	800007a8	ffc70713	addi	x14,x14,-4	 x14:0x00000008 x14=0x00000004
       24735000	      2472	800007ac	ca2e4a97	auipc	x21,0xca2e4	 x21=0x4a2e47a8
       24745000	      2473	800007b0	00979c93	slli	x25,x15,0x9	 x15:0x00000001 x25=0x00000200
       24755000	      2474	800007b4	ff7774e3	bgeu	x14,x23,8000079c	 x14:0x00000004 x23:0x00000006
       24765000	      2475	800007b8	83994693	xori	x13,x18,-1991	 x18:0x00000001 x13=0xfffff838
       24775000	      2476	800007bc	fb354ce3	blt	x10,x19,80000774	 x10:0x00000010 x19:0x00000014
       24785000	      2477	00000000	00000013	addi	x0,x0,0	  x0:0x00000000
       24795000	      2478	80000770	00000013	addi	x0,x0,0	  x0:0x00000000
       24805000	      2479	80000774	00000013	addi	x0,x0,0	  x0:0x00000000
       24815000	      2480	80000778	00d5e3b3	or	x7,x11,x13	 x11:0xffffff75 x13:0xfffff838  x7=0xffffff7d
       24825000	      2481	8000077c	018c48b3	xor	x17,x24,x24	 x24:0xffffffec x24:0xffffffec x17=0x00000000
       24835000	      2482	80000780	41935933	sra	x18,x6,x25	  x6:0x00000000 x25:0x00000200 x18=0x00000000
       24845000	      2483	80000784	0104a913	slti	x18,x9,16	  x9:0x00000000 x18=0x00000001
       24855000	      2484	80000788	00350513	addi	x10,x10,3	 x10:0x00000010 x10=0x00000013
       24865000	      2485	8000078c	00800713	addi	x14,x0,8	  x0:0x00000000 x14=0x00000008
       24875000	      2486	80000790	0008ae33	slt	x28,x17,x0	 x17:0x00000000  x0:0x00000000 x28=0x00000000
       24885000	      2487	80000794	00600b93	addi	x23,x0,6	  x0:0x00000000 x23=0x00000006
       24895000	      2488	80000798	416c8b33	sub	x22,x25,x22	 x25:0x00000200 x22:0x0000025c x22=0xffffffa4
       24905000	      2489	8000079c	00d26f33	or	x30,x4,x13	  x4:0x80009fc4 x13:0xfffff838 x30=0xfffffffc
       24915000	      2490	800007a0	a5d60e13	addi	x28,x12,-1443	 x12:0x7ffd6b70 x28=0x7ffd65cd
       24925000	      2491	800007a4	004ea7b3	slt	x15,x29,x4	 x29:0x80009f7c  x4:0x80009fc4 x15=0x00000001
       24935000	      2492	800007a8	ffc70713	addi	x14,x14,-4	 x14:0x00000008 x14=0x00000004
       24945000	      2493	800007ac	ca2e4a97	auipc	x21,0xca2e4	 x21=0x4a2e47a8
       24955000	      2494	800007b0	00979c93	slli	x25,x15,0x9	 x15:0x00000001 x25=0x00000200
       24965000	      2495	800007b4	ff7774e3	bgeu	x14,x23,8000079c	 x14:0x00000004 x23:0x00000006
       24975000	      2496	800007b8	83994693	xori	x13,x18,-1991	 x18:0x00000001 x13=0xfffff838
       24985000	      2497	800007bc	fb354ce3	blt	x10,x19,80000774	 x10:0x00000013 x19:0x00000014
       24995000	      2498	00000000	00000013	addi	x0,x0,0	  x0:0x00000000
       25005000	      2499	80000770	00000013	addi	x0,x0,0	  x0:0x00000000
       25015000	      2500	80000774	00000013	addi	x0,x0,0	  x0:0x00000000
       25025000	      2501	80000778	00d5e3b3	or	x7,x11,x13	 x11:0xffffff75 x13:0xfffff838  x7=0xffffff7d
       25035000	      2502	8000077c	018c48b3	xor	x17,x24,x24	 x24:0xffffffec x24:0xffffffec x17=0x00000000
       25045000	      2503	80000780	41935933	sra	x18,x6,x25	  x6:0x00000000 x25:0x00000200 x18=0x00000000
       25055000	      2504	80000784	0104a913	slti	x18,x9,16	  x9:0x00000000 x18=0x00000001
       25065000	      2505	80000788	00350513	addi	x10,x10,3	 x10:0x00000013 x10=0x00000016
       25075000	      2506	8000078c	00800713	addi	x14,x0,8	  x0:0x00000000 x14=0x00000008
       25085000	      2507	80000790	0008ae33	slt	x28,x17,x0	 x17:0x00000000  x0:0x00000000 x28=0x00000000
       25095000	      2508	80000794	00600b93	addi	x23,x0,6	  x0:0x00000000 x23=0x00000006
       25105000	      2509	80000798	416c8b33	sub	x22,x25,x22	 x25:0x00000200 x22:0xffffffa4 x22=0x0000025c
       25115000	      2510	8000079c	00d26f33	or	x30,x4,x13	  x4:0x80009fc4 x13:0xfffff838 x30=0xfffffffc
       25125000	      2511	800007a0	a5d60e13	addi	x28,x12,-1443	 x12:0x7ffd6b70 x28=0x7ffd65cd
       25135000	      2512	800007a4	004ea7b3	slt	x15,x29,x4	 x29:0x80009f7c  x4:0x80009fc4 x15=0x00000001
       25145000	      2513	800007a8	ffc70713	addi	x14,x14,-4	 x14:0x00000008 x14=0x00000004
       25155000	      2514	800007ac	ca2e4a97	auipc	x21,0xca2e4	 x21=0x4a2e47a8
       25165000	      2515	800007b0	00979c93	slli	x25,x15,0x9	 x15:0x00000001 x25=0x00000200
       25175000	      2516	800007b4	ff7774e3	bgeu	x14,x23,8000079c	 x14:0x00000004 x23:0x00000006
       25185000	      2517	800007b8	83994693	xori	x13,x18,-1991	 x18:0x00000001 x13=0xfffff838
       25195000	      2518	800007bc	fb354ce3	blt	x10,x19,80000774	 x10:0x00000016 x19:0x00000014
       25205000	      2519	800007c0	5c614793	xori	x15,x2,1478	  x2:0x80000590 x15=0x80000056
       25215000	      2520	800007c4	00300913	addi	x18,x0,3	  x0:0x00000000 x18=0x00000003
       25225000	      2521	800007c8	cc190093	addi	x1,x18,-831	 x18:0x00000003  x1=0xfffffcc4
       25235000	      2522	800007cc	41068b13	addi	x22,x13,1040	 x13:0xfffff838 x22=0xfffffc48
       25245000	      2523	800007d0	00300d13	addi	x26,x0,3	  x0:0x00000000 x26=0x00000003
       25255000	      2524	800007d4	6cd79437	lui	x8,0x6cd79	  x8=0x6cd79000
       25265000	      2525	800007d8	00000013	addi	x0,x0,0	  x0:0x00000000
       25275000	      2526	800007dc	ffe90913	addi	x18,x18,-2	 x18:0x00000003 x18=0x00000001
       25285000	      2527	800007e0	00700c13	addi	x24,x0,7	  x0:0x00000000 x24=0x00000007
       25295000	      2528	800007e4	01300993	addi	x19,x0,19	  x0:0x00000000 x19=0x00000013
       25305000	      2529	800007e8	40dfdf33	sra	x30,x31,x13	 x31:0x00000000 x13:0xfffff838 x30=0x00000000
       25315000	      2530	800007ec	01f2de13	srli	x28,x5,0x1f	  x5:0x00000000 x28=0x00000000
       25325000	      2531	800007f0	c0e53b93	sltiu	x23,x10,-1010	 x10:0x00000016 x23=0x00000001
       25335000	      2532	800007f4	57930b13	addi	x22,x6,1401	  x6:0x00000000 x22=0x00000579
       25345000	      2533	800007f8	004c0c13	addi	x24,x24,4	 x24:0x00000007 x24=0x0000000b
       25355000	      2534	800007fc	783d2593	slti	x11,x26,1923	 x26:0x00000003 x11=0x00000001
       25365000	      2535	80000800	ff3c08e3	beq	x24,x19,800007f0	 x24:0x0000000b x19:0x00000013
       25375000	      2536	80000804	41135693	srai	x13,x6,0x11	  x6:0x00000000 x13=0x00000000
       25385000	      2537	80000808	fda976e3	bgeu	x18,x26,800007d4	 x18:0x00000001 x26:0x00000003
       25395000	      2538	8000080c	638b3b93	sltiu	x23,x22,1592	 x22:0x00000579 x23=0x00000001
       25405000	      2539	80000810	ffb00a13	addi	x20,x0,-5	  x0:0x00000000 x20=0xfffffffb
       25415000	      2540	80000814	65c28f13	addi	x30,x5,1628	  x5:0x00000000 x30=0x0000065c
       25425000	      2541	80000818	ededb397	auipc	x7,0xededb	  x7=0x6dedb814
       25435000	      2542	8000081c	d2d71d37	lui	x26,0xd2d71	 x26=0xd2d71000
       25445000	      2543	80000820	baa92c93	slti	x25,x18,-1110	 x18:0x00000001 x25=0x00000000
       25455000	      2544	80000824	01c89b33	sll	x22,x17,x28	 x17:0x00000000 x28:0x00000000 x22=0x00000000
       25465000	      2545	80000828	370ac993	xori	x19,x21,880	 x21:0x4a2e47a8 x19=0x4a2e44d8
       25475000	      2546	8000082c	00179913	slli	x18,x15,0x1	 x15:0x80000056 x18=0x000000ac
       25485000	      2547	80000830	01904633	xor	x12,x0,x25	  x0:0x00000000 x25:0x00000000 x12=0x00000000
       25495000	      2548	80000834	00bee333	or	x6,x29,x11	 x29:0x80009f7c x11:0x00000001  x6=0x80009f7d
       25505000	      2549	80000838	403fd413	srai	x8,x31,0x3	 x31:0x00000000  x8=0x00000000
       25515000	      2550	8000083c	0dcb8613	addi	x12,x23,220	 x23:0x00000001 x12=0x000000dd
       25525000	      2551	80000840	ff900c13	addi	x24,x0,-7	  x0:0x00000000 x24=0xfffffff9
       25535000	      2552	80000844	046df013	andi	x0,x27,70	 x27:0xffffffff
       25545000	      2553	80000848	40e104b3	sub	x9,x2,x14	  x2:0x80000590 x14:0x00000004  x9=0x8000058c
       25555000	      2554	8000084c	fffa0a13	addi	x20,x20,-1	 x20:0xfffffffb x20=0xfffffffa
       25565000	      2555	80000850	002c88b3	add	x17,x25,x2	 x25:0x00000000  x2:0x80000590 x17=0x80000590
       25575000	      2556	80000854	fea30597	auipc	x11,0xfea30	 x11=0x7ea30850
       25585000	      2557	80000858	41f8db13	srai	x22,x17,0x1f	 x17:0x80000590 x22=0xffffffff
       25595000	      2558	8000085c	001b8bb3	add	x23,x23,x1	 x23:0x00000001  x1:0xfffffcc4 x23=0xfffffcc5
       25605000	      2559	80000860	010613b3	sll	x7,x12,x16	 x12:0x000000dd x16:0x00000001  x7=0x000001ba
       25615000	      2560	80000864	418402b3	sub	x5,x8,x24	  x8:0x00000000 x24:0xfffffff9  x5=0x00000007
       25625000	      2561	80000868	00000013	addi	x0,x0,0	  x0:0x00000000
       25635000	      2562	8000086c	e4baf893	andi	x17,x21,-437	 x21:0x4a2e47a8 x17=0x4a2e4608
       25645000	      2563	80000870	007a32b3	sltu	x5,x20,x7	 x20:0xfffffffa  x7:0x000001ba  x5=0x00000000
       25655000	      2564	80000874	c4fab913	sltiu	x18,x21,-945	 x21:0x4a2e47a8 x18=0x00000001
       25665000	      2565	80000878	fd8a56e3	bge	x20,x24,80000844	 x20:0xfffffffa x24:0xfffffff9
       25675000	      2566	00000000	00000013	addi	x0,x0,0	  x0:0x00000000
       25685000	      2567	80000840	00000013	addi	x0,x0,0	  x0:0x00000000
       25695000	      2568	80000844	046df013	andi	x0,x27,70	 x27:0xffffffff
       25705000	      2569	80000848	40e104b3	sub	x9,x2,x14	  x2:0x80000590 x14:0x00000004  x9=0x8000058c
       25715000	      2570	8000084c	fffa0a13	addi	x20,x20,-1	 x20:0xfffffffa x20=0xfffffff9
       25725000	      2571	80000850	002c88b3	add	x17,x25,x2	 x25:0x00000000  x2:0x80000590 x17=0x80000590
       25735000	      2572	80000854	fea30597	auipc	x11,0xfea30	 x11=0x7ea30850
       25745000	      2573	80000858	41f8db13	srai	x22,x17,0x1f	 x17:0x80000590 x22=0xffffffff
       25755000	      2574	8000085c	001b8bb3	add	x23,x23,x1	 x23:0xfffffcc5  x1:0xfffffcc4 x23=0xfffff989
       25765000	      2575	80000860	010613b3	sll	x7,x12,x16	 x12:0x000000dd x16:0x00000001  x7=0x000001ba
       25775000	      2576	80000864	418402b3	sub	x5,x8,x24	  x8:0x00000000 x24:0xfffffff9  x5=0x00000007
       25785000	      2577	80000868	00000013	addi	x0,x0,0	  x0:0x00000000
       25795000	      2578	8000086c	e4baf893	andi	x17,x21,-437	 x21:0x4a2e47a8 x17=0x4a2e4608
       25805000	      2579	80000870	007a32b3	sltu	x5,x20,x7	 x20:0xfffffff9  x7:0x000001ba  x5=0x00000000
       25815000	      2580	80000874	c4fab913	sltiu	x18,x21,-945	 x21:0x4a2e47a8 x18=0x00000001
       25825000	      2581	80000878	fd8a56e3	bge	x20,x24,80000844	 x20:0xfffffff9 x24:0xfffffff9
       25835000	      2582	00000000	00000013	addi	x0,x0,0	  x0:0x00000000
       25845000	      2583	80000840	00000013	addi	x0,x0,0	  x0:0x00000000
       25855000	      2584	80000844	046df013	andi	x0,x27,70	 x27:0xffffffff
       25865000	      2585	80000848	40e104b3	sub	x9,x2,x14	  x2:0x80000590 x14:0x00000004  x9=0x8000058c
       25875000	      2586	8000084c	fffa0a13	addi	x20,x20,-1	 x20:0xfffffff9 x20=0xfffffff8
       25885000	      2587	80000850	002c88b3	add	x17,x25,x2	 x25:0x00000000  x2:0x80000590 x17=0x80000590
       25895000	      2588	80000854	fea30597	auipc	x11,0xfea30	 x11=0x7ea30850
       25905000	      2589	80000858	41f8db13	srai	x22,x17,0x1f	 x17:0x80000590 x22=0xffffffff
       25915000	      2590	8000085c	001b8bb3	add	x23,x23,x1	 x23:0xfffff989  x1:0xfffffcc4 x23=0xfffff64d
       25925000	      2591	80000860	010613b3	sll	x7,x12,x16	 x12:0x000000dd x16:0x00000001  x7=0x000001ba
       25935000	      2592	80000864	418402b3	sub	x5,x8,x24	  x8:0x00000000 x24:0xfffffff9  x5=0x00000007
       25945000	      2593	80000868	00000013	addi	x0,x0,0	  x0:0x00000000
       25955000	      2594	8000086c	e4baf893	andi	x17,x21,-437	 x21:0x4a2e47a8 x17=0x4a2e4608
       25965000	      2595	80000870	007a32b3	sltu	x5,x20,x7	 x20:0xfffffff8  x7:0x000001ba  x5=0x00000000
       25975000	      2596	80000874	c4fab913	sltiu	x18,x21,-945	 x21:0x4a2e47a8 x18=0x00000001
       25985000	      2597	80000878	fd8a56e3	bge	x20,x24,80000844	 x20:0xfffffff8 x24:0xfffffff9
       25995000	      2598	8000087c	0041c9b3	xor	x19,x3,x4	  x3:0x00000000  x4:0x80009fc4 x19=0x80009fc4
       26005000	      2599	80000880	00700493	addi	x9,x0,7	  x0:0x00000000  x9=0x00000007
       26015000	      2600	80000884	0103d193	srli	x3,x7,0x10	  x7:0x000001ba  x3=0x00000000
       26025000	      2601	80000888	01e98cb3	add	x25,x19,x30	 x19:0x80009fc4 x30:0x0000065c x25=0x8000a620
       26035000	      2602	8000088c	00700893	addi	x17,x0,7	  x0:0x00000000 x17=0x00000007
       26045000	      2603	80000890	ee366413	ori	x8,x12,-285	 x12:0x000000dd  x8=0xfffffeff
       26055000	      2604	80000894	53f14093	xori	x1,x2,1343	  x2:0x80000590  x1=0x800000af
       26065000	      2605	80000898	00000013	addi	x0,x0,0	  x0:0x00000000
       26075000	      2606	8000089c	01d8c433	xor	x8,x17,x29	 x17:0x00000007 x29:0x80009f7c  x8=0x80009f7b
       26085000	      2607	800008a0	41a10c33	sub	x24,x2,x26	  x2:0x80000590 x26:0xd2d71000 x24=0xad28f590
       26095000	      2608	800008a4	ffb48493	addi	x9,x9,-5	  x9:0x00000007  x9=0x00000002
       26105000	      2609	800008a8	00629db3	sll	x27,x5,x6	  x5:0x00000000  x6:0x80009f7d x27=0x00000000
       26115000	      2610	800008ac	00400713	addi	x14,x0,4	  x0:0x00000000 x14=0x00000004
       26125000	      2611	800008b0	00700593	addi	x11,x0,7	  x0:0x00000000 x11=0x00000007
       26135000	      2612	800008b4	41ea5833	sra	x16,x20,x30	 x20:0xfffffff8 x30:0x0000065c x16=0xffffffff
       26145000	      2613	800008b8	a34afa13	andi	x20,x21,-1484	 x21:0x4a2e47a8 x20=0x4a2e4220
       26155000	      2614	800008bc	998cd037	lui	x0,0x998cd	
       26165000	      2615	800008c0	00cdea33	or	x20,x27,x12	 x27:0x00000000 x12:0x000000dd x20=0x000000dd
       26175000	      2616	800008c4	00970713	addi	x14,x14,9	 x14:0x00000004 x14=0x0000000d
       26185000	      2617	800008c8	fd6e7a37	lui	x20,0xfd6e7	 x20=0xfd6e7000
       26195000	      2618	800008cc	9bb08013	addi	x0,x1,-1605	  x1:0x800000af
       26205000	      2619	800008d0	406adc13	srai	x24,x21,0x6	 x21:0x4a2e47a8 x24=0x0128b91e
       26215000	      2620	800008d4	feb744e3	blt	x14,x11,800008bc	 x14:0x0000000d x11:0x00000007
       26225000	      2621	800008d8	2af6c413	xori	x8,x13,687	 x13:0x00000000  x8=0x000002af
       26235000	      2622	800008dc	1a088193	addi	x3,x17,416	 x17:0x00000007  x3=0x000001a7
       26245000	      2623	800008e0	bbfcfb13	andi	x22,x25,-1089	 x25:0x8000a620 x22=0x8000a220
       26255000	      2624	800008e4	fb14f8e3	bgeu	x9,x17,80000894	  x9:0x00000002 x17:0x00000007
       26265000	      2625	800008e8	09aefbb7	lui	x23,0x9aef	 x23=0x09aef000
       26275000	      2626	800008ec	00500a13	addi	x20,x0,5	  x0:0x00000000 x20=0x00000005
       26285000	      2627	800008f0	00c57033	and	x0,x10,x12	 x10:0x00000016 x12:0x000000dd
       26295000	      2628	800008f4	015d9a93	slli	x21,x27,0x15	 x27:0x00000000 x21=0x00000000
       26305000	      2629	800008f8	00400b93	addi	x23,x0,4	  x0:0x00000000 x23=0x00000004
       26315000	      2630	800008fc	012fa033	slt	x0,x31,x18	 x31:0x00000000 x18:0x00000001
       26325000	      2631	80000900	00288f33	add	x30,x17,x2	 x17:0x00000007  x2:0x80000590 x30=0x80000597
       26335000	      2632	80000904	ffda0a13	addi	x20,x20,-3	 x20:0x00000005 x20=0x00000002
       26345000	      2633	80000908	0509c913	xori	x18,x19,80	 x19:0x80009fc4 x18=0x80009f94
       26355000	      2634	8000090c	ff7a78e3	bgeu	x20,x23,800008fc	 x20:0x00000002 x23:0x00000004
       26365000	      2635	80000910	1551f093	andi	x1,x3,341	  x3:0x000001a7  x1=0x00000105
       26375000	      2636	80000914	00300c93	addi	x25,x0,3	  x0:0x00000000 x25=0x00000003
       26385000	      2637	80000918	00a00493	addi	x9,x0,10	  x0:0x00000000  x9=0x0000000a
       26395000	      2638	8000091c	244eb793	sltiu	x15,x29,580	 x29:0x80009f7c x15=0x00000000
       26405000	      2639	80000920	0067c593	xori	x11,x15,6	 x15:0x00000000 x11=0x00000006
       26415000	      2640	80000924	009c8c93	addi	x25,x25,9	 x25:0x00000003 x25=0x0000000c
       26425000	      2641	80000928	00a00913	addi	x18,x0,10	  x0:0x00000000 x18=0x0000000a
       26435000	      2642	8000092c	00a00b13	addi	x22,x0,10	  x0:0x00000000 x22=0x0000000a
       26445000	      2643	80000930	0103b833	sltu	x16,x7,x16	  x7:0x000001ba x16:0xffffffff x16=0x00000001
       26455000	      2644	80000934	ff790913	addi	x18,x18,-9	 x18:0x0000000a x18=0x00000001
       26465000	      2645	80000938	ff697ce3	bgeu	x18,x22,80000930	 x18:0x00000001 x22:0x0000000a
       26475000	      2646	8000093c	fe9ce2e3	bltu	x25,x9,80000920	 x25:0x0000000c  x9:0x0000000a
       26485000	      2647	80000940	4e0b7193	andi	x3,x22,1248	 x22:0x0000000a  x3=0x00000000
       26495000	      2648	80000944	00400b93	addi	x23,x0,4	  x0:0x00000000 x23=0x00000004
       26505000	      2649	80000948	e7f7ab13	slti	x22,x15,-385	 x15:0x00000000 x22=0x00000000
       26515000	      2650	8000094c	01e3ce33	xor	x28,x7,x30	  x7:0x000001ba x30:0x80000597 x28=0x8000042d
       26525000	      2651	80000950	65aea013	slti	x0,x29,1626	 x29:0x80009f7c
       26535000	      2652	80000954	01a729b3	slt	x19,x14,x26	 x14:0x0000000d x26:0xd2d71000 x19=0x00000000
       26545000	      2653	80000958	e83c2f17	auipc	x30,0xe83c2	 x30=0x683c2954
       26555000	      2654	8000095c	002eef33	or	x30,x29,x2	 x29:0x80009f7c  x2:0x80000590 x30=0x80009ffc
       26565000	      2655	80000960	4166d2b3	sra	x5,x13,x22	 x13:0x00000000 x22:0x00000000  x5=0x00000000
       26575000	      2656	80000964	c2ece613	ori	x12,x25,-978	 x25:0x0000000c x12=0xfffffc2e
       26585000	      2657	80000968	6339a613	slti	x12,x19,1587	 x19:0x00000000 x12=0x00000001
       26595000	      2658	8000096c	00b2e1b3	or	x3,x5,x11	  x5:0x00000000 x11:0x00000006  x3=0x00000006
       26605000	      2659	80000970	013c6033	or	x0,x24,x19	 x24:0x0128b91e x19:0x00000000
       26615000	      2660	80000974	402ad293	srai	x5,x21,0x2	 x21:0x00000000  x5=0x00000000
       26625000	      2661	80000978	00e00493	addi	x9,x0,14	  x0:0x00000000  x9=0x0000000e
       26635000	      2662	8000097c	00254c33	xor	x24,x10,x2	 x10:0x00000016  x2:0x80000590 x24=0x80000586
       26645000	      2663	80000980	0076ed33	or	x26,x13,x7	 x13:0x00000000  x7:0x000001ba x26=0x000001ba
       26655000	      2664	80000984	009127b3	slt	x15,x2,x9	  x2:0x80000590  x9:0x0000000e x15=0x00000001
       26665000	      2665	80000988	00932133	slt	x2,x6,x9	  x6:0x80009f7d  x9:0x0000000e  x2=0x00000001
       26675000	      2666	8000098c	00545813	srli	x16,x8,0x5	  x8:0x000002af x16=0x00000015
       26685000	      2667	80000990	fc076c13	ori	x24,x14,-64	 x14:0x0000000d x24=0xffffffcd
       26695000	      2668	80000994	00ab8b93	addi	x23,x23,10	 x23:0x00000004 x23=0x0000000e
       26705000	      2669	80000998	91bb3713	sltiu	x14,x22,-1765	 x22:0x00000000 x14=0x00000001
       26715000	      2670	8000099c	6c3f2993	slti	x19,x30,1731	 x30:0x80009ffc x19=0x00000001
       26725000	      2671	800009a0	013dfa33	and	x20,x27,x19	 x27:0x00000000 x19:0x00000001 x20=0x00000000
       26735000	      2672	800009a4	01f71993	slli	x19,x14,0x1f	 x14:0x00000001 x19=0x80000000
       26745000	      2673	800009a8	fc9b8ce3	beq	x23,x9,80000980	 x23:0x0000000e  x9:0x0000000e
       26755000	      2674	00000000	00000013	addi	x0,x0,0	  x0:0x00000000
       26765000	      2675	8000097c	00000013	addi	x0,x0,0	  x0:0x00000000
       26775000	      2676	80000980	0076ed33	or	x26,x13,x7	 x13:0x00000000  x7:0x000001ba x26=0x000001ba
       26785000	      2677	80000984	009127b3	slt	x15,x2,x9	  x2:0x00000001  x9:0x0000000e x15=0x00000001
       26795000	      2678	80000988	00932133	slt	x2,x6,x9	  x6:0x80009f7d  x9:0x0000000e  x2=0x00000001
       26805000	      2679	8000098c	00545813	srli	x16,x8,0x5	  x8:0x000002af x16=0x00000015
       26815000	      2680	80000990	fc076c13	ori	x24,x14,-64	 x14:0x00000001 x24=0xffffffc1
       26825000	      2681	80000994	00ab8b93	addi	x23,x23,10	 x23:0x0000000e x23=0x00000018
       26835000	      2682	80000998	91bb3713	sltiu	x14,x22,-1765	 x22:0x00000000 x14=0x00000001
       26845000	      2683	8000099c	6c3f2993	slti	x19,x30,1731	 x30:0x80009ffc x19=0x00000001
       26855000	      2684	800009a0	013dfa33	and	x20,x27,x19	 x27:0x00000000 x19:0x00000001 x20=0x00000000
       26865000	      2685	800009a4	01f71993	slli	x19,x14,0x1f	 x14:0x00000001 x19=0x80000000
       26875000	      2686	800009a8	fc9b8ce3	beq	x23,x9,80000980	 x23:0x00000018  x9:0x0000000e
       26885000	      2687	800009ac	ed25c817	auipc	x16,0xed25c	 x16=0x6d25c9a8
       26895000	      2688	800009b0	ffa00593	addi	x11,x0,-6	  x0:0x00000000 x11=0xfffffffa
       26905000	      2689	800009b4	40a081b3	sub	x3,x1,x10	  x1:0x00000105 x10:0x00000016  x3=0x000000ef
       26915000	      2690	800009b8	005868b3	or	x17,x16,x5	 x16:0x6d25c9a8  x5:0x00000000 x17=0x6d25c9a8
       26925000	      2691	800009bc	ffa00493	addi	x9,x0,-6	  x0:0x00000000  x9=0xfffffffa
       26935000	      2692	800009c0	01c83793	sltiu	x15,x16,28	 x16:0x6d25c9a8 x15=0x00000000
       26945000	      2693	800009c4	8f6db013	sltiu	x0,x27,-1802	 x27:0x00000000
       26955000	      2694	800009c8	50ba0b93	addi	x23,x20,1291	 x20:0x00000000 x23=0x0000050b
       26965000	      2695	800009cc	c5267a93	andi	x21,x12,-942	 x12:0x00000001 x21=0x00000000
       26975000	      2696	800009d0	01b60433	add	x8,x12,x27	 x12:0x00000001 x27:0x00000000  x8=0x00000001
       26985000	      2697	800009d4	0018d9b3	srl	x19,x17,x1	 x17:0x6d25c9a8  x1:0x00000105 x19=0x03692e4d
       26995000	      2698	800009d8	466bfb97	auipc	x23,0x466bf	 x23=0xc66bf9d4
       27005000	      2699	800009dc	40935333	sra	x6,x6,x9	  x6:0x80009f7d  x9:0xfffffffa  x6=0xffffffe0
       27015000	      2700	800009e0	00e7a533	slt	x10,x15,x14	 x15:0x00000000 x14:0x00000001 x10=0x00000001
       27025000	      2701	800009e4	ff958593	addi	x11,x11,-7	 x11:0xfffffffa x11=0xfffffff3
       27035000	      2702	800009e8	00aebc33	sltu	x24,x29,x10	 x29:0x80009f7c x10:0x00000001 x24=0x00000000
       27045000	      2703	800009ec	01a37433	and	x8,x6,x26	  x6:0xffffffe0 x26:0x000001ba  x8=0x000001a0
       27055000	      2704	800009f0	4183dab3	sra	x21,x7,x24	  x7:0x000001ba x24:0x00000000 x21=0x000001ba
       27065000	      2705	800009f4	fc95d8e3	bge	x11,x9,800009c4	 x11:0xfffffff3  x9:0xfffffffa
       27075000	      2706	800009f8	00000013	addi	x0,x0,0	  x0:0x00000000
       27085000	      2707	800009fc	00100d93	addi	x27,x0,1	  x0:0x00000000 x27=0x00000001
       27095000	      2708	80000a00	01745833	srl	x16,x8,x23	  x8:0x000001a0 x23:0xc66bf9d4 x16=0x00000000
       27105000	      2709	80000a04	ff900b93	addi	x23,x0,-7	  x0:0x00000000 x23=0xfffffff9
       27115000	      2710	80000a08	010cc513	xori	x10,x25,16	 x25:0x0000000c x10=0x0000001c
       27125000	      2711	80000a0c	ff8d8d93	addi	x27,x27,-8	 x27:0x00000001 x27=0xfffffff9
       27135000	      2712	80000a10	ff7d8ce3	beq	x27,x23,80000a08	 x27:0xfffffff9 x23:0xfffffff9
       27145000	      2713	00000000	00000013	addi	x0,x0,0	  x0:0x00000000
       27155000	      2714	80000a04	00000013	addi	x0,x0,0	  x0:0x00000000
       27165000	      2715	80000a08	010cc513	xori	x10,x25,16	 x25:0x0000000c x10=0x0000001c
       27175000	      2716	80000a0c	ff8d8d93	addi	x27,x27,-8	 x27:0xfffffff9 x27=0xfffffff1
       27185000	      2717	80000a10	ff7d8ce3	beq	x27,x23,80000a08	 x27:0xfffffff1 x23:0xfffffff9
       27195000	      2718	80000a14	5d0afe13	andi	x28,x21,1488	 x21:0x000001ba x28=0x00000190
       27205000	      2719	80000a18	017718b3	sll	x17,x14,x23	 x14:0x00000001 x23:0xfffffff9 x17=0x02000000
       27215000	      2720	80000a1c	01ce8733	add	x14,x29,x28	 x29:0x80009f7c x28:0x00000190 x14=0x8000a10c
       27225000	      2721	80000a20	30d0a293	slti	x5,x1,781	  x1:0x00000105  x5=0x00000001
       27235000	      2722	80000a24	01b39813	slli	x16,x7,0x1b	  x7:0x000001ba x16=0xd0000000
       27245000	      2723	80000a28	8146ef13	ori	x30,x13,-2028	 x13:0x00000000 x30=0xfffff814
       27255000	      2724	80000a2c	b3ea6313	ori	x6,x20,-1218	 x20:0x00000000  x6=0xfffffb3e
       27265000	      2725	80000a30	00149d13	slli	x26,x9,0x1	  x9:0xfffffffa x26=0xfffffff4
       27275000	      2726	80000a34	00fbde13	srli	x28,x23,0xf	 x23:0xfffffff9 x28=0x0001ffff
       27285000	      2727	80000a38	01f96a63	bltu	x18,x31,80000a4c	 x18:0x00000001 x31:0x00000000
       27295000	      2728	80000a3c	00211ab3	sll	x21,x2,x2	  x2:0x00000001  x2:0x00000001 x21=0x00000002
       27305000	      2729	80000a40	a8a80893	addi	x17,x16,-1398	 x16:0xd0000000 x17=0xcffffa8a
       27315000	      2730	80000a44	009fb833	sltu	x16,x31,x9	 x31:0x00000000  x9:0xfffffffa x16=0x00000001
       27325000	      2731	80000a48	babe4b93	xori	x23,x28,-1109	 x28:0x0001ffff x23=0xfffe0454
       27335000	      2732	80000a4c	00314c63	blt	x2,x3,80000a64	  x2:0x00000001  x3:0x000000ef
       27345000	      2733	00000000	00000013	addi	x0,x0,0	  x0:0x00000000
       27355000	      2734	80000a60	00000013	addi	x0,x0,0	  x0:0x00000000
       27365000	      2735	80000a64	01725b33	srl	x22,x4,x23	  x4:0x80009fc4 x23:0xfffe0454 x22=0x00000800
       27375000	      2736	80000a68	aa6bff13	andi	x30,x23,-1370	 x23:0xfffe0454 x30=0xfffe0004
       27385000	      2737	80000a6c	00000013	addi	x0,x0,0	  x0:0x00000000
       27395000	      2738	80000a70	00000013	addi	x0,x0,0	  x0:0x00000000
       27405000	      2739	80000a74	05895063	bge	x18,x24,80000ab4	 x18:0x00000001 x24:0x00000000
       27415000	      2740	00000000	00000013	addi	x0,x0,0	  x0:0x00000000
       27425000	      2741	80000ab0	00000013	addi	x0,x0,0	  x0:0x00000000
       27435000	      2742	80000ab4	012bec63	bltu	x23,x18,80000acc	 x23:0xfffe0454 x18:0x00000001
       27445000	      2743	80000ab8	01327a63	bgeu	x4,x19,80000acc	  x4:0x80009fc4 x19:0x03692e4d
       27455000	      2744	00000000	00000013	addi	x0,x0,0	  x0:0x00000000
       27465000	      2745	80000ac8	00000013	addi	x0,x0,0	  x0:0x00000000
       27475000	      2746	80000acc	8aa1f813	andi	x16,x3,-1878	  x3:0x000000ef x16=0x000000aa
       27485000	      2747	80000ad0	034d6063	bltu	x26,x20,80000af0	 x26:0xfffffff4 x20:0x00000000
       27495000	      2748	80000ad4	640be493	ori	x9,x23,1600	 x23:0xfffe0454  x9=0xfffe0654
       27505000	      2749	80000ad8	05dd7063	bgeu	x26,x29,80000b18	 x26:0xfffffff4 x29:0x80009f7c
       27515000	      2750	00000000	00000013	addi	x0,x0,0	  x0:0x00000000
       27525000	      2751	80000b14	00000013	addi	x0,x0,0	  x0:0x00000000
       27535000	      2752	80000b18	0165d493	srli	x9,x11,0x16	 x11:0xfffffff3  x9=0x000003ff
       27545000	      2753	80000b1c	01791d33	sll	x26,x18,x23	 x18:0x00000001 x23:0xfffe0454 x26=0x00100000
       27555000	      2754	80000b20	01febab3	sltu	x21,x29,x31	 x29:0x80009f7c x31:0x00000000 x21=0x00000000
       27565000	      2755	80000b24	4b213f13	sltiu	x30,x2,1202	  x2:0x00000001 x30=0x00000001
       27575000	      2756	80000b28	03cfde63	bge	x31,x28,80000b64	 x31:0x00000000 x28:0x0001ffff
       27585000	      2757	80000b2c	010cce63	blt	x25,x16,80000b48	 x25:0x0000000c x16:0x000000aa
       27595000	      2758	00000000	00000013	addi	x0,x0,0	  x0:0x00000000
       27605000	      2759	80000b44	00000013	addi	x0,x0,0	  x0:0x00000000
       27615000	      2760	80000b48	00000013	addi	x0,x0,0	  x0:0x00000000
       27625000	      2761	80000b4c	05d3f663	bgeu	x7,x29,80000b98	  x7:0x000001ba x29:0x80009f7c
       27635000	      2762	80000b50	40960e33	sub	x28,x12,x9	 x12:0x00000001  x9:0x000003ff x28=0xfffffc02
       27645000	      2763	80000b54	0154ec33	or	x24,x9,x21	  x9:0x000003ff x21:0x00000000 x24=0x000003ff
       27655000	      2764	80000b58	00dd8a33	add	x20,x27,x13	 x27:0xfffffff1 x13:0x00000000 x20=0xfffffff1
       27665000	      2765	80000b5c	014326b3	slt	x13,x6,x20	  x6:0xfffffb3e x20:0xfffffff1 x13=0x00000001
       27675000	      2766	80000b60	04cf5663	bge	x30,x12,80000bac	 x30:0x00000001 x12:0x00000001
       27685000	      2767	00000000	00000013	addi	x0,x0,0	  x0:0x00000000
       27695000	      2768	80000ba8	00000013	addi	x0,x0,0	  x0:0x00000000
       27705000	      2769	80000bac	0100cbb3	xor	x23,x1,x16	  x1:0x00000105 x16:0x000000aa x23=0x000001af
       27715000	      2770	80000bb0	00ba2db3	slt	x27,x20,x11	 x20:0xfffffff1 x11:0xfffffff3 x27=0x00000001
       27725000	      2771	80000bb4	4192d013	srai	x0,x5,0x19	  x5:0x00000001
       27735000	      2772	80000bb8	804af413	andi	x8,x21,-2044	 x21:0x00000000  x8=0x00000000
       27745000	      2773	80000bbc	01942b33	slt	x22,x8,x25	  x8:0x00000000 x25:0x0000000c x22=0x00000001
       27755000	      2774	80000bc0	41a9db13	srai	x22,x19,0x1a	 x19:0x03692e4d x22=0x00000000
       27765000	      2775	80000bc4	14fa4693	xori	x13,x20,335	 x20:0xfffffff1 x13=0xfffffebe
       27775000	      2776	80000bc8	11284293	xori	x5,x16,274	 x16:0x000000aa  x5=0x000001b8
       27785000	      2777	80000bcc	39a8eb13	ori	x22,x17,922	 x17:0xcffffa8a x22=0xcffffb9a
       27795000	      2778	80000bd0	05de1463	bne	x28,x29,80000c18	 x28:0xfffffc02 x29:0x80009f7c
       27805000	      2779	00000000	00000013	addi	x0,x0,0	  x0:0x00000000
       27815000	      2780	80000c14	00000013	addi	x0,x0,0	  x0:0x00000000
       27825000	      2781	80000c18	403c5093	srai	x1,x24,0x3	 x24:0x000003ff  x1=0x0000007f
       27835000	      2782	80000c1c	413a8933	sub	x18,x21,x19	 x21:0x00000000 x19:0x03692e4d x18=0xfc96d1b3
       27845000	      2783	80000c20	01e75733	srl	x14,x14,x30	 x14:0x8000a10c x30:0x00000001 x14=0x40005086
       27855000	      2784	80000c24	00cdab33	slt	x22,x27,x12	 x27:0x00000001 x12:0x00000001 x22=0x00000000
       27865000	      2785	80000c28	015a1e13	slli	x28,x20,0x15	 x20:0xfffffff1 x28=0xfe200000
       27875000	      2786	80000c2c	df718a93	addi	x21,x3,-521	  x3:0x000000ef x21=0xfffffee6
       27885000	      2787	80000c30	011795b3	sll	x11,x15,x17	 x15:0x00000000 x17:0xcffffa8a x11=0x00000000
       27895000	      2788	80000c34	000f5413	srli	x8,x30,0x0	 x30:0x00000001  x8=0x00000001
       27905000	      2789	80000c38	00c36d33	or	x26,x6,x12	  x6:0xfffffb3e x12:0x00000001 x26=0xfffffb3f
       27915000	      2790	80000c3c	0352f463	bgeu	x5,x21,80000c64	  x5:0x000001b8 x21:0xfffffee6
       27925000	      2791	80000c40	00da99b3	sll	x19,x21,x13	 x21:0xfffffee6 x13:0xfffffebe x19=0x80000000
       27935000	      2792	80000c44	0056b0b3	sltu	x1,x13,x5	 x13:0xfffffebe  x5:0x000001b8  x1=0x00000000
       27945000	      2793	80000c48	01421313	slli	x6,x4,0x14	  x4:0x80009fc4  x6=0xfc400000
       27955000	      2794	80000c4c	00e25d13	srli	x26,x4,0xe	  x4:0x80009fc4 x26=0x00020002
       27965000	      2795	80000c50	001ab133	sltu	x2,x21,x1	 x21:0xfffffee6  x1:0x00000000  x2=0x00000000
       27975000	      2796	80000c54	d2582313	slti	x6,x16,-731	 x16:0x000000aa  x6=0x00000000
       27985000	      2797	80000c58	2e25eb93	ori	x23,x11,738	 x11:0x00000000 x23=0x000002e2
       27995000	      2798	80000c5c	325c5e37	lui	x28,0x325c5	 x28=0x325c5000
       28005000	      2799	80000c60	3fafe313	ori	x6,x31,1018	 x31:0x00000000  x6=0x000003fa
       28015000	      2800	80000c64	40b45913	srai	x18,x8,0xb	  x8:0x00000001 x18=0x00000000
       28025000	      2801	80000c68	311deb13	ori	x22,x27,785	 x27:0x00000001 x22=0x00000311
       28035000	      2802	80000c6c	016b1333	sll	x6,x22,x22	 x22:0x00000311 x22:0x00000311  x6=0x06220000
       28045000	      2803	80000c70	40200c33	sub	x24,x0,x2	  x0:0x00000000  x2:0x00000000 x24=0x00000000
       28055000	      2804	80000c74	00000013	addi	x0,x0,0	  x0:0x00000000
       28065000	      2805	80000c78	02fb9c63	bne	x23,x15,80000cb0	 x23:0x000002e2 x15:0x00000000
       28075000	      2806	00000000	00000013	addi	x0,x0,0	  x0:0x00000000
       28085000	      2807	80000cac	00000013	addi	x0,x0,0	  x0:0x00000000
       28095000	      2808	80000cb0	40e35133	sra	x2,x6,x14	  x6:0x06220000 x14:0x40005086  x2=0x00188800
       28105000	      2809	80000cb4	2a96a713	slti	x14,x13,681	 x13:0xfffffebe x14=0x00000001
       28115000	      2810	80000cb8	08280a63	beq	x16,x2,80000d4c	 x16:0x000000aa  x2:0x00188800
       28125000	      2811	80000cbc	00100e13	addi	x28,x0,1	  x0:0x00000000 x28=0x00000001
       28135000	      2812	80000cc0	01f79513	slli	x10,x15,0x1f	 x15:0x00000000 x10=0x00000000
       28145000	      2813	80000cc4	13d74d93	xori	x27,x14,317	 x14:0x00000001 x27=0x0000013c
       28155000	      2814	80000cc8	4006d333	sra	x6,x13,x0	 x13:0xfffffebe  x0:0x00000000  x6=0xfffffebe
       28165000	      2815	80000ccc	010f2933	slt	x18,x30,x16	 x30:0x00000001 x16:0x000000aa x18=0x00000001
       28175000	      2816	80000cd0	0052a3b3	slt	x7,x5,x5	  x5:0x000001b8  x5:0x000001b8  x7=0x00000000
       28185000	      2817	80000cd4	00000013	addi	x0,x0,0	  x0:0x00000000
       28195000	      2818	80000cd8	29a70793	addi	x15,x14,666	 x14:0x00000001 x15=0x0000029b
       28205000	      2819	80000cdc	00000013	addi	x0,x0,0	  x0:0x00000000
       28215000	      2820	80000ce0	a37da193	slti	x3,x27,-1481	 x27:0x0000013c  x3=0x00000000
       28225000	      2821	80000ce4	ff500b93	addi	x23,x0,-11	  x0:0x00000000 x23=0xfffffff5
       28235000	      2822	80000ce8	01936933	or	x18,x6,x25	  x6:0xfffffebe x25:0x0000000c x18=0xfffffebe
       28245000	      2823	80000cec	000d5333	srl	x6,x26,x0	 x26:0x00020002  x0:0x00000000  x6=0x00020002
       28255000	      2824	80000cf0	01c59d33	sll	x26,x11,x28	 x11:0x00000000 x28:0x00000001 x26=0x00000000
       28265000	      2825	80000cf4	381ff317	auipc	x6,0x381ff	  x6=0xb81ffcf0
       28275000	      2826	80000cf8	16dcaa93	slti	x21,x25,365	 x25:0x0000000c x21=0x00000001
       28285000	      2827	80000cfc	cb2f2493	slti	x9,x30,-846	 x30:0x00000001  x9=0x00000000
       28295000	      2828	80000d00	402bd633	sra	x12,x23,x2	 x23:0xfffffff5  x2:0x00188800 x12=0xfffffff5
       28305000	      2829	80000d04	14126693	ori	x13,x4,321	  x4:0x80009fc4 x13=0x80009fc5
       28315000	      2830	80000d08	ffae0e13	addi	x28,x28,-6	 x28:0x00000001 x28=0xfffffffb
       28325000	      2831	80000d0c	00d0c133	xor	x2,x1,x13	  x1:0x00000000 x13:0x80009fc5  x2=0x80009fc5
       28335000	      2832	80000d10	30a15b17	auipc	x22,0x30a15	 x22=0xb0a15d0c
       28345000	      2833	80000d14	0109bf33	sltu	x30,x19,x16	 x19:0x80000000 x16:0x000000aa x30=0x00000000
       28355000	      2834	80000d18	01ddfb33	and	x22,x27,x29	 x27:0x0000013c x29:0x80009f7c x22=0x0000013c
       28365000	      2835	80000d1c	fd7e1ee3	bne	x28,x23,80000cf8	 x28:0xfffffffb x23:0xfffffff5
       28375000	      2836	00000000	00000013	addi	x0,x0,0	  x0:0x00000000
       28385000	      2837	80000cf4	00000013	addi	x0,x0,0	  x0:0x00000000
       28395000	      2838	80000cf8	16dcaa93	slti	x21,x25,365	 x25:0x0000000c x21=0x00000001
       28405000	      2839	80000cfc	cb2f2493	slti	x9,x30,-846	 x30:0x00000000  x9=0x00000000
       28415000	      2840	80000d00	402bd633	sra	x12,x23,x2	 x23:0xfffffff5  x2:0x80009fc5 x12=0xffffffff
       28425000	      2841	80000d04	14126693	ori	x13,x4,321	  x4:0x80009fc4 x13=0x80009fc5
       28435000	      2842	80000d08	ffae0e13	addi	x28,x28,-6	 x28:0xfffffffb x28=0xfffffff5
       28445000	      2843	80000d0c	00d0c133	xor	x2,x1,x13	  x1:0x00000000 x13:0x80009fc5  x2=0x80009fc5
       28455000	      2844	80000d10	30a15b17	auipc	x22,0x30a15	 x22=0xb0a15d0c
       28465000	      2845	80000d14	0109bf33	sltu	x30,x19,x16	 x19:0x80000000 x16:0x000000aa x30=0x00000000
       28475000	      2846	80000d18	01ddfb33	and	x22,x27,x29	 x27:0x0000013c x29:0x80009f7c x22=0x0000013c
       28485000	      2847	80000d1c	fd7e1ee3	bne	x28,x23,80000cf8	 x28:0xfffffff5 x23:0xfffffff5
       28495000	      2848	80000d20	015d2c33	slt	x24,x26,x21	 x26:0x00000000 x21:0x00000001 x24=0x00000001
       28505000	      2849	80000d24	00000013	addi	x0,x0,0	  x0:0x00000000
       28515000	      2850	80000d28	2847c937	lui	x18,0x2847c	 x18=0x2847c000
       28525000	      2851	80000d2c	014b27b3	slt	x15,x22,x20	 x22:0x0000013c x20:0xfffffff1 x15=0x00000000
       28535000	      2852	80000d30	3b3d9697	auipc	x13,0x3b3d9	 x13=0xbb3d9d2c
       28545000	      2853	80000d34	00990533	add	x10,x18,x9	 x18:0x2847c000  x9:0x00000000 x10=0x2847c000
       28555000	      2854	80000d38	01664463	blt	x12,x22,80000d40	 x12:0xffffffff x22:0x0000013c
       28565000	      2855	00000000	00000013	addi	x0,x0,0	  x0:0x00000000
       28575000	      2856	80000d3c	00000013	addi	x0,x0,0	  x0:0x00000000
       28585000	      2857	80000d40	01a06633	or	x12,x0,x26	  x0:0x00000000 x26:0x00000000 x12=0x00000000
       28595000	      2858	80000d44	023a0e63	beq	x20,x3,80000d80	 x20:0xfffffff1  x3:0x00000000
       28605000	      2859	80000d48	ffdc8b93	addi	x23,x25,-3	 x25:0x0000000c x23=0x00000009
       28615000	      2860	80000d4c	053ef063	bgeu	x29,x19,80000d8c	 x29:0x80009f7c x19:0x80000000
       28625000	      2861	00000000	00000013	addi	x0,x0,0	  x0:0x00000000
       28635000	      2862	80000d88	00000013	addi	x0,x0,0	  x0:0x00000000
       28645000	      2863	80000d8c	01782b33	slt	x22,x16,x23	 x16:0x000000aa x23:0x00000009 x22=0x00000000
       28655000	      2864	80000d90	00c69a33	sll	x20,x13,x12	 x13:0xbb3d9d2c x12:0x00000000 x20=0xbb3d9d2c
       28665000	      2865	80000d94	00b0dc33	srl	x24,x1,x11	  x1:0x00000000 x11:0x00000000 x24=0x00000000
       28675000	      2866	80000d98	041fc463	blt	x31,x1,80000de0	 x31:0x00000000  x1:0x00000000
       28685000	      2867	80000d9c	010aa933	slt	x18,x21,x16	 x21:0x00000001 x16:0x000000aa x18=0x00000001
       28695000	      2868	80000da0	00d70663	beq	x14,x13,80000dac	 x14:0x00000001 x13:0xbb3d9d2c
       28705000	      2869	80000da4	00000013	addi	x0,x0,0	  x0:0x00000000
       28715000	      2870	80000da8	454a0593	addi	x11,x20,1108	 x20:0xbb3d9d2c x11=0xbb3da180
       28725000	      2871	80000dac	04745063	bge	x8,x7,80000dec	  x8:0x00000001  x7:0x00000000
       28735000	      2872	00000000	00000013	addi	x0,x0,0	  x0:0x00000000
       28745000	      2873	80000de8	00000013	addi	x0,x0,0	  x0:0x00000000
       28755000	      2874	80000dec	01787263	bgeu	x16,x23,80000df0	 x16:0x000000aa x23:0x00000009
       28765000	      2875	00000000	00000013	addi	x0,x0,0	  x0:0x00000000
       28775000	      2876	80000dec	00000013	addi	x0,x0,0	  x0:0x00000000
       28785000	      2877	80000df0	8670d197	auipc	x3,0x8670d	  x3=0x0670ddec
       28795000	      2878	80000df4	05ef5663	bge	x30,x30,80000e40	 x30:0x00000000 x30:0x00000000
       28805000	      2879	00000000	00000013	addi	x0,x0,0	  x0:0x00000000
       28815000	      2880	80000e3c	00000013	addi	x0,x0,0	  x0:0x00000000
       28825000	      2881	80000e40	00c05093	srli	x1,x0,0xc	  x0:0x00000000  x1=0x00000000
       28835000	      2882	80000e44	0014f1b3	and	x3,x9,x1	  x9:0x00000000  x1:0x00000000  x3=0x00000000
       28845000	      2883	80000e48	56125697	auipc	x13,0x56125	 x13=0xd6125e44
       28855000	      2884	80000e4c	01113d33	sltu	x26,x2,x17	  x2:0x80009fc5 x17:0xcffffa8a x26=0x00000001
       28865000	      2885	80000e50	419b8bb3	sub	x23,x23,x25	 x23:0x00000009 x25:0x0000000c x23=0xfffffffd
       28875000	      2886	80000e54	00861393	slli	x7,x12,0x8	 x12:0x00000000  x7=0x00000000
       28885000	      2887	80000e58	04044863	blt	x8,x0,80000ea8	  x8:0x00000001  x0:0x00000000
       28895000	      2888	80000e5c	002823b3	slt	x7,x16,x2	 x16:0x000000aa  x2:0x80009fc5  x7=0x00000000
       28905000	      2889	80000e60	01910533	add	x10,x2,x25	  x2:0x80009fc5 x25:0x0000000c x10=0x80009fd1
       28915000	      2890	80000e64	00862733	slt	x14,x12,x8	 x12:0x00000000  x8:0x00000001 x14=0x00000001
       28925000	      2891	80000e68	daa6fa93	andi	x21,x13,-598	 x13:0xd6125e44 x21=0xd6125c00
       28935000	      2892	80000e6c	7d592b13	slti	x22,x18,2005	 x18:0x00000001 x22=0x00000001
       28945000	      2893	80000e70	c3281437	lui	x8,0xc3281	  x8=0xc3281000
       28955000	      2894	80000e74	0077d9b3	srl	x19,x15,x7	 x15:0x00000000  x7:0x00000000 x19=0x00000000
       28965000	      2895	80000e78	04c9e063	bltu	x19,x12,80000eb8	 x19:0x00000000 x12:0x00000000
       28975000	      2896	80000e7c	00f79a63	bne	x15,x15,80000e90	 x15:0x00000000 x15:0x00000000
       28985000	      2897	80000e80	00000013	addi	x0,x0,0	  x0:0x00000000
       28995000	      2898	80000e84	000b6a63	bltu	x22,x0,80000e98	 x22:0x00000001  x0:0x00000000
       29005000	      2899	80000e88	4083dd13	srai	x26,x7,0x8	  x7:0x00000000 x26=0x00000000
       29015000	      2900	80000e8c	bbc36413	ori	x8,x6,-1092	  x6:0xb81ffcf0  x8=0xfffffffc
       29025000	      2901	80000e90	418a5733	sra	x14,x20,x24	 x20:0xbb3d9d2c x24:0x00000000 x14=0xbb3d9d2c
       29035000	      2902	80000e94	0196a1b3	slt	x3,x13,x25	 x13:0xd6125e44 x25:0x0000000c  x3=0x00000001
       29045000	      2903	80000e98	004c6e33	or	x28,x24,x4	 x24:0x00000000  x4:0x80009fc4 x28=0x80009fc4
       29055000	      2904	80000e9c	0025ccb3	xor	x25,x11,x2	 x11:0xbb3da180  x2:0x80009fc5 x25=0x3b3d3e45
       29065000	      2905	80000ea0	00ab3bb3	sltu	x23,x22,x10	 x22:0x00000001 x10:0x80009fd1 x23=0x00000001
       29075000	      2906	80000ea4	0a8dd4b7	lui	x9,0xa8dd	  x9=0x0a8dd000
       29085000	      2907	80000ea8	01091513	slli	x10,x18,0x10	 x18:0x00000001 x10=0x00010000
       29095000	      2908	80000eac	01a94433	xor	x8,x18,x26	 x18:0x00000001 x26:0x00000000  x8=0x00000001
       29105000	      2909	80000eb0	00eb8c33	add	x24,x23,x14	 x23:0x00000001 x14:0xbb3d9d2c x24=0xbb3d9d2d
       29115000	      2910	80000eb4	00000013	addi	x0,x0,0	  x0:0x00000000
       29125000	      2911	80000eb8	055c9663	bne	x25,x21,80000f04	 x25:0x3b3d3e45 x21:0xd6125c00
       29135000	      2912	00000000	00000013	addi	x0,x0,0	  x0:0x00000000
       29145000	      2913	80000f00	00000013	addi	x0,x0,0	  x0:0x00000000
       29155000	      2914	80000f04	01867533	and	x10,x12,x24	 x12:0x00000000 x24:0xbb3d9d2d x10=0x00000000
       29165000	      2915	80000f08	01c20333	add	x6,x4,x28	  x4:0x80009fc4 x28:0x80009fc4  x6=0x00013f88
       29175000	      2916	80000f0c	ae6b6a13	ori	x20,x22,-1306	 x22:0x00000001 x20=0xfffffae7
       29185000	      2917	80000f10	694ae893	ori	x17,x21,1684	 x21:0xd6125c00 x17=0xd6125e94
       29195000	      2918	80000f14	41488333	sub	x6,x17,x20	 x17:0xd6125e94 x20:0xfffffae7  x6=0xd61263ad
       29205000	      2919	80000f18	01d53733	sltu	x14,x10,x29	 x10:0x00000000 x29:0x80009f7c x14=0x00000001
       29215000	      2920	80000f1c	019b4663	blt	x22,x25,80000f28	 x22:0x00000001 x25:0x3b3d3e45
       29225000	      2921	00000000	00000013	addi	x0,x0,0	  x0:0x00000000
       29235000	      2922	80000f24	00000013	addi	x0,x0,0	  x0:0x00000000
       29245000	      2923	80000f28	02bdd463	bge	x27,x11,80000f50	 x27:0x0000013c x11:0xbb3da180
       29255000	      2924	00000000	00000013	addi	x0,x0,0	  x0:0x00000000
       29265000	      2925	80000f4c	00000013	addi	x0,x0,0	  x0:0x00000000
       29275000	      2926	80000f50	0066ca33	xor	x20,x13,x6	 x13:0xd6125e44  x6:0xd61263ad x20=0x00003de9
       29285000	      2927	80000f54	73bae337	lui	x6,0x73bae	  x6=0x73bae000
       29295000	      2928	80000f58	003a7e63	bgeu	x20,x3,80000f74	 x20:0x00003de9  x3:0x00000001
       29305000	      2929	00000000	00000013	addi	x0,x0,0	  x0:0x00000000
       29315000	      2930	80000f70	00000013	addi	x0,x0,0	  x0:0x00000000
       29325000	      2931	80000f74	40a67a13	andi	x20,x12,1034	 x12:0x00000000 x20=0x00000000
       29335000	      2932	80000f78	40d001b3	sub	x3,x0,x13	  x0:0x00000000 x13:0xd6125e44  x3=0x29eda1bc
       29345000	      2933	80000f7c	01a1b4b3	sltu	x9,x3,x26	  x3:0x29eda1bc x26:0x00000000  x9=0x00000000
       29355000	      2934	80000f80	9c67b693	sltiu	x13,x15,-1594	 x15:0x00000000 x13=0x00000001
       29365000	      2935	80000f84	00bf0ab3	add	x21,x30,x11	 x30:0x00000000 x11:0xbb3da180 x21=0xbb3da180
       29375000	      2936	80000f88	033c7063	bgeu	x24,x19,80000fa8	 x24:0xbb3d9d2d x19:0x00000000
       29385000	      2937	00000000	00000013	addi	x0,x0,0	  x0:0x00000000
       29395000	      2938	80000fa4	00000013	addi	x0,x0,0	  x0:0x00000000
       29405000	      2939	80000fa8	412f5bb3	sra	x23,x30,x18	 x30:0x00000000 x18:0x00000001 x23=0x00000000
       29415000	      2940	80000fac	0041d593	srli	x11,x3,0x4	  x3:0x29eda1bc x11=0x029eda1b
       29425000	      2941	80000fb0	00000013	addi	x0,x0,0	  x0:0x00000000
       29435000	      2942	80000fb4	d8d10693	addi	x13,x2,-627	  x2:0x80009fc5 x13=0x80009d52
       29445000	      2943	80000fb8	95dbce13	xori	x28,x23,-1699	 x23:0x00000000 x28=0xfffff95d
       29455000	      2944	80000fbc	00000013	addi	x0,x0,0	  x0:0x00000000
       29465000	      2945	80000fc0	00af7c63	bgeu	x30,x10,80000fd8	 x30:0x00000000 x10:0x00000000
       29475000	      2946	00000000	00000013	addi	x0,x0,0	  x0:0x00000000
       29485000	      2947	80000fd4	00000013	addi	x0,x0,0	  x0:0x00000000
       29495000	      2948	80000fd8	416f06b3	sub	x13,x30,x22	 x30:0x00000000 x22:0x00000001 x13=0xffffffff
       29505000	      2949	80000fdc	40835013	srai	x0,x6,0x8	  x6:0x73bae000
       29515000	      2950	80000fe0	002ecc63	blt	x29,x2,80000ff8	 x29:0x80009f7c  x2:0x80009fc5
       29525000	      2951	00000000	00000013	addi	x0,x0,0	  x0:0x00000000
       29535000	      2952	80000ff4	00000013	addi	x0,x0,0	  x0:0x00000000
       29545000	      2953	80000ff8	02290e63	beq	x18,x2,80001034	 x18:0x00000001  x2:0x80009fc5
       29555000	      2954	80000ffc	019df463	bgeu	x27,x25,80001004	 x27:0x0000013c x25:0x3b3d3e45
       29565000	      2955	80001000	54372393	slti	x7,x14,1347	 x14:0x00000001  x7=0x00000001
       29575000	      2956	80001004	0f8ce893	ori	x17,x25,248	 x25:0x3b3d3e45 x17=0x3b3d3efd
       29585000	      2957	80001008	04635263	bge	x6,x6,8000104c	  x6:0x73bae000  x6:0x73bae000
       29595000	      2958	00000000	00000013	addi	x0,x0,0	  x0:0x00000000
       29605000	      2959	80001048	00000013	addi	x0,x0,0	  x0:0x00000000
       29615000	      2960	8000104c	41805c33	sra	x24,x0,x24	  x0:0x00000000 x24:0xbb3d9d2d x24=0x00000000
       29625000	      2961	80001050	01789413	slli	x8,x17,0x17	 x17:0x3b3d3efd  x8=0x7e800000
       29635000	      2962	80001054	451c6793	ori	x15,x24,1105	 x24:0x00000000 x15=0x00000451
       29645000	      2963	80001058	054c0063	beq	x24,x20,80001098	 x24:0x00000000 x20:0x00000000
       29655000	      2964	00000000	00000013	addi	x0,x0,0	  x0:0x00000000
       29665000	      2965	80001094	00000013	addi	x0,x0,0	  x0:0x00000000
       29675000	      2966	80001098	0512d663	bge	x5,x17,800010e4	  x5:0x000001b8 x17:0x3b3d3efd
       29685000	      2967	8000109c	97413b13	sltiu	x22,x2,-1676	  x2:0x80009fc5 x22=0x00000001
       29695000	      2968	800010a0	411e59b3	sra	x19,x28,x17	 x28:0xfffff95d x17:0x3b3d3efd x19=0xffffffff
       29705000	      2969	800010a4	01420bb3	add	x23,x4,x20	  x4:0x80009fc4 x20:0x00000000 x23=0x80009fc4
       29715000	      2970	800010a8	4adad617	auipc	x12,0x4adad	 x12=0xcadae0a4
       29725000	      2971	800010ac	0027ce63	blt	x15,x2,800010c8	 x15:0x00000451  x2:0x80009fc5
       29735000	      2972	800010b0	399c1b17	auipc	x22,0x399c1	 x22=0xb99c20ac
       29745000	      2973	800010b4	00995c63	bge	x18,x9,800010cc	 x18:0x00000001  x9:0x00000000
       29755000	      2974	00000000	00000013	addi	x0,x0,0	  x0:0x00000000
       29765000	      2975	800010c8	00000013	addi	x0,x0,0	  x0:0x00000000
       29775000	      2976	800010cc	6ada8693	addi	x13,x21,1709	 x21:0xbb3da180 x13=0xbb3da82d
       29785000	      2977	800010d0	98ca2393	slti	x7,x20,-1652	 x20:0x00000000  x7=0x00000000
       29795000	      2978	800010d4	7031c393	xori	x7,x3,1795	  x3:0x29eda1bc  x7=0x29eda6bf
       29805000	      2979	800010d8	00c69893	slli	x17,x13,0xc	 x13:0xbb3da82d x17=0xda82d000
       29815000	      2980	800010dc	2a8aff13	andi	x30,x21,680	 x21:0xbb3da180 x30=0x00000080
       29825000	      2981	800010e0	79ebbb97	auipc	x23,0x79ebb	 x23=0xf9ebc0dc
       29835000	      2982	800010e4	03d97663	bgeu	x18,x29,80001110	 x18:0x00000001 x29:0x80009f7c
       29845000	      2983	800010e8	00000013	addi	x0,x0,0	  x0:0x00000000
       29855000	      2984	800010ec	504b4513	xori	x10,x22,1284	 x22:0xb99c20ac x10=0xb99c25a8
       29865000	      2985	800010f0	01c82433	slt	x8,x16,x28	 x16:0x000000aa x28:0xfffff95d  x8=0x00000000
       29875000	      2986	800010f4	012c3333	sltu	x6,x24,x18	 x24:0x00000000 x18:0x00000001  x6=0x00000001
       29885000	      2987	800010f8	0022d4b3	srl	x9,x5,x2	  x5:0x000001b8  x2:0x80009fc5  x9=0x0000000d
       29895000	      2988	800010fc	03a97063	bgeu	x18,x26,8000111c	 x18:0x00000001 x26:0x00000000
       29905000	      2989	00000000	00000013	addi	x0,x0,0	  x0:0x00000000
       29915000	      2990	80001118	00000013	addi	x0,x0,0	  x0:0x00000000
       29925000	      2991	8000111c	0820f293	andi	x5,x1,130	  x1:0x00000000  x5=0x00000000
       29935000	      2992	80001120	0577f063	bgeu	x15,x23,80001160	 x15:0x00000451 x23:0xf9ebc0dc
       29945000	      2993	80001124	00bd5733	srl	x14,x26,x11	 x26:0x00000000 x11:0x029eda1b x14=0x00000000
       29955000	      2994	80001128	415307b3	sub	x15,x6,x21	  x6:0x00000001 x21:0xbb3da180 x15=0x44c25e81
       29965000	      2995	8000112c	01758e33	add	x28,x11,x23	 x11:0x029eda1b x23:0xf9ebc0dc x28=0xfc8a9af7
       29975000	      2996	80001130	f4762693	slti	x13,x12,-185	 x12:0xcadae0a4 x13=0x00000001
       29985000	      2997	80001134	40495933	sra	x18,x18,x4	 x18:0x00000001  x4:0x80009fc4 x18=0x00000000
       29995000	      2998	80001138	00b89e33	sll	x28,x17,x11	 x17:0xda82d000 x11:0x029eda1b x28=0x00000000
       30005000	      2999	8000113c	019c6c33	or	x24,x24,x25	 x24:0x00000000 x25:0x3b3d3e45 x24=0x3b3d3e45
       30015000	      3000	80001140	03da8c63	beq	x21,x29,80001178	 x21:0xbb3da180 x29:0x80009f7c
       30025000	      3001	80001144	1b267c93	andi	x25,x12,434	 x12:0xcadae0a4 x25=0x000000a0
       30035000	      3002	80001148	006204b3	add	x9,x4,x6	  x4:0x80009fc4  x6:0x00000001  x9=0x80009fc5
       30045000	      3003	8000114c	7fc18713	addi	x14,x3,2044	  x3:0x29eda1bc x14=0x29eda9b8
       30055000	      3004	80001150	11af8b13	addi	x22,x31,282	 x31:0x00000000 x22=0x0000011a
       30065000	      3005	80001154	00f20db3	add	x27,x4,x15	  x4:0x80009fc4 x15:0x44c25e81 x27=0xc4c2fe45
       30075000	      3006	80001158	00265863	bge	x12,x2,80001168	 x12:0xcadae0a4  x2:0x80009fc5
       30085000	      3007	00000000	00000013	addi	x0,x0,0	  x0:0x00000000
       30095000	      3008	80001164	00000013	addi	x0,x0,0	  x0:0x00000000
       30105000	      3009	80001168	c96aba97	auipc	x21,0xc96ab	 x21=0x496ac164
       30115000	      3010	8000116c	94b93b13	sltiu	x22,x18,-1717	 x18:0x00000000 x22=0x00000001
       30125000	      3011	80001170	7f2f3613	sltiu	x12,x30,2034	 x30:0x00000080 x12=0x00000001
       30135000	      3012	80001174	00000013	addi	x0,x0,0	  x0:0x00000000
       30145000	      3013	80001178	0198ff33	and	x30,x17,x25	 x17:0xda82d000 x25:0x000000a0 x30=0x00000000
       30155000	      3014	8000117c	024dc463	blt	x27,x4,800011a4	 x27:0xc4c2fe45  x4:0x80009fc4
       30165000	      3015	80001180	0144df33	srl	x30,x9,x20	  x9:0x80009fc5 x20:0x00000000 x30=0x80009fc5
       30175000	      3016	80001184	004b25b3	slt	x11,x22,x4	 x22:0x00000001  x4:0x80009fc4 x11=0x00000000
       30185000	      3017	80001188	01fce663	bltu	x25,x31,80001194	 x25:0x000000a0 x31:0x00000000
       30195000	      3018	8000118c	00847133	and	x2,x8,x8	  x8:0x00000000  x8:0x00000000  x2=0x00000000
       30205000	      3019	80001190	007c4633	xor	x12,x24,x7	 x24:0x3b3d3e45  x7:0x29eda6bf x12=0x12d098fa
       30215000	      3020	80001194	009f0633	add	x12,x30,x9	 x30:0x80009fc5  x9:0x80009fc5 x12=0x00013f8a
       30225000	      3021	80001198	00052433	slt	x8,x10,x0	 x10:0xb99c25a8  x0:0x00000000  x8=0x00000001
       30235000	      3022	8000119c	00ca5913	srli	x18,x20,0xc	 x20:0x00000000 x18=0x00000000
       30245000	      3023	800011a0	003bbbb3	sltu	x23,x23,x3	 x23:0xf9ebc0dc  x3:0x29eda1bc x23=0x00000000
       30255000	      3024	800011a4	0003dd33	srl	x26,x7,x0	  x7:0x29eda6bf  x0:0x00000000 x26=0x29eda6bf
       30265000	      3025	800011a8	000d1593	slli	x11,x26,0x0	 x26:0x29eda6bf x11=0x29eda6bf
       30275000	      3026	800011ac	004ba2b3	slt	x5,x23,x4	 x23:0x00000000  x4:0x80009fc4  x5=0x00000000
       30285000	      3027	800011b0	3736ab13	slti	x22,x13,883	 x13:0x00000001 x22=0x00000001
       30295000	      3028	800011b4	1e3a8113	addi	x2,x21,483	 x21:0x496ac164  x2=0x496ac347
       30305000	      3029	800011b8	00588833	add	x16,x17,x5	 x17:0xda82d000  x5:0x00000000 x16=0xda82d000
       30315000	      3030	800011bc	41ff0933	sub	x18,x30,x31	 x30:0x80009fc5 x31:0x00000000 x18=0x80009fc5
       30325000	      3031	800011c0	017e5d33	srl	x26,x28,x23	 x28:0x00000000 x23:0x00000000 x26=0x00000000
       30335000	      3032	800011c4	e3ea2b93	slti	x23,x20,-450	 x20:0x00000000 x23=0x00000000
       30345000	      3033	800011c8	402ab313	sltiu	x6,x21,1026	 x21:0x496ac164  x6=0x00000000
       30355000	      3034	800011cc	e1952e13	slti	x28,x10,-487	 x10:0xb99c25a8 x28=0x00000001
       30365000	      3035	800011d0	51a63d93	sltiu	x27,x12,1306	 x12:0x00013f8a x27=0x00000000
       30375000	      3036	800011d4	00ccd813	srli	x16,x25,0xc	 x25:0x000000a0 x16=0x00000000
       30385000	      3037	800011d8	019389b3	add	x19,x7,x25	  x7:0x29eda6bf x25:0x000000a0 x19=0x29eda75f
       30395000	      3038	800011dc	010dda33	srl	x20,x27,x16	 x27:0x00000000 x16:0x00000000 x20=0x00000000
       30405000	      3039	800011e0	01821593	slli	x11,x4,0x18	  x4:0x80009fc4 x11=0xc4000000
       30415000	      3040	800011e4	015b9463	bne	x23,x21,800011ec	 x23:0x00000000 x21:0x496ac164
       30425000	      3041	00000000	00000013	addi	x0,x0,0	  x0:0x00000000
       30435000	      3042	800011e8	00000013	addi	x0,x0,0	  x0:0x00000000
       30445000	      3043	800011ec	004e57b3	srl	x15,x28,x4	 x28:0x00000001  x4:0x80009fc4 x15=0x00000000
       30455000	      3044	800011f0	01571413	slli	x8,x14,0x15	 x14:0x29eda9b8  x8=0x37000000
       30465000	      3045	800011f4	7b300c13	addi	x24,x0,1971	  x0:0x00000000 x24=0x000007b3
       30475000	      3046	800011f8	010847b3	xor	x15,x16,x16	 x16:0x00000000 x16:0x00000000 x15=0x00000000
       30485000	      3047	800011fc	64b46f13	ori	x30,x8,1611	  x8:0x37000000 x30=0x3700064b
       30495000	      3048	80001200	c6704013	xori	x0,x0,-921	  x0:0x00000000
       30505000	      3049	80001204	67f00317	auipc	x6,0x67f00	  x6=0xe7f01200
       30515000	      3050	80001208	a613b593	sltiu	x11,x7,-1439	  x7:0x29eda6bf x11=0x00000001
       30525000	      3051	8000120c	00000013	addi	x0,x0,0	  x0:0x00000000
       30535000	      3052	80001210	d9b5e0b7	lui	x1,0xd9b5e	  x1=0xd9b5e000
       30545000	      3053	80001214	00350263	beq	x10,x3,80001218	 x10:0xb99c25a8  x3:0x29eda1bc
       30555000	      3054	80001218	41a10433	sub	x8,x2,x26	  x2:0x496ac347 x26:0x00000000  x8=0x496ac347
       30565000	      3055	8000121c	00057bb3	and	x23,x10,x0	 x10:0xb99c25a8  x0:0x00000000 x23=0x00000000
       30575000	      3056	80001220	00c4ec33	or	x24,x9,x12	  x9:0x80009fc5 x12:0x00013f8a x24=0x8001bfcf
       30585000	      3057	80001224	01b66463	bltu	x12,x27,8000122c	 x12:0x00013f8a x27:0x00000000
       30595000	      3058	80001228	009d9d13	slli	x26,x27,0x9	 x27:0x00000000 x26=0x00000000
       30605000	      3059	8000122c	013586b3	add	x13,x11,x19	 x11:0x00000001 x19:0x29eda75f x13=0x29eda760
       30615000	      3060	80001230	4078d133	sra	x2,x17,x7	 x17:0xda82d000  x7:0x29eda6bf  x2=0xffffffff
       30625000	      3061	80001234	0107c5b3	xor	x11,x15,x16	 x15:0x00000000 x16:0x00000000 x11=0x00000000
       30635000	      3062	80001238	012b86b3	add	x13,x23,x18	 x23:0x00000000 x18:0x80009fc5 x13=0x80009fc5
       30645000	      3063	8000123c	95543a13	sltiu	x20,x8,-1707	  x8:0x496ac347 x20=0x00000001
       30655000	      3064	80001240	05db5063	bge	x22,x29,80001280	 x22:0x00000001 x29:0x80009f7c
       30665000	      3065	00000000	00000013	addi	x0,x0,0	  x0:0x00000000
       30675000	      3066	8000127c	00000013	addi	x0,x0,0	  x0:0x00000000
       30685000	      3067	80001280	04c47863	bgeu	x8,x12,800012d0	  x8:0x496ac347 x12:0x00013f8a
       30695000	      3068	00000000	00000013	addi	x0,x0,0	  x0:0x00000000
       30705000	      3069	800012cc	00000013	addi	x0,x0,0	  x0:0x00000000
       30715000	      3070	800012d0	96302437	lui	x8,0x96302	  x8=0x96302000
       30725000	      3071	800012d4	016a12b3	sll	x5,x20,x22	 x20:0x00000001 x22:0x00000001  x5=0x00000002
       30735000	      3072	800012d8	48d2a313	slti	x6,x5,1165	  x5:0x00000002  x6=0x00000001
       30745000	      3073	800012dc	056d4263	blt	x26,x22,80001320	 x26:0x00000000 x22:0x00000001
       30755000	      3074	00000000	00000013	addi	x0,x0,0	  x0:0x00000000
       30765000	      3075	8000131c	00000013	addi	x0,x0,0	  x0:0x00000000
       30775000	      3076	80001320	005210b3	sll	x1,x4,x5	  x4:0x80009fc4  x5:0x00000002  x1=0x00027f10
       30785000	      3077	80001324	1001a393	slti	x7,x3,256	  x3:0x29eda1bc  x7=0x00000000
       30795000	      3078	80001328	8c84cd13	xori	x26,x9,-1848	  x9:0x80009fc5 x26=0x7fff670d
       30805000	      3079	8000132c	93f92013	slti	x0,x18,-1729	 x18:0x80009fc5
       30815000	      3080	80001330	6388a513	slti	x10,x17,1592	 x17:0xda82d000 x10=0x00000001
       30825000	      3081	80001334	41ea59b3	sra	x19,x20,x30	 x20:0x00000001 x30:0x3700064b x19=0x00000000
       30835000	      3082	80001338	3e430e13	addi	x28,x6,996	  x6:0x00000001 x28=0x000003e5
       30845000	      3083	8000133c	008da933	slt	x18,x27,x8	 x27:0x00000000  x8:0x96302000 x18=0x00000000
       30855000	      3084	80001340	017589b3	add	x19,x11,x23	 x11:0x00000000 x23:0x00000000 x19=0x00000000
       30865000	      3085	80001344	00c65913	srli	x18,x12,0xc	 x12:0x00013f8a x18=0x00000013
       30875000	      3086	80001348	40590b33	sub	x22,x18,x5	 x18:0x00000013  x5:0x00000002 x22=0x00000011
       30885000	      3087	8000134c	01da9db3	sll	x27,x21,x29	 x21:0x496ac164 x29:0x80009f7c x27=0x40000000
       30895000	      3088	80001350	06690b93	addi	x23,x18,102	 x18:0x00000013 x23=0x00000079
       30905000	      3089	80001354	00000013	addi	x0,x0,0	  x0:0x00000000
       30915000	      3090	80001358	eda7bb93	sltiu	x23,x15,-294	 x15:0x00000000 x23=0x00000001
       30925000	      3091	8000135c	01a75293	srli	x5,x14,0x1a	 x14:0x29eda9b8  x5=0x0000000a
       30935000	      3092	80001360	00000013	addi	x0,x0,0	  x0:0x00000000
       30945000	      3093	80001364	00000013	addi	x0,x0,0	  x0:0x00000000
       30955000	      3094	80001368	03787e63	bgeu	x16,x23,800013a4	 x16:0x00000000 x23:0x00000001
       30965000	      3095	8000136c	d590c917	auipc	x18,0xd590c	 x18=0x5590d368
       30975000	      3096	80001370	00000013	addi	x0,x0,0	  x0:0x00000000
       30985000	      3097	80001374	404505b3	sub	x11,x10,x4	 x10:0x00000001  x4:0x80009fc4 x11=0x7fff603d
       30995000	      3098	80001378	f35f1917	auipc	x18,0xf35f1	 x18=0x735f2374
       31005000	      3099	8000137c	01c25613	srli	x12,x4,0x1c	  x4:0x80009fc4 x12=0x00000008
       31015000	      3100	80001380	957aa137	lui	x2,0x957aa	  x2=0x957aa000
       31025000	      3101	80001384	5b673017	auipc	x0,0x5b673	
       31035000	      3102	80001388	00d1b933	sltu	x18,x3,x13	  x3:0x29eda1bc x13:0x80009fc5 x18=0x00000001
       31045000	      3103	8000138c	12a07c13	andi	x24,x0,298	  x0:0x00000000 x24=0x00000000
       31055000	      3104	80001390	01b5da63	bge	x11,x27,800013a4	 x11:0x7fff603d x27:0x40000000
       31065000	      3105	00000000	00000013	addi	x0,x0,0	  x0:0x00000000
       31075000	      3106	800013a0	00000013	addi	x0,x0,0	  x0:0x00000000
       31085000	      3107	800013a4	01314db3	xor	x27,x2,x19	  x2:0x957aa000 x19:0x00000000 x27=0x957aa000
       31095000	      3108	800013a8	00336c63	bltu	x6,x3,800013c0	  x6:0x00000001  x3:0x29eda1bc
       31105000	      3109	00000000	00000013	addi	x0,x0,0	  x0:0x00000000
       31115000	      3110	800013bc	00000013	addi	x0,x0,0	  x0:0x00000000
       31125000	      3111	800013c0	40048133	sub	x2,x9,x0	  x9:0x80009fc5  x0:0x00000000  x2=0x80009fc5
       31135000	      3112	800013c4	014cd263	bge	x25,x20,800013c8	 x25:0x000000a0 x20:0x00000001
       31145000	      3113	00000000	00000013	addi	x0,x0,0	  x0:0x00000000
       31155000	      3114	800013c4	00000013	addi	x0,x0,0	  x0:0x00000000
       31165000	      3115	800013c8	cc858a93	addi	x21,x11,-824	 x11:0x7fff603d x21=0x7fff5d05
       31175000	      3116	800013cc	b3bf6917	auipc	x18,0xb3bf6	 x18=0x33bf73c8
       31185000	      3117	800013d0	35283613	sltiu	x12,x16,850	 x16:0x00000000 x12=0x00000001
       31195000	      3118	800013d4	bd9b7f13	andi	x30,x22,-1063	 x22:0x00000011 x30=0x00000011
       31205000	      3119	800013d8	004ea103	lw	x2,4(x29)	 x29:0x80009f7c  x2=0x80000590 PA:0x80009f80
       31215000	      3120	800013dc	bfaea517	auipc	x10,0xbfaea	 x10=0x3faeb3d8
       31225000	      3121	800013e0	0079dc93	srli	x25,x19,0x7	 x19:0x00000000 x25=0x00000000
       31235000	      3122	800013e4	413ade13	srai	x28,x21,0x13	 x21:0x7fff5d05 x28=0x00000fff
       31245000	      3123	800013e8	41888e33	sub	x28,x17,x24	 x17:0xda82d000 x24:0x00000000 x28=0xda82d000
       31255000	      3124	800013ec	01dd9cb3	sll	x25,x27,x29	 x27:0x957aa000 x29:0x80009f7c x25=0x00000000
       31265000	      3125	800013f0	13193893	sltiu	x17,x18,305	 x18:0x33bf73c8 x17=0x00000000
       31275000	      3126	800013f4	008e8e93	addi	x29,x29,8	 x29:0x80009f7c x29=0x80009f84
       31285000	      3127	800013f8	04cd8793	addi	x15,x27,76	 x27:0x957aa000 x15=0x957aa04c
       31295000	      3128	800013fc	00110b13	addi	x22,x2,1	  x2:0x80000590 x22=0x80000591
       31305000	      3129	80001400	000b0b67	jalr	x22,x22,0	 x22:0x80000591 x22=0x80001400
       31315000	      3130	00000000	00000013	addi	x0,x0,0	  x0:0x00000000
       31325000	      3131	80000590	00000013	addi	x0,x0,0	  x0:0x00000000
       31335000	      3132	80000594	01901813	slli	x16,x0,0x19	  x0:0x00000000 x16=0x00000000
       31345000	      3133	80000598	0132d333	srl	x6,x5,x19	  x5:0x0000000a x19:0x00000000  x6=0x0000000a
       31355000	      3134	8000059c	02c7d663	bge	x15,x12,800005c8	 x15:0x957aa04c x12:0x00000001
       31365000	      3135	800005a0	01db9bb3	sll	x23,x23,x29	 x23:0x00000001 x29:0x80009f84 x23=0x00000010
       31375000	      3136	800005a4	152e0a13	addi	x20,x28,338	 x28:0xda82d000 x20=0xda82d152
       31385000	      3137	800005a8	00522db3	slt	x27,x4,x5	  x4:0x80009fc4  x5:0x0000000a x27=0x00000001
       31395000	      3138	800005ac	25b42b93	slti	x23,x8,603	  x8:0x96302000 x23=0x00000001
       31405000	      3139	800005b0	116afb93	andi	x23,x21,278	 x21:0x7fff5d05 x23=0x00000104
       31415000	      3140	800005b4	00ef57b3	srl	x15,x30,x14	 x30:0x00000011 x14:0x29eda9b8 x15=0x00000000
       31425000	      3141	800005b8	00937a63	bgeu	x6,x9,800005cc	  x6:0x0000000a  x9:0x80009fc5
       31435000	      3142	800005bc	0179c2b3	xor	x5,x19,x23	 x19:0x00000000 x23:0x00000104  x5=0x00000104
       31445000	      3143	800005c0	058a6263	bltu	x20,x24,80000604	 x20:0xda82d152 x24:0x00000000
       31455000	      3144	800005c4	98230193	addi	x3,x6,-1662	  x6:0x0000000a  x3=0xfffff98c
       31465000	      3145	800005c8	78ed4093	xori	x1,x26,1934	 x26:0x7fff670d  x1=0x7fff6083
       31475000	      3146	800005cc	007b0ab3	add	x21,x22,x7	 x22:0x80001400  x7:0x00000000 x21=0x80001400
       31485000	      3147	800005d0	01e91033	sll	x0,x18,x30	 x18:0x33bf73c8 x30:0x00000011
       31495000	      3148	800005d4	010972b3	and	x5,x18,x16	 x18:0x33bf73c8 x16:0x00000000  x5=0x00000000
       31505000	      3149	800005d8	01803333	sltu	x6,x0,x24	  x0:0x00000000 x24:0x00000000  x6=0x00000000
       31515000	      3150	800005dc	0166d0b3	srl	x1,x13,x22	 x13:0x80009fc5 x22:0x80001400  x1=0x80009fc5
       31525000	      3151	800005e0	0b0b0393	addi	x7,x22,176	 x22:0x80001400  x7=0x800014b0
       31535000	      3152	800005e4	002d5e13	srli	x28,x26,0x2	 x26:0x7fff670d x28=0x1fffd9c3
       31545000	      3153	800005e8	042ec263	blt	x29,x2,8000062c	 x29:0x80009f84  x2:0x80000590
       31555000	      3154	800005ec	68588793	addi	x15,x17,1669	 x17:0x00000000 x15=0x00000685
       31565000	      3155	800005f0	da7a85b7	lui	x11,0xda7a8	 x11=0xda7a8000
       31575000	      3156	800005f4	0379dc63	bge	x19,x23,8000062c	 x19:0x00000000 x23:0x00000104
       31585000	      3157	800005f8	41e880b3	sub	x1,x17,x30	 x17:0x00000000 x30:0x00000011  x1=0xffffffef
       31595000	      3158	800005fc	00912d33	slt	x26,x2,x9	  x2:0x80000590  x9:0x80009fc5 x26=0x00000001
       31605000	      3159	80000600	00e7f2b3	and	x5,x15,x14	 x15:0x00000685 x14:0x29eda9b8  x5=0x00000080
       31615000	      3160	80000604	41475113	srai	x2,x14,0x14	 x14:0x29eda9b8  x2=0x0000029e
       31625000	      3161	80000608	00c2e133	or	x2,x5,x12	  x5:0x00000080 x12:0x00000001  x2=0x00000081
       31635000	      3162	8000060c	05cae463	bltu	x21,x28,80000654	 x21:0x80001400 x28:0x1fffd9c3
       31645000	      3163	80000610	01b3f463	bgeu	x7,x27,80000618	  x7:0x800014b0 x27:0x00000001
       31655000	      3164	00000000	00000013	addi	x0,x0,0	  x0:0x00000000
       31665000	      3165	80000614	00000013	addi	x0,x0,0	  x0:0x00000000
       31675000	      3166	80000618	001500b3	add	x1,x10,x1	 x10:0x3faeb3d8  x1:0xffffffef  x1=0x3faeb3c7
       31685000	      3167	8000061c	77e1f113	andi	x2,x3,1918	  x3:0xfffff98c  x2=0x0000010c
       31695000	      3168	80000620	058b0863	beq	x22,x24,80000670	 x22:0x80001400 x24:0x00000000
       31705000	      3169	80000624	dc488393	addi	x7,x17,-572	 x17:0x00000000  x7=0xfffffdc4
       31715000	      3170	80000628	64756313	ori	x6,x10,1607	 x10:0x3faeb3d8  x6=0x3faeb7df
       31725000	      3171	8000062c	471f0d13	addi	x26,x30,1137	 x30:0x00000011 x26=0x00000482
       31735000	      3172	80000630	003f6f33	or	x30,x30,x3	 x30:0x00000011  x3:0xfffff98c x30=0xfffff99d
       31745000	      3173	80000634	0183fcb3	and	x25,x7,x24	  x7:0xfffffdc4 x24:0x00000000 x25=0x00000000
       31755000	      3174	80000638	0101fdb3	and	x27,x3,x16	  x3:0xfffff98c x16:0x00000000 x27=0x00000000
       31765000	      3175	8000063c	0181c7b3	xor	x15,x3,x24	  x3:0xfffff98c x24:0x00000000 x15=0xfffff98c
       31775000	      3176	80000640	85d7a813	slti	x16,x15,-1955	 x15:0xfffff98c x16=0x00000000
       31785000	      3177	80000644	01672f33	slt	x30,x14,x22	 x14:0x29eda9b8 x22:0x80001400 x30=0x00000000
       31795000	      3178	80000648	41728433	sub	x8,x5,x23	  x5:0x00000080 x23:0x00000104  x8=0xffffff7c
       31805000	      3179	8000064c	014a1a33	sll	x20,x20,x20	 x20:0xda82d152 x20:0xda82d152 x20=0x45480000
       31815000	      3180	80000650	4123d033	sra	x0,x7,x18	  x7:0xfffffdc4 x18:0x33bf73c8
       31825000	      3181	80000654	009bfdb3	and	x27,x23,x9	 x23:0x00000104  x9:0x80009fc5 x27=0x00000104
       31835000	      3182	80000658	e725b097	auipc	x1,0xe725b	  x1=0x6725b654
       31845000	      3183	8000065c	001b9e33	sll	x28,x23,x1	 x23:0x00000104  x1:0x6725b654 x28=0x10400000
       31855000	      3184	80000660	02596a63	bltu	x18,x5,80000694	 x18:0x33bf73c8  x5:0x00000080
       31865000	      3185	80000664	41035933	sra	x18,x6,x16	  x6:0x3faeb7df x16:0x00000000 x18=0x3faeb7df
       31875000	      3186	80000668	059ce863	bltu	x25,x25,800006b8	 x25:0x00000000 x25:0x00000000
       31885000	      3187	8000066c	01fce8b3	or	x17,x25,x31	 x25:0x00000000 x31:0x00000000 x17=0x00000000
       31895000	      3188	80000670	00000013	addi	x0,x0,0	  x0:0x00000000
       31905000	      3189	80000674	41af0733	sub	x14,x30,x26	 x30:0x00000000 x26:0x00000482 x14=0xfffffb7e
       31915000	      3190	80000678	a6777a17	auipc	x20,0xa6777	 x20=0x26777674
       31925000	      3191	8000067c	00715133	srl	x2,x2,x7	  x2:0x0000010c  x7:0xfffffdc4  x2=0x00000010
       31935000	      3192	80000680	a6637093	andi	x1,x6,-1434	  x6:0x3faeb7df  x1=0x3faeb246
       31945000	      3193	80000684	04e95663	bge	x18,x14,800006d0	 x18:0x3faeb7df x14:0xfffffb7e
       31955000	      3194	00000000	00000013	addi	x0,x0,0	  x0:0x00000000
       31965000	      3195	800006cc	00000013	addi	x0,x0,0	  x0:0x00000000
       31975000	      3196	800006d0	013af463	bgeu	x21,x19,800006d8	 x21:0x80001400 x19:0x00000000
       31985000	      3197	00000000	00000013	addi	x0,x0,0	  x0:0x00000000
       31995000	      3198	800006d4	00000013	addi	x0,x0,0	  x0:0x00000000
       32005000	      3199	800006d8	01807433	and	x8,x0,x24	  x0:0x00000000 x24:0x00000000  x8=0x00000000
       32015000	      3200	800006dc	00000f97	auipc	x31,0x0	 x31=0x800006d8
       32025000	      3201	800006e0	00cf8f93	addi	x31,x31,12	 x31:0x800006d8 x31=0x800006e4
       32035000	      3202	800006e4	000f8067	jalr	x0,x31,0	 x31:0x800006e4
       32045000	      3203	00000000	00000013	addi	x0,x0,0	  x0:0x00000000
       32055000	      3204	800006e4	00000013	addi	x0,x0,0	  x0:0x00000000
       32065000	      3205	800006e8	00100193	addi	x3,x0,1	  x0:0x00000000  x3=0x00000001
       32075000	      3206	800006ec	00000073	ecall	
       32085000	      3207	800006f0	00346933	or	x18,x8,x3	  x8:0x00000000  x3:0x00000001 x18=0x00000001
