		Time			Cycle	PC		Insn	Decoded instruction	Register and memory contents
          65000	         5	80000004	00000293	addi	x5,x0,0	  x0:0x00000000  x5=0x00000000
          75000	         6	80000008	00000313	addi	x6,x0,0	  x0:0x00000000  x6=0x00000000
          85000	         7	8000000c	00628263	beq	x5,x6,80000010	  x5:0x00000000  x6:0x00000000
          95000	         8	00000000	00000013	addi	x0,x0,0	  x0:0x00000000
         105000	         9	8000000c	00000013	addi	x0,x0,0	  x0:0x00000000
         115000	        10	80000010	00000597	auipc	x11,0x0	 x11=0x8000000c
         125000	        11	80000014	00c58593	addi	x11,x11,12	 x11:0x8000000c x11=0x80000018
         135000	        12	80000018	00058067	jalr	x0,x11,0	 x11:0x80000018
         145000	        13	00000000	00000013	addi	x0,x0,0	  x0:0x00000000
         155000	        14	80000018	00000013	addi	x0,x0,0	  x0:0x00000000
         165000	        15	8000001c	40000cb7	lui	x25,0x40000	 x25=0x40000000
         175000	        16	80000020	100c8c93	addi	x25,x25,256	 x25:0x40000000 x25=0x40000100
         185000	        17	80000024	00000013	addi	x0,x0,0	  x0:0x00000000
         195000	        18	80000028	0000a697	auipc	x13,0xa	 x13=0x8000a024
         205000	        19	8000002c	fa068693	addi	x13,x13,-96	 x13:0x8000a024 x13=0x80009fc4
         215000	        20	80000030	00004c97	auipc	x25,0x4	 x25=0x8000402c
         225000	        21	80000034	824c8c93	addi	x25,x25,-2012	 x25:0x8000402c x25=0x80003850
         235000	        22	80000038	001cec93	ori	x25,x25,1	 x25:0x80003850 x25=0x80003851
         245000	        23	8000003c	00000013	addi	x0,x0,0	  x0:0x00000000
         255000	        24	80000040	00000c97	auipc	x25,0x0	 x25=0x8000003c
         265000	        25	80000044	020c8c93	addi	x25,x25,32	 x25:0x8000003c x25=0x8000005c
         275000	        26	80000048	00000013	addi	x0,x0,0	  x0:0x00000000
         285000	        27	8000004c	00000013	addi	x0,x0,0	  x0:0x00000000
         295000	        28	80000050	00002cb7	lui	x25,0x2	 x25=0x00002000
         305000	        29	80000054	800c8c93	addi	x25,x25,-2048	 x25:0x00002000 x25=0x00001800
         315000	        30	80000058	00000013	addi	x0,x0,0	  x0:0x00000000
         325000	        31	8000005c	00000013	addi	x0,x0,0	  x0:0x00000000
         335000	        32	80000060	80000037	lui	x0,0x80000	
         345000	        33	80000064	00000013	addi	x0,x0,0	  x0:0x00000000
         355000	        34	80000068	00000093	addi	x1,x0,0	  x0:0x00000000  x1=0x00000000
         365000	        35	8000006c	00f00113	addi	x2,x0,15	  x0:0x00000000  x2=0x0000000f
         375000	        36	80000070	fdf2b1b7	lui	x3,0xfdf2b	  x3=0xfdf2b000
         385000	        37	80000074	9ef18193	addi	x3,x3,-1553	  x3:0xfdf2b000  x3=0xfdf2a9ef
         395000	        38	80000078	80000237	lui	x4,0x80000	  x4=0x80000000
         405000	        39	8000007c	7e5972b7	lui	x5,0x7e597	  x5=0x7e597000
         415000	        40	80000080	8d828293	addi	x5,x5,-1832	  x5:0x7e597000  x5=0x7e5968d8
         425000	        41	80000084	80000337	lui	x6,0x80000	  x6=0x80000000
         435000	        42	80000088	5db253b7	lui	x7,0x5db25	  x7=0x5db25000
         445000	        43	8000008c	fbe38393	addi	x7,x7,-66	  x7:0x5db25000  x7=0x5db24fbe
         455000	        44	80000090	fae78437	lui	x8,0xfae78	  x8=0xfae78000
         465000	        45	80000094	48540413	addi	x8,x8,1157	  x8:0xfae78000  x8=0xfae78485
         475000	        46	80000098	65a1f4b7	lui	x9,0x65a1f	  x9=0x65a1f000
         485000	        47	8000009c	04f48493	addi	x9,x9,79	  x9:0x65a1f000  x9=0x65a1f04f
         495000	        48	800000a0	80000537	lui	x10,0x80000	 x10=0x80000000
         505000	        49	800000a4	f89815b7	lui	x11,0xf8981	 x11=0xf8981000
         515000	        50	800000a8	89d58593	addi	x11,x11,-1891	 x11:0xf8981000 x11=0xf898089d
         525000	        51	800000ac	f6fee637	lui	x12,0xf6fee	 x12=0xf6fee000
         535000	        52	800000b0	5c560613	addi	x12,x12,1477	 x12:0xf6fee000 x12=0xf6fee5c5
         545000	        53	800000b4	2aa40737	lui	x14,0x2aa40	 x14=0x2aa40000
         555000	        54	800000b8	08670713	addi	x14,x14,134	 x14:0x2aa40000 x14=0x2aa40086
         565000	        55	800000bc	fe58c837	lui	x16,0xfe58c	 x16=0xfe58c000
         575000	        56	800000c0	ff680813	addi	x16,x16,-10	 x16:0xfe58c000 x16=0xfe58bff6
         585000	        57	800000c4	fab798b7	lui	x17,0xfab79	 x17=0xfab79000
         595000	        58	800000c8	43288893	addi	x17,x17,1074	 x17:0xfab79000 x17=0xfab79432
         605000	        59	800000cc	f7343937	lui	x18,0xf7343	 x18=0xf7343000
         615000	        60	800000d0	50b90913	addi	x18,x18,1291	 x18:0xf7343000 x18=0xf734350b
         625000	        61	800000d4	00000993	addi	x19,x0,0	  x0:0x00000000 x19=0x00000000
         635000	        62	800000d8	fcd2aa37	lui	x20,0xfcd2a	 x20=0xfcd2a000
         645000	        63	800000dc	e86a0a13	addi	x20,x20,-378	 x20:0xfcd2a000 x20=0xfcd29e86
         655000	        64	800000e0	00000a93	addi	x21,x0,0	  x0:0x00000000 x21=0x00000000
         665000	        65	800000e4	b2dd7b37	lui	x22,0xb2dd7	 x22=0xb2dd7000
         675000	        66	800000e8	effb0b13	addi	x22,x22,-257	 x22:0xb2dd7000 x22=0xb2dd6eff
         685000	        67	800000ec	80000bb7	lui	x23,0x80000	 x23=0x80000000
         695000	        68	800000f0	00000c13	addi	x24,x0,0	  x0:0x00000000 x24=0x00000000
         705000	        69	800000f4	00000c93	addi	x25,x0,0	  x0:0x00000000 x25=0x00000000
         715000	        70	800000f8	fa9a3d37	lui	x26,0xfa9a3	 x26=0xfa9a3000
         725000	        71	800000fc	c83d0d13	addi	x26,x26,-893	 x26:0xfa9a3000 x26=0xfa9a2c83
         735000	        72	80000100	80000db7	lui	x27,0x80000	 x27=0x80000000
         745000	        73	80000104	00d00e13	addi	x28,x0,13	  x0:0x00000000 x28=0x0000000d
         755000	        74	80000108	00600e93	addi	x29,x0,6	  x0:0x00000000 x29=0x00000006
         765000	        75	8000010c	00800f13	addi	x30,x0,8	  x0:0x00000000 x30=0x00000008
         775000	        76	80000110	00400f93	addi	x31,x0,4	  x0:0x00000000 x31=0x00000004
         785000	        77	80000114	0000a797	auipc	x15,0xa	 x15=0x8000a110
         795000	        78	80000118	e7478793	addi	x15,x15,-396	 x15:0x8000a110 x15=0x80009f84
         805000	        79	8000011c	00400e13	addi	x28,x0,4	  x0:0x00000000 x28=0x00000004
         815000	        80	80000120	018ed8b3	srl	x17,x29,x24	 x29:0x00000006 x24:0x00000000 x17=0x00000006
         825000	        81	80000124	00d35c93	srli	x25,x6,0xd	  x6:0x80000000 x25=0x00040000
         835000	        82	80000128	01c481b3	add	x3,x9,x28	  x9:0x65a1f04f x28:0x00000004  x3=0x65a1f053
         845000	        83	8000012c	00bd5513	srli	x10,x26,0xb	 x26:0xfa9a2c83 x10=0x001f5345
         855000	        84	80000130	9778e213	ori	x4,x17,-1673	 x17:0x00000006  x4=0xfffff977
         865000	        85	80000134	41cfd633	sra	x12,x31,x28	 x31:0x00000004 x28:0x00000004 x12=0x00000000
         875000	        86	80000138	00315133	srl	x2,x2,x3	  x2:0x0000000f  x3:0x65a1f053  x2=0x00000000
         885000	        87	8000013c	00e6a533	slt	x10,x13,x14	 x13:0x80009fc4 x14:0x2aa40086 x10=0x00000001
         895000	        88	80000140	e885c4b7	lui	x9,0xe885c	  x9=0xe885c000
         905000	        89	80000144	00c89db3	sll	x27,x17,x12	 x17:0x00000006 x12:0x00000000 x27=0x00000006
         915000	        90	80000148	ffc00c13	addi	x24,x0,-4	  x0:0x00000000 x24=0xfffffffc
         925000	        91	8000014c	0044b0b3	sltu	x1,x9,x4	  x9:0xe885c000  x4:0xfffff977  x1=0x00000001
         935000	        92	80000150	00838933	add	x18,x7,x8	  x7:0x5db24fbe  x8:0xfae78485 x18=0x5899d443
         945000	        93	80000154	0189aeb3	slt	x29,x19,x24	 x19:0x00000000 x24:0xfffffffc x29=0x00000000
         955000	        94	80000158	381da293	slti	x5,x27,897	 x27:0x00000006  x5=0x00000001
         965000	        95	8000015c	ff8e0e13	addi	x28,x28,-8	 x28:0x00000004 x28=0xfffffffc
         975000	        96	80000160	0076a033	slt	x0,x13,x7	 x13:0x80009fc4  x7:0x5db24fbe
         985000	        97	80000164	41ef0333	sub	x6,x30,x30	 x30:0x00000008 x30:0x00000008  x6=0x00000000
         995000	        98	80000168	01cf59b3	srl	x19,x30,x28	 x30:0x00000008 x28:0xfffffffc x19=0x00000000
        1005000	        99	8000016c	016a9333	sll	x6,x21,x22	 x21:0x00000000 x22:0xb2dd6eff  x6=0x00000000
        1015000	       100	80000170	01357db3	and	x27,x10,x19	 x10:0x00000001 x19:0x00000000 x27=0x00000000
        1025000	       101	80000174	dbd28b37	lui	x22,0xdbd28	 x22=0xdbd28000
        1035000	       102	80000178	01379713	slli	x14,x15,0x13	 x15:0x80009f84 x14=0xfc200000
        1045000	       103	8000017c	fd8e5ce3	bge	x28,x24,80000154	 x28:0xfffffffc x24:0xfffffffc
        1055000	       104	00000000	00000013	addi	x0,x0,0	  x0:0x00000000
        1065000	       105	80000150	00000013	addi	x0,x0,0	  x0:0x00000000
        1075000	       106	80000154	0189aeb3	slt	x29,x19,x24	 x19:0x00000000 x24:0xfffffffc x29=0x00000000
        1085000	       107	80000158	381da293	slti	x5,x27,897	 x27:0x00000000  x5=0x00000001
        1095000	       108	8000015c	ff8e0e13	addi	x28,x28,-8	 x28:0xfffffffc x28=0xfffffff4
        1105000	       109	80000160	0076a033	slt	x0,x13,x7	 x13:0x80009fc4  x7:0x5db24fbe
        1115000	       110	80000164	41ef0333	sub	x6,x30,x30	 x30:0x00000008 x30:0x00000008  x6=0x00000000
        1125000	       111	80000168	01cf59b3	srl	x19,x30,x28	 x30:0x00000008 x28:0xfffffff4 x19=0x00000000
        1135000	       112	8000016c	016a9333	sll	x6,x21,x22	 x21:0x00000000 x22:0xdbd28000  x6=0x00000000
        1145000	       113	80000170	01357db3	and	x27,x10,x19	 x10:0x00000001 x19:0x00000000 x27=0x00000000
        1155000	       114	80000174	dbd28b37	lui	x22,0xdbd28	 x22=0xdbd28000
        1165000	       115	80000178	01379713	slli	x14,x15,0x13	 x15:0x80009f84 x14=0xfc200000
        1175000	       116	8000017c	fd8e5ce3	bge	x28,x24,80000154	 x28:0xfffffff4 x24:0xfffffffc
        1185000	       117	80000180	011f9813	slli	x16,x31,0x11	 x31:0x00000004 x16=0x00080000
        1195000	       118	80000184	ffc00893	addi	x17,x0,-4	  x0:0x00000000 x17=0xfffffffc
        1205000	       119	80000188	01e5d413	srli	x8,x11,0x1e	 x11:0xf898089d  x8=0x00000003
        1215000	       120	8000018c	ff600a13	addi	x20,x0,-10	  x0:0x00000000 x20=0xfffffff6
        1225000	       121	80000190	01af1013	slli	x0,x30,0x1a	 x30:0x00000008
        1235000	       122	80000194	698dc217	auipc	x4,0x698dc	  x4=0xe98dc190
        1245000	       123	80000198	011e9293	slli	x5,x29,0x11	 x29:0x00000000  x5=0x00000000
        1255000	       124	8000019c	00000013	addi	x0,x0,0	  x0:0x00000000
        1265000	       125	800001a0	00e44633	xor	x12,x8,x14	  x8:0x00000003 x14:0xfc200000 x12=0xfc200003
        1275000	       126	800001a4	00499113	slli	x2,x19,0x4	 x19:0x00000000  x2=0x00000000
        1285000	       127	800001a8	008d51b3	srl	x3,x26,x8	 x26:0xfa9a2c83  x8:0x00000003  x3=0x1f534590
        1295000	       128	800001ac	ffd88893	addi	x17,x17,-3	 x17:0xfffffffc x17=0xfffffff9
        1305000	       129	800001b0	0173a533	slt	x10,x7,x23	  x7:0x5db24fbe x23:0x80000000 x10=0x00000000
        1315000	       130	800001b4	00a00093	addi	x1,x0,10	  x0:0x00000000  x1=0x0000000a
        1325000	       131	800001b8	01b7ffb3	and	x31,x15,x27	 x15:0x80009f84 x27:0x00000000 x31=0x00000000
        1335000	       132	800001bc	00400d93	addi	x27,x0,4	  x0:0x00000000 x27=0x00000004
        1345000	       133	800001c0	007b7c33	and	x24,x22,x7	 x22:0xdbd28000  x7:0x5db24fbe x24=0x59920000
        1355000	       134	800001c4	013862b3	or	x5,x16,x19	 x16:0x00080000 x19:0x00000000  x5=0x00080000
        1365000	       135	800001c8	ffd08093	addi	x1,x1,-3	  x1:0x0000000a  x1=0x00000007
        1375000	       136	800001cc	ffb08ae3	beq	x1,x27,800001c0	  x1:0x00000007 x27:0x00000004
        1385000	       137	800001d0	00835413	srli	x8,x6,0x8	  x6:0x00000000  x8=0x00000000
        1395000	       138	800001d4	0fecf613	andi	x12,x25,254	 x25:0x00040000 x12=0x00000000
        1405000	       139	800001d8	01d5dd13	srli	x26,x11,0x1d	 x11:0xf898089d x26=0x00000007
        1415000	       140	800001dc	fd4880e3	beq	x17,x20,8000019c	 x17:0xfffffff9 x20:0xfffffff6
        1425000	       141	800001e0	00192633	slt	x12,x18,x1	 x18:0x5899d443  x1:0x00000007 x12=0x00000000
        1435000	       142	800001e4	00900f93	addi	x31,x0,9	  x0:0x00000000 x31=0x00000009
        1445000	       143	800001e8	01256e33	or	x28,x10,x18	 x10:0x00000000 x18:0x5899d443 x28=0x5899d443
        1455000	       144	800001ec	2c632813	slti	x16,x6,710	  x6:0x00000000 x16=0x00000001
        1465000	       145	800001f0	00f46eb3	or	x29,x8,x15	  x8:0x00000000 x15:0x80009f84 x29=0x80009f84
        1475000	       146	800001f4	01c0beb3	sltu	x29,x1,x28	  x1:0x00000007 x28:0x5899d443 x29=0x00000001
        1485000	       147	800001f8	01121393	slli	x7,x4,0x11	  x4:0xe98dc190  x7=0x83200000
        1495000	       148	800001fc	00900713	addi	x14,x0,9	  x0:0x00000000 x14=0x00000009
        1505000	       149	80000200	0075a833	slt	x16,x11,x7	 x11:0xf898089d  x7:0x83200000 x16=0x00000000
        1515000	       150	80000204	6d1e0413	addi	x8,x28,1745	 x28:0x5899d443  x8=0x5899db14
        1525000	       151	80000208	40e55f13	srai	x30,x10,0xe	 x10:0x00000000 x30=0x00000000
        1535000	       152	8000020c	ffbf8f93	addi	x31,x31,-5	 x31:0x00000009 x31=0x00000004
        1545000	       153	80000210	ffd00093	addi	x1,x0,-3	  x0:0x00000000  x1=0xfffffffd
        1555000	       154	80000214	01c87033	and	x0,x16,x28	 x16:0x00000000 x28:0x5899d443
        1565000	       155	80000218	ca8a8913	addi	x18,x21,-856	 x21:0x00000000 x18=0xfffffca8
        1575000	       156	8000021c	00906633	or	x12,x0,x9	  x0:0x00000000  x9:0xe885c000 x12=0xe885c000
        1585000	       157	80000220	16f38493	addi	x9,x7,367	  x7:0x83200000  x9=0x8320016f
        1595000	       158	80000224	00b00293	addi	x5,x0,11	  x0:0x00000000  x5=0x0000000b
        1605000	       159	80000228	012034b3	sltu	x9,x0,x18	  x0:0x00000000 x18:0xfffffca8  x9=0x00000001
        1615000	       160	8000022c	656b0637	lui	x12,0x656b0	 x12=0x656b0000
        1625000	       161	80000230	01fd68b3	or	x17,x26,x31	 x26:0x00000007 x31:0x00000004 x17=0x00000007
        1635000	       162	80000234	40018db3	sub	x27,x3,x0	  x3:0x1f534590  x0:0x00000000 x27=0x1f534590
        1645000	       163	80000238	40d9db33	sra	x22,x19,x13	 x19:0x00000000 x13:0x80009fc4 x22=0x00000000
        1655000	       164	8000023c	01bb5c93	srli	x25,x22,0x1b	 x22:0x00000000 x25=0x00000000
        1665000	       165	80000240	00708093	addi	x1,x1,7	  x1:0xfffffffd  x1=0x00000004
        1675000	       166	80000244	413d5d33	sra	x26,x26,x19	 x26:0x00000007 x19:0x00000000 x26=0x00000007
        1685000	       167	80000248	fe5096e3	bne	x1,x5,80000234	  x1:0x00000004  x5:0x0000000b
        1695000	       168	00000000	00000013	addi	x0,x0,0	  x0:0x00000000
        1705000	       169	80000230	00000013	addi	x0,x0,0	  x0:0x00000000
        1715000	       170	80000234	40018db3	sub	x27,x3,x0	  x3:0x1f534590  x0:0x00000000 x27=0x1f534590
        1725000	       171	80000238	40d9db33	sra	x22,x19,x13	 x19:0x00000000 x13:0x80009fc4 x22=0x00000000
        1735000	       172	8000023c	01bb5c93	srli	x25,x22,0x1b	 x22:0x00000000 x25=0x00000000
        1745000	       173	80000240	00708093	addi	x1,x1,7	  x1:0x00000004  x1=0x0000000b
        1755000	       174	80000244	413d5d33	sra	x26,x26,x19	 x26:0x00000007 x19:0x00000000 x26=0x00000007
        1765000	       175	80000248	fe5096e3	bne	x1,x5,80000234	  x1:0x0000000b  x5:0x0000000b
        1775000	       176	8000024c	3c89c937	lui	x18,0x3c89c	 x18=0x3c89c000
        1785000	       177	80000250	00e15893	srli	x17,x2,0xe	  x2:0x00000000 x17=0x00000000
        1795000	       178	80000254	ef5bfb93	andi	x23,x23,-267	 x23:0x80000000 x23=0x80000000
        1805000	       179	80000258	74d1a893	slti	x17,x3,1869	  x3:0x1f534590 x17=0x00000000
        1815000	       180	8000025c	00f5a1b3	slt	x3,x11,x15	 x11:0xf898089d x15:0x80009f84  x3=0x00000000
        1825000	       181	80000260	faeff2e3	bgeu	x31,x14,80000204	 x31:0x00000004 x14:0x00000009
        1835000	       182	80000264	37276393	ori	x7,x14,882	 x14:0x00000009  x7=0x0000037b
        1845000	       183	80000268	00a00613	addi	x12,x0,10	  x0:0x00000000 x12=0x0000000a
        1855000	       184	8000026c	00a00313	addi	x6,x0,10	  x0:0x00000000  x6=0x0000000a
        1865000	       185	80000270	00bcedb3	or	x27,x25,x11	 x25:0x00000000 x11:0xf898089d x27=0xf898089d
        1875000	       186	80000274	013af933	and	x18,x21,x19	 x21:0x00000000 x19:0x00000000 x18=0x00000000
        1885000	       187	80000278	ff760613	addi	x12,x12,-9	 x12:0x0000000a x12=0x00000001
        1895000	       188	8000027c	00400a93	addi	x21,x0,4	  x0:0x00000000 x21=0x00000004
        1905000	       189	80000280	00fa5193	srli	x3,x20,0xf	 x20:0xfffffff6  x3=0x0001ffff
        1915000	       190	80000284	00c00c93	addi	x25,x0,12	  x0:0x00000000 x25=0x0000000c
        1925000	       191	80000288	e949bd13	sltiu	x26,x19,-364	 x19:0x00000000 x26=0x00000001
        1935000	       192	8000028c	008a8a93	addi	x21,x21,8	 x21:0x00000004 x21=0x0000000c
        1945000	       193	80000290	ff9a9ce3	bne	x21,x25,80000288	 x21:0x0000000c x25:0x0000000c
        1955000	       194	80000294	fc667ee3	bgeu	x12,x6,80000270	 x12:0x00000001  x6:0x0000000a
        1965000	       195	80000298	0003e533	or	x10,x7,x0	  x7:0x0000037b  x0:0x00000000 x10=0x0000037b
        1975000	       196	8000029c	e2c3cd93	xori	x27,x7,-468	  x7:0x0000037b x27=0xfffffd57
        1985000	       197	800002a0	02888263	beq	x17,x8,800002c4	 x17:0x00000000  x8:0x5899db14
        1995000	       198	800002a4	4a9ccf13	xori	x30,x25,1193	 x25:0x0000000c x30=0x000004a5
        2005000	       199	800002a8	01c38433	add	x8,x7,x28	  x7:0x0000037b x28:0x5899d443  x8=0x5899d7be
        2015000	       200	800002ac	c2342e13	slti	x28,x8,-989	  x8:0x5899d7be x28=0x00000000
        2025000	       201	800002b0	00e99493	slli	x9,x19,0xe	 x19:0x00000000  x9=0x00000000
        2035000	       202	800002b4	0163b3b3	sltu	x7,x7,x22	  x7:0x0000037b x22:0x00000000  x7=0x00000000
        2045000	       203	800002b8	41b45013	srai	x0,x8,0x1b	  x8:0x5899d7be
        2055000	       204	800002bc	86dd3493	sltiu	x9,x26,-1939	 x26:0x00000001  x9=0x00000001
        2065000	       205	800002c0	40ef5cb3	sra	x25,x30,x14	 x30:0x000004a5 x14:0x00000009 x25=0x00000002
        2075000	       206	800002c4	1251fc93	andi	x25,x3,293	  x3:0x0001ffff x25=0x00000125
        2085000	       207	800002c8	01dc9fb3	sll	x31,x25,x29	 x25:0x00000125 x29:0x00000001 x31=0x0000024a
        2095000	       208	800002cc	00ad2b33	slt	x22,x26,x10	 x26:0x00000001 x10:0x0000037b x22=0x00000001
        2105000	       209	800002d0	a9bae813	ori	x16,x21,-1381	 x21:0x0000000c x16=0xfffffa9f
        2115000	       210	800002d4	b9fc9b97	auipc	x23,0xb9fc9	 x23=0x39fc92d0
        2125000	       211	800002d8	604a4a97	auipc	x21,0x604a4	 x21=0xe04a42d4
        2135000	       212	800002dc	004d8db3	add	x27,x27,x4	 x27:0xfffffd57  x4:0xe98dc190 x27=0xe98dbee7
        2145000	       213	800002e0	1de34a13	xori	x20,x6,478	  x6:0x0000000a x20=0x000001d4
        2155000	       214	800002e4	00b80263	beq	x16,x11,800002e8	 x16:0xfffffa9f x11:0xf898089d
        2165000	       215	800002e8	675ae2b7	lui	x5,0x675ae	  x5=0x675ae000
        2175000	       216	800002ec	00616c63	bltu	x2,x6,80000304	  x2:0x00000000  x6:0x0000000a
        2185000	       217	00000000	00000013	addi	x0,x0,0	  x0:0x00000000
        2195000	       218	80000300	00000013	addi	x0,x0,0	  x0:0x00000000
        2205000	       219	80000304	00000013	addi	x0,x0,0	  x0:0x00000000
        2215000	       220	80000308	04460863	beq	x12,x4,80000358	 x12:0x00000001  x4:0xe98dc190
        2225000	       221	8000030c	8c2a4c93	xori	x25,x20,-1854	 x20:0x000001d4 x25=0xfffff916
        2235000	       222	80000310	9e260d97	auipc	x27,0x9e260	 x27=0x1e26030c
        2245000	       223	80000314	c9e7fd93	andi	x27,x15,-866	 x15:0x80009f84 x27=0x80009c84
        2255000	       224	80000318	a6ba7e13	andi	x28,x20,-1429	 x20:0x000001d4 x28=0x00000040
        2265000	       225	8000031c	01b478b3	and	x17,x8,x27	  x8:0x5899d7be x27:0x80009c84 x17=0x00009484
        2275000	       226	80000320	00000497	auipc	x9,0x0	  x9=0x8000031c
        2285000	       227	80000324	39448493	addi	x9,x9,916	  x9:0x8000031c  x9=0x800006b0
        2295000	       228	80000328	00863233	sltu	x4,x12,x8	 x12:0x00000001  x8:0x5899d7be  x4=0x00000001
        2305000	       229	8000032c	c1c48493	addi	x9,x9,-996	  x9:0x800006b0  x9=0x800002cc
        2315000	       230	80000330	f0281997	auipc	x19,0xf0281	 x19=0x7028132c
        2325000	       231	80000334	d6f73d93	sltiu	x27,x14,-657	 x14:0x00000009 x27=0x00000001
        2335000	       232	80000338	a2c94b17	auipc	x22,0xa2c94	 x22=0x22c94334
        2345000	       233	8000033c	3e4480e7	jalr	x1,x9,996	  x9:0x800002cc  x1=0x8000033c
        2355000	       234	00000000	00000013	addi	x0,x0,0	  x0:0x00000000
        2365000	       235	800006b0	00000013	addi	x0,x0,0	  x0:0x00000000
        2375000	       236	800006b4	00000013	addi	x0,x0,0	  x0:0x00000000
        2385000	       237	800006b8	746f2813	slti	x16,x30,1862	 x30:0x000004a5 x16=0x00000001
        2395000	       238	800006bc	01977463	bgeu	x14,x25,800006c4	 x14:0x00000009 x25:0xfffff916
        2405000	       239	800006c0	90ce3b17	auipc	x22,0x90ce3	 x22=0x10ce36bc
        2415000	       240	800006c4	fec78793	addi	x15,x15,-20	 x15:0x80009f84 x15=0x80009f70
        2425000	       241	800006c8	0017a223	sw	x1,4(x15)	 x15:0x80009f70  x1:0x8000033c PA:0x80009f74
        2435000	       242	800006cc	270b4a13	xori	x20,x22,624	 x22:0x10ce36bc x20=0x10ce34cc
        2445000	       243	800006d0	01660db3	add	x27,x12,x22	 x12:0x00000001 x22:0x10ce36bc x27=0x10ce36bd
        2455000	       244	800006d4	015b7033	and	x0,x22,x21	 x22:0x10ce36bc x21:0xe04a42d4
        2465000	       245	800006d8	00da8fb3	add	x31,x21,x13	 x21:0xe04a42d4 x13:0x80009fc4 x31=0x604ae298
        2475000	       246	800006dc	001534b3	sltu	x9,x10,x1	 x10:0x0000037b  x1:0x8000033c  x9=0x00000001
        2485000	       247	800006e0	9228ea93	ori	x21,x17,-1758	 x17:0x00009484 x21=0xfffffda6
        2495000	       248	800006e4	4f8010ef	jal	x1,800006e4	  x1=0x800006e4
        2505000	       249	00000000	00000013	addi	x0,x0,0	  x0:0x00000000
        2515000	       250	80001bd8	00000013	addi	x0,x0,0	  x0:0x00000000
        2525000	       251	80001bdc	00000013	addi	x0,x0,0	  x0:0x00000000
        2535000	       252	80001be0	418bd113	srai	x2,x23,0x18	 x23:0x39fc92d0  x2=0x00000039
        2545000	       253	80001be4	00000013	addi	x0,x0,0	  x0:0x00000000
        2555000	       254	80001be8	fe078793	addi	x15,x15,-32	 x15:0x80009f70 x15=0x80009f50
        2565000	       255	80001bec	0017a223	sw	x1,4(x15)	 x15:0x80009f50  x1:0x800006e4 PA:0x80009f54
        2575000	       256	80001bf0	409ed813	srai	x16,x29,0x9	 x29:0x00000001 x16=0x00000000
        2585000	       257	80001bf4	fff00b13	addi	x22,x0,-1	  x0:0x00000000 x22=0xffffffff
        2595000	       258	80001bf8	00300413	addi	x8,x0,3	  x0:0x00000000  x8=0x00000003
        2605000	       259	80001bfc	008c6133	or	x2,x24,x8	 x24:0x59920000  x8:0x00000003  x2=0x59920003
        2615000	       260	80001c00	004b0b13	addi	x22,x22,4	 x22:0xffffffff x22=0x00000003
        2625000	       261	80001c04	ffa00993	addi	x19,x0,-6	  x0:0x00000000 x19=0xfffffffa
        2635000	       262	80001c08	537ae193	ori	x3,x21,1335	 x21:0xfffffda6  x3=0xfffffdb7
        2645000	       263	80001c0c	ff500f93	addi	x31,x0,-11	  x0:0x00000000 x31=0xfffffff5
        2655000	       264	80001c10	00000013	addi	x0,x0,0	  x0:0x00000000
        2665000	       265	80001c14	ff798993	addi	x19,x19,-9	 x19:0xfffffffa x19=0xfffffff1
        2675000	       266	80001c18	fff9dce3	bge	x19,x31,80001c10	 x19:0xfffffff1 x31:0xfffffff5
        2685000	       267	80001c1c	fe8b10e3	bne	x22,x8,80001bfc	 x22:0x00000003  x8:0x00000003
        2695000	       268	80001c20	00591013	slli	x0,x18,0x5	 x18:0x00000000
        2705000	       269	80001c24	ff600493	addi	x9,x0,-10	  x0:0x00000000  x9=0xfffffff6
        2715000	       270	80001c28	5a88fb93	andi	x23,x17,1448	 x17:0x00009484 x23=0x00000480
        2725000	       271	80001c2c	aadb4893	xori	x17,x22,-1363	 x22:0x00000003 x17=0xfffffaae
        2735000	       272	80001c30	b08a4413	xori	x8,x20,-1272	 x20:0x10ce34cc  x8=0xef31cfc4
        2745000	       273	80001c34	a10e0e13	addi	x28,x28,-1520	 x28:0x00000040 x28=0xfffffa50
        2755000	       274	80001c38	41570f33	sub	x30,x14,x21	 x14:0x00000009 x21:0xfffffda6 x30=0x00000263
        2765000	       275	80001c3c	00b65b33	srl	x22,x12,x11	 x12:0x00000001 x11:0xf898089d x22=0x00000000
        2775000	       276	80001c40	b9892d13	slti	x26,x18,-1128	 x18:0x00000000 x26=0x00000000
        2785000	       277	80001c44	00ceb133	sltu	x2,x29,x12	 x29:0x00000001 x12:0x00000001  x2=0x00000000
        2795000	       278	80001c48	00000013	addi	x0,x0,0	  x0:0x00000000
        2805000	       279	80001c4c	0b50ba13	sltiu	x20,x1,181	  x1:0x800006e4 x20=0x00000000
        2815000	       280	80001c50	fac6b213	sltiu	x4,x13,-84	 x13:0x80009fc4  x4=0x00000001
        2825000	       281	80001c54	3b8a4c13	xori	x24,x20,952	 x20:0x00000000 x24=0x000003b8
        2835000	       282	80001c58	00f4df13	srli	x30,x9,0xf	  x9:0xfffffff6 x30=0x0001ffff
        2845000	       283	80001c5c	01491a33	sll	x20,x18,x20	 x18:0x00000000 x20:0x00000000 x20=0x00000000
        2855000	       284	80001c60	52290997	auipc	x19,0x52290	 x19=0xd2291c5c
        2865000	       285	80001c64	b1664013	xori	x0,x12,-1258	 x12:0x00000001
        2875000	       286	80001c68	00400813	addi	x16,x0,4	  x0:0x00000000 x16=0x00000004
        2885000	       287	80001c6c	0fc7fc93	andi	x25,x15,252	 x15:0x80009f50 x25=0x00000050
        2895000	       288	80001c70	23d1edb7	lui	x27,0x23d1e	 x27=0x23d1e000
        2905000	       289	80001c74	f6f83b13	sltiu	x22,x16,-145	 x16:0x00000004 x22=0x00000001
        2915000	       290	80001c78	0066de13	srli	x28,x13,0x6	 x13:0x80009fc4 x28=0x0200027f
        2925000	       291	80001c7c	0174ba33	sltu	x20,x9,x23	  x9:0xfffffff6 x23:0x00000480 x20=0x00000000
        2935000	       292	80001c80	00748493	addi	x9,x9,7	  x9:0xfffffff6  x9=0xfffffffd
        2945000	       293	80001c84	ff0488e3	beq	x9,x16,80001c74	  x9:0xfffffffd x16:0x00000004
        2955000	       294	80001c88	40405913	srai	x18,x0,0x4	  x0:0x00000000 x18=0x00000000
        2965000	       295	80001c8c	00a00993	addi	x19,x0,10	  x0:0x00000000 x19=0x0000000a
        2975000	       296	80001c90	00600713	addi	x14,x0,6	  x0:0x00000000 x14=0x00000006
        2985000	       297	80001c94	0b936237	lui	x4,0xb936	  x4=0x0b936000
        2995000	       298	80001c98	00270433	add	x8,x14,x2	 x14:0x00000006  x2:0x00000000  x8=0x00000006
        3005000	       299	80001c9c	ffc98993	addi	x19,x19,-4	 x19:0x0000000a x19=0x00000006
        3015000	       300	80001ca0	3bcefd93	andi	x27,x29,956	 x29:0x00000001 x27=0x00000000
        3025000	       301	80001ca4	621ae013	ori	x0,x21,1569	 x21:0xfffffda6
        3035000	       302	80001ca8	011e2b33	slt	x22,x28,x17	 x28:0x0200027f x17:0xfffffaae x22=0x00000000
        3045000	       303	80001cac	ffd00093	addi	x1,x0,-3	  x0:0x00000000  x1=0xfffffffd
        3055000	       304	80001cb0	3f1ef113	andi	x2,x29,1009	 x29:0x00000001  x2=0x00000001
        3065000	       305	80001cb4	00d6e333	or	x6,x13,x13	 x13:0x80009fc4 x13:0x80009fc4  x6=0x80009fc4
        3075000	       306	80001cb8	003352b3	srl	x5,x6,x3	  x6:0x80009fc4  x3:0xfffffdb7  x5=0x00000100
        3085000	       307	80001cbc	94623a93	sltiu	x21,x4,-1722	  x4:0x0b936000 x21=0x00000001
        3095000	       308	80001cc0	ff400d13	addi	x26,x0,-12	  x0:0x00000000 x26=0xfffffff4
        3105000	       309	80001cc4	b9432817	auipc	x16,0xb9432	 x16=0x39433cc0
        3115000	       310	80001cc8	dafbfd93	andi	x27,x23,-593	 x23:0x00000480 x27=0x00000480
        3125000	       311	80001ccc	4169d033	sra	x0,x19,x22	 x19:0x00000006 x22:0x00000000
        3135000	       312	80001cd0	01fafb33	and	x22,x21,x31	 x21:0x00000001 x31:0xfffffff5 x22=0x00000001
        3145000	       313	80001cd4	fa67ae93	slti	x29,x15,-90	 x15:0x80009f50 x29=0x00000001
        3155000	       314	80001cd8	ff708093	addi	x1,x1,-9	  x1:0xfffffffd  x1=0xfffffff4
        3165000	       315	80001cdc	3d13b313	sltiu	x6,x7,977	  x7:0x00000000  x6=0x00000001
        3175000	       316	80001ce0	33198293	addi	x5,x19,817	 x19:0x00000006  x5=0x00000337
        3185000	       317	80001ce4	ffa086e3	beq	x1,x26,80001cd0	  x1:0xfffffff4 x26:0xfffffff4
        3195000	       318	00000000	00000013	addi	x0,x0,0	  x0:0x00000000
        3205000	       319	80001ccc	00000013	addi	x0,x0,0	  x0:0x00000000
        3215000	       320	80001cd0	01fafb33	and	x22,x21,x31	 x21:0x00000001 x31:0xfffffff5 x22=0x00000001
        3225000	       321	80001cd4	fa67ae93	slti	x29,x15,-90	 x15:0x80009f50 x29=0x00000001
        3235000	       322	80001cd8	ff708093	addi	x1,x1,-9	  x1:0xfffffff4  x1=0xffffffeb
        3245000	       323	80001cdc	3d13b313	sltiu	x6,x7,977	  x7:0x00000000  x6=0x00000001
        3255000	       324	80001ce0	33198293	addi	x5,x19,817	 x19:0x00000006  x5=0x00000337
        3265000	       325	80001ce4	ffa086e3	beq	x1,x26,80001cd0	  x1:0xffffffeb x26:0xfffffff4
        3275000	       326	80001ce8	0057aeb3	slt	x29,x15,x5	 x15:0x80009f50  x5:0x00000337 x29=0x00000001
        3285000	       327	80001cec	13e00e13	addi	x28,x0,318	  x0:0x00000000 x28=0x0000013e
        3295000	       328	80001cf0	01399eb3	sll	x29,x19,x19	 x19:0x00000006 x19:0x00000006 x29=0x00000180
        3305000	       329	80001cf4	c2632db7	lui	x27,0xc2632	 x27=0xc2632000
        3315000	       330	80001cf8	012ce4b3	or	x9,x25,x18	 x25:0x00000050 x18:0x00000000  x9=0x00000050
        3325000	       331	80001cfc	0192cab3	xor	x21,x5,x25	  x5:0x00000337 x25:0x00000050 x21=0x00000367
        3335000	       332	80001d00	f8e9fae3	bgeu	x19,x14,80001c94	 x19:0x00000006 x14:0x00000006
        3345000	       333	00000000	00000013	addi	x0,x0,0	  x0:0x00000000
        3355000	       334	80001c90	00000013	addi	x0,x0,0	  x0:0x00000000
        3365000	       335	80001c94	0b936237	lui	x4,0xb936	  x4=0x0b936000
        3375000	       336	80001c98	00270433	add	x8,x14,x2	 x14:0x00000006  x2:0x00000001  x8=0x00000007
        3385000	       337	80001c9c	ffc98993	addi	x19,x19,-4	 x19:0x00000006 x19=0x00000002
        3395000	       338	80001ca0	3bcefd93	andi	x27,x29,956	 x29:0x00000180 x27=0x00000180
        3405000	       339	80001ca4	621ae013	ori	x0,x21,1569	 x21:0x00000367
        3415000	       340	80001ca8	011e2b33	slt	x22,x28,x17	 x28:0x0000013e x17:0xfffffaae x22=0x00000000
        3425000	       341	80001cac	ffd00093	addi	x1,x0,-3	  x0:0x00000000  x1=0xfffffffd
        3435000	       342	80001cb0	3f1ef113	andi	x2,x29,1009	 x29:0x00000180  x2=0x00000180
        3445000	       343	80001cb4	00d6e333	or	x6,x13,x13	 x13:0x80009fc4 x13:0x80009fc4  x6=0x80009fc4
        3455000	       344	80001cb8	003352b3	srl	x5,x6,x3	  x6:0x80009fc4  x3:0xfffffdb7  x5=0x00000100
        3465000	       345	80001cbc	94623a93	sltiu	x21,x4,-1722	  x4:0x0b936000 x21=0x00000001
        3475000	       346	80001cc0	ff400d13	addi	x26,x0,-12	  x0:0x00000000 x26=0xfffffff4
        3485000	       347	80001cc4	b9432817	auipc	x16,0xb9432	 x16=0x39433cc0
        3495000	       348	80001cc8	dafbfd93	andi	x27,x23,-593	 x23:0x00000480 x27=0x00000480
        3505000	       349	80001ccc	4169d033	sra	x0,x19,x22	 x19:0x00000002 x22:0x00000000
        3515000	       350	80001cd0	01fafb33	and	x22,x21,x31	 x21:0x00000001 x31:0xfffffff5 x22=0x00000001
        3525000	       351	80001cd4	fa67ae93	slti	x29,x15,-90	 x15:0x80009f50 x29=0x00000001
        3535000	       352	80001cd8	ff708093	addi	x1,x1,-9	  x1:0xfffffffd  x1=0xfffffff4
        3545000	       353	80001cdc	3d13b313	sltiu	x6,x7,977	  x7:0x00000000  x6=0x00000001
        3555000	       354	80001ce0	33198293	addi	x5,x19,817	 x19:0x00000002  x5=0x00000333
        3565000	       355	80001ce4	ffa086e3	beq	x1,x26,80001cd0	  x1:0xfffffff4 x26:0xfffffff4
        3575000	       356	00000000	00000013	addi	x0,x0,0	  x0:0x00000000
        3585000	       357	80001ccc	00000013	addi	x0,x0,0	  x0:0x00000000
        3595000	       358	80001cd0	01fafb33	and	x22,x21,x31	 x21:0x00000001 x31:0xfffffff5 x22=0x00000001
        3605000	       359	80001cd4	fa67ae93	slti	x29,x15,-90	 x15:0x80009f50 x29=0x00000001
        3615000	       360	80001cd8	ff708093	addi	x1,x1,-9	  x1:0xfffffff4  x1=0xffffffeb
        3625000	       361	80001cdc	3d13b313	sltiu	x6,x7,977	  x7:0x00000000  x6=0x00000001
        3635000	       362	80001ce0	33198293	addi	x5,x19,817	 x19:0x00000002  x5=0x00000333
        3645000	       363	80001ce4	ffa086e3	beq	x1,x26,80001cd0	  x1:0xffffffeb x26:0xfffffff4
        3655000	       364	80001ce8	0057aeb3	slt	x29,x15,x5	 x15:0x80009f50  x5:0x00000333 x29=0x00000001
        3665000	       365	80001cec	13e00e13	addi	x28,x0,318	  x0:0x00000000 x28=0x0000013e
        3675000	       366	80001cf0	01399eb3	sll	x29,x19,x19	 x19:0x00000002 x19:0x00000002 x29=0x00000008
        3685000	       367	80001cf4	c2632db7	lui	x27,0xc2632	 x27=0xc2632000
        3695000	       368	80001cf8	012ce4b3	or	x9,x25,x18	 x25:0x00000050 x18:0x00000000  x9=0x00000050
        3705000	       369	80001cfc	0192cab3	xor	x21,x5,x25	  x5:0x00000333 x25:0x00000050 x21=0x00000363
        3715000	       370	80001d00	f8e9fae3	bgeu	x19,x14,80001c94	 x19:0x00000002 x14:0x00000006
        3725000	       371	80001d04	418c0133	sub	x2,x24,x24	 x24:0x000003b8 x24:0x000003b8  x2=0x00000000
        3735000	       372	80001d08	00400f93	addi	x31,x0,4	  x0:0x00000000 x31=0x00000004
        3745000	       373	80001d0c	013ef433	and	x8,x29,x19	 x29:0x00000008 x19:0x00000002  x8=0x00000000
        3755000	       374	80001d10	85443013	sltiu	x0,x8,-1964	  x8:0x00000000
        3765000	       375	80001d14	b151a813	slti	x16,x3,-1259	  x3:0xfffffdb7 x16=0x00000000
        3775000	       376	80001d18	410a09b3	sub	x19,x20,x16	 x20:0x00000000 x16:0x00000000 x19=0x00000000
        3785000	       377	80001d1c	01c74933	xor	x18,x14,x28	 x14:0x00000006 x28:0x0000013e x18=0x00000138
        3795000	       378	80001d20	00400f13	addi	x30,x0,4	  x0:0x00000000 x30=0x00000004
        3805000	       379	80001d24	7548f037	lui	x0,0x7548f	
        3815000	       380	80001d28	01c250b3	srl	x1,x4,x28	  x4:0x0b936000 x28:0x0000013e  x1=0x00000000
        3825000	       381	80001d2c	eff78537	lui	x10,0xeff78	 x10=0xeff78000
        3835000	       382	80001d30	eaccce93	xori	x29,x25,-340	 x25:0x00000050 x29=0xfffffefc
        3845000	       383	80001d34	885050b7	lui	x1,0x88505	  x1=0x88505000
        3855000	       384	80001d38	0c0df293	andi	x5,x27,192	 x27:0xc2632000  x5=0x00000000
        3865000	       385	80001d3c	ac9aa513	slti	x10,x21,-1335	 x21:0x00000363 x10=0x00000000
        3875000	       386	80001d40	ffdf8f93	addi	x31,x31,-3	 x31:0x00000004 x31=0x00000001
        3885000	       387	80001d44	41915413	srai	x8,x2,0x19	  x2:0x00000000  x8=0x00000000
        3895000	       388	80001d48	00157533	and	x10,x10,x1	 x10:0x00000000  x1:0x88505000 x10=0x00000000
        3905000	       389	80001d4c	01e28b33	add	x22,x5,x30	  x5:0x00000000 x30:0x00000004 x22=0x00000004
        3915000	       390	80001d50	01a66a33	or	x20,x12,x26	 x12:0x00000001 x26:0xfffffff4 x20=0xfffffff5
        3925000	       391	80001d54	ffeff4e3	bgeu	x31,x30,80001d3c	 x31:0x00000001 x30:0x00000004
        3935000	       392	80001d58	01878ab3	add	x21,x15,x24	 x15:0x80009f50 x24:0x000003b8 x21=0x8000a308
        3945000	       393	80001d5c	00100893	addi	x17,x0,1	  x0:0x00000000 x17=0x00000001
        3955000	       394	80001d60	cbdebc13	sltiu	x24,x29,-835	 x29:0xfffffefc x24=0x00000000
        3965000	       395	80001d64	07c1bc13	sltiu	x24,x3,124	  x3:0xfffffdb7 x24=0x00000000
        3975000	       396	80001d68	01000f93	addi	x31,x0,16	  x0:0x00000000 x31=0x00000010
        3985000	       397	80001d6c	01ea6433	or	x8,x20,x30	 x20:0xfffffff5 x30:0x00000004  x8=0xfffffff5
        3995000	       398	80001d70	00481033	sll	x0,x16,x4	 x16:0x00000000  x4:0x0b936000
        4005000	       399	80001d74	00000013	addi	x0,x0,0	  x0:0x00000000
        4015000	       400	80001d78	00000013	addi	x0,x0,0	  x0:0x00000000
        4025000	       401	80001d7c	142e9937	lui	x18,0x142e9	 x18=0x142e9000
        4035000	       402	80001d80	3eef6737	lui	x14,0x3eef6	 x14=0x3eef6000
        4045000	       403	80001d84	b380fe13	andi	x28,x1,-1224	  x1:0x88505000 x28=0x88505000
        4055000	       404	80001d88	33ae2817	auipc	x16,0x33ae2	 x16=0xb3ae3d84
        4065000	       405	80001d8c	012bbd33	sltu	x26,x23,x18	 x23:0x00000480 x18:0x142e9000 x26=0x00000001
        4075000	       406	80001d90	00988893	addi	x17,x17,9	 x17:0x00000001 x17=0x0000000a
        4085000	       407	80001d94	44f9e393	ori	x7,x19,1103	 x19:0x00000000  x7=0x0000044f
        4095000	       408	80001d98	00265633	srl	x12,x12,x2	 x12:0x00000001  x2:0x00000000 x12=0x00000001
        4105000	       409	80001d9c	fdf8eee3	bltu	x17,x31,80001d78	 x17:0x0000000a x31:0x00000010
        4115000	       410	00000000	00000013	addi	x0,x0,0	  x0:0x00000000
        4125000	       411	80001d74	00000013	addi	x0,x0,0	  x0:0x00000000
        4135000	       412	80001d78	00000013	addi	x0,x0,0	  x0:0x00000000
        4145000	       413	80001d7c	142e9937	lui	x18,0x142e9	 x18=0x142e9000
        4155000	       414	80001d80	3eef6737	lui	x14,0x3eef6	 x14=0x3eef6000
        4165000	       415	80001d84	b380fe13	andi	x28,x1,-1224	  x1:0x88505000 x28=0x88505000
        4175000	       416	80001d88	33ae2817	auipc	x16,0x33ae2	 x16=0xb3ae3d84
        4185000	       417	80001d8c	012bbd33	sltu	x26,x23,x18	 x23:0x00000480 x18:0x142e9000 x26=0x00000001
        4195000	       418	80001d90	00988893	addi	x17,x17,9	 x17:0x0000000a x17=0x00000013
        4205000	       419	80001d94	44f9e393	ori	x7,x19,1103	 x19:0x00000000  x7=0x0000044f
        4215000	       420	80001d98	00265633	srl	x12,x12,x2	 x12:0x00000001  x2:0x00000000 x12=0x00000001
        4225000	       421	80001d9c	fdf8eee3	bltu	x17,x31,80001d78	 x17:0x00000013 x31:0x00000010
        4235000	       422	80001da0	bf204997	auipc	x19,0xbf204	 x19=0x3f205d9c
        4245000	       423	80001da4	00600b93	addi	x23,x0,6	  x0:0x00000000 x23=0x00000006
        4255000	       424	80001da8	01000b13	addi	x22,x0,16	  x0:0x00000000 x22=0x00000010
        4265000	       425	80001dac	e9c72e93	slti	x29,x14,-356	 x14:0x3eef6000 x29=0x00000000
        4275000	       426	80001db0	01bc4933	xor	x18,x24,x27	 x24:0x00000000 x27:0xc2632000 x18=0xc2632000
        4285000	       427	80001db4	305b1437	lui	x8,0x305b1	  x8=0x305b1000
        4295000	       428	80001db8	01b99113	slli	x2,x19,0x1b	 x19:0x3f205d9c  x2=0xe0000000
        4305000	       429	80001dbc	005b8b93	addi	x23,x23,5	 x23:0x00000006 x23=0x0000000b
        4315000	       430	80001dc0	00200e13	addi	x28,x0,2	  x0:0x00000000 x28=0x00000002
        4325000	       431	80001dc4	40948f33	sub	x30,x9,x9	  x9:0x00000050  x9:0x00000050 x30=0x00000000
        4335000	       432	80001dc8	00200293	addi	x5,x0,2	  x0:0x00000000  x5=0x00000002
        4345000	       433	80001dcc	b6a82e93	slti	x29,x16,-1174	 x16:0xb3ae3d84 x29=0x00000001
        4355000	       434	80001dd0	018c6233	or	x4,x24,x24	 x24:0x00000000 x24:0x00000000  x4=0x00000000
        4365000	       435	80001dd4	fffe0e13	addi	x28,x28,-1	 x28:0x00000002 x28=0x00000001
        4375000	       436	80001dd8	01c1d913	srli	x18,x3,0x1c	  x3:0xfffffdb7 x18=0x0000000f
        4385000	       437	80001ddc	fe5e78e3	bgeu	x28,x5,80001dcc	 x28:0x00000001  x5:0x00000002
        4395000	       438	80001de0	3e2bbeb7	lui	x29,0x3e2bb	 x29=0x3e2bb000
        4405000	       439	80001de4	01251fb3	sll	x31,x10,x18	 x10:0x00000000 x18:0x0000000f x31=0x00000000
        4415000	       440	80001de8	0055aeb3	slt	x29,x11,x5	 x11:0xf898089d  x5:0x00000002 x29=0x00000001
        4425000	       441	80001dec	fd6bc4e3	blt	x23,x22,80001db4	 x23:0x0000000b x22:0x00000010
        4435000	       442	00000000	00000013	addi	x0,x0,0	  x0:0x00000000
        4445000	       443	80001db0	00000013	addi	x0,x0,0	  x0:0x00000000
        4455000	       444	80001db4	305b1437	lui	x8,0x305b1	  x8=0x305b1000
        4465000	       445	80001db8	01b99113	slli	x2,x19,0x1b	 x19:0x3f205d9c  x2=0xe0000000
        4475000	       446	80001dbc	005b8b93	addi	x23,x23,5	 x23:0x0000000b x23=0x00000010
        4485000	       447	80001dc0	00200e13	addi	x28,x0,2	  x0:0x00000000 x28=0x00000002
        4495000	       448	80001dc4	40948f33	sub	x30,x9,x9	  x9:0x00000050  x9:0x00000050 x30=0x00000000
        4505000	       449	80001dc8	00200293	addi	x5,x0,2	  x0:0x00000000  x5=0x00000002
        4515000	       450	80001dcc	b6a82e93	slti	x29,x16,-1174	 x16:0xb3ae3d84 x29=0x00000001
        4525000	       451	80001dd0	018c6233	or	x4,x24,x24	 x24:0x00000000 x24:0x00000000  x4=0x00000000
        4535000	       452	80001dd4	fffe0e13	addi	x28,x28,-1	 x28:0x00000002 x28=0x00000001
        4545000	       453	80001dd8	01c1d913	srli	x18,x3,0x1c	  x3:0xfffffdb7 x18=0x0000000f
        4555000	       454	80001ddc	fe5e78e3	bgeu	x28,x5,80001dcc	 x28:0x00000001  x5:0x00000002
        4565000	       455	80001de0	3e2bbeb7	lui	x29,0x3e2bb	 x29=0x3e2bb000
        4575000	       456	80001de4	01251fb3	sll	x31,x10,x18	 x10:0x00000000 x18:0x0000000f x31=0x00000000
        4585000	       457	80001de8	0055aeb3	slt	x29,x11,x5	 x11:0xf898089d  x5:0x00000002 x29=0x00000001
        4595000	       458	80001dec	fd6bc4e3	blt	x23,x22,80001db4	 x23:0x00000010 x22:0x00000010
        4605000	       459	80001df0	419dd833	sra	x16,x27,x25	 x27:0xc2632000 x25:0x00000050 x16=0xffffc263
        4615000	       460	80001df4	00200893	addi	x17,x0,2	  x0:0x00000000 x17=0x00000002
        4625000	       461	80001df8	ffb00293	addi	x5,x0,-5	  x0:0x00000000  x5=0xfffffffb
        4635000	       462	80001dfc	73380213	addi	x4,x16,1843	 x16:0xffffc263  x4=0xffffc996
        4645000	       463	80001e00	4144d193	srai	x3,x9,0x14	  x9:0x00000050  x3=0x00000000
        4655000	       464	80001e04	ff988893	addi	x17,x17,-7	 x17:0x00000002 x17=0xfffffffb
        4665000	       465	80001e08	01c65033	srl	x0,x12,x28	 x12:0x00000001 x28:0x00000001
        4675000	       466	80001e0c	00000013	addi	x0,x0,0	  x0:0x00000000
        4685000	       467	80001e10	fe58d6e3	bge	x17,x5,80001dfc	 x17:0xfffffffb  x5:0xfffffffb
        4695000	       468	00000000	00000013	addi	x0,x0,0	  x0:0x00000000
        4705000	       469	80001df8	00000013	addi	x0,x0,0	  x0:0x00000000
        4715000	       470	80001dfc	73380213	addi	x4,x16,1843	 x16:0xffffc263  x4=0xffffc996
        4725000	       471	80001e00	4144d193	srai	x3,x9,0x14	  x9:0x00000050  x3=0x00000000
        4735000	       472	80001e04	ff988893	addi	x17,x17,-7	 x17:0xfffffffb x17=0xfffffff4
        4745000	       473	80001e08	01c65033	srl	x0,x12,x28	 x12:0x00000001 x28:0x00000001
        4755000	       474	80001e0c	00000013	addi	x0,x0,0	  x0:0x00000000
        4765000	       475	80001e10	fe58d6e3	bge	x17,x5,80001dfc	 x17:0xfffffff4  x5:0xfffffffb
        4775000	       476	80001e14	00000013	addi	x0,x0,0	  x0:0x00000000
        4785000	       477	80001e18	00800f13	addi	x30,x0,8	  x0:0x00000000 x30=0x00000008
        4795000	       478	80001e1c	6a437313	andi	x6,x6,1700	  x6:0x00000001  x6=0x00000000
        4805000	       479	80001e20	00695b93	srli	x23,x18,0x6	 x18:0x0000000f x23=0x00000000
        4815000	       480	80001e24	00900b13	addi	x22,x0,9	  x0:0x00000000 x22=0x00000009
        4825000	       481	80001e28	79bed137	lui	x2,0x79bed	  x2=0x79bed000
        4835000	       482	80001e2c	41a9d513	srai	x10,x19,0x1a	 x19:0x3f205d9c x10=0x0000000f
        4845000	       483	80001e30	2e890a13	addi	x20,x18,744	 x18:0x0000000f x20=0x000002f7
        4855000	       484	80001e34	116e0393	addi	x7,x28,278	 x28:0x00000001  x7=0x00000117
        4865000	       485	80001e38	00000013	addi	x0,x0,0	  x0:0x00000000
        4875000	       486	80001e3c	01942ab3	slt	x21,x8,x25	  x8:0x305b1000 x25:0x00000050 x21=0x00000000
        4885000	       487	80001e40	008f0f13	addi	x30,x30,8	 x30:0x00000008 x30=0x00000010
        4895000	       488	80001e44	ff6f4ae3	blt	x30,x22,80001e38	 x30:0x00000010 x22:0x00000009
        4905000	       489	80001e48	41db89b3	sub	x19,x23,x29	 x23:0x00000000 x29:0x00000001 x19=0xffffffff
        4915000	       490	80001e4c	fff00d13	addi	x26,x0,-1	  x0:0x00000000 x26=0xffffffff
        4925000	       491	80001e50	1da278b7	lui	x17,0x1da27	 x17=0x1da27000
        4935000	       492	80001e54	01cd5533	srl	x10,x26,x28	 x26:0xffffffff x28:0x00000001 x10=0x7fffffff
        4945000	       493	80001e58	01300e93	addi	x29,x0,19	  x0:0x00000000 x29=0x00000013
        4955000	       494	80001e5c	00e039b3	sltu	x19,x0,x14	  x0:0x00000000 x14:0x3eef6000 x19=0x00000001
        4965000	       495	80001e60	01d542b3	xor	x5,x10,x29	 x10:0x7fffffff x29:0x00000013  x5=0x7fffffec
        4975000	       496	80001e64	1890ad93	slti	x27,x1,393	  x1:0x88505000 x27=0x00000001
        4985000	       497	80001e68	00dd3cb3	sltu	x25,x26,x13	 x26:0xffffffff x13:0x80009fc4 x25=0x00000000
        4995000	       498	80001e6c	18513a13	sltiu	x20,x2,389	  x2:0x79bed000 x20=0x00000000
        5005000	       499	80001e70	406503b3	sub	x7,x10,x6	 x10:0x7fffffff  x6:0x00000000  x7=0x7fffffff
        5015000	       500	80001e74	009d0d13	addi	x26,x26,9	 x26:0xffffffff x26=0x00000008
        5025000	       501	80001e78	92fe6613	ori	x12,x28,-1745	 x28:0x00000001 x12=0xfffff92f
        5035000	       502	80001e7c	ff800313	addi	x6,x0,-8	  x0:0x00000000  x6=0xfffffff8
        5045000	       503	80001e80	00d720b3	slt	x1,x14,x13	 x14:0x3eef6000 x13:0x80009fc4  x1=0x00000000
        5055000	       504	80001e84	e7edc513	xori	x10,x27,-386	 x27:0x00000001 x10=0xfffffe7f
        5065000	       505	80001e88	00a46233	or	x4,x8,x10	  x8:0x305b1000 x10:0xfffffe7f  x4=0xfffffe7f
        5075000	       506	80001e8c	ff200b93	addi	x23,x0,-14	  x0:0x00000000 x23=0xfffffff2
        5085000	       507	80001e90	9f9eb813	sltiu	x16,x29,-1543	 x29:0x00000013 x16=0x00000001
        5095000	       508	80001e94	00785933	srl	x18,x16,x7	 x16:0x00000001  x7:0x7fffffff x18=0x00000000
        5105000	       509	80001e98	00076cb3	or	x25,x14,x0	 x14:0x3eef6000  x0:0x00000000 x25=0x3eef6000
        5115000	       510	80001e9c	95a34c97	auipc	x25,0x95a34	 x25=0x15a35e98
        5125000	       511	80001ea0	00f6a0b3	slt	x1,x13,x15	 x13:0x80009fc4 x15:0x80009f50  x1=0x00000000
        5135000	       512	80001ea4	ff930313	addi	x6,x6,-7	  x6:0xfffffff8  x6=0xfffffff1
        5145000	       513	80001ea8	004dcf33	xor	x30,x27,x4	 x27:0x00000001  x4:0xfffffe7f x30=0xfffffe7e
        5155000	       514	80001eac	57812493	slti	x9,x2,1400	  x2:0x79bed000  x9=0x00000000
        5165000	       515	80001eb0	00061a93	slli	x21,x12,0x0	 x12:0xfffff92f x21=0xfffff92f
        5175000	       516	80001eb4	01bc7733	and	x14,x24,x27	 x24:0x00000000 x27:0x00000001 x14=0x00000000
        5185000	       517	80001eb8	ff7352e3	bge	x6,x23,80001e9c	  x6:0xfffffff1 x23:0xfffffff2
        5195000	       518	80001ebc	0879e293	ori	x5,x19,135	 x19:0x00000001  x5=0x00000087
        5205000	       519	80001ec0	fbdd42e3	blt	x26,x29,80001e64	 x26:0x00000008 x29:0x00000013
        5215000	       520	00000000	00000013	addi	x0,x0,0	  x0:0x00000000
        5225000	       521	80001e60	00000013	addi	x0,x0,0	  x0:0x00000000
        5235000	       522	80001e64	1890ad93	slti	x27,x1,393	  x1:0x00000000 x27=0x00000001
        5245000	       523	80001e68	00dd3cb3	sltu	x25,x26,x13	 x26:0x00000008 x13:0x80009fc4 x25=0x00000001
        5255000	       524	80001e6c	18513a13	sltiu	x20,x2,389	  x2:0x79bed000 x20=0x00000000
        5265000	       525	80001e70	406503b3	sub	x7,x10,x6	 x10:0xfffffe7f  x6:0xfffffff1  x7=0xfffffe8e
        5275000	       526	80001e74	009d0d13	addi	x26,x26,9	 x26:0x00000008 x26=0x00000011
        5285000	       527	80001e78	92fe6613	ori	x12,x28,-1745	 x28:0x00000001 x12=0xfffff92f
        5295000	       528	80001e7c	ff800313	addi	x6,x0,-8	  x0:0x00000000  x6=0xfffffff8
        5305000	       529	80001e80	00d720b3	slt	x1,x14,x13	 x14:0x00000000 x13:0x80009fc4  x1=0x00000000
        5315000	       530	80001e84	e7edc513	xori	x10,x27,-386	 x27:0x00000001 x10=0xfffffe7f
        5325000	       531	80001e88	00a46233	or	x4,x8,x10	  x8:0x305b1000 x10:0xfffffe7f  x4=0xfffffe7f
        5335000	       532	80001e8c	ff200b93	addi	x23,x0,-14	  x0:0x00000000 x23=0xfffffff2
        5345000	       533	80001e90	9f9eb813	sltiu	x16,x29,-1543	 x29:0x00000013 x16=0x00000001
        5355000	       534	80001e94	00785933	srl	x18,x16,x7	 x16:0x00000001  x7:0xfffffe8e x18=0x00000000
        5365000	       535	80001e98	00076cb3	or	x25,x14,x0	 x14:0x00000000  x0:0x00000000 x25=0x00000000
        5375000	       536	80001e9c	95a34c97	auipc	x25,0x95a34	 x25=0x15a35e98
        5385000	       537	80001ea0	00f6a0b3	slt	x1,x13,x15	 x13:0x80009fc4 x15:0x80009f50  x1=0x00000000
        5395000	       538	80001ea4	ff930313	addi	x6,x6,-7	  x6:0xfffffff8  x6=0xfffffff1
        5405000	       539	80001ea8	004dcf33	xor	x30,x27,x4	 x27:0x00000001  x4:0xfffffe7f x30=0xfffffe7e
        5415000	       540	80001eac	57812493	slti	x9,x2,1400	  x2:0x79bed000  x9=0x00000000
        5425000	       541	80001eb0	00061a93	slli	x21,x12,0x0	 x12:0xfffff92f x21=0xfffff92f
        5435000	       542	80001eb4	01bc7733	and	x14,x24,x27	 x24:0x00000000 x27:0x00000001 x14=0x00000000
        5445000	       543	80001eb8	ff7352e3	bge	x6,x23,80001e9c	  x6:0xfffffff1 x23:0xfffffff2
        5455000	       544	80001ebc	0879e293	ori	x5,x19,135	 x19:0x00000001  x5=0x00000087
        5465000	       545	80001ec0	fbdd42e3	blt	x26,x29,80001e64	 x26:0x00000011 x29:0x00000013
        5475000	       546	00000000	00000013	addi	x0,x0,0	  x0:0x00000000
        5485000	       547	80001e60	00000013	addi	x0,x0,0	  x0:0x00000000
        5495000	       548	80001e64	1890ad93	slti	x27,x1,393	  x1:0x00000000 x27=0x00000001
        5505000	       549	80001e68	00dd3cb3	sltu	x25,x26,x13	 x26:0x00000011 x13:0x80009fc4 x25=0x00000001
        5515000	       550	80001e6c	18513a13	sltiu	x20,x2,389	  x2:0x79bed000 x20=0x00000000
        5525000	       551	80001e70	406503b3	sub	x7,x10,x6	 x10:0xfffffe7f  x6:0xfffffff1  x7=0xfffffe8e
        5535000	       552	80001e74	009d0d13	addi	x26,x26,9	 x26:0x00000011 x26=0x0000001a
        5545000	       553	80001e78	92fe6613	ori	x12,x28,-1745	 x28:0x00000001 x12=0xfffff92f
        5555000	       554	80001e7c	ff800313	addi	x6,x0,-8	  x0:0x00000000  x6=0xfffffff8
        5565000	       555	80001e80	00d720b3	slt	x1,x14,x13	 x14:0x00000000 x13:0x80009fc4  x1=0x00000000
        5575000	       556	80001e84	e7edc513	xori	x10,x27,-386	 x27:0x00000001 x10=0xfffffe7f
        5585000	       557	80001e88	00a46233	or	x4,x8,x10	  x8:0x305b1000 x10:0xfffffe7f  x4=0xfffffe7f
        5595000	       558	80001e8c	ff200b93	addi	x23,x0,-14	  x0:0x00000000 x23=0xfffffff2
        5605000	       559	80001e90	9f9eb813	sltiu	x16,x29,-1543	 x29:0x00000013 x16=0x00000001
        5615000	       560	80001e94	00785933	srl	x18,x16,x7	 x16:0x00000001  x7:0xfffffe8e x18=0x00000000
        5625000	       561	80001e98	00076cb3	or	x25,x14,x0	 x14:0x00000000  x0:0x00000000 x25=0x00000000
        5635000	       562	80001e9c	95a34c97	auipc	x25,0x95a34	 x25=0x15a35e98
        5645000	       563	80001ea0	00f6a0b3	slt	x1,x13,x15	 x13:0x80009fc4 x15:0x80009f50  x1=0x00000000
        5655000	       564	80001ea4	ff930313	addi	x6,x6,-7	  x6:0xfffffff8  x6=0xfffffff1
        5665000	       565	80001ea8	004dcf33	xor	x30,x27,x4	 x27:0x00000001  x4:0xfffffe7f x30=0xfffffe7e
        5675000	       566	80001eac	57812493	slti	x9,x2,1400	  x2:0x79bed000  x9=0x00000000
        5685000	       567	80001eb0	00061a93	slli	x21,x12,0x0	 x12:0xfffff92f x21=0xfffff92f
        5695000	       568	80001eb4	01bc7733	and	x14,x24,x27	 x24:0x00000000 x27:0x00000001 x14=0x00000000
        5705000	       569	80001eb8	ff7352e3	bge	x6,x23,80001e9c	  x6:0xfffffff1 x23:0xfffffff2
        5715000	       570	80001ebc	0879e293	ori	x5,x19,135	 x19:0x00000001  x5=0x00000087
        5725000	       571	80001ec0	fbdd42e3	blt	x26,x29,80001e64	 x26:0x0000001a x29:0x00000013
        5735000	       572	80001ec4	01a350b3	srl	x1,x6,x26	  x6:0xfffffff1 x26:0x0000001a  x1=0x0000003f
        5745000	       573	80001ec8	00900913	addi	x18,x0,9	  x0:0x00000000 x18=0x00000009
        5755000	       574	80001ecc	aa84ac93	slti	x25,x9,-1368	  x9:0x00000000 x25=0x00000000
        5765000	       575	80001ed0	00900d13	addi	x26,x0,9	  x0:0x00000000 x26=0x00000009
        5775000	       576	80001ed4	4129dc33	sra	x24,x19,x18	 x19:0x00000001 x18:0x00000009 x24=0x00000000
        5785000	       577	80001ed8	00d1e333	or	x6,x3,x13	  x3:0x00000000 x13:0x80009fc4  x6=0x80009fc4
        5795000	       578	80001edc	00211a93	slli	x21,x2,0x2	  x2:0x79bed000 x21=0xe6fb4000
        5805000	       579	80001ee0	ff990913	addi	x18,x18,-7	 x18:0x00000009 x18=0x00000002
        5815000	       580	80001ee4	01126233	or	x4,x4,x17	  x4:0xfffffe7f x17:0x1da27000  x4=0xfffffe7f
        5825000	       581	80001ee8	ffa978e3	bgeu	x18,x26,80001ed8	 x18:0x00000002 x26:0x00000009
        5835000	       582	80001eec	418d8133	sub	x2,x27,x24	 x27:0x00000001 x24:0x00000000  x2=0x00000001
        5845000	       583	80001ef0	00200113	addi	x2,x0,2	  x0:0x00000000  x2=0x00000002
        5855000	       584	80001ef4	7580d637	lui	x12,0x7580d	 x12=0x7580d000
        5865000	       585	80001ef8	ffd00413	addi	x8,x0,-3	  x0:0x00000000  x8=0xfffffffd
        5875000	       586	80001efc	00185c33	srl	x24,x16,x1	 x16:0x00000001  x1:0x0000003f x24=0x00000000
        5885000	       587	80001f00	416c5db3	sra	x27,x24,x22	 x24:0x00000000 x22:0x00000009 x27=0x00000000
        5895000	       588	80001f04	41e85333	sra	x6,x16,x30	 x16:0x00000001 x30:0xfffffe7e  x6=0x00000000
        5905000	       589	80001f08	01c91f33	sll	x30,x18,x28	 x18:0x00000002 x28:0x00000001 x30=0x00000004
        5915000	       590	80001f0c	59d18193	addi	x3,x3,1437	  x3:0x00000000  x3=0x0000059d
        5925000	       591	80001f10	80ac0893	addi	x17,x24,-2038	 x24:0x00000000 x17=0xfffff80a
        5935000	       592	80001f14	01579cb3	sll	x25,x15,x21	 x15:0x80009f50 x21:0xe6fb4000 x25=0x80009f50
        5945000	       593	80001f18	01fcf233	and	x4,x25,x31	 x25:0x80009f50 x31:0x00000000  x4=0x00000000
        5955000	       594	80001f1c	40f6da13	srai	x20,x13,0xf	 x13:0x80009fc4 x20=0xffff0001
        5965000	       595	80001f20	94160617	auipc	x12,0x94160	 x12=0x14161f1c
        5975000	       596	80001f24	0150f4b3	and	x9,x1,x21	  x1:0x0000003f x21:0xe6fb4000  x9=0x00000000
        5985000	       597	80001f28	01751a13	slli	x20,x10,0x17	 x10:0xfffffe7f x20=0x3f800000
        5995000	       598	80001f2c	ff910113	addi	x2,x2,-7	  x2:0x00000002  x2=0xfffffffb
        6005000	       599	80001f30	ff646d13	ori	x26,x8,-10	  x8:0xfffffffd x26=0xffffffff
        6015000	       600	80001f34	00200b93	addi	x23,x0,2	  x0:0x00000000 x23=0x00000002
        6025000	       601	80001f38	0114b2b3	sltu	x5,x9,x17	  x9:0x00000000 x17:0xfffff80a  x5=0x00000001
        6035000	       602	80001f3c	01000993	addi	x19,x0,16	  x0:0x00000000 x19=0x00000010
        6045000	       603	80001f40	0151e033	or	x0,x3,x21	  x3:0x0000059d x21:0xe6fb4000
        6055000	       604	80001f44	bb4bef13	ori	x30,x23,-1100	 x23:0x00000002 x30=0xfffffbb6
        6065000	       605	80001f48	48540813	addi	x16,x8,1157	  x8:0xfffffffd x16=0x00000482
        6075000	       606	80001f4c	e7873b13	sltiu	x22,x14,-392	 x14:0x00000000 x22=0x00000001
        6085000	       607	80001f50	00fc64b3	or	x9,x24,x15	 x24:0x00000000 x15:0x80009f50  x9=0x80009f50
        6095000	       608	80001f54	41edd813	srai	x16,x27,0x1e	 x27:0x00000000 x16=0x00000000
        6105000	       609	80001f58	004b8b93	addi	x23,x23,4	 x23:0x00000002 x23=0x00000006
        6115000	       610	80001f5c	24943f93	sltiu	x31,x8,585	  x8:0xfffffffd x31=0x00000000
        6125000	       611	80001f60	00513db3	sltu	x27,x2,x5	  x2:0xfffffffb  x5:0x00000001 x27=0x00000000
        6135000	       612	80001f64	fd3beee3	bltu	x23,x19,80001f40	 x23:0x00000006 x19:0x00000010
        6145000	       613	00000000	00000013	addi	x0,x0,0	  x0:0x00000000
        6155000	       614	80001f3c	00000013	addi	x0,x0,0	  x0:0x00000000
        6165000	       615	80001f40	0151e033	or	x0,x3,x21	  x3:0x0000059d x21:0xe6fb4000
        6175000	       616	80001f44	bb4bef13	ori	x30,x23,-1100	 x23:0x00000006 x30=0xfffffbb6
        6185000	       617	80001f48	48540813	addi	x16,x8,1157	  x8:0xfffffffd x16=0x00000482
        6195000	       618	80001f4c	e7873b13	sltiu	x22,x14,-392	 x14:0x00000000 x22=0x00000001
        6205000	       619	80001f50	00fc64b3	or	x9,x24,x15	 x24:0x00000000 x15:0x80009f50  x9=0x80009f50
        6215000	       620	80001f54	41edd813	srai	x16,x27,0x1e	 x27:0x00000000 x16=0x00000000
        6225000	       621	80001f58	004b8b93	addi	x23,x23,4	 x23:0x00000006 x23=0x0000000a
        6235000	       622	80001f5c	24943f93	sltiu	x31,x8,585	  x8:0xfffffffd x31=0x00000000
        6245000	       623	80001f60	00513db3	sltu	x27,x2,x5	  x2:0xfffffffb  x5:0x00000001 x27=0x00000000
        6255000	       624	80001f64	fd3beee3	bltu	x23,x19,80001f40	 x23:0x0000000a x19:0x00000010
        6265000	       625	00000000	00000013	addi	x0,x0,0	  x0:0x00000000
        6275000	       626	80001f3c	00000013	addi	x0,x0,0	  x0:0x00000000
        6285000	       627	80001f40	0151e033	or	x0,x3,x21	  x3:0x0000059d x21:0xe6fb4000
        6295000	       628	80001f44	bb4bef13	ori	x30,x23,-1100	 x23:0x0000000a x30=0xfffffbbe
        6305000	       629	80001f48	48540813	addi	x16,x8,1157	  x8:0xfffffffd x16=0x00000482
        6315000	       630	80001f4c	e7873b13	sltiu	x22,x14,-392	 x14:0x00000000 x22=0x00000001
        6325000	       631	80001f50	00fc64b3	or	x9,x24,x15	 x24:0x00000000 x15:0x80009f50  x9=0x80009f50
        6335000	       632	80001f54	41edd813	srai	x16,x27,0x1e	 x27:0x00000000 x16=0x00000000
        6345000	       633	80001f58	004b8b93	addi	x23,x23,4	 x23:0x0000000a x23=0x0000000e
        6355000	       634	80001f5c	24943f93	sltiu	x31,x8,585	  x8:0xfffffffd x31=0x00000000
        6365000	       635	80001f60	00513db3	sltu	x27,x2,x5	  x2:0xfffffffb  x5:0x00000001 x27=0x00000000
        6375000	       636	80001f64	fd3beee3	bltu	x23,x19,80001f40	 x23:0x0000000e x19:0x00000010
        6385000	       637	00000000	00000013	addi	x0,x0,0	  x0:0x00000000
        6395000	       638	80001f3c	00000013	addi	x0,x0,0	  x0:0x00000000
        6405000	       639	80001f40	0151e033	or	x0,x3,x21	  x3:0x0000059d x21:0xe6fb4000
        6415000	       640	80001f44	bb4bef13	ori	x30,x23,-1100	 x23:0x0000000e x30=0xfffffbbe
        6425000	       641	80001f48	48540813	addi	x16,x8,1157	  x8:0xfffffffd x16=0x00000482
        6435000	       642	80001f4c	e7873b13	sltiu	x22,x14,-392	 x14:0x00000000 x22=0x00000001
        6445000	       643	80001f50	00fc64b3	or	x9,x24,x15	 x24:0x00000000 x15:0x80009f50  x9=0x80009f50
        6455000	       644	80001f54	41edd813	srai	x16,x27,0x1e	 x27:0x00000000 x16=0x00000000
        6465000	       645	80001f58	004b8b93	addi	x23,x23,4	 x23:0x0000000e x23=0x00000012
        6475000	       646	80001f5c	24943f93	sltiu	x31,x8,585	  x8:0xfffffffd x31=0x00000000
        6485000	       647	80001f60	00513db3	sltu	x27,x2,x5	  x2:0xfffffffb  x5:0x00000001 x27=0x00000000
        6495000	       648	80001f64	fd3beee3	bltu	x23,x19,80001f40	 x23:0x00000012 x19:0x00000010
        6505000	       649	80001f68	fa8152e3	bge	x2,x8,80001f0c	  x2:0xfffffffb  x8:0xfffffffd
        6515000	       650	80001f6c	a7a0a2b7	lui	x5,0xa7a0a	  x5=0xa7a0a000
        6525000	       651	80001f70	00000d93	addi	x27,x0,0	  x0:0x00000000 x27=0x00000000
        6535000	       652	80001f74	09014a13	xori	x20,x2,144	  x2:0xfffffffb x20=0xffffff6b
        6545000	       653	80001f78	01fe5193	srli	x3,x28,0x1f	 x28:0x00000001  x3=0x00000000
        6555000	       654	80001f7c	40fcd633	sra	x12,x25,x15	 x25:0x80009f50 x15:0x80009f50 x12=0xffff8000
        6565000	       655	80001f80	00f00113	addi	x2,x0,15	  x0:0x00000000  x2=0x0000000f
        6575000	       656	80001f84	00d048b3	xor	x17,x0,x13	  x0:0x00000000 x13:0x80009fc4 x17=0x80009fc4
        6585000	       657	80001f88	41e80ab3	sub	x21,x16,x30	 x16:0x00000000 x30:0xfffffbbe x21=0x00000442
        6595000	       658	80001f8c	29f0b317	auipc	x6,0x29f0b	  x6=0xa9f0cf88
        6605000	       659	80001f90	007d8d93	addi	x27,x27,7	 x27:0x00000000 x27=0x00000007
        6615000	       660	80001f94	00e25a93	srli	x21,x4,0xe	  x4:0x00000000 x21=0x00000000
        6625000	       661	80001f98	f0c73393	sltiu	x7,x14,-244	 x14:0x00000000  x7=0x00000001
        6635000	       662	80001f9c	01b3da93	srli	x21,x7,0x1b	  x7:0x00000001 x21=0x00000000
        6645000	       663	80001fa0	c25b6393	ori	x7,x22,-987	 x22:0x00000001  x7=0xfffffc25
        6655000	       664	80001fa4	721b7713	andi	x14,x22,1825	 x22:0x00000001 x14=0x00000001
        6665000	       665	80001fa8	fe2dc2e3	blt	x27,x2,80001f8c	 x27:0x00000007  x2:0x0000000f
        6675000	       666	00000000	00000013	addi	x0,x0,0	  x0:0x00000000
        6685000	       667	80001f88	00000013	addi	x0,x0,0	  x0:0x00000000
        6695000	       668	80001f8c	29f0b317	auipc	x6,0x29f0b	  x6=0xa9f0cf88
        6705000	       669	80001f90	007d8d93	addi	x27,x27,7	 x27:0x00000007 x27=0x0000000e
        6715000	       670	80001f94	00e25a93	srli	x21,x4,0xe	  x4:0x00000000 x21=0x00000000
        6725000	       671	80001f98	f0c73393	sltiu	x7,x14,-244	 x14:0x00000001  x7=0x00000001
        6735000	       672	80001f9c	01b3da93	srli	x21,x7,0x1b	  x7:0x00000001 x21=0x00000000
        6745000	       673	80001fa0	c25b6393	ori	x7,x22,-987	 x22:0x00000001  x7=0xfffffc25
        6755000	       674	80001fa4	721b7713	andi	x14,x22,1825	 x22:0x00000001 x14=0x00000001
        6765000	       675	80001fa8	fe2dc2e3	blt	x27,x2,80001f8c	 x27:0x0000000e  x2:0x0000000f
        6775000	       676	00000000	00000013	addi	x0,x0,0	  x0:0x00000000
        6785000	       677	80001f88	00000013	addi	x0,x0,0	  x0:0x00000000
        6795000	       678	80001f8c	29f0b317	auipc	x6,0x29f0b	  x6=0xa9f0cf88
        6805000	       679	80001f90	007d8d93	addi	x27,x27,7	 x27:0x0000000e x27=0x00000015
        6815000	       680	80001f94	00e25a93	srli	x21,x4,0xe	  x4:0x00000000 x21=0x00000000
        6825000	       681	80001f98	f0c73393	sltiu	x7,x14,-244	 x14:0x00000001  x7=0x00000001
        6835000	       682	80001f9c	01b3da93	srli	x21,x7,0x1b	  x7:0x00000001 x21=0x00000000
        6845000	       683	80001fa0	c25b6393	ori	x7,x22,-987	 x22:0x00000001  x7=0xfffffc25
        6855000	       684	80001fa4	721b7713	andi	x14,x22,1825	 x22:0x00000001 x14=0x00000001
        6865000	       685	80001fa8	fe2dc2e3	blt	x27,x2,80001f8c	 x27:0x00000015  x2:0x0000000f
        6875000	       686	80001fac	40d1df33	sra	x30,x3,x13	  x3:0x00000000 x13:0x80009fc4 x30=0x00000000
        6885000	       687	80001fb0	fff00613	addi	x12,x0,-1	  x0:0x00000000 x12=0xffffffff
        6895000	       688	80001fb4	49d7fe17	auipc	x28,0x49d7f	 x28=0xc9d80fb0
        6905000	       689	80001fb8	016992b3	sll	x5,x19,x22	 x19:0x00000010 x22:0x00000001  x5=0x00000020
        6915000	       690	80001fbc	ff600f13	addi	x30,x0,-10	  x0:0x00000000 x30=0xfffffff6
        6925000	       691	80001fc0	00017733	and	x14,x2,x0	  x2:0x0000000f  x0:0x00000000 x14=0x00000000
        6935000	       692	80001fc4	46d6f397	auipc	x7,0x46d6f	  x7=0xc6d70fc0
        6945000	       693	80001fc8	ff760613	addi	x12,x12,-9	 x12:0xffffffff x12=0xfffffff6
        6955000	       694	80001fcc	40da53b3	sra	x7,x20,x13	 x20:0xffffff6b x13:0x80009fc4  x7=0xfffffff6
        6965000	       695	80001fd0	00100913	addi	x18,x0,1	  x0:0x00000000 x18=0x00000001
        6975000	       696	80001fd4	00500093	addi	x1,x0,5	  x0:0x00000000  x1=0x00000005
        6985000	       697	80001fd8	7a32f513	andi	x10,x5,1955	  x5:0x00000020 x10=0x00000020
        6995000	       698	80001fdc	12a44193	xori	x3,x8,298	  x8:0xfffffffd  x3=0xfffffed7
        7005000	       699	80001fe0	00990913	addi	x18,x18,9	 x18:0x00000001 x18=0x0000000a
        7015000	       700	80001fe4	012bb3b3	sltu	x7,x23,x18	 x23:0x00000012 x18:0x0000000a  x7=0x00000000
        7025000	       701	80001fe8	fe196ae3	bltu	x18,x1,80001fdc	 x18:0x0000000a  x1:0x00000005
        7035000	       702	80001fec	40bede93	srai	x29,x29,0xb	 x29:0x00000013 x29=0x00000000
        7045000	       703	80001ff0	007c7ab3	and	x21,x24,x7	 x24:0x00000000  x7:0x00000000 x21=0x00000000
        7055000	       704	80001ff4	fde616e3	bne	x12,x30,80001fc0	 x12:0xfffffff6 x30:0xfffffff6
        7065000	       705	80001ff8	00ce4e33	xor	x28,x28,x12	 x28:0xc9d80fb0 x12:0xfffffff6 x28=0x3627f046
        7075000	       706	80001ffc	ffb00313	addi	x6,x0,-5	  x0:0x00000000  x6=0xfffffffb
        7085000	       707	80002000	0169bd33	sltu	x26,x19,x22	 x19:0x00000010 x22:0x00000001 x26=0x00000000
        7095000	       708	80002004	73147293	andi	x5,x8,1841	  x8:0xfffffffd  x5=0x00000731
        7105000	       709	80002008	ff300513	addi	x10,x0,-13	  x0:0x00000000 x10=0xfffffff3
        7115000	       710	8000200c	018812b3	sll	x5,x16,x24	 x16:0x00000000 x24:0x00000000  x5=0x00000000
        7125000	       711	80002010	30aa2413	slti	x8,x20,778	 x20:0xffffff6b  x8=0x00000001
        7135000	       712	80002014	00332eb3	slt	x29,x6,x3	  x6:0xfffffffb  x3:0xfffffed7 x29=0x00000000
        7145000	       713	80002018	01a3ab33	slt	x22,x7,x26	  x7:0x00000000 x26:0x00000000 x22=0x00000000
        7155000	       714	8000201c	01fdf8b3	and	x17,x27,x31	 x27:0x00000015 x31:0x00000000 x17=0x00000000
        7165000	       715	80002020	001cdf93	srli	x31,x25,0x1	 x25:0x80009f50 x31=0x40004fa8
        7175000	       716	80002024	ff830313	addi	x6,x6,-8	  x6:0xfffffffb  x6=0xfffffff3
        7185000	       717	80002028	eb287093	andi	x1,x16,-334	 x16:0x00000000  x1=0x00000000
        7195000	       718	8000202c	0060b733	sltu	x14,x1,x6	  x1:0x00000000  x6:0xfffffff3 x14=0x00000001
        7205000	       719	80002030	00b39893	slli	x17,x7,0xb	  x7:0x00000000 x17=0x00000000
        7215000	       720	80002034	c4c0fe13	andi	x28,x1,-948	  x1:0x00000000 x28=0x00000000
        7225000	       721	80002038	ffb00113	addi	x2,x0,-5	  x0:0x00000000  x2=0xfffffffb
        7235000	       722	8000203c	a3e28b93	addi	x23,x5,-1474	  x5:0x00000000 x23=0xfffffa3e
        7245000	       723	80002040	41f15293	srai	x5,x2,0x1f	  x2:0xfffffffb  x5=0xffffffff
        7255000	       724	80002044	012374b3	and	x9,x6,x18	  x6:0xfffffff3 x18:0x0000000a  x9=0x00000002
        7265000	       725	80002048	fee00193	addi	x3,x0,-18	  x0:0x00000000  x3=0xffffffee
        7275000	       726	8000204c	005b7d33	and	x26,x22,x5	 x22:0x00000000  x5:0xffffffff x26=0x00000000
        7285000	       727	80002050	7d39a013	slti	x0,x19,2003	 x19:0x00000010
        7295000	       728	80002054	01c57a33	and	x20,x10,x28	 x10:0xfffffff3 x28:0x00000000 x20=0x00000000
        7305000	       729	80002058	0133d9b3	srl	x19,x7,x19	  x7:0x00000000 x19:0x00000010 x19=0x00000000
        7315000	       730	8000205c	ff710113	addi	x2,x2,-9	  x2:0xfffffffb  x2=0xfffffff2
        7325000	       731	80002060	41dc0933	sub	x18,x24,x29	 x24:0x00000000 x29:0x00000000 x18=0x00000000
        7335000	       732	80002064	fe3156e3	bge	x2,x3,80002050	  x2:0xfffffff2  x3:0xffffffee
        7345000	       733	00000000	00000013	addi	x0,x0,0	  x0:0x00000000
        7355000	       734	8000204c	00000013	addi	x0,x0,0	  x0:0x00000000
        7365000	       735	80002050	7d39a013	slti	x0,x19,2003	 x19:0x00000000
        7375000	       736	80002054	01c57a33	and	x20,x10,x28	 x10:0xfffffff3 x28:0x00000000 x20=0x00000000
        7385000	       737	80002058	0133d9b3	srl	x19,x7,x19	  x7:0x00000000 x19:0x00000000 x19=0x00000000
        7395000	       738	8000205c	ff710113	addi	x2,x2,-9	  x2:0xfffffff2  x2=0xffffffe9
        7405000	       739	80002060	41dc0933	sub	x18,x24,x29	 x24:0x00000000 x29:0x00000000 x18=0x00000000
        7415000	       740	80002064	fe3156e3	bge	x2,x3,80002050	  x2:0xffffffe9  x3:0xffffffee
        7425000	       741	80002068	011d0b33	add	x22,x26,x17	 x26:0x00000000 x17:0x00000000 x22=0x00000000
        7435000	       742	8000206c	00ad3bb3	sltu	x23,x26,x10	 x26:0x00000000 x10:0xfffffff3 x23=0x00000001
        7445000	       743	80002070	00800033	add	x0,x0,x8	  x0:0x00000000  x8:0x00000001
        7455000	       744	80002074	01985b33	srl	x22,x16,x25	 x16:0x00000000 x25:0x80009f50 x22=0x00000000
        7465000	       745	80002078	faa302e3	beq	x6,x10,8000201c	  x6:0xfffffff3 x10:0xfffffff3
        7475000	       746	00000000	00000013	addi	x0,x0,0	  x0:0x00000000
        7485000	       747	80002018	00000013	addi	x0,x0,0	  x0:0x00000000
        7495000	       748	8000201c	01fdf8b3	and	x17,x27,x31	 x27:0x00000015 x31:0x40004fa8 x17=0x00000000
        7505000	       749	80002020	001cdf93	srli	x31,x25,0x1	 x25:0x80009f50 x31=0x40004fa8
        7515000	       750	80002024	ff830313	addi	x6,x6,-8	  x6:0xfffffff3  x6=0xffffffeb
        7525000	       751	80002028	eb287093	andi	x1,x16,-334	 x16:0x00000000  x1=0x00000000
        7535000	       752	8000202c	0060b733	sltu	x14,x1,x6	  x1:0x00000000  x6:0xffffffeb x14=0x00000001
        7545000	       753	80002030	00b39893	slli	x17,x7,0xb	  x7:0x00000000 x17=0x00000000
        7555000	       754	80002034	c4c0fe13	andi	x28,x1,-948	  x1:0x00000000 x28=0x00000000
        7565000	       755	80002038	ffb00113	addi	x2,x0,-5	  x0:0x00000000  x2=0xfffffffb
        7575000	       756	8000203c	a3e28b93	addi	x23,x5,-1474	  x5:0xffffffff x23=0xfffffa3d
        7585000	       757	80002040	41f15293	srai	x5,x2,0x1f	  x2:0xfffffffb  x5=0xffffffff
        7595000	       758	80002044	012374b3	and	x9,x6,x18	  x6:0xffffffeb x18:0x00000000  x9=0x00000000
        7605000	       759	80002048	fee00193	addi	x3,x0,-18	  x0:0x00000000  x3=0xffffffee
        7615000	       760	8000204c	005b7d33	and	x26,x22,x5	 x22:0x00000000  x5:0xffffffff x26=0x00000000
        7625000	       761	80002050	7d39a013	slti	x0,x19,2003	 x19:0x00000000
        7635000	       762	80002054	01c57a33	and	x20,x10,x28	 x10:0xfffffff3 x28:0x00000000 x20=0x00000000
        7645000	       763	80002058	0133d9b3	srl	x19,x7,x19	  x7:0x00000000 x19:0x00000000 x19=0x00000000
        7655000	       764	8000205c	ff710113	addi	x2,x2,-9	  x2:0xfffffffb  x2=0xfffffff2
        7665000	       765	80002060	41dc0933	sub	x18,x24,x29	 x24:0x00000000 x29:0x00000000 x18=0x00000000
        7675000	       766	80002064	fe3156e3	bge	x2,x3,80002050	  x2:0xfffffff2  x3:0xffffffee
        7685000	       767	00000000	00000013	addi	x0,x0,0	  x0:0x00000000
        7695000	       768	8000204c	00000013	addi	x0,x0,0	  x0:0x00000000
        7705000	       769	80002050	7d39a013	slti	x0,x19,2003	 x19:0x00000000
        7715000	       770	80002054	01c57a33	and	x20,x10,x28	 x10:0xfffffff3 x28:0x00000000 x20=0x00000000
        7725000	       771	80002058	0133d9b3	srl	x19,x7,x19	  x7:0x00000000 x19:0x00000000 x19=0x00000000
        7735000	       772	8000205c	ff710113	addi	x2,x2,-9	  x2:0xfffffff2  x2=0xffffffe9
        7745000	       773	80002060	41dc0933	sub	x18,x24,x29	 x24:0x00000000 x29:0x00000000 x18=0x00000000
        7755000	       774	80002064	fe3156e3	bge	x2,x3,80002050	  x2:0xffffffe9  x3:0xffffffee
        7765000	       775	80002068	011d0b33	add	x22,x26,x17	 x26:0x00000000 x17:0x00000000 x22=0x00000000
        7775000	       776	8000206c	00ad3bb3	sltu	x23,x26,x10	 x26:0x00000000 x10:0xfffffff3 x23=0x00000001
        7785000	       777	80002070	00800033	add	x0,x0,x8	  x0:0x00000000  x8:0x00000001
        7795000	       778	80002074	01985b33	srl	x22,x16,x25	 x16:0x00000000 x25:0x80009f50 x22=0x00000000
        7805000	       779	80002078	faa302e3	beq	x6,x10,8000201c	  x6:0xffffffeb x10:0xfffffff3
        7815000	       780	8000207c	94e70b13	addi	x22,x14,-1714	 x14:0x00000001 x22=0xfffff94f
        7825000	       781	80002080	00800213	addi	x4,x0,8	  x0:0x00000000  x4=0x00000008
        7835000	       782	80002084	01200413	addi	x8,x0,18	  x0:0x00000000  x8=0x00000012
        7845000	       783	80002088	0d634113	xori	x2,x6,214	  x6:0xffffffeb  x2=0xffffff3d
        7855000	       784	8000208c	00a20213	addi	x4,x4,10	  x4:0x00000008  x4=0x00000012
        7865000	       785	80002090	00000013	addi	x0,x0,0	  x0:0x00000000
        7875000	       786	80002094	00500c93	addi	x25,x0,5	  x0:0x00000000 x25=0x00000005
        7885000	       787	80002098	00400813	addi	x16,x0,4	  x0:0x00000000 x16=0x00000004
        7895000	       788	8000209c	24d8e093	ori	x1,x17,589	 x17:0x00000000  x1=0x0000024d
        7905000	       789	800020a0	41c9d113	srai	x2,x19,0x1c	 x19:0x00000000  x2=0x00000000
        7915000	       790	800020a4	ffec8c93	addi	x25,x25,-2	 x25:0x00000005 x25=0x00000003
        7925000	       791	800020a8	ff0cfae3	bgeu	x25,x16,8000209c	 x25:0x00000003 x16:0x00000004
        7935000	       792	800020ac	fc821ee3	bne	x4,x8,80002088	  x4:0x00000012  x8:0x00000012
        7945000	       793	800020b0	00dfec33	or	x24,x31,x13	 x31:0x40004fa8 x13:0x80009fc4 x24=0xc000dfec
        7955000	       794	800020b4	c8a9c193	xori	x3,x19,-886	 x19:0x00000000  x3=0xfffffc8a
        7965000	       795	800020b8	00443033	sltu	x0,x8,x4	  x8:0x00000012  x4:0x00000012
        7975000	       796	800020bc	017d1663	bne	x26,x23,800020c8	 x26:0x00000000 x23:0x00000001
        7985000	       797	00000000	00000013	addi	x0,x0,0	  x0:0x00000000
        7995000	       798	800020c4	00000013	addi	x0,x0,0	  x0:0x00000000
        8005000	       799	800020c8	0017e233	or	x4,x15,x1	 x15:0x80009f50  x1:0x0000024d  x4=0x80009f5d
        8015000	       800	800020cc	00c47bb3	and	x23,x8,x12	  x8:0x00000012 x12:0xfffffff6 x23=0x00000012
        8025000	       801	800020d0	03dfc463	blt	x31,x29,800020f8	 x31:0x40004fa8 x29:0x00000000
        8035000	       802	800020d4	dd4a5817	auipc	x16,0xdd4a5	 x16=0x5d4a70d0
        8045000	       803	800020d8	9a56fb13	andi	x22,x13,-1627	 x13:0x80009fc4 x22=0x80009984
        8055000	       804	800020dc	40a05713	srai	x14,x0,0xa	  x0:0x00000000 x14=0x00000000
        8065000	       805	800020e0	00000013	addi	x0,x0,0	  x0:0x00000000
        8075000	       806	800020e4	01fecbb3	xor	x23,x29,x31	 x29:0x00000000 x31:0x40004fa8 x23=0x40004fa8
        8085000	       807	800020e8	40195d13	srai	x26,x18,0x1	 x18:0x00000000 x26=0x00000000
        8095000	       808	800020ec	00ccef33	or	x30,x25,x12	 x25:0x00000003 x12:0xfffffff6 x30=0xfffffff7
        8105000	       809	800020f0	dddf5497	auipc	x9,0xdddf5	  x9=0x5ddf70ec
        8115000	       810	800020f4	00000013	addi	x0,x0,0	  x0:0x00000000
        8125000	       811	800020f8	95b97b13	andi	x22,x18,-1701	 x18:0x00000000 x22=0x00000000
        8135000	       812	800020fc	0398d263	bge	x17,x25,80002120	 x17:0x00000000 x25:0x00000003
        8145000	       813	80002100	03688463	beq	x17,x22,80002128	 x17:0x00000000 x22:0x00000000
        8155000	       814	00000000	00000013	addi	x0,x0,0	  x0:0x00000000
        8165000	       815	80002124	00000013	addi	x0,x0,0	  x0:0x00000000
        8175000	       816	80002128	40248a33	sub	x20,x9,x2	  x9:0x5ddf70ec  x2:0x00000000 x20=0x5ddf70ec
        8185000	       817	8000212c	01a74a63	blt	x14,x26,80002140	 x14:0x00000000 x26:0x00000000
        8195000	       818	80002130	057ee863	bltu	x29,x23,80002180	 x29:0x00000000 x23:0x40004fa8
        8205000	       819	00000000	00000013	addi	x0,x0,0	  x0:0x00000000
        8215000	       820	8000217c	00000013	addi	x0,x0,0	  x0:0x00000000
        8225000	       821	80002180	0d85fc13	andi	x24,x11,216	 x11:0xf898089d x24=0x00000098
        8235000	       822	80002184	03fd0863	beq	x26,x31,800021b4	 x26:0x00000000 x31:0x40004fa8
        8245000	       823	80002188	3aaf8093	addi	x1,x31,938	 x31:0x40004fa8  x1=0x40005352
        8255000	       824	8000218c	00ad04b3	add	x9,x26,x10	 x26:0x00000000 x10:0xfffffff3  x9=0xfffffff3
        8265000	       825	80002190	03417113	andi	x2,x2,52	  x2:0x00000000  x2=0x00000000
        8275000	       826	80002194	caceb913	sltiu	x18,x29,-852	 x29:0x00000000 x18=0x00000001
        8285000	       827	80002198	0a2d9463	bne	x27,x2,80002240	 x27:0x00000015  x2:0x00000000
        8295000	       828	00000000	00000013	addi	x0,x0,0	  x0:0x00000000
        8305000	       829	8000223c	00000013	addi	x0,x0,0	  x0:0x00000000
        8315000	       830	80002240	a79bcf93	xori	x31,x23,-1415	 x23:0x40004fa8 x31=0xbfffb5d1
        8325000	       831	80002244	01011b33	sll	x22,x2,x16	  x2:0x00000000 x16:0x5d4a70d0 x22=0x00000000
        8335000	       832	80002248	409104b3	sub	x9,x2,x9	  x2:0x00000000  x9:0xfffffff3  x9=0x0000000d
        8345000	       833	8000224c	479fa393	slti	x7,x31,1145	 x31:0xbfffb5d1  x7=0x00000001
        8355000	       834	80002250	01da2f33	slt	x30,x20,x29	 x20:0x5ddf70ec x29:0x00000000 x30=0x00000000
        8365000	       835	80002254	015e18b3	sll	x17,x28,x21	 x28:0x00000000 x21:0x00000000 x17=0x00000000
        8375000	       836	80002258	04917863	bgeu	x2,x9,800022a8	  x2:0x00000000  x9:0x0000000d
        8385000	       837	8000225c	01164733	xor	x14,x12,x17	 x12:0xfffffff6 x17:0x00000000 x14=0xfffffff6
        8395000	       838	80002260	009a3533	sltu	x10,x20,x9	 x20:0x5ddf70ec  x9:0x0000000d x10=0x00000000
        8405000	       839	80002264	fdbb4c93	xori	x25,x22,-37	 x22:0x00000000 x25=0xffffffdb
        8415000	       840	80002268	dbfd3a13	sltiu	x20,x26,-577	 x26:0x00000000 x20=0x00000001
        8425000	       841	8000226c	03c17863	bgeu	x2,x28,8000229c	  x2:0x00000000 x28:0x00000000
        8435000	       842	00000000	00000013	addi	x0,x0,0	  x0:0x00000000
        8445000	       843	80002298	00000013	addi	x0,x0,0	  x0:0x00000000
        8455000	       844	8000229c	00167a63	bgeu	x12,x1,800022b0	 x12:0xfffffff6  x1:0x40005352
        8465000	       845	00000000	00000013	addi	x0,x0,0	  x0:0x00000000
        8475000	       846	800022ac	00000013	addi	x0,x0,0	  x0:0x00000000
        8485000	       847	800022b0	46330a93	addi	x21,x6,1123	  x6:0xffffffeb x21=0x0000044e
        8495000	       848	800022b4	03087063	bgeu	x16,x16,800022d4	 x16:0x5d4a70d0 x16:0x5d4a70d0
        8505000	       849	00000000	00000013	addi	x0,x0,0	  x0:0x00000000
        8515000	       850	800022d0	00000013	addi	x0,x0,0	  x0:0x00000000
        8525000	       851	800022d4	00e53033	sltu	x0,x10,x14	 x10:0x00000000 x14:0xfffffff6
        8535000	       852	800022d8	04f7e463	bltu	x15,x15,80002320	 x15:0x80009f50 x15:0x80009f50
        8545000	       853	800022dc	01058eb3	add	x29,x11,x16	 x11:0xf898089d x16:0x5d4a70d0 x29=0x55e2796d
        8555000	       854	800022e0	00000013	addi	x0,x0,0	  x0:0x00000000
        8565000	       855	800022e4	334bf013	andi	x0,x23,820	 x23:0x40004fa8
        8575000	       856	800022e8	0311e263	bltu	x3,x17,8000230c	  x3:0xfffffc8a x17:0x00000000
        8585000	       857	800022ec	036a6863	bltu	x20,x22,8000231c	 x20:0x00000001 x22:0x00000000
        8595000	       858	800022f0	01ba9cb3	sll	x25,x21,x27	 x21:0x0000044e x27:0x00000015 x25=0x89c00000
        8605000	       859	800022f4	4022de93	srai	x29,x5,0x2	  x5:0xffffffff x29=0xffffffff
        8615000	       860	800022f8	02cbe263	bltu	x23,x12,8000231c	 x23:0x40004fa8 x12:0xfffffff6
        8625000	       861	00000000	00000013	addi	x0,x0,0	  x0:0x00000000
        8635000	       862	80002318	00000013	addi	x0,x0,0	  x0:0x00000000
        8645000	       863	8000231c	01338c33	add	x24,x7,x19	  x7:0x00000001 x19:0x00000000 x24=0x00000001
        8655000	       864	80002320	0099e0b3	or	x1,x19,x9	 x19:0x00000000  x9:0x0000000d  x1=0x0000000d
        8665000	       865	80002324	17864113	xori	x2,x12,376	 x12:0xfffffff6  x2=0xfffffe8e
        8675000	       866	80002328	003512b3	sll	x5,x10,x3	 x10:0x00000000  x3:0xfffffc8a  x5=0x00000000
        8685000	       867	8000232c	99c1ca93	xori	x21,x3,-1636	  x3:0xfffffc8a x21=0x00000516
        8695000	       868	80002330	074a4393	xori	x7,x20,116	 x20:0x00000001  x7=0x00000075
        8705000	       869	80002334	01349663	bne	x9,x19,80002340	  x9:0x0000000d x19:0x00000000
        8715000	       870	00000000	00000013	addi	x0,x0,0	  x0:0x00000000
        8725000	       871	8000233c	00000013	addi	x0,x0,0	  x0:0x00000000
        8735000	       872	80002340	40d35933	sra	x18,x6,x13	  x6:0xffffffeb x13:0x80009fc4 x18=0xfffffffe
        8745000	       873	80002344	00ecce33	xor	x28,x25,x14	 x25:0x89c00000 x14:0xfffffff6 x28=0x763ffff6
        8755000	       874	80002348	05fee063	bltu	x29,x31,80002388	 x29:0xffffffff x31:0xbfffb5d1
        8765000	       875	8000234c	0338f663	bgeu	x17,x19,80002378	 x17:0x00000000 x19:0x00000000
        8775000	       876	00000000	00000013	addi	x0,x0,0	  x0:0x00000000
        8785000	       877	80002374	00000013	addi	x0,x0,0	  x0:0x00000000
        8795000	       878	80002378	a5313093	sltiu	x1,x2,-1453	  x2:0xfffffe8e  x1=0x00000000
        8805000	       879	8000237c	048d5263	bge	x26,x8,800023c0	 x26:0x00000000  x8:0x00000012
        8815000	       880	80002380	00375463	bge	x14,x3,80002388	 x14:0xfffffff6  x3:0xfffffc8a
        8825000	       881	00000000	00000013	addi	x0,x0,0	  x0:0x00000000
        8835000	       882	80002384	00000013	addi	x0,x0,0	  x0:0x00000000
        8845000	       883	80002388	01c320b3	slt	x1,x6,x28	  x6:0xffffffeb x28:0x763ffff6  x1=0x00000001
        8855000	       884	8000238c	77e9e813	ori	x16,x19,1918	 x19:0x00000000 x16=0x0000077e
        8865000	       885	80002390	0062ca63	blt	x5,x6,800023a4	  x5:0x00000000  x6:0xffffffeb
        8875000	       886	80002394	91340093	addi	x1,x8,-1773	  x8:0x00000012  x1=0xfffff925
        8885000	       887	80002398	02889e63	bne	x17,x8,800023d4	 x17:0x00000000  x8:0x00000012
        8895000	       888	00000000	00000013	addi	x0,x0,0	  x0:0x00000000
        8905000	       889	800023d0	00000013	addi	x0,x0,0	  x0:0x00000000
        8915000	       890	800023d4	4040d093	srai	x1,x1,0x4	  x1:0xfffff925  x1=0xffffff92
        8925000	       891	800023d8	00c10bb3	add	x23,x2,x12	  x2:0xfffffe8e x12:0xfffffff6 x23=0xfffffe84
        8935000	       892	800023dc	41ce5d13	srai	x26,x28,0x1c	 x28:0x763ffff6 x26=0x00000007
        8945000	       893	800023e0	02c14463	blt	x2,x12,80002408	  x2:0xfffffe8e x12:0xfffffff6
        8955000	       894	00000000	00000013	addi	x0,x0,0	  x0:0x00000000
        8965000	       895	80002404	00000013	addi	x0,x0,0	  x0:0x00000000
        8975000	       896	80002408	032e6463	bltu	x28,x18,80002430	 x28:0x763ffff6 x18:0xfffffffe
        8985000	       897	00000000	00000013	addi	x0,x0,0	  x0:0x00000000
        8995000	       898	8000242c	00000013	addi	x0,x0,0	  x0:0x00000000
        9005000	       899	80002430	00b141b3	xor	x3,x2,x11	  x2:0xfffffe8e x11:0xf898089d  x3=0x0767f613
        9015000	       900	80002434	01415ab3	srl	x21,x2,x20	  x2:0xfffffe8e x20:0x00000001 x21=0x7fffff47
        9025000	       901	80002438	00ed5663	bge	x26,x14,80002444	 x26:0x00000007 x14:0xfffffff6
        9035000	       902	00000000	00000013	addi	x0,x0,0	  x0:0x00000000
        9045000	       903	80002440	00000013	addi	x0,x0,0	  x0:0x00000000
        9055000	       904	80002444	023fe063	bltu	x31,x3,80002464	 x31:0xbfffb5d1  x3:0x0767f613
        9065000	       905	80002448	027f9863	bne	x31,x7,80002478	 x31:0xbfffb5d1  x7:0x00000075
        9075000	       906	00000000	00000013	addi	x0,x0,0	  x0:0x00000000
        9085000	       907	80002474	00000013	addi	x0,x0,0	  x0:0x00000000
        9095000	       908	80002478	8cf34093	xori	x1,x6,-1841	  x6:0xffffffeb  x1=0x00000724
        9105000	       909	8000247c	018cf133	and	x2,x25,x24	 x25:0x89c00000 x24:0x00000001  x2=0x00000000
        9115000	       910	80002480	008f4663	blt	x30,x8,8000248c	 x30:0x00000000  x8:0x00000012
        9125000	       911	00000000	00000013	addi	x0,x0,0	  x0:0x00000000
        9135000	       912	80002488	00000013	addi	x0,x0,0	  x0:0x00000000
        9145000	       913	8000248c	0216d863	bge	x13,x1,800024bc	 x13:0x80009fc4  x1:0x00000724
        9155000	       914	80002490	8861ae93	slti	x29,x3,-1914	  x3:0x0767f613 x29=0x00000000
        9165000	       915	80002494	005b1213	slli	x4,x22,0x5	 x22:0x00000000  x4=0x00000000
        9175000	       916	80002498	05a44863	blt	x8,x26,800024e8	  x8:0x00000012 x26:0x00000007
        9185000	       917	8000249c	032d4463	blt	x26,x18,800024c4	 x26:0x00000007 x18:0xfffffffe
        9195000	       918	800024a0	2e74e613	ori	x12,x9,743	  x9:0x0000000d x12=0x000002ef
        9205000	       919	800024a4	00acbe33	sltu	x28,x25,x10	 x25:0x89c00000 x10:0x00000000 x28=0x00000000
        9215000	       920	800024a8	db8f7e17	auipc	x28,0xdb8f7	 x28=0x5b8f94a4
        9225000	       921	800024ac	00b569b3	or	x19,x10,x11	 x10:0x00000000 x11:0xf898089d x19=0xf898089d
        9235000	       922	800024b0	4142d4b3	sra	x9,x5,x20	  x5:0x00000000 x20:0x00000001  x9=0x00000000
        9245000	       923	800024b4	41c85933	sra	x18,x16,x28	 x16:0x0000077e x28:0x5b8f94a4 x18=0x00000077
        9255000	       924	800024b8	026d8a63	beq	x27,x6,800024ec	 x27:0x00000015  x6:0xffffffeb
        9265000	       925	800024bc	05854263	blt	x10,x24,80002500	 x10:0x00000000 x24:0x00000001
        9275000	       926	00000000	00000013	addi	x0,x0,0	  x0:0x00000000
        9285000	       927	800024fc	00000013	addi	x0,x0,0	  x0:0x00000000
        9295000	       928	80002500	deb5df97	auipc	x31,0xdeb5d	 x31=0x5eb5f4fc
        9305000	       929	80002504	007d2cb3	slt	x25,x26,x7	 x26:0x00000007  x7:0x00000075 x25=0x00000001
        9315000	       930	80002508	01550433	add	x8,x10,x21	 x10:0x00000000 x21:0x7fffff47  x8=0x7fffff47
        9325000	       931	8000250c	00579e63	bne	x15,x5,80002528	 x15:0x80009f50  x5:0x00000000
        9335000	       932	00000000	00000013	addi	x0,x0,0	  x0:0x00000000
        9345000	       933	80002524	00000013	addi	x0,x0,0	  x0:0x00000000
        9355000	       934	80002528	00671193	slli	x3,x14,0x6	 x14:0xfffffff6  x3=0xfffffd80
        9365000	       935	8000252c	58897913	andi	x18,x18,1416	 x18:0x00000077 x18=0x00000000
        9375000	       936	80002530	00a30f33	add	x30,x6,x10	  x6:0xffffffeb x10:0x00000000 x30=0xffffffeb
        9385000	       937	80002534	01e75a13	srli	x20,x14,0x1e	 x14:0xfffffff6 x20=0x00000003
        9395000	       938	80002538	01c3d433	srl	x8,x7,x28	  x7:0x00000075 x28:0x5b8f94a4  x8=0x00000007
        9405000	       939	8000253c	a3606813	ori	x16,x0,-1482	  x0:0x00000000 x16=0xfffffa36
        9415000	       940	80002540	96052713	slti	x14,x10,-1696	 x10:0x00000000 x14=0x00000000
        9425000	       941	80002544	01ce3d33	sltu	x26,x28,x28	 x28:0x5b8f94a4 x28:0x5b8f94a4 x26=0x00000000
        9435000	       942	80002548	017efa63	bgeu	x29,x23,8000255c	 x29:0x00000000 x23:0xfffffe84
        9445000	       943	8000254c	00e51a63	bne	x10,x14,80002560	 x10:0x00000000 x14:0x00000000
        9455000	       944	80002550	a14dfd93	andi	x27,x27,-1516	 x27:0x00000015 x27=0x00000014
        9465000	       945	80002554	02180663	beq	x16,x1,80002580	 x16:0xfffffa36  x1:0x00000724
        9475000	       946	80002558	03e3d863	bge	x7,x30,80002588	  x7:0x00000075 x30:0xffffffeb
        9485000	       947	00000000	00000013	addi	x0,x0,0	  x0:0x00000000
        9495000	       948	80002584	00000013	addi	x0,x0,0	  x0:0x00000000
        9505000	       949	80002588	32c9ce13	xori	x28,x19,812	 x19:0xf898089d x28=0xf8980bb1
        9515000	       950	8000258c	03dd8263	beq	x27,x29,800025b0	 x27:0x00000014 x29:0x00000000
        9525000	       951	80002590	11f97013	andi	x0,x18,287	 x18:0x00000000
        9535000	       952	80002594	00315493	srli	x9,x2,0x3	  x2:0x00000000  x9=0x00000000
        9545000	       953	80002598	01743f33	sltu	x30,x8,x23	  x8:0x00000007 x23:0xfffffe84 x30=0x00000001
        9555000	       954	8000259c	00f1e663	bltu	x3,x15,800025a8	  x3:0xfffffd80 x15:0x80009f50
        9565000	       955	800025a0	01417133	and	x2,x2,x20	  x2:0x00000000 x20:0x00000003  x2=0x00000000
        9575000	       956	800025a4	02bbd863	bge	x23,x11,800025d4	 x23:0xfffffe84 x11:0xf898089d
        9585000	       957	00000000	00000013	addi	x0,x0,0	  x0:0x00000000
        9595000	       958	800025d0	00000013	addi	x0,x0,0	  x0:0x00000000
        9605000	       959	800025d4	01107d33	and	x26,x0,x17	  x0:0x00000000 x17:0x00000000 x26=0x00000000
        9615000	       960	800025d8	00ea29b3	slt	x19,x20,x14	 x20:0x00000003 x14:0x00000000 x19=0x00000000
        9625000	       961	800025dc	00000013	addi	x0,x0,0	  x0:0x00000000
        9635000	       962	800025e0	00745393	srli	x7,x8,0x7	  x8:0x00000007  x7=0x00000000
        9645000	       963	800025e4	029e8863	beq	x29,x9,80002614	 x29:0x00000000  x9:0x00000000
        9655000	       964	00000000	00000013	addi	x0,x0,0	  x0:0x00000000
        9665000	       965	80002610	00000013	addi	x0,x0,0	  x0:0x00000000
        9675000	       966	80002614	01fcd013	srli	x0,x25,0x1f	 x25:0x00000001
        9685000	       967	80002618	8909df17	auipc	x30,0x8909d	 x30=0x0909f614
        9695000	       968	8000261c	014ccab3	xor	x21,x25,x20	 x25:0x00000001 x20:0x00000003 x21=0x00000002
        9705000	       969	80002620	00335a63	bge	x6,x3,80002634	  x6:0xffffffeb  x3:0xfffffd80
        9715000	       970	00000000	00000013	addi	x0,x0,0	  x0:0x00000000
        9725000	       971	80002630	00000013	addi	x0,x0,0	  x0:0x00000000
        9735000	       972	80002634	01c68463	beq	x13,x28,8000263c	 x13:0x80009fc4 x28:0xf8980bb1
        9745000	       973	80002638	11fd3013	sltiu	x0,x26,287	 x26:0x00000000
        9755000	       974	8000263c	66794d17	auipc	x26,0x66794	 x26=0xe6796638
        9765000	       975	80002640	00875513	srli	x10,x14,0x8	 x14:0x00000000 x10=0x00000000
        9775000	       976	80002644	01661e63	bne	x12,x22,80002660	 x12:0x000002ef x22:0x00000000
        9785000	       977	00000000	00000013	addi	x0,x0,0	  x0:0x00000000
        9795000	       978	8000265c	00000013	addi	x0,x0,0	  x0:0x00000000
        9805000	       979	80002660	04875863	bge	x14,x8,800026b0	 x14:0x00000000  x8:0x00000007
        9815000	       980	80002664	4e68a913	slti	x18,x17,1254	 x17:0x00000000 x18=0x00000001
        9825000	       981	80002668	0204e063	bltu	x9,x0,80002688	  x9:0x00000000  x0:0x00000000
        9835000	       982	8000266c	01e74663	blt	x14,x30,80002678	 x14:0x00000000 x30:0x0909f614
        9845000	       983	00000000	00000013	addi	x0,x0,0	  x0:0x00000000
        9855000	       984	80002674	00000013	addi	x0,x0,0	  x0:0x00000000
        9865000	       985	80002678	4620f397	auipc	x7,0x4620f	  x7=0xc6211674
        9875000	       986	8000267c	010592b3	sll	x5,x11,x16	 x11:0xf898089d x16:0xfffffa36  x5=0x27400000
        9885000	       987	80002680	0036c333	xor	x6,x13,x3	 x13:0x80009fc4  x3:0xfffffd80  x6=0x7fff6244
        9895000	       988	80002684	01d31213	slli	x4,x6,0x1d	  x6:0x7fff6244  x4=0x80000000
        9905000	       989	80002688	a131a513	slti	x10,x3,-1517	  x3:0xfffffd80 x10=0x00000000
        9915000	       990	8000268c	40140533	sub	x10,x8,x1	  x8:0x00000007  x1:0x00000724 x10=0xfffff8e3
        9925000	       991	80002690	17d4f417	auipc	x8,0x17d4f	  x8=0x97d5168c
        9935000	       992	80002694	41195233	sra	x4,x18,x17	 x18:0x00000001 x17:0x00000000  x4=0x00000001
        9945000	       993	80002698	00b90033	add	x0,x18,x11	 x18:0x00000001 x11:0xf898089d
        9955000	       994	8000269c	00852933	slt	x18,x10,x8	 x10:0xfffff8e3  x8:0x97d5168c x18=0x00000000
        9965000	       995	800026a0	e955f493	andi	x9,x11,-363	 x11:0xf898089d  x9=0xf8980895
        9975000	       996	800026a4	05da3193	sltiu	x3,x20,93	 x20:0x00000003  x3=0x00000001
        9985000	       997	800026a8	00000013	addi	x0,x0,0	  x0:0x00000000
        9995000	       998	800026ac	007d1713	slli	x14,x26,0x7	 x26:0xe6796638 x14=0x3cb31c00
       10005000	       999	800026b0	01ce9813	slli	x16,x29,0x1c	 x29:0x00000000 x16=0x00000000
       10015000	      1000	800026b4	41175ab3	sra	x21,x14,x17	 x14:0x3cb31c00 x17:0x00000000 x21=0x3cb31c00
       10025000	      1001	800026b8	01067233	and	x4,x12,x16	 x12:0x000002ef x16:0x00000000  x4=0x00000000
       10035000	      1002	800026bc	41275e93	srai	x29,x14,0x12	 x14:0x3cb31c00 x29=0x00000f2c
       10045000	      1003	800026c0	0378d863	bge	x17,x23,800026f0	 x17:0x00000000 x23:0xfffffe84
       10055000	      1004	00000000	00000013	addi	x0,x0,0	  x0:0x00000000
       10065000	      1005	800026ec	00000013	addi	x0,x0,0	  x0:0x00000000
       10075000	      1006	800026f0	00271db3	sll	x27,x14,x2	 x14:0x3cb31c00  x2:0x00000000 x27=0x3cb31c00
       10085000	      1007	800026f4	41c50d33	sub	x26,x10,x28	 x10:0xfffff8e3 x28:0xf8980bb1 x26=0x0767ed32
       10095000	      1008	800026f8	01c469b3	or	x19,x8,x28	  x8:0x97d5168c x28:0xf8980bb1 x19=0xffdd1fbd
       10105000	      1009	800026fc	02c71a63	bne	x14,x12,80002730	 x14:0x3cb31c00 x12:0x000002ef
       10115000	      1010	00000000	00000013	addi	x0,x0,0	  x0:0x00000000
       10125000	      1011	8000272c	00000013	addi	x0,x0,0	  x0:0x00000000
       10135000	      1012	80002730	01c61d13	slli	x26,x12,0x1c	 x12:0x000002ef x26=0xf0000000
       10145000	      1013	80002734	00465e63	bge	x12,x4,80002750	 x12:0x000002ef  x4:0x00000000
       10155000	      1014	00000000	00000013	addi	x0,x0,0	  x0:0x00000000
       10165000	      1015	8000274c	00000013	addi	x0,x0,0	  x0:0x00000000
       10175000	      1016	80002750	41bc0893	addi	x17,x24,1051	 x24:0x00000001 x17=0x0000041c
       10185000	      1017	80002754	012f1c93	slli	x25,x30,0x12	 x30:0x0909f614 x25=0xd8500000
       10195000	      1018	80002758	592b4013	xori	x0,x22,1426	 x22:0x00000000
       10205000	      1019	8000275c	01d01c13	slli	x24,x0,0x1d	  x0:0x00000000 x24=0x00000000
       10215000	      1020	80002760	01d99513	slli	x10,x19,0x1d	 x19:0xffdd1fbd x10=0xa0000000
       10225000	      1021	80002764	00e71433	sll	x8,x14,x14	 x14:0x3cb31c00 x14:0x3cb31c00  x8=0x3cb31c00
       10235000	      1022	80002768	7d432eb7	lui	x29,0x7d432	 x29=0x7d432000
       10245000	      1023	8000276c	3fc2a393	slti	x7,x5,1020	  x5:0x27400000  x7=0x00000000
       10255000	      1024	80002770	01306a63	bltu	x0,x19,80002784	  x0:0x00000000 x19:0xffdd1fbd
       10265000	      1025	00000000	00000013	addi	x0,x0,0	  x0:0x00000000
       10275000	      1026	80002780	00000013	addi	x0,x0,0	  x0:0x00000000
       10285000	      1027	80002784	0160fa63	bgeu	x1,x22,80002798	  x1:0x00000724 x22:0x00000000
       10295000	      1028	00000000	00000013	addi	x0,x0,0	  x0:0x00000000
       10305000	      1029	80002794	00000013	addi	x0,x0,0	  x0:0x00000000
       10315000	      1030	80002798	00355013	srli	x0,x10,0x3	 x10:0xa0000000
       10325000	      1031	8000279c	0422f063	bgeu	x5,x2,800027dc	  x5:0x27400000  x2:0x00000000
       10335000	      1032	00000000	00000013	addi	x0,x0,0	  x0:0x00000000
       10345000	      1033	800027d8	00000013	addi	x0,x0,0	  x0:0x00000000
       10355000	      1034	800027dc	414ddd93	srai	x27,x27,0x14	 x27:0x3cb31c00 x27=0x000003cb
       10365000	      1035	800027e0	00a31813	slli	x16,x6,0xa	  x6:0x7fff6244 x16=0xfd891000
       10375000	      1036	800027e4	7cbaf713	andi	x14,x21,1995	 x21:0x3cb31c00 x14=0x00000400
       10385000	      1037	800027e8	03ccd063	bge	x25,x28,80002808	 x25:0xd8500000 x28:0xf8980bb1
       10395000	      1038	800027ec	8628bd93	sltiu	x27,x17,-1950	 x17:0x0000041c x27=0x00000001
       10405000	      1039	800027f0	4168dd13	srai	x26,x17,0x16	 x17:0x0000041c x26=0x00000000
       10415000	      1040	800027f4	bdbb9c97	auipc	x25,0xbdbb9	 x25=0x3dbbb7f0
       10425000	      1041	800027f8	03718463	beq	x3,x23,80002820	  x3:0x00000001 x23:0xfffffe84
       10435000	      1042	800027fc	40bf81b3	sub	x3,x31,x11	 x31:0x5eb5f4fc x11:0xf898089d  x3=0x661dec5f
       10445000	      1043	80002800	3af34917	auipc	x18,0x3af34	 x18=0xbaf367fc
       10455000	      1044	80002804	0279c263	blt	x19,x7,80002828	 x19:0xffdd1fbd  x7:0x00000000
       10465000	      1045	00000000	00000013	addi	x0,x0,0	  x0:0x00000000
       10475000	      1046	80002824	00000013	addi	x0,x0,0	  x0:0x00000000
       10485000	      1047	80002828	c546c013	xori	x0,x13,-940	 x13:0x80009fc4
       10495000	      1048	8000282c	00a3d333	srl	x6,x7,x10	  x7:0x00000000 x10:0xa0000000  x6=0x00000000
       10505000	      1049	80002830	4018d293	srai	x5,x17,0x1	 x17:0x0000041c  x5=0x0000020e
       10515000	      1050	80002834	80e62313	slti	x6,x12,-2034	 x12:0x000002ef  x6=0x00000000
       10525000	      1051	80002838	8b228a93	addi	x21,x5,-1870	  x5:0x0000020e x21=0xfffffac0
       10535000	      1052	8000283c	0135e2b3	or	x5,x11,x19	 x11:0xf898089d x19:0xffdd1fbd  x5=0xffdd1fbd
       10545000	      1053	80002840	208efc13	andi	x24,x29,520	 x29:0x7d432000 x24=0x00000000
       10555000	      1054	80002844	011271b3	and	x3,x4,x17	  x4:0x00000000 x17:0x0000041c  x3=0x00000000
       10565000	      1055	80002848	c5ef8f93	addi	x31,x31,-930	 x31:0x5eb5f4fc x31=0x5eb5f15a
       10575000	      1056	8000284c	0197de93	srli	x29,x15,0x19	 x15:0x80009f50 x29=0x00000040
       10585000	      1057	80002850	5cdb2393	slti	x7,x22,1485	 x22:0x00000000  x7=0x00000001
       10595000	      1058	80002854	00178eb3	add	x29,x15,x1	 x15:0x80009f50  x1:0x00000724 x29=0x8000a674
       10605000	      1059	80002858	012d7a63	bgeu	x26,x18,8000286c	 x26:0x00000000 x18:0xbaf367fc
       10615000	      1060	8000285c	0002c663	blt	x5,x0,80002868	  x5:0xffdd1fbd  x0:0x00000000
       10625000	      1061	00000000	00000013	addi	x0,x0,0	  x0:0x00000000
       10635000	      1062	80002864	00000013	addi	x0,x0,0	  x0:0x00000000
       10645000	      1063	80002868	0115d413	srli	x8,x11,0x11	 x11:0xf898089d  x8=0x00007c4c
       10655000	      1064	8000286c	071bda63	bge	x23,x17,800028e0	 x23:0xfffffe84 x17:0x0000041c
       10665000	      1065	80002870	fd48c093	xori	x1,x17,-44	 x17:0x0000041c  x1=0xfffffbc8
       10675000	      1066	80002874	ab50ed93	ori	x27,x1,-1355	  x1:0xfffffbc8 x27=0xfffffbfd
       10685000	      1067	80002878	092e8c13	addi	x24,x29,146	 x29:0x8000a674 x24=0x8000a706
       10695000	      1068	8000287c	40d283b3	sub	x7,x5,x13	  x5:0xffdd1fbd x13:0x80009fc4  x7=0x7fdc7ff9
       10705000	      1069	80002880	0160d4b3	srl	x9,x1,x22	  x1:0xfffffbc8 x22:0x00000000  x9=0xfffffbc8
       10715000	      1070	80002884	06d5c263	blt	x11,x13,800028e8	 x11:0xf898089d x13:0x80009fc4
       10725000	      1071	80002888	00318463	beq	x3,x3,80002890	  x3:0x00000000  x3:0x00000000
       10735000	      1072	00000000	00000013	addi	x0,x0,0	  x0:0x00000000
       10745000	      1073	8000288c	00000013	addi	x0,x0,0	  x0:0x00000000
       10755000	      1074	80002890	004a9413	slli	x8,x21,0x4	 x21:0xfffffac0  x8=0xffffac00
       10765000	      1075	80002894	016cdb13	srli	x22,x25,0x16	 x25:0x3dbbb7f0 x22=0x000000f6
       10775000	      1076	80002898	079e4463	blt	x28,x25,80002900	 x28:0xf8980bb1 x25:0x3dbbb7f0
       10785000	      1077	00000000	00000013	addi	x0,x0,0	  x0:0x00000000
       10795000	      1078	800028fc	00000013	addi	x0,x0,0	  x0:0x00000000
       10805000	      1079	80002900	01164eb3	xor	x29,x12,x17	 x12:0x000002ef x17:0x0000041c x29=0x000006f3
       10815000	      1080	80002904	02f3f463	bgeu	x7,x15,8000292c	  x7:0x7fdc7ff9 x15:0x80009f50
       10825000	      1081	80002908	04228863	beq	x5,x2,80002958	  x5:0xffdd1fbd  x2:0x00000000
       10835000	      1082	8000290c	04c06263	bltu	x0,x12,80002950	  x0:0x00000000 x12:0x000002ef
       10845000	      1083	00000000	00000013	addi	x0,x0,0	  x0:0x00000000
       10855000	      1084	8000294c	00000013	addi	x0,x0,0	  x0:0x00000000
       10865000	      1085	80002950	003730b3	sltu	x1,x14,x3	 x14:0x00000400  x3:0x00000000  x1=0x00000000
       10875000	      1086	80002954	4184df13	srai	x30,x9,0x18	  x9:0xfffffbc8 x30=0xffffffff
       10885000	      1087	80002958	57e262b7	lui	x5,0x57e26	  x5=0x57e26000
       10895000	      1088	8000295c	fe652413	slti	x8,x10,-26	 x10:0xa0000000  x8=0x00000001
       10905000	      1089	80002960	49b49197	auipc	x3,0x49b49	  x3=0xc9b4b95c
       10915000	      1090	80002964	be232f13	slti	x30,x6,-1054	  x6:0x00000000 x30=0x00000000
       10925000	      1091	80002968	38f42813	slti	x16,x8,911	  x8:0x00000001 x16=0x00000001
       10935000	      1092	8000296c	00000013	addi	x0,x0,0	  x0:0x00000000
       10945000	      1093	80002970	01f9adb3	slt	x27,x19,x31	 x19:0xffdd1fbd x31:0x5eb5f15a x27=0x00000001
       10955000	      1094	80002974	012df633	and	x12,x27,x18	 x27:0x00000001 x18:0xbaf367fc x12=0x00000000
       10965000	      1095	80002978	8a01d137	lui	x2,0x8a01d	  x2=0x8a01d000
       10975000	      1096	8000297c	03ad0063	beq	x26,x26,8000299c	 x26:0x00000000 x26:0x00000000
       10985000	      1097	00000000	00000013	addi	x0,x0,0	  x0:0x00000000
       10995000	      1098	80002998	00000013	addi	x0,x0,0	  x0:0x00000000
       11005000	      1099	8000299c	015dd113	srli	x2,x27,0x15	 x27:0x00000001  x2=0x00000000
       11015000	      1100	800029a0	0547e863	bltu	x15,x20,800029f0	 x15:0x80009f50 x20:0x00000003
       11025000	      1101	800029a4	00f77b33	and	x22,x14,x15	 x14:0x00000400 x15:0x80009f50 x22=0x00000400
       11035000	      1102	800029a8	004a2433	slt	x8,x20,x4	 x20:0x00000003  x4:0x00000000  x8=0x00000000
       11045000	      1103	800029ac	017fb0b3	sltu	x1,x31,x23	 x31:0x5eb5f15a x23:0xfffffe84  x1=0x00000001
       11055000	      1104	800029b0	00f73833	sltu	x16,x14,x15	 x14:0x00000400 x15:0x80009f50 x16=0x00000001
       11065000	      1105	800029b4	fe31fa13	andi	x20,x3,-29	  x3:0xc9b4b95c x20=0xc9b4b940
       11075000	      1106	800029b8	51694393	xori	x7,x18,1302	 x18:0xbaf367fc  x7=0xbaf362ea
       11085000	      1107	800029bc	004b5a63	bge	x22,x4,800029d0	 x22:0x00000400  x4:0x00000000
       11095000	      1108	00000000	00000013	addi	x0,x0,0	  x0:0x00000000
       11105000	      1109	800029cc	00000013	addi	x0,x0,0	  x0:0x00000000
       11115000	      1110	800029d0	01632833	slt	x16,x6,x22	  x6:0x00000000 x22:0x00000400 x16=0x00000001
       11125000	      1111	800029d4	011a4463	blt	x20,x17,800029dc	 x20:0xc9b4b940 x17:0x0000041c
       11135000	      1112	00000000	00000013	addi	x0,x0,0	  x0:0x00000000
       11145000	      1113	800029d8	00000013	addi	x0,x0,0	  x0:0x00000000
       11155000	      1114	800029dc	40f95633	sra	x12,x18,x15	 x18:0xbaf367fc x15:0x80009f50 x12=0xffffbaf3
       11165000	      1115	800029e0	39c52c13	slti	x24,x10,924	 x10:0xa0000000 x24=0x00000001
       11175000	      1116	800029e4	055df063	bgeu	x27,x21,80002a24	 x27:0x00000001 x21:0xfffffac0
       11185000	      1117	800029e8	0290d263	bge	x1,x9,80002a0c	  x1:0x00000001  x9:0xfffffbc8
       11195000	      1118	00000000	00000013	addi	x0,x0,0	  x0:0x00000000
       11205000	      1119	80002a08	00000013	addi	x0,x0,0	  x0:0x00000000
       11215000	      1120	80002a0c	00000013	addi	x0,x0,0	  x0:0x00000000
       11225000	      1121	80002a10	4f204313	xori	x6,x0,1266	  x0:0x00000000  x6=0x000004f2
       11235000	      1122	80002a14	236a8f13	addi	x30,x21,566	 x21:0xfffffac0 x30=0xfffffcf6
       11245000	      1123	80002a18	02bbc463	blt	x23,x11,80002a40	 x23:0xfffffe84 x11:0xf898089d
       11255000	      1124	80002a1c	40615093	srai	x1,x2,0x6	  x2:0x00000000  x1=0x00000000
       11265000	      1125	80002a20	00121663	bne	x4,x1,80002a2c	  x4:0x00000000  x1:0x00000000
       11275000	      1126	80002a24	df45c893	xori	x17,x11,-524	 x11:0xf898089d x17=0x0767f569
       11285000	      1127	80002a28	40db5113	srai	x2,x22,0xd	 x22:0x00000400  x2=0x00000000
       11295000	      1128	80002a2c	8cc02f13	slti	x30,x0,-1844	  x0:0x00000000 x30=0x00000000
       11305000	      1129	80002a30	ec92fd13	andi	x26,x5,-311	  x5:0x57e26000 x26=0x57e26000
       11315000	      1130	80002a34	003ece33	xor	x28,x29,x3	 x29:0x000006f3  x3:0xc9b4b95c x28=0xc9b4bfaf
       11325000	      1131	80002a38	412701b3	sub	x3,x14,x18	 x14:0x00000400 x18:0xbaf367fc  x3=0x450c9c04
       11335000	      1132	80002a3c	007bc0b3	xor	x1,x23,x7	 x23:0xfffffe84  x7:0xbaf362ea  x1=0x450c9c6e
       11345000	      1133	80002a40	03db7863	bgeu	x22,x29,80002a70	 x22:0x00000400 x29:0x000006f3
       11355000	      1134	80002a44	011231b3	sltu	x3,x4,x17	  x4:0x00000000 x17:0x0767f569  x3=0x00000001
       11365000	      1135	80002a48	1ab07493	andi	x9,x0,427	  x0:0x00000000  x9=0x00000000
       11375000	      1136	80002a4c	01bbdd33	srl	x26,x23,x27	 x23:0xfffffe84 x27:0x00000001 x26=0x7fffff42
       11385000	      1137	80002a50	039e0263	beq	x28,x25,80002a74	 x28:0xc9b4bfaf x25:0x3dbbb7f0
       11395000	      1138	80002a54	007df933	and	x18,x27,x7	 x27:0x00000001  x7:0xbaf362ea x18=0x00000000
       11405000	      1139	80002a58	017fea63	bltu	x31,x23,80002a6c	 x31:0x5eb5f15a x23:0xfffffe84
       11415000	      1140	00000000	00000013	addi	x0,x0,0	  x0:0x00000000
       11425000	      1141	80002a68	00000013	addi	x0,x0,0	  x0:0x00000000
       11435000	      1142	80002a6c	b1a87913	andi	x18,x16,-1254	 x16:0x00000001 x18=0x00000000
       11445000	      1143	80002a70	00fbf2b3	and	x5,x23,x15	 x23:0xfffffe84 x15:0x80009f50  x5=0x80009e00
       11455000	      1144	80002a74	40ba5213	srai	x4,x20,0xb	 x20:0xc9b4b940  x4=0xfff93697
       11465000	      1145	80002a78	022bd863	bge	x23,x2,80002aa8	 x23:0xfffffe84  x2:0x00000000
       11475000	      1146	80002a7c	00970bb3	add	x23,x14,x9	 x14:0x00000400  x9:0x00000000 x23=0x00000400
       11485000	      1147	80002a80	40f00eb3	sub	x29,x0,x15	  x0:0x00000000 x15:0x80009f50 x29=0x7fff60b0
       11495000	      1148	80002a84	41a48cb3	sub	x25,x9,x26	  x9:0x00000000 x26:0x7fffff42 x25=0x800000be
       11505000	      1149	80002a88	4000d733	sra	x14,x1,x0	  x1:0x450c9c6e  x0:0x00000000 x14=0x450c9c6e
       11515000	      1150	80002a8c	01599893	slli	x17,x19,0x15	 x19:0xffdd1fbd x17=0xf7a00000
       11525000	      1151	80002a90	00e810b3	sll	x1,x16,x14	 x16:0x00000001 x14:0x450c9c6e  x1=0x00004000
       11535000	      1152	80002a94	00f2f663	bgeu	x5,x15,80002aa0	  x5:0x80009e00 x15:0x80009f50
       11545000	      1153	80002a98	03c1e063	bltu	x3,x28,80002ab8	  x3:0x00000001 x28:0xc9b4bfaf
       11555000	      1154	00000000	00000013	addi	x0,x0,0	  x0:0x00000000
       11565000	      1155	80002ab4	00000013	addi	x0,x0,0	  x0:0x00000000
       11575000	      1156	80002ab8	006e9c33	sll	x24,x29,x6	 x29:0x7fff60b0  x6:0x000004f2 x24=0x82c00000
       11585000	      1157	80002abc	00159993	slli	x19,x11,0x1	 x11:0xf898089d x19=0xf130113a
       11595000	      1158	80002ac0	029bf663	bgeu	x23,x9,80002aec	 x23:0x00000400  x9:0x00000000
       11605000	      1159	00000000	00000013	addi	x0,x0,0	  x0:0x00000000
       11615000	      1160	80002ae8	00000013	addi	x0,x0,0	  x0:0x00000000
       11625000	      1161	80002aec	00616863	bltu	x2,x6,80002afc	  x2:0x00000000  x6:0x000004f2
       11635000	      1162	00000000	00000013	addi	x0,x0,0	  x0:0x00000000
       11645000	      1163	80002af8	00000013	addi	x0,x0,0	  x0:0x00000000
       11655000	      1164	80002afc	018f2fb3	slt	x31,x30,x24	 x30:0x00000000 x24:0x82c00000 x31=0x00000000
       11665000	      1165	80002b00	006fd893	srli	x17,x31,0x6	 x31:0x00000000 x17=0x00000000
       11675000	      1166	80002b04	635b8093	addi	x1,x23,1589	 x23:0x00000400  x1=0x00000a35
       11685000	      1167	80002b08	81d72b93	slti	x23,x14,-2019	 x14:0x450c9c6e x23=0x00000000
       11695000	      1168	80002b0c	01731a63	bne	x6,x23,80002b20	  x6:0x000004f2 x23:0x00000000
       11705000	      1169	00000000	00000013	addi	x0,x0,0	  x0:0x00000000
       11715000	      1170	80002b1c	00000013	addi	x0,x0,0	  x0:0x00000000
       11725000	      1171	80002b20	014e4db3	xor	x27,x28,x20	 x28:0xc9b4bfaf x20:0xc9b4b940 x27=0x000006ef
       11735000	      1172	80002b24	0065ca63	blt	x11,x6,80002b38	 x11:0xf898089d  x6:0x000004f2
       11745000	      1173	00000000	00000013	addi	x0,x0,0	  x0:0x00000000
       11755000	      1174	80002b34	00000013	addi	x0,x0,0	  x0:0x00000000
       11765000	      1175	80002b38	00000013	addi	x0,x0,0	  x0:0x00000000
       11775000	      1176	80002b3c	ad2aa413	slti	x8,x21,-1326	 x21:0xfffffac0  x8=0x00000001
       11785000	      1177	80002b40	8deb8017	auipc	x0,0x8deb8	
       11795000	      1178	80002b44	023a0e63	beq	x20,x3,80002b80	 x20:0xc9b4b940  x3:0x00000001
       11805000	      1179	80002b48	058c1863	bne	x24,x24,80002b98	 x24:0x82c00000 x24:0x82c00000
       11815000	      1180	80002b4c	10e43c13	sltiu	x24,x8,270	  x8:0x00000001 x24=0x00000001
       11825000	      1181	80002b50	3af57c13	andi	x24,x10,943	 x10:0xa0000000 x24=0x00000000
       11835000	      1182	80002b54	e98d3397	auipc	x7,0xe98d3	  x7=0x698d5b50
       11845000	      1183	80002b58	00395213	srli	x4,x18,0x3	 x18:0x00000000  x4=0x00000000
       11855000	      1184	80002b5c	00000013	addi	x0,x0,0	  x0:0x00000000
       11865000	      1185	80002b60	00c2d3b3	srl	x7,x5,x12	  x5:0x80009e00 x12:0xffffbaf3  x7=0x00001000
       11875000	      1186	80002b64	00163733	sltu	x14,x12,x1	 x12:0xffffbaf3  x1:0x00000a35 x14=0x00000000
       11885000	      1187	80002b68	01c59233	sll	x4,x11,x28	 x11:0xf898089d x28:0xc9b4bfaf  x4=0x044e8000
       11895000	      1188	80002b6c	03881663	bne	x16,x24,80002b98	 x16:0x00000001 x24:0x00000000
       11905000	      1189	00000000	00000013	addi	x0,x0,0	  x0:0x00000000
       11915000	      1190	80002b94	00000013	addi	x0,x0,0	  x0:0x00000000
       11925000	      1191	80002b98	a011bc13	sltiu	x24,x3,-1535	  x3:0x00000001 x24=0x00000001
       11935000	      1192	80002b9c	009710b3	sll	x1,x14,x9	 x14:0x00000000  x9:0x00000000  x1=0x00000000
       11945000	      1193	80002ba0	f7762f93	slti	x31,x12,-137	 x12:0xffffbaf3 x31=0x00000001
       11955000	      1194	80002ba4	01a321b3	slt	x3,x6,x26	  x6:0x000004f2 x26:0x7fffff42  x3=0x00000001
       11965000	      1195	80002ba8	7f5dc393	xori	x7,x27,2037	 x27:0x000006ef  x7=0x0000011a
       11975000	      1196	80002bac	d9e5f913	andi	x18,x11,-610	 x11:0xf898089d x18=0xf898089c
       11985000	      1197	80002bb0	b770c393	xori	x7,x1,-1161	  x1:0x00000000  x7=0xfffffb77
       11995000	      1198	80002bb4	4026d1b3	sra	x3,x13,x2	 x13:0x80009fc4  x2:0x00000000  x3=0x80009fc4
       12005000	      1199	80002bb8	e55bee13	ori	x28,x23,-427	 x23:0x00000000 x28=0xfffffe55
       12015000	      1200	80002bbc	02fcca63	blt	x25,x15,80002bf0	 x25:0x800000be x15:0x80009f50
       12025000	      1201	00000000	00000013	addi	x0,x0,0	  x0:0x00000000
       12035000	      1202	80002bec	00000013	addi	x0,x0,0	  x0:0x00000000
       12045000	      1203	80002bf0	00445393	srli	x7,x8,0x4	  x8:0x00000001  x7=0x00000000
       12055000	      1204	80002bf4	01e9d833	srl	x16,x19,x30	 x19:0xf130113a x30:0x00000000 x16=0xf130113a
       12065000	      1205	80002bf8	41375533	sra	x10,x14,x19	 x14:0x00000000 x19:0xf130113a x10=0x00000000
       12075000	      1206	80002bfc	95574493	xori	x9,x14,-1707	 x14:0x00000000  x9=0xfffff955
       12085000	      1207	80002c00	01fd3cb3	sltu	x25,x26,x31	 x26:0x7fffff42 x31:0x00000001 x25=0x00000000
       12095000	      1208	80002c04	a4040493	addi	x9,x8,-1472	  x8:0x00000001  x9=0xfffffa41
       12105000	      1209	80002c08	010d2b33	slt	x22,x26,x16	 x26:0x7fffff42 x16:0xf130113a x22=0x00000000
       12115000	      1210	80002c0c	46c21e37	lui	x28,0x46c21	 x28=0x46c21000
       12125000	      1211	80002c10	00d59b33	sll	x22,x11,x13	 x11:0xf898089d x13:0x80009fc4 x22=0x898089d0
       12135000	      1212	80002c14	d85e8613	addi	x12,x29,-635	 x29:0x7fff60b0 x12=0x7fff5e35
       12145000	      1213	80002c18	41e4d733	sra	x14,x9,x30	  x9:0xfffffa41 x30:0x00000000 x14=0xfffffa41
       12155000	      1214	80002c1c	03d85663	bge	x16,x29,80002c48	 x16:0xf130113a x29:0x7fff60b0
       12165000	      1215	80002c20	05347463	bgeu	x8,x19,80002c68	  x8:0x00000001 x19:0xf130113a
       12175000	      1216	80002c24	01eb2ab3	slt	x21,x22,x30	 x22:0x898089d0 x30:0x00000000 x21=0x00000001
       12185000	      1217	80002c28	00481db3	sll	x27,x16,x4	 x16:0xf130113a  x4:0x044e8000 x27=0xf130113a
       12195000	      1218	80002c2c	68566993	ori	x19,x12,1669	 x12:0x7fff5e35 x19=0x7fff5eb5
       12205000	      1219	80002c30	41cc0db3	sub	x27,x24,x28	 x24:0x00000001 x28:0x46c21000 x27=0xb93df001
       12215000	      1220	80002c34	01c32033	slt	x0,x6,x28	  x6:0x000004f2 x28:0x46c21000
       12225000	      1221	80002c38	01071e63	bne	x14,x16,80002c54	 x14:0xfffffa41 x16:0xf130113a
       12235000	      1222	00000000	00000013	addi	x0,x0,0	  x0:0x00000000
       12245000	      1223	80002c50	00000013	addi	x0,x0,0	  x0:0x00000000
       12255000	      1224	80002c54	88e06e97	auipc	x29,0x88e06	 x29=0x08e08c50
       12265000	      1225	80002c58	400c5d93	srai	x27,x24,0x0	 x24:0x00000001 x27=0x00000001
       12275000	      1226	80002c5c	003fac33	slt	x24,x31,x3	 x31:0x00000001  x3:0x80009fc4 x24=0x00000000
       12285000	      1227	80002c60	01aa0e63	beq	x20,x26,80002c7c	 x20:0xc9b4b940 x26:0x7fffff42
       12295000	      1228	80002c64	9c3e3893	sltiu	x17,x28,-1597	 x28:0x46c21000 x17=0x00000001
       12305000	      1229	80002c68	0312e063	bltu	x5,x17,80002c88	  x5:0x80009e00 x17:0x00000001
       12315000	      1230	80002c6c	02414863	blt	x2,x4,80002c9c	  x2:0x00000000  x4:0x044e8000
       12325000	      1231	00000000	00000013	addi	x0,x0,0	  x0:0x00000000
       12335000	      1232	80002c98	00000013	addi	x0,x0,0	  x0:0x00000000
       12345000	      1233	80002c9c	01c7fe33	and	x28,x15,x28	 x15:0x80009f50 x28:0x46c21000 x28=0x00001000
       12355000	      1234	80002ca0	010a59b3	srl	x19,x20,x16	 x20:0xc9b4b940 x16:0xf130113a x19=0x00000032
       12365000	      1235	80002ca4	0029d133	srl	x2,x19,x2	 x19:0x00000032  x2:0x00000000  x2=0x00000032
       12375000	      1236	80002ca8	01ddd033	srl	x0,x27,x29	 x27:0x00000001 x29:0x08e08c50
       12385000	      1237	80002cac	054a5863	bge	x20,x20,80002cfc	 x20:0xc9b4b940 x20:0xc9b4b940
       12395000	      1238	00000000	00000013	addi	x0,x0,0	  x0:0x00000000
       12405000	      1239	80002cf8	00000013	addi	x0,x0,0	  x0:0x00000000
       12415000	      1240	80002cfc	01f5dc93	srli	x25,x11,0x1f	 x11:0xf898089d x25=0x00000001
       12425000	      1241	80002d00	01c04db3	xor	x27,x0,x28	  x0:0x00000000 x28:0x00001000 x27=0x00001000
       12435000	      1242	80002d04	029ad063	bge	x21,x9,80002d24	 x21:0x00000001  x9:0xfffffa41
       12445000	      1243	00000000	00000013	addi	x0,x0,0	  x0:0x00000000
       12455000	      1244	80002d20	00000013	addi	x0,x0,0	  x0:0x00000000
       12465000	      1245	80002d24	74f8ec13	ori	x24,x17,1871	 x17:0x00000001 x24=0x0000074f
       12475000	      1246	80002d28	00b95393	srli	x7,x18,0xb	 x18:0xf898089c  x7=0x001f1301
       12485000	      1247	80002d2c	01ff4eb3	xor	x29,x30,x31	 x30:0x00000000 x31:0x00000001 x29=0x00000001
       12495000	      1248	80002d30	02fa8463	beq	x21,x15,80002d58	 x21:0x00000001 x15:0x80009f50
       12505000	      1249	80002d34	0191d113	srli	x2,x3,0x19	  x3:0x80009fc4  x2=0x00000040
       12515000	      1250	80002d38	00e93fb3	sltu	x31,x18,x14	 x18:0xf898089c x14:0xfffffa41 x31=0x00000001
       12525000	      1251	80002d3c	00448c33	add	x24,x9,x4	  x9:0xfffffa41  x4:0x044e8000 x24=0x044e7a41
       12535000	      1252	80002d40	00b96f33	or	x30,x18,x11	 x18:0xf898089c x11:0xf898089d x30=0xf898089d
       12545000	      1253	80002d44	04206063	bltu	x0,x2,80002d84	  x0:0x00000000  x2:0x00000040
       12555000	      1254	00000000	00000013	addi	x0,x0,0	  x0:0x00000000
       12565000	      1255	80002d80	00000013	addi	x0,x0,0	  x0:0x00000000
       12575000	      1256	80002d84	5f9fcd13	xori	x26,x31,1529	 x31:0x00000001 x26=0x000005f8
       12585000	      1257	80002d88	00000013	addi	x0,x0,0	  x0:0x00000000
       12595000	      1258	80002d8c	000bdeb3	srl	x29,x23,x0	 x23:0x00000000  x0:0x00000000 x29=0x00000000
       12605000	      1259	80002d90	03677263	bgeu	x14,x22,80002db4	 x14:0xfffffa41 x22:0x898089d0
       12615000	      1260	00000000	00000013	addi	x0,x0,0	  x0:0x00000000
       12625000	      1261	80002db0	00000013	addi	x0,x0,0	  x0:0x00000000
       12635000	      1262	80002db4	40f15893	srai	x17,x2,0xf	  x2:0x00000040 x17=0x00000000
       12645000	      1263	80002db8	40525ab3	sra	x21,x4,x5	  x4:0x044e8000  x5:0x80009e00 x21=0x044e8000
       12655000	      1264	80002dbc	009c6863	bltu	x24,x9,80002dcc	 x24:0x044e7a41  x9:0xfffffa41
       12665000	      1265	00000000	00000013	addi	x0,x0,0	  x0:0x00000000
       12675000	      1266	80002dc8	00000013	addi	x0,x0,0	  x0:0x00000000
       12685000	      1267	80002dcc	046a4863	blt	x20,x6,80002e1c	 x20:0xc9b4b940  x6:0x000004f2
       12695000	      1268	00000000	00000013	addi	x0,x0,0	  x0:0x00000000
       12705000	      1269	80002e18	00000013	addi	x0,x0,0	  x0:0x00000000
       12715000	      1270	80002e1c	40725513	srai	x10,x4,0x7	  x4:0x044e8000 x10=0x00089d00
       12725000	      1271	80002e20	41168d33	sub	x26,x13,x17	 x13:0x80009fc4 x17:0x00000000 x26=0x80009fc4
       12735000	      1272	80002e24	019259b3	srl	x19,x4,x25	  x4:0x044e8000 x25:0x00000001 x19=0x02274000
       12745000	      1273	80002e28	00e1d8b3	srl	x17,x3,x14	  x3:0x80009fc4 x14:0xfffffa41 x17=0x40004fe2
       12755000	      1274	80002e2c	018ebc33	sltu	x24,x29,x24	 x29:0x00000000 x24:0x044e7a41 x24=0x00000001
       12765000	      1275	80002e30	03db0663	beq	x22,x29,80002e5c	 x22:0x898089d0 x29:0x00000000
       12775000	      1276	80002e34	62452613	slti	x12,x10,1572	 x10:0x00089d00 x12=0x00000000
       12785000	      1277	80002e38	4ec7f837	lui	x16,0x4ec7f	 x16=0x4ec7f000
       12795000	      1278	80002e3c	007b78b3	and	x17,x22,x7	 x22:0x898089d0  x7:0x001f1301 x17=0x00000100
       12805000	      1279	80002e40	00345e13	srli	x28,x8,0x3	  x8:0x00000001 x28=0x00000000
       12815000	      1280	80002e44	011e1633	sll	x12,x28,x17	 x28:0x00000000 x17:0x00000100 x12=0x00000000
       12825000	      1281	80002e48	019722b3	slt	x5,x14,x25	 x14:0xfffffa41 x25:0x00000001  x5=0x00000001
       12835000	      1282	80002e4c	69967b93	andi	x23,x12,1689	 x12:0x00000000 x23=0x00000000
       12845000	      1283	80002e50	00000013	addi	x0,x0,0	  x0:0x00000000
       12855000	      1284	80002e54	40690933	sub	x18,x18,x6	 x18:0xf898089c  x6:0x000004f2 x18=0xf89803aa
       12865000	      1285	80002e58	4115d433	sra	x8,x11,x17	 x11:0xf898089d x17:0x00000100  x8=0xf898089d
       12875000	      1286	80002e5c	00c45663	bge	x8,x12,80002e68	  x8:0xf898089d x12:0x00000000
       12885000	      1287	80002e60	5dff50b7	lui	x1,0x5dff5	  x1=0x5dff5000
       12895000	      1288	80002e64	01f27633	and	x12,x4,x31	  x4:0x044e8000 x31:0x00000001 x12=0x00000000
       12905000	      1289	80002e68	10142113	slti	x2,x8,257	  x8:0xf898089d  x2=0x00000001
       12915000	      1290	80002e6c	019971b3	and	x3,x18,x25	 x18:0xf89803aa x25:0x00000001  x3=0x00000000
       12925000	      1291	80002e70	000ae333	or	x6,x21,x0	 x21:0x044e8000  x0:0x00000000  x6=0x044e8000
       12935000	      1292	80002e74	01e22d33	slt	x26,x4,x30	  x4:0x044e8000 x30:0xf898089d x26=0x00000000
       12945000	      1293	80002e78	b9247bb7	lui	x23,0xb9247	 x23=0xb9247000
       12955000	      1294	80002e7c	00000013	addi	x0,x0,0	  x0:0x00000000
       12965000	      1295	80002e80	8f173f13	sltiu	x30,x14,-1807	 x14:0xfffffa41 x30=0x00000000
       12975000	      1296	80002e84	01cbd1b3	srl	x3,x23,x28	 x23:0xb9247000 x28:0x00000000  x3=0xb9247000
       12985000	      1297	80002e88	01258933	add	x18,x11,x18	 x11:0xf898089d x18:0xf89803aa x18=0xf1300c47
       12995000	      1298	80002e8c	03366263	bltu	x12,x19,80002eb0	 x12:0x00000000 x19:0x02274000
       13005000	      1299	00000000	00000013	addi	x0,x0,0	  x0:0x00000000
       13015000	      1300	80002eac	00000013	addi	x0,x0,0	  x0:0x00000000
       13025000	      1301	80002eb0	019a9933	sll	x18,x21,x25	 x21:0x044e8000 x25:0x00000001 x18=0x089d0000
       13035000	      1302	80002eb4	7e15c813	xori	x16,x11,2017	 x11:0xf898089d x16=0xf8980f7c
       13045000	      1303	80002eb8	412d0fb3	sub	x31,x26,x18	 x26:0x00000000 x18:0x089d0000 x31=0xf7630000
       13055000	      1304	80002ebc	0047a083	lw	x1,4(x15)	 x15:0x80009f50  x1=0x800006e4 PA:0x80009f54
       13065000	      1305	80002ec0	bcdba393	slti	x7,x23,-1075	 x23:0xb9247000  x7=0x00000001
       13075000	      1306	80002ec4	dec93513	sltiu	x10,x18,-532	 x18:0x089d0000 x10=0x00000001
       13085000	      1307	80002ec8	02078793	addi	x15,x15,32	 x15:0x80009f50 x15=0x80009f70
       13095000	      1308	80002ecc	0120a633	slt	x12,x1,x18	  x1:0x800006e4 x18:0x089d0000 x12=0x00000001
       13105000	      1309	80002ed0	c2310713	addi	x14,x2,-989	  x2:0x00000001 x14=0xfffffc24
       13115000	      1310	80002ed4	00008613	addi	x12,x1,0	  x1:0x800006e4 x12=0x800006e4
       13125000	      1311	80002ed8	00060667	jalr	x12,x12,0	 x12:0x800006e4 x12=0x80002ed8
       13135000	      1312	00000000	00000013	addi	x0,x0,0	  x0:0x00000000
       13145000	      1313	800006e4	00000013	addi	x0,x0,0	  x0:0x00000000
       13155000	      1314	800006e8	00291e93	slli	x29,x18,0x2	 x18:0x089d0000 x29=0x22740000
       13165000	      1315	800006ec	00491e93	slli	x29,x18,0x4	 x18:0x089d0000 x29=0x89d00000
       13175000	      1316	800006f0	01109613	slli	x12,x1,0x11	  x1:0x800006e4 x12=0x0dc80000
       13185000	      1317	800006f4	01dc4f33	xor	x30,x24,x29	 x24:0x00000001 x29:0x89d00000 x30=0x89d00001
       13195000	      1318	800006f8	f7d68cb7	lui	x25,0xf7d68	 x25=0xf7d68000
       13205000	      1319	800006fc	016f1c33	sll	x24,x30,x22	 x30:0x89d00001 x22:0x898089d0 x24=0x00010000
       13215000	      1320	80000700	0018f863	bgeu	x17,x1,80000710	 x17:0x00000100  x1:0x800006e4
       13225000	      1321	80000704	35df4f93	xori	x31,x30,861	 x30:0x89d00001 x31=0x89d0035c
       13235000	      1322	80000708	00aef463	bgeu	x29,x10,80000710	 x29:0x89d00000 x10:0x00000001
       13245000	      1323	00000000	00000013	addi	x0,x0,0	  x0:0x00000000
       13255000	      1324	8000070c	00000013	addi	x0,x0,0	  x0:0x00000000
       13265000	      1325	80000710	00a41293	slli	x5,x8,0xa	  x8:0xf898089d  x5=0x60227400
       13275000	      1326	80000714	32789017	auipc	x0,0x32789	
       13285000	      1327	80000718	bf4c7b37	lui	x22,0xbf4c7	 x22=0xbf4c7000
       13295000	      1328	8000071c	01f0a233	slt	x4,x1,x31	  x1:0x800006e4 x31:0x89d0035c  x4=0x00000001
       13305000	      1329	80000720	974ca413	slti	x8,x25,-1676	 x25:0xf7d68000  x8=0x00000001
       13315000	      1330	80000724	0047a083	lw	x1,4(x15)	 x15:0x80009f70  x1=0x8000033c PA:0x80009f74
       13325000	      1331	80000728	01478793	addi	x15,x15,20	 x15:0x80009f70 x15=0x80009f84
       13335000	      1332	8000072c	05230c93	addi	x25,x6,82	  x6:0x044e8000 x25=0x044e8052
       13345000	      1333	80000730	000c4e33	xor	x28,x24,x0	 x24:0x00010000  x0:0x00000000 x28=0x00010000
       13355000	      1334	80000734	00108c93	addi	x25,x1,1	  x1:0x8000033c x25=0x8000033d
       13365000	      1335	80000738	000c8ce7	jalr	x25,x25,0	 x25:0x8000033d x25=0x80000738
       13375000	      1336	00000000	00000013	addi	x0,x0,0	  x0:0x00000000
       13385000	      1337	8000033c	00000013	addi	x0,x0,0	  x0:0x00000000
       13395000	      1338	80000340	01d9d713	srli	x14,x19,0x1d	 x19:0x02274000 x14=0x00000000
       13405000	      1339	80000344	00a60a33	add	x20,x12,x10	 x12:0x0dc80000 x10:0x00000001 x20=0x0dc80001
       13415000	      1340	80000348	0123ea63	bltu	x7,x18,8000035c	  x7:0x00000001 x18:0x089d0000
       13425000	      1341	00000000	00000013	addi	x0,x0,0	  x0:0x00000000
       13435000	      1342	80000358	00000013	addi	x0,x0,0	  x0:0x00000000
       13445000	      1343	8000035c	034d5063	bge	x26,x20,8000037c	 x26:0x00000000 x20:0x0dc80001
       13455000	      1344	80000360	86feb813	sltiu	x16,x29,-1937	 x29:0x89d00000 x16=0x00000001
       13465000	      1345	80000364	027dd263	bge	x27,x7,80000388	 x27:0x00001000  x7:0x00000001
       13475000	      1346	00000000	00000013	addi	x0,x0,0	  x0:0x00000000
       13485000	      1347	80000384	00000013	addi	x0,x0,0	  x0:0x00000000
       13495000	      1348	80000388	01f08333	add	x6,x1,x31	  x1:0x8000033c x31:0x89d0035c  x6=0x09d00698
       13505000	      1349	8000038c	045ce463	bltu	x25,x5,800003d4	 x25:0x80000738  x5:0x60227400
       13515000	      1350	80000390	02aacc63	blt	x21,x10,800003c8	 x21:0x044e8000 x10:0x00000001
       13525000	      1351	80000394	00181a63	bne	x16,x1,800003a8	 x16:0x00000001  x1:0x8000033c
       13535000	      1352	00000000	00000013	addi	x0,x0,0	  x0:0x00000000
       13545000	      1353	800003a4	00000013	addi	x0,x0,0	  x0:0x00000000
       13555000	      1354	800003a8	0017b433	sltu	x8,x15,x1	 x15:0x80009f84  x1:0x8000033c  x8=0x00000000
       13565000	      1355	800003ac	000c7633	and	x12,x24,x0	 x24:0x00010000  x0:0x00000000 x12=0x00000000
       13575000	      1356	800003b0	d70fbb13	sltiu	x22,x31,-656	 x31:0x89d0035c x22=0x00000001
       13585000	      1357	800003b4	004a5263	bge	x20,x4,800003b8	 x20:0x0dc80001  x4:0x00000001
       13595000	      1358	00000000	00000013	addi	x0,x0,0	  x0:0x00000000
       13605000	      1359	800003b4	00000013	addi	x0,x0,0	  x0:0x00000000
       13615000	      1360	800003b8	2752e413	ori	x8,x5,629	  x5:0x60227400  x8=0x60227675
       13625000	      1361	800003bc	017ce2b3	or	x5,x25,x23	 x25:0x80000738 x23:0xb9247000  x5=0xb9247738
       13635000	      1362	800003c0	013b9733	sll	x14,x23,x19	 x23:0xb9247000 x19:0x02274000 x14=0xb9247000
       13645000	      1363	800003c4	00604263	blt	x0,x6,800003c8	  x0:0x00000000  x6:0x09d00698
       13655000	      1364	00000000	00000013	addi	x0,x0,0	  x0:0x00000000
       13665000	      1365	800003c4	00000013	addi	x0,x0,0	  x0:0x00000000
       13675000	      1366	800003c8	02159c63	bne	x11,x1,80000400	 x11:0xf898089d  x1:0x8000033c
       13685000	      1367	00000000	00000013	addi	x0,x0,0	  x0:0x00000000
       13695000	      1368	800003fc	00000013	addi	x0,x0,0	  x0:0x00000000
       13705000	      1369	80000400	002f4e63	blt	x30,x2,8000041c	 x30:0x89d00001  x2:0x00000001
       13715000	      1370	00000000	00000013	addi	x0,x0,0	  x0:0x00000000
       13725000	      1371	80000418	00000013	addi	x0,x0,0	  x0:0x00000000
       13735000	      1372	8000041c	01ef4263	blt	x30,x30,80000420	 x30:0x89d00001 x30:0x89d00001
       13745000	      1373	80000420	05488463	beq	x17,x20,80000468	 x17:0x00000100 x20:0x0dc80001
       13755000	      1374	80000424	0443e263	bltu	x7,x4,80000468	  x7:0x00000001  x4:0x00000001
       13765000	      1375	80000428	01831913	slli	x18,x6,0x18	  x6:0x09d00698 x18=0x98000000
       13775000	      1376	8000042c	0715c863	blt	x11,x17,8000049c	 x11:0xf898089d x17:0x00000100
       13785000	      1377	00000000	00000013	addi	x0,x0,0	  x0:0x00000000
       13795000	      1378	80000498	00000013	addi	x0,x0,0	  x0:0x00000000
       13805000	      1379	8000049c	40f38eb3	sub	x29,x7,x15	  x7:0x00000001 x15:0x80009f84 x29=0x7fff607d
       13815000	      1380	800004a0	16927093	andi	x1,x4,361	  x4:0x00000001  x1=0x00000001
       13825000	      1381	800004a4	011bd313	srli	x6,x23,0x11	 x23:0xb9247000  x6=0x00005c92
       13835000	      1382	800004a8	04236863	bltu	x6,x2,800004f8	  x6:0x00005c92  x2:0x00000001
       13845000	      1383	800004ac	006ef833	and	x16,x29,x6	 x29:0x7fff607d  x6:0x00005c92 x16=0x00004010
       13855000	      1384	800004b0	d822cb13	xori	x22,x5,-638	  x5:0xb9247738 x22=0x46db8aba
       13865000	      1385	800004b4	63b68637	lui	x12,0x63b68	 x12=0x63b68000
       13875000	      1386	800004b8	64e4e1b7	lui	x3,0x64e4e	  x3=0x64e4e000
       13885000	      1387	800004bc	04b07463	bgeu	x0,x11,80000504	  x0:0x00000000 x11:0xf898089d
       13895000	      1388	800004c0	00508933	add	x18,x1,x5	  x1:0x00000001  x5:0xb9247738 x18=0xb9247739
       13905000	      1389	800004c4	001cfdb3	and	x27,x25,x1	 x25:0x80000738  x1:0x00000001 x27=0x00000000
       13915000	      1390	800004c8	00569a13	slli	x20,x13,0x5	 x13:0x80009fc4 x20=0x0013f880
       13925000	      1391	800004cc	00432833	slt	x16,x6,x4	  x6:0x00005c92  x4:0x00000001 x16=0x00000000
       13935000	      1392	800004d0	008d1d13	slli	x26,x26,0x8	 x26:0x00000000 x26=0x00000000
       13945000	      1393	800004d4	00a3c263	blt	x7,x10,800004d8	  x7:0x00000001 x10:0x00000001
       13955000	      1394	800004d8	010ed2b3	srl	x5,x29,x16	 x29:0x7fff607d x16:0x00000000  x5=0x7fff607d
       13965000	      1395	800004dc	c7a40e93	addi	x29,x8,-902	  x8:0x60227675 x29=0x602272ef
       13975000	      1396	800004e0	03904263	blt	x0,x25,80000504	  x0:0x00000000 x25:0x80000738
       13985000	      1397	800004e4	03166863	bltu	x12,x17,80000514	 x12:0x63b68000 x17:0x00000100
       13995000	      1398	800004e8	03d27c63	bgeu	x4,x29,80000520	  x4:0x00000001 x29:0x602272ef
       14005000	      1399	800004ec	02e9f063	bgeu	x19,x14,8000050c	 x19:0x02274000 x14:0xb9247000
       14015000	      1400	800004f0	e494c293	xori	x5,x9,-439	  x9:0xfffffa41  x5=0x00000408
       14025000	      1401	800004f4	56696613	ori	x12,x18,1382	 x18:0xb9247739 x12=0xb924777f
       14035000	      1402	800004f8	41c3d193	srai	x3,x7,0x1c	  x7:0x00000001  x3=0x00000000
       14045000	      1403	800004fc	00760b33	add	x22,x12,x7	 x12:0xb924777f  x7:0x00000001 x22=0xb9247780
       14055000	      1404	80000500	01db6a63	bltu	x22,x29,80000514	 x22:0xb9247780 x29:0x602272ef
       14065000	      1405	80000504	cfcbb713	sltiu	x14,x23,-772	 x23:0xb9247000 x14=0x00000001
       14075000	      1406	80000508	018ff333	and	x6,x31,x24	 x31:0x89d0035c x24:0x00010000  x6=0x00000000
       14085000	      1407	8000050c	8225ac93	slti	x25,x11,-2014	 x11:0xf898089d x25=0x00000001
       14095000	      1408	80000510	05845263	bge	x8,x24,80000554	  x8:0x60227675 x24:0x00010000
       14105000	      1409	00000000	00000013	addi	x0,x0,0	  x0:0x00000000
       14115000	      1410	80000550	00000013	addi	x0,x0,0	  x0:0x00000000
       14125000	      1411	80000554	81a44093	xori	x1,x8,-2022	  x8:0x60227675  x1=0x9fdd8e6f
       14135000	      1412	80000558	00937663	bgeu	x6,x9,80000564	  x6:0x00000000  x9:0xfffffa41
       14145000	      1413	8000055c	b04ba193	slti	x3,x23,-1276	 x23:0xb9247000  x3=0x00000001
       14155000	      1414	80000560	00000013	addi	x0,x0,0	  x0:0x00000000
       14165000	      1415	80000564	4ba22293	slti	x5,x4,1210	  x4:0x00000001  x5=0x00000001
       14175000	      1416	80000568	40ae5d93	srai	x27,x28,0xa	 x28:0x00010000 x27=0x00000040
       14185000	      1417	8000056c	00c19c63	bne	x3,x12,80000584	  x3:0x00000001 x12:0xb924777f
       14195000	      1418	00000000	00000013	addi	x0,x0,0	  x0:0x00000000
       14205000	      1419	80000580	00000013	addi	x0,x0,0	  x0:0x00000000
       14215000	      1420	80000584	00068e33	add	x28,x13,x0	 x13:0x80009fc4  x0:0x00000000 x28=0x80009fc4
       14225000	      1421	80000588	5839c913	xori	x18,x19,1411	 x19:0x02274000 x18=0x02274583
       14235000	      1422	8000058c	04e51063	bne	x10,x14,800005cc	 x10:0x00000001 x14:0x00000001
       14245000	      1423	80000590	00b14eb3	xor	x29,x2,x11	  x2:0x00000001 x11:0xf898089d x29=0xf898089c
       14255000	      1424	80000594	b39f0713	addi	x14,x30,-1223	 x30:0x89d00001 x14=0x89cffb3a
       14265000	      1425	80000598	00000013	addi	x0,x0,0	  x0:0x00000000
       14275000	      1426	8000059c	b0a4cc93	xori	x25,x9,-1270	  x9:0xfffffa41 x25=0x0000014b
       14285000	      1427	800005a0	05167263	bgeu	x12,x17,800005e4	 x12:0xb924777f x17:0x00000100
       14295000	      1428	00000000	00000013	addi	x0,x0,0	  x0:0x00000000
       14305000	      1429	800005e0	00000013	addi	x0,x0,0	  x0:0x00000000
       14315000	      1430	800005e4	02636263	bltu	x6,x6,80000608	  x6:0x00000000  x6:0x00000000
       14325000	      1431	800005e8	169bad13	slti	x26,x23,361	 x23:0xb9247000 x26=0x00000001
       14335000	      1432	800005ec	01454933	xor	x18,x10,x20	 x10:0x00000001 x20:0x0013f880 x18=0x0013f881
       14345000	      1433	800005f0	003f5133	srl	x2,x30,x3	 x30:0x89d00001  x3:0x00000001  x2=0x44e80000
       14355000	      1434	800005f4	01be4b33	xor	x22,x28,x27	 x28:0x80009fc4 x27:0x00000040 x22=0x80009f84
       14365000	      1435	800005f8	043b6393	ori	x7,x22,67	 x22:0x80009f84  x7=0x80009fc7
       14375000	      1436	800005fc	00000013	addi	x0,x0,0	  x0:0x00000000
       14385000	      1437	80000600	02b16a63	bltu	x2,x11,80000634	  x2:0x44e80000 x11:0xf898089d
       14395000	      1438	00000000	00000013	addi	x0,x0,0	  x0:0x00000000
       14405000	      1439	80000630	00000013	addi	x0,x0,0	  x0:0x00000000
       14415000	      1440	80000634	03e86c63	bltu	x16,x30,8000066c	 x16:0x00000000 x30:0x89d00001
       14425000	      1441	00000000	00000013	addi	x0,x0,0	  x0:0x00000000
       14435000	      1442	80000668	00000013	addi	x0,x0,0	  x0:0x00000000
       14445000	      1443	8000066c	e4cf08b7	lui	x17,0xe4cf0	 x17=0xe4cf0000
       14455000	      1444	80000670	41a1da93	srai	x21,x3,0x1a	  x3:0x00000001 x21=0x00000000
       14465000	      1445	80000674	03414413	xori	x8,x2,52	  x2:0x44e80000  x8=0x44e80034
       14475000	      1446	80000678	01b16663	bltu	x2,x27,80000684	  x2:0x44e80000 x27:0x00000040
       14485000	      1447	8000067c	00c20663	beq	x4,x12,80000688	  x4:0x00000001 x12:0xb924777f
       14495000	      1448	80000680	01919e63	bne	x3,x25,8000069c	  x3:0x00000001 x25:0x0000014b
       14505000	      1449	00000000	00000013	addi	x0,x0,0	  x0:0x00000000
       14515000	      1450	80000698	00000013	addi	x0,x0,0	  x0:0x00000000
       14525000	      1451	8000069c	c7efeb93	ori	x23,x31,-898	 x31:0x89d0035c x23=0xffffff7e
       14535000	      1452	800006a0	00000597	auipc	x11,0x0	 x11=0x8000069c
       14545000	      1453	800006a4	00c58593	addi	x11,x11,12	 x11:0x8000069c x11=0x800006a8
       14555000	      1454	800006a8	00058067	jalr	x0,x11,0	 x11:0x800006a8
       14565000	      1455	00000000	00000013	addi	x0,x0,0	  x0:0x00000000
       14575000	      1456	800006a8	00000013	addi	x0,x0,0	  x0:0x00000000
       14585000	      1457	800006ac	00100193	addi	x3,x0,1	  x0:0x00000000  x3=0x00000001
       14595000	      1458	800006b0	00000073	ecall	
       14605000	      1459	800006b4	00000013	addi	x0,x0,0	  x0:0x00000000
