		Time			Cycle	PC		Insn	Decoded instruction	Register and memory contents
          65000	         5	80000004	00000293	addi	x5,x0,0	  x0:0x00000000  x5=0x00000000
          75000	         6	80000008	00000313	addi	x6,x0,0	  x0:0x00000000  x6=0x00000000
          85000	         7	8000000c	00628263	beq	x5,x6,80000010	  x5:0x00000000  x6:0x00000000
          95000	         8	00000000	00000013	addi	x0,x0,0	  x0:0x00000000
         105000	         9	8000000c	00000013	addi	x0,x0,0	  x0:0x00000000
         115000	        10	80000010	00000f97	auipc	x31,0x0	 x31=0x8000000c
         125000	        11	80000014	00cf8f93	addi	x31,x31,12	 x31:0x8000000c x31=0x80000018
         135000	        12	80000018	000f8067	jalr	x0,x31,0	 x31:0x80000018
         145000	        13	00000000	00000013	addi	x0,x0,0	  x0:0x00000000
         155000	        14	80000018	00000013	addi	x0,x0,0	  x0:0x00000000
         165000	        15	8000001c	400006b7	lui	x13,0x40000	 x13=0x40000000
         175000	        16	80000020	10068693	addi	x13,x13,256	 x13:0x40000000 x13=0x40000100
         185000	        17	80000024	00000013	addi	x0,x0,0	  x0:0x00000000
         195000	        18	80000028	0000ad17	auipc	x26,0xa	 x26=0x8000a024
         205000	        19	8000002c	fa0d0d13	addi	x26,x26,-96	 x26:0x8000a024 x26=0x80009fc4
         215000	        20	80000030	00004697	auipc	x13,0x4	 x13=0x8000402c
         225000	        21	80000034	83468693	addi	x13,x13,-1996	 x13:0x8000402c x13=0x80003860
         235000	        22	80000038	0016e693	ori	x13,x13,1	 x13:0x80003860 x13=0x80003861
         245000	        23	8000003c	00000013	addi	x0,x0,0	  x0:0x00000000
         255000	        24	80000040	00000697	auipc	x13,0x0	 x13=0x8000003c
         265000	        25	80000044	02068693	addi	x13,x13,32	 x13:0x8000003c x13=0x8000005c
         275000	        26	80000048	00000013	addi	x0,x0,0	  x0:0x00000000
         285000	        27	8000004c	00000013	addi	x0,x0,0	  x0:0x00000000
         295000	        28	80000050	000026b7	lui	x13,0x2	 x13=0x00002000
         305000	        29	80000054	80068693	addi	x13,x13,-2048	 x13:0x00002000 x13=0x00001800
         315000	        30	80000058	00000013	addi	x0,x0,0	  x0:0x00000000
         325000	        31	8000005c	00000013	addi	x0,x0,0	  x0:0x00000000
         335000	        32	80000060	80000037	lui	x0,0x80000	
         345000	        33	80000064	00000013	addi	x0,x0,0	  x0:0x00000000
         355000	        34	80000068	f19120b7	lui	x1,0xf1912	  x1=0xf1912000
         365000	        35	8000006c	5b008093	addi	x1,x1,1456	  x1:0xf1912000  x1=0xf19125b0
         375000	        36	80000070	f1db8137	lui	x2,0xf1db8	  x2=0xf1db8000
         385000	        37	80000074	ec910113	addi	x2,x2,-311	  x2:0xf1db8000  x2=0xf1db7ec9
         395000	        38	80000078	00000193	addi	x3,x0,0	  x0:0x00000000  x3=0x00000000
         405000	        39	8000007c	f3fee237	lui	x4,0xf3fee	  x4=0xf3fee000
         415000	        40	80000080	28d20213	addi	x4,x4,653	  x4:0xf3fee000  x4=0xf3fee28d
         425000	        41	80000084	025972b7	lui	x5,0x2597	  x5=0x02597000
         435000	        42	80000088	5d428293	addi	x5,x5,1492	  x5:0x02597000  x5=0x025975d4
         445000	        43	8000008c	00000393	addi	x7,x0,0	  x0:0x00000000  x7=0x00000000
         455000	        44	80000090	00e00413	addi	x8,x0,14	  x0:0x00000000  x8=0x0000000e
         465000	        45	80000094	f0e5c4b7	lui	x9,0xf0e5c	  x9=0xf0e5c000
         475000	        46	80000098	27f48493	addi	x9,x9,639	  x9:0xf0e5c000  x9=0xf0e5c27f
         485000	        47	8000009c	00737537	lui	x10,0x737	 x10=0x00737000
         495000	        48	800000a0	54250513	addi	x10,x10,1346	 x10:0x00737000 x10=0x00737542
         505000	        49	800000a4	00200593	addi	x11,x0,2	  x0:0x00000000 x11=0x00000002
         515000	        50	800000a8	fa8cd637	lui	x12,0xfa8cd	 x12=0xfa8cd000
         525000	        51	800000ac	30460613	addi	x12,x12,772	 x12:0xfa8cd000 x12=0xfa8cd304
         535000	        52	800000b0	800006b7	lui	x13,0x80000	 x13=0x80000000
         545000	        53	800000b4	00a00713	addi	x14,x0,10	  x0:0x00000000 x14=0x0000000a
         555000	        54	800000b8	800007b7	lui	x15,0x80000	 x15=0x80000000
         565000	        55	800000bc	00000813	addi	x16,x0,0	  x0:0x00000000 x16=0x00000000
         575000	        56	800000c0	00000893	addi	x17,x0,0	  x0:0x00000000 x17=0x00000000
         585000	        57	800000c4	00f00913	addi	x18,x0,15	  x0:0x00000000 x18=0x0000000f
         595000	        58	800000c8	00400993	addi	x19,x0,4	  x0:0x00000000 x19=0x00000004
         605000	        59	800000cc	00e00a13	addi	x20,x0,14	  x0:0x00000000 x20=0x0000000e
         615000	        60	800000d0	f8d82ab7	lui	x21,0xf8d82	 x21=0xf8d82000
         625000	        61	800000d4	d6aa8a93	addi	x21,x21,-662	 x21:0xf8d82000 x21=0xf8d81d6a
         635000	        62	800000d8	80000b37	lui	x22,0x80000	 x22=0x80000000
         645000	        63	800000dc	d2a04bb7	lui	x23,0xd2a04	 x23=0xd2a04000
         655000	        64	800000e0	11db8b93	addi	x23,x23,285	 x23:0xd2a04000 x23=0xd2a0411d
         665000	        65	800000e4	ecb32c37	lui	x24,0xecb32	 x24=0xecb32000
         675000	        66	800000e8	aeec0c13	addi	x24,x24,-1298	 x24:0xecb32000 x24=0xecb31aee
         685000	        67	800000ec	00300c93	addi	x25,x0,3	  x0:0x00000000 x25=0x00000003
         695000	        68	800000f0	00100d93	addi	x27,x0,1	  x0:0x00000000 x27=0x00000001
         705000	        69	800000f4	00900e13	addi	x28,x0,9	  x0:0x00000000 x28=0x00000009
         715000	        70	800000f8	80000eb7	lui	x29,0x80000	 x29=0x80000000
         725000	        71	800000fc	00d00f13	addi	x30,x0,13	  x0:0x00000000 x30=0x0000000d
         735000	        72	80000100	00000f93	addi	x31,x0,0	  x0:0x00000000 x31=0x00000000
         745000	        73	80000104	0000a317	auipc	x6,0xa	  x6=0x8000a100
         755000	        74	80000108	e8430313	addi	x6,x6,-380	  x6:0x8000a100  x6=0x80009f84
         765000	        75	8000010c	00000413	addi	x8,x0,0	  x0:0x00000000  x8=0x00000000
         775000	        76	80000110	002af033	and	x0,x21,x2	 x21:0xf8d81d6a  x2:0xf1db7ec9
         785000	        77	80000114	005aa933	slt	x18,x21,x5	 x21:0xf8d81d6a  x5:0x025975d4 x18=0x00000001
         795000	        78	80000118	00baa033	slt	x0,x21,x11	 x21:0xf8d81d6a x11:0x00000002
         805000	        79	8000011c	7da36713	ori	x14,x6,2010	  x6:0x80009f84 x14=0x80009fde
         815000	        80	80000120	00e00293	addi	x5,x0,14	  x0:0x00000000  x5=0x0000000e
         825000	        81	80000124	004c2c33	slt	x24,x24,x4	 x24:0xecb31aee  x4:0xf3fee28d x24=0x00000001
         835000	        82	80000128	01cabe33	sltu	x28,x21,x28	 x21:0xf8d81d6a x28:0x00000009 x28=0x00000000
         845000	        83	8000012c	00234a33	xor	x20,x6,x2	  x6:0x80009f84  x2:0xf1db7ec9 x20=0x71dbe14d
         855000	        84	80000130	01f7ab33	slt	x22,x15,x31	 x15:0x80000000 x31:0x00000000 x22=0x00000001
         865000	        85	80000134	59854a13	xori	x20,x10,1432	 x10:0x00737542 x20=0x007370da
         875000	        86	80000138	00240413	addi	x8,x8,2	  x8:0x00000000  x8=0x00000002
         885000	        87	8000013c	01830c33	add	x24,x6,x24	  x6:0x80009f84 x24:0x00000001 x24=0x80009f85
         895000	        88	80000140	00900d93	addi	x27,x0,9	  x0:0x00000000 x27=0x00000009
         905000	        89	80000144	00c13933	sltu	x18,x2,x12	  x2:0xf1db7ec9 x12:0xfa8cd304 x18=0x00000001
         915000	        90	80000148	bd4a2193	slti	x3,x20,-1068	 x20:0x007370da  x3=0x00000000
         925000	        91	8000014c	ff600813	addi	x16,x0,-10	  x0:0x00000000 x16=0xfffffff6
         935000	        92	80000150	018c1a93	slli	x21,x24,0x18	 x24:0x80009f85 x21=0x85000000
         945000	        93	80000154	00bffe33	and	x28,x31,x11	 x31:0x00000000 x11:0x00000002 x28=0x00000000
         955000	        94	80000158	002e44b3	xor	x9,x28,x2	 x28:0x00000000  x2:0xf1db7ec9  x9=0xf1db7ec9
         965000	        95	8000015c	01f2c8b3	xor	x17,x5,x31	  x5:0x0000000e x31:0x00000000 x17=0x0000000e
         975000	        96	80000160	39d20793	addi	x15,x4,925	  x4:0xf3fee28d x15=0xf3fee62a
         985000	        97	80000164	018a71b3	and	x3,x20,x24	 x20:0x007370da x24:0x80009f85  x3=0x00001080
         995000	        98	80000168	00000013	addi	x0,x0,0	  x0:0x00000000
        1005000	        99	8000016c	01cf3633	sltu	x12,x30,x28	 x30:0x0000000d x28:0x00000000 x12=0x00000000
        1015000	       100	80000170	9d97f517	auipc	x10,0x9d97f	 x10=0x1d97f16c
        1025000	       101	80000174	01c58733	add	x14,x11,x28	 x11:0x00000002 x28:0x00000000 x14=0x00000002
        1035000	       102	80000178	91e4c493	xori	x9,x9,-1762	  x9:0xf1db7ec9  x9=0x0e2487d7
        1045000	       103	8000017c	00cf4bb3	xor	x23,x30,x12	 x30:0x0000000d x12:0x00000000 x23=0x0000000d
        1055000	       104	80000180	ff8d8d93	addi	x27,x27,-8	 x27:0x00000009 x27=0x00000001
        1065000	       105	80000184	164c7393	andi	x7,x24,356	 x24:0x80009f85  x7=0x00000104
        1075000	       106	80000188	ff0dd2e3	bge	x27,x16,8000016c	 x27:0x00000001 x16:0xfffffff6
        1085000	       107	00000000	00000013	addi	x0,x0,0	  x0:0x00000000
        1095000	       108	80000168	00000013	addi	x0,x0,0	  x0:0x00000000
        1105000	       109	8000016c	01cf3633	sltu	x12,x30,x28	 x30:0x0000000d x28:0x00000000 x12=0x00000000
        1115000	       110	80000170	9d97f517	auipc	x10,0x9d97f	 x10=0x1d97f16c
        1125000	       111	80000174	01c58733	add	x14,x11,x28	 x11:0x00000002 x28:0x00000000 x14=0x00000002
        1135000	       112	80000178	91e4c493	xori	x9,x9,-1762	  x9:0x0e2487d7  x9=0xf1db7ec9
        1145000	       113	8000017c	00cf4bb3	xor	x23,x30,x12	 x30:0x0000000d x12:0x00000000 x23=0x0000000d
        1155000	       114	80000180	ff8d8d93	addi	x27,x27,-8	 x27:0x00000001 x27=0xfffffff9
        1165000	       115	80000184	164c7393	andi	x7,x24,356	 x24:0x80009f85  x7=0x00000104
        1175000	       116	80000188	ff0dd2e3	bge	x27,x16,8000016c	 x27:0xfffffff9 x16:0xfffffff6
        1185000	       117	00000000	00000013	addi	x0,x0,0	  x0:0x00000000
        1195000	       118	80000168	00000013	addi	x0,x0,0	  x0:0x00000000
        1205000	       119	8000016c	01cf3633	sltu	x12,x30,x28	 x30:0x0000000d x28:0x00000000 x12=0x00000000
        1215000	       120	80000170	9d97f517	auipc	x10,0x9d97f	 x10=0x1d97f16c
        1225000	       121	80000174	01c58733	add	x14,x11,x28	 x11:0x00000002 x28:0x00000000 x14=0x00000002
        1235000	       122	80000178	91e4c493	xori	x9,x9,-1762	  x9:0xf1db7ec9  x9=0x0e2487d7
        1245000	       123	8000017c	00cf4bb3	xor	x23,x30,x12	 x30:0x0000000d x12:0x00000000 x23=0x0000000d
        1255000	       124	80000180	ff8d8d93	addi	x27,x27,-8	 x27:0xfffffff9 x27=0xfffffff1
        1265000	       125	80000184	164c7393	andi	x7,x24,356	 x24:0x80009f85  x7=0x00000104
        1275000	       126	80000188	ff0dd2e3	bge	x27,x16,8000016c	 x27:0xfffffff1 x16:0xfffffff6
        1285000	       127	8000018c	f8540ce3	beq	x8,x5,80000124	  x8:0x00000002  x5:0x0000000e
        1295000	       128	80000190	ea1c8013	addi	x0,x25,-351	 x25:0x00000003
        1305000	       129	80000194	fff00913	addi	x18,x0,-1	  x0:0x00000000 x18=0xffffffff
        1315000	       130	80000198	fed00a93	addi	x21,x0,-19	  x0:0x00000000 x21=0xffffffed
        1325000	       131	8000019c	00d08cb3	add	x25,x1,x13	  x1:0xf19125b0 x13:0x80000000 x25=0x719125b0
        1335000	       132	800001a0	01138833	add	x16,x7,x17	  x7:0x00000104 x17:0x0000000e x16=0x00000112
        1345000	       133	800001a4	001b04b3	add	x9,x22,x1	 x22:0x00000001  x1:0xf19125b0  x9=0xf19125b1
        1355000	       134	800001a8	ffd90913	addi	x18,x18,-3	 x18:0xffffffff x18=0xfffffffc
        1365000	       135	800001ac	01425693	srli	x13,x4,0x14	  x4:0xf3fee28d x13=0x00000f3f
        1375000	       136	800001b0	00900613	addi	x12,x0,9	  x0:0x00000000 x12=0x00000009
        1385000	       137	800001b4	00485513	srli	x10,x16,0x4	 x16:0x00000112 x10=0x00000011
        1395000	       138	800001b8	3ed38b13	addi	x22,x7,1005	  x7:0x00000104 x22=0x000004f1
        1405000	       139	800001bc	00f00413	addi	x8,x0,15	  x0:0x00000000  x8=0x0000000f
        1415000	       140	800001c0	8a077093	andi	x1,x14,-1888	 x14:0x00000002  x1=0x00000000
        1425000	       141	800001c4	00660613	addi	x12,x12,6	 x12:0x00000009 x12=0x0000000f
        1435000	       142	800001c8	01656833	or	x16,x10,x22	 x10:0x00000011 x22:0x000004f1 x16=0x000004f1
        1445000	       143	800001cc	fe864ae3	blt	x12,x8,800001c0	 x12:0x0000000f  x8:0x0000000f
        1455000	       144	800001d0	91e1f993	andi	x19,x3,-1762	  x3:0x00001080 x19=0x00001000
        1465000	       145	800001d4	fd5914e3	bne	x18,x21,8000019c	 x18:0xfffffffc x21:0xffffffed
        1475000	       146	00000000	00000013	addi	x0,x0,0	  x0:0x00000000
        1485000	       147	80000198	00000013	addi	x0,x0,0	  x0:0x00000000
        1495000	       148	8000019c	00d08cb3	add	x25,x1,x13	  x1:0x00000000 x13:0x00000f3f x25=0x00000f3f
        1505000	       149	800001a0	01138833	add	x16,x7,x17	  x7:0x00000104 x17:0x0000000e x16=0x00000112
        1515000	       150	800001a4	001b04b3	add	x9,x22,x1	 x22:0x000004f1  x1:0x00000000  x9=0x000004f1
        1525000	       151	800001a8	ffd90913	addi	x18,x18,-3	 x18:0xfffffffc x18=0xfffffff9
        1535000	       152	800001ac	01425693	srli	x13,x4,0x14	  x4:0xf3fee28d x13=0x00000f3f
        1545000	       153	800001b0	00900613	addi	x12,x0,9	  x0:0x00000000 x12=0x00000009
        1555000	       154	800001b4	00485513	srli	x10,x16,0x4	 x16:0x00000112 x10=0x00000011
        1565000	       155	800001b8	3ed38b13	addi	x22,x7,1005	  x7:0x00000104 x22=0x000004f1
        1575000	       156	800001bc	00f00413	addi	x8,x0,15	  x0:0x00000000  x8=0x0000000f
        1585000	       157	800001c0	8a077093	andi	x1,x14,-1888	 x14:0x00000002  x1=0x00000000
        1595000	       158	800001c4	00660613	addi	x12,x12,6	 x12:0x00000009 x12=0x0000000f
        1605000	       159	800001c8	01656833	or	x16,x10,x22	 x10:0x00000011 x22:0x000004f1 x16=0x000004f1
        1615000	       160	800001cc	fe864ae3	blt	x12,x8,800001c0	 x12:0x0000000f  x8:0x0000000f
        1625000	       161	800001d0	91e1f993	andi	x19,x3,-1762	  x3:0x00001080 x19=0x00001000
        1635000	       162	800001d4	fd5914e3	bne	x18,x21,8000019c	 x18:0xfffffff9 x21:0xffffffed
        1645000	       163	00000000	00000013	addi	x0,x0,0	  x0:0x00000000
        1655000	       164	80000198	00000013	addi	x0,x0,0	  x0:0x00000000
        1665000	       165	8000019c	00d08cb3	add	x25,x1,x13	  x1:0x00000000 x13:0x00000f3f x25=0x00000f3f
        1675000	       166	800001a0	01138833	add	x16,x7,x17	  x7:0x00000104 x17:0x0000000e x16=0x00000112
        1685000	       167	800001a4	001b04b3	add	x9,x22,x1	 x22:0x000004f1  x1:0x00000000  x9=0x000004f1
        1695000	       168	800001a8	ffd90913	addi	x18,x18,-3	 x18:0xfffffff9 x18=0xfffffff6
        1705000	       169	800001ac	01425693	srli	x13,x4,0x14	  x4:0xf3fee28d x13=0x00000f3f
        1715000	       170	800001b0	00900613	addi	x12,x0,9	  x0:0x00000000 x12=0x00000009
        1725000	       171	800001b4	00485513	srli	x10,x16,0x4	 x16:0x00000112 x10=0x00000011
        1735000	       172	800001b8	3ed38b13	addi	x22,x7,1005	  x7:0x00000104 x22=0x000004f1
        1745000	       173	800001bc	00f00413	addi	x8,x0,15	  x0:0x00000000  x8=0x0000000f
        1755000	       174	800001c0	8a077093	andi	x1,x14,-1888	 x14:0x00000002  x1=0x00000000
        1765000	       175	800001c4	00660613	addi	x12,x12,6	 x12:0x00000009 x12=0x0000000f
        1775000	       176	800001c8	01656833	or	x16,x10,x22	 x10:0x00000011 x22:0x000004f1 x16=0x000004f1
        1785000	       177	800001cc	fe864ae3	blt	x12,x8,800001c0	 x12:0x0000000f  x8:0x0000000f
        1795000	       178	800001d0	91e1f993	andi	x19,x3,-1762	  x3:0x00001080 x19=0x00001000
        1805000	       179	800001d4	fd5914e3	bne	x18,x21,8000019c	 x18:0xfffffff6 x21:0xffffffed
        1815000	       180	00000000	00000013	addi	x0,x0,0	  x0:0x00000000
        1825000	       181	80000198	00000013	addi	x0,x0,0	  x0:0x00000000
        1835000	       182	8000019c	00d08cb3	add	x25,x1,x13	  x1:0x00000000 x13:0x00000f3f x25=0x00000f3f
        1845000	       183	800001a0	01138833	add	x16,x7,x17	  x7:0x00000104 x17:0x0000000e x16=0x00000112
        1855000	       184	800001a4	001b04b3	add	x9,x22,x1	 x22:0x000004f1  x1:0x00000000  x9=0x000004f1
        1865000	       185	800001a8	ffd90913	addi	x18,x18,-3	 x18:0xfffffff6 x18=0xfffffff3
        1875000	       186	800001ac	01425693	srli	x13,x4,0x14	  x4:0xf3fee28d x13=0x00000f3f
        1885000	       187	800001b0	00900613	addi	x12,x0,9	  x0:0x00000000 x12=0x00000009
        1895000	       188	800001b4	00485513	srli	x10,x16,0x4	 x16:0x00000112 x10=0x00000011
        1905000	       189	800001b8	3ed38b13	addi	x22,x7,1005	  x7:0x00000104 x22=0x000004f1
        1915000	       190	800001bc	00f00413	addi	x8,x0,15	  x0:0x00000000  x8=0x0000000f
        1925000	       191	800001c0	8a077093	andi	x1,x14,-1888	 x14:0x00000002  x1=0x00000000
        1935000	       192	800001c4	00660613	addi	x12,x12,6	 x12:0x00000009 x12=0x0000000f
        1945000	       193	800001c8	01656833	or	x16,x10,x22	 x10:0x00000011 x22:0x000004f1 x16=0x000004f1
        1955000	       194	800001cc	fe864ae3	blt	x12,x8,800001c0	 x12:0x0000000f  x8:0x0000000f
        1965000	       195	800001d0	91e1f993	andi	x19,x3,-1762	  x3:0x00001080 x19=0x00001000
        1975000	       196	800001d4	fd5914e3	bne	x18,x21,8000019c	 x18:0xfffffff3 x21:0xffffffed
        1985000	       197	00000000	00000013	addi	x0,x0,0	  x0:0x00000000
        1995000	       198	80000198	00000013	addi	x0,x0,0	  x0:0x00000000
        2005000	       199	8000019c	00d08cb3	add	x25,x1,x13	  x1:0x00000000 x13:0x00000f3f x25=0x00000f3f
        2015000	       200	800001a0	01138833	add	x16,x7,x17	  x7:0x00000104 x17:0x0000000e x16=0x00000112
        2025000	       201	800001a4	001b04b3	add	x9,x22,x1	 x22:0x000004f1  x1:0x00000000  x9=0x000004f1
        2035000	       202	800001a8	ffd90913	addi	x18,x18,-3	 x18:0xfffffff3 x18=0xfffffff0
        2045000	       203	800001ac	01425693	srli	x13,x4,0x14	  x4:0xf3fee28d x13=0x00000f3f
        2055000	       204	800001b0	00900613	addi	x12,x0,9	  x0:0x00000000 x12=0x00000009
        2065000	       205	800001b4	00485513	srli	x10,x16,0x4	 x16:0x00000112 x10=0x00000011
        2075000	       206	800001b8	3ed38b13	addi	x22,x7,1005	  x7:0x00000104 x22=0x000004f1
        2085000	       207	800001bc	00f00413	addi	x8,x0,15	  x0:0x00000000  x8=0x0000000f
        2095000	       208	800001c0	8a077093	andi	x1,x14,-1888	 x14:0x00000002  x1=0x00000000
        2105000	       209	800001c4	00660613	addi	x12,x12,6	 x12:0x00000009 x12=0x0000000f
        2115000	       210	800001c8	01656833	or	x16,x10,x22	 x10:0x00000011 x22:0x000004f1 x16=0x000004f1
        2125000	       211	800001cc	fe864ae3	blt	x12,x8,800001c0	 x12:0x0000000f  x8:0x0000000f
        2135000	       212	800001d0	91e1f993	andi	x19,x3,-1762	  x3:0x00001080 x19=0x00001000
        2145000	       213	800001d4	fd5914e3	bne	x18,x21,8000019c	 x18:0xfffffff0 x21:0xffffffed
        2155000	       214	00000000	00000013	addi	x0,x0,0	  x0:0x00000000
        2165000	       215	80000198	00000013	addi	x0,x0,0	  x0:0x00000000
        2175000	       216	8000019c	00d08cb3	add	x25,x1,x13	  x1:0x00000000 x13:0x00000f3f x25=0x00000f3f
        2185000	       217	800001a0	01138833	add	x16,x7,x17	  x7:0x00000104 x17:0x0000000e x16=0x00000112
        2195000	       218	800001a4	001b04b3	add	x9,x22,x1	 x22:0x000004f1  x1:0x00000000  x9=0x000004f1
        2205000	       219	800001a8	ffd90913	addi	x18,x18,-3	 x18:0xfffffff0 x18=0xffffffed
        2215000	       220	800001ac	01425693	srli	x13,x4,0x14	  x4:0xf3fee28d x13=0x00000f3f
        2225000	       221	800001b0	00900613	addi	x12,x0,9	  x0:0x00000000 x12=0x00000009
        2235000	       222	800001b4	00485513	srli	x10,x16,0x4	 x16:0x00000112 x10=0x00000011
        2245000	       223	800001b8	3ed38b13	addi	x22,x7,1005	  x7:0x00000104 x22=0x000004f1
        2255000	       224	800001bc	00f00413	addi	x8,x0,15	  x0:0x00000000  x8=0x0000000f
        2265000	       225	800001c0	8a077093	andi	x1,x14,-1888	 x14:0x00000002  x1=0x00000000
        2275000	       226	800001c4	00660613	addi	x12,x12,6	 x12:0x00000009 x12=0x0000000f
        2285000	       227	800001c8	01656833	or	x16,x10,x22	 x10:0x00000011 x22:0x000004f1 x16=0x000004f1
        2295000	       228	800001cc	fe864ae3	blt	x12,x8,800001c0	 x12:0x0000000f  x8:0x0000000f
        2305000	       229	800001d0	91e1f993	andi	x19,x3,-1762	  x3:0x00001080 x19=0x00001000
        2315000	       230	800001d4	fd5914e3	bne	x18,x21,8000019c	 x18:0xffffffed x21:0xffffffed
        2325000	       231	800001d8	00000013	addi	x0,x0,0	  x0:0x00000000
        2335000	       232	800001dc	00800713	addi	x14,x0,8	  x0:0x00000000 x14=0x00000008
        2345000	       233	800001e0	41f38cb3	sub	x25,x7,x31	  x7:0x00000104 x31:0x00000000 x25=0x00000104
        2355000	       234	800001e4	00f8bb33	sltu	x22,x17,x15	 x17:0x0000000e x15:0xf3fee62a x22=0x00000001
        2365000	       235	800001e8	00fd8b33	add	x22,x27,x15	 x27:0xfffffff1 x15:0xf3fee62a x22=0xf3fee61b
        2375000	       236	800001ec	00be6133	or	x2,x28,x11	 x28:0x00000000 x11:0x00000002  x2=0x00000002
        2385000	       237	800001f0	f7327813	andi	x16,x4,-141	  x4:0xf3fee28d x16=0xf3fee201
        2395000	       238	800001f4	b0323213	sltiu	x4,x4,-1277	  x4:0xf3fee28d  x4=0x00000001
        2405000	       239	800001f8	0122bdb3	sltu	x27,x5,x18	  x5:0x0000000e x18:0xffffffed x27=0x00000001
        2415000	       240	800001fc	40aa0cb3	sub	x25,x20,x10	 x20:0x007370da x10:0x00000011 x25=0x007370c9
        2425000	       241	80000200	00100613	addi	x12,x0,1	  x0:0x00000000 x12=0x00000001
        2435000	       242	80000204	00fb6133	or	x2,x22,x15	 x22:0xf3fee61b x15:0xf3fee62a  x2=0xf3fee63b
        2445000	       243	80000208	409189b3	sub	x19,x3,x9	  x3:0x00001080  x9:0x000004f1 x19=0x00000b8f
        2455000	       244	8000020c	ff970713	addi	x14,x14,-7	 x14:0x00000008 x14=0x00000001
        2465000	       245	80000210	00cbb5b3	sltu	x11,x23,x12	 x23:0x0000000d x12:0x00000001 x11=0x00000000
        2475000	       246	80000214	ff600a13	addi	x20,x0,-10	  x0:0x00000000 x20=0xfffffff6
        2485000	       247	80000218	00fa01b3	add	x3,x20,x15	 x20:0xfffffff6 x15:0xf3fee62a  x3=0xf3fee620
        2495000	       248	8000021c	00900a93	addi	x21,x0,9	  x0:0x00000000 x21=0x00000009
        2505000	       249	80000220	406edeb3	sra	x29,x29,x6	 x29:0x80000000  x6:0x80009f84 x29=0xf8000000
        2515000	       250	80000224	e6622e93	slti	x29,x4,-410	  x4:0x00000001 x29=0x00000000
        2525000	       251	80000228	4b914097	auipc	x1,0x4b914	  x1=0xcb914224
        2535000	       252	8000022c	009a0a13	addi	x20,x20,9	 x20:0xfffffff6 x20=0xffffffff
        2545000	       253	80000230	ff5a4ce3	blt	x20,x21,80000228	 x20:0xffffffff x21:0x00000009
        2555000	       254	00000000	00000013	addi	x0,x0,0	  x0:0x00000000
        2565000	       255	80000224	00000013	addi	x0,x0,0	  x0:0x00000000
        2575000	       256	80000228	4b914097	auipc	x1,0x4b914	  x1=0xcb914224
        2585000	       257	8000022c	009a0a13	addi	x20,x20,9	 x20:0xffffffff x20=0x00000008
        2595000	       258	80000230	ff5a4ce3	blt	x20,x21,80000228	 x20:0x00000008 x21:0x00000009
        2605000	       259	00000000	00000013	addi	x0,x0,0	  x0:0x00000000
        2615000	       260	80000224	00000013	addi	x0,x0,0	  x0:0x00000000
        2625000	       261	80000228	4b914097	auipc	x1,0x4b914	  x1=0xcb914224
        2635000	       262	8000022c	009a0a13	addi	x20,x20,9	 x20:0x00000008 x20=0x00000011
        2645000	       263	80000230	ff5a4ce3	blt	x20,x21,80000228	 x20:0x00000011 x21:0x00000009
        2655000	       264	80000234	9511a2b7	lui	x5,0x9511a	  x5=0x9511a000
        2665000	       265	80000238	1189ce13	xori	x28,x19,280	 x19:0x00000b8f x28=0x00000a97
        2675000	       266	8000023c	fcc716e3	bne	x14,x12,80000208	 x14:0x00000001 x12:0x00000001
        2685000	       267	80000240	40375913	srai	x18,x14,0x3	 x14:0x00000001 x18=0x00000000
        2695000	       268	80000244	00300813	addi	x16,x0,3	  x0:0x00000000 x16=0x00000003
        2705000	       269	80000248	01a247b3	xor	x15,x4,x26	  x4:0x00000001 x26:0x80009fc4 x15=0x80009fc5
        2715000	       270	8000024c	0141beb3	sltu	x29,x3,x20	  x3:0xf3fee620 x20:0x00000011 x29=0x00000000
        2725000	       271	80000250	ff100b13	addi	x22,x0,-15	  x0:0x00000000 x22=0xfffffff1
        2735000	       272	80000254	01f97433	and	x8,x18,x31	 x18:0x00000000 x31:0x00000000  x8=0x00000000
        2745000	       273	80000258	d2db5237	lui	x4,0xd2db5	  x4=0xd2db5000
        2755000	       274	8000025c	3f813093	sltiu	x1,x2,1016	  x2:0xf3fee63b  x1=0x00000000
        2765000	       275	80000260	00e2e9b3	or	x19,x5,x14	  x5:0x9511a000 x14:0x00000001 x19=0x9511a001
        2775000	       276	80000264	01c59e13	slli	x28,x11,0x1c	 x11:0x00000000 x28=0x00000000
        2785000	       277	80000268	14006a93	ori	x21,x0,320	  x0:0x00000000 x21=0x00000140
        2795000	       278	8000026c	efea4e13	xori	x28,x20,-258	 x20:0x00000011 x28=0xfffffeef
        2805000	       279	80000270	004d3c33	sltu	x24,x26,x4	 x26:0x80009fc4  x4:0xd2db5000 x24=0x00000001
        2815000	       280	80000274	9b2743b7	lui	x7,0x9b274	  x7=0x9b274000
        2825000	       281	80000278	005b2633	slt	x12,x22,x5	 x22:0xfffffff1  x5:0x9511a000 x12=0x00000000
        2835000	       282	8000027c	997eb693	sltiu	x13,x29,-1641	 x29:0x00000000 x13=0x00000001
        2845000	       283	80000280	40295f13	srai	x30,x18,0x2	 x18:0x00000000 x30=0x00000000
        2855000	       284	80000284	5e8f2d93	slti	x27,x30,1512	 x30:0x00000000 x27=0x00000001
        2865000	       285	80000288	0156f3b3	and	x7,x13,x21	 x13:0x00000001 x21:0x00000140  x7=0x00000000
        2875000	       286	8000028c	ffa80813	addi	x16,x16,-6	 x16:0x00000003 x16=0xfffffffd
        2885000	       287	80000290	41f35113	srai	x2,x6,0x1f	  x6:0x80009f84  x2=0xffffffff
        2895000	       288	80000294	40aad5b3	sra	x11,x21,x10	 x21:0x00000140 x10:0x00000011 x11=0x00000000
        2905000	       289	80000298	cc977793	andi	x15,x14,-823	 x14:0x00000001 x15=0x00000001
        2915000	       290	8000029c	01316db3	or	x27,x2,x19	  x2:0xffffffff x19:0x9511a001 x27=0xffffffff
        2925000	       291	800002a0	39504b97	auipc	x23,0x39504	 x23=0xb950429c
        2935000	       292	800002a4	9154ee93	ori	x29,x9,-1771	  x9:0x000004f1 x29=0xfffffdf5
        2945000	       293	800002a8	fd6850e3	bge	x16,x22,80000268	 x16:0xfffffffd x22:0xfffffff1
        2955000	       294	00000000	00000013	addi	x0,x0,0	  x0:0x00000000
        2965000	       295	80000264	00000013	addi	x0,x0,0	  x0:0x00000000
        2975000	       296	80000268	14006a93	ori	x21,x0,320	  x0:0x00000000 x21=0x00000140
        2985000	       297	8000026c	efea4e13	xori	x28,x20,-258	 x20:0x00000011 x28=0xfffffeef
        2995000	       298	80000270	004d3c33	sltu	x24,x26,x4	 x26:0x80009fc4  x4:0xd2db5000 x24=0x00000001
        3005000	       299	80000274	9b2743b7	lui	x7,0x9b274	  x7=0x9b274000
        3015000	       300	80000278	005b2633	slt	x12,x22,x5	 x22:0xfffffff1  x5:0x9511a000 x12=0x00000000
        3025000	       301	8000027c	997eb693	sltiu	x13,x29,-1641	 x29:0xfffffdf5 x13=0x00000000
        3035000	       302	80000280	40295f13	srai	x30,x18,0x2	 x18:0x00000000 x30=0x00000000
        3045000	       303	80000284	5e8f2d93	slti	x27,x30,1512	 x30:0x00000000 x27=0x00000001
        3055000	       304	80000288	0156f3b3	and	x7,x13,x21	 x13:0x00000000 x21:0x00000140  x7=0x00000000
        3065000	       305	8000028c	ffa80813	addi	x16,x16,-6	 x16:0xfffffffd x16=0xfffffff7
        3075000	       306	80000290	41f35113	srai	x2,x6,0x1f	  x6:0x80009f84  x2=0xffffffff
        3085000	       307	80000294	40aad5b3	sra	x11,x21,x10	 x21:0x00000140 x10:0x00000011 x11=0x00000000
        3095000	       308	80000298	cc977793	andi	x15,x14,-823	 x14:0x00000001 x15=0x00000001
        3105000	       309	8000029c	01316db3	or	x27,x2,x19	  x2:0xffffffff x19:0x9511a001 x27=0xffffffff
        3115000	       310	800002a0	39504b97	auipc	x23,0x39504	 x23=0xb950429c
        3125000	       311	800002a4	9154ee93	ori	x29,x9,-1771	  x9:0x000004f1 x29=0xfffffdf5
        3135000	       312	800002a8	fd6850e3	bge	x16,x22,80000268	 x16:0xfffffff7 x22:0xfffffff1
        3145000	       313	00000000	00000013	addi	x0,x0,0	  x0:0x00000000
        3155000	       314	80000264	00000013	addi	x0,x0,0	  x0:0x00000000
        3165000	       315	80000268	14006a93	ori	x21,x0,320	  x0:0x00000000 x21=0x00000140
        3175000	       316	8000026c	efea4e13	xori	x28,x20,-258	 x20:0x00000011 x28=0xfffffeef
        3185000	       317	80000270	004d3c33	sltu	x24,x26,x4	 x26:0x80009fc4  x4:0xd2db5000 x24=0x00000001
        3195000	       318	80000274	9b2743b7	lui	x7,0x9b274	  x7=0x9b274000
        3205000	       319	80000278	005b2633	slt	x12,x22,x5	 x22:0xfffffff1  x5:0x9511a000 x12=0x00000000
        3215000	       320	8000027c	997eb693	sltiu	x13,x29,-1641	 x29:0xfffffdf5 x13=0x00000000
        3225000	       321	80000280	40295f13	srai	x30,x18,0x2	 x18:0x00000000 x30=0x00000000
        3235000	       322	80000284	5e8f2d93	slti	x27,x30,1512	 x30:0x00000000 x27=0x00000001
        3245000	       323	80000288	0156f3b3	and	x7,x13,x21	 x13:0x00000000 x21:0x00000140  x7=0x00000000
        3255000	       324	8000028c	ffa80813	addi	x16,x16,-6	 x16:0xfffffff7 x16=0xfffffff1
        3265000	       325	80000290	41f35113	srai	x2,x6,0x1f	  x6:0x80009f84  x2=0xffffffff
        3275000	       326	80000294	40aad5b3	sra	x11,x21,x10	 x21:0x00000140 x10:0x00000011 x11=0x00000000
        3285000	       327	80000298	cc977793	andi	x15,x14,-823	 x14:0x00000001 x15=0x00000001
        3295000	       328	8000029c	01316db3	or	x27,x2,x19	  x2:0xffffffff x19:0x9511a001 x27=0xffffffff
        3305000	       329	800002a0	39504b97	auipc	x23,0x39504	 x23=0xb950429c
        3315000	       330	800002a4	9154ee93	ori	x29,x9,-1771	  x9:0x000004f1 x29=0xfffffdf5
        3325000	       331	800002a8	fd6850e3	bge	x16,x22,80000268	 x16:0xfffffff1 x22:0xfffffff1
        3335000	       332	00000000	00000013	addi	x0,x0,0	  x0:0x00000000
        3345000	       333	80000264	00000013	addi	x0,x0,0	  x0:0x00000000
        3355000	       334	80000268	14006a93	ori	x21,x0,320	  x0:0x00000000 x21=0x00000140
        3365000	       335	8000026c	efea4e13	xori	x28,x20,-258	 x20:0x00000011 x28=0xfffffeef
        3375000	       336	80000270	004d3c33	sltu	x24,x26,x4	 x26:0x80009fc4  x4:0xd2db5000 x24=0x00000001
        3385000	       337	80000274	9b2743b7	lui	x7,0x9b274	  x7=0x9b274000
        3395000	       338	80000278	005b2633	slt	x12,x22,x5	 x22:0xfffffff1  x5:0x9511a000 x12=0x00000000
        3405000	       339	8000027c	997eb693	sltiu	x13,x29,-1641	 x29:0xfffffdf5 x13=0x00000000
        3415000	       340	80000280	40295f13	srai	x30,x18,0x2	 x18:0x00000000 x30=0x00000000
        3425000	       341	80000284	5e8f2d93	slti	x27,x30,1512	 x30:0x00000000 x27=0x00000001
        3435000	       342	80000288	0156f3b3	and	x7,x13,x21	 x13:0x00000000 x21:0x00000140  x7=0x00000000
        3445000	       343	8000028c	ffa80813	addi	x16,x16,-6	 x16:0xfffffff1 x16=0xffffffeb
        3455000	       344	80000290	41f35113	srai	x2,x6,0x1f	  x6:0x80009f84  x2=0xffffffff
        3465000	       345	80000294	40aad5b3	sra	x11,x21,x10	 x21:0x00000140 x10:0x00000011 x11=0x00000000
        3475000	       346	80000298	cc977793	andi	x15,x14,-823	 x14:0x00000001 x15=0x00000001
        3485000	       347	8000029c	01316db3	or	x27,x2,x19	  x2:0xffffffff x19:0x9511a001 x27=0xffffffff
        3495000	       348	800002a0	39504b97	auipc	x23,0x39504	 x23=0xb950429c
        3505000	       349	800002a4	9154ee93	ori	x29,x9,-1771	  x9:0x000004f1 x29=0xfffffdf5
        3515000	       350	800002a8	fd6850e3	bge	x16,x22,80000268	 x16:0xffffffeb x22:0xfffffff1
        3525000	       351	800002ac	419ada93	srai	x21,x21,0x19	 x21:0x00000140 x21=0x00000000
        3535000	       352	800002b0	fff00d93	addi	x27,x0,-1	  x0:0x00000000 x27=0xffffffff
        3545000	       353	800002b4	00b00e93	addi	x29,x0,11	  x0:0x00000000 x29=0x0000000b
        3555000	       354	800002b8	00f92733	slt	x14,x18,x15	 x18:0x00000000 x15:0x00000001 x14=0x00000001
        3565000	       355	800002bc	790d6993	ori	x19,x26,1936	 x26:0x80009fc4 x19=0x80009fd4
        3575000	       356	800002c0	004d8d93	addi	x27,x27,4	 x27:0xffffffff x27=0x00000003
        3585000	       357	800002c4	ffdd9ae3	bne	x27,x29,800002b8	 x27:0x00000003 x29:0x0000000b
        3595000	       358	00000000	00000013	addi	x0,x0,0	  x0:0x00000000
        3605000	       359	800002b4	00000013	addi	x0,x0,0	  x0:0x00000000
        3615000	       360	800002b8	00f92733	slt	x14,x18,x15	 x18:0x00000000 x15:0x00000001 x14=0x00000001
        3625000	       361	800002bc	790d6993	ori	x19,x26,1936	 x26:0x80009fc4 x19=0x80009fd4
        3635000	       362	800002c0	004d8d93	addi	x27,x27,4	 x27:0x00000003 x27=0x00000007
        3645000	       363	800002c4	ffdd9ae3	bne	x27,x29,800002b8	 x27:0x00000007 x29:0x0000000b
        3655000	       364	00000000	00000013	addi	x0,x0,0	  x0:0x00000000
        3665000	       365	800002b4	00000013	addi	x0,x0,0	  x0:0x00000000
        3675000	       366	800002b8	00f92733	slt	x14,x18,x15	 x18:0x00000000 x15:0x00000001 x14=0x00000001
        3685000	       367	800002bc	790d6993	ori	x19,x26,1936	 x26:0x80009fc4 x19=0x80009fd4
        3695000	       368	800002c0	004d8d93	addi	x27,x27,4	 x27:0x00000007 x27=0x0000000b
        3705000	       369	800002c4	ffdd9ae3	bne	x27,x29,800002b8	 x27:0x0000000b x29:0x0000000b
        3715000	       370	800002c8	01498b33	add	x22,x19,x20	 x19:0x80009fd4 x20:0x00000011 x22=0x80009fe5
        3725000	       371	800002cc	ff900793	addi	x15,x0,-7	  x0:0x00000000 x15=0xfffffff9
        3735000	       372	800002d0	a539ec17	auipc	x24,0xa539e	 x24=0x2539e2cc
        3745000	       373	800002d4	9cf22b93	slti	x23,x4,-1585	  x4:0xd2db5000 x23=0x00000001
        3755000	       374	800002d8	be4e0593	addi	x11,x28,-1052	 x28:0xfffffeef x11=0xfffffad3
        3765000	       375	800002dc	01bd2033	slt	x0,x26,x27	 x26:0x80009fc4 x27:0x0000000b
        3775000	       376	800002e0	fef00813	addi	x16,x0,-17	  x0:0x00000000 x16=0xffffffef
        3785000	       377	800002e4	00000013	addi	x0,x0,0	  x0:0x00000000
        3795000	       378	800002e8	00f12d93	slti	x27,x2,15	  x2:0xffffffff x27=0x00000001
        3805000	       379	800002ec	8d4bea13	ori	x20,x23,-1836	 x23:0x00000001 x20=0xfffff8d5
        3815000	       380	800002f0	ff678793	addi	x15,x15,-10	 x15:0xfffffff9 x15=0xffffffef
        3825000	       381	800002f4	419153b3	sra	x7,x2,x25	  x2:0xffffffff x25:0x007370c9  x7=0xffffffff
        3835000	       382	800002f8	00600213	addi	x4,x0,6	  x0:0x00000000  x4=0x00000006
        3845000	       383	800002fc	01d41b33	sll	x22,x8,x29	  x8:0x00000000 x29:0x0000000b x22=0x00000000
        3855000	       384	80000300	00200993	addi	x19,x0,2	  x0:0x00000000 x19=0x00000002
        3865000	       385	80000304	015d1933	sll	x18,x26,x21	 x26:0x80009fc4 x21:0x00000000 x18=0x80009fc4
        3875000	       386	80000308	01e69a93	slli	x21,x13,0x1e	 x13:0x00000000 x21=0x00000000
        3885000	       387	8000030c	013bae33	slt	x28,x23,x19	 x23:0x00000001 x19:0x00000002 x28=0x00000001
        3895000	       388	80000310	00e7adb3	slt	x27,x15,x14	 x15:0xffffffef x14:0x00000001 x27=0x00000001
        3905000	       389	80000314	002edb33	srl	x22,x29,x2	 x29:0x0000000b  x2:0xffffffff x22=0x00000000
        3915000	       390	80000318	ffc20213	addi	x4,x4,-4	  x4:0x00000006  x4=0x00000002
        3925000	       391	8000031c	41d100b3	sub	x1,x2,x29	  x2:0xffffffff x29:0x0000000b  x1=0xfffffff4
        3935000	       392	80000320	ff3206e3	beq	x4,x19,8000030c	  x4:0x00000002 x19:0x00000002
        3945000	       393	00000000	00000013	addi	x0,x0,0	  x0:0x00000000
        3955000	       394	80000308	00000013	addi	x0,x0,0	  x0:0x00000000
        3965000	       395	8000030c	013bae33	slt	x28,x23,x19	 x23:0x00000001 x19:0x00000002 x28=0x00000001
        3975000	       396	80000310	00e7adb3	slt	x27,x15,x14	 x15:0xffffffef x14:0x00000001 x27=0x00000001
        3985000	       397	80000314	002edb33	srl	x22,x29,x2	 x29:0x0000000b  x2:0xffffffff x22=0x00000000
        3995000	       398	80000318	ffc20213	addi	x4,x4,-4	  x4:0x00000002  x4=0xfffffffe
        4005000	       399	8000031c	41d100b3	sub	x1,x2,x29	  x2:0xffffffff x29:0x0000000b  x1=0xfffffff4
        4015000	       400	80000320	ff3206e3	beq	x4,x19,8000030c	  x4:0xfffffffe x19:0x00000002
        4025000	       401	80000324	01f618b3	sll	x17,x12,x31	 x12:0x00000000 x31:0x00000000 x17=0x00000000
        4035000	       402	80000328	fd0782e3	beq	x15,x16,800002ec	 x15:0xffffffef x16:0xffffffef
        4045000	       403	00000000	00000013	addi	x0,x0,0	  x0:0x00000000
        4055000	       404	800002e8	00000013	addi	x0,x0,0	  x0:0x00000000
        4065000	       405	800002ec	8d4bea13	ori	x20,x23,-1836	 x23:0x00000001 x20=0xfffff8d5
        4075000	       406	800002f0	ff678793	addi	x15,x15,-10	 x15:0xffffffef x15=0xffffffe5
        4085000	       407	800002f4	419153b3	sra	x7,x2,x25	  x2:0xffffffff x25:0x007370c9  x7=0xffffffff
        4095000	       408	800002f8	00600213	addi	x4,x0,6	  x0:0x00000000  x4=0x00000006
        4105000	       409	800002fc	01d41b33	sll	x22,x8,x29	  x8:0x00000000 x29:0x0000000b x22=0x00000000
        4115000	       410	80000300	00200993	addi	x19,x0,2	  x0:0x00000000 x19=0x00000002
        4125000	       411	80000304	015d1933	sll	x18,x26,x21	 x26:0x80009fc4 x21:0x00000000 x18=0x80009fc4
        4135000	       412	80000308	01e69a93	slli	x21,x13,0x1e	 x13:0x00000000 x21=0x00000000
        4145000	       413	8000030c	013bae33	slt	x28,x23,x19	 x23:0x00000001 x19:0x00000002 x28=0x00000001
        4155000	       414	80000310	00e7adb3	slt	x27,x15,x14	 x15:0xffffffe5 x14:0x00000001 x27=0x00000001
        4165000	       415	80000314	002edb33	srl	x22,x29,x2	 x29:0x0000000b  x2:0xffffffff x22=0x00000000
        4175000	       416	80000318	ffc20213	addi	x4,x4,-4	  x4:0x00000006  x4=0x00000002
        4185000	       417	8000031c	41d100b3	sub	x1,x2,x29	  x2:0xffffffff x29:0x0000000b  x1=0xfffffff4
        4195000	       418	80000320	ff3206e3	beq	x4,x19,8000030c	  x4:0x00000002 x19:0x00000002
        4205000	       419	00000000	00000013	addi	x0,x0,0	  x0:0x00000000
        4215000	       420	80000308	00000013	addi	x0,x0,0	  x0:0x00000000
        4225000	       421	8000030c	013bae33	slt	x28,x23,x19	 x23:0x00000001 x19:0x00000002 x28=0x00000001
        4235000	       422	80000310	00e7adb3	slt	x27,x15,x14	 x15:0xffffffe5 x14:0x00000001 x27=0x00000001
        4245000	       423	80000314	002edb33	srl	x22,x29,x2	 x29:0x0000000b  x2:0xffffffff x22=0x00000000
        4255000	       424	80000318	ffc20213	addi	x4,x4,-4	  x4:0x00000002  x4=0xfffffffe
        4265000	       425	8000031c	41d100b3	sub	x1,x2,x29	  x2:0xffffffff x29:0x0000000b  x1=0xfffffff4
        4275000	       426	80000320	ff3206e3	beq	x4,x19,8000030c	  x4:0xfffffffe x19:0x00000002
        4285000	       427	80000324	01f618b3	sll	x17,x12,x31	 x12:0x00000000 x31:0x00000000 x17=0x00000000
        4295000	       428	80000328	fd0782e3	beq	x15,x16,800002ec	 x15:0xffffffe5 x16:0xffffffef
        4305000	       429	8000032c	992bbb13	sltiu	x22,x23,-1646	 x23:0x00000001 x22=0x00000001
        4315000	       430	80000330	00500693	addi	x13,x0,5	  x0:0x00000000 x13=0x00000005
        4325000	       431	80000334	00400613	addi	x12,x0,4	  x0:0x00000000 x12=0x00000004
        4335000	       432	80000338	573ee737	lui	x14,0x573ee	 x14=0x573ee000
        4345000	       433	8000033c	01691533	sll	x10,x18,x22	 x18:0x80009fc4 x22:0x00000001 x10=0x00013f88
        4355000	       434	80000340	ffe68693	addi	x13,x13,-2	 x13:0x00000005 x13=0x00000003
        4365000	       435	80000344	00eeac33	slt	x24,x29,x14	 x29:0x0000000b x14:0x573ee000 x24=0x00000001
        4375000	       436	80000348	fec6f8e3	bgeu	x13,x12,80000338	 x13:0x00000003 x12:0x00000004
        4385000	       437	8000034c	417cdd93	srai	x27,x25,0x17	 x25:0x007370c9 x27=0x00000000
        4395000	       438	80000350	00700813	addi	x16,x0,7	  x0:0x00000000 x16=0x00000007
        4405000	       439	80000354	00613e33	sltu	x28,x2,x6	  x2:0xffffffff  x6:0x80009f84 x28=0x00000000
        4415000	       440	80000358	e27b4193	xori	x3,x22,-473	 x22:0x00000001  x3=0xfffffe26
        4425000	       441	8000035c	011624b3	slt	x9,x12,x17	 x12:0x00000004 x17:0x00000000  x9=0x00000000
        4435000	       442	80000360	00b284b3	add	x9,x5,x11	  x5:0x9511a000 x11:0xfffffad3  x9=0x95119ad3
        4445000	       443	80000364	00900e93	addi	x29,x0,9	  x0:0x00000000 x29=0x00000009
        4455000	       444	80000368	00f427b3	slt	x15,x8,x15	  x8:0x00000000 x15:0xffffffe5 x15=0x00000000
        4465000	       445	8000036c	41ae8933	sub	x18,x29,x26	 x29:0x00000009 x26:0x80009fc4 x18=0x7fff6045
        4475000	       446	80000370	006c81b3	add	x3,x25,x6	 x25:0x007370c9  x6:0x80009f84  x3=0x8074104d
        4485000	       447	80000374	00880813	addi	x16,x16,8	 x16:0x00000007 x16=0x0000000f
        4495000	       448	80000378	ffd84ae3	blt	x16,x29,8000036c	 x16:0x0000000f x29:0x00000009
        4505000	       449	8000037c	00e117b3	sll	x15,x2,x14	  x2:0xffffffff x14:0x573ee000 x15=0xffffffff
        4515000	       450	80000380	fff00913	addi	x18,x0,-1	  x0:0x00000000 x18=0xffffffff
        4525000	       451	80000384	01e09093	slli	x1,x1,0x1e	  x1:0xfffffff4  x1=0x00000000
        4535000	       452	80000388	41eb07b3	sub	x15,x22,x30	 x22:0x00000001 x30:0x00000000 x15=0x00000001
        4545000	       453	8000038c	010db033	sltu	x0,x27,x16	 x27:0x00000000 x16:0x0000000f
        4555000	       454	80000390	019b2433	slt	x8,x22,x25	 x22:0x00000001 x25:0x007370c9  x8=0x00000001
        4565000	       455	80000394	01345b13	srli	x22,x8,0x13	  x8:0x00000001 x22=0x00000000
        4575000	       456	80000398	014ada93	srli	x21,x21,0x14	 x21:0x00000000 x21=0x00000000
        4585000	       457	8000039c	003d1513	slli	x10,x26,0x3	 x26:0x80009fc4 x10=0x0004fe20
        4595000	       458	800003a0	014438b3	sltu	x17,x8,x20	  x8:0x00000001 x20:0xfffff8d5 x17=0x00000001
        4605000	       459	800003a4	ff500713	addi	x14,x0,-11	  x0:0x00000000 x14=0xfffffff5
        4615000	       460	800003a8	99fb1197	auipc	x3,0x99fb1	  x3=0x19fb13a4
        4625000	       461	800003ac	001ee7b3	or	x15,x29,x1	 x29:0x00000009  x1:0x00000000 x15=0x00000009
        4635000	       462	800003b0	a2934213	xori	x4,x6,-1495	  x6:0x80009f84  x4=0x7fff65ad
        4645000	       463	800003b4	00cbf2b3	and	x5,x23,x12	 x23:0x00000001 x12:0x00000004  x5=0x00000000
        4655000	       464	800003b8	41f350b3	sra	x1,x6,x31	  x6:0x80009f84 x31:0x00000000  x1=0x80009f84
        4665000	       465	800003bc	ff690913	addi	x18,x18,-10	 x18:0xffffffff x18=0xfffffff5
        4675000	       466	800003c0	ff700d93	addi	x27,x0,-9	  x0:0x00000000 x27=0xfffffff7
        4685000	       467	800003c4	81bef513	andi	x10,x29,-2021	 x29:0x00000009 x10=0x00000009
        4695000	       468	800003c8	01effb33	and	x22,x31,x30	 x31:0x00000000 x30:0x00000000 x22=0x00000000
        4705000	       469	800003cc	00d00593	addi	x11,x0,13	  x0:0x00000000 x11=0x0000000d
        4715000	       470	800003d0	549eac13	slti	x24,x29,1353	 x29:0x00000009 x24=0x00000001
        4725000	       471	800003d4	0046a633	slt	x12,x13,x4	 x13:0x00000003  x4:0x7fff65ad x12=0x00000001
        4735000	       472	800003d8	97f58eb7	lui	x29,0x97f58	 x29=0x97f58000
        4745000	       473	800003dc	59490c13	addi	x24,x18,1428	 x18:0xfffffff5 x24=0x00000589
        4755000	       474	800003e0	01abec33	or	x24,x23,x26	 x23:0x00000001 x26:0x80009fc4 x24=0x80009fc5
        4765000	       475	800003e4	40fa8033	sub	x0,x21,x15	 x21:0x00000000 x15:0x00000009
        4775000	       476	800003e8	004d8d93	addi	x27,x27,4	 x27:0xfffffff7 x27=0xfffffffb
        4785000	       477	800003ec	4417e893	ori	x17,x15,1089	 x15:0x00000009 x17=0x00000449
        4795000	       478	800003f0	23042193	slti	x3,x8,560	  x8:0x00000001  x3=0x00000001
        4805000	       479	800003f4	febdc2e3	blt	x27,x11,800003d8	 x27:0xfffffffb x11:0x0000000d
        4815000	       480	00000000	00000013	addi	x0,x0,0	  x0:0x00000000
        4825000	       481	800003d4	00000013	addi	x0,x0,0	  x0:0x00000000
        4835000	       482	800003d8	97f58eb7	lui	x29,0x97f58	 x29=0x97f58000
        4845000	       483	800003dc	59490c13	addi	x24,x18,1428	 x18:0xfffffff5 x24=0x00000589
        4855000	       484	800003e0	01abec33	or	x24,x23,x26	 x23:0x00000001 x26:0x80009fc4 x24=0x80009fc5
        4865000	       485	800003e4	40fa8033	sub	x0,x21,x15	 x21:0x00000000 x15:0x00000009
        4875000	       486	800003e8	004d8d93	addi	x27,x27,4	 x27:0xfffffffb x27=0xffffffff
        4885000	       487	800003ec	4417e893	ori	x17,x15,1089	 x15:0x00000009 x17=0x00000449
        4895000	       488	800003f0	23042193	slti	x3,x8,560	  x8:0x00000001  x3=0x00000001
        4905000	       489	800003f4	febdc2e3	blt	x27,x11,800003d8	 x27:0xffffffff x11:0x0000000d
        4915000	       490	00000000	00000013	addi	x0,x0,0	  x0:0x00000000
        4925000	       491	800003d4	00000013	addi	x0,x0,0	  x0:0x00000000
        4935000	       492	800003d8	97f58eb7	lui	x29,0x97f58	 x29=0x97f58000
        4945000	       493	800003dc	59490c13	addi	x24,x18,1428	 x18:0xfffffff5 x24=0x00000589
        4955000	       494	800003e0	01abec33	or	x24,x23,x26	 x23:0x00000001 x26:0x80009fc4 x24=0x80009fc5
        4965000	       495	800003e4	40fa8033	sub	x0,x21,x15	 x21:0x00000000 x15:0x00000009
        4975000	       496	800003e8	004d8d93	addi	x27,x27,4	 x27:0xffffffff x27=0x00000003
        4985000	       497	800003ec	4417e893	ori	x17,x15,1089	 x15:0x00000009 x17=0x00000449
        4995000	       498	800003f0	23042193	slti	x3,x8,560	  x8:0x00000001  x3=0x00000001
        5005000	       499	800003f4	febdc2e3	blt	x27,x11,800003d8	 x27:0x00000003 x11:0x0000000d
        5015000	       500	00000000	00000013	addi	x0,x0,0	  x0:0x00000000
        5025000	       501	800003d4	00000013	addi	x0,x0,0	  x0:0x00000000
        5035000	       502	800003d8	97f58eb7	lui	x29,0x97f58	 x29=0x97f58000
        5045000	       503	800003dc	59490c13	addi	x24,x18,1428	 x18:0xfffffff5 x24=0x00000589
        5055000	       504	800003e0	01abec33	or	x24,x23,x26	 x23:0x00000001 x26:0x80009fc4 x24=0x80009fc5
        5065000	       505	800003e4	40fa8033	sub	x0,x21,x15	 x21:0x00000000 x15:0x00000009
        5075000	       506	800003e8	004d8d93	addi	x27,x27,4	 x27:0x00000003 x27=0x00000007
        5085000	       507	800003ec	4417e893	ori	x17,x15,1089	 x15:0x00000009 x17=0x00000449
        5095000	       508	800003f0	23042193	slti	x3,x8,560	  x8:0x00000001  x3=0x00000001
        5105000	       509	800003f4	febdc2e3	blt	x27,x11,800003d8	 x27:0x00000007 x11:0x0000000d
        5115000	       510	00000000	00000013	addi	x0,x0,0	  x0:0x00000000
        5125000	       511	800003d4	00000013	addi	x0,x0,0	  x0:0x00000000
        5135000	       512	800003d8	97f58eb7	lui	x29,0x97f58	 x29=0x97f58000
        5145000	       513	800003dc	59490c13	addi	x24,x18,1428	 x18:0xfffffff5 x24=0x00000589
        5155000	       514	800003e0	01abec33	or	x24,x23,x26	 x23:0x00000001 x26:0x80009fc4 x24=0x80009fc5
        5165000	       515	800003e4	40fa8033	sub	x0,x21,x15	 x21:0x00000000 x15:0x00000009
        5175000	       516	800003e8	004d8d93	addi	x27,x27,4	 x27:0x00000007 x27=0x0000000b
        5185000	       517	800003ec	4417e893	ori	x17,x15,1089	 x15:0x00000009 x17=0x00000449
        5195000	       518	800003f0	23042193	slti	x3,x8,560	  x8:0x00000001  x3=0x00000001
        5205000	       519	800003f4	febdc2e3	blt	x27,x11,800003d8	 x27:0x0000000b x11:0x0000000d
        5215000	       520	00000000	00000013	addi	x0,x0,0	  x0:0x00000000
        5225000	       521	800003d4	00000013	addi	x0,x0,0	  x0:0x00000000
        5235000	       522	800003d8	97f58eb7	lui	x29,0x97f58	 x29=0x97f58000
        5245000	       523	800003dc	59490c13	addi	x24,x18,1428	 x18:0xfffffff5 x24=0x00000589
        5255000	       524	800003e0	01abec33	or	x24,x23,x26	 x23:0x00000001 x26:0x80009fc4 x24=0x80009fc5
        5265000	       525	800003e4	40fa8033	sub	x0,x21,x15	 x21:0x00000000 x15:0x00000009
        5275000	       526	800003e8	004d8d93	addi	x27,x27,4	 x27:0x0000000b x27=0x0000000f
        5285000	       527	800003ec	4417e893	ori	x17,x15,1089	 x15:0x00000009 x17=0x00000449
        5295000	       528	800003f0	23042193	slti	x3,x8,560	  x8:0x00000001  x3=0x00000001
        5305000	       529	800003f4	febdc2e3	blt	x27,x11,800003d8	 x27:0x0000000f x11:0x0000000d
        5315000	       530	800003f8	00811a93	slli	x21,x2,0x8	  x2:0xffffffff x21=0xffffff00
        5325000	       531	800003fc	fae91ae3	bne	x18,x14,800003b0	 x18:0xfffffff5 x14:0xfffffff5
        5335000	       532	80000400	600ec137	lui	x2,0x600ec	  x2=0x600ec000
        5345000	       533	80000404	00900993	addi	x19,x0,9	  x0:0x00000000 x19=0x00000009
        5355000	       534	80000408	003236b3	sltu	x13,x4,x3	  x4:0x7fff65ad  x3:0x00000001 x13=0x00000000
        5365000	       535	8000040c	011ee233	or	x4,x29,x17	 x29:0x97f58000 x17:0x00000449  x4=0x97f58449
        5375000	       536	80000410	00000013	addi	x0,x0,0	  x0:0x00000000
        5385000	       537	80000414	00d3be33	sltu	x28,x7,x13	  x7:0xffffffff x13:0x00000000 x28=0x00000000
        5395000	       538	80000418	00a00713	addi	x14,x0,10	  x0:0x00000000 x14=0x0000000a
        5405000	       539	8000041c	00858a33	add	x20,x11,x8	 x11:0x0000000d  x8:0x00000001 x20=0x0000000e
        5415000	       540	80000420	01b61793	slli	x15,x12,0x1b	 x12:0x00000001 x15=0x08000000
        5425000	       541	80000424	3340e213	ori	x4,x1,820	  x1:0x80009f84  x4=0x80009fb4
        5435000	       542	80000428	00000013	addi	x0,x0,0	  x0:0x00000000
        5445000	       543	8000042c	00e270b3	and	x1,x4,x14	  x4:0x80009fb4 x14:0x0000000a  x1=0x00000000
        5455000	       544	80000430	00298993	addi	x19,x19,2	 x19:0x00000009 x19=0x0000000b
        5465000	       545	80000434	d5b1eb93	ori	x23,x3,-677	  x3:0x00000001 x23=0xfffffd5b
        5475000	       546	80000438	fee9e6e3	bltu	x19,x14,80000424	 x19:0x0000000b x14:0x0000000a
        5485000	       547	8000043c	01316f33	or	x30,x2,x19	  x2:0x600ec000 x19:0x0000000b x30=0x600ec00b
        5495000	       548	80000440	00700a93	addi	x21,x0,7	  x0:0x00000000 x21=0x00000007
        5505000	       549	80000444	0048ac33	slt	x24,x17,x4	 x17:0x00000449  x4:0x80009fb4 x24=0x00000000
        5515000	       550	80000448	41e056b3	sra	x13,x0,x30	  x0:0x00000000 x30:0x600ec00b x13=0x00000000
        5525000	       551	8000044c	ff600493	addi	x9,x0,-10	  x0:0x00000000  x9=0xfffffff6
        5535000	       552	80000450	00dac7b3	xor	x15,x21,x13	 x21:0x00000007 x13:0x00000000 x15=0x00000007
        5545000	       553	80000454	419dd713	srai	x14,x27,0x19	 x27:0x0000000f x14=0x00000000
        5555000	       554	80000458	b2eb7893	andi	x17,x22,-1234	 x22:0x00000000 x17=0x00000000
        5565000	       555	8000045c	002886b3	add	x13,x17,x2	 x17:0x00000000  x2:0x600ec000 x13=0x600ec000
        5575000	       556	80000460	4165d213	srai	x4,x11,0x16	 x11:0x0000000d  x4=0x00000000
        5585000	       557	80000464	40008e33	sub	x28,x1,x0	  x1:0x00000000  x0:0x00000000 x28=0x00000000
        5595000	       558	80000468	3df872b7	lui	x5,0x3df87	  x5=0x3df87000
        5605000	       559	8000046c	ffca8a93	addi	x21,x21,-4	 x21:0x00000007 x21=0x00000003
        5615000	       560	80000470	2fc43c93	sltiu	x25,x8,764	  x8:0x00000001 x25=0x00000001
        5625000	       561	80000474	00000013	addi	x0,x0,0	  x0:0x00000000
        5635000	       562	80000478	006d95b3	sll	x11,x27,x6	 x27:0x0000000f  x6:0x80009f84 x11=0x000000f0
        5645000	       563	8000047c	01ca5593	srli	x11,x20,0x1c	 x20:0x0000000e x11=0x00000000
        5655000	       564	80000480	d24ec697	auipc	x13,0xd24ec	 x13=0x524ec47c
        5665000	       565	80000484	90ae6b93	ori	x23,x28,-1782	 x28:0x00000000 x23=0xfffff90a
        5675000	       566	80000488	fc9adee3	bge	x21,x9,80000464	 x21:0x00000003  x9:0xfffffff6
        5685000	       567	00000000	00000013	addi	x0,x0,0	  x0:0x00000000
        5695000	       568	80000460	00000013	addi	x0,x0,0	  x0:0x00000000
        5705000	       569	80000464	40008e33	sub	x28,x1,x0	  x1:0x00000000  x0:0x00000000 x28=0x00000000
        5715000	       570	80000468	3df872b7	lui	x5,0x3df87	  x5=0x3df87000
        5725000	       571	8000046c	ffca8a93	addi	x21,x21,-4	 x21:0x00000003 x21=0xffffffff
        5735000	       572	80000470	2fc43c93	sltiu	x25,x8,764	  x8:0x00000001 x25=0x00000001
        5745000	       573	80000474	00000013	addi	x0,x0,0	  x0:0x00000000
        5755000	       574	80000478	006d95b3	sll	x11,x27,x6	 x27:0x0000000f  x6:0x80009f84 x11=0x000000f0
        5765000	       575	8000047c	01ca5593	srli	x11,x20,0x1c	 x20:0x0000000e x11=0x00000000
        5775000	       576	80000480	d24ec697	auipc	x13,0xd24ec	 x13=0x524ec47c
        5785000	       577	80000484	90ae6b93	ori	x23,x28,-1782	 x28:0x00000000 x23=0xfffff90a
        5795000	       578	80000488	fc9adee3	bge	x21,x9,80000464	 x21:0xffffffff  x9:0xfffffff6
        5805000	       579	00000000	00000013	addi	x0,x0,0	  x0:0x00000000
        5815000	       580	80000460	00000013	addi	x0,x0,0	  x0:0x00000000
        5825000	       581	80000464	40008e33	sub	x28,x1,x0	  x1:0x00000000  x0:0x00000000 x28=0x00000000
        5835000	       582	80000468	3df872b7	lui	x5,0x3df87	  x5=0x3df87000
        5845000	       583	8000046c	ffca8a93	addi	x21,x21,-4	 x21:0xffffffff x21=0xfffffffb
        5855000	       584	80000470	2fc43c93	sltiu	x25,x8,764	  x8:0x00000001 x25=0x00000001
        5865000	       585	80000474	00000013	addi	x0,x0,0	  x0:0x00000000
        5875000	       586	80000478	006d95b3	sll	x11,x27,x6	 x27:0x0000000f  x6:0x80009f84 x11=0x000000f0
        5885000	       587	8000047c	01ca5593	srli	x11,x20,0x1c	 x20:0x0000000e x11=0x00000000
        5895000	       588	80000480	d24ec697	auipc	x13,0xd24ec	 x13=0x524ec47c
        5905000	       589	80000484	90ae6b93	ori	x23,x28,-1782	 x28:0x00000000 x23=0xfffff90a
        5915000	       590	80000488	fc9adee3	bge	x21,x9,80000464	 x21:0xfffffffb  x9:0xfffffff6
        5925000	       591	00000000	00000013	addi	x0,x0,0	  x0:0x00000000
        5935000	       592	80000460	00000013	addi	x0,x0,0	  x0:0x00000000
        5945000	       593	80000464	40008e33	sub	x28,x1,x0	  x1:0x00000000  x0:0x00000000 x28=0x00000000
        5955000	       594	80000468	3df872b7	lui	x5,0x3df87	  x5=0x3df87000
        5965000	       595	8000046c	ffca8a93	addi	x21,x21,-4	 x21:0xfffffffb x21=0xfffffff7
        5975000	       596	80000470	2fc43c93	sltiu	x25,x8,764	  x8:0x00000001 x25=0x00000001
        5985000	       597	80000474	00000013	addi	x0,x0,0	  x0:0x00000000
        5995000	       598	80000478	006d95b3	sll	x11,x27,x6	 x27:0x0000000f  x6:0x80009f84 x11=0x000000f0
        6005000	       599	8000047c	01ca5593	srli	x11,x20,0x1c	 x20:0x0000000e x11=0x00000000
        6015000	       600	80000480	d24ec697	auipc	x13,0xd24ec	 x13=0x524ec47c
        6025000	       601	80000484	90ae6b93	ori	x23,x28,-1782	 x28:0x00000000 x23=0xfffff90a
        6035000	       602	80000488	fc9adee3	bge	x21,x9,80000464	 x21:0xfffffff7  x9:0xfffffff6
        6045000	       603	00000000	00000013	addi	x0,x0,0	  x0:0x00000000
        6055000	       604	80000460	00000013	addi	x0,x0,0	  x0:0x00000000
        6065000	       605	80000464	40008e33	sub	x28,x1,x0	  x1:0x00000000  x0:0x00000000 x28=0x00000000
        6075000	       606	80000468	3df872b7	lui	x5,0x3df87	  x5=0x3df87000
        6085000	       607	8000046c	ffca8a93	addi	x21,x21,-4	 x21:0xfffffff7 x21=0xfffffff3
        6095000	       608	80000470	2fc43c93	sltiu	x25,x8,764	  x8:0x00000001 x25=0x00000001
        6105000	       609	80000474	00000013	addi	x0,x0,0	  x0:0x00000000
        6115000	       610	80000478	006d95b3	sll	x11,x27,x6	 x27:0x0000000f  x6:0x80009f84 x11=0x000000f0
        6125000	       611	8000047c	01ca5593	srli	x11,x20,0x1c	 x20:0x0000000e x11=0x00000000
        6135000	       612	80000480	d24ec697	auipc	x13,0xd24ec	 x13=0x524ec47c
        6145000	       613	80000484	90ae6b93	ori	x23,x28,-1782	 x28:0x00000000 x23=0xfffff90a
        6155000	       614	80000488	fc9adee3	bge	x21,x9,80000464	 x21:0xfffffff3  x9:0xfffffff6
        6165000	       615	8000048c	41a3d433	sra	x8,x7,x26	  x7:0xffffffff x26:0x80009fc4  x8=0xffffffff
        6175000	       616	80000490	00300c13	addi	x24,x0,3	  x0:0x00000000 x24=0x00000003
        6185000	       617	80000494	fef00a93	addi	x21,x0,-17	  x0:0x00000000 x21=0xffffffef
        6195000	       618	80000498	012a9813	slli	x16,x21,0x12	 x21:0xffffffef x16=0xffbc0000
        6205000	       619	8000049c	01130133	add	x2,x6,x17	  x6:0x80009f84 x17:0x00000000  x2=0x80009f84
        6215000	       620	800004a0	ff7c0c13	addi	x24,x24,-9	 x24:0x00000003 x24=0xfffffffa
        6225000	       621	800004a4	00000013	addi	x0,x0,0	  x0:0x00000000
        6235000	       622	800004a8	ff5c5ae3	bge	x24,x21,8000049c	 x24:0xfffffffa x21:0xffffffef
        6245000	       623	00000000	00000013	addi	x0,x0,0	  x0:0x00000000
        6255000	       624	80000498	00000013	addi	x0,x0,0	  x0:0x00000000
        6265000	       625	8000049c	01130133	add	x2,x6,x17	  x6:0x80009f84 x17:0x00000000  x2=0x80009f84
        6275000	       626	800004a0	ff7c0c13	addi	x24,x24,-9	 x24:0xfffffffa x24=0xfffffff1
        6285000	       627	800004a4	00000013	addi	x0,x0,0	  x0:0x00000000
        6295000	       628	800004a8	ff5c5ae3	bge	x24,x21,8000049c	 x24:0xfffffff1 x21:0xffffffef
        6305000	       629	00000000	00000013	addi	x0,x0,0	  x0:0x00000000
        6315000	       630	80000498	00000013	addi	x0,x0,0	  x0:0x00000000
        6325000	       631	8000049c	01130133	add	x2,x6,x17	  x6:0x80009f84 x17:0x00000000  x2=0x80009f84
        6335000	       632	800004a0	ff7c0c13	addi	x24,x24,-9	 x24:0xfffffff1 x24=0xffffffe8
        6345000	       633	800004a4	00000013	addi	x0,x0,0	  x0:0x00000000
        6355000	       634	800004a8	ff5c5ae3	bge	x24,x21,8000049c	 x24:0xffffffe8 x21:0xffffffef
        6365000	       635	800004ac	98727493	andi	x9,x4,-1657	  x4:0x00000000  x9=0x00000000
        6375000	       636	800004b0	ffd00413	addi	x8,x0,-3	  x0:0x00000000  x8=0xfffffffd
        6385000	       637	800004b4	3a3ee513	ori	x10,x29,931	 x29:0x97f58000 x10=0x97f583a3
        6395000	       638	800004b8	00fe47b3	xor	x15,x28,x15	 x28:0x00000000 x15:0x00000007 x15=0x00000007
        6405000	       639	800004bc	00d6c033	xor	x0,x13,x13	 x13:0x524ec47c x13:0x524ec47c
        6415000	       640	800004c0	0107e233	or	x4,x15,x16	 x15:0x00000007 x16:0xffbc0000  x4=0xffbc0007
        6425000	       641	800004c4	1fec3613	sltiu	x12,x24,510	 x24:0xffffffe8 x12=0x00000000
        6435000	       642	800004c8	a88fae13	slti	x28,x31,-1400	 x31:0x00000000 x28=0x00000000
        6445000	       643	800004cc	01000e93	addi	x29,x0,16	  x0:0x00000000 x29=0x00000010
        6455000	       644	800004d0	019e2b33	slt	x22,x28,x25	 x28:0x00000000 x25:0x00000001 x22=0x00000001
        6465000	       645	800004d4	f6dab097	auipc	x1,0xf6dab	  x1=0x76dab4d0
        6475000	       646	800004d8	0bb30013	addi	x0,x6,187	  x6:0x80009f84
        6485000	       647	800004dc	00540413	addi	x8,x8,5	  x8:0xfffffffd  x8=0x00000002
        6495000	       648	800004e0	00000013	addi	x0,x0,0	  x0:0x00000000
        6505000	       649	800004e4	01a85b33	srl	x22,x16,x26	 x16:0xffbc0000 x26:0x80009fc4 x22=0x0ffbc000
        6515000	       650	800004e8	4073dbb3	sra	x23,x7,x7	  x7:0xffffffff  x7:0xffffffff x23=0xffffffff
        6525000	       651	800004ec	00d49493	slli	x9,x9,0xd	  x9:0x00000000  x9=0x00000000
        6535000	       652	800004f0	41be5e33	sra	x28,x28,x27	 x28:0x00000000 x27:0x0000000f x28=0x00000000
        6545000	       653	800004f4	fdd44ee3	blt	x8,x29,800004d0	  x8:0x00000002 x29:0x00000010
        6555000	       654	00000000	00000013	addi	x0,x0,0	  x0:0x00000000
        6565000	       655	800004cc	00000013	addi	x0,x0,0	  x0:0x00000000
        6575000	       656	800004d0	019e2b33	slt	x22,x28,x25	 x28:0x00000000 x25:0x00000001 x22=0x00000001
        6585000	       657	800004d4	f6dab097	auipc	x1,0xf6dab	  x1=0x76dab4d0
        6595000	       658	800004d8	0bb30013	addi	x0,x6,187	  x6:0x80009f84
        6605000	       659	800004dc	00540413	addi	x8,x8,5	  x8:0x00000002  x8=0x00000007
        6615000	       660	800004e0	00000013	addi	x0,x0,0	  x0:0x00000000
        6625000	       661	800004e4	01a85b33	srl	x22,x16,x26	 x16:0xffbc0000 x26:0x80009fc4 x22=0x0ffbc000
        6635000	       662	800004e8	4073dbb3	sra	x23,x7,x7	  x7:0xffffffff  x7:0xffffffff x23=0xffffffff
        6645000	       663	800004ec	00d49493	slli	x9,x9,0xd	  x9:0x00000000  x9=0x00000000
        6655000	       664	800004f0	41be5e33	sra	x28,x28,x27	 x28:0x00000000 x27:0x0000000f x28=0x00000000
        6665000	       665	800004f4	fdd44ee3	blt	x8,x29,800004d0	  x8:0x00000007 x29:0x00000010
        6675000	       666	00000000	00000013	addi	x0,x0,0	  x0:0x00000000
        6685000	       667	800004cc	00000013	addi	x0,x0,0	  x0:0x00000000
        6695000	       668	800004d0	019e2b33	slt	x22,x28,x25	 x28:0x00000000 x25:0x00000001 x22=0x00000001
        6705000	       669	800004d4	f6dab097	auipc	x1,0xf6dab	  x1=0x76dab4d0
        6715000	       670	800004d8	0bb30013	addi	x0,x6,187	  x6:0x80009f84
        6725000	       671	800004dc	00540413	addi	x8,x8,5	  x8:0x00000007  x8=0x0000000c
        6735000	       672	800004e0	00000013	addi	x0,x0,0	  x0:0x00000000
        6745000	       673	800004e4	01a85b33	srl	x22,x16,x26	 x16:0xffbc0000 x26:0x80009fc4 x22=0x0ffbc000
        6755000	       674	800004e8	4073dbb3	sra	x23,x7,x7	  x7:0xffffffff  x7:0xffffffff x23=0xffffffff
        6765000	       675	800004ec	00d49493	slli	x9,x9,0xd	  x9:0x00000000  x9=0x00000000
        6775000	       676	800004f0	41be5e33	sra	x28,x28,x27	 x28:0x00000000 x27:0x0000000f x28=0x00000000
        6785000	       677	800004f4	fdd44ee3	blt	x8,x29,800004d0	  x8:0x0000000c x29:0x00000010
        6795000	       678	00000000	00000013	addi	x0,x0,0	  x0:0x00000000
        6805000	       679	800004cc	00000013	addi	x0,x0,0	  x0:0x00000000
        6815000	       680	800004d0	019e2b33	slt	x22,x28,x25	 x28:0x00000000 x25:0x00000001 x22=0x00000001
        6825000	       681	800004d4	f6dab097	auipc	x1,0xf6dab	  x1=0x76dab4d0
        6835000	       682	800004d8	0bb30013	addi	x0,x6,187	  x6:0x80009f84
        6845000	       683	800004dc	00540413	addi	x8,x8,5	  x8:0x0000000c  x8=0x00000011
        6855000	       684	800004e0	00000013	addi	x0,x0,0	  x0:0x00000000
        6865000	       685	800004e4	01a85b33	srl	x22,x16,x26	 x16:0xffbc0000 x26:0x80009fc4 x22=0x0ffbc000
        6875000	       686	800004e8	4073dbb3	sra	x23,x7,x7	  x7:0xffffffff  x7:0xffffffff x23=0xffffffff
        6885000	       687	800004ec	00d49493	slli	x9,x9,0xd	  x9:0x00000000  x9=0x00000000
        6895000	       688	800004f0	41be5e33	sra	x28,x28,x27	 x28:0x00000000 x27:0x0000000f x28=0x00000000
        6905000	       689	800004f4	fdd44ee3	blt	x8,x29,800004d0	  x8:0x00000011 x29:0x00000010
        6915000	       690	800004f8	6d1ca813	slti	x16,x25,1745	 x25:0x00000001 x16=0x00000001
        6925000	       691	800004fc	ffd00213	addi	x4,x0,-3	  x0:0x00000000  x4=0xfffffffd
        6935000	       692	80000500	00000013	addi	x0,x0,0	  x0:0x00000000
        6945000	       693	80000504	005d3db3	sltu	x27,x26,x5	 x26:0x80009fc4  x5:0x3df87000 x27=0x00000000
        6955000	       694	80000508	01a5ccb3	xor	x25,x11,x26	 x11:0x00000000 x26:0x80009fc4 x25=0x80009fc4
        6965000	       695	8000050c	63737e93	andi	x29,x6,1591	  x6:0x80009f84 x29=0x00000604
        6975000	       696	80000510	005a05b3	add	x11,x20,x5	 x20:0x0000000e  x5:0x3df87000 x11=0x3df8700e
        6985000	       697	80000514	c9f8e593	ori	x11,x17,-865	 x17:0x00000000 x11=0xfffffc9f
        6995000	       698	80000518	0140bcb3	sltu	x25,x1,x20	  x1:0x76dab4d0 x20:0x0000000e x25=0x00000000
        7005000	       699	8000051c	00325813	srli	x16,x4,0x3	  x4:0xfffffffd x16=0x1fffffff
        7015000	       700	80000520	ff300893	addi	x17,x0,-13	  x0:0x00000000 x17=0xfffffff3
        7025000	       701	80000524	60f8a0b7	lui	x1,0x60f8a	  x1=0x60f8a000
        7035000	       702	80000528	5be30093	addi	x1,x6,1470	  x6:0x80009f84  x1=0x8000a542
        7045000	       703	8000052c	01fbe7b3	or	x15,x23,x31	 x23:0xffffffff x31:0x00000000 x15=0xffffffff
        7055000	       704	80000530	00a5b6b3	sltu	x13,x11,x10	 x11:0xfffffc9f x10:0x97f583a3 x13=0x00000000
        7065000	       705	80000534	37d26813	ori	x16,x4,893	  x4:0xfffffffd x16=0xfffffffd
        7075000	       706	80000538	00a65933	srl	x18,x12,x10	 x12:0x00000000 x10:0x97f583a3 x18=0x00000000
        7085000	       707	8000053c	981e7c13	andi	x24,x28,-1663	 x28:0x00000000 x24=0x00000000
        7095000	       708	80000540	ff620213	addi	x4,x4,-10	  x4:0xfffffffd  x4=0xfffffff3
        7105000	       709	80000544	407f03b3	sub	x7,x30,x7	 x30:0x600ec00b  x7:0xffffffff  x7=0x600ec00c
        7115000	       710	80000548	00000013	addi	x0,x0,0	  x0:0x00000000
        7125000	       711	8000054c	829993b7	lui	x7,0x82999	  x7=0x82999000
        7135000	       712	80000550	40c85093	srai	x1,x16,0xc	 x16:0xfffffffd  x1=0xffffffff
        7145000	       713	80000554	01d5d1b3	srl	x3,x11,x29	 x11:0xfffffc9f x29:0x00000604  x3=0x0fffffc9
        7155000	       714	80000558	408b8cb3	sub	x25,x23,x8	 x23:0xffffffff  x8:0x00000011 x25=0xffffffee
        7165000	       715	8000055c	fd121ce3	bne	x4,x17,80000534	  x4:0xfffffff3 x17:0xfffffff3
        7175000	       716	80000560	00beedb3	or	x27,x29,x11	 x29:0x00000604 x11:0xfffffc9f x27=0xfffffe9f
        7185000	       717	80000564	41725793	srai	x15,x4,0x17	  x4:0xfffffff3 x15=0xffffffff
        7195000	       718	80000568	00000013	addi	x0,x0,0	  x0:0x00000000
        7205000	       719	8000056c	03166e63	bltu	x12,x17,800005a8	 x12:0x00000000 x17:0xfffffff3
        7215000	       720	00000000	00000013	addi	x0,x0,0	  x0:0x00000000
        7225000	       721	800005a4	00000013	addi	x0,x0,0	  x0:0x00000000
        7235000	       722	800005a8	01ba0c33	add	x24,x20,x27	 x20:0x0000000e x27:0xfffffe9f x24=0xfffffead
        7245000	       723	800005ac	ba584993	xori	x19,x16,-1115	 x16:0xfffffffd x19=0x00000458
        7255000	       724	800005b0	026bee63	bltu	x23,x6,800005ec	 x23:0xffffffff  x6:0x80009f84
        7265000	       725	800005b4	0089e433	or	x8,x19,x8	 x19:0x00000458  x8:0x00000011  x8=0x00000459
        7275000	       726	800005b8	00afe533	or	x10,x31,x10	 x31:0x00000000 x10:0x97f583a3 x10=0x97f583a3
        7285000	       727	800005bc	41ea5b33	sra	x22,x20,x30	 x20:0x0000000e x30:0x600ec00b x22=0x00000000
        7295000	       728	800005c0	00dd1493	slli	x9,x26,0xd	 x26:0x80009fc4  x9=0x13f88000
        7305000	       729	800005c4	c2cc30b7	lui	x1,0xc2cc3	  x1=0xc2cc3000
        7315000	       730	800005c8	52ec08b7	lui	x17,0x52ec0	 x17=0x52ec0000
        7325000	       731	800005cc	41c05cb3	sra	x25,x0,x28	  x0:0x00000000 x28:0x00000000 x25=0x00000000
        7335000	       732	800005d0	8b390e13	addi	x28,x18,-1869	 x18:0x00000000 x28=0xfffff8b3
        7345000	       733	800005d4	007654b3	srl	x9,x12,x7	 x12:0x00000000  x7:0x82999000  x9=0x00000000
        7355000	       734	800005d8	040e5263	bge	x28,x0,8000061c	 x28:0xfffff8b3  x0:0x00000000
        7365000	       735	800005dc	aa112093	slti	x1,x2,-1375	  x2:0x80009f84  x1=0x00000001
        7375000	       736	800005e0	d09c0413	addi	x8,x24,-759	 x24:0xfffffead  x8=0xfffffbb6
        7385000	       737	800005e4	00d6b233	sltu	x4,x13,x13	 x13:0x00000000 x13:0x00000000  x4=0x00000000
        7395000	       738	800005e8	006a9a63	bne	x21,x6,800005fc	 x21:0xffffffef  x6:0x80009f84
        7405000	       739	00000000	00000013	addi	x0,x0,0	  x0:0x00000000
        7415000	       740	800005f8	00000013	addi	x0,x0,0	  x0:0x00000000
        7425000	       741	800005fc	0172f433	and	x8,x5,x23	  x5:0x3df87000 x23:0xffffffff  x8=0x3df87000
        7435000	       742	80000600	00052933	slt	x18,x10,x0	 x10:0x97f583a3  x0:0x00000000 x18=0x00000001
        7445000	       743	80000604	a12f8293	addi	x5,x31,-1518	 x31:0x00000000  x5=0xfffffa12
        7455000	       744	80000608	2b140897	auipc	x17,0x2b140	 x17=0xab140604
        7465000	       745	8000060c	008574b3	and	x9,x10,x8	 x10:0x97f583a3  x8:0x3df87000  x9=0x15f00000
        7475000	       746	80000610	2c607097	auipc	x1,0x2c607	  x1=0xac60760c
        7485000	       747	80000614	827c3d93	sltiu	x27,x24,-2009	 x24:0xfffffead x27=0x00000000
        7495000	       748	80000618	02376063	bltu	x14,x3,80000638	 x14:0x00000000  x3:0x0fffffc9
        7505000	       749	00000000	00000013	addi	x0,x0,0	  x0:0x00000000
        7515000	       750	80000634	00000013	addi	x0,x0,0	  x0:0x00000000
        7525000	       751	80000638	01364c63	blt	x12,x19,80000650	 x12:0x00000000 x19:0x00000458
        7535000	       752	00000000	00000013	addi	x0,x0,0	  x0:0x00000000
        7545000	       753	8000064c	00000013	addi	x0,x0,0	  x0:0x00000000
        7555000	       754	80000650	010d5013	srli	x0,x26,0x10	 x26:0x80009fc4
        7565000	       755	80000654	01b41433	sll	x8,x8,x27	  x8:0x3df87000 x27:0x00000000  x8=0x3df87000
        7575000	       756	80000658	41b3d913	srai	x18,x7,0x1b	  x7:0x82999000 x18=0xfffffff0
        7585000	       757	8000065c	05d3d263	bge	x7,x29,800006a0	  x7:0x82999000 x29:0x00000604
        7595000	       758	80000660	0181cbb3	xor	x23,x3,x24	  x3:0x0fffffc9 x24:0xfffffead x23=0xf0000164
        7605000	       759	80000664	01e09513	slli	x10,x1,0x1e	  x1:0xac60760c x10=0x00000000
        7615000	       760	80000668	406f8bb3	sub	x23,x31,x6	 x31:0x00000000  x6:0x80009f84 x23=0x7fff607c
        7625000	       761	8000066c	0c022413	slti	x8,x4,192	  x4:0x00000000  x8=0x00000001
        7635000	       762	80000670	01e80e63	beq	x16,x30,8000068c	 x16:0xfffffffd x30:0x600ec00b
        7645000	       763	80000674	01696463	bltu	x18,x22,8000067c	 x18:0xfffffff0 x22:0x00000000
        7655000	       764	80000678	01ae91b3	sll	x3,x29,x26	 x29:0x00000604 x26:0x80009fc4  x3=0x00006040
        7665000	       765	8000067c	031fd463	bge	x31,x17,800006a4	 x31:0x00000000 x17:0xab140604
        7675000	       766	00000000	00000013	addi	x0,x0,0	  x0:0x00000000
        7685000	       767	800006a0	00000013	addi	x0,x0,0	  x0:0x00000000
        7695000	       768	800006a4	000674b3	and	x9,x12,x0	 x12:0x00000000  x0:0x00000000  x9=0x00000000
        7705000	       769	800006a8	05d6d263	bge	x13,x29,800006ec	 x13:0x00000000 x29:0x00000604
        7715000	       770	800006ac	00aec533	xor	x10,x29,x10	 x29:0x00000604 x10:0x00000000 x10=0x00000604
        7725000	       771	800006b0	00fe9a93	slli	x21,x29,0xf	 x29:0x00000604 x21=0x03020000
        7735000	       772	800006b4	002e5793	srli	x15,x28,0x2	 x28:0xfffff8b3 x15=0x3ffffe2c
        7745000	       773	800006b8	00d41a63	bne	x8,x13,800006cc	  x8:0x00000001 x13:0x00000000
        7755000	       774	00000000	00000013	addi	x0,x0,0	  x0:0x00000000
        7765000	       775	800006c8	00000013	addi	x0,x0,0	  x0:0x00000000
        7775000	       776	800006cc	01d9b0b3	sltu	x1,x19,x29	 x19:0x00000458 x29:0x00000604  x1=0x00000001
        7785000	       777	800006d0	01a32db3	slt	x27,x6,x26	  x6:0x80009f84 x26:0x80009fc4 x27=0x00000001
        7795000	       778	800006d4	00081eb3	sll	x29,x16,x0	 x16:0xfffffffd  x0:0x00000000 x29=0xfffffffd
        7805000	       779	800006d8	40985633	sra	x12,x16,x9	 x16:0xfffffffd  x9:0x00000000 x12=0xfffffffd
        7815000	       780	800006dc	41d9c593	xori	x11,x19,1053	 x19:0x00000458 x11=0x00000045
        7825000	       781	800006e0	016c3933	sltu	x18,x24,x22	 x24:0xfffffead x22:0x00000000 x18=0x00000000
        7835000	       782	800006e4	00ea1493	slli	x9,x20,0xe	 x20:0x0000000e  x9=0x00038000
        7845000	       783	800006e8	41e15e33	sra	x28,x2,x30	  x2:0x80009f84 x30:0x600ec00b x28=0xfff00013
        7855000	       784	800006ec	77a8f793	andi	x15,x17,1914	 x17:0xab140604 x15=0x00000600
        7865000	       785	800006f0	29fbbb93	sltiu	x23,x23,671	 x23:0x7fff607c x23=0x00000000
        7875000	       786	800006f4	f34a2693	slti	x13,x20,-204	 x20:0x0000000e x13=0x00000000
        7885000	       787	800006f8	00000013	addi	x0,x0,0	  x0:0x00000000
        7895000	       788	800006fc	f05dfb13	andi	x22,x27,-251	 x27:0x00000001 x22=0x00000001
        7905000	       789	80000700	40885393	srai	x7,x16,0x8	 x16:0xfffffffd  x7=0xffffffff
        7915000	       790	80000704	00e12db3	slt	x27,x2,x14	  x2:0x80009f84 x14:0x00000000 x27=0x00000001
        7925000	       791	80000708	01c3d213	srli	x4,x7,0x1c	  x7:0xffffffff  x4=0x0000000f
        7935000	       792	8000070c	7f4a2717	auipc	x14,0x7f4a2	 x14=0xff4a2708
        7945000	       793	80000710	04adf463	bgeu	x27,x10,80000758	 x27:0x00000001 x10:0x00000604
        7955000	       794	80000714	02a69e63	bne	x13,x10,80000750	 x13:0x00000000 x10:0x00000604
        7965000	       795	00000000	00000013	addi	x0,x0,0	  x0:0x00000000
        7975000	       796	8000074c	00000013	addi	x0,x0,0	  x0:0x00000000
        7985000	       797	80000750	01f81633	sll	x12,x16,x31	 x16:0xfffffffd x31:0x00000000 x12=0xfffffffd
        7995000	       798	80000754	41e05813	srai	x16,x0,0x1e	  x0:0x00000000 x16=0x00000000
        8005000	       799	80000758	01a717b3	sll	x15,x14,x26	 x14:0xff4a2708 x26:0x80009fc4 x15=0xf4a27080
        8015000	       800	8000075c	00800393	addi	x7,x0,8	  x0:0x00000000  x7=0x00000008
        8025000	       801	80000760	00700f13	addi	x30,x0,7	  x0:0x00000000 x30=0x00000007
        8035000	       802	80000764	538a9237	lui	x4,0x538a9	  x4=0x538a9000
        8045000	       803	80000768	0158e433	or	x8,x17,x21	 x17:0xab140604 x21:0x03020000  x8=0xab160604
        8055000	       804	8000076c	ffa38393	addi	x7,x7,-6	  x7:0x00000008  x7=0x00000002
        8065000	       805	80000770	408608b3	sub	x17,x12,x8	 x12:0xfffffffd  x8:0xab160604 x17=0x54e9f9f9
        8075000	       806	80000774	003edc93	srli	x25,x29,0x3	 x29:0xfffffffd x25=0x1fffffff
        8085000	       807	80000778	00500913	addi	x18,x0,5	  x0:0x00000000 x18=0x00000005
        8095000	       808	8000077c	00300613	addi	x12,x0,3	  x0:0x00000000 x12=0x00000003
        8105000	       809	80000780	2906c293	xori	x5,x13,656	 x13:0x00000000  x5=0x00000290
        8115000	       810	80000784	40828a33	sub	x20,x5,x8	  x5:0x00000290  x8:0xab160604 x20=0x54e9fc8c
        8125000	       811	80000788	ffe90913	addi	x18,x18,-2	 x18:0x00000005 x18=0x00000003
        8135000	       812	8000078c	00ced793	srli	x15,x29,0xc	 x29:0xfffffffd x15=0x000fffff
        8145000	       813	80000790	fec97ae3	bgeu	x18,x12,80000784	 x18:0x00000003 x12:0x00000003
        8155000	       814	00000000	00000013	addi	x0,x0,0	  x0:0x00000000
        8165000	       815	80000780	00000013	addi	x0,x0,0	  x0:0x00000000
        8175000	       816	80000784	40828a33	sub	x20,x5,x8	  x5:0x00000290  x8:0xab160604 x20=0x54e9fc8c
        8185000	       817	80000788	ffe90913	addi	x18,x18,-2	 x18:0x00000003 x18=0x00000001
        8195000	       818	8000078c	00ced793	srli	x15,x29,0xc	 x29:0xfffffffd x15=0x000fffff
        8205000	       819	80000790	fec97ae3	bgeu	x18,x12,80000784	 x18:0x00000001 x12:0x00000003
        8215000	       820	80000794	fde3f8e3	bgeu	x7,x30,80000764	  x7:0x00000002 x30:0x00000007
        8225000	       821	80000798	01cbd593	srli	x11,x23,0x1c	 x23:0x00000000 x11=0x00000000
        8235000	       822	8000079c	01b704b3	add	x9,x14,x27	 x14:0xff4a2708 x27:0x00000001  x9=0xff4a2709
        8245000	       823	800007a0	be27cc93	xori	x25,x15,-1054	 x15:0x000fffff x25=0xfff0041d
        8255000	       824	800007a4	018c8e63	beq	x25,x24,800007c0	 x25:0xfff0041d x24:0xfffffead
        8265000	       825	800007a8	00aae0b3	or	x1,x21,x10	 x21:0x03020000 x10:0x00000604  x1=0x03020604
        8275000	       826	800007ac	00625693	srli	x13,x4,0x6	  x4:0x538a9000 x13=0x014e2a40
        8285000	       827	800007b0	013ad633	srl	x12,x21,x19	 x21:0x03020000 x19:0x00000458 x12=0x00000003
        8295000	       828	800007b4	6e1f0213	addi	x4,x30,1761	 x30:0x00000007  x4=0x000006e8
        8305000	       829	800007b8	26f71397	auipc	x7,0x26f71	  x7=0xa6f717b4
        8315000	       830	800007bc	84e0b7b7	lui	x15,0x84e0b	 x15=0x84e0b000
        8325000	       831	800007c0	03c64a63	blt	x12,x28,800007f4	 x12:0x00000003 x28:0xfff00013
        8335000	       832	800007c4	9a532c13	slti	x24,x6,-1627	  x6:0x80009f84 x24=0x00000001
        8345000	       833	800007c8	362a2b93	slti	x23,x20,866	 x20:0x54e9fc8c x23=0x00000000
        8355000	       834	800007cc	00c15e33	srl	x28,x2,x12	  x2:0x80009f84 x12:0x00000003 x28=0x100013f0
        8365000	       835	800007d0	00cda633	slt	x12,x27,x12	 x27:0x00000001 x12:0x00000003 x12=0x00000001
        8375000	       836	800007d4	013247b3	xor	x15,x4,x19	  x4:0x000006e8 x19:0x00000458 x15=0x000002b0
        8385000	       837	800007d8	00000013	addi	x0,x0,0	  x0:0x00000000
        8395000	       838	800007dc	00aa78b3	and	x17,x20,x10	 x20:0x54e9fc8c x10:0x00000604 x17=0x00000404
        8405000	       839	800007e0	057ee663	bltu	x29,x23,8000082c	 x29:0xfffffffd x23:0x00000000
        8415000	       840	800007e4	a4a2e993	ori	x19,x5,-1462	  x5:0x00000290 x19=0xfffffada
        8425000	       841	800007e8	016666b3	or	x13,x12,x22	 x12:0x00000001 x22:0x00000001 x13=0x00000001
        8435000	       842	800007ec	4135d513	srai	x10,x11,0x13	 x11:0x00000000 x10=0x00000000
        8445000	       843	800007f0	0bf3d617	auipc	x12,0xbf3d	 x12=0x8bf3d7ec
        8455000	       844	800007f4	414ed613	srai	x12,x29,0x14	 x29:0xfffffffd x12=0xffffffff
        8465000	       845	800007f8	609aca13	xori	x20,x21,1545	 x21:0x03020000 x20=0x03020609
        8475000	       846	800007fc	00f99e93	slli	x29,x19,0xf	 x19:0xfffffada x29=0xfd6d0000
        8485000	       847	80000800	014010b3	sll	x1,x0,x20	  x0:0x00000000 x20:0x03020609  x1=0x00000000
        8495000	       848	80000804	041e8663	beq	x29,x1,80000850	 x29:0xfd6d0000  x1:0x00000000
        8505000	       849	80000808	02689e63	bne	x17,x6,80000844	 x17:0x00000404  x6:0x80009f84
        8515000	       850	00000000	00000013	addi	x0,x0,0	  x0:0x00000000
        8525000	       851	80000840	00000013	addi	x0,x0,0	  x0:0x00000000
        8535000	       852	80000844	403002b3	sub	x5,x0,x3	  x0:0x00000000  x3:0x00006040  x5=0xffff9fc0
        8545000	       853	80000848	7dcf4893	xori	x17,x30,2012	 x30:0x00000007 x17=0x000007db
        8555000	       854	8000084c	88618f13	addi	x30,x3,-1914	  x3:0x00006040 x30=0x000058c6
        8565000	       855	80000850	01d180b3	add	x1,x3,x29	  x3:0x00006040 x29:0xfd6d0000  x1=0xfd6d6040
        8575000	       856	80000854	01d29293	slli	x5,x5,0x1d	  x5:0xffff9fc0  x5=0x00000000
        8585000	       857	80000858	05cb4663	blt	x22,x28,800008a4	 x22:0x00000001 x28:0x100013f0
        8595000	       858	00000000	00000013	addi	x0,x0,0	  x0:0x00000000
        8605000	       859	800008a0	00000013	addi	x0,x0,0	  x0:0x00000000
        8615000	       860	800008a4	008984b3	add	x9,x19,x8	 x19:0xfffffada  x8:0xab160604  x9=0xab1600de
        8625000	       861	800008a8	67ea7993	andi	x19,x20,1662	 x20:0x03020609 x19=0x00000608
        8635000	       862	800008ac	01adeeb3	or	x29,x27,x26	 x27:0x00000001 x26:0x80009fc4 x29=0x80009fc5
        8645000	       863	800008b0	52ede393	ori	x7,x27,1326	 x27:0x00000001  x7=0x0000052f
        8655000	       864	800008b4	03ee7863	bgeu	x28,x30,800008e4	 x28:0x100013f0 x30:0x000058c6
        8665000	       865	00000000	00000013	addi	x0,x0,0	  x0:0x00000000
        8675000	       866	800008e0	00000013	addi	x0,x0,0	  x0:0x00000000
        8685000	       867	800008e4	02119c63	bne	x3,x1,8000091c	  x3:0x00006040  x1:0xfd6d6040
        8695000	       868	00000000	00000013	addi	x0,x0,0	  x0:0x00000000
        8705000	       869	80000918	00000013	addi	x0,x0,0	  x0:0x00000000
        8715000	       870	8000091c	cbc9b3b7	lui	x7,0xcbc9b	  x7=0xcbc9b000
        8725000	       871	80000920	f9a83b97	auipc	x23,0xf9a83	 x23=0x79a8391c
        8735000	       872	80000924	00605113	srli	x2,x0,0x6	  x0:0x00000000  x2=0x00000000
        8745000	       873	80000928	63d5f193	andi	x3,x11,1597	 x11:0x00000000  x3=0x00000000
        8755000	       874	8000092c	01eff8b3	and	x17,x31,x30	 x31:0x00000000 x30:0x000058c6 x17=0x00000000
        8765000	       875	80000930	019103b3	add	x7,x2,x25	  x2:0x00000000 x25:0xfff0041d  x7=0xfff0041d
        8775000	       876	80000934	01c47733	and	x14,x8,x28	  x8:0xab160604 x28:0x100013f0 x14=0x00000200
        8785000	       877	80000938	d07a8b13	addi	x22,x21,-761	 x21:0x03020000 x22=0x0301fd07
        8795000	       878	8000093c	00255b33	srl	x22,x10,x2	 x10:0x00000000  x2:0x00000000 x22=0x00000000
        8805000	       879	80000940	00ebd833	srl	x16,x23,x14	 x23:0x79a8391c x14:0x00000200 x16=0x79a8391c
        8815000	       880	80000944	40af82b3	sub	x5,x31,x10	 x31:0x00000000 x10:0x00000000  x5=0x00000000
        8825000	       881	80000948	013aa933	slt	x18,x21,x19	 x21:0x03020000 x19:0x00000608 x18=0x00000000
        8835000	       882	8000094c	01c2b1b3	sltu	x3,x5,x28	  x5:0x00000000 x28:0x100013f0  x3=0x00000001
        8845000	       883	80000950	861da113	slti	x2,x27,-1951	 x27:0x00000001  x2=0x00000000
        8855000	       884	80000954	01012733	slt	x14,x2,x16	  x2:0x00000000 x16:0x79a8391c x14=0x00000001
        8865000	       885	80000958	002a4ab3	xor	x21,x20,x2	 x20:0x03020609  x2:0x00000000 x21=0x03020609
        8875000	       886	8000095c	00000013	addi	x0,x0,0	  x0:0x00000000
        8885000	       887	80000960	455ace93	xori	x29,x21,1109	 x21:0x03020609 x29=0x0302025c
        8895000	       888	80000964	00d969b3	or	x19,x18,x13	 x18:0x00000000 x13:0x00000001 x19=0x00000001
        8905000	       889	80000968	1e737893	andi	x17,x6,487	  x6:0x80009f84 x17=0x00000184
        8915000	       890	8000096c	00f09a63	bne	x1,x15,80000980	  x1:0xfd6d6040 x15:0x000002b0
        8925000	       891	00000000	00000013	addi	x0,x0,0	  x0:0x00000000
        8935000	       892	8000097c	00000013	addi	x0,x0,0	  x0:0x00000000
        8945000	       893	80000980	01bda833	slt	x16,x27,x27	 x27:0x00000001 x27:0x00000001 x16=0x00000000
        8955000	       894	80000984	40e508b3	sub	x17,x10,x14	 x10:0x00000000 x14:0x00000001 x17=0xffffffff
        8965000	       895	80000988	0063d193	srli	x3,x7,0x6	  x7:0xfff0041d  x3=0x03ffc010
        8975000	       896	8000098c	d6947697	auipc	x13,0xd6947	 x13=0x56947988
        8985000	       897	80000990	02cf1463	bne	x30,x12,800009b8	 x30:0x000058c6 x12:0xffffffff
        8995000	       898	00000000	00000013	addi	x0,x0,0	  x0:0x00000000
        9005000	       899	800009b4	00000013	addi	x0,x0,0	  x0:0x00000000
        9015000	       900	800009b8	011631b3	sltu	x3,x12,x17	 x12:0xffffffff x17:0xffffffff  x3=0x00000000
        9025000	       901	800009bc	2658e213	ori	x4,x17,613	 x17:0xffffffff  x4=0xffffffff
        9035000	       902	800009c0	40f05993	srai	x19,x0,0xf	  x0:0x00000000 x19=0x00000000
        9045000	       903	800009c4	008a9b33	sll	x22,x21,x8	 x21:0x03020609  x8:0xab160604 x22=0x30206090
        9055000	       904	800009c8	001f5613	srli	x12,x30,0x1	 x30:0x000058c6 x12=0x00002c63
        9065000	       905	800009cc	0181d0b3	srl	x1,x3,x24	  x3:0x00000000 x24:0x00000001  x1=0x00000000
        9075000	       906	800009d0	01136933	or	x18,x6,x17	  x6:0x80009f84 x17:0xffffffff x18=0xffffffff
        9085000	       907	800009d4	011ad0b3	srl	x1,x21,x17	 x21:0x03020609 x17:0xffffffff  x1=0x00000000
        9095000	       908	800009d8	0097f6b3	and	x13,x15,x9	 x15:0x000002b0  x9:0xab1600de x13=0x00000090
        9105000	       909	800009dc	015029b3	slt	x19,x0,x21	  x0:0x00000000 x21:0x03020609 x19=0x00000001
        9115000	       910	800009e0	40e95c13	srai	x24,x18,0xe	 x18:0xffffffff x24=0xffffffff
        9125000	       911	800009e4	03a0fa63	bgeu	x1,x26,80000a18	  x1:0x00000000 x26:0x80009fc4
        9135000	       912	800009e8	01e331b3	sltu	x3,x6,x30	  x6:0x80009f84 x30:0x000058c6  x3=0x00000000
        9145000	       913	800009ec	05dff463	bgeu	x31,x29,80000a34	 x31:0x00000000 x29:0x0302025c
        9155000	       914	800009f0	01a6ccb3	xor	x25,x13,x26	 x13:0x00000090 x26:0x80009fc4 x25=0x80009f54
        9165000	       915	800009f4	000c1413	slli	x8,x24,0x0	 x24:0xffffffff  x8=0xffffffff
        9175000	       916	800009f8	40f65e13	srai	x28,x12,0xf	 x12:0x00002c63 x28=0x00000000
        9185000	       917	800009fc	40b60633	sub	x12,x12,x11	 x12:0x00002c63 x11:0x00000000 x12=0x00002c63
        9195000	       918	80000a00	00b15713	srli	x14,x2,0xb	  x2:0x00000000 x14=0x00000000
        9205000	       919	80000a04	00924e33	xor	x28,x4,x9	  x4:0xffffffff  x9:0xab1600de x28=0x54e9ff21
        9215000	       920	80000a08	3b782713	slti	x14,x16,951	 x16:0x00000000 x14=0x00000001
        9225000	       921	80000a0c	0015a7b3	slt	x15,x11,x1	 x11:0x00000000  x1:0x00000000 x15=0x00000000
        9235000	       922	80000a10	0468f063	bgeu	x17,x6,80000a50	 x17:0xffffffff  x6:0x80009f84
        9245000	       923	00000000	00000013	addi	x0,x0,0	  x0:0x00000000
        9255000	       924	80000a4c	00000013	addi	x0,x0,0	  x0:0x00000000
        9265000	       925	80000a50	01ae17b3	sll	x15,x28,x26	 x28:0x54e9ff21 x26:0x80009fc4 x15=0x4e9ff210
        9275000	       926	80000a54	559a7013	andi	x0,x20,1369	 x20:0x03020609
        9285000	       927	80000a58	008e0633	add	x12,x28,x8	 x28:0x54e9ff21  x8:0xffffffff x12=0x54e9ff20
        9295000	       928	80000a5c	7eec6193	ori	x3,x24,2030	 x24:0xffffffff  x3=0xffffffff
        9305000	       929	80000a60	0108b033	sltu	x0,x17,x16	 x17:0xffffffff x16:0x00000000
        9315000	       930	80000a64	0139fa63	bgeu	x19,x19,80000a78	 x19:0x00000001 x19:0x00000001
        9325000	       931	00000000	00000013	addi	x0,x0,0	  x0:0x00000000
        9335000	       932	80000a74	00000013	addi	x0,x0,0	  x0:0x00000000
        9345000	       933	80000a78	003a74b3	and	x9,x20,x3	 x20:0x03020609  x3:0xffffffff  x9=0x03020609
        9355000	       934	80000a7c	ffcb8e93	addi	x29,x23,-4	 x23:0x79a8391c x29=0x79a83918
        9365000	       935	80000a80	03c66c63	bltu	x12,x28,80000ab8	 x12:0x54e9ff20 x28:0x54e9ff21
        9375000	       936	00000000	00000013	addi	x0,x0,0	  x0:0x00000000
        9385000	       937	80000ab4	00000013	addi	x0,x0,0	  x0:0x00000000
        9395000	       938	80000ab8	03621a63	bne	x4,x22,80000aec	  x4:0xffffffff x22:0x30206090
        9405000	       939	00000000	00000013	addi	x0,x0,0	  x0:0x00000000
        9415000	       940	80000ae8	00000013	addi	x0,x0,0	  x0:0x00000000
        9425000	       941	80000aec	01c8e4b3	or	x9,x17,x28	 x17:0xffffffff x28:0x54e9ff21  x9=0xffffffff
        9435000	       942	80000af0	f7b0b813	sltiu	x16,x1,-133	  x1:0x00000000 x16=0x00000001
        9445000	       943	80000af4	00d79133	sll	x2,x15,x13	 x15:0x4e9ff210 x13:0x00000090  x2=0xf2100000
        9455000	       944	80000af8	04c16663	bltu	x2,x12,80000b44	  x2:0xf2100000 x12:0x54e9ff20
        9465000	       945	80000afc	00eac133	xor	x2,x21,x14	 x21:0x03020609 x14:0x00000001  x2=0x03020608
        9475000	       946	80000b00	01e89013	slli	x0,x17,0x1e	 x17:0xffffffff
        9485000	       947	80000b04	575d3893	sltiu	x17,x26,1397	 x26:0x80009fc4 x17=0x00000000
        9495000	       948	80000b08	00298933	add	x18,x19,x2	 x19:0x00000001  x2:0x03020608 x18=0x03020609
        9505000	       949	80000b0c	00d39493	slli	x9,x7,0xd	  x7:0xfff0041d  x9=0x0083a000
        9515000	       950	80000b10	0b8fa813	slti	x16,x31,184	 x31:0x00000000 x16=0x00000001
        9525000	       951	80000b14	40d85233	sra	x4,x16,x13	 x16:0x00000001 x13:0x00000090  x4=0x00000000
        9535000	       952	80000b18	03a00a63	beq	x0,x26,80000b4c	  x0:0x00000000 x26:0x80009fc4
        9545000	       953	80000b1c	00dfb933	sltu	x18,x31,x13	 x31:0x00000000 x13:0x00000090 x18=0x00000001
        9555000	       954	80000b20	02520c63	beq	x4,x5,80000b58	  x4:0x00000000  x5:0x00000000
        9565000	       955	00000000	00000013	addi	x0,x0,0	  x0:0x00000000
        9575000	       956	80000b54	00000013	addi	x0,x0,0	  x0:0x00000000
        9585000	       957	80000b58	03dd0c63	beq	x26,x29,80000b90	 x26:0x80009fc4 x29:0x79a83918
        9595000	       958	80000b5c	36155417	auipc	x8,0x36155	  x8=0xb6155b58
        9605000	       959	80000b60	7016d7b7	lui	x15,0x7016d	 x15=0x7016d000
        9615000	       960	80000b64	014e91b3	sll	x3,x29,x20	 x29:0x79a83918 x20:0x03020609  x3=0x50723000
        9625000	       961	80000b68	3939f413	andi	x8,x19,915	 x19:0x00000001  x8=0x00000001
        9635000	       962	80000b6c	00000013	addi	x0,x0,0	  x0:0x00000000
        9645000	       963	80000b70	03679863	bne	x15,x22,80000ba0	 x15:0x7016d000 x22:0x30206090
        9655000	       964	00000000	00000013	addi	x0,x0,0	  x0:0x00000000
        9665000	       965	80000b9c	00000013	addi	x0,x0,0	  x0:0x00000000
        9675000	       966	80000ba0	001a3f33	sltu	x30,x20,x1	 x20:0x03020609  x1:0x00000000 x30=0x00000000
        9685000	       967	80000ba4	41615533	sra	x10,x2,x22	  x2:0x03020608 x22:0x30206090 x10=0x00000302
        9695000	       968	80000ba8	02c4fe63	bgeu	x9,x12,80000be4	  x9:0x0083a000 x12:0x54e9ff20
        9705000	       969	80000bac	017c7233	and	x4,x24,x23	 x24:0xffffffff x23:0x79a8391c  x4=0x79a8391c
        9715000	       970	80000bb0	88fdf613	andi	x12,x27,-1905	 x27:0x00000001 x12=0x00000001
        9725000	       971	80000bb4	016085b3	add	x11,x1,x22	  x1:0x00000000 x22:0x30206090 x11=0x30206090
        9735000	       972	80000bb8	40110e33	sub	x28,x2,x1	  x2:0x03020608  x1:0x00000000 x28=0x03020608
        9745000	       973	80000bbc	04c38663	beq	x7,x12,80000c08	  x7:0xfff0041d x12:0x00000001
        9755000	       974	80000bc0	41b00a33	sub	x20,x0,x27	  x0:0x00000000 x27:0x00000001 x20=0xffffffff
        9765000	       975	80000bc4	e1dcc613	xori	x12,x25,-483	 x25:0x80009f54 x12=0x7fff6149
        9775000	       976	80000bc8	018b2533	slt	x10,x22,x24	 x22:0x30206090 x24:0xffffffff x10=0x00000000
        9785000	       977	80000bcc	00ffe033	or	x0,x31,x15	 x31:0x00000000 x15:0x7016d000
        9795000	       978	80000bd0	017f1193	slli	x3,x30,0x17	 x30:0x00000000  x3=0x00000000
        9805000	       979	80000bd4	00005213	srli	x4,x0,0x0	  x0:0x00000000  x4=0x00000000
        9815000	       980	80000bd8	01b39793	slli	x15,x7,0x1b	  x7:0xfff0041d x15=0xe8000000
        9825000	       981	80000bdc	1cd2f513	andi	x10,x5,461	  x5:0x00000000 x10=0x00000000
        9835000	       982	80000be0	40e28b33	sub	x22,x5,x14	  x5:0x00000000 x14:0x00000001 x22=0xffffffff
        9845000	       983	80000be4	01a7de33	srl	x28,x15,x26	 x15:0xe8000000 x26:0x80009fc4 x28=0x0e800000
        9855000	       984	80000be8	e7956f17	auipc	x30,0xe7956	 x30=0x67956be4
        9865000	       985	80000bec	00000013	addi	x0,x0,0	  x0:0x00000000
        9875000	       986	80000bf0	007f21b3	slt	x3,x30,x7	 x30:0x67956be4  x7:0xfff0041d  x3=0x00000000
        9885000	       987	80000bf4	8f0a4e37	lui	x28,0x8f0a4	 x28=0x8f0a4000
        9895000	       988	80000bf8	04557063	bgeu	x10,x5,80000c38	 x10:0x00000000  x5:0x00000000
        9905000	       989	00000000	00000013	addi	x0,x0,0	  x0:0x00000000
        9915000	       990	80000c34	00000013	addi	x0,x0,0	  x0:0x00000000
        9925000	       991	80000c38	00d15233	srl	x4,x2,x13	  x2:0x03020608 x13:0x00000090  x4=0x00000302
        9935000	       992	80000c3c	0065ce63	blt	x11,x6,80000c58	 x11:0x30206090  x6:0x80009f84
        9945000	       993	80000c40	400eda33	sra	x20,x29,x0	 x29:0x79a83918  x0:0x00000000 x20=0x79a83918
        9955000	       994	80000c44	00d1d113	srli	x2,x3,0xd	  x3:0x00000000  x2=0x00000000
        9965000	       995	80000c48	05669663	bne	x13,x22,80000c94	 x13:0x00000090 x22:0xffffffff
        9975000	       996	00000000	00000013	addi	x0,x0,0	  x0:0x00000000
        9985000	       997	80000c90	00000013	addi	x0,x0,0	  x0:0x00000000
        9995000	       998	80000c94	016d9793	slli	x15,x27,0x16	 x27:0x00000001 x15=0x00400000
       10005000	       999	80000c98	00268c63	beq	x13,x2,80000cb0	 x13:0x00000090  x2:0x00000000
       10015000	      1000	80000c9c	b82c2793	slti	x15,x24,-1150	 x24:0xffffffff x15=0x00000000
       10025000	      1001	80000ca0	407d0733	sub	x14,x26,x7	 x26:0x80009fc4  x7:0xfff0041d x14=0x80109ba7
       10035000	      1002	80000ca4	40755eb3	sra	x29,x10,x7	 x10:0x00000000  x7:0xfff0041d x29=0x00000000
       10045000	      1003	80000ca8	0184ee63	bltu	x9,x24,80000cc4	  x9:0x0083a000 x24:0xffffffff
       10055000	      1004	00000000	00000013	addi	x0,x0,0	  x0:0x00000000
       10065000	      1005	80000cc0	00000013	addi	x0,x0,0	  x0:0x00000000
       10075000	      1006	80000cc4	00c55bb3	srl	x23,x10,x12	 x10:0x00000000 x12:0x7fff6149 x23=0x00000000
       10085000	      1007	80000cc8	00000013	addi	x0,x0,0	  x0:0x00000000
       10095000	      1008	80000ccc	501f7b37	lui	x22,0x501f7	 x22=0x501f7000
       10105000	      1009	80000cd0	41ec8633	sub	x12,x25,x30	 x25:0x80009f54 x30:0x67956be4 x12=0x186b3370
       10115000	      1010	80000cd4	0121d533	srl	x10,x3,x18	  x3:0x00000000 x18:0x00000001 x10=0x00000000
       10125000	      1011	80000cd8	00579c63	bne	x15,x5,80000cf0	 x15:0x00000000  x5:0x00000000
       10135000	      1012	80000cdc	80d9fcb7	lui	x25,0x80d9f	 x25=0x80d9f000
       10145000	      1013	80000ce0	9648fe93	andi	x29,x17,-1692	 x17:0x00000000 x29=0x00000000
       10155000	      1014	80000ce4	01086833	or	x16,x16,x16	 x16:0x00000001 x16:0x00000001 x16=0x00000001
       10165000	      1015	80000ce8	0043a733	slt	x14,x7,x4	  x7:0xfff0041d  x4:0x00000302 x14=0x00000001
       10175000	      1016	80000cec	055df663	bgeu	x27,x21,80000d38	 x27:0x00000001 x21:0x03020609
       10185000	      1017	80000cf0	412e0833	sub	x16,x28,x18	 x28:0x8f0a4000 x18:0x00000001 x16=0x8f0a3fff
       10195000	      1018	80000cf4	40675b93	srai	x23,x14,0x6	 x14:0x00000001 x23=0x00000000
       10205000	      1019	80000cf8	01906233	or	x4,x0,x25	  x0:0x00000000 x25:0x80d9f000  x4=0x80d9f000
       10215000	      1020	80000cfc	0168e133	or	x2,x17,x22	 x17:0x00000000 x22:0x501f7000  x2=0x501f7000
       10225000	      1021	80000d00	00000013	addi	x0,x0,0	  x0:0x00000000
       10235000	      1022	80000d04	a0785297	auipc	x5,0xa0785	  x5=0x20785d00
       10245000	      1023	80000d08	007aeeb3	or	x29,x21,x7	 x21:0x03020609  x7:0xfff0041d x29=0xfff2061d
       10255000	      1024	80000d0c	01eb7463	bgeu	x22,x30,80000d14	 x22:0x501f7000 x30:0x67956be4
       10265000	      1025	80000d10	00761a33	sll	x20,x12,x7	 x12:0x186b3370  x7:0xfff0041d x20=0x00000000
       10275000	      1026	80000d14	2d5bbab7	lui	x21,0x2d5bb	 x21=0x2d5bb000
       10285000	      1027	80000d18	007d7eb3	and	x29,x26,x7	 x26:0x80009fc4  x7:0xfff0041d x29=0x80000404
       10295000	      1028	80000d1c	0410f263	bgeu	x1,x1,80000d60	  x1:0x00000000  x1:0x00000000
       10305000	      1029	00000000	00000013	addi	x0,x0,0	  x0:0x00000000
       10315000	      1030	80000d5c	00000013	addi	x0,x0,0	  x0:0x00000000
       10325000	      1031	80000d60	b8977513	andi	x10,x14,-1143	 x14:0x00000001 x10=0x00000001
       10335000	      1032	80000d64	00a89c13	slli	x24,x17,0xa	 x17:0x00000000 x24=0x00000000
       10345000	      1033	80000d68	00985db3	srl	x27,x16,x9	 x16:0x8f0a3fff  x9:0x0083a000 x27=0x8f0a3fff
       10355000	      1034	80000d6c	411ddcb3	sra	x25,x27,x17	 x27:0x8f0a3fff x17:0x00000000 x25=0x8f0a3fff
       10365000	      1035	80000d70	013a7263	bgeu	x20,x19,80000d74	 x20:0x00000000 x19:0x00000001
       10375000	      1036	80000d74	013b1833	sll	x16,x22,x19	 x22:0x501f7000 x19:0x00000001 x16=0xa03ee000
       10385000	      1037	80000d78	7dea2b13	slti	x22,x20,2014	 x20:0x00000000 x22=0x00000001
       10395000	      1038	80000d7c	01859e93	slli	x29,x11,0x18	 x11:0x30206090 x29=0x90000000
       10405000	      1039	80000d80	f56faf17	auipc	x30,0xf56fa	 x30=0x756fad7c
       10415000	      1040	80000d84	01b45e93	srli	x29,x8,0x1b	  x8:0x00000001 x29=0x00000000
       10425000	      1041	80000d88	015624b3	slt	x9,x12,x21	 x12:0x186b3370 x21:0x2d5bb000  x9=0x00000001
       10435000	      1042	80000d8c	733c8b93	addi	x23,x25,1843	 x25:0x8f0a3fff x23=0x8f0a4732
       10445000	      1043	80000d90	033d1a63	bne	x26,x19,80000dc4	 x26:0x80009fc4 x19:0x00000001
       10455000	      1044	00000000	00000013	addi	x0,x0,0	  x0:0x00000000
       10465000	      1045	80000dc0	00000013	addi	x0,x0,0	  x0:0x00000000
       10475000	      1046	80000dc4	7752c4b7	lui	x9,0x7752c	  x9=0x7752c000
       10485000	      1047	80000dc8	01a41393	slli	x7,x8,0x1a	  x8:0x00000001  x7=0x04000000
       10495000	      1048	80000dcc	04076263	bltu	x14,x0,80000e10	 x14:0x00000001  x0:0x00000000
       10505000	      1049	80000dd0	0489f663	bgeu	x19,x8,80000e1c	 x19:0x00000001  x8:0x00000001
       10515000	      1050	00000000	00000013	addi	x0,x0,0	  x0:0x00000000
       10525000	      1051	80000e18	00000013	addi	x0,x0,0	  x0:0x00000000
       10535000	      1052	80000e1c	06cd9c63	bne	x27,x12,80000e94	 x27:0x8f0a3fff x12:0x186b3370
       10545000	      1053	00000000	00000013	addi	x0,x0,0	  x0:0x00000000
       10555000	      1054	80000e90	00000013	addi	x0,x0,0	  x0:0x00000000
       10565000	      1055	80000e94	fc1ac293	xori	x5,x21,-63	 x21:0x2d5bb000  x5=0xd2a44fc1
       10575000	      1056	80000e98	00919033	sll	x0,x3,x9	  x3:0x00000000  x9:0x7752c000
       10585000	      1057	80000e9c	031b9e63	bne	x23,x17,80000ed8	 x23:0x8f0a4732 x17:0x00000000
       10595000	      1058	00000000	00000013	addi	x0,x0,0	  x0:0x00000000
       10605000	      1059	80000ed4	00000013	addi	x0,x0,0	  x0:0x00000000
       10615000	      1060	80000ed8	00981a93	slli	x21,x16,0x9	 x16:0xa03ee000 x21=0x7dc00000
       10625000	      1061	80000edc	41168833	sub	x16,x13,x17	 x13:0x00000090 x17:0x00000000 x16=0x00000090
       10635000	      1062	80000ee0	87e33497	auipc	x9,0x87e33	  x9=0x07e33edc
       10645000	      1063	80000ee4	4f97cd93	xori	x27,x15,1273	 x15:0x00000000 x27=0x000004f9
       10655000	      1064	80000ee8	232d8b37	lui	x22,0x232d8	 x22=0x232d8000
       10665000	      1065	80000eec	00000013	addi	x0,x0,0	  x0:0x00000000
       10675000	      1066	80000ef0	78c90193	addi	x3,x18,1932	 x18:0x00000001  x3=0x0000078d
       10685000	      1067	80000ef4	024a4063	blt	x20,x4,80000f14	 x20:0x00000000  x4:0x80d9f000
       10695000	      1068	80000ef8	061a6593	ori	x11,x20,97	 x20:0x00000000 x11=0x00000061
       10705000	      1069	80000efc	22a47897	auipc	x17,0x22a47	 x17=0xa2a47ef8
       10715000	      1070	80000f00	00000013	addi	x0,x0,0	  x0:0x00000000
       10725000	      1071	80000f04	0160aab3	slt	x21,x1,x22	  x1:0x00000000 x22:0x232d8000 x21=0x00000001
       10735000	      1072	80000f08	208aa597	auipc	x11,0x208aa	 x11=0xa08aaf04
       10745000	      1073	80000f0c	00054a63	blt	x10,x0,80000f20	 x10:0x00000001  x0:0x00000000
       10755000	      1074	80000f10	00c749b3	xor	x19,x14,x12	 x14:0x00000001 x12:0x186b3370 x19=0x186b3371
       10765000	      1075	80000f14	01561393	slli	x7,x12,0x15	 x12:0x186b3370  x7=0x6e000000
       10775000	      1076	80000f18	04c39463	bne	x7,x12,80000f60	  x7:0x6e000000 x12:0x186b3370
       10785000	      1077	00000000	00000013	addi	x0,x0,0	  x0:0x00000000
       10795000	      1078	80000f5c	00000013	addi	x0,x0,0	  x0:0x00000000
       10805000	      1079	80000f60	9fdd2413	slti	x8,x26,-1539	 x26:0x80009fc4  x8=0x00000001
       10815000	      1080	80000f64	00020eb3	add	x29,x4,x0	  x4:0x80d9f000  x0:0x00000000 x29=0x80d9f000
       10825000	      1081	80000f68	051f4663	blt	x30,x17,80000fb4	 x30:0x756fad7c x17:0xa2a47ef8
       10835000	      1082	80000f6c	019dea63	bltu	x27,x25,80000f80	 x27:0x000004f9 x25:0x8f0a3fff
       10845000	      1083	00000000	00000013	addi	x0,x0,0	  x0:0x00000000
       10855000	      1084	80000f7c	00000013	addi	x0,x0,0	  x0:0x00000000
       10865000	      1085	80000f80	00d39e63	bne	x7,x13,80000f9c	  x7:0x6e000000 x13:0x00000090
       10875000	      1086	00000000	00000013	addi	x0,x0,0	  x0:0x00000000
       10885000	      1087	80000f98	00000013	addi	x0,x0,0	  x0:0x00000000
       10895000	      1088	80000f9c	00000013	addi	x0,x0,0	  x0:0x00000000
       10905000	      1089	80000fa0	08a07793	andi	x15,x0,138	  x0:0x00000000 x15=0x00000000
       10915000	      1090	80000fa4	4169d393	srai	x7,x19,0x16	 x19:0x186b3371  x7=0x00000061
       10925000	      1091	80000fa8	cfc43213	sltiu	x4,x8,-772	  x8:0x00000001  x4=0x00000001
       10935000	      1092	80000fac	81772c13	slti	x24,x14,-2025	 x14:0x00000001 x24=0x00000000
       10945000	      1093	80000fb0	01254733	xor	x14,x10,x18	 x10:0x00000001 x18:0x00000001 x14=0x00000000
       10955000	      1094	80000fb4	007d41b3	xor	x3,x26,x7	 x26:0x80009fc4  x7:0x00000061  x3=0x80009fa5
       10965000	      1095	80000fb8	f74bab93	slti	x23,x23,-140	 x23:0x8f0a4732 x23=0x00000001
       10975000	      1096	80000fbc	1b72a5b7	lui	x11,0x1b72a	 x11=0x1b72a000
       10985000	      1097	80000fc0	01d512b3	sll	x5,x10,x29	 x10:0x00000001 x29:0x80d9f000  x5=0x00000001
       10995000	      1098	80000fc4	413387b3	sub	x15,x7,x19	  x7:0x00000061 x19:0x186b3371 x15=0xe794ccf0
       11005000	      1099	80000fc8	018ab733	sltu	x14,x21,x24	 x21:0x00000001 x24:0x00000000 x14=0x00000000
       11015000	      1100	80000fcc	14f33a93	sltiu	x21,x6,335	  x6:0x80009f84 x21=0x00000000
       11025000	      1101	80000fd0	c5eb8093	addi	x1,x23,-930	 x23:0x00000001  x1=0xfffffc5f
       11035000	      1102	80000fd4	002ddc13	srli	x24,x27,0x2	 x27:0x000004f9 x24=0x0000013e
       11045000	      1103	80000fd8	aecebe93	sltiu	x29,x29,-1300	 x29:0x80d9f000 x29=0x00000001
       11055000	      1104	80000fdc	022c1e63	bne	x24,x2,80001018	 x24:0x0000013e  x2:0x501f7000
       11065000	      1105	00000000	00000013	addi	x0,x0,0	  x0:0x00000000
       11075000	      1106	80001014	00000013	addi	x0,x0,0	  x0:0x00000000
       11085000	      1107	80001018	3acc8193	addi	x3,x25,940	 x25:0x8f0a3fff  x3=0x8f0a43ab
       11095000	      1108	8000101c	00b60233	add	x4,x12,x11	 x12:0x186b3370 x11:0x1b72a000  x4=0x33ddd370
       11105000	      1109	80001020	00ea4a63	blt	x20,x14,80001034	 x20:0x00000000 x14:0x00000000
       11115000	      1110	80001024	0125f833	and	x16,x11,x18	 x11:0x1b72a000 x18:0x00000001 x16=0x00000000
       11125000	      1111	80001028	00f95933	srl	x18,x18,x15	 x18:0x00000001 x15:0xe794ccf0 x18=0x00000000
       11135000	      1112	8000102c	00b0cdb3	xor	x27,x1,x11	  x1:0xfffffc5f x11:0x1b72a000 x27=0xe48d5c5f
       11145000	      1113	80001030	05409463	bne	x1,x20,80001078	  x1:0xfffffc5f x20:0x00000000
       11155000	      1114	00000000	00000013	addi	x0,x0,0	  x0:0x00000000
       11165000	      1115	80001074	00000013	addi	x0,x0,0	  x0:0x00000000
       11175000	      1116	80001078	01851393	slli	x7,x10,0x18	 x10:0x00000001  x7=0x01000000
       11185000	      1117	8000107c	f59b8bb7	lui	x23,0xf59b8	 x23=0xf59b8000
       11195000	      1118	80001080	01d16ab3	or	x21,x2,x29	  x2:0x501f7000 x29:0x00000001 x21=0x501f7001
       11205000	      1119	80001084	00483233	sltu	x4,x16,x4	 x16:0x00000000  x4:0x33ddd370  x4=0x00000001
       11215000	      1120	80001088	b2cfec93	ori	x25,x31,-1236	 x31:0x00000000 x25=0xfffffb2c
       11225000	      1121	8000108c	4028dc93	srai	x25,x17,0x2	 x17:0xa2a47ef8 x25=0xe8a91fbe
       11235000	      1122	80001090	23ed3113	sltiu	x2,x26,574	 x26:0x80009fc4  x2=0x00000000
       11245000	      1123	80001094	0150dc13	srli	x24,x1,0x15	  x1:0xfffffc5f x24=0x000007ff
       11255000	      1124	80001098	41a4d493	srai	x9,x9,0x1a	  x9:0x07e33edc  x9=0x00000001
       11265000	      1125	8000109c	0182abb3	slt	x23,x5,x24	  x5:0x00000001 x24:0x000007ff x23=0x00000001
       11275000	      1126	800010a0	5ad063b7	lui	x7,0x5ad06	  x7=0x5ad06000
       11285000	      1127	800010a4	04d18663	beq	x3,x13,800010f0	  x3:0x8f0a43ab x13:0x00000090
       11295000	      1128	800010a8	41daca97	auipc	x21,0x41dac	 x21=0xc1dad0a4
       11305000	      1129	800010ac	ed742493	slti	x9,x8,-297	  x8:0x00000001  x9=0x00000000
       11315000	      1130	800010b0	40dcd933	sra	x18,x25,x13	 x25:0xe8a91fbe x13:0x00000090 x18=0xffffe8a9
       11325000	      1131	800010b4	017941b3	xor	x3,x18,x23	 x18:0xffffe8a9 x23:0x00000001  x3=0xffffe8a8
       11335000	      1132	800010b8	02969e63	bne	x13,x9,800010f4	 x13:0x00000090  x9:0x00000000
       11345000	      1133	00000000	00000013	addi	x0,x0,0	  x0:0x00000000
       11355000	      1134	800010f0	00000013	addi	x0,x0,0	  x0:0x00000000
       11365000	      1135	800010f4	a0752013	slti	x0,x10,-1529	 x10:0x00000001
       11375000	      1136	800010f8	40f6d793	srai	x15,x13,0xf	 x13:0x00000090 x15=0x00000000
       11385000	      1137	800010fc	00166933	or	x18,x12,x1	 x12:0x186b3370  x1:0xfffffc5f x18=0xffffff7f
       11395000	      1138	80001100	ef026613	ori	x12,x4,-272	  x4:0x00000001 x12=0xfffffef1
       11405000	      1139	80001104	d50ebb93	sltiu	x23,x29,-688	 x29:0x00000001 x23=0x00000001
       11415000	      1140	80001108	010bdb13	srli	x22,x23,0x10	 x23:0x00000001 x22=0x00000000
       11425000	      1141	8000110c	16f96d93	ori	x27,x18,367	 x18:0xffffff7f x27=0xffffff7f
       11435000	      1142	80001110	41e6db93	srai	x23,x13,0x1e	 x13:0x00000090 x23=0x00000000
       11445000	      1143	80001114	9bd46e17	auipc	x28,0x9bd46	 x28=0x1bd47110
       11455000	      1144	80001118	4eb1d9b7	lui	x19,0x4eb1d	 x19=0x4eb1d000
       11465000	      1145	8000111c	00000013	addi	x0,x0,0	  x0:0x00000000
       11475000	      1146	80001120	01af8e63	beq	x31,x26,8000113c	 x31:0x00000000 x26:0x80009fc4
       11485000	      1147	80001124	0092b933	sltu	x18,x5,x9	  x5:0x00000001  x9:0x00000000 x18=0x00000000
       11495000	      1148	80001128	013e0eb3	add	x29,x28,x19	 x28:0x1bd47110 x19:0x4eb1d000 x29=0x6a864110
       11505000	      1149	8000112c	0111c633	xor	x12,x3,x17	  x3:0xffffe8a8 x17:0xa2a47ef8 x12=0x5d5b9650
       11515000	      1150	80001130	c09a8937	lui	x18,0xc09a8	 x18=0xc09a8000
       11525000	      1151	80001134	0148c1b3	xor	x3,x17,x20	 x17:0xa2a47ef8 x20:0x00000000  x3=0xa2a47ef8
       11535000	      1152	80001138	40475733	sra	x14,x14,x4	 x14:0x00000000  x4:0x00000001 x14=0x00000000
       11545000	      1153	8000113c	0075eab3	or	x21,x11,x7	 x11:0x1b72a000  x7:0x5ad06000 x21=0x5bf2e000
       11555000	      1154	80001140	01d75463	bge	x14,x29,80001148	 x14:0x00000000 x29:0x6a864110
       11565000	      1155	80001144	006ef0b3	and	x1,x29,x6	 x29:0x6a864110  x6:0x80009f84  x1=0x00000100
       11575000	      1156	80001148	bf333193	sltiu	x3,x6,-1037	  x6:0x80009f84  x3=0x00000001
       11585000	      1157	8000114c	0170aa33	slt	x20,x1,x23	  x1:0x00000100 x23:0x00000000 x20=0x00000000
       11595000	      1158	80001150	592ba193	slti	x3,x23,1426	 x23:0x00000000  x3=0x00000001
       11605000	      1159	80001154	00859a93	slli	x21,x11,0x8	 x11:0x1b72a000 x21=0x72a00000
       11615000	      1160	80001158	02ab9c63	bne	x23,x10,80001190	 x23:0x00000000 x10:0x00000001
       11625000	      1161	00000000	00000013	addi	x0,x0,0	  x0:0x00000000
       11635000	      1162	8000118c	00000013	addi	x0,x0,0	  x0:0x00000000
       11645000	      1163	80001190	4a11e813	ori	x16,x3,1185	  x3:0x00000001 x16=0x000004a1
       11655000	      1164	80001194	d25cb6b7	lui	x13,0xd25cb	 x13=0xd25cb000
       11665000	      1165	80001198	40d65c93	srai	x25,x12,0xd	 x12:0x5d5b9650 x25=0x0002eadc
       11675000	      1166	8000119c	40b08633	sub	x12,x1,x11	  x1:0x00000100 x11:0x1b72a000 x12=0xe48d6100
       11685000	      1167	800011a0	40a685b3	sub	x11,x13,x10	 x13:0xd25cb000 x10:0x00000001 x11=0xd25cafff
       11695000	      1168	800011a4	41fdd993	srai	x19,x27,0x1f	 x27:0xffffff7f x19=0xffffffff
       11705000	      1169	800011a8	54550013	addi	x0,x10,1349	 x10:0x00000001
       11715000	      1170	800011ac	009d0133	add	x2,x26,x9	 x26:0x80009fc4  x9:0x00000000  x2=0x80009fc4
       11725000	      1171	800011b0	01573633	sltu	x12,x14,x21	 x14:0x00000000 x21:0x72a00000 x12=0x00000001
       11735000	      1172	800011b4	cc0a8b93	addi	x23,x21,-832	 x21:0x72a00000 x23=0x729ffcc0
       11745000	      1173	800011b8	3eeba217	auipc	x4,0x3eeba	  x4=0xbeebb1b4
       11755000	      1174	800011bc	004e2a33	slt	x20,x28,x4	 x28:0x1bd47110  x4:0xbeebb1b4 x20=0x00000000
       11765000	      1175	800011c0	00000013	addi	x0,x0,0	  x0:0x00000000
       11775000	      1176	800011c4	43014493	xori	x9,x2,1072	  x2:0x80009fc4  x9=0x80009bf4
       11785000	      1177	800011c8	01836433	or	x8,x6,x24	  x6:0x80009f84 x24:0x000007ff  x8=0x80009fff
       11795000	      1178	800011cc	01b21193	slli	x3,x4,0x1b	  x4:0xbeebb1b4  x3=0xa0000000
       11805000	      1179	800011d0	45357393	andi	x7,x10,1107	 x10:0x00000001  x7=0x00000001
       11815000	      1180	800011d4	01241093	slli	x1,x8,0x12	  x8:0x80009fff  x1=0x7ffc0000
       11825000	      1181	800011d8	00000013	addi	x0,x0,0	  x0:0x00000000
       11835000	      1182	800011dc	40405233	sra	x4,x0,x4	  x0:0x00000000  x4:0xbeebb1b4  x4=0x00000000
       11845000	      1183	800011e0	00219433	sll	x8,x3,x2	  x3:0xa0000000  x2:0x80009fc4  x8=0x00000000
       11855000	      1184	800011e4	f8b5f293	andi	x5,x11,-117	 x11:0xd25cafff  x5=0xd25caf8b
       11865000	      1185	800011e8	b89db437	lui	x8,0xb89db	  x8=0xb89db000
       11875000	      1186	800011ec	000e9e63	bne	x29,x0,80001208	 x29:0x6a864110  x0:0x00000000
       11885000	      1187	00000000	00000013	addi	x0,x0,0	  x0:0x00000000
       11895000	      1188	80001204	00000013	addi	x0,x0,0	  x0:0x00000000
       11905000	      1189	80001208	00d847b3	xor	x15,x16,x13	 x16:0x000004a1 x13:0xd25cb000 x15=0xd25cb4a1
       11915000	      1190	8000120c	00000f97	auipc	x31,0x0	 x31=0x80001208
       11925000	      1191	80001210	00cf8f93	addi	x31,x31,12	 x31:0x80001208 x31=0x80001214
       11935000	      1192	80001214	000f8067	jalr	x0,x31,0	 x31:0x80001214
       11945000	      1193	00000000	00000013	addi	x0,x0,0	  x0:0x00000000
       11955000	      1194	80001214	00000013	addi	x0,x0,0	  x0:0x00000000
       11965000	      1195	80001218	00100193	addi	x3,x0,1	  x0:0x00000000  x3=0x00000001
       11975000	      1196	8000121c	00000073	ecall	
       11985000	      1197	80001220	008521b3	slt	x3,x10,x8	 x10:0x00000001  x8:0xb89db000  x3=0x00000000
