		Time			Cycle	PC		Insn	Decoded instruction	Register and memory contents
          65000	         5	80000004	00000293	addi	x5,x0,0	  x0:0x00000000  x5=0x00000000
          75000	         6	80000008	00000313	addi	x6,x0,0	  x0:0x00000000  x6=0x00000000
          85000	         7	8000000c	00628263	beq	x5,x6,80000010	  x5:0x00000000  x6:0x00000000
          95000	         8	00000000	00000013	addi	x0,x0,0	  x0:0x00000000
         105000	         9	8000000c	00000013	addi	x0,x0,0	  x0:0x00000000
         115000	        10	80000010	00000a97	auipc	x21,0x0	 x21=0x8000000c
         125000	        11	80000014	00ca8a93	addi	x21,x21,12	 x21:0x8000000c x21=0x80000018
         135000	        12	80000018	000a8067	jalr	x0,x21,0	 x21:0x80000018
         145000	        13	00000000	00000013	addi	x0,x0,0	  x0:0x00000000
         155000	        14	80000018	00000013	addi	x0,x0,0	  x0:0x00000000
         165000	        15	8000001c	40000837	lui	x16,0x40000	 x16=0x40000000
         175000	        16	80000020	10080813	addi	x16,x16,256	 x16:0x40000000 x16=0x40000100
         185000	        17	80000024	00000013	addi	x0,x0,0	  x0:0x00000000
         195000	        18	80000028	0000ad97	auipc	x27,0xa	 x27=0x8000a024
         205000	        19	8000002c	fa0d8d93	addi	x27,x27,-96	 x27:0x8000a024 x27=0x80009fc4
         215000	        20	80000030	00003817	auipc	x16,0x3	 x16=0x8000302c
         225000	        21	80000034	fdc80813	addi	x16,x16,-36	 x16:0x8000302c x16=0x80003008
         235000	        22	80000038	00086813	ori	x16,x16,0	 x16:0x80003008 x16=0x80003008
         245000	        23	8000003c	00000013	addi	x0,x0,0	  x0:0x00000000
         255000	        24	80000040	00000817	auipc	x16,0x0	 x16=0x8000003c
         265000	        25	80000044	02080813	addi	x16,x16,32	 x16:0x8000003c x16=0x8000005c
         275000	        26	80000048	00000013	addi	x0,x0,0	  x0:0x00000000
         285000	        27	8000004c	00000013	addi	x0,x0,0	  x0:0x00000000
         295000	        28	80000050	00002837	lui	x16,0x2	 x16=0x00002000
         305000	        29	80000054	80080813	addi	x16,x16,-2048	 x16:0x00002000 x16=0x00001800
         315000	        30	80000058	00000013	addi	x0,x0,0	  x0:0x00000000
         325000	        31	8000005c	00000013	addi	x0,x0,0	  x0:0x00000000
         335000	        32	80000060	00000013	addi	x0,x0,0	  x0:0x00000000
         345000	        33	80000064	f573b0b7	lui	x1,0xf573b	  x1=0xf573b000
         355000	        34	80000068	2fa08093	addi	x1,x1,762	  x1:0xf573b000  x1=0xf573b2fa
         365000	        35	8000006c	80000137	lui	x2,0x80000	  x2=0x80000000
         375000	        36	80000070	1e90c1b7	lui	x3,0x1e90c	  x3=0x1e90c000
         385000	        37	80000074	a0818193	addi	x3,x3,-1528	  x3:0x1e90c000  x3=0x1e90ba08
         395000	        38	80000078	7a155237	lui	x4,0x7a155	  x4=0x7a155000
         405000	        39	8000007c	c0c20213	addi	x4,x4,-1012	  x4:0x7a155000  x4=0x7a154c0c
         415000	        40	80000080	75f7b337	lui	x6,0x75f7b	  x6=0x75f7b000
         425000	        41	80000084	da030313	addi	x6,x6,-608	  x6:0x75f7b000  x6=0x75f7ada0
         435000	        42	80000088	f03873b7	lui	x7,0xf0387	  x7=0xf0387000
         445000	        43	8000008c	a8938393	addi	x7,x7,-1399	  x7:0xf0387000  x7=0xf0386a89
         455000	        44	80000090	53669437	lui	x8,0x53669	  x8=0x53669000
         465000	        45	80000094	0c440413	addi	x8,x8,196	  x8:0x53669000  x8=0x536690c4
         475000	        46	80000098	00100493	addi	x9,x0,1	  x0:0x00000000  x9=0x00000001
         485000	        47	8000009c	00000513	addi	x10,x0,0	  x0:0x00000000 x10=0x00000000
         495000	        48	800000a0	00700593	addi	x11,x0,7	  x0:0x00000000 x11=0x00000007
         505000	        49	800000a4	b1ce3637	lui	x12,0xb1ce3	 x12=0xb1ce3000
         515000	        50	800000a8	10a60613	addi	x12,x12,266	 x12:0xb1ce3000 x12=0xb1ce310a
         525000	        51	800000ac	a66f36b7	lui	x13,0xa66f3	 x13=0xa66f3000
         535000	        52	800000b0	3e868693	addi	x13,x13,1000	 x13:0xa66f3000 x13=0xa66f33e8
         545000	        53	800000b4	80000737	lui	x14,0x80000	 x14=0x80000000
         555000	        54	800000b8	00200793	addi	x15,x0,2	  x0:0x00000000 x15=0x00000002
         565000	        55	800000bc	f915a837	lui	x16,0xf915a	 x16=0xf915a000
         575000	        56	800000c0	77680813	addi	x16,x16,1910	 x16:0xf915a000 x16=0xf915a776
         585000	        57	800000c4	800008b7	lui	x17,0x80000	 x17=0x80000000
         595000	        58	800000c8	00c00913	addi	x18,x0,12	  x0:0x00000000 x18=0x0000000c
         605000	        59	800000cc	800009b7	lui	x19,0x80000	 x19=0x80000000
         615000	        60	800000d0	00000a13	addi	x20,x0,0	  x0:0x00000000 x20=0x00000000
         625000	        61	800000d4	00100a93	addi	x21,x0,1	  x0:0x00000000 x21=0x00000001
         635000	        62	800000d8	00000b13	addi	x22,x0,0	  x0:0x00000000 x22=0x00000000
         645000	        63	800000dc	4424bbb7	lui	x23,0x4424b	 x23=0x4424b000
         655000	        64	800000e0	b4fb8b93	addi	x23,x23,-1201	 x23:0x4424b000 x23=0x4424ab4f
         665000	        65	800000e4	80000c37	lui	x24,0x80000	 x24=0x80000000
         675000	        66	800000e8	f7a75cb7	lui	x25,0xf7a75	 x25=0xf7a75000
         685000	        67	800000ec	b67c8c93	addi	x25,x25,-1177	 x25:0xf7a75000 x25=0xf7a74b67
         695000	        68	800000f0	5f6d0d37	lui	x26,0x5f6d0	 x26=0x5f6d0000
         705000	        69	800000f4	08cd0d13	addi	x26,x26,140	 x26:0x5f6d0000 x26=0x5f6d008c
         715000	        70	800000f8	147f6e37	lui	x28,0x147f6	 x28=0x147f6000
         725000	        71	800000fc	b03e0e13	addi	x28,x28,-1277	 x28:0x147f6000 x28=0x147f5b03
         735000	        72	80000100	00000e93	addi	x29,x0,0	  x0:0x00000000 x29=0x00000000
         745000	        73	80000104	00000f13	addi	x30,x0,0	  x0:0x00000000 x30=0x00000000
         755000	        74	80000108	b440bfb7	lui	x31,0xb440b	 x31=0xb440b000
         765000	        75	8000010c	915f8f93	addi	x31,x31,-1771	 x31:0xb440b000 x31=0xb440a915
         775000	        76	80000110	0000a297	auipc	x5,0xa	  x5=0x8000a10c
         785000	        77	80000114	e7828293	addi	x5,x5,-392	  x5:0x8000a10c  x5=0x80009f84
         795000	        78	80000118	40b8d793	srai	x15,x17,0xb	 x17:0x80000000 x15=0xfff00000
         805000	        79	8000011c	001393b3	sll	x7,x7,x1	  x7:0xf0386a89  x1:0xf573b2fa  x7=0x24000000
         815000	        80	80000120	f4ea4493	xori	x9,x20,-178	 x20:0x00000000  x9=0xffffff4e
         825000	        81	80000124	00002117	auipc	x2,0x2	  x2=0x80002120
         835000	        82	80000128	14010113	addi	x2,x2,320	  x2:0x80002120  x2=0x80002260
         845000	        83	8000012c	00e65f33	srl	x30,x12,x14	 x12:0xb1ce310a x14:0x80000000 x30=0xb1ce310a
         855000	        84	80000130	00000013	addi	x0,x0,0	  x0:0x00000000
         865000	        85	80000134	e8817737	lui	x14,0xe8817	 x14=0xe8817000
         875000	        86	80000138	0152d4b3	srl	x9,x5,x21	  x5:0x80009f84 x21:0x00000001  x9=0x40004fc2
         885000	        87	8000013c	22410113	addi	x2,x2,548	  x2:0x80002260  x2=0x80002484
         895000	        88	80000140	3ce8f313	andi	x6,x17,974	 x17:0x80000000  x6=0x00000000
         905000	        89	80000144	01ab2cb3	slt	x25,x22,x26	 x22:0x00000000 x26:0x5f6d008c x25=0x00000001
         915000	        90	80000148	0148f433	and	x8,x17,x20	 x17:0x80000000 x20:0x00000000  x8=0x00000000
         925000	        91	8000014c	ddc10367	jalr	x6,x2,-548	  x2:0x80002484  x6=0x8000014c
         935000	        92	00000000	00000013	addi	x0,x0,0	  x0:0x00000000
         945000	        93	80002260	00000013	addi	x0,x0,0	  x0:0x00000000
         955000	        94	80002264	019306b3	add	x13,x6,x25	  x6:0x8000014c x25:0x00000001 x13=0x8000014d
         965000	        95	80002268	fe028293	addi	x5,x5,-32	  x5:0x80009f84  x5=0x80009f64
         975000	        96	8000226c	91716e93	ori	x29,x2,-1769	  x2:0x80002484 x29=0xfffffd97
         985000	        97	80002270	0062a223	sw	x6,4(x5)	  x5:0x80009f64  x6:0x8000014c PA:0x80009f68
         995000	        98	80002274	b72b69b7	lui	x19,0xb72b6	 x19=0xb72b6000
        1005000	        99	80002278	4117d813	srai	x16,x15,0x11	 x15:0xfff00000 x16=0xfffffff8
        1015000	       100	8000227c	00000c97	auipc	x25,0x0	 x25=0x80002278
        1025000	       101	80002280	f6cc8c93	addi	x25,x25,-148	 x25:0x80002278 x25=0x800021e4
        1035000	       102	80002284	10dc8c93	addi	x25,x25,269	 x25:0x800021e4 x25=0x800022f1
        1045000	       103	80002288	18422937	lui	x18,0x18422	 x18=0x18422000
        1055000	       104	8000228c	01ef43b3	xor	x7,x30,x30	 x30:0xb1ce310a x30:0xb1ce310a  x7=0x00000000
        1065000	       105	80002290	007c0933	add	x18,x24,x7	 x24:0x80000000  x7:0x00000000 x18=0x80000000
        1075000	       106	80002294	c186e117	auipc	x2,0xc186e	  x2=0x41870290
        1085000	       107	80002298	0a57ef93	ori	x31,x15,165	 x15:0xfff00000 x31=0xfff000a5
        1095000	       108	8000229c	403d5133	sra	x2,x26,x3	 x26:0x5f6d008c  x3:0x1e90ba08  x2=0x005f6d00
        1105000	       109	800022a0	60aaf097	auipc	x1,0x60aaf	  x1=0xe0ab129c
        1115000	       110	800022a4	ef4c8367	jalr	x6,x25,-268	 x25:0x800022f1  x6=0x800022a4
        1125000	       111	00000000	00000013	addi	x0,x0,0	  x0:0x00000000
        1135000	       112	800021e4	00000013	addi	x0,x0,0	  x0:0x00000000
        1145000	       113	800021e8	00000013	addi	x0,x0,0	  x0:0x00000000
        1155000	       114	800021ec	0117db13	srli	x22,x15,0x11	 x15:0xfff00000 x22=0x00007ff8
        1165000	       115	800021f0	52678013	addi	x0,x15,1318	 x15:0xfff00000
        1175000	       116	800021f4	fc428293	addi	x5,x5,-60	  x5:0x80009f64  x5=0x80009f28
        1185000	       117	800021f8	0087e533	or	x10,x15,x8	 x15:0xfff00000  x8:0x00000000 x10=0xfff00000
        1195000	       118	800021fc	0062a223	sw	x6,4(x5)	  x5:0x80009f28  x6:0x800022a4 PA:0x80009f2c
        1205000	       119	80002200	01a19e33	sll	x28,x3,x26	  x3:0x1e90ba08 x26:0x5f6d008c x28=0x0ba08000
        1215000	       120	80002204	0079eeb3	or	x29,x19,x7	 x19:0xb72b6000  x7:0x00000000 x29=0xb72b6000
        1225000	       121	80002208	40e35bb3	sra	x23,x6,x14	  x6:0x800022a4 x14:0xe8817000 x23=0x800022a4
        1235000	       122	8000220c	02857a63	bgeu	x10,x8,80002240	 x10:0xfff00000  x8:0x00000000
        1245000	       123	00000000	00000013	addi	x0,x0,0	  x0:0x00000000
        1255000	       124	8000223c	00000013	addi	x0,x0,0	  x0:0x00000000
        1265000	       125	80002240	e31a6613	ori	x12,x20,-463	 x20:0x00000000 x12=0xfffffe31
        1275000	       126	80002244	0042a303	lw	x6,4(x5)	  x5:0x80009f28  x6=0x800022a4 PA:0x80009f2c
        1285000	       127	80002248	4113d5b3	sra	x11,x7,x17	  x7:0x00000000 x17:0x80000000 x11=0x00000000
        1295000	       128	8000224c	b8fdf7b7	lui	x15,0xb8fdf	 x15=0xb8fdf000
        1305000	       129	80002250	03c28293	addi	x5,x5,60	  x5:0x80009f28  x5=0x80009f64
        1315000	       130	80002254	01c88733	add	x14,x17,x28	 x17:0x80000000 x28:0x0ba08000 x14=0x8ba08000
        1325000	       131	80002258	01c39d13	slli	x26,x7,0x1c	  x7:0x00000000 x26=0x00000000
        1335000	       132	8000225c	00130213	addi	x4,x6,1	  x6:0x800022a4  x4=0x800022a5
        1345000	       133	80002260	00020267	jalr	x4,x4,0	  x4:0x800022a5  x4=0x80002260
        1355000	       134	00000000	00000013	addi	x0,x0,0	  x0:0x00000000
        1365000	       135	800022a4	00000013	addi	x0,x0,0	  x0:0x00000000
        1375000	       136	800022a8	0107b5b3	sltu	x11,x15,x16	 x15:0xb8fdf000 x16:0xfffffff8 x11=0x00000001
        1385000	       137	800022ac	00000013	addi	x0,x0,0	  x0:0x00000000
        1395000	       138	800022b0	5b997113	andi	x2,x18,1465	 x18:0x80000000  x2=0x00000000
        1405000	       139	800022b4	00c5f533	and	x10,x11,x12	 x11:0x00000001 x12:0xfffffe31 x10=0x00000001
        1415000	       140	800022b8	01125113	srli	x2,x4,0x11	  x4:0x80002260  x2=0x00004000
        1425000	       141	800022bc	1bc2f413	andi	x8,x5,444	  x5:0x80009f64  x8=0x00000124
        1435000	       142	800022c0	002283b3	add	x7,x5,x2	  x5:0x80009f64  x2:0x00004000  x7=0x8000df64
        1445000	       143	800022c4	f1f3a713	slti	x14,x7,-225	  x7:0x8000df64 x14=0x00000001
        1455000	       144	800022c8	001eb933	sltu	x18,x29,x1	 x29:0xb72b6000  x1:0xe0ab129c x18=0x00000001
        1465000	       145	800022cc	411388b3	sub	x17,x7,x17	  x7:0x8000df64 x17:0x80000000 x17=0x0000df64
        1475000	       146	800022d0	fa9fd36f	jal	x6,800022d0	  x6=0x800022d0
        1485000	       147	00000000	00000013	addi	x0,x0,0	  x0:0x00000000
        1495000	       148	80000274	00000013	addi	x0,x0,0	  x0:0x00000000
        1505000	       149	80000278	016ec463	blt	x29,x22,80000280	 x29:0xb72b6000 x22:0x00007ff8
        1515000	       150	00000000	00000013	addi	x0,x0,0	  x0:0x00000000
        1525000	       151	8000027c	00000013	addi	x0,x0,0	  x0:0x00000000
        1535000	       152	80000280	fdc28293	addi	x5,x5,-36	  x5:0x80009f64  x5=0x80009f40
        1545000	       153	80000284	01493533	sltu	x10,x18,x20	 x18:0x00000001 x20:0x00000000 x10=0x00000000
        1555000	       154	80000288	016daf33	slt	x30,x27,x22	 x27:0x80009fc4 x22:0x00007ff8 x30=0x00000001
        1565000	       155	8000028c	016c24b3	slt	x9,x24,x22	 x24:0x80000000 x22:0x00007ff8  x9=0x00000001
        1575000	       156	80000290	0062a223	sw	x6,4(x5)	  x5:0x80009f40  x6:0x800022d0 PA:0x80009f44
        1585000	       157	80000294	018f9133	sll	x2,x31,x24	 x31:0xfff000a5 x24:0x80000000  x2=0xfff000a5
        1595000	       158	80000298	6a06a513	slti	x10,x13,1696	 x13:0x8000014d x10=0x00000001
        1605000	       159	8000029c	00000013	addi	x0,x0,0	  x0:0x00000000
        1615000	       160	800002a0	01265513	srli	x10,x12,0x12	 x12:0xfffffe31 x10=0x00003fff
        1625000	       161	800002a4	00000913	addi	x18,x0,0	  x0:0x00000000 x18=0x00000000
        1635000	       162	800002a8	8a4a3413	sltiu	x8,x20,-1884	 x20:0x00000000  x8=0x00000001
        1645000	       163	800002ac	00df49b3	xor	x19,x30,x13	 x30:0x00000001 x13:0x8000014d x19=0x8000014c
        1655000	       164	800002b0	003b7b33	and	x22,x22,x3	 x22:0x00007ff8  x3:0x1e90ba08 x22=0x00003a08
        1665000	       165	800002b4	87746f13	ori	x30,x8,-1929	  x8:0x00000001 x30=0xfffff877
        1675000	       166	800002b8	40788bb3	sub	x23,x17,x7	 x17:0x0000df64  x7:0x8000df64 x23=0x80000000
        1685000	       167	800002bc	411d5cb3	sra	x25,x26,x17	 x26:0x00000000 x17:0x0000df64 x25=0x00000000
        1695000	       168	800002c0	de4e50b7	lui	x1,0xde4e5	  x1=0xde4e5000
        1705000	       169	800002c4	00800713	addi	x14,x0,8	  x0:0x00000000 x14=0x00000008
        1715000	       170	800002c8	006d3a33	sltu	x20,x26,x6	 x26:0x00000000  x6:0x800022d0 x20=0x00000001
        1725000	       171	800002cc	40305d33	sra	x26,x0,x3	  x0:0x00000000  x3:0x1e90ba08 x26=0x00000000
        1735000	       172	800002d0	016f2333	slt	x6,x30,x22	 x30:0xfffff877 x22:0x00003a08  x6=0x00000001
        1745000	       173	800002d4	010cd213	srli	x4,x25,0x10	 x25:0x00000000  x4=0x00000000
        1755000	       174	800002d8	40c5d613	srai	x12,x11,0xc	 x11:0x00000001 x12=0x00000000
        1765000	       175	800002dc	4d503593	sltiu	x11,x0,1237	  x0:0x00000000 x11=0x00000001
        1775000	       176	800002e0	e2a9ba13	sltiu	x20,x19,-470	 x19:0x8000014c x20=0x00000001
        1785000	       177	800002e4	ad9e2e93	slti	x29,x28,-1319	 x28:0x0ba08000 x29=0x00000000
        1795000	       178	800002e8	008f2033	slt	x0,x30,x8	 x30:0xfffff877  x8:0x00000001
        1805000	       179	800002ec	00490913	addi	x18,x18,4	 x18:0x00000000 x18=0x00000004
        1815000	       180	800002f0	00599c93	slli	x25,x19,0x5	 x19:0x8000014c x25=0x00002980
        1825000	       181	800002f4	4198d093	srai	x1,x17,0x19	 x17:0x0000df64  x1=0x00000000
        1835000	       182	800002f8	fee946e3	blt	x18,x14,800002e4	 x18:0x00000004 x14:0x00000008
        1845000	       183	00000000	00000013	addi	x0,x0,0	  x0:0x00000000
        1855000	       184	800002e0	00000013	addi	x0,x0,0	  x0:0x00000000
        1865000	       185	800002e4	ad9e2e93	slti	x29,x28,-1319	 x28:0x0ba08000 x29=0x00000000
        1875000	       186	800002e8	008f2033	slt	x0,x30,x8	 x30:0xfffff877  x8:0x00000001
        1885000	       187	800002ec	00490913	addi	x18,x18,4	 x18:0x00000004 x18=0x00000008
        1895000	       188	800002f0	00599c93	slli	x25,x19,0x5	 x19:0x8000014c x25=0x00002980
        1905000	       189	800002f4	4198d093	srai	x1,x17,0x19	 x17:0x0000df64  x1=0x00000000
        1915000	       190	800002f8	fee946e3	blt	x18,x14,800002e4	 x18:0x00000008 x14:0x00000008
        1925000	       191	800002fc	639abe93	sltiu	x29,x21,1593	 x21:0x00000001 x29=0x00000001
        1935000	       192	80000300	00700313	addi	x6,x0,7	  x0:0x00000000  x6=0x00000007
        1945000	       193	80000304	41b90f33	sub	x30,x18,x27	 x18:0x00000008 x27:0x80009fc4 x30=0x7fff6044
        1955000	       194	80000308	9926b937	lui	x18,0x9926b	 x18=0x9926b000
        1965000	       195	8000030c	c2574713	xori	x14,x14,-987	 x14:0x00000008 x14=0xfffffc2d
        1975000	       196	80000310	00e52eb3	slt	x29,x10,x14	 x10:0x00003fff x14:0xfffffc2d x29=0x00000000
        1985000	       197	80000314	01802933	slt	x18,x0,x24	  x0:0x00000000 x24:0x80000000 x18=0x00000000
        1995000	       198	80000318	006e7933	and	x18,x28,x6	 x28:0x0ba08000  x6:0x00000007 x18=0x00000000
        2005000	       199	8000031c	00e00513	addi	x10,x0,14	  x0:0x00000000 x10=0x0000000e
        2015000	       200	80000320	1e580813	addi	x16,x16,485	 x16:0xfffffff8 x16=0x000001dd
        2025000	       201	80000324	4077dfb3	sra	x31,x15,x7	 x15:0xb8fdf000  x7:0x8000df64 x31=0xfb8fdf00
        2035000	       202	80000328	4068d733	sra	x14,x17,x6	 x17:0x0000df64  x6:0x00000007 x14=0x000001be
        2045000	       203	8000032c	00035897	auipc	x17,0x35	 x17=0x80035328
        2055000	       204	80000330	16fcc597	auipc	x11,0x16fcc	 x11=0x96fcc32c
        2065000	       205	80000334	d25ce213	ori	x4,x25,-731	 x25:0x00002980  x4=0xfffffda5
        2075000	       206	80000338	00730313	addi	x6,x6,7	  x6:0x00000007  x6=0x0000000e
        2085000	       207	8000033c	fea308e3	beq	x6,x10,8000032c	  x6:0x0000000e x10:0x0000000e
        2095000	       208	00000000	00000013	addi	x0,x0,0	  x0:0x00000000
        2105000	       209	80000328	00000013	addi	x0,x0,0	  x0:0x00000000
        2115000	       210	8000032c	00035897	auipc	x17,0x35	 x17=0x80035328
        2125000	       211	80000330	16fcc597	auipc	x11,0x16fcc	 x11=0x96fcc32c
        2135000	       212	80000334	d25ce213	ori	x4,x25,-731	 x25:0x00002980  x4=0xfffffda5
        2145000	       213	80000338	00730313	addi	x6,x6,7	  x6:0x0000000e  x6=0x00000015
        2155000	       214	8000033c	fea308e3	beq	x6,x10,8000032c	  x6:0x00000015 x10:0x0000000e
        2165000	       215	80000340	4105dcb3	sra	x25,x11,x16	 x11:0x96fcc32c x16:0x000001dd x25=0xfffffffc
        2175000	       216	80000344	00800893	addi	x17,x0,8	  x0:0x00000000 x17=0x00000008
        2185000	       217	80000348	712ccc93	xori	x25,x25,1810	 x25:0xfffffffc x25=0xfffff8ee
        2195000	       218	8000034c	00000013	addi	x0,x0,0	  x0:0x00000000
        2205000	       219	80000350	00e93833	sltu	x16,x18,x14	 x18:0x00000000 x14:0x000001be x16=0x00000001
        2215000	       220	80000354	004075b3	and	x11,x0,x4	  x0:0x00000000  x4:0xfffffda5 x11=0x00000000
        2225000	       221	80000358	d6667393	andi	x7,x12,-666	 x12:0x00000000  x7=0x00000000
        2235000	       222	8000035c	88f3f413	andi	x8,x7,-1905	  x7:0x00000000  x8=0x00000000
        2245000	       223	80000360	01200613	addi	x12,x0,18	  x0:0x00000000 x12=0x00000012
        2255000	       224	80000364	6ef18413	addi	x8,x3,1775	  x3:0x1e90ba08  x8=0x1e90c0f7
        2265000	       225	80000368	00000013	addi	x0,x0,0	  x0:0x00000000
        2275000	       226	8000036c	e8ef1b17	auipc	x22,0xe8ef1	 x22=0x68ef1368
        2285000	       227	80000370	630b7c93	andi	x25,x22,1584	 x22:0x68ef1368 x25=0x00000220
        2295000	       228	80000374	00288893	addi	x17,x17,2	 x17:0x00000008 x17=0x0000000a
        2305000	       229	80000378	fec8e8e3	bltu	x17,x12,80000368	 x17:0x0000000a x12:0x00000012
        2315000	       230	00000000	00000013	addi	x0,x0,0	  x0:0x00000000
        2325000	       231	80000364	00000013	addi	x0,x0,0	  x0:0x00000000
        2335000	       232	80000368	00000013	addi	x0,x0,0	  x0:0x00000000
        2345000	       233	8000036c	e8ef1b17	auipc	x22,0xe8ef1	 x22=0x68ef1368
        2355000	       234	80000370	630b7c93	andi	x25,x22,1584	 x22:0x68ef1368 x25=0x00000220
        2365000	       235	80000374	00288893	addi	x17,x17,2	 x17:0x0000000a x17=0x0000000c
        2375000	       236	80000378	fec8e8e3	bltu	x17,x12,80000368	 x17:0x0000000c x12:0x00000012
        2385000	       237	00000000	00000013	addi	x0,x0,0	  x0:0x00000000
        2395000	       238	80000364	00000013	addi	x0,x0,0	  x0:0x00000000
        2405000	       239	80000368	00000013	addi	x0,x0,0	  x0:0x00000000
        2415000	       240	8000036c	e8ef1b17	auipc	x22,0xe8ef1	 x22=0x68ef1368
        2425000	       241	80000370	630b7c93	andi	x25,x22,1584	 x22:0x68ef1368 x25=0x00000220
        2435000	       242	80000374	00288893	addi	x17,x17,2	 x17:0x0000000c x17=0x0000000e
        2445000	       243	80000378	fec8e8e3	bltu	x17,x12,80000368	 x17:0x0000000e x12:0x00000012
        2455000	       244	00000000	00000013	addi	x0,x0,0	  x0:0x00000000
        2465000	       245	80000364	00000013	addi	x0,x0,0	  x0:0x00000000
        2475000	       246	80000368	00000013	addi	x0,x0,0	  x0:0x00000000
        2485000	       247	8000036c	e8ef1b17	auipc	x22,0xe8ef1	 x22=0x68ef1368
        2495000	       248	80000370	630b7c93	andi	x25,x22,1584	 x22:0x68ef1368 x25=0x00000220
        2505000	       249	80000374	00288893	addi	x17,x17,2	 x17:0x0000000e x17=0x00000010
        2515000	       250	80000378	fec8e8e3	bltu	x17,x12,80000368	 x17:0x00000010 x12:0x00000012
        2525000	       251	00000000	00000013	addi	x0,x0,0	  x0:0x00000000
        2535000	       252	80000364	00000013	addi	x0,x0,0	  x0:0x00000000
        2545000	       253	80000368	00000013	addi	x0,x0,0	  x0:0x00000000
        2555000	       254	8000036c	e8ef1b17	auipc	x22,0xe8ef1	 x22=0x68ef1368
        2565000	       255	80000370	630b7c93	andi	x25,x22,1584	 x22:0x68ef1368 x25=0x00000220
        2575000	       256	80000374	00288893	addi	x17,x17,2	 x17:0x00000010 x17=0x00000012
        2585000	       257	80000378	fec8e8e3	bltu	x17,x12,80000368	 x17:0x00000012 x12:0x00000012
        2595000	       258	8000037c	40d580b3	sub	x1,x11,x13	 x11:0x00000000 x13:0x8000014d  x1=0x7ffffeb3
        2605000	       259	80000380	ffa00393	addi	x7,x0,-6	  x0:0x00000000  x7=0xfffffffa
        2615000	       260	80000384	00685fb3	srl	x31,x16,x6	 x16:0x00000001  x6:0x00000015 x31=0x00000000
        2625000	       261	80000388	00000013	addi	x0,x0,0	  x0:0x00000000
        2635000	       262	8000038c	0f510937	lui	x18,0xf510	 x18=0x0f510000
        2645000	       263	80000390	75aa8c93	addi	x25,x21,1882	 x21:0x00000001 x25=0x0000075b
        2655000	       264	80000394	013501b3	add	x3,x10,x19	 x10:0x0000000e x19:0x8000014c  x3=0x8000015a
        2665000	       265	80000398	c64db013	sltiu	x0,x27,-924	 x27:0x80009fc4
        2675000	       266	8000039c	40275f13	srai	x30,x14,0x2	 x14:0x000001be x30=0x0000006f
        2685000	       267	800003a0	00800713	addi	x14,x0,8	  x0:0x00000000 x14=0x00000008
        2695000	       268	800003a4	00db6533	or	x10,x22,x13	 x22:0x68ef1368 x13:0x8000014d x10=0xe8ef136d
        2705000	       269	800003a8	483c74b7	lui	x9,0x483c7	  x9=0x483c7000
        2715000	       270	800003ac	017a7933	and	x18,x20,x23	 x20:0x00000001 x23:0x80000000 x18=0x00000000
        2725000	       271	800003b0	01cf61b3	or	x3,x30,x28	 x30:0x0000006f x28:0x0ba08000  x3=0x0ba0806f
        2735000	       272	800003b4	ae073093	sltiu	x1,x14,-1312	 x14:0x00000008  x1=0x00000001
        2745000	       273	800003b8	0173eb33	or	x22,x7,x23	  x7:0xfffffffa x23:0x80000000 x22=0xfffffffa
        2755000	       274	800003bc	40ec51b3	sra	x3,x24,x14	 x24:0x80000000 x14:0x00000008  x3=0xff800000
        2765000	       275	800003c0	74b42993	slti	x19,x8,1867	  x8:0x1e90c0f7 x19=0x00000000
        2775000	       276	800003c4	002a1933	sll	x18,x20,x2	 x20:0x00000001  x2:0xfff000a5 x18=0x00000020
        2785000	       277	800003c8	f46f0c93	addi	x25,x30,-186	 x30:0x0000006f x25=0xffffffb5
        2795000	       278	800003cc	19cd0593	addi	x11,x26,412	 x26:0x00000000 x11=0x0000019c
        2805000	       279	800003d0	0055dcb3	srl	x25,x11,x5	 x11:0x0000019c  x5:0x80009f40 x25=0x0000019c
        2815000	       280	800003d4	012879b3	and	x19,x16,x18	 x16:0x00000001 x18:0x00000020 x19=0x00000000
        2825000	       281	800003d8	005ad013	srli	x0,x21,0x5	 x21:0x00000001
        2835000	       282	800003dc	0e824613	xori	x12,x4,232	  x4:0xfffffda5 x12=0xfffffd4d
        2845000	       283	800003e0	01c1df13	srli	x30,x3,0x1c	  x3:0xff800000 x30=0x0000000f
        2855000	       284	800003e4	00238393	addi	x7,x7,2	  x7:0xfffffffa  x7=0xfffffffc
        2865000	       285	800003e8	40238033	sub	x0,x7,x2	  x7:0xfffffffc  x2:0xfff000a5
        2875000	       286	800003ec	fce39ee3	bne	x7,x14,800003c8	  x7:0xfffffffc x14:0x00000008
        2885000	       287	00000000	00000013	addi	x0,x0,0	  x0:0x00000000
        2895000	       288	800003c4	00000013	addi	x0,x0,0	  x0:0x00000000
        2905000	       289	800003c8	f46f0c93	addi	x25,x30,-186	 x30:0x0000000f x25=0xffffff55
        2915000	       290	800003cc	19cd0593	addi	x11,x26,412	 x26:0x00000000 x11=0x0000019c
        2925000	       291	800003d0	0055dcb3	srl	x25,x11,x5	 x11:0x0000019c  x5:0x80009f40 x25=0x0000019c
        2935000	       292	800003d4	012879b3	and	x19,x16,x18	 x16:0x00000001 x18:0x00000020 x19=0x00000000
        2945000	       293	800003d8	005ad013	srli	x0,x21,0x5	 x21:0x00000001
        2955000	       294	800003dc	0e824613	xori	x12,x4,232	  x4:0xfffffda5 x12=0xfffffd4d
        2965000	       295	800003e0	01c1df13	srli	x30,x3,0x1c	  x3:0xff800000 x30=0x0000000f
        2975000	       296	800003e4	00238393	addi	x7,x7,2	  x7:0xfffffffc  x7=0xfffffffe
        2985000	       297	800003e8	40238033	sub	x0,x7,x2	  x7:0xfffffffe  x2:0xfff000a5
        2995000	       298	800003ec	fce39ee3	bne	x7,x14,800003c8	  x7:0xfffffffe x14:0x00000008
        3005000	       299	00000000	00000013	addi	x0,x0,0	  x0:0x00000000
        3015000	       300	800003c4	00000013	addi	x0,x0,0	  x0:0x00000000
        3025000	       301	800003c8	f46f0c93	addi	x25,x30,-186	 x30:0x0000000f x25=0xffffff55
        3035000	       302	800003cc	19cd0593	addi	x11,x26,412	 x26:0x00000000 x11=0x0000019c
        3045000	       303	800003d0	0055dcb3	srl	x25,x11,x5	 x11:0x0000019c  x5:0x80009f40 x25=0x0000019c
        3055000	       304	800003d4	012879b3	and	x19,x16,x18	 x16:0x00000001 x18:0x00000020 x19=0x00000000
        3065000	       305	800003d8	005ad013	srli	x0,x21,0x5	 x21:0x00000001
        3075000	       306	800003dc	0e824613	xori	x12,x4,232	  x4:0xfffffda5 x12=0xfffffd4d
        3085000	       307	800003e0	01c1df13	srli	x30,x3,0x1c	  x3:0xff800000 x30=0x0000000f
        3095000	       308	800003e4	00238393	addi	x7,x7,2	  x7:0xfffffffe  x7=0x00000000
        3105000	       309	800003e8	40238033	sub	x0,x7,x2	  x7:0x00000000  x2:0xfff000a5
        3115000	       310	800003ec	fce39ee3	bne	x7,x14,800003c8	  x7:0x00000000 x14:0x00000008
        3125000	       311	00000000	00000013	addi	x0,x0,0	  x0:0x00000000
        3135000	       312	800003c4	00000013	addi	x0,x0,0	  x0:0x00000000
        3145000	       313	800003c8	f46f0c93	addi	x25,x30,-186	 x30:0x0000000f x25=0xffffff55
        3155000	       314	800003cc	19cd0593	addi	x11,x26,412	 x26:0x00000000 x11=0x0000019c
        3165000	       315	800003d0	0055dcb3	srl	x25,x11,x5	 x11:0x0000019c  x5:0x80009f40 x25=0x0000019c
        3175000	       316	800003d4	012879b3	and	x19,x16,x18	 x16:0x00000001 x18:0x00000020 x19=0x00000000
        3185000	       317	800003d8	005ad013	srli	x0,x21,0x5	 x21:0x00000001
        3195000	       318	800003dc	0e824613	xori	x12,x4,232	  x4:0xfffffda5 x12=0xfffffd4d
        3205000	       319	800003e0	01c1df13	srli	x30,x3,0x1c	  x3:0xff800000 x30=0x0000000f
        3215000	       320	800003e4	00238393	addi	x7,x7,2	  x7:0x00000000  x7=0x00000002
        3225000	       321	800003e8	40238033	sub	x0,x7,x2	  x7:0x00000002  x2:0xfff000a5
        3235000	       322	800003ec	fce39ee3	bne	x7,x14,800003c8	  x7:0x00000002 x14:0x00000008
        3245000	       323	00000000	00000013	addi	x0,x0,0	  x0:0x00000000
        3255000	       324	800003c4	00000013	addi	x0,x0,0	  x0:0x00000000
        3265000	       325	800003c8	f46f0c93	addi	x25,x30,-186	 x30:0x0000000f x25=0xffffff55
        3275000	       326	800003cc	19cd0593	addi	x11,x26,412	 x26:0x00000000 x11=0x0000019c
        3285000	       327	800003d0	0055dcb3	srl	x25,x11,x5	 x11:0x0000019c  x5:0x80009f40 x25=0x0000019c
        3295000	       328	800003d4	012879b3	and	x19,x16,x18	 x16:0x00000001 x18:0x00000020 x19=0x00000000
        3305000	       329	800003d8	005ad013	srli	x0,x21,0x5	 x21:0x00000001
        3315000	       330	800003dc	0e824613	xori	x12,x4,232	  x4:0xfffffda5 x12=0xfffffd4d
        3325000	       331	800003e0	01c1df13	srli	x30,x3,0x1c	  x3:0xff800000 x30=0x0000000f
        3335000	       332	800003e4	00238393	addi	x7,x7,2	  x7:0x00000002  x7=0x00000004
        3345000	       333	800003e8	40238033	sub	x0,x7,x2	  x7:0x00000004  x2:0xfff000a5
        3355000	       334	800003ec	fce39ee3	bne	x7,x14,800003c8	  x7:0x00000004 x14:0x00000008
        3365000	       335	00000000	00000013	addi	x0,x0,0	  x0:0x00000000
        3375000	       336	800003c4	00000013	addi	x0,x0,0	  x0:0x00000000
        3385000	       337	800003c8	f46f0c93	addi	x25,x30,-186	 x30:0x0000000f x25=0xffffff55
        3395000	       338	800003cc	19cd0593	addi	x11,x26,412	 x26:0x00000000 x11=0x0000019c
        3405000	       339	800003d0	0055dcb3	srl	x25,x11,x5	 x11:0x0000019c  x5:0x80009f40 x25=0x0000019c
        3415000	       340	800003d4	012879b3	and	x19,x16,x18	 x16:0x00000001 x18:0x00000020 x19=0x00000000
        3425000	       341	800003d8	005ad013	srli	x0,x21,0x5	 x21:0x00000001
        3435000	       342	800003dc	0e824613	xori	x12,x4,232	  x4:0xfffffda5 x12=0xfffffd4d
        3445000	       343	800003e0	01c1df13	srli	x30,x3,0x1c	  x3:0xff800000 x30=0x0000000f
        3455000	       344	800003e4	00238393	addi	x7,x7,2	  x7:0x00000004  x7=0x00000006
        3465000	       345	800003e8	40238033	sub	x0,x7,x2	  x7:0x00000006  x2:0xfff000a5
        3475000	       346	800003ec	fce39ee3	bne	x7,x14,800003c8	  x7:0x00000006 x14:0x00000008
        3485000	       347	00000000	00000013	addi	x0,x0,0	  x0:0x00000000
        3495000	       348	800003c4	00000013	addi	x0,x0,0	  x0:0x00000000
        3505000	       349	800003c8	f46f0c93	addi	x25,x30,-186	 x30:0x0000000f x25=0xffffff55
        3515000	       350	800003cc	19cd0593	addi	x11,x26,412	 x26:0x00000000 x11=0x0000019c
        3525000	       351	800003d0	0055dcb3	srl	x25,x11,x5	 x11:0x0000019c  x5:0x80009f40 x25=0x0000019c
        3535000	       352	800003d4	012879b3	and	x19,x16,x18	 x16:0x00000001 x18:0x00000020 x19=0x00000000
        3545000	       353	800003d8	005ad013	srli	x0,x21,0x5	 x21:0x00000001
        3555000	       354	800003dc	0e824613	xori	x12,x4,232	  x4:0xfffffda5 x12=0xfffffd4d
        3565000	       355	800003e0	01c1df13	srli	x30,x3,0x1c	  x3:0xff800000 x30=0x0000000f
        3575000	       356	800003e4	00238393	addi	x7,x7,2	  x7:0x00000006  x7=0x00000008
        3585000	       357	800003e8	40238033	sub	x0,x7,x2	  x7:0x00000008  x2:0xfff000a5
        3595000	       358	800003ec	fce39ee3	bne	x7,x14,800003c8	  x7:0x00000008 x14:0x00000008
        3605000	       359	800003f0	00e0a833	slt	x16,x1,x14	  x1:0x00000001 x14:0x00000008 x16=0x00000001
        3615000	       360	800003f4	00900c93	addi	x25,x0,9	  x0:0x00000000 x25=0x00000009
        3625000	       361	800003f8	03483813	sltiu	x16,x16,52	 x16:0x00000001 x16=0x00000001
        3635000	       362	800003fc	00000013	addi	x0,x0,0	  x0:0x00000000
        3645000	       363	80000400	b077fe13	andi	x28,x15,-1273	 x15:0xb8fdf000 x28=0xb8fdf000
        3655000	       364	80000404	00c00693	addi	x13,x0,12	  x0:0x00000000 x13=0x0000000c
        3665000	       365	80000408	cd36c193	xori	x3,x13,-813	 x13:0x0000000c  x3=0xfffffcdf
        3675000	       366	8000040c	d0014c37	lui	x24,0xd0014	 x24=0xd0014000
        3685000	       367	80000410	00ac8c93	addi	x25,x25,10	 x25:0x00000009 x25=0x00000013
        3695000	       368	80000414	00200393	addi	x7,x0,2	  x0:0x00000000  x7=0x00000002
        3705000	       369	80000418	01b6d833	srl	x16,x13,x27	 x13:0x0000000c x27:0x80009fc4 x16=0x00000000
        3715000	       370	8000041c	eb5cef13	ori	x30,x25,-331	 x25:0x00000013 x30=0xfffffeb7
        3725000	       371	80000420	00fa4833	xor	x16,x20,x15	 x20:0x00000001 x15:0xb8fdf000 x16=0xb8fdf001
        3735000	       372	80000424	00790bb3	add	x23,x18,x7	 x18:0x00000020  x7:0x00000002 x23=0x00000022
        3745000	       373	80000428	006cab33	slt	x22,x25,x6	 x25:0x00000013  x6:0x00000015 x22=0x00000001
        3755000	       374	8000042c	00000013	addi	x0,x0,0	  x0:0x00000000
        3765000	       375	80000430	b1bb5317	auipc	x6,0xb1bb5	  x6=0x31bb542c
        3775000	       376	80000434	6f19b713	sltiu	x14,x19,1777	 x19:0x00000000 x14=0x00000001
        3785000	       377	80000438	002bdd33	srl	x26,x23,x2	 x23:0x00000022  x2:0xfff000a5 x26=0x00000001
        3795000	       378	8000043c	00391033	sll	x0,x18,x3	 x18:0x00000020  x3:0xfffffcdf
        3805000	       379	80000440	00b400b3	add	x1,x8,x11	  x8:0x1e90c0f7 x11:0x0000019c  x1=0x1e90c293
        3815000	       380	80000444	00a00413	addi	x8,x0,10	  x0:0x00000000  x8=0x0000000a
        3825000	       381	80000448	00f31113	slli	x2,x6,0xf	  x6:0x31bb542c  x2=0xaa160000
        3835000	       382	8000044c	002c9193	slli	x3,x25,0x2	 x25:0x00000013  x3=0x0000004c
        3845000	       383	80000450	6e04e217	auipc	x4,0x6e04e	  x4=0xee04e44c
        3855000	       384	80000454	00838393	addi	x7,x7,8	  x7:0x00000002  x7=0x0000000a
        3865000	       385	80000458	fe83ece3	bltu	x7,x8,80000450	  x7:0x0000000a  x8:0x0000000a
        3875000	       386	8000045c	00000013	addi	x0,x0,0	  x0:0x00000000
        3885000	       387	80000460	94ad6313	ori	x6,x26,-1718	 x26:0x00000001  x6=0xfffff94b
        3895000	       388	80000464	41c9db33	sra	x22,x19,x28	 x19:0x00000000 x28:0xb8fdf000 x22=0x00000000
        3905000	       389	80000468	aee52e97	auipc	x29,0xaee52	 x29=0x2ee52464
        3915000	       390	8000046c	404d84b3	sub	x9,x27,x4	 x27:0x80009fc4  x4:0xee04e44c  x9=0x91fbbb78
        3925000	       391	80000470	5d086113	ori	x2,x16,1488	 x16:0xb8fdf001  x2=0xb8fdf5d1
        3935000	       392	80000474	01368333	add	x6,x13,x19	 x13:0x0000000c x19:0x00000000  x6=0x0000000c
        3945000	       393	80000478	f8dcc8e3	blt	x25,x13,80000408	 x25:0x00000013 x13:0x0000000c
        3955000	       394	8000047c	00d71e13	slli	x28,x14,0xd	 x14:0x00000001 x28=0x00002000
        3965000	       395	80000480	00800893	addi	x17,x0,8	  x0:0x00000000 x17=0x00000008
        3975000	       396	80000484	00b74433	xor	x8,x14,x11	 x14:0x00000001 x11:0x0000019c  x8=0x0000019d
        3985000	       397	80000488	005bc033	xor	x0,x23,x5	 x23:0x00000022  x5:0x80009f40
        3995000	       398	8000048c	a8f52413	slti	x8,x10,-1393	 x10:0xe8ef136d  x8=0x00000001
        4005000	       399	80000490	00b00993	addi	x19,x0,11	  x0:0x00000000 x19=0x0000000b
        4015000	       400	80000494	41f801b3	sub	x3,x16,x31	 x16:0xb8fdf001 x31:0x00000000  x3=0xb8fdf001
        4025000	       401	80000498	402cd3b3	sra	x7,x25,x2	 x25:0x00000013  x2:0xb8fdf5d1  x7=0x00000000
        4035000	       402	8000049c	ecb1cc37	lui	x24,0xecb1c	 x24=0xecb1c000
        4045000	       403	800004a0	40d75813	srai	x16,x14,0xd	 x14:0x00000001 x16=0x00000000
        4055000	       404	800004a4	00688893	addi	x17,x17,6	 x17:0x00000008 x17=0x0000000e
        4065000	       405	800004a8	41dcdb93	srai	x23,x25,0x1d	 x25:0x00000013 x23=0x00000000
        4075000	       406	800004ac	00c2a5b3	slt	x11,x5,x12	  x5:0x80009f40 x12:0xfffffd4d x11=0x00000001
        4085000	       407	800004b0	cd027b17	auipc	x22,0xcd027	 x22=0x4d0274ac
        4095000	       408	800004b4	00500c93	addi	x25,x0,5	  x0:0x00000000 x25=0x00000005
        4105000	       409	800004b8	013fa933	slt	x18,x31,x19	 x31:0x00000000 x19:0x0000000b x18=0x00000001
        4115000	       410	800004bc	00500e13	addi	x28,x0,5	  x0:0x00000000 x28=0x00000005
        4125000	       411	800004c0	00ca3a33	sltu	x20,x20,x12	 x20:0x00000001 x12:0xfffffd4d x20=0x00000001
        4135000	       412	800004c4	009faa33	slt	x20,x31,x9	 x31:0x00000000  x9:0x91fbbb78 x20=0x00000000
        4145000	       413	800004c8	00fda0b3	slt	x1,x27,x15	 x27:0x80009fc4 x15:0xb8fdf000  x1=0x00000001
        4155000	       414	800004cc	a6220d13	addi	x26,x4,-1438	  x4:0xee04e44c x26=0xee04deae
        4165000	       415	800004d0	6247b493	sltiu	x9,x15,1572	 x15:0xb8fdf000  x9=0x00000000
        4175000	       416	800004d4	00643bb3	sltu	x23,x8,x6	  x8:0x00000001  x6:0x0000000c x23=0x00000001
        4185000	       417	800004d8	ffcc8c93	addi	x25,x25,-4	 x25:0x00000005 x25=0x00000001
        4195000	       418	800004dc	606f3213	sltiu	x4,x30,1542	 x30:0xfffffeb7  x4=0x00000000
        4205000	       419	800004e0	01569613	slli	x12,x13,0x15	 x13:0x0000000c x12=0x01800000
        4215000	       420	800004e4	4170d413	srai	x8,x1,0x17	  x1:0x00000001  x8=0x00000000
        4225000	       421	800004e8	d1bfc713	xori	x14,x31,-741	 x31:0x00000000 x14=0xfffffd1b
        4235000	       422	800004ec	00ae6b33	or	x22,x28,x10	 x28:0x00000005 x10:0xe8ef136d x22=0xe8ef136d
        4245000	       423	800004f0	fdccfae3	bgeu	x25,x28,800004c4	 x25:0x00000001 x28:0x00000005
        4255000	       424	800004f4	fb38c0e3	blt	x17,x19,80000494	 x17:0x0000000e x19:0x0000000b
        4265000	       425	800004f8	768a3f13	sltiu	x30,x20,1896	 x20:0x00000000 x30=0x00000001
        4275000	       426	800004fc	00900f93	addi	x31,x0,9	  x0:0x00000000 x31=0x00000009
        4285000	       427	80000500	1f64c737	lui	x14,0x1f64c	 x14=0x1f64c000
        4295000	       428	80000504	34e4e3b7	lui	x7,0x34e4e	  x7=0x34e4e000
        4305000	       429	80000508	d3f30493	addi	x9,x6,-705	  x6:0x0000000c  x9=0xfffffd4b
        4315000	       430	8000050c	40a583b3	sub	x7,x11,x10	 x11:0x00000001 x10:0xe8ef136d  x7=0x1710ec94
        4325000	       431	80000510	00900f13	addi	x30,x0,9	  x0:0x00000000 x30=0x00000009
        4335000	       432	80000514	01940a33	add	x20,x8,x25	  x8:0x00000000 x25:0x00000001 x20=0x00000001
        4345000	       433	80000518	844afc93	andi	x25,x21,-1980	 x21:0x00000001 x25=0x00000000
        4355000	       434	8000051c	003f4e33	xor	x28,x30,x3	 x30:0x00000009  x3:0xb8fdf001 x28=0xb8fdf008
        4365000	       435	80000520	0109a8b3	slt	x17,x19,x16	 x19:0x0000000b x16:0x00000000 x17=0x00000000
        4375000	       436	80000524	01da9b13	slli	x22,x21,0x1d	 x21:0x00000001 x22=0x20000000
        4385000	       437	80000528	005dc7b3	xor	x15,x27,x5	 x27:0x80009fc4  x5:0x80009f40 x15=0x00000084
        4395000	       438	8000052c	ffcf8f93	addi	x31,x31,-4	 x31:0x00000009 x31=0x00000005
        4405000	       439	80000530	00500113	addi	x2,x0,5	  x0:0x00000000  x2=0x00000005
        4415000	       440	80000534	7b874613	xori	x12,x14,1976	 x14:0x1f64c000 x12=0x1f64c7b8
        4425000	       441	80000538	01400193	addi	x3,x0,20	  x0:0x00000000  x3=0x00000014
        4435000	       442	8000053c	00557b33	and	x22,x10,x5	 x10:0xe8ef136d  x5:0x80009f40 x22=0x80001340
        4445000	       443	80000540	00fae0b3	or	x1,x21,x15	 x21:0x00000001 x15:0x00000084  x1=0x00000085
        4455000	       444	80000544	00c27433	and	x8,x4,x12	  x4:0x00000000 x12:0x1f64c7b8  x8=0x00000000
        4465000	       445	80000548	00210113	addi	x2,x2,2	  x2:0x00000005  x2=0x00000007
        4475000	       446	8000054c	00ea27b3	slt	x15,x20,x14	 x20:0x00000001 x14:0x1f64c000 x15=0x00000001
        4485000	       447	80000550	006949b3	xor	x19,x18,x6	 x18:0x00000001  x6:0x0000000c x19=0x0000000d
        4495000	       448	80000554	408d5d13	srai	x26,x26,0x8	 x26:0xee04deae x26=0xffee04de
        4505000	       449	80000558	e4cae593	ori	x11,x21,-436	 x21:0x00000001 x11=0xfffffe4d
        4515000	       450	8000055c	fe3140e3	blt	x2,x3,8000053c	  x2:0x00000007  x3:0x00000014
        4525000	       451	00000000	00000013	addi	x0,x0,0	  x0:0x00000000
        4535000	       452	80000538	00000013	addi	x0,x0,0	  x0:0x00000000
        4545000	       453	8000053c	00557b33	and	x22,x10,x5	 x10:0xe8ef136d  x5:0x80009f40 x22=0x80001340
        4555000	       454	80000540	00fae0b3	or	x1,x21,x15	 x21:0x00000001 x15:0x00000001  x1=0x00000001
        4565000	       455	80000544	00c27433	and	x8,x4,x12	  x4:0x00000000 x12:0x1f64c7b8  x8=0x00000000
        4575000	       456	80000548	00210113	addi	x2,x2,2	  x2:0x00000007  x2=0x00000009
        4585000	       457	8000054c	00ea27b3	slt	x15,x20,x14	 x20:0x00000001 x14:0x1f64c000 x15=0x00000001
        4595000	       458	80000550	006949b3	xor	x19,x18,x6	 x18:0x00000001  x6:0x0000000c x19=0x0000000d
        4605000	       459	80000554	408d5d13	srai	x26,x26,0x8	 x26:0xffee04de x26=0xffffee04
        4615000	       460	80000558	e4cae593	ori	x11,x21,-436	 x21:0x00000001 x11=0xfffffe4d
        4625000	       461	8000055c	fe3140e3	blt	x2,x3,8000053c	  x2:0x00000009  x3:0x00000014
        4635000	       462	00000000	00000013	addi	x0,x0,0	  x0:0x00000000
        4645000	       463	80000538	00000013	addi	x0,x0,0	  x0:0x00000000
        4655000	       464	8000053c	00557b33	and	x22,x10,x5	 x10:0xe8ef136d  x5:0x80009f40 x22=0x80001340
        4665000	       465	80000540	00fae0b3	or	x1,x21,x15	 x21:0x00000001 x15:0x00000001  x1=0x00000001
        4675000	       466	80000544	00c27433	and	x8,x4,x12	  x4:0x00000000 x12:0x1f64c7b8  x8=0x00000000
        4685000	       467	80000548	00210113	addi	x2,x2,2	  x2:0x00000009  x2=0x0000000b
        4695000	       468	8000054c	00ea27b3	slt	x15,x20,x14	 x20:0x00000001 x14:0x1f64c000 x15=0x00000001
        4705000	       469	80000550	006949b3	xor	x19,x18,x6	 x18:0x00000001  x6:0x0000000c x19=0x0000000d
        4715000	       470	80000554	408d5d13	srai	x26,x26,0x8	 x26:0xffffee04 x26=0xffffffee
        4725000	       471	80000558	e4cae593	ori	x11,x21,-436	 x21:0x00000001 x11=0xfffffe4d
        4735000	       472	8000055c	fe3140e3	blt	x2,x3,8000053c	  x2:0x0000000b  x3:0x00000014
        4745000	       473	00000000	00000013	addi	x0,x0,0	  x0:0x00000000
        4755000	       474	80000538	00000013	addi	x0,x0,0	  x0:0x00000000
        4765000	       475	8000053c	00557b33	and	x22,x10,x5	 x10:0xe8ef136d  x5:0x80009f40 x22=0x80001340
        4775000	       476	80000540	00fae0b3	or	x1,x21,x15	 x21:0x00000001 x15:0x00000001  x1=0x00000001
        4785000	       477	80000544	00c27433	and	x8,x4,x12	  x4:0x00000000 x12:0x1f64c7b8  x8=0x00000000
        4795000	       478	80000548	00210113	addi	x2,x2,2	  x2:0x0000000b  x2=0x0000000d
        4805000	       479	8000054c	00ea27b3	slt	x15,x20,x14	 x20:0x00000001 x14:0x1f64c000 x15=0x00000001
        4815000	       480	80000550	006949b3	xor	x19,x18,x6	 x18:0x00000001  x6:0x0000000c x19=0x0000000d
        4825000	       481	80000554	408d5d13	srai	x26,x26,0x8	 x26:0xffffffee x26=0xffffffff
        4835000	       482	80000558	e4cae593	ori	x11,x21,-436	 x21:0x00000001 x11=0xfffffe4d
        4845000	       483	8000055c	fe3140e3	blt	x2,x3,8000053c	  x2:0x0000000d  x3:0x00000014
        4855000	       484	00000000	00000013	addi	x0,x0,0	  x0:0x00000000
        4865000	       485	80000538	00000013	addi	x0,x0,0	  x0:0x00000000
        4875000	       486	8000053c	00557b33	and	x22,x10,x5	 x10:0xe8ef136d  x5:0x80009f40 x22=0x80001340
        4885000	       487	80000540	00fae0b3	or	x1,x21,x15	 x21:0x00000001 x15:0x00000001  x1=0x00000001
        4895000	       488	80000544	00c27433	and	x8,x4,x12	  x4:0x00000000 x12:0x1f64c7b8  x8=0x00000000
        4905000	       489	80000548	00210113	addi	x2,x2,2	  x2:0x0000000d  x2=0x0000000f
        4915000	       490	8000054c	00ea27b3	slt	x15,x20,x14	 x20:0x00000001 x14:0x1f64c000 x15=0x00000001
        4925000	       491	80000550	006949b3	xor	x19,x18,x6	 x18:0x00000001  x6:0x0000000c x19=0x0000000d
        4935000	       492	80000554	408d5d13	srai	x26,x26,0x8	 x26:0xffffffff x26=0xffffffff
        4945000	       493	80000558	e4cae593	ori	x11,x21,-436	 x21:0x00000001 x11=0xfffffe4d
        4955000	       494	8000055c	fe3140e3	blt	x2,x3,8000053c	  x2:0x0000000f  x3:0x00000014
        4965000	       495	00000000	00000013	addi	x0,x0,0	  x0:0x00000000
        4975000	       496	80000538	00000013	addi	x0,x0,0	  x0:0x00000000
        4985000	       497	8000053c	00557b33	and	x22,x10,x5	 x10:0xe8ef136d  x5:0x80009f40 x22=0x80001340
        4995000	       498	80000540	00fae0b3	or	x1,x21,x15	 x21:0x00000001 x15:0x00000001  x1=0x00000001
        5005000	       499	80000544	00c27433	and	x8,x4,x12	  x4:0x00000000 x12:0x1f64c7b8  x8=0x00000000
        5015000	       500	80000548	00210113	addi	x2,x2,2	  x2:0x0000000f  x2=0x00000011
        5025000	       501	8000054c	00ea27b3	slt	x15,x20,x14	 x20:0x00000001 x14:0x1f64c000 x15=0x00000001
        5035000	       502	80000550	006949b3	xor	x19,x18,x6	 x18:0x00000001  x6:0x0000000c x19=0x0000000d
        5045000	       503	80000554	408d5d13	srai	x26,x26,0x8	 x26:0xffffffff x26=0xffffffff
        5055000	       504	80000558	e4cae593	ori	x11,x21,-436	 x21:0x00000001 x11=0xfffffe4d
        5065000	       505	8000055c	fe3140e3	blt	x2,x3,8000053c	  x2:0x00000011  x3:0x00000014
        5075000	       506	00000000	00000013	addi	x0,x0,0	  x0:0x00000000
        5085000	       507	80000538	00000013	addi	x0,x0,0	  x0:0x00000000
        5095000	       508	8000053c	00557b33	and	x22,x10,x5	 x10:0xe8ef136d  x5:0x80009f40 x22=0x80001340
        5105000	       509	80000540	00fae0b3	or	x1,x21,x15	 x21:0x00000001 x15:0x00000001  x1=0x00000001
        5115000	       510	80000544	00c27433	and	x8,x4,x12	  x4:0x00000000 x12:0x1f64c7b8  x8=0x00000000
        5125000	       511	80000548	00210113	addi	x2,x2,2	  x2:0x00000011  x2=0x00000013
        5135000	       512	8000054c	00ea27b3	slt	x15,x20,x14	 x20:0x00000001 x14:0x1f64c000 x15=0x00000001
        5145000	       513	80000550	006949b3	xor	x19,x18,x6	 x18:0x00000001  x6:0x0000000c x19=0x0000000d
        5155000	       514	80000554	408d5d13	srai	x26,x26,0x8	 x26:0xffffffff x26=0xffffffff
        5165000	       515	80000558	e4cae593	ori	x11,x21,-436	 x21:0x00000001 x11=0xfffffe4d
        5175000	       516	8000055c	fe3140e3	blt	x2,x3,8000053c	  x2:0x00000013  x3:0x00000014
        5185000	       517	00000000	00000013	addi	x0,x0,0	  x0:0x00000000
        5195000	       518	80000538	00000013	addi	x0,x0,0	  x0:0x00000000
        5205000	       519	8000053c	00557b33	and	x22,x10,x5	 x10:0xe8ef136d  x5:0x80009f40 x22=0x80001340
        5215000	       520	80000540	00fae0b3	or	x1,x21,x15	 x21:0x00000001 x15:0x00000001  x1=0x00000001
        5225000	       521	80000544	00c27433	and	x8,x4,x12	  x4:0x00000000 x12:0x1f64c7b8  x8=0x00000000
        5235000	       522	80000548	00210113	addi	x2,x2,2	  x2:0x00000013  x2=0x00000015
        5245000	       523	8000054c	00ea27b3	slt	x15,x20,x14	 x20:0x00000001 x14:0x1f64c000 x15=0x00000001
        5255000	       524	80000550	006949b3	xor	x19,x18,x6	 x18:0x00000001  x6:0x0000000c x19=0x0000000d
        5265000	       525	80000554	408d5d13	srai	x26,x26,0x8	 x26:0xffffffff x26=0xffffffff
        5275000	       526	80000558	e4cae593	ori	x11,x21,-436	 x21:0x00000001 x11=0xfffffe4d
        5285000	       527	8000055c	fe3140e3	blt	x2,x3,8000053c	  x2:0x00000015  x3:0x00000014
        5295000	       528	80000560	017b0b33	add	x22,x22,x23	 x22:0x80001340 x23:0x00000001 x22=0x80001341
        5305000	       529	80000564	00883633	sltu	x12,x16,x8	 x16:0x00000000  x8:0x00000000 x12=0x00000000
        5315000	       530	80000568	f5c46313	ori	x6,x8,-164	  x8:0x00000000  x6=0xffffff5c
        5325000	       531	8000056c	a72af013	andi	x0,x21,-1422	 x21:0x00000001
        5335000	       532	80000570	5d877213	andi	x4,x14,1496	 x14:0x1f64c000  x4=0x00000000
        5345000	       533	80000574	0082ebb3	or	x23,x5,x8	  x5:0x80009f40  x8:0x00000000 x23=0x80009f40
        5355000	       534	80000578	fbeff4e3	bgeu	x31,x30,80000520	 x31:0x00000005 x30:0x00000009
        5365000	       535	8000057c	015e64b3	or	x9,x28,x21	 x28:0xb8fdf008 x21:0x00000001  x9=0xb8fdf009
        5375000	       536	80000580	00a00e93	addi	x29,x0,10	  x0:0x00000000 x29=0x0000000a
        5385000	       537	80000584	28fc3313	sltiu	x6,x24,655	 x24:0xecb1c000  x6=0x00000000
        5395000	       538	80000588	00000013	addi	x0,x0,0	  x0:0x00000000
        5405000	       539	8000058c	00a9f9b3	and	x19,x19,x10	 x19:0x0000000d x10:0xe8ef136d x19=0x0000000d
        5415000	       540	80000590	0032f7b3	and	x15,x5,x3	  x5:0x80009f40  x3:0x00000014 x15=0x00000000
        5425000	       541	80000594	8699aa13	slti	x20,x19,-1943	 x19:0x0000000d x20=0x00000000
        5435000	       542	80000598	03d68993	addi	x19,x13,61	 x13:0x0000000c x19=0x00000049
        5445000	       543	8000059c	12a40b13	addi	x22,x8,298	  x8:0x00000000 x22=0x0000012a
        5455000	       544	800005a0	0896fc93	andi	x25,x13,137	 x13:0x0000000c x25=0x00000008
        5465000	       545	800005a4	9a2af493	andi	x9,x21,-1630	 x21:0x00000001  x9=0x00000000
        5475000	       546	800005a8	40865b13	srai	x22,x12,0x8	 x12:0x00000000 x22=0x00000000
        5485000	       547	800005ac	c9f86913	ori	x18,x16,-865	 x16:0x00000000 x18=0xfffffc9f
        5495000	       548	800005b0	0173b6b3	sltu	x13,x7,x23	  x7:0x1710ec94 x23:0x80009f40 x13=0x00000001
        5505000	       549	800005b4	01000c13	addi	x24,x0,16	  x0:0x00000000 x24=0x00000010
        5515000	       550	800005b8	24b77a13	andi	x20,x14,587	 x14:0x1f64c000 x20=0x00000000
        5525000	       551	800005bc	01f4a4b3	slt	x9,x9,x31	  x9:0x00000000 x31:0x00000005  x9=0x00000001
        5535000	       552	800005c0	01dc83b3	add	x7,x25,x29	 x25:0x00000008 x29:0x0000000a  x7=0x00000012
        5545000	       553	800005c4	003e8e93	addi	x29,x29,3	 x29:0x0000000a x29=0x0000000d
        5555000	       554	800005c8	00000013	addi	x0,x0,0	  x0:0x00000000
        5565000	       555	800005cc	411f8733	sub	x14,x31,x17	 x31:0x00000005 x17:0x00000000 x14=0x00000005
        5575000	       556	800005d0	ff8ee6e3	bltu	x29,x24,800005bc	 x29:0x0000000d x24:0x00000010
        5585000	       557	00000000	00000013	addi	x0,x0,0	  x0:0x00000000
        5595000	       558	800005b8	00000013	addi	x0,x0,0	  x0:0x00000000
        5605000	       559	800005bc	01f4a4b3	slt	x9,x9,x31	  x9:0x00000001 x31:0x00000005  x9=0x00000001
        5615000	       560	800005c0	01dc83b3	add	x7,x25,x29	 x25:0x00000008 x29:0x0000000d  x7=0x00000015
        5625000	       561	800005c4	003e8e93	addi	x29,x29,3	 x29:0x0000000d x29=0x00000010
        5635000	       562	800005c8	00000013	addi	x0,x0,0	  x0:0x00000000
        5645000	       563	800005cc	411f8733	sub	x14,x31,x17	 x31:0x00000005 x17:0x00000000 x14=0x00000005
        5655000	       564	800005d0	ff8ee6e3	bltu	x29,x24,800005bc	 x29:0x00000010 x24:0x00000010
        5665000	       565	800005d4	bd8e7013	andi	x0,x28,-1064	 x28:0xb8fdf008
        5675000	       566	800005d8	00600893	addi	x17,x0,6	  x0:0x00000000 x17=0x00000006
        5685000	       567	800005dc	0028de13	srli	x28,x17,0x2	 x17:0x00000006 x28=0x00000001
        5695000	       568	800005e0	017eaa33	slt	x20,x29,x23	 x29:0x00000010 x23:0x80009f40 x20=0x00000000
        5705000	       569	800005e4	01f81493	slli	x9,x16,0x1f	 x16:0x00000000  x9=0x00000000
        5715000	       570	800005e8	ff400593	addi	x11,x0,-12	  x0:0x00000000 x11=0xfffffff4
        5725000	       571	800005ec	00f01733	sll	x14,x0,x15	  x0:0x00000000 x15:0x00000000 x14=0x00000000
        5735000	       572	800005f0	00e00833	add	x16,x0,x14	  x0:0x00000000 x14:0x00000000 x16=0x00000000
        5745000	       573	800005f4	6e4309b7	lui	x19,0x6e430	 x19=0x6e430000
        5755000	       574	800005f8	880c6993	ori	x19,x24,-1920	 x24:0x00000010 x19=0xfffff890
        5765000	       575	800005fc	00000013	addi	x0,x0,0	  x0:0x00000000
        5775000	       576	80000600	40b35213	srai	x4,x6,0xb	  x6:0x00000000  x4=0x00000000
        5785000	       577	80000604	ff788893	addi	x17,x17,-9	 x17:0x00000006 x17=0xfffffffd
        5795000	       578	80000608	00a00093	addi	x1,x0,10	  x0:0x00000000  x1=0x0000000a
        5805000	       579	8000060c	00d061b3	or	x3,x0,x13	  x0:0x00000000 x13:0x00000001  x3=0x00000001
        5815000	       580	80000610	00577833	and	x16,x14,x5	 x14:0x00000000  x5:0x80009f40 x16=0x00000000
        5825000	       581	80000614	00000013	addi	x0,x0,0	  x0:0x00000000
        5835000	       582	80000618	00a00b13	addi	x22,x0,10	  x0:0x00000000 x22=0x0000000a
        5845000	       583	8000061c	b39d7313	andi	x6,x26,-1223	 x26:0xffffffff  x6=0xfffffb39
        5855000	       584	80000620	6668e613	ori	x12,x17,1638	 x17:0xfffffffd x12=0xffffffff
        5865000	       585	80000624	01a2de33	srl	x28,x5,x26	  x5:0x80009f40 x26:0xffffffff x28=0x00000001
        5875000	       586	80000628	01970433	add	x8,x14,x25	 x14:0x00000000 x25:0x00000008  x8=0x00000008
        5885000	       587	8000062c	008abeb3	sltu	x29,x21,x8	 x21:0x00000001  x8:0x00000008 x29=0x00000001
        5895000	       588	80000630	ff708093	addi	x1,x1,-9	  x1:0x0000000a  x1=0x00000001
        5905000	       589	80000634	00add613	srli	x12,x27,0xa	 x27:0x80009fc4 x12=0x00200027
        5915000	       590	80000638	ff60f8e3	bgeu	x1,x22,80000628	  x1:0x00000001 x22:0x0000000a
        5925000	       591	8000063c	73b24e93	xori	x29,x4,1851	  x4:0x00000000 x29=0x0000073b
        5935000	       592	80000640	fab88ce3	beq	x17,x11,800005f8	 x17:0xfffffffd x11:0xfffffff4
        5945000	       593	80000644	6aa7ba13	sltiu	x20,x15,1706	 x15:0x00000000 x20=0x00000001
        5955000	       594	80000648	00800113	addi	x2,x0,8	  x0:0x00000000  x2=0x00000008
        5965000	       595	8000064c	00800a13	addi	x20,x0,8	  x0:0x00000000 x20=0x00000008
        5975000	       596	80000650	01bd3533	sltu	x10,x26,x27	 x26:0xffffffff x27:0x80009fc4 x10=0x00000000
        5985000	       597	80000654	6f378713	addi	x14,x15,1779	 x15:0x00000000 x14=0x000006f3
        5995000	       598	80000658	7a59cb93	xori	x23,x19,1957	 x19:0xfffff890 x23=0xffffff35
        6005000	       599	8000065c	305958b7	lui	x17,0x30595	 x17=0x30595000
        6015000	       600	80000660	ffa10113	addi	x2,x2,-6	  x2:0x00000008  x2=0x00000002
        6025000	       601	80000664	005320b3	slt	x1,x6,x5	  x6:0xfffffb39  x5:0x80009f40  x1=0x00000000
        6035000	       602	80000668	00200913	addi	x18,x0,2	  x0:0x00000000 x18=0x00000002
        6045000	       603	8000066c	01b55693	srli	x13,x10,0x1b	 x10:0x00000000 x13=0x00000000
        6055000	       604	80000670	c4bab713	sltiu	x14,x21,-949	 x21:0x00000001 x14=0x00000001
        6065000	       605	80000674	00800493	addi	x9,x0,8	  x0:0x00000000  x9=0x00000008
        6075000	       606	80000678	01e628b3	slt	x17,x12,x30	 x12:0x00200027 x30:0x00000009 x17=0x00000000
        6085000	       607	8000067c	00d4bb33	sltu	x22,x9,x13	  x9:0x00000008 x13:0x00000000 x22=0x00000000
        6095000	       608	80000680	4110fe93	andi	x29,x1,1041	  x1:0x00000000 x29=0x00000000
        6105000	       609	80000684	00a90913	addi	x18,x18,10	 x18:0x00000002 x18=0x0000000c
        6115000	       610	80000688	0e5b0513	addi	x10,x22,229	 x22:0x00000000 x10=0x000000e5
        6125000	       611	8000068c	018c9e93	slli	x29,x25,0x18	 x25:0x00000008 x29=0x08000000
        6135000	       612	80000690	01eb55b3	srl	x11,x22,x30	 x22:0x00000000 x30:0x00000009 x11=0x00000000
        6145000	       613	80000694	002840b3	xor	x1,x16,x2	 x16:0x00000000  x2:0x00000002  x1=0x00000002
        6155000	       614	80000698	0683ae93	slti	x29,x7,104	  x7:0x00000015 x29=0x00000001
        6165000	       615	8000069c	00f5aeb3	slt	x29,x11,x15	 x11:0x00000000 x15:0x00000000 x29=0x00000000
        6175000	       616	800006a0	41345433	sra	x8,x8,x19	  x8:0x00000008 x19:0xfffff890  x8=0x00000000
        6185000	       617	800006a4	fc996ce3	bltu	x18,x9,8000067c	 x18:0x0000000c  x9:0x00000008
        6195000	       618	800006a8	6cd34393	xori	x7,x6,1741	  x6:0xfffffb39  x7=0xfffffdf4
        6205000	       619	800006ac	41a7d093	srai	x1,x15,0x1a	 x15:0x00000000  x1=0x00000000
        6215000	       620	800006b0	fb4170e3	bgeu	x2,x20,80000650	  x2:0x00000002 x20:0x00000008
        6225000	       621	800006b4	01ec5e33	srl	x28,x24,x30	 x24:0x00000010 x30:0x00000009 x28=0x00000000
        6235000	       622	800006b8	00100c93	addi	x25,x0,1	  x0:0x00000000 x25=0x00000001
        6245000	       623	800006bc	00835b13	srli	x22,x6,0x8	  x6:0xfffffb39 x22=0x00fffffb
        6255000	       624	800006c0	00900413	addi	x8,x0,9	  x0:0x00000000  x8=0x00000009
        6265000	       625	800006c4	01c0db93	srli	x23,x1,0x1c	  x1:0x00000000 x23=0x00000000
        6275000	       626	800006c8	01b308b3	add	x17,x6,x27	  x6:0xfffffb39 x27:0x80009fc4 x17=0x80009afd
        6285000	       627	800006cc	00e44fb3	xor	x31,x8,x14	  x8:0x00000009 x14:0x00000001 x31=0x00000008
        6295000	       628	800006d0	95f3b897	auipc	x17,0x95f3b	 x17=0x15f3b6cc
        6305000	       629	800006d4	006c8c93	addi	x25,x25,6	 x25:0x00000001 x25=0x00000007
        6315000	       630	800006d8	01ae57b3	srl	x15,x28,x26	 x28:0x00000000 x26:0xffffffff x15=0x00000000
        6325000	       631	800006dc	40fd5793	srai	x15,x26,0xf	 x26:0xffffffff x15=0xffffffff
        6335000	       632	800006e0	00000013	addi	x0,x0,0	  x0:0x00000000
        6345000	       633	800006e4	41565913	srai	x18,x12,0x15	 x12:0x00200027 x18=0x00000001
        6355000	       634	800006e8	fe8ce2e3	bltu	x25,x8,800006cc	 x25:0x00000007  x8:0x00000009
        6365000	       635	00000000	00000013	addi	x0,x0,0	  x0:0x00000000
        6375000	       636	800006c8	00000013	addi	x0,x0,0	  x0:0x00000000
        6385000	       637	800006cc	00e44fb3	xor	x31,x8,x14	  x8:0x00000009 x14:0x00000001 x31=0x00000008
        6395000	       638	800006d0	95f3b897	auipc	x17,0x95f3b	 x17=0x15f3b6cc
        6405000	       639	800006d4	006c8c93	addi	x25,x25,6	 x25:0x00000007 x25=0x0000000d
        6415000	       640	800006d8	01ae57b3	srl	x15,x28,x26	 x28:0x00000000 x26:0xffffffff x15=0x00000000
        6425000	       641	800006dc	40fd5793	srai	x15,x26,0xf	 x26:0xffffffff x15=0xffffffff
        6435000	       642	800006e0	00000013	addi	x0,x0,0	  x0:0x00000000
        6445000	       643	800006e4	41565913	srai	x18,x12,0x15	 x12:0x00200027 x18=0x00000001
        6455000	       644	800006e8	fe8ce2e3	bltu	x25,x8,800006cc	 x25:0x0000000d  x8:0x00000009
        6465000	       645	800006ec	40cfdf13	srai	x30,x31,0xc	 x31:0x00000008 x30=0x00000000
        6475000	       646	800006f0	ffe00913	addi	x18,x0,-2	  x0:0x00000000 x18=0xfffffffe
        6485000	       647	800006f4	00e4afb3	slt	x31,x9,x14	  x9:0x00000008 x14:0x00000001 x31=0x00000000
        6495000	       648	800006f8	40738033	sub	x0,x7,x7	  x7:0xfffffdf4  x7:0xfffffdf4
        6505000	       649	800006fc	5786bd13	sltiu	x26,x13,1400	 x13:0x00000000 x26=0x00000001
        6515000	       650	80000700	3e1bce13	xori	x28,x23,993	 x23:0x00000000 x28=0x000003e1
        6525000	       651	80000704	fec00113	addi	x2,x0,-20	  x0:0x00000000  x2=0xffffffec
        6535000	       652	80000708	00715393	srli	x7,x2,0x7	  x2:0xffffffec  x7=0x01ffffff
        6545000	       653	8000070c	00161b93	slli	x23,x12,0x1	 x12:0x00200027 x23=0x0040004e
        6555000	       654	80000710	1d45ac93	slti	x25,x11,468	 x11:0x00000000 x25=0x00000001
        6565000	       655	80000714	bc5f2a37	lui	x20,0xbc5f2	 x20=0xbc5f2000
        6575000	       656	80000718	00000013	addi	x0,x0,0	  x0:0x00000000
        6585000	       657	8000071c	ff890913	addi	x18,x18,-8	 x18:0xfffffffe x18=0xfffffff6
        6595000	       658	80000720	001529b3	slt	x19,x10,x1	 x10:0x000000e5  x1:0x00000000 x19=0x00000000
        6605000	       659	80000724	284e3493	sltiu	x9,x28,644	 x28:0x000003e1  x9=0x00000000
        6615000	       660	80000728	01480833	add	x16,x16,x20	 x16:0x00000000 x20:0xbc5f2000 x16=0xbc5f2000
        6625000	       661	8000072c	009b0f33	add	x30,x22,x9	 x22:0x00fffffb  x9:0x00000000 x30=0x00fffffb
        6635000	       662	80000730	8def6393	ori	x7,x30,-1826	 x30:0x00fffffb  x7=0xffffffff
        6645000	       663	80000734	41ce8833	sub	x16,x29,x28	 x29:0x00000000 x28:0x000003e1 x16=0xfffffc1f
        6655000	       664	80000738	0098df93	srli	x31,x17,0x9	 x17:0x15f3b6cc x31=0x000af9db
        6665000	       665	8000073c	84ab8797	auipc	x15,0x84ab8	 x15=0x04ab8738
        6675000	       666	80000740	fc2958e3	bge	x18,x2,80000710	 x18:0xfffffff6  x2:0xffffffec
        6685000	       667	00000000	00000013	addi	x0,x0,0	  x0:0x00000000
        6695000	       668	8000070c	00000013	addi	x0,x0,0	  x0:0x00000000
        6705000	       669	80000710	1d45ac93	slti	x25,x11,468	 x11:0x00000000 x25=0x00000001
        6715000	       670	80000714	bc5f2a37	lui	x20,0xbc5f2	 x20=0xbc5f2000
        6725000	       671	80000718	00000013	addi	x0,x0,0	  x0:0x00000000
        6735000	       672	8000071c	ff890913	addi	x18,x18,-8	 x18:0xfffffff6 x18=0xffffffee
        6745000	       673	80000720	001529b3	slt	x19,x10,x1	 x10:0x000000e5  x1:0x00000000 x19=0x00000000
        6755000	       674	80000724	284e3493	sltiu	x9,x28,644	 x28:0x000003e1  x9=0x00000000
        6765000	       675	80000728	01480833	add	x16,x16,x20	 x16:0xfffffc1f x20:0xbc5f2000 x16=0xbc5f1c1f
        6775000	       676	8000072c	009b0f33	add	x30,x22,x9	 x22:0x00fffffb  x9:0x00000000 x30=0x00fffffb
        6785000	       677	80000730	8def6393	ori	x7,x30,-1826	 x30:0x00fffffb  x7=0xffffffff
        6795000	       678	80000734	41ce8833	sub	x16,x29,x28	 x29:0x00000000 x28:0x000003e1 x16=0xfffffc1f
        6805000	       679	80000738	0098df93	srli	x31,x17,0x9	 x17:0x15f3b6cc x31=0x000af9db
        6815000	       680	8000073c	84ab8797	auipc	x15,0x84ab8	 x15=0x04ab8738
        6825000	       681	80000740	fc2958e3	bge	x18,x2,80000710	 x18:0xffffffee  x2:0xffffffec
        6835000	       682	00000000	00000013	addi	x0,x0,0	  x0:0x00000000
        6845000	       683	8000070c	00000013	addi	x0,x0,0	  x0:0x00000000
        6855000	       684	80000710	1d45ac93	slti	x25,x11,468	 x11:0x00000000 x25=0x00000001
        6865000	       685	80000714	bc5f2a37	lui	x20,0xbc5f2	 x20=0xbc5f2000
        6875000	       686	80000718	00000013	addi	x0,x0,0	  x0:0x00000000
        6885000	       687	8000071c	ff890913	addi	x18,x18,-8	 x18:0xffffffee x18=0xffffffe6
        6895000	       688	80000720	001529b3	slt	x19,x10,x1	 x10:0x000000e5  x1:0x00000000 x19=0x00000000
        6905000	       689	80000724	284e3493	sltiu	x9,x28,644	 x28:0x000003e1  x9=0x00000000
        6915000	       690	80000728	01480833	add	x16,x16,x20	 x16:0xfffffc1f x20:0xbc5f2000 x16=0xbc5f1c1f
        6925000	       691	8000072c	009b0f33	add	x30,x22,x9	 x22:0x00fffffb  x9:0x00000000 x30=0x00fffffb
        6935000	       692	80000730	8def6393	ori	x7,x30,-1826	 x30:0x00fffffb  x7=0xffffffff
        6945000	       693	80000734	41ce8833	sub	x16,x29,x28	 x29:0x00000000 x28:0x000003e1 x16=0xfffffc1f
        6955000	       694	80000738	0098df93	srli	x31,x17,0x9	 x17:0x15f3b6cc x31=0x000af9db
        6965000	       695	8000073c	84ab8797	auipc	x15,0x84ab8	 x15=0x04ab8738
        6975000	       696	80000740	fc2958e3	bge	x18,x2,80000710	 x18:0xffffffe6  x2:0xffffffec
        6985000	       697	80000744	00000013	addi	x0,x0,0	  x0:0x00000000
        6995000	       698	80000748	00900093	addi	x1,x0,9	  x0:0x00000000  x1=0x00000009
        7005000	       699	8000074c	003275b3	and	x11,x4,x3	  x4:0x00000000  x3:0x00000001 x11=0x00000000
        7015000	       700	80000750	01a195b3	sll	x11,x3,x26	  x3:0x00000001 x26:0x00000001 x11=0x00000002
        7025000	       701	80000754	00e3f8b3	and	x17,x7,x14	  x7:0xffffffff x14:0x00000001 x17=0x00000001
        7035000	       702	80000758	01b0b933	sltu	x18,x1,x27	  x1:0x00000009 x27:0x80009fc4 x18=0x00000001
        7045000	       703	8000075c	68334b37	lui	x22,0x68334	 x22=0x68334000
        7055000	       704	80000760	a4e42193	slti	x3,x8,-1458	  x8:0x00000009  x3=0x00000000
        7065000	       705	80000764	1712cf93	xori	x31,x5,369	  x5:0x80009f40 x31=0x80009e31
        7075000	       706	80000768	dc824513	xori	x10,x4,-568	  x4:0x00000000 x10=0xfffffdc8
        7085000	       707	8000076c	00900c93	addi	x25,x0,9	  x0:0x00000000 x25=0x00000009
        7095000	       708	80000770	00c43fb3	sltu	x31,x8,x12	  x8:0x00000009 x12:0x00200027 x31=0x00000001
        7105000	       709	80000774	a692bc17	auipc	x24,0xa692b	 x24=0x2692b770
        7115000	       710	80000778	0160bd33	sltu	x26,x1,x22	  x1:0x00000009 x22:0x68334000 x26=0x00000001
        7125000	       711	8000077c	90b55f37	lui	x30,0x90b55	 x30=0x90b55000
        7135000	       712	80000780	350e4613	xori	x12,x28,848	 x28:0x000003e1 x12=0x000000b1
        7145000	       713	80000784	008c0f33	add	x30,x24,x8	 x24:0x2692b770  x8:0x00000009 x30=0x2692b779
        7155000	       714	80000788	54a04c13	xori	x24,x0,1354	  x0:0x00000000 x24=0x0000054a
        7165000	       715	8000078c	ac8ce393	ori	x7,x25,-1336	 x25:0x00000009  x7=0xfffffac9
        7175000	       716	80000790	40e904b3	sub	x9,x18,x14	 x18:0x00000001 x14:0x00000001  x9=0x00000000
        7185000	       717	80000794	ff808093	addi	x1,x1,-8	  x1:0x00000009  x1=0x00000001
        7195000	       718	80000798	f95bc393	xori	x7,x23,-107	 x23:0x0040004e  x7=0xffbfffdb
        7205000	       719	8000079c	00c29813	slli	x16,x5,0xc	  x5:0x80009f40 x16=0x09f40000
        7215000	       720	800007a0	00959733	sll	x14,x11,x9	 x11:0x00000002  x9:0x00000000 x14=0x00000002
        7225000	       721	800007a4	0ff445b7	lui	x11,0xff44	 x11=0x0ff44000
        7235000	       722	800007a8	ff90f4e3	bgeu	x1,x25,80000790	  x1:0x00000001 x25:0x00000009
        7245000	       723	800007ac	e4c32317	auipc	x6,0xe4c32	  x6=0x64c327a8
        7255000	       724	800007b0	00700e13	addi	x28,x0,7	  x0:0x00000000 x28=0x00000007
        7265000	       725	800007b4	0768c693	xori	x13,x17,118	 x17:0x00000001 x13=0x00000077
        7275000	       726	800007b8	00c00793	addi	x15,x0,12	  x0:0x00000000 x15=0x0000000c
        7285000	       727	800007bc	01970b33	add	x22,x14,x25	 x14:0x00000002 x25:0x00000009 x22=0x0000000b
        7295000	       728	800007c0	01fb09b3	add	x19,x22,x31	 x22:0x0000000b x31:0x00000001 x19=0x0000000c
        7305000	       729	800007c4	6cf33613	sltiu	x12,x6,1743	  x6:0x64c327a8 x12=0x00000000
        7315000	       730	800007c8	00f81713	slli	x14,x16,0xf	 x16:0x09f40000 x14=0x00000000
        7325000	       731	800007cc	00a3a5b3	slt	x11,x7,x10	  x7:0xffbfffdb x10:0xfffffdc8 x11=0x00000001
        7335000	       732	800007d0	406e5eb3	sra	x29,x28,x6	 x28:0x00000007  x6:0x64c327a8 x29=0x00000000
        7345000	       733	800007d4	00a3d3b3	srl	x7,x7,x10	  x7:0xffbfffdb x10:0xfffffdc8  x7=0x00ffbfff
        7355000	       734	800007d8	9bd8e393	ori	x7,x17,-1603	 x17:0x00000001  x7=0xfffff9bd
        7365000	       735	800007dc	00ae18b3	sll	x17,x28,x10	 x28:0x00000007 x10:0xfffffdc8 x17=0x00000700
        7375000	       736	800007e0	01797cb3	and	x25,x18,x23	 x18:0x00000001 x23:0x0040004e x25=0x00000000
        7385000	       737	800007e4	012c00b3	add	x1,x24,x18	 x24:0x0000054a x18:0x00000001  x1=0x0000054b
        7395000	       738	800007e8	e9b04d37	lui	x26,0xe9b04	 x26=0xe9b04000
        7405000	       739	800007ec	01361633	sll	x12,x12,x19	 x12:0x00000000 x19:0x0000000c x12=0x00000000
        7415000	       740	800007f0	009e0e13	addi	x28,x28,9	 x28:0x00000007 x28=0x00000010
        7425000	       741	800007f4	e6cda593	slti	x11,x27,-404	 x27:0x80009fc4 x11=0x00000001
        7435000	       742	800007f8	01a7f633	and	x12,x15,x26	 x15:0x0000000c x26:0xe9b04000 x12=0x00000000
        7445000	       743	800007fc	011d7c33	and	x24,x26,x17	 x26:0xe9b04000 x17:0x00000700 x24=0x00000000
        7455000	       744	80000800	1197cf93	xori	x31,x15,281	 x15:0x0000000c x31=0x00000115
        7465000	       745	80000804	74fe7b37	lui	x22,0x74fe7	 x22=0x74fe7000
        7475000	       746	80000808	01193c33	sltu	x24,x18,x17	 x18:0x00000001 x17:0x00000700 x24=0x00000001
        7485000	       747	8000080c	00ed71b3	and	x3,x26,x14	 x26:0xe9b04000 x14:0x00000000  x3=0x00000000
        7495000	       748	80000810	0021d133	srl	x2,x3,x2	  x3:0x00000000  x2:0xffffffec  x2=0x00000000
        7505000	       749	80000814	001c2433	slt	x8,x24,x1	 x24:0x00000001  x1:0x0000054b  x8=0x00000001
        7515000	       750	80000818	10e7fc93	andi	x25,x15,270	 x15:0x0000000c x25=0x0000000c
        7525000	       751	8000081c	41e55113	srai	x2,x10,0x1e	 x10:0xfffffdc8  x2=0xffffffff
        7535000	       752	80000820	fafe46e3	blt	x28,x15,800007cc	 x28:0x00000010 x15:0x0000000c
        7545000	       753	80000824	8a9ba693	slti	x13,x23,-1879	 x23:0x0040004e x13=0x00000000
        7555000	       754	80000828	01fe6bb3	or	x23,x28,x31	 x28:0x00000010 x31:0x00000115 x23=0x00000115
        7565000	       755	8000082c	01279e93	slli	x29,x15,0x12	 x15:0x0000000c x29=0x00300000
        7575000	       756	80000830	49f66113	ori	x2,x12,1183	 x12:0x00000000  x2=0x0000049f
        7585000	       757	80000834	00c7a0b3	slt	x1,x15,x12	 x15:0x0000000c x12:0x00000000  x1=0x00000000
        7595000	       758	80000838	00000013	addi	x0,x0,0	  x0:0x00000000
        7605000	       759	8000083c	8b54fb13	andi	x22,x9,-1867	  x9:0x00000000 x22=0x00000000
        7615000	       760	80000840	034d4263	blt	x26,x20,80000864	 x26:0xe9b04000 x20:0xbc5f2000
        7625000	       761	80000844	00d93533	sltu	x10,x18,x13	 x18:0x00000001 x13:0x00000000 x10=0x00000000
        7635000	       762	80000848	002f03b3	add	x7,x30,x2	 x30:0x2692b779  x2:0x0000049f  x7=0x2692bc18
        7645000	       763	8000084c	01cc2433	slt	x8,x24,x28	 x24:0x00000001 x28:0x00000010  x8=0x00000001
        7655000	       764	80000850	648ef013	andi	x0,x29,1608	 x29:0x00300000
        7665000	       765	80000854	40bddc93	srai	x25,x27,0xb	 x27:0x80009fc4 x25=0xfff00013
        7675000	       766	80000858	00443f33	sltu	x30,x8,x4	  x8:0x00000001  x4:0x00000000 x30=0x00000000
        7685000	       767	8000085c	99ada093	slti	x1,x27,-1638	 x27:0x80009fc4  x1=0x00000001
        7695000	       768	80000860	03794663	blt	x18,x23,8000088c	 x18:0x00000001 x23:0x00000115
        7705000	       769	00000000	00000013	addi	x0,x0,0	  x0:0x00000000
        7715000	       770	80000888	00000013	addi	x0,x0,0	  x0:0x00000000
        7725000	       771	8000088c	037d1463	bne	x26,x23,800008b4	 x26:0xe9b04000 x23:0x00000115
        7735000	       772	00000000	00000013	addi	x0,x0,0	  x0:0x00000000
        7745000	       773	800008b0	00000013	addi	x0,x0,0	  x0:0x00000000
        7755000	       774	800008b4	a14e7c13	andi	x24,x28,-1516	 x28:0x00000010 x24=0x00000010
        7765000	       775	800008b8	015b8533	add	x10,x23,x21	 x23:0x00000115 x21:0x00000001 x10=0x00000116
        7775000	       776	800008bc	00e9f263	bgeu	x19,x14,800008c0	 x19:0x0000000c x14:0x00000000
        7785000	       777	00000000	00000013	addi	x0,x0,0	  x0:0x00000000
        7795000	       778	800008bc	00000013	addi	x0,x0,0	  x0:0x00000000
        7805000	       779	800008c0	40e55eb3	sra	x29,x10,x14	 x10:0x00000116 x14:0x00000000 x29=0x00000116
        7815000	       780	800008c4	014051b3	srl	x3,x0,x20	  x0:0x00000000 x20:0xbc5f2000  x3=0x00000000
        7825000	       781	800008c8	01d4e0b3	or	x1,x9,x29	  x9:0x00000000 x29:0x00000116  x1=0x00000116
        7835000	       782	800008cc	01bd31b3	sltu	x3,x26,x27	 x26:0xe9b04000 x27:0x80009fc4  x3=0x00000000
        7845000	       783	800008d0	b138b113	sltiu	x2,x17,-1261	 x17:0x00000700  x2=0x00000001
        7855000	       784	800008d4	00a00f93	addi	x31,x0,10	  x0:0x00000000 x31=0x0000000a
        7865000	       785	800008d8	d5997797	auipc	x15,0xd5997	 x15=0x559978d4
        7875000	       786	800008dc	00d5a233	slt	x4,x11,x13	 x11:0x00000001 x13:0x00000000  x4=0x00000000
        7885000	       787	800008e0	9ec7b613	sltiu	x12,x15,-1556	 x15:0x559978d4 x12=0x00000001
        7895000	       788	800008e4	00400493	addi	x9,x0,4	  x0:0x00000000  x9=0x00000004
        7905000	       789	800008e8	01134133	xor	x2,x6,x17	  x6:0x64c327a8 x17:0x00000700  x2=0x64c320a8
        7915000	       790	800008ec	000460b3	or	x1,x8,x0	  x8:0x00000001  x0:0x00000000  x1=0x00000001
        7925000	       791	800008f0	401288b3	sub	x17,x5,x1	  x5:0x80009f40  x1:0x00000001 x17=0x80009f3f
        7935000	       792	800008f4	01e357b3	srl	x15,x6,x30	  x6:0x64c327a8 x30:0x00000000 x15=0x64c327a8
        7945000	       793	800008f8	ffef8f93	addi	x31,x31,-2	 x31:0x0000000a x31=0x00000008
        7955000	       794	800008fc	00600a13	addi	x20,x0,6	  x0:0x00000000 x20=0x00000006
        7965000	       795	80000900	256af893	andi	x17,x21,598	 x21:0x00000001 x17=0x00000000
        7975000	       796	80000904	404f86b3	sub	x13,x31,x4	 x31:0x00000008  x4:0x00000000 x13=0x00000008
        7985000	       797	80000908	01b23033	sltu	x0,x4,x27	  x4:0x00000000 x27:0x80009fc4
        7995000	       798	8000090c	103e2013	slti	x0,x28,259	 x28:0x00000010
        8005000	       799	80000910	007015b3	sll	x11,x0,x7	  x0:0x00000000  x7:0x2692bc18 x11=0x00000000
        8015000	       800	80000914	0006a633	slt	x12,x13,x0	 x13:0x00000008  x0:0x00000000 x12=0x00000000
        8025000	       801	80000918	002a1cb3	sll	x25,x20,x2	 x20:0x00000006  x2:0x64c320a8 x25=0x00000600
        8035000	       802	8000091c	d6a88593	addi	x11,x17,-662	 x17:0x00000000 x11=0xfffffd6a
        8045000	       803	80000920	00b74433	xor	x8,x14,x11	 x14:0x00000000 x11:0xfffffd6a  x8=0xfffffd6a
        8055000	       804	80000924	ff500e93	addi	x29,x0,-11	  x0:0x00000000 x29=0xfffffff5
        8065000	       805	80000928	0018a9b3	slt	x19,x17,x1	 x17:0x00000000  x1:0x00000001 x19=0x00000001
        8075000	       806	8000092c	01aa66b3	or	x13,x20,x26	 x20:0x00000006 x26:0xe9b04000 x13=0xe9b04006
        8085000	       807	80000930	8ad82213	slti	x4,x16,-1875	 x16:0x09f40000  x4=0x00000000
        8095000	       808	80000934	ffba0a13	addi	x20,x20,-5	 x20:0x00000006 x20=0x00000001
        8105000	       809	80000938	ffda5ae3	bge	x20,x29,8000092c	 x20:0x00000001 x29:0xfffffff5
        8115000	       810	00000000	00000013	addi	x0,x0,0	  x0:0x00000000
        8125000	       811	80000928	00000013	addi	x0,x0,0	  x0:0x00000000
        8135000	       812	8000092c	01aa66b3	or	x13,x20,x26	 x20:0x00000001 x26:0xe9b04000 x13=0xe9b04001
        8145000	       813	80000930	8ad82213	slti	x4,x16,-1875	 x16:0x09f40000  x4=0x00000000
        8155000	       814	80000934	ffba0a13	addi	x20,x20,-5	 x20:0x00000001 x20=0xfffffffc
        8165000	       815	80000938	ffda5ae3	bge	x20,x29,8000092c	 x20:0xfffffffc x29:0xfffffff5
        8175000	       816	00000000	00000013	addi	x0,x0,0	  x0:0x00000000
        8185000	       817	80000928	00000013	addi	x0,x0,0	  x0:0x00000000
        8195000	       818	8000092c	01aa66b3	or	x13,x20,x26	 x20:0xfffffffc x26:0xe9b04000 x13=0xfffffffc
        8205000	       819	80000930	8ad82213	slti	x4,x16,-1875	 x16:0x09f40000  x4=0x00000000
        8215000	       820	80000934	ffba0a13	addi	x20,x20,-5	 x20:0xfffffffc x20=0xfffffff7
        8225000	       821	80000938	ffda5ae3	bge	x20,x29,8000092c	 x20:0xfffffff7 x29:0xfffffff5
        8235000	       822	00000000	00000013	addi	x0,x0,0	  x0:0x00000000
        8245000	       823	80000928	00000013	addi	x0,x0,0	  x0:0x00000000
        8255000	       824	8000092c	01aa66b3	or	x13,x20,x26	 x20:0xfffffff7 x26:0xe9b04000 x13=0xfffffff7
        8265000	       825	80000930	8ad82213	slti	x4,x16,-1875	 x16:0x09f40000  x4=0x00000000
        8275000	       826	80000934	ffba0a13	addi	x20,x20,-5	 x20:0xfffffff7 x20=0xfffffff2
        8285000	       827	80000938	ffda5ae3	bge	x20,x29,8000092c	 x20:0xfffffff2 x29:0xfffffff5
        8295000	       828	8000093c	fa9ffae3	bgeu	x31,x9,800008f0	 x31:0x00000008  x9:0x00000004
        8305000	       829	00000000	00000013	addi	x0,x0,0	  x0:0x00000000
        8315000	       830	800008ec	00000013	addi	x0,x0,0	  x0:0x00000000
        8325000	       831	800008f0	401288b3	sub	x17,x5,x1	  x5:0x80009f40  x1:0x00000001 x17=0x80009f3f
        8335000	       832	800008f4	01e357b3	srl	x15,x6,x30	  x6:0x64c327a8 x30:0x00000000 x15=0x64c327a8
        8345000	       833	800008f8	ffef8f93	addi	x31,x31,-2	 x31:0x00000008 x31=0x00000006
        8355000	       834	800008fc	00600a13	addi	x20,x0,6	  x0:0x00000000 x20=0x00000006
        8365000	       835	80000900	256af893	andi	x17,x21,598	 x21:0x00000001 x17=0x00000000
        8375000	       836	80000904	404f86b3	sub	x13,x31,x4	 x31:0x00000006  x4:0x00000000 x13=0x00000006
        8385000	       837	80000908	01b23033	sltu	x0,x4,x27	  x4:0x00000000 x27:0x80009fc4
        8395000	       838	8000090c	103e2013	slti	x0,x28,259	 x28:0x00000010
        8405000	       839	80000910	007015b3	sll	x11,x0,x7	  x0:0x00000000  x7:0x2692bc18 x11=0x00000000
        8415000	       840	80000914	0006a633	slt	x12,x13,x0	 x13:0x00000006  x0:0x00000000 x12=0x00000000
        8425000	       841	80000918	002a1cb3	sll	x25,x20,x2	 x20:0x00000006  x2:0x64c320a8 x25=0x00000600
        8435000	       842	8000091c	d6a88593	addi	x11,x17,-662	 x17:0x00000000 x11=0xfffffd6a
        8445000	       843	80000920	00b74433	xor	x8,x14,x11	 x14:0x00000000 x11:0xfffffd6a  x8=0xfffffd6a
        8455000	       844	80000924	ff500e93	addi	x29,x0,-11	  x0:0x00000000 x29=0xfffffff5
        8465000	       845	80000928	0018a9b3	slt	x19,x17,x1	 x17:0x00000000  x1:0x00000001 x19=0x00000001
        8475000	       846	8000092c	01aa66b3	or	x13,x20,x26	 x20:0x00000006 x26:0xe9b04000 x13=0xe9b04006
        8485000	       847	80000930	8ad82213	slti	x4,x16,-1875	 x16:0x09f40000  x4=0x00000000
        8495000	       848	80000934	ffba0a13	addi	x20,x20,-5	 x20:0x00000006 x20=0x00000001
        8505000	       849	80000938	ffda5ae3	bge	x20,x29,8000092c	 x20:0x00000001 x29:0xfffffff5
        8515000	       850	00000000	00000013	addi	x0,x0,0	  x0:0x00000000
        8525000	       851	80000928	00000013	addi	x0,x0,0	  x0:0x00000000
        8535000	       852	8000092c	01aa66b3	or	x13,x20,x26	 x20:0x00000001 x26:0xe9b04000 x13=0xe9b04001
        8545000	       853	80000930	8ad82213	slti	x4,x16,-1875	 x16:0x09f40000  x4=0x00000000
        8555000	       854	80000934	ffba0a13	addi	x20,x20,-5	 x20:0x00000001 x20=0xfffffffc
        8565000	       855	80000938	ffda5ae3	bge	x20,x29,8000092c	 x20:0xfffffffc x29:0xfffffff5
        8575000	       856	00000000	00000013	addi	x0,x0,0	  x0:0x00000000
        8585000	       857	80000928	00000013	addi	x0,x0,0	  x0:0x00000000
        8595000	       858	8000092c	01aa66b3	or	x13,x20,x26	 x20:0xfffffffc x26:0xe9b04000 x13=0xfffffffc
        8605000	       859	80000930	8ad82213	slti	x4,x16,-1875	 x16:0x09f40000  x4=0x00000000
        8615000	       860	80000934	ffba0a13	addi	x20,x20,-5	 x20:0xfffffffc x20=0xfffffff7
        8625000	       861	80000938	ffda5ae3	bge	x20,x29,8000092c	 x20:0xfffffff7 x29:0xfffffff5
        8635000	       862	00000000	00000013	addi	x0,x0,0	  x0:0x00000000
        8645000	       863	80000928	00000013	addi	x0,x0,0	  x0:0x00000000
        8655000	       864	8000092c	01aa66b3	or	x13,x20,x26	 x20:0xfffffff7 x26:0xe9b04000 x13=0xfffffff7
        8665000	       865	80000930	8ad82213	slti	x4,x16,-1875	 x16:0x09f40000  x4=0x00000000
        8675000	       866	80000934	ffba0a13	addi	x20,x20,-5	 x20:0xfffffff7 x20=0xfffffff2
        8685000	       867	80000938	ffda5ae3	bge	x20,x29,8000092c	 x20:0xfffffff2 x29:0xfffffff5
        8695000	       868	8000093c	fa9ffae3	bgeu	x31,x9,800008f0	 x31:0x00000006  x9:0x00000004
        8705000	       869	00000000	00000013	addi	x0,x0,0	  x0:0x00000000
        8715000	       870	800008ec	00000013	addi	x0,x0,0	  x0:0x00000000
        8725000	       871	800008f0	401288b3	sub	x17,x5,x1	  x5:0x80009f40  x1:0x00000001 x17=0x80009f3f
        8735000	       872	800008f4	01e357b3	srl	x15,x6,x30	  x6:0x64c327a8 x30:0x00000000 x15=0x64c327a8
        8745000	       873	800008f8	ffef8f93	addi	x31,x31,-2	 x31:0x00000006 x31=0x00000004
        8755000	       874	800008fc	00600a13	addi	x20,x0,6	  x0:0x00000000 x20=0x00000006
        8765000	       875	80000900	256af893	andi	x17,x21,598	 x21:0x00000001 x17=0x00000000
        8775000	       876	80000904	404f86b3	sub	x13,x31,x4	 x31:0x00000004  x4:0x00000000 x13=0x00000004
        8785000	       877	80000908	01b23033	sltu	x0,x4,x27	  x4:0x00000000 x27:0x80009fc4
        8795000	       878	8000090c	103e2013	slti	x0,x28,259	 x28:0x00000010
        8805000	       879	80000910	007015b3	sll	x11,x0,x7	  x0:0x00000000  x7:0x2692bc18 x11=0x00000000
        8815000	       880	80000914	0006a633	slt	x12,x13,x0	 x13:0x00000004  x0:0x00000000 x12=0x00000000
        8825000	       881	80000918	002a1cb3	sll	x25,x20,x2	 x20:0x00000006  x2:0x64c320a8 x25=0x00000600
        8835000	       882	8000091c	d6a88593	addi	x11,x17,-662	 x17:0x00000000 x11=0xfffffd6a
        8845000	       883	80000920	00b74433	xor	x8,x14,x11	 x14:0x00000000 x11:0xfffffd6a  x8=0xfffffd6a
        8855000	       884	80000924	ff500e93	addi	x29,x0,-11	  x0:0x00000000 x29=0xfffffff5
        8865000	       885	80000928	0018a9b3	slt	x19,x17,x1	 x17:0x00000000  x1:0x00000001 x19=0x00000001
        8875000	       886	8000092c	01aa66b3	or	x13,x20,x26	 x20:0x00000006 x26:0xe9b04000 x13=0xe9b04006
        8885000	       887	80000930	8ad82213	slti	x4,x16,-1875	 x16:0x09f40000  x4=0x00000000
        8895000	       888	80000934	ffba0a13	addi	x20,x20,-5	 x20:0x00000006 x20=0x00000001
        8905000	       889	80000938	ffda5ae3	bge	x20,x29,8000092c	 x20:0x00000001 x29:0xfffffff5
        8915000	       890	00000000	00000013	addi	x0,x0,0	  x0:0x00000000
        8925000	       891	80000928	00000013	addi	x0,x0,0	  x0:0x00000000
        8935000	       892	8000092c	01aa66b3	or	x13,x20,x26	 x20:0x00000001 x26:0xe9b04000 x13=0xe9b04001
        8945000	       893	80000930	8ad82213	slti	x4,x16,-1875	 x16:0x09f40000  x4=0x00000000
        8955000	       894	80000934	ffba0a13	addi	x20,x20,-5	 x20:0x00000001 x20=0xfffffffc
        8965000	       895	80000938	ffda5ae3	bge	x20,x29,8000092c	 x20:0xfffffffc x29:0xfffffff5
        8975000	       896	00000000	00000013	addi	x0,x0,0	  x0:0x00000000
        8985000	       897	80000928	00000013	addi	x0,x0,0	  x0:0x00000000
        8995000	       898	8000092c	01aa66b3	or	x13,x20,x26	 x20:0xfffffffc x26:0xe9b04000 x13=0xfffffffc
        9005000	       899	80000930	8ad82213	slti	x4,x16,-1875	 x16:0x09f40000  x4=0x00000000
        9015000	       900	80000934	ffba0a13	addi	x20,x20,-5	 x20:0xfffffffc x20=0xfffffff7
        9025000	       901	80000938	ffda5ae3	bge	x20,x29,8000092c	 x20:0xfffffff7 x29:0xfffffff5
        9035000	       902	00000000	00000013	addi	x0,x0,0	  x0:0x00000000
        9045000	       903	80000928	00000013	addi	x0,x0,0	  x0:0x00000000
        9055000	       904	8000092c	01aa66b3	or	x13,x20,x26	 x20:0xfffffff7 x26:0xe9b04000 x13=0xfffffff7
        9065000	       905	80000930	8ad82213	slti	x4,x16,-1875	 x16:0x09f40000  x4=0x00000000
        9075000	       906	80000934	ffba0a13	addi	x20,x20,-5	 x20:0xfffffff7 x20=0xfffffff2
        9085000	       907	80000938	ffda5ae3	bge	x20,x29,8000092c	 x20:0xfffffff2 x29:0xfffffff5
        9095000	       908	8000093c	fa9ffae3	bgeu	x31,x9,800008f0	 x31:0x00000004  x9:0x00000004
        9105000	       909	00000000	00000013	addi	x0,x0,0	  x0:0x00000000
        9115000	       910	800008ec	00000013	addi	x0,x0,0	  x0:0x00000000
        9125000	       911	800008f0	401288b3	sub	x17,x5,x1	  x5:0x80009f40  x1:0x00000001 x17=0x80009f3f
        9135000	       912	800008f4	01e357b3	srl	x15,x6,x30	  x6:0x64c327a8 x30:0x00000000 x15=0x64c327a8
        9145000	       913	800008f8	ffef8f93	addi	x31,x31,-2	 x31:0x00000004 x31=0x00000002
        9155000	       914	800008fc	00600a13	addi	x20,x0,6	  x0:0x00000000 x20=0x00000006
        9165000	       915	80000900	256af893	andi	x17,x21,598	 x21:0x00000001 x17=0x00000000
        9175000	       916	80000904	404f86b3	sub	x13,x31,x4	 x31:0x00000002  x4:0x00000000 x13=0x00000002
        9185000	       917	80000908	01b23033	sltu	x0,x4,x27	  x4:0x00000000 x27:0x80009fc4
        9195000	       918	8000090c	103e2013	slti	x0,x28,259	 x28:0x00000010
        9205000	       919	80000910	007015b3	sll	x11,x0,x7	  x0:0x00000000  x7:0x2692bc18 x11=0x00000000
        9215000	       920	80000914	0006a633	slt	x12,x13,x0	 x13:0x00000002  x0:0x00000000 x12=0x00000000
        9225000	       921	80000918	002a1cb3	sll	x25,x20,x2	 x20:0x00000006  x2:0x64c320a8 x25=0x00000600
        9235000	       922	8000091c	d6a88593	addi	x11,x17,-662	 x17:0x00000000 x11=0xfffffd6a
        9245000	       923	80000920	00b74433	xor	x8,x14,x11	 x14:0x00000000 x11:0xfffffd6a  x8=0xfffffd6a
        9255000	       924	80000924	ff500e93	addi	x29,x0,-11	  x0:0x00000000 x29=0xfffffff5
        9265000	       925	80000928	0018a9b3	slt	x19,x17,x1	 x17:0x00000000  x1:0x00000001 x19=0x00000001
        9275000	       926	8000092c	01aa66b3	or	x13,x20,x26	 x20:0x00000006 x26:0xe9b04000 x13=0xe9b04006
        9285000	       927	80000930	8ad82213	slti	x4,x16,-1875	 x16:0x09f40000  x4=0x00000000
        9295000	       928	80000934	ffba0a13	addi	x20,x20,-5	 x20:0x00000006 x20=0x00000001
        9305000	       929	80000938	ffda5ae3	bge	x20,x29,8000092c	 x20:0x00000001 x29:0xfffffff5
        9315000	       930	00000000	00000013	addi	x0,x0,0	  x0:0x00000000
        9325000	       931	80000928	00000013	addi	x0,x0,0	  x0:0x00000000
        9335000	       932	8000092c	01aa66b3	or	x13,x20,x26	 x20:0x00000001 x26:0xe9b04000 x13=0xe9b04001
        9345000	       933	80000930	8ad82213	slti	x4,x16,-1875	 x16:0x09f40000  x4=0x00000000
        9355000	       934	80000934	ffba0a13	addi	x20,x20,-5	 x20:0x00000001 x20=0xfffffffc
        9365000	       935	80000938	ffda5ae3	bge	x20,x29,8000092c	 x20:0xfffffffc x29:0xfffffff5
        9375000	       936	00000000	00000013	addi	x0,x0,0	  x0:0x00000000
        9385000	       937	80000928	00000013	addi	x0,x0,0	  x0:0x00000000
        9395000	       938	8000092c	01aa66b3	or	x13,x20,x26	 x20:0xfffffffc x26:0xe9b04000 x13=0xfffffffc
        9405000	       939	80000930	8ad82213	slti	x4,x16,-1875	 x16:0x09f40000  x4=0x00000000
        9415000	       940	80000934	ffba0a13	addi	x20,x20,-5	 x20:0xfffffffc x20=0xfffffff7
        9425000	       941	80000938	ffda5ae3	bge	x20,x29,8000092c	 x20:0xfffffff7 x29:0xfffffff5
        9435000	       942	00000000	00000013	addi	x0,x0,0	  x0:0x00000000
        9445000	       943	80000928	00000013	addi	x0,x0,0	  x0:0x00000000
        9455000	       944	8000092c	01aa66b3	or	x13,x20,x26	 x20:0xfffffff7 x26:0xe9b04000 x13=0xfffffff7
        9465000	       945	80000930	8ad82213	slti	x4,x16,-1875	 x16:0x09f40000  x4=0x00000000
        9475000	       946	80000934	ffba0a13	addi	x20,x20,-5	 x20:0xfffffff7 x20=0xfffffff2
        9485000	       947	80000938	ffda5ae3	bge	x20,x29,8000092c	 x20:0xfffffff2 x29:0xfffffff5
        9495000	       948	8000093c	fa9ffae3	bgeu	x31,x9,800008f0	 x31:0x00000002  x9:0x00000004
        9505000	       949	80000940	003f79b3	and	x19,x30,x3	 x30:0x00000000  x3:0x00000000 x19=0x00000000
        9515000	       950	80000944	00cc8263	beq	x25,x12,80000948	 x25:0x00000600 x12:0x00000000
        9525000	       951	80000948	00df5e93	srli	x29,x30,0xd	 x30:0x00000000 x29=0x00000000
        9535000	       952	8000094c	f802e413	ori	x8,x5,-128	  x5:0x80009f40  x8=0xffffffc0
        9545000	       953	80000950	03296063	bltu	x18,x18,80000970	 x18:0x00000001 x18:0x00000001
        9555000	       954	80000954	01ef9193	slli	x3,x31,0x1e	 x31:0x00000002  x3=0x80000000
        9565000	       955	80000958	41ee56b3	sra	x13,x28,x30	 x28:0x00000010 x30:0x00000000 x13=0x00000010
        9575000	       956	8000095c	4068d633	sra	x12,x17,x6	 x17:0x00000000  x6:0x64c327a8 x12=0x00000000
        9585000	       957	80000960	40e9dc93	srai	x25,x19,0xe	 x19:0x00000000 x25=0x00000000
        9595000	       958	80000964	01f72e33	slt	x28,x14,x31	 x14:0x00000000 x31:0x00000002 x28=0x00000001
        9605000	       959	80000968	00cc2cb3	slt	x25,x24,x12	 x24:0x00000010 x12:0x00000000 x25=0x00000000
        9615000	       960	8000096c	8f81af93	slti	x31,x3,-1800	  x3:0x80000000 x31=0x00000001
        9625000	       961	80000970	40b15793	srai	x15,x2,0xb	  x2:0x64c320a8 x15=0x000c9864
        9635000	       962	80000974	04447263	bgeu	x8,x4,800009b8	  x8:0xffffffc0  x4:0x00000000
        9645000	       963	00000000	00000013	addi	x0,x0,0	  x0:0x00000000
        9655000	       964	800009b4	00000013	addi	x0,x0,0	  x0:0x00000000
        9665000	       965	800009b8	03136a63	bltu	x6,x17,800009ec	  x6:0x64c327a8 x17:0x00000000
        9675000	       966	800009bc	0039efb3	or	x31,x19,x3	 x19:0x00000000  x3:0x80000000 x31=0x80000000
        9685000	       967	800009c0	00a9ce63	blt	x19,x10,800009dc	 x19:0x00000000 x10:0x00000116
        9695000	       968	00000000	00000013	addi	x0,x0,0	  x0:0x00000000
        9705000	       969	800009d8	00000013	addi	x0,x0,0	  x0:0x00000000
        9715000	       970	800009dc	417c0633	sub	x12,x24,x23	 x24:0x00000010 x23:0x00000115 x12=0xfffffefb
        9725000	       971	800009e0	cbc3f637	lui	x12,0xcbc3f	 x12=0xcbc3f000
        9735000	       972	800009e4	015654b3	srl	x9,x12,x21	 x12:0xcbc3f000 x21:0x00000001  x9=0x65e1f800
        9745000	       973	800009e8	03f3ca63	blt	x7,x31,80000a1c	  x7:0x2692bc18 x31:0x80000000
        9755000	       974	800009ec	0040c733	xor	x14,x1,x4	  x1:0x00000001  x4:0x00000000 x14=0x00000001
        9765000	       975	800009f0	41eb89b3	sub	x19,x23,x30	 x23:0x00000115 x30:0x00000000 x19=0x00000115
        9775000	       976	800009f4	0011c463	blt	x3,x1,800009fc	  x3:0x80000000  x1:0x00000001
        9785000	       977	00000000	00000013	addi	x0,x0,0	  x0:0x00000000
        9795000	       978	800009f8	00000013	addi	x0,x0,0	  x0:0x00000000
        9805000	       979	800009fc	48058593	addi	x11,x11,1152	 x11:0xfffffd6a x11=0x000001ea
        9815000	       980	80000a00	06045863	bge	x8,x0,80000a70	  x8:0xffffffc0  x0:0x00000000
        9825000	       981	80000a04	02b40263	beq	x8,x11,80000a28	  x8:0xffffffc0 x11:0x000001ea
        9835000	       982	80000a08	0171d013	srli	x0,x3,0x17	  x3:0x80000000
        9845000	       983	80000a0c	0130f533	and	x10,x1,x19	  x1:0x00000001 x19:0x00000115 x10=0x00000001
        9855000	       984	80000a10	b951f513	andi	x10,x3,-1131	  x3:0x80000000 x10=0x80000000
        9865000	       985	80000a14	03260063	beq	x12,x18,80000a34	 x12:0xcbc3f000 x18:0x00000001
        9875000	       986	80000a18	41510833	sub	x16,x2,x21	  x2:0x64c320a8 x21:0x00000001 x16=0x64c320a7
        9885000	       987	80000a1c	08d3ac93	slti	x25,x7,141	  x7:0x2692bc18 x25=0x00000000
        9895000	       988	80000a20	00eecf33	xor	x30,x29,x14	 x29:0x00000000 x14:0x00000001 x30=0x00000001
        9905000	       989	80000a24	0140efb3	or	x31,x1,x20	  x1:0x00000001 x20:0xfffffff2 x31=0xfffffff3
        9915000	       990	80000a28	00bec7b3	xor	x15,x29,x11	 x29:0x00000000 x11:0x000001ea x15=0x000001ea
        9925000	       991	80000a2c	0bc0e863	bltu	x1,x28,80000adc	  x1:0x00000001 x28:0x00000001
        9935000	       992	80000a30	04fec063	blt	x29,x15,80000a70	 x29:0x00000000 x15:0x000001ea
        9945000	       993	00000000	00000013	addi	x0,x0,0	  x0:0x00000000
        9955000	       994	80000a6c	00000013	addi	x0,x0,0	  x0:0x00000000
        9965000	       995	80000a70	00952cb3	slt	x25,x10,x9	 x10:0x80000000  x9:0x65e1f800 x25=0x00000001
        9975000	       996	80000a74	00c11263	bne	x2,x12,80000a78	  x2:0x64c320a8 x12:0xcbc3f000
        9985000	       997	00000000	00000013	addi	x0,x0,0	  x0:0x00000000
        9995000	       998	80000a74	00000013	addi	x0,x0,0	  x0:0x00000000
       10005000	       999	80000a78	01b158b3	srl	x17,x2,x27	  x2:0x64c320a8 x27:0x80009fc4 x17=0x064c320a
       10015000	      1000	80000a7c	00845233	srl	x4,x8,x8	  x8:0xffffffc0  x8:0xffffffc0  x4=0xffffffc0
       10025000	      1001	80000a80	172d2913	slti	x18,x26,370	 x26:0xe9b04000 x18=0x00000001
       10035000	      1002	80000a84	00200893	addi	x17,x0,2	  x0:0x00000000 x17=0x00000002
       10045000	      1003	80000a88	ffc00c93	addi	x25,x0,-4	  x0:0x00000000 x25=0xfffffffc
       10055000	      1004	80000a8c	010131b3	sltu	x3,x2,x16	  x2:0x64c320a8 x16:0x64c320a7  x3=0x00000000
       10065000	      1005	80000a90	01a865b3	or	x11,x16,x26	 x16:0x64c320a7 x26:0xe9b04000 x11=0xedf360a7
       10075000	      1006	80000a94	a5e55f17	auipc	x30,0xa5e55	 x30=0x25e55a90
       10085000	      1007	80000a98	ffe88893	addi	x17,x17,-2	 x17:0x00000002 x17=0x00000000
       10095000	      1008	80000a9c	474ac193	xori	x3,x21,1140	 x21:0x00000001  x3=0x00000475
       10105000	      1009	80000aa0	ffb00113	addi	x2,x0,-5	  x0:0x00000000  x2=0xfffffffb
       10115000	      1010	80000aa4	af532393	slti	x7,x6,-1291	  x6:0x64c327a8  x7=0x00000000
       10125000	      1011	80000aa8	fff00413	addi	x8,x0,-1	  x0:0x00000000  x8=0xffffffff
       10135000	      1012	80000aac	3ab4f493	andi	x9,x9,939	  x9:0x65e1f800  x9=0x00000000
       10145000	      1013	80000ab0	a080e913	ori	x18,x1,-1528	  x1:0x00000001 x18=0xfffffa09
       10155000	      1014	80000ab4	00610113	addi	x2,x2,6	  x2:0xfffffffb  x2=0x00000001
       10165000	      1015	80000ab8	fe814ae3	blt	x2,x8,80000aac	  x2:0x00000001  x8:0xffffffff
       10175000	      1016	80000abc	4187d513	srai	x10,x15,0x18	 x15:0x000001ea x10=0x00000000
       10185000	      1017	80000ac0	4429de97	auipc	x29,0x4429d	 x29=0xc429dabc
       10195000	      1018	80000ac4	fd9898e3	bne	x17,x25,80000a94	 x17:0x00000000 x25:0xfffffffc
       10205000	      1019	00000000	00000013	addi	x0,x0,0	  x0:0x00000000
       10215000	      1020	80000a90	00000013	addi	x0,x0,0	  x0:0x00000000
       10225000	      1021	80000a94	a5e55f17	auipc	x30,0xa5e55	 x30=0x25e55a90
       10235000	      1022	80000a98	ffe88893	addi	x17,x17,-2	 x17:0x00000000 x17=0xfffffffe
       10245000	      1023	80000a9c	474ac193	xori	x3,x21,1140	 x21:0x00000001  x3=0x00000475
       10255000	      1024	80000aa0	ffb00113	addi	x2,x0,-5	  x0:0x00000000  x2=0xfffffffb
       10265000	      1025	80000aa4	af532393	slti	x7,x6,-1291	  x6:0x64c327a8  x7=0x00000000
       10275000	      1026	80000aa8	fff00413	addi	x8,x0,-1	  x0:0x00000000  x8=0xffffffff
       10285000	      1027	80000aac	3ab4f493	andi	x9,x9,939	  x9:0x00000000  x9=0x00000000
       10295000	      1028	80000ab0	a080e913	ori	x18,x1,-1528	  x1:0x00000001 x18=0xfffffa09
       10305000	      1029	80000ab4	00610113	addi	x2,x2,6	  x2:0xfffffffb  x2=0x00000001
       10315000	      1030	80000ab8	fe814ae3	blt	x2,x8,80000aac	  x2:0x00000001  x8:0xffffffff
       10325000	      1031	80000abc	4187d513	srai	x10,x15,0x18	 x15:0x000001ea x10=0x00000000
       10335000	      1032	80000ac0	4429de97	auipc	x29,0x4429d	 x29=0xc429dabc
       10345000	      1033	80000ac4	fd9898e3	bne	x17,x25,80000a94	 x17:0xfffffffe x25:0xfffffffc
       10355000	      1034	00000000	00000013	addi	x0,x0,0	  x0:0x00000000
       10365000	      1035	80000a90	00000013	addi	x0,x0,0	  x0:0x00000000
       10375000	      1036	80000a94	a5e55f17	auipc	x30,0xa5e55	 x30=0x25e55a90
       10385000	      1037	80000a98	ffe88893	addi	x17,x17,-2	 x17:0xfffffffe x17=0xfffffffc
       10395000	      1038	80000a9c	474ac193	xori	x3,x21,1140	 x21:0x00000001  x3=0x00000475
       10405000	      1039	80000aa0	ffb00113	addi	x2,x0,-5	  x0:0x00000000  x2=0xfffffffb
       10415000	      1040	80000aa4	af532393	slti	x7,x6,-1291	  x6:0x64c327a8  x7=0x00000000
       10425000	      1041	80000aa8	fff00413	addi	x8,x0,-1	  x0:0x00000000  x8=0xffffffff
       10435000	      1042	80000aac	3ab4f493	andi	x9,x9,939	  x9:0x00000000  x9=0x00000000
       10445000	      1043	80000ab0	a080e913	ori	x18,x1,-1528	  x1:0x00000001 x18=0xfffffa09
       10455000	      1044	80000ab4	00610113	addi	x2,x2,6	  x2:0xfffffffb  x2=0x00000001
       10465000	      1045	80000ab8	fe814ae3	blt	x2,x8,80000aac	  x2:0x00000001  x8:0xffffffff
       10475000	      1046	80000abc	4187d513	srai	x10,x15,0x18	 x15:0x000001ea x10=0x00000000
       10485000	      1047	80000ac0	4429de97	auipc	x29,0x4429d	 x29=0xc429dabc
       10495000	      1048	80000ac4	fd9898e3	bne	x17,x25,80000a94	 x17:0xfffffffc x25:0xfffffffc
       10505000	      1049	80000ac8	b0f7ceb7	lui	x29,0xb0f7c	 x29=0xb0f7c000
       10515000	      1050	80000acc	1ecc6513	ori	x10,x24,492	 x24:0x00000010 x10=0x000001fc
       10525000	      1051	80000ad0	9298a397	auipc	x7,0x9298a	  x7=0x1298aacc
       10535000	      1052	80000ad4	c263cb97	auipc	x23,0xc263c	 x23=0x4263cad0
       10545000	      1053	80000ad8	6e008997	auipc	x19,0x6e008	 x19=0xee008ad4
       10555000	      1054	80000adc	401388b3	sub	x17,x7,x1	  x7:0x1298aacc  x1:0x00000001 x17=0x1298aacb
       10565000	      1055	80000ae0	000f8433	add	x8,x31,x0	 x31:0xfffffff3  x0:0x00000000  x8=0xfffffff3
       10575000	      1056	80000ae4	01981633	sll	x12,x16,x25	 x16:0x64c320a7 x25:0xfffffffc x12=0x70000000
       10585000	      1057	80000ae8	40ed0c33	sub	x24,x26,x14	 x26:0xe9b04000 x14:0x00000001 x24=0xe9b03fff
       10595000	      1058	80000aec	013ad993	srli	x19,x21,0x13	 x21:0x00000001 x19=0x00000000
       10605000	      1059	80000af0	8a58a393	slti	x7,x17,-1883	 x17:0x1298aacb  x7=0x00000000
       10615000	      1060	80000af4	40e554b3	sra	x9,x10,x14	 x10:0x000001fc x14:0x00000001  x9=0x000000fe
       10625000	      1061	80000af8	01ae9e33	sll	x28,x29,x26	 x29:0xb0f7c000 x26:0xe9b04000 x28=0xb0f7c000
       10635000	      1062	80000afc	017b30b3	sltu	x1,x22,x23	 x22:0x00000000 x23:0x4263cad0  x1=0x00000001
       10645000	      1063	80000b00	00e733b3	sltu	x7,x14,x14	 x14:0x00000001 x14:0x00000001  x7=0x00000000
       10655000	      1064	80000b04	04cd0263	beq	x26,x12,80000b48	 x26:0xe9b04000 x12:0x70000000
       10665000	      1065	80000b08	019dd093	srli	x1,x27,0x19	 x27:0x80009fc4  x1=0x00000040
       10675000	      1066	80000b0c	40e6d333	sra	x6,x13,x14	 x13:0x00000010 x14:0x00000001  x6=0x00000008
       10685000	      1067	80000b10	00811c13	slli	x24,x2,0x8	  x2:0x00000001 x24=0x00000100
       10695000	      1068	80000b14	00000013	addi	x0,x0,0	  x0:0x00000000
       10705000	      1069	80000b18	0088ac33	slt	x24,x17,x8	 x17:0x1298aacb  x8:0xfffffff3 x24=0x00000000
       10715000	      1070	80000b1c	002f9863	bne	x31,x2,80000b2c	 x31:0xfffffff3  x2:0x00000001
       10725000	      1071	00000000	00000013	addi	x0,x0,0	  x0:0x00000000
       10735000	      1072	80000b28	00000013	addi	x0,x0,0	  x0:0x00000000
       10745000	      1073	80000b2c	019ad413	srli	x8,x21,0x19	 x21:0x00000001  x8=0x00000000
       10755000	      1074	80000b30	05a90863	beq	x18,x26,80000b80	 x18:0xfffffa09 x26:0xe9b04000
       10765000	      1075	80000b34	03d41463	bne	x8,x29,80000b5c	  x8:0x00000000 x29:0xb0f7c000
       10775000	      1076	00000000	00000013	addi	x0,x0,0	  x0:0x00000000
       10785000	      1077	80000b58	00000013	addi	x0,x0,0	  x0:0x00000000
       10795000	      1078	80000b5c	00c6d593	srli	x11,x13,0xc	 x13:0x00000010 x11=0x00000000
       10805000	      1079	80000b60	01894b33	xor	x22,x18,x24	 x18:0xfffffa09 x24:0x00000000 x22=0xfffffa09
       10815000	      1080	80000b64	00a89213	slli	x4,x17,0xa	 x17:0x1298aacb  x4=0x62ab2c00
       10825000	      1081	80000b68	01b350b3	srl	x1,x6,x27	  x6:0x00000008 x27:0x80009fc4  x1=0x00000000
       10835000	      1082	80000b6c	01da2233	slt	x4,x20,x29	 x20:0xfffffff2 x29:0xb0f7c000  x4=0x00000000
       10845000	      1083	80000b70	00000013	addi	x0,x0,0	  x0:0x00000000
       10855000	      1084	80000b74	2d525e97	auipc	x29,0x2d525	 x29=0xad525b70
       10865000	      1085	80000b78	02968263	beq	x13,x9,80000b9c	 x13:0x00000010  x9:0x000000fe
       10875000	      1086	80000b7c	05c47663	bgeu	x8,x28,80000bc8	  x8:0x00000000 x28:0xb0f7c000
       10885000	      1087	80000b80	00585693	srli	x13,x16,0x5	 x16:0x64c320a7 x13=0x03261905
       10895000	      1088	80000b84	a44c8313	addi	x6,x25,-1468	 x25:0xfffffffc  x6=0xfffffa40
       10905000	      1089	80000b88	01d01263	bne	x0,x29,80000b8c	  x0:0x00000000 x29:0xad525b70
       10915000	      1090	00000000	00000013	addi	x0,x0,0	  x0:0x00000000
       10925000	      1091	80000b88	00000013	addi	x0,x0,0	  x0:0x00000000
       10935000	      1092	80000b8c	2e9e7b93	andi	x23,x28,745	 x28:0xb0f7c000 x23=0x00000000
       10945000	      1093	80000b90	00e34933	xor	x18,x6,x14	  x6:0xfffffa40 x14:0x00000001 x18=0xfffffa41
       10955000	      1094	80000b94	01e317b3	sll	x15,x6,x30	  x6:0xfffffa40 x30:0x25e55a90 x15=0xfa400000
       10965000	      1095	80000b98	0aa08513	addi	x10,x1,170	  x1:0x00000000 x10=0x000000aa
       10975000	      1096	80000b9c	2ab6ba13	sltiu	x20,x13,683	 x13:0x03261905 x20=0x00000000
       10985000	      1097	80000ba0	0309c263	blt	x19,x16,80000bc4	 x19:0x00000000 x16:0x64c320a7
       10995000	      1098	00000000	00000013	addi	x0,x0,0	  x0:0x00000000
       11005000	      1099	80000bc0	00000013	addi	x0,x0,0	  x0:0x00000000
       11015000	      1100	80000bc4	00ada233	slt	x4,x27,x10	 x27:0x80009fc4 x10:0x000000aa  x4=0x00000001
       11025000	      1101	80000bc8	54d87313	andi	x6,x16,1357	 x16:0x64c320a7  x6=0x00000005
       11035000	      1102	80000bcc	032d9663	bne	x27,x18,80000bf8	 x27:0x80009fc4 x18:0xfffffa41
       11045000	      1103	00000000	00000013	addi	x0,x0,0	  x0:0x00000000
       11055000	      1104	80000bf4	00000013	addi	x0,x0,0	  x0:0x00000000
       11065000	      1105	80000bf8	0119e3b3	or	x7,x19,x17	 x19:0x00000000 x17:0x1298aacb  x7=0x1298aacb
       11075000	      1106	80000bfc	02750e63	beq	x10,x7,80000c38	 x10:0x000000aa  x7:0x1298aacb
       11085000	      1107	80000c00	2b1d6f13	ori	x30,x26,689	 x26:0xe9b04000 x30=0xe9b042b1
       11095000	      1108	80000c04	13152f37	lui	x30,0x13152	 x30=0x13152000
       11105000	      1109	80000c08	40cb05b3	sub	x11,x22,x12	 x22:0xfffffa09 x12:0x70000000 x11=0x8ffffa09
       11115000	      1110	80000c0c	009b5c93	srli	x25,x22,0x9	 x22:0xfffffa09 x25=0x007ffffd
       11125000	      1111	80000c10	05195263	bge	x18,x17,80000c54	 x18:0xfffffa41 x17:0x1298aacb
       11135000	      1112	80000c14	024ae663	bltu	x21,x4,80000c40	 x21:0x00000001  x4:0x00000001
       11145000	      1113	80000c18	affca093	slti	x1,x25,-1281	 x25:0x007ffffd  x1=0x00000000
       11155000	      1114	80000c1c	cc744d13	xori	x26,x8,-825	  x8:0x00000000 x26=0xfffffcc7
       11165000	      1115	80000c20	020b9063	bne	x23,x0,80000c40	 x23:0x00000000  x0:0x00000000
       11175000	      1116	80000c24	7f18ed13	ori	x26,x17,2033	 x17:0x1298aacb x26=0x1298affb
       11185000	      1117	80000c28	54363093	sltiu	x1,x12,1347	 x12:0x70000000  x1=0x00000000
       11195000	      1118	80000c2c	009c3333	sltu	x6,x24,x9	 x24:0x00000000  x9:0x000000fe  x6=0x00000001
       11205000	      1119	80000c30	41035a13	srai	x20,x6,0x10	  x6:0x00000001 x20=0x00000000
       11215000	      1120	80000c34	00c4beb3	sltu	x29,x9,x12	  x9:0x000000fe x12:0x70000000 x29=0x00000001
       11225000	      1121	80000c38	a1914e93	xori	x29,x2,-1511	  x2:0x00000001 x29=0xfffffa18
       11235000	      1122	80000c3c	004994b3	sll	x9,x19,x4	 x19:0x00000000  x4:0x00000001  x9=0x00000000
       11245000	      1123	80000c40	017c8e63	beq	x25,x23,80000c5c	 x25:0x007ffffd x23:0x00000000
       11255000	      1124	80000c44	02a56863	bltu	x10,x10,80000c74	 x10:0x000000aa x10:0x000000aa
       11265000	      1125	80000c48	055a6263	bltu	x20,x21,80000c8c	 x20:0x00000000 x21:0x00000001
       11275000	      1126	00000000	00000013	addi	x0,x0,0	  x0:0x00000000
       11285000	      1127	80000c88	00000013	addi	x0,x0,0	  x0:0x00000000
       11295000	      1128	80000c8c	ead3f993	andi	x19,x7,-339	  x7:0x1298aacb x19=0x1298aa89
       11305000	      1129	80000c90	008d0b93	addi	x23,x26,8	 x26:0x1298affb x23=0x1298b003
       11315000	      1130	80000c94	019c57b3	srl	x15,x24,x25	 x24:0x00000000 x25:0x007ffffd x15=0x00000000
       11325000	      1131	80000c98	8795db97	auipc	x23,0x8795d	 x23=0x0795dc94
       11335000	      1132	80000c9c	c4f88413	addi	x8,x17,-945	 x17:0x1298aacb  x8=0x1298a71a
       11345000	      1133	80000ca0	4019df93	srai	x31,x19,0x1	 x19:0x1298aa89 x31=0x094c5544
       11355000	      1134	80000ca4	032b6a63	bltu	x22,x18,80000cd8	 x22:0xfffffa09 x18:0xfffffa41
       11365000	      1135	00000000	00000013	addi	x0,x0,0	  x0:0x00000000
       11375000	      1136	80000cd4	00000013	addi	x0,x0,0	  x0:0x00000000
       11385000	      1137	80000cd8	98e2d597	auipc	x11,0x98e2d	 x11=0x18e2dcd4
       11395000	      1138	80000cdc	0032d333	srl	x6,x5,x3	  x5:0x80009f40  x3:0x00000475  x6=0x00000400
       11405000	      1139	80000ce0	01eb9233	sll	x4,x23,x30	 x23:0x0795dc94 x30:0x13152000  x4=0x0795dc94
       11415000	      1140	80000ce4	03e95c63	bge	x18,x30,80000d1c	 x18:0xfffffa41 x30:0x13152000
       11425000	      1141	80000ce8	fc986413	ori	x8,x16,-55	 x16:0x64c320a7  x8=0xffffffef
       11435000	      1142	80000cec	01a20933	add	x18,x4,x26	  x4:0x0795dc94 x26:0x1298affb x18=0x1a2e8c8f
       11445000	      1143	80000cf0	151c8f13	addi	x30,x25,337	 x25:0x007ffffd x30=0x0080014e
       11455000	      1144	80000cf4	b019a593	slti	x11,x19,-1279	 x19:0x1298aa89 x11=0x00000000
       11465000	      1145	80000cf8	013d53b3	srl	x7,x26,x19	 x26:0x1298affb x19:0x1298aa89  x7=0x00094c57
       11475000	      1146	80000cfc	326a6d13	ori	x26,x20,806	 x20:0x00000000 x26=0x00000326
       11485000	      1147	80000d00	015cd833	srl	x16,x25,x21	 x25:0x007ffffd x21:0x00000001 x16=0x003ffffe
       11495000	      1148	80000d04	a5b7c313	xori	x6,x15,-1445	 x15:0x00000000  x6=0xfffffa5b
       11505000	      1149	80000d08	05b68863	beq	x13,x27,80000d58	 x13:0x03261905 x27:0x80009fc4
       11515000	      1150	80000d0c	417d0433	sub	x8,x26,x23	 x26:0x00000326 x23:0x0795dc94  x8=0xf86a2692
       11525000	      1151	80000d10	00f2a133	slt	x2,x5,x15	  x5:0x80009f40 x15:0x00000000  x2=0x00000001
       11535000	      1152	80000d14	01dd3b33	sltu	x22,x26,x29	 x26:0x00000326 x29:0xfffffa18 x22=0x00000001
       11545000	      1153	80000d18	014ed333	srl	x6,x29,x20	 x29:0xfffffa18 x20:0x00000000  x6=0xfffffa18
       11555000	      1154	80000d1c	009bd613	srli	x12,x23,0x9	 x23:0x0795dc94 x12=0x0003caee
       11565000	      1155	80000d20	404d5d13	srai	x26,x26,0x4	 x26:0x00000326 x26=0x00000032
       11575000	      1156	80000d24	008524b3	slt	x9,x10,x8	 x10:0x000000aa  x8:0xf86a2692  x9=0x00000000
       11585000	      1157	80000d28	00ebbd33	sltu	x26,x23,x14	 x23:0x0795dc94 x14:0x00000001 x26=0x00000000
       11595000	      1158	80000d2c	01817e33	and	x28,x2,x24	  x2:0x00000001 x24:0x00000000 x28=0x00000000
       11605000	      1159	80000d30	470f7813	andi	x16,x30,1136	 x30:0x0080014e x16=0x00000040
       11615000	      1160	80000d34	05d5f263	bgeu	x11,x29,80000d78	 x11:0x00000000 x29:0xfffffa18
       11625000	      1161	80000d38	00d8e033	or	x0,x17,x13	 x17:0x1298aacb x13:0x03261905
       11635000	      1162	80000d3c	001d8c33	add	x24,x27,x1	 x27:0x80009fc4  x1:0x00000000 x24=0x80009fc4
       11645000	      1163	80000d40	4001d693	srai	x13,x3,0x0	  x3:0x00000475 x13=0x00000475
       11655000	      1164	80000d44	013758b3	srl	x17,x14,x19	 x14:0x00000001 x19:0x1298aa89 x17=0x00000000
       11665000	      1165	80000d48	e4650f93	addi	x31,x10,-442	 x10:0x000000aa x31=0xfffffef0
       11675000	      1166	80000d4c	0290f063	bgeu	x1,x9,80000d6c	  x1:0x00000000  x9:0x00000000
       11685000	      1167	00000000	00000013	addi	x0,x0,0	  x0:0x00000000
       11695000	      1168	80000d68	00000013	addi	x0,x0,0	  x0:0x00000000
       11705000	      1169	80000d6c	413edf13	srai	x30,x29,0x13	 x29:0xfffffa18 x30=0xffffffff
       11715000	      1170	80000d70	3611f093	andi	x1,x3,865	  x3:0x00000475  x1=0x00000061
       11725000	      1171	80000d74	02551263	bne	x10,x5,80000d98	 x10:0x000000aa  x5:0x80009f40
       11735000	      1172	00000000	00000013	addi	x0,x0,0	  x0:0x00000000
       11745000	      1173	80000d94	00000013	addi	x0,x0,0	  x0:0x00000000
       11755000	      1174	80000d98	c433bfb7	lui	x31,0xc433b	 x31=0xc433b000
       11765000	      1175	80000d9c	01944033	xor	x0,x8,x25	  x8:0xf86a2692 x25:0x007ffffd
       11775000	      1176	80000da0	01b1d9b3	srl	x19,x3,x27	  x3:0x00000475 x27:0x80009fc4 x19=0x00000047
       11785000	      1177	80000da4	006aa033	slt	x0,x21,x6	 x21:0x00000001  x6:0xfffffa18
       11795000	      1178	80000da8	00d9c833	xor	x16,x19,x13	 x19:0x00000047 x13:0x00000475 x16=0x00000432
       11805000	      1179	80000dac	03349c63	bne	x9,x19,80000de4	  x9:0x00000000 x19:0x00000047
       11815000	      1180	00000000	00000013	addi	x0,x0,0	  x0:0x00000000
       11825000	      1181	80000de0	00000013	addi	x0,x0,0	  x0:0x00000000
       11835000	      1182	80000de4	00000013	addi	x0,x0,0	  x0:0x00000000
       11845000	      1183	80000de8	014090b3	sll	x1,x1,x20	  x1:0x00000061 x20:0x00000000  x1=0x00000061
       11855000	      1184	80000dec	0168d933	srl	x18,x17,x22	 x17:0x00000000 x22:0x00000001 x18=0x00000000
       11865000	      1185	80000df0	04739663	bne	x7,x7,80000e3c	  x7:0x00094c57  x7:0x00094c57
       11875000	      1186	80000df4	11d48b93	addi	x23,x9,285	  x9:0x00000000 x23=0x0000011d
       11885000	      1187	80000df8	40490933	sub	x18,x18,x4	 x18:0x00000000  x4:0x0795dc94 x18=0xf86a236c
       11895000	      1188	80000dfc	003bd833	srl	x16,x23,x3	 x23:0x0000011d  x3:0x00000475 x16=0x00000000
       11905000	      1189	80000e00	411d03b3	sub	x7,x26,x17	 x26:0x00000000 x17:0x00000000  x7=0x00000000
       11915000	      1190	80000e04	03d95063	bge	x18,x29,80000e24	 x18:0xf86a236c x29:0xfffffa18
       11925000	      1191	80000e08	00fa9d33	sll	x26,x21,x15	 x21:0x00000001 x15:0x00000000 x26=0x00000001
       11935000	      1192	80000e0c	bea50413	addi	x8,x10,-1046	 x10:0x000000aa  x8=0xfffffc94
       11945000	      1193	80000e10	4004deb3	sra	x29,x9,x0	  x9:0x00000000  x0:0x00000000 x29=0x00000000
       11955000	      1194	80000e14	01f11833	sll	x16,x2,x31	  x2:0x00000001 x31:0xc433b000 x16=0x00000001
       11965000	      1195	80000e18	0197a8b3	slt	x17,x15,x25	 x15:0x00000000 x25:0x007ffffd x17=0x00000001
       11975000	      1196	80000e1c	415083b3	sub	x7,x1,x21	  x1:0x00000061 x21:0x00000001  x7=0x00000060
       11985000	      1197	80000e20	88e51537	lui	x10,0x88e51	 x10=0x88e51000
       11995000	      1198	80000e24	ea6d2713	slti	x14,x26,-346	 x26:0x00000001 x14=0x00000000
       12005000	      1199	80000e28	41570cb3	sub	x25,x14,x21	 x14:0x00000000 x21:0x00000001 x25=0xffffffff
       12015000	      1200	80000e2c	41f45c13	srai	x24,x8,0x1f	  x8:0xfffffc94 x24=0xffffffff
       12025000	      1201	80000e30	01ecb833	sltu	x16,x25,x30	 x25:0xffffffff x30:0xffffffff x16=0x00000000
       12035000	      1202	80000e34	022f7263	bgeu	x30,x2,80000e58	 x30:0xffffffff  x2:0x00000001
       12045000	      1203	00000000	00000013	addi	x0,x0,0	  x0:0x00000000
       12055000	      1204	80000e54	00000013	addi	x0,x0,0	  x0:0x00000000
       12065000	      1205	80000e58	6a517193	andi	x3,x2,1701	  x2:0x00000001  x3=0x00000001
       12075000	      1206	80000e5c	b2048893	addi	x17,x9,-1248	  x9:0x00000000 x17=0xfffffb20
       12085000	      1207	80000e60	416e5693	srai	x13,x28,0x16	 x28:0x00000000 x13=0x00000000
       12095000	      1208	80000e64	de772713	slti	x14,x14,-537	 x14:0x00000000 x14=0x00000000
       12105000	      1209	80000e68	00d85393	srli	x7,x16,0xd	 x16:0x00000000  x7=0x00000000
       12115000	      1210	80000e6c	85615917	auipc	x18,0x85615	 x18=0x05615e68
       12125000	      1211	80000e70	5ad03413	sltiu	x8,x0,1453	  x0:0x00000000  x8=0x00000001
       12135000	      1212	80000e74	fa1bc913	xori	x18,x23,-95	 x23:0x0000011d x18=0xfffffebc
       12145000	      1213	80000e78	52372213	slti	x4,x14,1315	 x14:0x00000000  x4=0x00000001
       12155000	      1214	80000e7c	0422c863	blt	x5,x2,80000ecc	  x5:0x80009f40  x2:0x00000001
       12165000	      1215	00000000	00000013	addi	x0,x0,0	  x0:0x00000000
       12175000	      1216	80000ec8	00000013	addi	x0,x0,0	  x0:0x00000000
       12185000	      1217	80000ecc	005ffbb3	and	x23,x31,x5	 x31:0xc433b000  x5:0x80009f40 x23=0x80009000
       12195000	      1218	80000ed0	02e55663	bge	x10,x14,80000efc	 x10:0x88e51000 x14:0x00000000
       12205000	      1219	80000ed4	0071ae33	slt	x28,x3,x7	  x3:0x00000001  x7:0x00000000 x28=0x00000000
       12215000	      1220	80000ed8	01076eb3	or	x29,x14,x16	 x14:0x00000000 x16:0x00000000 x29=0x00000000
       12225000	      1221	80000edc	02085863	bge	x16,x0,80000f0c	 x16:0x00000000  x0:0x00000000
       12235000	      1222	00000000	00000013	addi	x0,x0,0	  x0:0x00000000
       12245000	      1223	80000f08	00000013	addi	x0,x0,0	  x0:0x00000000
       12255000	      1224	80000f0c	d5e76713	ori	x14,x14,-674	 x14:0x00000000 x14=0xfffffd5e
       12265000	      1225	80000f10	0125b1b3	sltu	x3,x11,x18	 x11:0x00000000 x18:0xfffffebc  x3=0x00000001
       12275000	      1226	80000f14	01135913	srli	x18,x6,0x11	  x6:0xfffffa18 x18=0x00007fff
       12285000	      1227	80000f18	01695013	srli	x0,x18,0x16	 x18:0x00007fff
       12295000	      1228	80000f1c	02d90c63	beq	x18,x13,80000f54	 x18:0x00007fff x13:0x00000000
       12305000	      1229	80000f20	cbcfe993	ori	x19,x31,-836	 x31:0xc433b000 x19=0xfffffcbc
       12315000	      1230	80000f24	022ff263	bgeu	x31,x2,80000f48	 x31:0xc433b000  x2:0x00000001
       12325000	      1231	00000000	00000013	addi	x0,x0,0	  x0:0x00000000
       12335000	      1232	80000f44	00000013	addi	x0,x0,0	  x0:0x00000000
       12345000	      1233	80000f48	01b12d33	slt	x26,x2,x27	  x2:0x00000001 x27:0x80009fc4 x26=0x00000000
       12355000	      1234	80000f4c	04c9c263	blt	x19,x12,80000f90	 x19:0xfffffcbc x12:0x0003caee
       12365000	      1235	00000000	00000013	addi	x0,x0,0	  x0:0x00000000
       12375000	      1236	80000f8c	00000013	addi	x0,x0,0	  x0:0x00000000
       12385000	      1237	80000f90	01b9e633	or	x12,x19,x27	 x19:0xfffffcbc x27:0x80009fc4 x12=0xfffffffc
       12395000	      1238	80000f94	0026da33	srl	x20,x13,x2	 x13:0x00000000  x2:0x00000001 x20=0x00000000
       12405000	      1239	80000f98	7e240e93	addi	x29,x8,2018	  x8:0x00000001 x29=0x000007e3
       12415000	      1240	80000f9c	dbf9a193	slti	x3,x19,-577	 x19:0xfffffcbc  x3=0x00000001
       12425000	      1241	80000fa0	41fcd9b3	sra	x19,x25,x31	 x25:0xffffffff x31:0xc433b000 x19=0xffffffff
       12435000	      1242	80000fa4	9c398193	addi	x3,x19,-1597	 x19:0xffffffff  x3=0xfffff9c2
       12445000	      1243	80000fa8	4146de93	srai	x29,x13,0x14	 x13:0x00000000 x29=0x00000000
       12455000	      1244	80000fac	03ef4863	blt	x30,x30,80000fdc	 x30:0xffffffff x30:0xffffffff
       12465000	      1245	80000fb0	0159d613	srli	x12,x19,0x15	 x19:0xffffffff x12=0x000007ff
       12475000	      1246	80000fb4	0175ca33	xor	x20,x11,x23	 x11:0x00000000 x23:0x80009000 x20=0x80009000
       12485000	      1247	80000fb8	0312e263	bltu	x5,x17,80000fdc	  x5:0x80009f40 x17:0xfffffb20
       12495000	      1248	00000000	00000013	addi	x0,x0,0	  x0:0x00000000
       12505000	      1249	80000fd8	00000013	addi	x0,x0,0	  x0:0x00000000
       12515000	      1250	80000fdc	03f78063	beq	x15,x31,80000ffc	 x15:0x00000000 x31:0xc433b000
       12525000	      1251	80000fe0	257f35b7	lui	x11,0x257f3	 x11=0x257f3000
       12535000	      1252	80000fe4	409b6493	ori	x9,x22,1033	 x22:0x00000001  x9=0x00000409
       12545000	      1253	80000fe8	04d01e63	bne	x0,x13,80001044	  x0:0x00000000 x13:0x00000000
       12555000	      1254	80000fec	41645e33	sra	x28,x8,x22	  x8:0x00000001 x22:0x00000001 x28=0x00000000
       12565000	      1255	80000ff0	41385913	srai	x18,x16,0x13	 x16:0x00000000 x18=0x00000000
       12575000	      1256	80000ff4	04354663	blt	x10,x3,80001040	 x10:0x88e51000  x3:0xfffff9c2
       12585000	      1257	00000000	00000013	addi	x0,x0,0	  x0:0x00000000
       12595000	      1258	8000103c	00000013	addi	x0,x0,0	  x0:0x00000000
       12605000	      1259	80001040	00000013	addi	x0,x0,0	  x0:0x00000000
       12615000	      1260	80001044	016e6033	or	x0,x28,x22	 x28:0x00000000 x22:0x00000001
       12625000	      1261	80001048	001cd513	srli	x10,x25,0x1	 x25:0xffffffff x10=0x7fffffff
       12635000	      1262	8000104c	004d78b3	and	x17,x26,x4	 x26:0x00000000  x4:0x00000001 x17=0x00000000
       12645000	      1263	80001050	b2426d13	ori	x26,x4,-1244	  x4:0x00000001 x26=0xfffffb25
       12655000	      1264	80001054	4cf6e493	ori	x9,x13,1231	 x13:0x00000000  x9=0x000004cf
       12665000	      1265	80001058	04d74e63	blt	x14,x13,800010b4	 x14:0xfffffd5e x13:0x00000000
       12675000	      1266	00000000	00000013	addi	x0,x0,0	  x0:0x00000000
       12685000	      1267	800010b0	00000013	addi	x0,x0,0	  x0:0x00000000
       12695000	      1268	800010b4	01105d13	srli	x26,x0,0x11	  x0:0x00000000 x26=0x00000000
       12705000	      1269	800010b8	03da9663	bne	x21,x29,800010e4	 x21:0x00000001 x29:0x00000000
       12715000	      1270	00000000	00000013	addi	x0,x0,0	  x0:0x00000000
       12725000	      1271	800010e0	00000013	addi	x0,x0,0	  x0:0x00000000
       12735000	      1272	800010e4	01b74733	xor	x14,x14,x27	 x14:0xfffffd5e x27:0x80009fc4 x14=0x7fff629a
       12745000	      1273	800010e8	e94c2193	slti	x3,x24,-364	 x24:0xffffffff  x3=0x00000000
       12755000	      1274	800010ec	4151d213	srai	x4,x3,0x15	  x3:0x00000000  x4=0x00000000
       12765000	      1275	800010f0	0e7f3993	sltiu	x19,x30,231	 x30:0xffffffff x19=0x00000000
       12775000	      1276	800010f4	40668133	sub	x2,x13,x6	 x13:0x00000000  x6:0xfffffa18  x2=0x000005e8
       12785000	      1277	800010f8	04c9f663	bgeu	x19,x12,80001144	 x19:0x00000000 x12:0x000007ff
       12795000	      1278	800010fc	dfd6ea13	ori	x20,x13,-515	 x13:0x00000000 x20=0xfffffdfd
       12805000	      1279	80001100	00e11e33	sll	x28,x2,x14	  x2:0x000005e8 x14:0x7fff629a x28=0xa0000000
       12815000	      1280	80001104	033d1263	bne	x26,x19,80001128	 x26:0x00000000 x19:0x00000000
       12825000	      1281	80001108	af178b13	addi	x22,x15,-1295	 x15:0x00000000 x22=0xfffffaf1
       12835000	      1282	8000110c	00205b33	srl	x22,x0,x2	  x0:0x00000000  x2:0x000005e8 x22=0x00000000
       12845000	      1283	80001110	00531433	sll	x8,x6,x5	  x6:0xfffffa18  x5:0x80009f40  x8=0xfffffa18
       12855000	      1284	80001114	402757b3	sra	x15,x14,x2	 x14:0x7fff629a  x2:0x000005e8 x15=0x007fff62
       12865000	      1285	80001118	00aba8b3	slt	x17,x23,x10	 x23:0x80009000 x10:0x7fffffff x17=0x00000001
       12875000	      1286	8000111c	12b4ca13	xori	x20,x9,299	  x9:0x000004cf x20=0x000005e4
       12885000	      1287	80001120	6aaa3993	sltiu	x19,x20,1706	 x20:0x000005e4 x19=0x00000001
       12895000	      1288	80001124	01e4da33	srl	x20,x9,x30	  x9:0x000004cf x30:0xffffffff x20=0x00000000
       12905000	      1289	80001128	00000013	addi	x0,x0,0	  x0:0x00000000
       12915000	      1290	8000112c	62de2113	slti	x2,x28,1581	 x28:0xa0000000  x2=0x00000001
       12925000	      1291	80001130	ba9f8613	addi	x12,x31,-1111	 x31:0xc433b000 x12=0xc433aba9
       12935000	      1292	80001134	41d9db13	srai	x22,x19,0x1d	 x19:0x00000001 x22=0x00000000
       12945000	      1293	80001138	c7d53813	sltiu	x16,x10,-899	 x10:0x7fffffff x16=0x00000001
       12955000	      1294	8000113c	fce4e013	ori	x0,x9,-50	  x9:0x000004cf
       12965000	      1295	80001140	41578f33	sub	x30,x15,x21	 x15:0x007fff62 x21:0x00000001 x30=0x007fff61
       12975000	      1296	80001144	00c3c0b3	xor	x1,x7,x12	  x7:0x00000000 x12:0xc433aba9  x1=0xc433aba9
       12985000	      1297	80001148	009a9e63	bne	x21,x9,80001164	 x21:0x00000001  x9:0x000004cf
       12995000	      1298	00000000	00000013	addi	x0,x0,0	  x0:0x00000000
       13005000	      1299	80001160	00000013	addi	x0,x0,0	  x0:0x00000000
       13015000	      1300	80001164	00000013	addi	x0,x0,0	  x0:0x00000000
       13025000	      1301	80001168	404c0b33	sub	x22,x24,x4	 x24:0xffffffff  x4:0x00000000 x22=0xffffffff
       13035000	      1302	8000116c	c2d3e893	ori	x17,x7,-979	  x7:0x00000000 x17=0xfffffc2d
       13045000	      1303	80001170	006fd513	srli	x10,x31,0x6	 x31:0xc433b000 x10=0x0310cec0
       13055000	      1304	80001174	0aa64663	blt	x12,x10,80001220	 x12:0xc433aba9 x10:0x0310cec0
       13065000	      1305	00000000	00000013	addi	x0,x0,0	  x0:0x00000000
       13075000	      1306	8000121c	00000013	addi	x0,x0,0	  x0:0x00000000
       13085000	      1307	80001220	0095cc33	xor	x24,x11,x9	 x11:0x257f3000  x9:0x000004cf x24=0x257f34cf
       13095000	      1308	80001224	01acd1b3	srl	x3,x25,x26	 x25:0xffffffff x26:0x00000000  x3=0xffffffff
       13105000	      1309	80001228	01218633	add	x12,x3,x18	  x3:0xffffffff x18:0x00000000 x12=0xffffffff
       13115000	      1310	8000122c	0116fbb3	and	x23,x13,x17	 x13:0x00000000 x17:0xfffffc2d x23=0x00000000
       13125000	      1311	80001230	4011d7b3	sra	x15,x3,x1	  x3:0xffffffff  x1:0xc433aba9 x15=0xffffffff
       13135000	      1312	80001234	40275233	sra	x4,x14,x2	 x14:0x7fff629a  x2:0x00000001  x4=0x3fffb14d
       13145000	      1313	80001238	0072d033	srl	x0,x5,x7	  x5:0x80009f40  x7:0x00000000
       13155000	      1314	8000123c	6cf663b7	lui	x7,0x6cf66	  x7=0x6cf66000
       13165000	      1315	80001240	d84eb313	sltiu	x6,x29,-636	 x29:0x00000000  x6=0x00000001
       13175000	      1316	80001244	00451d13	slli	x26,x10,0x4	 x10:0x0310cec0 x26=0x310cec00
       13185000	      1317	80001248	0331dc63	bge	x3,x19,80001280	  x3:0xffffffff x19:0x00000001
       13195000	      1318	8000124c	01356cb3	or	x25,x10,x19	 x10:0x0310cec0 x19:0x00000001 x25=0x0310cec1
       13205000	      1319	80001250	8b3d2e17	auipc	x28,0x8b3d2	 x28=0x0b3d324c
       13215000	      1320	80001254	00611d33	sll	x26,x2,x6	  x2:0x00000001  x6:0x00000001 x26=0x00000002
       13225000	      1321	80001258	1f61be13	sltiu	x28,x3,502	  x3:0xffffffff x28=0x00000000
       13235000	      1322	8000125c	003fbd33	sltu	x26,x31,x3	 x31:0xc433b000  x3:0xffffffff x26=0x00000001
       13245000	      1323	80001260	00300eb3	add	x29,x0,x3	  x0:0x00000000  x3:0xffffffff x29=0xffffffff
       13255000	      1324	80001264	6ff22893	slti	x17,x4,1791	  x4:0x3fffb14d x17=0x00000000
       13265000	      1325	80001268	503c0513	addi	x10,x24,1283	 x24:0x257f34cf x10=0x257f39d2
       13275000	      1326	8000126c	9304cb93	xori	x23,x9,-1744	  x9:0x000004cf x23=0xfffffdff
       13285000	      1327	80001270	010bd693	srli	x13,x23,0x10	 x23:0xfffffdff x13=0x0000ffff
       13295000	      1328	80001274	01f1a4b3	slt	x9,x3,x31	  x3:0xffffffff x31:0xc433b000  x9=0x00000000
       13305000	      1329	80001278	008f0d33	add	x26,x30,x8	 x30:0x007fff61  x8:0xfffffa18 x26=0x007ff979
       13315000	      1330	8000127c	01796633	or	x12,x18,x23	 x18:0x00000000 x23:0xfffffdff x12=0xfffffdff
       13325000	      1331	80001280	00b7e833	or	x16,x15,x11	 x15:0xffffffff x11:0x257f3000 x16=0xffffffff
       13335000	      1332	80001284	3870c013	xori	x0,x1,903	  x1:0xc433aba9
       13345000	      1333	80001288	1a8b0713	addi	x14,x22,424	 x22:0xffffffff x14=0x000001a7
       13355000	      1334	8000128c	5ded2793	slti	x15,x26,1502	 x26:0x007ff979 x15=0x00000000
       13365000	      1335	80001290	c5690793	addi	x15,x18,-938	 x18:0x00000000 x15=0xfffffc56
       13375000	      1336	80001294	04c15263	bge	x2,x12,800012d8	  x2:0x00000001 x12:0xfffffdff
       13385000	      1337	00000000	00000013	addi	x0,x0,0	  x0:0x00000000
       13395000	      1338	800012d4	00000013	addi	x0,x0,0	  x0:0x00000000
       13405000	      1339	800012d8	00b50c33	add	x24,x10,x11	 x10:0x257f39d2 x11:0x257f3000 x24=0x4afe69d2
       13415000	      1340	800012dc	3a584c13	xori	x24,x16,933	 x16:0xffffffff x24=0xfffffc5a
       13425000	      1341	800012e0	056c1263	bne	x24,x22,80001324	 x24:0xfffffc5a x22:0xffffffff
       13435000	      1342	00000000	00000013	addi	x0,x0,0	  x0:0x00000000
       13445000	      1343	80001320	00000013	addi	x0,x0,0	  x0:0x00000000
       13455000	      1344	80001324	a1767593	andi	x11,x12,-1513	 x12:0xfffffdff x11=0xfffff817
       13465000	      1345	80001328	018a98b3	sll	x17,x21,x24	 x21:0x00000001 x24:0xfffffc5a x17=0x04000000
       13475000	      1346	8000132c	61442e13	slti	x28,x8,1556	  x8:0xfffffa18 x28=0x00000001
       13485000	      1347	80001330	00577a33	and	x20,x14,x5	 x14:0x000001a7  x5:0x80009f40 x20=0x00000100
       13495000	      1348	80001334	03df1263	bne	x30,x29,80001358	 x30:0x007fff61 x29:0xffffffff
       13505000	      1349	00000000	00000013	addi	x0,x0,0	  x0:0x00000000
       13515000	      1350	80001354	00000013	addi	x0,x0,0	  x0:0x00000000
       13525000	      1351	80001358	0142f433	and	x8,x5,x20	  x5:0x80009f40 x20:0x00000100  x8=0x00000100
       13535000	      1352	8000135c	7dafc737	lui	x14,0x7dafc	 x14=0x7dafc000
       13545000	      1353	80001360	41090733	sub	x14,x18,x16	 x18:0x00000000 x16:0xffffffff x14=0x00000001
       13555000	      1354	80001364	b5ee6e17	auipc	x28,0xb5ee6	 x28=0x35ee7360
       13565000	      1355	80001368	01fed463	bge	x29,x31,80001370	 x29:0xffffffff x31:0xc433b000
       13575000	      1356	00000000	00000013	addi	x0,x0,0	  x0:0x00000000
       13585000	      1357	8000136c	00000013	addi	x0,x0,0	  x0:0x00000000
       13595000	      1358	80001370	00364733	xor	x14,x12,x3	 x12:0xfffffdff  x3:0xffffffff x14=0x00000200
       13605000	      1359	80001374	0091bf33	sltu	x30,x3,x9	  x3:0xffffffff  x9:0x00000000 x30=0x00000000
       13615000	      1360	80001378	388c3393	sltiu	x7,x24,904	 x24:0xfffffc5a  x7=0x00000000
       13625000	      1361	8000137c	050e6063	bltu	x28,x16,800013bc	 x28:0x35ee7360 x16:0xffffffff
       13635000	      1362	00000000	00000013	addi	x0,x0,0	  x0:0x00000000
       13645000	      1363	800013b8	00000013	addi	x0,x0,0	  x0:0x00000000
       13655000	      1364	800013bc	a52b4893	xori	x17,x22,-1454	 x22:0xffffffff x17=0x000005ad
       13665000	      1365	800013c0	022f8263	beq	x31,x2,800013e4	 x31:0xc433b000  x2:0x00000001
       13675000	      1366	800013c4	2c49ed13	ori	x26,x19,708	 x19:0x00000001 x26=0x000002c5
       13685000	      1367	800013c8	01759333	sll	x6,x11,x23	 x11:0xfffff817 x23:0xfffffdff  x6=0x80000000
       13695000	      1368	800013cc	0008d913	srli	x18,x17,0x0	 x17:0x000005ad x18=0x000005ad
       13705000	      1369	800013d0	01662f33	slt	x30,x12,x22	 x12:0xfffffdff x22:0xffffffff x30=0x00000001
       13715000	      1370	800013d4	00f43d33	sltu	x26,x8,x15	  x8:0x00000100 x15:0xfffffc56 x26=0x00000001
       13725000	      1371	800013d8	03f4ea63	bltu	x9,x31,8000140c	  x9:0x00000000 x31:0xc433b000
       13735000	      1372	00000000	00000013	addi	x0,x0,0	  x0:0x00000000
       13745000	      1373	80001408	00000013	addi	x0,x0,0	  x0:0x00000000
       13755000	      1374	8000140c	01d46533	or	x10,x8,x29	  x8:0x00000100 x29:0xffffffff x10=0xffffffff
       13765000	      1375	80001410	010a8d33	add	x26,x21,x16	 x21:0x00000001 x16:0xffffffff x26=0x00000000
       13775000	      1376	80001414	408d5c93	srai	x25,x26,0x8	 x26:0x00000000 x25=0x00000000
       13785000	      1377	80001418	005ec5b3	xor	x11,x29,x5	 x29:0xffffffff  x5:0x80009f40 x11=0x7fff60bf
       13795000	      1378	8000141c	009d6bb3	or	x23,x26,x9	 x26:0x00000000  x9:0x00000000 x23=0x00000000
       13805000	      1379	80001420	41c00f33	sub	x30,x0,x28	  x0:0x00000000 x28:0x35ee7360 x30=0xca118ca0
       13815000	      1380	80001424	03d7c263	blt	x15,x29,80001448	 x15:0xfffffc56 x29:0xffffffff
       13825000	      1381	00000000	00000013	addi	x0,x0,0	  x0:0x00000000
       13835000	      1382	80001444	00000013	addi	x0,x0,0	  x0:0x00000000
       13845000	      1383	80001448	b62fe393	ori	x7,x31,-1182	 x31:0xc433b000  x7=0xfffffb62
       13855000	      1384	8000144c	03e96263	bltu	x18,x30,80001470	 x18:0x000005ad x30:0xca118ca0
       13865000	      1385	00000000	00000013	addi	x0,x0,0	  x0:0x00000000
       13875000	      1386	8000146c	00000013	addi	x0,x0,0	  x0:0x00000000
       13885000	      1387	80001470	03630e63	beq	x6,x22,800014ac	  x6:0x80000000 x22:0xffffffff
       13895000	      1388	80001474	00dffeb3	and	x29,x31,x13	 x31:0xc433b000 x13:0x0000ffff x29=0x0000b000
       13905000	      1389	80001478	5bfca8b7	lui	x17,0x5bfca	 x17=0x5bfca000
       13915000	      1390	8000147c	00000013	addi	x0,x0,0	  x0:0x00000000
       13925000	      1391	80001480	36991537	lui	x10,0x36991	 x10=0x36991000
       13935000	      1392	80001484	000b0c33	add	x24,x22,x0	 x22:0xffffffff  x0:0x00000000 x24=0xffffffff
       13945000	      1393	80001488	541eb913	sltiu	x18,x29,1345	 x29:0x0000b000 x18=0x00000000
       13955000	      1394	8000148c	e1b78b97	auipc	x23,0xe1b78	 x23=0x61b79488
       13965000	      1395	80001490	b157bc13	sltiu	x24,x15,-1259	 x15:0xfffffc56 x24=0x00000000
       13975000	      1396	80001494	00eb81b3	add	x3,x23,x14	 x23:0x61b79488 x14:0x00000200  x3=0x61b79688
       13985000	      1397	80001498	01a63a33	sltu	x20,x12,x26	 x12:0xfffffdff x26:0x00000000 x20=0x00000000
       13995000	      1398	8000149c	00000013	addi	x0,x0,0	  x0:0x00000000
       14005000	      1399	800014a0	9c4ab313	sltiu	x6,x21,-1596	 x21:0x00000001  x6=0x00000001
       14015000	      1400	800014a4	03b6c663	blt	x13,x27,800014d0	 x13:0x0000ffff x27:0x80009fc4
       14025000	      1401	800014a8	5ca42e13	slti	x28,x8,1482	  x8:0x00000100 x28=0x00000001
       14035000	      1402	800014ac	31371837	lui	x16,0x31371	 x16=0x31371000
       14045000	      1403	800014b0	d7b34a13	xori	x20,x6,-645	  x6:0x00000001 x20=0xfffffd7a
       14055000	      1404	800014b4	b3962797	auipc	x15,0xb3962	 x15=0x339634b0
       14065000	      1405	800014b8	40220c33	sub	x24,x4,x2	  x4:0x3fffb14d  x2:0x00000001 x24=0x3fffb14c
       14075000	      1406	800014bc	412e8b33	sub	x22,x29,x18	 x29:0x0000b000 x18:0x00000000 x22=0x0000b000
       14085000	      1407	800014c0	059ff863	bgeu	x31,x25,80001510	 x31:0xc433b000 x25:0x00000000
       14095000	      1408	00000000	00000013	addi	x0,x0,0	  x0:0x00000000
       14105000	      1409	8000150c	00000013	addi	x0,x0,0	  x0:0x00000000
       14115000	      1410	80001510	41a6d233	sra	x4,x13,x26	 x13:0x0000ffff x26:0x00000000  x4=0x0000ffff
       14125000	      1411	80001514	011a21b3	slt	x3,x20,x17	 x20:0xfffffd7a x17:0x5bfca000  x3=0x00000001
       14135000	      1412	80001518	00db1313	slli	x6,x22,0xd	 x22:0x0000b000  x6=0x16000000
       14145000	      1413	8000151c	f4c22593	slti	x11,x4,-180	  x4:0x0000ffff x11=0x00000000
       14155000	      1414	80001520	827d6693	ori	x13,x26,-2009	 x26:0x00000000 x13=0xfffff827
       14165000	      1415	80001524	01b24bb3	xor	x23,x4,x27	  x4:0x0000ffff x27:0x80009fc4 x23=0x8000603b
       14175000	      1416	80001528	016af833	and	x16,x21,x22	 x21:0x00000001 x22:0x0000b000 x16=0x00000000
       14185000	      1417	8000152c	00000013	addi	x0,x0,0	  x0:0x00000000
       14195000	      1418	80001530	b8b6c937	lui	x18,0xb8b6c	 x18=0xb8b6c000
       14205000	      1419	80001534	ef4a6c93	ori	x25,x20,-268	 x20:0xfffffd7a x25=0xfffffffe
       14215000	      1420	80001538	0179bc33	sltu	x24,x19,x23	 x19:0x00000001 x23:0x8000603b x24=0x00000001
       14225000	      1421	8000153c	fff00c93	addi	x25,x0,-1	  x0:0x00000000 x25=0xffffffff
       14235000	      1422	80001540	00599a13	slli	x20,x19,0x5	 x19:0x00000001 x20=0x00000020
       14245000	      1423	80001544	019b6c33	or	x24,x22,x25	 x22:0x0000b000 x25:0xffffffff x24=0xffffffff
       14255000	      1424	80001548	402a5033	sra	x0,x20,x2	 x20:0x00000020  x2:0x00000001
       14265000	      1425	8000154c	00805433	srl	x8,x0,x8	  x0:0x00000000  x8:0x00000100  x8=0x00000000
       14275000	      1426	80001550	01fbed33	or	x26,x23,x31	 x23:0x8000603b x31:0xc433b000 x26=0xc433f03b
       14285000	      1427	80001554	cc5e8393	addi	x7,x29,-827	 x29:0x0000b000  x7=0x0000acc5
       14295000	      1428	80001558	40980b33	sub	x22,x16,x9	 x16:0x00000000  x9:0x00000000 x22=0x00000000
       14305000	      1429	8000155c	01455113	srli	x2,x10,0x14	 x10:0x36991000  x2=0x00000369
       14315000	      1430	80001560	7ef3f213	andi	x4,x7,2031	  x7:0x0000acc5  x4=0x000004c5
       14325000	      1431	80001564	00400913	addi	x18,x0,4	  x0:0x00000000 x18=0x00000004
       14335000	      1432	80001568	1a291f37	lui	x30,0x1a291	 x30=0x1a291000
       14345000	      1433	8000156c	011279b3	and	x19,x4,x17	  x4:0x000004c5 x17:0x5bfca000 x19=0x00000000
       14355000	      1434	80001570	5846cf13	xori	x30,x13,1412	 x13:0xfffff827 x30=0xfffffda3
       14365000	      1435	80001574	6e500813	addi	x16,x0,1765	  x0:0x00000000 x16=0x000006e5
       14375000	      1436	80001578	003c8c93	addi	x25,x25,3	 x25:0xffffffff x25=0x00000002
       14385000	      1437	8000157c	0197a433	slt	x8,x15,x25	 x15:0x339634b0 x25:0x00000002  x8=0x00000000
       14395000	      1438	80001580	90f83413	sltiu	x8,x16,-1777	 x16:0x000006e5  x8=0x00000001
       14405000	      1439	80001584	982ab237	lui	x4,0x982ab	  x4=0x982ab000
       14415000	      1440	80001588	ff2ce4e3	bltu	x25,x18,80001570	 x25:0x00000002 x18:0x00000004
       14425000	      1441	00000000	00000013	addi	x0,x0,0	  x0:0x00000000
       14435000	      1442	8000156c	00000013	addi	x0,x0,0	  x0:0x00000000
       14445000	      1443	80001570	5846cf13	xori	x30,x13,1412	 x13:0xfffff827 x30=0xfffffda3
       14455000	      1444	80001574	6e500813	addi	x16,x0,1765	  x0:0x00000000 x16=0x000006e5
       14465000	      1445	80001578	003c8c93	addi	x25,x25,3	 x25:0x00000002 x25=0x00000005
       14475000	      1446	8000157c	0197a433	slt	x8,x15,x25	 x15:0x339634b0 x25:0x00000005  x8=0x00000000
       14485000	      1447	80001580	90f83413	sltiu	x8,x16,-1777	 x16:0x000006e5  x8=0x00000001
       14495000	      1448	80001584	982ab237	lui	x4,0x982ab	  x4=0x982ab000
       14505000	      1449	80001588	ff2ce4e3	bltu	x25,x18,80001570	 x25:0x00000005 x18:0x00000004
       14515000	      1450	8000158c	0013beb3	sltu	x29,x7,x1	  x7:0x0000acc5  x1:0xc433aba9 x29=0x00000001
       14525000	      1451	80001590	01d59993	slli	x19,x11,0x1d	 x11:0x00000000 x19=0x00000000
       14535000	      1452	80001594	0185a7b3	slt	x15,x11,x24	 x11:0x00000000 x24:0xffffffff x15=0x00000000
       14545000	      1453	80001598	38ad16b7	lui	x13,0x38ad1	 x13=0x38ad1000
       14555000	      1454	8000159c	00978263	beq	x15,x9,800015a0	 x15:0x00000000  x9:0x00000000
       14565000	      1455	00000000	00000013	addi	x0,x0,0	  x0:0x00000000
       14575000	      1456	8000159c	00000013	addi	x0,x0,0	  x0:0x00000000
       14585000	      1457	800015a0	503dea37	lui	x20,0x503de	 x20=0x503de000
       14595000	      1458	800015a4	04736063	bltu	x6,x7,800015e4	  x6:0x16000000  x7:0x0000acc5
       14605000	      1459	800015a8	00eb8a33	add	x20,x23,x14	 x23:0x8000603b x14:0x00000200 x20=0x8000623b
       14615000	      1460	800015ac	010a03b3	add	x7,x20,x16	 x20:0x8000623b x16:0x000006e5  x7=0x80006920
       14625000	      1461	800015b0	05cb9263	bne	x23,x28,800015f4	 x23:0x8000603b x28:0x00000001
       14635000	      1462	00000000	00000013	addi	x0,x0,0	  x0:0x00000000
       14645000	      1463	800015f0	00000013	addi	x0,x0,0	  x0:0x00000000
       14655000	      1464	800015f4	00eed613	srli	x12,x29,0xe	 x29:0x00000001 x12=0x00000000
       14665000	      1465	800015f8	79250237	lui	x4,0x79250	  x4=0x79250000
       14675000	      1466	800015fc	002f8233	add	x4,x31,x2	 x31:0xc433b000  x2:0x00000369  x4=0xc433b369
       14685000	      1467	80001600	01653533	sltu	x10,x10,x22	 x10:0x36991000 x22:0x00000000 x10=0x00000000
       14695000	      1468	80001604	8df2be37	lui	x28,0x8df2b	 x28=0x8df2b000
       14705000	      1469	80001608	40620033	sub	x0,x4,x6	  x4:0xc433b369  x6:0x16000000
       14715000	      1470	8000160c	e8b4ef13	ori	x30,x9,-373	  x9:0x00000000 x30=0xfffffe8b
       14725000	      1471	80001610	005fbb33	sltu	x22,x31,x5	 x31:0xc433b000  x5:0x80009f40 x22=0x00000000
       14735000	      1472	80001614	edc18b13	addi	x22,x3,-292	  x3:0x00000001 x22=0xfffffedd
       14745000	      1473	80001618	0211f663	bgeu	x3,x1,80001644	  x3:0x00000001  x1:0xc433aba9
       14755000	      1474	8000161c	04f0e663	bltu	x1,x15,80001668	  x1:0xc433aba9 x15:0x00000000
       14765000	      1475	80001620	503afb93	andi	x23,x21,1283	 x21:0x00000001 x23=0x00000001
       14775000	      1476	80001624	0020c6b3	xor	x13,x1,x2	  x1:0xc433aba9  x2:0x00000369 x13=0xc433a8c0
       14785000	      1477	80001628	002a0863	beq	x20,x2,80001638	 x20:0x8000623b  x2:0x00000369
       14795000	      1478	8000162c	00d907b3	add	x15,x18,x13	 x18:0x00000004 x13:0xc433a8c0 x15=0xc433a8c4
       14805000	      1479	80001630	be037993	andi	x19,x6,-1056	  x6:0x16000000 x19=0x16000000
       14815000	      1480	80001634	052c9863	bne	x25,x18,80001684	 x25:0x00000005 x18:0x00000004
       14825000	      1481	00000000	00000013	addi	x0,x0,0	  x0:0x00000000
       14835000	      1482	80001680	00000013	addi	x0,x0,0	  x0:0x00000000
       14845000	      1483	80001684	00000013	addi	x0,x0,0	  x0:0x00000000
       14855000	      1484	80001688	2322b613	sltiu	x12,x5,562	  x5:0x80009f40 x12=0x00000000
       14865000	      1485	8000168c	00dd1533	sll	x10,x26,x13	 x26:0xc433f03b x13:0xc433a8c0 x10=0xc433f03b
       14875000	      1486	80001690	00000013	addi	x0,x0,0	  x0:0x00000000
       14885000	      1487	80001694	45516513	ori	x10,x2,1109	  x2:0x00000369 x10=0x0000077d
       14895000	      1488	80001698	419cd0b3	sra	x1,x25,x25	 x25:0x00000005 x25:0x00000005  x1=0x00000000
       14905000	      1489	8000169c	20838913	addi	x18,x7,520	  x7:0x80006920 x18=0x80006b28
       14915000	      1490	800016a0	0bd2b913	sltiu	x18,x5,189	  x5:0x80009f40 x18=0x00000000
       14925000	      1491	800016a4	d4a20393	addi	x7,x4,-694	  x4:0xc433b369  x7=0xc433b0b3
       14935000	      1492	800016a8	825a7fb7	lui	x31,0x825a7	 x31=0x825a7000
       14945000	      1493	800016ac	166ea713	slti	x14,x29,358	 x29:0x00000001 x14=0x00000001
       14955000	      1494	800016b0	03614263	blt	x2,x22,800016d4	  x2:0x00000369 x22:0xfffffedd
       14965000	      1495	800016b4	0356e663	bltu	x13,x21,800016e0	 x13:0xc433a8c0 x21:0x00000001
       14975000	      1496	800016b8	9874e717	auipc	x14,0x9874e	 x14=0x1874f6b4
       14985000	      1497	800016bc	41dfd513	srai	x10,x31,0x1d	 x31:0x825a7000 x10=0xfffffffc
       14995000	      1498	800016c0	035b0a63	beq	x22,x21,800016f4	 x22:0xfffffedd x21:0x00000001
       15005000	      1499	800016c4	01054217	auipc	x4,0x1054	  x4=0x810556c0
       15015000	      1500	800016c8	c00e9797	auipc	x15,0xc00e9	 x15=0x400ea6c4
       15025000	      1501	800016cc	012d2a33	slt	x20,x26,x18	 x26:0xc433f03b x18:0x00000000 x20=0x00000001
       15035000	      1502	800016d0	053f6263	bltu	x30,x19,80001714	 x30:0xfffffe8b x19:0x16000000
       15045000	      1503	800016d4	010bd593	srli	x11,x23,0x10	 x23:0x00000001 x11=0x00000000
       15055000	      1504	800016d8	015c74b3	and	x9,x24,x21	 x24:0xffffffff x21:0x00000001  x9=0x00000001
       15065000	      1505	800016dc	006eacb3	slt	x25,x29,x6	 x29:0x00000001  x6:0x16000000 x25=0x00000001
       15075000	      1506	800016e0	01159233	sll	x4,x11,x17	 x11:0x00000000 x17:0x5bfca000  x4=0x00000000
       15085000	      1507	800016e4	41480133	sub	x2,x16,x20	 x16:0x000006e5 x20:0x00000001  x2=0x000006e4
       15095000	      1508	800016e8	00c40f33	add	x30,x8,x12	  x8:0x00000001 x12:0x00000000 x30=0x00000001
       15105000	      1509	800016ec	3624a893	slti	x17,x9,866	  x9:0x00000001 x17=0x00000001
       15115000	      1510	800016f0	ae40a793	slti	x15,x1,-1308	  x1:0x00000000 x15=0x00000000
       15125000	      1511	800016f4	01ac0b33	add	x22,x24,x26	 x24:0xffffffff x26:0xc433f03b x22=0xc433f03a
       15135000	      1512	800016f8	01ad1013	slli	x0,x26,0x1a	 x26:0xc433f03b
       15145000	      1513	800016fc	2ed2e313	ori	x6,x5,749	  x5:0x80009f40  x6=0x80009fed
       15155000	      1514	80001700	0005e133	or	x2,x11,x0	 x11:0x00000000  x0:0x00000000  x2=0x00000000
       15165000	      1515	80001704	00121633	sll	x12,x4,x1	  x4:0x00000000  x1:0x00000000 x12=0x00000000
       15175000	      1516	80001708	04a6e263	bltu	x13,x10,8000174c	 x13:0xc433a8c0 x10:0xfffffffc
       15185000	      1517	00000000	00000013	addi	x0,x0,0	  x0:0x00000000
       15195000	      1518	80001748	00000013	addi	x0,x0,0	  x0:0x00000000
       15205000	      1519	8000174c	404e5993	srai	x19,x28,0x4	 x28:0x8df2b000 x19=0xf8df2b00
       15215000	      1520	80001750	01d4db93	srli	x23,x9,0x1d	  x9:0x00000001 x23=0x00000000
       15225000	      1521	80001754	bbc7fc13	andi	x24,x15,-1092	 x15:0x00000000 x24=0x00000000
       15235000	      1522	80001758	401a51b3	sra	x3,x20,x1	 x20:0x00000001  x1:0x00000000  x3=0x00000001
       15245000	      1523	8000175c	00b58c33	add	x24,x11,x11	 x11:0x00000000 x11:0x00000000 x24=0x00000000
       15255000	      1524	80001760	00000013	addi	x0,x0,0	  x0:0x00000000
       15265000	      1525	80001764	028f1263	bne	x30,x8,80001788	 x30:0x00000001  x8:0x00000001
       15275000	      1526	80001768	b913e493	ori	x9,x7,-1135	  x7:0xc433b0b3  x9=0xfffffbb3
       15285000	      1527	8000176c	03df4463	blt	x30,x29,80001794	 x30:0x00000001 x29:0x00000001
       15295000	      1528	80001770	007ffb33	and	x22,x31,x7	 x31:0x825a7000  x7:0xc433b0b3 x22=0x80123000
       15305000	      1529	80001774	01330c33	add	x24,x6,x19	  x6:0x80009fed x19:0xf8df2b00 x24=0x78dfcaed
       15315000	      1530	80001778	a66d4793	xori	x15,x26,-1434	 x26:0xc433f03b x15=0x3bcc0a5d
       15325000	      1531	8000177c	0290e263	bltu	x1,x9,800017a0	  x1:0x00000000  x9:0xfffffbb3
       15335000	      1532	00000000	00000013	addi	x0,x0,0	  x0:0x00000000
       15345000	      1533	8000179c	00000013	addi	x0,x0,0	  x0:0x00000000
       15355000	      1534	800017a0	012417b3	sll	x15,x8,x18	  x8:0x00000001 x18:0x00000000 x15=0x00000001
       15365000	      1535	800017a4	415f0fb3	sub	x31,x30,x21	 x30:0x00000001 x21:0x00000001 x31=0x00000000
       15375000	      1536	800017a8	00000013	addi	x0,x0,0	  x0:0x00000000
       15385000	      1537	800017ac	713d0f13	addi	x30,x26,1811	 x26:0xc433f03b x30=0xc433f74e
       15395000	      1538	800017b0	019860b3	or	x1,x16,x25	 x16:0x000006e5 x25:0x00000001  x1=0x000006e5
       15405000	      1539	800017b4	0116bb33	sltu	x22,x13,x17	 x13:0xc433a8c0 x17:0x00000001 x22=0x00000000
       15415000	      1540	800017b8	041f8663	beq	x31,x1,80001804	 x31:0x00000000  x1:0x000006e5
       15425000	      1541	800017bc	00904c33	xor	x24,x0,x9	  x0:0x00000000  x9:0xfffffbb3 x24=0xfffffbb3
       15435000	      1542	800017c0	01abb733	sltu	x14,x23,x26	 x23:0x00000000 x26:0xc433f03b x14=0x00000001
       15445000	      1543	800017c4	03a55e63	bge	x10,x26,80001800	 x10:0xfffffffc x26:0xc433f03b
       15455000	      1544	00000000	00000013	addi	x0,x0,0	  x0:0x00000000
       15465000	      1545	800017fc	00000013	addi	x0,x0,0	  x0:0x00000000
       15475000	      1546	80001800	01141eb3	sll	x29,x8,x17	  x8:0x00000001 x17:0x00000001 x29=0x00000002
       15485000	      1547	80001804	a569b693	sltiu	x13,x19,-1450	 x19:0xf8df2b00 x13=0x00000001
       15495000	      1548	80001808	008eb133	sltu	x2,x29,x8	 x29:0x00000002  x8:0x00000001  x2=0x00000000
       15505000	      1549	8000180c	23ab8c13	addi	x24,x23,570	 x23:0x00000000 x24=0x0000023a
       15515000	      1550	80001810	01767033	and	x0,x12,x23	 x12:0x00000000 x23:0x00000000
       15525000	      1551	80001814	01e8f463	bgeu	x17,x30,8000181c	 x17:0x00000001 x30:0xc433f74e
       15535000	      1552	80001818	00b90e33	add	x28,x18,x11	 x18:0x00000000 x11:0x00000000 x28=0x00000000
       15545000	      1553	8000181c	412508b3	sub	x17,x10,x18	 x10:0xfffffffc x18:0x00000000 x17=0xfffffffc
       15555000	      1554	80001820	04f56863	bltu	x10,x15,80001870	 x10:0xfffffffc x15:0x00000001
       15565000	      1555	80001824	9d13f913	andi	x18,x7,-1583	  x7:0xc433b0b3 x18=0xc433b091
       15575000	      1556	80001828	00c80033	add	x0,x16,x12	 x16:0x000006e5 x12:0x00000000
       15585000	      1557	8000182c	40495893	srai	x17,x18,0x4	 x18:0xc433b091 x17=0xfc433b09
       15595000	      1558	80001830	00593b33	sltu	x22,x18,x5	 x18:0xc433b091  x5:0x80009f40 x22=0x00000000
       15605000	      1559	80001834	0104b9b3	sltu	x19,x9,x16	  x9:0xfffffbb3 x16:0x000006e5 x19=0x00000000
       15615000	      1560	80001838	40a30533	sub	x10,x6,x10	  x6:0x80009fed x10:0xfffffffc x10=0x80009ff1
       15625000	      1561	8000183c	da3fa6b7	lui	x13,0xda3fa	 x13=0xda3fa000
       15635000	      1562	80001840	3e537913	andi	x18,x6,997	  x6:0x80009fed x18=0x000003e5
       15645000	      1563	80001844	009bf863	bgeu	x23,x9,80001854	 x23:0x00000000  x9:0xfffffbb3
       15655000	      1564	80001848	05a17263	bgeu	x2,x26,8000188c	  x2:0x00000000 x26:0xc433f03b
       15665000	      1565	8000184c	00c66433	or	x8,x12,x12	 x12:0x00000000 x12:0x00000000  x8=0x00000000
       15675000	      1566	80001850	02b51a63	bne	x10,x11,80001884	 x10:0x80009ff1 x11:0x00000000
       15685000	      1567	00000000	00000013	addi	x0,x0,0	  x0:0x00000000
       15695000	      1568	80001880	00000013	addi	x0,x0,0	  x0:0x00000000
       15705000	      1569	80001884	0125cbb3	xor	x23,x11,x18	 x11:0x00000000 x18:0x000003e5 x23=0x000003e5
       15715000	      1570	80001888	6030ae93	slti	x29,x1,1539	  x1:0x000006e5 x29=0x00000000
       15725000	      1571	8000188c	00939b33	sll	x22,x7,x9	  x7:0xc433b0b3  x9:0xfffffbb3 x22=0x85980000
       15735000	      1572	80001890	02d74663	blt	x14,x13,800018bc	 x14:0x00000001 x13:0xda3fa000
       15745000	      1573	80001894	0161fcb3	and	x25,x3,x22	  x3:0x00000001 x22:0x85980000 x25=0x00000000
       15755000	      1574	80001898	5f363713	sltiu	x14,x12,1523	 x12:0x00000000 x14=0x00000001
       15765000	      1575	8000189c	00000013	addi	x0,x0,0	  x0:0x00000000
       15775000	      1576	800018a0	0002e233	or	x4,x5,x0	  x5:0x80009f40  x0:0x00000000  x4=0x80009f40
       15785000	      1577	800018a4	059b6863	bltu	x22,x25,800018f4	 x22:0x85980000 x25:0x00000000
       15795000	      1578	800018a8	030a5263	bge	x20,x16,800018cc	 x20:0x00000001 x16:0x000006e5
       15805000	      1579	800018ac	0081d193	srli	x3,x3,0x8	  x3:0x00000001  x3=0x00000000
       15815000	      1580	800018b0	032f5c63	bge	x30,x18,800018e8	 x30:0xc433f74e x18:0x000003e5
       15825000	      1581	800018b4	02375463	bge	x14,x3,800018dc	 x14:0x00000001  x3:0x00000000
       15835000	      1582	00000000	00000013	addi	x0,x0,0	  x0:0x00000000
       15845000	      1583	800018d8	00000013	addi	x0,x0,0	  x0:0x00000000
       15855000	      1584	800018dc	01516433	or	x8,x2,x21	  x2:0x00000000 x21:0x00000001  x8=0x00000001
       15865000	      1585	800018e0	0c664c93	xori	x25,x12,198	 x12:0x00000000 x25=0x000000c6
       15875000	      1586	800018e4	01499693	slli	x13,x19,0x14	 x19:0x00000000 x13=0x00000000
       15885000	      1587	800018e8	01231233	sll	x4,x6,x18	  x6:0x80009fed x18:0x000003e5  x4=0x0013fda0
       15895000	      1588	800018ec	034b5263	bge	x22,x20,80001910	 x22:0x85980000 x20:0x00000001
       15905000	      1589	800018f0	00755393	srli	x7,x10,0x7	 x10:0x80009ff1  x7=0x0100013f
       15915000	      1590	800018f4	00cb8d33	add	x26,x23,x12	 x23:0x000003e5 x12:0x00000000 x26=0x000003e5
       15925000	      1591	800018f8	00c46633	or	x12,x8,x12	  x8:0x00000001 x12:0x00000000 x12=0x00000001
       15935000	      1592	800018fc	00ece0b3	or	x1,x25,x14	 x25:0x000000c6 x14:0x00000001  x1=0x000000c7
       15945000	      1593	80001900	00516263	bltu	x2,x5,80001904	  x2:0x00000000  x5:0x80009f40
       15955000	      1594	00000000	00000013	addi	x0,x0,0	  x0:0x00000000
       15965000	      1595	80001900	00000013	addi	x0,x0,0	  x0:0x00000000
       15975000	      1596	80001904	00723b33	sltu	x22,x4,x7	  x4:0x0013fda0  x7:0x0100013f x22=0x00000001
       15985000	      1597	80001908	41715c93	srai	x25,x2,0x17	  x2:0x00000000 x25=0x00000000
       15995000	      1598	8000190c	006e9b33	sll	x22,x29,x6	 x29:0x00000000  x6:0x80009fed x22=0x00000000
       16005000	      1599	80001910	014e2933	slt	x18,x28,x20	 x28:0x00000000 x20:0x00000001 x18=0x00000001
       16015000	      1600	80001914	41705093	srai	x1,x0,0x17	  x0:0x00000000  x1=0x00000000
       16025000	      1601	80001918	e1783197	auipc	x3,0xe1783	  x3=0x61784914
       16035000	      1602	8000191c	00856033	or	x0,x10,x8	 x10:0x80009ff1  x8:0x00000001
       16045000	      1603	80001920	01dd94b3	sll	x9,x27,x29	 x27:0x80009fc4 x29:0x00000000  x9=0x80009fc4
       16055000	      1604	80001924	137ea093	slti	x1,x29,311	 x29:0x00000000  x1=0x00000001
       16065000	      1605	80001928	408307b3	sub	x15,x6,x8	  x6:0x80009fed  x8:0x00000001 x15=0x80009fec
       16075000	      1606	8000192c	3610bf37	lui	x30,0x3610b	 x30=0x3610b000
       16085000	      1607	80001930	008e5a33	srl	x20,x28,x8	 x28:0x00000000  x8:0x00000001 x20=0x00000000
       16095000	      1608	80001934	00000013	addi	x0,x0,0	  x0:0x00000000
       16105000	      1609	80001938	014ca433	slt	x8,x25,x20	 x25:0x00000000 x20:0x00000000  x8=0x00000000
       16115000	      1610	8000193c	419c5993	srai	x19,x24,0x19	 x24:0x0000023a x19=0x00000000
       16125000	      1611	80001940	00f39fb3	sll	x31,x7,x15	  x7:0x0100013f x15:0x80009fec x31=0x0013f000
       16135000	      1612	80001944	00e5fc33	and	x24,x11,x14	 x11:0x00000000 x14:0x00000001 x24=0x00000000
       16145000	      1613	80001948	01d3d513	srli	x10,x7,0x1d	  x7:0x0100013f x10=0x00000000
       16155000	      1614	8000194c	00741f13	slli	x30,x8,0x7	  x8:0x00000000 x30=0x00000000
       16165000	      1615	80001950	2003fb13	andi	x22,x7,512	  x7:0x0100013f x22=0x00000000
       16175000	      1616	80001954	01f13eb3	sltu	x29,x2,x31	  x2:0x00000000 x31:0x0013f000 x29=0x00000001
       16185000	      1617	80001958	02c64863	blt	x12,x12,80001988	 x12:0x00000001 x12:0x00000001
       16195000	      1618	8000195c	02b8c263	blt	x17,x11,80001980	 x17:0xfc433b09 x11:0x00000000
       16205000	      1619	00000000	00000013	addi	x0,x0,0	  x0:0x00000000
       16215000	      1620	8000197c	00000013	addi	x0,x0,0	  x0:0x00000000
       16225000	      1621	80001980	04944263	blt	x8,x9,800019c4	  x8:0x00000000  x9:0x80009fc4
       16235000	      1622	80001984	03a9f463	bgeu	x19,x26,800019ac	 x19:0x00000000 x26:0x000003e5
       16245000	      1623	80001988	00a17a33	and	x20,x2,x10	  x2:0x00000000 x10:0x00000000 x20=0x00000000
       16255000	      1624	8000198c	01bc5093	srli	x1,x24,0x1b	 x24:0x00000000  x1=0x00000000
       16265000	      1625	80001990	00931733	sll	x14,x6,x9	  x6:0x80009fed  x9:0x80009fc4 x14=0x0009fed0
       16275000	      1626	80001994	01199b13	slli	x22,x19,0x11	 x19:0x00000000 x22=0x00000000
       16285000	      1627	80001998	02b3c863	blt	x7,x11,800019c8	  x7:0x0100013f x11:0x00000000
       16295000	      1628	8000199c	034eea63	bltu	x29,x20,800019d0	 x29:0x00000001 x20:0x00000000
       16305000	      1629	800019a0	407fdf33	sra	x30,x31,x7	 x31:0x0013f000  x7:0x0100013f x30=0x00000000
       16315000	      1630	800019a4	3c044a17	auipc	x20,0x3c044	 x20=0xbc0459a0
       16325000	      1631	800019a8	0092da33	srl	x20,x5,x9	  x5:0x80009f40  x9:0x80009fc4 x20=0x080009f4
       16335000	      1632	800019ac	f5e5ea13	ori	x20,x11,-162	 x11:0x00000000 x20=0xffffff5e
       16345000	      1633	800019b0	f2488e93	addi	x29,x17,-220	 x17:0xfc433b09 x29=0xfc433a2d
       16355000	      1634	800019b4	003c9e63	bne	x25,x3,800019d0	 x25:0x00000000  x3:0x61784914
       16365000	      1635	00000000	00000013	addi	x0,x0,0	  x0:0x00000000
       16375000	      1636	800019cc	00000013	addi	x0,x0,0	  x0:0x00000000
       16385000	      1637	800019d0	00127863	bgeu	x4,x1,800019e0	  x4:0x0013fda0  x1:0x00000000
       16395000	      1638	00000000	00000013	addi	x0,x0,0	  x0:0x00000000
       16405000	      1639	800019dc	00000013	addi	x0,x0,0	  x0:0x00000000
       16415000	      1640	800019e0	41208b33	sub	x22,x1,x18	  x1:0x00000000 x18:0x00000001 x22=0xffffffff
       16425000	      1641	800019e4	007843b3	xor	x7,x16,x7	 x16:0x000006e5  x7:0x0100013f  x7=0x010007da
       16435000	      1642	800019e8	032b5663	bge	x22,x18,80001a14	 x22:0xffffffff x18:0x00000001
       16445000	      1643	800019ec	00b09913	slli	x18,x1,0xb	  x1:0x00000000 x18=0x00000000
       16455000	      1644	800019f0	0068d893	srli	x17,x17,0x6	 x17:0xfc433b09 x17=0x03f10cec
       16465000	      1645	800019f4	a5f58d37	lui	x26,0xa5f58	 x26=0xa5f58000
       16475000	      1646	800019f8	b5c88713	addi	x14,x17,-1188	 x17:0x03f10cec x14=0x03f10848
       16485000	      1647	800019fc	05727663	bgeu	x4,x23,80001a48	  x4:0x0013fda0 x23:0x000003e5
       16495000	      1648	00000000	00000013	addi	x0,x0,0	  x0:0x00000000
       16505000	      1649	80001a44	00000013	addi	x0,x0,0	  x0:0x00000000
       16515000	      1650	80001a48	01d31c13	slli	x24,x6,0x1d	  x6:0x80009fed x24=0xa0000000
       16525000	      1651	80001a4c	c83ccf13	xori	x30,x25,-893	 x25:0x00000000 x30=0xfffffc83
       16535000	      1652	80001a50	03a55663	bge	x10,x26,80001a7c	 x10:0x00000000 x26:0xa5f58000
       16545000	      1653	00000000	00000013	addi	x0,x0,0	  x0:0x00000000
       16555000	      1654	80001a78	00000013	addi	x0,x0,0	  x0:0x00000000
       16565000	      1655	80001a7c	01983eb3	sltu	x29,x16,x25	 x16:0x000006e5 x25:0x00000000 x29=0x00000000
       16575000	      1656	80001a80	0017e0b3	or	x1,x15,x1	 x15:0x80009fec  x1:0x00000000  x1=0x80009fec
       16585000	      1657	80001a84	05ed9063	bne	x27,x30,80001ac4	 x27:0x80009fc4 x30:0xfffffc83
       16595000	      1658	00000000	00000013	addi	x0,x0,0	  x0:0x00000000
       16605000	      1659	80001ac0	00000013	addi	x0,x0,0	  x0:0x00000000
       16615000	      1660	80001ac4	563d89b7	lui	x19,0x563d8	 x19=0x563d8000
       16625000	      1661	80001ac8	0df6f013	andi	x0,x13,223	 x13:0x00000000
       16635000	      1662	80001acc	01fd27b3	slt	x15,x26,x31	 x26:0xa5f58000 x31:0x0013f000 x15=0x00000001
       16645000	      1663	80001ad0	3a0e8b13	addi	x22,x29,928	 x29:0x00000000 x22=0x000003a0
       16655000	      1664	80001ad4	13a0ee93	ori	x29,x1,314	  x1:0x80009fec x29=0x80009ffe
       16665000	      1665	80001ad8	02759263	bne	x11,x7,80001afc	 x11:0x00000000  x7:0x010007da
       16675000	      1666	00000000	00000013	addi	x0,x0,0	  x0:0x00000000
       16685000	      1667	80001af8	00000013	addi	x0,x0,0	  x0:0x00000000
       16695000	      1668	80001afc	00ab1793	slli	x15,x22,0xa	 x22:0x000003a0 x15=0x000e8000
       16705000	      1669	80001b00	415ed433	sra	x8,x29,x21	 x29:0x80009ffe x21:0x00000001  x8=0xc0004fff
       16715000	      1670	80001b04	01087bb3	and	x23,x16,x16	 x16:0x000006e5 x16:0x000006e5 x23=0x000006e5
       16725000	      1671	80001b08	41fe03b3	sub	x7,x28,x31	 x28:0x00000000 x31:0x0013f000  x7=0xffec1000
       16735000	      1672	80001b0c	0049f7b3	and	x15,x19,x4	 x19:0x563d8000  x4:0x0013fda0 x15=0x00118000
       16745000	      1673	80001b10	04c7fcb7	lui	x25,0x4c7f	 x25=0x04c7f000
       16755000	      1674	80001b14	9f6609b7	lui	x19,0x9f660	 x19=0x9f660000
       16765000	      1675	80001b18	00128e63	beq	x5,x1,80001b34	  x5:0x80009f40  x1:0x80009fec
       16775000	      1676	80001b1c	00e1cc63	blt	x3,x14,80001b34	  x3:0x61784914 x14:0x03f10848
       16785000	      1677	80001b20	00060eb3	add	x29,x12,x0	 x12:0x00000001  x0:0x00000000 x29=0x00000001
       16795000	      1678	80001b24	c6df6913	ori	x18,x30,-915	 x30:0xfffffc83 x18=0xfffffcef
       16805000	      1679	80001b28	00b21663	bne	x4,x11,80001b34	  x4:0x0013fda0 x11:0x00000000
       16815000	      1680	00000000	00000013	addi	x0,x0,0	  x0:0x00000000
       16825000	      1681	80001b30	00000013	addi	x0,x0,0	  x0:0x00000000
       16835000	      1682	80001b34	41d9da33	sra	x20,x19,x29	 x19:0x9f660000 x29:0x00000001 x20=0xcfb30000
       16845000	      1683	80001b38	0042a303	lw	x6,4(x5)	  x5:0x80009f40  x6=0x800022d0 PA:0x80009f44
       16855000	      1684	80001b3c	02428293	addi	x5,x5,36	  x5:0x80009f40  x5=0x80009f64
       16865000	      1685	80001b40	00b53033	sltu	x0,x10,x11	 x10:0x00000000 x11:0x00000000
       16875000	      1686	80001b44	41a10cb3	sub	x25,x2,x26	  x2:0x00000000 x26:0xa5f58000 x25=0x5a0a8000
       16885000	      1687	80001b48	6f944393	xori	x7,x8,1785	  x8:0xc0004fff  x7=0xc0004906
       16895000	      1688	80001b4c	d2044c93	xori	x25,x8,-736	  x8:0xc0004fff x25=0x3fffb2df
       16905000	      1689	80001b50	2b36a213	slti	x4,x13,691	 x13:0x00000000  x4=0x00000001
       16915000	      1690	80001b54	40f55a33	sra	x20,x10,x15	 x10:0x00000000 x15:0x00118000 x20=0x00000000
       16925000	      1691	80001b58	00030e93	addi	x29,x6,0	  x6:0x800022d0 x29=0x800022d0
       16935000	      1692	80001b5c	000e8ee7	jalr	x29,x29,0	 x29:0x800022d0 x29=0x80001b5c
       16945000	      1693	00000000	00000013	addi	x0,x0,0	  x0:0x00000000
       16955000	      1694	800022d0	00000013	addi	x0,x0,0	  x0:0x00000000
       16965000	      1695	800022d4	00000013	addi	x0,x0,0	  x0:0x00000000
       16975000	      1696	800022d8	1ff8f593	andi	x11,x17,511	 x17:0x03f10cec x11=0x000000ec
       16985000	      1697	800022dc	7e399d17	auipc	x26,0x7e399	 x26=0xfe39b2d8
       16995000	      1698	800022e0	008e4333	xor	x6,x28,x8	 x28:0x00000000  x8:0xc0004fff  x6=0xc0004fff
       17005000	      1699	800022e4	ae425817	auipc	x16,0xae425	 x16=0x2e4272e0
       17015000	      1700	800022e8	dfc26f37	lui	x30,0xdfc26	 x30=0xdfc26000
       17025000	      1701	800022ec	054b0863	beq	x22,x20,8000233c	 x22:0x000003a0 x20:0x00000000
       17035000	      1702	800022f0	02790263	beq	x18,x7,80002314	 x18:0xfffffcef  x7:0xc0004906
       17045000	      1703	800022f4	01f52533	slt	x10,x10,x31	 x10:0x00000000 x31:0x0013f000 x10=0x00000001
       17055000	      1704	800022f8	a15b7993	andi	x19,x22,-1515	 x22:0x000003a0 x19=0x00000200
       17065000	      1705	800022fc	8fcf7013	andi	x0,x30,-1796	 x30:0xdfc26000
       17075000	      1706	80002300	03d3fe63	bgeu	x7,x29,8000233c	  x7:0xc0004906 x29:0x80001b5c
       17085000	      1707	00000000	00000013	addi	x0,x0,0	  x0:0x00000000
       17095000	      1708	80002338	00000013	addi	x0,x0,0	  x0:0x00000000
       17105000	      1709	8000233c	287a0e13	addi	x28,x20,647	 x20:0x00000000 x28=0x00000287
       17115000	      1710	80002340	009c8733	add	x14,x25,x9	 x25:0x3fffb2df  x9:0x80009fc4 x14=0xc00052a3
       17125000	      1711	80002344	02fef663	bgeu	x29,x15,80002370	 x29:0x80001b5c x15:0x00118000
       17135000	      1712	00000000	00000013	addi	x0,x0,0	  x0:0x00000000
       17145000	      1713	8000236c	00000013	addi	x0,x0,0	  x0:0x00000000
       17155000	      1714	80002370	ed18ae93	slti	x29,x17,-303	 x17:0x03f10cec x29=0x00000000
       17165000	      1715	80002374	0042a303	lw	x6,4(x5)	  x5:0x80009f64  x6=0x8000014c PA:0x80009f68
       17175000	      1716	80002378	65763613	sltiu	x12,x12,1623	 x12:0x00000001 x12=0x00000001
       17185000	      1717	8000237c	e99aa913	slti	x18,x21,-359	 x21:0x00000001 x18=0x00000000
       17195000	      1718	80002380	00000013	addi	x0,x0,0	  x0:0x00000000
       17205000	      1719	80002384	01792fb3	slt	x31,x18,x23	 x18:0x00000000 x23:0x000006e5 x31=0x00000001
       17215000	      1720	80002388	0193c4b3	xor	x9,x7,x25	  x7:0xc0004906 x25:0x3fffb2df  x9=0xfffffbd9
       17225000	      1721	8000238c	02028293	addi	x5,x5,32	  x5:0x80009f64  x5=0x80009f84
       17235000	      1722	80002390	01fd5893	srli	x17,x26,0x1f	 x26:0xfe39b2d8 x17=0x00000001
       17245000	      1723	80002394	00130893	addi	x17,x6,1	  x6:0x8000014c x17=0x8000014d
       17255000	      1724	80002398	000888e7	jalr	x17,x17,0	 x17:0x8000014d x17=0x80002398
       17265000	      1725	00000000	00000013	addi	x0,x0,0	  x0:0x00000000
       17275000	      1726	8000014c	00000013	addi	x0,x0,0	  x0:0x00000000
       17285000	      1727	80000150	fff00c93	addi	x25,x0,-1	  x0:0x00000000 x25=0xffffffff
       17295000	      1728	80000154	00000013	addi	x0,x0,0	  x0:0x00000000
       17305000	      1729	80000158	fed00393	addi	x7,x0,-19	  x0:0x00000000  x7=0xffffffed
       17315000	      1730	8000015c	01fac733	xor	x14,x21,x31	 x21:0x00000001 x31:0x00000001 x14=0x00000000
       17325000	      1731	80000160	ffcc8c93	addi	x25,x25,-4	 x25:0xffffffff x25=0xfffffffb
       17335000	      1732	80000164	00aa56b3	srl	x13,x20,x10	 x20:0x00000000 x10:0x00000001 x13=0x00000000
       17345000	      1733	80000168	00a00113	addi	x2,x0,10	  x0:0x00000000  x2=0x0000000a
       17355000	      1734	8000016c	01100b13	addi	x22,x0,17	  x0:0x00000000 x22=0x00000011
       17365000	      1735	80000170	41b8d093	srai	x1,x17,0x1b	 x17:0x80002398  x1=0xfffffff0
       17375000	      1736	80000174	996cb5b7	lui	x11,0x996cb	 x11=0x996cb000
       17385000	      1737	80000178	01ca9013	slli	x0,x21,0x1c	 x21:0x00000001
       17395000	      1738	8000017c	38f8f813	andi	x16,x17,911	 x17:0x80002398 x16=0x00000388
       17405000	      1739	80000180	df33e713	ori	x14,x7,-525	  x7:0xffffffed x14=0xffffffff
       17415000	      1740	80000184	844b0a13	addi	x20,x22,-1980	 x22:0x00000011 x20=0xfffff855
       17425000	      1741	80000188	018e5eb3	srl	x29,x28,x24	 x28:0x00000287 x24:0xa0000000 x29=0x00000287
       17435000	      1742	8000018c	87eecb93	xori	x23,x29,-1922	 x29:0x00000287 x23=0xfffffaf9
       17445000	      1743	80000190	9b5af697	auipc	x13,0x9b5af	 x13=0x1b5af18c
       17455000	      1744	80000194	01dbf8b3	and	x17,x23,x29	 x23:0xfffffaf9 x29:0x00000287 x17=0x00000281
       17465000	      1745	80000198	00710113	addi	x2,x2,7	  x2:0x0000000a  x2=0x00000011
       17475000	      1746	8000019c	01d2ad33	slt	x26,x5,x29	  x5:0x80009f84 x29:0x00000287 x26=0x00000001
       17485000	      1747	800001a0	40d40033	sub	x0,x8,x13	  x8:0xc0004fff x13:0x1b5af18c
       17495000	      1748	800001a4	ff6118e3	bne	x2,x22,80000194	  x2:0x00000011 x22:0x00000011
       17505000	      1749	800001a8	a3f19b97	auipc	x23,0xa3f19	 x23=0x23f191a4
       17515000	      1750	800001ac	2a4c4713	xori	x14,x24,676	 x24:0xa0000000 x14=0xa00002a4
       17525000	      1751	800001b0	49570713	addi	x14,x14,1173	 x14:0xa00002a4 x14=0xa0000739
       17535000	      1752	800001b4	47576613	ori	x12,x14,1141	 x14:0xa0000739 x12=0xa000077d
       17545000	      1753	800001b8	00000013	addi	x0,x0,0	  x0:0x00000000
       17555000	      1754	800001bc	00b49f13	slli	x30,x9,0xb	  x9:0xfffffbd9 x30=0xffdec800
       17565000	      1755	800001c0	00250a33	add	x20,x10,x2	 x10:0x00000001  x2:0x00000011 x20=0x00000012
       17575000	      1756	800001c4	f87cdce3	bge	x25,x7,8000015c	 x25:0xfffffffb  x7:0xffffffed
       17585000	      1757	00000000	00000013	addi	x0,x0,0	  x0:0x00000000
       17595000	      1758	80000158	00000013	addi	x0,x0,0	  x0:0x00000000
       17605000	      1759	8000015c	01fac733	xor	x14,x21,x31	 x21:0x00000001 x31:0x00000001 x14=0x00000000
       17615000	      1760	80000160	ffcc8c93	addi	x25,x25,-4	 x25:0xfffffffb x25=0xfffffff7
       17625000	      1761	80000164	00aa56b3	srl	x13,x20,x10	 x20:0x00000012 x10:0x00000001 x13=0x00000009
       17635000	      1762	80000168	00a00113	addi	x2,x0,10	  x0:0x00000000  x2=0x0000000a
       17645000	      1763	8000016c	01100b13	addi	x22,x0,17	  x0:0x00000000 x22=0x00000011
       17655000	      1764	80000170	41b8d093	srai	x1,x17,0x1b	 x17:0x00000281  x1=0x00000000
       17665000	      1765	80000174	996cb5b7	lui	x11,0x996cb	 x11=0x996cb000
       17675000	      1766	80000178	01ca9013	slli	x0,x21,0x1c	 x21:0x00000001
       17685000	      1767	8000017c	38f8f813	andi	x16,x17,911	 x17:0x00000281 x16=0x00000281
       17695000	      1768	80000180	df33e713	ori	x14,x7,-525	  x7:0xffffffed x14=0xffffffff
       17705000	      1769	80000184	844b0a13	addi	x20,x22,-1980	 x22:0x00000011 x20=0xfffff855
       17715000	      1770	80000188	018e5eb3	srl	x29,x28,x24	 x28:0x00000287 x24:0xa0000000 x29=0x00000287
       17725000	      1771	8000018c	87eecb93	xori	x23,x29,-1922	 x29:0x00000287 x23=0xfffffaf9
       17735000	      1772	80000190	9b5af697	auipc	x13,0x9b5af	 x13=0x1b5af18c
       17745000	      1773	80000194	01dbf8b3	and	x17,x23,x29	 x23:0xfffffaf9 x29:0x00000287 x17=0x00000281
       17755000	      1774	80000198	00710113	addi	x2,x2,7	  x2:0x0000000a  x2=0x00000011
       17765000	      1775	8000019c	01d2ad33	slt	x26,x5,x29	  x5:0x80009f84 x29:0x00000287 x26=0x00000001
       17775000	      1776	800001a0	40d40033	sub	x0,x8,x13	  x8:0xc0004fff x13:0x1b5af18c
       17785000	      1777	800001a4	ff6118e3	bne	x2,x22,80000194	  x2:0x00000011 x22:0x00000011
       17795000	      1778	800001a8	a3f19b97	auipc	x23,0xa3f19	 x23=0x23f191a4
       17805000	      1779	800001ac	2a4c4713	xori	x14,x24,676	 x24:0xa0000000 x14=0xa00002a4
       17815000	      1780	800001b0	49570713	addi	x14,x14,1173	 x14:0xa00002a4 x14=0xa0000739
       17825000	      1781	800001b4	47576613	ori	x12,x14,1141	 x14:0xa0000739 x12=0xa000077d
       17835000	      1782	800001b8	00000013	addi	x0,x0,0	  x0:0x00000000
       17845000	      1783	800001bc	00b49f13	slli	x30,x9,0xb	  x9:0xfffffbd9 x30=0xffdec800
       17855000	      1784	800001c0	00250a33	add	x20,x10,x2	 x10:0x00000001  x2:0x00000011 x20=0x00000012
       17865000	      1785	800001c4	f87cdce3	bge	x25,x7,8000015c	 x25:0xfffffff7  x7:0xffffffed
       17875000	      1786	00000000	00000013	addi	x0,x0,0	  x0:0x00000000
       17885000	      1787	80000158	00000013	addi	x0,x0,0	  x0:0x00000000
       17895000	      1788	8000015c	01fac733	xor	x14,x21,x31	 x21:0x00000001 x31:0x00000001 x14=0x00000000
       17905000	      1789	80000160	ffcc8c93	addi	x25,x25,-4	 x25:0xfffffff7 x25=0xfffffff3
       17915000	      1790	80000164	00aa56b3	srl	x13,x20,x10	 x20:0x00000012 x10:0x00000001 x13=0x00000009
       17925000	      1791	80000168	00a00113	addi	x2,x0,10	  x0:0x00000000  x2=0x0000000a
       17935000	      1792	8000016c	01100b13	addi	x22,x0,17	  x0:0x00000000 x22=0x00000011
       17945000	      1793	80000170	41b8d093	srai	x1,x17,0x1b	 x17:0x00000281  x1=0x00000000
       17955000	      1794	80000174	996cb5b7	lui	x11,0x996cb	 x11=0x996cb000
       17965000	      1795	80000178	01ca9013	slli	x0,x21,0x1c	 x21:0x00000001
       17975000	      1796	8000017c	38f8f813	andi	x16,x17,911	 x17:0x00000281 x16=0x00000281
       17985000	      1797	80000180	df33e713	ori	x14,x7,-525	  x7:0xffffffed x14=0xffffffff
       17995000	      1798	80000184	844b0a13	addi	x20,x22,-1980	 x22:0x00000011 x20=0xfffff855
       18005000	      1799	80000188	018e5eb3	srl	x29,x28,x24	 x28:0x00000287 x24:0xa0000000 x29=0x00000287
       18015000	      1800	8000018c	87eecb93	xori	x23,x29,-1922	 x29:0x00000287 x23=0xfffffaf9
       18025000	      1801	80000190	9b5af697	auipc	x13,0x9b5af	 x13=0x1b5af18c
       18035000	      1802	80000194	01dbf8b3	and	x17,x23,x29	 x23:0xfffffaf9 x29:0x00000287 x17=0x00000281
       18045000	      1803	80000198	00710113	addi	x2,x2,7	  x2:0x0000000a  x2=0x00000011
       18055000	      1804	8000019c	01d2ad33	slt	x26,x5,x29	  x5:0x80009f84 x29:0x00000287 x26=0x00000001
       18065000	      1805	800001a0	40d40033	sub	x0,x8,x13	  x8:0xc0004fff x13:0x1b5af18c
       18075000	      1806	800001a4	ff6118e3	bne	x2,x22,80000194	  x2:0x00000011 x22:0x00000011
       18085000	      1807	800001a8	a3f19b97	auipc	x23,0xa3f19	 x23=0x23f191a4
       18095000	      1808	800001ac	2a4c4713	xori	x14,x24,676	 x24:0xa0000000 x14=0xa00002a4
       18105000	      1809	800001b0	49570713	addi	x14,x14,1173	 x14:0xa00002a4 x14=0xa0000739
       18115000	      1810	800001b4	47576613	ori	x12,x14,1141	 x14:0xa0000739 x12=0xa000077d
       18125000	      1811	800001b8	00000013	addi	x0,x0,0	  x0:0x00000000
       18135000	      1812	800001bc	00b49f13	slli	x30,x9,0xb	  x9:0xfffffbd9 x30=0xffdec800
       18145000	      1813	800001c0	00250a33	add	x20,x10,x2	 x10:0x00000001  x2:0x00000011 x20=0x00000012
       18155000	      1814	800001c4	f87cdce3	bge	x25,x7,8000015c	 x25:0xfffffff3  x7:0xffffffed
       18165000	      1815	00000000	00000013	addi	x0,x0,0	  x0:0x00000000
       18175000	      1816	80000158	00000013	addi	x0,x0,0	  x0:0x00000000
       18185000	      1817	8000015c	01fac733	xor	x14,x21,x31	 x21:0x00000001 x31:0x00000001 x14=0x00000000
       18195000	      1818	80000160	ffcc8c93	addi	x25,x25,-4	 x25:0xfffffff3 x25=0xffffffef
       18205000	      1819	80000164	00aa56b3	srl	x13,x20,x10	 x20:0x00000012 x10:0x00000001 x13=0x00000009
       18215000	      1820	80000168	00a00113	addi	x2,x0,10	  x0:0x00000000  x2=0x0000000a
       18225000	      1821	8000016c	01100b13	addi	x22,x0,17	  x0:0x00000000 x22=0x00000011
       18235000	      1822	80000170	41b8d093	srai	x1,x17,0x1b	 x17:0x00000281  x1=0x00000000
       18245000	      1823	80000174	996cb5b7	lui	x11,0x996cb	 x11=0x996cb000
       18255000	      1824	80000178	01ca9013	slli	x0,x21,0x1c	 x21:0x00000001
       18265000	      1825	8000017c	38f8f813	andi	x16,x17,911	 x17:0x00000281 x16=0x00000281
       18275000	      1826	80000180	df33e713	ori	x14,x7,-525	  x7:0xffffffed x14=0xffffffff
       18285000	      1827	80000184	844b0a13	addi	x20,x22,-1980	 x22:0x00000011 x20=0xfffff855
       18295000	      1828	80000188	018e5eb3	srl	x29,x28,x24	 x28:0x00000287 x24:0xa0000000 x29=0x00000287
       18305000	      1829	8000018c	87eecb93	xori	x23,x29,-1922	 x29:0x00000287 x23=0xfffffaf9
       18315000	      1830	80000190	9b5af697	auipc	x13,0x9b5af	 x13=0x1b5af18c
       18325000	      1831	80000194	01dbf8b3	and	x17,x23,x29	 x23:0xfffffaf9 x29:0x00000287 x17=0x00000281
       18335000	      1832	80000198	00710113	addi	x2,x2,7	  x2:0x0000000a  x2=0x00000011
       18345000	      1833	8000019c	01d2ad33	slt	x26,x5,x29	  x5:0x80009f84 x29:0x00000287 x26=0x00000001
       18355000	      1834	800001a0	40d40033	sub	x0,x8,x13	  x8:0xc0004fff x13:0x1b5af18c
       18365000	      1835	800001a4	ff6118e3	bne	x2,x22,80000194	  x2:0x00000011 x22:0x00000011
       18375000	      1836	800001a8	a3f19b97	auipc	x23,0xa3f19	 x23=0x23f191a4
       18385000	      1837	800001ac	2a4c4713	xori	x14,x24,676	 x24:0xa0000000 x14=0xa00002a4
       18395000	      1838	800001b0	49570713	addi	x14,x14,1173	 x14:0xa00002a4 x14=0xa0000739
       18405000	      1839	800001b4	47576613	ori	x12,x14,1141	 x14:0xa0000739 x12=0xa000077d
       18415000	      1840	800001b8	00000013	addi	x0,x0,0	  x0:0x00000000
       18425000	      1841	800001bc	00b49f13	slli	x30,x9,0xb	  x9:0xfffffbd9 x30=0xffdec800
       18435000	      1842	800001c0	00250a33	add	x20,x10,x2	 x10:0x00000001  x2:0x00000011 x20=0x00000012
       18445000	      1843	800001c4	f87cdce3	bge	x25,x7,8000015c	 x25:0xffffffef  x7:0xffffffed
       18455000	      1844	00000000	00000013	addi	x0,x0,0	  x0:0x00000000
       18465000	      1845	80000158	00000013	addi	x0,x0,0	  x0:0x00000000
       18475000	      1846	8000015c	01fac733	xor	x14,x21,x31	 x21:0x00000001 x31:0x00000001 x14=0x00000000
       18485000	      1847	80000160	ffcc8c93	addi	x25,x25,-4	 x25:0xffffffef x25=0xffffffeb
       18495000	      1848	80000164	00aa56b3	srl	x13,x20,x10	 x20:0x00000012 x10:0x00000001 x13=0x00000009
       18505000	      1849	80000168	00a00113	addi	x2,x0,10	  x0:0x00000000  x2=0x0000000a
       18515000	      1850	8000016c	01100b13	addi	x22,x0,17	  x0:0x00000000 x22=0x00000011
       18525000	      1851	80000170	41b8d093	srai	x1,x17,0x1b	 x17:0x00000281  x1=0x00000000
       18535000	      1852	80000174	996cb5b7	lui	x11,0x996cb	 x11=0x996cb000
       18545000	      1853	80000178	01ca9013	slli	x0,x21,0x1c	 x21:0x00000001
       18555000	      1854	8000017c	38f8f813	andi	x16,x17,911	 x17:0x00000281 x16=0x00000281
       18565000	      1855	80000180	df33e713	ori	x14,x7,-525	  x7:0xffffffed x14=0xffffffff
       18575000	      1856	80000184	844b0a13	addi	x20,x22,-1980	 x22:0x00000011 x20=0xfffff855
       18585000	      1857	80000188	018e5eb3	srl	x29,x28,x24	 x28:0x00000287 x24:0xa0000000 x29=0x00000287
       18595000	      1858	8000018c	87eecb93	xori	x23,x29,-1922	 x29:0x00000287 x23=0xfffffaf9
       18605000	      1859	80000190	9b5af697	auipc	x13,0x9b5af	 x13=0x1b5af18c
       18615000	      1860	80000194	01dbf8b3	and	x17,x23,x29	 x23:0xfffffaf9 x29:0x00000287 x17=0x00000281
       18625000	      1861	80000198	00710113	addi	x2,x2,7	  x2:0x0000000a  x2=0x00000011
       18635000	      1862	8000019c	01d2ad33	slt	x26,x5,x29	  x5:0x80009f84 x29:0x00000287 x26=0x00000001
       18645000	      1863	800001a0	40d40033	sub	x0,x8,x13	  x8:0xc0004fff x13:0x1b5af18c
       18655000	      1864	800001a4	ff6118e3	bne	x2,x22,80000194	  x2:0x00000011 x22:0x00000011
       18665000	      1865	800001a8	a3f19b97	auipc	x23,0xa3f19	 x23=0x23f191a4
       18675000	      1866	800001ac	2a4c4713	xori	x14,x24,676	 x24:0xa0000000 x14=0xa00002a4
       18685000	      1867	800001b0	49570713	addi	x14,x14,1173	 x14:0xa00002a4 x14=0xa0000739
       18695000	      1868	800001b4	47576613	ori	x12,x14,1141	 x14:0xa0000739 x12=0xa000077d
       18705000	      1869	800001b8	00000013	addi	x0,x0,0	  x0:0x00000000
       18715000	      1870	800001bc	00b49f13	slli	x30,x9,0xb	  x9:0xfffffbd9 x30=0xffdec800
       18725000	      1871	800001c0	00250a33	add	x20,x10,x2	 x10:0x00000001  x2:0x00000011 x20=0x00000012
       18735000	      1872	800001c4	f87cdce3	bge	x25,x7,8000015c	 x25:0xffffffeb  x7:0xffffffed
       18745000	      1873	800001c8	00649913	slli	x18,x9,0x6	  x9:0xfffffbd9 x18=0xfffef640
       18755000	      1874	800001cc	931a6f93	ori	x31,x20,-1743	 x20:0x00000012 x31=0xfffff933
       18765000	      1875	800001d0	01dc9113	slli	x2,x25,0x1d	 x25:0xffffffeb  x2=0x60000000
       18775000	      1876	800001d4	01f35f93	srli	x31,x6,0x1f	  x6:0x8000014c x31=0x00000001
       18785000	      1877	800001d8	011d4433	xor	x8,x26,x17	 x26:0x00000001 x17:0x00000281  x8=0x00000280
       18795000	      1878	800001dc	00002997	auipc	x19,0x2	 x19=0x800021d8
       18805000	      1879	800001e0	98498993	addi	x19,x19,-1660	 x19:0x800021d8 x19=0x80001b5c
       18815000	      1880	800001e4	1b598993	addi	x19,x19,437	 x19:0x80001b5c x19=0x80001d11
       18825000	      1881	800001e8	00d5acb3	slt	x25,x11,x13	 x11:0x996cb000 x13:0x1b5af18c x25=0x00000001
       18835000	      1882	800001ec	0094b433	sltu	x8,x9,x9	  x9:0xfffffbd9  x9:0xfffffbd9  x8=0x00000000
       18845000	      1883	800001f0	bf662313	slti	x6,x12,-1034	 x12:0xa000077d  x6=0x00000001
       18855000	      1884	800001f4	0fef0713	addi	x14,x30,254	 x30:0xffdec800 x14=0xffdec8fe
       18865000	      1885	800001f8	419fda33	sra	x20,x31,x25	 x31:0x00000001 x25:0x00000001 x20=0x00000000
       18875000	      1886	800001fc	9c02c893	xori	x17,x5,-1600	  x5:0x80009f84 x17=0x7fff6644
       18885000	      1887	80000200	e4b98367	jalr	x6,x19,-437	 x19:0x80001d11  x6=0x80000200
       18895000	      1888	00000000	00000013	addi	x0,x0,0	  x0:0x00000000
       18905000	      1889	80001b5c	00000013	addi	x0,x0,0	  x0:0x00000000
       18915000	      1890	80001b60	0042c663	blt	x5,x4,80001b6c	  x5:0x80009f84  x4:0x00000001
       18925000	      1891	00000000	00000013	addi	x0,x0,0	  x0:0x00000000
       18935000	      1892	80001b68	00000013	addi	x0,x0,0	  x0:0x00000000
       18945000	      1893	80001b6c	fe428293	addi	x5,x5,-28	  x5:0x80009f84  x5=0x80009f68
       18955000	      1894	80001b70	6d0e6413	ori	x8,x28,1744	 x28:0x00000287  x8=0x000006d7
       18965000	      1895	80001b74	0062a223	sw	x6,4(x5)	  x5:0x80009f68  x6:0x80000200 PA:0x80009f6c
       18975000	      1896	80001b78	41873413	sltiu	x8,x14,1048	 x14:0xffdec8fe  x8=0x00000000
       18985000	      1897	80001b7c	3c9f5c37	lui	x24,0x3c9f5	 x24=0x3c9f5000
       18995000	      1898	80001b80	00f33033	sltu	x0,x6,x15	  x6:0x80000200 x15:0x00118000
       19005000	      1899	80001b84	20174c13	xori	x24,x14,513	 x14:0xffdec8fe x24=0xffdecaff
       19015000	      1900	80001b88	6fa64993	xori	x19,x12,1786	 x12:0xa000077d x19=0xa0000187
       19025000	      1901	80001b8c	0102a7b3	slt	x15,x5,x16	  x5:0x80009f68 x16:0x00000281 x15=0x00000001
       19035000	      1902	80001b90	01f5f8b3	and	x17,x11,x31	 x11:0x996cb000 x31:0x00000001 x17=0x00000000
       19045000	      1903	80001b94	00b0ea63	bltu	x1,x11,80001ba8	  x1:0x00000000 x11:0x996cb000
       19055000	      1904	00000000	00000013	addi	x0,x0,0	  x0:0x00000000
       19065000	      1905	80001ba4	00000013	addi	x0,x0,0	  x0:0x00000000
       19075000	      1906	80001ba8	6400036f	jal	x6,80001ba8	  x6=0x80001ba8
       19085000	      1907	00000000	00000013	addi	x0,x0,0	  x0:0x00000000
       19095000	      1908	800021e4	00000013	addi	x0,x0,0	  x0:0x00000000
       19105000	      1909	800021e8	00000013	addi	x0,x0,0	  x0:0x00000000
       19115000	      1910	800021ec	0117db13	srli	x22,x15,0x11	 x15:0x00000001 x22=0x00000000
       19125000	      1911	800021f0	52678013	addi	x0,x15,1318	 x15:0x00000001
       19135000	      1912	800021f4	fc428293	addi	x5,x5,-60	  x5:0x80009f68  x5=0x80009f2c
       19145000	      1913	800021f8	0087e533	or	x10,x15,x8	 x15:0x00000001  x8:0x00000000 x10=0x00000001
       19155000	      1914	800021fc	0062a223	sw	x6,4(x5)	  x5:0x80009f2c  x6:0x80001ba8 PA:0x80009f30
       19165000	      1915	80002200	01a19e33	sll	x28,x3,x26	  x3:0x61784914 x26:0x00000001 x28=0xc2f09228
       19175000	      1916	80002204	0079eeb3	or	x29,x19,x7	 x19:0xa0000187  x7:0xffffffed x29=0xffffffef
       19185000	      1917	80002208	40e35bb3	sra	x23,x6,x14	  x6:0x80001ba8 x14:0xffdec8fe x23=0xfffffffe
       19195000	      1918	8000220c	02857a63	bgeu	x10,x8,80002240	 x10:0x00000001  x8:0x00000000
       19205000	      1919	00000000	00000013	addi	x0,x0,0	  x0:0x00000000
       19215000	      1920	8000223c	00000013	addi	x0,x0,0	  x0:0x00000000
       19225000	      1921	80002240	e31a6613	ori	x12,x20,-463	 x20:0x00000000 x12=0xfffffe31
       19235000	      1922	80002244	0042a303	lw	x6,4(x5)	  x5:0x80009f2c  x6=0x80001ba8 PA:0x80009f30
       19245000	      1923	80002248	4113d5b3	sra	x11,x7,x17	  x7:0xffffffed x17:0x00000000 x11=0xffffffed
       19255000	      1924	8000224c	b8fdf7b7	lui	x15,0xb8fdf	 x15=0xb8fdf000
       19265000	      1925	80002250	03c28293	addi	x5,x5,60	  x5:0x80009f2c  x5=0x80009f68
       19275000	      1926	80002254	01c88733	add	x14,x17,x28	 x17:0x00000000 x28:0xc2f09228 x14=0xc2f09228
       19285000	      1927	80002258	01c39d13	slli	x26,x7,0x1c	  x7:0xffffffed x26=0xd0000000
       19295000	      1928	8000225c	00130213	addi	x4,x6,1	  x6:0x80001ba8  x4=0x80001ba9
       19305000	      1929	80002260	00020267	jalr	x4,x4,0	  x4:0x80001ba9  x4=0x80002260
       19315000	      1930	00000000	00000013	addi	x0,x0,0	  x0:0x00000000
       19325000	      1931	80001ba8	00000013	addi	x0,x0,0	  x0:0x00000000
       19335000	      1932	80001bac	00900893	addi	x17,x0,9	  x0:0x00000000 x17=0x00000009
       19345000	      1933	80001bb0	00800e93	addi	x29,x0,8	  x0:0x00000000 x29=0x00000008
       19355000	      1934	80001bb4	41220833	sub	x16,x4,x18	  x4:0x80002260 x18:0xfffef640 x16=0x80012c20
       19365000	      1935	80001bb8	b07aa217	auipc	x4,0xb07aa	  x4=0x307abbb4
       19375000	      1936	80001bbc	01d4e1b3	or	x3,x9,x29	  x9:0xfffffbd9 x29:0x00000008  x3=0xfffffbd9
       19385000	      1937	80001bc0	ffd88893	addi	x17,x17,-3	 x17:0x00000009 x17=0x00000006
       19395000	      1938	80001bc4	00589533	sll	x10,x17,x5	 x17:0x00000006  x5:0x80009f68 x10=0x00000600
       19405000	      1939	80001bc8	ff800613	addi	x12,x0,-8	  x0:0x00000000 x12=0xfffffff8
       19415000	      1940	80001bcc	00a00713	addi	x14,x0,10	  x0:0x00000000 x14=0x0000000a
       19425000	      1941	80001bd0	b187cc93	xori	x25,x15,-1256	 x15:0xb8fdf000 x25=0x47020b18
       19435000	      1942	80001bd4	b5dd1bb7	lui	x23,0xb5dd1	 x23=0xb5dd1000
       19445000	      1943	80001bd8	00160613	addi	x12,x12,1	 x12:0xfffffff8 x12=0xfffffff9
       19455000	      1944	80001bdc	fee64ae3	blt	x12,x14,80001bd0	 x12:0xfffffff9 x14:0x0000000a
       19465000	      1945	00000000	00000013	addi	x0,x0,0	  x0:0x00000000
       19475000	      1946	80001bcc	00000013	addi	x0,x0,0	  x0:0x00000000
       19485000	      1947	80001bd0	b187cc93	xori	x25,x15,-1256	 x15:0xb8fdf000 x25=0x47020b18
       19495000	      1948	80001bd4	b5dd1bb7	lui	x23,0xb5dd1	 x23=0xb5dd1000
       19505000	      1949	80001bd8	00160613	addi	x12,x12,1	 x12:0xfffffff9 x12=0xfffffffa
       19515000	      1950	80001bdc	fee64ae3	blt	x12,x14,80001bd0	 x12:0xfffffffa x14:0x0000000a
       19525000	      1951	00000000	00000013	addi	x0,x0,0	  x0:0x00000000
       19535000	      1952	80001bcc	00000013	addi	x0,x0,0	  x0:0x00000000
       19545000	      1953	80001bd0	b187cc93	xori	x25,x15,-1256	 x15:0xb8fdf000 x25=0x47020b18
       19555000	      1954	80001bd4	b5dd1bb7	lui	x23,0xb5dd1	 x23=0xb5dd1000
       19565000	      1955	80001bd8	00160613	addi	x12,x12,1	 x12:0xfffffffa x12=0xfffffffb
       19575000	      1956	80001bdc	fee64ae3	blt	x12,x14,80001bd0	 x12:0xfffffffb x14:0x0000000a
       19585000	      1957	00000000	00000013	addi	x0,x0,0	  x0:0x00000000
       19595000	      1958	80001bcc	00000013	addi	x0,x0,0	  x0:0x00000000
       19605000	      1959	80001bd0	b187cc93	xori	x25,x15,-1256	 x15:0xb8fdf000 x25=0x47020b18
       19615000	      1960	80001bd4	b5dd1bb7	lui	x23,0xb5dd1	 x23=0xb5dd1000
       19625000	      1961	80001bd8	00160613	addi	x12,x12,1	 x12:0xfffffffb x12=0xfffffffc
       19635000	      1962	80001bdc	fee64ae3	blt	x12,x14,80001bd0	 x12:0xfffffffc x14:0x0000000a
       19645000	      1963	00000000	00000013	addi	x0,x0,0	  x0:0x00000000
       19655000	      1964	80001bcc	00000013	addi	x0,x0,0	  x0:0x00000000
       19665000	      1965	80001bd0	b187cc93	xori	x25,x15,-1256	 x15:0xb8fdf000 x25=0x47020b18
       19675000	      1966	80001bd4	b5dd1bb7	lui	x23,0xb5dd1	 x23=0xb5dd1000
       19685000	      1967	80001bd8	00160613	addi	x12,x12,1	 x12:0xfffffffc x12=0xfffffffd
       19695000	      1968	80001bdc	fee64ae3	blt	x12,x14,80001bd0	 x12:0xfffffffd x14:0x0000000a
       19705000	      1969	00000000	00000013	addi	x0,x0,0	  x0:0x00000000
       19715000	      1970	80001bcc	00000013	addi	x0,x0,0	  x0:0x00000000
       19725000	      1971	80001bd0	b187cc93	xori	x25,x15,-1256	 x15:0xb8fdf000 x25=0x47020b18
       19735000	      1972	80001bd4	b5dd1bb7	lui	x23,0xb5dd1	 x23=0xb5dd1000
       19745000	      1973	80001bd8	00160613	addi	x12,x12,1	 x12:0xfffffffd x12=0xfffffffe
       19755000	      1974	80001bdc	fee64ae3	blt	x12,x14,80001bd0	 x12:0xfffffffe x14:0x0000000a
       19765000	      1975	00000000	00000013	addi	x0,x0,0	  x0:0x00000000
       19775000	      1976	80001bcc	00000013	addi	x0,x0,0	  x0:0x00000000
       19785000	      1977	80001bd0	b187cc93	xori	x25,x15,-1256	 x15:0xb8fdf000 x25=0x47020b18
       19795000	      1978	80001bd4	b5dd1bb7	lui	x23,0xb5dd1	 x23=0xb5dd1000
       19805000	      1979	80001bd8	00160613	addi	x12,x12,1	 x12:0xfffffffe x12=0xffffffff
       19815000	      1980	80001bdc	fee64ae3	blt	x12,x14,80001bd0	 x12:0xffffffff x14:0x0000000a
       19825000	      1981	00000000	00000013	addi	x0,x0,0	  x0:0x00000000
       19835000	      1982	80001bcc	00000013	addi	x0,x0,0	  x0:0x00000000
       19845000	      1983	80001bd0	b187cc93	xori	x25,x15,-1256	 x15:0xb8fdf000 x25=0x47020b18
       19855000	      1984	80001bd4	b5dd1bb7	lui	x23,0xb5dd1	 x23=0xb5dd1000
       19865000	      1985	80001bd8	00160613	addi	x12,x12,1	 x12:0xffffffff x12=0x00000000
       19875000	      1986	80001bdc	fee64ae3	blt	x12,x14,80001bd0	 x12:0x00000000 x14:0x0000000a
       19885000	      1987	00000000	00000013	addi	x0,x0,0	  x0:0x00000000
       19895000	      1988	80001bcc	00000013	addi	x0,x0,0	  x0:0x00000000
       19905000	      1989	80001bd0	b187cc93	xori	x25,x15,-1256	 x15:0xb8fdf000 x25=0x47020b18
       19915000	      1990	80001bd4	b5dd1bb7	lui	x23,0xb5dd1	 x23=0xb5dd1000
       19925000	      1991	80001bd8	00160613	addi	x12,x12,1	 x12:0x00000000 x12=0x00000001
       19935000	      1992	80001bdc	fee64ae3	blt	x12,x14,80001bd0	 x12:0x00000001 x14:0x0000000a
       19945000	      1993	00000000	00000013	addi	x0,x0,0	  x0:0x00000000
       19955000	      1994	80001bcc	00000013	addi	x0,x0,0	  x0:0x00000000
       19965000	      1995	80001bd0	b187cc93	xori	x25,x15,-1256	 x15:0xb8fdf000 x25=0x47020b18
       19975000	      1996	80001bd4	b5dd1bb7	lui	x23,0xb5dd1	 x23=0xb5dd1000
       19985000	      1997	80001bd8	00160613	addi	x12,x12,1	 x12:0x00000001 x12=0x00000002
       19995000	      1998	80001bdc	fee64ae3	blt	x12,x14,80001bd0	 x12:0x00000002 x14:0x0000000a
       20005000	      1999	00000000	00000013	addi	x0,x0,0	  x0:0x00000000
       20015000	      2000	80001bcc	00000013	addi	x0,x0,0	  x0:0x00000000
       20025000	      2001	80001bd0	b187cc93	xori	x25,x15,-1256	 x15:0xb8fdf000 x25=0x47020b18
       20035000	      2002	80001bd4	b5dd1bb7	lui	x23,0xb5dd1	 x23=0xb5dd1000
       20045000	      2003	80001bd8	00160613	addi	x12,x12,1	 x12:0x00000002 x12=0x00000003
       20055000	      2004	80001bdc	fee64ae3	blt	x12,x14,80001bd0	 x12:0x00000003 x14:0x0000000a
       20065000	      2005	00000000	00000013	addi	x0,x0,0	  x0:0x00000000
       20075000	      2006	80001bcc	00000013	addi	x0,x0,0	  x0:0x00000000
       20085000	      2007	80001bd0	b187cc93	xori	x25,x15,-1256	 x15:0xb8fdf000 x25=0x47020b18
       20095000	      2008	80001bd4	b5dd1bb7	lui	x23,0xb5dd1	 x23=0xb5dd1000
       20105000	      2009	80001bd8	00160613	addi	x12,x12,1	 x12:0x00000003 x12=0x00000004
       20115000	      2010	80001bdc	fee64ae3	blt	x12,x14,80001bd0	 x12:0x00000004 x14:0x0000000a
       20125000	      2011	00000000	00000013	addi	x0,x0,0	  x0:0x00000000
       20135000	      2012	80001bcc	00000013	addi	x0,x0,0	  x0:0x00000000
       20145000	      2013	80001bd0	b187cc93	xori	x25,x15,-1256	 x15:0xb8fdf000 x25=0x47020b18
       20155000	      2014	80001bd4	b5dd1bb7	lui	x23,0xb5dd1	 x23=0xb5dd1000
       20165000	      2015	80001bd8	00160613	addi	x12,x12,1	 x12:0x00000004 x12=0x00000005
       20175000	      2016	80001bdc	fee64ae3	blt	x12,x14,80001bd0	 x12:0x00000005 x14:0x0000000a
       20185000	      2017	00000000	00000013	addi	x0,x0,0	  x0:0x00000000
       20195000	      2018	80001bcc	00000013	addi	x0,x0,0	  x0:0x00000000
       20205000	      2019	80001bd0	b187cc93	xori	x25,x15,-1256	 x15:0xb8fdf000 x25=0x47020b18
       20215000	      2020	80001bd4	b5dd1bb7	lui	x23,0xb5dd1	 x23=0xb5dd1000
       20225000	      2021	80001bd8	00160613	addi	x12,x12,1	 x12:0x00000005 x12=0x00000006
       20235000	      2022	80001bdc	fee64ae3	blt	x12,x14,80001bd0	 x12:0x00000006 x14:0x0000000a
       20245000	      2023	00000000	00000013	addi	x0,x0,0	  x0:0x00000000
       20255000	      2024	80001bcc	00000013	addi	x0,x0,0	  x0:0x00000000
       20265000	      2025	80001bd0	b187cc93	xori	x25,x15,-1256	 x15:0xb8fdf000 x25=0x47020b18
       20275000	      2026	80001bd4	b5dd1bb7	lui	x23,0xb5dd1	 x23=0xb5dd1000
       20285000	      2027	80001bd8	00160613	addi	x12,x12,1	 x12:0x00000006 x12=0x00000007
       20295000	      2028	80001bdc	fee64ae3	blt	x12,x14,80001bd0	 x12:0x00000007 x14:0x0000000a
       20305000	      2029	00000000	00000013	addi	x0,x0,0	  x0:0x00000000
       20315000	      2030	80001bcc	00000013	addi	x0,x0,0	  x0:0x00000000
       20325000	      2031	80001bd0	b187cc93	xori	x25,x15,-1256	 x15:0xb8fdf000 x25=0x47020b18
       20335000	      2032	80001bd4	b5dd1bb7	lui	x23,0xb5dd1	 x23=0xb5dd1000
       20345000	      2033	80001bd8	00160613	addi	x12,x12,1	 x12:0x00000007 x12=0x00000008
       20355000	      2034	80001bdc	fee64ae3	blt	x12,x14,80001bd0	 x12:0x00000008 x14:0x0000000a
       20365000	      2035	00000000	00000013	addi	x0,x0,0	  x0:0x00000000
       20375000	      2036	80001bcc	00000013	addi	x0,x0,0	  x0:0x00000000
       20385000	      2037	80001bd0	b187cc93	xori	x25,x15,-1256	 x15:0xb8fdf000 x25=0x47020b18
       20395000	      2038	80001bd4	b5dd1bb7	lui	x23,0xb5dd1	 x23=0xb5dd1000
       20405000	      2039	80001bd8	00160613	addi	x12,x12,1	 x12:0x00000008 x12=0x00000009
       20415000	      2040	80001bdc	fee64ae3	blt	x12,x14,80001bd0	 x12:0x00000009 x14:0x0000000a
       20425000	      2041	00000000	00000013	addi	x0,x0,0	  x0:0x00000000
       20435000	      2042	80001bcc	00000013	addi	x0,x0,0	  x0:0x00000000
       20445000	      2043	80001bd0	b187cc93	xori	x25,x15,-1256	 x15:0xb8fdf000 x25=0x47020b18
       20455000	      2044	80001bd4	b5dd1bb7	lui	x23,0xb5dd1	 x23=0xb5dd1000
       20465000	      2045	80001bd8	00160613	addi	x12,x12,1	 x12:0x00000009 x12=0x0000000a
       20475000	      2046	80001bdc	fee64ae3	blt	x12,x14,80001bd0	 x12:0x0000000a x14:0x0000000a
       20485000	      2047	80001be0	fdd8fae3	bgeu	x17,x29,80001bb4	 x17:0x00000006 x29:0x00000008
       20495000	      2048	80001be4	413f01b3	sub	x3,x30,x19	 x30:0xffdec800 x19:0xa0000187  x3=0x5fdec679
       20505000	      2049	80001be8	00600913	addi	x18,x0,6	  x0:0x00000000 x18=0x00000006
       20515000	      2050	80001bec	00000013	addi	x0,x0,0	  x0:0x00000000
       20525000	      2051	80001bf0	41925493	srai	x9,x4,0x19	  x4:0x307abbb4  x9=0x00000018
       20535000	      2052	80001bf4	01a0b433	sltu	x8,x1,x26	  x1:0x00000000 x26:0xd0000000  x8=0x00000001
       20545000	      2053	80001bf8	f0b3c493	xori	x9,x7,-245	  x7:0xffffffed  x9=0x000000e6
       20555000	      2054	80001bfc	67e40f13	addi	x30,x8,1662	  x8:0x00000001 x30=0x0000067f
       20565000	      2055	80001c00	01319593	slli	x11,x3,0x13	  x3:0x5fdec679 x11=0x33c80000
       20575000	      2056	80001c04	00400893	addi	x17,x0,4	  x0:0x00000000 x17=0x00000004
       20585000	      2057	80001c08	005f5833	srl	x16,x30,x5	 x30:0x0000067f  x5:0x80009f68 x16=0x00000006
       20595000	      2058	80001c0c	00d7a733	slt	x14,x15,x13	 x15:0xb8fdf000 x13:0x1b5af18c x14=0x00000001
       20605000	      2059	80001c10	0186ed33	or	x26,x13,x24	 x13:0x1b5af18c x24:0xffdecaff x26=0xffdefbff
       20615000	      2060	80001c14	0050f533	and	x10,x1,x5	  x1:0x00000000  x5:0x80009f68 x10=0x00000000
       20625000	      2061	80001c18	017a55b3	srl	x11,x20,x23	 x20:0x00000000 x23:0xb5dd1000 x11=0x00000000
       20635000	      2062	80001c1c	f0238693	addi	x13,x7,-254	  x7:0xffffffed x13=0xfffffeef
       20645000	      2063	80001c20	419553b3	sra	x7,x10,x25	 x10:0x00000000 x25:0x47020b18  x7=0x00000000
       20655000	      2064	80001c24	a83bc813	xori	x16,x23,-1405	 x23:0xb5dd1000 x16=0x4a22ea83
       20665000	      2065	80001c28	a8220c17	auipc	x24,0xa8220	 x24=0x28221c24
       20675000	      2066	80001c2c	4064d193	srai	x3,x9,0x6	  x9:0x000000e6  x3=0x00000003
       20685000	      2067	80001c30	ffd90913	addi	x18,x18,-3	 x18:0x00000006 x18=0x00000003
       20695000	      2068	80001c34	408a1d17	auipc	x26,0x408a1	 x26=0xc08a2c30
       20705000	      2069	80001c38	016464b3	or	x9,x8,x22	  x8:0x00000001 x22:0x00000000  x9=0x00000001
       20715000	      2070	80001c3c	fd197ae3	bgeu	x18,x17,80001c10	 x18:0x00000003 x17:0x00000004
       20725000	      2071	80001c40	00a08e33	add	x28,x1,x10	  x1:0x00000000 x10:0x00000000 x28=0x00000000
       20735000	      2072	80001c44	ff600913	addi	x18,x0,-10	  x0:0x00000000 x18=0xfffffff6
       20745000	      2073	80001c48	00f00093	addi	x1,x0,15	  x0:0x00000000  x1=0x0000000f
       20755000	      2074	80001c4c	00a4cfb3	xor	x31,x9,x10	  x9:0x00000001 x10:0x00000000 x31=0x00000001
       20765000	      2075	80001c50	242d3d17	auipc	x26,0x242d3	 x26=0xa42d4c4c
       20775000	      2076	80001c54	b51c3497	auipc	x9,0xb51c3	  x9=0x351c4c50
       20785000	      2077	80001c58	01995533	srl	x10,x18,x25	 x18:0xfffffff6 x25:0x47020b18 x10=0x000000ff
       20795000	      2078	80001c5c	3de0e113	ori	x2,x1,990	  x1:0x0000000f  x2=0x000003df
       20805000	      2079	80001c60	00000013	addi	x0,x0,0	  x0:0x00000000
       20815000	      2080	80001c64	0131ffb3	and	x31,x3,x19	  x3:0x00000003 x19:0xa0000187 x31=0x00000003
       20825000	      2081	80001c68	00a90913	addi	x18,x18,10	 x18:0xfffffff6 x18=0x00000000
       20835000	      2082	80001c6c	4ca72713	slti	x14,x14,1226	 x14:0x00000001 x14=0x00000001
       20845000	      2083	80001c70	004538b3	sltu	x17,x10,x4	 x10:0x000000ff  x4:0x307abbb4 x17=0x00000001
       20855000	      2084	80001c74	00ffdf93	srli	x31,x31,0xf	 x31:0x00000003 x31=0x00000000
       20865000	      2085	80001c78	41ec86b3	sub	x13,x25,x30	 x25:0x47020b18 x30:0x0000067f x13=0x47020499
       20875000	      2086	80001c7c	fe1962e3	bltu	x18,x1,80001c60	 x18:0x00000000  x1:0x0000000f
       20885000	      2087	00000000	00000013	addi	x0,x0,0	  x0:0x00000000
       20895000	      2088	80001c5c	00000013	addi	x0,x0,0	  x0:0x00000000
       20905000	      2089	80001c60	00000013	addi	x0,x0,0	  x0:0x00000000
       20915000	      2090	80001c64	0131ffb3	and	x31,x3,x19	  x3:0x00000003 x19:0xa0000187 x31=0x00000003
       20925000	      2091	80001c68	00a90913	addi	x18,x18,10	 x18:0x00000000 x18=0x0000000a
       20935000	      2092	80001c6c	4ca72713	slti	x14,x14,1226	 x14:0x00000001 x14=0x00000001
       20945000	      2093	80001c70	004538b3	sltu	x17,x10,x4	 x10:0x000000ff  x4:0x307abbb4 x17=0x00000001
       20955000	      2094	80001c74	00ffdf93	srli	x31,x31,0xf	 x31:0x00000003 x31=0x00000000
       20965000	      2095	80001c78	41ec86b3	sub	x13,x25,x30	 x25:0x47020b18 x30:0x0000067f x13=0x47020499
       20975000	      2096	80001c7c	fe1962e3	bltu	x18,x1,80001c60	 x18:0x0000000a  x1:0x0000000f
       20985000	      2097	00000000	00000013	addi	x0,x0,0	  x0:0x00000000
       20995000	      2098	80001c5c	00000013	addi	x0,x0,0	  x0:0x00000000
       21005000	      2099	80001c60	00000013	addi	x0,x0,0	  x0:0x00000000
       21015000	      2100	80001c64	0131ffb3	and	x31,x3,x19	  x3:0x00000003 x19:0xa0000187 x31=0x00000003
       21025000	      2101	80001c68	00a90913	addi	x18,x18,10	 x18:0x0000000a x18=0x00000014
       21035000	      2102	80001c6c	4ca72713	slti	x14,x14,1226	 x14:0x00000001 x14=0x00000001
       21045000	      2103	80001c70	004538b3	sltu	x17,x10,x4	 x10:0x000000ff  x4:0x307abbb4 x17=0x00000001
       21055000	      2104	80001c74	00ffdf93	srli	x31,x31,0xf	 x31:0x00000003 x31=0x00000000
       21065000	      2105	80001c78	41ec86b3	sub	x13,x25,x30	 x25:0x47020b18 x30:0x0000067f x13=0x47020499
       21075000	      2106	80001c7c	fe1962e3	bltu	x18,x1,80001c60	 x18:0x00000014  x1:0x0000000f
       21085000	      2107	80001c80	70912d13	slti	x26,x2,1801	  x2:0x000003df x26=0x00000001
       21095000	      2108	80001c84	00400113	addi	x2,x0,4	  x0:0x00000000  x2=0x00000004
       21105000	      2109	80001c88	00300093	addi	x1,x0,3	  x0:0x00000000  x1=0x00000003
       21115000	      2110	80001c8c	bb25c193	xori	x3,x11,-1102	 x11:0x00000000  x3=0xfffffbb2
       21125000	      2111	80001c90	014e8a33	add	x20,x29,x20	 x29:0x00000008 x20:0x00000000 x20=0x00000008
       21135000	      2112	80001c94	a153eb13	ori	x22,x7,-1515	  x7:0x00000000 x22=0xfffffa15
       21145000	      2113	80001c98	41fd5c33	sra	x24,x26,x31	 x26:0x00000001 x31:0x00000000 x24=0x00000001
       21155000	      2114	80001c9c	a6a63893	sltiu	x17,x12,-1430	 x12:0x0000000a x17=0x00000001
       21165000	      2115	80001ca0	ec6d3893	sltiu	x17,x26,-314	 x26:0x00000001 x17=0x00000001
       21175000	      2116	80001ca4	0148feb3	and	x29,x17,x20	 x17:0x00000001 x20:0x00000008 x29=0x00000000
       21185000	      2117	80001ca8	007696b3	sll	x13,x13,x7	 x13:0x47020499  x7:0x00000000 x13=0x47020499
       21195000	      2118	80001cac	01de9bb3	sll	x23,x29,x29	 x29:0x00000000 x29:0x00000000 x23=0x00000000
       21205000	      2119	80001cb0	fff10113	addi	x2,x2,-1	  x2:0x00000004  x2=0x00000003
       21215000	      2120	80001cb4	41185bb3	sra	x23,x16,x17	 x16:0x4a22ea83 x17:0x00000001 x23=0x25117541
       21225000	      2121	80001cb8	40c55513	srai	x10,x10,0xc	 x10:0x000000ff x10=0x00000000
       21235000	      2122	80001cbc	006f9613	slli	x12,x31,0x6	 x31:0x00000000 x12=0x00000000
       21245000	      2123	80001cc0	00b80fb3	add	x31,x16,x11	 x16:0x4a22ea83 x11:0x00000000 x31=0x4a22ea83
       21255000	      2124	80001cc4	fc1174e3	bgeu	x2,x1,80001c8c	  x2:0x00000003  x1:0x00000003
       21265000	      2125	00000000	00000013	addi	x0,x0,0	  x0:0x00000000
       21275000	      2126	80001c88	00000013	addi	x0,x0,0	  x0:0x00000000
       21285000	      2127	80001c8c	bb25c193	xori	x3,x11,-1102	 x11:0x00000000  x3=0xfffffbb2
       21295000	      2128	80001c90	014e8a33	add	x20,x29,x20	 x29:0x00000000 x20:0x00000008 x20=0x00000008
       21305000	      2129	80001c94	a153eb13	ori	x22,x7,-1515	  x7:0x00000000 x22=0xfffffa15
       21315000	      2130	80001c98	41fd5c33	sra	x24,x26,x31	 x26:0x00000001 x31:0x4a22ea83 x24=0x00000000
       21325000	      2131	80001c9c	a6a63893	sltiu	x17,x12,-1430	 x12:0x00000000 x17=0x00000001
       21335000	      2132	80001ca0	ec6d3893	sltiu	x17,x26,-314	 x26:0x00000001 x17=0x00000001
       21345000	      2133	80001ca4	0148feb3	and	x29,x17,x20	 x17:0x00000001 x20:0x00000008 x29=0x00000000
       21355000	      2134	80001ca8	007696b3	sll	x13,x13,x7	 x13:0x47020499  x7:0x00000000 x13=0x47020499
       21365000	      2135	80001cac	01de9bb3	sll	x23,x29,x29	 x29:0x00000000 x29:0x00000000 x23=0x00000000
       21375000	      2136	80001cb0	fff10113	addi	x2,x2,-1	  x2:0x00000003  x2=0x00000002
       21385000	      2137	80001cb4	41185bb3	sra	x23,x16,x17	 x16:0x4a22ea83 x17:0x00000001 x23=0x25117541
       21395000	      2138	80001cb8	40c55513	srai	x10,x10,0xc	 x10:0x00000000 x10=0x00000000
       21405000	      2139	80001cbc	006f9613	slli	x12,x31,0x6	 x31:0x4a22ea83 x12=0x88baa0c0
       21415000	      2140	80001cc0	00b80fb3	add	x31,x16,x11	 x16:0x4a22ea83 x11:0x00000000 x31=0x4a22ea83
       21425000	      2141	80001cc4	fc1174e3	bgeu	x2,x1,80001c8c	  x2:0x00000002  x1:0x00000003
       21435000	      2142	80001cc8	00bf1013	slli	x0,x30,0xb	 x30:0x0000067f
       21445000	      2143	80001ccc	00ed8633	add	x12,x27,x14	 x27:0x80009fc4 x14:0x00000001 x12=0x80009fc5
       21455000	      2144	80001cd0	02526263	bltu	x4,x5,80001cf4	  x4:0x307abbb4  x5:0x80009f68
       21465000	      2145	00000000	00000013	addi	x0,x0,0	  x0:0x00000000
       21475000	      2146	80001cf0	00000013	addi	x0,x0,0	  x0:0x00000000
       21485000	      2147	80001cf4	9cfb0013	addi	x0,x22,-1585	 x22:0xfffffa15
       21495000	      2148	80001cf8	035dd663	bge	x27,x21,80001d24	 x27:0x80009fc4 x21:0x00000001
       21505000	      2149	80001cfc	05514263	blt	x2,x21,80001d40	  x2:0x00000002 x21:0x00000001
       21515000	      2150	80001d00	0962fe93	andi	x29,x5,150	  x5:0x80009f68 x29=0x00000000
       21525000	      2151	80001d04	08f668b7	lui	x17,0x8f66	 x17=0x08f66000
       21535000	      2152	80001d08	00fcd6b3	srl	x13,x25,x15	 x25:0x47020b18 x15:0xb8fdf000 x13=0x47020b18
       21545000	      2153	80001d0c	00083c33	sltu	x24,x16,x0	 x16:0x4a22ea83  x0:0x00000000 x24=0x00000000
       21555000	      2154	80001d10	1b57e393	ori	x7,x15,437	 x15:0xb8fdf000  x7=0xb8fdf1b5
       21565000	      2155	80001d14	022ad263	bge	x21,x2,80001d38	 x21:0x00000001  x2:0x00000002
       21575000	      2156	80001d18	c76ab8b7	lui	x17,0xc76ab	 x17=0xc76ab000
       21585000	      2157	80001d1c	00e8d3b3	srl	x7,x17,x14	 x17:0xc76ab000 x14:0x00000001  x7=0x63b55800
       21595000	      2158	80001d20	004b2a33	slt	x20,x22,x4	 x22:0xfffffa15  x4:0x307abbb4 x20=0x00000001
       21605000	      2159	80001d24	413e5993	srai	x19,x28,0x13	 x28:0x00000000 x19=0x00000000
       21615000	      2160	80001d28	0462b993	sltiu	x19,x5,70	  x5:0x80009f68 x19=0x00000000
       21625000	      2161	80001d2c	410d8c33	sub	x24,x27,x16	 x27:0x80009fc4 x16:0x4a22ea83 x24=0x35ddb541
       21635000	      2162	80001d30	03df1a63	bne	x30,x29,80001d64	 x30:0x0000067f x29:0x00000000
       21645000	      2163	00000000	00000013	addi	x0,x0,0	  x0:0x00000000
       21655000	      2164	80001d60	00000013	addi	x0,x0,0	  x0:0x00000000
       21665000	      2165	80001d64	02ae5063	bge	x28,x10,80001d84	 x28:0x00000000 x10:0x00000000
       21675000	      2166	00000000	00000013	addi	x0,x0,0	  x0:0x00000000
       21685000	      2167	80001d80	00000013	addi	x0,x0,0	  x0:0x00000000
       21695000	      2168	80001d84	0009a033	slt	x0,x19,x0	 x19:0x00000000  x0:0x00000000
       21705000	      2169	80001d88	40f98a33	sub	x20,x19,x15	 x19:0x00000000 x15:0xb8fdf000 x20=0x47021000
       21715000	      2170	80001d8c	40256697	auipc	x13,0x40256	 x13=0xc0257d88
       21725000	      2171	80001d90	0427ec63	bltu	x15,x2,80001de8	 x15:0xb8fdf000  x2:0x00000002
       21735000	      2172	80001d94	01baa6b3	slt	x13,x21,x27	 x21:0x00000001 x27:0x80009fc4 x13=0x00000000
       21745000	      2173	80001d98	01c45c93	srli	x25,x8,0x1c	  x8:0x00000001 x25=0x00000000
       21755000	      2174	80001d9c	4037da13	srai	x20,x15,0x3	 x15:0xb8fdf000 x20=0xf71fbe00
       21765000	      2175	80001da0	00000013	addi	x0,x0,0	  x0:0x00000000
       21775000	      2176	80001da4	00951313	slli	x6,x10,0x9	 x10:0x00000000  x6=0x00000000
       21785000	      2177	80001da8	01900c33	add	x24,x0,x25	  x0:0x00000000 x25:0x00000000 x24=0x00000000
       21795000	      2178	80001dac	4118d433	sra	x8,x17,x17	 x17:0xc76ab000 x17:0xc76ab000  x8=0xc76ab000
       21805000	      2179	80001db0	008e9863	bne	x29,x8,80001dc0	 x29:0x00000000  x8:0xc76ab000
       21815000	      2180	00000000	00000013	addi	x0,x0,0	  x0:0x00000000
       21825000	      2181	80001dbc	00000013	addi	x0,x0,0	  x0:0x00000000
       21835000	      2182	80001dc0	5dc0036f	jal	x6,80001dc0	  x6=0x80001dc0
       21845000	      2183	00000000	00000013	addi	x0,x0,0	  x0:0x00000000
       21855000	      2184	80002398	00000013	addi	x0,x0,0	  x0:0x00000000
       21865000	      2185	8000239c	0c2b4f17	auipc	x30,0xc2b4	 x30=0x8c2b6398
       21875000	      2186	800023a0	03d17063	bgeu	x2,x29,800023c0	  x2:0x00000002 x29:0x00000000
       21885000	      2187	00000000	00000013	addi	x0,x0,0	  x0:0x00000000
       21895000	      2188	800023bc	00000013	addi	x0,x0,0	  x0:0x00000000
       21905000	      2189	800023c0	fd028293	addi	x5,x5,-48	  x5:0x80009f68  x5=0x80009f38
       21915000	      2190	800023c4	402b56b3	sra	x13,x22,x2	 x22:0xfffffa15  x2:0x00000002 x13=0xfffffe85
       21925000	      2191	800023c8	0062a223	sw	x6,4(x5)	  x5:0x80009f38  x6:0x80001dc0 PA:0x80009f3c
       21935000	      2192	800023cc	00955013	srli	x0,x10,0x9	 x10:0x00000000
       21945000	      2193	800023d0	ffa00413	addi	x8,x0,-6	  x0:0x00000000  x8=0xfffffffa
       21955000	      2194	800023d4	018005b3	add	x11,x0,x24	  x0:0x00000000 x24:0x00000000 x11=0x00000000
       21965000	      2195	800023d8	014165b3	or	x11,x2,x20	  x2:0x00000002 x20:0xf71fbe00 x11=0xf71fbe02
       21975000	      2196	800023dc	005fe9b3	or	x19,x31,x5	 x31:0x4a22ea83  x5:0x80009f38 x19=0xca22ffbb
       21985000	      2197	800023e0	8190bb13	sltiu	x22,x1,-2023	  x1:0x00000003 x22=0x00000001
       21995000	      2198	800023e4	00b00113	addi	x2,x0,11	  x0:0x00000000  x2=0x0000000b
       22005000	      2199	800023e8	01aa5833	srl	x16,x20,x26	 x20:0xf71fbe00 x26:0x00000001 x16=0x7b8fdf00
       22015000	      2200	800023ec	00232bb3	slt	x23,x6,x2	  x6:0x80001dc0  x2:0x0000000b x23=0x00000001
       22025000	      2201	800023f0	00940413	addi	x8,x8,9	  x8:0xfffffffa  x8=0x00000003
       22035000	      2202	800023f4	010d4fb3	xor	x31,x26,x16	 x26:0x00000001 x16:0x7b8fdf00 x31=0x7b8fdf01
       22045000	      2203	800023f8	00600693	addi	x13,x0,6	  x0:0x00000000 x13=0x00000006
       22055000	      2204	800023fc	00d4d013	srli	x0,x9,0xd	  x9:0x351c4c50
       22065000	      2205	80002400	00a00513	addi	x10,x0,10	  x0:0x00000000 x10=0x0000000a
       22075000	      2206	80002404	01c490b3	sll	x1,x9,x28	  x9:0x351c4c50 x28:0x00000000  x1=0x351c4c50
       22085000	      2207	80002408	f2dcf793	andi	x15,x25,-211	 x25:0x00000000 x15=0x00000000
       22095000	      2208	8000240c	01e06933	or	x18,x0,x30	  x0:0x00000000 x30:0x8c2b6398 x18=0x8c2b6398
       22105000	      2209	80002410	00968693	addi	x13,x13,9	 x13:0x00000006 x13=0x0000000f
       22115000	      2210	80002414	fea6cae3	blt	x13,x10,80002408	 x13:0x0000000f x10:0x0000000a
       22125000	      2211	80002418	00951233	sll	x4,x10,x9	 x10:0x0000000a  x9:0x351c4c50  x4=0x000a0000
       22135000	      2212	8000241c	40d1d213	srai	x4,x3,0xd	  x3:0xfffffbb2  x4=0xffffffff
       22145000	      2213	80002420	010a6233	or	x4,x20,x16	 x20:0xf71fbe00 x16:0x7b8fdf00  x4=0xff9fff00
       22155000	      2214	80002424	0032d393	srli	x7,x5,0x3	  x5:0x80009f38  x7=0x100013e7
       22165000	      2215	80002428	fc2462e3	bltu	x8,x2,800023ec	  x8:0x00000003  x2:0x0000000b
       22175000	      2216	00000000	00000013	addi	x0,x0,0	  x0:0x00000000
       22185000	      2217	800023e8	00000013	addi	x0,x0,0	  x0:0x00000000
       22195000	      2218	800023ec	00232bb3	slt	x23,x6,x2	  x6:0x80001dc0  x2:0x0000000b x23=0x00000001
       22205000	      2219	800023f0	00940413	addi	x8,x8,9	  x8:0x00000003  x8=0x0000000c
       22215000	      2220	800023f4	010d4fb3	xor	x31,x26,x16	 x26:0x00000001 x16:0x7b8fdf00 x31=0x7b8fdf01
       22225000	      2221	800023f8	00600693	addi	x13,x0,6	  x0:0x00000000 x13=0x00000006
       22235000	      2222	800023fc	00d4d013	srli	x0,x9,0xd	  x9:0x351c4c50
       22245000	      2223	80002400	00a00513	addi	x10,x0,10	  x0:0x00000000 x10=0x0000000a
       22255000	      2224	80002404	01c490b3	sll	x1,x9,x28	  x9:0x351c4c50 x28:0x00000000  x1=0x351c4c50
       22265000	      2225	80002408	f2dcf793	andi	x15,x25,-211	 x25:0x00000000 x15=0x00000000
       22275000	      2226	8000240c	01e06933	or	x18,x0,x30	  x0:0x00000000 x30:0x8c2b6398 x18=0x8c2b6398
       22285000	      2227	80002410	00968693	addi	x13,x13,9	 x13:0x00000006 x13=0x0000000f
       22295000	      2228	80002414	fea6cae3	blt	x13,x10,80002408	 x13:0x0000000f x10:0x0000000a
       22305000	      2229	80002418	00951233	sll	x4,x10,x9	 x10:0x0000000a  x9:0x351c4c50  x4=0x000a0000
       22315000	      2230	8000241c	40d1d213	srai	x4,x3,0xd	  x3:0xfffffbb2  x4=0xffffffff
       22325000	      2231	80002420	010a6233	or	x4,x20,x16	 x20:0xf71fbe00 x16:0x7b8fdf00  x4=0xff9fff00
       22335000	      2232	80002424	0032d393	srli	x7,x5,0x3	  x5:0x80009f38  x7=0x100013e7
       22345000	      2233	80002428	fc2462e3	bltu	x8,x2,800023ec	  x8:0x0000000c  x2:0x0000000b
       22355000	      2234	8000242c	d36c8d13	addi	x26,x25,-714	 x25:0x00000000 x26=0xfffffd36
       22365000	      2235	80002430	00a00713	addi	x14,x0,10	  x0:0x00000000 x14=0x0000000a
       22375000	      2236	80002434	0079ac33	slt	x24,x19,x7	 x19:0xca22ffbb  x7:0x100013e7 x24=0x00000001
       22385000	      2237	80002438	ec207313	andi	x6,x0,-318	  x0:0x00000000  x6=0x00000000
       22395000	      2238	8000243c	01d903b3	add	x7,x18,x29	 x18:0x8c2b6398 x29:0x00000000  x7=0x8c2b6398
       22405000	      2239	80002440	016ccb33	xor	x22,x25,x22	 x25:0x00000000 x22:0x00000001 x22=0x00000001
       22415000	      2240	80002444	ec48ae93	slti	x29,x17,-316	 x17:0xc76ab000 x29=0x00000001
       22425000	      2241	80002448	01000993	addi	x19,x0,16	  x0:0x00000000 x19=0x00000010
       22435000	      2242	8000244c	01d965b3	or	x11,x18,x29	 x18:0x8c2b6398 x29:0x00000001 x11=0x8c2b6399
       22445000	      2243	80002450	418a0d33	sub	x26,x20,x24	 x20:0xf71fbe00 x24:0x00000001 x26=0xf71fbdff
       22455000	      2244	80002454	0013d213	srli	x4,x7,0x1	  x7:0x8c2b6398  x4=0x4615b1cc
       22465000	      2245	80002458	0b9d8093	addi	x1,x27,185	 x27:0x80009fc4  x1=0x8000a07d
       22475000	      2246	8000245c	01929913	slli	x18,x5,0x19	  x5:0x80009f38 x18=0x70000000
       22485000	      2247	80002460	4d6b6a37	lui	x20,0x4d6b6	 x20=0x4d6b6000
       22495000	      2248	80002464	00670713	addi	x14,x14,6	 x14:0x0000000a x14=0x00000010
       22505000	      2249	80002468	048fcc93	xori	x25,x31,72	 x31:0x7b8fdf01 x25=0x7b8fdf49
       22515000	      2250	8000246c	cb9d6017	auipc	x0,0xcb9d6	
       22525000	      2251	80002470	bfd9c317	auipc	x6,0xbfd9c	  x6=0x3fd9e46c
       22535000	      2252	80002474	41fd8933	sub	x18,x27,x31	 x27:0x80009fc4 x31:0x7b8fdf01 x18=0x0470c0c3
       22545000	      2253	80002478	19374c93	xori	x25,x14,403	 x14:0x00000010 x25=0x00000183
       22555000	      2254	8000247c	78732f93	slti	x31,x6,1927	  x6:0x3fd9e46c x31=0x00000000
       22565000	      2255	80002480	00821093	slli	x1,x4,0x8	  x4:0x4615b1cc  x1=0x15b1cc00
       22575000	      2256	80002484	00ffa133	slt	x2,x31,x15	 x31:0x00000000 x15:0x00000000  x2=0x00000000
       22585000	      2257	80002488	017681b3	add	x3,x13,x23	 x13:0x0000000f x23:0x00000001  x3=0x00000010
       22595000	      2258	8000248c	00faaeb3	slt	x29,x21,x15	 x21:0x00000001 x15:0x00000000 x29=0x00000000
       22605000	      2259	80002490	40435f93	srai	x31,x6,0x4	  x6:0x3fd9e46c x31=0x03fd9e46
       22615000	      2260	80002494	00000013	addi	x0,x0,0	  x0:0x00000000
       22625000	      2261	80002498	fb370ae3	beq	x14,x19,8000244c	 x14:0x00000010 x19:0x00000010
       22635000	      2262	00000000	00000013	addi	x0,x0,0	  x0:0x00000000
       22645000	      2263	80002448	00000013	addi	x0,x0,0	  x0:0x00000000
       22655000	      2264	8000244c	01d965b3	or	x11,x18,x29	 x18:0x0470c0c3 x29:0x00000000 x11=0x0470c0c3
       22665000	      2265	80002450	418a0d33	sub	x26,x20,x24	 x20:0x4d6b6000 x24:0x00000001 x26=0x4d6b5fff
       22675000	      2266	80002454	0013d213	srli	x4,x7,0x1	  x7:0x8c2b6398  x4=0x4615b1cc
       22685000	      2267	80002458	0b9d8093	addi	x1,x27,185	 x27:0x80009fc4  x1=0x8000a07d
       22695000	      2268	8000245c	01929913	slli	x18,x5,0x19	  x5:0x80009f38 x18=0x70000000
       22705000	      2269	80002460	4d6b6a37	lui	x20,0x4d6b6	 x20=0x4d6b6000
       22715000	      2270	80002464	00670713	addi	x14,x14,6	 x14:0x00000010 x14=0x00000016
       22725000	      2271	80002468	048fcc93	xori	x25,x31,72	 x31:0x03fd9e46 x25=0x03fd9e0e
       22735000	      2272	8000246c	cb9d6017	auipc	x0,0xcb9d6	
       22745000	      2273	80002470	bfd9c317	auipc	x6,0xbfd9c	  x6=0x3fd9e46c
       22755000	      2274	80002474	41fd8933	sub	x18,x27,x31	 x27:0x80009fc4 x31:0x03fd9e46 x18=0x7c03017e
       22765000	      2275	80002478	19374c93	xori	x25,x14,403	 x14:0x00000016 x25=0x00000185
       22775000	      2276	8000247c	78732f93	slti	x31,x6,1927	  x6:0x3fd9e46c x31=0x00000000
       22785000	      2277	80002480	00821093	slli	x1,x4,0x8	  x4:0x4615b1cc  x1=0x15b1cc00
       22795000	      2278	80002484	00ffa133	slt	x2,x31,x15	 x31:0x00000000 x15:0x00000000  x2=0x00000000
       22805000	      2279	80002488	017681b3	add	x3,x13,x23	 x13:0x0000000f x23:0x00000001  x3=0x00000010
       22815000	      2280	8000248c	00faaeb3	slt	x29,x21,x15	 x21:0x00000001 x15:0x00000000 x29=0x00000000
       22825000	      2281	80002490	40435f93	srai	x31,x6,0x4	  x6:0x3fd9e46c x31=0x03fd9e46
       22835000	      2282	80002494	00000013	addi	x0,x0,0	  x0:0x00000000
       22845000	      2283	80002498	fb370ae3	beq	x14,x19,8000244c	 x14:0x00000016 x19:0x00000010
       22855000	      2284	8000249c	019d5893	srli	x17,x26,0x19	 x26:0x4d6b5fff x17=0x00000026
       22865000	      2285	800024a0	00300613	addi	x12,x0,3	  x0:0x00000000 x12=0x00000003
       22875000	      2286	800024a4	412dd4b3	sra	x9,x27,x18	 x27:0x80009fc4 x18:0x7c03017e  x9=0xfffffffe
       22885000	      2287	800024a8	00a00c13	addi	x24,x0,10	  x0:0x00000000 x24=0x0000000a
       22895000	      2288	800024ac	00f80e33	add	x28,x16,x15	 x16:0x7b8fdf00 x15:0x00000000 x28=0x7b8fdf00
       22905000	      2289	800024b0	00360613	addi	x12,x12,3	 x12:0x00000003 x12=0x00000006
       22915000	      2290	800024b4	1e692413	slti	x8,x18,486	 x18:0x7c03017e  x8=0x00000000
       22925000	      2291	800024b8	00a00f13	addi	x30,x0,10	  x0:0x00000000 x30=0x0000000a
       22935000	      2292	800024bc	00a00193	addi	x3,x0,10	  x0:0x00000000  x3=0x0000000a
       22945000	      2293	800024c0	9d8cab97	auipc	x23,0x9d8ca	 x23=0x1d8cc4bc
       22955000	      2294	800024c4	00f8dd33	srl	x26,x17,x15	 x17:0x00000026 x15:0x00000000 x26=0x00000026
       22965000	      2295	800024c8	007c3b33	sltu	x22,x24,x7	 x24:0x0000000a  x7:0x8c2b6398 x22=0x00000001
       22975000	      2296	800024cc	011d4a33	xor	x20,x26,x17	 x26:0x00000026 x17:0x00000026 x20=0x00000000
       22985000	      2297	800024d0	63604113	xori	x2,x0,1590	  x0:0x00000000  x2=0x00000636
       22995000	      2298	800024d4	ff9f0f13	addi	x30,x30,-7	 x30:0x0000000a x30=0x00000003
       23005000	      2299	800024d8	00fd63b3	or	x7,x26,x15	 x26:0x00000026 x15:0x00000000  x7=0x00000026
       23015000	      2300	800024dc	fe3f7ae3	bgeu	x30,x3,800024d0	 x30:0x00000003  x3:0x0000000a
       23025000	      2301	800024e0	fd8666e3	bltu	x12,x24,800024ac	 x12:0x00000006 x24:0x0000000a
       23035000	      2302	00000000	00000013	addi	x0,x0,0	  x0:0x00000000
       23045000	      2303	800024a8	00000013	addi	x0,x0,0	  x0:0x00000000
       23055000	      2304	800024ac	00f80e33	add	x28,x16,x15	 x16:0x7b8fdf00 x15:0x00000000 x28=0x7b8fdf00
       23065000	      2305	800024b0	00360613	addi	x12,x12,3	 x12:0x00000006 x12=0x00000009
       23075000	      2306	800024b4	1e692413	slti	x8,x18,486	 x18:0x7c03017e  x8=0x00000000
       23085000	      2307	800024b8	00a00f13	addi	x30,x0,10	  x0:0x00000000 x30=0x0000000a
       23095000	      2308	800024bc	00a00193	addi	x3,x0,10	  x0:0x00000000  x3=0x0000000a
       23105000	      2309	800024c0	9d8cab97	auipc	x23,0x9d8ca	 x23=0x1d8cc4bc
       23115000	      2310	800024c4	00f8dd33	srl	x26,x17,x15	 x17:0x00000026 x15:0x00000000 x26=0x00000026
       23125000	      2311	800024c8	007c3b33	sltu	x22,x24,x7	 x24:0x0000000a  x7:0x00000026 x22=0x00000001
       23135000	      2312	800024cc	011d4a33	xor	x20,x26,x17	 x26:0x00000026 x17:0x00000026 x20=0x00000000
       23145000	      2313	800024d0	63604113	xori	x2,x0,1590	  x0:0x00000000  x2=0x00000636
       23155000	      2314	800024d4	ff9f0f13	addi	x30,x30,-7	 x30:0x0000000a x30=0x00000003
       23165000	      2315	800024d8	00fd63b3	or	x7,x26,x15	 x26:0x00000026 x15:0x00000000  x7=0x00000026
       23175000	      2316	800024dc	fe3f7ae3	bgeu	x30,x3,800024d0	 x30:0x00000003  x3:0x0000000a
       23185000	      2317	800024e0	fd8666e3	bltu	x12,x24,800024ac	 x12:0x00000009 x24:0x0000000a
       23195000	      2318	00000000	00000013	addi	x0,x0,0	  x0:0x00000000
       23205000	      2319	800024a8	00000013	addi	x0,x0,0	  x0:0x00000000
       23215000	      2320	800024ac	00f80e33	add	x28,x16,x15	 x16:0x7b8fdf00 x15:0x00000000 x28=0x7b8fdf00
       23225000	      2321	800024b0	00360613	addi	x12,x12,3	 x12:0x00000009 x12=0x0000000c
       23235000	      2322	800024b4	1e692413	slti	x8,x18,486	 x18:0x7c03017e  x8=0x00000000
       23245000	      2323	800024b8	00a00f13	addi	x30,x0,10	  x0:0x00000000 x30=0x0000000a
       23255000	      2324	800024bc	00a00193	addi	x3,x0,10	  x0:0x00000000  x3=0x0000000a
       23265000	      2325	800024c0	9d8cab97	auipc	x23,0x9d8ca	 x23=0x1d8cc4bc
       23275000	      2326	800024c4	00f8dd33	srl	x26,x17,x15	 x17:0x00000026 x15:0x00000000 x26=0x00000026
       23285000	      2327	800024c8	007c3b33	sltu	x22,x24,x7	 x24:0x0000000a  x7:0x00000026 x22=0x00000001
       23295000	      2328	800024cc	011d4a33	xor	x20,x26,x17	 x26:0x00000026 x17:0x00000026 x20=0x00000000
       23305000	      2329	800024d0	63604113	xori	x2,x0,1590	  x0:0x00000000  x2=0x00000636
       23315000	      2330	800024d4	ff9f0f13	addi	x30,x30,-7	 x30:0x0000000a x30=0x00000003
       23325000	      2331	800024d8	00fd63b3	or	x7,x26,x15	 x26:0x00000026 x15:0x00000000  x7=0x00000026
       23335000	      2332	800024dc	fe3f7ae3	bgeu	x30,x3,800024d0	 x30:0x00000003  x3:0x0000000a
       23345000	      2333	800024e0	fd8666e3	bltu	x12,x24,800024ac	 x12:0x0000000c x24:0x0000000a
       23355000	      2334	800024e4	c31f8e97	auipc	x29,0xc31f8	 x29=0x431fa4e0
       23365000	      2335	800024e8	00600813	addi	x16,x0,6	  x0:0x00000000 x16=0x00000006
       23375000	      2336	800024ec	0099f0b3	and	x1,x19,x9	 x19:0x00000010  x9:0xfffffffe  x1=0x00000010
       23385000	      2337	800024f0	00355313	srli	x6,x10,0x3	 x10:0x0000000a  x6=0x00000001
       23395000	      2338	800024f4	00f00693	addi	x13,x0,15	  x0:0x00000000 x13=0x0000000f
       23405000	      2339	800024f8	01321113	slli	x2,x4,0x13	  x4:0x4615b1cc  x2=0x8e600000
       23415000	      2340	800024fc	609ce893	ori	x17,x25,1545	 x25:0x00000185 x17=0x0000078d
       23425000	      2341	80002500	0101b233	sltu	x4,x3,x16	  x3:0x0000000a x16:0x00000006  x4=0x00000000
       23435000	      2342	80002504	4a874e97	auipc	x29,0x4a874	 x29=0xca876500
       23445000	      2343	80002508	00000013	addi	x0,x0,0	  x0:0x00000000
       23455000	      2344	8000250c	72072613	slti	x12,x14,1824	 x14:0x00000016 x12=0x00000001
       23465000	      2345	80002510	414fdfb3	sra	x31,x31,x20	 x31:0x03fd9e46 x20:0x00000000 x31=0x03fd9e46
       23475000	      2346	80002514	ed870637	lui	x12,0xed870	 x12=0xed870000
       23485000	      2347	80002518	003d5c33	srl	x24,x26,x3	 x26:0x00000026  x3:0x0000000a x24=0x00000000
       23495000	      2348	8000251c	01edd9b3	srl	x19,x27,x30	 x27:0x80009fc4 x30:0x00000003 x19=0x100013f8
       23505000	      2349	80002520	00000013	addi	x0,x0,0	  x0:0x00000000
       23515000	      2350	80002524	01d0bd13	sltiu	x26,x1,29	  x1:0x00000010 x26=0x00000001
       23525000	      2351	80002528	fa3f6413	ori	x8,x30,-93	 x30:0x00000003  x8=0xffffffa3
       23535000	      2352	8000252c	00a94f33	xor	x30,x18,x10	 x18:0x7c03017e x10:0x0000000a x30=0x7c030174
       23545000	      2353	80002530	40bf5993	srai	x19,x30,0xb	 x30:0x7c030174 x19=0x000f8060
       23555000	      2354	80002534	00921993	slli	x19,x4,0x9	  x4:0x00000000 x19=0x00000000
       23565000	      2355	80002538	00980813	addi	x16,x16,9	 x16:0x00000006 x16=0x0000000f
       23575000	      2356	8000253c	011e9eb3	sll	x29,x29,x17	 x29:0xca876500 x17:0x0000078d x29=0xeca00000
       23585000	      2357	80002540	00046633	or	x12,x8,x0	  x8:0xffffffa3  x0:0x00000000 x12=0xffffffa3
       23595000	      2358	80002544	fcd810e3	bne	x16,x13,80002504	 x16:0x0000000f x13:0x0000000f
       23605000	      2359	80002548	41b25513	srai	x10,x4,0x1b	  x4:0x00000000 x10=0x00000000
       23615000	      2360	8000254c	00200893	addi	x17,x0,2	  x0:0x00000000 x17=0x00000002
       23625000	      2361	80002550	4037d013	srai	x0,x15,0x3	 x15:0x00000000
       23635000	      2362	80002554	f4b17097	auipc	x1,0xf4b17	  x1=0x74b19550
       23645000	      2363	80002558	00b00313	addi	x6,x0,11	  x0:0x00000000  x6=0x0000000b
       23655000	      2364	8000255c	011a34b3	sltu	x9,x20,x17	 x20:0x00000000 x17:0x00000002  x9=0x00000001
       23665000	      2365	80002560	018895b3	sll	x11,x17,x24	 x17:0x00000002 x24:0x00000000 x11=0x00000002
       23675000	      2366	80002564	417bd3b3	sra	x7,x23,x23	 x23:0x1d8cc4bc x23:0x1d8cc4bc  x7=0x00000001
       23685000	      2367	80002568	00ab61b3	or	x3,x22,x10	 x22:0x00000001 x10:0x00000000  x3=0x00000001
       23695000	      2368	8000256c	00a61933	sll	x18,x12,x10	 x12:0xffffffa3 x10:0x00000000 x18=0xffffffa3
       23705000	      2369	80002570	01ee11b3	sll	x3,x28,x30	 x28:0x7b8fdf00 x30:0x7c030174  x3=0xf0000000
       23715000	      2370	80002574	e023a493	slti	x9,x7,-510	  x7:0x00000001  x9=0x00000000
       23725000	      2371	80002578	01e7fe33	and	x28,x15,x30	 x15:0x00000000 x30:0x7c030174 x28=0x00000000
       23735000	      2372	8000257c	01f17cb3	and	x25,x2,x31	  x2:0x8e600000 x31:0x03fd9e46 x25=0x02600000
       23745000	      2373	80002580	00588893	addi	x17,x17,5	 x17:0x00000002 x17=0x00000007
       23755000	      2374	80002584	0095b233	sltu	x4,x11,x9	 x11:0x00000002  x9:0x00000000  x4=0x00000000
       23765000	      2375	80002588	b3e90993	addi	x19,x18,-1218	 x18:0xffffffa3 x19=0xfffffae1
       23775000	      2376	8000258c	40605d13	srai	x26,x0,0x6	  x0:0x00000000 x26=0x00000000
       23785000	      2377	80002590	0023b5b3	sltu	x11,x7,x2	  x7:0x00000001  x2:0x8e600000 x11=0x00000001
       23795000	      2378	80002594	01f8fa33	and	x20,x17,x31	 x17:0x00000007 x31:0x03fd9e46 x20=0x00000006
       23805000	      2379	80002598	00cf8533	add	x10,x31,x12	 x31:0x03fd9e46 x12:0xffffffa3 x10=0x03fd9de9
       23815000	      2380	8000259c	00ab0e33	add	x28,x22,x10	 x22:0x00000001 x10:0x03fd9de9 x28=0x03fd9dea
       23825000	      2381	800025a0	0065f0b3	and	x1,x11,x6	 x11:0x00000001  x6:0x0000000b  x1=0x00000001
       23835000	      2382	800025a4	0009d213	srli	x4,x19,0x0	 x19:0xfffffae1  x4=0xfffffae1
       23845000	      2383	800025a8	00ea99b3	sll	x19,x21,x14	 x21:0x00000001 x14:0x00000016 x19=0x00400000
       23855000	      2384	800025ac	80fb7113	andi	x2,x22,-2033	 x22:0x00000001  x2=0x00000001
       23865000	      2385	800025b0	00eaf6b3	and	x13,x21,x14	 x21:0x00000001 x14:0x00000016 x13=0x00000000
       23875000	      2386	800025b4	fc68e0e3	bltu	x17,x6,80002574	 x17:0x00000007  x6:0x0000000b
       23885000	      2387	00000000	00000013	addi	x0,x0,0	  x0:0x00000000
       23895000	      2388	80002570	00000013	addi	x0,x0,0	  x0:0x00000000
       23905000	      2389	80002574	e023a493	slti	x9,x7,-510	  x7:0x00000001  x9=0x00000000
       23915000	      2390	80002578	01e7fe33	and	x28,x15,x30	 x15:0x00000000 x30:0x7c030174 x28=0x00000000
       23925000	      2391	8000257c	01f17cb3	and	x25,x2,x31	  x2:0x00000001 x31:0x03fd9e46 x25=0x00000000
       23935000	      2392	80002580	00588893	addi	x17,x17,5	 x17:0x00000007 x17=0x0000000c
       23945000	      2393	80002584	0095b233	sltu	x4,x11,x9	 x11:0x00000001  x9:0x00000000  x4=0x00000000
       23955000	      2394	80002588	b3e90993	addi	x19,x18,-1218	 x18:0xffffffa3 x19=0xfffffae1
       23965000	      2395	8000258c	40605d13	srai	x26,x0,0x6	  x0:0x00000000 x26=0x00000000
       23975000	      2396	80002590	0023b5b3	sltu	x11,x7,x2	  x7:0x00000001  x2:0x00000001 x11=0x00000000
       23985000	      2397	80002594	01f8fa33	and	x20,x17,x31	 x17:0x0000000c x31:0x03fd9e46 x20=0x00000004
       23995000	      2398	80002598	00cf8533	add	x10,x31,x12	 x31:0x03fd9e46 x12:0xffffffa3 x10=0x03fd9de9
       24005000	      2399	8000259c	00ab0e33	add	x28,x22,x10	 x22:0x00000001 x10:0x03fd9de9 x28=0x03fd9dea
       24015000	      2400	800025a0	0065f0b3	and	x1,x11,x6	 x11:0x00000000  x6:0x0000000b  x1=0x00000000
       24025000	      2401	800025a4	0009d213	srli	x4,x19,0x0	 x19:0xfffffae1  x4=0xfffffae1
       24035000	      2402	800025a8	00ea99b3	sll	x19,x21,x14	 x21:0x00000001 x14:0x00000016 x19=0x00400000
       24045000	      2403	800025ac	80fb7113	andi	x2,x22,-2033	 x22:0x00000001  x2=0x00000001
       24055000	      2404	800025b0	00eaf6b3	and	x13,x21,x14	 x21:0x00000001 x14:0x00000016 x13=0x00000000
       24065000	      2405	800025b4	fc68e0e3	bltu	x17,x6,80002574	 x17:0x0000000c  x6:0x0000000b
       24075000	      2406	800025b8	005d49b3	xor	x19,x26,x5	 x26:0x00000000  x5:0x80009f38 x19=0x80009f38
       24085000	      2407	800025bc	00600393	addi	x7,x0,6	  x0:0x00000000  x7=0x00000006
       24095000	      2408	800025c0	40620033	sub	x0,x4,x6	  x4:0xfffffae1  x6:0x0000000b
       24105000	      2409	800025c4	01bd68b3	or	x17,x26,x27	 x26:0x00000000 x27:0x80009fc4 x17=0x80009fc4
       24115000	      2410	800025c8	efb82013	slti	x0,x16,-261	 x16:0x0000000f
       24125000	      2411	800025cc	000f2d33	slt	x26,x30,x0	 x30:0x7c030174  x0:0x00000000 x26=0x00000000
       24135000	      2412	800025d0	0192a233	slt	x4,x5,x25	  x5:0x80009f38 x25:0x00000000  x4=0x00000001
       24145000	      2413	800025d4	ff100b93	addi	x23,x0,-15	  x0:0x00000000 x23=0xfffffff1
       24155000	      2414	800025d8	0032ccb3	xor	x25,x5,x3	  x5:0x80009f38  x3:0xf0000000 x25=0x70009f38
       24165000	      2415	800025dc	8d4eba13	sltiu	x20,x29,-1836	 x29:0xeca00000 x20=0x00000001
       24175000	      2416	800025e0	4169da33	sra	x20,x19,x22	 x19:0x80009f38 x22:0x00000001 x20=0xc0004f9c
       24185000	      2417	800025e4	00b98b33	add	x22,x19,x11	 x19:0x80009f38 x11:0x00000000 x22=0x80009f38
       24195000	      2418	800025e8	412787b3	sub	x15,x15,x18	 x15:0x00000000 x18:0xffffffa3 x15=0x0000005d
       24205000	      2419	800025ec	01d9a1b3	slt	x3,x19,x29	 x19:0x80009f38 x29:0xeca00000  x3=0x00000001
       24215000	      2420	800025f0	00375a13	srli	x20,x14,0x3	 x14:0x00000016 x20=0x00000002
       24225000	      2421	800025f4	ff938393	addi	x7,x7,-7	  x7:0x00000006  x7=0xffffffff
       24235000	      2422	800025f8	41d455b3	sra	x11,x8,x29	  x8:0xffffffa3 x29:0xeca00000 x11=0xffffffa3
       24245000	      2423	800025fc	ff7380e3	beq	x7,x23,800025dc	  x7:0xffffffff x23:0xfffffff1
       24255000	      2424	80002600	01655493	srli	x9,x10,0x16	 x10:0x03fd9de9  x9=0x0000000f
       24265000	      2425	80002604	00900113	addi	x2,x0,9	  x0:0x00000000  x2=0x00000009
       24275000	      2426	80002608	000113b3	sll	x7,x2,x0	  x2:0x00000009  x0:0x00000000  x7=0x00000009
       24285000	      2427	8000260c	00900813	addi	x16,x0,9	  x0:0x00000000 x16=0x00000009
       24295000	      2428	80002610	29036317	auipc	x6,0x29036	  x6=0xa903860c
       24305000	      2429	80002614	00f6a8b3	slt	x17,x13,x15	 x13:0x00000000 x15:0x0000005d x17=0x00000001
       24315000	      2430	80002618	ff910113	addi	x2,x2,-7	  x2:0x00000009  x2=0x00000002
       24325000	      2431	8000261c	01c587b3	add	x15,x11,x28	 x11:0xffffffa3 x28:0x03fd9dea x15=0x03fd9d8d
       24335000	      2432	80002620	1c070393	addi	x7,x14,448	 x14:0x00000016  x7=0x000001d6
       24345000	      2433	80002624	ff0178e3	bgeu	x2,x16,80002614	  x2:0x00000002 x16:0x00000009
       24355000	      2434	80002628	01ce46b3	xor	x13,x28,x28	 x28:0x03fd9dea x28:0x03fd9dea x13=0x00000000
       24365000	      2435	8000262c	00a00593	addi	x11,x0,10	  x0:0x00000000 x11=0x0000000a
       24375000	      2436	80002630	01d1f133	and	x2,x3,x29	  x3:0x00000001 x29:0xeca00000  x2=0x00000000
       24385000	      2437	80002634	1a4e8093	addi	x1,x29,420	 x29:0xeca00000  x1=0xeca001a4
       24395000	      2438	80002638	00a00313	addi	x6,x0,10	  x0:0x00000000  x6=0x0000000a
       24405000	      2439	8000263c	21bcfd17	auipc	x26,0x21bcf	 x26=0xa1bd1638
       24415000	      2440	80002640	00000013	addi	x0,x0,0	  x0:0x00000000
       24425000	      2441	80002644	b4a4f237	lui	x4,0xb4a4f	  x4=0xb4a4f000
       24435000	      2442	80002648	007b4bb3	xor	x23,x22,x7	 x22:0x80009f38  x7:0x000001d6 x23=0x80009eee
       24445000	      2443	8000264c	3fd6a413	slti	x8,x13,1021	 x13:0x00000000  x8=0x00000001
       24455000	      2444	80002650	e8c4e093	ori	x1,x9,-372	  x9:0x0000000f  x1=0xfffffe8f
       24465000	      2445	80002654	ffb58593	addi	x11,x11,-5	 x11:0x0000000a x11=0x00000005
       24475000	      2446	80002658	003e8d33	add	x26,x29,x3	 x29:0xeca00000  x3:0x00000001 x26=0xeca00001
       24485000	      2447	8000265c	d719e913	ori	x18,x19,-655	 x19:0x80009f38 x18=0xffffff79
       24495000	      2448	80002660	4186d213	srai	x4,x13,0x18	 x13:0x00000000  x4=0x00000000
       24505000	      2449	80002664	00600793	addi	x15,x0,6	  x0:0x00000000 x15=0x00000006
       24515000	      2450	80002668	41645f13	srai	x30,x8,0x16	  x8:0x00000001 x30=0x00000000
       24525000	      2451	8000266c	7841bd13	sltiu	x26,x3,1924	  x3:0x00000001 x26=0x00000001
       24535000	      2452	80002670	00000013	addi	x0,x0,0	  x0:0x00000000
       24545000	      2453	80002674	01400c93	addi	x25,x0,20	  x0:0x00000000 x25=0x00000014
       24555000	      2454	80002678	01dd5e33	srl	x28,x26,x29	 x26:0x00000001 x29:0xeca00000 x28=0x00000001
       24565000	      2455	8000267c	9b568813	addi	x16,x13,-1611	 x13:0x00000000 x16=0xfffff9b5
       24575000	      2456	80002680	e6de7013	andi	x0,x28,-403	 x28:0x00000001
       24585000	      2457	80002684	87a6fd37	lui	x26,0x87a6f	 x26=0x87a6f000
       24595000	      2458	80002688	00000013	addi	x0,x0,0	  x0:0x00000000
       24605000	      2459	8000268c	00278793	addi	x15,x15,2	 x15:0x00000006 x15=0x00000008
       24615000	      2460	80002690	00b61f33	sll	x30,x12,x11	 x12:0xffffffa3 x11:0x00000005 x30=0xfffff460
       24625000	      2461	80002694	01eac8b3	xor	x17,x21,x30	 x21:0x00000001 x30:0xfffff460 x17=0xfffff461
       24635000	      2462	80002698	ff9798e3	bne	x15,x25,80002688	 x15:0x00000008 x25:0x00000014
       24645000	      2463	00000000	00000013	addi	x0,x0,0	  x0:0x00000000
       24655000	      2464	80002684	00000013	addi	x0,x0,0	  x0:0x00000000
       24665000	      2465	80002688	00000013	addi	x0,x0,0	  x0:0x00000000
       24675000	      2466	8000268c	00278793	addi	x15,x15,2	 x15:0x00000008 x15=0x0000000a
       24685000	      2467	80002690	00b61f33	sll	x30,x12,x11	 x12:0xffffffa3 x11:0x00000005 x30=0xfffff460
       24695000	      2468	80002694	01eac8b3	xor	x17,x21,x30	 x21:0x00000001 x30:0xfffff460 x17=0xfffff461
       24705000	      2469	80002698	ff9798e3	bne	x15,x25,80002688	 x15:0x0000000a x25:0x00000014
       24715000	      2470	00000000	00000013	addi	x0,x0,0	  x0:0x00000000
       24725000	      2471	80002684	00000013	addi	x0,x0,0	  x0:0x00000000
       24735000	      2472	80002688	00000013	addi	x0,x0,0	  x0:0x00000000
       24745000	      2473	8000268c	00278793	addi	x15,x15,2	 x15:0x0000000a x15=0x0000000c
       24755000	      2474	80002690	00b61f33	sll	x30,x12,x11	 x12:0xffffffa3 x11:0x00000005 x30=0xfffff460
       24765000	      2475	80002694	01eac8b3	xor	x17,x21,x30	 x21:0x00000001 x30:0xfffff460 x17=0xfffff461
       24775000	      2476	80002698	ff9798e3	bne	x15,x25,80002688	 x15:0x0000000c x25:0x00000014
       24785000	      2477	00000000	00000013	addi	x0,x0,0	  x0:0x00000000
       24795000	      2478	80002684	00000013	addi	x0,x0,0	  x0:0x00000000
       24805000	      2479	80002688	00000013	addi	x0,x0,0	  x0:0x00000000
       24815000	      2480	8000268c	00278793	addi	x15,x15,2	 x15:0x0000000c x15=0x0000000e
       24825000	      2481	80002690	00b61f33	sll	x30,x12,x11	 x12:0xffffffa3 x11:0x00000005 x30=0xfffff460
       24835000	      2482	80002694	01eac8b3	xor	x17,x21,x30	 x21:0x00000001 x30:0xfffff460 x17=0xfffff461
       24845000	      2483	80002698	ff9798e3	bne	x15,x25,80002688	 x15:0x0000000e x25:0x00000014
       24855000	      2484	00000000	00000013	addi	x0,x0,0	  x0:0x00000000
       24865000	      2485	80002684	00000013	addi	x0,x0,0	  x0:0x00000000
       24875000	      2486	80002688	00000013	addi	x0,x0,0	  x0:0x00000000
       24885000	      2487	8000268c	00278793	addi	x15,x15,2	 x15:0x0000000e x15=0x00000010
       24895000	      2488	80002690	00b61f33	sll	x30,x12,x11	 x12:0xffffffa3 x11:0x00000005 x30=0xfffff460
       24905000	      2489	80002694	01eac8b3	xor	x17,x21,x30	 x21:0x00000001 x30:0xfffff460 x17=0xfffff461
       24915000	      2490	80002698	ff9798e3	bne	x15,x25,80002688	 x15:0x00000010 x25:0x00000014
       24925000	      2491	00000000	00000013	addi	x0,x0,0	  x0:0x00000000
       24935000	      2492	80002684	00000013	addi	x0,x0,0	  x0:0x00000000
       24945000	      2493	80002688	00000013	addi	x0,x0,0	  x0:0x00000000
       24955000	      2494	8000268c	00278793	addi	x15,x15,2	 x15:0x00000010 x15=0x00000012
       24965000	      2495	80002690	00b61f33	sll	x30,x12,x11	 x12:0xffffffa3 x11:0x00000005 x30=0xfffff460
       24975000	      2496	80002694	01eac8b3	xor	x17,x21,x30	 x21:0x00000001 x30:0xfffff460 x17=0xfffff461
       24985000	      2497	80002698	ff9798e3	bne	x15,x25,80002688	 x15:0x00000012 x25:0x00000014
       24995000	      2498	00000000	00000013	addi	x0,x0,0	  x0:0x00000000
       25005000	      2499	80002684	00000013	addi	x0,x0,0	  x0:0x00000000
       25015000	      2500	80002688	00000013	addi	x0,x0,0	  x0:0x00000000
       25025000	      2501	8000268c	00278793	addi	x15,x15,2	 x15:0x00000012 x15=0x00000014
       25035000	      2502	80002690	00b61f33	sll	x30,x12,x11	 x12:0xffffffa3 x11:0x00000005 x30=0xfffff460
       25045000	      2503	80002694	01eac8b3	xor	x17,x21,x30	 x21:0x00000001 x30:0xfffff460 x17=0xfffff461
       25055000	      2504	80002698	ff9798e3	bne	x15,x25,80002688	 x15:0x00000014 x25:0x00000014
       25065000	      2505	8000269c	0124b9b3	sltu	x19,x9,x18	  x9:0x0000000f x18:0xffffff79 x19=0x00000001
       25075000	      2506	800026a0	fa65f6e3	bgeu	x11,x6,8000264c	 x11:0x00000005  x6:0x0000000a
       25085000	      2507	800026a4	ca7e3513	sltiu	x10,x28,-857	 x28:0x00000001 x10=0x00000001
       25095000	      2508	800026a8	00900b13	addi	x22,x0,9	  x0:0x00000000 x22=0x00000009
       25105000	      2509	800026ac	00000013	addi	x0,x0,0	  x0:0x00000000
       25115000	      2510	800026b0	fa29c793	xori	x15,x19,-94	 x19:0x00000001 x15=0xffffffa3
       25125000	      2511	800026b4	00a00f13	addi	x30,x0,10	  x0:0x00000000 x30=0x0000000a
       25135000	      2512	800026b8	90fac893	xori	x17,x21,-1777	 x21:0x00000001 x17=0xfffff90e
       25145000	      2513	800026bc	00c40733	add	x14,x8,x12	  x8:0x00000001 x12:0xffffffa3 x14=0xffffffa4
       25155000	      2514	800026c0	010a9a13	slli	x20,x21,0x10	 x21:0x00000001 x20=0x00010000
       25165000	      2515	800026c4	003b0b13	addi	x22,x22,3	 x22:0x00000009 x22=0x0000000c
       25175000	      2516	800026c8	0016d513	srli	x10,x13,0x1	 x13:0x00000000 x10=0x00000000
       25185000	      2517	800026cc	00ca5433	srl	x8,x20,x12	 x20:0x00010000 x12:0xffffffa3  x8=0x00002000
       25195000	      2518	800026d0	00a00d13	addi	x26,x0,10	  x0:0x00000000 x26=0x0000000a
       25205000	      2519	800026d4	00d08bb3	add	x23,x1,x13	  x1:0xfffffe8f x13:0x00000000 x23=0xfffffe8f
       25215000	      2520	800026d8	00ad58b3	srl	x17,x26,x10	 x26:0x0000000a x10:0x00000000 x17=0x0000000a
       25225000	      2521	800026dc	01000393	addi	x7,x0,16	  x0:0x00000000  x7=0x00000010
       25235000	      2522	800026e0	d2db4693	xori	x13,x22,-723	 x22:0x0000000c x13=0xfffffd21
       25245000	      2523	800026e4	9aa5ab93	slti	x23,x11,-1622	 x11:0x00000005 x23=0x00000000
       25255000	      2524	800026e8	01357233	and	x4,x10,x19	 x10:0x00000000 x19:0x00000001  x4=0x00000000
       25265000	      2525	800026ec	006d0d13	addi	x26,x26,6	 x26:0x0000000a x26=0x00000010
       25275000	      2526	800026f0	fe7d1ce3	bne	x26,x7,800026e8	 x26:0x00000010  x7:0x00000010
       25285000	      2527	800026f4	40e50533	sub	x10,x10,x14	 x10:0x00000000 x14:0xffffffa4 x10=0x0000005c
       25295000	      2528	800026f8	00c5f833	and	x16,x11,x12	 x11:0x00000005 x12:0xffffffa3 x16=0x00000001
       25305000	      2529	800026fc	403cd033	sra	x0,x25,x3	 x25:0x00000014  x3:0x00000001
       25315000	      2530	80002700	00a538b3	sltu	x17,x10,x10	 x10:0x0000005c x10:0x0000005c x17=0x00000000
       25325000	      2531	80002704	fbeb4ce3	blt	x22,x30,800026bc	 x22:0x0000000c x30:0x0000000a
       25335000	      2532	80002708	00fd2333	slt	x6,x26,x15	 x26:0x00000010 x15:0xffffffa3  x6=0x00000000
       25345000	      2533	8000270c	00a00093	addi	x1,x0,10	  x0:0x00000000  x1=0x0000000a
       25355000	      2534	80002710	3a554193	xori	x3,x10,933	 x10:0x0000005c  x3=0x000003f9
       25365000	      2535	80002714	00a00b13	addi	x22,x0,10	  x0:0x00000000 x22=0x0000000a
       25375000	      2536	80002718	01821bb3	sll	x23,x4,x24	  x4:0x00000000 x24:0x00000000 x23=0x00000000
       25385000	      2537	8000271c	64ac8213	addi	x4,x25,1610	 x25:0x00000014  x4=0x0000065e
       25395000	      2538	80002720	ffa08093	addi	x1,x1,-6	  x1:0x0000000a  x1=0x00000004
       25405000	      2539	80002724	ffd00d13	addi	x26,x0,-3	  x0:0x00000000 x26=0xfffffffd
       25415000	      2540	80002728	01fa84b3	add	x9,x21,x31	 x21:0x00000001 x31:0x03fd9e46  x9=0x03fd9e47
       25425000	      2541	8000272c	00e00313	addi	x6,x0,14	  x0:0x00000000  x6=0x0000000e
       25435000	      2542	80002730	01c221b3	slt	x3,x4,x28	  x4:0x0000065e x28:0x00000001  x3=0x00000000
       25445000	      2543	80002734	143f7213	andi	x4,x30,323	 x30:0x0000000a  x4=0x00000002
       25455000	      2544	80002738	00b5ea33	or	x20,x11,x11	 x11:0x00000005 x11:0x00000005 x20=0x00000005
       25465000	      2545	8000273c	005d0d13	addi	x26,x26,5	 x26:0xfffffffd x26=0x00000002
       25475000	      2546	80002740	01bc9c93	slli	x25,x25,0x1b	 x25:0x00000014 x25=0xa0000000
       25485000	      2547	80002744	fe6d66e3	bltu	x26,x6,80002730	 x26:0x00000002  x6:0x0000000e
       25495000	      2548	00000000	00000013	addi	x0,x0,0	  x0:0x00000000
       25505000	      2549	8000272c	00000013	addi	x0,x0,0	  x0:0x00000000
       25515000	      2550	80002730	01c221b3	slt	x3,x4,x28	  x4:0x00000002 x28:0x00000001  x3=0x00000000
       25525000	      2551	80002734	143f7213	andi	x4,x30,323	 x30:0x0000000a  x4=0x00000002
       25535000	      2552	80002738	00b5ea33	or	x20,x11,x11	 x11:0x00000005 x11:0x00000005 x20=0x00000005
       25545000	      2553	8000273c	005d0d13	addi	x26,x26,5	 x26:0x00000002 x26=0x00000007
       25555000	      2554	80002740	01bc9c93	slli	x25,x25,0x1b	 x25:0xa0000000 x25=0x00000000
       25565000	      2555	80002744	fe6d66e3	bltu	x26,x6,80002730	 x26:0x00000007  x6:0x0000000e
       25575000	      2556	00000000	00000013	addi	x0,x0,0	  x0:0x00000000
       25585000	      2557	8000272c	00000013	addi	x0,x0,0	  x0:0x00000000
       25595000	      2558	80002730	01c221b3	slt	x3,x4,x28	  x4:0x00000002 x28:0x00000001  x3=0x00000000
       25605000	      2559	80002734	143f7213	andi	x4,x30,323	 x30:0x0000000a  x4=0x00000002
       25615000	      2560	80002738	00b5ea33	or	x20,x11,x11	 x11:0x00000005 x11:0x00000005 x20=0x00000005
       25625000	      2561	8000273c	005d0d13	addi	x26,x26,5	 x26:0x00000007 x26=0x0000000c
       25635000	      2562	80002740	01bc9c93	slli	x25,x25,0x1b	 x25:0x00000000 x25=0x00000000
       25645000	      2563	80002744	fe6d66e3	bltu	x26,x6,80002730	 x26:0x0000000c  x6:0x0000000e
       25655000	      2564	00000000	00000013	addi	x0,x0,0	  x0:0x00000000
       25665000	      2565	8000272c	00000013	addi	x0,x0,0	  x0:0x00000000
       25675000	      2566	80002730	01c221b3	slt	x3,x4,x28	  x4:0x00000002 x28:0x00000001  x3=0x00000000
       25685000	      2567	80002734	143f7213	andi	x4,x30,323	 x30:0x0000000a  x4=0x00000002
       25695000	      2568	80002738	00b5ea33	or	x20,x11,x11	 x11:0x00000005 x11:0x00000005 x20=0x00000005
       25705000	      2569	8000273c	005d0d13	addi	x26,x26,5	 x26:0x0000000c x26=0x00000011
       25715000	      2570	80002740	01bc9c93	slli	x25,x25,0x1b	 x25:0x00000000 x25=0x00000000
       25725000	      2571	80002744	fe6d66e3	bltu	x26,x6,80002730	 x26:0x00000011  x6:0x0000000e
       25735000	      2572	80002748	01e90033	add	x0,x18,x30	 x18:0xffffff79 x30:0x0000000a
       25745000	      2573	8000274c	4c433793	sltiu	x15,x6,1220	  x6:0x0000000e x15=0x00000001
       25755000	      2574	80002750	0019dc13	srli	x24,x19,0x1	 x19:0x00000001 x24=0x00000000
       25765000	      2575	80002754	000c9e93	slli	x29,x25,0x0	 x25:0x00000000 x29=0x00000000
       25775000	      2576	80002758	0182d6b3	srl	x13,x5,x24	  x5:0x80009f38 x24:0x00000000 x13=0x80009f38
       25785000	      2577	8000275c	fd60f0e3	bgeu	x1,x22,8000271c	  x1:0x00000004 x22:0x0000000a
       25795000	      2578	80002760	012ffc33	and	x24,x31,x18	 x31:0x03fd9e46 x18:0xffffff79 x24=0x03fd9e40
       25805000	      2579	80002764	0395f063	bgeu	x11,x25,80002784	 x11:0x00000005 x25:0x00000000
       25815000	      2580	00000000	00000013	addi	x0,x0,0	  x0:0x00000000
       25825000	      2581	80002780	00000013	addi	x0,x0,0	  x0:0x00000000
       25835000	      2582	80002784	008d2133	slt	x2,x26,x8	 x26:0x00000011  x8:0x00002000  x2=0x00000001
       25845000	      2583	80002788	06f0a813	slti	x16,x1,111	  x1:0x00000004 x16=0x00000001
       25855000	      2584	8000278c	6165fc37	lui	x24,0x6165f	 x24=0x6165f000
       25865000	      2585	80002790	008e1a63	bne	x28,x8,800027a4	 x28:0x00000001  x8:0x00002000
       25875000	      2586	00000000	00000013	addi	x0,x0,0	  x0:0x00000000
       25885000	      2587	800027a0	00000013	addi	x0,x0,0	  x0:0x00000000
       25895000	      2588	800027a4	00351633	sll	x12,x10,x3	 x10:0x0000005c  x3:0x00000000 x12=0x0000005c
       25905000	      2589	800027a8	417387b3	sub	x15,x7,x23	  x7:0x00000010 x23:0x00000000 x15=0x00000010
       25915000	      2590	800027ac	f0dc87b7	lui	x15,0xf0dc8	 x15=0xf0dc8000
       25925000	      2591	800027b0	db61a837	lui	x16,0xdb61a	 x16=0xdb61a000
       25935000	      2592	800027b4	7da22413	slti	x8,x4,2010	  x4:0x00000002  x8=0x00000001
       25945000	      2593	800027b8	01b88463	beq	x17,x27,800027c0	 x17:0x00000000 x27:0x80009fc4
       25955000	      2594	800027bc	01371a33	sll	x20,x14,x19	 x14:0xffffffa4 x19:0x00000001 x20=0xffffff48
       25965000	      2595	800027c0	4187dcb3	sra	x25,x15,x24	 x15:0xf0dc8000 x24:0x6165f000 x25=0xf0dc8000
       25975000	      2596	800027c4	04bd9663	bne	x27,x11,80002810	 x27:0x80009fc4 x11:0x00000005
       25985000	      2597	00000000	00000013	addi	x0,x0,0	  x0:0x00000000
       25995000	      2598	8000280c	00000013	addi	x0,x0,0	  x0:0x00000000
       26005000	      2599	80002810	e2f93c13	sltiu	x24,x18,-465	 x18:0xffffff79 x24=0x00000000
       26015000	      2600	80002814	00000013	addi	x0,x0,0	  x0:0x00000000
       26025000	      2601	80002818	55c4f213	andi	x4,x9,1372	  x9:0x03fd9e47  x4=0x00000444
       26035000	      2602	8000281c	00e06433	or	x8,x0,x14	  x0:0x00000000 x14:0xffffffa4  x8=0xffffffa4
       26045000	      2603	80002820	05246663	bltu	x8,x18,8000286c	  x8:0xffffffa4 x18:0xffffff79
       26055000	      2604	80002824	0067d1b3	srl	x3,x15,x6	 x15:0xf0dc8000  x6:0x0000000e  x3=0x0003c372
       26065000	      2605	80002828	4171de93	srai	x29,x3,0x17	  x3:0x0003c372 x29=0x00000000
       26075000	      2606	8000282c	01442133	slt	x2,x8,x20	  x8:0xffffffa4 x20:0xffffff48  x2=0x00000000
       26085000	      2607	80002830	00961c63	bne	x12,x9,80002848	 x12:0x0000005c  x9:0x03fd9e47
       26095000	      2608	00000000	00000013	addi	x0,x0,0	  x0:0x00000000
       26105000	      2609	80002844	00000013	addi	x0,x0,0	  x0:0x00000000
       26115000	      2610	80002848	01417233	and	x4,x2,x20	  x2:0x00000000 x20:0xffffff48  x4=0x00000000
       26125000	      2611	8000284c	02e77c63	bgeu	x14,x14,80002884	 x14:0xffffffa4 x14:0xffffffa4
       26135000	      2612	00000000	00000013	addi	x0,x0,0	  x0:0x00000000
       26145000	      2613	80002880	00000013	addi	x0,x0,0	  x0:0x00000000
       26155000	      2614	80002884	f7dfa413	slti	x8,x31,-131	 x31:0x03fd9e46  x8=0x00000000
       26165000	      2615	80002888	019b38b3	sltu	x17,x22,x25	 x22:0x0000000a x25:0xf0dc8000 x17=0x00000001
       26175000	      2616	8000288c	66febb13	sltiu	x22,x29,1647	 x29:0x00000000 x22=0x00000001
       26185000	      2617	80002890	000f77b3	and	x15,x30,x0	 x30:0x0000000a  x0:0x00000000 x15=0x00000000
       26195000	      2618	80002894	403f8133	sub	x2,x31,x3	 x31:0x03fd9e46  x3:0x0003c372  x2=0x03f9dad4
       26205000	      2619	80002898	0a7c8837	lui	x16,0xa7c8	 x16=0x0a7c8000
       26215000	      2620	8000289c	8f43cf13	xori	x30,x7,-1804	  x7:0x00000010 x30=0xfffff8e4
       26225000	      2621	800028a0	75f7ed13	ori	x26,x15,1887	 x15:0x00000000 x26=0x0000075f
       26235000	      2622	800028a4	00000013	addi	x0,x0,0	  x0:0x00000000
       26245000	      2623	800028a8	0184e133	or	x2,x9,x24	  x9:0x03fd9e47 x24:0x00000000  x2=0x03fd9e47
       26255000	      2624	800028ac	41d65093	srai	x1,x12,0x1d	 x12:0x0000005c  x1=0x00000000
       26265000	      2625	800028b0	7c873093	sltiu	x1,x14,1992	 x14:0xffffffa4  x1=0x00000000
       26275000	      2626	800028b4	0232f463	bgeu	x5,x3,800028dc	  x5:0x80009f38  x3:0x0003c372
       26285000	      2627	00000000	00000013	addi	x0,x0,0	  x0:0x00000000
       26295000	      2628	800028d8	00000013	addi	x0,x0,0	  x0:0x00000000
       26305000	      2629	800028dc	00308e63	beq	x1,x3,800028f8	  x1:0x00000000  x3:0x0003c372
       26315000	      2630	800028e0	05026863	bltu	x4,x16,80002930	  x4:0x00000000 x16:0x0a7c8000
       26325000	      2631	00000000	00000013	addi	x0,x0,0	  x0:0x00000000
       26335000	      2632	8000292c	00000013	addi	x0,x0,0	  x0:0x00000000
       26345000	      2633	80002930	40ff5193	srai	x3,x30,0xf	 x30:0xfffff8e4  x3=0xffffffff
       26355000	      2634	80002934	01273eb3	sltu	x29,x14,x18	 x14:0xffffffa4 x18:0xffffff79 x29=0x00000000
       26365000	      2635	80002938	00000013	addi	x0,x0,0	  x0:0x00000000
       26375000	      2636	8000293c	40f08f33	sub	x30,x1,x15	  x1:0x00000000 x15:0x00000000 x30=0x00000000
       26385000	      2637	80002940	00e8c733	xor	x14,x17,x14	 x17:0x00000001 x14:0xffffffa4 x14=0xffffffa5
       26395000	      2638	80002944	00d734b3	sltu	x9,x14,x13	 x14:0xffffffa5 x13:0x80009f38  x9=0x00000000
       26405000	      2639	80002948	03e01c63	bne	x0,x30,80002980	  x0:0x00000000 x30:0x00000000
       26415000	      2640	8000294c	013d0863	beq	x26,x19,8000295c	 x26:0x0000075f x19:0x00000001
       26425000	      2641	80002950	40c35b13	srai	x22,x6,0xc	  x6:0x0000000e x22=0x00000000
       26435000	      2642	80002954	01a2fd33	and	x26,x5,x26	  x5:0x80009f38 x26:0x0000075f x26=0x00000718
       26445000	      2643	80002958	e4a82013	slti	x0,x16,-438	 x16:0x0a7c8000
       26455000	      2644	8000295c	0172f263	bgeu	x5,x23,80002960	  x5:0x80009f38 x23:0x00000000
       26465000	      2645	00000000	00000013	addi	x0,x0,0	  x0:0x00000000
       26475000	      2646	8000295c	00000013	addi	x0,x0,0	  x0:0x00000000
       26485000	      2647	80002960	413ed413	srai	x8,x29,0x13	 x29:0x00000000  x8=0x00000000
       26495000	      2648	80002964	0112a8b3	slt	x17,x5,x17	  x5:0x80009f38 x17:0x00000001 x17=0x00000001
       26505000	      2649	80002968	03aa1c63	bne	x20,x26,800029a0	 x20:0xffffff48 x26:0x00000718
       26515000	      2650	00000000	00000013	addi	x0,x0,0	  x0:0x00000000
       26525000	      2651	8000299c	00000013	addi	x0,x0,0	  x0:0x00000000
       26535000	      2652	800029a0	014ce333	or	x6,x25,x20	 x25:0xf0dc8000 x20:0xffffff48  x6=0xffffff48
       26545000	      2653	800029a4	011e58b3	srl	x17,x28,x17	 x28:0x00000001 x17:0x00000001 x17=0x00000000
       26555000	      2654	800029a8	001cff33	and	x30,x25,x1	 x25:0xf0dc8000  x1:0x00000000 x30=0x00000000
       26565000	      2655	800029ac	10f0c313	xori	x6,x1,271	  x1:0x00000000  x6=0x0000010f
       26575000	      2656	800029b0	00988eb3	add	x29,x17,x9	 x17:0x00000000  x9:0x00000000 x29=0x00000000
       26585000	      2657	800029b4	05fb7863	bgeu	x22,x31,80002a04	 x22:0x00000000 x31:0x03fd9e46
       26595000	      2658	800029b8	02c0d463	bge	x1,x12,800029e0	  x1:0x00000000 x12:0x0000005c
       26605000	      2659	800029bc	00c68e63	beq	x13,x12,800029d8	 x13:0x80009f38 x12:0x0000005c
       26615000	      2660	800029c0	19c90d13	addi	x26,x18,412	 x18:0xffffff79 x26=0x00000115
       26625000	      2661	800029c4	011e4463	blt	x28,x17,800029cc	 x28:0x00000001 x17:0x00000000
       26635000	      2662	800029c8	0012bc33	sltu	x24,x5,x1	  x5:0x80009f38  x1:0x00000000 x24=0x00000000
       26645000	      2663	800029cc	02daf463	bgeu	x21,x13,800029f4	 x21:0x00000001 x13:0x80009f38
       26655000	      2664	800029d0	38b3c193	xori	x3,x7,907	  x7:0x00000010  x3=0x0000039b
       26665000	      2665	800029d4	03da0c63	beq	x20,x29,80002a0c	 x20:0xffffff48 x29:0x00000000
       26675000	      2666	800029d8	01195313	srli	x6,x18,0x11	 x18:0xffffff79  x6=0x00007fff
       26685000	      2667	800029dc	001c6e33	or	x28,x24,x1	 x24:0x00000000  x1:0x00000000 x28=0x00000000
       26695000	      2668	800029e0	d87da093	slti	x1,x27,-633	 x27:0x80009fc4  x1=0x00000001
       26705000	      2669	800029e4	40020033	sub	x0,x4,x0	  x4:0x00000000  x0:0x00000000
       26715000	      2670	800029e8	0053dcb3	srl	x25,x7,x5	  x7:0x00000010  x5:0x80009f38 x25=0x00000000
       26725000	      2671	800029ec	02c39663	bne	x7,x12,80002a18	  x7:0x00000010 x12:0x0000005c
       26735000	      2672	00000000	00000013	addi	x0,x0,0	  x0:0x00000000
       26745000	      2673	80002a14	00000013	addi	x0,x0,0	  x0:0x00000000
       26755000	      2674	80002a18	01182733	slt	x14,x16,x17	 x16:0x0a7c8000 x17:0x00000000 x14=0x00000000
       26765000	      2675	80002a1c	03d28063	beq	x5,x29,80002a3c	  x5:0x80009f38 x29:0x00000000
       26775000	      2676	80002a20	40915933	sra	x18,x2,x9	  x2:0x03fd9e47  x9:0x00000000 x18=0x03fd9e47
       26785000	      2677	80002a24	cc49bd13	sltiu	x26,x19,-828	 x19:0x00000001 x26=0x00000001
       26795000	      2678	80002a28	039c0663	beq	x24,x25,80002a54	 x24:0x00000000 x25:0x00000000
       26805000	      2679	00000000	00000013	addi	x0,x0,0	  x0:0x00000000
       26815000	      2680	80002a50	00000013	addi	x0,x0,0	  x0:0x00000000
       26825000	      2681	80002a54	401c5113	srai	x2,x24,0x1	 x24:0x00000000  x2=0x00000000
       26835000	      2682	80002a58	009b97b3	sll	x15,x23,x9	 x23:0x00000000  x9:0x00000000 x15=0x00000000
       26845000	      2683	80002a5c	01778733	add	x14,x15,x23	 x15:0x00000000 x23:0x00000000 x14=0x00000000
       26855000	      2684	80002a60	00275893	srli	x17,x14,0x2	 x14:0x00000000 x17=0x00000000
       26865000	      2685	80002a64	6025cc93	xori	x25,x11,1538	 x11:0x00000005 x25=0x00000607
       26875000	      2686	80002a68	008e5c63	bge	x28,x8,80002a80	 x28:0x00000000  x8:0x00000000
       26885000	      2687	00000000	00000013	addi	x0,x0,0	  x0:0x00000000
       26895000	      2688	80002a7c	00000013	addi	x0,x0,0	  x0:0x00000000
       26905000	      2689	80002a80	02201863	bne	x0,x2,80002ab0	  x0:0x00000000  x2:0x00000000
       26915000	      2690	80002a84	a1bd7393	andi	x7,x26,-1509	 x26:0x00000001  x7=0x00000001
       26925000	      2691	80002a88	16876c13	ori	x24,x14,360	 x14:0x00000000 x24=0x00000168
       26935000	      2692	80002a8c	018c2333	slt	x6,x24,x24	 x24:0x00000168 x24:0x00000168  x6=0x00000000
       26945000	      2693	80002a90	76585937	lui	x18,0x76585	 x18=0x76585000
       26955000	      2694	80002a94	00fea9b3	slt	x19,x29,x15	 x29:0x00000000 x15:0x00000000 x19=0x00000000
       26965000	      2695	80002a98	00341bb3	sll	x23,x8,x3	  x8:0x00000000  x3:0x0000039b x23=0x00000000
       26975000	      2696	80002a9c	bfb4aa13	slti	x20,x9,-1029	  x9:0x00000000 x20=0x00000000
       26985000	      2697	80002aa0	01a68b33	add	x22,x13,x26	 x13:0x80009f38 x26:0x00000001 x22=0x80009f39
       26995000	      2698	80002aa4	01539f33	sll	x30,x7,x21	  x7:0x00000001 x21:0x00000001 x30=0x00000002
       27005000	      2699	80002aa8	01fe9bb3	sll	x23,x29,x31	 x29:0x00000000 x31:0x03fd9e46 x23=0x00000000
       27015000	      2700	80002aac	41782317	auipc	x6,0x41782	  x6=0xc1784aa8
       27025000	      2701	80002ab0	0724c993	xori	x19,x9,114	  x9:0x00000000 x19=0x00000072
       27035000	      2702	80002ab4	8f978c13	addi	x24,x15,-1799	 x15:0x00000000 x24=0xfffff8f9
       27045000	      2703	80002ab8	0115d593	srli	x11,x11,0x11	 x11:0x00000005 x11=0x00000000
       27055000	      2704	80002abc	58bd8c93	addi	x25,x27,1419	 x27:0x80009fc4 x25=0x8000a54f
       27065000	      2705	80002ac0	96978017	auipc	x0,0x96978	
       27075000	      2706	80002ac4	00cbaf33	slt	x30,x23,x12	 x23:0x00000000 x12:0x0000005c x30=0x00000001
       27085000	      2707	80002ac8	44a82013	slti	x0,x16,1098	 x16:0x0a7c8000
       27095000	      2708	80002acc	05094663	blt	x18,x16,80002b18	 x18:0x76585000 x16:0x0a7c8000
       27105000	      2709	80002ad0	00000013	addi	x0,x0,0	  x0:0x00000000
       27115000	      2710	80002ad4	007ed863	bge	x29,x7,80002ae4	 x29:0x00000000  x7:0x00000001
       27125000	      2711	80002ad8	0194e1b3	or	x3,x9,x25	  x9:0x00000000 x25:0x8000a54f  x3=0x8000a54f
       27135000	      2712	80002adc	01862733	slt	x14,x12,x24	 x12:0x0000005c x24:0xfffff8f9 x14=0x00000000
       27145000	      2713	80002ae0	005580b3	add	x1,x11,x5	 x11:0x00000000  x5:0x80009f38  x1=0x80009f38
       27155000	      2714	80002ae4	014dda63	bge	x27,x20,80002af8	 x27:0x80009fc4 x20:0x00000000
       27165000	      2715	80002ae8	00eaf263	bgeu	x21,x14,80002aec	 x21:0x00000001 x14:0x00000000
       27175000	      2716	00000000	00000013	addi	x0,x0,0	  x0:0x00000000
       27185000	      2717	80002ae8	00000013	addi	x0,x0,0	  x0:0x00000000
       27195000	      2718	80002aec	0023e463	bltu	x7,x2,80002af4	  x7:0x00000001  x2:0x00000000
       27205000	      2719	80002af0	01e95513	srli	x10,x18,0x1e	 x18:0x76585000 x10=0x00000001
       27215000	      2720	80002af4	9f557c37	lui	x24,0x9f557	 x24=0x9f557000
       27225000	      2721	80002af8	3304ec13	ori	x24,x9,816	  x9:0x00000000 x24=0x00000330
       27235000	      2722	80002afc	00000013	addi	x0,x0,0	  x0:0x00000000
       27245000	      2723	80002b00	018557b3	srl	x15,x10,x24	 x10:0x00000001 x24:0x00000330 x15=0x00000000
       27255000	      2724	80002b04	00255933	srl	x18,x10,x2	 x10:0x00000001  x2:0x00000000 x18=0x00000001
       27265000	      2725	80002b08	01cf8933	add	x18,x31,x28	 x31:0x03fd9e46 x28:0x00000000 x18=0x03fd9e46
       27275000	      2726	80002b0c	404adb13	srai	x22,x21,0x4	 x21:0x00000001 x22=0x00000000
       27285000	      2727	80002b10	41015c33	sra	x24,x2,x16	  x2:0x00000000 x16:0x0a7c8000 x24=0x00000000
       27295000	      2728	80002b14	41455993	srai	x19,x10,0x14	 x10:0x00000001 x19=0x00000000
       27305000	      2729	80002b18	0017da13	srli	x20,x15,0x1	 x15:0x00000000 x20=0x00000000
       27315000	      2730	80002b1c	01f8f333	and	x6,x17,x31	 x17:0x00000000 x31:0x03fd9e46  x6=0x00000000
       27325000	      2731	80002b20	01b65113	srli	x2,x12,0x1b	 x12:0x0000005c  x2=0x00000000
       27335000	      2732	80002b24	7e514713	xori	x14,x2,2021	  x2:0x00000000 x14=0x000007e5
       27345000	      2733	80002b28	0553c063	blt	x7,x21,80002b68	  x7:0x00000001 x21:0x00000001
       27355000	      2734	80002b2c	001c7633	and	x12,x24,x1	 x24:0x00000000  x1:0x80009f38 x12=0x00000000
       27365000	      2735	80002b30	01bb0933	add	x18,x22,x27	 x22:0x00000000 x27:0x80009fc4 x18=0x80009fc4
       27375000	      2736	80002b34	01b030b3	sltu	x1,x0,x27	  x0:0x00000000 x27:0x80009fc4  x1=0x00000001
       27385000	      2737	80002b38	03b47c63	bgeu	x8,x27,80002b70	  x8:0x00000000 x27:0x80009fc4
       27395000	      2738	80002b3c	0145dc13	srli	x24,x11,0x14	 x11:0x00000000 x24=0x00000000
       27405000	      2739	80002b40	00ffb0b3	sltu	x1,x31,x15	 x31:0x03fd9e46 x15:0x00000000  x1=0x00000000
       27415000	      2740	80002b44	83390b13	addi	x22,x18,-1997	 x18:0x80009fc4 x22=0x800097f7
       27425000	      2741	80002b48	416f5e93	srai	x29,x30,0x16	 x30:0x00000001 x29=0x00000000
       27435000	      2742	80002b4c	baf42c93	slti	x25,x8,-1105	  x8:0x00000000 x25=0x00000000
       27445000	      2743	80002b50	0512c263	blt	x5,x17,80002b94	  x5:0x80009f38 x17:0x00000000
       27455000	      2744	00000000	00000013	addi	x0,x0,0	  x0:0x00000000
       27465000	      2745	80002b90	00000013	addi	x0,x0,0	  x0:0x00000000
       27475000	      2746	80002b94	019b54b3	srl	x9,x22,x25	 x22:0x800097f7 x25:0x00000000  x9=0x800097f7
       27485000	      2747	80002b98	02cddc63	bge	x27,x12,80002bd0	 x27:0x80009fc4 x12:0x00000000
       27495000	      2748	80002b9c	52186793	ori	x15,x16,1313	 x16:0x0a7c8000 x15=0x0a7c8521
       27505000	      2749	80002ba0	00b4d5b3	srl	x11,x9,x11	  x9:0x800097f7 x11:0x00000000 x11=0x800097f7
       27515000	      2750	80002ba4	a9278893	addi	x17,x15,-1390	 x15:0x0a7c8521 x17=0x0a7c7fb3
       27525000	      2751	80002ba8	40f80eb3	sub	x29,x16,x15	 x16:0x0a7c8000 x15:0x0a7c8521 x29=0xfffffadf
       27535000	      2752	80002bac	01a95613	srli	x12,x18,0x1a	 x18:0x80009fc4 x12=0x00000020
       27545000	      2753	80002bb0	00000013	addi	x0,x0,0	  x0:0x00000000
       27555000	      2754	80002bb4	00035d33	srl	x26,x6,x0	  x6:0x00000000  x0:0x00000000 x26=0x00000000
       27565000	      2755	80002bb8	024d9663	bne	x27,x4,80002be4	 x27:0x80009fc4  x4:0x00000000
       27575000	      2756	00000000	00000013	addi	x0,x0,0	  x0:0x00000000
       27585000	      2757	80002be0	00000013	addi	x0,x0,0	  x0:0x00000000
       27595000	      2758	80002be4	62ec8093	addi	x1,x25,1582	 x25:0x00000000  x1=0x0000062e
       27605000	      2759	80002be8	0103eeb3	or	x29,x7,x16	  x7:0x00000001 x16:0x0a7c8000 x29=0x0a7c8001
       27615000	      2760	80002bec	00cd88b3	add	x17,x27,x12	 x27:0x80009fc4 x12:0x00000020 x17=0x80009fe4
       27625000	      2761	80002bf0	019cb3b3	sltu	x7,x25,x25	 x25:0x00000000 x25:0x00000000  x7=0x00000000
       27635000	      2762	80002bf4	f8db0593	addi	x11,x22,-115	 x22:0x800097f7 x11=0x80009784
       27645000	      2763	80002bf8	01837133	and	x2,x6,x24	  x6:0x00000000 x24:0x00000000  x2=0x00000000
       27655000	      2764	80002bfc	001c6bb3	or	x23,x24,x1	 x24:0x00000000  x1:0x0000062e x23=0x0000062e
       27665000	      2765	80002c00	00edd3b3	srl	x7,x27,x14	 x27:0x80009fc4 x14:0x000007e5  x7=0x040004fe
       27675000	      2766	80002c04	ff243e93	sltiu	x29,x8,-14	  x8:0x00000000 x29=0x00000001
       27685000	      2767	80002c08	028ed463	bge	x29,x8,80002c30	 x29:0x00000001  x8:0x00000000
       27695000	      2768	00000000	00000013	addi	x0,x0,0	  x0:0x00000000
       27705000	      2769	80002c2c	00000013	addi	x0,x0,0	  x0:0x00000000
       27715000	      2770	80002c30	01c57bb3	and	x23,x10,x28	 x10:0x00000001 x28:0x00000000 x23=0x00000000
       27725000	      2771	80002c34	00f4d1b3	srl	x3,x9,x15	  x9:0x800097f7 x15:0x0a7c8521  x3=0x40004bfb
       27735000	      2772	80002c38	40a48c33	sub	x24,x9,x10	  x9:0x800097f7 x10:0x00000001 x24=0x800097f6
       27745000	      2773	80002c3c	400d85b3	sub	x11,x27,x0	 x27:0x80009fc4  x0:0x00000000 x11=0x80009fc4
       27755000	      2774	80002c40	01f87eb3	and	x29,x16,x31	 x16:0x0a7c8000 x31:0x03fd9e46 x29=0x027c8000
       27765000	      2775	80002c44	01bc7233	and	x4,x24,x27	 x24:0x800097f6 x27:0x80009fc4  x4=0x800097c4
       27775000	      2776	80002c48	0089a6b3	slt	x13,x19,x8	 x19:0x00000000  x8:0x00000000 x13=0x00000000
       27785000	      2777	80002c4c	03a36463	bltu	x6,x26,80002c74	  x6:0x00000000 x26:0x00000000
       27795000	      2778	80002c50	01337e63	bgeu	x6,x19,80002c6c	  x6:0x00000000 x19:0x00000000
       27805000	      2779	00000000	00000013	addi	x0,x0,0	  x0:0x00000000
       27815000	      2780	80002c68	00000013	addi	x0,x0,0	  x0:0x00000000
       27825000	      2781	80002c6c	01051913	slli	x18,x10,0x10	 x10:0x00000001 x18=0x00010000
       27835000	      2782	80002c70	01221633	sll	x12,x4,x18	  x4:0x800097c4 x18:0x00010000 x12=0x800097c4
       27845000	      2783	80002c74	52e009b7	lui	x19,0x52e00	 x19=0x52e00000
       27855000	      2784	80002c78	fb8bbd13	sltiu	x26,x23,-72	 x23:0x00000000 x26=0x00000001
       27865000	      2785	80002c7c	414e0333	sub	x6,x28,x20	 x28:0x00000000 x20:0x00000000  x6=0x00000000
       27875000	      2786	80002c80	0107ad13	slti	x26,x15,16	 x15:0x0a7c8521 x26=0x00000000
       27885000	      2787	80002c84	1fb8f993	andi	x19,x17,507	 x17:0x80009fe4 x19=0x000001e0
       27895000	      2788	80002c88	00c03c33	sltu	x24,x0,x12	  x0:0x00000000 x12:0x800097c4 x24=0x00000001
       27905000	      2789	80002c8c	03097863	bgeu	x18,x16,80002cbc	 x18:0x00010000 x16:0x0a7c8000
       27915000	      2790	80002c90	0492d063	bge	x5,x9,80002cd0	  x5:0x80009f38  x9:0x800097f7
       27925000	      2791	00000000	00000013	addi	x0,x0,0	  x0:0x00000000
       27935000	      2792	80002ccc	00000013	addi	x0,x0,0	  x0:0x00000000
       27945000	      2793	80002cd0	01de67b3	or	x15,x28,x29	 x28:0x00000000 x29:0x027c8000 x15=0x027c8000
       27955000	      2794	80002cd4	415f5093	srai	x1,x30,0x15	 x30:0x00000001  x1=0x00000000
       27965000	      2795	80002cd8	008df0b3	and	x1,x27,x8	 x27:0x80009fc4  x8:0x00000000  x1=0x00000000
       27975000	      2796	80002cdc	006cdf13	srli	x30,x25,0x6	 x25:0x00000000 x30=0x00000000
       27985000	      2797	80002ce0	00da1c33	sll	x24,x20,x13	 x20:0x00000000 x13:0x00000000 x24=0x00000000
       27995000	      2798	80002ce4	034f5463	bge	x30,x20,80002d0c	 x30:0x00000000 x20:0x00000000
       28005000	      2799	00000000	00000013	addi	x0,x0,0	  x0:0x00000000
       28015000	      2800	80002d08	00000013	addi	x0,x0,0	  x0:0x00000000
       28025000	      2801	80002d0c	01fa4c33	xor	x24,x20,x31	 x20:0x00000000 x31:0x03fd9e46 x24=0x03fd9e46
       28035000	      2802	80002d10	41130cb3	sub	x25,x6,x17	  x6:0x00000000 x17:0x80009fe4 x25=0x7fff601c
       28045000	      2803	80002d14	01d59c63	bne	x11,x29,80002d2c	 x11:0x80009fc4 x29:0x027c8000
       28055000	      2804	00000000	00000013	addi	x0,x0,0	  x0:0x00000000
       28065000	      2805	80002d28	00000013	addi	x0,x0,0	  x0:0x00000000
       28075000	      2806	80002d2c	b97639b7	lui	x19,0xb9763	 x19=0xb9763000
       28085000	      2807	80002d30	0395c863	blt	x11,x25,80002d60	 x11:0x80009fc4 x25:0x7fff601c
       28095000	      2808	00000000	00000013	addi	x0,x0,0	  x0:0x00000000
       28105000	      2809	80002d5c	00000013	addi	x0,x0,0	  x0:0x00000000
       28115000	      2810	80002d60	40bd8bb3	sub	x23,x27,x11	 x27:0x80009fc4 x11:0x80009fc4 x23=0x00000000
       28125000	      2811	80002d64	e0eca093	slti	x1,x25,-498	 x25:0x7fff601c  x1=0x00000000
       28135000	      2812	80002d68	00d71b33	sll	x22,x14,x13	 x14:0x000007e5 x13:0x00000000 x22=0x000007e5
       28145000	      2813	80002d6c	0159aa33	slt	x20,x19,x21	 x19:0xb9763000 x21:0x00000001 x20=0x00000001
       28155000	      2814	80002d70	00cf9633	sll	x12,x31,x12	 x31:0x03fd9e46 x12:0x800097c4 x12=0x3fd9e460
       28165000	      2815	80002d74	016f5863	bge	x30,x22,80002d84	 x30:0x00000000 x22:0x000007e5
       28175000	      2816	80002d78	03f05663	bge	x0,x31,80002da4	  x0:0x00000000 x31:0x03fd9e46
       28185000	      2817	80002d7c	403ed033	sra	x0,x29,x3	 x29:0x027c8000  x3:0x40004bfb
       28195000	      2818	80002d80	001dc6b3	xor	x13,x27,x1	 x27:0x80009fc4  x1:0x00000000 x13=0x80009fc4
       28205000	      2819	80002d84	01f3ccb3	xor	x25,x7,x31	  x7:0x040004fe x31:0x03fd9e46 x25=0x07fd9ab8
       28215000	      2820	80002d88	01eb04b3	add	x9,x22,x30	 x22:0x000007e5 x30:0x00000000  x9=0x000007e5
       28225000	      2821	80002d8c	00000013	addi	x0,x0,0	  x0:0x00000000
       28235000	      2822	80002d90	004d0463	beq	x26,x4,80002d98	 x26:0x00000000  x4:0x800097c4
       28245000	      2823	80002d94	32973093	sltiu	x1,x14,809	 x14:0x000007e5  x1=0x00000000
       28255000	      2824	80002d98	01dba333	slt	x6,x23,x29	 x23:0x00000000 x29:0x027c8000  x6=0x00000001
       28265000	      2825	80002d9c	020dd663	bge	x27,x0,80002dc8	 x27:0x80009fc4  x0:0x00000000
       28275000	      2826	80002da0	ba3be317	auipc	x6,0xba3be	  x6=0x3a3c0d9c
       28285000	      2827	80002da4	003d4463	blt	x26,x3,80002dac	 x26:0x00000000  x3:0x40004bfb
       28295000	      2828	00000000	00000013	addi	x0,x0,0	  x0:0x00000000
       28305000	      2829	80002da8	00000013	addi	x0,x0,0	  x0:0x00000000
       28315000	      2830	80002dac	01fcb1b3	sltu	x3,x25,x31	 x25:0x07fd9ab8 x31:0x03fd9e46  x3=0x00000000
       28325000	      2831	80002db0	72729497	auipc	x9,0x72729	  x9=0xf272bdac
       28335000	      2832	80002db4	017a98b3	sll	x17,x21,x23	 x21:0x00000001 x23:0x00000000 x17=0x00000001
       28345000	      2833	80002db8	00e358b3	srl	x17,x6,x14	  x6:0x3a3c0d9c x14:0x000007e5 x17=0x01d1e06c
       28355000	      2834	80002dbc	41fd5693	srai	x13,x26,0x1f	 x26:0x00000000 x13=0x00000000
       28365000	      2835	80002dc0	00000013	addi	x0,x0,0	  x0:0x00000000
       28375000	      2836	80002dc4	00d809b3	add	x19,x16,x13	 x16:0x0a7c8000 x13:0x00000000 x19=0x0a7c8000
       28385000	      2837	80002dc8	0feb8c93	addi	x25,x23,254	 x23:0x00000000 x25=0x000000fe
       28395000	      2838	80002dcc	010d1e63	bne	x26,x16,80002de8	 x26:0x00000000 x16:0x0a7c8000
       28405000	      2839	00000000	00000013	addi	x0,x0,0	  x0:0x00000000
       28415000	      2840	80002de4	00000013	addi	x0,x0,0	  x0:0x00000000
       28425000	      2841	80002de8	70813213	sltiu	x4,x2,1800	  x2:0x00000000  x4=0x00000001
       28435000	      2842	80002dec	00e2ee63	bltu	x5,x14,80002e08	  x5:0x80009f38 x14:0x000007e5
       28445000	      2843	80002df0	7c7863b7	lui	x7,0x7c786	  x7=0x7c786000
       28455000	      2844	80002df4	01d79c93	slli	x25,x15,0x1d	 x15:0x027c8000 x25=0x00000000
       28465000	      2845	80002df8	b8396113	ori	x2,x18,-1149	 x18:0x00010000  x2=0xfffffb83
       28475000	      2846	80002dfc	00000013	addi	x0,x0,0	  x0:0x00000000
       28485000	      2847	80002e00	2cc0ca13	xori	x20,x1,716	  x1:0x00000000 x20=0x000002cc
       28495000	      2848	80002e04	013e5917	auipc	x18,0x13e5	 x18=0x813e7e00
       28505000	      2849	80002e08	edad4d13	xori	x26,x26,-294	 x26:0x00000000 x26=0xfffffeda
       28515000	      2850	80002e0c	41b8d413	srai	x8,x17,0x1b	 x17:0x01d1e06c  x8=0x00000000
       28525000	      2851	80002e10	04f6d863	bge	x13,x15,80002e60	 x13:0x00000000 x15:0x027c8000
       28535000	      2852	80002e14	41cd8a33	sub	x20,x27,x28	 x27:0x80009fc4 x28:0x00000000 x20=0x80009fc4
       28545000	      2853	80002e18	d6bc4e13	xori	x28,x24,-661	 x24:0x03fd9e46 x28=0xfc02632d
       28555000	      2854	80002e1c	404cd1b3	sra	x3,x25,x4	 x25:0x00000000  x4:0x00000001  x3=0x00000000
       28565000	      2855	80002e20	45424c93	xori	x25,x4,1108	  x4:0x00000001 x25=0x00000455
       28575000	      2856	80002e24	006e71b3	and	x3,x28,x6	 x28:0xfc02632d  x6:0x3a3c0d9c  x3=0x3800010c
       28585000	      2857	80002e28	640879b7	lui	x19,0x64087	 x19=0x64087000
       28595000	      2858	80002e2c	023f5863	bge	x30,x3,80002e5c	 x30:0x00000000  x3:0x3800010c
       28605000	      2859	80002e30	00000013	addi	x0,x0,0	  x0:0x00000000
       28615000	      2860	80002e34	05120863	beq	x4,x17,80002e84	  x4:0x00000001 x17:0x01d1e06c
       28625000	      2861	80002e38	00cad333	srl	x6,x21,x12	 x21:0x00000001 x12:0x3fd9e460  x6=0x00000001
       28635000	      2862	80002e3c	019e6a63	bltu	x28,x25,80002e50	 x28:0xfc02632d x25:0x00000455
       28645000	      2863	80002e40	009b98b3	sll	x17,x23,x9	 x23:0x00000000  x9:0xf272bdac x17=0x00000000
       28655000	      2864	80002e44	76098413	addi	x8,x19,1888	 x19:0x64087000  x8=0x64087760
       28665000	      2865	80002e48	c77b4593	xori	x11,x22,-905	 x22:0x000007e5 x11=0xfffffb92
       28675000	      2866	80002e4c	410eda33	sra	x20,x29,x16	 x29:0x027c8000 x16:0x0a7c8000 x20=0x027c8000
       28685000	      2867	80002e50	00feef33	or	x30,x29,x15	 x29:0x027c8000 x15:0x027c8000 x30=0x027c8000
       28695000	      2868	80002e54	595f0993	addi	x19,x30,1429	 x30:0x027c8000 x19=0x027c8595
       28705000	      2869	80002e58	001de633	or	x12,x27,x1	 x27:0x80009fc4  x1:0x00000000 x12=0x80009fc4
       28715000	      2870	80002e5c	0542d263	bge	x5,x20,80002ea0	  x5:0x80009f38 x20:0x027c8000
       28725000	      2871	80002e60	0569c663	blt	x19,x22,80002eac	 x19:0x027c8595 x22:0x000007e5
       28735000	      2872	80002e64	01785313	srli	x6,x16,0x17	 x16:0x0a7c8000  x6=0x00000014
       28745000	      2873	80002e68	01bb0e33	add	x28,x22,x27	 x22:0x000007e5 x27:0x80009fc4 x28=0x8000a7a9
       28755000	      2874	80002e6c	5944b913	sltiu	x18,x9,1428	  x9:0xf272bdac x18=0x00000000
       28765000	      2875	80002e70	624ccf93	xori	x31,x25,1572	 x25:0x00000455 x31=0x00000271
       28775000	      2876	80002e74	41978f33	sub	x30,x15,x25	 x15:0x027c8000 x25:0x00000455 x30=0x027c7bab
       28785000	      2877	80002e78	f790ff13	andi	x30,x1,-135	  x1:0x00000000 x30=0x00000000
       28795000	      2878	80002e7c	02577463	bgeu	x14,x5,80002ea4	 x14:0x000007e5  x5:0x80009f38
       28805000	      2879	80002e80	471c3f93	sltiu	x31,x24,1137	 x24:0x03fd9e46 x31=0x00000000
       28815000	      2880	80002e84	644f9f37	lui	x30,0x644f9	 x30=0x644f9000
       28825000	      2881	80002e88	03996c63	bltu	x18,x25,80002ec0	 x18:0x00000000 x25:0x00000455
       28835000	      2882	00000000	00000013	addi	x0,x0,0	  x0:0x00000000
       28845000	      2883	80002ebc	00000013	addi	x0,x0,0	  x0:0x00000000
       28855000	      2884	80002ec0	031bcc63	blt	x23,x17,80002ef8	 x23:0x00000000 x17:0x00000000
       28865000	      2885	80002ec4	249a44b7	lui	x9,0x249a4	  x9=0x249a4000
       28875000	      2886	80002ec8	40548333	sub	x6,x9,x5	  x9:0x249a4000  x5:0x80009f38  x6=0xa499a0c8
       28885000	      2887	80002ecc	c7687c93	andi	x25,x16,-906	 x16:0x0a7c8000 x25=0x0a7c8000
       28895000	      2888	80002ed0	234b4f13	xori	x30,x22,564	 x22:0x000007e5 x30=0x000005d1
       28905000	      2889	80002ed4	a9996593	ori	x11,x18,-1383	 x18:0x00000000 x11=0xfffffa99
       28915000	      2890	80002ed8	01251433	sll	x8,x10,x18	 x10:0x00000001 x18:0x00000000  x8=0x00000001
       28925000	      2891	80002edc	405c8533	sub	x10,x25,x5	 x25:0x0a7c8000  x5:0x80009f38 x10=0x8a7be0c8
       28935000	      2892	80002ee0	4d008313	addi	x6,x1,1232	  x1:0x00000000  x6=0x000004d0
       28945000	      2893	80002ee4	02500463	beq	x0,x5,80002f0c	  x0:0x00000000  x5:0x80009f38
       28955000	      2894	80002ee8	5d93b313	sltiu	x6,x7,1497	  x7:0x7c786000  x6=0x00000000
       28965000	      2895	80002eec	00e82a33	slt	x20,x16,x14	 x16:0x0a7c8000 x14:0x000007e5 x20=0x00000000
       28975000	      2896	80002ef0	00e966b3	or	x13,x18,x14	 x18:0x00000000 x14:0x000007e5 x13=0x000007e5
       28985000	      2897	80002ef4	00c09793	slli	x15,x1,0xc	  x1:0x00000000 x15=0x00000000
       28995000	      2898	80002ef8	00171113	slli	x2,x14,0x1	 x14:0x000007e5  x2=0x00000fca
       29005000	      2899	80002efc	015906b3	add	x13,x18,x21	 x18:0x00000000 x21:0x00000001 x13=0x00000001
       29015000	      2900	80002f00	002a5f93	srli	x31,x20,0x2	 x20:0x00000000 x31=0x00000000
       29025000	      2901	80002f04	0085e9b3	or	x19,x11,x8	 x11:0xfffffa99  x8:0x00000001 x19=0xfffffa99
       29035000	      2902	80002f08	01f44533	xor	x10,x8,x31	  x8:0x00000001 x31:0x00000000 x10=0x00000001
       29045000	      2903	80002f0c	01481a33	sll	x20,x16,x20	 x16:0x0a7c8000 x20:0x00000000 x20=0x0a7c8000
       29055000	      2904	80002f10	86192213	slti	x4,x18,-1951	 x18:0x00000000  x4=0x00000000
       29065000	      2905	80002f14	04a8f663	bgeu	x17,x10,80002f60	 x17:0x00000000 x10:0x00000001
       29075000	      2906	80002f18	ddefe993	ori	x19,x31,-546	 x31:0x00000000 x19=0xfffffdde
       29085000	      2907	80002f1c	015ddf13	srli	x30,x27,0x15	 x27:0x80009fc4 x30=0x00000400
       29095000	      2908	80002f20	01fad333	srl	x6,x21,x31	 x21:0x00000001 x31:0x00000000  x6=0x00000001
       29105000	      2909	80002f24	00af9813	slli	x16,x31,0xa	 x31:0x00000000 x16=0x00000000
       29115000	      2910	80002f28	41d285b3	sub	x11,x5,x29	  x5:0x80009f38 x29:0x027c8000 x11=0x7d841f38
       29125000	      2911	80002f2c	01013e33	sltu	x28,x2,x16	  x2:0x00000fca x16:0x00000000 x28=0x00000000
       29135000	      2912	80002f30	56f6e337	lui	x6,0x56f6e	  x6=0x56f6e000
       29145000	      2913	80002f34	0072fd33	and	x26,x5,x7	  x5:0x80009f38  x7:0x7c786000 x26=0x00000000
       29155000	      2914	80002f38	03446863	bltu	x8,x20,80002f68	  x8:0x00000001 x20:0x0a7c8000
       29165000	      2915	00000000	00000013	addi	x0,x0,0	  x0:0x00000000
       29175000	      2916	80002f64	00000013	addi	x0,x0,0	  x0:0x00000000
       29185000	      2917	80002f68	41ed55b3	sra	x11,x26,x30	 x26:0x00000000 x30:0x00000400 x11=0x00000000
       29195000	      2918	80002f6c	40fe8cb3	sub	x25,x29,x15	 x29:0x027c8000 x15:0x00000000 x25=0x027c8000
       29205000	      2919	80002f70	019e5a33	srl	x20,x28,x25	 x28:0x00000000 x25:0x027c8000 x20=0x00000000
       29215000	      2920	80002f74	01c0d5b3	srl	x11,x1,x28	  x1:0x00000000 x28:0x00000000 x11=0x00000000
       29225000	      2921	80002f78	01c68263	beq	x13,x28,80002f7c	 x13:0x00000001 x28:0x00000000
       29235000	      2922	80002f7c	80f7b013	sltiu	x0,x15,-2033	 x15:0x00000000
       29245000	      2923	80002f80	659d0d13	addi	x26,x26,1625	 x26:0x00000000 x26=0x00000659
       29255000	      2924	80002f84	01053133	sltu	x2,x10,x16	 x10:0x00000001 x16:0x00000000  x2=0x00000000
       29265000	      2925	80002f88	01d82bb3	slt	x23,x16,x29	 x16:0x00000000 x29:0x027c8000 x23=0x00000001
       29275000	      2926	80002f8c	02790a63	beq	x18,x7,80002fc0	 x18:0x00000000  x7:0x7c786000
       29285000	      2927	80002f90	03c41863	bne	x8,x28,80002fc0	  x8:0x00000001 x28:0x00000000
       29295000	      2928	00000000	00000013	addi	x0,x0,0	  x0:0x00000000
       29305000	      2929	80002fbc	00000013	addi	x0,x0,0	  x0:0x00000000
       29315000	      2930	80002fc0	01f21e93	slli	x29,x4,0x1f	  x4:0x00000000 x29=0x00000000
       29325000	      2931	80002fc4	013de7b3	or	x15,x27,x19	 x27:0x80009fc4 x19:0xfffffdde x15=0xffffffde
       29335000	      2932	80002fc8	a95c1697	auipc	x13,0xa95c1	 x13=0x295c3fc4
       29345000	      2933	80002fcc	dd85a613	slti	x12,x11,-552	 x11:0x00000000 x12=0x00000000
       29355000	      2934	80002fd0	00000013	addi	x0,x0,0	  x0:0x00000000
       29365000	      2935	80002fd4	009a0f33	add	x30,x20,x9	 x20:0x00000000  x9:0x249a4000 x30=0x249a4000
       29375000	      2936	80002fd8	1416e213	ori	x4,x13,321	 x13:0x295c3fc4  x4=0x295c3fc5
       29385000	      2937	80002fdc	a7225097	auipc	x1,0xa7225	  x1=0x27227fd8
       29395000	      2938	80002fe0	0042a303	lw	x6,4(x5)	  x5:0x80009f38  x6=0x80001dc0 PA:0x80009f3c
       29405000	      2939	80002fe4	03028293	addi	x5,x5,48	  x5:0x80009f38  x5=0x80009f68
       29415000	      2940	80002fe8	01e301b3	add	x3,x6,x30	  x6:0x80001dc0 x30:0x249a4000  x3=0xa49a5dc0
       29425000	      2941	80002fec	011db5b3	sltu	x11,x27,x17	 x27:0x80009fc4 x17:0x00000000 x11=0x00000000
       29435000	      2942	80002ff0	fe773413	sltiu	x8,x14,-25	 x14:0x000007e5  x8=0x00000001
       29445000	      2943	80002ff4	00030493	addi	x9,x6,0	  x6:0x80001dc0  x9=0x80001dc0
       29455000	      2944	80002ff8	000484e7	jalr	x9,x9,0	  x9:0x80001dc0  x9=0x80002ff8
       29465000	      2945	00000000	00000013	addi	x0,x0,0	  x0:0x00000000
       29475000	      2946	80001dc0	00000013	addi	x0,x0,0	  x0:0x00000000
       29485000	      2947	80001dc4	40285333	sra	x6,x16,x2	 x16:0x00000000  x2:0x00000000  x6=0x00000000
       29495000	      2948	80001dc8	00c36b33	or	x22,x6,x12	  x6:0x00000000 x12:0x00000000 x22=0x00000000
       29505000	      2949	80001dcc	40535113	srai	x2,x6,0x5	  x6:0x00000000  x2=0x00000000
       29515000	      2950	80001dd0	e69bf813	andi	x16,x23,-407	 x23:0x00000001 x16=0x00000001
       29525000	      2951	80001dd4	49a86d17	auipc	x26,0x49a86	 x26=0xc9a87dd0
       29535000	      2952	80001dd8	41700033	sub	x0,x0,x23	  x0:0x00000000 x23:0x00000001
       29545000	      2953	80001ddc	01a1cc63	blt	x3,x26,80001df4	  x3:0xa49a5dc0 x26:0xc9a87dd0
       29555000	      2954	00000000	00000013	addi	x0,x0,0	  x0:0x00000000
       29565000	      2955	80001df0	00000013	addi	x0,x0,0	  x0:0x00000000
       29575000	      2956	80001df4	01b4c533	xor	x10,x9,x27	  x9:0x80002ff8 x27:0x80009fc4 x10=0x0000b03c
       29585000	      2957	80001df8	00000013	addi	x0,x0,0	  x0:0x00000000
       29595000	      2958	80001dfc	41a10f33	sub	x30,x2,x26	  x2:0x00000000 x26:0xc9a87dd0 x30=0x36578230
       29605000	      2959	80001e00	03021663	bne	x4,x16,80001e2c	  x4:0x295c3fc5 x16:0x00000001
       29615000	      2960	00000000	00000013	addi	x0,x0,0	  x0:0x00000000
       29625000	      2961	80001e28	00000013	addi	x0,x0,0	  x0:0x00000000
       29635000	      2962	80001e2c	77208393	addi	x7,x1,1906	  x1:0x27227fd8  x7=0x2722874a
       29645000	      2963	80001e30	0047c7b3	xor	x15,x15,x4	 x15:0xffffffde  x4:0x295c3fc5 x15=0xd6a3c01b
       29655000	      2964	80001e34	018bf9b3	and	x19,x23,x24	 x23:0x00000001 x24:0x03fd9e46 x19=0x00000000
       29665000	      2965	80001e38	0177dcb3	srl	x25,x15,x23	 x15:0xd6a3c01b x23:0x00000001 x25=0x6b51e00d
       29675000	      2966	80001e3c	00a56bb3	or	x23,x10,x10	 x10:0x0000b03c x10:0x0000b03c x23=0x0000b03c
       29685000	      2967	80001e40	8d99c793	xori	x15,x19,-1831	 x19:0x00000000 x15=0xfffff8d9
       29695000	      2968	80001e44	41ef8b33	sub	x22,x31,x30	 x31:0x00000000 x30:0x36578230 x22=0xc9a87dd0
       29705000	      2969	80001e48	003144b3	xor	x9,x2,x3	  x2:0x00000000  x3:0xa49a5dc0  x9=0xa49a5dc0
       29715000	      2970	80001e4c	041a9463	bne	x21,x1,80001e94	 x21:0x00000001  x1:0x27227fd8
       29725000	      2971	00000000	00000013	addi	x0,x0,0	  x0:0x00000000
       29735000	      2972	80001e90	00000013	addi	x0,x0,0	  x0:0x00000000
       29745000	      2973	80001e94	8614f193	andi	x3,x9,-1951	  x9:0xa49a5dc0  x3=0xa49a5840
       29755000	      2974	80001e98	779b3393	sltiu	x7,x22,1913	 x22:0xc9a87dd0  x7=0x00000000
       29765000	      2975	80001e9c	4075deb3	sra	x29,x11,x7	 x11:0x00000000  x7:0x00000000 x29=0x00000000
       29775000	      2976	80001ea0	01947463	bgeu	x8,x25,80001ea8	  x8:0x00000001 x25:0x6b51e00d
       29785000	      2977	80001ea4	0131bc33	sltu	x24,x3,x19	  x3:0xa49a5840 x19:0x00000000 x24=0x00000000
       29795000	      2978	80001ea8	036b0a63	beq	x22,x22,80001edc	 x22:0xc9a87dd0 x22:0xc9a87dd0
       29805000	      2979	00000000	00000013	addi	x0,x0,0	  x0:0x00000000
       29815000	      2980	80001ed8	00000013	addi	x0,x0,0	  x0:0x00000000
       29825000	      2981	80001edc	0032d733	srl	x14,x5,x3	  x5:0x80009f68  x3:0xa49a5840 x14=0x80009f68
       29835000	      2982	80001ee0	b9073393	sltiu	x7,x14,-1136	 x14:0x80009f68  x7=0x00000001
       29845000	      2983	80001ee4	01f083b3	add	x7,x1,x31	  x1:0x27227fd8 x31:0x00000000  x7=0x27227fd8
       29855000	      2984	80001ee8	a9547c93	andi	x25,x8,-1387	  x8:0x00000001 x25=0x00000001
       29865000	      2985	80001eec	412cd8b3	sra	x17,x25,x18	 x25:0x00000001 x18:0x00000000 x17=0x00000001
       29875000	      2986	80001ef0	01134633	xor	x12,x6,x17	  x6:0x00000000 x17:0x00000001 x12=0x00000001
       29885000	      2987	80001ef4	ca02ae13	slti	x28,x5,-864	  x5:0x80009f68 x28=0x00000001
       29895000	      2988	80001ef8	ec150a17	auipc	x20,0xec150	 x20=0x6c151ef4
       29905000	      2989	80001efc	0042e733	or	x14,x5,x4	  x5:0x80009f68  x4:0x295c3fc5 x14=0xa95cbfed
       29915000	      2990	80001f00	01365fb3	srl	x31,x12,x19	 x12:0x00000001 x19:0x00000000 x31=0x00000001
       29925000	      2991	80001f04	01f2c933	xor	x18,x5,x31	  x5:0x80009f68 x31:0x00000001 x18=0x80009f69
       29935000	      2992	80001f08	01595c13	srli	x24,x18,0x15	 x18:0x80009f69 x24=0x00000400
       29945000	      2993	80001f0c	75906097	auipc	x1,0x75906	  x1=0xf5907f08
       29955000	      2994	80001f10	410f8833	sub	x16,x31,x16	 x31:0x00000001 x16:0x00000001 x16=0x00000000
       29965000	      2995	80001f14	03a88063	beq	x17,x26,80001f34	 x17:0x00000001 x26:0xc9a87dd0
       29975000	      2996	80001f18	03136263	bltu	x6,x17,80001f3c	  x6:0x00000000 x17:0x00000001
       29985000	      2997	00000000	00000013	addi	x0,x0,0	  x0:0x00000000
       29995000	      2998	80001f38	00000013	addi	x0,x0,0	  x0:0x00000000
       30005000	      2999	80001f3c	6b2b2713	slti	x14,x22,1714	 x22:0xc9a87dd0 x14=0x00000001
       30015000	      3000	80001f40	03137063	bgeu	x6,x17,80001f60	  x6:0x00000000 x17:0x00000001
       30025000	      3001	80001f44	408dd033	sra	x0,x27,x8	 x27:0x80009fc4  x8:0x00000001
       30035000	      3002	80001f48	f0a9eb13	ori	x22,x19,-246	 x19:0x00000000 x22=0xffffff0a
       30045000	      3003	80001f4c	e532f937	lui	x18,0xe532f	 x18=0xe532f000
       30055000	      3004	80001f50	8aa92613	slti	x12,x18,-1878	 x18:0xe532f000 x12=0x00000001
       30065000	      3005	80001f54	02067263	bgeu	x12,x0,80001f78	 x12:0x00000001  x0:0x00000000
       30075000	      3006	00000000	00000013	addi	x0,x0,0	  x0:0x00000000
       30085000	      3007	80001f74	00000013	addi	x0,x0,0	  x0:0x00000000
       30095000	      3008	80001f78	01fa0a33	add	x20,x20,x31	 x20:0x6c151ef4 x31:0x00000001 x20=0x6c151ef5
       30105000	      3009	80001f7c	4150d193	srai	x3,x1,0x15	  x1:0xf5907f08  x3=0xffffffac
       30115000	      3010	80001f80	04d7c463	blt	x15,x13,80001fc8	 x15:0xfffff8d9 x13:0x295c3fc4
       30125000	      3011	00000000	00000013	addi	x0,x0,0	  x0:0x00000000
       30135000	      3012	80001fc4	00000013	addi	x0,x0,0	  x0:0x00000000
       30145000	      3013	80001fc8	41b2d813	srai	x16,x5,0x1b	  x5:0x80009f68 x16=0xfffffff0
       30155000	      3014	80001fcc	038e8c63	beq	x29,x24,80002004	 x29:0x00000000 x24:0x00000400
       30165000	      3015	80001fd0	01815413	srli	x8,x2,0x18	  x2:0x00000000  x8=0x00000000
       30175000	      3016	80001fd4	0373f063	bgeu	x7,x23,80001ff4	  x7:0x27227fd8 x23:0x0000b03c
       30185000	      3017	00000000	00000013	addi	x0,x0,0	  x0:0x00000000
       30195000	      3018	80001ff0	00000013	addi	x0,x0,0	  x0:0x00000000
       30205000	      3019	80001ff4	01a784b3	add	x9,x15,x26	 x15:0xfffff8d9 x26:0xc9a87dd0  x9=0xc9a876a9
       30215000	      3020	80001ff8	fe01e793	ori	x15,x3,-32	  x3:0xffffffac x15=0xffffffec
       30225000	      3021	80001ffc	018376b3	and	x13,x6,x24	  x6:0x00000000 x24:0x00000400 x13=0x00000000
       30235000	      3022	80002000	e48fe537	lui	x10,0xe48fe	 x10=0xe48fe000
       30245000	      3023	80002004	00ae1263	bne	x28,x10,80002008	 x28:0x00000001 x10:0xe48fe000
       30255000	      3024	00000000	00000013	addi	x0,x0,0	  x0:0x00000000
       30265000	      3025	80002004	00000013	addi	x0,x0,0	  x0:0x00000000
       30275000	      3026	80002008	00468933	add	x18,x13,x4	 x13:0x00000000  x4:0x295c3fc5 x18=0x295c3fc5
       30285000	      3027	8000200c	d7ee0413	addi	x8,x28,-642	 x28:0x00000001  x8=0xfffffd7f
       30295000	      3028	80002010	02625263	bge	x4,x6,80002034	  x4:0x295c3fc5  x6:0x00000000
       30305000	      3029	00000000	00000013	addi	x0,x0,0	  x0:0x00000000
       30315000	      3030	80002030	00000013	addi	x0,x0,0	  x0:0x00000000
       30325000	      3031	80002034	40d08533	sub	x10,x1,x13	  x1:0xf5907f08 x13:0x00000000 x10=0xf5907f08
       30335000	      3032	80002038	00095613	srli	x12,x18,0x0	 x18:0x295c3fc5 x12=0x295c3fc5
       30345000	      3033	8000203c	4062d093	srai	x1,x5,0x6	  x5:0x80009f68  x1=0xfe00027d
       30355000	      3034	80002040	0c132bb7	lui	x23,0xc132	 x23=0x0c132000
       30365000	      3035	80002044	00300313	addi	x6,x0,3	  x0:0x00000000  x6=0x00000003
       30375000	      3036	80002048	00949fb3	sll	x31,x9,x9	  x9:0xc9a876a9  x9:0xc9a876a9 x31=0x50ed5200
       30385000	      3037	8000204c	eb05f913	andi	x18,x11,-336	 x11:0x00000000 x18=0x00000000
       30395000	      3038	80002050	ffb00513	addi	x10,x0,-5	  x0:0x00000000 x10=0xfffffffb
       30405000	      3039	80002054	64a341b7	lui	x3,0x64a34	  x3=0x64a34000
       30415000	      3040	80002058	40458e33	sub	x28,x11,x4	 x11:0x00000000  x4:0x295c3fc5 x28=0xd6a3c03b
       30425000	      3041	8000205c	278ae393	ori	x7,x21,632	 x21:0x00000001  x7=0x00000279
       30435000	      3042	80002060	01982733	slt	x14,x16,x25	 x16:0xfffffff0 x25:0x00000001 x14=0x00000001
       30445000	      3043	80002064	01136b33	or	x22,x6,x17	  x6:0x00000003 x17:0x00000001 x22=0x00000003
       30455000	      3044	80002068	00061913	slli	x18,x12,0x0	 x12:0x295c3fc5 x18=0x295c3fc5
       30465000	      3045	8000206c	fff30313	addi	x6,x6,-1	  x6:0x00000003  x6=0x00000002
       30475000	      3046	80002070	0187ee33	or	x28,x15,x24	 x15:0xffffffec x24:0x00000400 x28=0xffffffec
       30485000	      3047	80002074	00500793	addi	x15,x0,5	  x0:0x00000000 x15=0x00000005
       30495000	      3048	80002078	00e8cb33	xor	x22,x17,x14	 x17:0x00000001 x14:0x00000001 x22=0x00000000
       30505000	      3049	8000207c	00a89133	sll	x2,x17,x10	 x17:0x00000001 x10:0xfffffffb  x2=0x08000000
       30515000	      3050	80002080	ff100993	addi	x19,x0,-15	  x0:0x00000000 x19=0xfffffff1
       30525000	      3051	80002084	a72fcf93	xori	x31,x31,-1422	 x31:0x50ed5200 x31=0xaf12a872
       30535000	      3052	80002088	01bb7d33	and	x26,x22,x27	 x22:0x00000000 x27:0x80009fc4 x26=0x00000000
       30545000	      3053	8000208c	06325c17	auipc	x24,0x6325	 x24=0x86327088
       30555000	      3054	80002090	40d45013	srai	x0,x8,0xd	  x8:0xfffffd7f
       30565000	      3055	80002094	ff678793	addi	x15,x15,-10	 x15:0x00000005 x15=0xfffffffb
       30575000	      3056	80002098	ff378ae3	beq	x15,x19,8000208c	 x15:0xfffffffb x19:0xfffffff1
       30585000	      3057	8000209c	01735c33	srl	x24,x6,x23	  x6:0x00000002 x23:0x0c132000 x24=0x00000002
       30595000	      3058	800020a0	faa31ae3	bne	x6,x10,80002054	  x6:0x00000002 x10:0xfffffffb
       30605000	      3059	00000000	00000013	addi	x0,x0,0	  x0:0x00000000
       30615000	      3060	80002050	00000013	addi	x0,x0,0	  x0:0x00000000
       30625000	      3061	80002054	64a341b7	lui	x3,0x64a34	  x3=0x64a34000
       30635000	      3062	80002058	40458e33	sub	x28,x11,x4	 x11:0x00000000  x4:0x295c3fc5 x28=0xd6a3c03b
       30645000	      3063	8000205c	278ae393	ori	x7,x21,632	 x21:0x00000001  x7=0x00000279
       30655000	      3064	80002060	01982733	slt	x14,x16,x25	 x16:0xfffffff0 x25:0x00000001 x14=0x00000001
       30665000	      3065	80002064	01136b33	or	x22,x6,x17	  x6:0x00000002 x17:0x00000001 x22=0x00000003
       30675000	      3066	80002068	00061913	slli	x18,x12,0x0	 x12:0x295c3fc5 x18=0x295c3fc5
       30685000	      3067	8000206c	fff30313	addi	x6,x6,-1	  x6:0x00000002  x6=0x00000001
       30695000	      3068	80002070	0187ee33	or	x28,x15,x24	 x15:0xfffffffb x24:0x00000002 x28=0xfffffffb
       30705000	      3069	80002074	00500793	addi	x15,x0,5	  x0:0x00000000 x15=0x00000005
       30715000	      3070	80002078	00e8cb33	xor	x22,x17,x14	 x17:0x00000001 x14:0x00000001 x22=0x00000000
       30725000	      3071	8000207c	00a89133	sll	x2,x17,x10	 x17:0x00000001 x10:0xfffffffb  x2=0x08000000
       30735000	      3072	80002080	ff100993	addi	x19,x0,-15	  x0:0x00000000 x19=0xfffffff1
       30745000	      3073	80002084	a72fcf93	xori	x31,x31,-1422	 x31:0xaf12a872 x31=0x50ed5200
       30755000	      3074	80002088	01bb7d33	and	x26,x22,x27	 x22:0x00000000 x27:0x80009fc4 x26=0x00000000
       30765000	      3075	8000208c	06325c17	auipc	x24,0x6325	 x24=0x86327088
       30775000	      3076	80002090	40d45013	srai	x0,x8,0xd	  x8:0xfffffd7f
       30785000	      3077	80002094	ff678793	addi	x15,x15,-10	 x15:0x00000005 x15=0xfffffffb
       30795000	      3078	80002098	ff378ae3	beq	x15,x19,8000208c	 x15:0xfffffffb x19:0xfffffff1
       30805000	      3079	8000209c	01735c33	srl	x24,x6,x23	  x6:0x00000001 x23:0x0c132000 x24=0x00000001
       30815000	      3080	800020a0	faa31ae3	bne	x6,x10,80002054	  x6:0x00000001 x10:0xfffffffb
       30825000	      3081	00000000	00000013	addi	x0,x0,0	  x0:0x00000000
       30835000	      3082	80002050	00000013	addi	x0,x0,0	  x0:0x00000000
       30845000	      3083	80002054	64a341b7	lui	x3,0x64a34	  x3=0x64a34000
       30855000	      3084	80002058	40458e33	sub	x28,x11,x4	 x11:0x00000000  x4:0x295c3fc5 x28=0xd6a3c03b
       30865000	      3085	8000205c	278ae393	ori	x7,x21,632	 x21:0x00000001  x7=0x00000279
       30875000	      3086	80002060	01982733	slt	x14,x16,x25	 x16:0xfffffff0 x25:0x00000001 x14=0x00000001
       30885000	      3087	80002064	01136b33	or	x22,x6,x17	  x6:0x00000001 x17:0x00000001 x22=0x00000001
       30895000	      3088	80002068	00061913	slli	x18,x12,0x0	 x12:0x295c3fc5 x18=0x295c3fc5
       30905000	      3089	8000206c	fff30313	addi	x6,x6,-1	  x6:0x00000001  x6=0x00000000
       30915000	      3090	80002070	0187ee33	or	x28,x15,x24	 x15:0xfffffffb x24:0x00000001 x28=0xfffffffb
       30925000	      3091	80002074	00500793	addi	x15,x0,5	  x0:0x00000000 x15=0x00000005
       30935000	      3092	80002078	00e8cb33	xor	x22,x17,x14	 x17:0x00000001 x14:0x00000001 x22=0x00000000
       30945000	      3093	8000207c	00a89133	sll	x2,x17,x10	 x17:0x00000001 x10:0xfffffffb  x2=0x08000000
       30955000	      3094	80002080	ff100993	addi	x19,x0,-15	  x0:0x00000000 x19=0xfffffff1
       30965000	      3095	80002084	a72fcf93	xori	x31,x31,-1422	 x31:0x50ed5200 x31=0xaf12a872
       30975000	      3096	80002088	01bb7d33	and	x26,x22,x27	 x22:0x00000000 x27:0x80009fc4 x26=0x00000000
       30985000	      3097	8000208c	06325c17	auipc	x24,0x6325	 x24=0x86327088
       30995000	      3098	80002090	40d45013	srai	x0,x8,0xd	  x8:0xfffffd7f
       31005000	      3099	80002094	ff678793	addi	x15,x15,-10	 x15:0x00000005 x15=0xfffffffb
       31015000	      3100	80002098	ff378ae3	beq	x15,x19,8000208c	 x15:0xfffffffb x19:0xfffffff1
       31025000	      3101	8000209c	01735c33	srl	x24,x6,x23	  x6:0x00000000 x23:0x0c132000 x24=0x00000000
       31035000	      3102	800020a0	faa31ae3	bne	x6,x10,80002054	  x6:0x00000000 x10:0xfffffffb
       31045000	      3103	00000000	00000013	addi	x0,x0,0	  x0:0x00000000
       31055000	      3104	80002050	00000013	addi	x0,x0,0	  x0:0x00000000
       31065000	      3105	80002054	64a341b7	lui	x3,0x64a34	  x3=0x64a34000
       31075000	      3106	80002058	40458e33	sub	x28,x11,x4	 x11:0x00000000  x4:0x295c3fc5 x28=0xd6a3c03b
       31085000	      3107	8000205c	278ae393	ori	x7,x21,632	 x21:0x00000001  x7=0x00000279
       31095000	      3108	80002060	01982733	slt	x14,x16,x25	 x16:0xfffffff0 x25:0x00000001 x14=0x00000001
       31105000	      3109	80002064	01136b33	or	x22,x6,x17	  x6:0x00000000 x17:0x00000001 x22=0x00000001
       31115000	      3110	80002068	00061913	slli	x18,x12,0x0	 x12:0x295c3fc5 x18=0x295c3fc5
       31125000	      3111	8000206c	fff30313	addi	x6,x6,-1	  x6:0x00000000  x6=0xffffffff
       31135000	      3112	80002070	0187ee33	or	x28,x15,x24	 x15:0xfffffffb x24:0x00000000 x28=0xfffffffb
       31145000	      3113	80002074	00500793	addi	x15,x0,5	  x0:0x00000000 x15=0x00000005
       31155000	      3114	80002078	00e8cb33	xor	x22,x17,x14	 x17:0x00000001 x14:0x00000001 x22=0x00000000
       31165000	      3115	8000207c	00a89133	sll	x2,x17,x10	 x17:0x00000001 x10:0xfffffffb  x2=0x08000000
       31175000	      3116	80002080	ff100993	addi	x19,x0,-15	  x0:0x00000000 x19=0xfffffff1
       31185000	      3117	80002084	a72fcf93	xori	x31,x31,-1422	 x31:0xaf12a872 x31=0x50ed5200
       31195000	      3118	80002088	01bb7d33	and	x26,x22,x27	 x22:0x00000000 x27:0x80009fc4 x26=0x00000000
       31205000	      3119	8000208c	06325c17	auipc	x24,0x6325	 x24=0x86327088
       31215000	      3120	80002090	40d45013	srai	x0,x8,0xd	  x8:0xfffffd7f
       31225000	      3121	80002094	ff678793	addi	x15,x15,-10	 x15:0x00000005 x15=0xfffffffb
       31235000	      3122	80002098	ff378ae3	beq	x15,x19,8000208c	 x15:0xfffffffb x19:0xfffffff1
       31245000	      3123	8000209c	01735c33	srl	x24,x6,x23	  x6:0xffffffff x23:0x0c132000 x24=0xffffffff
       31255000	      3124	800020a0	faa31ae3	bne	x6,x10,80002054	  x6:0xffffffff x10:0xfffffffb
       31265000	      3125	00000000	00000013	addi	x0,x0,0	  x0:0x00000000
       31275000	      3126	80002050	00000013	addi	x0,x0,0	  x0:0x00000000
       31285000	      3127	80002054	64a341b7	lui	x3,0x64a34	  x3=0x64a34000
       31295000	      3128	80002058	40458e33	sub	x28,x11,x4	 x11:0x00000000  x4:0x295c3fc5 x28=0xd6a3c03b
       31305000	      3129	8000205c	278ae393	ori	x7,x21,632	 x21:0x00000001  x7=0x00000279
       31315000	      3130	80002060	01982733	slt	x14,x16,x25	 x16:0xfffffff0 x25:0x00000001 x14=0x00000001
       31325000	      3131	80002064	01136b33	or	x22,x6,x17	  x6:0xffffffff x17:0x00000001 x22=0xffffffff
       31335000	      3132	80002068	00061913	slli	x18,x12,0x0	 x12:0x295c3fc5 x18=0x295c3fc5
       31345000	      3133	8000206c	fff30313	addi	x6,x6,-1	  x6:0xffffffff  x6=0xfffffffe
       31355000	      3134	80002070	0187ee33	or	x28,x15,x24	 x15:0xfffffffb x24:0xffffffff x28=0xffffffff
       31365000	      3135	80002074	00500793	addi	x15,x0,5	  x0:0x00000000 x15=0x00000005
       31375000	      3136	80002078	00e8cb33	xor	x22,x17,x14	 x17:0x00000001 x14:0x00000001 x22=0x00000000
       31385000	      3137	8000207c	00a89133	sll	x2,x17,x10	 x17:0x00000001 x10:0xfffffffb  x2=0x08000000
       31395000	      3138	80002080	ff100993	addi	x19,x0,-15	  x0:0x00000000 x19=0xfffffff1
       31405000	      3139	80002084	a72fcf93	xori	x31,x31,-1422	 x31:0x50ed5200 x31=0xaf12a872
       31415000	      3140	80002088	01bb7d33	and	x26,x22,x27	 x22:0x00000000 x27:0x80009fc4 x26=0x00000000
       31425000	      3141	8000208c	06325c17	auipc	x24,0x6325	 x24=0x86327088
       31435000	      3142	80002090	40d45013	srai	x0,x8,0xd	  x8:0xfffffd7f
       31445000	      3143	80002094	ff678793	addi	x15,x15,-10	 x15:0x00000005 x15=0xfffffffb
       31455000	      3144	80002098	ff378ae3	beq	x15,x19,8000208c	 x15:0xfffffffb x19:0xfffffff1
       31465000	      3145	8000209c	01735c33	srl	x24,x6,x23	  x6:0xfffffffe x23:0x0c132000 x24=0xfffffffe
       31475000	      3146	800020a0	faa31ae3	bne	x6,x10,80002054	  x6:0xfffffffe x10:0xfffffffb
       31485000	      3147	00000000	00000013	addi	x0,x0,0	  x0:0x00000000
       31495000	      3148	80002050	00000013	addi	x0,x0,0	  x0:0x00000000
       31505000	      3149	80002054	64a341b7	lui	x3,0x64a34	  x3=0x64a34000
       31515000	      3150	80002058	40458e33	sub	x28,x11,x4	 x11:0x00000000  x4:0x295c3fc5 x28=0xd6a3c03b
       31525000	      3151	8000205c	278ae393	ori	x7,x21,632	 x21:0x00000001  x7=0x00000279
       31535000	      3152	80002060	01982733	slt	x14,x16,x25	 x16:0xfffffff0 x25:0x00000001 x14=0x00000001
       31545000	      3153	80002064	01136b33	or	x22,x6,x17	  x6:0xfffffffe x17:0x00000001 x22=0xffffffff
       31555000	      3154	80002068	00061913	slli	x18,x12,0x0	 x12:0x295c3fc5 x18=0x295c3fc5
       31565000	      3155	8000206c	fff30313	addi	x6,x6,-1	  x6:0xfffffffe  x6=0xfffffffd
       31575000	      3156	80002070	0187ee33	or	x28,x15,x24	 x15:0xfffffffb x24:0xfffffffe x28=0xffffffff
       31585000	      3157	80002074	00500793	addi	x15,x0,5	  x0:0x00000000 x15=0x00000005
       31595000	      3158	80002078	00e8cb33	xor	x22,x17,x14	 x17:0x00000001 x14:0x00000001 x22=0x00000000
       31605000	      3159	8000207c	00a89133	sll	x2,x17,x10	 x17:0x00000001 x10:0xfffffffb  x2=0x08000000
       31615000	      3160	80002080	ff100993	addi	x19,x0,-15	  x0:0x00000000 x19=0xfffffff1
       31625000	      3161	80002084	a72fcf93	xori	x31,x31,-1422	 x31:0xaf12a872 x31=0x50ed5200
       31635000	      3162	80002088	01bb7d33	and	x26,x22,x27	 x22:0x00000000 x27:0x80009fc4 x26=0x00000000
       31645000	      3163	8000208c	06325c17	auipc	x24,0x6325	 x24=0x86327088
       31655000	      3164	80002090	40d45013	srai	x0,x8,0xd	  x8:0xfffffd7f
       31665000	      3165	80002094	ff678793	addi	x15,x15,-10	 x15:0x00000005 x15=0xfffffffb
       31675000	      3166	80002098	ff378ae3	beq	x15,x19,8000208c	 x15:0xfffffffb x19:0xfffffff1
       31685000	      3167	8000209c	01735c33	srl	x24,x6,x23	  x6:0xfffffffd x23:0x0c132000 x24=0xfffffffd
       31695000	      3168	800020a0	faa31ae3	bne	x6,x10,80002054	  x6:0xfffffffd x10:0xfffffffb
       31705000	      3169	00000000	00000013	addi	x0,x0,0	  x0:0x00000000
       31715000	      3170	80002050	00000013	addi	x0,x0,0	  x0:0x00000000
       31725000	      3171	80002054	64a341b7	lui	x3,0x64a34	  x3=0x64a34000
       31735000	      3172	80002058	40458e33	sub	x28,x11,x4	 x11:0x00000000  x4:0x295c3fc5 x28=0xd6a3c03b
       31745000	      3173	8000205c	278ae393	ori	x7,x21,632	 x21:0x00000001  x7=0x00000279
       31755000	      3174	80002060	01982733	slt	x14,x16,x25	 x16:0xfffffff0 x25:0x00000001 x14=0x00000001
       31765000	      3175	80002064	01136b33	or	x22,x6,x17	  x6:0xfffffffd x17:0x00000001 x22=0xfffffffd
       31775000	      3176	80002068	00061913	slli	x18,x12,0x0	 x12:0x295c3fc5 x18=0x295c3fc5
       31785000	      3177	8000206c	fff30313	addi	x6,x6,-1	  x6:0xfffffffd  x6=0xfffffffc
       31795000	      3178	80002070	0187ee33	or	x28,x15,x24	 x15:0xfffffffb x24:0xfffffffd x28=0xffffffff
       31805000	      3179	80002074	00500793	addi	x15,x0,5	  x0:0x00000000 x15=0x00000005
       31815000	      3180	80002078	00e8cb33	xor	x22,x17,x14	 x17:0x00000001 x14:0x00000001 x22=0x00000000
       31825000	      3181	8000207c	00a89133	sll	x2,x17,x10	 x17:0x00000001 x10:0xfffffffb  x2=0x08000000
       31835000	      3182	80002080	ff100993	addi	x19,x0,-15	  x0:0x00000000 x19=0xfffffff1
       31845000	      3183	80002084	a72fcf93	xori	x31,x31,-1422	 x31:0x50ed5200 x31=0xaf12a872
       31855000	      3184	80002088	01bb7d33	and	x26,x22,x27	 x22:0x00000000 x27:0x80009fc4 x26=0x00000000
       31865000	      3185	8000208c	06325c17	auipc	x24,0x6325	 x24=0x86327088
       31875000	      3186	80002090	40d45013	srai	x0,x8,0xd	  x8:0xfffffd7f
       31885000	      3187	80002094	ff678793	addi	x15,x15,-10	 x15:0x00000005 x15=0xfffffffb
       31895000	      3188	80002098	ff378ae3	beq	x15,x19,8000208c	 x15:0xfffffffb x19:0xfffffff1
       31905000	      3189	8000209c	01735c33	srl	x24,x6,x23	  x6:0xfffffffc x23:0x0c132000 x24=0xfffffffc
       31915000	      3190	800020a0	faa31ae3	bne	x6,x10,80002054	  x6:0xfffffffc x10:0xfffffffb
       31925000	      3191	00000000	00000013	addi	x0,x0,0	  x0:0x00000000
       31935000	      3192	80002050	00000013	addi	x0,x0,0	  x0:0x00000000
       31945000	      3193	80002054	64a341b7	lui	x3,0x64a34	  x3=0x64a34000
       31955000	      3194	80002058	40458e33	sub	x28,x11,x4	 x11:0x00000000  x4:0x295c3fc5 x28=0xd6a3c03b
       31965000	      3195	8000205c	278ae393	ori	x7,x21,632	 x21:0x00000001  x7=0x00000279
       31975000	      3196	80002060	01982733	slt	x14,x16,x25	 x16:0xfffffff0 x25:0x00000001 x14=0x00000001
       31985000	      3197	80002064	01136b33	or	x22,x6,x17	  x6:0xfffffffc x17:0x00000001 x22=0xfffffffd
       31995000	      3198	80002068	00061913	slli	x18,x12,0x0	 x12:0x295c3fc5 x18=0x295c3fc5
       32005000	      3199	8000206c	fff30313	addi	x6,x6,-1	  x6:0xfffffffc  x6=0xfffffffb
       32015000	      3200	80002070	0187ee33	or	x28,x15,x24	 x15:0xfffffffb x24:0xfffffffc x28=0xffffffff
       32025000	      3201	80002074	00500793	addi	x15,x0,5	  x0:0x00000000 x15=0x00000005
       32035000	      3202	80002078	00e8cb33	xor	x22,x17,x14	 x17:0x00000001 x14:0x00000001 x22=0x00000000
       32045000	      3203	8000207c	00a89133	sll	x2,x17,x10	 x17:0x00000001 x10:0xfffffffb  x2=0x08000000
       32055000	      3204	80002080	ff100993	addi	x19,x0,-15	  x0:0x00000000 x19=0xfffffff1
       32065000	      3205	80002084	a72fcf93	xori	x31,x31,-1422	 x31:0xaf12a872 x31=0x50ed5200
       32075000	      3206	80002088	01bb7d33	and	x26,x22,x27	 x22:0x00000000 x27:0x80009fc4 x26=0x00000000
       32085000	      3207	8000208c	06325c17	auipc	x24,0x6325	 x24=0x86327088
       32095000	      3208	80002090	40d45013	srai	x0,x8,0xd	  x8:0xfffffd7f
       32105000	      3209	80002094	ff678793	addi	x15,x15,-10	 x15:0x00000005 x15=0xfffffffb
       32115000	      3210	80002098	ff378ae3	beq	x15,x19,8000208c	 x15:0xfffffffb x19:0xfffffff1
       32125000	      3211	8000209c	01735c33	srl	x24,x6,x23	  x6:0xfffffffb x23:0x0c132000 x24=0xfffffffb
       32135000	      3212	800020a0	faa31ae3	bne	x6,x10,80002054	  x6:0xfffffffb x10:0xfffffffb
       32145000	      3213	800020a4	d5336137	lui	x2,0xd5336	  x2=0xd5336000
       32155000	      3214	800020a8	00f69913	slli	x18,x13,0xf	 x13:0x00000000 x18=0x00000000
       32165000	      3215	800020ac	00e033b3	sltu	x7,x0,x14	  x0:0x00000000 x14:0x00000001  x7=0x00000001
       32175000	      3216	800020b0	007f1a33	sll	x20,x30,x7	 x30:0x36578230  x7:0x00000001 x20=0x6caf0460
       32185000	      3217	800020b4	01643033	sltu	x0,x8,x22	  x8:0xfffffd7f x22:0x00000000
       32195000	      3218	800020b8	016b39b3	sltu	x19,x22,x22	 x22:0x00000000 x22:0x00000000 x19=0x00000000
       32205000	      3219	800020bc	0566d263	bge	x13,x22,80002100	 x13:0x00000000 x22:0x00000000
       32215000	      3220	00000000	00000013	addi	x0,x0,0	  x0:0x00000000
       32225000	      3221	800020fc	00000013	addi	x0,x0,0	  x0:0x00000000
       32235000	      3222	80002100	013e34b3	sltu	x9,x28,x19	 x28:0xffffffff x19:0x00000000  x9=0x00000000
       32245000	      3223	80002104	01828c63	beq	x5,x24,8000211c	  x5:0x80009f68 x24:0xfffffffb
       32255000	      3224	80002108	01478e63	beq	x15,x20,80002124	 x15:0xfffffffb x20:0x6caf0460
       32265000	      3225	8000210c	02318e63	beq	x3,x3,80002148	  x3:0x64a34000  x3:0x64a34000
       32275000	      3226	00000000	00000013	addi	x0,x0,0	  x0:0x00000000
       32285000	      3227	80002144	00000013	addi	x0,x0,0	  x0:0x00000000
       32295000	      3228	80002148	0130d513	srli	x10,x1,0x13	  x1:0xfe00027d x10=0x00001fc0
       32305000	      3229	8000214c	008ad8b3	srl	x17,x21,x8	 x21:0x00000001  x8:0xfffffd7f x17=0x00000000
       32315000	      3230	80002150	4086d813	srai	x16,x13,0x8	 x13:0x00000000 x16=0x00000000
       32325000	      3231	80002154	01dc2933	slt	x18,x24,x29	 x24:0xfffffffb x29:0x00000000 x18=0x00000001
       32335000	      3232	80002158	000ffe63	bgeu	x31,x0,80002174	 x31:0x50ed5200  x0:0x00000000
       32345000	      3233	00000000	00000013	addi	x0,x0,0	  x0:0x00000000
       32355000	      3234	80002170	00000013	addi	x0,x0,0	  x0:0x00000000
       32365000	      3235	80002174	0193cc63	blt	x7,x25,8000218c	  x7:0x00000001 x25:0x00000001
       32375000	      3236	80002178	01b4a433	slt	x8,x9,x27	  x9:0x00000000 x27:0x80009fc4  x8=0x00000000
       32385000	      3237	8000217c	01ca70b3	and	x1,x20,x28	 x20:0x6caf0460 x28:0xffffffff  x1=0x6caf0460
       32395000	      3238	80002180	c462cf13	xori	x30,x5,-954	  x5:0x80009f68 x30=0x7fff632e
       32405000	      3239	80002184	cf1f2093	slti	x1,x30,-783	 x30:0x7fff632e  x1=0x00000000
       32415000	      3240	80002188	00569633	sll	x12,x13,x5	 x13:0x00000000  x5:0x80009f68 x12=0x00000000
       32425000	      3241	8000218c	030d6863	bltu	x26,x16,800021bc	 x26:0x00000000 x16:0x00000000
       32435000	      3242	80002190	39f7e393	ori	x7,x15,927	 x15:0xfffffffb  x7=0xffffffff
       32445000	      3243	80002194	00775463	bge	x14,x7,8000219c	 x14:0x00000001  x7:0xffffffff
       32455000	      3244	00000000	00000013	addi	x0,x0,0	  x0:0x00000000
       32465000	      3245	80002198	00000013	addi	x0,x0,0	  x0:0x00000000
       32475000	      3246	8000219c	009e9533	sll	x10,x29,x9	 x29:0x00000000  x9:0x00000000 x10=0x00000000
       32485000	      3247	800021a0	41b08fb3	sub	x31,x1,x27	  x1:0x00000000 x27:0x80009fc4 x31=0x7fff603c
       32495000	      3248	800021a4	01b15533	srl	x10,x2,x27	  x2:0xd5336000 x27:0x80009fc4 x10=0x0d533600
       32505000	      3249	800021a8	1728c237	lui	x4,0x1728c	  x4=0x1728c000
       32515000	      3250	800021ac	000e6e33	or	x28,x28,x0	 x28:0xffffffff  x0:0x00000000 x28=0xffffffff
       32525000	      3251	800021b0	007ed6b3	srl	x13,x29,x7	 x29:0x00000000  x7:0xffffffff x13=0x00000000
       32535000	      3252	800021b4	00bc7463	bgeu	x24,x11,800021bc	 x24:0xfffffffb x11:0x00000000
       32545000	      3253	00000000	00000013	addi	x0,x0,0	  x0:0x00000000
       32555000	      3254	800021b8	00000013	addi	x0,x0,0	  x0:0x00000000
       32565000	      3255	800021bc	33fac193	xori	x3,x21,831	 x21:0x00000001  x3=0x0000033e
       32575000	      3256	800021c0	0042a303	lw	x6,4(x5)	  x5:0x80009f68  x6=0x80000200 PA:0x80009f6c
       32585000	      3257	800021c4	604d2113	slti	x2,x26,1540	 x26:0x00000000  x2=0x00000001
       32595000	      3258	800021c8	00000013	addi	x0,x0,0	  x0:0x00000000
       32605000	      3259	800021cc	38f83193	sltiu	x3,x16,911	 x16:0x00000000  x3=0x00000001
       32615000	      3260	800021d0	09465bb7	lui	x23,0x9465	 x23=0x09465000
       32625000	      3261	800021d4	00de9513	slli	x10,x29,0xd	 x29:0x00000000 x10=0x00000000
       32635000	      3262	800021d8	01c28293	addi	x5,x5,28	  x5:0x80009f68  x5=0x80009f84
       32645000	      3263	800021dc	363c6913	ori	x18,x24,867	 x24:0xfffffffb x18=0xfffffffb
       32655000	      3264	800021e0	00130413	addi	x8,x6,1	  x6:0x80000200  x8=0x80000201
       32665000	      3265	800021e4	00040467	jalr	x8,x8,0	  x8:0x80000201  x8=0x800021e4
       32675000	      3266	00000000	00000013	addi	x0,x0,0	  x0:0x00000000
       32685000	      3267	80000200	00000013	addi	x0,x0,0	  x0:0x00000000
       32695000	      3268	80000204	04ec1063	bne	x24,x14,80000244	 x24:0xfffffffb x14:0x00000001
       32705000	      3269	00000000	00000013	addi	x0,x0,0	  x0:0x00000000
       32715000	      3270	80000240	00000013	addi	x0,x0,0	  x0:0x00000000
       32725000	      3271	80000244	40a85013	srai	x0,x16,0xa	 x16:0x00000000
       32735000	      3272	80000248	7b9c6493	ori	x9,x24,1977	 x24:0xfffffffb  x9=0xfffffffb
       32745000	      3273	8000024c	01678433	add	x8,x15,x22	 x15:0xfffffffb x22:0x00000000  x8=0xfffffffb
       32755000	      3274	80000250	98357997	auipc	x19,0x98357	 x19=0x1835724c
       32765000	      3275	80000254	6aa80397	auipc	x7,0x6aa80	  x7=0xeaa80250
       32775000	      3276	80000258	013ad463	bge	x21,x19,80000260	 x21:0x00000001 x19:0x1835724c
       32785000	      3277	8000025c	40af5693	srai	x13,x30,0xa	 x30:0x7fff632e x13=0x001fffd8
       32795000	      3278	80000260	83623317	auipc	x6,0x83623	  x6=0x0362325c
       32805000	      3279	80000264	00000a97	auipc	x21,0x0	 x21=0x80000260
       32815000	      3280	80000268	00ca8a93	addi	x21,x21,12	 x21:0x80000260 x21=0x8000026c
       32825000	      3281	8000026c	000a8067	jalr	x0,x21,0	 x21:0x8000026c
       32835000	      3282	00000000	00000013	addi	x0,x0,0	  x0:0x00000000
       32845000	      3283	8000026c	00000013	addi	x0,x0,0	  x0:0x00000000
       32855000	      3284	80000270	00100193	addi	x3,x0,1	  x0:0x00000000  x3=0x00000001
       32865000	      3285	80000274	00000073	ecall	
       32875000	      3286	80000278	016ec463	blt	x29,x22,80000280	 x29:0x00000000 x22:0x00000000
