		Time			Cycle	PC		Insn	Decoded instruction	Register and memory contents
          65000	         5	80000004	00000293	addi	x5,x0,0	  x0:0x00000000  x5=0x00000000
          75000	         6	80000008	00000313	addi	x6,x0,0	  x0:0x00000000  x6=0x00000000
          85000	         7	8000000c	00628263	beq	x5,x6,80000010	  x5:0x00000000  x6:0x00000000
          95000	         8	00000000	00000013	addi	x0,x0,0	  x0:0x00000000
         105000	         9	8000000c	00000013	addi	x0,x0,0	  x0:0x00000000
         115000	        10	80000010	00000e17	auipc	x28,0x0	 x28=0x8000000c
         125000	        11	80000014	00ce0e13	addi	x28,x28,12	 x28:0x8000000c x28=0x80000018
         135000	        12	80000018	000e0067	jalr	x0,x28,0	 x28:0x80000018
         145000	        13	00000000	00000013	addi	x0,x0,0	  x0:0x00000000
         155000	        14	80000018	00000013	addi	x0,x0,0	  x0:0x00000000
         165000	        15	8000001c	40000db7	lui	x27,0x40000	 x27=0x40000000
         175000	        16	80000020	100d8d93	addi	x27,x27,256	 x27:0x40000000 x27=0x40000100
         185000	        17	80000024	00000013	addi	x0,x0,0	  x0:0x00000000
         195000	        18	80000028	0000a497	auipc	x9,0xa	  x9=0x8000a024
         205000	        19	8000002c	fa048493	addi	x9,x9,-96	  x9:0x8000a024  x9=0x80009fc4
         215000	        20	80000030	00003d97	auipc	x27,0x3	 x27=0x8000302c
         225000	        21	80000034	e90d8d93	addi	x27,x27,-368	 x27:0x8000302c x27=0x80002ebc
         235000	        22	80000038	000ded93	ori	x27,x27,0	 x27:0x80002ebc x27=0x80002ebc
         245000	        23	8000003c	00000013	addi	x0,x0,0	  x0:0x00000000
         255000	        24	80000040	00000d97	auipc	x27,0x0	 x27=0x8000003c
         265000	        25	80000044	020d8d93	addi	x27,x27,32	 x27:0x8000003c x27=0x8000005c
         275000	        26	80000048	00000013	addi	x0,x0,0	  x0:0x00000000
         285000	        27	8000004c	00000013	addi	x0,x0,0	  x0:0x00000000
         295000	        28	80000050	00002db7	lui	x27,0x2	 x27=0x00002000
         305000	        29	80000054	800d8d93	addi	x27,x27,-2048	 x27:0x00002000 x27=0x00001800
         315000	        30	80000058	00000013	addi	x0,x0,0	  x0:0x00000000
         325000	        31	8000005c	00000013	addi	x0,x0,0	  x0:0x00000000
         335000	        32	80000060	f47f5037	lui	x0,0xf47f5	
         345000	        33	80000064	06d00013	addi	x0,x0,109	  x0:0x00000000
         355000	        34	80000068	800000b7	lui	x1,0x80000	  x1=0x80000000
         365000	        35	8000006c	00300113	addi	x2,x0,3	  x0:0x00000000  x2=0x00000003
         375000	        36	80000070	00000193	addi	x3,x0,0	  x0:0x00000000  x3=0x00000000
         385000	        37	80000074	800002b7	lui	x5,0x80000	  x5=0x80000000
         395000	        38	80000078	fae2e337	lui	x6,0xfae2e	  x6=0xfae2e000
         405000	        39	8000007c	65430313	addi	x6,x6,1620	  x6:0xfae2e000  x6=0xfae2e654
         415000	        40	80000080	76d4f3b7	lui	x7,0x76d4f	  x7=0x76d4f000
         425000	        41	80000084	67338393	addi	x7,x7,1651	  x7:0x76d4f000  x7=0x76d4f673
         435000	        42	80000088	4ec66437	lui	x8,0x4ec66	  x8=0x4ec66000
         445000	        43	8000008c	f5640413	addi	x8,x8,-170	  x8:0x4ec66000  x8=0x4ec65f56
         455000	        44	80000090	00500513	addi	x10,x0,5	  x0:0x00000000 x10=0x00000005
         465000	        45	80000094	800005b7	lui	x11,0x80000	 x11=0x80000000
         475000	        46	80000098	00f00613	addi	x12,x0,15	  x0:0x00000000 x12=0x0000000f
         485000	        47	8000009c	512066b7	lui	x13,0x51206	 x13=0x51206000
         495000	        48	800000a0	c2d68693	addi	x13,x13,-979	 x13:0x51206000 x13=0x51205c2d
         505000	        49	800000a4	ca3b8737	lui	x14,0xca3b8	 x14=0xca3b8000
         515000	        50	800000a8	84a70713	addi	x14,x14,-1974	 x14:0xca3b8000 x14=0xca3b784a
         525000	        51	800000ac	faf917b7	lui	x15,0xfaf91	 x15=0xfaf91000
         535000	        52	800000b0	ecd78793	addi	x15,x15,-307	 x15:0xfaf91000 x15=0xfaf90ecd
         545000	        53	800000b4	9431e837	lui	x16,0x9431e	 x16=0x9431e000
         555000	        54	800000b8	5a380813	addi	x16,x16,1443	 x16:0x9431e000 x16=0x9431e5a3
         565000	        55	800000bc	fdd798b7	lui	x17,0xfdd79	 x17=0xfdd79000
         575000	        56	800000c0	0e888893	addi	x17,x17,232	 x17:0xfdd79000 x17=0xfdd790e8
         585000	        57	800000c4	00000913	addi	x18,x0,0	  x0:0x00000000 x18=0x00000000
         595000	        58	800000c8	00600993	addi	x19,x0,6	  x0:0x00000000 x19=0x00000006
         605000	        59	800000cc	00000a13	addi	x20,x0,0	  x0:0x00000000 x20=0x00000000
         615000	        60	800000d0	00600a93	addi	x21,x0,6	  x0:0x00000000 x21=0x00000006
         625000	        61	800000d4	00500b13	addi	x22,x0,5	  x0:0x00000000 x22=0x00000005
         635000	        62	800000d8	00900b93	addi	x23,x0,9	  x0:0x00000000 x23=0x00000009
         645000	        63	800000dc	00a00c13	addi	x24,x0,10	  x0:0x00000000 x24=0x0000000a
         655000	        64	800000e0	5dde3cb7	lui	x25,0x5dde3	 x25=0x5dde3000
         665000	        65	800000e4	6b5c8c93	addi	x25,x25,1717	 x25:0x5dde3000 x25=0x5dde36b5
         675000	        66	800000e8	80000d37	lui	x26,0x80000	 x26=0x80000000
         685000	        67	800000ec	5102bdb7	lui	x27,0x5102b	 x27=0x5102b000
         695000	        68	800000f0	725d8d93	addi	x27,x27,1829	 x27:0x5102b000 x27=0x5102b725
         705000	        69	800000f4	83a11e37	lui	x28,0x83a11	 x28=0x83a11000
         715000	        70	800000f8	9afe0e13	addi	x28,x28,-1617	 x28:0x83a11000 x28=0x83a109af
         725000	        71	800000fc	00f00e93	addi	x29,x0,15	  x0:0x00000000 x29=0x0000000f
         735000	        72	80000100	00300f13	addi	x30,x0,3	  x0:0x00000000 x30=0x00000003
         745000	        73	80000104	00e00f93	addi	x31,x0,14	  x0:0x00000000 x31=0x0000000e
         755000	        74	80000108	0000a217	auipc	x4,0xa	  x4=0x8000a104
         765000	        75	8000010c	e8020213	addi	x4,x4,-384	  x4:0x8000a104  x4=0x80009f84
         775000	        76	80000110	00800d13	addi	x26,x0,8	  x0:0x00000000 x26=0x00000008
         785000	        77	80000114	00000013	addi	x0,x0,0	  x0:0x00000000
         795000	        78	80000118	0144a933	slt	x18,x9,x20	  x9:0x80009fc4 x20:0x00000000 x18=0x00000001
         805000	        79	8000011c	bf9bb013	sltiu	x0,x23,-1031	 x23:0x00000009
         815000	        80	80000120	00000013	addi	x0,x0,0	  x0:0x00000000
         825000	        81	80000124	003ad933	srl	x18,x21,x3	 x21:0x00000006  x3:0x00000000 x18=0x00000006
         835000	        82	80000128	010ed433	srl	x8,x29,x16	 x29:0x0000000f x16:0x9431e5a3  x8=0x00000001
         845000	        83	8000012c	00b61c13	slli	x24,x12,0xb	 x12:0x0000000f x24=0x00007800
         855000	        84	80000130	01200f13	addi	x30,x0,18	  x0:0x00000000 x30=0x00000012
         865000	        85	80000134	4169d0b3	sra	x1,x19,x22	 x19:0x00000006 x22:0x00000005  x1=0x00000000
         875000	        86	80000138	004790b3	sll	x1,x15,x4	 x15:0xfaf90ecd  x4:0x80009f84  x1=0xaf90ecd0
         885000	        87	8000013c	00000013	addi	x0,x0,0	  x0:0x00000000
         895000	        88	80000140	00000013	addi	x0,x0,0	  x0:0x00000000
         905000	        89	80000144	418e0bb3	sub	x23,x28,x24	 x28:0x83a109af x24:0x00007800 x23=0x83a091af
         915000	        90	80000148	007d0d13	addi	x26,x26,7	 x26:0x00000008 x26=0x0000000f
         925000	        91	8000014c	69bebb13	sltiu	x22,x29,1691	 x29:0x0000000f x22=0x00000001
         935000	        92	80000150	01afe933	or	x18,x31,x26	 x31:0x0000000e x26:0x0000000f x18=0x0000000f
         945000	        93	80000154	ffed66e3	bltu	x26,x30,80000140	 x26:0x0000000f x30:0x00000012
         955000	        94	00000000	00000013	addi	x0,x0,0	  x0:0x00000000
         965000	        95	8000013c	00000013	addi	x0,x0,0	  x0:0x00000000
         975000	        96	80000140	00000013	addi	x0,x0,0	  x0:0x00000000
         985000	        97	80000144	418e0bb3	sub	x23,x28,x24	 x28:0x83a109af x24:0x00007800 x23=0x83a091af
         995000	        98	80000148	007d0d13	addi	x26,x26,7	 x26:0x0000000f x26=0x00000016
        1005000	        99	8000014c	69bebb13	sltiu	x22,x29,1691	 x29:0x0000000f x22=0x00000001
        1015000	       100	80000150	01afe933	or	x18,x31,x26	 x31:0x0000000e x26:0x00000016 x18=0x0000001e
        1025000	       101	80000154	ffed66e3	bltu	x26,x30,80000140	 x26:0x00000016 x30:0x00000012
        1035000	       102	80000158	01aaafb3	slt	x31,x21,x26	 x21:0x00000006 x26:0x00000016 x31=0x00000001
        1045000	       103	8000015c	00a00b93	addi	x23,x0,10	  x0:0x00000000 x23=0x0000000a
        1055000	       104	80000160	40e95db3	sra	x27,x18,x14	 x18:0x0000001e x14:0xca3b784a x27=0x00000000
        1065000	       105	80000164	014c7833	and	x16,x24,x20	 x24:0x00007800 x20:0x00000000 x16=0x00000000
        1075000	       106	80000168	f1234c93	xori	x25,x6,-238	  x6:0xfae2e654 x25=0x051d1946
        1085000	       107	8000016c	009d1a13	slli	x20,x26,0x9	 x26:0x00000016 x20=0x00002c00
        1095000	       108	80000170	06f82793	slti	x15,x16,111	 x16:0x00000000 x15=0x00000001
        1105000	       109	80000174	00a00f13	addi	x30,x0,10	  x0:0x00000000 x30=0x0000000a
        1115000	       110	80000178	3e5c8d37	lui	x26,0x3e5c8	 x26=0x3e5c8000
        1125000	       111	8000017c	3a97f293	andi	x5,x15,937	 x15:0x00000001  x5=0x00000001
        1135000	       112	80000180	00bd5fb3	srl	x31,x26,x11	 x26:0x3e5c8000 x11:0x80000000 x31=0x3e5c8000
        1145000	       113	80000184	014ead33	slt	x26,x29,x20	 x29:0x0000000f x20:0x00002c00 x26=0x00000001
        1155000	       114	80000188	019fd593	srli	x11,x31,0x19	 x31:0x3e5c8000 x11=0x0000001f
        1165000	       115	8000018c	1ea17c97	auipc	x25,0x1ea17	 x25=0x9ea17188
        1175000	       116	80000190	00000013	addi	x0,x0,0	  x0:0x00000000
        1185000	       117	80000194	ff9b8b93	addi	x23,x23,-7	 x23:0x0000000a x23=0x00000003
        1195000	       118	80000198	00132cb3	slt	x25,x6,x1	  x6:0xfae2e654  x1:0xaf90ecd0 x25=0x00000000
        1205000	       119	8000019c	ffebf4e3	bgeu	x23,x30,80000184	 x23:0x00000003 x30:0x0000000a
        1215000	       120	800001a0	f12eba13	sltiu	x20,x29,-238	 x29:0x0000000f x20=0x00000001
        1225000	       121	800001a4	ff800993	addi	x19,x0,-8	  x0:0x00000000 x19=0xfffffff8
        1235000	       122	800001a8	00da6713	ori	x14,x20,13	 x20:0x00000001 x14=0x0000000d
        1245000	       123	800001ac	01300d13	addi	x26,x0,19	  x0:0x00000000 x26=0x00000013
        1255000	       124	800001b0	40a2d2b3	sra	x5,x5,x10	  x5:0x00000001 x10:0x00000005  x5=0x00000000
        1265000	       125	800001b4	41748db3	sub	x27,x9,x23	  x9:0x80009fc4 x23:0x00000003 x27=0x80009fc1
        1275000	       126	800001b8	4009d033	sra	x0,x19,x0	 x19:0xfffffff8  x0:0x00000000
        1285000	       127	800001bc	a9788d93	addi	x27,x17,-1385	 x17:0xfdd790e8 x27=0xfdd78b7f
        1295000	       128	800001c0	00998993	addi	x19,x19,9	 x19:0xfffffff8 x19=0x00000001
        1305000	       129	800001c4	4a87ef93	ori	x31,x15,1192	 x15:0x00000001 x31=0x000004a9
        1315000	       130	800001c8	402cd0b3	sra	x1,x25,x2	 x25:0x00000000  x2:0x00000003  x1=0x00000000
        1325000	       131	800001cc	ffa9c4e3	blt	x19,x26,800001b4	 x19:0x00000001 x26:0x00000013
        1335000	       132	00000000	00000013	addi	x0,x0,0	  x0:0x00000000
        1345000	       133	800001b0	00000013	addi	x0,x0,0	  x0:0x00000000
        1355000	       134	800001b4	41748db3	sub	x27,x9,x23	  x9:0x80009fc4 x23:0x00000003 x27=0x80009fc1
        1365000	       135	800001b8	4009d033	sra	x0,x19,x0	 x19:0x00000001  x0:0x00000000
        1375000	       136	800001bc	a9788d93	addi	x27,x17,-1385	 x17:0xfdd790e8 x27=0xfdd78b7f
        1385000	       137	800001c0	00998993	addi	x19,x19,9	 x19:0x00000001 x19=0x0000000a
        1395000	       138	800001c4	4a87ef93	ori	x31,x15,1192	 x15:0x00000001 x31=0x000004a9
        1405000	       139	800001c8	402cd0b3	sra	x1,x25,x2	 x25:0x00000000  x2:0x00000003  x1=0x00000000
        1415000	       140	800001cc	ffa9c4e3	blt	x19,x26,800001b4	 x19:0x0000000a x26:0x00000013
        1425000	       141	00000000	00000013	addi	x0,x0,0	  x0:0x00000000
        1435000	       142	800001b0	00000013	addi	x0,x0,0	  x0:0x00000000
        1445000	       143	800001b4	41748db3	sub	x27,x9,x23	  x9:0x80009fc4 x23:0x00000003 x27=0x80009fc1
        1455000	       144	800001b8	4009d033	sra	x0,x19,x0	 x19:0x0000000a  x0:0x00000000
        1465000	       145	800001bc	a9788d93	addi	x27,x17,-1385	 x17:0xfdd790e8 x27=0xfdd78b7f
        1475000	       146	800001c0	00998993	addi	x19,x19,9	 x19:0x0000000a x19=0x00000013
        1485000	       147	800001c4	4a87ef93	ori	x31,x15,1192	 x15:0x00000001 x31=0x000004a9
        1495000	       148	800001c8	402cd0b3	sra	x1,x25,x2	 x25:0x00000000  x2:0x00000003  x1=0x00000000
        1505000	       149	800001cc	ffa9c4e3	blt	x19,x26,800001b4	 x19:0x00000013 x26:0x00000013
        1515000	       150	800001d0	2735c013	xori	x0,x11,627	 x11:0x0000001f
        1525000	       151	800001d4	ffb00193	addi	x3,x0,-5	  x0:0x00000000  x3=0xfffffffb
        1535000	       152	800001d8	00800993	addi	x19,x0,8	  x0:0x00000000 x19=0x00000008
        1545000	       153	800001dc	00d97c33	and	x24,x18,x13	 x18:0x0000001e x13:0x51205c2d x24=0x0000000c
        1555000	       154	800001e0	418302b3	sub	x5,x6,x24	  x6:0xfae2e654 x24:0x0000000c  x5=0xfae2e648
        1565000	       155	800001e4	00a11813	slli	x16,x2,0xa	  x2:0x00000003 x16=0x00000c00
        1575000	       156	800001e8	0147dc33	srl	x24,x15,x20	 x15:0x00000001 x20:0x00000001 x24=0x00000000
        1585000	       157	800001ec	011b7933	and	x18,x22,x17	 x22:0x00000001 x17:0xfdd790e8 x18=0x00000000
        1595000	       158	800001f0	414e0533	sub	x10,x28,x20	 x28:0x83a109af x20:0x00000001 x10=0x83a109ae
        1605000	       159	800001f4	00518193	addi	x3,x3,5	  x3:0xfffffffb  x3=0x00000000
        1615000	       160	800001f8	00400613	addi	x12,x0,4	  x0:0x00000000 x12=0x00000004
        1625000	       161	800001fc	408e86b3	sub	x13,x29,x8	 x29:0x0000000f  x8:0x00000001 x13=0x0000000e
        1635000	       162	80000200	00400713	addi	x14,x0,4	  x0:0x00000000 x14=0x00000004
        1645000	       163	80000204	00294cb3	xor	x25,x18,x2	 x18:0x00000000  x2:0x00000003 x25=0x00000003
        1655000	       164	80000208	f1ee3793	sltiu	x15,x28,-226	 x28:0x83a109af x15=0x00000001
        1665000	       165	8000020c	fff60613	addi	x12,x12,-1	 x12:0x00000004 x12=0x00000003
        1675000	       166	80000210	015d6833	or	x16,x26,x21	 x26:0x00000013 x21:0x00000006 x16=0x00000017
        1685000	       167	80000214	ecaacc13	xori	x24,x21,-310	 x21:0x00000006 x24=0xfffffecc
        1695000	       168	80000218	fee678e3	bgeu	x12,x14,80000208	 x12:0x00000003 x14:0x00000004
        1705000	       169	8000021c	01be1913	slli	x18,x28,0x1b	 x28:0x83a109af x18=0x78000000
        1715000	       170	80000220	0108b8b3	sltu	x17,x17,x16	 x17:0xfdd790e8 x16:0x00000017 x17=0x00000000
        1725000	       171	80000224	401155b3	sra	x11,x2,x1	  x2:0x00000003  x1:0x00000000 x11=0x00000003
        1735000	       172	80000228	fb31ece3	bltu	x3,x19,800001e0	  x3:0x00000000 x19:0x00000008
        1745000	       173	00000000	00000013	addi	x0,x0,0	  x0:0x00000000
        1755000	       174	800001dc	00000013	addi	x0,x0,0	  x0:0x00000000
        1765000	       175	800001e0	418302b3	sub	x5,x6,x24	  x6:0xfae2e654 x24:0xfffffecc  x5=0xfae2e788
        1775000	       176	800001e4	00a11813	slli	x16,x2,0xa	  x2:0x00000003 x16=0x00000c00
        1785000	       177	800001e8	0147dc33	srl	x24,x15,x20	 x15:0x00000001 x20:0x00000001 x24=0x00000000
        1795000	       178	800001ec	011b7933	and	x18,x22,x17	 x22:0x00000001 x17:0x00000000 x18=0x00000000
        1805000	       179	800001f0	414e0533	sub	x10,x28,x20	 x28:0x83a109af x20:0x00000001 x10=0x83a109ae
        1815000	       180	800001f4	00518193	addi	x3,x3,5	  x3:0x00000000  x3=0x00000005
        1825000	       181	800001f8	00400613	addi	x12,x0,4	  x0:0x00000000 x12=0x00000004
        1835000	       182	800001fc	408e86b3	sub	x13,x29,x8	 x29:0x0000000f  x8:0x00000001 x13=0x0000000e
        1845000	       183	80000200	00400713	addi	x14,x0,4	  x0:0x00000000 x14=0x00000004
        1855000	       184	80000204	00294cb3	xor	x25,x18,x2	 x18:0x00000000  x2:0x00000003 x25=0x00000003
        1865000	       185	80000208	f1ee3793	sltiu	x15,x28,-226	 x28:0x83a109af x15=0x00000001
        1875000	       186	8000020c	fff60613	addi	x12,x12,-1	 x12:0x00000004 x12=0x00000003
        1885000	       187	80000210	015d6833	or	x16,x26,x21	 x26:0x00000013 x21:0x00000006 x16=0x00000017
        1895000	       188	80000214	ecaacc13	xori	x24,x21,-310	 x21:0x00000006 x24=0xfffffecc
        1905000	       189	80000218	fee678e3	bgeu	x12,x14,80000208	 x12:0x00000003 x14:0x00000004
        1915000	       190	8000021c	01be1913	slli	x18,x28,0x1b	 x28:0x83a109af x18=0x78000000
        1925000	       191	80000220	0108b8b3	sltu	x17,x17,x16	 x17:0x00000000 x16:0x00000017 x17=0x00000001
        1935000	       192	80000224	401155b3	sra	x11,x2,x1	  x2:0x00000003  x1:0x00000000 x11=0x00000003
        1945000	       193	80000228	fb31ece3	bltu	x3,x19,800001e0	  x3:0x00000005 x19:0x00000008
        1955000	       194	00000000	00000013	addi	x0,x0,0	  x0:0x00000000
        1965000	       195	800001dc	00000013	addi	x0,x0,0	  x0:0x00000000
        1975000	       196	800001e0	418302b3	sub	x5,x6,x24	  x6:0xfae2e654 x24:0xfffffecc  x5=0xfae2e788
        1985000	       197	800001e4	00a11813	slli	x16,x2,0xa	  x2:0x00000003 x16=0x00000c00
        1995000	       198	800001e8	0147dc33	srl	x24,x15,x20	 x15:0x00000001 x20:0x00000001 x24=0x00000000
        2005000	       199	800001ec	011b7933	and	x18,x22,x17	 x22:0x00000001 x17:0x00000001 x18=0x00000001
        2015000	       200	800001f0	414e0533	sub	x10,x28,x20	 x28:0x83a109af x20:0x00000001 x10=0x83a109ae
        2025000	       201	800001f4	00518193	addi	x3,x3,5	  x3:0x00000005  x3=0x0000000a
        2035000	       202	800001f8	00400613	addi	x12,x0,4	  x0:0x00000000 x12=0x00000004
        2045000	       203	800001fc	408e86b3	sub	x13,x29,x8	 x29:0x0000000f  x8:0x00000001 x13=0x0000000e
        2055000	       204	80000200	00400713	addi	x14,x0,4	  x0:0x00000000 x14=0x00000004
        2065000	       205	80000204	00294cb3	xor	x25,x18,x2	 x18:0x00000001  x2:0x00000003 x25=0x00000002
        2075000	       206	80000208	f1ee3793	sltiu	x15,x28,-226	 x28:0x83a109af x15=0x00000001
        2085000	       207	8000020c	fff60613	addi	x12,x12,-1	 x12:0x00000004 x12=0x00000003
        2095000	       208	80000210	015d6833	or	x16,x26,x21	 x26:0x00000013 x21:0x00000006 x16=0x00000017
        2105000	       209	80000214	ecaacc13	xori	x24,x21,-310	 x21:0x00000006 x24=0xfffffecc
        2115000	       210	80000218	fee678e3	bgeu	x12,x14,80000208	 x12:0x00000003 x14:0x00000004
        2125000	       211	8000021c	01be1913	slli	x18,x28,0x1b	 x28:0x83a109af x18=0x78000000
        2135000	       212	80000220	0108b8b3	sltu	x17,x17,x16	 x17:0x00000001 x16:0x00000017 x17=0x00000001
        2145000	       213	80000224	401155b3	sra	x11,x2,x1	  x2:0x00000003  x1:0x00000000 x11=0x00000003
        2155000	       214	80000228	fb31ece3	bltu	x3,x19,800001e0	  x3:0x0000000a x19:0x00000008
        2165000	       215	8000022c	015740b3	xor	x1,x14,x21	 x14:0x00000004 x21:0x00000006  x1=0x00000002
        2175000	       216	80000230	ffe00813	addi	x16,x0,-2	  x0:0x00000000 x16=0xfffffffe
        2185000	       217	80000234	6b0dab93	slti	x23,x27,1712	 x27:0xfdd78b7f x23=0x00000001
        2195000	       218	80000238	00e00393	addi	x7,x0,14	  x0:0x00000000  x7=0x0000000e
        2205000	       219	8000023c	01443033	sltu	x0,x8,x20	  x8:0x00000001 x20:0x00000001
        2215000	       220	80000240	b1556513	ori	x10,x10,-1259	 x10:0x83a109ae x10=0xfffffbbf
        2225000	       221	80000244	70323513	sltiu	x10,x4,1795	  x4:0x80009f84 x10=0x00000000
        2235000	       222	80000248	00880813	addi	x16,x16,8	 x16:0xfffffffe x16=0x00000006
        2245000	       223	8000024c	416589b3	sub	x19,x11,x22	 x11:0x00000003 x22:0x00000001 x19=0x00000002
        2255000	       224	80000250	ffb00913	addi	x18,x0,-5	  x0:0x00000000 x18=0xfffffffb
        2265000	       225	80000254	00c225b3	slt	x11,x4,x12	  x4:0x80009f84 x12:0x00000003 x11=0x00000001
        2275000	       226	80000258	00300113	addi	x2,x0,3	  x0:0x00000000  x2=0x00000003
        2285000	       227	8000025c	01162cb3	slt	x25,x12,x17	 x12:0x00000003 x17:0x00000001 x25=0x00000000
        2295000	       228	80000260	581ccf93	xori	x31,x25,1409	 x25:0x00000000 x31=0x00000581
        2305000	       229	80000264	00393db3	sltu	x27,x18,x3	 x18:0xfffffffb  x3:0x0000000a x27=0x00000000
        2315000	       230	80000268	00fbefb3	or	x31,x23,x15	 x23:0x00000001 x15:0x00000001 x31=0x00000001
        2325000	       231	8000026c	00390913	addi	x18,x18,3	 x18:0xfffffffb x18=0xfffffffe
        2335000	       232	80000270	9422fa93	andi	x21,x5,-1726	  x5:0xfae2e788 x21=0xfae2e100
        2345000	       233	80000274	fe2968e3	bltu	x18,x2,80000264	 x18:0xfffffffe  x2:0x00000003
        2355000	       234	80000278	00ceb1b3	sltu	x3,x29,x12	 x29:0x0000000f x12:0x00000003  x3=0x00000000
        2365000	       235	8000027c	00000013	addi	x0,x0,0	  x0:0x00000000
        2375000	       236	80000280	01659733	sll	x14,x11,x22	 x11:0x00000001 x22:0x00000001 x14=0x00000002
        2385000	       237	80000284	9e7bf293	andi	x5,x23,-1561	 x23:0x00000001  x5=0x00000001
        2395000	       238	80000288	01111713	slli	x14,x2,0x11	  x2:0x00000003 x14=0x00060000
        2405000	       239	8000028c	fa7808e3	beq	x16,x7,8000023c	 x16:0x00000006  x7:0x0000000e
        2415000	       240	80000290	cd1f50b7	lui	x1,0xcd1f5	  x1=0xcd1f5000
        2425000	       241	80000294	00900c93	addi	x25,x0,9	  x0:0x00000000 x25=0x00000009
        2435000	       242	80000298	ff500713	addi	x14,x0,-11	  x0:0x00000000 x14=0xfffffff5
        2445000	       243	8000029c	daeace93	xori	x29,x21,-594	 x21:0xfae2e100 x29=0x051d1cae
        2455000	       244	800002a0	d219c913	xori	x18,x19,-735	 x19:0x00000002 x18=0xfffffd23
        2465000	       245	800002a4	014e32b3	sltu	x5,x28,x20	 x28:0x83a109af x20:0x00000001  x5=0x00000000
        2475000	       246	800002a8	909b7013	andi	x0,x22,-1783	 x22:0x00000001
        2485000	       247	800002ac	00e82133	slt	x2,x16,x14	 x16:0x00000006 x14:0xfffffff5  x2=0x00000000
        2495000	       248	800002b0	40c25993	srai	x19,x4,0xc	  x4:0x80009f84 x19=0xfff80009
        2505000	       249	800002b4	63c00093	addi	x1,x0,1596	  x0:0x00000000  x1=0x0000063c
        2515000	       250	800002b8	ff6c8c93	addi	x25,x25,-10	 x25:0x00000009 x25=0xffffffff
        2525000	       251	800002bc	41015793	srai	x15,x2,0x10	  x2:0x00000000 x15=0x00000000
        2535000	       252	800002c0	ffa00413	addi	x8,x0,-6	  x0:0x00000000  x8=0xfffffffa
        2545000	       253	800002c4	4090ddb3	sra	x27,x1,x9	  x1:0x0000063c  x9:0x80009fc4 x27=0x00000063
        2555000	       254	800002c8	010ea8b3	slt	x17,x29,x16	 x29:0x051d1cae x16:0x00000006 x17=0x00000000
        2565000	       255	800002cc	01bd4d33	xor	x26,x26,x27	 x26:0x00000013 x27:0x00000063 x26=0x00000070
        2575000	       256	800002d0	01300193	addi	x3,x0,19	  x0:0x00000000  x3=0x00000013
        2585000	       257	800002d4	47009337	lui	x6,0x47009	  x6=0x47009000
        2595000	       258	800002d8	f929f513	andi	x10,x19,-110	 x19:0xfff80009 x10=0xfff80000
        2605000	       259	800002dc	37885c17	auipc	x24,0x37885	 x24=0xb78852d8
        2615000	       260	800002e0	0145beb3	sltu	x29,x11,x20	 x11:0x00000001 x20:0x00000001 x29=0x00000000
        2625000	       261	800002e4	00640413	addi	x8,x8,6	  x8:0xfffffffa  x8=0x00000000
        2635000	       262	800002e8	010616b3	sll	x13,x12,x16	 x12:0x00000003 x16:0x00000006 x13=0x000000c0
        2645000	       263	800002ec	fe3448e3	blt	x8,x3,800002dc	  x8:0x00000000  x3:0x00000013
        2655000	       264	00000000	00000013	addi	x0,x0,0	  x0:0x00000000
        2665000	       265	800002d8	00000013	addi	x0,x0,0	  x0:0x00000000
        2675000	       266	800002dc	37885c17	auipc	x24,0x37885	 x24=0xb78852d8
        2685000	       267	800002e0	0145beb3	sltu	x29,x11,x20	 x11:0x00000001 x20:0x00000001 x29=0x00000000
        2695000	       268	800002e4	00640413	addi	x8,x8,6	  x8:0x00000000  x8=0x00000006
        2705000	       269	800002e8	010616b3	sll	x13,x12,x16	 x12:0x00000003 x16:0x00000006 x13=0x000000c0
        2715000	       270	800002ec	fe3448e3	blt	x8,x3,800002dc	  x8:0x00000006  x3:0x00000013
        2725000	       271	00000000	00000013	addi	x0,x0,0	  x0:0x00000000
        2735000	       272	800002d8	00000013	addi	x0,x0,0	  x0:0x00000000
        2745000	       273	800002dc	37885c17	auipc	x24,0x37885	 x24=0xb78852d8
        2755000	       274	800002e0	0145beb3	sltu	x29,x11,x20	 x11:0x00000001 x20:0x00000001 x29=0x00000000
        2765000	       275	800002e4	00640413	addi	x8,x8,6	  x8:0x00000006  x8=0x0000000c
        2775000	       276	800002e8	010616b3	sll	x13,x12,x16	 x12:0x00000003 x16:0x00000006 x13=0x000000c0
        2785000	       277	800002ec	fe3448e3	blt	x8,x3,800002dc	  x8:0x0000000c  x3:0x00000013
        2795000	       278	00000000	00000013	addi	x0,x0,0	  x0:0x00000000
        2805000	       279	800002d8	00000013	addi	x0,x0,0	  x0:0x00000000
        2815000	       280	800002dc	37885c17	auipc	x24,0x37885	 x24=0xb78852d8
        2825000	       281	800002e0	0145beb3	sltu	x29,x11,x20	 x11:0x00000001 x20:0x00000001 x29=0x00000000
        2835000	       282	800002e4	00640413	addi	x8,x8,6	  x8:0x0000000c  x8=0x00000012
        2845000	       283	800002e8	010616b3	sll	x13,x12,x16	 x12:0x00000003 x16:0x00000006 x13=0x000000c0
        2855000	       284	800002ec	fe3448e3	blt	x8,x3,800002dc	  x8:0x00000012  x3:0x00000013
        2865000	       285	00000000	00000013	addi	x0,x0,0	  x0:0x00000000
        2875000	       286	800002d8	00000013	addi	x0,x0,0	  x0:0x00000000
        2885000	       287	800002dc	37885c17	auipc	x24,0x37885	 x24=0xb78852d8
        2895000	       288	800002e0	0145beb3	sltu	x29,x11,x20	 x11:0x00000001 x20:0x00000001 x29=0x00000000
        2905000	       289	800002e4	00640413	addi	x8,x8,6	  x8:0x00000012  x8=0x00000018
        2915000	       290	800002e8	010616b3	sll	x13,x12,x16	 x12:0x00000003 x16:0x00000006 x13=0x000000c0
        2925000	       291	800002ec	fe3448e3	blt	x8,x3,800002dc	  x8:0x00000018  x3:0x00000013
        2935000	       292	800002f0	9bc07817	auipc	x16,0x9bc07	 x16=0x1bc072ec
        2945000	       293	800002f4	0166c993	xori	x19,x13,22	 x13:0x000000c0 x19=0x000000d6
        2955000	       294	800002f8	faec86e3	beq	x25,x14,800002a4	 x25:0xffffffff x14:0xfffffff5
        2965000	       295	800002fc	009718b3	sll	x17,x14,x9	 x14:0xfffffff5  x9:0x80009fc4 x17=0xffffff50
        2975000	       296	80000300	ff700e93	addi	x29,x0,-9	  x0:0x00000000 x29=0xfffffff7
        2985000	       297	80000304	5b0fb613	sltiu	x12,x31,1456	 x31:0x00000001 x12=0x00000001
        2995000	       298	80000308	416a0933	sub	x18,x20,x22	 x20:0x00000001 x22:0x00000001 x18=0x00000000
        3005000	       299	8000030c	a4a2f993	andi	x19,x5,-1462	  x5:0x00000000 x19=0x00000000
        3015000	       300	80000310	f79c2413	slti	x8,x24,-135	 x24:0xb78852d8  x8=0x00000001
        3025000	       301	80000314	411c5193	srai	x3,x24,0x11	 x24:0xb78852d8  x3=0xffffdbc4
        3035000	       302	80000318	00400713	addi	x14,x0,4	  x0:0x00000000 x14=0x00000004
        3045000	       303	8000031c	000f6fb3	or	x31,x30,x0	 x30:0x0000000a  x0:0x00000000 x31=0x0000000a
        3055000	       304	80000320	003e8e93	addi	x29,x29,3	 x29:0xfffffff7 x29=0xfffffffa
        3065000	       305	80000324	40d75333	sra	x6,x14,x13	 x14:0x00000004 x13:0x000000c0  x6=0x00000004
        3075000	       306	80000328	00700513	addi	x10,x0,7	  x0:0x00000000 x10=0x00000007
        3085000	       307	8000032c	85f73113	sltiu	x2,x14,-1953	 x14:0x00000004  x2=0x00000001
        3095000	       308	80000330	bc47e813	ori	x16,x15,-1084	 x15:0x00000000 x16=0xfffffbc4
        3105000	       309	80000334	00400393	addi	x7,x0,4	  x0:0x00000000  x7=0x00000004
        3115000	       310	80000338	37c12313	slti	x6,x2,892	  x2:0x00000001  x6=0x00000001
        3125000	       311	8000033c	aafdb093	sltiu	x1,x27,-1361	 x27:0x00000063  x1=0x00000001
        3135000	       312	80000340	ffd50513	addi	x10,x10,-3	 x10:0x00000007 x10=0x00000004
        3145000	       313	80000344	71714b93	xori	x23,x2,1815	  x2:0x00000001 x23=0x00000716
        3155000	       314	80000348	5f1a0d37	lui	x26,0x5f1a0	 x26=0x5f1a0000
        3165000	       315	8000034c	00afb5b3	sltu	x11,x31,x10	 x31:0x0000000a x10:0x00000004 x11=0x00000000
        3175000	       316	80000350	0019d433	srl	x8,x19,x1	 x19:0x00000000  x1:0x00000001  x8=0x00000000
        3185000	       317	80000354	7d4a3413	sltiu	x8,x20,2004	 x20:0x00000001  x8=0x00000001
        3195000	       318	80000358	019bbfb3	sltu	x31,x23,x25	 x23:0x00000716 x25:0xffffffff x31=0x00000001
        3205000	       319	8000035c	41b6d0b3	sra	x1,x13,x27	 x13:0x000000c0 x27:0x00000063  x1=0x00000018
        3215000	       320	80000360	00000013	addi	x0,x0,0	  x0:0x00000000
        3225000	       321	80000364	fc757ae3	bgeu	x10,x7,80000338	 x10:0x00000004  x7:0x00000004
        3235000	       322	00000000	00000013	addi	x0,x0,0	  x0:0x00000000
        3245000	       323	80000334	00000013	addi	x0,x0,0	  x0:0x00000000
        3255000	       324	80000338	37c12313	slti	x6,x2,892	  x2:0x00000001  x6=0x00000001
        3265000	       325	8000033c	aafdb093	sltiu	x1,x27,-1361	 x27:0x00000063  x1=0x00000001
        3275000	       326	80000340	ffd50513	addi	x10,x10,-3	 x10:0x00000004 x10=0x00000001
        3285000	       327	80000344	71714b93	xori	x23,x2,1815	  x2:0x00000001 x23=0x00000716
        3295000	       328	80000348	5f1a0d37	lui	x26,0x5f1a0	 x26=0x5f1a0000
        3305000	       329	8000034c	00afb5b3	sltu	x11,x31,x10	 x31:0x00000001 x10:0x00000001 x11=0x00000000
        3315000	       330	80000350	0019d433	srl	x8,x19,x1	 x19:0x00000000  x1:0x00000001  x8=0x00000000
        3325000	       331	80000354	7d4a3413	sltiu	x8,x20,2004	 x20:0x00000001  x8=0x00000001
        3335000	       332	80000358	019bbfb3	sltu	x31,x23,x25	 x23:0x00000716 x25:0xffffffff x31=0x00000001
        3345000	       333	8000035c	41b6d0b3	sra	x1,x13,x27	 x13:0x000000c0 x27:0x00000063  x1=0x00000018
        3355000	       334	80000360	00000013	addi	x0,x0,0	  x0:0x00000000
        3365000	       335	80000364	fc757ae3	bgeu	x10,x7,80000338	 x10:0x00000001  x7:0x00000004
        3375000	       336	80000368	00791ab3	sll	x21,x18,x7	 x18:0x00000000  x7:0x00000004 x21=0x00000000
        3385000	       337	8000036c	b5c1ef93	ori	x31,x3,-1188	  x3:0xffffdbc4 x31=0xfffffbdc
        3395000	       338	80000370	e3826f13	ori	x30,x4,-456	  x4:0x80009f84 x30=0xffffffbc
        3405000	       339	80000374	1af13113	sltiu	x2,x2,431	  x2:0x00000001  x2=0x00000001
        3415000	       340	80000378	faeee2e3	bltu	x29,x14,8000031c	 x29:0xfffffffa x14:0x00000004
        3425000	       341	8000037c	008bf033	and	x0,x23,x8	 x23:0x00000716  x8:0x00000001
        3435000	       342	80000380	00a00d13	addi	x26,x0,10	  x0:0x00000000 x26=0x0000000a
        3445000	       343	80000384	00000013	addi	x0,x0,0	  x0:0x00000000
        3455000	       344	80000388	40dd85b3	sub	x11,x27,x13	 x27:0x00000063 x13:0x000000c0 x11=0xffffffa3
        3465000	       345	8000038c	0148fbb3	and	x23,x17,x20	 x17:0xffffff50 x20:0x00000001 x23=0x00000000
        3475000	       346	80000390	00900193	addi	x3,x0,9	  x0:0x00000000  x3=0x00000009
        3485000	       347	80000394	fa393f93	sltiu	x31,x18,-93	 x18:0x00000000 x31=0x00000001
        3495000	       348	80000398	9afffb93	andi	x23,x31,-1617	 x31:0x00000001 x23=0x00000001
        3505000	       349	8000039c	865d2913	slti	x18,x26,-1947	 x26:0x0000000a x18=0x00000000
        3515000	       350	800003a0	ff8d0d13	addi	x26,x26,-8	 x26:0x0000000a x26=0x00000002
        3525000	       351	800003a4	00765cb3	srl	x25,x12,x7	 x12:0x00000001  x7:0x00000004 x25=0x00000000
        3535000	       352	800003a8	00600713	addi	x14,x0,6	  x0:0x00000000 x14=0x00000006
        3545000	       353	800003ac	01e442b3	xor	x5,x8,x30	  x8:0x00000001 x30:0xffffffbc  x5=0xffffffbd
        3555000	       354	800003b0	132ef917	auipc	x18,0x132ef	 x18=0x932ef3ac
        3565000	       355	800003b4	00600413	addi	x8,x0,6	  x0:0x00000000  x8=0x00000006
        3575000	       356	800003b8	014e9b13	slli	x22,x29,0x14	 x29:0xfffffffa x22=0xffa00000
        3585000	       357	800003bc	0049c9b3	xor	x19,x19,x4	 x19:0x00000000  x4:0x80009f84 x19=0x80009f84
        3595000	       358	800003c0	b4f60a13	addi	x20,x12,-1201	 x12:0x00000001 x20=0xfffffb50
        3605000	       359	800003c4	003b9033	sll	x0,x23,x3	 x23:0x00000001  x3:0x00000009
        3615000	       360	800003c8	925de513	ori	x10,x27,-1755	 x27:0x00000063 x10=0xfffff967
        3625000	       361	800003cc	ffb70713	addi	x14,x14,-5	 x14:0x00000006 x14=0x00000001
        3635000	       362	800003d0	e4f42393	slti	x7,x8,-433	  x8:0x00000006  x7=0x00000000
        3645000	       363	800003d4	004650b3	srl	x1,x12,x4	 x12:0x00000001  x4:0x80009f84  x1=0x00000000
        3655000	       364	800003d8	fe8774e3	bgeu	x14,x8,800003c0	 x14:0x00000001  x8:0x00000006
        3665000	       365	800003dc	f3d16813	ori	x16,x2,-195	  x2:0x00000001 x16=0xffffff3d
        3675000	       366	800003e0	0130b0b3	sltu	x1,x1,x19	  x1:0x00000000 x19:0x80009f84  x1=0x00000001
        3685000	       367	800003e4	01975013	srli	x0,x14,0x19	 x14:0x00000001
        3695000	       368	800003e8	409adeb3	sra	x29,x21,x9	 x21:0x00000000  x9:0x80009fc4 x29=0x00000000
        3705000	       369	800003ec	aa8a4913	xori	x18,x20,-1368	 x20:0xfffffb50 x18=0x000001f8
        3715000	       370	800003f0	48b6a3b7	lui	x7,0x48b6a	  x7=0x48b6a000
        3725000	       371	800003f4	419f5133	sra	x2,x30,x25	 x30:0xffffffbc x25:0x00000000  x2=0xffffffbc
        3735000	       372	800003f8	012267b3	or	x15,x4,x18	  x4:0x80009f84 x18:0x000001f8 x15=0x80009ffc
        3745000	       373	800003fc	fa3d70e3	bgeu	x26,x3,8000039c	 x26:0x00000002  x3:0x00000009
        3755000	       374	80000400	0158ba33	sltu	x20,x17,x21	 x17:0xffffff50 x21:0x00000000 x20=0x00000000
        3765000	       375	80000404	00a00f93	addi	x31,x0,10	  x0:0x00000000 x31=0x0000000a
        3775000	       376	80000408	01b79013	slli	x0,x15,0x1b	 x15:0x80009ffc
        3785000	       377	8000040c	005ab833	sltu	x16,x21,x5	 x21:0x00000000  x5:0xffffffbd x16=0x00000001
        3795000	       378	80000410	9f493993	sltiu	x19,x18,-1548	 x18:0x000001f8 x19=0x00000001
        3805000	       379	80000414	b24b7893	andi	x17,x22,-1244	 x22:0xffa00000 x17=0xffa00000
        3815000	       380	80000418	0186ff33	and	x30,x13,x24	 x13:0x000000c0 x24:0xb78852d8 x30=0x000000c0
        3825000	       381	8000041c	00fabcb3	sltu	x25,x21,x15	 x21:0x00000000 x15:0x80009ffc x25=0x00000001
        3835000	       382	80000420	41ac4613	xori	x12,x24,1050	 x24:0xb78852d8 x12=0xb78856c2
        3845000	       383	80000424	00700113	addi	x2,x0,7	  x0:0x00000000  x2=0x00000007
        3855000	       384	80000428	aa54bc97	auipc	x25,0xaa54b	 x25=0x2a54b424
        3865000	       385	8000042c	004265b3	or	x11,x4,x4	  x4:0x80009f84  x4:0x80009f84 x11=0x80009f84
        3875000	       386	80000430	00de9733	sll	x14,x29,x13	 x29:0x00000000 x13:0x000000c0 x14=0x00000000
        3885000	       387	80000434	00000013	addi	x0,x0,0	  x0:0x00000000
        3895000	       388	80000438	40bfda93	srai	x21,x31,0xb	 x31:0x0000000a x21=0x00000000
        3905000	       389	8000043c	015b4633	xor	x12,x22,x21	 x22:0xffa00000 x21:0x00000000 x12=0xffa00000
        3915000	       390	80000440	01011f13	slli	x30,x2,0x10	  x2:0x00000007 x30=0x00070000
        3925000	       391	80000444	ffbf8f93	addi	x31,x31,-5	 x31:0x0000000a x31=0x00000005
        3935000	       392	80000448	0183b533	sltu	x10,x7,x24	  x7:0x48b6a000 x24:0xb78852d8 x10=0x00000001
        3945000	       393	8000044c	01e72b33	slt	x22,x14,x30	 x14:0x00000000 x30:0x00070000 x22=0x00000001
        3955000	       394	80000450	fc2ffee3	bgeu	x31,x2,8000042c	 x31:0x00000005  x2:0x00000007
        3965000	       395	80000454	41af8533	sub	x10,x31,x26	 x31:0x00000005 x26:0x00000002 x10=0x00000003
        3975000	       396	80000458	00900f93	addi	x31,x0,9	  x0:0x00000000 x31=0x00000009
        3985000	       397	8000045c	00800b93	addi	x23,x0,8	  x0:0x00000000 x23=0x00000008
        3995000	       398	80000460	69564813	xori	x16,x12,1685	 x12:0xffa00000 x16=0xffa00695
        4005000	       399	80000464	ffaf8f93	addi	x31,x31,-6	 x31:0x00000009 x31=0x00000003
        4015000	       400	80000468	ff7ffce3	bgeu	x31,x23,80000460	 x31:0x00000003 x23:0x00000008
        4025000	       401	8000046c	01f29133	sll	x2,x5,x31	  x5:0xffffffbd x31:0x00000003  x2=0xfffffde8
        4035000	       402	80000470	ffe00513	addi	x10,x0,-2	  x0:0x00000000 x10=0xfffffffe
        4045000	       403	80000474	01b257b3	srl	x15,x4,x27	  x4:0x80009f84 x27:0x00000063 x15=0x100013f0
        4055000	       404	80000478	011930b3	sltu	x1,x18,x17	 x18:0x000001f8 x17:0xffa00000  x1=0x00000001
        4065000	       405	8000047c	0073ab33	slt	x22,x7,x7	  x7:0x48b6a000  x7:0x48b6a000 x22=0x00000000
        4075000	       406	80000480	9ad94e97	auipc	x29,0x9ad94	 x29=0x1ad9447c
        4085000	       407	80000484	92483c13	sltiu	x24,x16,-1756	 x16:0xffa00695 x24=0x00000001
        4095000	       408	80000488	00000013	addi	x0,x0,0	  x0:0x00000000
        4105000	       409	8000048c	5130b993	sltiu	x19,x1,1299	  x1:0x00000001 x19=0x00000001
        4115000	       410	80000490	7a830893	addi	x17,x6,1960	  x6:0x00000001 x17=0x000007a9
        4125000	       411	80000494	ff700713	addi	x14,x0,-9	  x0:0x00000000 x14=0xfffffff7
        4135000	       412	80000498	00e0d1b3	srl	x3,x1,x14	  x1:0x00000001 x14:0xfffffff7  x3=0x00000000
        4145000	       413	8000049c	009d41b3	xor	x3,x26,x9	 x26:0x00000002  x9:0x80009fc4  x3=0x80009fc6
        4155000	       414	800004a0	45fe5e97	auipc	x29,0x45fe5	 x29=0xc5fe549c
        4165000	       415	800004a4	00765393	srli	x7,x12,0x7	 x12:0xffa00000  x7=0x01ff4000
        4175000	       416	800004a8	01b461b3	or	x3,x8,x27	  x8:0x00000006 x27:0x00000063  x3=0x00000067
        4185000	       417	800004ac	ffd50513	addi	x10,x10,-3	 x10:0xfffffffe x10=0xfffffffb
        4195000	       418	800004b0	00cd1d33	sll	x26,x26,x12	 x26:0x00000002 x12:0xffa00000 x26=0x00000002
        4205000	       419	800004b4	018355b3	srl	x11,x6,x24	  x6:0x00000001 x24:0x00000001 x11=0x00000000
        4215000	       420	800004b8	00000013	addi	x0,x0,0	  x0:0x00000000
        4225000	       421	800004bc	5debcf37	lui	x30,0x5debc	 x30=0x5debc000
        4235000	       422	800004c0	36587193	andi	x3,x16,869	 x16:0xffa00695  x3=0x00000205
        4245000	       423	800004c4	fce55ce3	bge	x10,x14,8000049c	 x10:0xfffffffb x14:0xfffffff7
        4255000	       424	00000000	00000013	addi	x0,x0,0	  x0:0x00000000
        4265000	       425	80000498	00000013	addi	x0,x0,0	  x0:0x00000000
        4275000	       426	8000049c	009d41b3	xor	x3,x26,x9	 x26:0x00000002  x9:0x80009fc4  x3=0x80009fc6
        4285000	       427	800004a0	45fe5e97	auipc	x29,0x45fe5	 x29=0xc5fe549c
        4295000	       428	800004a4	00765393	srli	x7,x12,0x7	 x12:0xffa00000  x7=0x01ff4000
        4305000	       429	800004a8	01b461b3	or	x3,x8,x27	  x8:0x00000006 x27:0x00000063  x3=0x00000067
        4315000	       430	800004ac	ffd50513	addi	x10,x10,-3	 x10:0xfffffffb x10=0xfffffff8
        4325000	       431	800004b0	00cd1d33	sll	x26,x26,x12	 x26:0x00000002 x12:0xffa00000 x26=0x00000002
        4335000	       432	800004b4	018355b3	srl	x11,x6,x24	  x6:0x00000001 x24:0x00000001 x11=0x00000000
        4345000	       433	800004b8	00000013	addi	x0,x0,0	  x0:0x00000000
        4355000	       434	800004bc	5debcf37	lui	x30,0x5debc	 x30=0x5debc000
        4365000	       435	800004c0	36587193	andi	x3,x16,869	 x16:0xffa00695  x3=0x00000205
        4375000	       436	800004c4	fce55ce3	bge	x10,x14,8000049c	 x10:0xfffffff8 x14:0xfffffff7
        4385000	       437	00000000	00000013	addi	x0,x0,0	  x0:0x00000000
        4395000	       438	80000498	00000013	addi	x0,x0,0	  x0:0x00000000
        4405000	       439	8000049c	009d41b3	xor	x3,x26,x9	 x26:0x00000002  x9:0x80009fc4  x3=0x80009fc6
        4415000	       440	800004a0	45fe5e97	auipc	x29,0x45fe5	 x29=0xc5fe549c
        4425000	       441	800004a4	00765393	srli	x7,x12,0x7	 x12:0xffa00000  x7=0x01ff4000
        4435000	       442	800004a8	01b461b3	or	x3,x8,x27	  x8:0x00000006 x27:0x00000063  x3=0x00000067
        4445000	       443	800004ac	ffd50513	addi	x10,x10,-3	 x10:0xfffffff8 x10=0xfffffff5
        4455000	       444	800004b0	00cd1d33	sll	x26,x26,x12	 x26:0x00000002 x12:0xffa00000 x26=0x00000002
        4465000	       445	800004b4	018355b3	srl	x11,x6,x24	  x6:0x00000001 x24:0x00000001 x11=0x00000000
        4475000	       446	800004b8	00000013	addi	x0,x0,0	  x0:0x00000000
        4485000	       447	800004bc	5debcf37	lui	x30,0x5debc	 x30=0x5debc000
        4495000	       448	800004c0	36587193	andi	x3,x16,869	 x16:0xffa00695  x3=0x00000205
        4505000	       449	800004c4	fce55ce3	bge	x10,x14,8000049c	 x10:0xfffffff5 x14:0xfffffff7
        4515000	       450	800004c8	411dd893	srai	x17,x27,0x11	 x27:0x00000063 x17=0x00000000
        4525000	       451	800004cc	00500b13	addi	x22,x0,5	  x0:0x00000000 x22=0x00000005
        4535000	       452	800004d0	fed00e93	addi	x29,x0,-19	  x0:0x00000000 x29=0xffffffed
        4545000	       453	800004d4	00d0b2b3	sltu	x5,x1,x13	  x1:0x00000001 x13:0x000000c0  x5=0x00000001
        4555000	       454	800004d8	ff8b0b13	addi	x22,x22,-8	 x22:0x00000005 x22=0xfffffffd
        4565000	       455	800004dc	00000d93	addi	x27,x0,0	  x0:0x00000000 x27=0x00000000
        4575000	       456	800004e0	ff000313	addi	x6,x0,-16	  x0:0x00000000  x6=0xfffffff0
        4585000	       457	800004e4	1ccb8013	addi	x0,x23,460	 x23:0x00000008
        4595000	       458	800004e8	b87de5b7	lui	x11,0xb87de	 x11=0xb87de000
        4605000	       459	800004ec	ffed8d93	addi	x27,x27,-2	 x27:0x00000000 x27=0xfffffffe
        4615000	       460	800004f0	fe6ddae3	bge	x27,x6,800004e4	 x27:0xfffffffe  x6:0xfffffff0
        4625000	       461	00000000	00000013	addi	x0,x0,0	  x0:0x00000000
        4635000	       462	800004e0	00000013	addi	x0,x0,0	  x0:0x00000000
        4645000	       463	800004e4	1ccb8013	addi	x0,x23,460	 x23:0x00000008
        4655000	       464	800004e8	b87de5b7	lui	x11,0xb87de	 x11=0xb87de000
        4665000	       465	800004ec	ffed8d93	addi	x27,x27,-2	 x27:0xfffffffe x27=0xfffffffc
        4675000	       466	800004f0	fe6ddae3	bge	x27,x6,800004e4	 x27:0xfffffffc  x6:0xfffffff0
        4685000	       467	00000000	00000013	addi	x0,x0,0	  x0:0x00000000
        4695000	       468	800004e0	00000013	addi	x0,x0,0	  x0:0x00000000
        4705000	       469	800004e4	1ccb8013	addi	x0,x23,460	 x23:0x00000008
        4715000	       470	800004e8	b87de5b7	lui	x11,0xb87de	 x11=0xb87de000
        4725000	       471	800004ec	ffed8d93	addi	x27,x27,-2	 x27:0xfffffffc x27=0xfffffffa
        4735000	       472	800004f0	fe6ddae3	bge	x27,x6,800004e4	 x27:0xfffffffa  x6:0xfffffff0
        4745000	       473	00000000	00000013	addi	x0,x0,0	  x0:0x00000000
        4755000	       474	800004e0	00000013	addi	x0,x0,0	  x0:0x00000000
        4765000	       475	800004e4	1ccb8013	addi	x0,x23,460	 x23:0x00000008
        4775000	       476	800004e8	b87de5b7	lui	x11,0xb87de	 x11=0xb87de000
        4785000	       477	800004ec	ffed8d93	addi	x27,x27,-2	 x27:0xfffffffa x27=0xfffffff8
        4795000	       478	800004f0	fe6ddae3	bge	x27,x6,800004e4	 x27:0xfffffff8  x6:0xfffffff0
        4805000	       479	00000000	00000013	addi	x0,x0,0	  x0:0x00000000
        4815000	       480	800004e0	00000013	addi	x0,x0,0	  x0:0x00000000
        4825000	       481	800004e4	1ccb8013	addi	x0,x23,460	 x23:0x00000008
        4835000	       482	800004e8	b87de5b7	lui	x11,0xb87de	 x11=0xb87de000
        4845000	       483	800004ec	ffed8d93	addi	x27,x27,-2	 x27:0xfffffff8 x27=0xfffffff6
        4855000	       484	800004f0	fe6ddae3	bge	x27,x6,800004e4	 x27:0xfffffff6  x6:0xfffffff0
        4865000	       485	00000000	00000013	addi	x0,x0,0	  x0:0x00000000
        4875000	       486	800004e0	00000013	addi	x0,x0,0	  x0:0x00000000
        4885000	       487	800004e4	1ccb8013	addi	x0,x23,460	 x23:0x00000008
        4895000	       488	800004e8	b87de5b7	lui	x11,0xb87de	 x11=0xb87de000
        4905000	       489	800004ec	ffed8d93	addi	x27,x27,-2	 x27:0xfffffff6 x27=0xfffffff4
        4915000	       490	800004f0	fe6ddae3	bge	x27,x6,800004e4	 x27:0xfffffff4  x6:0xfffffff0
        4925000	       491	00000000	00000013	addi	x0,x0,0	  x0:0x00000000
        4935000	       492	800004e0	00000013	addi	x0,x0,0	  x0:0x00000000
        4945000	       493	800004e4	1ccb8013	addi	x0,x23,460	 x23:0x00000008
        4955000	       494	800004e8	b87de5b7	lui	x11,0xb87de	 x11=0xb87de000
        4965000	       495	800004ec	ffed8d93	addi	x27,x27,-2	 x27:0xfffffff4 x27=0xfffffff2
        4975000	       496	800004f0	fe6ddae3	bge	x27,x6,800004e4	 x27:0xfffffff2  x6:0xfffffff0
        4985000	       497	00000000	00000013	addi	x0,x0,0	  x0:0x00000000
        4995000	       498	800004e0	00000013	addi	x0,x0,0	  x0:0x00000000
        5005000	       499	800004e4	1ccb8013	addi	x0,x23,460	 x23:0x00000008
        5015000	       500	800004e8	b87de5b7	lui	x11,0xb87de	 x11=0xb87de000
        5025000	       501	800004ec	ffed8d93	addi	x27,x27,-2	 x27:0xfffffff2 x27=0xfffffff0
        5035000	       502	800004f0	fe6ddae3	bge	x27,x6,800004e4	 x27:0xfffffff0  x6:0xfffffff0
        5045000	       503	00000000	00000013	addi	x0,x0,0	  x0:0x00000000
        5055000	       504	800004e0	00000013	addi	x0,x0,0	  x0:0x00000000
        5065000	       505	800004e4	1ccb8013	addi	x0,x23,460	 x23:0x00000008
        5075000	       506	800004e8	b87de5b7	lui	x11,0xb87de	 x11=0xb87de000
        5085000	       507	800004ec	ffed8d93	addi	x27,x27,-2	 x27:0xfffffff0 x27=0xffffffee
        5095000	       508	800004f0	fe6ddae3	bge	x27,x6,800004e4	 x27:0xffffffee  x6:0xfffffff0
        5105000	       509	800004f4	ffdb00e3	beq	x22,x29,800004d4	 x22:0xfffffffd x29:0xffffffed
        5115000	       510	800004f8	01493833	sltu	x16,x18,x20	 x18:0x000001f8 x20:0x00000000 x16=0x00000000
        5125000	       511	800004fc	00800193	addi	x3,x0,8	  x0:0x00000000  x3=0x00000008
        5135000	       512	80000500	011f1593	slli	x11,x30,0x11	 x30:0x5debc000 x11=0x80000000
        5145000	       513	80000504	00d6c5b3	xor	x11,x13,x13	 x13:0x000000c0 x13:0x000000c0 x11=0x00000000
        5155000	       514	80000508	4128d393	srai	x7,x17,0x12	 x17:0x00000000  x7=0x00000000
        5165000	       515	8000050c	00c5e9b3	or	x19,x11,x12	 x11:0x00000000 x12:0xffa00000 x19=0xffa00000
        5175000	       516	80000510	01618733	add	x14,x3,x22	  x3:0x00000008 x22:0xfffffffd x14=0x00000005
        5185000	       517	80000514	ff400f13	addi	x30,x0,-12	  x0:0x00000000 x30=0xfffffff4
        5195000	       518	80000518	410750b3	sra	x1,x14,x16	 x14:0x00000005 x16:0x00000000  x1=0x00000005
        5205000	       519	8000051c	003c42b3	xor	x5,x24,x3	 x24:0x00000001  x3:0x00000008  x5=0x00000009
        5215000	       520	80000520	b0ff4693	xori	x13,x30,-1265	 x30:0xfffffff4 x13=0x000004fb
        5225000	       521	80000524	79248793	addi	x15,x9,1938	  x9:0x80009fc4 x15=0x8000a756
        5235000	       522	80000528	0ae8fe93	andi	x29,x17,174	 x17:0x00000000 x29=0x00000000
        5245000	       523	8000052c	8e93c993	xori	x19,x7,-1815	  x7:0x00000000 x19=0xfffff8e9
        5255000	       524	80000530	ff618193	addi	x3,x3,-10	  x3:0x00000008  x3=0xfffffffe
        5265000	       525	80000534	001a0c33	add	x24,x20,x1	 x20:0x00000000  x1:0x00000005 x24=0x00000005
        5275000	       526	80000538	00a00d13	addi	x26,x0,10	  x0:0x00000000 x26=0x0000000a
        5285000	       527	8000053c	01200a13	addi	x20,x0,18	  x0:0x00000000 x20=0x00000012
        5295000	       528	80000540	f66c4c13	xori	x24,x24,-154	 x24:0x00000005 x24=0xffffff63
        5305000	       529	80000544	cfd42c93	slti	x25,x8,-771	  x8:0x00000006 x25=0x00000000
        5315000	       530	80000548	009d0d13	addi	x26,x26,9	 x26:0x0000000a x26=0x00000013
        5325000	       531	8000054c	00f669b3	or	x19,x12,x15	 x12:0xffa00000 x15:0x8000a756 x19=0xffa0a756
        5335000	       532	80000550	99592d93	slti	x27,x18,-1643	 x18:0x000001f8 x27=0x00000000
        5345000	       533	80000554	ff4d48e3	blt	x26,x20,80000544	 x26:0x00000013 x20:0x00000012
        5355000	       534	80000558	95d4abb7	lui	x23,0x95d4a	 x23=0x95d4a000
        5365000	       535	8000055c	01d096b3	sll	x13,x1,x29	  x1:0x00000005 x29:0x00000000 x13=0x00000005
        5375000	       536	80000560	0026ffb3	and	x31,x13,x2	 x13:0x00000005  x2:0xfffffde8 x31=0x00000000
        5385000	       537	80000564	fde1d0e3	bge	x3,x30,80000524	  x3:0xfffffffe x30:0xfffffff4
        5395000	       538	00000000	00000013	addi	x0,x0,0	  x0:0x00000000
        5405000	       539	80000520	00000013	addi	x0,x0,0	  x0:0x00000000
        5415000	       540	80000524	79248793	addi	x15,x9,1938	  x9:0x80009fc4 x15=0x8000a756
        5425000	       541	80000528	0ae8fe93	andi	x29,x17,174	 x17:0x00000000 x29=0x00000000
        5435000	       542	8000052c	8e93c993	xori	x19,x7,-1815	  x7:0x00000000 x19=0xfffff8e9
        5445000	       543	80000530	ff618193	addi	x3,x3,-10	  x3:0xfffffffe  x3=0xfffffff4
        5455000	       544	80000534	001a0c33	add	x24,x20,x1	 x20:0x00000012  x1:0x00000005 x24=0x00000017
        5465000	       545	80000538	00a00d13	addi	x26,x0,10	  x0:0x00000000 x26=0x0000000a
        5475000	       546	8000053c	01200a13	addi	x20,x0,18	  x0:0x00000000 x20=0x00000012
        5485000	       547	80000540	f66c4c13	xori	x24,x24,-154	 x24:0x00000017 x24=0xffffff71
        5495000	       548	80000544	cfd42c93	slti	x25,x8,-771	  x8:0x00000006 x25=0x00000000
        5505000	       549	80000548	009d0d13	addi	x26,x26,9	 x26:0x0000000a x26=0x00000013
        5515000	       550	8000054c	00f669b3	or	x19,x12,x15	 x12:0xffa00000 x15:0x8000a756 x19=0xffa0a756
        5525000	       551	80000550	99592d93	slti	x27,x18,-1643	 x18:0x000001f8 x27=0x00000000
        5535000	       552	80000554	ff4d48e3	blt	x26,x20,80000544	 x26:0x00000013 x20:0x00000012
        5545000	       553	80000558	95d4abb7	lui	x23,0x95d4a	 x23=0x95d4a000
        5555000	       554	8000055c	01d096b3	sll	x13,x1,x29	  x1:0x00000005 x29:0x00000000 x13=0x00000005
        5565000	       555	80000560	0026ffb3	and	x31,x13,x2	 x13:0x00000005  x2:0xfffffde8 x31=0x00000000
        5575000	       556	80000564	fde1d0e3	bge	x3,x30,80000524	  x3:0xfffffff4 x30:0xfffffff4
        5585000	       557	00000000	00000013	addi	x0,x0,0	  x0:0x00000000
        5595000	       558	80000520	00000013	addi	x0,x0,0	  x0:0x00000000
        5605000	       559	80000524	79248793	addi	x15,x9,1938	  x9:0x80009fc4 x15=0x8000a756
        5615000	       560	80000528	0ae8fe93	andi	x29,x17,174	 x17:0x00000000 x29=0x00000000
        5625000	       561	8000052c	8e93c993	xori	x19,x7,-1815	  x7:0x00000000 x19=0xfffff8e9
        5635000	       562	80000530	ff618193	addi	x3,x3,-10	  x3:0xfffffff4  x3=0xffffffea
        5645000	       563	80000534	001a0c33	add	x24,x20,x1	 x20:0x00000012  x1:0x00000005 x24=0x00000017
        5655000	       564	80000538	00a00d13	addi	x26,x0,10	  x0:0x00000000 x26=0x0000000a
        5665000	       565	8000053c	01200a13	addi	x20,x0,18	  x0:0x00000000 x20=0x00000012
        5675000	       566	80000540	f66c4c13	xori	x24,x24,-154	 x24:0x00000017 x24=0xffffff71
        5685000	       567	80000544	cfd42c93	slti	x25,x8,-771	  x8:0x00000006 x25=0x00000000
        5695000	       568	80000548	009d0d13	addi	x26,x26,9	 x26:0x0000000a x26=0x00000013
        5705000	       569	8000054c	00f669b3	or	x19,x12,x15	 x12:0xffa00000 x15:0x8000a756 x19=0xffa0a756
        5715000	       570	80000550	99592d93	slti	x27,x18,-1643	 x18:0x000001f8 x27=0x00000000
        5725000	       571	80000554	ff4d48e3	blt	x26,x20,80000544	 x26:0x00000013 x20:0x00000012
        5735000	       572	80000558	95d4abb7	lui	x23,0x95d4a	 x23=0x95d4a000
        5745000	       573	8000055c	01d096b3	sll	x13,x1,x29	  x1:0x00000005 x29:0x00000000 x13=0x00000005
        5755000	       574	80000560	0026ffb3	and	x31,x13,x2	 x13:0x00000005  x2:0xfffffde8 x31=0x00000000
        5765000	       575	80000564	fde1d0e3	bge	x3,x30,80000524	  x3:0xffffffea x30:0xfffffff4
        5775000	       576	80000568	013475b3	and	x11,x8,x19	  x8:0x00000006 x19:0xffa0a756 x11=0x00000006
        5785000	       577	8000056c	00800293	addi	x5,x0,8	  x0:0x00000000  x5=0x00000008
        5795000	       578	80000570	01200993	addi	x19,x0,18	  x0:0x00000000 x19=0x00000012
        5805000	       579	80000574	c183ca13	xori	x20,x7,-1000	  x7:0x00000000 x20=0xfffffc18
        5815000	       580	80000578	413ad413	srai	x8,x21,0x13	 x21:0x00000000  x8=0x00000000
        5825000	       581	8000057c	00528293	addi	x5,x5,5	  x5:0x00000008  x5=0x0000000d
        5835000	       582	80000580	ff32cae3	blt	x5,x19,80000574	  x5:0x0000000d x19:0x00000012
        5845000	       583	00000000	00000013	addi	x0,x0,0	  x0:0x00000000
        5855000	       584	80000570	00000013	addi	x0,x0,0	  x0:0x00000000
        5865000	       585	80000574	c183ca13	xori	x20,x7,-1000	  x7:0x00000000 x20=0xfffffc18
        5875000	       586	80000578	413ad413	srai	x8,x21,0x13	 x21:0x00000000  x8=0x00000000
        5885000	       587	8000057c	00528293	addi	x5,x5,5	  x5:0x0000000d  x5=0x00000012
        5895000	       588	80000580	ff32cae3	blt	x5,x19,80000574	  x5:0x00000012 x19:0x00000012
        5905000	       589	80000584	a3a5a393	slti	x7,x11,-1478	 x11:0x00000006  x7=0x00000000
        5915000	       590	80000588	00700893	addi	x17,x0,7	  x0:0x00000000 x17=0x00000007
        5925000	       591	8000058c	c52e2313	slti	x6,x28,-942	 x28:0x83a109af  x6=0x00000001
        5935000	       592	80000590	01100793	addi	x15,x0,17	  x0:0x00000000 x15=0x00000011
        5945000	       593	80000594	0090f9b3	and	x19,x1,x9	  x1:0x00000005  x9:0x80009fc4 x19=0x00000004
        5955000	       594	80000598	09688093	addi	x1,x17,150	 x17:0x00000007  x1=0x0000009d
        5965000	       595	8000059c	00588893	addi	x17,x17,5	 x17:0x00000007 x17=0x0000000c
        5975000	       596	800005a0	40b20cb3	sub	x25,x4,x11	  x4:0x80009f84 x11:0x00000006 x25=0x80009f7e
        5985000	       597	800005a4	fef89ae3	bne	x17,x15,80000598	 x17:0x0000000c x15:0x00000011
        5995000	       598	00000000	00000013	addi	x0,x0,0	  x0:0x00000000
        6005000	       599	80000594	00000013	addi	x0,x0,0	  x0:0x00000000
        6015000	       600	80000598	09688093	addi	x1,x17,150	 x17:0x0000000c  x1=0x000000a2
        6025000	       601	8000059c	00588893	addi	x17,x17,5	 x17:0x0000000c x17=0x00000011
        6035000	       602	800005a0	40b20cb3	sub	x25,x4,x11	  x4:0x80009f84 x11:0x00000006 x25=0x80009f7e
        6045000	       603	800005a4	fef89ae3	bne	x17,x15,80000598	 x17:0x00000011 x15:0x00000011
        6055000	       604	800005a8	00000013	addi	x0,x0,0	  x0:0x00000000
        6065000	       605	800005ac	03bb8a63	beq	x23,x27,800005e0	 x23:0x95d4a000 x27:0x00000000
        6075000	       606	800005b0	058af263	bgeu	x21,x24,800005f4	 x21:0x00000000 x24:0xffffff71
        6085000	       607	800005b4	03c17863	bgeu	x2,x28,800005e4	  x2:0xfffffde8 x28:0x83a109af
        6095000	       608	00000000	00000013	addi	x0,x0,0	  x0:0x00000000
        6105000	       609	800005e0	00000013	addi	x0,x0,0	  x0:0x00000000
        6115000	       610	800005e4	01860863	beq	x12,x24,800005f4	 x12:0xffa00000 x24:0xffffff71
        6125000	       611	800005e8	d79b2c97	auipc	x25,0xd79b2	 x25=0x579b25e4
        6135000	       612	800005ec	01219033	sll	x0,x3,x18	  x3:0xffffffea x18:0x000001f8
        6145000	       613	800005f0	7e397193	andi	x3,x18,2019	 x18:0x000001f8  x3=0x000001e0
        6155000	       614	800005f4	020e0c63	beq	x28,x0,8000062c	 x28:0x83a109af  x0:0x00000000
        6165000	       615	800005f8	79c9ba93	sltiu	x21,x19,1948	 x19:0x00000004 x21=0x00000001
        6175000	       616	800005fc	a3bbb713	sltiu	x14,x23,-1477	 x23:0x95d4a000 x14=0x00000001
        6185000	       617	80000600	01204533	xor	x10,x0,x18	  x0:0x00000000 x18:0x000001f8 x10=0x000001f8
        6195000	       618	80000604	95348813	addi	x16,x9,-1709	  x9:0x80009fc4 x16=0x80009917
        6205000	       619	80000608	0132d313	srli	x6,x5,0x13	  x5:0x00000012  x6=0x00000000
        6215000	       620	8000060c	011abd33	sltu	x26,x21,x17	 x21:0x00000001 x17:0x00000011 x26=0x00000001
        6225000	       621	80000610	40985a93	srai	x21,x16,0x9	 x16:0x80009917 x21=0xffc0004c
        6235000	       622	80000614	004a5c93	srli	x25,x20,0x4	 x20:0xfffffc18 x25=0x0fffffc1
        6245000	       623	80000618	010f7463	bgeu	x30,x16,80000620	 x30:0xfffffff4 x16:0x80009917
        6255000	       624	00000000	00000013	addi	x0,x0,0	  x0:0x00000000
        6265000	       625	8000061c	00000013	addi	x0,x0,0	  x0:0x00000000
        6275000	       626	80000620	0422c463	blt	x5,x2,80000668	  x5:0x00000012  x2:0xfffffde8
        6285000	       627	80000624	5643e293	ori	x5,x7,1380	  x7:0x00000000  x5=0x00000564
        6295000	       628	80000628	4145d933	sra	x18,x11,x20	 x11:0x00000006 x20:0xfffffc18 x18=0x00000000
        6305000	       629	8000062c	00c5da93	srli	x21,x11,0xc	 x11:0x00000006 x21=0x00000000
        6315000	       630	80000630	00000013	addi	x0,x0,0	  x0:0x00000000
        6325000	       631	80000634	00000013	addi	x0,x0,0	  x0:0x00000000
        6335000	       632	80000638	04008863	beq	x1,x0,80000688	  x1:0x000000a2  x0:0x00000000
        6345000	       633	8000063c	7d074b93	xori	x23,x14,2000	 x14:0x00000001 x23=0x000007d1
        6355000	       634	80000640	00790133	add	x2,x18,x7	 x18:0x00000000  x7:0x00000000  x2=0x00000000
        6365000	       635	80000644	014dedb3	or	x27,x27,x20	 x27:0x00000000 x20:0xfffffc18 x27=0xfffffc18
        6375000	       636	80000648	2ad9a713	slti	x14,x19,685	 x19:0x00000004 x14=0x00000001
        6385000	       637	8000064c	03429263	bne	x5,x20,80000670	  x5:0x00000564 x20:0xfffffc18
        6395000	       638	00000000	00000013	addi	x0,x0,0	  x0:0x00000000
        6405000	       639	8000066c	00000013	addi	x0,x0,0	  x0:0x00000000
        6415000	       640	80000670	f2f33813	sltiu	x16,x6,-209	  x6:0x00000000 x16=0x00000001
        6425000	       641	80000674	a648a293	slti	x5,x17,-1436	 x17:0x00000011  x5=0x00000000
        6435000	       642	80000678	88660093	addi	x1,x12,-1914	 x12:0xffa00000  x1=0xff9ff886
        6445000	       643	8000067c	f6650d93	addi	x27,x10,-154	 x10:0x000001f8 x27=0x0000015e
        6455000	       644	80000680	00db33b3	sltu	x7,x22,x13	 x22:0xfffffffd x13:0x00000005  x7=0x00000000
        6465000	       645	80000684	e8482b93	slti	x23,x16,-380	 x16:0x00000001 x23=0x00000000
        6475000	       646	80000688	ff52c913	xori	x18,x5,-11	  x5:0x00000000 x18=0xfffffff5
        6485000	       647	8000068c	00000013	addi	x0,x0,0	  x0:0x00000000
        6495000	       648	80000690	40cc8833	sub	x16,x25,x12	 x25:0x0fffffc1 x12:0xffa00000 x16=0x105fffc1
        6505000	       649	80000694	01fb5b93	srli	x23,x22,0x1f	 x22:0xfffffffd x23=0x00000001
        6515000	       650	80000698	03d38863	beq	x7,x29,800006c8	  x7:0x00000000 x29:0x00000000
        6525000	       651	00000000	00000013	addi	x0,x0,0	  x0:0x00000000
        6535000	       652	800006c4	00000013	addi	x0,x0,0	  x0:0x00000000
        6545000	       653	800006c8	004de533	or	x10,x27,x4	 x27:0x0000015e  x4:0x80009f84 x10=0x80009fde
        6555000	       654	800006cc	41d587b3	sub	x15,x11,x29	 x11:0x00000006 x29:0x00000000 x15=0x00000006
        6565000	       655	800006d0	1662a893	slti	x17,x5,358	  x5:0x00000000 x17=0x00000001
        6575000	       656	800006d4	00c34eb3	xor	x29,x6,x12	  x6:0x00000000 x12:0xffa00000 x29=0xffa00000
        6585000	       657	800006d8	40a60133	sub	x2,x12,x10	 x12:0xffa00000 x10:0x80009fde  x2=0x7f9f6022
        6595000	       658	800006dc	01129713	slli	x14,x5,0x11	  x5:0x00000000 x14=0x00000000
        6605000	       659	800006e0	05426863	bltu	x4,x20,80000730	  x4:0x80009f84 x20:0xfffffc18
        6615000	       660	00000000	00000013	addi	x0,x0,0	  x0:0x00000000
        6625000	       661	8000072c	00000013	addi	x0,x0,0	  x0:0x00000000
        6635000	       662	80000730	ece71717	auipc	x14,0xece71	 x14=0x6ce7172c
        6645000	       663	80000734	72988f17	auipc	x30,0x72988	 x30=0xf2988730
        6655000	       664	80000738	0044f433	and	x8,x9,x4	  x9:0x80009fc4  x4:0x80009f84  x8=0x80009f84
        6665000	       665	8000073c	01a4ec63	bltu	x9,x26,80000754	  x9:0x80009fc4 x26:0x00000001
        6675000	       666	80000740	05985663	bge	x16,x25,8000078c	 x16:0x105fffc1 x25:0x0fffffc1
        6685000	       667	00000000	00000013	addi	x0,x0,0	  x0:0x00000000
        6695000	       668	80000788	00000013	addi	x0,x0,0	  x0:0x00000000
        6705000	       669	8000078c	af275eb7	lui	x29,0xaf275	 x29=0xaf275000
        6715000	       670	80000790	00700413	addi	x8,x0,7	  x0:0x00000000  x8=0x00000007
        6725000	       671	80000794	41150f33	sub	x30,x10,x17	 x10:0x80009fde x17:0x00000001 x30=0x80009fdd
        6735000	       672	80000798	996c87b7	lui	x15,0x996c8	 x15=0x996c8000
        6745000	       673	8000079c	009e2bb3	slt	x23,x28,x9	 x28:0x83a109af  x9:0x80009fc4 x23=0x00000000
        6755000	       674	800007a0	00f00b13	addi	x22,x0,15	  x0:0x00000000 x22=0x0000000f
        6765000	       675	800007a4	018aebb3	or	x23,x21,x24	 x21:0x00000000 x24:0xffffff71 x23=0xffffff71
        6775000	       676	800007a8	01ef80b3	add	x1,x31,x30	 x31:0x00000000 x30:0x80009fdd  x1=0x80009fdd
        6785000	       677	800007ac	00435c33	srl	x24,x6,x4	  x6:0x00000000  x4:0x80009f84 x24=0x00000000
        6795000	       678	800007b0	00840413	addi	x8,x8,8	  x8:0x00000007  x8=0x0000000f
        6805000	       679	800007b4	01771713	slli	x14,x14,0x17	 x14:0x6ce7172c x14=0x96000000
        6815000	       680	800007b8	c9ede293	ori	x5,x27,-866	 x27:0x0000015e  x5=0xfffffdde
        6825000	       681	800007bc	ffe00993	addi	x19,x0,-2	  x0:0x00000000 x19=0xfffffffe
        6835000	       682	800007c0	00600593	addi	x11,x0,6	  x0:0x00000000 x11=0x00000006
        6845000	       683	800007c4	018a9bb3	sll	x23,x21,x24	 x21:0x00000000 x24:0x00000000 x23=0x00000000
        6855000	       684	800007c8	406408b3	sub	x17,x8,x6	  x8:0x0000000f  x6:0x00000000 x17=0x0000000f
        6865000	       685	800007cc	4020d833	sra	x16,x1,x2	  x1:0x80009fdd  x2:0x7f9f6022 x16=0xe00027f7
        6875000	       686	800007d0	00b63033	sltu	x0,x12,x11	 x12:0xffa00000 x11:0x00000006
        6885000	       687	800007d4	01d79033	sll	x0,x15,x29	 x15:0x996c8000 x29:0xaf275000
        6895000	       688	800007d8	018be2b3	or	x5,x23,x24	 x23:0x00000000 x24:0x00000000  x5=0x00000000
        6905000	       689	800007dc	40e55533	sra	x10,x10,x14	 x10:0x80009fde x14:0x96000000 x10=0x80009fde
        6915000	       690	800007e0	00398993	addi	x19,x19,3	 x19:0xfffffffe x19=0x00000001
        6925000	       691	800007e4	101ca913	slti	x18,x25,257	 x25:0x0fffffc1 x18=0x00000000
        6935000	       692	800007e8	ad532713	slti	x14,x6,-1323	  x6:0x00000000 x14=0x00000000
        6945000	       693	800007ec	feb9e6e3	bltu	x19,x11,800007d8	 x19:0x00000001 x11:0x00000006
        6955000	       694	00000000	00000013	addi	x0,x0,0	  x0:0x00000000
        6965000	       695	800007d4	00000013	addi	x0,x0,0	  x0:0x00000000
        6975000	       696	800007d8	018be2b3	or	x5,x23,x24	 x23:0x00000000 x24:0x00000000  x5=0x00000000
        6985000	       697	800007dc	40e55533	sra	x10,x10,x14	 x10:0x80009fde x14:0x00000000 x10=0x80009fde
        6995000	       698	800007e0	00398993	addi	x19,x19,3	 x19:0x00000001 x19=0x00000004
        7005000	       699	800007e4	101ca913	slti	x18,x25,257	 x25:0x0fffffc1 x18=0x00000000
        7015000	       700	800007e8	ad532713	slti	x14,x6,-1323	  x6:0x00000000 x14=0x00000000
        7025000	       701	800007ec	feb9e6e3	bltu	x19,x11,800007d8	 x19:0x00000004 x11:0x00000006
        7035000	       702	00000000	00000013	addi	x0,x0,0	  x0:0x00000000
        7045000	       703	800007d4	00000013	addi	x0,x0,0	  x0:0x00000000
        7055000	       704	800007d8	018be2b3	or	x5,x23,x24	 x23:0x00000000 x24:0x00000000  x5=0x00000000
        7065000	       705	800007dc	40e55533	sra	x10,x10,x14	 x10:0x80009fde x14:0x00000000 x10=0x80009fde
        7075000	       706	800007e0	00398993	addi	x19,x19,3	 x19:0x00000004 x19=0x00000007
        7085000	       707	800007e4	101ca913	slti	x18,x25,257	 x25:0x0fffffc1 x18=0x00000000
        7095000	       708	800007e8	ad532713	slti	x14,x6,-1323	  x6:0x00000000 x14=0x00000000
        7105000	       709	800007ec	feb9e6e3	bltu	x19,x11,800007d8	 x19:0x00000007 x11:0x00000006
        7115000	       710	800007f0	00c94eb3	xor	x29,x18,x12	 x18:0x00000000 x12:0xffa00000 x29=0xffa00000
        7125000	       711	800007f4	001b1733	sll	x14,x22,x1	 x22:0x0000000f  x1:0x80009fdd x14=0xe0000000
        7135000	       712	800007f8	40588ab3	sub	x21,x17,x5	 x17:0x0000000f  x5:0x00000000 x21=0x0000000f
        7145000	       713	800007fc	01f2e1b3	or	x3,x5,x31	  x5:0x00000000 x31:0x00000000  x3=0x00000000
        7155000	       714	80000800	01af2033	slt	x0,x30,x26	 x30:0x80009fdd x26:0x00000001
        7165000	       715	80000804	fb6410e3	bne	x8,x22,800007a4	  x8:0x0000000f x22:0x0000000f
        7175000	       716	80000808	002f6bb3	or	x23,x30,x2	 x30:0x80009fdd  x2:0x7f9f6022 x23=0xff9fffff
        7185000	       717	8000080c	3853fd93	andi	x27,x7,901	  x7:0x00000000 x27=0x00000000
        7195000	       718	80000810	409587b3	sub	x15,x11,x9	 x11:0x00000006  x9:0x80009fc4 x15=0x7fff6042
        7205000	       719	80000814	0090c463	blt	x1,x9,8000081c	  x1:0x80009fdd  x9:0x80009fc4
        7215000	       720	80000818	04169463	bne	x13,x1,80000860	 x13:0x00000005  x1:0x80009fdd
        7225000	       721	00000000	00000013	addi	x0,x0,0	  x0:0x00000000
        7235000	       722	8000085c	00000013	addi	x0,x0,0	  x0:0x00000000
        7245000	       723	80000860	00729463	bne	x5,x7,80000868	  x5:0x00000000  x7:0x00000000
        7255000	       724	80000864	01e1d9b3	srl	x19,x3,x30	  x3:0x00000000 x30:0x80009fdd x19=0x00000000
        7265000	       725	80000868	01371863	bne	x14,x19,80000878	 x14:0xe0000000 x19:0x00000000
        7275000	       726	00000000	00000013	addi	x0,x0,0	  x0:0x00000000
        7285000	       727	80000874	00000013	addi	x0,x0,0	  x0:0x00000000
        7295000	       728	80000878	4c837417	auipc	x8,0x4c837	  x8=0xcc837874
        7305000	       729	8000087c	a81fb993	sltiu	x19,x31,-1407	 x31:0x00000000 x19=0x00000001
        7315000	       730	80000880	00922c33	slt	x24,x4,x9	  x4:0x80009f84  x9:0x80009fc4 x24=0x00000001
        7325000	       731	80000884	00c72733	slt	x14,x14,x12	 x14:0xe0000000 x12:0xffa00000 x14=0x00000001
        7335000	       732	80000888	01ae4833	xor	x16,x28,x26	 x28:0x83a109af x26:0x00000001 x16=0x83a109ae
        7345000	       733	8000088c	01071db3	sll	x27,x14,x16	 x14:0x00000001 x16:0x83a109ae x27=0x00004000
        7355000	       734	80000890	017478b3	and	x17,x8,x23	  x8:0xcc837874 x23:0xff9fffff x17=0xcc837874
        7365000	       735	80000894	40ef85b3	sub	x11,x31,x14	 x31:0x00000000 x14:0x00000001 x11=0xffffffff
        7375000	       736	80000898	008cac33	slt	x24,x25,x8	 x25:0x0fffffc1  x8:0xcc837874 x24=0x00000000
        7385000	       737	8000089c	05324463	blt	x4,x19,800008e4	  x4:0x80009f84 x19:0x00000001
        7395000	       738	00000000	00000013	addi	x0,x0,0	  x0:0x00000000
        7405000	       739	800008e0	00000013	addi	x0,x0,0	  x0:0x00000000
        7415000	       740	800008e4	51eb8137	lui	x2,0x51eb8	  x2=0x51eb8000
        7425000	       741	800008e8	0138fd37	lui	x26,0x138f	 x26=0x0138f000
        7435000	       742	800008ec	400ad793	srai	x15,x21,0x0	 x21:0x0000000f x15=0x0000000f
        7445000	       743	800008f0	3c25a293	slti	x5,x11,962	 x11:0xffffffff  x5=0x00000001
        7455000	       744	800008f4	04a8d263	bge	x17,x10,80000938	 x17:0xcc837874 x10:0x80009fde
        7465000	       745	00000000	00000013	addi	x0,x0,0	  x0:0x00000000
        7475000	       746	80000934	00000013	addi	x0,x0,0	  x0:0x00000000
        7485000	       747	80000938	01964c63	blt	x12,x25,80000950	 x12:0xffa00000 x25:0x0fffffc1
        7495000	       748	00000000	00000013	addi	x0,x0,0	  x0:0x00000000
        7505000	       749	8000094c	00000013	addi	x0,x0,0	  x0:0x00000000
        7515000	       750	80000950	015d4863	blt	x26,x21,80000960	 x26:0x0138f000 x21:0x0000000f
        7525000	       751	80000954	93f96f17	auipc	x30,0x93f96	 x30=0x13f96950
        7535000	       752	80000958	314a6f93	ori	x31,x20,788	 x20:0xfffffc18 x31=0xffffff1c
        7545000	       753	8000095c	03494263	blt	x18,x20,80000980	 x18:0x00000000 x20:0xfffffc18
        7555000	       754	80000960	018d4bb3	xor	x23,x26,x24	 x26:0x0138f000 x24:0x00000000 x23=0x0138f000
        7565000	       755	80000964	023cd263	bge	x25,x3,80000988	 x25:0x0fffffc1  x3:0x00000000
        7575000	       756	00000000	00000013	addi	x0,x0,0	  x0:0x00000000
        7585000	       757	80000984	00000013	addi	x0,x0,0	  x0:0x00000000
        7595000	       758	80000988	41aa5913	srai	x18,x20,0x1a	 x20:0xfffffc18 x18=0xffffffff
        7605000	       759	8000098c	405e0333	sub	x6,x28,x5	 x28:0x83a109af  x5:0x00000001  x6=0x83a109ae
        7615000	       760	80000990	0129ca63	blt	x19,x18,800009a4	 x19:0x00000001 x18:0xffffffff
        7625000	       761	80000994	0091f433	and	x8,x3,x9	  x3:0x00000000  x9:0x80009fc4  x8=0x00000000
        7635000	       762	80000998	a7de7e93	andi	x29,x28,-1411	 x28:0x83a109af x29=0x83a1082d
        7645000	       763	8000099c	02e78863	beq	x15,x14,800009cc	 x15:0x0000000f x14:0x00000001
        7655000	       764	800009a0	04c09463	bne	x1,x12,800009e8	  x1:0x80009fdd x12:0xffa00000
        7665000	       765	00000000	00000013	addi	x0,x0,0	  x0:0x00000000
        7675000	       766	800009e4	00000013	addi	x0,x0,0	  x0:0x00000000
        7685000	       767	800009e8	40195533	sra	x10,x18,x1	 x18:0xffffffff  x1:0x80009fdd x10=0xffffffff
        7695000	       768	800009ec	0bb7bf13	sltiu	x30,x15,187	 x15:0x0000000f x30=0x00000001
        7705000	       769	800009f0	00000013	addi	x0,x0,0	  x0:0x00000000
        7715000	       770	800009f4	05959263	bne	x11,x25,80000a38	 x11:0xffffffff x25:0x0fffffc1
        7725000	       771	00000000	00000013	addi	x0,x0,0	  x0:0x00000000
        7735000	       772	80000a34	00000013	addi	x0,x0,0	  x0:0x00000000
        7745000	       773	80000a38	028fe263	bltu	x31,x8,80000a5c	 x31:0xffffff1c  x8:0x00000000
        7755000	       774	80000a3c	0178f5b3	and	x11,x17,x23	 x17:0xcc837874 x23:0x0138f000 x11=0x00007000
        7765000	       775	80000a40	5a532993	slti	x19,x6,1445	  x6:0x83a109ae x19=0x00000001
        7775000	       776	80000a44	88e90d13	addi	x26,x18,-1906	 x18:0xffffffff x26=0xfffff88d
        7785000	       777	80000a48	489e9197	auipc	x3,0x489e9	  x3=0xc89e9a44
        7795000	       778	80000a4c	018a2fb3	slt	x31,x20,x24	 x20:0xfffffc18 x24:0x00000000 x31=0x00000001
        7805000	       779	80000a50	07013417	auipc	x8,0x7013	  x8=0x87013a4c
        7815000	       780	80000a54	02a0f063	bgeu	x1,x10,80000a74	  x1:0x80009fdd x10:0xffffffff
        7825000	       781	80000a58	045df263	bgeu	x27,x5,80000a9c	 x27:0x00004000  x5:0x00000001
        7835000	       782	00000000	00000013	addi	x0,x0,0	  x0:0x00000000
        7845000	       783	80000a98	00000013	addi	x0,x0,0	  x0:0x00000000
        7855000	       784	80000a9c	01ac5c13	srli	x24,x24,0x1a	 x24:0x00000000 x24=0x00000000
        7865000	       785	80000aa0	a091cc93	xori	x25,x3,-1527	  x3:0xc89e9a44 x25=0x3761604d
        7875000	       786	80000aa4	eedec113	xori	x2,x29,-275	 x29:0x83a1082d  x2=0x7c5ef6c0
        7885000	       787	80000aa8	92b08513	addi	x10,x1,-1749	  x1:0x80009fdd x10=0x80009908
        7895000	       788	80000aac	02719e63	bne	x3,x7,80000ae8	  x3:0xc89e9a44  x7:0x00000000
        7905000	       789	00000000	00000013	addi	x0,x0,0	  x0:0x00000000
        7915000	       790	80000ae4	00000013	addi	x0,x0,0	  x0:0x00000000
        7925000	       791	80000ae8	035bd863	bge	x23,x21,80000b18	 x23:0x0138f000 x21:0x0000000f
        7935000	       792	00000000	00000013	addi	x0,x0,0	  x0:0x00000000
        7945000	       793	80000b14	00000013	addi	x0,x0,0	  x0:0x00000000
        7955000	       794	80000b18	01b71093	slli	x1,x14,0x1b	 x14:0x00000001  x1=0x08000000
        7965000	       795	80000b1c	013f8533	add	x10,x31,x19	 x31:0x00000001 x19:0x00000001 x10=0x00000002
        7975000	       796	80000b20	00d62b33	slt	x22,x12,x13	 x12:0xffa00000 x13:0x00000005 x22=0x00000001
        7985000	       797	80000b24	014ada13	srli	x20,x21,0x14	 x21:0x0000000f x20=0x00000000
        7995000	       798	80000b28	cdd44e93	xori	x29,x8,-803	  x8:0x87013a4c x29=0x78fec691
        8005000	       799	80000b2c	40540933	sub	x18,x8,x5	  x8:0x87013a4c  x5:0x00000001 x18=0x87013a4b
        8015000	       800	80000b30	00ed21b3	slt	x3,x26,x14	 x26:0xfffff88d x14:0x00000001  x3=0x00000001
        8025000	       801	80000b34	00b5b7b3	sltu	x15,x11,x11	 x11:0x00007000 x11:0x00007000 x15=0x00000000
        8035000	       802	80000b38	d0c6b893	sltiu	x17,x13,-756	 x13:0x00000005 x17=0x00000001
        8045000	       803	80000b3c	405f87b3	sub	x15,x31,x5	 x31:0x00000001  x5:0x00000001 x15=0x00000000
        8055000	       804	80000b40	008e3d33	sltu	x26,x28,x8	 x28:0x83a109af  x8:0x87013a4c x26=0x00000001
        8065000	       805	80000b44	00490863	beq	x18,x4,80000b54	 x18:0x87013a4b  x4:0x80009f84
        8075000	       806	80000b48	40258d13	addi	x26,x11,1026	 x11:0x00007000 x26=0x00007402
        8085000	       807	80000b4c	0b587917	auipc	x18,0xb587	 x18=0x8b587b48
        8095000	       808	80000b50	010b8533	add	x10,x23,x16	 x23:0x0138f000 x16:0x83a109ae x10=0x84d9f9ae
        8105000	       809	80000b54	878f1ab7	lui	x21,0x878f1	 x21=0x878f1000
        8115000	       810	80000b58	01351cb3	sll	x25,x10,x19	 x10:0x84d9f9ae x19:0x00000001 x25=0x09b3f35c
        8125000	       811	80000b5c	001bca63	blt	x23,x1,80000b70	 x23:0x0138f000  x1:0x08000000
        8135000	       812	00000000	00000013	addi	x0,x0,0	  x0:0x00000000
        8145000	       813	80000b6c	00000013	addi	x0,x0,0	  x0:0x00000000
        8155000	       814	80000b70	010d0463	beq	x26,x16,80000b78	 x26:0x00007402 x16:0x83a109ae
        8165000	       815	80000b74	00cb4733	xor	x14,x22,x12	 x22:0x00000001 x12:0xffa00000 x14=0xffa00001
        8175000	       816	80000b78	00ccfeb3	and	x29,x25,x12	 x25:0x09b3f35c x12:0xffa00000 x29=0x09a00000
        8185000	       817	80000b7c	ada80013	addi	x0,x16,-1318	 x16:0x83a109ae
        8195000	       818	80000b80	00eedb13	srli	x22,x29,0xe	 x29:0x09a00000 x22=0x00002680
        8205000	       819	80000b84	01089933	sll	x18,x17,x16	 x17:0x00000001 x16:0x83a109ae x18=0x00004000
        8215000	       820	80000b88	01d4d093	srli	x1,x9,0x1d	  x9:0x80009fc4  x1=0x00000004
        8225000	       821	80000b8c	7d277d97	auipc	x27,0x7d277	 x27=0xfd277b88
        8235000	       822	80000b90	00ebc0b3	xor	x1,x23,x14	 x23:0x0138f000 x14:0xffa00001  x1=0xfe98f001
        8245000	       823	80000b94	00402eb3	slt	x29,x0,x4	  x0:0x00000000  x4:0x80009f84 x29=0x00000000
        8255000	       824	80000b98	012d0533	add	x10,x26,x18	 x26:0x00007402 x18:0x00004000 x10=0x0000b402
        8265000	       825	80000b9c	f0ee0b97	auipc	x23,0xf0ee0	 x23=0x70ee0b98
        8275000	       826	80000ba0	7ab1ed37	lui	x26,0x7ab1e	 x26=0x7ab1e000
        8285000	       827	80000ba4	409ed313	srai	x6,x29,0x9	 x29:0x00000000  x6=0x00000000
        8295000	       828	80000ba8	62962a13	slti	x20,x12,1577	 x12:0xffa00000 x20=0x00000001
        8305000	       829	80000bac	80a1fb13	andi	x22,x3,-2038	  x3:0x00000001 x22=0x00000000
        8315000	       830	80000bb0	f35fed93	ori	x27,x31,-203	 x31:0x00000001 x27=0xffffff35
        8325000	       831	80000bb4	2a716f13	ori	x30,x2,679	  x2:0x7c5ef6c0 x30=0x7c5ef6e7
        8335000	       832	80000bb8	9e603993	sltiu	x19,x0,-1562	  x0:0x00000000 x19=0x00000001
        8345000	       833	80000bbc	00424ab3	xor	x21,x4,x4	  x4:0x80009f84  x4:0x80009f84 x21=0x00000000
        8355000	       834	80000bc0	0018da63	bge	x17,x1,80000bd4	 x17:0x00000001  x1:0xfe98f001
        8365000	       835	00000000	00000013	addi	x0,x0,0	  x0:0x00000000
        8375000	       836	80000bd0	00000013	addi	x0,x0,0	  x0:0x00000000
        8385000	       837	80000bd4	07060263	beq	x12,x16,80000c38	 x12:0xffa00000 x16:0x83a109ae
        8395000	       838	80000bd8	8f4d3993	sltiu	x19,x26,-1804	 x26:0x7ab1e000 x19=0x00000001
        8405000	       839	80000bdc	012515b3	sll	x11,x10,x18	 x10:0x0000b402 x18:0x00004000 x11=0x0000b402
        8415000	       840	80000be0	00b272b3	and	x5,x4,x11	  x4:0x80009f84 x11:0x0000b402  x5=0x00009400
        8425000	       841	80000be4	00ff9513	slli	x10,x31,0xf	 x31:0x00000001 x10=0x00008000
        8435000	       842	80000be8	0122f463	bgeu	x5,x18,80000bf0	  x5:0x00009400 x18:0x00004000
        8445000	       843	00000000	00000013	addi	x0,x0,0	  x0:0x00000000
        8455000	       844	80000bec	00000013	addi	x0,x0,0	  x0:0x00000000
        8465000	       845	80000bf0	31b44617	auipc	x12,0x31b44	 x12=0xb1b44bec
        8475000	       846	80000bf4	00001597	auipc	x11,0x1	 x11=0x80001bf0
        8485000	       847	80000bf8	af058593	addi	x11,x11,-1296	 x11:0x80001bf0 x11=0x800016e0
        8495000	       848	80000bfc	e4560613	addi	x12,x12,-443	 x12:0xb1b44bec x12=0xb1b44a31
        8505000	       849	80000c00	17558593	addi	x11,x11,373	 x11:0x800016e0 x11=0x80001855
        8515000	       850	80000c04	0021c833	xor	x16,x3,x2	  x3:0x00000001  x2:0x7c5ef6c0 x16=0x7c5ef6c1
        8525000	       851	80000c08	61b7ba97	auipc	x21,0x61b7b	 x21=0xe1b7bc04
        8535000	       852	80000c0c	01bafcb3	and	x25,x21,x27	 x21:0xe1b7bc04 x27:0xffffff35 x25=0xe1b7bc04
        8545000	       853	80000c10	c5e36313	ori	x6,x6,-930	  x6:0x00000000  x6=0xfffffc5e
        8555000	       854	80000c14	00ccc6b3	xor	x13,x25,x12	 x25:0xe1b7bc04 x12:0xb1b44a31 x13=0x5003f635
        8565000	       855	80000c18	4034d3b3	sra	x7,x9,x3	  x9:0x80009fc4  x3:0x00000001  x7=0xc0004fe2
        8575000	       856	80000c1c	007fe033	or	x0,x31,x7	 x31:0x00000001  x7:0xc0004fe2
        8585000	       857	80000c20	e8c582e7	jalr	x5,x11,-372	 x11:0x80001855  x5=0x80000c20
        8595000	       858	00000000	00000013	addi	x0,x0,0	  x0:0x00000000
        8605000	       859	800016e0	00000013	addi	x0,x0,0	  x0:0x00000000
        8615000	       860	800016e4	0083d463	bge	x7,x8,800016ec	  x7:0xc0004fe2  x8:0x87013a4c
        8625000	       861	00000000	00000013	addi	x0,x0,0	  x0:0x00000000
        8635000	       862	800016e8	00000013	addi	x0,x0,0	  x0:0x00000000
        8645000	       863	800016ec	fdc20213	addi	x4,x4,-36	  x4:0x80009f84  x4=0x80009f60
        8655000	       864	800016f0	a3aa6c13	ori	x24,x20,-1478	 x20:0x00000001 x24=0xfffffa3b
        8665000	       865	800016f4	a79dee93	ori	x29,x27,-1415	 x27:0xffffff35 x29=0xffffff7d
        8675000	       866	800016f8	cac68e93	addi	x29,x13,-852	 x13:0x5003f635 x29=0x5003f2e1
        8685000	       867	800016fc	00522223	sw	x5,4(x4)	  x4:0x80009f60  x5:0x80000c20 PA:0x80009f64
        8695000	       868	80001700	11b18a17	auipc	x20,0x11b18	 x20=0x91b196fc
        8705000	       869	80001704	019e6a33	or	x20,x28,x25	 x28:0x83a109af x25:0xe1b7bc04 x20=0xe3b7bdaf
        8715000	       870	80001708	00400713	addi	x14,x0,4	  x0:0x00000000 x14=0x00000004
        8725000	       871	8000170c	00000013	addi	x0,x0,0	  x0:0x00000000
        8735000	       872	80001710	541f8b93	addi	x23,x31,1345	 x31:0x00000001 x23=0x00000542
        8745000	       873	80001714	413add33	sra	x26,x21,x19	 x21:0xe1b7bc04 x19:0x00000001 x26=0xf0dbde02
        8755000	       874	80001718	01200d93	addi	x27,x0,18	  x0:0x00000000 x27=0x00000012
        8765000	       875	8000171c	9d94b913	sltiu	x18,x9,-1575	  x9:0x80009fc4 x18=0x00000001
        8775000	       876	80001720	0172efb3	or	x31,x5,x23	  x5:0x80000c20 x23:0x00000542 x31=0x80000d62
        8785000	       877	80001724	00770713	addi	x14,x14,7	 x14:0x00000004 x14=0x0000000b
        8795000	       878	80001728	00c55c93	srli	x25,x10,0xc	 x10:0x00008000 x25=0x00000008
        8805000	       879	8000172c	017877b3	and	x15,x16,x23	 x16:0x7c5ef6c1 x23:0x00000542 x15=0x00000440
        8815000	       880	80001730	00800113	addi	x2,x0,8	  x0:0x00000000  x2=0x00000008
        8825000	       881	80001734	9e3223b7	lui	x7,0x9e322	  x7=0x9e322000
        8835000	       882	80001738	00400693	addi	x13,x0,4	  x0:0x00000000 x13=0x00000004
        8845000	       883	8000173c	00000013	addi	x0,x0,0	  x0:0x00000000
        8855000	       884	80001740	157ec193	xori	x3,x29,343	 x29:0x5003f2e1  x3=0x5003f3b6
        8865000	       885	80001744	01705f13	srli	x30,x0,0x17	  x0:0x00000000 x30=0x00000000
        8875000	       886	80001748	7658f993	andi	x19,x17,1893	 x17:0x00000001 x19=0x00000001
        8885000	       887	8000174c	411489b3	sub	x19,x9,x17	  x9:0x80009fc4 x17:0x00000001 x19=0x80009fc3
        8895000	       888	80001750	7c526793	ori	x15,x4,1989	  x4:0x80009f60 x15=0x80009fe5
        8905000	       889	80001754	22c78813	addi	x16,x15,556	 x15:0x80009fe5 x16=0x8000a211
        8915000	       890	80001758	ffd10113	addi	x2,x2,-3	  x2:0x00000008  x2=0x00000005
        8925000	       891	8000175c	019e8033	add	x0,x29,x25	 x29:0x5003f2e1 x25:0x00000008
        8935000	       892	80001760	fed174e3	bgeu	x2,x13,80001748	  x2:0x00000005 x13:0x00000004
        8945000	       893	00000000	00000013	addi	x0,x0,0	  x0:0x00000000
        8955000	       894	80001744	00000013	addi	x0,x0,0	  x0:0x00000000
        8965000	       895	80001748	7658f993	andi	x19,x17,1893	 x17:0x00000001 x19=0x00000001
        8975000	       896	8000174c	411489b3	sub	x19,x9,x17	  x9:0x80009fc4 x17:0x00000001 x19=0x80009fc3
        8985000	       897	80001750	7c526793	ori	x15,x4,1989	  x4:0x80009f60 x15=0x80009fe5
        8995000	       898	80001754	22c78813	addi	x16,x15,556	 x15:0x80009fe5 x16=0x8000a211
        9005000	       899	80001758	ffd10113	addi	x2,x2,-3	  x2:0x00000005  x2=0x00000002
        9015000	       900	8000175c	019e8033	add	x0,x29,x25	 x29:0x5003f2e1 x25:0x00000008
        9025000	       901	80001760	fed174e3	bgeu	x2,x13,80001748	  x2:0x00000002 x13:0x00000004
        9035000	       902	80001764	176cf193	andi	x3,x25,374	 x25:0x00000008  x3=0x00000000
        9045000	       903	80001768	4b122c93	slti	x25,x4,1201	  x4:0x80009f60 x25=0x00000001
        9055000	       904	8000176c	fbb71ae3	bne	x14,x27,80001720	 x14:0x0000000b x27:0x00000012
        9065000	       905	00000000	00000013	addi	x0,x0,0	  x0:0x00000000
        9075000	       906	8000171c	00000013	addi	x0,x0,0	  x0:0x00000000
        9085000	       907	80001720	0172efb3	or	x31,x5,x23	  x5:0x80000c20 x23:0x00000542 x31=0x80000d62
        9095000	       908	80001724	00770713	addi	x14,x14,7	 x14:0x0000000b x14=0x00000012
        9105000	       909	80001728	00c55c93	srli	x25,x10,0xc	 x10:0x00008000 x25=0x00000008
        9115000	       910	8000172c	017877b3	and	x15,x16,x23	 x16:0x8000a211 x23:0x00000542 x15=0x00000000
        9125000	       911	80001730	00800113	addi	x2,x0,8	  x0:0x00000000  x2=0x00000008
        9135000	       912	80001734	9e3223b7	lui	x7,0x9e322	  x7=0x9e322000
        9145000	       913	80001738	00400693	addi	x13,x0,4	  x0:0x00000000 x13=0x00000004
        9155000	       914	8000173c	00000013	addi	x0,x0,0	  x0:0x00000000
        9165000	       915	80001740	157ec193	xori	x3,x29,343	 x29:0x5003f2e1  x3=0x5003f3b6
        9175000	       916	80001744	01705f13	srli	x30,x0,0x17	  x0:0x00000000 x30=0x00000000
        9185000	       917	80001748	7658f993	andi	x19,x17,1893	 x17:0x00000001 x19=0x00000001
        9195000	       918	8000174c	411489b3	sub	x19,x9,x17	  x9:0x80009fc4 x17:0x00000001 x19=0x80009fc3
        9205000	       919	80001750	7c526793	ori	x15,x4,1989	  x4:0x80009f60 x15=0x80009fe5
        9215000	       920	80001754	22c78813	addi	x16,x15,556	 x15:0x80009fe5 x16=0x8000a211
        9225000	       921	80001758	ffd10113	addi	x2,x2,-3	  x2:0x00000008  x2=0x00000005
        9235000	       922	8000175c	019e8033	add	x0,x29,x25	 x29:0x5003f2e1 x25:0x00000008
        9245000	       923	80001760	fed174e3	bgeu	x2,x13,80001748	  x2:0x00000005 x13:0x00000004
        9255000	       924	00000000	00000013	addi	x0,x0,0	  x0:0x00000000
        9265000	       925	80001744	00000013	addi	x0,x0,0	  x0:0x00000000
        9275000	       926	80001748	7658f993	andi	x19,x17,1893	 x17:0x00000001 x19=0x00000001
        9285000	       927	8000174c	411489b3	sub	x19,x9,x17	  x9:0x80009fc4 x17:0x00000001 x19=0x80009fc3
        9295000	       928	80001750	7c526793	ori	x15,x4,1989	  x4:0x80009f60 x15=0x80009fe5
        9305000	       929	80001754	22c78813	addi	x16,x15,556	 x15:0x80009fe5 x16=0x8000a211
        9315000	       930	80001758	ffd10113	addi	x2,x2,-3	  x2:0x00000005  x2=0x00000002
        9325000	       931	8000175c	019e8033	add	x0,x29,x25	 x29:0x5003f2e1 x25:0x00000008
        9335000	       932	80001760	fed174e3	bgeu	x2,x13,80001748	  x2:0x00000002 x13:0x00000004
        9345000	       933	80001764	176cf193	andi	x3,x25,374	 x25:0x00000008  x3=0x00000000
        9355000	       934	80001768	4b122c93	slti	x25,x4,1201	  x4:0x80009f60 x25=0x00000001
        9365000	       935	8000176c	fbb71ae3	bne	x14,x27,80001720	 x14:0x00000012 x27:0x00000012
        9375000	       936	80001770	2971cd13	xori	x26,x3,663	  x3:0x00000000 x26=0x00000297
        9385000	       937	80001774	00300c93	addi	x25,x0,3	  x0:0x00000000 x25=0x00000003
        9395000	       938	80001778	fff00193	addi	x3,x0,-1	  x0:0x00000000  x3=0xffffffff
        9405000	       939	8000177c	00789793	slli	x15,x17,0x7	 x17:0x00000001 x15=0x00000080
        9415000	       940	80001780	13e76013	ori	x0,x14,318	 x14:0x00000012
        9425000	       941	80001784	ffec8c93	addi	x25,x25,-2	 x25:0x00000003 x25=0x00000001
        9435000	       942	80001788	00200f93	addi	x31,x0,2	  x0:0x00000000 x31=0x00000002
        9445000	       943	8000178c	ff900713	addi	x14,x0,-7	  x0:0x00000000 x14=0xfffffff9
        9455000	       944	80001790	ae57bd93	sltiu	x27,x15,-1307	 x15:0x00000080 x27=0x00000001
        9465000	       945	80001794	ff7f8f93	addi	x31,x31,-9	 x31:0x00000002 x31=0xfffffff9
        9475000	       946	80001798	feef9ce3	bne	x31,x14,80001790	 x31:0xfffffff9 x14:0xfffffff9
        9485000	       947	8000179c	fe3c92e3	bne	x25,x3,80001780	 x25:0x00000001  x3:0xffffffff
        9495000	       948	00000000	00000013	addi	x0,x0,0	  x0:0x00000000
        9505000	       949	8000177c	00000013	addi	x0,x0,0	  x0:0x00000000
        9515000	       950	80001780	13e76013	ori	x0,x14,318	 x14:0xfffffff9
        9525000	       951	80001784	ffec8c93	addi	x25,x25,-2	 x25:0x00000001 x25=0xffffffff
        9535000	       952	80001788	00200f93	addi	x31,x0,2	  x0:0x00000000 x31=0x00000002
        9545000	       953	8000178c	ff900713	addi	x14,x0,-7	  x0:0x00000000 x14=0xfffffff9
        9555000	       954	80001790	ae57bd93	sltiu	x27,x15,-1307	 x15:0x00000080 x27=0x00000001
        9565000	       955	80001794	ff7f8f93	addi	x31,x31,-9	 x31:0x00000002 x31=0xfffffff9
        9575000	       956	80001798	feef9ce3	bne	x31,x14,80001790	 x31:0xfffffff9 x14:0xfffffff9
        9585000	       957	8000179c	fe3c92e3	bne	x25,x3,80001780	 x25:0xffffffff  x3:0xffffffff
        9595000	       958	800017a0	0129e6b3	or	x13,x19,x18	 x19:0x80009fc3 x18:0x00000001 x13=0x80009fc3
        9605000	       959	800017a4	108f9097	auipc	x1,0x108f9	  x1=0x908fa7a0
        9615000	       960	800017a8	b69a7537	lui	x10,0xb69a7	 x10=0xb69a7000
        9625000	       961	800017ac	88188917	auipc	x18,0x88188	 x18=0x081897a8
        9635000	       962	800017b0	01e023b3	slt	x7,x0,x30	  x0:0x00000000 x30:0x00000000  x7=0x00000000
        9645000	       963	800017b4	012ff333	and	x6,x31,x18	 x31:0xfffffff9 x18:0x081897a8  x6=0x081897a8
        9655000	       964	800017b8	090ef663	bgeu	x29,x16,80001844	 x29:0x5003f2e1 x16:0x8000a211
        9665000	       965	800017bc	01746133	or	x2,x8,x23	  x8:0x87013a4c x23:0x00000542  x2=0x87013f4e
        9675000	       966	800017c0	07116893	ori	x17,x2,113	  x2:0x87013f4e x17=0x87013f7f
        9685000	       967	800017c4	0126d313	srli	x6,x13,0x12	 x13:0x80009fc3  x6=0x00002000
        9695000	       968	800017c8	63c3a993	slti	x19,x7,1596	  x7:0x00000000 x19=0x00000001
        9705000	       969	800017cc	01fd61b3	or	x3,x26,x31	 x26:0x00000297 x31:0xfffffff9  x3=0xffffffff
        9715000	       970	800017d0	00600393	addi	x7,x0,6	  x0:0x00000000  x7=0x00000006
        9725000	       971	800017d4	28052993	slti	x19,x10,640	 x10:0xb69a7000 x19=0x00000001
        9735000	       972	800017d8	0112f5b3	and	x11,x5,x17	  x5:0x80000c20 x17:0x87013f7f x11=0x80000c20
        9745000	       973	800017dc	01100c93	addi	x25,x0,17	  x0:0x00000000 x25=0x00000011
        9755000	       974	800017e0	e1737ab7	lui	x21,0xe1737	 x21=0xe1737000
        9765000	       975	800017e4	40e78533	sub	x10,x15,x14	 x15:0x00000080 x14:0xfffffff9 x10=0x00000087
        9775000	       976	800017e8	01fc1013	slli	x0,x24,0x1f	 x24:0xfffffa3b
        9785000	       977	800017ec	fd0eda97	auipc	x21,0xfd0ed	 x21=0x7d0ee7e8
        9795000	       978	800017f0	00000013	addi	x0,x0,0	  x0:0x00000000
        9805000	       979	800017f4	c3f03b37	lui	x22,0xc3f03	 x22=0xc3f03000
        9815000	       980	800017f8	015040b3	xor	x1,x0,x21	  x0:0x00000000 x21:0x7d0ee7e8  x1=0x7d0ee7e8
        9825000	       981	800017fc	00138393	addi	x7,x7,1	  x7:0x00000006  x7=0x00000007
        9835000	       982	80001800	008c47b3	xor	x15,x24,x8	 x24:0xfffffa3b  x8:0x87013a4c x15=0x78fec077
        9845000	       983	80001804	01909ab3	sll	x21,x1,x25	  x1:0x7d0ee7e8 x25:0x00000011 x21=0xcfd00000
        9855000	       984	80001808	216cfa13	andi	x20,x25,534	 x25:0x00000011 x20=0x00000010
        9865000	       985	8000180c	00000013	addi	x0,x0,0	  x0:0x00000000
        9875000	       986	80001810	0171aeb3	slt	x29,x3,x23	  x3:0xffffffff x23:0x00000542 x29=0x00000001
        9885000	       987	80001814	00fc4833	xor	x16,x24,x15	 x24:0xfffffa3b x15:0x78fec077 x16=0x87013a4c
        9895000	       988	80001818	015f3f33	sltu	x30,x30,x21	 x30:0x00000000 x21:0xcfd00000 x30=0x00000001
        9905000	       989	8000181c	41dcd833	sra	x16,x25,x29	 x25:0x00000011 x29:0x00000001 x16=0x00000008
        9915000	       990	80001820	fd93cae3	blt	x7,x25,800017f4	  x7:0x00000007 x25:0x00000011
        9925000	       991	00000000	00000013	addi	x0,x0,0	  x0:0x00000000
        9935000	       992	800017f0	00000013	addi	x0,x0,0	  x0:0x00000000
        9945000	       993	800017f4	c3f03b37	lui	x22,0xc3f03	 x22=0xc3f03000
        9955000	       994	800017f8	015040b3	xor	x1,x0,x21	  x0:0x00000000 x21:0xcfd00000  x1=0xcfd00000
        9965000	       995	800017fc	00138393	addi	x7,x7,1	  x7:0x00000007  x7=0x00000008
        9975000	       996	80001800	008c47b3	xor	x15,x24,x8	 x24:0xfffffa3b  x8:0x87013a4c x15=0x78fec077
        9985000	       997	80001804	01909ab3	sll	x21,x1,x25	  x1:0xcfd00000 x25:0x00000011 x21=0x00000000
        9995000	       998	80001808	216cfa13	andi	x20,x25,534	 x25:0x00000011 x20=0x00000010
       10005000	       999	8000180c	00000013	addi	x0,x0,0	  x0:0x00000000
       10015000	      1000	80001810	0171aeb3	slt	x29,x3,x23	  x3:0xffffffff x23:0x00000542 x29=0x00000001
       10025000	      1001	80001814	00fc4833	xor	x16,x24,x15	 x24:0xfffffa3b x15:0x78fec077 x16=0x87013a4c
       10035000	      1002	80001818	015f3f33	sltu	x30,x30,x21	 x30:0x00000001 x21:0x00000000 x30=0x00000000
       10045000	      1003	8000181c	41dcd833	sra	x16,x25,x29	 x25:0x00000011 x29:0x00000001 x16=0x00000008
       10055000	      1004	80001820	fd93cae3	blt	x7,x25,800017f4	  x7:0x00000008 x25:0x00000011
       10065000	      1005	00000000	00000013	addi	x0,x0,0	  x0:0x00000000
       10075000	      1006	800017f0	00000013	addi	x0,x0,0	  x0:0x00000000
       10085000	      1007	800017f4	c3f03b37	lui	x22,0xc3f03	 x22=0xc3f03000
       10095000	      1008	800017f8	015040b3	xor	x1,x0,x21	  x0:0x00000000 x21:0x00000000  x1=0x00000000
       10105000	      1009	800017fc	00138393	addi	x7,x7,1	  x7:0x00000008  x7=0x00000009
       10115000	      1010	80001800	008c47b3	xor	x15,x24,x8	 x24:0xfffffa3b  x8:0x87013a4c x15=0x78fec077
       10125000	      1011	80001804	01909ab3	sll	x21,x1,x25	  x1:0x00000000 x25:0x00000011 x21=0x00000000
       10135000	      1012	80001808	216cfa13	andi	x20,x25,534	 x25:0x00000011 x20=0x00000010
       10145000	      1013	8000180c	00000013	addi	x0,x0,0	  x0:0x00000000
       10155000	      1014	80001810	0171aeb3	slt	x29,x3,x23	  x3:0xffffffff x23:0x00000542 x29=0x00000001
       10165000	      1015	80001814	00fc4833	xor	x16,x24,x15	 x24:0xfffffa3b x15:0x78fec077 x16=0x87013a4c
       10175000	      1016	80001818	015f3f33	sltu	x30,x30,x21	 x30:0x00000000 x21:0x00000000 x30=0x00000000
       10185000	      1017	8000181c	41dcd833	sra	x16,x25,x29	 x25:0x00000011 x29:0x00000001 x16=0x00000008
       10195000	      1018	80001820	fd93cae3	blt	x7,x25,800017f4	  x7:0x00000009 x25:0x00000011
       10205000	      1019	00000000	00000013	addi	x0,x0,0	  x0:0x00000000
       10215000	      1020	800017f0	00000013	addi	x0,x0,0	  x0:0x00000000
       10225000	      1021	800017f4	c3f03b37	lui	x22,0xc3f03	 x22=0xc3f03000
       10235000	      1022	800017f8	015040b3	xor	x1,x0,x21	  x0:0x00000000 x21:0x00000000  x1=0x00000000
       10245000	      1023	800017fc	00138393	addi	x7,x7,1	  x7:0x00000009  x7=0x0000000a
       10255000	      1024	80001800	008c47b3	xor	x15,x24,x8	 x24:0xfffffa3b  x8:0x87013a4c x15=0x78fec077
       10265000	      1025	80001804	01909ab3	sll	x21,x1,x25	  x1:0x00000000 x25:0x00000011 x21=0x00000000
       10275000	      1026	80001808	216cfa13	andi	x20,x25,534	 x25:0x00000011 x20=0x00000010
       10285000	      1027	8000180c	00000013	addi	x0,x0,0	  x0:0x00000000
       10295000	      1028	80001810	0171aeb3	slt	x29,x3,x23	  x3:0xffffffff x23:0x00000542 x29=0x00000001
       10305000	      1029	80001814	00fc4833	xor	x16,x24,x15	 x24:0xfffffa3b x15:0x78fec077 x16=0x87013a4c
       10315000	      1030	80001818	015f3f33	sltu	x30,x30,x21	 x30:0x00000000 x21:0x00000000 x30=0x00000000
       10325000	      1031	8000181c	41dcd833	sra	x16,x25,x29	 x25:0x00000011 x29:0x00000001 x16=0x00000008
       10335000	      1032	80001820	fd93cae3	blt	x7,x25,800017f4	  x7:0x0000000a x25:0x00000011
       10345000	      1033	00000000	00000013	addi	x0,x0,0	  x0:0x00000000
       10355000	      1034	800017f0	00000013	addi	x0,x0,0	  x0:0x00000000
       10365000	      1035	800017f4	c3f03b37	lui	x22,0xc3f03	 x22=0xc3f03000
       10375000	      1036	800017f8	015040b3	xor	x1,x0,x21	  x0:0x00000000 x21:0x00000000  x1=0x00000000
       10385000	      1037	800017fc	00138393	addi	x7,x7,1	  x7:0x0000000a  x7=0x0000000b
       10395000	      1038	80001800	008c47b3	xor	x15,x24,x8	 x24:0xfffffa3b  x8:0x87013a4c x15=0x78fec077
       10405000	      1039	80001804	01909ab3	sll	x21,x1,x25	  x1:0x00000000 x25:0x00000011 x21=0x00000000
       10415000	      1040	80001808	216cfa13	andi	x20,x25,534	 x25:0x00000011 x20=0x00000010
       10425000	      1041	8000180c	00000013	addi	x0,x0,0	  x0:0x00000000
       10435000	      1042	80001810	0171aeb3	slt	x29,x3,x23	  x3:0xffffffff x23:0x00000542 x29=0x00000001
       10445000	      1043	80001814	00fc4833	xor	x16,x24,x15	 x24:0xfffffa3b x15:0x78fec077 x16=0x87013a4c
       10455000	      1044	80001818	015f3f33	sltu	x30,x30,x21	 x30:0x00000000 x21:0x00000000 x30=0x00000000
       10465000	      1045	8000181c	41dcd833	sra	x16,x25,x29	 x25:0x00000011 x29:0x00000001 x16=0x00000008
       10475000	      1046	80001820	fd93cae3	blt	x7,x25,800017f4	  x7:0x0000000b x25:0x00000011
       10485000	      1047	00000000	00000013	addi	x0,x0,0	  x0:0x00000000
       10495000	      1048	800017f0	00000013	addi	x0,x0,0	  x0:0x00000000
       10505000	      1049	800017f4	c3f03b37	lui	x22,0xc3f03	 x22=0xc3f03000
       10515000	      1050	800017f8	015040b3	xor	x1,x0,x21	  x0:0x00000000 x21:0x00000000  x1=0x00000000
       10525000	      1051	800017fc	00138393	addi	x7,x7,1	  x7:0x0000000b  x7=0x0000000c
       10535000	      1052	80001800	008c47b3	xor	x15,x24,x8	 x24:0xfffffa3b  x8:0x87013a4c x15=0x78fec077
       10545000	      1053	80001804	01909ab3	sll	x21,x1,x25	  x1:0x00000000 x25:0x00000011 x21=0x00000000
       10555000	      1054	80001808	216cfa13	andi	x20,x25,534	 x25:0x00000011 x20=0x00000010
       10565000	      1055	8000180c	00000013	addi	x0,x0,0	  x0:0x00000000
       10575000	      1056	80001810	0171aeb3	slt	x29,x3,x23	  x3:0xffffffff x23:0x00000542 x29=0x00000001
       10585000	      1057	80001814	00fc4833	xor	x16,x24,x15	 x24:0xfffffa3b x15:0x78fec077 x16=0x87013a4c
       10595000	      1058	80001818	015f3f33	sltu	x30,x30,x21	 x30:0x00000000 x21:0x00000000 x30=0x00000000
       10605000	      1059	8000181c	41dcd833	sra	x16,x25,x29	 x25:0x00000011 x29:0x00000001 x16=0x00000008
       10615000	      1060	80001820	fd93cae3	blt	x7,x25,800017f4	  x7:0x0000000c x25:0x00000011
       10625000	      1061	00000000	00000013	addi	x0,x0,0	  x0:0x00000000
       10635000	      1062	800017f0	00000013	addi	x0,x0,0	  x0:0x00000000
       10645000	      1063	800017f4	c3f03b37	lui	x22,0xc3f03	 x22=0xc3f03000
       10655000	      1064	800017f8	015040b3	xor	x1,x0,x21	  x0:0x00000000 x21:0x00000000  x1=0x00000000
       10665000	      1065	800017fc	00138393	addi	x7,x7,1	  x7:0x0000000c  x7=0x0000000d
       10675000	      1066	80001800	008c47b3	xor	x15,x24,x8	 x24:0xfffffa3b  x8:0x87013a4c x15=0x78fec077
       10685000	      1067	80001804	01909ab3	sll	x21,x1,x25	  x1:0x00000000 x25:0x00000011 x21=0x00000000
       10695000	      1068	80001808	216cfa13	andi	x20,x25,534	 x25:0x00000011 x20=0x00000010
       10705000	      1069	8000180c	00000013	addi	x0,x0,0	  x0:0x00000000
       10715000	      1070	80001810	0171aeb3	slt	x29,x3,x23	  x3:0xffffffff x23:0x00000542 x29=0x00000001
       10725000	      1071	80001814	00fc4833	xor	x16,x24,x15	 x24:0xfffffa3b x15:0x78fec077 x16=0x87013a4c
       10735000	      1072	80001818	015f3f33	sltu	x30,x30,x21	 x30:0x00000000 x21:0x00000000 x30=0x00000000
       10745000	      1073	8000181c	41dcd833	sra	x16,x25,x29	 x25:0x00000011 x29:0x00000001 x16=0x00000008
       10755000	      1074	80001820	fd93cae3	blt	x7,x25,800017f4	  x7:0x0000000d x25:0x00000011
       10765000	      1075	00000000	00000013	addi	x0,x0,0	  x0:0x00000000
       10775000	      1076	800017f0	00000013	addi	x0,x0,0	  x0:0x00000000
       10785000	      1077	800017f4	c3f03b37	lui	x22,0xc3f03	 x22=0xc3f03000
       10795000	      1078	800017f8	015040b3	xor	x1,x0,x21	  x0:0x00000000 x21:0x00000000  x1=0x00000000
       10805000	      1079	800017fc	00138393	addi	x7,x7,1	  x7:0x0000000d  x7=0x0000000e
       10815000	      1080	80001800	008c47b3	xor	x15,x24,x8	 x24:0xfffffa3b  x8:0x87013a4c x15=0x78fec077
       10825000	      1081	80001804	01909ab3	sll	x21,x1,x25	  x1:0x00000000 x25:0x00000011 x21=0x00000000
       10835000	      1082	80001808	216cfa13	andi	x20,x25,534	 x25:0x00000011 x20=0x00000010
       10845000	      1083	8000180c	00000013	addi	x0,x0,0	  x0:0x00000000
       10855000	      1084	80001810	0171aeb3	slt	x29,x3,x23	  x3:0xffffffff x23:0x00000542 x29=0x00000001
       10865000	      1085	80001814	00fc4833	xor	x16,x24,x15	 x24:0xfffffa3b x15:0x78fec077 x16=0x87013a4c
       10875000	      1086	80001818	015f3f33	sltu	x30,x30,x21	 x30:0x00000000 x21:0x00000000 x30=0x00000000
       10885000	      1087	8000181c	41dcd833	sra	x16,x25,x29	 x25:0x00000011 x29:0x00000001 x16=0x00000008
       10895000	      1088	80001820	fd93cae3	blt	x7,x25,800017f4	  x7:0x0000000e x25:0x00000011
       10905000	      1089	00000000	00000013	addi	x0,x0,0	  x0:0x00000000
       10915000	      1090	800017f0	00000013	addi	x0,x0,0	  x0:0x00000000
       10925000	      1091	800017f4	c3f03b37	lui	x22,0xc3f03	 x22=0xc3f03000
       10935000	      1092	800017f8	015040b3	xor	x1,x0,x21	  x0:0x00000000 x21:0x00000000  x1=0x00000000
       10945000	      1093	800017fc	00138393	addi	x7,x7,1	  x7:0x0000000e  x7=0x0000000f
       10955000	      1094	80001800	008c47b3	xor	x15,x24,x8	 x24:0xfffffa3b  x8:0x87013a4c x15=0x78fec077
       10965000	      1095	80001804	01909ab3	sll	x21,x1,x25	  x1:0x00000000 x25:0x00000011 x21=0x00000000
       10975000	      1096	80001808	216cfa13	andi	x20,x25,534	 x25:0x00000011 x20=0x00000010
       10985000	      1097	8000180c	00000013	addi	x0,x0,0	  x0:0x00000000
       10995000	      1098	80001810	0171aeb3	slt	x29,x3,x23	  x3:0xffffffff x23:0x00000542 x29=0x00000001
       11005000	      1099	80001814	00fc4833	xor	x16,x24,x15	 x24:0xfffffa3b x15:0x78fec077 x16=0x87013a4c
       11015000	      1100	80001818	015f3f33	sltu	x30,x30,x21	 x30:0x00000000 x21:0x00000000 x30=0x00000000
       11025000	      1101	8000181c	41dcd833	sra	x16,x25,x29	 x25:0x00000011 x29:0x00000001 x16=0x00000008
       11035000	      1102	80001820	fd93cae3	blt	x7,x25,800017f4	  x7:0x0000000f x25:0x00000011
       11045000	      1103	00000000	00000013	addi	x0,x0,0	  x0:0x00000000
       11055000	      1104	800017f0	00000013	addi	x0,x0,0	  x0:0x00000000
       11065000	      1105	800017f4	c3f03b37	lui	x22,0xc3f03	 x22=0xc3f03000
       11075000	      1106	800017f8	015040b3	xor	x1,x0,x21	  x0:0x00000000 x21:0x00000000  x1=0x00000000
       11085000	      1107	800017fc	00138393	addi	x7,x7,1	  x7:0x0000000f  x7=0x00000010
       11095000	      1108	80001800	008c47b3	xor	x15,x24,x8	 x24:0xfffffa3b  x8:0x87013a4c x15=0x78fec077
       11105000	      1109	80001804	01909ab3	sll	x21,x1,x25	  x1:0x00000000 x25:0x00000011 x21=0x00000000
       11115000	      1110	80001808	216cfa13	andi	x20,x25,534	 x25:0x00000011 x20=0x00000010
       11125000	      1111	8000180c	00000013	addi	x0,x0,0	  x0:0x00000000
       11135000	      1112	80001810	0171aeb3	slt	x29,x3,x23	  x3:0xffffffff x23:0x00000542 x29=0x00000001
       11145000	      1113	80001814	00fc4833	xor	x16,x24,x15	 x24:0xfffffa3b x15:0x78fec077 x16=0x87013a4c
       11155000	      1114	80001818	015f3f33	sltu	x30,x30,x21	 x30:0x00000000 x21:0x00000000 x30=0x00000000
       11165000	      1115	8000181c	41dcd833	sra	x16,x25,x29	 x25:0x00000011 x29:0x00000001 x16=0x00000008
       11175000	      1116	80001820	fd93cae3	blt	x7,x25,800017f4	  x7:0x00000010 x25:0x00000011
       11185000	      1117	00000000	00000013	addi	x0,x0,0	  x0:0x00000000
       11195000	      1118	800017f0	00000013	addi	x0,x0,0	  x0:0x00000000
       11205000	      1119	800017f4	c3f03b37	lui	x22,0xc3f03	 x22=0xc3f03000
       11215000	      1120	800017f8	015040b3	xor	x1,x0,x21	  x0:0x00000000 x21:0x00000000  x1=0x00000000
       11225000	      1121	800017fc	00138393	addi	x7,x7,1	  x7:0x00000010  x7=0x00000011
       11235000	      1122	80001800	008c47b3	xor	x15,x24,x8	 x24:0xfffffa3b  x8:0x87013a4c x15=0x78fec077
       11245000	      1123	80001804	01909ab3	sll	x21,x1,x25	  x1:0x00000000 x25:0x00000011 x21=0x00000000
       11255000	      1124	80001808	216cfa13	andi	x20,x25,534	 x25:0x00000011 x20=0x00000010
       11265000	      1125	8000180c	00000013	addi	x0,x0,0	  x0:0x00000000
       11275000	      1126	80001810	0171aeb3	slt	x29,x3,x23	  x3:0xffffffff x23:0x00000542 x29=0x00000001
       11285000	      1127	80001814	00fc4833	xor	x16,x24,x15	 x24:0xfffffa3b x15:0x78fec077 x16=0x87013a4c
       11295000	      1128	80001818	015f3f33	sltu	x30,x30,x21	 x30:0x00000000 x21:0x00000000 x30=0x00000000
       11305000	      1129	8000181c	41dcd833	sra	x16,x25,x29	 x25:0x00000011 x29:0x00000001 x16=0x00000008
       11315000	      1130	80001820	fd93cae3	blt	x7,x25,800017f4	  x7:0x00000011 x25:0x00000011
       11325000	      1131	80001824	00cd35b3	sltu	x11,x26,x12	 x26:0x00000297 x12:0xb1b44a31 x11=0x00000001
       11335000	      1132	80001828	01281ab3	sll	x21,x16,x18	 x16:0x00000008 x18:0x081897a8 x21=0x00000800
       11345000	      1133	8000182c	01315533	srl	x10,x2,x19	  x2:0x87013f4e x19:0x00000001 x10=0x43809fa7
       11355000	      1134	80001830	021c0463	beq	x24,x1,80001858	 x24:0xfffffa3b  x1:0x00000000
       11365000	      1135	80001834	6cc4ba93	sltiu	x21,x9,1740	  x9:0x80009fc4 x21=0x00000000
       11375000	      1136	80001838	49a7a697	auipc	x13,0x49a7a	 x13=0xc9a7b834
       11385000	      1137	8000183c	401ed113	srai	x2,x29,0x1	 x29:0x00000001  x2=0x00000000
       11395000	      1138	80001840	417955b3	sra	x11,x18,x23	 x18:0x081897a8 x23:0x00000542 x11=0x020625ea
       11405000	      1139	80001844	41d70433	sub	x8,x14,x29	 x14:0xfffffff9 x29:0x00000001  x8=0xfffffff8
       11415000	      1140	80001848	794d8413	addi	x8,x27,1940	 x27:0x00000001  x8=0x00000795
       11425000	      1141	8000184c	00000013	addi	x0,x0,0	  x0:0x00000000
       11435000	      1142	80001850	01db1813	slli	x16,x22,0x1d	 x22:0xc3f03000 x16=0x00000000
       11445000	      1143	80001854	37e40293	addi	x5,x8,894	  x8:0x00000795  x5=0x00000b13
       11455000	      1144	80001858	40dad6b3	sra	x13,x21,x13	 x21:0x00000000 x13:0xc9a7b834 x13=0x00000000
       11465000	      1145	8000185c	7c372313	slti	x6,x14,1987	 x14:0xfffffff9  x6=0x00000001
       11475000	      1146	80001860	016c2fb3	slt	x31,x24,x22	 x24:0xfffffa3b x22:0xc3f03000 x31=0x00000000
       11485000	      1147	80001864	002f6933	or	x18,x30,x2	 x30:0x00000000  x2:0x00000000 x18=0x00000000
       11495000	      1148	80001868	02f8c663	blt	x17,x15,80001894	 x17:0x87013f7f x15:0x78fec077
       11505000	      1149	00000000	00000013	addi	x0,x0,0	  x0:0x00000000
       11515000	      1150	80001890	00000013	addi	x0,x0,0	  x0:0x00000000
       11525000	      1151	80001894	4189d013	srai	x0,x19,0x18	 x19:0x00000001
       11535000	      1152	80001898	40c20fb3	sub	x31,x4,x12	  x4:0x80009f60 x12:0xb1b44a31 x31=0xce4c552f
       11545000	      1153	8000189c	0164d413	srli	x8,x9,0x16	  x9:0x80009fc4  x8=0x00000200
       11555000	      1154	800018a0	b1f62c17	auipc	x24,0xb1f62	 x24=0x31f6389c
       11565000	      1155	800018a4	414c0fb3	sub	x31,x24,x20	 x24:0x31f6389c x20:0x00000010 x31=0x31f6388c
       11575000	      1156	800018a8	1e2d6593	ori	x11,x26,482	 x26:0x00000297 x11=0x000003f7
       11585000	      1157	800018ac	003c38b3	sltu	x17,x24,x3	 x24:0x31f6389c  x3:0xffffffff x17=0x00000001
       11595000	      1158	800018b0	00dba6b3	slt	x13,x23,x13	 x23:0x00000542 x13:0x00000000 x13=0x00000000
       11605000	      1159	800018b4	008c6533	or	x10,x24,x8	 x24:0x31f6389c  x8:0x00000200 x10=0x31f63a9c
       11615000	      1160	800018b8	403f8db3	sub	x27,x31,x3	 x31:0x31f6388c  x3:0xffffffff x27=0x31f6388d
       11625000	      1161	800018bc	41145093	srai	x1,x8,0x11	  x8:0x00000200  x1=0x00000000
       11635000	      1162	800018c0	00909893	slli	x17,x1,0x9	  x1:0x00000000 x17=0x00000000
       11645000	      1163	800018c4	def2ad13	slti	x26,x5,-529	  x5:0x00000b13 x26=0x00000000
       11655000	      1164	800018c8	40f7db13	srai	x22,x15,0xf	 x15:0x78fec077 x22=0x0000f1fd
       11665000	      1165	800018cc	01f569b3	or	x19,x10,x31	 x10:0x31f63a9c x31:0x31f6388c x19=0x31f63a9c
       11675000	      1166	800018d0	02373013	sltiu	x0,x14,35	 x14:0xfffffff9
       11685000	      1167	800018d4	00feab33	slt	x22,x29,x15	 x29:0x00000001 x15:0x78fec077 x22=0x00000001
       11695000	      1168	800018d8	047d1063	bne	x26,x7,80001918	 x26:0x00000000  x7:0x00000011
       11705000	      1169	00000000	00000013	addi	x0,x0,0	  x0:0x00000000
       11715000	      1170	80001914	00000013	addi	x0,x0,0	  x0:0x00000000
       11725000	      1171	80001918	059c5663	bge	x24,x25,80001964	 x24:0x31f6389c x25:0x00000011
       11735000	      1172	00000000	00000013	addi	x0,x0,0	  x0:0x00000000
       11745000	      1173	80001960	00000013	addi	x0,x0,0	  x0:0x00000000
       11755000	      1174	80001964	013fe533	or	x10,x31,x19	 x31:0x31f6388c x19:0x31f63a9c x10=0x31f63a9c
       11765000	      1175	80001968	92178713	addi	x14,x15,-1759	 x15:0x78fec077 x14=0x78feb998
       11775000	      1176	8000196c	01222833	slt	x16,x4,x18	  x4:0x80009f60 x18:0x00000000 x16=0x00000001
       11785000	      1177	80001970	d5689b37	lui	x22,0xd5689	 x22=0xd5689000
       11795000	      1178	80001974	8da28f13	addi	x30,x5,-1830	  x5:0x00000b13 x30=0x000003ed
       11805000	      1179	80001978	01ddbcb3	sltu	x25,x27,x29	 x27:0x31f6388d x29:0x00000001 x25=0x00000000
       11815000	      1180	8000197c	04939063	bne	x7,x9,800019bc	  x7:0x00000011  x9:0x80009fc4
       11825000	      1181	00000000	00000013	addi	x0,x0,0	  x0:0x00000000
       11835000	      1182	800019b8	00000013	addi	x0,x0,0	  x0:0x00000000
       11845000	      1183	800019bc	01003333	sltu	x6,x0,x16	  x0:0x00000000 x16:0x00000001  x6=0x00000001
       11855000	      1184	800019c0	00ad4033	xor	x0,x26,x10	 x26:0x00000000 x10:0x31f63a9c
       11865000	      1185	800019c4	34294717	auipc	x14,0x34294	 x14=0xb42959c0
       11875000	      1186	800019c8	00b5e633	or	x12,x11,x11	 x11:0x000003f7 x11:0x000003f7 x12=0x000003f7
       11885000	      1187	800019cc	007deeb3	or	x29,x27,x7	 x27:0x31f6388d  x7:0x00000011 x29=0x31f6389d
       11895000	      1188	800019d0	01b0ec63	bltu	x1,x27,800019e8	  x1:0x00000000 x27:0x31f6388d
       11905000	      1189	00000000	00000013	addi	x0,x0,0	  x0:0x00000000
       11915000	      1190	800019e4	00000013	addi	x0,x0,0	  x0:0x00000000
       11925000	      1191	800019e8	019822b3	slt	x5,x16,x25	 x16:0x00000001 x25:0x00000000  x5=0x00000000
       11935000	      1192	800019ec	01224833	xor	x16,x4,x18	  x4:0x80009f60 x18:0x00000000 x16=0x80009f60
       11945000	      1193	800019f0	39b77f97	auipc	x31,0x39b77	 x31=0xb9b789ec
       11955000	      1194	800019f4	05166863	bltu	x12,x17,80001a44	 x12:0x000003f7 x17:0x00000000
       11965000	      1195	800019f8	00207333	and	x6,x0,x2	  x0:0x00000000  x2:0x00000000  x6=0x00000000
       11975000	      1196	800019fc	01ea3ab3	sltu	x21,x20,x30	 x20:0x00000010 x30:0x000003ed x21=0x00000001
       11985000	      1197	80001a00	03489063	bne	x17,x20,80001a20	 x17:0x00000000 x20:0x00000010
       11995000	      1198	00000000	00000013	addi	x0,x0,0	  x0:0x00000000
       12005000	      1199	80001a1c	00000013	addi	x0,x0,0	  x0:0x00000000
       12015000	      1200	80001a20	b870ed37	lui	x26,0xb870e	 x26=0xb870e000
       12025000	      1201	80001a24	01c5ffb3	and	x31,x11,x28	 x11:0x000003f7 x28:0x83a109af x31=0x000001a7
       12035000	      1202	80001a28	0055aa33	slt	x20,x11,x5	 x11:0x000003f7  x5:0x00000000 x20=0x00000000
       12045000	      1203	80001a2c	44137093	andi	x1,x6,1089	  x6:0x00000000  x1=0x00000000
       12055000	      1204	80001a30	40d88bb3	sub	x23,x17,x13	 x17:0x00000000 x13:0x00000000 x23=0x00000000
       12065000	      1205	80001a34	a4163013	sltiu	x0,x12,-1471	 x12:0x000003f7
       12075000	      1206	80001a38	38e6a313	slti	x6,x13,910	 x13:0x00000000  x6=0x00000001
       12085000	      1207	80001a3c	899db517	auipc	x10,0x899db	 x10=0x099dca38
       12095000	      1208	80001a40	2a4f3a17	auipc	x20,0x2a4f3	 x20=0xaa4f4a3c
       12105000	      1209	80001a44	00d57533	and	x10,x10,x13	 x10:0x099dca38 x13:0x00000000 x10=0x00000000
       12115000	      1210	80001a48	00e88533	add	x10,x17,x14	 x17:0x00000000 x14:0xb42959c0 x10=0xb42959c0
       12125000	      1211	80001a4c	00000013	addi	x0,x0,0	  x0:0x00000000
       12135000	      1212	80001a50	01550193	addi	x3,x10,21	 x10:0xb42959c0  x3=0xb42959d5
       12145000	      1213	80001a54	33397793	andi	x15,x18,819	 x18:0x00000000 x15=0x00000000
       12155000	      1214	80001a58	2cd03e97	auipc	x29,0x2cd03	 x29=0xacd04a54
       12165000	      1215	80001a5c	007aec63	bltu	x21,x7,80001a74	 x21:0x00000001  x7:0x00000011
       12175000	      1216	00000000	00000013	addi	x0,x0,0	  x0:0x00000000
       12185000	      1217	80001a70	00000013	addi	x0,x0,0	  x0:0x00000000
       12195000	      1218	80001a74	00409013	slli	x0,x1,0x4	  x1:0x00000000
       12205000	      1219	80001a78	00422283	lw	x5,4(x4)	  x4:0x80009f60  x5=0x80000c20 PA:0x80009f64
       12215000	      1220	80001a7c	02420213	addi	x4,x4,36	  x4:0x80009f60  x4=0x80009f84
       12225000	      1221	80001a80	fe222193	slti	x3,x4,-30	  x4:0x80009f84  x3=0x00000001
       12235000	      1222	80001a84	00ad3933	sltu	x18,x26,x10	 x26:0xb870e000 x10:0xb42959c0 x18=0x00000000
       12245000	      1223	80001a88	40f1d833	sra	x16,x3,x15	  x3:0x00000001 x15:0x00000000 x16=0x00000001
       12255000	      1224	80001a8c	00028613	addi	x12,x5,0	  x5:0x80000c20 x12=0x80000c20
       12265000	      1225	80001a90	00060667	jalr	x12,x12,0	 x12:0x80000c20 x12=0x80001a90
       12275000	      1226	00000000	00000013	addi	x0,x0,0	  x0:0x00000000
       12285000	      1227	80000c20	00000013	addi	x0,x0,0	  x0:0x00000000
       12295000	      1228	80000c24	00745033	srl	x0,x8,x7	  x8:0x00000200  x7:0x00000011
       12305000	      1229	80000c28	00000013	addi	x0,x0,0	  x0:0x00000000
       12315000	      1230	80000c2c	0036e8b3	or	x17,x13,x3	 x13:0x00000000  x3:0x00000001 x17=0x00000001
       12325000	      1231	80000c30	000ca6b3	slt	x13,x25,x0	 x25:0x00000000  x0:0x00000000 x13=0x00000000
       12335000	      1232	80000c34	c8676a13	ori	x20,x14,-890	 x14:0xb42959c0 x20=0xfffffdc6
       12345000	      1233	80000c38	525cbc93	sltiu	x25,x25,1317	 x25:0x00000000 x25=0x00000001
       12355000	      1234	80000c3c	046ad863	bge	x21,x6,80000c8c	 x21:0x00000001  x6:0x00000001
       12365000	      1235	00000000	00000013	addi	x0,x0,0	  x0:0x00000000
       12375000	      1236	80000c88	00000013	addi	x0,x0,0	  x0:0x00000000
       12385000	      1237	80000c8c	02fd8063	beq	x27,x15,80000cac	 x27:0x31f6388d x15:0x00000000
       12395000	      1238	80000c90	417d05b3	sub	x11,x26,x23	 x26:0xb870e000 x23:0x00000000 x11=0xb870e000
       12405000	      1239	80000c94	41685993	srai	x19,x16,0x16	 x16:0x00000001 x19=0x00000000
       12415000	      1240	80000c98	8c454813	xori	x16,x10,-1852	 x10:0xb42959c0 x16=0x4bd6a104
       12425000	      1241	80000c9c	0164cd33	xor	x26,x9,x22	  x9:0x80009fc4 x22:0xd5689000 x26=0x55680fc4
       12435000	      1242	80000ca0	00000013	addi	x0,x0,0	  x0:0x00000000
       12445000	      1243	80000ca4	02ca1863	bne	x20,x12,80000cd4	 x20:0xfffffdc6 x12:0x80001a90
       12455000	      1244	00000000	00000013	addi	x0,x0,0	  x0:0x00000000
       12465000	      1245	80000cd0	00000013	addi	x0,x0,0	  x0:0x00000000
       12475000	      1246	80000cd4	41678833	sub	x16,x15,x22	 x15:0x00000000 x22:0xd5689000 x16=0x2a977000
       12485000	      1247	80000cd8	00b0beb3	sltu	x29,x1,x11	  x1:0x00000000 x11:0xb870e000 x29=0x00000001
       12495000	      1248	80000cdc	0090df93	srli	x31,x1,0x9	  x1:0x00000000 x31=0x00000000
       12505000	      1249	80000ce0	017beab3	or	x21,x23,x23	 x23:0x00000000 x23:0x00000000 x21=0x00000000
       12515000	      1250	80000ce4	011102b3	add	x5,x2,x17	  x2:0x00000000 x17:0x00000001  x5=0x00000001
       12525000	      1251	80000ce8	00c58033	add	x0,x11,x12	 x11:0xb870e000 x12:0x80001a90
       12535000	      1252	80000cec	019d7733	and	x14,x26,x25	 x26:0x55680fc4 x25:0x00000001 x14=0x00000000
       12545000	      1253	80000cf0	04920263	beq	x4,x9,80000d34	  x4:0x80009f84  x9:0x80009fc4
       12555000	      1254	80000cf4	41be5bb3	sra	x23,x28,x27	 x28:0x83a109af x27:0x31f6388d x23=0xfffc1d08
       12565000	      1255	80000cf8	00c051b3	srl	x3,x0,x12	  x0:0x00000000 x12:0x80001a90  x3=0x00000000
       12575000	      1256	80000cfc	00000013	addi	x0,x0,0	  x0:0x00000000
       12585000	      1257	80000d00	40c25bb3	sra	x23,x4,x12	  x4:0x80009f84 x12:0x80001a90 x23=0xffff8000
       12595000	      1258	80000d04	00a68fb3	add	x31,x13,x10	 x13:0x00000000 x10:0xb42959c0 x31=0xb42959c0
       12605000	      1259	80000d08	04890863	beq	x18,x8,80000d58	 x18:0x00000000  x8:0x00000200
       12615000	      1260	80000d0c	01ab5193	srli	x3,x22,0x1a	 x22:0xd5689000  x3=0x00000035
       12625000	      1261	80000d10	01ae1b13	slli	x22,x28,0x1a	 x28:0x83a109af x22=0xbc000000
       12635000	      1262	80000d14	d738b813	sltiu	x16,x17,-653	 x17:0x00000001 x16=0x00000001
       12645000	      1263	80000d18	43b9ba93	sltiu	x21,x19,1083	 x19:0x00000000 x21=0x00000001
       12655000	      1264	80000d1c	01db6533	or	x10,x22,x29	 x22:0xbc000000 x29:0x00000001 x10=0xbc000001
       12665000	      1265	80000d20	0062aab3	slt	x21,x5,x6	  x5:0x00000001  x6:0x00000001 x21=0x00000000
       12675000	      1266	80000d24	002e22b3	slt	x5,x28,x2	 x28:0x83a109af  x2:0x00000000  x5=0x00000001
       12685000	      1267	80000d28	00c45793	srli	x15,x8,0xc	  x8:0x00000200 x15=0x00000000
       12695000	      1268	80000d2c	00000013	addi	x0,x0,0	  x0:0x00000000
       12705000	      1269	80000d30	052a5663	bge	x20,x18,80000d7c	 x20:0xfffffdc6 x18:0x00000000
       12715000	      1270	80000d34	014fdf13	srli	x30,x31,0x14	 x31:0xb42959c0 x30=0x00000b42
       12725000	      1271	80000d38	053ef263	bgeu	x29,x19,80000d7c	 x29:0x00000001 x19:0x00000000
       12735000	      1272	00000000	00000013	addi	x0,x0,0	  x0:0x00000000
       12745000	      1273	80000d78	00000013	addi	x0,x0,0	  x0:0x00000000
       12755000	      1274	80000d7c	03b9fa63	bgeu	x19,x27,80000db0	 x19:0x00000000 x27:0x31f6388d
       12765000	      1275	80000d80	01e04f33	xor	x30,x0,x30	  x0:0x00000000 x30:0x00000b42 x30=0x00000b42
       12775000	      1276	80000d84	66e172b7	lui	x5,0x66e17	  x5=0x66e17000
       12785000	      1277	80000d88	017c4863	blt	x24,x23,80000d98	 x24:0x31f6389c x23:0xffff8000
       12795000	      1278	80000d8c	748bea13	ori	x20,x23,1864	 x23:0xffff8000 x20=0xffff8748
       12805000	      1279	80000d90	4a43a913	slti	x18,x7,1188	  x7:0x00000011 x18=0x00000001
       12815000	      1280	80000d94	02ef5863	bge	x30,x14,80000dc4	 x30:0x00000b42 x14:0x00000000
       12825000	      1281	00000000	00000013	addi	x0,x0,0	  x0:0x00000000
       12835000	      1282	80000dc0	00000013	addi	x0,x0,0	  x0:0x00000000
       12845000	      1283	80000dc4	ce394797	auipc	x15,0xce394	 x15=0x4e394dc0
       12855000	      1284	80000dc8	3e65fc13	andi	x24,x11,998	 x11:0xb870e000 x24=0x00000000
       12865000	      1285	80000dcc	01d76d33	or	x26,x14,x29	 x14:0x00000000 x29:0x00000001 x26=0x00000001
       12875000	      1286	80000dd0	408fd133	sra	x2,x31,x8	 x31:0xb42959c0  x8:0x00000200  x2=0xb42959c0
       12885000	      1287	80000dd4	f4dfca13	xori	x20,x31,-179	 x31:0xb42959c0 x20=0x4bd6a68d
       12895000	      1288	80000dd8	cf23dab7	lui	x21,0xcf23d	 x21=0xcf23d000
       12905000	      1289	80000ddc	00000013	addi	x0,x0,0	  x0:0x00000000
       12915000	      1290	80000de0	00000013	addi	x0,x0,0	  x0:0x00000000
       12925000	      1291	80000de4	00f52d33	slt	x26,x10,x15	 x10:0xbc000001 x15:0x4e394dc0 x26=0x00000001
       12935000	      1292	80000de8	05c6f013	andi	x0,x13,92	 x13:0x00000000
       12945000	      1293	80000dec	014707b3	add	x15,x14,x20	 x14:0x00000000 x20:0x4bd6a68d x15=0x4bd6a68d
       12955000	      1294	80000df0	07d53193	sltiu	x3,x10,125	 x10:0xbc000001  x3=0x00000000
       12965000	      1295	80000df4	3a80a713	slti	x14,x1,936	  x1:0x00000000 x14=0x00000001
       12975000	      1296	80000df8	0200ce63	blt	x1,x0,80000e34	  x1:0x00000000  x0:0x00000000
       12985000	      1297	80000dfc	4c2d8513	addi	x10,x27,1218	 x27:0x31f6388d x10=0x31f63d4f
       12995000	      1298	80000e00	00de0db3	add	x27,x28,x13	 x28:0x83a109af x13:0x00000000 x27=0x83a109af
       13005000	      1299	80000e04	40b85f13	srai	x30,x16,0xb	 x16:0x00000001 x30=0x00000000
       13015000	      1300	80000e08	b7bb2c13	slti	x24,x22,-1157	 x22:0xbc000000 x24=0x00000001
       13025000	      1301	80000e0c	96872793	slti	x15,x14,-1688	 x14:0x00000001 x15=0x00000000
       13035000	      1302	80000e10	b71a8f93	addi	x31,x21,-1167	 x21:0xcf23d000 x31=0xcf23cb71
       13045000	      1303	80000e14	40208033	sub	x0,x1,x2	  x1:0x00000000  x2:0xb42959c0
       13055000	      1304	80000e18	70e331b7	lui	x3,0x70e33	  x3=0x70e33000
       13065000	      1305	80000e1c	f6b82113	slti	x2,x16,-149	 x16:0x00000001  x2=0x00000000
       13075000	      1306	80000e20	006c1433	sll	x8,x24,x6	 x24:0x00000001  x6:0x00000001  x8=0x00000002
       13085000	      1307	80000e24	9ceba013	slti	x0,x23,-1586	 x23:0xffff8000
       13095000	      1308	80000e28	0054e1b3	or	x3,x9,x5	  x9:0x80009fc4  x5:0x66e17000  x3=0xe6e1ffc4
       13105000	      1309	80000e2c	034ac263	blt	x21,x20,80000e50	 x21:0xcf23d000 x20:0x4bd6a68d
       13115000	      1310	00000000	00000013	addi	x0,x0,0	  x0:0x00000000
       13125000	      1311	80000e4c	00000013	addi	x0,x0,0	  x0:0x00000000
       13135000	      1312	80000e50	00896bb3	or	x23,x18,x8	 x18:0x00000001  x8:0x00000002 x23=0x00000003
       13145000	      1313	80000e54	97163993	sltiu	x19,x12,-1679	 x12:0x80001a90 x19=0x00000001
       13155000	      1314	80000e58	00e8bc33	sltu	x24,x17,x14	 x17:0x00000001 x14:0x00000001 x24=0x00000000
       13165000	      1315	80000e5c	00b5b9b3	sltu	x19,x11,x11	 x11:0xb870e000 x11:0xb870e000 x19=0x00000000
       13175000	      1316	80000e60	0f4d0f93	addi	x31,x26,244	 x26:0x00000001 x31=0x000000f5
       13185000	      1317	80000e64	03de5263	bge	x28,x29,80000e88	 x28:0x83a109af x29:0x00000001
       13195000	      1318	80000e68	40278bb3	sub	x23,x15,x2	 x15:0x00000000  x2:0x00000000 x23=0x00000000
       13205000	      1319	80000e6c	01822533	slt	x10,x4,x24	  x4:0x80009f84 x24:0x00000000 x10=0x00000001
       13215000	      1320	80000e70	00cfea63	bltu	x31,x12,80000e84	 x31:0x000000f5 x12:0x80001a90
       13225000	      1321	00000000	00000013	addi	x0,x0,0	  x0:0x00000000
       13235000	      1322	80000e80	00000013	addi	x0,x0,0	  x0:0x00000000
       13245000	      1323	80000e84	02a9fc63	bgeu	x19,x10,80000ebc	 x19:0x00000000 x10:0x00000001
       13255000	      1324	80000e88	ad00c8b7	lui	x17,0xad00c	 x17=0xad00c000
       13265000	      1325	80000e8c	00075c33	srl	x24,x14,x0	 x14:0x00000001  x0:0x00000000 x24=0x00000001
       13275000	      1326	80000e90	515cab97	auipc	x23,0x515ca	 x23=0xd15cae8c
       13285000	      1327	80000e94	0143d263	bge	x7,x20,80000e98	  x7:0x00000011 x20:0x4bd6a68d
       13295000	      1328	80000e98	002e9593	slli	x11,x29,0x2	 x29:0x00000001 x11=0x00000004
       13305000	      1329	80000e9c	01b4c263	blt	x9,x27,80000ea0	  x9:0x80009fc4 x27:0x83a109af
       13315000	      1330	00000000	00000013	addi	x0,x0,0	  x0:0x00000000
       13325000	      1331	80000e9c	00000013	addi	x0,x0,0	  x0:0x00000000
       13335000	      1332	80000ea0	0461d863	bge	x3,x6,80000ef0	  x3:0xe6e1ffc4  x6:0x00000001
       13345000	      1333	80000ea4	40808933	sub	x18,x1,x8	  x1:0x00000000  x8:0x00000002 x18=0xfffffffe
       13355000	      1334	80000ea8	009f9cb3	sll	x25,x31,x9	 x31:0x000000f5  x9:0x80009fc4 x25=0x00000f50
       13365000	      1335	80000eac	02d4c263	blt	x9,x13,80000ed0	  x9:0x80009fc4 x13:0x00000000
       13375000	      1336	00000000	00000013	addi	x0,x0,0	  x0:0x00000000
       13385000	      1337	80000ecc	00000013	addi	x0,x0,0	  x0:0x00000000
       13395000	      1338	80000ed0	01742ab3	slt	x21,x8,x23	  x8:0x00000002 x23:0xd15cae8c x21=0x00000000
       13405000	      1339	80000ed4	a0e86793	ori	x15,x16,-1522	 x16:0x00000001 x15=0xfffffa0f
       13415000	      1340	80000ed8	007c35b3	sltu	x11,x24,x7	 x24:0x00000001  x7:0x00000011 x11=0x00000001
       13425000	      1341	80000edc	04034263	blt	x6,x0,80000f20	  x6:0x00000001  x0:0x00000000
       13435000	      1342	80000ee0	35ab8913	addi	x18,x23,858	 x23:0xd15cae8c x18=0xd15cb1e6
       13445000	      1343	80000ee4	01aad633	srl	x12,x21,x26	 x21:0x00000000 x26:0x00000001 x12=0x00000000
       13455000	      1344	80000ee8	6caeb413	sltiu	x8,x29,1738	 x29:0x00000001  x8=0x00000001
       13465000	      1345	80000eec	00056fb3	or	x31,x10,x0	 x10:0x00000001  x0:0x00000000 x31=0x00000001
       13475000	      1346	80000ef0	011cceb3	xor	x29,x25,x17	 x25:0x00000f50 x17:0xad00c000 x29=0xad00cf50
       13485000	      1347	80000ef4	28a43293	sltiu	x5,x8,650	  x8:0x00000001  x5=0x00000001
       13495000	      1348	80000ef8	a8396293	ori	x5,x18,-1405	 x18:0xd15cb1e6  x5=0xfffffbe7
       13505000	      1349	80000efc	f2940fb7	lui	x31,0xf2940	 x31=0xf2940000
       13515000	      1350	80000f00	83f63613	sltiu	x12,x12,-1985	 x12:0x00000000 x12=0x00000001
       13525000	      1351	80000f04	00fa0463	beq	x20,x15,80000f0c	 x20:0x4bd6a68d x15:0xfffffa0f
       13535000	      1352	80000f08	0359d063	bge	x19,x21,80000f28	 x19:0x00000000 x21:0x00000000
       13545000	      1353	00000000	00000013	addi	x0,x0,0	  x0:0x00000000
       13555000	      1354	80000f24	00000013	addi	x0,x0,0	  x0:0x00000000
       13565000	      1355	80000f28	4024da13	srai	x20,x9,0x2	  x9:0x80009fc4 x20=0xe00027f1
       13575000	      1356	80000f2c	5928df17	auipc	x30,0x5928d	 x30=0xd928df28
       13585000	      1357	80000f30	05775463	bge	x14,x23,80000f78	 x14:0x00000001 x23:0xd15cae8c
       13595000	      1358	00000000	00000013	addi	x0,x0,0	  x0:0x00000000
       13605000	      1359	80000f74	00000013	addi	x0,x0,0	  x0:0x00000000
       13615000	      1360	80000f78	4138dc33	sra	x24,x17,x19	 x17:0xad00c000 x19:0x00000000 x24=0xad00c000
       13625000	      1361	80000f7c	2a947c17	auipc	x24,0x2a947	 x24=0xaa947f78
       13635000	      1362	80000f80	41155293	srai	x5,x10,0x11	 x10:0x00000001  x5=0x00000000
       13645000	      1363	80000f84	01c29c33	sll	x24,x5,x28	  x5:0x00000000 x28:0x83a109af x24=0x00000000
       13655000	      1364	80000f88	0985eb13	ori	x22,x11,152	 x11:0x00000001 x22=0x00000099
       13665000	      1365	80000f8c	0008ea33	or	x20,x17,x0	 x17:0xad00c000  x0:0x00000000 x20=0xad00c000
       13675000	      1366	80000f90	02a85863	bge	x16,x10,80000fc0	 x16:0x00000001 x10:0x00000001
       13685000	      1367	00000000	00000013	addi	x0,x0,0	  x0:0x00000000
       13695000	      1368	80000fbc	00000013	addi	x0,x0,0	  x0:0x00000000
       13705000	      1369	80000fc0	37bb8c13	addi	x24,x23,891	 x23:0xd15cae8c x24=0xd15cb207
       13715000	      1370	80000fc4	41a70ab3	sub	x21,x14,x26	 x14:0x00000001 x26:0x00000001 x21=0x00000000
       13725000	      1371	80000fc8	01c4d713	srli	x14,x9,0x1c	  x9:0x80009fc4 x14=0x00000008
       13735000	      1372	80000fcc	005be863	bltu	x23,x5,80000fdc	 x23:0xd15cae8c  x5:0x00000000
       13745000	      1373	80000fd0	014966b3	or	x13,x18,x20	 x18:0xd15cb1e6 x20:0xad00c000 x13=0xfd5cf1e6
       13755000	      1374	80000fd4	000bfa63	bgeu	x23,x0,80000fe8	 x23:0xd15cae8c  x0:0x00000000
       13765000	      1375	00000000	00000013	addi	x0,x0,0	  x0:0x00000000
       13775000	      1376	80000fe4	00000013	addi	x0,x0,0	  x0:0x00000000
       13785000	      1377	80000fe8	83c1f397	auipc	x7,0x83c1f	  x7=0x03c1ffe4
       13795000	      1378	80000fec	038cc863	blt	x25,x24,8000101c	 x25:0x00000f50 x24:0xd15cb207
       13805000	      1379	80000ff0	ef47f313	andi	x6,x15,-268	 x15:0xfffffa0f  x6=0xfffffa04
       13815000	      1380	80000ff4	00c36a63	bltu	x6,x12,80001008	  x6:0xfffffa04 x12:0x00000001
       13825000	      1381	80000ff8	495fb793	sltiu	x15,x31,1173	 x31:0xf2940000 x15=0x00000000
       13835000	      1382	80000ffc	0015dc63	bge	x11,x1,80001014	 x11:0x00000001  x1:0x00000000
       13845000	      1383	00000000	00000013	addi	x0,x0,0	  x0:0x00000000
       13855000	      1384	80001010	00000013	addi	x0,x0,0	  x0:0x00000000
       13865000	      1385	80001014	819b7937	lui	x18,0x819b7	 x18=0x819b7000
       13875000	      1386	80001018	ed956913	ori	x18,x10,-295	 x10:0x00000001 x18=0xfffffed9
       13885000	      1387	8000101c	01b37863	bgeu	x6,x27,8000102c	  x6:0xfffffa04 x27:0x83a109af
       13895000	      1388	00000000	00000013	addi	x0,x0,0	  x0:0x00000000
       13905000	      1389	80001028	00000013	addi	x0,x0,0	  x0:0x00000000
       13915000	      1390	8000102c	04294463	blt	x18,x2,80001074	 x18:0xfffffed9  x2:0x00000000
       13925000	      1391	00000000	00000013	addi	x0,x0,0	  x0:0x00000000
       13935000	      1392	80001070	00000013	addi	x0,x0,0	  x0:0x00000000
       13945000	      1393	80001074	00941893	slli	x17,x8,0x9	  x8:0x00000001 x17=0x00000200
       13955000	      1394	80001078	a219c593	xori	x11,x19,-1503	 x19:0x00000000 x11=0xfffffa21
       13965000	      1395	8000107c	014e1eb3	sll	x29,x28,x20	 x28:0x83a109af x20:0xad00c000 x29=0x83a109af
       13975000	      1396	80001080	7f657a93	andi	x21,x10,2038	 x10:0x00000001 x21=0x00000000
       13985000	      1397	80001084	001fe7b3	or	x15,x31,x1	 x31:0xf2940000  x1:0x00000000 x15=0xf2940000
       13995000	      1398	80001088	01d7f9b3	and	x19,x15,x29	 x15:0xf2940000 x29:0x83a109af x19=0x82800000
       14005000	      1399	8000108c	012dd893	srli	x17,x27,0x12	 x27:0x83a109af x17=0x000020e8
       14015000	      1400	80001090	002b8833	add	x16,x23,x2	 x23:0xd15cae8c  x2:0x00000000 x16=0xd15cae8c
       14025000	      1401	80001094	40c45db3	sra	x27,x8,x12	  x8:0x00000001 x12:0x00000001 x27=0x00000000
       14035000	      1402	80001098	4e867e93	andi	x29,x12,1256	 x12:0x00000001 x29=0x00000000
       14045000	      1403	8000109c	05a8e663	bltu	x17,x26,800010e8	 x17:0x000020e8 x26:0x00000001
       14055000	      1404	800010a0	4112d8b3	sra	x17,x5,x17	  x5:0x00000000 x17:0x000020e8 x17=0x00000000
       14065000	      1405	800010a4	05ca1463	bne	x20,x28,800010ec	 x20:0xad00c000 x28:0x83a109af
       14075000	      1406	00000000	00000013	addi	x0,x0,0	  x0:0x00000000
       14085000	      1407	800010e8	00000013	addi	x0,x0,0	  x0:0x00000000
       14095000	      1408	800010ec	072ad463	bge	x21,x18,80001154	 x21:0x00000000 x18:0xfffffed9
       14105000	      1409	00000000	00000013	addi	x0,x0,0	  x0:0x00000000
       14115000	      1410	80001150	00000013	addi	x0,x0,0	  x0:0x00000000
       14125000	      1411	80001154	411ddc33	sra	x24,x27,x17	 x27:0x00000000 x17:0x00000000 x24=0x00000000
       14135000	      1412	80001158	00255133	srl	x2,x10,x2	 x10:0x00000001  x2:0x00000000  x2=0x00000001
       14145000	      1413	8000115c	03b97863	bgeu	x18,x27,8000118c	 x18:0xfffffed9 x27:0x00000000
       14155000	      1414	00000000	00000013	addi	x0,x0,0	  x0:0x00000000
       14165000	      1415	80001188	00000013	addi	x0,x0,0	  x0:0x00000000
       14175000	      1416	8000118c	05555663	bge	x10,x21,800011d8	 x10:0x00000001 x21:0x00000000
       14185000	      1417	00000000	00000013	addi	x0,x0,0	  x0:0x00000000
       14195000	      1418	800011d4	00000013	addi	x0,x0,0	  x0:0x00000000
       14205000	      1419	800011d8	006a6133	or	x2,x20,x6	 x20:0xad00c000  x6:0xfffffa04  x2=0xfffffa04
       14215000	      1420	800011dc	20be3f93	sltiu	x31,x28,523	 x28:0x83a109af x31=0x00000000
       14225000	      1421	800011e0	40a757b3	sra	x15,x14,x10	 x14:0x00000008 x10:0x00000001 x15=0x00000004
       14235000	      1422	800011e4	03a67e63	bgeu	x12,x26,80001220	 x12:0x00000001 x26:0x00000001
       14245000	      1423	00000000	00000013	addi	x0,x0,0	  x0:0x00000000
       14255000	      1424	8000121c	00000013	addi	x0,x0,0	  x0:0x00000000
       14265000	      1425	80001220	006ca0b3	slt	x1,x25,x6	 x25:0x00000f50  x6:0xfffffa04  x1=0x00000000
       14275000	      1426	80001224	01dcd2b3	srl	x5,x25,x29	 x25:0x00000f50 x29:0x00000000  x5=0x00000f50
       14285000	      1427	80001228	00631593	slli	x11,x6,0x6	  x6:0xfffffa04 x11=0xfffe8100
       14295000	      1428	8000122c	4168dc13	srai	x24,x17,0x16	 x17:0x00000000 x24=0x00000000
       14305000	      1429	80001230	016c0a33	add	x20,x24,x22	 x24:0x00000000 x22:0x00000099 x20=0x00000099
       14315000	      1430	80001234	015b5693	srli	x13,x22,0x15	 x22:0x00000099 x13=0x00000000
       14325000	      1431	80001238	034cd063	bge	x25,x20,80001258	 x25:0x00000f50 x20:0x00000099
       14335000	      1432	00000000	00000013	addi	x0,x0,0	  x0:0x00000000
       14345000	      1433	80001254	00000013	addi	x0,x0,0	  x0:0x00000000
       14355000	      1434	80001258	01c8f633	and	x12,x17,x28	 x17:0x00000000 x28:0x83a109af x12=0x00000000
       14365000	      1435	8000125c	00479fb3	sll	x31,x15,x4	 x15:0x00000004  x4:0x80009f84 x31=0x00000040
       14375000	      1436	80001260	0029beb3	sltu	x29,x19,x2	 x19:0x82800000  x2:0xfffffa04 x29=0x00000001
       14385000	      1437	80001264	00cc6c63	bltu	x24,x12,8000127c	 x24:0x00000000 x12:0x00000000
       14395000	      1438	80001268	05bd9263	bne	x27,x27,800012ac	 x27:0x00000000 x27:0x00000000
       14405000	      1439	8000126c	400e8ab3	sub	x21,x29,x0	 x29:0x00000001  x0:0x00000000 x21=0x00000001
       14415000	      1440	80001270	067eb893	sltiu	x17,x29,103	 x29:0x00000001 x17=0x00000001
       14425000	      1441	80001274	1bb2a093	slti	x1,x5,443	  x5:0x00000f50  x1=0x00000000
       14435000	      1442	80001278	41858533	sub	x10,x11,x24	 x11:0xfffe8100 x24:0x00000000 x10=0xfffe8100
       14445000	      1443	8000127c	6f89e193	ori	x3,x19,1784	 x19:0x82800000  x3=0x828006f8
       14455000	      1444	80001280	41478133	sub	x2,x15,x20	 x15:0x00000004 x20:0x00000099  x2=0xffffff6b
       14465000	      1445	80001284	0146db33	srl	x22,x13,x20	 x13:0x00000000 x20:0x00000099 x22=0x00000000
       14475000	      1446	80001288	0169a033	slt	x0,x19,x22	 x19:0x82800000 x22:0x00000000
       14485000	      1447	8000128c	00a59a93	slli	x21,x11,0xa	 x11:0xfffe8100 x21=0xfa040000
       14495000	      1448	80001290	409c89b3	sub	x19,x25,x9	 x25:0x00000f50  x9:0x80009fc4 x19=0x7fff6f8c
       14505000	      1449	80001294	4004d413	srai	x8,x9,0x0	  x9:0x80009fc4  x8=0x80009fc4
       14515000	      1450	80001298	03810863	beq	x2,x24,800012c8	  x2:0xffffff6b x24:0x00000000
       14525000	      1451	8000129c	405a51b3	sra	x3,x20,x5	 x20:0x00000099  x5:0x00000f50  x3=0x00000000
       14535000	      1452	800012a0	016d9433	sll	x8,x27,x22	 x27:0x00000000 x22:0x00000000  x8=0x00000000
       14545000	      1453	800012a4	03805a63	bge	x0,x24,800012d8	  x0:0x00000000 x24:0x00000000
       14555000	      1454	00000000	00000013	addi	x0,x0,0	  x0:0x00000000
       14565000	      1455	800012d4	00000013	addi	x0,x0,0	  x0:0x00000000
       14575000	      1456	800012d8	0110fb33	and	x22,x1,x17	  x1:0x00000000 x17:0x00000001 x22=0x00000000
       14585000	      1457	800012dc	a8b04c97	auipc	x25,0xa8b04	 x25=0x28b052d8
       14595000	      1458	800012e0	477bbe93	sltiu	x29,x23,1143	 x23:0xd15cae8c x29=0x00000000
       14605000	      1459	800012e4	000c13b3	sll	x7,x24,x0	 x24:0x00000000  x0:0x00000000  x7=0x00000000
       14615000	      1460	800012e8	00a71c13	slli	x24,x14,0xa	 x14:0x00000008 x24=0x00002000
       14625000	      1461	800012ec	0112b533	sltu	x10,x5,x17	  x5:0x00000f50 x17:0x00000001 x10=0x00000000
       14635000	      1462	800012f0	409907b3	sub	x15,x18,x9	 x18:0xfffffed9  x9:0x80009fc4 x15=0x7fff5f15
       14645000	      1463	800012f4	01db4433	xor	x8,x22,x29	 x22:0x00000000 x29:0x00000000  x8=0x00000000
       14655000	      1464	800012f8	0199f433	and	x8,x19,x25	 x19:0x7fff6f8c x25:0x28b052d8  x8=0x28b04288
       14665000	      1465	800012fc	00017a63	bgeu	x2,x0,80001310	  x2:0xffffff6b  x0:0x00000000
       14675000	      1466	00000000	00000013	addi	x0,x0,0	  x0:0x00000000
       14685000	      1467	8000130c	00000013	addi	x0,x0,0	  x0:0x00000000
       14695000	      1468	80001310	007f7263	bgeu	x30,x7,80001314	 x30:0xd928df28  x7:0x00000000
       14705000	      1469	00000000	00000013	addi	x0,x0,0	  x0:0x00000000
       14715000	      1470	80001310	00000013	addi	x0,x0,0	  x0:0x00000000
       14725000	      1471	80001314	38c67613	andi	x12,x12,908	 x12:0x00000000 x12=0x00000000
       14735000	      1472	80001318	00000013	addi	x0,x0,0	  x0:0x00000000
       14745000	      1473	8000131c	034ef263	bgeu	x29,x20,80001340	 x29:0x00000000 x20:0x00000099
       14755000	      1474	80001320	00b38fb3	add	x31,x7,x11	  x7:0x00000000 x11:0xfffe8100 x31=0xfffe8100
       14765000	      1475	80001324	be6c8113	addi	x2,x25,-1050	 x25:0x28b052d8  x2=0x28b04ebe
       14775000	      1476	80001328	e2df5597	auipc	x11,0xe2df5	 x11=0x62df6324
       14785000	      1477	8000132c	4b95f093	andi	x1,x11,1209	 x11:0x62df6324  x1=0x00000020
       14795000	      1478	80001330	03bcf863	bgeu	x25,x27,80001360	 x25:0x28b052d8 x27:0x00000000
       14805000	      1479	00000000	00000013	addi	x0,x0,0	  x0:0x00000000
       14815000	      1480	8000135c	00000013	addi	x0,x0,0	  x0:0x00000000
       14825000	      1481	80001360	00000013	addi	x0,x0,0	  x0:0x00000000
       14835000	      1482	80001364	0160d893	srli	x17,x1,0x16	  x1:0x00000020 x17=0x00000000
       14845000	      1483	80001368	01b79393	slli	x7,x15,0x1b	 x15:0x7fff5f15  x7=0xa8000000
       14855000	      1484	8000136c	00859413	slli	x8,x11,0x8	 x11:0x62df6324  x8=0xdf632400
       14865000	      1485	80001370	00000013	addi	x0,x0,0	  x0:0x00000000
       14875000	      1486	80001374	4158dc33	sra	x24,x17,x21	 x17:0x00000000 x21:0xfa040000 x24=0x00000000
       14885000	      1487	80001378	4e3ba393	slti	x7,x23,1251	 x23:0xd15cae8c  x7=0x00000001
       14895000	      1488	8000137c	006e4633	xor	x12,x28,x6	 x28:0x83a109af  x6:0xfffffa04 x12=0x7c5ef3ab
       14905000	      1489	80001380	00eaa933	slt	x18,x21,x14	 x21:0xfa040000 x14:0x00000008 x18=0x00000001
       14915000	      1490	80001384	005b7933	and	x18,x22,x5	 x22:0x00000000  x5:0x00000f50 x18=0x00000000
       14925000	      1491	80001388	03815863	bge	x2,x24,800013b8	  x2:0x28b04ebe x24:0x00000000
       14935000	      1492	00000000	00000013	addi	x0,x0,0	  x0:0x00000000
       14945000	      1493	800013b4	00000013	addi	x0,x0,0	  x0:0x00000000
       14955000	      1494	800013b8	0b18e813	ori	x16,x17,177	 x17:0x00000000 x16=0x000000b1
       14965000	      1495	800013bc	00a00b93	addi	x23,x0,10	  x0:0x00000000 x23=0x0000000a
       14975000	      1496	800013c0	d20db937	lui	x18,0xd20db	 x18=0xd20db000
       14985000	      1497	800013c4	00ea02b3	add	x5,x20,x14	 x20:0x00000099 x14:0x00000008  x5=0x000000a1
       14995000	      1498	800013c8	01100c13	addi	x24,x0,17	  x0:0x00000000 x24=0x00000011
       15005000	      1499	800013cc	e905f113	andi	x2,x11,-368	 x11:0x62df6324  x2=0x62df6200
       15015000	      1500	800013d0	01b63a33	sltu	x20,x12,x27	 x12:0x7c5ef3ab x27:0x00000000 x20=0x00000000
       15025000	      1501	800013d4	77fa4993	xori	x19,x20,1919	 x20:0x00000000 x19=0x0000077f
       15035000	      1502	800013d8	01111d93	slli	x27,x2,0x11	  x2:0x62df6200 x27=0xc4000000
       15045000	      1503	800013dc	ebcae197	auipc	x3,0xebcae	  x3=0x6bcaf3d8
       15055000	      1504	800013e0	eddf3313	sltiu	x6,x30,-291	 x30:0xd928df28  x6=0x00000001
       15065000	      1505	800013e4	a682d7b7	lui	x15,0xa682d	 x15=0xa682d000
       15075000	      1506	800013e8	74a48613	addi	x12,x9,1866	  x9:0x80009fc4 x12=0x8000a70e
       15085000	      1507	800013ec	77dc1417	auipc	x8,0x77dc1	  x8=0xf7dc23e8
       15095000	      1508	800013f0	161f2193	slti	x3,x30,353	 x30:0xd928df28  x3=0x00000001
       15105000	      1509	800013f4	4cf86193	ori	x3,x16,1231	 x16:0x000000b1  x3=0x000004ff
       15115000	      1510	800013f8	008b8b93	addi	x23,x23,8	 x23:0x0000000a x23=0x00000012
       15125000	      1511	800013fc	01d07ab3	and	x21,x0,x29	  x0:0x00000000 x29:0x00000000 x21=0x00000000
       15135000	      1512	80001400	e7ecf113	andi	x2,x25,-386	 x25:0x28b052d8  x2=0x28b05258
       15145000	      1513	80001404	3098e393	ori	x7,x17,777	 x17:0x00000000  x7=0x00000309
       15155000	      1514	80001408	2c46a413	slti	x8,x13,708	 x13:0x00000000  x8=0x00000001
       15165000	      1515	8000140c	40185813	srai	x16,x16,0x1	 x16:0x000000b1 x16=0x00000058
       15175000	      1516	80001410	00e19893	slli	x17,x3,0xe	  x3:0x000004ff x17=0x013fc000
       15185000	      1517	80001414	4123dc93	srai	x25,x7,0x12	  x7:0x00000309 x25=0x00000000
       15195000	      1518	80001418	419089b3	sub	x19,x1,x25	  x1:0x00000020 x25:0x00000000 x19=0x00000020
       15205000	      1519	8000141c	40e8dfb3	sra	x31,x17,x14	 x17:0x013fc000 x14:0x00000008 x31=0x00013fc0
       15215000	      1520	80001420	40295533	sra	x10,x18,x2	 x18:0xd20db000  x2:0x28b05258 x10=0xffffffd2
       15225000	      1521	80001424	fb8bc6e3	blt	x23,x24,800013d0	 x23:0x00000012 x24:0x00000011
       15235000	      1522	80001428	0158f9b3	and	x19,x17,x21	 x17:0x013fc000 x21:0x00000000 x19=0x00000000
       15245000	      1523	8000142c	01cb1913	slli	x18,x22,0x1c	 x22:0x00000000 x18=0x00000000
       15255000	      1524	80001430	01be06b3	add	x13,x28,x27	 x28:0x83a109af x27:0xc4000000 x13=0x47a109af
       15265000	      1525	80001434	011f6033	or	x0,x30,x17	 x30:0xd928df28 x17:0x013fc000
       15275000	      1526	80001438	018b71b3	and	x3,x22,x24	 x22:0x00000000 x24:0x00000011  x3=0x00000000
       15285000	      1527	8000143c	8b790337	lui	x6,0x8b790	  x6=0x8b790000
       15295000	      1528	80001440	f8f77813	andi	x16,x14,-113	 x14:0x00000008 x16=0x00000008
       15305000	      1529	80001444	03275263	bge	x14,x18,80001468	 x14:0x00000008 x18:0x00000000
       15315000	      1530	00000000	00000013	addi	x0,x0,0	  x0:0x00000000
       15325000	      1531	80001464	00000013	addi	x0,x0,0	  x0:0x00000000
       15335000	      1532	80001468	fedc0e93	addi	x29,x24,-19	 x24:0x00000011 x29=0xfffffffe
       15345000	      1533	8000146c	006a0bb3	add	x23,x20,x6	 x20:0x00000000  x6:0x8b790000 x23=0x8b790000
       15355000	      1534	80001470	00000e17	auipc	x28,0x0	 x28=0x8000146c
       15365000	      1535	80001474	00ce0e13	addi	x28,x28,12	 x28:0x8000146c x28=0x80001478
       15375000	      1536	80001478	000e0067	jalr	x0,x28,0	 x28:0x80001478
       15385000	      1537	00000000	00000013	addi	x0,x0,0	  x0:0x00000000
       15395000	      1538	80001478	00000013	addi	x0,x0,0	  x0:0x00000000
       15405000	      1539	8000147c	00100193	addi	x3,x0,1	  x0:0x00000000  x3=0x00000001
       15415000	      1540	80001480	00000073	ecall	
       15425000	      1541	80001484	ff420213	addi	x4,x4,-12	  x4:0x80009f84  x4=0x80009f78
