		Time			Cycle	PC		Insn	Decoded instruction	Register and memory contents
          65000	         5	80000004	00000293	addi	x5,x0,0	  x0:0x00000000  x5=0x00000000
          75000	         6	80000008	00000313	addi	x6,x0,0	  x0:0x00000000  x6=0x00000000
          85000	         7	8000000c	00628263	beq	x5,x6,80000010	  x5:0x00000000  x6:0x00000000
          95000	         8	00000000	00000013	addi	x0,x0,0	  x0:0x00000000
         105000	         9	8000000c	00000013	addi	x0,x0,0	  x0:0x00000000
         115000	        10	80000010	00000f97	auipc	x31,0x0	 x31=0x8000000c
         125000	        11	80000014	00cf8f93	addi	x31,x31,12	 x31:0x8000000c x31=0x80000018
         135000	        12	80000018	000f8067	jalr	x0,x31,0	 x31:0x80000018
         145000	        13	00000000	00000013	addi	x0,x0,0	  x0:0x00000000
         155000	        14	80000018	00000013	addi	x0,x0,0	  x0:0x00000000
         165000	        15	8000001c	40000bb7	lui	x23,0x40000	 x23=0x40000000
         175000	        16	80000020	100b8b93	addi	x23,x23,256	 x23:0x40000000 x23=0x40000100
         185000	        17	80000024	00000013	addi	x0,x0,0	  x0:0x00000000
         195000	        18	80000028	0000a117	auipc	x2,0xa	  x2=0x8000a024
         205000	        19	8000002c	fa010113	addi	x2,x2,-96	  x2:0x8000a024  x2=0x80009fc4
         215000	        20	80000030	00004b97	auipc	x23,0x4	 x23=0x8000402c
         225000	        21	80000034	944b8b93	addi	x23,x23,-1724	 x23:0x8000402c x23=0x80003970
         235000	        22	80000038	001beb93	ori	x23,x23,1	 x23:0x80003970 x23=0x80003971
         245000	        23	8000003c	00000013	addi	x0,x0,0	  x0:0x00000000
         255000	        24	80000040	00000b97	auipc	x23,0x0	 x23=0x8000003c
         265000	        25	80000044	020b8b93	addi	x23,x23,32	 x23:0x8000003c x23=0x8000005c
         275000	        26	80000048	00000013	addi	x0,x0,0	  x0:0x00000000
         285000	        27	8000004c	00000013	addi	x0,x0,0	  x0:0x00000000
         295000	        28	80000050	00002bb7	lui	x23,0x2	 x23=0x00002000
         305000	        29	80000054	800b8b93	addi	x23,x23,-2048	 x23:0x00002000 x23=0x00001800
         315000	        30	80000058	00000013	addi	x0,x0,0	  x0:0x00000000
         325000	        31	8000005c	00000013	addi	x0,x0,0	  x0:0x00000000
         335000	        32	80000060	00400013	addi	x0,x0,4	  x0:0x00000000
         345000	        33	80000064	800000b7	lui	x1,0x80000	  x1=0x80000000
         355000	        34	80000068	2f20f1b7	lui	x3,0x2f20f	  x3=0x2f20f000
         365000	        35	8000006c	8e218193	addi	x3,x3,-1822	  x3:0x2f20f000  x3=0x2f20e8e2
         375000	        36	80000070	00000213	addi	x4,x0,0	  x0:0x00000000  x4=0x00000000
         385000	        37	80000074	fcacf2b7	lui	x5,0xfcacf	  x5=0xfcacf000
         395000	        38	80000078	a4e28293	addi	x5,x5,-1458	  x5:0xfcacf000  x5=0xfcacea4e
         405000	        39	8000007c	00000313	addi	x6,x0,0	  x0:0x00000000  x6=0x00000000
         415000	        40	80000080	fa4953b7	lui	x7,0xfa495	  x7=0xfa495000
         425000	        41	80000084	c8d38393	addi	x7,x7,-883	  x7:0xfa495000  x7=0xfa494c8d
         435000	        42	80000088	0dd79437	lui	x8,0xdd79	  x8=0x0dd79000
         445000	        43	8000008c	ba740413	addi	x8,x8,-1113	  x8:0x0dd79000  x8=0x0dd78ba7
         455000	        44	80000090	00900493	addi	x9,x0,9	  x0:0x00000000  x9=0x00000009
         465000	        45	80000094	32265537	lui	x10,0x32265	 x10=0x32265000
         475000	        46	80000098	22350513	addi	x10,x10,547	 x10:0x32265000 x10=0x32265223
         485000	        47	8000009c	f06ea5b7	lui	x11,0xf06ea	 x11=0xf06ea000
         495000	        48	800000a0	a2358593	addi	x11,x11,-1501	 x11:0xf06ea000 x11=0xf06e9a23
         505000	        49	800000a4	00000613	addi	x12,x0,0	  x0:0x00000000 x12=0x00000000
         515000	        50	800000a8	800006b7	lui	x13,0x80000	 x13=0x80000000
         525000	        51	800000ac	00000713	addi	x14,x0,0	  x0:0x00000000 x14=0x00000000
         535000	        52	800000b0	00000793	addi	x15,x0,0	  x0:0x00000000 x15=0x00000000
         545000	        53	800000b4	f203e837	lui	x16,0xf203e	 x16=0xf203e000
         555000	        54	800000b8	43780813	addi	x16,x16,1079	 x16:0xf203e000 x16=0xf203e437
         565000	        55	800000bc	800008b7	lui	x17,0x80000	 x17=0x80000000
         575000	        56	800000c0	f6063937	lui	x18,0xf6063	 x18=0xf6063000
         585000	        57	800000c4	2b190913	addi	x18,x18,689	 x18:0xf6063000 x18=0xf60632b1
         595000	        58	800000c8	7b4969b7	lui	x19,0x7b496	 x19=0x7b496000
         605000	        59	800000cc	6d698993	addi	x19,x19,1750	 x19:0x7b496000 x19=0x7b4966d6
         615000	        60	800000d0	00000a13	addi	x20,x0,0	  x0:0x00000000 x20=0x00000000
         625000	        61	800000d4	00000b13	addi	x22,x0,0	  x0:0x00000000 x22=0x00000000
         635000	        62	800000d8	f429cbb7	lui	x23,0xf429c	 x23=0xf429c000
         645000	        63	800000dc	ebdb8b93	addi	x23,x23,-323	 x23:0xf429c000 x23=0xf429bebd
         655000	        64	800000e0	00c00c13	addi	x24,x0,12	  x0:0x00000000 x24=0x0000000c
         665000	        65	800000e4	80000cb7	lui	x25,0x80000	 x25=0x80000000
         675000	        66	800000e8	80000d37	lui	x26,0x80000	 x26=0x80000000
         685000	        67	800000ec	93270db7	lui	x27,0x93270	 x27=0x93270000
         695000	        68	800000f0	b9cd8d93	addi	x27,x27,-1124	 x27:0x93270000 x27=0x9326fb9c
         705000	        69	800000f4	00000e13	addi	x28,x0,0	  x0:0x00000000 x28=0x00000000
         715000	        70	800000f8	f04faeb7	lui	x29,0xf04fa	 x29=0xf04fa000
         725000	        71	800000fc	c53e8e93	addi	x29,x29,-941	 x29:0xf04fa000 x29=0xf04f9c53
         735000	        72	80000100	ff433f37	lui	x30,0xff433	 x30=0xff433000
         745000	        73	80000104	1f7f0f13	addi	x30,x30,503	 x30:0xff433000 x30=0xff4331f7
         755000	        74	80000108	00000f93	addi	x31,x0,0	  x0:0x00000000 x31=0x00000000
         765000	        75	8000010c	0000aa97	auipc	x21,0xa	 x21=0x8000a108
         775000	        76	80000110	e7ca8a93	addi	x21,x21,-388	 x21:0x8000a108 x21=0x80009f84
         785000	        77	80000114	046de863	bltu	x27,x6,80000164	 x27:0x9326fb9c  x6:0x00000000
         795000	        78	80000118	017f3233	sltu	x4,x30,x23	 x30:0xff4331f7 x23:0xf429bebd  x4=0x00000000
         805000	        79	8000011c	01c2be33	sltu	x28,x5,x28	  x5:0xfcacea4e x28:0x00000000 x28=0x00000000
         815000	        80	80000120	01e5d693	srli	x13,x11,0x1e	 x11:0xf06e9a23 x13=0x00000003
         825000	        81	80000124	019d74b3	and	x9,x26,x25	 x26:0x80000000 x25:0x80000000  x9=0x80000000
         835000	        82	80000128	00001217	auipc	x4,0x1	  x4=0x80001124
         845000	        83	8000012c	7f420213	addi	x4,x4,2036	  x4:0x80001124  x4=0x80001918
         855000	        84	80000130	01d20a33	add	x20,x4,x29	  x4:0x80001918 x29:0xf04f9c53 x20=0x704fb56b
         865000	        85	80000134	013d90b3	sll	x1,x27,x19	 x27:0x9326fb9c x19:0x7b4966d6  x1=0xe7000000
         875000	        86	80000138	c1920213	addi	x4,x4,-999	  x4:0x80001918  x4=0x80001531
         885000	        87	8000013c	00b43bb3	sltu	x23,x8,x11	  x8:0x0dd78ba7 x11:0xf06e9a23 x23=0x00000001
         895000	        88	80000140	00dfe1b3	or	x3,x31,x13	 x31:0x00000000 x13:0x00000003  x3=0x00000003
         905000	        89	80000144	3e820367	jalr	x6,x4,1000	  x4:0x80001531  x6=0x80000144
         915000	        90	00000000	00000013	addi	x0,x0,0	  x0:0x00000000
         925000	        91	80001918	00000013	addi	x0,x0,0	  x0:0x00000000
         935000	        92	8000191c	012b5c93	srli	x25,x22,0x12	 x22:0x00000000 x25=0x00000000
         945000	        93	80001920	33a62f13	slti	x30,x12,826	 x12:0x00000000 x30=0x00000001
         955000	        94	80001924	fcca8a93	addi	x21,x21,-52	 x21:0x80009f84 x21=0x80009f50
         965000	        95	80001928	7a882213	slti	x4,x16,1960	 x16:0xf203e437  x4=0x00000001
         975000	        96	8000192c	00847b33	and	x22,x8,x8	  x8:0x0dd78ba7  x8:0x0dd78ba7 x22=0x0dd78ba7
         985000	        97	80001930	006aa223	sw	x6,4(x21)	 x21:0x80009f50  x6:0x80000144 PA:0x80009f54
         995000	        98	80001934	417ad6b3	sra	x13,x21,x23	 x21:0x80009f50 x23:0x00000001 x13=0xc0004fa8
        1005000	        99	80001938	0048d013	srli	x0,x17,0x4	 x17:0x80000000
        1015000	       100	8000193c	406c8a33	sub	x20,x25,x6	 x25:0x00000000  x6:0x80000144 x20=0x7ffffebc
        1025000	       101	80001940	00000013	addi	x0,x0,0	  x0:0x00000000
        1035000	       102	80001944	4164d0b3	sra	x1,x9,x22	  x9:0x80000000 x22:0x0dd78ba7  x1=0xff000000
        1045000	       103	80001948	403b55b3	sra	x11,x22,x3	 x22:0x0dd78ba7  x3:0x00000003 x11=0x01baf174
        1055000	       104	8000194c	01ac17b3	sll	x15,x24,x26	 x24:0x0000000c x26:0x80000000 x15=0x0000000c
        1065000	       105	80001950	01156663	bltu	x10,x17,8000195c	 x10:0x32265223 x17:0x80000000
        1075000	       106	00000000	00000013	addi	x0,x0,0	  x0:0x00000000
        1085000	       107	80001958	00000013	addi	x0,x0,0	  x0:0x00000000
        1095000	       108	8000195c	931fe36f	jal	x6,8000195c	  x6=0x8000195c
        1105000	       109	00000000	00000013	addi	x0,x0,0	  x0:0x00000000
        1115000	       110	80000288	00000013	addi	x0,x0,0	  x0:0x00000000
        1125000	       111	8000028c	004e41b3	xor	x3,x28,x4	 x28:0x00000000  x4:0x00000001  x3=0x00000001
        1135000	       112	80000290	fe0a8a93	addi	x21,x21,-32	 x21:0x80009f50 x21=0x80009f30
        1145000	       113	80000294	00891733	sll	x14,x18,x8	 x18:0xf60632b1  x8:0x0dd78ba7 x14=0x03195880
        1155000	       114	80000298	417186b3	sub	x13,x3,x23	  x3:0x00000001 x23:0x00000001 x13=0x00000000
        1165000	       115	8000029c	006aa223	sw	x6,4(x21)	 x21:0x80009f30  x6:0x8000195c PA:0x80009f34
        1175000	       116	800002a0	009b4a33	xor	x20,x22,x9	 x22:0x0dd78ba7  x9:0x80000000 x20=0x8dd78ba7
        1185000	       117	800002a4	ffb00d93	addi	x27,x0,-5	  x0:0x00000000 x27=0xfffffffb
        1195000	       118	800002a8	804ba893	slti	x17,x23,-2044	 x23:0x00000001 x17=0x00000000
        1205000	       119	800002ac	e3b27693	andi	x13,x4,-453	  x4:0x00000001 x13=0x00000001
        1215000	       120	800002b0	016c16b3	sll	x13,x24,x22	 x24:0x0000000c x22:0x0dd78ba7 x13=0x00000600
        1225000	       121	800002b4	0115cd33	xor	x26,x11,x17	 x11:0x01baf174 x17:0x00000000 x26=0x01baf174
        1235000	       122	800002b8	8b932493	slti	x9,x6,-1863	  x6:0x8000195c  x9=0x00000001
        1245000	       123	800002bc	54e56097	auipc	x1,0x54e56	  x1=0xd4e562b8
        1255000	       124	800002c0	415458b3	sra	x17,x8,x21	  x8:0x0dd78ba7 x21:0x80009f30 x17=0x00000dd7
        1265000	       125	800002c4	00500193	addi	x3,x0,5	  x0:0x00000000  x3=0x00000005
        1275000	       126	800002c8	407f8233	sub	x4,x31,x7	 x31:0x00000000  x7:0xfa494c8d  x4=0x05b6b373
        1285000	       127	800002cc	abc68493	addi	x9,x13,-1348	 x13:0x00000600  x9=0x000000bc
        1295000	       128	800002d0	fc45a2b7	lui	x5,0xfc45a	  x5=0xfc45a000
        1305000	       129	800002d4	004bbd33	sltu	x26,x23,x4	 x23:0x00000001  x4:0x05b6b373 x26=0x00000001
        1315000	       130	800002d8	010653b3	srl	x7,x12,x16	 x12:0x00000000 x16:0xf203e437  x7=0x00000000
        1325000	       131	800002dc	005d8d93	addi	x27,x27,5	 x27:0xfffffffb x27=0x00000000
        1335000	       132	800002e0	013060b3	or	x1,x0,x19	  x0:0x00000000 x19:0x7b4966d6  x1=0x7b4966d6
        1345000	       133	800002e4	fe3d84e3	beq	x27,x3,800002cc	 x27:0x00000000  x3:0x00000005
        1355000	       134	800002e8	01b2f7b3	and	x15,x5,x27	  x5:0xfc45a000 x27:0x00000000 x15=0x00000000
        1365000	       135	800002ec	00900813	addi	x16,x0,9	  x0:0x00000000 x16=0x00000009
        1375000	       136	800002f0	00345333	srl	x6,x8,x3	  x8:0x0dd78ba7  x3:0x00000005  x6=0x006ebc5d
        1385000	       137	800002f4	e5c71a37	lui	x20,0xe5c71	 x20=0xe5c71000
        1395000	       138	800002f8	01bcbd33	sltu	x26,x25,x27	 x25:0x00000000 x27:0x00000000 x26=0x00000000
        1405000	       139	800002fc	00000013	addi	x0,x0,0	  x0:0x00000000
        1415000	       140	80000300	01aead33	slt	x26,x29,x26	 x29:0xf04f9c53 x26:0x00000000 x26=0x00000001
        1425000	       141	80000304	01259a13	slli	x20,x11,0x12	 x11:0x01baf174 x20=0xc5d00000
        1435000	       142	80000308	01085633	srl	x12,x16,x16	 x16:0x00000009 x16:0x00000009 x12=0x00000000
        1445000	       143	8000030c	246fc713	xori	x14,x31,582	 x31:0x00000000 x14=0x00000246
        1455000	       144	80000310	01000d93	addi	x27,x0,16	  x0:0x00000000 x27=0x00000010
        1465000	       145	80000314	143119b7	lui	x19,0x14311	 x19=0x14311000
        1475000	       146	80000318	406d8a33	sub	x20,x27,x6	 x27:0x00000010  x6:0x006ebc5d x20=0xff9143b3
        1485000	       147	8000031c	00380813	addi	x16,x16,3	 x16:0x00000009 x16=0x0000000c
        1495000	       148	80000320	01963c33	sltu	x24,x12,x25	 x12:0x00000000 x25:0x00000000 x24=0x00000000
        1505000	       149	80000324	ffb84ae3	blt	x16,x27,80000318	 x16:0x0000000c x27:0x00000010
        1515000	       150	00000000	00000013	addi	x0,x0,0	  x0:0x00000000
        1525000	       151	80000314	00000013	addi	x0,x0,0	  x0:0x00000000
        1535000	       152	80000318	406d8a33	sub	x20,x27,x6	 x27:0x00000010  x6:0x006ebc5d x20=0xff9143b3
        1545000	       153	8000031c	00380813	addi	x16,x16,3	 x16:0x0000000c x16=0x0000000f
        1555000	       154	80000320	01963c33	sltu	x24,x12,x25	 x12:0x00000000 x25:0x00000000 x24=0x00000000
        1565000	       155	80000324	ffb84ae3	blt	x16,x27,80000318	 x16:0x0000000f x27:0x00000010
        1575000	       156	00000000	00000013	addi	x0,x0,0	  x0:0x00000000
        1585000	       157	80000314	00000013	addi	x0,x0,0	  x0:0x00000000
        1595000	       158	80000318	406d8a33	sub	x20,x27,x6	 x27:0x00000010  x6:0x006ebc5d x20=0xff9143b3
        1605000	       159	8000031c	00380813	addi	x16,x16,3	 x16:0x0000000f x16=0x00000012
        1615000	       160	80000320	01963c33	sltu	x24,x12,x25	 x12:0x00000000 x25:0x00000000 x24=0x00000000
        1625000	       161	80000324	ffb84ae3	blt	x16,x27,80000318	 x16:0x00000012 x27:0x00000010
        1635000	       162	80000328	00000013	addi	x0,x0,0	  x0:0x00000000
        1645000	       163	8000032c	00800813	addi	x16,x0,8	  x0:0x00000000 x16=0x00000008
        1655000	       164	80000330	84c0b013	sltiu	x0,x1,-1972	  x1:0x7b4966d6
        1665000	       165	80000334	01de05b3	add	x11,x28,x29	 x28:0x00000000 x29:0xf04f9c53 x11=0xf04f9c53
        1675000	       166	80000338	fa907c93	andi	x25,x0,-87	  x0:0x00000000 x25=0x00000000
        1685000	       167	8000033c	01100193	addi	x3,x0,17	  x0:0x00000000  x3=0x00000011
        1695000	       168	80000340	8cd43513	sltiu	x10,x8,-1843	  x8:0x0dd78ba7 x10=0x00000001
        1705000	       169	80000344	00980813	addi	x16,x16,9	 x16:0x00000008 x16=0x00000011
        1715000	       170	80000348	ffe00b13	addi	x22,x0,-2	  x0:0x00000000 x22=0xfffffffe
        1725000	       171	8000034c	32118493	addi	x9,x3,801	  x3:0x00000011  x9=0x00000332
        1735000	       172	80000350	01c8d293	srli	x5,x17,0x1c	 x17:0x00000dd7  x5=0x00000000
        1745000	       173	80000354	01331f33	sll	x30,x6,x19	  x6:0x006ebc5d x19:0x14311000 x30=0x006ebc5d
        1755000	       174	80000358	af9c6513	ori	x10,x24,-1287	 x24:0x00000000 x10=0xfffffaf9
        1765000	       175	8000035c	00c00d93	addi	x27,x0,12	  x0:0x00000000 x27=0x0000000c
        1775000	       176	80000360	00a8e533	or	x10,x17,x10	 x17:0x00000dd7 x10:0xfffffaf9 x10=0xffffffff
        1785000	       177	80000364	00000013	addi	x0,x0,0	  x0:0x00000000
        1795000	       178	80000368	004b0b13	addi	x22,x22,4	 x22:0xfffffffe x22=0x00000002
        1805000	       179	8000036c	40c55693	srai	x13,x10,0xc	 x10:0xffffffff x13=0xffffffff
        1815000	       180	80000370	016424b3	slt	x9,x8,x22	  x8:0x0dd78ba7 x22:0x00000002  x9=0x00000000
        1825000	       181	80000374	01c41f13	slli	x30,x8,0x1c	  x8:0x0dd78ba7 x30=0x70000000
        1835000	       182	80000378	003e05b3	add	x11,x28,x3	 x28:0x00000000  x3:0x00000011 x11=0x00000011
        1845000	       183	8000037c	9a992017	auipc	x0,0x9a992	
        1855000	       184	80000380	00cf0c33	add	x24,x30,x12	 x30:0x70000000 x12:0x00000000 x24=0x70000000
        1865000	       185	80000384	01a26633	or	x12,x4,x26	  x4:0x05b6b373 x26:0x00000001 x12=0x05b6b373
        1875000	       186	80000388	01f339b3	sltu	x19,x6,x31	  x6:0x006ebc5d x31:0x00000000 x19=0x00000000
        1885000	       187	8000038c	fdbb4ae3	blt	x22,x27,80000360	 x22:0x00000002 x27:0x0000000c
        1895000	       188	00000000	00000013	addi	x0,x0,0	  x0:0x00000000
        1905000	       189	8000035c	00000013	addi	x0,x0,0	  x0:0x00000000
        1915000	       190	80000360	00a8e533	or	x10,x17,x10	 x17:0x00000dd7 x10:0xffffffff x10=0xffffffff
        1925000	       191	80000364	00000013	addi	x0,x0,0	  x0:0x00000000
        1935000	       192	80000368	004b0b13	addi	x22,x22,4	 x22:0x00000002 x22=0x00000006
        1945000	       193	8000036c	40c55693	srai	x13,x10,0xc	 x10:0xffffffff x13=0xffffffff
        1955000	       194	80000370	016424b3	slt	x9,x8,x22	  x8:0x0dd78ba7 x22:0x00000006  x9=0x00000000
        1965000	       195	80000374	01c41f13	slli	x30,x8,0x1c	  x8:0x0dd78ba7 x30=0x70000000
        1975000	       196	80000378	003e05b3	add	x11,x28,x3	 x28:0x00000000  x3:0x00000011 x11=0x00000011
        1985000	       197	8000037c	9a992017	auipc	x0,0x9a992	
        1995000	       198	80000380	00cf0c33	add	x24,x30,x12	 x30:0x70000000 x12:0x05b6b373 x24=0x75b6b373
        2005000	       199	80000384	01a26633	or	x12,x4,x26	  x4:0x05b6b373 x26:0x00000001 x12=0x05b6b373
        2015000	       200	80000388	01f339b3	sltu	x19,x6,x31	  x6:0x006ebc5d x31:0x00000000 x19=0x00000000
        2025000	       201	8000038c	fdbb4ae3	blt	x22,x27,80000360	 x22:0x00000006 x27:0x0000000c
        2035000	       202	00000000	00000013	addi	x0,x0,0	  x0:0x00000000
        2045000	       203	8000035c	00000013	addi	x0,x0,0	  x0:0x00000000
        2055000	       204	80000360	00a8e533	or	x10,x17,x10	 x17:0x00000dd7 x10:0xffffffff x10=0xffffffff
        2065000	       205	80000364	00000013	addi	x0,x0,0	  x0:0x00000000
        2075000	       206	80000368	004b0b13	addi	x22,x22,4	 x22:0x00000006 x22=0x0000000a
        2085000	       207	8000036c	40c55693	srai	x13,x10,0xc	 x10:0xffffffff x13=0xffffffff
        2095000	       208	80000370	016424b3	slt	x9,x8,x22	  x8:0x0dd78ba7 x22:0x0000000a  x9=0x00000000
        2105000	       209	80000374	01c41f13	slli	x30,x8,0x1c	  x8:0x0dd78ba7 x30=0x70000000
        2115000	       210	80000378	003e05b3	add	x11,x28,x3	 x28:0x00000000  x3:0x00000011 x11=0x00000011
        2125000	       211	8000037c	9a992017	auipc	x0,0x9a992	
        2135000	       212	80000380	00cf0c33	add	x24,x30,x12	 x30:0x70000000 x12:0x05b6b373 x24=0x75b6b373
        2145000	       213	80000384	01a26633	or	x12,x4,x26	  x4:0x05b6b373 x26:0x00000001 x12=0x05b6b373
        2155000	       214	80000388	01f339b3	sltu	x19,x6,x31	  x6:0x006ebc5d x31:0x00000000 x19=0x00000000
        2165000	       215	8000038c	fdbb4ae3	blt	x22,x27,80000360	 x22:0x0000000a x27:0x0000000c
        2175000	       216	00000000	00000013	addi	x0,x0,0	  x0:0x00000000
        2185000	       217	8000035c	00000013	addi	x0,x0,0	  x0:0x00000000
        2195000	       218	80000360	00a8e533	or	x10,x17,x10	 x17:0x00000dd7 x10:0xffffffff x10=0xffffffff
        2205000	       219	80000364	00000013	addi	x0,x0,0	  x0:0x00000000
        2215000	       220	80000368	004b0b13	addi	x22,x22,4	 x22:0x0000000a x22=0x0000000e
        2225000	       221	8000036c	40c55693	srai	x13,x10,0xc	 x10:0xffffffff x13=0xffffffff
        2235000	       222	80000370	016424b3	slt	x9,x8,x22	  x8:0x0dd78ba7 x22:0x0000000e  x9=0x00000000
        2245000	       223	80000374	01c41f13	slli	x30,x8,0x1c	  x8:0x0dd78ba7 x30=0x70000000
        2255000	       224	80000378	003e05b3	add	x11,x28,x3	 x28:0x00000000  x3:0x00000011 x11=0x00000011
        2265000	       225	8000037c	9a992017	auipc	x0,0x9a992	
        2275000	       226	80000380	00cf0c33	add	x24,x30,x12	 x30:0x70000000 x12:0x05b6b373 x24=0x75b6b373
        2285000	       227	80000384	01a26633	or	x12,x4,x26	  x4:0x05b6b373 x26:0x00000001 x12=0x05b6b373
        2295000	       228	80000388	01f339b3	sltu	x19,x6,x31	  x6:0x006ebc5d x31:0x00000000 x19=0x00000000
        2305000	       229	8000038c	fdbb4ae3	blt	x22,x27,80000360	 x22:0x0000000e x27:0x0000000c
        2315000	       230	80000390	fa3868e3	bltu	x16,x3,80000340	 x16:0x00000011  x3:0x00000011
        2325000	       231	80000394	00861d13	slli	x26,x12,0x8	 x12:0x05b6b373 x26=0xb6b37300
        2335000	       232	80000398	00400313	addi	x6,x0,4	  x0:0x00000000  x6=0x00000004
        2345000	       233	8000039c	b5474613	xori	x12,x14,-1196	 x14:0x00000246 x12=0xfffff912
        2355000	       234	800003a0	4f14fc93	andi	x25,x9,1265	  x9:0x00000000 x25=0x00000000
        2365000	       235	800003a4	01400c13	addi	x24,x0,20	  x0:0x00000000 x24=0x00000014
        2375000	       236	800003a8	00f93a33	sltu	x20,x18,x15	 x18:0xf60632b1 x15:0x00000000 x20=0x00000000
        2385000	       237	800003ac	5bf88c93	addi	x25,x17,1471	 x17:0x00000dd7 x25=0x00001396
        2395000	       238	800003b0	00830313	addi	x6,x6,8	  x6:0x00000004  x6=0x0000000c
        2405000	       239	800003b4	01ec2233	slt	x4,x24,x30	 x24:0x00000014 x30:0x70000000  x4=0x00000001
        2415000	       240	800003b8	eafe6437	lui	x8,0xeafe6	  x8=0xeafe6000
        2425000	       241	800003bc	01005cb3	srl	x25,x0,x16	  x0:0x00000000 x16:0x00000011 x25=0x00000000
        2435000	       242	800003c0	2d90e013	ori	x0,x1,729	  x1:0x7b4966d6
        2445000	       243	800003c4	403dd293	srai	x5,x27,0x3	 x27:0x0000000c  x5=0x00000001
        2455000	       244	800003c8	ffc00993	addi	x19,x0,-4	  x0:0x00000000 x19=0xfffffffc
        2465000	       245	800003cc	00300f13	addi	x30,x0,3	  x0:0x00000000 x30=0x00000003
        2475000	       246	800003d0	2a90ac93	slti	x25,x1,681	  x1:0x7b4966d6 x25=0x00000000
        2485000	       247	800003d4	0179db13	srli	x22,x19,0x17	 x19:0xfffffffc x22=0x000001ff
        2495000	       248	800003d8	0074deb3	srl	x29,x9,x7	  x9:0x00000000  x7:0x00000000 x29=0x00000000
        2505000	       249	800003dc	478b8b13	addi	x22,x23,1144	 x23:0x00000001 x22=0x00000479
        2515000	       250	800003e0	0160eb33	or	x22,x1,x22	  x1:0x7b4966d6 x22:0x00000479 x22=0x7b4966ff
        2525000	       251	800003e4	01e7da33	srl	x20,x15,x30	 x15:0x00000000 x30:0x00000003 x20=0x00000000
        2535000	       252	800003e8	00b580b3	add	x1,x11,x11	 x11:0x00000011 x11:0x00000011  x1=0x00000022
        2545000	       253	800003ec	01dc5b13	srli	x22,x24,0x1d	 x24:0x00000014 x22=0x00000000
        2555000	       254	800003f0	00798993	addi	x19,x19,7	 x19:0xfffffffc x19=0x00000003
        2565000	       255	800003f4	00000013	addi	x0,x0,0	  x0:0x00000000
        2575000	       256	800003f8	408e02b3	sub	x5,x28,x8	 x28:0x00000000  x8:0xeafe6000  x5=0x1501a000
        2585000	       257	800003fc	4ca98c93	addi	x25,x19,1226	 x19:0x00000003 x25=0x000004cd
        2595000	       258	80000400	01071d93	slli	x27,x14,0x10	 x14:0x00000246 x27=0x02460000
        2605000	       259	80000404	fde99ee3	bne	x19,x30,800003e0	 x19:0x00000003 x30:0x00000003
        2615000	       260	80000408	00b30eb3	add	x29,x6,x11	  x6:0x0000000c x11:0x00000011 x29=0x0000001d
        2625000	       261	8000040c	41cedc93	srai	x25,x29,0x1c	 x29:0x0000001d x25=0x00000000
        2635000	       262	80000410	28f3fa13	andi	x20,x7,655	  x7:0x00000000 x20=0x00000000
        2645000	       263	80000414	0120ddb3	srl	x27,x1,x18	  x1:0x00000022 x18:0xf60632b1 x27=0x00000000
        2655000	       264	80000418	01d77cb3	and	x25,x14,x29	 x14:0x00000246 x29:0x0000001d x25=0x00000004
        2665000	       265	8000041c	f98316e3	bne	x6,x24,800003a8	  x6:0x0000000c x24:0x00000014
        2675000	       266	00000000	00000013	addi	x0,x0,0	  x0:0x00000000
        2685000	       267	800003a4	00000013	addi	x0,x0,0	  x0:0x00000000
        2695000	       268	800003a8	00f93a33	sltu	x20,x18,x15	 x18:0xf60632b1 x15:0x00000000 x20=0x00000000
        2705000	       269	800003ac	5bf88c93	addi	x25,x17,1471	 x17:0x00000dd7 x25=0x00001396
        2715000	       270	800003b0	00830313	addi	x6,x6,8	  x6:0x0000000c  x6=0x00000014
        2725000	       271	800003b4	01ec2233	slt	x4,x24,x30	 x24:0x00000014 x30:0x00000003  x4=0x00000000
        2735000	       272	800003b8	eafe6437	lui	x8,0xeafe6	  x8=0xeafe6000
        2745000	       273	800003bc	01005cb3	srl	x25,x0,x16	  x0:0x00000000 x16:0x00000011 x25=0x00000000
        2755000	       274	800003c0	2d90e013	ori	x0,x1,729	  x1:0x00000022
        2765000	       275	800003c4	403dd293	srai	x5,x27,0x3	 x27:0x00000000  x5=0x00000000
        2775000	       276	800003c8	ffc00993	addi	x19,x0,-4	  x0:0x00000000 x19=0xfffffffc
        2785000	       277	800003cc	00300f13	addi	x30,x0,3	  x0:0x00000000 x30=0x00000003
        2795000	       278	800003d0	2a90ac93	slti	x25,x1,681	  x1:0x00000022 x25=0x00000001
        2805000	       279	800003d4	0179db13	srli	x22,x19,0x17	 x19:0xfffffffc x22=0x000001ff
        2815000	       280	800003d8	0074deb3	srl	x29,x9,x7	  x9:0x00000000  x7:0x00000000 x29=0x00000000
        2825000	       281	800003dc	478b8b13	addi	x22,x23,1144	 x23:0x00000001 x22=0x00000479
        2835000	       282	800003e0	0160eb33	or	x22,x1,x22	  x1:0x00000022 x22:0x00000479 x22=0x0000047b
        2845000	       283	800003e4	01e7da33	srl	x20,x15,x30	 x15:0x00000000 x30:0x00000003 x20=0x00000000
        2855000	       284	800003e8	00b580b3	add	x1,x11,x11	 x11:0x00000011 x11:0x00000011  x1=0x00000022
        2865000	       285	800003ec	01dc5b13	srli	x22,x24,0x1d	 x24:0x00000014 x22=0x00000000
        2875000	       286	800003f0	00798993	addi	x19,x19,7	 x19:0xfffffffc x19=0x00000003
        2885000	       287	800003f4	00000013	addi	x0,x0,0	  x0:0x00000000
        2895000	       288	800003f8	408e02b3	sub	x5,x28,x8	 x28:0x00000000  x8:0xeafe6000  x5=0x1501a000
        2905000	       289	800003fc	4ca98c93	addi	x25,x19,1226	 x19:0x00000003 x25=0x000004cd
        2915000	       290	80000400	01071d93	slli	x27,x14,0x10	 x14:0x00000246 x27=0x02460000
        2925000	       291	80000404	fde99ee3	bne	x19,x30,800003e0	 x19:0x00000003 x30:0x00000003
        2935000	       292	80000408	00b30eb3	add	x29,x6,x11	  x6:0x00000014 x11:0x00000011 x29=0x00000025
        2945000	       293	8000040c	41cedc93	srai	x25,x29,0x1c	 x29:0x00000025 x25=0x00000000
        2955000	       294	80000410	28f3fa13	andi	x20,x7,655	  x7:0x00000000 x20=0x00000000
        2965000	       295	80000414	0120ddb3	srl	x27,x1,x18	  x1:0x00000022 x18:0xf60632b1 x27=0x00000000
        2975000	       296	80000418	01d77cb3	and	x25,x14,x29	 x14:0x00000246 x29:0x00000025 x25=0x00000004
        2985000	       297	8000041c	f98316e3	bne	x6,x24,800003a8	  x6:0x00000014 x24:0x00000014
        2995000	       298	80000420	00bcc7b3	xor	x15,x25,x11	 x25:0x00000004 x11:0x00000011 x15=0x00000015
        3005000	       299	80000424	00900e93	addi	x29,x0,9	  x0:0x00000000 x29=0x00000009
        3015000	       300	80000428	01ecf233	and	x4,x25,x30	 x25:0x00000004 x30:0x00000003  x4=0x00000000
        3025000	       301	8000042c	01f8b3b3	sltu	x7,x17,x31	 x17:0x00000dd7 x31:0x00000000  x7=0x00000000
        3035000	       302	80000430	007534b3	sltu	x9,x10,x7	 x10:0xffffffff  x7:0x00000000  x9=0x00000000
        3045000	       303	80000434	00900613	addi	x12,x0,9	  x0:0x00000000 x12=0x00000009
        3055000	       304	80000438	01c242b3	xor	x5,x4,x28	  x4:0x00000000 x28:0x00000000  x5=0x00000000
        3065000	       305	8000043c	41a27813	andi	x16,x4,1050	  x4:0x00000000 x16=0x00000000
        3075000	       306	80000440	ff9e8e93	addi	x29,x29,-7	 x29:0x00000009 x29=0x00000002
        3085000	       307	80000444	407388b3	sub	x17,x7,x7	  x7:0x00000000  x7:0x00000000 x17=0x00000000
        3095000	       308	80000448	4149d713	srai	x14,x19,0x14	 x19:0x00000003 x14=0x00000000
        3105000	       309	8000044c	009fb6b3	sltu	x13,x31,x9	 x31:0x00000000  x9:0x00000000 x13=0x00000000
        3115000	       310	80000450	417d02b3	sub	x5,x26,x23	 x26:0xb6b37300 x23:0x00000001  x5=0xb6b372ff
        3125000	       311	80000454	40795db3	sra	x27,x18,x7	 x18:0xf60632b1  x7:0x00000000 x27=0xf60632b1
        3135000	       312	80000458	ffe00413	addi	x8,x0,-2	  x0:0x00000000  x8=0xfffffffe
        3145000	       313	8000045c	fec00a13	addi	x20,x0,-20	  x0:0x00000000 x20=0xffffffec
        3155000	       314	80000460	5e906493	ori	x9,x0,1513	  x0:0x00000000  x9=0x000005e9
        3165000	       315	80000464	f9057c13	andi	x24,x10,-112	 x10:0xffffffff x24=0xffffff90
        3175000	       316	80000468	4121d393	srai	x7,x3,0x12	  x3:0x00000011  x7=0x00000000
        3185000	       317	8000046c	26986993	ori	x19,x16,617	 x16:0x00000000 x19=0x00000269
        3195000	       318	80000470	540d6993	ori	x19,x26,1344	 x26:0xb6b37300 x19=0xb6b37740
        3205000	       319	80000474	ff740413	addi	x8,x8,-9	  x8:0xfffffffe  x8=0xfffffff5
        3215000	       320	80000478	01a59c13	slli	x24,x11,0x1a	 x11:0x00000011 x24=0x44000000
        3225000	       321	8000047c	4122de13	srai	x28,x5,0x12	  x5:0xb6b372ff x28=0xffffedac
        3235000	       322	80000480	ff4408e3	beq	x8,x20,80000470	  x8:0xfffffff5 x20:0xffffffec
        3245000	       323	80000484	40f05693	srai	x13,x0,0xf	  x0:0x00000000 x13=0x00000000
        3255000	       324	80000488	413f52b3	sra	x5,x30,x19	 x30:0x00000003 x19:0xb6b37740  x5=0x00000003
        3265000	       325	8000048c	facef6e3	bgeu	x29,x12,80000438	 x29:0x00000002 x12:0x00000009
        3275000	       326	80000490	40245c93	srai	x25,x8,0x2	  x8:0xfffffff5 x25=0xfffffffd
        3285000	       327	80000494	00900993	addi	x19,x0,9	  x0:0x00000000 x19=0x00000009
        3295000	       328	80000498	00000013	addi	x0,x0,0	  x0:0x00000000
        3305000	       329	8000049c	0177b533	sltu	x10,x15,x23	 x15:0x00000015 x23:0x00000001 x10=0x00000000
        3315000	       330	800004a0	00900b93	addi	x23,x0,9	  x0:0x00000000 x23=0x00000009
        3325000	       331	800004a4	000f5813	srli	x16,x30,0x0	 x30:0x00000003 x16=0x00000003
        3335000	       332	800004a8	c5244937	lui	x18,0xc5244	 x18=0xc5244000
        3345000	       333	800004ac	00caba33	sltu	x20,x21,x12	 x21:0x80009f30 x12:0x00000009 x20=0x00000000
        3355000	       334	800004b0	01a62eb3	slt	x29,x12,x26	 x12:0x00000009 x26:0xb6b37300 x29=0x00000000
        3365000	       335	800004b4	ff898993	addi	x19,x19,-8	 x19:0x00000009 x19=0x00000001
        3375000	       336	800004b8	01aad033	srl	x0,x21,x26	 x21:0x80009f30 x26:0xb6b37300
        3385000	       337	800004bc	01149713	slli	x14,x9,0x11	  x9:0x000005e9 x14=0x0bd20000
        3395000	       338	800004c0	157dce93	xori	x29,x27,343	 x27:0xf60632b1 x29=0xf60633e6
        3405000	       339	800004c4	0adc7a13	andi	x20,x24,173	 x24:0x44000000 x20=0x00000000
        3415000	       340	800004c8	ff79f0e3	bgeu	x19,x23,800004a8	 x19:0x00000001 x23:0x00000009
        3425000	       341	800004cc	00000013	addi	x0,x0,0	  x0:0x00000000
        3435000	       342	800004d0	00900413	addi	x8,x0,9	  x0:0x00000000  x8=0x00000009
        3445000	       343	800004d4	017f3913	sltiu	x18,x30,23	 x30:0x00000003 x18=0x00000001
        3455000	       344	800004d8	001384b3	add	x9,x7,x1	  x7:0x00000000  x1:0x00000022  x9=0x00000022
        3465000	       345	800004dc	006a9b93	slli	x23,x21,0x6	 x21:0x80009f30 x23=0x0027cc00
        3475000	       346	800004e0	00e00d93	addi	x27,x0,14	  x0:0x00000000 x27=0x0000000e
        3485000	       347	800004e4	01009813	slli	x16,x1,0x10	  x1:0x00000022 x16=0x00220000
        3495000	       348	800004e8	41a4d733	sra	x14,x9,x26	  x9:0x00000022 x26:0xb6b37300 x14=0x00000022
        3505000	       349	800004ec	57cca013	slti	x0,x25,1404	 x25:0xfffffffd
        3515000	       350	800004f0	29340e93	addi	x29,x8,659	  x8:0x00000009 x29=0x0000029c
        3525000	       351	800004f4	007ace33	xor	x28,x21,x7	 x21:0x80009f30  x7:0x00000000 x28=0x80009f30
        3535000	       352	800004f8	bccbe1b7	lui	x3,0xbccbe	  x3=0xbccbe000
        3545000	       353	800004fc	00540413	addi	x8,x8,5	  x8:0x00000009  x8=0x0000000e
        3555000	       354	80000500	01160333	add	x6,x12,x17	 x12:0x00000009 x17:0x00000000  x6=0x00000009
        3565000	       355	80000504	b19f6d37	lui	x26,0xb19f6	 x26=0xb19f6000
        3575000	       356	80000508	00000893	addi	x17,x0,0	  x0:0x00000000 x17=0x00000000
        3585000	       357	8000050c	000d5093	srli	x1,x26,0x0	 x26:0xb19f6000  x1=0xb19f6000
        3595000	       358	80000510	0188d4b3	srl	x9,x17,x24	 x17:0x00000000 x24:0x44000000  x9=0x00000000
        3605000	       359	80000514	ff200213	addi	x4,x0,-14	  x0:0x00000000  x4=0xfffffff2
        3615000	       360	80000518	401801b3	sub	x3,x16,x1	 x16:0x00220000  x1:0xb19f6000  x3=0x4e82a000
        3625000	       361	8000051c	01fdd7b3	srl	x15,x27,x31	 x27:0x0000000e x31:0x00000000 x15=0x0000000e
        3635000	       362	80000520	01aec2b3	xor	x5,x29,x26	 x29:0x0000029c x26:0xb19f6000  x5=0xb19f629c
        3645000	       363	80000524	01389bb3	sll	x23,x17,x19	 x17:0x00000000 x19:0x00000001 x23=0x00000000
        3655000	       364	80000528	00c30733	add	x14,x6,x12	  x6:0x00000009 x12:0x00000009 x14=0x00000012
        3665000	       365	8000052c	6a4a7013	andi	x0,x20,1700	 x20:0x00000000
        3675000	       366	80000530	00bc72b3	and	x5,x24,x11	 x24:0x44000000 x11:0x00000011  x5=0x00000000
        3685000	       367	80000534	ff988893	addi	x17,x17,-7	 x17:0x00000000 x17=0xfffffff9
        3695000	       368	80000538	01e02633	slt	x12,x0,x30	  x0:0x00000000 x30:0x00000003 x12=0x00000001
        3705000	       369	8000053c	0125ff33	and	x30,x11,x18	 x11:0x00000011 x18:0x00000001 x30=0x00000001
        3715000	       370	80000540	008c7eb3	and	x29,x24,x8	 x24:0x44000000  x8:0x0000000e x29=0x00000000
        3725000	       371	80000544	000a1833	sll	x16,x20,x0	 x20:0x00000000  x0:0x00000000 x16=0x00000000
        3735000	       372	80000548	fe48d0e3	bge	x17,x4,80000528	 x17:0xfffffff9  x4:0xfffffff2
        3745000	       373	00000000	00000013	addi	x0,x0,0	  x0:0x00000000
        3755000	       374	80000524	00000013	addi	x0,x0,0	  x0:0x00000000
        3765000	       375	80000528	00c30733	add	x14,x6,x12	  x6:0x00000009 x12:0x00000001 x14=0x0000000a
        3775000	       376	8000052c	6a4a7013	andi	x0,x20,1700	 x20:0x00000000
        3785000	       377	80000530	00bc72b3	and	x5,x24,x11	 x24:0x44000000 x11:0x00000011  x5=0x00000000
        3795000	       378	80000534	ff988893	addi	x17,x17,-7	 x17:0xfffffff9 x17=0xfffffff2
        3805000	       379	80000538	01e02633	slt	x12,x0,x30	  x0:0x00000000 x30:0x00000001 x12=0x00000001
        3815000	       380	8000053c	0125ff33	and	x30,x11,x18	 x11:0x00000011 x18:0x00000001 x30=0x00000001
        3825000	       381	80000540	008c7eb3	and	x29,x24,x8	 x24:0x44000000  x8:0x0000000e x29=0x00000000
        3835000	       382	80000544	000a1833	sll	x16,x20,x0	 x20:0x00000000  x0:0x00000000 x16=0x00000000
        3845000	       383	80000548	fe48d0e3	bge	x17,x4,80000528	 x17:0xfffffff2  x4:0xfffffff2
        3855000	       384	00000000	00000013	addi	x0,x0,0	  x0:0x00000000
        3865000	       385	80000524	00000013	addi	x0,x0,0	  x0:0x00000000
        3875000	       386	80000528	00c30733	add	x14,x6,x12	  x6:0x00000009 x12:0x00000001 x14=0x0000000a
        3885000	       387	8000052c	6a4a7013	andi	x0,x20,1700	 x20:0x00000000
        3895000	       388	80000530	00bc72b3	and	x5,x24,x11	 x24:0x44000000 x11:0x00000011  x5=0x00000000
        3905000	       389	80000534	ff988893	addi	x17,x17,-7	 x17:0xfffffff2 x17=0xffffffeb
        3915000	       390	80000538	01e02633	slt	x12,x0,x30	  x0:0x00000000 x30:0x00000001 x12=0x00000001
        3925000	       391	8000053c	0125ff33	and	x30,x11,x18	 x11:0x00000011 x18:0x00000001 x30=0x00000001
        3935000	       392	80000540	008c7eb3	and	x29,x24,x8	 x24:0x44000000  x8:0x0000000e x29=0x00000000
        3945000	       393	80000544	000a1833	sll	x16,x20,x0	 x20:0x00000000  x0:0x00000000 x16=0x00000000
        3955000	       394	80000548	fe48d0e3	bge	x17,x4,80000528	 x17:0xffffffeb  x4:0xfffffff2
        3965000	       395	8000054c	090bf793	andi	x15,x23,144	 x23:0x00000000 x15=0x00000000
        3975000	       396	80000550	00000013	addi	x0,x0,0	  x0:0x00000000
        3985000	       397	80000554	f9b40ce3	beq	x8,x27,800004ec	  x8:0x0000000e x27:0x0000000e
        3995000	       398	00000000	00000013	addi	x0,x0,0	  x0:0x00000000
        4005000	       399	800004e8	00000013	addi	x0,x0,0	  x0:0x00000000
        4015000	       400	800004ec	57cca013	slti	x0,x25,1404	 x25:0xfffffffd
        4025000	       401	800004f0	29340e93	addi	x29,x8,659	  x8:0x0000000e x29=0x000002a1
        4035000	       402	800004f4	007ace33	xor	x28,x21,x7	 x21:0x80009f30  x7:0x00000000 x28=0x80009f30
        4045000	       403	800004f8	bccbe1b7	lui	x3,0xbccbe	  x3=0xbccbe000
        4055000	       404	800004fc	00540413	addi	x8,x8,5	  x8:0x0000000e  x8=0x00000013
        4065000	       405	80000500	01160333	add	x6,x12,x17	 x12:0x00000001 x17:0xffffffeb  x6=0xffffffec
        4075000	       406	80000504	b19f6d37	lui	x26,0xb19f6	 x26=0xb19f6000
        4085000	       407	80000508	00000893	addi	x17,x0,0	  x0:0x00000000 x17=0x00000000
        4095000	       408	8000050c	000d5093	srli	x1,x26,0x0	 x26:0xb19f6000  x1=0xb19f6000
        4105000	       409	80000510	0188d4b3	srl	x9,x17,x24	 x17:0x00000000 x24:0x44000000  x9=0x00000000
        4115000	       410	80000514	ff200213	addi	x4,x0,-14	  x0:0x00000000  x4=0xfffffff2
        4125000	       411	80000518	401801b3	sub	x3,x16,x1	 x16:0x00000000  x1:0xb19f6000  x3=0x4e60a000
        4135000	       412	8000051c	01fdd7b3	srl	x15,x27,x31	 x27:0x0000000e x31:0x00000000 x15=0x0000000e
        4145000	       413	80000520	01aec2b3	xor	x5,x29,x26	 x29:0x000002a1 x26:0xb19f6000  x5=0xb19f62a1
        4155000	       414	80000524	01389bb3	sll	x23,x17,x19	 x17:0x00000000 x19:0x00000001 x23=0x00000000
        4165000	       415	80000528	00c30733	add	x14,x6,x12	  x6:0xffffffec x12:0x00000001 x14=0xffffffed
        4175000	       416	8000052c	6a4a7013	andi	x0,x20,1700	 x20:0x00000000
        4185000	       417	80000530	00bc72b3	and	x5,x24,x11	 x24:0x44000000 x11:0x00000011  x5=0x00000000
        4195000	       418	80000534	ff988893	addi	x17,x17,-7	 x17:0x00000000 x17=0xfffffff9
        4205000	       419	80000538	01e02633	slt	x12,x0,x30	  x0:0x00000000 x30:0x00000001 x12=0x00000001
        4215000	       420	8000053c	0125ff33	and	x30,x11,x18	 x11:0x00000011 x18:0x00000001 x30=0x00000001
        4225000	       421	80000540	008c7eb3	and	x29,x24,x8	 x24:0x44000000  x8:0x00000013 x29=0x00000000
        4235000	       422	80000544	000a1833	sll	x16,x20,x0	 x20:0x00000000  x0:0x00000000 x16=0x00000000
        4245000	       423	80000548	fe48d0e3	bge	x17,x4,80000528	 x17:0xfffffff9  x4:0xfffffff2
        4255000	       424	00000000	00000013	addi	x0,x0,0	  x0:0x00000000
        4265000	       425	80000524	00000013	addi	x0,x0,0	  x0:0x00000000
        4275000	       426	80000528	00c30733	add	x14,x6,x12	  x6:0xffffffec x12:0x00000001 x14=0xffffffed
        4285000	       427	8000052c	6a4a7013	andi	x0,x20,1700	 x20:0x00000000
        4295000	       428	80000530	00bc72b3	and	x5,x24,x11	 x24:0x44000000 x11:0x00000011  x5=0x00000000
        4305000	       429	80000534	ff988893	addi	x17,x17,-7	 x17:0xfffffff9 x17=0xfffffff2
        4315000	       430	80000538	01e02633	slt	x12,x0,x30	  x0:0x00000000 x30:0x00000001 x12=0x00000001
        4325000	       431	8000053c	0125ff33	and	x30,x11,x18	 x11:0x00000011 x18:0x00000001 x30=0x00000001
        4335000	       432	80000540	008c7eb3	and	x29,x24,x8	 x24:0x44000000  x8:0x00000013 x29=0x00000000
        4345000	       433	80000544	000a1833	sll	x16,x20,x0	 x20:0x00000000  x0:0x00000000 x16=0x00000000
        4355000	       434	80000548	fe48d0e3	bge	x17,x4,80000528	 x17:0xfffffff2  x4:0xfffffff2
        4365000	       435	00000000	00000013	addi	x0,x0,0	  x0:0x00000000
        4375000	       436	80000524	00000013	addi	x0,x0,0	  x0:0x00000000
        4385000	       437	80000528	00c30733	add	x14,x6,x12	  x6:0xffffffec x12:0x00000001 x14=0xffffffed
        4395000	       438	8000052c	6a4a7013	andi	x0,x20,1700	 x20:0x00000000
        4405000	       439	80000530	00bc72b3	and	x5,x24,x11	 x24:0x44000000 x11:0x00000011  x5=0x00000000
        4415000	       440	80000534	ff988893	addi	x17,x17,-7	 x17:0xfffffff2 x17=0xffffffeb
        4425000	       441	80000538	01e02633	slt	x12,x0,x30	  x0:0x00000000 x30:0x00000001 x12=0x00000001
        4435000	       442	8000053c	0125ff33	and	x30,x11,x18	 x11:0x00000011 x18:0x00000001 x30=0x00000001
        4445000	       443	80000540	008c7eb3	and	x29,x24,x8	 x24:0x44000000  x8:0x00000013 x29=0x00000000
        4455000	       444	80000544	000a1833	sll	x16,x20,x0	 x20:0x00000000  x0:0x00000000 x16=0x00000000
        4465000	       445	80000548	fe48d0e3	bge	x17,x4,80000528	 x17:0xffffffeb  x4:0xfffffff2
        4475000	       446	8000054c	090bf793	andi	x15,x23,144	 x23:0x00000000 x15=0x00000000
        4485000	       447	80000550	00000013	addi	x0,x0,0	  x0:0x00000000
        4495000	       448	80000554	f9b40ce3	beq	x8,x27,800004ec	  x8:0x00000013 x27:0x0000000e
        4505000	       449	80000558	00000013	addi	x0,x0,0	  x0:0x00000000
        4515000	       450	8000055c	00400713	addi	x14,x0,4	  x0:0x00000000 x14=0x00000004
        4525000	       451	80000560	00a8c0b3	xor	x1,x17,x10	 x17:0xffffffeb x10:0x00000000  x1=0xffffffeb
        4535000	       452	80000564	01100d13	addi	x26,x0,17	  x0:0x00000000 x26=0x00000011
        4545000	       453	80000568	01550bb3	add	x23,x10,x21	 x10:0x00000000 x21:0x80009f30 x23=0x80009f30
        4555000	       454	8000056c	01f807b3	add	x15,x16,x31	 x16:0x00000000 x31:0x00000000 x15=0x00000000
        4565000	       455	80000570	0027ae33	slt	x28,x15,x2	 x15:0x00000000  x2:0x80009fc4 x28=0x00000000
        4575000	       456	80000574	c36b8213	addi	x4,x23,-970	 x23:0x80009f30  x4=0x80009b66
        4585000	       457	80000578	00000013	addi	x0,x0,0	  x0:0x00000000
        4595000	       458	8000057c	00a70713	addi	x14,x14,10	 x14:0x00000004 x14=0x0000000e
        4605000	       459	80000580	4091da33	sra	x20,x3,x9	  x3:0x4e60a000  x9:0x00000000 x20=0x4e60a000
        4615000	       460	80000584	00f95b13	srli	x22,x18,0xf	 x18:0x00000001 x22=0x00000000
        4625000	       461	80000588	ffa746e3	blt	x14,x26,80000574	 x14:0x0000000e x26:0x00000011
        4635000	       462	00000000	00000013	addi	x0,x0,0	  x0:0x00000000
        4645000	       463	80000570	00000013	addi	x0,x0,0	  x0:0x00000000
        4655000	       464	80000574	c36b8213	addi	x4,x23,-970	 x23:0x80009f30  x4=0x80009b66
        4665000	       465	80000578	00000013	addi	x0,x0,0	  x0:0x00000000
        4675000	       466	8000057c	00a70713	addi	x14,x14,10	 x14:0x0000000e x14=0x00000018
        4685000	       467	80000580	4091da33	sra	x20,x3,x9	  x3:0x4e60a000  x9:0x00000000 x20=0x4e60a000
        4695000	       468	80000584	00f95b13	srli	x22,x18,0xf	 x18:0x00000001 x22=0x00000000
        4705000	       469	80000588	ffa746e3	blt	x14,x26,80000574	 x14:0x00000018 x26:0x00000011
        4715000	       470	8000058c	01a5a1b3	slt	x3,x11,x26	 x11:0x00000011 x26:0x00000011  x3=0x00000000
        4725000	       471	80000590	00900613	addi	x12,x0,9	  x0:0x00000000 x12=0x00000009
        4735000	       472	80000594	019564b3	or	x9,x10,x25	 x10:0x00000000 x25:0xfffffffd  x9=0xfffffffd
        4745000	       473	80000598	00421333	sll	x6,x4,x4	  x4:0x80009b66  x4:0x80009b66  x6=0x0026d980
        4755000	       474	8000059c	6da72b93	slti	x23,x14,1754	 x14:0x00000018 x23=0x00000001
        4765000	       475	800005a0	dd4a61b7	lui	x3,0xdd4a6	  x3=0xdd4a6000
        4775000	       476	800005a4	5718dbb7	lui	x23,0x5718d	 x23=0x5718d000
        4785000	       477	800005a8	00900293	addi	x5,x0,9	  x0:0x00000000  x5=0x00000009
        4795000	       478	800005ac	6f150b17	auipc	x22,0x6f150	 x22=0xef1505a8
        4805000	       479	800005b0	ed3fcc97	auipc	x25,0xed3fc	 x25=0x6d3fc5ac
        4815000	       480	800005b4	5dc8be93	sltiu	x29,x17,1500	 x17:0xffffffeb x29=0x00000000
        4825000	       481	800005b8	018fe5b3	or	x11,x31,x24	 x31:0x00000000 x24:0x44000000 x11=0x44000000
        4835000	       482	800005bc	24240d17	auipc	x26,0x24240	 x26=0xa42405b8
        4845000	       483	800005c0	437ab693	sltiu	x13,x21,1079	 x21:0x80009f30 x13=0x00000000
        4855000	       484	800005c4	ff860613	addi	x12,x12,-8	 x12:0x00000009 x12=0x00000001
        4865000	       485	800005c8	fe5674e3	bgeu	x12,x5,800005b0	 x12:0x00000001  x5:0x00000009
        4875000	       486	800005cc	400053b3	sra	x7,x0,x0	  x0:0x00000000  x0:0x00000000  x7=0x00000000
        4885000	       487	800005d0	00600f13	addi	x30,x0,6	  x0:0x00000000 x30=0x00000006
        4895000	       488	800005d4	19b2b697	auipc	x13,0x19b2b	 x13=0x99b2b5d0
        4905000	       489	800005d8	00aea2b3	slt	x5,x29,x10	 x29:0x00000000 x10:0x00000000  x5=0x00000000
        4915000	       490	800005dc	001cc533	xor	x10,x25,x1	 x25:0x6d3fc5ac  x1:0xffffffeb x10=0x92c03a47
        4925000	       491	800005e0	40dcd6b3	sra	x13,x25,x13	 x25:0x6d3fc5ac x13:0x99b2b5d0 x13=0x00006d3f
        4935000	       492	800005e4	75890837	lui	x16,0x75890	 x16=0x75890000
        4945000	       493	800005e8	018de533	or	x10,x27,x24	 x27:0x0000000e x24:0x44000000 x10=0x4400000e
        4955000	       494	800005ec	01000d93	addi	x27,x0,16	  x0:0x00000000 x27=0x00000010
        4965000	       495	800005f0	01563833	sltu	x16,x12,x21	 x12:0x00000001 x21:0x80009f30 x16=0x00000001
        4975000	       496	800005f4	a01b1e97	auipc	x29,0xa01b1	 x29=0x201b15f0
        4985000	       497	800005f8	9c4287b7	lui	x15,0x9c428	 x15=0x9c428000
        4995000	       498	800005fc	40805733	sra	x14,x0,x8	  x0:0x00000000  x8:0x00000013 x14=0x00000000
        5005000	       499	80000600	007f0f13	addi	x30,x30,7	 x30:0x00000006 x30=0x0000000d
        5015000	       500	80000604	8029eb93	ori	x23,x19,-2046	 x19:0x00000001 x23=0xfffff803
        5025000	       501	80000608	0059a6b3	slt	x13,x19,x5	 x19:0x00000001  x5:0x00000000 x13=0x00000000
        5035000	       502	8000060c	2d5a7393	andi	x7,x20,725	 x20:0x4e60a000  x7=0x00000000
        5045000	       503	80000610	00500893	addi	x17,x0,5	  x0:0x00000000 x17=0x00000005
        5055000	       504	80000614	85e73993	sltiu	x19,x14,-1954	 x14:0x00000000 x19=0x00000001
        5065000	       505	80000618	73a03b13	sltiu	x22,x0,1850	  x0:0x00000000 x22=0x00000001
        5075000	       506	8000061c	735eb493	sltiu	x9,x29,1845	 x29:0x201b15f0  x9=0x00000000
        5085000	       507	80000620	00900413	addi	x8,x0,9	  x0:0x00000000  x8=0x00000009
        5095000	       508	80000624	f7578993	addi	x19,x15,-139	 x15:0x9c428000 x19=0x9c427f75
        5105000	       509	80000628	000e81b3	add	x3,x29,x0	 x29:0x201b15f0  x0:0x00000000  x3=0x201b15f0
        5115000	       510	8000062c	007f5193	srli	x3,x30,0x7	 x30:0x0000000d  x3=0x00000000
        5125000	       511	80000630	01cb70b3	and	x1,x22,x28	 x22:0x00000001 x28:0x00000000  x1=0x00000000
        5135000	       512	80000634	005425b3	slt	x11,x8,x5	  x8:0x00000009  x5:0x00000000 x11=0x00000000
        5145000	       513	80000638	418d5e93	srai	x29,x26,0x18	 x26:0xa42405b8 x29=0xffffffa4
        5155000	       514	8000063c	eceee593	ori	x11,x29,-306	 x29:0xffffffa4 x11=0xffffffee
        5165000	       515	80000640	00188893	addi	x17,x17,1	 x17:0x00000005 x17=0x00000006
        5175000	       516	80000644	0003ba33	sltu	x20,x7,x0	  x7:0x00000000  x0:0x00000000 x20=0x00000000
        5185000	       517	80000648	fe8886e3	beq	x17,x8,80000634	 x17:0x00000006  x8:0x00000009
        5195000	       518	8000064c	001d9eb3	sll	x29,x27,x1	 x27:0x00000010  x1:0x00000000 x29=0x00000010
        5205000	       519	80000650	fbbf64e3	bltu	x30,x27,800005f8	 x30:0x0000000d x27:0x00000010
        5215000	       520	00000000	00000013	addi	x0,x0,0	  x0:0x00000000
        5225000	       521	800005f4	00000013	addi	x0,x0,0	  x0:0x00000000
        5235000	       522	800005f8	9c4287b7	lui	x15,0x9c428	 x15=0x9c428000
        5245000	       523	800005fc	40805733	sra	x14,x0,x8	  x0:0x00000000  x8:0x00000009 x14=0x00000000
        5255000	       524	80000600	007f0f13	addi	x30,x30,7	 x30:0x0000000d x30=0x00000014
        5265000	       525	80000604	8029eb93	ori	x23,x19,-2046	 x19:0x9c427f75 x23=0xffffff77
        5275000	       526	80000608	0059a6b3	slt	x13,x19,x5	 x19:0x9c427f75  x5:0x00000000 x13=0x00000001
        5285000	       527	8000060c	2d5a7393	andi	x7,x20,725	 x20:0x00000000  x7=0x00000000
        5295000	       528	80000610	00500893	addi	x17,x0,5	  x0:0x00000000 x17=0x00000005
        5305000	       529	80000614	85e73993	sltiu	x19,x14,-1954	 x14:0x00000000 x19=0x00000001
        5315000	       530	80000618	73a03b13	sltiu	x22,x0,1850	  x0:0x00000000 x22=0x00000001
        5325000	       531	8000061c	735eb493	sltiu	x9,x29,1845	 x29:0x00000010  x9=0x00000001
        5335000	       532	80000620	00900413	addi	x8,x0,9	  x0:0x00000000  x8=0x00000009
        5345000	       533	80000624	f7578993	addi	x19,x15,-139	 x15:0x9c428000 x19=0x9c427f75
        5355000	       534	80000628	000e81b3	add	x3,x29,x0	 x29:0x00000010  x0:0x00000000  x3=0x00000010
        5365000	       535	8000062c	007f5193	srli	x3,x30,0x7	 x30:0x00000014  x3=0x00000000
        5375000	       536	80000630	01cb70b3	and	x1,x22,x28	 x22:0x00000001 x28:0x00000000  x1=0x00000000
        5385000	       537	80000634	005425b3	slt	x11,x8,x5	  x8:0x00000009  x5:0x00000000 x11=0x00000000
        5395000	       538	80000638	418d5e93	srai	x29,x26,0x18	 x26:0xa42405b8 x29=0xffffffa4
        5405000	       539	8000063c	eceee593	ori	x11,x29,-306	 x29:0xffffffa4 x11=0xffffffee
        5415000	       540	80000640	00188893	addi	x17,x17,1	 x17:0x00000005 x17=0x00000006
        5425000	       541	80000644	0003ba33	sltu	x20,x7,x0	  x7:0x00000000  x0:0x00000000 x20=0x00000000
        5435000	       542	80000648	fe8886e3	beq	x17,x8,80000634	 x17:0x00000006  x8:0x00000009
        5445000	       543	8000064c	001d9eb3	sll	x29,x27,x1	 x27:0x00000010  x1:0x00000000 x29=0x00000010
        5455000	       544	80000650	fbbf64e3	bltu	x30,x27,800005f8	 x30:0x00000014 x27:0x00000010
        5465000	       545	80000654	00000013	addi	x0,x0,0	  x0:0x00000000
        5475000	       546	80000658	00a00713	addi	x14,x0,10	  x0:0x00000000 x14=0x0000000a
        5485000	       547	8000065c	efa892b7	lui	x5,0xefa89	  x5=0xefa89000
        5495000	       548	80000660	04044613	xori	x12,x8,64	  x8:0x00000009 x12=0x00000049
        5505000	       549	80000664	007b3bb3	sltu	x23,x22,x7	 x22:0x00000001  x7:0x00000000 x23=0x00000000
        5515000	       550	80000668	00a58833	add	x16,x11,x10	 x11:0xffffffee x10:0x4400000e x16=0x43fffffc
        5525000	       551	8000066c	01000693	addi	x13,x0,16	  x0:0x00000000 x13=0x00000010
        5535000	       552	80000670	a535e593	ori	x11,x11,-1453	 x11:0xffffffee x11=0xffffffff
        5545000	       553	80000674	00000013	addi	x0,x0,0	  x0:0x00000000
        5555000	       554	80000678	3c5f2e93	slti	x29,x30,965	 x30:0x00000014 x29=0x00000001
        5565000	       555	8000067c	00000013	addi	x0,x0,0	  x0:0x00000000
        5575000	       556	80000680	00670713	addi	x14,x14,6	 x14:0x0000000a x14=0x00000010
        5585000	       557	80000684	00600493	addi	x9,x0,6	  x0:0x00000000  x9=0x00000006
        5595000	       558	80000688	00b9ad33	slt	x26,x19,x11	 x19:0x9c427f75 x11:0xffffffff x26=0x00000001
        5605000	       559	8000068c	00500893	addi	x17,x0,5	  x0:0x00000000 x17=0x00000005
        5615000	       560	80000690	2841a413	slti	x8,x3,644	  x3:0x00000000  x8=0x00000001
        5625000	       561	80000694	006369b3	or	x19,x6,x6	  x6:0x0026d980  x6:0x0026d980 x19=0x0026d980
        5635000	       562	80000698	012de333	or	x6,x27,x18	 x27:0x00000010 x18:0x00000001  x6=0x00000011
        5645000	       563	8000069c	24196593	ori	x11,x18,577	 x18:0x00000001 x11=0x00000241
        5655000	       564	800006a0	019807b3	add	x15,x16,x25	 x16:0x43fffffc x25:0x6d3fc5ac x15=0xb13fc5a8
        5665000	       565	800006a4	00000013	addi	x0,x0,0	  x0:0x00000000
        5675000	       566	800006a8	ffd48493	addi	x9,x9,-3	  x9:0x00000006  x9=0x00000003
        5685000	       567	800006ac	01f602b3	add	x5,x12,x31	 x12:0x00000049 x31:0x00000000  x5=0x00000049
        5695000	       568	800006b0	5b30ae93	slti	x29,x1,1459	  x1:0x00000000 x29=0x00000001
        5705000	       569	800006b4	ff14f2e3	bgeu	x9,x17,80000698	  x9:0x00000003 x17:0x00000005
        5715000	       570	800006b8	41f0d213	srai	x4,x1,0x1f	  x1:0x00000000  x4=0x00000000
        5725000	       571	800006bc	c2e54c93	xori	x25,x10,-978	 x10:0x4400000e x25=0xbbfffc20
        5735000	       572	800006c0	00e42bb3	slt	x23,x8,x14	  x8:0x00000001 x14:0x00000010 x23=0x00000001
        5745000	       573	800006c4	13e5fe93	andi	x29,x11,318	 x11:0x00000241 x29=0x00000000
        5755000	       574	800006c8	01299e33	sll	x28,x19,x18	 x19:0x0026d980 x18:0x00000001 x28=0x004db300
        5765000	       575	800006cc	8cca7513	andi	x10,x20,-1844	 x20:0x00000000 x10=0x00000000
        5775000	       576	800006d0	0023e1b3	or	x3,x7,x2	  x7:0x00000000  x2:0x80009fc4  x3=0x80009fc4
        5785000	       577	800006d4	01bdc233	xor	x4,x27,x27	 x27:0x00000010 x27:0x00000010  x4=0x00000000
        5795000	       578	800006d8	40aad1b3	sra	x3,x21,x10	 x21:0x80009f30 x10:0x00000000  x3=0x80009f30
        5805000	       579	800006dc	fad710e3	bne	x14,x13,8000067c	 x14:0x00000010 x13:0x00000010
        5815000	       580	800006e0	00caba33	sltu	x20,x21,x12	 x21:0x80009f30 x12:0x00000049 x20=0x00000000
        5825000	       581	800006e4	fff00e93	addi	x29,x0,-1	  x0:0x00000000 x29=0xffffffff
        5835000	       582	800006e8	8a50ad17	auipc	x26,0x8a50a	 x26=0x0a50a6e4
        5845000	       583	800006ec	00c00693	addi	x13,x0,12	  x0:0x00000000 x13=0x0000000c
        5855000	       584	800006f0	00000013	addi	x0,x0,0	  x0:0x00000000
        5865000	       585	800006f4	409e5093	srai	x1,x28,0x9	 x28:0x004db300  x1=0x000026d9
        5875000	       586	800006f8	e5936f13	ori	x30,x6,-423	  x6:0x00000011 x30=0xfffffe59
        5885000	       587	800006fc	27654617	auipc	x12,0x27654	 x12=0xa76546f8
        5895000	       588	80000700	00ae8e93	addi	x29,x29,10	 x29:0xffffffff x29=0x00000009
        5905000	       589	80000704	4108d0b3	sra	x1,x17,x16	 x17:0x00000005 x16:0x43fffffc  x1=0x00000000
        5915000	       590	80000708	01aa58b3	srl	x17,x20,x26	 x20:0x00000000 x26:0x0a50a6e4 x17=0x00000000
        5925000	       591	8000070c	01b009b3	add	x19,x0,x27	  x0:0x00000000 x27:0x00000010 x19=0x00000010
        5935000	       592	80000710	e013b293	sltiu	x5,x7,-511	  x7:0x00000000  x5=0x00000001
        5945000	       593	80000714	b5abee17	auipc	x28,0xb5abe	 x28=0x35abe710
        5955000	       594	80000718	c4b1fd13	andi	x26,x3,-949	  x3:0x80009f30 x26=0x80009c00
        5965000	       595	8000071c	7a496b93	ori	x23,x18,1956	 x18:0x00000001 x23=0x000007a5
        5975000	       596	80000720	00d3fc33	and	x24,x7,x13	  x7:0x00000000 x13:0x0000000c x24=0x00000000
        5985000	       597	80000724	01d99213	slli	x4,x19,0x1d	 x19:0x00000010  x4=0x00000000
        5995000	       598	80000728	0a44cb97	auipc	x23,0xa44c	 x23=0x8a44c724
        6005000	       599	8000072c	10f54c17	auipc	x24,0x10f54	 x24=0x90f54728
        6015000	       600	80000730	fcdec4e3	blt	x29,x13,800006f8	 x29:0x00000009 x13:0x0000000c
        6025000	       601	00000000	00000013	addi	x0,x0,0	  x0:0x00000000
        6035000	       602	800006f4	00000013	addi	x0,x0,0	  x0:0x00000000
        6045000	       603	800006f8	e5936f13	ori	x30,x6,-423	  x6:0x00000011 x30=0xfffffe59
        6055000	       604	800006fc	27654617	auipc	x12,0x27654	 x12=0xa76546f8
        6065000	       605	80000700	00ae8e93	addi	x29,x29,10	 x29:0x00000009 x29=0x00000013
        6075000	       606	80000704	4108d0b3	sra	x1,x17,x16	 x17:0x00000000 x16:0x43fffffc  x1=0x00000000
        6085000	       607	80000708	01aa58b3	srl	x17,x20,x26	 x20:0x00000000 x26:0x80009c00 x17=0x00000000
        6095000	       608	8000070c	01b009b3	add	x19,x0,x27	  x0:0x00000000 x27:0x00000010 x19=0x00000010
        6105000	       609	80000710	e013b293	sltiu	x5,x7,-511	  x7:0x00000000  x5=0x00000001
        6115000	       610	80000714	b5abee17	auipc	x28,0xb5abe	 x28=0x35abe710
        6125000	       611	80000718	c4b1fd13	andi	x26,x3,-949	  x3:0x80009f30 x26=0x80009c00
        6135000	       612	8000071c	7a496b93	ori	x23,x18,1956	 x18:0x00000001 x23=0x000007a5
        6145000	       613	80000720	00d3fc33	and	x24,x7,x13	  x7:0x00000000 x13:0x0000000c x24=0x00000000
        6155000	       614	80000724	01d99213	slli	x4,x19,0x1d	 x19:0x00000010  x4=0x00000000
        6165000	       615	80000728	0a44cb97	auipc	x23,0xa44c	 x23=0x8a44c724
        6175000	       616	8000072c	10f54c17	auipc	x24,0x10f54	 x24=0x90f54728
        6185000	       617	80000730	fcdec4e3	blt	x29,x13,800006f8	 x29:0x00000013 x13:0x0000000c
        6195000	       618	80000734	ceb3fb13	andi	x22,x7,-789	  x7:0x00000000 x22=0x00000000
        6205000	       619	80000738	00500e13	addi	x28,x0,5	  x0:0x00000000 x28=0x00000005
        6215000	       620	8000073c	002173b3	and	x7,x2,x2	  x2:0x80009fc4  x2:0x80009fc4  x7=0x80009fc4
        6225000	       621	80000740	01a072b3	and	x5,x0,x26	  x0:0x00000000 x26:0x80009c00  x5=0x00000000
        6235000	       622	80000744	bf403493	sltiu	x9,x0,-1036	  x0:0x00000000  x9=0x00000001
        6245000	       623	80000748	00e774b3	and	x9,x14,x14	 x14:0x00000010 x14:0x00000010  x9=0x00000010
        6255000	       624	8000074c	41b18833	sub	x16,x3,x27	  x3:0x80009f30 x27:0x00000010 x16=0x80009f20
        6265000	       625	80000750	00d0bb33	sltu	x22,x1,x13	  x1:0x00000000 x13:0x0000000c x22=0x00000001
        6275000	       626	80000754	4098db93	srai	x23,x17,0x9	 x17:0x00000000 x23=0x00000000
        6285000	       627	80000758	00971013	slli	x0,x14,0x9	 x14:0x00000010
        6295000	       628	8000075c	00829433	sll	x8,x5,x8	  x5:0x00000000  x8:0x00000001  x8=0x00000000
        6305000	       629	80000760	ff200f13	addi	x30,x0,-14	  x0:0x00000000 x30=0xfffffff2
        6315000	       630	80000764	008c9d93	slli	x27,x25,0x8	 x25:0xbbfffc20 x27=0xfffc2000
        6325000	       631	80000768	33bd0313	addi	x6,x26,827	 x26:0x80009c00  x6=0x80009f3b
        6335000	       632	8000076c	01d690b3	sll	x1,x13,x29	 x13:0x0000000c x29:0x00000013  x1=0x00600000
        6345000	       633	80000770	002cd333	srl	x6,x25,x2	 x25:0xbbfffc20  x2:0x80009fc4  x6=0x0bbfffc2
        6355000	       634	80000774	40e2dc13	srai	x24,x5,0xe	  x5:0x00000000 x24=0x00000000
        6365000	       635	80000778	019af0b3	and	x1,x21,x25	 x21:0x80009f30 x25:0xbbfffc20  x1=0x80009c20
        6375000	       636	8000077c	40a15bb3	sra	x23,x2,x10	  x2:0x80009fc4 x10:0x00000000 x23=0x80009fc4
        6385000	       637	80000780	017d3533	sltu	x10,x26,x23	 x26:0x80009c00 x23:0x80009fc4 x10=0x00000001
        6395000	       638	80000784	004316b3	sll	x13,x6,x4	  x6:0x0bbfffc2  x4:0x00000000 x13=0x0bbfffc2
        6405000	       639	80000788	00000013	addi	x0,x0,0	  x0:0x00000000
        6415000	       640	8000078c	ffbe0e13	addi	x28,x28,-5	 x28:0x00000005 x28=0x00000000
        6425000	       641	80000790	00000013	addi	x0,x0,0	  x0:0x00000000
        6435000	       642	80000794	f254b093	sltiu	x1,x9,-219	  x9:0x00000010  x1=0x00000001
        6445000	       643	80000798	936ab213	sltiu	x4,x21,-1738	 x21:0x80009f30  x4=0x00000001
        6455000	       644	8000079c	0073a333	slt	x6,x7,x7	  x7:0x80009fc4  x7:0x80009fc4  x6=0x00000000
        6465000	       645	800007a0	0182f3b3	and	x7,x5,x24	  x5:0x00000000 x24:0x00000000  x7=0x00000000
        6475000	       646	800007a4	38baae93	slti	x29,x21,907	 x21:0x80009f30 x29=0x00000001
        6485000	       647	800007a8	fdee5ce3	bge	x28,x30,80000780	 x28:0x00000000 x30:0xfffffff2
        6495000	       648	00000000	00000013	addi	x0,x0,0	  x0:0x00000000
        6505000	       649	8000077c	00000013	addi	x0,x0,0	  x0:0x00000000
        6515000	       650	80000780	017d3533	sltu	x10,x26,x23	 x26:0x80009c00 x23:0x80009fc4 x10=0x00000001
        6525000	       651	80000784	004316b3	sll	x13,x6,x4	  x6:0x00000000  x4:0x00000001 x13=0x00000000
        6535000	       652	80000788	00000013	addi	x0,x0,0	  x0:0x00000000
        6545000	       653	8000078c	ffbe0e13	addi	x28,x28,-5	 x28:0x00000000 x28=0xfffffffb
        6555000	       654	80000790	00000013	addi	x0,x0,0	  x0:0x00000000
        6565000	       655	80000794	f254b093	sltiu	x1,x9,-219	  x9:0x00000010  x1=0x00000001
        6575000	       656	80000798	936ab213	sltiu	x4,x21,-1738	 x21:0x80009f30  x4=0x00000001
        6585000	       657	8000079c	0073a333	slt	x6,x7,x7	  x7:0x00000000  x7:0x00000000  x6=0x00000000
        6595000	       658	800007a0	0182f3b3	and	x7,x5,x24	  x5:0x00000000 x24:0x00000000  x7=0x00000000
        6605000	       659	800007a4	38baae93	slti	x29,x21,907	 x21:0x80009f30 x29=0x00000001
        6615000	       660	800007a8	fdee5ce3	bge	x28,x30,80000780	 x28:0xfffffffb x30:0xfffffff2
        6625000	       661	00000000	00000013	addi	x0,x0,0	  x0:0x00000000
        6635000	       662	8000077c	00000013	addi	x0,x0,0	  x0:0x00000000
        6645000	       663	80000780	017d3533	sltu	x10,x26,x23	 x26:0x80009c00 x23:0x80009fc4 x10=0x00000001
        6655000	       664	80000784	004316b3	sll	x13,x6,x4	  x6:0x00000000  x4:0x00000001 x13=0x00000000
        6665000	       665	80000788	00000013	addi	x0,x0,0	  x0:0x00000000
        6675000	       666	8000078c	ffbe0e13	addi	x28,x28,-5	 x28:0xfffffffb x28=0xfffffff6
        6685000	       667	80000790	00000013	addi	x0,x0,0	  x0:0x00000000
        6695000	       668	80000794	f254b093	sltiu	x1,x9,-219	  x9:0x00000010  x1=0x00000001
        6705000	       669	80000798	936ab213	sltiu	x4,x21,-1738	 x21:0x80009f30  x4=0x00000001
        6715000	       670	8000079c	0073a333	slt	x6,x7,x7	  x7:0x00000000  x7:0x00000000  x6=0x00000000
        6725000	       671	800007a0	0182f3b3	and	x7,x5,x24	  x5:0x00000000 x24:0x00000000  x7=0x00000000
        6735000	       672	800007a4	38baae93	slti	x29,x21,907	 x21:0x80009f30 x29=0x00000001
        6745000	       673	800007a8	fdee5ce3	bge	x28,x30,80000780	 x28:0xfffffff6 x30:0xfffffff2
        6755000	       674	00000000	00000013	addi	x0,x0,0	  x0:0x00000000
        6765000	       675	8000077c	00000013	addi	x0,x0,0	  x0:0x00000000
        6775000	       676	80000780	017d3533	sltu	x10,x26,x23	 x26:0x80009c00 x23:0x80009fc4 x10=0x00000001
        6785000	       677	80000784	004316b3	sll	x13,x6,x4	  x6:0x00000000  x4:0x00000001 x13=0x00000000
        6795000	       678	80000788	00000013	addi	x0,x0,0	  x0:0x00000000
        6805000	       679	8000078c	ffbe0e13	addi	x28,x28,-5	 x28:0xfffffff6 x28=0xfffffff1
        6815000	       680	80000790	00000013	addi	x0,x0,0	  x0:0x00000000
        6825000	       681	80000794	f254b093	sltiu	x1,x9,-219	  x9:0x00000010  x1=0x00000001
        6835000	       682	80000798	936ab213	sltiu	x4,x21,-1738	 x21:0x80009f30  x4=0x00000001
        6845000	       683	8000079c	0073a333	slt	x6,x7,x7	  x7:0x00000000  x7:0x00000000  x6=0x00000000
        6855000	       684	800007a0	0182f3b3	and	x7,x5,x24	  x5:0x00000000 x24:0x00000000  x7=0x00000000
        6865000	       685	800007a4	38baae93	slti	x29,x21,907	 x21:0x80009f30 x29=0x00000001
        6875000	       686	800007a8	fdee5ce3	bge	x28,x30,80000780	 x28:0xfffffff1 x30:0xfffffff2
        6885000	       687	800007ac	01445b13	srli	x22,x8,0x14	  x8:0x00000000 x22=0x00000000
        6895000	       688	800007b0	00100c13	addi	x24,x0,1	  x0:0x00000000 x24=0x00000001
        6905000	       689	800007b4	fed00893	addi	x17,x0,-19	  x0:0x00000000 x17=0xffffffed
        6915000	       690	800007b8	01bb6db3	or	x27,x22,x27	 x22:0x00000000 x27:0xfffc2000 x27=0xfffc2000
        6925000	       691	800007bc	01f1b933	sltu	x18,x3,x31	  x3:0x80009f30 x31:0x00000000 x18=0x00000000
        6935000	       692	800007c0	00785933	srl	x18,x16,x7	 x16:0x80009f20  x7:0x00000000 x18=0x80009f20
        6945000	       693	800007c4	0ee42d93	slti	x27,x8,238	  x8:0x00000000 x27=0x00000001
        6955000	       694	800007c8	ff6c0c13	addi	x24,x24,-10	 x24:0x00000001 x24=0xfffffff7
        6965000	       695	800007cc	00900713	addi	x14,x0,9	  x0:0x00000000 x14=0x00000009
        6975000	       696	800007d0	00ba0cb3	add	x25,x20,x11	 x20:0x00000000 x11:0x00000241 x25=0x00000241
        6985000	       697	800007d4	002d51b3	srl	x3,x26,x2	 x26:0x80009c00  x2:0x80009fc4  x3=0x080009c0
        6995000	       698	800007d8	4da49537	lui	x10,0x4da49	 x10=0x4da49000
        7005000	       699	800007dc	6d7ab913	sltiu	x18,x21,1751	 x21:0x80009f30 x18=0x00000000
        7015000	       700	800007e0	8c23fdb7	lui	x27,0x8c23f	 x27=0x8c23f000
        7025000	       701	800007e4	bf478e97	auipc	x29,0xbf478	 x29=0x3f4787e0
        7035000	       702	800007e8	40915693	srai	x13,x2,0x9	  x2:0x80009fc4 x13=0xffc0004f
        7045000	       703	800007ec	00cc9a33	sll	x20,x25,x12	 x25:0x00000241 x12:0xa76546f8 x20=0x41000000
        7055000	       704	800007f0	fff00793	addi	x15,x0,-1	  x0:0x00000000 x15=0xffffffff
        7065000	       705	800007f4	013acbb3	xor	x23,x21,x19	 x21:0x80009f30 x19:0x00000010 x23=0x80009f20
        7075000	       706	800007f8	10d4e813	ori	x16,x9,269	  x9:0x00000010 x16=0x0000011d
        7085000	       707	800007fc	0109c1b3	xor	x3,x19,x16	 x19:0x00000010 x16:0x0000011d  x3=0x0000010d
        7095000	       708	80000800	4199dd93	srai	x27,x19,0x19	 x19:0x00000010 x27=0x00000000
        7105000	       709	80000804	00e28a33	add	x20,x5,x14	  x5:0x00000000 x14:0x00000009 x20=0x00000009
        7115000	       710	80000808	24698d93	addi	x27,x19,582	 x19:0x00000010 x27=0x00000256
        7125000	       711	8000080c	49df3013	sltiu	x0,x30,1181	 x30:0xfffffff2
        7135000	       712	80000810	ffb70713	addi	x14,x14,-5	 x14:0x00000009 x14=0x00000004
        7145000	       713	80000814	00000013	addi	x0,x0,0	  x0:0x00000000
        7155000	       714	80000818	01edabb3	slt	x23,x27,x30	 x27:0x00000256 x30:0xfffffff2 x23=0x00000000
        7165000	       715	8000081c	00c01a13	slli	x20,x0,0xc	  x0:0x00000000 x20=0x00000000
        7175000	       716	80000820	fef756e3	bge	x14,x15,8000080c	 x14:0x00000004 x15:0xffffffff
        7185000	       717	00000000	00000013	addi	x0,x0,0	  x0:0x00000000
        7195000	       718	80000808	00000013	addi	x0,x0,0	  x0:0x00000000
        7205000	       719	8000080c	49df3013	sltiu	x0,x30,1181	 x30:0xfffffff2
        7215000	       720	80000810	ffb70713	addi	x14,x14,-5	 x14:0x00000004 x14=0xffffffff
        7225000	       721	80000814	00000013	addi	x0,x0,0	  x0:0x00000000
        7235000	       722	80000818	01edabb3	slt	x23,x27,x30	 x27:0x00000256 x30:0xfffffff2 x23=0x00000000
        7245000	       723	8000081c	00c01a13	slli	x20,x0,0xc	  x0:0x00000000 x20=0x00000000
        7255000	       724	80000820	fef756e3	bge	x14,x15,8000080c	 x14:0xffffffff x15:0xffffffff
        7265000	       725	00000000	00000013	addi	x0,x0,0	  x0:0x00000000
        7275000	       726	80000808	00000013	addi	x0,x0,0	  x0:0x00000000
        7285000	       727	8000080c	49df3013	sltiu	x0,x30,1181	 x30:0xfffffff2
        7295000	       728	80000810	ffb70713	addi	x14,x14,-5	 x14:0xffffffff x14=0xfffffffa
        7305000	       729	80000814	00000013	addi	x0,x0,0	  x0:0x00000000
        7315000	       730	80000818	01edabb3	slt	x23,x27,x30	 x27:0x00000256 x30:0xfffffff2 x23=0x00000000
        7325000	       731	8000081c	00c01a13	slli	x20,x0,0xc	  x0:0x00000000 x20=0x00000000
        7335000	       732	80000820	fef756e3	bge	x14,x15,8000080c	 x14:0xfffffffa x15:0xffffffff
        7345000	       733	80000824	01858933	add	x18,x11,x24	 x11:0x00000241 x24:0xfffffff7 x18=0x00000238
        7355000	       734	80000828	bd0c4313	xori	x6,x24,-1072	 x24:0xfffffff7  x6=0x00000427
        7365000	       735	8000082c	3afdab93	slti	x23,x27,943	 x27:0x00000256 x23=0x00000001
        7375000	       736	80000830	0003a5b3	slt	x11,x7,x0	  x7:0x00000000  x0:0x00000000 x11=0x00000000
        7385000	       737	80000834	f91c18e3	bne	x24,x17,800007c4	 x24:0xfffffff7 x17:0xffffffed
        7395000	       738	00000000	00000013	addi	x0,x0,0	  x0:0x00000000
        7405000	       739	800007c0	00000013	addi	x0,x0,0	  x0:0x00000000
        7415000	       740	800007c4	0ee42d93	slti	x27,x8,238	  x8:0x00000000 x27=0x00000001
        7425000	       741	800007c8	ff6c0c13	addi	x24,x24,-10	 x24:0xfffffff7 x24=0xffffffed
        7435000	       742	800007cc	00900713	addi	x14,x0,9	  x0:0x00000000 x14=0x00000009
        7445000	       743	800007d0	00ba0cb3	add	x25,x20,x11	 x20:0x00000000 x11:0x00000000 x25=0x00000000
        7455000	       744	800007d4	002d51b3	srl	x3,x26,x2	 x26:0x80009c00  x2:0x80009fc4  x3=0x080009c0
        7465000	       745	800007d8	4da49537	lui	x10,0x4da49	 x10=0x4da49000
        7475000	       746	800007dc	6d7ab913	sltiu	x18,x21,1751	 x21:0x80009f30 x18=0x00000000
        7485000	       747	800007e0	8c23fdb7	lui	x27,0x8c23f	 x27=0x8c23f000
        7495000	       748	800007e4	bf478e97	auipc	x29,0xbf478	 x29=0x3f4787e0
        7505000	       749	800007e8	40915693	srai	x13,x2,0x9	  x2:0x80009fc4 x13=0xffc0004f
        7515000	       750	800007ec	00cc9a33	sll	x20,x25,x12	 x25:0x00000000 x12:0xa76546f8 x20=0x00000000
        7525000	       751	800007f0	fff00793	addi	x15,x0,-1	  x0:0x00000000 x15=0xffffffff
        7535000	       752	800007f4	013acbb3	xor	x23,x21,x19	 x21:0x80009f30 x19:0x00000010 x23=0x80009f20
        7545000	       753	800007f8	10d4e813	ori	x16,x9,269	  x9:0x00000010 x16=0x0000011d
        7555000	       754	800007fc	0109c1b3	xor	x3,x19,x16	 x19:0x00000010 x16:0x0000011d  x3=0x0000010d
        7565000	       755	80000800	4199dd93	srai	x27,x19,0x19	 x19:0x00000010 x27=0x00000000
        7575000	       756	80000804	00e28a33	add	x20,x5,x14	  x5:0x00000000 x14:0x00000009 x20=0x00000009
        7585000	       757	80000808	24698d93	addi	x27,x19,582	 x19:0x00000010 x27=0x00000256
        7595000	       758	8000080c	49df3013	sltiu	x0,x30,1181	 x30:0xfffffff2
        7605000	       759	80000810	ffb70713	addi	x14,x14,-5	 x14:0x00000009 x14=0x00000004
        7615000	       760	80000814	00000013	addi	x0,x0,0	  x0:0x00000000
        7625000	       761	80000818	01edabb3	slt	x23,x27,x30	 x27:0x00000256 x30:0xfffffff2 x23=0x00000000
        7635000	       762	8000081c	00c01a13	slli	x20,x0,0xc	  x0:0x00000000 x20=0x00000000
        7645000	       763	80000820	fef756e3	bge	x14,x15,8000080c	 x14:0x00000004 x15:0xffffffff
        7655000	       764	00000000	00000013	addi	x0,x0,0	  x0:0x00000000
        7665000	       765	80000808	00000013	addi	x0,x0,0	  x0:0x00000000
        7675000	       766	8000080c	49df3013	sltiu	x0,x30,1181	 x30:0xfffffff2
        7685000	       767	80000810	ffb70713	addi	x14,x14,-5	 x14:0x00000004 x14=0xffffffff
        7695000	       768	80000814	00000013	addi	x0,x0,0	  x0:0x00000000
        7705000	       769	80000818	01edabb3	slt	x23,x27,x30	 x27:0x00000256 x30:0xfffffff2 x23=0x00000000
        7715000	       770	8000081c	00c01a13	slli	x20,x0,0xc	  x0:0x00000000 x20=0x00000000
        7725000	       771	80000820	fef756e3	bge	x14,x15,8000080c	 x14:0xffffffff x15:0xffffffff
        7735000	       772	00000000	00000013	addi	x0,x0,0	  x0:0x00000000
        7745000	       773	80000808	00000013	addi	x0,x0,0	  x0:0x00000000
        7755000	       774	8000080c	49df3013	sltiu	x0,x30,1181	 x30:0xfffffff2
        7765000	       775	80000810	ffb70713	addi	x14,x14,-5	 x14:0xffffffff x14=0xfffffffa
        7775000	       776	80000814	00000013	addi	x0,x0,0	  x0:0x00000000
        7785000	       777	80000818	01edabb3	slt	x23,x27,x30	 x27:0x00000256 x30:0xfffffff2 x23=0x00000000
        7795000	       778	8000081c	00c01a13	slli	x20,x0,0xc	  x0:0x00000000 x20=0x00000000
        7805000	       779	80000820	fef756e3	bge	x14,x15,8000080c	 x14:0xfffffffa x15:0xffffffff
        7815000	       780	80000824	01858933	add	x18,x11,x24	 x11:0x00000000 x24:0xffffffed x18=0xffffffed
        7825000	       781	80000828	bd0c4313	xori	x6,x24,-1072	 x24:0xffffffed  x6=0x0000043d
        7835000	       782	8000082c	3afdab93	slti	x23,x27,943	 x27:0x00000256 x23=0x00000001
        7845000	       783	80000830	0003a5b3	slt	x11,x7,x0	  x7:0x00000000  x0:0x00000000 x11=0x00000000
        7855000	       784	80000834	f91c18e3	bne	x24,x17,800007c4	 x24:0xffffffed x17:0xffffffed
        7865000	       785	80000838	0069dd13	srli	x26,x19,0x6	 x19:0x00000010 x26=0x00000000
        7875000	       786	8000083c	ffd00393	addi	x7,x0,-3	  x0:0x00000000  x7=0xfffffffd
        7885000	       787	80000840	00300213	addi	x4,x0,3	  x0:0x00000000  x4=0x00000003
        7895000	       788	80000844	01305e13	srli	x28,x0,0x13	  x0:0x00000000 x28=0x00000000
        7905000	       789	80000848	00000013	addi	x0,x0,0	  x0:0x00000000
        7915000	       790	8000084c	143ca713	slti	x14,x25,323	 x25:0x00000000 x14=0x00000001
        7925000	       791	80000850	012e85b3	add	x11,x29,x18	 x29:0x3f4787e0 x18:0xffffffed x11=0x3f4787cd
        7935000	       792	80000854	00638393	addi	x7,x7,6	  x7:0xfffffffd  x7=0x00000003
        7945000	       793	80000858	003f9e13	slli	x28,x31,0x3	 x31:0x00000000 x28=0x00000000
        7955000	       794	8000085c	00100293	addi	x5,x0,1	  x0:0x00000000  x5=0x00000001
        7965000	       795	80000860	00100193	addi	x3,x0,1	  x0:0x00000000  x3=0x00000001
        7975000	       796	80000864	8341e713	ori	x14,x3,-1996	  x3:0x00000001 x14=0xfffff835
        7985000	       797	80000868	ff928293	addi	x5,x5,-7	  x5:0x00000001  x5=0xfffffffa
        7995000	       798	8000086c	9be95697	auipc	x13,0x9be95	 x13=0x1be95868
        8005000	       799	80000870	fe32dae3	bge	x5,x3,80000864	  x5:0xfffffffa  x3:0x00000001
        8015000	       800	80000874	52b96413	ori	x8,x18,1323	 x18:0xffffffed  x8=0xffffffef
        8025000	       801	80000878	8cfeec93	ori	x25,x29,-1841	 x29:0x3f4787e0 x25=0xffffffef
        8035000	       802	8000087c	412b5c13	srai	x24,x22,0x12	 x22:0x00000000 x24=0x00000000
        8045000	       803	80000880	01f92a33	slt	x20,x18,x31	 x18:0xffffffed x31:0x00000000 x20=0x00000001
        8055000	       804	80000884	0053db13	srli	x22,x7,0x5	  x7:0x00000003 x22=0x00000000
        8065000	       805	80000888	fc4380e3	beq	x7,x4,80000848	  x7:0x00000003  x4:0x00000003
        8075000	       806	00000000	00000013	addi	x0,x0,0	  x0:0x00000000
        8085000	       807	80000844	00000013	addi	x0,x0,0	  x0:0x00000000
        8095000	       808	80000848	00000013	addi	x0,x0,0	  x0:0x00000000
        8105000	       809	8000084c	143ca713	slti	x14,x25,323	 x25:0xffffffef x14=0x00000001
        8115000	       810	80000850	012e85b3	add	x11,x29,x18	 x29:0x3f4787e0 x18:0xffffffed x11=0x3f4787cd
        8125000	       811	80000854	00638393	addi	x7,x7,6	  x7:0x00000003  x7=0x00000009
        8135000	       812	80000858	003f9e13	slli	x28,x31,0x3	 x31:0x00000000 x28=0x00000000
        8145000	       813	8000085c	00100293	addi	x5,x0,1	  x0:0x00000000  x5=0x00000001
        8155000	       814	80000860	00100193	addi	x3,x0,1	  x0:0x00000000  x3=0x00000001
        8165000	       815	80000864	8341e713	ori	x14,x3,-1996	  x3:0x00000001 x14=0xfffff835
        8175000	       816	80000868	ff928293	addi	x5,x5,-7	  x5:0x00000001  x5=0xfffffffa
        8185000	       817	8000086c	9be95697	auipc	x13,0x9be95	 x13=0x1be95868
        8195000	       818	80000870	fe32dae3	bge	x5,x3,80000864	  x5:0xfffffffa  x3:0x00000001
        8205000	       819	80000874	52b96413	ori	x8,x18,1323	 x18:0xffffffed  x8=0xffffffef
        8215000	       820	80000878	8cfeec93	ori	x25,x29,-1841	 x29:0x3f4787e0 x25=0xffffffef
        8225000	       821	8000087c	412b5c13	srai	x24,x22,0x12	 x22:0x00000000 x24=0x00000000
        8235000	       822	80000880	01f92a33	slt	x20,x18,x31	 x18:0xffffffed x31:0x00000000 x20=0x00000001
        8245000	       823	80000884	0053db13	srli	x22,x7,0x5	  x7:0x00000009 x22=0x00000000
        8255000	       824	80000888	fc4380e3	beq	x7,x4,80000848	  x7:0x00000009  x4:0x00000003
        8265000	       825	8000088c	005a7433	and	x8,x20,x5	 x20:0x00000001  x5:0xfffffffa  x8=0x00000000
        8275000	       826	80000890	ffd00693	addi	x13,x0,-3	  x0:0x00000000 x13=0xfffffffd
        8285000	       827	80000894	410ade13	srai	x28,x21,0x10	 x21:0x80009f30 x28=0xffff8000
        8295000	       828	80000898	018de5b3	or	x11,x27,x24	 x27:0x00000256 x24:0x00000000 x11=0x00000256
        8305000	       829	8000089c	e388c793	xori	x15,x17,-456	 x17:0xffffffed x15=0x000001d5
        8315000	       830	800008a0	00600313	addi	x6,x0,6	  x0:0x00000000  x6=0x00000006
        8325000	       831	800008a4	01dcd913	srli	x18,x25,0x1d	 x25:0xffffffef x18=0x00000007
        8335000	       832	800008a8	dc24eb93	ori	x23,x9,-574	  x9:0x00000010 x23=0xfffffdd2
        8345000	       833	800008ac	00268693	addi	x13,x13,2	 x13:0xfffffffd x13=0xffffffff
        8355000	       834	800008b0	00e69893	slli	x17,x13,0xe	 x13:0xffffffff x17=0xffffc000
        8365000	       835	800008b4	015597b3	sll	x15,x11,x21	 x11:0x00000256 x21:0x80009f30 x15=0x02560000
        8375000	       836	800008b8	a10f8293	addi	x5,x31,-1520	 x31:0x00000000  x5=0xfffffa10
        8385000	       837	800008bc	00195633	srl	x12,x18,x1	 x18:0x00000007  x1:0x00000001 x12=0x00000003
        8395000	       838	800008c0	03620993	addi	x19,x4,54	  x4:0x00000003 x19=0x00000039
        8405000	       839	800008c4	fafb3213	sltiu	x4,x22,-81	 x22:0x00000000  x4=0x00000001
        8415000	       840	800008c8	e1aeea13	ori	x20,x29,-486	 x29:0x3f4787e0 x20=0xfffffffa
        8425000	       841	800008cc	fc66eee3	bltu	x13,x6,800008a8	 x13:0xffffffff  x6:0x00000006
        8435000	       842	800008d0	016f9433	sll	x8,x31,x22	 x31:0x00000000 x22:0x00000000  x8=0x00000000
        8445000	       843	800008d4	e2adec93	ori	x25,x27,-470	 x27:0x00000256 x25=0xfffffe7e
        8455000	       844	800008d8	00000013	addi	x0,x0,0	  x0:0x00000000
        8465000	       845	800008dc	401986b3	sub	x13,x19,x1	 x19:0x00000039  x1:0x00000001 x13=0x00000038
        8475000	       846	800008e0	017b3e33	sltu	x28,x22,x23	 x22:0x00000000 x23:0xfffffdd2 x28=0x00000001
        8485000	       847	800008e4	00801db3	sll	x27,x0,x8	  x0:0x00000000  x8:0x00000000 x27=0x00000000
        8495000	       848	800008e8	0171d213	srli	x4,x3,0x17	  x3:0x00000001  x4=0x00000000
        8505000	       849	800008ec	40a05633	sra	x12,x0,x10	  x0:0x00000000 x10:0x4da49000 x12=0x00000000
        8515000	       850	800008f0	e018bd93	sltiu	x27,x17,-511	 x17:0xffffc000 x27=0x00000001
        8525000	       851	800008f4	00b4a0b3	slt	x1,x9,x11	  x9:0x00000010 x11:0x00000256  x1=0x00000001
        8535000	       852	800008f8	51353713	sltiu	x14,x10,1299	 x10:0x4da49000 x14=0x00000000
        8545000	       853	800008fc	40e75093	srai	x1,x14,0xe	 x14:0x00000000  x1=0x00000000
        8555000	       854	80000900	cd34ba13	sltiu	x20,x9,-813	  x9:0x00000010 x20=0x00000001
        8565000	       855	80000904	01bc7f33	and	x30,x24,x27	 x24:0x00000000 x27:0x00000001 x30=0x00000000
        8575000	       856	80000908	0411c663	blt	x3,x1,80000954	  x3:0x00000001  x1:0x00000000
        8585000	       857	8000090c	05c0c063	blt	x1,x28,8000094c	  x1:0x00000000 x28:0x00000001
        8595000	       858	00000000	00000013	addi	x0,x0,0	  x0:0x00000000
        8605000	       859	80000948	00000013	addi	x0,x0,0	  x0:0x00000000
        8615000	       860	8000094c	36b426b7	lui	x13,0x36b42	 x13=0x36b42000
        8625000	       861	80000950	955dbe13	sltiu	x28,x27,-1707	 x27:0x00000001 x28=0x00000001
        8635000	       862	80000954	28ab8a13	addi	x20,x23,650	 x23:0xfffffdd2 x20=0x0000005c
        8645000	       863	80000958	00000013	addi	x0,x0,0	  x0:0x00000000
        8655000	       864	8000095c	01950663	beq	x10,x25,80000968	 x10:0x4da49000 x25:0xfffffe7e
        8665000	       865	80000960	061b6d13	ori	x26,x22,97	 x22:0x00000000 x26=0x00000061
        8675000	       866	80000964	017d9e13	slli	x28,x27,0x17	 x27:0x00000001 x28=0x00800000
        8685000	       867	80000968	eca6ad93	slti	x27,x13,-310	 x13:0x36b42000 x27=0x00000000
        8695000	       868	8000096c	d9314c93	xori	x25,x2,-621	  x2:0x80009fc4 x25=0x7fff6257
        8705000	       869	80000970	01e827b3	slt	x15,x16,x30	 x16:0x0000011d x30:0x00000000 x15=0x00000000
        8715000	       870	80000974	03828463	beq	x5,x24,8000099c	  x5:0xfffffa10 x24:0x00000000
        8725000	       871	80000978	332c0293	addi	x5,x24,818	 x24:0x00000000  x5=0x00000332
        8735000	       872	8000097c	00000013	addi	x0,x0,0	  x0:0x00000000
        8745000	       873	80000980	01c3d863	bge	x7,x28,80000990	  x7:0x00000009 x28:0x00800000
        8755000	       874	80000984	7dcdfd93	andi	x27,x27,2012	 x27:0x00000000 x27=0x00000000
        8765000	       875	80000988	136fb793	sltiu	x15,x31,310	 x31:0x00000000 x15=0x00000001
        8775000	       876	8000098c	05e56663	bltu	x10,x30,800009d8	 x10:0x4da49000 x30:0x00000000
        8785000	       877	80000990	2e5aa393	slti	x7,x21,741	 x21:0x80009f30  x7=0x00000001
        8795000	       878	80000994	007f0663	beq	x30,x7,800009a0	 x30:0x00000000  x7:0x00000001
        8805000	       879	80000998	00b54533	xor	x10,x10,x11	 x10:0x4da49000 x11:0x00000256 x10=0x4da49256
        8815000	       880	8000099c	40270333	sub	x6,x14,x2	 x14:0x00000000  x2:0x80009fc4  x6=0x7fff603c
        8825000	       881	800009a0	03471263	bne	x14,x20,800009c4	 x14:0x00000000 x20:0x0000005c
        8835000	       882	00000000	00000013	addi	x0,x0,0	  x0:0x00000000
        8845000	       883	800009c0	00000013	addi	x0,x0,0	  x0:0x00000000
        8855000	       884	800009c4	00648c33	add	x24,x9,x6	  x9:0x00000010  x6:0x7fff603c x24=0x7fff604c
        8865000	       885	800009c8	011c6663	bltu	x24,x17,800009d4	 x24:0x7fff604c x17:0xffffc000
        8875000	       886	00000000	00000013	addi	x0,x0,0	  x0:0x00000000
        8885000	       887	800009d0	00000013	addi	x0,x0,0	  x0:0x00000000
        8895000	       888	800009d4	c0af8193	addi	x3,x31,-1014	 x31:0x00000000  x3=0xfffffc0a
        8905000	       889	800009d8	78206513	ori	x10,x0,1922	  x0:0x00000000 x10=0x00000782
        8915000	       890	800009dc	017807b3	add	x15,x16,x23	 x16:0x0000011d x23:0xfffffdd2 x15=0xfffffeef
        8925000	       891	800009e0	41c8d8b3	sra	x17,x17,x28	 x17:0xffffc000 x28:0x00800000 x17=0xffffc000
        8935000	       892	800009e4	02e51c63	bne	x10,x14,80000a1c	 x10:0x00000782 x14:0x00000000
        8945000	       893	00000000	00000013	addi	x0,x0,0	  x0:0x00000000
        8955000	       894	80000a18	00000013	addi	x0,x0,0	  x0:0x00000000
        8965000	       895	80000a1c	001e9213	slli	x4,x29,0x1	 x29:0x3f4787e0  x4=0x7e8f0fc0
        8975000	       896	80000a20	bdb68cb7	lui	x25,0xbdb68	 x25=0xbdb68000
        8985000	       897	80000a24	4075d233	sra	x4,x11,x7	 x11:0x00000256  x7:0x00000001  x4=0x0000012b
        8995000	       898	80000a28	000c0cb3	add	x25,x24,x0	 x24:0x7fff604c  x0:0x00000000 x25=0x7fff604c
        9005000	       899	80000a2c	01d89a63	bne	x17,x29,80000a40	 x17:0xffffc000 x29:0x3f4787e0
        9015000	       900	00000000	00000013	addi	x0,x0,0	  x0:0x00000000
        9025000	       901	80000a3c	00000013	addi	x0,x0,0	  x0:0x00000000
        9035000	       902	80000a40	01519a63	bne	x3,x21,80000a54	  x3:0xfffffc0a x21:0x80009f30
        9045000	       903	00000000	00000013	addi	x0,x0,0	  x0:0x00000000
        9055000	       904	80000a50	00000013	addi	x0,x0,0	  x0:0x00000000
        9065000	       905	80000a54	013b6863	bltu	x22,x19,80000a64	 x22:0x00000000 x19:0x00000039
        9075000	       906	00000000	00000013	addi	x0,x0,0	  x0:0x00000000
        9085000	       907	80000a60	00000013	addi	x0,x0,0	  x0:0x00000000
        9095000	       908	80000a64	09657d93	andi	x27,x10,150	 x10:0x00000782 x27=0x00000082
        9105000	       909	80000a68	00665393	srli	x7,x12,0x6	 x12:0x00000000  x7=0x00000000
        9115000	       910	80000a6c	4143d393	srai	x7,x7,0x14	  x7:0x00000000  x7=0x00000000
        9125000	       911	80000a70	00ba8f33	add	x30,x21,x11	 x21:0x80009f30 x11:0x00000256 x30=0x8000a186
        9135000	       912	80000a74	01c57c33	and	x24,x10,x28	 x10:0x00000782 x28:0x00800000 x24=0x00000000
        9145000	       913	80000a78	fcf93713	sltiu	x14,x18,-49	 x18:0x00000007 x14=0x00000001
        9155000	       914	80000a7c	405b8db3	sub	x27,x23,x5	 x23:0xfffffdd2  x5:0x00000332 x27=0xfffffaa0
        9165000	       915	80000a80	00000013	addi	x0,x0,0	  x0:0x00000000
        9175000	       916	80000a84	02ea1663	bne	x20,x14,80000ab0	 x20:0x0000005c x14:0x00000001
        9185000	       917	00000000	00000013	addi	x0,x0,0	  x0:0x00000000
        9195000	       918	80000aac	00000013	addi	x0,x0,0	  x0:0x00000000
        9205000	       919	80000ab0	414fdb13	srai	x22,x31,0x14	 x31:0x00000000 x22=0x00000000
        9215000	       920	80000ab4	01b267b3	or	x15,x4,x27	  x4:0x0000012b x27:0xfffffaa0 x15=0xfffffbab
        9225000	       921	80000ab8	ffa00493	addi	x9,x0,-6	  x0:0x00000000  x9=0xfffffffa
        9235000	       922	80000abc	cae3f6b7	lui	x13,0xcae3f	 x13=0xcae3f000
        9245000	       923	80000ac0	003b5993	srli	x19,x22,0x3	 x22:0x00000000 x19=0x00000000
        9255000	       924	80000ac4	00869433	sll	x8,x13,x8	 x13:0xcae3f000  x8:0x00000000  x8=0xcae3f000
        9265000	       925	80000ac8	011d12b3	sll	x5,x26,x17	 x26:0x00000061 x17:0xffffc000  x5=0x00000061
        9275000	       926	80000acc	ff300213	addi	x4,x0,-13	  x0:0x00000000  x4=0xfffffff3
        9285000	       927	80000ad0	00d32cb3	slt	x25,x6,x13	  x6:0x7fff603c x13:0xcae3f000 x25=0x00000000
        9295000	       928	80000ad4	dbe9d437	lui	x8,0xdbe9d	  x8=0xdbe9d000
        9305000	       929	80000ad8	414ddb33	sra	x22,x27,x20	 x27:0xfffffaa0 x20:0x0000005c x22=0xffffffff
        9315000	       930	80000adc	418fd6b3	sra	x13,x31,x24	 x31:0x00000000 x24:0x00000000 x13=0x00000000
        9325000	       931	80000ae0	019646b3	xor	x13,x12,x25	 x12:0x00000000 x25:0x00000000 x13=0x00000000
        9335000	       932	80000ae4	00069bb3	sll	x23,x13,x0	 x13:0x00000000  x0:0x00000000 x23=0x00000000
        9345000	       933	80000ae8	8b16c393	xori	x7,x13,-1871	 x13:0x00000000  x7=0xfffff8b1
        9355000	       934	80000aec	b75555b7	lui	x11,0xb7555	 x11=0xb7555000
        9365000	       935	80000af0	6d2d4a13	xori	x20,x26,1746	 x26:0x00000061 x20=0x000006b3
        9375000	       936	80000af4	20664b13	xori	x22,x12,518	 x12:0x00000000 x22=0x00000206
        9385000	       937	80000af8	0132cc33	xor	x24,x5,x19	  x5:0x00000061 x19:0x00000000 x24=0x00000061
        9395000	       938	80000afc	01529693	slli	x13,x5,0x15	  x5:0x00000061 x13=0x0c200000
        9405000	       939	80000b00	38d96693	ori	x13,x18,909	 x18:0x00000007 x13=0x0000038f
        9415000	       940	80000b04	492adbb7	lui	x23,0x492ad	 x23=0x492ad000
        9425000	       941	80000b08	014c9393	slli	x7,x25,0x14	 x25:0x00000000  x7=0x00000000
        9435000	       942	80000b0c	01c40533	add	x10,x8,x28	  x8:0xdbe9d000 x28:0x00800000 x10=0xdc69d000
        9445000	       943	80000b10	14489017	auipc	x0,0x14489	
        9455000	       944	80000b14	ff948493	addi	x9,x9,-7	  x9:0xfffffffa  x9=0xfffffff3
        9465000	       945	80000b18	019257b3	srl	x15,x4,x25	  x4:0xfffffff3 x25:0x00000000 x15=0xfffffff3
        9475000	       946	80000b1c	172d76b7	lui	x13,0x172d7	 x13=0x172d7000
        9485000	       947	80000b20	00646833	or	x16,x8,x6	  x8:0xdbe9d000  x6:0x7fff603c x16=0xfffff03c
        9495000	       948	80000b24	fc449ae3	bne	x9,x4,80000af8	  x9:0xfffffff3  x4:0xfffffff3
        9505000	       949	80000b28	fb4d2193	slti	x3,x26,-76	 x26:0x00000061  x3=0x00000000
        9515000	       950	80000b2c	00735663	bge	x6,x7,80000b38	  x6:0x7fff603c  x7:0x00000000
        9525000	       951	00000000	00000013	addi	x0,x0,0	  x0:0x00000000
        9535000	       952	80000b34	00000013	addi	x0,x0,0	  x0:0x00000000
        9545000	       953	80000b38	b9c08437	lui	x8,0xb9c08	  x8=0xb9c08000
        9555000	       954	80000b3c	0141b533	sltu	x10,x3,x20	  x3:0x00000000 x20:0x000006b3 x10=0x00000001
        9565000	       955	80000b40	016d6833	or	x16,x26,x22	 x26:0x00000061 x22:0x00000206 x16=0x00000267
        9575000	       956	80000b44	00000013	addi	x0,x0,0	  x0:0x00000000
        9585000	       957	80000b48	00e6c333	xor	x6,x13,x14	 x13:0x172d7000 x14:0x00000001  x6=0x172d7001
        9595000	       958	80000b4c	05071663	bne	x14,x16,80000b98	 x14:0x00000001 x16:0x00000267
        9605000	       959	00000000	00000013	addi	x0,x0,0	  x0:0x00000000
        9615000	       960	80000b94	00000013	addi	x0,x0,0	  x0:0x00000000
        9625000	       961	80000b98	00235f33	srl	x30,x6,x2	  x6:0x172d7001  x2:0x80009fc4 x30=0x0172d700
        9635000	       962	80000b9c	3fac7697	auipc	x13,0x3fac7	 x13=0xbfac7b98
        9645000	       963	80000ba0	a494e597	auipc	x11,0xa494e	 x11=0x2494eb9c
        9655000	       964	80000ba4	06c9f617	auipc	x12,0x6c9f	 x12=0x86c9fba0
        9665000	       965	80000ba8	6bdb9a17	auipc	x20,0x6bdb9	 x20=0xebdb9ba4
        9675000	       966	80000bac	0078adb3	slt	x27,x17,x7	 x17:0xffffc000  x7:0x00000000 x27=0x00000001
        9685000	       967	80000bb0	00b37a33	and	x20,x6,x11	  x6:0x172d7001 x11:0x2494eb9c x20=0x04046000
        9695000	       968	80000bb4	005d9863	bne	x27,x5,80000bc4	 x27:0x00000001  x5:0x00000061
        9705000	       969	00000000	00000013	addi	x0,x0,0	  x0:0x00000000
        9715000	       970	80000bc0	00000013	addi	x0,x0,0	  x0:0x00000000
        9725000	       971	80000bc4	77466313	ori	x6,x12,1908	 x12:0x86c9fba0  x6=0x86c9fff4
        9735000	       972	80000bc8	01bddcb3	srl	x25,x27,x27	 x27:0x00000001 x27:0x00000001 x25=0x00000000
        9745000	       973	80000bcc	00981db3	sll	x27,x16,x9	 x16:0x00000267  x9:0xfffffff3 x27=0x13380000
        9755000	       974	80000bd0	032e9c63	bne	x29,x18,80000c08	 x29:0x3f4787e0 x18:0x00000007
        9765000	       975	00000000	00000013	addi	x0,x0,0	  x0:0x00000000
        9775000	       976	80000c04	00000013	addi	x0,x0,0	  x0:0x00000000
        9785000	       977	80000c08	047f0663	beq	x30,x7,80000c54	 x30:0x0172d700  x7:0x00000000
        9795000	       978	80000c0c	41b35a13	srai	x20,x6,0x1b	  x6:0x86c9fff4 x20=0xfffffff0
        9805000	       979	80000c10	b6b9c713	xori	x14,x19,-1173	 x19:0x00000000 x14=0xfffffb6b
        9815000	       980	80000c14	6601bb13	sltiu	x22,x3,1632	  x3:0x00000000 x22=0x00000001
        9825000	       981	80000c18	00608633	add	x12,x1,x6	  x1:0x00000000  x6:0x86c9fff4 x12=0x86c9fff4
        9835000	       982	80000c1c	0705ae13	slti	x28,x11,112	 x11:0x2494eb9c x28=0x00000000
        9845000	       983	80000c20	329ac193	xori	x3,x21,809	 x21:0x80009f30  x3=0x80009c19
        9855000	       984	80000c24	01b85a13	srli	x20,x16,0x1b	 x16:0x00000267 x20=0x00000000
        9865000	       985	80000c28	878dcd13	xori	x26,x27,-1928	 x27:0x13380000 x26=0xecc7f878
        9875000	       986	80000c2c	9987acb7	lui	x25,0x9987a	 x25=0x9987a000
        9885000	       987	80000c30	0134f863	bgeu	x9,x19,80000c40	  x9:0xfffffff3 x19:0x00000000
        9895000	       988	00000000	00000013	addi	x0,x0,0	  x0:0x00000000
        9905000	       989	80000c3c	00000013	addi	x0,x0,0	  x0:0x00000000
        9915000	       990	80000c40	04f24463	blt	x4,x15,80000c88	  x4:0xfffffff3 x15:0xfffffff3
        9925000	       991	80000c44	418d5833	sra	x16,x26,x24	 x26:0xecc7f878 x24:0x00000061 x16=0xf663fc3c
        9935000	       992	80000c48	009f7a63	bgeu	x30,x9,80000c5c	 x30:0x0172d700  x9:0xfffffff3
        9945000	       993	80000c4c	00000013	addi	x0,x0,0	  x0:0x00000000
        9955000	       994	80000c50	4192d513	srai	x10,x5,0x19	  x5:0x00000061 x10=0x00000000
        9965000	       995	80000c54	412450b3	sra	x1,x8,x18	  x8:0xb9c08000 x18:0x00000007  x1=0xff738100
        9975000	       996	80000c58	4002d593	srai	x11,x5,0x0	  x5:0x00000061 x11=0x00000061
        9985000	       997	80000c5c	04800663	beq	x0,x8,80000ca8	  x0:0x00000000  x8:0xb9c08000
        9995000	       998	80000c60	0158a033	slt	x0,x17,x21	 x17:0xffffc000 x21:0x80009f30
       10005000	       999	80000c64	48c0f613	andi	x12,x1,1164	  x1:0xff738100 x12=0x00000000
       10015000	      1000	80000c68	015e0b33	add	x22,x28,x21	 x28:0x00000000 x21:0x80009f30 x22=0x80009f30
       10025000	      1001	80000c6c	01029d93	slli	x27,x5,0x10	  x5:0x00000061 x27=0x00610000
       10035000	      1002	80000c70	00a8f4b3	and	x9,x17,x10	 x17:0xffffc000 x10:0x00000000  x9=0x00000000
       10045000	      1003	80000c74	2105f093	andi	x1,x11,528	 x11:0x00000061  x1=0x00000000
       10055000	      1004	80000c78	c8388c13	addi	x24,x17,-893	 x17:0xffffc000 x24=0xffffbc83
       10065000	      1005	80000c7c	f7b07713	andi	x14,x0,-133	  x0:0x00000000 x14=0x00000000
       10075000	      1006	80000c80	41e2d633	sra	x12,x5,x30	  x5:0x00000061 x30:0x0172d700 x12=0x00000061
       10085000	      1007	80000c84	017adf33	srl	x30,x21,x23	 x21:0x80009f30 x23:0x492ad000 x30=0x80009f30
       10095000	      1008	80000c88	05ab6463	bltu	x22,x26,80000cd0	 x22:0x80009f30 x26:0xecc7f878
       10105000	      1009	00000000	00000013	addi	x0,x0,0	  x0:0x00000000
       10115000	      1010	80000ccc	00000013	addi	x0,x0,0	  x0:0x00000000
       10125000	      1011	80000cd0	400e5d93	srai	x27,x28,0x0	 x28:0x00000000 x27=0x00000000
       10135000	      1012	80000cd4	018a8333	add	x6,x21,x24	 x21:0x80009f30 x24:0xffffbc83  x6=0x80005bb3
       10145000	      1013	80000cd8	5f798393	addi	x7,x19,1527	 x19:0x00000000  x7=0x000005f7
       10155000	      1014	80000cdc	01c75033	srl	x0,x14,x28	 x14:0x00000000 x28:0x00000000
       10165000	      1015	80000ce0	01aaa7b3	slt	x15,x21,x26	 x21:0x80009f30 x26:0xecc7f878 x15=0x00000001
       10175000	      1016	80000ce4	54c34717	auipc	x14,0x54c34	 x14=0xd4c34ce0
       10185000	      1017	80000ce8	4154d393	srai	x7,x9,0x15	  x9:0x00000000  x7=0x00000000
       10195000	      1018	80000cec	04aae463	bltu	x21,x10,80000d34	 x21:0x80009f30 x10:0x00000000
       10205000	      1019	80000cf0	54b53e13	sltiu	x28,x10,1355	 x10:0x00000000 x28=0x00000001
       10215000	      1020	80000cf4	4f633813	sltiu	x16,x6,1270	  x6:0x80005bb3 x16=0x00000000
       10225000	      1021	80000cf8	08084713	xori	x14,x16,128	 x16:0x00000000 x14=0x00000080
       10235000	      1022	80000cfc	0118fa33	and	x20,x17,x17	 x17:0xffffc000 x17:0xffffc000 x20=0xffffc000
       10245000	      1023	80000d00	0278ea63	bltu	x17,x7,80000d34	 x17:0xffffc000  x7:0x00000000
       10255000	      1024	80000d04	00746663	bltu	x8,x7,80000d10	  x8:0xb9c08000  x7:0x00000000
       10265000	      1025	80000d08	04b87463	bgeu	x16,x11,80000d50	 x16:0x00000000 x11:0x00000061
       10275000	      1026	80000d0c	00000013	addi	x0,x0,0	  x0:0x00000000
       10285000	      1027	80000d10	30f24c93	xori	x25,x4,783	  x4:0xfffffff3 x25=0xfffffcfc
       10295000	      1028	80000d14	01a06663	bltu	x0,x26,80000d20	  x0:0x00000000 x26:0xecc7f878
       10305000	      1029	00000000	00000013	addi	x0,x0,0	  x0:0x00000000
       10315000	      1030	80000d1c	00000013	addi	x0,x0,0	  x0:0x00000000
       10325000	      1031	80000d20	017bb933	sltu	x18,x23,x23	 x23:0x492ad000 x23:0x492ad000 x18=0x00000000
       10335000	      1032	80000d24	01230e33	add	x28,x6,x18	  x6:0x80005bb3 x18:0x00000000 x28=0x80005bb3
       10345000	      1033	80000d28	b5ca6813	ori	x16,x20,-1188	 x20:0xffffc000 x16=0xfffffb5c
       10355000	      1034	80000d2c	0019ac33	slt	x24,x19,x1	 x19:0x00000000  x1:0x00000000 x24=0x00000000
       10365000	      1035	80000d30	0510f063	bgeu	x1,x17,80000d70	  x1:0x00000000 x17:0xffffc000
       10375000	      1036	80000d34	01d57a33	and	x20,x10,x29	 x10:0x00000000 x29:0x3f4787e0 x20=0x00000000
       10385000	      1037	80000d38	008af7b3	and	x15,x21,x8	 x21:0x80009f30  x8:0xb9c08000 x15=0x80008000
       10395000	      1038	80000d3c	014eeb33	or	x22,x29,x20	 x29:0x3f4787e0 x20:0x00000000 x22=0x3f4787e0
       10405000	      1039	80000d40	0183da63	bge	x7,x24,80000d54	  x7:0x00000000 x24:0x00000000
       10415000	      1040	00000000	00000013	addi	x0,x0,0	  x0:0x00000000
       10425000	      1041	80000d50	00000013	addi	x0,x0,0	  x0:0x00000000
       10435000	      1042	80000d54	01e02733	slt	x14,x0,x30	  x0:0x00000000 x30:0x80009f30 x14=0x00000000
       10445000	      1043	80000d58	00eae933	or	x18,x21,x14	 x21:0x80009f30 x14:0x00000000 x18=0x80009f30
       10455000	      1044	80000d5c	0185c263	blt	x11,x24,80000d60	 x11:0x00000061 x24:0x00000000
       10465000	      1045	80000d60	227b6b93	ori	x23,x22,551	 x22:0x3f4787e0 x23=0x3f4787e7
       10475000	      1046	80000d64	41e75933	sra	x18,x14,x30	 x14:0x00000000 x30:0x80009f30 x18=0x00000000
       10485000	      1047	80000d68	01299b33	sll	x22,x19,x18	 x19:0x00000000 x18:0x00000000 x22=0x00000000
       10495000	      1048	80000d6c	21e8e093	ori	x1,x17,542	 x17:0xffffc000  x1=0xffffc21e
       10505000	      1049	80000d70	bcb5fc93	andi	x25,x11,-1077	 x11:0x00000061 x25=0x00000041
       10515000	      1050	80000d74	014bd663	bge	x23,x20,80000d80	 x23:0x3f4787e7 x20:0x00000000
       10525000	      1051	00000000	00000013	addi	x0,x0,0	  x0:0x00000000
       10535000	      1052	80000d7c	00000013	addi	x0,x0,0	  x0:0x00000000
       10545000	      1053	80000d80	c24a4f37	lui	x30,0xc24a4	 x30=0xc24a4000
       10555000	      1054	80000d84	5ca31797	auipc	x15,0x5ca31	 x15=0xdca31d80
       10565000	      1055	80000d88	0db43793	sltiu	x15,x8,219	  x8:0xb9c08000 x15=0x00000000
       10575000	      1056	80000d8c	ed0c4713	xori	x14,x24,-304	 x24:0x00000000 x14=0xfffffed0
       10585000	      1057	80000d90	5761a893	slti	x17,x3,1398	  x3:0x80009c19 x17=0x00000001
       10595000	      1058	80000d94	006a1813	slli	x16,x20,0x6	 x20:0x00000000 x16=0x00000000
       10605000	      1059	80000d98	02855663	bge	x10,x8,80000dc4	 x10:0x00000000  x8:0xb9c08000
       10615000	      1060	00000000	00000013	addi	x0,x0,0	  x0:0x00000000
       10625000	      1061	80000dc0	00000013	addi	x0,x0,0	  x0:0x00000000
       10635000	      1062	80000dc4	00c36663	bltu	x6,x12,80000dd0	  x6:0x80005bb3 x12:0x00000061
       10645000	      1063	80000dc8	032e5c63	bge	x28,x18,80000e00	 x28:0x80005bb3 x18:0x00000000
       10655000	      1064	80000dcc	cedc59b7	lui	x19,0xcedc5	 x19=0xcedc5000
       10665000	      1065	80000dd0	04516463	bltu	x2,x5,80000e18	  x2:0x80009fc4  x5:0x00000061
       10675000	      1066	80000dd4	309da193	slti	x3,x27,777	 x27:0x00000000  x3=0x00000001
       10685000	      1067	80000dd8	00b01d93	slli	x27,x0,0xb	  x0:0x00000000 x27=0x00000000
       10695000	      1068	80000ddc	00ef5cb3	srl	x25,x30,x14	 x30:0xc24a4000 x14:0xfffffed0 x25=0x0000c24a
       10705000	      1069	80000de0	eef6f093	andi	x1,x13,-273	 x13:0xbfac7b98  x1=0xbfac7a88
       10715000	      1070	80000de4	01708863	beq	x1,x23,80000df4	  x1:0xbfac7a88 x23:0x3f4787e7
       10725000	      1071	80000de8	588e4213	xori	x4,x28,1416	 x28:0x80005bb3  x4=0x80005e3b
       10735000	      1072	80000dec	1b76bd37	lui	x26,0x1b76b	 x26=0x1b76b000
       10745000	      1073	80000df0	e5d03537	lui	x10,0xe5d03	 x10=0xe5d03000
       10755000	      1074	80000df4	c43144b7	lui	x9,0xc4314	  x9=0xc4314000
       10765000	      1075	80000df8	008fe663	bltu	x31,x8,80000e04	 x31:0x00000000  x8:0xb9c08000
       10775000	      1076	00000000	00000013	addi	x0,x0,0	  x0:0x00000000
       10785000	      1077	80000e00	00000013	addi	x0,x0,0	  x0:0x00000000
       10795000	      1078	80000e04	016d4a63	blt	x26,x22,80000e18	 x26:0x1b76b000 x22:0x00000000
       10805000	      1079	80000e08	00f75cb3	srl	x25,x14,x15	 x14:0xfffffed0 x15:0x00000000 x25=0xfffffed0
       10815000	      1080	80000e0c	00345eb3	srl	x29,x8,x3	  x8:0xb9c08000  x3:0x00000001 x29=0x5ce04000
       10825000	      1081	80000e10	0549d463	bge	x19,x20,80000e58	 x19:0xcedc5000 x20:0x00000000
       10835000	      1082	80000e14	01f4d7b3	srl	x15,x9,x31	  x9:0xc4314000 x31:0x00000000 x15=0xc4314000
       10845000	      1083	80000e18	6d37f493	andi	x9,x15,1747	 x15:0xc4314000  x9=0x00000000
       10855000	      1084	80000e1c	03f40263	beq	x8,x31,80000e40	  x8:0xb9c08000 x31:0x00000000
       10865000	      1085	80000e20	7ca64d93	xori	x27,x12,1994	 x12:0x00000061 x27=0x000007ab
       10875000	      1086	80000e24	023e7a63	bgeu	x28,x3,80000e58	 x28:0x80005bb3  x3:0x00000001
       10885000	      1087	00000000	00000013	addi	x0,x0,0	  x0:0x00000000
       10895000	      1088	80000e54	00000013	addi	x0,x0,0	  x0:0x00000000
       10905000	      1089	80000e58	409300b3	sub	x1,x6,x9	  x6:0x80005bb3  x9:0x00000000  x1=0x80005bb3
       10915000	      1090	80000e5c	c89bbc13	sltiu	x24,x23,-887	 x23:0x3f4787e7 x24=0x00000001
       10925000	      1091	80000e60	0097c263	blt	x15,x9,80000e64	 x15:0xc4314000  x9:0x00000000
       10935000	      1092	00000000	00000013	addi	x0,x0,0	  x0:0x00000000
       10945000	      1093	80000e60	00000013	addi	x0,x0,0	  x0:0x00000000
       10955000	      1094	80000e64	e819f913	andi	x18,x19,-383	 x19:0xcedc5000 x18=0xcedc5000
       10965000	      1095	80000e68	05d3f063	bgeu	x7,x29,80000ea8	  x7:0x00000000 x29:0x5ce04000
       10975000	      1096	80000e6c	e0496513	ori	x10,x18,-508	 x18:0xcedc5000 x10=0xfffffe04
       10985000	      1097	80000e70	001b6b33	or	x22,x22,x1	 x22:0x00000000  x1:0x80005bb3 x22=0x80005bb3
       10995000	      1098	80000e74	414d5e33	sra	x28,x26,x20	 x26:0x1b76b000 x20:0x00000000 x28=0x1b76b000
       11005000	      1099	80000e78	00920863	beq	x4,x9,80000e88	  x4:0x80005e3b  x9:0x00000000
       11015000	      1100	80000e7c	418982b3	sub	x5,x19,x24	 x19:0xcedc5000 x24:0x00000001  x5=0xcedc4fff
       11025000	      1101	80000e80	00000013	addi	x0,x0,0	  x0:0x00000000
       11035000	      1102	80000e84	059b4663	blt	x22,x25,80000ed0	 x22:0x80005bb3 x25:0xfffffed0
       11045000	      1103	00000000	00000013	addi	x0,x0,0	  x0:0x00000000
       11055000	      1104	80000ecc	00000013	addi	x0,x0,0	  x0:0x00000000
       11065000	      1105	80000ed0	00bea0b3	slt	x1,x29,x11	 x29:0x5ce04000 x11:0x00000061  x1=0x00000000
       11075000	      1106	80000ed4	41150833	sub	x16,x10,x17	 x10:0xfffffe04 x17:0x00000001 x16=0xfffffe03
       11085000	      1107	80000ed8	01cb85b3	add	x11,x23,x28	 x23:0x3f4787e7 x28:0x1b76b000 x11=0x5abe37e7
       11095000	      1108	80000edc	41f78f33	sub	x30,x15,x31	 x15:0xc4314000 x31:0x00000000 x30=0xc4314000
       11105000	      1109	80000ee0	015af333	and	x6,x21,x21	 x21:0x80009f30 x21:0x80009f30  x6=0x80009f30
       11115000	      1110	80000ee4	0b807a63	bgeu	x0,x24,80000f98	  x0:0x00000000 x24:0x00000001
       11125000	      1111	80000ee8	81dd8c93	addi	x25,x27,-2019	 x27:0x000007ab x25=0xffffffc8
       11135000	      1112	80000eec	00fc0663	beq	x24,x15,80000ef8	 x24:0x00000001 x15:0xc4314000
       11145000	      1113	80000ef0	416dd993	srai	x19,x27,0x16	 x27:0x000007ab x19=0x00000000
       11155000	      1114	80000ef4	407fd213	srai	x4,x31,0x7	 x31:0x00000000  x4=0x00000000
       11165000	      1115	80000ef8	00185813	srli	x16,x16,0x1	 x16:0xfffffe03 x16=0x7fffff01
       11175000	      1116	80000efc	00b045b3	xor	x11,x0,x11	  x0:0x00000000 x11:0x5abe37e7 x11=0x5abe37e7
       11185000	      1117	80000f00	00200393	addi	x7,x0,2	  x0:0x00000000  x7=0x00000002
       11195000	      1118	80000f04	00414db3	xor	x27,x2,x4	  x2:0x80009fc4  x4:0x00000000 x27=0x80009fc4
       11205000	      1119	80000f08	01a235b3	sltu	x11,x4,x26	  x4:0x00000000 x26:0x1b76b000 x11=0x00000001
       11215000	      1120	80000f0c	00100b13	addi	x22,x0,1	  x0:0x00000000 x22=0x00000001
       11225000	      1121	80000f10	01d380b3	add	x1,x7,x29	  x7:0x00000002 x29:0x5ce04000  x1=0x5ce04002
       11235000	      1122	80000f14	01b87c33	and	x24,x16,x27	 x16:0x7fffff01 x27:0x80009fc4 x24=0x00009f00
       11245000	      1123	80000f18	5af68013	addi	x0,x13,1455	 x13:0xbfac7b98
       11255000	      1124	80000f1c	a8984713	xori	x14,x16,-1399	 x16:0x7fffff01 x14=0x80000588
       11265000	      1125	80000f20	0177ceb3	xor	x29,x15,x23	 x15:0xc4314000 x23:0x3f4787e7 x29=0xfb76c7e7
       11275000	      1126	80000f24	00000013	addi	x0,x0,0	  x0:0x00000000
       11285000	      1127	80000f28	0183dcb3	srl	x25,x7,x24	  x7:0x00000002 x24:0x00009f00 x25=0x00000002
       11295000	      1128	80000f2c	01e9d713	srli	x14,x19,0x1e	 x19:0x00000000 x14=0x00000000
       11305000	      1129	80000f30	00000013	addi	x0,x0,0	  x0:0x00000000
       11315000	      1130	80000f34	2581a313	slti	x6,x3,600	  x3:0x00000001  x6=0x00000001
       11325000	      1131	80000f38	00000013	addi	x0,x0,0	  x0:0x00000000
       11335000	      1132	80000f3c	ffc38393	addi	x7,x7,-4	  x7:0x00000002  x7=0xfffffffe
       11345000	      1133	80000f40	7893fb93	andi	x23,x7,1929	  x7:0xfffffffe x23=0x00000788
       11355000	      1134	80000f44	009d1bb3	sll	x23,x26,x9	 x26:0x1b76b000  x9:0x00000000 x23=0x1b76b000
       11365000	      1135	80000f48	016f7833	and	x16,x30,x22	 x30:0xc4314000 x22:0x00000001 x16=0x00000000
       11375000	      1136	80000f4c	00000013	addi	x0,x0,0	  x0:0x00000000
       11385000	      1137	80000f50	01fb6033	or	x0,x22,x31	 x22:0x00000001 x31:0x00000000
       11395000	      1138	80000f54	86efb613	sltiu	x12,x31,-1938	 x31:0x00000000 x12=0x00000001
       11405000	      1139	80000f58	980bfe37	lui	x28,0x980bf	 x28=0x980bf000
       11415000	      1140	80000f5c	6c9a3693	sltiu	x13,x20,1737	 x20:0x00000000 x13=0x00000001
       11425000	      1141	80000f60	fb63dce3	bge	x7,x22,80000f18	  x7:0xfffffffe x22:0x00000001
       11435000	      1142	80000f64	0195c533	xor	x10,x11,x25	 x11:0x00000001 x25:0x00000002 x10=0x00000003
       11445000	      1143	80000f68	00ccc3b3	xor	x7,x25,x12	 x25:0x00000002 x12:0x00000001  x7=0x00000003
       11455000	      1144	80000f6c	01b69813	slli	x16,x13,0x1b	 x13:0x00000001 x16=0x08000000
       11465000	      1145	80000f70	00000013	addi	x0,x0,0	  x0:0x00000000
       11475000	      1146	80000f74	01265db3	srl	x27,x12,x18	 x12:0x00000001 x18:0xcedc5000 x27=0x00000001
       11485000	      1147	80000f78	7dcf9d37	lui	x26,0x7dcf9	 x26=0x7dcf9000
       11495000	      1148	80000f7c	8b05c993	xori	x19,x11,-1872	 x11:0x00000001 x19=0xfffff8b1
       11505000	      1149	80000f80	01f1e433	or	x8,x3,x31	  x3:0x00000001 x31:0x00000000  x8=0x00000001
       11515000	      1150	80000f84	2bfb3313	sltiu	x6,x22,703	 x22:0x00000001  x6=0x00000001
       11525000	      1151	80000f88	2a922297	auipc	x5,0x2a922	  x5=0xaa922f84
       11535000	      1152	80000f8c	039f1663	bne	x30,x25,80000fb8	 x30:0xc4314000 x25:0x00000002
       11545000	      1153	00000000	00000013	addi	x0,x0,0	  x0:0x00000000
       11555000	      1154	80000fb4	00000013	addi	x0,x0,0	  x0:0x00000000
       11565000	      1155	80000fb8	01fd1193	slli	x3,x26,0x1f	 x26:0x7dcf9000  x3=0x00000000
       11575000	      1156	80000fbc	ade76193	ori	x3,x14,-1314	 x14:0x00000000  x3=0xfffffade
       11585000	      1157	80000fc0	3ecc0313	addi	x6,x24,1004	 x24:0x00009f00  x6=0x0000a2ec
       11595000	      1158	80000fc4	2d1a4593	xori	x11,x20,721	 x20:0x00000000 x11=0x000002d1
       11605000	      1159	80000fc8	586aae13	slti	x28,x21,1414	 x21:0x80009f30 x28=0x00000001
       11615000	      1160	80000fcc	15622d37	lui	x26,0x15622	 x26=0x15622000
       11625000	      1161	80000fd0	00a2f4b3	and	x9,x5,x10	  x5:0xaa922f84 x10:0x00000003  x9=0x00000000
       11635000	      1162	80000fd4	00d22733	slt	x14,x4,x13	  x4:0x00000000 x13:0x00000001 x14=0x00000001
       11645000	      1163	80000fd8	03cb8263	beq	x23,x28,80000ffc	 x23:0x1b76b000 x28:0x00000001
       11655000	      1164	80000fdc	0094aa33	slt	x20,x9,x9	  x9:0x00000000  x9:0x00000000 x20=0x00000000
       11665000	      1165	80000fe0	011ada33	srl	x20,x21,x17	 x21:0x80009f30 x17:0x00000001 x20=0x40004f98
       11675000	      1166	80000fe4	adec3817	auipc	x16,0xadec3	 x16=0x2dec3fe0
       11685000	      1167	80000fe8	e157fc13	andi	x24,x15,-491	 x15:0xc4314000 x24=0xc4314000
       11695000	      1168	80000fec	01e0fa33	and	x20,x1,x30	  x1:0x5ce04002 x30:0xc4314000 x20=0x44204000
       11705000	      1169	80000ff0	01a4ea63	bltu	x9,x26,80001004	  x9:0x00000000 x26:0x15622000
       11715000	      1170	00000000	00000013	addi	x0,x0,0	  x0:0x00000000
       11725000	      1171	80001000	00000013	addi	x0,x0,0	  x0:0x00000000
       11735000	      1172	80001004	01405663	bge	x0,x20,80001010	  x0:0x00000000 x20:0x44204000
       11745000	      1173	80001008	004859b3	srl	x19,x16,x4	 x16:0x2dec3fe0  x4:0x00000000 x19=0x2dec3fe0
       11755000	      1174	8000100c	e073be93	sltiu	x29,x7,-505	  x7:0x00000003 x29=0x00000001
       11765000	      1175	80001010	329bc393	xori	x7,x23,809	 x23:0x1b76b000  x7=0x1b76b329
       11775000	      1176	80001014	412e5e33	sra	x28,x28,x18	 x28:0x00000001 x18:0xcedc5000 x28=0x00000001
       11785000	      1177	80001018	41315633	sra	x12,x2,x19	  x2:0x80009fc4 x19:0x2dec3fe0 x12=0x80009fc4
       11795000	      1178	8000101c	fd8dce17	auipc	x28,0xfd8dc	 x28=0x7d8dd018
       11805000	      1179	80001020	01e4c3b3	xor	x7,x9,x30	  x9:0x00000000 x30:0xc4314000  x7=0xc4314000
       11815000	      1180	80001024	0164a9b3	slt	x19,x9,x22	  x9:0x00000000 x22:0x00000001 x19=0x00000001
       11825000	      1181	80001028	00cdfeb3	and	x29,x27,x12	 x27:0x00000001 x12:0x80009fc4 x29=0x00000000
       11835000	      1182	8000102c	00740533	add	x10,x8,x7	  x8:0x00000001  x7:0xc4314000 x10=0xc4314001
       11845000	      1183	80001030	bd097013	andi	x0,x18,-1072	 x18:0xcedc5000
       11855000	      1184	80001034	0066da63	bge	x13,x6,80001048	 x13:0x00000001  x6:0x0000a2ec
       11865000	      1185	80001038	b4c02817	auipc	x16,0xb4c02	 x16=0x34c03034
       11875000	      1186	8000103c	00d11793	slli	x15,x2,0xd	  x2:0x80009fc4 x15=0x13f88000
       11885000	      1187	80001040	00e69d93	slli	x27,x13,0xe	 x13:0x00000001 x27=0x00004000
       11895000	      1188	80001044	466fe997	auipc	x19,0x466fe	 x19=0xc66ff040
       11905000	      1189	80001048	647ac993	xori	x19,x21,1607	 x21:0x80009f30 x19=0x80009977
       11915000	      1190	8000104c	008c5033	srl	x0,x24,x8	 x24:0xc4314000  x8:0x00000001
       11925000	      1191	80001050	005e1333	sll	x6,x28,x5	 x28:0x7d8dd018  x5:0xaa922f84  x6=0xd8dd0180
       11935000	      1192	80001054	018fe663	bltu	x31,x24,80001060	 x31:0x00000000 x24:0xc4314000
       11945000	      1193	00000000	00000013	addi	x0,x0,0	  x0:0x00000000
       11955000	      1194	8000105c	00000013	addi	x0,x0,0	  x0:0x00000000
       11965000	      1195	80001060	05bbc463	blt	x23,x27,800010a8	 x23:0x1b76b000 x27:0x00004000
       11975000	      1196	80001064	01e21b13	slli	x22,x4,0x1e	  x4:0x00000000 x22=0x00000000
       11985000	      1197	80001068	01f59593	slli	x11,x11,0x1f	 x11:0x000002d1 x11=0x80000000
       11995000	      1198	8000106c	00f25f33	srl	x30,x4,x15	  x4:0x00000000 x15:0x13f88000 x30=0x00000000
       12005000	      1199	80001070	016781b3	add	x3,x15,x22	 x15:0x13f88000 x22:0x00000000  x3=0x13f88000
       12015000	      1200	80001074	aa358c93	addi	x25,x11,-1373	 x11:0x80000000 x25=0x7ffffaa3
       12025000	      1201	80001078	000178b3	and	x17,x2,x0	  x2:0x80009fc4  x0:0x00000000 x17=0x00000000
       12035000	      1202	8000107c	982e3e93	sltiu	x29,x28,-1662	 x28:0x7d8dd018 x29=0x00000001
       12045000	      1203	80001080	0e1a7e13	andi	x28,x20,225	 x20:0x44204000 x28=0x00000000
       12055000	      1204	80001084	026f6663	bltu	x30,x6,800010b0	 x30:0x00000000  x6:0xd8dd0180
       12065000	      1205	00000000	00000013	addi	x0,x0,0	  x0:0x00000000
       12075000	      1206	800010ac	00000013	addi	x0,x0,0	  x0:0x00000000
       12085000	      1207	800010b0	dbdd8293	addi	x5,x27,-579	 x27:0x00004000  x5=0x00003dbd
       12095000	      1208	800010b4	068f2013	slti	x0,x30,104	 x30:0x00000000
       12105000	      1209	800010b8	00c6e7b3	or	x15,x13,x12	 x13:0x00000001 x12:0x80009fc4 x15=0x80009fc5
       12115000	      1210	800010bc	1695b513	sltiu	x10,x11,361	 x11:0x80000000 x10=0x00000000
       12125000	      1211	800010c0	4147d5b3	sra	x11,x15,x20	 x15:0x80009fc5 x20:0x44204000 x11=0x80009fc5
       12135000	      1212	800010c4	6c3ffe93	andi	x29,x31,1731	 x31:0x00000000 x29=0x00000000
       12145000	      1213	800010c8	a1d94493	xori	x9,x18,-1507	 x18:0xcedc5000  x9=0x3123aa1d
       12155000	      1214	800010cc	0155adb3	slt	x27,x11,x21	 x11:0x80009fc5 x21:0x80009f30 x27=0x00000000
       12165000	      1215	800010d0	478001b7	lui	x3,0x47800	  x3=0x47800000
       12175000	      1216	800010d4	00f8d6b3	srl	x13,x17,x15	 x17:0x00000000 x15:0x80009fc5 x13=0x00000000
       12185000	      1217	800010d8	05dd8263	beq	x27,x29,8000111c	 x27:0x00000000 x29:0x00000000
       12195000	      1218	00000000	00000013	addi	x0,x0,0	  x0:0x00000000
       12205000	      1219	80001118	00000013	addi	x0,x0,0	  x0:0x00000000
       12215000	      1220	8000111c	418b5433	sra	x8,x22,x24	 x22:0x00000000 x24:0xc4314000  x8=0x00000000
       12225000	      1221	80001120	002f9a33	sll	x20,x31,x2	 x31:0x00000000  x2:0x80009fc4 x20=0x00000000
       12235000	      1222	80001124	0018f663	bgeu	x17,x1,80001130	 x17:0x00000000  x1:0x5ce04002
       12245000	      1223	80001128	411f5913	srai	x18,x30,0x11	 x30:0x00000000 x18=0x00000000
       12255000	      1224	8000112c	017c7633	and	x12,x24,x23	 x24:0xc4314000 x23:0x1b76b000 x12=0x00300000
       12265000	      1225	80001130	bf720393	addi	x7,x4,-1033	  x4:0x00000000  x7=0xfffffbf7
       12275000	      1226	80001134	002a6a63	bltu	x20,x2,80001148	 x20:0x00000000  x2:0x80009fc4
       12285000	      1227	00000000	00000013	addi	x0,x0,0	  x0:0x00000000
       12295000	      1228	80001144	00000013	addi	x0,x0,0	  x0:0x00000000
       12305000	      1229	80001148	2c0efa13	andi	x20,x29,704	 x29:0x00000000 x20=0x00000000
       12315000	      1230	8000114c	002d88b3	add	x17,x27,x2	 x27:0x00000000  x2:0x80009fc4 x17=0x80009fc4
       12325000	      1231	80001150	417a5893	srai	x17,x20,0x17	 x20:0x00000000 x17=0x00000000
       12335000	      1232	80001154	01799db3	sll	x27,x19,x23	 x19:0x80009977 x23:0x1b76b000 x27=0x80009977
       12345000	      1233	80001158	00f6d5b3	srl	x11,x13,x15	 x13:0x00000000 x15:0x80009fc5 x11=0x00000000
       12355000	      1234	8000115c	40ef5d93	srai	x27,x30,0xe	 x30:0x00000000 x27=0x00000000
       12365000	      1235	80001160	01c75213	srli	x4,x14,0x1c	 x14:0x00000001  x4=0x00000000
       12375000	      1236	80001164	44a02713	slti	x14,x0,1098	  x0:0x00000000 x14=0x00000001
       12385000	      1237	80001168	01d77663	bgeu	x14,x29,80001174	 x14:0x00000001 x29:0x00000000
       12395000	      1238	00000000	00000013	addi	x0,x0,0	  x0:0x00000000
       12405000	      1239	80001170	00000013	addi	x0,x0,0	  x0:0x00000000
       12415000	      1240	80001174	01657b33	and	x22,x10,x22	 x10:0x00000000 x22:0x00000000 x22=0x00000000
       12425000	      1241	80001178	00d28533	add	x10,x5,x13	  x5:0x00003dbd x13:0x00000000 x10=0x00003dbd
       12435000	      1242	8000117c	007d6f33	or	x30,x26,x7	 x26:0x15622000  x7:0xfffffbf7 x30=0xfffffbf7
       12445000	      1243	80001180	c51f1f17	auipc	x30,0xc51f1	 x30=0x451f217c
       12455000	      1244	80001184	011a1863	bne	x20,x17,80001194	 x20:0x00000000 x17:0x00000000
       12465000	      1245	80001188	a7a1ef13	ori	x30,x3,-1414	  x3:0x47800000 x30=0xfffffa7a
       12475000	      1246	8000118c	878c08b7	lui	x17,0x878c0	 x17=0x878c0000
       12485000	      1247	80001190	38dbe793	ori	x15,x23,909	 x23:0x1b76b000 x15=0x1b76b38d
       12495000	      1248	80001194	28a8bc13	sltiu	x24,x17,650	 x17:0x878c0000 x24=0x00000000
       12505000	      1249	80001198	03108263	beq	x1,x17,800011bc	  x1:0x5ce04002 x17:0x878c0000
       12515000	      1250	8000119c	002c4263	blt	x24,x2,800011a0	 x24:0x00000000  x2:0x80009fc4
       12525000	      1251	800011a0	007d06b3	add	x13,x26,x7	 x26:0x15622000  x7:0xfffffbf7 x13=0x15621bf7
       12535000	      1252	800011a4	046dd063	bge	x27,x6,800011e4	 x27:0x00000000  x6:0xd8dd0180
       12545000	      1253	00000000	00000013	addi	x0,x0,0	  x0:0x00000000
       12555000	      1254	800011e0	00000013	addi	x0,x0,0	  x0:0x00000000
       12565000	      1255	800011e4	40375633	sra	x12,x14,x3	 x14:0x00000001  x3:0x47800000 x12=0x00000001
       12575000	      1256	800011e8	028f9263	bne	x31,x8,8000120c	 x31:0x00000000  x8:0x00000000
       12585000	      1257	800011ec	a2bb4097	auipc	x1,0xa2bb4	  x1=0x22bb51e8
       12595000	      1258	800011f0	3d04c793	xori	x15,x9,976	  x9:0x3123aa1d x15=0x3123a9cd
       12605000	      1259	800011f4	4086d993	srai	x19,x13,0x8	 x13:0x15621bf7 x19=0x0015621b
       12615000	      1260	800011f8	01098a33	add	x20,x19,x16	 x19:0x0015621b x16:0x34c03034 x20=0x34d5924f
       12625000	      1261	800011fc	00296463	bltu	x18,x2,80001204	 x18:0x00000000  x2:0x80009fc4
       12635000	      1262	00000000	00000013	addi	x0,x0,0	  x0:0x00000000
       12645000	      1263	80001200	00000013	addi	x0,x0,0	  x0:0x00000000
       12655000	      1264	80001204	00659733	sll	x14,x11,x6	 x11:0x00000000  x6:0xd8dd0180 x14=0x00000000
       12665000	      1265	80001208	0100b7b3	sltu	x15,x1,x16	  x1:0x22bb51e8 x16:0x34c03034 x15=0x00000001
       12675000	      1266	8000120c	18ebe013	ori	x0,x23,398	 x23:0x1b76b000
       12685000	      1267	80001210	017c6933	or	x18,x24,x23	 x24:0x00000000 x23:0x1b76b000 x18=0x1b76b000
       12695000	      1268	80001214	418b5513	srai	x10,x22,0x18	 x22:0x00000000 x10=0x00000000
       12705000	      1269	80001218	00aebf33	sltu	x30,x29,x10	 x29:0x00000000 x10:0x00000000 x30=0x00000000
       12715000	      1270	8000121c	7610f813	andi	x16,x1,1889	  x1:0x22bb51e8 x16=0x00000160
       12725000	      1271	80001220	87c6c893	xori	x17,x13,-1924	 x13:0x15621bf7 x17=0xea9de38b
       12735000	      1272	80001224	8d0f1437	lui	x8,0x8d0f1	  x8=0x8d0f1000
       12745000	      1273	80001228	400f5593	srai	x11,x30,0x0	 x30:0x00000000 x11=0x00000000
       12755000	      1274	8000122c	5843e293	ori	x5,x7,1412	  x7:0xfffffbf7  x5=0xfffffff7
       12765000	      1275	80001230	01c35013	srli	x0,x6,0x1c	  x6:0xd8dd0180
       12775000	      1276	80001234	0141c1b3	xor	x3,x3,x20	  x3:0x47800000 x20:0x34d5924f  x3=0x7355924f
       12785000	      1277	80001238	01ebe633	or	x12,x23,x30	 x23:0x1b76b000 x30:0x00000000 x12=0x1b76b000
       12795000	      1278	8000123c	01f2d663	bge	x5,x31,80001248	  x5:0xfffffff7 x31:0x00000000
       12805000	      1279	80001240	045fe463	bltu	x31,x5,80001288	 x31:0x00000000  x5:0xfffffff7
       12815000	      1280	00000000	00000013	addi	x0,x0,0	  x0:0x00000000
       12825000	      1281	80001284	00000013	addi	x0,x0,0	  x0:0x00000000
       12835000	      1282	80001288	8fc4ad13	slti	x26,x9,-1796	  x9:0x3123aa1d x26=0x00000000
       12845000	      1283	8000128c	010f95b3	sll	x11,x31,x16	 x31:0x00000000 x16:0x00000160 x11=0x00000000
       12855000	      1284	80001290	0016cdb3	xor	x27,x13,x1	 x13:0x15621bf7  x1:0x22bb51e8 x27=0x37d94a1f
       12865000	      1285	80001294	00000013	addi	x0,x0,0	  x0:0x00000000
       12875000	      1286	80001298	01858263	beq	x11,x24,8000129c	 x11:0x00000000 x24:0x00000000
       12885000	      1287	00000000	00000013	addi	x0,x0,0	  x0:0x00000000
       12895000	      1288	80001298	00000013	addi	x0,x0,0	  x0:0x00000000
       12905000	      1289	8000129c	7ed9fc97	auipc	x25,0x7ed9f	 x25=0xfeda0298
       12915000	      1290	800012a0	4a4bf893	andi	x17,x23,1188	 x23:0x1b76b000 x17=0x00000000
       12925000	      1291	800012a4	0005a1b3	slt	x3,x11,x0	 x11:0x00000000  x0:0x00000000  x3=0x00000000
       12935000	      1292	800012a8	40440633	sub	x12,x8,x4	  x8:0x8d0f1000  x4:0x00000000 x12=0x8d0f1000
       12945000	      1293	800012ac	d3016737	lui	x14,0xd3016	 x14=0xd3016000
       12955000	      1294	800012b0	04047663	bgeu	x8,x0,800012fc	  x8:0x8d0f1000  x0:0x00000000
       12965000	      1295	00000000	00000013	addi	x0,x0,0	  x0:0x00000000
       12975000	      1296	800012f8	00000013	addi	x0,x0,0	  x0:0x00000000
       12985000	      1297	800012fc	05535863	bge	x6,x21,8000134c	  x6:0xd8dd0180 x21:0x80009f30
       12995000	      1298	00000000	00000013	addi	x0,x0,0	  x0:0x00000000
       13005000	      1299	80001348	00000013	addi	x0,x0,0	  x0:0x00000000
       13015000	      1300	8000134c	01cf9463	bne	x31,x28,80001354	 x31:0x00000000 x28:0x00000000
       13025000	      1301	80001350	00733e33	sltu	x28,x6,x7	  x6:0xd8dd0180  x7:0xfffffbf7 x28=0x00000001
       13035000	      1302	80001354	040a9463	bne	x21,x0,8000139c	 x21:0x80009f30  x0:0x00000000
       13045000	      1303	00000000	00000013	addi	x0,x0,0	  x0:0x00000000
       13055000	      1304	80001398	00000013	addi	x0,x0,0	  x0:0x00000000
       13065000	      1305	8000139c	475e8213	addi	x4,x29,1141	 x29:0x00000000  x4=0x00000475
       13075000	      1306	800013a0	15a4bd17	auipc	x26,0x15a4b	 x26=0x95a4c39c
       13085000	      1307	800013a4	00f06cb3	or	x25,x0,x15	  x0:0x00000000 x15:0x00000001 x25=0x00000001
       13095000	      1308	800013a8	006137b3	sltu	x15,x2,x6	  x2:0x80009fc4  x6:0xd8dd0180 x15=0x00000001
       13105000	      1309	800013ac	01c2d513	srli	x10,x5,0x1c	  x5:0xfffffff7 x10=0x0000000f
       13115000	      1310	800013b0	005076b3	and	x13,x0,x5	  x0:0x00000000  x5:0xfffffff7 x13=0x00000000
       13125000	      1311	800013b4	18ad7893	andi	x17,x26,394	 x26:0x95a4c39c x17=0x00000188
       13135000	      1312	800013b8	01aaab33	slt	x22,x21,x26	 x21:0x80009f30 x26:0x95a4c39c x22=0x00000001
       13145000	      1313	800013bc	018d08b3	add	x17,x26,x24	 x26:0x95a4c39c x24:0x00000000 x17=0x95a4c39c
       13155000	      1314	800013c0	f44d2613	slti	x12,x26,-188	 x26:0x95a4c39c x12=0x00000001
       13165000	      1315	800013c4	da453537	lui	x10,0xda453	 x10=0xda453000
       13175000	      1316	800013c8	40585233	sra	x4,x16,x5	 x16:0x00000160  x5:0xfffffff7  x4=0x00000000
       13185000	      1317	800013cc	b6e93313	sltiu	x6,x18,-1170	 x18:0x1b76b000  x6=0x00000001
       13195000	      1318	800013d0	019474b3	and	x9,x8,x25	  x8:0x8d0f1000 x25:0x00000001  x9=0x00000000
       13205000	      1319	800013d4	26028213	addi	x4,x5,608	  x5:0xfffffff7  x4=0x00000257
       13215000	      1320	800013d8	0313e263	bltu	x7,x17,800013fc	  x7:0xfffffbf7 x17:0x95a4c39c
       13225000	      1321	800013dc	00000013	addi	x0,x0,0	  x0:0x00000000
       13235000	      1322	800013e0	41b28633	sub	x12,x5,x27	  x5:0xfffffff7 x27:0x37d94a1f x12=0xc826b5d8
       13245000	      1323	800013e4	00b39493	slli	x9,x7,0xb	  x7:0xfffffbf7  x9=0xffdfb800
       13255000	      1324	800013e8	00cb1613	slli	x12,x22,0xc	 x22:0x00000001 x12=0x00001000
       13265000	      1325	800013ec	0532c263	blt	x5,x19,80001430	  x5:0xfffffff7 x19:0x0015621b
       13275000	      1326	00000000	00000013	addi	x0,x0,0	  x0:0x00000000
       13285000	      1327	8000142c	00000013	addi	x0,x0,0	  x0:0x00000000
       13295000	      1328	80001430	003abb33	sltu	x22,x21,x3	 x21:0x80009f30  x3:0x00000000 x22=0x00000000
       13305000	      1329	80001434	0130af33	slt	x30,x1,x19	  x1:0x22bb51e8 x19:0x0015621b x30=0x00000000
       13315000	      1330	80001438	004c1513	slli	x10,x24,0x4	 x24:0x00000000 x10=0x00000000
       13325000	      1331	8000143c	9aca2393	slti	x7,x20,-1620	 x20:0x34d5924f  x7=0x00000000
       13335000	      1332	80001440	0071bbb3	sltu	x23,x3,x7	  x3:0x00000000  x7:0x00000000 x23=0x00000000
       13345000	      1333	80001444	01a63f33	sltu	x30,x12,x26	 x12:0x00001000 x26:0x95a4c39c x30=0x00000001
       13355000	      1334	80001448	6d49c637	lui	x12,0x6d49c	 x12=0x6d49c000
       13365000	      1335	8000144c	7feb3993	sltiu	x19,x22,2046	 x22:0x00000000 x19=0x00000001
       13375000	      1336	80001450	01a8e863	bltu	x17,x26,80001460	 x17:0x95a4c39c x26:0x95a4c39c
       13385000	      1337	80001454	7e3b0793	addi	x15,x22,2019	 x22:0x00000000 x15=0x000007e3
       13395000	      1338	80001458	01b72d33	slt	x26,x14,x27	 x14:0xd3016000 x27:0x37d94a1f x26=0x00000001
       13405000	      1339	8000145c	0024e633	or	x12,x9,x2	  x9:0xffdfb800  x2:0x80009fc4 x12=0xffdfbfc4
       13415000	      1340	80001460	16e2a293	slti	x5,x5,366	  x5:0xfffffff7  x5=0x00000001
       13425000	      1341	80001464	013efcb3	and	x25,x29,x19	 x29:0x00000000 x19:0x00000001 x25=0x00000000
       13435000	      1342	80001468	2fc34913	xori	x18,x6,764	  x6:0x00000001 x18=0x000002fd
       13445000	      1343	8000146c	87096d13	ori	x26,x18,-1936	 x18:0x000002fd x26=0xfffffafd
       13455000	      1344	80001470	00863833	sltu	x16,x12,x8	 x12:0xffdfbfc4  x8:0x8d0f1000 x16=0x00000000
       13465000	      1345	80001474	006a1493	slli	x9,x20,0x6	 x20:0x34d5924f  x9=0x356493c0
       13475000	      1346	80001478	0005c533	xor	x10,x11,x0	 x11:0x00000000  x0:0x00000000 x10=0x00000000
       13485000	      1347	8000147c	726abd37	lui	x26,0x726ab	 x26=0x726ab000
       13495000	      1348	80001480	04b4e463	bltu	x9,x11,800014c8	  x9:0x356493c0 x11:0x00000000
       13505000	      1349	80001484	015012b3	sll	x5,x0,x21	  x0:0x00000000 x21:0x80009f30  x5=0x00000000
       13515000	      1350	80001488	0019ae33	slt	x28,x19,x1	 x19:0x00000001  x1:0x22bb51e8 x28=0x00000001
       13525000	      1351	8000148c	006297b3	sll	x15,x5,x6	  x5:0x00000000  x6:0x00000001 x15=0x00000000
       13535000	      1352	80001490	9d427b13	andi	x22,x4,-1580	  x4:0x00000257 x22=0x00000054
       13545000	      1353	80001494	049ed663	bge	x29,x9,800014e0	 x29:0x00000000  x9:0x356493c0
       13555000	      1354	80001498	5b3ab593	sltiu	x11,x21,1459	 x21:0x80009f30 x11=0x00000000
       13565000	      1355	8000149c	41a75c93	srai	x25,x14,0x1a	 x14:0xd3016000 x25=0xfffffff4
       13575000	      1356	800014a0	01c13233	sltu	x4,x2,x28	  x2:0x80009fc4 x28:0x00000001  x4=0x00000000
       13585000	      1357	800014a4	41d48e33	sub	x28,x9,x29	  x9:0x356493c0 x29:0x00000000 x28=0x356493c0
       13595000	      1358	800014a8	5ad8a513	slti	x10,x17,1453	 x17:0x95a4c39c x10=0x00000001
       13605000	      1359	800014ac	73ed9b17	auipc	x22,0x73ed9	 x22=0xf3eda4a8
       13615000	      1360	800014b0	2c9ab837	lui	x16,0x2c9ab	 x16=0x2c9ab000
       13625000	      1361	800014b4	00000013	addi	x0,x0,0	  x0:0x00000000
       13635000	      1362	800014b8	021d5663	bge	x26,x1,800014e4	 x26:0x726ab000  x1:0x22bb51e8
       13645000	      1363	00000000	00000013	addi	x0,x0,0	  x0:0x00000000
       13655000	      1364	800014e0	00000013	addi	x0,x0,0	  x0:0x00000000
       13665000	      1365	800014e4	87f0cd13	xori	x26,x1,-1921	  x1:0x22bb51e8 x26=0xdd44a997
       13675000	      1366	800014e8	00000013	addi	x0,x0,0	  x0:0x00000000
       13685000	      1367	800014ec	00b8f533	and	x10,x17,x11	 x17:0x95a4c39c x11:0x00000000 x10=0x00000000
       13695000	      1368	800014f0	00000013	addi	x0,x0,0	  x0:0x00000000
       13705000	      1369	800014f4	410b8633	sub	x12,x23,x16	 x23:0x00000000 x16:0x2c9ab000 x12=0xd3655000
       13715000	      1370	800014f8	01ebe1b3	or	x3,x23,x30	 x23:0x00000000 x30:0x00000001  x3=0x00000001
       13725000	      1371	800014fc	008675b3	and	x11,x12,x8	 x12:0xd3655000  x8:0x8d0f1000 x11=0x81051000
       13735000	      1372	80001500	01783bb3	sltu	x23,x16,x23	 x16:0x2c9ab000 x23:0x00000000 x23=0x00000000
       13745000	      1373	80001504	00000013	addi	x0,x0,0	  x0:0x00000000
       13755000	      1374	80001508	01367a33	and	x20,x12,x19	 x12:0xd3655000 x19:0x00000001 x20=0x00000000
       13765000	      1375	8000150c	01019a63	bne	x3,x16,80001520	  x3:0x00000001 x16:0x2c9ab000
       13775000	      1376	00000000	00000013	addi	x0,x0,0	  x0:0x00000000
       13785000	      1377	8000151c	00000013	addi	x0,x0,0	  x0:0x00000000
       13795000	      1378	80001520	002e4663	blt	x28,x2,8000152c	 x28:0x356493c0  x2:0x80009fc4
       13805000	      1379	80001524	047b1663	bne	x22,x7,80001570	 x22:0xf3eda4a8  x7:0x00000000
       13815000	      1380	00000000	00000013	addi	x0,x0,0	  x0:0x00000000
       13825000	      1381	8000156c	00000013	addi	x0,x0,0	  x0:0x00000000
       13835000	      1382	80001570	03be7263	bgeu	x28,x27,80001594	 x28:0x356493c0 x27:0x37d94a1f
       13845000	      1383	80001574	00c7e863	bltu	x15,x12,80001584	 x15:0x00000000 x12:0xd3655000
       13855000	      1384	00000000	00000013	addi	x0,x0,0	  x0:0x00000000
       13865000	      1385	80001580	00000013	addi	x0,x0,0	  x0:0x00000000
       13875000	      1386	80001584	0323fa63	bgeu	x7,x18,800015b8	  x7:0x00000000 x18:0x000002fd
       13885000	      1387	80001588	00588a63	beq	x17,x5,8000159c	 x17:0x95a4c39c  x5:0x00000000
       13895000	      1388	8000158c	01b92833	slt	x16,x18,x27	 x18:0x000002fd x27:0x37d94a1f x16=0x00000001
       13905000	      1389	80001590	01501593	slli	x11,x0,0x15	  x0:0x00000000 x11=0x00000000
       13915000	      1390	80001594	44306393	ori	x7,x0,1091	  x0:0x00000000  x7=0x00000443
       13925000	      1391	80001598	01eafa63	bgeu	x21,x30,800015ac	 x21:0x80009f30 x30:0x00000001
       13935000	      1392	00000000	00000013	addi	x0,x0,0	  x0:0x00000000
       13945000	      1393	800015a8	00000013	addi	x0,x0,0	  x0:0x00000000
       13955000	      1394	800015ac	e28e8d93	addi	x27,x29,-472	 x29:0x00000000 x27=0xfffffe28
       13965000	      1395	800015b0	a4688c13	addi	x24,x17,-1466	 x17:0x95a4c39c x24=0x95a4bde2
       13975000	      1396	800015b4	21396093	ori	x1,x18,531	 x18:0x000002fd  x1=0x000002ff
       13985000	      1397	800015b8	41b9dd93	srai	x27,x19,0x1b	 x19:0x00000001 x27=0x00000000
       13995000	      1398	800015bc	0108fb33	and	x22,x17,x16	 x17:0x95a4c39c x16:0x00000001 x22=0x00000000
       14005000	      1399	800015c0	05496063	bltu	x18,x20,80001600	 x18:0x000002fd x20:0x00000000
       14015000	      1400	800015c4	05dfc663	blt	x31,x29,80001610	 x31:0x00000000 x29:0x00000000
       14025000	      1401	800015c8	0110c2b3	xor	x5,x1,x17	  x1:0x000002ff x17:0x95a4c39c  x5=0x95a4c163
       14035000	      1402	800015cc	403681b3	sub	x3,x13,x3	 x13:0x00000000  x3:0x00000001  x3=0xffffffff
       14045000	      1403	800015d0	a564ea13	ori	x20,x9,-1450	  x9:0x356493c0 x20=0xfffffbd6
       14055000	      1404	800015d4	01519863	bne	x3,x21,800015e4	  x3:0xffffffff x21:0x80009f30
       14065000	      1405	00000000	00000013	addi	x0,x0,0	  x0:0x00000000
       14075000	      1406	800015e0	00000013	addi	x0,x0,0	  x0:0x00000000
       14085000	      1407	800015e4	015bf663	bgeu	x23,x21,800015f0	 x23:0x00000000 x21:0x80009f30
       14095000	      1408	800015e8	cbca0313	addi	x6,x20,-836	 x20:0xfffffbd6  x6=0xfffff892
       14105000	      1409	800015ec	046bf463	bgeu	x23,x6,80001634	 x23:0x00000000  x6:0xfffff892
       14115000	      1410	800015f0	01aca233	slt	x4,x25,x26	 x25:0xfffffff4 x26:0xdd44a997  x4=0x00000000
       14125000	      1411	800015f4	5a84f793	andi	x15,x9,1448	  x9:0x356493c0 x15=0x00000180
       14135000	      1412	800015f8	02f2dc63	bge	x5,x15,80001630	  x5:0x95a4c163 x15:0x00000180
       14145000	      1413	800015fc	2ddfd297	auipc	x5,0x2ddfd	  x5=0xaddfe5f8
       14155000	      1414	80001600	00e9a9b3	slt	x19,x19,x14	 x19:0x00000001 x14:0xd3016000 x19=0x00000000
       14165000	      1415	80001604	01d0e663	bltu	x1,x29,80001610	  x1:0x000002ff x29:0x00000000
       14175000	      1416	80001608	713da713	slti	x14,x27,1811	 x27:0x00000000 x14=0x00000001
       14185000	      1417	8000160c	41dcda33	sra	x20,x25,x29	 x25:0xfffffff4 x29:0x00000000 x20=0xfffffff4
       14195000	      1418	80001610	41b88b33	sub	x22,x17,x27	 x17:0x95a4c39c x27:0x00000000 x22=0x95a4c39c
       14205000	      1419	80001614	415edc93	srai	x25,x29,0x15	 x29:0x00000000 x25=0x00000000
       14215000	      1420	80001618	02a5e263	bltu	x11,x10,8000163c	 x11:0x00000000 x10:0x00000000
       14225000	      1421	8000161c	00b11f33	sll	x30,x2,x11	  x2:0x80009fc4 x11:0x00000000 x30=0x80009fc4
       14235000	      1422	80001620	0009f463	bgeu	x19,x0,80001628	 x19:0x00000000  x0:0x00000000
       14245000	      1423	00000000	00000013	addi	x0,x0,0	  x0:0x00000000
       14255000	      1424	80001624	00000013	addi	x0,x0,0	  x0:0x00000000
       14265000	      1425	80001628	0d62bf37	lui	x30,0xd62b	 x30=0x0d62b000
       14275000	      1426	8000162c	009ddd93	srli	x27,x27,0x9	 x27:0x00000000 x27=0x00000000
       14285000	      1427	80001630	e5ef8613	addi	x12,x31,-418	 x31:0x00000000 x12=0xfffffe5e
       14295000	      1428	80001634	13e0bb93	sltiu	x23,x1,318	  x1:0x000002ff x23=0x00000000
       14305000	      1429	80001638	00261663	bne	x12,x2,80001644	 x12:0xfffffe5e  x2:0x80009fc4
       14315000	      1430	00000000	00000013	addi	x0,x0,0	  x0:0x00000000
       14325000	      1431	80001640	00000013	addi	x0,x0,0	  x0:0x00000000
       14335000	      1432	80001644	04b21463	bne	x4,x11,8000168c	  x4:0x00000000 x11:0x00000000
       14345000	      1433	80001648	74b5f693	andi	x13,x11,1867	 x11:0x00000000 x13=0x00000000
       14355000	      1434	8000164c	050e0263	beq	x28,x16,80001690	 x28:0x356493c0 x16:0x00000001
       14365000	      1435	80001650	0598f493	andi	x9,x17,89	 x17:0x95a4c39c  x9=0x00000018
       14375000	      1436	80001654	fff11637	lui	x12,0xfff11	 x12=0xfff11000
       14385000	      1437	80001658	009f7bb3	and	x23,x30,x9	 x30:0x0d62b000  x9:0x00000018 x23=0x00000000
       14395000	      1438	8000165c	3be7bf13	sltiu	x30,x15,958	 x15:0x00000180 x30=0x00000001
       14405000	      1439	80001660	01e522b3	slt	x5,x10,x30	 x10:0x00000000 x30:0x00000001  x5=0x00000001
       14415000	      1440	80001664	416d07b3	sub	x15,x26,x22	 x26:0xdd44a997 x22:0x95a4c39c x15=0x479fe5fb
       14425000	      1441	80001668	01190a63	beq	x18,x17,8000167c	 x18:0x000002fd x17:0x95a4c39c
       14435000	      1442	8000166c	65ec7b13	andi	x22,x24,1630	 x24:0x95a4bde2 x22=0x00000442
       14445000	      1443	80001670	e6286e97	auipc	x29,0xe6286	 x29=0x6628766c
       14455000	      1444	80001674	409ad013	srai	x0,x21,0x9	 x21:0x80009f30
       14465000	      1445	80001678	01c971b3	and	x3,x18,x28	 x18:0x000002fd x28:0x356493c0  x3=0x000002c0
       14475000	      1446	8000167c	004ddcb3	srl	x25,x27,x4	 x27:0x00000000  x4:0x00000000 x25=0x00000000
       14485000	      1447	80001680	01f7de33	srl	x28,x15,x31	 x15:0x479fe5fb x31:0x00000000 x28=0x479fe5fb
       14495000	      1448	80001684	000fd2b3	srl	x5,x31,x0	 x31:0x00000000  x0:0x00000000  x5=0x00000000
       14505000	      1449	80001688	0199ff33	and	x30,x19,x25	 x19:0x00000000 x25:0x00000000 x30=0x00000000
       14515000	      1450	8000168c	00158c33	add	x24,x11,x1	 x11:0x00000000  x1:0x000002ff x24=0x000002ff
       14525000	      1451	80001690	488c2593	slti	x11,x24,1160	 x24:0x000002ff x11=0x00000001
       14535000	      1452	80001694	62cef213	andi	x4,x29,1580	 x29:0x6628766c  x4=0x0000062c
       14545000	      1453	80001698	36992f13	slti	x30,x18,873	 x18:0x000002fd x30=0x00000001
       14555000	      1454	8000169c	fc212613	slti	x12,x2,-62	  x2:0x80009fc4 x12=0x00000001
       14565000	      1455	800016a0	40b95cb3	sra	x25,x18,x11	 x18:0x000002fd x11:0x00000001 x25=0x0000017e
       14575000	      1456	800016a4	018444b3	xor	x9,x8,x24	  x8:0x8d0f1000 x24:0x000002ff  x9=0x8d0f12ff
       14585000	      1457	800016a8	04c16663	bltu	x2,x12,800016f4	  x2:0x80009fc4 x12:0x00000001
       14595000	      1458	800016ac	01ab4663	blt	x22,x26,800016b8	 x22:0x00000442 x26:0xdd44a997
       14605000	      1459	800016b0	012bb3b3	sltu	x7,x23,x18	 x23:0x00000000 x18:0x000002fd  x7=0x00000001
       14615000	      1460	800016b4	02280263	beq	x16,x2,800016d8	 x16:0x00000001  x2:0x80009fc4
       14625000	      1461	800016b8	02df7663	bgeu	x30,x13,800016e4	 x30:0x00000001 x13:0x00000000
       14635000	      1462	00000000	00000013	addi	x0,x0,0	  x0:0x00000000
       14645000	      1463	800016e0	00000013	addi	x0,x0,0	  x0:0x00000000
       14655000	      1464	800016e4	41c950b3	sra	x1,x18,x28	 x18:0x000002fd x28:0x479fe5fb  x1=0x00000000
       14665000	      1465	800016e8	c465b613	sltiu	x12,x11,-954	 x11:0x00000001 x12=0x00000001
       14675000	      1466	800016ec	001a5393	srli	x7,x20,0x1	 x20:0xfffffff4  x7=0x7ffffffa
       14685000	      1467	800016f0	05527863	bgeu	x4,x21,80001740	  x4:0x0000062c x21:0x80009f30
       14695000	      1468	800016f4	008b5333	srl	x6,x22,x8	 x22:0x00000442  x8:0x8d0f1000  x6=0x00000442
       14705000	      1469	800016f8	00846a33	or	x20,x8,x8	  x8:0x8d0f1000  x8:0x8d0f1000 x20=0x8d0f1000
       14715000	      1470	800016fc	eca24893	xori	x17,x4,-310	  x4:0x0000062c x17=0xfffff8e6
       14725000	      1471	80001700	01f1f5b3	and	x11,x3,x31	  x3:0x000002c0 x31:0x00000000 x11=0x00000000
       14735000	      1472	80001704	01d455b3	srl	x11,x8,x29	  x8:0x8d0f1000 x29:0x6628766c x11=0x0008d0f1
       14745000	      1473	80001708	843f2313	slti	x6,x30,-1981	 x30:0x00000001  x6=0x00000000
       14755000	      1474	8000170c	00e9e333	or	x6,x19,x14	 x19:0x00000000 x14:0x00000001  x6=0x00000001
       14765000	      1475	80001710	012208b3	add	x17,x4,x18	  x4:0x0000062c x18:0x000002fd x17=0x00000929
       14775000	      1476	80001714	00000013	addi	x0,x0,0	  x0:0x00000000
       14785000	      1477	80001718	043dc463	blt	x27,x3,80001760	 x27:0x00000000  x3:0x000002c0
       14795000	      1478	00000000	00000013	addi	x0,x0,0	  x0:0x00000000
       14805000	      1479	8000175c	00000013	addi	x0,x0,0	  x0:0x00000000
       14815000	      1480	80001760	01475593	srli	x11,x14,0x14	 x14:0x00000001 x11=0x00000000
       14825000	      1481	80001764	01366eb3	or	x29,x12,x19	 x12:0x00000001 x19:0x00000000 x29=0x00000001
       14835000	      1482	80001768	03438c63	beq	x7,x20,800017a0	  x7:0x7ffffffa x20:0x8d0f1000
       14845000	      1483	8000176c	03141663	bne	x8,x17,80001798	  x8:0x8d0f1000 x17:0x00000929
       14855000	      1484	00000000	00000013	addi	x0,x0,0	  x0:0x00000000
       14865000	      1485	80001794	00000013	addi	x0,x0,0	  x0:0x00000000
       14875000	      1486	80001798	01159733	sll	x14,x11,x17	 x11:0x00000000 x17:0x00000929 x14=0x00000000
       14885000	      1487	8000179c	0043e663	bltu	x7,x4,800017a8	  x7:0x7ffffffa  x4:0x0000062c
       14895000	      1488	800017a0	00efb9b3	sltu	x19,x31,x14	 x31:0x00000000 x14:0x00000000 x19=0x00000000
       14905000	      1489	800017a4	4039cd97	auipc	x27,0x4039c	 x27=0xc039d7a0
       14915000	      1490	800017a8	d1c23737	lui	x14,0xd1c23	 x14=0xd1c23000
       14925000	      1491	800017ac	0b448463	beq	x9,x20,80001854	  x9:0x8d0f12ff x20:0x8d0f1000
       14935000	      1492	800017b0	08e65263	bge	x12,x14,80001834	 x12:0x00000001 x14:0xd1c23000
       14945000	      1493	00000000	00000013	addi	x0,x0,0	  x0:0x00000000
       14955000	      1494	80001830	00000013	addi	x0,x0,0	  x0:0x00000000
       14965000	      1495	80001834	0105d033	srl	x0,x11,x16	 x11:0x00000000 x16:0x00000001
       14975000	      1496	80001838	a22d1237	lui	x4,0xa22d1	  x4=0xa22d1000
       14985000	      1497	8000183c	05147463	bgeu	x8,x17,80001884	  x8:0x8d0f1000 x17:0x00000929
       14995000	      1498	00000000	00000013	addi	x0,x0,0	  x0:0x00000000
       15005000	      1499	80001880	00000013	addi	x0,x0,0	  x0:0x00000000
       15015000	      1500	80001884	03ff7463	bgeu	x30,x31,800018ac	 x30:0x00000001 x31:0x00000000
       15025000	      1501	00000000	00000013	addi	x0,x0,0	  x0:0x00000000
       15035000	      1502	800018a8	00000013	addi	x0,x0,0	  x0:0x00000000
       15045000	      1503	800018ac	6b2af913	andi	x18,x21,1714	 x21:0x80009f30 x18=0x00000630
       15055000	      1504	800018b0	001a39b3	sltu	x19,x20,x1	 x20:0x8d0f1000  x1:0x00000000 x19=0x00000000
       15065000	      1505	800018b4	00b65c33	srl	x24,x12,x11	 x12:0x00000001 x11:0x00000000 x24=0x00000001
       15075000	      1506	800018b8	40388413	addi	x8,x17,1027	 x17:0x00000929  x8=0x00000d2c
       15085000	      1507	800018bc	03189263	bne	x17,x17,800018e0	 x17:0x00000929 x17:0x00000929
       15095000	      1508	800018c0	019ae233	or	x4,x21,x25	 x21:0x80009f30 x25:0x0000017e  x4=0x80009f7e
       15105000	      1509	800018c4	28efd697	auipc	x13,0x28efd	 x13=0xa8efe8c0
       15115000	      1510	800018c8	019488b3	add	x17,x9,x25	  x9:0x8d0f12ff x25:0x0000017e x17=0x8d0f147d
       15125000	      1511	800018cc	41be82b3	sub	x5,x29,x27	 x29:0x00000001 x27:0xc039d7a0  x5=0x3fc62861
       15135000	      1512	800018d0	00f95e33	srl	x28,x18,x15	 x18:0x00000630 x15:0x479fe5fb x28=0x00000000
       15145000	      1513	800018d4	40015f33	sra	x30,x2,x0	  x2:0x80009fc4  x0:0x00000000 x30=0x80009fc4
       15155000	      1514	800018d8	00fe8a33	add	x20,x29,x15	 x29:0x00000001 x15:0x479fe5fb x20=0x479fe5fc
       15165000	      1515	800018dc	00c86bb3	or	x23,x16,x12	 x16:0x00000001 x12:0x00000001 x23=0x00000001
       15175000	      1516	800018e0	00000013	addi	x0,x0,0	  x0:0x00000000
       15185000	      1517	800018e4	00000013	addi	x0,x0,0	  x0:0x00000000
       15195000	      1518	800018e8	009cfa63	bgeu	x25,x9,800018fc	 x25:0x0000017e  x9:0x8d0f12ff
       15205000	      1519	800018ec	001b6833	or	x16,x22,x1	 x22:0x00000442  x1:0x00000000 x16=0x00000442
       15215000	      1520	800018f0	e094b937	lui	x18,0xe094b	 x18=0xe094b000
       15225000	      1521	800018f4	5975ed93	ori	x27,x11,1431	 x11:0x00000000 x27=0x00000597
       15235000	      1522	800018f8	0051c533	xor	x10,x3,x5	  x3:0x000002c0  x5:0x3fc62861 x10=0x3fc62aa1
       15245000	      1523	800018fc	00620a33	add	x20,x4,x6	  x4:0x80009f7e  x6:0x00000001 x20=0x80009f7f
       15255000	      1524	80001900	004aa303	lw	x6,4(x21)	 x21:0x80009f30  x6=0x8000195c PA:0x80009f34
       15265000	      1525	80001904	020a8a93	addi	x21,x21,32	 x21:0x80009f30 x21=0x80009f50
       15275000	      1526	80001908	6a013193	sltiu	x3,x2,1696	  x2:0x80009fc4  x3=0x00000000
       15285000	      1527	8000190c	00bf5033	srl	x0,x30,x11	 x30:0x80009fc4 x11:0x00000000
       15295000	      1528	80001910	00766d33	or	x26,x12,x7	 x12:0x00000001  x7:0x7ffffffa x26=0x7ffffffb
       15305000	      1529	80001914	00030293	addi	x5,x6,0	  x6:0x8000195c  x5=0x8000195c
       15315000	      1530	80001918	000282e7	jalr	x5,x5,0	  x5:0x8000195c  x5=0x80001918
       15325000	      1531	00000000	00000013	addi	x0,x0,0	  x0:0x00000000
       15335000	      1532	8000195c	00000013	addi	x0,x0,0	  x0:0x00000000
       15345000	      1533	80001960	0092de93	srli	x29,x5,0x9	  x5:0x80001918 x29=0x0040000c
       15355000	      1534	80001964	00000013	addi	x0,x0,0	  x0:0x00000000
       15365000	      1535	80001968	00000013	addi	x0,x0,0	  x0:0x00000000
       15375000	      1536	8000196c	00000013	addi	x0,x0,0	  x0:0x00000000
       15385000	      1537	80001970	b277fa13	andi	x20,x15,-1241	 x15:0x479fe5fb x20=0x479fe123
       15395000	      1538	80001974	4f80036f	jal	x6,80001974	  x6=0x80001974
       15405000	      1539	00000000	00000013	addi	x0,x0,0	  x0:0x00000000
       15415000	      1540	80001e68	00000013	addi	x0,x0,0	  x0:0x00000000
       15425000	      1541	80001e6c	00967463	bgeu	x12,x9,80001e74	 x12:0x00000001  x9:0x8d0f12ff
       15435000	      1542	80001e70	01fdc4b3	xor	x9,x27,x31	 x27:0x00000597 x31:0x00000000  x9=0x00000597
       15445000	      1543	80001e74	fdca8a93	addi	x21,x21,-36	 x21:0x80009f50 x21=0x80009f2c
       15455000	      1544	80001e78	01ba0c33	add	x24,x20,x27	 x20:0x479fe123 x27:0x00000597 x24=0x479fe6ba
       15465000	      1545	80001e7c	006aa223	sw	x6,4(x21)	 x21:0x80009f2c  x6:0x80001974 PA:0x80009f30
       15475000	      1546	80001e80	005e7933	and	x18,x28,x5	 x28:0x00000000  x5:0x80001918 x18=0x00000000
       15485000	      1547	80001e84	017e9eb3	sll	x29,x29,x23	 x29:0x0040000c x23:0x00000001 x29=0x00800018
       15495000	      1548	80001e88	0b7cfc17	auipc	x24,0xb7cf	 x24=0x8b7d0e84
       15505000	      1549	80001e8c	005a0233	add	x4,x20,x5	 x20:0x479fe123  x5:0x80001918  x4=0xc79ffa3b
       15515000	      1550	80001e90	00a00713	addi	x14,x0,10	  x0:0x00000000 x14=0x0000000a
       15525000	      1551	80001e94	01e5d993	srli	x19,x11,0x1e	 x11:0x00000000 x19=0x00000000
       15535000	      1552	80001e98	01835193	srli	x3,x6,0x18	  x6:0x80001974  x3=0x00000080
       15545000	      1553	80001e9c	005058b3	srl	x17,x0,x5	  x0:0x00000000  x5:0x80001918 x17=0x00000000
       15555000	      1554	80001ea0	00a00393	addi	x7,x0,10	  x0:0x00000000  x7=0x0000000a
       15565000	      1555	80001ea4	416558b3	sra	x17,x10,x22	 x10:0x3fc62aa1 x22:0x00000442 x17=0x0ff18aa8
       15575000	      1556	80001ea8	65e4a993	slti	x19,x9,1630	  x9:0x00000597 x19=0x00000001
       15585000	      1557	80001eac	00ad1033	sll	x0,x26,x10	 x26:0x7ffffffb x10:0x3fc62aa1
       15595000	      1558	80001eb0	ff870713	addi	x14,x14,-8	 x14:0x0000000a x14=0x00000002
       15605000	      1559	80001eb4	01b9edb3	or	x27,x19,x27	 x19:0x00000001 x27:0x00000597 x27=0x00000597
       15615000	      1560	80001eb8	ff600e13	addi	x28,x0,-10	  x0:0x00000000 x28=0xfffffff6
       15625000	      1561	80001ebc	4e89f913	andi	x18,x19,1256	 x19:0x00000001 x18=0x00000000
       15635000	      1562	80001ec0	fee00b13	addi	x22,x0,-18	  x0:0x00000000 x22=0xffffffee
       15645000	      1563	80001ec4	00673bb3	sltu	x23,x14,x6	 x14:0x00000002  x6:0x80001974 x23=0x00000001
       15655000	      1564	80001ec8	e774cd13	xori	x26,x9,-393	  x9:0x00000597 x26=0xfffffbe0
       15665000	      1565	80001ecc	00a53cb3	sltu	x25,x10,x10	 x10:0x3fc62aa1 x10:0x3fc62aa1 x25=0x00000000
       15675000	      1566	80001ed0	fffe0e13	addi	x28,x28,-1	 x28:0xfffffff6 x28=0xfffffff5
       15685000	      1567	80001ed4	41325293	srai	x5,x4,0x13	  x4:0xc79ffa3b  x5=0xfffff8f3
       15695000	      1568	80001ed8	ff6e58e3	bge	x28,x22,80001ec8	 x28:0xfffffff5 x22:0xffffffee
       15705000	      1569	00000000	00000013	addi	x0,x0,0	  x0:0x00000000
       15715000	      1570	80001ec4	00000013	addi	x0,x0,0	  x0:0x00000000
       15725000	      1571	80001ec8	e774cd13	xori	x26,x9,-393	  x9:0x00000597 x26=0xfffffbe0
       15735000	      1572	80001ecc	00a53cb3	sltu	x25,x10,x10	 x10:0x3fc62aa1 x10:0x3fc62aa1 x25=0x00000000
       15745000	      1573	80001ed0	fffe0e13	addi	x28,x28,-1	 x28:0xfffffff5 x28=0xfffffff4
       15755000	      1574	80001ed4	41325293	srai	x5,x4,0x13	  x4:0xc79ffa3b  x5=0xfffff8f3
       15765000	      1575	80001ed8	ff6e58e3	bge	x28,x22,80001ec8	 x28:0xfffffff4 x22:0xffffffee
       15775000	      1576	00000000	00000013	addi	x0,x0,0	  x0:0x00000000
       15785000	      1577	80001ec4	00000013	addi	x0,x0,0	  x0:0x00000000
       15795000	      1578	80001ec8	e774cd13	xori	x26,x9,-393	  x9:0x00000597 x26=0xfffffbe0
       15805000	      1579	80001ecc	00a53cb3	sltu	x25,x10,x10	 x10:0x3fc62aa1 x10:0x3fc62aa1 x25=0x00000000
       15815000	      1580	80001ed0	fffe0e13	addi	x28,x28,-1	 x28:0xfffffff4 x28=0xfffffff3
       15825000	      1581	80001ed4	41325293	srai	x5,x4,0x13	  x4:0xc79ffa3b  x5=0xfffff8f3
       15835000	      1582	80001ed8	ff6e58e3	bge	x28,x22,80001ec8	 x28:0xfffffff3 x22:0xffffffee
       15845000	      1583	00000000	00000013	addi	x0,x0,0	  x0:0x00000000
       15855000	      1584	80001ec4	00000013	addi	x0,x0,0	  x0:0x00000000
       15865000	      1585	80001ec8	e774cd13	xori	x26,x9,-393	  x9:0x00000597 x26=0xfffffbe0
       15875000	      1586	80001ecc	00a53cb3	sltu	x25,x10,x10	 x10:0x3fc62aa1 x10:0x3fc62aa1 x25=0x00000000
       15885000	      1587	80001ed0	fffe0e13	addi	x28,x28,-1	 x28:0xfffffff3 x28=0xfffffff2
       15895000	      1588	80001ed4	41325293	srai	x5,x4,0x13	  x4:0xc79ffa3b  x5=0xfffff8f3
       15905000	      1589	80001ed8	ff6e58e3	bge	x28,x22,80001ec8	 x28:0xfffffff2 x22:0xffffffee
       15915000	      1590	00000000	00000013	addi	x0,x0,0	  x0:0x00000000
       15925000	      1591	80001ec4	00000013	addi	x0,x0,0	  x0:0x00000000
       15935000	      1592	80001ec8	e774cd13	xori	x26,x9,-393	  x9:0x00000597 x26=0xfffffbe0
       15945000	      1593	80001ecc	00a53cb3	sltu	x25,x10,x10	 x10:0x3fc62aa1 x10:0x3fc62aa1 x25=0x00000000
       15955000	      1594	80001ed0	fffe0e13	addi	x28,x28,-1	 x28:0xfffffff2 x28=0xfffffff1
       15965000	      1595	80001ed4	41325293	srai	x5,x4,0x13	  x4:0xc79ffa3b  x5=0xfffff8f3
       15975000	      1596	80001ed8	ff6e58e3	bge	x28,x22,80001ec8	 x28:0xfffffff1 x22:0xffffffee
       15985000	      1597	00000000	00000013	addi	x0,x0,0	  x0:0x00000000
       15995000	      1598	80001ec4	00000013	addi	x0,x0,0	  x0:0x00000000
       16005000	      1599	80001ec8	e774cd13	xori	x26,x9,-393	  x9:0x00000597 x26=0xfffffbe0
       16015000	      1600	80001ecc	00a53cb3	sltu	x25,x10,x10	 x10:0x3fc62aa1 x10:0x3fc62aa1 x25=0x00000000
       16025000	      1601	80001ed0	fffe0e13	addi	x28,x28,-1	 x28:0xfffffff1 x28=0xfffffff0
       16035000	      1602	80001ed4	41325293	srai	x5,x4,0x13	  x4:0xc79ffa3b  x5=0xfffff8f3
       16045000	      1603	80001ed8	ff6e58e3	bge	x28,x22,80001ec8	 x28:0xfffffff0 x22:0xffffffee
       16055000	      1604	00000000	00000013	addi	x0,x0,0	  x0:0x00000000
       16065000	      1605	80001ec4	00000013	addi	x0,x0,0	  x0:0x00000000
       16075000	      1606	80001ec8	e774cd13	xori	x26,x9,-393	  x9:0x00000597 x26=0xfffffbe0
       16085000	      1607	80001ecc	00a53cb3	sltu	x25,x10,x10	 x10:0x3fc62aa1 x10:0x3fc62aa1 x25=0x00000000
       16095000	      1608	80001ed0	fffe0e13	addi	x28,x28,-1	 x28:0xfffffff0 x28=0xffffffef
       16105000	      1609	80001ed4	41325293	srai	x5,x4,0x13	  x4:0xc79ffa3b  x5=0xfffff8f3
       16115000	      1610	80001ed8	ff6e58e3	bge	x28,x22,80001ec8	 x28:0xffffffef x22:0xffffffee
       16125000	      1611	00000000	00000013	addi	x0,x0,0	  x0:0x00000000
       16135000	      1612	80001ec4	00000013	addi	x0,x0,0	  x0:0x00000000
       16145000	      1613	80001ec8	e774cd13	xori	x26,x9,-393	  x9:0x00000597 x26=0xfffffbe0
       16155000	      1614	80001ecc	00a53cb3	sltu	x25,x10,x10	 x10:0x3fc62aa1 x10:0x3fc62aa1 x25=0x00000000
       16165000	      1615	80001ed0	fffe0e13	addi	x28,x28,-1	 x28:0xffffffef x28=0xffffffee
       16175000	      1616	80001ed4	41325293	srai	x5,x4,0x13	  x4:0xc79ffa3b  x5=0xfffff8f3
       16185000	      1617	80001ed8	ff6e58e3	bge	x28,x22,80001ec8	 x28:0xffffffee x22:0xffffffee
       16195000	      1618	00000000	00000013	addi	x0,x0,0	  x0:0x00000000
       16205000	      1619	80001ec4	00000013	addi	x0,x0,0	  x0:0x00000000
       16215000	      1620	80001ec8	e774cd13	xori	x26,x9,-393	  x9:0x00000597 x26=0xfffffbe0
       16225000	      1621	80001ecc	00a53cb3	sltu	x25,x10,x10	 x10:0x3fc62aa1 x10:0x3fc62aa1 x25=0x00000000
       16235000	      1622	80001ed0	fffe0e13	addi	x28,x28,-1	 x28:0xffffffee x28=0xffffffed
       16245000	      1623	80001ed4	41325293	srai	x5,x4,0x13	  x4:0xc79ffa3b  x5=0xfffff8f3
       16255000	      1624	80001ed8	ff6e58e3	bge	x28,x22,80001ec8	 x28:0xffffffed x22:0xffffffee
       16265000	      1625	80001edc	01e417b3	sll	x15,x8,x30	  x8:0x00000d2c x30:0x80009fc4 x15=0x0000d2c0
       16275000	      1626	80001ee0	7db64d17	auipc	x26,0x7db64	 x26=0xfdb65edc
       16285000	      1627	80001ee4	00d9d8b3	srl	x17,x19,x13	 x19:0x00000001 x13:0xa8efe8c0 x17=0x00000001
       16295000	      1628	80001ee8	00000013	addi	x0,x0,0	  x0:0x00000000
       16305000	      1629	80001eec	fa777ee3	bgeu	x14,x7,80001ea8	 x14:0x00000002  x7:0x0000000a
       16315000	      1630	80001ef0	7f4e2913	slti	x18,x28,2036	 x28:0xffffffed x18=0x00000001
       16325000	      1631	80001ef4	00a00413	addi	x8,x0,10	  x0:0x00000000  x8=0x0000000a
       16335000	      1632	80001ef8	41bed613	srai	x12,x29,0x1b	 x29:0x00800018 x12=0x00000000
       16345000	      1633	80001efc	40f8d6b3	sra	x13,x17,x15	 x17:0x00000001 x15:0x0000d2c0 x13=0x00000001
       16355000	      1634	80001f00	41978d33	sub	x26,x15,x25	 x15:0x0000d2c0 x25:0x00000000 x26=0x0000d2c0
       16365000	      1635	80001f04	e6c93013	sltiu	x0,x18,-404	 x18:0x00000001
       16375000	      1636	80001f08	00abdd13	srli	x26,x23,0xa	 x23:0x00000001 x26=0x00000000
       16385000	      1637	80001f0c	007bd913	srli	x18,x23,0x7	 x23:0x00000001 x18=0x00000000
       16395000	      1638	80001f10	0093d993	srli	x19,x7,0x9	  x7:0x0000000a x19=0x00000000
       16405000	      1639	80001f14	00e00393	addi	x7,x0,14	  x0:0x00000000  x7=0x0000000e
       16415000	      1640	80001f18	00dc3933	sltu	x18,x24,x13	 x24:0x8b7d0e84 x13:0x00000001 x18=0x00000000
       16425000	      1641	80001f1c	6949a497	auipc	x9,0x6949a	  x9=0xe949bf18
       16435000	      1642	80001f20	40f55e33	sra	x28,x10,x15	 x10:0x3fc62aa1 x15:0x0000d2c0 x28=0x3fc62aa1
       16445000	      1643	80001f24	baa6dbb7	lui	x23,0xbaa6d	 x23=0xbaa6d000
       16455000	      1644	80001f28	bda5f593	andi	x11,x11,-1062	 x11:0x00000000 x11=0x00000000
       16465000	      1645	80001f2c	00dbcb33	xor	x22,x23,x13	 x23:0xbaa6d000 x13:0x00000001 x22=0xbaa6d001
       16475000	      1646	80001f30	00840413	addi	x8,x8,8	  x8:0x0000000a  x8=0x00000012
       16485000	      1647	80001f34	fff00a13	addi	x20,x0,-1	  x0:0x00000000 x20=0xffffffff
       16495000	      1648	80001f38	2106bd93	sltiu	x27,x13,528	 x13:0x00000001 x27=0x00000001
       16505000	      1649	80001f3c	64124b93	xori	x23,x4,1601	  x4:0xc79ffa3b x23=0xc79ffc7a
       16515000	      1650	80001f40	ff900193	addi	x3,x0,-7	  x0:0x00000000  x3=0xfffffff9
       16525000	      1651	80001f44	418a0f33	sub	x30,x20,x24	 x20:0xffffffff x24:0x8b7d0e84 x30=0x7482f17b
       16535000	      1652	80001f48	01cf8833	add	x16,x31,x28	 x31:0x00000000 x28:0x3fc62aa1 x16=0x3fc62aa1
       16545000	      1653	80001f4c	35e0b013	sltiu	x0,x1,862	  x1:0x00000000
       16555000	      1654	80001f50	018aa733	slt	x14,x21,x24	 x21:0x80009f2c x24:0x8b7d0e84 x14=0x00000001
       16565000	      1655	80001f54	9ff4bd93	sltiu	x27,x9,-1537	  x9:0xe949bf18 x27=0x00000001
       16575000	      1656	80001f58	ffaa0a13	addi	x20,x20,-6	 x20:0xffffffff x20=0xfffffff9
       16585000	      1657	80001f5c	00160533	add	x10,x12,x1	 x12:0x00000000  x1:0x00000000 x10=0x00000000
       16595000	      1658	80001f60	fe3a06e3	beq	x20,x3,80001f4c	 x20:0xfffffff9  x3:0xfffffff9
       16605000	      1659	00000000	00000013	addi	x0,x0,0	  x0:0x00000000
       16615000	      1660	80001f48	00000013	addi	x0,x0,0	  x0:0x00000000
       16625000	      1661	80001f4c	35e0b013	sltiu	x0,x1,862	  x1:0x00000000
       16635000	      1662	80001f50	018aa733	slt	x14,x21,x24	 x21:0x80009f2c x24:0x8b7d0e84 x14=0x00000001
       16645000	      1663	80001f54	9ff4bd93	sltiu	x27,x9,-1537	  x9:0xe949bf18 x27=0x00000001
       16655000	      1664	80001f58	ffaa0a13	addi	x20,x20,-6	 x20:0xfffffff9 x20=0xfffffff3
       16665000	      1665	80001f5c	00160533	add	x10,x12,x1	 x12:0x00000000  x1:0x00000000 x10=0x00000000
       16675000	      1666	80001f60	fe3a06e3	beq	x20,x3,80001f4c	 x20:0xfffffff3  x3:0xfffffff9
       16685000	      1667	80001f64	1edd4c13	xori	x24,x26,493	 x26:0x00000000 x24=0x000001ed
       16695000	      1668	80001f68	00cdb2b3	sltu	x5,x27,x12	 x27:0x00000001 x12:0x00000000  x5=0x00000000
       16705000	      1669	80001f6c	fa744ce3	blt	x8,x7,80001f24	  x8:0x00000012  x7:0x0000000e
       16715000	      1670	80001f70	01825733	srl	x14,x4,x24	  x4:0xc79ffa3b x24:0x000001ed x14=0x00063cff
       16725000	      1671	80001f74	00700693	addi	x13,x0,7	  x0:0x00000000 x13=0x00000007
       16735000	      1672	80001f78	00f00413	addi	x8,x0,15	  x0:0x00000000  x8=0x0000000f
       16745000	      1673	80001f7c	01e40033	add	x0,x8,x30	  x8:0x0000000f x30:0x7482f17b
       16755000	      1674	80001f80	00468693	addi	x13,x13,4	 x13:0x00000007 x13=0x0000000b
       16765000	      1675	80001f84	00cd8eb3	add	x29,x27,x12	 x27:0x00000001 x12:0x00000000 x29=0x00000001
       16775000	      1676	80001f88	00600b13	addi	x22,x0,6	  x0:0x00000000 x22=0x00000006
       16785000	      1677	80001f8c	00bd5893	srli	x17,x26,0xb	 x26:0x00000000 x17=0x00000000
       16795000	      1678	80001f90	40485d33	sra	x26,x16,x4	 x16:0x3fc62aa1  x4:0xc79ffa3b x26=0x00000007
       16805000	      1679	80001f94	41c05813	srai	x16,x0,0x1c	  x0:0x00000000 x16=0x00000000
       16815000	      1680	80001f98	fff00593	addi	x11,x0,-1	  x0:0x00000000 x11=0xffffffff
       16825000	      1681	80001f9c	16a0c893	xori	x17,x1,362	  x1:0x00000000 x17=0x0000016a
       16835000	      1682	80001fa0	ff6b0b13	addi	x22,x22,-10	 x22:0x00000006 x22=0xfffffffc
       16845000	      1683	80001fa4	febb5ce3	bge	x22,x11,80001f9c	 x22:0xfffffffc x11:0xffffffff
       16855000	      1684	80001fa8	fc868ae3	beq	x13,x8,80001f7c	 x13:0x0000000b  x8:0x0000000f
       16865000	      1685	80001fac	009c5e93	srli	x29,x24,0x9	 x24:0x000001ed x29=0x00000000
       16875000	      1686	80001fb0	ffd00b93	addi	x23,x0,-3	  x0:0x00000000 x23=0xfffffffd
       16885000	      1687	80001fb4	007f2733	slt	x14,x30,x7	 x30:0x7482f17b  x7:0x0000000e x14=0x00000000
       16895000	      1688	80001fb8	fef00c13	addi	x24,x0,-17	  x0:0x00000000 x24=0xffffffef
       16905000	      1689	80001fbc	00bb6633	or	x12,x22,x11	 x22:0xfffffffc x11:0xffffffff x12=0xffffffff
       16915000	      1690	80001fc0	ffdb8b93	addi	x23,x23,-3	 x23:0xfffffffd x23=0xfffffffa
       16925000	      1691	80001fc4	005b5633	srl	x12,x22,x5	 x22:0xfffffffc  x5:0x00000000 x12=0xfffffffc
       16935000	      1692	80001fc8	ffb00213	addi	x4,x0,-5	  x0:0x00000000  x4=0xfffffffb
       16945000	      1693	80001fcc	00400393	addi	x7,x0,4	  x0:0x00000000  x7=0x00000004
       16955000	      1694	80001fd0	0057e7b3	or	x15,x15,x5	 x15:0x0000d2c0  x5:0x00000000 x15=0x0000d2c0
       16965000	      1695	80001fd4	77c97297	auipc	x5,0x77c97	  x5=0xf7c98fd0
       16975000	      1696	80001fd8	00220213	addi	x4,x4,2	  x4:0xfffffffb  x4=0xfffffffd
       16985000	      1697	80001fdc	d30fa413	slti	x8,x31,-720	 x31:0x00000000  x8=0x00000000
       16995000	      1698	80001fe0	fe724ae3	blt	x4,x7,80001fd4	  x4:0xfffffffd  x7:0x00000004
       17005000	      1699	00000000	00000013	addi	x0,x0,0	  x0:0x00000000
       17015000	      1700	80001fd0	00000013	addi	x0,x0,0	  x0:0x00000000
       17025000	      1701	80001fd4	77c97297	auipc	x5,0x77c97	  x5=0xf7c98fd0
       17035000	      1702	80001fd8	00220213	addi	x4,x4,2	  x4:0xfffffffd  x4=0xffffffff
       17045000	      1703	80001fdc	d30fa413	slti	x8,x31,-720	 x31:0x00000000  x8=0x00000000
       17055000	      1704	80001fe0	fe724ae3	blt	x4,x7,80001fd4	  x4:0xffffffff  x7:0x00000004
       17065000	      1705	00000000	00000013	addi	x0,x0,0	  x0:0x00000000
       17075000	      1706	80001fd0	00000013	addi	x0,x0,0	  x0:0x00000000
       17085000	      1707	80001fd4	77c97297	auipc	x5,0x77c97	  x5=0xf7c98fd0
       17095000	      1708	80001fd8	00220213	addi	x4,x4,2	  x4:0xffffffff  x4=0x00000001
       17105000	      1709	80001fdc	d30fa413	slti	x8,x31,-720	 x31:0x00000000  x8=0x00000000
       17115000	      1710	80001fe0	fe724ae3	blt	x4,x7,80001fd4	  x4:0x00000001  x7:0x00000004
       17125000	      1711	00000000	00000013	addi	x0,x0,0	  x0:0x00000000
       17135000	      1712	80001fd0	00000013	addi	x0,x0,0	  x0:0x00000000
       17145000	      1713	80001fd4	77c97297	auipc	x5,0x77c97	  x5=0xf7c98fd0
       17155000	      1714	80001fd8	00220213	addi	x4,x4,2	  x4:0x00000001  x4=0x00000003
       17165000	      1715	80001fdc	d30fa413	slti	x8,x31,-720	 x31:0x00000000  x8=0x00000000
       17175000	      1716	80001fe0	fe724ae3	blt	x4,x7,80001fd4	  x4:0x00000003  x7:0x00000004
       17185000	      1717	00000000	00000013	addi	x0,x0,0	  x0:0x00000000
       17195000	      1718	80001fd0	00000013	addi	x0,x0,0	  x0:0x00000000
       17205000	      1719	80001fd4	77c97297	auipc	x5,0x77c97	  x5=0xf7c98fd0
       17215000	      1720	80001fd8	00220213	addi	x4,x4,2	  x4:0x00000003  x4=0x00000005
       17225000	      1721	80001fdc	d30fa413	slti	x8,x31,-720	 x31:0x00000000  x8=0x00000000
       17235000	      1722	80001fe0	fe724ae3	blt	x4,x7,80001fd4	  x4:0x00000005  x7:0x00000004
       17245000	      1723	80001fe4	fd8bdce3	bge	x23,x24,80001fbc	 x23:0xfffffffa x24:0xffffffef
       17255000	      1724	00000000	00000013	addi	x0,x0,0	  x0:0x00000000
       17265000	      1725	80001fb8	00000013	addi	x0,x0,0	  x0:0x00000000
       17275000	      1726	80001fbc	00bb6633	or	x12,x22,x11	 x22:0xfffffffc x11:0xffffffff x12=0xffffffff
       17285000	      1727	80001fc0	ffdb8b93	addi	x23,x23,-3	 x23:0xfffffffa x23=0xfffffff7
       17295000	      1728	80001fc4	005b5633	srl	x12,x22,x5	 x22:0xfffffffc  x5:0xf7c98fd0 x12=0x0000ffff
       17305000	      1729	80001fc8	ffb00213	addi	x4,x0,-5	  x0:0x00000000  x4=0xfffffffb
       17315000	      1730	80001fcc	00400393	addi	x7,x0,4	  x0:0x00000000  x7=0x00000004
       17325000	      1731	80001fd0	0057e7b3	or	x15,x15,x5	 x15:0x0000d2c0  x5:0xf7c98fd0 x15=0xf7c9dfd0
       17335000	      1732	80001fd4	77c97297	auipc	x5,0x77c97	  x5=0xf7c98fd0
       17345000	      1733	80001fd8	00220213	addi	x4,x4,2	  x4:0xfffffffb  x4=0xfffffffd
       17355000	      1734	80001fdc	d30fa413	slti	x8,x31,-720	 x31:0x00000000  x8=0x00000000
       17365000	      1735	80001fe0	fe724ae3	blt	x4,x7,80001fd4	  x4:0xfffffffd  x7:0x00000004
       17375000	      1736	00000000	00000013	addi	x0,x0,0	  x0:0x00000000
       17385000	      1737	80001fd0	00000013	addi	x0,x0,0	  x0:0x00000000
       17395000	      1738	80001fd4	77c97297	auipc	x5,0x77c97	  x5=0xf7c98fd0
       17405000	      1739	80001fd8	00220213	addi	x4,x4,2	  x4:0xfffffffd  x4=0xffffffff
       17415000	      1740	80001fdc	d30fa413	slti	x8,x31,-720	 x31:0x00000000  x8=0x00000000
       17425000	      1741	80001fe0	fe724ae3	blt	x4,x7,80001fd4	  x4:0xffffffff  x7:0x00000004
       17435000	      1742	00000000	00000013	addi	x0,x0,0	  x0:0x00000000
       17445000	      1743	80001fd0	00000013	addi	x0,x0,0	  x0:0x00000000
       17455000	      1744	80001fd4	77c97297	auipc	x5,0x77c97	  x5=0xf7c98fd0
       17465000	      1745	80001fd8	00220213	addi	x4,x4,2	  x4:0xffffffff  x4=0x00000001
       17475000	      1746	80001fdc	d30fa413	slti	x8,x31,-720	 x31:0x00000000  x8=0x00000000
       17485000	      1747	80001fe0	fe724ae3	blt	x4,x7,80001fd4	  x4:0x00000001  x7:0x00000004
       17495000	      1748	00000000	00000013	addi	x0,x0,0	  x0:0x00000000
       17505000	      1749	80001fd0	00000013	addi	x0,x0,0	  x0:0x00000000
       17515000	      1750	80001fd4	77c97297	auipc	x5,0x77c97	  x5=0xf7c98fd0
       17525000	      1751	80001fd8	00220213	addi	x4,x4,2	  x4:0x00000001  x4=0x00000003
       17535000	      1752	80001fdc	d30fa413	slti	x8,x31,-720	 x31:0x00000000  x8=0x00000000
       17545000	      1753	80001fe0	fe724ae3	blt	x4,x7,80001fd4	  x4:0x00000003  x7:0x00000004
       17555000	      1754	00000000	00000013	addi	x0,x0,0	  x0:0x00000000
       17565000	      1755	80001fd0	00000013	addi	x0,x0,0	  x0:0x00000000
       17575000	      1756	80001fd4	77c97297	auipc	x5,0x77c97	  x5=0xf7c98fd0
       17585000	      1757	80001fd8	00220213	addi	x4,x4,2	  x4:0x00000003  x4=0x00000005
       17595000	      1758	80001fdc	d30fa413	slti	x8,x31,-720	 x31:0x00000000  x8=0x00000000
       17605000	      1759	80001fe0	fe724ae3	blt	x4,x7,80001fd4	  x4:0x00000005  x7:0x00000004
       17615000	      1760	80001fe4	fd8bdce3	bge	x23,x24,80001fbc	 x23:0xfffffff7 x24:0xffffffef
       17625000	      1761	00000000	00000013	addi	x0,x0,0	  x0:0x00000000
       17635000	      1762	80001fb8	00000013	addi	x0,x0,0	  x0:0x00000000
       17645000	      1763	80001fbc	00bb6633	or	x12,x22,x11	 x22:0xfffffffc x11:0xffffffff x12=0xffffffff
       17655000	      1764	80001fc0	ffdb8b93	addi	x23,x23,-3	 x23:0xfffffff7 x23=0xfffffff4
       17665000	      1765	80001fc4	005b5633	srl	x12,x22,x5	 x22:0xfffffffc  x5:0xf7c98fd0 x12=0x0000ffff
       17675000	      1766	80001fc8	ffb00213	addi	x4,x0,-5	  x0:0x00000000  x4=0xfffffffb
       17685000	      1767	80001fcc	00400393	addi	x7,x0,4	  x0:0x00000000  x7=0x00000004
       17695000	      1768	80001fd0	0057e7b3	or	x15,x15,x5	 x15:0xf7c9dfd0  x5:0xf7c98fd0 x15=0xf7c9dfd0
       17705000	      1769	80001fd4	77c97297	auipc	x5,0x77c97	  x5=0xf7c98fd0
       17715000	      1770	80001fd8	00220213	addi	x4,x4,2	  x4:0xfffffffb  x4=0xfffffffd
       17725000	      1771	80001fdc	d30fa413	slti	x8,x31,-720	 x31:0x00000000  x8=0x00000000
       17735000	      1772	80001fe0	fe724ae3	blt	x4,x7,80001fd4	  x4:0xfffffffd  x7:0x00000004
       17745000	      1773	00000000	00000013	addi	x0,x0,0	  x0:0x00000000
       17755000	      1774	80001fd0	00000013	addi	x0,x0,0	  x0:0x00000000
       17765000	      1775	80001fd4	77c97297	auipc	x5,0x77c97	  x5=0xf7c98fd0
       17775000	      1776	80001fd8	00220213	addi	x4,x4,2	  x4:0xfffffffd  x4=0xffffffff
       17785000	      1777	80001fdc	d30fa413	slti	x8,x31,-720	 x31:0x00000000  x8=0x00000000
       17795000	      1778	80001fe0	fe724ae3	blt	x4,x7,80001fd4	  x4:0xffffffff  x7:0x00000004
       17805000	      1779	00000000	00000013	addi	x0,x0,0	  x0:0x00000000
       17815000	      1780	80001fd0	00000013	addi	x0,x0,0	  x0:0x00000000
       17825000	      1781	80001fd4	77c97297	auipc	x5,0x77c97	  x5=0xf7c98fd0
       17835000	      1782	80001fd8	00220213	addi	x4,x4,2	  x4:0xffffffff  x4=0x00000001
       17845000	      1783	80001fdc	d30fa413	slti	x8,x31,-720	 x31:0x00000000  x8=0x00000000
       17855000	      1784	80001fe0	fe724ae3	blt	x4,x7,80001fd4	  x4:0x00000001  x7:0x00000004
       17865000	      1785	00000000	00000013	addi	x0,x0,0	  x0:0x00000000
       17875000	      1786	80001fd0	00000013	addi	x0,x0,0	  x0:0x00000000
       17885000	      1787	80001fd4	77c97297	auipc	x5,0x77c97	  x5=0xf7c98fd0
       17895000	      1788	80001fd8	00220213	addi	x4,x4,2	  x4:0x00000001  x4=0x00000003
       17905000	      1789	80001fdc	d30fa413	slti	x8,x31,-720	 x31:0x00000000  x8=0x00000000
       17915000	      1790	80001fe0	fe724ae3	blt	x4,x7,80001fd4	  x4:0x00000003  x7:0x00000004
       17925000	      1791	00000000	00000013	addi	x0,x0,0	  x0:0x00000000
       17935000	      1792	80001fd0	00000013	addi	x0,x0,0	  x0:0x00000000
       17945000	      1793	80001fd4	77c97297	auipc	x5,0x77c97	  x5=0xf7c98fd0
       17955000	      1794	80001fd8	00220213	addi	x4,x4,2	  x4:0x00000003  x4=0x00000005
       17965000	      1795	80001fdc	d30fa413	slti	x8,x31,-720	 x31:0x00000000  x8=0x00000000
       17975000	      1796	80001fe0	fe724ae3	blt	x4,x7,80001fd4	  x4:0x00000005  x7:0x00000004
       17985000	      1797	80001fe4	fd8bdce3	bge	x23,x24,80001fbc	 x23:0xfffffff4 x24:0xffffffef
       17995000	      1798	00000000	00000013	addi	x0,x0,0	  x0:0x00000000
       18005000	      1799	80001fb8	00000013	addi	x0,x0,0	  x0:0x00000000
       18015000	      1800	80001fbc	00bb6633	or	x12,x22,x11	 x22:0xfffffffc x11:0xffffffff x12=0xffffffff
       18025000	      1801	80001fc0	ffdb8b93	addi	x23,x23,-3	 x23:0xfffffff4 x23=0xfffffff1
       18035000	      1802	80001fc4	005b5633	srl	x12,x22,x5	 x22:0xfffffffc  x5:0xf7c98fd0 x12=0x0000ffff
       18045000	      1803	80001fc8	ffb00213	addi	x4,x0,-5	  x0:0x00000000  x4=0xfffffffb
       18055000	      1804	80001fcc	00400393	addi	x7,x0,4	  x0:0x00000000  x7=0x00000004
       18065000	      1805	80001fd0	0057e7b3	or	x15,x15,x5	 x15:0xf7c9dfd0  x5:0xf7c98fd0 x15=0xf7c9dfd0
       18075000	      1806	80001fd4	77c97297	auipc	x5,0x77c97	  x5=0xf7c98fd0
       18085000	      1807	80001fd8	00220213	addi	x4,x4,2	  x4:0xfffffffb  x4=0xfffffffd
       18095000	      1808	80001fdc	d30fa413	slti	x8,x31,-720	 x31:0x00000000  x8=0x00000000
       18105000	      1809	80001fe0	fe724ae3	blt	x4,x7,80001fd4	  x4:0xfffffffd  x7:0x00000004
       18115000	      1810	00000000	00000013	addi	x0,x0,0	  x0:0x00000000
       18125000	      1811	80001fd0	00000013	addi	x0,x0,0	  x0:0x00000000
       18135000	      1812	80001fd4	77c97297	auipc	x5,0x77c97	  x5=0xf7c98fd0
       18145000	      1813	80001fd8	00220213	addi	x4,x4,2	  x4:0xfffffffd  x4=0xffffffff
       18155000	      1814	80001fdc	d30fa413	slti	x8,x31,-720	 x31:0x00000000  x8=0x00000000
       18165000	      1815	80001fe0	fe724ae3	blt	x4,x7,80001fd4	  x4:0xffffffff  x7:0x00000004
       18175000	      1816	00000000	00000013	addi	x0,x0,0	  x0:0x00000000
       18185000	      1817	80001fd0	00000013	addi	x0,x0,0	  x0:0x00000000
       18195000	      1818	80001fd4	77c97297	auipc	x5,0x77c97	  x5=0xf7c98fd0
       18205000	      1819	80001fd8	00220213	addi	x4,x4,2	  x4:0xffffffff  x4=0x00000001
       18215000	      1820	80001fdc	d30fa413	slti	x8,x31,-720	 x31:0x00000000  x8=0x00000000
       18225000	      1821	80001fe0	fe724ae3	blt	x4,x7,80001fd4	  x4:0x00000001  x7:0x00000004
       18235000	      1822	00000000	00000013	addi	x0,x0,0	  x0:0x00000000
       18245000	      1823	80001fd0	00000013	addi	x0,x0,0	  x0:0x00000000
       18255000	      1824	80001fd4	77c97297	auipc	x5,0x77c97	  x5=0xf7c98fd0
       18265000	      1825	80001fd8	00220213	addi	x4,x4,2	  x4:0x00000001  x4=0x00000003
       18275000	      1826	80001fdc	d30fa413	slti	x8,x31,-720	 x31:0x00000000  x8=0x00000000
       18285000	      1827	80001fe0	fe724ae3	blt	x4,x7,80001fd4	  x4:0x00000003  x7:0x00000004
       18295000	      1828	00000000	00000013	addi	x0,x0,0	  x0:0x00000000
       18305000	      1829	80001fd0	00000013	addi	x0,x0,0	  x0:0x00000000
       18315000	      1830	80001fd4	77c97297	auipc	x5,0x77c97	  x5=0xf7c98fd0
       18325000	      1831	80001fd8	00220213	addi	x4,x4,2	  x4:0x00000003  x4=0x00000005
       18335000	      1832	80001fdc	d30fa413	slti	x8,x31,-720	 x31:0x00000000  x8=0x00000000
       18345000	      1833	80001fe0	fe724ae3	blt	x4,x7,80001fd4	  x4:0x00000005  x7:0x00000004
       18355000	      1834	80001fe4	fd8bdce3	bge	x23,x24,80001fbc	 x23:0xfffffff1 x24:0xffffffef
       18365000	      1835	00000000	00000013	addi	x0,x0,0	  x0:0x00000000
       18375000	      1836	80001fb8	00000013	addi	x0,x0,0	  x0:0x00000000
       18385000	      1837	80001fbc	00bb6633	or	x12,x22,x11	 x22:0xfffffffc x11:0xffffffff x12=0xffffffff
       18395000	      1838	80001fc0	ffdb8b93	addi	x23,x23,-3	 x23:0xfffffff1 x23=0xffffffee
       18405000	      1839	80001fc4	005b5633	srl	x12,x22,x5	 x22:0xfffffffc  x5:0xf7c98fd0 x12=0x0000ffff
       18415000	      1840	80001fc8	ffb00213	addi	x4,x0,-5	  x0:0x00000000  x4=0xfffffffb
       18425000	      1841	80001fcc	00400393	addi	x7,x0,4	  x0:0x00000000  x7=0x00000004
       18435000	      1842	80001fd0	0057e7b3	or	x15,x15,x5	 x15:0xf7c9dfd0  x5:0xf7c98fd0 x15=0xf7c9dfd0
       18445000	      1843	80001fd4	77c97297	auipc	x5,0x77c97	  x5=0xf7c98fd0
       18455000	      1844	80001fd8	00220213	addi	x4,x4,2	  x4:0xfffffffb  x4=0xfffffffd
       18465000	      1845	80001fdc	d30fa413	slti	x8,x31,-720	 x31:0x00000000  x8=0x00000000
       18475000	      1846	80001fe0	fe724ae3	blt	x4,x7,80001fd4	  x4:0xfffffffd  x7:0x00000004
       18485000	      1847	00000000	00000013	addi	x0,x0,0	  x0:0x00000000
       18495000	      1848	80001fd0	00000013	addi	x0,x0,0	  x0:0x00000000
       18505000	      1849	80001fd4	77c97297	auipc	x5,0x77c97	  x5=0xf7c98fd0
       18515000	      1850	80001fd8	00220213	addi	x4,x4,2	  x4:0xfffffffd  x4=0xffffffff
       18525000	      1851	80001fdc	d30fa413	slti	x8,x31,-720	 x31:0x00000000  x8=0x00000000
       18535000	      1852	80001fe0	fe724ae3	blt	x4,x7,80001fd4	  x4:0xffffffff  x7:0x00000004
       18545000	      1853	00000000	00000013	addi	x0,x0,0	  x0:0x00000000
       18555000	      1854	80001fd0	00000013	addi	x0,x0,0	  x0:0x00000000
       18565000	      1855	80001fd4	77c97297	auipc	x5,0x77c97	  x5=0xf7c98fd0
       18575000	      1856	80001fd8	00220213	addi	x4,x4,2	  x4:0xffffffff  x4=0x00000001
       18585000	      1857	80001fdc	d30fa413	slti	x8,x31,-720	 x31:0x00000000  x8=0x00000000
       18595000	      1858	80001fe0	fe724ae3	blt	x4,x7,80001fd4	  x4:0x00000001  x7:0x00000004
       18605000	      1859	00000000	00000013	addi	x0,x0,0	  x0:0x00000000
       18615000	      1860	80001fd0	00000013	addi	x0,x0,0	  x0:0x00000000
       18625000	      1861	80001fd4	77c97297	auipc	x5,0x77c97	  x5=0xf7c98fd0
       18635000	      1862	80001fd8	00220213	addi	x4,x4,2	  x4:0x00000001  x4=0x00000003
       18645000	      1863	80001fdc	d30fa413	slti	x8,x31,-720	 x31:0x00000000  x8=0x00000000
       18655000	      1864	80001fe0	fe724ae3	blt	x4,x7,80001fd4	  x4:0x00000003  x7:0x00000004
       18665000	      1865	00000000	00000013	addi	x0,x0,0	  x0:0x00000000
       18675000	      1866	80001fd0	00000013	addi	x0,x0,0	  x0:0x00000000
       18685000	      1867	80001fd4	77c97297	auipc	x5,0x77c97	  x5=0xf7c98fd0
       18695000	      1868	80001fd8	00220213	addi	x4,x4,2	  x4:0x00000003  x4=0x00000005
       18705000	      1869	80001fdc	d30fa413	slti	x8,x31,-720	 x31:0x00000000  x8=0x00000000
       18715000	      1870	80001fe0	fe724ae3	blt	x4,x7,80001fd4	  x4:0x00000005  x7:0x00000004
       18725000	      1871	80001fe4	fd8bdce3	bge	x23,x24,80001fbc	 x23:0xffffffee x24:0xffffffef
       18735000	      1872	80001fe8	00ad64b3	or	x9,x26,x10	 x26:0x00000007 x10:0x00000000  x9=0x00000007
       18745000	      1873	80001fec	00700b13	addi	x22,x0,7	  x0:0x00000000 x22=0x00000007
       18755000	      1874	80001ff0	000f3a33	sltu	x20,x30,x0	 x30:0x7482f17b  x0:0x00000000 x20=0x00000000
       18765000	      1875	80001ff4	fef00293	addi	x5,x0,-17	  x0:0x00000000  x5=0xffffffef
       18775000	      1876	80001ff8	413a0233	sub	x4,x20,x19	 x20:0x00000000 x19:0x00000000  x4=0x00000000
       18785000	      1877	80001ffc	01f40833	add	x16,x8,x31	  x8:0x00000000 x31:0x00000000 x16=0x00000000
       18795000	      1878	80002000	02cc3813	sltiu	x16,x24,44	 x24:0xffffffef x16=0x00000000
       18805000	      1879	80002004	cbe88593	addi	x11,x17,-834	 x17:0x0000016a x11=0xfffffe28
       18815000	      1880	80002008	014f5db3	srl	x27,x30,x20	 x30:0x7482f17b x20:0x00000000 x27=0x7482f17b
       18825000	      1881	8000200c	3a02fa13	andi	x20,x5,928	  x5:0xffffffef x20=0x000003a0
       18835000	      1882	80002010	ffeb0b13	addi	x22,x22,-2	 x22:0x00000007 x22=0x00000005
       18845000	      1883	80002014	00ba2233	slt	x4,x20,x11	 x20:0x000003a0 x11:0xfffffe28  x4=0x00000000
       18855000	      1884	80002018	0132d393	srli	x7,x5,0x13	  x5:0xffffffef  x7=0x00001fff
       18865000	      1885	8000201c	00ced713	srli	x14,x29,0xc	 x29:0x00000000 x14=0x00000000
       18875000	      1886	80002020	00600e13	addi	x28,x0,6	  x0:0x00000000 x28=0x00000006
       18885000	      1887	80002024	410f8933	sub	x18,x31,x16	 x31:0x00000000 x16:0x00000000 x18=0x00000000
       18895000	      1888	80002028	01a70733	add	x14,x14,x26	 x14:0x00000000 x26:0x00000007 x14=0x00000007
       18905000	      1889	8000202c	363e0413	addi	x8,x28,867	 x28:0x00000006  x8=0x00000369
       18915000	      1890	80002030	00500693	addi	x13,x0,5	  x0:0x00000000 x13=0x00000005
       18925000	      1891	80002034	00791193	slli	x3,x18,0x7	 x18:0x00000000  x3=0x00000000
       18935000	      1892	80002038	e92f0093	addi	x1,x30,-366	 x30:0x7482f17b  x1=0x7482f00d
       18945000	      1893	8000203c	7a31a013	slti	x0,x3,1955	  x3:0x00000000
       18955000	      1894	80002040	00961193	slli	x3,x12,0x9	 x12:0x0000ffff  x3=0x01fffe00
       18965000	      1895	80002044	ffce0e13	addi	x28,x28,-4	 x28:0x00000006 x28=0x00000002
       18975000	      1896	80002048	fede78e3	bgeu	x28,x13,80002038	 x28:0x00000002 x13:0x00000005
       18985000	      1897	8000204c	0057a033	slt	x0,x15,x5	 x15:0xf7c9dfd0  x5:0xffffffef
       18995000	      1898	80002050	00403eb3	sltu	x29,x0,x4	  x0:0x00000000  x4:0x00000000 x29=0x00000000
       19005000	      1899	80002054	fa5b0ce3	beq	x22,x5,8000200c	 x22:0x00000005  x5:0xffffffef
       19015000	      1900	80002058	0038f5b3	and	x11,x17,x3	 x17:0x0000016a  x3:0x01fffe00 x11=0x00000000
       19025000	      1901	8000205c	ffd00393	addi	x7,x0,-3	  x0:0x00000000  x7=0xfffffffd
       19035000	      1902	80002060	01251793	slli	x15,x10,0x12	 x10:0x00000000 x15=0x00000000
       19045000	      1903	80002064	00600493	addi	x9,x0,6	  x0:0x00000000  x9=0x00000006
       19055000	      1904	80002068	01c11a33	sll	x20,x2,x28	  x2:0x80009fc4 x28:0x00000002 x20=0x00027f10
       19065000	      1905	8000206c	3440c213	xori	x4,x1,836	  x1:0x7482f00d  x4=0x7482f349
       19075000	      1906	80002070	41c75b33	sra	x22,x14,x28	 x14:0x00000007 x28:0x00000002 x22=0x00000001
       19085000	      1907	80002074	00938393	addi	x7,x7,9	  x7:0xfffffffd  x7=0x00000006
       19095000	      1908	80002078	00000013	addi	x0,x0,0	  x0:0x00000000
       19105000	      1909	8000207c	b3ef3693	sltiu	x13,x30,-1218	 x30:0x7482f17b x13=0x00000001
       19115000	      1910	80002080	00ada6b3	slt	x13,x27,x10	 x27:0x7482f17b x10:0x00000000 x13=0x00000000
       19125000	      1911	80002084	00600e93	addi	x29,x0,6	  x0:0x00000000 x29=0x00000006
       19135000	      1912	80002088	07670d93	addi	x27,x14,118	 x14:0x00000007 x27=0x0000007d
       19145000	      1913	8000208c	fed00713	addi	x14,x0,-19	  x0:0x00000000 x14=0xffffffed
       19155000	      1914	80002090	1817b337	lui	x6,0x1817b	  x6=0x1817b000
       19165000	      1915	80002094	411a81b3	sub	x3,x21,x17	 x21:0x80009f2c x17:0x0000016a  x3=0x80009dc2
       19175000	      1916	80002098	ffae8e93	addi	x29,x29,-6	 x29:0x00000006 x29=0x00000000
       19185000	      1917	8000209c	cd660913	addi	x18,x12,-810	 x12:0x0000ffff x18=0x0000fcd5
       19195000	      1918	800020a0	feeedae3	bge	x29,x14,80002094	 x29:0x00000000 x14:0xffffffed
       19205000	      1919	00000000	00000013	addi	x0,x0,0	  x0:0x00000000
       19215000	      1920	80002090	00000013	addi	x0,x0,0	  x0:0x00000000
       19225000	      1921	80002094	411a81b3	sub	x3,x21,x17	 x21:0x80009f2c x17:0x0000016a  x3=0x80009dc2
       19235000	      1922	80002098	ffae8e93	addi	x29,x29,-6	 x29:0x00000000 x29=0xfffffffa
       19245000	      1923	8000209c	cd660913	addi	x18,x12,-810	 x12:0x0000ffff x18=0x0000fcd5
       19255000	      1924	800020a0	feeedae3	bge	x29,x14,80002094	 x29:0xfffffffa x14:0xffffffed
       19265000	      1925	00000000	00000013	addi	x0,x0,0	  x0:0x00000000
       19275000	      1926	80002090	00000013	addi	x0,x0,0	  x0:0x00000000
       19285000	      1927	80002094	411a81b3	sub	x3,x21,x17	 x21:0x80009f2c x17:0x0000016a  x3=0x80009dc2
       19295000	      1928	80002098	ffae8e93	addi	x29,x29,-6	 x29:0xfffffffa x29=0xfffffff4
       19305000	      1929	8000209c	cd660913	addi	x18,x12,-810	 x12:0x0000ffff x18=0x0000fcd5
       19315000	      1930	800020a0	feeedae3	bge	x29,x14,80002094	 x29:0xfffffff4 x14:0xffffffed
       19325000	      1931	00000000	00000013	addi	x0,x0,0	  x0:0x00000000
       19335000	      1932	80002090	00000013	addi	x0,x0,0	  x0:0x00000000
       19345000	      1933	80002094	411a81b3	sub	x3,x21,x17	 x21:0x80009f2c x17:0x0000016a  x3=0x80009dc2
       19355000	      1934	80002098	ffae8e93	addi	x29,x29,-6	 x29:0xfffffff4 x29=0xffffffee
       19365000	      1935	8000209c	cd660913	addi	x18,x12,-810	 x12:0x0000ffff x18=0x0000fcd5
       19375000	      1936	800020a0	feeedae3	bge	x29,x14,80002094	 x29:0xffffffee x14:0xffffffed
       19385000	      1937	00000000	00000013	addi	x0,x0,0	  x0:0x00000000
       19395000	      1938	80002090	00000013	addi	x0,x0,0	  x0:0x00000000
       19405000	      1939	80002094	411a81b3	sub	x3,x21,x17	 x21:0x80009f2c x17:0x0000016a  x3=0x80009dc2
       19415000	      1940	80002098	ffae8e93	addi	x29,x29,-6	 x29:0xffffffee x29=0xffffffe8
       19425000	      1941	8000209c	cd660913	addi	x18,x12,-810	 x12:0x0000ffff x18=0x0000fcd5
       19435000	      1942	800020a0	feeedae3	bge	x29,x14,80002094	 x29:0xffffffe8 x14:0xffffffed
       19445000	      1943	800020a4	fc9384e3	beq	x7,x9,8000206c	  x7:0x00000006  x9:0x00000006
       19455000	      1944	00000000	00000013	addi	x0,x0,0	  x0:0x00000000
       19465000	      1945	80002068	00000013	addi	x0,x0,0	  x0:0x00000000
       19475000	      1946	8000206c	3440c213	xori	x4,x1,836	  x1:0x7482f00d  x4=0x7482f349
       19485000	      1947	80002070	41c75b33	sra	x22,x14,x28	 x14:0xffffffed x28:0x00000002 x22=0xfffffffb
       19495000	      1948	80002074	00938393	addi	x7,x7,9	  x7:0x00000006  x7=0x0000000f
       19505000	      1949	80002078	00000013	addi	x0,x0,0	  x0:0x00000000
       19515000	      1950	8000207c	b3ef3693	sltiu	x13,x30,-1218	 x30:0x7482f17b x13=0x00000001
       19525000	      1951	80002080	00ada6b3	slt	x13,x27,x10	 x27:0x0000007d x10:0x00000000 x13=0x00000000
       19535000	      1952	80002084	00600e93	addi	x29,x0,6	  x0:0x00000000 x29=0x00000006
       19545000	      1953	80002088	07670d93	addi	x27,x14,118	 x14:0xffffffed x27=0x00000063
       19555000	      1954	8000208c	fed00713	addi	x14,x0,-19	  x0:0x00000000 x14=0xffffffed
       19565000	      1955	80002090	1817b337	lui	x6,0x1817b	  x6=0x1817b000
       19575000	      1956	80002094	411a81b3	sub	x3,x21,x17	 x21:0x80009f2c x17:0x0000016a  x3=0x80009dc2
       19585000	      1957	80002098	ffae8e93	addi	x29,x29,-6	 x29:0x00000006 x29=0x00000000
       19595000	      1958	8000209c	cd660913	addi	x18,x12,-810	 x12:0x0000ffff x18=0x0000fcd5
       19605000	      1959	800020a0	feeedae3	bge	x29,x14,80002094	 x29:0x00000000 x14:0xffffffed
       19615000	      1960	00000000	00000013	addi	x0,x0,0	  x0:0x00000000
       19625000	      1961	80002090	00000013	addi	x0,x0,0	  x0:0x00000000
       19635000	      1962	80002094	411a81b3	sub	x3,x21,x17	 x21:0x80009f2c x17:0x0000016a  x3=0x80009dc2
       19645000	      1963	80002098	ffae8e93	addi	x29,x29,-6	 x29:0x00000000 x29=0xfffffffa
       19655000	      1964	8000209c	cd660913	addi	x18,x12,-810	 x12:0x0000ffff x18=0x0000fcd5
       19665000	      1965	800020a0	feeedae3	bge	x29,x14,80002094	 x29:0xfffffffa x14:0xffffffed
       19675000	      1966	00000000	00000013	addi	x0,x0,0	  x0:0x00000000
       19685000	      1967	80002090	00000013	addi	x0,x0,0	  x0:0x00000000
       19695000	      1968	80002094	411a81b3	sub	x3,x21,x17	 x21:0x80009f2c x17:0x0000016a  x3=0x80009dc2
       19705000	      1969	80002098	ffae8e93	addi	x29,x29,-6	 x29:0xfffffffa x29=0xfffffff4
       19715000	      1970	8000209c	cd660913	addi	x18,x12,-810	 x12:0x0000ffff x18=0x0000fcd5
       19725000	      1971	800020a0	feeedae3	bge	x29,x14,80002094	 x29:0xfffffff4 x14:0xffffffed
       19735000	      1972	00000000	00000013	addi	x0,x0,0	  x0:0x00000000
       19745000	      1973	80002090	00000013	addi	x0,x0,0	  x0:0x00000000
       19755000	      1974	80002094	411a81b3	sub	x3,x21,x17	 x21:0x80009f2c x17:0x0000016a  x3=0x80009dc2
       19765000	      1975	80002098	ffae8e93	addi	x29,x29,-6	 x29:0xfffffff4 x29=0xffffffee
       19775000	      1976	8000209c	cd660913	addi	x18,x12,-810	 x12:0x0000ffff x18=0x0000fcd5
       19785000	      1977	800020a0	feeedae3	bge	x29,x14,80002094	 x29:0xffffffee x14:0xffffffed
       19795000	      1978	00000000	00000013	addi	x0,x0,0	  x0:0x00000000
       19805000	      1979	80002090	00000013	addi	x0,x0,0	  x0:0x00000000
       19815000	      1980	80002094	411a81b3	sub	x3,x21,x17	 x21:0x80009f2c x17:0x0000016a  x3=0x80009dc2
       19825000	      1981	80002098	ffae8e93	addi	x29,x29,-6	 x29:0xffffffee x29=0xffffffe8
       19835000	      1982	8000209c	cd660913	addi	x18,x12,-810	 x12:0x0000ffff x18=0x0000fcd5
       19845000	      1983	800020a0	feeedae3	bge	x29,x14,80002094	 x29:0xffffffe8 x14:0xffffffed
       19855000	      1984	800020a4	fc9384e3	beq	x7,x9,8000206c	  x7:0x0000000f  x9:0x00000006
       19865000	      1985	800020a8	00a65513	srli	x10,x12,0xa	 x12:0x0000ffff x10=0x0000003f
       19875000	      1986	800020ac	00a00613	addi	x12,x0,10	  x0:0x00000000 x12=0x0000000a
       19885000	      1987	800020b0	fef00e13	addi	x28,x0,-17	  x0:0x00000000 x28=0xffffffef
       19895000	      1988	800020b4	00000013	addi	x0,x0,0	  x0:0x00000000
       19905000	      1989	800020b8	ff860613	addi	x12,x12,-8	 x12:0x0000000a x12=0x00000002
       19915000	      1990	800020bc	00000013	addi	x0,x0,0	  x0:0x00000000
       19925000	      1991	800020c0	00900913	addi	x18,x0,9	  x0:0x00000000 x18=0x00000009
       19935000	      1992	800020c4	004980b3	add	x1,x19,x4	 x19:0x00000000  x4:0x7482f349  x1=0x7482f349
       19945000	      1993	800020c8	01300313	addi	x6,x0,19	  x0:0x00000000  x6=0x00000013
       19955000	      1994	800020cc	08ea8a17	auipc	x20,0x8ea8	 x20=0x88eaa0c8
       19965000	      1995	800020d0	00654d33	xor	x26,x10,x6	 x10:0x0000003f  x6:0x00000013 x26=0x0000002c
       19975000	      1996	800020d4	00390913	addi	x18,x18,3	 x18:0x00000009 x18=0x0000000c
       19985000	      1997	800020d8	fe696ce3	bltu	x18,x6,800020d0	 x18:0x0000000c  x6:0x00000013
       19995000	      1998	00000000	00000013	addi	x0,x0,0	  x0:0x00000000
       20005000	      1999	800020cc	00000013	addi	x0,x0,0	  x0:0x00000000
       20015000	      2000	800020d0	00654d33	xor	x26,x10,x6	 x10:0x0000003f  x6:0x00000013 x26=0x0000002c
       20025000	      2001	800020d4	00390913	addi	x18,x18,3	 x18:0x0000000c x18=0x0000000f
       20035000	      2002	800020d8	fe696ce3	bltu	x18,x6,800020d0	 x18:0x0000000f  x6:0x00000013
       20045000	      2003	00000000	00000013	addi	x0,x0,0	  x0:0x00000000
       20055000	      2004	800020cc	00000013	addi	x0,x0,0	  x0:0x00000000
       20065000	      2005	800020d0	00654d33	xor	x26,x10,x6	 x10:0x0000003f  x6:0x00000013 x26=0x0000002c
       20075000	      2006	800020d4	00390913	addi	x18,x18,3	 x18:0x0000000f x18=0x00000012
       20085000	      2007	800020d8	fe696ce3	bltu	x18,x6,800020d0	 x18:0x00000012  x6:0x00000013
       20095000	      2008	00000000	00000013	addi	x0,x0,0	  x0:0x00000000
       20105000	      2009	800020cc	00000013	addi	x0,x0,0	  x0:0x00000000
       20115000	      2010	800020d0	00654d33	xor	x26,x10,x6	 x10:0x0000003f  x6:0x00000013 x26=0x0000002c
       20125000	      2011	800020d4	00390913	addi	x18,x18,3	 x18:0x00000012 x18=0x00000015
       20135000	      2012	800020d8	fe696ce3	bltu	x18,x6,800020d0	 x18:0x00000015  x6:0x00000013
       20145000	      2013	800020dc	fdc65ce3	bge	x12,x28,800020b4	 x12:0x00000002 x28:0xffffffef
       20155000	      2014	00000000	00000013	addi	x0,x0,0	  x0:0x00000000
       20165000	      2015	800020b0	00000013	addi	x0,x0,0	  x0:0x00000000
       20175000	      2016	800020b4	00000013	addi	x0,x0,0	  x0:0x00000000
       20185000	      2017	800020b8	ff860613	addi	x12,x12,-8	 x12:0x00000002 x12=0xfffffffa
       20195000	      2018	800020bc	00000013	addi	x0,x0,0	  x0:0x00000000
       20205000	      2019	800020c0	00900913	addi	x18,x0,9	  x0:0x00000000 x18=0x00000009
       20215000	      2020	800020c4	004980b3	add	x1,x19,x4	 x19:0x00000000  x4:0x7482f349  x1=0x7482f349
       20225000	      2021	800020c8	01300313	addi	x6,x0,19	  x0:0x00000000  x6=0x00000013
       20235000	      2022	800020cc	08ea8a17	auipc	x20,0x8ea8	 x20=0x88eaa0c8
       20245000	      2023	800020d0	00654d33	xor	x26,x10,x6	 x10:0x0000003f  x6:0x00000013 x26=0x0000002c
       20255000	      2024	800020d4	00390913	addi	x18,x18,3	 x18:0x00000009 x18=0x0000000c
       20265000	      2025	800020d8	fe696ce3	bltu	x18,x6,800020d0	 x18:0x0000000c  x6:0x00000013
       20275000	      2026	00000000	00000013	addi	x0,x0,0	  x0:0x00000000
       20285000	      2027	800020cc	00000013	addi	x0,x0,0	  x0:0x00000000
       20295000	      2028	800020d0	00654d33	xor	x26,x10,x6	 x10:0x0000003f  x6:0x00000013 x26=0x0000002c
       20305000	      2029	800020d4	00390913	addi	x18,x18,3	 x18:0x0000000c x18=0x0000000f
       20315000	      2030	800020d8	fe696ce3	bltu	x18,x6,800020d0	 x18:0x0000000f  x6:0x00000013
       20325000	      2031	00000000	00000013	addi	x0,x0,0	  x0:0x00000000
       20335000	      2032	800020cc	00000013	addi	x0,x0,0	  x0:0x00000000
       20345000	      2033	800020d0	00654d33	xor	x26,x10,x6	 x10:0x0000003f  x6:0x00000013 x26=0x0000002c
       20355000	      2034	800020d4	00390913	addi	x18,x18,3	 x18:0x0000000f x18=0x00000012
       20365000	      2035	800020d8	fe696ce3	bltu	x18,x6,800020d0	 x18:0x00000012  x6:0x00000013
       20375000	      2036	00000000	00000013	addi	x0,x0,0	  x0:0x00000000
       20385000	      2037	800020cc	00000013	addi	x0,x0,0	  x0:0x00000000
       20395000	      2038	800020d0	00654d33	xor	x26,x10,x6	 x10:0x0000003f  x6:0x00000013 x26=0x0000002c
       20405000	      2039	800020d4	00390913	addi	x18,x18,3	 x18:0x00000012 x18=0x00000015
       20415000	      2040	800020d8	fe696ce3	bltu	x18,x6,800020d0	 x18:0x00000015  x6:0x00000013
       20425000	      2041	800020dc	fdc65ce3	bge	x12,x28,800020b4	 x12:0xfffffffa x28:0xffffffef
       20435000	      2042	00000000	00000013	addi	x0,x0,0	  x0:0x00000000
       20445000	      2043	800020b0	00000013	addi	x0,x0,0	  x0:0x00000000
       20455000	      2044	800020b4	00000013	addi	x0,x0,0	  x0:0x00000000
       20465000	      2045	800020b8	ff860613	addi	x12,x12,-8	 x12:0xfffffffa x12=0xfffffff2
       20475000	      2046	800020bc	00000013	addi	x0,x0,0	  x0:0x00000000
       20485000	      2047	800020c0	00900913	addi	x18,x0,9	  x0:0x00000000 x18=0x00000009
       20495000	      2048	800020c4	004980b3	add	x1,x19,x4	 x19:0x00000000  x4:0x7482f349  x1=0x7482f349
       20505000	      2049	800020c8	01300313	addi	x6,x0,19	  x0:0x00000000  x6=0x00000013
       20515000	      2050	800020cc	08ea8a17	auipc	x20,0x8ea8	 x20=0x88eaa0c8
       20525000	      2051	800020d0	00654d33	xor	x26,x10,x6	 x10:0x0000003f  x6:0x00000013 x26=0x0000002c
       20535000	      2052	800020d4	00390913	addi	x18,x18,3	 x18:0x00000009 x18=0x0000000c
       20545000	      2053	800020d8	fe696ce3	bltu	x18,x6,800020d0	 x18:0x0000000c  x6:0x00000013
       20555000	      2054	00000000	00000013	addi	x0,x0,0	  x0:0x00000000
       20565000	      2055	800020cc	00000013	addi	x0,x0,0	  x0:0x00000000
       20575000	      2056	800020d0	00654d33	xor	x26,x10,x6	 x10:0x0000003f  x6:0x00000013 x26=0x0000002c
       20585000	      2057	800020d4	00390913	addi	x18,x18,3	 x18:0x0000000c x18=0x0000000f
       20595000	      2058	800020d8	fe696ce3	bltu	x18,x6,800020d0	 x18:0x0000000f  x6:0x00000013
       20605000	      2059	00000000	00000013	addi	x0,x0,0	  x0:0x00000000
       20615000	      2060	800020cc	00000013	addi	x0,x0,0	  x0:0x00000000
       20625000	      2061	800020d0	00654d33	xor	x26,x10,x6	 x10:0x0000003f  x6:0x00000013 x26=0x0000002c
       20635000	      2062	800020d4	00390913	addi	x18,x18,3	 x18:0x0000000f x18=0x00000012
       20645000	      2063	800020d8	fe696ce3	bltu	x18,x6,800020d0	 x18:0x00000012  x6:0x00000013
       20655000	      2064	00000000	00000013	addi	x0,x0,0	  x0:0x00000000
       20665000	      2065	800020cc	00000013	addi	x0,x0,0	  x0:0x00000000
       20675000	      2066	800020d0	00654d33	xor	x26,x10,x6	 x10:0x0000003f  x6:0x00000013 x26=0x0000002c
       20685000	      2067	800020d4	00390913	addi	x18,x18,3	 x18:0x00000012 x18=0x00000015
       20695000	      2068	800020d8	fe696ce3	bltu	x18,x6,800020d0	 x18:0x00000015  x6:0x00000013
       20705000	      2069	800020dc	fdc65ce3	bge	x12,x28,800020b4	 x12:0xfffffff2 x28:0xffffffef
       20715000	      2070	00000000	00000013	addi	x0,x0,0	  x0:0x00000000
       20725000	      2071	800020b0	00000013	addi	x0,x0,0	  x0:0x00000000
       20735000	      2072	800020b4	00000013	addi	x0,x0,0	  x0:0x00000000
       20745000	      2073	800020b8	ff860613	addi	x12,x12,-8	 x12:0xfffffff2 x12=0xffffffea
       20755000	      2074	800020bc	00000013	addi	x0,x0,0	  x0:0x00000000
       20765000	      2075	800020c0	00900913	addi	x18,x0,9	  x0:0x00000000 x18=0x00000009
       20775000	      2076	800020c4	004980b3	add	x1,x19,x4	 x19:0x00000000  x4:0x7482f349  x1=0x7482f349
       20785000	      2077	800020c8	01300313	addi	x6,x0,19	  x0:0x00000000  x6=0x00000013
       20795000	      2078	800020cc	08ea8a17	auipc	x20,0x8ea8	 x20=0x88eaa0c8
       20805000	      2079	800020d0	00654d33	xor	x26,x10,x6	 x10:0x0000003f  x6:0x00000013 x26=0x0000002c
       20815000	      2080	800020d4	00390913	addi	x18,x18,3	 x18:0x00000009 x18=0x0000000c
       20825000	      2081	800020d8	fe696ce3	bltu	x18,x6,800020d0	 x18:0x0000000c  x6:0x00000013
       20835000	      2082	00000000	00000013	addi	x0,x0,0	  x0:0x00000000
       20845000	      2083	800020cc	00000013	addi	x0,x0,0	  x0:0x00000000
       20855000	      2084	800020d0	00654d33	xor	x26,x10,x6	 x10:0x0000003f  x6:0x00000013 x26=0x0000002c
       20865000	      2085	800020d4	00390913	addi	x18,x18,3	 x18:0x0000000c x18=0x0000000f
       20875000	      2086	800020d8	fe696ce3	bltu	x18,x6,800020d0	 x18:0x0000000f  x6:0x00000013
       20885000	      2087	00000000	00000013	addi	x0,x0,0	  x0:0x00000000
       20895000	      2088	800020cc	00000013	addi	x0,x0,0	  x0:0x00000000
       20905000	      2089	800020d0	00654d33	xor	x26,x10,x6	 x10:0x0000003f  x6:0x00000013 x26=0x0000002c
       20915000	      2090	800020d4	00390913	addi	x18,x18,3	 x18:0x0000000f x18=0x00000012
       20925000	      2091	800020d8	fe696ce3	bltu	x18,x6,800020d0	 x18:0x00000012  x6:0x00000013
       20935000	      2092	00000000	00000013	addi	x0,x0,0	  x0:0x00000000
       20945000	      2093	800020cc	00000013	addi	x0,x0,0	  x0:0x00000000
       20955000	      2094	800020d0	00654d33	xor	x26,x10,x6	 x10:0x0000003f  x6:0x00000013 x26=0x0000002c
       20965000	      2095	800020d4	00390913	addi	x18,x18,3	 x18:0x00000012 x18=0x00000015
       20975000	      2096	800020d8	fe696ce3	bltu	x18,x6,800020d0	 x18:0x00000015  x6:0x00000013
       20985000	      2097	800020dc	fdc65ce3	bge	x12,x28,800020b4	 x12:0xffffffea x28:0xffffffef
       20995000	      2098	800020e0	0095bdb3	sltu	x27,x11,x9	 x11:0x00000000  x9:0x00000006 x27=0x00000001
       21005000	      2099	800020e4	00700313	addi	x6,x0,7	  x0:0x00000000  x6=0x00000007
       21015000	      2100	800020e8	6adaa813	slti	x16,x21,1709	 x21:0x80009f2c x16=0x00000001
       21025000	      2101	800020ec	ee35c297	auipc	x5,0xee35c	  x5=0x6e35e0e8
       21035000	      2102	800020f0	00b65713	srli	x14,x12,0xb	 x12:0xffffffea x14=0x001fffff
       21045000	      2103	800020f4	c1218f17	auipc	x30,0xc1218	 x30=0x4121a0f0
       21055000	      2104	800020f8	00f00193	addi	x3,x0,15	  x0:0x00000000  x3=0x0000000f
       21065000	      2105	800020fc	00127b33	and	x22,x4,x1	  x4:0x7482f349  x1:0x7482f349 x22=0x7482f349
       21075000	      2106	80002100	64c36393	ori	x7,x6,1612	  x6:0x00000007  x7=0x0000064f
       21085000	      2107	80002104	00830313	addi	x6,x6,8	  x6:0x00000007  x6=0x0000000f
       21095000	      2108	80002108	01a06733	or	x14,x0,x26	  x0:0x00000000 x26:0x0000002c x14=0x0000002c
       21105000	      2109	8000210c	6cf82293	slti	x5,x16,1743	 x16:0x00000001  x5=0x00000001
       21115000	      2110	80002110	00a00413	addi	x8,x0,10	  x0:0x00000000  x8=0x0000000a
       21125000	      2111	80002114	8ba44613	xori	x12,x8,-1862	  x8:0x0000000a x12=0xfffff8b0
       21135000	      2112	80002118	88a98593	addi	x11,x19,-1910	 x19:0x00000000 x11=0xfffff88a
       21145000	      2113	8000211c	00a00513	addi	x10,x0,10	  x0:0x00000000 x10=0x0000000a
       21155000	      2114	80002120	4079d093	srai	x1,x19,0x7	 x19:0x00000000  x1=0x00000000
       21165000	      2115	80002124	01499d93	slli	x27,x19,0x14	 x19:0x00000000 x27=0x00000000
       21175000	      2116	80002128	4c833a17	auipc	x20,0x4c833	 x20=0xcc835124
       21185000	      2117	8000212c	01bc26b3	slt	x13,x24,x27	 x24:0xffffffef x27:0x00000000 x13=0x00000001
       21195000	      2118	80002130	7b7e3813	sltiu	x16,x28,1975	 x28:0xffffffef x16=0x00000000
       21205000	      2119	80002134	ff740413	addi	x8,x8,-9	  x8:0x0000000a  x8=0x00000001
       21215000	      2120	80002138	01782eb3	slt	x29,x16,x23	 x16:0x00000000 x23:0xffffffee x29=0x00000000
       21225000	      2121	8000213c	fea478e3	bgeu	x8,x10,8000212c	  x8:0x00000001 x10:0x0000000a
       21235000	      2122	80002140	00f6e0b3	or	x1,x13,x15	 x13:0x00000001 x15:0x00000000  x1=0x00000001
       21245000	      2123	80002144	fa330ee3	beq	x6,x3,80002100	  x6:0x0000000f  x3:0x0000000f
       21255000	      2124	00000000	00000013	addi	x0,x0,0	  x0:0x00000000
       21265000	      2125	800020fc	00000013	addi	x0,x0,0	  x0:0x00000000
       21275000	      2126	80002100	64c36393	ori	x7,x6,1612	  x6:0x0000000f  x7=0x0000064f
       21285000	      2127	80002104	00830313	addi	x6,x6,8	  x6:0x0000000f  x6=0x00000017
       21295000	      2128	80002108	01a06733	or	x14,x0,x26	  x0:0x00000000 x26:0x0000002c x14=0x0000002c
       21305000	      2129	8000210c	6cf82293	slti	x5,x16,1743	 x16:0x00000000  x5=0x00000001
       21315000	      2130	80002110	00a00413	addi	x8,x0,10	  x0:0x00000000  x8=0x0000000a
       21325000	      2131	80002114	8ba44613	xori	x12,x8,-1862	  x8:0x0000000a x12=0xfffff8b0
       21335000	      2132	80002118	88a98593	addi	x11,x19,-1910	 x19:0x00000000 x11=0xfffff88a
       21345000	      2133	8000211c	00a00513	addi	x10,x0,10	  x0:0x00000000 x10=0x0000000a
       21355000	      2134	80002120	4079d093	srai	x1,x19,0x7	 x19:0x00000000  x1=0x00000000
       21365000	      2135	80002124	01499d93	slli	x27,x19,0x14	 x19:0x00000000 x27=0x00000000
       21375000	      2136	80002128	4c833a17	auipc	x20,0x4c833	 x20=0xcc835124
       21385000	      2137	8000212c	01bc26b3	slt	x13,x24,x27	 x24:0xffffffef x27:0x00000000 x13=0x00000001
       21395000	      2138	80002130	7b7e3813	sltiu	x16,x28,1975	 x28:0xffffffef x16=0x00000000
       21405000	      2139	80002134	ff740413	addi	x8,x8,-9	  x8:0x0000000a  x8=0x00000001
       21415000	      2140	80002138	01782eb3	slt	x29,x16,x23	 x16:0x00000000 x23:0xffffffee x29=0x00000000
       21425000	      2141	8000213c	fea478e3	bgeu	x8,x10,8000212c	  x8:0x00000001 x10:0x0000000a
       21435000	      2142	80002140	00f6e0b3	or	x1,x13,x15	 x13:0x00000001 x15:0x00000000  x1=0x00000001
       21445000	      2143	80002144	fa330ee3	beq	x6,x3,80002100	  x6:0x00000017  x3:0x0000000f
       21455000	      2144	80002148	419b08b3	sub	x17,x22,x25	 x22:0x7482f349 x25:0x00000000 x17=0x7482f349
       21465000	      2145	8000214c	00800793	addi	x15,x0,8	  x0:0x00000000 x15=0x00000008
       21475000	      2146	80002150	ffa00d93	addi	x27,x0,-6	  x0:0x00000000 x27=0xfffffffa
       21485000	      2147	80002154	016fa033	slt	x0,x31,x22	 x31:0x00000000 x22:0x7482f349
       21495000	      2148	80002158	00cd05b3	add	x11,x26,x12	 x26:0x0000002c x12:0xfffff8b0 x11=0xfffff8dc
       21505000	      2149	8000215c	007ddeb3	srl	x29,x27,x7	 x27:0xfffffffa  x7:0x0000064f x29=0x0001ffff
       21515000	      2150	80002160	ff978793	addi	x15,x15,-7	 x15:0x00000008 x15=0x00000001
       21525000	      2151	80002164	185d4f13	xori	x30,x26,389	 x26:0x0000002c x30=0x000001a9
       21535000	      2152	80002168	ff800993	addi	x19,x0,-8	  x0:0x00000000 x19=0xfffffff8
       21545000	      2153	8000216c	0056d813	srli	x16,x13,0x5	 x13:0x00000001 x16=0x00000000
       21555000	      2154	80002170	fef00893	addi	x17,x0,-17	  x0:0x00000000 x17=0xffffffef
       21565000	      2155	80002174	002f1c33	sll	x24,x30,x2	 x30:0x000001a9  x2:0x80009fc4 x24=0x00001a90
       21575000	      2156	80002178	27c5e413	ori	x8,x11,636	 x11:0xfffff8dc  x8=0xfffffafc
       21585000	      2157	8000217c	ffb98993	addi	x19,x19,-5	 x19:0xfffffff8 x19=0xfffffff3
       21595000	      2158	80002180	ff19dce3	bge	x19,x17,80002178	 x19:0xfffffff3 x17:0xffffffef
       21605000	      2159	00000000	00000013	addi	x0,x0,0	  x0:0x00000000
       21615000	      2160	80002174	00000013	addi	x0,x0,0	  x0:0x00000000
       21625000	      2161	80002178	27c5e413	ori	x8,x11,636	 x11:0xfffff8dc  x8=0xfffffafc
       21635000	      2162	8000217c	ffb98993	addi	x19,x19,-5	 x19:0xfffffff3 x19=0xffffffee
       21645000	      2163	80002180	ff19dce3	bge	x19,x17,80002178	 x19:0xffffffee x17:0xffffffef
       21655000	      2164	80002184	fdb79ae3	bne	x15,x27,80002158	 x15:0x00000001 x27:0xfffffffa
       21665000	      2165	00000000	00000013	addi	x0,x0,0	  x0:0x00000000
       21675000	      2166	80002154	00000013	addi	x0,x0,0	  x0:0x00000000
       21685000	      2167	80002158	00cd05b3	add	x11,x26,x12	 x26:0x0000002c x12:0xfffff8b0 x11=0xfffff8dc
       21695000	      2168	8000215c	007ddeb3	srl	x29,x27,x7	 x27:0xfffffffa  x7:0x0000064f x29=0x0001ffff
       21705000	      2169	80002160	ff978793	addi	x15,x15,-7	 x15:0x00000001 x15=0xfffffffa
       21715000	      2170	80002164	185d4f13	xori	x30,x26,389	 x26:0x0000002c x30=0x000001a9
       21725000	      2171	80002168	ff800993	addi	x19,x0,-8	  x0:0x00000000 x19=0xfffffff8
       21735000	      2172	8000216c	0056d813	srli	x16,x13,0x5	 x13:0x00000001 x16=0x00000000
       21745000	      2173	80002170	fef00893	addi	x17,x0,-17	  x0:0x00000000 x17=0xffffffef
       21755000	      2174	80002174	002f1c33	sll	x24,x30,x2	 x30:0x000001a9  x2:0x80009fc4 x24=0x00001a90
       21765000	      2175	80002178	27c5e413	ori	x8,x11,636	 x11:0xfffff8dc  x8=0xfffffafc
       21775000	      2176	8000217c	ffb98993	addi	x19,x19,-5	 x19:0xfffffff8 x19=0xfffffff3
       21785000	      2177	80002180	ff19dce3	bge	x19,x17,80002178	 x19:0xfffffff3 x17:0xffffffef
       21795000	      2178	00000000	00000013	addi	x0,x0,0	  x0:0x00000000
       21805000	      2179	80002174	00000013	addi	x0,x0,0	  x0:0x00000000
       21815000	      2180	80002178	27c5e413	ori	x8,x11,636	 x11:0xfffff8dc  x8=0xfffffafc
       21825000	      2181	8000217c	ffb98993	addi	x19,x19,-5	 x19:0xfffffff3 x19=0xffffffee
       21835000	      2182	80002180	ff19dce3	bge	x19,x17,80002178	 x19:0xffffffee x17:0xffffffef
       21845000	      2183	80002184	fdb79ae3	bne	x15,x27,80002158	 x15:0xfffffffa x27:0xfffffffa
       21855000	      2184	80002188	00c324b3	slt	x9,x6,x12	  x6:0x00000017 x12:0xfffff8b0  x9=0x00000000
       21865000	      2185	8000218c	005e6b33	or	x22,x28,x5	 x28:0xffffffef  x5:0x00000001 x22=0xffffffef
       21875000	      2186	80002190	01821193	slli	x3,x4,0x18	  x4:0x7482f349  x3=0x49000000
       21885000	      2187	80002194	00000013	addi	x0,x0,0	  x0:0x00000000
       21895000	      2188	80002198	37628213	addi	x4,x5,886	  x5:0x00000001  x4=0x00000377
       21905000	      2189	8000219c	01d24b33	xor	x22,x4,x29	  x4:0x00000377 x29:0x0001ffff x22=0x0001fc88
       21915000	      2190	800021a0	014be733	or	x14,x23,x20	 x23:0xffffffee x20:0xcc835124 x14=0xffffffee
       21925000	      2191	800021a4	01235033	srl	x0,x6,x18	  x6:0x00000017 x18:0x00000015
       21935000	      2192	800021a8	00300a13	addi	x20,x0,3	  x0:0x00000000 x20=0x00000003
       21945000	      2193	800021ac	00800413	addi	x8,x0,8	  x0:0x00000000  x8=0x00000008
       21955000	      2194	800021b0	9d332693	slti	x13,x6,-1581	  x6:0x00000017 x13=0x00000000
       21965000	      2195	800021b4	ed3f3613	sltiu	x12,x30,-301	 x30:0x000001a9 x12=0x00000001
       21975000	      2196	800021b8	008a0a13	addi	x20,x20,8	 x20:0x00000003 x20=0x0000000b
       21985000	      2197	800021bc	ff600d93	addi	x27,x0,-10	  x0:0x00000000 x27=0xfffffff6
       21995000	      2198	800021c0	00c013b3	sll	x7,x0,x12	  x0:0x00000000 x12:0x00000001  x7=0x00000000
       22005000	      2199	800021c4	ff500c93	addi	x25,x0,-11	  x0:0x00000000 x25=0xfffffff5
       22015000	      2200	800021c8	5811bc13	sltiu	x24,x3,1409	  x3:0x49000000 x24=0x00000000
       22025000	      2201	800021cc	fe384c17	auipc	x24,0xfe384	 x24=0x7e3861c8
       22035000	      2202	800021d0	ffad8d93	addi	x27,x27,-6	 x27:0xfffffff6 x27=0xfffffff0
       22045000	      2203	800021d4	00000013	addi	x0,x0,0	  x0:0x00000000
       22055000	      2204	800021d8	ff9dd8e3	bge	x27,x25,800021c8	 x27:0xfffffff0 x25:0xfffffff5
       22065000	      2205	800021dc	0e8b3393	sltiu	x7,x22,232	 x22:0x0001fc88  x7=0x00000000
       22075000	      2206	800021e0	fc8a6ae3	bltu	x20,x8,800021b4	 x20:0x0000000b  x8:0x00000008
       22085000	      2207	800021e4	60aeb013	sltiu	x0,x29,1546	 x29:0x0001ffff
       22095000	      2208	800021e8	010dc333	xor	x6,x27,x16	 x27:0xfffffff0 x16:0x00000000  x6=0xfffffff0
       22105000	      2209	800021ec	8fba9697	auipc	x13,0x8fba9	 x13=0x0fbab1e8
       22115000	      2210	800021f0	e7a3fcb7	lui	x25,0xe7a3f	 x25=0xe7a3f000
       22125000	      2211	800021f4	40efdd13	srai	x26,x31,0xe	 x31:0x00000000 x26=0x00000000
       22135000	      2212	800021f8	002c29b3	slt	x19,x24,x2	 x24:0x7e3861c8  x2:0x80009fc4 x19=0x00000000
       22145000	      2213	800021fc	00355e93	srli	x29,x10,0x3	 x10:0x0000000a x29=0x00000001
       22155000	      2214	80002200	732c6497	auipc	x9,0x732c6	  x9=0xf32c81fc
       22165000	      2215	80002204	01d996b3	sll	x13,x19,x29	 x19:0x00000000 x29:0x00000001 x13=0x00000000
       22175000	      2216	80002208	01445733	srl	x14,x8,x20	  x8:0x00000008 x20:0x0000000b x14=0x00000000
       22185000	      2217	8000220c	02ed1863	bne	x26,x14,8000223c	 x26:0x00000000 x14:0x00000000
       22195000	      2218	80002210	00954433	xor	x8,x10,x9	 x10:0x0000000a  x9:0xf32c81fc  x8=0xf32c81f6
       22205000	      2219	80002214	7d218d17	auipc	x26,0x7d218	 x26=0xfd21a210
       22215000	      2220	80002218	1d4cf793	andi	x15,x25,468	 x25:0xe7a3f000 x15=0x00000000
       22225000	      2221	8000221c	0aada693	slti	x13,x27,170	 x27:0xfffffff0 x13=0x00000001
       22235000	      2222	80002220	00307333	and	x6,x0,x3	  x0:0x00000000  x3:0x49000000  x6=0x00000000
       22245000	      2223	80002224	56529cb7	lui	x25,0x56529	 x25=0x56529000
       22255000	      2224	80002228	215dc513	xori	x10,x27,533	 x27:0xfffffff0 x10=0xfffffde5
       22265000	      2225	8000222c	02a0ce63	blt	x1,x10,80002268	  x1:0x00000001 x10:0xfffffde5
       22275000	      2226	80002230	0541e463	bltu	x3,x20,80002278	  x3:0x49000000 x20:0x0000000b
       22285000	      2227	80002234	096bfd13	andi	x26,x23,150	 x23:0xffffffee x26=0x00000086
       22295000	      2228	80002238	0312ce63	blt	x5,x17,80002274	  x5:0x00000001 x17:0xffffffef
       22305000	      2229	8000223c	763e3413	sltiu	x8,x28,1891	 x28:0xffffffef  x8=0x00000000
       22315000	      2230	80002240	90bfe893	ori	x17,x31,-1781	 x31:0x00000000 x17=0xfffff90b
       22325000	      2231	80002244	ba5ec5b7	lui	x11,0xba5ec	 x11=0xba5ec000
       22335000	      2232	80002248	007b2d33	slt	x26,x22,x7	 x22:0x0001fc88  x7:0x00000000 x26=0x00000000
       22345000	      2233	8000224c	c1bbc593	xori	x11,x23,-997	 x23:0xffffffee x11=0x000003f5
       22355000	      2234	80002250	0137f4b3	and	x9,x15,x19	 x15:0x00000000 x19:0x00000000  x9=0x00000000
       22365000	      2235	80002254	008f5663	bge	x30,x8,80002260	 x30:0x000001a9  x8:0x00000000
       22375000	      2236	00000000	00000013	addi	x0,x0,0	  x0:0x00000000
       22385000	      2237	8000225c	00000013	addi	x0,x0,0	  x0:0x00000000
       22395000	      2238	80002260	40265f13	srai	x30,x12,0x2	 x12:0x00000001 x30=0x00000000
       22405000	      2239	80002264	01dd9233	sll	x4,x27,x29	 x27:0xfffffff0 x29:0x00000001  x4=0xffffffe0
       22415000	      2240	80002268	8e6eb317	auipc	x6,0x8e6eb	  x6=0x0e6ed264
       22425000	      2241	8000226c	012e58b3	srl	x17,x28,x18	 x28:0xffffffef x18:0x00000015 x17=0x000007ff
       22435000	      2242	80002270	0010c3b3	xor	x7,x1,x1	  x1:0x00000001  x1:0x00000001  x7=0x00000000
       22445000	      2243	80002274	4072d513	srai	x10,x5,0x7	  x5:0x00000001 x10=0x00000000
       22455000	      2244	80002278	54513193	sltiu	x3,x2,1349	  x2:0x80009fc4  x3=0x00000000
       22465000	      2245	8000227c	402f8733	sub	x14,x31,x2	 x31:0x00000000  x2:0x80009fc4 x14=0x7fff603c
       22475000	      2246	80002280	9b2e4193	xori	x3,x28,-1614	 x28:0xffffffef  x3=0x0000065d
       22485000	      2247	80002284	00058bb3	add	x23,x11,x0	 x11:0x000003f5  x0:0x00000000 x23=0x000003f5
       22495000	      2248	80002288	479d2e13	slti	x28,x26,1145	 x26:0x00000000 x28=0x00000001
       22505000	      2249	8000228c	016e07b3	add	x15,x28,x22	 x28:0x00000001 x22:0x0001fc88 x15=0x0001fc89
       22515000	      2250	80002290	01ae33b3	sltu	x7,x28,x26	 x28:0x00000001 x26:0x00000000  x7=0x00000000
       22525000	      2251	80002294	01c64d33	xor	x26,x12,x28	 x12:0x00000001 x28:0x00000001 x26=0x00000000
       22535000	      2252	80002298	199b8293	addi	x5,x23,409	 x23:0x000003f5  x5=0x0000058e
       22545000	      2253	8000229c	3728f913	andi	x18,x17,882	 x17:0x000007ff x18=0x00000372
       22555000	      2254	800022a0	79444d93	xori	x27,x8,1940	  x8:0x00000000 x27=0x00000794
       22565000	      2255	800022a4	001de333	or	x6,x27,x1	 x27:0x00000794  x1:0x00000001  x6=0x00000795
       22575000	      2256	800022a8	8ba8ae93	slti	x29,x17,-1862	 x17:0x000007ff x29=0x00000000
       22585000	      2257	800022ac	000b9d13	slli	x26,x23,0x0	 x23:0x000003f5 x26=0x000003f5
       22595000	      2258	800022b0	0154ceb3	xor	x29,x9,x21	  x9:0x00000000 x21:0x80009f2c x29=0x80009f2c
       22605000	      2259	800022b4	00fd5833	srl	x16,x26,x15	 x26:0x000003f5 x15:0x0001fc89 x16=0x00000001
       22615000	      2260	800022b8	447b0293	addi	x5,x22,1095	 x22:0x0001fc88  x5=0x000200cf
       22625000	      2261	800022bc	012e1993	slli	x19,x28,0x12	 x28:0x00000001 x19=0x00040000
       22635000	      2262	800022c0	01b164b3	or	x9,x2,x27	  x2:0x80009fc4 x27:0x00000794  x9=0x80009fd4
       22645000	      2263	800022c4	d454c393	xori	x7,x9,-699	  x9:0x80009fd4  x7=0x7fff6291
       22655000	      2264	800022c8	41905a13	srai	x20,x0,0x19	  x0:0x00000000 x20=0x00000000
       22665000	      2265	800022cc	00057333	and	x6,x10,x0	 x10:0x00000000  x0:0x00000000  x6=0x00000000
       22675000	      2266	800022d0	048e7663	bgeu	x28,x8,8000231c	 x28:0x00000001  x8:0x00000000
       22685000	      2267	00000000	00000013	addi	x0,x0,0	  x0:0x00000000
       22695000	      2268	80002318	00000013	addi	x0,x0,0	  x0:0x00000000
       22705000	      2269	8000231c	00ad2f33	slt	x30,x26,x10	 x26:0x000003f5 x10:0x00000000 x30=0x00000000
       22715000	      2270	80002320	7c512b13	slti	x22,x2,1989	  x2:0x80009fc4 x22=0x00000001
       22725000	      2271	80002324	00000013	addi	x0,x0,0	  x0:0x00000000
       22735000	      2272	80002328	9f9dcd13	xori	x26,x27,-1543	 x27:0x00000794 x26=0xfffffe6d
       22745000	      2273	8000232c	00ec9eb3	sll	x29,x25,x14	 x25:0x56529000 x14:0x7fff603c x29=0x00000000
       22755000	      2274	80002330	01978463	beq	x15,x25,80002338	 x15:0x0001fc89 x25:0x56529000
       22765000	      2275	80002334	46a7fa13	andi	x20,x15,1130	 x15:0x0001fc89 x20=0x00000408
       22775000	      2276	80002338	41855533	sra	x10,x10,x24	 x10:0x00000000 x24:0x7e3861c8 x10=0x00000000
       22785000	      2277	8000233c	003717b3	sll	x15,x14,x3	 x14:0x7fff603c  x3:0x0000065d x15=0x80000000
       22795000	      2278	80002340	0105e463	bltu	x11,x16,80002348	 x11:0x000003f5 x16:0x00000001
       22805000	      2279	80002344	02dabb13	sltiu	x22,x21,45	 x21:0x80009f2c x22=0x00000000
       22815000	      2280	80002348	001d5633	srl	x12,x26,x1	 x26:0xfffffe6d  x1:0x00000001 x12=0x7fffff36
       22825000	      2281	8000234c	01f027b3	slt	x15,x0,x31	  x0:0x00000000 x31:0x00000000 x15=0x00000000
       22835000	      2282	80002350	3ae9ee93	ori	x29,x19,942	 x19:0x00040000 x29=0x000403ae
       22845000	      2283	80002354	07a30c63	beq	x6,x26,800023cc	  x6:0x00000000 x26:0xfffffe6d
       22855000	      2284	80002358	06305863	bge	x0,x3,800023c8	  x0:0x00000000  x3:0x0000065d
       22865000	      2285	8000235c	072a8a63	beq	x21,x18,800023d0	 x21:0x80009f2c x18:0x00000372
       22875000	      2286	80002360	01405833	srl	x16,x0,x20	  x0:0x00000000 x20:0x00000408 x16=0x00000000
       22885000	      2287	80002364	00900513	addi	x10,x0,9	  x0:0x00000000 x10=0x00000009
       22895000	      2288	80002368	00700b93	addi	x23,x0,7	  x0:0x00000000 x23=0x00000007
       22905000	      2289	8000236c	0148ac33	slt	x24,x17,x20	 x17:0x000007ff x20:0x00000408 x24=0x00000000
       22915000	      2290	80002370	fff50513	addi	x10,x10,-1	 x10:0x00000009 x10=0x00000008
       22925000	      2291	80002374	ffc00693	addi	x13,x0,-4	  x0:0x00000000 x13=0xfffffffc
       22935000	      2292	80002378	ffa00b13	addi	x22,x0,-6	  x0:0x00000000 x22=0xfffffffa
       22945000	      2293	8000237c	5542e397	auipc	x7,0x5542e	  x7=0xd5430378
       22955000	      2294	80002380	ffd68693	addi	x13,x13,-3	 x13:0xfffffffc x13=0xfffffff9
       22965000	      2295	80002384	ff66dce3	bge	x13,x22,8000237c	 x13:0xfffffff9 x22:0xfffffffa
       22975000	      2296	80002388	ff7572e3	bgeu	x10,x23,8000236c	 x10:0x00000008 x23:0x00000007
       22985000	      2297	00000000	00000013	addi	x0,x0,0	  x0:0x00000000
       22995000	      2298	80002368	00000013	addi	x0,x0,0	  x0:0x00000000
       23005000	      2299	8000236c	0148ac33	slt	x24,x17,x20	 x17:0x000007ff x20:0x00000408 x24=0x00000000
       23015000	      2300	80002370	fff50513	addi	x10,x10,-1	 x10:0x00000008 x10=0x00000007
       23025000	      2301	80002374	ffc00693	addi	x13,x0,-4	  x0:0x00000000 x13=0xfffffffc
       23035000	      2302	80002378	ffa00b13	addi	x22,x0,-6	  x0:0x00000000 x22=0xfffffffa
       23045000	      2303	8000237c	5542e397	auipc	x7,0x5542e	  x7=0xd5430378
       23055000	      2304	80002380	ffd68693	addi	x13,x13,-3	 x13:0xfffffffc x13=0xfffffff9
       23065000	      2305	80002384	ff66dce3	bge	x13,x22,8000237c	 x13:0xfffffff9 x22:0xfffffffa
       23075000	      2306	80002388	ff7572e3	bgeu	x10,x23,8000236c	 x10:0x00000007 x23:0x00000007
       23085000	      2307	00000000	00000013	addi	x0,x0,0	  x0:0x00000000
       23095000	      2308	80002368	00000013	addi	x0,x0,0	  x0:0x00000000
       23105000	      2309	8000236c	0148ac33	slt	x24,x17,x20	 x17:0x000007ff x20:0x00000408 x24=0x00000000
       23115000	      2310	80002370	fff50513	addi	x10,x10,-1	 x10:0x00000007 x10=0x00000006
       23125000	      2311	80002374	ffc00693	addi	x13,x0,-4	  x0:0x00000000 x13=0xfffffffc
       23135000	      2312	80002378	ffa00b13	addi	x22,x0,-6	  x0:0x00000000 x22=0xfffffffa
       23145000	      2313	8000237c	5542e397	auipc	x7,0x5542e	  x7=0xd5430378
       23155000	      2314	80002380	ffd68693	addi	x13,x13,-3	 x13:0xfffffffc x13=0xfffffff9
       23165000	      2315	80002384	ff66dce3	bge	x13,x22,8000237c	 x13:0xfffffff9 x22:0xfffffffa
       23175000	      2316	80002388	ff7572e3	bgeu	x10,x23,8000236c	 x10:0x00000006 x23:0x00000007
       23185000	      2317	8000238c	00fc9c13	slli	x24,x25,0xf	 x25:0x56529000 x24=0x48000000
       23195000	      2318	80002390	022dea63	bltu	x27,x2,800023c4	 x27:0x00000794  x2:0x80009fc4
       23205000	      2319	00000000	00000013	addi	x0,x0,0	  x0:0x00000000
       23215000	      2320	800023c0	00000013	addi	x0,x0,0	  x0:0x00000000
       23225000	      2321	800023c4	409c0033	sub	x0,x24,x9	 x24:0x48000000  x9:0x80009fd4
       23235000	      2322	800023c8	00556cb3	or	x25,x10,x5	 x10:0x00000006  x5:0x000200cf x25=0x000200cf
       23245000	      2323	800023cc	03b75a63	bge	x14,x27,80002400	 x14:0x7fff603c x27:0x00000794
       23255000	      2324	00000000	00000013	addi	x0,x0,0	  x0:0x00000000
       23265000	      2325	800023fc	00000013	addi	x0,x0,0	  x0:0x00000000
       23275000	      2326	80002400	004d1213	slli	x4,x26,0x4	 x26:0xfffffe6d  x4=0xffffe6d0
       23285000	      2327	80002404	0419f063	bgeu	x19,x1,80002444	 x19:0x00040000  x1:0x00000001
       23295000	      2328	00000000	00000013	addi	x0,x0,0	  x0:0x00000000
       23305000	      2329	80002440	00000013	addi	x0,x0,0	  x0:0x00000000
       23315000	      2330	80002444	07917c93	andi	x25,x2,121	  x2:0x80009fc4 x25=0x00000040
       23325000	      2331	80002448	004b0463	beq	x22,x4,80002450	 x22:0xfffffffa  x4:0xffffe6d0
       23335000	      2332	8000244c	024c1663	bne	x24,x4,80002478	 x24:0x48000000  x4:0xffffe6d0
       23345000	      2333	00000000	00000013	addi	x0,x0,0	  x0:0x00000000
       23355000	      2334	80002474	00000013	addi	x0,x0,0	  x0:0x00000000
       23365000	      2335	80002478	ecf84a17	auipc	x20,0xecf84	 x20=0x6cf86474
       23375000	      2336	8000247c	a1d0c513	xori	x10,x1,-1507	  x1:0x00000001 x10=0xfffffa1c
       23385000	      2337	80002480	04326463	bltu	x4,x3,800024c8	  x4:0xffffe6d0  x3:0x0000065d
       23395000	      2338	80002484	012545b3	xor	x11,x10,x18	 x10:0xfffffa1c x18:0x00000372 x11=0xfffff96e
       23405000	      2339	80002488	0322e863	bltu	x5,x18,800024b8	  x5:0x000200cf x18:0x00000372
       23415000	      2340	8000248c	00ea5393	srli	x7,x20,0xe	 x20:0x6cf86474  x7=0x0001b3e1
       23425000	      2341	80002490	01e97b33	and	x22,x18,x30	 x18:0x00000372 x30:0x00000000 x22=0x00000000
       23435000	      2342	80002494	01bd8e33	add	x28,x27,x27	 x27:0x00000794 x27:0x00000794 x28=0x00000f28
       23445000	      2343	80002498	01c34033	xor	x0,x6,x28	  x6:0x00000000 x28:0x00000f28
       23455000	      2344	8000249c	00000013	addi	x0,x0,0	  x0:0x00000000
       23465000	      2345	800024a0	9718b993	sltiu	x19,x17,-1679	 x17:0x000007ff x19=0x00000001
       23475000	      2346	800024a4	ebedcb37	lui	x22,0xebedc	 x22=0xebedc000
       23485000	      2347	800024a8	41f9d413	srai	x8,x19,0x1f	 x19:0x00000001  x8=0x00000000
       23495000	      2348	800024ac	b710e513	ori	x10,x1,-1167	  x1:0x00000001 x10=0xfffffb71
       23505000	      2349	800024b0	40280033	sub	x0,x16,x2	 x16:0x00000000  x2:0x80009fc4
       23515000	      2350	800024b4	00e596b3	sll	x13,x11,x14	 x11:0xfffff96e x14:0x7fff603c x13=0xe0000000
       23525000	      2351	800024b8	401fdb93	srai	x23,x31,0x1	 x31:0x00000000 x23=0x00000000
       23535000	      2352	800024bc	41d95333	sra	x6,x18,x29	 x18:0x00000372 x29:0x000403ae  x6=0x00000000
       23545000	      2353	800024c0	01831e33	sll	x28,x6,x24	  x6:0x00000000 x24:0x48000000 x28=0x00000000
       23555000	      2354	800024c4	407656b3	sra	x13,x12,x7	 x12:0x7fffff36  x7:0x0001b3e1 x13=0x3fffff9b
       23565000	      2355	800024c8	bb013e93	sltiu	x29,x2,-1104	  x2:0x80009fc4 x29=0x00000001
       23575000	      2356	800024cc	00135263	bge	x6,x1,800024d0	  x6:0x00000000  x1:0x00000001
       23585000	      2357	800024d0	54efaa17	auipc	x20,0x54efa	 x20=0xd4efc4cc
       23595000	      2358	800024d4	01f647b3	xor	x15,x12,x31	 x12:0x7fffff36 x31:0x00000000 x15=0x7fffff36
       23605000	      2359	800024d8	88196c13	ori	x24,x18,-1919	 x18:0x00000372 x24=0xfffffbf3
       23615000	      2360	800024dc	2b338797	auipc	x15,0x2b338	 x15=0xab33a4d8
       23625000	      2361	800024e0	4063dc13	srai	x24,x7,0x6	  x7:0x0001b3e1 x24=0x000006cf
       23635000	      2362	800024e4	4028dcb3	sra	x25,x17,x2	 x17:0x000007ff  x2:0x80009fc4 x25=0x0000007f
       23645000	      2363	800024e8	0157d413	srli	x8,x15,0x15	 x15:0xab33a4d8  x8=0x00000559
       23655000	      2364	800024ec	24a8ba13	sltiu	x20,x17,586	 x17:0x000007ff x20=0x00000000
       23665000	      2365	800024f0	da90bd13	sltiu	x26,x1,-599	  x1:0x00000001 x26=0x00000001
       23675000	      2366	800024f4	0049e7b3	or	x15,x19,x4	 x19:0x00000001  x4:0xffffe6d0 x15=0xffffe6d1
       23685000	      2367	800024f8	00000013	addi	x0,x0,0	  x0:0x00000000
       23695000	      2368	800024fc	6996f193	andi	x3,x13,1689	 x13:0x3fffff9b  x3=0x00000699
       23705000	      2369	80002500	0011c533	xor	x10,x3,x1	  x3:0x00000699  x1:0x00000001 x10=0x00000698
       23715000	      2370	80002504	018191b3	sll	x3,x3,x24	  x3:0x00000699 x24:0x000006cf  x3=0x034c8000
       23725000	      2371	80002508	414604b3	sub	x9,x12,x20	 x12:0x7fffff36 x20:0x00000000  x9=0x7fffff36
       23735000	      2372	8000250c	00000013	addi	x0,x0,0	  x0:0x00000000
       23745000	      2373	80002510	00677c33	and	x24,x14,x6	 x14:0x7fff603c  x6:0x00000000 x24=0x00000000
       23755000	      2374	80002514	00000013	addi	x0,x0,0	  x0:0x00000000
       23765000	      2375	80002518	00a11863	bne	x2,x10,80002528	  x2:0x80009fc4 x10:0x00000698
       23775000	      2376	00000000	00000013	addi	x0,x0,0	  x0:0x00000000
       23785000	      2377	80002524	00000013	addi	x0,x0,0	  x0:0x00000000
       23795000	      2378	80002528	f7f86897	auipc	x17,0xf7f86	 x17=0x77f88524
       23805000	      2379	8000252c	00000013	addi	x0,x0,0	  x0:0x00000000
       23815000	      2380	80002530	03821e63	bne	x4,x24,8000256c	  x4:0xffffe6d0 x24:0x00000000
       23825000	      2381	00000000	00000013	addi	x0,x0,0	  x0:0x00000000
       23835000	      2382	80002568	00000013	addi	x0,x0,0	  x0:0x00000000
       23845000	      2383	8000256c	401fd433	sra	x8,x31,x1	 x31:0x00000000  x1:0x00000001  x8=0x00000000
       23855000	      2384	80002570	00e6ddb3	srl	x27,x13,x14	 x13:0x3fffff9b x14:0x7fff603c x27=0x00000003
       23865000	      2385	80002574	00136463	bltu	x6,x1,8000257c	  x6:0x00000000  x1:0x00000001
       23875000	      2386	00000000	00000013	addi	x0,x0,0	  x0:0x00000000
       23885000	      2387	80002578	00000013	addi	x0,x0,0	  x0:0x00000000
       23895000	      2388	8000257c	08814b93	xori	x23,x2,136	  x2:0x80009fc4 x23=0x80009f4c
       23905000	      2389	80002580	01615a63	bge	x2,x22,80002594	  x2:0x80009fc4 x22:0xebedc000
       23915000	      2390	80002584	00299463	bne	x19,x2,8000258c	 x19:0x00000001  x2:0x80009fc4
       23925000	      2391	00000000	00000013	addi	x0,x0,0	  x0:0x00000000
       23935000	      2392	80002588	00000013	addi	x0,x0,0	  x0:0x00000000
       23945000	      2393	8000258c	01972633	slt	x12,x14,x25	 x14:0x7fff603c x25:0x0000007f x12=0x00000000
       23955000	      2394	80002590	007a58b3	srl	x17,x20,x7	 x20:0x00000000  x7:0x0001b3e1 x17=0x00000000
       23965000	      2395	80002594	fce07093	andi	x1,x0,-50	  x0:0x00000000  x1=0x00000000
       23975000	      2396	80002598	00000013	addi	x0,x0,0	  x0:0x00000000
       23985000	      2397	8000259c	01c85333	srl	x6,x16,x28	 x16:0x00000000 x28:0x00000000  x6=0x00000000
       23995000	      2398	800025a0	054f4463	blt	x30,x20,800025e8	 x30:0x00000000 x20:0x00000000
       24005000	      2399	800025a4	00a980b3	add	x1,x19,x10	 x19:0x00000001 x10:0x00000698  x1=0x00000699
       24015000	      2400	800025a8	01e797b3	sll	x15,x15,x30	 x15:0xffffe6d1 x30:0x00000000 x15=0xffffe6d1
       24025000	      2401	800025ac	00678833	add	x16,x15,x6	 x15:0xffffe6d1  x6:0x00000000 x16=0xffffe6d1
       24035000	      2402	800025b0	013bb433	sltu	x8,x23,x19	 x23:0x80009f4c x19:0x00000001  x8=0x00000000
       24045000	      2403	800025b4	4a7c8413	addi	x8,x25,1191	 x25:0x0000007f  x8=0x00000526
       24055000	      2404	800025b8	13e36993	ori	x19,x6,318	  x6:0x00000000 x19=0x0000013e
       24065000	      2405	800025bc	05da8063	beq	x21,x29,800025fc	 x21:0x80009f2c x29:0x00000001
       24075000	      2406	800025c0	cea7fa13	andi	x20,x15,-790	 x15:0xffffe6d1 x20=0xffffe4c0
       24085000	      2407	800025c4	0011f8b3	and	x17,x3,x1	  x3:0x034c8000  x1:0x00000699 x17=0x00000000
       24095000	      2408	800025c8	019200b3	add	x1,x4,x25	  x4:0xffffe6d0 x25:0x0000007f  x1=0xffffe74f
       24105000	      2409	800025cc	00f81633	sll	x12,x16,x15	 x16:0xffffe6d1 x15:0xffffe6d1 x12=0xcda20000
       24115000	      2410	800025d0	00c21c33	sll	x24,x4,x12	  x4:0xffffe6d0 x12:0xcda20000 x24=0xffffe6d0
       24125000	      2411	800025d4	d0a98593	addi	x11,x19,-758	 x19:0x0000013e x11=0xfffffe48
       24135000	      2412	800025d8	01791193	slli	x3,x18,0x17	 x18:0x00000372  x3=0xb9000000
       24145000	      2413	800025dc	050de463	bltu	x27,x16,80002624	 x27:0x00000003 x16:0xffffe6d1
       24155000	      2414	00000000	00000013	addi	x0,x0,0	  x0:0x00000000
       24165000	      2415	80002620	00000013	addi	x0,x0,0	  x0:0x00000000
       24175000	      2416	80002624	00fa1533	sll	x10,x20,x15	 x20:0xffffe4c0 x15:0xffffe6d1 x10=0xc9800000
       24185000	      2417	80002628	03a9ea63	bltu	x19,x26,8000265c	 x19:0x0000013e x26:0x00000001
       24195000	      2418	8000262c	f4dfa317	auipc	x6,0xf4dfa	  x6=0x74dfc628
       24205000	      2419	80002630	4061d533	sra	x10,x3,x6	  x3:0xb9000000  x6:0x74dfc628 x10=0xffb90000
       24215000	      2420	80002634	0396f663	bgeu	x13,x25,80002660	 x13:0x3fffff9b x25:0x0000007f
       24225000	      2421	00000000	00000013	addi	x0,x0,0	  x0:0x00000000
       24235000	      2422	8000265c	00000013	addi	x0,x0,0	  x0:0x00000000
       24245000	      2423	80002660	407089b3	sub	x19,x1,x7	  x1:0xffffe74f  x7:0x0001b3e1 x19=0xfffe336e
       24255000	      2424	80002664	6ef67193	andi	x3,x12,1775	 x12:0xcda20000  x3=0x00000000
       24265000	      2425	80002668	0041ab33	slt	x22,x3,x4	  x3:0x00000000  x4:0xffffe6d0 x22=0x00000000
       24275000	      2426	8000266c	00bbdf13	srli	x30,x23,0xb	 x23:0x80009f4c x30=0x00100013
       24285000	      2427	80002670	4118d5b3	sra	x11,x17,x17	 x17:0x00000000 x17:0x00000000 x11=0x00000000
       24295000	      2428	80002674	007d59b3	srl	x19,x26,x7	 x26:0x00000001  x7:0x0001b3e1 x19=0x00000000
       24305000	      2429	80002678	00000013	addi	x0,x0,0	  x0:0x00000000
       24315000	      2430	8000267c	00b7dd93	srli	x27,x15,0xb	 x15:0xffffe6d1 x27=0x001ffffc
       24325000	      2431	80002680	018095b3	sll	x11,x1,x24	  x1:0xffffe74f x24:0xffffe6d0 x11=0xe74f0000
       24335000	      2432	80002684	0149d713	srli	x14,x19,0x14	 x19:0x00000000 x14=0x00000000
       24345000	      2433	80002688	05b74663	blt	x14,x27,800026d4	 x14:0x00000000 x27:0x001ffffc
       24355000	      2434	00000000	00000013	addi	x0,x0,0	  x0:0x00000000
       24365000	      2435	800026d0	00000013	addi	x0,x0,0	  x0:0x00000000
       24375000	      2436	800026d4	01cf9663	bne	x31,x28,800026e0	 x31:0x00000000 x28:0x00000000
       24385000	      2437	800026d8	00908863	beq	x1,x9,800026e8	  x1:0xffffe74f  x9:0x7fffff36
       24395000	      2438	800026dc	003b2633	slt	x12,x22,x3	 x22:0x00000000  x3:0x00000000 x12=0x00000000
       24405000	      2439	800026e0	000369b3	or	x19,x6,x0	  x6:0x74dfc628  x0:0x00000000 x19=0x74dfc628
       24415000	      2440	800026e4	014bc7b3	xor	x15,x23,x20	 x23:0x80009f4c x20:0xffffe4c0 x15=0x7fff7b8c
       24425000	      2441	800026e8	052cd663	bge	x25,x18,80002734	 x25:0x0000007f x18:0x00000372
       24435000	      2442	800026ec	062a0263	beq	x20,x2,80002750	 x20:0xffffe4c0  x2:0x80009fc4
       24445000	      2443	800026f0	ff600413	addi	x8,x0,-10	  x0:0x00000000  x8=0xfffffff6
       24455000	      2444	800026f4	5ef0a093	slti	x1,x1,1519	  x1:0xffffe74f  x1=0x00000001
       24465000	      2445	800026f8	01af5b93	srli	x23,x30,0x1a	 x30:0x00100013 x23=0x00000000
       24475000	      2446	800026fc	ff900613	addi	x12,x0,-7	  x0:0x00000000 x12=0xfffffff9
       24485000	      2447	80002700	00867833	and	x16,x12,x8	 x12:0xfffffff9  x8:0xfffffff6 x16=0xfffffff0
       24495000	      2448	80002704	0116fa33	and	x20,x13,x17	 x13:0x3fffff9b x17:0x00000000 x20=0x00000000
       24505000	      2449	80002708	0197b4b3	sltu	x9,x15,x25	 x15:0x7fff7b8c x25:0x0000007f  x9=0x00000000
       24515000	      2450	8000270c	40265593	srai	x11,x12,0x2	 x12:0xfffffff9 x11=0xfffffffe
       24525000	      2451	80002710	a18d2513	slti	x10,x26,-1512	 x26:0x00000001 x10=0x00000000
       24535000	      2452	80002714	ccb6b493	sltiu	x9,x13,-821	 x13:0x3fffff9b  x9=0x00000001
       24545000	      2453	80002718	01635593	srli	x11,x6,0x16	  x6:0x74dfc628 x11=0x000001d3
       24555000	      2454	8000271c	01e79213	slli	x4,x15,0x1e	 x15:0x7fff7b8c  x4=0x00000000
       24565000	      2455	80002720	40215693	srai	x13,x2,0x2	  x2:0x80009fc4 x13=0xe00027f1
       24575000	      2456	80002724	00340413	addi	x8,x8,3	  x8:0xfffffff6  x8=0xfffffff9
       24585000	      2457	80002728	01acef33	or	x30,x25,x26	 x25:0x0000007f x26:0x00000001 x30=0x0000007f
       24595000	      2458	8000272c	fcc41ce3	bne	x8,x12,80002704	  x8:0xfffffff9 x12:0xfffffff9
       24605000	      2459	80002730	4136dc13	srai	x24,x13,0x13	 x13:0xe00027f1 x24=0xfffffc00
       24615000	      2460	80002734	a756dcb7	lui	x25,0xa756d	 x25=0xa756d000
       24625000	      2461	80002738	01dffd33	and	x26,x31,x29	 x31:0x00000000 x29:0x00000001 x26=0x00000000
       24635000	      2462	8000273c	0120beb3	sltu	x29,x1,x18	  x1:0x00000001 x18:0x00000372 x29=0x00000001
       24645000	      2463	80002740	00533633	sltu	x12,x6,x5	  x6:0x74dfc628  x5:0x000200cf x12=0x00000000
       24655000	      2464	80002744	04769663	bne	x13,x7,80002790	 x13:0xe00027f1  x7:0x0001b3e1
       24665000	      2465	00000000	00000013	addi	x0,x0,0	  x0:0x00000000
       24675000	      2466	8000278c	00000013	addi	x0,x0,0	  x0:0x00000000
       24685000	      2467	80002790	00a89db3	sll	x27,x17,x10	 x17:0x00000000 x10:0x00000000 x27=0x00000000
       24695000	      2468	80002794	4046d0b3	sra	x1,x13,x4	 x13:0xe00027f1  x4:0x00000000  x1=0xe00027f1
       24705000	      2469	80002798	02e84e63	blt	x16,x14,800027d4	 x16:0xfffffff0 x14:0x00000000
       24715000	      2470	00000000	00000013	addi	x0,x0,0	  x0:0x00000000
       24725000	      2471	800027d0	00000013	addi	x0,x0,0	  x0:0x00000000
       24735000	      2472	800027d4	050be263	bltu	x23,x16,80002818	 x23:0x00000000 x16:0xfffffff0
       24745000	      2473	00000000	00000013	addi	x0,x0,0	  x0:0x00000000
       24755000	      2474	80002814	00000013	addi	x0,x0,0	  x0:0x00000000
       24765000	      2475	80002818	00b9e6b3	or	x13,x19,x11	 x19:0x74dfc628 x11:0x000001d3 x13=0x74dfc7fb
       24775000	      2476	8000281c	02006863	bltu	x0,x0,8000284c	  x0:0x00000000  x0:0x00000000
       24785000	      2477	80002820	00f582b3	add	x5,x11,x15	 x11:0x000001d3 x15:0x7fff7b8c  x5=0x7fff7d5f
       24795000	      2478	80002824	00fad713	srli	x14,x21,0xf	 x21:0x80009f2c x14=0x00010001
       24805000	      2479	80002828	014b24b3	slt	x9,x22,x20	 x22:0x00000000 x20:0x00000000  x9=0x00000000
       24815000	      2480	8000282c	6d2c4b13	xori	x22,x24,1746	 x24:0xfffffc00 x22=0xfffffad2
       24825000	      2481	80002830	0001e6b3	or	x13,x3,x0	  x3:0x00000000  x0:0x00000000 x13=0x00000000
       24835000	      2482	80002834	002583b3	add	x7,x11,x2	 x11:0x000001d3  x2:0x80009fc4  x7=0x8000a197
       24845000	      2483	80002838	032e9a63	bne	x29,x18,8000286c	 x29:0x00000001 x18:0x00000372
       24855000	      2484	00000000	00000013	addi	x0,x0,0	  x0:0x00000000
       24865000	      2485	80002868	00000013	addi	x0,x0,0	  x0:0x00000000
       24875000	      2486	8000286c	05715663	bge	x2,x23,800028b8	  x2:0x80009fc4 x23:0x00000000
       24885000	      2487	80002870	6dbcfb93	andi	x23,x25,1755	 x25:0xa756d000 x23=0x00000000
       24895000	      2488	80002874	01ad8633	add	x12,x27,x26	 x27:0x00000000 x26:0x00000000 x12=0x00000000
       24905000	      2489	80002878	a5ff4c93	xori	x25,x30,-1441	 x30:0x0000007f x25=0xfffffa20
       24915000	      2490	8000287c	4125d893	srai	x17,x11,0x12	 x11:0x000001d3 x17=0x00000000
       24925000	      2491	80002880	049f8463	beq	x31,x9,800028c8	 x31:0x00000000  x9:0x00000000
       24935000	      2492	00000000	00000013	addi	x0,x0,0	  x0:0x00000000
       24945000	      2493	800028c4	00000013	addi	x0,x0,0	  x0:0x00000000
       24955000	      2494	800028c8	41ac2213	slti	x4,x24,1050	 x24:0xfffffc00  x4=0x00000001
       24965000	      2495	800028cc	00362033	slt	x0,x12,x3	 x12:0x00000000  x3:0x00000000
       24975000	      2496	800028d0	419dd633	sra	x12,x27,x25	 x27:0x00000000 x25:0xfffffa20 x12=0x00000000
       24985000	      2497	800028d4	0127f3b3	and	x7,x15,x18	 x15:0x7fff7b8c x18:0x00000372  x7=0x00000300
       24995000	      2498	800028d8	01a7dd93	srli	x27,x15,0x1a	 x15:0x7fff7b8c x27=0x0000001f
       25005000	      2499	800028dc	00000013	addi	x0,x0,0	  x0:0x00000000
       25015000	      2500	800028e0	03169863	bne	x13,x17,80002910	 x13:0x00000000 x17:0x00000000
       25025000	      2501	800028e4	00000013	addi	x0,x0,0	  x0:0x00000000
       25035000	      2502	800028e8	01a117b3	sll	x15,x2,x26	  x2:0x80009fc4 x26:0x00000000 x15=0x80009fc4
       25045000	      2503	800028ec	0156a233	slt	x4,x13,x21	 x13:0x00000000 x21:0x80009f2c  x4=0x00000000
       25055000	      2504	800028f0	e4e56c13	ori	x24,x10,-434	 x10:0x00000000 x24=0xfffffe4e
       25065000	      2505	800028f4	01ef4663	blt	x30,x30,80002900	 x30:0x0000007f x30:0x0000007f
       25075000	      2506	800028f8	406fd913	srai	x18,x31,0x6	 x31:0x00000000 x18=0x00000000
       25085000	      2507	800028fc	02bc1663	bne	x24,x11,80002928	 x24:0xfffffe4e x11:0x000001d3
       25095000	      2508	00000000	00000013	addi	x0,x0,0	  x0:0x00000000
       25105000	      2509	80002924	00000013	addi	x0,x0,0	  x0:0x00000000
       25115000	      2510	80002928	2c2fac13	slti	x24,x31,706	 x31:0x00000000 x24=0x00000001
       25125000	      2511	8000292c	41444613	xori	x12,x8,1044	  x8:0xfffffff9 x12=0xfffffbed
       25135000	      2512	80002930	01a47f33	and	x30,x8,x26	  x8:0xfffffff9 x26:0x00000000 x30=0x00000000
       25145000	      2513	80002934	01860633	add	x12,x12,x24	 x12:0xfffffbed x24:0x00000001 x12=0xfffffbee
       25155000	      2514	80002938	05b9c063	blt	x19,x27,80002978	 x19:0x74dfc628 x27:0x0000001f
       25165000	      2515	8000293c	01bc1193	slli	x3,x24,0x1b	 x24:0x00000001  x3=0x08000000
       25175000	      2516	80002940	55782913	slti	x18,x16,1367	 x16:0xfffffff0 x18=0x00000001
       25185000	      2517	80002944	4fcdc293	xori	x5,x27,1276	 x27:0x0000001f  x5=0x000004e3
       25195000	      2518	80002948	00000013	addi	x0,x0,0	  x0:0x00000000
       25205000	      2519	8000294c	41db5833	sra	x16,x22,x29	 x22:0xfffffad2 x29:0x00000001 x16=0xfffffd69
       25215000	      2520	80002950	00b59e13	slli	x28,x11,0xb	 x11:0x000001d3 x28=0x000e9800
       25225000	      2521	80002954	0b793897	auipc	x17,0xb793	 x17=0x8b795950
       25235000	      2522	80002958	40625413	srai	x8,x4,0x6	  x4:0x00000000  x8=0x00000000
       25245000	      2523	8000295c	03950063	beq	x10,x25,8000297c	 x10:0x00000000 x25:0xfffffa20
       25255000	      2524	80002960	41e286b3	sub	x13,x5,x30	  x5:0x000004e3 x30:0x00000000 x13=0x000004e3
       25265000	      2525	80002964	00ca1693	slli	x13,x20,0xc	 x20:0x00000000 x13=0x00000000
       25275000	      2526	80002968	05738663	beq	x7,x23,800029b4	  x7:0x00000300 x23:0x00000000
       25285000	      2527	8000296c	bd150c93	addi	x25,x10,-1071	 x10:0x00000000 x25=0xfffffbd1
       25295000	      2528	80002970	015f5e33	srl	x28,x30,x21	 x30:0x00000000 x21:0x80009f2c x28=0x00000000
       25305000	      2529	80002974	00be8663	beq	x29,x11,80002980	 x29:0x00000001 x11:0x000001d3
       25315000	      2530	80002978	011de2b3	or	x5,x27,x17	 x27:0x0000001f x17:0x8b795950  x5=0x8b79595f
       25325000	      2531	8000297c	00c08bb3	add	x23,x1,x12	  x1:0xe00027f1 x12:0xfffffbee x23=0xe00023df
       25335000	      2532	80002980	013798b3	sll	x17,x15,x19	 x15:0x80009fc4 x19:0x74dfc628 x17=0x009fc400
       25345000	      2533	80002984	3657bb13	sltiu	x22,x15,869	 x15:0x80009fc4 x22=0x00000000
       25355000	      2534	80002988	43854c93	xori	x25,x10,1080	 x10:0x00000000 x25=0x00000438
       25365000	      2535	8000298c	007836b3	sltu	x13,x16,x7	 x16:0xfffffd69  x7:0x00000300 x13=0x00000000
       25375000	      2536	80002990	dc5fe413	ori	x8,x31,-571	 x31:0x00000000  x8=0xfffffdc5
       25385000	      2537	80002994	419b5bb3	sra	x23,x22,x25	 x22:0x00000000 x25:0x00000438 x23=0x00000000
       25395000	      2538	80002998	01441813	slli	x16,x8,0x14	  x8:0xfffffdc5 x16=0xdc500000
       25405000	      2539	8000299c	2ba05297	auipc	x5,0x2ba05	  x5=0xaba07998
       25415000	      2540	800029a0	401d8e33	sub	x28,x27,x1	 x27:0x0000001f  x1:0xe00027f1 x28=0x1fffd82e
       25425000	      2541	800029a4	01225293	srli	x5,x4,0x12	  x4:0x00000000  x5=0x00000000
       25435000	      2542	800029a8	03409663	bne	x1,x20,800029d4	  x1:0xe00027f1 x20:0x00000000
       25445000	      2543	00000000	00000013	addi	x0,x0,0	  x0:0x00000000
       25455000	      2544	800029d0	00000013	addi	x0,x0,0	  x0:0x00000000
       25465000	      2545	800029d4	31faed93	ori	x27,x21,799	 x21:0x80009f2c x27=0x80009f3f
       25475000	      2546	800029d8	04e4c463	blt	x9,x14,80002a20	  x9:0x00000000 x14:0x00010001
       25485000	      2547	00000000	00000013	addi	x0,x0,0	  x0:0x00000000
       25495000	      2548	80002a1c	00000013	addi	x0,x0,0	  x0:0x00000000
       25505000	      2549	80002a20	01637863	bgeu	x6,x22,80002a30	  x6:0x74dfc628 x22:0x00000000
       25515000	      2550	00000000	00000013	addi	x0,x0,0	  x0:0x00000000
       25525000	      2551	80002a2c	00000013	addi	x0,x0,0	  x0:0x00000000
       25535000	      2552	80002a30	00c58a33	add	x20,x11,x12	 x11:0x000001d3 x12:0xfffffbee x20=0xfffffdc1
       25545000	      2553	80002a34	01d27463	bgeu	x4,x29,80002a3c	  x4:0x00000000 x29:0x00000001
       25555000	      2554	80002a38	007ad263	bge	x21,x7,80002a3c	 x21:0x80009f2c  x7:0x00000300
       25565000	      2555	80002a3c	012c6a33	or	x20,x24,x18	 x24:0x00000001 x18:0x00000001 x20=0x00000001
       25575000	      2556	80002a40	01189a13	slli	x20,x17,0x11	 x17:0x009fc400 x20=0x88000000
       25585000	      2557	80002a44	65cb4d13	xori	x26,x22,1628	 x22:0x00000000 x26=0x0000065c
       25595000	      2558	80002a48	004a1bb3	sll	x23,x20,x4	 x20:0x88000000  x4:0x00000000 x23=0x88000000
       25605000	      2559	80002a4c	013ee733	or	x14,x29,x19	 x29:0x00000001 x19:0x74dfc628 x14=0x74dfc629
       25615000	      2560	80002a50	00000013	addi	x0,x0,0	  x0:0x00000000
       25625000	      2561	80002a54	0ad9d463	bge	x19,x13,80002afc	 x19:0x74dfc628 x13:0x00000000
       25635000	      2562	00000000	00000013	addi	x0,x0,0	  x0:0x00000000
       25645000	      2563	80002af8	00000013	addi	x0,x0,0	  x0:0x00000000
       25655000	      2564	80002afc	0064d013	srli	x0,x9,0x6	  x9:0x00000000
       25665000	      2565	80002b00	01f6d993	srli	x19,x13,0x1f	 x13:0x00000000 x19=0x00000000
       25675000	      2566	80002b04	037a4663	blt	x20,x23,80002b30	 x20:0x88000000 x23:0x88000000
       25685000	      2567	80002b08	00000013	addi	x0,x0,0	  x0:0x00000000
       25695000	      2568	80002b0c	01d7fa33	and	x20,x15,x29	 x15:0x80009fc4 x29:0x00000001 x20=0x00000000
       25705000	      2569	80002b10	00000013	addi	x0,x0,0	  x0:0x00000000
       25715000	      2570	80002b14	5bc6b393	sltiu	x7,x13,1468	 x13:0x00000000  x7=0x00000001
       25725000	      2571	80002b18	01fa65b3	or	x11,x20,x31	 x20:0x00000000 x31:0x00000000 x11=0x00000000
       25735000	      2572	80002b1c	00b08eb3	add	x29,x1,x11	  x1:0xe00027f1 x11:0x00000000 x29=0xe00027f1
       25745000	      2573	80002b20	015d05b3	add	x11,x26,x21	 x26:0x0000065c x21:0x80009f2c x11=0x8000a588
       25755000	      2574	80002b24	41f35e93	srai	x29,x6,0x1f	  x6:0x74dfc628 x29=0x00000000
       25765000	      2575	80002b28	01855a63	bge	x10,x24,80002b3c	 x10:0x00000000 x24:0x00000001
       25775000	      2576	80002b2c	03b35e63	bge	x6,x27,80002b68	  x6:0x74dfc628 x27:0x80009f3f
       25785000	      2577	00000000	00000013	addi	x0,x0,0	  x0:0x00000000
       25795000	      2578	80002b64	00000013	addi	x0,x0,0	  x0:0x00000000
       25805000	      2579	80002b68	40a1d213	srai	x4,x3,0xa	  x3:0x08000000  x4=0x00020000
       25815000	      2580	80002b6c	004d1663	bne	x26,x4,80002b78	 x26:0x0000065c  x4:0x00020000
       25825000	      2581	00000000	00000013	addi	x0,x0,0	  x0:0x00000000
       25835000	      2582	80002b74	00000013	addi	x0,x0,0	  x0:0x00000000
       25845000	      2583	80002b78	02f71663	bne	x14,x15,80002ba4	 x14:0x74dfc629 x15:0x80009fc4
       25855000	      2584	00000000	00000013	addi	x0,x0,0	  x0:0x00000000
       25865000	      2585	80002ba0	00000013	addi	x0,x0,0	  x0:0x00000000
       25875000	      2586	80002ba4	41f58cb3	sub	x25,x11,x31	 x11:0x8000a588 x31:0x00000000 x25=0x8000a588
       25885000	      2587	80002ba8	011806b3	add	x13,x16,x17	 x16:0xdc500000 x17:0x009fc400 x13=0xdcefc400
       25895000	      2588	80002bac	c74b6d13	ori	x26,x22,-908	 x22:0x00000000 x26=0xfffffc74
       25905000	      2589	80002bb0	dc6fed13	ori	x26,x31,-570	 x31:0x00000000 x26=0xfffffdc6
       25915000	      2590	80002bb4	5e9a6293	ori	x5,x20,1513	 x20:0x00000000  x5=0x000005e9
       25925000	      2591	80002bb8	d4fac993	xori	x19,x21,-689	 x21:0x80009f2c x19=0x7fff6263
       25935000	      2592	80002bbc	00068533	add	x10,x13,x0	 x13:0xdcefc400  x0:0x00000000 x10=0xdcefc400
       25945000	      2593	80002bc0	01422033	slt	x0,x4,x20	  x4:0x00020000 x20:0x00000000
       25955000	      2594	80002bc4	0029b9b3	sltu	x19,x19,x2	 x19:0x7fff6263  x2:0x80009fc4 x19=0x00000001
       25965000	      2595	80002bc8	0006d313	srli	x6,x13,0x0	 x13:0xdcefc400  x6=0xdcefc400
       25975000	      2596	80002bcc	6990ee13	ori	x28,x1,1689	  x1:0xe00027f1 x28=0xe00027f9
       25985000	      2597	80002bd0	be4b6513	ori	x10,x22,-1052	 x22:0x00000000 x10=0xfffffbe4
       25995000	      2598	80002bd4	00a4cdb3	xor	x27,x9,x10	  x9:0x00000000 x10:0xfffffbe4 x27=0xfffffbe4
       26005000	      2599	80002bd8	00000013	addi	x0,x0,0	  x0:0x00000000
       26015000	      2600	80002bdc	00000013	addi	x0,x0,0	  x0:0x00000000
       26025000	      2601	80002be0	0d364d93	xori	x27,x12,211	 x12:0xfffffbee x27=0xfffffb3d
       26035000	      2602	80002be4	026c9a63	bne	x25,x6,80002c18	 x25:0x8000a588  x6:0xdcefc400
       26045000	      2603	00000000	00000013	addi	x0,x0,0	  x0:0x00000000
       26055000	      2604	80002c14	00000013	addi	x0,x0,0	  x0:0x00000000
       26065000	      2605	80002c18	00c47863	bgeu	x8,x12,80002c28	  x8:0xfffffdc5 x12:0xfffffbee
       26075000	      2606	00000000	00000013	addi	x0,x0,0	  x0:0x00000000
       26085000	      2607	80002c24	00000013	addi	x0,x0,0	  x0:0x00000000
       26095000	      2608	80002c28	2c1d4f13	xori	x30,x26,705	 x26:0xfffffdc6 x30=0xffffff07
       26105000	      2609	80002c2c	07441e63	bne	x8,x20,80002ca8	  x8:0xfffffdc5 x20:0x00000000
       26115000	      2610	00000000	00000013	addi	x0,x0,0	  x0:0x00000000
       26125000	      2611	80002ca4	00000013	addi	x0,x0,0	  x0:0x00000000
       26135000	      2612	80002ca8	01360463	beq	x12,x19,80002cb0	 x12:0xfffffbee x19:0x00000001
       26145000	      2613	80002cac	374aa837	lui	x16,0x374aa	 x16=0x374aa000
       26155000	      2614	80002cb0	03e85e63	bge	x16,x30,80002cec	 x16:0x374aa000 x30:0xffffff07
       26165000	      2615	00000000	00000013	addi	x0,x0,0	  x0:0x00000000
       26175000	      2616	80002ce8	00000013	addi	x0,x0,0	  x0:0x00000000
       26185000	      2617	80002cec	cf472f13	slti	x30,x14,-780	 x14:0x74dfc629 x30=0x00000000
       26195000	      2618	80002cf0	8cc12793	slti	x15,x2,-1844	  x2:0x80009fc4 x15=0x00000001
       26205000	      2619	80002cf4	01a13eb3	sltu	x29,x2,x26	  x2:0x80009fc4 x26:0xfffffdc6 x29=0x00000001
       26215000	      2620	80002cf8	76268f13	addi	x30,x13,1890	 x13:0xdcefc400 x30=0xdcefcb62
       26225000	      2621	80002cfc	01920633	add	x12,x4,x25	  x4:0x00020000 x25:0x8000a588 x12=0x8002a588
       26235000	      2622	80002d00	01642533	slt	x10,x8,x22	  x8:0xfffffdc5 x22:0x00000000 x10=0x00000001
       26245000	      2623	80002d04	019643b3	xor	x7,x12,x25	 x12:0x8002a588 x25:0x8000a588  x7=0x00020000
       26255000	      2624	80002d08	00482233	slt	x4,x16,x4	 x16:0x374aa000  x4:0x00020000  x4=0x00000000
       26265000	      2625	80002d0c	00dba533	slt	x10,x23,x13	 x23:0x88000000 x13:0xdcefc400 x10=0x00000001
       26275000	      2626	80002d10	f1323513	sltiu	x10,x4,-237	  x4:0x00000000 x10=0x00000001
       26285000	      2627	80002d14	03276863	bltu	x14,x18,80002d44	 x14:0x74dfc629 x18:0x00000001
       26295000	      2628	80002d18	405086b3	sub	x13,x1,x5	  x1:0xe00027f1  x5:0x000005e9 x13=0xe0002208
       26305000	      2629	80002d1c	00bf8eb3	add	x29,x31,x11	 x31:0x00000000 x11:0x8000a588 x29=0x8000a588
       26315000	      2630	80002d20	00905b13	srli	x22,x0,0x9	  x0:0x00000000 x22=0x00000000
       26325000	      2631	80002d24	0220c863	blt	x1,x2,80002d54	  x1:0xe00027f1  x2:0x80009fc4
       26335000	      2632	80002d28	01d3d463	bge	x7,x29,80002d30	  x7:0x00020000 x29:0x8000a588
       26345000	      2633	00000000	00000013	addi	x0,x0,0	  x0:0x00000000
       26355000	      2634	80002d2c	00000013	addi	x0,x0,0	  x0:0x00000000
       26365000	      2635	80002d30	00189cb3	sll	x25,x17,x1	 x17:0x009fc400  x1:0xe00027f1 x25=0x88000000
       26375000	      2636	80002d34	c00eed93	ori	x27,x29,-1024	 x29:0x8000a588 x27=0xfffffd88
       26385000	      2637	80002d38	7b65b213	sltiu	x4,x11,1974	 x11:0x8000a588  x4=0x00000000
       26395000	      2638	80002d3c	40e753b3	sra	x7,x14,x14	 x14:0x74dfc629 x14:0x74dfc629  x7=0x003a6fe3
       26405000	      2639	80002d40	013d5533	srl	x10,x26,x19	 x26:0xfffffdc6 x19:0x00000001 x10=0x7ffffee3
       26415000	      2640	80002d44	404350b3	sra	x1,x6,x4	  x6:0xdcefc400  x4:0x00000000  x1=0xdcefc400
       26425000	      2641	80002d48	02781a63	bne	x16,x7,80002d7c	 x16:0x374aa000  x7:0x003a6fe3
       26435000	      2642	00000000	00000013	addi	x0,x0,0	  x0:0x00000000
       26445000	      2643	80002d78	00000013	addi	x0,x0,0	  x0:0x00000000
       26455000	      2644	80002d7c	89024c93	xori	x25,x4,-1904	  x4:0x00000000 x25=0xfffff890
       26465000	      2645	80002d80	b1d38493	addi	x9,x7,-1251	  x7:0x003a6fe3  x9=0x003a6b00
       26475000	      2646	80002d84	f29ac693	xori	x13,x21,-215	 x21:0x80009f2c x13=0x7fff6005
       26485000	      2647	80002d88	d2387313	andi	x6,x16,-733	 x16:0x374aa000  x6=0x374aa000
       26495000	      2648	80002d8c	a9fb19b7	lui	x19,0xa9fb1	 x19=0xa9fb1000
       26505000	      2649	80002d90	011fddb3	srl	x27,x31,x17	 x31:0x00000000 x17:0x009fc400 x27=0x00000000
       26515000	      2650	80002d94	453aae93	slti	x29,x21,1107	 x21:0x80009f2c x29=0x00000001
       26525000	      2651	80002d98	03dd7663	bgeu	x26,x29,80002dc4	 x26:0xfffffdc6 x29:0x00000001
       26535000	      2652	00000000	00000013	addi	x0,x0,0	  x0:0x00000000
       26545000	      2653	80002dc0	00000013	addi	x0,x0,0	  x0:0x00000000
       26555000	      2654	80002dc4	5ef4c293	xori	x5,x9,1519	  x9:0x003a6b00  x5=0x003a6eef
       26565000	      2655	80002dc8	016d0933	add	x18,x26,x22	 x26:0xfffffdc6 x22:0x00000000 x18=0xfffffdc6
       26575000	      2656	80002dcc	0b33b013	sltiu	x0,x7,179	  x7:0x003a6fe3
       26585000	      2657	80002dd0	0261e663	bltu	x3,x6,80002dfc	  x3:0x08000000  x6:0x374aa000
       26595000	      2658	00000000	00000013	addi	x0,x0,0	  x0:0x00000000
       26605000	      2659	80002df8	00000013	addi	x0,x0,0	  x0:0x00000000
       26615000	      2660	80002dfc	16c64493	xori	x9,x12,364	 x12:0x8002a588  x9=0x8002a4e4
       26625000	      2661	80002e00	0078ab33	slt	x22,x17,x7	 x17:0x009fc400  x7:0x003a6fe3 x22=0x00000000
       26635000	      2662	80002e04	8cb5d737	lui	x14,0x8cb5d	 x14=0x8cb5d000
       26645000	      2663	80002e08	01ae5e13	srli	x28,x28,0x1a	 x28:0xe00027f9 x28=0x00000038
       26655000	      2664	80002e0c	01660663	beq	x12,x22,80002e18	 x12:0x8002a588 x22:0x00000000
       26665000	      2665	80002e10	dea92493	slti	x9,x18,-534	 x18:0xfffffdc6  x9=0x00000001
       26675000	      2666	80002e14	00ce5bb3	srl	x23,x28,x12	 x28:0x00000038 x12:0x8002a588 x23=0x00000000
       26685000	      2667	80002e18	41fe0833	sub	x16,x28,x31	 x28:0x00000038 x31:0x00000000 x16=0x00000038
       26695000	      2668	80002e1c	e3137193	andi	x3,x6,-463	  x6:0x374aa000  x3=0x374aa000
       26705000	      2669	80002e20	9b27c513	xori	x10,x15,-1614	 x15:0x00000001 x10=0xfffff9b3
       26715000	      2670	80002e24	004aa303	lw	x6,4(x21)	 x21:0x80009f2c  x6=0x80001974 PA:0x80009f30
       26725000	      2671	80002e28	005529b3	slt	x19,x10,x5	 x10:0xfffff9b3  x5:0x003a6eef x19=0x00000001
       26735000	      2672	80002e2c	024a8a93	addi	x21,x21,36	 x21:0x80009f2c x21=0x80009f50
       26745000	      2673	80002e30	03613f13	sltiu	x30,x2,54	  x2:0x80009fc4 x30=0x00000000
       26755000	      2674	80002e34	00000013	addi	x0,x0,0	  x0:0x00000000
       26765000	      2675	80002e38	40405e33	sra	x28,x0,x4	  x0:0x00000000  x4:0x00000000 x28=0x00000000
       26775000	      2676	80002e3c	00c79793	slli	x15,x15,0xc	 x15:0x00000001 x15=0x00001000
       26785000	      2677	80002e40	41028533	sub	x10,x5,x16	  x5:0x003a6eef x16:0x00000038 x10=0x003a6eb7
       26795000	      2678	80002e44	00030413	addi	x8,x6,0	  x6:0x80001974  x8=0x80001974
       26805000	      2679	80002e48	00040467	jalr	x8,x8,0	  x8:0x80001974  x8=0x80002e48
       26815000	      2680	00000000	00000013	addi	x0,x0,0	  x0:0x00000000
       26825000	      2681	80001974	00000013	addi	x0,x0,0	  x0:0x00000000
       26835000	      2682	80001978	011fdbb3	srl	x23,x31,x17	 x31:0x00000000 x17:0x009fc400 x23=0x00000000
       26845000	      2683	8000197c	00001597	auipc	x11,0x1	 x11=0x80002978
       26855000	      2684	80001980	4d058593	addi	x11,x11,1232	 x11:0x80002978 x11=0x80002e48
       26865000	      2685	80001984	01905db3	srl	x27,x0,x25	  x0:0x00000000 x25:0xfffff890 x27=0x00000000
       26875000	      2686	80001988	0fc68793	addi	x15,x13,252	 x13:0x7fff6005 x15=0x7fff6101
       26885000	      2687	8000198c	d5658593	addi	x11,x11,-682	 x11:0x80002e48 x11=0x80002b9e
       26895000	      2688	80001990	00d1a1b3	slt	x3,x3,x13	  x3:0x374aa000 x13:0x7fff6005  x3=0x00000001
       26905000	      2689	80001994	4c0e8493	addi	x9,x29,1216	 x29:0x00000001  x9=0x000004c1
       26915000	      2690	80001998	00000013	addi	x0,x0,0	  x0:0x00000000
       26925000	      2691	8000199c	00e553b3	srl	x7,x10,x14	 x10:0x003a6eb7 x14:0x8cb5d000  x7=0x003a6eb7
       26935000	      2692	800019a0	40c1db33	sra	x22,x3,x12	  x3:0x00000001 x12:0x8002a588 x22=0x00000000
       26945000	      2693	800019a4	2ab58367	jalr	x6,x11,683	 x11:0x80002b9e  x6=0x800019a4
       26955000	      2694	00000000	00000013	addi	x0,x0,0	  x0:0x00000000
       26965000	      2695	80002e48	00000013	addi	x0,x0,0	  x0:0x00000000
       26975000	      2696	80002e4c	feca8a93	addi	x21,x21,-20	 x21:0x80009f50 x21=0x80009f3c
       26985000	      2697	80002e50	00000013	addi	x0,x0,0	  x0:0x00000000
       26995000	      2698	80002e54	01fa54b3	srl	x9,x20,x31	 x20:0x00000000 x31:0x00000000  x9=0x00000000
       27005000	      2699	80002e58	006aa223	sw	x6,4(x21)	 x21:0x80009f3c  x6:0x800019a4 PA:0x80009f40
       27015000	      2700	80002e5c	00895733	srl	x14,x18,x8	 x18:0xfffffdc6  x8:0x80002e48 x14=0x00fffffd
       27025000	      2701	80002e60	01de39b3	sltu	x19,x28,x29	 x28:0x00000000 x29:0x00000001 x19=0x00000001
       27035000	      2702	80002e64	d73cbc13	sltiu	x24,x25,-653	 x25:0xfffff890 x24=0x00000001
       27045000	      2703	80002e68	002da7b3	slt	x15,x27,x2	 x27:0x00000000  x2:0x80009fc4 x15=0x00000000
       27055000	      2704	80002e6c	ffe00193	addi	x3,x0,-2	  x0:0x00000000  x3=0xfffffffe
       27065000	      2705	80002e70	b1460c97	auipc	x25,0xb1460	 x25=0x31462e6c
       27075000	      2706	80002e74	e37e6a37	lui	x20,0xe37e6	 x20=0xe37e6000
       27085000	      2707	80002e78	ec273f13	sltiu	x30,x14,-318	 x14:0x00fffffd x30=0x00000001
       27095000	      2708	80002e7c	0079b5b3	sltu	x11,x19,x7	 x19:0x00000001  x7:0x003a6eb7 x11=0x00000001
       27105000	      2709	80002e80	00a51d33	sll	x26,x10,x10	 x10:0x003a6eb7 x10:0x003a6eb7 x26=0x5b800000
       27115000	      2710	80002e84	58ad6b13	ori	x22,x26,1418	 x26:0x5b800000 x22=0x5b80058a
       27125000	      2711	80002e88	01604bb3	xor	x23,x0,x22	  x0:0x00000000 x22:0x5b80058a x23=0x5b80058a
       27135000	      2712	80002e8c	1200b617	auipc	x12,0x1200b	 x12=0x9200de88
       27145000	      2713	80002e90	87ae2813	slti	x16,x28,-1926	 x28:0x00000000 x16=0x00000000
       27155000	      2714	80002e94	00303d33	sltu	x26,x0,x3	  x0:0x00000000  x3:0xfffffffe x26=0x00000001
       27165000	      2715	80002e98	873eaf13	slti	x30,x29,-1933	 x29:0x00000001 x30=0x00000000
       27175000	      2716	80002e9c	ffa00793	addi	x15,x0,-6	  x0:0x00000000 x15=0xfffffffa
       27185000	      2717	80002ea0	40cc8bb3	sub	x23,x25,x12	 x25:0x31462e6c x12:0x9200de88 x23=0x9f454fe4
       27195000	      2718	80002ea4	c3160893	addi	x17,x12,-975	 x12:0x9200de88 x17=0x9200dab9
       27205000	      2719	80002ea8	2e12cf17	auipc	x30,0x2e12c	 x30=0xae12eea4
       27215000	      2720	80002eac	0042ea17	auipc	x20,0x42e	 x20=0x80430ea8
       27225000	      2721	80002eb0	66b94413	xori	x8,x18,1643	 x18:0xfffffdc6  x8=0xfffffbad
       27235000	      2722	80002eb4	ffe18193	addi	x3,x3,-2	  x3:0xfffffffe  x3=0xfffffffc
       27245000	      2723	80002eb8	00deedb3	or	x27,x29,x13	 x29:0x00000001 x13:0x7fff6005 x27=0x7fff6005
       27255000	      2724	80002ebc	fef198e3	bne	x3,x15,80002eac	  x3:0xfffffffc x15:0xfffffffa
       27265000	      2725	00000000	00000013	addi	x0,x0,0	  x0:0x00000000
       27275000	      2726	80002ea8	00000013	addi	x0,x0,0	  x0:0x00000000
       27285000	      2727	80002eac	0042ea17	auipc	x20,0x42e	 x20=0x80430ea8
       27295000	      2728	80002eb0	66b94413	xori	x8,x18,1643	 x18:0xfffffdc6  x8=0xfffffbad
       27305000	      2729	80002eb4	ffe18193	addi	x3,x3,-2	  x3:0xfffffffc  x3=0xfffffffa
       27315000	      2730	80002eb8	00deedb3	or	x27,x29,x13	 x29:0x00000001 x13:0x7fff6005 x27=0x7fff6005
       27325000	      2731	80002ebc	fef198e3	bne	x3,x15,80002eac	  x3:0xfffffffa x15:0xfffffffa
       27335000	      2732	80002ec0	93b86e93	ori	x29,x16,-1733	 x16:0x00000000 x29=0xfffff93b
       27345000	      2733	80002ec4	5c884813	xori	x16,x16,1480	 x16:0x00000000 x16=0x000005c8
       27355000	      2734	80002ec8	c2b5a293	slti	x5,x11,-981	 x11:0x00000001  x5=0x00000000
       27365000	      2735	80002ecc	00000013	addi	x0,x0,0	  x0:0x00000000
       27375000	      2736	80002ed0	9d5c8b13	addi	x22,x25,-1579	 x25:0x31462e6c x22=0x31462841
       27385000	      2737	80002ed4	fbc07313	andi	x6,x0,-68	  x0:0x00000000  x6=0x00000000
       27395000	      2738	80002ed8	0088e633	or	x12,x17,x8	 x17:0x9200dab9  x8:0xfffffbad x12=0xfffffbbd
       27405000	      2739	80002edc	6b87cb13	xori	x22,x15,1720	 x15:0xfffffffa x22=0xfffff942
       27415000	      2740	80002ee0	00d6c3b3	xor	x7,x13,x13	 x13:0x7fff6005 x13:0x7fff6005  x7=0x00000000
       27425000	      2741	80002ee4	0300dc63	bge	x1,x16,80002f1c	  x1:0xdcefc400 x16:0x000005c8
       27435000	      2742	80002ee8	7df1ab17	auipc	x22,0x7df1a	 x22=0xfdf1cee4
       27445000	      2743	80002eec	03546663	bltu	x8,x21,80002f18	  x8:0xfffffbad x21:0x80009f3c
       27455000	      2744	80002ef0	01d06bb3	or	x23,x0,x29	  x0:0x00000000 x29:0xfffff93b x23=0xfffff93b
       27465000	      2745	80002ef4	00000013	addi	x0,x0,0	  x0:0x00000000
       27475000	      2746	80002ef8	050dc263	blt	x27,x16,80002f3c	 x27:0x7fff6005 x16:0x000005c8
       27485000	      2747	80002efc	d25c7293	andi	x5,x24,-731	 x24:0x00000001  x5=0x00000001
       27495000	      2748	80002f00	00000013	addi	x0,x0,0	  x0:0x00000000
       27505000	      2749	80002f04	05dde063	bltu	x27,x29,80002f44	 x27:0x7fff6005 x29:0xfffff93b
       27515000	      2750	00000000	00000013	addi	x0,x0,0	  x0:0x00000000
       27525000	      2751	80002f40	00000013	addi	x0,x0,0	  x0:0x00000000
       27535000	      2752	80002f44	00c796b3	sll	x13,x15,x12	 x15:0xfffffffa x12:0xfffffbbd x13=0x40000000
       27545000	      2753	80002f48	034a4c63	blt	x20,x20,80002f80	 x20:0x80430ea8 x20:0x80430ea8
       27555000	      2754	80002f4c	cde6e893	ori	x17,x13,-802	 x13:0x40000000 x17=0xfffffcde
       27565000	      2755	80002f50	0bd5c4b7	lui	x9,0xbd5c	  x9=0x0bd5c000
       27575000	      2756	80002f54	84caa993	slti	x19,x21,-1972	 x21:0x80009f3c x19=0x00000001
       27585000	      2757	80002f58	01371293	slli	x5,x14,0x13	 x14:0x00fffffd  x5=0xffe80000
       27595000	      2758	80002f5c	01024e33	xor	x28,x4,x16	  x4:0x00000000 x16:0x000005c8 x28=0x000005c8
       27605000	      2759	80002f60	6ec4a513	slti	x10,x9,1772	  x9:0x0bd5c000 x10=0x00000000
       27615000	      2760	80002f64	44046893	ori	x17,x8,1088	  x8:0xfffffbad x17=0xffffffed
       27625000	      2761	80002f68	40888bb3	sub	x23,x17,x8	 x17:0xffffffed  x8:0xfffffbad x23=0x00000440
       27635000	      2762	80002f6c	fd4ba093	slti	x1,x23,-44	 x23:0x00000440  x1=0x00000000
       27645000	      2763	80002f70	005cd813	srli	x16,x25,0x5	 x25:0x31462e6c x16=0x018a3173
       27655000	      2764	80002f74	d8328b93	addi	x23,x5,-637	  x5:0xffe80000 x23=0xffe7fd83
       27665000	      2765	80002f78	0162d693	srli	x13,x5,0x16	  x5:0xffe80000 x13=0x000003ff
       27675000	      2766	80002f7c	04f21463	bne	x4,x15,80002fc4	  x4:0x00000000 x15:0xfffffffa
       27685000	      2767	00000000	00000013	addi	x0,x0,0	  x0:0x00000000
       27695000	      2768	80002fc0	00000013	addi	x0,x0,0	  x0:0x00000000
       27705000	      2769	80002fc4	c3fccc93	xori	x25,x25,-961	 x25:0x31462e6c x25=0xceb9d253
       27715000	      2770	80002fc8	00d0da63	bge	x1,x13,80002fdc	  x1:0x00000000 x13:0x000003ff
       27725000	      2771	80002fcc	b2337837	lui	x16,0xb2337	 x16=0xb2337000
       27735000	      2772	80002fd0	01744a63	blt	x8,x23,80002fe4	  x8:0xfffffbad x23:0xffe7fd83
       27745000	      2773	80002fd4	403084b3	sub	x9,x1,x3	  x1:0x00000000  x3:0xfffffffa  x9=0x00000006
       27755000	      2774	80002fd8	006d3433	sltu	x8,x26,x6	 x26:0x00000001  x6:0x00000000  x8=0x00000000
       27765000	      2775	80002fdc	24e1d097	auipc	x1,0x24e1d	  x1=0xa4e1ffd8
       27775000	      2776	80002fe0	011df333	and	x6,x27,x17	 x27:0x7fff6005 x17:0xffffffed  x6=0x7fff6005
       27785000	      2777	80002fe4	9f3adb97	auipc	x23,0x9f3ad	 x23=0x1f3affe0
       27795000	      2778	80002fe8	004aa303	lw	x6,4(x21)	 x21:0x80009f3c  x6=0x800019a4 PA:0x80009f40
       27805000	      2779	80002fec	014a8a93	addi	x21,x21,20	 x21:0x80009f3c x21=0x80009f50
       27815000	      2780	80002ff0	000405b3	add	x11,x8,x0	  x8:0x00000000  x0:0x00000000 x11=0x00000000
       27825000	      2781	80002ff4	4156d733	sra	x14,x13,x21	 x13:0x000003ff x21:0x80009f50 x14=0x00000000
       27835000	      2782	80002ff8	00c3fd33	and	x26,x7,x12	  x7:0x00000000 x12:0xfffffbbd x26=0x00000000
       27845000	      2783	80002ffc	00130813	addi	x16,x6,1	  x6:0x800019a4 x16=0x800019a5
       27855000	      2784	80003000	00080867	jalr	x16,x16,0	 x16:0x800019a5 x16=0x80003000
       27865000	      2785	00000000	00000013	addi	x0,x0,0	  x0:0x00000000
       27875000	      2786	800019a4	00000013	addi	x0,x0,0	  x0:0x00000000
       27885000	      2787	800019a8	40dad313	srai	x6,x21,0xd	 x21:0x80009f50  x6=0xfffc0004
       27895000	      2788	800019ac	40ab0233	sub	x4,x22,x10	 x22:0xfdf1cee4 x10:0x00000000  x4=0xfdf1cee4
       27905000	      2789	800019b0	6f864b97	auipc	x23,0x6f864	 x23=0xef8659ac
       27915000	      2790	800019b4	67884e93	xori	x29,x16,1656	 x16:0x80003000 x29=0x80003678
       27925000	      2791	800019b8	018e5313	srli	x6,x28,0x18	 x28:0x000005c8  x6=0x00000000
       27935000	      2792	800019bc	47511597	auipc	x11,0x47511	 x11=0xc75129b8
       27945000	      2793	800019c0	00000013	addi	x0,x0,0	  x0:0x00000000
       27955000	      2794	800019c4	2bc0036f	jal	x6,800019c4	  x6=0x800019c4
       27965000	      2795	00000000	00000013	addi	x0,x0,0	  x0:0x00000000
       27975000	      2796	80001c7c	00000013	addi	x0,x0,0	  x0:0x00000000
       27985000	      2797	80001c80	fcca8a93	addi	x21,x21,-52	 x21:0x80009f50 x21=0x80009f1c
       27995000	      2798	80001c84	006aa223	sw	x6,4(x21)	 x21:0x80009f1c  x6:0x800019c4 PA:0x80009f20
       28005000	      2799	80001c88	00000013	addi	x0,x0,0	  x0:0x00000000
       28015000	      2800	80001c8c	1a6a4e37	lui	x28,0x1a6a4	 x28=0x1a6a4000
       28025000	      2801	80001c90	b31fed37	lui	x26,0xb31fe	 x26=0xb31fe000
       28035000	      2802	80001c94	00a00b13	addi	x22,x0,10	  x0:0x00000000 x22=0x0000000a
       28045000	      2803	80001c98	411bd893	srai	x17,x23,0x11	 x23:0xef8659ac x17=0xfffff7c3
       28055000	      2804	80001c9c	00000013	addi	x0,x0,0	  x0:0x00000000
       28065000	      2805	80001ca0	00a00d13	addi	x26,x0,10	  x0:0x00000000 x26=0x0000000a
       28075000	      2806	80001ca4	d3b18993	addi	x19,x3,-709	  x3:0xfffffffa x19=0xfffffd35
       28085000	      2807	80001ca8	54392997	auipc	x19,0x54392	 x19=0xd4393ca4
       28095000	      2808	80001cac	41b104b3	sub	x9,x2,x27	  x2:0x80009fc4 x27:0x7fff6005  x9=0x00013fbf
       28105000	      2809	80001cb0	acf48617	auipc	x12,0xacf48	 x12=0x2cf49cac
       28115000	      2810	80001cb4	ffab0b13	addi	x22,x22,-6	 x22:0x0000000a x22=0x00000004
       28125000	      2811	80001cb8	015f87b3	add	x15,x31,x21	 x31:0x00000000 x21:0x80009f1c x15=0x80009f1c
       28135000	      2812	80001cbc	ffa00d93	addi	x27,x0,-6	  x0:0x00000000 x27=0xfffffffa
       28145000	      2813	80001cc0	01f456b3	srl	x13,x8,x31	  x8:0x00000000 x31:0x00000000 x13=0x00000000
       28155000	      2814	80001cc4	fc04f993	andi	x19,x9,-64	  x9:0x00013fbf x19=0x00013f80
       28165000	      2815	80001cc8	01cd1833	sll	x16,x26,x28	 x26:0x0000000a x28:0x1a6a4000 x16=0x0000000a
       28175000	      2816	80001ccc	6cca2c13	slti	x24,x20,1740	 x20:0x80430ea8 x24=0x00000001
       28185000	      2817	80001cd0	345f7713	andi	x14,x30,837	 x30:0xae12eea4 x14=0x00000204
       28195000	      2818	80001cd4	34b67513	andi	x10,x12,843	 x12:0x2cf49cac x10=0x00000008
       28205000	      2819	80001cd8	01271593	slli	x11,x14,0x12	 x14:0x00000204 x11=0x08100000
       28215000	      2820	80001cdc	13b87993	andi	x19,x16,315	 x16:0x0000000a x19=0x0000000a
       28225000	      2821	80001ce0	013e73b3	and	x7,x28,x19	 x28:0x1a6a4000 x19:0x0000000a  x7=0x00000000
       28235000	      2822	80001ce4	ff500e13	addi	x28,x0,-11	  x0:0x00000000 x28=0xfffffff5
       28245000	      2823	80001ce8	188d2a13	slti	x20,x26,392	 x26:0x0000000a x20=0x00000001
       28255000	      2824	80001cec	014ad833	srl	x16,x21,x20	 x21:0x80009f1c x20:0x00000001 x16=0x40004f8e
       28265000	      2825	80001cf0	005c5833	srl	x16,x24,x5	 x24:0x00000001  x5:0xffe80000 x16=0x00000001
       28275000	      2826	80001cf4	ffad8d93	addi	x27,x27,-6	 x27:0xfffffffa x27=0xfffffff4
       28285000	      2827	80001cf8	01e37bb3	and	x23,x6,x30	  x6:0x800019c4 x30:0xae12eea4 x23=0x80000884
       28295000	      2828	80001cfc	150cfa13	andi	x20,x25,336	 x25:0xceb9d253 x20=0x00000050
       28305000	      2829	80001d00	ffcdd4e3	bge	x27,x28,80001ce8	 x27:0xfffffff4 x28:0xfffffff5
       28315000	      2830	80001d04	ad5c3e93	sltiu	x29,x24,-1323	 x24:0x00000001 x29=0x00000001
       28325000	      2831	80001d08	fbab72e3	bgeu	x22,x26,80001cac	 x22:0x00000004 x26:0x0000000a
       28335000	      2832	80001d0c	007d70b3	and	x1,x26,x7	 x26:0x0000000a  x7:0x00000000  x1=0x00000000
       28345000	      2833	80001d10	00000013	addi	x0,x0,0	  x0:0x00000000
       28355000	      2834	80001d14	e7740a13	addi	x20,x8,-393	  x8:0x00000000 x20=0xfffffe77
       28365000	      2835	80001d18	01589233	sll	x4,x17,x21	 x17:0xfffff7c3 x21:0x80009f1c  x4=0x30000000
       28375000	      2836	80001d1c	64077a13	andi	x20,x14,1600	 x14:0x00000204 x20=0x00000200
       28385000	      2837	80001d20	41f8deb3	sra	x29,x17,x31	 x17:0xfffff7c3 x31:0x00000000 x29=0xfffff7c3
       28395000	      2838	80001d24	012d4c33	xor	x24,x26,x18	 x26:0x0000000a x18:0xfffffdc6 x24=0xfffffdcc
       28405000	      2839	80001d28	41bcd413	srai	x8,x25,0x1b	 x25:0xceb9d253  x8=0xfffffff9
       28415000	      2840	80001d2c	01bd0bb3	add	x23,x26,x27	 x26:0x0000000a x27:0xfffffff4 x23=0xfffffffe
       28425000	      2841	80001d30	00e7d793	srli	x15,x15,0xe	 x15:0x80009f1c x15=0x00020002
       28435000	      2842	80001d34	01d05533	srl	x10,x0,x29	  x0:0x00000000 x29:0xfffff7c3 x10=0x00000000
       28445000	      2843	80001d38	903d0293	addi	x5,x26,-1789	 x26:0x0000000a  x5=0xfffff90d
       28455000	      2844	80001d3c	044a8463	beq	x21,x4,80001d84	 x21:0x80009f1c  x4:0x30000000
       28465000	      2845	80001d40	00327c33	and	x24,x4,x3	  x4:0x30000000  x3:0xfffffffa x24=0x30000000
       28475000	      2846	80001d44	59dbad93	slti	x27,x23,1437	 x23:0xfffffffe x27=0x00000001
       28485000	      2847	80001d48	03299a63	bne	x19,x18,80001d7c	 x19:0x0000000a x18:0xfffffdc6
       28495000	      2848	00000000	00000013	addi	x0,x0,0	  x0:0x00000000
       28505000	      2849	80001d78	00000013	addi	x0,x0,0	  x0:0x00000000
       28515000	      2850	80001d7c	d3b68637	lui	x12,0xd3b68	 x12=0xd3b68000
       28525000	      2851	80001d80	000a85b3	add	x11,x21,x0	 x21:0x80009f1c  x0:0x00000000 x11=0x80009f1c
       28535000	      2852	80001d84	01bce833	or	x16,x25,x27	 x25:0xceb9d253 x27:0x00000001 x16=0xceb9d253
       28545000	      2853	80001d88	a81c3493	sltiu	x9,x24,-1407	 x24:0x30000000  x9=0x00000001
       28555000	      2854	80001d8c	01dffd33	and	x26,x31,x29	 x31:0x00000000 x29:0xfffff7c3 x26=0x00000000
       28565000	      2855	80001d90	f002d097	auipc	x1,0xf002d	  x1=0x7002ed8c
       28575000	      2856	80001d94	00b9b833	sltu	x16,x19,x11	 x19:0x0000000a x11:0x80009f1c x16=0x00000001
       28585000	      2857	80001d98	5df09e97	auipc	x29,0x5df09	 x29=0xddf0ad94
       28595000	      2858	80001d9c	40f7de33	sra	x28,x15,x15	 x15:0x00020002 x15:0x00020002 x28=0x00008000
       28605000	      2859	80001da0	40248b33	sub	x22,x9,x2	  x9:0x00000001  x2:0x80009fc4 x22=0x7fff603d
       28615000	      2860	80001da4	4059dcb3	sra	x25,x19,x5	 x19:0x0000000a  x5:0xfffff90d x25=0x00000000
       28625000	      2861	80001da8	013c78b3	and	x17,x24,x19	 x24:0x30000000 x19:0x0000000a x17=0x00000000
       28635000	      2862	80001dac	a42b8317	auipc	x6,0xa42b8	  x6=0x242b9da8
       28645000	      2863	80001db0	01206c63	bltu	x0,x18,80001dc8	  x0:0x00000000 x18:0xfffffdc6
       28655000	      2864	00000000	00000013	addi	x0,x0,0	  x0:0x00000000
       28665000	      2865	80001dc4	00000013	addi	x0,x0,0	  x0:0x00000000
       28675000	      2866	80001dc8	67b77513	andi	x10,x14,1659	 x14:0x00000204 x10=0x00000200
       28685000	      2867	80001dcc	00578663	beq	x15,x5,80001dd8	 x15:0x00020002  x5:0xfffff90d
       28695000	      2868	80001dd0	01a90c63	beq	x18,x26,80001de8	 x18:0xfffffdc6 x26:0x00000000
       28705000	      2869	80001dd4	0540c863	blt	x1,x20,80001e24	  x1:0x7002ed8c x20:0x00000200
       28715000	      2870	80001dd8	a6f30a13	addi	x20,x6,-1425	  x6:0x242b9da8 x20=0x242b9817
       28725000	      2871	80001ddc	0051de33	srl	x28,x3,x5	  x3:0xfffffffa  x5:0xfffff90d x28=0x0007ffff
       28735000	      2872	80001de0	01d44733	xor	x14,x8,x29	  x8:0xfffffff9 x29:0xddf0ad94 x14=0x220f526d
       28745000	      2873	80001de4	0aeab493	sltiu	x9,x21,174	 x21:0x80009f1c  x9=0x00000000
       28755000	      2874	80001de8	01aa0433	add	x8,x20,x26	 x20:0x242b9817 x26:0x00000000  x8=0x242b9817
       28765000	      2875	80001dec	00aa1233	sll	x4,x20,x10	 x20:0x242b9817 x10:0x00000200  x4=0x242b9817
       28775000	      2876	80001df0	00241993	slli	x19,x8,0x2	  x8:0x242b9817 x19=0x90ae605c
       28785000	      2877	80001df4	a23cb993	sltiu	x19,x25,-1501	 x25:0x00000000 x19=0x00000001
       28795000	      2878	80001df8	41b852b3	sra	x5,x16,x27	 x16:0x00000001 x27:0x00000001  x5=0x00000000
       28805000	      2879	80001dfc	01cbd493	srli	x9,x23,0x1c	 x23:0xfffffffe  x9=0x0000000f
       28815000	      2880	80001e00	0375e293	ori	x5,x11,55	 x11:0x80009f1c  x5=0x80009f3f
       28825000	      2881	80001e04	990b3693	sltiu	x13,x22,-1648	 x22:0x7fff603d x13=0x00000001
       28835000	      2882	80001e08	00f81093	slli	x1,x16,0xf	 x16:0x00000001  x1=0x00008000
       28845000	      2883	80001e0c	3f30c413	xori	x8,x1,1011	  x1:0x00008000  x8=0x000083f3
       28855000	      2884	80001e10	01d363b3	or	x7,x6,x29	  x6:0x242b9da8 x29:0xddf0ad94  x7=0xfdfbbdbc
       28865000	      2885	80001e14	010cf933	and	x18,x25,x16	 x25:0x00000000 x16:0x00000001 x18=0x00000000
       28875000	      2886	80001e18	01705c63	bge	x0,x23,80001e30	  x0:0x00000000 x23:0xfffffffe
       28885000	      2887	00000000	00000013	addi	x0,x0,0	  x0:0x00000000
       28895000	      2888	80001e2c	00000013	addi	x0,x0,0	  x0:0x00000000
       28905000	      2889	80001e30	012df9b3	and	x19,x27,x18	 x27:0x00000001 x18:0x00000000 x19=0x00000000
       28915000	      2890	80001e34	002f5a13	srli	x20,x30,0x2	 x30:0xae12eea4 x20=0x2b84bba9
       28925000	      2891	80001e38	af332c13	slti	x24,x6,-1293	  x6:0x242b9da8 x24=0x00000000
       28935000	      2892	80001e3c	004aa303	lw	x6,4(x21)	 x21:0x80009f1c  x6=0x800019c4 PA:0x80009f20
       28945000	      2893	80001e40	26f242b7	lui	x5,0x26f24	  x5=0x26f24000
       28955000	      2894	80001e44	244f0697	auipc	x13,0x244f0	 x13=0xa44f1e40
       28965000	      2895	80001e48	41fd03b3	sub	x7,x26,x31	 x26:0x00000000 x31:0x00000000  x7=0x00000000
       28975000	      2896	80001e4c	0153f5b3	and	x11,x7,x21	  x7:0x00000000 x21:0x80009f1c x11=0x00000000
       28985000	      2897	80001e50	034a8a93	addi	x21,x21,52	 x21:0x80009f1c x21=0x80009f50
       28995000	      2898	80001e54	01839c93	slli	x25,x7,0x18	  x7:0x00000000 x25=0x00000000
       29005000	      2899	80001e58	40005913	srai	x18,x0,0x0	  x0:0x00000000 x18=0x00000000
       29015000	      2900	80001e5c	00000013	addi	x0,x0,0	  x0:0x00000000
       29025000	      2901	80001e60	2a1d3993	sltiu	x19,x26,673	 x26:0x00000000 x19=0x00000001
       29035000	      2902	80001e64	00030093	addi	x1,x6,0	  x6:0x800019c4  x1=0x800019c4
       29045000	      2903	80001e68	000080e7	jalr	x1,x1,0	  x1:0x800019c4  x1=0x80001e68
       29055000	      2904	00000000	00000013	addi	x0,x0,0	  x0:0x00000000
       29065000	      2905	800019c4	00000013	addi	x0,x0,0	  x0:0x00000000
       29075000	      2906	800019c8	ffb00c13	addi	x24,x0,-5	  x0:0x00000000 x24=0xfffffffb
       29085000	      2907	800019cc	bf764993	xori	x19,x12,-1033	 x12:0xd3b68000 x19=0x2c497bf7
       29095000	      2908	800019d0	000a1b13	slli	x22,x20,0x0	 x20:0x2b84bba9 x22=0x2b84bba9
       29105000	      2909	800019d4	53f30793	addi	x15,x6,1343	  x6:0x800019c4 x15=0x80001f03
       29115000	      2910	800019d8	012b9213	slli	x4,x23,0x12	 x23:0xfffffffe  x4=0xfff80000
       29125000	      2911	800019dc	00a2dc93	srli	x25,x5,0xa	  x5:0x26f24000 x25=0x0009bc90
       29135000	      2912	800019e0	31476713	ori	x14,x14,788	 x14:0x220f526d x14=0x220f537d
       29145000	      2913	800019e4	e1cb7c93	andi	x25,x22,-484	 x22:0x2b84bba9 x25=0x2b84ba08
       29155000	      2914	800019e8	00a05cb3	srl	x25,x0,x10	  x0:0x00000000 x10:0x00000200 x25=0x00000000
       29165000	      2915	800019ec	00400613	addi	x12,x0,4	  x0:0x00000000 x12=0x00000004
       29175000	      2916	800019f0	47080f17	auipc	x30,0x47080	 x30=0xc70819ec
       29185000	      2917	800019f4	3120e693	ori	x13,x1,786	  x1:0x80001e68 x13=0x80001f7a
       29195000	      2918	800019f8	f7e592b7	lui	x5,0xf7e59	  x5=0xf7e59000
       29205000	      2919	800019fc	40ee03b3	sub	x7,x28,x14	 x28:0x0007ffff x14:0x220f537d  x7=0xddf8ac82
       29215000	      2920	80001a00	003f69b3	or	x19,x30,x3	 x30:0xc70819ec  x3:0xfffffffa x19=0xfffffffe
       29225000	      2921	80001a04	41df06b3	sub	x13,x30,x29	 x30:0xc70819ec x29:0xddf0ad94 x13=0xe9176c58
       29235000	      2922	80001a08	41a9d893	srai	x17,x19,0x1a	 x19:0xfffffffe x17=0xffffffff
       29245000	      2923	80001a0c	009b91b3	sll	x3,x23,x9	 x23:0xfffffffe  x9:0x0000000f  x3=0xffff0000
       29255000	      2924	80001a10	011e01b3	add	x3,x28,x17	 x28:0x0007ffff x17:0xffffffff  x3=0x0007fffe
       29265000	      2925	80001a14	c096e293	ori	x5,x13,-1015	 x13:0xe9176c58  x5=0xfffffc59
       29275000	      2926	80001a18	f6de8713	addi	x14,x29,-147	 x29:0xddf0ad94 x14=0xddf0ad01
       29285000	      2927	80001a1c	00785693	srli	x13,x16,0x7	 x16:0x00000001 x13=0x00000000
       29295000	      2928	80001a20	82110813	addi	x16,x2,-2015	  x2:0x80009fc4 x16=0x800097e5
       29305000	      2929	80001a24	004c0c13	addi	x24,x24,4	 x24:0xfffffffb x24=0xffffffff
       29315000	      2930	80001a28	016ae2b3	or	x5,x21,x22	 x21:0x80009f50 x22:0x2b84bba9  x5=0xab84bff9
       29325000	      2931	80001a2c	005c3733	sltu	x14,x24,x5	 x24:0xffffffff  x5:0xab84bff9 x14=0x00000000
       29335000	      2932	80001a30	00795d93	srli	x27,x18,0x7	 x18:0x00000000 x27=0x00000000
       29345000	      2933	80001a34	fccc62e3	bltu	x24,x12,800019f8	 x24:0xffffffff x12:0x00000004
       29355000	      2934	80001a38	009291b3	sll	x3,x5,x9	  x5:0xab84bff9  x9:0x0000000f  x3=0x5ffc8000
       29365000	      2935	80001a3c	ff600893	addi	x17,x0,-10	  x0:0x00000000 x17=0xfffffff6
       29375000	      2936	80001a40	00ac2733	slt	x14,x24,x10	 x24:0xffffffff x10:0x00000200 x14=0x00000001
       29385000	      2937	80001a44	01cc7a33	and	x20,x24,x28	 x24:0xffffffff x28:0x0007ffff x20=0x0007ffff
       29395000	      2938	80001a48	00e00413	addi	x8,x0,14	  x0:0x00000000  x8=0x0000000e
       29405000	      2939	80001a4c	0899b237	lui	x4,0x899b	  x4=0x0899b000
       29415000	      2940	80001a50	00688893	addi	x17,x17,6	 x17:0xfffffff6 x17=0xfffffffc
       29425000	      2941	80001a54	fe889ce3	bne	x17,x8,80001a4c	 x17:0xfffffffc  x8:0x0000000e
       29435000	      2942	00000000	00000013	addi	x0,x0,0	  x0:0x00000000
       29445000	      2943	80001a48	00000013	addi	x0,x0,0	  x0:0x00000000
       29455000	      2944	80001a4c	0899b237	lui	x4,0x899b	  x4=0x0899b000
       29465000	      2945	80001a50	00688893	addi	x17,x17,6	 x17:0xfffffffc x17=0x00000002
       29475000	      2946	80001a54	fe889ce3	bne	x17,x8,80001a4c	 x17:0x00000002  x8:0x0000000e
       29485000	      2947	00000000	00000013	addi	x0,x0,0	  x0:0x00000000
       29495000	      2948	80001a48	00000013	addi	x0,x0,0	  x0:0x00000000
       29505000	      2949	80001a4c	0899b237	lui	x4,0x899b	  x4=0x0899b000
       29515000	      2950	80001a50	00688893	addi	x17,x17,6	 x17:0x00000002 x17=0x00000008
       29525000	      2951	80001a54	fe889ce3	bne	x17,x8,80001a4c	 x17:0x00000008  x8:0x0000000e
       29535000	      2952	00000000	00000013	addi	x0,x0,0	  x0:0x00000000
       29545000	      2953	80001a48	00000013	addi	x0,x0,0	  x0:0x00000000
       29555000	      2954	80001a4c	0899b237	lui	x4,0x899b	  x4=0x0899b000
       29565000	      2955	80001a50	00688893	addi	x17,x17,6	 x17:0x00000008 x17=0x0000000e
       29575000	      2956	80001a54	fe889ce3	bne	x17,x8,80001a4c	 x17:0x0000000e  x8:0x0000000e
       29585000	      2957	80001a58	00bd0a33	add	x20,x26,x11	 x26:0x00000000 x11:0x00000000 x20=0x00000000
       29595000	      2958	80001a5c	f5f80e93	addi	x29,x16,-161	 x16:0x800097e5 x29=0x80009744
       29605000	      2959	80001a60	0061b933	sltu	x18,x3,x6	  x3:0x5ffc8000  x6:0x800019c4 x18=0x00000001
       29615000	      2960	80001a64	000a92b3	sll	x5,x21,x0	 x21:0x80009f50  x0:0x00000000  x5=0x80009f50
       29625000	      2961	80001a68	086bfb97	auipc	x23,0x86bf	 x23=0x886c0a64
       29635000	      2962	80001a6c	8d53eb17	auipc	x22,0x8d53e	 x22=0x0d53fa68
       29645000	      2963	80001a70	01e087b3	add	x15,x1,x30	  x1:0x80001e68 x30:0xc70819ec x15=0x47083854
       29655000	      2964	80001a74	017b6d33	or	x26,x22,x23	 x22:0x0d53fa68 x23:0x886c0a64 x26=0x8d7ffa6c
       29665000	      2965	80001a78	05be5463	bge	x28,x27,80001ac0	 x28:0x0007ffff x27:0x00000000
       29675000	      2966	00000000	00000013	addi	x0,x0,0	  x0:0x00000000
       29685000	      2967	80001abc	00000013	addi	x0,x0,0	  x0:0x00000000
       29695000	      2968	80001ac0	02d54e63	blt	x10,x13,80001afc	 x10:0x00000200 x13:0x00000000
       29705000	      2969	80001ac4	419bdb13	srai	x22,x23,0x19	 x23:0x886c0a64 x22=0xffffffc4
       29715000	      2970	80001ac8	08ccb593	sltiu	x11,x25,140	 x25:0x00000000 x11=0x00000001
       29725000	      2971	80001acc	05bd7063	bgeu	x26,x27,80001b0c	 x26:0x8d7ffa6c x27:0x00000000
       29735000	      2972	00000000	00000013	addi	x0,x0,0	  x0:0x00000000
       29745000	      2973	80001b08	00000013	addi	x0,x0,0	  x0:0x00000000
       29755000	      2974	80001b0c	f2416693	ori	x13,x2,-220	  x2:0x80009fc4 x13=0xffffffe4
       29765000	      2975	80001b10	01edfbb3	and	x23,x27,x30	 x27:0x00000000 x30:0xc70819ec x23=0x00000000
       29775000	      2976	80001b14	006a0eb3	add	x29,x20,x6	 x20:0x00000000  x6:0x800019c4 x29=0x800019c4
       29785000	      2977	80001b18	00000013	addi	x0,x0,0	  x0:0x00000000
       29795000	      2978	80001b1c	01a25263	bge	x4,x26,80001b20	  x4:0x0899b000 x26:0x8d7ffa6c
       29805000	      2979	00000000	00000013	addi	x0,x0,0	  x0:0x00000000
       29815000	      2980	80001b1c	00000013	addi	x0,x0,0	  x0:0x00000000
       29825000	      2981	80001b20	032bfa63	bgeu	x23,x18,80001b54	 x23:0x00000000 x18:0x00000001
       29835000	      2982	80001b24	41b15313	srai	x6,x2,0x1b	  x2:0x80009fc4  x6=0xfffffff0
       29845000	      2983	80001b28	01798463	beq	x19,x23,80001b30	 x19:0xfffffffe x23:0x00000000
       29855000	      2984	80001b2c	00591d93	slli	x27,x18,0x5	 x18:0x00000001 x27=0x00000020
       29865000	      2985	80001b30	03ce5e63	bge	x28,x28,80001b6c	 x28:0x0007ffff x28:0x0007ffff
       29875000	      2986	00000000	00000013	addi	x0,x0,0	  x0:0x00000000
       29885000	      2987	80001b68	00000013	addi	x0,x0,0	  x0:0x00000000
       29895000	      2988	80001b6c	02442b93	slti	x23,x8,36	  x8:0x0000000e x23=0x00000001
       29905000	      2989	80001b70	00280463	beq	x16,x2,80001b78	 x16:0x800097e5  x2:0x80009fc4
       29915000	      2990	80001b74	3abe0213	addi	x4,x28,939	 x28:0x0007ffff  x4=0x000803aa
       29925000	      2991	80001b78	0017d913	srli	x18,x15,0x1	 x15:0x47083854 x18=0x23841c2a
       29935000	      2992	80001b7c	025e5c63	bge	x28,x5,80001bb4	 x28:0x0007ffff  x5:0x80009f50
       29945000	      2993	00000000	00000013	addi	x0,x0,0	  x0:0x00000000
       29955000	      2994	80001bb0	00000013	addi	x0,x0,0	  x0:0x00000000
       29965000	      2995	80001bb4	013cdeb3	srl	x29,x25,x19	 x25:0x00000000 x19:0xfffffffe x29=0x00000000
       29975000	      2996	80001bb8	0304d063	bge	x9,x16,80001bd8	  x9:0x0000000f x16:0x800097e5
       29985000	      2997	00000000	00000013	addi	x0,x0,0	  x0:0x00000000
       29995000	      2998	80001bd4	00000013	addi	x0,x0,0	  x0:0x00000000
       30005000	      2999	80001bd8	05061863	bne	x12,x16,80001c28	 x12:0x00000004 x16:0x800097e5
       30015000	      3000	00000000	00000013	addi	x0,x0,0	  x0:0x00000000
       30025000	      3001	80001c24	00000013	addi	x0,x0,0	  x0:0x00000000
       30035000	      3002	80001c28	010b9e33	sll	x28,x23,x16	 x23:0x00000001 x16:0x800097e5 x28=0x00000020
       30045000	      3003	80001c2c	41005833	sra	x16,x0,x16	  x0:0x00000000 x16:0x800097e5 x16=0x00000000
       30055000	      3004	80001c30	0038d633	srl	x12,x17,x3	 x17:0x0000000e  x3:0x5ffc8000 x12=0x0000000e
       30065000	      3005	80001c34	405ad393	srai	x7,x21,0x5	 x21:0x80009f50  x7=0xfc0004fa
       30075000	      3006	80001c38	0e56b2b7	lui	x5,0xe56b	  x5=0x0e56b000
       30085000	      3007	80001c3c	01d64833	xor	x16,x12,x29	 x12:0x0000000e x29:0x00000000 x16=0x0000000e
       30095000	      3008	80001c40	007134b3	sltu	x9,x2,x7	  x2:0x80009fc4  x7:0xfc0004fa  x9=0x00000001
       30105000	      3009	80001c44	bd926897	auipc	x17,0xbd926	 x17=0x3d927c40
       30115000	      3010	80001c48	413b8b33	sub	x22,x23,x19	 x23:0x00000001 x19:0xfffffffe x22=0x00000003
       30125000	      3011	80001c4c	00895793	srli	x15,x18,0x8	 x18:0x23841c2a x15=0x0023841c
       30135000	      3012	80001c50	004aa303	lw	x6,4(x21)	 x21:0x80009f50  x6=0x80000144 PA:0x80009f54
       30145000	      3013	80001c54	01a66db3	or	x27,x12,x26	 x12:0x0000000e x26:0x8d7ffa6c x27=0x8d7ffa6e
       30155000	      3014	80001c58	00bd64b3	or	x9,x26,x11	 x26:0x8d7ffa6c x11:0x00000001  x9=0x8d7ffa6d
       30165000	      3015	80001c5c	f393f613	andi	x12,x7,-199	  x7:0xfc0004fa x12=0xfc000438
       30175000	      3016	80001c60	013492b3	sll	x5,x9,x19	  x9:0x8d7ffa6d x19:0xfffffffe  x5=0x40000000
       30185000	      3017	80001c64	034a8a93	addi	x21,x21,52	 x21:0x80009f50 x21=0x80009f84
       30195000	      3018	80001c68	01ec71b3	and	x3,x24,x30	 x24:0xffffffff x30:0xc70819ec  x3=0xc70819ec
       30205000	      3019	80001c6c	01317533	and	x10,x2,x19	  x2:0x80009fc4 x19:0xfffffffe x10=0x80009fc4
       30215000	      3020	80001c70	003439b3	sltu	x19,x8,x3	  x8:0x0000000e  x3:0xc70819ec x19=0x00000001
       30225000	      3021	80001c74	00638bb3	add	x23,x7,x6	  x7:0xfc0004fa  x6:0x80000144 x23=0x7c00063e
       30235000	      3022	80001c78	00030093	addi	x1,x6,0	  x6:0x80000144  x1=0x80000144
       30245000	      3023	80001c7c	000080e7	jalr	x1,x1,0	  x1:0x80000144  x1=0x80001c7c
       30255000	      3024	00000000	00000013	addi	x0,x0,0	  x0:0x00000000
       30265000	      3025	80000144	00000013	addi	x0,x0,0	  x0:0x00000000
       30275000	      3026	80000148	968de693	ori	x13,x27,-1688	 x27:0x8d7ffa6e x13=0xfffffb6e
       30285000	      3027	8000014c	048cd063	bge	x25,x8,8000018c	 x25:0x00000000  x8:0x0000000e
       30295000	      3028	80000150	010ce233	or	x4,x25,x16	 x25:0x00000000 x16:0x0000000e  x4=0x0000000e
       30305000	      3029	80000154	023e5863	bge	x28,x3,80000184	 x28:0x00000020  x3:0xc70819ec
       30315000	      3030	00000000	00000013	addi	x0,x0,0	  x0:0x00000000
       30325000	      3031	80000180	00000013	addi	x0,x0,0	  x0:0x00000000
       30335000	      3032	80000184	0162aa33	slt	x20,x5,x22	  x5:0x40000000 x22:0x00000003 x20=0x00000000
       30345000	      3033	80000188	016d9db3	sll	x27,x27,x22	 x27:0x8d7ffa6e x22:0x00000003 x27=0x6bffd370
       30355000	      3034	8000018c	017afc33	and	x24,x21,x23	 x21:0x80009f84 x23:0x7c00063e x24=0x00000604
       30365000	      3035	80000190	906e2717	auipc	x14,0x906e2	 x14=0x106e218c
       30375000	      3036	80000194	cc136bb7	lui	x23,0xcc136	 x23=0xcc136000
       30385000	      3037	80000198	017f66b3	or	x13,x30,x23	 x30:0xc70819ec x23:0xcc136000 x13=0xcf1b79ec
       30395000	      3038	8000019c	001c4b33	xor	x22,x24,x1	 x24:0x00000604  x1:0x80001c7c x22=0x80001a78
       30405000	      3039	800001a0	00000013	addi	x0,x0,0	  x0:0x00000000
       30415000	      3040	800001a4	41410bb3	sub	x23,x2,x20	  x2:0x80009fc4 x20:0x00000000 x23=0x80009fc4
       30425000	      3041	800001a8	914cb613	sltiu	x12,x25,-1772	 x25:0x00000000 x12=0x00000001
       30435000	      3042	800001ac	01c130b3	sltu	x1,x2,x28	  x2:0x80009fc4 x28:0x00000020  x1=0x00000000
       30445000	      3043	800001b0	00445e63	bge	x8,x4,800001cc	  x8:0x0000000e  x4:0x0000000e
       30455000	      3044	00000000	00000013	addi	x0,x0,0	  x0:0x00000000
       30465000	      3045	800001c8	00000013	addi	x0,x0,0	  x0:0x00000000
       30475000	      3046	800001cc	0003bf33	sltu	x30,x7,x0	  x7:0xfc0004fa  x0:0x00000000 x30=0x00000000
       30485000	      3047	800001d0	013d8863	beq	x27,x19,800001e0	 x27:0x6bffd370 x19:0x00000001
       30495000	      3048	800001d4	004d5093	srli	x1,x26,0x4	 x26:0x8d7ffa6c  x1=0x08d7ffa6
       30505000	      3049	800001d8	84b83337	lui	x6,0x84b83	  x6=0x84b83000
       30515000	      3050	800001dc	09e8ec63	bltu	x17,x30,80000274	 x17:0x3d927c40 x30:0x00000000
       30525000	      3051	800001e0	01bd9033	sll	x0,x27,x27	 x27:0x6bffd370 x27:0x6bffd370
       30535000	      3052	800001e4	084ed663	bge	x29,x4,80000270	 x29:0x00000000  x4:0x0000000e
       30545000	      3053	800001e8	00dcd5b3	srl	x11,x25,x13	 x25:0x00000000 x13:0xcf1b79ec x11=0x00000000
       30555000	      3054	800001ec	00d08c33	add	x24,x1,x13	  x1:0x08d7ffa6 x13:0xcf1b79ec x24=0xd7f37992
       30565000	      3055	800001f0	015161b3	or	x3,x2,x21	  x2:0x80009fc4 x21:0x80009f84  x3=0x80009fc4
       30575000	      3056	800001f4	090fc063	blt	x31,x16,80000274	 x31:0x00000000 x16:0x0000000e
       30585000	      3057	00000000	00000013	addi	x0,x0,0	  x0:0x00000000
       30595000	      3058	80000270	00000013	addi	x0,x0,0	  x0:0x00000000
       30605000	      3059	80000274	868ef713	andi	x14,x29,-1944	 x29:0x00000000 x14=0x00000000
       30615000	      3060	80000278	00000f97	auipc	x31,0x0	 x31=0x80000274
       30625000	      3061	8000027c	00cf8f93	addi	x31,x31,12	 x31:0x80000274 x31=0x80000280
       30635000	      3062	80000280	000f8067	jalr	x0,x31,0	 x31:0x80000280
       30645000	      3063	00000000	00000013	addi	x0,x0,0	  x0:0x00000000
       30655000	      3064	80000280	00000013	addi	x0,x0,0	  x0:0x00000000
       30665000	      3065	80000284	00100193	addi	x3,x0,1	  x0:0x00000000  x3=0x00000001
       30675000	      3066	80000288	00000073	ecall	
       30685000	      3067	8000028c	004e41b3	xor	x3,x28,x4	 x28:0x00000020  x4:0x0000000e  x3=0x0000002e
