		Time			Cycle	PC		Insn	Decoded instruction	Register and memory contents
          65000	         5	80000004	00000293	addi	x5,x0,0	  x0:0x00000000  x5=0x00000000
          75000	         6	80000008	00000313	addi	x6,x0,0	  x0:0x00000000  x6=0x00000000
          85000	         7	8000000c	00628263	beq	x5,x6,80000010	  x5:0x00000000  x6:0x00000000
          95000	         8	00000000	00000013	addi	x0,x0,0	  x0:0x00000000
         105000	         9	8000000c	00000013	addi	x0,x0,0	  x0:0x00000000
         115000	        10	80000010	00000297	auipc	x5,0x0	  x5=0x8000000c
         125000	        11	80000014	00c28293	addi	x5,x5,12	  x5:0x8000000c  x5=0x80000018
         135000	        12	80000018	00028067	jalr	x0,x5,0	  x5:0x80000018
         145000	        13	00000000	00000013	addi	x0,x0,0	  x0:0x00000000
         155000	        14	80000018	00000013	addi	x0,x0,0	  x0:0x00000000
         165000	        15	8000001c	40000137	lui	x2,0x40000	  x2=0x40000000
         175000	        16	80000020	10010113	addi	x2,x2,256	  x2:0x40000000  x2=0x40000100
         185000	        17	80000024	00000013	addi	x0,x0,0	  x0:0x00000000
         195000	        18	80000028	0000ab97	auipc	x23,0xa	 x23=0x8000a024
         205000	        19	8000002c	fa0b8b93	addi	x23,x23,-96	 x23:0x8000a024 x23=0x80009fc4
         215000	        20	80000030	00004117	auipc	x2,0x4	  x2=0x8000402c
         225000	        21	80000034	8c410113	addi	x2,x2,-1852	  x2:0x8000402c  x2=0x800038f0
         235000	        22	80000038	00116113	ori	x2,x2,1	  x2:0x800038f0  x2=0x800038f1
         245000	        23	8000003c	00000013	addi	x0,x0,0	  x0:0x00000000
         255000	        24	80000040	00000117	auipc	x2,0x0	  x2=0x8000003c
         265000	        25	80000044	02010113	addi	x2,x2,32	  x2:0x8000003c  x2=0x8000005c
         275000	        26	80000048	00000013	addi	x0,x0,0	  x0:0x00000000
         285000	        27	8000004c	00000013	addi	x0,x0,0	  x0:0x00000000
         295000	        28	80000050	00002137	lui	x2,0x2	  x2=0x00002000
         305000	        29	80000054	80010113	addi	x2,x2,-2048	  x2:0x00002000  x2=0x00001800
         315000	        30	80000058	00000013	addi	x0,x0,0	  x0:0x00000000
         325000	        31	8000005c	00000013	addi	x0,x0,0	  x0:0x00000000
         335000	        32	80000060	80000037	lui	x0,0x80000	
         345000	        33	80000064	00000013	addi	x0,x0,0	  x0:0x00000000
         355000	        34	80000068	800000b7	lui	x1,0x80000	  x1=0x80000000
         365000	        35	8000006c	533cb137	lui	x2,0x533cb	  x2=0x533cb000
         375000	        36	80000070	e0810113	addi	x2,x2,-504	  x2:0x533cb000  x2=0x533cae08
         385000	        37	80000074	8e9dd1b7	lui	x3,0x8e9dd	  x3=0x8e9dd000
         395000	        38	80000078	79718193	addi	x3,x3,1943	  x3:0x8e9dd000  x3=0x8e9dd797
         405000	        39	8000007c	b053e2b7	lui	x5,0xb053e	  x5=0xb053e000
         415000	        40	80000080	25e28293	addi	x5,x5,606	  x5:0xb053e000  x5=0xb053e25e
         425000	        41	80000084	0d30d337	lui	x6,0xd30d	  x6=0x0d30d000
         435000	        42	80000088	acf30313	addi	x6,x6,-1329	  x6:0x0d30d000  x6=0x0d30cacf
         445000	        43	8000008c	800003b7	lui	x7,0x80000	  x7=0x80000000
         455000	        44	80000090	f20e0437	lui	x8,0xf20e0	  x8=0xf20e0000
         465000	        45	80000094	dc340413	addi	x8,x8,-573	  x8:0xf20e0000  x8=0xf20dfdc3
         475000	        46	80000098	00000493	addi	x9,x0,0	  x0:0x00000000  x9=0x00000000
         485000	        47	8000009c	77e7a537	lui	x10,0x77e7a	 x10=0x77e7a000
         495000	        48	800000a0	8aa50513	addi	x10,x10,-1878	 x10:0x77e7a000 x10=0x77e798aa
         505000	        49	800000a4	f86dc5b7	lui	x11,0xf86dc	 x11=0xf86dc000
         515000	        50	800000a8	54c58593	addi	x11,x11,1356	 x11:0xf86dc000 x11=0xf86dc54c
         525000	        51	800000ac	f2358637	lui	x12,0xf2358	 x12=0xf2358000
         535000	        52	800000b0	b9960613	addi	x12,x12,-1127	 x12:0xf2358000 x12=0xf2357b99
         545000	        53	800000b4	00000693	addi	x13,x0,0	  x0:0x00000000 x13=0x00000000
         555000	        54	800000b8	6f355737	lui	x14,0x6f355	 x14=0x6f355000
         565000	        55	800000bc	ffe70713	addi	x14,x14,-2	 x14:0x6f355000 x14=0x6f354ffe
         575000	        56	800000c0	800007b7	lui	x15,0x80000	 x15=0x80000000
         585000	        57	800000c4	00900813	addi	x16,x0,9	  x0:0x00000000 x16=0x00000009
         595000	        58	800000c8	05d748b7	lui	x17,0x5d74	 x17=0x05d74000
         605000	        59	800000cc	43288893	addi	x17,x17,1074	 x17:0x05d74000 x17=0x05d74432
         615000	        60	800000d0	9c1e7937	lui	x18,0x9c1e7	 x18=0x9c1e7000
         625000	        61	800000d4	99290913	addi	x18,x18,-1646	 x18:0x9c1e7000 x18=0x9c1e6992
         635000	        62	800000d8	00b00993	addi	x19,x0,11	  x0:0x00000000 x19=0x0000000b
         645000	        63	800000dc	1fabba37	lui	x20,0x1fabb	 x20=0x1fabb000
         655000	        64	800000e0	551a0a13	addi	x20,x20,1361	 x20:0x1fabb000 x20=0x1fabb551
         665000	        65	800000e4	00000a93	addi	x21,x0,0	  x0:0x00000000 x21=0x00000000
         675000	        66	800000e8	00400b13	addi	x22,x0,4	  x0:0x00000000 x22=0x00000004
         685000	        67	800000ec	00000c13	addi	x24,x0,0	  x0:0x00000000 x24=0x00000000
         695000	        68	800000f0	48695cb7	lui	x25,0x48695	 x25=0x48695000
         705000	        69	800000f4	b8dc8c93	addi	x25,x25,-1139	 x25:0x48695000 x25=0x48694b8d
         715000	        70	800000f8	00000d13	addi	x26,x0,0	  x0:0x00000000 x26=0x00000000
         725000	        71	800000fc	00000d93	addi	x27,x0,0	  x0:0x00000000 x27=0x00000000
         735000	        72	80000100	bdc59e37	lui	x28,0xbdc59	 x28=0xbdc59000
         745000	        73	80000104	4dbe0e13	addi	x28,x28,1243	 x28:0xbdc59000 x28=0xbdc594db
         755000	        74	80000108	a3c02eb7	lui	x29,0xa3c02	 x29=0xa3c02000
         765000	        75	8000010c	3a6e8e93	addi	x29,x29,934	 x29:0xa3c02000 x29=0xa3c023a6
         775000	        76	80000110	f4f43f37	lui	x30,0xf4f43	 x30=0xf4f43000
         785000	        77	80000114	222f0f13	addi	x30,x30,546	 x30:0xf4f43000 x30=0xf4f43222
         795000	        78	80000118	00b00f93	addi	x31,x0,11	  x0:0x00000000 x31=0x0000000b
         805000	        79	8000011c	0000a217	auipc	x4,0xa	  x4=0x8000a118
         815000	        80	80000120	e6c20213	addi	x4,x4,-404	  x4:0x8000a118  x4=0x80009f84
         825000	        81	80000124	00800d13	addi	x26,x0,8	  x0:0x00000000 x26=0x00000008
         835000	        82	80000128	00e00793	addi	x15,x0,14	  x0:0x00000000 x15=0x0000000e
         845000	        83	8000012c	71e03513	sltiu	x10,x0,1822	  x0:0x00000000 x10=0x00000001
         855000	        84	80000130	d0490c97	auipc	x25,0xd0490	 x25=0x5049012c
         865000	        85	80000134	00f4bc33	sltu	x24,x9,x15	  x9:0x00000000 x15:0x0000000e x24=0x00000001
         875000	        86	80000138	39342417	auipc	x8,0x39342	  x8=0xb9342134
         885000	        87	8000013c	00ba81b3	add	x3,x21,x11	 x21:0x00000000 x11:0xf86dc54c  x3=0xf86dc54c
         895000	        88	80000140	008ad4b3	srl	x9,x21,x8	 x21:0x00000000  x8:0xb9342134  x9=0x00000000
         905000	        89	80000144	006d0d13	addi	x26,x26,6	 x26:0x00000008 x26=0x0000000e
         915000	        90	80000148	00b0d333	srl	x6,x1,x11	  x1:0x80000000 x11:0xf86dc54c  x6=0x00080000
         925000	        91	8000014c	fefd64e3	bltu	x26,x15,80000134	 x26:0x0000000e x15:0x0000000e
         935000	        92	80000150	01049a93	slli	x21,x9,0x10	  x9:0x00000000 x21=0x00000000
         945000	        93	80000154	4005dc93	srai	x25,x11,0x0	 x11:0xf86dc54c x25=0xf86dc54c
         955000	        94	80000158	00001417	auipc	x8,0x1	  x8=0x80001154
         965000	        95	8000015c	85040413	addi	x8,x8,-1968	  x8:0x80001154  x8=0x800009a4
         975000	        96	80000160	5d7c8913	addi	x18,x25,1495	 x25:0xf86dc54c x18=0xf86dcb23
         985000	        97	80000164	d35f3ab7	lui	x21,0xd35f3	 x21=0xd35f3000
         995000	        98	80000168	01035b13	srli	x22,x6,0x10	  x6:0x00080000 x22=0x00000008
        1005000	        99	8000016c	12a40413	addi	x8,x8,298	  x8:0x800009a4  x8=0x80000ace
        1015000	       100	80000170	00dd9e13	slli	x28,x27,0xd	 x27:0x00000000 x28=0x00000000
        1025000	       101	80000174	b3603913	sltiu	x18,x0,-1226	  x0:0x00000000 x18=0x00000001
        1035000	       102	80000178	0026bcb3	sltu	x25,x13,x2	 x13:0x00000000  x2:0x533cae08 x25=0x00000001
        1045000	       103	8000017c	40b1d133	sra	x2,x3,x11	  x3:0xf86dc54c x11:0xf86dc54c  x2=0xffff86dc
        1055000	       104	80000180	6c158e93	addi	x29,x11,1729	 x11:0xf86dc54c x29=0xf86dcc0d
        1065000	       105	80000184	01f5efb3	or	x31,x11,x31	 x11:0xf86dc54c x31:0x0000000b x31=0xf86dc54f
        1075000	       106	80000188	ed640667	jalr	x12,x8,-298	  x8:0x80000ace x12=0x80000188
        1085000	       107	00000000	00000013	addi	x0,x0,0	  x0:0x00000000
        1095000	       108	800009a4	00000013	addi	x0,x0,0	  x0:0x00000000
        1105000	       109	800009a8	78b42913	slti	x18,x8,1931	  x8:0x80000ace x18=0x00000001
        1115000	       110	800009ac	00530e33	add	x28,x6,x5	  x6:0x00080000  x5:0xb053e25e x28=0xb05be25e
        1125000	       111	800009b0	fec20213	addi	x4,x4,-20	  x4:0x80009f84  x4=0x80009f70
        1135000	       112	800009b4	015cc133	xor	x2,x25,x21	 x25:0x00000001 x21:0xd35f3000  x2=0xd35f3001
        1145000	       113	800009b8	01c557b3	srl	x15,x10,x28	 x10:0x00000001 x28:0xb05be25e x15=0x00000000
        1155000	       114	800009bc	00c22223	sw	x12,4(x4)	  x4:0x80009f70 x12:0x80000188 PA:0x80009f74
        1165000	       115	800009c0	00097c33	and	x24,x18,x0	 x18:0x00000001  x0:0x00000000 x24=0x00000000
        1175000	       116	800009c4	ff700513	addi	x10,x0,-9	  x0:0x00000000 x10=0xfffffff7
        1185000	       117	800009c8	ff900913	addi	x18,x0,-7	  x0:0x00000000 x18=0xfffffff9
        1195000	       118	800009cc	00c84733	xor	x14,x16,x12	 x16:0x00000009 x12:0x80000188 x14=0x80000181
        1205000	       119	800009d0	00250513	addi	x10,x10,2	 x10:0xfffffff7 x10=0xfffffff9
        1215000	       120	800009d4	00500193	addi	x3,x0,5	  x0:0x00000000  x3=0x00000005
        1225000	       121	800009d8	00d00f13	addi	x30,x0,13	  x0:0x00000000 x30=0x0000000d
        1235000	       122	800009dc	011eb8b3	sltu	x17,x29,x17	 x29:0xf86dcc0d x17:0x05d74432 x17=0x00000000
        1245000	       123	800009e0	00818193	addi	x3,x3,8	  x3:0x00000005  x3=0x0000000d
        1255000	       124	800009e4	ffe18ce3	beq	x3,x30,800009dc	  x3:0x0000000d x30:0x0000000d
        1265000	       125	00000000	00000013	addi	x0,x0,0	  x0:0x00000000
        1275000	       126	800009d8	00000013	addi	x0,x0,0	  x0:0x00000000
        1285000	       127	800009dc	011eb8b3	sltu	x17,x29,x17	 x29:0xf86dcc0d x17:0x00000000 x17=0x00000000
        1295000	       128	800009e0	00818193	addi	x3,x3,8	  x3:0x0000000d  x3=0x00000015
        1305000	       129	800009e4	ffe18ce3	beq	x3,x30,800009dc	  x3:0x00000015 x30:0x0000000d
        1315000	       130	800009e8	ff2512e3	bne	x10,x18,800009cc	 x10:0xfffffff9 x18:0xfffffff9
        1325000	       131	800009ec	0a6dc693	xori	x13,x27,166	 x27:0x00000000 x13=0x000000a6
        1335000	       132	800009f0	ffb00193	addi	x3,x0,-5	  x0:0x00000000  x3=0xfffffffb
        1345000	       133	800009f4	01eef3b3	and	x7,x29,x30	 x29:0xf86dcc0d x30:0x0000000d  x7=0x0000000d
        1355000	       134	800009f8	e2ea4c93	xori	x25,x20,-466	 x20:0x1fabb551 x25=0xe0544b7f
        1365000	       135	800009fc	76e713b7	lui	x7,0x76e71	  x7=0x76e71000
        1375000	       136	80000a00	01a47533	and	x10,x8,x26	  x8:0x80000ace x26:0x0000000e x10=0x0000000e
        1385000	       137	80000a04	402504b3	sub	x9,x10,x2	 x10:0x0000000e  x2:0xd35f3001  x9=0x2ca0d00d
        1395000	       138	80000a08	c7cf7493	andi	x9,x30,-900	 x30:0x0000000d  x9=0x0000000c
        1405000	       139	80000a0c	00300993	addi	x19,x0,3	  x0:0x00000000 x19=0x00000003
        1415000	       140	80000a10	01284eb3	xor	x29,x16,x18	 x16:0x00000009 x18:0xfffffff9 x29=0xfffffff0
        1425000	       141	80000a14	a710ea97	auipc	x21,0xa710e	 x21=0x2710ea10
        1435000	       142	80000a18	0022ccb3	xor	x25,x5,x2	  x5:0xb053e25e  x2:0xd35f3001 x25=0x630cd25f
        1445000	       143	80000a1c	4116d733	sra	x14,x13,x17	 x13:0x000000a6 x17:0x00000000 x14=0x000000a6
        1455000	       144	80000a20	01352733	slt	x14,x10,x19	 x10:0x0000000e x19:0x00000003 x14=0x00000000
        1465000	       145	80000a24	cb70f013	andi	x0,x1,-841	  x1:0x80000000
        1475000	       146	80000a28	00030133	add	x2,x6,x0	  x6:0x00080000  x0:0x00000000  x2=0x00080000
        1485000	       147	80000a2c	000f74b3	and	x9,x30,x0	 x30:0x0000000d  x0:0x00000000  x9=0x00000000
        1495000	       148	80000a30	00cc2a33	slt	x20,x24,x12	 x24:0x00000000 x12:0x80000188 x20=0x00000000
        1505000	       149	80000a34	0025c0b3	xor	x1,x11,x2	 x11:0xf86dc54c  x2:0x00080000  x1=0xf865c54c
        1515000	       150	80000a38	25d40e13	addi	x28,x8,605	  x8:0x80000ace x28=0x80000d2b
        1525000	       151	80000a3c	00818193	addi	x3,x3,8	  x3:0xfffffffb  x3=0x00000003
        1535000	       152	80000a40	00595733	srl	x14,x18,x5	 x18:0xfffffff9  x5:0xb053e25e x14=0x00000003
        1545000	       153	80000a44	ff3190e3	bne	x3,x19,80000a24	  x3:0x00000003 x19:0x00000003
        1555000	       154	80000a48	008213b3	sll	x7,x4,x8	  x4:0x80009f70  x8:0x80000ace  x7=0x27dc0000
        1565000	       155	80000a4c	00100313	addi	x6,x0,1	  x0:0x00000000  x6=0x00000001
        1575000	       156	80000a50	00400413	addi	x8,x0,4	  x0:0x00000000  x8=0x00000004
        1585000	       157	80000a54	1e5f4937	lui	x18,0x1e5f4	 x18=0x1e5f4000
        1595000	       158	80000a58	804dcd13	xori	x26,x27,-2044	 x27:0x00000000 x26=0xfffff804
        1605000	       159	80000a5c	00230313	addi	x6,x6,2	  x6:0x00000001  x6=0x00000003
        1615000	       160	80000a60	fe834ae3	blt	x6,x8,80000a54	  x6:0x00000003  x8:0x00000004
        1625000	       161	00000000	00000013	addi	x0,x0,0	  x0:0x00000000
        1635000	       162	80000a50	00000013	addi	x0,x0,0	  x0:0x00000000
        1645000	       163	80000a54	1e5f4937	lui	x18,0x1e5f4	 x18=0x1e5f4000
        1655000	       164	80000a58	804dcd13	xori	x26,x27,-2044	 x27:0x00000000 x26=0xfffff804
        1665000	       165	80000a5c	00230313	addi	x6,x6,2	  x6:0x00000003  x6=0x00000005
        1675000	       166	80000a60	fe834ae3	blt	x6,x8,80000a54	  x6:0x00000005  x8:0x00000004
        1685000	       167	80000a64	01e01f93	slli	x31,x0,0x1e	  x0:0x00000000 x31=0x00000000
        1695000	       168	80000a68	00a00313	addi	x6,x0,10	  x0:0x00000000  x6=0x0000000a
        1705000	       169	80000a6c	40e10633	sub	x12,x2,x14	  x2:0x00080000 x14:0x00000003 x12=0x0007fffd
        1715000	       170	80000a70	016e4f33	xor	x30,x28,x22	 x28:0x80000d2b x22:0x00000008 x30=0x80000d23
        1725000	       171	80000a74	00000013	addi	x0,x0,0	  x0:0x00000000
        1735000	       172	80000a78	01e21f93	slli	x31,x4,0x1e	  x4:0x80009f70 x31=0x00000000
        1745000	       173	80000a7c	00869fb3	sll	x31,x13,x8	 x13:0x000000a6  x8:0x00000004 x31=0x00000a60
        1755000	       174	80000a80	95e6a997	auipc	x19,0x95e6a	 x19=0x15e6aa7c
        1765000	       175	80000a84	01100093	addi	x1,x0,17	  x0:0x00000000  x1=0x00000011
        1775000	       176	80000a88	41f35e33	sra	x28,x6,x31	  x6:0x0000000a x31:0x00000a60 x28=0x0000000a
        1785000	       177	80000a8c	0090dcb3	srl	x25,x1,x9	  x1:0x00000011  x9:0x00000000 x25=0x00000011
        1795000	       178	80000a90	fec74613	xori	x12,x14,-20	 x14:0x00000003 x12=0xffffffef
        1805000	       179	80000a94	82783a93	sltiu	x21,x16,-2009	 x16:0x00000009 x21=0x00000001
        1815000	       180	80000a98	0a192893	slti	x17,x18,161	 x18:0x1e5f4000 x17=0x00000000
        1825000	       181	80000a9c	41b80e33	sub	x28,x16,x27	 x16:0x00000009 x27:0x00000000 x28=0x00000009
        1835000	       182	80000aa0	00830313	addi	x6,x6,8	  x6:0x0000000a  x6=0x00000012
        1845000	       183	80000aa4	01f303b3	add	x7,x6,x31	  x6:0x00000012 x31:0x00000a60  x7=0x00000a72
        1855000	       184	80000aa8	00f75733	srl	x14,x14,x15	 x14:0x00000003 x15:0x00000000 x14=0x00000003
        1865000	       185	80000aac	fff00d13	addi	x26,x0,-1	  x0:0x00000000 x26=0xffffffff
        1875000	       186	80000ab0	01400813	addi	x16,x0,20	  x0:0x00000000 x16=0x00000014
        1885000	       187	80000ab4	009e4533	xor	x10,x28,x9	 x28:0x00000009  x9:0x00000000 x10=0x00000009
        1895000	       188	80000ab8	0d357417	auipc	x8,0xd357	  x8=0x8d357ab4
        1905000	       189	80000abc	c62ad617	auipc	x12,0xc62ad	 x12=0x462adab8
        1915000	       190	80000ac0	00b06433	or	x8,x0,x11	  x0:0x00000000 x11:0xf86dc54c  x8=0xf86dc54c
        1925000	       191	80000ac4	a95e7593	andi	x11,x28,-1387	 x28:0x00000009 x11=0x00000001
        1935000	       192	80000ac8	00000013	addi	x0,x0,0	  x0:0x00000000
        1945000	       193	80000acc	003d0d13	addi	x26,x26,3	 x26:0xffffffff x26=0x00000002
        1955000	       194	80000ad0	f8076b13	ori	x22,x14,-128	 x14:0x00000003 x22=0xffffff83
        1965000	       195	80000ad4	00411993	slli	x19,x2,0x4	  x2:0x00080000 x19=0x00800000
        1975000	       196	80000ad8	b8f28c97	auipc	x25,0xb8f28	 x25=0x38f28ad4
        1985000	       197	80000adc	d45d1197	auipc	x3,0xd45d1	  x3=0x545d1ad8
        1995000	       198	80000ae0	ff0d42e3	blt	x26,x16,80000ac4	 x26:0x00000002 x16:0x00000014
        2005000	       199	00000000	00000013	addi	x0,x0,0	  x0:0x00000000
        2015000	       200	80000ac0	00000013	addi	x0,x0,0	  x0:0x00000000
        2025000	       201	80000ac4	a95e7593	andi	x11,x28,-1387	 x28:0x00000009 x11=0x00000001
        2035000	       202	80000ac8	00000013	addi	x0,x0,0	  x0:0x00000000
        2045000	       203	80000acc	003d0d13	addi	x26,x26,3	 x26:0x00000002 x26=0x00000005
        2055000	       204	80000ad0	f8076b13	ori	x22,x14,-128	 x14:0x00000003 x22=0xffffff83
        2065000	       205	80000ad4	00411993	slli	x19,x2,0x4	  x2:0x00080000 x19=0x00800000
        2075000	       206	80000ad8	b8f28c97	auipc	x25,0xb8f28	 x25=0x38f28ad4
        2085000	       207	80000adc	d45d1197	auipc	x3,0xd45d1	  x3=0x545d1ad8
        2095000	       208	80000ae0	ff0d42e3	blt	x26,x16,80000ac4	 x26:0x00000005 x16:0x00000014
        2105000	       209	00000000	00000013	addi	x0,x0,0	  x0:0x00000000
        2115000	       210	80000ac0	00000013	addi	x0,x0,0	  x0:0x00000000
        2125000	       211	80000ac4	a95e7593	andi	x11,x28,-1387	 x28:0x00000009 x11=0x00000001
        2135000	       212	80000ac8	00000013	addi	x0,x0,0	  x0:0x00000000
        2145000	       213	80000acc	003d0d13	addi	x26,x26,3	 x26:0x00000005 x26=0x00000008
        2155000	       214	80000ad0	f8076b13	ori	x22,x14,-128	 x14:0x00000003 x22=0xffffff83
        2165000	       215	80000ad4	00411993	slli	x19,x2,0x4	  x2:0x00080000 x19=0x00800000
        2175000	       216	80000ad8	b8f28c97	auipc	x25,0xb8f28	 x25=0x38f28ad4
        2185000	       217	80000adc	d45d1197	auipc	x3,0xd45d1	  x3=0x545d1ad8
        2195000	       218	80000ae0	ff0d42e3	blt	x26,x16,80000ac4	 x26:0x00000008 x16:0x00000014
        2205000	       219	00000000	00000013	addi	x0,x0,0	  x0:0x00000000
        2215000	       220	80000ac0	00000013	addi	x0,x0,0	  x0:0x00000000
        2225000	       221	80000ac4	a95e7593	andi	x11,x28,-1387	 x28:0x00000009 x11=0x00000001
        2235000	       222	80000ac8	00000013	addi	x0,x0,0	  x0:0x00000000
        2245000	       223	80000acc	003d0d13	addi	x26,x26,3	 x26:0x00000008 x26=0x0000000b
        2255000	       224	80000ad0	f8076b13	ori	x22,x14,-128	 x14:0x00000003 x22=0xffffff83
        2265000	       225	80000ad4	00411993	slli	x19,x2,0x4	  x2:0x00080000 x19=0x00800000
        2275000	       226	80000ad8	b8f28c97	auipc	x25,0xb8f28	 x25=0x38f28ad4
        2285000	       227	80000adc	d45d1197	auipc	x3,0xd45d1	  x3=0x545d1ad8
        2295000	       228	80000ae0	ff0d42e3	blt	x26,x16,80000ac4	 x26:0x0000000b x16:0x00000014
        2305000	       229	00000000	00000013	addi	x0,x0,0	  x0:0x00000000
        2315000	       230	80000ac0	00000013	addi	x0,x0,0	  x0:0x00000000
        2325000	       231	80000ac4	a95e7593	andi	x11,x28,-1387	 x28:0x00000009 x11=0x00000001
        2335000	       232	80000ac8	00000013	addi	x0,x0,0	  x0:0x00000000
        2345000	       233	80000acc	003d0d13	addi	x26,x26,3	 x26:0x0000000b x26=0x0000000e
        2355000	       234	80000ad0	f8076b13	ori	x22,x14,-128	 x14:0x00000003 x22=0xffffff83
        2365000	       235	80000ad4	00411993	slli	x19,x2,0x4	  x2:0x00080000 x19=0x00800000
        2375000	       236	80000ad8	b8f28c97	auipc	x25,0xb8f28	 x25=0x38f28ad4
        2385000	       237	80000adc	d45d1197	auipc	x3,0xd45d1	  x3=0x545d1ad8
        2395000	       238	80000ae0	ff0d42e3	blt	x26,x16,80000ac4	 x26:0x0000000e x16:0x00000014
        2405000	       239	00000000	00000013	addi	x0,x0,0	  x0:0x00000000
        2415000	       240	80000ac0	00000013	addi	x0,x0,0	  x0:0x00000000
        2425000	       241	80000ac4	a95e7593	andi	x11,x28,-1387	 x28:0x00000009 x11=0x00000001
        2435000	       242	80000ac8	00000013	addi	x0,x0,0	  x0:0x00000000
        2445000	       243	80000acc	003d0d13	addi	x26,x26,3	 x26:0x0000000e x26=0x00000011
        2455000	       244	80000ad0	f8076b13	ori	x22,x14,-128	 x14:0x00000003 x22=0xffffff83
        2465000	       245	80000ad4	00411993	slli	x19,x2,0x4	  x2:0x00080000 x19=0x00800000
        2475000	       246	80000ad8	b8f28c97	auipc	x25,0xb8f28	 x25=0x38f28ad4
        2485000	       247	80000adc	d45d1197	auipc	x3,0xd45d1	  x3=0x545d1ad8
        2495000	       248	80000ae0	ff0d42e3	blt	x26,x16,80000ac4	 x26:0x00000011 x16:0x00000014
        2505000	       249	00000000	00000013	addi	x0,x0,0	  x0:0x00000000
        2515000	       250	80000ac0	00000013	addi	x0,x0,0	  x0:0x00000000
        2525000	       251	80000ac4	a95e7593	andi	x11,x28,-1387	 x28:0x00000009 x11=0x00000001
        2535000	       252	80000ac8	00000013	addi	x0,x0,0	  x0:0x00000000
        2545000	       253	80000acc	003d0d13	addi	x26,x26,3	 x26:0x00000011 x26=0x00000014
        2555000	       254	80000ad0	f8076b13	ori	x22,x14,-128	 x14:0x00000003 x22=0xffffff83
        2565000	       255	80000ad4	00411993	slli	x19,x2,0x4	  x2:0x00080000 x19=0x00800000
        2575000	       256	80000ad8	b8f28c97	auipc	x25,0xb8f28	 x25=0x38f28ad4
        2585000	       257	80000adc	d45d1197	auipc	x3,0xd45d1	  x3=0x545d1ad8
        2595000	       258	80000ae0	ff0d42e3	blt	x26,x16,80000ac4	 x26:0x00000014 x16:0x00000014
        2605000	       259	80000ae4	4107de93	srai	x29,x15,0x10	 x15:0x00000000 x29=0x00000000
        2615000	       260	80000ae8	fa1344e3	blt	x6,x1,80000a90	  x6:0x00000012  x1:0x00000011
        2625000	       261	80000aec	7711bb13	sltiu	x22,x3,1905	  x3:0x545d1ad8 x22=0x00000000
        2635000	       262	80000af0	fff00a93	addi	x21,x0,-1	  x0:0x00000000 x21=0xffffffff
        2645000	       263	80000af4	01aada33	srl	x20,x21,x26	 x21:0xffffffff x26:0x00000014 x20=0x00000fff
        2655000	       264	80000af8	009dbd33	sltu	x26,x27,x9	 x27:0x00000000  x9:0x00000000 x26=0x00000000
        2665000	       265	80000afc	018c2733	slt	x14,x24,x24	 x24:0x00000000 x24:0x00000000 x14=0x00000000
        2675000	       266	80000b00	f3e84537	lui	x10,0xf3e84	 x10=0xf3e84000
        2685000	       267	80000b04	30168d17	auipc	x26,0x30168	 x26=0xb0168b00
        2695000	       268	80000b08	fbd70613	addi	x12,x14,-67	 x14:0x00000000 x12=0xffffffbd
        2705000	       269	80000b0c	f91fcf13	xori	x30,x31,-111	 x31:0x00000a60 x30=0xfffff5f1
        2715000	       270	80000b10	00177eb3	and	x29,x14,x1	 x14:0x00000000  x1:0x00000011 x29=0x00000000
        2725000	       271	80000b14	00079f93	slli	x31,x15,0x0	 x15:0x00000000 x31=0x00000000
        2735000	       272	80000b18	0065df33	srl	x30,x11,x6	 x11:0x00000001  x6:0x00000012 x30=0x00000000
        2745000	       273	80000b1c	41e15333	sra	x6,x2,x30	  x2:0x00080000 x30:0x00000000  x6=0x00080000
        2755000	       274	80000b20	eb016613	ori	x12,x2,-336	  x2:0x00080000 x12=0xfffffeb0
        2765000	       275	80000b24	00560593	addi	x11,x12,5	 x12:0xfffffeb0 x11=0xfffffeb5
        2775000	       276	80000b28	7e265397	auipc	x7,0x7e265	  x7=0xfe265b24
        2785000	       277	80000b2c	d7edc513	xori	x10,x27,-642	 x27:0x00000000 x10=0xfffffd7e
        2795000	       278	80000b30	00452533	slt	x10,x10,x4	 x10:0xfffffd7e  x4:0x80009f70 x10=0x00000000
        2805000	       279	80000b34	403fde33	sra	x28,x31,x3	 x31:0x00000000  x3:0x545d1ad8 x28=0x00000000
        2815000	       280	80000b38	fed00c13	addi	x24,x0,-19	  x0:0x00000000 x24=0xffffffed
        2825000	       281	80000b3c	5c98b0b7	lui	x1,0x5c98b	  x1=0x5c98b000
        2835000	       282	80000b40	91f1ad13	slti	x26,x3,-1761	  x3:0x545d1ad8 x26=0x00000000
        2845000	       283	80000b44	52633713	sltiu	x14,x6,1318	  x6:0x00080000 x14=0x00000000
        2855000	       284	80000b48	ffda8a93	addi	x21,x21,-3	 x21:0xffffffff x21=0xfffffffc
        2865000	       285	80000b4c	ff8adae3	bge	x21,x24,80000b40	 x21:0xfffffffc x24:0xffffffed
        2875000	       286	00000000	00000013	addi	x0,x0,0	  x0:0x00000000
        2885000	       287	80000b3c	00000013	addi	x0,x0,0	  x0:0x00000000
        2895000	       288	80000b40	91f1ad13	slti	x26,x3,-1761	  x3:0x545d1ad8 x26=0x00000000
        2905000	       289	80000b44	52633713	sltiu	x14,x6,1318	  x6:0x00080000 x14=0x00000000
        2915000	       290	80000b48	ffda8a93	addi	x21,x21,-3	 x21:0xfffffffc x21=0xfffffff9
        2925000	       291	80000b4c	ff8adae3	bge	x21,x24,80000b40	 x21:0xfffffff9 x24:0xffffffed
        2935000	       292	00000000	00000013	addi	x0,x0,0	  x0:0x00000000
        2945000	       293	80000b3c	00000013	addi	x0,x0,0	  x0:0x00000000
        2955000	       294	80000b40	91f1ad13	slti	x26,x3,-1761	  x3:0x545d1ad8 x26=0x00000000
        2965000	       295	80000b44	52633713	sltiu	x14,x6,1318	  x6:0x00080000 x14=0x00000000
        2975000	       296	80000b48	ffda8a93	addi	x21,x21,-3	 x21:0xfffffff9 x21=0xfffffff6
        2985000	       297	80000b4c	ff8adae3	bge	x21,x24,80000b40	 x21:0xfffffff6 x24:0xffffffed
        2995000	       298	00000000	00000013	addi	x0,x0,0	  x0:0x00000000
        3005000	       299	80000b3c	00000013	addi	x0,x0,0	  x0:0x00000000
        3015000	       300	80000b40	91f1ad13	slti	x26,x3,-1761	  x3:0x545d1ad8 x26=0x00000000
        3025000	       301	80000b44	52633713	sltiu	x14,x6,1318	  x6:0x00080000 x14=0x00000000
        3035000	       302	80000b48	ffda8a93	addi	x21,x21,-3	 x21:0xfffffff6 x21=0xfffffff3
        3045000	       303	80000b4c	ff8adae3	bge	x21,x24,80000b40	 x21:0xfffffff3 x24:0xffffffed
        3055000	       304	00000000	00000013	addi	x0,x0,0	  x0:0x00000000
        3065000	       305	80000b3c	00000013	addi	x0,x0,0	  x0:0x00000000
        3075000	       306	80000b40	91f1ad13	slti	x26,x3,-1761	  x3:0x545d1ad8 x26=0x00000000
        3085000	       307	80000b44	52633713	sltiu	x14,x6,1318	  x6:0x00080000 x14=0x00000000
        3095000	       308	80000b48	ffda8a93	addi	x21,x21,-3	 x21:0xfffffff3 x21=0xfffffff0
        3105000	       309	80000b4c	ff8adae3	bge	x21,x24,80000b40	 x21:0xfffffff0 x24:0xffffffed
        3115000	       310	00000000	00000013	addi	x0,x0,0	  x0:0x00000000
        3125000	       311	80000b3c	00000013	addi	x0,x0,0	  x0:0x00000000
        3135000	       312	80000b40	91f1ad13	slti	x26,x3,-1761	  x3:0x545d1ad8 x26=0x00000000
        3145000	       313	80000b44	52633713	sltiu	x14,x6,1318	  x6:0x00080000 x14=0x00000000
        3155000	       314	80000b48	ffda8a93	addi	x21,x21,-3	 x21:0xfffffff0 x21=0xffffffed
        3165000	       315	80000b4c	ff8adae3	bge	x21,x24,80000b40	 x21:0xffffffed x24:0xffffffed
        3175000	       316	00000000	00000013	addi	x0,x0,0	  x0:0x00000000
        3185000	       317	80000b3c	00000013	addi	x0,x0,0	  x0:0x00000000
        3195000	       318	80000b40	91f1ad13	slti	x26,x3,-1761	  x3:0x545d1ad8 x26=0x00000000
        3205000	       319	80000b44	52633713	sltiu	x14,x6,1318	  x6:0x00080000 x14=0x00000000
        3215000	       320	80000b48	ffda8a93	addi	x21,x21,-3	 x21:0xffffffed x21=0xffffffea
        3225000	       321	80000b4c	ff8adae3	bge	x21,x24,80000b40	 x21:0xffffffea x24:0xffffffed
        3235000	       322	80000b50	01eb86b3	add	x13,x23,x30	 x23:0x80009fc4 x30:0x00000000 x13=0x80009fc4
        3245000	       323	80000b54	00a00513	addi	x10,x0,10	  x0:0x00000000 x10=0x0000000a
        3255000	       324	80000b58	0035adb3	slt	x27,x11,x3	 x11:0xfffffeb5  x3:0x545d1ad8 x27=0x00000001
        3265000	       325	80000b5c	00000013	addi	x0,x0,0	  x0:0x00000000
        3275000	       326	80000b60	40355493	srai	x9,x10,0x3	 x10:0x0000000a  x9=0x00000001
        3285000	       327	80000b64	0036e7b3	or	x15,x13,x3	 x13:0x80009fc4  x3:0x545d1ad8 x15=0xd45d9fdc
        3295000	       328	80000b68	00e11cb3	sll	x25,x2,x14	  x2:0x00080000 x14:0x00000000 x25=0x00080000
        3305000	       329	80000b6c	00e00a93	addi	x21,x0,14	  x0:0x00000000 x21=0x0000000e
        3315000	       330	80000b70	01646a33	or	x20,x8,x22	  x8:0xf86dc54c x22:0x00000000 x20=0xf86dc54c
        3325000	       331	80000b74	22227493	andi	x9,x4,546	  x4:0x80009f70  x9=0x00000220
        3335000	       332	80000b78	93ea0713	addi	x14,x20,-1730	 x20:0xf86dc54c x14=0xf86dbe8a
        3345000	       333	80000b7c	00d6f033	and	x0,x13,x13	 x13:0x80009fc4 x13:0x80009fc4
        3355000	       334	80000b80	b7ca7913	andi	x18,x20,-1156	 x20:0xf86dc54c x18=0xf86dc14c
        3365000	       335	80000b84	01ac68b3	or	x17,x24,x26	 x24:0xffffffed x26:0x00000000 x17=0xffffffed
        3375000	       336	80000b88	014c27b3	slt	x15,x24,x20	 x24:0xffffffed x20:0xf86dc54c x15=0x00000000
        3385000	       337	80000b8c	8765ff93	andi	x31,x11,-1930	 x11:0xfffffeb5 x31=0xfffff834
        3395000	       338	80000b90	00a50513	addi	x10,x10,10	 x10:0x0000000a x10=0x00000014
        3405000	       339	80000b94	40b95193	srai	x3,x18,0xb	 x18:0xf86dc14c  x3=0xffff0db8
        3415000	       340	80000b98	e0690093	addi	x1,x18,-506	 x18:0xf86dc14c  x1=0xf86dbf52
        3425000	       341	80000b9c	ab07ec13	ori	x24,x15,-1360	 x15:0x00000000 x24=0xfffffab0
        3435000	       342	80000ba0	00bb2e33	slt	x28,x22,x11	 x22:0x00000000 x11:0xfffffeb5 x28=0x00000000
        3445000	       343	80000ba4	01ed1fb3	sll	x31,x26,x30	 x26:0x00000000 x30:0x00000000 x31=0x00000000
        3455000	       344	80000ba8	011cbd33	sltu	x26,x25,x17	 x25:0x00080000 x17:0xffffffed x26=0x00000001
        3465000	       345	80000bac	45f4a993	slti	x19,x9,1119	  x9:0x00000220 x19=0x00000001
        3475000	       346	80000bb0	4199dd33	sra	x26,x19,x25	 x19:0x00000001 x25:0x00080000 x26=0x00000001
        3485000	       347	80000bb4	fd5540e3	blt	x10,x21,80000b74	 x10:0x00000014 x21:0x0000000e
        3495000	       348	80000bb8	0087de93	srli	x29,x15,0x8	 x15:0x00000000 x29=0x00000000
        3505000	       349	80000bbc	ff800d13	addi	x26,x0,-8	  x0:0x00000000 x26=0xfffffff8
        3515000	       350	80000bc0	0040e9b3	or	x19,x1,x4	  x1:0xf86dbf52  x4:0x80009f70 x19=0xf86dbf72
        3525000	       351	80000bc4	00c2c3b3	xor	x7,x5,x12	  x5:0xb053e25e x12:0xfffffeb0  x7=0x4fac1cee
        3535000	       352	80000bc8	01200f93	addi	x31,x0,18	  x0:0x00000000 x31=0x00000012
        3545000	       353	80000bcc	0192a733	slt	x14,x5,x25	  x5:0xb053e25e x25:0x00080000 x14=0x00000001
        3555000	       354	80000bd0	e7228493	addi	x9,x5,-398	  x5:0xb053e25e  x9=0xb053e0d0
        3565000	       355	80000bd4	01a2b133	sltu	x2,x5,x26	  x5:0xb053e25e x26:0xfffffff8  x2=0x00000001
        3575000	       356	80000bd8	411f5693	srai	x13,x30,0x11	 x30:0x00000000 x13=0x00000000
        3585000	       357	80000bdc	41bfd793	srai	x15,x31,0x1b	 x31:0x00000012 x15=0x00000000
        3595000	       358	80000be0	dc6a8a13	addi	x20,x21,-570	 x21:0x0000000e x20=0xfffffdd4
        3605000	       359	80000be4	c3180997	auipc	x19,0xc3180	 x19=0x43180be0
        3615000	       360	80000be8	51ff7893	andi	x17,x30,1311	 x30:0x00000000 x17=0x00000000
        3625000	       361	80000bec	005d0d13	addi	x26,x26,5	 x26:0xfffffff8 x26=0xfffffffd
        3635000	       362	80000bf0	7c5b4917	auipc	x18,0x7c5b4	 x18=0xfc5b4bec
        3645000	       363	80000bf4	0144d333	srl	x6,x9,x20	  x9:0xb053e0d0 x20:0xfffffdd4  x6=0x00000b05
        3655000	       364	80000bf8	019e23b3	slt	x7,x28,x25	 x28:0x00000000 x25:0x00080000  x7=0x00000001
        3665000	       365	80000bfc	01ada1b3	slt	x3,x27,x26	 x27:0x00000001 x26:0xfffffffd  x3=0x00000000
        3675000	       366	80000c00	001024b3	slt	x9,x0,x1	  x0:0x00000000  x1:0xf86dbf52  x9=0x00000000
        3685000	       367	80000c04	01a6c9b3	xor	x19,x13,x26	 x13:0x00000000 x26:0xfffffffd x19=0xfffffffd
        3695000	       368	80000c08	40b68433	sub	x8,x13,x11	 x13:0x00000000 x11:0xfffffeb5  x8=0x0000014b
        3705000	       369	80000c0c	fdfd6ae3	bltu	x26,x31,80000be0	 x26:0xfffffffd x31:0x00000012
        3715000	       370	80000c10	c12d25b7	lui	x11,0xc12d2	 x11=0xc12d2000
        3725000	       371	80000c14	00500593	addi	x11,x0,5	  x0:0x00000000 x11=0x00000005
        3735000	       372	80000c18	01dedb33	srl	x22,x29,x29	 x29:0x00000000 x29:0x00000000 x22=0x00000000
        3745000	       373	80000c1c	f30e7193	andi	x3,x28,-208	 x28:0x00000000  x3=0x00000000
        3755000	       374	80000c20	404158b3	sra	x17,x2,x4	  x2:0x00000001  x4:0x80009f70 x17=0x00000000
        3765000	       375	80000c24	00500c93	addi	x25,x0,5	  x0:0x00000000 x25=0x00000005
        3775000	       376	80000c28	00205e13	srli	x28,x0,0x2	  x0:0x00000000 x28=0x00000000
        3785000	       377	80000c2c	014ef433	and	x8,x29,x20	 x29:0x00000000 x20:0xfffffdd4  x8=0x00000000
        3795000	       378	80000c30	ffe58593	addi	x11,x11,-2	 x11:0x00000005 x11=0x00000003
        3805000	       379	80000c34	22dc0a93	addi	x21,x24,557	 x24:0xfffffab0 x21=0xfffffcdd
        3815000	       380	80000c38	40b45193	srai	x3,x8,0xb	  x8:0x00000000  x3=0x00000000
        3825000	       381	80000c3c	0053f433	and	x8,x7,x5	  x7:0x00000001  x5:0xb053e25e  x8=0x00000000
        3835000	       382	80000c40	405b5633	sra	x12,x22,x5	 x22:0x00000000  x5:0xb053e25e x12=0x00000000
        3845000	       383	80000c44	ff95f4e3	bgeu	x11,x25,80000c2c	 x11:0x00000003 x25:0x00000005
        3855000	       384	80000c48	00b1b433	sltu	x8,x3,x11	  x3:0x00000000 x11:0x00000003  x8=0x00000001
        3865000	       385	80000c4c	ff800793	addi	x15,x0,-8	  x0:0x00000000 x15=0xfffffff8
        3875000	       386	80000c50	00ae6eb3	or	x29,x28,x10	 x28:0x00000000 x10:0x00000014 x29=0x00000014
        3885000	       387	80000c54	003efeb3	and	x29,x29,x3	 x29:0x00000014  x3:0x00000000 x29=0x00000000
        3895000	       388	80000c58	00200f93	addi	x31,x0,2	  x0:0x00000000 x31=0x00000002
        3905000	       389	80000c5c	78de25b7	lui	x11,0x78de2	 x11=0x78de2000
        3915000	       390	80000c60	46b87c93	andi	x25,x16,1131	 x16:0x00000014 x25=0x00000000
        3925000	       391	80000c64	00a78793	addi	x15,x15,10	 x15:0xfffffff8 x15=0x00000002
        3935000	       392	80000c68	016c9013	slli	x0,x25,0x16	 x25:0x00000000
        3945000	       393	80000c6c	00900413	addi	x8,x0,9	  x0:0x00000000  x8=0x00000009
        3955000	       394	80000c70	0052d713	srli	x14,x5,0x5	  x5:0xb053e25e x14=0x05829f12
        3965000	       395	80000c74	01d57db3	and	x27,x10,x29	 x10:0x00000014 x29:0x00000000 x27=0x00000000
        3975000	       396	80000c78	41805cb7	lui	x25,0x41805	 x25=0x41805000
        3985000	       397	80000c7c	92857613	andi	x12,x10,-1752	 x10:0x00000014 x12=0x00000000
        3995000	       398	80000c80	00600813	addi	x16,x0,6	  x0:0x00000000 x16=0x00000006
        4005000	       399	80000c84	eebb4893	xori	x17,x22,-277	 x22:0x00000000 x17=0xfffffeeb
        4015000	       400	80000c88	001edd93	srli	x27,x29,0x1	 x29:0x00000000 x27=0x00000000
        4025000	       401	80000c8c	ffc40413	addi	x8,x8,-4	  x8:0x00000009  x8=0x00000005
        4035000	       402	80000c90	ff047ae3	bgeu	x8,x16,80000c84	  x8:0x00000005 x16:0x00000006
        4045000	       403	80000c94	3665ff13	andi	x30,x11,870	 x11:0x78de2000 x30=0x00000000
        4055000	       404	80000c98	fdf782e3	beq	x15,x31,80000c5c	 x15:0x00000002 x31:0x00000002
        4065000	       405	00000000	00000013	addi	x0,x0,0	  x0:0x00000000
        4075000	       406	80000c58	00000013	addi	x0,x0,0	  x0:0x00000000
        4085000	       407	80000c5c	78de25b7	lui	x11,0x78de2	 x11=0x78de2000
        4095000	       408	80000c60	46b87c93	andi	x25,x16,1131	 x16:0x00000006 x25=0x00000002
        4105000	       409	80000c64	00a78793	addi	x15,x15,10	 x15:0x00000002 x15=0x0000000c
        4115000	       410	80000c68	016c9013	slli	x0,x25,0x16	 x25:0x00000002
        4125000	       411	80000c6c	00900413	addi	x8,x0,9	  x0:0x00000000  x8=0x00000009
        4135000	       412	80000c70	0052d713	srli	x14,x5,0x5	  x5:0xb053e25e x14=0x05829f12
        4145000	       413	80000c74	01d57db3	and	x27,x10,x29	 x10:0x00000014 x29:0x00000000 x27=0x00000000
        4155000	       414	80000c78	41805cb7	lui	x25,0x41805	 x25=0x41805000
        4165000	       415	80000c7c	92857613	andi	x12,x10,-1752	 x10:0x00000014 x12=0x00000000
        4175000	       416	80000c80	00600813	addi	x16,x0,6	  x0:0x00000000 x16=0x00000006
        4185000	       417	80000c84	eebb4893	xori	x17,x22,-277	 x22:0x00000000 x17=0xfffffeeb
        4195000	       418	80000c88	001edd93	srli	x27,x29,0x1	 x29:0x00000000 x27=0x00000000
        4205000	       419	80000c8c	ffc40413	addi	x8,x8,-4	  x8:0x00000009  x8=0x00000005
        4215000	       420	80000c90	ff047ae3	bgeu	x8,x16,80000c84	  x8:0x00000005 x16:0x00000006
        4225000	       421	80000c94	3665ff13	andi	x30,x11,870	 x11:0x78de2000 x30=0x00000000
        4235000	       422	80000c98	fdf782e3	beq	x15,x31,80000c5c	 x15:0x0000000c x31:0x00000002
        4245000	       423	80000c9c	0053d693	srli	x13,x7,0x5	  x7:0x00000001 x13=0x00000000
        4255000	       424	80000ca0	ffd00f13	addi	x30,x0,-3	  x0:0x00000000 x30=0xfffffffd
        4265000	       425	80000ca4	4005d193	srai	x3,x11,0x0	 x11:0x78de2000  x3=0x78de2000
        4275000	       426	80000ca8	008c9913	slli	x18,x25,0x8	 x25:0x41805000 x18=0x80500000
        4285000	       427	80000cac	55f0ba13	sltiu	x20,x1,1375	  x1:0xf86dbf52 x20=0x00000000
        4295000	       428	80000cb0	4083d493	srai	x9,x7,0x8	  x7:0x00000001  x9=0x00000000
        4305000	       429	80000cb4	4d5c8513	addi	x10,x25,1237	 x25:0x41805000 x10=0x418054d5
        4315000	       430	80000cb8	ffc00c93	addi	x25,x0,-4	  x0:0x00000000 x25=0xfffffffc
        4325000	       431	80000cbc	fbed4413	xori	x8,x26,-66	 x26:0xfffffffd  x8=0x00000043
        4335000	       432	80000cc0	419a03b3	sub	x7,x20,x25	 x20:0x00000000 x25:0xfffffffc  x7=0x00000004
        4345000	       433	80000cc4	ffff0f13	addi	x30,x30,-1	 x30:0xfffffffd x30=0xfffffffc
        4355000	       434	80000cc8	01c95793	srli	x15,x18,0x1c	 x18:0x80500000 x15=0x00000008
        4365000	       435	80000ccc	00400713	addi	x14,x0,4	  x0:0x00000000 x14=0x00000004
        4375000	       436	80000cd0	0063a9b3	slt	x19,x7,x6	  x7:0x00000004  x6:0x00000b05 x19=0x00000001
        4385000	       437	80000cd4	b6458d93	addi	x27,x11,-1180	 x11:0x78de2000 x27=0x78de1b64
        4395000	       438	80000cd8	014bfa33	and	x20,x23,x20	 x23:0x80009fc4 x20:0x00000000 x20=0x00000000
        4405000	       439	80000cdc	00600113	addi	x2,x0,6	  x0:0x00000000  x2=0x00000006
        4415000	       440	80000ce0	f4a4ee93	ori	x29,x9,-182	  x9:0x00000000 x29=0xffffff4a
        4425000	       441	80000ce4	60d40813	addi	x16,x8,1549	  x8:0x00000043 x16=0x00000650
        4435000	       442	80000ce8	00270713	addi	x14,x14,2	 x14:0x00000004 x14=0x00000006
        4445000	       443	80000cec	0017c533	xor	x10,x15,x1	 x15:0x00000008  x1:0xf86dbf52 x10=0xf86dbf5a
        4455000	       444	80000cf0	fe270ae3	beq	x14,x2,80000ce4	 x14:0x00000006  x2:0x00000006
        4465000	       445	00000000	00000013	addi	x0,x0,0	  x0:0x00000000
        4475000	       446	80000ce0	00000013	addi	x0,x0,0	  x0:0x00000000
        4485000	       447	80000ce4	60d40813	addi	x16,x8,1549	  x8:0x00000043 x16=0x00000650
        4495000	       448	80000ce8	00270713	addi	x14,x14,2	 x14:0x00000006 x14=0x00000008
        4505000	       449	80000cec	0017c533	xor	x10,x15,x1	 x15:0x00000008  x1:0xf86dbf52 x10=0xf86dbf5a
        4515000	       450	80000cf0	fe270ae3	beq	x14,x2,80000ce4	 x14:0x00000008  x2:0x00000006
        4525000	       451	80000cf4	00000013	addi	x0,x0,0	  x0:0x00000000
        4535000	       452	80000cf8	01952fb3	slt	x31,x10,x25	 x10:0xf86dbf5a x25:0xfffffffc x31=0x00000001
        4545000	       453	80000cfc	00000013	addi	x0,x0,0	  x0:0x00000000
        4555000	       454	80000d00	fd9f00e3	beq	x30,x25,80000cc0	 x30:0xfffffffc x25:0xfffffffc
        4565000	       455	00000000	00000013	addi	x0,x0,0	  x0:0x00000000
        4575000	       456	80000cbc	00000013	addi	x0,x0,0	  x0:0x00000000
        4585000	       457	80000cc0	419a03b3	sub	x7,x20,x25	 x20:0x00000000 x25:0xfffffffc  x7=0x00000004
        4595000	       458	80000cc4	ffff0f13	addi	x30,x30,-1	 x30:0xfffffffc x30=0xfffffffb
        4605000	       459	80000cc8	01c95793	srli	x15,x18,0x1c	 x18:0x80500000 x15=0x00000008
        4615000	       460	80000ccc	00400713	addi	x14,x0,4	  x0:0x00000000 x14=0x00000004
        4625000	       461	80000cd0	0063a9b3	slt	x19,x7,x6	  x7:0x00000004  x6:0x00000b05 x19=0x00000001
        4635000	       462	80000cd4	b6458d93	addi	x27,x11,-1180	 x11:0x78de2000 x27=0x78de1b64
        4645000	       463	80000cd8	014bfa33	and	x20,x23,x20	 x23:0x80009fc4 x20:0x00000000 x20=0x00000000
        4655000	       464	80000cdc	00600113	addi	x2,x0,6	  x0:0x00000000  x2=0x00000006
        4665000	       465	80000ce0	f4a4ee93	ori	x29,x9,-182	  x9:0x00000000 x29=0xffffff4a
        4675000	       466	80000ce4	60d40813	addi	x16,x8,1549	  x8:0x00000043 x16=0x00000650
        4685000	       467	80000ce8	00270713	addi	x14,x14,2	 x14:0x00000004 x14=0x00000006
        4695000	       468	80000cec	0017c533	xor	x10,x15,x1	 x15:0x00000008  x1:0xf86dbf52 x10=0xf86dbf5a
        4705000	       469	80000cf0	fe270ae3	beq	x14,x2,80000ce4	 x14:0x00000006  x2:0x00000006
        4715000	       470	00000000	00000013	addi	x0,x0,0	  x0:0x00000000
        4725000	       471	80000ce0	00000013	addi	x0,x0,0	  x0:0x00000000
        4735000	       472	80000ce4	60d40813	addi	x16,x8,1549	  x8:0x00000043 x16=0x00000650
        4745000	       473	80000ce8	00270713	addi	x14,x14,2	 x14:0x00000006 x14=0x00000008
        4755000	       474	80000cec	0017c533	xor	x10,x15,x1	 x15:0x00000008  x1:0xf86dbf52 x10=0xf86dbf5a
        4765000	       475	80000cf0	fe270ae3	beq	x14,x2,80000ce4	 x14:0x00000008  x2:0x00000006
        4775000	       476	80000cf4	00000013	addi	x0,x0,0	  x0:0x00000000
        4785000	       477	80000cf8	01952fb3	slt	x31,x10,x25	 x10:0xf86dbf5a x25:0xfffffffc x31=0x00000001
        4795000	       478	80000cfc	00000013	addi	x0,x0,0	  x0:0x00000000
        4805000	       479	80000d00	fd9f00e3	beq	x30,x25,80000cc0	 x30:0xfffffffb x25:0xfffffffc
        4815000	       480	80000d04	b7d4cd93	xori	x27,x9,-1155	  x9:0x00000000 x27=0xfffffb7d
        4825000	       481	80000d08	00a00093	addi	x1,x0,10	  x0:0x00000000  x1=0x0000000a
        4835000	       482	80000d0c	00c00313	addi	x6,x0,12	  x0:0x00000000  x6=0x0000000c
        4845000	       483	80000d10	aa9b21b7	lui	x3,0xaa9b2	  x3=0xaa9b2000
        4855000	       484	80000d14	77896a13	ori	x20,x18,1912	 x18:0x80500000 x20=0x80500778
        4865000	       485	80000d18	00208093	addi	x1,x1,2	  x1:0x0000000a  x1=0x0000000c
        4875000	       486	80000d1c	ffd00493	addi	x9,x0,-3	  x0:0x00000000  x9=0xfffffffd
        4885000	       487	80000d20	ff300c13	addi	x24,x0,-13	  x0:0x00000000 x24=0xfffffff3
        4895000	       488	80000d24	267a0193	addi	x3,x20,615	 x20:0x80500778  x3=0x805009df
        4905000	       489	80000d28	ff648493	addi	x9,x9,-10	  x9:0xfffffffd  x9=0xfffffff3
        4915000	       490	80000d2c	00bf5e13	srli	x28,x30,0xb	 x30:0xfffffffb x28=0x001fffff
        4925000	       491	80000d30	ff848ae3	beq	x9,x24,80000d24	  x9:0xfffffff3 x24:0xfffffff3
        4935000	       492	00000000	00000013	addi	x0,x0,0	  x0:0x00000000
        4945000	       493	80000d20	00000013	addi	x0,x0,0	  x0:0x00000000
        4955000	       494	80000d24	267a0193	addi	x3,x20,615	 x20:0x80500778  x3=0x805009df
        4965000	       495	80000d28	ff648493	addi	x9,x9,-10	  x9:0xfffffff3  x9=0xffffffe9
        4975000	       496	80000d2c	00bf5e13	srli	x28,x30,0xb	 x30:0xfffffffb x28=0x001fffff
        4985000	       497	80000d30	ff848ae3	beq	x9,x24,80000d24	  x9:0xffffffe9 x24:0xfffffff3
        4995000	       498	80000d34	fc60eee3	bltu	x1,x6,80000d10	  x1:0x0000000c  x6:0x0000000c
        5005000	       499	80000d38	4719c813	xori	x16,x19,1137	 x19:0x00000001 x16=0x00000470
        5015000	       500	80000d3c	00200a13	addi	x20,x0,2	  x0:0x00000000 x20=0x00000002
        5025000	       501	80000d40	95c7ceb7	lui	x29,0x95c7c	 x29=0x95c7c000
        5035000	       502	80000d44	994e3413	sltiu	x8,x28,-1644	 x28:0x001fffff  x8=0x00000001
        5045000	       503	80000d48	c2a0b613	sltiu	x12,x1,-982	  x1:0x0000000c x12=0x00000001
        5055000	       504	80000d4c	40fa5413	srai	x8,x20,0xf	 x20:0x00000002  x8=0x00000000
        5065000	       505	80000d50	00a075b3	and	x11,x0,x10	  x0:0x00000000 x10:0xf86dbf5a x11=0x00000000
        5075000	       506	80000d54	00b46f33	or	x30,x8,x11	  x8:0x00000000 x11:0x00000000 x30=0x00000000
        5085000	       507	80000d58	035e6093	ori	x1,x28,53	 x28:0x001fffff  x1=0x001fffff
        5095000	       508	80000d5c	5f9b37b7	lui	x15,0x5f9b3	 x15=0x5f9b3000
        5105000	       509	80000d60	00190db3	add	x27,x18,x1	 x18:0x80500000  x1:0x001fffff x27=0x806fffff
        5115000	       510	80000d64	b9f6ef93	ori	x31,x13,-1121	 x13:0x00000000 x31=0xfffffb9f
        5125000	       511	80000d68	27a04fb7	lui	x31,0x27a04	 x31=0x27a04000
        5135000	       512	80000d6c	40dbd693	srai	x13,x23,0xd	 x23:0x80009fc4 x13=0xfffc0004
        5145000	       513	80000d70	01c74f33	xor	x30,x14,x28	 x14:0x00000008 x28:0x001fffff x30=0x001ffff7
        5155000	       514	80000d74	0088cd33	xor	x26,x17,x8	 x17:0xfffffeeb  x8:0x00000000 x26=0xfffffeeb
        5165000	       515	80000d78	007ddf93	srli	x31,x27,0x7	 x27:0x806fffff x31=0x0100dfff
        5175000	       516	80000d7c	002765b3	or	x11,x14,x2	 x14:0x00000008  x2:0x00000006 x11=0x0000000e
        5185000	       517	80000d80	00e00513	addi	x10,x0,14	  x0:0x00000000 x10=0x0000000e
        5195000	       518	80000d84	0095d4b3	srl	x9,x11,x9	 x11:0x0000000e  x9:0xffffffe9  x9=0x00000000
        5205000	       519	80000d88	403d08b3	sub	x17,x26,x3	 x26:0xfffffeeb  x3:0x805009df x17=0x7faff50c
        5215000	       520	80000d8c	00974433	xor	x8,x14,x9	 x14:0x00000008  x9:0x00000000  x8=0x00000008
        5225000	       521	80000d90	20483d93	sltiu	x27,x16,516	 x16:0x00000470 x27=0x00000000
        5235000	       522	80000d94	006a0a13	addi	x20,x20,6	 x20:0x00000002 x20=0x00000008
        5245000	       523	80000d98	090f2a93	slti	x21,x30,144	 x30:0x001ffff7 x21=0x00000000
        5255000	       524	80000d9c	dcb14c17	auipc	x24,0xdcb14	 x24=0x5cb14d98
        5265000	       525	80000da0	feaa66e3	bltu	x20,x10,80000d8c	 x20:0x00000008 x10:0x0000000e
        5275000	       526	00000000	00000013	addi	x0,x0,0	  x0:0x00000000
        5285000	       527	80000d88	00000013	addi	x0,x0,0	  x0:0x00000000
        5295000	       528	80000d8c	00974433	xor	x8,x14,x9	 x14:0x00000008  x9:0x00000000  x8=0x00000008
        5305000	       529	80000d90	20483d93	sltiu	x27,x16,516	 x16:0x00000470 x27=0x00000000
        5315000	       530	80000d94	006a0a13	addi	x20,x20,6	 x20:0x00000008 x20=0x0000000e
        5325000	       531	80000d98	090f2a93	slti	x21,x30,144	 x30:0x001ffff7 x21=0x00000000
        5335000	       532	80000d9c	dcb14c17	auipc	x24,0xdcb14	 x24=0x5cb14d98
        5345000	       533	80000da0	feaa66e3	bltu	x20,x10,80000d8c	 x20:0x0000000e x10:0x0000000e
        5355000	       534	80000da4	40c1db13	srai	x22,x3,0xc	  x3:0x805009df x22=0xfff80500
        5365000	       535	80000da8	00a00713	addi	x14,x0,10	  x0:0x00000000 x14=0x0000000a
        5375000	       536	80000dac	fec00a93	addi	x21,x0,-20	  x0:0x00000000 x21=0xffffffec
        5385000	       537	80000db0	014708b3	add	x17,x14,x20	 x14:0x0000000a x20:0x0000000e x17=0x00000018
        5395000	       538	80000db4	ffa70713	addi	x14,x14,-6	 x14:0x0000000a x14=0x00000004
        5405000	       539	80000db8	ff570ce3	beq	x14,x21,80000db0	 x14:0x00000004 x21:0xffffffec
        5415000	       540	80000dbc	28f9ee97	auipc	x29,0x28f9e	 x29=0xa8f9edb8
        5425000	       541	80000dc0	ff600313	addi	x6,x0,-10	  x0:0x00000000  x6=0xfffffff6
        5435000	       542	80000dc4	01ab3533	sltu	x10,x22,x26	 x22:0xfff80500 x26:0xfffffeeb x10=0x00000001
        5445000	       543	80000dc8	9a871c37	lui	x24,0x9a871	 x24=0x9a871000
        5455000	       544	80000dcc	418edcb3	sra	x25,x29,x24	 x29:0xa8f9edb8 x24:0x9a871000 x25=0xa8f9edb8
        5465000	       545	80000dd0	4027db33	sra	x22,x15,x2	 x15:0x5f9b3000  x2:0x00000006 x22=0x017e6cc0
        5475000	       546	80000dd4	00bffcb3	and	x25,x31,x11	 x31:0x0100dfff x11:0x0000000e x25=0x0000000e
        5485000	       547	80000dd8	00c00d93	addi	x27,x0,12	  x0:0x00000000 x27=0x0000000c
        5495000	       548	80000ddc	40bf0533	sub	x10,x30,x11	 x30:0x001ffff7 x11:0x0000000e x10=0x001fffe9
        5505000	       549	80000de0	33044197	auipc	x3,0x33044	  x3=0xb3044ddc
        5515000	       550	80000de4	012a17b3	sll	x15,x20,x18	 x20:0x0000000e x18:0x80500000 x15=0x0000000e
        5525000	       551	80000de8	000247b3	xor	x15,x4,x0	  x4:0x80009f70  x0:0x00000000 x15=0x80009f70
        5535000	       552	80000dec	006df133	and	x2,x27,x6	 x27:0x0000000c  x6:0xfffffff6  x2=0x00000004
        5545000	       553	80000df0	4159d833	sra	x16,x19,x21	 x19:0x00000001 x21:0xffffffec x16=0x00000000
        5555000	       554	80000df4	0110fb33	and	x22,x1,x17	  x1:0x001fffff x17:0x00000018 x22=0x00000018
        5565000	       555	80000df8	00130313	addi	x6,x6,1	  x6:0xfffffff6  x6=0xfffffff7
        5575000	       556	80000dfc	0034b3b3	sltu	x7,x9,x3	  x9:0x00000000  x3:0xb3044ddc  x7=0x00000001
        5585000	       557	80000e00	00f7b733	sltu	x14,x15,x15	 x15:0x80009f70 x15:0x80009f70 x14=0x00000000
        5595000	       558	80000e04	408bdcb3	sra	x25,x23,x8	 x23:0x80009fc4  x8:0x00000008 x25=0xff80009f
        5605000	       559	80000e08	05426913	ori	x18,x4,84	  x4:0x80009f70 x18=0x80009f74
        5615000	       560	80000e0c	0168cfb3	xor	x31,x17,x22	 x17:0x00000018 x22:0x00000018 x31=0x00000000
        5625000	       561	80000e10	00868b33	add	x22,x13,x8	 x13:0xfffc0004  x8:0x00000008 x22=0xfffc000c
        5635000	       562	80000e14	0043f1b3	and	x3,x7,x4	  x7:0x00000001  x4:0x80009f70  x3=0x00000000
        5645000	       563	80000e18	010e1a93	slli	x21,x28,0x10	 x28:0x001fffff x21=0xffff0000
        5655000	       564	80000e1c	004205b3	add	x11,x4,x4	  x4:0x80009f70  x4:0x80009f70 x11=0x00013ee0
        5665000	       565	80000e20	005ddfb3	srl	x31,x27,x5	 x27:0x0000000c  x5:0xb053e25e x31=0x00000000
        5675000	       566	80000e24	bfc62c93	slti	x25,x12,-1028	 x12:0x00000001 x25=0x00000000
        5685000	       567	80000e28	fdb306e3	beq	x6,x27,80000df4	  x6:0xfffffff7 x27:0x0000000c
        5695000	       568	80000e2c	41ce8a33	sub	x20,x29,x28	 x29:0xa8f9edb8 x28:0x001fffff x20=0xa8d9edb9
        5705000	       569	80000e30	00a00693	addi	x13,x0,10	  x0:0x00000000 x13=0x0000000a
        5715000	       570	80000e34	415980b3	sub	x1,x19,x21	 x19:0x00000001 x21:0xffff0000  x1=0x00010001
        5725000	       571	80000e38	00760b33	add	x22,x12,x7	 x12:0x00000001  x7:0x00000001 x22=0x00000002
        5735000	       572	80000e3c	ff4bec37	lui	x24,0xff4be	 x24=0xff4be000
        5745000	       573	80000e40	001e5193	srli	x3,x28,0x1	 x28:0x001fffff  x3=0x000fffff
        5755000	       574	80000e44	4e56f513	andi	x10,x13,1253	 x13:0x0000000a x10=0x00000000
        5765000	       575	80000e48	6a4cae13	slti	x28,x25,1700	 x25:0x00000000 x28=0x00000001
        5775000	       576	80000e4c	00a00893	addi	x17,x0,10	  x0:0x00000000 x17=0x0000000a
        5785000	       577	80000e50	00aa60b3	or	x1,x20,x10	 x20:0xa8d9edb9 x10:0x00000000  x1=0xa8d9edb9
        5795000	       578	80000e54	00000013	addi	x0,x0,0	  x0:0x00000000
        5805000	       579	80000e58	013db133	sltu	x2,x27,x19	 x27:0x0000000c x19:0x00000001  x2=0x00000000
        5815000	       580	80000e5c	00dc4db3	xor	x27,x24,x13	 x24:0xff4be000 x13:0x0000000a x27=0xff4be00a
        5825000	       581	80000e60	ff768693	addi	x13,x13,-9	 x13:0x0000000a x13=0x00000001
        5835000	       582	80000e64	0195f933	and	x18,x11,x25	 x11:0x00013ee0 x25:0x00000000 x18=0x00000000
        5845000	       583	80000e68	00ca8d33	add	x26,x21,x12	 x21:0xffff0000 x12:0x00000001 x26=0xffff0001
        5855000	       584	80000e6c	da20f913	andi	x18,x1,-606	  x1:0xa8d9edb9 x18=0xa8d9eda0
        5865000	       585	80000e70	9afe4193	xori	x3,x28,-1617	 x28:0x00000001  x3=0xfffff9ae
        5875000	       586	80000e74	ab6ca193	slti	x3,x25,-1354	 x25:0x00000000  x3=0x00000000
        5885000	       587	80000e78	0128f7b3	and	x15,x17,x18	 x17:0x0000000a x18:0xa8d9eda0 x15=0x00000000
        5895000	       588	80000e7c	00c0d833	srl	x16,x1,x12	  x1:0xa8d9edb9 x12:0x00000001 x16=0x546cf6dc
        5905000	       589	80000e80	ff044593	xori	x11,x8,-16	  x8:0x00000008 x11=0xfffffff8
        5915000	       590	80000e84	9324a637	lui	x12,0x9324a	 x12=0x9324a000
        5925000	       591	80000e88	01d244b3	xor	x9,x4,x29	  x4:0x80009f70 x29:0xa8f9edb8  x9=0x28f972c8
        5935000	       592	80000e8c	008fbfb3	sltu	x31,x31,x8	 x31:0x00000000  x8:0x00000008 x31=0x00000001
        5945000	       593	80000e90	253c3493	sltiu	x9,x24,595	 x24:0xff4be000  x9=0x00000000
        5955000	       594	80000e94	40cf0433	sub	x8,x30,x12	 x30:0x001ffff7 x12:0x9324a000  x8=0x6cfb5ff7
        5965000	       595	80000e98	fb16fee3	bgeu	x13,x17,80000e54	 x13:0x00000001 x17:0x0000000a
        5975000	       596	80000e9c	00975c13	srli	x24,x14,0x9	 x14:0x00000000 x24=0x00000000
        5985000	       597	80000ea0	ff900613	addi	x12,x0,-7	  x0:0x00000000 x12=0xfffffff9
        5995000	       598	80000ea4	4147d113	srai	x2,x15,0x14	 x15:0x00000000  x2=0x00000000
        6005000	       599	80000ea8	40f1d3b3	sra	x7,x3,x15	  x3:0x00000000 x15:0x00000000  x7=0x00000000
        6015000	       600	80000eac	26927897	auipc	x17,0x26927	 x17=0xa6927ea8
        6025000	       601	80000eb0	eaefba13	sltiu	x20,x31,-338	 x31:0x00000001 x20=0x00000001
        6035000	       602	80000eb4	a1f0a3b7	lui	x7,0xa1f0a	  x7=0xa1f0a000
        6045000	       603	80000eb8	00c86333	or	x6,x16,x12	 x16:0x546cf6dc x12:0xfffffff9  x6=0xfffffffd
        6055000	       604	80000ebc	01300a93	addi	x21,x0,19	  x0:0x00000000 x21=0x00000013
        6065000	       605	80000ec0	0071cdb3	xor	x27,x3,x7	  x3:0x00000000  x7:0xa1f0a000 x27=0xa1f0a000
        6075000	       606	80000ec4	d36809b7	lui	x19,0xd3680	 x19=0xd3680000
        6085000	       607	80000ec8	41e85593	srai	x11,x16,0x1e	 x16:0x546cf6dc x11=0x00000001
        6095000	       608	80000ecc	008ef1b3	and	x3,x29,x8	 x29:0xa8f9edb8  x8:0x6cfb5ff7  x3=0x28f94db0
        6105000	       609	80000ed0	01f0e033	or	x0,x1,x31	  x1:0xa8d9edb9 x31:0x00000001
        6115000	       610	80000ed4	401658b3	sra	x17,x12,x1	 x12:0xfffffff9  x1:0xa8d9edb9 x17=0xffffffff
        6125000	       611	80000ed8	00160613	addi	x12,x12,1	 x12:0xfffffff9 x12=0xfffffffa
        6135000	       612	80000edc	676e7e93	andi	x29,x28,1654	 x28:0x00000001 x29=0x00000000
        6145000	       613	80000ee0	ff5668e3	bltu	x12,x21,80000ed0	 x12:0xfffffffa x21:0x00000013
        6155000	       614	80000ee4	01a189b3	add	x19,x3,x26	  x3:0x28f94db0 x26:0xffff0001 x19=0x28f84db1
        6165000	       615	80000ee8	00600593	addi	x11,x0,6	  x0:0x00000000 x11=0x00000006
        6175000	       616	80000eec	c12cce17	auipc	x28,0xc12cc	 x28=0x412ccee8
        6185000	       617	80000ef0	00e75333	srl	x6,x14,x14	 x14:0x00000000 x14:0x00000000  x6=0x00000000
        6195000	       618	80000ef4	8731f413	andi	x8,x3,-1933	  x3:0x28f94db0  x8=0x28f94830
        6205000	       619	80000ef8	00f1a033	slt	x0,x3,x15	  x3:0x28f94db0 x15:0x00000000
        6215000	       620	80000efc	00505a93	srli	x21,x0,0x5	  x0:0x00000000 x21=0x00000000
        6225000	       621	80000f00	00fd6ab3	or	x21,x26,x15	 x26:0xffff0001 x15:0x00000000 x21=0xffff0001
        6235000	       622	80000f04	412a01b3	sub	x3,x20,x18	 x20:0x00000001 x18:0xa8d9eda0  x3=0x57261261
        6245000	       623	80000f08	00bc8eb3	add	x29,x25,x11	 x25:0x00000000 x11:0x00000006 x29=0x00000006
        6255000	       624	80000f0c	ff400b13	addi	x22,x0,-12	  x0:0x00000000 x22=0xfffffff4
        6265000	       625	80000f10	0068d013	srli	x0,x17,0x6	 x17:0xffffffff
        6275000	       626	80000f14	853df313	andi	x6,x27,-1965	 x27:0xa1f0a000  x6=0xa1f0a000
        6285000	       627	80000f18	00552633	slt	x12,x10,x5	 x10:0x00000000  x5:0xb053e25e x12=0x00000000
        6295000	       628	80000f1c	ff758593	addi	x11,x11,-9	 x11:0x00000006 x11=0xfffffffd
        6305000	       629	80000f20	65bb2e13	slti	x28,x22,1627	 x22:0xfffffff4 x28=0x00000001
        6315000	       630	80000f24	7379e193	ori	x3,x19,1847	 x19:0x28f84db1  x3=0x28f84fb7
        6325000	       631	80000f28	41ea00b3	sub	x1,x20,x30	 x20:0x00000001 x30:0x001ffff7  x1=0xffe0000a
        6335000	       632	80000f2c	7dc43637	lui	x12,0x7dc43	 x12=0x7dc43000
        6345000	       633	80000f30	403ed133	sra	x2,x29,x3	 x29:0x00000006  x3:0x28f84fb7  x2=0x00000000
        6355000	       634	80000f34	0042dd33	srl	x26,x5,x4	  x5:0xb053e25e  x4:0x80009f70 x26=0x0000b053
        6365000	       635	80000f38	fd658ee3	beq	x11,x22,80000f14	 x11:0xfffffffd x22:0xfffffff4
        6375000	       636	80000f3c	00000013	addi	x0,x0,0	  x0:0x00000000
        6385000	       637	80000f40	00800c13	addi	x24,x0,8	  x0:0x00000000 x24=0x00000008
        6395000	       638	80000f44	c456f113	andi	x2,x13,-955	 x13:0x00000001  x2=0x00000001
        6405000	       639	80000f48	015385b3	add	x11,x7,x21	  x7:0xa1f0a000 x21:0xffff0001 x11=0xa1efa001
        6415000	       640	80000f4c	00b00e93	addi	x29,x0,11	  x0:0x00000000 x29=0x0000000b
        6425000	       641	80000f50	00922133	slt	x2,x4,x9	  x4:0x80009f70  x9:0x00000000  x2=0x00000001
        6435000	       642	80000f54	0067a6b3	slt	x13,x15,x6	 x15:0x00000000  x6:0xa1f0a000 x13=0x00000000
        6445000	       643	80000f58	00000013	addi	x0,x0,0	  x0:0x00000000
        6455000	       644	80000f5c	3a403e13	sltiu	x28,x0,932	  x0:0x00000000 x28=0x00000001
        6465000	       645	80000f60	003c0c13	addi	x24,x24,3	 x24:0x00000008 x24=0x0000000b
        6475000	       646	80000f64	1fd2c897	auipc	x17,0x1fd2c	 x17=0x9fd2cf60
        6485000	       647	80000f68	c0372a37	lui	x20,0xc0372	 x20=0xc0372000
        6495000	       648	80000f6c	00800413	addi	x8,x0,8	  x0:0x00000000  x8=0x00000008
        6505000	       649	80000f70	01959a93	slli	x21,x11,0x19	 x11:0xa1efa001 x21=0x02000000
        6515000	       650	80000f74	00700f13	addi	x30,x0,7	  x0:0x00000000 x30=0x00000007
        6525000	       651	80000f78	00f68fb3	add	x31,x13,x15	 x13:0x00000000 x15:0x00000000 x31=0x00000000
        6535000	       652	80000f7c	20f0e513	ori	x10,x1,527	  x1:0xffe0000a x10=0xffe0020f
        6545000	       653	80000f80	5f4b0d93	addi	x27,x22,1524	 x22:0xfffffff4 x27=0x000005e8
        6555000	       654	80000f84	fff40413	addi	x8,x8,-1	  x8:0x00000008  x8=0x00000007
        6565000	       655	80000f88	8e914193	xori	x3,x2,-1815	  x2:0x00000001  x3=0xfffff8e8
        6575000	       656	80000f8c	c85da993	slti	x19,x27,-891	 x27:0x000005e8 x19=0x00000000
        6585000	       657	80000f90	1c9b0013	addi	x0,x22,457	 x22:0xfffffff4
        6595000	       658	80000f94	d9af3993	sltiu	x19,x30,-614	 x30:0x00000007 x19=0x00000001
        6605000	       659	80000f98	00000013	addi	x0,x0,0	  x0:0x00000000
        6615000	       660	80000f9c	ffe472e3	bgeu	x8,x30,80000f80	  x8:0x00000007 x30:0x00000007
        6625000	       661	00000000	00000013	addi	x0,x0,0	  x0:0x00000000
        6635000	       662	80000f7c	00000013	addi	x0,x0,0	  x0:0x00000000
        6645000	       663	80000f80	5f4b0d93	addi	x27,x22,1524	 x22:0xfffffff4 x27=0x000005e8
        6655000	       664	80000f84	fff40413	addi	x8,x8,-1	  x8:0x00000007  x8=0x00000006
        6665000	       665	80000f88	8e914193	xori	x3,x2,-1815	  x2:0x00000001  x3=0xfffff8e8
        6675000	       666	80000f8c	c85da993	slti	x19,x27,-891	 x27:0x000005e8 x19=0x00000000
        6685000	       667	80000f90	1c9b0013	addi	x0,x22,457	 x22:0xfffffff4
        6695000	       668	80000f94	d9af3993	sltiu	x19,x30,-614	 x30:0x00000007 x19=0x00000001
        6705000	       669	80000f98	00000013	addi	x0,x0,0	  x0:0x00000000
        6715000	       670	80000f9c	ffe472e3	bgeu	x8,x30,80000f80	  x8:0x00000006 x30:0x00000007
        6725000	       671	80000fa0	01a3b133	sltu	x2,x7,x26	  x7:0xa1f0a000 x26:0x0000b053  x2=0x00000000
        6735000	       672	80000fa4	40ae8133	sub	x2,x29,x10	 x29:0x0000000b x10:0xffe0020f  x2=0x001ffdfc
        6745000	       673	80000fa8	fbdc16e3	bne	x24,x29,80000f54	 x24:0x0000000b x29:0x0000000b
        6755000	       674	80000fac	00e29593	slli	x11,x5,0xe	  x5:0xb053e25e x11=0xf8978000
        6765000	       675	80000fb0	00600793	addi	x15,x0,6	  x0:0x00000000 x15=0x00000006
        6775000	       676	80000fb4	01b3c6b3	xor	x13,x7,x27	  x7:0xa1f0a000 x27:0x000005e8 x13=0xa1f0a5e8
        6785000	       677	80000fb8	3211e593	ori	x11,x3,801	  x3:0xfffff8e8 x11=0xfffffbe9
        6795000	       678	80000fbc	852fa413	slti	x8,x31,-1966	 x31:0x00000000  x8=0x00000000
        6805000	       679	80000fc0	73887113	andi	x2,x16,1848	 x16:0x546cf6dc  x2=0x00000618
        6815000	       680	80000fc4	01eda1b3	slt	x3,x27,x30	 x27:0x000005e8 x30:0x00000007  x3=0x00000000
        6825000	       681	80000fc8	00000013	addi	x0,x0,0	  x0:0x00000000
        6835000	       682	80000fcc	01615833	srl	x16,x2,x22	  x2:0x00000618 x22:0xfffffff4 x16=0x00000000
        6845000	       683	80000fd0	2199cc93	xori	x25,x19,537	 x19:0x00000001 x25=0x00000218
        6855000	       684	80000fd4	0197df13	srli	x30,x15,0x19	 x15:0x00000006 x30=0x00000000
        6865000	       685	80000fd8	e31cb113	sltiu	x2,x25,-463	 x25:0x00000218  x2=0x00000001
        6875000	       686	80000fdc	00600d93	addi	x27,x0,6	  x0:0x00000000 x27=0x00000006
        6885000	       687	80000fe0	d6fce913	ori	x18,x25,-657	 x25:0x00000218 x18=0xffffff7f
        6895000	       688	80000fe4	91fc79b7	lui	x19,0x91fc7	 x19=0x91fc7000
        6905000	       689	80000fe8	40d95493	srai	x9,x18,0xd	 x18:0xffffff7f  x9=0xffffffff
        6915000	       690	80000fec	ffb78793	addi	x15,x15,-5	 x15:0x00000006 x15=0x00000001
        6925000	       691	80000ff0	ff600a93	addi	x21,x0,-10	  x0:0x00000000 x21=0xfffffff6
        6935000	       692	80000ff4	01682733	slt	x14,x16,x22	 x16:0x00000000 x22:0xfffffff4 x14=0x00000000
        6945000	       693	80000ff8	00cc7033	and	x0,x24,x12	 x24:0x0000000b x12:0x7dc43000
        6955000	       694	80000ffc	fec00b13	addi	x22,x0,-20	  x0:0x00000000 x22=0xffffffec
        6965000	       695	80001000	8589ee13	ori	x28,x19,-1960	 x19:0x91fc7000 x28=0xfffff858
        6975000	       696	80001004	e8ed8813	addi	x16,x27,-370	 x27:0x00000006 x16=0xfffffe94
        6985000	       697	80001008	c21b4d13	xori	x26,x22,-991	 x22:0xffffffec x26=0x000003cd
        6995000	       698	8000100c	018400b3	add	x1,x8,x24	  x8:0x00000000 x24:0x0000000b  x1=0x0000000b
        7005000	       699	80001010	fffa8a93	addi	x21,x21,-1	 x21:0xfffffff6 x21=0xfffffff5
        7015000	       700	80001014	6f34aeb7	lui	x29,0x6f34a	 x29=0x6f34a000
        7025000	       701	80001018	00000013	addi	x0,x0,0	  x0:0x00000000
        7035000	       702	8000101c	01bf60b3	or	x1,x30,x27	 x30:0x00000000 x27:0x00000006  x1=0x00000006
        7045000	       703	80001020	ff6a82e3	beq	x21,x22,80001004	 x21:0xfffffff5 x22:0xffffffec
        7055000	       704	80001024	00c9da33	srl	x20,x19,x12	 x19:0x91fc7000 x12:0x7dc43000 x20=0x91fc7000
        7065000	       705	80001028	41a75733	sra	x14,x14,x26	 x14:0x00000000 x26:0x000003cd x14=0x00000000
        7075000	       706	8000102c	9db42c93	slti	x25,x8,-1573	  x8:0x00000000 x25=0x00000000
        7085000	       707	80001030	fbb7fae3	bgeu	x15,x27,80000fe4	 x15:0x00000001 x27:0x00000006
        7095000	       708	80001034	003334b3	sltu	x9,x6,x3	  x6:0xa1f0a000  x3:0x00000000  x9=0x00000000
        7105000	       709	80001038	fff00993	addi	x19,x0,-1	  x0:0x00000000 x19=0xffffffff
        7115000	       710	8000103c	c2dd2713	slti	x14,x26,-979	 x26:0x000003cd x14=0x00000000
        7125000	       711	80001040	96e8f813	andi	x16,x17,-1682	 x17:0x9fd2cf60 x16=0x9fd2c960
        7135000	       712	80001044	00000013	addi	x0,x0,0	  x0:0x00000000
        7145000	       713	80001048	00f00893	addi	x17,x0,15	  x0:0x00000000 x17=0x0000000f
        7155000	       714	8000104c	8629fd13	andi	x26,x19,-1950	 x19:0xffffffff x26=0xfffff862
        7165000	       715	80001050	4142d333	sra	x6,x5,x20	  x5:0xb053e25e x20:0x91fc7000  x6=0xb053e25e
        7175000	       716	80001054	d4582a17	auipc	x20,0xd4582	 x20=0x54583050
        7185000	       717	80001058	01629a13	slli	x20,x5,0x16	  x5:0xb053e25e x20=0x97800000
        7195000	       718	8000105c	40ca5613	srai	x12,x20,0xc	 x20:0x97800000 x12=0xfff97800
        7205000	       719	80001060	000d9913	slli	x18,x27,0x0	 x27:0x00000006 x18=0x00000006
        7215000	       720	80001064	0166beb3	sltu	x29,x13,x22	 x13:0xa1f0a5e8 x22:0xffffffec x29=0x00000001
        7225000	       721	80001068	01789033	sll	x0,x17,x23	 x17:0x0000000f x23:0x80009fc4
        7235000	       722	8000106c	41258033	sub	x0,x11,x18	 x11:0xfffffbe9 x18:0x00000006
        7245000	       723	80001070	00398993	addi	x19,x19,3	 x19:0xffffffff x19=0x00000002
        7255000	       724	80001074	40bd5433	sra	x8,x26,x11	 x26:0xfffff862 x11:0xfffffbe9  x8=0xfffffffc
        7265000	       725	80001078	000013b3	sll	x7,x0,x0	  x0:0x00000000  x0:0x00000000  x7=0x00000000
        7275000	       726	8000107c	00700c13	addi	x24,x0,7	  x0:0x00000000 x24=0x00000007
        7285000	       727	80001080	413cd113	srai	x2,x25,0x13	 x25:0x00000000  x2=0x00000000
        7295000	       728	80001084	01400493	addi	x9,x0,20	  x0:0x00000000  x9=0x00000014
        7305000	       729	80001088	015565b3	or	x11,x10,x21	 x10:0xffe0020f x21:0xfffffff5 x11=0xffffffff
        7315000	       730	8000108c	00000013	addi	x0,x0,0	  x0:0x00000000
        7325000	       731	80001090	001c0c13	addi	x24,x24,1	 x24:0x00000007 x24=0x00000008
        7335000	       732	80001094	4563ff13	andi	x30,x7,1110	  x7:0x00000000 x30=0x00000000
        7345000	       733	80001098	41208633	sub	x12,x1,x18	  x1:0x00000006 x18:0x00000006 x12=0x00000000
        7355000	       734	8000109c	409c5a93	srai	x21,x24,0x9	 x24:0x00000008 x21=0x00000000
        7365000	       735	800010a0	fe9c66e3	bltu	x24,x9,8000108c	 x24:0x00000008  x9:0x00000014
        7375000	       736	00000000	00000013	addi	x0,x0,0	  x0:0x00000000
        7385000	       737	80001088	00000013	addi	x0,x0,0	  x0:0x00000000
        7395000	       738	8000108c	00000013	addi	x0,x0,0	  x0:0x00000000
        7405000	       739	80001090	001c0c13	addi	x24,x24,1	 x24:0x00000008 x24=0x00000009
        7415000	       740	80001094	4563ff13	andi	x30,x7,1110	  x7:0x00000000 x30=0x00000000
        7425000	       741	80001098	41208633	sub	x12,x1,x18	  x1:0x00000006 x18:0x00000006 x12=0x00000000
        7435000	       742	8000109c	409c5a93	srai	x21,x24,0x9	 x24:0x00000009 x21=0x00000000
        7445000	       743	800010a0	fe9c66e3	bltu	x24,x9,8000108c	 x24:0x00000009  x9:0x00000014
        7455000	       744	00000000	00000013	addi	x0,x0,0	  x0:0x00000000
        7465000	       745	80001088	00000013	addi	x0,x0,0	  x0:0x00000000
        7475000	       746	8000108c	00000013	addi	x0,x0,0	  x0:0x00000000
        7485000	       747	80001090	001c0c13	addi	x24,x24,1	 x24:0x00000009 x24=0x0000000a
        7495000	       748	80001094	4563ff13	andi	x30,x7,1110	  x7:0x00000000 x30=0x00000000
        7505000	       749	80001098	41208633	sub	x12,x1,x18	  x1:0x00000006 x18:0x00000006 x12=0x00000000
        7515000	       750	8000109c	409c5a93	srai	x21,x24,0x9	 x24:0x0000000a x21=0x00000000
        7525000	       751	800010a0	fe9c66e3	bltu	x24,x9,8000108c	 x24:0x0000000a  x9:0x00000014
        7535000	       752	00000000	00000013	addi	x0,x0,0	  x0:0x00000000
        7545000	       753	80001088	00000013	addi	x0,x0,0	  x0:0x00000000
        7555000	       754	8000108c	00000013	addi	x0,x0,0	  x0:0x00000000
        7565000	       755	80001090	001c0c13	addi	x24,x24,1	 x24:0x0000000a x24=0x0000000b
        7575000	       756	80001094	4563ff13	andi	x30,x7,1110	  x7:0x00000000 x30=0x00000000
        7585000	       757	80001098	41208633	sub	x12,x1,x18	  x1:0x00000006 x18:0x00000006 x12=0x00000000
        7595000	       758	8000109c	409c5a93	srai	x21,x24,0x9	 x24:0x0000000b x21=0x00000000
        7605000	       759	800010a0	fe9c66e3	bltu	x24,x9,8000108c	 x24:0x0000000b  x9:0x00000014
        7615000	       760	00000000	00000013	addi	x0,x0,0	  x0:0x00000000
        7625000	       761	80001088	00000013	addi	x0,x0,0	  x0:0x00000000
        7635000	       762	8000108c	00000013	addi	x0,x0,0	  x0:0x00000000
        7645000	       763	80001090	001c0c13	addi	x24,x24,1	 x24:0x0000000b x24=0x0000000c
        7655000	       764	80001094	4563ff13	andi	x30,x7,1110	  x7:0x00000000 x30=0x00000000
        7665000	       765	80001098	41208633	sub	x12,x1,x18	  x1:0x00000006 x18:0x00000006 x12=0x00000000
        7675000	       766	8000109c	409c5a93	srai	x21,x24,0x9	 x24:0x0000000c x21=0x00000000
        7685000	       767	800010a0	fe9c66e3	bltu	x24,x9,8000108c	 x24:0x0000000c  x9:0x00000014
        7695000	       768	00000000	00000013	addi	x0,x0,0	  x0:0x00000000
        7705000	       769	80001088	00000013	addi	x0,x0,0	  x0:0x00000000
        7715000	       770	8000108c	00000013	addi	x0,x0,0	  x0:0x00000000
        7725000	       771	80001090	001c0c13	addi	x24,x24,1	 x24:0x0000000c x24=0x0000000d
        7735000	       772	80001094	4563ff13	andi	x30,x7,1110	  x7:0x00000000 x30=0x00000000
        7745000	       773	80001098	41208633	sub	x12,x1,x18	  x1:0x00000006 x18:0x00000006 x12=0x00000000
        7755000	       774	8000109c	409c5a93	srai	x21,x24,0x9	 x24:0x0000000d x21=0x00000000
        7765000	       775	800010a0	fe9c66e3	bltu	x24,x9,8000108c	 x24:0x0000000d  x9:0x00000014
        7775000	       776	00000000	00000013	addi	x0,x0,0	  x0:0x00000000
        7785000	       777	80001088	00000013	addi	x0,x0,0	  x0:0x00000000
        7795000	       778	8000108c	00000013	addi	x0,x0,0	  x0:0x00000000
        7805000	       779	80001090	001c0c13	addi	x24,x24,1	 x24:0x0000000d x24=0x0000000e
        7815000	       780	80001094	4563ff13	andi	x30,x7,1110	  x7:0x00000000 x30=0x00000000
        7825000	       781	80001098	41208633	sub	x12,x1,x18	  x1:0x00000006 x18:0x00000006 x12=0x00000000
        7835000	       782	8000109c	409c5a93	srai	x21,x24,0x9	 x24:0x0000000e x21=0x00000000
        7845000	       783	800010a0	fe9c66e3	bltu	x24,x9,8000108c	 x24:0x0000000e  x9:0x00000014
        7855000	       784	00000000	00000013	addi	x0,x0,0	  x0:0x00000000
        7865000	       785	80001088	00000013	addi	x0,x0,0	  x0:0x00000000
        7875000	       786	8000108c	00000013	addi	x0,x0,0	  x0:0x00000000
        7885000	       787	80001090	001c0c13	addi	x24,x24,1	 x24:0x0000000e x24=0x0000000f
        7895000	       788	80001094	4563ff13	andi	x30,x7,1110	  x7:0x00000000 x30=0x00000000
        7905000	       789	80001098	41208633	sub	x12,x1,x18	  x1:0x00000006 x18:0x00000006 x12=0x00000000
        7915000	       790	8000109c	409c5a93	srai	x21,x24,0x9	 x24:0x0000000f x21=0x00000000
        7925000	       791	800010a0	fe9c66e3	bltu	x24,x9,8000108c	 x24:0x0000000f  x9:0x00000014
        7935000	       792	00000000	00000013	addi	x0,x0,0	  x0:0x00000000
        7945000	       793	80001088	00000013	addi	x0,x0,0	  x0:0x00000000
        7955000	       794	8000108c	00000013	addi	x0,x0,0	  x0:0x00000000
        7965000	       795	80001090	001c0c13	addi	x24,x24,1	 x24:0x0000000f x24=0x00000010
        7975000	       796	80001094	4563ff13	andi	x30,x7,1110	  x7:0x00000000 x30=0x00000000
        7985000	       797	80001098	41208633	sub	x12,x1,x18	  x1:0x00000006 x18:0x00000006 x12=0x00000000
        7995000	       798	8000109c	409c5a93	srai	x21,x24,0x9	 x24:0x00000010 x21=0x00000000
        8005000	       799	800010a0	fe9c66e3	bltu	x24,x9,8000108c	 x24:0x00000010  x9:0x00000014
        8015000	       800	00000000	00000013	addi	x0,x0,0	  x0:0x00000000
        8025000	       801	80001088	00000013	addi	x0,x0,0	  x0:0x00000000
        8035000	       802	8000108c	00000013	addi	x0,x0,0	  x0:0x00000000
        8045000	       803	80001090	001c0c13	addi	x24,x24,1	 x24:0x00000010 x24=0x00000011
        8055000	       804	80001094	4563ff13	andi	x30,x7,1110	  x7:0x00000000 x30=0x00000000
        8065000	       805	80001098	41208633	sub	x12,x1,x18	  x1:0x00000006 x18:0x00000006 x12=0x00000000
        8075000	       806	8000109c	409c5a93	srai	x21,x24,0x9	 x24:0x00000011 x21=0x00000000
        8085000	       807	800010a0	fe9c66e3	bltu	x24,x9,8000108c	 x24:0x00000011  x9:0x00000014
        8095000	       808	00000000	00000013	addi	x0,x0,0	  x0:0x00000000
        8105000	       809	80001088	00000013	addi	x0,x0,0	  x0:0x00000000
        8115000	       810	8000108c	00000013	addi	x0,x0,0	  x0:0x00000000
        8125000	       811	80001090	001c0c13	addi	x24,x24,1	 x24:0x00000011 x24=0x00000012
        8135000	       812	80001094	4563ff13	andi	x30,x7,1110	  x7:0x00000000 x30=0x00000000
        8145000	       813	80001098	41208633	sub	x12,x1,x18	  x1:0x00000006 x18:0x00000006 x12=0x00000000
        8155000	       814	8000109c	409c5a93	srai	x21,x24,0x9	 x24:0x00000012 x21=0x00000000
        8165000	       815	800010a0	fe9c66e3	bltu	x24,x9,8000108c	 x24:0x00000012  x9:0x00000014
        8175000	       816	00000000	00000013	addi	x0,x0,0	  x0:0x00000000
        8185000	       817	80001088	00000013	addi	x0,x0,0	  x0:0x00000000
        8195000	       818	8000108c	00000013	addi	x0,x0,0	  x0:0x00000000
        8205000	       819	80001090	001c0c13	addi	x24,x24,1	 x24:0x00000012 x24=0x00000013
        8215000	       820	80001094	4563ff13	andi	x30,x7,1110	  x7:0x00000000 x30=0x00000000
        8225000	       821	80001098	41208633	sub	x12,x1,x18	  x1:0x00000006 x18:0x00000006 x12=0x00000000
        8235000	       822	8000109c	409c5a93	srai	x21,x24,0x9	 x24:0x00000013 x21=0x00000000
        8245000	       823	800010a0	fe9c66e3	bltu	x24,x9,8000108c	 x24:0x00000013  x9:0x00000014
        8255000	       824	00000000	00000013	addi	x0,x0,0	  x0:0x00000000
        8265000	       825	80001088	00000013	addi	x0,x0,0	  x0:0x00000000
        8275000	       826	8000108c	00000013	addi	x0,x0,0	  x0:0x00000000
        8285000	       827	80001090	001c0c13	addi	x24,x24,1	 x24:0x00000013 x24=0x00000014
        8295000	       828	80001094	4563ff13	andi	x30,x7,1110	  x7:0x00000000 x30=0x00000000
        8305000	       829	80001098	41208633	sub	x12,x1,x18	  x1:0x00000006 x18:0x00000006 x12=0x00000000
        8315000	       830	8000109c	409c5a93	srai	x21,x24,0x9	 x24:0x00000014 x21=0x00000000
        8325000	       831	800010a0	fe9c66e3	bltu	x24,x9,8000108c	 x24:0x00000014  x9:0x00000014
        8335000	       832	800010a4	eff8cd13	xori	x26,x17,-257	 x17:0x0000000f x26=0xfffffef0
        8345000	       833	800010a8	00170db3	add	x27,x14,x1	 x14:0x00000000  x1:0x00000006 x27=0x00000006
        8355000	       834	800010ac	fb19e4e3	bltu	x19,x17,80001054	 x19:0x00000002 x17:0x0000000f
        8365000	       835	00000000	00000013	addi	x0,x0,0	  x0:0x00000000
        8375000	       836	80001050	00000013	addi	x0,x0,0	  x0:0x00000000
        8385000	       837	80001054	d4582a17	auipc	x20,0xd4582	 x20=0x54583050
        8395000	       838	80001058	01629a13	slli	x20,x5,0x16	  x5:0xb053e25e x20=0x97800000
        8405000	       839	8000105c	40ca5613	srai	x12,x20,0xc	 x20:0x97800000 x12=0xfff97800
        8415000	       840	80001060	000d9913	slli	x18,x27,0x0	 x27:0x00000006 x18=0x00000006
        8425000	       841	80001064	0166beb3	sltu	x29,x13,x22	 x13:0xa1f0a5e8 x22:0xffffffec x29=0x00000001
        8435000	       842	80001068	01789033	sll	x0,x17,x23	 x17:0x0000000f x23:0x80009fc4
        8445000	       843	8000106c	41258033	sub	x0,x11,x18	 x11:0xffffffff x18:0x00000006
        8455000	       844	80001070	00398993	addi	x19,x19,3	 x19:0x00000002 x19=0x00000005
        8465000	       845	80001074	40bd5433	sra	x8,x26,x11	 x26:0xfffffef0 x11:0xffffffff  x8=0xffffffff
        8475000	       846	80001078	000013b3	sll	x7,x0,x0	  x0:0x00000000  x0:0x00000000  x7=0x00000000
        8485000	       847	8000107c	00700c13	addi	x24,x0,7	  x0:0x00000000 x24=0x00000007
        8495000	       848	80001080	413cd113	srai	x2,x25,0x13	 x25:0x00000000  x2=0x00000000
        8505000	       849	80001084	01400493	addi	x9,x0,20	  x0:0x00000000  x9=0x00000014
        8515000	       850	80001088	015565b3	or	x11,x10,x21	 x10:0xffe0020f x21:0x00000000 x11=0xffe0020f
        8525000	       851	8000108c	00000013	addi	x0,x0,0	  x0:0x00000000
        8535000	       852	80001090	001c0c13	addi	x24,x24,1	 x24:0x00000007 x24=0x00000008
        8545000	       853	80001094	4563ff13	andi	x30,x7,1110	  x7:0x00000000 x30=0x00000000
        8555000	       854	80001098	41208633	sub	x12,x1,x18	  x1:0x00000006 x18:0x00000006 x12=0x00000000
        8565000	       855	8000109c	409c5a93	srai	x21,x24,0x9	 x24:0x00000008 x21=0x00000000
        8575000	       856	800010a0	fe9c66e3	bltu	x24,x9,8000108c	 x24:0x00000008  x9:0x00000014
        8585000	       857	00000000	00000013	addi	x0,x0,0	  x0:0x00000000
        8595000	       858	80001088	00000013	addi	x0,x0,0	  x0:0x00000000
        8605000	       859	8000108c	00000013	addi	x0,x0,0	  x0:0x00000000
        8615000	       860	80001090	001c0c13	addi	x24,x24,1	 x24:0x00000008 x24=0x00000009
        8625000	       861	80001094	4563ff13	andi	x30,x7,1110	  x7:0x00000000 x30=0x00000000
        8635000	       862	80001098	41208633	sub	x12,x1,x18	  x1:0x00000006 x18:0x00000006 x12=0x00000000
        8645000	       863	8000109c	409c5a93	srai	x21,x24,0x9	 x24:0x00000009 x21=0x00000000
        8655000	       864	800010a0	fe9c66e3	bltu	x24,x9,8000108c	 x24:0x00000009  x9:0x00000014
        8665000	       865	00000000	00000013	addi	x0,x0,0	  x0:0x00000000
        8675000	       866	80001088	00000013	addi	x0,x0,0	  x0:0x00000000
        8685000	       867	8000108c	00000013	addi	x0,x0,0	  x0:0x00000000
        8695000	       868	80001090	001c0c13	addi	x24,x24,1	 x24:0x00000009 x24=0x0000000a
        8705000	       869	80001094	4563ff13	andi	x30,x7,1110	  x7:0x00000000 x30=0x00000000
        8715000	       870	80001098	41208633	sub	x12,x1,x18	  x1:0x00000006 x18:0x00000006 x12=0x00000000
        8725000	       871	8000109c	409c5a93	srai	x21,x24,0x9	 x24:0x0000000a x21=0x00000000
        8735000	       872	800010a0	fe9c66e3	bltu	x24,x9,8000108c	 x24:0x0000000a  x9:0x00000014
        8745000	       873	00000000	00000013	addi	x0,x0,0	  x0:0x00000000
        8755000	       874	80001088	00000013	addi	x0,x0,0	  x0:0x00000000
        8765000	       875	8000108c	00000013	addi	x0,x0,0	  x0:0x00000000
        8775000	       876	80001090	001c0c13	addi	x24,x24,1	 x24:0x0000000a x24=0x0000000b
        8785000	       877	80001094	4563ff13	andi	x30,x7,1110	  x7:0x00000000 x30=0x00000000
        8795000	       878	80001098	41208633	sub	x12,x1,x18	  x1:0x00000006 x18:0x00000006 x12=0x00000000
        8805000	       879	8000109c	409c5a93	srai	x21,x24,0x9	 x24:0x0000000b x21=0x00000000
        8815000	       880	800010a0	fe9c66e3	bltu	x24,x9,8000108c	 x24:0x0000000b  x9:0x00000014
        8825000	       881	00000000	00000013	addi	x0,x0,0	  x0:0x00000000
        8835000	       882	80001088	00000013	addi	x0,x0,0	  x0:0x00000000
        8845000	       883	8000108c	00000013	addi	x0,x0,0	  x0:0x00000000
        8855000	       884	80001090	001c0c13	addi	x24,x24,1	 x24:0x0000000b x24=0x0000000c
        8865000	       885	80001094	4563ff13	andi	x30,x7,1110	  x7:0x00000000 x30=0x00000000
        8875000	       886	80001098	41208633	sub	x12,x1,x18	  x1:0x00000006 x18:0x00000006 x12=0x00000000
        8885000	       887	8000109c	409c5a93	srai	x21,x24,0x9	 x24:0x0000000c x21=0x00000000
        8895000	       888	800010a0	fe9c66e3	bltu	x24,x9,8000108c	 x24:0x0000000c  x9:0x00000014
        8905000	       889	00000000	00000013	addi	x0,x0,0	  x0:0x00000000
        8915000	       890	80001088	00000013	addi	x0,x0,0	  x0:0x00000000
        8925000	       891	8000108c	00000013	addi	x0,x0,0	  x0:0x00000000
        8935000	       892	80001090	001c0c13	addi	x24,x24,1	 x24:0x0000000c x24=0x0000000d
        8945000	       893	80001094	4563ff13	andi	x30,x7,1110	  x7:0x00000000 x30=0x00000000
        8955000	       894	80001098	41208633	sub	x12,x1,x18	  x1:0x00000006 x18:0x00000006 x12=0x00000000
        8965000	       895	8000109c	409c5a93	srai	x21,x24,0x9	 x24:0x0000000d x21=0x00000000
        8975000	       896	800010a0	fe9c66e3	bltu	x24,x9,8000108c	 x24:0x0000000d  x9:0x00000014
        8985000	       897	00000000	00000013	addi	x0,x0,0	  x0:0x00000000
        8995000	       898	80001088	00000013	addi	x0,x0,0	  x0:0x00000000
        9005000	       899	8000108c	00000013	addi	x0,x0,0	  x0:0x00000000
        9015000	       900	80001090	001c0c13	addi	x24,x24,1	 x24:0x0000000d x24=0x0000000e
        9025000	       901	80001094	4563ff13	andi	x30,x7,1110	  x7:0x00000000 x30=0x00000000
        9035000	       902	80001098	41208633	sub	x12,x1,x18	  x1:0x00000006 x18:0x00000006 x12=0x00000000
        9045000	       903	8000109c	409c5a93	srai	x21,x24,0x9	 x24:0x0000000e x21=0x00000000
        9055000	       904	800010a0	fe9c66e3	bltu	x24,x9,8000108c	 x24:0x0000000e  x9:0x00000014
        9065000	       905	00000000	00000013	addi	x0,x0,0	  x0:0x00000000
        9075000	       906	80001088	00000013	addi	x0,x0,0	  x0:0x00000000
        9085000	       907	8000108c	00000013	addi	x0,x0,0	  x0:0x00000000
        9095000	       908	80001090	001c0c13	addi	x24,x24,1	 x24:0x0000000e x24=0x0000000f
        9105000	       909	80001094	4563ff13	andi	x30,x7,1110	  x7:0x00000000 x30=0x00000000
        9115000	       910	80001098	41208633	sub	x12,x1,x18	  x1:0x00000006 x18:0x00000006 x12=0x00000000
        9125000	       911	8000109c	409c5a93	srai	x21,x24,0x9	 x24:0x0000000f x21=0x00000000
        9135000	       912	800010a0	fe9c66e3	bltu	x24,x9,8000108c	 x24:0x0000000f  x9:0x00000014
        9145000	       913	00000000	00000013	addi	x0,x0,0	  x0:0x00000000
        9155000	       914	80001088	00000013	addi	x0,x0,0	  x0:0x00000000
        9165000	       915	8000108c	00000013	addi	x0,x0,0	  x0:0x00000000
        9175000	       916	80001090	001c0c13	addi	x24,x24,1	 x24:0x0000000f x24=0x00000010
        9185000	       917	80001094	4563ff13	andi	x30,x7,1110	  x7:0x00000000 x30=0x00000000
        9195000	       918	80001098	41208633	sub	x12,x1,x18	  x1:0x00000006 x18:0x00000006 x12=0x00000000
        9205000	       919	8000109c	409c5a93	srai	x21,x24,0x9	 x24:0x00000010 x21=0x00000000
        9215000	       920	800010a0	fe9c66e3	bltu	x24,x9,8000108c	 x24:0x00000010  x9:0x00000014
        9225000	       921	00000000	00000013	addi	x0,x0,0	  x0:0x00000000
        9235000	       922	80001088	00000013	addi	x0,x0,0	  x0:0x00000000
        9245000	       923	8000108c	00000013	addi	x0,x0,0	  x0:0x00000000
        9255000	       924	80001090	001c0c13	addi	x24,x24,1	 x24:0x00000010 x24=0x00000011
        9265000	       925	80001094	4563ff13	andi	x30,x7,1110	  x7:0x00000000 x30=0x00000000
        9275000	       926	80001098	41208633	sub	x12,x1,x18	  x1:0x00000006 x18:0x00000006 x12=0x00000000
        9285000	       927	8000109c	409c5a93	srai	x21,x24,0x9	 x24:0x00000011 x21=0x00000000
        9295000	       928	800010a0	fe9c66e3	bltu	x24,x9,8000108c	 x24:0x00000011  x9:0x00000014
        9305000	       929	00000000	00000013	addi	x0,x0,0	  x0:0x00000000
        9315000	       930	80001088	00000013	addi	x0,x0,0	  x0:0x00000000
        9325000	       931	8000108c	00000013	addi	x0,x0,0	  x0:0x00000000
        9335000	       932	80001090	001c0c13	addi	x24,x24,1	 x24:0x00000011 x24=0x00000012
        9345000	       933	80001094	4563ff13	andi	x30,x7,1110	  x7:0x00000000 x30=0x00000000
        9355000	       934	80001098	41208633	sub	x12,x1,x18	  x1:0x00000006 x18:0x00000006 x12=0x00000000
        9365000	       935	8000109c	409c5a93	srai	x21,x24,0x9	 x24:0x00000012 x21=0x00000000
        9375000	       936	800010a0	fe9c66e3	bltu	x24,x9,8000108c	 x24:0x00000012  x9:0x00000014
        9385000	       937	00000000	00000013	addi	x0,x0,0	  x0:0x00000000
        9395000	       938	80001088	00000013	addi	x0,x0,0	  x0:0x00000000
        9405000	       939	8000108c	00000013	addi	x0,x0,0	  x0:0x00000000
        9415000	       940	80001090	001c0c13	addi	x24,x24,1	 x24:0x00000012 x24=0x00000013
        9425000	       941	80001094	4563ff13	andi	x30,x7,1110	  x7:0x00000000 x30=0x00000000
        9435000	       942	80001098	41208633	sub	x12,x1,x18	  x1:0x00000006 x18:0x00000006 x12=0x00000000
        9445000	       943	8000109c	409c5a93	srai	x21,x24,0x9	 x24:0x00000013 x21=0x00000000
        9455000	       944	800010a0	fe9c66e3	bltu	x24,x9,8000108c	 x24:0x00000013  x9:0x00000014
        9465000	       945	00000000	00000013	addi	x0,x0,0	  x0:0x00000000
        9475000	       946	80001088	00000013	addi	x0,x0,0	  x0:0x00000000
        9485000	       947	8000108c	00000013	addi	x0,x0,0	  x0:0x00000000
        9495000	       948	80001090	001c0c13	addi	x24,x24,1	 x24:0x00000013 x24=0x00000014
        9505000	       949	80001094	4563ff13	andi	x30,x7,1110	  x7:0x00000000 x30=0x00000000
        9515000	       950	80001098	41208633	sub	x12,x1,x18	  x1:0x00000006 x18:0x00000006 x12=0x00000000
        9525000	       951	8000109c	409c5a93	srai	x21,x24,0x9	 x24:0x00000014 x21=0x00000000
        9535000	       952	800010a0	fe9c66e3	bltu	x24,x9,8000108c	 x24:0x00000014  x9:0x00000014
        9545000	       953	800010a4	eff8cd13	xori	x26,x17,-257	 x17:0x0000000f x26=0xfffffef0
        9555000	       954	800010a8	00170db3	add	x27,x14,x1	 x14:0x00000000  x1:0x00000006 x27=0x00000006
        9565000	       955	800010ac	fb19e4e3	bltu	x19,x17,80001054	 x19:0x00000005 x17:0x0000000f
        9575000	       956	00000000	00000013	addi	x0,x0,0	  x0:0x00000000
        9585000	       957	80001050	00000013	addi	x0,x0,0	  x0:0x00000000
        9595000	       958	80001054	d4582a17	auipc	x20,0xd4582	 x20=0x54583050
        9605000	       959	80001058	01629a13	slli	x20,x5,0x16	  x5:0xb053e25e x20=0x97800000
        9615000	       960	8000105c	40ca5613	srai	x12,x20,0xc	 x20:0x97800000 x12=0xfff97800
        9625000	       961	80001060	000d9913	slli	x18,x27,0x0	 x27:0x00000006 x18=0x00000006
        9635000	       962	80001064	0166beb3	sltu	x29,x13,x22	 x13:0xa1f0a5e8 x22:0xffffffec x29=0x00000001
        9645000	       963	80001068	01789033	sll	x0,x17,x23	 x17:0x0000000f x23:0x80009fc4
        9655000	       964	8000106c	41258033	sub	x0,x11,x18	 x11:0xffe0020f x18:0x00000006
        9665000	       965	80001070	00398993	addi	x19,x19,3	 x19:0x00000005 x19=0x00000008
        9675000	       966	80001074	40bd5433	sra	x8,x26,x11	 x26:0xfffffef0 x11:0xffe0020f  x8=0xffffffff
        9685000	       967	80001078	000013b3	sll	x7,x0,x0	  x0:0x00000000  x0:0x00000000  x7=0x00000000
        9695000	       968	8000107c	00700c13	addi	x24,x0,7	  x0:0x00000000 x24=0x00000007
        9705000	       969	80001080	413cd113	srai	x2,x25,0x13	 x25:0x00000000  x2=0x00000000
        9715000	       970	80001084	01400493	addi	x9,x0,20	  x0:0x00000000  x9=0x00000014
        9725000	       971	80001088	015565b3	or	x11,x10,x21	 x10:0xffe0020f x21:0x00000000 x11=0xffe0020f
        9735000	       972	8000108c	00000013	addi	x0,x0,0	  x0:0x00000000
        9745000	       973	80001090	001c0c13	addi	x24,x24,1	 x24:0x00000007 x24=0x00000008
        9755000	       974	80001094	4563ff13	andi	x30,x7,1110	  x7:0x00000000 x30=0x00000000
        9765000	       975	80001098	41208633	sub	x12,x1,x18	  x1:0x00000006 x18:0x00000006 x12=0x00000000
        9775000	       976	8000109c	409c5a93	srai	x21,x24,0x9	 x24:0x00000008 x21=0x00000000
        9785000	       977	800010a0	fe9c66e3	bltu	x24,x9,8000108c	 x24:0x00000008  x9:0x00000014
        9795000	       978	00000000	00000013	addi	x0,x0,0	  x0:0x00000000
        9805000	       979	80001088	00000013	addi	x0,x0,0	  x0:0x00000000
        9815000	       980	8000108c	00000013	addi	x0,x0,0	  x0:0x00000000
        9825000	       981	80001090	001c0c13	addi	x24,x24,1	 x24:0x00000008 x24=0x00000009
        9835000	       982	80001094	4563ff13	andi	x30,x7,1110	  x7:0x00000000 x30=0x00000000
        9845000	       983	80001098	41208633	sub	x12,x1,x18	  x1:0x00000006 x18:0x00000006 x12=0x00000000
        9855000	       984	8000109c	409c5a93	srai	x21,x24,0x9	 x24:0x00000009 x21=0x00000000
        9865000	       985	800010a0	fe9c66e3	bltu	x24,x9,8000108c	 x24:0x00000009  x9:0x00000014
        9875000	       986	00000000	00000013	addi	x0,x0,0	  x0:0x00000000
        9885000	       987	80001088	00000013	addi	x0,x0,0	  x0:0x00000000
        9895000	       988	8000108c	00000013	addi	x0,x0,0	  x0:0x00000000
        9905000	       989	80001090	001c0c13	addi	x24,x24,1	 x24:0x00000009 x24=0x0000000a
        9915000	       990	80001094	4563ff13	andi	x30,x7,1110	  x7:0x00000000 x30=0x00000000
        9925000	       991	80001098	41208633	sub	x12,x1,x18	  x1:0x00000006 x18:0x00000006 x12=0x00000000
        9935000	       992	8000109c	409c5a93	srai	x21,x24,0x9	 x24:0x0000000a x21=0x00000000
        9945000	       993	800010a0	fe9c66e3	bltu	x24,x9,8000108c	 x24:0x0000000a  x9:0x00000014
        9955000	       994	00000000	00000013	addi	x0,x0,0	  x0:0x00000000
        9965000	       995	80001088	00000013	addi	x0,x0,0	  x0:0x00000000
        9975000	       996	8000108c	00000013	addi	x0,x0,0	  x0:0x00000000
        9985000	       997	80001090	001c0c13	addi	x24,x24,1	 x24:0x0000000a x24=0x0000000b
        9995000	       998	80001094	4563ff13	andi	x30,x7,1110	  x7:0x00000000 x30=0x00000000
       10005000	       999	80001098	41208633	sub	x12,x1,x18	  x1:0x00000006 x18:0x00000006 x12=0x00000000
       10015000	      1000	8000109c	409c5a93	srai	x21,x24,0x9	 x24:0x0000000b x21=0x00000000
       10025000	      1001	800010a0	fe9c66e3	bltu	x24,x9,8000108c	 x24:0x0000000b  x9:0x00000014
       10035000	      1002	00000000	00000013	addi	x0,x0,0	  x0:0x00000000
       10045000	      1003	80001088	00000013	addi	x0,x0,0	  x0:0x00000000
       10055000	      1004	8000108c	00000013	addi	x0,x0,0	  x0:0x00000000
       10065000	      1005	80001090	001c0c13	addi	x24,x24,1	 x24:0x0000000b x24=0x0000000c
       10075000	      1006	80001094	4563ff13	andi	x30,x7,1110	  x7:0x00000000 x30=0x00000000
       10085000	      1007	80001098	41208633	sub	x12,x1,x18	  x1:0x00000006 x18:0x00000006 x12=0x00000000
       10095000	      1008	8000109c	409c5a93	srai	x21,x24,0x9	 x24:0x0000000c x21=0x00000000
       10105000	      1009	800010a0	fe9c66e3	bltu	x24,x9,8000108c	 x24:0x0000000c  x9:0x00000014
       10115000	      1010	00000000	00000013	addi	x0,x0,0	  x0:0x00000000
       10125000	      1011	80001088	00000013	addi	x0,x0,0	  x0:0x00000000
       10135000	      1012	8000108c	00000013	addi	x0,x0,0	  x0:0x00000000
       10145000	      1013	80001090	001c0c13	addi	x24,x24,1	 x24:0x0000000c x24=0x0000000d
       10155000	      1014	80001094	4563ff13	andi	x30,x7,1110	  x7:0x00000000 x30=0x00000000
       10165000	      1015	80001098	41208633	sub	x12,x1,x18	  x1:0x00000006 x18:0x00000006 x12=0x00000000
       10175000	      1016	8000109c	409c5a93	srai	x21,x24,0x9	 x24:0x0000000d x21=0x00000000
       10185000	      1017	800010a0	fe9c66e3	bltu	x24,x9,8000108c	 x24:0x0000000d  x9:0x00000014
       10195000	      1018	00000000	00000013	addi	x0,x0,0	  x0:0x00000000
       10205000	      1019	80001088	00000013	addi	x0,x0,0	  x0:0x00000000
       10215000	      1020	8000108c	00000013	addi	x0,x0,0	  x0:0x00000000
       10225000	      1021	80001090	001c0c13	addi	x24,x24,1	 x24:0x0000000d x24=0x0000000e
       10235000	      1022	80001094	4563ff13	andi	x30,x7,1110	  x7:0x00000000 x30=0x00000000
       10245000	      1023	80001098	41208633	sub	x12,x1,x18	  x1:0x00000006 x18:0x00000006 x12=0x00000000
       10255000	      1024	8000109c	409c5a93	srai	x21,x24,0x9	 x24:0x0000000e x21=0x00000000
       10265000	      1025	800010a0	fe9c66e3	bltu	x24,x9,8000108c	 x24:0x0000000e  x9:0x00000014
       10275000	      1026	00000000	00000013	addi	x0,x0,0	  x0:0x00000000
       10285000	      1027	80001088	00000013	addi	x0,x0,0	  x0:0x00000000
       10295000	      1028	8000108c	00000013	addi	x0,x0,0	  x0:0x00000000
       10305000	      1029	80001090	001c0c13	addi	x24,x24,1	 x24:0x0000000e x24=0x0000000f
       10315000	      1030	80001094	4563ff13	andi	x30,x7,1110	  x7:0x00000000 x30=0x00000000
       10325000	      1031	80001098	41208633	sub	x12,x1,x18	  x1:0x00000006 x18:0x00000006 x12=0x00000000
       10335000	      1032	8000109c	409c5a93	srai	x21,x24,0x9	 x24:0x0000000f x21=0x00000000
       10345000	      1033	800010a0	fe9c66e3	bltu	x24,x9,8000108c	 x24:0x0000000f  x9:0x00000014
       10355000	      1034	00000000	00000013	addi	x0,x0,0	  x0:0x00000000
       10365000	      1035	80001088	00000013	addi	x0,x0,0	  x0:0x00000000
       10375000	      1036	8000108c	00000013	addi	x0,x0,0	  x0:0x00000000
       10385000	      1037	80001090	001c0c13	addi	x24,x24,1	 x24:0x0000000f x24=0x00000010
       10395000	      1038	80001094	4563ff13	andi	x30,x7,1110	  x7:0x00000000 x30=0x00000000
       10405000	      1039	80001098	41208633	sub	x12,x1,x18	  x1:0x00000006 x18:0x00000006 x12=0x00000000
       10415000	      1040	8000109c	409c5a93	srai	x21,x24,0x9	 x24:0x00000010 x21=0x00000000
       10425000	      1041	800010a0	fe9c66e3	bltu	x24,x9,8000108c	 x24:0x00000010  x9:0x00000014
       10435000	      1042	00000000	00000013	addi	x0,x0,0	  x0:0x00000000
       10445000	      1043	80001088	00000013	addi	x0,x0,0	  x0:0x00000000
       10455000	      1044	8000108c	00000013	addi	x0,x0,0	  x0:0x00000000
       10465000	      1045	80001090	001c0c13	addi	x24,x24,1	 x24:0x00000010 x24=0x00000011
       10475000	      1046	80001094	4563ff13	andi	x30,x7,1110	  x7:0x00000000 x30=0x00000000
       10485000	      1047	80001098	41208633	sub	x12,x1,x18	  x1:0x00000006 x18:0x00000006 x12=0x00000000
       10495000	      1048	8000109c	409c5a93	srai	x21,x24,0x9	 x24:0x00000011 x21=0x00000000
       10505000	      1049	800010a0	fe9c66e3	bltu	x24,x9,8000108c	 x24:0x00000011  x9:0x00000014
       10515000	      1050	00000000	00000013	addi	x0,x0,0	  x0:0x00000000
       10525000	      1051	80001088	00000013	addi	x0,x0,0	  x0:0x00000000
       10535000	      1052	8000108c	00000013	addi	x0,x0,0	  x0:0x00000000
       10545000	      1053	80001090	001c0c13	addi	x24,x24,1	 x24:0x00000011 x24=0x00000012
       10555000	      1054	80001094	4563ff13	andi	x30,x7,1110	  x7:0x00000000 x30=0x00000000
       10565000	      1055	80001098	41208633	sub	x12,x1,x18	  x1:0x00000006 x18:0x00000006 x12=0x00000000
       10575000	      1056	8000109c	409c5a93	srai	x21,x24,0x9	 x24:0x00000012 x21=0x00000000
       10585000	      1057	800010a0	fe9c66e3	bltu	x24,x9,8000108c	 x24:0x00000012  x9:0x00000014
       10595000	      1058	00000000	00000013	addi	x0,x0,0	  x0:0x00000000
       10605000	      1059	80001088	00000013	addi	x0,x0,0	  x0:0x00000000
       10615000	      1060	8000108c	00000013	addi	x0,x0,0	  x0:0x00000000
       10625000	      1061	80001090	001c0c13	addi	x24,x24,1	 x24:0x00000012 x24=0x00000013
       10635000	      1062	80001094	4563ff13	andi	x30,x7,1110	  x7:0x00000000 x30=0x00000000
       10645000	      1063	80001098	41208633	sub	x12,x1,x18	  x1:0x00000006 x18:0x00000006 x12=0x00000000
       10655000	      1064	8000109c	409c5a93	srai	x21,x24,0x9	 x24:0x00000013 x21=0x00000000
       10665000	      1065	800010a0	fe9c66e3	bltu	x24,x9,8000108c	 x24:0x00000013  x9:0x00000014
       10675000	      1066	00000000	00000013	addi	x0,x0,0	  x0:0x00000000
       10685000	      1067	80001088	00000013	addi	x0,x0,0	  x0:0x00000000
       10695000	      1068	8000108c	00000013	addi	x0,x0,0	  x0:0x00000000
       10705000	      1069	80001090	001c0c13	addi	x24,x24,1	 x24:0x00000013 x24=0x00000014
       10715000	      1070	80001094	4563ff13	andi	x30,x7,1110	  x7:0x00000000 x30=0x00000000
       10725000	      1071	80001098	41208633	sub	x12,x1,x18	  x1:0x00000006 x18:0x00000006 x12=0x00000000
       10735000	      1072	8000109c	409c5a93	srai	x21,x24,0x9	 x24:0x00000014 x21=0x00000000
       10745000	      1073	800010a0	fe9c66e3	bltu	x24,x9,8000108c	 x24:0x00000014  x9:0x00000014
       10755000	      1074	800010a4	eff8cd13	xori	x26,x17,-257	 x17:0x0000000f x26=0xfffffef0
       10765000	      1075	800010a8	00170db3	add	x27,x14,x1	 x14:0x00000000  x1:0x00000006 x27=0x00000006
       10775000	      1076	800010ac	fb19e4e3	bltu	x19,x17,80001054	 x19:0x00000008 x17:0x0000000f
       10785000	      1077	00000000	00000013	addi	x0,x0,0	  x0:0x00000000
       10795000	      1078	80001050	00000013	addi	x0,x0,0	  x0:0x00000000
       10805000	      1079	80001054	d4582a17	auipc	x20,0xd4582	 x20=0x54583050
       10815000	      1080	80001058	01629a13	slli	x20,x5,0x16	  x5:0xb053e25e x20=0x97800000
       10825000	      1081	8000105c	40ca5613	srai	x12,x20,0xc	 x20:0x97800000 x12=0xfff97800
       10835000	      1082	80001060	000d9913	slli	x18,x27,0x0	 x27:0x00000006 x18=0x00000006
       10845000	      1083	80001064	0166beb3	sltu	x29,x13,x22	 x13:0xa1f0a5e8 x22:0xffffffec x29=0x00000001
       10855000	      1084	80001068	01789033	sll	x0,x17,x23	 x17:0x0000000f x23:0x80009fc4
       10865000	      1085	8000106c	41258033	sub	x0,x11,x18	 x11:0xffe0020f x18:0x00000006
       10875000	      1086	80001070	00398993	addi	x19,x19,3	 x19:0x00000008 x19=0x0000000b
       10885000	      1087	80001074	40bd5433	sra	x8,x26,x11	 x26:0xfffffef0 x11:0xffe0020f  x8=0xffffffff
       10895000	      1088	80001078	000013b3	sll	x7,x0,x0	  x0:0x00000000  x0:0x00000000  x7=0x00000000
       10905000	      1089	8000107c	00700c13	addi	x24,x0,7	  x0:0x00000000 x24=0x00000007
       10915000	      1090	80001080	413cd113	srai	x2,x25,0x13	 x25:0x00000000  x2=0x00000000
       10925000	      1091	80001084	01400493	addi	x9,x0,20	  x0:0x00000000  x9=0x00000014
       10935000	      1092	80001088	015565b3	or	x11,x10,x21	 x10:0xffe0020f x21:0x00000000 x11=0xffe0020f
       10945000	      1093	8000108c	00000013	addi	x0,x0,0	  x0:0x00000000
       10955000	      1094	80001090	001c0c13	addi	x24,x24,1	 x24:0x00000007 x24=0x00000008
       10965000	      1095	80001094	4563ff13	andi	x30,x7,1110	  x7:0x00000000 x30=0x00000000
       10975000	      1096	80001098	41208633	sub	x12,x1,x18	  x1:0x00000006 x18:0x00000006 x12=0x00000000
       10985000	      1097	8000109c	409c5a93	srai	x21,x24,0x9	 x24:0x00000008 x21=0x00000000
       10995000	      1098	800010a0	fe9c66e3	bltu	x24,x9,8000108c	 x24:0x00000008  x9:0x00000014
       11005000	      1099	00000000	00000013	addi	x0,x0,0	  x0:0x00000000
       11015000	      1100	80001088	00000013	addi	x0,x0,0	  x0:0x00000000
       11025000	      1101	8000108c	00000013	addi	x0,x0,0	  x0:0x00000000
       11035000	      1102	80001090	001c0c13	addi	x24,x24,1	 x24:0x00000008 x24=0x00000009
       11045000	      1103	80001094	4563ff13	andi	x30,x7,1110	  x7:0x00000000 x30=0x00000000
       11055000	      1104	80001098	41208633	sub	x12,x1,x18	  x1:0x00000006 x18:0x00000006 x12=0x00000000
       11065000	      1105	8000109c	409c5a93	srai	x21,x24,0x9	 x24:0x00000009 x21=0x00000000
       11075000	      1106	800010a0	fe9c66e3	bltu	x24,x9,8000108c	 x24:0x00000009  x9:0x00000014
       11085000	      1107	00000000	00000013	addi	x0,x0,0	  x0:0x00000000
       11095000	      1108	80001088	00000013	addi	x0,x0,0	  x0:0x00000000
       11105000	      1109	8000108c	00000013	addi	x0,x0,0	  x0:0x00000000
       11115000	      1110	80001090	001c0c13	addi	x24,x24,1	 x24:0x00000009 x24=0x0000000a
       11125000	      1111	80001094	4563ff13	andi	x30,x7,1110	  x7:0x00000000 x30=0x00000000
       11135000	      1112	80001098	41208633	sub	x12,x1,x18	  x1:0x00000006 x18:0x00000006 x12=0x00000000
       11145000	      1113	8000109c	409c5a93	srai	x21,x24,0x9	 x24:0x0000000a x21=0x00000000
       11155000	      1114	800010a0	fe9c66e3	bltu	x24,x9,8000108c	 x24:0x0000000a  x9:0x00000014
       11165000	      1115	00000000	00000013	addi	x0,x0,0	  x0:0x00000000
       11175000	      1116	80001088	00000013	addi	x0,x0,0	  x0:0x00000000
       11185000	      1117	8000108c	00000013	addi	x0,x0,0	  x0:0x00000000
       11195000	      1118	80001090	001c0c13	addi	x24,x24,1	 x24:0x0000000a x24=0x0000000b
       11205000	      1119	80001094	4563ff13	andi	x30,x7,1110	  x7:0x00000000 x30=0x00000000
       11215000	      1120	80001098	41208633	sub	x12,x1,x18	  x1:0x00000006 x18:0x00000006 x12=0x00000000
       11225000	      1121	8000109c	409c5a93	srai	x21,x24,0x9	 x24:0x0000000b x21=0x00000000
       11235000	      1122	800010a0	fe9c66e3	bltu	x24,x9,8000108c	 x24:0x0000000b  x9:0x00000014
       11245000	      1123	00000000	00000013	addi	x0,x0,0	  x0:0x00000000
       11255000	      1124	80001088	00000013	addi	x0,x0,0	  x0:0x00000000
       11265000	      1125	8000108c	00000013	addi	x0,x0,0	  x0:0x00000000
       11275000	      1126	80001090	001c0c13	addi	x24,x24,1	 x24:0x0000000b x24=0x0000000c
       11285000	      1127	80001094	4563ff13	andi	x30,x7,1110	  x7:0x00000000 x30=0x00000000
       11295000	      1128	80001098	41208633	sub	x12,x1,x18	  x1:0x00000006 x18:0x00000006 x12=0x00000000
       11305000	      1129	8000109c	409c5a93	srai	x21,x24,0x9	 x24:0x0000000c x21=0x00000000
       11315000	      1130	800010a0	fe9c66e3	bltu	x24,x9,8000108c	 x24:0x0000000c  x9:0x00000014
       11325000	      1131	00000000	00000013	addi	x0,x0,0	  x0:0x00000000
       11335000	      1132	80001088	00000013	addi	x0,x0,0	  x0:0x00000000
       11345000	      1133	8000108c	00000013	addi	x0,x0,0	  x0:0x00000000
       11355000	      1134	80001090	001c0c13	addi	x24,x24,1	 x24:0x0000000c x24=0x0000000d
       11365000	      1135	80001094	4563ff13	andi	x30,x7,1110	  x7:0x00000000 x30=0x00000000
       11375000	      1136	80001098	41208633	sub	x12,x1,x18	  x1:0x00000006 x18:0x00000006 x12=0x00000000
       11385000	      1137	8000109c	409c5a93	srai	x21,x24,0x9	 x24:0x0000000d x21=0x00000000
       11395000	      1138	800010a0	fe9c66e3	bltu	x24,x9,8000108c	 x24:0x0000000d  x9:0x00000014
       11405000	      1139	00000000	00000013	addi	x0,x0,0	  x0:0x00000000
       11415000	      1140	80001088	00000013	addi	x0,x0,0	  x0:0x00000000
       11425000	      1141	8000108c	00000013	addi	x0,x0,0	  x0:0x00000000
       11435000	      1142	80001090	001c0c13	addi	x24,x24,1	 x24:0x0000000d x24=0x0000000e
       11445000	      1143	80001094	4563ff13	andi	x30,x7,1110	  x7:0x00000000 x30=0x00000000
       11455000	      1144	80001098	41208633	sub	x12,x1,x18	  x1:0x00000006 x18:0x00000006 x12=0x00000000
       11465000	      1145	8000109c	409c5a93	srai	x21,x24,0x9	 x24:0x0000000e x21=0x00000000
       11475000	      1146	800010a0	fe9c66e3	bltu	x24,x9,8000108c	 x24:0x0000000e  x9:0x00000014
       11485000	      1147	00000000	00000013	addi	x0,x0,0	  x0:0x00000000
       11495000	      1148	80001088	00000013	addi	x0,x0,0	  x0:0x00000000
       11505000	      1149	8000108c	00000013	addi	x0,x0,0	  x0:0x00000000
       11515000	      1150	80001090	001c0c13	addi	x24,x24,1	 x24:0x0000000e x24=0x0000000f
       11525000	      1151	80001094	4563ff13	andi	x30,x7,1110	  x7:0x00000000 x30=0x00000000
       11535000	      1152	80001098	41208633	sub	x12,x1,x18	  x1:0x00000006 x18:0x00000006 x12=0x00000000
       11545000	      1153	8000109c	409c5a93	srai	x21,x24,0x9	 x24:0x0000000f x21=0x00000000
       11555000	      1154	800010a0	fe9c66e3	bltu	x24,x9,8000108c	 x24:0x0000000f  x9:0x00000014
       11565000	      1155	00000000	00000013	addi	x0,x0,0	  x0:0x00000000
       11575000	      1156	80001088	00000013	addi	x0,x0,0	  x0:0x00000000
       11585000	      1157	8000108c	00000013	addi	x0,x0,0	  x0:0x00000000
       11595000	      1158	80001090	001c0c13	addi	x24,x24,1	 x24:0x0000000f x24=0x00000010
       11605000	      1159	80001094	4563ff13	andi	x30,x7,1110	  x7:0x00000000 x30=0x00000000
       11615000	      1160	80001098	41208633	sub	x12,x1,x18	  x1:0x00000006 x18:0x00000006 x12=0x00000000
       11625000	      1161	8000109c	409c5a93	srai	x21,x24,0x9	 x24:0x00000010 x21=0x00000000
       11635000	      1162	800010a0	fe9c66e3	bltu	x24,x9,8000108c	 x24:0x00000010  x9:0x00000014
       11645000	      1163	00000000	00000013	addi	x0,x0,0	  x0:0x00000000
       11655000	      1164	80001088	00000013	addi	x0,x0,0	  x0:0x00000000
       11665000	      1165	8000108c	00000013	addi	x0,x0,0	  x0:0x00000000
       11675000	      1166	80001090	001c0c13	addi	x24,x24,1	 x24:0x00000010 x24=0x00000011
       11685000	      1167	80001094	4563ff13	andi	x30,x7,1110	  x7:0x00000000 x30=0x00000000
       11695000	      1168	80001098	41208633	sub	x12,x1,x18	  x1:0x00000006 x18:0x00000006 x12=0x00000000
       11705000	      1169	8000109c	409c5a93	srai	x21,x24,0x9	 x24:0x00000011 x21=0x00000000
       11715000	      1170	800010a0	fe9c66e3	bltu	x24,x9,8000108c	 x24:0x00000011  x9:0x00000014
       11725000	      1171	00000000	00000013	addi	x0,x0,0	  x0:0x00000000
       11735000	      1172	80001088	00000013	addi	x0,x0,0	  x0:0x00000000
       11745000	      1173	8000108c	00000013	addi	x0,x0,0	  x0:0x00000000
       11755000	      1174	80001090	001c0c13	addi	x24,x24,1	 x24:0x00000011 x24=0x00000012
       11765000	      1175	80001094	4563ff13	andi	x30,x7,1110	  x7:0x00000000 x30=0x00000000
       11775000	      1176	80001098	41208633	sub	x12,x1,x18	  x1:0x00000006 x18:0x00000006 x12=0x00000000
       11785000	      1177	8000109c	409c5a93	srai	x21,x24,0x9	 x24:0x00000012 x21=0x00000000
       11795000	      1178	800010a0	fe9c66e3	bltu	x24,x9,8000108c	 x24:0x00000012  x9:0x00000014
       11805000	      1179	00000000	00000013	addi	x0,x0,0	  x0:0x00000000
       11815000	      1180	80001088	00000013	addi	x0,x0,0	  x0:0x00000000
       11825000	      1181	8000108c	00000013	addi	x0,x0,0	  x0:0x00000000
       11835000	      1182	80001090	001c0c13	addi	x24,x24,1	 x24:0x00000012 x24=0x00000013
       11845000	      1183	80001094	4563ff13	andi	x30,x7,1110	  x7:0x00000000 x30=0x00000000
       11855000	      1184	80001098	41208633	sub	x12,x1,x18	  x1:0x00000006 x18:0x00000006 x12=0x00000000
       11865000	      1185	8000109c	409c5a93	srai	x21,x24,0x9	 x24:0x00000013 x21=0x00000000
       11875000	      1186	800010a0	fe9c66e3	bltu	x24,x9,8000108c	 x24:0x00000013  x9:0x00000014
       11885000	      1187	00000000	00000013	addi	x0,x0,0	  x0:0x00000000
       11895000	      1188	80001088	00000013	addi	x0,x0,0	  x0:0x00000000
       11905000	      1189	8000108c	00000013	addi	x0,x0,0	  x0:0x00000000
       11915000	      1190	80001090	001c0c13	addi	x24,x24,1	 x24:0x00000013 x24=0x00000014
       11925000	      1191	80001094	4563ff13	andi	x30,x7,1110	  x7:0x00000000 x30=0x00000000
       11935000	      1192	80001098	41208633	sub	x12,x1,x18	  x1:0x00000006 x18:0x00000006 x12=0x00000000
       11945000	      1193	8000109c	409c5a93	srai	x21,x24,0x9	 x24:0x00000014 x21=0x00000000
       11955000	      1194	800010a0	fe9c66e3	bltu	x24,x9,8000108c	 x24:0x00000014  x9:0x00000014
       11965000	      1195	800010a4	eff8cd13	xori	x26,x17,-257	 x17:0x0000000f x26=0xfffffef0
       11975000	      1196	800010a8	00170db3	add	x27,x14,x1	 x14:0x00000000  x1:0x00000006 x27=0x00000006
       11985000	      1197	800010ac	fb19e4e3	bltu	x19,x17,80001054	 x19:0x0000000b x17:0x0000000f
       11995000	      1198	00000000	00000013	addi	x0,x0,0	  x0:0x00000000
       12005000	      1199	80001050	00000013	addi	x0,x0,0	  x0:0x00000000
       12015000	      1200	80001054	d4582a17	auipc	x20,0xd4582	 x20=0x54583050
       12025000	      1201	80001058	01629a13	slli	x20,x5,0x16	  x5:0xb053e25e x20=0x97800000
       12035000	      1202	8000105c	40ca5613	srai	x12,x20,0xc	 x20:0x97800000 x12=0xfff97800
       12045000	      1203	80001060	000d9913	slli	x18,x27,0x0	 x27:0x00000006 x18=0x00000006
       12055000	      1204	80001064	0166beb3	sltu	x29,x13,x22	 x13:0xa1f0a5e8 x22:0xffffffec x29=0x00000001
       12065000	      1205	80001068	01789033	sll	x0,x17,x23	 x17:0x0000000f x23:0x80009fc4
       12075000	      1206	8000106c	41258033	sub	x0,x11,x18	 x11:0xffe0020f x18:0x00000006
       12085000	      1207	80001070	00398993	addi	x19,x19,3	 x19:0x0000000b x19=0x0000000e
       12095000	      1208	80001074	40bd5433	sra	x8,x26,x11	 x26:0xfffffef0 x11:0xffe0020f  x8=0xffffffff
       12105000	      1209	80001078	000013b3	sll	x7,x0,x0	  x0:0x00000000  x0:0x00000000  x7=0x00000000
       12115000	      1210	8000107c	00700c13	addi	x24,x0,7	  x0:0x00000000 x24=0x00000007
       12125000	      1211	80001080	413cd113	srai	x2,x25,0x13	 x25:0x00000000  x2=0x00000000
       12135000	      1212	80001084	01400493	addi	x9,x0,20	  x0:0x00000000  x9=0x00000014
       12145000	      1213	80001088	015565b3	or	x11,x10,x21	 x10:0xffe0020f x21:0x00000000 x11=0xffe0020f
       12155000	      1214	8000108c	00000013	addi	x0,x0,0	  x0:0x00000000
       12165000	      1215	80001090	001c0c13	addi	x24,x24,1	 x24:0x00000007 x24=0x00000008
       12175000	      1216	80001094	4563ff13	andi	x30,x7,1110	  x7:0x00000000 x30=0x00000000
       12185000	      1217	80001098	41208633	sub	x12,x1,x18	  x1:0x00000006 x18:0x00000006 x12=0x00000000
       12195000	      1218	8000109c	409c5a93	srai	x21,x24,0x9	 x24:0x00000008 x21=0x00000000
       12205000	      1219	800010a0	fe9c66e3	bltu	x24,x9,8000108c	 x24:0x00000008  x9:0x00000014
       12215000	      1220	00000000	00000013	addi	x0,x0,0	  x0:0x00000000
       12225000	      1221	80001088	00000013	addi	x0,x0,0	  x0:0x00000000
       12235000	      1222	8000108c	00000013	addi	x0,x0,0	  x0:0x00000000
       12245000	      1223	80001090	001c0c13	addi	x24,x24,1	 x24:0x00000008 x24=0x00000009
       12255000	      1224	80001094	4563ff13	andi	x30,x7,1110	  x7:0x00000000 x30=0x00000000
       12265000	      1225	80001098	41208633	sub	x12,x1,x18	  x1:0x00000006 x18:0x00000006 x12=0x00000000
       12275000	      1226	8000109c	409c5a93	srai	x21,x24,0x9	 x24:0x00000009 x21=0x00000000
       12285000	      1227	800010a0	fe9c66e3	bltu	x24,x9,8000108c	 x24:0x00000009  x9:0x00000014
       12295000	      1228	00000000	00000013	addi	x0,x0,0	  x0:0x00000000
       12305000	      1229	80001088	00000013	addi	x0,x0,0	  x0:0x00000000
       12315000	      1230	8000108c	00000013	addi	x0,x0,0	  x0:0x00000000
       12325000	      1231	80001090	001c0c13	addi	x24,x24,1	 x24:0x00000009 x24=0x0000000a
       12335000	      1232	80001094	4563ff13	andi	x30,x7,1110	  x7:0x00000000 x30=0x00000000
       12345000	      1233	80001098	41208633	sub	x12,x1,x18	  x1:0x00000006 x18:0x00000006 x12=0x00000000
       12355000	      1234	8000109c	409c5a93	srai	x21,x24,0x9	 x24:0x0000000a x21=0x00000000
       12365000	      1235	800010a0	fe9c66e3	bltu	x24,x9,8000108c	 x24:0x0000000a  x9:0x00000014
       12375000	      1236	00000000	00000013	addi	x0,x0,0	  x0:0x00000000
       12385000	      1237	80001088	00000013	addi	x0,x0,0	  x0:0x00000000
       12395000	      1238	8000108c	00000013	addi	x0,x0,0	  x0:0x00000000
       12405000	      1239	80001090	001c0c13	addi	x24,x24,1	 x24:0x0000000a x24=0x0000000b
       12415000	      1240	80001094	4563ff13	andi	x30,x7,1110	  x7:0x00000000 x30=0x00000000
       12425000	      1241	80001098	41208633	sub	x12,x1,x18	  x1:0x00000006 x18:0x00000006 x12=0x00000000
       12435000	      1242	8000109c	409c5a93	srai	x21,x24,0x9	 x24:0x0000000b x21=0x00000000
       12445000	      1243	800010a0	fe9c66e3	bltu	x24,x9,8000108c	 x24:0x0000000b  x9:0x00000014
       12455000	      1244	00000000	00000013	addi	x0,x0,0	  x0:0x00000000
       12465000	      1245	80001088	00000013	addi	x0,x0,0	  x0:0x00000000
       12475000	      1246	8000108c	00000013	addi	x0,x0,0	  x0:0x00000000
       12485000	      1247	80001090	001c0c13	addi	x24,x24,1	 x24:0x0000000b x24=0x0000000c
       12495000	      1248	80001094	4563ff13	andi	x30,x7,1110	  x7:0x00000000 x30=0x00000000
       12505000	      1249	80001098	41208633	sub	x12,x1,x18	  x1:0x00000006 x18:0x00000006 x12=0x00000000
       12515000	      1250	8000109c	409c5a93	srai	x21,x24,0x9	 x24:0x0000000c x21=0x00000000
       12525000	      1251	800010a0	fe9c66e3	bltu	x24,x9,8000108c	 x24:0x0000000c  x9:0x00000014
       12535000	      1252	00000000	00000013	addi	x0,x0,0	  x0:0x00000000
       12545000	      1253	80001088	00000013	addi	x0,x0,0	  x0:0x00000000
       12555000	      1254	8000108c	00000013	addi	x0,x0,0	  x0:0x00000000
       12565000	      1255	80001090	001c0c13	addi	x24,x24,1	 x24:0x0000000c x24=0x0000000d
       12575000	      1256	80001094	4563ff13	andi	x30,x7,1110	  x7:0x00000000 x30=0x00000000
       12585000	      1257	80001098	41208633	sub	x12,x1,x18	  x1:0x00000006 x18:0x00000006 x12=0x00000000
       12595000	      1258	8000109c	409c5a93	srai	x21,x24,0x9	 x24:0x0000000d x21=0x00000000
       12605000	      1259	800010a0	fe9c66e3	bltu	x24,x9,8000108c	 x24:0x0000000d  x9:0x00000014
       12615000	      1260	00000000	00000013	addi	x0,x0,0	  x0:0x00000000
       12625000	      1261	80001088	00000013	addi	x0,x0,0	  x0:0x00000000
       12635000	      1262	8000108c	00000013	addi	x0,x0,0	  x0:0x00000000
       12645000	      1263	80001090	001c0c13	addi	x24,x24,1	 x24:0x0000000d x24=0x0000000e
       12655000	      1264	80001094	4563ff13	andi	x30,x7,1110	  x7:0x00000000 x30=0x00000000
       12665000	      1265	80001098	41208633	sub	x12,x1,x18	  x1:0x00000006 x18:0x00000006 x12=0x00000000
       12675000	      1266	8000109c	409c5a93	srai	x21,x24,0x9	 x24:0x0000000e x21=0x00000000
       12685000	      1267	800010a0	fe9c66e3	bltu	x24,x9,8000108c	 x24:0x0000000e  x9:0x00000014
       12695000	      1268	00000000	00000013	addi	x0,x0,0	  x0:0x00000000
       12705000	      1269	80001088	00000013	addi	x0,x0,0	  x0:0x00000000
       12715000	      1270	8000108c	00000013	addi	x0,x0,0	  x0:0x00000000
       12725000	      1271	80001090	001c0c13	addi	x24,x24,1	 x24:0x0000000e x24=0x0000000f
       12735000	      1272	80001094	4563ff13	andi	x30,x7,1110	  x7:0x00000000 x30=0x00000000
       12745000	      1273	80001098	41208633	sub	x12,x1,x18	  x1:0x00000006 x18:0x00000006 x12=0x00000000
       12755000	      1274	8000109c	409c5a93	srai	x21,x24,0x9	 x24:0x0000000f x21=0x00000000
       12765000	      1275	800010a0	fe9c66e3	bltu	x24,x9,8000108c	 x24:0x0000000f  x9:0x00000014
       12775000	      1276	00000000	00000013	addi	x0,x0,0	  x0:0x00000000
       12785000	      1277	80001088	00000013	addi	x0,x0,0	  x0:0x00000000
       12795000	      1278	8000108c	00000013	addi	x0,x0,0	  x0:0x00000000
       12805000	      1279	80001090	001c0c13	addi	x24,x24,1	 x24:0x0000000f x24=0x00000010
       12815000	      1280	80001094	4563ff13	andi	x30,x7,1110	  x7:0x00000000 x30=0x00000000
       12825000	      1281	80001098	41208633	sub	x12,x1,x18	  x1:0x00000006 x18:0x00000006 x12=0x00000000
       12835000	      1282	8000109c	409c5a93	srai	x21,x24,0x9	 x24:0x00000010 x21=0x00000000
       12845000	      1283	800010a0	fe9c66e3	bltu	x24,x9,8000108c	 x24:0x00000010  x9:0x00000014
       12855000	      1284	00000000	00000013	addi	x0,x0,0	  x0:0x00000000
       12865000	      1285	80001088	00000013	addi	x0,x0,0	  x0:0x00000000
       12875000	      1286	8000108c	00000013	addi	x0,x0,0	  x0:0x00000000
       12885000	      1287	80001090	001c0c13	addi	x24,x24,1	 x24:0x00000010 x24=0x00000011
       12895000	      1288	80001094	4563ff13	andi	x30,x7,1110	  x7:0x00000000 x30=0x00000000
       12905000	      1289	80001098	41208633	sub	x12,x1,x18	  x1:0x00000006 x18:0x00000006 x12=0x00000000
       12915000	      1290	8000109c	409c5a93	srai	x21,x24,0x9	 x24:0x00000011 x21=0x00000000
       12925000	      1291	800010a0	fe9c66e3	bltu	x24,x9,8000108c	 x24:0x00000011  x9:0x00000014
       12935000	      1292	00000000	00000013	addi	x0,x0,0	  x0:0x00000000
       12945000	      1293	80001088	00000013	addi	x0,x0,0	  x0:0x00000000
       12955000	      1294	8000108c	00000013	addi	x0,x0,0	  x0:0x00000000
       12965000	      1295	80001090	001c0c13	addi	x24,x24,1	 x24:0x00000011 x24=0x00000012
       12975000	      1296	80001094	4563ff13	andi	x30,x7,1110	  x7:0x00000000 x30=0x00000000
       12985000	      1297	80001098	41208633	sub	x12,x1,x18	  x1:0x00000006 x18:0x00000006 x12=0x00000000
       12995000	      1298	8000109c	409c5a93	srai	x21,x24,0x9	 x24:0x00000012 x21=0x00000000
       13005000	      1299	800010a0	fe9c66e3	bltu	x24,x9,8000108c	 x24:0x00000012  x9:0x00000014
       13015000	      1300	00000000	00000013	addi	x0,x0,0	  x0:0x00000000
       13025000	      1301	80001088	00000013	addi	x0,x0,0	  x0:0x00000000
       13035000	      1302	8000108c	00000013	addi	x0,x0,0	  x0:0x00000000
       13045000	      1303	80001090	001c0c13	addi	x24,x24,1	 x24:0x00000012 x24=0x00000013
       13055000	      1304	80001094	4563ff13	andi	x30,x7,1110	  x7:0x00000000 x30=0x00000000
       13065000	      1305	80001098	41208633	sub	x12,x1,x18	  x1:0x00000006 x18:0x00000006 x12=0x00000000
       13075000	      1306	8000109c	409c5a93	srai	x21,x24,0x9	 x24:0x00000013 x21=0x00000000
       13085000	      1307	800010a0	fe9c66e3	bltu	x24,x9,8000108c	 x24:0x00000013  x9:0x00000014
       13095000	      1308	00000000	00000013	addi	x0,x0,0	  x0:0x00000000
       13105000	      1309	80001088	00000013	addi	x0,x0,0	  x0:0x00000000
       13115000	      1310	8000108c	00000013	addi	x0,x0,0	  x0:0x00000000
       13125000	      1311	80001090	001c0c13	addi	x24,x24,1	 x24:0x00000013 x24=0x00000014
       13135000	      1312	80001094	4563ff13	andi	x30,x7,1110	  x7:0x00000000 x30=0x00000000
       13145000	      1313	80001098	41208633	sub	x12,x1,x18	  x1:0x00000006 x18:0x00000006 x12=0x00000000
       13155000	      1314	8000109c	409c5a93	srai	x21,x24,0x9	 x24:0x00000014 x21=0x00000000
       13165000	      1315	800010a0	fe9c66e3	bltu	x24,x9,8000108c	 x24:0x00000014  x9:0x00000014
       13175000	      1316	800010a4	eff8cd13	xori	x26,x17,-257	 x17:0x0000000f x26=0xfffffef0
       13185000	      1317	800010a8	00170db3	add	x27,x14,x1	 x14:0x00000000  x1:0x00000006 x27=0x00000006
       13195000	      1318	800010ac	fb19e4e3	bltu	x19,x17,80001054	 x19:0x0000000e x17:0x0000000f
       13205000	      1319	00000000	00000013	addi	x0,x0,0	  x0:0x00000000
       13215000	      1320	80001050	00000013	addi	x0,x0,0	  x0:0x00000000
       13225000	      1321	80001054	d4582a17	auipc	x20,0xd4582	 x20=0x54583050
       13235000	      1322	80001058	01629a13	slli	x20,x5,0x16	  x5:0xb053e25e x20=0x97800000
       13245000	      1323	8000105c	40ca5613	srai	x12,x20,0xc	 x20:0x97800000 x12=0xfff97800
       13255000	      1324	80001060	000d9913	slli	x18,x27,0x0	 x27:0x00000006 x18=0x00000006
       13265000	      1325	80001064	0166beb3	sltu	x29,x13,x22	 x13:0xa1f0a5e8 x22:0xffffffec x29=0x00000001
       13275000	      1326	80001068	01789033	sll	x0,x17,x23	 x17:0x0000000f x23:0x80009fc4
       13285000	      1327	8000106c	41258033	sub	x0,x11,x18	 x11:0xffe0020f x18:0x00000006
       13295000	      1328	80001070	00398993	addi	x19,x19,3	 x19:0x0000000e x19=0x00000011
       13305000	      1329	80001074	40bd5433	sra	x8,x26,x11	 x26:0xfffffef0 x11:0xffe0020f  x8=0xffffffff
       13315000	      1330	80001078	000013b3	sll	x7,x0,x0	  x0:0x00000000  x0:0x00000000  x7=0x00000000
       13325000	      1331	8000107c	00700c13	addi	x24,x0,7	  x0:0x00000000 x24=0x00000007
       13335000	      1332	80001080	413cd113	srai	x2,x25,0x13	 x25:0x00000000  x2=0x00000000
       13345000	      1333	80001084	01400493	addi	x9,x0,20	  x0:0x00000000  x9=0x00000014
       13355000	      1334	80001088	015565b3	or	x11,x10,x21	 x10:0xffe0020f x21:0x00000000 x11=0xffe0020f
       13365000	      1335	8000108c	00000013	addi	x0,x0,0	  x0:0x00000000
       13375000	      1336	80001090	001c0c13	addi	x24,x24,1	 x24:0x00000007 x24=0x00000008
       13385000	      1337	80001094	4563ff13	andi	x30,x7,1110	  x7:0x00000000 x30=0x00000000
       13395000	      1338	80001098	41208633	sub	x12,x1,x18	  x1:0x00000006 x18:0x00000006 x12=0x00000000
       13405000	      1339	8000109c	409c5a93	srai	x21,x24,0x9	 x24:0x00000008 x21=0x00000000
       13415000	      1340	800010a0	fe9c66e3	bltu	x24,x9,8000108c	 x24:0x00000008  x9:0x00000014
       13425000	      1341	00000000	00000013	addi	x0,x0,0	  x0:0x00000000
       13435000	      1342	80001088	00000013	addi	x0,x0,0	  x0:0x00000000
       13445000	      1343	8000108c	00000013	addi	x0,x0,0	  x0:0x00000000
       13455000	      1344	80001090	001c0c13	addi	x24,x24,1	 x24:0x00000008 x24=0x00000009
       13465000	      1345	80001094	4563ff13	andi	x30,x7,1110	  x7:0x00000000 x30=0x00000000
       13475000	      1346	80001098	41208633	sub	x12,x1,x18	  x1:0x00000006 x18:0x00000006 x12=0x00000000
       13485000	      1347	8000109c	409c5a93	srai	x21,x24,0x9	 x24:0x00000009 x21=0x00000000
       13495000	      1348	800010a0	fe9c66e3	bltu	x24,x9,8000108c	 x24:0x00000009  x9:0x00000014
       13505000	      1349	00000000	00000013	addi	x0,x0,0	  x0:0x00000000
       13515000	      1350	80001088	00000013	addi	x0,x0,0	  x0:0x00000000
       13525000	      1351	8000108c	00000013	addi	x0,x0,0	  x0:0x00000000
       13535000	      1352	80001090	001c0c13	addi	x24,x24,1	 x24:0x00000009 x24=0x0000000a
       13545000	      1353	80001094	4563ff13	andi	x30,x7,1110	  x7:0x00000000 x30=0x00000000
       13555000	      1354	80001098	41208633	sub	x12,x1,x18	  x1:0x00000006 x18:0x00000006 x12=0x00000000
       13565000	      1355	8000109c	409c5a93	srai	x21,x24,0x9	 x24:0x0000000a x21=0x00000000
       13575000	      1356	800010a0	fe9c66e3	bltu	x24,x9,8000108c	 x24:0x0000000a  x9:0x00000014
       13585000	      1357	00000000	00000013	addi	x0,x0,0	  x0:0x00000000
       13595000	      1358	80001088	00000013	addi	x0,x0,0	  x0:0x00000000
       13605000	      1359	8000108c	00000013	addi	x0,x0,0	  x0:0x00000000
       13615000	      1360	80001090	001c0c13	addi	x24,x24,1	 x24:0x0000000a x24=0x0000000b
       13625000	      1361	80001094	4563ff13	andi	x30,x7,1110	  x7:0x00000000 x30=0x00000000
       13635000	      1362	80001098	41208633	sub	x12,x1,x18	  x1:0x00000006 x18:0x00000006 x12=0x00000000
       13645000	      1363	8000109c	409c5a93	srai	x21,x24,0x9	 x24:0x0000000b x21=0x00000000
       13655000	      1364	800010a0	fe9c66e3	bltu	x24,x9,8000108c	 x24:0x0000000b  x9:0x00000014
       13665000	      1365	00000000	00000013	addi	x0,x0,0	  x0:0x00000000
       13675000	      1366	80001088	00000013	addi	x0,x0,0	  x0:0x00000000
       13685000	      1367	8000108c	00000013	addi	x0,x0,0	  x0:0x00000000
       13695000	      1368	80001090	001c0c13	addi	x24,x24,1	 x24:0x0000000b x24=0x0000000c
       13705000	      1369	80001094	4563ff13	andi	x30,x7,1110	  x7:0x00000000 x30=0x00000000
       13715000	      1370	80001098	41208633	sub	x12,x1,x18	  x1:0x00000006 x18:0x00000006 x12=0x00000000
       13725000	      1371	8000109c	409c5a93	srai	x21,x24,0x9	 x24:0x0000000c x21=0x00000000
       13735000	      1372	800010a0	fe9c66e3	bltu	x24,x9,8000108c	 x24:0x0000000c  x9:0x00000014
       13745000	      1373	00000000	00000013	addi	x0,x0,0	  x0:0x00000000
       13755000	      1374	80001088	00000013	addi	x0,x0,0	  x0:0x00000000
       13765000	      1375	8000108c	00000013	addi	x0,x0,0	  x0:0x00000000
       13775000	      1376	80001090	001c0c13	addi	x24,x24,1	 x24:0x0000000c x24=0x0000000d
       13785000	      1377	80001094	4563ff13	andi	x30,x7,1110	  x7:0x00000000 x30=0x00000000
       13795000	      1378	80001098	41208633	sub	x12,x1,x18	  x1:0x00000006 x18:0x00000006 x12=0x00000000
       13805000	      1379	8000109c	409c5a93	srai	x21,x24,0x9	 x24:0x0000000d x21=0x00000000
       13815000	      1380	800010a0	fe9c66e3	bltu	x24,x9,8000108c	 x24:0x0000000d  x9:0x00000014
       13825000	      1381	00000000	00000013	addi	x0,x0,0	  x0:0x00000000
       13835000	      1382	80001088	00000013	addi	x0,x0,0	  x0:0x00000000
       13845000	      1383	8000108c	00000013	addi	x0,x0,0	  x0:0x00000000
       13855000	      1384	80001090	001c0c13	addi	x24,x24,1	 x24:0x0000000d x24=0x0000000e
       13865000	      1385	80001094	4563ff13	andi	x30,x7,1110	  x7:0x00000000 x30=0x00000000
       13875000	      1386	80001098	41208633	sub	x12,x1,x18	  x1:0x00000006 x18:0x00000006 x12=0x00000000
       13885000	      1387	8000109c	409c5a93	srai	x21,x24,0x9	 x24:0x0000000e x21=0x00000000
       13895000	      1388	800010a0	fe9c66e3	bltu	x24,x9,8000108c	 x24:0x0000000e  x9:0x00000014
       13905000	      1389	00000000	00000013	addi	x0,x0,0	  x0:0x00000000
       13915000	      1390	80001088	00000013	addi	x0,x0,0	  x0:0x00000000
       13925000	      1391	8000108c	00000013	addi	x0,x0,0	  x0:0x00000000
       13935000	      1392	80001090	001c0c13	addi	x24,x24,1	 x24:0x0000000e x24=0x0000000f
       13945000	      1393	80001094	4563ff13	andi	x30,x7,1110	  x7:0x00000000 x30=0x00000000
       13955000	      1394	80001098	41208633	sub	x12,x1,x18	  x1:0x00000006 x18:0x00000006 x12=0x00000000
       13965000	      1395	8000109c	409c5a93	srai	x21,x24,0x9	 x24:0x0000000f x21=0x00000000
       13975000	      1396	800010a0	fe9c66e3	bltu	x24,x9,8000108c	 x24:0x0000000f  x9:0x00000014
       13985000	      1397	00000000	00000013	addi	x0,x0,0	  x0:0x00000000
       13995000	      1398	80001088	00000013	addi	x0,x0,0	  x0:0x00000000
       14005000	      1399	8000108c	00000013	addi	x0,x0,0	  x0:0x00000000
       14015000	      1400	80001090	001c0c13	addi	x24,x24,1	 x24:0x0000000f x24=0x00000010
       14025000	      1401	80001094	4563ff13	andi	x30,x7,1110	  x7:0x00000000 x30=0x00000000
       14035000	      1402	80001098	41208633	sub	x12,x1,x18	  x1:0x00000006 x18:0x00000006 x12=0x00000000
       14045000	      1403	8000109c	409c5a93	srai	x21,x24,0x9	 x24:0x00000010 x21=0x00000000
       14055000	      1404	800010a0	fe9c66e3	bltu	x24,x9,8000108c	 x24:0x00000010  x9:0x00000014
       14065000	      1405	00000000	00000013	addi	x0,x0,0	  x0:0x00000000
       14075000	      1406	80001088	00000013	addi	x0,x0,0	  x0:0x00000000
       14085000	      1407	8000108c	00000013	addi	x0,x0,0	  x0:0x00000000
       14095000	      1408	80001090	001c0c13	addi	x24,x24,1	 x24:0x00000010 x24=0x00000011
       14105000	      1409	80001094	4563ff13	andi	x30,x7,1110	  x7:0x00000000 x30=0x00000000
       14115000	      1410	80001098	41208633	sub	x12,x1,x18	  x1:0x00000006 x18:0x00000006 x12=0x00000000
       14125000	      1411	8000109c	409c5a93	srai	x21,x24,0x9	 x24:0x00000011 x21=0x00000000
       14135000	      1412	800010a0	fe9c66e3	bltu	x24,x9,8000108c	 x24:0x00000011  x9:0x00000014
       14145000	      1413	00000000	00000013	addi	x0,x0,0	  x0:0x00000000
       14155000	      1414	80001088	00000013	addi	x0,x0,0	  x0:0x00000000
       14165000	      1415	8000108c	00000013	addi	x0,x0,0	  x0:0x00000000
       14175000	      1416	80001090	001c0c13	addi	x24,x24,1	 x24:0x00000011 x24=0x00000012
       14185000	      1417	80001094	4563ff13	andi	x30,x7,1110	  x7:0x00000000 x30=0x00000000
       14195000	      1418	80001098	41208633	sub	x12,x1,x18	  x1:0x00000006 x18:0x00000006 x12=0x00000000
       14205000	      1419	8000109c	409c5a93	srai	x21,x24,0x9	 x24:0x00000012 x21=0x00000000
       14215000	      1420	800010a0	fe9c66e3	bltu	x24,x9,8000108c	 x24:0x00000012  x9:0x00000014
       14225000	      1421	00000000	00000013	addi	x0,x0,0	  x0:0x00000000
       14235000	      1422	80001088	00000013	addi	x0,x0,0	  x0:0x00000000
       14245000	      1423	8000108c	00000013	addi	x0,x0,0	  x0:0x00000000
       14255000	      1424	80001090	001c0c13	addi	x24,x24,1	 x24:0x00000012 x24=0x00000013
       14265000	      1425	80001094	4563ff13	andi	x30,x7,1110	  x7:0x00000000 x30=0x00000000
       14275000	      1426	80001098	41208633	sub	x12,x1,x18	  x1:0x00000006 x18:0x00000006 x12=0x00000000
       14285000	      1427	8000109c	409c5a93	srai	x21,x24,0x9	 x24:0x00000013 x21=0x00000000
       14295000	      1428	800010a0	fe9c66e3	bltu	x24,x9,8000108c	 x24:0x00000013  x9:0x00000014
       14305000	      1429	00000000	00000013	addi	x0,x0,0	  x0:0x00000000
       14315000	      1430	80001088	00000013	addi	x0,x0,0	  x0:0x00000000
       14325000	      1431	8000108c	00000013	addi	x0,x0,0	  x0:0x00000000
       14335000	      1432	80001090	001c0c13	addi	x24,x24,1	 x24:0x00000013 x24=0x00000014
       14345000	      1433	80001094	4563ff13	andi	x30,x7,1110	  x7:0x00000000 x30=0x00000000
       14355000	      1434	80001098	41208633	sub	x12,x1,x18	  x1:0x00000006 x18:0x00000006 x12=0x00000000
       14365000	      1435	8000109c	409c5a93	srai	x21,x24,0x9	 x24:0x00000014 x21=0x00000000
       14375000	      1436	800010a0	fe9c66e3	bltu	x24,x9,8000108c	 x24:0x00000014  x9:0x00000014
       14385000	      1437	800010a4	eff8cd13	xori	x26,x17,-257	 x17:0x0000000f x26=0xfffffef0
       14395000	      1438	800010a8	00170db3	add	x27,x14,x1	 x14:0x00000000  x1:0x00000006 x27=0x00000006
       14405000	      1439	800010ac	fb19e4e3	bltu	x19,x17,80001054	 x19:0x00000011 x17:0x0000000f
       14415000	      1440	800010b0	001b5a93	srli	x21,x22,0x1	 x22:0xffffffec x21=0x7ffffff6
       14425000	      1441	800010b4	ff900513	addi	x10,x0,-7	  x0:0x00000000 x10=0xfffffff9
       14435000	      1442	800010b8	ff400f13	addi	x30,x0,-12	  x0:0x00000000 x30=0xfffffff4
       14445000	      1443	800010bc	0b1eb493	sltiu	x9,x29,177	 x29:0x00000001  x9=0x00000001
       14455000	      1444	800010c0	ffd50513	addi	x10,x10,-3	 x10:0xfffffff9 x10=0xfffffff6
       14465000	      1445	800010c4	387ee913	ori	x18,x29,903	 x29:0x00000001 x18=0x00000387
       14475000	      1446	800010c8	ffe55ae3	bge	x10,x30,800010bc	 x10:0xfffffff6 x30:0xfffffff4
       14485000	      1447	00000000	00000013	addi	x0,x0,0	  x0:0x00000000
       14495000	      1448	800010b8	00000013	addi	x0,x0,0	  x0:0x00000000
       14505000	      1449	800010bc	0b1eb493	sltiu	x9,x29,177	 x29:0x00000001  x9=0x00000001
       14515000	      1450	800010c0	ffd50513	addi	x10,x10,-3	 x10:0xfffffff6 x10=0xfffffff3
       14525000	      1451	800010c4	387ee913	ori	x18,x29,903	 x29:0x00000001 x18=0x00000387
       14535000	      1452	800010c8	ffe55ae3	bge	x10,x30,800010bc	 x10:0xfffffff3 x30:0xfffffff4
       14545000	      1453	800010cc	0321ce17	auipc	x28,0x321c	 x28=0x8321d0c8
       14555000	      1454	800010d0	fff00613	addi	x12,x0,-1	  x0:0x00000000 x12=0xffffffff
       14565000	      1455	800010d4	b3dd8997	auipc	x19,0xb3dd8	 x19=0x33dd90d0
       14575000	      1456	800010d8	41435d33	sra	x26,x6,x20	  x6:0xb053e25e x20:0x97800000 x26=0xb053e25e
       14585000	      1457	800010dc	0095f9b3	and	x19,x11,x9	 x11:0xffe0020f  x9:0x00000001 x19=0x00000001
       14595000	      1458	800010e0	640a7a37	lui	x20,0x640a7	 x20=0x640a7000
       14605000	      1459	800010e4	cae7b113	sltiu	x2,x15,-850	 x15:0x00000001  x2=0x00000001
       14615000	      1460	800010e8	00a64733	xor	x14,x12,x10	 x12:0xffffffff x10:0xfffffff3 x14=0x0000000c
       14625000	      1461	800010ec	00b00c93	addi	x25,x0,11	  x0:0x00000000 x25=0x0000000b
       14635000	      1462	800010f0	00bb5813	srli	x16,x22,0xb	 x22:0xffffffec x16=0x001fffff
       14645000	      1463	800010f4	d601e013	ori	x0,x3,-672	  x3:0x00000000
       14655000	      1464	800010f8	011896b3	sll	x13,x17,x17	 x17:0x0000000f x17:0x0000000f x13=0x00078000
       14665000	      1465	800010fc	014c9793	slli	x15,x25,0x14	 x25:0x0000000b x15=0x00b00000
       14675000	      1466	80001100	401f8ab3	sub	x21,x31,x1	 x31:0x00000000  x1:0x00000006 x21=0xfffffffa
       14685000	      1467	80001104	005fda13	srli	x20,x31,0x5	 x31:0x00000000 x20=0x00000000
       14695000	      1468	80001108	893abf13	sltiu	x30,x21,-1901	 x21:0xfffffffa x30=0x00000000
       14705000	      1469	8000110c	23228c17	auipc	x24,0x23228	 x24=0xa3229108
       14715000	      1470	80001110	ce0d0097	auipc	x1,0xce0d0	  x1=0x4e0d110c
       14725000	      1471	80001114	00260613	addi	x12,x12,2	 x12:0xffffffff x12=0x00000001
       14735000	      1472	80001118	417fd093	srai	x1,x31,0x17	 x31:0x00000000  x1=0x00000000
       14745000	      1473	8000111c	003abeb3	sltu	x29,x21,x3	 x21:0xfffffffa  x3:0x00000000 x29=0x00000000
       14755000	      1474	80001120	0095d4b3	srl	x9,x11,x9	 x11:0xffe0020f  x9:0x00000001  x9=0x7ff00107
       14765000	      1475	80001124	cf00f693	andi	x13,x1,-784	  x1:0x00000000 x13=0x00000000
       14775000	      1476	80001128	af129117	auipc	x2,0xaf129	  x2=0x2f12a124
       14785000	      1477	8000112c	fd964ee3	blt	x12,x25,80001108	 x12:0x00000001 x25:0x0000000b
       14795000	      1478	00000000	00000013	addi	x0,x0,0	  x0:0x00000000
       14805000	      1479	80001104	00000013	addi	x0,x0,0	  x0:0x00000000
       14815000	      1480	80001108	893abf13	sltiu	x30,x21,-1901	 x21:0xfffffffa x30=0x00000000
       14825000	      1481	8000110c	23228c17	auipc	x24,0x23228	 x24=0xa3229108
       14835000	      1482	80001110	ce0d0097	auipc	x1,0xce0d0	  x1=0x4e0d110c
       14845000	      1483	80001114	00260613	addi	x12,x12,2	 x12:0x00000001 x12=0x00000003
       14855000	      1484	80001118	417fd093	srai	x1,x31,0x17	 x31:0x00000000  x1=0x00000000
       14865000	      1485	8000111c	003abeb3	sltu	x29,x21,x3	 x21:0xfffffffa  x3:0x00000000 x29=0x00000000
       14875000	      1486	80001120	0095d4b3	srl	x9,x11,x9	 x11:0xffe0020f  x9:0x7ff00107  x9=0x01ffc004
       14885000	      1487	80001124	cf00f693	andi	x13,x1,-784	  x1:0x00000000 x13=0x00000000
       14895000	      1488	80001128	af129117	auipc	x2,0xaf129	  x2=0x2f12a124
       14905000	      1489	8000112c	fd964ee3	blt	x12,x25,80001108	 x12:0x00000003 x25:0x0000000b
       14915000	      1490	00000000	00000013	addi	x0,x0,0	  x0:0x00000000
       14925000	      1491	80001104	00000013	addi	x0,x0,0	  x0:0x00000000
       14935000	      1492	80001108	893abf13	sltiu	x30,x21,-1901	 x21:0xfffffffa x30=0x00000000
       14945000	      1493	8000110c	23228c17	auipc	x24,0x23228	 x24=0xa3229108
       14955000	      1494	80001110	ce0d0097	auipc	x1,0xce0d0	  x1=0x4e0d110c
       14965000	      1495	80001114	00260613	addi	x12,x12,2	 x12:0x00000003 x12=0x00000005
       14975000	      1496	80001118	417fd093	srai	x1,x31,0x17	 x31:0x00000000  x1=0x00000000
       14985000	      1497	8000111c	003abeb3	sltu	x29,x21,x3	 x21:0xfffffffa  x3:0x00000000 x29=0x00000000
       14995000	      1498	80001120	0095d4b3	srl	x9,x11,x9	 x11:0xffe0020f  x9:0x01ffc004  x9=0x0ffe0020
       15005000	      1499	80001124	cf00f693	andi	x13,x1,-784	  x1:0x00000000 x13=0x00000000
       15015000	      1500	80001128	af129117	auipc	x2,0xaf129	  x2=0x2f12a124
       15025000	      1501	8000112c	fd964ee3	blt	x12,x25,80001108	 x12:0x00000005 x25:0x0000000b
       15035000	      1502	00000000	00000013	addi	x0,x0,0	  x0:0x00000000
       15045000	      1503	80001104	00000013	addi	x0,x0,0	  x0:0x00000000
       15055000	      1504	80001108	893abf13	sltiu	x30,x21,-1901	 x21:0xfffffffa x30=0x00000000
       15065000	      1505	8000110c	23228c17	auipc	x24,0x23228	 x24=0xa3229108
       15075000	      1506	80001110	ce0d0097	auipc	x1,0xce0d0	  x1=0x4e0d110c
       15085000	      1507	80001114	00260613	addi	x12,x12,2	 x12:0x00000005 x12=0x00000007
       15095000	      1508	80001118	417fd093	srai	x1,x31,0x17	 x31:0x00000000  x1=0x00000000
       15105000	      1509	8000111c	003abeb3	sltu	x29,x21,x3	 x21:0xfffffffa  x3:0x00000000 x29=0x00000000
       15115000	      1510	80001120	0095d4b3	srl	x9,x11,x9	 x11:0xffe0020f  x9:0x0ffe0020  x9=0xffe0020f
       15125000	      1511	80001124	cf00f693	andi	x13,x1,-784	  x1:0x00000000 x13=0x00000000
       15135000	      1512	80001128	af129117	auipc	x2,0xaf129	  x2=0x2f12a124
       15145000	      1513	8000112c	fd964ee3	blt	x12,x25,80001108	 x12:0x00000007 x25:0x0000000b
       15155000	      1514	00000000	00000013	addi	x0,x0,0	  x0:0x00000000
       15165000	      1515	80001104	00000013	addi	x0,x0,0	  x0:0x00000000
       15175000	      1516	80001108	893abf13	sltiu	x30,x21,-1901	 x21:0xfffffffa x30=0x00000000
       15185000	      1517	8000110c	23228c17	auipc	x24,0x23228	 x24=0xa3229108
       15195000	      1518	80001110	ce0d0097	auipc	x1,0xce0d0	  x1=0x4e0d110c
       15205000	      1519	80001114	00260613	addi	x12,x12,2	 x12:0x00000007 x12=0x00000009
       15215000	      1520	80001118	417fd093	srai	x1,x31,0x17	 x31:0x00000000  x1=0x00000000
       15225000	      1521	8000111c	003abeb3	sltu	x29,x21,x3	 x21:0xfffffffa  x3:0x00000000 x29=0x00000000
       15235000	      1522	80001120	0095d4b3	srl	x9,x11,x9	 x11:0xffe0020f  x9:0xffe0020f  x9=0x0001ffc0
       15245000	      1523	80001124	cf00f693	andi	x13,x1,-784	  x1:0x00000000 x13=0x00000000
       15255000	      1524	80001128	af129117	auipc	x2,0xaf129	  x2=0x2f12a124
       15265000	      1525	8000112c	fd964ee3	blt	x12,x25,80001108	 x12:0x00000009 x25:0x0000000b
       15275000	      1526	00000000	00000013	addi	x0,x0,0	  x0:0x00000000
       15285000	      1527	80001104	00000013	addi	x0,x0,0	  x0:0x00000000
       15295000	      1528	80001108	893abf13	sltiu	x30,x21,-1901	 x21:0xfffffffa x30=0x00000000
       15305000	      1529	8000110c	23228c17	auipc	x24,0x23228	 x24=0xa3229108
       15315000	      1530	80001110	ce0d0097	auipc	x1,0xce0d0	  x1=0x4e0d110c
       15325000	      1531	80001114	00260613	addi	x12,x12,2	 x12:0x00000009 x12=0x0000000b
       15335000	      1532	80001118	417fd093	srai	x1,x31,0x17	 x31:0x00000000  x1=0x00000000
       15345000	      1533	8000111c	003abeb3	sltu	x29,x21,x3	 x21:0xfffffffa  x3:0x00000000 x29=0x00000000
       15355000	      1534	80001120	0095d4b3	srl	x9,x11,x9	 x11:0xffe0020f  x9:0x0001ffc0  x9=0xffe0020f
       15365000	      1535	80001124	cf00f693	andi	x13,x1,-784	  x1:0x00000000 x13=0x00000000
       15375000	      1536	80001128	af129117	auipc	x2,0xaf129	  x2=0x2f12a124
       15385000	      1537	8000112c	fd964ee3	blt	x12,x25,80001108	 x12:0x0000000b x25:0x0000000b
       15395000	      1538	80001130	41240db3	sub	x27,x8,x18	  x8:0xffffffff x18:0x00000387 x27=0xfffffc78
       15405000	      1539	80001134	00700313	addi	x6,x0,7	  x0:0x00000000  x6=0x00000007
       15415000	      1540	80001138	00000013	addi	x0,x0,0	  x0:0x00000000
       15425000	      1541	8000113c	0006b9b3	sltu	x19,x13,x0	 x13:0x00000000  x0:0x00000000 x19=0x00000000
       15435000	      1542	80001140	40dfdc33	sra	x24,x31,x13	 x31:0x00000000 x13:0x00000000 x24=0x00000000
       15445000	      1543	80001144	86fcb693	sltiu	x13,x25,-1937	 x25:0x0000000b x13=0x00000001
       15455000	      1544	80001148	40755813	srai	x16,x10,0x7	 x10:0xfffffff3 x16=0xffffffff
       15465000	      1545	8000114c	01ed4db3	xor	x27,x26,x30	 x26:0xb053e25e x30:0x00000000 x27=0xb053e25e
       15475000	      1546	80001150	410e0f33	sub	x30,x28,x16	 x28:0x8321d0c8 x16:0xffffffff x30=0x8321d0c9
       15485000	      1547	80001154	00f00593	addi	x11,x0,15	  x0:0x00000000 x11=0x0000000f
       15495000	      1548	80001158	01175c33	srl	x24,x14,x17	 x14:0x0000000c x17:0x0000000f x24=0x00000000
       15505000	      1549	8000115c	d5874e13	xori	x28,x14,-680	 x14:0x0000000c x28=0xfffffd54
       15515000	      1550	80001160	00da16b3	sll	x13,x20,x13	 x20:0x00000000 x13:0x00000001 x13=0x00000000
       15525000	      1551	80001164	2e173013	sltiu	x0,x14,737	 x14:0x0000000c
       15535000	      1552	80001168	01421f33	sll	x30,x4,x20	  x4:0x80009f70 x20:0x00000000 x30=0x80009f70
       15545000	      1553	8000116c	710ee713	ori	x14,x29,1808	 x29:0x00000000 x14=0x00000710
       15555000	      1554	80001170	ad99ac93	slti	x25,x19,-1319	 x19:0x00000000 x25=0x00000000
       15565000	      1555	80001174	01883a33	sltu	x20,x16,x24	 x16:0xffffffff x24:0x00000000 x20=0x00000000
       15575000	      1556	80001178	00130313	addi	x6,x6,1	  x6:0x00000007  x6=0x00000008
       15585000	      1557	8000117c	26dcc793	xori	x15,x25,621	 x25:0x00000000 x15=0x0000026d
       15595000	      1558	80001180	feb302e3	beq	x6,x11,80001164	  x6:0x00000008 x11:0x0000000f
       15605000	      1559	80001184	01a959b3	srl	x19,x18,x26	 x18:0x00000387 x26:0xb053e25e x19=0x00000000
       15615000	      1560	80001188	ffe00313	addi	x6,x0,-2	  x0:0x00000000  x6=0xfffffffe
       15625000	      1561	8000118c	29a72393	slti	x7,x14,666	 x14:0x00000710  x7=0x00000000
       15635000	      1562	80001190	ff400e13	addi	x28,x0,-12	  x0:0x00000000 x28=0xfffffff4
       15645000	      1563	80001194	58361717	auipc	x14,0x58361	 x14=0xd8362190
       15655000	      1564	80001198	fff30313	addi	x6,x6,-1	  x6:0xfffffffe  x6=0xfffffffd
       15665000	      1565	8000119c	d5caa4b7	lui	x9,0xd5caa	  x9=0xd5caa000
       15675000	      1566	800011a0	00a00c93	addi	x25,x0,10	  x0:0x00000000 x25=0x0000000a
       15685000	      1567	800011a4	8e4f6813	ori	x16,x30,-1820	 x30:0x80009f70 x16=0xfffffff4
       15695000	      1568	800011a8	01100693	addi	x13,x0,17	  x0:0x00000000 x13=0x00000011
       15705000	      1569	800011ac	cfc1b093	sltiu	x1,x3,-772	  x3:0x00000000  x1=0x00000001
       15715000	      1570	800011b0	01c68fb3	add	x31,x13,x28	 x13:0x00000011 x28:0xfffffff4 x31=0x00000005
       15725000	      1571	800011b4	01fdaeb3	slt	x29,x27,x31	 x27:0xb053e25e x31:0x00000005 x29=0x00000001
       15735000	      1572	800011b8	007c8c93	addi	x25,x25,7	 x25:0x0000000a x25=0x00000011
       15745000	      1573	800011bc	403281b3	sub	x3,x5,x3	  x5:0xb053e25e  x3:0x00000000  x3=0xb053e25e
       15755000	      1574	800011c0	fedc86e3	beq	x25,x13,800011ac	 x25:0x00000011 x13:0x00000011
       15765000	      1575	00000000	00000013	addi	x0,x0,0	  x0:0x00000000
       15775000	      1576	800011a8	00000013	addi	x0,x0,0	  x0:0x00000000
       15785000	      1577	800011ac	cfc1b093	sltiu	x1,x3,-772	  x3:0xb053e25e  x1=0x00000001
       15795000	      1578	800011b0	01c68fb3	add	x31,x13,x28	 x13:0x00000011 x28:0xfffffff4 x31=0x00000005
       15805000	      1579	800011b4	01fdaeb3	slt	x29,x27,x31	 x27:0xb053e25e x31:0x00000005 x29=0x00000001
       15815000	      1580	800011b8	007c8c93	addi	x25,x25,7	 x25:0x00000011 x25=0x00000018
       15825000	      1581	800011bc	403281b3	sub	x3,x5,x3	  x5:0xb053e25e  x3:0xb053e25e  x3=0x00000000
       15835000	      1582	800011c0	fedc86e3	beq	x25,x13,800011ac	 x25:0x00000018 x13:0x00000011
       15845000	      1583	800011c4	fdc308e3	beq	x6,x28,80001194	  x6:0xfffffffd x28:0xfffffff4
       15855000	      1584	800011c8	df560eb7	lui	x29,0xdf560	 x29=0xdf560000
       15865000	      1585	800011cc	00700993	addi	x19,x0,7	  x0:0x00000000 x19=0x00000007
       15875000	      1586	800011d0	ffa00093	addi	x1,x0,-6	  x0:0x00000000  x1=0xfffffffa
       15885000	      1587	800011d4	00e6d913	srli	x18,x13,0xe	 x13:0x00000011 x18=0x00000000
       15895000	      1588	800011d8	f4682c13	slti	x24,x16,-186	 x16:0xfffffff4 x24=0x00000000
       15905000	      1589	800011dc	ff698993	addi	x19,x19,-10	 x19:0x00000007 x19=0xfffffffd
       15915000	      1590	800011e0	9fd48493	addi	x9,x9,-1539	  x9:0xd5caa000  x9=0xd5ca99fd
       15925000	      1591	800011e4	fe19dae3	bge	x19,x1,800011d8	 x19:0xfffffffd  x1:0xfffffffa
       15935000	      1592	00000000	00000013	addi	x0,x0,0	  x0:0x00000000
       15945000	      1593	800011d4	00000013	addi	x0,x0,0	  x0:0x00000000
       15955000	      1594	800011d8	f4682c13	slti	x24,x16,-186	 x16:0xfffffff4 x24=0x00000000
       15965000	      1595	800011dc	ff698993	addi	x19,x19,-10	 x19:0xfffffffd x19=0xfffffff3
       15975000	      1596	800011e0	9fd48493	addi	x9,x9,-1539	  x9:0xd5ca99fd  x9=0xd5ca93fa
       15985000	      1597	800011e4	fe19dae3	bge	x19,x1,800011d8	 x19:0xfffffff3  x1:0xfffffffa
       15995000	      1598	800011e8	5079ee93	ori	x29,x19,1287	 x19:0xfffffff3 x29=0xfffffff7
       16005000	      1599	800011ec	ffd00093	addi	x1,x0,-3	  x0:0x00000000  x1=0xfffffffd
       16015000	      1600	800011f0	ff300713	addi	x14,x0,-13	  x0:0x00000000 x14=0xfffffff3
       16025000	      1601	800011f4	2f222913	slti	x18,x4,754	  x4:0x80009f70 x18=0x00000001
       16035000	      1602	800011f8	ff708093	addi	x1,x1,-9	  x1:0xfffffffd  x1=0xfffffff4
       16045000	      1603	800011fc	00600393	addi	x7,x0,6	  x0:0x00000000  x7=0x00000006
       16055000	      1604	80001200	fff00493	addi	x9,x0,-1	  x0:0x00000000  x9=0xffffffff
       16065000	      1605	80001204	9ef06193	ori	x3,x0,-1553	  x0:0x00000000  x3=0xfffff9ef
       16075000	      1606	80001208	8b41d6b7	lui	x13,0x8b41d	 x13=0x8b41d000
       16085000	      1607	8000120c	ff938393	addi	x7,x7,-7	  x7:0x00000006  x7=0xffffffff
       16095000	      1608	80001210	fe93dae3	bge	x7,x9,80001204	  x7:0xffffffff  x9:0xffffffff
       16105000	      1609	00000000	00000013	addi	x0,x0,0	  x0:0x00000000
       16115000	      1610	80001200	00000013	addi	x0,x0,0	  x0:0x00000000
       16125000	      1611	80001204	9ef06193	ori	x3,x0,-1553	  x0:0x00000000  x3=0xfffff9ef
       16135000	      1612	80001208	8b41d6b7	lui	x13,0x8b41d	 x13=0x8b41d000
       16145000	      1613	8000120c	ff938393	addi	x7,x7,-7	  x7:0xffffffff  x7=0xfffffff8
       16155000	      1614	80001210	fe93dae3	bge	x7,x9,80001204	  x7:0xfffffff8  x9:0xffffffff
       16165000	      1615	80001214	fee0d0e3	bge	x1,x14,800011f4	  x1:0xfffffff4 x14:0xfffffff3
       16175000	      1616	00000000	00000013	addi	x0,x0,0	  x0:0x00000000
       16185000	      1617	800011f0	00000013	addi	x0,x0,0	  x0:0x00000000
       16195000	      1618	800011f4	2f222913	slti	x18,x4,754	  x4:0x80009f70 x18=0x00000001
       16205000	      1619	800011f8	ff708093	addi	x1,x1,-9	  x1:0xfffffff4  x1=0xffffffeb
       16215000	      1620	800011fc	00600393	addi	x7,x0,6	  x0:0x00000000  x7=0x00000006
       16225000	      1621	80001200	fff00493	addi	x9,x0,-1	  x0:0x00000000  x9=0xffffffff
       16235000	      1622	80001204	9ef06193	ori	x3,x0,-1553	  x0:0x00000000  x3=0xfffff9ef
       16245000	      1623	80001208	8b41d6b7	lui	x13,0x8b41d	 x13=0x8b41d000
       16255000	      1624	8000120c	ff938393	addi	x7,x7,-7	  x7:0x00000006  x7=0xffffffff
       16265000	      1625	80001210	fe93dae3	bge	x7,x9,80001204	  x7:0xffffffff  x9:0xffffffff
       16275000	      1626	00000000	00000013	addi	x0,x0,0	  x0:0x00000000
       16285000	      1627	80001200	00000013	addi	x0,x0,0	  x0:0x00000000
       16295000	      1628	80001204	9ef06193	ori	x3,x0,-1553	  x0:0x00000000  x3=0xfffff9ef
       16305000	      1629	80001208	8b41d6b7	lui	x13,0x8b41d	 x13=0x8b41d000
       16315000	      1630	8000120c	ff938393	addi	x7,x7,-7	  x7:0xffffffff  x7=0xfffffff8
       16325000	      1631	80001210	fe93dae3	bge	x7,x9,80001204	  x7:0xfffffff8  x9:0xffffffff
       16335000	      1632	80001214	fee0d0e3	bge	x1,x14,800011f4	  x1:0xffffffeb x14:0xfffffff3
       16345000	      1633	80001218	00000013	addi	x0,x0,0	  x0:0x00000000
       16355000	      1634	8000121c	fff00f13	addi	x30,x0,-1	  x0:0x00000000 x30=0xffffffff
       16365000	      1635	80001220	00134533	xor	x10,x6,x1	  x6:0xfffffffd  x1:0xffffffeb x10=0x00000016
       16375000	      1636	80001224	f760d637	lui	x12,0xf760d	 x12=0xf760d000
       16385000	      1637	80001228	fde10b13	addi	x22,x2,-34	  x2:0x2f12a124 x22=0x2f12a102
       16395000	      1638	8000122c	00000013	addi	x0,x0,0	  x0:0x00000000
       16405000	      1639	80001230	57e9ec93	ori	x25,x19,1406	 x19:0xfffffff3 x25=0xffffffff
       16415000	      1640	80001234	4175dc93	srai	x25,x11,0x17	 x11:0x0000000f x25=0x00000000
       16425000	      1641	80001238	000eac33	slt	x24,x29,x0	 x29:0xfffffff7  x0:0x00000000 x24=0x00000001
       16435000	      1642	8000123c	01294533	xor	x10,x18,x18	 x18:0x00000001 x18:0x00000001 x10=0x00000000
       16445000	      1643	80001240	10278013	addi	x0,x15,258	 x15:0x0000026d
       16455000	      1644	80001244	01300713	addi	x14,x0,19	  x0:0x00000000 x14=0x00000013
       16465000	      1645	80001248	013576b3	and	x13,x10,x19	 x10:0x00000000 x19:0xfffffff3 x13=0x00000000
       16475000	      1646	8000124c	00d89433	sll	x8,x17,x13	 x17:0x0000000f x13:0x00000000  x8=0x0000000f
       16485000	      1647	80001250	01138a33	add	x20,x7,x17	  x7:0xfffffff8 x17:0x0000000f x20=0x00000007
       16495000	      1648	80001254	411f8e33	sub	x28,x31,x17	 x31:0x00000005 x17:0x0000000f x28=0xfffffff6
       16505000	      1649	80001258	005f0f13	addi	x30,x30,5	 x30:0xffffffff x30=0x00000004
       16515000	      1650	8000125c	40aadcb3	sra	x25,x21,x10	 x21:0xfffffffa x10:0x00000000 x25=0xfffffffa
       16525000	      1651	80001260	019d9a13	slli	x20,x27,0x19	 x27:0xb053e25e x20=0xbc000000
       16535000	      1652	80001264	40f4d013	srai	x0,x9,0xf	  x9:0xffffffff
       16545000	      1653	80001268	01d727b3	slt	x15,x14,x29	 x14:0x00000013 x29:0xfffffff7 x15=0x00000000
       16555000	      1654	8000126c	37876997	auipc	x19,0x37876	 x19=0xb7877268
       16565000	      1655	80001270	012f9113	slli	x2,x31,0x12	 x31:0x00000005  x2=0x00140000
       16575000	      1656	80001274	4876ddb7	lui	x27,0x4876d	 x27=0x4876d000
       16585000	      1657	80001278	01bade93	srli	x29,x21,0x1b	 x21:0xfffffffa x29=0x0000001f
       16595000	      1658	8000127c	015c5413	srli	x8,x24,0x15	 x24:0x00000001  x8=0x00000000
       16605000	      1659	80001280	41575c13	srai	x24,x14,0x15	 x14:0x00000013 x24=0x00000000
       16615000	      1660	80001284	fcef62e3	bltu	x30,x14,80001248	 x30:0x00000004 x14:0x00000013
       16625000	      1661	00000000	00000013	addi	x0,x0,0	  x0:0x00000000
       16635000	      1662	80001244	00000013	addi	x0,x0,0	  x0:0x00000000
       16645000	      1663	80001248	013576b3	and	x13,x10,x19	 x10:0x00000000 x19:0xb7877268 x13=0x00000000
       16655000	      1664	8000124c	00d89433	sll	x8,x17,x13	 x17:0x0000000f x13:0x00000000  x8=0x0000000f
       16665000	      1665	80001250	01138a33	add	x20,x7,x17	  x7:0xfffffff8 x17:0x0000000f x20=0x00000007
       16675000	      1666	80001254	411f8e33	sub	x28,x31,x17	 x31:0x00000005 x17:0x0000000f x28=0xfffffff6
       16685000	      1667	80001258	005f0f13	addi	x30,x30,5	 x30:0x00000004 x30=0x00000009
       16695000	      1668	8000125c	40aadcb3	sra	x25,x21,x10	 x21:0xfffffffa x10:0x00000000 x25=0xfffffffa
       16705000	      1669	80001260	019d9a13	slli	x20,x27,0x19	 x27:0x4876d000 x20=0x00000000
       16715000	      1670	80001264	40f4d013	srai	x0,x9,0xf	  x9:0xffffffff
       16725000	      1671	80001268	01d727b3	slt	x15,x14,x29	 x14:0x00000013 x29:0x0000001f x15=0x00000001
       16735000	      1672	8000126c	37876997	auipc	x19,0x37876	 x19=0xb7877268
       16745000	      1673	80001270	012f9113	slli	x2,x31,0x12	 x31:0x00000005  x2=0x00140000
       16755000	      1674	80001274	4876ddb7	lui	x27,0x4876d	 x27=0x4876d000
       16765000	      1675	80001278	01bade93	srli	x29,x21,0x1b	 x21:0xfffffffa x29=0x0000001f
       16775000	      1676	8000127c	015c5413	srli	x8,x24,0x15	 x24:0x00000000  x8=0x00000000
       16785000	      1677	80001280	41575c13	srai	x24,x14,0x15	 x14:0x00000013 x24=0x00000000
       16795000	      1678	80001284	fcef62e3	bltu	x30,x14,80001248	 x30:0x00000009 x14:0x00000013
       16805000	      1679	00000000	00000013	addi	x0,x0,0	  x0:0x00000000
       16815000	      1680	80001244	00000013	addi	x0,x0,0	  x0:0x00000000
       16825000	      1681	80001248	013576b3	and	x13,x10,x19	 x10:0x00000000 x19:0xb7877268 x13=0x00000000
       16835000	      1682	8000124c	00d89433	sll	x8,x17,x13	 x17:0x0000000f x13:0x00000000  x8=0x0000000f
       16845000	      1683	80001250	01138a33	add	x20,x7,x17	  x7:0xfffffff8 x17:0x0000000f x20=0x00000007
       16855000	      1684	80001254	411f8e33	sub	x28,x31,x17	 x31:0x00000005 x17:0x0000000f x28=0xfffffff6
       16865000	      1685	80001258	005f0f13	addi	x30,x30,5	 x30:0x00000009 x30=0x0000000e
       16875000	      1686	8000125c	40aadcb3	sra	x25,x21,x10	 x21:0xfffffffa x10:0x00000000 x25=0xfffffffa
       16885000	      1687	80001260	019d9a13	slli	x20,x27,0x19	 x27:0x4876d000 x20=0x00000000
       16895000	      1688	80001264	40f4d013	srai	x0,x9,0xf	  x9:0xffffffff
       16905000	      1689	80001268	01d727b3	slt	x15,x14,x29	 x14:0x00000013 x29:0x0000001f x15=0x00000001
       16915000	      1690	8000126c	37876997	auipc	x19,0x37876	 x19=0xb7877268
       16925000	      1691	80001270	012f9113	slli	x2,x31,0x12	 x31:0x00000005  x2=0x00140000
       16935000	      1692	80001274	4876ddb7	lui	x27,0x4876d	 x27=0x4876d000
       16945000	      1693	80001278	01bade93	srli	x29,x21,0x1b	 x21:0xfffffffa x29=0x0000001f
       16955000	      1694	8000127c	015c5413	srli	x8,x24,0x15	 x24:0x00000000  x8=0x00000000
       16965000	      1695	80001280	41575c13	srai	x24,x14,0x15	 x14:0x00000013 x24=0x00000000
       16975000	      1696	80001284	fcef62e3	bltu	x30,x14,80001248	 x30:0x0000000e x14:0x00000013
       16985000	      1697	00000000	00000013	addi	x0,x0,0	  x0:0x00000000
       16995000	      1698	80001244	00000013	addi	x0,x0,0	  x0:0x00000000
       17005000	      1699	80001248	013576b3	and	x13,x10,x19	 x10:0x00000000 x19:0xb7877268 x13=0x00000000
       17015000	      1700	8000124c	00d89433	sll	x8,x17,x13	 x17:0x0000000f x13:0x00000000  x8=0x0000000f
       17025000	      1701	80001250	01138a33	add	x20,x7,x17	  x7:0xfffffff8 x17:0x0000000f x20=0x00000007
       17035000	      1702	80001254	411f8e33	sub	x28,x31,x17	 x31:0x00000005 x17:0x0000000f x28=0xfffffff6
       17045000	      1703	80001258	005f0f13	addi	x30,x30,5	 x30:0x0000000e x30=0x00000013
       17055000	      1704	8000125c	40aadcb3	sra	x25,x21,x10	 x21:0xfffffffa x10:0x00000000 x25=0xfffffffa
       17065000	      1705	80001260	019d9a13	slli	x20,x27,0x19	 x27:0x4876d000 x20=0x00000000
       17075000	      1706	80001264	40f4d013	srai	x0,x9,0xf	  x9:0xffffffff
       17085000	      1707	80001268	01d727b3	slt	x15,x14,x29	 x14:0x00000013 x29:0x0000001f x15=0x00000001
       17095000	      1708	8000126c	37876997	auipc	x19,0x37876	 x19=0xb7877268
       17105000	      1709	80001270	012f9113	slli	x2,x31,0x12	 x31:0x00000005  x2=0x00140000
       17115000	      1710	80001274	4876ddb7	lui	x27,0x4876d	 x27=0x4876d000
       17125000	      1711	80001278	01bade93	srli	x29,x21,0x1b	 x21:0xfffffffa x29=0x0000001f
       17135000	      1712	8000127c	015c5413	srli	x8,x24,0x15	 x24:0x00000000  x8=0x00000000
       17145000	      1713	80001280	41575c13	srai	x24,x14,0x15	 x14:0x00000013 x24=0x00000000
       17155000	      1714	80001284	fcef62e3	bltu	x30,x14,80001248	 x30:0x00000013 x14:0x00000013
       17165000	      1715	80001288	00363833	sltu	x16,x12,x3	 x12:0xf760d000  x3:0xfffff9ef x16=0x00000001
       17175000	      1716	8000128c	400fd413	srai	x8,x31,0x0	 x31:0x00000005  x8=0x00000005
       17185000	      1717	80001290	010c80b3	add	x1,x25,x16	 x25:0xfffffffa x16:0x00000001  x1=0xfffffffb
       17195000	      1718	80001294	00ef06b3	add	x13,x30,x14	 x30:0x00000013 x14:0x00000013 x13=0x00000026
       17205000	      1719	80001298	00618533	add	x10,x3,x6	  x3:0xfffff9ef  x6:0xfffffffd x10=0xfffff9ec
       17215000	      1720	8000129c	03ed6263	bltu	x26,x30,800012c0	 x26:0xb053e25e x30:0x00000013
       17225000	      1721	800012a0	00000013	addi	x0,x0,0	  x0:0x00000000
       17235000	      1722	800012a4	40a60e33	sub	x28,x12,x10	 x12:0xf760d000 x10:0xfffff9ec x28=0xf760d614
       17245000	      1723	800012a8	00585093	srli	x1,x16,0x5	 x16:0x00000001  x1=0x00000000
       17255000	      1724	800012ac	412f5c93	srai	x25,x30,0x12	 x30:0x00000013 x25=0x00000000
       17265000	      1725	800012b0	7eae2193	slti	x3,x28,2026	 x28:0xf760d614  x3=0x00000001
       17275000	      1726	800012b4	00b338b3	sltu	x17,x6,x11	  x6:0xfffffffd x11:0x0000000f x17=0x00000000
       17285000	      1727	800012b8	174ef893	andi	x17,x29,372	 x29:0x0000001f x17=0x00000014
       17295000	      1728	800012bc	41555f93	srai	x31,x10,0x15	 x10:0xfffff9ec x31=0xffffffff
       17305000	      1729	800012c0	0116c933	xor	x18,x13,x17	 x13:0x00000026 x17:0x00000014 x18=0x00000032
       17315000	      1730	800012c4	00000013	addi	x0,x0,0	  x0:0x00000000
       17325000	      1731	800012c8	03121263	bne	x4,x17,800012ec	  x4:0x80009f70 x17:0x00000014
       17335000	      1732	00000000	00000013	addi	x0,x0,0	  x0:0x00000000
       17345000	      1733	800012e8	00000013	addi	x0,x0,0	  x0:0x00000000
       17355000	      1734	800012ec	40935333	sra	x6,x6,x9	  x6:0xfffffffd  x9:0xffffffff  x6=0xffffffff
       17365000	      1735	800012f0	007ab033	sltu	x0,x21,x7	 x21:0xfffffffa  x7:0xfffffff8
       17375000	      1736	800012f4	bdd3e3b7	lui	x7,0xbdd3e	  x7=0xbdd3e000
       17385000	      1737	800012f8	016cec63	bltu	x25,x22,80001310	 x25:0x00000000 x22:0x2f12a102
       17395000	      1738	00000000	00000013	addi	x0,x0,0	  x0:0x00000000
       17405000	      1739	8000130c	00000013	addi	x0,x0,0	  x0:0x00000000
       17415000	      1740	80001310	00dc21b3	slt	x3,x24,x13	 x24:0x00000000 x13:0x00000026  x3=0x00000001
       17425000	      1741	80001314	00ba33b3	sltu	x7,x20,x11	 x20:0x00000000 x11:0x0000000f  x7=0x00000001
       17435000	      1742	80001318	31027e93	andi	x29,x4,784	  x4:0x80009f70 x29=0x00000310
       17445000	      1743	8000131c	16002493	slti	x9,x0,352	  x0:0x00000000  x9=0x00000001
       17455000	      1744	80001320	14513413	sltiu	x8,x2,325	  x2:0x00140000  x8=0x00000000
       17465000	      1745	80001324	41ee0333	sub	x6,x28,x30	 x28:0xf760d614 x30:0x00000013  x6=0xf760d601
       17475000	      1746	80001328	007c1b33	sll	x22,x24,x7	 x24:0x00000000  x7:0x00000001 x22=0x00000000
       17485000	      1747	8000132c	411ad333	sra	x6,x21,x17	 x21:0xfffffffa x17:0x00000014  x6=0xffffffff
       17495000	      1748	80001330	0299ca63	blt	x19,x9,80001364	 x19:0xb7877268  x9:0x00000001
       17505000	      1749	00000000	00000013	addi	x0,x0,0	  x0:0x00000000
       17515000	      1750	80001360	00000013	addi	x0,x0,0	  x0:0x00000000
       17525000	      1751	80001364	5605c913	xori	x18,x11,1376	 x11:0x0000000f x18=0x0000056f
       17535000	      1752	80001368	01ef9333	sll	x6,x31,x30	 x31:0xffffffff x30:0x00000013  x6=0xfff80000
       17545000	      1753	8000136c	01297f33	and	x30,x18,x18	 x18:0x0000056f x18:0x0000056f x30=0x0000056f
       17555000	      1754	80001370	005ae7b3	or	x15,x21,x5	 x21:0xfffffffa  x5:0xb053e25e x15=0xfffffffe
       17565000	      1755	80001374	00799333	sll	x6,x19,x7	 x19:0xb7877268  x7:0x00000001  x6=0x6f0ee4d0
       17575000	      1756	80001378	41985493	srai	x9,x16,0x19	 x16:0x00000001  x9=0x00000000
       17585000	      1757	8000137c	88683493	sltiu	x9,x16,-1914	 x16:0x00000001  x9=0x00000001
       17595000	      1758	80001380	009b6433	or	x8,x22,x9	 x22:0x00000000  x9:0x00000001  x8=0x00000001
       17605000	      1759	80001384	011b3133	sltu	x2,x22,x17	 x22:0x00000000 x17:0x00000014  x2=0x00000001
       17615000	      1760	80001388	419409b3	sub	x19,x8,x25	  x8:0x00000001 x25:0x00000000 x19=0x00000001
       17625000	      1761	8000138c	dcfa3f97	auipc	x31,0xdcfa3	 x31=0x5cfa4388
       17635000	      1762	80001390	016a58b3	srl	x17,x20,x22	 x20:0x00000000 x22:0x00000000 x17=0x00000000
       17645000	      1763	80001394	4122d013	srai	x0,x5,0x12	  x5:0xb053e25e
       17655000	      1764	80001398	00da10b3	sll	x1,x20,x13	 x20:0x00000000 x13:0x00000026  x1=0x00000000
       17665000	      1765	8000139c	00000013	addi	x0,x0,0	  x0:0x00000000
       17675000	      1766	800013a0	8c23e793	ori	x15,x7,-1854	  x7:0x00000001 x15=0xfffff8c3
       17685000	      1767	800013a4	004d9813	slli	x16,x27,0x4	 x27:0x4876d000 x16=0x876d0000
       17695000	      1768	800013a8	41da5e33	sra	x28,x20,x29	 x20:0x00000000 x29:0x00000310 x28=0x00000000
       17705000	      1769	800013ac	00540c33	add	x24,x8,x5	  x8:0x00000001  x5:0xb053e25e x24=0xb053e25f
       17715000	      1770	800013b0	014a09b3	add	x19,x20,x20	 x20:0x00000000 x20:0x00000000 x19=0x00000000
       17725000	      1771	800013b4	003aba33	sltu	x20,x21,x3	 x21:0xfffffffa  x3:0x00000001 x20=0x00000000
       17735000	      1772	800013b8	01b9c5b3	xor	x11,x19,x27	 x19:0x00000000 x27:0x4876d000 x11=0x4876d000
       17745000	      1773	800013bc	03d28863	beq	x5,x29,800013ec	  x5:0xb053e25e x29:0x00000310
       17755000	      1774	800013c0	748f2913	slti	x18,x30,1864	 x30:0x0000056f x18=0x00000001
       17765000	      1775	800013c4	4945f693	andi	x13,x11,1172	 x11:0x4876d000 x13=0x00000000
       17775000	      1776	800013c8	e1c9ac93	slti	x25,x19,-484	 x19:0x00000000 x25=0x00000000
       17785000	      1777	800013cc	006ed3b3	srl	x7,x29,x6	 x29:0x00000310  x6:0x6f0ee4d0  x7=0x00000000
       17795000	      1778	800013d0	0359ee63	bltu	x19,x21,8000140c	 x19:0x00000000 x21:0xfffffffa
       17805000	      1779	00000000	00000013	addi	x0,x0,0	  x0:0x00000000
       17815000	      1780	80001408	00000013	addi	x0,x0,0	  x0:0x00000000
       17825000	      1781	8000140c	0a414a13	xori	x20,x2,164	  x2:0x00000001 x20=0x000000a5
       17835000	      1782	80001410	008759b3	srl	x19,x14,x8	 x14:0x00000013  x8:0x00000001 x19=0x00000009
       17845000	      1783	80001414	001f8e63	beq	x31,x1,80001430	 x31:0x5cfa4388  x1:0x00000000
       17855000	      1784	80001418	046ce663	bltu	x25,x6,80001464	 x25:0x00000000  x6:0x6f0ee4d0
       17865000	      1785	00000000	00000013	addi	x0,x0,0	  x0:0x00000000
       17875000	      1786	80001460	00000013	addi	x0,x0,0	  x0:0x00000000
       17885000	      1787	80001464	02ce4463	blt	x28,x12,8000148c	 x28:0x00000000 x12:0xf760d000
       17895000	      1788	80001468	000b91b3	sll	x3,x23,x0	 x23:0x80009fc4  x0:0x00000000  x3=0x80009fc4
       17905000	      1789	8000146c	040e2713	slti	x14,x28,64	 x28:0x00000000 x14=0x00000001
       17915000	      1790	80001470	77e87d93	andi	x27,x16,1918	 x16:0x876d0000 x27=0x00000000
       17925000	      1791	80001474	016c8d33	add	x26,x25,x22	 x25:0x00000000 x22:0x00000000 x26=0x00000000
       17935000	      1792	80001478	0270f263	bgeu	x1,x7,8000149c	  x1:0x00000000  x7:0x00000000
       17945000	      1793	00000000	00000013	addi	x0,x0,0	  x0:0x00000000
       17955000	      1794	80001498	00000013	addi	x0,x0,0	  x0:0x00000000
       17965000	      1795	8000149c	00f07db3	and	x27,x0,x15	  x0:0x00000000 x15:0xfffff8c3 x27=0x00000000
       17975000	      1796	800014a0	02cb1063	bne	x22,x12,800014c0	 x22:0x00000000 x12:0xf760d000
       17985000	      1797	00000000	00000013	addi	x0,x0,0	  x0:0x00000000
       17995000	      1798	800014bc	00000013	addi	x0,x0,0	  x0:0x00000000
       18005000	      1799	800014c0	018d9e63	bne	x27,x24,800014dc	 x27:0x00000000 x24:0xb053e25f
       18015000	      1800	00000000	00000013	addi	x0,x0,0	  x0:0x00000000
       18025000	      1801	800014d8	00000013	addi	x0,x0,0	  x0:0x00000000
       18035000	      1802	800014dc	0193ec63	bltu	x7,x25,800014f4	  x7:0x00000000 x25:0x00000000
       18045000	      1803	800014e0	499b2c13	slti	x24,x22,1177	 x22:0x00000000 x24=0x00000001
       18055000	      1804	800014e4	01de1133	sll	x2,x28,x29	 x28:0x00000000 x29:0x00000310  x2=0x00000000
       18065000	      1805	800014e8	04df6663	bltu	x30,x13,80001534	 x30:0x0000056f x13:0x00000000
       18075000	      1806	800014ec	03055863	bge	x10,x16,8000151c	 x10:0xfffff9ec x16:0x876d0000
       18085000	      1807	00000000	00000013	addi	x0,x0,0	  x0:0x00000000
       18095000	      1808	80001518	00000013	addi	x0,x0,0	  x0:0x00000000
       18105000	      1809	8000151c	dbbb8c13	addi	x24,x23,-581	 x23:0x80009fc4 x24=0x80009d7f
       18115000	      1810	80001520	01195193	srli	x3,x18,0x11	 x18:0x00000001  x3=0x00000000
       18125000	      1811	80001524	01281f33	sll	x30,x16,x18	 x16:0x876d0000 x18:0x00000001 x30=0x0eda0000
       18135000	      1812	80001528	40f2d733	sra	x14,x5,x15	  x5:0xb053e25e x15:0xfffff8c3 x14=0xf60a7c4b
       18145000	      1813	8000152c	00dc3e33	sltu	x28,x24,x13	 x24:0x80009d7f x13:0x00000000 x28=0x00000000
       18155000	      1814	80001530	0065e863	bltu	x11,x6,80001540	 x11:0x4876d000  x6:0x6f0ee4d0
       18165000	      1815	00000000	00000013	addi	x0,x0,0	  x0:0x00000000
       18175000	      1816	8000153c	00000013	addi	x0,x0,0	  x0:0x00000000
       18185000	      1817	80001540	2b0f7013	andi	x0,x30,688	 x30:0x0eda0000
       18195000	      1818	80001544	03c5d263	bge	x11,x28,80001568	 x11:0x4876d000 x28:0x00000000
       18205000	      1819	00000000	00000013	addi	x0,x0,0	  x0:0x00000000
       18215000	      1820	80001564	00000013	addi	x0,x0,0	  x0:0x00000000
       18225000	      1821	80001568	2aa47c37	lui	x24,0x2aa47	 x24=0x2aa47000
       18235000	      1822	8000156c	013015b3	sll	x11,x0,x19	  x0:0x00000000 x19:0x00000009 x11=0x00000000
       18245000	      1823	80001570	00000013	addi	x0,x0,0	  x0:0x00000000
       18255000	      1824	80001574	00346733	or	x14,x8,x3	  x8:0x00000001  x3:0x00000000 x14=0x00000001
       18265000	      1825	80001578	01b5b633	sltu	x12,x11,x27	 x11:0x00000000 x27:0x00000000 x12=0x00000000
       18275000	      1826	8000157c	00f4dab3	srl	x21,x9,x15	  x9:0x00000001 x15:0xfffff8c3 x21=0x00000000
       18285000	      1827	80001580	05d64663	blt	x12,x29,800015cc	 x12:0x00000000 x29:0x00000310
       18295000	      1828	00000000	00000013	addi	x0,x0,0	  x0:0x00000000
       18305000	      1829	800015c8	00000013	addi	x0,x0,0	  x0:0x00000000
       18315000	      1830	800015cc	0b27af13	slti	x30,x15,178	 x15:0xfffff8c3 x30=0x00000001
       18325000	      1831	800015d0	77f7a597	auipc	x11,0x77f7a	 x11=0xf7f7b5cc
       18335000	      1832	800015d4	001f0133	add	x2,x30,x1	 x30:0x00000001  x1:0x00000000  x2=0x00000001
       18345000	      1833	800015d8	c383d937	lui	x18,0xc383d	 x18=0xc383d000
       18355000	      1834	800015dc	02094463	blt	x18,x0,80001604	 x18:0xc383d000  x0:0x00000000
       18365000	      1835	00000000	00000013	addi	x0,x0,0	  x0:0x00000000
       18375000	      1836	80001600	00000013	addi	x0,x0,0	  x0:0x00000000
       18385000	      1837	80001604	0038d633	srl	x12,x17,x3	 x17:0x00000000  x3:0x00000000 x12=0x00000000
       18395000	      1838	80001608	009b6cb3	or	x25,x22,x9	 x22:0x00000000  x9:0x00000001 x25=0x00000001
       18405000	      1839	8000160c	d685c893	xori	x17,x11,-664	 x11:0xf7f7b5cc x17=0x080848a4
       18415000	      1840	80001610	0121bcb3	sltu	x25,x3,x18	  x3:0x00000000 x18:0xc383d000 x25=0x00000001
       18425000	      1841	80001614	00000013	addi	x0,x0,0	  x0:0x00000000
       18435000	      1842	80001618	ae2e34b7	lui	x9,0xae2e3	  x9=0xae2e3000
       18445000	      1843	8000161c	00c0d133	srl	x2,x1,x12	  x1:0x00000000 x12:0x00000000  x2=0x00000000
       18455000	      1844	80001620	00100d93	addi	x27,x0,1	  x0:0x00000000 x27=0x00000001
       18465000	      1845	80001624	01ed5d13	srli	x26,x26,0x1e	 x26:0x00000000 x26=0x00000000
       18475000	      1846	80001628	00000013	addi	x0,x0,0	  x0:0x00000000
       18485000	      1847	8000162c	40a689b3	sub	x19,x13,x10	 x13:0x00000000 x10:0xfffff9ec x19=0x00000614
       18495000	      1848	80001630	000e33b3	sltu	x7,x28,x0	 x28:0x00000000  x0:0x00000000  x7=0x00000000
       18505000	      1849	80001634	01e60d33	add	x26,x12,x30	 x12:0x00000000 x30:0x00000001 x26=0x00000001
       18515000	      1850	80001638	00f19913	slli	x18,x3,0xf	  x3:0x00000000 x18=0x00000000
       18525000	      1851	8000163c	68ede693	ori	x13,x27,1678	 x27:0x00000001 x13=0x0000068f
       18535000	      1852	80001640	01d791b3	sll	x3,x15,x29	 x15:0xfffff8c3 x29:0x00000310  x3=0xf8c30000
       18545000	      1853	80001644	01c70133	add	x2,x14,x28	 x14:0x00000001 x28:0x00000000  x2=0x00000001
       18555000	      1854	80001648	17637ab7	lui	x21,0x17637	 x21=0x17637000
       18565000	      1855	8000164c	ff100e13	addi	x28,x0,-15	  x0:0x00000000 x28=0xfffffff1
       18575000	      1856	80001650	d30d6993	ori	x19,x26,-720	 x26:0x00000001 x19=0xfffffd31
       18585000	      1857	80001654	7aafc193	xori	x3,x31,1962	 x31:0x5cfa4388  x3=0x5cfa4422
       18595000	      1858	80001658	9597c493	xori	x9,x15,-1703	 x15:0xfffff8c3  x9=0x0000019a
       18605000	      1859	8000165c	10d3cf13	xori	x30,x7,269	  x7:0x00000000 x30=0x0000010d
       18615000	      1860	80001660	191ec793	xori	x15,x29,401	 x29:0x00000310 x15=0x00000281
       18625000	      1861	80001664	513fc793	xori	x15,x31,1299	 x31:0x5cfa4388 x15=0x5cfa469b
       18635000	      1862	80001668	40bd5c33	sra	x24,x26,x11	 x26:0x00000001 x11:0xf7f7b5cc x24=0x00000000
       18645000	      1863	8000166c	e563fa93	andi	x21,x7,-426	  x7:0x00000000 x21=0x00000000
       18655000	      1864	80001670	0fe2b913	sltiu	x18,x5,254	  x5:0xb053e25e x18=0x00000000
       18665000	      1865	80001674	ffad8d93	addi	x27,x27,-6	 x27:0x00000001 x27=0xfffffffb
       18675000	      1866	80001678	000aa5b3	slt	x11,x21,x0	 x21:0x00000000  x0:0x00000000 x11=0x00000000
       18685000	      1867	8000167c	82e93313	sltiu	x6,x18,-2002	 x18:0x00000000  x6=0x00000001
       18695000	      1868	80001680	01778633	add	x12,x15,x23	 x15:0x5cfa469b x23:0x80009fc4 x12=0xdcfae65f
       18705000	      1869	80001684	42827613	andi	x12,x4,1064	  x4:0x80009f70 x12=0x00000420
       18715000	      1870	80001688	00d7ff33	and	x30,x15,x13	 x15:0x5cfa469b x13:0x0000068f x30=0x0000068b
       18725000	      1871	8000168c	fdcdd6e3	bge	x27,x28,80001658	 x27:0xfffffffb x28:0xfffffff1
       18735000	      1872	00000000	00000013	addi	x0,x0,0	  x0:0x00000000
       18745000	      1873	80001654	00000013	addi	x0,x0,0	  x0:0x00000000
       18755000	      1874	80001658	9597c493	xori	x9,x15,-1703	 x15:0x5cfa469b  x9=0xa305bfc2
       18765000	      1875	8000165c	10d3cf13	xori	x30,x7,269	  x7:0x00000000 x30=0x0000010d
       18775000	      1876	80001660	191ec793	xori	x15,x29,401	 x29:0x00000310 x15=0x00000281
       18785000	      1877	80001664	513fc793	xori	x15,x31,1299	 x31:0x5cfa4388 x15=0x5cfa469b
       18795000	      1878	80001668	40bd5c33	sra	x24,x26,x11	 x26:0x00000001 x11:0x00000000 x24=0x00000001
       18805000	      1879	8000166c	e563fa93	andi	x21,x7,-426	  x7:0x00000000 x21=0x00000000
       18815000	      1880	80001670	0fe2b913	sltiu	x18,x5,254	  x5:0xb053e25e x18=0x00000000
       18825000	      1881	80001674	ffad8d93	addi	x27,x27,-6	 x27:0xfffffffb x27=0xfffffff5
       18835000	      1882	80001678	000aa5b3	slt	x11,x21,x0	 x21:0x00000000  x0:0x00000000 x11=0x00000000
       18845000	      1883	8000167c	82e93313	sltiu	x6,x18,-2002	 x18:0x00000000  x6=0x00000001
       18855000	      1884	80001680	01778633	add	x12,x15,x23	 x15:0x5cfa469b x23:0x80009fc4 x12=0xdcfae65f
       18865000	      1885	80001684	42827613	andi	x12,x4,1064	  x4:0x80009f70 x12=0x00000420
       18875000	      1886	80001688	00d7ff33	and	x30,x15,x13	 x15:0x5cfa469b x13:0x0000068f x30=0x0000068b
       18885000	      1887	8000168c	fdcdd6e3	bge	x27,x28,80001658	 x27:0xfffffff5 x28:0xfffffff1
       18895000	      1888	00000000	00000013	addi	x0,x0,0	  x0:0x00000000
       18905000	      1889	80001654	00000013	addi	x0,x0,0	  x0:0x00000000
       18915000	      1890	80001658	9597c493	xori	x9,x15,-1703	 x15:0x5cfa469b  x9=0xa305bfc2
       18925000	      1891	8000165c	10d3cf13	xori	x30,x7,269	  x7:0x00000000 x30=0x0000010d
       18935000	      1892	80001660	191ec793	xori	x15,x29,401	 x29:0x00000310 x15=0x00000281
       18945000	      1893	80001664	513fc793	xori	x15,x31,1299	 x31:0x5cfa4388 x15=0x5cfa469b
       18955000	      1894	80001668	40bd5c33	sra	x24,x26,x11	 x26:0x00000001 x11:0x00000000 x24=0x00000001
       18965000	      1895	8000166c	e563fa93	andi	x21,x7,-426	  x7:0x00000000 x21=0x00000000
       18975000	      1896	80001670	0fe2b913	sltiu	x18,x5,254	  x5:0xb053e25e x18=0x00000000
       18985000	      1897	80001674	ffad8d93	addi	x27,x27,-6	 x27:0xfffffff5 x27=0xffffffef
       18995000	      1898	80001678	000aa5b3	slt	x11,x21,x0	 x21:0x00000000  x0:0x00000000 x11=0x00000000
       19005000	      1899	8000167c	82e93313	sltiu	x6,x18,-2002	 x18:0x00000000  x6=0x00000001
       19015000	      1900	80001680	01778633	add	x12,x15,x23	 x15:0x5cfa469b x23:0x80009fc4 x12=0xdcfae65f
       19025000	      1901	80001684	42827613	andi	x12,x4,1064	  x4:0x80009f70 x12=0x00000420
       19035000	      1902	80001688	00d7ff33	and	x30,x15,x13	 x15:0x5cfa469b x13:0x0000068f x30=0x0000068b
       19045000	      1903	8000168c	fdcdd6e3	bge	x27,x28,80001658	 x27:0xffffffef x28:0xfffffff1
       19055000	      1904	80001690	01fe7633	and	x12,x28,x31	 x28:0xfffffff1 x31:0x5cfa4388 x12=0x5cfa4380
       19065000	      1905	80001694	01015333	srl	x6,x2,x16	  x2:0x00000001 x16:0x876d0000  x6=0x00000001
       19075000	      1906	80001698	3f56e3b7	lui	x7,0x3f56e	  x7=0x3f56e000
       19085000	      1907	8000169c	00f0c633	xor	x12,x1,x15	  x1:0x00000000 x15:0x5cfa469b x12=0x5cfa469b
       19095000	      1908	800016a0	019a2033	slt	x0,x20,x25	 x20:0x000000a5 x25:0x00000001
       19105000	      1909	800016a4	86710397	auipc	x7,0x86710	  x7=0x067116a0
       19115000	      1910	800016a8	403055b3	sra	x11,x0,x3	  x0:0x00000000  x3:0x5cfa4422 x11=0x00000000
       19125000	      1911	800016ac	faef4993	xori	x19,x30,-82	 x30:0x0000068b x19=0xfffff925
       19135000	      1912	800016b0	c5bd4c93	xori	x25,x26,-933	 x26:0x00000001 x25=0xfffffc5a
       19145000	      1913	800016b4	010f5713	srli	x14,x30,0x10	 x30:0x0000068b x14=0x00000000
       19155000	      1914	800016b8	29257b13	andi	x22,x10,658	 x10:0xfffff9ec x22=0x00000080
       19165000	      1915	800016bc	64cfea93	ori	x21,x31,1612	 x31:0x5cfa4388 x21=0x5cfa47cc
       19175000	      1916	800016c0	0096afb3	slt	x31,x13,x9	 x13:0x0000068f  x9:0xa305bfc2 x31=0x00000000
       19185000	      1917	800016c4	04db8663	beq	x23,x13,80001710	 x23:0x80009fc4 x13:0x0000068f
       19195000	      1918	800016c8	cd7d8597	auipc	x11,0xcd7d8	 x11=0x4d7d96c4
       19205000	      1919	800016cc	00489733	sll	x14,x17,x4	 x17:0x080848a4  x4:0x80009f70 x14=0x48a40000
       19215000	      1920	800016d0	05c57793	andi	x15,x10,92	 x10:0xfffff9ec x15=0x0000004c
       19225000	      1921	800016d4	013dce63	blt	x27,x19,800016f0	 x27:0xffffffef x19:0xfffff925
       19235000	      1922	800016d8	aaf31c17	auipc	x24,0xaaf31	 x24=0x2af326d4
       19245000	      1923	800016dc	c01a4a97	auipc	x21,0xc01a4	 x21=0x401a56d8
       19255000	      1924	800016e0	00ecc0b3	xor	x1,x25,x14	 x25:0xfffffc5a x14:0x48a40000  x1=0xb75bfc5a
       19265000	      1925	800016e4	ce8da013	slti	x0,x27,-792	 x27:0xffffffef
       19275000	      1926	800016e8	02f7fa63	bgeu	x15,x15,8000171c	 x15:0x0000004c x15:0x0000004c
       19285000	      1927	00000000	00000013	addi	x0,x0,0	  x0:0x00000000
       19295000	      1928	80001718	00000013	addi	x0,x0,0	  x0:0x00000000
       19305000	      1929	8000171c	04fbd263	bge	x23,x15,80001760	 x23:0x80009fc4 x15:0x0000004c
       19315000	      1930	80001720	01f22633	slt	x12,x4,x31	  x4:0x80009f70 x31:0x00000000 x12=0x00000001
       19325000	      1931	80001724	41fa5d93	srai	x27,x20,0x1f	 x20:0x000000a5 x27=0x00000000
       19335000	      1932	80001728	411c0b33	sub	x22,x24,x17	 x24:0x2af326d4 x17:0x080848a4 x22=0x22eade30
       19345000	      1933	8000172c	0100d7b3	srl	x15,x1,x16	  x1:0xb75bfc5a x16:0x876d0000 x15=0xb75bfc5a
       19355000	      1934	80001730	d39cc793	xori	x15,x25,-711	 x25:0xfffffc5a x15=0x00000163
       19365000	      1935	80001734	013ddcb3	srl	x25,x27,x19	 x27:0x00000000 x19:0xfffff925 x25=0x00000000
       19375000	      1936	80001738	008bfdb3	and	x27,x23,x8	 x23:0x80009fc4  x8:0x00000001 x27=0x00000000
       19385000	      1937	8000173c	01945fb3	srl	x31,x8,x25	  x8:0x00000001 x25:0x00000000 x31=0x00000001
       19395000	      1938	80001740	5a72e993	ori	x19,x5,1447	  x5:0xb053e25e x19=0xb053e7ff
       19405000	      1939	80001744	e7ee6c13	ori	x24,x28,-386	 x28:0xfffffff1 x24=0xffffffff
       19415000	      1940	80001748	011a80b3	add	x1,x21,x17	 x21:0x401a56d8 x17:0x080848a4  x1=0x48229f7c
       19425000	      1941	8000174c	0129f133	and	x2,x19,x18	 x19:0xb053e7ff x18:0x00000000  x2=0x00000000
       19435000	      1942	80001750	00aa4863	blt	x20,x10,80001760	 x20:0x000000a5 x10:0xfffff9ec
       19445000	      1943	80001754	018736b3	sltu	x13,x14,x24	 x14:0x48a40000 x24:0xffffffff x13=0x00000001
       19455000	      1944	80001758	016b5e63	bge	x22,x22,80001774	 x22:0x22eade30 x22:0x22eade30
       19465000	      1945	00000000	00000013	addi	x0,x0,0	  x0:0x00000000
       19475000	      1946	80001770	00000013	addi	x0,x0,0	  x0:0x00000000
       19485000	      1947	80001774	058bc663	blt	x23,x24,800017c0	 x23:0x80009fc4 x24:0xffffffff
       19495000	      1948	00000000	00000013	addi	x0,x0,0	  x0:0x00000000
       19505000	      1949	800017bc	00000013	addi	x0,x0,0	  x0:0x00000000
       19515000	      1950	800017c0	a4a3ee13	ori	x28,x7,-1462	  x7:0x067116a0 x28=0xfffffeea
       19525000	      1951	800017c4	008f0c63	beq	x30,x8,800017dc	 x30:0x0000068b  x8:0x00000001
       19535000	      1952	800017c8	05895263	bge	x18,x24,8000180c	 x18:0x00000000 x24:0xffffffff
       19545000	      1953	00000000	00000013	addi	x0,x0,0	  x0:0x00000000
       19555000	      1954	80001808	00000013	addi	x0,x0,0	  x0:0x00000000
       19565000	      1955	8000180c	003aee63	bltu	x21,x3,80001828	 x21:0x401a56d8  x3:0x5cfa4422
       19575000	      1956	00000000	00000013	addi	x0,x0,0	  x0:0x00000000
       19585000	      1957	80001824	00000013	addi	x0,x0,0	  x0:0x00000000
       19595000	      1958	80001828	0098a9b3	slt	x19,x17,x9	 x17:0x080848a4  x9:0xa305bfc2 x19=0x00000000
       19605000	      1959	8000182c	00e248b3	xor	x17,x4,x14	  x4:0x80009f70 x14:0x48a40000 x17=0xc8a49f70
       19615000	      1960	80001830	007bc663	blt	x23,x7,8000183c	 x23:0x80009fc4  x7:0x067116a0
       19625000	      1961	00000000	00000013	addi	x0,x0,0	  x0:0x00000000
       19635000	      1962	80001838	00000013	addi	x0,x0,0	  x0:0x00000000
       19645000	      1963	8000183c	0168a0b3	slt	x1,x17,x22	 x17:0xc8a49f70 x22:0x22eade30  x1=0x00000001
       19655000	      1964	80001840	40655693	srai	x13,x10,0x6	 x10:0xfffff9ec x13=0xffffffe7
       19665000	      1965	80001844	006783b3	add	x7,x15,x6	 x15:0x00000163  x6:0x00000001  x7=0x00000164
       19675000	      1966	80001848	409c8c33	sub	x24,x25,x9	 x25:0x00000000  x9:0xa305bfc2 x24=0x5cfa403e
       19685000	      1967	8000184c	02471263	bne	x14,x4,80001870	 x14:0x48a40000  x4:0x80009f70
       19695000	      1968	00000000	00000013	addi	x0,x0,0	  x0:0x00000000
       19705000	      1969	8000186c	00000013	addi	x0,x0,0	  x0:0x00000000
       19715000	      1970	80001870	02c15263	bge	x2,x12,80001894	  x2:0x00000000 x12:0x00000001
       19725000	      1971	80001874	ce596113	ori	x2,x18,-795	 x18:0x00000000  x2=0xfffffce5
       19735000	      1972	80001878	00000013	addi	x0,x0,0	  x0:0x00000000
       19745000	      1973	8000187c	2d910613	addi	x12,x2,729	  x2:0xfffffce5 x12=0xffffffbe
       19755000	      1974	80001880	406cd793	srai	x15,x25,0x6	 x25:0x00000000 x15=0x00000000
       19765000	      1975	80001884	00c8ce63	blt	x17,x12,800018a0	 x17:0xc8a49f70 x12:0xffffffbe
       19775000	      1976	00000000	00000013	addi	x0,x0,0	  x0:0x00000000
       19785000	      1977	8000189c	00000013	addi	x0,x0,0	  x0:0x00000000
       19795000	      1978	800018a0	7d42ff13	andi	x30,x5,2004	  x5:0xb053e25e x30=0x00000254
       19805000	      1979	800018a4	310fa013	slti	x0,x31,784	 x31:0x00000001
       19815000	      1980	800018a8	01997133	and	x2,x18,x25	 x18:0x00000000 x25:0x00000000  x2=0x00000000
       19825000	      1981	800018ac	04ce6663	bltu	x28,x12,800018f8	 x28:0xfffffeea x12:0xffffffbe
       19835000	      1982	00000000	00000013	addi	x0,x0,0	  x0:0x00000000
       19845000	      1983	800018f4	00000013	addi	x0,x0,0	  x0:0x00000000
       19855000	      1984	800018f8	00e6d9b3	srl	x19,x13,x14	 x13:0xffffffe7 x14:0x48a40000 x19=0xffffffe7
       19865000	      1985	800018fc	f6b24397	auipc	x7,0xf6b24	  x7=0x76b258f8
       19875000	      1986	80001900	d9b43437	lui	x8,0xd9b43	  x8=0xd9b43000
       19885000	      1987	80001904	b932af13	slti	x30,x5,-1133	  x5:0xb053e25e x30=0x00000001
       19895000	      1988	80001908	1e6e4937	lui	x18,0x1e6e4	 x18=0x1e6e4000
       19905000	      1989	8000190c	011f8db3	add	x27,x31,x17	 x31:0x00000001 x17:0xc8a49f70 x27=0xc8a49f71
       19915000	      1990	80001910	00e37533	and	x10,x6,x14	  x6:0x00000001 x14:0x48a40000 x10=0x00000000
       19925000	      1991	80001914	013e1a63	bne	x28,x19,80001928	 x28:0xfffffeea x19:0xffffffe7
       19935000	      1992	00000000	00000013	addi	x0,x0,0	  x0:0x00000000
       19945000	      1993	80001924	00000013	addi	x0,x0,0	  x0:0x00000000
       19955000	      1994	80001928	04357663	bgeu	x10,x3,80001974	 x10:0x00000000  x3:0x5cfa4422
       19965000	      1995	8000192c	66094d13	xori	x26,x18,1632	 x18:0x1e6e4000 x26=0x1e6e4660
       19975000	      1996	80001930	006e6a33	or	x20,x28,x6	 x28:0xfffffeea  x6:0x00000001 x20=0xfffffeeb
       19985000	      1997	80001934	05f3f663	bgeu	x7,x31,80001980	  x7:0x76b258f8 x31:0x00000001
       19995000	      1998	00000000	00000013	addi	x0,x0,0	  x0:0x00000000
       20005000	      1999	8000197c	00000013	addi	x0,x0,0	  x0:0x00000000
       20015000	      2000	80001980	00a227b3	slt	x15,x4,x10	  x4:0x80009f70 x10:0x00000000 x15=0x00000001
       20025000	      2001	80001984	41815393	srai	x7,x2,0x18	  x2:0x00000000  x7=0x00000000
       20035000	      2002	80001988	481bec93	ori	x25,x23,1153	 x23:0x80009fc4 x25=0x80009fc5
       20045000	      2003	8000198c	00328cb3	add	x25,x5,x3	  x5:0xb053e25e  x3:0x5cfa4422 x25=0x0d4e2680
       20055000	      2004	80001990	413fdc93	srai	x25,x31,0x13	 x31:0x00000001 x25=0x00000000
       20065000	      2005	80001994	00000013	addi	x0,x0,0	  x0:0x00000000
       20075000	      2006	80001998	01261e13	slli	x28,x12,0x12	 x12:0xffffffbe x28=0xfef80000
       20085000	      2007	8000199c	01339ab3	sll	x21,x7,x19	  x7:0x00000000 x19:0xffffffe7 x21=0x00000000
       20095000	      2008	800019a0	41f680b3	sub	x1,x13,x31	 x13:0xffffffe7 x31:0x00000001  x1=0xffffffe6
       20105000	      2009	800019a4	01b48733	add	x14,x9,x27	  x9:0xa305bfc2 x27:0xc8a49f71 x14=0x6baa5f33
       20115000	      2010	800019a8	419d81b3	sub	x3,x27,x25	 x27:0xc8a49f71 x25:0x00000000  x3=0xc8a49f71
       20125000	      2011	800019ac	02d66863	bltu	x12,x13,800019dc	 x12:0xffffffbe x13:0xffffffe7
       20135000	      2012	00000000	00000013	addi	x0,x0,0	  x0:0x00000000
       20145000	      2013	800019d8	00000013	addi	x0,x0,0	  x0:0x00000000
       20155000	      2014	800019dc	01506733	or	x14,x0,x21	  x0:0x00000000 x21:0x00000000 x14=0x00000000
       20165000	      2015	800019e0	d6d04493	xori	x9,x0,-659	  x0:0x00000000  x9=0xfffffd6d
       20175000	      2016	800019e4	46e2da97	auipc	x21,0x46e2d	 x21=0xc6e2e9e0
       20185000	      2017	800019e8	000f91b3	sll	x3,x31,x0	 x31:0x00000001  x0:0x00000000  x3=0x00000001
       20195000	      2018	800019ec	0098bf33	sltu	x30,x17,x9	 x17:0xc8a49f70  x9:0xfffffd6d x30=0x00000001
       20205000	      2019	800019f0	410edc33	sra	x24,x29,x16	 x29:0x00000310 x16:0x876d0000 x24=0x00000310
       20215000	      2020	800019f4	02719e63	bne	x3,x7,80001a30	  x3:0x00000001  x7:0x00000000
       20225000	      2021	00000000	00000013	addi	x0,x0,0	  x0:0x00000000
       20235000	      2022	80001a2c	00000013	addi	x0,x0,0	  x0:0x00000000
       20245000	      2023	80001a30	00aed733	srl	x14,x29,x10	 x29:0x00000310 x10:0x00000000 x14=0x00000310
       20255000	      2024	80001a34	43220e13	addi	x28,x4,1074	  x4:0x80009f70 x28=0x8000a3a2
       20265000	      2025	80001a38	04bdc663	blt	x27,x11,80001a84	 x27:0xc8a49f71 x11:0x4d7d96c4
       20275000	      2026	00000000	00000013	addi	x0,x0,0	  x0:0x00000000
       20285000	      2027	80001a80	00000013	addi	x0,x0,0	  x0:0x00000000
       20295000	      2028	80001a84	38efff93	andi	x31,x31,910	 x31:0x00000001 x31=0x00000000
       20305000	      2029	80001a88	00e7eab3	or	x21,x15,x14	 x15:0x00000001 x14:0x00000310 x21=0x00000311
       20315000	      2030	80001a8c	007b0e63	beq	x22,x7,80001aa8	 x22:0x22eade30  x7:0x00000000
       20325000	      2031	80001a90	0101e7b3	or	x15,x3,x16	  x3:0x00000001 x16:0x876d0000 x15=0x876d0001
       20335000	      2032	80001a94	01af84b3	add	x9,x31,x26	 x31:0x00000000 x26:0x1e6e4660  x9=0x1e6e4660
       20345000	      2033	80001a98	01b65093	srli	x1,x12,0x1b	 x12:0xffffffbe  x1=0x0000001f
       20355000	      2034	80001a9c	01b91413	slli	x8,x18,0x1b	 x18:0x1e6e4000  x8=0x00000000
       20365000	      2035	80001aa0	1d4ef893	andi	x17,x29,468	 x29:0x00000310 x17=0x00000110
       20375000	      2036	80001aa4	01a7e6b3	or	x13,x15,x26	 x15:0x876d0001 x26:0x1e6e4660 x13=0x9f6f4661
       20385000	      2037	80001aa8	635f3b13	sltiu	x22,x30,1589	 x30:0x00000001 x22=0x00000001
       20395000	      2038	80001aac	015cd013	srli	x0,x25,0x15	 x25:0x00000000
       20405000	      2039	80001ab0	011bd993	srli	x19,x23,0x11	 x23:0x80009fc4 x19=0x00004000
       20415000	      2040	80001ab4	41d4a813	slti	x16,x9,1053	  x9:0x1e6e4660 x16=0x00000000
       20425000	      2041	80001ab8	20387a13	andi	x20,x16,515	 x16:0x00000000 x20=0x00000000
       20435000	      2042	80001abc	6e7e7893	andi	x17,x28,1767	 x28:0x8000a3a2 x17=0x000002a2
       20445000	      2043	80001ac0	04b6c263	blt	x13,x11,80001b04	 x13:0x9f6f4661 x11:0x4d7d96c4
       20455000	      2044	00000000	00000013	addi	x0,x0,0	  x0:0x00000000
       20465000	      2045	80001b00	00000013	addi	x0,x0,0	  x0:0x00000000
       20475000	      2046	80001b04	04b4d663	bge	x9,x11,80001b50	  x9:0x1e6e4660 x11:0x4d7d96c4
       20485000	      2047	80001b08	00000013	addi	x0,x0,0	  x0:0x00000000
       20495000	      2048	80001b0c	02a9dc63	bge	x19,x10,80001b44	 x19:0x00004000 x10:0x00000000
       20505000	      2049	00000000	00000013	addi	x0,x0,0	  x0:0x00000000
       20515000	      2050	80001b40	00000013	addi	x0,x0,0	  x0:0x00000000
       20525000	      2051	80001b44	8eb43c93	sltiu	x25,x8,-1813	  x8:0x00000000 x25=0x00000001
       20535000	      2052	80001b48	00ed8663	beq	x27,x14,80001b54	 x27:0xc8a49f71 x14:0x00000310
       20545000	      2053	80001b4c	1b017113	andi	x2,x2,432	  x2:0x00000000  x2=0x00000000
       20555000	      2054	80001b50	00552733	slt	x14,x10,x5	 x10:0x00000000  x5:0xb053e25e x14=0x00000000
       20565000	      2055	80001b54	01c4b933	sltu	x18,x9,x28	  x9:0x1e6e4660 x28:0x8000a3a2 x18=0x00000001
       20575000	      2056	80001b58	0051d4b3	srl	x9,x3,x5	  x3:0x00000001  x5:0xb053e25e  x9=0x00000000
       20585000	      2057	80001b5c	00062033	slt	x0,x12,x0	 x12:0xffffffbe  x0:0x00000000
       20595000	      2058	80001b60	2fe83713	sltiu	x14,x16,766	 x16:0x00000000 x14=0x00000001
       20605000	      2059	80001b64	012f4333	xor	x6,x30,x18	 x30:0x00000001 x18:0x00000001  x6=0x00000000
       20615000	      2060	80001b68	0039bb33	sltu	x22,x19,x3	 x19:0x00004000  x3:0x00000001 x22=0x00000000
       20625000	      2061	80001b6c	014bfa33	and	x20,x23,x20	 x23:0x80009fc4 x20:0x00000000 x20=0x00000000
       20635000	      2062	80001b70	011b3433	sltu	x8,x22,x17	 x22:0x00000000 x17:0x000002a2  x8=0x00000001
       20645000	      2063	80001b74	40508933	sub	x18,x1,x5	  x1:0x0000001f  x5:0xb053e25e x18=0x4fac1dc1
       20655000	      2064	80001b78	4133deb3	sra	x29,x7,x19	  x7:0x00000000 x19:0x00004000 x29=0x00000000
       20665000	      2065	80001b7c	867e9997	auipc	x19,0x867e9	 x19=0x067eab78
       20675000	      2066	80001b80	05617663	bgeu	x2,x22,80001bcc	  x2:0x00000000 x22:0x00000000
       20685000	      2067	00000000	00000013	addi	x0,x0,0	  x0:0x00000000
       20695000	      2068	80001bc8	00000013	addi	x0,x0,0	  x0:0x00000000
       20705000	      2069	80001bcc	415f0b33	sub	x22,x30,x21	 x30:0x00000001 x21:0x00000311 x22=0xfffffcf0
       20715000	      2070	80001bd0	896ebc13	sltiu	x24,x29,-1898	 x29:0x00000000 x24=0x00000001
       20725000	      2071	80001bd4	01491593	slli	x11,x18,0x14	 x18:0x4fac1dc1 x11=0xdc100000
       20735000	      2072	80001bd8	015dac33	slt	x24,x27,x21	 x27:0xc8a49f71 x21:0x00000311 x24=0x00000001
       20745000	      2073	80001bdc	015cd0b3	srl	x1,x25,x21	 x25:0x00000001 x21:0x00000311  x1=0x00000000
       20755000	      2074	80001be0	69472597	auipc	x11,0x69472	 x11=0xe9473bdc
       20765000	      2075	80001be4	ec4ab613	sltiu	x12,x21,-316	 x21:0x00000311 x12=0x00000001
       20775000	      2076	80001be8	40b35593	srai	x11,x6,0xb	  x6:0x00000000 x11=0x00000000
       20785000	      2077	80001bec	013789b3	add	x19,x15,x19	 x15:0x876d0001 x19:0x067eab78 x19=0x8debab79
       20795000	      2078	80001bf0	403e5933	sra	x18,x28,x3	 x28:0x8000a3a2  x3:0x00000001 x18=0xc00051d1
       20805000	      2079	80001bf4	03b88e63	beq	x17,x27,80001c30	 x17:0x000002a2 x27:0xc8a49f71
       20815000	      2080	80001bf8	01d13433	sltu	x8,x2,x29	  x2:0x00000000 x29:0x00000000  x8=0x00000000
       20825000	      2081	80001bfc	02b68863	beq	x13,x11,80001c2c	 x13:0x9f6f4661 x11:0x00000000
       20835000	      2082	80001c00	05a60663	beq	x12,x26,80001c4c	 x12:0x00000001 x26:0x1e6e4660
       20845000	      2083	80001c04	411c5893	srai	x17,x24,0x11	 x24:0x00000001 x17=0x00000000
       20855000	      2084	80001c08	da47cd13	xori	x26,x15,-604	 x15:0x876d0001 x26=0x7892fda5
       20865000	      2085	80001c0c	00e7fb33	and	x22,x15,x14	 x15:0x876d0001 x14:0x00000001 x22=0x00000001
       20875000	      2086	80001c10	40f4dd93	srai	x27,x9,0xf	  x9:0x00000000 x27=0x00000000
       20885000	      2087	80001c14	4ce9ec13	ori	x24,x19,1230	 x19:0x8debab79 x24=0x8debafff
       20895000	      2088	80001c18	8a9d0d37	lui	x26,0x8a9d0	 x26=0x8a9d0000
       20905000	      2089	80001c1c	057d9663	bne	x27,x23,80001c68	 x27:0x00000000 x23:0x80009fc4
       20915000	      2090	00000000	00000013	addi	x0,x0,0	  x0:0x00000000
       20925000	      2091	80001c64	00000013	addi	x0,x0,0	  x0:0x00000000
       20935000	      2092	80001c68	00e7cb33	xor	x22,x15,x14	 x15:0x876d0001 x14:0x00000001 x22=0x876d0000
       20945000	      2093	80001c6c	fa99c1b7	lui	x3,0xfa99c	  x3=0xfa99c000
       20955000	      2094	80001c70	002116b3	sll	x13,x2,x2	  x2:0x00000000  x2:0x00000000 x13=0x00000000
       20965000	      2095	80001c74	02ff1e63	bne	x30,x15,80001cb0	 x30:0x00000001 x15:0x876d0001
       20975000	      2096	00000000	00000013	addi	x0,x0,0	  x0:0x00000000
       20985000	      2097	80001cac	00000013	addi	x0,x0,0	  x0:0x00000000
       20995000	      2098	80001cb0	0115d833	srl	x16,x11,x17	 x11:0x00000000 x17:0x00000000 x16=0x00000000
       21005000	      2099	80001cb4	01e5ea33	or	x20,x11,x30	 x11:0x00000000 x30:0x00000001 x20=0x00000001
       21015000	      2100	80001cb8	006f1cb3	sll	x25,x30,x6	 x30:0x00000001  x6:0x00000000 x25=0x00000001
       21025000	      2101	80001cbc	f3e92597	auipc	x11,0xf3e92	 x11=0x73e93cb8
       21035000	      2102	80001cc0	00208a33	add	x20,x1,x2	  x1:0x00000000  x2:0x00000000 x20=0x00000000
       21045000	      2103	80001cc4	b7d86513	ori	x10,x16,-1155	 x16:0x00000000 x10=0xfffffb7d
       21055000	      2104	80001cc8	a2aa29b7	lui	x19,0xa2aa2	 x19=0xa2aa2000
       21065000	      2105	80001ccc	400654b3	sra	x9,x12,x0	 x12:0x00000001  x0:0x00000000  x9=0x00000001
       21075000	      2106	80001cd0	00e22e33	slt	x28,x4,x14	  x4:0x80009f70 x14:0x00000001 x28=0x00000001
       21085000	      2107	80001cd4	01d35393	srli	x7,x6,0x1d	  x6:0x00000000  x7=0x00000000
       21095000	      2108	80001cd8	005d9663	bne	x27,x5,80001ce4	 x27:0x00000000  x5:0xb053e25e
       21105000	      2109	00000000	00000013	addi	x0,x0,0	  x0:0x00000000
       21115000	      2110	80001ce0	00000013	addi	x0,x0,0	  x0:0x00000000
       21125000	      2111	80001ce4	00000013	addi	x0,x0,0	  x0:0x00000000
       21135000	      2112	80001ce8	41a05413	srai	x8,x0,0x1a	  x0:0x00000000  x8=0x00000000
       21145000	      2113	80001cec	01a6b133	sltu	x2,x13,x26	 x13:0x00000000 x26:0x8a9d0000  x2=0x00000001
       21155000	      2114	80001cf0	003c96b3	sll	x13,x25,x3	 x25:0x00000001  x3:0xfa99c000 x13=0x00000001
       21165000	      2115	80001cf4	00618133	add	x2,x3,x6	  x3:0xfa99c000  x6:0x00000000  x2=0xfa99c000
       21175000	      2116	80001cf8	0037dd33	srl	x26,x15,x3	 x15:0x876d0001  x3:0xfa99c000 x26=0x876d0001
       21185000	      2117	80001cfc	00abbd33	sltu	x26,x23,x10	 x23:0x80009fc4 x10:0xfffffb7d x26=0x00000001
       21195000	      2118	80001d00	0b904e13	xori	x28,x0,185	  x0:0x00000000 x28=0x000000b9
       21205000	      2119	80001d04	04181663	bne	x16,x1,80001d50	 x16:0x00000000  x1:0x00000000
       21215000	      2120	80001d08	03ef7863	bgeu	x30,x30,80001d38	 x30:0x00000001 x30:0x00000001
       21225000	      2121	00000000	00000013	addi	x0,x0,0	  x0:0x00000000
       21235000	      2122	80001d34	00000013	addi	x0,x0,0	  x0:0x00000000
       21245000	      2123	80001d38	01bdfe33	and	x28,x27,x27	 x27:0x00000000 x27:0x00000000 x28=0x00000000
       21255000	      2124	80001d3c	01db87b3	add	x15,x23,x29	 x23:0x80009fc4 x29:0x00000000 x15=0x80009fc4
       21265000	      2125	80001d40	02731063	bne	x6,x7,80001d60	  x6:0x00000000  x7:0x00000000
       21275000	      2126	80001d44	f0370413	addi	x8,x14,-253	 x14:0x00000001  x8=0xffffff04
       21285000	      2127	80001d48	012f5a63	bge	x30,x18,80001d5c	 x30:0x00000001 x18:0xc00051d1
       21295000	      2128	00000000	00000013	addi	x0,x0,0	  x0:0x00000000
       21305000	      2129	80001d58	00000013	addi	x0,x0,0	  x0:0x00000000
       21315000	      2130	80001d5c	41f85033	sra	x0,x16,x31	 x16:0x00000000 x31:0x00000000
       21325000	      2131	80001d60	32128f93	addi	x31,x5,801	  x5:0xb053e25e x31=0xb053e57f
       21335000	      2132	80001d64	00b869b3	or	x19,x16,x11	 x16:0x00000000 x11:0x73e93cb8 x19=0x73e93cb8
       21345000	      2133	80001d68	0086cf33	xor	x30,x13,x8	 x13:0x00000001  x8:0xffffff04 x30=0xffffff05
       21355000	      2134	80001d6c	17cd13b7	lui	x7,0x17cd1	  x7=0x17cd1000
       21365000	      2135	80001d70	6fd4c493	xori	x9,x9,1789	  x9:0x00000001  x9=0x000006fc
       21375000	      2136	80001d74	e0623f93	sltiu	x31,x4,-506	  x4:0x80009f70 x31=0x00000001
       21385000	      2137	80001d78	006ee863	bltu	x29,x6,80001d88	 x29:0x00000000  x6:0x00000000
       21395000	      2138	80001d7c	03246c63	bltu	x8,x18,80001db4	  x8:0xffffff04 x18:0xc00051d1
       21405000	      2139	80001d80	00d8d813	srli	x16,x17,0xd	 x17:0x00000000 x16=0x00000000
       21415000	      2140	80001d84	01c19c63	bne	x3,x28,80001d9c	  x3:0xfa99c000 x28:0x00000000
       21425000	      2141	00000000	00000013	addi	x0,x0,0	  x0:0x00000000
       21435000	      2142	80001d98	00000013	addi	x0,x0,0	  x0:0x00000000
       21445000	      2143	80001d9c	27c06fb7	lui	x31,0x27c06	 x31=0x27c06000
       21455000	      2144	80001da0	028e8a63	beq	x29,x8,80001dd4	 x29:0x00000000  x8:0xffffff04
       21465000	      2145	80001da4	014c2c33	slt	x24,x24,x20	 x24:0x8debafff x20:0x00000000 x24=0x00000001
       21475000	      2146	80001da8	014a76b3	and	x13,x20,x20	 x20:0x00000000 x20:0x00000000 x13=0x00000000
       21485000	      2147	80001dac	01c40ab3	add	x21,x8,x28	  x8:0xffffff04 x28:0x00000000 x21=0xffffff04
       21495000	      2148	80001db0	01440e63	beq	x8,x20,80001dcc	  x8:0xffffff04 x20:0x00000000
       21505000	      2149	80001db4	03961a63	bne	x12,x25,80001de8	 x12:0x00000001 x25:0x00000001
       21515000	      2150	80001db8	41b60c33	sub	x24,x12,x27	 x12:0x00000001 x27:0x00000000 x24=0x00000001
       21525000	      2151	80001dbc	013431b3	sltu	x3,x8,x19	  x8:0xffffff04 x19:0x73e93cb8  x3=0x00000000
       21535000	      2152	80001dc0	05d71663	bne	x14,x29,80001e0c	 x14:0x00000001 x29:0x00000000
       21545000	      2153	00000000	00000013	addi	x0,x0,0	  x0:0x00000000
       21555000	      2154	80001e08	00000013	addi	x0,x0,0	  x0:0x00000000
       21565000	      2155	80001e0c	035a5c63	bge	x20,x21,80001e44	 x20:0x00000000 x21:0xffffff04
       21575000	      2156	00000000	00000013	addi	x0,x0,0	  x0:0x00000000
       21585000	      2157	80001e40	00000013	addi	x0,x0,0	  x0:0x00000000
       21595000	      2158	80001e44	b2ca0793	addi	x15,x20,-1236	 x20:0x00000000 x15=0xfffffb2c
       21605000	      2159	80001e48	00924eb3	xor	x29,x4,x9	  x4:0x80009f70  x9:0x000006fc x29=0x8000998c
       21615000	      2160	80001e4c	40ef5793	srai	x15,x30,0xe	 x30:0xffffff05 x15=0xffffffff
       21625000	      2161	80001e50	0042c9b3	xor	x19,x5,x4	  x5:0xb053e25e  x4:0x80009f70 x19=0x30537d2e
       21635000	      2162	80001e54	2a5211b7	lui	x3,0x2a521	  x3=0x2a521000
       21645000	      2163	80001e58	05099663	bne	x19,x16,80001ea4	 x19:0x30537d2e x16:0x00000000
       21655000	      2164	00000000	00000013	addi	x0,x0,0	  x0:0x00000000
       21665000	      2165	80001ea0	00000013	addi	x0,x0,0	  x0:0x00000000
       21675000	      2166	80001ea4	00e7d7b3	srl	x15,x15,x14	 x15:0xffffffff x14:0x00000001 x15=0x7fffffff
       21685000	      2167	80001ea8	008e15b3	sll	x11,x28,x8	 x28:0x00000000  x8:0xffffff04 x11=0x00000000
       21695000	      2168	80001eac	b892c693	xori	x13,x5,-1143	  x5:0xb053e25e x13=0x4fac19d7
       21705000	      2169	80001eb0	94cf4013	xori	x0,x30,-1716	 x30:0xffffff05
       21715000	      2170	80001eb4	00128433	add	x8,x5,x1	  x5:0xb053e25e  x1:0x00000000  x8=0xb053e25e
       21725000	      2171	80001eb8	0031dc63	bge	x3,x3,80001ed0	  x3:0x2a521000  x3:0x2a521000
       21735000	      2172	00000000	00000013	addi	x0,x0,0	  x0:0x00000000
       21745000	      2173	80001ecc	00000013	addi	x0,x0,0	  x0:0x00000000
       21755000	      2174	80001ed0	004ce3b3	or	x7,x25,x4	 x25:0x00000001  x4:0x80009f70  x7=0x80009f71
       21765000	      2175	80001ed4	bedc0913	addi	x18,x24,-1043	 x24:0x00000001 x18=0xfffffbee
       21775000	      2176	80001ed8	5632ddb7	lui	x27,0x5632d	 x27=0x5632d000
       21785000	      2177	80001edc	2a398b13	addi	x22,x19,675	 x19:0x30537d2e x22=0x30537fd1
       21795000	      2178	80001ee0	018d1933	sll	x18,x26,x24	 x26:0x00000001 x24:0x00000001 x18=0x00000002
       21805000	      2179	80001ee4	4063d893	srai	x17,x7,0x6	  x7:0x80009f71 x17=0xfe00027d
       21815000	      2180	80001ee8	129dc913	xori	x18,x27,297	 x27:0x5632d000 x18=0x5632d129
       21825000	      2181	80001eec	00f87133	and	x2,x16,x15	 x16:0x00000000 x15:0x7fffffff  x2=0x00000000
       21835000	      2182	80001ef0	1ebd6e13	ori	x28,x26,491	 x26:0x00000001 x28=0x000001eb
       21845000	      2183	80001ef4	40f08633	sub	x12,x1,x15	  x1:0x00000000 x15:0x7fffffff x12=0x80000001
       21855000	      2184	80001ef8	01ebec93	ori	x25,x23,30	 x23:0x80009fc4 x25=0x80009fde
       21865000	      2185	80001efc	0304d863	bge	x9,x16,80001f2c	  x9:0x000006fc x16:0x00000000
       21875000	      2186	00000000	00000013	addi	x0,x0,0	  x0:0x00000000
       21885000	      2187	80001f28	00000013	addi	x0,x0,0	  x0:0x00000000
       21895000	      2188	80001f2c	a647c193	xori	x3,x15,-1436	 x15:0x7fffffff  x3=0x8000059b
       21905000	      2189	80001f30	020c9e63	bne	x25,x0,80001f6c	 x25:0x80009fde  x0:0x00000000
       21915000	      2190	00000000	00000013	addi	x0,x0,0	  x0:0x00000000
       21925000	      2191	80001f68	00000013	addi	x0,x0,0	  x0:0x00000000
       21935000	      2192	80001f6c	019ef3b3	and	x7,x29,x25	 x29:0x8000998c x25:0x80009fde  x7=0x8000998c
       21945000	      2193	80001f70	015eed33	or	x26,x29,x21	 x29:0x8000998c x21:0xffffff04 x26=0xffffff8c
       21955000	      2194	80001f74	21da0a93	addi	x21,x20,541	 x20:0x00000000 x21=0x0000021d
       21965000	      2195	80001f78	ce41be13	sltiu	x28,x3,-796	  x3:0x8000059b x28=0x00000001
       21975000	      2196	80001f7c	04ec1c63	bne	x24,x14,80001fd4	 x24:0x00000001 x14:0x00000001
       21985000	      2197	80001f80	00000013	addi	x0,x0,0	  x0:0x00000000
       21995000	      2198	80001f84	001bf663	bgeu	x23,x1,80001f90	 x23:0x80009fc4  x1:0x00000000
       22005000	      2199	00000000	00000013	addi	x0,x0,0	  x0:0x00000000
       22015000	      2200	80001f8c	00000013	addi	x0,x0,0	  x0:0x00000000
       22025000	      2201	80001f90	40838c33	sub	x24,x7,x8	  x7:0x8000998c  x8:0xb053e25e x24=0xcfacb72e
       22035000	      2202	80001f94	5004f113	andi	x2,x9,1280	  x9:0x000006fc  x2=0x00000400
       22045000	      2203	80001f98	01869913	slli	x18,x13,0x18	 x13:0x4fac19d7 x18=0xd7000000
       22055000	      2204	80001f9c	f5848813	addi	x16,x9,-168	  x9:0x000006fc x16=0x00000654
       22065000	      2205	80001fa0	00e5b933	sltu	x18,x11,x14	 x11:0x00000000 x14:0x00000001 x18=0x00000001
       22075000	      2206	80001fa4	00d3ccb3	xor	x25,x7,x13	  x7:0x8000998c x13:0x4fac19d7 x25=0xcfac805b
       22085000	      2207	80001fa8	009b66b3	or	x13,x22,x9	 x22:0x30537fd1  x9:0x000006fc x13=0x30537ffd
       22095000	      2208	80001fac	41d38fb3	sub	x31,x7,x29	  x7:0x8000998c x29:0x8000998c x31=0x00000000
       22105000	      2209	80001fb0	a18fe66f	jal	x12,80001fb0	 x12=0x80001fb0
       22115000	      2210	00000000	00000013	addi	x0,x0,0	  x0:0x00000000
       22125000	      2211	800001c4	00000013	addi	x0,x0,0	  x0:0x00000000
       22135000	      2212	800001c8	01dcd463	bge	x25,x29,800001d0	 x25:0xcfac805b x29:0x8000998c
       22145000	      2213	00000000	00000013	addi	x0,x0,0	  x0:0x00000000
       22155000	      2214	800001cc	00000013	addi	x0,x0,0	  x0:0x00000000
       22165000	      2215	800001d0	fc820213	addi	x4,x4,-56	  x4:0x80009f70  x4=0x80009f38
       22175000	      2216	800001d4	00c22223	sw	x12,4(x4)	  x4:0x80009f38 x12:0x80001fb0 PA:0x80009f3c
       22185000	      2217	800001d8	00e45533	srl	x10,x8,x14	  x8:0xb053e25e x14:0x00000001 x10=0x5829f12f
       22195000	      2218	800001dc	363ff693	andi	x13,x31,867	 x31:0x00000000 x13=0x00000000
       22205000	      2219	800001e0	2c24a497	auipc	x9,0x2c24a	  x9=0xac24a1dc
       22215000	      2220	800001e4	7ade2737	lui	x14,0x7ade2	 x14=0x7ade2000
       22225000	      2221	800001e8	00cefab3	and	x21,x29,x12	 x29:0x8000998c x12:0x80001fb0 x21=0x80001980
       22235000	      2222	800001ec	00200613	addi	x12,x0,2	  x0:0x00000000 x12=0x00000002
       22245000	      2223	800001f0	ff900113	addi	x2,x0,-7	  x0:0x00000000  x2=0xfffffff9
       22255000	      2224	800001f4	5fceb093	sltiu	x1,x29,1532	 x29:0x8000998c  x1=0x00000000
       22265000	      2225	800001f8	ff660613	addi	x12,x12,-10	 x12:0x00000002 x12=0xfffffff8
       22275000	      2226	800001fc	fe265ce3	bge	x12,x2,800001f4	 x12:0xfffffff8  x2:0xfffffff9
       22285000	      2227	80000200	000c5193	srli	x3,x24,0x0	 x24:0xcfacb72e  x3=0xcfacb72e
       22295000	      2228	80000204	00a00093	addi	x1,x0,10	  x0:0x00000000  x1=0x0000000a
       22305000	      2229	80000208	86ed0113	addi	x2,x26,-1938	 x26:0xffffff8c  x2=0xfffff7fa
       22315000	      2230	8000020c	011be433	or	x8,x23,x17	 x23:0x80009fc4 x17:0xfe00027d  x8=0xfe009ffd
       22325000	      2231	80000210	01a098b3	sll	x17,x1,x26	  x1:0x0000000a x26:0xffffff8c x17=0x0000a000
       22335000	      2232	80000214	010acab3	xor	x21,x21,x16	 x21:0x80001980 x16:0x00000654 x21=0x80001fd4
       22345000	      2233	80000218	01835c13	srli	x24,x6,0x18	  x6:0x00000000 x24=0x00000000
       22355000	      2234	8000021c	54776113	ori	x2,x14,1351	 x14:0x7ade2000  x2=0x7ade2547
       22365000	      2235	80000220	28076393	ori	x7,x14,640	 x14:0x7ade2000  x7=0x7ade2280
       22375000	      2236	80000224	3d662893	slti	x17,x12,982	 x12:0xfffffff8 x17=0x00000001
       22385000	      2237	80000228	00b5d733	srl	x14,x11,x11	 x11:0x00000000 x11:0x00000000 x14=0x00000000
       22395000	      2238	8000022c	00700993	addi	x19,x0,7	  x0:0x00000000 x19=0x00000007
       22405000	      2239	80000230	d11dc1b7	lui	x3,0xd11dc	  x3=0xd11dc000
       22415000	      2240	80000234	ff708093	addi	x1,x1,-9	  x1:0x0000000a  x1=0x00000001
       22425000	      2241	80000238	41ea5413	srai	x8,x20,0x1e	 x20:0x00000000  x8=0x00000000
       22435000	      2242	8000023c	ff30dae3	bge	x1,x19,80000230	  x1:0x00000001 x19:0x00000007
       22445000	      2243	80000240	d7fb9417	auipc	x8,0xd7fb9	  x8=0x57fb923c
       22455000	      2244	80000244	ffa00313	addi	x6,x0,-6	  x0:0x00000000  x6=0xfffffffa
       22465000	      2245	80000248	94faf697	auipc	x13,0x94faf	 x13=0x14faf244
       22475000	      2246	8000024c	000b1833	sll	x16,x22,x0	 x22:0x30537fd1  x0:0x00000000 x16=0x30537fd1
       22485000	      2247	80000250	01d35e13	srli	x28,x6,0x1d	  x6:0xfffffffa x28=0x00000007
       22495000	      2248	80000254	01fa63b3	or	x7,x20,x31	 x20:0x00000000 x31:0x00000000  x7=0x00000000
       22505000	      2249	80000258	00b44033	xor	x0,x8,x11	  x8:0x57fb923c x11:0x00000000
       22515000	      2250	8000025c	01fe58b3	srl	x17,x28,x31	 x28:0x00000007 x31:0x00000000 x17=0x00000007
       22525000	      2251	80000260	00100493	addi	x9,x0,1	  x0:0x00000000  x9=0x00000001
       22535000	      2252	80000264	00a3f6b3	and	x13,x7,x10	  x7:0x00000000 x10:0x5829f12f x13=0x00000000
       22545000	      2253	80000268	40015a13	srai	x20,x2,0x0	  x2:0x7ade2547 x20=0x7ade2547
       22555000	      2254	8000026c	141cf593	andi	x11,x25,321	 x25:0xcfac805b x11=0x00000041
       22565000	      2255	80000270	4e1ba793	slti	x15,x23,1249	 x23:0x80009fc4 x15=0x00000001
       22575000	      2256	80000274	4095dcb3	sra	x25,x11,x9	 x11:0x00000041  x9:0x00000001 x25=0x00000020
       22585000	      2257	80000278	01e71833	sll	x16,x14,x30	 x14:0x00000000 x30:0xffffff05 x16=0x00000000
       22595000	      2258	8000027c	dceb6813	ori	x16,x22,-562	 x22:0x30537fd1 x16=0xffffffdf
       22605000	      2259	80000280	082ca913	slti	x18,x25,130	 x25:0x00000020 x18=0x00000001
       22615000	      2260	80000284	680f6e93	ori	x29,x30,1664	 x30:0xffffff05 x29=0xffffff85
       22625000	      2261	80000288	40325593	srai	x11,x4,0x3	  x4:0x80009f38 x11=0xf00013e7
       22635000	      2262	8000028c	019dd9b3	srl	x19,x27,x25	 x27:0x5632d000 x25:0x00000020 x19=0x5632d000
       22645000	      2263	80000290	9c00ea97	auipc	x21,0x9c00e	 x21=0x1c00e28c
       22655000	      2264	80000294	00730313	addi	x6,x6,7	  x6:0xfffffffa  x6=0x00000001
       22665000	      2265	80000298	4211e393	ori	x7,x3,1057	  x3:0xd11dc000  x7=0xd11dc421
       22675000	      2266	8000029c	e3e53c13	sltiu	x24,x10,-450	 x10:0x5829f12f x24=0x00000001
       22685000	      2267	800002a0	000d2633	slt	x12,x26,x0	 x26:0xffffff8c  x0:0x00000000 x12=0x00000001
       22695000	      2268	800002a4	007a1393	slli	x7,x20,0x7	 x20:0x7ade2547  x7=0x6f12a380
       22705000	      2269	800002a8	fc9342e3	blt	x6,x9,8000026c	  x6:0x00000001  x9:0x00000001
       22715000	      2270	800002ac	00d78f33	add	x30,x15,x13	 x15:0x00000001 x13:0x00000000 x30=0x00000001
       22725000	      2271	800002b0	00200913	addi	x18,x0,2	  x0:0x00000000 x18=0x00000002
       22735000	      2272	800002b4	01581db3	sll	x27,x16,x21	 x16:0xffffffdf x21:0x1c00e28c x27=0xfffdf000
       22745000	      2273	800002b8	000fc0b3	xor	x1,x31,x0	 x31:0x00000000  x0:0x00000000  x1=0x00000000
       22755000	      2274	800002bc	41f75cb3	sra	x25,x14,x31	 x14:0x00000000 x31:0x00000000 x25=0x00000000
       22765000	      2275	800002c0	014a1893	slli	x17,x20,0x14	 x20:0x7ade2547 x17=0x54700000
       22775000	      2276	800002c4	01000a13	addi	x20,x0,16	  x0:0x00000000 x20=0x00000010
       22785000	      2277	800002c8	00d5acb3	slt	x25,x11,x13	 x11:0xf00013e7 x13:0x00000000 x25=0x00000001
       22795000	      2278	800002cc	00190913	addi	x18,x18,1	 x18:0x00000002 x18=0x00000003
       22805000	      2279	800002d0	fa2f8f93	addi	x31,x31,-94	 x31:0x00000000 x31=0xffffffa2
       22815000	      2280	800002d4	ff600313	addi	x6,x0,-10	  x0:0x00000000  x6=0xfffffff6
       22825000	      2281	800002d8	409ddb13	srai	x22,x27,0x9	 x27:0xfffdf000 x22=0xfffffef8
       22835000	      2282	800002dc	bb178b13	addi	x22,x15,-1103	 x15:0x00000001 x22=0xfffffbb2
       22845000	      2283	800002e0	ffb00713	addi	x14,x0,-5	  x0:0x00000000 x14=0xfffffffb
       22855000	      2284	800002e4	fd264513	xori	x10,x12,-46	 x12:0x00000001 x10=0xffffffd3
       22865000	      2285	800002e8	5253c113	xori	x2,x7,1317	  x7:0x6f12a380  x2=0x6f12a6a5
       22875000	      2286	800002ec	00a30313	addi	x6,x6,10	  x6:0xfffffff6  x6=0x00000000
       22885000	      2287	800002f0	40195f93	srai	x31,x18,0x1	 x18:0x00000003 x31=0x00000001
       22895000	      2288	800002f4	fee34ae3	blt	x6,x14,800002e8	  x6:0x00000000 x14:0xfffffffb
       22905000	      2289	800002f8	016bdeb3	srl	x29,x23,x22	 x23:0x80009fc4 x22:0xfffffbb2 x29=0x00002000
       22915000	      2290	800002fc	57a17413	andi	x8,x2,1402	  x2:0x6f12a6a5  x8=0x00000420
       22925000	      2291	80000300	fd4964e3	bltu	x18,x20,800002c8	 x18:0x00000003 x20:0x00000010
       22935000	      2292	00000000	00000013	addi	x0,x0,0	  x0:0x00000000
       22945000	      2293	800002c4	00000013	addi	x0,x0,0	  x0:0x00000000
       22955000	      2294	800002c8	00d5acb3	slt	x25,x11,x13	 x11:0xf00013e7 x13:0x00000000 x25=0x00000001
       22965000	      2295	800002cc	00190913	addi	x18,x18,1	 x18:0x00000003 x18=0x00000004
       22975000	      2296	800002d0	fa2f8f93	addi	x31,x31,-94	 x31:0x00000001 x31=0xffffffa3
       22985000	      2297	800002d4	ff600313	addi	x6,x0,-10	  x0:0x00000000  x6=0xfffffff6
       22995000	      2298	800002d8	409ddb13	srai	x22,x27,0x9	 x27:0xfffdf000 x22=0xfffffef8
       23005000	      2299	800002dc	bb178b13	addi	x22,x15,-1103	 x15:0x00000001 x22=0xfffffbb2
       23015000	      2300	800002e0	ffb00713	addi	x14,x0,-5	  x0:0x00000000 x14=0xfffffffb
       23025000	      2301	800002e4	fd264513	xori	x10,x12,-46	 x12:0x00000001 x10=0xffffffd3
       23035000	      2302	800002e8	5253c113	xori	x2,x7,1317	  x7:0x6f12a380  x2=0x6f12a6a5
       23045000	      2303	800002ec	00a30313	addi	x6,x6,10	  x6:0xfffffff6  x6=0x00000000
       23055000	      2304	800002f0	40195f93	srai	x31,x18,0x1	 x18:0x00000004 x31=0x00000002
       23065000	      2305	800002f4	fee34ae3	blt	x6,x14,800002e8	  x6:0x00000000 x14:0xfffffffb
       23075000	      2306	800002f8	016bdeb3	srl	x29,x23,x22	 x23:0x80009fc4 x22:0xfffffbb2 x29=0x00002000
       23085000	      2307	800002fc	57a17413	andi	x8,x2,1402	  x2:0x6f12a6a5  x8=0x00000420
       23095000	      2308	80000300	fd4964e3	bltu	x18,x20,800002c8	 x18:0x00000004 x20:0x00000010
       23105000	      2309	00000000	00000013	addi	x0,x0,0	  x0:0x00000000
       23115000	      2310	800002c4	00000013	addi	x0,x0,0	  x0:0x00000000
       23125000	      2311	800002c8	00d5acb3	slt	x25,x11,x13	 x11:0xf00013e7 x13:0x00000000 x25=0x00000001
       23135000	      2312	800002cc	00190913	addi	x18,x18,1	 x18:0x00000004 x18=0x00000005
       23145000	      2313	800002d0	fa2f8f93	addi	x31,x31,-94	 x31:0x00000002 x31=0xffffffa4
       23155000	      2314	800002d4	ff600313	addi	x6,x0,-10	  x0:0x00000000  x6=0xfffffff6
       23165000	      2315	800002d8	409ddb13	srai	x22,x27,0x9	 x27:0xfffdf000 x22=0xfffffef8
       23175000	      2316	800002dc	bb178b13	addi	x22,x15,-1103	 x15:0x00000001 x22=0xfffffbb2
       23185000	      2317	800002e0	ffb00713	addi	x14,x0,-5	  x0:0x00000000 x14=0xfffffffb
       23195000	      2318	800002e4	fd264513	xori	x10,x12,-46	 x12:0x00000001 x10=0xffffffd3
       23205000	      2319	800002e8	5253c113	xori	x2,x7,1317	  x7:0x6f12a380  x2=0x6f12a6a5
       23215000	      2320	800002ec	00a30313	addi	x6,x6,10	  x6:0xfffffff6  x6=0x00000000
       23225000	      2321	800002f0	40195f93	srai	x31,x18,0x1	 x18:0x00000005 x31=0x00000002
       23235000	      2322	800002f4	fee34ae3	blt	x6,x14,800002e8	  x6:0x00000000 x14:0xfffffffb
       23245000	      2323	800002f8	016bdeb3	srl	x29,x23,x22	 x23:0x80009fc4 x22:0xfffffbb2 x29=0x00002000
       23255000	      2324	800002fc	57a17413	andi	x8,x2,1402	  x2:0x6f12a6a5  x8=0x00000420
       23265000	      2325	80000300	fd4964e3	bltu	x18,x20,800002c8	 x18:0x00000005 x20:0x00000010
       23275000	      2326	00000000	00000013	addi	x0,x0,0	  x0:0x00000000
       23285000	      2327	800002c4	00000013	addi	x0,x0,0	  x0:0x00000000
       23295000	      2328	800002c8	00d5acb3	slt	x25,x11,x13	 x11:0xf00013e7 x13:0x00000000 x25=0x00000001
       23305000	      2329	800002cc	00190913	addi	x18,x18,1	 x18:0x00000005 x18=0x00000006
       23315000	      2330	800002d0	fa2f8f93	addi	x31,x31,-94	 x31:0x00000002 x31=0xffffffa4
       23325000	      2331	800002d4	ff600313	addi	x6,x0,-10	  x0:0x00000000  x6=0xfffffff6
       23335000	      2332	800002d8	409ddb13	srai	x22,x27,0x9	 x27:0xfffdf000 x22=0xfffffef8
       23345000	      2333	800002dc	bb178b13	addi	x22,x15,-1103	 x15:0x00000001 x22=0xfffffbb2
       23355000	      2334	800002e0	ffb00713	addi	x14,x0,-5	  x0:0x00000000 x14=0xfffffffb
       23365000	      2335	800002e4	fd264513	xori	x10,x12,-46	 x12:0x00000001 x10=0xffffffd3
       23375000	      2336	800002e8	5253c113	xori	x2,x7,1317	  x7:0x6f12a380  x2=0x6f12a6a5
       23385000	      2337	800002ec	00a30313	addi	x6,x6,10	  x6:0xfffffff6  x6=0x00000000
       23395000	      2338	800002f0	40195f93	srai	x31,x18,0x1	 x18:0x00000006 x31=0x00000003
       23405000	      2339	800002f4	fee34ae3	blt	x6,x14,800002e8	  x6:0x00000000 x14:0xfffffffb
       23415000	      2340	800002f8	016bdeb3	srl	x29,x23,x22	 x23:0x80009fc4 x22:0xfffffbb2 x29=0x00002000
       23425000	      2341	800002fc	57a17413	andi	x8,x2,1402	  x2:0x6f12a6a5  x8=0x00000420
       23435000	      2342	80000300	fd4964e3	bltu	x18,x20,800002c8	 x18:0x00000006 x20:0x00000010
       23445000	      2343	00000000	00000013	addi	x0,x0,0	  x0:0x00000000
       23455000	      2344	800002c4	00000013	addi	x0,x0,0	  x0:0x00000000
       23465000	      2345	800002c8	00d5acb3	slt	x25,x11,x13	 x11:0xf00013e7 x13:0x00000000 x25=0x00000001
       23475000	      2346	800002cc	00190913	addi	x18,x18,1	 x18:0x00000006 x18=0x00000007
       23485000	      2347	800002d0	fa2f8f93	addi	x31,x31,-94	 x31:0x00000003 x31=0xffffffa5
       23495000	      2348	800002d4	ff600313	addi	x6,x0,-10	  x0:0x00000000  x6=0xfffffff6
       23505000	      2349	800002d8	409ddb13	srai	x22,x27,0x9	 x27:0xfffdf000 x22=0xfffffef8
       23515000	      2350	800002dc	bb178b13	addi	x22,x15,-1103	 x15:0x00000001 x22=0xfffffbb2
       23525000	      2351	800002e0	ffb00713	addi	x14,x0,-5	  x0:0x00000000 x14=0xfffffffb
       23535000	      2352	800002e4	fd264513	xori	x10,x12,-46	 x12:0x00000001 x10=0xffffffd3
       23545000	      2353	800002e8	5253c113	xori	x2,x7,1317	  x7:0x6f12a380  x2=0x6f12a6a5
       23555000	      2354	800002ec	00a30313	addi	x6,x6,10	  x6:0xfffffff6  x6=0x00000000
       23565000	      2355	800002f0	40195f93	srai	x31,x18,0x1	 x18:0x00000007 x31=0x00000003
       23575000	      2356	800002f4	fee34ae3	blt	x6,x14,800002e8	  x6:0x00000000 x14:0xfffffffb
       23585000	      2357	800002f8	016bdeb3	srl	x29,x23,x22	 x23:0x80009fc4 x22:0xfffffbb2 x29=0x00002000
       23595000	      2358	800002fc	57a17413	andi	x8,x2,1402	  x2:0x6f12a6a5  x8=0x00000420
       23605000	      2359	80000300	fd4964e3	bltu	x18,x20,800002c8	 x18:0x00000007 x20:0x00000010
       23615000	      2360	00000000	00000013	addi	x0,x0,0	  x0:0x00000000
       23625000	      2361	800002c4	00000013	addi	x0,x0,0	  x0:0x00000000
       23635000	      2362	800002c8	00d5acb3	slt	x25,x11,x13	 x11:0xf00013e7 x13:0x00000000 x25=0x00000001
       23645000	      2363	800002cc	00190913	addi	x18,x18,1	 x18:0x00000007 x18=0x00000008
       23655000	      2364	800002d0	fa2f8f93	addi	x31,x31,-94	 x31:0x00000003 x31=0xffffffa5
       23665000	      2365	800002d4	ff600313	addi	x6,x0,-10	  x0:0x00000000  x6=0xfffffff6
       23675000	      2366	800002d8	409ddb13	srai	x22,x27,0x9	 x27:0xfffdf000 x22=0xfffffef8
       23685000	      2367	800002dc	bb178b13	addi	x22,x15,-1103	 x15:0x00000001 x22=0xfffffbb2
       23695000	      2368	800002e0	ffb00713	addi	x14,x0,-5	  x0:0x00000000 x14=0xfffffffb
       23705000	      2369	800002e4	fd264513	xori	x10,x12,-46	 x12:0x00000001 x10=0xffffffd3
       23715000	      2370	800002e8	5253c113	xori	x2,x7,1317	  x7:0x6f12a380  x2=0x6f12a6a5
       23725000	      2371	800002ec	00a30313	addi	x6,x6,10	  x6:0xfffffff6  x6=0x00000000
       23735000	      2372	800002f0	40195f93	srai	x31,x18,0x1	 x18:0x00000008 x31=0x00000004
       23745000	      2373	800002f4	fee34ae3	blt	x6,x14,800002e8	  x6:0x00000000 x14:0xfffffffb
       23755000	      2374	800002f8	016bdeb3	srl	x29,x23,x22	 x23:0x80009fc4 x22:0xfffffbb2 x29=0x00002000
       23765000	      2375	800002fc	57a17413	andi	x8,x2,1402	  x2:0x6f12a6a5  x8=0x00000420
       23775000	      2376	80000300	fd4964e3	bltu	x18,x20,800002c8	 x18:0x00000008 x20:0x00000010
       23785000	      2377	00000000	00000013	addi	x0,x0,0	  x0:0x00000000
       23795000	      2378	800002c4	00000013	addi	x0,x0,0	  x0:0x00000000
       23805000	      2379	800002c8	00d5acb3	slt	x25,x11,x13	 x11:0xf00013e7 x13:0x00000000 x25=0x00000001
       23815000	      2380	800002cc	00190913	addi	x18,x18,1	 x18:0x00000008 x18=0x00000009
       23825000	      2381	800002d0	fa2f8f93	addi	x31,x31,-94	 x31:0x00000004 x31=0xffffffa6
       23835000	      2382	800002d4	ff600313	addi	x6,x0,-10	  x0:0x00000000  x6=0xfffffff6
       23845000	      2383	800002d8	409ddb13	srai	x22,x27,0x9	 x27:0xfffdf000 x22=0xfffffef8
       23855000	      2384	800002dc	bb178b13	addi	x22,x15,-1103	 x15:0x00000001 x22=0xfffffbb2
       23865000	      2385	800002e0	ffb00713	addi	x14,x0,-5	  x0:0x00000000 x14=0xfffffffb
       23875000	      2386	800002e4	fd264513	xori	x10,x12,-46	 x12:0x00000001 x10=0xffffffd3
       23885000	      2387	800002e8	5253c113	xori	x2,x7,1317	  x7:0x6f12a380  x2=0x6f12a6a5
       23895000	      2388	800002ec	00a30313	addi	x6,x6,10	  x6:0xfffffff6  x6=0x00000000
       23905000	      2389	800002f0	40195f93	srai	x31,x18,0x1	 x18:0x00000009 x31=0x00000004
       23915000	      2390	800002f4	fee34ae3	blt	x6,x14,800002e8	  x6:0x00000000 x14:0xfffffffb
       23925000	      2391	800002f8	016bdeb3	srl	x29,x23,x22	 x23:0x80009fc4 x22:0xfffffbb2 x29=0x00002000
       23935000	      2392	800002fc	57a17413	andi	x8,x2,1402	  x2:0x6f12a6a5  x8=0x00000420
       23945000	      2393	80000300	fd4964e3	bltu	x18,x20,800002c8	 x18:0x00000009 x20:0x00000010
       23955000	      2394	00000000	00000013	addi	x0,x0,0	  x0:0x00000000
       23965000	      2395	800002c4	00000013	addi	x0,x0,0	  x0:0x00000000
       23975000	      2396	800002c8	00d5acb3	slt	x25,x11,x13	 x11:0xf00013e7 x13:0x00000000 x25=0x00000001
       23985000	      2397	800002cc	00190913	addi	x18,x18,1	 x18:0x00000009 x18=0x0000000a
       23995000	      2398	800002d0	fa2f8f93	addi	x31,x31,-94	 x31:0x00000004 x31=0xffffffa6
       24005000	      2399	800002d4	ff600313	addi	x6,x0,-10	  x0:0x00000000  x6=0xfffffff6
       24015000	      2400	800002d8	409ddb13	srai	x22,x27,0x9	 x27:0xfffdf000 x22=0xfffffef8
       24025000	      2401	800002dc	bb178b13	addi	x22,x15,-1103	 x15:0x00000001 x22=0xfffffbb2
       24035000	      2402	800002e0	ffb00713	addi	x14,x0,-5	  x0:0x00000000 x14=0xfffffffb
       24045000	      2403	800002e4	fd264513	xori	x10,x12,-46	 x12:0x00000001 x10=0xffffffd3
       24055000	      2404	800002e8	5253c113	xori	x2,x7,1317	  x7:0x6f12a380  x2=0x6f12a6a5
       24065000	      2405	800002ec	00a30313	addi	x6,x6,10	  x6:0xfffffff6  x6=0x00000000
       24075000	      2406	800002f0	40195f93	srai	x31,x18,0x1	 x18:0x0000000a x31=0x00000005
       24085000	      2407	800002f4	fee34ae3	blt	x6,x14,800002e8	  x6:0x00000000 x14:0xfffffffb
       24095000	      2408	800002f8	016bdeb3	srl	x29,x23,x22	 x23:0x80009fc4 x22:0xfffffbb2 x29=0x00002000
       24105000	      2409	800002fc	57a17413	andi	x8,x2,1402	  x2:0x6f12a6a5  x8=0x00000420
       24115000	      2410	80000300	fd4964e3	bltu	x18,x20,800002c8	 x18:0x0000000a x20:0x00000010
       24125000	      2411	00000000	00000013	addi	x0,x0,0	  x0:0x00000000
       24135000	      2412	800002c4	00000013	addi	x0,x0,0	  x0:0x00000000
       24145000	      2413	800002c8	00d5acb3	slt	x25,x11,x13	 x11:0xf00013e7 x13:0x00000000 x25=0x00000001
       24155000	      2414	800002cc	00190913	addi	x18,x18,1	 x18:0x0000000a x18=0x0000000b
       24165000	      2415	800002d0	fa2f8f93	addi	x31,x31,-94	 x31:0x00000005 x31=0xffffffa7
       24175000	      2416	800002d4	ff600313	addi	x6,x0,-10	  x0:0x00000000  x6=0xfffffff6
       24185000	      2417	800002d8	409ddb13	srai	x22,x27,0x9	 x27:0xfffdf000 x22=0xfffffef8
       24195000	      2418	800002dc	bb178b13	addi	x22,x15,-1103	 x15:0x00000001 x22=0xfffffbb2
       24205000	      2419	800002e0	ffb00713	addi	x14,x0,-5	  x0:0x00000000 x14=0xfffffffb
       24215000	      2420	800002e4	fd264513	xori	x10,x12,-46	 x12:0x00000001 x10=0xffffffd3
       24225000	      2421	800002e8	5253c113	xori	x2,x7,1317	  x7:0x6f12a380  x2=0x6f12a6a5
       24235000	      2422	800002ec	00a30313	addi	x6,x6,10	  x6:0xfffffff6  x6=0x00000000
       24245000	      2423	800002f0	40195f93	srai	x31,x18,0x1	 x18:0x0000000b x31=0x00000005
       24255000	      2424	800002f4	fee34ae3	blt	x6,x14,800002e8	  x6:0x00000000 x14:0xfffffffb
       24265000	      2425	800002f8	016bdeb3	srl	x29,x23,x22	 x23:0x80009fc4 x22:0xfffffbb2 x29=0x00002000
       24275000	      2426	800002fc	57a17413	andi	x8,x2,1402	  x2:0x6f12a6a5  x8=0x00000420
       24285000	      2427	80000300	fd4964e3	bltu	x18,x20,800002c8	 x18:0x0000000b x20:0x00000010
       24295000	      2428	00000000	00000013	addi	x0,x0,0	  x0:0x00000000
       24305000	      2429	800002c4	00000013	addi	x0,x0,0	  x0:0x00000000
       24315000	      2430	800002c8	00d5acb3	slt	x25,x11,x13	 x11:0xf00013e7 x13:0x00000000 x25=0x00000001
       24325000	      2431	800002cc	00190913	addi	x18,x18,1	 x18:0x0000000b x18=0x0000000c
       24335000	      2432	800002d0	fa2f8f93	addi	x31,x31,-94	 x31:0x00000005 x31=0xffffffa7
       24345000	      2433	800002d4	ff600313	addi	x6,x0,-10	  x0:0x00000000  x6=0xfffffff6
       24355000	      2434	800002d8	409ddb13	srai	x22,x27,0x9	 x27:0xfffdf000 x22=0xfffffef8
       24365000	      2435	800002dc	bb178b13	addi	x22,x15,-1103	 x15:0x00000001 x22=0xfffffbb2
       24375000	      2436	800002e0	ffb00713	addi	x14,x0,-5	  x0:0x00000000 x14=0xfffffffb
       24385000	      2437	800002e4	fd264513	xori	x10,x12,-46	 x12:0x00000001 x10=0xffffffd3
       24395000	      2438	800002e8	5253c113	xori	x2,x7,1317	  x7:0x6f12a380  x2=0x6f12a6a5
       24405000	      2439	800002ec	00a30313	addi	x6,x6,10	  x6:0xfffffff6  x6=0x00000000
       24415000	      2440	800002f0	40195f93	srai	x31,x18,0x1	 x18:0x0000000c x31=0x00000006
       24425000	      2441	800002f4	fee34ae3	blt	x6,x14,800002e8	  x6:0x00000000 x14:0xfffffffb
       24435000	      2442	800002f8	016bdeb3	srl	x29,x23,x22	 x23:0x80009fc4 x22:0xfffffbb2 x29=0x00002000
       24445000	      2443	800002fc	57a17413	andi	x8,x2,1402	  x2:0x6f12a6a5  x8=0x00000420
       24455000	      2444	80000300	fd4964e3	bltu	x18,x20,800002c8	 x18:0x0000000c x20:0x00000010
       24465000	      2445	00000000	00000013	addi	x0,x0,0	  x0:0x00000000
       24475000	      2446	800002c4	00000013	addi	x0,x0,0	  x0:0x00000000
       24485000	      2447	800002c8	00d5acb3	slt	x25,x11,x13	 x11:0xf00013e7 x13:0x00000000 x25=0x00000001
       24495000	      2448	800002cc	00190913	addi	x18,x18,1	 x18:0x0000000c x18=0x0000000d
       24505000	      2449	800002d0	fa2f8f93	addi	x31,x31,-94	 x31:0x00000006 x31=0xffffffa8
       24515000	      2450	800002d4	ff600313	addi	x6,x0,-10	  x0:0x00000000  x6=0xfffffff6
       24525000	      2451	800002d8	409ddb13	srai	x22,x27,0x9	 x27:0xfffdf000 x22=0xfffffef8
       24535000	      2452	800002dc	bb178b13	addi	x22,x15,-1103	 x15:0x00000001 x22=0xfffffbb2
       24545000	      2453	800002e0	ffb00713	addi	x14,x0,-5	  x0:0x00000000 x14=0xfffffffb
       24555000	      2454	800002e4	fd264513	xori	x10,x12,-46	 x12:0x00000001 x10=0xffffffd3
       24565000	      2455	800002e8	5253c113	xori	x2,x7,1317	  x7:0x6f12a380  x2=0x6f12a6a5
       24575000	      2456	800002ec	00a30313	addi	x6,x6,10	  x6:0xfffffff6  x6=0x00000000
       24585000	      2457	800002f0	40195f93	srai	x31,x18,0x1	 x18:0x0000000d x31=0x00000006
       24595000	      2458	800002f4	fee34ae3	blt	x6,x14,800002e8	  x6:0x00000000 x14:0xfffffffb
       24605000	      2459	800002f8	016bdeb3	srl	x29,x23,x22	 x23:0x80009fc4 x22:0xfffffbb2 x29=0x00002000
       24615000	      2460	800002fc	57a17413	andi	x8,x2,1402	  x2:0x6f12a6a5  x8=0x00000420
       24625000	      2461	80000300	fd4964e3	bltu	x18,x20,800002c8	 x18:0x0000000d x20:0x00000010
       24635000	      2462	00000000	00000013	addi	x0,x0,0	  x0:0x00000000
       24645000	      2463	800002c4	00000013	addi	x0,x0,0	  x0:0x00000000
       24655000	      2464	800002c8	00d5acb3	slt	x25,x11,x13	 x11:0xf00013e7 x13:0x00000000 x25=0x00000001
       24665000	      2465	800002cc	00190913	addi	x18,x18,1	 x18:0x0000000d x18=0x0000000e
       24675000	      2466	800002d0	fa2f8f93	addi	x31,x31,-94	 x31:0x00000006 x31=0xffffffa8
       24685000	      2467	800002d4	ff600313	addi	x6,x0,-10	  x0:0x00000000  x6=0xfffffff6
       24695000	      2468	800002d8	409ddb13	srai	x22,x27,0x9	 x27:0xfffdf000 x22=0xfffffef8
       24705000	      2469	800002dc	bb178b13	addi	x22,x15,-1103	 x15:0x00000001 x22=0xfffffbb2
       24715000	      2470	800002e0	ffb00713	addi	x14,x0,-5	  x0:0x00000000 x14=0xfffffffb
       24725000	      2471	800002e4	fd264513	xori	x10,x12,-46	 x12:0x00000001 x10=0xffffffd3
       24735000	      2472	800002e8	5253c113	xori	x2,x7,1317	  x7:0x6f12a380  x2=0x6f12a6a5
       24745000	      2473	800002ec	00a30313	addi	x6,x6,10	  x6:0xfffffff6  x6=0x00000000
       24755000	      2474	800002f0	40195f93	srai	x31,x18,0x1	 x18:0x0000000e x31=0x00000007
       24765000	      2475	800002f4	fee34ae3	blt	x6,x14,800002e8	  x6:0x00000000 x14:0xfffffffb
       24775000	      2476	800002f8	016bdeb3	srl	x29,x23,x22	 x23:0x80009fc4 x22:0xfffffbb2 x29=0x00002000
       24785000	      2477	800002fc	57a17413	andi	x8,x2,1402	  x2:0x6f12a6a5  x8=0x00000420
       24795000	      2478	80000300	fd4964e3	bltu	x18,x20,800002c8	 x18:0x0000000e x20:0x00000010
       24805000	      2479	00000000	00000013	addi	x0,x0,0	  x0:0x00000000
       24815000	      2480	800002c4	00000013	addi	x0,x0,0	  x0:0x00000000
       24825000	      2481	800002c8	00d5acb3	slt	x25,x11,x13	 x11:0xf00013e7 x13:0x00000000 x25=0x00000001
       24835000	      2482	800002cc	00190913	addi	x18,x18,1	 x18:0x0000000e x18=0x0000000f
       24845000	      2483	800002d0	fa2f8f93	addi	x31,x31,-94	 x31:0x00000007 x31=0xffffffa9
       24855000	      2484	800002d4	ff600313	addi	x6,x0,-10	  x0:0x00000000  x6=0xfffffff6
       24865000	      2485	800002d8	409ddb13	srai	x22,x27,0x9	 x27:0xfffdf000 x22=0xfffffef8
       24875000	      2486	800002dc	bb178b13	addi	x22,x15,-1103	 x15:0x00000001 x22=0xfffffbb2
       24885000	      2487	800002e0	ffb00713	addi	x14,x0,-5	  x0:0x00000000 x14=0xfffffffb
       24895000	      2488	800002e4	fd264513	xori	x10,x12,-46	 x12:0x00000001 x10=0xffffffd3
       24905000	      2489	800002e8	5253c113	xori	x2,x7,1317	  x7:0x6f12a380  x2=0x6f12a6a5
       24915000	      2490	800002ec	00a30313	addi	x6,x6,10	  x6:0xfffffff6  x6=0x00000000
       24925000	      2491	800002f0	40195f93	srai	x31,x18,0x1	 x18:0x0000000f x31=0x00000007
       24935000	      2492	800002f4	fee34ae3	blt	x6,x14,800002e8	  x6:0x00000000 x14:0xfffffffb
       24945000	      2493	800002f8	016bdeb3	srl	x29,x23,x22	 x23:0x80009fc4 x22:0xfffffbb2 x29=0x00002000
       24955000	      2494	800002fc	57a17413	andi	x8,x2,1402	  x2:0x6f12a6a5  x8=0x00000420
       24965000	      2495	80000300	fd4964e3	bltu	x18,x20,800002c8	 x18:0x0000000f x20:0x00000010
       24975000	      2496	00000000	00000013	addi	x0,x0,0	  x0:0x00000000
       24985000	      2497	800002c4	00000013	addi	x0,x0,0	  x0:0x00000000
       24995000	      2498	800002c8	00d5acb3	slt	x25,x11,x13	 x11:0xf00013e7 x13:0x00000000 x25=0x00000001
       25005000	      2499	800002cc	00190913	addi	x18,x18,1	 x18:0x0000000f x18=0x00000010
       25015000	      2500	800002d0	fa2f8f93	addi	x31,x31,-94	 x31:0x00000007 x31=0xffffffa9
       25025000	      2501	800002d4	ff600313	addi	x6,x0,-10	  x0:0x00000000  x6=0xfffffff6
       25035000	      2502	800002d8	409ddb13	srai	x22,x27,0x9	 x27:0xfffdf000 x22=0xfffffef8
       25045000	      2503	800002dc	bb178b13	addi	x22,x15,-1103	 x15:0x00000001 x22=0xfffffbb2
       25055000	      2504	800002e0	ffb00713	addi	x14,x0,-5	  x0:0x00000000 x14=0xfffffffb
       25065000	      2505	800002e4	fd264513	xori	x10,x12,-46	 x12:0x00000001 x10=0xffffffd3
       25075000	      2506	800002e8	5253c113	xori	x2,x7,1317	  x7:0x6f12a380  x2=0x6f12a6a5
       25085000	      2507	800002ec	00a30313	addi	x6,x6,10	  x6:0xfffffff6  x6=0x00000000
       25095000	      2508	800002f0	40195f93	srai	x31,x18,0x1	 x18:0x00000010 x31=0x00000008
       25105000	      2509	800002f4	fee34ae3	blt	x6,x14,800002e8	  x6:0x00000000 x14:0xfffffffb
       25115000	      2510	800002f8	016bdeb3	srl	x29,x23,x22	 x23:0x80009fc4 x22:0xfffffbb2 x29=0x00002000
       25125000	      2511	800002fc	57a17413	andi	x8,x2,1402	  x2:0x6f12a6a5  x8=0x00000420
       25135000	      2512	80000300	fd4964e3	bltu	x18,x20,800002c8	 x18:0x00000010 x20:0x00000010
       25145000	      2513	80000304	71137537	lui	x10,0x71137	 x10=0x71137000
       25155000	      2514	80000308	00600d13	addi	x26,x0,6	  x0:0x00000000 x26=0x00000006
       25165000	      2515	8000030c	ac06c013	xori	x0,x13,-1344	 x13:0x00000000
       25175000	      2516	80000310	00d00713	addi	x14,x0,13	  x0:0x00000000 x14=0x0000000d
       25185000	      2517	80000314	41cf8f33	sub	x30,x31,x28	 x31:0x00000008 x28:0x00000007 x30=0x00000001
       25195000	      2518	80000318	87400f93	addi	x31,x0,-1932	  x0:0x00000000 x31=0xfffff874
       25205000	      2519	8000031c	00284f33	xor	x30,x16,x2	 x16:0xffffffdf  x2:0x6f12a6a5 x30=0x90ed597a
       25215000	      2520	80000320	00ad0d13	addi	x26,x26,10	 x26:0x00000006 x26=0x00000010
       25225000	      2521	80000324	ee5f2893	slti	x17,x30,-283	 x30:0x90ed597a x17=0x00000001
       25235000	      2522	80000328	feed66e3	bltu	x26,x14,80000314	 x26:0x00000010 x14:0x0000000d
       25245000	      2523	8000032c	40375813	srai	x16,x14,0x3	 x14:0x0000000d x16=0x00000001
       25255000	      2524	80000330	00600193	addi	x3,x0,6	  x0:0x00000000  x3=0x00000006
       25265000	      2525	80000334	006f0033	add	x0,x30,x6	 x30:0x90ed597a  x6:0x00000000
       25275000	      2526	80000338	99b06a13	ori	x20,x0,-1637	  x0:0x00000000 x20=0xfffff99b
       25285000	      2527	8000033c	fef00513	addi	x10,x0,-17	  x0:0x00000000 x10=0xffffffef
       25295000	      2528	80000340	501d4437	lui	x8,0x501d4	  x8=0x501d4000
       25305000	      2529	80000344	418e5013	srai	x0,x28,0x18	 x28:0x00000007
       25315000	      2530	80000348	62bd6f37	lui	x30,0x62bd6	 x30=0x62bd6000
       25325000	      2531	8000034c	019eb0b3	sltu	x1,x29,x25	 x29:0x00002000 x25:0x00000001  x1=0x00000000
       25335000	      2532	80000350	ffd18193	addi	x3,x3,-3	  x3:0x00000006  x3=0x00000003
       25345000	      2533	80000354	00339ab3	sll	x21,x7,x3	  x7:0x6f12a380  x3:0x00000003 x21=0x78951c00
       25355000	      2534	80000358	ff900793	addi	x15,x0,-7	  x0:0x00000000 x15=0xfffffff9
       25365000	      2535	8000035c	fef00893	addi	x17,x0,-17	  x0:0x00000000 x17=0xffffffef
       25375000	      2536	80000360	94624713	xori	x14,x4,-1722	  x4:0x80009f38 x14=0x7fff667e
       25385000	      2537	80000364	51132cb7	lui	x25,0x51132	 x25=0x51132000
       25395000	      2538	80000368	d372f813	andi	x16,x5,-713	  x5:0xb053e25e x16=0xb053e016
       25405000	      2539	8000036c	9764c737	lui	x14,0x9764c	 x14=0x9764c000
       25415000	      2540	80000370	00e9a033	slt	x0,x19,x14	 x19:0x5632d000 x14:0x9764c000
       25425000	      2541	80000374	00ea8333	add	x6,x21,x14	 x21:0x78951c00 x14:0x9764c000  x6=0x0ff9dc00
       25435000	      2542	80000378	00000013	addi	x0,x0,0	  x0:0x00000000
       25445000	      2543	8000037c	a4ba4593	xori	x11,x20,-1461	 x20:0xfffff99b x11=0x000003d0
       25455000	      2544	80000380	6bf8c813	xori	x16,x17,1727	 x17:0xffffffef x16=0xfffff950
       25465000	      2545	80000384	749dca17	auipc	x20,0x749dc	 x20=0xf49dc380
       25475000	      2546	80000388	ff678793	addi	x15,x15,-10	 x15:0xfffffff9 x15=0xffffffef
       25485000	      2547	8000038c	b0ebe437	lui	x8,0xb0ebe	  x8=0xb0ebe000
       25495000	      2548	80000390	41480033	sub	x0,x16,x20	 x16:0xfffff950 x20:0xf49dc380
       25505000	      2549	80000394	fd179ee3	bne	x15,x17,80000370	 x15:0xffffffef x17:0xffffffef
       25515000	      2550	80000398	400859b3	sra	x19,x16,x0	 x16:0xfffff950  x0:0x00000000 x19=0xfffff950
       25525000	      2551	8000039c	009295b3	sll	x11,x5,x9	  x5:0xb053e25e  x9:0x00000001 x11=0x60a7c4bc
       25535000	      2552	800003a0	403bd993	srai	x19,x23,0x3	 x23:0x80009fc4 x19=0xf00013f8
       25545000	      2553	800003a4	40bdd113	srai	x2,x27,0xb	 x27:0xfffdf000  x2=0xffffffbe
       25555000	      2554	800003a8	00624fb3	xor	x31,x4,x6	  x4:0x80009f38  x6:0x0ff9dc00 x31=0x8ff94338
       25565000	      2555	800003ac	01979833	sll	x16,x15,x25	 x15:0xffffffef x25:0x51132000 x16=0xffffffef
       25575000	      2556	800003b0	f8a1dce3	bge	x3,x10,80000348	  x3:0x00000003 x10:0xffffffef
       25585000	      2557	00000000	00000013	addi	x0,x0,0	  x0:0x00000000
       25595000	      2558	80000344	00000013	addi	x0,x0,0	  x0:0x00000000
       25605000	      2559	80000348	62bd6f37	lui	x30,0x62bd6	 x30=0x62bd6000
       25615000	      2560	8000034c	019eb0b3	sltu	x1,x29,x25	 x29:0x00002000 x25:0x51132000  x1=0x00000001
       25625000	      2561	80000350	ffd18193	addi	x3,x3,-3	  x3:0x00000003  x3=0x00000000
       25635000	      2562	80000354	00339ab3	sll	x21,x7,x3	  x7:0x6f12a380  x3:0x00000000 x21=0x6f12a380
       25645000	      2563	80000358	ff900793	addi	x15,x0,-7	  x0:0x00000000 x15=0xfffffff9
       25655000	      2564	8000035c	fef00893	addi	x17,x0,-17	  x0:0x00000000 x17=0xffffffef
       25665000	      2565	80000360	94624713	xori	x14,x4,-1722	  x4:0x80009f38 x14=0x7fff667e
       25675000	      2566	80000364	51132cb7	lui	x25,0x51132	 x25=0x51132000
       25685000	      2567	80000368	d372f813	andi	x16,x5,-713	  x5:0xb053e25e x16=0xb053e016
       25695000	      2568	8000036c	9764c737	lui	x14,0x9764c	 x14=0x9764c000
       25705000	      2569	80000370	00e9a033	slt	x0,x19,x14	 x19:0xf00013f8 x14:0x9764c000
       25715000	      2570	80000374	00ea8333	add	x6,x21,x14	 x21:0x6f12a380 x14:0x9764c000  x6=0x06776380
       25725000	      2571	80000378	00000013	addi	x0,x0,0	  x0:0x00000000
       25735000	      2572	8000037c	a4ba4593	xori	x11,x20,-1461	 x20:0xf49dc380 x11=0x0b6239cb
       25745000	      2573	80000380	6bf8c813	xori	x16,x17,1727	 x17:0xffffffef x16=0xfffff950
       25755000	      2574	80000384	749dca17	auipc	x20,0x749dc	 x20=0xf49dc380
       25765000	      2575	80000388	ff678793	addi	x15,x15,-10	 x15:0xfffffff9 x15=0xffffffef
       25775000	      2576	8000038c	b0ebe437	lui	x8,0xb0ebe	  x8=0xb0ebe000
       25785000	      2577	80000390	41480033	sub	x0,x16,x20	 x16:0xfffff950 x20:0xf49dc380
       25795000	      2578	80000394	fd179ee3	bne	x15,x17,80000370	 x15:0xffffffef x17:0xffffffef
       25805000	      2579	80000398	400859b3	sra	x19,x16,x0	 x16:0xfffff950  x0:0x00000000 x19=0xfffff950
       25815000	      2580	8000039c	009295b3	sll	x11,x5,x9	  x5:0xb053e25e  x9:0x00000001 x11=0x60a7c4bc
       25825000	      2581	800003a0	403bd993	srai	x19,x23,0x3	 x23:0x80009fc4 x19=0xf00013f8
       25835000	      2582	800003a4	40bdd113	srai	x2,x27,0xb	 x27:0xfffdf000  x2=0xffffffbe
       25845000	      2583	800003a8	00624fb3	xor	x31,x4,x6	  x4:0x80009f38  x6:0x06776380 x31=0x8677fcb8
       25855000	      2584	800003ac	01979833	sll	x16,x15,x25	 x15:0xffffffef x25:0x51132000 x16=0xffffffef
       25865000	      2585	800003b0	f8a1dce3	bge	x3,x10,80000348	  x3:0x00000000 x10:0xffffffef
       25875000	      2586	00000000	00000013	addi	x0,x0,0	  x0:0x00000000
       25885000	      2587	80000344	00000013	addi	x0,x0,0	  x0:0x00000000
       25895000	      2588	80000348	62bd6f37	lui	x30,0x62bd6	 x30=0x62bd6000
       25905000	      2589	8000034c	019eb0b3	sltu	x1,x29,x25	 x29:0x00002000 x25:0x51132000  x1=0x00000001
       25915000	      2590	80000350	ffd18193	addi	x3,x3,-3	  x3:0x00000000  x3=0xfffffffd
       25925000	      2591	80000354	00339ab3	sll	x21,x7,x3	  x7:0x6f12a380  x3:0xfffffffd x21=0x00000000
       25935000	      2592	80000358	ff900793	addi	x15,x0,-7	  x0:0x00000000 x15=0xfffffff9
       25945000	      2593	8000035c	fef00893	addi	x17,x0,-17	  x0:0x00000000 x17=0xffffffef
       25955000	      2594	80000360	94624713	xori	x14,x4,-1722	  x4:0x80009f38 x14=0x7fff667e
       25965000	      2595	80000364	51132cb7	lui	x25,0x51132	 x25=0x51132000
       25975000	      2596	80000368	d372f813	andi	x16,x5,-713	  x5:0xb053e25e x16=0xb053e016
       25985000	      2597	8000036c	9764c737	lui	x14,0x9764c	 x14=0x9764c000
       25995000	      2598	80000370	00e9a033	slt	x0,x19,x14	 x19:0xf00013f8 x14:0x9764c000
       26005000	      2599	80000374	00ea8333	add	x6,x21,x14	 x21:0x00000000 x14:0x9764c000  x6=0x9764c000
       26015000	      2600	80000378	00000013	addi	x0,x0,0	  x0:0x00000000
       26025000	      2601	8000037c	a4ba4593	xori	x11,x20,-1461	 x20:0xf49dc380 x11=0x0b6239cb
       26035000	      2602	80000380	6bf8c813	xori	x16,x17,1727	 x17:0xffffffef x16=0xfffff950
       26045000	      2603	80000384	749dca17	auipc	x20,0x749dc	 x20=0xf49dc380
       26055000	      2604	80000388	ff678793	addi	x15,x15,-10	 x15:0xfffffff9 x15=0xffffffef
       26065000	      2605	8000038c	b0ebe437	lui	x8,0xb0ebe	  x8=0xb0ebe000
       26075000	      2606	80000390	41480033	sub	x0,x16,x20	 x16:0xfffff950 x20:0xf49dc380
       26085000	      2607	80000394	fd179ee3	bne	x15,x17,80000370	 x15:0xffffffef x17:0xffffffef
       26095000	      2608	80000398	400859b3	sra	x19,x16,x0	 x16:0xfffff950  x0:0x00000000 x19=0xfffff950
       26105000	      2609	8000039c	009295b3	sll	x11,x5,x9	  x5:0xb053e25e  x9:0x00000001 x11=0x60a7c4bc
       26115000	      2610	800003a0	403bd993	srai	x19,x23,0x3	 x23:0x80009fc4 x19=0xf00013f8
       26125000	      2611	800003a4	40bdd113	srai	x2,x27,0xb	 x27:0xfffdf000  x2=0xffffffbe
       26135000	      2612	800003a8	00624fb3	xor	x31,x4,x6	  x4:0x80009f38  x6:0x9764c000 x31=0x17645f38
       26145000	      2613	800003ac	01979833	sll	x16,x15,x25	 x15:0xffffffef x25:0x51132000 x16=0xffffffef
       26155000	      2614	800003b0	f8a1dce3	bge	x3,x10,80000348	  x3:0xfffffffd x10:0xffffffef
       26165000	      2615	00000000	00000013	addi	x0,x0,0	  x0:0x00000000
       26175000	      2616	80000344	00000013	addi	x0,x0,0	  x0:0x00000000
       26185000	      2617	80000348	62bd6f37	lui	x30,0x62bd6	 x30=0x62bd6000
       26195000	      2618	8000034c	019eb0b3	sltu	x1,x29,x25	 x29:0x00002000 x25:0x51132000  x1=0x00000001
       26205000	      2619	80000350	ffd18193	addi	x3,x3,-3	  x3:0xfffffffd  x3=0xfffffffa
       26215000	      2620	80000354	00339ab3	sll	x21,x7,x3	  x7:0x6f12a380  x3:0xfffffffa x21=0x00000000
       26225000	      2621	80000358	ff900793	addi	x15,x0,-7	  x0:0x00000000 x15=0xfffffff9
       26235000	      2622	8000035c	fef00893	addi	x17,x0,-17	  x0:0x00000000 x17=0xffffffef
       26245000	      2623	80000360	94624713	xori	x14,x4,-1722	  x4:0x80009f38 x14=0x7fff667e
       26255000	      2624	80000364	51132cb7	lui	x25,0x51132	 x25=0x51132000
       26265000	      2625	80000368	d372f813	andi	x16,x5,-713	  x5:0xb053e25e x16=0xb053e016
       26275000	      2626	8000036c	9764c737	lui	x14,0x9764c	 x14=0x9764c000
       26285000	      2627	80000370	00e9a033	slt	x0,x19,x14	 x19:0xf00013f8 x14:0x9764c000
       26295000	      2628	80000374	00ea8333	add	x6,x21,x14	 x21:0x00000000 x14:0x9764c000  x6=0x9764c000
       26305000	      2629	80000378	00000013	addi	x0,x0,0	  x0:0x00000000
       26315000	      2630	8000037c	a4ba4593	xori	x11,x20,-1461	 x20:0xf49dc380 x11=0x0b6239cb
       26325000	      2631	80000380	6bf8c813	xori	x16,x17,1727	 x17:0xffffffef x16=0xfffff950
       26335000	      2632	80000384	749dca17	auipc	x20,0x749dc	 x20=0xf49dc380
       26345000	      2633	80000388	ff678793	addi	x15,x15,-10	 x15:0xfffffff9 x15=0xffffffef
       26355000	      2634	8000038c	b0ebe437	lui	x8,0xb0ebe	  x8=0xb0ebe000
       26365000	      2635	80000390	41480033	sub	x0,x16,x20	 x16:0xfffff950 x20:0xf49dc380
       26375000	      2636	80000394	fd179ee3	bne	x15,x17,80000370	 x15:0xffffffef x17:0xffffffef
       26385000	      2637	80000398	400859b3	sra	x19,x16,x0	 x16:0xfffff950  x0:0x00000000 x19=0xfffff950
       26395000	      2638	8000039c	009295b3	sll	x11,x5,x9	  x5:0xb053e25e  x9:0x00000001 x11=0x60a7c4bc
       26405000	      2639	800003a0	403bd993	srai	x19,x23,0x3	 x23:0x80009fc4 x19=0xf00013f8
       26415000	      2640	800003a4	40bdd113	srai	x2,x27,0xb	 x27:0xfffdf000  x2=0xffffffbe
       26425000	      2641	800003a8	00624fb3	xor	x31,x4,x6	  x4:0x80009f38  x6:0x9764c000 x31=0x17645f38
       26435000	      2642	800003ac	01979833	sll	x16,x15,x25	 x15:0xffffffef x25:0x51132000 x16=0xffffffef
       26445000	      2643	800003b0	f8a1dce3	bge	x3,x10,80000348	  x3:0xfffffffa x10:0xffffffef
       26455000	      2644	00000000	00000013	addi	x0,x0,0	  x0:0x00000000
       26465000	      2645	80000344	00000013	addi	x0,x0,0	  x0:0x00000000
       26475000	      2646	80000348	62bd6f37	lui	x30,0x62bd6	 x30=0x62bd6000
       26485000	      2647	8000034c	019eb0b3	sltu	x1,x29,x25	 x29:0x00002000 x25:0x51132000  x1=0x00000001
       26495000	      2648	80000350	ffd18193	addi	x3,x3,-3	  x3:0xfffffffa  x3=0xfffffff7
       26505000	      2649	80000354	00339ab3	sll	x21,x7,x3	  x7:0x6f12a380  x3:0xfffffff7 x21=0xc0000000
       26515000	      2650	80000358	ff900793	addi	x15,x0,-7	  x0:0x00000000 x15=0xfffffff9
       26525000	      2651	8000035c	fef00893	addi	x17,x0,-17	  x0:0x00000000 x17=0xffffffef
       26535000	      2652	80000360	94624713	xori	x14,x4,-1722	  x4:0x80009f38 x14=0x7fff667e
       26545000	      2653	80000364	51132cb7	lui	x25,0x51132	 x25=0x51132000
       26555000	      2654	80000368	d372f813	andi	x16,x5,-713	  x5:0xb053e25e x16=0xb053e016
       26565000	      2655	8000036c	9764c737	lui	x14,0x9764c	 x14=0x9764c000
       26575000	      2656	80000370	00e9a033	slt	x0,x19,x14	 x19:0xf00013f8 x14:0x9764c000
       26585000	      2657	80000374	00ea8333	add	x6,x21,x14	 x21:0xc0000000 x14:0x9764c000  x6=0x5764c000
       26595000	      2658	80000378	00000013	addi	x0,x0,0	  x0:0x00000000
       26605000	      2659	8000037c	a4ba4593	xori	x11,x20,-1461	 x20:0xf49dc380 x11=0x0b6239cb
       26615000	      2660	80000380	6bf8c813	xori	x16,x17,1727	 x17:0xffffffef x16=0xfffff950
       26625000	      2661	80000384	749dca17	auipc	x20,0x749dc	 x20=0xf49dc380
       26635000	      2662	80000388	ff678793	addi	x15,x15,-10	 x15:0xfffffff9 x15=0xffffffef
       26645000	      2663	8000038c	b0ebe437	lui	x8,0xb0ebe	  x8=0xb0ebe000
       26655000	      2664	80000390	41480033	sub	x0,x16,x20	 x16:0xfffff950 x20:0xf49dc380
       26665000	      2665	80000394	fd179ee3	bne	x15,x17,80000370	 x15:0xffffffef x17:0xffffffef
       26675000	      2666	80000398	400859b3	sra	x19,x16,x0	 x16:0xfffff950  x0:0x00000000 x19=0xfffff950
       26685000	      2667	8000039c	009295b3	sll	x11,x5,x9	  x5:0xb053e25e  x9:0x00000001 x11=0x60a7c4bc
       26695000	      2668	800003a0	403bd993	srai	x19,x23,0x3	 x23:0x80009fc4 x19=0xf00013f8
       26705000	      2669	800003a4	40bdd113	srai	x2,x27,0xb	 x27:0xfffdf000  x2=0xffffffbe
       26715000	      2670	800003a8	00624fb3	xor	x31,x4,x6	  x4:0x80009f38  x6:0x5764c000 x31=0xd7645f38
       26725000	      2671	800003ac	01979833	sll	x16,x15,x25	 x15:0xffffffef x25:0x51132000 x16=0xffffffef
       26735000	      2672	800003b0	f8a1dce3	bge	x3,x10,80000348	  x3:0xfffffff7 x10:0xffffffef
       26745000	      2673	00000000	00000013	addi	x0,x0,0	  x0:0x00000000
       26755000	      2674	80000344	00000013	addi	x0,x0,0	  x0:0x00000000
       26765000	      2675	80000348	62bd6f37	lui	x30,0x62bd6	 x30=0x62bd6000
       26775000	      2676	8000034c	019eb0b3	sltu	x1,x29,x25	 x29:0x00002000 x25:0x51132000  x1=0x00000001
       26785000	      2677	80000350	ffd18193	addi	x3,x3,-3	  x3:0xfffffff7  x3=0xfffffff4
       26795000	      2678	80000354	00339ab3	sll	x21,x7,x3	  x7:0x6f12a380  x3:0xfffffff4 x21=0x38000000
       26805000	      2679	80000358	ff900793	addi	x15,x0,-7	  x0:0x00000000 x15=0xfffffff9
       26815000	      2680	8000035c	fef00893	addi	x17,x0,-17	  x0:0x00000000 x17=0xffffffef
       26825000	      2681	80000360	94624713	xori	x14,x4,-1722	  x4:0x80009f38 x14=0x7fff667e
       26835000	      2682	80000364	51132cb7	lui	x25,0x51132	 x25=0x51132000
       26845000	      2683	80000368	d372f813	andi	x16,x5,-713	  x5:0xb053e25e x16=0xb053e016
       26855000	      2684	8000036c	9764c737	lui	x14,0x9764c	 x14=0x9764c000
       26865000	      2685	80000370	00e9a033	slt	x0,x19,x14	 x19:0xf00013f8 x14:0x9764c000
       26875000	      2686	80000374	00ea8333	add	x6,x21,x14	 x21:0x38000000 x14:0x9764c000  x6=0xcf64c000
       26885000	      2687	80000378	00000013	addi	x0,x0,0	  x0:0x00000000
       26895000	      2688	8000037c	a4ba4593	xori	x11,x20,-1461	 x20:0xf49dc380 x11=0x0b6239cb
       26905000	      2689	80000380	6bf8c813	xori	x16,x17,1727	 x17:0xffffffef x16=0xfffff950
       26915000	      2690	80000384	749dca17	auipc	x20,0x749dc	 x20=0xf49dc380
       26925000	      2691	80000388	ff678793	addi	x15,x15,-10	 x15:0xfffffff9 x15=0xffffffef
       26935000	      2692	8000038c	b0ebe437	lui	x8,0xb0ebe	  x8=0xb0ebe000
       26945000	      2693	80000390	41480033	sub	x0,x16,x20	 x16:0xfffff950 x20:0xf49dc380
       26955000	      2694	80000394	fd179ee3	bne	x15,x17,80000370	 x15:0xffffffef x17:0xffffffef
       26965000	      2695	80000398	400859b3	sra	x19,x16,x0	 x16:0xfffff950  x0:0x00000000 x19=0xfffff950
       26975000	      2696	8000039c	009295b3	sll	x11,x5,x9	  x5:0xb053e25e  x9:0x00000001 x11=0x60a7c4bc
       26985000	      2697	800003a0	403bd993	srai	x19,x23,0x3	 x23:0x80009fc4 x19=0xf00013f8
       26995000	      2698	800003a4	40bdd113	srai	x2,x27,0xb	 x27:0xfffdf000  x2=0xffffffbe
       27005000	      2699	800003a8	00624fb3	xor	x31,x4,x6	  x4:0x80009f38  x6:0xcf64c000 x31=0x4f645f38
       27015000	      2700	800003ac	01979833	sll	x16,x15,x25	 x15:0xffffffef x25:0x51132000 x16=0xffffffef
       27025000	      2701	800003b0	f8a1dce3	bge	x3,x10,80000348	  x3:0xfffffff4 x10:0xffffffef
       27035000	      2702	00000000	00000013	addi	x0,x0,0	  x0:0x00000000
       27045000	      2703	80000344	00000013	addi	x0,x0,0	  x0:0x00000000
       27055000	      2704	80000348	62bd6f37	lui	x30,0x62bd6	 x30=0x62bd6000
       27065000	      2705	8000034c	019eb0b3	sltu	x1,x29,x25	 x29:0x00002000 x25:0x51132000  x1=0x00000001
       27075000	      2706	80000350	ffd18193	addi	x3,x3,-3	  x3:0xfffffff4  x3=0xfffffff1
       27085000	      2707	80000354	00339ab3	sll	x21,x7,x3	  x7:0x6f12a380  x3:0xfffffff1 x21=0x47000000
       27095000	      2708	80000358	ff900793	addi	x15,x0,-7	  x0:0x00000000 x15=0xfffffff9
       27105000	      2709	8000035c	fef00893	addi	x17,x0,-17	  x0:0x00000000 x17=0xffffffef
       27115000	      2710	80000360	94624713	xori	x14,x4,-1722	  x4:0x80009f38 x14=0x7fff667e
       27125000	      2711	80000364	51132cb7	lui	x25,0x51132	 x25=0x51132000
       27135000	      2712	80000368	d372f813	andi	x16,x5,-713	  x5:0xb053e25e x16=0xb053e016
       27145000	      2713	8000036c	9764c737	lui	x14,0x9764c	 x14=0x9764c000
       27155000	      2714	80000370	00e9a033	slt	x0,x19,x14	 x19:0xf00013f8 x14:0x9764c000
       27165000	      2715	80000374	00ea8333	add	x6,x21,x14	 x21:0x47000000 x14:0x9764c000  x6=0xde64c000
       27175000	      2716	80000378	00000013	addi	x0,x0,0	  x0:0x00000000
       27185000	      2717	8000037c	a4ba4593	xori	x11,x20,-1461	 x20:0xf49dc380 x11=0x0b6239cb
       27195000	      2718	80000380	6bf8c813	xori	x16,x17,1727	 x17:0xffffffef x16=0xfffff950
       27205000	      2719	80000384	749dca17	auipc	x20,0x749dc	 x20=0xf49dc380
       27215000	      2720	80000388	ff678793	addi	x15,x15,-10	 x15:0xfffffff9 x15=0xffffffef
       27225000	      2721	8000038c	b0ebe437	lui	x8,0xb0ebe	  x8=0xb0ebe000
       27235000	      2722	80000390	41480033	sub	x0,x16,x20	 x16:0xfffff950 x20:0xf49dc380
       27245000	      2723	80000394	fd179ee3	bne	x15,x17,80000370	 x15:0xffffffef x17:0xffffffef
       27255000	      2724	80000398	400859b3	sra	x19,x16,x0	 x16:0xfffff950  x0:0x00000000 x19=0xfffff950
       27265000	      2725	8000039c	009295b3	sll	x11,x5,x9	  x5:0xb053e25e  x9:0x00000001 x11=0x60a7c4bc
       27275000	      2726	800003a0	403bd993	srai	x19,x23,0x3	 x23:0x80009fc4 x19=0xf00013f8
       27285000	      2727	800003a4	40bdd113	srai	x2,x27,0xb	 x27:0xfffdf000  x2=0xffffffbe
       27295000	      2728	800003a8	00624fb3	xor	x31,x4,x6	  x4:0x80009f38  x6:0xde64c000 x31=0x5e645f38
       27305000	      2729	800003ac	01979833	sll	x16,x15,x25	 x15:0xffffffef x25:0x51132000 x16=0xffffffef
       27315000	      2730	800003b0	f8a1dce3	bge	x3,x10,80000348	  x3:0xfffffff1 x10:0xffffffef
       27325000	      2731	00000000	00000013	addi	x0,x0,0	  x0:0x00000000
       27335000	      2732	80000344	00000013	addi	x0,x0,0	  x0:0x00000000
       27345000	      2733	80000348	62bd6f37	lui	x30,0x62bd6	 x30=0x62bd6000
       27355000	      2734	8000034c	019eb0b3	sltu	x1,x29,x25	 x29:0x00002000 x25:0x51132000  x1=0x00000001
       27365000	      2735	80000350	ffd18193	addi	x3,x3,-3	  x3:0xfffffff1  x3=0xffffffee
       27375000	      2736	80000354	00339ab3	sll	x21,x7,x3	  x7:0x6f12a380  x3:0xffffffee x21=0xa8e00000
       27385000	      2737	80000358	ff900793	addi	x15,x0,-7	  x0:0x00000000 x15=0xfffffff9
       27395000	      2738	8000035c	fef00893	addi	x17,x0,-17	  x0:0x00000000 x17=0xffffffef
       27405000	      2739	80000360	94624713	xori	x14,x4,-1722	  x4:0x80009f38 x14=0x7fff667e
       27415000	      2740	80000364	51132cb7	lui	x25,0x51132	 x25=0x51132000
       27425000	      2741	80000368	d372f813	andi	x16,x5,-713	  x5:0xb053e25e x16=0xb053e016
       27435000	      2742	8000036c	9764c737	lui	x14,0x9764c	 x14=0x9764c000
       27445000	      2743	80000370	00e9a033	slt	x0,x19,x14	 x19:0xf00013f8 x14:0x9764c000
       27455000	      2744	80000374	00ea8333	add	x6,x21,x14	 x21:0xa8e00000 x14:0x9764c000  x6=0x4044c000
       27465000	      2745	80000378	00000013	addi	x0,x0,0	  x0:0x00000000
       27475000	      2746	8000037c	a4ba4593	xori	x11,x20,-1461	 x20:0xf49dc380 x11=0x0b6239cb
       27485000	      2747	80000380	6bf8c813	xori	x16,x17,1727	 x17:0xffffffef x16=0xfffff950
       27495000	      2748	80000384	749dca17	auipc	x20,0x749dc	 x20=0xf49dc380
       27505000	      2749	80000388	ff678793	addi	x15,x15,-10	 x15:0xfffffff9 x15=0xffffffef
       27515000	      2750	8000038c	b0ebe437	lui	x8,0xb0ebe	  x8=0xb0ebe000
       27525000	      2751	80000390	41480033	sub	x0,x16,x20	 x16:0xfffff950 x20:0xf49dc380
       27535000	      2752	80000394	fd179ee3	bne	x15,x17,80000370	 x15:0xffffffef x17:0xffffffef
       27545000	      2753	80000398	400859b3	sra	x19,x16,x0	 x16:0xfffff950  x0:0x00000000 x19=0xfffff950
       27555000	      2754	8000039c	009295b3	sll	x11,x5,x9	  x5:0xb053e25e  x9:0x00000001 x11=0x60a7c4bc
       27565000	      2755	800003a0	403bd993	srai	x19,x23,0x3	 x23:0x80009fc4 x19=0xf00013f8
       27575000	      2756	800003a4	40bdd113	srai	x2,x27,0xb	 x27:0xfffdf000  x2=0xffffffbe
       27585000	      2757	800003a8	00624fb3	xor	x31,x4,x6	  x4:0x80009f38  x6:0x4044c000 x31=0xc0445f38
       27595000	      2758	800003ac	01979833	sll	x16,x15,x25	 x15:0xffffffef x25:0x51132000 x16=0xffffffef
       27605000	      2759	800003b0	f8a1dce3	bge	x3,x10,80000348	  x3:0xffffffee x10:0xffffffef
       27615000	      2760	800003b4	002c4033	xor	x0,x24,x2	 x24:0x00000001  x2:0xffffffbe
       27625000	      2761	800003b8	0170d5b3	srl	x11,x1,x23	  x1:0x00000001 x23:0x80009fc4 x11=0x00000000
       27635000	      2762	800003bc	735ff337	lui	x6,0x735ff	  x6=0x735ff000
       27645000	      2763	800003c0	00212d33	slt	x26,x2,x2	  x2:0xffffffbe  x2:0xffffffbe x26=0x00000000
       27655000	      2764	800003c4	00ebecb3	or	x25,x23,x14	 x23:0x80009fc4 x14:0x9764c000 x25=0x9764dfc4
       27665000	      2765	800003c8	01cab4b3	sltu	x9,x21,x28	 x21:0xa8e00000 x28:0x00000007  x9=0x00000000
       27675000	      2766	800003cc	007ad993	srli	x19,x21,0x7	 x21:0xa8e00000 x19=0x0151c000
       27685000	      2767	800003d0	00e37033	and	x0,x6,x14	  x6:0x735ff000 x14:0x9764c000
       27695000	      2768	800003d4	e2f3bab7	lui	x21,0xe2f3b	 x21=0xe2f3b000
       27705000	      2769	800003d8	00ddd913	srli	x18,x27,0xd	 x27:0xfffdf000 x18=0x0007ffef
       27715000	      2770	800003dc	02e58a63	beq	x11,x14,80000410	 x11:0x00000000 x14:0x9764c000
       27725000	      2771	800003e0	01779813	slli	x16,x15,0x17	 x15:0xffffffef x16=0xf7800000
       27735000	      2772	800003e4	01e61f93	slli	x31,x12,0x1e	 x12:0x00000001 x31=0x40000000
       27745000	      2773	800003e8	d6447e37	lui	x28,0xd6447	 x28=0xd6447000
       27755000	      2774	800003ec	83af6d93	ori	x27,x30,-1990	 x30:0x62bd6000 x27=0xfffff83a
       27765000	      2775	800003f0	40d15033	sra	x0,x2,x13	  x2:0xffffffbe x13:0x00000000
       27775000	      2776	800003f4	a8e17b13	andi	x22,x2,-1394	  x2:0xffffffbe x22=0xfffffa8e
       27785000	      2777	800003f8	0070e7b3	or	x15,x1,x7	  x1:0x00000001  x7:0x6f12a380 x15=0x6f12a381
       27795000	      2778	800003fc	40780033	sub	x0,x16,x7	 x16:0xf7800000  x7:0x6f12a380
       27805000	      2779	80000400	ddfce913	ori	x18,x25,-545	 x25:0x9764dfc4 x18=0xffffffdf
       27815000	      2780	80000404	015cd833	srl	x16,x25,x21	 x25:0x9764dfc4 x21:0xe2f3b000 x16=0x9764dfc4
       27825000	      2781	80000408	05074063	blt	x14,x16,80000448	 x14:0x9764c000 x16:0x9764dfc4
       27835000	      2782	00000000	00000013	addi	x0,x0,0	  x0:0x00000000
       27845000	      2783	80000444	00000013	addi	x0,x0,0	  x0:0x00000000
       27855000	      2784	80000448	00109863	bne	x1,x1,80000458	  x1:0x00000001  x1:0x00000001
       27865000	      2785	8000044c	40b9dd13	srai	x26,x19,0xb	 x19:0x0151c000 x26=0x00002a38
       27875000	      2786	80000450	00f7e3b3	or	x7,x15,x15	 x15:0x6f12a381 x15:0x6f12a381  x7=0x6f12a381
       27885000	      2787	80000454	b693aa13	slti	x20,x7,-1175	  x7:0x6f12a381 x20=0x00000000
       27895000	      2788	80000458	02735c63	bge	x6,x7,80000490	  x6:0x735ff000  x7:0x6f12a381
       27905000	      2789	00000000	00000013	addi	x0,x0,0	  x0:0x00000000
       27915000	      2790	8000048c	00000013	addi	x0,x0,0	  x0:0x00000000
       27925000	      2791	80000490	01d11033	sll	x0,x2,x29	  x2:0xffffffbe x29:0x00002000
       27935000	      2792	80000494	c7744813	xori	x16,x8,-905	  x8:0xb0ebe000 x16=0x4f141c77
       27945000	      2793	80000498	c5da0693	addi	x13,x20,-931	 x20:0x00000000 x13=0xfffffc5d
       27955000	      2794	8000049c	cdb42e93	slti	x29,x8,-805	  x8:0xb0ebe000 x29=0x00000001
       27965000	      2795	800004a0	003f1c93	slli	x25,x30,0x3	 x30:0x62bd6000 x25=0x15eb0000
       27975000	      2796	800004a4	00bf5393	srli	x7,x30,0xb	 x30:0x62bd6000  x7=0x000c57ac
       27985000	      2797	800004a8	042b5063	bge	x22,x2,800004e8	 x22:0xfffffa8e  x2:0xffffffbe
       27995000	      2798	800004ac	0383c863	blt	x7,x24,800004dc	  x7:0x000c57ac x24:0x00000001
       28005000	      2799	800004b0	57951617	auipc	x12,0x57951	 x12=0xd79514ac
       28015000	      2800	800004b4	00209a63	bne	x1,x2,800004c8	  x1:0x00000001  x2:0xffffffbe
       28025000	      2801	00000000	00000013	addi	x0,x0,0	  x0:0x00000000
       28035000	      2802	800004c4	00000013	addi	x0,x0,0	  x0:0x00000000
       28045000	      2803	800004c8	ff183113	sltiu	x2,x16,-15	 x16:0x4f141c77  x2=0x00000001
       28055000	      2804	800004cc	57d92793	slti	x15,x18,1405	 x18:0xffffffdf x15=0x00000001
       28065000	      2805	800004d0	7b700e13	addi	x28,x0,1975	  x0:0x00000000 x28=0x000007b7
       28075000	      2806	800004d4	fcc1c793	xori	x15,x3,-52	  x3:0xffffffee x15=0x00000022
       28085000	      2807	800004d8	0460e463	bltu	x1,x6,80000520	  x1:0x00000001  x6:0x735ff000
       28095000	      2808	00000000	00000013	addi	x0,x0,0	  x0:0x00000000
       28105000	      2809	8000051c	00000013	addi	x0,x0,0	  x0:0x00000000
       28115000	      2810	80000520	00c55e33	srl	x28,x10,x12	 x10:0xffffffef x12:0xd79514ac x28=0x000fffff
       28125000	      2811	80000524	40418033	sub	x0,x3,x4	  x3:0xffffffee  x4:0x80009f38
       28135000	      2812	80000528	41c1d433	sra	x8,x3,x28	  x3:0xffffffee x28:0x000fffff  x8=0xffffffff
       28145000	      2813	8000052c	012fd013	srli	x0,x31,0x12	 x31:0x40000000
       28155000	      2814	80000530	0140e7b3	or	x15,x1,x20	  x1:0x00000001 x20:0x00000000 x15=0x00000001
       28165000	      2815	80000534	2b77e593	ori	x11,x15,695	 x15:0x00000001 x11=0x000002b7
       28175000	      2816	80000538	00eb2c33	slt	x24,x22,x14	 x22:0xfffffa8e x14:0x9764c000 x24=0x00000000
       28185000	      2817	8000053c	018d1eb3	sll	x29,x26,x24	 x26:0x00002a38 x24:0x00000000 x29=0x00002a38
       28195000	      2818	80000540	4002d313	srai	x6,x5,0x0	  x5:0xb053e25e  x6=0xb053e25e
       28205000	      2819	80000544	01e010b3	sll	x1,x0,x30	  x0:0x00000000 x30:0x62bd6000  x1=0x00000000
       28215000	      2820	80000548	021ac263	blt	x21,x1,8000056c	 x21:0xe2f3b000  x1:0x00000000
       28225000	      2821	00000000	00000013	addi	x0,x0,0	  x0:0x00000000
       28235000	      2822	80000568	00000013	addi	x0,x0,0	  x0:0x00000000
       28245000	      2823	8000056c	9be00317	auipc	x6,0x9be00	  x6=0x1be00568
       28255000	      2824	80000570	c4274993	xori	x19,x14,-958	 x14:0x9764c000 x19=0x689b3c42
       28265000	      2825	80000574	400b87b3	sub	x15,x23,x0	 x23:0x80009fc4  x0:0x00000000 x15=0x80009fc4
       28275000	      2826	80000578	411309b3	sub	x19,x6,x17	  x6:0x1be00568 x17:0xffffffef x19=0x1be00579
       28285000	      2827	8000057c	03960463	beq	x12,x25,800005a4	 x12:0xd79514ac x25:0x15eb0000
       28295000	      2828	80000580	0ff9f417	auipc	x8,0xff9f	  x8=0x8ff9f57c
       28305000	      2829	80000584	6352fe17	auipc	x28,0x6352f	 x28=0xe352f580
       28315000	      2830	80000588	4116d313	srai	x6,x13,0x11	 x13:0xfffffc5d  x6=0xffffffff
       28325000	      2831	8000058c	00a58ab3	add	x21,x11,x10	 x11:0x000002b7 x10:0xffffffef x21=0x000002a6
       28335000	      2832	80000590	018e5c93	srli	x25,x28,0x18	 x28:0xe352f580 x25=0x000000e3
       28345000	      2833	80000594	3a76e513	ori	x10,x13,935	 x13:0xfffffc5d x10=0xffffffff
       28355000	      2834	80000598	40085113	srai	x2,x16,0x0	 x16:0x4f141c77  x2=0x4f141c77
       28365000	      2835	8000059c	04531463	bne	x6,x5,800005e4	  x6:0xffffffff  x5:0xb053e25e
       28375000	      2836	00000000	00000013	addi	x0,x0,0	  x0:0x00000000
       28385000	      2837	800005e0	00000013	addi	x0,x0,0	  x0:0x00000000
       28395000	      2838	800005e4	00000013	addi	x0,x0,0	  x0:0x00000000
       28405000	      2839	800005e8	05428463	beq	x5,x20,80000630	  x5:0xb053e25e x20:0x00000000
       28415000	      2840	800005ec	018a94b3	sll	x9,x21,x24	 x21:0x000002a6 x24:0x00000000  x9=0x000002a6
       28425000	      2841	800005f0	01214a63	blt	x2,x18,80000604	  x2:0x4f141c77 x18:0xffffffdf
       28435000	      2842	800005f4	00000013	addi	x0,x0,0	  x0:0x00000000
       28445000	      2843	800005f8	00000013	addi	x0,x0,0	  x0:0x00000000
       28455000	      2844	800005fc	40d5d0b3	sra	x1,x11,x13	 x11:0x000002b7 x13:0xfffffc5d  x1=0x00000000
       28465000	      2845	80000600	011e1463	bne	x28,x17,80000608	 x28:0xe352f580 x17:0xffffffef
       28475000	      2846	00000000	00000013	addi	x0,x0,0	  x0:0x00000000
       28485000	      2847	80000604	00000013	addi	x0,x0,0	  x0:0x00000000
       28495000	      2848	80000608	0f95f193	andi	x3,x11,249	 x11:0x000002b7  x3=0x000000b1
       28505000	      2849	8000060c	00262833	slt	x16,x12,x2	 x12:0xd79514ac  x2:0x4f141c77 x16=0x00000001
       28515000	      2850	80000610	40f1da13	srai	x20,x3,0xf	  x3:0x000000b1 x20=0x00000000
       28525000	      2851	80000614	41fcd613	srai	x12,x25,0x1f	 x25:0x000000e3 x12=0x00000000
       28535000	      2852	80000618	00ac5a63	bge	x24,x10,8000062c	 x24:0x00000000 x10:0xffffffff
       28545000	      2853	00000000	00000013	addi	x0,x0,0	  x0:0x00000000
       28555000	      2854	80000628	00000013	addi	x0,x0,0	  x0:0x00000000
       28565000	      2855	8000062c	12f5d117	auipc	x2,0x12f5d	  x2=0x92f5d628
       28575000	      2856	80000630	03b54863	blt	x10,x27,80000660	 x10:0xffffffff x27:0xfffff83a
       28585000	      2857	80000634	400a89b3	sub	x19,x21,x0	 x21:0x000002a6  x0:0x00000000 x19=0x000002a6
       28595000	      2858	80000638	01651433	sll	x8,x10,x22	 x10:0xffffffff x22:0xfffffa8e  x8=0xffffc000
       28605000	      2859	8000063c	1279f013	andi	x0,x19,295	 x19:0x000002a6
       28615000	      2860	80000640	9ba64f13	xori	x30,x12,-1606	 x12:0x00000000 x30=0xfffff9ba
       28625000	      2861	80000644	013afc63	bgeu	x21,x19,8000065c	 x21:0x000002a6 x19:0x000002a6
       28635000	      2862	00000000	00000013	addi	x0,x0,0	  x0:0x00000000
       28645000	      2863	80000658	00000013	addi	x0,x0,0	  x0:0x00000000
       28655000	      2864	8000065c	aff93d93	sltiu	x27,x18,-1281	 x18:0xffffffdf x27=0x00000000
       28665000	      2865	80000660	02db1a63	bne	x22,x13,80000694	 x22:0xfffffa8e x13:0xfffffc5d
       28675000	      2866	00000000	00000013	addi	x0,x0,0	  x0:0x00000000
       28685000	      2867	80000690	00000013	addi	x0,x0,0	  x0:0x00000000
       28695000	      2868	80000694	0f100a93	addi	x21,x0,241	  x0:0x00000000 x21=0x000000f1
       28705000	      2869	80000698	01ac4e63	blt	x24,x26,800006b4	 x24:0x00000000 x26:0x00002a38
       28715000	      2870	00000000	00000013	addi	x0,x0,0	  x0:0x00000000
       28725000	      2871	800006b0	00000013	addi	x0,x0,0	  x0:0x00000000
       28735000	      2872	800006b4	40c25733	sra	x14,x4,x12	  x4:0x80009f38 x12:0x00000000 x14=0x80009f38
       28745000	      2873	800006b8	00a79533	sll	x10,x15,x10	 x15:0x80009fc4 x10:0xffffffff x10=0x00000000
       28755000	      2874	800006bc	00aa5c93	srli	x25,x20,0xa	 x20:0x00000000 x25=0x00000000
       28765000	      2875	800006c0	01bde6b3	or	x13,x27,x27	 x27:0x00000000 x27:0x00000000 x13=0x00000000
       28775000	      2876	800006c4	00713fb3	sltu	x31,x2,x7	  x2:0x92f5d628  x7:0x000c57ac x31=0x00000000
       28785000	      2877	800006c8	0067d0b3	srl	x1,x15,x6	 x15:0x80009fc4  x6:0xffffffff  x1=0x00000001
       28795000	      2878	800006cc	01847a63	bgeu	x8,x24,800006e0	  x8:0xffffc000 x24:0x00000000
       28805000	      2879	00000000	00000013	addi	x0,x0,0	  x0:0x00000000
       28815000	      2880	800006dc	00000013	addi	x0,x0,0	  x0:0x00000000
       28825000	      2881	800006e0	02dd1463	bne	x26,x13,80000708	 x26:0x00002a38 x13:0x00000000
       28835000	      2882	00000000	00000013	addi	x0,x0,0	  x0:0x00000000
       28845000	      2883	80000704	00000013	addi	x0,x0,0	  x0:0x00000000
       28855000	      2884	80000708	0246da63	bge	x13,x4,8000073c	 x13:0x00000000  x4:0x80009f38
       28865000	      2885	00000000	00000013	addi	x0,x0,0	  x0:0x00000000
       28875000	      2886	80000738	00000013	addi	x0,x0,0	  x0:0x00000000
       28885000	      2887	8000073c	d465ca13	xori	x20,x11,-698	 x11:0x000002b7 x20=0xfffffff1
       28895000	      2888	80000740	be498517	auipc	x10,0xbe498	 x10=0x3e49873c
       28905000	      2889	80000744	03580c63	beq	x16,x21,8000077c	 x16:0x00000001 x21:0x000000f1
       28915000	      2890	80000748	05d3f263	bgeu	x7,x29,8000078c	  x7:0x000c57ac x29:0x00002a38
       28925000	      2891	00000000	00000013	addi	x0,x0,0	  x0:0x00000000
       28935000	      2892	80000788	00000013	addi	x0,x0,0	  x0:0x00000000
       28945000	      2893	8000078c	23d52d13	slti	x26,x10,573	 x10:0x3e49873c x26=0x00000000
       28955000	      2894	80000790	02b28c63	beq	x5,x11,800007c8	  x5:0xb053e25e x11:0x000002b7
       28965000	      2895	80000794	015438b3	sltu	x17,x8,x21	  x8:0xffffc000 x21:0x000000f1 x17=0x00000000
       28975000	      2896	80000798	02c89263	bne	x17,x12,800007bc	 x17:0x00000000 x12:0x00000000
       28985000	      2897	8000079c	004656b3	srl	x13,x12,x4	 x12:0x00000000  x4:0x80009f38 x13=0x00000000
       28995000	      2898	800007a0	09976793	ori	x15,x14,153	 x14:0x80009f38 x15=0x80009fb9
       29005000	      2899	800007a4	00fade63	bge	x21,x15,800007c0	 x21:0x000000f1 x15:0x80009fb9
       29015000	      2900	00000000	00000013	addi	x0,x0,0	  x0:0x00000000
       29025000	      2901	800007bc	00000013	addi	x0,x0,0	  x0:0x00000000
       29035000	      2902	800007c0	00d79093	slli	x1,x15,0xd	 x15:0x80009fb9  x1=0x13f72000
       29045000	      2903	800007c4	3fba7a13	andi	x20,x20,1019	 x20:0xfffffff1 x20=0x000003f1
       29055000	      2904	800007c8	006c0863	beq	x24,x6,800007d8	 x24:0x00000000  x6:0xffffffff
       29065000	      2905	800007cc	04335063	bge	x6,x3,8000080c	  x6:0xffffffff  x3:0x000000b1
       29075000	      2906	800007d0	05ae1863	bne	x28,x26,80000820	 x28:0xe352f580 x26:0x00000000
       29085000	      2907	00000000	00000013	addi	x0,x0,0	  x0:0x00000000
       29095000	      2908	8000081c	00000013	addi	x0,x0,0	  x0:0x00000000
       29105000	      2909	80000820	a4f7f013	andi	x0,x15,-1457	 x15:0x80009fb9
       29115000	      2910	80000824	c1e28413	addi	x8,x5,-994	  x5:0xb053e25e  x8=0xb053de7c
       29125000	      2911	80000828	013bc463	blt	x23,x19,80000830	 x23:0x80009fc4 x19:0x000002a6
       29135000	      2912	00000000	00000013	addi	x0,x0,0	  x0:0x00000000
       29145000	      2913	8000082c	00000013	addi	x0,x0,0	  x0:0x00000000
       29155000	      2914	80000830	00e49893	slli	x17,x9,0xe	  x9:0x000002a6 x17=0x00a98000
       29165000	      2915	80000834	00000013	addi	x0,x0,0	  x0:0x00000000
       29175000	      2916	80000838	0bb74793	xori	x15,x14,187	 x14:0x80009f38 x15=0x80009f83
       29185000	      2917	8000083c	0058dab3	srl	x21,x17,x5	 x17:0x00a98000  x5:0xb053e25e x21=0x00000000
       29195000	      2918	80000840	04e55463	bge	x10,x14,80000888	 x10:0x3e49873c x14:0x80009f38
       29205000	      2919	00000000	00000013	addi	x0,x0,0	  x0:0x00000000
       29215000	      2920	80000884	00000013	addi	x0,x0,0	  x0:0x00000000
       29225000	      2921	80000888	009e7f33	and	x30,x28,x9	 x28:0xe352f580  x9:0x000002a6 x30=0x00000080
       29235000	      2922	8000088c	01b10d33	add	x26,x2,x27	  x2:0x92f5d628 x27:0x00000000 x26=0x92f5d628
       29245000	      2923	80000890	01ceb333	sltu	x6,x29,x28	 x29:0x00002a38 x28:0xe352f580  x6=0x00000001
       29255000	      2924	80000894	00c10663	beq	x2,x12,800008a0	  x2:0x92f5d628 x12:0x00000000
       29265000	      2925	80000898	5c3cab13	slti	x22,x25,1475	 x25:0x00000000 x22=0x00000001
       29275000	      2926	8000089c	01759933	sll	x18,x11,x23	 x11:0x000002b7 x23:0x80009fc4 x18=0x00002b70
       29285000	      2927	800008a0	00674863	blt	x14,x6,800008b0	 x14:0x80009f38  x6:0x00000001
       29295000	      2928	00000000	00000013	addi	x0,x0,0	  x0:0x00000000
       29305000	      2929	800008ac	00000013	addi	x0,x0,0	  x0:0x00000000
       29315000	      2930	800008b0	00000013	addi	x0,x0,0	  x0:0x00000000
       29325000	      2931	800008b4	01ab40b3	xor	x1,x22,x26	 x22:0x00000001 x26:0x92f5d628  x1=0x92f5d629
       29335000	      2932	800008b8	f0d1e813	ori	x16,x3,-243	  x3:0x000000b1 x16=0xffffffbd
       29345000	      2933	800008bc	00566133	or	x2,x12,x5	 x12:0x00000000  x5:0xb053e25e  x2=0xb053e25e
       29355000	      2934	800008c0	01140c63	beq	x8,x17,800008d8	  x8:0xb053de7c x17:0x00a98000
       29365000	      2935	800008c4	012d5993	srli	x19,x26,0x12	 x26:0x92f5d628 x19=0x000024bd
       29375000	      2936	800008c8	01776b33	or	x22,x14,x23	 x14:0x80009f38 x23:0x80009fc4 x22=0x80009ffc
       29385000	      2937	800008cc	01734eb3	xor	x29,x6,x23	  x6:0x00000001 x23:0x80009fc4 x29=0x80009fc5
       29395000	      2938	800008d0	404a53b3	sra	x7,x20,x4	 x20:0x000003f1  x4:0x80009f38  x7=0x00000000
       29405000	      2939	800008d4	25c36e93	ori	x29,x6,604	  x6:0x00000001 x29=0x0000025d
       29415000	      2940	800008d8	029cf263	bgeu	x25,x9,800008fc	 x25:0x00000000  x9:0x000002a6
       29425000	      2941	800008dc	01739b33	sll	x22,x7,x23	  x7:0x00000000 x23:0x80009fc4 x22=0x00000000
       29435000	      2942	800008e0	04bc4463	blt	x24,x11,80000928	 x24:0x00000000 x11:0x000002b7
       29445000	      2943	00000000	00000013	addi	x0,x0,0	  x0:0x00000000
       29455000	      2944	80000924	00000013	addi	x0,x0,0	  x0:0x00000000
       29465000	      2945	80000928	26d96513	ori	x10,x18,621	 x18:0x00002b70 x10=0x00002b7d
       29475000	      2946	8000092c	012a1e63	bne	x20,x18,80000948	 x20:0x000003f1 x18:0x00002b70
       29485000	      2947	00000000	00000013	addi	x0,x0,0	  x0:0x00000000
       29495000	      2948	80000944	00000013	addi	x0,x0,0	  x0:0x00000000
       29505000	      2949	80000948	018f7933	and	x18,x30,x24	 x30:0x00000080 x24:0x00000000 x18=0x00000000
       29515000	      2950	8000094c	2f8e7493	andi	x9,x28,760	 x28:0xe352f580  x9=0x00000080
       29525000	      2951	80000950	f65fe493	ori	x9,x31,-155	 x31:0x00000000  x9=0xffffff65
       29535000	      2952	80000954	007ba4b3	slt	x9,x23,x7	 x23:0x80009fc4  x7:0x00000000  x9=0x00000001
       29545000	      2953	80000958	02aa0263	beq	x20,x10,8000097c	 x20:0x000003f1 x10:0x00002b7d
       29555000	      2954	8000095c	00c000b3	add	x1,x0,x12	  x0:0x00000000 x12:0x00000000  x1=0x00000000
       29565000	      2955	80000960	013e91b3	sll	x3,x29,x19	 x29:0x0000025d x19:0x000024bd  x3=0xa0000000
       29575000	      2956	80000964	004f9a33	sll	x20,x31,x4	 x31:0x00000000  x4:0x80009f38 x20=0x00000000
       29585000	      2957	80000968	0111f8b3	and	x17,x3,x17	  x3:0xa0000000 x17:0x00a98000 x17=0x00000000
       29595000	      2958	8000096c	01884eb3	xor	x29,x16,x24	 x16:0xffffffbd x24:0x00000000 x29=0xffffffbd
       29605000	      2959	80000970	0105a5b3	slt	x11,x11,x16	 x11:0x000002b7 x16:0xffffffbd x11=0x00000000
       29615000	      2960	80000974	014c6463	bltu	x24,x20,8000097c	 x24:0x00000000 x20:0x00000000
       29625000	      2961	80000978	00993433	sltu	x8,x18,x9	 x18:0x00000000  x9:0x00000001  x8=0x00000001
       29635000	      2962	8000097c	fc32c413	xori	x8,x5,-61	  x5:0xb053e25e  x8=0x4fac1d9d
       29645000	      2963	80000980	4159d313	srai	x6,x19,0x15	 x19:0x000024bd  x6=0x00000000
       29655000	      2964	80000984	00422603	lw	x12,4(x4)	  x4:0x80009f38 x12=0x80001fb0 PA:0x80009f3c
       29665000	      2965	80000988	418c5193	srai	x3,x24,0x18	 x24:0x00000000  x3=0x00000000
       29675000	      2966	8000098c	03820213	addi	x4,x4,56	  x4:0x80009f38  x4=0x80009f70
       29685000	      2967	80000990	40a58eb3	sub	x29,x11,x10	 x11:0x00000000 x10:0x00002b7d x29=0xffffd483
       29695000	      2968	80000994	2fb0af93	slti	x31,x1,763	  x1:0x00000000 x31=0x00000001
       29705000	      2969	80000998	11250f13	addi	x30,x10,274	 x10:0x00002b7d x30=0x00002c8f
       29715000	      2970	8000099c	081bed93	ori	x27,x23,129	 x23:0x80009fc4 x27=0x80009fc5
       29725000	      2971	800009a0	00060693	addi	x13,x12,0	 x12:0x80001fb0 x13=0x80001fb0
       29735000	      2972	800009a4	000686e7	jalr	x13,x13,0	 x13:0x80001fb0 x13=0x800009a4
       29745000	      2973	00000000	00000013	addi	x0,x0,0	  x0:0x00000000
       29755000	      2974	80001fb0	00000013	addi	x0,x0,0	  x0:0x00000000
       29765000	      2975	80001fb4	042cd663	bge	x25,x2,80002000	 x25:0x00000000  x2:0xb053e25e
       29775000	      2976	00000000	00000013	addi	x0,x0,0	  x0:0x00000000
       29785000	      2977	80001ffc	00000013	addi	x0,x0,0	  x0:0x00000000
       29795000	      2978	80002000	f49a8313	addi	x6,x21,-183	 x21:0x00000000  x6=0xffffff49
       29805000	      2979	80002004	9f5ca613	slti	x12,x25,-1547	 x25:0x00000000 x12=0x00000000
       29815000	      2980	80002008	a667f3b7	lui	x7,0xa667f	  x7=0xa667f000
       29825000	      2981	8000200c	3e5b6313	ori	x6,x22,997	 x22:0x00000000  x6=0x000003e5
       29835000	      2982	80002010	013a6eb3	or	x29,x20,x19	 x20:0x00000000 x19:0x000024bd x29=0x000024bd
       29845000	      2983	80002014	01c59f93	slli	x31,x11,0x1c	 x11:0x00000000 x31=0x00000000
       29855000	      2984	80002018	59cb0e17	auipc	x28,0x59cb0	 x28=0xd9cb2014
       29865000	      2985	8000201c	00000013	addi	x0,x0,0	  x0:0x00000000
       29875000	      2986	80002020	01095693	srli	x13,x18,0x10	 x18:0x00000000 x13=0x00000000
       29885000	      2987	80002024	00f4afb3	slt	x31,x9,x15	  x9:0x00000001 x15:0x80009f83 x31=0x00000000
       29895000	      2988	80002028	67373197	auipc	x3,0x67373	  x3=0xe7375024
       29905000	      2989	8000202c	0042da13	srli	x20,x5,0x4	  x5:0xb053e25e x20=0x0b053e25
       29915000	      2990	80002030	af89ca13	xori	x20,x19,-1288	 x19:0x000024bd x20=0xffffde45
       29925000	      2991	80002034	00000013	addi	x0,x0,0	  x0:0x00000000
       29935000	      2992	80002038	d551ed97	auipc	x27,0xd551e	 x27=0x55520034
       29945000	      2993	8000203c	77a28f13	addi	x30,x5,1914	  x5:0xb053e25e x30=0xb053e9d8
       29955000	      2994	80002040	03ed9463	bne	x27,x30,80002068	 x27:0x55520034 x30:0xb053e9d8
       29965000	      2995	00000000	00000013	addi	x0,x0,0	  x0:0x00000000
       29975000	      2996	80002064	00000013	addi	x0,x0,0	  x0:0x00000000
       29985000	      2997	80002068	014518b3	sll	x17,x10,x20	 x10:0x00002b7d x20:0xffffde45 x17=0x00056fa0
       29995000	      2998	8000206c	062a2c97	auipc	x25,0x62a2	 x25=0x862a4068
       30005000	      2999	80002070	02eada63	bge	x21,x14,800020a4	 x21:0x00000000 x14:0x80009f38
       30015000	      3000	00000000	00000013	addi	x0,x0,0	  x0:0x00000000
       30025000	      3001	800020a0	00000013	addi	x0,x0,0	  x0:0x00000000
       30035000	      3002	800020a4	01e4d133	srl	x2,x9,x30	  x9:0x00000001 x30:0xb053e9d8  x2=0x00000000
       30045000	      3003	800020a8	39fac913	xori	x18,x21,927	 x21:0x00000000 x18=0x0000039f
       30055000	      3004	800020ac	01509093	slli	x1,x1,0x15	  x1:0x00000000  x1=0x00000000
       30065000	      3005	800020b0	49013493	sltiu	x9,x2,1168	  x2:0x00000000  x9=0x00000001
       30075000	      3006	800020b4	009a0d33	add	x26,x20,x9	 x20:0xffffde45  x9:0x00000001 x26=0xffffde46
       30085000	      3007	800020b8	01181d93	slli	x27,x16,0x11	 x16:0xffffffbd x27=0xff7a0000
       30095000	      3008	800020bc	00babeb3	sltu	x29,x21,x11	 x21:0x00000000 x11:0x00000000 x29=0x00000000
       30105000	      3009	800020c0	3e468f93	addi	x31,x13,996	 x13:0x00000000 x31=0x000003e4
       30115000	      3010	800020c4	984a4393	xori	x7,x20,-1660	 x20:0xffffde45  x7=0x000027c1
       30125000	      3011	800020c8	004d3133	sltu	x2,x26,x4	 x26:0xffffde46  x4:0x80009f70  x2=0x00000000
       30135000	      3012	800020cc	001138b3	sltu	x17,x2,x1	  x2:0x00000000  x1:0x00000000 x17=0x00000000
       30145000	      3013	800020d0	01a2a7b3	slt	x15,x5,x26	  x5:0xb053e25e x26:0xffffde46 x15=0x00000001
       30155000	      3014	800020d4	039e5263	bge	x28,x25,800020f8	 x28:0xd9cb2014 x25:0x862a4068
       30165000	      3015	00000000	00000013	addi	x0,x0,0	  x0:0x00000000
       30175000	      3016	800020f4	00000013	addi	x0,x0,0	  x0:0x00000000
       30185000	      3017	800020f8	0093d7b3	srl	x15,x7,x9	  x7:0x000027c1  x9:0x00000001 x15=0x000013e0
       30195000	      3018	800020fc	018b8663	beq	x23,x24,80002108	 x23:0x80009fc4 x24:0x00000000
       30205000	      3019	80002100	6ceb7793	andi	x15,x22,1742	 x22:0x00000000 x15=0x00000000
       30215000	      3020	80002104	4d0d8b13	addi	x22,x27,1232	 x27:0xff7a0000 x22=0xff7a04d0
       30225000	      3021	80002108	6a901737	lui	x14,0x6a901	 x14=0x6a901000
       30235000	      3022	8000210c	0032a3b3	slt	x7,x5,x3	  x5:0xb053e25e  x3:0xe7375024  x7=0x00000001
       30245000	      3023	80002110	04061663	bne	x12,x0,8000215c	 x12:0x00000000  x0:0x00000000
       30255000	      3024	80002114	015a6833	or	x16,x20,x21	 x20:0xffffde45 x21:0x00000000 x16=0xffffde45
       30265000	      3025	80002118	00886033	or	x0,x16,x8	 x16:0xffffde45  x8:0x4fac1d9d
       30275000	      3026	8000211c	3270b413	sltiu	x8,x1,807	  x1:0x00000000  x8=0x00000001
       30285000	      3027	80002120	403a5513	srai	x10,x20,0x3	 x20:0xffffde45 x10=0xfffffbc8
       30295000	      3028	80002124	f3f1d017	auipc	x0,0xf3f1d	
       30305000	      3029	80002128	4119d113	srai	x2,x19,0x11	 x19:0x000024bd  x2=0x00000000
       30315000	      3030	8000212c	00f447b3	xor	x15,x8,x15	  x8:0x00000001 x15:0x00000000 x15=0x00000001
       30325000	      3031	80002130	41ded7b3	sra	x15,x29,x29	 x29:0x00000000 x29:0x00000000 x15=0x00000000
       30335000	      3032	80002134	00000013	addi	x0,x0,0	  x0:0x00000000
       30345000	      3033	80002138	003e59b3	srl	x19,x28,x3	 x28:0xd9cb2014  x3:0xe7375024 x19=0x0d9cb201
       30355000	      3034	8000213c	27d5e193	ori	x3,x11,637	 x11:0x00000000  x3=0x0000027d
       30365000	      3035	80002140	207d2813	slti	x16,x26,519	 x26:0xffffde46 x16=0x00000001
       30375000	      3036	80002144	01308933	add	x18,x1,x19	  x1:0x00000000 x19:0x0d9cb201 x18=0x0d9cb201
       30385000	      3037	80002148	00002533	slt	x10,x0,x0	  x0:0x00000000  x0:0x00000000 x10=0x00000000
       30395000	      3038	8000214c	00a491b3	sll	x3,x9,x10	  x9:0x00000001 x10:0x00000000  x3=0x00000001
       30405000	      3039	80002150	cc5f07b7	lui	x15,0xcc5f0	 x15=0xcc5f0000
       30415000	      3040	80002154	00000013	addi	x0,x0,0	  x0:0x00000000
       30425000	      3041	80002158	7ae2a693	slti	x13,x5,1966	  x5:0xb053e25e x13=0x00000001
       30435000	      3042	8000215c	34c0e913	ori	x18,x1,844	  x1:0x00000000 x18=0x0000034c
       30445000	      3043	80002160	228c7413	andi	x8,x24,552	 x24:0x00000000  x8=0x00000000
       30455000	      3044	80002164	40f88433	sub	x8,x17,x15	 x17:0x00000000 x15:0xcc5f0000  x8=0x33a10000
       30465000	      3045	80002168	01511933	sll	x18,x2,x21	  x2:0x00000000 x21:0x00000000 x18=0x00000000
       30475000	      3046	8000216c	03087863	bgeu	x16,x16,8000219c	 x16:0x00000001 x16:0x00000001
       30485000	      3047	00000000	00000013	addi	x0,x0,0	  x0:0x00000000
       30495000	      3048	80002198	00000013	addi	x0,x0,0	  x0:0x00000000
       30505000	      3049	8000219c	008a0e63	beq	x20,x8,800021b8	 x20:0xffffde45  x8:0x33a10000
       30515000	      3050	800021a0	016f9913	slli	x18,x31,0x16	 x31:0x000003e4 x18=0xf9000000
       30525000	      3051	800021a4	402d5e33	sra	x28,x26,x2	 x26:0xffffde46  x2:0x00000000 x28=0xffffde46
       30535000	      3052	800021a8	9cc4b613	sltiu	x12,x9,-1588	  x9:0x00000001 x12=0x00000001
       30545000	      3053	800021ac	05b16663	bltu	x2,x27,800021f8	  x2:0x00000000 x27:0xff7a0000
       30555000	      3054	00000000	00000013	addi	x0,x0,0	  x0:0x00000000
       30565000	      3055	800021f4	00000013	addi	x0,x0,0	  x0:0x00000000
       30575000	      3056	800021f8	db3d3f93	sltiu	x31,x26,-589	 x26:0xffffde46 x31=0x00000001
       30585000	      3057	800021fc	00000013	addi	x0,x0,0	  x0:0x00000000
       30595000	      3058	80002200	3ccb7813	andi	x16,x22,972	 x22:0xff7a04d0 x16=0x000000c0
       30605000	      3059	80002204	032dee63	bltu	x27,x18,80002240	 x27:0xff7a0000 x18:0xf9000000
       30615000	      3060	80002208	c43bb913	sltiu	x18,x23,-957	 x23:0x80009fc4 x18=0x00000001
       30625000	      3061	8000220c	41fdd013	srai	x0,x27,0x1f	 x27:0xff7a0000
       30635000	      3062	80002210	01171d93	slli	x27,x14,0x11	 x14:0x6a901000 x27=0x20000000
       30645000	      3063	80002214	55d06a93	ori	x21,x0,1373	  x0:0x00000000 x21=0x0000055d
       30655000	      3064	80002218	059e9663	bne	x29,x25,80002264	 x29:0x00000000 x25:0x862a4068
       30665000	      3065	00000000	00000013	addi	x0,x0,0	  x0:0x00000000
       30675000	      3066	80002260	00000013	addi	x0,x0,0	  x0:0x00000000
       30685000	      3067	80002264	03b1ee63	bltu	x3,x27,800022a0	  x3:0x00000001 x27:0x20000000
       30695000	      3068	00000000	00000013	addi	x0,x0,0	  x0:0x00000000
       30705000	      3069	8000229c	00000013	addi	x0,x0,0	  x0:0x00000000
       30715000	      3070	800022a0	417fd893	srai	x17,x31,0x17	 x31:0x00000001 x17=0x00000000
       30725000	      3071	800022a4	b11e4337	lui	x6,0xb11e4	  x6=0xb11e4000
       30735000	      3072	800022a8	f0ce6493	ori	x9,x28,-244	 x28:0xffffde46  x9=0xffffff4e
       30745000	      3073	800022ac	00dcd863	bge	x25,x13,800022bc	 x25:0x862a4068 x13:0x00000001
       30755000	      3074	800022b0	019e9e33	sll	x28,x29,x25	 x29:0x00000000 x25:0x862a4068 x28=0x00000000
       30765000	      3075	800022b4	40ce0f33	sub	x30,x28,x12	 x28:0x00000000 x12:0x00000001 x30=0xffffffff
       30775000	      3076	800022b8	86b07793	andi	x15,x0,-1941	  x0:0x00000000 x15=0x00000000
       30785000	      3077	800022bc	2a9bc1b7	lui	x3,0x2a9bc	  x3=0x2a9bc000
       30795000	      3078	800022c0	a6f2c313	xori	x6,x5,-1425	  x5:0xb053e25e  x6=0x4fac1831
       30805000	      3079	800022c4	10a98493	addi	x9,x19,266	 x19:0x0d9cb201  x9=0x0d9cb30b
       30815000	      3080	800022c8	b7277413	andi	x8,x14,-1166	 x14:0x6a901000  x8=0x6a901000
       30825000	      3081	800022cc	01faf663	bgeu	x21,x31,800022d8	 x21:0x0000055d x31:0x00000001
       30835000	      3082	00000000	00000013	addi	x0,x0,0	  x0:0x00000000
       30845000	      3083	800022d4	00000013	addi	x0,x0,0	  x0:0x00000000
       30855000	      3084	800022d8	01f440b3	xor	x1,x8,x31	  x8:0x6a901000 x31:0x00000001  x1=0x6a901001
       30865000	      3085	800022dc	0048f393	andi	x7,x17,4	 x17:0x00000000  x7=0x00000000
       30875000	      3086	800022e0	00f79733	sll	x14,x15,x15	 x15:0x00000000 x15:0x00000000 x14=0x00000000
       30885000	      3087	800022e4	3f4f3913	sltiu	x18,x30,1012	 x30:0xffffffff x18=0x00000000
       30895000	      3088	800022e8	289fa513	slti	x10,x31,649	 x31:0x00000001 x10=0x00000001
       30905000	      3089	800022ec	05ed1663	bne	x26,x30,80002338	 x26:0xffffde46 x30:0xffffffff
       30915000	      3090	00000000	00000013	addi	x0,x0,0	  x0:0x00000000
       30925000	      3091	80002334	00000013	addi	x0,x0,0	  x0:0x00000000
       30935000	      3092	80002338	6a58fa13	andi	x20,x17,1701	 x17:0x00000000 x20=0x00000000
       30945000	      3093	8000233c	92a02e13	slti	x28,x0,-1750	  x0:0x00000000 x28=0x00000000
       30955000	      3094	80002340	015c6c33	or	x24,x24,x21	 x24:0x00000000 x21:0x0000055d x24=0x0000055d
       30965000	      3095	80002344	00b58e63	beq	x11,x11,80002360	 x11:0x00000000 x11:0x00000000
       30975000	      3096	00000000	00000013	addi	x0,x0,0	  x0:0x00000000
       30985000	      3097	8000235c	00000013	addi	x0,x0,0	  x0:0x00000000
       30995000	      3098	80002360	2ec63113	sltiu	x2,x12,748	 x12:0x00000001  x2=0x00000001
       31005000	      3099	80002364	c6cede37	lui	x28,0xc6ced	 x28=0xc6ced000
       31015000	      3100	80002368	015f5393	srli	x7,x30,0x15	 x30:0xffffffff  x7=0x000007ff
       31025000	      3101	8000236c	41390a33	sub	x20,x18,x19	 x18:0x00000000 x19:0x0d9cb201 x20=0xf2634dff
       31035000	      3102	80002370	6c3f2417	auipc	x8,0x6c3f2	  x8=0xec3f436c
       31045000	      3103	80002374	02489e63	bne	x17,x4,800023b0	 x17:0x00000000  x4:0x80009f70
       31055000	      3104	00000000	00000013	addi	x0,x0,0	  x0:0x00000000
       31065000	      3105	800023ac	00000013	addi	x0,x0,0	  x0:0x00000000
       31075000	      3106	800023b0	01396663	bltu	x18,x19,800023bc	 x18:0x00000000 x19:0x0d9cb201
       31085000	      3107	00000000	00000013	addi	x0,x0,0	  x0:0x00000000
       31095000	      3108	800023b8	00000013	addi	x0,x0,0	  x0:0x00000000
       31105000	      3109	800023bc	cfbec813	xori	x16,x29,-773	 x29:0x00000000 x16=0xfffffcfb
       31115000	      3110	800023c0	00301fb3	sll	x31,x0,x3	  x0:0x00000000  x3:0x2a9bc000 x31=0x00000000
       31125000	      3111	800023c4	416ada13	srai	x20,x21,0x16	 x21:0x0000055d x20=0x00000000
       31135000	      3112	800023c8	414c50b3	sra	x1,x24,x20	 x24:0x0000055d x20:0x00000000  x1=0x0000055d
       31145000	      3113	800023cc	9b76aa93	slti	x21,x13,-1609	 x13:0x00000001 x21=0x00000000
       31155000	      3114	800023d0	004fd733	srl	x14,x31,x4	 x31:0x00000000  x4:0x80009f70 x14=0x00000000
       31165000	      3115	800023d4	5eb64c13	xori	x24,x12,1515	 x12:0x00000001 x24=0x000005ea
       31175000	      3116	800023d8	04790263	beq	x18,x7,8000241c	 x18:0x00000000  x7:0x000007ff
       31185000	      3117	800023dc	404e8cb3	sub	x25,x29,x4	 x29:0x00000000  x4:0x80009f70 x25=0x7fff6090
       31195000	      3118	800023e0	0052b0b3	sltu	x1,x5,x5	  x5:0xb053e25e  x5:0xb053e25e  x1=0x00000000
       31205000	      3119	800023e4	002b9c13	slli	x24,x23,0x2	 x23:0x80009fc4 x24=0x00027f10
       31215000	      3120	800023e8	56f30913	addi	x18,x6,1391	  x6:0x4fac1831 x18=0x4fac1da0
       31225000	      3121	800023ec	41285e13	srai	x28,x16,0x12	 x16:0xfffffcfb x28=0xffffffff
       31235000	      3122	800023f0	56c24993	xori	x19,x4,1388	  x4:0x80009f70 x19=0x80009a1c
       31245000	      3123	800023f4	03fac593	xori	x11,x21,63	 x21:0x00000000 x11=0x0000003f
       31255000	      3124	800023f8	04744663	blt	x8,x7,80002444	  x8:0xec3f436c  x7:0x000007ff
       31265000	      3125	00000000	00000013	addi	x0,x0,0	  x0:0x00000000
       31275000	      3126	80002440	00000013	addi	x0,x0,0	  x0:0x00000000
       31285000	      3127	80002444	c7bbf813	andi	x16,x23,-901	 x23:0x80009fc4 x16=0x80009c40
       31295000	      3128	80002448	41695713	srai	x14,x18,0x16	 x18:0x4fac1da0 x14=0x0000013e
       31305000	      3129	8000244c	0290e463	bltu	x1,x9,80002474	  x1:0x00000000  x9:0x0d9cb30b
       31315000	      3130	00000000	00000013	addi	x0,x0,0	  x0:0x00000000
       31325000	      3131	80002470	00000013	addi	x0,x0,0	  x0:0x00000000
       31335000	      3132	80002474	41d350b3	sra	x1,x6,x29	  x6:0x4fac1831 x29:0x00000000  x1=0x4fac1831
       31345000	      3133	80002478	01d427b3	slt	x15,x8,x29	  x8:0xec3f436c x29:0x00000000 x15=0x00000001
       31355000	      3134	8000247c	03c04263	blt	x0,x28,800024a0	  x0:0x00000000 x28:0xffffffff
       31365000	      3135	80002480	00c73eb3	sltu	x29,x14,x12	 x14:0x0000013e x12:0x00000001 x29=0x00000000
       31375000	      3136	80002484	01b25e33	srl	x28,x4,x27	  x4:0x80009f70 x27:0x20000000 x28=0x80009f70
       31385000	      3137	80002488	009009b3	add	x19,x0,x9	  x0:0x00000000  x9:0x0d9cb30b x19=0x0d9cb30b
       31395000	      3138	8000248c	009443b3	xor	x7,x8,x9	  x8:0xec3f436c  x9:0x0d9cb30b  x7=0xe1a3f067
       31405000	      3139	80002490	001e00b3	add	x1,x28,x1	 x28:0x80009f70  x1:0x4fac1831  x1=0xcfacb7a1
       31415000	      3140	80002494	00bce9b3	or	x19,x25,x11	 x25:0x7fff6090 x11:0x0000003f x19=0x7fff60bf
       31425000	      3141	80002498	41a9de33	sra	x28,x19,x26	 x19:0x7fff60bf x26:0xffffde46 x28=0x01fffd82
       31435000	      3142	8000249c	00000013	addi	x0,x0,0	  x0:0x00000000
       31445000	      3143	800024a0	0049dd13	srli	x26,x19,0x4	 x19:0x7fff60bf x26=0x07fff60b
       31455000	      3144	800024a4	0218c263	blt	x17,x1,800024c8	 x17:0x00000000  x1:0xcfacb7a1
       31465000	      3145	800024a8	00c2f633	and	x12,x5,x12	  x5:0xb053e25e x12:0x00000001 x12=0x00000000
       31475000	      3146	800024ac	026c1463	bne	x24,x6,800024d4	 x24:0x00027f10  x6:0x4fac1831
       31485000	      3147	00000000	00000013	addi	x0,x0,0	  x0:0x00000000
       31495000	      3148	800024d0	00000013	addi	x0,x0,0	  x0:0x00000000
       31505000	      3149	800024d4	00da24b3	slt	x9,x20,x13	 x20:0x00000000 x13:0x00000001  x9=0x00000001
       31515000	      3150	800024d8	a3d66617	auipc	x12,0xa3d66	 x12=0x23d684d4
       31525000	      3151	800024dc	0012f433	and	x8,x5,x1	  x5:0xb053e25e  x1:0xcfacb7a1  x8=0x8000a200
       31535000	      3152	800024e0	00bd8863	beq	x27,x11,800024f0	 x27:0x20000000 x11:0x0000003f
       31545000	      3153	800024e4	004070b3	and	x1,x0,x4	  x0:0x00000000  x4:0x80009f70  x1=0x00000000
       31555000	      3154	800024e8	e9cf7d13	andi	x26,x30,-356	 x30:0xffffffff x26=0xfffffe9c
       31565000	      3155	800024ec	03e1d037	lui	x0,0x3e1d	
       31575000	      3156	800024f0	f1fc4f93	xori	x31,x24,-225	 x24:0x00027f10 x31=0xfffd800f
       31585000	      3157	800024f4	00025893	srli	x17,x4,0x0	  x4:0x80009f70 x17=0x80009f70
       31595000	      3158	800024f8	2bf47313	andi	x6,x8,703	  x8:0x8000a200  x6=0x00000200
       31605000	      3159	800024fc	16894893	xori	x17,x18,360	 x18:0x4fac1da0 x17=0x4fac1cc8
       31615000	      3160	80002500	00c4a1b3	slt	x3,x9,x12	  x9:0x00000001 x12:0x23d684d4  x3=0x00000001
       31625000	      3161	80002504	015a8eb3	add	x29,x21,x21	 x21:0x00000000 x21:0x00000000 x29=0x00000000
       31635000	      3162	80002508	00934e63	blt	x6,x9,80002524	  x6:0x00000200  x9:0x00000001
       31645000	      3163	8000250c	04a27437	lui	x8,0x4a27	  x8=0x04a27000
       31655000	      3164	80002510	00a02933	slt	x18,x0,x10	  x0:0x00000000 x10:0x00000001 x18=0x00000001
       31665000	      3165	80002514	01da5663	bge	x20,x29,80002520	 x20:0x00000000 x29:0x00000000
       31675000	      3166	00000000	00000013	addi	x0,x0,0	  x0:0x00000000
       31685000	      3167	8000251c	00000013	addi	x0,x0,0	  x0:0x00000000
       31695000	      3168	80002520	003c7e63	bgeu	x24,x3,8000253c	 x24:0x00027f10  x3:0x00000001
       31705000	      3169	00000000	00000013	addi	x0,x0,0	  x0:0x00000000
       31715000	      3170	80002538	00000013	addi	x0,x0,0	  x0:0x00000000
       31725000	      3171	8000253c	00b38733	add	x14,x7,x11	  x7:0xe1a3f067 x11:0x0000003f x14=0xe1a3f0a6
       31735000	      3172	80002540	10576513	ori	x10,x14,261	 x14:0xe1a3f0a6 x10=0xe1a3f1a7
       31745000	      3173	80002544	05f06663	bltu	x0,x31,80002590	  x0:0x00000000 x31:0xfffd800f
       31755000	      3174	00000000	00000013	addi	x0,x0,0	  x0:0x00000000
       31765000	      3175	8000258c	00000013	addi	x0,x0,0	  x0:0x00000000
       31775000	      3176	80002590	03569863	bne	x13,x21,800025c0	 x13:0x00000001 x21:0x00000000
       31785000	      3177	00000000	00000013	addi	x0,x0,0	  x0:0x00000000
       31795000	      3178	800025bc	00000013	addi	x0,x0,0	  x0:0x00000000
       31805000	      3179	800025c0	0173d1b3	srl	x3,x7,x23	  x7:0xe1a3f067 x23:0x80009fc4  x3=0x0e1a3f06
       31815000	      3180	800025c4	0002cc63	blt	x5,x0,800025dc	  x5:0xb053e25e  x0:0x00000000
       31825000	      3181	00000000	00000013	addi	x0,x0,0	  x0:0x00000000
       31835000	      3182	800025d8	00000013	addi	x0,x0,0	  x0:0x00000000
       31845000	      3183	800025dc	05c70663	beq	x14,x28,80002628	 x14:0xe1a3f0a6 x28:0x01fffd82
       31855000	      3184	800025e0	92213893	sltiu	x17,x2,-1758	  x2:0x00000001 x17=0x00000001
       31865000	      3185	800025e4	cfc9e197	auipc	x3,0xcfc9e	  x3=0x4fca05e0
       31875000	      3186	800025e8	da2c6317	auipc	x6,0xda2c6	  x6=0x5a2c85e4
       31885000	      3187	800025ec	01b0f033	and	x0,x1,x27	  x1:0x00000000 x27:0x20000000
       31895000	      3188	800025f0	018da7b3	slt	x15,x27,x24	 x27:0x20000000 x24:0x00027f10 x15=0x00000000
       31905000	      3189	800025f4	40afd5b3	sra	x11,x31,x10	 x31:0xfffd800f x10:0xe1a3f1a7 x11=0xfffffb00
       31915000	      3190	800025f8	01d33f33	sltu	x30,x6,x29	  x6:0x5a2c85e4 x29:0x00000000 x30=0x00000000
       31925000	      3191	800025fc	00762e33	slt	x28,x12,x7	 x12:0x23d684d4  x7:0xe1a3f067 x28=0x00000000
       31935000	      3192	80002600	f24a8e13	addi	x28,x21,-220	 x21:0x00000000 x28=0xffffff24
       31945000	      3193	80002604	0543d263	bge	x7,x20,80002648	  x7:0xe1a3f067 x20:0x00000000
       31955000	      3194	80002608	01e378b3	and	x17,x6,x30	  x6:0x5a2c85e4 x30:0x00000000 x17=0x00000000
       31965000	      3195	8000260c	46d9e613	ori	x12,x19,1133	 x19:0x7fff60bf x12=0x7fff64ff
       31975000	      3196	80002610	03658593	addi	x11,x11,54	 x11:0xfffffb00 x11=0xfffffb36
       31985000	      3197	80002614	00000013	addi	x0,x0,0	  x0:0x00000000
       31995000	      3198	80002618	0199ea33	or	x20,x19,x25	 x19:0x7fff60bf x25:0x7fff6090 x20=0x7fff60bf
       32005000	      3199	8000261c	01ed5013	srli	x0,x26,0x1e	 x26:0xfffffe9c
       32015000	      3200	80002620	3bd13d13	sltiu	x26,x2,957	  x2:0x00000001 x26=0x00000001
       32025000	      3201	80002624	008b5833	srl	x16,x22,x8	 x22:0xff7a04d0  x8:0x04a27000 x16=0xff7a04d0
       32035000	      3202	80002628	01843733	sltu	x14,x8,x24	  x8:0x04a27000 x24:0x00027f10 x14=0x00000000
       32045000	      3203	8000262c	30a37613	andi	x12,x6,778	  x6:0x5a2c85e4 x12=0x00000100
       32055000	      3204	80002630	00000013	addi	x0,x0,0	  x0:0x00000000
       32065000	      3205	80002634	435df917	auipc	x18,0x435df	 x18=0xc35e1630
       32075000	      3206	80002638	4163d733	sra	x14,x7,x22	  x7:0xe1a3f067 x22:0xff7a04d0 x14=0xffffe1a3
       32085000	      3207	8000263c	99bfa493	slti	x9,x31,-1637	 x31:0xfffd800f  x9=0x00000001
       32095000	      3208	80002640	595a6013	ori	x0,x20,1429	 x20:0x7fff60bf
       32105000	      3209	80002644	009a1e33	sll	x28,x20,x9	 x20:0x7fff60bf  x9:0x00000001 x28=0xfffec17e
       32115000	      3210	80002648	41bd5d13	srai	x26,x26,0x1b	 x26:0x00000001 x26=0x00000000
       32125000	      3211	8000264c	02e1ee63	bltu	x3,x14,80002688	  x3:0x4fca05e0 x14:0xffffe1a3
       32135000	      3212	00000000	00000013	addi	x0,x0,0	  x0:0x00000000
       32145000	      3213	80002684	00000013	addi	x0,x0,0	  x0:0x00000000
       32155000	      3214	80002688	00597733	and	x14,x18,x5	 x18:0xc35e1630  x5:0xb053e25e x14=0x80520210
       32165000	      3215	8000268c	02be8063	beq	x29,x11,800026ac	 x29:0x00000000 x11:0xfffffb36
       32175000	      3216	80002690	03921c63	bne	x4,x25,800026c8	  x4:0x80009f70 x25:0x7fff6090
       32185000	      3217	00000000	00000013	addi	x0,x0,0	  x0:0x00000000
       32195000	      3218	800026c4	00000013	addi	x0,x0,0	  x0:0x00000000
       32205000	      3219	800026c8	40f05eb3	sra	x29,x0,x15	  x0:0x00000000 x15:0x00000000 x29=0x00000000
       32215000	      3220	800026cc	018b0d33	add	x26,x22,x24	 x22:0xff7a04d0 x24:0x00027f10 x26=0xff7c83e0
       32225000	      3221	800026d0	0069adb3	slt	x27,x19,x6	 x19:0x7fff60bf  x6:0x5a2c85e4 x27=0x00000000
       32235000	      3222	800026d4	03af6e63	bltu	x30,x26,80002710	 x30:0x00000000 x26:0xff7c83e0
       32245000	      3223	00000000	00000013	addi	x0,x0,0	  x0:0x00000000
       32255000	      3224	8000270c	00000013	addi	x0,x0,0	  x0:0x00000000
       32265000	      3225	80002710	63783f93	sltiu	x31,x16,1591	 x16:0xff7a04d0 x31=0x00000000
       32275000	      3226	80002714	6dc44e93	xori	x29,x8,1756	  x8:0x04a27000 x29=0x04a276dc
       32285000	      3227	80002718	3f6dfc97	auipc	x25,0x3f6df	 x25=0xbf6e1714
       32295000	      3228	8000271c	41c45513	srai	x10,x8,0x1c	  x8:0x04a27000 x10=0x00000000
       32305000	      3229	80002720	8ba86a13	ori	x20,x16,-1862	 x16:0xff7a04d0 x20=0xfffffcfa
       32315000	      3230	80002724	4105da93	srai	x21,x11,0x10	 x11:0xfffffb36 x21=0xffffffff
       32325000	      3231	80002728	a124ce93	xori	x29,x9,-1518	  x9:0x00000001 x29=0xfffffa13
       32335000	      3232	8000272c	01352c33	slt	x24,x10,x19	 x10:0x00000000 x19:0x7fff60bf x24=0x00000001
       32345000	      3233	80002730	0114fdb3	and	x27,x9,x17	  x9:0x00000001 x17:0x00000000 x27=0x00000000
       32355000	      3234	80002734	9a42a113	slti	x2,x5,-1628	  x5:0xb053e25e  x2=0x00000001
       32365000	      3235	80002738	4107d333	sra	x6,x15,x16	 x15:0x00000000 x16:0xff7a04d0  x6=0x00000000
       32375000	      3236	8000273c	bb568813	addi	x16,x13,-1099	 x13:0x00000001 x16=0xfffffbb6
       32385000	      3237	80002740	4ad777b7	lui	x15,0x4ad77	 x15=0x4ad77000
       32395000	      3238	80002744	41758b33	sub	x22,x11,x23	 x11:0xfffffb36 x23:0x80009fc4 x22=0x7fff5b72
       32405000	      3239	80002748	40a05193	srai	x3,x0,0xa	  x0:0x00000000  x3=0x00000000
       32415000	      3240	8000274c	403f4913	xori	x18,x30,1027	 x30:0x00000000 x18=0x00000403
       32425000	      3241	80002750	0114c663	blt	x9,x17,8000275c	  x9:0x00000001 x17:0x00000000
       32435000	      3242	80002754	0084b333	sltu	x6,x9,x8	  x9:0x00000001  x8:0x04a27000  x6=0x00000001
       32445000	      3243	80002758	52073713	sltiu	x14,x14,1312	 x14:0x80520210 x14=0x00000000
       32455000	      3244	8000275c	2572f913	andi	x18,x5,599	  x5:0xb053e25e x18=0x00000256
       32465000	      3245	80002760	0333ee63	bltu	x7,x19,8000279c	  x7:0xe1a3f067 x19:0x7fff60bf
       32475000	      3246	80002764	0141bdb3	sltu	x27,x3,x20	  x3:0x00000000 x20:0xfffffcfa x27=0x00000001
       32485000	      3247	80002768	01f437b3	sltu	x15,x8,x31	  x8:0x04a27000 x31:0x00000000 x15=0x00000000
       32495000	      3248	8000276c	01597863	bgeu	x18,x21,8000277c	 x18:0x00000256 x21:0xffffffff
       32505000	      3249	80002770	48b43913	sltiu	x18,x8,1163	  x8:0x04a27000 x18=0x00000000
       32515000	      3250	80002774	ef1183b7	lui	x7,0xef118	  x7=0xef118000
       32525000	      3251	80002778	000dce33	xor	x28,x27,x0	 x27:0x00000001  x0:0x00000000 x28=0x00000001
       32535000	      3252	8000277c	01efbe33	sltu	x28,x31,x30	 x31:0x00000000 x30:0x00000000 x28=0x00000000
       32545000	      3253	80002780	016df433	and	x8,x27,x22	 x27:0x00000001 x22:0x7fff5b72  x8=0x00000000
       32555000	      3254	80002784	016b5833	srl	x16,x22,x22	 x22:0x7fff5b72 x22:0x7fff5b72 x16=0x00001fff
       32565000	      3255	80002788	01e59c33	sll	x24,x11,x30	 x11:0xfffffb36 x30:0x00000000 x24=0xfffffb36
       32575000	      3256	8000278c	00c125b3	slt	x11,x2,x12	  x2:0x00000001 x12:0x00000100 x11=0x00000001
       32585000	      3257	80002790	01624c63	blt	x4,x22,800027a8	  x4:0x80009f70 x22:0x7fff5b72
       32595000	      3258	00000000	00000013	addi	x0,x0,0	  x0:0x00000000
       32605000	      3259	800027a4	00000013	addi	x0,x0,0	  x0:0x00000000
       32615000	      3260	800027a8	414606b3	sub	x13,x12,x20	 x12:0x00000100 x20:0xfffffcfa x13=0x00000406
       32625000	      3261	800027ac	050f7c63	bgeu	x30,x16,80002804	 x30:0x00000000 x16:0x00001fff
       32635000	      3262	800027b0	94040013	addi	x0,x8,-1728	  x8:0x00000000
       32645000	      3263	800027b4	05fc5863	bge	x24,x31,80002804	 x24:0xfffffb36 x31:0x00000000
       32655000	      3264	800027b8	00144733	xor	x14,x8,x1	  x8:0x00000000  x1:0x00000000 x14=0x00000000
       32665000	      3265	800027bc	00ed4db3	xor	x27,x26,x14	 x26:0xff7c83e0 x14:0x00000000 x27=0xff7c83e0
       32675000	      3266	800027c0	00449f33	sll	x30,x9,x4	  x9:0x00000001  x4:0x80009f70 x30=0x00010000
       32685000	      3267	800027c4	00000997	auipc	x19,0x0	 x19=0x800027c0
       32695000	      3268	800027c8	4a898993	addi	x19,x19,1192	 x19:0x800027c0 x19=0x80002c68
       32705000	      3269	800027cc	1ec98993	addi	x19,x19,492	 x19:0x80002c68 x19=0x80002e54
       32715000	      3270	800027d0	0011a933	slt	x18,x3,x1	  x3:0x00000000  x1:0x00000000 x18=0x00000000
       32725000	      3271	800027d4	01743e33	sltu	x28,x8,x23	  x8:0x00000000 x23:0x80009fc4 x28=0x00000001
       32735000	      3272	800027d8	a4c63697	auipc	x13,0xa4c63	 x13=0x24c657d4
       32745000	      3273	800027dc	003f1a63	bne	x30,x3,800027f0	 x30:0x00010000  x3:0x00000000
       32755000	      3274	00000000	00000013	addi	x0,x0,0	  x0:0x00000000
       32765000	      3275	800027ec	00000013	addi	x0,x0,0	  x0:0x00000000
       32775000	      3276	800027f0	e1498667	jalr	x12,x19,-492	 x19:0x80002e54 x12=0x800027f0
       32785000	      3277	00000000	00000013	addi	x0,x0,0	  x0:0x00000000
       32795000	      3278	80002c68	00000013	addi	x0,x0,0	  x0:0x00000000
       32805000	      3279	80002c6c	00000013	addi	x0,x0,0	  x0:0x00000000
       32815000	      3280	80002c70	00a8ce33	xor	x28,x17,x10	 x17:0x00000000 x10:0x00000000 x28=0x00000000
       32825000	      3281	80002c74	d908ce13	xori	x28,x17,-624	 x17:0x00000000 x28=0xfffffd90
       32835000	      3282	80002c78	01431593	slli	x11,x6,0x14	  x6:0x00000001 x11=0x00100000
       32845000	      3283	80002c7c	ff820213	addi	x4,x4,-8	  x4:0x80009f70  x4=0x80009f68
       32855000	      3284	80002c80	01ce85b3	add	x11,x29,x28	 x29:0xfffffa13 x28:0xfffffd90 x11=0xfffff7a3
       32865000	      3285	80002c84	00000013	addi	x0,x0,0	  x0:0x00000000
       32875000	      3286	80002c88	7c37a893	slti	x17,x15,1987	 x15:0x00000000 x17=0x00000001
       32885000	      3287	80002c8c	00c22223	sw	x12,4(x4)	  x4:0x80009f68 x12:0x800027f0 PA:0x80009f6c
       32895000	      3288	80002c90	629e8693	addi	x13,x29,1577	 x29:0xfffffa13 x13=0x0000003c
       32905000	      3289	80002c94	5b9c7a93	andi	x21,x24,1465	 x24:0xfffffb36 x21=0x00000130
       32915000	      3290	80002c98	00000797	auipc	x15,0x0	 x15=0x80002c94
       32925000	      3291	80002c9c	0c078793	addi	x15,x15,192	 x15:0x80002c94 x15=0x80002d54
       32935000	      3292	80002ca0	2ee12393	slti	x7,x2,750	  x2:0x00000001  x7=0x00000001
       32945000	      3293	80002ca4	05578793	addi	x15,x15,85	 x15:0x80002d54 x15=0x80002da9
       32955000	      3294	80002ca8	6c453e13	sltiu	x28,x10,1732	 x10:0x00000000 x28=0x00000001
       32965000	      3295	80002cac	40e605b3	sub	x11,x12,x14	 x12:0x800027f0 x14:0x00000000 x11=0x800027f0
       32975000	      3296	80002cb0	40dfd3b3	sra	x7,x31,x13	 x31:0x00000000 x13:0x0000003c  x7=0x00000000
       32985000	      3297	80002cb4	001cc863	blt	x25,x1,80002cc4	 x25:0xbf6e1714  x1:0x00000000
       32995000	      3298	00000000	00000013	addi	x0,x0,0	  x0:0x00000000
       33005000	      3299	80002cc0	00000013	addi	x0,x0,0	  x0:0x00000000
       33015000	      3300	80002cc4	fab78667	jalr	x12,x15,-85	 x15:0x80002da9 x12=0x80002cc4
       33025000	      3301	00000000	00000013	addi	x0,x0,0	  x0:0x00000000
       33035000	      3302	80002d54	00000013	addi	x0,x0,0	  x0:0x00000000
       33045000	      3303	80002d58	e1974a13	xori	x20,x14,-487	 x14:0x00000000 x20=0xfffffe19
       33055000	      3304	80002d5c	e05afc93	andi	x25,x21,-507	 x21:0x00000130 x25=0x00000000
       33065000	      3305	80002d60	fc820213	addi	x4,x4,-56	  x4:0x80009f68  x4=0x80009f30
       33075000	      3306	80002d64	0145d313	srli	x6,x11,0x14	 x11:0x800027f0  x6=0x00000800
       33085000	      3307	80002d68	01fcd413	srli	x8,x25,0x1f	 x25:0x00000000  x8=0x00000000
       33095000	      3308	80002d6c	00ec2933	slt	x18,x24,x14	 x24:0xfffffb36 x14:0x00000000 x18=0x00000001
       33105000	      3309	80002d70	24a80e93	addi	x29,x16,586	 x16:0x00001fff x29=0x00002249
       33115000	      3310	80002d74	003aaab3	slt	x21,x21,x3	 x21:0x00000130  x3:0x00000000 x21=0x00000000
       33125000	      3311	80002d78	00c22223	sw	x12,4(x4)	  x4:0x80009f30 x12:0x80002cc4 PA:0x80009f34
       33135000	      3312	80002d7c	69ddd837	lui	x16,0x69ddd	 x16=0x69ddd000
       33145000	      3313	80002d80	01069a33	sll	x20,x13,x16	 x13:0x0000003c x16:0x69ddd000 x20=0x0000003c
       33155000	      3314	80002d84	00b7cd33	xor	x26,x15,x11	 x15:0x80002da9 x11:0x800027f0 x26=0x00000a59
       33165000	      3315	80002d88	ffd00513	addi	x10,x0,-3	  x0:0x00000000 x10=0xfffffffd
       33175000	      3316	80002d8c	00c00d93	addi	x27,x0,12	  x0:0x00000000 x27=0x0000000c
       33185000	      3317	80002d90	29773e17	auipc	x28,0x29773	 x28=0xa9775d8c
       33195000	      3318	80002d94	0e4d7e13	andi	x28,x26,228	 x26:0x00000a59 x28=0x00000040
       33205000	      3319	80002d98	00350513	addi	x10,x10,3	 x10:0xfffffffd x10=0x00000000
       33215000	      3320	80002d9c	414d5ab3	sra	x21,x26,x20	 x26:0x00000a59 x20:0x0000003c x21=0x00000000
       33225000	      3321	80002da0	00500b13	addi	x22,x0,5	  x0:0x00000000 x22=0x00000005
       33235000	      3322	80002da4	00b00813	addi	x16,x0,11	  x0:0x00000000 x16=0x0000000b
       33245000	      3323	80002da8	8ff76a97	auipc	x21,0x8ff76	 x21=0x0ff78da4
       33255000	      3324	80002dac	005b0b13	addi	x22,x22,5	 x22:0x00000005 x22=0x0000000a
       33265000	      3325	80002db0	ff0b6ce3	bltu	x22,x16,80002da8	 x22:0x0000000a x16:0x0000000b
       33275000	      3326	00000000	00000013	addi	x0,x0,0	  x0:0x00000000
       33285000	      3327	80002da4	00000013	addi	x0,x0,0	  x0:0x00000000
       33295000	      3328	80002da8	8ff76a97	auipc	x21,0x8ff76	 x21=0x0ff78da4
       33305000	      3329	80002dac	005b0b13	addi	x22,x22,5	 x22:0x0000000a x22=0x0000000f
       33315000	      3330	80002db0	ff0b6ce3	bltu	x22,x16,80002da8	 x22:0x0000000f x16:0x0000000b
       33325000	      3331	80002db4	ffb510e3	bne	x10,x27,80002d94	 x10:0x00000000 x27:0x0000000c
       33335000	      3332	00000000	00000013	addi	x0,x0,0	  x0:0x00000000
       33345000	      3333	80002d90	00000013	addi	x0,x0,0	  x0:0x00000000
       33355000	      3334	80002d94	0e4d7e13	andi	x28,x26,228	 x26:0x00000a59 x28=0x00000040
       33365000	      3335	80002d98	00350513	addi	x10,x10,3	 x10:0x00000000 x10=0x00000003
       33375000	      3336	80002d9c	414d5ab3	sra	x21,x26,x20	 x26:0x00000a59 x20:0x0000003c x21=0x00000000
       33385000	      3337	80002da0	00500b13	addi	x22,x0,5	  x0:0x00000000 x22=0x00000005
       33395000	      3338	80002da4	00b00813	addi	x16,x0,11	  x0:0x00000000 x16=0x0000000b
       33405000	      3339	80002da8	8ff76a97	auipc	x21,0x8ff76	 x21=0x0ff78da4
       33415000	      3340	80002dac	005b0b13	addi	x22,x22,5	 x22:0x00000005 x22=0x0000000a
       33425000	      3341	80002db0	ff0b6ce3	bltu	x22,x16,80002da8	 x22:0x0000000a x16:0x0000000b
       33435000	      3342	00000000	00000013	addi	x0,x0,0	  x0:0x00000000
       33445000	      3343	80002da4	00000013	addi	x0,x0,0	  x0:0x00000000
       33455000	      3344	80002da8	8ff76a97	auipc	x21,0x8ff76	 x21=0x0ff78da4
       33465000	      3345	80002dac	005b0b13	addi	x22,x22,5	 x22:0x0000000a x22=0x0000000f
       33475000	      3346	80002db0	ff0b6ce3	bltu	x22,x16,80002da8	 x22:0x0000000f x16:0x0000000b
       33485000	      3347	80002db4	ffb510e3	bne	x10,x27,80002d94	 x10:0x00000003 x27:0x0000000c
       33495000	      3348	00000000	00000013	addi	x0,x0,0	  x0:0x00000000
       33505000	      3349	80002d90	00000013	addi	x0,x0,0	  x0:0x00000000
       33515000	      3350	80002d94	0e4d7e13	andi	x28,x26,228	 x26:0x00000a59 x28=0x00000040
       33525000	      3351	80002d98	00350513	addi	x10,x10,3	 x10:0x00000003 x10=0x00000006
       33535000	      3352	80002d9c	414d5ab3	sra	x21,x26,x20	 x26:0x00000a59 x20:0x0000003c x21=0x00000000
       33545000	      3353	80002da0	00500b13	addi	x22,x0,5	  x0:0x00000000 x22=0x00000005
       33555000	      3354	80002da4	00b00813	addi	x16,x0,11	  x0:0x00000000 x16=0x0000000b
       33565000	      3355	80002da8	8ff76a97	auipc	x21,0x8ff76	 x21=0x0ff78da4
       33575000	      3356	80002dac	005b0b13	addi	x22,x22,5	 x22:0x00000005 x22=0x0000000a
       33585000	      3357	80002db0	ff0b6ce3	bltu	x22,x16,80002da8	 x22:0x0000000a x16:0x0000000b
       33595000	      3358	00000000	00000013	addi	x0,x0,0	  x0:0x00000000
       33605000	      3359	80002da4	00000013	addi	x0,x0,0	  x0:0x00000000
       33615000	      3360	80002da8	8ff76a97	auipc	x21,0x8ff76	 x21=0x0ff78da4
       33625000	      3361	80002dac	005b0b13	addi	x22,x22,5	 x22:0x0000000a x22=0x0000000f
       33635000	      3362	80002db0	ff0b6ce3	bltu	x22,x16,80002da8	 x22:0x0000000f x16:0x0000000b
       33645000	      3363	80002db4	ffb510e3	bne	x10,x27,80002d94	 x10:0x00000006 x27:0x0000000c
       33655000	      3364	00000000	00000013	addi	x0,x0,0	  x0:0x00000000
       33665000	      3365	80002d90	00000013	addi	x0,x0,0	  x0:0x00000000
       33675000	      3366	80002d94	0e4d7e13	andi	x28,x26,228	 x26:0x00000a59 x28=0x00000040
       33685000	      3367	80002d98	00350513	addi	x10,x10,3	 x10:0x00000006 x10=0x00000009
       33695000	      3368	80002d9c	414d5ab3	sra	x21,x26,x20	 x26:0x00000a59 x20:0x0000003c x21=0x00000000
       33705000	      3369	80002da0	00500b13	addi	x22,x0,5	  x0:0x00000000 x22=0x00000005
       33715000	      3370	80002da4	00b00813	addi	x16,x0,11	  x0:0x00000000 x16=0x0000000b
       33725000	      3371	80002da8	8ff76a97	auipc	x21,0x8ff76	 x21=0x0ff78da4
       33735000	      3372	80002dac	005b0b13	addi	x22,x22,5	 x22:0x00000005 x22=0x0000000a
       33745000	      3373	80002db0	ff0b6ce3	bltu	x22,x16,80002da8	 x22:0x0000000a x16:0x0000000b
       33755000	      3374	00000000	00000013	addi	x0,x0,0	  x0:0x00000000
       33765000	      3375	80002da4	00000013	addi	x0,x0,0	  x0:0x00000000
       33775000	      3376	80002da8	8ff76a97	auipc	x21,0x8ff76	 x21=0x0ff78da4
       33785000	      3377	80002dac	005b0b13	addi	x22,x22,5	 x22:0x0000000a x22=0x0000000f
       33795000	      3378	80002db0	ff0b6ce3	bltu	x22,x16,80002da8	 x22:0x0000000f x16:0x0000000b
       33805000	      3379	80002db4	ffb510e3	bne	x10,x27,80002d94	 x10:0x00000009 x27:0x0000000c
       33815000	      3380	00000000	00000013	addi	x0,x0,0	  x0:0x00000000
       33825000	      3381	80002d90	00000013	addi	x0,x0,0	  x0:0x00000000
       33835000	      3382	80002d94	0e4d7e13	andi	x28,x26,228	 x26:0x00000a59 x28=0x00000040
       33845000	      3383	80002d98	00350513	addi	x10,x10,3	 x10:0x00000009 x10=0x0000000c
       33855000	      3384	80002d9c	414d5ab3	sra	x21,x26,x20	 x26:0x00000a59 x20:0x0000003c x21=0x00000000
       33865000	      3385	80002da0	00500b13	addi	x22,x0,5	  x0:0x00000000 x22=0x00000005
       33875000	      3386	80002da4	00b00813	addi	x16,x0,11	  x0:0x00000000 x16=0x0000000b
       33885000	      3387	80002da8	8ff76a97	auipc	x21,0x8ff76	 x21=0x0ff78da4
       33895000	      3388	80002dac	005b0b13	addi	x22,x22,5	 x22:0x00000005 x22=0x0000000a
       33905000	      3389	80002db0	ff0b6ce3	bltu	x22,x16,80002da8	 x22:0x0000000a x16:0x0000000b
       33915000	      3390	00000000	00000013	addi	x0,x0,0	  x0:0x00000000
       33925000	      3391	80002da4	00000013	addi	x0,x0,0	  x0:0x00000000
       33935000	      3392	80002da8	8ff76a97	auipc	x21,0x8ff76	 x21=0x0ff78da4
       33945000	      3393	80002dac	005b0b13	addi	x22,x22,5	 x22:0x0000000a x22=0x0000000f
       33955000	      3394	80002db0	ff0b6ce3	bltu	x22,x16,80002da8	 x22:0x0000000f x16:0x0000000b
       33965000	      3395	80002db4	ffb510e3	bne	x10,x27,80002d94	 x10:0x0000000c x27:0x0000000c
       33975000	      3396	80002db8	00000013	addi	x0,x0,0	  x0:0x00000000
       33985000	      3397	80002dbc	d0056c93	ori	x25,x10,-768	 x10:0x0000000c x25=0xfffffd0c
       33995000	      3398	80002dc0	40908933	sub	x18,x1,x9	  x1:0x00000000  x9:0x00000001 x18=0xffffffff
       34005000	      3399	80002dc4	00b3f9b3	and	x19,x7,x11	  x7:0x00000000 x11:0x800027f0 x19=0x00000000
       34015000	      3400	80002dc8	006c1f33	sll	x30,x24,x6	 x24:0xfffffb36  x6:0x00000800 x30=0xfffffb36
       34025000	      3401	80002dcc	0584f863	bgeu	x9,x24,80002e1c	  x9:0x00000001 x24:0xfffffb36
       34035000	      3402	80002dd0	007eec33	or	x24,x29,x7	 x29:0x00002249  x7:0x00000000 x24=0x00002249
       34045000	      3403	80002dd4	40ead013	srai	x0,x21,0xe	 x21:0x0ff78da4
       34055000	      3404	80002dd8	03eb0463	beq	x22,x30,80002e00	 x22:0x0000000f x30:0xfffffb36
       34065000	      3405	80002ddc	00093333	sltu	x6,x18,x0	 x18:0xffffffff  x0:0x00000000  x6=0x00000000
       34075000	      3406	80002de0	2a370c13	addi	x24,x14,675	 x14:0x00000000 x24=0x000002a3
       34085000	      3407	80002de4	bd49ea17	auipc	x20,0xbd49e	 x20=0x3d4a0de0
       34095000	      3408	80002de8	008078b3	and	x17,x0,x8	  x0:0x00000000  x8:0x00000000 x17=0x00000000
       34105000	      3409	80002dec	00fca4b3	slt	x9,x25,x15	 x25:0xfffffd0c x15:0x80002da9  x9=0x00000000
       34115000	      3410	80002df0	01e59b33	sll	x22,x11,x30	 x11:0x800027f0 x30:0xfffffb36 x22=0xfc000000
       34125000	      3411	80002df4	018706b3	add	x13,x14,x24	 x14:0x00000000 x24:0x000002a3 x13=0x000002a3
       34135000	      3412	80002df8	0077b0b3	sltu	x1,x15,x7	 x15:0x80002da9  x7:0x00000000  x1=0x00000000
       34145000	      3413	80002dfc	011e10b3	sll	x1,x28,x17	 x28:0x00000040 x17:0x00000000  x1=0x00000040
       34155000	      3414	80002e00	01248433	add	x8,x9,x18	  x9:0x00000000 x18:0xffffffff  x8=0xffffffff
       34165000	      3415	80002e04	6a34c993	xori	x19,x9,1699	  x9:0x00000000 x19=0x000006a3
       34175000	      3416	80002e08	86f3fa93	andi	x21,x7,-1937	  x7:0x00000000 x21=0x00000000
       34185000	      3417	80002e0c	00000013	addi	x0,x0,0	  x0:0x00000000
       34195000	      3418	80002e10	014c2133	slt	x2,x24,x20	 x24:0x000002a3 x20:0x3d4a0de0  x2=0x00000001
       34205000	      3419	80002e14	018a5813	srli	x16,x20,0x18	 x20:0x3d4a0de0 x16=0x0000003d
       34215000	      3420	80002e18	abcd7413	andi	x8,x26,-1348	 x26:0x00000a59  x8=0x00000a18
       34225000	      3421	80002e1c	01531663	bne	x6,x21,80002e28	  x6:0x00000000 x21:0x00000000
       34235000	      3422	80002e20	6e442813	slti	x16,x8,1764	  x8:0x00000a18 x16=0x00000000
       34245000	      3423	80002e24	01e2e9b3	or	x19,x5,x30	  x5:0xb053e25e x30:0xfffffb36 x19=0xfffffb7e
       34255000	      3424	80002e28	00195013	srli	x0,x18,0x1	 x18:0xffffffff
       34265000	      3425	80002e2c	01b7d8b3	srl	x17,x15,x27	 x15:0x80002da9 x27:0x0000000c x17=0x00080002
       34275000	      3426	80002e30	40f2d713	srai	x14,x5,0xf	  x5:0xb053e25e x14=0xffff60a7
       34285000	      3427	80002e34	01dbac33	slt	x24,x23,x29	 x23:0x80009fc4 x29:0x00002249 x24=0x00000001
       34295000	      3428	80002e38	010f31b3	sltu	x3,x30,x16	 x30:0xfffffb36 x16:0x00000000  x3=0x00000000
       34305000	      3429	80002e3c	013863b3	or	x7,x16,x19	 x16:0x00000000 x19:0xfffffb7e  x7=0xfffffb7e
       34315000	      3430	80002e40	41f45413	srai	x8,x8,0x1f	  x8:0x00000a18  x8=0x00000000
       34325000	      3431	80002e44	00b57733	and	x14,x10,x11	 x10:0x0000000c x11:0x800027f0 x14=0x00000000
       34335000	      3432	80002e48	0052f733	and	x14,x5,x5	  x5:0xb053e25e  x5:0xb053e25e x14=0xb053e25e
       34345000	      3433	80002e4c	9dfcf593	andi	x11,x25,-1569	 x25:0xfffffd0c x11=0xfffff90c
       34355000	      3434	80002e50	c5e7aa13	slti	x20,x15,-930	 x15:0x80002da9 x20=0x00000001
       34365000	      3435	80002e54	04c40463	beq	x8,x12,80002e9c	  x8:0x00000000 x12:0x80002cc4
       34375000	      3436	80002e58	00a386b3	add	x13,x7,x10	  x7:0xfffffb7e x10:0x0000000c x13=0xfffffb8a
       34385000	      3437	80002e5c	05075263	bge	x14,x16,80002ea0	 x14:0xb053e25e x16:0x00000000
       34395000	      3438	80002e60	637a7193	andi	x3,x20,1591	 x20:0x00000001  x3=0x00000001
       34405000	      3439	80002e64	025b7893	andi	x17,x22,37	 x22:0xfc000000 x17=0x00000000
       34415000	      3440	80002e68	6f6cd737	lui	x14,0x6f6cd	 x14=0x6f6cd000
       34425000	      3441	80002e6c	412053b3	sra	x7,x0,x18	  x0:0x00000000 x18:0xffffffff  x7=0x00000000
       34435000	      3442	80002e70	0141dd93	srli	x27,x3,0x14	  x3:0x00000001 x27=0x00000000
       34445000	      3443	80002e74	412180b3	sub	x1,x3,x18	  x3:0x00000001 x18:0xffffffff  x1=0x00000002
       34455000	      3444	80002e78	058a4263	blt	x20,x24,80002ebc	 x20:0x00000001 x24:0x00000001
       34465000	      3445	80002e7c	b5674e17	auipc	x28,0xb5674	 x28=0x35676e78
       34475000	      3446	80002e80	007a2733	slt	x14,x20,x7	 x20:0x00000001  x7:0x00000000 x14=0x00000000
       34485000	      3447	80002e84	542c7f93	andi	x31,x24,1346	 x24:0x00000001 x31=0x00000000
       34495000	      3448	80002e88	41555b13	srai	x22,x10,0x15	 x10:0x0000000c x22=0x00000000
       34505000	      3449	80002e8c	4d92b613	sltiu	x12,x5,1241	  x5:0xb053e25e x12=0x00000000
       34515000	      3450	80002e90	000ce5b3	or	x11,x25,x0	 x25:0xfffffd0c  x0:0x00000000 x11=0xfffffd0c
       34525000	      3451	80002e94	96ed8f13	addi	x30,x27,-1682	 x27:0x00000000 x30=0xfffff96e
       34535000	      3452	80002e98	01422533	slt	x10,x4,x20	  x4:0x80009f30 x20:0x00000001 x10=0x00000001
       34545000	      3453	80002e9c	02124663	blt	x4,x1,80002ec8	  x4:0x80009f30  x1:0x00000002
       34555000	      3454	00000000	00000013	addi	x0,x0,0	  x0:0x00000000
       34565000	      3455	80002ec4	00000013	addi	x0,x0,0	  x0:0x00000000
       34575000	      3456	80002ec8	a8fcf913	andi	x18,x25,-1393	 x25:0xfffffd0c x18=0xfffff80c
       34585000	      3457	80002ecc	01df8633	add	x12,x31,x29	 x31:0x00000000 x29:0x00002249 x12=0x00002249
       34595000	      3458	80002ed0	30d40c93	addi	x25,x8,781	  x8:0x00000000 x25=0x0000030d
       34605000	      3459	80002ed4	01d10f33	add	x30,x2,x29	  x2:0x00000001 x29:0x00002249 x30=0x0000224a
       34615000	      3460	80002ed8	dad0c417	auipc	x8,0xdad0c	  x8=0x5ad0eed4
       34625000	      3461	80002edc	00469113	slli	x2,x13,0x4	 x13:0xfffffb8a  x2=0xffffb8a0
       34635000	      3462	80002ee0	0199ef33	or	x30,x19,x25	 x19:0xfffffb7e x25:0x0000030d x30=0xfffffb7f
       34645000	      3463	80002ee4	00422603	lw	x12,4(x4)	  x4:0x80009f30 x12=0x80002cc4 PA:0x80009f34
       34655000	      3464	80002ee8	41dd06b3	sub	x13,x26,x29	 x26:0x00000a59 x29:0x00002249 x13=0xffffe810
       34665000	      3465	80002eec	03820213	addi	x4,x4,56	  x4:0x80009f30  x4=0x80009f68
       34675000	      3466	80002ef0	ecadc393	xori	x7,x27,-310	 x27:0x00000000  x7=0xfffffeca
       34685000	      3467	80002ef4	00160c93	addi	x25,x12,1	 x12:0x80002cc4 x25=0x80002cc5
       34695000	      3468	80002ef8	000c8ce7	jalr	x25,x25,0	 x25:0x80002cc5 x25=0x80002ef8
       34705000	      3469	00000000	00000013	addi	x0,x0,0	  x0:0x00000000
       34715000	      3470	80002cc4	00000013	addi	x0,x0,0	  x0:0x00000000
       34725000	      3471	80002cc8	018c36b3	sltu	x13,x24,x24	 x24:0x00000001 x24:0x00000001 x13=0x00000000
       34735000	      3472	80002ccc	419584b3	sub	x9,x11,x25	 x11:0xfffffd0c x25:0x80002ef8  x9=0x7fffce14
       34745000	      3473	80002cd0	0031d113	srli	x2,x3,0x3	  x3:0x00000001  x2=0x00000000
       34755000	      3474	80002cd4	01323833	sltu	x16,x4,x19	  x4:0x80009f68 x19:0xfffffb7e x16=0x00000001
       34765000	      3475	80002cd8	004a1463	bne	x20,x4,80002ce0	 x20:0x00000001  x4:0x80009f68
       34775000	      3476	00000000	00000013	addi	x0,x0,0	  x0:0x00000000
       34785000	      3477	80002cdc	00000013	addi	x0,x0,0	  x0:0x00000000
       34795000	      3478	80002ce0	21c0066f	jal	x12,80002ce0	 x12=0x80002ce0
       34805000	      3479	00000000	00000013	addi	x0,x0,0	  x0:0x00000000
       34815000	      3480	80002ef8	00000013	addi	x0,x0,0	  x0:0x00000000
       34825000	      3481	80002efc	01f70263	beq	x14,x31,80002f00	 x14:0x00000000 x31:0x00000000
       34835000	      3482	00000000	00000013	addi	x0,x0,0	  x0:0x00000000
       34845000	      3483	80002efc	00000013	addi	x0,x0,0	  x0:0x00000000
       34855000	      3484	80002f00	fcc20213	addi	x4,x4,-52	  x4:0x80009f68  x4=0x80009f34
       34865000	      3485	80002f04	ae367413	andi	x8,x12,-1309	 x12:0x80002ce0  x8=0x800028e0
       34875000	      3486	80002f08	00c22223	sw	x12,4(x4)	  x4:0x80009f34 x12:0x80002ce0 PA:0x80009f38
       34885000	      3487	80002f0c	41df5ab3	sra	x21,x30,x29	 x30:0xfffffb7f x29:0x00002249 x21=0xfffffffd
       34895000	      3488	80002f10	d6bfce13	xori	x28,x31,-661	 x31:0x00000000 x28=0xfffffd6b
       34905000	      3489	80002f14	00a07fb3	and	x31,x0,x10	  x0:0x00000000 x10:0x00000001 x31=0x00000000
       34915000	      3490	80002f18	418a5c13	srai	x24,x20,0x18	 x20:0x00000001 x24=0x00000000
       34925000	      3491	80002f1c	41cc5693	srai	x13,x24,0x1c	 x24:0x00000000 x13=0x00000000
       34935000	      3492	80002f20	40df5113	srai	x2,x30,0xd	 x30:0xfffffb7f  x2=0xffffffff
       34945000	      3493	80002f24	4169d813	srai	x16,x19,0x16	 x19:0xfffffb7e x16=0xffffffff
       34955000	      3494	80002f28	7cdf0517	auipc	x10,0x7cdf0	 x10=0xfcdf2f24
       34965000	      3495	80002f2c	00170e63	beq	x14,x1,80002f48	 x14:0x00000000  x1:0x00000002
       34975000	      3496	80002f30	4022d113	srai	x2,x5,0x2	  x5:0xb053e25e  x2=0xec14f897
       34985000	      3497	80002f34	01c61f33	sll	x30,x12,x28	 x12:0x80002ce0 x28:0xfffffd6b x30=0x01670000
       34995000	      3498	80002f38	00f05863	bge	x0,x15,80002f48	  x0:0x00000000 x15:0x80002da9
       35005000	      3499	00000000	00000013	addi	x0,x0,0	  x0:0x00000000
       35015000	      3500	80002f44	00000013	addi	x0,x0,0	  x0:0x00000000
       35025000	      3501	80002f48	01b81633	sll	x12,x16,x27	 x16:0xffffffff x27:0x00000000 x12=0xffffffff
       35035000	      3502	80002f4c	00e4b6b3	sltu	x13,x9,x14	  x9:0x7fffce14 x14:0x00000000 x13=0x00000000
       35045000	      3503	80002f50	40bcde13	srai	x28,x25,0xb	 x25:0x80002ef8 x28=0xfff00005
       35055000	      3504	80002f54	00422603	lw	x12,4(x4)	  x4:0x80009f34 x12=0x80002ce0 PA:0x80009f38
       35065000	      3505	00000000	00000013	addi	x0,x0,0	  x0:0x00000000
       35075000	      3506	80002f58	40cfd3b3	sra	x7,x31,x12	 x31:0x00000000 x12:0x80002ce0  x7=0x00000000
       35085000	      3507	80002f5c	00062d33	slt	x26,x12,x0	 x12:0x80002ce0  x0:0x00000000 x26=0x00000001
       35095000	      3508	80002f60	03420213	addi	x4,x4,52	  x4:0x80009f34  x4=0x80009f68
       35105000	      3509	80002f64	08afbe13	sltiu	x28,x31,138	 x31:0x00000000 x28=0x00000001
       35115000	      3510	80002f68	010c71b3	and	x3,x24,x16	 x24:0x00000000 x16:0xffffffff  x3=0x00000000
       35125000	      3511	80002f6c	0168c0b3	xor	x1,x17,x22	 x17:0x00000000 x22:0x00000000  x1=0x00000000
       35135000	      3512	80002f70	009fd413	srli	x8,x31,0x9	 x31:0x00000000  x8=0x00000000
       35145000	      3513	80002f74	a2e36eb7	lui	x29,0xa2e36	 x29=0xa2e36000
       35155000	      3514	80002f78	003018b3	sll	x17,x0,x3	  x0:0x00000000  x3:0x00000000 x17=0x00000000
       35165000	      3515	80002f7c	00160813	addi	x16,x12,1	 x12:0x80002ce0 x16=0x80002ce1
       35175000	      3516	80002f80	00080867	jalr	x16,x16,0	 x16:0x80002ce1 x16=0x80002f80
       35185000	      3517	00000000	00000013	addi	x0,x0,0	  x0:0x00000000
       35195000	      3518	80002ce0	00000013	addi	x0,x0,0	  x0:0x00000000
       35205000	      3519	80002ce4	413d8533	sub	x10,x27,x19	 x27:0x00000000 x19:0xfffffb7e x10=0x00000482
       35215000	      3520	80002ce8	411c8533	sub	x10,x25,x17	 x25:0x80002ef8 x17:0x00000000 x10=0x80002ef8
       35225000	      3521	80002cec	e7496693	ori	x13,x18,-396	 x18:0xfffff80c x13=0xfffffe7c
       35235000	      3522	80002cf0	02c54e63	blt	x10,x12,80002d2c	 x10:0x80002ef8 x12:0x80002ce0
       35245000	      3523	80002cf4	018ea6b3	slt	x13,x29,x24	 x29:0xa2e36000 x24:0x00000000 x13=0x00000001
       35255000	      3524	80002cf8	00990533	add	x10,x18,x9	 x18:0xfffff80c  x9:0x7fffce14 x10=0x7fffc620
       35265000	      3525	80002cfc	0106bc33	sltu	x24,x13,x16	 x13:0x00000001 x16:0x80002f80 x24=0x00000001
       35275000	      3526	80002d00	3fa6b613	sltiu	x12,x13,1018	 x13:0x00000001 x12=0x00000001
       35285000	      3527	80002d04	01561b13	slli	x22,x12,0x15	 x12:0x00000001 x22=0x00200000
       35295000	      3528	80002d08	03070263	beq	x14,x16,80002d2c	 x14:0x00000000 x16:0x80002f80
       35305000	      3529	80002d0c	01e390b3	sll	x1,x7,x30	  x7:0x00000000 x30:0x01670000  x1=0x00000000
       35315000	      3530	80002d10	41ab81b3	sub	x3,x23,x26	 x23:0x80009fc4 x26:0x00000001  x3=0x80009fc3
       35325000	      3531	80002d14	7f953393	sltiu	x7,x10,2041	 x10:0x7fffc620  x7=0x00000000
       35335000	      3532	80002d18	46277597	auipc	x11,0x46277	 x11=0xc6279d14
       35345000	      3533	80002d1c	01c91863	bne	x18,x28,80002d2c	 x18:0xfffff80c x28:0x00000001
       35355000	      3534	00000000	00000013	addi	x0,x0,0	  x0:0x00000000
       35365000	      3535	80002d28	00000013	addi	x0,x0,0	  x0:0x00000000
       35375000	      3536	80002d2c	006d44b3	xor	x9,x26,x6	 x26:0x00000001  x6:0x00000000  x9=0x00000001
       35385000	      3537	80002d30	00422603	lw	x12,4(x4)	  x4:0x80009f68 x12=0x800027f0 PA:0x80009f6c
       35395000	      3538	80002d34	014e7cb3	and	x25,x28,x20	 x28:0x00000001 x20:0x00000001 x25=0x00000001
       35405000	      3539	80002d38	0094e0b3	or	x1,x9,x9	  x9:0x00000001  x9:0x00000001  x1=0x00000001
       35415000	      3540	80002d3c	00820213	addi	x4,x4,8	  x4:0x80009f68  x4=0x80009f70
       35425000	      3541	80002d40	0049c533	xor	x10,x19,x4	 x19:0xfffffb7e  x4:0x80009f70 x10=0x7fff640e
       35435000	      3542	80002d44	00ef9ab3	sll	x21,x31,x14	 x31:0x00000000 x14:0x00000000 x21=0x00000000
       35445000	      3543	80002d48	1c89b793	sltiu	x15,x19,456	 x19:0xfffffb7e x15=0x00000000
       35455000	      3544	80002d4c	c35d2893	slti	x17,x26,-971	 x26:0x00000001 x17=0x00000000
       35465000	      3545	80002d50	00060993	addi	x19,x12,0	 x12:0x800027f0 x19=0x800027f0
       35475000	      3546	80002d54	000989e7	jalr	x19,x19,0	 x19:0x800027f0 x19=0x80002d54
       35485000	      3547	00000000	00000013	addi	x0,x0,0	  x0:0x00000000
       35495000	      3548	800027f0	00000013	addi	x0,x0,0	  x0:0x00000000
       35505000	      3549	800027f4	1f703693	sltiu	x13,x0,503	  x0:0x00000000 x13=0x00000001
       35515000	      3550	800027f8	f38fc893	xori	x17,x31,-200	 x31:0x00000000 x17=0xffffff38
       35525000	      3551	800027fc	01af0c33	add	x24,x30,x26	 x30:0x01670000 x26:0x00000001 x24=0x01670001
       35535000	      3552	80002800	021be463	bltu	x23,x1,80002828	 x23:0x80009fc4  x1:0x00000001
       35545000	      3553	80002804	03000263	beq	x0,x16,80002828	  x0:0x00000000 x16:0x80002f80
       35555000	      3554	80002808	00c0d813	srli	x16,x1,0xc	  x1:0x00000001 x16=0x00000000
       35565000	      3555	8000280c	00745693	srli	x13,x8,0x7	  x8:0x00000000 x13=0x00000000
       35575000	      3556	80002810	ab312b13	slti	x22,x2,-1357	  x2:0xec14f897 x22=0x00000001
       35585000	      3557	80002814	00fb5a93	srli	x21,x22,0xf	 x22:0x00000001 x21=0x00000000
       35595000	      3558	80002818	010bfab3	and	x21,x23,x16	 x23:0x80009fc4 x16:0x00000000 x21=0x00000000
       35605000	      3559	8000281c	032ee263	bltu	x29,x18,80002840	 x29:0xa2e36000 x18:0xfffff80c
       35615000	      3560	00000000	00000013	addi	x0,x0,0	  x0:0x00000000
       35625000	      3561	8000283c	00000013	addi	x0,x0,0	  x0:0x00000000
       35635000	      3562	80002840	00000013	addi	x0,x0,0	  x0:0x00000000
       35645000	      3563	80002844	0135adb3	slt	x27,x11,x19	 x11:0xc6279d14 x19:0x80002d54 x27=0x00000000
       35655000	      3564	80002848	005d5a63	bge	x26,x5,8000285c	 x26:0x00000001  x5:0xb053e25e
       35665000	      3565	00000000	00000013	addi	x0,x0,0	  x0:0x00000000
       35675000	      3566	80002858	00000013	addi	x0,x0,0	  x0:0x00000000
       35685000	      3567	8000285c	41a75a93	srai	x21,x14,0x1a	 x14:0x00000000 x21=0x00000000
       35695000	      3568	80002860	0bd6c413	xori	x8,x13,189	 x13:0x00000000  x8=0x000000bd
       35705000	      3569	80002864	0cf6ea63	bltu	x13,x15,80002938	 x13:0x00000000 x15:0x00000000
       35715000	      3570	80002868	03fa2717	auipc	x14,0x3fa2	 x14=0x83fa4864
       35725000	      3571	8000286c	01bd0e33	add	x28,x26,x27	 x26:0x00000001 x27:0x00000000 x28=0x00000001
       35735000	      3572	80002870	43a8f817	auipc	x16,0x43a8f	 x16=0xc3a9186c
       35745000	      3573	80002874	75c66393	ori	x7,x12,1884	 x12:0x800027f0  x7=0x800027fc
       35755000	      3574	80002878	9868b593	sltiu	x11,x17,-1658	 x17:0xffffff38 x11=0x00000000
       35765000	      3575	8000287c	00145813	srli	x16,x8,0x1	  x8:0x000000bd x16=0x0000005e
       35775000	      3576	80002880	00eaf733	and	x14,x21,x14	 x21:0x00000000 x14:0x83fa4864 x14=0x00000000
       35785000	      3577	80002884	a43a8a13	addi	x20,x21,-1469	 x21:0x00000000 x20=0xfffffa43
       35795000	      3578	80002888	00000013	addi	x0,x0,0	  x0:0x00000000
       35805000	      3579	8000288c	b8cf3b37	lui	x22,0xb8cf3	 x22=0xb8cf3000
       35815000	      3580	80002890	e33c55b7	lui	x11,0xe33c5	 x11=0xe33c5000
       35825000	      3581	80002894	00400093	addi	x1,x0,4	  x0:0x00000000  x1=0x00000004
       35835000	      3582	80002898	04fa3013	sltiu	x0,x20,79	 x20:0xfffffa43
       35845000	      3583	8000289c	011c1693	slli	x13,x24,0x11	 x24:0x01670001 x13=0x00020000
       35855000	      3584	800028a0	013671b3	and	x3,x12,x19	 x12:0x800027f0 x19:0x80002d54  x3=0x80002550
       35865000	      3585	800028a4	41ca0833	sub	x16,x20,x28	 x20:0xfffffa43 x28:0x00000001 x16=0xfffffa42
       35875000	      3586	800028a8	b0180493	addi	x9,x16,-1279	 x16:0xfffffa42  x9=0xfffff543
       35885000	      3587	800028ac	00600b13	addi	x22,x0,6	  x0:0x00000000 x22=0x00000006
       35895000	      3588	800028b0	242d5317	auipc	x6,0x242d5	  x6=0xa42d78ac
       35905000	      3589	800028b4	045bb813	sltiu	x16,x23,69	 x23:0x80009fc4 x16=0x00000000
       35915000	      3590	800028b8	00808093	addi	x1,x1,8	  x1:0x00000004  x1=0x0000000c
       35925000	      3591	800028bc	a26c7517	auipc	x10,0xa26c7	 x10=0x226c98b8
       35935000	      3592	800028c0	427ac493	xori	x9,x21,1063	 x21:0x00000000  x9=0x00000427
       35945000	      3593	800028c4	005a3733	sltu	x14,x20,x5	 x20:0xfffffa43  x5:0xb053e25e x14=0x00000000
       35955000	      3594	800028c8	fff00d13	addi	x26,x0,-1	  x0:0x00000000 x26=0xffffffff
       35965000	      3595	800028cc	01a19c33	sll	x24,x3,x26	  x3:0x80002550 x26:0xffffffff x24=0x00000000
       35975000	      3596	800028d0	34d96eb7	lui	x29,0x34d96	 x29=0x34d96000
       35985000	      3597	800028d4	00000013	addi	x0,x0,0	  x0:0x00000000
       35995000	      3598	800028d8	018c69b3	or	x19,x24,x24	 x24:0x00000000 x24:0x00000000 x19=0x00000000
       36005000	      3599	800028dc	40d60833	sub	x16,x12,x13	 x12:0x800027f0 x13:0x00020000 x16=0x7ffe27f0
       36015000	      3600	800028e0	f7ff0e17	auipc	x28,0xf7ff0	 x28=0x77ff28dc
       36025000	      3601	800028e4	ae1ac393	xori	x7,x21,-1311	 x21:0x00000000  x7=0xfffffae1
       36035000	      3602	800028e8	ff200893	addi	x17,x0,-14	  x0:0x00000000 x17=0xfffffff2
       36045000	      3603	800028ec	00e50833	add	x16,x10,x14	 x10:0x226c98b8 x14:0x00000000 x16=0x226c98b8
       36055000	      3604	800028f0	41bc8933	sub	x18,x25,x27	 x25:0x00000001 x27:0x00000000 x18=0x00000001
       36065000	      3605	800028f4	220d0493	addi	x9,x26,544	 x26:0xffffffff  x9=0x0000021f
       36075000	      3606	800028f8	ffad0d13	addi	x26,x26,-6	 x26:0xffffffff x26=0xfffffff9
       36085000	      3607	800028fc	0053e3b3	or	x7,x7,x5	  x7:0xfffffae1  x5:0xb053e25e  x7=0xfffffaff
       36095000	      3608	80002900	41ac07b3	sub	x15,x24,x26	 x24:0x00000000 x26:0xfffffff9 x15=0x00000007
       36105000	      3609	80002904	ff1d58e3	bge	x26,x17,800028f4	 x26:0xfffffff9 x17:0xfffffff2
       36115000	      3610	00000000	00000013	addi	x0,x0,0	  x0:0x00000000
       36125000	      3611	800028f0	00000013	addi	x0,x0,0	  x0:0x00000000
       36135000	      3612	800028f4	220d0493	addi	x9,x26,544	 x26:0xfffffff9  x9=0x00000219
       36145000	      3613	800028f8	ffad0d13	addi	x26,x26,-6	 x26:0xfffffff9 x26=0xfffffff3
       36155000	      3614	800028fc	0053e3b3	or	x7,x7,x5	  x7:0xfffffaff  x5:0xb053e25e  x7=0xfffffaff
       36165000	      3615	80002900	41ac07b3	sub	x15,x24,x26	 x24:0x00000000 x26:0xfffffff3 x15=0x0000000d
       36175000	      3616	80002904	ff1d58e3	bge	x26,x17,800028f4	 x26:0xfffffff3 x17:0xfffffff2
       36185000	      3617	00000000	00000013	addi	x0,x0,0	  x0:0x00000000
       36195000	      3618	800028f0	00000013	addi	x0,x0,0	  x0:0x00000000
       36205000	      3619	800028f4	220d0493	addi	x9,x26,544	 x26:0xfffffff3  x9=0x00000213
       36215000	      3620	800028f8	ffad0d13	addi	x26,x26,-6	 x26:0xfffffff3 x26=0xffffffed
       36225000	      3621	800028fc	0053e3b3	or	x7,x7,x5	  x7:0xfffffaff  x5:0xb053e25e  x7=0xfffffaff
       36235000	      3622	80002900	41ac07b3	sub	x15,x24,x26	 x24:0x00000000 x26:0xffffffed x15=0x00000013
       36245000	      3623	80002904	ff1d58e3	bge	x26,x17,800028f4	 x26:0xffffffed x17:0xfffffff2
       36255000	      3624	80002908	00000013	addi	x0,x0,0	  x0:0x00000000
       36265000	      3625	8000290c	dbc8a613	slti	x12,x17,-580	 x17:0xfffffff2 x12=0x00000000
       36275000	      3626	80002910	6e4be113	ori	x2,x23,1764	 x23:0x80009fc4  x2=0x80009fe4
       36285000	      3627	80002914	fb60e0e3	bltu	x1,x22,800028b4	  x1:0x0000000c x22:0x00000006
       36295000	      3628	80002918	006e8db3	add	x27,x29,x6	 x29:0x34d96000  x6:0xa42d78ac x27=0xd906d8ac
       36305000	      3629	8000291c	21fa7913	andi	x18,x20,543	 x20:0xfffffa43 x18=0x00000203
       36315000	      3630	80002920	000f1693	slli	x13,x30,0x0	 x30:0x01670000 x13=0x01670000
       36325000	      3631	80002924	007bcb33	xor	x22,x23,x7	 x23:0x80009fc4  x7:0xfffffaff x22=0x7fff653b
       36335000	      3632	80002928	01320333	add	x6,x4,x19	  x4:0x80009f70 x19:0x00000000  x6=0x80009f70
       36345000	      3633	8000292c	0555c663	blt	x11,x21,80002978	 x11:0xe33c5000 x21:0x00000000
       36355000	      3634	00000000	00000013	addi	x0,x0,0	  x0:0x00000000
       36365000	      3635	80002974	00000013	addi	x0,x0,0	  x0:0x00000000
       36375000	      3636	80002978	04f11663	bne	x2,x15,800029c4	  x2:0x80009fe4 x15:0x00000013
       36385000	      3637	00000000	00000013	addi	x0,x0,0	  x0:0x00000000
       36395000	      3638	800029c0	00000013	addi	x0,x0,0	  x0:0x00000000
       36405000	      3639	800029c4	0de70263	beq	x14,x30,80002a88	 x14:0x00000000 x30:0x01670000
       36415000	      3640	800029c8	0222e063	bltu	x5,x2,800029e8	  x5:0xb053e25e  x2:0x80009fe4
       36425000	      3641	800029cc	40915a13	srai	x20,x2,0x9	  x2:0x80009fe4 x20=0xffc0004f
       36435000	      3642	800029d0	00bf7933	and	x18,x30,x11	 x30:0x01670000 x11:0xe33c5000 x18=0x01240000
       36445000	      3643	800029d4	4101d593	srai	x11,x3,0x10	  x3:0x80002550 x11=0xffff8000
       36455000	      3644	800029d8	40985f13	srai	x30,x16,0x9	 x16:0x226c98b8 x30=0x0011364c
       36465000	      3645	800029dc	0137e1b3	or	x3,x15,x19	 x15:0x00000013 x19:0x00000000  x3=0x00000013
       36475000	      3646	800029e0	79facd37	lui	x26,0x79fac	 x26=0x79fac000
       36485000	      3647	800029e4	01502033	slt	x0,x0,x21	  x0:0x00000000 x21:0x00000000
       36495000	      3648	800029e8	1da78e13	addi	x28,x15,474	 x15:0x00000013 x28=0x000001ed
       36505000	      3649	800029ec	410ad6b3	sra	x13,x21,x16	 x21:0x00000000 x16:0x226c98b8 x13=0x00000000
       36515000	      3650	800029f0	40e251b3	sra	x3,x4,x14	  x4:0x80009f70 x14:0x00000000  x3=0x80009f70
       36525000	      3651	800029f4	0d94d263	bge	x9,x25,80002ab8	  x9:0x00000213 x25:0x00000001
       36535000	      3652	00000000	00000013	addi	x0,x0,0	  x0:0x00000000
       36545000	      3653	80002ab4	00000013	addi	x0,x0,0	  x0:0x00000000
       36555000	      3654	80002ab8	d66fef13	ori	x30,x31,-666	 x31:0x00000000 x30=0xfffffd66
       36565000	      3655	80002abc	03afc263	blt	x31,x26,80002ae0	 x31:0x00000000 x26:0x79fac000
       36575000	      3656	00000000	00000013	addi	x0,x0,0	  x0:0x00000000
       36585000	      3657	80002adc	00000013	addi	x0,x0,0	  x0:0x00000000
       36595000	      3658	80002ae0	10c56c93	ori	x25,x10,268	 x10:0x226c98b8 x25=0x226c99bc
       36605000	      3659	80002ae4	106daf13	slti	x30,x27,262	 x27:0xd906d8ac x30=0x00000001
       36615000	      3660	80002ae8	00000013	addi	x0,x0,0	  x0:0x00000000
       36625000	      3661	80002aec	b4d20c97	auipc	x25,0xb4d20	 x25=0x34d22ae8
       36635000	      3662	80002af0	03018863	beq	x3,x16,80002b20	  x3:0x80009f70 x16:0x226c98b8
       36645000	      3663	80002af4	03037a63	bgeu	x6,x16,80002b28	  x6:0x80009f70 x16:0x226c98b8
       36655000	      3664	00000000	00000013	addi	x0,x0,0	  x0:0x00000000
       36665000	      3665	80002b24	00000013	addi	x0,x0,0	  x0:0x00000000
       36675000	      3666	80002b28	2cc1b313	sltiu	x6,x3,716	  x3:0x80009f70  x6=0x00000000
       36685000	      3667	80002b2c	a2ae2713	slti	x14,x28,-1494	 x28:0x000001ed x14=0x00000000
       36695000	      3668	80002b30	00899c93	slli	x25,x19,0x8	 x19:0x00000000 x25=0x00000000
       36705000	      3669	80002b34	41315b33	sra	x22,x2,x19	  x2:0x80009fe4 x19:0x00000000 x22=0x80009fe4
       36715000	      3670	80002b38	ec0c7937	lui	x18,0xec0c7	 x18=0xec0c7000
       36725000	      3671	80002b3c	02926e63	bltu	x4,x9,80002b78	  x4:0x80009f70  x9:0x00000213
       36735000	      3672	80002b40	419051b3	sra	x3,x0,x25	  x0:0x00000000 x25:0x00000000  x3=0x00000000
       36745000	      3673	80002b44	02ef4263	blt	x30,x14,80002b68	 x30:0x00000001 x14:0x00000000
       36755000	      3674	80002b48	0118f833	and	x16,x17,x17	 x17:0xfffffff2 x17:0xfffffff2 x16=0xfffffff2
       36765000	      3675	80002b4c	01987633	and	x12,x16,x25	 x16:0xfffffff2 x25:0x00000000 x12=0x00000000
       36775000	      3676	80002b50	002c3f33	sltu	x30,x24,x2	 x24:0x00000000  x2:0x80009fe4 x30=0x00000001
       36785000	      3677	80002b54	03829e63	bne	x5,x24,80002b90	  x5:0xb053e25e x24:0x00000000
       36795000	      3678	00000000	00000013	addi	x0,x0,0	  x0:0x00000000
       36805000	      3679	80002b8c	00000013	addi	x0,x0,0	  x0:0x00000000
       36815000	      3680	80002b90	2faee493	ori	x9,x29,762	 x29:0x34d96000  x9=0x34d962fa
       36825000	      3681	80002b94	99c2bf93	sltiu	x31,x5,-1636	  x5:0xb053e25e x31=0x00000001
       36835000	      3682	80002b98	0094e833	or	x16,x9,x9	  x9:0x34d962fa  x9:0x34d962fa x16=0x34d962fa
       36845000	      3683	80002b9c	01aed793	srli	x15,x29,0x1a	 x29:0x34d96000 x15=0x0000000d
       36855000	      3684	80002ba0	03756863	bltu	x10,x23,80002bd0	 x10:0x226c98b8 x23:0x80009fc4
       36865000	      3685	00000000	00000013	addi	x0,x0,0	  x0:0x00000000
       36875000	      3686	80002bcc	00000013	addi	x0,x0,0	  x0:0x00000000
       36885000	      3687	80002bd0	02a24263	blt	x4,x10,80002bf4	  x4:0x80009f70 x10:0x226c98b8
       36895000	      3688	00000000	00000013	addi	x0,x0,0	  x0:0x00000000
       36905000	      3689	80002bf0	00000013	addi	x0,x0,0	  x0:0x00000000
       36915000	      3690	80002bf4	4052dfb3	sra	x31,x5,x5	  x5:0xb053e25e  x5:0xb053e25e x31=0xfffffffe
       36925000	      3691	80002bf8	00589033	sll	x0,x17,x5	 x17:0xfffffff2  x5:0xb053e25e
       36935000	      3692	80002bfc	04fa1663	bne	x20,x15,80002c48	 x20:0xffc0004f x15:0x0000000d
       36945000	      3693	00000000	00000013	addi	x0,x0,0	  x0:0x00000000
       36955000	      3694	80002c44	00000013	addi	x0,x0,0	  x0:0x00000000
       36965000	      3695	80002c48	40d90633	sub	x12,x18,x13	 x18:0xec0c7000 x13:0x00000000 x12=0xec0c7000
       36975000	      3696	80002c4c	97904c93	xori	x25,x0,-1671	  x0:0x00000000 x25=0xfffff979
       36985000	      3697	80002c50	41ffda13	srai	x20,x31,0x1f	 x31:0xfffffffe x20=0xffffffff
       36995000	      3698	80002c54	00422603	lw	x12,4(x4)	  x4:0x80009f70 x12=0x80000188 PA:0x80009f74
       37005000	      3699	80002c58	00978ab3	add	x21,x15,x9	 x15:0x0000000d  x9:0x34d962fa x21=0x34d96307
       37015000	      3700	80002c5c	01420213	addi	x4,x4,20	  x4:0x80009f70  x4=0x80009f84
       37025000	      3701	80002c60	40f08e33	sub	x28,x1,x15	  x1:0x0000000c x15:0x0000000d x28=0xffffffff
       37035000	      3702	80002c64	00060f13	addi	x30,x12,0	 x12:0x80000188 x30=0x80000188
       37045000	      3703	80002c68	000f0f67	jalr	x30,x30,0	 x30:0x80000188 x30=0x80002c68
       37055000	      3704	00000000	00000013	addi	x0,x0,0	  x0:0x00000000
       37065000	      3705	80000188	00000013	addi	x0,x0,0	  x0:0x00000000
       37075000	      3706	8000018c	41b85193	srai	x3,x16,0x1b	 x16:0x34d962fa  x3=0x00000006
       37085000	      3707	80000190	0185dd13	srli	x26,x11,0x18	 x11:0xffff8000 x26=0x000000ff
       37095000	      3708	80000194	2ea13eb7	lui	x29,0x2ea13	 x29=0x2ea13000
       37105000	      3709	80000198	01330463	beq	x6,x19,800001a0	  x6:0x00000000 x19:0x00000000
       37115000	      3710	00000000	00000013	addi	x0,x0,0	  x0:0x00000000
       37125000	      3711	8000019c	00000013	addi	x0,x0,0	  x0:0x00000000
       37135000	      3712	800001a0	01169313	slli	x6,x13,0x11	 x13:0x00000000  x6=0x00000000
       37145000	      3713	800001a4	9ec67e13	andi	x28,x12,-1556	 x12:0x80000188 x28=0x80000188
       37155000	      3714	800001a8	00661463	bne	x12,x6,800001b0	 x12:0x80000188  x6:0x00000000
       37165000	      3715	00000000	00000013	addi	x0,x0,0	  x0:0x00000000
       37175000	      3716	800001ac	00000013	addi	x0,x0,0	  x0:0x00000000
       37185000	      3717	800001b0	0129d5b3	srl	x11,x19,x18	 x19:0x00000000 x18:0xec0c7000 x11=0x00000000
       37195000	      3718	800001b4	00000297	auipc	x5,0x0	  x5=0x800001b0
       37205000	      3719	800001b8	00c28293	addi	x5,x5,12	  x5:0x800001b0  x5=0x800001bc
       37215000	      3720	800001bc	00028067	jalr	x0,x5,0	  x5:0x800001bc
       37225000	      3721	00000000	00000013	addi	x0,x0,0	  x0:0x00000000
       37235000	      3722	800001bc	00000013	addi	x0,x0,0	  x0:0x00000000
       37245000	      3723	800001c0	00100193	addi	x3,x0,1	  x0:0x00000000  x3=0x00000001
       37255000	      3724	800001c4	00000073	ecall	
       37265000	      3725	800001c8	01dcd463	bge	x25,x29,800001d0	 x25:0xfffff979 x29:0x2ea13000
