		Time			Cycle	PC		Insn	Decoded instruction	Register and memory contents
          65000	         5	80000004	00000293	addi	x5,x0,0	  x0:0x00000000  x5=0x00000000
          75000	         6	80000008	00000313	addi	x6,x0,0	  x0:0x00000000  x6=0x00000000
          85000	         7	8000000c	00628263	beq	x5,x6,80000010	  x5:0x00000000  x6:0x00000000
          95000	         8	00000000	00000013	addi	x0,x0,0	  x0:0x00000000
         105000	         9	8000000c	00000013	addi	x0,x0,0	  x0:0x00000000
         115000	        10	80000010	00000117	auipc	x2,0x0	  x2=0x8000000c
         125000	        11	80000014	00c10113	addi	x2,x2,12	  x2:0x8000000c  x2=0x80000018
         135000	        12	80000018	00010067	jalr	x0,x2,0	  x2:0x80000018
         145000	        13	00000000	00000013	addi	x0,x0,0	  x0:0x00000000
         155000	        14	80000018	00000013	addi	x0,x0,0	  x0:0x00000000
         165000	        15	8000001c	400005b7	lui	x11,0x40000	 x11=0x40000000
         175000	        16	80000020	10058593	addi	x11,x11,256	 x11:0x40000000 x11=0x40000100
         185000	        17	80000024	00000013	addi	x0,x0,0	  x0:0x00000000
         195000	        18	80000028	0000a817	auipc	x16,0xa	 x16=0x8000a024
         205000	        19	8000002c	fa080813	addi	x16,x16,-96	 x16:0x8000a024 x16=0x80009fc4
         215000	        20	80000030	00003597	auipc	x11,0x3	 x11=0x8000302c
         225000	        21	80000034	efc58593	addi	x11,x11,-260	 x11:0x8000302c x11=0x80002f28
         235000	        22	80000038	0005e593	ori	x11,x11,0	 x11:0x80002f28 x11=0x80002f28
         245000	        23	8000003c	00000013	addi	x0,x0,0	  x0:0x00000000
         255000	        24	80000040	00000597	auipc	x11,0x0	 x11=0x8000003c
         265000	        25	80000044	02058593	addi	x11,x11,32	 x11:0x8000003c x11=0x8000005c
         275000	        26	80000048	00000013	addi	x0,x0,0	  x0:0x00000000
         285000	        27	8000004c	00000013	addi	x0,x0,0	  x0:0x00000000
         295000	        28	80000050	000025b7	lui	x11,0x2	 x11=0x00002000
         305000	        29	80000054	80058593	addi	x11,x11,-2048	 x11:0x00002000 x11=0x00001800
         315000	        30	80000058	00000013	addi	x0,x0,0	  x0:0x00000000
         325000	        31	8000005c	00000013	addi	x0,x0,0	  x0:0x00000000
         335000	        32	80000060	9cfcf037	lui	x0,0x9cfcf	
         345000	        33	80000064	ec300013	addi	x0,x0,-317	  x0:0x00000000
         355000	        34	80000068	126400b7	lui	x1,0x12640	  x1=0x12640000
         365000	        35	8000006c	6c508093	addi	x1,x1,1733	  x1:0x12640000  x1=0x126406c5
         375000	        36	80000070	f85a3137	lui	x2,0xf85a3	  x2=0xf85a3000
         385000	        37	80000074	66810113	addi	x2,x2,1640	  x2:0xf85a3000  x2=0xf85a3668
         395000	        38	80000078	f81b61b7	lui	x3,0xf81b6	  x3=0xf81b6000
         405000	        39	8000007c	2f718193	addi	x3,x3,759	  x3:0xf81b6000  x3=0xf81b62f7
         415000	        40	80000080	f74cf237	lui	x4,0xf74cf	  x4=0xf74cf000
         425000	        41	80000084	ff820213	addi	x4,x4,-8	  x4:0xf74cf000  x4=0xf74ceff8
         435000	        42	80000088	00f00293	addi	x5,x0,15	  x0:0x00000000  x5=0x0000000f
         445000	        43	8000008c	00600313	addi	x6,x0,6	  x0:0x00000000  x6=0x00000006
         455000	        44	80000090	800003b7	lui	x7,0x80000	  x7=0x80000000
         465000	        45	80000094	86007437	lui	x8,0x86007	  x8=0x86007000
         475000	        46	80000098	34840413	addi	x8,x8,840	  x8:0x86007000  x8=0x86007348
         485000	        47	8000009c	f0aec4b7	lui	x9,0xf0aec	  x9=0xf0aec000
         495000	        48	800000a0	30448493	addi	x9,x9,772	  x9:0xf0aec000  x9=0xf0aec304
         505000	        49	800000a4	a6ba3537	lui	x10,0xa6ba3	 x10=0xa6ba3000
         515000	        50	800000a8	0d450513	addi	x10,x10,212	 x10:0xa6ba3000 x10=0xa6ba30d4
         525000	        51	800000ac	00000593	addi	x11,x0,0	  x0:0x00000000 x11=0x00000000
         535000	        52	800000b0	00f00613	addi	x12,x0,15	  x0:0x00000000 x12=0x0000000f
         545000	        53	800000b4	00300693	addi	x13,x0,3	  x0:0x00000000 x13=0x00000003
         555000	        54	800000b8	00400713	addi	x14,x0,4	  x0:0x00000000 x14=0x00000004
         565000	        55	800000bc	800007b7	lui	x15,0x80000	 x15=0x80000000
         575000	        56	800000c0	4cb3d8b7	lui	x17,0x4cb3d	 x17=0x4cb3d000
         585000	        57	800000c4	e2e88893	addi	x17,x17,-466	 x17:0x4cb3d000 x17=0x4cb3ce2e
         595000	        58	800000c8	00700913	addi	x18,x0,7	  x0:0x00000000 x18=0x00000007
         605000	        59	800000cc	800009b7	lui	x19,0x80000	 x19=0x80000000
         615000	        60	800000d0	80000ab7	lui	x21,0x80000	 x21=0x80000000
         625000	        61	800000d4	fcc47b37	lui	x22,0xfcc47	 x22=0xfcc47000
         635000	        62	800000d8	459b0b13	addi	x22,x22,1113	 x22:0xfcc47000 x22=0xfcc47459
         645000	        63	800000dc	00900b93	addi	x23,x0,9	  x0:0x00000000 x23=0x00000009
         655000	        64	800000e0	80000c37	lui	x24,0x80000	 x24=0x80000000
         665000	        65	800000e4	00300c93	addi	x25,x0,3	  x0:0x00000000 x25=0x00000003
         675000	        66	800000e8	f7103d37	lui	x26,0xf7103	 x26=0xf7103000
         685000	        67	800000ec	de7d0d13	addi	x26,x26,-537	 x26:0xf7103000 x26=0xf7102de7
         695000	        68	800000f0	80000db7	lui	x27,0x80000	 x27=0x80000000
         705000	        69	800000f4	bc610e37	lui	x28,0xbc610	 x28=0xbc610000
         715000	        70	800000f8	13be0e13	addi	x28,x28,315	 x28:0xbc610000 x28=0xbc61013b
         725000	        71	800000fc	00800e93	addi	x29,x0,8	  x0:0x00000000 x29=0x00000008
         735000	        72	80000100	ebddff37	lui	x30,0xebddf	 x30=0xebddf000
         745000	        73	80000104	388f0f13	addi	x30,x30,904	 x30:0xebddf000 x30=0xebddf388
         755000	        74	80000108	7e48bfb7	lui	x31,0x7e48b	 x31=0x7e48b000
         765000	        75	8000010c	ce3f8f93	addi	x31,x31,-797	 x31:0x7e48b000 x31=0x7e48ace3
         775000	        76	80000110	0000aa17	auipc	x20,0xa	 x20=0x8000a10c
         785000	        77	80000114	e78a0a13	addi	x20,x20,-392	 x20:0x8000a10c x20=0x80009f84
         795000	        78	80000118	00000197	auipc	x3,0x0	  x3=0x80000114
         805000	        79	8000011c	26418193	addi	x3,x3,612	  x3:0x80000114  x3=0x80000378
         815000	        80	80000120	69bba713	slti	x14,x23,1691	 x23:0x00000009 x14=0x00000001
         825000	        81	80000124	00314fb3	xor	x31,x2,x3	  x2:0xf85a3668  x3:0x80000378 x31=0x785a3510
         835000	        82	80000128	b4bf3f93	sltiu	x31,x30,-1205	 x30:0xebddf388 x31=0x00000001
         845000	        83	8000012c	78af3b37	lui	x22,0x78af3	 x22=0x78af3000
         855000	        84	80000130	85e14d93	xori	x27,x2,-1954	  x2:0xf85a3668 x27=0x07a5ce36
         865000	        85	80000134	40df5c13	srai	x24,x30,0xd	 x30:0xebddf388 x24=0xffff5eef
         875000	        86	80000138	f6348693	addi	x13,x9,-157	  x9:0xf0aec304 x13=0xf0aec267
         885000	        87	8000013c	e5b73713	sltiu	x14,x14,-421	 x14:0x00000001 x14=0x00000001
         895000	        88	80000140	15d18193	addi	x3,x3,349	  x3:0x80000378  x3=0x800004d5
         905000	        89	80000144	0026a2b3	slt	x5,x13,x2	 x13:0xf0aec267  x2:0xf85a3668  x5=0x00000001
         915000	        90	80000148	002edb93	srli	x23,x29,0x2	 x29:0x00000008 x23=0x00000002
         925000	        91	8000014c	ea318b67	jalr	x22,x3,-349	  x3:0x800004d5 x22=0x8000014c
         935000	        92	00000000	00000013	addi	x0,x0,0	  x0:0x00000000
         945000	        93	80000378	00000013	addi	x0,x0,0	  x0:0x00000000
         955000	        94	8000037c	015ca433	slt	x8,x25,x21	 x25:0x00000003 x21:0x80000000  x8=0x00000000
         965000	        95	80000380	4024dc33	sra	x24,x9,x2	  x9:0xf0aec304  x2:0xf85a3668 x24=0xfff0aec3
         975000	        96	80000384	01dbfc63	bgeu	x23,x29,8000039c	 x23:0x00000002 x29:0x00000008
         985000	        97	80000388	00a09613	slli	x12,x1,0xa	  x1:0x126406c5 x12=0x901b1400
         995000	        98	8000038c	018c1013	slli	x0,x24,0x18	 x24:0xfff0aec3
        1005000	        99	80000390	b0c41017	auipc	x0,0xb0c41	
        1015000	       100	80000394	00a7bc33	sltu	x24,x15,x10	 x15:0x80000000 x10:0xa6ba30d4 x24=0x00000001
        1025000	       101	80000398	4040d493	srai	x9,x1,0x4	  x1:0x126406c5  x9=0x0126406c
        1035000	       102	8000039c	fc0a0a13	addi	x20,x20,-64	 x20:0x80009f84 x20=0x80009f44
        1045000	       103	800003a0	013120b3	slt	x1,x2,x19	  x2:0xf85a3668 x19:0x80000000  x1=0x00000000
        1055000	       104	800003a4	016a2223	sw	x22,4(x20)	 x20:0x80009f44 x22:0x8000014c PA:0x80009f48
        1065000	       105	800003a8	41680033	sub	x0,x16,x22	 x16:0x80009fc4 x22:0x8000014c
        1075000	       106	800003ac	e2ee2f13	slti	x30,x28,-466	 x28:0xbc61013b x30=0x00000001
        1085000	       107	800003b0	cbdba893	slti	x17,x23,-835	 x23:0x00000002 x17=0x00000000
        1095000	       108	800003b4	00000097	auipc	x1,0x0	  x1=0x800003b0
        1105000	       109	800003b8	ed008093	addi	x1,x1,-304	  x1:0x800003b0  x1=0x80000280
        1115000	       110	800003bc	2aad2b13	slti	x22,x26,682	 x26:0xf7102de7 x22=0x00000001
        1125000	       111	800003c0	00541993	slli	x19,x8,0x5	  x8:0x00000000 x19=0x00000000
        1135000	       112	800003c4	400a5c13	srai	x24,x20,0x0	 x20:0x80009f44 x24=0x80009f44
        1145000	       113	800003c8	f85166b7	lui	x13,0xf8516	 x13=0xf8516000
        1155000	       114	800003cc	3e908093	addi	x1,x1,1001	  x1:0x80000280  x1=0x80000669
        1165000	       115	800003d0	62c1f493	andi	x9,x3,1580	  x3:0x800004d5  x9=0x00000404
        1175000	       116	800003d4	40bd0e33	sub	x28,x26,x11	 x26:0xf7102de7 x11:0x00000000 x28=0xf7102de7
        1185000	       117	800003d8	d4993513	sltiu	x10,x18,-695	 x18:0x00000007 x10=0x00000001
        1195000	       118	800003dc	00000013	addi	x0,x0,0	  x0:0x00000000
        1205000	       119	800003e0	01cb56b3	srl	x13,x22,x28	 x22:0x00000001 x28:0xf7102de7 x13=0x00000000
        1215000	       120	800003e4	c1808b67	jalr	x22,x1,-1000	  x1:0x80000669 x22=0x800003e4
        1225000	       121	00000000	00000013	addi	x0,x0,0	  x0:0x00000000
        1235000	       122	80000280	00000013	addi	x0,x0,0	  x0:0x00000000
        1245000	       123	80000284	0107f633	and	x12,x15,x16	 x15:0x80000000 x16:0x80009fc4 x12=0x80000000
        1255000	       124	80000288	01539bb3	sll	x23,x7,x21	  x7:0x80000000 x21:0x80000000 x23=0x80000000
        1265000	       125	8000028c	00deb633	sltu	x12,x29,x13	 x29:0x00000008 x13:0x00000000 x12=0x00000000
        1275000	       126	80000290	01152cb3	slt	x25,x10,x17	 x10:0x00000001 x17:0x00000000 x25=0x00000000
        1285000	       127	80000294	fe4a0a13	addi	x20,x20,-28	 x20:0x80009f44 x20=0x80009f28
        1295000	       128	80000298	8ba5fe37	lui	x28,0x8ba5f	 x28=0x8ba5f000
        1305000	       129	8000029c	7ca94d13	xori	x26,x18,1994	 x18:0x00000007 x26=0x000007cd
        1315000	       130	800002a0	016a2223	sw	x22,4(x20)	 x20:0x80009f28 x22:0x800003e4 PA:0x80009f2c
        1325000	       131	800002a4	0143eeb3	or	x29,x7,x20	  x7:0x80000000 x20:0x80009f28 x29=0x80009f28
        1335000	       132	800002a8	00259eb3	sll	x29,x11,x2	 x11:0x00000000  x2:0xf85a3668 x29=0x00000000
        1345000	       133	800002ac	0167d493	srli	x9,x15,0x16	 x15:0x80000000  x9=0x00000200
        1355000	       134	800002b0	40078cb3	sub	x25,x15,x0	 x15:0x80000000  x0:0x00000000 x25=0x80000000
        1365000	       135	800002b4	2d47e213	ori	x4,x15,724	 x15:0x80000000  x4=0x800002d4
        1375000	       136	800002b8	40885f93	srai	x31,x16,0x8	 x16:0x80009fc4 x31=0xff80009f
        1385000	       137	800002bc	00148e33	add	x28,x9,x1	  x9:0x00000200  x1:0x80000669 x28=0x80000869
        1395000	       138	800002c0	411cd693	srai	x13,x25,0x11	 x25:0x80000000 x13=0xffffc000
        1405000	       139	800002c4	007770b3	and	x1,x14,x7	 x14:0x00000001  x7:0x80000000  x1=0x00000000
        1415000	       140	800002c8	8260bc13	sltiu	x24,x1,-2010	  x1:0x00000000 x24=0x00000001
        1425000	       141	800002cc	01dd9bb3	sll	x23,x27,x29	 x27:0x07a5ce36 x29:0x00000000 x23=0x07a5ce36
        1435000	       142	800002d0	0278df17	auipc	x30,0x278d	 x30=0x8278d2cc
        1445000	       143	800002d4	01ee49b3	xor	x19,x28,x30	 x28:0x80000869 x30:0x8278d2cc x19=0x0278daa5
        1455000	       144	800002d8	00f55093	srli	x1,x10,0xf	 x10:0x00000001  x1=0x00000000
        1465000	       145	800002dc	9efc3393	sltiu	x7,x24,-1553	 x24:0x00000001  x7=0x00000001
        1475000	       146	800002e0	037ec863	blt	x29,x23,80000310	 x29:0x00000000 x23:0x07a5ce36
        1485000	       147	00000000	00000013	addi	x0,x0,0	  x0:0x00000000
        1495000	       148	8000030c	00000013	addi	x0,x0,0	  x0:0x00000000
        1505000	       149	80000310	c57c0697	auipc	x13,0xc57c0	 x13=0x457c030c
        1515000	       150	80000314	003527b3	slt	x15,x10,x3	 x10:0x00000001  x3:0x800004d5 x15=0x00000000
        1525000	       151	80000318	02d91663	bne	x18,x13,80000344	 x18:0x00000007 x13:0x457c030c
        1535000	       152	00000000	00000013	addi	x0,x0,0	  x0:0x00000000
        1545000	       153	80000340	00000013	addi	x0,x0,0	  x0:0x00000000
        1555000	       154	80000344	0207ae93	slti	x29,x15,32	 x15:0x00000000 x29=0x00000001
        1565000	       155	80000348	e8d1e413	ori	x8,x3,-371	  x3:0x800004d5  x8=0xfffffedd
        1575000	       156	8000034c	004a2b03	lw	x22,4(x20)	 x20:0x80009f28 x22=0x800003e4 PA:0x80009f2c
        1585000	       157	80000350	d995ce17	auipc	x28,0xd995c	 x28=0x5995c34c
        1595000	       158	80000354	01ea90b3	sll	x1,x21,x30	 x21:0x80000000 x30:0x8278d2cc  x1=0x00000000
        1605000	       159	80000358	014f20b3	slt	x1,x30,x20	 x30:0x8278d2cc x20:0x80009f28  x1=0x00000000
        1615000	       160	8000035c	fb224d13	xori	x26,x4,-78	  x4:0x800002d4 x26=0x7ffffd66
        1625000	       161	80000360	01c3b4b3	sltu	x9,x7,x28	  x7:0x00000001 x28:0x5995c34c  x9=0x00000001
        1635000	       162	80000364	01ca0a13	addi	x20,x20,28	 x20:0x80009f28 x20=0x80009f44
        1645000	       163	80000368	40758eb3	sub	x29,x11,x7	 x11:0x00000000  x7:0x00000001 x29=0xffffffff
        1655000	       164	8000036c	013764b3	or	x9,x14,x19	 x14:0x00000001 x19:0x0278daa5  x9=0x0278daa5
        1665000	       165	80000370	00745013	srli	x0,x8,0x7	  x8:0xfffffedd
        1675000	       166	80000374	001b0613	addi	x12,x22,1	 x22:0x800003e4 x12=0x800003e5
        1685000	       167	80000378	00060667	jalr	x12,x12,0	 x12:0x800003e5 x12=0x80000378
        1695000	       168	00000000	00000013	addi	x0,x0,0	  x0:0x00000000
        1705000	       169	800003e4	00000013	addi	x0,x0,0	  x0:0x00000000
        1715000	       170	800003e8	41ae8733	sub	x14,x29,x26	 x29:0xffffffff x26:0x7ffffd66 x14=0x80000299
        1725000	       171	800003ec	c9edfb37	lui	x22,0xc9edf	 x22=0xc9edf000
        1735000	       172	800003f0	00d4afb3	slt	x31,x9,x13	  x9:0x0278daa5 x13:0x457c030c x31=0x00000001
        1745000	       173	800003f4	0055e733	or	x14,x11,x5	 x11:0x00000000  x5:0x00000001 x14=0x00000001
        1755000	       174	800003f8	41800433	sub	x8,x0,x24	  x0:0x00000000 x24:0x00000001  x8=0xffffffff
        1765000	       175	800003fc	45c053b7	lui	x7,0x45c05	  x7=0x45c05000
        1775000	       176	80000400	01ca3733	sltu	x14,x20,x28	 x20:0x80009f44 x28:0x5995c34c x14=0x00000000
        1785000	       177	80000404	01ea1393	slli	x7,x20,0x1e	 x20:0x80009f44  x7=0x00000000
        1795000	       178	80000408	019f4b33	xor	x22,x30,x25	 x30:0x8278d2cc x25:0x80000000 x22=0x0278d2cc
        1805000	       179	8000040c	01c661b3	or	x3,x12,x28	 x12:0x80000378 x28:0x5995c34c  x3=0xd995c37c
        1815000	       180	80000410	01e52d33	slt	x26,x10,x30	 x10:0x00000001 x30:0x8278d2cc x26=0x00000000
        1825000	       181	80000414	00fcae33	slt	x28,x25,x15	 x25:0x80000000 x15:0x00000000 x28=0x00000001
        1835000	       182	80000418	030fd663	bge	x31,x16,80000444	 x31:0x00000001 x16:0x80009fc4
        1845000	       183	00000000	00000013	addi	x0,x0,0	  x0:0x00000000
        1855000	       184	80000440	00000013	addi	x0,x0,0	  x0:0x00000000
        1865000	       185	80000444	490f23b7	lui	x7,0x490f2	  x7=0x490f2000
        1875000	       186	80000448	004a2b03	lw	x22,4(x20)	 x20:0x80009f44 x22=0x8000014c PA:0x80009f48
        1885000	       187	8000044c	ee820e13	addi	x28,x4,-280	  x4:0x800002d4 x28=0x800001bc
        1895000	       188	80000450	01ace033	or	x0,x25,x26	 x25:0x80000000 x26:0x00000000
        1905000	       189	80000454	01912d33	slt	x26,x2,x25	  x2:0xf85a3668 x25:0x80000000 x26=0x00000000
        1915000	       190	80000458	040a0a13	addi	x20,x20,64	 x20:0x80009f44 x20=0x80009f84
        1925000	       191	8000045c	74f16993	ori	x19,x2,1871	  x2:0xf85a3668 x19=0xf85a376f
        1935000	       192	80000460	001b0493	addi	x9,x22,1	 x22:0x8000014c  x9=0x8000014d
        1945000	       193	80000464	000484e7	jalr	x9,x9,0	  x9:0x8000014d  x9=0x80000464
        1955000	       194	00000000	00000013	addi	x0,x0,0	  x0:0x00000000
        1965000	       195	8000014c	00000013	addi	x0,x0,0	  x0:0x00000000
        1975000	       196	80000150	00001397	auipc	x7,0x1	  x7=0x8000114c
        1985000	       197	80000154	18038393	addi	x7,x7,384	  x7:0x8000114c  x7=0x800012cc
        1995000	       198	80000158	4148d913	srai	x18,x17,0x14	 x17:0x00000000 x18=0x00000000
        2005000	       199	8000015c	fc8a3913	sltiu	x18,x20,-56	 x20:0x80009f84 x18=0x00000001
        2015000	       200	80000160	3a6c7013	andi	x0,x24,934	 x24:0x00000001
        2025000	       201	80000164	2b61b593	sltiu	x11,x3,694	  x3:0xd995c37c x11=0x00000000
        2035000	       202	80000168	1835ed17	auipc	x26,0x1835e	 x26=0x9835e164
        2045000	       203	8000016c	01237c33	and	x24,x6,x18	  x6:0x00000006 x18:0x00000001 x24=0x00000000
        2055000	       204	80000170	7264a513	slti	x10,x9,1830	  x9:0x80000464 x10=0x00000001
        2065000	       205	80000174	34d7b513	sltiu	x10,x15,845	 x15:0x00000000 x10=0x00000001
        2075000	       206	80000178	d4838393	addi	x7,x7,-696	  x7:0x800012cc  x7=0x80001014
        2085000	       207	8000017c	016de033	or	x0,x27,x22	 x27:0x07a5ce36 x22:0x8000014c
        2095000	       208	80000180	2b938b67	jalr	x22,x7,697	  x7:0x80001014 x22=0x80000180
        2105000	       209	00000000	00000013	addi	x0,x0,0	  x0:0x00000000
        2115000	       210	800012cc	00000013	addi	x0,x0,0	  x0:0x00000000
        2125000	       211	800012d0	ff8a0a13	addi	x20,x20,-8	 x20:0x80009f84 x20=0x80009f7c
        2135000	       212	800012d4	b60c7f93	andi	x31,x24,-1184	 x24:0x00000000 x31=0x00000000
        2145000	       213	800012d8	40a80c33	sub	x24,x16,x10	 x16:0x80009fc4 x10:0x00000001 x24=0x80009fc3
        2155000	       214	800012dc	666e3393	sltiu	x7,x28,1638	 x28:0x800001bc  x7=0x00000000
        2165000	       215	800012e0	016a2223	sw	x22,4(x20)	 x20:0x80009f7c x22:0x80000180 PA:0x80009f80
        2175000	       216	800012e4	0010a233	slt	x4,x1,x1	  x1:0x00000000  x1:0x00000000  x4=0x00000000
        2185000	       217	800012e8	00500c13	addi	x24,x0,5	  x0:0x00000000 x24=0x00000005
        2195000	       218	800012ec	00500e93	addi	x29,x0,5	  x0:0x00000000 x29=0x00000005
        2205000	       219	800012f0	40b35f93	srai	x31,x6,0xb	  x6:0x00000006 x31=0x00000000
        2215000	       220	800012f4	4028d033	sra	x0,x17,x2	 x17:0x00000000  x2:0xf85a3668
        2225000	       221	800012f8	017b1793	slli	x15,x22,0x17	 x22:0x80000180 x15=0xc0000000
        2235000	       222	800012fc	28cef313	andi	x6,x29,652	 x29:0x00000005  x6=0x00000004
        2245000	       223	80001300	2d76ad13	slti	x26,x13,727	 x13:0x457c030c x26=0x00000000
        2255000	       224	80001304	841fb897	auipc	x17,0x841fb	 x17=0x041fc300
        2265000	       225	80001308	9240cab7	lui	x21,0x9240c	 x21=0x9240c000
        2275000	       226	8000130c	00b93cb3	sltu	x25,x18,x11	 x18:0x00000001 x11:0x00000000 x25=0x00000000
        2285000	       227	80001310	01dd9713	slli	x14,x27,0x1d	 x27:0x07a5ce36 x14=0xc0000000
        2295000	       228	80001314	8534c893	xori	x17,x9,-1965	  x9:0x80000464 x17=0x7ffffc37
        2305000	       229	80001318	6ad37017	auipc	x0,0x6ad37	
        2315000	       230	8000131c	00614933	xor	x18,x2,x6	  x2:0xf85a3668  x6:0x00000004 x18=0xf85a366c
        2325000	       231	80001320	ffcc0c13	addi	x24,x24,-4	 x24:0x00000005 x24=0x00000001
        2335000	       232	80001324	00000013	addi	x0,x0,0	  x0:0x00000000
        2345000	       233	80001328	01ca35b3	sltu	x11,x20,x28	 x20:0x80009f7c x28:0x800001bc x11=0x00000000
        2355000	       234	8000132c	ff700b93	addi	x23,x0,-9	  x0:0x00000000 x23=0xfffffff7
        2365000	       235	80001330	657ce793	ori	x15,x25,1623	 x25:0x00000000 x15=0x00000657
        2375000	       236	80001334	01bfffb3	and	x31,x31,x27	 x31:0x00000000 x27:0x07a5ce36 x31=0x00000000
        2385000	       237	80001338	8e0f8193	addi	x3,x31,-1824	 x31:0x00000000  x3=0xfffff8e0
        2395000	       238	8000133c	00200393	addi	x7,x0,2	  x0:0x00000000  x7=0x00000002
        2405000	       239	80001340	00a8acb3	slt	x25,x17,x10	 x17:0x7ffffc37 x10:0x00000001 x25=0x00000000
        2415000	       240	80001344	00866233	or	x4,x12,x8	 x12:0x80000378  x8:0xffffffff  x4=0xffffffff
        2425000	       241	80001348	00ab8b93	addi	x23,x23,10	 x23:0xfffffff7 x23=0x00000001
        2435000	       242	8000134c	01f9cab3	xor	x21,x19,x31	 x19:0xf85a376f x31:0x00000000 x21=0xf85a376f
        2445000	       243	80001350	40cb5893	srai	x17,x22,0xc	 x22:0x80000180 x17=0xfff80000
        2455000	       244	80001354	fe7be6e3	bltu	x23,x7,80001340	 x23:0x00000001  x7:0x00000002
        2465000	       245	00000000	00000013	addi	x0,x0,0	  x0:0x00000000
        2475000	       246	8000133c	00000013	addi	x0,x0,0	  x0:0x00000000
        2485000	       247	80001340	00a8acb3	slt	x25,x17,x10	 x17:0xfff80000 x10:0x00000001 x25=0x00000001
        2495000	       248	80001344	00866233	or	x4,x12,x8	 x12:0x80000378  x8:0xffffffff  x4=0xffffffff
        2505000	       249	80001348	00ab8b93	addi	x23,x23,10	 x23:0x00000001 x23=0x0000000b
        2515000	       250	8000134c	01f9cab3	xor	x21,x19,x31	 x19:0xf85a376f x31:0x00000000 x21=0xf85a376f
        2525000	       251	80001350	40cb5893	srai	x17,x22,0xc	 x22:0x80000180 x17=0xfff80000
        2535000	       252	80001354	fe7be6e3	bltu	x23,x7,80001340	 x23:0x0000000b  x7:0x00000002
        2545000	       253	80001358	79dc6213	ori	x4,x24,1949	 x24:0x00000001  x4=0x0000079d
        2555000	       254	8000135c	00985513	srli	x10,x16,0x9	 x16:0x80009fc4 x10=0x0040004f
        2565000	       255	80001360	2447b793	sltiu	x15,x15,580	 x15:0x00000657 x15=0x00000000
        2575000	       256	80001364	fbdc78e3	bgeu	x24,x29,80001314	 x24:0x00000001 x29:0x00000005
        2585000	       257	80001368	bdbebb37	lui	x22,0xbdbeb	 x22=0xbdbeb000
        2595000	       258	8000136c	00a00893	addi	x17,x0,10	  x0:0x00000000 x17=0x0000000a
        2605000	       259	80001370	415a5d33	sra	x26,x20,x21	 x20:0x80009f7c x21:0xf85a376f x26=0xffff0001
        2615000	       260	80001374	9f2ff213	andi	x4,x31,-1550	 x31:0x00000000  x4=0x00000000
        2625000	       261	80001378	ac246b97	auipc	x23,0xac246	 x23=0x2c247374
        2635000	       262	8000137c	feabff13	andi	x30,x23,-22	 x23:0x2c247374 x30=0x2c247360
        2645000	       263	80001380	4156d093	srai	x1,x13,0x15	 x13:0x457c030c  x1=0x0000022b
        2655000	       264	80001384	f6757e13	andi	x28,x10,-153	 x10:0x0040004f x28=0x00400047
        2665000	       265	80001388	015384b3	add	x9,x7,x21	  x7:0x00000002 x21:0xf85a376f  x9=0xf85a3771
        2675000	       266	8000138c	47d20b93	addi	x23,x4,1149	  x4:0x00000000 x23=0x0000047d
        2685000	       267	80001390	4132ddb3	sra	x27,x5,x19	  x5:0x00000001 x19:0xf85a376f x27=0x00000000
        2695000	       268	80001394	01000f93	addi	x31,x0,16	  x0:0x00000000 x31=0x00000010
        2705000	       269	80001398	01f4df13	srli	x30,x9,0x1f	  x9:0xf85a3771 x30=0x00000001
        2715000	       270	8000139c	40a3dd33	sra	x26,x7,x10	  x7:0x00000002 x10:0x0040004f x26=0x00000000
        2725000	       271	800013a0	cdaaf493	andi	x9,x21,-806	 x21:0xf85a376f  x9=0xf85a344a
        2735000	       272	800013a4	0002ecb3	or	x25,x5,x0	  x5:0x00000001  x0:0x00000000 x25=0x00000001
        2745000	       273	800013a8	4d136f37	lui	x30,0x4d136	 x30=0x4d136000
        2755000	       274	800013ac	007db733	sltu	x14,x27,x7	 x27:0x00000000  x7:0x00000002 x14=0x00000001
        2765000	       275	800013b0	00355013	srli	x0,x10,0x3	 x10:0x0040004f
        2775000	       276	800013b4	00b589b3	add	x19,x11,x11	 x11:0x00000000 x11:0x00000000 x19=0x00000000
        2785000	       277	800013b8	01d0da93	srli	x21,x1,0x1d	  x1:0x0000022b x21=0x00000000
        2795000	       278	800013bc	00388893	addi	x17,x17,3	 x17:0x0000000a x17=0x0000000d
        2805000	       279	800013c0	011f9093	slli	x1,x31,0x11	 x31:0x00000010  x1=0x00200000
        2815000	       280	800013c4	91e73e93	sltiu	x29,x14,-1762	 x14:0x00000001 x29=0x00000001
        2825000	       281	800013c8	005c8633	add	x12,x25,x5	 x25:0x00000001  x5:0x00000001 x12=0x00000002
        2835000	       282	800013cc	019934b3	sltu	x9,x18,x25	 x18:0xf85a366c x25:0x00000001  x9=0x00000000
        2845000	       283	800013d0	01dc1e93	slli	x29,x24,0x1d	 x24:0x00000001 x29=0x20000000
        2855000	       284	800013d4	00000013	addi	x0,x0,0	  x0:0x00000000
        2865000	       285	800013d8	fdf896e3	bne	x17,x31,800013a4	 x17:0x0000000d x31:0x00000010
        2875000	       286	00000000	00000013	addi	x0,x0,0	  x0:0x00000000
        2885000	       287	800013a0	00000013	addi	x0,x0,0	  x0:0x00000000
        2895000	       288	800013a4	0002ecb3	or	x25,x5,x0	  x5:0x00000001  x0:0x00000000 x25=0x00000001
        2905000	       289	800013a8	4d136f37	lui	x30,0x4d136	 x30=0x4d136000
        2915000	       290	800013ac	007db733	sltu	x14,x27,x7	 x27:0x00000000  x7:0x00000002 x14=0x00000001
        2925000	       291	800013b0	00355013	srli	x0,x10,0x3	 x10:0x0040004f
        2935000	       292	800013b4	00b589b3	add	x19,x11,x11	 x11:0x00000000 x11:0x00000000 x19=0x00000000
        2945000	       293	800013b8	01d0da93	srli	x21,x1,0x1d	  x1:0x00200000 x21=0x00000000
        2955000	       294	800013bc	00388893	addi	x17,x17,3	 x17:0x0000000d x17=0x00000010
        2965000	       295	800013c0	011f9093	slli	x1,x31,0x11	 x31:0x00000010  x1=0x00200000
        2975000	       296	800013c4	91e73e93	sltiu	x29,x14,-1762	 x14:0x00000001 x29=0x00000001
        2985000	       297	800013c8	005c8633	add	x12,x25,x5	 x25:0x00000001  x5:0x00000001 x12=0x00000002
        2995000	       298	800013cc	019934b3	sltu	x9,x18,x25	 x18:0xf85a366c x25:0x00000001  x9=0x00000000
        3005000	       299	800013d0	01dc1e93	slli	x29,x24,0x1d	 x24:0x00000001 x29=0x20000000
        3015000	       300	800013d4	00000013	addi	x0,x0,0	  x0:0x00000000
        3025000	       301	800013d8	fdf896e3	bne	x17,x31,800013a4	 x17:0x00000010 x31:0x00000010
        3035000	       302	800013dc	00000013	addi	x0,x0,0	  x0:0x00000000
        3045000	       303	800013e0	00a00213	addi	x4,x0,10	  x0:0x00000000  x4=0x0000000a
        3055000	       304	800013e4	01651f13	slli	x30,x10,0x16	 x10:0x0040004f x30=0x13c00000
        3065000	       305	800013e8	01773033	sltu	x0,x14,x23	 x14:0x00000001 x23:0x0000047d
        3075000	       306	800013ec	01000713	addi	x14,x0,16	  x0:0x00000000 x14=0x00000010
        3085000	       307	800013f0	41170eb3	sub	x29,x14,x17	 x14:0x00000010 x17:0x00000010 x29=0x00000000
        3095000	       308	800013f4	00263033	sltu	x0,x12,x2	 x12:0x00000002  x2:0xf85a3668
        3105000	       309	800013f8	012c9d93	slli	x27,x25,0x12	 x25:0x00000001 x27=0x00040000
        3115000	       310	800013fc	6e9ea8b7	lui	x17,0x6e9ea	 x17=0x6e9ea000
        3125000	       311	80001400	26abae13	slti	x28,x23,618	 x23:0x0000047d x28=0x00000000
        3135000	       312	80001404	0016b7b3	sltu	x15,x13,x1	 x13:0x457c030c  x1:0x00200000 x15=0x00000000
        3145000	       313	80001408	011e9333	sll	x6,x29,x17	 x29:0x00000000 x17:0x6e9ea000  x6=0x00000000
        3155000	       314	8000140c	c38b7593	andi	x11,x22,-968	 x22:0xbdbeb000 x11=0xbdbeb000
        3165000	       315	80001410	018fa693	slti	x13,x31,24	 x31:0x00000010 x13=0x00000001
        3175000	       316	80001414	0072e433	or	x8,x5,x7	  x5:0x00000001  x7:0x00000002  x8=0x00000003
        3185000	       317	80001418	00320213	addi	x4,x4,3	  x4:0x0000000a  x4=0x0000000d
        3195000	       318	8000141c	00c59433	sll	x8,x11,x12	 x11:0xbdbeb000 x12:0x00000002  x8=0xf6fac000
        3205000	       319	80001420	3fe8f693	andi	x13,x17,1022	 x17:0x6e9ea000 x13=0x00000000
        3215000	       320	80001424	00b1de93	srli	x29,x3,0xb	  x3:0xfffff8e0 x29=0x001fffff
        3225000	       321	80001428	01b509b3	add	x19,x10,x27	 x10:0x0040004f x27:0x00040000 x19=0x0044004f
        3235000	       322	8000142c	01e2de13	srli	x28,x5,0x1e	  x5:0x00000001 x28=0x00000000
        3245000	       323	80001430	00a2bc33	sltu	x24,x5,x10	  x5:0x00000001 x10:0x0040004f x24=0x00000001
        3255000	       324	80001434	08102913	slti	x18,x0,129	  x0:0x00000000 x18=0x00000001
        3265000	       325	80001438	c8960893	addi	x17,x12,-887	 x12:0x00000002 x17=0xfffffc8b
        3275000	       326	8000143c	00d55d93	srli	x27,x10,0xd	 x10:0x0040004f x27=0x00000200
        3285000	       327	80001440	006e9f93	slli	x31,x29,0x6	 x29:0x001fffff x31=0x07ffffc0
        3295000	       328	80001444	fce248e3	blt	x4,x14,80001414	  x4:0x0000000d x14:0x00000010
        3305000	       329	00000000	00000013	addi	x0,x0,0	  x0:0x00000000
        3315000	       330	80001410	00000013	addi	x0,x0,0	  x0:0x00000000
        3325000	       331	80001414	0072e433	or	x8,x5,x7	  x5:0x00000001  x7:0x00000002  x8=0x00000003
        3335000	       332	80001418	00320213	addi	x4,x4,3	  x4:0x0000000d  x4=0x00000010
        3345000	       333	8000141c	00c59433	sll	x8,x11,x12	 x11:0xbdbeb000 x12:0x00000002  x8=0xf6fac000
        3355000	       334	80001420	3fe8f693	andi	x13,x17,1022	 x17:0xfffffc8b x13=0x0000008a
        3365000	       335	80001424	00b1de93	srli	x29,x3,0xb	  x3:0xfffff8e0 x29=0x001fffff
        3375000	       336	80001428	01b509b3	add	x19,x10,x27	 x10:0x0040004f x27:0x00000200 x19=0x0040024f
        3385000	       337	8000142c	01e2de13	srli	x28,x5,0x1e	  x5:0x00000001 x28=0x00000000
        3395000	       338	80001430	00a2bc33	sltu	x24,x5,x10	  x5:0x00000001 x10:0x0040004f x24=0x00000001
        3405000	       339	80001434	08102913	slti	x18,x0,129	  x0:0x00000000 x18=0x00000001
        3415000	       340	80001438	c8960893	addi	x17,x12,-887	 x12:0x00000002 x17=0xfffffc8b
        3425000	       341	8000143c	00d55d93	srli	x27,x10,0xd	 x10:0x0040004f x27=0x00000200
        3435000	       342	80001440	006e9f93	slli	x31,x29,0x6	 x29:0x001fffff x31=0x07ffffc0
        3445000	       343	80001444	fce248e3	blt	x4,x14,80001414	  x4:0x00000010 x14:0x00000010
        3455000	       344	80001448	00cdce33	xor	x28,x27,x12	 x27:0x00000200 x12:0x00000002 x28=0x00000202
        3465000	       345	8000144c	ffa00893	addi	x17,x0,-6	  x0:0x00000000 x17=0xfffffffa
        3475000	       346	80001450	41dcda93	srai	x21,x25,0x1d	 x25:0x00000001 x21=0x00000000
        3485000	       347	80001454	00100f93	addi	x31,x0,1	  x0:0x00000000 x31=0x00000001
        3495000	       348	80001458	0080acb3	slt	x25,x1,x8	  x1:0x00200000  x8:0xf6fac000 x25=0x00000000
        3505000	       349	8000145c	00000013	addi	x0,x0,0	  x0:0x00000000
        3515000	       350	80001460	01d0de93	srli	x29,x1,0x1d	  x1:0x00200000 x29=0x00000000
        3525000	       351	80001464	00806f33	or	x30,x0,x8	  x0:0x00000000  x8:0xf6fac000 x30=0xf6fac000
        3535000	       352	80001468	06a2e1b7	lui	x3,0x6a2e	  x3=0x06a2e000
        3545000	       353	8000146c	01ce9d33	sll	x26,x29,x28	 x29:0x00000000 x28:0x00000202 x26=0x00000000
        3555000	       354	80001470	01f00c33	add	x24,x0,x31	  x0:0x00000000 x31:0x00000001 x24=0x00000001
        3565000	       355	80001474	40c60ab3	sub	x21,x12,x12	 x12:0x00000002 x12:0x00000002 x21=0x00000000
        3575000	       356	80001478	412fd5b3	sra	x11,x31,x18	 x31:0x00000001 x18:0x00000001 x11=0x00000000
        3585000	       357	8000147c	001916b3	sll	x13,x18,x1	 x18:0x00000001  x1:0x00200000 x13=0x00000001
        3595000	       358	80001480	00588893	addi	x17,x17,5	 x17:0xfffffffa x17=0xffffffff
        3605000	       359	80001484	010f15b3	sll	x11,x30,x16	 x30:0xf6fac000 x16:0x80009fc4 x11=0x6fac0000
        3615000	       360	80001488	014cccb3	xor	x25,x25,x20	 x25:0x00000000 x20:0x80009f7c x25=0x80009f7c
        3625000	       361	8000148c	8a427f13	andi	x30,x4,-1884	  x4:0x00000010 x30=0x00000000
        3635000	       362	80001490	00258633	add	x12,x11,x2	 x11:0x6fac0000  x2:0xf85a3668 x12=0x68063668
        3645000	       363	80001494	33b549b7	lui	x19,0x33b54	 x19=0x33b54000
        3655000	       364	80001498	fdf8ece3	bltu	x17,x31,80001470	 x17:0xffffffff x31:0x00000001
        3665000	       365	8000149c	bb200d13	addi	x26,x0,-1102	  x0:0x00000000 x26=0xfffffbb2
        3675000	       366	800014a0	00700593	addi	x11,x0,7	  x0:0x00000000 x11=0x00000007
        3685000	       367	800014a4	01000b93	addi	x23,x0,16	  x0:0x00000000 x23=0x00000010
        3695000	       368	800014a8	002b82b3	add	x5,x23,x2	 x23:0x00000010  x2:0xf85a3668  x5=0xf85a3678
        3705000	       369	800014ac	40048eb3	sub	x29,x9,x0	  x9:0x00000000  x0:0x00000000 x29=0x00000000
        3715000	       370	800014b0	f68fa737	lui	x14,0xf68fa	 x14=0xf68fa000
        3725000	       371	800014b4	00358593	addi	x11,x11,3	 x11:0x00000007 x11=0x0000000a
        3735000	       372	800014b8	002cd4b3	srl	x9,x25,x2	 x25:0x80009f7c  x2:0xf85a3668  x9=0x0080009f
        3745000	       373	800014bc	ff7588e3	beq	x11,x23,800014ac	 x11:0x0000000a x23:0x00000010
        3755000	       374	800014c0	007f2633	slt	x12,x30,x7	 x30:0x00000000  x7:0x00000002 x12=0x00000001
        3765000	       375	800014c4	ffa00313	addi	x6,x0,-6	  x0:0x00000000  x6=0xfffffffa
        3775000	       376	800014c8	00cd5f13	srli	x30,x26,0xc	 x26:0xfffffbb2 x30=0x000fffff
        3785000	       377	800014cc	01c99033	sll	x0,x19,x28	 x19:0x33b54000 x28:0x00000202
        3795000	       378	800014d0	00d00f93	addi	x31,x0,13	  x0:0x00000000 x31=0x0000000d
        3805000	       379	800014d4	01d1acb3	slt	x25,x3,x29	  x3:0x06a2e000 x29:0x00000000 x25=0x00000000
        3815000	       380	800014d8	178dad97	auipc	x27,0x178da	 x27=0x978db4d4
        3825000	       381	800014dc	40c15e33	sra	x28,x2,x12	  x2:0xf85a3668 x12:0x00000001 x28=0xfc2d1b34
        3835000	       382	800014e0	416bd933	sra	x18,x23,x22	 x23:0x00000010 x22:0xbdbeb000 x18=0x00000010
        3845000	       383	800014e4	0183a993	slti	x19,x7,24	  x7:0x00000002 x19=0x00000001
        3855000	       384	800014e8	272417b7	lui	x15,0x27241	 x15=0x27241000
        3865000	       385	800014ec	00255d93	srli	x27,x10,0x2	 x10:0x0040004f x27=0x00100013
        3875000	       386	800014f0	00930313	addi	x6,x6,9	  x6:0xfffffffa  x6=0x00000003
        3885000	       387	800014f4	359b4b13	xori	x22,x22,857	 x22:0xbdbeb000 x22=0xbdbeb359
        3895000	       388	800014f8	00215b93	srli	x23,x2,0x2	  x2:0xf85a3668 x23=0x3e168d9a
        3905000	       389	800014fc	fff346e3	blt	x6,x31,800014e8	  x6:0x00000003 x31:0x0000000d
        3915000	       390	00000000	00000013	addi	x0,x0,0	  x0:0x00000000
        3925000	       391	800014e4	00000013	addi	x0,x0,0	  x0:0x00000000
        3935000	       392	800014e8	272417b7	lui	x15,0x27241	 x15=0x27241000
        3945000	       393	800014ec	00255d93	srli	x27,x10,0x2	 x10:0x0040004f x27=0x00100013
        3955000	       394	800014f0	00930313	addi	x6,x6,9	  x6:0x00000003  x6=0x0000000c
        3965000	       395	800014f4	359b4b13	xori	x22,x22,857	 x22:0xbdbeb359 x22=0xbdbeb000
        3975000	       396	800014f8	00215b93	srli	x23,x2,0x2	  x2:0xf85a3668 x23=0x3e168d9a
        3985000	       397	800014fc	fff346e3	blt	x6,x31,800014e8	  x6:0x0000000c x31:0x0000000d
        3995000	       398	00000000	00000013	addi	x0,x0,0	  x0:0x00000000
        4005000	       399	800014e4	00000013	addi	x0,x0,0	  x0:0x00000000
        4015000	       400	800014e8	272417b7	lui	x15,0x27241	 x15=0x27241000
        4025000	       401	800014ec	00255d93	srli	x27,x10,0x2	 x10:0x0040004f x27=0x00100013
        4035000	       402	800014f0	00930313	addi	x6,x6,9	  x6:0x0000000c  x6=0x00000015
        4045000	       403	800014f4	359b4b13	xori	x22,x22,857	 x22:0xbdbeb000 x22=0xbdbeb359
        4055000	       404	800014f8	00215b93	srli	x23,x2,0x2	  x2:0xf85a3668 x23=0x3e168d9a
        4065000	       405	800014fc	fff346e3	blt	x6,x31,800014e8	  x6:0x00000015 x31:0x0000000d
        4075000	       406	80001500	80d3f913	andi	x18,x7,-2035	  x7:0x00000002 x18=0x00000000
        4085000	       407	80001504	ffa00193	addi	x3,x0,-6	  x0:0x00000000  x3=0xfffffffa
        4095000	       408	80001508	3d3a3917	auipc	x18,0x3d3a3	 x18=0xbd3a4504
        4105000	       409	8000150c	00c00a93	addi	x21,x0,12	  x0:0x00000000 x21=0x0000000c
        4115000	       410	80001510	01535e93	srli	x29,x6,0x15	  x6:0x00000015 x29=0x00000000
        4125000	       411	80001514	e7136b37	lui	x22,0xe7136	 x22=0xe7136000
        4135000	       412	80001518	01b72eb3	slt	x29,x14,x27	 x14:0xf68fa000 x27:0x00100013 x29=0x00000001
        4145000	       413	8000151c	00318193	addi	x3,x3,3	  x3:0xfffffffa  x3=0xfffffffd
        4155000	       414	80001520	00af9613	slli	x12,x31,0xa	 x31:0x0000000d x12=0x00003400
        4165000	       415	80001524	ff900793	addi	x15,x0,-7	  x0:0x00000000 x15=0xfffffff9
        4175000	       416	80001528	00e7c333	xor	x6,x15,x14	 x15:0xfffffff9 x14:0xf68fa000  x6=0x09705ff9
        4185000	       417	8000152c	00b00f93	addi	x31,x0,11	  x0:0x00000000 x31=0x0000000b
        4195000	       418	80001530	4e112e93	slti	x29,x2,1249	  x2:0xf85a3668 x29=0x00000001
        4205000	       419	80001534	01b15c33	srl	x24,x2,x27	  x2:0xf85a3668 x27:0x00100013 x24=0x00001f0b
        4215000	       420	80001538	00f136b3	sltu	x13,x2,x15	  x2:0xf85a3668 x15:0xfffffff9 x13=0x00000001
        4225000	       421	8000153c	da5b7293	andi	x5,x22,-603	 x22:0xe7136000  x5=0xe7136000
        4235000	       422	80001540	00378793	addi	x15,x15,3	 x15:0xfffffff9 x15=0xfffffffc
        4245000	       423	80001544	be568393	addi	x7,x13,-1051	 x13:0x00000001  x7=0xfffffbe6
        4255000	       424	80001548	3bc03997	auipc	x19,0x3bc03	 x19=0xbbc04544
        4265000	       425	8000154c	0041eeb3	or	x29,x3,x4	  x3:0xfffffffd  x4:0x00000010 x29=0xfffffffd
        4275000	       426	80001550	00f32633	slt	x12,x6,x15	  x6:0x09705ff9 x15:0xfffffffc x12=0x00000000
        4285000	       427	80001554	fdf7eee3	bltu	x15,x31,80001530	 x15:0xfffffffc x31:0x0000000b
        4295000	       428	80001558	76adc6b7	lui	x13,0x76adc	 x13=0x76adc000
        4305000	       429	8000155c	fb518ce3	beq	x3,x21,80001514	  x3:0xfffffffd x21:0x0000000c
        4315000	       430	80001560	0189fe33	and	x28,x19,x24	 x19:0xbbc04544 x24:0x00001f0b x28=0x00000500
        4325000	       431	80001564	00900d93	addi	x27,x0,9	  x0:0x00000000 x27=0x00000009
        4335000	       432	80001568	64278593	addi	x11,x15,1602	 x15:0xfffffffc x11=0x0000063e
        4345000	       433	8000156c	4178d9b3	sra	x19,x17,x23	 x17:0xffffffff x23:0x3e168d9a x19=0xffffffff
        4355000	       434	80001570	00d00213	addi	x4,x0,13	  x0:0x00000000  x4=0x0000000d
        4365000	       435	80001574	404a3517	auipc	x10,0x404a3	 x10=0xc04a4570
        4375000	       436	80001578	01812c33	slt	x24,x2,x24	  x2:0xf85a3668 x24:0x00001f0b x24=0x00000001
        4385000	       437	8000157c	00c007b3	add	x15,x0,x12	  x0:0x00000000 x12:0x00000000 x15=0x00000000
        4395000	       438	80001580	5fa4a593	slti	x11,x9,1530	  x9:0x0080009f x11=0x00000000
        4405000	       439	80001584	775ea513	slti	x10,x29,1909	 x29:0xfffffffd x10=0x00000001
        4415000	       440	80001588	41cfd033	sra	x0,x31,x28	 x31:0x0000000b x28:0x00000500
        4425000	       441	8000158c	ce643293	sltiu	x5,x8,-794	  x8:0xf6fac000  x5=0x00000001
        4435000	       442	80001590	006d8d93	addi	x27,x27,6	 x27:0x00000009 x27=0x0000000f
        4445000	       443	80001594	00200a93	addi	x21,x0,2	  x0:0x00000000 x21=0x00000002
        4455000	       444	80001598	29846713	ori	x14,x8,664	  x8:0xf6fac000 x14=0xf6fac298
        4465000	       445	8000159c	015563b3	or	x7,x10,x21	 x10:0x00000001 x21:0x00000002  x7=0x00000003
        4475000	       446	800015a0	019c9b93	slli	x23,x25,0x19	 x25:0x00000000 x23=0x00000000
        4485000	       447	800015a4	0179f6b3	and	x13,x19,x23	 x19:0xffffffff x23:0x00000000 x13=0x00000000
        4495000	       448	800015a8	7c6b2393	slti	x7,x22,1990	 x22:0xe7136000  x7=0x00000001
        4505000	       449	800015ac	0014c1b3	xor	x3,x9,x1	  x9:0x0080009f  x1:0x00200000  x3=0x00a0009f
        4515000	       450	800015b0	c24cd917	auipc	x18,0xc24cd	 x18=0x424ce5ac
        4525000	       451	800015b4	4094db13	srai	x22,x9,0x9	  x9:0x0080009f x22=0x00004000
        4535000	       452	800015b8	00900613	addi	x12,x0,9	  x0:0x00000000 x12=0x00000009
        4545000	       453	800015bc	01711f13	slli	x30,x2,0x17	  x2:0xf85a3668 x30=0x34000000
        4555000	       454	800015c0	010d7733	and	x14,x26,x16	 x26:0xfffffbb2 x16:0x80009fc4 x14=0x80009b80
        4565000	       455	800015c4	014748b3	xor	x17,x14,x20	 x14:0x80009b80 x20:0x80009f7c x17=0x000004fc
        4575000	       456	800015c8	c8688913	addi	x18,x17,-890	 x17:0x000004fc x18=0x00000182
        4585000	       457	800015cc	00000013	addi	x0,x0,0	  x0:0x00000000
        4595000	       458	800015d0	88767bb7	lui	x23,0x88767	 x23=0x88767000
        4605000	       459	800015d4	018184b3	add	x9,x3,x24	  x3:0x00a0009f x24:0x00000001  x9=0x00a000a0
        4615000	       460	800015d8	4fb97f93	andi	x31,x18,1275	 x18:0x00000182 x31=0x00000082
        4625000	       461	800015dc	007a8a93	addi	x21,x21,7	 x21:0x00000002 x21=0x00000009
        4635000	       462	800015e0	feca96e3	bne	x21,x12,800015cc	 x21:0x00000009 x12:0x00000009
        4645000	       463	800015e4	4113d793	srai	x15,x7,0x11	  x7:0x00000001 x15=0x00000000
        4655000	       464	800015e8	f84dc8e3	blt	x27,x4,80001578	 x27:0x0000000f  x4:0x0000000d
        4665000	       465	800015ec	9f526bb7	lui	x23,0x9f526	 x23=0x9f526000
        4675000	       466	800015f0	ffb00f93	addi	x31,x0,-5	  x0:0x00000000 x31=0xfffffffb
        4685000	       467	800015f4	01100b93	addi	x23,x0,17	  x0:0x00000000 x23=0x00000011
        4695000	       468	800015f8	00d66c33	or	x24,x12,x13	 x12:0x00000009 x13:0x00000000 x24=0x00000009
        4705000	       469	800015fc	13240a93	addi	x21,x8,306	  x8:0xf6fac000 x21=0xf6fac132
        4715000	       470	80001600	007f8f93	addi	x31,x31,7	 x31:0xfffffffb x31=0x00000002
        4725000	       471	80001604	2d7a2d13	slti	x26,x20,727	 x20:0x80009f7c x26=0x00000001
        4735000	       472	80001608	00500493	addi	x9,x0,5	  x0:0x00000000  x9=0x00000005
        4745000	       473	8000160c	00800893	addi	x17,x0,8	  x0:0x00000000 x17=0x00000008
        4755000	       474	80001610	a1023c13	sltiu	x24,x4,-1520	  x4:0x0000000d x24=0x00000001
        4765000	       475	80001614	a86de193	ori	x3,x27,-1402	 x27:0x0000000f  x3=0xfffffa8f
        4775000	       476	80001618	00348493	addi	x9,x9,3	  x9:0x00000005  x9=0x00000008
        4785000	       477	8000161c	ff14eae3	bltu	x9,x17,80001610	  x9:0x00000008 x17:0x00000008
        4795000	       478	80001620	fd7fcce3	blt	x31,x23,800015f8	 x31:0x00000002 x23:0x00000011
        4805000	       479	00000000	00000013	addi	x0,x0,0	  x0:0x00000000
        4815000	       480	800015f4	00000013	addi	x0,x0,0	  x0:0x00000000
        4825000	       481	800015f8	00d66c33	or	x24,x12,x13	 x12:0x00000009 x13:0x00000000 x24=0x00000009
        4835000	       482	800015fc	13240a93	addi	x21,x8,306	  x8:0xf6fac000 x21=0xf6fac132
        4845000	       483	80001600	007f8f93	addi	x31,x31,7	 x31:0x00000002 x31=0x00000009
        4855000	       484	80001604	2d7a2d13	slti	x26,x20,727	 x20:0x80009f7c x26=0x00000001
        4865000	       485	80001608	00500493	addi	x9,x0,5	  x0:0x00000000  x9=0x00000005
        4875000	       486	8000160c	00800893	addi	x17,x0,8	  x0:0x00000000 x17=0x00000008
        4885000	       487	80001610	a1023c13	sltiu	x24,x4,-1520	  x4:0x0000000d x24=0x00000001
        4895000	       488	80001614	a86de193	ori	x3,x27,-1402	 x27:0x0000000f  x3=0xfffffa8f
        4905000	       489	80001618	00348493	addi	x9,x9,3	  x9:0x00000005  x9=0x00000008
        4915000	       490	8000161c	ff14eae3	bltu	x9,x17,80001610	  x9:0x00000008 x17:0x00000008
        4925000	       491	80001620	fd7fcce3	blt	x31,x23,800015f8	 x31:0x00000009 x23:0x00000011
        4935000	       492	00000000	00000013	addi	x0,x0,0	  x0:0x00000000
        4945000	       493	800015f4	00000013	addi	x0,x0,0	  x0:0x00000000
        4955000	       494	800015f8	00d66c33	or	x24,x12,x13	 x12:0x00000009 x13:0x00000000 x24=0x00000009
        4965000	       495	800015fc	13240a93	addi	x21,x8,306	  x8:0xf6fac000 x21=0xf6fac132
        4975000	       496	80001600	007f8f93	addi	x31,x31,7	 x31:0x00000009 x31=0x00000010
        4985000	       497	80001604	2d7a2d13	slti	x26,x20,727	 x20:0x80009f7c x26=0x00000001
        4995000	       498	80001608	00500493	addi	x9,x0,5	  x0:0x00000000  x9=0x00000005
        5005000	       499	8000160c	00800893	addi	x17,x0,8	  x0:0x00000000 x17=0x00000008
        5015000	       500	80001610	a1023c13	sltiu	x24,x4,-1520	  x4:0x0000000d x24=0x00000001
        5025000	       501	80001614	a86de193	ori	x3,x27,-1402	 x27:0x0000000f  x3=0xfffffa8f
        5035000	       502	80001618	00348493	addi	x9,x9,3	  x9:0x00000005  x9=0x00000008
        5045000	       503	8000161c	ff14eae3	bltu	x9,x17,80001610	  x9:0x00000008 x17:0x00000008
        5055000	       504	80001620	fd7fcce3	blt	x31,x23,800015f8	 x31:0x00000010 x23:0x00000011
        5065000	       505	00000000	00000013	addi	x0,x0,0	  x0:0x00000000
        5075000	       506	800015f4	00000013	addi	x0,x0,0	  x0:0x00000000
        5085000	       507	800015f8	00d66c33	or	x24,x12,x13	 x12:0x00000009 x13:0x00000000 x24=0x00000009
        5095000	       508	800015fc	13240a93	addi	x21,x8,306	  x8:0xf6fac000 x21=0xf6fac132
        5105000	       509	80001600	007f8f93	addi	x31,x31,7	 x31:0x00000010 x31=0x00000017
        5115000	       510	80001604	2d7a2d13	slti	x26,x20,727	 x20:0x80009f7c x26=0x00000001
        5125000	       511	80001608	00500493	addi	x9,x0,5	  x0:0x00000000  x9=0x00000005
        5135000	       512	8000160c	00800893	addi	x17,x0,8	  x0:0x00000000 x17=0x00000008
        5145000	       513	80001610	a1023c13	sltiu	x24,x4,-1520	  x4:0x0000000d x24=0x00000001
        5155000	       514	80001614	a86de193	ori	x3,x27,-1402	 x27:0x0000000f  x3=0xfffffa8f
        5165000	       515	80001618	00348493	addi	x9,x9,3	  x9:0x00000005  x9=0x00000008
        5175000	       516	8000161c	ff14eae3	bltu	x9,x17,80001610	  x9:0x00000008 x17:0x00000008
        5185000	       517	80001620	fd7fcce3	blt	x31,x23,800015f8	 x31:0x00000017 x23:0x00000011
        5195000	       518	80001624	418ad033	sra	x0,x21,x24	 x21:0xf6fac132 x24:0x00000001
        5205000	       519	80001628	00a00e13	addi	x28,x0,10	  x0:0x00000000 x28=0x0000000a
        5215000	       520	8000162c	f4bd8513	addi	x10,x27,-181	 x27:0x0000000f x10=0xffffff5a
        5225000	       521	80001630	01df33b3	sltu	x7,x30,x29	 x30:0x34000000 x29:0xfffffffd  x7=0x00000001
        5235000	       522	80001634	ffa00693	addi	x13,x0,-6	  x0:0x00000000 x13=0xfffffffa
        5245000	       523	80001638	eb5a8213	addi	x4,x21,-331	 x21:0xf6fac132  x4=0xf6fabfe7
        5255000	       524	8000163c	00675633	srl	x12,x14,x6	 x14:0x80009b80  x6:0x09705ff9 x12=0x00000040
        5265000	       525	80001640	ffee0e13	addi	x28,x28,-2	 x28:0x0000000a x28=0x00000008
        5275000	       526	80001644	00500593	addi	x11,x0,5	  x0:0x00000000 x11=0x00000005
        5285000	       527	80001648	00febb33	sltu	x22,x29,x15	 x29:0xfffffffd x15:0x00000000 x22=0x00000000
        5295000	       528	8000164c	00f00f93	addi	x31,x0,15	  x0:0x00000000 x31=0x0000000f
        5305000	       529	80001650	6cc3b017	auipc	x0,0x6cc3b	
        5315000	       530	80001654	00000013	addi	x0,x0,0	  x0:0x00000000
        5325000	       531	80001658	01f347b3	xor	x15,x6,x31	  x6:0x09705ff9 x31:0x0000000f x15=0x09705ff6
        5335000	       532	8000165c	00a58593	addi	x11,x11,10	 x11:0x00000005 x11=0x0000000f
        5345000	       533	80001660	00f8deb3	srl	x29,x17,x15	 x17:0x00000008 x15:0x09705ff6 x29=0x00000000
        5355000	       534	80001664	00821cb3	sll	x25,x4,x8	  x4:0xf6fabfe7  x8:0xf6fac000 x25=0xf6fabfe7
        5365000	       535	80001668	fff584e3	beq	x11,x31,80001650	 x11:0x0000000f x31:0x0000000f
        5375000	       536	00000000	00000013	addi	x0,x0,0	  x0:0x00000000
        5385000	       537	8000164c	00000013	addi	x0,x0,0	  x0:0x00000000
        5395000	       538	80001650	6cc3b017	auipc	x0,0x6cc3b	
        5405000	       539	80001654	00000013	addi	x0,x0,0	  x0:0x00000000
        5415000	       540	80001658	01f347b3	xor	x15,x6,x31	  x6:0x09705ff9 x31:0x0000000f x15=0x09705ff6
        5425000	       541	8000165c	00a58593	addi	x11,x11,10	 x11:0x0000000f x11=0x00000019
        5435000	       542	80001660	00f8deb3	srl	x29,x17,x15	 x17:0x00000008 x15:0x09705ff6 x29=0x00000000
        5445000	       543	80001664	00821cb3	sll	x25,x4,x8	  x4:0xf6fabfe7  x8:0xf6fac000 x25=0xf6fabfe7
        5455000	       544	80001668	fff584e3	beq	x11,x31,80001650	 x11:0x00000019 x31:0x0000000f
        5465000	       545	8000166c	fcde06e3	beq	x28,x13,80001638	 x28:0x00000008 x13:0xfffffffa
        5475000	       546	80001670	7b870013	addi	x0,x14,1976	 x14:0x80009b80
        5485000	       547	80001674	00700d13	addi	x26,x0,7	  x0:0x00000000 x26=0x00000007
        5495000	       548	80001678	32c6f737	lui	x14,0x32c6f	 x14=0x32c6f000
        5505000	       549	8000167c	3a6d0c13	addi	x24,x26,934	 x26:0x00000007 x24=0x000003ad
        5515000	       550	80001680	00834533	xor	x10,x6,x8	  x6:0x09705ff9  x8:0xf6fac000 x10=0xff8a9ff9
        5525000	       551	80001684	00600793	addi	x15,x0,6	  x0:0x00000000 x15=0x00000006
        5535000	       552	80001688	00775913	srli	x18,x14,0x7	 x14:0x32c6f000 x18=0x00658de0
        5545000	       553	8000168c	01c3ec33	or	x24,x7,x28	  x7:0x00000001 x28:0x00000008 x24=0x00000009
        5555000	       554	80001690	2386a413	slti	x8,x13,568	 x13:0xfffffffa  x8=0x00000001
        5565000	       555	80001694	a9967413	andi	x8,x12,-1383	 x12:0x00000040  x8=0x00000000
        5575000	       556	80001698	a5e6e613	ori	x12,x13,-1442	 x13:0xfffffffa x12=0xfffffffe
        5585000	       557	8000169c	fb6ca293	slti	x5,x25,-74	 x25:0xf6fabfe7  x5=0x00000001
        5595000	       558	800016a0	405fdab3	sra	x21,x31,x5	 x31:0x0000000f  x5:0x00000001 x21=0x00000007
        5605000	       559	800016a4	ffdd0d13	addi	x26,x26,-3	 x26:0x00000007 x26=0x00000004
        5615000	       560	800016a8	d80cac13	slti	x24,x25,-640	 x25:0xf6fabfe7 x24=0x00000001
        5625000	       561	800016ac	01737ab3	and	x21,x6,x23	  x6:0x09705ff9 x23:0x00000011 x21=0x00000011
        5635000	       562	800016b0	01839533	sll	x10,x7,x24	  x7:0x00000001 x24:0x00000001 x10=0x00000002
        5645000	       563	800016b4	00ccf1b3	and	x3,x25,x12	 x25:0xf6fabfe7 x12:0xfffffffe  x3=0xf6fabfe6
        5655000	       564	800016b8	00ace533	or	x10,x25,x10	 x25:0xf6fabfe7 x10:0x00000002 x10=0xf6fabfe7
        5665000	       565	800016bc	0114dc93	srli	x25,x9,0x11	  x9:0x00000008 x25=0x00000000
        5675000	       566	800016c0	00112e33	slt	x28,x2,x1	  x2:0xf85a3668  x1:0x00200000 x28=0x00000001
        5685000	       567	800016c4	41138333	sub	x6,x7,x17	  x7:0x00000001 x17:0x00000008  x6=0xfffffff9
        5695000	       568	800016c8	41be8233	sub	x4,x29,x27	 x29:0x00000000 x27:0x0000000f  x4=0xfffffff1
        5705000	       569	800016cc	fcfd76e3	bgeu	x26,x15,80001698	 x26:0x00000004 x15:0x00000006
        5715000	       570	800016d0	40928733	sub	x14,x5,x9	  x5:0x00000001  x9:0x00000008 x14=0xfffffff9
        5725000	       571	800016d4	41b20933	sub	x18,x4,x27	  x4:0xfffffff1 x27:0x0000000f x18=0xffffffe2
        5735000	       572	800016d8	efa08897	auipc	x17,0xefa08	 x17=0x6fa096d4
        5745000	       573	800016dc	01e4f233	and	x4,x9,x30	  x9:0x00000008 x30:0x34000000  x4=0x00000000
        5755000	       574	800016e0	00000013	addi	x0,x0,0	  x0:0x00000000
        5765000	       575	800016e4	efa76d17	auipc	x26,0xefa76	 x26=0x6fa776e0
        5775000	       576	800016e8	00130e33	add	x28,x6,x1	  x6:0xfffffff9  x1:0x00200000 x28=0x001ffff9
        5785000	       577	800016ec	00000013	addi	x0,x0,0	  x0:0x00000000
        5795000	       578	800016f0	3198ac93	slti	x25,x17,793	 x17:0x6fa096d4 x25=0x00000000
        5805000	       579	800016f4	0008deb3	srl	x29,x17,x0	 x17:0x6fa096d4  x0:0x00000000 x29=0x6fa096d4
        5815000	       580	800016f8	01937933	and	x18,x6,x25	  x6:0xfffffff9 x25:0x00000000 x18=0x00000000
        5825000	       581	800016fc	00a6dc93	srli	x25,x13,0xa	 x13:0xfffffffa x25=0x003fffff
        5835000	       582	80001700	c0edfb93	andi	x23,x27,-1010	 x27:0x0000000f x23=0x0000000e
        5845000	       583	80001704	8484fc13	andi	x24,x9,-1976	  x9:0x00000008 x24=0x00000008
        5855000	       584	80001708	035b4063	blt	x22,x21,80001728	 x22:0x00000000 x21:0x00000011
        5865000	       585	00000000	00000013	addi	x0,x0,0	  x0:0x00000000
        5875000	       586	80001724	00000013	addi	x0,x0,0	  x0:0x00000000
        5885000	       587	80001728	27988493	addi	x9,x17,633	 x17:0x6fa096d4  x9=0x6fa0994d
        5895000	       588	8000172c	7bc23737	lui	x14,0x7bc23	 x14=0x7bc23000
        5905000	       589	80001730	03464263	blt	x12,x20,80001754	 x12:0xfffffffe x20:0x80009f7c
        5915000	       590	80001734	1e8e0313	addi	x6,x28,488	 x28:0x001ffff9  x6=0x002001e1
        5925000	       591	80001738	5c88a693	slti	x13,x17,1480	 x17:0x6fa096d4 x13=0x00000000
        5935000	       592	8000173c	2f78b593	sltiu	x11,x17,759	 x17:0x6fa096d4 x11=0x00000000
        5945000	       593	80001740	8016e693	ori	x13,x13,-2047	 x13:0x00000000 x13=0xfffff801
        5955000	       594	80001744	014910b3	sll	x1,x18,x20	 x18:0x00000000 x20:0x80009f7c  x1=0x00000000
        5965000	       595	80001748	00488033	add	x0,x17,x4	 x17:0x6fa096d4  x4:0x00000000
        5975000	       596	8000174c	010e3ab3	sltu	x21,x28,x16	 x28:0x001ffff9 x16:0x80009fc4 x21=0x00000001
        5985000	       597	80001750	00cb9cb3	sll	x25,x23,x12	 x23:0x0000000e x12:0xfffffffe x25=0x80000000
        5995000	       598	80001754	89ebec13	ori	x24,x23,-1890	 x23:0x0000000e x24=0xfffff89e
        6005000	       599	80001758	012b87b3	add	x15,x23,x18	 x23:0x0000000e x18:0x00000000 x15=0x0000000e
        6015000	       600	8000175c	0b6e7e13	andi	x28,x28,182	 x28:0x001ffff9 x28=0x000000b0
        6025000	       601	80001760	00000013	addi	x0,x0,0	  x0:0x00000000
        6035000	       602	80001764	00634b33	xor	x22,x6,x6	  x6:0x002001e1  x6:0x002001e1 x22=0x00000000
        6045000	       603	80001768	01f51663	bne	x10,x31,80001774	 x10:0xf6fabfe7 x31:0x0000000f
        6055000	       604	00000000	00000013	addi	x0,x0,0	  x0:0x00000000
        6065000	       605	80001770	00000013	addi	x0,x0,0	  x0:0x00000000
        6075000	       606	80001774	05149463	bne	x9,x17,800017bc	  x9:0x6fa0994d x17:0x6fa096d4
        6085000	       607	00000000	00000013	addi	x0,x0,0	  x0:0x00000000
        6095000	       608	800017b8	00000013	addi	x0,x0,0	  x0:0x00000000
        6105000	       609	800017bc	0074c863	blt	x9,x7,800017cc	  x9:0x6fa0994d  x7:0x00000001
        6115000	       610	800017c0	54fff713	andi	x14,x31,1359	 x31:0x0000000f x14=0x0000000f
        6125000	       611	800017c4	b730e6b7	lui	x13,0xb730e	 x13=0xb730e000
        6135000	       612	800017c8	ea4bb713	sltiu	x14,x23,-348	 x23:0x0000000e x14=0x00000001
        6145000	       613	800017cc	68d01fb7	lui	x31,0x68d01	 x31=0x68d01000
        6155000	       614	800017d0	946c6393	ori	x7,x24,-1722	 x24:0xfffff89e  x7=0xfffff9de
        6165000	       615	800017d4	9e03b913	sltiu	x18,x7,-1568	  x7:0xfffff9de x18=0x00000001
        6175000	       616	800017d8	02541263	bne	x8,x5,800017fc	  x8:0x00000000  x5:0x00000001
        6185000	       617	00000000	00000013	addi	x0,x0,0	  x0:0x00000000
        6195000	       618	800017f8	00000013	addi	x0,x0,0	  x0:0x00000000
        6205000	       619	800017fc	5fa7f913	andi	x18,x15,1530	 x15:0x0000000e x18=0x0000000a
        6215000	       620	80001800	01337e33	and	x28,x6,x19	  x6:0x002001e1 x19:0xffffffff x28=0x002001e1
        6225000	       621	80001804	01f69093	slli	x1,x13,0x1f	 x13:0xb730e000  x1=0x00000000
        6235000	       622	80001808	019d60b3	or	x1,x26,x25	 x26:0x6fa776e0 x25:0x80000000  x1=0xefa776e0
        6245000	       623	8000180c	014f9a93	slli	x21,x31,0x14	 x31:0x68d01000 x21=0x00000000
        6255000	       624	80001810	01a480b3	add	x1,x9,x26	  x9:0x6fa0994d x26:0x6fa776e0  x1=0xdf48102d
        6265000	       625	80001814	019ca8b3	slt	x17,x25,x25	 x25:0x80000000 x25:0x80000000 x17=0x00000000
        6275000	       626	80001818	02b40a63	beq	x8,x11,8000184c	  x8:0x00000000 x11:0x00000000
        6285000	       627	00000000	00000013	addi	x0,x0,0	  x0:0x00000000
        6295000	       628	80001848	00000013	addi	x0,x0,0	  x0:0x00000000
        6305000	       629	8000184c	03b1c263	blt	x3,x27,80001870	  x3:0xf6fabfe6 x27:0x0000000f
        6315000	       630	00000000	00000013	addi	x0,x0,0	  x0:0x00000000
        6325000	       631	8000186c	00000013	addi	x0,x0,0	  x0:0x00000000
        6335000	       632	80001870	044cf463	bgeu	x25,x4,800018b8	 x25:0x80000000  x4:0x00000000
        6345000	       633	00000000	00000013	addi	x0,x0,0	  x0:0x00000000
        6355000	       634	800018b4	00000013	addi	x0,x0,0	  x0:0x00000000
        6365000	       635	800018b8	0393f463	bgeu	x7,x25,800018e0	  x7:0xfffff9de x25:0x80000000
        6375000	       636	00000000	00000013	addi	x0,x0,0	  x0:0x00000000
        6385000	       637	800018dc	00000013	addi	x0,x0,0	  x0:0x00000000
        6395000	       638	800018e0	01471093	slli	x1,x14,0x14	 x14:0x00000001  x1=0x00100000
        6405000	       639	800018e4	029d9c63	bne	x27,x9,8000191c	 x27:0x0000000f  x9:0x6fa0994d
        6415000	       640	00000000	00000013	addi	x0,x0,0	  x0:0x00000000
        6425000	       641	80001918	00000013	addi	x0,x0,0	  x0:0x00000000
        6435000	       642	8000191c	006a84b3	add	x9,x21,x6	 x21:0x00000000  x6:0x002001e1  x9=0x002001e1
        6445000	       643	80001920	00c89413	slli	x8,x17,0xc	 x17:0x00000000  x8=0x00000000
        6455000	       644	80001924	4033d533	sra	x10,x7,x3	  x7:0xfffff9de  x3:0xf6fabfe6 x10=0xffffffe7
        6465000	       645	80001928	001ab933	sltu	x18,x21,x1	 x21:0x00000000  x1:0x00100000 x18=0x00000001
        6475000	       646	8000192c	00a792b3	sll	x5,x15,x10	 x15:0x0000000e x10:0xffffffe7  x5=0x00000700
        6485000	       647	80001930	058a6863	bltu	x20,x24,80001980	 x20:0x80009f7c x24:0xfffff89e
        6495000	       648	00000000	00000013	addi	x0,x0,0	  x0:0x00000000
        6505000	       649	8000197c	00000013	addi	x0,x0,0	  x0:0x00000000
        6515000	       650	80001980	01a15793	srli	x15,x2,0x1a	  x2:0xf85a3668 x15=0x0000003e
        6525000	       651	80001984	74410b93	addi	x23,x2,1860	  x2:0xf85a3668 x23=0xf85a3dac
        6535000	       652	80001988	01cb03b3	add	x7,x22,x28	 x22:0x00000000 x28:0x002001e1  x7=0x002001e1
        6545000	       653	8000198c	9a7cf493	andi	x9,x25,-1625	 x25:0x80000000  x9=0x80000000
        6555000	       654	80001990	41b45693	srai	x13,x8,0x1b	  x8:0x00000000 x13=0x00000000
        6565000	       655	80001994	451ba993	slti	x19,x23,1105	 x23:0xf85a3dac x19=0x00000001
        6575000	       656	80001998	0142d533	srl	x10,x5,x20	  x5:0x00000700 x20:0x80009f7c x10=0x00000000
        6585000	       657	8000199c	00411313	slli	x6,x2,0x4	  x2:0xf85a3668  x6=0x85a36680
        6595000	       658	800019a0	c8134f37	lui	x30,0xc8134	 x30=0xc8134000
        6605000	       659	800019a4	01fc6233	or	x4,x24,x31	 x24:0xfffff89e x31:0x68d01000  x4=0xfffff89e
        6615000	       660	800019a8	022aea63	bltu	x21,x2,800019dc	 x21:0x00000000  x2:0xf85a3668
        6625000	       661	00000000	00000013	addi	x0,x0,0	  x0:0x00000000
        6635000	       662	800019d8	00000013	addi	x0,x0,0	  x0:0x00000000
        6645000	       663	800019dc	0198f663	bgeu	x17,x25,800019e8	 x17:0x00000000 x25:0x80000000
        6655000	       664	800019e0	010e1863	bne	x28,x16,800019f0	 x28:0x002001e1 x16:0x80009fc4
        6665000	       665	00000000	00000013	addi	x0,x0,0	  x0:0x00000000
        6675000	       666	800019ec	00000013	addi	x0,x0,0	  x0:0x00000000
        6685000	       667	800019f0	027fc063	blt	x31,x7,80001a10	 x31:0x68d01000  x7:0x002001e1
        6695000	       668	800019f4	00901193	slli	x3,x0,0x9	  x0:0x00000000  x3=0x00000000
        6705000	       669	800019f8	3917f013	andi	x0,x15,913	 x15:0x0000003e
        6715000	       670	800019fc	531ccc93	xori	x25,x25,1329	 x25:0x80000000 x25=0x80000531
        6725000	       671	80001a00	0ac60737	lui	x14,0xac60	 x14=0x0ac60000
        6735000	       672	80001a04	0015f433	and	x8,x11,x1	 x11:0x00000000  x1:0x00100000  x8=0x00000000
        6745000	       673	80001a08	01f744b3	xor	x9,x14,x31	 x14:0x0ac60000 x31:0x68d01000  x9=0x62161000
        6755000	       674	80001a0c	00655313	srli	x6,x10,0x6	 x10:0x00000000  x6=0x00000000
        6765000	       675	80001a10	41d88d33	sub	x26,x17,x29	 x17:0x00000000 x29:0x6fa096d4 x26=0x905f692c
        6775000	       676	80001a14	009e71b3	and	x3,x28,x9	 x28:0x002001e1  x9:0x62161000  x3=0x00000000
        6785000	       677	80001a18	010b4733	xor	x14,x22,x16	 x22:0x00000000 x16:0x80009fc4 x14=0x80009fc4
        6795000	       678	80001a1c	7ebfe093	ori	x1,x31,2027	 x31:0x68d01000  x1=0x68d017eb
        6805000	       679	80001a20	40845013	srai	x0,x8,0x8	  x8:0x00000000
        6815000	       680	80001a24	03610a63	beq	x2,x22,80001a58	  x2:0xf85a3668 x22:0x00000000
        6825000	       681	80001a28	79b70b13	addi	x22,x14,1947	 x14:0x80009fc4 x22=0x8000a75f
        6835000	       682	80001a2c	00000013	addi	x0,x0,0	  x0:0x00000000
        6845000	       683	80001a30	040b8663	beq	x23,x0,80001a7c	 x23:0xf85a3dac  x0:0x00000000
        6855000	       684	80001a34	2f20cd13	xori	x26,x1,754	  x1:0x68d017eb x26=0x68d01519
        6865000	       685	80001a38	00c149b3	xor	x19,x2,x12	  x2:0xf85a3668 x12:0xfffffffe x19=0x07a5c996
        6875000	       686	80001a3c	01acb633	sltu	x12,x25,x26	 x25:0x80000531 x26:0x68d01519 x12=0x00000000
        6885000	       687	80001a40	7ebe3493	sltiu	x9,x28,2027	 x28:0x002001e1  x9=0x00000000
        6895000	       688	80001a44	f078e213	ori	x4,x17,-249	 x17:0x00000000  x4=0xffffff07
        6905000	       689	80001a48	04a69863	bne	x13,x10,80001a98	 x13:0x00000000 x10:0x00000000
        6915000	       690	80001a4c	40c80933	sub	x18,x16,x12	 x16:0x80009fc4 x12:0x00000000 x18=0x80009fc4
        6925000	       691	80001a50	00a63433	sltu	x8,x12,x10	 x12:0x00000000 x10:0x00000000  x8=0x00000000
        6935000	       692	80001a54	00accc33	xor	x24,x25,x10	 x25:0x80000531 x10:0x00000000 x24=0x80000531
        6945000	       693	80001a58	234c4e93	xori	x29,x24,564	 x24:0x80000531 x29=0x80000705
        6955000	       694	80001a5c	002b80b3	add	x1,x23,x2	 x23:0xf85a3dac  x2:0xf85a3668  x1=0xf0b47414
        6965000	       695	80001a60	00810663	beq	x2,x8,80001a6c	  x2:0xf85a3668  x8:0x00000000
        6975000	       696	80001a64	01ce5893	srli	x17,x28,0x1c	 x28:0x002001e1 x17=0x00000000
        6985000	       697	80001a68	011b1613	slli	x12,x22,0x11	 x22:0x8000a75f x12=0x4ebe0000
        6995000	       698	80001a6c	00b4f4b3	and	x9,x9,x11	  x9:0x00000000 x11:0x00000000  x9=0x00000000
        7005000	       699	80001a70	3f4dcc93	xori	x25,x27,1012	 x27:0x0000000f x25=0x000003fb
        7015000	       700	80001a74	002e21b3	slt	x3,x28,x2	 x28:0x002001e1  x2:0xf85a3668  x3=0x00000000
        7025000	       701	80001a78	9765af13	slti	x30,x11,-1674	 x11:0x00000000 x30=0x00000000
        7035000	       702	80001a7c	0171d863	bge	x3,x23,80001a8c	  x3:0x00000000 x23:0xf85a3dac
        7045000	       703	00000000	00000013	addi	x0,x0,0	  x0:0x00000000
        7055000	       704	80001a88	00000013	addi	x0,x0,0	  x0:0x00000000
        7065000	       705	80001a8c	015d1733	sll	x14,x26,x21	 x26:0x68d01519 x21:0x00000000 x14=0x68d01519
        7075000	       706	80001a90	0479c463	blt	x19,x7,80001ad8	 x19:0x07a5c996  x7:0x002001e1
        7085000	       707	80001a94	34573313	sltiu	x6,x14,837	 x14:0x68d01519  x6=0x00000000
        7095000	       708	80001a98	44908993	addi	x19,x1,1097	  x1:0xf0b47414 x19=0xf0b4785d
        7105000	       709	80001a9c	00000013	addi	x0,x0,0	  x0:0x00000000
        7115000	       710	80001aa0	40838493	addi	x9,x7,1032	  x7:0x002001e1  x9=0x002005e9
        7125000	       711	80001aa4	41e98eb3	sub	x29,x19,x30	 x19:0xf0b4785d x30:0x00000000 x29=0xf0b4785d
        7135000	       712	80001aa8	00b76233	or	x4,x14,x11	 x14:0x68d01519 x11:0x00000000  x4=0x68d01519
        7145000	       713	80001aac	01f2d613	srli	x12,x5,0x1f	  x5:0x00000700 x12=0x00000000
        7155000	       714	80001ab0	00a42033	slt	x0,x8,x10	  x8:0x00000000 x10:0x00000000
        7165000	       715	80001ab4	001d1693	slli	x13,x26,0x1	 x26:0x68d01519 x13=0xd1a02a32
        7175000	       716	80001ab8	a1550993	addi	x19,x10,-1515	 x10:0x00000000 x19=0xfffffa15
        7185000	       717	80001abc	01131f13	slli	x30,x6,0x11	  x6:0x00000000 x30=0x00000000
        7195000	       718	80001ac0	041e6463	bltu	x28,x1,80001b08	 x28:0x002001e1  x1:0xf0b47414
        7205000	       719	00000000	00000013	addi	x0,x0,0	  x0:0x00000000
        7215000	       720	80001b04	00000013	addi	x0,x0,0	  x0:0x00000000
        7225000	       721	80001b08	002e7333	and	x6,x28,x2	 x28:0x002001e1  x2:0xf85a3668  x6=0x00000060
        7235000	       722	80001b0c	031f6263	bltu	x30,x17,80001b30	 x30:0x00000000 x17:0x00000000
        7245000	       723	80001b10	012b85b3	add	x11,x23,x18	 x23:0xf85a3dac x18:0x80009fc4 x11=0x785add70
        7255000	       724	80001b14	02278263	beq	x15,x2,80001b38	 x15:0x0000003e  x2:0xf85a3668
        7265000	       725	80001b18	00f7f2b3	and	x5,x15,x15	 x15:0x0000003e x15:0x0000003e  x5=0x0000003e
        7275000	       726	80001b1c	02b40263	beq	x8,x11,80001b40	  x8:0x00000000 x11:0x785add70
        7285000	       727	80001b20	e6013393	sltiu	x7,x2,-416	  x2:0xf85a3668  x7=0x00000001
        7295000	       728	80001b24	020cf063	bgeu	x25,x0,80001b44	 x25:0x000003fb  x0:0x00000000
        7305000	       729	00000000	00000013	addi	x0,x0,0	  x0:0x00000000
        7315000	       730	80001b40	00000013	addi	x0,x0,0	  x0:0x00000000
        7325000	       731	80001b44	01471c33	sll	x24,x14,x20	 x14:0x68d01519 x20:0x80009f7c x24=0x90000000
        7335000	       732	80001b48	00153333	sltu	x6,x10,x1	 x10:0x00000000  x1:0xf0b47414  x6=0x00000001
        7345000	       733	80001b4c	013f1193	slli	x3,x30,0x13	 x30:0x00000000  x3=0x00000000
        7355000	       734	80001b50	01dc6bb3	or	x23,x24,x29	 x24:0x90000000 x29:0xf0b4785d x23=0xf0b4785d
        7365000	       735	80001b54	03468263	beq	x13,x20,80001b78	 x13:0xd1a02a32 x20:0x80009f7c
        7375000	       736	80001b58	017e1b93	slli	x23,x28,0x17	 x28:0x002001e1 x23=0xf0800000
        7385000	       737	80001b5c	019cd893	srli	x17,x25,0x19	 x25:0x000003fb x17=0x00000000
        7395000	       738	80001b60	9337af13	slti	x30,x15,-1741	 x15:0x0000003e x30=0x00000000
        7405000	       739	80001b64	02134c63	blt	x6,x1,80001b9c	  x6:0x00000001  x1:0xf0b47414
        7415000	       740	80001b68	01f0d8b3	srl	x17,x1,x31	  x1:0xf0b47414 x31:0x68d01000 x17=0xf0b47414
        7425000	       741	80001b6c	3442a013	slti	x0,x5,836	  x5:0x0000003e
        7435000	       742	80001b70	01821663	bne	x4,x24,80001b7c	  x4:0x68d01519 x24:0x90000000
        7445000	       743	00000000	00000013	addi	x0,x0,0	  x0:0x00000000
        7455000	       744	80001b78	00000013	addi	x0,x0,0	  x0:0x00000000
        7465000	       745	80001b7c	005d0933	add	x18,x26,x5	 x26:0x68d01519  x5:0x0000003e x18=0x68d01557
        7475000	       746	80001b80	039f4063	blt	x30,x25,80001ba0	 x30:0x00000000 x25:0x000003fb
        7485000	       747	00000000	00000013	addi	x0,x0,0	  x0:0x00000000
        7495000	       748	80001b9c	00000013	addi	x0,x0,0	  x0:0x00000000
        7505000	       749	80001ba0	731a4e13	xori	x28,x20,1841	 x20:0x80009f7c x28=0x8000984d
        7515000	       750	80001ba4	0257fa63	bgeu	x15,x5,80001bd8	 x15:0x0000003e  x5:0x0000003e
        7525000	       751	00000000	00000013	addi	x0,x0,0	  x0:0x00000000
        7535000	       752	80001bd4	00000013	addi	x0,x0,0	  x0:0x00000000
        7545000	       753	80001bd8	40718333	sub	x6,x3,x7	  x3:0x00000000  x7:0x00000001  x6=0xffffffff
        7555000	       754	80001bdc	03105c63	bge	x0,x17,80001c14	  x0:0x00000000 x17:0xf0b47414
        7565000	       755	00000000	00000013	addi	x0,x0,0	  x0:0x00000000
        7575000	       756	80001c10	00000013	addi	x0,x0,0	  x0:0x00000000
        7585000	       757	80001c14	01edb1b3	sltu	x3,x27,x30	 x27:0x0000000f x30:0x00000000  x3=0x00000000
        7595000	       758	80001c18	02456263	bltu	x10,x4,80001c3c	 x10:0x00000000  x4:0x68d01519
        7605000	       759	00000000	00000013	addi	x0,x0,0	  x0:0x00000000
        7615000	       760	80001c38	00000013	addi	x0,x0,0	  x0:0x00000000
        7625000	       761	80001c3c	03358263	beq	x11,x19,80001c60	 x11:0x785add70 x19:0xfffffa15
        7635000	       762	80001c40	418f82b3	sub	x5,x31,x24	 x31:0x68d01000 x24:0x90000000  x5=0xd8d01000
        7645000	       763	80001c44	001e6663	bltu	x28,x1,80001c50	 x28:0x8000984d  x1:0xf0b47414
        7655000	       764	00000000	00000013	addi	x0,x0,0	  x0:0x00000000
        7665000	       765	80001c4c	00000013	addi	x0,x0,0	  x0:0x00000000
        7675000	       766	80001c50	684be193	ori	x3,x23,1668	 x23:0xf0800000  x3=0xf0800684
        7685000	       767	80001c54	4002df33	sra	x30,x5,x0	  x5:0xd8d01000  x0:0x00000000 x30=0xd8d01000
        7695000	       768	80001c58	40755093	srai	x1,x10,0x7	 x10:0x00000000  x1=0x00000000
        7705000	       769	80001c5c	01e91d13	slli	x26,x18,0x1e	 x18:0x68d01557 x26=0xc0000000
        7715000	       770	80001c60	4080d733	sra	x14,x1,x8	  x1:0x00000000  x8:0x00000000 x14=0x00000000
        7725000	       771	80001c64	002b9cb3	sll	x25,x23,x2	 x23:0xf0800000  x2:0xf85a3668 x25=0x80000000
        7735000	       772	80001c68	5aadfd13	andi	x26,x27,1450	 x27:0x0000000f x26=0x0000000a
        7745000	       773	80001c6c	009690b3	sll	x1,x13,x9	 x13:0xd1a02a32  x9:0x002005e9  x1=0x40546400
        7755000	       774	80001c70	03d95c63	bge	x18,x29,80001ca8	 x18:0x68d01557 x29:0xf0b4785d
        7765000	       775	00000000	00000013	addi	x0,x0,0	  x0:0x00000000
        7775000	       776	80001ca4	00000013	addi	x0,x0,0	  x0:0x00000000
        7785000	       777	80001ca8	01bd8a63	beq	x27,x27,80001cbc	 x27:0x0000000f x27:0x0000000f
        7795000	       778	00000000	00000013	addi	x0,x0,0	  x0:0x00000000
        7805000	       779	80001cb8	00000013	addi	x0,x0,0	  x0:0x00000000
        7815000	       780	80001cbc	023afa63	bgeu	x21,x3,80001cf0	 x21:0x00000000  x3:0xf0800684
        7825000	       781	80001cc0	5b8496b7	lui	x13,0x5b849	 x13=0x5b849000
        7835000	       782	80001cc4	00ab56b3	srl	x13,x22,x10	 x22:0x8000a75f x10:0x00000000 x13=0x8000a75f
        7845000	       783	80001cc8	1029f413	andi	x8,x19,258	 x19:0xfffffa15  x8=0x00000000
        7855000	       784	80001ccc	00b65eb3	srl	x29,x12,x11	 x12:0x00000000 x11:0x785add70 x29=0x00000000
        7865000	       785	80001cd0	008de033	or	x0,x27,x8	 x27:0x0000000f  x8:0x00000000
        7875000	       786	80001cd4	01e54863	blt	x10,x30,80001ce4	 x10:0x00000000 x30:0xd8d01000
        7885000	       787	80001cd8	051ec263	blt	x29,x17,80001d1c	 x29:0x00000000 x17:0xf0b47414
        7895000	       788	80001cdc	011b7b33	and	x22,x22,x17	 x22:0x8000a75f x17:0xf0b47414 x22=0x80002414
        7905000	       789	80001ce0	00cd5193	srli	x3,x26,0xc	 x26:0x0000000a  x3=0x00000000
        7915000	       790	80001ce4	608c6a93	ori	x21,x24,1544	 x24:0x90000000 x21=0x90000608
        7925000	       791	80001ce8	efc72f93	slti	x31,x14,-260	 x14:0x00000000 x31=0x00000000
        7935000	       792	80001cec	0120de33	srl	x28,x1,x18	  x1:0x40546400 x18:0x68d01557 x28=0x00000080
        7945000	       793	80001cf0	5e76bb13	sltiu	x22,x13,1511	 x13:0x8000a75f x22=0x00000000
        7955000	       794	80001cf4	01a05193	srli	x3,x0,0x1a	  x0:0x00000000  x3=0x00000000
        7965000	       795	80001cf8	0592c463	blt	x5,x25,80001d40	  x5:0xd8d01000 x25:0x80000000
        7975000	       796	80001cfc	4172d793	srai	x15,x5,0x17	  x5:0xd8d01000 x15=0xffffffb1
        7985000	       797	80001d00	0089b2b3	sltu	x5,x19,x8	 x19:0xfffffa15  x8:0x00000000  x5=0x00000000
        7995000	       798	80001d04	cb722d13	slti	x26,x4,-841	  x4:0x68d01519 x26=0x00000000
        8005000	       799	80001d08	01ce6733	or	x14,x28,x28	 x28:0x00000080 x28:0x00000080 x14=0x00000080
        8015000	       800	80001d0c	003fbcb3	sltu	x25,x31,x3	 x31:0x00000000  x3:0x00000000 x25=0x00000000
        8025000	       801	80001d10	8896e717	auipc	x14,0x8896e	 x14=0x0896fd0c
        8035000	       802	80001d14	0040ee33	or	x28,x1,x4	  x1:0x40546400  x4:0x68d01519 x28=0x68d47519
        8045000	       803	80001d18	408f81b3	sub	x3,x31,x8	 x31:0x00000000  x8:0x00000000  x3=0x00000000
        8055000	       804	80001d1c	004bb333	sltu	x6,x23,x4	 x23:0xf0800000  x4:0x68d01519  x6=0x00000000
        8065000	       805	80001d20	01cdbd33	sltu	x26,x27,x28	 x27:0x0000000f x28:0x68d47519 x26=0x00000001
        8075000	       806	80001d24	0028b7b3	sltu	x15,x17,x2	 x17:0xf0b47414  x2:0xf85a3668 x15=0x00000001
        8085000	       807	80001d28	28dfaa97	auipc	x21,0x28dfa	 x21=0xa8dfbd24
        8095000	       808	80001d2c	e18a14b7	lui	x9,0xe18a1	  x9=0xe18a1000
        8105000	       809	80001d30	6e336493	ori	x9,x6,1763	  x6:0x00000000  x9=0x000006e3
        8115000	       810	80001d34	03c9c263	blt	x19,x28,80001d58	 x19:0xfffffa15 x28:0x68d47519
        8125000	       811	00000000	00000013	addi	x0,x0,0	  x0:0x00000000
        8135000	       812	80001d54	00000013	addi	x0,x0,0	  x0:0x00000000
        8145000	       813	80001d58	00172633	slt	x12,x14,x1	 x14:0x0896fd0c  x1:0x40546400 x12=0x00000001
        8155000	       814	80001d5c	008d4a63	blt	x26,x8,80001d70	 x26:0x00000001  x8:0x00000000
        8165000	       815	80001d60	dc493213	sltiu	x4,x18,-572	 x18:0x68d01557  x4=0x00000001
        8175000	       816	80001d64	04e57463	bgeu	x10,x14,80001dac	 x10:0x00000000 x14:0x0896fd0c
        8185000	       817	80001d68	00ea1bb3	sll	x23,x20,x14	 x20:0x80009f7c x14:0x0896fd0c x23=0x09f7c000
        8195000	       818	80001d6c	00329533	sll	x10,x5,x3	  x5:0x00000000  x3:0x00000000 x10=0x00000000
        8205000	       819	80001d70	00563233	sltu	x4,x12,x5	 x12:0x00000001  x5:0x00000000  x4=0x00000000
        8215000	       820	80001d74	01716533	or	x10,x2,x23	  x2:0xf85a3668 x23:0x09f7c000 x10=0xf9fff668
        8225000	       821	80001d78	01686033	or	x0,x16,x22	 x16:0x80009fc4 x22:0x00000000
        8235000	       822	80001d7c	04bc0463	beq	x24,x11,80001dc4	 x24:0x90000000 x11:0x785add70
        8245000	       823	80001d80	831c7f93	andi	x31,x24,-1999	 x24:0x90000000 x31=0x90000000
        8255000	       824	80001d84	008483b3	add	x7,x9,x8	  x9:0x000006e3  x8:0x00000000  x7=0x000006e3
        8265000	       825	80001d88	00000013	addi	x0,x0,0	  x0:0x00000000
        8275000	       826	80001d8c	00d9d733	srl	x14,x19,x13	 x19:0xfffffa15 x13:0x8000a75f x14=0x00000001
        8285000	       827	80001d90	038c5c63	bge	x24,x24,80001dc8	 x24:0x90000000 x24:0x90000000
        8295000	       828	00000000	00000013	addi	x0,x0,0	  x0:0x00000000
        8305000	       829	80001dc4	00000013	addi	x0,x0,0	  x0:0x00000000
        8315000	       830	80001dc8	004b0933	add	x18,x22,x4	 x22:0x00000000  x4:0x00000000 x18=0x00000000
        8325000	       831	80001dcc	f4f03d93	sltiu	x27,x0,-177	  x0:0x00000000 x27=0x00000001
        8335000	       832	80001dd0	c31fff13	andi	x30,x31,-975	 x31:0x90000000 x30=0x90000000
        8345000	       833	80001dd4	00d90d33	add	x26,x18,x13	 x18:0x00000000 x13:0x8000a75f x26=0x8000a75f
        8355000	       834	80001dd8	01f99213	slli	x4,x19,0x1f	 x19:0xfffffa15  x4=0x80000000
        8365000	       835	80001ddc	63f36913	ori	x18,x6,1599	  x6:0x00000000 x18=0x0000063f
        8375000	       836	80001de0	02638a63	beq	x7,x6,80001e14	  x7:0x000006e3  x6:0x00000000
        8385000	       837	80001de4	00c71d93	slli	x27,x14,0xc	 x14:0x00000001 x27=0x00001000
        8395000	       838	80001de8	0403d463	bge	x7,x0,80001e30	  x7:0x000006e3  x0:0x00000000
        8405000	       839	00000000	00000013	addi	x0,x0,0	  x0:0x00000000
        8415000	       840	80001e2c	00000013	addi	x0,x0,0	  x0:0x00000000
        8425000	       841	80001e30	4d743c13	sltiu	x24,x8,1239	  x8:0x00000000 x24=0x00000001
        8435000	       842	80001e34	27232913	slti	x18,x6,626	  x6:0x00000000 x18=0x00000001
        8445000	       843	80001e38	401c58b3	sra	x17,x24,x1	 x24:0x00000001  x1:0x40546400 x17=0x00000001
        8455000	       844	80001e3c	e4424f17	auipc	x30,0xe4424	 x30=0x64425e38
        8465000	       845	80001e40	40b8aa97	auipc	x21,0x40b8a	 x21=0xc0b8be3c
        8475000	       846	80001e44	0095ecb3	or	x25,x11,x9	 x11:0x785add70  x9:0x000006e3 x25=0x785adff3
        8485000	       847	80001e48	0069b233	sltu	x4,x19,x6	 x19:0xfffffa15  x6:0x00000000  x4=0x00000000
        8495000	       848	80001e4c	459d8613	addi	x12,x27,1113	 x27:0x00001000 x12=0x00001459
        8505000	       849	80001e50	a21f2b93	slti	x23,x30,-1503	 x30:0x64425e38 x23=0x00000000
        8515000	       850	80001e54	fc93bd93	sltiu	x27,x7,-55	  x7:0x000006e3 x27=0x00000001
        8525000	       851	80001e58	03429063	bne	x5,x20,80001e78	  x5:0x00000000 x20:0x80009f7c
        8535000	       852	00000000	00000013	addi	x0,x0,0	  x0:0x00000000
        8545000	       853	80001e74	00000013	addi	x0,x0,0	  x0:0x00000000
        8555000	       854	80001e78	001ddb33	srl	x22,x27,x1	 x27:0x00000001  x1:0x40546400 x22=0x00000001
        8565000	       855	80001e7c	02235063	bge	x6,x2,80001e9c	  x6:0x00000000  x2:0xf85a3668
        8575000	       856	00000000	00000013	addi	x0,x0,0	  x0:0x00000000
        8585000	       857	80001e98	00000013	addi	x0,x0,0	  x0:0x00000000
        8595000	       858	80001e9c	00e88a63	beq	x17,x14,80001eb0	 x17:0x00000001 x14:0x00000001
        8605000	       859	00000000	00000013	addi	x0,x0,0	  x0:0x00000000
        8615000	       860	80001eac	00000013	addi	x0,x0,0	  x0:0x00000000
        8625000	       861	80001eb0	000fdc33	srl	x24,x31,x0	 x31:0x90000000  x0:0x00000000 x24=0x90000000
        8635000	       862	80001eb4	0b8c6893	ori	x17,x24,184	 x24:0x90000000 x17=0x900000b8
        8645000	       863	80001eb8	416d8233	sub	x4,x27,x22	 x27:0x00000001 x22:0x00000001  x4=0x00000000
        8655000	       864	80001ebc	02085c63	bge	x16,x0,80001ef4	 x16:0x80009fc4  x0:0x00000000
        8665000	       865	80001ec0	00f96863	bltu	x18,x15,80001ed0	 x18:0x00000001 x15:0x00000001
        8675000	       866	80001ec4	be3d6913	ori	x18,x26,-1053	 x26:0x8000a75f x18=0xffffffff
        8685000	       867	80001ec8	41e087b3	sub	x15,x1,x30	  x1:0x40546400 x30:0x64425e38 x15=0xdc1205c8
        8695000	       868	80001ecc	5a37c593	xori	x11,x15,1443	 x15:0xdc1205c8 x11=0xdc12006b
        8705000	       869	80001ed0	019ec1b3	xor	x3,x29,x25	 x29:0x00000000 x25:0x785adff3  x3=0x785adff3
        8715000	       870	80001ed4	03f36263	bltu	x6,x31,80001ef8	  x6:0x00000000 x31:0x90000000
        8725000	       871	00000000	00000013	addi	x0,x0,0	  x0:0x00000000
        8735000	       872	80001ef4	00000013	addi	x0,x0,0	  x0:0x00000000
        8745000	       873	80001ef8	023f8263	beq	x31,x3,80001f1c	 x31:0x90000000  x3:0x785adff3
        8755000	       874	80001efc	036ef063	bgeu	x29,x22,80001f1c	 x29:0x00000000 x22:0x00000001
        8765000	       875	80001f00	01af83b3	add	x7,x31,x26	 x31:0x90000000 x26:0x8000a75f  x7=0x1000a75f
        8775000	       876	80001f04	01349413	slli	x8,x9,0x13	  x9:0x000006e3  x8=0x37180000
        8785000	       877	80001f08	41ce82b3	sub	x5,x29,x28	 x29:0x00000000 x28:0x68d47519  x5=0x972b8ae7
        8795000	       878	80001f0c	0a3be293	ori	x5,x23,163	 x23:0x00000000  x5=0x000000a3
        8805000	       879	80001f10	fa792893	slti	x17,x18,-89	 x18:0xffffffff x17=0x00000000
        8815000	       880	80001f14	01cce0b3	or	x1,x25,x28	 x25:0x785adff3 x28:0x68d47519  x1=0x78defffb
        8825000	       881	80001f18	037fc463	blt	x31,x23,80001f40	 x31:0x90000000 x23:0x00000000
        8835000	       882	00000000	00000013	addi	x0,x0,0	  x0:0x00000000
        8845000	       883	80001f3c	00000013	addi	x0,x0,0	  x0:0x00000000
        8855000	       884	80001f40	3beab593	sltiu	x11,x21,958	 x21:0xc0b8be3c x11=0x00000000
        8865000	       885	80001f44	00fbd913	srli	x18,x23,0xf	 x23:0x00000000 x18=0x00000000
        8875000	       886	80001f48	a5d05637	lui	x12,0xa5d05	 x12=0xa5d05000
        8885000	       887	80001f4c	00000013	addi	x0,x0,0	  x0:0x00000000
        8895000	       888	80001f50	00935663	bge	x6,x9,80001f5c	  x6:0x00000000  x9:0x000006e3
        8905000	       889	80001f54	02c3c263	blt	x7,x12,80001f78	  x7:0x1000a75f x12:0xa5d05000
        8915000	       890	80001f58	010cd663	bge	x25,x16,80001f64	 x25:0x785adff3 x16:0x80009fc4
        8925000	       891	00000000	00000013	addi	x0,x0,0	  x0:0x00000000
        8935000	       892	80001f60	00000013	addi	x0,x0,0	  x0:0x00000000
        8945000	       893	80001f64	019cc733	xor	x14,x25,x25	 x25:0x785adff3 x25:0x785adff3 x14=0x00000000
        8955000	       894	80001f68	019179b3	and	x19,x2,x25	  x2:0xf85a3668 x25:0x785adff3 x19=0x785a1660
        8965000	       895	80001f6c	02aa6263	bltu	x20,x10,80001f90	 x20:0x80009f7c x10:0xf9fff668
        8975000	       896	00000000	00000013	addi	x0,x0,0	  x0:0x00000000
        8985000	       897	80001f8c	00000013	addi	x0,x0,0	  x0:0x00000000
        8995000	       898	80001f90	04144c63	blt	x8,x1,80001fe8	  x8:0x37180000  x1:0x78defffb
        9005000	       899	00000000	00000013	addi	x0,x0,0	  x0:0x00000000
        9015000	       900	80001fe4	00000013	addi	x0,x0,0	  x0:0x00000000
        9025000	       901	80001fe8	008b40b3	xor	x1,x22,x8	 x22:0x00000001  x8:0x37180000  x1=0x37180001
        9035000	       902	80001fec	7cf62d37	lui	x26,0x7cf62	 x26=0x7cf62000
        9045000	       903	80001ff0	e6882f13	slti	x30,x16,-408	 x16:0x80009fc4 x30=0x00000001
        9055000	       904	80001ff4	406458b3	sra	x17,x8,x6	  x8:0x37180000  x6:0x00000000 x17=0x37180000
        9065000	       905	80001ff8	01b282b3	add	x5,x5,x27	  x5:0x000000a3 x27:0x00000001  x5=0x000000a4
        9075000	       906	80001ffc	0073d493	srli	x9,x7,0x7	  x7:0x1000a75f  x9=0x0020014e
        9085000	       907	80002000	4023dd13	srai	x26,x7,0x2	  x7:0x1000a75f x26=0x040029d7
        9095000	       908	80002004	93934693	xori	x13,x6,-1735	  x6:0x00000000 x13=0xfffff939
        9105000	       909	80002008	0022e033	or	x0,x5,x2	  x5:0x000000a4  x2:0xf85a3668
        9115000	       910	8000200c	416c53b3	sra	x7,x24,x22	 x24:0x90000000 x22:0x00000001  x7=0xc8000000
        9125000	       911	80002010	22b7c493	xori	x9,x15,555	 x15:0xdc1205c8  x9=0xdc1207e3
        9135000	       912	80002014	53dab3b7	lui	x7,0x53dab	  x7=0x53dab000
        9145000	       913	80002018	039b1c63	bne	x22,x25,80002050	 x22:0x00000001 x25:0x785adff3
        9155000	       914	00000000	00000013	addi	x0,x0,0	  x0:0x00000000
        9165000	       915	8000204c	00000013	addi	x0,x0,0	  x0:0x00000000
        9175000	       916	80002050	00851f13	slli	x30,x10,0x8	 x10:0xf9fff668 x30=0xfff66800
        9185000	       917	80002054	01f43d33	sltu	x26,x8,x31	  x8:0x37180000 x31:0x90000000 x26=0x00000001
        9195000	       918	80002058	946b8f13	addi	x30,x23,-1722	 x23:0x00000000 x30=0xfffff946
        9205000	       919	8000205c	00d22233	slt	x4,x4,x13	  x4:0x00000000 x13:0xfffff939  x4=0x00000000
        9215000	       920	80002060	4207f0b7	lui	x1,0x4207f	  x1=0x4207f000
        9225000	       921	80002064	56f33293	sltiu	x5,x6,1391	  x6:0x00000000  x5=0x00000001
        9235000	       922	80002068	4dec4d93	xori	x27,x24,1246	 x24:0x90000000 x27=0x900004de
        9245000	       923	8000206c	41dd8fb3	sub	x31,x27,x29	 x27:0x900004de x29:0x00000000 x31=0x900004de
        9255000	       924	80002070	0014e2b3	or	x5,x9,x1	  x9:0xdc1207e3  x1:0x4207f000  x5=0xde17f7e3
        9265000	       925	80002074	00a00f13	addi	x30,x0,10	  x0:0x00000000 x30=0x0000000a
        9275000	       926	80002078	f7750717	auipc	x14,0xf7750	 x14=0x77752074
        9285000	       927	8000207c	41425633	sra	x12,x4,x20	  x4:0x00000000 x20:0x80009f7c x12=0x00000000
        9295000	       928	80002080	00000013	addi	x0,x0,0	  x0:0x00000000
        9305000	       929	80002084	fee00793	addi	x15,x0,-18	  x0:0x00000000 x15=0xffffffee
        9315000	       930	80002088	40335bb3	sra	x23,x6,x3	  x6:0x00000000  x3:0x785adff3 x23=0x00000000
        9325000	       931	8000208c	a956d1b7	lui	x3,0xa956d	  x3=0xa956d000
        9335000	       932	80002090	00eb5d13	srli	x26,x22,0xe	 x22:0x00000001 x26=0x00000000
        9345000	       933	80002094	ff9f0f13	addi	x30,x30,-7	 x30:0x0000000a x30=0x00000003
        9355000	       934	80002098	3c07b193	sltiu	x3,x15,960	 x15:0xffffffee  x3=0x00000000
        9365000	       935	8000209c	00500913	addi	x18,x0,5	  x0:0x00000000 x18=0x00000005
        9375000	       936	800020a0	01263d33	sltu	x26,x12,x18	 x12:0x00000000 x18:0x00000005 x26=0x00000001
        9385000	       937	800020a4	01c1dd33	srl	x26,x3,x28	  x3:0x00000000 x28:0x68d47519 x26=0x00000000
        9395000	       938	800020a8	00400413	addi	x8,x0,4	  x0:0x00000000  x8=0x00000004
        9405000	       939	800020ac	01cee633	or	x12,x29,x28	 x29:0x00000000 x28:0x68d47519 x12=0x68d47519
        9415000	       940	800020b0	01f1f1b3	and	x3,x3,x31	  x3:0x00000000 x31:0x900004de  x3=0x00000000
        9425000	       941	800020b4	ffd90913	addi	x18,x18,-3	 x18:0x00000005 x18=0x00000002
        9435000	       942	800020b8	fe897ce3	bgeu	x18,x8,800020b0	 x18:0x00000002  x8:0x00000004
        9445000	       943	800020bc	fcff08e3	beq	x30,x15,8000208c	 x30:0x00000003 x15:0xffffffee
        9455000	       944	800020c0	012613b3	sll	x7,x12,x18	 x12:0x68d47519 x18:0x00000002  x7=0xa351d464
        9465000	       945	800020c4	01929b93	slli	x23,x5,0x19	  x5:0xde17f7e3 x23=0xc6000000
        9475000	       946	800020c8	780796b7	lui	x13,0x78079	 x13=0x78079000
        9485000	       947	800020cc	05f9e463	bltu	x19,x31,80002114	 x19:0x785a1660 x31:0x900004de
        9495000	       948	00000000	00000013	addi	x0,x0,0	  x0:0x00000000
        9505000	       949	80002110	00000013	addi	x0,x0,0	  x0:0x00000000
        9515000	       950	80002114	00000013	addi	x0,x0,0	  x0:0x00000000
        9525000	       951	80002118	00c39a63	bne	x7,x12,8000212c	  x7:0xa351d464 x12:0x68d47519
        9535000	       952	00000000	00000013	addi	x0,x0,0	  x0:0x00000000
        9545000	       953	80002128	00000013	addi	x0,x0,0	  x0:0x00000000
        9555000	       954	8000212c	036e4013	xori	x0,x28,54	 x28:0x68d47519
        9565000	       955	80002130	00632fb3	slt	x31,x6,x6	  x6:0x00000000  x6:0x00000000 x31=0x00000000
        9575000	       956	80002134	018ed933	srl	x18,x29,x24	 x29:0x00000000 x24:0x90000000 x18=0x00000000
        9585000	       957	80002138	00000013	addi	x0,x0,0	  x0:0x00000000
        9595000	       958	8000213c	ed51e513	ori	x10,x3,-299	  x3:0x00000000 x10=0xfffffed5
        9605000	       959	80002140	01a8db93	srli	x23,x17,0x1a	 x17:0x37180000 x23=0x0000000d
        9615000	       960	80002144	0dc5ef13	ori	x30,x11,220	 x11:0x00000000 x30=0x000000dc
        9625000	       961	80002148	01525213	srli	x4,x4,0x15	  x4:0x00000000  x4=0x00000000
        9635000	       962	8000214c	0168d463	bge	x17,x22,80002154	 x17:0x37180000 x22:0x00000001
        9645000	       963	00000000	00000013	addi	x0,x0,0	  x0:0x00000000
        9655000	       964	80002150	00000013	addi	x0,x0,0	  x0:0x00000000
        9665000	       965	80002154	017c0bb3	add	x23,x24,x23	 x24:0x90000000 x23:0x0000000d x23=0x9000000d
        9675000	       966	80002158	004a2b03	lw	x22,4(x20)	 x20:0x80009f7c x22=0x80000180 PA:0x80009f80
        9685000	       967	8000215c	402206b3	sub	x13,x4,x2	  x4:0x00000000  x2:0xf85a3668 x13=0x07a5c998
        9695000	       968	80002160	41540c33	sub	x24,x8,x21	  x8:0x00000004 x21:0xc0b8be3c x24=0x3f4741c8
        9705000	       969	80002164	e3387e17	auipc	x28,0xe3387	 x28=0x63389160
        9715000	       970	80002168	006ad633	srl	x12,x21,x6	 x21:0xc0b8be3c  x6:0x00000000 x12=0xc0b8be3c
        9725000	       971	8000216c	012a5613	srli	x12,x20,0x12	 x20:0x80009f7c x12=0x00002000
        9735000	       972	80002170	00ee9f33	sll	x30,x29,x14	 x29:0x00000000 x14:0x77752074 x30=0x00000000
        9745000	       973	80002174	00e5d613	srli	x12,x11,0xe	 x11:0x00000000 x12=0x00000000
        9755000	       974	80002178	008a0a13	addi	x20,x20,8	 x20:0x80009f7c x20=0x80009f84
        9765000	       975	8000217c	00429593	slli	x11,x5,0x4	  x5:0xde17f7e3 x11=0xe17f7e30
        9775000	       976	80002180	0135b9b3	sltu	x19,x11,x19	 x11:0xe17f7e30 x19:0x785a1660 x19=0x00000000
        9785000	       977	80002184	000b0193	addi	x3,x22,0	 x22:0x80000180  x3=0x80000180
        9795000	       978	80002188	000181e7	jalr	x3,x3,0	  x3:0x80000180  x3=0x80002188
        9805000	       979	00000000	00000013	addi	x0,x0,0	  x0:0x00000000
        9815000	       980	80000180	00000013	addi	x0,x0,0	  x0:0x00000000
        9825000	       981	80000184	00200393	addi	x7,x0,2	  x0:0x00000000  x7=0x00000002
        9835000	       982	80000188	f85ae713	ori	x14,x21,-123	 x21:0xc0b8be3c x14=0xffffffbd
        9845000	       983	8000018c	00800093	addi	x1,x0,8	  x0:0x00000000  x1=0x00000008
        9855000	       984	80000190	51028793	addi	x15,x5,1296	  x5:0xde17f7e3 x15=0xde17fcf3
        9865000	       985	80000194	41a1d793	srai	x15,x3,0x1a	  x3:0x80002188 x15=0xffffffe0
        9875000	       986	80000198	014c5d13	srli	x26,x24,0x14	 x24:0x3f4741c8 x26=0x000003f4
        9885000	       987	8000019c	f129b713	sltiu	x14,x19,-238	 x19:0x00000000 x14=0x00000001
        9895000	       988	800001a0	00638393	addi	x7,x7,6	  x7:0x00000002  x7=0x00000008
        9905000	       989	800001a4	00a00e13	addi	x28,x0,10	  x0:0x00000000 x28=0x0000000a
        9915000	       990	800001a8	59eb8493	addi	x9,x23,1438	 x23:0x9000000d  x9=0x900005ab
        9925000	       991	800001ac	00a00993	addi	x19,x0,10	  x0:0x00000000 x19=0x0000000a
        9935000	       992	800001b0	000dc8b3	xor	x17,x27,x0	 x27:0x900004de  x0:0x00000000 x17=0x900004de
        9945000	       993	800001b4	0185bf33	sltu	x30,x11,x24	 x11:0xe17f7e30 x24:0x3f4741c8 x30=0x00000000
        9955000	       994	800001b8	012d44b3	xor	x9,x26,x18	 x26:0x000003f4 x18:0x00000000  x9=0x000003f4
        9965000	       995	800001bc	ff7e0e13	addi	x28,x28,-9	 x28:0x0000000a x28=0x00000001
        9975000	       996	800001c0	01fd4bb3	xor	x23,x26,x31	 x26:0x000003f4 x31:0x00000000 x23=0x000003f4
        9985000	       997	800001c4	ff3e78e3	bgeu	x28,x19,800001b4	 x28:0x00000001 x19:0x0000000a
        9995000	       998	800001c8	4061d5b3	sra	x11,x3,x6	  x3:0x80002188  x6:0x00000000 x11=0x80002188
       10005000	       999	800001cc	5f087593	andi	x11,x16,1520	 x16:0x80009fc4 x11=0x000005c0
       10015000	      1000	800001d0	c8048197	auipc	x3,0xc8048	  x3=0x480481cc
       10025000	      1001	800001d4	40855333	sra	x6,x10,x8	 x10:0xfffffed5  x8:0x00000004  x6=0xffffffed
       10035000	      1002	800001d8	fc1392e3	bne	x7,x1,8000019c	  x7:0x00000008  x1:0x00000008
       10045000	      1003	800001dc	40c05ab3	sra	x21,x0,x12	  x0:0x00000000 x12:0x00000000 x21=0x00000000
       10055000	      1004	800001e0	0180c233	xor	x4,x1,x24	  x1:0x00000008 x24:0x3f4741c8  x4=0x3f4741c0
       10065000	      1005	800001e4	1f2af313	andi	x6,x21,498	 x21:0x00000000  x6=0x00000000
       10075000	      1006	800001e8	01652633	slt	x12,x10,x22	 x10:0xfffffed5 x22:0x80000180 x12=0x00000000
       10085000	      1007	800001ec	017c95b3	sll	x11,x25,x23	 x25:0x785adff3 x23:0x000003f4 x11=0xff300000
       10095000	      1008	800001f0	40aa0e33	sub	x28,x20,x10	 x20:0x80009f84 x10:0xfffffed5 x28=0x8000a0af
       10105000	      1009	800001f4	4089db93	srai	x23,x19,0x8	 x19:0x0000000a x23=0x00000000
       10115000	      1010	800001f8	2ddff893	andi	x17,x31,733	 x31:0x00000000 x17=0x00000000
       10125000	      1011	800001fc	069f7863	bgeu	x30,x9,8000026c	 x30:0x00000000  x9:0x000003f4
       10135000	      1012	80000200	001ad093	srli	x1,x21,0x1	 x21:0x00000000  x1=0x00000000
       10145000	      1013	80000204	032d6263	bltu	x26,x18,80000228	 x26:0x000003f4 x18:0x00000000
       10155000	      1014	80000208	01349413	slli	x8,x9,0x13	  x9:0x000003f4  x8=0x1fa00000
       10165000	      1015	8000020c	41e58b33	sub	x22,x11,x30	 x11:0xff300000 x30:0x00000000 x22=0xff300000
       10175000	      1016	80000210	008eaeb3	slt	x29,x29,x8	 x29:0x00000000  x8:0x1fa00000 x29=0x00000001
       10185000	      1017	80000214	41a3d693	srai	x13,x7,0x1a	  x7:0x00000008 x13=0x00000000
       10195000	      1018	80000218	373d3b93	sltiu	x23,x26,883	 x26:0x000003f4 x23=0x00000000
       10205000	      1019	8000021c	f3c16f37	lui	x30,0xf3c16	 x30=0xf3c16000
       10215000	      1020	80000220	00325733	srl	x14,x4,x3	  x4:0x3f4741c0  x3:0x480481cc x14=0x0003f474
       10225000	      1021	80000224	047a6463	bltu	x20,x7,8000026c	 x20:0x80009f84  x7:0x00000008
       10235000	      1022	80000228	6ac88b13	addi	x22,x17,1708	 x17:0x00000000 x22=0x000006ac
       10245000	      1023	8000022c	019256b3	srl	x13,x4,x25	  x4:0x3f4741c0 x25:0x785adff3 x13=0x000007e8
       10255000	      1024	80000230	00001517	auipc	x10,0x1	 x10=0x8000122c
       10265000	      1025	80000234	0a050513	addi	x10,x10,160	 x10:0x8000122c x10=0x800012cc
       10275000	      1026	80000238	01f6e8b3	or	x17,x13,x31	 x13:0x000007e8 x31:0x00000000 x17=0x000007e8
       10285000	      1027	8000023c	fc450513	addi	x10,x10,-60	 x10:0x800012cc x10=0x80001290
       10295000	      1028	80000240	3cc94313	xori	x6,x18,972	 x18:0x00000000  x6=0x000003cc
       10305000	      1029	80000244	9b5c8213	addi	x4,x25,-1611	 x25:0x785adff3  x4=0x785ad9a8
       10315000	      1030	80000248	0187dd93	srli	x27,x15,0x18	 x15:0xffffffe0 x27=0x000000ff
       10325000	      1031	8000024c	baf0ed37	lui	x26,0xbaf0e	 x26=0xbaf0e000
       10335000	      1032	80000250	01f3c0b3	xor	x1,x7,x31	  x7:0x00000008 x31:0x00000000  x1=0x00000008
       10345000	      1033	80000254	417f5b93	srai	x23,x30,0x17	 x30:0xf3c16000 x23=0xffffffe7
       10355000	      1034	80000258	7a0be613	ori	x12,x23,1952	 x23:0xffffffe7 x12=0xffffffe7
       10365000	      1035	8000025c	00000013	addi	x0,x0,0	  x0:0x00000000
       10375000	      1036	80000260	03c50b67	jalr	x22,x10,60	 x10:0x80001290 x22=0x80000260
       10385000	      1037	00000000	00000013	addi	x0,x0,0	  x0:0x00000000
       10395000	      1038	800012cc	00000013	addi	x0,x0,0	  x0:0x00000000
       10405000	      1039	800012d0	ff8a0a13	addi	x20,x20,-8	 x20:0x80009f84 x20=0x80009f7c
       10415000	      1040	800012d4	b60c7f93	andi	x31,x24,-1184	 x24:0x3f4741c8 x31=0x3f474140
       10425000	      1041	800012d8	40a80c33	sub	x24,x16,x10	 x16:0x80009fc4 x10:0x80001290 x24=0x00008d34
       10435000	      1042	800012dc	666e3393	sltiu	x7,x28,1638	 x28:0x8000a0af  x7=0x00000000
       10445000	      1043	800012e0	016a2223	sw	x22,4(x20)	 x20:0x80009f7c x22:0x80000260 PA:0x80009f80
       10455000	      1044	800012e4	0010a233	slt	x4,x1,x1	  x1:0x00000008  x1:0x00000008  x4=0x00000000
       10465000	      1045	800012e8	00500c13	addi	x24,x0,5	  x0:0x00000000 x24=0x00000005
       10475000	      1046	800012ec	00500e93	addi	x29,x0,5	  x0:0x00000000 x29=0x00000005
       10485000	      1047	800012f0	40b35f93	srai	x31,x6,0xb	  x6:0x000003cc x31=0x00000000
       10495000	      1048	800012f4	4028d033	sra	x0,x17,x2	 x17:0x000007e8  x2:0xf85a3668
       10505000	      1049	800012f8	017b1793	slli	x15,x22,0x17	 x22:0x80000260 x15=0x30000000
       10515000	      1050	800012fc	28cef313	andi	x6,x29,652	 x29:0x00000005  x6=0x00000004
       10525000	      1051	80001300	2d76ad13	slti	x26,x13,727	 x13:0x000007e8 x26=0x00000000
       10535000	      1052	80001304	841fb897	auipc	x17,0x841fb	 x17=0x041fc300
       10545000	      1053	80001308	9240cab7	lui	x21,0x9240c	 x21=0x9240c000
       10555000	      1054	8000130c	00b93cb3	sltu	x25,x18,x11	 x18:0x00000000 x11:0xff300000 x25=0x00000001
       10565000	      1055	80001310	01dd9713	slli	x14,x27,0x1d	 x27:0x000000ff x14=0xe0000000
       10575000	      1056	80001314	8534c893	xori	x17,x9,-1965	  x9:0x000003f4 x17=0xfffffba7
       10585000	      1057	80001318	6ad37017	auipc	x0,0x6ad37	
       10595000	      1058	8000131c	00614933	xor	x18,x2,x6	  x2:0xf85a3668  x6:0x00000004 x18=0xf85a366c
       10605000	      1059	80001320	ffcc0c13	addi	x24,x24,-4	 x24:0x00000005 x24=0x00000001
       10615000	      1060	80001324	00000013	addi	x0,x0,0	  x0:0x00000000
       10625000	      1061	80001328	01ca35b3	sltu	x11,x20,x28	 x20:0x80009f7c x28:0x8000a0af x11=0x00000001
       10635000	      1062	8000132c	ff700b93	addi	x23,x0,-9	  x0:0x00000000 x23=0xfffffff7
       10645000	      1063	80001330	657ce793	ori	x15,x25,1623	 x25:0x00000001 x15=0x00000657
       10655000	      1064	80001334	01bfffb3	and	x31,x31,x27	 x31:0x00000000 x27:0x000000ff x31=0x00000000
       10665000	      1065	80001338	8e0f8193	addi	x3,x31,-1824	 x31:0x00000000  x3=0xfffff8e0
       10675000	      1066	8000133c	00200393	addi	x7,x0,2	  x0:0x00000000  x7=0x00000002
       10685000	      1067	80001340	00a8acb3	slt	x25,x17,x10	 x17:0xfffffba7 x10:0x80001290 x25=0x00000000
       10695000	      1068	80001344	00866233	or	x4,x12,x8	 x12:0xffffffe7  x8:0x1fa00000  x4=0xffffffe7
       10705000	      1069	80001348	00ab8b93	addi	x23,x23,10	 x23:0xfffffff7 x23=0x00000001
       10715000	      1070	8000134c	01f9cab3	xor	x21,x19,x31	 x19:0x0000000a x31:0x00000000 x21=0x0000000a
       10725000	      1071	80001350	40cb5893	srai	x17,x22,0xc	 x22:0x80000260 x17=0xfff80000
       10735000	      1072	80001354	fe7be6e3	bltu	x23,x7,80001340	 x23:0x00000001  x7:0x00000002
       10745000	      1073	00000000	00000013	addi	x0,x0,0	  x0:0x00000000
       10755000	      1074	8000133c	00000013	addi	x0,x0,0	  x0:0x00000000
       10765000	      1075	80001340	00a8acb3	slt	x25,x17,x10	 x17:0xfff80000 x10:0x80001290 x25=0x00000000
       10775000	      1076	80001344	00866233	or	x4,x12,x8	 x12:0xffffffe7  x8:0x1fa00000  x4=0xffffffe7
       10785000	      1077	80001348	00ab8b93	addi	x23,x23,10	 x23:0x00000001 x23=0x0000000b
       10795000	      1078	8000134c	01f9cab3	xor	x21,x19,x31	 x19:0x0000000a x31:0x00000000 x21=0x0000000a
       10805000	      1079	80001350	40cb5893	srai	x17,x22,0xc	 x22:0x80000260 x17=0xfff80000
       10815000	      1080	80001354	fe7be6e3	bltu	x23,x7,80001340	 x23:0x0000000b  x7:0x00000002
       10825000	      1081	80001358	79dc6213	ori	x4,x24,1949	 x24:0x00000001  x4=0x0000079d
       10835000	      1082	8000135c	00985513	srli	x10,x16,0x9	 x16:0x80009fc4 x10=0x0040004f
       10845000	      1083	80001360	2447b793	sltiu	x15,x15,580	 x15:0x00000657 x15=0x00000000
       10855000	      1084	80001364	fbdc78e3	bgeu	x24,x29,80001314	 x24:0x00000001 x29:0x00000005
       10865000	      1085	80001368	bdbebb37	lui	x22,0xbdbeb	 x22=0xbdbeb000
       10875000	      1086	8000136c	00a00893	addi	x17,x0,10	  x0:0x00000000 x17=0x0000000a
       10885000	      1087	80001370	415a5d33	sra	x26,x20,x21	 x20:0x80009f7c x21:0x0000000a x26=0xffe00027
       10895000	      1088	80001374	9f2ff213	andi	x4,x31,-1550	 x31:0x00000000  x4=0x00000000
       10905000	      1089	80001378	ac246b97	auipc	x23,0xac246	 x23=0x2c247374
       10915000	      1090	8000137c	feabff13	andi	x30,x23,-22	 x23:0x2c247374 x30=0x2c247360
       10925000	      1091	80001380	4156d093	srai	x1,x13,0x15	 x13:0x000007e8  x1=0x00000000
       10935000	      1092	80001384	f6757e13	andi	x28,x10,-153	 x10:0x0040004f x28=0x00400047
       10945000	      1093	80001388	015384b3	add	x9,x7,x21	  x7:0x00000002 x21:0x0000000a  x9=0x0000000c
       10955000	      1094	8000138c	47d20b93	addi	x23,x4,1149	  x4:0x00000000 x23=0x0000047d
       10965000	      1095	80001390	4132ddb3	sra	x27,x5,x19	  x5:0xde17f7e3 x19:0x0000000a x27=0xfff785fd
       10975000	      1096	80001394	01000f93	addi	x31,x0,16	  x0:0x00000000 x31=0x00000010
       10985000	      1097	80001398	01f4df13	srli	x30,x9,0x1f	  x9:0x0000000c x30=0x00000000
       10995000	      1098	8000139c	40a3dd33	sra	x26,x7,x10	  x7:0x00000002 x10:0x0040004f x26=0x00000000
       11005000	      1099	800013a0	cdaaf493	andi	x9,x21,-806	 x21:0x0000000a  x9=0x0000000a
       11015000	      1100	800013a4	0002ecb3	or	x25,x5,x0	  x5:0xde17f7e3  x0:0x00000000 x25=0xde17f7e3
       11025000	      1101	800013a8	4d136f37	lui	x30,0x4d136	 x30=0x4d136000
       11035000	      1102	800013ac	007db733	sltu	x14,x27,x7	 x27:0xfff785fd  x7:0x00000002 x14=0x00000000
       11045000	      1103	800013b0	00355013	srli	x0,x10,0x3	 x10:0x0040004f
       11055000	      1104	800013b4	00b589b3	add	x19,x11,x11	 x11:0x00000001 x11:0x00000001 x19=0x00000002
       11065000	      1105	800013b8	01d0da93	srli	x21,x1,0x1d	  x1:0x00000000 x21=0x00000000
       11075000	      1106	800013bc	00388893	addi	x17,x17,3	 x17:0x0000000a x17=0x0000000d
       11085000	      1107	800013c0	011f9093	slli	x1,x31,0x11	 x31:0x00000010  x1=0x00200000
       11095000	      1108	800013c4	91e73e93	sltiu	x29,x14,-1762	 x14:0x00000000 x29=0x00000001
       11105000	      1109	800013c8	005c8633	add	x12,x25,x5	 x25:0xde17f7e3  x5:0xde17f7e3 x12=0xbc2fefc6
       11115000	      1110	800013cc	019934b3	sltu	x9,x18,x25	 x18:0xf85a366c x25:0xde17f7e3  x9=0x00000000
       11125000	      1111	800013d0	01dc1e93	slli	x29,x24,0x1d	 x24:0x00000001 x29=0x20000000
       11135000	      1112	800013d4	00000013	addi	x0,x0,0	  x0:0x00000000
       11145000	      1113	800013d8	fdf896e3	bne	x17,x31,800013a4	 x17:0x0000000d x31:0x00000010
       11155000	      1114	00000000	00000013	addi	x0,x0,0	  x0:0x00000000
       11165000	      1115	800013a0	00000013	addi	x0,x0,0	  x0:0x00000000
       11175000	      1116	800013a4	0002ecb3	or	x25,x5,x0	  x5:0xde17f7e3  x0:0x00000000 x25=0xde17f7e3
       11185000	      1117	800013a8	4d136f37	lui	x30,0x4d136	 x30=0x4d136000
       11195000	      1118	800013ac	007db733	sltu	x14,x27,x7	 x27:0xfff785fd  x7:0x00000002 x14=0x00000000
       11205000	      1119	800013b0	00355013	srli	x0,x10,0x3	 x10:0x0040004f
       11215000	      1120	800013b4	00b589b3	add	x19,x11,x11	 x11:0x00000001 x11:0x00000001 x19=0x00000002
       11225000	      1121	800013b8	01d0da93	srli	x21,x1,0x1d	  x1:0x00200000 x21=0x00000000
       11235000	      1122	800013bc	00388893	addi	x17,x17,3	 x17:0x0000000d x17=0x00000010
       11245000	      1123	800013c0	011f9093	slli	x1,x31,0x11	 x31:0x00000010  x1=0x00200000
       11255000	      1124	800013c4	91e73e93	sltiu	x29,x14,-1762	 x14:0x00000000 x29=0x00000001
       11265000	      1125	800013c8	005c8633	add	x12,x25,x5	 x25:0xde17f7e3  x5:0xde17f7e3 x12=0xbc2fefc6
       11275000	      1126	800013cc	019934b3	sltu	x9,x18,x25	 x18:0xf85a366c x25:0xde17f7e3  x9=0x00000000
       11285000	      1127	800013d0	01dc1e93	slli	x29,x24,0x1d	 x24:0x00000001 x29=0x20000000
       11295000	      1128	800013d4	00000013	addi	x0,x0,0	  x0:0x00000000
       11305000	      1129	800013d8	fdf896e3	bne	x17,x31,800013a4	 x17:0x00000010 x31:0x00000010
       11315000	      1130	800013dc	00000013	addi	x0,x0,0	  x0:0x00000000
       11325000	      1131	800013e0	00a00213	addi	x4,x0,10	  x0:0x00000000  x4=0x0000000a
       11335000	      1132	800013e4	01651f13	slli	x30,x10,0x16	 x10:0x0040004f x30=0x13c00000
       11345000	      1133	800013e8	01773033	sltu	x0,x14,x23	 x14:0x00000000 x23:0x0000047d
       11355000	      1134	800013ec	01000713	addi	x14,x0,16	  x0:0x00000000 x14=0x00000010
       11365000	      1135	800013f0	41170eb3	sub	x29,x14,x17	 x14:0x00000010 x17:0x00000010 x29=0x00000000
       11375000	      1136	800013f4	00263033	sltu	x0,x12,x2	 x12:0xbc2fefc6  x2:0xf85a3668
       11385000	      1137	800013f8	012c9d93	slli	x27,x25,0x12	 x25:0xde17f7e3 x27=0xdf8c0000
       11395000	      1138	800013fc	6e9ea8b7	lui	x17,0x6e9ea	 x17=0x6e9ea000
       11405000	      1139	80001400	26abae13	slti	x28,x23,618	 x23:0x0000047d x28=0x00000000
       11415000	      1140	80001404	0016b7b3	sltu	x15,x13,x1	 x13:0x000007e8  x1:0x00200000 x15=0x00000001
       11425000	      1141	80001408	011e9333	sll	x6,x29,x17	 x29:0x00000000 x17:0x6e9ea000  x6=0x00000000
       11435000	      1142	8000140c	c38b7593	andi	x11,x22,-968	 x22:0xbdbeb000 x11=0xbdbeb000
       11445000	      1143	80001410	018fa693	slti	x13,x31,24	 x31:0x00000010 x13=0x00000001
       11455000	      1144	80001414	0072e433	or	x8,x5,x7	  x5:0xde17f7e3  x7:0x00000002  x8=0xde17f7e3
       11465000	      1145	80001418	00320213	addi	x4,x4,3	  x4:0x0000000a  x4=0x0000000d
       11475000	      1146	8000141c	00c59433	sll	x8,x11,x12	 x11:0xbdbeb000 x12:0xbc2fefc6  x8=0x6fac0000
       11485000	      1147	80001420	3fe8f693	andi	x13,x17,1022	 x17:0x6e9ea000 x13=0x00000000
       11495000	      1148	80001424	00b1de93	srli	x29,x3,0xb	  x3:0xfffff8e0 x29=0x001fffff
       11505000	      1149	80001428	01b509b3	add	x19,x10,x27	 x10:0x0040004f x27:0xdf8c0000 x19=0xdfcc004f
       11515000	      1150	8000142c	01e2de13	srli	x28,x5,0x1e	  x5:0xde17f7e3 x28=0x00000003
       11525000	      1151	80001430	00a2bc33	sltu	x24,x5,x10	  x5:0xde17f7e3 x10:0x0040004f x24=0x00000000
       11535000	      1152	80001434	08102913	slti	x18,x0,129	  x0:0x00000000 x18=0x00000001
       11545000	      1153	80001438	c8960893	addi	x17,x12,-887	 x12:0xbc2fefc6 x17=0xbc2fec4f
       11555000	      1154	8000143c	00d55d93	srli	x27,x10,0xd	 x10:0x0040004f x27=0x00000200
       11565000	      1155	80001440	006e9f93	slli	x31,x29,0x6	 x29:0x001fffff x31=0x07ffffc0
       11575000	      1156	80001444	fce248e3	blt	x4,x14,80001414	  x4:0x0000000d x14:0x00000010
       11585000	      1157	00000000	00000013	addi	x0,x0,0	  x0:0x00000000
       11595000	      1158	80001410	00000013	addi	x0,x0,0	  x0:0x00000000
       11605000	      1159	80001414	0072e433	or	x8,x5,x7	  x5:0xde17f7e3  x7:0x00000002  x8=0xde17f7e3
       11615000	      1160	80001418	00320213	addi	x4,x4,3	  x4:0x0000000d  x4=0x00000010
       11625000	      1161	8000141c	00c59433	sll	x8,x11,x12	 x11:0xbdbeb000 x12:0xbc2fefc6  x8=0x6fac0000
       11635000	      1162	80001420	3fe8f693	andi	x13,x17,1022	 x17:0xbc2fec4f x13=0x0000004e
       11645000	      1163	80001424	00b1de93	srli	x29,x3,0xb	  x3:0xfffff8e0 x29=0x001fffff
       11655000	      1164	80001428	01b509b3	add	x19,x10,x27	 x10:0x0040004f x27:0x00000200 x19=0x0040024f
       11665000	      1165	8000142c	01e2de13	srli	x28,x5,0x1e	  x5:0xde17f7e3 x28=0x00000003
       11675000	      1166	80001430	00a2bc33	sltu	x24,x5,x10	  x5:0xde17f7e3 x10:0x0040004f x24=0x00000000
       11685000	      1167	80001434	08102913	slti	x18,x0,129	  x0:0x00000000 x18=0x00000001
       11695000	      1168	80001438	c8960893	addi	x17,x12,-887	 x12:0xbc2fefc6 x17=0xbc2fec4f
       11705000	      1169	8000143c	00d55d93	srli	x27,x10,0xd	 x10:0x0040004f x27=0x00000200
       11715000	      1170	80001440	006e9f93	slli	x31,x29,0x6	 x29:0x001fffff x31=0x07ffffc0
       11725000	      1171	80001444	fce248e3	blt	x4,x14,80001414	  x4:0x00000010 x14:0x00000010
       11735000	      1172	80001448	00cdce33	xor	x28,x27,x12	 x27:0x00000200 x12:0xbc2fefc6 x28=0xbc2fedc6
       11745000	      1173	8000144c	ffa00893	addi	x17,x0,-6	  x0:0x00000000 x17=0xfffffffa
       11755000	      1174	80001450	41dcda93	srai	x21,x25,0x1d	 x25:0xde17f7e3 x21=0xfffffffe
       11765000	      1175	80001454	00100f93	addi	x31,x0,1	  x0:0x00000000 x31=0x00000001
       11775000	      1176	80001458	0080acb3	slt	x25,x1,x8	  x1:0x00200000  x8:0x6fac0000 x25=0x00000001
       11785000	      1177	8000145c	00000013	addi	x0,x0,0	  x0:0x00000000
       11795000	      1178	80001460	01d0de93	srli	x29,x1,0x1d	  x1:0x00200000 x29=0x00000000
       11805000	      1179	80001464	00806f33	or	x30,x0,x8	  x0:0x00000000  x8:0x6fac0000 x30=0x6fac0000
       11815000	      1180	80001468	06a2e1b7	lui	x3,0x6a2e	  x3=0x06a2e000
       11825000	      1181	8000146c	01ce9d33	sll	x26,x29,x28	 x29:0x00000000 x28:0xbc2fedc6 x26=0x00000000
       11835000	      1182	80001470	01f00c33	add	x24,x0,x31	  x0:0x00000000 x31:0x00000001 x24=0x00000001
       11845000	      1183	80001474	40c60ab3	sub	x21,x12,x12	 x12:0xbc2fefc6 x12:0xbc2fefc6 x21=0x00000000
       11855000	      1184	80001478	412fd5b3	sra	x11,x31,x18	 x31:0x00000001 x18:0x00000001 x11=0x00000000
       11865000	      1185	8000147c	001916b3	sll	x13,x18,x1	 x18:0x00000001  x1:0x00200000 x13=0x00000001
       11875000	      1186	80001480	00588893	addi	x17,x17,5	 x17:0xfffffffa x17=0xffffffff
       11885000	      1187	80001484	010f15b3	sll	x11,x30,x16	 x30:0x6fac0000 x16:0x80009fc4 x11=0xfac00000
       11895000	      1188	80001488	014cccb3	xor	x25,x25,x20	 x25:0x00000001 x20:0x80009f7c x25=0x80009f7d
       11905000	      1189	8000148c	8a427f13	andi	x30,x4,-1884	  x4:0x00000010 x30=0x00000000
       11915000	      1190	80001490	00258633	add	x12,x11,x2	 x11:0xfac00000  x2:0xf85a3668 x12=0xf31a3668
       11925000	      1191	80001494	33b549b7	lui	x19,0x33b54	 x19=0x33b54000
       11935000	      1192	80001498	fdf8ece3	bltu	x17,x31,80001470	 x17:0xffffffff x31:0x00000001
       11945000	      1193	8000149c	bb200d13	addi	x26,x0,-1102	  x0:0x00000000 x26=0xfffffbb2
       11955000	      1194	800014a0	00700593	addi	x11,x0,7	  x0:0x00000000 x11=0x00000007
       11965000	      1195	800014a4	01000b93	addi	x23,x0,16	  x0:0x00000000 x23=0x00000010
       11975000	      1196	800014a8	002b82b3	add	x5,x23,x2	 x23:0x00000010  x2:0xf85a3668  x5=0xf85a3678
       11985000	      1197	800014ac	40048eb3	sub	x29,x9,x0	  x9:0x00000000  x0:0x00000000 x29=0x00000000
       11995000	      1198	800014b0	f68fa737	lui	x14,0xf68fa	 x14=0xf68fa000
       12005000	      1199	800014b4	00358593	addi	x11,x11,3	 x11:0x00000007 x11=0x0000000a
       12015000	      1200	800014b8	002cd4b3	srl	x9,x25,x2	 x25:0x80009f7d  x2:0xf85a3668  x9=0x0080009f
       12025000	      1201	800014bc	ff7588e3	beq	x11,x23,800014ac	 x11:0x0000000a x23:0x00000010
       12035000	      1202	800014c0	007f2633	slt	x12,x30,x7	 x30:0x00000000  x7:0x00000002 x12=0x00000001
       12045000	      1203	800014c4	ffa00313	addi	x6,x0,-6	  x0:0x00000000  x6=0xfffffffa
       12055000	      1204	800014c8	00cd5f13	srli	x30,x26,0xc	 x26:0xfffffbb2 x30=0x000fffff
       12065000	      1205	800014cc	01c99033	sll	x0,x19,x28	 x19:0x33b54000 x28:0xbc2fedc6
       12075000	      1206	800014d0	00d00f93	addi	x31,x0,13	  x0:0x00000000 x31=0x0000000d
       12085000	      1207	800014d4	01d1acb3	slt	x25,x3,x29	  x3:0x06a2e000 x29:0x00000000 x25=0x00000000
       12095000	      1208	800014d8	178dad97	auipc	x27,0x178da	 x27=0x978db4d4
       12105000	      1209	800014dc	40c15e33	sra	x28,x2,x12	  x2:0xf85a3668 x12:0x00000001 x28=0xfc2d1b34
       12115000	      1210	800014e0	416bd933	sra	x18,x23,x22	 x23:0x00000010 x22:0xbdbeb000 x18=0x00000010
       12125000	      1211	800014e4	0183a993	slti	x19,x7,24	  x7:0x00000002 x19=0x00000001
       12135000	      1212	800014e8	272417b7	lui	x15,0x27241	 x15=0x27241000
       12145000	      1213	800014ec	00255d93	srli	x27,x10,0x2	 x10:0x0040004f x27=0x00100013
       12155000	      1214	800014f0	00930313	addi	x6,x6,9	  x6:0xfffffffa  x6=0x00000003
       12165000	      1215	800014f4	359b4b13	xori	x22,x22,857	 x22:0xbdbeb000 x22=0xbdbeb359
       12175000	      1216	800014f8	00215b93	srli	x23,x2,0x2	  x2:0xf85a3668 x23=0x3e168d9a
       12185000	      1217	800014fc	fff346e3	blt	x6,x31,800014e8	  x6:0x00000003 x31:0x0000000d
       12195000	      1218	00000000	00000013	addi	x0,x0,0	  x0:0x00000000
       12205000	      1219	800014e4	00000013	addi	x0,x0,0	  x0:0x00000000
       12215000	      1220	800014e8	272417b7	lui	x15,0x27241	 x15=0x27241000
       12225000	      1221	800014ec	00255d93	srli	x27,x10,0x2	 x10:0x0040004f x27=0x00100013
       12235000	      1222	800014f0	00930313	addi	x6,x6,9	  x6:0x00000003  x6=0x0000000c
       12245000	      1223	800014f4	359b4b13	xori	x22,x22,857	 x22:0xbdbeb359 x22=0xbdbeb000
       12255000	      1224	800014f8	00215b93	srli	x23,x2,0x2	  x2:0xf85a3668 x23=0x3e168d9a
       12265000	      1225	800014fc	fff346e3	blt	x6,x31,800014e8	  x6:0x0000000c x31:0x0000000d
       12275000	      1226	00000000	00000013	addi	x0,x0,0	  x0:0x00000000
       12285000	      1227	800014e4	00000013	addi	x0,x0,0	  x0:0x00000000
       12295000	      1228	800014e8	272417b7	lui	x15,0x27241	 x15=0x27241000
       12305000	      1229	800014ec	00255d93	srli	x27,x10,0x2	 x10:0x0040004f x27=0x00100013
       12315000	      1230	800014f0	00930313	addi	x6,x6,9	  x6:0x0000000c  x6=0x00000015
       12325000	      1231	800014f4	359b4b13	xori	x22,x22,857	 x22:0xbdbeb000 x22=0xbdbeb359
       12335000	      1232	800014f8	00215b93	srli	x23,x2,0x2	  x2:0xf85a3668 x23=0x3e168d9a
       12345000	      1233	800014fc	fff346e3	blt	x6,x31,800014e8	  x6:0x00000015 x31:0x0000000d
       12355000	      1234	80001500	80d3f913	andi	x18,x7,-2035	  x7:0x00000002 x18=0x00000000
       12365000	      1235	80001504	ffa00193	addi	x3,x0,-6	  x0:0x00000000  x3=0xfffffffa
       12375000	      1236	80001508	3d3a3917	auipc	x18,0x3d3a3	 x18=0xbd3a4504
       12385000	      1237	8000150c	00c00a93	addi	x21,x0,12	  x0:0x00000000 x21=0x0000000c
       12395000	      1238	80001510	01535e93	srli	x29,x6,0x15	  x6:0x00000015 x29=0x00000000
       12405000	      1239	80001514	e7136b37	lui	x22,0xe7136	 x22=0xe7136000
       12415000	      1240	80001518	01b72eb3	slt	x29,x14,x27	 x14:0xf68fa000 x27:0x00100013 x29=0x00000001
       12425000	      1241	8000151c	00318193	addi	x3,x3,3	  x3:0xfffffffa  x3=0xfffffffd
       12435000	      1242	80001520	00af9613	slli	x12,x31,0xa	 x31:0x0000000d x12=0x00003400
       12445000	      1243	80001524	ff900793	addi	x15,x0,-7	  x0:0x00000000 x15=0xfffffff9
       12455000	      1244	80001528	00e7c333	xor	x6,x15,x14	 x15:0xfffffff9 x14:0xf68fa000  x6=0x09705ff9
       12465000	      1245	8000152c	00b00f93	addi	x31,x0,11	  x0:0x00000000 x31=0x0000000b
       12475000	      1246	80001530	4e112e93	slti	x29,x2,1249	  x2:0xf85a3668 x29=0x00000001
       12485000	      1247	80001534	01b15c33	srl	x24,x2,x27	  x2:0xf85a3668 x27:0x00100013 x24=0x00001f0b
       12495000	      1248	80001538	00f136b3	sltu	x13,x2,x15	  x2:0xf85a3668 x15:0xfffffff9 x13=0x00000001
       12505000	      1249	8000153c	da5b7293	andi	x5,x22,-603	 x22:0xe7136000  x5=0xe7136000
       12515000	      1250	80001540	00378793	addi	x15,x15,3	 x15:0xfffffff9 x15=0xfffffffc
       12525000	      1251	80001544	be568393	addi	x7,x13,-1051	 x13:0x00000001  x7=0xfffffbe6
       12535000	      1252	80001548	3bc03997	auipc	x19,0x3bc03	 x19=0xbbc04544
       12545000	      1253	8000154c	0041eeb3	or	x29,x3,x4	  x3:0xfffffffd  x4:0x00000010 x29=0xfffffffd
       12555000	      1254	80001550	00f32633	slt	x12,x6,x15	  x6:0x09705ff9 x15:0xfffffffc x12=0x00000000
       12565000	      1255	80001554	fdf7eee3	bltu	x15,x31,80001530	 x15:0xfffffffc x31:0x0000000b
       12575000	      1256	80001558	76adc6b7	lui	x13,0x76adc	 x13=0x76adc000
       12585000	      1257	8000155c	fb518ce3	beq	x3,x21,80001514	  x3:0xfffffffd x21:0x0000000c
       12595000	      1258	80001560	0189fe33	and	x28,x19,x24	 x19:0xbbc04544 x24:0x00001f0b x28=0x00000500
       12605000	      1259	80001564	00900d93	addi	x27,x0,9	  x0:0x00000000 x27=0x00000009
       12615000	      1260	80001568	64278593	addi	x11,x15,1602	 x15:0xfffffffc x11=0x0000063e
       12625000	      1261	8000156c	4178d9b3	sra	x19,x17,x23	 x17:0xffffffff x23:0x3e168d9a x19=0xffffffff
       12635000	      1262	80001570	00d00213	addi	x4,x0,13	  x0:0x00000000  x4=0x0000000d
       12645000	      1263	80001574	404a3517	auipc	x10,0x404a3	 x10=0xc04a4570
       12655000	      1264	80001578	01812c33	slt	x24,x2,x24	  x2:0xf85a3668 x24:0x00001f0b x24=0x00000001
       12665000	      1265	8000157c	00c007b3	add	x15,x0,x12	  x0:0x00000000 x12:0x00000000 x15=0x00000000
       12675000	      1266	80001580	5fa4a593	slti	x11,x9,1530	  x9:0x0080009f x11=0x00000000
       12685000	      1267	80001584	775ea513	slti	x10,x29,1909	 x29:0xfffffffd x10=0x00000001
       12695000	      1268	80001588	41cfd033	sra	x0,x31,x28	 x31:0x0000000b x28:0x00000500
       12705000	      1269	8000158c	ce643293	sltiu	x5,x8,-794	  x8:0x6fac0000  x5=0x00000001
       12715000	      1270	80001590	006d8d93	addi	x27,x27,6	 x27:0x00000009 x27=0x0000000f
       12725000	      1271	80001594	00200a93	addi	x21,x0,2	  x0:0x00000000 x21=0x00000002
       12735000	      1272	80001598	29846713	ori	x14,x8,664	  x8:0x6fac0000 x14=0x6fac0298
       12745000	      1273	8000159c	015563b3	or	x7,x10,x21	 x10:0x00000001 x21:0x00000002  x7=0x00000003
       12755000	      1274	800015a0	019c9b93	slli	x23,x25,0x19	 x25:0x00000000 x23=0x00000000
       12765000	      1275	800015a4	0179f6b3	and	x13,x19,x23	 x19:0xffffffff x23:0x00000000 x13=0x00000000
       12775000	      1276	800015a8	7c6b2393	slti	x7,x22,1990	 x22:0xe7136000  x7=0x00000001
       12785000	      1277	800015ac	0014c1b3	xor	x3,x9,x1	  x9:0x0080009f  x1:0x00200000  x3=0x00a0009f
       12795000	      1278	800015b0	c24cd917	auipc	x18,0xc24cd	 x18=0x424ce5ac
       12805000	      1279	800015b4	4094db13	srai	x22,x9,0x9	  x9:0x0080009f x22=0x00004000
       12815000	      1280	800015b8	00900613	addi	x12,x0,9	  x0:0x00000000 x12=0x00000009
       12825000	      1281	800015bc	01711f13	slli	x30,x2,0x17	  x2:0xf85a3668 x30=0x34000000
       12835000	      1282	800015c0	010d7733	and	x14,x26,x16	 x26:0xfffffbb2 x16:0x80009fc4 x14=0x80009b80
       12845000	      1283	800015c4	014748b3	xor	x17,x14,x20	 x14:0x80009b80 x20:0x80009f7c x17=0x000004fc
       12855000	      1284	800015c8	c8688913	addi	x18,x17,-890	 x17:0x000004fc x18=0x00000182
       12865000	      1285	800015cc	00000013	addi	x0,x0,0	  x0:0x00000000
       12875000	      1286	800015d0	88767bb7	lui	x23,0x88767	 x23=0x88767000
       12885000	      1287	800015d4	018184b3	add	x9,x3,x24	  x3:0x00a0009f x24:0x00000001  x9=0x00a000a0
       12895000	      1288	800015d8	4fb97f93	andi	x31,x18,1275	 x18:0x00000182 x31=0x00000082
       12905000	      1289	800015dc	007a8a93	addi	x21,x21,7	 x21:0x00000002 x21=0x00000009
       12915000	      1290	800015e0	feca96e3	bne	x21,x12,800015cc	 x21:0x00000009 x12:0x00000009
       12925000	      1291	800015e4	4113d793	srai	x15,x7,0x11	  x7:0x00000001 x15=0x00000000
       12935000	      1292	800015e8	f84dc8e3	blt	x27,x4,80001578	 x27:0x0000000f  x4:0x0000000d
       12945000	      1293	800015ec	9f526bb7	lui	x23,0x9f526	 x23=0x9f526000
       12955000	      1294	800015f0	ffb00f93	addi	x31,x0,-5	  x0:0x00000000 x31=0xfffffffb
       12965000	      1295	800015f4	01100b93	addi	x23,x0,17	  x0:0x00000000 x23=0x00000011
       12975000	      1296	800015f8	00d66c33	or	x24,x12,x13	 x12:0x00000009 x13:0x00000000 x24=0x00000009
       12985000	      1297	800015fc	13240a93	addi	x21,x8,306	  x8:0x6fac0000 x21=0x6fac0132
       12995000	      1298	80001600	007f8f93	addi	x31,x31,7	 x31:0xfffffffb x31=0x00000002
       13005000	      1299	80001604	2d7a2d13	slti	x26,x20,727	 x20:0x80009f7c x26=0x00000001
       13015000	      1300	80001608	00500493	addi	x9,x0,5	  x0:0x00000000  x9=0x00000005
       13025000	      1301	8000160c	00800893	addi	x17,x0,8	  x0:0x00000000 x17=0x00000008
       13035000	      1302	80001610	a1023c13	sltiu	x24,x4,-1520	  x4:0x0000000d x24=0x00000001
       13045000	      1303	80001614	a86de193	ori	x3,x27,-1402	 x27:0x0000000f  x3=0xfffffa8f
       13055000	      1304	80001618	00348493	addi	x9,x9,3	  x9:0x00000005  x9=0x00000008
       13065000	      1305	8000161c	ff14eae3	bltu	x9,x17,80001610	  x9:0x00000008 x17:0x00000008
       13075000	      1306	80001620	fd7fcce3	blt	x31,x23,800015f8	 x31:0x00000002 x23:0x00000011
       13085000	      1307	00000000	00000013	addi	x0,x0,0	  x0:0x00000000
       13095000	      1308	800015f4	00000013	addi	x0,x0,0	  x0:0x00000000
       13105000	      1309	800015f8	00d66c33	or	x24,x12,x13	 x12:0x00000009 x13:0x00000000 x24=0x00000009
       13115000	      1310	800015fc	13240a93	addi	x21,x8,306	  x8:0x6fac0000 x21=0x6fac0132
       13125000	      1311	80001600	007f8f93	addi	x31,x31,7	 x31:0x00000002 x31=0x00000009
       13135000	      1312	80001604	2d7a2d13	slti	x26,x20,727	 x20:0x80009f7c x26=0x00000001
       13145000	      1313	80001608	00500493	addi	x9,x0,5	  x0:0x00000000  x9=0x00000005
       13155000	      1314	8000160c	00800893	addi	x17,x0,8	  x0:0x00000000 x17=0x00000008
       13165000	      1315	80001610	a1023c13	sltiu	x24,x4,-1520	  x4:0x0000000d x24=0x00000001
       13175000	      1316	80001614	a86de193	ori	x3,x27,-1402	 x27:0x0000000f  x3=0xfffffa8f
       13185000	      1317	80001618	00348493	addi	x9,x9,3	  x9:0x00000005  x9=0x00000008
       13195000	      1318	8000161c	ff14eae3	bltu	x9,x17,80001610	  x9:0x00000008 x17:0x00000008
       13205000	      1319	80001620	fd7fcce3	blt	x31,x23,800015f8	 x31:0x00000009 x23:0x00000011
       13215000	      1320	00000000	00000013	addi	x0,x0,0	  x0:0x00000000
       13225000	      1321	800015f4	00000013	addi	x0,x0,0	  x0:0x00000000
       13235000	      1322	800015f8	00d66c33	or	x24,x12,x13	 x12:0x00000009 x13:0x00000000 x24=0x00000009
       13245000	      1323	800015fc	13240a93	addi	x21,x8,306	  x8:0x6fac0000 x21=0x6fac0132
       13255000	      1324	80001600	007f8f93	addi	x31,x31,7	 x31:0x00000009 x31=0x00000010
       13265000	      1325	80001604	2d7a2d13	slti	x26,x20,727	 x20:0x80009f7c x26=0x00000001
       13275000	      1326	80001608	00500493	addi	x9,x0,5	  x0:0x00000000  x9=0x00000005
       13285000	      1327	8000160c	00800893	addi	x17,x0,8	  x0:0x00000000 x17=0x00000008
       13295000	      1328	80001610	a1023c13	sltiu	x24,x4,-1520	  x4:0x0000000d x24=0x00000001
       13305000	      1329	80001614	a86de193	ori	x3,x27,-1402	 x27:0x0000000f  x3=0xfffffa8f
       13315000	      1330	80001618	00348493	addi	x9,x9,3	  x9:0x00000005  x9=0x00000008
       13325000	      1331	8000161c	ff14eae3	bltu	x9,x17,80001610	  x9:0x00000008 x17:0x00000008
       13335000	      1332	80001620	fd7fcce3	blt	x31,x23,800015f8	 x31:0x00000010 x23:0x00000011
       13345000	      1333	00000000	00000013	addi	x0,x0,0	  x0:0x00000000
       13355000	      1334	800015f4	00000013	addi	x0,x0,0	  x0:0x00000000
       13365000	      1335	800015f8	00d66c33	or	x24,x12,x13	 x12:0x00000009 x13:0x00000000 x24=0x00000009
       13375000	      1336	800015fc	13240a93	addi	x21,x8,306	  x8:0x6fac0000 x21=0x6fac0132
       13385000	      1337	80001600	007f8f93	addi	x31,x31,7	 x31:0x00000010 x31=0x00000017
       13395000	      1338	80001604	2d7a2d13	slti	x26,x20,727	 x20:0x80009f7c x26=0x00000001
       13405000	      1339	80001608	00500493	addi	x9,x0,5	  x0:0x00000000  x9=0x00000005
       13415000	      1340	8000160c	00800893	addi	x17,x0,8	  x0:0x00000000 x17=0x00000008
       13425000	      1341	80001610	a1023c13	sltiu	x24,x4,-1520	  x4:0x0000000d x24=0x00000001
       13435000	      1342	80001614	a86de193	ori	x3,x27,-1402	 x27:0x0000000f  x3=0xfffffa8f
       13445000	      1343	80001618	00348493	addi	x9,x9,3	  x9:0x00000005  x9=0x00000008
       13455000	      1344	8000161c	ff14eae3	bltu	x9,x17,80001610	  x9:0x00000008 x17:0x00000008
       13465000	      1345	80001620	fd7fcce3	blt	x31,x23,800015f8	 x31:0x00000017 x23:0x00000011
       13475000	      1346	80001624	418ad033	sra	x0,x21,x24	 x21:0x6fac0132 x24:0x00000001
       13485000	      1347	80001628	00a00e13	addi	x28,x0,10	  x0:0x00000000 x28=0x0000000a
       13495000	      1348	8000162c	f4bd8513	addi	x10,x27,-181	 x27:0x0000000f x10=0xffffff5a
       13505000	      1349	80001630	01df33b3	sltu	x7,x30,x29	 x30:0x34000000 x29:0xfffffffd  x7=0x00000001
       13515000	      1350	80001634	ffa00693	addi	x13,x0,-6	  x0:0x00000000 x13=0xfffffffa
       13525000	      1351	80001638	eb5a8213	addi	x4,x21,-331	 x21:0x6fac0132  x4=0x6fabffe7
       13535000	      1352	8000163c	00675633	srl	x12,x14,x6	 x14:0x80009b80  x6:0x09705ff9 x12=0x00000040
       13545000	      1353	80001640	ffee0e13	addi	x28,x28,-2	 x28:0x0000000a x28=0x00000008
       13555000	      1354	80001644	00500593	addi	x11,x0,5	  x0:0x00000000 x11=0x00000005
       13565000	      1355	80001648	00febb33	sltu	x22,x29,x15	 x29:0xfffffffd x15:0x00000000 x22=0x00000000
       13575000	      1356	8000164c	00f00f93	addi	x31,x0,15	  x0:0x00000000 x31=0x0000000f
       13585000	      1357	80001650	6cc3b017	auipc	x0,0x6cc3b	
       13595000	      1358	80001654	00000013	addi	x0,x0,0	  x0:0x00000000
       13605000	      1359	80001658	01f347b3	xor	x15,x6,x31	  x6:0x09705ff9 x31:0x0000000f x15=0x09705ff6
       13615000	      1360	8000165c	00a58593	addi	x11,x11,10	 x11:0x00000005 x11=0x0000000f
       13625000	      1361	80001660	00f8deb3	srl	x29,x17,x15	 x17:0x00000008 x15:0x09705ff6 x29=0x00000000
       13635000	      1362	80001664	00821cb3	sll	x25,x4,x8	  x4:0x6fabffe7  x8:0x6fac0000 x25=0x6fabffe7
       13645000	      1363	80001668	fff584e3	beq	x11,x31,80001650	 x11:0x0000000f x31:0x0000000f
       13655000	      1364	00000000	00000013	addi	x0,x0,0	  x0:0x00000000
       13665000	      1365	8000164c	00000013	addi	x0,x0,0	  x0:0x00000000
       13675000	      1366	80001650	6cc3b017	auipc	x0,0x6cc3b	
       13685000	      1367	80001654	00000013	addi	x0,x0,0	  x0:0x00000000
       13695000	      1368	80001658	01f347b3	xor	x15,x6,x31	  x6:0x09705ff9 x31:0x0000000f x15=0x09705ff6
       13705000	      1369	8000165c	00a58593	addi	x11,x11,10	 x11:0x0000000f x11=0x00000019
       13715000	      1370	80001660	00f8deb3	srl	x29,x17,x15	 x17:0x00000008 x15:0x09705ff6 x29=0x00000000
       13725000	      1371	80001664	00821cb3	sll	x25,x4,x8	  x4:0x6fabffe7  x8:0x6fac0000 x25=0x6fabffe7
       13735000	      1372	80001668	fff584e3	beq	x11,x31,80001650	 x11:0x00000019 x31:0x0000000f
       13745000	      1373	8000166c	fcde06e3	beq	x28,x13,80001638	 x28:0x00000008 x13:0xfffffffa
       13755000	      1374	80001670	7b870013	addi	x0,x14,1976	 x14:0x80009b80
       13765000	      1375	80001674	00700d13	addi	x26,x0,7	  x0:0x00000000 x26=0x00000007
       13775000	      1376	80001678	32c6f737	lui	x14,0x32c6f	 x14=0x32c6f000
       13785000	      1377	8000167c	3a6d0c13	addi	x24,x26,934	 x26:0x00000007 x24=0x000003ad
       13795000	      1378	80001680	00834533	xor	x10,x6,x8	  x6:0x09705ff9  x8:0x6fac0000 x10=0x66dc5ff9
       13805000	      1379	80001684	00600793	addi	x15,x0,6	  x0:0x00000000 x15=0x00000006
       13815000	      1380	80001688	00775913	srli	x18,x14,0x7	 x14:0x32c6f000 x18=0x00658de0
       13825000	      1381	8000168c	01c3ec33	or	x24,x7,x28	  x7:0x00000001 x28:0x00000008 x24=0x00000009
       13835000	      1382	80001690	2386a413	slti	x8,x13,568	 x13:0xfffffffa  x8=0x00000001
       13845000	      1383	80001694	a9967413	andi	x8,x12,-1383	 x12:0x00000040  x8=0x00000000
       13855000	      1384	80001698	a5e6e613	ori	x12,x13,-1442	 x13:0xfffffffa x12=0xfffffffe
       13865000	      1385	8000169c	fb6ca293	slti	x5,x25,-74	 x25:0x6fabffe7  x5=0x00000000
       13875000	      1386	800016a0	405fdab3	sra	x21,x31,x5	 x31:0x0000000f  x5:0x00000000 x21=0x0000000f
       13885000	      1387	800016a4	ffdd0d13	addi	x26,x26,-3	 x26:0x00000007 x26=0x00000004
       13895000	      1388	800016a8	d80cac13	slti	x24,x25,-640	 x25:0x6fabffe7 x24=0x00000000
       13905000	      1389	800016ac	01737ab3	and	x21,x6,x23	  x6:0x09705ff9 x23:0x00000011 x21=0x00000011
       13915000	      1390	800016b0	01839533	sll	x10,x7,x24	  x7:0x00000001 x24:0x00000000 x10=0x00000001
       13925000	      1391	800016b4	00ccf1b3	and	x3,x25,x12	 x25:0x6fabffe7 x12:0xfffffffe  x3=0x6fabffe6
       13935000	      1392	800016b8	00ace533	or	x10,x25,x10	 x25:0x6fabffe7 x10:0x00000001 x10=0x6fabffe7
       13945000	      1393	800016bc	0114dc93	srli	x25,x9,0x11	  x9:0x00000008 x25=0x00000000
       13955000	      1394	800016c0	00112e33	slt	x28,x2,x1	  x2:0xf85a3668  x1:0x00200000 x28=0x00000001
       13965000	      1395	800016c4	41138333	sub	x6,x7,x17	  x7:0x00000001 x17:0x00000008  x6=0xfffffff9
       13975000	      1396	800016c8	41be8233	sub	x4,x29,x27	 x29:0x00000000 x27:0x0000000f  x4=0xfffffff1
       13985000	      1397	800016cc	fcfd76e3	bgeu	x26,x15,80001698	 x26:0x00000004 x15:0x00000006
       13995000	      1398	800016d0	40928733	sub	x14,x5,x9	  x5:0x00000000  x9:0x00000008 x14=0xfffffff8
       14005000	      1399	800016d4	41b20933	sub	x18,x4,x27	  x4:0xfffffff1 x27:0x0000000f x18=0xffffffe2
       14015000	      1400	800016d8	efa08897	auipc	x17,0xefa08	 x17=0x6fa096d4
       14025000	      1401	800016dc	01e4f233	and	x4,x9,x30	  x9:0x00000008 x30:0x34000000  x4=0x00000000
       14035000	      1402	800016e0	00000013	addi	x0,x0,0	  x0:0x00000000
       14045000	      1403	800016e4	efa76d17	auipc	x26,0xefa76	 x26=0x6fa776e0
       14055000	      1404	800016e8	00130e33	add	x28,x6,x1	  x6:0xfffffff9  x1:0x00200000 x28=0x001ffff9
       14065000	      1405	800016ec	00000013	addi	x0,x0,0	  x0:0x00000000
       14075000	      1406	800016f0	3198ac93	slti	x25,x17,793	 x17:0x6fa096d4 x25=0x00000000
       14085000	      1407	800016f4	0008deb3	srl	x29,x17,x0	 x17:0x6fa096d4  x0:0x00000000 x29=0x6fa096d4
       14095000	      1408	800016f8	01937933	and	x18,x6,x25	  x6:0xfffffff9 x25:0x00000000 x18=0x00000000
       14105000	      1409	800016fc	00a6dc93	srli	x25,x13,0xa	 x13:0xfffffffa x25=0x003fffff
       14115000	      1410	80001700	c0edfb93	andi	x23,x27,-1010	 x27:0x0000000f x23=0x0000000e
       14125000	      1411	80001704	8484fc13	andi	x24,x9,-1976	  x9:0x00000008 x24=0x00000008
       14135000	      1412	80001708	035b4063	blt	x22,x21,80001728	 x22:0x00000000 x21:0x00000011
       14145000	      1413	00000000	00000013	addi	x0,x0,0	  x0:0x00000000
       14155000	      1414	80001724	00000013	addi	x0,x0,0	  x0:0x00000000
       14165000	      1415	80001728	27988493	addi	x9,x17,633	 x17:0x6fa096d4  x9=0x6fa0994d
       14175000	      1416	8000172c	7bc23737	lui	x14,0x7bc23	 x14=0x7bc23000
       14185000	      1417	80001730	03464263	blt	x12,x20,80001754	 x12:0xfffffffe x20:0x80009f7c
       14195000	      1418	80001734	1e8e0313	addi	x6,x28,488	 x28:0x001ffff9  x6=0x002001e1
       14205000	      1419	80001738	5c88a693	slti	x13,x17,1480	 x17:0x6fa096d4 x13=0x00000000
       14215000	      1420	8000173c	2f78b593	sltiu	x11,x17,759	 x17:0x6fa096d4 x11=0x00000000
       14225000	      1421	80001740	8016e693	ori	x13,x13,-2047	 x13:0x00000000 x13=0xfffff801
       14235000	      1422	80001744	014910b3	sll	x1,x18,x20	 x18:0x00000000 x20:0x80009f7c  x1=0x00000000
       14245000	      1423	80001748	00488033	add	x0,x17,x4	 x17:0x6fa096d4  x4:0x00000000
       14255000	      1424	8000174c	010e3ab3	sltu	x21,x28,x16	 x28:0x001ffff9 x16:0x80009fc4 x21=0x00000001
       14265000	      1425	80001750	00cb9cb3	sll	x25,x23,x12	 x23:0x0000000e x12:0xfffffffe x25=0x80000000
       14275000	      1426	80001754	89ebec13	ori	x24,x23,-1890	 x23:0x0000000e x24=0xfffff89e
       14285000	      1427	80001758	012b87b3	add	x15,x23,x18	 x23:0x0000000e x18:0x00000000 x15=0x0000000e
       14295000	      1428	8000175c	0b6e7e13	andi	x28,x28,182	 x28:0x001ffff9 x28=0x000000b0
       14305000	      1429	80001760	00000013	addi	x0,x0,0	  x0:0x00000000
       14315000	      1430	80001764	00634b33	xor	x22,x6,x6	  x6:0x002001e1  x6:0x002001e1 x22=0x00000000
       14325000	      1431	80001768	01f51663	bne	x10,x31,80001774	 x10:0x6fabffe7 x31:0x0000000f
       14335000	      1432	00000000	00000013	addi	x0,x0,0	  x0:0x00000000
       14345000	      1433	80001770	00000013	addi	x0,x0,0	  x0:0x00000000
       14355000	      1434	80001774	05149463	bne	x9,x17,800017bc	  x9:0x6fa0994d x17:0x6fa096d4
       14365000	      1435	00000000	00000013	addi	x0,x0,0	  x0:0x00000000
       14375000	      1436	800017b8	00000013	addi	x0,x0,0	  x0:0x00000000
       14385000	      1437	800017bc	0074c863	blt	x9,x7,800017cc	  x9:0x6fa0994d  x7:0x00000001
       14395000	      1438	800017c0	54fff713	andi	x14,x31,1359	 x31:0x0000000f x14=0x0000000f
       14405000	      1439	800017c4	b730e6b7	lui	x13,0xb730e	 x13=0xb730e000
       14415000	      1440	800017c8	ea4bb713	sltiu	x14,x23,-348	 x23:0x0000000e x14=0x00000001
       14425000	      1441	800017cc	68d01fb7	lui	x31,0x68d01	 x31=0x68d01000
       14435000	      1442	800017d0	946c6393	ori	x7,x24,-1722	 x24:0xfffff89e  x7=0xfffff9de
       14445000	      1443	800017d4	9e03b913	sltiu	x18,x7,-1568	  x7:0xfffff9de x18=0x00000001
       14455000	      1444	800017d8	02541263	bne	x8,x5,800017fc	  x8:0x00000000  x5:0x00000000
       14465000	      1445	800017dc	00d9db33	srl	x22,x19,x13	 x19:0xffffffff x13:0xb730e000 x22=0xffffffff
       14475000	      1446	800017e0	02ae5e63	bge	x28,x10,8000181c	 x28:0x000000b0 x10:0x6fabffe7
       14485000	      1447	800017e4	00c57933	and	x18,x10,x12	 x10:0x6fabffe7 x12:0xfffffffe x18=0x6fabffe6
       14495000	      1448	800017e8	e0c85717	auipc	x14,0xe0c85	 x14=0x60c867e4
       14505000	      1449	800017ec	0104a333	slt	x6,x9,x16	  x9:0x6fa0994d x16:0x80009fc4  x6=0x00000000
       14515000	      1450	800017f0	03b00063	beq	x0,x27,80001810	  x0:0x00000000 x27:0x0000000f
       14525000	      1451	800017f4	4b5af393	andi	x7,x21,1205	 x21:0x00000001  x7=0x00000001
       14535000	      1452	800017f8	0340f263	bgeu	x1,x20,8000181c	  x1:0x00000000 x20:0x80009f7c
       14545000	      1453	800017fc	5fa7f913	andi	x18,x15,1530	 x15:0x0000000e x18=0x0000000a
       14555000	      1454	80001800	01337e33	and	x28,x6,x19	  x6:0x00000000 x19:0xffffffff x28=0x00000000
       14565000	      1455	80001804	01f69093	slli	x1,x13,0x1f	 x13:0xb730e000  x1=0x00000000
       14575000	      1456	80001808	019d60b3	or	x1,x26,x25	 x26:0x6fa776e0 x25:0x80000000  x1=0xefa776e0
       14585000	      1457	8000180c	014f9a93	slli	x21,x31,0x14	 x31:0x68d01000 x21=0x00000000
       14595000	      1458	80001810	01a480b3	add	x1,x9,x26	  x9:0x6fa0994d x26:0x6fa776e0  x1=0xdf48102d
       14605000	      1459	80001814	019ca8b3	slt	x17,x25,x25	 x25:0x80000000 x25:0x80000000 x17=0x00000000
       14615000	      1460	80001818	02b40a63	beq	x8,x11,8000184c	  x8:0x00000000 x11:0x00000000
       14625000	      1461	00000000	00000013	addi	x0,x0,0	  x0:0x00000000
       14635000	      1462	80001848	00000013	addi	x0,x0,0	  x0:0x00000000
       14645000	      1463	8000184c	03b1c263	blt	x3,x27,80001870	  x3:0x6fabffe6 x27:0x0000000f
       14655000	      1464	80001850	019b4cb3	xor	x25,x22,x25	 x22:0xffffffff x25:0x80000000 x25=0x7fffffff
       14665000	      1465	80001854	4135d7b3	sra	x15,x11,x19	 x11:0x00000000 x19:0xffffffff x15=0x00000000
       14675000	      1466	80001858	07d36193	ori	x3,x6,125	  x6:0x00000000  x3=0x0000007d
       14685000	      1467	8000185c	db2f3937	lui	x18,0xdb2f3	 x18=0xdb2f3000
       14695000	      1468	80001860	40f3db93	srai	x23,x7,0xf	  x7:0x00000001 x23=0x00000000
       14705000	      1469	80001864	00337863	bgeu	x6,x3,80001874	  x6:0x00000000  x3:0x0000007d
       14715000	      1470	80001868	00cb91b3	sll	x3,x23,x12	 x23:0x00000000 x12:0xfffffffe  x3=0x00000000
       14725000	      1471	8000186c	407e5993	srai	x19,x28,0x7	 x28:0x00000000 x19=0x00000000
       14735000	      1472	80001870	044cf463	bgeu	x25,x4,800018b8	 x25:0x7fffffff  x4:0x00000000
       14745000	      1473	00000000	00000013	addi	x0,x0,0	  x0:0x00000000
       14755000	      1474	800018b4	00000013	addi	x0,x0,0	  x0:0x00000000
       14765000	      1475	800018b8	0393f463	bgeu	x7,x25,800018e0	  x7:0x00000001 x25:0x7fffffff
       14775000	      1476	800018bc	02799a63	bne	x19,x7,800018f0	 x19:0x00000000  x7:0x00000001
       14785000	      1477	00000000	00000013	addi	x0,x0,0	  x0:0x00000000
       14795000	      1478	800018ec	00000013	addi	x0,x0,0	  x0:0x00000000
       14805000	      1479	800018f0	0184a3b3	slt	x7,x9,x24	  x9:0x6fa0994d x24:0xfffff89e  x7=0x00000000
       14815000	      1480	800018f4	011e1613	slli	x12,x28,0x11	 x28:0x00000000 x12=0x00000000
       14825000	      1481	800018f8	00e52c33	slt	x24,x10,x14	 x10:0x6fabffe7 x14:0x60c867e4 x24=0x00000000
       14835000	      1482	800018fc	a87bab17	auipc	x22,0xa87ba	 x22=0x287bb8f8
       14845000	      1483	80001900	fc1f8497	auipc	x9,0xfc1f8	  x9=0x7c1f98fc
       14855000	      1484	80001904	01ea5233	srl	x4,x20,x30	 x20:0x80009f7c x30:0x34000000  x4=0x80009f7c
       14865000	      1485	80001908	76774a93	xori	x21,x14,1895	 x14:0x60c867e4 x21=0x60c86083
       14875000	      1486	8000190c	00000013	addi	x0,x0,0	  x0:0x00000000
       14885000	      1487	80001910	0e5e4613	xori	x12,x28,229	 x28:0x00000000 x12=0x000000e5
       14895000	      1488	80001914	403d5233	sra	x4,x26,x3	 x26:0x6fa776e0  x3:0x00000000  x4=0x6fa776e0
       14905000	      1489	80001918	00000013	addi	x0,x0,0	  x0:0x00000000
       14915000	      1490	8000191c	006a84b3	add	x9,x21,x6	 x21:0x60c86083  x6:0x00000000  x9=0x60c86083
       14925000	      1491	80001920	00c89413	slli	x8,x17,0xc	 x17:0x00000000  x8=0x00000000
       14935000	      1492	80001924	4033d533	sra	x10,x7,x3	  x7:0x00000000  x3:0x00000000 x10=0x00000000
       14945000	      1493	80001928	001ab933	sltu	x18,x21,x1	 x21:0x60c86083  x1:0xdf48102d x18=0x00000001
       14955000	      1494	8000192c	00a792b3	sll	x5,x15,x10	 x15:0x00000000 x10:0x00000000  x5=0x00000000
       14965000	      1495	80001930	058a6863	bltu	x20,x24,80001980	 x20:0x80009f7c x24:0x00000000
       14975000	      1496	80001934	27990f93	addi	x31,x18,633	 x18:0x00000001 x31=0x0000027a
       14985000	      1497	80001938	01121433	sll	x8,x4,x17	  x4:0x6fa776e0 x17:0x00000000  x8=0x6fa776e0
       14995000	      1498	8000193c	01efc2b3	xor	x5,x31,x30	 x31:0x0000027a x30:0x34000000  x5=0x3400027a
       15005000	      1499	80001940	405387b3	sub	x15,x7,x5	  x7:0x00000000  x5:0x3400027a x15=0xcbfffd86
       15015000	      1500	80001944	022edc63	bge	x29,x2,8000197c	 x29:0x6fa096d4  x2:0xf85a3668
       15025000	      1501	00000000	00000013	addi	x0,x0,0	  x0:0x00000000
       15035000	      1502	80001978	00000013	addi	x0,x0,0	  x0:0x00000000
       15045000	      1503	8000197c	0599d463	bge	x19,x25,800019c4	 x19:0x00000000 x25:0x7fffffff
       15055000	      1504	80001980	01a15793	srli	x15,x2,0x1a	  x2:0xf85a3668 x15=0x0000003e
       15065000	      1505	80001984	74410b93	addi	x23,x2,1860	  x2:0xf85a3668 x23=0xf85a3dac
       15075000	      1506	80001988	01cb03b3	add	x7,x22,x28	 x22:0x287bb8f8 x28:0x00000000  x7=0x287bb8f8
       15085000	      1507	8000198c	9a7cf493	andi	x9,x25,-1625	 x25:0x7fffffff  x9=0x7ffff9a7
       15095000	      1508	80001990	41b45693	srai	x13,x8,0x1b	  x8:0x6fa776e0 x13=0x0000000d
       15105000	      1509	80001994	451ba993	slti	x19,x23,1105	 x23:0xf85a3dac x19=0x00000001
       15115000	      1510	80001998	0142d533	srl	x10,x5,x20	  x5:0x3400027a x20:0x80009f7c x10=0x00000003
       15125000	      1511	8000199c	00411313	slli	x6,x2,0x4	  x2:0xf85a3668  x6=0x85a36680
       15135000	      1512	800019a0	c8134f37	lui	x30,0xc8134	 x30=0xc8134000
       15145000	      1513	800019a4	01fc6233	or	x4,x24,x31	 x24:0x00000000 x31:0x0000027a  x4=0x0000027a
       15155000	      1514	800019a8	022aea63	bltu	x21,x2,800019dc	 x21:0x60c86083  x2:0xf85a3668
       15165000	      1515	00000000	00000013	addi	x0,x0,0	  x0:0x00000000
       15175000	      1516	800019d8	00000013	addi	x0,x0,0	  x0:0x00000000
       15185000	      1517	800019dc	0198f663	bgeu	x17,x25,800019e8	 x17:0x00000000 x25:0x7fffffff
       15195000	      1518	800019e0	010e1863	bne	x28,x16,800019f0	 x28:0x00000000 x16:0x80009fc4
       15205000	      1519	00000000	00000013	addi	x0,x0,0	  x0:0x00000000
       15215000	      1520	800019ec	00000013	addi	x0,x0,0	  x0:0x00000000
       15225000	      1521	800019f0	027fc063	blt	x31,x7,80001a10	 x31:0x0000027a  x7:0x287bb8f8
       15235000	      1522	00000000	00000013	addi	x0,x0,0	  x0:0x00000000
       15245000	      1523	80001a0c	00000013	addi	x0,x0,0	  x0:0x00000000
       15255000	      1524	80001a10	41d88d33	sub	x26,x17,x29	 x17:0x00000000 x29:0x6fa096d4 x26=0x905f692c
       15265000	      1525	80001a14	009e71b3	and	x3,x28,x9	 x28:0x00000000  x9:0x7ffff9a7  x3=0x00000000
       15275000	      1526	80001a18	010b4733	xor	x14,x22,x16	 x22:0x287bb8f8 x16:0x80009fc4 x14=0xa87b273c
       15285000	      1527	80001a1c	7ebfe093	ori	x1,x31,2027	 x31:0x0000027a  x1=0x000007fb
       15295000	      1528	80001a20	40845013	srai	x0,x8,0x8	  x8:0x6fa776e0
       15305000	      1529	80001a24	03610a63	beq	x2,x22,80001a58	  x2:0xf85a3668 x22:0x287bb8f8
       15315000	      1530	80001a28	79b70b13	addi	x22,x14,1947	 x14:0xa87b273c x22=0xa87b2ed7
       15325000	      1531	80001a2c	00000013	addi	x0,x0,0	  x0:0x00000000
       15335000	      1532	80001a30	040b8663	beq	x23,x0,80001a7c	 x23:0xf85a3dac  x0:0x00000000
       15345000	      1533	80001a34	2f20cd13	xori	x26,x1,754	  x1:0x000007fb x26=0x00000509
       15355000	      1534	80001a38	00c149b3	xor	x19,x2,x12	  x2:0xf85a3668 x12:0x000000e5 x19=0xf85a368d
       15365000	      1535	80001a3c	01acb633	sltu	x12,x25,x26	 x25:0x7fffffff x26:0x00000509 x12=0x00000000
       15375000	      1536	80001a40	7ebe3493	sltiu	x9,x28,2027	 x28:0x00000000  x9=0x00000001
       15385000	      1537	80001a44	f078e213	ori	x4,x17,-249	 x17:0x00000000  x4=0xffffff07
       15395000	      1538	80001a48	04a69863	bne	x13,x10,80001a98	 x13:0x0000000d x10:0x00000003
       15405000	      1539	00000000	00000013	addi	x0,x0,0	  x0:0x00000000
       15415000	      1540	80001a94	00000013	addi	x0,x0,0	  x0:0x00000000
       15425000	      1541	80001a98	44908993	addi	x19,x1,1097	  x1:0x000007fb x19=0x00000c44
       15435000	      1542	80001a9c	00000013	addi	x0,x0,0	  x0:0x00000000
       15445000	      1543	80001aa0	40838493	addi	x9,x7,1032	  x7:0x287bb8f8  x9=0x287bbd00
       15455000	      1544	80001aa4	41e98eb3	sub	x29,x19,x30	 x19:0x00000c44 x30:0xc8134000 x29=0x37eccc44
       15465000	      1545	80001aa8	00b76233	or	x4,x14,x11	 x14:0xa87b273c x11:0x00000000  x4=0xa87b273c
       15475000	      1546	80001aac	01f2d613	srli	x12,x5,0x1f	  x5:0x3400027a x12=0x00000000
       15485000	      1547	80001ab0	00a42033	slt	x0,x8,x10	  x8:0x6fa776e0 x10:0x00000003
       15495000	      1548	80001ab4	001d1693	slli	x13,x26,0x1	 x26:0x00000509 x13=0x00000a12
       15505000	      1549	80001ab8	a1550993	addi	x19,x10,-1515	 x10:0x00000003 x19=0xfffffa18
       15515000	      1550	80001abc	01131f13	slli	x30,x6,0x11	  x6:0x85a36680 x30=0xcd000000
       15525000	      1551	80001ac0	041e6463	bltu	x28,x1,80001b08	 x28:0x00000000  x1:0x000007fb
       15535000	      1552	00000000	00000013	addi	x0,x0,0	  x0:0x00000000
       15545000	      1553	80001b04	00000013	addi	x0,x0,0	  x0:0x00000000
       15555000	      1554	80001b08	002e7333	and	x6,x28,x2	 x28:0x00000000  x2:0xf85a3668  x6=0x00000000
       15565000	      1555	80001b0c	031f6263	bltu	x30,x17,80001b30	 x30:0xcd000000 x17:0x00000000
       15575000	      1556	80001b10	012b85b3	add	x11,x23,x18	 x23:0xf85a3dac x18:0x00000001 x11=0xf85a3dad
       15585000	      1557	80001b14	02278263	beq	x15,x2,80001b38	 x15:0x0000003e  x2:0xf85a3668
       15595000	      1558	80001b18	00f7f2b3	and	x5,x15,x15	 x15:0x0000003e x15:0x0000003e  x5=0x0000003e
       15605000	      1559	80001b1c	02b40263	beq	x8,x11,80001b40	  x8:0x6fa776e0 x11:0xf85a3dad
       15615000	      1560	80001b20	e6013393	sltiu	x7,x2,-416	  x2:0xf85a3668  x7=0x00000001
       15625000	      1561	80001b24	020cf063	bgeu	x25,x0,80001b44	 x25:0x7fffffff  x0:0x00000000
       15635000	      1562	00000000	00000013	addi	x0,x0,0	  x0:0x00000000
       15645000	      1563	80001b40	00000013	addi	x0,x0,0	  x0:0x00000000
       15655000	      1564	80001b44	01471c33	sll	x24,x14,x20	 x14:0xa87b273c x20:0x80009f7c x24=0xc0000000
       15665000	      1565	80001b48	00153333	sltu	x6,x10,x1	 x10:0x00000003  x1:0x000007fb  x6=0x00000001
       15675000	      1566	80001b4c	013f1193	slli	x3,x30,0x13	 x30:0xcd000000  x3=0x00000000
       15685000	      1567	80001b50	01dc6bb3	or	x23,x24,x29	 x24:0xc0000000 x29:0x37eccc44 x23=0xf7eccc44
       15695000	      1568	80001b54	03468263	beq	x13,x20,80001b78	 x13:0x00000a12 x20:0x80009f7c
       15705000	      1569	80001b58	017e1b93	slli	x23,x28,0x17	 x28:0x00000000 x23=0x00000000
       15715000	      1570	80001b5c	019cd893	srli	x17,x25,0x19	 x25:0x7fffffff x17=0x0000003f
       15725000	      1571	80001b60	9337af13	slti	x30,x15,-1741	 x15:0x0000003e x30=0x00000000
       15735000	      1572	80001b64	02134c63	blt	x6,x1,80001b9c	  x6:0x00000001  x1:0x000007fb
       15745000	      1573	00000000	00000013	addi	x0,x0,0	  x0:0x00000000
       15755000	      1574	80001b98	00000013	addi	x0,x0,0	  x0:0x00000000
       15765000	      1575	80001b9c	016cc333	xor	x6,x25,x22	 x25:0x7fffffff x22:0xa87b2ed7  x6=0xd784d128
       15775000	      1576	80001ba0	731a4e13	xori	x28,x20,1841	 x20:0x80009f7c x28=0x8000984d
       15785000	      1577	80001ba4	0257fa63	bgeu	x15,x5,80001bd8	 x15:0x0000003e  x5:0x0000003e
       15795000	      1578	00000000	00000013	addi	x0,x0,0	  x0:0x00000000
       15805000	      1579	80001bd4	00000013	addi	x0,x0,0	  x0:0x00000000
       15815000	      1580	80001bd8	40718333	sub	x6,x3,x7	  x3:0x00000000  x7:0x00000001  x6=0xffffffff
       15825000	      1581	80001bdc	03105c63	bge	x0,x17,80001c14	  x0:0x00000000 x17:0x0000003f
       15835000	      1582	80001be0	59592f97	auipc	x31,0x59592	 x31=0xd9593bdc
       15845000	      1583	80001be4	af26fb93	andi	x23,x13,-1294	 x13:0x00000a12 x23=0x00000a12
       15855000	      1584	80001be8	016052b3	srl	x5,x0,x22	  x0:0x00000000 x22:0xa87b2ed7  x5=0x00000000
       15865000	      1585	80001bec	00457fb3	and	x31,x10,x4	 x10:0x00000003  x4:0xa87b273c x31=0x00000000
       15875000	      1586	80001bf0	41af5fb3	sra	x31,x30,x26	 x30:0x00000000 x26:0x00000509 x31=0x00000000
       15885000	      1587	80001bf4	83b9eb93	ori	x23,x19,-1989	 x19:0xfffffa18 x23=0xfffffa3b
       15895000	      1588	80001bf8	0275ea63	bltu	x11,x7,80001c2c	 x11:0xf85a3dad  x7:0x00000001
       15905000	      1589	80001bfc	b0236c93	ori	x25,x6,-1278	  x6:0xffffffff x25=0xffffffff
       15915000	      1590	80001c00	01119fb3	sll	x31,x3,x17	  x3:0x00000000 x17:0x0000003f x31=0x00000000
       15925000	      1591	80001c04	1d8e1b17	auipc	x22,0x1d8e1	 x22=0x9d8e2c00
       15935000	      1592	80001c08	02a6d063	bge	x13,x10,80001c28	 x13:0x00000a12 x10:0x00000003
       15945000	      1593	00000000	00000013	addi	x0,x0,0	  x0:0x00000000
       15955000	      1594	80001c24	00000013	addi	x0,x0,0	  x0:0x00000000
       15965000	      1595	80001c28	02ccf063	bgeu	x25,x12,80001c48	 x25:0xffffffff x12:0x00000000
       15975000	      1596	00000000	00000013	addi	x0,x0,0	  x0:0x00000000
       15985000	      1597	80001c44	00000013	addi	x0,x0,0	  x0:0x00000000
       15995000	      1598	80001c48	00e907b3	add	x15,x18,x14	 x18:0x00000001 x14:0xa87b273c x15=0xa87b273d
       16005000	      1599	80001c4c	02965463	bge	x12,x9,80001c74	 x12:0x00000000  x9:0x287bbd00
       16015000	      1600	80001c50	684be193	ori	x3,x23,1668	 x23:0xfffffa3b  x3=0xfffffebf
       16025000	      1601	80001c54	4002df33	sra	x30,x5,x0	  x5:0x00000000  x0:0x00000000 x30=0x00000000
       16035000	      1602	80001c58	40755093	srai	x1,x10,0x7	 x10:0x00000003  x1=0x00000000
       16045000	      1603	80001c5c	01e91d13	slli	x26,x18,0x1e	 x18:0x00000001 x26=0x40000000
       16055000	      1604	80001c60	4080d733	sra	x14,x1,x8	  x1:0x00000000  x8:0x6fa776e0 x14=0x00000000
       16065000	      1605	80001c64	002b9cb3	sll	x25,x23,x2	 x23:0xfffffa3b  x2:0xf85a3668 x25=0xfffa3b00
       16075000	      1606	80001c68	5aadfd13	andi	x26,x27,1450	 x27:0x0000000f x26=0x0000000a
       16085000	      1607	80001c6c	009690b3	sll	x1,x13,x9	 x13:0x00000a12  x9:0x287bbd00  x1=0x00000a12
       16095000	      1608	80001c70	03d95c63	bge	x18,x29,80001ca8	 x18:0x00000001 x29:0x37eccc44
       16105000	      1609	80001c74	03a81063	bne	x16,x26,80001c94	 x16:0x80009fc4 x26:0x0000000a
       16115000	      1610	00000000	00000013	addi	x0,x0,0	  x0:0x00000000
       16125000	      1611	80001c90	00000013	addi	x0,x0,0	  x0:0x00000000
       16135000	      1612	80001c94	a15e2437	lui	x8,0xa15e2	  x8=0xa15e2000
       16145000	      1613	80001c98	052f7663	bgeu	x30,x18,80001ce4	 x30:0x00000000 x18:0x00000001
       16155000	      1614	80001c9c	0180c863	blt	x1,x24,80001cac	  x1:0x00000a12 x24:0xc0000000
       16165000	      1615	80001ca0	050ef863	bgeu	x29,x16,80001cf0	 x29:0x37eccc44 x16:0x80009fc4
       16175000	      1616	80001ca4	00b09c33	sll	x24,x1,x11	  x1:0x00000a12 x11:0xf85a3dad x24=0x01424000
       16185000	      1617	80001ca8	01bd8a63	beq	x27,x27,80001cbc	 x27:0x0000000f x27:0x0000000f
       16195000	      1618	00000000	00000013	addi	x0,x0,0	  x0:0x00000000
       16205000	      1619	80001cb8	00000013	addi	x0,x0,0	  x0:0x00000000
       16215000	      1620	80001cbc	023afa63	bgeu	x21,x3,80001cf0	 x21:0x60c86083  x3:0xfffffebf
       16225000	      1621	80001cc0	5b8496b7	lui	x13,0x5b849	 x13=0x5b849000
       16235000	      1622	80001cc4	00ab56b3	srl	x13,x22,x10	 x22:0x9d8e2c00 x10:0x00000003 x13=0x13b1c580
       16245000	      1623	80001cc8	1029f413	andi	x8,x19,258	 x19:0xfffffa18  x8=0x00000000
       16255000	      1624	80001ccc	00b65eb3	srl	x29,x12,x11	 x12:0x00000000 x11:0xf85a3dad x29=0x00000000
       16265000	      1625	80001cd0	008de033	or	x0,x27,x8	 x27:0x0000000f  x8:0x00000000
       16275000	      1626	80001cd4	01e54863	blt	x10,x30,80001ce4	 x10:0x00000003 x30:0x00000000
       16285000	      1627	80001cd8	051ec263	blt	x29,x17,80001d1c	 x29:0x00000000 x17:0x0000003f
       16295000	      1628	00000000	00000013	addi	x0,x0,0	  x0:0x00000000
       16305000	      1629	80001d18	00000013	addi	x0,x0,0	  x0:0x00000000
       16315000	      1630	80001d1c	004bb333	sltu	x6,x23,x4	 x23:0xfffffa3b  x4:0xa87b273c  x6=0x00000000
       16325000	      1631	80001d20	01cdbd33	sltu	x26,x27,x28	 x27:0x0000000f x28:0x8000984d x26=0x00000001
       16335000	      1632	80001d24	0028b7b3	sltu	x15,x17,x2	 x17:0x0000003f  x2:0xf85a3668 x15=0x00000001
       16345000	      1633	80001d28	28dfaa97	auipc	x21,0x28dfa	 x21=0xa8dfbd24
       16355000	      1634	80001d2c	e18a14b7	lui	x9,0xe18a1	  x9=0xe18a1000
       16365000	      1635	80001d30	6e336493	ori	x9,x6,1763	  x6:0x00000000  x9=0x000006e3
       16375000	      1636	80001d34	03c9c263	blt	x19,x28,80001d58	 x19:0xfffffa18 x28:0x8000984d
       16385000	      1637	80001d38	02d47263	bgeu	x8,x13,80001d5c	  x8:0x00000000 x13:0x13b1c580
       16395000	      1638	80001d3c	03d84c63	blt	x16,x29,80001d74	 x16:0x80009fc4 x29:0x00000000
       16405000	      1639	00000000	00000013	addi	x0,x0,0	  x0:0x00000000
       16415000	      1640	80001d70	00000013	addi	x0,x0,0	  x0:0x00000000
       16425000	      1641	80001d74	01716533	or	x10,x2,x23	  x2:0xf85a3668 x23:0xfffffa3b x10=0xfffffe7b
       16435000	      1642	80001d78	01686033	or	x0,x16,x22	 x16:0x80009fc4 x22:0x9d8e2c00
       16445000	      1643	80001d7c	04bc0463	beq	x24,x11,80001dc4	 x24:0x01424000 x11:0xf85a3dad
       16455000	      1644	80001d80	831c7f93	andi	x31,x24,-1999	 x24:0x01424000 x31=0x01424000
       16465000	      1645	80001d84	008483b3	add	x7,x9,x8	  x9:0x000006e3  x8:0x00000000  x7=0x000006e3
       16475000	      1646	80001d88	00000013	addi	x0,x0,0	  x0:0x00000000
       16485000	      1647	80001d8c	00d9d733	srl	x14,x19,x13	 x19:0xfffffa18 x13:0x13b1c580 x14=0xfffffa18
       16495000	      1648	80001d90	038c5c63	bge	x24,x24,80001dc8	 x24:0x01424000 x24:0x01424000
       16505000	      1649	00000000	00000013	addi	x0,x0,0	  x0:0x00000000
       16515000	      1650	80001dc4	00000013	addi	x0,x0,0	  x0:0x00000000
       16525000	      1651	80001dc8	004b0933	add	x18,x22,x4	 x22:0x9d8e2c00  x4:0xa87b273c x18=0x4609533c
       16535000	      1652	80001dcc	f4f03d93	sltiu	x27,x0,-177	  x0:0x00000000 x27=0x00000001
       16545000	      1653	80001dd0	c31fff13	andi	x30,x31,-975	 x31:0x01424000 x30=0x01424000
       16555000	      1654	80001dd4	00d90d33	add	x26,x18,x13	 x18:0x4609533c x13:0x13b1c580 x26=0x59bb18bc
       16565000	      1655	80001dd8	01f99213	slli	x4,x19,0x1f	 x19:0xfffffa18  x4=0x00000000
       16575000	      1656	80001ddc	63f36913	ori	x18,x6,1599	  x6:0x00000000 x18=0x0000063f
       16585000	      1657	80001de0	02638a63	beq	x7,x6,80001e14	  x7:0x000006e3  x6:0x00000000
       16595000	      1658	80001de4	00c71d93	slli	x27,x14,0xc	 x14:0xfffffa18 x27=0xffa18000
       16605000	      1659	80001de8	0403d463	bge	x7,x0,80001e30	  x7:0x000006e3  x0:0x00000000
       16615000	      1660	00000000	00000013	addi	x0,x0,0	  x0:0x00000000
       16625000	      1661	80001e2c	00000013	addi	x0,x0,0	  x0:0x00000000
       16635000	      1662	80001e30	4d743c13	sltiu	x24,x8,1239	  x8:0x00000000 x24=0x00000001
       16645000	      1663	80001e34	27232913	slti	x18,x6,626	  x6:0x00000000 x18=0x00000001
       16655000	      1664	80001e38	401c58b3	sra	x17,x24,x1	 x24:0x00000001  x1:0x00000a12 x17=0x00000000
       16665000	      1665	80001e3c	e4424f17	auipc	x30,0xe4424	 x30=0x64425e38
       16675000	      1666	80001e40	40b8aa97	auipc	x21,0x40b8a	 x21=0xc0b8be3c
       16685000	      1667	80001e44	0095ecb3	or	x25,x11,x9	 x11:0xf85a3dad  x9:0x000006e3 x25=0xf85a3fef
       16695000	      1668	80001e48	0069b233	sltu	x4,x19,x6	 x19:0xfffffa18  x6:0x00000000  x4=0x00000000
       16705000	      1669	80001e4c	459d8613	addi	x12,x27,1113	 x27:0xffa18000 x12=0xffa18459
       16715000	      1670	80001e50	a21f2b93	slti	x23,x30,-1503	 x30:0x64425e38 x23=0x00000000
       16725000	      1671	80001e54	fc93bd93	sltiu	x27,x7,-55	  x7:0x000006e3 x27=0x00000001
       16735000	      1672	80001e58	03429063	bne	x5,x20,80001e78	  x5:0x00000000 x20:0x80009f7c
       16745000	      1673	00000000	00000013	addi	x0,x0,0	  x0:0x00000000
       16755000	      1674	80001e74	00000013	addi	x0,x0,0	  x0:0x00000000
       16765000	      1675	80001e78	001ddb33	srl	x22,x27,x1	 x27:0x00000001  x1:0x00000a12 x22=0x00000000
       16775000	      1676	80001e7c	02235063	bge	x6,x2,80001e9c	  x6:0x00000000  x2:0xf85a3668
       16785000	      1677	00000000	00000013	addi	x0,x0,0	  x0:0x00000000
       16795000	      1678	80001e98	00000013	addi	x0,x0,0	  x0:0x00000000
       16805000	      1679	80001e9c	00e88a63	beq	x17,x14,80001eb0	 x17:0x00000000 x14:0xfffffa18
       16815000	      1680	80001ea0	0178d2b3	srl	x5,x17,x23	 x17:0x00000000 x23:0x00000000  x5=0x00000000
       16825000	      1681	80001ea4	d4623593	sltiu	x11,x4,-698	  x4:0x00000000 x11=0x00000001
       16835000	      1682	80001ea8	87fc46b7	lui	x13,0x87fc4	 x13=0x87fc4000
       16845000	      1683	80001eac	02b88e63	beq	x17,x11,80001ee8	 x17:0x00000000 x11:0x00000001
       16855000	      1684	80001eb0	000fdc33	srl	x24,x31,x0	 x31:0x01424000  x0:0x00000000 x24=0x01424000
       16865000	      1685	80001eb4	0b8c6893	ori	x17,x24,184	 x24:0x01424000 x17=0x014240b8
       16875000	      1686	80001eb8	416d8233	sub	x4,x27,x22	 x27:0x00000001 x22:0x00000000  x4=0x00000001
       16885000	      1687	80001ebc	02085c63	bge	x16,x0,80001ef4	 x16:0x80009fc4  x0:0x00000000
       16895000	      1688	80001ec0	00f96863	bltu	x18,x15,80001ed0	 x18:0x00000001 x15:0x00000001
       16905000	      1689	80001ec4	be3d6913	ori	x18,x26,-1053	 x26:0x59bb18bc x18=0xfffffbff
       16915000	      1690	80001ec8	41e087b3	sub	x15,x1,x30	  x1:0x00000a12 x30:0x64425e38 x15=0x9bbdabda
       16925000	      1691	80001ecc	5a37c593	xori	x11,x15,1443	 x15:0x9bbdabda x11=0x9bbdae79
       16935000	      1692	80001ed0	019ec1b3	xor	x3,x29,x25	 x29:0x00000000 x25:0xf85a3fef  x3=0xf85a3fef
       16945000	      1693	80001ed4	03f36263	bltu	x6,x31,80001ef8	  x6:0x00000000 x31:0x01424000
       16955000	      1694	00000000	00000013	addi	x0,x0,0	  x0:0x00000000
       16965000	      1695	80001ef4	00000013	addi	x0,x0,0	  x0:0x00000000
       16975000	      1696	80001ef8	023f8263	beq	x31,x3,80001f1c	 x31:0x01424000  x3:0xf85a3fef
       16985000	      1697	80001efc	036ef063	bgeu	x29,x22,80001f1c	 x29:0x00000000 x22:0x00000000
       16995000	      1698	00000000	00000013	addi	x0,x0,0	  x0:0x00000000
       17005000	      1699	80001f18	00000013	addi	x0,x0,0	  x0:0x00000000
       17015000	      1700	80001f1c	01dd85b3	add	x11,x27,x29	 x27:0x00000001 x29:0x00000000 x11=0x00000001
       17025000	      1701	80001f20	e4ce7897	auipc	x17,0xe4ce7	 x17=0x64ce8f1c
       17035000	      1702	80001f24	005f5663	bge	x30,x5,80001f30	 x30:0x64425e38  x5:0x00000000
       17045000	      1703	00000000	00000013	addi	x0,x0,0	  x0:0x00000000
       17055000	      1704	80001f2c	00000013	addi	x0,x0,0	  x0:0x00000000
       17065000	      1705	80001f30	002bf863	bgeu	x23,x2,80001f40	 x23:0x00000000  x2:0xf85a3668
       17075000	      1706	80001f34	41bcdd13	srai	x26,x25,0x1b	 x25:0xf85a3fef x26=0xffffffff
       17085000	      1707	80001f38	e7943c93	sltiu	x25,x8,-391	  x8:0x00000000 x25=0x00000001
       17095000	      1708	80001f3c	307e8d93	addi	x27,x29,775	 x29:0x00000000 x27=0x00000307
       17105000	      1709	80001f40	3beab593	sltiu	x11,x21,958	 x21:0xc0b8be3c x11=0x00000000
       17115000	      1710	80001f44	00fbd913	srli	x18,x23,0xf	 x23:0x00000000 x18=0x00000000
       17125000	      1711	80001f48	a5d05637	lui	x12,0xa5d05	 x12=0xa5d05000
       17135000	      1712	80001f4c	00000013	addi	x0,x0,0	  x0:0x00000000
       17145000	      1713	80001f50	00935663	bge	x6,x9,80001f5c	  x6:0x00000000  x9:0x000006e3
       17155000	      1714	80001f54	02c3c263	blt	x7,x12,80001f78	  x7:0x000006e3 x12:0xa5d05000
       17165000	      1715	80001f58	010cd663	bge	x25,x16,80001f64	 x25:0x00000001 x16:0x80009fc4
       17175000	      1716	00000000	00000013	addi	x0,x0,0	  x0:0x00000000
       17185000	      1717	80001f60	00000013	addi	x0,x0,0	  x0:0x00000000
       17195000	      1718	80001f64	019cc733	xor	x14,x25,x25	 x25:0x00000001 x25:0x00000001 x14=0x00000000
       17205000	      1719	80001f68	019179b3	and	x19,x2,x25	  x2:0xf85a3668 x25:0x00000001 x19=0x00000000
       17215000	      1720	80001f6c	02aa6263	bltu	x20,x10,80001f90	 x20:0x80009f7c x10:0xfffffe7b
       17225000	      1721	00000000	00000013	addi	x0,x0,0	  x0:0x00000000
       17235000	      1722	80001f8c	00000013	addi	x0,x0,0	  x0:0x00000000
       17245000	      1723	80001f90	04144c63	blt	x8,x1,80001fe8	  x8:0x00000000  x1:0x00000a12
       17255000	      1724	00000000	00000013	addi	x0,x0,0	  x0:0x00000000
       17265000	      1725	80001fe4	00000013	addi	x0,x0,0	  x0:0x00000000
       17275000	      1726	80001fe8	008b40b3	xor	x1,x22,x8	 x22:0x00000000  x8:0x00000000  x1=0x00000000
       17285000	      1727	80001fec	7cf62d37	lui	x26,0x7cf62	 x26=0x7cf62000
       17295000	      1728	80001ff0	e6882f13	slti	x30,x16,-408	 x16:0x80009fc4 x30=0x00000001
       17305000	      1729	80001ff4	406458b3	sra	x17,x8,x6	  x8:0x00000000  x6:0x00000000 x17=0x00000000
       17315000	      1730	80001ff8	01b282b3	add	x5,x5,x27	  x5:0x00000000 x27:0x00000307  x5=0x00000307
       17325000	      1731	80001ffc	0073d493	srli	x9,x7,0x7	  x7:0x000006e3  x9=0x0000000d
       17335000	      1732	80002000	4023dd13	srai	x26,x7,0x2	  x7:0x000006e3 x26=0x000001b8
       17345000	      1733	80002004	93934693	xori	x13,x6,-1735	  x6:0x00000000 x13=0xfffff939
       17355000	      1734	80002008	0022e033	or	x0,x5,x2	  x5:0x00000307  x2:0xf85a3668
       17365000	      1735	8000200c	416c53b3	sra	x7,x24,x22	 x24:0x01424000 x22:0x00000000  x7=0x01424000
       17375000	      1736	80002010	22b7c493	xori	x9,x15,555	 x15:0x9bbdabda  x9=0x9bbda9f1
       17385000	      1737	80002014	53dab3b7	lui	x7,0x53dab	  x7=0x53dab000
       17395000	      1738	80002018	039b1c63	bne	x22,x25,80002050	 x22:0x00000000 x25:0x00000001
       17405000	      1739	00000000	00000013	addi	x0,x0,0	  x0:0x00000000
       17415000	      1740	8000204c	00000013	addi	x0,x0,0	  x0:0x00000000
       17425000	      1741	80002050	00851f13	slli	x30,x10,0x8	 x10:0xfffffe7b x30=0xfffe7b00
       17435000	      1742	80002054	01f43d33	sltu	x26,x8,x31	  x8:0x00000000 x31:0x01424000 x26=0x00000001
       17445000	      1743	80002058	946b8f13	addi	x30,x23,-1722	 x23:0x00000000 x30=0xfffff946
       17455000	      1744	8000205c	00d22233	slt	x4,x4,x13	  x4:0x00000001 x13:0xfffff939  x4=0x00000000
       17465000	      1745	80002060	4207f0b7	lui	x1,0x4207f	  x1=0x4207f000
       17475000	      1746	80002064	56f33293	sltiu	x5,x6,1391	  x6:0x00000000  x5=0x00000001
       17485000	      1747	80002068	4dec4d93	xori	x27,x24,1246	 x24:0x01424000 x27=0x014244de
       17495000	      1748	8000206c	41dd8fb3	sub	x31,x27,x29	 x27:0x014244de x29:0x00000000 x31=0x014244de
       17505000	      1749	80002070	0014e2b3	or	x5,x9,x1	  x9:0x9bbda9f1  x1:0x4207f000  x5=0xdbbff9f1
       17515000	      1750	80002074	00a00f13	addi	x30,x0,10	  x0:0x00000000 x30=0x0000000a
       17525000	      1751	80002078	f7750717	auipc	x14,0xf7750	 x14=0x77752074
       17535000	      1752	8000207c	41425633	sra	x12,x4,x20	  x4:0x00000000 x20:0x80009f7c x12=0x00000000
       17545000	      1753	80002080	00000013	addi	x0,x0,0	  x0:0x00000000
       17555000	      1754	80002084	fee00793	addi	x15,x0,-18	  x0:0x00000000 x15=0xffffffee
       17565000	      1755	80002088	40335bb3	sra	x23,x6,x3	  x6:0x00000000  x3:0xf85a3fef x23=0x00000000
       17575000	      1756	8000208c	a956d1b7	lui	x3,0xa956d	  x3=0xa956d000
       17585000	      1757	80002090	00eb5d13	srli	x26,x22,0xe	 x22:0x00000000 x26=0x00000000
       17595000	      1758	80002094	ff9f0f13	addi	x30,x30,-7	 x30:0x0000000a x30=0x00000003
       17605000	      1759	80002098	3c07b193	sltiu	x3,x15,960	 x15:0xffffffee  x3=0x00000000
       17615000	      1760	8000209c	00500913	addi	x18,x0,5	  x0:0x00000000 x18=0x00000005
       17625000	      1761	800020a0	01263d33	sltu	x26,x12,x18	 x12:0x00000000 x18:0x00000005 x26=0x00000001
       17635000	      1762	800020a4	01c1dd33	srl	x26,x3,x28	  x3:0x00000000 x28:0x8000984d x26=0x00000000
       17645000	      1763	800020a8	00400413	addi	x8,x0,4	  x0:0x00000000  x8=0x00000004
       17655000	      1764	800020ac	01cee633	or	x12,x29,x28	 x29:0x00000000 x28:0x8000984d x12=0x8000984d
       17665000	      1765	800020b0	01f1f1b3	and	x3,x3,x31	  x3:0x00000000 x31:0x014244de  x3=0x00000000
       17675000	      1766	800020b4	ffd90913	addi	x18,x18,-3	 x18:0x00000005 x18=0x00000002
       17685000	      1767	800020b8	fe897ce3	bgeu	x18,x8,800020b0	 x18:0x00000002  x8:0x00000004
       17695000	      1768	800020bc	fcff08e3	beq	x30,x15,8000208c	 x30:0x00000003 x15:0xffffffee
       17705000	      1769	800020c0	012613b3	sll	x7,x12,x18	 x12:0x8000984d x18:0x00000002  x7=0x00026134
       17715000	      1770	800020c4	01929b93	slli	x23,x5,0x19	  x5:0xdbbff9f1 x23=0xe2000000
       17725000	      1771	800020c8	780796b7	lui	x13,0x78079	 x13=0x78079000
       17735000	      1772	800020cc	05f9e463	bltu	x19,x31,80002114	 x19:0x00000000 x31:0x014244de
       17745000	      1773	00000000	00000013	addi	x0,x0,0	  x0:0x00000000
       17755000	      1774	80002110	00000013	addi	x0,x0,0	  x0:0x00000000
       17765000	      1775	80002114	00000013	addi	x0,x0,0	  x0:0x00000000
       17775000	      1776	80002118	00c39a63	bne	x7,x12,8000212c	  x7:0x00026134 x12:0x8000984d
       17785000	      1777	00000000	00000013	addi	x0,x0,0	  x0:0x00000000
       17795000	      1778	80002128	00000013	addi	x0,x0,0	  x0:0x00000000
       17805000	      1779	8000212c	036e4013	xori	x0,x28,54	 x28:0x8000984d
       17815000	      1780	80002130	00632fb3	slt	x31,x6,x6	  x6:0x00000000  x6:0x00000000 x31=0x00000000
       17825000	      1781	80002134	018ed933	srl	x18,x29,x24	 x29:0x00000000 x24:0x01424000 x18=0x00000000
       17835000	      1782	80002138	00000013	addi	x0,x0,0	  x0:0x00000000
       17845000	      1783	8000213c	ed51e513	ori	x10,x3,-299	  x3:0x00000000 x10=0xfffffed5
       17855000	      1784	80002140	01a8db93	srli	x23,x17,0x1a	 x17:0x00000000 x23=0x00000000
       17865000	      1785	80002144	0dc5ef13	ori	x30,x11,220	 x11:0x00000000 x30=0x000000dc
       17875000	      1786	80002148	01525213	srli	x4,x4,0x15	  x4:0x00000000  x4=0x00000000
       17885000	      1787	8000214c	0168d463	bge	x17,x22,80002154	 x17:0x00000000 x22:0x00000000
       17895000	      1788	00000000	00000013	addi	x0,x0,0	  x0:0x00000000
       17905000	      1789	80002150	00000013	addi	x0,x0,0	  x0:0x00000000
       17915000	      1790	80002154	017c0bb3	add	x23,x24,x23	 x24:0x01424000 x23:0x00000000 x23=0x01424000
       17925000	      1791	80002158	004a2b03	lw	x22,4(x20)	 x20:0x80009f7c x22=0x80000260 PA:0x80009f80
       17935000	      1792	8000215c	402206b3	sub	x13,x4,x2	  x4:0x00000000  x2:0xf85a3668 x13=0x07a5c998
       17945000	      1793	80002160	41540c33	sub	x24,x8,x21	  x8:0x00000004 x21:0xc0b8be3c x24=0x3f4741c8
       17955000	      1794	80002164	e3387e17	auipc	x28,0xe3387	 x28=0x63389160
       17965000	      1795	80002168	006ad633	srl	x12,x21,x6	 x21:0xc0b8be3c  x6:0x00000000 x12=0xc0b8be3c
       17975000	      1796	8000216c	012a5613	srli	x12,x20,0x12	 x20:0x80009f7c x12=0x00002000
       17985000	      1797	80002170	00ee9f33	sll	x30,x29,x14	 x29:0x00000000 x14:0x77752074 x30=0x00000000
       17995000	      1798	80002174	00e5d613	srli	x12,x11,0xe	 x11:0x00000000 x12=0x00000000
       18005000	      1799	80002178	008a0a13	addi	x20,x20,8	 x20:0x80009f7c x20=0x80009f84
       18015000	      1800	8000217c	00429593	slli	x11,x5,0x4	  x5:0xdbbff9f1 x11=0xbbff9f10
       18025000	      1801	80002180	0135b9b3	sltu	x19,x11,x19	 x11:0xbbff9f10 x19:0x00000000 x19=0x00000000
       18035000	      1802	80002184	000b0193	addi	x3,x22,0	 x22:0x80000260  x3=0x80000260
       18045000	      1803	80002188	000181e7	jalr	x3,x3,0	  x3:0x80000260  x3=0x80002188
       18055000	      1804	00000000	00000013	addi	x0,x0,0	  x0:0x00000000
       18065000	      1805	80000260	00000013	addi	x0,x0,0	  x0:0x00000000
       18075000	      1806	80000264	01d261b3	or	x3,x4,x29	  x4:0x00000000 x29:0x00000000  x3=0x00000000
       18085000	      1807	80000268	015e9263	bne	x29,x21,8000026c	 x29:0x00000000 x21:0xc0b8be3c
       18095000	      1808	00000000	00000013	addi	x0,x0,0	  x0:0x00000000
       18105000	      1809	80000268	00000013	addi	x0,x0,0	  x0:0x00000000
       18115000	      1810	8000026c	15640b93	addi	x23,x8,342	  x8:0x00000004 x23=0x0000015a
       18125000	      1811	80000270	00000117	auipc	x2,0x0	  x2=0x8000026c
       18135000	      1812	80000274	00c10113	addi	x2,x2,12	  x2:0x8000026c  x2=0x80000278
       18145000	      1813	80000278	00010067	jalr	x0,x2,0	  x2:0x80000278
       18155000	      1814	00000000	00000013	addi	x0,x0,0	  x0:0x00000000
       18165000	      1815	80000278	00000013	addi	x0,x0,0	  x0:0x00000000
       18175000	      1816	8000027c	00100193	addi	x3,x0,1	  x0:0x00000000  x3=0x00000001
       18185000	      1817	80000280	00000073	ecall	
       18195000	      1818	80000284	0107f633	and	x12,x15,x16	 x15:0xffffffee x16:0x80009fc4 x12=0x80009fc4
