		Time			Cycle	PC		Insn	Decoded instruction	Register and memory contents
          65000	         5	80000004	00000293	addi	x5,x0,0	  x0:0x00000000  x5=0x00000000
          75000	         6	80000008	00000313	addi	x6,x0,0	  x0:0x00000000  x6=0x00000000
          85000	         7	8000000c	00628263	beq	x5,x6,80000010	  x5:0x00000000  x6:0x00000000
          95000	         8	00000000	00000013	addi	x0,x0,0	  x0:0x00000000
         105000	         9	8000000c	00000013	addi	x0,x0,0	  x0:0x00000000
         115000	        10	80000010	00000d17	auipc	x26,0x0	 x26=0x8000000c
         125000	        11	80000014	00cd0d13	addi	x26,x26,12	 x26:0x8000000c x26=0x80000018
         135000	        12	80000018	000d0067	jalr	x0,x26,0	 x26:0x80000018
         145000	        13	00000000	00000013	addi	x0,x0,0	  x0:0x00000000
         155000	        14	80000018	00000013	addi	x0,x0,0	  x0:0x00000000
         165000	        15	8000001c	40000437	lui	x8,0x40000	  x8=0x40000000
         175000	        16	80000020	10040413	addi	x8,x8,256	  x8:0x40000000  x8=0x40000100
         185000	        17	80000024	00000013	addi	x0,x0,0	  x0:0x00000000
         195000	        18	80000028	0000a217	auipc	x4,0xa	  x4=0x8000a024
         205000	        19	8000002c	fa020213	addi	x4,x4,-96	  x4:0x8000a024  x4=0x80009fc4
         215000	        20	80000030	00003417	auipc	x8,0x3	  x8=0x8000302c
         225000	        21	80000034	f2040413	addi	x8,x8,-224	  x8:0x8000302c  x8=0x80002f4c
         235000	        22	80000038	00046413	ori	x8,x8,0	  x8:0x80002f4c  x8=0x80002f4c
         245000	        23	8000003c	00000013	addi	x0,x0,0	  x0:0x00000000
         255000	        24	80000040	00000417	auipc	x8,0x0	  x8=0x8000003c
         265000	        25	80000044	02040413	addi	x8,x8,32	  x8:0x8000003c  x8=0x8000005c
         275000	        26	80000048	00000013	addi	x0,x0,0	  x0:0x00000000
         285000	        27	8000004c	00000013	addi	x0,x0,0	  x0:0x00000000
         295000	        28	80000050	00002437	lui	x8,0x2	  x8=0x00002000
         305000	        29	80000054	80040413	addi	x8,x8,-2048	  x8:0x00002000  x8=0x00001800
         315000	        30	80000058	00000013	addi	x0,x0,0	  x0:0x00000000
         325000	        31	8000005c	00000013	addi	x0,x0,0	  x0:0x00000000
         335000	        32	80000060	80000037	lui	x0,0x80000	
         345000	        33	80000064	00000013	addi	x0,x0,0	  x0:0x00000000
         355000	        34	80000068	077590b7	lui	x1,0x7759	  x1=0x07759000
         365000	        35	8000006c	a6a08093	addi	x1,x1,-1430	  x1:0x07759000  x1=0x07758a6a
         375000	        36	80000070	80000137	lui	x2,0x80000	  x2=0x80000000
         385000	        37	80000074	00000193	addi	x3,x0,0	  x0:0x00000000  x3=0x00000000
         395000	        38	80000078	3241f2b7	lui	x5,0x3241f	  x5=0x3241f000
         405000	        39	8000007c	7d528293	addi	x5,x5,2005	  x5:0x3241f000  x5=0x3241f7d5
         415000	        40	80000080	00000313	addi	x6,x0,0	  x0:0x00000000  x6=0x00000000
         425000	        41	80000084	00000393	addi	x7,x0,0	  x0:0x00000000  x7=0x00000000
         435000	        42	80000088	f39d2437	lui	x8,0xf39d2	  x8=0xf39d2000
         445000	        43	8000008c	0ca40413	addi	x8,x8,202	  x8:0xf39d2000  x8=0xf39d20ca
         455000	        44	80000090	00000493	addi	x9,x0,0	  x0:0x00000000  x9=0x00000000
         465000	        45	80000094	80000537	lui	x10,0x80000	 x10=0x80000000
         475000	        46	80000098	00000593	addi	x11,x0,0	  x0:0x00000000 x11=0x00000000
         485000	        47	8000009c	00000613	addi	x12,x0,0	  x0:0x00000000 x12=0x00000000
         495000	        48	800000a0	800006b7	lui	x13,0x80000	 x13=0x80000000
         505000	        49	800000a4	3f185737	lui	x14,0x3f185	 x14=0x3f185000
         515000	        50	800000a8	9b470713	addi	x14,x14,-1612	 x14:0x3f185000 x14=0x3f1849b4
         525000	        51	800000ac	00a00793	addi	x15,x0,10	  x0:0x00000000 x15=0x0000000a
         535000	        52	800000b0	00e00813	addi	x16,x0,14	  x0:0x00000000 x16=0x0000000e
         545000	        53	800000b4	60b278b7	lui	x17,0x60b27	 x17=0x60b27000
         555000	        54	800000b8	12d88893	addi	x17,x17,301	 x17:0x60b27000 x17=0x60b2712d
         565000	        55	800000bc	00000913	addi	x18,x0,0	  x0:0x00000000 x18=0x00000000
         575000	        56	800000c0	00000993	addi	x19,x0,0	  x0:0x00000000 x19=0x00000000
         585000	        57	800000c4	00800a13	addi	x20,x0,8	  x0:0x00000000 x20=0x00000008
         595000	        58	800000c8	33104ab7	lui	x21,0x33104	 x21=0x33104000
         605000	        59	800000cc	aa7a8a93	addi	x21,x21,-1369	 x21:0x33104000 x21=0x33103aa7
         615000	        60	800000d0	00f00b93	addi	x23,x0,15	  x0:0x00000000 x23=0x0000000f
         625000	        61	800000d4	eaf59c37	lui	x24,0xeaf59	 x24=0xeaf59000
         635000	        62	800000d8	3cbc0c13	addi	x24,x24,971	 x24:0xeaf59000 x24=0xeaf593cb
         645000	        63	800000dc	00000c93	addi	x25,x0,0	  x0:0x00000000 x25=0x00000000
         655000	        64	800000e0	00200d13	addi	x26,x0,2	  x0:0x00000000 x26=0x00000002
         665000	        65	800000e4	80000db7	lui	x27,0x80000	 x27=0x80000000
         675000	        66	800000e8	f74b7e37	lui	x28,0xf74b7	 x28=0xf74b7000
         685000	        67	800000ec	763e0e13	addi	x28,x28,1891	 x28:0xf74b7000 x28=0xf74b7763
         695000	        68	800000f0	00400e93	addi	x29,x0,4	  x0:0x00000000 x29=0x00000004
         705000	        69	800000f4	ef4d7f37	lui	x30,0xef4d7	 x30=0xef4d7000
         715000	        70	800000f8	2d7f0f13	addi	x30,x30,727	 x30:0xef4d7000 x30=0xef4d72d7
         725000	        71	800000fc	ae15afb7	lui	x31,0xae15a	 x31=0xae15a000
         735000	        72	80000100	f92f8f93	addi	x31,x31,-110	 x31:0xae15a000 x31=0xae159f92
         745000	        73	80000104	0000ab17	auipc	x22,0xa	 x22=0x8000a100
         755000	        74	80000108	e84b0b13	addi	x22,x22,-380	 x22:0x8000a100 x22=0x80009f84
         765000	        75	8000010c	00500a13	addi	x20,x0,5	  x0:0x00000000 x20=0x00000005
         775000	        76	80000110	017f2f33	slt	x30,x30,x23	 x30:0xef4d72d7 x23:0x0000000f x30=0x00000001
         785000	        77	80000114	010626b3	slt	x13,x12,x16	 x12:0x00000000 x16:0x0000000e x13=0x00000001
         795000	        78	80000118	01bd99b3	sll	x19,x27,x27	 x27:0x80000000 x27:0x80000000 x19=0x80000000
         805000	        79	8000011c	41a65f33	sra	x30,x12,x26	 x12:0x00000000 x26:0x00000002 x30=0x00000000
         815000	        80	80000120	00500193	addi	x3,x0,5	  x0:0x00000000  x3=0x00000005
         825000	        81	80000124	0080bab3	sltu	x21,x1,x8	  x1:0x07758a6a  x8:0xf39d20ca x21=0x00000001
         835000	        82	80000128	41288133	sub	x2,x17,x18	 x17:0x60b2712d x18:0x00000000  x2=0x60b2712d
         845000	        83	8000012c	90780c97	auipc	x25,0x90780	 x25=0x10780128
         855000	        84	80000130	6a63ee93	ori	x29,x7,1702	  x7:0x00000000 x29=0x000006a6
         865000	        85	80000134	00000013	addi	x0,x0,0	  x0:0x00000000
         875000	        86	80000138	a1356c13	ori	x24,x10,-1517	 x10:0x80000000 x24=0xfffffa13
         885000	        87	8000013c	00e9e3b3	or	x7,x19,x14	 x19:0x80000000 x14:0x3f1849b4  x7=0xbf1849b4
         895000	        88	80000140	00f274b3	and	x9,x4,x15	  x4:0x80009fc4 x15:0x0000000a  x9=0x00000000
         905000	        89	80000144	011ce033	or	x0,x25,x17	 x25:0x10780128 x17:0x60b2712d
         915000	        90	80000148	41a50f33	sub	x30,x10,x26	 x10:0x80000000 x26:0x00000002 x30=0x7ffffffe
         925000	        91	8000014c	01eeceb3	xor	x29,x29,x30	 x29:0x000006a6 x30:0x7ffffffe x29=0x7ffff958
         935000	        92	80000150	ffca0a13	addi	x20,x20,-4	 x20:0x00000005 x20=0x00000001
         945000	        93	80000154	4074d113	srai	x2,x9,0x7	  x9:0x00000000  x2=0x00000000
         955000	        94	80000158	00991893	slli	x17,x18,0x9	 x18:0x00000000 x17=0x00000000
         965000	        95	8000015c	0f2cac13	slti	x24,x25,242	 x25:0x10780128 x24=0x00000000
         975000	        96	80000160	013fa333	slt	x6,x31,x19	 x31:0xae159f92 x19:0x80000000  x6=0x00000000
         985000	        97	80000164	41640933	sub	x18,x8,x22	  x8:0xf39d20ca x22:0x80009f84 x18=0x739c8146
         995000	        98	80000168	00009313	slli	x6,x1,0x0	  x1:0x07758a6a  x6=0x07758a6a
        1005000	        99	8000016c	2df0b893	sltiu	x17,x1,735	  x1:0x07758a6a x17=0x00000000
        1015000	       100	80000170	fa3a7ee3	bgeu	x20,x3,8000012c	 x20:0x00000001  x3:0x00000005
        1025000	       101	80000174	55434793	xori	x15,x6,1364	  x6:0x07758a6a x15=0x07758f3e
        1035000	       102	80000178	ff900193	addi	x3,x0,-7	  x0:0x00000000  x3=0xfffffff9
        1045000	       103	8000017c	015f4033	xor	x0,x30,x21	 x30:0x7ffffffe x21:0x00000001
        1055000	       104	80000180	fef00893	addi	x17,x0,-17	  x0:0x00000000 x17=0xffffffef
        1065000	       105	80000184	004ea733	slt	x14,x29,x4	 x29:0x7ffff958  x4:0x80009fc4 x14=0x00000000
        1075000	       106	80000188	0129ccb3	xor	x25,x19,x18	 x19:0x80000000 x18:0x739c8146 x25=0xf39c8146
        1085000	       107	8000018c	009416b3	sll	x13,x8,x9	  x8:0xf39d20ca  x9:0x00000000 x13=0xf39d20ca
        1095000	       108	80000190	bc124e93	xori	x29,x4,-1087	  x4:0x80009fc4 x29=0x7fff6405
        1105000	       109	80000194	b6227813	andi	x16,x4,-1182	  x4:0x80009fc4 x16=0x80009b40
        1115000	       110	80000198	0131f6b3	and	x13,x3,x19	  x3:0xfffffff9 x19:0x80000000 x13=0x80000000
        1125000	       111	8000019c	ffb18193	addi	x3,x3,-5	  x3:0xfffffff9  x3=0xfffffff4
        1135000	       112	800001a0	40075913	srai	x18,x14,0x0	 x14:0x00000000 x18=0x00000000
        1145000	       113	800001a4	f86c2493	slti	x9,x24,-122	 x24:0x00000000  x9=0x00000000
        1155000	       114	800001a8	ff600393	addi	x7,x0,-10	  x0:0x00000000  x7=0xfffffff6
        1165000	       115	800001ac	00641db3	sll	x27,x8,x6	  x8:0xf39d20ca  x6:0x07758a6a x27=0x74832800
        1175000	       116	800001b0	00500513	addi	x10,x0,5	  x0:0x00000000 x10=0x00000005
        1185000	       117	800001b4	7480f013	andi	x0,x1,1864	  x1:0x07758a6a
        1195000	       118	800001b8	00697fb3	and	x31,x18,x6	 x18:0x00000000  x6:0x07758a6a x31=0x00000000
        1205000	       119	800001bc	ab050d93	addi	x27,x10,-1360	 x10:0x00000005 x27=0xfffffab5
        1215000	       120	800001c0	285ef813	andi	x16,x29,645	 x29:0x7fff6405 x16=0x00000005
        1225000	       121	800001c4	00638393	addi	x7,x7,6	  x7:0xfffffff6  x7=0xfffffffc
        1235000	       122	800001c8	128cb593	sltiu	x11,x25,296	 x25:0xf39c8146 x11=0x00000000
        1245000	       123	800001cc	fea3e4e3	bltu	x7,x10,800001b4	  x7:0xfffffffc x10:0x00000005
        1255000	       124	800001d0	0155f833	and	x16,x11,x21	 x11:0x00000000 x21:0x00000001 x16=0x00000000
        1265000	       125	800001d4	417184b3	sub	x9,x3,x23	  x3:0xfffffff4 x23:0x0000000f  x9=0xffffffe5
        1275000	       126	800001d8	110b4613	xori	x12,x22,272	 x22:0x80009f84 x12=0x80009e94
        1285000	       127	800001dc	41135a33	sra	x20,x6,x17	  x6:0x07758a6a x17:0xffffffef x20=0x00000eeb
        1295000	       128	800001e0	01b9f4b3	and	x9,x19,x27	 x19:0x80000000 x27:0xfffffab5  x9=0x80000000
        1305000	       129	800001e4	010a5633	srl	x12,x20,x16	 x20:0x00000eeb x16:0x00000000 x12=0x00000eeb
        1315000	       130	800001e8	1a45e413	ori	x8,x11,420	 x11:0x00000000  x8=0x000001a4
        1325000	       131	800001ec	fb1186e3	beq	x3,x17,80000198	  x3:0xfffffff4 x17:0xffffffef
        1335000	       132	800001f0	00f3d033	srl	x0,x7,x15	  x7:0xfffffffc x15:0x07758f3e
        1345000	       133	800001f4	00300513	addi	x10,x0,3	  x0:0x00000000 x10=0x00000003
        1355000	       134	800001f8	fef00093	addi	x1,x0,-17	  x0:0x00000000  x1=0xffffffef
        1365000	       135	800001fc	58b43393	sltiu	x7,x8,1419	  x8:0x000001a4  x7=0x00000001
        1375000	       136	80000200	ffe50513	addi	x10,x10,-2	 x10:0x00000003 x10=0x00000001
        1385000	       137	80000204	00600793	addi	x15,x0,6	  x0:0x00000000 x15=0x00000006
        1395000	       138	80000208	ff200b93	addi	x23,x0,-14	  x0:0x00000000 x23=0xfffffff2
        1405000	       139	8000020c	01892e33	slt	x28,x18,x24	 x18:0x00000000 x24:0x00000000 x28=0x00000000
        1415000	       140	80000210	ffc78793	addi	x15,x15,-4	 x15:0x00000006 x15=0x00000002
        1425000	       141	80000214	ff778ce3	beq	x15,x23,8000020c	 x15:0x00000002 x23:0xfffffff2
        1435000	       142	80000218	fe1552e3	bge	x10,x1,800001fc	 x10:0x00000001  x1:0xffffffef
        1445000	       143	00000000	00000013	addi	x0,x0,0	  x0:0x00000000
        1455000	       144	800001f8	00000013	addi	x0,x0,0	  x0:0x00000000
        1465000	       145	800001fc	58b43393	sltiu	x7,x8,1419	  x8:0x000001a4  x7=0x00000001
        1475000	       146	80000200	ffe50513	addi	x10,x10,-2	 x10:0x00000001 x10=0xffffffff
        1485000	       147	80000204	00600793	addi	x15,x0,6	  x0:0x00000000 x15=0x00000006
        1495000	       148	80000208	ff200b93	addi	x23,x0,-14	  x0:0x00000000 x23=0xfffffff2
        1505000	       149	8000020c	01892e33	slt	x28,x18,x24	 x18:0x00000000 x24:0x00000000 x28=0x00000000
        1515000	       150	80000210	ffc78793	addi	x15,x15,-4	 x15:0x00000006 x15=0x00000002
        1525000	       151	80000214	ff778ce3	beq	x15,x23,8000020c	 x15:0x00000002 x23:0xfffffff2
        1535000	       152	80000218	fe1552e3	bge	x10,x1,800001fc	 x10:0xffffffff  x1:0xffffffef
        1545000	       153	00000000	00000013	addi	x0,x0,0	  x0:0x00000000
        1555000	       154	800001f8	00000013	addi	x0,x0,0	  x0:0x00000000
        1565000	       155	800001fc	58b43393	sltiu	x7,x8,1419	  x8:0x000001a4  x7=0x00000001
        1575000	       156	80000200	ffe50513	addi	x10,x10,-2	 x10:0xffffffff x10=0xfffffffd
        1585000	       157	80000204	00600793	addi	x15,x0,6	  x0:0x00000000 x15=0x00000006
        1595000	       158	80000208	ff200b93	addi	x23,x0,-14	  x0:0x00000000 x23=0xfffffff2
        1605000	       159	8000020c	01892e33	slt	x28,x18,x24	 x18:0x00000000 x24:0x00000000 x28=0x00000000
        1615000	       160	80000210	ffc78793	addi	x15,x15,-4	 x15:0x00000006 x15=0x00000002
        1625000	       161	80000214	ff778ce3	beq	x15,x23,8000020c	 x15:0x00000002 x23:0xfffffff2
        1635000	       162	80000218	fe1552e3	bge	x10,x1,800001fc	 x10:0xfffffffd  x1:0xffffffef
        1645000	       163	00000000	00000013	addi	x0,x0,0	  x0:0x00000000
        1655000	       164	800001f8	00000013	addi	x0,x0,0	  x0:0x00000000
        1665000	       165	800001fc	58b43393	sltiu	x7,x8,1419	  x8:0x000001a4  x7=0x00000001
        1675000	       166	80000200	ffe50513	addi	x10,x10,-2	 x10:0xfffffffd x10=0xfffffffb
        1685000	       167	80000204	00600793	addi	x15,x0,6	  x0:0x00000000 x15=0x00000006
        1695000	       168	80000208	ff200b93	addi	x23,x0,-14	  x0:0x00000000 x23=0xfffffff2
        1705000	       169	8000020c	01892e33	slt	x28,x18,x24	 x18:0x00000000 x24:0x00000000 x28=0x00000000
        1715000	       170	80000210	ffc78793	addi	x15,x15,-4	 x15:0x00000006 x15=0x00000002
        1725000	       171	80000214	ff778ce3	beq	x15,x23,8000020c	 x15:0x00000002 x23:0xfffffff2
        1735000	       172	80000218	fe1552e3	bge	x10,x1,800001fc	 x10:0xfffffffb  x1:0xffffffef
        1745000	       173	00000000	00000013	addi	x0,x0,0	  x0:0x00000000
        1755000	       174	800001f8	00000013	addi	x0,x0,0	  x0:0x00000000
        1765000	       175	800001fc	58b43393	sltiu	x7,x8,1419	  x8:0x000001a4  x7=0x00000001
        1775000	       176	80000200	ffe50513	addi	x10,x10,-2	 x10:0xfffffffb x10=0xfffffff9
        1785000	       177	80000204	00600793	addi	x15,x0,6	  x0:0x00000000 x15=0x00000006
        1795000	       178	80000208	ff200b93	addi	x23,x0,-14	  x0:0x00000000 x23=0xfffffff2
        1805000	       179	8000020c	01892e33	slt	x28,x18,x24	 x18:0x00000000 x24:0x00000000 x28=0x00000000
        1815000	       180	80000210	ffc78793	addi	x15,x15,-4	 x15:0x00000006 x15=0x00000002
        1825000	       181	80000214	ff778ce3	beq	x15,x23,8000020c	 x15:0x00000002 x23:0xfffffff2
        1835000	       182	80000218	fe1552e3	bge	x10,x1,800001fc	 x10:0xfffffff9  x1:0xffffffef
        1845000	       183	00000000	00000013	addi	x0,x0,0	  x0:0x00000000
        1855000	       184	800001f8	00000013	addi	x0,x0,0	  x0:0x00000000
        1865000	       185	800001fc	58b43393	sltiu	x7,x8,1419	  x8:0x000001a4  x7=0x00000001
        1875000	       186	80000200	ffe50513	addi	x10,x10,-2	 x10:0xfffffff9 x10=0xfffffff7
        1885000	       187	80000204	00600793	addi	x15,x0,6	  x0:0x00000000 x15=0x00000006
        1895000	       188	80000208	ff200b93	addi	x23,x0,-14	  x0:0x00000000 x23=0xfffffff2
        1905000	       189	8000020c	01892e33	slt	x28,x18,x24	 x18:0x00000000 x24:0x00000000 x28=0x00000000
        1915000	       190	80000210	ffc78793	addi	x15,x15,-4	 x15:0x00000006 x15=0x00000002
        1925000	       191	80000214	ff778ce3	beq	x15,x23,8000020c	 x15:0x00000002 x23:0xfffffff2
        1935000	       192	80000218	fe1552e3	bge	x10,x1,800001fc	 x10:0xfffffff7  x1:0xffffffef
        1945000	       193	00000000	00000013	addi	x0,x0,0	  x0:0x00000000
        1955000	       194	800001f8	00000013	addi	x0,x0,0	  x0:0x00000000
        1965000	       195	800001fc	58b43393	sltiu	x7,x8,1419	  x8:0x000001a4  x7=0x00000001
        1975000	       196	80000200	ffe50513	addi	x10,x10,-2	 x10:0xfffffff7 x10=0xfffffff5
        1985000	       197	80000204	00600793	addi	x15,x0,6	  x0:0x00000000 x15=0x00000006
        1995000	       198	80000208	ff200b93	addi	x23,x0,-14	  x0:0x00000000 x23=0xfffffff2
        2005000	       199	8000020c	01892e33	slt	x28,x18,x24	 x18:0x00000000 x24:0x00000000 x28=0x00000000
        2015000	       200	80000210	ffc78793	addi	x15,x15,-4	 x15:0x00000006 x15=0x00000002
        2025000	       201	80000214	ff778ce3	beq	x15,x23,8000020c	 x15:0x00000002 x23:0xfffffff2
        2035000	       202	80000218	fe1552e3	bge	x10,x1,800001fc	 x10:0xfffffff5  x1:0xffffffef
        2045000	       203	00000000	00000013	addi	x0,x0,0	  x0:0x00000000
        2055000	       204	800001f8	00000013	addi	x0,x0,0	  x0:0x00000000
        2065000	       205	800001fc	58b43393	sltiu	x7,x8,1419	  x8:0x000001a4  x7=0x00000001
        2075000	       206	80000200	ffe50513	addi	x10,x10,-2	 x10:0xfffffff5 x10=0xfffffff3
        2085000	       207	80000204	00600793	addi	x15,x0,6	  x0:0x00000000 x15=0x00000006
        2095000	       208	80000208	ff200b93	addi	x23,x0,-14	  x0:0x00000000 x23=0xfffffff2
        2105000	       209	8000020c	01892e33	slt	x28,x18,x24	 x18:0x00000000 x24:0x00000000 x28=0x00000000
        2115000	       210	80000210	ffc78793	addi	x15,x15,-4	 x15:0x00000006 x15=0x00000002
        2125000	       211	80000214	ff778ce3	beq	x15,x23,8000020c	 x15:0x00000002 x23:0xfffffff2
        2135000	       212	80000218	fe1552e3	bge	x10,x1,800001fc	 x10:0xfffffff3  x1:0xffffffef
        2145000	       213	00000000	00000013	addi	x0,x0,0	  x0:0x00000000
        2155000	       214	800001f8	00000013	addi	x0,x0,0	  x0:0x00000000
        2165000	       215	800001fc	58b43393	sltiu	x7,x8,1419	  x8:0x000001a4  x7=0x00000001
        2175000	       216	80000200	ffe50513	addi	x10,x10,-2	 x10:0xfffffff3 x10=0xfffffff1
        2185000	       217	80000204	00600793	addi	x15,x0,6	  x0:0x00000000 x15=0x00000006
        2195000	       218	80000208	ff200b93	addi	x23,x0,-14	  x0:0x00000000 x23=0xfffffff2
        2205000	       219	8000020c	01892e33	slt	x28,x18,x24	 x18:0x00000000 x24:0x00000000 x28=0x00000000
        2215000	       220	80000210	ffc78793	addi	x15,x15,-4	 x15:0x00000006 x15=0x00000002
        2225000	       221	80000214	ff778ce3	beq	x15,x23,8000020c	 x15:0x00000002 x23:0xfffffff2
        2235000	       222	80000218	fe1552e3	bge	x10,x1,800001fc	 x10:0xfffffff1  x1:0xffffffef
        2245000	       223	00000000	00000013	addi	x0,x0,0	  x0:0x00000000
        2255000	       224	800001f8	00000013	addi	x0,x0,0	  x0:0x00000000
        2265000	       225	800001fc	58b43393	sltiu	x7,x8,1419	  x8:0x000001a4  x7=0x00000001
        2275000	       226	80000200	ffe50513	addi	x10,x10,-2	 x10:0xfffffff1 x10=0xffffffef
        2285000	       227	80000204	00600793	addi	x15,x0,6	  x0:0x00000000 x15=0x00000006
        2295000	       228	80000208	ff200b93	addi	x23,x0,-14	  x0:0x00000000 x23=0xfffffff2
        2305000	       229	8000020c	01892e33	slt	x28,x18,x24	 x18:0x00000000 x24:0x00000000 x28=0x00000000
        2315000	       230	80000210	ffc78793	addi	x15,x15,-4	 x15:0x00000006 x15=0x00000002
        2325000	       231	80000214	ff778ce3	beq	x15,x23,8000020c	 x15:0x00000002 x23:0xfffffff2
        2335000	       232	80000218	fe1552e3	bge	x10,x1,800001fc	 x10:0xffffffef  x1:0xffffffef
        2345000	       233	00000000	00000013	addi	x0,x0,0	  x0:0x00000000
        2355000	       234	800001f8	00000013	addi	x0,x0,0	  x0:0x00000000
        2365000	       235	800001fc	58b43393	sltiu	x7,x8,1419	  x8:0x000001a4  x7=0x00000001
        2375000	       236	80000200	ffe50513	addi	x10,x10,-2	 x10:0xffffffef x10=0xffffffed
        2385000	       237	80000204	00600793	addi	x15,x0,6	  x0:0x00000000 x15=0x00000006
        2395000	       238	80000208	ff200b93	addi	x23,x0,-14	  x0:0x00000000 x23=0xfffffff2
        2405000	       239	8000020c	01892e33	slt	x28,x18,x24	 x18:0x00000000 x24:0x00000000 x28=0x00000000
        2415000	       240	80000210	ffc78793	addi	x15,x15,-4	 x15:0x00000006 x15=0x00000002
        2425000	       241	80000214	ff778ce3	beq	x15,x23,8000020c	 x15:0x00000002 x23:0xfffffff2
        2435000	       242	80000218	fe1552e3	bge	x10,x1,800001fc	 x10:0xffffffed  x1:0xffffffef
        2445000	       243	8000021c	0093fcb3	and	x25,x7,x9	  x7:0x00000001  x9:0x80000000 x25=0x00000000
        2455000	       244	80000220	00e1f293	andi	x5,x3,14	  x3:0xfffffff4  x5=0x00000004
        2465000	       245	80000224	b9303a93	sltiu	x21,x0,-1133	  x0:0x00000000 x21=0x00000001
        2475000	       246	80000228	01012bb3	slt	x23,x2,x16	  x2:0x00000000 x16:0x00000000 x23=0x00000000
        2485000	       247	8000022c	03fc6c63	bltu	x24,x31,80000264	 x24:0x00000000 x31:0x00000000
        2495000	       248	80000230	402309b3	sub	x19,x6,x2	  x6:0x07758a6a  x2:0x00000000 x19=0x07758a6a
        2505000	       249	80000234	007d2133	slt	x2,x26,x7	 x26:0x00000002  x7:0x00000001  x2=0x00000000
        2515000	       250	80000238	00b81bb3	sll	x23,x16,x11	 x16:0x00000000 x11:0x00000000 x23=0x00000000
        2525000	       251	8000023c	02d3ea63	bltu	x7,x13,80000270	  x7:0x00000001 x13:0x80000000
        2535000	       252	00000000	00000013	addi	x0,x0,0	  x0:0x00000000
        2545000	       253	8000026c	00000013	addi	x0,x0,0	  x0:0x00000000
        2555000	       254	80000270	418d08b3	sub	x17,x26,x24	 x26:0x00000002 x24:0x00000000 x17=0x00000002
        2565000	       255	80000274	03827863	bgeu	x4,x24,800002a4	  x4:0x80009fc4 x24:0x00000000
        2575000	       256	00000000	00000013	addi	x0,x0,0	  x0:0x00000000
        2585000	       257	800002a0	00000013	addi	x0,x0,0	  x0:0x00000000
        2595000	       258	800002a4	017ee663	bltu	x29,x23,800002b0	 x29:0x7fff6405 x23:0x00000000
        2605000	       259	800002a8	00000013	addi	x0,x0,0	  x0:0x00000000
        2615000	       260	800002ac	23580993	addi	x19,x16,565	 x16:0x00000000 x19=0x00000235
        2625000	       261	800002b0	2b051597	auipc	x11,0x2b051	 x11=0xab0512ac
        2635000	       262	800002b4	be0cdcb7	lui	x25,0xbe0cd	 x25=0xbe0cd000
        2645000	       263	800002b8	00a8efb3	or	x31,x17,x10	 x17:0x00000002 x10:0xffffffed x31=0xffffffef
        2655000	       264	800002bc	00e5d533	srl	x10,x11,x14	 x11:0xab0512ac x14:0x00000000 x10=0xab0512ac
        2665000	       265	800002c0	023ae463	bltu	x21,x3,800002e8	 x21:0x00000001  x3:0xfffffff4
        2675000	       266	00000000	00000013	addi	x0,x0,0	  x0:0x00000000
        2685000	       267	800002e4	00000013	addi	x0,x0,0	  x0:0x00000000
        2695000	       268	800002e8	ad577793	andi	x15,x14,-1323	 x14:0x00000000 x15=0x00000000
        2705000	       269	800002ec	0029e9b3	or	x19,x19,x2	 x19:0x00000235  x2:0x00000000 x19=0x00000235
        2715000	       270	800002f0	00ffce33	xor	x28,x31,x15	 x31:0xffffffef x15:0x00000000 x28=0xffffffef
        2725000	       271	800002f4	a3088837	lui	x16,0xa3088	 x16=0xa3088000
        2735000	       272	800002f8	0ba7e663	bltu	x15,x26,800003a4	 x15:0x00000000 x26:0x00000002
        2745000	       273	00000000	00000013	addi	x0,x0,0	  x0:0x00000000
        2755000	       274	800003a0	00000013	addi	x0,x0,0	  x0:0x00000000
        2765000	       275	800003a4	41585113	srai	x2,x16,0x15	 x16:0xa3088000  x2=0xfffffd18
        2775000	       276	800003a8	289aa397	auipc	x7,0x289aa	  x7=0xa89aa3a4
        2785000	       277	800003ac	03926f37	lui	x30,0x3926	 x30=0x03926000
        2795000	       278	800003b0	40cfd013	srai	x0,x31,0xc	 x31:0xffffffef
        2805000	       279	800003b4	01b55613	srli	x12,x10,0x1b	 x10:0xab0512ac x12=0x00000015
        2815000	       280	800003b8	004537b3	sltu	x15,x10,x4	 x10:0xab0512ac  x4:0x80009fc4 x15=0x00000000
        2825000	       281	800003bc	b7137293	andi	x5,x6,-1167	  x6:0x07758a6a  x5=0x07758a60
        2835000	       282	800003c0	06b46863	bltu	x8,x11,80000430	  x8:0x000001a4 x11:0xab0512ac
        2845000	       283	00000000	00000013	addi	x0,x0,0	  x0:0x00000000
        2855000	       284	8000042c	00000013	addi	x0,x0,0	  x0:0x00000000
        2865000	       285	80000430	e73ae593	ori	x11,x21,-397	 x21:0x00000001 x11=0xfffffe73
        2875000	       286	80000434	3fd3f393	andi	x7,x7,1021	  x7:0xa89aa3a4  x7=0x000003a4
        2885000	       287	80000438	34739c17	auipc	x24,0x34739	 x24=0xb4739434
        2895000	       288	8000043c	007c2bb3	slt	x23,x24,x7	 x24:0xb4739434  x7:0x000003a4 x23=0x00000001
        2905000	       289	80000440	403f84b3	sub	x9,x31,x3	 x31:0xffffffef  x3:0xfffffff4  x9=0xfffffffb
        2915000	       290	80000444	a2e6c013	xori	x0,x13,-1490	 x13:0x80000000
        2925000	       291	80000448	41975f13	srai	x30,x14,0x19	 x14:0x00000000 x30=0x00000000
        2935000	       292	8000044c	002e38b3	sltu	x17,x28,x2	 x28:0xffffffef  x2:0xfffffd18 x17=0x00000000
        2945000	       293	80000450	068ec063	blt	x29,x8,800004b0	 x29:0x7fff6405  x8:0x000001a4
        2955000	       294	80000454	01b4de13	srli	x28,x9,0x1b	  x9:0xfffffffb x28=0x0000001f
        2965000	       295	80000458	905bd917	auipc	x18,0x905bd	 x18=0x105bd454
        2975000	       296	8000045c	07959063	bne	x11,x25,800004bc	 x11:0xfffffe73 x25:0xbe0cd000
        2985000	       297	00000000	00000013	addi	x0,x0,0	  x0:0x00000000
        2995000	       298	800004b8	00000013	addi	x0,x0,0	  x0:0x00000000
        3005000	       299	800004bc	40e48533	sub	x10,x9,x14	  x9:0xfffffffb x14:0x00000000 x10=0xfffffffb
        3015000	       300	800004c0	036e8463	beq	x29,x22,800004e8	 x29:0x7fff6405 x22:0x80009f84
        3025000	       301	800004c4	4116da13	srai	x20,x13,0x11	 x13:0x80000000 x20=0xffffc000
        3035000	       302	800004c8	03c71c63	bne	x14,x28,80000500	 x14:0x00000000 x28:0x0000001f
        3045000	       303	00000000	00000013	addi	x0,x0,0	  x0:0x00000000
        3055000	       304	800004fc	00000013	addi	x0,x0,0	  x0:0x00000000
        3065000	       305	80000500	2a0ae313	ori	x6,x21,672	 x21:0x00000001  x6=0x000002a1
        3075000	       306	80000504	00000013	addi	x0,x0,0	  x0:0x00000000
        3085000	       307	80000508	05f77063	bgeu	x14,x31,80000548	 x14:0x00000000 x31:0xffffffef
        3095000	       308	8000050c	00dbeab3	or	x21,x23,x13	 x23:0x00000001 x13:0x80000000 x21=0x80000001
        3105000	       309	80000510	05461263	bne	x12,x20,80000554	 x12:0x00000015 x20:0xffffc000
        3115000	       310	00000000	00000013	addi	x0,x0,0	  x0:0x00000000
        3125000	       311	80000550	00000013	addi	x0,x0,0	  x0:0x00000000
        3135000	       312	80000554	8fcae313	ori	x6,x21,-1796	 x21:0x80000001  x6=0xfffff8fd
        3145000	       313	80000558	03ce1863	bne	x28,x28,80000588	 x28:0x0000001f x28:0x0000001f
        3155000	       314	8000055c	01bb8663	beq	x23,x27,80000568	 x23:0x00000001 x27:0xfffffab5
        3165000	       315	80000560	01b79193	slli	x3,x15,0x1b	 x15:0x00000000  x3=0x00000000
        3175000	       316	80000564	b7090e97	auipc	x29,0xb7090	 x29=0x37090560
        3185000	       317	80000568	0377c463	blt	x15,x23,80000590	 x15:0x00000000 x23:0x00000001
        3195000	       318	00000000	00000013	addi	x0,x0,0	  x0:0x00000000
        3205000	       319	8000058c	00000013	addi	x0,x0,0	  x0:0x00000000
        3215000	       320	80000590	0344f463	bgeu	x9,x20,800005b8	  x9:0xfffffffb x20:0xffffc000
        3225000	       321	00000000	00000013	addi	x0,x0,0	  x0:0x00000000
        3235000	       322	800005b4	00000013	addi	x0,x0,0	  x0:0x00000000
        3245000	       323	800005b8	76132793	slti	x15,x6,1889	  x6:0xfffff8fd x15=0x00000001
        3255000	       324	800005bc	005085b3	add	x11,x1,x5	  x1:0xffffffef  x5:0x07758a60 x11=0x07758a4f
        3265000	       325	800005c0	69fcfa93	andi	x21,x25,1695	 x25:0xbe0cd000 x21=0x00000000
        3275000	       326	800005c4	406bd733	sra	x14,x23,x6	 x23:0x00000001  x6:0xfffff8fd x14=0x00000000
        3285000	       327	800005c8	00000013	addi	x0,x0,0	  x0:0x00000000
        3295000	       328	800005cc	02d60463	beq	x12,x13,800005f4	 x12:0x00000015 x13:0x80000000
        3305000	       329	800005d0	0487e663	bltu	x15,x8,8000061c	 x15:0x00000001  x8:0x000001a4
        3315000	       330	00000000	00000013	addi	x0,x0,0	  x0:0x00000000
        3325000	       331	80000618	00000013	addi	x0,x0,0	  x0:0x00000000
        3335000	       332	8000061c	63b5b993	sltiu	x19,x11,1595	 x11:0x07758a4f x19=0x00000000
        3345000	       333	80000620	01e17933	and	x18,x2,x30	  x2:0xfffffd18 x30:0x00000000 x18=0x00000000
        3355000	       334	80000624	79d8e697	auipc	x13,0x79d8e	 x13=0xf9d8e620
        3365000	       335	80000628	00b707b3	add	x15,x14,x11	 x14:0x00000000 x11:0x07758a4f x15=0x07758a4f
        3375000	       336	8000062c	0151c133	xor	x2,x3,x21	  x3:0x00000000 x21:0x00000000  x2=0x00000000
        3385000	       337	80000630	41e78cb3	sub	x25,x15,x30	 x15:0x07758a4f x30:0x00000000 x25=0x07758a4f
        3395000	       338	80000634	0182f033	and	x0,x5,x24	  x5:0x07758a60 x24:0xb4739434
        3405000	       339	80000638	40da0713	addi	x14,x20,1037	 x20:0xffffc000 x14=0xffffc40d
        3415000	       340	8000063c	009cde93	srli	x29,x25,0x9	 x25:0x07758a4f x29=0x0003bac5
        3425000	       341	80000640	01e39013	slli	x0,x7,0x1e	  x7:0x000003a4
        3435000	       342	80000644	40b3df13	srai	x30,x7,0xb	  x7:0x000003a4 x30=0x00000000
        3445000	       343	80000648	0312dc63	bge	x5,x17,80000680	  x5:0x07758a60 x17:0x00000000
        3455000	       344	00000000	00000013	addi	x0,x0,0	  x0:0x00000000
        3465000	       345	8000067c	00000013	addi	x0,x0,0	  x0:0x00000000
        3475000	       346	80000680	00a034b3	sltu	x9,x0,x10	  x0:0x00000000 x10:0xfffffffb  x9=0x00000001
        3485000	       347	80000684	017aae33	slt	x28,x21,x23	 x21:0x00000000 x23:0x00000001 x28=0x00000001
        3495000	       348	80000688	007c1513	slli	x10,x24,0x7	 x24:0xb4739434 x10=0x39ca1a00
        3505000	       349	8000068c	01a221b3	slt	x3,x4,x26	  x4:0x80009fc4 x26:0x00000002  x3=0x00000001
        3515000	       350	80000690	036de463	bltu	x27,x22,800006b8	 x27:0xfffffab5 x22:0x80009f84
        3525000	       351	80000694	a2f3cf13	xori	x30,x7,-1489	  x7:0x000003a4 x30=0xfffff98b
        3535000	       352	80000698	61026013	ori	x0,x4,1552	  x4:0x80009fc4
        3545000	       353	8000069c	01690033	add	x0,x18,x22	 x18:0x00000000 x22:0x80009f84
        3555000	       354	800006a0	4095d8b3	sra	x17,x11,x9	 x11:0x07758a4f  x9:0x00000001 x17=0x03bac527
        3565000	       355	800006a4	015c5513	srli	x10,x24,0x15	 x24:0xb4739434 x10=0x000005a3
        3575000	       356	800006a8	020b4663	blt	x22,x0,800006d4	 x22:0x80009f84  x0:0x00000000
        3585000	       357	00000000	00000013	addi	x0,x0,0	  x0:0x00000000
        3595000	       358	800006d0	00000013	addi	x0,x0,0	  x0:0x00000000
        3605000	       359	800006d4	002ae6b3	or	x13,x21,x2	 x21:0x00000000  x2:0x00000000 x13=0x00000000
        3615000	       360	800006d8	03114e63	blt	x2,x17,80000714	  x2:0x00000000 x17:0x03bac527
        3625000	       361	00000000	00000013	addi	x0,x0,0	  x0:0x00000000
        3635000	       362	80000710	00000013	addi	x0,x0,0	  x0:0x00000000
        3645000	       363	80000714	000637b3	sltu	x15,x12,x0	 x12:0x00000015  x0:0x00000000 x15=0x00000000
        3655000	       364	80000718	88c14c13	xori	x24,x2,-1908	  x2:0x00000000 x24=0xfffff88c
        3665000	       365	8000071c	006570b3	and	x1,x10,x6	 x10:0x000005a3  x6:0xfffff8fd  x1=0x000000a1
        3675000	       366	80000720	48176393	ori	x7,x14,1153	 x14:0xffffc40d  x7=0xffffc48d
        3685000	       367	80000724	003cf663	bgeu	x25,x3,80000730	 x25:0x07758a4f  x3:0x00000001
        3695000	       368	00000000	00000013	addi	x0,x0,0	  x0:0x00000000
        3705000	       369	8000072c	00000013	addi	x0,x0,0	  x0:0x00000000
        3715000	       370	80000730	021b9463	bne	x23,x1,80000758	 x23:0x00000001  x1:0x000000a1
        3725000	       371	00000000	00000013	addi	x0,x0,0	  x0:0x00000000
        3735000	       372	80000754	00000013	addi	x0,x0,0	  x0:0x00000000
        3745000	       373	80000758	00650463	beq	x10,x6,80000760	 x10:0x000005a3  x6:0xfffff8fd
        3755000	       374	8000075c	00000013	addi	x0,x0,0	  x0:0x00000000
        3765000	       375	80000760	01118463	beq	x3,x17,80000768	  x3:0x00000001 x17:0x03bac527
        3775000	       376	80000764	013f1263	bne	x30,x19,80000768	 x30:0xfffff98b x19:0x00000000
        3785000	       377	00000000	00000013	addi	x0,x0,0	  x0:0x00000000
        3795000	       378	80000764	00000013	addi	x0,x0,0	  x0:0x00000000
        3805000	       379	80000768	9552ce93	xori	x29,x5,-1707	  x5:0x07758a60 x29=0xf88a7335
        3815000	       380	8000076c	00000d17	auipc	x26,0x0	 x26=0x80000768
        3825000	       381	80000770	00cd0d13	addi	x26,x26,12	 x26:0x80000768 x26=0x80000774
        3835000	       382	80000774	000d0067	jalr	x0,x26,0	 x26:0x80000774
        3845000	       383	00000000	00000013	addi	x0,x0,0	  x0:0x00000000
        3855000	       384	80000774	00000013	addi	x0,x0,0	  x0:0x00000000
        3865000	       385	80000778	00100193	addi	x3,x0,1	  x0:0x00000000  x3=0x00000001
        3875000	       386	8000077c	00000073	ecall	
        3885000	       387	80000780	fc8b0b13	addi	x22,x22,-56	 x22:0x80009f84 x22=0x80009f4c
