		Time			Cycle	PC		Insn	Decoded instruction	Register and memory contents
          65000	         5	80000004	00000293	addi	x5,x0,0	  x0:0x00000000  x5=0x00000000
          75000	         6	80000008	00000313	addi	x6,x0,0	  x0:0x00000000  x6=0x00000000
          85000	         7	8000000c	00628263	beq	x5,x6,80000010	  x5:0x00000000  x6:0x00000000
          95000	         8	00000000	00000013	addi	x0,x0,0	  x0:0x00000000
         105000	         9	8000000c	00000013	addi	x0,x0,0	  x0:0x00000000
         115000	        10	80000010	00000097	auipc	x1,0x0	  x1=0x8000000c
         125000	        11	80000014	00c08093	addi	x1,x1,12	  x1:0x8000000c  x1=0x80000018
         135000	        12	80000018	00008067	jalr	x0,x1,0	  x1:0x80000018
         145000	        13	00000000	00000013	addi	x0,x0,0	  x0:0x00000000
         155000	        14	80000018	00000013	addi	x0,x0,0	  x0:0x00000000
         165000	        15	8000001c	400007b7	lui	x15,0x40000	 x15=0x40000000
         175000	        16	80000020	10078793	addi	x15,x15,256	 x15:0x40000000 x15=0x40000100
         185000	        17	80000024	00000013	addi	x0,x0,0	  x0:0x00000000
         195000	        18	80000028	0000a417	auipc	x8,0xa	  x8=0x8000a024
         205000	        19	8000002c	fa040413	addi	x8,x8,-96	  x8:0x8000a024  x8=0x80009fc4
         215000	        20	80000030	00003797	auipc	x15,0x3	 x15=0x8000302c
         225000	        21	80000034	f2878793	addi	x15,x15,-216	 x15:0x8000302c x15=0x80002f54
         235000	        22	80000038	0007e793	ori	x15,x15,0	 x15:0x80002f54 x15=0x80002f54
         245000	        23	8000003c	00000013	addi	x0,x0,0	  x0:0x00000000
         255000	        24	80000040	00000797	auipc	x15,0x0	 x15=0x8000003c
         265000	        25	80000044	02078793	addi	x15,x15,32	 x15:0x8000003c x15=0x8000005c
         275000	        26	80000048	00000013	addi	x0,x0,0	  x0:0x00000000
         285000	        27	8000004c	00000013	addi	x0,x0,0	  x0:0x00000000
         295000	        28	80000050	000027b7	lui	x15,0x2	 x15=0x00002000
         305000	        29	80000054	80078793	addi	x15,x15,-2048	 x15:0x00002000 x15=0x00001800
         315000	        30	80000058	00000013	addi	x0,x0,0	  x0:0x00000000
         325000	        31	8000005c	00000013	addi	x0,x0,0	  x0:0x00000000
         335000	        32	80000060	00000013	addi	x0,x0,0	  x0:0x00000000
         345000	        33	80000064	fefe20b7	lui	x1,0xfefe2	  x1=0xfefe2000
         355000	        34	80000068	71d08093	addi	x1,x1,1821	  x1:0xfefe2000  x1=0xfefe271d
         365000	        35	8000006c	80000137	lui	x2,0x80000	  x2=0x80000000
         375000	        36	80000070	800001b7	lui	x3,0x80000	  x3=0x80000000
         385000	        37	80000074	00b00213	addi	x4,x0,11	  x0:0x00000000  x4=0x0000000b
         395000	        38	80000078	00000293	addi	x5,x0,0	  x0:0x00000000  x5=0x00000000
         405000	        39	8000007c	ca3dc337	lui	x6,0xca3dc	  x6=0xca3dc000
         415000	        40	80000080	84f30313	addi	x6,x6,-1969	  x6:0xca3dc000  x6=0xca3db84f
         425000	        41	80000084	00c00393	addi	x7,x0,12	  x0:0x00000000  x7=0x0000000c
         435000	        42	80000088	00e00493	addi	x9,x0,14	  x0:0x00000000  x9=0x0000000e
         445000	        43	8000008c	f5541537	lui	x10,0xf5541	 x10=0xf5541000
         455000	        44	80000090	2de50513	addi	x10,x10,734	 x10:0xf5541000 x10=0xf55412de
         465000	        45	80000094	f79ce5b7	lui	x11,0xf79ce	 x11=0xf79ce000
         475000	        46	80000098	75d58593	addi	x11,x11,1885	 x11:0xf79ce000 x11=0xf79ce75d
         485000	        47	8000009c	80000637	lui	x12,0x80000	 x12=0x80000000
         495000	        48	800000a0	f01866b7	lui	x13,0xf0186	 x13=0xf0186000
         505000	        49	800000a4	44b68693	addi	x13,x13,1099	 x13:0xf0186000 x13=0xf018644b
         515000	        50	800000a8	00800713	addi	x14,x0,8	  x0:0x00000000 x14=0x00000008
         525000	        51	800000ac	f84527b7	lui	x15,0xf8452	 x15=0xf8452000
         535000	        52	800000b0	ec178793	addi	x15,x15,-319	 x15:0xf8452000 x15=0xf8451ec1
         545000	        53	800000b4	00000893	addi	x17,x0,0	  x0:0x00000000 x17=0x00000000
         555000	        54	800000b8	fd513937	lui	x18,0xfd513	 x18=0xfd513000
         565000	        55	800000bc	a7290913	addi	x18,x18,-1422	 x18:0xfd513000 x18=0xfd512a72
         575000	        56	800000c0	3b2a99b7	lui	x19,0x3b2a9	 x19=0x3b2a9000
         585000	        57	800000c4	1f798993	addi	x19,x19,503	 x19:0x3b2a9000 x19=0x3b2a91f7
         595000	        58	800000c8	38d72a37	lui	x20,0x38d72	 x20=0x38d72000
         605000	        59	800000cc	763a0a13	addi	x20,x20,1891	 x20:0x38d72000 x20=0x38d72763
         615000	        60	800000d0	00800a93	addi	x21,x0,8	  x0:0x00000000 x21=0x00000008
         625000	        61	800000d4	80000b37	lui	x22,0x80000	 x22=0x80000000
         635000	        62	800000d8	d8c50bb7	lui	x23,0xd8c50	 x23=0xd8c50000
         645000	        63	800000dc	287b8b93	addi	x23,x23,647	 x23:0xd8c50000 x23=0xd8c50287
         655000	        64	800000e0	00000c13	addi	x24,x0,0	  x0:0x00000000 x24=0x00000000
         665000	        65	800000e4	80000cb7	lui	x25,0x80000	 x25=0x80000000
         675000	        66	800000e8	80000d37	lui	x26,0x80000	 x26=0x80000000
         685000	        67	800000ec	b2184db7	lui	x27,0xb2184	 x27=0xb2184000
         695000	        68	800000f0	682d8d93	addi	x27,x27,1666	 x27:0xb2184000 x27=0xb2184682
         705000	        69	800000f4	fb1dce37	lui	x28,0xfb1dc	 x28=0xfb1dc000
         715000	        70	800000f8	394e0e13	addi	x28,x28,916	 x28:0xfb1dc000 x28=0xfb1dc394
         725000	        71	800000fc	c41e6eb7	lui	x29,0xc41e6	 x29=0xc41e6000
         735000	        72	80000100	ef5e8e93	addi	x29,x29,-267	 x29:0xc41e6000 x29=0xc41e5ef5
         745000	        73	80000104	fab6af37	lui	x30,0xfab6a	 x30=0xfab6a000
         755000	        74	80000108	241f0f13	addi	x30,x30,577	 x30:0xfab6a000 x30=0xfab6a241
         765000	        75	8000010c	00000f93	addi	x31,x0,0	  x0:0x00000000 x31=0x00000000
         775000	        76	80000110	0000a817	auipc	x16,0xa	 x16=0x8000a10c
         785000	        77	80000114	e7880813	addi	x16,x16,-392	 x16:0x8000a10c x16=0x80009f84
         795000	        78	80000118	1948c917	auipc	x18,0x1948c	 x18=0x9948c114
         805000	        79	8000011c	9fea2497	auipc	x9,0x9fea2	  x9=0x1fea2118
         815000	        80	80000120	010c7533	and	x10,x24,x16	 x24:0x00000000 x16:0x80009f84 x10=0x00000000
         825000	        81	80000124	c0668613	addi	x12,x13,-1018	 x13:0xf018644b x12=0xf0186051
         835000	        82	80000128	01ac8933	add	x18,x25,x26	 x25:0x80000000 x26:0x80000000 x18=0x00000000
         845000	        83	8000012c	00003e97	auipc	x29,0x3	 x29=0x80003128
         855000	        84	80000130	da4e8e93	addi	x29,x29,-604	 x29:0x80003128 x29=0x80002ecc
         865000	        85	80000134	e4ce8e93	addi	x29,x29,-436	 x29:0x80002ecc x29=0x80002d18
         875000	        86	80000138	00b71463	bne	x14,x11,80000140	 x14:0x00000008 x11:0xf79ce75d
         885000	        87	00000000	00000013	addi	x0,x0,0	  x0:0x00000000
         895000	        88	8000013c	00000013	addi	x0,x0,0	  x0:0x00000000
         905000	        89	80000140	1b5e8a67	jalr	x20,x29,437	 x29:0x80002d18 x20=0x80000140
         915000	        90	00000000	00000013	addi	x0,x0,0	  x0:0x00000000
         925000	        91	80002ecc	00000013	addi	x0,x0,0	  x0:0x00000000
         935000	        92	80002ed0	015f8463	beq	x31,x21,80002ed8	 x31:0x00000000 x21:0x00000008
         945000	        93	80002ed4	01421ab3	sll	x21,x4,x20	  x4:0x0000000b x20:0x80000140 x21=0x0000000b
         955000	        94	80002ed8	fe080813	addi	x16,x16,-32	 x16:0x80009f84 x16=0x80009f64
         965000	        95	80002edc	41cc5e13	srai	x28,x24,0x1c	 x24:0x00000000 x28=0x00000000
         975000	        96	80002ee0	40c68c33	sub	x24,x13,x12	 x13:0xf018644b x12:0xf0186051 x24=0x000003fa
         985000	        97	80002ee4	01da1293	slli	x5,x20,0x1d	 x20:0x80000140  x5=0x00000000
         995000	        98	80002ee8	01482223	sw	x20,4(x16)	 x16:0x80009f64 x20:0x80000140 PA:0x80009f68
        1005000	        99	80002eec	4166d313	srai	x6,x13,0x16	 x13:0xf018644b  x6=0xffffffc0
        1015000	       100	80002ef0	00671693	slli	x13,x14,0x6	 x14:0x00000008 x13=0x00000200
        1025000	       101	80002ef4	01924133	xor	x2,x4,x25	  x4:0x0000000b x25:0x80000000  x2=0x8000000b
        1035000	       102	80002ef8	00ac4863	blt	x24,x10,80002f08	 x24:0x000003fa x10:0x00000000
        1045000	       103	80002efc	10007d93	andi	x27,x0,256	  x0:0x00000000 x27=0x00000000
        1055000	       104	80002f00	01b4dc63	bge	x9,x27,80002f18	  x9:0x1fea2118 x27:0x00000000
        1065000	       105	00000000	00000013	addi	x0,x0,0	  x0:0x00000000
        1075000	       106	80002f14	00000013	addi	x0,x0,0	  x0:0x00000000
        1085000	       107	80002f18	ba88ba17	auipc	x20,0xba88b	 x20=0x3a88df14
        1095000	       108	80002f1c	19003bb7	lui	x23,0x19003	 x23=0x19003000
        1105000	       109	80002f20	00482a03	lw	x20,4(x16)	 x16:0x80009f64 x20=0x80000140 PA:0x80009f68
        1115000	       110	80002f24	40fc5133	sra	x2,x24,x15	 x24:0x000003fa x15:0xf8451ec1  x2=0x000001fd
        1125000	       111	80002f28	a47795b7	lui	x11,0xa4779	 x11=0xa4779000
        1135000	       112	80002f2c	7e61a913	slti	x18,x3,2022	  x3:0x80000000 x18=0x00000001
        1145000	       113	80002f30	00000013	addi	x0,x0,0	  x0:0x00000000
        1155000	       114	80002f34	02080813	addi	x16,x16,32	 x16:0x80009f64 x16=0x80009f84
        1165000	       115	80002f38	01bf51b3	srl	x3,x30,x27	 x30:0xfab6a241 x27:0x00000000  x3=0xfab6a241
        1175000	       116	80002f3c	82362293	slti	x5,x12,-2013	 x12:0xf0186051  x5=0x00000001
        1185000	       117	80002f40	000a0693	addi	x13,x20,0	 x20:0x80000140 x13=0x80000140
        1195000	       118	80002f44	000686e7	jalr	x13,x13,0	 x13:0x80000140 x13=0x80002f44
        1205000	       119	00000000	00000013	addi	x0,x0,0	  x0:0x00000000
        1215000	       120	80000140	00000013	addi	x0,x0,0	  x0:0x00000000
        1225000	       121	80000144	008bc233	xor	x4,x23,x8	 x23:0x19003000  x8:0x80009fc4  x4=0x9900afc4
        1235000	       122	80000148	00000e17	auipc	x28,0x0	 x28=0x80000144
        1245000	       123	8000014c	124e0e13	addi	x28,x28,292	 x28:0x80000144 x28=0x80000268
        1255000	       124	80000150	1fae0e13	addi	x28,x28,506	 x28:0x80000268 x28=0x80000462
        1265000	       125	80000154	d8efb213	sltiu	x4,x31,-626	 x31:0x00000000  x4=0x00000001
        1275000	       126	80000158	00000013	addi	x0,x0,0	  x0:0x00000000
        1285000	       127	8000015c	844e2593	slti	x11,x28,-1980	 x28:0x80000462 x11=0x00000001
        1295000	       128	80000160	00b87733	and	x14,x16,x11	 x16:0x80009f84 x11:0x00000001 x14=0x00000000
        1305000	       129	80000164	00000013	addi	x0,x0,0	  x0:0x00000000
        1315000	       130	80000168	9ecc8613	addi	x12,x25,-1556	 x25:0x80000000 x12=0x7ffff9ec
        1325000	       131	8000016c	e06e0a67	jalr	x20,x28,-506	 x28:0x80000462 x20=0x8000016c
        1335000	       132	00000000	00000013	addi	x0,x0,0	  x0:0x00000000
        1345000	       133	80000268	00000013	addi	x0,x0,0	  x0:0x00000000
        1355000	       134	8000026c	01769b13	slli	x22,x13,0x17	 x13:0x80002f44 x22=0xa2000000
        1365000	       135	80000270	6294e113	ori	x2,x9,1577	  x9:0x1fea2118  x2=0x1fea2739
        1375000	       136	80000274	fc480813	addi	x16,x16,-60	 x16:0x80009f84 x16=0x80009f48
        1385000	       137	80000278	439c1297	auipc	x5,0x439c1	  x5=0xc39c1274
        1395000	       138	8000027c	40575ab3	sra	x21,x14,x5	 x14:0x00000000  x5:0xc39c1274 x21=0x00000000
        1405000	       139	80000280	40b95593	srai	x11,x18,0xb	 x18:0x00000001 x11=0x00000000
        1415000	       140	80000284	01482223	sw	x20,4(x16)	 x16:0x80009f48 x20:0x8000016c PA:0x80009f4c
        1425000	       141	80000288	4e84b393	sltiu	x7,x9,1256	  x9:0x1fea2118  x7=0x00000000
        1435000	       142	8000028c	405e86b3	sub	x13,x29,x5	 x29:0x80002d18  x5:0xc39c1274 x13=0xbc641aa4
        1445000	       143	80000290	3a0d2013	slti	x0,x26,928	 x26:0x80000000
        1455000	       144	80000294	01c3b133	sltu	x2,x7,x28	  x7:0x00000000 x28:0x80000462  x2=0x00000001
        1465000	       145	80000298	4185d1b3	sra	x3,x11,x24	 x11:0x00000000 x24:0x000003fa  x3=0x00000000
        1475000	       146	8000029c	3f1cb493	sltiu	x9,x25,1009	 x25:0x80000000  x9=0x00000000
        1485000	       147	800002a0	00544d33	xor	x26,x8,x5	  x8:0x80009fc4  x5:0xc39c1274 x26=0x439c8db0
        1495000	       148	800002a4	03efdc63	bge	x31,x30,800002dc	 x31:0x00000000 x30:0xfab6a241
        1505000	       149	00000000	00000013	addi	x0,x0,0	  x0:0x00000000
        1515000	       150	800002d8	00000013	addi	x0,x0,0	  x0:0x00000000
        1525000	       151	800002dc	4aae4193	xori	x3,x28,1194	 x28:0x80000462  x3=0x800000c8
        1535000	       152	800002e0	4175d933	sra	x18,x11,x23	 x11:0x00000000 x23:0x19003000 x18=0x00000000
        1545000	       153	800002e4	41455c13	srai	x24,x10,0x14	 x10:0x00000000 x24=0x00000000
        1555000	       154	800002e8	017f8633	add	x12,x31,x23	 x31:0x00000000 x23:0x19003000 x12=0x19003000
        1565000	       155	800002ec	01b4ee63	bltu	x9,x27,80000308	  x9:0x00000000 x27:0x00000000
        1575000	       156	800002f0	59a10d93	addi	x27,x2,1434	  x2:0x00000001 x27=0x0000059b
        1585000	       157	800002f4	017219b3	sll	x19,x4,x23	  x4:0x00000001 x23:0x19003000 x19=0x00000001
        1595000	       158	800002f8	9c932db7	lui	x27,0x9c932	 x27=0x9c932000
        1605000	       159	800002fc	00b96a33	or	x20,x18,x11	 x18:0x00000000 x11:0x00000000 x20=0x00000000
        1615000	       160	80000300	572aba13	sltiu	x20,x21,1394	 x21:0x00000000 x20=0x00000001
        1625000	       161	80000304	00d89c63	bne	x17,x13,8000031c	 x17:0x00000000 x13:0xbc641aa4
        1635000	       162	00000000	00000013	addi	x0,x0,0	  x0:0x00000000
        1645000	       163	80000318	00000013	addi	x0,x0,0	  x0:0x00000000
        1655000	       164	8000031c	00bc6d33	or	x26,x24,x11	 x24:0x00000000 x11:0x00000000 x26=0x00000000
        1665000	       165	80000320	00482a03	lw	x20,4(x16)	 x16:0x80009f48 x20=0x8000016c PA:0x80009f4c
        1675000	       166	80000324	03c80813	addi	x16,x16,60	 x16:0x80009f48 x16=0x80009f84
        1685000	       167	80000328	00e66cb3	or	x25,x12,x14	 x12:0x19003000 x14:0x00000000 x25=0x19003000
        1695000	       168	8000032c	40be5493	srai	x9,x28,0xb	 x28:0x80000462  x9=0xfff00000
        1705000	       169	80000330	78a33313	sltiu	x6,x6,1930	  x6:0xffffffc0  x6=0x00000000
        1715000	       170	80000334	01a89213	slli	x4,x17,0x1a	 x17:0x00000000  x4=0x00000000
        1725000	       171	80000338	000a0713	addi	x14,x20,0	 x20:0x8000016c x14=0x8000016c
        1735000	       172	8000033c	00070767	jalr	x14,x14,0	 x14:0x8000016c x14=0x8000033c
        1745000	       173	00000000	00000013	addi	x0,x0,0	  x0:0x00000000
        1755000	       174	8000016c	00000013	addi	x0,x0,0	  x0:0x00000000
        1765000	       175	80000170	01b8c033	xor	x0,x17,x27	 x17:0x00000000 x27:0x9c932000
        1775000	       176	80000174	01228f33	add	x30,x5,x18	  x5:0xc39c1274 x18:0x00000000 x30=0xc39c1274
        1785000	       177	80000178	014aac33	slt	x24,x21,x20	 x21:0x00000000 x20:0x8000016c x24=0x00000000
        1795000	       178	8000017c	41425033	sra	x0,x4,x20	  x4:0x00000000 x20:0x8000016c
        1805000	       179	80000180	00000b97	auipc	x23,0x0	 x23=0x8000017c
        1815000	       180	80000184	1c0b8b93	addi	x23,x23,448	 x23:0x8000017c x23=0x8000033c
        1825000	       181	80000188	019b8b93	addi	x23,x23,25	 x23:0x8000033c x23=0x80000355
        1835000	       182	8000018c	017103b3	add	x7,x2,x23	  x2:0x00000001 x23:0x80000355  x7=0x80000356
        1845000	       183	80000190	fe7b8a67	jalr	x20,x23,-25	 x23:0x80000355 x20=0x80000190
        1855000	       184	00000000	00000013	addi	x0,x0,0	  x0:0x00000000
        1865000	       185	8000033c	00000013	addi	x0,x0,0	  x0:0x00000000
        1875000	       186	80000340	01311863	bne	x2,x19,80000350	  x2:0x00000001 x19:0x00000001
        1885000	       187	80000344	41d0d713	srai	x14,x1,0x1d	  x1:0xfefe271d x14=0xffffffff
        1895000	       188	80000348	2c1aab13	slti	x22,x21,705	 x21:0x00000000 x22=0x00000001
        1905000	       189	8000034c	013e29b3	slt	x19,x28,x19	 x28:0x80000462 x19:0x00000001 x19=0x00000001
        1915000	       190	80000350	fd480813	addi	x16,x16,-44	 x16:0x80009f84 x16=0x80009f58
        1925000	       191	80000354	0163ec33	or	x24,x7,x22	  x7:0x80000356 x22:0x00000001 x24=0x80000357
        1935000	       192	80000358	81aa3713	sltiu	x14,x20,-2022	 x20:0x80000190 x14=0x00000001
        1945000	       193	8000035c	01482223	sw	x20,4(x16)	 x16:0x80009f58 x20:0x80000190 PA:0x80009f5c
        1955000	       194	80000360	defe2b13	slti	x22,x28,-529	 x28:0x80000462 x22=0x00000001
        1965000	       195	80000364	00500113	addi	x2,x0,5	  x0:0x00000000  x2=0x00000005
        1975000	       196	80000368	00300393	addi	x7,x0,3	  x0:0x00000000  x7=0x00000003
        1985000	       197	8000036c	a5510593	addi	x11,x2,-1451	  x2:0x00000005 x11=0xfffffa5a
        1995000	       198	80000370	01a30933	add	x18,x6,x26	  x6:0x00000000 x26:0x00000000 x18=0x00000000
        2005000	       199	80000374	fff10113	addi	x2,x2,-1	  x2:0x00000005  x2=0x00000004
        2015000	       200	80000378	dbd1b793	sltiu	x15,x3,-579	  x3:0x800000c8 x15=0x00000001
        2025000	       201	8000037c	018067b3	or	x15,x0,x24	  x0:0x00000000 x24:0x80000357 x15=0x80000357
        2035000	       202	80000380	00500493	addi	x9,x0,5	  x0:0x00000000  x9=0x00000005
        2045000	       203	80000384	00d00b13	addi	x22,x0,13	  x0:0x00000000 x22=0x0000000d
        2055000	       204	80000388	c6722293	slti	x5,x4,-921	  x4:0x00000000  x5=0x00000000
        2065000	       205	8000038c	ad6be317	auipc	x6,0xad6be	  x6=0x2d6be388
        2075000	       206	80000390	00448493	addi	x9,x9,4	  x9:0x00000005  x9=0x00000009
        2085000	       207	80000394	ff64eae3	bltu	x9,x22,80000388	  x9:0x00000009 x22:0x0000000d
        2095000	       208	00000000	00000013	addi	x0,x0,0	  x0:0x00000000
        2105000	       209	80000384	00000013	addi	x0,x0,0	  x0:0x00000000
        2115000	       210	80000388	c6722293	slti	x5,x4,-921	  x4:0x00000000  x5=0x00000000
        2125000	       211	8000038c	ad6be317	auipc	x6,0xad6be	  x6=0x2d6be388
        2135000	       212	80000390	00448493	addi	x9,x9,4	  x9:0x00000009  x9=0x0000000d
        2145000	       213	80000394	ff64eae3	bltu	x9,x22,80000388	  x9:0x0000000d x22:0x0000000d
        2155000	       214	80000398	fc717ce3	bgeu	x2,x7,80000370	  x2:0x00000004  x7:0x00000003
        2165000	       215	00000000	00000013	addi	x0,x0,0	  x0:0x00000000
        2175000	       216	8000036c	00000013	addi	x0,x0,0	  x0:0x00000000
        2185000	       217	80000370	01a30933	add	x18,x6,x26	  x6:0x2d6be388 x26:0x00000000 x18=0x2d6be388
        2195000	       218	80000374	fff10113	addi	x2,x2,-1	  x2:0x00000004  x2=0x00000003
        2205000	       219	80000378	dbd1b793	sltiu	x15,x3,-579	  x3:0x800000c8 x15=0x00000001
        2215000	       220	8000037c	018067b3	or	x15,x0,x24	  x0:0x00000000 x24:0x80000357 x15=0x80000357
        2225000	       221	80000380	00500493	addi	x9,x0,5	  x0:0x00000000  x9=0x00000005
        2235000	       222	80000384	00d00b13	addi	x22,x0,13	  x0:0x00000000 x22=0x0000000d
        2245000	       223	80000388	c6722293	slti	x5,x4,-921	  x4:0x00000000  x5=0x00000000
        2255000	       224	8000038c	ad6be317	auipc	x6,0xad6be	  x6=0x2d6be388
        2265000	       225	80000390	00448493	addi	x9,x9,4	  x9:0x00000005  x9=0x00000009
        2275000	       226	80000394	ff64eae3	bltu	x9,x22,80000388	  x9:0x00000009 x22:0x0000000d
        2285000	       227	00000000	00000013	addi	x0,x0,0	  x0:0x00000000
        2295000	       228	80000384	00000013	addi	x0,x0,0	  x0:0x00000000
        2305000	       229	80000388	c6722293	slti	x5,x4,-921	  x4:0x00000000  x5=0x00000000
        2315000	       230	8000038c	ad6be317	auipc	x6,0xad6be	  x6=0x2d6be388
        2325000	       231	80000390	00448493	addi	x9,x9,4	  x9:0x00000009  x9=0x0000000d
        2335000	       232	80000394	ff64eae3	bltu	x9,x22,80000388	  x9:0x0000000d x22:0x0000000d
        2345000	       233	80000398	fc717ce3	bgeu	x2,x7,80000370	  x2:0x00000003  x7:0x00000003
        2355000	       234	00000000	00000013	addi	x0,x0,0	  x0:0x00000000
        2365000	       235	8000036c	00000013	addi	x0,x0,0	  x0:0x00000000
        2375000	       236	80000370	01a30933	add	x18,x6,x26	  x6:0x2d6be388 x26:0x00000000 x18=0x2d6be388
        2385000	       237	80000374	fff10113	addi	x2,x2,-1	  x2:0x00000003  x2=0x00000002
        2395000	       238	80000378	dbd1b793	sltiu	x15,x3,-579	  x3:0x800000c8 x15=0x00000001
        2405000	       239	8000037c	018067b3	or	x15,x0,x24	  x0:0x00000000 x24:0x80000357 x15=0x80000357
        2415000	       240	80000380	00500493	addi	x9,x0,5	  x0:0x00000000  x9=0x00000005
        2425000	       241	80000384	00d00b13	addi	x22,x0,13	  x0:0x00000000 x22=0x0000000d
        2435000	       242	80000388	c6722293	slti	x5,x4,-921	  x4:0x00000000  x5=0x00000000
        2445000	       243	8000038c	ad6be317	auipc	x6,0xad6be	  x6=0x2d6be388
        2455000	       244	80000390	00448493	addi	x9,x9,4	  x9:0x00000005  x9=0x00000009
        2465000	       245	80000394	ff64eae3	bltu	x9,x22,80000388	  x9:0x00000009 x22:0x0000000d
        2475000	       246	00000000	00000013	addi	x0,x0,0	  x0:0x00000000
        2485000	       247	80000384	00000013	addi	x0,x0,0	  x0:0x00000000
        2495000	       248	80000388	c6722293	slti	x5,x4,-921	  x4:0x00000000  x5=0x00000000
        2505000	       249	8000038c	ad6be317	auipc	x6,0xad6be	  x6=0x2d6be388
        2515000	       250	80000390	00448493	addi	x9,x9,4	  x9:0x00000009  x9=0x0000000d
        2525000	       251	80000394	ff64eae3	bltu	x9,x22,80000388	  x9:0x0000000d x22:0x0000000d
        2535000	       252	80000398	fc717ce3	bgeu	x2,x7,80000370	  x2:0x00000002  x7:0x00000003
        2545000	       253	8000039c	732a6c13	ori	x24,x20,1842	 x20:0x80000190 x24=0x800007b2
        2555000	       254	800003a0	ff700c13	addi	x24,x0,-9	  x0:0x00000000 x24=0xfffffff7
        2565000	       255	800003a4	a395a613	slti	x12,x11,-1479	 x11:0xfffffa5a x12=0x00000000
        2575000	       256	800003a8	00f76cb3	or	x25,x14,x15	 x14:0x00000001 x15:0x80000357 x25=0x80000357
        2585000	       257	800003ac	015ed713	srli	x14,x29,0x15	 x29:0x80002d18 x14=0x00000400
        2595000	       258	800003b0	40ce8cb3	sub	x25,x29,x12	 x29:0x80002d18 x12:0x00000000 x25=0x80002d18
        2605000	       259	800003b4	004857b3	srl	x15,x16,x4	 x16:0x80009f58  x4:0x00000000 x15=0x80009f58
        2615000	       260	800003b8	d5456693	ori	x13,x10,-684	 x10:0x00000000 x13=0xfffffd54
        2625000	       261	800003bc	00d00d93	addi	x27,x0,13	  x0:0x00000000 x27=0x0000000d
        2635000	       262	800003c0	00483733	sltu	x14,x16,x4	 x16:0x80009f58  x4:0x00000000 x14=0x00000000
        2645000	       263	800003c4	22793693	sltiu	x13,x18,551	 x18:0x2d6be388 x13=0x00000000
        2655000	       264	800003c8	00642a33	slt	x20,x8,x6	  x8:0x80009fc4  x6:0x2d6be388 x20=0x00000001
        2665000	       265	800003cc	ecd42b13	slti	x22,x8,-307	  x8:0x80009fc4 x22=0x00000001
        2675000	       266	800003d0	01cd9a13	slli	x20,x27,0x1c	 x27:0x0000000d x20=0xd0000000
        2685000	       267	800003d4	018523b3	slt	x7,x10,x24	 x10:0x00000000 x24:0xfffffff7  x7=0x00000000
        2695000	       268	800003d8	001c0c13	addi	x24,x24,1	 x24:0xfffffff7 x24=0xfffffff8
        2705000	       269	800003dc	7c7b2393	slti	x7,x22,1991	 x22:0x00000001  x7=0x00000001
        2715000	       270	800003e0	ef248313	addi	x6,x9,-270	  x9:0x0000000d  x6=0xfffffeff
        2725000	       271	800003e4	98d18493	addi	x9,x3,-1651	  x3:0x800000c8  x9=0x7ffffa55
        2735000	       272	800003e8	009009b3	add	x19,x0,x9	  x0:0x00000000  x9:0x7ffffa55 x19=0x7ffffa55
        2745000	       273	800003ec	41e0d513	srai	x10,x1,0x1e	  x1:0xfefe271d x10=0xffffffff
        2755000	       274	800003f0	ffbc62e3	bltu	x24,x27,800003d4	 x24:0xfffffff8 x27:0x0000000d
        2765000	       275	800003f4	01e61893	slli	x17,x12,0x1e	 x12:0x00000000 x17=0x00000000
        2775000	       276	800003f8	00a00213	addi	x4,x0,10	  x0:0x00000000  x4=0x0000000a
        2785000	       277	800003fc	00f50db3	add	x27,x10,x15	 x10:0xffffffff x15:0x80009f58 x27=0x80009f57
        2795000	       278	80000400	001867b3	or	x15,x16,x1	 x16:0x80009f58  x1:0xfefe271d x15=0xfefebf5d
        2805000	       279	80000404	00b00c93	addi	x25,x0,11	  x0:0x00000000 x25=0x0000000b
        2815000	       280	80000408	7a8b3013	sltiu	x0,x22,1960	 x22:0x00000001
        2825000	       281	8000040c	00720213	addi	x4,x4,7	  x4:0x0000000a  x4=0x00000011
        2835000	       282	80000410	ffb00913	addi	x18,x0,-5	  x0:0x00000000 x18=0xfffffffb
        2845000	       283	80000414	2a70ef93	ori	x31,x1,679	  x1:0xfefe271d x31=0xfefe27bf
        2855000	       284	80000418	01400993	addi	x19,x0,20	  x0:0x00000000 x19=0x00000014
        2865000	       285	8000041c	001c5193	srli	x3,x24,0x1	 x24:0xfffffff8  x3=0x7ffffffc
        2875000	       286	80000420	44904893	xori	x17,x0,1097	  x0:0x00000000 x17=0x00000449
        2885000	       287	80000424	2eaab613	sltiu	x12,x21,746	 x21:0x00000000 x12=0x00000001
        2895000	       288	80000428	0034fa33	and	x20,x9,x3	  x9:0x7ffffa55  x3:0x7ffffffc x20=0x7ffffa54
        2905000	       289	8000042c	00390913	addi	x18,x18,3	 x18:0xfffffffb x18=0xfffffffe
        2915000	       290	80000430	412582b3	sub	x5,x11,x18	 x11:0xfffffa5a x18:0xfffffffe  x5=0xfffffa5c
        2925000	       291	80000434	2ba14713	xori	x14,x2,698	  x2:0x00000002 x14=0x000002b8
        2935000	       292	80000438	ff3968e3	bltu	x18,x19,80000428	 x18:0xfffffffe x19:0x00000014
        2945000	       293	8000043c	7e857613	andi	x12,x10,2024	 x10:0xffffffff x12=0x000007e8
        2955000	       294	80000440	2dcc6713	ori	x14,x24,732	 x24:0xfffffff8 x14=0xfffffffc
        2965000	       295	80000444	007385b3	add	x11,x7,x7	  x7:0x00000001  x7:0x00000001 x11=0x00000002
        2975000	       296	80000448	fd9260e3	bltu	x4,x25,80000408	  x4:0x00000011 x25:0x0000000b
        2985000	       297	8000044c	001bcab3	xor	x21,x23,x1	 x23:0x80000355  x1:0xfefe271d x21=0x7efe2448
        2995000	       298	80000450	00600d13	addi	x26,x0,6	  x0:0x00000000 x26=0x00000006
        3005000	       299	80000454	fc983913	sltiu	x18,x16,-55	 x16:0x80009f58 x18=0x00000001
        3015000	       300	80000458	238a8213	addi	x4,x21,568	 x21:0x7efe2448  x4=0x7efe2680
        3025000	       301	8000045c	e25bb893	sltiu	x17,x23,-475	 x23:0x80000355 x17=0x00000001
        3035000	       302	80000460	0037b633	sltu	x12,x15,x3	 x15:0xfefebf5d  x3:0x7ffffffc x12=0x00000000
        3045000	       303	80000464	4016deb3	sra	x29,x13,x1	 x13:0x00000000  x1:0xfefe271d x29=0x00000000
        3055000	       304	80000468	00b00113	addi	x2,x0,11	  x0:0x00000000  x2=0x0000000b
        3065000	       305	8000046c	000d1693	slli	x13,x26,0x0	 x26:0x00000006 x13=0x00000006
        3075000	       306	80000470	d0b10913	addi	x18,x2,-757	  x2:0x0000000b x18=0xfffffd16
        3085000	       307	80000474	015bea33	or	x20,x23,x21	 x23:0x80000355 x21:0x7efe2448 x20=0xfefe275d
        3095000	       308	80000478	0ab56493	ori	x9,x10,171	 x10:0xffffffff  x9=0xffffffff
        3105000	       309	8000047c	00f91233	sll	x4,x18,x15	 x18:0xfffffd16 x15:0xfefebf5d  x4=0xc0000000
        3115000	       310	80000480	005d0d13	addi	x26,x26,5	 x26:0x00000006 x26=0x0000000b
        3125000	       311	80000484	ff600f13	addi	x30,x0,-10	  x0:0x00000000 x30=0xfffffff6
        3135000	       312	80000488	011cbfb3	sltu	x31,x25,x17	 x25:0x0000000b x17:0x00000001 x31=0x00000000
        3145000	       313	8000048c	00400593	addi	x11,x0,4	  x0:0x00000000 x11=0x00000004
        3155000	       314	80000490	01539933	sll	x18,x7,x21	  x7:0x00000001 x21:0x7efe2448 x18=0x00000100
        3165000	       315	80000494	00ea5bb3	srl	x23,x20,x14	 x20:0xfefe275d x14:0xfffffffc x23=0x0000000f
        3175000	       316	80000498	01db9ab3	sll	x21,x23,x29	 x23:0x0000000f x29:0x00000000 x21=0x0000000f
        3185000	       317	8000049c	c903ce13	xori	x28,x7,-880	  x7:0x00000001 x28=0xfffffc91
        3195000	       318	800004a0	95c22bb7	lui	x23,0x95c22	 x23=0x95c22000
        3205000	       319	800004a4	ab944613	xori	x12,x8,-1351	  x8:0x80009fc4 x12=0x7fff657d
        3215000	       320	800004a8	01e061b3	or	x3,x0,x30	  x0:0x00000000 x30:0xfffffff6  x3=0xfffffff6
        3225000	       321	800004ac	006f0f13	addi	x30,x30,6	 x30:0xfffffff6 x30=0xfffffffc
        3235000	       322	800004b0	6f4b3713	sltiu	x14,x22,1780	 x22:0x00000001 x14=0x00000001
        3245000	       323	800004b4	febf46e3	blt	x30,x11,800004a0	 x30:0xfffffffc x11:0x00000004
        3255000	       324	00000000	00000013	addi	x0,x0,0	  x0:0x00000000
        3265000	       325	8000049c	00000013	addi	x0,x0,0	  x0:0x00000000
        3275000	       326	800004a0	95c22bb7	lui	x23,0x95c22	 x23=0x95c22000
        3285000	       327	800004a4	ab944613	xori	x12,x8,-1351	  x8:0x80009fc4 x12=0x7fff657d
        3295000	       328	800004a8	01e061b3	or	x3,x0,x30	  x0:0x00000000 x30:0xfffffffc  x3=0xfffffffc
        3305000	       329	800004ac	006f0f13	addi	x30,x30,6	 x30:0xfffffffc x30=0x00000002
        3315000	       330	800004b0	6f4b3713	sltiu	x14,x22,1780	 x22:0x00000001 x14=0x00000001
        3325000	       331	800004b4	febf46e3	blt	x30,x11,800004a0	 x30:0x00000002 x11:0x00000004
        3335000	       332	00000000	00000013	addi	x0,x0,0	  x0:0x00000000
        3345000	       333	8000049c	00000013	addi	x0,x0,0	  x0:0x00000000
        3355000	       334	800004a0	95c22bb7	lui	x23,0x95c22	 x23=0x95c22000
        3365000	       335	800004a4	ab944613	xori	x12,x8,-1351	  x8:0x80009fc4 x12=0x7fff657d
        3375000	       336	800004a8	01e061b3	or	x3,x0,x30	  x0:0x00000000 x30:0x00000002  x3=0x00000002
        3385000	       337	800004ac	006f0f13	addi	x30,x30,6	 x30:0x00000002 x30=0x00000008
        3395000	       338	800004b0	6f4b3713	sltiu	x14,x22,1780	 x22:0x00000001 x14=0x00000001
        3405000	       339	800004b4	febf46e3	blt	x30,x11,800004a0	 x30:0x00000008 x11:0x00000004
        3415000	       340	800004b8	417e82b3	sub	x5,x29,x23	 x29:0x00000000 x23:0x95c22000  x5=0x6a3de000
        3425000	       341	800004bc	4babde17	auipc	x28,0x4babd	 x28=0xcbabd4b8
        3435000	       342	800004c0	803b7713	andi	x14,x22,-2045	 x22:0x00000001 x14=0x00000001
        3445000	       343	800004c4	40bada13	srai	x20,x21,0xb	 x21:0x0000000f x20=0x00000000
        3455000	       344	800004c8	41fa5a13	srai	x20,x20,0x1f	 x20:0x00000000 x20=0x00000000
        3465000	       345	800004cc	0fae6293	ori	x5,x28,250	 x28:0xcbabd4b8  x5=0xcbabd4fa
        3475000	       346	800004d0	fa2d64e3	bltu	x26,x2,80000478	 x26:0x0000000b  x2:0x0000000b
        3485000	       347	800004d4	0b976a93	ori	x21,x14,185	 x14:0x00000001 x21=0x000000b9
        3495000	       348	800004d8	00200c13	addi	x24,x0,2	  x0:0x00000000 x24=0x00000002
        3505000	       349	800004dc	00281ab3	sll	x21,x16,x2	 x16:0x80009f58  x2:0x0000000b x21=0x04fac000
        3515000	       350	800004e0	017a1fb3	sll	x31,x20,x23	 x20:0x00000000 x23:0x95c22000 x31=0x00000000
        3525000	       351	800004e4	00f81733	sll	x14,x16,x15	 x16:0x80009f58 x15:0xfefebf5d x14=0x00000000
        3535000	       352	800004e8	017225b3	slt	x11,x4,x23	  x4:0xc0000000 x23:0x95c22000 x11=0x00000000
        3545000	       353	800004ec	01200613	addi	x12,x0,18	  x0:0x00000000 x12=0x00000012
        3555000	       354	800004f0	58176a13	ori	x20,x14,1409	 x14:0x00000000 x20=0x00000581
        3565000	       355	800004f4	00f49393	slli	x7,x9,0xf	  x9:0xffffffff  x7=0xffff8000
        3575000	       356	800004f8	0141d013	srli	x0,x3,0x14	  x3:0x00000002
        3585000	       357	800004fc	5874cfb7	lui	x31,0x5874c	 x31=0x5874c000
        3595000	       358	80000500	00e562b3	or	x5,x10,x14	 x10:0xffffffff x14:0x00000000  x5=0xffffffff
        3605000	       359	80000504	00e815b3	sll	x11,x16,x14	 x16:0x80009f58 x14:0x00000000 x11=0x80009f58
        3615000	       360	80000508	01f6d3b3	srl	x7,x13,x31	 x13:0x00000006 x31:0x5874c000  x7=0x00000006
        3625000	       361	8000050c	002c0c13	addi	x24,x24,2	 x24:0x00000002 x24=0x00000004
        3635000	       362	80000510	2a8cf513	andi	x10,x25,680	 x25:0x0000000b x10=0x00000008
        3645000	       363	80000514	4091df13	srai	x30,x3,0x9	  x3:0x00000002 x30=0x00000000
        3655000	       364	80000518	ecbc2213	slti	x4,x24,-309	 x24:0x00000004  x4=0x00000000
        3665000	       365	8000051c	a1006c93	ori	x25,x0,-1520	  x0:0x00000000 x25=0xfffffa10
        3675000	       366	80000520	00109cb3	sll	x25,x1,x1	  x1:0xfefe271d  x1:0xfefe271d x25=0xa0000000
        3685000	       367	80000524	37156a93	ori	x21,x10,881	 x10:0x00000008 x21=0x00000379
        3695000	       368	80000528	9a3dff93	andi	x31,x27,-1629	 x27:0x80009f57 x31=0x80009903
        3705000	       369	8000052c	41f08fb3	sub	x31,x1,x31	  x1:0xfefe271d x31:0x80009903 x31=0x7efd8e1a
        3715000	       370	80000530	00c20cb3	add	x25,x4,x12	  x4:0x00000000 x12:0x00000012 x25=0x00000012
        3725000	       371	80000534	fccc44e3	blt	x24,x12,800004fc	 x24:0x00000004 x12:0x00000012
        3735000	       372	00000000	00000013	addi	x0,x0,0	  x0:0x00000000
        3745000	       373	800004f8	00000013	addi	x0,x0,0	  x0:0x00000000
        3755000	       374	800004fc	5874cfb7	lui	x31,0x5874c	 x31=0x5874c000
        3765000	       375	80000500	00e562b3	or	x5,x10,x14	 x10:0x00000008 x14:0x00000000  x5=0x00000008
        3775000	       376	80000504	00e815b3	sll	x11,x16,x14	 x16:0x80009f58 x14:0x00000000 x11=0x80009f58
        3785000	       377	80000508	01f6d3b3	srl	x7,x13,x31	 x13:0x00000006 x31:0x5874c000  x7=0x00000006
        3795000	       378	8000050c	002c0c13	addi	x24,x24,2	 x24:0x00000004 x24=0x00000006
        3805000	       379	80000510	2a8cf513	andi	x10,x25,680	 x25:0x00000012 x10=0x00000000
        3815000	       380	80000514	4091df13	srai	x30,x3,0x9	  x3:0x00000002 x30=0x00000000
        3825000	       381	80000518	ecbc2213	slti	x4,x24,-309	 x24:0x00000006  x4=0x00000000
        3835000	       382	8000051c	a1006c93	ori	x25,x0,-1520	  x0:0x00000000 x25=0xfffffa10
        3845000	       383	80000520	00109cb3	sll	x25,x1,x1	  x1:0xfefe271d  x1:0xfefe271d x25=0xa0000000
        3855000	       384	80000524	37156a93	ori	x21,x10,881	 x10:0x00000000 x21=0x00000371
        3865000	       385	80000528	9a3dff93	andi	x31,x27,-1629	 x27:0x80009f57 x31=0x80009903
        3875000	       386	8000052c	41f08fb3	sub	x31,x1,x31	  x1:0xfefe271d x31:0x80009903 x31=0x7efd8e1a
        3885000	       387	80000530	00c20cb3	add	x25,x4,x12	  x4:0x00000000 x12:0x00000012 x25=0x00000012
        3895000	       388	80000534	fccc44e3	blt	x24,x12,800004fc	 x24:0x00000006 x12:0x00000012
        3905000	       389	00000000	00000013	addi	x0,x0,0	  x0:0x00000000
        3915000	       390	800004f8	00000013	addi	x0,x0,0	  x0:0x00000000
        3925000	       391	800004fc	5874cfb7	lui	x31,0x5874c	 x31=0x5874c000
        3935000	       392	80000500	00e562b3	or	x5,x10,x14	 x10:0x00000000 x14:0x00000000  x5=0x00000000
        3945000	       393	80000504	00e815b3	sll	x11,x16,x14	 x16:0x80009f58 x14:0x00000000 x11=0x80009f58
        3955000	       394	80000508	01f6d3b3	srl	x7,x13,x31	 x13:0x00000006 x31:0x5874c000  x7=0x00000006
        3965000	       395	8000050c	002c0c13	addi	x24,x24,2	 x24:0x00000006 x24=0x00000008
        3975000	       396	80000510	2a8cf513	andi	x10,x25,680	 x25:0x00000012 x10=0x00000000
        3985000	       397	80000514	4091df13	srai	x30,x3,0x9	  x3:0x00000002 x30=0x00000000
        3995000	       398	80000518	ecbc2213	slti	x4,x24,-309	 x24:0x00000008  x4=0x00000000
        4005000	       399	8000051c	a1006c93	ori	x25,x0,-1520	  x0:0x00000000 x25=0xfffffa10
        4015000	       400	80000520	00109cb3	sll	x25,x1,x1	  x1:0xfefe271d  x1:0xfefe271d x25=0xa0000000
        4025000	       401	80000524	37156a93	ori	x21,x10,881	 x10:0x00000000 x21=0x00000371
        4035000	       402	80000528	9a3dff93	andi	x31,x27,-1629	 x27:0x80009f57 x31=0x80009903
        4045000	       403	8000052c	41f08fb3	sub	x31,x1,x31	  x1:0xfefe271d x31:0x80009903 x31=0x7efd8e1a
        4055000	       404	80000530	00c20cb3	add	x25,x4,x12	  x4:0x00000000 x12:0x00000012 x25=0x00000012
        4065000	       405	80000534	fccc44e3	blt	x24,x12,800004fc	 x24:0x00000008 x12:0x00000012
        4075000	       406	00000000	00000013	addi	x0,x0,0	  x0:0x00000000
        4085000	       407	800004f8	00000013	addi	x0,x0,0	  x0:0x00000000
        4095000	       408	800004fc	5874cfb7	lui	x31,0x5874c	 x31=0x5874c000
        4105000	       409	80000500	00e562b3	or	x5,x10,x14	 x10:0x00000000 x14:0x00000000  x5=0x00000000
        4115000	       410	80000504	00e815b3	sll	x11,x16,x14	 x16:0x80009f58 x14:0x00000000 x11=0x80009f58
        4125000	       411	80000508	01f6d3b3	srl	x7,x13,x31	 x13:0x00000006 x31:0x5874c000  x7=0x00000006
        4135000	       412	8000050c	002c0c13	addi	x24,x24,2	 x24:0x00000008 x24=0x0000000a
        4145000	       413	80000510	2a8cf513	andi	x10,x25,680	 x25:0x00000012 x10=0x00000000
        4155000	       414	80000514	4091df13	srai	x30,x3,0x9	  x3:0x00000002 x30=0x00000000
        4165000	       415	80000518	ecbc2213	slti	x4,x24,-309	 x24:0x0000000a  x4=0x00000000
        4175000	       416	8000051c	a1006c93	ori	x25,x0,-1520	  x0:0x00000000 x25=0xfffffa10
        4185000	       417	80000520	00109cb3	sll	x25,x1,x1	  x1:0xfefe271d  x1:0xfefe271d x25=0xa0000000
        4195000	       418	80000524	37156a93	ori	x21,x10,881	 x10:0x00000000 x21=0x00000371
        4205000	       419	80000528	9a3dff93	andi	x31,x27,-1629	 x27:0x80009f57 x31=0x80009903
        4215000	       420	8000052c	41f08fb3	sub	x31,x1,x31	  x1:0xfefe271d x31:0x80009903 x31=0x7efd8e1a
        4225000	       421	80000530	00c20cb3	add	x25,x4,x12	  x4:0x00000000 x12:0x00000012 x25=0x00000012
        4235000	       422	80000534	fccc44e3	blt	x24,x12,800004fc	 x24:0x0000000a x12:0x00000012
        4245000	       423	00000000	00000013	addi	x0,x0,0	  x0:0x00000000
        4255000	       424	800004f8	00000013	addi	x0,x0,0	  x0:0x00000000
        4265000	       425	800004fc	5874cfb7	lui	x31,0x5874c	 x31=0x5874c000
        4275000	       426	80000500	00e562b3	or	x5,x10,x14	 x10:0x00000000 x14:0x00000000  x5=0x00000000
        4285000	       427	80000504	00e815b3	sll	x11,x16,x14	 x16:0x80009f58 x14:0x00000000 x11=0x80009f58
        4295000	       428	80000508	01f6d3b3	srl	x7,x13,x31	 x13:0x00000006 x31:0x5874c000  x7=0x00000006
        4305000	       429	8000050c	002c0c13	addi	x24,x24,2	 x24:0x0000000a x24=0x0000000c
        4315000	       430	80000510	2a8cf513	andi	x10,x25,680	 x25:0x00000012 x10=0x00000000
        4325000	       431	80000514	4091df13	srai	x30,x3,0x9	  x3:0x00000002 x30=0x00000000
        4335000	       432	80000518	ecbc2213	slti	x4,x24,-309	 x24:0x0000000c  x4=0x00000000
        4345000	       433	8000051c	a1006c93	ori	x25,x0,-1520	  x0:0x00000000 x25=0xfffffa10
        4355000	       434	80000520	00109cb3	sll	x25,x1,x1	  x1:0xfefe271d  x1:0xfefe271d x25=0xa0000000
        4365000	       435	80000524	37156a93	ori	x21,x10,881	 x10:0x00000000 x21=0x00000371
        4375000	       436	80000528	9a3dff93	andi	x31,x27,-1629	 x27:0x80009f57 x31=0x80009903
        4385000	       437	8000052c	41f08fb3	sub	x31,x1,x31	  x1:0xfefe271d x31:0x80009903 x31=0x7efd8e1a
        4395000	       438	80000530	00c20cb3	add	x25,x4,x12	  x4:0x00000000 x12:0x00000012 x25=0x00000012
        4405000	       439	80000534	fccc44e3	blt	x24,x12,800004fc	 x24:0x0000000c x12:0x00000012
        4415000	       440	00000000	00000013	addi	x0,x0,0	  x0:0x00000000
        4425000	       441	800004f8	00000013	addi	x0,x0,0	  x0:0x00000000
        4435000	       442	800004fc	5874cfb7	lui	x31,0x5874c	 x31=0x5874c000
        4445000	       443	80000500	00e562b3	or	x5,x10,x14	 x10:0x00000000 x14:0x00000000  x5=0x00000000
        4455000	       444	80000504	00e815b3	sll	x11,x16,x14	 x16:0x80009f58 x14:0x00000000 x11=0x80009f58
        4465000	       445	80000508	01f6d3b3	srl	x7,x13,x31	 x13:0x00000006 x31:0x5874c000  x7=0x00000006
        4475000	       446	8000050c	002c0c13	addi	x24,x24,2	 x24:0x0000000c x24=0x0000000e
        4485000	       447	80000510	2a8cf513	andi	x10,x25,680	 x25:0x00000012 x10=0x00000000
        4495000	       448	80000514	4091df13	srai	x30,x3,0x9	  x3:0x00000002 x30=0x00000000
        4505000	       449	80000518	ecbc2213	slti	x4,x24,-309	 x24:0x0000000e  x4=0x00000000
        4515000	       450	8000051c	a1006c93	ori	x25,x0,-1520	  x0:0x00000000 x25=0xfffffa10
        4525000	       451	80000520	00109cb3	sll	x25,x1,x1	  x1:0xfefe271d  x1:0xfefe271d x25=0xa0000000
        4535000	       452	80000524	37156a93	ori	x21,x10,881	 x10:0x00000000 x21=0x00000371
        4545000	       453	80000528	9a3dff93	andi	x31,x27,-1629	 x27:0x80009f57 x31=0x80009903
        4555000	       454	8000052c	41f08fb3	sub	x31,x1,x31	  x1:0xfefe271d x31:0x80009903 x31=0x7efd8e1a
        4565000	       455	80000530	00c20cb3	add	x25,x4,x12	  x4:0x00000000 x12:0x00000012 x25=0x00000012
        4575000	       456	80000534	fccc44e3	blt	x24,x12,800004fc	 x24:0x0000000e x12:0x00000012
        4585000	       457	00000000	00000013	addi	x0,x0,0	  x0:0x00000000
        4595000	       458	800004f8	00000013	addi	x0,x0,0	  x0:0x00000000
        4605000	       459	800004fc	5874cfb7	lui	x31,0x5874c	 x31=0x5874c000
        4615000	       460	80000500	00e562b3	or	x5,x10,x14	 x10:0x00000000 x14:0x00000000  x5=0x00000000
        4625000	       461	80000504	00e815b3	sll	x11,x16,x14	 x16:0x80009f58 x14:0x00000000 x11=0x80009f58
        4635000	       462	80000508	01f6d3b3	srl	x7,x13,x31	 x13:0x00000006 x31:0x5874c000  x7=0x00000006
        4645000	       463	8000050c	002c0c13	addi	x24,x24,2	 x24:0x0000000e x24=0x00000010
        4655000	       464	80000510	2a8cf513	andi	x10,x25,680	 x25:0x00000012 x10=0x00000000
        4665000	       465	80000514	4091df13	srai	x30,x3,0x9	  x3:0x00000002 x30=0x00000000
        4675000	       466	80000518	ecbc2213	slti	x4,x24,-309	 x24:0x00000010  x4=0x00000000
        4685000	       467	8000051c	a1006c93	ori	x25,x0,-1520	  x0:0x00000000 x25=0xfffffa10
        4695000	       468	80000520	00109cb3	sll	x25,x1,x1	  x1:0xfefe271d  x1:0xfefe271d x25=0xa0000000
        4705000	       469	80000524	37156a93	ori	x21,x10,881	 x10:0x00000000 x21=0x00000371
        4715000	       470	80000528	9a3dff93	andi	x31,x27,-1629	 x27:0x80009f57 x31=0x80009903
        4725000	       471	8000052c	41f08fb3	sub	x31,x1,x31	  x1:0xfefe271d x31:0x80009903 x31=0x7efd8e1a
        4735000	       472	80000530	00c20cb3	add	x25,x4,x12	  x4:0x00000000 x12:0x00000012 x25=0x00000012
        4745000	       473	80000534	fccc44e3	blt	x24,x12,800004fc	 x24:0x00000010 x12:0x00000012
        4755000	       474	00000000	00000013	addi	x0,x0,0	  x0:0x00000000
        4765000	       475	800004f8	00000013	addi	x0,x0,0	  x0:0x00000000
        4775000	       476	800004fc	5874cfb7	lui	x31,0x5874c	 x31=0x5874c000
        4785000	       477	80000500	00e562b3	or	x5,x10,x14	 x10:0x00000000 x14:0x00000000  x5=0x00000000
        4795000	       478	80000504	00e815b3	sll	x11,x16,x14	 x16:0x80009f58 x14:0x00000000 x11=0x80009f58
        4805000	       479	80000508	01f6d3b3	srl	x7,x13,x31	 x13:0x00000006 x31:0x5874c000  x7=0x00000006
        4815000	       480	8000050c	002c0c13	addi	x24,x24,2	 x24:0x00000010 x24=0x00000012
        4825000	       481	80000510	2a8cf513	andi	x10,x25,680	 x25:0x00000012 x10=0x00000000
        4835000	       482	80000514	4091df13	srai	x30,x3,0x9	  x3:0x00000002 x30=0x00000000
        4845000	       483	80000518	ecbc2213	slti	x4,x24,-309	 x24:0x00000012  x4=0x00000000
        4855000	       484	8000051c	a1006c93	ori	x25,x0,-1520	  x0:0x00000000 x25=0xfffffa10
        4865000	       485	80000520	00109cb3	sll	x25,x1,x1	  x1:0xfefe271d  x1:0xfefe271d x25=0xa0000000
        4875000	       486	80000524	37156a93	ori	x21,x10,881	 x10:0x00000000 x21=0x00000371
        4885000	       487	80000528	9a3dff93	andi	x31,x27,-1629	 x27:0x80009f57 x31=0x80009903
        4895000	       488	8000052c	41f08fb3	sub	x31,x1,x31	  x1:0xfefe271d x31:0x80009903 x31=0x7efd8e1a
        4905000	       489	80000530	00c20cb3	add	x25,x4,x12	  x4:0x00000000 x12:0x00000012 x25=0x00000012
        4915000	       490	80000534	fccc44e3	blt	x24,x12,800004fc	 x24:0x00000012 x12:0x00000012
        4925000	       491	80000538	0069b2b3	sltu	x5,x19,x6	 x19:0x00000014  x6:0xfffffeff  x5=0x00000001
        4935000	       492	8000053c	00000013	addi	x0,x0,0	  x0:0x00000000
        4945000	       493	80000540	01f333b3	sltu	x7,x6,x31	  x6:0xfffffeff x31:0x7efd8e1a  x7=0x00000000
        4955000	       494	80000544	ffb40a13	addi	x20,x8,-5	  x8:0x80009fc4 x20=0x80009fbf
        4965000	       495	80000548	1307be93	sltiu	x29,x15,304	 x15:0xfefebf5d x29=0x00000000
        4975000	       496	8000054c	4180d2b3	sra	x5,x1,x24	  x1:0xfefe271d x24:0x00000012  x5=0xffffffbf
        4985000	       497	80000550	16f50293	addi	x5,x10,367	 x10:0x00000000  x5=0x0000016f
        4995000	       498	80000554	0185d863	bge	x11,x24,80000564	 x11:0x80009f58 x24:0x00000012
        5005000	       499	80000558	c5c7b613	sltiu	x12,x15,-932	 x15:0xfefebf5d x12=0x00000001
        5015000	       500	8000055c	3a83c493	xori	x9,x7,936	  x7:0x00000000  x9=0x000003a8
        5025000	       501	80000560	01515863	bge	x2,x21,80000570	  x2:0x0000000b x21:0x00000371
        5035000	       502	80000564	0137e7b3	or	x15,x15,x19	 x15:0xfefebf5d x19:0x00000014 x15=0xfefebf5d
        5045000	       503	80000568	01604263	blt	x0,x22,8000056c	  x0:0x00000000 x22:0x00000001
        5055000	       504	00000000	00000013	addi	x0,x0,0	  x0:0x00000000
        5065000	       505	80000568	00000013	addi	x0,x0,0	  x0:0x00000000
        5075000	       506	8000056c	0119b933	sltu	x18,x19,x17	 x19:0x00000014 x17:0x00000001 x18=0x00000000
        5085000	       507	80000570	f49ce313	ori	x6,x25,-183	 x25:0x00000012  x6=0xffffff5b
        5095000	       508	80000574	03ac4863	blt	x24,x26,800005a4	 x24:0x00000012 x26:0x0000000b
        5105000	       509	80000578	01cf3e33	sltu	x28,x30,x28	 x30:0x00000000 x28:0xcbabd4b8 x28=0x00000001
        5115000	       510	8000057c	00000013	addi	x0,x0,0	  x0:0x00000000
        5125000	       511	80000580	03d7d863	bge	x15,x29,800005b0	 x15:0xfefebf5d x29:0x00000000
        5135000	       512	80000584	0052fab3	and	x21,x5,x5	  x5:0x0000016f  x5:0x0000016f x21=0x0000016f
        5145000	       513	80000588	00df94b3	sll	x9,x31,x13	 x31:0x7efd8e1a x13:0x00000006  x9=0xbf638680
        5155000	       514	8000058c	eb22a313	slti	x6,x5,-334	  x5:0x0000016f  x6=0x00000000
        5165000	       515	80000590	a2370d93	addi	x27,x14,-1501	 x14:0x00000000 x27=0xfffffa23
        5175000	       516	80000594	00b75493	srli	x9,x14,0xb	 x14:0x00000000  x9=0x00000000
        5185000	       517	80000598	408557b3	sra	x15,x10,x8	 x10:0x00000000  x8:0x80009fc4 x15=0x00000000
        5195000	       518	8000059c	0398ce63	blt	x17,x25,800005d8	 x17:0x00000001 x25:0x00000012
        5205000	       519	00000000	00000013	addi	x0,x0,0	  x0:0x00000000
        5215000	       520	800005d4	00000013	addi	x0,x0,0	  x0:0x00000000
        5225000	       521	800005d8	01471a33	sll	x20,x14,x20	 x14:0x00000000 x20:0x80009fbf x20=0x00000000
        5235000	       522	800005dc	41d7d313	srai	x6,x15,0x1d	 x15:0x00000000  x6=0x00000000
        5245000	       523	800005e0	0046cc33	xor	x24,x13,x4	 x13:0x00000006  x4:0x00000000 x24=0x00000006
        5255000	       524	800005e4	007ed863	bge	x29,x7,800005f4	 x29:0x00000000  x7:0x00000000
        5265000	       525	00000000	00000013	addi	x0,x0,0	  x0:0x00000000
        5275000	       526	800005f0	00000013	addi	x0,x0,0	  x0:0x00000000
        5285000	       527	800005f4	0106cc33	xor	x24,x13,x16	 x13:0x00000006 x16:0x80009f58 x24=0x80009f5e
        5295000	       528	800005f8	01ee9493	slli	x9,x29,0x1e	 x29:0x00000000  x9=0x00000000
        5305000	       529	800005fc	015b8333	add	x6,x23,x21	 x23:0x95c22000 x21:0x0000016f  x6=0x95c2216f
        5315000	       530	80000600	41145493	srai	x9,x8,0x11	  x8:0x80009fc4  x9=0xffffc000
        5325000	       531	80000604	cd86b193	sltiu	x3,x13,-808	 x13:0x00000006  x3=0x00000001
        5335000	       532	80000608	006e5a63	bge	x28,x6,8000061c	 x28:0x00000001  x6:0x95c2216f
        5345000	       533	00000000	00000013	addi	x0,x0,0	  x0:0x00000000
        5355000	       534	80000618	00000013	addi	x0,x0,0	  x0:0x00000000
        5365000	       535	8000061c	05d96863	bltu	x18,x29,8000066c	 x18:0x00000000 x29:0x00000000
        5375000	       536	80000620	000779b3	and	x19,x14,x0	 x14:0x00000000  x0:0x00000000 x19=0x00000000
        5385000	       537	80000624	833c9d97	auipc	x27,0x833c9	 x27=0x033c9620
        5395000	       538	80000628	015ace63	blt	x21,x21,80000644	 x21:0x0000016f x21:0x0000016f
        5405000	       539	8000062c	01776e33	or	x28,x14,x23	 x14:0x00000000 x23:0x95c22000 x28=0x95c22000
        5415000	       540	80000630	d31d8d97	auipc	x27,0xd31d8	 x27=0x531d862c
        5425000	       541	80000634	0066cdb3	xor	x27,x13,x6	 x13:0x00000006  x6:0x95c2216f x27=0x95c22169
        5435000	       542	80000638	40885ab3	sra	x21,x16,x8	 x16:0x80009f58  x8:0x80009fc4 x21=0xf80009f5
        5445000	       543	8000063c	018c5ab3	srl	x21,x24,x24	 x24:0x80009f5e x24:0x80009f5e x21=0x00000002
        5455000	       544	80000640	02d58e63	beq	x11,x13,8000067c	 x11:0x80009f58 x13:0x00000006
        5465000	       545	80000644	00d498b3	sll	x17,x9,x13	  x9:0xffffc000 x13:0x00000006 x17=0xfff00000
        5475000	       546	80000648	6c4a7613	andi	x12,x20,1732	 x20:0x00000000 x12=0x00000000
        5485000	       547	8000064c	004e5863	bge	x28,x4,8000065c	 x28:0x95c22000  x4:0x00000000
        5495000	       548	80000650	eac53337	lui	x6,0xeac53	  x6=0xeac53000
        5505000	       549	80000654	017b6733	or	x14,x22,x23	 x22:0x00000001 x23:0x95c22000 x14=0x95c22001
        5515000	       550	80000658	0a58d3b7	lui	x7,0xa58d	  x7=0x0a58d000
        5525000	       551	8000065c	013af1b3	and	x3,x21,x19	 x21:0x00000002 x19:0x00000000  x3=0x00000000
        5535000	       552	80000660	0010ee33	or	x28,x1,x1	  x1:0xfefe271d  x1:0xfefe271d x28=0xfefe271d
        5545000	       553	80000664	0085b9b3	sltu	x19,x11,x8	 x11:0x80009f58  x8:0x80009fc4 x19=0x00000001
        5555000	       554	80000668	1af0e393	ori	x7,x1,431	  x1:0xfefe271d  x7=0xfefe27bf
        5565000	       555	8000066c	02530c63	beq	x6,x5,800006a4	  x6:0xeac53000  x5:0x0000016f
        5575000	       556	80000670	51e72d13	slti	x26,x14,1310	 x14:0x95c22001 x26=0x00000001
        5585000	       557	80000674	00aafa33	and	x20,x21,x10	 x21:0x00000002 x10:0x00000000 x20=0x00000000
        5595000	       558	80000678	1119f793	andi	x15,x19,273	 x19:0x00000001 x15=0x00000001
        5605000	       559	8000067c	019ec333	xor	x6,x29,x25	 x29:0x00000000 x25:0x00000012  x6=0x00000012
        5615000	       560	80000680	a8572f93	slti	x31,x14,-1403	 x14:0x95c22001 x31=0x00000001
        5625000	       561	80000684	0027a6b3	slt	x13,x15,x2	 x15:0x00000001  x2:0x0000000b x13=0x00000001
        5635000	       562	80000688	406288b3	sub	x17,x5,x6	  x5:0x0000016f  x6:0x00000012 x17=0x0000015d
        5645000	       563	8000068c	01b2d593	srli	x11,x5,0x1b	  x5:0x0000016f x11=0x00000000
        5655000	       564	80000690	00a5c863	blt	x11,x10,800006a0	 x11:0x00000000 x10:0x00000000
        5665000	       565	80000694	00000013	addi	x0,x0,0	  x0:0x00000000
        5675000	       566	80000698	40288733	sub	x14,x17,x2	 x17:0x0000015d  x2:0x0000000b x14=0x00000152
        5685000	       567	8000069c	00000013	addi	x0,x0,0	  x0:0x00000000
        5695000	       568	800006a0	99133293	sltiu	x5,x6,-1647	  x6:0x00000012  x5=0x00000001
        5705000	       569	800006a4	00000013	addi	x0,x0,0	  x0:0x00000000
        5715000	       570	800006a8	014d97b3	sll	x15,x27,x20	 x27:0x95c22169 x20:0x00000000 x15=0x95c22169
        5725000	       571	800006ac	3c8d7f93	andi	x31,x26,968	 x26:0x00000001 x31=0x00000000
        5735000	       572	800006b0	00000013	addi	x0,x0,0	  x0:0x00000000
        5745000	       573	800006b4	00ed9a63	bne	x27,x14,800006c8	 x27:0x95c22169 x14:0x00000152
        5755000	       574	00000000	00000013	addi	x0,x0,0	  x0:0x00000000
        5765000	       575	800006c4	00000013	addi	x0,x0,0	  x0:0x00000000
        5775000	       576	800006c8	00d56333	or	x6,x10,x13	 x10:0x00000000 x13:0x00000001  x6=0x00000001
        5785000	       577	800006cc	ca36a893	slti	x17,x13,-861	 x13:0x00000001 x17=0x00000000
        5795000	       578	800006d0	e0db09b7	lui	x19,0xe0db0	 x19=0xe0db0000
        5805000	       579	800006d4	002029b3	slt	x19,x0,x2	  x0:0x00000000  x2:0x0000000b x19=0x00000001
        5815000	       580	800006d8	41e05333	sra	x6,x0,x30	  x0:0x00000000 x30:0x00000000  x6=0x00000000
        5825000	       581	800006dc	51dc8293	addi	x5,x25,1309	 x25:0x00000012  x5=0x0000052f
        5835000	       582	800006e0	0119dcb3	srl	x25,x19,x17	 x19:0x00000001 x17:0x00000000 x25=0x00000001
        5845000	       583	800006e4	0028d863	bge	x17,x2,800006f4	 x17:0x00000000  x2:0x0000000b
        5855000	       584	800006e8	03b79c63	bne	x15,x27,80000720	 x15:0x95c22169 x27:0x95c22169
        5865000	       585	800006ec	0157f633	and	x12,x15,x21	 x15:0x95c22169 x21:0x00000002 x12=0x00000000
        5875000	       586	800006f0	00cfa1b3	slt	x3,x31,x12	 x31:0x00000000 x12:0x00000000  x3=0x00000000
        5885000	       587	800006f4	02895863	bge	x18,x8,80000724	 x18:0x00000000  x8:0x80009fc4
        5895000	       588	00000000	00000013	addi	x0,x0,0	  x0:0x00000000
        5905000	       589	80000720	00000013	addi	x0,x0,0	  x0:0x00000000
        5915000	       590	80000724	00491913	slli	x18,x18,0x4	 x18:0x00000000 x18=0x00000000
        5925000	       591	80000728	03027663	bgeu	x4,x16,80000754	  x4:0x00000000 x16:0x80009f58
        5935000	       592	8000072c	737c2e17	auipc	x28,0x737c2	 x28=0xf37c2728
        5945000	       593	80000730	011c7d33	and	x26,x24,x17	 x24:0x80009f5e x17:0x00000000 x26=0x00000000
        5955000	       594	80000734	402851b3	sra	x3,x16,x2	 x16:0x80009f58  x2:0x0000000b  x3=0xfff00013
        5965000	       595	80000738	00a93733	sltu	x14,x18,x10	 x18:0x00000000 x10:0x00000000 x14=0x00000000
        5975000	       596	8000073c	0130e5b3	or	x11,x1,x19	  x1:0xfefe271d x19:0x00000001 x11=0xfefe271d
        5985000	       597	80000740	005486b3	add	x13,x9,x5	  x9:0xffffc000  x5:0x0000052f x13=0xffffc52f
        5995000	       598	80000744	00000013	addi	x0,x0,0	  x0:0x00000000
        6005000	       599	80000748	83f06f13	ori	x30,x0,-1985	  x0:0x00000000 x30=0xfffff83f
        6015000	       600	8000074c	02ca0663	beq	x20,x12,80000778	 x20:0x00000000 x12:0x00000000
        6025000	       601	00000000	00000013	addi	x0,x0,0	  x0:0x00000000
        6035000	       602	80000774	00000013	addi	x0,x0,0	  x0:0x00000000
        6045000	       603	80000778	f56d0a93	addi	x21,x26,-170	 x26:0x00000000 x21=0xffffff56
        6055000	       604	8000077c	03d80663	beq	x16,x29,800007a8	 x16:0x80009f58 x29:0x00000000
        6065000	       605	80000780	03bb0c63	beq	x22,x27,800007b8	 x22:0x00000001 x27:0x95c22169
        6075000	       606	80000784	409958b3	sra	x17,x18,x9	 x18:0x00000000  x9:0xffffc000 x17=0x00000000
        6085000	       607	80000788	550b4893	xori	x17,x22,1360	 x22:0x00000001 x17=0x00000551
        6095000	       608	8000078c	00da1863	bne	x20,x13,8000079c	 x20:0x00000000 x13:0xffffc52f
        6105000	       609	00000000	00000013	addi	x0,x0,0	  x0:0x00000000
        6115000	       610	80000798	00000013	addi	x0,x0,0	  x0:0x00000000
        6125000	       611	8000079c	1b88fc93	andi	x25,x17,440	 x17:0x00000551 x25=0x00000110
        6135000	       612	800007a0	015ff633	and	x12,x31,x21	 x31:0x00000000 x21:0xffffff56 x12=0x00000000
        6145000	       613	800007a4	010e8863	beq	x29,x16,800007b4	 x29:0x00000000 x16:0x80009f58
        6155000	       614	800007a8	00eafcb3	and	x25,x21,x14	 x21:0xffffff56 x14:0x00000000 x25=0x00000000
        6165000	       615	800007ac	00117233	and	x4,x2,x1	  x2:0x0000000b  x1:0xfefe271d  x4=0x00000009
        6175000	       616	800007b0	01bcdab3	srl	x21,x25,x27	 x25:0x00000000 x27:0x95c22169 x21=0x00000000
        6185000	       617	800007b4	0192ee63	bltu	x5,x25,800007d0	  x5:0x0000052f x25:0x00000000
        6195000	       618	800007b8	404586b3	sub	x13,x11,x4	 x11:0xfefe271d  x4:0x00000009 x13=0xfefe2714
        6205000	       619	800007bc	03687863	bgeu	x16,x22,800007ec	 x16:0x80009f58 x22:0x00000001
        6215000	       620	00000000	00000013	addi	x0,x0,0	  x0:0x00000000
        6225000	       621	800007e8	00000013	addi	x0,x0,0	  x0:0x00000000
        6235000	       622	800007ec	0040b6b3	sltu	x13,x1,x4	  x1:0xfefe271d  x4:0x00000009 x13=0x00000000
        6245000	       623	800007f0	00000013	addi	x0,x0,0	  x0:0x00000000
        6255000	       624	800007f4	00b75f33	srl	x30,x14,x11	 x14:0x00000000 x11:0xfefe271d x30=0x00000000
        6265000	       625	800007f8	00000013	addi	x0,x0,0	  x0:0x00000000
        6275000	       626	800007fc	faab4b93	xori	x23,x22,-86	 x22:0x00000001 x23=0xffffffab
        6285000	       627	80000800	03705663	bge	x0,x23,8000082c	  x0:0x00000000 x23:0xffffffab
        6295000	       628	00000000	00000013	addi	x0,x0,0	  x0:0x00000000
        6305000	       629	80000828	00000013	addi	x0,x0,0	  x0:0x00000000
        6315000	       630	8000082c	011f6e63	bltu	x30,x17,80000848	 x30:0x00000000 x17:0x00000551
        6325000	       631	00000000	00000013	addi	x0,x0,0	  x0:0x00000000
        6335000	       632	80000844	00000013	addi	x0,x0,0	  x0:0x00000000
        6345000	       633	80000848	74df34b7	lui	x9,0x74df3	  x9=0x74df3000
        6355000	       634	8000084c	00456133	or	x2,x10,x4	 x10:0x00000000  x4:0x00000009  x2=0x00000009
        6365000	       635	80000850	00aefe33	and	x28,x29,x10	 x29:0x00000000 x10:0x00000000 x28=0x00000000
        6375000	       636	80000854	03c5dc63	bge	x11,x28,8000088c	 x11:0xfefe271d x28:0x00000000
        6385000	       637	80000858	034b6e63	bltu	x22,x20,80000894	 x22:0x00000001 x20:0x00000000
        6395000	       638	8000085c	ccfbc913	xori	x18,x23,-817	 x23:0xffffffab x18=0x00000364
        6405000	       639	80000860	0150da63	bge	x1,x21,80000874	  x1:0xfefe271d x21:0x00000000
        6415000	       640	80000864	046b1863	bne	x22,x6,800008b4	 x22:0x00000001  x6:0x00000000
        6425000	       641	00000000	00000013	addi	x0,x0,0	  x0:0x00000000
        6435000	       642	800008b0	00000013	addi	x0,x0,0	  x0:0x00000000
        6445000	       643	800008b4	40688cb3	sub	x25,x17,x6	 x17:0x00000551  x6:0x00000000 x25=0x00000551
        6455000	       644	800008b8	0461f463	bgeu	x3,x6,80000900	  x3:0xfff00013  x6:0x00000000
        6465000	       645	00000000	00000013	addi	x0,x0,0	  x0:0x00000000
        6475000	       646	800008fc	00000013	addi	x0,x0,0	  x0:0x00000000
        6485000	       647	80000900	40b08bb3	sub	x23,x1,x11	  x1:0xfefe271d x11:0xfefe271d x23=0x00000000
        6495000	       648	80000904	41490133	sub	x2,x18,x20	 x18:0x00000364 x20:0x00000000  x2=0x00000364
        6505000	       649	80000908	00000013	addi	x0,x0,0	  x0:0x00000000
        6515000	       650	8000090c	00000013	addi	x0,x0,0	  x0:0x00000000
        6525000	       651	80000910	0027e263	bltu	x15,x2,80000914	 x15:0x95c22169  x2:0x00000364
        6535000	       652	80000914	0085adb3	slt	x27,x11,x8	 x11:0xfefe271d  x8:0x80009fc4 x27=0x00000000
        6545000	       653	80000918	deedae97	auipc	x29,0xdeeda	 x29=0x5eeda914
        6555000	       654	8000091c	4146dfb3	sra	x31,x13,x20	 x13:0x00000000 x20:0x00000000 x31=0x00000000
        6565000	       655	80000920	aecfaf13	slti	x30,x31,-1300	 x31:0x00000000 x30=0x00000000
        6575000	       656	80000924	9c100693	addi	x13,x0,-1599	  x0:0x00000000 x13=0xfffff9c1
        6585000	       657	80000928	9cfe0a13	addi	x20,x28,-1585	 x28:0x00000000 x20=0xfffff9cf
        6595000	       658	8000092c	59201697	auipc	x13,0x59201	 x13=0xd9201928
        6605000	       659	80000930	5601f493	andi	x9,x3,1376	  x3:0xfff00013  x9=0x00000000
        6615000	       660	80000934	02855c63	bge	x10,x8,8000096c	 x10:0x00000000  x8:0x80009fc4
        6625000	       661	00000000	00000013	addi	x0,x0,0	  x0:0x00000000
        6635000	       662	80000968	00000013	addi	x0,x0,0	  x0:0x00000000
        6645000	       663	8000096c	12c0f137	lui	x2,0x12c0f	  x2=0x12c0f000
        6655000	       664	80000970	01255a63	bge	x10,x18,80000984	 x10:0x00000000 x18:0x00000364
        6665000	       665	80000974	6646e493	ori	x9,x13,1636	 x13:0xd9201928  x9=0xd9201f6c
        6675000	       666	80000978	008906b3	add	x13,x18,x8	 x18:0x00000364  x8:0x80009fc4 x13=0x8000a328
        6685000	       667	8000097c	0037fcb3	and	x25,x15,x3	 x15:0x95c22169  x3:0xfff00013 x25=0x95c00001
        6695000	       668	80000980	04e44863	blt	x8,x14,800009d0	  x8:0x80009fc4 x14:0x00000000
        6705000	       669	00000000	00000013	addi	x0,x0,0	  x0:0x00000000
        6715000	       670	800009cc	00000013	addi	x0,x0,0	  x0:0x00000000
        6725000	       671	800009d0	005f6e63	bltu	x30,x5,800009ec	 x30:0x00000000  x5:0x0000052f
        6735000	       672	00000000	00000013	addi	x0,x0,0	  x0:0x00000000
        6745000	       673	800009e8	00000013	addi	x0,x0,0	  x0:0x00000000
        6755000	       674	800009ec	0209ce63	blt	x19,x0,80000a28	 x19:0x00000001  x0:0x00000000
        6765000	       675	800009f0	4173d313	srai	x6,x7,0x17	  x7:0xfefe27bf  x6=0xfffffffd
        6775000	       676	800009f4	41560033	sub	x0,x12,x21	 x12:0x00000000 x21:0x00000000
        6785000	       677	800009f8	01e337b3	sltu	x15,x6,x30	  x6:0xfffffffd x30:0x00000000 x15=0x00000000
        6795000	       678	800009fc	004a1863	bne	x20,x4,80000a0c	 x20:0xfffff9cf  x4:0x00000009
        6805000	       679	00000000	00000013	addi	x0,x0,0	  x0:0x00000000
        6815000	       680	80000a08	00000013	addi	x0,x0,0	  x0:0x00000000
        6825000	       681	80000a0c	014dd233	srl	x4,x27,x20	 x27:0x00000000 x20:0xfffff9cf  x4=0x00000000
        6835000	       682	80000a10	13ac8893	addi	x17,x25,314	 x25:0x95c00001 x17=0x95c0013b
        6845000	       683	80000a14	00911133	sll	x2,x2,x9	  x2:0x12c0f000  x9:0xd9201f6c  x2=0x0f000000
        6855000	       684	80000a18	047b6263	bltu	x22,x7,80000a5c	 x22:0x00000001  x7:0xfefe27bf
        6865000	       685	00000000	00000013	addi	x0,x0,0	  x0:0x00000000
        6875000	       686	80000a58	00000013	addi	x0,x0,0	  x0:0x00000000
        6885000	       687	80000a5c	f284b013	sltiu	x0,x9,-216	  x9:0xd9201f6c
        6895000	       688	80000a60	00d75693	srli	x13,x14,0xd	 x14:0x00000000 x13=0x00000000
        6905000	       689	80000a64	019cd6b3	srl	x13,x25,x25	 x25:0x95c00001 x25:0x95c00001 x13=0x4ae00000
        6915000	       690	80000a68	00177e33	and	x28,x14,x1	 x14:0x00000000  x1:0xfefe271d x28=0x00000000
        6925000	       691	80000a6c	41bcd013	srai	x0,x25,0x1b	 x25:0x95c00001
        6935000	       692	80000a70	017459b3	srl	x19,x8,x23	  x8:0x80009fc4 x23:0x00000000 x19=0x80009fc4
        6945000	       693	80000a74	00ebe1b3	or	x3,x23,x14	 x23:0x00000000 x14:0x00000000  x3=0x00000000
        6955000	       694	80000a78	00000013	addi	x0,x0,0	  x0:0x00000000
        6965000	       695	80000a7c	019a5c93	srli	x25,x20,0x19	 x20:0xfffff9cf x25=0x0000007f
        6975000	       696	80000a80	0084f263	bgeu	x9,x8,80000a84	  x9:0xd9201f6c  x8:0x80009fc4
        6985000	       697	00000000	00000013	addi	x0,x0,0	  x0:0x00000000
        6995000	       698	80000a80	00000013	addi	x0,x0,0	  x0:0x00000000
        7005000	       699	80000a84	8ddf5497	auipc	x9,0x8ddf5	  x9=0x0ddf5a80
        7015000	       700	80000a88	00d66133	or	x2,x12,x13	 x12:0x00000000 x13:0x4ae00000  x2=0x4ae00000
        7025000	       701	80000a8c	00343733	sltu	x14,x8,x3	  x8:0x80009fc4  x3:0x00000000 x14=0x00000000
        7035000	       702	80000a90	41c2d193	srai	x3,x5,0x1c	  x5:0x0000052f  x3=0x00000000
        7045000	       703	80000a94	0107b1b3	sltu	x3,x15,x16	 x15:0x00000000 x16:0x80009f58  x3=0x00000001
        7055000	       704	80000a98	0350f263	bgeu	x1,x21,80000abc	  x1:0xfefe271d x21:0x00000000
        7065000	       705	00000000	00000013	addi	x0,x0,0	  x0:0x00000000
        7075000	       706	80000ab8	00000013	addi	x0,x0,0	  x0:0x00000000
        7085000	       707	80000abc	00000013	addi	x0,x0,0	  x0:0x00000000
        7095000	       708	80000ac0	f6e96493	ori	x9,x18,-146	 x18:0x00000364  x9=0xffffff6e
        7105000	       709	80000ac4	00000013	addi	x0,x0,0	  x0:0x00000000
        7115000	       710	80000ac8	00a91493	slli	x9,x18,0xa	 x18:0x00000364  x9=0x000d9000
        7125000	       711	80000acc	0057ee63	bltu	x15,x5,80000ae8	 x15:0x00000000  x5:0x0000052f
        7135000	       712	00000000	00000013	addi	x0,x0,0	  x0:0x00000000
        7145000	       713	80000ae4	00000013	addi	x0,x0,0	  x0:0x00000000
        7155000	       714	80000ae8	0170cc33	xor	x24,x1,x23	  x1:0xfefe271d x23:0x00000000 x24=0xfefe271d
        7165000	       715	80000aec	00f48d33	add	x26,x9,x15	  x9:0x000d9000 x15:0x00000000 x26=0x000d9000
        7175000	       716	80000af0	00482a03	lw	x20,4(x16)	 x16:0x80009f58 x20=0x80000190 PA:0x80009f5c
        7185000	       717	80000af4	21953193	sltiu	x3,x10,537	 x10:0x00000000  x3=0x00000001
        7195000	       718	80000af8	41f08b33	sub	x22,x1,x31	  x1:0xfefe271d x31:0x00000000 x22=0xfefe271d
        7205000	       719	80000afc	02c80813	addi	x16,x16,44	 x16:0x80009f58 x16=0x80009f84
        7215000	       720	80000b00	40465c93	srai	x25,x12,0x4	 x12:0x00000000 x25=0x00000000
        7225000	       721	80000b04	256aa213	slti	x4,x21,598	 x21:0x00000000  x4=0x00000001
        7235000	       722	80000b08	00000013	addi	x0,x0,0	  x0:0x00000000
        7245000	       723	80000b0c	00350bb3	add	x23,x10,x3	 x10:0x00000000  x3:0x00000001 x23=0x00000001
        7255000	       724	80000b10	001a0c93	addi	x25,x20,1	 x20:0x80000190 x25=0x80000191
        7265000	       725	80000b14	000c8ce7	jalr	x25,x25,0	 x25:0x80000191 x25=0x80000b14
        7275000	       726	00000000	00000013	addi	x0,x0,0	  x0:0x00000000
        7285000	       727	80000190	00000013	addi	x0,x0,0	  x0:0x00000000
        7295000	       728	80000194	00003297	auipc	x5,0x3	  x5=0x80003190
        7305000	       729	80000198	d3c28293	addi	x5,x5,-708	  x5:0x80003190  x5=0x80002ecc
        7315000	       730	8000019c	f5c28293	addi	x5,x5,-164	  x5:0x80002ecc  x5=0x80002e28
        7325000	       731	800001a0	00000013	addi	x0,x0,0	  x0:0x00000000
        7335000	       732	800001a4	00147f33	and	x30,x8,x1	  x8:0x80009fc4  x1:0xfefe271d x30=0x80000704
        7345000	       733	800001a8	e766fe93	andi	x29,x13,-394	 x13:0x4ae00000 x29=0x4ae00000
        7355000	       734	800001ac	007c97b3	sll	x15,x25,x7	 x25:0x80000b14  x7:0xfefe27bf x15=0x00000000
        7365000	       735	800001b0	011d34b3	sltu	x9,x26,x17	 x26:0x000d9000 x17:0x95c0013b  x9=0x00000001
        7375000	       736	800001b4	009d85b3	add	x11,x27,x9	 x27:0x00000000  x9:0x00000001 x11=0x00000001
        7385000	       737	800001b8	00f9c863	blt	x19,x15,800001c8	 x19:0x80009fc4 x15:0x00000000
        7395000	       738	00000000	00000013	addi	x0,x0,0	  x0:0x00000000
        7405000	       739	800001c4	00000013	addi	x0,x0,0	  x0:0x00000000
        7415000	       740	800001c8	0a428a67	jalr	x20,x5,164	  x5:0x80002e28 x20=0x800001c8
        7425000	       741	00000000	00000013	addi	x0,x0,0	  x0:0x00000000
        7435000	       742	80002ecc	00000013	addi	x0,x0,0	  x0:0x00000000
        7445000	       743	80002ed0	015f8463	beq	x31,x21,80002ed8	 x31:0x00000000 x21:0x00000000
        7455000	       744	00000000	00000013	addi	x0,x0,0	  x0:0x00000000
        7465000	       745	80002ed4	00000013	addi	x0,x0,0	  x0:0x00000000
        7475000	       746	80002ed8	fe080813	addi	x16,x16,-32	 x16:0x80009f84 x16=0x80009f64
        7485000	       747	80002edc	41cc5e13	srai	x28,x24,0x1c	 x24:0xfefe271d x28=0xffffffff
        7495000	       748	80002ee0	40c68c33	sub	x24,x13,x12	 x13:0x4ae00000 x12:0x00000000 x24=0x4ae00000
        7505000	       749	80002ee4	01da1293	slli	x5,x20,0x1d	 x20:0x800001c8  x5=0x00000000
        7515000	       750	80002ee8	01482223	sw	x20,4(x16)	 x16:0x80009f64 x20:0x800001c8 PA:0x80009f68
        7525000	       751	80002eec	4166d313	srai	x6,x13,0x16	 x13:0x4ae00000  x6=0x0000012b
        7535000	       752	80002ef0	00671693	slli	x13,x14,0x6	 x14:0x00000000 x13=0x00000000
        7545000	       753	80002ef4	01924133	xor	x2,x4,x25	  x4:0x00000001 x25:0x80000b14  x2=0x80000b15
        7555000	       754	80002ef8	00ac4863	blt	x24,x10,80002f08	 x24:0x4ae00000 x10:0x00000000
        7565000	       755	80002efc	10007d93	andi	x27,x0,256	  x0:0x00000000 x27=0x00000000
        7575000	       756	80002f00	01b4dc63	bge	x9,x27,80002f18	  x9:0x00000001 x27:0x00000000
        7585000	       757	00000000	00000013	addi	x0,x0,0	  x0:0x00000000
        7595000	       758	80002f14	00000013	addi	x0,x0,0	  x0:0x00000000
        7605000	       759	80002f18	ba88ba17	auipc	x20,0xba88b	 x20=0x3a88df14
        7615000	       760	80002f1c	19003bb7	lui	x23,0x19003	 x23=0x19003000
        7625000	       761	80002f20	00482a03	lw	x20,4(x16)	 x16:0x80009f64 x20=0x800001c8 PA:0x80009f68
        7635000	       762	80002f24	40fc5133	sra	x2,x24,x15	 x24:0x4ae00000 x15:0x00000000  x2=0x4ae00000
        7645000	       763	80002f28	a47795b7	lui	x11,0xa4779	 x11=0xa4779000
        7655000	       764	80002f2c	7e61a913	slti	x18,x3,2022	  x3:0x00000001 x18=0x00000001
        7665000	       765	80002f30	00000013	addi	x0,x0,0	  x0:0x00000000
        7675000	       766	80002f34	02080813	addi	x16,x16,32	 x16:0x80009f64 x16=0x80009f84
        7685000	       767	80002f38	01bf51b3	srl	x3,x30,x27	 x30:0x80000704 x27:0x00000000  x3=0x80000704
        7695000	       768	80002f3c	82362293	slti	x5,x12,-2013	 x12:0x00000000  x5=0x00000000
        7705000	       769	80002f40	000a0693	addi	x13,x20,0	 x20:0x800001c8 x13=0x800001c8
        7715000	       770	80002f44	000686e7	jalr	x13,x13,0	 x13:0x800001c8 x13=0x80002f44
        7725000	       771	00000000	00000013	addi	x0,x0,0	  x0:0x00000000
        7735000	       772	800001c8	00000013	addi	x0,x0,0	  x0:0x00000000
        7745000	       773	800001cc	00c05d13	srli	x26,x0,0xc	  x0:0x00000000 x26=0x00000000
        7755000	       774	800001d0	00001597	auipc	x11,0x1	 x11=0x800011cc
        7765000	       775	800001d4	c4458593	addi	x11,x11,-956	 x11:0x800011cc x11=0x80000e10
        7775000	       776	800001d8	a02f7113	andi	x2,x30,-1534	 x30:0x80000704  x2=0x80000200
        7785000	       777	800001dc	0189c033	xor	x0,x19,x24	 x19:0x80009fc4 x24:0x4ae00000
        7795000	       778	800001e0	18358593	addi	x11,x11,387	 x11:0x80000e10 x11=0x80000f93
        7805000	       779	800001e4	018eb033	sltu	x0,x29,x24	 x29:0x4ae00000 x24:0x4ae00000
        7815000	       780	800001e8	13540113	addi	x2,x8,309	  x8:0x80009fc4  x2=0x8000a0f9
        7825000	       781	800001ec	e7e58a67	jalr	x20,x11,-386	 x11:0x80000f93 x20=0x800001ec
        7835000	       782	00000000	00000013	addi	x0,x0,0	  x0:0x00000000
        7845000	       783	80000e10	00000013	addi	x0,x0,0	  x0:0x00000000
        7855000	       784	80000e14	0119cc63	blt	x19,x17,80000e2c	 x19:0x80009fc4 x17:0x95c0013b
        7865000	       785	00000000	00000013	addi	x0,x0,0	  x0:0x00000000
        7875000	       786	80000e28	00000013	addi	x0,x0,0	  x0:0x00000000
        7885000	       787	80000e2c	fcc80813	addi	x16,x16,-52	 x16:0x80009f84 x16=0x80009f50
        7895000	       788	80000e30	95a23eb7	lui	x29,0x95a23	 x29=0x95a23000
        7905000	       789	80000e34	11368a93	addi	x21,x13,275	 x13:0x80002f44 x21=0x80003057
        7915000	       790	80000e38	01482223	sw	x20,4(x16)	 x16:0x80009f50 x20:0x800001ec PA:0x80009f54
        7925000	       791	80000e3c	0bf63993	sltiu	x19,x12,191	 x12:0x00000000 x19=0x00000001
        7935000	       792	80000e40	fff00393	addi	x7,x0,-1	  x0:0x00000000  x7=0xffffffff
        7945000	       793	80000e44	40c7d7b3	sra	x15,x15,x12	 x15:0x00000000 x12:0x00000000 x15=0x00000000
        7955000	       794	80000e48	00574db3	xor	x27,x14,x5	 x14:0x00000000  x5:0x00000000 x27=0x00000000
        7965000	       795	80000e4c	01a49113	slli	x2,x9,0x1a	  x9:0x00000001  x2=0x04000000
        7975000	       796	80000e50	cca0b213	sltiu	x4,x1,-822	  x1:0xfefe271d  x4=0x00000001
        7985000	       797	80000e54	ba15a4b7	lui	x9,0xba15a	  x9=0xba15a000
        7995000	       798	80000e58	00c00a13	addi	x20,x0,12	  x0:0x00000000 x20=0x0000000c
        8005000	       799	80000e5c	41ca8fb3	sub	x31,x21,x28	 x21:0x80003057 x28:0xffffffff x31=0x80003058
        8015000	       800	80000e60	0027d113	srli	x2,x15,0x2	 x15:0x00000000  x2=0x00000000
        8025000	       801	80000e64	c2032293	slti	x5,x6,-992	  x6:0x0000012b  x5=0x00000000
        8035000	       802	80000e68	01f0a5b3	slt	x11,x1,x31	  x1:0xfefe271d x31:0x80003058 x11=0x00000000
        8045000	       803	80000e6c	009fe2b3	or	x5,x31,x9	 x31:0x80003058  x9:0xba15a000  x5=0xba15b058
        8055000	       804	80000e70	00438393	addi	x7,x7,4	  x7:0xffffffff  x7=0x00000003
        8065000	       805	80000e74	40f8d293	srai	x5,x17,0xf	 x17:0x95c0013b  x5=0xffff2b80
        8075000	       806	80000e78	0082cb33	xor	x22,x5,x8	  x5:0xffff2b80  x8:0x80009fc4 x22=0x7fffb444
        8085000	       807	80000e7c	ffb00193	addi	x3,x0,-5	  x0:0x00000000  x3=0xfffffffb
        8095000	       808	80000e80	4199d4b3	sra	x9,x19,x25	 x19:0x00000001 x25:0x80000b14  x9=0x00000000
        8105000	       809	80000e84	01931733	sll	x14,x6,x25	  x6:0x0000012b x25:0x80000b14 x14=0x12b00000
        8115000	       810	80000e88	00b00613	addi	x12,x0,11	  x0:0x00000000 x12=0x0000000b
        8125000	       811	80000e8c	01046bb3	or	x23,x8,x16	  x8:0x80009fc4 x16:0x80009f50 x23=0x80009fd4
        8135000	       812	80000e90	f4843113	sltiu	x2,x8,-184	  x8:0x80009fc4  x2=0x00000001
        8145000	       813	80000e94	547e1cb7	lui	x25,0x547e1	 x25=0x547e1000
        8155000	       814	80000e98	41b55d93	srai	x27,x10,0x1b	 x10:0x00000000 x27=0x00000000
        8165000	       815	80000e9c	00000013	addi	x0,x0,0	  x0:0x00000000
        8175000	       816	80000ea0	00f85113	srli	x2,x16,0xf	 x16:0x80009f50  x2=0x00010001
        8185000	       817	80000ea4	00318193	addi	x3,x3,3	  x3:0xfffffffb  x3=0xfffffffe
        8195000	       818	80000ea8	402504b3	sub	x9,x10,x2	 x10:0x00000000  x2:0x00010001  x9=0xfffeffff
        8205000	       819	80000eac	fec1e2e3	bltu	x3,x12,80000e90	  x3:0xfffffffe x12:0x0000000b
        8215000	       820	80000eb0	010ad313	srli	x6,x21,0x10	 x21:0x80003057  x6=0x00008000
        8225000	       821	80000eb4	fb43e8e3	bltu	x7,x20,80000e64	  x7:0x00000003 x20:0x0000000c
        8235000	       822	00000000	00000013	addi	x0,x0,0	  x0:0x00000000
        8245000	       823	80000e60	00000013	addi	x0,x0,0	  x0:0x00000000
        8255000	       824	80000e64	c2032293	slti	x5,x6,-992	  x6:0x00008000  x5=0x00000000
        8265000	       825	80000e68	01f0a5b3	slt	x11,x1,x31	  x1:0xfefe271d x31:0x80003058 x11=0x00000000
        8275000	       826	80000e6c	009fe2b3	or	x5,x31,x9	 x31:0x80003058  x9:0xfffeffff  x5=0xfffeffff
        8285000	       827	80000e70	00438393	addi	x7,x7,4	  x7:0x00000003  x7=0x00000007
        8295000	       828	80000e74	40f8d293	srai	x5,x17,0xf	 x17:0x95c0013b  x5=0xffff2b80
        8305000	       829	80000e78	0082cb33	xor	x22,x5,x8	  x5:0xffff2b80  x8:0x80009fc4 x22=0x7fffb444
        8315000	       830	80000e7c	ffb00193	addi	x3,x0,-5	  x0:0x00000000  x3=0xfffffffb
        8325000	       831	80000e80	4199d4b3	sra	x9,x19,x25	 x19:0x00000001 x25:0x547e1000  x9=0x00000001
        8335000	       832	80000e84	01931733	sll	x14,x6,x25	  x6:0x00008000 x25:0x547e1000 x14=0x00008000
        8345000	       833	80000e88	00b00613	addi	x12,x0,11	  x0:0x00000000 x12=0x0000000b
        8355000	       834	80000e8c	01046bb3	or	x23,x8,x16	  x8:0x80009fc4 x16:0x80009f50 x23=0x80009fd4
        8365000	       835	80000e90	f4843113	sltiu	x2,x8,-184	  x8:0x80009fc4  x2=0x00000001
        8375000	       836	80000e94	547e1cb7	lui	x25,0x547e1	 x25=0x547e1000
        8385000	       837	80000e98	41b55d93	srai	x27,x10,0x1b	 x10:0x00000000 x27=0x00000000
        8395000	       838	80000e9c	00000013	addi	x0,x0,0	  x0:0x00000000
        8405000	       839	80000ea0	00f85113	srli	x2,x16,0xf	 x16:0x80009f50  x2=0x00010001
        8415000	       840	80000ea4	00318193	addi	x3,x3,3	  x3:0xfffffffb  x3=0xfffffffe
        8425000	       841	80000ea8	402504b3	sub	x9,x10,x2	 x10:0x00000000  x2:0x00010001  x9=0xfffeffff
        8435000	       842	80000eac	fec1e2e3	bltu	x3,x12,80000e90	  x3:0xfffffffe x12:0x0000000b
        8445000	       843	80000eb0	010ad313	srli	x6,x21,0x10	 x21:0x80003057  x6=0x00008000
        8455000	       844	80000eb4	fb43e8e3	bltu	x7,x20,80000e64	  x7:0x00000007 x20:0x0000000c
        8465000	       845	00000000	00000013	addi	x0,x0,0	  x0:0x00000000
        8475000	       846	80000e60	00000013	addi	x0,x0,0	  x0:0x00000000
        8485000	       847	80000e64	c2032293	slti	x5,x6,-992	  x6:0x00008000  x5=0x00000000
        8495000	       848	80000e68	01f0a5b3	slt	x11,x1,x31	  x1:0xfefe271d x31:0x80003058 x11=0x00000000
        8505000	       849	80000e6c	009fe2b3	or	x5,x31,x9	 x31:0x80003058  x9:0xfffeffff  x5=0xfffeffff
        8515000	       850	80000e70	00438393	addi	x7,x7,4	  x7:0x00000007  x7=0x0000000b
        8525000	       851	80000e74	40f8d293	srai	x5,x17,0xf	 x17:0x95c0013b  x5=0xffff2b80
        8535000	       852	80000e78	0082cb33	xor	x22,x5,x8	  x5:0xffff2b80  x8:0x80009fc4 x22=0x7fffb444
        8545000	       853	80000e7c	ffb00193	addi	x3,x0,-5	  x0:0x00000000  x3=0xfffffffb
        8555000	       854	80000e80	4199d4b3	sra	x9,x19,x25	 x19:0x00000001 x25:0x547e1000  x9=0x00000001
        8565000	       855	80000e84	01931733	sll	x14,x6,x25	  x6:0x00008000 x25:0x547e1000 x14=0x00008000
        8575000	       856	80000e88	00b00613	addi	x12,x0,11	  x0:0x00000000 x12=0x0000000b
        8585000	       857	80000e8c	01046bb3	or	x23,x8,x16	  x8:0x80009fc4 x16:0x80009f50 x23=0x80009fd4
        8595000	       858	80000e90	f4843113	sltiu	x2,x8,-184	  x8:0x80009fc4  x2=0x00000001
        8605000	       859	80000e94	547e1cb7	lui	x25,0x547e1	 x25=0x547e1000
        8615000	       860	80000e98	41b55d93	srai	x27,x10,0x1b	 x10:0x00000000 x27=0x00000000
        8625000	       861	80000e9c	00000013	addi	x0,x0,0	  x0:0x00000000
        8635000	       862	80000ea0	00f85113	srli	x2,x16,0xf	 x16:0x80009f50  x2=0x00010001
        8645000	       863	80000ea4	00318193	addi	x3,x3,3	  x3:0xfffffffb  x3=0xfffffffe
        8655000	       864	80000ea8	402504b3	sub	x9,x10,x2	 x10:0x00000000  x2:0x00010001  x9=0xfffeffff
        8665000	       865	80000eac	fec1e2e3	bltu	x3,x12,80000e90	  x3:0xfffffffe x12:0x0000000b
        8675000	       866	80000eb0	010ad313	srli	x6,x21,0x10	 x21:0x80003057  x6=0x00008000
        8685000	       867	80000eb4	fb43e8e3	bltu	x7,x20,80000e64	  x7:0x0000000b x20:0x0000000c
        8695000	       868	00000000	00000013	addi	x0,x0,0	  x0:0x00000000
        8705000	       869	80000e60	00000013	addi	x0,x0,0	  x0:0x00000000
        8715000	       870	80000e64	c2032293	slti	x5,x6,-992	  x6:0x00008000  x5=0x00000000
        8725000	       871	80000e68	01f0a5b3	slt	x11,x1,x31	  x1:0xfefe271d x31:0x80003058 x11=0x00000000
        8735000	       872	80000e6c	009fe2b3	or	x5,x31,x9	 x31:0x80003058  x9:0xfffeffff  x5=0xfffeffff
        8745000	       873	80000e70	00438393	addi	x7,x7,4	  x7:0x0000000b  x7=0x0000000f
        8755000	       874	80000e74	40f8d293	srai	x5,x17,0xf	 x17:0x95c0013b  x5=0xffff2b80
        8765000	       875	80000e78	0082cb33	xor	x22,x5,x8	  x5:0xffff2b80  x8:0x80009fc4 x22=0x7fffb444
        8775000	       876	80000e7c	ffb00193	addi	x3,x0,-5	  x0:0x00000000  x3=0xfffffffb
        8785000	       877	80000e80	4199d4b3	sra	x9,x19,x25	 x19:0x00000001 x25:0x547e1000  x9=0x00000001
        8795000	       878	80000e84	01931733	sll	x14,x6,x25	  x6:0x00008000 x25:0x547e1000 x14=0x00008000
        8805000	       879	80000e88	00b00613	addi	x12,x0,11	  x0:0x00000000 x12=0x0000000b
        8815000	       880	80000e8c	01046bb3	or	x23,x8,x16	  x8:0x80009fc4 x16:0x80009f50 x23=0x80009fd4
        8825000	       881	80000e90	f4843113	sltiu	x2,x8,-184	  x8:0x80009fc4  x2=0x00000001
        8835000	       882	80000e94	547e1cb7	lui	x25,0x547e1	 x25=0x547e1000
        8845000	       883	80000e98	41b55d93	srai	x27,x10,0x1b	 x10:0x00000000 x27=0x00000000
        8855000	       884	80000e9c	00000013	addi	x0,x0,0	  x0:0x00000000
        8865000	       885	80000ea0	00f85113	srli	x2,x16,0xf	 x16:0x80009f50  x2=0x00010001
        8875000	       886	80000ea4	00318193	addi	x3,x3,3	  x3:0xfffffffb  x3=0xfffffffe
        8885000	       887	80000ea8	402504b3	sub	x9,x10,x2	 x10:0x00000000  x2:0x00010001  x9=0xfffeffff
        8895000	       888	80000eac	fec1e2e3	bltu	x3,x12,80000e90	  x3:0xfffffffe x12:0x0000000b
        8905000	       889	80000eb0	010ad313	srli	x6,x21,0x10	 x21:0x80003057  x6=0x00008000
        8915000	       890	80000eb4	fb43e8e3	bltu	x7,x20,80000e64	  x7:0x0000000f x20:0x0000000c
        8925000	       891	80000eb8	aae43c13	sltiu	x24,x8,-1362	  x8:0x80009fc4 x24=0x00000001
        8935000	       892	80000ebc	ff800193	addi	x3,x0,-8	  x0:0x00000000  x3=0xfffffff8
        8945000	       893	80000ec0	44a9ea93	ori	x21,x19,1098	 x19:0x00000001 x21=0x0000044b
        8955000	       894	80000ec4	00000013	addi	x0,x0,0	  x0:0x00000000
        8965000	       895	80000ec8	40460ab3	sub	x21,x12,x4	 x12:0x0000000b  x4:0x00000001 x21=0x0000000a
        8975000	       896	80000ecc	9ff80e17	auipc	x28,0x9ff80	 x28=0x1ff80ec8
        8985000	       897	80000ed0	019b4733	xor	x14,x22,x25	 x22:0x7fffb444 x25:0x547e1000 x14=0x2b81a444
        8995000	       898	80000ed4	01400e93	addi	x29,x0,20	  x0:0x00000000 x29=0x00000014
        9005000	       899	80000ed8	41b25793	srai	x15,x4,0x1b	  x4:0x00000001 x15=0x00000000
        9015000	       900	80000edc	73737f37	lui	x30,0x73737	 x30=0x73737000
        9025000	       901	80000ee0	0a7f7593	andi	x11,x30,167	 x30:0x73737000 x11=0x00000000
        9035000	       902	80000ee4	00718193	addi	x3,x3,7	  x3:0xfffffff8  x3=0xffffffff
        9045000	       903	80000ee8	004e78b3	and	x17,x28,x4	 x28:0x1ff80ec8  x4:0x00000001 x17=0x00000000
        9055000	       904	80000eec	00c6d793	srli	x15,x13,0xc	 x13:0x80002f44 x15=0x00080002
        9065000	       905	80000ef0	0014bdb3	sltu	x27,x9,x1	  x9:0xfffeffff  x1:0xfefe271d x27=0x00000000
        9075000	       906	80000ef4	5234f213	andi	x4,x9,1315	  x9:0xfffeffff  x4=0x00000523
        9085000	       907	80000ef8	5c267493	andi	x9,x12,1474	 x12:0x0000000b  x9=0x00000002
        9095000	       908	80000efc	ffd190e3	bne	x3,x29,80000edc	  x3:0xffffffff x29:0x00000014
        9105000	       909	00000000	00000013	addi	x0,x0,0	  x0:0x00000000
        9115000	       910	80000ed8	00000013	addi	x0,x0,0	  x0:0x00000000
        9125000	       911	80000edc	73737f37	lui	x30,0x73737	 x30=0x73737000
        9135000	       912	80000ee0	0a7f7593	andi	x11,x30,167	 x30:0x73737000 x11=0x00000000
        9145000	       913	80000ee4	00718193	addi	x3,x3,7	  x3:0xffffffff  x3=0x00000006
        9155000	       914	80000ee8	004e78b3	and	x17,x28,x4	 x28:0x1ff80ec8  x4:0x00000523 x17=0x00000400
        9165000	       915	80000eec	00c6d793	srli	x15,x13,0xc	 x13:0x80002f44 x15=0x00080002
        9175000	       916	80000ef0	0014bdb3	sltu	x27,x9,x1	  x9:0x00000002  x1:0xfefe271d x27=0x00000001
        9185000	       917	80000ef4	5234f213	andi	x4,x9,1315	  x9:0x00000002  x4=0x00000002
        9195000	       918	80000ef8	5c267493	andi	x9,x12,1474	 x12:0x0000000b  x9=0x00000002
        9205000	       919	80000efc	ffd190e3	bne	x3,x29,80000edc	  x3:0x00000006 x29:0x00000014
        9215000	       920	00000000	00000013	addi	x0,x0,0	  x0:0x00000000
        9225000	       921	80000ed8	00000013	addi	x0,x0,0	  x0:0x00000000
        9235000	       922	80000edc	73737f37	lui	x30,0x73737	 x30=0x73737000
        9245000	       923	80000ee0	0a7f7593	andi	x11,x30,167	 x30:0x73737000 x11=0x00000000
        9255000	       924	80000ee4	00718193	addi	x3,x3,7	  x3:0x00000006  x3=0x0000000d
        9265000	       925	80000ee8	004e78b3	and	x17,x28,x4	 x28:0x1ff80ec8  x4:0x00000002 x17=0x00000000
        9275000	       926	80000eec	00c6d793	srli	x15,x13,0xc	 x13:0x80002f44 x15=0x00080002
        9285000	       927	80000ef0	0014bdb3	sltu	x27,x9,x1	  x9:0x00000002  x1:0xfefe271d x27=0x00000001
        9295000	       928	80000ef4	5234f213	andi	x4,x9,1315	  x9:0x00000002  x4=0x00000002
        9305000	       929	80000ef8	5c267493	andi	x9,x12,1474	 x12:0x0000000b  x9=0x00000002
        9315000	       930	80000efc	ffd190e3	bne	x3,x29,80000edc	  x3:0x0000000d x29:0x00000014
        9325000	       931	00000000	00000013	addi	x0,x0,0	  x0:0x00000000
        9335000	       932	80000ed8	00000013	addi	x0,x0,0	  x0:0x00000000
        9345000	       933	80000edc	73737f37	lui	x30,0x73737	 x30=0x73737000
        9355000	       934	80000ee0	0a7f7593	andi	x11,x30,167	 x30:0x73737000 x11=0x00000000
        9365000	       935	80000ee4	00718193	addi	x3,x3,7	  x3:0x0000000d  x3=0x00000014
        9375000	       936	80000ee8	004e78b3	and	x17,x28,x4	 x28:0x1ff80ec8  x4:0x00000002 x17=0x00000000
        9385000	       937	80000eec	00c6d793	srli	x15,x13,0xc	 x13:0x80002f44 x15=0x00080002
        9395000	       938	80000ef0	0014bdb3	sltu	x27,x9,x1	  x9:0x00000002  x1:0xfefe271d x27=0x00000001
        9405000	       939	80000ef4	5234f213	andi	x4,x9,1315	  x9:0x00000002  x4=0x00000002
        9415000	       940	80000ef8	5c267493	andi	x9,x12,1474	 x12:0x0000000b  x9=0x00000002
        9425000	       941	80000efc	ffd190e3	bne	x3,x29,80000edc	  x3:0x00000014 x29:0x00000014
        9435000	       942	80000f00	b1eba613	slti	x12,x23,-1250	 x23:0x80009fd4 x12=0x00000001
        9445000	       943	80000f04	00700d13	addi	x26,x0,7	  x0:0x00000000 x26=0x00000007
        9455000	       944	80000f08	00b934b3	sltu	x9,x18,x11	 x18:0x00000001 x11:0x00000000  x9=0x00000000
        9465000	       945	80000f0c	043c6393	ori	x7,x24,67	 x24:0x00000001  x7=0x00000043
        9475000	       946	80000f10	00500c13	addi	x24,x0,5	  x0:0x00000000 x24=0x00000005
        9485000	       947	80000f14	f7444793	xori	x15,x8,-140	  x8:0x80009fc4 x15=0x7fff60b0
        9495000	       948	80000f18	14157b13	andi	x22,x10,321	 x10:0x00000000 x22=0x00000000
        9505000	       949	80000f1c	005ca2b3	slt	x5,x25,x5	 x25:0x547e1000  x5:0xffff2b80  x5=0x00000000
        9515000	       950	80000f20	ffdd0d13	addi	x26,x26,-3	 x26:0x00000007 x26=0x00000004
        9525000	       951	80000f24	00117bb3	and	x23,x2,x1	  x2:0x00010001  x1:0xfefe271d x23=0x00000001
        9535000	       952	80000f28	00b7e533	or	x10,x15,x11	 x15:0x7fff60b0 x11:0x00000000 x10=0x7fff60b0
        9545000	       953	80000f2c	c7652393	slti	x7,x10,-906	 x10:0x7fff60b0  x7=0x00000000
        9555000	       954	80000f30	e2a9f397	auipc	x7,0xe2a9f	  x7=0x62a9ff2c
        9565000	       955	80000f34	015eee33	or	x28,x29,x21	 x29:0x00000014 x21:0x0000000a x28=0x0000001e
        9575000	       956	80000f38	ff8d70e3	bgeu	x26,x24,80000f18	 x26:0x00000004 x24:0x00000005
        9585000	       957	80000f3c	00000013	addi	x0,x0,0	  x0:0x00000000
        9595000	       958	80000f40	ffb00313	addi	x6,x0,-5	  x0:0x00000000  x6=0xfffffffb
        9605000	       959	80000f44	01b69b13	slli	x22,x13,0x1b	 x13:0x80002f44 x22=0x20000000
        9615000	       960	80000f48	41cf8633	sub	x12,x31,x28	 x31:0x80003058 x28:0x0000001e x12=0x8000303a
        9625000	       961	80000f4c	00ab5d33	srl	x26,x22,x10	 x22:0x20000000 x10:0x7fff60b0 x26=0x00002000
        9635000	       962	80000f50	6aff97b7	lui	x15,0x6aff9	 x15=0x6aff9000
        9645000	       963	80000f54	0044a933	slt	x18,x9,x4	  x9:0x00000000  x4:0x00000002 x18=0x00000001
        9655000	       964	80000f58	4826c113	xori	x2,x13,1154	 x13:0x80002f44  x2=0x80002bc6
        9665000	       965	80000f5c	00300f93	addi	x31,x0,3	  x0:0x00000000 x31=0x00000003
        9675000	       966	80000f60	01179f33	sll	x30,x15,x17	 x15:0x6aff9000 x17:0x00000000 x30=0x6aff9000
        9685000	       967	80000f64	89408e93	addi	x29,x1,-1900	  x1:0xfefe271d x29=0xfefe1fb1
        9695000	       968	80000f68	6fca2117	auipc	x2,0x6fca2	  x2=0xefca2f64
        9705000	       969	80000f6c	00dbf233	and	x4,x23,x13	 x23:0x00000001 x13:0x80002f44  x4=0x00000000
        9715000	       970	80000f70	8a4da393	slti	x7,x27,-1884	 x27:0x00000001  x7=0x00000000
        9725000	       971	80000f74	012a62b3	or	x5,x20,x18	 x20:0x0000000c x18:0x00000001  x5=0x0000000d
        9735000	       972	80000f78	c1ec8013	addi	x0,x25,-994	 x25:0x547e1000
        9745000	       973	80000f7c	01975f13	srli	x30,x14,0x19	 x14:0x2b81a444 x30=0x00000015
        9755000	       974	80000f80	00dc9b93	slli	x23,x25,0xd	 x25:0x547e1000 x23=0xc2000000
        9765000	       975	80000f84	017624b3	slt	x9,x12,x23	 x12:0x8000303a x23:0xc2000000  x9=0x00000001
        9775000	       976	80000f88	00a30313	addi	x6,x6,10	  x6:0xfffffffb  x6=0x00000005
        9785000	       977	80000f8c	011146b3	xor	x13,x2,x17	  x2:0xefca2f64 x17:0x00000000 x13=0xefca2f64
        9795000	       978	80000f90	010904b3	add	x9,x18,x16	 x18:0x00000001 x16:0x80009f50  x9=0x80009f51
        9805000	       979	80000f94	00460ab3	add	x21,x12,x4	 x12:0x8000303a  x4:0x00000000 x21=0x8000303a
        9815000	       980	80000f98	01cc3233	sltu	x4,x24,x28	 x24:0x00000005 x28:0x0000001e  x4=0x00000001
        9825000	       981	80000f9c	009925b3	slt	x11,x18,x9	 x18:0x00000001  x9:0x80009f51 x11=0x00000000
        9835000	       982	80000fa0	fdf366e3	bltu	x6,x31,80000f6c	  x6:0x00000005 x31:0x00000003
        9845000	       983	80000fa4	00e8e733	or	x14,x17,x14	 x17:0x00000000 x14:0x2b81a444 x14=0x2b81a444
        9855000	       984	80000fa8	00a00f93	addi	x31,x0,10	  x0:0x00000000 x31=0x0000000a
        9865000	       985	80000fac	ff900993	addi	x19,x0,-7	  x0:0x00000000 x19=0xfffffff9
        9875000	       986	80000fb0	a6a5be13	sltiu	x28,x11,-1430	 x11:0x00000000 x28=0x00000001
        9885000	       987	80000fb4	e08bb893	sltiu	x17,x23,-504	 x23:0xc2000000 x17=0x00000001
        9895000	       988	80000fb8	008c5333	srl	x6,x24,x8	 x24:0x00000005  x8:0x80009fc4  x6=0x00000000
        9905000	       989	80000fbc	93347f13	andi	x30,x8,-1741	  x8:0x80009fc4 x30=0x80009900
        9915000	       990	80000fc0	ffcf8f93	addi	x31,x31,-4	 x31:0x0000000a x31=0x00000006
        9925000	       991	80000fc4	40678db3	sub	x27,x15,x6	 x15:0x6aff9000  x6:0x00000000 x27=0x6aff9000
        9935000	       992	80000fc8	b992a893	slti	x17,x5,-1127	  x5:0x0000000d x17=0x00000000
        9945000	       993	80000fcc	0166b633	sltu	x12,x13,x22	 x13:0xefca2f64 x22:0x20000000 x12=0x00000000
        9955000	       994	80000fd0	008d1133	sll	x2,x26,x8	 x26:0x00002000  x8:0x80009fc4  x2=0x00020000
        9965000	       995	80000fd4	ff3fd0e3	bge	x31,x19,80000fb4	 x31:0x00000006 x19:0xfffffff9
        9975000	       996	00000000	00000013	addi	x0,x0,0	  x0:0x00000000
        9985000	       997	80000fb0	00000013	addi	x0,x0,0	  x0:0x00000000
        9995000	       998	80000fb4	e08bb893	sltiu	x17,x23,-504	 x23:0xc2000000 x17=0x00000001
       10005000	       999	80000fb8	008c5333	srl	x6,x24,x8	 x24:0x00000005  x8:0x80009fc4  x6=0x00000000
       10015000	      1000	80000fbc	93347f13	andi	x30,x8,-1741	  x8:0x80009fc4 x30=0x80009900
       10025000	      1001	80000fc0	ffcf8f93	addi	x31,x31,-4	 x31:0x00000006 x31=0x00000002
       10035000	      1002	80000fc4	40678db3	sub	x27,x15,x6	 x15:0x6aff9000  x6:0x00000000 x27=0x6aff9000
       10045000	      1003	80000fc8	b992a893	slti	x17,x5,-1127	  x5:0x0000000d x17=0x00000000
       10055000	      1004	80000fcc	0166b633	sltu	x12,x13,x22	 x13:0xefca2f64 x22:0x20000000 x12=0x00000000
       10065000	      1005	80000fd0	008d1133	sll	x2,x26,x8	 x26:0x00002000  x8:0x80009fc4  x2=0x00020000
       10075000	      1006	80000fd4	ff3fd0e3	bge	x31,x19,80000fb4	 x31:0x00000002 x19:0xfffffff9
       10085000	      1007	00000000	00000013	addi	x0,x0,0	  x0:0x00000000
       10095000	      1008	80000fb0	00000013	addi	x0,x0,0	  x0:0x00000000
       10105000	      1009	80000fb4	e08bb893	sltiu	x17,x23,-504	 x23:0xc2000000 x17=0x00000001
       10115000	      1010	80000fb8	008c5333	srl	x6,x24,x8	 x24:0x00000005  x8:0x80009fc4  x6=0x00000000
       10125000	      1011	80000fbc	93347f13	andi	x30,x8,-1741	  x8:0x80009fc4 x30=0x80009900
       10135000	      1012	80000fc0	ffcf8f93	addi	x31,x31,-4	 x31:0x00000002 x31=0xfffffffe
       10145000	      1013	80000fc4	40678db3	sub	x27,x15,x6	 x15:0x6aff9000  x6:0x00000000 x27=0x6aff9000
       10155000	      1014	80000fc8	b992a893	slti	x17,x5,-1127	  x5:0x0000000d x17=0x00000000
       10165000	      1015	80000fcc	0166b633	sltu	x12,x13,x22	 x13:0xefca2f64 x22:0x20000000 x12=0x00000000
       10175000	      1016	80000fd0	008d1133	sll	x2,x26,x8	 x26:0x00002000  x8:0x80009fc4  x2=0x00020000
       10185000	      1017	80000fd4	ff3fd0e3	bge	x31,x19,80000fb4	 x31:0xfffffffe x19:0xfffffff9
       10195000	      1018	00000000	00000013	addi	x0,x0,0	  x0:0x00000000
       10205000	      1019	80000fb0	00000013	addi	x0,x0,0	  x0:0x00000000
       10215000	      1020	80000fb4	e08bb893	sltiu	x17,x23,-504	 x23:0xc2000000 x17=0x00000001
       10225000	      1021	80000fb8	008c5333	srl	x6,x24,x8	 x24:0x00000005  x8:0x80009fc4  x6=0x00000000
       10235000	      1022	80000fbc	93347f13	andi	x30,x8,-1741	  x8:0x80009fc4 x30=0x80009900
       10245000	      1023	80000fc0	ffcf8f93	addi	x31,x31,-4	 x31:0xfffffffe x31=0xfffffffa
       10255000	      1024	80000fc4	40678db3	sub	x27,x15,x6	 x15:0x6aff9000  x6:0x00000000 x27=0x6aff9000
       10265000	      1025	80000fc8	b992a893	slti	x17,x5,-1127	  x5:0x0000000d x17=0x00000000
       10275000	      1026	80000fcc	0166b633	sltu	x12,x13,x22	 x13:0xefca2f64 x22:0x20000000 x12=0x00000000
       10285000	      1027	80000fd0	008d1133	sll	x2,x26,x8	 x26:0x00002000  x8:0x80009fc4  x2=0x00020000
       10295000	      1028	80000fd4	ff3fd0e3	bge	x31,x19,80000fb4	 x31:0xfffffffa x19:0xfffffff9
       10305000	      1029	00000000	00000013	addi	x0,x0,0	  x0:0x00000000
       10315000	      1030	80000fb0	00000013	addi	x0,x0,0	  x0:0x00000000
       10325000	      1031	80000fb4	e08bb893	sltiu	x17,x23,-504	 x23:0xc2000000 x17=0x00000001
       10335000	      1032	80000fb8	008c5333	srl	x6,x24,x8	 x24:0x00000005  x8:0x80009fc4  x6=0x00000000
       10345000	      1033	80000fbc	93347f13	andi	x30,x8,-1741	  x8:0x80009fc4 x30=0x80009900
       10355000	      1034	80000fc0	ffcf8f93	addi	x31,x31,-4	 x31:0xfffffffa x31=0xfffffff6
       10365000	      1035	80000fc4	40678db3	sub	x27,x15,x6	 x15:0x6aff9000  x6:0x00000000 x27=0x6aff9000
       10375000	      1036	80000fc8	b992a893	slti	x17,x5,-1127	  x5:0x0000000d x17=0x00000000
       10385000	      1037	80000fcc	0166b633	sltu	x12,x13,x22	 x13:0xefca2f64 x22:0x20000000 x12=0x00000000
       10395000	      1038	80000fd0	008d1133	sll	x2,x26,x8	 x26:0x00002000  x8:0x80009fc4  x2=0x00020000
       10405000	      1039	80000fd4	ff3fd0e3	bge	x31,x19,80000fb4	 x31:0xfffffff6 x19:0xfffffff9
       10415000	      1040	80000fd8	010a9b13	slli	x22,x21,0x10	 x21:0x8000303a x22=0x303a0000
       10425000	      1041	80000fdc	00200293	addi	x5,x0,2	  x0:0x00000000  x5=0x00000002
       10435000	      1042	80000fe0	1c15c693	xori	x13,x11,449	 x11:0x00000000 x13=0x000001c1
       10445000	      1043	80000fe4	01400593	addi	x11,x0,20	  x0:0x00000000 x11=0x00000014
       10455000	      1044	80000fe8	c1c43493	sltiu	x9,x8,-996	  x8:0x80009fc4  x9=0x00000001
       10465000	      1045	80000fec	00228293	addi	x5,x5,2	  x5:0x00000002  x5=0x00000004
       10475000	      1046	80000ff0	01f789b3	add	x19,x15,x31	 x15:0x6aff9000 x31:0xfffffff6 x19=0x6aff8ff6
       10485000	      1047	80000ff4	014a4a33	xor	x20,x20,x20	 x20:0x0000000c x20:0x0000000c x20=0x00000000
       10495000	      1048	80000ff8	00900513	addi	x10,x0,9	  x0:0x00000000 x10=0x00000009
       10505000	      1049	80000ffc	01725333	srl	x6,x4,x23	  x4:0x00000001 x23:0xc2000000  x6=0x00000001
       10515000	      1050	80001000	fff00793	addi	x15,x0,-1	  x0:0x00000000 x15=0xffffffff
       10525000	      1051	80001004	01ef2f33	slt	x30,x30,x30	 x30:0x80009900 x30:0x80009900 x30=0x00000000
       10535000	      1052	80001008	951b1a37	lui	x20,0x951b1	 x20=0x951b1000
       10545000	      1053	8000100c	41bd89b3	sub	x19,x27,x27	 x27:0x6aff9000 x27:0x6aff9000 x19=0x00000000
       10555000	      1054	80001010	ffe50513	addi	x10,x10,-2	 x10:0x00000009 x10=0x00000007
       10565000	      1055	80001014	41edd693	srai	x13,x27,0x1e	 x27:0x6aff9000 x13=0x00000001
       10575000	      1056	80001018	fef518e3	bne	x10,x15,80001008	 x10:0x00000007 x15:0xffffffff
       10585000	      1057	00000000	00000013	addi	x0,x0,0	  x0:0x00000000
       10595000	      1058	80001004	00000013	addi	x0,x0,0	  x0:0x00000000
       10605000	      1059	80001008	951b1a37	lui	x20,0x951b1	 x20=0x951b1000
       10615000	      1060	8000100c	41bd89b3	sub	x19,x27,x27	 x27:0x6aff9000 x27:0x6aff9000 x19=0x00000000
       10625000	      1061	80001010	ffe50513	addi	x10,x10,-2	 x10:0x00000007 x10=0x00000005
       10635000	      1062	80001014	41edd693	srai	x13,x27,0x1e	 x27:0x6aff9000 x13=0x00000001
       10645000	      1063	80001018	fef518e3	bne	x10,x15,80001008	 x10:0x00000005 x15:0xffffffff
       10655000	      1064	00000000	00000013	addi	x0,x0,0	  x0:0x00000000
       10665000	      1065	80001004	00000013	addi	x0,x0,0	  x0:0x00000000
       10675000	      1066	80001008	951b1a37	lui	x20,0x951b1	 x20=0x951b1000
       10685000	      1067	8000100c	41bd89b3	sub	x19,x27,x27	 x27:0x6aff9000 x27:0x6aff9000 x19=0x00000000
       10695000	      1068	80001010	ffe50513	addi	x10,x10,-2	 x10:0x00000005 x10=0x00000003
       10705000	      1069	80001014	41edd693	srai	x13,x27,0x1e	 x27:0x6aff9000 x13=0x00000001
       10715000	      1070	80001018	fef518e3	bne	x10,x15,80001008	 x10:0x00000003 x15:0xffffffff
       10725000	      1071	00000000	00000013	addi	x0,x0,0	  x0:0x00000000
       10735000	      1072	80001004	00000013	addi	x0,x0,0	  x0:0x00000000
       10745000	      1073	80001008	951b1a37	lui	x20,0x951b1	 x20=0x951b1000
       10755000	      1074	8000100c	41bd89b3	sub	x19,x27,x27	 x27:0x6aff9000 x27:0x6aff9000 x19=0x00000000
       10765000	      1075	80001010	ffe50513	addi	x10,x10,-2	 x10:0x00000003 x10=0x00000001
       10775000	      1076	80001014	41edd693	srai	x13,x27,0x1e	 x27:0x6aff9000 x13=0x00000001
       10785000	      1077	80001018	fef518e3	bne	x10,x15,80001008	 x10:0x00000001 x15:0xffffffff
       10795000	      1078	00000000	00000013	addi	x0,x0,0	  x0:0x00000000
       10805000	      1079	80001004	00000013	addi	x0,x0,0	  x0:0x00000000
       10815000	      1080	80001008	951b1a37	lui	x20,0x951b1	 x20=0x951b1000
       10825000	      1081	8000100c	41bd89b3	sub	x19,x27,x27	 x27:0x6aff9000 x27:0x6aff9000 x19=0x00000000
       10835000	      1082	80001010	ffe50513	addi	x10,x10,-2	 x10:0x00000001 x10=0xffffffff
       10845000	      1083	80001014	41edd693	srai	x13,x27,0x1e	 x27:0x6aff9000 x13=0x00000001
       10855000	      1084	80001018	fef518e3	bne	x10,x15,80001008	 x10:0xffffffff x15:0xffffffff
       10865000	      1085	8000101c	fcb296e3	bne	x5,x11,80000fe8	  x5:0x00000004 x11:0x00000014
       10875000	      1086	00000000	00000013	addi	x0,x0,0	  x0:0x00000000
       10885000	      1087	80000fe4	00000013	addi	x0,x0,0	  x0:0x00000000
       10895000	      1088	80000fe8	c1c43493	sltiu	x9,x8,-996	  x8:0x80009fc4  x9=0x00000001
       10905000	      1089	80000fec	00228293	addi	x5,x5,2	  x5:0x00000004  x5=0x00000006
       10915000	      1090	80000ff0	01f789b3	add	x19,x15,x31	 x15:0xffffffff x31:0xfffffff6 x19=0xfffffff5
       10925000	      1091	80000ff4	014a4a33	xor	x20,x20,x20	 x20:0x951b1000 x20:0x951b1000 x20=0x00000000
       10935000	      1092	80000ff8	00900513	addi	x10,x0,9	  x0:0x00000000 x10=0x00000009
       10945000	      1093	80000ffc	01725333	srl	x6,x4,x23	  x4:0x00000001 x23:0xc2000000  x6=0x00000001
       10955000	      1094	80001000	fff00793	addi	x15,x0,-1	  x0:0x00000000 x15=0xffffffff
       10965000	      1095	80001004	01ef2f33	slt	x30,x30,x30	 x30:0x00000000 x30:0x00000000 x30=0x00000000
       10975000	      1096	80001008	951b1a37	lui	x20,0x951b1	 x20=0x951b1000
       10985000	      1097	8000100c	41bd89b3	sub	x19,x27,x27	 x27:0x6aff9000 x27:0x6aff9000 x19=0x00000000
       10995000	      1098	80001010	ffe50513	addi	x10,x10,-2	 x10:0x00000009 x10=0x00000007
       11005000	      1099	80001014	41edd693	srai	x13,x27,0x1e	 x27:0x6aff9000 x13=0x00000001
       11015000	      1100	80001018	fef518e3	bne	x10,x15,80001008	 x10:0x00000007 x15:0xffffffff
       11025000	      1101	00000000	00000013	addi	x0,x0,0	  x0:0x00000000
       11035000	      1102	80001004	00000013	addi	x0,x0,0	  x0:0x00000000
       11045000	      1103	80001008	951b1a37	lui	x20,0x951b1	 x20=0x951b1000
       11055000	      1104	8000100c	41bd89b3	sub	x19,x27,x27	 x27:0x6aff9000 x27:0x6aff9000 x19=0x00000000
       11065000	      1105	80001010	ffe50513	addi	x10,x10,-2	 x10:0x00000007 x10=0x00000005
       11075000	      1106	80001014	41edd693	srai	x13,x27,0x1e	 x27:0x6aff9000 x13=0x00000001
       11085000	      1107	80001018	fef518e3	bne	x10,x15,80001008	 x10:0x00000005 x15:0xffffffff
       11095000	      1108	00000000	00000013	addi	x0,x0,0	  x0:0x00000000
       11105000	      1109	80001004	00000013	addi	x0,x0,0	  x0:0x00000000
       11115000	      1110	80001008	951b1a37	lui	x20,0x951b1	 x20=0x951b1000
       11125000	      1111	8000100c	41bd89b3	sub	x19,x27,x27	 x27:0x6aff9000 x27:0x6aff9000 x19=0x00000000
       11135000	      1112	80001010	ffe50513	addi	x10,x10,-2	 x10:0x00000005 x10=0x00000003
       11145000	      1113	80001014	41edd693	srai	x13,x27,0x1e	 x27:0x6aff9000 x13=0x00000001
       11155000	      1114	80001018	fef518e3	bne	x10,x15,80001008	 x10:0x00000003 x15:0xffffffff
       11165000	      1115	00000000	00000013	addi	x0,x0,0	  x0:0x00000000
       11175000	      1116	80001004	00000013	addi	x0,x0,0	  x0:0x00000000
       11185000	      1117	80001008	951b1a37	lui	x20,0x951b1	 x20=0x951b1000
       11195000	      1118	8000100c	41bd89b3	sub	x19,x27,x27	 x27:0x6aff9000 x27:0x6aff9000 x19=0x00000000
       11205000	      1119	80001010	ffe50513	addi	x10,x10,-2	 x10:0x00000003 x10=0x00000001
       11215000	      1120	80001014	41edd693	srai	x13,x27,0x1e	 x27:0x6aff9000 x13=0x00000001
       11225000	      1121	80001018	fef518e3	bne	x10,x15,80001008	 x10:0x00000001 x15:0xffffffff
       11235000	      1122	00000000	00000013	addi	x0,x0,0	  x0:0x00000000
       11245000	      1123	80001004	00000013	addi	x0,x0,0	  x0:0x00000000
       11255000	      1124	80001008	951b1a37	lui	x20,0x951b1	 x20=0x951b1000
       11265000	      1125	8000100c	41bd89b3	sub	x19,x27,x27	 x27:0x6aff9000 x27:0x6aff9000 x19=0x00000000
       11275000	      1126	80001010	ffe50513	addi	x10,x10,-2	 x10:0x00000001 x10=0xffffffff
       11285000	      1127	80001014	41edd693	srai	x13,x27,0x1e	 x27:0x6aff9000 x13=0x00000001
       11295000	      1128	80001018	fef518e3	bne	x10,x15,80001008	 x10:0xffffffff x15:0xffffffff
       11305000	      1129	8000101c	fcb296e3	bne	x5,x11,80000fe8	  x5:0x00000006 x11:0x00000014
       11315000	      1130	00000000	00000013	addi	x0,x0,0	  x0:0x00000000
       11325000	      1131	80000fe4	00000013	addi	x0,x0,0	  x0:0x00000000
       11335000	      1132	80000fe8	c1c43493	sltiu	x9,x8,-996	  x8:0x80009fc4  x9=0x00000001
       11345000	      1133	80000fec	00228293	addi	x5,x5,2	  x5:0x00000006  x5=0x00000008
       11355000	      1134	80000ff0	01f789b3	add	x19,x15,x31	 x15:0xffffffff x31:0xfffffff6 x19=0xfffffff5
       11365000	      1135	80000ff4	014a4a33	xor	x20,x20,x20	 x20:0x951b1000 x20:0x951b1000 x20=0x00000000
       11375000	      1136	80000ff8	00900513	addi	x10,x0,9	  x0:0x00000000 x10=0x00000009
       11385000	      1137	80000ffc	01725333	srl	x6,x4,x23	  x4:0x00000001 x23:0xc2000000  x6=0x00000001
       11395000	      1138	80001000	fff00793	addi	x15,x0,-1	  x0:0x00000000 x15=0xffffffff
       11405000	      1139	80001004	01ef2f33	slt	x30,x30,x30	 x30:0x00000000 x30:0x00000000 x30=0x00000000
       11415000	      1140	80001008	951b1a37	lui	x20,0x951b1	 x20=0x951b1000
       11425000	      1141	8000100c	41bd89b3	sub	x19,x27,x27	 x27:0x6aff9000 x27:0x6aff9000 x19=0x00000000
       11435000	      1142	80001010	ffe50513	addi	x10,x10,-2	 x10:0x00000009 x10=0x00000007
       11445000	      1143	80001014	41edd693	srai	x13,x27,0x1e	 x27:0x6aff9000 x13=0x00000001
       11455000	      1144	80001018	fef518e3	bne	x10,x15,80001008	 x10:0x00000007 x15:0xffffffff
       11465000	      1145	00000000	00000013	addi	x0,x0,0	  x0:0x00000000
       11475000	      1146	80001004	00000013	addi	x0,x0,0	  x0:0x00000000
       11485000	      1147	80001008	951b1a37	lui	x20,0x951b1	 x20=0x951b1000
       11495000	      1148	8000100c	41bd89b3	sub	x19,x27,x27	 x27:0x6aff9000 x27:0x6aff9000 x19=0x00000000
       11505000	      1149	80001010	ffe50513	addi	x10,x10,-2	 x10:0x00000007 x10=0x00000005
       11515000	      1150	80001014	41edd693	srai	x13,x27,0x1e	 x27:0x6aff9000 x13=0x00000001
       11525000	      1151	80001018	fef518e3	bne	x10,x15,80001008	 x10:0x00000005 x15:0xffffffff
       11535000	      1152	00000000	00000013	addi	x0,x0,0	  x0:0x00000000
       11545000	      1153	80001004	00000013	addi	x0,x0,0	  x0:0x00000000
       11555000	      1154	80001008	951b1a37	lui	x20,0x951b1	 x20=0x951b1000
       11565000	      1155	8000100c	41bd89b3	sub	x19,x27,x27	 x27:0x6aff9000 x27:0x6aff9000 x19=0x00000000
       11575000	      1156	80001010	ffe50513	addi	x10,x10,-2	 x10:0x00000005 x10=0x00000003
       11585000	      1157	80001014	41edd693	srai	x13,x27,0x1e	 x27:0x6aff9000 x13=0x00000001
       11595000	      1158	80001018	fef518e3	bne	x10,x15,80001008	 x10:0x00000003 x15:0xffffffff
       11605000	      1159	00000000	00000013	addi	x0,x0,0	  x0:0x00000000
       11615000	      1160	80001004	00000013	addi	x0,x0,0	  x0:0x00000000
       11625000	      1161	80001008	951b1a37	lui	x20,0x951b1	 x20=0x951b1000
       11635000	      1162	8000100c	41bd89b3	sub	x19,x27,x27	 x27:0x6aff9000 x27:0x6aff9000 x19=0x00000000
       11645000	      1163	80001010	ffe50513	addi	x10,x10,-2	 x10:0x00000003 x10=0x00000001
       11655000	      1164	80001014	41edd693	srai	x13,x27,0x1e	 x27:0x6aff9000 x13=0x00000001
       11665000	      1165	80001018	fef518e3	bne	x10,x15,80001008	 x10:0x00000001 x15:0xffffffff
       11675000	      1166	00000000	00000013	addi	x0,x0,0	  x0:0x00000000
       11685000	      1167	80001004	00000013	addi	x0,x0,0	  x0:0x00000000
       11695000	      1168	80001008	951b1a37	lui	x20,0x951b1	 x20=0x951b1000
       11705000	      1169	8000100c	41bd89b3	sub	x19,x27,x27	 x27:0x6aff9000 x27:0x6aff9000 x19=0x00000000
       11715000	      1170	80001010	ffe50513	addi	x10,x10,-2	 x10:0x00000001 x10=0xffffffff
       11725000	      1171	80001014	41edd693	srai	x13,x27,0x1e	 x27:0x6aff9000 x13=0x00000001
       11735000	      1172	80001018	fef518e3	bne	x10,x15,80001008	 x10:0xffffffff x15:0xffffffff
       11745000	      1173	8000101c	fcb296e3	bne	x5,x11,80000fe8	  x5:0x00000008 x11:0x00000014
       11755000	      1174	00000000	00000013	addi	x0,x0,0	  x0:0x00000000
       11765000	      1175	80000fe4	00000013	addi	x0,x0,0	  x0:0x00000000
       11775000	      1176	80000fe8	c1c43493	sltiu	x9,x8,-996	  x8:0x80009fc4  x9=0x00000001
       11785000	      1177	80000fec	00228293	addi	x5,x5,2	  x5:0x00000008  x5=0x0000000a
       11795000	      1178	80000ff0	01f789b3	add	x19,x15,x31	 x15:0xffffffff x31:0xfffffff6 x19=0xfffffff5
       11805000	      1179	80000ff4	014a4a33	xor	x20,x20,x20	 x20:0x951b1000 x20:0x951b1000 x20=0x00000000
       11815000	      1180	80000ff8	00900513	addi	x10,x0,9	  x0:0x00000000 x10=0x00000009
       11825000	      1181	80000ffc	01725333	srl	x6,x4,x23	  x4:0x00000001 x23:0xc2000000  x6=0x00000001
       11835000	      1182	80001000	fff00793	addi	x15,x0,-1	  x0:0x00000000 x15=0xffffffff
       11845000	      1183	80001004	01ef2f33	slt	x30,x30,x30	 x30:0x00000000 x30:0x00000000 x30=0x00000000
       11855000	      1184	80001008	951b1a37	lui	x20,0x951b1	 x20=0x951b1000
       11865000	      1185	8000100c	41bd89b3	sub	x19,x27,x27	 x27:0x6aff9000 x27:0x6aff9000 x19=0x00000000
       11875000	      1186	80001010	ffe50513	addi	x10,x10,-2	 x10:0x00000009 x10=0x00000007
       11885000	      1187	80001014	41edd693	srai	x13,x27,0x1e	 x27:0x6aff9000 x13=0x00000001
       11895000	      1188	80001018	fef518e3	bne	x10,x15,80001008	 x10:0x00000007 x15:0xffffffff
       11905000	      1189	00000000	00000013	addi	x0,x0,0	  x0:0x00000000
       11915000	      1190	80001004	00000013	addi	x0,x0,0	  x0:0x00000000
       11925000	      1191	80001008	951b1a37	lui	x20,0x951b1	 x20=0x951b1000
       11935000	      1192	8000100c	41bd89b3	sub	x19,x27,x27	 x27:0x6aff9000 x27:0x6aff9000 x19=0x00000000
       11945000	      1193	80001010	ffe50513	addi	x10,x10,-2	 x10:0x00000007 x10=0x00000005
       11955000	      1194	80001014	41edd693	srai	x13,x27,0x1e	 x27:0x6aff9000 x13=0x00000001
       11965000	      1195	80001018	fef518e3	bne	x10,x15,80001008	 x10:0x00000005 x15:0xffffffff
       11975000	      1196	00000000	00000013	addi	x0,x0,0	  x0:0x00000000
       11985000	      1197	80001004	00000013	addi	x0,x0,0	  x0:0x00000000
       11995000	      1198	80001008	951b1a37	lui	x20,0x951b1	 x20=0x951b1000
       12005000	      1199	8000100c	41bd89b3	sub	x19,x27,x27	 x27:0x6aff9000 x27:0x6aff9000 x19=0x00000000
       12015000	      1200	80001010	ffe50513	addi	x10,x10,-2	 x10:0x00000005 x10=0x00000003
       12025000	      1201	80001014	41edd693	srai	x13,x27,0x1e	 x27:0x6aff9000 x13=0x00000001
       12035000	      1202	80001018	fef518e3	bne	x10,x15,80001008	 x10:0x00000003 x15:0xffffffff
       12045000	      1203	00000000	00000013	addi	x0,x0,0	  x0:0x00000000
       12055000	      1204	80001004	00000013	addi	x0,x0,0	  x0:0x00000000
       12065000	      1205	80001008	951b1a37	lui	x20,0x951b1	 x20=0x951b1000
       12075000	      1206	8000100c	41bd89b3	sub	x19,x27,x27	 x27:0x6aff9000 x27:0x6aff9000 x19=0x00000000
       12085000	      1207	80001010	ffe50513	addi	x10,x10,-2	 x10:0x00000003 x10=0x00000001
       12095000	      1208	80001014	41edd693	srai	x13,x27,0x1e	 x27:0x6aff9000 x13=0x00000001
       12105000	      1209	80001018	fef518e3	bne	x10,x15,80001008	 x10:0x00000001 x15:0xffffffff
       12115000	      1210	00000000	00000013	addi	x0,x0,0	  x0:0x00000000
       12125000	      1211	80001004	00000013	addi	x0,x0,0	  x0:0x00000000
       12135000	      1212	80001008	951b1a37	lui	x20,0x951b1	 x20=0x951b1000
       12145000	      1213	8000100c	41bd89b3	sub	x19,x27,x27	 x27:0x6aff9000 x27:0x6aff9000 x19=0x00000000
       12155000	      1214	80001010	ffe50513	addi	x10,x10,-2	 x10:0x00000001 x10=0xffffffff
       12165000	      1215	80001014	41edd693	srai	x13,x27,0x1e	 x27:0x6aff9000 x13=0x00000001
       12175000	      1216	80001018	fef518e3	bne	x10,x15,80001008	 x10:0xffffffff x15:0xffffffff
       12185000	      1217	8000101c	fcb296e3	bne	x5,x11,80000fe8	  x5:0x0000000a x11:0x00000014
       12195000	      1218	00000000	00000013	addi	x0,x0,0	  x0:0x00000000
       12205000	      1219	80000fe4	00000013	addi	x0,x0,0	  x0:0x00000000
       12215000	      1220	80000fe8	c1c43493	sltiu	x9,x8,-996	  x8:0x80009fc4  x9=0x00000001
       12225000	      1221	80000fec	00228293	addi	x5,x5,2	  x5:0x0000000a  x5=0x0000000c
       12235000	      1222	80000ff0	01f789b3	add	x19,x15,x31	 x15:0xffffffff x31:0xfffffff6 x19=0xfffffff5
       12245000	      1223	80000ff4	014a4a33	xor	x20,x20,x20	 x20:0x951b1000 x20:0x951b1000 x20=0x00000000
       12255000	      1224	80000ff8	00900513	addi	x10,x0,9	  x0:0x00000000 x10=0x00000009
       12265000	      1225	80000ffc	01725333	srl	x6,x4,x23	  x4:0x00000001 x23:0xc2000000  x6=0x00000001
       12275000	      1226	80001000	fff00793	addi	x15,x0,-1	  x0:0x00000000 x15=0xffffffff
       12285000	      1227	80001004	01ef2f33	slt	x30,x30,x30	 x30:0x00000000 x30:0x00000000 x30=0x00000000
       12295000	      1228	80001008	951b1a37	lui	x20,0x951b1	 x20=0x951b1000
       12305000	      1229	8000100c	41bd89b3	sub	x19,x27,x27	 x27:0x6aff9000 x27:0x6aff9000 x19=0x00000000
       12315000	      1230	80001010	ffe50513	addi	x10,x10,-2	 x10:0x00000009 x10=0x00000007
       12325000	      1231	80001014	41edd693	srai	x13,x27,0x1e	 x27:0x6aff9000 x13=0x00000001
       12335000	      1232	80001018	fef518e3	bne	x10,x15,80001008	 x10:0x00000007 x15:0xffffffff
       12345000	      1233	00000000	00000013	addi	x0,x0,0	  x0:0x00000000
       12355000	      1234	80001004	00000013	addi	x0,x0,0	  x0:0x00000000
       12365000	      1235	80001008	951b1a37	lui	x20,0x951b1	 x20=0x951b1000
       12375000	      1236	8000100c	41bd89b3	sub	x19,x27,x27	 x27:0x6aff9000 x27:0x6aff9000 x19=0x00000000
       12385000	      1237	80001010	ffe50513	addi	x10,x10,-2	 x10:0x00000007 x10=0x00000005
       12395000	      1238	80001014	41edd693	srai	x13,x27,0x1e	 x27:0x6aff9000 x13=0x00000001
       12405000	      1239	80001018	fef518e3	bne	x10,x15,80001008	 x10:0x00000005 x15:0xffffffff
       12415000	      1240	00000000	00000013	addi	x0,x0,0	  x0:0x00000000
       12425000	      1241	80001004	00000013	addi	x0,x0,0	  x0:0x00000000
       12435000	      1242	80001008	951b1a37	lui	x20,0x951b1	 x20=0x951b1000
       12445000	      1243	8000100c	41bd89b3	sub	x19,x27,x27	 x27:0x6aff9000 x27:0x6aff9000 x19=0x00000000
       12455000	      1244	80001010	ffe50513	addi	x10,x10,-2	 x10:0x00000005 x10=0x00000003
       12465000	      1245	80001014	41edd693	srai	x13,x27,0x1e	 x27:0x6aff9000 x13=0x00000001
       12475000	      1246	80001018	fef518e3	bne	x10,x15,80001008	 x10:0x00000003 x15:0xffffffff
       12485000	      1247	00000000	00000013	addi	x0,x0,0	  x0:0x00000000
       12495000	      1248	80001004	00000013	addi	x0,x0,0	  x0:0x00000000
       12505000	      1249	80001008	951b1a37	lui	x20,0x951b1	 x20=0x951b1000
       12515000	      1250	8000100c	41bd89b3	sub	x19,x27,x27	 x27:0x6aff9000 x27:0x6aff9000 x19=0x00000000
       12525000	      1251	80001010	ffe50513	addi	x10,x10,-2	 x10:0x00000003 x10=0x00000001
       12535000	      1252	80001014	41edd693	srai	x13,x27,0x1e	 x27:0x6aff9000 x13=0x00000001
       12545000	      1253	80001018	fef518e3	bne	x10,x15,80001008	 x10:0x00000001 x15:0xffffffff
       12555000	      1254	00000000	00000013	addi	x0,x0,0	  x0:0x00000000
       12565000	      1255	80001004	00000013	addi	x0,x0,0	  x0:0x00000000
       12575000	      1256	80001008	951b1a37	lui	x20,0x951b1	 x20=0x951b1000
       12585000	      1257	8000100c	41bd89b3	sub	x19,x27,x27	 x27:0x6aff9000 x27:0x6aff9000 x19=0x00000000
       12595000	      1258	80001010	ffe50513	addi	x10,x10,-2	 x10:0x00000001 x10=0xffffffff
       12605000	      1259	80001014	41edd693	srai	x13,x27,0x1e	 x27:0x6aff9000 x13=0x00000001
       12615000	      1260	80001018	fef518e3	bne	x10,x15,80001008	 x10:0xffffffff x15:0xffffffff
       12625000	      1261	8000101c	fcb296e3	bne	x5,x11,80000fe8	  x5:0x0000000c x11:0x00000014
       12635000	      1262	00000000	00000013	addi	x0,x0,0	  x0:0x00000000
       12645000	      1263	80000fe4	00000013	addi	x0,x0,0	  x0:0x00000000
       12655000	      1264	80000fe8	c1c43493	sltiu	x9,x8,-996	  x8:0x80009fc4  x9=0x00000001
       12665000	      1265	80000fec	00228293	addi	x5,x5,2	  x5:0x0000000c  x5=0x0000000e
       12675000	      1266	80000ff0	01f789b3	add	x19,x15,x31	 x15:0xffffffff x31:0xfffffff6 x19=0xfffffff5
       12685000	      1267	80000ff4	014a4a33	xor	x20,x20,x20	 x20:0x951b1000 x20:0x951b1000 x20=0x00000000
       12695000	      1268	80000ff8	00900513	addi	x10,x0,9	  x0:0x00000000 x10=0x00000009
       12705000	      1269	80000ffc	01725333	srl	x6,x4,x23	  x4:0x00000001 x23:0xc2000000  x6=0x00000001
       12715000	      1270	80001000	fff00793	addi	x15,x0,-1	  x0:0x00000000 x15=0xffffffff
       12725000	      1271	80001004	01ef2f33	slt	x30,x30,x30	 x30:0x00000000 x30:0x00000000 x30=0x00000000
       12735000	      1272	80001008	951b1a37	lui	x20,0x951b1	 x20=0x951b1000
       12745000	      1273	8000100c	41bd89b3	sub	x19,x27,x27	 x27:0x6aff9000 x27:0x6aff9000 x19=0x00000000
       12755000	      1274	80001010	ffe50513	addi	x10,x10,-2	 x10:0x00000009 x10=0x00000007
       12765000	      1275	80001014	41edd693	srai	x13,x27,0x1e	 x27:0x6aff9000 x13=0x00000001
       12775000	      1276	80001018	fef518e3	bne	x10,x15,80001008	 x10:0x00000007 x15:0xffffffff
       12785000	      1277	00000000	00000013	addi	x0,x0,0	  x0:0x00000000
       12795000	      1278	80001004	00000013	addi	x0,x0,0	  x0:0x00000000
       12805000	      1279	80001008	951b1a37	lui	x20,0x951b1	 x20=0x951b1000
       12815000	      1280	8000100c	41bd89b3	sub	x19,x27,x27	 x27:0x6aff9000 x27:0x6aff9000 x19=0x00000000
       12825000	      1281	80001010	ffe50513	addi	x10,x10,-2	 x10:0x00000007 x10=0x00000005
       12835000	      1282	80001014	41edd693	srai	x13,x27,0x1e	 x27:0x6aff9000 x13=0x00000001
       12845000	      1283	80001018	fef518e3	bne	x10,x15,80001008	 x10:0x00000005 x15:0xffffffff
       12855000	      1284	00000000	00000013	addi	x0,x0,0	  x0:0x00000000
       12865000	      1285	80001004	00000013	addi	x0,x0,0	  x0:0x00000000
       12875000	      1286	80001008	951b1a37	lui	x20,0x951b1	 x20=0x951b1000
       12885000	      1287	8000100c	41bd89b3	sub	x19,x27,x27	 x27:0x6aff9000 x27:0x6aff9000 x19=0x00000000
       12895000	      1288	80001010	ffe50513	addi	x10,x10,-2	 x10:0x00000005 x10=0x00000003
       12905000	      1289	80001014	41edd693	srai	x13,x27,0x1e	 x27:0x6aff9000 x13=0x00000001
       12915000	      1290	80001018	fef518e3	bne	x10,x15,80001008	 x10:0x00000003 x15:0xffffffff
       12925000	      1291	00000000	00000013	addi	x0,x0,0	  x0:0x00000000
       12935000	      1292	80001004	00000013	addi	x0,x0,0	  x0:0x00000000
       12945000	      1293	80001008	951b1a37	lui	x20,0x951b1	 x20=0x951b1000
       12955000	      1294	8000100c	41bd89b3	sub	x19,x27,x27	 x27:0x6aff9000 x27:0x6aff9000 x19=0x00000000
       12965000	      1295	80001010	ffe50513	addi	x10,x10,-2	 x10:0x00000003 x10=0x00000001
       12975000	      1296	80001014	41edd693	srai	x13,x27,0x1e	 x27:0x6aff9000 x13=0x00000001
       12985000	      1297	80001018	fef518e3	bne	x10,x15,80001008	 x10:0x00000001 x15:0xffffffff
       12995000	      1298	00000000	00000013	addi	x0,x0,0	  x0:0x00000000
       13005000	      1299	80001004	00000013	addi	x0,x0,0	  x0:0x00000000
       13015000	      1300	80001008	951b1a37	lui	x20,0x951b1	 x20=0x951b1000
       13025000	      1301	8000100c	41bd89b3	sub	x19,x27,x27	 x27:0x6aff9000 x27:0x6aff9000 x19=0x00000000
       13035000	      1302	80001010	ffe50513	addi	x10,x10,-2	 x10:0x00000001 x10=0xffffffff
       13045000	      1303	80001014	41edd693	srai	x13,x27,0x1e	 x27:0x6aff9000 x13=0x00000001
       13055000	      1304	80001018	fef518e3	bne	x10,x15,80001008	 x10:0xffffffff x15:0xffffffff
       13065000	      1305	8000101c	fcb296e3	bne	x5,x11,80000fe8	  x5:0x0000000e x11:0x00000014
       13075000	      1306	00000000	00000013	addi	x0,x0,0	  x0:0x00000000
       13085000	      1307	80000fe4	00000013	addi	x0,x0,0	  x0:0x00000000
       13095000	      1308	80000fe8	c1c43493	sltiu	x9,x8,-996	  x8:0x80009fc4  x9=0x00000001
       13105000	      1309	80000fec	00228293	addi	x5,x5,2	  x5:0x0000000e  x5=0x00000010
       13115000	      1310	80000ff0	01f789b3	add	x19,x15,x31	 x15:0xffffffff x31:0xfffffff6 x19=0xfffffff5
       13125000	      1311	80000ff4	014a4a33	xor	x20,x20,x20	 x20:0x951b1000 x20:0x951b1000 x20=0x00000000
       13135000	      1312	80000ff8	00900513	addi	x10,x0,9	  x0:0x00000000 x10=0x00000009
       13145000	      1313	80000ffc	01725333	srl	x6,x4,x23	  x4:0x00000001 x23:0xc2000000  x6=0x00000001
       13155000	      1314	80001000	fff00793	addi	x15,x0,-1	  x0:0x00000000 x15=0xffffffff
       13165000	      1315	80001004	01ef2f33	slt	x30,x30,x30	 x30:0x00000000 x30:0x00000000 x30=0x00000000
       13175000	      1316	80001008	951b1a37	lui	x20,0x951b1	 x20=0x951b1000
       13185000	      1317	8000100c	41bd89b3	sub	x19,x27,x27	 x27:0x6aff9000 x27:0x6aff9000 x19=0x00000000
       13195000	      1318	80001010	ffe50513	addi	x10,x10,-2	 x10:0x00000009 x10=0x00000007
       13205000	      1319	80001014	41edd693	srai	x13,x27,0x1e	 x27:0x6aff9000 x13=0x00000001
       13215000	      1320	80001018	fef518e3	bne	x10,x15,80001008	 x10:0x00000007 x15:0xffffffff
       13225000	      1321	00000000	00000013	addi	x0,x0,0	  x0:0x00000000
       13235000	      1322	80001004	00000013	addi	x0,x0,0	  x0:0x00000000
       13245000	      1323	80001008	951b1a37	lui	x20,0x951b1	 x20=0x951b1000
       13255000	      1324	8000100c	41bd89b3	sub	x19,x27,x27	 x27:0x6aff9000 x27:0x6aff9000 x19=0x00000000
       13265000	      1325	80001010	ffe50513	addi	x10,x10,-2	 x10:0x00000007 x10=0x00000005
       13275000	      1326	80001014	41edd693	srai	x13,x27,0x1e	 x27:0x6aff9000 x13=0x00000001
       13285000	      1327	80001018	fef518e3	bne	x10,x15,80001008	 x10:0x00000005 x15:0xffffffff
       13295000	      1328	00000000	00000013	addi	x0,x0,0	  x0:0x00000000
       13305000	      1329	80001004	00000013	addi	x0,x0,0	  x0:0x00000000
       13315000	      1330	80001008	951b1a37	lui	x20,0x951b1	 x20=0x951b1000
       13325000	      1331	8000100c	41bd89b3	sub	x19,x27,x27	 x27:0x6aff9000 x27:0x6aff9000 x19=0x00000000
       13335000	      1332	80001010	ffe50513	addi	x10,x10,-2	 x10:0x00000005 x10=0x00000003
       13345000	      1333	80001014	41edd693	srai	x13,x27,0x1e	 x27:0x6aff9000 x13=0x00000001
       13355000	      1334	80001018	fef518e3	bne	x10,x15,80001008	 x10:0x00000003 x15:0xffffffff
       13365000	      1335	00000000	00000013	addi	x0,x0,0	  x0:0x00000000
       13375000	      1336	80001004	00000013	addi	x0,x0,0	  x0:0x00000000
       13385000	      1337	80001008	951b1a37	lui	x20,0x951b1	 x20=0x951b1000
       13395000	      1338	8000100c	41bd89b3	sub	x19,x27,x27	 x27:0x6aff9000 x27:0x6aff9000 x19=0x00000000
       13405000	      1339	80001010	ffe50513	addi	x10,x10,-2	 x10:0x00000003 x10=0x00000001
       13415000	      1340	80001014	41edd693	srai	x13,x27,0x1e	 x27:0x6aff9000 x13=0x00000001
       13425000	      1341	80001018	fef518e3	bne	x10,x15,80001008	 x10:0x00000001 x15:0xffffffff
       13435000	      1342	00000000	00000013	addi	x0,x0,0	  x0:0x00000000
       13445000	      1343	80001004	00000013	addi	x0,x0,0	  x0:0x00000000
       13455000	      1344	80001008	951b1a37	lui	x20,0x951b1	 x20=0x951b1000
       13465000	      1345	8000100c	41bd89b3	sub	x19,x27,x27	 x27:0x6aff9000 x27:0x6aff9000 x19=0x00000000
       13475000	      1346	80001010	ffe50513	addi	x10,x10,-2	 x10:0x00000001 x10=0xffffffff
       13485000	      1347	80001014	41edd693	srai	x13,x27,0x1e	 x27:0x6aff9000 x13=0x00000001
       13495000	      1348	80001018	fef518e3	bne	x10,x15,80001008	 x10:0xffffffff x15:0xffffffff
       13505000	      1349	8000101c	fcb296e3	bne	x5,x11,80000fe8	  x5:0x00000010 x11:0x00000014
       13515000	      1350	00000000	00000013	addi	x0,x0,0	  x0:0x00000000
       13525000	      1351	80000fe4	00000013	addi	x0,x0,0	  x0:0x00000000
       13535000	      1352	80000fe8	c1c43493	sltiu	x9,x8,-996	  x8:0x80009fc4  x9=0x00000001
       13545000	      1353	80000fec	00228293	addi	x5,x5,2	  x5:0x00000010  x5=0x00000012
       13555000	      1354	80000ff0	01f789b3	add	x19,x15,x31	 x15:0xffffffff x31:0xfffffff6 x19=0xfffffff5
       13565000	      1355	80000ff4	014a4a33	xor	x20,x20,x20	 x20:0x951b1000 x20:0x951b1000 x20=0x00000000
       13575000	      1356	80000ff8	00900513	addi	x10,x0,9	  x0:0x00000000 x10=0x00000009
       13585000	      1357	80000ffc	01725333	srl	x6,x4,x23	  x4:0x00000001 x23:0xc2000000  x6=0x00000001
       13595000	      1358	80001000	fff00793	addi	x15,x0,-1	  x0:0x00000000 x15=0xffffffff
       13605000	      1359	80001004	01ef2f33	slt	x30,x30,x30	 x30:0x00000000 x30:0x00000000 x30=0x00000000
       13615000	      1360	80001008	951b1a37	lui	x20,0x951b1	 x20=0x951b1000
       13625000	      1361	8000100c	41bd89b3	sub	x19,x27,x27	 x27:0x6aff9000 x27:0x6aff9000 x19=0x00000000
       13635000	      1362	80001010	ffe50513	addi	x10,x10,-2	 x10:0x00000009 x10=0x00000007
       13645000	      1363	80001014	41edd693	srai	x13,x27,0x1e	 x27:0x6aff9000 x13=0x00000001
       13655000	      1364	80001018	fef518e3	bne	x10,x15,80001008	 x10:0x00000007 x15:0xffffffff
       13665000	      1365	00000000	00000013	addi	x0,x0,0	  x0:0x00000000
       13675000	      1366	80001004	00000013	addi	x0,x0,0	  x0:0x00000000
       13685000	      1367	80001008	951b1a37	lui	x20,0x951b1	 x20=0x951b1000
       13695000	      1368	8000100c	41bd89b3	sub	x19,x27,x27	 x27:0x6aff9000 x27:0x6aff9000 x19=0x00000000
       13705000	      1369	80001010	ffe50513	addi	x10,x10,-2	 x10:0x00000007 x10=0x00000005
       13715000	      1370	80001014	41edd693	srai	x13,x27,0x1e	 x27:0x6aff9000 x13=0x00000001
       13725000	      1371	80001018	fef518e3	bne	x10,x15,80001008	 x10:0x00000005 x15:0xffffffff
       13735000	      1372	00000000	00000013	addi	x0,x0,0	  x0:0x00000000
       13745000	      1373	80001004	00000013	addi	x0,x0,0	  x0:0x00000000
       13755000	      1374	80001008	951b1a37	lui	x20,0x951b1	 x20=0x951b1000
       13765000	      1375	8000100c	41bd89b3	sub	x19,x27,x27	 x27:0x6aff9000 x27:0x6aff9000 x19=0x00000000
       13775000	      1376	80001010	ffe50513	addi	x10,x10,-2	 x10:0x00000005 x10=0x00000003
       13785000	      1377	80001014	41edd693	srai	x13,x27,0x1e	 x27:0x6aff9000 x13=0x00000001
       13795000	      1378	80001018	fef518e3	bne	x10,x15,80001008	 x10:0x00000003 x15:0xffffffff
       13805000	      1379	00000000	00000013	addi	x0,x0,0	  x0:0x00000000
       13815000	      1380	80001004	00000013	addi	x0,x0,0	  x0:0x00000000
       13825000	      1381	80001008	951b1a37	lui	x20,0x951b1	 x20=0x951b1000
       13835000	      1382	8000100c	41bd89b3	sub	x19,x27,x27	 x27:0x6aff9000 x27:0x6aff9000 x19=0x00000000
       13845000	      1383	80001010	ffe50513	addi	x10,x10,-2	 x10:0x00000003 x10=0x00000001
       13855000	      1384	80001014	41edd693	srai	x13,x27,0x1e	 x27:0x6aff9000 x13=0x00000001
       13865000	      1385	80001018	fef518e3	bne	x10,x15,80001008	 x10:0x00000001 x15:0xffffffff
       13875000	      1386	00000000	00000013	addi	x0,x0,0	  x0:0x00000000
       13885000	      1387	80001004	00000013	addi	x0,x0,0	  x0:0x00000000
       13895000	      1388	80001008	951b1a37	lui	x20,0x951b1	 x20=0x951b1000
       13905000	      1389	8000100c	41bd89b3	sub	x19,x27,x27	 x27:0x6aff9000 x27:0x6aff9000 x19=0x00000000
       13915000	      1390	80001010	ffe50513	addi	x10,x10,-2	 x10:0x00000001 x10=0xffffffff
       13925000	      1391	80001014	41edd693	srai	x13,x27,0x1e	 x27:0x6aff9000 x13=0x00000001
       13935000	      1392	80001018	fef518e3	bne	x10,x15,80001008	 x10:0xffffffff x15:0xffffffff
       13945000	      1393	8000101c	fcb296e3	bne	x5,x11,80000fe8	  x5:0x00000012 x11:0x00000014
       13955000	      1394	00000000	00000013	addi	x0,x0,0	  x0:0x00000000
       13965000	      1395	80000fe4	00000013	addi	x0,x0,0	  x0:0x00000000
       13975000	      1396	80000fe8	c1c43493	sltiu	x9,x8,-996	  x8:0x80009fc4  x9=0x00000001
       13985000	      1397	80000fec	00228293	addi	x5,x5,2	  x5:0x00000012  x5=0x00000014
       13995000	      1398	80000ff0	01f789b3	add	x19,x15,x31	 x15:0xffffffff x31:0xfffffff6 x19=0xfffffff5
       14005000	      1399	80000ff4	014a4a33	xor	x20,x20,x20	 x20:0x951b1000 x20:0x951b1000 x20=0x00000000
       14015000	      1400	80000ff8	00900513	addi	x10,x0,9	  x0:0x00000000 x10=0x00000009
       14025000	      1401	80000ffc	01725333	srl	x6,x4,x23	  x4:0x00000001 x23:0xc2000000  x6=0x00000001
       14035000	      1402	80001000	fff00793	addi	x15,x0,-1	  x0:0x00000000 x15=0xffffffff
       14045000	      1403	80001004	01ef2f33	slt	x30,x30,x30	 x30:0x00000000 x30:0x00000000 x30=0x00000000
       14055000	      1404	80001008	951b1a37	lui	x20,0x951b1	 x20=0x951b1000
       14065000	      1405	8000100c	41bd89b3	sub	x19,x27,x27	 x27:0x6aff9000 x27:0x6aff9000 x19=0x00000000
       14075000	      1406	80001010	ffe50513	addi	x10,x10,-2	 x10:0x00000009 x10=0x00000007
       14085000	      1407	80001014	41edd693	srai	x13,x27,0x1e	 x27:0x6aff9000 x13=0x00000001
       14095000	      1408	80001018	fef518e3	bne	x10,x15,80001008	 x10:0x00000007 x15:0xffffffff
       14105000	      1409	00000000	00000013	addi	x0,x0,0	  x0:0x00000000
       14115000	      1410	80001004	00000013	addi	x0,x0,0	  x0:0x00000000
       14125000	      1411	80001008	951b1a37	lui	x20,0x951b1	 x20=0x951b1000
       14135000	      1412	8000100c	41bd89b3	sub	x19,x27,x27	 x27:0x6aff9000 x27:0x6aff9000 x19=0x00000000
       14145000	      1413	80001010	ffe50513	addi	x10,x10,-2	 x10:0x00000007 x10=0x00000005
       14155000	      1414	80001014	41edd693	srai	x13,x27,0x1e	 x27:0x6aff9000 x13=0x00000001
       14165000	      1415	80001018	fef518e3	bne	x10,x15,80001008	 x10:0x00000005 x15:0xffffffff
       14175000	      1416	00000000	00000013	addi	x0,x0,0	  x0:0x00000000
       14185000	      1417	80001004	00000013	addi	x0,x0,0	  x0:0x00000000
       14195000	      1418	80001008	951b1a37	lui	x20,0x951b1	 x20=0x951b1000
       14205000	      1419	8000100c	41bd89b3	sub	x19,x27,x27	 x27:0x6aff9000 x27:0x6aff9000 x19=0x00000000
       14215000	      1420	80001010	ffe50513	addi	x10,x10,-2	 x10:0x00000005 x10=0x00000003
       14225000	      1421	80001014	41edd693	srai	x13,x27,0x1e	 x27:0x6aff9000 x13=0x00000001
       14235000	      1422	80001018	fef518e3	bne	x10,x15,80001008	 x10:0x00000003 x15:0xffffffff
       14245000	      1423	00000000	00000013	addi	x0,x0,0	  x0:0x00000000
       14255000	      1424	80001004	00000013	addi	x0,x0,0	  x0:0x00000000
       14265000	      1425	80001008	951b1a37	lui	x20,0x951b1	 x20=0x951b1000
       14275000	      1426	8000100c	41bd89b3	sub	x19,x27,x27	 x27:0x6aff9000 x27:0x6aff9000 x19=0x00000000
       14285000	      1427	80001010	ffe50513	addi	x10,x10,-2	 x10:0x00000003 x10=0x00000001
       14295000	      1428	80001014	41edd693	srai	x13,x27,0x1e	 x27:0x6aff9000 x13=0x00000001
       14305000	      1429	80001018	fef518e3	bne	x10,x15,80001008	 x10:0x00000001 x15:0xffffffff
       14315000	      1430	00000000	00000013	addi	x0,x0,0	  x0:0x00000000
       14325000	      1431	80001004	00000013	addi	x0,x0,0	  x0:0x00000000
       14335000	      1432	80001008	951b1a37	lui	x20,0x951b1	 x20=0x951b1000
       14345000	      1433	8000100c	41bd89b3	sub	x19,x27,x27	 x27:0x6aff9000 x27:0x6aff9000 x19=0x00000000
       14355000	      1434	80001010	ffe50513	addi	x10,x10,-2	 x10:0x00000001 x10=0xffffffff
       14365000	      1435	80001014	41edd693	srai	x13,x27,0x1e	 x27:0x6aff9000 x13=0x00000001
       14375000	      1436	80001018	fef518e3	bne	x10,x15,80001008	 x10:0xffffffff x15:0xffffffff
       14385000	      1437	8000101c	fcb296e3	bne	x5,x11,80000fe8	  x5:0x00000014 x11:0x00000014
       14395000	      1438	80001020	00000013	addi	x0,x0,0	  x0:0x00000000
       14405000	      1439	80001024	00700393	addi	x7,x0,7	  x0:0x00000000  x7=0x00000007
       14415000	      1440	80001028	011d4eb3	xor	x29,x26,x17	 x26:0x00002000 x17:0x00000000 x29=0x00002000
       14425000	      1441	8000102c	015e88b3	add	x17,x29,x21	 x29:0x00002000 x21:0x8000303a x17=0x8000503a
       14435000	      1442	80001030	0029e4b3	or	x9,x19,x2	 x19:0x00000000  x2:0x00020000  x9=0x00020000
       14445000	      1443	80001034	0133b533	sltu	x10,x7,x19	  x7:0x00000007 x19:0x00000000 x10=0x00000000
       14455000	      1444	80001038	00c00693	addi	x13,x0,12	  x0:0x00000000 x13=0x0000000c
       14465000	      1445	8000103c	a2c88613	addi	x12,x17,-1492	 x17:0x8000503a x12=0x80004a66
       14475000	      1446	80001040	00bb7e33	and	x28,x22,x11	 x22:0x303a0000 x11:0x00000014 x28=0x00000000
       14485000	      1447	80001044	00938393	addi	x7,x7,9	  x7:0x00000007  x7=0x00000010
       14495000	      1448	80001048	00fce133	or	x2,x25,x15	 x25:0x547e1000 x15:0xffffffff  x2=0xffffffff
       14505000	      1449	8000104c	c81d6293	ori	x5,x26,-895	 x26:0x00002000  x5=0xfffffc81
       14515000	      1450	80001050	00871913	slli	x18,x14,0x8	 x14:0x2b81a444 x18=0x81a44400
       14525000	      1451	80001054	00500d93	addi	x27,x0,5	  x0:0x00000000 x27=0x00000005
       14535000	      1452	80001058	35d96c93	ori	x25,x18,861	 x18:0x81a44400 x25=0x81a4475d
       14545000	      1453	8000105c	53f4ec97	auipc	x25,0x53f4e	 x25=0xd3f4f058
       14555000	      1454	80001060	ff100313	addi	x6,x0,-15	  x0:0x00000000  x6=0xfffffff1
       14565000	      1455	80001064	22b04193	xori	x3,x0,555	  x0:0x00000000  x3=0x0000022b
       14575000	      1456	80001068	0171de93	srli	x29,x3,0x17	  x3:0x0000022b x29=0x00000000
       14585000	      1457	8000106c	0093fe13	andi	x28,x7,9	  x7:0x00000010 x28=0x00000000
       14595000	      1458	80001070	0160f4b3	and	x9,x1,x22	  x1:0xfefe271d x22:0x303a0000  x9=0x303a0000
       14605000	      1459	80001074	ff6d8d93	addi	x27,x27,-10	 x27:0x00000005 x27=0xfffffffb
       14615000	      1460	80001078	2919fc93	andi	x25,x19,657	 x19:0x00000000 x25=0x00000000
       14625000	      1461	8000107c	00dd0eb3	add	x29,x26,x13	 x26:0x00002000 x13:0x0000000c x29=0x0000200c
       14635000	      1462	80001080	ddb8ea13	ori	x20,x17,-549	 x17:0x8000503a x20=0xfffffdfb
       14645000	      1463	80001084	42148fb7	lui	x31,0x42148	 x31=0x42148000
       14655000	      1464	80001088	00f70933	add	x18,x14,x15	 x14:0x2b81a444 x15:0xffffffff x18=0x2b81a443
       14665000	      1465	8000108c	00788933	add	x18,x17,x7	 x17:0x8000503a  x7:0x00000010 x18=0x8000504a
       14675000	      1466	80001090	01dad2b3	srl	x5,x21,x29	 x21:0x8000303a x29:0x0000200c  x5=0x00080003
       14685000	      1467	80001094	010b6633	or	x12,x22,x16	 x22:0x303a0000 x16:0x80009f50 x12=0xb03a9f50
       14695000	      1468	80001098	fc6ddae3	bge	x27,x6,8000106c	 x27:0xfffffffb  x6:0xfffffff1
       14705000	      1469	00000000	00000013	addi	x0,x0,0	  x0:0x00000000
       14715000	      1470	80001068	00000013	addi	x0,x0,0	  x0:0x00000000
       14725000	      1471	8000106c	0093fe13	andi	x28,x7,9	  x7:0x00000010 x28=0x00000000
       14735000	      1472	80001070	0160f4b3	and	x9,x1,x22	  x1:0xfefe271d x22:0x303a0000  x9=0x303a0000
       14745000	      1473	80001074	ff6d8d93	addi	x27,x27,-10	 x27:0xfffffffb x27=0xfffffff1
       14755000	      1474	80001078	2919fc93	andi	x25,x19,657	 x19:0x00000000 x25=0x00000000
       14765000	      1475	8000107c	00dd0eb3	add	x29,x26,x13	 x26:0x00002000 x13:0x0000000c x29=0x0000200c
       14775000	      1476	80001080	ddb8ea13	ori	x20,x17,-549	 x17:0x8000503a x20=0xfffffdfb
       14785000	      1477	80001084	42148fb7	lui	x31,0x42148	 x31=0x42148000
       14795000	      1478	80001088	00f70933	add	x18,x14,x15	 x14:0x2b81a444 x15:0xffffffff x18=0x2b81a443
       14805000	      1479	8000108c	00788933	add	x18,x17,x7	 x17:0x8000503a  x7:0x00000010 x18=0x8000504a
       14815000	      1480	80001090	01dad2b3	srl	x5,x21,x29	 x21:0x8000303a x29:0x0000200c  x5=0x00080003
       14825000	      1481	80001094	010b6633	or	x12,x22,x16	 x22:0x303a0000 x16:0x80009f50 x12=0xb03a9f50
       14835000	      1482	80001098	fc6ddae3	bge	x27,x6,8000106c	 x27:0xfffffff1  x6:0xfffffff1
       14845000	      1483	00000000	00000013	addi	x0,x0,0	  x0:0x00000000
       14855000	      1484	80001068	00000013	addi	x0,x0,0	  x0:0x00000000
       14865000	      1485	8000106c	0093fe13	andi	x28,x7,9	  x7:0x00000010 x28=0x00000000
       14875000	      1486	80001070	0160f4b3	and	x9,x1,x22	  x1:0xfefe271d x22:0x303a0000  x9=0x303a0000
       14885000	      1487	80001074	ff6d8d93	addi	x27,x27,-10	 x27:0xfffffff1 x27=0xffffffe7
       14895000	      1488	80001078	2919fc93	andi	x25,x19,657	 x19:0x00000000 x25=0x00000000
       14905000	      1489	8000107c	00dd0eb3	add	x29,x26,x13	 x26:0x00002000 x13:0x0000000c x29=0x0000200c
       14915000	      1490	80001080	ddb8ea13	ori	x20,x17,-549	 x17:0x8000503a x20=0xfffffdfb
       14925000	      1491	80001084	42148fb7	lui	x31,0x42148	 x31=0x42148000
       14935000	      1492	80001088	00f70933	add	x18,x14,x15	 x14:0x2b81a444 x15:0xffffffff x18=0x2b81a443
       14945000	      1493	8000108c	00788933	add	x18,x17,x7	 x17:0x8000503a  x7:0x00000010 x18=0x8000504a
       14955000	      1494	80001090	01dad2b3	srl	x5,x21,x29	 x21:0x8000303a x29:0x0000200c  x5=0x00080003
       14965000	      1495	80001094	010b6633	or	x12,x22,x16	 x22:0x303a0000 x16:0x80009f50 x12=0xb03a9f50
       14975000	      1496	80001098	fc6ddae3	bge	x27,x6,8000106c	 x27:0xffffffe7  x6:0xfffffff1
       14985000	      1497	8000109c	e9443a93	sltiu	x21,x8,-364	  x8:0x80009fc4 x21=0x00000001
       14995000	      1498	800010a0	00ead933	srl	x18,x21,x14	 x21:0x00000001 x14:0x2b81a444 x18=0x00000000
       15005000	      1499	800010a4	a9128713	addi	x14,x5,-1391	  x5:0x00080003 x14=0x0007fa94
       15015000	      1500	800010a8	f8d3ece3	bltu	x7,x13,80001040	  x7:0x00000010 x13:0x0000000c
       15025000	      1501	800010ac	01fa1bb3	sll	x23,x20,x31	 x20:0xfffffdfb x31:0x42148000 x23=0xfffffdfb
       15035000	      1502	800010b0	00400613	addi	x12,x0,4	  x0:0x00000000 x12=0x00000004
       15045000	      1503	800010b4	ff800a93	addi	x21,x0,-8	  x0:0x00000000 x21=0xfffffff8
       15055000	      1504	800010b8	00897733	and	x14,x18,x8	 x18:0x00000000  x8:0x80009fc4 x14=0x00000000
       15065000	      1505	800010bc	00b1de33	srl	x28,x3,x11	  x3:0x0000022b x11:0x00000014 x28=0x00000000
       15075000	      1506	800010c0	cd0ffbb7	lui	x23,0xcd0ff	 x23=0xcd0ff000
       15085000	      1507	800010c4	b298f013	andi	x0,x17,-1239	 x17:0x8000503a
       15095000	      1508	800010c8	ffd60613	addi	x12,x12,-3	 x12:0x00000004 x12=0x00000001
       15105000	      1509	800010cc	6cc00313	addi	x6,x0,1740	  x0:0x00000000  x6=0x000006cc
       15115000	      1510	800010d0	ffc00a13	addi	x20,x0,-4	  x0:0x00000000 x20=0xfffffffc
       15125000	      1511	800010d4	c58bbe93	sltiu	x29,x23,-936	 x23:0xcd0ff000 x29=0x00000001
       15135000	      1512	800010d8	00b00113	addi	x2,x0,11	  x0:0x00000000  x2=0x0000000b
       15145000	      1513	800010dc	0084b333	sltu	x6,x9,x8	  x9:0x303a0000  x8:0x80009fc4  x6=0x00000001
       15155000	      1514	800010e0	01bbb6b3	sltu	x13,x23,x27	 x23:0xcd0ff000 x27:0xffffffe7 x13=0x00000001
       15165000	      1515	800010e4	005a0a13	addi	x20,x20,5	 x20:0xfffffffc x20=0x00000001
       15175000	      1516	800010e8	fe2a4ae3	blt	x20,x2,800010dc	 x20:0x00000001  x2:0x0000000b
       15185000	      1517	00000000	00000013	addi	x0,x0,0	  x0:0x00000000
       15195000	      1518	800010d8	00000013	addi	x0,x0,0	  x0:0x00000000
       15205000	      1519	800010dc	0084b333	sltu	x6,x9,x8	  x9:0x303a0000  x8:0x80009fc4  x6=0x00000001
       15215000	      1520	800010e0	01bbb6b3	sltu	x13,x23,x27	 x23:0xcd0ff000 x27:0xffffffe7 x13=0x00000001
       15225000	      1521	800010e4	005a0a13	addi	x20,x20,5	 x20:0x00000001 x20=0x00000006
       15235000	      1522	800010e8	fe2a4ae3	blt	x20,x2,800010dc	 x20:0x00000006  x2:0x0000000b
       15245000	      1523	00000000	00000013	addi	x0,x0,0	  x0:0x00000000
       15255000	      1524	800010d8	00000013	addi	x0,x0,0	  x0:0x00000000
       15265000	      1525	800010dc	0084b333	sltu	x6,x9,x8	  x9:0x303a0000  x8:0x80009fc4  x6=0x00000001
       15275000	      1526	800010e0	01bbb6b3	sltu	x13,x23,x27	 x23:0xcd0ff000 x27:0xffffffe7 x13=0x00000001
       15285000	      1527	800010e4	005a0a13	addi	x20,x20,5	 x20:0x00000006 x20=0x0000000b
       15295000	      1528	800010e8	fe2a4ae3	blt	x20,x2,800010dc	 x20:0x0000000b  x2:0x0000000b
       15305000	      1529	800010ec	000a7fb3	and	x31,x20,x0	 x20:0x0000000b  x0:0x00000000 x31=0x00000000
       15315000	      1530	800010f0	fd5618e3	bne	x12,x21,800010c0	 x12:0x00000001 x21:0xfffffff8
       15325000	      1531	00000000	00000013	addi	x0,x0,0	  x0:0x00000000
       15335000	      1532	800010bc	00000013	addi	x0,x0,0	  x0:0x00000000
       15345000	      1533	800010c0	cd0ffbb7	lui	x23,0xcd0ff	 x23=0xcd0ff000
       15355000	      1534	800010c4	b298f013	andi	x0,x17,-1239	 x17:0x8000503a
       15365000	      1535	800010c8	ffd60613	addi	x12,x12,-3	 x12:0x00000001 x12=0xfffffffe
       15375000	      1536	800010cc	6cc00313	addi	x6,x0,1740	  x0:0x00000000  x6=0x000006cc
       15385000	      1537	800010d0	ffc00a13	addi	x20,x0,-4	  x0:0x00000000 x20=0xfffffffc
       15395000	      1538	800010d4	c58bbe93	sltiu	x29,x23,-936	 x23:0xcd0ff000 x29=0x00000001
       15405000	      1539	800010d8	00b00113	addi	x2,x0,11	  x0:0x00000000  x2=0x0000000b
       15415000	      1540	800010dc	0084b333	sltu	x6,x9,x8	  x9:0x303a0000  x8:0x80009fc4  x6=0x00000001
       15425000	      1541	800010e0	01bbb6b3	sltu	x13,x23,x27	 x23:0xcd0ff000 x27:0xffffffe7 x13=0x00000001
       15435000	      1542	800010e4	005a0a13	addi	x20,x20,5	 x20:0xfffffffc x20=0x00000001
       15445000	      1543	800010e8	fe2a4ae3	blt	x20,x2,800010dc	 x20:0x00000001  x2:0x0000000b
       15455000	      1544	00000000	00000013	addi	x0,x0,0	  x0:0x00000000
       15465000	      1545	800010d8	00000013	addi	x0,x0,0	  x0:0x00000000
       15475000	      1546	800010dc	0084b333	sltu	x6,x9,x8	  x9:0x303a0000  x8:0x80009fc4  x6=0x00000001
       15485000	      1547	800010e0	01bbb6b3	sltu	x13,x23,x27	 x23:0xcd0ff000 x27:0xffffffe7 x13=0x00000001
       15495000	      1548	800010e4	005a0a13	addi	x20,x20,5	 x20:0x00000001 x20=0x00000006
       15505000	      1549	800010e8	fe2a4ae3	blt	x20,x2,800010dc	 x20:0x00000006  x2:0x0000000b
       15515000	      1550	00000000	00000013	addi	x0,x0,0	  x0:0x00000000
       15525000	      1551	800010d8	00000013	addi	x0,x0,0	  x0:0x00000000
       15535000	      1552	800010dc	0084b333	sltu	x6,x9,x8	  x9:0x303a0000  x8:0x80009fc4  x6=0x00000001
       15545000	      1553	800010e0	01bbb6b3	sltu	x13,x23,x27	 x23:0xcd0ff000 x27:0xffffffe7 x13=0x00000001
       15555000	      1554	800010e4	005a0a13	addi	x20,x20,5	 x20:0x00000006 x20=0x0000000b
       15565000	      1555	800010e8	fe2a4ae3	blt	x20,x2,800010dc	 x20:0x0000000b  x2:0x0000000b
       15575000	      1556	800010ec	000a7fb3	and	x31,x20,x0	 x20:0x0000000b  x0:0x00000000 x31=0x00000000
       15585000	      1557	800010f0	fd5618e3	bne	x12,x21,800010c0	 x12:0xfffffffe x21:0xfffffff8
       15595000	      1558	00000000	00000013	addi	x0,x0,0	  x0:0x00000000
       15605000	      1559	800010bc	00000013	addi	x0,x0,0	  x0:0x00000000
       15615000	      1560	800010c0	cd0ffbb7	lui	x23,0xcd0ff	 x23=0xcd0ff000
       15625000	      1561	800010c4	b298f013	andi	x0,x17,-1239	 x17:0x8000503a
       15635000	      1562	800010c8	ffd60613	addi	x12,x12,-3	 x12:0xfffffffe x12=0xfffffffb
       15645000	      1563	800010cc	6cc00313	addi	x6,x0,1740	  x0:0x00000000  x6=0x000006cc
       15655000	      1564	800010d0	ffc00a13	addi	x20,x0,-4	  x0:0x00000000 x20=0xfffffffc
       15665000	      1565	800010d4	c58bbe93	sltiu	x29,x23,-936	 x23:0xcd0ff000 x29=0x00000001
       15675000	      1566	800010d8	00b00113	addi	x2,x0,11	  x0:0x00000000  x2=0x0000000b
       15685000	      1567	800010dc	0084b333	sltu	x6,x9,x8	  x9:0x303a0000  x8:0x80009fc4  x6=0x00000001
       15695000	      1568	800010e0	01bbb6b3	sltu	x13,x23,x27	 x23:0xcd0ff000 x27:0xffffffe7 x13=0x00000001
       15705000	      1569	800010e4	005a0a13	addi	x20,x20,5	 x20:0xfffffffc x20=0x00000001
       15715000	      1570	800010e8	fe2a4ae3	blt	x20,x2,800010dc	 x20:0x00000001  x2:0x0000000b
       15725000	      1571	00000000	00000013	addi	x0,x0,0	  x0:0x00000000
       15735000	      1572	800010d8	00000013	addi	x0,x0,0	  x0:0x00000000
       15745000	      1573	800010dc	0084b333	sltu	x6,x9,x8	  x9:0x303a0000  x8:0x80009fc4  x6=0x00000001
       15755000	      1574	800010e0	01bbb6b3	sltu	x13,x23,x27	 x23:0xcd0ff000 x27:0xffffffe7 x13=0x00000001
       15765000	      1575	800010e4	005a0a13	addi	x20,x20,5	 x20:0x00000001 x20=0x00000006
       15775000	      1576	800010e8	fe2a4ae3	blt	x20,x2,800010dc	 x20:0x00000006  x2:0x0000000b
       15785000	      1577	00000000	00000013	addi	x0,x0,0	  x0:0x00000000
       15795000	      1578	800010d8	00000013	addi	x0,x0,0	  x0:0x00000000
       15805000	      1579	800010dc	0084b333	sltu	x6,x9,x8	  x9:0x303a0000  x8:0x80009fc4  x6=0x00000001
       15815000	      1580	800010e0	01bbb6b3	sltu	x13,x23,x27	 x23:0xcd0ff000 x27:0xffffffe7 x13=0x00000001
       15825000	      1581	800010e4	005a0a13	addi	x20,x20,5	 x20:0x00000006 x20=0x0000000b
       15835000	      1582	800010e8	fe2a4ae3	blt	x20,x2,800010dc	 x20:0x0000000b  x2:0x0000000b
       15845000	      1583	800010ec	000a7fb3	and	x31,x20,x0	 x20:0x0000000b  x0:0x00000000 x31=0x00000000
       15855000	      1584	800010f0	fd5618e3	bne	x12,x21,800010c0	 x12:0xfffffffb x21:0xfffffff8
       15865000	      1585	00000000	00000013	addi	x0,x0,0	  x0:0x00000000
       15875000	      1586	800010bc	00000013	addi	x0,x0,0	  x0:0x00000000
       15885000	      1587	800010c0	cd0ffbb7	lui	x23,0xcd0ff	 x23=0xcd0ff000
       15895000	      1588	800010c4	b298f013	andi	x0,x17,-1239	 x17:0x8000503a
       15905000	      1589	800010c8	ffd60613	addi	x12,x12,-3	 x12:0xfffffffb x12=0xfffffff8
       15915000	      1590	800010cc	6cc00313	addi	x6,x0,1740	  x0:0x00000000  x6=0x000006cc
       15925000	      1591	800010d0	ffc00a13	addi	x20,x0,-4	  x0:0x00000000 x20=0xfffffffc
       15935000	      1592	800010d4	c58bbe93	sltiu	x29,x23,-936	 x23:0xcd0ff000 x29=0x00000001
       15945000	      1593	800010d8	00b00113	addi	x2,x0,11	  x0:0x00000000  x2=0x0000000b
       15955000	      1594	800010dc	0084b333	sltu	x6,x9,x8	  x9:0x303a0000  x8:0x80009fc4  x6=0x00000001
       15965000	      1595	800010e0	01bbb6b3	sltu	x13,x23,x27	 x23:0xcd0ff000 x27:0xffffffe7 x13=0x00000001
       15975000	      1596	800010e4	005a0a13	addi	x20,x20,5	 x20:0xfffffffc x20=0x00000001
       15985000	      1597	800010e8	fe2a4ae3	blt	x20,x2,800010dc	 x20:0x00000001  x2:0x0000000b
       15995000	      1598	00000000	00000013	addi	x0,x0,0	  x0:0x00000000
       16005000	      1599	800010d8	00000013	addi	x0,x0,0	  x0:0x00000000
       16015000	      1600	800010dc	0084b333	sltu	x6,x9,x8	  x9:0x303a0000  x8:0x80009fc4  x6=0x00000001
       16025000	      1601	800010e0	01bbb6b3	sltu	x13,x23,x27	 x23:0xcd0ff000 x27:0xffffffe7 x13=0x00000001
       16035000	      1602	800010e4	005a0a13	addi	x20,x20,5	 x20:0x00000001 x20=0x00000006
       16045000	      1603	800010e8	fe2a4ae3	blt	x20,x2,800010dc	 x20:0x00000006  x2:0x0000000b
       16055000	      1604	00000000	00000013	addi	x0,x0,0	  x0:0x00000000
       16065000	      1605	800010d8	00000013	addi	x0,x0,0	  x0:0x00000000
       16075000	      1606	800010dc	0084b333	sltu	x6,x9,x8	  x9:0x303a0000  x8:0x80009fc4  x6=0x00000001
       16085000	      1607	800010e0	01bbb6b3	sltu	x13,x23,x27	 x23:0xcd0ff000 x27:0xffffffe7 x13=0x00000001
       16095000	      1608	800010e4	005a0a13	addi	x20,x20,5	 x20:0x00000006 x20=0x0000000b
       16105000	      1609	800010e8	fe2a4ae3	blt	x20,x2,800010dc	 x20:0x0000000b  x2:0x0000000b
       16115000	      1610	800010ec	000a7fb3	and	x31,x20,x0	 x20:0x0000000b  x0:0x00000000 x31=0x00000000
       16125000	      1611	800010f0	fd5618e3	bne	x12,x21,800010c0	 x12:0xfffffff8 x21:0xfffffff8
       16135000	      1612	800010f4	00f3d013	srli	x0,x7,0xf	  x7:0x00000010
       16145000	      1613	800010f8	00600193	addi	x3,x0,6	  x0:0x00000000  x3=0x00000006
       16155000	      1614	800010fc	00b00f13	addi	x30,x0,11	  x0:0x00000000 x30=0x0000000b
       16165000	      1615	80001100	00b15893	srli	x17,x2,0xb	  x2:0x0000000b x17=0x00000000
       16175000	      1616	80001104	01d51033	sll	x0,x10,x29	 x10:0x00000000 x29:0x00000001
       16185000	      1617	80001108	01684b33	xor	x22,x16,x22	 x16:0x80009f50 x22:0x303a0000 x22=0xb03a9f50
       16195000	      1618	8000110c	00618193	addi	x3,x3,6	  x3:0x00000006  x3=0x0000000c
       16205000	      1619	80001110	ffe1cce3	blt	x3,x30,80001108	  x3:0x0000000c x30:0x0000000b
       16215000	      1620	80001114	41a087b3	sub	x15,x1,x26	  x1:0xfefe271d x26:0x00002000 x15=0xfefe071d
       16225000	      1621	80001118	00100793	addi	x15,x0,1	  x0:0x00000000 x15=0x00000001
       16235000	      1622	8000111c	a3124893	xori	x17,x4,-1487	  x4:0x00000001 x17=0xfffffa30
       16245000	      1623	80001120	40fd5693	srai	x13,x26,0xf	 x26:0x00002000 x13=0x00000000
       16255000	      1624	80001124	00a00a13	addi	x20,x0,10	  x0:0x00000000 x20=0x0000000a
       16265000	      1625	80001128	4bd10993	addi	x19,x2,1213	  x2:0x0000000b x19=0x000004c8
       16275000	      1626	8000112c	007ac8b3	xor	x17,x21,x7	 x21:0xfffffff8  x7:0x00000010 x17=0xffffffe8
       16285000	      1627	80001130	00978793	addi	x15,x15,9	 x15:0x00000001 x15=0x0000000a
       16295000	      1628	80001134	0173ce33	xor	x28,x7,x23	  x7:0x00000010 x23:0xcd0ff000 x28=0xcd0ff010
       16305000	      1629	80001138	ff900293	addi	x5,x0,-7	  x0:0x00000000  x5=0xfffffff9
       16315000	      1630	8000113c	ffb00113	addi	x2,x0,-5	  x0:0x00000000  x2=0xfffffffb
       16325000	      1631	80001140	00d53e33	sltu	x28,x10,x13	 x10:0x00000000 x13:0x00000000 x28=0x00000000
       16335000	      1632	80001144	00000013	addi	x0,x0,0	  x0:0x00000000
       16345000	      1633	80001148	00228293	addi	x5,x5,2	  x5:0xfffffff9  x5=0xfffffffb
       16355000	      1634	8000114c	003409b3	add	x19,x8,x3	  x8:0x80009fc4  x3:0x0000000c x19=0x80009fd0
       16365000	      1635	80001150	fe22cae3	blt	x5,x2,80001144	  x5:0xfffffffb  x2:0xfffffffb
       16375000	      1636	80001154	fd478ce3	beq	x15,x20,8000112c	 x15:0x0000000a x20:0x0000000a
       16385000	      1637	00000000	00000013	addi	x0,x0,0	  x0:0x00000000
       16395000	      1638	80001128	00000013	addi	x0,x0,0	  x0:0x00000000
       16405000	      1639	8000112c	007ac8b3	xor	x17,x21,x7	 x21:0xfffffff8  x7:0x00000010 x17=0xffffffe8
       16415000	      1640	80001130	00978793	addi	x15,x15,9	 x15:0x0000000a x15=0x00000013
       16425000	      1641	80001134	0173ce33	xor	x28,x7,x23	  x7:0x00000010 x23:0xcd0ff000 x28=0xcd0ff010
       16435000	      1642	80001138	ff900293	addi	x5,x0,-7	  x0:0x00000000  x5=0xfffffff9
       16445000	      1643	8000113c	ffb00113	addi	x2,x0,-5	  x0:0x00000000  x2=0xfffffffb
       16455000	      1644	80001140	00d53e33	sltu	x28,x10,x13	 x10:0x00000000 x13:0x00000000 x28=0x00000000
       16465000	      1645	80001144	00000013	addi	x0,x0,0	  x0:0x00000000
       16475000	      1646	80001148	00228293	addi	x5,x5,2	  x5:0xfffffff9  x5=0xfffffffb
       16485000	      1647	8000114c	003409b3	add	x19,x8,x3	  x8:0x80009fc4  x3:0x0000000c x19=0x80009fd0
       16495000	      1648	80001150	fe22cae3	blt	x5,x2,80001144	  x5:0xfffffffb  x2:0xfffffffb
       16505000	      1649	80001154	fd478ce3	beq	x15,x20,8000112c	 x15:0x00000013 x20:0x0000000a
       16515000	      1650	80001158	5c838513	addi	x10,x7,1480	  x7:0x00000010 x10=0x000005d8
       16525000	      1651	8000115c	ff700b93	addi	x23,x0,-9	  x0:0x00000000 x23=0xfffffff7
       16535000	      1652	80001160	ff000913	addi	x18,x0,-16	  x0:0x00000000 x18=0xfffffff0
       16545000	      1653	80001164	d414fd17	auipc	x26,0xd414f	 x26=0x54150160
       16555000	      1654	80001168	e8db5397	auipc	x7,0xe8db5	  x7=0x68db6164
       16565000	      1655	8000116c	ff9b8b93	addi	x23,x23,-7	 x23:0xfffffff7 x23=0xfffffff0
       16575000	      1656	80001170	00200793	addi	x15,x0,2	  x0:0x00000000 x15=0x00000002
       16585000	      1657	80001174	47dfc217	auipc	x4,0x47dfc	  x4=0xc7dfd170
       16595000	      1658	80001178	fee00f93	addi	x31,x0,-18	  x0:0x00000000 x31=0xffffffee
       16605000	      1659	8000117c	00000013	addi	x0,x0,0	  x0:0x00000000
       16615000	      1660	80001180	ffb78793	addi	x15,x15,-5	 x15:0x00000002 x15=0xfffffffd
       16625000	      1661	80001184	fff79ce3	bne	x15,x31,8000117c	 x15:0xfffffffd x31:0xffffffee
       16635000	      1662	00000000	00000013	addi	x0,x0,0	  x0:0x00000000
       16645000	      1663	80001178	00000013	addi	x0,x0,0	  x0:0x00000000
       16655000	      1664	8000117c	00000013	addi	x0,x0,0	  x0:0x00000000
       16665000	      1665	80001180	ffb78793	addi	x15,x15,-5	 x15:0xfffffffd x15=0xfffffff8
       16675000	      1666	80001184	fff79ce3	bne	x15,x31,8000117c	 x15:0xfffffff8 x31:0xffffffee
       16685000	      1667	00000000	00000013	addi	x0,x0,0	  x0:0x00000000
       16695000	      1668	80001178	00000013	addi	x0,x0,0	  x0:0x00000000
       16705000	      1669	8000117c	00000013	addi	x0,x0,0	  x0:0x00000000
       16715000	      1670	80001180	ffb78793	addi	x15,x15,-5	 x15:0xfffffff8 x15=0xfffffff3
       16725000	      1671	80001184	fff79ce3	bne	x15,x31,8000117c	 x15:0xfffffff3 x31:0xffffffee
       16735000	      1672	00000000	00000013	addi	x0,x0,0	  x0:0x00000000
       16745000	      1673	80001178	00000013	addi	x0,x0,0	  x0:0x00000000
       16755000	      1674	8000117c	00000013	addi	x0,x0,0	  x0:0x00000000
       16765000	      1675	80001180	ffb78793	addi	x15,x15,-5	 x15:0xfffffff3 x15=0xffffffee
       16775000	      1676	80001184	fff79ce3	bne	x15,x31,8000117c	 x15:0xffffffee x31:0xffffffee
       16785000	      1677	80001188	fd2b8ee3	beq	x23,x18,80001164	 x23:0xfffffff0 x18:0xfffffff0
       16795000	      1678	00000000	00000013	addi	x0,x0,0	  x0:0x00000000
       16805000	      1679	80001160	00000013	addi	x0,x0,0	  x0:0x00000000
       16815000	      1680	80001164	d414fd17	auipc	x26,0xd414f	 x26=0x54150160
       16825000	      1681	80001168	e8db5397	auipc	x7,0xe8db5	  x7=0x68db6164
       16835000	      1682	8000116c	ff9b8b93	addi	x23,x23,-7	 x23:0xfffffff0 x23=0xffffffe9
       16845000	      1683	80001170	00200793	addi	x15,x0,2	  x0:0x00000000 x15=0x00000002
       16855000	      1684	80001174	47dfc217	auipc	x4,0x47dfc	  x4=0xc7dfd170
       16865000	      1685	80001178	fee00f93	addi	x31,x0,-18	  x0:0x00000000 x31=0xffffffee
       16875000	      1686	8000117c	00000013	addi	x0,x0,0	  x0:0x00000000
       16885000	      1687	80001180	ffb78793	addi	x15,x15,-5	 x15:0x00000002 x15=0xfffffffd
       16895000	      1688	80001184	fff79ce3	bne	x15,x31,8000117c	 x15:0xfffffffd x31:0xffffffee
       16905000	      1689	00000000	00000013	addi	x0,x0,0	  x0:0x00000000
       16915000	      1690	80001178	00000013	addi	x0,x0,0	  x0:0x00000000
       16925000	      1691	8000117c	00000013	addi	x0,x0,0	  x0:0x00000000
       16935000	      1692	80001180	ffb78793	addi	x15,x15,-5	 x15:0xfffffffd x15=0xfffffff8
       16945000	      1693	80001184	fff79ce3	bne	x15,x31,8000117c	 x15:0xfffffff8 x31:0xffffffee
       16955000	      1694	00000000	00000013	addi	x0,x0,0	  x0:0x00000000
       16965000	      1695	80001178	00000013	addi	x0,x0,0	  x0:0x00000000
       16975000	      1696	8000117c	00000013	addi	x0,x0,0	  x0:0x00000000
       16985000	      1697	80001180	ffb78793	addi	x15,x15,-5	 x15:0xfffffff8 x15=0xfffffff3
       16995000	      1698	80001184	fff79ce3	bne	x15,x31,8000117c	 x15:0xfffffff3 x31:0xffffffee
       17005000	      1699	00000000	00000013	addi	x0,x0,0	  x0:0x00000000
       17015000	      1700	80001178	00000013	addi	x0,x0,0	  x0:0x00000000
       17025000	      1701	8000117c	00000013	addi	x0,x0,0	  x0:0x00000000
       17035000	      1702	80001180	ffb78793	addi	x15,x15,-5	 x15:0xfffffff3 x15=0xffffffee
       17045000	      1703	80001184	fff79ce3	bne	x15,x31,8000117c	 x15:0xffffffee x31:0xffffffee
       17055000	      1704	80001188	fd2b8ee3	beq	x23,x18,80001164	 x23:0xffffffe9 x18:0xfffffff0
       17065000	      1705	8000118c	00cc45b3	xor	x11,x24,x12	 x24:0x00000005 x12:0xfffffff8 x11=0xfffffffd
       17075000	      1706	80001190	00600313	addi	x6,x0,6	  x0:0x00000000  x6=0x00000006
       17085000	      1707	80001194	014a0133	add	x2,x20,x20	 x20:0x0000000a x20:0x0000000a  x2=0x00000014
       17095000	      1708	80001198	00000013	addi	x0,x0,0	  x0:0x00000000
       17105000	      1709	8000119c	00600e93	addi	x29,x0,6	  x0:0x00000000 x29=0x00000006
       17115000	      1710	800011a0	41a90f33	sub	x30,x18,x26	 x18:0xfffffff0 x26:0x54150160 x30=0xabeafe90
       17125000	      1711	800011a4	eb338a13	addi	x20,x7,-333	  x7:0x68db6164 x20=0x68db6017
       17135000	      1712	800011a8	00000013	addi	x0,x0,0	  x0:0x00000000
       17145000	      1713	800011ac	019ef9b3	and	x19,x29,x25	 x29:0x00000006 x25:0x00000000 x19=0x00000000
       17155000	      1714	800011b0	63a2bb37	lui	x22,0x63a2b	 x22=0x63a2b000
       17165000	      1715	800011b4	cc424893	xori	x17,x4,-828	  x4:0xc7dfd170 x17=0x38202db4
       17175000	      1716	800011b8	000a7cb3	and	x25,x20,x0	 x20:0x68db6017  x0:0x00000000 x25=0x00000000
       17185000	      1717	800011bc	005b28b3	slt	x17,x22,x5	 x22:0x63a2b000  x5:0xfffffffb x17=0x00000000
       17195000	      1718	800011c0	41ef0f33	sub	x30,x30,x30	 x30:0xabeafe90 x30:0xabeafe90 x30=0x00000000
       17205000	      1719	800011c4	96472513	slti	x10,x14,-1692	 x14:0x00000000 x10=0x00000000
       17215000	      1720	800011c8	ffb30313	addi	x6,x6,-5	  x6:0x00000006  x6=0x00000001
       17225000	      1721	800011cc	00b03cb3	sltu	x25,x0,x11	  x0:0x00000000 x11:0xfffffffd x25=0x00000001
       17235000	      1722	800011d0	0028a133	slt	x2,x17,x2	 x17:0x00000000  x2:0x00000014  x2=0x00000001
       17245000	      1723	800011d4	01699893	slli	x17,x19,0x16	 x19:0x00000000 x17=0x00000000
       17255000	      1724	800011d8	ffd00593	addi	x11,x0,-3	  x0:0x00000000 x11=0xfffffffd
       17265000	      1725	800011dc	01d68633	add	x12,x13,x29	 x13:0x00000000 x29:0x00000006 x12=0x00000006
       17275000	      1726	800011e0	01300913	addi	x18,x0,19	  x0:0x00000000 x18=0x00000013
       17285000	      1727	800011e4	006ccab3	xor	x21,x25,x6	 x25:0x00000001  x6:0x00000001 x21=0x00000000
       17295000	      1728	800011e8	006b6ab3	or	x21,x22,x6	 x22:0x63a2b000  x6:0x00000001 x21=0x63a2b001
       17305000	      1729	800011ec	01995733	srl	x14,x18,x25	 x18:0x00000013 x25:0x00000001 x14=0x00000009
       17315000	      1730	800011f0	405b5f33	sra	x30,x22,x5	 x22:0x63a2b000  x5:0xfffffffb x30=0x0000000c
       17325000	      1731	800011f4	00a58593	addi	x11,x11,10	 x11:0xfffffffd x11=0x00000007
       17335000	      1732	800011f8	41fa5713	srai	x14,x20,0x1f	 x20:0x68db6017 x14=0x00000000
       17345000	      1733	800011fc	1ae34a13	xori	x20,x6,430	  x6:0x00000001 x20=0x000001af
       17355000	      1734	80001200	ff25e4e3	bltu	x11,x18,800011e8	 x11:0x00000007 x18:0x00000013
       17365000	      1735	00000000	00000013	addi	x0,x0,0	  x0:0x00000000
       17375000	      1736	800011e4	00000013	addi	x0,x0,0	  x0:0x00000000
       17385000	      1737	800011e8	006b6ab3	or	x21,x22,x6	 x22:0x63a2b000  x6:0x00000001 x21=0x63a2b001
       17395000	      1738	800011ec	01995733	srl	x14,x18,x25	 x18:0x00000013 x25:0x00000001 x14=0x00000009
       17405000	      1739	800011f0	405b5f33	sra	x30,x22,x5	 x22:0x63a2b000  x5:0xfffffffb x30=0x0000000c
       17415000	      1740	800011f4	00a58593	addi	x11,x11,10	 x11:0x00000007 x11=0x00000011
       17425000	      1741	800011f8	41fa5713	srai	x14,x20,0x1f	 x20:0x000001af x14=0x00000000
       17435000	      1742	800011fc	1ae34a13	xori	x20,x6,430	  x6:0x00000001 x20=0x000001af
       17445000	      1743	80001200	ff25e4e3	bltu	x11,x18,800011e8	 x11:0x00000011 x18:0x00000013
       17455000	      1744	00000000	00000013	addi	x0,x0,0	  x0:0x00000000
       17465000	      1745	800011e4	00000013	addi	x0,x0,0	  x0:0x00000000
       17475000	      1746	800011e8	006b6ab3	or	x21,x22,x6	 x22:0x63a2b000  x6:0x00000001 x21=0x63a2b001
       17485000	      1747	800011ec	01995733	srl	x14,x18,x25	 x18:0x00000013 x25:0x00000001 x14=0x00000009
       17495000	      1748	800011f0	405b5f33	sra	x30,x22,x5	 x22:0x63a2b000  x5:0xfffffffb x30=0x0000000c
       17505000	      1749	800011f4	00a58593	addi	x11,x11,10	 x11:0x00000011 x11=0x0000001b
       17515000	      1750	800011f8	41fa5713	srai	x14,x20,0x1f	 x20:0x000001af x14=0x00000000
       17525000	      1751	800011fc	1ae34a13	xori	x20,x6,430	  x6:0x00000001 x20=0x000001af
       17535000	      1752	80001200	ff25e4e3	bltu	x11,x18,800011e8	 x11:0x0000001b x18:0x00000013
       17545000	      1753	80001204	00000013	addi	x0,x0,0	  x0:0x00000000
       17555000	      1754	80001208	f9d37ee3	bgeu	x6,x29,800011a4	  x6:0x00000001 x29:0x00000006
       17565000	      1755	8000120c	8df73117	auipc	x2,0x8df73	  x2=0x0df74208
       17575000	      1756	80001210	ffe00f13	addi	x30,x0,-2	  x0:0x00000000 x30=0xfffffffe
       17585000	      1757	80001214	14d88193	addi	x3,x17,333	 x17:0x00000000  x3=0x0000014d
       17595000	      1758	80001218	7a8e6593	ori	x11,x28,1960	 x28:0x00000000 x11=0x000007a8
       17605000	      1759	8000121c	ff400113	addi	x2,x0,-12	  x0:0x00000000  x2=0xfffffff4
       17615000	      1760	80001220	00612333	slt	x6,x2,x6	  x2:0xfffffff4  x6:0x00000001  x6=0x00000001
       17625000	      1761	80001224	c0d62493	slti	x9,x12,-1011	 x12:0x00000006  x9=0x00000000
       17635000	      1762	80001228	ff6f0f13	addi	x30,x30,-10	 x30:0xfffffffe x30=0xfffffff4
       17645000	      1763	8000122c	fe2f1ce3	bne	x30,x2,80001224	 x30:0xfffffff4  x2:0xfffffff4
       17655000	      1764	80001230	00161593	slli	x11,x12,0x1	 x12:0x00000006 x11=0x0000000c
       17665000	      1765	80001234	ff600f93	addi	x31,x0,-10	  x0:0x00000000 x31=0xfffffff6
       17675000	      1766	80001238	10c3a613	slti	x12,x7,268	  x7:0x68db6164 x12=0x00000000
       17685000	      1767	8000123c	00dff1b3	and	x3,x31,x13	 x31:0xfffffff6 x13:0x00000000  x3=0x00000000
       17695000	      1768	80001240	8c3e3a93	sltiu	x21,x28,-1853	 x28:0x00000000 x21=0x00000001
       17705000	      1769	80001244	009fa233	slt	x4,x31,x9	 x31:0xfffffff6  x9:0x00000000  x4=0x00000001
       17715000	      1770	80001248	01af9d93	slli	x27,x31,0x1a	 x31:0xfffffff6 x27=0xd8000000
       17725000	      1771	8000124c	00b9b4b3	sltu	x9,x19,x11	 x19:0x00000000 x11:0x0000000c  x9=0x00000001
       17735000	      1772	80001250	fef00c13	addi	x24,x0,-17	  x0:0x00000000 x24=0xffffffef
       17745000	      1773	80001254	02d9ba13	sltiu	x20,x19,45	 x19:0x00000000 x20=0x00000001
       17755000	      1774	80001258	0155a233	slt	x4,x11,x21	 x11:0x0000000c x21:0x00000001  x4=0x00000000
       17765000	      1775	8000125c	001f1a33	sll	x20,x30,x1	 x30:0xfffffff4  x1:0xfefe271d x20=0x80000000
       17775000	      1776	80001260	ff9f8f93	addi	x31,x31,-7	 x31:0xfffffff6 x31=0xffffffef
       17785000	      1777	80001264	0140c9b3	xor	x19,x1,x20	  x1:0xfefe271d x20:0x80000000 x19=0x7efe271d
       17795000	      1778	80001268	41eb52b3	sra	x5,x22,x30	 x22:0x63a2b000 x30:0xfffffff4  x5=0x0000063a
       17805000	      1779	8000126c	f3f2c9b7	lui	x19,0xf3f2c	 x19=0xf3f2c000
       17815000	      1780	80001270	011bb1b3	sltu	x3,x23,x17	 x23:0xffffffe9 x17:0x00000000  x3=0x00000000
       17825000	      1781	80001274	efc66193	ori	x3,x12,-260	 x12:0x00000000  x3=0xfffffefc
       17835000	      1782	80001278	41988033	sub	x0,x17,x25	 x17:0x00000000 x25:0x00000001
       17845000	      1783	8000127c	994b2b93	slti	x23,x22,-1644	 x22:0x63a2b000 x23=0x00000000
       17855000	      1784	80001280	fd8f9ce3	bne	x31,x24,80001258	 x31:0xffffffef x24:0xffffffef
       17865000	      1785	80001284	004d5d33	srl	x26,x26,x4	 x26:0x54150160  x4:0x00000000 x26=0x54150160
       17875000	      1786	80001288	ffc00b13	addi	x22,x0,-4	  x0:0x00000000 x22=0xfffffffc
       17885000	      1787	8000128c	ff200c93	addi	x25,x0,-14	  x0:0x00000000 x25=0xfffffff2
       17895000	      1788	80001290	193b6993	ori	x19,x22,403	 x22:0xfffffffc x19=0xffffffff
       17905000	      1789	80001294	0036c633	xor	x12,x13,x3	 x13:0x00000000  x3:0xfffffefc x12=0xfffffefc
       17915000	      1790	80001298	ff6b0b13	addi	x22,x22,-10	 x22:0xfffffffc x22=0xfffffff2
       17925000	      1791	8000129c	2ee32913	slti	x18,x6,750	  x6:0x00000001 x18=0x00000001
       17935000	      1792	800012a0	6e1e0e93	addi	x29,x28,1761	 x28:0x00000000 x29=0x000006e1
       17945000	      1793	800012a4	011b73b3	and	x7,x22,x17	 x22:0xfffffff2 x17:0x00000000  x7=0x00000000
       17955000	      1794	800012a8	40650333	sub	x6,x10,x6	 x10:0x00000000  x6:0x00000001  x6=0xffffffff
       17965000	      1795	800012ac	014e92b3	sll	x5,x29,x20	 x29:0x000006e1 x20:0x80000000  x5=0x000006e1
       17975000	      1796	800012b0	6405c193	xori	x3,x11,1600	 x11:0x0000000c  x3=0x0000064c
       17985000	      1797	800012b4	01a50fb3	add	x31,x10,x26	 x10:0x00000000 x26:0x54150160 x31=0x54150160
       17995000	      1798	800012b8	ff900d13	addi	x26,x0,-7	  x0:0x00000000 x26=0xfffffff9
       18005000	      1799	800012bc	93b12d93	slti	x27,x2,-1733	  x2:0xfffffff4 x27=0x00000000
       18015000	      1800	800012c0	40158e33	sub	x28,x11,x1	 x11:0x0000000c  x1:0xfefe271d x28=0x0101d8ef
       18025000	      1801	800012c4	00900a93	addi	x21,x0,9	  x0:0x00000000 x21=0x00000009
       18035000	      1802	800012c8	01a3fa33	and	x20,x7,x26	  x7:0x00000000 x26:0xfffffff9 x20=0x00000000
       18045000	      1803	800012cc	01341293	slli	x5,x8,0x13	  x8:0x80009fc4  x5=0xfe200000
       18055000	      1804	800012d0	00d9cfb3	xor	x31,x19,x13	 x19:0xffffffff x13:0x00000000 x31=0xffffffff
       18065000	      1805	800012d4	004d0d13	addi	x26,x26,4	 x26:0xfffffff9 x26=0xfffffffd
       18075000	      1806	800012d8	f78fe013	ori	x0,x31,-136	 x31:0xffffffff
       18085000	      1807	800012dc	5ddf8293	addi	x5,x31,1501	 x31:0xffffffff  x5=0x000005dc
       18095000	      1808	800012e0	ff5d18e3	bne	x26,x21,800012d0	 x26:0xfffffffd x21:0x00000009
       18105000	      1809	00000000	00000013	addi	x0,x0,0	  x0:0x00000000
       18115000	      1810	800012cc	00000013	addi	x0,x0,0	  x0:0x00000000
       18125000	      1811	800012d0	00d9cfb3	xor	x31,x19,x13	 x19:0xffffffff x13:0x00000000 x31=0xffffffff
       18135000	      1812	800012d4	004d0d13	addi	x26,x26,4	 x26:0xfffffffd x26=0x00000001
       18145000	      1813	800012d8	f78fe013	ori	x0,x31,-136	 x31:0xffffffff
       18155000	      1814	800012dc	5ddf8293	addi	x5,x31,1501	 x31:0xffffffff  x5=0x000005dc
       18165000	      1815	800012e0	ff5d18e3	bne	x26,x21,800012d0	 x26:0x00000001 x21:0x00000009
       18175000	      1816	00000000	00000013	addi	x0,x0,0	  x0:0x00000000
       18185000	      1817	800012cc	00000013	addi	x0,x0,0	  x0:0x00000000
       18195000	      1818	800012d0	00d9cfb3	xor	x31,x19,x13	 x19:0xffffffff x13:0x00000000 x31=0xffffffff
       18205000	      1819	800012d4	004d0d13	addi	x26,x26,4	 x26:0x00000001 x26=0x00000005
       18215000	      1820	800012d8	f78fe013	ori	x0,x31,-136	 x31:0xffffffff
       18225000	      1821	800012dc	5ddf8293	addi	x5,x31,1501	 x31:0xffffffff  x5=0x000005dc
       18235000	      1822	800012e0	ff5d18e3	bne	x26,x21,800012d0	 x26:0x00000005 x21:0x00000009
       18245000	      1823	00000000	00000013	addi	x0,x0,0	  x0:0x00000000
       18255000	      1824	800012cc	00000013	addi	x0,x0,0	  x0:0x00000000
       18265000	      1825	800012d0	00d9cfb3	xor	x31,x19,x13	 x19:0xffffffff x13:0x00000000 x31=0xffffffff
       18275000	      1826	800012d4	004d0d13	addi	x26,x26,4	 x26:0x00000005 x26=0x00000009
       18285000	      1827	800012d8	f78fe013	ori	x0,x31,-136	 x31:0xffffffff
       18295000	      1828	800012dc	5ddf8293	addi	x5,x31,1501	 x31:0xffffffff  x5=0x000005dc
       18305000	      1829	800012e0	ff5d18e3	bne	x26,x21,800012d0	 x26:0x00000009 x21:0x00000009
       18315000	      1830	800012e4	06233493	sltiu	x9,x6,98	  x6:0xffffffff  x9=0x00000000
       18325000	      1831	800012e8	01c008b3	add	x17,x0,x28	  x0:0x00000000 x28:0x0101d8ef x17=0x0101d8ef
       18335000	      1832	800012ec	0116b333	sltu	x6,x13,x17	 x13:0x00000000 x17:0x0101d8ef  x6=0x00000001
       18345000	      1833	800012f0	5251cc13	xori	x24,x3,1317	  x3:0x0000064c x24=0x00000369
       18355000	      1834	800012f4	01eaec33	or	x24,x21,x30	 x21:0x00000009 x30:0xfffffff4 x24=0xfffffffd
       18365000	      1835	800012f8	019535b3	sltu	x11,x10,x25	 x10:0x00000000 x25:0xfffffff2 x11=0x00000001
       18375000	      1836	800012fc	4015ddb3	sra	x27,x11,x1	 x11:0x00000001  x1:0xfefe271d x27=0x00000000
       18385000	      1837	80001300	01e85c33	srl	x24,x16,x30	 x16:0x80009f50 x30:0xfffffff4 x24=0x00000800
       18395000	      1838	80001304	41370f33	sub	x30,x14,x19	 x14:0x00000000 x19:0xffffffff x30=0x00000001
       18405000	      1839	80001308	015ca7b3	slt	x15,x25,x21	 x25:0xfffffff2 x21:0x00000009 x15=0x00000001
       18415000	      1840	8000130c	f99b14e3	bne	x22,x25,80001294	 x22:0xfffffff2 x25:0xfffffff2
       18425000	      1841	80001310	53e44193	xori	x3,x8,1342	  x8:0x80009fc4  x3=0x80009afa
       18435000	      1842	80001314	00300f13	addi	x30,x0,3	  x0:0x00000000 x30=0x00000003
       18445000	      1843	80001318	01200513	addi	x10,x0,18	  x0:0x00000000 x10=0x00000012
       18455000	      1844	8000131c	e0677a13	andi	x20,x14,-506	 x14:0x00000000 x20=0x00000000
       18465000	      1845	80001320	008f0f13	addi	x30,x30,8	 x30:0x00000003 x30=0x0000000b
       18475000	      1846	80001324	00300493	addi	x9,x0,3	  x0:0x00000000  x9=0x00000003
       18485000	      1847	80001328	01100e93	addi	x29,x0,17	  x0:0x00000000 x29=0x00000011
       18495000	      1848	8000132c	4b3b7793	andi	x15,x22,1203	 x22:0xfffffff2 x15=0x000004b2
       18505000	      1849	80001330	00e20fb3	add	x31,x4,x14	  x4:0x00000000 x14:0x00000000 x31=0x00000000
       18515000	      1850	80001334	00748493	addi	x9,x9,7	  x9:0x00000003  x9=0x0000000a
       18525000	      1851	80001338	ffd49ce3	bne	x9,x29,80001330	  x9:0x0000000a x29:0x00000011
       18535000	      1852	00000000	00000013	addi	x0,x0,0	  x0:0x00000000
       18545000	      1853	8000132c	00000013	addi	x0,x0,0	  x0:0x00000000
       18555000	      1854	80001330	00e20fb3	add	x31,x4,x14	  x4:0x00000000 x14:0x00000000 x31=0x00000000
       18565000	      1855	80001334	00748493	addi	x9,x9,7	  x9:0x0000000a  x9=0x00000011
       18575000	      1856	80001338	ffd49ce3	bne	x9,x29,80001330	  x9:0x00000011 x29:0x00000011
       18585000	      1857	8000133c	feaf60e3	bltu	x30,x10,8000131c	 x30:0x0000000b x10:0x00000012
       18595000	      1858	00000000	00000013	addi	x0,x0,0	  x0:0x00000000
       18605000	      1859	80001318	00000013	addi	x0,x0,0	  x0:0x00000000
       18615000	      1860	8000131c	e0677a13	andi	x20,x14,-506	 x14:0x00000000 x20=0x00000000
       18625000	      1861	80001320	008f0f13	addi	x30,x30,8	 x30:0x0000000b x30=0x00000013
       18635000	      1862	80001324	00300493	addi	x9,x0,3	  x0:0x00000000  x9=0x00000003
       18645000	      1863	80001328	01100e93	addi	x29,x0,17	  x0:0x00000000 x29=0x00000011
       18655000	      1864	8000132c	4b3b7793	andi	x15,x22,1203	 x22:0xfffffff2 x15=0x000004b2
       18665000	      1865	80001330	00e20fb3	add	x31,x4,x14	  x4:0x00000000 x14:0x00000000 x31=0x00000000
       18675000	      1866	80001334	00748493	addi	x9,x9,7	  x9:0x00000003  x9=0x0000000a
       18685000	      1867	80001338	ffd49ce3	bne	x9,x29,80001330	  x9:0x0000000a x29:0x00000011
       18695000	      1868	00000000	00000013	addi	x0,x0,0	  x0:0x00000000
       18705000	      1869	8000132c	00000013	addi	x0,x0,0	  x0:0x00000000
       18715000	      1870	80001330	00e20fb3	add	x31,x4,x14	  x4:0x00000000 x14:0x00000000 x31=0x00000000
       18725000	      1871	80001334	00748493	addi	x9,x9,7	  x9:0x0000000a  x9=0x00000011
       18735000	      1872	80001338	ffd49ce3	bne	x9,x29,80001330	  x9:0x00000011 x29:0x00000011
       18745000	      1873	8000133c	feaf60e3	bltu	x30,x10,8000131c	 x30:0x00000013 x10:0x00000012
       18755000	      1874	80001340	00b4d033	srl	x0,x9,x11	  x9:0x00000011 x11:0x00000001
       18765000	      1875	80001344	00300b13	addi	x22,x0,3	  x0:0x00000000 x22=0x00000003
       18775000	      1876	80001348	40768f33	sub	x30,x13,x7	 x13:0x00000000  x7:0x00000000 x30=0x00000000
       18785000	      1877	8000134c	0108b8b3	sltu	x17,x17,x16	 x17:0x0101d8ef x16:0x80009f50 x17=0x00000001
       18795000	      1878	80001350	e4d54b93	xori	x23,x10,-435	 x10:0x00000012 x23=0xfffffe5f
       18805000	      1879	80001354	f7bcda17	auipc	x20,0xf7bcd	 x20=0x77bce350
       18815000	      1880	80001358	ec6da5b7	lui	x11,0xec6da	 x11=0xec6da000
       18825000	      1881	8000135c	0126af33	slt	x30,x13,x18	 x13:0x00000000 x18:0x00000001 x30=0x00000001
       18835000	      1882	80001360	40155633	sra	x12,x10,x1	 x10:0x00000012  x1:0xfefe271d x12=0x00000000
       18845000	      1883	80001364	ffe00713	addi	x14,x0,-2	  x0:0x00000000 x14=0xfffffffe
       18855000	      1884	80001368	00726133	or	x2,x4,x7	  x4:0x00000000  x7:0x00000000  x2=0x00000000
       18865000	      1885	8000136c	002ac1b3	xor	x3,x21,x2	 x21:0x00000009  x2:0x00000000  x3=0x00000009
       18875000	      1886	80001370	e2464597	auipc	x11,0xe2464	 x11=0x6246536c
       18885000	      1887	80001374	406f5d13	srai	x26,x30,0x6	 x30:0x00000001 x26=0x00000000
       18895000	      1888	80001378	3de52e13	slti	x28,x10,990	 x10:0x00000012 x28=0x00000001
       18905000	      1889	8000137c	411e5593	srai	x11,x28,0x11	 x28:0x00000001 x11=0x00000000
       18915000	      1890	80001380	ff8b0b13	addi	x22,x22,-8	 x22:0x00000003 x22=0xfffffffb
       18925000	      1891	80001384	01beeab3	or	x21,x29,x27	 x29:0x00000011 x27:0x00000000 x21=0x00000011
       18935000	      1892	80001388	8bf2fd93	andi	x27,x5,-1857	  x5:0x000005dc x27=0x0000009c
       18945000	      1893	8000138c	01509f33	sll	x30,x1,x21	  x1:0xfefe271d x21:0x00000011 x30=0x4e3a0000
       18955000	      1894	80001390	009af9b3	and	x19,x21,x9	 x21:0x00000011  x9:0x00000011 x19=0x00000011
       18965000	      1895	80001394	fceb5ce3	bge	x22,x14,8000136c	 x22:0xfffffffb x14:0xfffffffe
       18975000	      1896	80001398	298f3917	auipc	x18,0x298f3	 x18=0xa98f4394
       18985000	      1897	8000139c	ff700513	addi	x10,x0,-9	  x0:0x00000000 x10=0xfffffff7
       18995000	      1898	800013a0	41c9d633	sra	x12,x19,x28	 x19:0x00000011 x28:0x00000001 x12=0x00000008
       19005000	      1899	800013a4	01ef9d33	sll	x26,x31,x30	 x31:0x00000000 x30:0x4e3a0000 x26=0x00000000
       19015000	      1900	800013a8	48a57f93	andi	x31,x10,1162	 x10:0xfffffff7 x31=0x00000482
       19025000	      1901	800013ac	ff300913	addi	x18,x0,-13	  x0:0x00000000 x18=0xfffffff3
       19035000	      1902	800013b0	caea8793	addi	x15,x21,-850	 x21:0x00000011 x15=0xfffffcbf
       19045000	      1903	800013b4	ffc50513	addi	x10,x10,-4	 x10:0xfffffff7 x10=0xfffffff3
       19055000	      1904	800013b8	40cc88b3	sub	x17,x25,x12	 x25:0xfffffff2 x12:0x00000008 x17=0xffffffea
       19065000	      1905	800013bc	40205db3	sra	x27,x0,x2	  x0:0x00000000  x2:0x00000000 x27=0x00000000
       19075000	      1906	800013c0	00bb1113	slli	x2,x22,0xb	 x22:0xfffffffb  x2=0xffffd800
       19085000	      1907	800013c4	014551b3	srl	x3,x10,x20	 x10:0xfffffff3 x20:0x77bce350  x3=0x0000ffff
       19095000	      1908	800013c8	0dee77b7	lui	x15,0xdee7	 x15=0x0dee7000
       19105000	      1909	800013cc	ff2512e3	bne	x10,x18,800013b0	 x10:0xfffffff3 x18:0xfffffff3
       19115000	      1910	800013d0	0da88493	addi	x9,x17,218	 x17:0xffffffea  x9=0x000000c4
       19125000	      1911	800013d4	ffd00493	addi	x9,x0,-3	  x0:0x00000000  x9=0xfffffffd
       19135000	      1912	800013d8	b7fbe713	ori	x14,x23,-1153	 x23:0xfffffe5f x14=0xffffff7f
       19145000	      1913	800013dc	00600193	addi	x3,x0,6	  x0:0x00000000  x3=0x00000006
       19155000	      1914	800013e0	80277f93	andi	x31,x14,-2046	 x14:0xffffff7f x31=0xfffff802
       19165000	      1915	800013e4	00b978b3	and	x17,x18,x11	 x18:0xfffffff3 x11:0x00000000 x17=0x00000000
       19175000	      1916	800013e8	5c290b13	addi	x22,x18,1474	 x18:0xfffffff3 x22=0x000005b5
       19185000	      1917	800013ec	00948493	addi	x9,x9,9	  x9:0xfffffffd  x9=0x00000006
       19195000	      1918	800013f0	00700913	addi	x18,x0,7	  x0:0x00000000 x18=0x00000007
       19205000	      1919	800013f4	01509c33	sll	x24,x1,x21	  x1:0xfefe271d x21:0x00000011 x24=0x4e3a0000
       19215000	      1920	800013f8	01aa19b3	sll	x19,x20,x26	 x20:0x77bce350 x26:0x00000000 x19=0x77bce350
       19225000	      1921	800013fc	00700e93	addi	x29,x0,7	  x0:0x00000000 x29=0x00000007
       19235000	      1922	80001400	012a8fb3	add	x31,x21,x18	 x21:0x00000011 x18:0x00000007 x31=0x00000018
       19245000	      1923	80001404	ffa90913	addi	x18,x18,-6	 x18:0x00000007 x18=0x00000001
       19255000	      1924	80001408	0158ea33	or	x20,x17,x21	 x17:0x00000000 x21:0x00000011 x20=0x00000011
       19265000	      1925	8000140c	ffd95ae3	bge	x18,x29,80001400	 x18:0x00000001 x29:0x00000007
       19275000	      1926	80001410	fc349ce3	bne	x9,x3,800013e8	  x9:0x00000006  x3:0x00000006
       19285000	      1927	80001414	a7ca56b7	lui	x13,0xa7ca5	 x13=0xa7ca5000
       19295000	      1928	80001418	ffc00f93	addi	x31,x0,-4	  x0:0x00000000 x31=0xfffffffc
       19305000	      1929	8000141c	5c356f13	ori	x30,x10,1475	 x10:0xfffffff3 x30=0xfffffff3
       19315000	      1930	80001420	005bab33	slt	x22,x23,x5	 x23:0xfffffe5f  x5:0x000005dc x22=0x00000001
       19325000	      1931	80001424	76614b93	xori	x23,x2,1894	  x2:0xffffd800 x23=0xffffdf66
       19335000	      1932	80001428	ff300113	addi	x2,x0,-13	  x0:0x00000000  x2=0xfffffff3
       19345000	      1933	8000142c	c8b68e93	addi	x29,x13,-885	 x13:0xa7ca5000 x29=0xa7ca4c8b
       19355000	      1934	80001430	01d214b3	sll	x9,x4,x29	  x4:0x00000000 x29:0xa7ca4c8b  x9=0x00000000
       19365000	      1935	80001434	0081aa33	slt	x20,x3,x8	  x3:0x00000006  x8:0x80009fc4 x20=0x00000000
       19375000	      1936	80001438	1b91c497	auipc	x9,0x1b91c	  x9=0x9b91d434
       19385000	      1937	8000143c	9ccd8513	addi	x10,x27,-1588	 x27:0x00000000 x10=0xfffff9cc
       19395000	      1938	80001440	ff7f8f93	addi	x31,x31,-9	 x31:0xfffffffc x31=0xfffffff3
       19405000	      1939	80001444	010a8533	add	x10,x21,x16	 x21:0x00000011 x16:0x80009f50 x10=0x80009f61
       19415000	      1940	80001448	ffc00193	addi	x3,x0,-4	  x0:0x00000000  x3=0xfffffffc
       19425000	      1941	8000144c	00c00793	addi	x15,x0,12	  x0:0x00000000 x15=0x0000000c
       19435000	      1942	80001450	44b3ee13	ori	x28,x7,1099	  x7:0x00000000 x28=0x0000044b
       19445000	      1943	80001454	00d47cb3	and	x25,x8,x13	  x8:0x80009fc4 x13:0xa7ca5000 x25=0x80001000
       19455000	      1944	80001458	00318193	addi	x3,x3,3	  x3:0xfffffffc  x3=0xffffffff
       19465000	      1945	8000145c	8a55f993	andi	x19,x11,-1883	 x11:0x00000000 x19=0x00000000
       19475000	      1946	80001460	fef1eae3	bltu	x3,x15,80001454	  x3:0xffffffff x15:0x0000000c
       19485000	      1947	80001464	fc2f98e3	bne	x31,x2,80001434	 x31:0xfffffff3  x2:0xfffffff3
       19495000	      1948	80001468	17e46b93	ori	x23,x8,382	  x8:0x80009fc4 x23=0x80009ffe
       19505000	      1949	8000146c	ffb00b13	addi	x22,x0,-5	  x0:0x00000000 x22=0xfffffffb
       19515000	      1950	80001470	0061a733	slt	x14,x3,x6	  x3:0xffffffff  x6:0x00000001 x14=0x00000001
       19525000	      1951	80001474	01c4d333	srl	x6,x9,x28	  x9:0x9b91d434 x28:0x0000044b  x6=0x0013723a
       19535000	      1952	80001478	d0fd4713	xori	x14,x26,-753	 x26:0x00000000 x14=0xfffffd0f
       19545000	      1953	8000147c	9b95a293	slti	x5,x11,-1607	 x11:0x00000000  x5=0x00000000
       19555000	      1954	80001480	0055b6b3	sltu	x13,x11,x5	 x11:0x00000000  x5:0x00000000 x13=0x00000000
       19565000	      1955	80001484	41c689b3	sub	x19,x13,x28	 x13:0x00000000 x28:0x0000044b x19=0xfffffbb5
       19575000	      1956	80001488	01e373b3	and	x7,x6,x30	  x6:0x0013723a x30:0xfffffff3  x7=0x00137232
       19585000	      1957	8000148c	00f8d293	srli	x5,x17,0xf	 x17:0x00000000  x5=0x00000000
       19595000	      1958	80001490	00288933	add	x18,x17,x2	 x17:0x00000000  x2:0xfffffff3 x18=0xfffffff3
       19605000	      1959	80001494	4162d913	srai	x18,x5,0x16	  x5:0x00000000 x18=0x00000000
       19615000	      1960	80001498	3c4cca93	xori	x21,x25,964	 x25:0x80001000 x21=0x800013c4
       19625000	      1961	8000149c	ff200f13	addi	x30,x0,-14	  x0:0x00000000 x30=0xfffffff2
       19635000	      1962	800014a0	00f7b333	sltu	x6,x15,x15	 x15:0x0000000c x15:0x0000000c  x6=0x00000000
       19645000	      1963	800014a4	00bd87b3	add	x15,x27,x11	 x27:0x00000000 x11:0x00000000 x15=0x00000000
       19655000	      1964	800014a8	ff6b0b13	addi	x22,x22,-10	 x22:0xfffffffb x22=0xfffffff1
       19665000	      1965	800014ac	0110adb3	slt	x27,x1,x17	  x1:0xfefe271d x17:0x00000000 x27=0x00000001
       19675000	      1966	800014b0	00c55b93	srli	x23,x10,0xc	 x10:0x80009f61 x23=0x00080009
       19685000	      1967	800014b4	ffeb56e3	bge	x22,x30,800014a0	 x22:0xfffffff1 x30:0xfffffff2
       19695000	      1968	800014b8	01ece8b3	or	x17,x25,x30	 x25:0x80001000 x30:0xfffffff2 x17=0xfffffff2
       19705000	      1969	800014bc	00a00b93	addi	x23,x0,10	  x0:0x00000000 x23=0x0000000a
       19715000	      1970	800014c0	00a00f93	addi	x31,x0,10	  x0:0x00000000 x31=0x0000000a
       19725000	      1971	800014c4	00bb9c93	slli	x25,x23,0xb	 x23:0x0000000a x25=0x00005000
       19735000	      1972	800014c8	680f0e17	auipc	x28,0x680f0	 x28=0xe80f14c4
       19745000	      1973	800014cc	ff8b8b93	addi	x23,x23,-8	 x23:0x0000000a x23=0x00000002
       19755000	      1974	800014d0	00a00593	addi	x11,x0,10	  x0:0x00000000 x11=0x0000000a
       19765000	      1975	800014d4	00a00693	addi	x13,x0,10	  x0:0x00000000 x13=0x0000000a
       19775000	      1976	800014d8	032bcab7	lui	x21,0x32bc	 x21=0x032bc000
       19785000	      1977	800014dc	0183c1b3	xor	x3,x7,x24	  x7:0x00137232 x24:0x4e3a0000  x3=0x4e297232
       19795000	      1978	800014e0	ff858593	addi	x11,x11,-8	 x11:0x0000000a x11=0x00000002
       19805000	      1979	800014e4	fed5fce3	bgeu	x11,x13,800014dc	 x11:0x00000002 x13:0x0000000a
       19815000	      1980	800014e8	fffbf0e3	bgeu	x23,x31,800014c8	 x23:0x00000002 x31:0x0000000a
       19825000	      1981	800014ec	00d1bc33	sltu	x24,x3,x13	  x3:0x4e297232 x13:0x0000000a x24=0x00000000
       19835000	      1982	800014f0	ffb00893	addi	x17,x0,-5	  x0:0x00000000 x17=0xfffffffb
       19845000	      1983	800014f4	00b00113	addi	x2,x0,11	  x0:0x00000000  x2=0x0000000b
       19855000	      1984	800014f8	009c3233	sltu	x4,x24,x9	 x24:0x00000000  x9:0x9b91d434  x4=0x00000001
       19865000	      1985	800014fc	00000013	addi	x0,x0,0	  x0:0x00000000
       19875000	      1986	80001500	00a88893	addi	x17,x17,10	 x17:0xfffffffb x17=0x00000005
       19885000	      1987	80001504	ffe00393	addi	x7,x0,-2	  x0:0x00000000  x7=0xfffffffe
       19895000	      1988	80001508	ff000793	addi	x15,x0,-16	  x0:0x00000000 x15=0xfffffff0
       19905000	      1989	8000150c	418a5613	srai	x12,x20,0x18	 x20:0x00000000 x12=0x00000000
       19915000	      1990	80001510	bb643937	lui	x18,0xbb643	 x18=0xbb643000
       19925000	      1991	80001514	0071d713	srli	x14,x3,0x7	  x3:0x4e297232 x14=0x009c52e4
       19935000	      1992	80001518	009fd713	srli	x14,x31,0x9	 x31:0x0000000a x14=0x00000000
       19945000	      1993	8000151c	ff638393	addi	x7,x7,-10	  x7:0xfffffffe  x7=0xfffffff4
       19955000	      1994	80001520	fef3d8e3	bge	x7,x15,80001510	  x7:0xfffffff4 x15:0xfffffff0
       19965000	      1995	00000000	00000013	addi	x0,x0,0	  x0:0x00000000
       19975000	      1996	8000150c	00000013	addi	x0,x0,0	  x0:0x00000000
       19985000	      1997	80001510	bb643937	lui	x18,0xbb643	 x18=0xbb643000
       19995000	      1998	80001514	0071d713	srli	x14,x3,0x7	  x3:0x4e297232 x14=0x009c52e4
       20005000	      1999	80001518	009fd713	srli	x14,x31,0x9	 x31:0x0000000a x14=0x00000000
       20015000	      2000	8000151c	ff638393	addi	x7,x7,-10	  x7:0xfffffff4  x7=0xffffffea
       20025000	      2001	80001520	fef3d8e3	bge	x7,x15,80001510	  x7:0xffffffea x15:0xfffffff0
       20035000	      2002	80001524	403cd593	srai	x11,x25,0x3	 x25:0x00005000 x11=0x00000a00
       20045000	      2003	80001528	fc28e8e3	bltu	x17,x2,800014f8	 x17:0x00000005  x2:0x0000000b
       20055000	      2004	00000000	00000013	addi	x0,x0,0	  x0:0x00000000
       20065000	      2005	800014f4	00000013	addi	x0,x0,0	  x0:0x00000000
       20075000	      2006	800014f8	009c3233	sltu	x4,x24,x9	 x24:0x00000000  x9:0x9b91d434  x4=0x00000001
       20085000	      2007	800014fc	00000013	addi	x0,x0,0	  x0:0x00000000
       20095000	      2008	80001500	00a88893	addi	x17,x17,10	 x17:0x00000005 x17=0x0000000f
       20105000	      2009	80001504	ffe00393	addi	x7,x0,-2	  x0:0x00000000  x7=0xfffffffe
       20115000	      2010	80001508	ff000793	addi	x15,x0,-16	  x0:0x00000000 x15=0xfffffff0
       20125000	      2011	8000150c	418a5613	srai	x12,x20,0x18	 x20:0x00000000 x12=0x00000000
       20135000	      2012	80001510	bb643937	lui	x18,0xbb643	 x18=0xbb643000
       20145000	      2013	80001514	0071d713	srli	x14,x3,0x7	  x3:0x4e297232 x14=0x009c52e4
       20155000	      2014	80001518	009fd713	srli	x14,x31,0x9	 x31:0x0000000a x14=0x00000000
       20165000	      2015	8000151c	ff638393	addi	x7,x7,-10	  x7:0xfffffffe  x7=0xfffffff4
       20175000	      2016	80001520	fef3d8e3	bge	x7,x15,80001510	  x7:0xfffffff4 x15:0xfffffff0
       20185000	      2017	00000000	00000013	addi	x0,x0,0	  x0:0x00000000
       20195000	      2018	8000150c	00000013	addi	x0,x0,0	  x0:0x00000000
       20205000	      2019	80001510	bb643937	lui	x18,0xbb643	 x18=0xbb643000
       20215000	      2020	80001514	0071d713	srli	x14,x3,0x7	  x3:0x4e297232 x14=0x009c52e4
       20225000	      2021	80001518	009fd713	srli	x14,x31,0x9	 x31:0x0000000a x14=0x00000000
       20235000	      2022	8000151c	ff638393	addi	x7,x7,-10	  x7:0xfffffff4  x7=0xffffffea
       20245000	      2023	80001520	fef3d8e3	bge	x7,x15,80001510	  x7:0xffffffea x15:0xfffffff0
       20255000	      2024	80001524	403cd593	srai	x11,x25,0x3	 x25:0x00005000 x11=0x00000a00
       20265000	      2025	80001528	fc28e8e3	bltu	x17,x2,800014f8	 x17:0x0000000f  x2:0x0000000b
       20275000	      2026	8000152c	00c24533	xor	x10,x4,x12	  x4:0x00000001 x12:0x00000000 x10=0x00000001
       20285000	      2027	80001530	00000013	addi	x0,x0,0	  x0:0x00000000
       20295000	      2028	80001534	14e02013	slti	x0,x0,334	  x0:0x00000000
       20305000	      2029	80001538	012f8a63	beq	x31,x18,8000154c	 x31:0x0000000a x18:0xbb643000
       20315000	      2030	8000153c	03618063	beq	x3,x22,8000155c	  x3:0x4e297232 x22:0xfffffff1
       20325000	      2031	80001540	0300d463	bge	x1,x16,80001568	  x1:0xfefe271d x16:0x80009f50
       20335000	      2032	00000000	00000013	addi	x0,x0,0	  x0:0x00000000
       20345000	      2033	80001564	00000013	addi	x0,x0,0	  x0:0x00000000
       20355000	      2034	80001568	2d869db7	lui	x27,0x2d869	 x27=0x2d869000
       20365000	      2035	8000156c	d9469bb7	lui	x23,0xd9469	 x23=0xd9469000
       20375000	      2036	80001570	40ed53b3	sra	x7,x26,x14	 x26:0x00000000 x14:0x00000000  x7=0x00000000
       20385000	      2037	80001574	d84ae697	auipc	x13,0xd84ae	 x13=0x584af570
       20395000	      2038	80001578	000a9c13	slli	x24,x21,0x0	 x21:0x032bc000 x24=0x032bc000
       20405000	      2039	8000157c	01d41733	sll	x14,x8,x29	  x8:0x80009fc4 x29:0xa7ca4c8b x14=0x04fe2000
       20415000	      2040	80001580	ae21a193	slti	x3,x3,-1310	  x3:0x4e297232  x3=0x00000000
       20425000	      2041	80001584	01b45513	srli	x10,x8,0x1b	  x8:0x80009fc4 x10=0x00000010
       20435000	      2042	80001588	41c785b3	sub	x11,x15,x28	 x15:0xfffffff0 x28:0xe80f14c4 x11=0x17f0eb2c
       20445000	      2043	8000158c	04bc9663	bne	x25,x11,800015d8	 x25:0x00005000 x11:0x17f0eb2c
       20455000	      2044	00000000	00000013	addi	x0,x0,0	  x0:0x00000000
       20465000	      2045	800015d4	00000013	addi	x0,x0,0	  x0:0x00000000
       20475000	      2046	800015d8	05a58863	beq	x11,x26,80001628	 x11:0x17f0eb2c x26:0x00000000
       20485000	      2047	800015dc	20a6a513	slti	x10,x13,522	 x13:0x584af570 x10=0x00000000
       20495000	      2048	800015e0	01438133	add	x2,x7,x20	  x7:0x00000000 x20:0x00000000  x2=0x00000000
       20505000	      2049	800015e4	71777d93	andi	x27,x14,1815	 x14:0x04fe2000 x27=0x00000000
       20515000	      2050	800015e8	38af8b13	addi	x22,x31,906	 x31:0x0000000a x22=0x00000394
       20525000	      2051	800015ec	017575b3	and	x11,x10,x23	 x10:0x00000000 x23:0xd9469000 x11=0x00000000
       20535000	      2052	800015f0	00297e63	bgeu	x18,x2,8000160c	 x18:0xbb643000  x2:0x00000000
       20545000	      2053	00000000	00000013	addi	x0,x0,0	  x0:0x00000000
       20555000	      2054	80001608	00000013	addi	x0,x0,0	  x0:0x00000000
       20565000	      2055	8000160c	01516b33	or	x22,x2,x21	  x2:0x00000000 x21:0x032bc000 x22=0x032bc000
       20575000	      2056	80001610	4dcc4213	xori	x4,x24,1244	 x24:0x032bc000  x4=0x032bc4dc
       20585000	      2057	80001614	011ddc63	bge	x27,x17,8000162c	 x27:0x00000000 x17:0x0000000f
       20595000	      2058	80001618	d2bb0e13	addi	x28,x22,-725	 x22:0x032bc000 x28=0x032bbd2b
       20605000	      2059	8000161c	90592613	slti	x12,x18,-1787	 x18:0xbb643000 x12=0x00000001
       20615000	      2060	80001620	7baae913	ori	x18,x21,1978	 x21:0x032bc000 x18=0x032bc7ba
       20625000	      2061	80001624	01490633	add	x12,x18,x20	 x18:0x032bc7ba x20:0x00000000 x12=0x032bc7ba
       20635000	      2062	80001628	c24b8113	addi	x2,x23,-988	 x23:0xd9469000  x2=0xd9468c24
       20645000	      2063	8000162c	58296893	ori	x17,x18,1410	 x18:0x032bc7ba x17=0x032bc7ba
       20655000	      2064	80001630	00899e63	bne	x19,x8,8000164c	 x19:0xfffffbb5  x8:0x80009fc4
       20665000	      2065	00000000	00000013	addi	x0,x0,0	  x0:0x00000000
       20675000	      2066	80001648	00000013	addi	x0,x0,0	  x0:0x00000000
       20685000	      2067	8000164c	000933b3	sltu	x7,x18,x0	 x18:0x032bc7ba  x0:0x00000000  x7=0x00000000
       20695000	      2068	80001650	013c1a33	sll	x20,x24,x19	 x24:0x032bc000 x19:0xfffffbb5 x20=0x00000000
       20705000	      2069	80001654	a362ff17	auipc	x30,0xa362f	 x30=0x23630650
       20715000	      2070	80001658	ffe50293	addi	x5,x10,-2	 x10:0x00000000  x5=0xfffffffe
       20725000	      2071	8000165c	02290c63	beq	x18,x2,80001694	 x18:0x032bc7ba  x2:0xd9468c24
       20735000	      2072	80001660	dc7b2293	slti	x5,x22,-569	 x22:0x032bc000  x5=0x00000000
       20745000	      2073	80001664	4089d233	sra	x4,x19,x8	 x19:0xfffffbb5  x8:0x80009fc4  x4=0xffffffbb
       20755000	      2074	80001668	003bcd33	xor	x26,x23,x3	 x23:0xd9469000  x3:0x00000000 x26=0xd9469000
       20765000	      2075	8000166c	03818263	beq	x3,x24,80001690	  x3:0x00000000 x24:0x032bc000
       20775000	      2076	80001670	00000013	addi	x0,x0,0	  x0:0x00000000
       20785000	      2077	80001674	00e7a233	slt	x4,x15,x14	 x15:0xfffffff0 x14:0x04fe2000  x4=0x00000001
       20795000	      2078	80001678	01225993	srli	x19,x4,0x12	  x4:0x00000001 x19=0x00000000
       20805000	      2079	8000167c	40825793	srai	x15,x4,0x8	  x4:0x00000001 x15=0x00000000
       20815000	      2080	80001680	003a1a13	slli	x20,x20,0x3	 x20:0x00000000 x20=0x00000000
       20825000	      2081	80001684	01860933	add	x18,x12,x24	 x12:0x032bc7ba x24:0x032bc000 x18=0x065787ba
       20835000	      2082	80001688	001ffbb3	and	x23,x31,x1	 x31:0x0000000a  x1:0xfefe271d x23=0x00000008
       20845000	      2083	8000168c	00e351b3	srl	x3,x6,x14	  x6:0x00000000 x14:0x04fe2000  x3=0x00000000
       20855000	      2084	80001690	d4ce2213	slti	x4,x28,-692	 x28:0x032bbd2b  x4=0x00000000
       20865000	      2085	80001694	d1212013	slti	x0,x2,-750	  x2:0xd9468c24
       20875000	      2086	80001698	00000013	addi	x0,x0,0	  x0:0x00000000
       20885000	      2087	8000169c	04545463	bge	x8,x5,800016e4	  x8:0x80009fc4  x5:0x00000000
       20895000	      2088	800016a0	03cc4063	blt	x24,x28,800016c0	 x24:0x032bc000 x28:0x032bbd2b
       20905000	      2089	800016a4	01ee6633	or	x12,x28,x30	 x28:0x032bbd2b x30:0x23630650 x12=0x236bbf7b
       20915000	      2090	800016a8	00000013	addi	x0,x0,0	  x0:0x00000000
       20925000	      2091	800016ac	015378b3	and	x17,x6,x21	  x6:0x00000000 x21:0x032bc000 x17=0x00000000
       20935000	      2092	800016b0	05b3c663	blt	x7,x27,800016fc	  x7:0x00000000 x27:0x00000000
       20945000	      2093	800016b4	01698a63	beq	x19,x22,800016c8	 x19:0x00000000 x22:0x032bc000
       20955000	      2094	800016b8	00000013	addi	x0,x0,0	  x0:0x00000000
       20965000	      2095	800016bc	b05d3493	sltiu	x9,x26,-1275	 x26:0xd9469000  x9=0x00000001
       20975000	      2096	800016c0	6ed34c93	xori	x25,x6,1773	  x6:0x00000000 x25=0x000006ed
       20985000	      2097	800016c4	001845b3	xor	x11,x16,x1	 x16:0x80009f50  x1:0xfefe271d x11=0x7efeb84d
       20995000	      2098	800016c8	018d1b13	slli	x22,x26,0x18	 x26:0xd9469000 x22=0x00000000
       21005000	      2099	800016cc	00daca33	xor	x20,x21,x13	 x21:0x032bc000 x13:0x584af570 x20=0x5b613570
       21015000	      2100	800016d0	05b99263	bne	x19,x27,80001714	 x19:0x00000000 x27:0x00000000
       21025000	      2101	800016d4	09718b13	addi	x22,x3,151	  x3:0x00000000 x22=0x00000097
       21035000	      2102	800016d8	86cff193	andi	x3,x31,-1940	 x31:0x0000000a  x3=0x00000008
       21045000	      2103	800016dc	020bf613	andi	x12,x23,32	 x23:0x00000008 x12=0x00000000
       21055000	      2104	800016e0	49b66917	auipc	x18,0x49b66	 x18=0xc9b676dc
       21065000	      2105	800016e4	412dd333	sra	x6,x27,x18	 x27:0x00000000 x18:0xc9b676dc  x6=0x00000000
       21075000	      2106	800016e8	00a2f9b3	and	x19,x5,x10	  x5:0x00000000 x10:0x00000000 x19=0x00000000
       21085000	      2107	800016ec	0153dc33	srl	x24,x7,x21	  x7:0x00000000 x21:0x032bc000 x24=0x00000000
       21095000	      2108	800016f0	ce1ac513	xori	x10,x21,-799	 x21:0x032bc000 x10=0xfcd43ce1
       21105000	      2109	800016f4	00000013	addi	x0,x0,0	  x0:0x00000000
       21115000	      2110	800016f8	08a76a63	bltu	x14,x10,8000178c	 x14:0x04fe2000 x10:0xfcd43ce1
       21125000	      2111	00000000	00000013	addi	x0,x0,0	  x0:0x00000000
       21135000	      2112	80001788	00000013	addi	x0,x0,0	  x0:0x00000000
       21145000	      2113	8000178c	0074dc33	srl	x24,x9,x7	  x9:0x00000001  x7:0x00000000 x24=0x00000001
       21155000	      2114	80001790	00d3dd93	srli	x27,x7,0xd	  x7:0x00000000 x27=0x00000000
       21165000	      2115	80001794	defcc017	auipc	x0,0xdefcc	
       21175000	      2116	80001798	01b4cd33	xor	x26,x9,x27	  x9:0x00000001 x27:0x00000000 x26=0x00000001
       21185000	      2117	8000179c	004f9db3	sll	x27,x31,x4	 x31:0x0000000a  x4:0x00000000 x27=0x0000000a
       21195000	      2118	800017a0	01330c63	beq	x6,x19,800017b8	  x6:0x00000000 x19:0x00000000
       21205000	      2119	00000000	00000013	addi	x0,x0,0	  x0:0x00000000
       21215000	      2120	800017b4	00000013	addi	x0,x0,0	  x0:0x00000000
       21225000	      2121	800017b8	cf8caa13	slti	x20,x25,-776	 x25:0x000006ed x20=0x00000000
       21235000	      2122	800017bc	05405263	bge	x0,x20,80001800	  x0:0x00000000 x20:0x00000000
       21245000	      2123	00000000	00000013	addi	x0,x0,0	  x0:0x00000000
       21255000	      2124	800017fc	00000013	addi	x0,x0,0	  x0:0x00000000
       21265000	      2125	80001800	00f8d633	srl	x12,x17,x15	 x17:0x00000000 x15:0x00000000 x12=0x00000000
       21275000	      2126	80001804	0109ba33	sltu	x20,x19,x16	 x19:0x00000000 x16:0x80009f50 x20=0x00000001
       21285000	      2127	80001808	6b8eca13	xori	x20,x29,1720	 x29:0xa7ca4c8b x20=0xa7ca4a33
       21295000	      2128	8000180c	40e28233	sub	x4,x5,x14	  x5:0x00000000 x14:0x04fe2000  x4=0xfb01e000
       21305000	      2129	80001810	017114b3	sll	x9,x2,x23	  x2:0xd9468c24 x23:0x00000008  x9=0x468c2400
       21315000	      2130	80001814	020b7263	bgeu	x22,x0,80001838	 x22:0x00000097  x0:0x00000000
       21325000	      2131	00000000	00000013	addi	x0,x0,0	  x0:0x00000000
       21335000	      2132	80001834	00000013	addi	x0,x0,0	  x0:0x00000000
       21345000	      2133	80001838	011bdcb3	srl	x25,x23,x17	 x23:0x00000008 x17:0x00000000 x25=0x00000008
       21355000	      2134	8000183c	00fffab3	and	x21,x31,x15	 x31:0x0000000a x15:0x00000000 x21=0x00000000
       21365000	      2135	80001840	00000013	addi	x0,x0,0	  x0:0x00000000
       21375000	      2136	80001844	009c1013	slli	x0,x24,0x9	 x24:0x00000001
       21385000	      2137	80001848	01b75513	srli	x10,x14,0x1b	 x14:0x04fe2000 x10=0x00000000
       21395000	      2138	8000184c	00b79593	slli	x11,x15,0xb	 x15:0x00000000 x11=0x00000000
       21405000	      2139	80001850	00c8dd13	srli	x26,x17,0xc	 x17:0x00000000 x26=0x00000000
       21415000	      2140	80001854	0227ec63	bltu	x15,x2,8000188c	 x15:0x00000000  x2:0xd9468c24
       21425000	      2141	00000000	00000013	addi	x0,x0,0	  x0:0x00000000
       21435000	      2142	80001888	00000013	addi	x0,x0,0	  x0:0x00000000
       21445000	      2143	8000188c	05c5e663	bltu	x11,x28,800018d8	 x11:0x00000000 x28:0x032bbd2b
       21455000	      2144	00000000	00000013	addi	x0,x0,0	  x0:0x00000000
       21465000	      2145	800018d4	00000013	addi	x0,x0,0	  x0:0x00000000
       21475000	      2146	800018d8	019a5c13	srli	x24,x20,0x19	 x20:0xa7ca4a33 x24=0x00000053
       21485000	      2147	800018dc	408f5d93	srai	x27,x30,0x8	 x30:0x23630650 x27=0x00236306
       21495000	      2148	800018e0	d42bb397	auipc	x7,0xd42bb	  x7=0x542bc8dc
       21505000	      2149	800018e4	00f22a93	slti	x21,x4,15	  x4:0xfb01e000 x21=0x00000001
       21515000	      2150	800018e8	fd556113	ori	x2,x10,-43	 x10:0x00000000  x2=0xffffffd5
       21525000	      2151	800018ec	40c15713	srai	x14,x2,0xc	  x2:0xffffffd5 x14=0xffffffff
       21535000	      2152	800018f0	40775f33	sra	x30,x14,x7	 x14:0xffffffff  x7:0x542bc8dc x30=0xffffffff
       21545000	      2153	800018f4	001264b3	or	x9,x4,x1	  x4:0xfb01e000  x1:0xfefe271d  x9=0xffffe71d
       21555000	      2154	800018f8	1459c613	xori	x12,x19,325	 x19:0x00000000 x12=0x00000145
       21565000	      2155	800018fc	41095c13	srai	x24,x18,0x10	 x18:0xc9b676dc x24=0xffffc9b6
       21575000	      2156	80001900	01eb5713	srli	x14,x22,0x1e	 x22:0x00000097 x14=0x00000000
       21585000	      2157	80001904	40bed5b3	sra	x11,x29,x11	 x29:0xa7ca4c8b x11:0x00000000 x11=0xa7ca4c8b
       21595000	      2158	80001908	4094d7b3	sra	x15,x9,x9	  x9:0xffffe71d  x9:0xffffe71d x15=0xffffffff
       21605000	      2159	8000190c	89348117	auipc	x2,0x89348	  x2=0x09349908
       21615000	      2160	80001910	01c36a63	bltu	x6,x28,80001924	  x6:0x00000000 x28:0x032bbd2b
       21625000	      2161	00000000	00000013	addi	x0,x0,0	  x0:0x00000000
       21635000	      2162	80001920	00000013	addi	x0,x0,0	  x0:0x00000000
       21645000	      2163	80001924	00000013	addi	x0,x0,0	  x0:0x00000000
       21655000	      2164	80001928	844d6293	ori	x5,x26,-1980	 x26:0x00000000  x5=0xfffff844
       21665000	      2165	8000192c	418c0d33	sub	x26,x24,x24	 x24:0xffffc9b6 x24:0xffffc9b6 x26=0x00000000
       21675000	      2166	80001930	01d764b3	or	x9,x14,x29	 x14:0x00000000 x29:0xa7ca4c8b  x9=0xa7ca4c8b
       21685000	      2167	80001934	00074c33	xor	x24,x14,x0	 x14:0x00000000  x0:0x00000000 x24=0x00000000
       21695000	      2168	80001938	00cced33	or	x26,x25,x12	 x25:0x00000008 x12:0x00000145 x26=0x0000014d
       21705000	      2169	8000193c	01de5313	srli	x6,x28,0x1d	 x28:0x032bbd2b  x6=0x00000000
       21715000	      2170	80001940	016dceb3	xor	x29,x27,x22	 x27:0x00236306 x22:0x00000097 x29=0x00236391
       21725000	      2171	80001944	00000013	addi	x0,x0,0	  x0:0x00000000
       21735000	      2172	80001948	01364cb3	xor	x25,x12,x19	 x12:0x00000145 x19:0x00000000 x25=0x00000145
       21745000	      2173	8000194c	05e9f463	bgeu	x19,x30,80001994	 x19:0x00000000 x30:0xffffffff
       21755000	      2174	80001950	004012b3	sll	x5,x0,x4	  x0:0x00000000  x4:0xfb01e000  x5=0x00000000
       21765000	      2175	80001954	003d9133	sll	x2,x27,x3	 x27:0x00236306  x3:0x00000008  x2=0x23630600
       21775000	      2176	80001958	02847e63	bgeu	x8,x8,80001994	  x8:0x80009fc4  x8:0x80009fc4
       21785000	      2177	00000000	00000013	addi	x0,x0,0	  x0:0x00000000
       21795000	      2178	80001990	00000013	addi	x0,x0,0	  x0:0x00000000
       21805000	      2179	80001994	055909b7	lui	x19,0x5590	 x19=0x05590000
       21815000	      2180	80001998	72994493	xori	x9,x18,1833	 x18:0xc9b676dc  x9=0xc9b671f5
       21825000	      2181	8000199c	404d82b3	sub	x5,x27,x4	 x27:0x00236306  x4:0xfb01e000  x5=0x05218306
       21835000	      2182	800019a0	cd8bfdb7	lui	x27,0xcd8bf	 x27=0xcd8bf000
       21845000	      2183	800019a4	e914c493	xori	x9,x9,-367	  x9:0xc9b671f5  x9=0x36498f64
       21855000	      2184	800019a8	008d9033	sll	x0,x27,x8	 x27:0xcd8bf000  x8:0x80009fc4
       21865000	      2185	800019ac	01484863	blt	x16,x20,800019bc	 x16:0x80009f50 x20:0xa7ca4a33
       21875000	      2186	00000000	00000013	addi	x0,x0,0	  x0:0x00000000
       21885000	      2187	800019b8	00000013	addi	x0,x0,0	  x0:0x00000000
       21895000	      2188	800019bc	006f88b3	add	x17,x31,x6	 x31:0x0000000a  x6:0x00000000 x17=0x0000000a
       21905000	      2189	800019c0	8fcdd997	auipc	x19,0x8fcdd	 x19=0x0fcde9bc
       21915000	      2190	800019c4	037ae063	bltu	x21,x23,800019e4	 x21:0x00000001 x23:0x00000008
       21925000	      2191	00000000	00000013	addi	x0,x0,0	  x0:0x00000000
       21935000	      2192	800019e0	00000013	addi	x0,x0,0	  x0:0x00000000
       21945000	      2193	800019e4	00df9bb3	sll	x23,x31,x13	 x31:0x0000000a x13:0x584af570 x23=0x000a0000
       21955000	      2194	800019e8	010914b3	sll	x9,x18,x16	 x18:0xc9b676dc x16:0x80009f50  x9=0x76dc0000
       21965000	      2195	800019ec	11c23a13	sltiu	x20,x4,284	  x4:0xfb01e000 x20=0x00000000
       21975000	      2196	800019f0	00d8c7b3	xor	x15,x17,x13	 x17:0x0000000a x13:0x584af570 x15=0x584af57a
       21985000	      2197	800019f4	d488ef93	ori	x31,x17,-696	 x17:0x0000000a x31=0xfffffd4a
       21995000	      2198	800019f8	9e3b3f93	sltiu	x31,x22,-1565	 x22:0x00000097 x31=0x00000001
       22005000	      2199	800019fc	d7a23e93	sltiu	x29,x4,-646	  x4:0xfb01e000 x29=0x00000001
       22015000	      2200	80001a00	017fde13	srli	x28,x31,0x17	 x31:0x00000001 x28=0x00000000
       22025000	      2201	80001a04	eb444c17	auipc	x24,0xeb444	 x24=0x6b445a00
       22035000	      2202	80001a08	cce28713	addi	x14,x5,-818	  x5:0x05218306 x14=0x05217fd4
       22045000	      2203	80001a0c	00de9fb3	sll	x31,x29,x13	 x29:0x00000001 x13:0x584af570 x31=0x00010000
       22055000	      2204	80001a10	0255dc63	bge	x11,x5,80001a48	 x11:0xa7ca4c8b  x5:0x05218306
       22065000	      2205	80001a14	00671a63	bne	x14,x6,80001a28	 x14:0x05217fd4  x6:0x00000000
       22075000	      2206	00000000	00000013	addi	x0,x0,0	  x0:0x00000000
       22085000	      2207	80001a24	00000013	addi	x0,x0,0	  x0:0x00000000
       22095000	      2208	80001a28	004f85b3	add	x11,x31,x4	 x31:0x00010000  x4:0xfb01e000 x11=0xfb02e000
       22105000	      2209	80001a2c	0577d863	bge	x15,x23,80001a7c	 x15:0x584af57a x23:0x000a0000
       22115000	      2210	00000000	00000013	addi	x0,x0,0	  x0:0x00000000
       22125000	      2211	80001a78	00000013	addi	x0,x0,0	  x0:0x00000000
       22135000	      2212	80001a7c	ae8aa993	slti	x19,x21,-1304	 x21:0x00000001 x19=0x00000000
       22145000	      2213	80001a80	0200d063	bge	x1,x0,80001aa0	  x1:0xfefe271d  x0:0x00000000
       22155000	      2214	80001a84	01975db3	srl	x27,x14,x25	 x14:0x05217fd4 x25:0x00000145 x27=0x00290bfe
       22165000	      2215	80001a88	c78b2f93	slti	x31,x22,-904	 x22:0x00000097 x31=0x00000000
       22175000	      2216	80001a8c	a3684193	xori	x3,x16,-1482	 x16:0x80009f50  x3=0x7fff6566
       22185000	      2217	80001a90	01361e63	bne	x12,x19,80001aac	 x12:0x00000145 x19:0x00000000
       22195000	      2218	00000000	00000013	addi	x0,x0,0	  x0:0x00000000
       22205000	      2219	80001aa8	00000013	addi	x0,x0,0	  x0:0x00000000
       22215000	      2220	80001aac	0d3d8db7	lui	x27,0xd3d8	 x27=0x0d3d8000
       22225000	      2221	80001ab0	02b45263	bge	x8,x11,80001ad4	  x8:0x80009fc4 x11:0xfb02e000
       22235000	      2222	80001ab4	009a55b3	srl	x11,x20,x9	 x20:0x00000000  x9:0x76dc0000 x11=0x00000000
       22245000	      2223	80001ab8	018c3bb3	sltu	x23,x24,x24	 x24:0x6b445a00 x24:0x6b445a00 x23=0x00000000
       22255000	      2224	80001abc	40448bb3	sub	x23,x9,x4	  x9:0x76dc0000  x4:0xfb01e000 x23=0x7bda2000
       22265000	      2225	80001ac0	00a49913	slli	x18,x9,0xa	  x9:0x76dc0000 x18=0x70000000
       22275000	      2226	80001ac4	5a170493	addi	x9,x14,1441	 x14:0x05217fd4  x9=0x05218575
       22285000	      2227	80001ac8	013b5913	srli	x18,x22,0x13	 x22:0x00000097 x18=0x00000000
       22295000	      2228	80001acc	682dea93	ori	x21,x27,1666	 x27:0x0d3d8000 x21=0x0d3d8682
       22305000	      2229	80001ad0	0547c663	blt	x15,x20,80001b1c	 x15:0x584af57a x20:0x00000000
       22315000	      2230	80001ad4	4164d3b3	sra	x7,x9,x22	  x9:0x05218575 x22:0x00000097  x7=0x0000000a
       22325000	      2231	80001ad8	002e1b93	slli	x23,x28,0x2	 x28:0x00000000 x23=0x00000000
       22335000	      2232	80001adc	418683b3	sub	x7,x13,x24	 x13:0x584af570 x24:0x6b445a00  x7=0xed069b70
       22345000	      2233	80001ae0	016bd033	srl	x0,x23,x22	 x23:0x00000000 x22:0x00000097
       22355000	      2234	80001ae4	44d96b13	ori	x22,x18,1101	 x18:0x00000000 x22=0x0000044d
       22365000	      2235	80001ae8	0099dc13	srli	x24,x19,0x9	 x19:0x00000000 x24=0x00000000
       22375000	      2236	80001aec	012f92b3	sll	x5,x31,x18	 x31:0x00000000 x18:0x00000000  x5=0x00000000
       22385000	      2237	80001af0	f18c0713	addi	x14,x24,-232	 x24:0x00000000 x14=0xffffff18
       22395000	      2238	80001af4	01d9cd33	xor	x26,x19,x29	 x19:0x00000000 x29:0x00000001 x26=0x00000001
       22405000	      2239	80001af8	02334663	blt	x6,x3,80001b24	  x6:0x00000000  x3:0x7fff6566
       22415000	      2240	00000000	00000013	addi	x0,x0,0	  x0:0x00000000
       22425000	      2241	80001b20	00000013	addi	x0,x0,0	  x0:0x00000000
       22435000	      2242	80001b24	003b1a63	bne	x22,x3,80001b38	 x22:0x0000044d  x3:0x7fff6566
       22445000	      2243	00000000	00000013	addi	x0,x0,0	  x0:0x00000000
       22455000	      2244	80001b34	00000013	addi	x0,x0,0	  x0:0x00000000
       22465000	      2245	80001b38	ce003c93	sltiu	x25,x0,-800	  x0:0x00000000 x25=0x00000001
       22475000	      2246	80001b3c	01f99bb3	sll	x23,x19,x31	 x19:0x00000000 x31:0x00000000 x23=0x00000000
       22485000	      2247	80001b40	01670fb3	add	x31,x14,x22	 x14:0xffffff18 x22:0x0000044d x31=0x00000365
       22495000	      2248	80001b44	01f89c63	bne	x17,x31,80001b5c	 x17:0x0000000a x31:0x00000365
       22505000	      2249	00000000	00000013	addi	x0,x0,0	  x0:0x00000000
       22515000	      2250	80001b58	00000013	addi	x0,x0,0	  x0:0x00000000
       22525000	      2251	80001b5c	0149c333	xor	x6,x19,x20	 x19:0x00000000 x20:0x00000000  x6=0x00000000
       22535000	      2252	80001b60	002946b3	xor	x13,x18,x2	 x18:0x00000000  x2:0x23630600 x13=0x23630600
       22545000	      2253	80001b64	406e5a93	srai	x21,x28,0x6	 x28:0x00000000 x21=0x00000000
       22555000	      2254	80001b68	010a9513	slli	x10,x21,0x10	 x21:0x00000000 x10=0x00000000
       22565000	      2255	80001b6c	01004cb3	xor	x25,x0,x16	  x0:0x00000000 x16:0x80009f50 x25=0x80009f50
       22575000	      2256	80001b70	0029db33	srl	x22,x19,x2	 x19:0x00000000  x2:0x23630600 x22=0x00000000
       22585000	      2257	80001b74	18274493	xori	x9,x14,386	 x14:0xffffff18  x9=0xfffffe9a
       22595000	      2258	80001b78	88ecc713	xori	x14,x25,-1906	 x25:0x80009f50 x14=0x7fff67de
       22605000	      2259	80001b7c	019517b3	sll	x15,x10,x25	 x10:0x00000000 x25:0x80009f50 x15=0x00000000
       22615000	      2260	80001b80	03cef063	bgeu	x29,x28,80001ba0	 x29:0x00000001 x28:0x00000000
       22625000	      2261	00000000	00000013	addi	x0,x0,0	  x0:0x00000000
       22635000	      2262	80001b9c	00000013	addi	x0,x0,0	  x0:0x00000000
       22645000	      2263	80001ba0	01b59bb3	sll	x23,x11,x27	 x11:0x00000000 x27:0x0d3d8000 x23=0x00000000
       22655000	      2264	80001ba4	00000013	addi	x0,x0,0	  x0:0x00000000
       22665000	      2265	80001ba8	16ca7993	andi	x19,x20,364	 x20:0x00000000 x19=0x00000000
       22675000	      2266	80001bac	019d9533	sll	x10,x27,x25	 x27:0x0d3d8000 x25:0x80009f50 x10=0x80000000
       22685000	      2267	80001bb0	00d94033	xor	x0,x18,x13	 x18:0x00000000 x13:0x23630600
       22695000	      2268	80001bb4	00000013	addi	x0,x0,0	  x0:0x00000000
       22705000	      2269	80001bb8	031dc063	blt	x27,x17,80001bd8	 x27:0x0d3d8000 x17:0x0000000a
       22715000	      2270	80001bbc	0339f263	bgeu	x19,x19,80001be0	 x19:0x00000000 x19:0x00000000
       22725000	      2271	00000000	00000013	addi	x0,x0,0	  x0:0x00000000
       22735000	      2272	80001bdc	00000013	addi	x0,x0,0	  x0:0x00000000
       22745000	      2273	80001be0	402f0d33	sub	x26,x30,x2	 x30:0xffffffff  x2:0x23630600 x26=0xdc9cf9ff
       22755000	      2274	80001be4	017a5d33	srl	x26,x20,x23	 x20:0x00000000 x23:0x00000000 x26=0x00000000
       22765000	      2275	80001be8	01e353b3	srl	x7,x6,x30	  x6:0x00000000 x30:0xffffffff  x7=0x00000000
       22775000	      2276	80001bec	003fb9b3	sltu	x19,x31,x3	 x31:0x00000365  x3:0x7fff6566 x19=0x00000001
       22785000	      2277	80001bf0	012b72b3	and	x5,x22,x18	 x22:0x00000000 x18:0x00000000  x5=0x00000000
       22795000	      2278	80001bf4	00250633	add	x12,x10,x2	 x10:0x80000000  x2:0x23630600 x12=0xa3630600
       22805000	      2279	80001bf8	9d940193	addi	x3,x8,-1575	  x8:0x80009fc4  x3=0x8000999d
       22815000	      2280	80001bfc	9288f737	lui	x14,0x9288f	 x14=0x9288f000
       22825000	      2281	80001c00	004b2933	slt	x18,x22,x4	 x22:0x00000000  x4:0xfb01e000 x18=0x00000000
       22835000	      2282	80001c04	01361293	slli	x5,x12,0x13	 x12:0xa3630600  x5=0x30000000
       22845000	      2283	80001c08	cf3a6f93	ori	x31,x20,-781	 x20:0x00000000 x31=0xfffffcf3
       22855000	      2284	80001c0c	005823b3	slt	x7,x16,x5	 x16:0x80009f50  x5:0x30000000  x7=0x00000001
       22865000	      2285	80001c10	effe0713	addi	x14,x28,-257	 x28:0x00000000 x14=0xfffffeff
       22875000	      2286	80001c14	01b42bb3	slt	x23,x8,x27	  x8:0x80009fc4 x27:0x0d3d8000 x23=0x00000001
       22885000	      2287	80001c18	013c9b13	slli	x22,x25,0x13	 x25:0x80009f50 x22=0xfa800000
       22895000	      2288	80001c1c	ac193293	sltiu	x5,x18,-1343	 x18:0x00000000  x5=0x00000001
       22905000	      2289	80001c20	56f3b993	sltiu	x19,x7,1391	  x7:0x00000001 x19=0x00000001
       22915000	      2290	80001c24	019e93b3	sll	x7,x29,x25	 x29:0x00000001 x25:0x80009f50  x7=0x00010000
       22925000	      2291	80001c28	031c0663	beq	x24,x17,80001c54	 x24:0x00000000 x17:0x0000000a
       22935000	      2292	80001c2c	0211fe63	bgeu	x3,x1,80001c68	  x3:0x8000999d  x1:0xfefe271d
       22945000	      2293	80001c30	400d5b33	sra	x22,x26,x0	 x26:0x00000000  x0:0x00000000 x22=0x00000000
       22955000	      2294	80001c34	333342b7	lui	x5,0x33334	  x5=0x33334000
       22965000	      2295	80001c38	0590f463	bgeu	x1,x25,80001c80	  x1:0xfefe271d x25:0x80009f50
       22975000	      2296	00000000	00000013	addi	x0,x0,0	  x0:0x00000000
       22985000	      2297	80001c7c	00000013	addi	x0,x0,0	  x0:0x00000000
       22995000	      2298	80001c80	40630633	sub	x12,x6,x6	  x6:0x00000000  x6:0x00000000 x12=0x00000000
       23005000	      2299	80001c84	41065e13	srai	x28,x12,0x10	 x12:0x00000000 x28=0x00000000
       23015000	      2300	80001c88	e3417237	lui	x4,0xe3417	  x4=0xe3417000
       23025000	      2301	80001c8c	5386a193	slti	x3,x13,1336	 x13:0x23630600  x3=0x00000000
       23035000	      2302	80001c90	e95a3113	sltiu	x2,x20,-363	 x20:0x00000000  x2=0x00000001
       23045000	      2303	80001c94	01018663	beq	x3,x16,80001ca0	  x3:0x00000000 x16:0x80009f50
       23055000	      2304	80001c98	41a0ab37	lui	x22,0x41a0a	 x22=0x41a0a000
       23065000	      2305	80001c9c	01751a93	slli	x21,x10,0x17	 x10:0x80000000 x21=0x00000000
       23075000	      2306	80001ca0	007559b3	srl	x19,x10,x7	 x10:0x80000000  x7:0x00010000 x19=0x80000000
       23085000	      2307	80001ca4	00ed4eb3	xor	x29,x26,x14	 x26:0x00000000 x14:0xfffffeff x29=0xfffffeff
       23095000	      2308	80001ca8	25458593	addi	x11,x11,596	 x11:0x00000000 x11=0x00000254
       23105000	      2309	80001cac	018fd913	srli	x18,x31,0x18	 x31:0xfffffcf3 x18=0x000000ff
       23115000	      2310	80001cb0	01c7b9b3	sltu	x19,x15,x28	 x15:0x00000000 x28:0x00000000 x19=0x00000000
       23125000	      2311	80001cb4	7cb39937	lui	x18,0x7cb39	 x18=0x7cb39000
       23135000	      2312	80001cb8	00ff7233	and	x4,x30,x15	 x30:0xffffffff x15:0x00000000  x4=0x00000000
       23145000	      2313	80001cbc	0d88e313	ori	x6,x17,216	 x17:0x0000000a  x6=0x000000da
       23155000	      2314	80001cc0	01ed0333	add	x6,x26,x30	 x26:0x00000000 x30:0xffffffff  x6=0xffffffff
       23165000	      2315	80001cc4	41978fb3	sub	x31,x15,x25	 x15:0x00000000 x25:0x80009f50 x31=0x7fff60b0
       23175000	      2316	80001cc8	cc91ef13	ori	x30,x3,-823	  x3:0x00000000 x30=0xfffffcc9
       23185000	      2317	80001ccc	071caf13	slti	x30,x25,113	 x25:0x80009f50 x30=0x00000001
       23195000	      2318	80001cd0	39ef6e93	ori	x29,x30,926	 x30:0x00000001 x29=0x0000039f
       23205000	      2319	80001cd4	00b71c13	slli	x24,x14,0xb	 x14:0xfffffeff x24=0xfff7f800
       23215000	      2320	80001cd8	010a7733	and	x14,x20,x16	 x20:0x00000000 x16:0x80009f50 x14=0x00000000
       23225000	      2321	80001cdc	ffb00793	addi	x15,x0,-5	  x0:0x00000000 x15=0xfffffffb
       23235000	      2322	80001ce0	01b9eeb3	or	x29,x19,x27	 x19:0x00000000 x27:0x0d3d8000 x29=0x0d3d8000
       23245000	      2323	80001ce4	00e751b3	srl	x3,x14,x14	 x14:0x00000000 x14:0x00000000  x3=0x00000000
       23255000	      2324	80001ce8	e2d4be13	sltiu	x28,x9,-467	  x9:0xfffffe9a x28=0x00000000
       23265000	      2325	80001cec	5541e393	ori	x7,x3,1364	  x3:0x00000000  x7=0x00000554
       23275000	      2326	80001cf0	017caf33	slt	x30,x25,x23	 x25:0x80009f50 x23:0x00000001 x30=0x00000001
       23285000	      2327	80001cf4	00900593	addi	x11,x0,9	  x0:0x00000000 x11=0x00000009
       23295000	      2328	80001cf8	00f2aab3	slt	x21,x5,x15	  x5:0x33334000 x15:0xfffffffb x21=0x00000000
       23305000	      2329	80001cfc	0c862313	slti	x6,x12,200	 x12:0x00000000  x6=0x00000001
       23315000	      2330	80001d00	166b3113	sltiu	x2,x22,358	 x22:0x41a0a000  x2=0x00000000
       23325000	      2331	80001d04	00778793	addi	x15,x15,7	 x15:0xfffffffb x15=0x00000002
       23335000	      2332	80001d08	00faf4b3	and	x9,x21,x15	 x21:0x00000000 x15:0x00000002  x9=0x00000000
       23345000	      2333	80001d0c	00000d93	addi	x27,x0,0	  x0:0x00000000 x27=0x00000000
       23355000	      2334	80001d10	00700993	addi	x19,x0,7	  x0:0x00000000 x19=0x00000007
       23365000	      2335	80001d14	14a0ac93	slti	x25,x1,330	  x1:0xfefe271d x25=0x00000001
       23375000	      2336	80001d18	78e86d37	lui	x26,0x78e86	 x26=0x78e86000
       23385000	      2337	80001d1c	50b31697	auipc	x13,0x50b31	 x13=0xd0b32d18
       23395000	      2338	80001d20	020d1517	auipc	x10,0x20d1	 x10=0x820d2d1c
       23405000	      2339	80001d24	007d8d93	addi	x27,x27,7	 x27:0x00000000 x27=0x00000007
       23415000	      2340	80001d28	ff3d98e3	bne	x27,x19,80001d18	 x27:0x00000007 x19:0x00000007
       23425000	      2341	80001d2c	00000013	addi	x0,x0,0	  x0:0x00000000
       23435000	      2342	80001d30	fcb784e3	beq	x15,x11,80001cf8	 x15:0x00000002 x11:0x00000009
       23445000	      2343	80001d34	40ba5933	sra	x18,x20,x11	 x20:0x00000000 x11:0x00000009 x18=0x00000000
       23455000	      2344	80001d38	01451733	sll	x14,x10,x20	 x10:0x820d2d1c x20:0x00000000 x14=0x820d2d1c
       23465000	      2345	80001d3c	00129d93	slli	x27,x5,0x1	  x5:0x33334000 x27=0x66668000
       23475000	      2346	80001d40	417f8f33	sub	x30,x31,x23	 x31:0x7fff60b0 x23:0x00000001 x30=0x7fff60af
       23485000	      2347	80001d44	9254e613	ori	x12,x9,-1755	  x9:0x00000000 x12=0xfffff925
       23495000	      2348	80001d48	03241063	bne	x8,x18,80001d68	  x8:0x80009fc4 x18:0x00000000
       23505000	      2349	00000000	00000013	addi	x0,x0,0	  x0:0x00000000
       23515000	      2350	80001d64	00000013	addi	x0,x0,0	  x0:0x00000000
       23525000	      2351	80001d68	01ebec33	or	x24,x23,x30	 x23:0x00000001 x30:0x7fff60af x24=0x7fff60af
       23535000	      2352	80001d6c	01ccdb33	srl	x22,x25,x28	 x25:0x00000001 x28:0x00000000 x22=0x00000001
       23545000	      2353	80001d70	03e9c063	blt	x19,x30,80001d90	 x19:0x00000007 x30:0x7fff60af
       23555000	      2354	00000000	00000013	addi	x0,x0,0	  x0:0x00000000
       23565000	      2355	80001d8c	00000013	addi	x0,x0,0	  x0:0x00000000
       23575000	      2356	80001d90	009284b3	add	x9,x5,x9	  x5:0x33334000  x9:0x00000000  x9=0x33334000
       23585000	      2357	80001d94	019f1b93	slli	x23,x30,0x19	 x30:0x7fff60af x23=0x5e000000
       23595000	      2358	80001d98	03f0e263	bltu	x1,x31,80001dbc	  x1:0xfefe271d x31:0x7fff60b0
       23605000	      2359	80001d9c	01354bb3	xor	x23,x10,x19	 x10:0x820d2d1c x19:0x00000007 x23=0x820d2d1b
       23615000	      2360	80001da0	1586a613	slti	x12,x13,344	 x13:0xd0b32d18 x12=0x00000001
       23625000	      2361	80001da4	00fecd33	xor	x26,x29,x15	 x29:0x0d3d8000 x15:0x00000002 x26=0x0d3d8002
       23635000	      2362	80001da8	41498933	sub	x18,x19,x20	 x19:0x00000007 x20:0x00000000 x18=0x00000007
       23645000	      2363	80001dac	40a55c13	srai	x24,x10,0xa	 x10:0x820d2d1c x24=0xffe0834b
       23655000	      2364	80001db0	41f403b3	sub	x7,x8,x31	  x8:0x80009fc4 x31:0x7fff60b0  x7=0x00013f14
       23665000	      2365	80001db4	01b8d133	srl	x2,x17,x27	 x17:0x0000000a x27:0x66668000  x2=0x0000000a
       23675000	      2366	80001db8	e0d4af37	lui	x30,0xe0d4a	 x30=0xe0d4a000
       23685000	      2367	80001dbc	40cbd013	srai	x0,x23,0xc	 x23:0x820d2d1b
       23695000	      2368	80001dc0	01e407b3	add	x15,x8,x30	  x8:0x80009fc4 x30:0xe0d4a000 x15=0x60d53fc4
       23705000	      2369	80001dc4	01ff0c63	beq	x30,x31,80001ddc	 x30:0xe0d4a000 x31:0x7fff60b0
       23715000	      2370	80001dc8	40d18c33	sub	x24,x3,x13	  x3:0x00000000 x13:0xd0b32d18 x24=0x2f4cd2e8
       23725000	      2371	80001dcc	0163bbb3	sltu	x23,x7,x22	  x7:0x00013f14 x22:0x00000001 x23=0x00000000
       23735000	      2372	80001dd0	02b1e263	bltu	x3,x11,80001df4	  x3:0x00000000 x11:0x00000009
       23745000	      2373	00000000	00000013	addi	x0,x0,0	  x0:0x00000000
       23755000	      2374	80001df0	00000013	addi	x0,x0,0	  x0:0x00000000
       23765000	      2375	80001df4	01a84c33	xor	x24,x16,x26	 x16:0x80009f50 x26:0x0d3d8002 x24=0x8d3d1f52
       23775000	      2376	80001df8	00000013	addi	x0,x0,0	  x0:0x00000000
       23785000	      2377	80001dfc	02375663	bge	x14,x3,80001e28	 x14:0x820d2d1c  x3:0x00000000
       23795000	      2378	80001e00	411b84b3	sub	x9,x23,x17	 x23:0x00000000 x17:0x0000000a  x9=0xfffffff6
       23805000	      2379	80001e04	0424f263	bgeu	x9,x2,80001e48	  x9:0xfffffff6  x2:0x0000000a
       23815000	      2380	00000000	00000013	addi	x0,x0,0	  x0:0x00000000
       23825000	      2381	80001e44	00000013	addi	x0,x0,0	  x0:0x00000000
       23835000	      2382	80001e48	019a7333	and	x6,x20,x25	 x20:0x00000000 x25:0x00000001  x6=0x00000000
       23845000	      2383	80001e4c	03ffc663	blt	x31,x31,80001e78	 x31:0x7fff60b0 x31:0x7fff60b0
       23855000	      2384	80001e50	00b01013	slli	x0,x0,0xb	  x0:0x00000000
       23865000	      2385	80001e54	0041d6b3	srl	x13,x3,x4	  x3:0x00000000  x4:0x00000000 x13=0x00000000
       23875000	      2386	80001e58	1b962c93	slti	x25,x12,441	 x12:0x00000001 x25=0x00000001
       23885000	      2387	80001e5c	0039db13	srli	x22,x19,0x3	 x19:0x00000007 x22=0x00000000
       23895000	      2388	80001e60	fea9aab7	lui	x21,0xfea9a	 x21=0xfea9a000
       23905000	      2389	80001e64	00182533	slt	x10,x16,x1	 x16:0x80009f50  x1:0xfefe271d x10=0x00000001
       23915000	      2390	80001e68	0194d7b3	srl	x15,x9,x25	  x9:0xfffffff6 x25:0x00000001 x15=0x7ffffffb
       23925000	      2391	80001e6c	01aa7c33	and	x24,x20,x26	 x20:0x00000000 x26:0x0d3d8002 x24=0x00000000
       23935000	      2392	80001e70	00239c33	sll	x24,x7,x2	  x7:0x00013f14  x2:0x0000000a x24=0x04fc5000
       23945000	      2393	80001e74	046cf663	bgeu	x25,x6,80001ec0	 x25:0x00000001  x6:0x00000000
       23955000	      2394	00000000	00000013	addi	x0,x0,0	  x0:0x00000000
       23965000	      2395	80001ebc	00000013	addi	x0,x0,0	  x0:0x00000000
       23975000	      2396	80001ec0	01eb8b33	add	x22,x23,x30	 x23:0x00000000 x30:0xe0d4a000 x22=0xe0d4a000
       23985000	      2397	80001ec4	011ebf33	sltu	x30,x29,x17	 x29:0x0d3d8000 x17:0x0000000a x30=0x00000000
       23995000	      2398	80001ec8	413601b3	sub	x3,x12,x19	 x12:0x00000001 x19:0x00000007  x3=0xfffffffa
       24005000	      2399	80001ecc	40328ab3	sub	x21,x5,x3	  x5:0x33334000  x3:0xfffffffa x21=0x33334006
       24015000	      2400	80001ed0	11063993	sltiu	x19,x12,272	 x12:0x00000001 x19=0x00000001
       24025000	      2401	80001ed4	2826e893	ori	x17,x13,642	 x13:0x00000000 x17=0x00000282
       24035000	      2402	80001ed8	003c91b3	sll	x3,x25,x3	 x25:0x00000001  x3:0xfffffffa  x3=0x04000000
       24045000	      2403	80001edc	702f2717	auipc	x14,0x702f2	 x14=0xf02f3ed8
       24055000	      2404	80001ee0	b6dcae13	slti	x28,x25,-1171	 x25:0x00000001 x28=0x00000000
       24065000	      2405	80001ee4	410b53b3	sra	x7,x22,x16	 x22:0xe0d4a000 x16:0x80009f50  x7=0xffffe0d4
       24075000	      2406	80001ee8	639f2113	slti	x2,x30,1593	 x30:0x00000000  x2=0x00000001
       24085000	      2407	80001eec	013178b3	and	x17,x2,x19	  x2:0x00000001 x19:0x00000001 x17=0x00000001
       24095000	      2408	80001ef0	019cf7b3	and	x15,x25,x25	 x25:0x00000001 x25:0x00000001 x15=0x00000001
       24105000	      2409	80001ef4	b7872713	slti	x14,x14,-1160	 x14:0xf02f3ed8 x14=0x00000001
       24115000	      2410	80001ef8	40795913	srai	x18,x18,0x7	 x18:0x00000007 x18=0x00000000
       24125000	      2411	80001efc	01834e63	blt	x6,x24,80001f18	  x6:0x00000000 x24:0x04fc5000
       24135000	      2412	00000000	00000013	addi	x0,x0,0	  x0:0x00000000
       24145000	      2413	80001f14	00000013	addi	x0,x0,0	  x0:0x00000000
       24155000	      2414	80001f18	00b31263	bne	x6,x11,80001f1c	  x6:0x00000000 x11:0x00000009
       24165000	      2415	00000000	00000013	addi	x0,x0,0	  x0:0x00000000
       24175000	      2416	80001f18	00000013	addi	x0,x0,0	  x0:0x00000000
       24185000	      2417	80001f1c	01c04a63	blt	x0,x28,80001f30	  x0:0x00000000 x28:0x00000000
       24195000	      2418	80001f20	00814e63	blt	x2,x8,80001f3c	  x2:0x00000001  x8:0x80009fc4
       24205000	      2419	80001f24	03fff263	bgeu	x31,x31,80001f48	 x31:0x7fff60b0 x31:0x7fff60b0
       24215000	      2420	00000000	00000013	addi	x0,x0,0	  x0:0x00000000
       24225000	      2421	80001f44	00000013	addi	x0,x0,0	  x0:0x00000000
       24235000	      2422	80001f48	545b8f93	addi	x31,x23,1349	 x23:0x00000000 x31=0x00000545
       24245000	      2423	80001f4c	7304cb13	xori	x22,x9,1840	  x9:0xfffffff6 x22=0xfffff8c6
       24255000	      2424	80001f50	0116e7b3	or	x15,x13,x17	 x13:0x00000000 x17:0x00000001 x15=0x00000001
       24265000	      2425	80001f54	d2d06513	ori	x10,x0,-723	  x0:0x00000000 x10=0xfffffd2d
       24275000	      2426	80001f58	04829663	bne	x5,x8,80001fa4	  x5:0x33334000  x8:0x80009fc4
       24285000	      2427	00000000	00000013	addi	x0,x0,0	  x0:0x00000000
       24295000	      2428	80001fa0	00000013	addi	x0,x0,0	  x0:0x00000000
       24305000	      2429	80001fa4	01d1f1b3	and	x3,x3,x29	  x3:0x04000000 x29:0x0d3d8000  x3=0x04000000
       24315000	      2430	80001fa8	016c0333	add	x6,x24,x22	 x24:0x04fc5000 x22:0xfffff8c6  x6=0x04fc48c6
       24325000	      2431	80001fac	0106d4b3	srl	x9,x13,x16	 x13:0x00000000 x16:0x80009f50  x9=0x00000000
       24335000	      2432	80001fb0	000d7933	and	x18,x26,x0	 x26:0x0d3d8002  x0:0x00000000 x18=0x00000000
       24345000	      2433	80001fb4	0015fd33	and	x26,x11,x1	 x11:0x00000009  x1:0xfefe271d x26=0x00000009
       24355000	      2434	80001fb8	01b288b3	add	x17,x5,x27	  x5:0x33334000 x27:0x66668000 x17=0x9999c000
       24365000	      2435	80001fbc	00c96c63	bltu	x18,x12,80001fd4	 x18:0x00000000 x12:0x00000001
       24375000	      2436	00000000	00000013	addi	x0,x0,0	  x0:0x00000000
       24385000	      2437	80001fd0	00000013	addi	x0,x0,0	  x0:0x00000000
       24395000	      2438	80001fd4	e19dec17	auipc	x24,0xe19de	 x24=0x619dffd0
       24405000	      2439	80001fd8	01eacb33	xor	x22,x21,x30	 x21:0x33334006 x30:0x00000000 x22=0x33334006
       24415000	      2440	80001fdc	ffe00393	addi	x7,x0,-2	  x0:0x00000000  x7=0xfffffffe
       24425000	      2441	80001fe0	caf66613	ori	x12,x12,-849	 x12:0x00000001 x12=0xfffffcaf
       24435000	      2442	80001fe4	0018b9b3	sltu	x19,x17,x1	 x17:0x9999c000  x1:0xfefe271d x19=0x00000001
       24445000	      2443	80001fe8	ffa00a93	addi	x21,x0,-6	  x0:0x00000000 x21=0xfffffffa
       24455000	      2444	80001fec	012d4333	xor	x6,x26,x18	 x26:0x00000009 x18:0x00000000  x6=0x00000009
       24465000	      2445	80001ff0	aaecd037	lui	x0,0xaaecd	
       24475000	      2446	80001ff4	ffd38393	addi	x7,x7,-3	  x7:0xfffffffe  x7=0xfffffffb
       24485000	      2447	80001ff8	ffe00b13	addi	x22,x0,-2	  x0:0x00000000 x22=0xfffffffe
       24495000	      2448	80001ffc	00000013	addi	x0,x0,0	  x0:0x00000000
       24505000	      2449	80002000	2c4a2e13	slti	x28,x20,708	 x20:0x00000000 x28=0x00000001
       24515000	      2450	80002004	01200793	addi	x15,x0,18	  x0:0x00000000 x15=0x00000012
       24525000	      2451	80002008	011745b3	xor	x11,x14,x17	 x14:0x00000001 x17:0x9999c000 x11=0x9999c001
       24535000	      2452	8000200c	01799cb3	sll	x25,x19,x23	 x19:0x00000001 x23:0x00000000 x25=0x00000001
       24545000	      2453	80002010	005d6233	or	x4,x26,x5	 x26:0x00000009  x5:0x33334000  x4=0x33334009
       24555000	      2454	80002014	50f5b913	sltiu	x18,x11,1295	 x11:0x9999c001 x18=0x00000000
       24565000	      2455	80002018	005b0b13	addi	x22,x22,5	 x22:0xfffffffe x22=0x00000003
       24575000	      2456	8000201c	01e441b3	xor	x3,x8,x30	  x8:0x80009fc4 x30:0x00000000  x3=0x80009fc4
       24585000	      2457	80002020	0163c1b3	xor	x3,x7,x22	  x7:0xfffffffb x22:0x00000003  x3=0xfffffff8
       24595000	      2458	80002024	00a0c5b3	xor	x11,x1,x10	  x1:0xfefe271d x10:0xfffffd2d x11=0x0101da30
       24605000	      2459	80002028	c348f713	andi	x14,x17,-972	 x17:0x9999c000 x14=0x9999c000
       24615000	      2460	8000202c	00905a13	srli	x20,x0,0x9	  x0:0x00000000 x20=0x00000000
       24625000	      2461	80002030	fefb60e3	bltu	x22,x15,80002010	 x22:0x00000003 x15:0x00000012
       24635000	      2462	00000000	00000013	addi	x0,x0,0	  x0:0x00000000
       24645000	      2463	8000200c	00000013	addi	x0,x0,0	  x0:0x00000000
       24655000	      2464	80002010	005d6233	or	x4,x26,x5	 x26:0x00000009  x5:0x33334000  x4=0x33334009
       24665000	      2465	80002014	50f5b913	sltiu	x18,x11,1295	 x11:0x0101da30 x18=0x00000000
       24675000	      2466	80002018	005b0b13	addi	x22,x22,5	 x22:0x00000003 x22=0x00000008
       24685000	      2467	8000201c	01e441b3	xor	x3,x8,x30	  x8:0x80009fc4 x30:0x00000000  x3=0x80009fc4
       24695000	      2468	80002020	0163c1b3	xor	x3,x7,x22	  x7:0xfffffffb x22:0x00000008  x3=0xfffffff3
       24705000	      2469	80002024	00a0c5b3	xor	x11,x1,x10	  x1:0xfefe271d x10:0xfffffd2d x11=0x0101da30
       24715000	      2470	80002028	c348f713	andi	x14,x17,-972	 x17:0x9999c000 x14=0x9999c000
       24725000	      2471	8000202c	00905a13	srli	x20,x0,0x9	  x0:0x00000000 x20=0x00000000
       24735000	      2472	80002030	fefb60e3	bltu	x22,x15,80002010	 x22:0x00000008 x15:0x00000012
       24745000	      2473	00000000	00000013	addi	x0,x0,0	  x0:0x00000000
       24755000	      2474	8000200c	00000013	addi	x0,x0,0	  x0:0x00000000
       24765000	      2475	80002010	005d6233	or	x4,x26,x5	 x26:0x00000009  x5:0x33334000  x4=0x33334009
       24775000	      2476	80002014	50f5b913	sltiu	x18,x11,1295	 x11:0x0101da30 x18=0x00000000
       24785000	      2477	80002018	005b0b13	addi	x22,x22,5	 x22:0x00000008 x22=0x0000000d
       24795000	      2478	8000201c	01e441b3	xor	x3,x8,x30	  x8:0x80009fc4 x30:0x00000000  x3=0x80009fc4
       24805000	      2479	80002020	0163c1b3	xor	x3,x7,x22	  x7:0xfffffffb x22:0x0000000d  x3=0xfffffff6
       24815000	      2480	80002024	00a0c5b3	xor	x11,x1,x10	  x1:0xfefe271d x10:0xfffffd2d x11=0x0101da30
       24825000	      2481	80002028	c348f713	andi	x14,x17,-972	 x17:0x9999c000 x14=0x9999c000
       24835000	      2482	8000202c	00905a13	srli	x20,x0,0x9	  x0:0x00000000 x20=0x00000000
       24845000	      2483	80002030	fefb60e3	bltu	x22,x15,80002010	 x22:0x0000000d x15:0x00000012
       24855000	      2484	00000000	00000013	addi	x0,x0,0	  x0:0x00000000
       24865000	      2485	8000200c	00000013	addi	x0,x0,0	  x0:0x00000000
       24875000	      2486	80002010	005d6233	or	x4,x26,x5	 x26:0x00000009  x5:0x33334000  x4=0x33334009
       24885000	      2487	80002014	50f5b913	sltiu	x18,x11,1295	 x11:0x0101da30 x18=0x00000000
       24895000	      2488	80002018	005b0b13	addi	x22,x22,5	 x22:0x0000000d x22=0x00000012
       24905000	      2489	8000201c	01e441b3	xor	x3,x8,x30	  x8:0x80009fc4 x30:0x00000000  x3=0x80009fc4
       24915000	      2490	80002020	0163c1b3	xor	x3,x7,x22	  x7:0xfffffffb x22:0x00000012  x3=0xffffffe9
       24925000	      2491	80002024	00a0c5b3	xor	x11,x1,x10	  x1:0xfefe271d x10:0xfffffd2d x11=0x0101da30
       24935000	      2492	80002028	c348f713	andi	x14,x17,-972	 x17:0x9999c000 x14=0x9999c000
       24945000	      2493	8000202c	00905a13	srli	x20,x0,0x9	  x0:0x00000000 x20=0x00000000
       24955000	      2494	80002030	fefb60e3	bltu	x22,x15,80002010	 x22:0x00000012 x15:0x00000012
       24965000	      2495	80002034	0011abb3	slt	x23,x3,x1	  x3:0xffffffe9  x1:0xfefe271d x23=0x00000000
       24975000	      2496	80002038	fb53dce3	bge	x7,x21,80001ff0	  x7:0xfffffffb x21:0xfffffffa
       24985000	      2497	00000000	00000013	addi	x0,x0,0	  x0:0x00000000
       24995000	      2498	80001fec	00000013	addi	x0,x0,0	  x0:0x00000000
       25005000	      2499	80001ff0	aaecd037	lui	x0,0xaaecd	
       25015000	      2500	80001ff4	ffd38393	addi	x7,x7,-3	  x7:0xfffffffb  x7=0xfffffff8
       25025000	      2501	80001ff8	ffe00b13	addi	x22,x0,-2	  x0:0x00000000 x22=0xfffffffe
       25035000	      2502	80001ffc	00000013	addi	x0,x0,0	  x0:0x00000000
       25045000	      2503	80002000	2c4a2e13	slti	x28,x20,708	 x20:0x00000000 x28=0x00000001
       25055000	      2504	80002004	01200793	addi	x15,x0,18	  x0:0x00000000 x15=0x00000012
       25065000	      2505	80002008	011745b3	xor	x11,x14,x17	 x14:0x9999c000 x17:0x9999c000 x11=0x00000000
       25075000	      2506	8000200c	01799cb3	sll	x25,x19,x23	 x19:0x00000001 x23:0x00000000 x25=0x00000001
       25085000	      2507	80002010	005d6233	or	x4,x26,x5	 x26:0x00000009  x5:0x33334000  x4=0x33334009
       25095000	      2508	80002014	50f5b913	sltiu	x18,x11,1295	 x11:0x00000000 x18=0x00000001
       25105000	      2509	80002018	005b0b13	addi	x22,x22,5	 x22:0xfffffffe x22=0x00000003
       25115000	      2510	8000201c	01e441b3	xor	x3,x8,x30	  x8:0x80009fc4 x30:0x00000000  x3=0x80009fc4
       25125000	      2511	80002020	0163c1b3	xor	x3,x7,x22	  x7:0xfffffff8 x22:0x00000003  x3=0xfffffffb
       25135000	      2512	80002024	00a0c5b3	xor	x11,x1,x10	  x1:0xfefe271d x10:0xfffffd2d x11=0x0101da30
       25145000	      2513	80002028	c348f713	andi	x14,x17,-972	 x17:0x9999c000 x14=0x9999c000
       25155000	      2514	8000202c	00905a13	srli	x20,x0,0x9	  x0:0x00000000 x20=0x00000000
       25165000	      2515	80002030	fefb60e3	bltu	x22,x15,80002010	 x22:0x00000003 x15:0x00000012
       25175000	      2516	00000000	00000013	addi	x0,x0,0	  x0:0x00000000
       25185000	      2517	8000200c	00000013	addi	x0,x0,0	  x0:0x00000000
       25195000	      2518	80002010	005d6233	or	x4,x26,x5	 x26:0x00000009  x5:0x33334000  x4=0x33334009
       25205000	      2519	80002014	50f5b913	sltiu	x18,x11,1295	 x11:0x0101da30 x18=0x00000000
       25215000	      2520	80002018	005b0b13	addi	x22,x22,5	 x22:0x00000003 x22=0x00000008
       25225000	      2521	8000201c	01e441b3	xor	x3,x8,x30	  x8:0x80009fc4 x30:0x00000000  x3=0x80009fc4
       25235000	      2522	80002020	0163c1b3	xor	x3,x7,x22	  x7:0xfffffff8 x22:0x00000008  x3=0xfffffff0
       25245000	      2523	80002024	00a0c5b3	xor	x11,x1,x10	  x1:0xfefe271d x10:0xfffffd2d x11=0x0101da30
       25255000	      2524	80002028	c348f713	andi	x14,x17,-972	 x17:0x9999c000 x14=0x9999c000
       25265000	      2525	8000202c	00905a13	srli	x20,x0,0x9	  x0:0x00000000 x20=0x00000000
       25275000	      2526	80002030	fefb60e3	bltu	x22,x15,80002010	 x22:0x00000008 x15:0x00000012
       25285000	      2527	00000000	00000013	addi	x0,x0,0	  x0:0x00000000
       25295000	      2528	8000200c	00000013	addi	x0,x0,0	  x0:0x00000000
       25305000	      2529	80002010	005d6233	or	x4,x26,x5	 x26:0x00000009  x5:0x33334000  x4=0x33334009
       25315000	      2530	80002014	50f5b913	sltiu	x18,x11,1295	 x11:0x0101da30 x18=0x00000000
       25325000	      2531	80002018	005b0b13	addi	x22,x22,5	 x22:0x00000008 x22=0x0000000d
       25335000	      2532	8000201c	01e441b3	xor	x3,x8,x30	  x8:0x80009fc4 x30:0x00000000  x3=0x80009fc4
       25345000	      2533	80002020	0163c1b3	xor	x3,x7,x22	  x7:0xfffffff8 x22:0x0000000d  x3=0xfffffff5
       25355000	      2534	80002024	00a0c5b3	xor	x11,x1,x10	  x1:0xfefe271d x10:0xfffffd2d x11=0x0101da30
       25365000	      2535	80002028	c348f713	andi	x14,x17,-972	 x17:0x9999c000 x14=0x9999c000
       25375000	      2536	8000202c	00905a13	srli	x20,x0,0x9	  x0:0x00000000 x20=0x00000000
       25385000	      2537	80002030	fefb60e3	bltu	x22,x15,80002010	 x22:0x0000000d x15:0x00000012
       25395000	      2538	00000000	00000013	addi	x0,x0,0	  x0:0x00000000
       25405000	      2539	8000200c	00000013	addi	x0,x0,0	  x0:0x00000000
       25415000	      2540	80002010	005d6233	or	x4,x26,x5	 x26:0x00000009  x5:0x33334000  x4=0x33334009
       25425000	      2541	80002014	50f5b913	sltiu	x18,x11,1295	 x11:0x0101da30 x18=0x00000000
       25435000	      2542	80002018	005b0b13	addi	x22,x22,5	 x22:0x0000000d x22=0x00000012
       25445000	      2543	8000201c	01e441b3	xor	x3,x8,x30	  x8:0x80009fc4 x30:0x00000000  x3=0x80009fc4
       25455000	      2544	80002020	0163c1b3	xor	x3,x7,x22	  x7:0xfffffff8 x22:0x00000012  x3=0xffffffea
       25465000	      2545	80002024	00a0c5b3	xor	x11,x1,x10	  x1:0xfefe271d x10:0xfffffd2d x11=0x0101da30
       25475000	      2546	80002028	c348f713	andi	x14,x17,-972	 x17:0x9999c000 x14=0x9999c000
       25485000	      2547	8000202c	00905a13	srli	x20,x0,0x9	  x0:0x00000000 x20=0x00000000
       25495000	      2548	80002030	fefb60e3	bltu	x22,x15,80002010	 x22:0x00000012 x15:0x00000012
       25505000	      2549	80002034	0011abb3	slt	x23,x3,x1	  x3:0xffffffea  x1:0xfefe271d x23=0x00000000
       25515000	      2550	80002038	fb53dce3	bge	x7,x21,80001ff0	  x7:0xfffffff8 x21:0xfffffffa
       25525000	      2551	8000203c	40b705b3	sub	x11,x14,x11	 x14:0x9999c000 x11:0x0101da30 x11=0x9897e5d0
       25535000	      2552	80002040	01471213	slli	x4,x14,0x14	 x14:0x9999c000  x4=0x00000000
       25545000	      2553	80002044	41188c33	sub	x24,x17,x17	 x17:0x9999c000 x17:0x9999c000 x24=0x00000000
       25555000	      2554	80002048	41c902b3	sub	x5,x18,x28	 x18:0x00000000 x28:0x00000001  x5=0xffffffff
       25565000	      2555	8000204c	03557063	bgeu	x10,x21,8000206c	 x10:0xfffffd2d x21:0xfffffffa
       25575000	      2556	80002050	03b96463	bltu	x18,x27,80002078	 x18:0x00000000 x27:0x66668000
       25585000	      2557	00000000	00000013	addi	x0,x0,0	  x0:0x00000000
       25595000	      2558	80002074	00000013	addi	x0,x0,0	  x0:0x00000000
       25605000	      2559	80002078	00ee18b3	sll	x17,x28,x14	 x28:0x00000001 x14:0x9999c000 x17=0x00000001
       25615000	      2560	8000207c	02284e63	blt	x16,x2,800020b8	 x16:0x80009f50  x2:0x00000001
       25625000	      2561	00000000	00000013	addi	x0,x0,0	  x0:0x00000000
       25635000	      2562	800020b4	00000013	addi	x0,x0,0	  x0:0x00000000
       25645000	      2563	800020b8	e551c313	xori	x6,x3,-427	  x3:0xffffffea  x6=0x000001bf
       25655000	      2564	800020bc	40ffd333	sra	x6,x31,x15	 x31:0x00000545 x15:0x00000012  x6=0x00000000
       25665000	      2565	800020c0	0110d6b3	srl	x13,x1,x17	  x1:0xfefe271d x17:0x00000001 x13=0x7f7f138e
       25675000	      2566	800020c4	419c01b3	sub	x3,x24,x25	 x24:0x00000000 x25:0x00000001  x3=0xffffffff
       25685000	      2567	800020c8	40dcd233	sra	x4,x25,x13	 x25:0x00000001 x13:0x7f7f138e  x4=0x00000000
       25695000	      2568	800020cc	00439cb3	sll	x25,x7,x4	  x7:0xfffffff8  x4:0x00000000 x25=0xfffffff8
       25705000	      2569	800020d0	04486463	bltu	x16,x4,80002118	 x16:0x80009f50  x4:0x00000000
       25715000	      2570	800020d4	00000013	addi	x0,x0,0	  x0:0x00000000
       25725000	      2571	800020d8	40e355b3	sra	x11,x6,x14	  x6:0x00000000 x14:0x9999c000 x11=0x00000000
       25735000	      2572	800020dc	01b39533	sll	x10,x7,x27	  x7:0xfffffff8 x27:0x66668000 x10=0xfffffff8
       25745000	      2573	800020e0	01f41d93	slli	x27,x8,0x1f	  x8:0x80009fc4 x27=0x00000000
       25755000	      2574	800020e4	9ec82b93	slti	x23,x16,-1556	 x16:0x80009f50 x23=0x00000001
       25765000	      2575	800020e8	40dd01b3	sub	x3,x26,x13	 x26:0x00000009 x13:0x7f7f138e  x3=0x8080ec7b
       25775000	      2576	800020ec	7ba476b7	lui	x13,0x7ba47	 x13=0x7ba47000
       25785000	      2577	800020f0	014595b3	sll	x11,x11,x20	 x11:0x00000000 x20:0x00000000 x11=0x00000000
       25795000	      2578	800020f4	0023f033	and	x0,x7,x2	  x7:0xfffffff8  x2:0x00000001
       25805000	      2579	800020f8	00912033	slt	x0,x2,x9	  x2:0x00000001  x9:0x00000000
       25815000	      2580	800020fc	03834663	blt	x6,x24,80002128	  x6:0x00000000 x24:0x00000000
       25825000	      2581	80002100	04578263	beq	x15,x5,80002144	 x15:0x00000012  x5:0xffffffff
       25835000	      2582	80002104	002e25b3	slt	x11,x28,x2	 x28:0x00000001  x2:0x00000001 x11=0x00000000
       25845000	      2583	80002108	1073b993	sltiu	x19,x7,263	  x7:0xfffffff8 x19=0x00000000
       25855000	      2584	8000210c	ef02e713	ori	x14,x5,-272	  x5:0xffffffff x14=0xffffffff
       25865000	      2585	80002110	40a05a13	srai	x20,x0,0xa	  x0:0x00000000 x20=0x00000000
       25875000	      2586	80002114	0c3ef293	andi	x5,x29,195	 x29:0x0d3d8000  x5=0x00000000
       25885000	      2587	80002118	00000013	addi	x0,x0,0	  x0:0x00000000
       25895000	      2588	8000211c	04675663	bge	x14,x6,80002168	 x14:0xffffffff  x6:0x00000000
       25905000	      2589	80002120	7c318897	auipc	x17,0x7c318	 x17=0xfc31a11c
       25915000	      2590	80002124	01c88933	add	x18,x17,x28	 x17:0xfc31a11c x28:0x00000001 x18=0xfc31a11d
       25925000	      2591	80002128	019eeeb3	or	x29,x29,x25	 x29:0x0d3d8000 x25:0xfffffff8 x29=0xfffffff8
       25935000	      2592	8000212c	013b84b3	add	x9,x23,x19	 x23:0x00000001 x19:0x00000000  x9=0x00000001
       25945000	      2593	80002130	01f74263	blt	x14,x31,80002134	 x14:0xffffffff x31:0x00000545
       25955000	      2594	00000000	00000013	addi	x0,x0,0	  x0:0x00000000
       25965000	      2595	80002130	00000013	addi	x0,x0,0	  x0:0x00000000
       25975000	      2596	80002134	9d09b013	sltiu	x0,x19,-1584	 x19:0x00000000
       25985000	      2597	80002138	00120133	add	x2,x4,x1	  x4:0x00000000  x1:0xfefe271d  x2=0xfefe271d
       25995000	      2598	8000213c	006d3333	sltu	x6,x26,x6	 x26:0x00000009  x6:0x00000000  x6=0x00000000
       26005000	      2599	80002140	01dde863	bltu	x27,x29,80002150	 x27:0x00000000 x29:0xfffffff8
       26015000	      2600	00000000	00000013	addi	x0,x0,0	  x0:0x00000000
       26025000	      2601	8000214c	00000013	addi	x0,x0,0	  x0:0x00000000
       26035000	      2602	80002150	00000013	addi	x0,x0,0	  x0:0x00000000
       26045000	      2603	80002154	012448b3	xor	x17,x8,x18	  x8:0x80009fc4 x18:0xfc31a11d x17=0x7c313ed9
       26055000	      2604	80002158	3d1caf93	slti	x31,x25,977	 x25:0xfffffff8 x31=0x00000001
       26065000	      2605	8000215c	03e88263	beq	x17,x30,80002180	 x17:0x7c313ed9 x30:0x00000000
       26075000	      2606	80002160	0040f133	and	x2,x1,x4	  x1:0xfefe271d  x4:0x00000000  x2=0x00000000
       26085000	      2607	80002164	012d6663	bltu	x26,x18,80002170	 x26:0x00000009 x18:0xfc31a11d
       26095000	      2608	00000000	00000013	addi	x0,x0,0	  x0:0x00000000
       26105000	      2609	8000216c	00000013	addi	x0,x0,0	  x0:0x00000000
       26115000	      2610	80002170	9d807993	andi	x19,x0,-1576	  x0:0x00000000 x19=0x00000000
       26125000	      2611	80002174	05874693	xori	x13,x14,88	 x14:0xffffffff x13=0xffffffa7
       26135000	      2612	80002178	012debb3	or	x23,x27,x18	 x27:0x00000000 x18:0xfc31a11d x23=0xfc31a11d
       26145000	      2613	8000217c	51a4e717	auipc	x14,0x51a4e	 x14=0xd1a50178
       26155000	      2614	80002180	bf4b6693	ori	x13,x22,-1036	 x22:0x00000012 x13=0xfffffbf6
       26165000	      2615	80002184	00df94b3	sll	x9,x31,x13	 x31:0x00000001 x13:0xfffffbf6  x9=0x00400000
       26175000	      2616	80002188	415c5193	srai	x3,x24,0x15	 x24:0x00000000  x3=0x00000000
       26185000	      2617	8000218c	001e53b3	srl	x7,x28,x1	 x28:0x00000001  x1:0xfefe271d  x7=0x00000000
       26195000	      2618	80002190	f49af013	andi	x0,x21,-183	 x21:0xfffffffa
       26205000	      2619	80002194	001ae993	ori	x19,x21,1	 x21:0xfffffffa x19=0xfffffffb
       26215000	      2620	80002198	acbf3cb7	lui	x25,0xacbf3	 x25=0xacbf3000
       26225000	      2621	8000219c	d83d8493	addi	x9,x27,-637	 x27:0x00000000  x9=0xfffffd83
       26235000	      2622	800021a0	019a5393	srli	x7,x20,0x19	 x20:0x00000000  x7=0x00000000
       26245000	      2623	800021a4	00000013	addi	x0,x0,0	  x0:0x00000000
       26255000	      2624	800021a8	01b5fa33	and	x20,x11,x27	 x11:0x00000000 x27:0x00000000 x20=0x00000000
       26265000	      2625	800021ac	01e15a33	srl	x20,x2,x30	  x2:0x00000000 x30:0x00000000 x20=0x00000000
       26275000	      2626	800021b0	0034ab33	slt	x22,x9,x3	  x9:0xfffffd83  x3:0x00000000 x22=0x00000001
       26285000	      2627	800021b4	006a1b13	slli	x22,x20,0x6	 x20:0x00000000 x22=0x00000000
       26295000	      2628	800021b8	01f151b3	srl	x3,x2,x31	  x2:0x00000000 x31:0x00000001  x3=0x00000000
       26305000	      2629	800021bc	65ed8f93	addi	x31,x27,1630	 x27:0x00000000 x31=0x0000065e
       26315000	      2630	800021c0	454cad37	lui	x26,0x454ca	 x26=0x454ca000
       26325000	      2631	800021c4	00a774b3	and	x9,x14,x10	 x14:0xd1a50178 x10:0xfffffff8  x9=0xd1a50178
       26335000	      2632	800021c8	b0356213	ori	x4,x10,-1277	 x10:0xfffffff8  x4=0xfffffffb
       26345000	      2633	800021cc	bac92c13	slti	x24,x18,-1108	 x18:0xfc31a11d x24=0x00000001
       26355000	      2634	800021d0	04ebcd93	xori	x27,x23,78	 x23:0xfc31a11d x27=0xfc31a153
       26365000	      2635	800021d4	00689e63	bne	x17,x6,800021f0	 x17:0x7c313ed9  x6:0x00000000
       26375000	      2636	00000000	00000013	addi	x0,x0,0	  x0:0x00000000
       26385000	      2637	800021ec	00000013	addi	x0,x0,0	  x0:0x00000000
       26395000	      2638	800021f0	00000013	addi	x0,x0,0	  x0:0x00000000
       26405000	      2639	800021f4	d91f4113	xori	x2,x30,-623	 x30:0x00000000  x2=0xfffffd91
       26415000	      2640	800021f8	00116bb3	or	x23,x2,x1	  x2:0xfffffd91  x1:0xfefe271d x23=0xffffff9d
       26425000	      2641	800021fc	00dfe9b3	or	x19,x31,x13	 x31:0x0000065e x13:0xfffffbf6 x19=0xfffffffe
       26435000	      2642	80002200	00000013	addi	x0,x0,0	  x0:0x00000000
       26445000	      2643	80002204	29e76217	auipc	x4,0x29e76	  x4=0xa9e78200
       26455000	      2644	80002208	01af98b3	sll	x17,x31,x26	 x31:0x0000065e x26:0x454ca000 x17=0x0000065e
       26465000	      2645	8000220c	018d1c93	slli	x25,x26,0x18	 x26:0x454ca000 x25=0x00000000
       26475000	      2646	80002210	010f82b3	add	x5,x31,x16	 x31:0x0000065e x16:0x80009f50  x5=0x8000a5ae
       26485000	      2647	80002214	0077ce63	blt	x15,x7,80002230	 x15:0x00000012  x7:0x00000000
       26495000	      2648	80002218	0139eab3	or	x21,x19,x19	 x19:0xfffffffe x19:0xfffffffe x21=0xfffffffe
       26505000	      2649	8000221c	00508a63	beq	x1,x5,80002230	  x1:0xfefe271d  x5:0x8000a5ae
       26515000	      2650	80002220	6bbf2993	slti	x19,x30,1723	 x30:0x00000000 x19=0x00000001
       26525000	      2651	80002224	0122cc33	xor	x24,x5,x18	  x5:0x8000a5ae x18:0xfc31a11d x24=0x7c3104b3
       26535000	      2652	80002228	ade2f4b7	lui	x9,0xade2f	  x9=0xade2f000
       26545000	      2653	8000222c	46d42d13	slti	x26,x8,1133	  x8:0x80009fc4 x26=0x00000001
       26555000	      2654	80002230	009d5893	srli	x17,x26,0x9	 x26:0x00000001 x17=0x00000000
       26565000	      2655	80002234	00a5f263	bgeu	x11,x10,80002238	 x11:0x00000000 x10:0xfffffff8
       26575000	      2656	80002238	bb9d7793	andi	x15,x26,-1095	 x26:0x00000001 x15=0x00000001
       26585000	      2657	8000223c	41a357b3	sra	x15,x6,x26	  x6:0x00000000 x26:0x00000001 x15=0x00000000
       26595000	      2658	80002240	41cc0933	sub	x18,x24,x28	 x24:0x7c3104b3 x28:0x00000001 x18=0x7c3104b2
       26605000	      2659	80002244	adbd4993	xori	x19,x26,-1317	 x26:0x00000001 x19=0xfffffada
       26615000	      2660	80002248	032e5e63	bge	x28,x18,80002284	 x28:0x00000001 x18:0x7c3104b2
       26625000	      2661	8000224c	ce42d217	auipc	x4,0xce42d	  x4=0x4e42f248
       26635000	      2662	80002250	411557b3	sra	x15,x10,x17	 x10:0xfffffff8 x17:0x00000000 x15=0xfffffff8
       26645000	      2663	80002254	00261233	sll	x4,x12,x2	 x12:0xfffffcaf  x2:0xfffffd91  x4=0xf95e0000
       26655000	      2664	80002258	40950c33	sub	x24,x10,x9	 x10:0xfffffff8  x9:0xade2f000 x24=0x521d0ff8
       26665000	      2665	8000225c	01b023b3	slt	x7,x0,x27	  x0:0x00000000 x27:0xfc31a153  x7=0x00000000
       26675000	      2666	80002260	019782b3	add	x5,x15,x25	 x15:0xfffffff8 x25:0x00000000  x5=0xfffffff8
       26685000	      2667	80002264	00b94233	xor	x4,x18,x11	 x18:0x7c3104b2 x11:0x00000000  x4=0x7c3104b2
       26695000	      2668	80002268	d3bcc313	xori	x6,x25,-709	 x25:0x00000000  x6=0xfffffd3b
       26705000	      2669	8000226c	00818bb3	add	x23,x3,x8	  x3:0x00000000  x8:0x80009fc4 x23=0x80009fc4
       26715000	      2670	80002270	01a2ad33	slt	x26,x5,x26	  x5:0xfffffff8 x26:0x00000001 x26=0x00000001
       26725000	      2671	80002274	40928fb3	sub	x31,x5,x9	  x5:0xfffffff8  x9:0xade2f000 x31=0x521d0ff8
       26735000	      2672	80002278	00bef1b3	and	x3,x29,x11	 x29:0xfffffff8 x11:0x00000000  x3=0x00000000
       26745000	      2673	8000227c	00d15a13	srli	x20,x2,0xd	  x2:0xfffffd91 x20=0x0007ffff
       26755000	      2674	80002280	00012133	slt	x2,x2,x0	  x2:0xfffffd91  x0:0x00000000  x2=0x00000001
       26765000	      2675	80002284	014a93b3	sll	x7,x21,x20	 x21:0xfffffffe x20:0x0007ffff  x7=0x00000000
       26775000	      2676	80002288	029f7663	bgeu	x30,x9,800022b4	 x30:0x00000000  x9:0xade2f000
       26785000	      2677	8000228c	00e30633	add	x12,x6,x14	  x6:0xfffffd3b x14:0xd1a50178 x12=0xd1a4feb3
       26795000	      2678	80002290	4047d933	sra	x18,x15,x4	 x15:0xfffffff8  x4:0x7c3104b2 x18=0xffffffff
       26805000	      2679	80002294	04d29863	bne	x5,x13,800022e4	  x5:0xfffffff8 x13:0xfffffbf6
       26815000	      2680	00000000	00000013	addi	x0,x0,0	  x0:0x00000000
       26825000	      2681	800022e0	00000013	addi	x0,x0,0	  x0:0x00000000
       26835000	      2682	800022e4	01881a93	slli	x21,x16,0x18	 x16:0x80009f50 x21=0x50000000
       26845000	      2683	800022e8	011fd593	srli	x11,x31,0x11	 x31:0x521d0ff8 x11=0x0000290e
       26855000	      2684	800022ec	214aa493	slti	x9,x21,532	 x21:0x50000000  x9=0x00000000
       26865000	      2685	800022f0	41745513	srai	x10,x8,0x17	  x8:0x80009fc4 x10=0xffffff00
       26875000	      2686	800022f4	004e6863	bltu	x28,x4,80002304	 x28:0x00000001  x4:0x7c3104b2
       26885000	      2687	00000000	00000013	addi	x0,x0,0	  x0:0x00000000
       26895000	      2688	80002300	00000013	addi	x0,x0,0	  x0:0x00000000
       26905000	      2689	80002304	01c22db3	slt	x27,x4,x28	  x4:0x7c3104b2 x28:0x00000001 x27=0x00000000
       26915000	      2690	80002308	988c0f13	addi	x30,x24,-1656	 x24:0x521d0ff8 x30=0x521d0980
       26925000	      2691	8000230c	033be063	bltu	x23,x19,8000232c	 x23:0x80009fc4 x19:0xfffffada
       26935000	      2692	00000000	00000013	addi	x0,x0,0	  x0:0x00000000
       26945000	      2693	80002328	00000013	addi	x0,x0,0	  x0:0x00000000
       26955000	      2694	8000232c	41ac8533	sub	x10,x25,x26	 x25:0x00000000 x26:0x00000001 x10=0xffffffff
       26965000	      2695	80002330	006c55b3	srl	x11,x24,x6	 x24:0x521d0ff8  x6:0xfffffd3b x11=0x0000000a
       26975000	      2696	80002334	c1748a13	addi	x20,x9,-1001	  x9:0x00000000 x20=0xfffffc17
       26985000	      2697	80002338	ca5ddbb7	lui	x23,0xca5dd	 x23=0xca5dd000
       26995000	      2698	8000233c	c6f56a93	ori	x21,x10,-913	 x10:0xffffffff x21=0xffffffff
       27005000	      2699	80002340	02be0c63	beq	x28,x11,80002378	 x28:0x00000001 x11:0x0000000a
       27015000	      2700	80002344	0539d263	bge	x19,x19,80002388	 x19:0xfffffada x19:0xfffffada
       27025000	      2701	00000000	00000013	addi	x0,x0,0	  x0:0x00000000
       27035000	      2702	80002384	00000013	addi	x0,x0,0	  x0:0x00000000
       27045000	      2703	80002388	00000013	addi	x0,x0,0	  x0:0x00000000
       27055000	      2704	8000238c	0507ca93	xori	x21,x15,80	 x15:0xfffffff8 x21=0xffffffa8
       27065000	      2705	80002390	0034eeb3	or	x29,x9,x3	  x9:0x00000000  x3:0x00000000 x29=0x00000000
       27075000	      2706	80002394	01b16eb3	or	x29,x2,x27	  x2:0x00000001 x27:0x00000000 x29=0x00000001
       27085000	      2707	80002398	00578a63	beq	x15,x5,800023ac	 x15:0xfffffff8  x5:0xfffffff8
       27095000	      2708	00000000	00000013	addi	x0,x0,0	  x0:0x00000000
       27105000	      2709	800023a8	00000013	addi	x0,x0,0	  x0:0x00000000
       27115000	      2710	800023ac	55683213	sltiu	x4,x16,1366	 x16:0x80009f50  x4=0x00000000
       27125000	      2711	800023b0	00a35313	srli	x6,x6,0xa	  x6:0xfffffd3b  x6=0x003fffff
       27135000	      2712	800023b4	c7f963b7	lui	x7,0xc7f96	  x7=0xc7f96000
       27145000	      2713	800023b8	001f5213	srli	x4,x30,0x1	 x30:0x521d0980  x4=0x290e84c0
       27155000	      2714	800023bc	ff800e13	addi	x28,x0,-8	  x0:0x00000000 x28=0xfffffff8
       27165000	      2715	800023c0	01da7733	and	x14,x20,x29	 x20:0xfffffc17 x29:0x00000001 x14=0x00000001
       27175000	      2716	800023c4	a78b0993	addi	x19,x22,-1416	 x22:0x00000000 x19=0xfffffa78
       27185000	      2717	800023c8	ade20193	addi	x3,x4,-1314	  x4:0x290e84c0  x3=0x290e7f9e
       27195000	      2718	800023cc	41d78333	sub	x6,x15,x29	 x15:0xfffffff8 x29:0x00000001  x6=0xfffffff7
       27205000	      2719	800023d0	98672013	slti	x0,x14,-1658	 x14:0x00000001
       27215000	      2720	800023d4	ffc00b13	addi	x22,x0,-4	  x0:0x00000000 x22=0xfffffffc
       27225000	      2721	800023d8	e6d38237	lui	x4,0xe6d38	  x4=0xe6d38000
       27235000	      2722	800023dc	01b91293	slli	x5,x18,0x1b	 x18:0xffffffff  x5=0xf8000000
       27245000	      2723	800023e0	22624f93	xori	x31,x4,550	  x4:0xe6d38000 x31=0xe6d38226
       27255000	      2724	800023e4	67936793	ori	x15,x6,1657	  x6:0xfffffff7 x15=0xffffffff
       27265000	      2725	800023e8	6c80dc17	auipc	x24,0x6c80d	 x24=0xec80f3e4
       27275000	      2726	800023ec	009e0e13	addi	x28,x28,9	 x28:0xfffffff8 x28=0x00000001
       27285000	      2727	800023f0	3dd59eb7	lui	x29,0x3dd59	 x29=0x3dd59000
       27295000	      2728	800023f4	00f7d993	srli	x19,x15,0xf	 x15:0xffffffff x19=0x0001ffff
       27305000	      2729	800023f8	07ebee93	ori	x29,x23,126	 x23:0xca5dd000 x29=0xca5dd07e
       27315000	      2730	800023fc	a51f6893	ori	x17,x30,-1455	 x30:0x521d0980 x17=0xfffffbd1
       27325000	      2731	80002400	00733f33	sltu	x30,x6,x7	  x6:0xfffffff7  x7:0xc7f96000 x30=0x00000000
       27335000	      2732	80002404	40ded3b3	sra	x7,x29,x13	 x29:0xca5dd07e x13:0xfffffbf6  x7=0xffffff29
       27345000	      2733	80002408	fd6e48e3	blt	x28,x22,800023d8	 x28:0x00000001 x22:0xfffffffc
       27355000	      2734	8000240c	fe7f7693	andi	x13,x30,-25	 x30:0x00000000 x13=0x00000000
       27365000	      2735	80002410	00821f33	sll	x30,x4,x8	  x4:0xe6d38000  x8:0x80009fc4 x30=0x6d380000
       27375000	      2736	80002414	042ef993	andi	x19,x29,66	 x29:0xca5dd07e x19=0x00000042
       27385000	      2737	80002418	014b9c63	bne	x23,x20,80002430	 x23:0xca5dd000 x20:0xfffffc17
       27395000	      2738	00000000	00000013	addi	x0,x0,0	  x0:0x00000000
       27405000	      2739	8000242c	00000013	addi	x0,x0,0	  x0:0x00000000
       27415000	      2740	80002430	ca447b13	andi	x22,x8,-860	  x8:0x80009fc4 x22=0x80009c84
       27425000	      2741	80002434	00cb2ab3	slt	x21,x22,x12	 x22:0x80009c84 x12:0xd1a4feb3 x21=0x00000001
       27435000	      2742	80002438	01734a63	blt	x6,x23,8000244c	  x6:0xfffffff7 x23:0xca5dd000
       27445000	      2743	8000243c	1bf6e513	ori	x10,x13,447	 x13:0x00000000 x10=0x000001bf
       27455000	      2744	80002440	da62b713	sltiu	x14,x5,-602	  x5:0xf8000000 x14=0x00000001
       27465000	      2745	80002444	00ba7fb3	and	x31,x20,x11	 x20:0xfffffc17 x11:0x0000000a x31=0x00000002
       27475000	      2746	80002448	abaebd13	sltiu	x26,x29,-1350	 x29:0xca5dd07e x26=0x00000001
       27485000	      2747	8000244c	4df10117	auipc	x2,0x4df10	  x2=0xcdf12448
       27495000	      2748	80002450	01cbe663	bltu	x23,x28,8000245c	 x23:0xca5dd000 x28:0x00000001
       27505000	      2749	80002454	785e7e93	andi	x29,x28,1925	 x28:0x00000001 x29=0x00000001
       27515000	      2750	80002458	4509ca93	xori	x21,x19,1104	 x19:0x00000042 x21=0x00000412
       27525000	      2751	8000245c	00d51263	bne	x10,x13,80002460	 x10:0x000001bf x13:0x00000000
       27535000	      2752	00000000	00000013	addi	x0,x0,0	  x0:0x00000000
       27545000	      2753	8000245c	00000013	addi	x0,x0,0	  x0:0x00000000
       27555000	      2754	80002460	4ac1be13	sltiu	x28,x3,1196	  x3:0x290e7f9e x28=0x00000000
       27565000	      2755	80002464	05fa7663	bgeu	x20,x31,800024b0	 x20:0xfffffc17 x31:0x00000002
       27575000	      2756	00000000	00000013	addi	x0,x0,0	  x0:0x00000000
       27585000	      2757	800024ac	00000013	addi	x0,x0,0	  x0:0x00000000
       27595000	      2758	800024b0	016b7cb3	and	x25,x22,x22	 x22:0x80009c84 x22:0x80009c84 x25=0x80009c84
       27605000	      2759	800024b4	0039f2b3	and	x5,x19,x3	 x19:0x00000042  x3:0x290e7f9e  x5=0x00000002
       27615000	      2760	800024b8	009a05b3	add	x11,x20,x9	 x20:0xfffffc17  x9:0x00000000 x11=0xfffffc17
       27625000	      2761	800024bc	00e4de33	srl	x28,x9,x14	  x9:0x00000000 x14:0x00000001 x28=0x00000000
       27635000	      2762	800024c0	e4bc7f13	andi	x30,x24,-437	 x24:0xec80f3e4 x30=0xec80f240
       27645000	      2763	800024c4	009617b3	sll	x15,x12,x9	 x12:0xd1a4feb3  x9:0x00000000 x15=0xd1a4feb3
       27655000	      2764	800024c8	01b687b3	add	x15,x13,x27	 x13:0x00000000 x27:0x00000000 x15=0x00000000
       27665000	      2765	800024cc	25637313	andi	x6,x6,598	  x6:0xfffffff7  x6=0x00000256
       27675000	      2766	800024d0	3df36e93	ori	x29,x6,991	  x6:0x00000256 x29=0x000003df
       27685000	      2767	800024d4	0245f263	bgeu	x11,x4,800024f8	 x11:0xfffffc17  x4:0xe6d38000
       27695000	      2768	00000000	00000013	addi	x0,x0,0	  x0:0x00000000
       27705000	      2769	800024f4	00000013	addi	x0,x0,0	  x0:0x00000000
       27715000	      2770	800024f8	0168ddb3	srl	x27,x17,x22	 x17:0xfffffbd1 x22:0x80009c84 x27=0x0fffffbd
       27725000	      2771	800024fc	004628b3	slt	x17,x12,x4	 x12:0xd1a4feb3  x4:0xe6d38000 x17=0x00000001
       27735000	      2772	80002500	00df7e63	bgeu	x30,x13,8000251c	 x30:0xec80f240 x13:0x00000000
       27745000	      2773	00000000	00000013	addi	x0,x0,0	  x0:0x00000000
       27755000	      2774	80002518	00000013	addi	x0,x0,0	  x0:0x00000000
       27765000	      2775	8000251c	2614c793	xori	x15,x9,609	  x9:0x00000000 x15=0x00000261
       27775000	      2776	80002520	04f25663	bge	x4,x15,8000256c	  x4:0xe6d38000 x15:0x00000261
       27785000	      2777	80002524	011662b3	or	x5,x12,x17	 x12:0xd1a4feb3 x17:0x00000001  x5=0xd1a4feb3
       27795000	      2778	80002528	001971b3	and	x3,x18,x1	 x18:0xffffffff  x1:0xfefe271d  x3=0xfefe271d
       27805000	      2779	8000252c	47b77d13	andi	x26,x14,1147	 x14:0x00000001 x26=0x00000001
       27815000	      2780	80002530	cbb52013	slti	x0,x10,-837	 x10:0x000001bf
       27825000	      2781	80002534	40385013	srai	x0,x16,0x3	 x16:0x80009f50
       27835000	      2782	80002538	006eb4b3	sltu	x9,x29,x6	 x29:0x000003df  x6:0x00000256  x9=0x00000000
       27845000	      2783	8000253c	419a86b3	sub	x13,x21,x25	 x21:0x00000412 x25:0x80009c84 x13=0x7fff678e
       27855000	      2784	80002540	02580463	beq	x16,x5,80002568	 x16:0x80009f50  x5:0xd1a4feb3
       27865000	      2785	80002544	5ec3c793	xori	x15,x7,1516	  x7:0xffffff29 x15=0xfffffac5
       27875000	      2786	80002548	00f50133	add	x2,x10,x15	 x10:0x000001bf x15:0xfffffac5  x2=0xfffffc84
       27885000	      2787	8000254c	019a7333	and	x6,x20,x25	 x20:0xfffffc17 x25:0x80009c84  x6=0x80009c04
       27895000	      2788	80002550	00c35793	srli	x15,x6,0xc	  x6:0x80009c04 x15=0x00080009
       27905000	      2789	80002554	0173da63	bge	x7,x23,80002568	  x7:0xffffff29 x23:0xca5dd000
       27915000	      2790	00000000	00000013	addi	x0,x0,0	  x0:0x00000000
       27925000	      2791	80002564	00000013	addi	x0,x0,0	  x0:0x00000000
       27935000	      2792	80002568	02b2c663	blt	x5,x11,80002594	  x5:0xd1a4feb3 x11:0xfffffc17
       27945000	      2793	00000000	00000013	addi	x0,x0,0	  x0:0x00000000
       27955000	      2794	80002590	00000013	addi	x0,x0,0	  x0:0x00000000
       27965000	      2795	80002594	d23fc237	lui	x4,0xd23fc	  x4=0xd23fc000
       27975000	      2796	80002598	04820663	beq	x4,x8,800025e4	  x4:0xd23fc000  x8:0x80009fc4
       27985000	      2797	8000259c	12fa8493	addi	x9,x21,303	 x21:0x00000412  x9=0x00000541
       27995000	      2798	800025a0	d01d2913	slti	x18,x26,-767	 x26:0x00000001 x18=0x00000000
       28005000	      2799	800025a4	011c25b3	slt	x11,x24,x17	 x24:0xec80f3e4 x17:0x00000001 x11=0x00000001
       28015000	      2800	800025a8	00795c63	bge	x18,x7,800025c0	 x18:0x00000000  x7:0xffffff29
       28025000	      2801	00000000	00000013	addi	x0,x0,0	  x0:0x00000000
       28035000	      2802	800025bc	00000013	addi	x0,x0,0	  x0:0x00000000
       28045000	      2803	800025c0	019ffe63	bgeu	x31,x25,800025dc	 x31:0x00000002 x25:0x80009c84
       28055000	      2804	800025c4	002a9c13	slli	x24,x21,0x2	 x21:0x00000412 x24=0x00001048
       28065000	      2805	800025c8	02e60263	beq	x12,x14,800025ec	 x12:0xd1a4feb3 x14:0x00000001
       28075000	      2806	800025cc	00bd5c93	srli	x25,x26,0xb	 x26:0x00000001 x25=0x00000000
       28085000	      2807	800025d0	892e5197	auipc	x3,0x892e5	  x3=0x092e75cc
       28095000	      2808	800025d4	00f45193	srli	x3,x8,0xf	  x8:0x80009fc4  x3=0x00010001
       28105000	      2809	800025d8	7d630013	addi	x0,x6,2006	  x6:0x80009c04
       28115000	      2810	800025dc	40930a33	sub	x20,x6,x9	  x6:0x80009c04  x9:0x00000541 x20=0x800096c3
       28125000	      2811	800025e0	03dee663	bltu	x29,x29,8000260c	 x29:0x000003df x29:0x000003df
       28135000	      2812	800025e4	408f8d33	sub	x26,x31,x8	 x31:0x00000002  x8:0x80009fc4 x26=0x7fff603e
       28145000	      2813	800025e8	01d374b3	and	x9,x6,x29	  x6:0x80009c04 x29:0x000003df  x9=0x00000004
       28155000	      2814	800025ec	00000013	addi	x0,x0,0	  x0:0x00000000
       28165000	      2815	800025f0	016842b3	xor	x5,x16,x22	 x16:0x80009f50 x22:0x80009c84  x5=0x000003d4
       28175000	      2816	800025f4	01735a63	bge	x6,x23,80002608	  x6:0x80009c04 x23:0xca5dd000
       28185000	      2817	800025f8	59a76637	lui	x12,0x59a76	 x12=0x59a76000
       28195000	      2818	800025fc	66f70b13	addi	x22,x14,1647	 x14:0x00000001 x22=0x00000670
       28205000	      2819	80002600	3fd38013	addi	x0,x7,1021	  x7:0xffffff29
       28215000	      2820	80002604	cf373517	auipc	x10,0xcf373	 x10=0x4f375600
       28225000	      2821	80002608	185d2693	slti	x13,x26,389	 x26:0x7fff603e x13=0x00000000
       28235000	      2822	8000260c	00000013	addi	x0,x0,0	  x0:0x00000000
       28245000	      2823	80002610	02699e63	bne	x19,x6,8000264c	 x19:0x00000042  x6:0x80009c04
       28255000	      2824	00000000	00000013	addi	x0,x0,0	  x0:0x00000000
       28265000	      2825	80002648	00000013	addi	x0,x0,0	  x0:0x00000000
       28275000	      2826	8000264c	41f352b3	sra	x5,x6,x31	  x6:0x80009c04 x31:0x00000002  x5=0xe0002701
       28285000	      2827	80002650	01740d33	add	x26,x8,x23	  x8:0x80009fc4 x23:0xca5dd000 x26=0x4a5e6fc4
       28295000	      2828	80002654	f2a8ff93	andi	x31,x17,-214	 x17:0x00000001 x31=0x00000000
       28305000	      2829	80002658	4054d033	sra	x0,x9,x5	  x9:0x00000004  x5:0xe0002701
       28315000	      2830	8000265c	da42eb13	ori	x22,x5,-604	  x5:0xe0002701 x22=0xffffffa5
       28325000	      2831	80002660	000edb33	srl	x22,x29,x0	 x29:0x000003df  x0:0x00000000 x22=0x000003df
       28335000	      2832	80002664	003a1d13	slli	x26,x20,0x3	 x20:0x800096c3 x26=0x0004b618
       28345000	      2833	80002668	bb3aed13	ori	x26,x21,-1101	 x21:0x00000412 x26=0xffffffb3
       28355000	      2834	8000266c	b3242e13	slti	x28,x8,-1230	  x8:0x80009fc4 x28=0x00000001
       28365000	      2835	80002670	00ae5ab3	srl	x21,x28,x10	 x28:0x00000001 x10:0x4f375600 x21=0x00000001
       28375000	      2836	80002674	007bf533	and	x10,x23,x7	 x23:0xca5dd000  x7:0xffffff29 x10=0xca5dd000
       28385000	      2837	80002678	06114c63	blt	x2,x1,800026f0	  x2:0xfffffc84  x1:0xfefe271d
       28395000	      2838	8000267c	00400493	addi	x9,x0,4	  x0:0x00000000  x9=0x00000004
       28405000	      2839	80002680	0061fa33	and	x20,x3,x6	  x3:0x00010001  x6:0x80009c04 x20=0x00000000
       28415000	      2840	80002684	336aea13	ori	x20,x21,822	 x21:0x00000001 x20=0x00000337
       28425000	      2841	80002688	ff200713	addi	x14,x0,-14	  x0:0x00000000 x14=0xfffffff2
       28435000	      2842	8000268c	4198d9b3	sra	x19,x17,x25	 x17:0x00000001 x25:0x00000000 x19=0x00000001
       28445000	      2843	80002690	01c9cfb3	xor	x31,x19,x28	 x19:0x00000001 x28:0x00000001 x31=0x00000000
       28455000	      2844	80002694	007eceb3	xor	x29,x29,x7	 x29:0x000003df  x7:0xffffff29 x29=0xfffffcf6
       28465000	      2845	80002698	ff748493	addi	x9,x9,-9	  x9:0x00000004  x9=0xfffffffb
       28475000	      2846	8000269c	009e7133	and	x2,x28,x9	 x28:0x00000001  x9:0xfffffffb  x2=0x00000001
       28485000	      2847	800026a0	ffc00613	addi	x12,x0,-4	  x0:0x00000000 x12=0xfffffffc
       28495000	      2848	800026a4	ff000d13	addi	x26,x0,-16	  x0:0x00000000 x26=0xfffffff0
       28505000	      2849	800026a8	01f8bcb3	sltu	x25,x17,x31	 x17:0x00000001 x31:0x00000000 x25=0x00000000
       28515000	      2850	800026ac	01224a33	xor	x20,x4,x18	  x4:0xd23fc000 x18:0x00000000 x20=0xd23fc000
       28525000	      2851	800026b0	ffc60613	addi	x12,x12,-4	 x12:0xfffffffc x12=0xfffffff8
       28535000	      2852	800026b4	0044ab33	slt	x22,x9,x4	  x9:0xfffffffb  x4:0xd23fc000 x22=0x00000000
       28545000	      2853	800026b8	2fe6bf13	sltiu	x30,x13,766	 x13:0x00000000 x30=0x00000001
       28555000	      2854	800026bc	7e634d93	xori	x27,x6,2022	  x6:0x80009c04 x27=0x80009be2
       28565000	      2855	800026c0	40255013	srai	x0,x10,0x2	 x10:0xca5dd000
       28575000	      2856	800026c4	ffa614e3	bne	x12,x26,800026ac	 x12:0xfffffff8 x26:0xfffffff0
       28585000	      2857	00000000	00000013	addi	x0,x0,0	  x0:0x00000000
       28595000	      2858	800026a8	00000013	addi	x0,x0,0	  x0:0x00000000
       28605000	      2859	800026ac	01224a33	xor	x20,x4,x18	  x4:0xd23fc000 x18:0x00000000 x20=0xd23fc000
       28615000	      2860	800026b0	ffc60613	addi	x12,x12,-4	 x12:0xfffffff8 x12=0xfffffff4
       28625000	      2861	800026b4	0044ab33	slt	x22,x9,x4	  x9:0xfffffffb  x4:0xd23fc000 x22=0x00000000
       28635000	      2862	800026b8	2fe6bf13	sltiu	x30,x13,766	 x13:0x00000000 x30=0x00000001
       28645000	      2863	800026bc	7e634d93	xori	x27,x6,2022	  x6:0x80009c04 x27=0x80009be2
       28655000	      2864	800026c0	40255013	srai	x0,x10,0x2	 x10:0xca5dd000
       28665000	      2865	800026c4	ffa614e3	bne	x12,x26,800026ac	 x12:0xfffffff4 x26:0xfffffff0
       28675000	      2866	00000000	00000013	addi	x0,x0,0	  x0:0x00000000
       28685000	      2867	800026a8	00000013	addi	x0,x0,0	  x0:0x00000000
       28695000	      2868	800026ac	01224a33	xor	x20,x4,x18	  x4:0xd23fc000 x18:0x00000000 x20=0xd23fc000
       28705000	      2869	800026b0	ffc60613	addi	x12,x12,-4	 x12:0xfffffff4 x12=0xfffffff0
       28715000	      2870	800026b4	0044ab33	slt	x22,x9,x4	  x9:0xfffffffb  x4:0xd23fc000 x22=0x00000000
       28725000	      2871	800026b8	2fe6bf13	sltiu	x30,x13,766	 x13:0x00000000 x30=0x00000001
       28735000	      2872	800026bc	7e634d93	xori	x27,x6,2022	  x6:0x80009c04 x27=0x80009be2
       28745000	      2873	800026c0	40255013	srai	x0,x10,0x2	 x10:0xca5dd000
       28755000	      2874	800026c4	ffa614e3	bne	x12,x26,800026ac	 x12:0xfffffff0 x26:0xfffffff0
       28765000	      2875	800026c8	fce486e3	beq	x9,x14,80002694	  x9:0xfffffffb x14:0xfffffff2
       28775000	      2876	800026cc	6db1b793	sltiu	x15,x3,1755	  x3:0x00010001 x15=0x00000000
       28785000	      2877	800026d0	e2c8b713	sltiu	x14,x17,-468	 x17:0x00000001 x14=0x00000001
       28795000	      2878	800026d4	033f9063	bne	x31,x19,800026f4	 x31:0x00000000 x19:0x00000001
       28805000	      2879	00000000	00000013	addi	x0,x0,0	  x0:0x00000000
       28815000	      2880	800026f0	00000013	addi	x0,x0,0	  x0:0x00000000
       28825000	      2881	800026f4	40678ab3	sub	x21,x15,x6	 x15:0x00000000  x6:0x80009c04 x21=0x7fff63fc
       28835000	      2882	800026f8	c9617493	andi	x9,x2,-874	  x2:0x00000001  x9=0x00000000
       28845000	      2883	800026fc	04117663	bgeu	x2,x1,80002748	  x2:0x00000001  x1:0xfefe271d
       28855000	      2884	80002700	01b25a93	srli	x21,x4,0x1b	  x4:0xd23fc000 x21=0x0000001a
       28865000	      2885	80002704	0155d9b3	srl	x19,x11,x21	 x11:0x00000001 x21:0x0000001a x19=0x00000000
       28875000	      2886	80002708	016a8633	add	x12,x21,x22	 x21:0x0000001a x22:0x00000000 x12=0x0000001a
       28885000	      2887	8000270c	5cce2913	slti	x18,x28,1484	 x28:0x00000001 x18=0x00000001
       28895000	      2888	80002710	00e669b3	or	x19,x12,x14	 x12:0x0000001a x14:0x00000001 x19=0x0000001b
       28905000	      2889	80002714	010bc2b3	xor	x5,x23,x16	 x23:0xca5dd000 x16:0x80009f50  x5=0x4a5d4f50
       28915000	      2890	80002718	009d2533	slt	x10,x26,x9	 x26:0xfffffff0  x9:0x00000000 x10=0x00000001
       28925000	      2891	8000271c	01ea2733	slt	x14,x20,x30	 x20:0xd23fc000 x30:0x00000001 x14=0x00000001
       28935000	      2892	80002720	007f3e33	sltu	x28,x30,x7	 x30:0x00000001  x7:0xffffff29 x28=0x00000001
       28945000	      2893	80002724	01c40db3	add	x27,x8,x28	  x8:0x80009fc4 x28:0x00000001 x27=0x80009fc5
       28955000	      2894	80002728	ef945897	auipc	x17,0xef945	 x17=0x6f947724
       28965000	      2895	8000272c	0273fc63	bgeu	x7,x7,80002764	  x7:0xffffff29  x7:0xffffff29
       28975000	      2896	00000000	00000013	addi	x0,x0,0	  x0:0x00000000
       28985000	      2897	80002760	00000013	addi	x0,x0,0	  x0:0x00000000
       28995000	      2898	80002764	05d26663	bltu	x4,x29,800027b0	  x4:0xd23fc000 x29:0xfffffcf6
       29005000	      2899	00000000	00000013	addi	x0,x0,0	  x0:0x00000000
       29015000	      2900	800027ac	00000013	addi	x0,x0,0	  x0:0x00000000
       29025000	      2901	800027b0	01cf0eb3	add	x29,x30,x28	 x30:0x00000001 x28:0x00000001 x29=0x00000002
       29035000	      2902	800027b4	05006663	bltu	x0,x16,80002800	  x0:0x00000000 x16:0x80009f50
       29045000	      2903	00000000	00000013	addi	x0,x0,0	  x0:0x00000000
       29055000	      2904	800027fc	00000013	addi	x0,x0,0	  x0:0x00000000
       29065000	      2905	80002800	64c20113	addi	x2,x4,1612	  x4:0xd23fc000  x2=0xd23fc64c
       29075000	      2906	80002804	4039d4b3	sra	x9,x19,x3	 x19:0x0000001b  x3:0x00010001  x9=0x0000000d
       29085000	      2907	80002808	0058b033	sltu	x0,x17,x5	 x17:0x6f947724  x5:0x4a5d4f50
       29095000	      2908	8000280c	00000013	addi	x0,x0,0	  x0:0x00000000
       29105000	      2909	80002810	01597cb3	and	x25,x18,x21	 x18:0x00000001 x21:0x0000001a x25=0x00000000
       29115000	      2910	80002814	0563d863	bge	x7,x22,80002864	  x7:0xffffff29 x22:0x00000000
       29125000	      2911	80002818	02155463	bge	x10,x1,80002840	 x10:0x00000001  x1:0xfefe271d
       29135000	      2912	00000000	00000013	addi	x0,x0,0	  x0:0x00000000
       29145000	      2913	8000283c	00000013	addi	x0,x0,0	  x0:0x00000000
       29155000	      2914	80002840	05e1d463	bge	x3,x30,80002888	  x3:0x00010001 x30:0x00000001
       29165000	      2915	00000000	00000013	addi	x0,x0,0	  x0:0x00000000
       29175000	      2916	80002884	00000013	addi	x0,x0,0	  x0:0x00000000
       29185000	      2917	80002888	0139a7b3	slt	x15,x19,x19	 x19:0x0000001b x19:0x0000001b x15=0x00000000
       29195000	      2918	8000288c	00cbdf93	srli	x31,x23,0xc	 x23:0xca5dd000 x31=0x000ca5dd
       29205000	      2919	80002890	010e42b3	xor	x5,x28,x16	 x28:0x00000001 x16:0x80009f50  x5=0x80009f51
       29215000	      2920	80002894	ad435f17	auipc	x30,0xad435	 x30=0x2d437890
       29225000	      2921	80002898	01206e33	or	x28,x0,x18	  x0:0x00000000 x18:0x00000001 x28=0x00000001
       29235000	      2922	8000289c	4134d913	srai	x18,x9,0x13	  x9:0x0000000d x18=0x00000000
       29245000	      2923	800028a0	033fc263	blt	x31,x19,800028c4	 x31:0x000ca5dd x19:0x0000001b
       29255000	      2924	800028a4	cecd8193	addi	x3,x27,-788	 x27:0x80009fc5  x3=0x80009cb1
       29265000	      2925	800028a8	01fb1393	slli	x7,x22,0x1f	 x22:0x00000000  x7=0x00000000
       29275000	      2926	800028ac	00ce8bb3	add	x23,x29,x12	 x29:0x00000002 x12:0x0000001a x23=0x0000001c
       29285000	      2927	800028b0	007349b3	xor	x19,x6,x7	  x6:0x80009c04  x7:0x00000000 x19=0x80009c04
       29295000	      2928	800028b4	00ed0863	beq	x26,x14,800028c4	 x26:0xfffffff0 x14:0x00000001
       29305000	      2929	800028b8	03035263	bge	x6,x16,800028dc	  x6:0x80009c04 x16:0x80009f50
       29315000	      2930	800028bc	012362b3	or	x5,x6,x18	  x6:0x80009c04 x18:0x00000000  x5=0x80009c04
       29325000	      2931	800028c0	00000013	addi	x0,x0,0	  x0:0x00000000
       29335000	      2932	800028c4	02ff8063	beq	x31,x15,800028e4	 x31:0x000ca5dd x15:0x00000000
       29345000	      2933	800028c8	0273c663	blt	x7,x7,800028f4	  x7:0x00000000  x7:0x00000000
       29355000	      2934	800028cc	01059333	sll	x6,x11,x16	 x11:0x00000001 x16:0x80009f50  x6=0x00010000
       29365000	      2935	800028d0	408f09b3	sub	x19,x30,x8	 x30:0x2d437890  x8:0x80009fc4 x19=0xad42d8cc
       29375000	      2936	800028d4	edfceb93	ori	x23,x25,-289	 x25:0x00000000 x23=0xfffffedf
       29385000	      2937	800028d8	020ad263	bge	x21,x0,800028fc	 x21:0x0000001a  x0:0x00000000
       29395000	      2938	00000000	00000013	addi	x0,x0,0	  x0:0x00000000
       29405000	      2939	800028f8	00000013	addi	x0,x0,0	  x0:0x00000000
       29415000	      2940	800028fc	01e2a8b3	slt	x17,x5,x30	  x5:0x80009c04 x30:0x2d437890 x17=0x00000001
       29425000	      2941	80002900	01429263	bne	x5,x20,80002904	  x5:0x80009c04 x20:0xd23fc000
       29435000	      2942	00000000	00000013	addi	x0,x0,0	  x0:0x00000000
       29445000	      2943	80002900	00000013	addi	x0,x0,0	  x0:0x00000000
       29455000	      2944	80002904	05eb1663	bne	x22,x30,80002950	 x22:0x00000000 x30:0x2d437890
       29465000	      2945	00000000	00000013	addi	x0,x0,0	  x0:0x00000000
       29475000	      2946	8000294c	00000013	addi	x0,x0,0	  x0:0x00000000
       29485000	      2947	80002950	0093d263	bge	x7,x9,80002954	  x7:0x00000000  x9:0x0000000d
       29495000	      2948	80002954	52b70493	addi	x9,x14,1323	 x14:0x00000001  x9=0x0000052c
       29505000	      2949	80002958	012a9613	slli	x12,x21,0x12	 x21:0x0000001a x12=0x00680000
       29515000	      2950	8000295c	402d5193	srai	x3,x26,0x2	 x26:0xfffffff0  x3=0xfffffffc
       29525000	      2951	80002960	08445a63	bge	x8,x4,800029f4	  x8:0x80009fc4  x4:0xd23fc000
       29535000	      2952	80002964	682692b7	lui	x5,0x68269	  x5=0x68269000
       29545000	      2953	80002968	ffa00993	addi	x19,x0,-6	  x0:0x00000000 x19=0xfffffffa
       29555000	      2954	8000296c	01acc233	xor	x4,x25,x26	 x25:0x00000000 x26:0xfffffff0  x4=0xfffffff0
       29565000	      2955	80002970	ff100f93	addi	x31,x0,-15	  x0:0x00000000 x31=0xfffffff1
       29575000	      2956	80002974	4132d013	srai	x0,x5,0x13	  x5:0x68269000
       29585000	      2957	80002978	0082e733	or	x14,x5,x8	  x5:0x68269000  x8:0x80009fc4 x14=0xe8269fc4
       29595000	      2958	8000297c	d1ff6393	ori	x7,x30,-737	 x30:0x2d437890  x7=0xfffffd9f
       29605000	      2959	80002980	0157d893	srli	x17,x15,0x15	 x15:0x00000000 x17=0x00000000
       29615000	      2960	80002984	ff798993	addi	x19,x19,-9	 x19:0xfffffffa x19=0xfffffff1
       29625000	      2961	80002988	00100513	addi	x10,x0,1	  x0:0x00000000 x10=0x00000001
       29635000	      2962	8000298c	007c1a13	slli	x20,x24,0x7	 x24:0x00001048 x20=0x00082400
       29645000	      2963	80002990	f0cf7c13	andi	x24,x30,-244	 x30:0x2d437890 x24=0x2d437800
       29655000	      2964	80002994	01ce5ab3	srl	x21,x28,x28	 x28:0x00000001 x28:0x00000001 x21=0x00000000
       29665000	      2965	80002998	fef00b93	addi	x23,x0,-17	  x0:0x00000000 x23=0xffffffef
       29675000	      2966	8000299c	018163b3	or	x7,x2,x24	  x2:0xd23fc64c x24:0x2d437800  x7=0xff7ffe4c
       29685000	      2967	800029a0	f408fd13	andi	x26,x17,-192	 x17:0x00000000 x26=0x00000000
       29695000	      2968	800029a4	463e96b7	lui	x13,0x463e9	 x13=0x463e9000
       29705000	      2969	800029a8	005f6933	or	x18,x30,x5	 x30:0x2d437890  x5:0x68269000 x18=0x6d67f890
       29715000	      2970	800029ac	40c30f33	sub	x30,x6,x12	  x6:0x00010000 x12:0x00680000 x30=0xff990000
       29725000	      2971	800029b0	01f8b233	sltu	x4,x17,x31	 x17:0x00000000 x31:0xfffffff1  x4=0x00000001
       29735000	      2972	800029b4	ff750513	addi	x10,x10,-9	 x10:0x00000001 x10=0xfffffff8
       29745000	      2973	800029b8	012f8a33	add	x20,x31,x18	 x31:0xfffffff1 x18:0x6d67f890 x20=0x6d67f881
       29755000	      2974	800029bc	ff750ae3	beq	x10,x23,800029b0	 x10:0xfffffff8 x23:0xffffffef
       29765000	      2975	800029c0	40425c13	srai	x24,x4,0x4	  x4:0x00000001 x24=0x00000000
       29775000	      2976	800029c4	dcbe2297	auipc	x5,0xdcbe2	  x5=0x5cbe49c0
       29785000	      2977	800029c8	00c3cc33	xor	x24,x7,x12	  x7:0xff7ffe4c x12:0x00680000 x24=0xff17fe4c
       29795000	      2978	800029cc	2c93bc93	sltiu	x25,x7,713	  x7:0xff7ffe4c x25=0x00000000
       29805000	      2979	800029d0	40c75cb3	sra	x25,x14,x12	 x14:0xe8269fc4 x12:0x00680000 x25=0xe8269fc4
       29815000	      2980	800029d4	fbf994e3	bne	x19,x31,8000297c	 x19:0xfffffff1 x31:0xfffffff1
       29825000	      2981	800029d8	019164b3	or	x9,x2,x25	  x2:0xd23fc64c x25:0xe8269fc4  x9=0xfa3fdfcc
       29835000	      2982	800029dc	011bcfb3	xor	x31,x23,x17	 x23:0xffffffef x17:0x00000000 x31=0xffffffef
       29845000	      2983	800029e0	017c4a33	xor	x20,x24,x23	 x24:0xff17fe4c x23:0xffffffef x20=0x00e801a3
       29855000	      2984	800029e4	42853f13	sltiu	x30,x10,1064	 x10:0xfffffff8 x30=0x00000000
       29865000	      2985	800029e8	013ca033	slt	x0,x25,x19	 x25:0xe8269fc4 x19:0xfffffff1
       29875000	      2986	800029ec	00d994b3	sll	x9,x19,x13	 x19:0xfffffff1 x13:0x463e9000  x9=0xfffffff1
       29885000	      2987	800029f0	b5f9e313	ori	x6,x19,-1185	 x19:0xfffffff1  x6=0xffffffff
       29895000	      2988	800029f4	05a05263	bge	x0,x26,80002a38	  x0:0x00000000 x26:0x00000000
       29905000	      2989	00000000	00000013	addi	x0,x0,0	  x0:0x00000000
       29915000	      2990	80002a34	00000013	addi	x0,x0,0	  x0:0x00000000
       29925000	      2991	80002a38	04f85663	bge	x16,x15,80002a84	 x16:0x80009f50 x15:0x00000000
       29935000	      2992	80002a3c	01e0d933	srl	x18,x1,x30	  x1:0xfefe271d x30:0x00000000 x18=0xfefe271d
       29945000	      2993	80002a40	7b480713	addi	x14,x16,1972	 x16:0x80009f50 x14=0x8000a704
       29955000	      2994	80002a44	056e6663	bltu	x28,x22,80002a90	 x28:0x00000001 x22:0x00000000
       29965000	      2995	80002a48	02a58c63	beq	x11,x10,80002a80	 x11:0x00000001 x10:0xfffffff8
       29975000	      2996	80002a4c	01830733	add	x14,x6,x24	  x6:0xffffffff x24:0xff17fe4c x14=0xff17fe4b
       29985000	      2997	80002a50	012a7733	and	x14,x20,x18	 x20:0x00e801a3 x18:0xfefe271d x14=0x00e80101
       29995000	      2998	80002a54	b8cb6613	ori	x12,x22,-1140	 x22:0x00000000 x12=0xfffffb8c
       30005000	      2999	80002a58	6963aa37	lui	x20,0x6963a	 x20=0x6963a000
       30015000	      3000	80002a5c	01afee63	bltu	x31,x26,80002a78	 x31:0xffffffef x26:0x00000000
       30025000	      3001	80002a60	b4f70113	addi	x2,x14,-1201	 x14:0x00e80101  x2=0x00e7fc50
       30035000	      3002	80002a64	41c45993	srai	x19,x8,0x1c	  x8:0x80009fc4 x19=0xfffffff8
       30045000	      3003	80002a68	04651463	bne	x10,x6,80002ab0	 x10:0xfffffff8  x6:0xffffffff
       30055000	      3004	00000000	00000013	addi	x0,x0,0	  x0:0x00000000
       30065000	      3005	80002aac	00000013	addi	x0,x0,0	  x0:0x00000000
       30075000	      3006	80002ab0	412604b3	sub	x9,x12,x18	 x12:0xfffffb8c x18:0xfefe271d  x9=0x0101d46f
       30085000	      3007	80002ab4	00b793b3	sll	x7,x15,x11	 x15:0x00000000 x11:0x00000001  x7=0x00000000
       30095000	      3008	80002ab8	01dc9c93	slli	x25,x25,0x1d	 x25:0xe8269fc4 x25=0x80000000
       30105000	      3009	80002abc	01e94663	blt	x18,x30,80002ac8	 x18:0xfefe271d x30:0x00000000
       30115000	      3010	00000000	00000013	addi	x0,x0,0	  x0:0x00000000
       30125000	      3011	80002ac4	00000013	addi	x0,x0,0	  x0:0x00000000
       30135000	      3012	80002ac8	4090df33	sra	x30,x1,x9	  x1:0xfefe271d  x9:0x0101d46f x30=0xfffffdfc
       30145000	      3013	80002acc	043d9063	bne	x27,x3,80002b0c	 x27:0x80009fc5  x3:0xfffffffc
       30155000	      3014	00000000	00000013	addi	x0,x0,0	  x0:0x00000000
       30165000	      3015	80002b08	00000013	addi	x0,x0,0	  x0:0x00000000
       30175000	      3016	80002b0c	02896e63	bltu	x18,x8,80002b48	 x18:0xfefe271d  x8:0x80009fc4
       30185000	      3017	80002b10	01341713	slli	x14,x8,0x13	  x8:0x80009fc4 x14=0xfe200000
       30195000	      3018	80002b14	01e76c63	bltu	x14,x30,80002b2c	 x14:0xfe200000 x30:0xfffffdfc
       30205000	      3019	00000000	00000013	addi	x0,x0,0	  x0:0x00000000
       30215000	      3020	80002b28	00000013	addi	x0,x0,0	  x0:0x00000000
       30225000	      3021	80002b2c	122ab193	sltiu	x3,x21,290	 x21:0x00000000  x3=0x00000001
       30235000	      3022	80002b30	017f97b3	sll	x15,x31,x23	 x31:0xffffffef x23:0xffffffef x15=0xfff78000
       30245000	      3023	80002b34	01ab6c63	bltu	x22,x26,80002b4c	 x22:0x00000000 x26:0x00000000
       30255000	      3024	80002b38	178b4b13	xori	x22,x22,376	 x22:0x00000000 x22=0x00000178
       30265000	      3025	80002b3c	5599fc93	andi	x25,x19,1369	 x19:0xfffffff8 x25=0x00000558
       30275000	      3026	80002b40	0016b533	sltu	x10,x13,x1	 x13:0x463e9000  x1:0xfefe271d x10=0x00000001
       30285000	      3027	80002b44	00485fb3	srl	x31,x16,x4	 x16:0x80009f50  x4:0x00000001 x31=0x40004fa8
       30295000	      3028	80002b48	9dd5ba93	sltiu	x21,x11,-1571	 x11:0x00000001 x21=0x00000001
       30305000	      3029	80002b4c	41cf8333	sub	x6,x31,x28	 x31:0x40004fa8 x28:0x00000001  x6=0x40004fa7
       30315000	      3030	80002b50	02297263	bgeu	x18,x2,80002b74	 x18:0xfefe271d  x2:0x00e7fc50
       30325000	      3031	00000000	00000013	addi	x0,x0,0	  x0:0x00000000
       30335000	      3032	80002b70	00000013	addi	x0,x0,0	  x0:0x00000000
       30345000	      3033	80002b74	00be9a63	bne	x29,x11,80002b88	 x29:0x00000002 x11:0x00000001
       30355000	      3034	00000000	00000013	addi	x0,x0,0	  x0:0x00000000
       30365000	      3035	80002b84	00000013	addi	x0,x0,0	  x0:0x00000000
       30375000	      3036	80002b88	43dba513	slti	x10,x23,1085	 x23:0xffffffef x10=0x00000001
       30385000	      3037	80002b8c	d3687193	andi	x3,x16,-714	 x16:0x80009f50  x3=0x80009d10
       30395000	      3038	80002b90	b6e38513	addi	x10,x7,-1170	  x7:0x00000000 x10=0xfffffb6e
       30405000	      3039	80002b94	0108dc63	bge	x17,x16,80002bac	 x17:0x00000000 x16:0x80009f50
       30415000	      3040	00000000	00000013	addi	x0,x0,0	  x0:0x00000000
       30425000	      3041	80002ba8	00000013	addi	x0,x0,0	  x0:0x00000000
       30435000	      3042	80002bac	02a9e463	bltu	x19,x10,80002bd4	 x19:0xfffffff8 x10:0xfffffb6e
       30445000	      3043	80002bb0	026fce63	blt	x31,x6,80002bec	 x31:0x40004fa8  x6:0x40004fa7
       30455000	      3044	80002bb4	02626263	bltu	x4,x6,80002bd8	  x4:0x00000001  x6:0x40004fa7
       30465000	      3045	00000000	00000013	addi	x0,x0,0	  x0:0x00000000
       30475000	      3046	80002bd4	00000013	addi	x0,x0,0	  x0:0x00000000
       30485000	      3047	80002bd8	80ac7793	andi	x15,x24,-2038	 x24:0xff17fe4c x15=0xff17f808
       30495000	      3048	80002bdc	07688e13	addi	x28,x17,118	 x17:0x00000000 x28=0x00000076
       30505000	      3049	80002be0	00cbdbb3	srl	x23,x23,x12	 x23:0xffffffef x12:0xfffffb8c x23=0x000fffff
       30515000	      3050	80002be4	03f95c63	bge	x18,x31,80002c1c	 x18:0xfefe271d x31:0x40004fa8
       30525000	      3051	80002be8	00000013	addi	x0,x0,0	  x0:0x00000000
       30535000	      3052	80002bec	00be5d33	srl	x26,x28,x11	 x28:0x00000076 x11:0x00000001 x26=0x0000003b
       30545000	      3053	80002bf0	67b4ef93	ori	x31,x9,1659	  x9:0x0101d46f x31=0x0101d67f
       30555000	      3054	80002bf4	00e87cb3	and	x25,x16,x14	 x16:0x80009f50 x14:0xfe200000 x25=0x80000000
       30565000	      3055	80002bf8	016e6fb3	or	x31,x28,x22	 x28:0x00000076 x22:0x00000178 x31=0x0000017e
       30575000	      3056	80002bfc	17477513	andi	x10,x14,372	 x14:0xfe200000 x10=0x00000000
       30585000	      3057	80002c00	41f503b3	sub	x7,x10,x31	 x10:0x00000000 x31:0x0000017e  x7=0xfffffe82
       30595000	      3058	80002c04	017cdc63	bge	x25,x23,80002c1c	 x25:0x80000000 x23:0x000fffff
       30605000	      3059	80002c08	00dac133	xor	x2,x21,x13	 x21:0x00000001 x13:0x463e9000  x2=0x463e9001
       30615000	      3060	80002c0c	9748ce93	xori	x29,x17,-1676	 x17:0x00000000 x29=0xfffff974
       30625000	      3061	80002c10	004f4fb3	xor	x31,x30,x4	 x30:0xfffffdfc  x4:0x00000001 x31=0xfffffdfd
       30635000	      3062	80002c14	0184c2b3	xor	x5,x9,x24	  x9:0x0101d46f x24:0xff17fe4c  x5=0xfe162a23
       30645000	      3063	80002c18	05567663	bgeu	x12,x21,80002c64	 x12:0xfffffb8c x21:0x00000001
       30655000	      3064	00000000	00000013	addi	x0,x0,0	  x0:0x00000000
       30665000	      3065	80002c60	00000013	addi	x0,x0,0	  x0:0x00000000
       30675000	      3066	80002c64	0775c893	xori	x17,x11,119	 x11:0x00000001 x17=0x00000076
       30685000	      3067	80002c68	00ad8b33	add	x22,x27,x10	 x27:0x80009fc5 x10:0x00000000 x22=0x80009fc5
       30695000	      3068	80002c6c	00000013	addi	x0,x0,0	  x0:0x00000000
       30705000	      3069	80002c70	5af0cd93	xori	x27,x1,1455	  x1:0xfefe271d x27=0xfefe22b2
       30715000	      3070	80002c74	00caee63	bltu	x21,x12,80002c90	 x21:0x00000001 x12:0xfffffb8c
       30725000	      3071	00000000	00000013	addi	x0,x0,0	  x0:0x00000000
       30735000	      3072	80002c8c	00000013	addi	x0,x0,0	  x0:0x00000000
       30745000	      3073	80002c90	01818733	add	x14,x3,x24	  x3:0x80009d10 x24:0xff17fe4c x14=0x7f189b5c
       30755000	      3074	80002c94	05cae663	bltu	x21,x28,80002ce0	 x21:0x00000001 x28:0x00000076
       30765000	      3075	00000000	00000013	addi	x0,x0,0	  x0:0x00000000
       30775000	      3076	80002cdc	00000013	addi	x0,x0,0	  x0:0x00000000
       30785000	      3077	80002ce0	9c417113	andi	x2,x2,-1596	  x2:0x463e9001  x2=0x463e9000
       30795000	      3078	80002ce4	01651f13	slli	x30,x10,0x16	 x10:0x00000000 x30=0x00000000
       30805000	      3079	80002ce8	41b78b33	sub	x22,x15,x27	 x15:0xff17f808 x27:0xfefe22b2 x22=0x0019d556
       30815000	      3080	80002cec	00000013	addi	x0,x0,0	  x0:0x00000000
       30825000	      3081	80002cf0	000ad693	srli	x13,x21,0x0	 x21:0x00000001 x13=0x00000001
       30835000	      3082	80002cf4	00b0e663	bltu	x1,x11,80002d00	  x1:0xfefe271d x11:0x00000001
       30845000	      3083	80002cf8	f24a3e93	sltiu	x29,x20,-220	 x20:0x6963a000 x29=0x00000001
       30855000	      3084	80002cfc	01089b93	slli	x23,x17,0x10	 x17:0x00000076 x23=0x00760000
       30865000	      3085	80002d00	4143df13	srai	x30,x7,0x14	  x7:0xfffffe82 x30=0xffffffff
       30875000	      3086	80002d04	1661a613	slti	x12,x3,358	  x3:0x80009d10 x12=0x00000001
       30885000	      3087	80002d08	3cbced93	ori	x27,x25,971	 x25:0x80000000 x27=0x800003cb
       30895000	      3088	80002d0c	02858063	beq	x11,x8,80002d2c	 x11:0x00000001  x8:0x80009fc4
       30905000	      3089	80002d10	0105b933	sltu	x18,x11,x16	 x11:0x00000001 x16:0x80009f50 x18=0x00000001
       30915000	      3090	80002d14	00952d33	slt	x26,x10,x9	 x10:0x00000000  x9:0x0101d46f x26=0x00000001
       30925000	      3091	80002d18	40655633	sra	x12,x10,x6	 x10:0x00000000  x6:0x40004fa7 x12=0x00000000
       30935000	      3092	80002d1c	00f112b3	sll	x5,x2,x15	  x2:0x463e9000 x15:0xff17f808  x5=0x3e900000
       30945000	      3093	80002d20	c55cb613	sltiu	x12,x25,-939	 x25:0x80000000 x12=0x00000001
       30955000	      3094	80002d24	03ad8263	beq	x27,x26,80002d48	 x27:0x800003cb x26:0x00000001
       30965000	      3095	80002d28	01ce1733	sll	x14,x28,x28	 x28:0x00000076 x28:0x00000076 x14=0x1d800000
       30975000	      3096	80002d2c	00000013	addi	x0,x0,0	  x0:0x00000000
       30985000	      3097	80002d30	419ed933	sra	x18,x29,x25	 x29:0x00000001 x25:0x80000000 x18=0x00000001
       30995000	      3098	80002d34	02284063	blt	x16,x2,80002d54	 x16:0x80009f50  x2:0x463e9000
       31005000	      3099	00000000	00000013	addi	x0,x0,0	  x0:0x00000000
       31015000	      3100	80002d50	00000013	addi	x0,x0,0	  x0:0x00000000
       31025000	      3101	80002d54	0582e663	bltu	x5,x24,80002da0	  x5:0x3e900000 x24:0xff17fe4c
       31035000	      3102	00000000	00000013	addi	x0,x0,0	  x0:0x00000000
       31045000	      3103	80002d9c	00000013	addi	x0,x0,0	  x0:0x00000000
       31055000	      3104	80002da0	cbdb7b13	andi	x22,x22,-835	 x22:0x0019d556 x22=0x0019d414
       31065000	      3105	80002da4	01b35333	srl	x6,x6,x27	  x6:0x40004fa7 x27:0x800003cb  x6=0x00080009
       31075000	      3106	80002da8	01f5cb33	xor	x22,x11,x31	 x11:0x00000001 x31:0xfffffdfd x22=0xfffffdfc
       31085000	      3107	80002dac	416e0133	sub	x2,x28,x22	 x28:0x00000076 x22:0xfffffdfc  x2=0x0000027a
       31095000	      3108	80002db0	03afe263	bltu	x31,x26,80002dd4	 x31:0xfffffdfd x26:0x00000001
       31105000	      3109	80002db4	d22a8393	addi	x7,x21,-734	 x21:0x00000001  x7=0xfffffd23
       31115000	      3110	80002db8	01865713	srli	x14,x12,0x18	 x12:0x00000001 x14=0x00000000
       31125000	      3111	80002dbc	01b21a63	bne	x4,x27,80002dd0	  x4:0x00000001 x27:0x800003cb
       31135000	      3112	00000000	00000013	addi	x0,x0,0	  x0:0x00000000
       31145000	      3113	80002dcc	00000013	addi	x0,x0,0	  x0:0x00000000
       31155000	      3114	80002dd0	00935b13	srli	x22,x6,0x9	  x6:0x00080009 x22=0x00000400
       31165000	      3115	80002dd4	40340533	sub	x10,x8,x3	  x8:0x80009fc4  x3:0x80009d10 x10=0x000002b4
       31175000	      3116	80002dd8	02dfee63	bltu	x31,x13,80002e14	 x31:0xfffffdfd x13:0x00000001
       31185000	      3117	80002ddc	00ae6533	or	x10,x28,x10	 x28:0x00000076 x10:0x000002b4 x10=0x000002f6
       31195000	      3118	80002de0	00b30863	beq	x6,x11,80002df0	  x6:0x00080009 x11:0x00000001
       31205000	      3119	80002de4	00174fb3	xor	x31,x14,x1	 x14:0x00000000  x1:0xfefe271d x31=0xfefe271d
       31215000	      3120	80002de8	5ab3b793	sltiu	x15,x7,1451	  x7:0xfffffd23 x15=0x00000000
       31225000	      3121	80002dec	04eb9663	bne	x23,x14,80002e38	 x23:0x00760000 x14:0x00000000
       31235000	      3122	00000000	00000013	addi	x0,x0,0	  x0:0x00000000
       31245000	      3123	80002e34	00000013	addi	x0,x0,0	  x0:0x00000000
       31255000	      3124	80002e38	3268f493	andi	x9,x17,806	 x17:0x00000076  x9=0x00000026
       31265000	      3125	80002e3c	0352ec63	bltu	x5,x21,80002e74	  x5:0x3e900000 x21:0x00000001
       31275000	      3126	80002e40	417cdb93	srai	x23,x25,0x17	 x25:0x80000000 x23=0xffffff00
       31285000	      3127	80002e44	0208f463	bgeu	x17,x0,80002e6c	 x17:0x00000076  x0:0x00000000
       31295000	      3128	00000000	00000013	addi	x0,x0,0	  x0:0x00000000
       31305000	      3129	80002e68	00000013	addi	x0,x0,0	  x0:0x00000000
       31315000	      3130	80002e6c	4174d533	sra	x10,x9,x23	  x9:0x00000026 x23:0xffffff00 x10=0x00000026
       31325000	      3131	80002e70	d918da37	lui	x20,0xd918d	 x20=0xd918d000
       31335000	      3132	80002e74	39a82f37	lui	x30,0x39a82	 x30=0x39a82000
       31345000	      3133	80002e78	05b48793	addi	x15,x9,91	  x9:0x00000026 x15=0x00000081
       31355000	      3134	80002e7c	d3012213	slti	x4,x2,-720	  x2:0x0000027a  x4=0x00000000
       31365000	      3135	80002e80	dc8b6993	ori	x19,x22,-568	 x22:0x00000400 x19=0xfffffdc8
       31375000	      3136	80002e84	01d68863	beq	x13,x29,80002e94	 x13:0x00000001 x29:0x00000001
       31385000	      3137	00000000	00000013	addi	x0,x0,0	  x0:0x00000000
       31395000	      3138	80002e90	00000013	addi	x0,x0,0	  x0:0x00000000
       31405000	      3139	80002e94	01d121b3	slt	x3,x2,x29	  x2:0x0000027a x29:0x00000001  x3=0x00000000
       31415000	      3140	80002e98	40115133	sra	x2,x2,x1	  x2:0x0000027a  x1:0xfefe271d  x2=0x00000000
       31425000	      3141	80002e9c	00482a03	lw	x20,4(x16)	 x16:0x80009f50 x20=0x800001ec PA:0x80009f54
       31435000	      3142	80002ea0	40b9d213	srai	x4,x19,0xb	 x19:0xfffffdc8  x4=0xffffffff
       31445000	      3143	80002ea4	de7d9517	auipc	x10,0xde7d9	 x10=0x5e7dbea0
       31455000	      3144	80002ea8	01219e93	slli	x29,x3,0x12	  x3:0x00000000 x29=0x00000000
       31465000	      3145	80002eac	00000013	addi	x0,x0,0	  x0:0x00000000
       31475000	      3146	80002eb0	01340d33	add	x26,x8,x19	  x8:0x80009fc4 x19:0xfffffdc8 x26=0x80009d8c
       31485000	      3147	80002eb4	6c457c93	andi	x25,x10,1732	 x10:0x5e7dbea0 x25=0x00000680
       31495000	      3148	80002eb8	013bc6b3	xor	x13,x23,x19	 x23:0xffffff00 x19:0xfffffdc8 x13=0x000002c8
       31505000	      3149	80002ebc	01080ab3	add	x21,x16,x16	 x16:0x80009f50 x16:0x80009f50 x21=0x00013ea0
       31515000	      3150	80002ec0	03480813	addi	x16,x16,52	 x16:0x80009f50 x16=0x80009f84
       31525000	      3151	80002ec4	00e6e033	or	x0,x13,x14	 x13:0x000002c8 x14:0x00000000
       31535000	      3152	80002ec8	000a0513	addi	x10,x20,0	 x20:0x800001ec x10=0x800001ec
       31545000	      3153	80002ecc	00050567	jalr	x10,x10,0	 x10:0x800001ec x10=0x80002ecc
       31555000	      3154	00000000	00000013	addi	x0,x0,0	  x0:0x00000000
       31565000	      3155	800001ec	00000013	addi	x0,x0,0	  x0:0x00000000
       31575000	      3156	800001f0	ffe00613	addi	x12,x0,-2	  x0:0x00000000 x12=0xfffffffe
       31585000	      3157	800001f4	41455e93	srai	x29,x10,0x14	 x10:0x80002ecc x29=0xfffff800
       31595000	      3158	800001f8	000b24b3	slt	x9,x22,x0	 x22:0x00000400  x0:0x00000000  x9=0x00000000
       31605000	      3159	800001fc	dfc57113	andi	x2,x10,-516	 x10:0x80002ecc  x2=0x80002ccc
       31615000	      3160	80000200	01400c13	addi	x24,x0,20	  x0:0x00000000 x24=0x00000014
       31625000	      3161	80000204	002aa8b3	slt	x17,x21,x2	 x21:0x00013ea0  x2:0x80002ccc x17=0x00000000
       31635000	      3162	80000208	404187b3	sub	x15,x3,x4	  x3:0x00000000  x4:0xffffffff x15=0x00000001
       31645000	      3163	8000020c	00f4fb33	and	x22,x9,x15	  x9:0x00000000 x15:0x00000001 x22=0x00000000
       31655000	      3164	80000210	010069b3	or	x19,x0,x16	  x0:0x00000000 x16:0x80009f84 x19=0x80009f84
       31665000	      3165	80000214	0112d113	srli	x2,x5,0x11	  x5:0x3e900000  x2=0x00001f48
       31675000	      3166	80000218	00660613	addi	x12,x12,6	 x12:0xfffffffe x12=0x00000004
       31685000	      3167	8000021c	be1af693	andi	x13,x21,-1055	 x21:0x00013ea0 x13=0x00013aa0
       31695000	      3168	80000220	ce02e313	ori	x6,x5,-800	  x5:0x3e900000  x6=0xfffffce0
       31705000	      3169	80000224	ff8662e3	bltu	x12,x24,80000208	 x12:0x00000004 x24:0x00000014
       31715000	      3170	00000000	00000013	addi	x0,x0,0	  x0:0x00000000
       31725000	      3171	80000204	00000013	addi	x0,x0,0	  x0:0x00000000
       31735000	      3172	80000208	404187b3	sub	x15,x3,x4	  x3:0x00000000  x4:0xffffffff x15=0x00000001
       31745000	      3173	8000020c	00f4fb33	and	x22,x9,x15	  x9:0x00000000 x15:0x00000001 x22=0x00000000
       31755000	      3174	80000210	010069b3	or	x19,x0,x16	  x0:0x00000000 x16:0x80009f84 x19=0x80009f84
       31765000	      3175	80000214	0112d113	srli	x2,x5,0x11	  x5:0x3e900000  x2=0x00001f48
       31775000	      3176	80000218	00660613	addi	x12,x12,6	 x12:0x00000004 x12=0x0000000a
       31785000	      3177	8000021c	be1af693	andi	x13,x21,-1055	 x21:0x00013ea0 x13=0x00013aa0
       31795000	      3178	80000220	ce02e313	ori	x6,x5,-800	  x5:0x3e900000  x6=0xfffffce0
       31805000	      3179	80000224	ff8662e3	bltu	x12,x24,80000208	 x12:0x0000000a x24:0x00000014
       31815000	      3180	00000000	00000013	addi	x0,x0,0	  x0:0x00000000
       31825000	      3181	80000204	00000013	addi	x0,x0,0	  x0:0x00000000
       31835000	      3182	80000208	404187b3	sub	x15,x3,x4	  x3:0x00000000  x4:0xffffffff x15=0x00000001
       31845000	      3183	8000020c	00f4fb33	and	x22,x9,x15	  x9:0x00000000 x15:0x00000001 x22=0x00000000
       31855000	      3184	80000210	010069b3	or	x19,x0,x16	  x0:0x00000000 x16:0x80009f84 x19=0x80009f84
       31865000	      3185	80000214	0112d113	srli	x2,x5,0x11	  x5:0x3e900000  x2=0x00001f48
       31875000	      3186	80000218	00660613	addi	x12,x12,6	 x12:0x0000000a x12=0x00000010
       31885000	      3187	8000021c	be1af693	andi	x13,x21,-1055	 x21:0x00013ea0 x13=0x00013aa0
       31895000	      3188	80000220	ce02e313	ori	x6,x5,-800	  x5:0x3e900000  x6=0xfffffce0
       31905000	      3189	80000224	ff8662e3	bltu	x12,x24,80000208	 x12:0x00000010 x24:0x00000014
       31915000	      3190	00000000	00000013	addi	x0,x0,0	  x0:0x00000000
       31925000	      3191	80000204	00000013	addi	x0,x0,0	  x0:0x00000000
       31935000	      3192	80000208	404187b3	sub	x15,x3,x4	  x3:0x00000000  x4:0xffffffff x15=0x00000001
       31945000	      3193	8000020c	00f4fb33	and	x22,x9,x15	  x9:0x00000000 x15:0x00000001 x22=0x00000000
       31955000	      3194	80000210	010069b3	or	x19,x0,x16	  x0:0x00000000 x16:0x80009f84 x19=0x80009f84
       31965000	      3195	80000214	0112d113	srli	x2,x5,0x11	  x5:0x3e900000  x2=0x00001f48
       31975000	      3196	80000218	00660613	addi	x12,x12,6	 x12:0x00000010 x12=0x00000016
       31985000	      3197	8000021c	be1af693	andi	x13,x21,-1055	 x21:0x00013ea0 x13=0x00013aa0
       31995000	      3198	80000220	ce02e313	ori	x6,x5,-800	  x5:0x3e900000  x6=0xfffffce0
       32005000	      3199	80000224	ff8662e3	bltu	x12,x24,80000208	 x12:0x00000016 x24:0x00000014
       32015000	      3200	80000228	1a8cbab7	lui	x21,0x1a8cb	 x21=0x1a8cb000
       32025000	      3201	8000022c	035ad463	bge	x21,x21,80000254	 x21:0x1a8cb000 x21:0x1a8cb000
       32035000	      3202	00000000	00000013	addi	x0,x0,0	  x0:0x00000000
       32045000	      3203	80000250	00000013	addi	x0,x0,0	  x0:0x00000000
       32055000	      3204	80000254	00098f33	add	x30,x19,x0	 x19:0x80009f84  x0:0x00000000 x30=0x80009f84
       32065000	      3205	80000258	00000097	auipc	x1,0x0	  x1=0x80000254
       32075000	      3206	8000025c	00c08093	addi	x1,x1,12	  x1:0x80000254  x1=0x80000260
       32085000	      3207	80000260	00008067	jalr	x0,x1,0	  x1:0x80000260
       32095000	      3208	00000000	00000013	addi	x0,x0,0	  x0:0x00000000
       32105000	      3209	80000260	00000013	addi	x0,x0,0	  x0:0x00000000
       32115000	      3210	80000264	00100193	addi	x3,x0,1	  x0:0x00000000  x3=0x00000001
       32125000	      3211	80000268	00000073	ecall	
       32135000	      3212	8000026c	01769b13	slli	x22,x13,0x17	 x13:0x00013aa0 x22=0x50000000
