		Time			Cycle	PC		Insn	Decoded instruction	Register and memory contents
          65000	         5	80000004	00000293	addi	x5,x0,0	  x0:0x00000000  x5=0x00000000
          75000	         6	80000008	00000313	addi	x6,x0,0	  x0:0x00000000  x6=0x00000000
          85000	         7	8000000c	00628263	beq	x5,x6,80000010	  x5:0x00000000  x6:0x00000000
          95000	         8	00000000	00000013	addi	x0,x0,0	  x0:0x00000000
         105000	         9	8000000c	00000013	addi	x0,x0,0	  x0:0x00000000
         115000	        10	80000010	00000e17	auipc	x28,0x0	 x28=0x8000000c
         125000	        11	80000014	00ce0e13	addi	x28,x28,12	 x28:0x8000000c x28=0x80000018
         135000	        12	80000018	000e0067	jalr	x0,x28,0	 x28:0x80000018
         145000	        13	00000000	00000013	addi	x0,x0,0	  x0:0x00000000
         155000	        14	80000018	00000013	addi	x0,x0,0	  x0:0x00000000
         165000	        15	8000001c	40000837	lui	x16,0x40000	 x16=0x40000000
         175000	        16	80000020	10080813	addi	x16,x16,256	 x16:0x40000000 x16=0x40000100
         185000	        17	80000024	00000013	addi	x0,x0,0	  x0:0x00000000
         195000	        18	80000028	0000a497	auipc	x9,0xa	  x9=0x8000a024
         205000	        19	8000002c	fa048493	addi	x9,x9,-96	  x9:0x8000a024  x9=0x80009fc4
         215000	        20	80000030	00003817	auipc	x16,0x3	 x16=0x8000302c
         225000	        21	80000034	ee880813	addi	x16,x16,-280	 x16:0x8000302c x16=0x80002f14
         235000	        22	80000038	00086813	ori	x16,x16,0	 x16:0x80002f14 x16=0x80002f14
         245000	        23	8000003c	00000013	addi	x0,x0,0	  x0:0x00000000
         255000	        24	80000040	00000817	auipc	x16,0x0	 x16=0x8000003c
         265000	        25	80000044	02080813	addi	x16,x16,32	 x16:0x8000003c x16=0x8000005c
         275000	        26	80000048	00000013	addi	x0,x0,0	  x0:0x00000000
         285000	        27	8000004c	00000013	addi	x0,x0,0	  x0:0x00000000
         295000	        28	80000050	00002837	lui	x16,0x2	 x16=0x00002000
         305000	        29	80000054	80080813	addi	x16,x16,-2048	 x16:0x00002000 x16=0x00001800
         315000	        30	80000058	00000013	addi	x0,x0,0	  x0:0x00000000
         325000	        31	8000005c	00000013	addi	x0,x0,0	  x0:0x00000000
         335000	        32	80000060	15497037	lui	x0,0x15497	
         345000	        33	80000064	5d400013	addi	x0,x0,1492	  x0:0x00000000
         355000	        34	80000068	00700093	addi	x1,x0,7	  x0:0x00000000  x1=0x00000007
         365000	        35	8000006c	00000113	addi	x2,x0,0	  x0:0x00000000  x2=0x00000000
         375000	        36	80000070	00000193	addi	x3,x0,0	  x0:0x00000000  x3=0x00000000
         385000	        37	80000074	00100213	addi	x4,x0,1	  x0:0x00000000  x4=0x00000001
         395000	        38	80000078	00000293	addi	x5,x0,0	  x0:0x00000000  x5=0x00000000
         405000	        39	8000007c	108c73b7	lui	x7,0x108c7	  x7=0x108c7000
         415000	        40	80000080	91f38393	addi	x7,x7,-1761	  x7:0x108c7000  x7=0x108c691f
         425000	        41	80000084	00100413	addi	x8,x0,1	  x0:0x00000000  x8=0x00000001
         435000	        42	80000088	80000537	lui	x10,0x80000	 x10=0x80000000
         445000	        43	8000008c	00f00593	addi	x11,x0,15	  x0:0x00000000 x11=0x0000000f
         455000	        44	80000090	fae82637	lui	x12,0xfae82	 x12=0xfae82000
         465000	        45	80000094	61d60613	addi	x12,x12,1565	 x12:0xfae82000 x12=0xfae8261d
         475000	        46	80000098	00900693	addi	x13,x0,9	  x0:0x00000000 x13=0x00000009
         485000	        47	8000009c	fcec1737	lui	x14,0xfcec1	 x14=0xfcec1000
         495000	        48	800000a0	f8370713	addi	x14,x14,-125	 x14:0xfcec1000 x14=0xfcec0f83
         505000	        49	800000a4	00000793	addi	x15,x0,0	  x0:0x00000000 x15=0x00000000
         515000	        50	800000a8	00400813	addi	x16,x0,4	  x0:0x00000000 x16=0x00000004
         525000	        51	800000ac	71f4b8b7	lui	x17,0x71f4b	 x17=0x71f4b000
         535000	        52	800000b0	30a88893	addi	x17,x17,778	 x17:0x71f4b000 x17=0x71f4b30a
         545000	        53	800000b4	00000913	addi	x18,x0,0	  x0:0x00000000 x18=0x00000000
         555000	        54	800000b8	13db79b7	lui	x19,0x13db7	 x19=0x13db7000
         565000	        55	800000bc	47398993	addi	x19,x19,1139	 x19:0x13db7000 x19=0x13db7473
         575000	        56	800000c0	80000a37	lui	x20,0x80000	 x20=0x80000000
         585000	        57	800000c4	f7b32ab7	lui	x21,0xf7b32	 x21=0xf7b32000
         595000	        58	800000c8	1b1a8a93	addi	x21,x21,433	 x21:0xf7b32000 x21=0xf7b321b1
         605000	        59	800000cc	f1723b37	lui	x22,0xf1723	 x22=0xf1723000
         615000	        60	800000d0	a87b0b13	addi	x22,x22,-1401	 x22:0xf1723000 x22=0xf1722a87
         625000	        61	800000d4	80000bb7	lui	x23,0x80000	 x23=0x80000000
         635000	        62	800000d8	46ed4c37	lui	x24,0x46ed4	 x24=0x46ed4000
         645000	        63	800000dc	cecc0c13	addi	x24,x24,-788	 x24:0x46ed4000 x24=0x46ed3cec
         655000	        64	800000e0	fd307cb7	lui	x25,0xfd307	 x25=0xfd307000
         665000	        65	800000e4	544c8c93	addi	x25,x25,1348	 x25:0xfd307000 x25=0xfd307544
         675000	        66	800000e8	00000d13	addi	x26,x0,0	  x0:0x00000000 x26=0x00000000
         685000	        67	800000ec	f9b9adb7	lui	x27,0xf9b9a	 x27=0xf9b9a000
         695000	        68	800000f0	1d2d8d93	addi	x27,x27,466	 x27:0xf9b9a000 x27=0xf9b9a1d2
         705000	        69	800000f4	ce857e37	lui	x28,0xce857	 x28=0xce857000
         715000	        70	800000f8	127e0e13	addi	x28,x28,295	 x28:0xce857000 x28=0xce857127
         725000	        71	800000fc	00000e93	addi	x29,x0,0	  x0:0x00000000 x29=0x00000000
         735000	        72	80000100	00d00f13	addi	x30,x0,13	  x0:0x00000000 x30=0x0000000d
         745000	        73	80000104	f08ccfb7	lui	x31,0xf08cc	 x31=0xf08cc000
         755000	        74	80000108	d64f8f93	addi	x31,x31,-668	 x31:0xf08cc000 x31=0xf08cbd64
         765000	        75	8000010c	0000a317	auipc	x6,0xa	  x6=0x8000a108
         775000	        76	80000110	e7c30313	addi	x6,x6,-388	  x6:0x8000a108  x6=0x80009f84
         785000	        77	80000114	fff00c13	addi	x24,x0,-1	  x0:0x00000000 x24=0xffffffff
         795000	        78	80000118	00d5d993	srli	x19,x11,0xd	 x11:0x0000000f x19=0x00000000
         805000	        79	8000011c	00700d93	addi	x27,x0,7	  x0:0x00000000 x27=0x00000007
         815000	        80	80000120	43f93193	sltiu	x3,x18,1087	 x18:0x00000000  x3=0x00000001
         825000	        81	80000124	0177c133	xor	x2,x15,x23	 x15:0x00000000 x23:0x80000000  x2=0x80000000
         835000	        82	80000128	e5830eb7	lui	x29,0xe5830	 x29=0xe5830000
         845000	        83	8000012c	f24eb693	sltiu	x13,x29,-220	 x29:0xe5830000 x13=0x00000001
         855000	        84	80000130	005a0cb3	add	x25,x20,x5	 x20:0x80000000  x5:0x00000000 x25=0x80000000
         865000	        85	80000134	002c0c13	addi	x24,x24,2	 x24:0xffffffff x24=0x00000001
         875000	        86	80000138	00a00413	addi	x8,x0,10	  x0:0x00000000  x8=0x0000000a
         885000	        87	8000013c	009ed213	srli	x4,x29,0x9	 x29:0xe5830000  x4=0x0072c180
         895000	        88	80000140	01641733	sll	x14,x8,x22	  x8:0x0000000a x22:0xf1722a87 x14=0x00000500
         905000	        89	80000144	00500593	addi	x11,x0,5	  x0:0x00000000 x11=0x00000005
         915000	        90	80000148	2556c6b7	lui	x13,0x2556c	 x13=0x2556c000
         925000	        91	8000014c	00545a13	srli	x20,x8,0x5	  x8:0x0000000a x20=0x00000000
         935000	        92	80000150	ffc40413	addi	x8,x8,-4	  x8:0x0000000a  x8=0x00000006
         945000	        93	80000154	feb47ae3	bgeu	x8,x11,80000148	  x8:0x00000006 x11:0x00000005
         955000	        94	00000000	00000013	addi	x0,x0,0	  x0:0x00000000
         965000	        95	80000144	00000013	addi	x0,x0,0	  x0:0x00000000
         975000	        96	80000148	2556c6b7	lui	x13,0x2556c	 x13=0x2556c000
         985000	        97	8000014c	00545a13	srli	x20,x8,0x5	  x8:0x00000006 x20=0x00000000
         995000	        98	80000150	ffc40413	addi	x8,x8,-4	  x8:0x00000006  x8=0x00000002
        1005000	        99	80000154	feb47ae3	bgeu	x8,x11,80000148	  x8:0x00000002 x11:0x00000005
        1015000	       100	80000158	0164ab33	slt	x22,x9,x22	  x9:0x80009fc4 x22:0xf1722a87 x22=0x00000001
        1025000	       101	8000015c	013d5d13	srli	x26,x26,0x13	 x26:0x00000000 x26=0x00000000
        1035000	       102	80000160	01411233	sll	x4,x2,x20	  x2:0x80000000 x20:0x00000000  x4=0x80000000
        1045000	       103	80000164	7fe0ea17	auipc	x20,0x7fe0e	 x20=0xffe0e160
        1055000	       104	80000168	fdbc40e3	blt	x24,x27,80000128	 x24:0x00000001 x27:0x00000007
        1065000	       105	00000000	00000013	addi	x0,x0,0	  x0:0x00000000
        1075000	       106	80000124	00000013	addi	x0,x0,0	  x0:0x00000000
        1085000	       107	80000128	e5830eb7	lui	x29,0xe5830	 x29=0xe5830000
        1095000	       108	8000012c	f24eb693	sltiu	x13,x29,-220	 x29:0xe5830000 x13=0x00000001
        1105000	       109	80000130	005a0cb3	add	x25,x20,x5	 x20:0xffe0e160  x5:0x00000000 x25=0xffe0e160
        1115000	       110	80000134	002c0c13	addi	x24,x24,2	 x24:0x00000001 x24=0x00000003
        1125000	       111	80000138	00a00413	addi	x8,x0,10	  x0:0x00000000  x8=0x0000000a
        1135000	       112	8000013c	009ed213	srli	x4,x29,0x9	 x29:0xe5830000  x4=0x0072c180
        1145000	       113	80000140	01641733	sll	x14,x8,x22	  x8:0x0000000a x22:0x00000001 x14=0x00000014
        1155000	       114	80000144	00500593	addi	x11,x0,5	  x0:0x00000000 x11=0x00000005
        1165000	       115	80000148	2556c6b7	lui	x13,0x2556c	 x13=0x2556c000
        1175000	       116	8000014c	00545a13	srli	x20,x8,0x5	  x8:0x0000000a x20=0x00000000
        1185000	       117	80000150	ffc40413	addi	x8,x8,-4	  x8:0x0000000a  x8=0x00000006
        1195000	       118	80000154	feb47ae3	bgeu	x8,x11,80000148	  x8:0x00000006 x11:0x00000005
        1205000	       119	00000000	00000013	addi	x0,x0,0	  x0:0x00000000
        1215000	       120	80000144	00000013	addi	x0,x0,0	  x0:0x00000000
        1225000	       121	80000148	2556c6b7	lui	x13,0x2556c	 x13=0x2556c000
        1235000	       122	8000014c	00545a13	srli	x20,x8,0x5	  x8:0x00000006 x20=0x00000000
        1245000	       123	80000150	ffc40413	addi	x8,x8,-4	  x8:0x00000006  x8=0x00000002
        1255000	       124	80000154	feb47ae3	bgeu	x8,x11,80000148	  x8:0x00000002 x11:0x00000005
        1265000	       125	80000158	0164ab33	slt	x22,x9,x22	  x9:0x80009fc4 x22:0x00000001 x22=0x00000001
        1275000	       126	8000015c	013d5d13	srli	x26,x26,0x13	 x26:0x00000000 x26=0x00000000
        1285000	       127	80000160	01411233	sll	x4,x2,x20	  x2:0x80000000 x20:0x00000000  x4=0x80000000
        1295000	       128	80000164	7fe0ea17	auipc	x20,0x7fe0e	 x20=0xffe0e160
        1305000	       129	80000168	fdbc40e3	blt	x24,x27,80000128	 x24:0x00000003 x27:0x00000007
        1315000	       130	00000000	00000013	addi	x0,x0,0	  x0:0x00000000
        1325000	       131	80000124	00000013	addi	x0,x0,0	  x0:0x00000000
        1335000	       132	80000128	e5830eb7	lui	x29,0xe5830	 x29=0xe5830000
        1345000	       133	8000012c	f24eb693	sltiu	x13,x29,-220	 x29:0xe5830000 x13=0x00000001
        1355000	       134	80000130	005a0cb3	add	x25,x20,x5	 x20:0xffe0e160  x5:0x00000000 x25=0xffe0e160
        1365000	       135	80000134	002c0c13	addi	x24,x24,2	 x24:0x00000003 x24=0x00000005
        1375000	       136	80000138	00a00413	addi	x8,x0,10	  x0:0x00000000  x8=0x0000000a
        1385000	       137	8000013c	009ed213	srli	x4,x29,0x9	 x29:0xe5830000  x4=0x0072c180
        1395000	       138	80000140	01641733	sll	x14,x8,x22	  x8:0x0000000a x22:0x00000001 x14=0x00000014
        1405000	       139	80000144	00500593	addi	x11,x0,5	  x0:0x00000000 x11=0x00000005
        1415000	       140	80000148	2556c6b7	lui	x13,0x2556c	 x13=0x2556c000
        1425000	       141	8000014c	00545a13	srli	x20,x8,0x5	  x8:0x0000000a x20=0x00000000
        1435000	       142	80000150	ffc40413	addi	x8,x8,-4	  x8:0x0000000a  x8=0x00000006
        1445000	       143	80000154	feb47ae3	bgeu	x8,x11,80000148	  x8:0x00000006 x11:0x00000005
        1455000	       144	00000000	00000013	addi	x0,x0,0	  x0:0x00000000
        1465000	       145	80000144	00000013	addi	x0,x0,0	  x0:0x00000000
        1475000	       146	80000148	2556c6b7	lui	x13,0x2556c	 x13=0x2556c000
        1485000	       147	8000014c	00545a13	srli	x20,x8,0x5	  x8:0x00000006 x20=0x00000000
        1495000	       148	80000150	ffc40413	addi	x8,x8,-4	  x8:0x00000006  x8=0x00000002
        1505000	       149	80000154	feb47ae3	bgeu	x8,x11,80000148	  x8:0x00000002 x11:0x00000005
        1515000	       150	80000158	0164ab33	slt	x22,x9,x22	  x9:0x80009fc4 x22:0x00000001 x22=0x00000001
        1525000	       151	8000015c	013d5d13	srli	x26,x26,0x13	 x26:0x00000000 x26=0x00000000
        1535000	       152	80000160	01411233	sll	x4,x2,x20	  x2:0x80000000 x20:0x00000000  x4=0x80000000
        1545000	       153	80000164	7fe0ea17	auipc	x20,0x7fe0e	 x20=0xffe0e160
        1555000	       154	80000168	fdbc40e3	blt	x24,x27,80000128	 x24:0x00000005 x27:0x00000007
        1565000	       155	00000000	00000013	addi	x0,x0,0	  x0:0x00000000
        1575000	       156	80000124	00000013	addi	x0,x0,0	  x0:0x00000000
        1585000	       157	80000128	e5830eb7	lui	x29,0xe5830	 x29=0xe5830000
        1595000	       158	8000012c	f24eb693	sltiu	x13,x29,-220	 x29:0xe5830000 x13=0x00000001
        1605000	       159	80000130	005a0cb3	add	x25,x20,x5	 x20:0xffe0e160  x5:0x00000000 x25=0xffe0e160
        1615000	       160	80000134	002c0c13	addi	x24,x24,2	 x24:0x00000005 x24=0x00000007
        1625000	       161	80000138	00a00413	addi	x8,x0,10	  x0:0x00000000  x8=0x0000000a
        1635000	       162	8000013c	009ed213	srli	x4,x29,0x9	 x29:0xe5830000  x4=0x0072c180
        1645000	       163	80000140	01641733	sll	x14,x8,x22	  x8:0x0000000a x22:0x00000001 x14=0x00000014
        1655000	       164	80000144	00500593	addi	x11,x0,5	  x0:0x00000000 x11=0x00000005
        1665000	       165	80000148	2556c6b7	lui	x13,0x2556c	 x13=0x2556c000
        1675000	       166	8000014c	00545a13	srli	x20,x8,0x5	  x8:0x0000000a x20=0x00000000
        1685000	       167	80000150	ffc40413	addi	x8,x8,-4	  x8:0x0000000a  x8=0x00000006
        1695000	       168	80000154	feb47ae3	bgeu	x8,x11,80000148	  x8:0x00000006 x11:0x00000005
        1705000	       169	00000000	00000013	addi	x0,x0,0	  x0:0x00000000
        1715000	       170	80000144	00000013	addi	x0,x0,0	  x0:0x00000000
        1725000	       171	80000148	2556c6b7	lui	x13,0x2556c	 x13=0x2556c000
        1735000	       172	8000014c	00545a13	srli	x20,x8,0x5	  x8:0x00000006 x20=0x00000000
        1745000	       173	80000150	ffc40413	addi	x8,x8,-4	  x8:0x00000006  x8=0x00000002
        1755000	       174	80000154	feb47ae3	bgeu	x8,x11,80000148	  x8:0x00000002 x11:0x00000005
        1765000	       175	80000158	0164ab33	slt	x22,x9,x22	  x9:0x80009fc4 x22:0x00000001 x22=0x00000001
        1775000	       176	8000015c	013d5d13	srli	x26,x26,0x13	 x26:0x00000000 x26=0x00000000
        1785000	       177	80000160	01411233	sll	x4,x2,x20	  x2:0x80000000 x20:0x00000000  x4=0x80000000
        1795000	       178	80000164	7fe0ea17	auipc	x20,0x7fe0e	 x20=0xffe0e160
        1805000	       179	80000168	fdbc40e3	blt	x24,x27,80000128	 x24:0x00000007 x27:0x00000007
        1815000	       180	8000016c	04e3e613	ori	x12,x7,78	  x7:0x108c691f x12=0x108c695f
        1825000	       181	80000170	fff00213	addi	x4,x0,-1	  x0:0x00000000  x4=0xffffffff
        1835000	       182	80000174	d9f50513	addi	x10,x10,-609	 x10:0x80000000 x10=0x7ffffd9f
        1845000	       183	80000178	002aa7b3	slt	x15,x21,x2	 x21:0xf7b321b1  x2:0x80000000 x15=0x00000000
        1855000	       184	8000017c	00cbe433	or	x8,x23,x12	 x23:0x80000000 x12:0x108c695f  x8=0x908c695f
        1865000	       185	80000180	027f3193	sltiu	x3,x30,39	 x30:0x0000000d  x3=0x00000001
        1875000	       186	80000184	1f436b93	ori	x23,x6,500	  x6:0x80009f84 x23=0x80009ff4
        1885000	       187	80000188	3844b993	sltiu	x19,x9,900	  x9:0x80009fc4 x19=0x00000000
        1895000	       188	8000018c	012d3033	sltu	x0,x26,x18	 x26:0x00000000 x18:0x00000000
        1905000	       189	80000190	00000013	addi	x0,x0,0	  x0:0x00000000
        1915000	       190	80000194	a66aaa17	auipc	x20,0xa66aa	 x20=0x266aa190
        1925000	       191	80000198	ff700113	addi	x2,x0,-9	  x0:0x00000000  x2=0xfffffff7
        1935000	       192	8000019c	8ac52b97	auipc	x23,0x8ac52	 x23=0x0ac52198
        1945000	       193	800001a0	ff820213	addi	x4,x4,-8	  x4:0xffffffff  x4=0xfffffff7
        1955000	       194	800001a4	00f24db3	xor	x27,x4,x15	  x4:0xfffffff7 x15:0x00000000 x27=0xfffffff7
        1965000	       195	800001a8	f3980d13	addi	x26,x16,-199	 x16:0x00000004 x26=0xffffff3d
        1975000	       196	800001ac	00fb4d33	xor	x26,x22,x15	 x22:0x00000001 x15:0x00000000 x26=0x00000001
        1985000	       197	800001b0	fcf66993	ori	x19,x12,-49	 x12:0x108c695f x19=0xffffffdf
        1995000	       198	800001b4	52fe7093	andi	x1,x28,1327	 x28:0xce857127  x1=0x00000127
        2005000	       199	800001b8	40eed893	srai	x17,x29,0xe	 x29:0xe5830000 x17=0xffff960c
        2015000	       200	800001bc	b25ae197	auipc	x3,0xb25ae	  x3=0x325ae1b8
        2025000	       201	800001c0	fc220ee3	beq	x4,x2,8000019c	  x4:0xfffffff7  x2:0xfffffff7
        2035000	       202	00000000	00000013	addi	x0,x0,0	  x0:0x00000000
        2045000	       203	80000198	00000013	addi	x0,x0,0	  x0:0x00000000
        2055000	       204	8000019c	8ac52b97	auipc	x23,0x8ac52	 x23=0x0ac52198
        2065000	       205	800001a0	ff820213	addi	x4,x4,-8	  x4:0xfffffff7  x4=0xffffffef
        2075000	       206	800001a4	00f24db3	xor	x27,x4,x15	  x4:0xffffffef x15:0x00000000 x27=0xffffffef
        2085000	       207	800001a8	f3980d13	addi	x26,x16,-199	 x16:0x00000004 x26=0xffffff3d
        2095000	       208	800001ac	00fb4d33	xor	x26,x22,x15	 x22:0x00000001 x15:0x00000000 x26=0x00000001
        2105000	       209	800001b0	fcf66993	ori	x19,x12,-49	 x12:0x108c695f x19=0xffffffdf
        2115000	       210	800001b4	52fe7093	andi	x1,x28,1327	 x28:0xce857127  x1=0x00000127
        2125000	       211	800001b8	40eed893	srai	x17,x29,0xe	 x29:0xe5830000 x17=0xffff960c
        2135000	       212	800001bc	b25ae197	auipc	x3,0xb25ae	  x3=0x325ae1b8
        2145000	       213	800001c0	fc220ee3	beq	x4,x2,8000019c	  x4:0xffffffef  x2:0xfffffff7
        2155000	       214	800001c4	31322b93	slti	x23,x4,787	  x4:0xffffffef x23=0x00000001
        2165000	       215	800001c8	00900f13	addi	x30,x0,9	  x0:0x00000000 x30=0x00000009
        2175000	       216	800001cc	01edb2b3	sltu	x5,x27,x30	 x27:0xffffffef x30:0x00000009  x5=0x00000000
        2185000	       217	800001d0	417582b3	sub	x5,x11,x23	 x11:0x00000005 x23:0x00000001  x5=0x00000004
        2195000	       218	800001d4	01000393	addi	x7,x0,16	  x0:0x00000000  x7=0x00000010
        2205000	       219	800001d8	41710d33	sub	x26,x2,x23	  x2:0xfffffff7 x23:0x00000001 x26=0xfffffff6
        2215000	       220	800001dc	00623433	sltu	x8,x4,x6	  x4:0xffffffef  x6:0x80009f84  x8=0x00000000
        2225000	       221	800001e0	76b51597	auipc	x11,0x76b51	 x11=0xf6b511dc
        2235000	       222	800001e4	f5a93a17	auipc	x20,0xf5a93	 x20=0x75a931e0
        2245000	       223	800001e8	028fa013	slti	x0,x31,40	 x31:0xf08cbd64
        2255000	       224	800001ec	405fd413	srai	x8,x31,0x5	 x31:0xf08cbd64  x8=0xff8465eb
        2265000	       225	800001f0	c10dfa13	andi	x20,x27,-1008	 x27:0xffffffef x20=0xfffffc00
        2275000	       226	800001f4	0046c033	xor	x0,x13,x4	 x13:0x2556c000  x4:0xffffffef
        2285000	       227	800001f8	00d39933	sll	x18,x7,x13	  x7:0x00000010 x13:0x2556c000 x18=0x00000010
        2295000	       228	800001fc	09c58813	addi	x16,x11,156	 x11:0xf6b511dc x16=0xf6b51278
        2305000	       229	80000200	3eb32117	auipc	x2,0x3eb32	  x2=0xbeb321fc
        2315000	       230	80000204	01843533	sltu	x10,x8,x24	  x8:0xff8465eb x24:0x00000007 x10=0x00000000
        2325000	       231	80000208	1fd72813	slti	x16,x14,509	 x14:0x00000014 x16=0x00000001
        2335000	       232	8000020c	00ba77b3	and	x15,x20,x11	 x20:0xfffffc00 x11:0xf6b511dc x15=0xf6b51000
        2345000	       233	80000210	00000013	addi	x0,x0,0	  x0:0x00000000
        2355000	       234	80000214	001f0f13	addi	x30,x30,1	 x30:0x00000009 x30=0x0000000a
        2365000	       235	80000218	41cfd833	sra	x16,x31,x28	 x31:0xf08cbd64 x28:0xce857127 x16=0xffe1197a
        2375000	       236	8000021c	c96b2293	slti	x5,x22,-874	 x22:0x00000001  x5=0x00000000
        2385000	       237	80000220	fc7f4ae3	blt	x30,x7,800001f4	 x30:0x0000000a  x7:0x00000010
        2395000	       238	00000000	00000013	addi	x0,x0,0	  x0:0x00000000
        2405000	       239	800001f0	00000013	addi	x0,x0,0	  x0:0x00000000
        2415000	       240	800001f4	0046c033	xor	x0,x13,x4	 x13:0x2556c000  x4:0xffffffef
        2425000	       241	800001f8	00d39933	sll	x18,x7,x13	  x7:0x00000010 x13:0x2556c000 x18=0x00000010
        2435000	       242	800001fc	09c58813	addi	x16,x11,156	 x11:0xf6b511dc x16=0xf6b51278
        2445000	       243	80000200	3eb32117	auipc	x2,0x3eb32	  x2=0xbeb321fc
        2455000	       244	80000204	01843533	sltu	x10,x8,x24	  x8:0xff8465eb x24:0x00000007 x10=0x00000000
        2465000	       245	80000208	1fd72813	slti	x16,x14,509	 x14:0x00000014 x16=0x00000001
        2475000	       246	8000020c	00ba77b3	and	x15,x20,x11	 x20:0xfffffc00 x11:0xf6b511dc x15=0xf6b51000
        2485000	       247	80000210	00000013	addi	x0,x0,0	  x0:0x00000000
        2495000	       248	80000214	001f0f13	addi	x30,x30,1	 x30:0x0000000a x30=0x0000000b
        2505000	       249	80000218	41cfd833	sra	x16,x31,x28	 x31:0xf08cbd64 x28:0xce857127 x16=0xffe1197a
        2515000	       250	8000021c	c96b2293	slti	x5,x22,-874	 x22:0x00000001  x5=0x00000000
        2525000	       251	80000220	fc7f4ae3	blt	x30,x7,800001f4	 x30:0x0000000b  x7:0x00000010
        2535000	       252	00000000	00000013	addi	x0,x0,0	  x0:0x00000000
        2545000	       253	800001f0	00000013	addi	x0,x0,0	  x0:0x00000000
        2555000	       254	800001f4	0046c033	xor	x0,x13,x4	 x13:0x2556c000  x4:0xffffffef
        2565000	       255	800001f8	00d39933	sll	x18,x7,x13	  x7:0x00000010 x13:0x2556c000 x18=0x00000010
        2575000	       256	800001fc	09c58813	addi	x16,x11,156	 x11:0xf6b511dc x16=0xf6b51278
        2585000	       257	80000200	3eb32117	auipc	x2,0x3eb32	  x2=0xbeb321fc
        2595000	       258	80000204	01843533	sltu	x10,x8,x24	  x8:0xff8465eb x24:0x00000007 x10=0x00000000
        2605000	       259	80000208	1fd72813	slti	x16,x14,509	 x14:0x00000014 x16=0x00000001
        2615000	       260	8000020c	00ba77b3	and	x15,x20,x11	 x20:0xfffffc00 x11:0xf6b511dc x15=0xf6b51000
        2625000	       261	80000210	00000013	addi	x0,x0,0	  x0:0x00000000
        2635000	       262	80000214	001f0f13	addi	x30,x30,1	 x30:0x0000000b x30=0x0000000c
        2645000	       263	80000218	41cfd833	sra	x16,x31,x28	 x31:0xf08cbd64 x28:0xce857127 x16=0xffe1197a
        2655000	       264	8000021c	c96b2293	slti	x5,x22,-874	 x22:0x00000001  x5=0x00000000
        2665000	       265	80000220	fc7f4ae3	blt	x30,x7,800001f4	 x30:0x0000000c  x7:0x00000010
        2675000	       266	00000000	00000013	addi	x0,x0,0	  x0:0x00000000
        2685000	       267	800001f0	00000013	addi	x0,x0,0	  x0:0x00000000
        2695000	       268	800001f4	0046c033	xor	x0,x13,x4	 x13:0x2556c000  x4:0xffffffef
        2705000	       269	800001f8	00d39933	sll	x18,x7,x13	  x7:0x00000010 x13:0x2556c000 x18=0x00000010
        2715000	       270	800001fc	09c58813	addi	x16,x11,156	 x11:0xf6b511dc x16=0xf6b51278
        2725000	       271	80000200	3eb32117	auipc	x2,0x3eb32	  x2=0xbeb321fc
        2735000	       272	80000204	01843533	sltu	x10,x8,x24	  x8:0xff8465eb x24:0x00000007 x10=0x00000000
        2745000	       273	80000208	1fd72813	slti	x16,x14,509	 x14:0x00000014 x16=0x00000001
        2755000	       274	8000020c	00ba77b3	and	x15,x20,x11	 x20:0xfffffc00 x11:0xf6b511dc x15=0xf6b51000
        2765000	       275	80000210	00000013	addi	x0,x0,0	  x0:0x00000000
        2775000	       276	80000214	001f0f13	addi	x30,x30,1	 x30:0x0000000c x30=0x0000000d
        2785000	       277	80000218	41cfd833	sra	x16,x31,x28	 x31:0xf08cbd64 x28:0xce857127 x16=0xffe1197a
        2795000	       278	8000021c	c96b2293	slti	x5,x22,-874	 x22:0x00000001  x5=0x00000000
        2805000	       279	80000220	fc7f4ae3	blt	x30,x7,800001f4	 x30:0x0000000d  x7:0x00000010
        2815000	       280	00000000	00000013	addi	x0,x0,0	  x0:0x00000000
        2825000	       281	800001f0	00000013	addi	x0,x0,0	  x0:0x00000000
        2835000	       282	800001f4	0046c033	xor	x0,x13,x4	 x13:0x2556c000  x4:0xffffffef
        2845000	       283	800001f8	00d39933	sll	x18,x7,x13	  x7:0x00000010 x13:0x2556c000 x18=0x00000010
        2855000	       284	800001fc	09c58813	addi	x16,x11,156	 x11:0xf6b511dc x16=0xf6b51278
        2865000	       285	80000200	3eb32117	auipc	x2,0x3eb32	  x2=0xbeb321fc
        2875000	       286	80000204	01843533	sltu	x10,x8,x24	  x8:0xff8465eb x24:0x00000007 x10=0x00000000
        2885000	       287	80000208	1fd72813	slti	x16,x14,509	 x14:0x00000014 x16=0x00000001
        2895000	       288	8000020c	00ba77b3	and	x15,x20,x11	 x20:0xfffffc00 x11:0xf6b511dc x15=0xf6b51000
        2905000	       289	80000210	00000013	addi	x0,x0,0	  x0:0x00000000
        2915000	       290	80000214	001f0f13	addi	x30,x30,1	 x30:0x0000000d x30=0x0000000e
        2925000	       291	80000218	41cfd833	sra	x16,x31,x28	 x31:0xf08cbd64 x28:0xce857127 x16=0xffe1197a
        2935000	       292	8000021c	c96b2293	slti	x5,x22,-874	 x22:0x00000001  x5=0x00000000
        2945000	       293	80000220	fc7f4ae3	blt	x30,x7,800001f4	 x30:0x0000000e  x7:0x00000010
        2955000	       294	00000000	00000013	addi	x0,x0,0	  x0:0x00000000
        2965000	       295	800001f0	00000013	addi	x0,x0,0	  x0:0x00000000
        2975000	       296	800001f4	0046c033	xor	x0,x13,x4	 x13:0x2556c000  x4:0xffffffef
        2985000	       297	800001f8	00d39933	sll	x18,x7,x13	  x7:0x00000010 x13:0x2556c000 x18=0x00000010
        2995000	       298	800001fc	09c58813	addi	x16,x11,156	 x11:0xf6b511dc x16=0xf6b51278
        3005000	       299	80000200	3eb32117	auipc	x2,0x3eb32	  x2=0xbeb321fc
        3015000	       300	80000204	01843533	sltu	x10,x8,x24	  x8:0xff8465eb x24:0x00000007 x10=0x00000000
        3025000	       301	80000208	1fd72813	slti	x16,x14,509	 x14:0x00000014 x16=0x00000001
        3035000	       302	8000020c	00ba77b3	and	x15,x20,x11	 x20:0xfffffc00 x11:0xf6b511dc x15=0xf6b51000
        3045000	       303	80000210	00000013	addi	x0,x0,0	  x0:0x00000000
        3055000	       304	80000214	001f0f13	addi	x30,x30,1	 x30:0x0000000e x30=0x0000000f
        3065000	       305	80000218	41cfd833	sra	x16,x31,x28	 x31:0xf08cbd64 x28:0xce857127 x16=0xffe1197a
        3075000	       306	8000021c	c96b2293	slti	x5,x22,-874	 x22:0x00000001  x5=0x00000000
        3085000	       307	80000220	fc7f4ae3	blt	x30,x7,800001f4	 x30:0x0000000f  x7:0x00000010
        3095000	       308	00000000	00000013	addi	x0,x0,0	  x0:0x00000000
        3105000	       309	800001f0	00000013	addi	x0,x0,0	  x0:0x00000000
        3115000	       310	800001f4	0046c033	xor	x0,x13,x4	 x13:0x2556c000  x4:0xffffffef
        3125000	       311	800001f8	00d39933	sll	x18,x7,x13	  x7:0x00000010 x13:0x2556c000 x18=0x00000010
        3135000	       312	800001fc	09c58813	addi	x16,x11,156	 x11:0xf6b511dc x16=0xf6b51278
        3145000	       313	80000200	3eb32117	auipc	x2,0x3eb32	  x2=0xbeb321fc
        3155000	       314	80000204	01843533	sltu	x10,x8,x24	  x8:0xff8465eb x24:0x00000007 x10=0x00000000
        3165000	       315	80000208	1fd72813	slti	x16,x14,509	 x14:0x00000014 x16=0x00000001
        3175000	       316	8000020c	00ba77b3	and	x15,x20,x11	 x20:0xfffffc00 x11:0xf6b511dc x15=0xf6b51000
        3185000	       317	80000210	00000013	addi	x0,x0,0	  x0:0x00000000
        3195000	       318	80000214	001f0f13	addi	x30,x30,1	 x30:0x0000000f x30=0x00000010
        3205000	       319	80000218	41cfd833	sra	x16,x31,x28	 x31:0xf08cbd64 x28:0xce857127 x16=0xffe1197a
        3215000	       320	8000021c	c96b2293	slti	x5,x22,-874	 x22:0x00000001  x5=0x00000000
        3225000	       321	80000220	fc7f4ae3	blt	x30,x7,800001f4	 x30:0x00000010  x7:0x00000010
        3235000	       322	80000224	4f93cb13	xori	x22,x7,1273	  x7:0x00000010 x22=0x000004e9
        3245000	       323	80000228	00700c93	addi	x25,x0,7	  x0:0x00000000 x25=0x00000007
        3255000	       324	8000022c	2425aa13	slti	x20,x11,578	 x11:0xf6b511dc x20=0x00000001
        3265000	       325	80000230	01c1b8b3	sltu	x17,x3,x28	  x3:0x325ae1b8 x28:0xce857127 x17=0x00000001
        3275000	       326	80000234	40b3d0b3	sra	x1,x7,x11	  x7:0x00000010 x11:0xf6b511dc  x1=0x00000000
        3285000	       327	80000238	00df8ab3	add	x21,x31,x13	 x31:0xf08cbd64 x13:0x2556c000 x21=0x15e37d64
        3295000	       328	8000023c	1d854393	xori	x7,x10,472	 x10:0x00000000  x7=0x000001d8
        3305000	       329	80000240	0012c733	xor	x14,x5,x1	  x5:0x00000000  x1:0x00000000 x14=0x00000000
        3315000	       330	80000244	00db2933	slt	x18,x22,x13	 x22:0x000004e9 x13:0x2556c000 x18=0x00000001
        3325000	       331	80000248	ff500e93	addi	x29,x0,-11	  x0:0x00000000 x29=0xfffffff5
        3335000	       332	8000024c	0181a7b3	slt	x15,x3,x24	  x3:0x325ae1b8 x24:0x00000007 x15=0x00000000
        3345000	       333	80000250	21580f13	addi	x30,x16,533	 x16:0xffe1197a x30=0xffe11b8f
        3355000	       334	80000254	0187bbb3	sltu	x23,x15,x24	 x15:0x00000000 x24:0x00000007 x23=0x00000001
        3365000	       335	80000258	0051c6b3	xor	x13,x3,x5	  x3:0x325ae1b8  x5:0x00000000 x13=0x325ae1b8
        3375000	       336	8000025c	6710a513	slti	x10,x1,1649	  x1:0x00000000 x10=0x00000001
        3385000	       337	80000260	3b836893	ori	x17,x6,952	  x6:0x80009f84 x17=0x80009fbc
        3395000	       338	80000264	5c138213	addi	x4,x7,1473	  x7:0x000001d8  x4=0x00000799
        3405000	       339	80000268	013975b3	and	x11,x18,x19	 x18:0x00000001 x19:0xffffffdf x11=0x00000001
        3415000	       340	8000026c	ff7c8c93	addi	x25,x25,-9	 x25:0x00000007 x25=0xfffffffe
        3425000	       341	80000270	00497d33	and	x26,x18,x4	 x18:0x00000001  x4:0x00000799 x26=0x00000001
        3435000	       342	80000274	015fc433	xor	x8,x31,x21	 x31:0xf08cbd64 x21:0x15e37d64  x8=0xe56fc000
        3445000	       343	80000278	014399b3	sll	x19,x7,x20	  x7:0x000001d8 x20:0x00000001 x19=0x000003b0
        3455000	       344	8000027c	00046633	or	x12,x8,x0	  x8:0xe56fc000  x0:0x00000000 x12=0xe56fc000
        3465000	       345	80000280	00000013	addi	x0,x0,0	  x0:0x00000000
        3475000	       346	80000284	fddc9ae3	bne	x25,x29,80000258	 x25:0xfffffffe x29:0xfffffff5
        3485000	       347	00000000	00000013	addi	x0,x0,0	  x0:0x00000000
        3495000	       348	80000254	00000013	addi	x0,x0,0	  x0:0x00000000
        3505000	       349	80000258	0051c6b3	xor	x13,x3,x5	  x3:0x325ae1b8  x5:0x00000000 x13=0x325ae1b8
        3515000	       350	8000025c	6710a513	slti	x10,x1,1649	  x1:0x00000000 x10=0x00000001
        3525000	       351	80000260	3b836893	ori	x17,x6,952	  x6:0x80009f84 x17=0x80009fbc
        3535000	       352	80000264	5c138213	addi	x4,x7,1473	  x7:0x000001d8  x4=0x00000799
        3545000	       353	80000268	013975b3	and	x11,x18,x19	 x18:0x00000001 x19:0x000003b0 x11=0x00000000
        3555000	       354	8000026c	ff7c8c93	addi	x25,x25,-9	 x25:0xfffffffe x25=0xfffffff5
        3565000	       355	80000270	00497d33	and	x26,x18,x4	 x18:0x00000001  x4:0x00000799 x26=0x00000001
        3575000	       356	80000274	015fc433	xor	x8,x31,x21	 x31:0xf08cbd64 x21:0x15e37d64  x8=0xe56fc000
        3585000	       357	80000278	014399b3	sll	x19,x7,x20	  x7:0x000001d8 x20:0x00000001 x19=0x000003b0
        3595000	       358	8000027c	00046633	or	x12,x8,x0	  x8:0xe56fc000  x0:0x00000000 x12=0xe56fc000
        3605000	       359	80000280	00000013	addi	x0,x0,0	  x0:0x00000000
        3615000	       360	80000284	fddc9ae3	bne	x25,x29,80000258	 x25:0xfffffff5 x29:0xfffffff5
        3625000	       361	80000288	01521893	slli	x17,x4,0x15	  x4:0x00000799 x17=0xf3200000
        3635000	       362	8000028c	00900d93	addi	x27,x0,9	  x0:0x00000000 x27=0x00000009
        3645000	       363	80000290	01486933	or	x18,x16,x20	 x16:0xffe1197a x20:0x00000001 x18=0xffe1197b
        3655000	       364	80000294	90458a97	auipc	x21,0x90458	 x21=0x10458290
        3665000	       365	80000298	4455b993	sltiu	x19,x11,1093	 x11:0x00000000 x19=0x00000001
        3675000	       366	8000029c	00de5913	srli	x18,x28,0xd	 x28:0xce857127 x18=0x0006742b
        3685000	       367	800002a0	01e579b3	and	x19,x10,x30	 x10:0x00000001 x30:0xffe11b8f x19=0x00000001
        3695000	       368	800002a4	01262233	slt	x4,x12,x18	 x12:0xe56fc000 x18:0x0006742b  x4=0x00000001
        3705000	       369	800002a8	45390b13	addi	x22,x18,1107	 x18:0x0006742b x22=0x0006787e
        3715000	       370	800002ac	96ffc013	xori	x0,x31,-1681	 x31:0xf08cbd64
        3725000	       371	800002b0	f7baa713	slti	x14,x21,-133	 x21:0x10458290 x14=0x00000000
        3735000	       372	800002b4	0002f6b3	and	x13,x5,x0	  x5:0x00000000  x0:0x00000000 x13=0x00000000
        3745000	       373	800002b8	41008933	sub	x18,x1,x16	  x1:0x00000000 x16:0xffe1197a x18=0x001ee686
        3755000	       374	800002bc	0b03f137	lui	x2,0xb03f	  x2=0x0b03f000
        3765000	       375	800002c0	5a855697	auipc	x13,0x5a855	 x13=0xda8552bc
        3775000	       376	800002c4	0008eab3	or	x21,x17,x0	 x17:0xf3200000  x0:0x00000000 x21=0xf3200000
        3785000	       377	800002c8	00900093	addi	x1,x0,9	  x0:0x00000000  x1=0x00000009
        3795000	       378	800002cc	40a98d33	sub	x26,x19,x10	 x19:0x00000001 x10:0x00000001 x26=0x00000000
        3805000	       379	800002d0	014c4133	xor	x2,x24,x20	 x24:0x00000007 x20:0x00000001  x2=0x00000006
        3815000	       380	800002d4	3707a413	slti	x8,x15,880	 x15:0x00000000  x8=0x00000001
        3825000	       381	800002d8	ff8d8d93	addi	x27,x27,-8	 x27:0x00000009 x27=0x00000001
        3835000	       382	800002dc	1655d737	lui	x14,0x1655d	 x14=0x1655d000
        3845000	       383	800002e0	018a37b3	sltu	x15,x20,x24	 x20:0x00000001 x24:0x00000007 x15=0x00000001
        3855000	       384	800002e4	0100ac33	slt	x24,x1,x16	  x1:0x00000009 x16:0xffe1197a x24=0x00000000
        3865000	       385	800002e8	41d15193	srai	x3,x2,0x1d	  x2:0x00000006  x3=0x00000000
        3875000	       386	800002ec	fe1df2e3	bgeu	x27,x1,800002d0	 x27:0x00000001  x1:0x00000009
        3885000	       387	800002f0	00d91293	slli	x5,x18,0xd	 x18:0x001ee686  x5=0xdcd0c000
        3895000	       388	800002f4	00500b93	addi	x23,x0,5	  x0:0x00000000 x23=0x00000005
        3905000	       389	800002f8	32ba7413	andi	x8,x20,811	 x20:0x00000001  x8=0x00000001
        3915000	       390	800002fc	b6226193	ori	x3,x4,-1182	  x4:0x00000001  x3=0xfffffb63
        3925000	       391	80000300	00f00593	addi	x11,x0,15	  x0:0x00000000 x11=0x0000000f
        3935000	       392	80000304	72354d93	xori	x27,x10,1827	 x10:0x00000001 x27=0x00000722
        3945000	       393	80000308	40dd0b33	sub	x22,x26,x13	 x26:0x00000000 x13:0xda8552bc x22=0x257aad44
        3955000	       394	8000030c	005b8b93	addi	x23,x23,5	 x23:0x00000005 x23=0x0000000a
        3965000	       395	80000310	febb9ce3	bne	x23,x11,80000308	 x23:0x0000000a x11:0x0000000f
        3975000	       396	00000000	00000013	addi	x0,x0,0	  x0:0x00000000
        3985000	       397	80000304	00000013	addi	x0,x0,0	  x0:0x00000000
        3995000	       398	80000308	40dd0b33	sub	x22,x26,x13	 x26:0x00000000 x13:0xda8552bc x22=0x257aad44
        4005000	       399	8000030c	005b8b93	addi	x23,x23,5	 x23:0x0000000a x23=0x0000000f
        4015000	       400	80000310	febb9ce3	bne	x23,x11,80000308	 x23:0x0000000f x11:0x0000000f
        4025000	       401	80000314	44892b37	lui	x22,0x44892	 x22=0x44892000
        4035000	       402	80000318	ffe00093	addi	x1,x0,-2	  x0:0x00000000  x1=0xfffffffe
        4045000	       403	8000031c	a1a1bb93	sltiu	x23,x3,-1510	  x3:0xfffffb63 x23=0x00000000
        4055000	       404	80000320	91432293	slti	x5,x6,-1772	  x6:0x80009f84  x5=0x00000001
        4065000	       405	80000324	018bda13	srli	x20,x23,0x18	 x23:0x00000000 x20=0x00000000
        4075000	       406	80000328	01440233	add	x4,x8,x20	  x8:0x00000001 x20:0x00000000  x4=0x00000001
        4085000	       407	8000032c	ff200693	addi	x13,x0,-14	  x0:0x00000000 x13=0xfffffff2
        4095000	       408	80000330	019f7b33	and	x22,x30,x25	 x30:0xffe11b8f x25:0xfffffff5 x22=0xffe11b85
        4105000	       409	80000334	df87b113	sltiu	x2,x15,-520	 x15:0x00000001  x2=0x00000001
        4115000	       410	80000338	b2930297	auipc	x5,0xb2930	  x5=0x32930334
        4125000	       411	8000033c	00000013	addi	x0,x0,0	  x0:0x00000000
        4135000	       412	80000340	00305193	srli	x3,x0,0x3	  x0:0x00000000  x3=0x00000000
        4145000	       413	80000344	ffc08093	addi	x1,x1,-4	  x1:0xfffffffe  x1=0xfffffffa
        4155000	       414	80000348	4193deb3	sra	x29,x7,x25	  x7:0x000001d8 x25:0xfffffff5 x29=0x00000000
        4165000	       415	8000034c	f0fbaa37	lui	x20,0xf0fba	 x20=0xf0fba000
        4175000	       416	80000350	00306833	or	x16,x0,x3	  x0:0x00000000  x3:0x00000000 x16=0x00000000
        4185000	       417	80000354	01ffebb3	or	x23,x31,x31	 x31:0xf08cbd64 x31:0xf08cbd64 x23=0xf08cbd64
        4195000	       418	80000358	07618213	addi	x4,x3,118	  x3:0x00000000  x4=0x00000076
        4205000	       419	8000035c	0009c133	xor	x2,x19,x0	 x19:0x00000001  x0:0x00000000  x2=0x00000001
        4215000	       420	80000360	fcd08ee3	beq	x1,x13,8000033c	  x1:0xfffffffa x13:0xfffffff2
        4225000	       421	80000364	3baacd93	xori	x27,x21,954	 x21:0xf3200000 x27=0xf32003ba
        4235000	       422	80000368	00600813	addi	x16,x0,6	  x0:0x00000000 x16=0x00000006
        4245000	       423	8000036c	86ca2693	slti	x13,x20,-1940	 x20:0xf0fba000 x13=0x00000001
        4255000	       424	80000370	00e6c9b3	xor	x19,x13,x14	 x13:0x00000001 x14:0x1655d000 x19=0x1655d001
        4265000	       425	80000374	013b05b3	add	x11,x22,x19	 x22:0xffe11b85 x19:0x1655d001 x11=0x1636eb86
        4275000	       426	80000378	002c1233	sll	x4,x24,x2	 x24:0x00000000  x2:0x00000001  x4=0x00000000
        4285000	       427	8000037c	403185b3	sub	x11,x3,x3	  x3:0x00000000  x3:0x00000000 x11=0x00000000
        4295000	       428	80000380	37798593	addi	x11,x19,887	 x19:0x1655d001 x11=0x1655d378
        4305000	       429	80000384	fb4fc597	auipc	x11,0xfb4fc	 x11=0x7b4fc380
        4315000	       430	80000388	00d0fb33	and	x22,x1,x13	  x1:0xfffffffa x13:0x00000001 x22=0x00000000
        4325000	       431	8000038c	40c7df93	srai	x31,x15,0xc	 x15:0x00000001 x31=0x00000000
        4335000	       432	80000390	537d6293	ori	x5,x26,1335	 x26:0x00000000  x5=0x00000537
        4345000	       433	80000394	01d55a93	srli	x21,x10,0x1d	 x10:0x00000001 x21=0x00000000
        4355000	       434	80000398	ffe00b93	addi	x23,x0,-2	  x0:0x00000000 x23=0xfffffffe
        4365000	       435	8000039c	01fb52b3	srl	x5,x22,x31	 x22:0x00000000 x31:0x00000000  x5=0x00000000
        4375000	       436	800003a0	408585b3	sub	x11,x11,x8	 x11:0x7b4fc380  x8:0x00000001 x11=0x7b4fc37f
        4385000	       437	800003a4	007bff33	and	x30,x23,x7	 x23:0xfffffffe  x7:0x000001d8 x30=0x000001d8
        4395000	       438	800003a8	00dd9893	slli	x17,x27,0xd	 x27:0xf32003ba x17=0x00774000
        4405000	       439	800003ac	ff880813	addi	x16,x16,-8	 x16:0x00000006 x16=0xfffffffe
        4415000	       440	800003b0	eef9ac37	lui	x24,0xeef9a	 x24=0xeef9a000
        4425000	       441	800003b4	cde38a37	lui	x20,0xcde38	 x20=0xcde38000
        4435000	       442	800003b8	96b02793	slti	x15,x0,-1685	  x0:0x00000000 x15=0x00000000
        4445000	       443	800003bc	97977593	andi	x11,x14,-1671	 x14:0x1655d000 x11=0x1655d000
        4455000	       444	800003c0	00000013	addi	x0,x0,0	  x0:0x00000000
        4465000	       445	800003c4	db0d4c93	xori	x25,x26,-592	 x26:0x00000000 x25=0xfffffdb0
        4475000	       446	800003c8	fd780ee3	beq	x16,x23,800003a4	 x16:0xfffffffe x23:0xfffffffe
        4485000	       447	00000000	00000013	addi	x0,x0,0	  x0:0x00000000
        4495000	       448	800003a0	00000013	addi	x0,x0,0	  x0:0x00000000
        4505000	       449	800003a4	007bff33	and	x30,x23,x7	 x23:0xfffffffe  x7:0x000001d8 x30=0x000001d8
        4515000	       450	800003a8	00dd9893	slli	x17,x27,0xd	 x27:0xf32003ba x17=0x00774000
        4525000	       451	800003ac	ff880813	addi	x16,x16,-8	 x16:0xfffffffe x16=0xfffffff6
        4535000	       452	800003b0	eef9ac37	lui	x24,0xeef9a	 x24=0xeef9a000
        4545000	       453	800003b4	cde38a37	lui	x20,0xcde38	 x20=0xcde38000
        4555000	       454	800003b8	96b02793	slti	x15,x0,-1685	  x0:0x00000000 x15=0x00000000
        4565000	       455	800003bc	97977593	andi	x11,x14,-1671	 x14:0x1655d000 x11=0x1655d000
        4575000	       456	800003c0	00000013	addi	x0,x0,0	  x0:0x00000000
        4585000	       457	800003c4	db0d4c93	xori	x25,x26,-592	 x26:0x00000000 x25=0xfffffdb0
        4595000	       458	800003c8	fd780ee3	beq	x16,x23,800003a4	 x16:0xfffffff6 x23:0xfffffffe
        4605000	       459	800003cc	7b04bd93	sltiu	x27,x9,1968	  x9:0x80009fc4 x27=0x00000000
        4615000	       460	800003d0	00800093	addi	x1,x0,8	  x0:0x00000000  x1=0x00000008
        4625000	       461	800003d4	003009b3	add	x19,x0,x3	  x0:0x00000000  x3:0x00000000 x19=0x00000000
        4635000	       462	800003d8	007ad593	srli	x11,x21,0x7	 x21:0x00000000 x11=0x00000000
        4645000	       463	800003dc	00c55d93	srli	x27,x10,0xc	 x10:0x00000001 x27=0x00000000
        4655000	       464	800003e0	35ba4393	xori	x7,x20,859	 x20:0xcde38000  x7=0xcde3835b
        4665000	       465	800003e4	0141fa33	and	x20,x3,x20	  x3:0x00000000 x20:0xcde38000 x20=0x00000000
        4675000	       466	800003e8	40e80f33	sub	x30,x16,x14	 x16:0xfffffff6 x14:0x1655d000 x30=0xe9aa2ff6
        4685000	       467	800003ec	406cd933	sra	x18,x25,x6	 x25:0xfffffdb0  x6:0x80009f84 x18=0xffffffdb
        4695000	       468	800003f0	00800c13	addi	x24,x0,8	  x0:0x00000000 x24=0x00000008
        4705000	       469	800003f4	35145737	lui	x14,0x35145	 x14=0x35145000
        4715000	       470	800003f8	00000013	addi	x0,x0,0	  x0:0x00000000
        4725000	       471	800003fc	01b69393	slli	x7,x13,0x1b	 x13:0x00000001  x7=0x08000000
        4735000	       472	80000400	ff908093	addi	x1,x1,-7	  x1:0x00000008  x1=0x00000001
        4745000	       473	80000404	2b822037	lui	x0,0x2b822	
        4755000	       474	80000408	00bed933	srl	x18,x29,x11	 x29:0x00000000 x11:0x00000000 x18=0x00000000
        4765000	       475	8000040c	ff80f6e3	bgeu	x1,x24,800003f8	  x1:0x00000001 x24:0x00000008
        4775000	       476	80000410	01e5cd33	xor	x26,x11,x30	 x11:0x00000000 x30:0xe9aa2ff6 x26=0xe9aa2ff6
        4785000	       477	80000414	00600993	addi	x19,x0,6	  x0:0x00000000 x19=0x00000006
        4795000	       478	80000418	00600f93	addi	x31,x0,6	  x0:0x00000000 x31=0x00000006
        4805000	       479	8000041c	40fb8cb3	sub	x25,x23,x15	 x23:0xfffffffe x15:0x00000000 x25=0xfffffffe
        4815000	       480	80000420	ffb98993	addi	x19,x19,-5	 x19:0x00000006 x19=0x00000001
        4825000	       481	80000424	ff900813	addi	x16,x0,-7	  x0:0x00000000 x16=0xfffffff9
        4835000	       482	80000428	00a00593	addi	x11,x0,10	  x0:0x00000000 x11=0x0000000a
        4845000	       483	8000042c	7ceb4c13	xori	x24,x22,1998	 x22:0x00000000 x24=0x000007ce
        4855000	       484	80000430	8b512cb7	lui	x25,0x8b512	 x25=0x8b512000
        4865000	       485	80000434	00680813	addi	x16,x16,6	 x16:0xfffffff9 x16=0xffffffff
        4875000	       486	80000438	feb86ce3	bltu	x16,x11,80000430	 x16:0xffffffff x11:0x0000000a
        4885000	       487	8000043c	fff9f0e3	bgeu	x19,x31,8000041c	 x19:0x00000001 x31:0x00000006
        4895000	       488	80000440	00000013	addi	x0,x0,0	  x0:0x00000000
        4905000	       489	80000444	ffd00413	addi	x8,x0,-3	  x0:0x00000000  x8=0xfffffffd
        4915000	       490	80000448	0032d9b3	srl	x19,x5,x3	  x5:0x00000000  x3:0x00000000 x19=0x00000000
        4925000	       491	8000044c	ff100b13	addi	x22,x0,-15	  x0:0x00000000 x22=0xfffffff1
        4935000	       492	80000450	42953213	sltiu	x4,x10,1065	 x10:0x00000001  x4=0x00000001
        4945000	       493	80000454	41c55513	srai	x10,x10,0x1c	 x10:0x00000001 x10=0x00000000
        4955000	       494	80000458	015b4db3	xor	x27,x22,x21	 x22:0xfffffff1 x21:0x00000000 x27=0xfffffff1
        4965000	       495	8000045c	8b4f2b93	slti	x23,x30,-1868	 x30:0xe9aa2ff6 x23=0x00000001
        4975000	       496	80000460	69fe7f93	andi	x31,x28,1695	 x28:0xce857127 x31=0x00000007
        4985000	       497	80000464	eb654eb7	lui	x29,0xeb654	 x29=0xeb654000
        4995000	       498	80000468	00817833	and	x16,x2,x8	  x2:0x00000001  x8:0xfffffffd x16=0x00000001
        5005000	       499	8000046c	0066f133	and	x2,x13,x6	 x13:0x00000001  x6:0x80009f84  x2=0x00000000
        5015000	       500	80000470	d50aa713	slti	x14,x21,-688	 x21:0x00000000 x14=0x00000000
        5025000	       501	80000474	c8a82d37	lui	x26,0xc8a82	 x26=0xc8a82000
        5035000	       502	80000478	41d2d293	srai	x5,x5,0x1d	  x5:0x00000000  x5=0x00000000
        5045000	       503	8000047c	623a3113	sltiu	x2,x20,1571	 x20:0x00000000  x2=0x00000001
        5055000	       504	80000480	41f25233	sra	x4,x4,x31	  x4:0x00000001 x31:0x00000007  x4=0x00000000
        5065000	       505	80000484	01d875b3	and	x11,x16,x29	 x16:0x00000001 x29:0xeb654000 x11=0x00000000
        5075000	       506	80000488	ffe40413	addi	x8,x8,-2	  x8:0xfffffffd  x8=0xfffffffb
        5085000	       507	8000048c	00005d33	srl	x26,x0,x0	  x0:0x00000000  x0:0x00000000 x26=0x00000000
        5095000	       508	80000490	014e5f13	srli	x30,x28,0x14	 x28:0xce857127 x30=0x00000ce8
        5105000	       509	80000494	fd6406e3	beq	x8,x22,80000460	  x8:0xfffffffb x22:0xfffffff1
        5115000	       510	80000498	01201eb3	sll	x29,x0,x18	  x0:0x00000000 x18:0x00000000 x29=0x00000000
        5125000	       511	8000049c	ff700393	addi	x7,x0,-9	  x0:0x00000000  x7=0xfffffff7
        5135000	       512	800004a0	01ad5cb3	srl	x25,x26,x26	 x26:0x00000000 x26:0x00000000 x25=0x00000000
        5145000	       513	800004a4	40680fb3	sub	x31,x16,x6	 x16:0x00000001  x6:0x80009f84 x31=0x7fff607d
        5155000	       514	800004a8	fec00893	addi	x17,x0,-20	  x0:0x00000000 x17=0xffffffec
        5165000	       515	800004ac	2594c213	xori	x4,x9,601	  x9:0x80009fc4  x4=0x80009d9d
        5175000	       516	800004b0	01885593	srli	x11,x16,0x18	 x16:0x00000001 x11=0x00000000
        5185000	       517	800004b4	4671fa93	andi	x21,x3,1127	  x3:0x00000000 x21=0x00000000
        5195000	       518	800004b8	01a85b93	srli	x23,x16,0x1a	 x16:0x00000001 x23=0x00000000
        5205000	       519	800004bc	01a3dab3	srl	x21,x7,x26	  x7:0xfffffff7 x26:0x00000000 x21=0xfffffff7
        5215000	       520	800004c0	0139e7b3	or	x15,x19,x19	 x19:0x00000000 x19:0x00000000 x15=0x00000000
        5225000	       521	800004c4	016c5bb3	srl	x23,x24,x22	 x24:0x000007ce x22:0xfffffff1 x23=0x00000000
        5235000	       522	800004c8	077dcc93	xori	x25,x27,119	 x27:0xfffffff1 x25=0xffffff86
        5245000	       523	800004cc	003e4133	xor	x2,x28,x3	 x28:0xce857127  x3:0x00000000  x2=0xce857127
        5255000	       524	800004d0	aab83b93	sltiu	x23,x16,-1365	 x16:0x00000001 x23=0x00000001
        5265000	       525	800004d4	004027b3	slt	x15,x0,x4	  x0:0x00000000  x4:0x80009d9d x15=0x00000000
        5275000	       526	800004d8	ff838393	addi	x7,x7,-8	  x7:0xfffffff7  x7=0xffffffef
        5285000	       527	800004dc	011fecb3	or	x25,x31,x17	 x31:0x7fff607d x17:0xffffffec x25=0xfffffffd
        5295000	       528	800004e0	403cdd93	srai	x27,x25,0x3	 x25:0xfffffffd x27=0xffffffff
        5305000	       529	800004e4	07521217	auipc	x4,0x7521	  x4=0x875214e0
        5315000	       530	800004e8	111af613	andi	x12,x21,273	 x21:0xfffffff7 x12=0x00000111
        5325000	       531	800004ec	00000013	addi	x0,x0,0	  x0:0x00000000
        5335000	       532	800004f0	2f73f817	auipc	x16,0x2f73f	 x16=0xaf73f4ec
        5345000	       533	800004f4	40315933	sra	x18,x2,x3	  x2:0xce857127  x3:0x00000000 x18=0xce857127
        5355000	       534	800004f8	8d122913	slti	x18,x4,-1839	  x4:0x875214e0 x18=0x00000001
        5365000	       535	800004fc	006fbcb3	sltu	x25,x31,x6	 x31:0x7fff607d  x6:0x80009f84 x25=0x00000001
        5375000	       536	80000500	016e9d13	slli	x26,x29,0x16	 x29:0x00000000 x26=0x00000000
        5385000	       537	80000504	408d50b3	sra	x1,x26,x8	 x26:0x00000000  x8:0xfffffffb  x1=0x00000000
        5395000	       538	80000508	fb13d6e3	bge	x7,x17,800004b4	  x7:0xffffffef x17:0xffffffec
        5405000	       539	00000000	00000013	addi	x0,x0,0	  x0:0x00000000
        5415000	       540	800004b0	00000013	addi	x0,x0,0	  x0:0x00000000
        5425000	       541	800004b4	4671fa93	andi	x21,x3,1127	  x3:0x00000000 x21=0x00000000
        5435000	       542	800004b8	01a85b93	srli	x23,x16,0x1a	 x16:0xaf73f4ec x23=0x0000002b
        5445000	       543	800004bc	01a3dab3	srl	x21,x7,x26	  x7:0xffffffef x26:0x00000000 x21=0xffffffef
        5455000	       544	800004c0	0139e7b3	or	x15,x19,x19	 x19:0x00000000 x19:0x00000000 x15=0x00000000
        5465000	       545	800004c4	016c5bb3	srl	x23,x24,x22	 x24:0x000007ce x22:0xfffffff1 x23=0x00000000
        5475000	       546	800004c8	077dcc93	xori	x25,x27,119	 x27:0xffffffff x25=0xffffff88
        5485000	       547	800004cc	003e4133	xor	x2,x28,x3	 x28:0xce857127  x3:0x00000000  x2=0xce857127
        5495000	       548	800004d0	aab83b93	sltiu	x23,x16,-1365	 x16:0xaf73f4ec x23=0x00000001
        5505000	       549	800004d4	004027b3	slt	x15,x0,x4	  x0:0x00000000  x4:0x875214e0 x15=0x00000000
        5515000	       550	800004d8	ff838393	addi	x7,x7,-8	  x7:0xffffffef  x7=0xffffffe7
        5525000	       551	800004dc	011fecb3	or	x25,x31,x17	 x31:0x7fff607d x17:0xffffffec x25=0xfffffffd
        5535000	       552	800004e0	403cdd93	srai	x27,x25,0x3	 x25:0xfffffffd x27=0xffffffff
        5545000	       553	800004e4	07521217	auipc	x4,0x7521	  x4=0x875214e0
        5555000	       554	800004e8	111af613	andi	x12,x21,273	 x21:0xffffffef x12=0x00000101
        5565000	       555	800004ec	00000013	addi	x0,x0,0	  x0:0x00000000
        5575000	       556	800004f0	2f73f817	auipc	x16,0x2f73f	 x16=0xaf73f4ec
        5585000	       557	800004f4	40315933	sra	x18,x2,x3	  x2:0xce857127  x3:0x00000000 x18=0xce857127
        5595000	       558	800004f8	8d122913	slti	x18,x4,-1839	  x4:0x875214e0 x18=0x00000001
        5605000	       559	800004fc	006fbcb3	sltu	x25,x31,x6	 x31:0x7fff607d  x6:0x80009f84 x25=0x00000001
        5615000	       560	80000500	016e9d13	slli	x26,x29,0x16	 x29:0x00000000 x26=0x00000000
        5625000	       561	80000504	408d50b3	sra	x1,x26,x8	 x26:0x00000000  x8:0xfffffffb  x1=0x00000000
        5635000	       562	80000508	fb13d6e3	bge	x7,x17,800004b4	  x7:0xffffffe7 x17:0xffffffec
        5645000	       563	8000050c	00000013	addi	x0,x0,0	  x0:0x00000000
        5655000	       564	80000510	00a00713	addi	x14,x0,10	  x0:0x00000000 x14=0x0000000a
        5665000	       565	80000514	2458b613	sltiu	x12,x17,581	 x17:0xffffffec x12=0x00000000
        5675000	       566	80000518	01082233	slt	x4,x16,x16	 x16:0xaf73f4ec x16:0xaf73f4ec  x4=0x00000000
        5685000	       567	8000051c	01b9d1b3	srl	x3,x19,x27	 x19:0x00000000 x27:0xffffffff  x3=0x00000000
        5695000	       568	80000520	00a766b3	or	x13,x14,x10	 x14:0x0000000a x10:0x00000000 x13=0x0000000a
        5705000	       569	80000524	004ec2b3	xor	x5,x29,x4	 x29:0x00000000  x4:0x00000000  x5=0x00000000
        5715000	       570	80000528	2a9db6b7	lui	x13,0x2a9db	 x13=0x2a9db000
        5725000	       571	8000052c	00a670b3	and	x1,x12,x10	 x12:0x00000000 x10:0x00000000  x1=0x00000000
        5735000	       572	80000530	00d00993	addi	x19,x0,13	  x0:0x00000000 x19=0x0000000d
        5745000	       573	80000534	01a86cb3	or	x25,x16,x26	 x16:0xaf73f4ec x26:0x00000000 x25=0xaf73f4ec
        5755000	       574	80000538	4185dd13	srai	x26,x11,0x18	 x11:0x00000000 x26=0x00000000
        5765000	       575	8000053c	00964ab3	xor	x21,x12,x9	 x12:0x00000000  x9:0x80009fc4 x21=0x80009fc4
        5775000	       576	80000540	00ddccb3	xor	x25,x27,x13	 x27:0xffffffff x13:0x2a9db000 x25=0xd5624fff
        5785000	       577	80000544	0146c033	xor	x0,x13,x20	 x13:0x2a9db000 x20:0x00000000
        5795000	       578	80000548	4f965b37	lui	x22,0x4f965	 x22=0x4f965000
        5805000	       579	8000054c	015f5793	srli	x15,x30,0x15	 x30:0x00000ce8 x15=0x00000000
        5815000	       580	80000550	5ea46593	ori	x11,x8,1514	  x8:0xfffffffb x11=0xfffffffb
        5825000	       581	80000554	00570713	addi	x14,x14,5	 x14:0x0000000a x14=0x0000000f
        5835000	       582	80000558	005d3c33	sltu	x24,x26,x5	 x26:0x00000000  x5:0x00000000 x24=0x00000000
        5845000	       583	8000055c	40bcdab3	sra	x21,x25,x11	 x25:0xd5624fff x11:0xfffffffb x21=0xfffffffa
        5855000	       584	80000560	01af31b3	sltu	x3,x30,x26	 x30:0x00000ce8 x26:0x00000000  x3=0x00000000
        5865000	       585	80000564	0194d013	srli	x0,x9,0x19	  x9:0x80009fc4
        5875000	       586	80000568	ff3760e3	bltu	x14,x19,80000548	 x14:0x0000000f x19:0x0000000d
        5885000	       587	8000056c	00dfcfb3	xor	x31,x31,x13	 x31:0x7fff607d x13:0x2a9db000 x31=0x5562d07d
        5895000	       588	80000570	00900413	addi	x8,x0,9	  x0:0x00000000  x8=0x00000009
        5905000	       589	80000574	405152b3	sra	x5,x2,x5	  x2:0xce857127  x5:0x00000000  x5=0xce857127
        5915000	       590	80000578	55a08a93	addi	x21,x1,1370	  x1:0x00000000 x21=0x0000055a
        5925000	       591	8000057c	88637713	andi	x14,x6,-1914	  x6:0x80009f84 x14=0x80009884
        5935000	       592	80000580	40878fb3	sub	x31,x15,x8	 x15:0x00000000  x8:0x00000009 x31=0xfffffff7
        5945000	       593	80000584	002f43b3	xor	x7,x30,x2	 x30:0x00000ce8  x2:0xce857127  x7=0xce857dcf
        5955000	       594	80000588	01c6eeb3	or	x29,x13,x28	 x13:0x2a9db000 x28:0xce857127 x29=0xee9df127
        5965000	       595	8000058c	c3a10137	lui	x2,0xc3a10	  x2=0xc3a10000
        5975000	       596	80000590	6a823713	sltiu	x14,x4,1704	  x4:0x00000000 x14=0x00000001
        5985000	       597	80000594	00d00613	addi	x12,x0,13	  x0:0x00000000 x12=0x0000000d
        5995000	       598	80000598	05a2e793	ori	x15,x5,90	  x5:0xce857127 x15=0xce85717f
        6005000	       599	8000059c	00611b93	slli	x23,x2,0x6	  x2:0xc3a10000 x23=0xe8400000
        6015000	       600	800005a0	40638733	sub	x14,x7,x6	  x7:0xce857dcf  x6:0x80009f84 x14=0x4e84de4b
        6025000	       601	800005a4	006d4933	xor	x18,x26,x6	 x26:0x00000000  x6:0x80009f84 x18=0x80009f84
        6035000	       602	800005a8	4029d833	sra	x16,x19,x2	 x19:0x0000000d  x2:0xc3a10000 x16=0x0000000d
        6045000	       603	800005ac	01768a33	add	x20,x13,x23	 x13:0x2a9db000 x23:0xe8400000 x20=0x12ddb000
        6055000	       604	800005b0	00000013	addi	x0,x0,0	  x0:0x00000000
        6065000	       605	800005b4	010b5d33	srl	x26,x22,x16	 x22:0x4f965000 x16:0x0000000d x26=0x00027cb2
        6075000	       606	800005b8	401a5913	srai	x18,x20,0x1	 x20:0x12ddb000 x18=0x096ed800
        6085000	       607	800005bc	00440413	addi	x8,x8,4	  x8:0x00000009  x8=0x0000000d
        6095000	       608	800005c0	66056213	ori	x4,x10,1632	 x10:0x00000000  x4=0x00000660
        6105000	       609	800005c4	afd48f93	addi	x31,x9,-1283	  x9:0x80009fc4 x31=0x80009ac1
        6115000	       610	800005c8	fcc46ee3	bltu	x8,x12,800005a4	  x8:0x0000000d x12:0x0000000d
        6125000	       611	800005cc	36eb4c97	auipc	x25,0x36eb4	 x25=0xb6eb45c8
        6135000	       612	800005d0	00a00113	addi	x2,x0,10	  x0:0x00000000  x2=0x0000000a
        6145000	       613	800005d4	01d013b3	sll	x7,x0,x29	  x0:0x00000000 x29:0xee9df127  x7=0x00000000
        6155000	       614	800005d8	011da433	slt	x8,x27,x17	 x27:0xffffffff x17:0xffffffec  x8=0x00000000
        6165000	       615	800005dc	00a43733	sltu	x14,x8,x10	  x8:0x00000000 x10:0x00000000 x14=0x00000000
        6175000	       616	800005e0	41bdd0b3	sra	x1,x27,x27	 x27:0xffffffff x27:0xffffffff  x1=0xffffffff
        6185000	       617	800005e4	01000a13	addi	x20,x0,16	  x0:0x00000000 x20=0x00000010
        6195000	       618	800005e8	40af5bb3	sra	x23,x30,x10	 x30:0x00000ce8 x10:0x00000000 x23=0x00000ce8
        6205000	       619	800005ec	01867833	and	x16,x12,x24	 x12:0x0000000d x24:0x00000000 x16=0x00000000
        6215000	       620	800005f0	419f0033	sub	x0,x30,x25	 x30:0x00000ce8 x25:0xb6eb45c8
        6225000	       621	800005f4	df352f93	slti	x31,x10,-525	 x10:0x00000000 x31=0x00000000
        6235000	       622	800005f8	7e9f5a97	auipc	x21,0x7e9f5	 x21=0xfe9f55f4
        6245000	       623	800005fc	41b10433	sub	x8,x2,x27	  x2:0x0000000a x27:0xffffffff  x8=0x0000000b
        6255000	       624	80000600	57f77093	andi	x1,x14,1407	 x14:0x00000000  x1=0x00000000
        6265000	       625	80000604	00610113	addi	x2,x2,6	  x2:0x0000000a  x2=0x00000010
        6275000	       626	80000608	01aca833	slt	x16,x25,x26	 x25:0xb6eb45c8 x26:0x00027cb2 x16=0x00000001
        6285000	       627	8000060c	d6d7c913	xori	x18,x15,-659	 x15:0xce85717f x18=0x317a8c12
        6295000	       628	80000610	d7f3bc13	sltiu	x24,x7,-641	  x7:0x00000000 x24=0x00000001
        6305000	       629	80000614	01fe5eb3	srl	x29,x28,x31	 x28:0xce857127 x31:0x00000000 x29=0xce857127
        6315000	       630	80000618	416c5713	srai	x14,x24,0x16	 x24:0x00000001 x14=0x00000000
        6325000	       631	8000061c	41f2d433	sra	x8,x5,x31	  x5:0xce857127 x31:0x00000000  x8=0xce857127
        6335000	       632	80000620	fd411ce3	bne	x2,x20,800005f8	  x2:0x00000010 x20:0x00000010
        6345000	       633	80000624	6dd80f93	addi	x31,x16,1757	 x16:0x00000001 x31=0x000006de
        6355000	       634	80000628	ffc00a13	addi	x20,x0,-4	  x0:0x00000000 x20=0xfffffffc
        6365000	       635	8000062c	00cdfdb3	and	x27,x27,x12	 x27:0xffffffff x12:0x0000000d x27=0x0000000d
        6375000	       636	80000630	95b02913	slti	x18,x0,-1701	  x0:0x00000000 x18=0x00000000
        6385000	       637	80000634	92fb0693	addi	x13,x22,-1745	 x22:0x4f965000 x13=0x4f96492f
        6395000	       638	80000638	07907f93	andi	x31,x0,121	  x0:0x00000000 x31=0x00000000
        6405000	       639	8000063c	11a67693	andi	x13,x12,282	 x12:0x0000000d x13=0x00000008
        6415000	       640	80000640	00c00713	addi	x14,x0,12	  x0:0x00000000 x14=0x0000000c
        6425000	       641	80000644	0046e233	or	x4,x13,x4	 x13:0x00000008  x4:0x00000660  x4=0x00000668
        6435000	       642	80000648	bda88413	addi	x8,x17,-1062	 x17:0xffffffec  x8=0xfffffbc6
        6445000	       643	8000064c	004a0a13	addi	x20,x20,4	 x20:0xfffffffc x20=0x00000000
        6455000	       644	80000650	feea4ce3	blt	x20,x14,80000648	 x20:0x00000000 x14:0x0000000c
        6465000	       645	00000000	00000013	addi	x0,x0,0	  x0:0x00000000
        6475000	       646	80000644	00000013	addi	x0,x0,0	  x0:0x00000000
        6485000	       647	80000648	bda88413	addi	x8,x17,-1062	 x17:0xffffffec  x8=0xfffffbc6
        6495000	       648	8000064c	004a0a13	addi	x20,x20,4	 x20:0x00000000 x20=0x00000004
        6505000	       649	80000650	feea4ce3	blt	x20,x14,80000648	 x20:0x00000004 x14:0x0000000c
        6515000	       650	00000000	00000013	addi	x0,x0,0	  x0:0x00000000
        6525000	       651	80000644	00000013	addi	x0,x0,0	  x0:0x00000000
        6535000	       652	80000648	bda88413	addi	x8,x17,-1062	 x17:0xffffffec  x8=0xfffffbc6
        6545000	       653	8000064c	004a0a13	addi	x20,x20,4	 x20:0x00000004 x20=0x00000008
        6555000	       654	80000650	feea4ce3	blt	x20,x14,80000648	 x20:0x00000008 x14:0x0000000c
        6565000	       655	00000000	00000013	addi	x0,x0,0	  x0:0x00000000
        6575000	       656	80000644	00000013	addi	x0,x0,0	  x0:0x00000000
        6585000	       657	80000648	bda88413	addi	x8,x17,-1062	 x17:0xffffffec  x8=0xfffffbc6
        6595000	       658	8000064c	004a0a13	addi	x20,x20,4	 x20:0x00000008 x20=0x0000000c
        6605000	       659	80000650	feea4ce3	blt	x20,x14,80000648	 x20:0x0000000c x14:0x0000000c
        6615000	       660	80000654	009e1293	slli	x5,x28,0x9	 x28:0xce857127  x5=0x0ae24e00
        6625000	       661	80000658	00e07cb3	and	x25,x0,x14	  x0:0x00000000 x14:0x0000000c x25=0x00000000
        6635000	       662	8000065c	01609a93	slli	x21,x1,0x16	  x1:0x00000000 x21=0x00000000
        6645000	       663	80000660	056bd863	bge	x23,x22,800006b0	 x23:0x00000ce8 x22:0x4f965000
        6655000	       664	80000664	01432ab3	slt	x21,x6,x20	  x6:0x80009f84 x20:0x0000000c x21=0x00000001
        6665000	       665	80000668	bae7d6b7	lui	x13,0xbae7d	 x13=0xbae7d000
        6675000	       666	8000066c	41a9d393	srai	x7,x19,0x1a	 x19:0x0000000d  x7=0x00000000
        6685000	       667	80000670	00ff6633	or	x12,x30,x15	 x30:0x00000ce8 x15:0xce85717f x12=0xce857dff
        6695000	       668	80000674	00899093	slli	x1,x19,0x8	 x19:0x0000000d  x1=0x00000d00
        6705000	       669	80000678	00c8fa63	bgeu	x17,x12,8000068c	 x17:0xffffffec x12:0xce857dff
        6715000	       670	00000000	00000013	addi	x0,x0,0	  x0:0x00000000
        6725000	       671	80000688	00000013	addi	x0,x0,0	  x0:0x00000000
        6735000	       672	8000068c	05589063	bne	x17,x21,800006cc	 x17:0xffffffec x21:0x00000001
        6745000	       673	00000000	00000013	addi	x0,x0,0	  x0:0x00000000
        6755000	       674	800006c8	00000013	addi	x0,x0,0	  x0:0x00000000
        6765000	       675	800006cc	7baeb713	sltiu	x14,x29,1978	 x29:0xce857127 x14=0x00000000
        6775000	       676	800006d0	4a5bfeb7	lui	x29,0x4a5bf	 x29=0x4a5bf000
        6785000	       677	800006d4	f5c9bf13	sltiu	x30,x19,-164	 x19:0x0000000d x30=0x00000001
        6795000	       678	800006d8	00465db3	srl	x27,x12,x4	 x12:0xce857dff  x4:0x00000668 x27=0x00ce857d
        6805000	       679	800006dc	013d5663	bge	x26,x19,800006e8	 x26:0x00027cb2 x19:0x0000000d
        6815000	       680	00000000	00000013	addi	x0,x0,0	  x0:0x00000000
        6825000	       681	800006e4	00000013	addi	x0,x0,0	  x0:0x00000000
        6835000	       682	800006e8	3c8e8613	addi	x12,x29,968	 x29:0x4a5bf000 x12=0x4a5bf3c8
        6845000	       683	800006ec	019c7933	and	x18,x24,x25	 x24:0x00000001 x25:0x00000000 x18=0x00000000
        6855000	       684	800006f0	00000013	addi	x0,x0,0	  x0:0x00000000
        6865000	       685	800006f4	022a8863	beq	x21,x2,80000724	 x21:0x00000001  x2:0x00000010
        6875000	       686	800006f8	c5634c93	xori	x25,x6,-938	  x6:0x80009f84 x25=0x7fff63d2
        6885000	       687	800006fc	01ace5b3	or	x11,x25,x26	 x25:0x7fff63d2 x26:0x00027cb2 x11=0x7fff7ff2
        6895000	       688	80000700	402adb13	srai	x22,x21,0x2	 x21:0x00000001 x22=0x00000000
        6905000	       689	80000704	0041f2b3	and	x5,x3,x4	  x3:0x00000000  x4:0x00000668  x5=0x00000000
        6915000	       690	80000708	011f10b3	sll	x1,x30,x17	 x30:0x00000001 x17:0xffffffec  x1=0x00001000
        6925000	       691	8000070c	02708793	addi	x15,x1,39	  x1:0x00001000 x15=0x00001027
        6935000	       692	80000710	00e0e533	or	x10,x1,x14	  x1:0x00001000 x14:0x00000000 x10=0x00001000
        6945000	       693	80000714	0063fab3	and	x21,x7,x6	  x7:0x00000000  x6:0x80009f84 x21=0x00000000
        6955000	       694	80000718	01799093	slli	x1,x19,0x17	 x19:0x0000000d  x1=0x06800000
        6965000	       695	8000071c	e64a4237	lui	x4,0xe64a4	  x4=0xe64a4000
        6975000	       696	80000720	20c0a113	slti	x2,x1,524	  x1:0x06800000  x2=0x00000000
        6985000	       697	80000724	00aada93	srli	x21,x21,0xa	 x21:0x00000000 x21=0x00000000
        6995000	       698	80000728	f2557393	andi	x7,x10,-219	 x10:0x00001000  x7=0x00001000
        7005000	       699	8000072c	01217663	bgeu	x2,x18,80000738	  x2:0x00000000 x18:0x00000000
        7015000	       700	00000000	00000013	addi	x0,x0,0	  x0:0x00000000
        7025000	       701	80000734	00000013	addi	x0,x0,0	  x0:0x00000000
        7035000	       702	80000738	02614463	blt	x2,x6,80000760	  x2:0x00000000  x6:0x80009f84
        7045000	       703	8000073c	006caa33	slt	x20,x25,x6	 x25:0x7fff63d2  x6:0x80009f84 x20=0x00000000
        7055000	       704	80000740	01769533	sll	x10,x13,x23	 x13:0xbae7d000 x23:0x00000ce8 x10=0xe7d00000
        7065000	       705	80000744	0181d533	srl	x10,x3,x24	  x3:0x00000000 x24:0x00000001 x10=0x00000000
        7075000	       706	80000748	02541c63	bne	x8,x5,80000780	  x8:0xfffffbc6  x5:0x00000000
        7085000	       707	00000000	00000013	addi	x0,x0,0	  x0:0x00000000
        7095000	       708	8000077c	00000013	addi	x0,x0,0	  x0:0x00000000
        7105000	       709	80000780	9d518893	addi	x17,x3,-1579	  x3:0x00000000 x17=0xfffff9d5
        7115000	       710	80000784	02b4e937	lui	x18,0x2b4e	 x18=0x02b4e000
        7125000	       711	80000788	01d41bb3	sll	x23,x8,x29	  x8:0xfffffbc6 x29:0x4a5bf000 x23=0xfffffbc6
        7135000	       712	8000078c	d9c92113	slti	x2,x18,-612	 x18:0x02b4e000  x2=0x00000000
        7145000	       713	80000790	0bf3c863	blt	x7,x31,80000840	  x7:0x00001000 x31:0x00000000
        7155000	       714	80000794	41bfd113	srai	x2,x31,0x1b	 x31:0x00000000  x2=0x00000000
        7165000	       715	80000798	09aa5863	bge	x20,x26,80000828	 x20:0x00000000 x26:0x00027cb2
        7175000	       716	8000079c	08e24237	lui	x4,0x8e24	  x4=0x08e24000
        7185000	       717	800007a0	f7943e93	sltiu	x29,x8,-135	  x8:0xfffffbc6 x29=0x00000001
        7195000	       718	800007a4	00361f93	slli	x31,x12,0x3	 x12:0x4a5bf3c8 x31=0x52df9e40
        7205000	       719	800007a8	403fd293	srai	x5,x31,0x3	 x31:0x52df9e40  x5=0x0a5bf3c8
        7215000	       720	800007ac	5c14cb97	auipc	x23,0x5c14c	 x23=0xdc14c7a8
        7225000	       721	800007b0	ffa00e93	addi	x29,x0,-6	  x0:0x00000000 x29=0xfffffffa
        7235000	       722	800007b4	017de133	or	x2,x27,x23	 x27:0x00ce857d x23:0xdc14c7a8  x2=0xdcdec7fd
        7245000	       723	800007b8	01ee2633	slt	x12,x28,x30	 x28:0xce857127 x30:0x00000001 x12=0x00000001
        7255000	       724	800007bc	416dd713	srai	x14,x27,0x16	 x27:0x00ce857d x14=0x00000003
        7265000	       725	800007c0	4174d733	sra	x14,x9,x23	  x9:0x80009fc4 x23:0xdc14c7a8 x14=0xff80009f
        7275000	       726	800007c4	ff200b93	addi	x23,x0,-14	  x0:0x00000000 x23=0xfffffff2
        7285000	       727	800007c8	c4787c93	andi	x25,x16,-953	 x16:0x00000001 x25=0x00000001
        7295000	       728	800007cc	74973393	sltiu	x7,x14,1865	 x14:0xff80009f  x7=0x00000000
        7305000	       729	800007d0	ff8e8e93	addi	x29,x29,-8	 x29:0xfffffffa x29=0xfffffff2
        7315000	       730	800007d4	0080d793	srli	x15,x1,0x8	  x1:0x06800000 x15=0x00068000
        7325000	       731	800007d8	ff800093	addi	x1,x0,-8	  x0:0x00000000  x1=0xfffffff8
        7335000	       732	800007dc	00400b13	addi	x22,x0,4	  x0:0x00000000 x22=0x00000004
        7345000	       733	800007e0	9ad8bf97	auipc	x31,0x9ad8b	 x31=0x1ad8b7dc
        7355000	       734	800007e4	09554613	xori	x12,x10,149	 x10:0x00000000 x12=0x00000095
        7365000	       735	800007e8	00808093	addi	x1,x1,8	  x1:0xfffffff8  x1=0x00000000
        7375000	       736	800007ec	cddf4413	xori	x8,x30,-803	 x30:0x00000001  x8=0xfffffcdc
        7385000	       737	800007f0	ff60cae3	blt	x1,x22,800007e4	  x1:0x00000000 x22:0x00000004
        7395000	       738	00000000	00000013	addi	x0,x0,0	  x0:0x00000000
        7405000	       739	800007e0	00000013	addi	x0,x0,0	  x0:0x00000000
        7415000	       740	800007e4	09554613	xori	x12,x10,149	 x10:0x00000000 x12=0x00000095
        7425000	       741	800007e8	00808093	addi	x1,x1,8	  x1:0x00000000  x1=0x00000008
        7435000	       742	800007ec	cddf4413	xori	x8,x30,-803	 x30:0x00000001  x8=0xfffffcdc
        7445000	       743	800007f0	ff60cae3	blt	x1,x22,800007e4	  x1:0x00000008 x22:0x00000004
        7455000	       744	800007f4	3510bc93	sltiu	x25,x1,849	  x1:0x00000008 x25=0x00000001
        7465000	       745	800007f8	016f1d13	slli	x26,x30,0x16	 x30:0x00000001 x26=0x00400000
        7475000	       746	800007fc	69987c93	andi	x25,x16,1689	 x16:0x00000001 x25=0x00000001
        7485000	       747	80000800	95e22913	slti	x18,x4,-1698	  x4:0x08e24000 x18=0x00000000
        7495000	       748	80000804	00e3ff33	and	x30,x7,x14	  x7:0x00000000 x14:0xff80009f x30=0x00000000
        7505000	       749	80000808	fd7e92e3	bne	x29,x23,800007cc	 x29:0xfffffff2 x23:0xfffffff2
        7515000	       750	8000080c	ce79f293	andi	x5,x19,-793	 x19:0x0000000d  x5=0x00000005
        7525000	       751	80000810	00de5f13	srli	x30,x28,0xd	 x28:0xce857127 x30=0x0006742b
        7535000	       752	80000814	026c9463	bne	x25,x6,8000083c	 x25:0x00000001  x6:0x80009f84
        7545000	       753	00000000	00000013	addi	x0,x0,0	  x0:0x00000000
        7555000	       754	80000838	00000013	addi	x0,x0,0	  x0:0x00000000
        7565000	       755	8000083c	003bd263	bge	x23,x3,80000840	 x23:0xfffffff2  x3:0x00000000
        7575000	       756	80000840	40eed533	sra	x10,x29,x14	 x29:0xfffffff2 x14:0xff80009f x10=0xffffffff
        7585000	       757	80000844	0066da93	srli	x21,x13,0x6	 x13:0xbae7d000 x21=0x02eb9f40
        7595000	       758	80000848	01799f93	slli	x31,x19,0x17	 x19:0x0000000d x31=0x06800000
        7605000	       759	8000084c	00939213	slli	x4,x7,0x9	  x7:0x00000000  x4=0x00000000
        7615000	       760	80000850	d4e88f93	addi	x31,x17,-690	 x17:0xfffff9d5 x31=0xfffff723
        7625000	       761	80000854	005bb2b3	sltu	x5,x23,x5	 x23:0xfffffff2  x5:0x00000005  x5=0x00000000
        7635000	       762	80000858	7139e793	ori	x15,x19,1811	 x19:0x0000000d x15=0x0000071f
        7645000	       763	8000085c	0105e263	bltu	x11,x16,80000860	 x11:0x7fff7ff2 x16:0x00000001
        7655000	       764	80000860	01b05a93	srli	x21,x0,0x1b	  x0:0x00000000 x21=0x00000000
        7665000	       765	80000864	00724233	xor	x4,x4,x7	  x4:0x00000000  x7:0x00000000  x4=0x00000000
        7675000	       766	80000868	014a7233	and	x4,x20,x20	 x20:0x00000000 x20:0x00000000  x4=0x00000000
        7685000	       767	8000086c	00c77ab3	and	x21,x14,x12	 x14:0xff80009f x12:0x00000095 x21=0x00000095
        7695000	       768	80000870	01509263	bne	x1,x21,80000874	  x1:0x00000008 x21:0x00000095
        7705000	       769	00000000	00000013	addi	x0,x0,0	  x0:0x00000000
        7715000	       770	80000870	00000013	addi	x0,x0,0	  x0:0x00000000
        7725000	       771	80000874	316c3213	sltiu	x4,x24,790	 x24:0x00000001  x4=0x00000001
        7735000	       772	80000878	db364b13	xori	x22,x12,-589	 x12:0x00000095 x22=0xfffffd26
        7745000	       773	8000087c	ba29f2b7	lui	x5,0xba29f	  x5=0xba29f000
        7755000	       774	80000880	1216b7b7	lui	x15,0x1216b	 x15=0x1216b000
        7765000	       775	80000884	789d0513	addi	x10,x26,1929	 x26:0x00400000 x10=0x00400789
        7775000	       776	80000888	0165d0b3	srl	x1,x11,x22	 x11:0x7fff7ff2 x22:0xfffffd26  x1=0x01fffdff
        7785000	       777	8000088c	0023c133	xor	x2,x7,x2	  x7:0x00000000  x2:0xdcdec7fd  x2=0xdcdec7fd
        7795000	       778	80000890	01e85733	srl	x14,x16,x30	 x16:0x00000001 x30:0x0006742b x14=0x00000000
        7805000	       779	80000894	1281fb93	andi	x23,x3,296	  x3:0x00000000 x23=0x00000000
        7815000	       780	80000898	019d8db3	add	x27,x27,x25	 x27:0x00ce857d x25:0x00000001 x27=0x00ce857e
        7825000	       781	8000089c	04f4f063	bgeu	x9,x15,800008dc	  x9:0x80009fc4 x15:0x1216b000
        7835000	       782	00000000	00000013	addi	x0,x0,0	  x0:0x00000000
        7845000	       783	800008d8	00000013	addi	x0,x0,0	  x0:0x00000000
        7855000	       784	800008dc	db003c13	sltiu	x24,x0,-592	  x0:0x00000000 x24=0x00000001
        7865000	       785	800008e0	047b0063	beq	x22,x7,80000920	 x22:0xfffffd26  x7:0x00000000
        7875000	       786	800008e4	00000013	addi	x0,x0,0	  x0:0x00000000
        7885000	       787	800008e8	00ad91b3	sll	x3,x27,x10	 x27:0x00ce857e x10:0x00400789  x3=0x9d0afc00
        7895000	       788	800008ec	01ae6a63	bltu	x28,x26,80000900	 x28:0xce857127 x26:0x00400000
        7905000	       789	800008f0	005d0933	add	x18,x26,x5	 x26:0x00400000  x5:0xba29f000 x18=0xba69f000
        7915000	       790	800008f4	011e1a33	sll	x20,x28,x17	 x28:0xce857127 x17:0xfffff9d5 x20=0x24e00000
        7925000	       791	800008f8	00a9f533	and	x10,x19,x10	 x19:0x0000000d x10:0x00400789 x10=0x00000009
        7935000	       792	800008fc	0591f863	bgeu	x3,x25,8000094c	  x3:0x9d0afc00 x25:0x00000001
        7945000	       793	00000000	00000013	addi	x0,x0,0	  x0:0x00000000
        7955000	       794	80000948	00000013	addi	x0,x0,0	  x0:0x00000000
        7965000	       795	8000094c	40f65013	srai	x0,x12,0xf	 x12:0x00000095
        7975000	       796	80000950	00ca7733	and	x14,x20,x12	 x20:0x24e00000 x12:0x00000095 x14=0x00000000
        7985000	       797	80000954	01b01c13	slli	x24,x0,0x1b	  x0:0x00000000 x24=0x00000000
        7995000	       798	80000958	ce31ae93	slti	x29,x3,-797	  x3:0x9d0afc00 x29=0x00000001
        8005000	       799	8000095c	01ca8663	beq	x21,x28,80000968	 x21:0x00000095 x28:0xce857127
        8015000	       800	80000960	eb97eb93	ori	x23,x15,-327	 x15:0x1216b000 x23=0xfffffeb9
        8025000	       801	80000964	021c8463	beq	x25,x1,8000098c	 x25:0x00000001  x1:0x01fffdff
        8035000	       802	80000968	01cd9ab3	sll	x21,x27,x28	 x27:0x00ce857e x28:0xce857127 x21=0x6742bf00
        8045000	       803	8000096c	5d3ee393	ori	x7,x29,1491	 x29:0x00000001  x7=0x000005d3
        8055000	       804	80000970	b2b07593	andi	x11,x0,-1237	  x0:0x00000000 x11=0x00000000
        8065000	       805	80000974	00e60263	beq	x12,x14,80000978	 x12:0x00000095 x14:0x00000000
        8075000	       806	80000978	404f03b3	sub	x7,x30,x4	 x30:0x0006742b  x4:0x00000001  x7=0x0006742a
        8085000	       807	8000097c	00c1da63	bge	x3,x12,80000990	  x3:0x9d0afc00 x12:0x00000095
        8095000	       808	80000980	36213813	sltiu	x16,x2,866	  x2:0xdcdec7fd x16=0x00000000
        8105000	       809	80000984	0183ac33	slt	x24,x7,x24	  x7:0x0006742a x24:0x00000000 x24=0x00000000
        8115000	       810	80000988	0188cf33	xor	x30,x17,x24	 x17:0xfffff9d5 x24:0x00000000 x30=0xfffff9d5
        8125000	       811	8000098c	000a4833	xor	x16,x20,x0	 x20:0x24e00000  x0:0x00000000 x16=0x24e00000
        8135000	       812	80000990	e0e68917	auipc	x18,0xe0e68	 x18=0x60e6898c
        8145000	       813	80000994	40ca5433	sra	x8,x20,x12	 x20:0x24e00000 x12:0x00000095  x8=0x00000127
        8155000	       814	80000998	41df5733	sra	x14,x30,x29	 x30:0xfffff9d5 x29:0x00000001 x14=0xfffffcea
        8165000	       815	8000099c	013e42b3	xor	x5,x28,x19	 x28:0xce857127 x19:0x0000000d  x5=0xce85712a
        8175000	       816	800009a0	1ab00813	addi	x16,x0,427	  x0:0x00000000 x16=0x000001ab
        8185000	       817	800009a4	01a95cb3	srl	x25,x18,x26	 x18:0x60e6898c x26:0x00400000 x25=0x60e6898c
        8195000	       818	800009a8	01ecf9b3	and	x19,x25,x30	 x25:0x60e6898c x30:0xfffff9d5 x19=0x60e68984
        8205000	       819	800009ac	0132e433	or	x8,x5,x19	  x5:0xce85712a x19:0x60e68984  x8=0xeee7f9ae
        8215000	       820	800009b0	7bd3b293	sltiu	x5,x7,1981	  x7:0x0006742a  x5=0x00000000
        8225000	       821	800009b4	00b1f433	and	x8,x3,x11	  x3:0x9d0afc00 x11:0x00000000  x8=0x00000000
        8235000	       822	800009b8	00e99533	sll	x10,x19,x14	 x19:0x60e68984 x14:0xfffffcea x10=0x9a261000
        8245000	       823	800009bc	00175a13	srli	x20,x14,0x1	 x14:0xfffffcea x20=0x7ffffe75
        8255000	       824	800009c0	cb0c2513	slti	x10,x24,-848	 x24:0x00000000 x10=0x00000000
        8265000	       825	800009c4	01c167b3	or	x15,x2,x28	  x2:0xdcdec7fd x28:0xce857127 x15=0xdedff7ff
        8275000	       826	800009c8	019bd413	srli	x8,x23,0x19	 x23:0xfffffeb9  x8=0x0000007f
        8285000	       827	800009cc	00609613	slli	x12,x1,0x6	  x1:0x01fffdff x12=0x7fff7fc0
        8295000	       828	800009d0	9556f693	andi	x13,x13,-1707	 x13:0xbae7d000 x13=0xbae7d000
        8305000	       829	800009d4	0117f463	bgeu	x15,x17,800009dc	 x15:0xdedff7ff x17:0xfffff9d5
        8315000	       830	800009d8	00987633	and	x12,x16,x9	 x16:0x000001ab  x9:0x80009fc4 x12=0x00000180
        8325000	       831	800009dc	02768463	beq	x13,x7,80000a04	 x13:0xbae7d000  x7:0x0006742a
        8335000	       832	800009e0	41ecd1b3	sra	x3,x25,x30	 x25:0x60e6898c x30:0xfffff9d5  x3=0x00000307
        8345000	       833	800009e4	0085e7b3	or	x15,x11,x8	 x11:0x00000000  x8:0x0000007f x15=0x0000007f
        8355000	       834	800009e8	41485733	sra	x14,x16,x20	 x16:0x000001ab x20:0x7ffffe75 x14=0x00000000
        8365000	       835	800009ec	049ee063	bltu	x29,x9,80000a2c	 x29:0x00000001  x9:0x80009fc4
        8375000	       836	00000000	00000013	addi	x0,x0,0	  x0:0x00000000
        8385000	       837	80000a28	00000013	addi	x0,x0,0	  x0:0x00000000
        8395000	       838	80000a2c	01b5fa33	and	x20,x11,x27	 x11:0x00000000 x27:0x00ce857e x20=0x00000000
        8405000	       839	80000a30	e4d8b517	auipc	x10,0xe4d8b	 x10=0x64d8ba2c
        8415000	       840	80000a34	e26085b7	lui	x11,0xe2608	 x11=0xe2608000
        8425000	       841	80000a38	0164dab3	srl	x21,x9,x22	  x9:0x80009fc4 x22:0xfffffd26 x21=0x0200027f
        8435000	       842	80000a3c	00ff0463	beq	x30,x15,80000a44	 x30:0xfffff9d5 x15:0x0000007f
        8445000	       843	80000a40	01fe8533	add	x10,x29,x31	 x29:0x00000001 x31:0xfffff723 x10=0xfffff724
        8455000	       844	80000a44	20cbb393	sltiu	x7,x23,524	 x23:0xfffffeb9  x7=0x00000000
        8465000	       845	80000a48	00efc863	blt	x31,x14,80000a58	 x31:0xfffff723 x14:0x00000000
        8475000	       846	00000000	00000013	addi	x0,x0,0	  x0:0x00000000
        8485000	       847	80000a54	00000013	addi	x0,x0,0	  x0:0x00000000
        8495000	       848	80000a58	006becb3	or	x25,x23,x6	 x23:0xfffffeb9  x6:0x80009f84 x25=0xffffffbd
        8505000	       849	80000a5c	012ef033	and	x0,x29,x18	 x29:0x00000001 x18:0x60e6898c
        8515000	       850	80000a60	fff00e93	addi	x29,x0,-1	  x0:0x00000000 x29=0xffffffff
        8525000	       851	80000a64	00a35033	srl	x0,x6,x10	  x6:0x80009f84 x10:0xfffff724
        8535000	       852	80000a68	c5be3993	sltiu	x19,x28,-933	 x28:0xce857127 x19=0x00000001
        8545000	       853	80000a6c	01100613	addi	x12,x0,17	  x0:0x00000000 x12=0x00000011
        8555000	       854	80000a70	001242b3	xor	x5,x4,x1	  x4:0x00000001  x1:0x01fffdff  x5=0x01fffdfe
        8565000	       855	80000a74	013969b3	or	x19,x18,x19	 x18:0x60e6898c x19:0x00000001 x19=0x60e6898d
        8575000	       856	80000a78	009e8e93	addi	x29,x29,9	 x29:0xffffffff x29=0x00000008
        8585000	       857	80000a7c	01951a93	slli	x21,x10,0x19	 x10:0xfffff724 x21=0x48000000
        8595000	       858	80000a80	ffe00593	addi	x11,x0,-2	  x0:0x00000000 x11=0xfffffffe
        8605000	       859	80000a84	00c25a33	srl	x20,x4,x12	  x4:0x00000001 x12:0x00000011 x20=0x00000000
        8615000	       860	80000a88	ff800f13	addi	x30,x0,-8	  x0:0x00000000 x30=0xfffffff8
        8625000	       861	80000a8c	79b66217	auipc	x4,0x79b66	  x4=0xf9b66a88
        8635000	       862	80000a90	2595f113	andi	x2,x11,601	 x11:0xfffffffe  x2=0x00000258
        8645000	       863	80000a94	c5e16717	auipc	x14,0xc5e16	 x14=0x45e16a90
        8655000	       864	80000a98	0101cd33	xor	x26,x3,x16	  x3:0x00000307 x16:0x000001ab x26=0x000002ac
        8665000	       865	80000a9c	01e6a033	slt	x0,x13,x30	 x13:0xbae7d000 x30:0xfffffff8
        8675000	       866	80000aa0	006a7fb3	and	x31,x20,x6	 x20:0x00000000  x6:0x80009f84 x31=0x00000000
        8685000	       867	80000aa4	ff758593	addi	x11,x11,-9	 x11:0xfffffffe x11=0xfffffff5
        8695000	       868	80000aa8	ffe5d4e3	bge	x11,x30,80000a90	 x11:0xfffffff5 x30:0xfffffff8
        8705000	       869	80000aac	41218c33	sub	x24,x3,x18	  x3:0x00000307 x18:0x60e6898c x24=0x9f19797b
        8715000	       870	80000ab0	00309bb3	sll	x23,x1,x3	  x1:0x01fffdff  x3:0x00000307 x23=0xfffeff80
        8725000	       871	80000ab4	fcce90e3	bne	x29,x12,80000a74	 x29:0x00000008 x12:0x00000011
        8735000	       872	00000000	00000013	addi	x0,x0,0	  x0:0x00000000
        8745000	       873	80000a70	00000013	addi	x0,x0,0	  x0:0x00000000
        8755000	       874	80000a74	013969b3	or	x19,x18,x19	 x18:0x60e6898c x19:0x60e6898d x19=0x60e6898d
        8765000	       875	80000a78	009e8e93	addi	x29,x29,9	 x29:0x00000008 x29=0x00000011
        8775000	       876	80000a7c	01951a93	slli	x21,x10,0x19	 x10:0xfffff724 x21=0x48000000
        8785000	       877	80000a80	ffe00593	addi	x11,x0,-2	  x0:0x00000000 x11=0xfffffffe
        8795000	       878	80000a84	00c25a33	srl	x20,x4,x12	  x4:0xf9b66a88 x12:0x00000011 x20=0x00007cdb
        8805000	       879	80000a88	ff800f13	addi	x30,x0,-8	  x0:0x00000000 x30=0xfffffff8
        8815000	       880	80000a8c	79b66217	auipc	x4,0x79b66	  x4=0xf9b66a88
        8825000	       881	80000a90	2595f113	andi	x2,x11,601	 x11:0xfffffffe  x2=0x00000258
        8835000	       882	80000a94	c5e16717	auipc	x14,0xc5e16	 x14=0x45e16a90
        8845000	       883	80000a98	0101cd33	xor	x26,x3,x16	  x3:0x00000307 x16:0x000001ab x26=0x000002ac
        8855000	       884	80000a9c	01e6a033	slt	x0,x13,x30	 x13:0xbae7d000 x30:0xfffffff8
        8865000	       885	80000aa0	006a7fb3	and	x31,x20,x6	 x20:0x00007cdb  x6:0x80009f84 x31=0x00001c80
        8875000	       886	80000aa4	ff758593	addi	x11,x11,-9	 x11:0xfffffffe x11=0xfffffff5
        8885000	       887	80000aa8	ffe5d4e3	bge	x11,x30,80000a90	 x11:0xfffffff5 x30:0xfffffff8
        8895000	       888	80000aac	41218c33	sub	x24,x3,x18	  x3:0x00000307 x18:0x60e6898c x24=0x9f19797b
        8905000	       889	80000ab0	00309bb3	sll	x23,x1,x3	  x1:0x01fffdff  x3:0x00000307 x23=0xfffeff80
        8915000	       890	80000ab4	fcce90e3	bne	x29,x12,80000a74	 x29:0x00000011 x12:0x00000011
        8925000	       891	80000ab8	014593b3	sll	x7,x11,x20	 x11:0xfffffff5 x20:0x00007cdb  x7=0xa8000000
        8935000	       892	80000abc	01e90c63	beq	x18,x30,80000ad4	 x18:0x60e6898c x30:0xfffffff8
        8945000	       893	80000ac0	4d8c3e93	sltiu	x29,x24,1240	 x24:0x9f19797b x29=0x00000000
        8955000	       894	80000ac4	018f4463	blt	x30,x24,80000acc	 x30:0xfffffff8 x24:0x9f19797b
        8965000	       895	80000ac8	a88d6b93	ori	x23,x26,-1400	 x26:0x000002ac x23=0xfffffaac
        8975000	       896	80000acc	6a6fa113	slti	x2,x31,1702	 x31:0x00001c80  x2=0x00000000
        8985000	       897	80000ad0	034e0863	beq	x28,x20,80000b00	 x28:0xce857127 x20:0x00007cdb
        8995000	       898	80000ad4	006e2633	slt	x12,x28,x6	 x28:0xce857127  x6:0x80009f84 x12=0x00000000
        9005000	       899	80000ad8	01c6dc13	srli	x24,x13,0x1c	 x13:0xbae7d000 x24=0x0000000b
        9015000	       900	80000adc	433e2f13	slti	x30,x28,1075	 x28:0xce857127 x30=0x00000001
        9025000	       901	80000ae0	40acd633	sra	x12,x25,x10	 x25:0xffffffbd x10:0xfffff724 x12=0xfffffffb
        9035000	       902	80000ae4	01b41a63	bne	x8,x27,80000af8	  x8:0x0000007f x27:0x00ce857e
        9045000	       903	00000000	00000013	addi	x0,x0,0	  x0:0x00000000
        9055000	       904	80000af4	00000013	addi	x0,x0,0	  x0:0x00000000
        9065000	       905	80000af8	4236e897	auipc	x17,0x4236e	 x17=0xc236eaf4
        9075000	       906	80000afc	0225d263	bge	x11,x2,80000b20	 x11:0xfffffff5  x2:0x00000000
        9085000	       907	80000b00	40900db3	sub	x27,x0,x9	  x0:0x00000000  x9:0x80009fc4 x27=0x7fff603c
        9095000	       908	80000b04	0101c133	xor	x2,x3,x16	  x3:0x00000307 x16:0x000001ab  x2=0x000002ac
        9105000	       909	80000b08	415e5f93	srai	x31,x28,0x15	 x28:0xce857127 x31=0xfffffe74
        9115000	       910	80000b0c	41f98033	sub	x0,x19,x31	 x19:0x60e6898d x31:0xfffffe74
        9125000	       911	80000b10	4129d593	srai	x11,x19,0x12	 x19:0x60e6898d x11=0x00001839
        9135000	       912	80000b14	013ec3b3	xor	x7,x29,x19	 x29:0x00000000 x19:0x60e6898d  x7=0x60e6898d
        9145000	       913	80000b18	01631033	sll	x0,x6,x22	  x6:0x80009f84 x22:0xfffffd26
        9155000	       914	80000b1c	03d80a63	beq	x16,x29,80000b50	 x16:0x000001ab x29:0x00000000
        9165000	       915	80000b20	4089d133	sra	x2,x19,x8	 x19:0x60e6898d  x8:0x0000007f  x2=0x00000000
        9175000	       916	80000b24	016232b3	sltu	x5,x4,x22	  x4:0xf9b66a88 x22:0xfffffd26  x5=0x00000001
        9185000	       917	80000b28	01218cb3	add	x25,x3,x18	  x3:0x00000307 x18:0x60e6898c x25=0x60e68c93
        9195000	       918	80000b2c	b928f093	andi	x1,x17,-1134	 x17:0xc236eaf4  x1=0xc236ea90
        9205000	       919	80000b30	011f7663	bgeu	x30,x17,80000b3c	 x30:0x00000001 x17:0xc236eaf4
        9215000	       920	80000b34	c0ce7e93	andi	x29,x28,-1012	 x28:0xce857127 x29=0xce857004
        9225000	       921	80000b38	01123f33	sltu	x30,x4,x17	  x4:0xf9b66a88 x17:0xc236eaf4 x30=0x00000000
        9235000	       922	80000b3c	003c6263	bltu	x24,x3,80000b40	 x24:0x0000000b  x3:0x00000307
        9245000	       923	00000000	00000013	addi	x0,x0,0	  x0:0x00000000
        9255000	       924	80000b3c	00000013	addi	x0,x0,0	  x0:0x00000000
        9265000	       925	80000b40	011da733	slt	x14,x27,x17	 x27:0x7fff603c x17:0xc236eaf4 x14=0x00000000
        9275000	       926	80000b44	24252713	slti	x14,x10,578	 x10:0xfffff724 x14=0x00000001
        9285000	       927	80000b48	000cd113	srli	x2,x25,0x0	 x25:0x60e68c93  x2=0x60e68c93
        9295000	       928	80000b4c	0048a8b3	slt	x17,x17,x4	 x17:0xc236eaf4  x4:0xf9b66a88 x17=0x00000001
        9305000	       929	80000b50	00ee65b3	or	x11,x28,x14	 x28:0xce857127 x14:0x00000001 x11=0xce857127
        9315000	       930	80000b54	414c5cb3	sra	x25,x24,x20	 x24:0x0000000b x20:0x00007cdb x25=0x00000000
        9325000	       931	80000b58	002ce433	or	x8,x25,x2	 x25:0x00000000  x2:0x60e68c93  x8=0x60e68c93
        9335000	       932	80000b5c	ff054413	xori	x8,x10,-16	 x10:0xfffff724  x8=0x000008d4
        9345000	       933	80000b60	41d18db3	sub	x27,x3,x29	  x3:0x00000307 x29:0xce857004 x27=0x317a9303
        9355000	       934	80000b64	58c66c97	auipc	x25,0x58c66	 x25=0xd8c66b60
        9365000	       935	80000b68	41958433	sub	x8,x11,x25	 x11:0xce857127 x25:0xd8c66b60  x8=0xf5bf05c7
        9375000	       936	80000b6c	00abc5b3	xor	x11,x23,x10	 x23:0xfffffaac x10:0xfffff724 x11=0x00000d88
        9385000	       937	80000b70	021d6463	bltu	x26,x1,80000b98	 x26:0x000002ac  x1:0xc236ea90
        9395000	       938	00000000	00000013	addi	x0,x0,0	  x0:0x00000000
        9405000	       939	80000b94	00000013	addi	x0,x0,0	  x0:0x00000000
        9415000	       940	80000b98	00000013	addi	x0,x0,0	  x0:0x00000000
        9425000	       941	80000b9c	08a9aa13	slti	x20,x19,138	 x19:0x60e6898d x20=0x00000000
        9435000	       942	80000ba0	00000013	addi	x0,x0,0	  x0:0x00000000
        9445000	       943	80000ba4	01d59463	bne	x11,x29,80000bac	 x11:0x00000d88 x29:0xce857004
        9455000	       944	00000000	00000013	addi	x0,x0,0	  x0:0x00000000
        9465000	       945	80000ba8	00000013	addi	x0,x0,0	  x0:0x00000000
        9475000	       946	80000bac	6d50e513	ori	x10,x1,1749	  x1:0xc236ea90 x10=0xc236eed5
        9485000	       947	80000bb0	41dc80b3	sub	x1,x25,x29	 x25:0xd8c66b60 x29:0xce857004  x1=0x0a40fb5c
        9495000	       948	80000bb4	417e5193	srai	x3,x28,0x17	 x28:0xce857127  x3=0xffffff9d
        9505000	       949	80000bb8	f7aeea37	lui	x20,0xf7aee	 x20=0xf7aee000
        9515000	       950	80000bbc	01fc0663	beq	x24,x31,80000bc8	 x24:0x0000000b x31:0xfffffe74
        9525000	       951	80000bc0	00479463	bne	x15,x4,80000bc8	 x15:0x0000007f  x4:0xf9b66a88
        9535000	       952	00000000	00000013	addi	x0,x0,0	  x0:0x00000000
        9545000	       953	80000bc4	00000013	addi	x0,x0,0	  x0:0x00000000
        9555000	       954	80000bc8	04bc9063	bne	x25,x11,80000c08	 x25:0xd8c66b60 x11:0x00000d88
        9565000	       955	00000000	00000013	addi	x0,x0,0	  x0:0x00000000
        9575000	       956	80000c04	00000013	addi	x0,x0,0	  x0:0x00000000
        9585000	       957	80000c08	00fae8b3	or	x17,x21,x15	 x21:0x48000000 x15:0x0000007f x17=0x4800007f
        9595000	       958	80000c0c	0131b733	sltu	x14,x3,x19	  x3:0xffffff9d x19:0x60e6898d x14=0x00000000
        9605000	       959	80000c10	e5174a93	xori	x21,x14,-431	 x14:0x00000000 x21=0xfffffe51
        9615000	       960	80000c14	01789c33	sll	x24,x17,x23	 x17:0x4800007f x23:0xfffffaac x24=0x0007f000
        9625000	       961	80000c18	65a67613	andi	x12,x12,1626	 x12:0xfffffffb x12=0x0000065a
        9635000	       962	80000c1c	41acdd93	srai	x27,x25,0x1a	 x25:0xd8c66b60 x27=0xfffffff6
        9645000	       963	80000c20	02a3b513	sltiu	x10,x7,42	  x7:0x60e6898d x10=0x00000000
        9655000	       964	80000c24	01076c33	or	x24,x14,x16	 x14:0x00000000 x16:0x000001ab x24=0x000001ab
        9665000	       965	80000c28	00ba29b3	slt	x19,x20,x11	 x20:0xf7aee000 x11:0x00000d88 x19=0x00000001
        9675000	       966	80000c2c	012a59b3	srl	x19,x20,x18	 x20:0xf7aee000 x18:0x60e6898c x19=0x000f7aee
        9685000	       967	80000c30	51acc993	xori	x19,x25,1306	 x25:0xd8c66b60 x19=0xd8c66e7a
        9695000	       968	80000c34	005d2f33	slt	x30,x26,x5	 x26:0x000002ac  x5:0x00000001 x30=0x00000000
        9705000	       969	80000c38	410b5593	srai	x11,x22,0x10	 x22:0xfffffd26 x11=0xffffffff
        9715000	       970	80000c3c	349cbf13	sltiu	x30,x25,841	 x25:0xd8c66b60 x30=0x00000000
        9725000	       971	80000c40	01f3f033	and	x0,x7,x31	  x7:0x60e6898d x31:0xfffffe74
        9735000	       972	80000c44	d574dd97	auipc	x27,0xd574d	 x27=0x5574dc40
        9745000	       973	80000c48	00ab4a63	blt	x22,x10,80000c5c	 x22:0xfffffd26 x10:0x00000000
        9755000	       974	00000000	00000013	addi	x0,x0,0	  x0:0x00000000
        9765000	       975	80000c58	00000013	addi	x0,x0,0	  x0:0x00000000
        9775000	       976	80000c5c	043c4063	blt	x24,x3,80000c9c	 x24:0x000001ab  x3:0xffffff9d
        9785000	       977	80000c60	01a09a33	sll	x20,x1,x26	  x1:0x0a40fb5c x26:0x000002ac x20=0x0fb5c000
        9795000	       978	80000c64	d52cb913	sltiu	x18,x25,-686	 x25:0xd8c66b60 x18=0x00000001
        9805000	       979	80000c68	0360c463	blt	x1,x22,80000c90	  x1:0x0a40fb5c x22:0xfffffd26
        9815000	       980	80000c6c	0155b0b3	sltu	x1,x11,x21	 x11:0xffffffff x21:0xfffffe51  x1=0x00000000
        9825000	       981	80000c70	507e8113	addi	x2,x29,1287	 x29:0xce857004  x2=0xce85750b
        9835000	       982	80000c74	001ad713	srli	x14,x21,0x1	 x21:0xfffffe51 x14=0x7fffff28
        9845000	       983	80000c78	002221b3	slt	x3,x4,x2	  x4:0xf9b66a88  x2:0xce85750b  x3=0x00000000
        9855000	       984	80000c7c	00000013	addi	x0,x0,0	  x0:0x00000000
        9865000	       985	80000c80	00a2fa33	and	x20,x5,x10	  x5:0x00000001 x10:0x00000000 x20=0x00000000
        9875000	       986	80000c84	0066e2b3	or	x5,x13,x6	 x13:0xbae7d000  x6:0x80009f84  x5=0xbae7df84
        9885000	       987	80000c88	122f2017	auipc	x0,0x122f2	
        9895000	       988	80000c8c	02fb8463	beq	x23,x15,80000cb4	 x23:0xfffffaac x15:0x0000007f
        9905000	       989	80000c90	01d41a33	sll	x20,x8,x29	  x8:0xf5bf05c7 x29:0xce857004 x20=0x5bf05c70
        9915000	       990	80000c94	01f583b3	add	x7,x11,x31	 x11:0xffffffff x31:0xfffffe74  x7=0xfffffe73
        9925000	       991	80000c98	6a64f193	andi	x3,x9,1702	  x9:0x80009fc4  x3=0x00000684
        9935000	       992	80000c9c	41c6d893	srai	x17,x13,0x1c	 x13:0xbae7d000 x17=0xfffffffb
        9945000	       993	80000ca0	549bf393	andi	x7,x23,1353	 x23:0xfffffaac  x7=0x00000008
        9955000	       994	80000ca4	00665c63	bge	x12,x6,80000cbc	 x12:0x0000065a  x6:0x80009f84
        9965000	       995	00000000	00000013	addi	x0,x0,0	  x0:0x00000000
        9975000	       996	80000cb8	00000013	addi	x0,x0,0	  x0:0x00000000
        9985000	       997	80000cbc	6fe57a93	andi	x21,x10,1790	 x10:0x00000000 x21=0x00000000
        9995000	       998	80000cc0	aaf8cb13	xori	x22,x17,-1361	 x17:0xfffffffb x22=0x00000554
       10005000	       999	80000cc4	99536293	ori	x5,x6,-1643	  x6:0x80009f84  x5=0xffffff95
       10015000	      1000	80000cc8	05ce8063	beq	x29,x28,80000d08	 x29:0xce857004 x28:0xce857127
       10025000	      1001	80000ccc	8c114d93	xori	x27,x2,-1855	  x2:0xce85750b x27=0x317a8dca
       10035000	      1002	80000cd0	05a5c863	blt	x11,x26,80000d20	 x11:0xffffffff x26:0x000002ac
       10045000	      1003	00000000	00000013	addi	x0,x0,0	  x0:0x00000000
       10055000	      1004	80000d1c	00000013	addi	x0,x0,0	  x0:0x00000000
       10065000	      1005	80000d20	00fc6263	bltu	x24,x15,80000d24	 x24:0x000001ab x15:0x0000007f
       10075000	      1006	80000d24	7946a193	slti	x3,x13,1940	 x13:0xbae7d000  x3=0x00000001
       10085000	      1007	80000d28	40795033	sra	x0,x18,x7	 x18:0x00000001  x7:0x00000008
       10095000	      1008	80000d2c	0199d033	srl	x0,x19,x25	 x19:0xd8c66e7a x25:0xd8c66b60
       10105000	      1009	80000d30	000be263	bltu	x23,x0,80000d34	 x23:0xfffffaac  x0:0x00000000
       10115000	      1010	80000d34	01428463	beq	x5,x20,80000d3c	  x5:0xffffff95 x20:0x5bf05c70
       10125000	      1011	80000d38	01a49793	slli	x15,x9,0x1a	  x9:0x80009fc4 x15=0x10000000
       10135000	      1012	80000d3c	00f451b3	srl	x3,x8,x15	  x8:0xf5bf05c7 x15:0x10000000  x3=0xf5bf05c7
       10145000	      1013	80000d40	9f6e3813	sltiu	x16,x28,-1546	 x28:0xce857127 x16=0x00000001
       10155000	      1014	80000d44	01dd7263	bgeu	x26,x29,80000d48	 x26:0x000002ac x29:0xce857004
       10165000	      1015	80000d48	00000013	addi	x0,x0,0	  x0:0x00000000
       10175000	      1016	80000d4c	7b557b13	andi	x22,x10,1973	 x10:0x00000000 x22=0x00000000
       10185000	      1017	80000d50	01f257b3	srl	x15,x4,x31	  x4:0xf9b66a88 x31:0xfffffe74 x15=0x00000f9b
       10195000	      1018	80000d54	00295a63	bge	x18,x2,80000d68	 x18:0x00000001  x2:0xce85750b
       10205000	      1019	00000000	00000013	addi	x0,x0,0	  x0:0x00000000
       10215000	      1020	80000d64	00000013	addi	x0,x0,0	  x0:0x00000000
       10225000	      1021	80000d68	0144d263	bge	x9,x20,80000d6c	  x9:0x80009fc4 x20:0x5bf05c70
       10235000	      1022	80000d6c	74faeb13	ori	x22,x21,1871	 x21:0x00000000 x22=0x0000074f
       10245000	      1023	80000d70	0078d5b3	srl	x11,x17,x7	 x17:0xfffffffb  x7:0x00000008 x11=0x00ffffff
       10255000	      1024	80000d74	00dc36b3	sltu	x13,x24,x13	 x24:0x000001ab x13:0xbae7d000 x13=0x00000001
       10265000	      1025	80000d78	05008063	beq	x1,x16,80000db8	  x1:0x00000000 x16:0x00000001
       10275000	      1026	80000d7c	0047a033	slt	x0,x15,x4	 x15:0x00000f9b  x4:0xf9b66a88
       10285000	      1027	80000d80	4c1e0a13	addi	x20,x28,1217	 x28:0xce857127 x20=0xce8575e8
       10295000	      1028	80000d84	409b81b3	sub	x3,x23,x9	 x23:0xfffffaac  x9:0x80009fc4  x3=0x7fff5ae8
       10305000	      1029	80000d88	d2bd8e97	auipc	x29,0xd2bd8	 x29=0x52bd8d84
       10315000	      1030	80000d8c	00e653b3	srl	x7,x12,x14	 x12:0x0000065a x14:0x7fffff28  x7=0x00000006
       10325000	      1031	80000d90	7a534b93	xori	x23,x6,1957	  x6:0x80009f84 x23=0x80009821
       10335000	      1032	80000d94	2bb83e93	sltiu	x29,x16,699	 x16:0x00000001 x29=0x00000001
       10345000	      1033	80000d98	0292d263	bge	x5,x9,80000dbc	  x5:0xffffff95  x9:0x80009fc4
       10355000	      1034	00000000	00000013	addi	x0,x0,0	  x0:0x00000000
       10365000	      1035	80000db8	00000013	addi	x0,x0,0	  x0:0x00000000
       10375000	      1036	80000dbc	00b462b3	or	x5,x8,x11	  x8:0xf5bf05c7 x11:0x00ffffff  x5=0xf5ffffff
       10385000	      1037	80000dc0	24907693	andi	x13,x0,585	  x0:0x00000000 x13=0x00000000
       10395000	      1038	80000dc4	b80c4d13	xori	x26,x24,-1152	 x24:0x000001ab x26=0xfffffa2b
       10405000	      1039	80000dc8	00122c33	slt	x24,x4,x1	  x4:0xf9b66a88  x1:0x00000000 x24=0x00000001
       10415000	      1040	80000dcc	0061d213	srli	x4,x3,0x6	  x3:0x7fff5ae8  x4=0x01fffd6b
       10425000	      1041	80000dd0	01bef263	bgeu	x29,x27,80000dd4	 x29:0x00000001 x27:0x317a8dca
       10435000	      1042	80000dd4	17163793	sltiu	x15,x12,369	 x12:0x0000065a x15=0x00000000
       10445000	      1043	80000dd8	01cd2933	slt	x18,x26,x28	 x26:0xfffffa2b x28:0xce857127 x18=0x00000000
       10455000	      1044	80000ddc	03e70463	beq	x14,x30,80000e04	 x14:0x7fffff28 x30:0x00000000
       10465000	      1045	80000de0	19c3c793	xori	x15,x7,412	  x7:0x00000006 x15=0x0000019a
       10475000	      1046	80000de4	b12b3393	sltiu	x7,x22,-1262	 x22:0x0000074f  x7=0x00000001
       10485000	      1047	80000de8	01b36233	or	x4,x6,x27	  x6:0x80009f84 x27:0x317a8dca  x4=0xb17a9fce
       10495000	      1048	80000dec	2cbc6193	ori	x3,x24,715	 x24:0x00000001  x3=0x000002cb
       10505000	      1049	80000df0	00b9d693	srli	x13,x19,0xb	 x19:0xd8c66e7a x13=0x001b18cd
       10515000	      1050	80000df4	68083737	lui	x14,0x68083	 x14=0x68083000
       10525000	      1051	80000df8	01f21463	bne	x4,x31,80000e00	  x4:0xb17a9fce x31:0xfffffe74
       10535000	      1052	00000000	00000013	addi	x0,x0,0	  x0:0x00000000
       10545000	      1053	80000dfc	00000013	addi	x0,x0,0	  x0:0x00000000
       10555000	      1054	80000e00	001cdf93	srli	x31,x25,0x1	 x25:0xd8c66b60 x31=0x6c6335b0
       10565000	      1055	80000e04	47e54c13	xori	x24,x10,1150	 x10:0x00000000 x24=0x0000047e
       10575000	      1056	80000e08	4084da93	srai	x21,x9,0x8	  x9:0x80009fc4 x21=0xff80009f
       10585000	      1057	80000e0c	01d7c463	blt	x15,x29,80000e14	 x15:0x0000019a x29:0x00000001
       10595000	      1058	80000e10	00935593	srli	x11,x6,0x9	  x6:0x80009f84 x11=0x0040004f
       10605000	      1059	80000e14	929e4593	xori	x11,x28,-1751	 x28:0xce857127 x11=0x317a880e
       10615000	      1060	80000e18	00699193	slli	x3,x19,0x6	 x19:0xd8c66e7a  x3=0x319b9e80
       10625000	      1061	80000e1c	000efa63	bgeu	x29,x0,80000e30	 x29:0x00000001  x0:0x00000000
       10635000	      1062	00000000	00000013	addi	x0,x0,0	  x0:0x00000000
       10645000	      1063	80000e2c	00000013	addi	x0,x0,0	  x0:0x00000000
       10655000	      1064	80000e30	403f85b3	sub	x11,x31,x3	 x31:0x6c6335b0  x3:0x319b9e80 x11=0x3ac79730
       10665000	      1065	80000e34	41785093	srai	x1,x16,0x17	 x16:0x00000001  x1=0x00000000
       10675000	      1066	80000e38	030e9c63	bne	x29,x16,80000e70	 x29:0x00000001 x16:0x00000001
       10685000	      1067	80000e3c	00af4663	blt	x30,x10,80000e48	 x30:0x00000000 x10:0x00000000
       10695000	      1068	80000e40	2fe18193	addi	x3,x3,766	  x3:0x319b9e80  x3=0x319ba17e
       10705000	      1069	80000e44	dda1f813	andi	x16,x3,-550	  x3:0x319ba17e x16=0x319ba15a
       10715000	      1070	80000e48	0a795697	auipc	x13,0xa795	 x13=0x8a795e44
       10725000	      1071	80000e4c	05afc893	xori	x17,x31,90	 x31:0x6c6335b0 x17=0x6c6335ea
       10735000	      1072	80000e50	3216c693	xori	x13,x13,801	 x13:0x8a795e44 x13=0x8a795d65
       10745000	      1073	80000e54	035f5463	bge	x30,x21,80000e7c	 x30:0x00000000 x21:0xff80009f
       10755000	      1074	00000000	00000013	addi	x0,x0,0	  x0:0x00000000
       10765000	      1075	80000e78	00000013	addi	x0,x0,0	  x0:0x00000000
       10775000	      1076	80000e7c	00d44863	blt	x8,x13,80000e8c	  x8:0xf5bf05c7 x13:0x8a795d65
       10785000	      1077	80000e80	b555f193	andi	x3,x11,-1195	 x11:0x3ac79730  x3=0x3ac79310
       10795000	      1078	80000e84	0164ea63	bltu	x9,x22,80000e98	  x9:0x80009fc4 x22:0x0000074f
       10805000	      1079	80000e88	00343ab3	sltu	x21,x8,x3	  x8:0xf5bf05c7  x3:0x3ac79310 x21=0x00000000
       10815000	      1080	80000e8c	01441fb3	sll	x31,x8,x20	  x8:0xf5bf05c7 x20:0xce8575e8 x31=0xbf05c700
       10825000	      1081	80000e90	02697a63	bgeu	x18,x6,80000ec4	 x18:0x00000000  x6:0x80009f84
       10835000	      1082	80000e94	921e4113	xori	x2,x28,-1759	 x28:0xce857127  x2=0x317a8806
       10845000	      1083	80000e98	01140263	beq	x8,x17,80000e9c	  x8:0xf5bf05c7 x17:0x6c6335ea
       10855000	      1084	80000e9c	413a8f33	sub	x30,x21,x19	 x21:0x00000000 x19:0xd8c66e7a x30=0x27399186
       10865000	      1085	80000ea0	00d41ab3	sll	x21,x8,x13	  x8:0xf5bf05c7 x13:0x8a795d65 x21=0xb7e0b8e0
       10875000	      1086	80000ea4	015a17b3	sll	x15,x20,x21	 x20:0xce8575e8 x21:0xb7e0b8e0 x15=0xce8575e8
       10885000	      1087	80000ea8	400e5d93	srai	x27,x28,0x0	 x28:0xce857127 x27=0xce857127
       10895000	      1088	80000eac	01cce463	bltu	x25,x28,80000eb4	 x25:0xd8c66b60 x28:0xce857127
       10905000	      1089	80000eb0	016465b3	or	x11,x8,x22	  x8:0xf5bf05c7 x22:0x0000074f x11=0xf5bf07cf
       10915000	      1090	80000eb4	01b0a933	slt	x18,x1,x27	  x1:0x00000000 x27:0xce857127 x18=0x00000000
       10925000	      1091	80000eb8	0048b9b3	sltu	x19,x17,x4	 x17:0x6c6335ea  x4:0xb17a9fce x19=0x00000001
       10935000	      1092	80000ebc	74c63293	sltiu	x5,x12,1868	 x12:0x0000065a  x5=0x00000001
       10945000	      1093	80000ec0	008de463	bltu	x27,x8,80000ec8	 x27:0xce857127  x8:0xf5bf05c7
       10955000	      1094	00000000	00000013	addi	x0,x0,0	  x0:0x00000000
       10965000	      1095	80000ec4	00000013	addi	x0,x0,0	  x0:0x00000000
       10975000	      1096	80000ec8	010520b3	slt	x1,x10,x16	 x10:0x00000000 x16:0x319ba15a  x1=0x00000001
       10985000	      1097	80000ecc	411e59b3	sra	x19,x28,x17	 x28:0xce857127 x17:0x6c6335ea x19=0xfff3a15c
       10995000	      1098	80000ed0	323f7213	andi	x4,x30,803	 x30:0x27399186  x4=0x00000102
       11005000	      1099	80000ed4	01200a33	add	x20,x0,x18	  x0:0x00000000 x18:0x00000000 x20=0x00000000
       11015000	      1100	80000ed8	40515013	srai	x0,x2,0x5	  x2:0x317a8806
       11025000	      1101	80000edc	8d2a0f13	addi	x30,x20,-1838	 x20:0x00000000 x30=0xfffff8d2
       11035000	      1102	80000ee0	0c7aa597	auipc	x11,0xc7aa	 x11=0x8c7aaedc
       11045000	      1103	80000ee4	0306f863	bgeu	x13,x16,80000f14	 x13:0x8a795d65 x16:0x319ba15a
       11055000	      1104	00000000	00000013	addi	x0,x0,0	  x0:0x00000000
       11065000	      1105	80000f10	00000013	addi	x0,x0,0	  x0:0x00000000
       11075000	      1106	80000f14	41ca0c33	sub	x24,x20,x28	 x20:0x00000000 x28:0xce857127 x24=0x317a8ed9
       11085000	      1107	80000f18	016b3eb3	sltu	x29,x22,x22	 x22:0x0000074f x22:0x0000074f x29=0x00000000
       11095000	      1108	80000f1c	04784863	blt	x16,x7,80000f6c	 x16:0x319ba15a  x7:0x00000001
       11105000	      1109	80000f20	00563c33	sltu	x24,x12,x5	 x12:0x0000065a  x5:0x00000001 x24=0x00000000
       11115000	      1110	80000f24	dd984637	lui	x12,0xdd984	 x12=0xdd984000
       11125000	      1111	80000f28	9e4d2893	slti	x17,x26,-1564	 x26:0xfffffa2b x17=0x00000000
       11135000	      1112	80000f2c	018e9c33	sll	x24,x29,x24	 x29:0x00000000 x24:0x00000000 x24=0x00000000
       11145000	      1113	80000f30	00000013	addi	x0,x0,0	  x0:0x00000000
       11155000	      1114	80000f34	227a6993	ori	x19,x20,551	 x20:0x00000000 x19=0x00000227
       11165000	      1115	80000f38	40275593	srai	x11,x14,0x2	 x14:0x68083000 x11=0x1a020c00
       11175000	      1116	80000f3c	04add063	bge	x27,x10,80000f7c	 x27:0xce857127 x10:0x00000000
       11185000	      1117	80000f40	ef33e637	lui	x12,0xef33e	 x12=0xef33e000
       11195000	      1118	80000f44	024d5263	bge	x26,x4,80000f68	 x26:0xfffffa2b  x4:0x00000102
       11205000	      1119	80000f48	04540863	beq	x8,x5,80000f98	  x8:0xf5bf05c7  x5:0x00000001
       11215000	      1120	80000f4c	00ab1733	sll	x14,x22,x10	 x22:0x0000074f x10:0x00000000 x14=0x0000074f
       11225000	      1121	80000f50	02d51463	bne	x10,x13,80000f78	 x10:0x00000000 x13:0x8a795d65
       11235000	      1122	00000000	00000013	addi	x0,x0,0	  x0:0x00000000
       11245000	      1123	80000f74	00000013	addi	x0,x0,0	  x0:0x00000000
       11255000	      1124	80000f78	00e575b3	and	x11,x10,x14	 x10:0x00000000 x14:0x0000074f x11=0x00000000
       11265000	      1125	80000f7c	06da7b97	auipc	x23,0x6da7	 x23=0x86da7f78
       11275000	      1126	80000f80	66c43513	sltiu	x10,x8,1644	  x8:0xf5bf05c7 x10=0x00000000
       11285000	      1127	80000f84	00c1ec33	or	x24,x3,x12	  x3:0x3ac79310 x12:0xef33e000 x24=0xfff7f310
       11295000	      1128	80000f88	03535863	bge	x6,x21,80000fb8	  x6:0x80009f84 x21:0xb7e0b8e0
       11305000	      1129	80000f8c	413b87b3	sub	x15,x23,x19	 x23:0x86da7f78 x19:0x00000227 x15=0x86da7d51
       11315000	      1130	80000f90	41f28fb3	sub	x31,x5,x31	  x5:0x00000001 x31:0xbf05c700 x31=0x40fa3901
       11325000	      1131	80000f94	01492fb3	slt	x31,x18,x20	 x18:0x00000000 x20:0x00000000 x31=0x00000000
       11335000	      1132	80000f98	6f16ed13	ori	x26,x13,1777	 x13:0x8a795d65 x26=0x8a795ff5
       11345000	      1133	80000f9c	e959bb93	sltiu	x23,x19,-363	 x19:0x00000227 x23=0x00000001
       11355000	      1134	80000fa0	ff4b4913	xori	x18,x22,-12	 x22:0x0000074f x18=0xfffff8bb
       11365000	      1135	80000fa4	40c75933	sra	x18,x14,x12	 x14:0x0000074f x12:0xef33e000 x18=0x0000074f
       11375000	      1136	80000fa8	00091813	slli	x16,x18,0x0	 x18:0x0000074f x16=0x0000074f
       11385000	      1137	80000fac	014e06b3	add	x13,x28,x20	 x28:0xce857127 x20:0x00000000 x13=0xce857127
       11395000	      1138	80000fb0	0145e663	bltu	x11,x20,80000fbc	 x11:0x00000000 x20:0x00000000
       11405000	      1139	80000fb4	00a02c33	slt	x24,x0,x10	  x0:0x00000000 x10:0x00000000 x24=0x00000000
       11415000	      1140	80000fb8	28d5ba93	sltiu	x21,x11,653	 x11:0x00000000 x21=0x00000001
       11425000	      1141	80000fbc	00245413	srli	x8,x8,0x2	  x8:0xf5bf05c7  x8=0x3d6fc171
       11435000	      1142	80000fc0	400bd013	srai	x0,x23,0x0	 x23:0x00000001
       11445000	      1143	80000fc4	0171bd33	sltu	x26,x3,x23	  x3:0x3ac79310 x23:0x00000001 x26=0x00000000
       11455000	      1144	80000fc8	01fed913	srli	x18,x29,0x1f	 x29:0x00000000 x18=0x00000000
       11465000	      1145	80000fcc	006e5933	srl	x18,x28,x6	 x28:0xce857127  x6:0x80009f84 x18=0x0ce85712
       11475000	      1146	80000fd0	941fe693	ori	x13,x31,-1727	 x31:0x00000000 x13=0xfffff941
       11485000	      1147	80000fd4	01c3ba33	sltu	x20,x7,x28	  x7:0x00000001 x28:0xce857127 x20=0x00000001
       11495000	      1148	80000fd8	42038093	addi	x1,x7,1056	  x7:0x00000001  x1=0x00000421
       11505000	      1149	80000fdc	4187dc13	srai	x24,x15,0x18	 x15:0x86da7d51 x24=0xffffff86
       11515000	      1150	80000fe0	d390a413	slti	x8,x1,-711	  x1:0x00000421  x8=0x00000000
       11525000	      1151	80000fe4	847e7937	lui	x18,0x847e7	 x18=0x847e7000
       11535000	      1152	80000fe8	03248463	beq	x9,x18,80001010	  x9:0x80009fc4 x18:0x847e7000
       11545000	      1153	80000fec	00cbb033	sltu	x0,x23,x12	 x23:0x00000001 x12:0xef33e000
       11555000	      1154	80000ff0	006987b3	add	x15,x19,x6	 x19:0x00000227  x6:0x80009f84 x15=0x8000a1ab
       11565000	      1155	80000ff4	006423b3	slt	x7,x8,x6	  x8:0x00000000  x6:0x80009f84  x7=0x00000000
       11575000	      1156	80000ff8	5f55fa13	andi	x20,x11,1525	 x11:0x00000000 x20=0x00000000
       11585000	      1157	80000ffc	01271a13	slli	x20,x14,0x12	 x14:0x0000074f x20=0x1d3c0000
       11595000	      1158	80001000	d2288993	addi	x19,x17,-734	 x17:0x00000000 x19=0xfffffd22
       11605000	      1159	80001004	057af063	bgeu	x21,x23,80001044	 x21:0x00000001 x23:0x00000001
       11615000	      1160	00000000	00000013	addi	x0,x0,0	  x0:0x00000000
       11625000	      1161	80001040	00000013	addi	x0,x0,0	  x0:0x00000000
       11635000	      1162	80001044	01158463	beq	x11,x17,8000104c	 x11:0x00000000 x17:0x00000000
       11645000	      1163	00000000	00000013	addi	x0,x0,0	  x0:0x00000000
       11655000	      1164	80001048	00000013	addi	x0,x0,0	  x0:0x00000000
       11665000	      1165	8000104c	538db597	auipc	x11,0x538db	 x11=0xd38dc048
       11675000	      1166	80001050	fbf07993	andi	x19,x0,-65	  x0:0x00000000 x19=0x00000000
       11685000	      1167	80001054	33a2ae97	auipc	x29,0x33a2a	 x29=0xb3a2b050
       11695000	      1168	80001058	00769263	bne	x13,x7,8000105c	 x13:0xfffff941  x7:0x00000000
       11705000	      1169	00000000	00000013	addi	x0,x0,0	  x0:0x00000000
       11715000	      1170	80001058	00000013	addi	x0,x0,0	  x0:0x00000000
       11725000	      1171	8000105c	02230463	beq	x6,x2,80001084	  x6:0x80009f84  x2:0x317a8806
       11735000	      1172	80001060	0173c263	blt	x7,x23,80001064	  x7:0x00000000 x23:0x00000001
       11745000	      1173	00000000	00000013	addi	x0,x0,0	  x0:0x00000000
       11755000	      1174	80001060	00000013	addi	x0,x0,0	  x0:0x00000000
       11765000	      1175	80001064	00421b13	slli	x22,x4,0x4	  x4:0x00000102 x22=0x00001020
       11775000	      1176	80001068	4e672d13	slti	x26,x14,1254	 x14:0x0000074f x26=0x00000000
       11785000	      1177	8000106c	51128d37	lui	x26,0x51128	 x26=0x51128000
       11795000	      1178	80001070	59ea4593	xori	x11,x20,1438	 x20:0x1d3c0000 x11=0x1d3c059e
       11805000	      1179	80001074	3dd18b93	addi	x23,x3,989	  x3:0x3ac79310 x23=0x3ac796ed
       11815000	      1180	80001078	40178f33	sub	x30,x15,x1	 x15:0x8000a1ab  x1:0x00000421 x30=0x80009d8a
       11825000	      1181	8000107c	00742cb3	slt	x25,x8,x7	  x8:0x00000000  x7:0x00000000 x25=0x00000000
       11835000	      1182	80001080	0158c133	xor	x2,x17,x21	 x17:0x00000000 x21:0x00000001  x2=0x00000001
       11845000	      1183	80001084	41b801b3	sub	x3,x16,x27	 x16:0x0000074f x27:0xce857127  x3=0x317a9628
       11855000	      1184	80001088	7e2ded37	lui	x26,0x7e2de	 x26=0x7e2de000
       11865000	      1185	8000108c	00408263	beq	x1,x4,80001090	  x1:0x00000421  x4:0x00000102
       11875000	      1186	80001090	00907533	and	x10,x0,x9	  x0:0x00000000  x9:0x80009fc4 x10=0x00000000
       11885000	      1187	80001094	00269793	slli	x15,x13,0x2	 x13:0xfffff941 x15=0xffffe504
       11895000	      1188	80001098	03431a63	bne	x6,x20,800010cc	  x6:0x80009f84 x20:0x1d3c0000
       11905000	      1189	00000000	00000013	addi	x0,x0,0	  x0:0x00000000
       11915000	      1190	800010c8	00000013	addi	x0,x0,0	  x0:0x00000000
       11925000	      1191	800010cc	02b58263	beq	x11,x11,800010f0	 x11:0x1d3c059e x11:0x1d3c059e
       11935000	      1192	00000000	00000013	addi	x0,x0,0	  x0:0x00000000
       11945000	      1193	800010ec	00000013	addi	x0,x0,0	  x0:0x00000000
       11955000	      1194	800010f0	014f6bb3	or	x23,x30,x20	 x30:0x80009d8a x20:0x1d3c0000 x23=0x9d3c9d8a
       11965000	      1195	800010f4	053c6063	bltu	x24,x19,80001134	 x24:0xffffff86 x19:0x00000000
       11975000	      1196	800010f8	010bc0b3	xor	x1,x23,x16	 x23:0x9d3c9d8a x16:0x0000074f  x1=0x9d3c9ac5
       11985000	      1197	800010fc	022a8463	beq	x21,x2,80001124	 x21:0x00000001  x2:0x00000001
       11995000	      1198	00000000	00000013	addi	x0,x0,0	  x0:0x00000000
       12005000	      1199	80001120	00000013	addi	x0,x0,0	  x0:0x00000000
       12015000	      1200	80001124	413adbb3	sra	x23,x21,x19	 x21:0x00000001 x19:0x00000000 x23=0x00000001
       12025000	      1201	80001128	66b1fd13	andi	x26,x3,1643	  x3:0x317a9628 x26=0x00000628
       12035000	      1202	8000112c	02447863	bgeu	x8,x4,8000115c	  x8:0x00000000  x4:0x00000102
       12045000	      1203	80001130	05b76863	bltu	x14,x27,80001180	 x14:0x0000074f x27:0xce857127
       12055000	      1204	00000000	00000013	addi	x0,x0,0	  x0:0x00000000
       12065000	      1205	8000117c	00000013	addi	x0,x0,0	  x0:0x00000000
       12075000	      1206	80001180	0093dc63	bge	x7,x9,80001198	  x7:0x00000000  x9:0x80009fc4
       12085000	      1207	00000000	00000013	addi	x0,x0,0	  x0:0x00000000
       12095000	      1208	80001194	00000013	addi	x0,x0,0	  x0:0x00000000
       12105000	      1209	80001198	00000013	addi	x0,x0,0	  x0:0x00000000
       12115000	      1210	8000119c	41a65613	srai	x12,x12,0x1a	 x12:0xef33e000 x12=0xfffffffb
       12125000	      1211	800011a0	00f3f133	and	x2,x7,x15	  x7:0x00000000 x15:0xffffe504  x2=0x00000000
       12135000	      1212	800011a4	0293ec63	bltu	x7,x9,800011dc	  x7:0x00000000  x9:0x80009fc4
       12145000	      1213	00000000	00000013	addi	x0,x0,0	  x0:0x00000000
       12155000	      1214	800011d8	00000013	addi	x0,x0,0	  x0:0x00000000
       12165000	      1215	800011dc	76588b17	auipc	x22,0x76588	 x22=0xf65891d8
       12175000	      1216	800011e0	00b6aeb3	slt	x29,x13,x11	 x13:0xfffff941 x11:0x1d3c059e x29=0x00000001
       12185000	      1217	800011e4	21160137	lui	x2,0x21160	  x2=0x21160000
       12195000	      1218	800011e8	992afd13	andi	x26,x21,-1646	 x21:0x00000001 x26=0x00000000
       12205000	      1219	800011ec	003a3b33	sltu	x22,x20,x3	 x20:0x1d3c0000  x3:0x317a9628 x22=0x00000001
       12215000	      1220	800011f0	417a5f13	srai	x30,x20,0x17	 x20:0x1d3c0000 x30=0x0000003a
       12225000	      1221	800011f4	0146e3b3	or	x7,x13,x20	 x13:0xfffff941 x20:0x1d3c0000  x7=0xfffff941
       12235000	      1222	800011f8	01795463	bge	x18,x23,80001200	 x18:0x847e7000 x23:0x00000001
       12245000	      1223	800011fc	00f568b3	or	x17,x10,x15	 x10:0x00000000 x15:0xffffe504 x17=0xffffe504
       12255000	      1224	80001200	00439463	bne	x7,x4,80001208	  x7:0xfffff941  x4:0x00000102
       12265000	      1225	00000000	00000013	addi	x0,x0,0	  x0:0x00000000
       12275000	      1226	80001204	00000013	addi	x0,x0,0	  x0:0x00000000
       12285000	      1227	80001208	40b4d5b3	sra	x11,x9,x11	  x9:0x80009fc4 x11:0x1d3c059e x11=0xfffffffe
       12295000	      1228	8000120c	00559d33	sll	x26,x11,x5	 x11:0xfffffffe  x5:0x00000001 x26=0xfffffffc
       12305000	      1229	80001210	00ca5263	bge	x20,x12,80001214	 x20:0x1d3c0000 x12:0xfffffffb
       12315000	      1230	00000000	00000013	addi	x0,x0,0	  x0:0x00000000
       12325000	      1231	80001210	00000013	addi	x0,x0,0	  x0:0x00000000
       12335000	      1232	80001214	00ea3933	sltu	x18,x20,x14	 x20:0x1d3c0000 x14:0x0000074f x18=0x00000000
       12345000	      1233	80001218	01e97863	bgeu	x18,x30,80001228	 x18:0x00000000 x30:0x0000003a
       12355000	      1234	8000121c	00ef7b33	and	x22,x30,x14	 x30:0x0000003a x14:0x0000074f x22=0x0000000a
       12365000	      1235	80001220	01ed15b3	sll	x11,x26,x30	 x26:0xfffffffc x30:0x0000003a x11=0xf0000000
       12375000	      1236	80001224	4006fc13	andi	x24,x13,1024	 x13:0xfffff941 x24=0x00000000
       12385000	      1237	80001228	00af1233	sll	x4,x30,x10	 x30:0x0000003a x10:0x00000000  x4=0x0000003a
       12395000	      1238	8000122c	0c5f6f13	ori	x30,x30,197	 x30:0x0000003a x30=0x000000ff
       12405000	      1239	80001230	417882b3	sub	x5,x17,x23	 x17:0xffffe504 x23:0x00000001  x5=0xffffe503
       12415000	      1240	80001234	02ebc263	blt	x23,x14,80001258	 x23:0x00000001 x14:0x0000074f
       12425000	      1241	00000000	00000013	addi	x0,x0,0	  x0:0x00000000
       12435000	      1242	80001254	00000013	addi	x0,x0,0	  x0:0x00000000
       12445000	      1243	80001258	8950b993	sltiu	x19,x1,-1899	  x1:0x9d3c9ac5 x19=0x00000001
       12455000	      1244	8000125c	0031a133	slt	x2,x3,x3	  x3:0x317a9628  x3:0x317a9628  x2=0x00000000
       12465000	      1245	80001260	15e3f293	andi	x5,x7,350	  x7:0xfffff941  x5=0x00000140
       12475000	      1246	80001264	03ff1463	bne	x30,x31,8000128c	 x30:0x000000ff x31:0x00000000
       12485000	      1247	00000000	00000013	addi	x0,x0,0	  x0:0x00000000
       12495000	      1248	80001288	00000013	addi	x0,x0,0	  x0:0x00000000
       12505000	      1249	8000128c	01494eb3	xor	x29,x18,x20	 x18:0x00000000 x20:0x1d3c0000 x29=0x1d3c0000
       12515000	      1250	80001290	00000013	addi	x0,x0,0	  x0:0x00000000
       12525000	      1251	80001294	41428533	sub	x10,x5,x20	  x5:0x00000140 x20:0x1d3c0000 x10=0xe2c40140
       12535000	      1252	80001298	00f81033	sll	x0,x16,x15	 x16:0x0000074f x15:0xffffe504
       12545000	      1253	8000129c	1091aab7	lui	x21,0x1091a	 x21=0x1091a000
       12555000	      1254	800012a0	00000797	auipc	x15,0x0	 x15=0x8000129c
       12565000	      1255	800012a4	6b078793	addi	x15,x15,1712	 x15:0x8000129c x15=0x8000194c
       12575000	      1256	800012a8	0199b833	sltu	x16,x19,x25	 x19:0x00000001 x25:0x00000000 x16=0x00000000
       12585000	      1257	800012ac	012fdb13	srli	x22,x31,0x12	 x31:0x00000000 x22=0x00000000
       12595000	      1258	800012b0	01133bb3	sltu	x23,x6,x17	  x6:0x80009f84 x17:0xffffe504 x23=0x00000001
       12605000	      1259	800012b4	41f08633	sub	x12,x1,x31	  x1:0x9d3c9ac5 x31:0x00000000 x12=0x9d3c9ac5
       12615000	      1260	800012b8	26278793	addi	x15,x15,610	 x15:0x8000194c x15=0x80001bae
       12625000	      1261	800012bc	00d59663	bne	x11,x13,800012c8	 x11:0xf0000000 x13:0xfffff941
       12635000	      1262	00000000	00000013	addi	x0,x0,0	  x0:0x00000000
       12645000	      1263	800012c4	00000013	addi	x0,x0,0	  x0:0x00000000
       12655000	      1264	800012c8	d9f785e7	jalr	x11,x15,-609	 x15:0x80001bae x11=0x800012c8
       12665000	      1265	00000000	00000013	addi	x0,x0,0	  x0:0x00000000
       12675000	      1266	8000194c	00000013	addi	x0,x0,0	  x0:0x00000000
       12685000	      1267	80001950	014496b3	sll	x13,x9,x20	  x9:0x80009fc4 x20:0x1d3c0000 x13=0x80009fc4
       12695000	      1268	80001954	41d95913	srai	x18,x18,0x1d	 x18:0x00000000 x18=0x00000000
       12705000	      1269	80001958	dacf0f13	addi	x30,x30,-596	 x30:0x000000ff x30=0xfffffeab
       12715000	      1270	8000195c	004e2eb3	slt	x29,x28,x4	 x28:0xce857127  x4:0x0000003a x29=0x00000001
       12725000	      1271	80001960	01a18fb3	add	x31,x3,x26	  x3:0x317a9628 x26:0xfffffffc x31=0x317a9624
       12735000	      1272	80001964	01b5d533	srl	x10,x11,x27	 x11:0x800012c8 x27:0xce857127 x10=0x01000025
       12745000	      1273	80001968	ff430313	addi	x6,x6,-12	  x6:0x80009f84  x6=0x80009f78
       12755000	      1274	8000196c	00dd8b33	add	x22,x27,x13	 x27:0xce857127 x13:0x80009fc4 x22=0x4e8610eb
       12765000	      1275	80001970	a8948f93	addi	x31,x9,-1399	  x9:0x80009fc4 x31=0x80009a4d
       12775000	      1276	80001974	00b32223	sw	x11,4(x6)	  x6:0x80009f78 x11:0x800012c8 PA:0x80009f7c
       12785000	      1277	80001978	bc300213	addi	x4,x0,-1085	  x0:0x00000000  x4=0xfffffbc3
       12795000	      1278	8000197c	00700893	addi	x17,x0,7	  x0:0x00000000 x17=0x00000007
       12805000	      1279	80001980	6ac20d13	addi	x26,x4,1708	  x4:0xfffffbc3 x26=0x0000026f
       12815000	      1280	80001984	ffd00c93	addi	x25,x0,-3	  x0:0x00000000 x25=0xfffffffd
       12825000	      1281	80001988	4024d0b3	sra	x1,x9,x2	  x9:0x80009fc4  x2:0x00000000  x1=0x80009fc4
       12835000	      1282	8000198c	5383ad97	auipc	x27,0x5383a	 x27=0xd383b988
       12845000	      1283	80001990	0143c233	xor	x4,x7,x20	  x7:0xfffff941 x20:0x1d3c0000  x4=0xe2c3f941
       12855000	      1284	80001994	e46e2f93	slti	x31,x28,-442	 x28:0xce857127 x31=0x00000001
       12865000	      1285	80001998	ffb88893	addi	x17,x17,-5	 x17:0x00000007 x17=0x00000002
       12875000	      1286	8000199c	c79f2197	auipc	x3,0xc79f2	  x3=0x479f3998
       12885000	      1287	800019a0	00e181b3	add	x3,x3,x14	  x3:0x479f3998 x14:0x0000074f  x3=0x479f40e7
       12895000	      1288	800019a4	ffa00593	addi	x11,x0,-6	  x0:0x00000000 x11=0xfffffffa
       12905000	      1289	800019a8	01e5c533	xor	x10,x11,x30	 x11:0xfffffffa x30:0xfffffeab x10=0x00000151
       12915000	      1290	800019ac	ff500793	addi	x15,x0,-11	  x0:0x00000000 x15=0xfffffff5
       12925000	      1291	800019b0	3d8f0993	addi	x19,x30,984	 x30:0xfffffeab x19=0x00000283
       12935000	      1292	800019b4	0018ab33	slt	x22,x17,x1	 x17:0x00000002  x1:0x80009fc4 x22=0x00000000
       12945000	      1293	800019b8	cde8de97	auipc	x29,0xcde8d	 x29=0x4de8e9b4
       12955000	      1294	800019bc	001d7433	and	x8,x26,x1	 x26:0x0000026f  x1:0x80009fc4  x8=0x00000244
       12965000	      1295	800019c0	afe5c093	xori	x1,x11,-1282	 x11:0xfffffffa  x1=0x00000504
       12975000	      1296	800019c4	006d8bb3	add	x23,x27,x6	 x27:0xd383b988  x6:0x80009f78 x23=0x53845900
       12985000	      1297	800019c8	41cd8533	sub	x10,x27,x28	 x27:0xd383b988 x28:0xce857127 x10=0x04fe4861
       12995000	      1298	800019cc	ffd58593	addi	x11,x11,-3	 x11:0xfffffffa x11=0xfffffff7
       13005000	      1299	800019d0	fef5d6e3	bge	x11,x15,800019bc	 x11:0xfffffff7 x15:0xfffffff5
       13015000	      1300	00000000	00000013	addi	x0,x0,0	  x0:0x00000000
       13025000	      1301	800019b8	00000013	addi	x0,x0,0	  x0:0x00000000
       13035000	      1302	800019bc	001d7433	and	x8,x26,x1	 x26:0x0000026f  x1:0x00000504  x8=0x00000004
       13045000	      1303	800019c0	afe5c093	xori	x1,x11,-1282	 x11:0xfffffff7  x1=0x00000509
       13055000	      1304	800019c4	006d8bb3	add	x23,x27,x6	 x27:0xd383b988  x6:0x80009f78 x23=0x53845900
       13065000	      1305	800019c8	41cd8533	sub	x10,x27,x28	 x27:0xd383b988 x28:0xce857127 x10=0x04fe4861
       13075000	      1306	800019cc	ffd58593	addi	x11,x11,-3	 x11:0xfffffff7 x11=0xfffffff4
       13085000	      1307	800019d0	fef5d6e3	bge	x11,x15,800019bc	 x11:0xfffffff4 x15:0xfffffff5
       13095000	      1308	800019d4	40115213	srai	x4,x2,0x1	  x2:0x00000000  x4=0x00000000
       13105000	      1309	800019d8	a35f6293	ori	x5,x30,-1483	 x30:0xfffffeab  x5=0xfffffebf
       13115000	      1310	800019dc	00bef2b3	and	x5,x29,x11	 x29:0x4de8e9b4 x11:0xfffffff4  x5=0x4de8e9b4
       13125000	      1311	800019e0	2c790393	addi	x7,x18,711	 x18:0x00000000  x7=0x000002c7
       13135000	      1312	800019e4	ba886937	lui	x18,0xba886	 x18=0xba886000
       13145000	      1313	800019e8	00896b33	or	x22,x18,x8	 x18:0xba886000  x8:0x00000004 x22=0xba886004
       13155000	      1314	800019ec	00f9ec33	or	x24,x19,x15	 x19:0x00000283 x15:0xfffffff5 x24=0xfffffff7
       13165000	      1315	800019f0	63892c13	slti	x24,x18,1592	 x18:0xba886000 x24=0x00000001
       13175000	      1316	800019f4	01064433	xor	x8,x12,x16	 x12:0x9d3c9ac5 x16:0x00000000  x8=0x9d3c9ac5
       13185000	      1317	800019f8	00c69413	slli	x8,x13,0xc	 x13:0x80009fc4  x8=0x09fc4000
       13195000	      1318	800019fc	f9989ce3	bne	x17,x25,80001994	 x17:0x00000002 x25:0xfffffffd
       13205000	      1319	00000000	00000013	addi	x0,x0,0	  x0:0x00000000
       13215000	      1320	80001990	00000013	addi	x0,x0,0	  x0:0x00000000
       13225000	      1321	80001994	e46e2f93	slti	x31,x28,-442	 x28:0xce857127 x31=0x00000001
       13235000	      1322	80001998	ffb88893	addi	x17,x17,-5	 x17:0x00000002 x17=0xfffffffd
       13245000	      1323	8000199c	c79f2197	auipc	x3,0xc79f2	  x3=0x479f3998
       13255000	      1324	800019a0	00e181b3	add	x3,x3,x14	  x3:0x479f3998 x14:0x0000074f  x3=0x479f40e7
       13265000	      1325	800019a4	ffa00593	addi	x11,x0,-6	  x0:0x00000000 x11=0xfffffffa
       13275000	      1326	800019a8	01e5c533	xor	x10,x11,x30	 x11:0xfffffffa x30:0xfffffeab x10=0x00000151
       13285000	      1327	800019ac	ff500793	addi	x15,x0,-11	  x0:0x00000000 x15=0xfffffff5
       13295000	      1328	800019b0	3d8f0993	addi	x19,x30,984	 x30:0xfffffeab x19=0x00000283
       13305000	      1329	800019b4	0018ab33	slt	x22,x17,x1	 x17:0xfffffffd  x1:0x00000509 x22=0x00000001
       13315000	      1330	800019b8	cde8de97	auipc	x29,0xcde8d	 x29=0x4de8e9b4
       13325000	      1331	800019bc	001d7433	and	x8,x26,x1	 x26:0x0000026f  x1:0x00000509  x8=0x00000009
       13335000	      1332	800019c0	afe5c093	xori	x1,x11,-1282	 x11:0xfffffffa  x1=0x00000504
       13345000	      1333	800019c4	006d8bb3	add	x23,x27,x6	 x27:0xd383b988  x6:0x80009f78 x23=0x53845900
       13355000	      1334	800019c8	41cd8533	sub	x10,x27,x28	 x27:0xd383b988 x28:0xce857127 x10=0x04fe4861
       13365000	      1335	800019cc	ffd58593	addi	x11,x11,-3	 x11:0xfffffffa x11=0xfffffff7
       13375000	      1336	800019d0	fef5d6e3	bge	x11,x15,800019bc	 x11:0xfffffff7 x15:0xfffffff5
       13385000	      1337	00000000	00000013	addi	x0,x0,0	  x0:0x00000000
       13395000	      1338	800019b8	00000013	addi	x0,x0,0	  x0:0x00000000
       13405000	      1339	800019bc	001d7433	and	x8,x26,x1	 x26:0x0000026f  x1:0x00000504  x8=0x00000004
       13415000	      1340	800019c0	afe5c093	xori	x1,x11,-1282	 x11:0xfffffff7  x1=0x00000509
       13425000	      1341	800019c4	006d8bb3	add	x23,x27,x6	 x27:0xd383b988  x6:0x80009f78 x23=0x53845900
       13435000	      1342	800019c8	41cd8533	sub	x10,x27,x28	 x27:0xd383b988 x28:0xce857127 x10=0x04fe4861
       13445000	      1343	800019cc	ffd58593	addi	x11,x11,-3	 x11:0xfffffff7 x11=0xfffffff4
       13455000	      1344	800019d0	fef5d6e3	bge	x11,x15,800019bc	 x11:0xfffffff4 x15:0xfffffff5
       13465000	      1345	800019d4	40115213	srai	x4,x2,0x1	  x2:0x00000000  x4=0x00000000
       13475000	      1346	800019d8	a35f6293	ori	x5,x30,-1483	 x30:0xfffffeab  x5=0xfffffebf
       13485000	      1347	800019dc	00bef2b3	and	x5,x29,x11	 x29:0x4de8e9b4 x11:0xfffffff4  x5=0x4de8e9b4
       13495000	      1348	800019e0	2c790393	addi	x7,x18,711	 x18:0xba886000  x7=0xba8862c7
       13505000	      1349	800019e4	ba886937	lui	x18,0xba886	 x18=0xba886000
       13515000	      1350	800019e8	00896b33	or	x22,x18,x8	 x18:0xba886000  x8:0x00000004 x22=0xba886004
       13525000	      1351	800019ec	00f9ec33	or	x24,x19,x15	 x19:0x00000283 x15:0xfffffff5 x24=0xfffffff7
       13535000	      1352	800019f0	63892c13	slti	x24,x18,1592	 x18:0xba886000 x24=0x00000001
       13545000	      1353	800019f4	01064433	xor	x8,x12,x16	 x12:0x9d3c9ac5 x16:0x00000000  x8=0x9d3c9ac5
       13555000	      1354	800019f8	00c69413	slli	x8,x13,0xc	 x13:0x80009fc4  x8=0x09fc4000
       13565000	      1355	800019fc	f9989ce3	bne	x17,x25,80001994	 x17:0xfffffffd x25:0xfffffffd
       13575000	      1356	80001a00	00465013	srli	x0,x12,0x4	 x12:0x9d3c9ac5
       13585000	      1357	80001a04	ffe00793	addi	x15,x0,-2	  x0:0x00000000 x15=0xfffffffe
       13595000	      1358	80001a08	00100713	addi	x14,x0,1	  x0:0x00000000 x14=0x00000001
       13605000	      1359	80001a0c	00a9eeb3	or	x29,x19,x10	 x19:0x00000283 x10:0x04fe4861 x29=0x04fe4ae3
       13615000	      1360	80001a10	008f2533	slt	x10,x30,x8	 x30:0xfffffeab  x8:0x09fc4000 x10=0x00000001
       13625000	      1361	80001a14	b90f3b97	auipc	x23,0xb90f3	 x23=0x390f4a10
       13635000	      1362	80001a18	00578793	addi	x15,x15,5	 x15:0xfffffffe x15=0x00000003
       13645000	      1363	80001a1c	1a600d13	addi	x26,x0,422	  x0:0x00000000 x26=0x000001a6
       13655000	      1364	80001a20	24046a93	ori	x21,x8,576	  x8:0x09fc4000 x21=0x09fc4240
       13665000	      1365	80001a24	005702b3	add	x5,x14,x5	 x14:0x00000001  x5:0x4de8e9b4  x5=0x4de8e9b5
       13675000	      1366	80001a28	00a00093	addi	x1,x0,10	  x0:0x00000000  x1=0x0000000a
       13685000	      1367	80001a2c	00c00c93	addi	x25,x0,12	  x0:0x00000000 x25=0x0000000c
       13695000	      1368	80001a30	4874cb13	xori	x22,x9,1159	  x9:0x80009fc4 x22=0x80009b43
       13705000	      1369	80001a34	01ae6533	or	x10,x28,x26	 x28:0xce857127 x26:0x000001a6 x10=0xce8571a7
       13715000	      1370	80001a38	00fa83b3	add	x7,x21,x15	 x21:0x09fc4240 x15:0x00000003  x7=0x09fc4243
       13725000	      1371	80001a3c	01b248b3	xor	x17,x4,x27	  x4:0x00000000 x27:0xd383b988 x17=0xd383b988
       13735000	      1372	80001a40	00000013	addi	x0,x0,0	  x0:0x00000000
       13745000	      1373	80001a44	6ed1ef93	ori	x31,x3,1773	  x3:0x479f40e7 x31=0x479f46ef
       13755000	      1374	80001a48	01335533	srl	x10,x6,x19	  x6:0x80009f78 x19:0x00000283 x10=0x100013ef
       13765000	      1375	80001a4c	0033dd93	srli	x27,x7,0x3	  x7:0x09fc4243 x27=0x013f8848
       13775000	      1376	80001a50	00a08093	addi	x1,x1,10	  x1:0x0000000a  x1=0x00000014
       13785000	      1377	80001a54	ff90c8e3	blt	x1,x25,80001a44	  x1:0x00000014 x25:0x0000000c
       13795000	      1378	80001a58	00000013	addi	x0,x0,0	  x0:0x00000000
       13805000	      1379	80001a5c	34ba62b7	lui	x5,0x34ba6	  x5=0x34ba6000
       13815000	      1380	80001a60	fae7e8e3	bltu	x15,x14,80001a10	 x15:0x00000003 x14:0x00000001
       13825000	      1381	80001a64	018a1db3	sll	x27,x20,x24	 x20:0x1d3c0000 x24:0x00000001 x27=0x3a780000
       13835000	      1382	80001a68	00500b93	addi	x23,x0,5	  x0:0x00000000 x23=0x00000005
       13845000	      1383	80001a6c	00d025b3	slt	x11,x0,x13	  x0:0x00000000 x13:0x80009fc4 x11=0x00000000
       13855000	      1384	80001a70	005e8533	add	x10,x29,x5	 x29:0x04fe4ae3  x5:0x34ba6000 x10=0x39b8aae3
       13865000	      1385	80001a74	00400d93	addi	x27,x0,4	  x0:0x00000000 x27=0x00000004
       13875000	      1386	80001a78	0036cd33	xor	x26,x13,x3	 x13:0x80009fc4  x3:0x479f40e7 x26=0xc79fdf23
       13885000	      1387	80001a7c	40a8e013	ori	x0,x17,1034	 x17:0xd383b988
       13895000	      1388	80001a80	a0d8eb13	ori	x22,x17,-1523	 x17:0xd383b988 x22=0xfffffb8d
       13905000	      1389	80001a84	006a8ab3	add	x21,x21,x6	 x21:0x09fc4240  x6:0x80009f78 x21=0x89fce1b8
       13915000	      1390	80001a88	006cf133	and	x2,x25,x6	 x25:0x0000000c  x6:0x80009f78  x2=0x00000008
       13925000	      1391	80001a8c	ffdb8b93	addi	x23,x23,-3	 x23:0x00000005 x23=0x00000002
       13935000	      1392	80001a90	01b2aa13	slti	x20,x5,27	  x5:0x34ba6000 x20=0x00000000
       13945000	      1393	80001a94	00837d33	and	x26,x6,x8	  x6:0x80009f78  x8:0x09fc4000 x26=0x00000000
       13955000	      1394	80001a98	00a00613	addi	x12,x0,10	  x0:0x00000000 x12=0x0000000a
       13965000	      1395	80001a9c	0023bb33	sltu	x22,x7,x2	  x7:0x09fc4243  x2:0x00000008 x22=0x00000000
       13975000	      1396	80001aa0	72bdcd13	xori	x26,x27,1835	 x27:0x00000004 x26=0x0000072f
       13985000	      1397	80001aa4	01100393	addi	x7,x0,17	  x0:0x00000000  x7=0x00000011
       13995000	      1398	80001aa8	98f52d13	slti	x26,x10,-1649	 x10:0x39b8aae3 x26=0x00000000
       14005000	      1399	80001aac	00f01eb3	sll	x29,x0,x15	  x0:0x00000000 x15:0x00000003 x29=0x00000000
       14015000	      1400	80001ab0	00940733	add	x14,x8,x9	  x8:0x09fc4000  x9:0x80009fc4 x14=0x89fcdfc4
       14025000	      1401	80001ab4	016dc2b3	xor	x5,x27,x22	 x27:0x00000004 x22:0x00000000  x5=0x00000004
       14035000	      1402	80001ab8	010c1cb3	sll	x25,x24,x16	 x24:0x00000001 x16:0x00000000 x25=0x00000001
       14045000	      1403	80001abc	00760613	addi	x12,x12,7	 x12:0x0000000a x12=0x00000011
       14055000	      1404	80001ac0	be67e813	ori	x16,x15,-1050	 x15:0x00000003 x16=0xfffffbe7
       14065000	      1405	80001ac4	005d7fb3	and	x31,x26,x5	 x26:0x00000000  x5:0x00000004 x31=0x00000000
       14075000	      1406	80001ac8	fe7606e3	beq	x12,x7,80001ab4	 x12:0x00000011  x7:0x00000011
       14085000	      1407	00000000	00000013	addi	x0,x0,0	  x0:0x00000000
       14095000	      1408	80001ab0	00000013	addi	x0,x0,0	  x0:0x00000000
       14105000	      1409	80001ab4	016dc2b3	xor	x5,x27,x22	 x27:0x00000004 x22:0x00000000  x5=0x00000004
       14115000	      1410	80001ab8	010c1cb3	sll	x25,x24,x16	 x24:0x00000001 x16:0xfffffbe7 x25=0x00000080
       14125000	      1411	80001abc	00760613	addi	x12,x12,7	 x12:0x00000011 x12=0x00000018
       14135000	      1412	80001ac0	be67e813	ori	x16,x15,-1050	 x15:0x00000003 x16=0xfffffbe7
       14145000	      1413	80001ac4	005d7fb3	and	x31,x26,x5	 x26:0x00000000  x5:0x00000004 x31=0x00000000
       14155000	      1414	80001ac8	fe7606e3	beq	x12,x7,80001ab4	 x12:0x00000018  x7:0x00000011
       14165000	      1415	80001acc	fbbbf8e3	bgeu	x23,x27,80001a7c	 x23:0x00000002 x27:0x00000004
       14175000	      1416	80001ad0	006d9a13	slli	x20,x27,0x6	 x27:0x00000004 x20=0x00000100
       14185000	      1417	80001ad4	ffb00b93	addi	x23,x0,-5	  x0:0x00000000 x23=0xfffffffb
       14195000	      1418	80001ad8	f2693793	sltiu	x15,x18,-218	 x18:0xba886000 x15=0x00000001
       14205000	      1419	80001adc	0064e1b3	or	x3,x9,x6	  x9:0x80009fc4  x6:0x80009f78  x3=0x80009ffc
       14215000	      1420	80001ae0	6380ae93	slti	x29,x1,1592	  x1:0x00000014 x29=0x00000001
       14225000	      1421	80001ae4	01795233	srl	x4,x18,x23	 x18:0xba886000 x23:0xfffffffb  x4=0x00000017
       14235000	      1422	80001ae8	0cc67ab7	lui	x21,0xcc67	 x21=0x0cc67000
       14245000	      1423	80001aec	40185733	sra	x14,x16,x1	 x16:0xfffffbe7  x1:0x00000014 x14=0xffffffff
       14255000	      1424	80001af0	41165213	srai	x4,x12,0x11	 x12:0x00000018  x4=0x00000000
       14265000	      1425	80001af4	00b00513	addi	x10,x0,11	  x0:0x00000000 x10=0x0000000b
       14275000	      1426	80001af8	009821b3	slt	x3,x16,x9	 x16:0xfffffbe7  x9:0x80009fc4  x3=0x00000000
       14285000	      1427	80001afc	fbc26393	ori	x7,x4,-68	  x4:0x00000000  x7=0xffffffbc
       14295000	      1428	80001b00	002b8b93	addi	x23,x23,2	 x23:0xfffffffb x23=0xfffffffd
       14305000	      1429	80001b04	00000013	addi	x0,x0,0	  x0:0x00000000
       14315000	      1430	80001b08	00400893	addi	x17,x0,4	  x0:0x00000000 x17=0x00000004
       14325000	      1431	80001b0c	00000013	addi	x0,x0,0	  x0:0x00000000
       14335000	      1432	80001b10	00200f13	addi	x30,x0,2	  x0:0x00000000 x30=0x00000002
       14345000	      1433	80001b14	40fc8233	sub	x4,x25,x15	 x25:0x00000080 x15:0x00000001  x4=0x0000007f
       14355000	      1434	80001b18	008f6eb3	or	x29,x30,x8	 x30:0x00000002  x8:0x09fc4000 x29=0x09fc4002
       14365000	      1435	80001b1c	4046d933	sra	x18,x13,x4	 x13:0x80009fc4  x4:0x0000007f x18=0xffffffff
       14375000	      1436	80001b20	01b8a7b3	slt	x15,x17,x27	 x17:0x00000004 x27:0x00000004 x15=0x00000000
       14385000	      1437	80001b24	017caeb3	slt	x29,x25,x23	 x25:0x00000080 x23:0xfffffffd x29=0x00000000
       14395000	      1438	80001b28	012efdb3	and	x27,x29,x18	 x29:0x00000000 x18:0xffffffff x27=0x00000000
       14405000	      1439	80001b2c	76f65217	auipc	x4,0x76f65	  x4=0xf6f66b28
       14415000	      1440	80001b30	ffe88893	addi	x17,x17,-2	 x17:0x00000004 x17=0x00000002
       14425000	      1441	80001b34	ffe8d2e3	bge	x17,x30,80001b18	 x17:0x00000002 x30:0x00000002
       14435000	      1442	00000000	00000013	addi	x0,x0,0	  x0:0x00000000
       14445000	      1443	80001b14	00000013	addi	x0,x0,0	  x0:0x00000000
       14455000	      1444	80001b18	008f6eb3	or	x29,x30,x8	 x30:0x00000002  x8:0x09fc4000 x29=0x09fc4002
       14465000	      1445	80001b1c	4046d933	sra	x18,x13,x4	 x13:0x80009fc4  x4:0xf6f66b28 x18=0xff80009f
       14475000	      1446	80001b20	01b8a7b3	slt	x15,x17,x27	 x17:0x00000002 x27:0x00000000 x15=0x00000000
       14485000	      1447	80001b24	017caeb3	slt	x29,x25,x23	 x25:0x00000080 x23:0xfffffffd x29=0x00000000
       14495000	      1448	80001b28	012efdb3	and	x27,x29,x18	 x29:0x00000000 x18:0xff80009f x27=0x00000000
       14505000	      1449	80001b2c	76f65217	auipc	x4,0x76f65	  x4=0xf6f66b28
       14515000	      1450	80001b30	ffe88893	addi	x17,x17,-2	 x17:0x00000002 x17=0x00000000
       14525000	      1451	80001b34	ffe8d2e3	bge	x17,x30,80001b18	 x17:0x00000000 x30:0x00000002
       14535000	      1452	80001b38	01c5a2b3	slt	x5,x11,x28	 x11:0x00000000 x28:0xce857127  x5=0x00000000
       14545000	      1453	80001b3c	fcab80e3	beq	x23,x10,80001afc	 x23:0xfffffffd x10:0x0000000b
       14555000	      1454	80001b40	ebd27913	andi	x18,x4,-323	  x4:0xf6f66b28 x18=0xf6f66a28
       14565000	      1455	80001b44	00100613	addi	x12,x0,1	  x0:0x00000000 x12=0x00000001
       14575000	      1456	80001b48	01e781b3	add	x3,x15,x30	 x15:0x00000000 x30:0x00000002  x3=0x00000002
       14585000	      1457	80001b4c	01400393	addi	x7,x0,20	  x0:0x00000000  x7=0x00000014
       14595000	      1458	80001b50	018209b3	add	x19,x4,x24	  x4:0xf6f66b28 x24:0x00000001 x19=0xf6f66b29
       14605000	      1459	80001b54	2e000293	addi	x5,x0,736	  x0:0x00000000  x5=0x000002e0
       14615000	      1460	80001b58	00360613	addi	x12,x12,3	 x12:0x00000001 x12=0x00000004
       14625000	      1461	80001b5c	4032d693	srai	x13,x5,0x3	  x5:0x000002e0 x13=0x0000005c
       14635000	      1462	80001b60	41ead0b3	sra	x1,x21,x30	 x21:0x0cc67000 x30:0x00000002  x1=0x03319c00
       14645000	      1463	80001b64	ff700c93	addi	x25,x0,-9	  x0:0x00000000 x25=0xfffffff7
       14655000	      1464	80001b68	0056b733	sltu	x14,x13,x5	 x13:0x0000005c  x5:0x000002e0 x14=0x00000001
       14665000	      1465	80001b6c	ff500513	addi	x10,x0,-11	  x0:0x00000000 x10=0xfffffff5
       14675000	      1466	80001b70	27a0e897	auipc	x17,0x27a0e	 x17=0xa7a0fb6c
       14685000	      1467	80001b74	52ac3293	sltiu	x5,x24,1322	 x24:0x00000001  x5=0x00000001
       14695000	      1468	80001b78	016e86b3	add	x13,x29,x22	 x29:0x00000000 x22:0x00000000 x13=0x00000000
       14705000	      1469	80001b7c	ffec8c93	addi	x25,x25,-2	 x25:0xfffffff7 x25=0xfffffff5
       14715000	      1470	80001b80	feacdae3	bge	x25,x10,80001b74	 x25:0xfffffff5 x10:0xfffffff5
       14725000	      1471	00000000	00000013	addi	x0,x0,0	  x0:0x00000000
       14735000	      1472	80001b70	00000013	addi	x0,x0,0	  x0:0x00000000
       14745000	      1473	80001b74	52ac3293	sltiu	x5,x24,1322	 x24:0x00000001  x5=0x00000001
       14755000	      1474	80001b78	016e86b3	add	x13,x29,x22	 x29:0x00000000 x22:0x00000000 x13=0x00000000
       14765000	      1475	80001b7c	ffec8c93	addi	x25,x25,-2	 x25:0xfffffff5 x25=0xfffffff3
       14775000	      1476	80001b80	feacdae3	bge	x25,x10,80001b74	 x25:0xfffffff3 x10:0xfffffff5
       14785000	      1477	80001b84	b559b713	sltiu	x14,x19,-1195	 x19:0xf6f66b29 x14=0x00000001
       14795000	      1478	80001b88	5cb14693	xori	x13,x2,1483	  x2:0x00000008 x13=0x000005c3
       14805000	      1479	80001b8c	13bb3f13	sltiu	x30,x22,315	 x22:0x00000000 x30=0x00000001
       14815000	      1480	80001b90	fc7662e3	bltu	x12,x7,80001b54	 x12:0x00000004  x7:0x00000014
       14825000	      1481	00000000	00000013	addi	x0,x0,0	  x0:0x00000000
       14835000	      1482	80001b50	00000013	addi	x0,x0,0	  x0:0x00000000
       14845000	      1483	80001b54	2e000293	addi	x5,x0,736	  x0:0x00000000  x5=0x000002e0
       14855000	      1484	80001b58	00360613	addi	x12,x12,3	 x12:0x00000004 x12=0x00000007
       14865000	      1485	80001b5c	4032d693	srai	x13,x5,0x3	  x5:0x000002e0 x13=0x0000005c
       14875000	      1486	80001b60	41ead0b3	sra	x1,x21,x30	 x21:0x0cc67000 x30:0x00000001  x1=0x06633800
       14885000	      1487	80001b64	ff700c93	addi	x25,x0,-9	  x0:0x00000000 x25=0xfffffff7
       14895000	      1488	80001b68	0056b733	sltu	x14,x13,x5	 x13:0x0000005c  x5:0x000002e0 x14=0x00000001
       14905000	      1489	80001b6c	ff500513	addi	x10,x0,-11	  x0:0x00000000 x10=0xfffffff5
       14915000	      1490	80001b70	27a0e897	auipc	x17,0x27a0e	 x17=0xa7a0fb6c
       14925000	      1491	80001b74	52ac3293	sltiu	x5,x24,1322	 x24:0x00000001  x5=0x00000001
       14935000	      1492	80001b78	016e86b3	add	x13,x29,x22	 x29:0x00000000 x22:0x00000000 x13=0x00000000
       14945000	      1493	80001b7c	ffec8c93	addi	x25,x25,-2	 x25:0xfffffff7 x25=0xfffffff5
       14955000	      1494	80001b80	feacdae3	bge	x25,x10,80001b74	 x25:0xfffffff5 x10:0xfffffff5
       14965000	      1495	00000000	00000013	addi	x0,x0,0	  x0:0x00000000
       14975000	      1496	80001b70	00000013	addi	x0,x0,0	  x0:0x00000000
       14985000	      1497	80001b74	52ac3293	sltiu	x5,x24,1322	 x24:0x00000001  x5=0x00000001
       14995000	      1498	80001b78	016e86b3	add	x13,x29,x22	 x29:0x00000000 x22:0x00000000 x13=0x00000000
       15005000	      1499	80001b7c	ffec8c93	addi	x25,x25,-2	 x25:0xfffffff5 x25=0xfffffff3
       15015000	      1500	80001b80	feacdae3	bge	x25,x10,80001b74	 x25:0xfffffff3 x10:0xfffffff5
       15025000	      1501	80001b84	b559b713	sltiu	x14,x19,-1195	 x19:0xf6f66b29 x14=0x00000001
       15035000	      1502	80001b88	5cb14693	xori	x13,x2,1483	  x2:0x00000008 x13=0x000005c3
       15045000	      1503	80001b8c	13bb3f13	sltiu	x30,x22,315	 x22:0x00000000 x30=0x00000001
       15055000	      1504	80001b90	fc7662e3	bltu	x12,x7,80001b54	 x12:0x00000007  x7:0x00000014
       15065000	      1505	00000000	00000013	addi	x0,x0,0	  x0:0x00000000
       15075000	      1506	80001b50	00000013	addi	x0,x0,0	  x0:0x00000000
       15085000	      1507	80001b54	2e000293	addi	x5,x0,736	  x0:0x00000000  x5=0x000002e0
       15095000	      1508	80001b58	00360613	addi	x12,x12,3	 x12:0x00000007 x12=0x0000000a
       15105000	      1509	80001b5c	4032d693	srai	x13,x5,0x3	  x5:0x000002e0 x13=0x0000005c
       15115000	      1510	80001b60	41ead0b3	sra	x1,x21,x30	 x21:0x0cc67000 x30:0x00000001  x1=0x06633800
       15125000	      1511	80001b64	ff700c93	addi	x25,x0,-9	  x0:0x00000000 x25=0xfffffff7
       15135000	      1512	80001b68	0056b733	sltu	x14,x13,x5	 x13:0x0000005c  x5:0x000002e0 x14=0x00000001
       15145000	      1513	80001b6c	ff500513	addi	x10,x0,-11	  x0:0x00000000 x10=0xfffffff5
       15155000	      1514	80001b70	27a0e897	auipc	x17,0x27a0e	 x17=0xa7a0fb6c
       15165000	      1515	80001b74	52ac3293	sltiu	x5,x24,1322	 x24:0x00000001  x5=0x00000001
       15175000	      1516	80001b78	016e86b3	add	x13,x29,x22	 x29:0x00000000 x22:0x00000000 x13=0x00000000
       15185000	      1517	80001b7c	ffec8c93	addi	x25,x25,-2	 x25:0xfffffff7 x25=0xfffffff5
       15195000	      1518	80001b80	feacdae3	bge	x25,x10,80001b74	 x25:0xfffffff5 x10:0xfffffff5
       15205000	      1519	00000000	00000013	addi	x0,x0,0	  x0:0x00000000
       15215000	      1520	80001b70	00000013	addi	x0,x0,0	  x0:0x00000000
       15225000	      1521	80001b74	52ac3293	sltiu	x5,x24,1322	 x24:0x00000001  x5=0x00000001
       15235000	      1522	80001b78	016e86b3	add	x13,x29,x22	 x29:0x00000000 x22:0x00000000 x13=0x00000000
       15245000	      1523	80001b7c	ffec8c93	addi	x25,x25,-2	 x25:0xfffffff5 x25=0xfffffff3
       15255000	      1524	80001b80	feacdae3	bge	x25,x10,80001b74	 x25:0xfffffff3 x10:0xfffffff5
       15265000	      1525	80001b84	b559b713	sltiu	x14,x19,-1195	 x19:0xf6f66b29 x14=0x00000001
       15275000	      1526	80001b88	5cb14693	xori	x13,x2,1483	  x2:0x00000008 x13=0x000005c3
       15285000	      1527	80001b8c	13bb3f13	sltiu	x30,x22,315	 x22:0x00000000 x30=0x00000001
       15295000	      1528	80001b90	fc7662e3	bltu	x12,x7,80001b54	 x12:0x0000000a  x7:0x00000014
       15305000	      1529	00000000	00000013	addi	x0,x0,0	  x0:0x00000000
       15315000	      1530	80001b50	00000013	addi	x0,x0,0	  x0:0x00000000
       15325000	      1531	80001b54	2e000293	addi	x5,x0,736	  x0:0x00000000  x5=0x000002e0
       15335000	      1532	80001b58	00360613	addi	x12,x12,3	 x12:0x0000000a x12=0x0000000d
       15345000	      1533	80001b5c	4032d693	srai	x13,x5,0x3	  x5:0x000002e0 x13=0x0000005c
       15355000	      1534	80001b60	41ead0b3	sra	x1,x21,x30	 x21:0x0cc67000 x30:0x00000001  x1=0x06633800
       15365000	      1535	80001b64	ff700c93	addi	x25,x0,-9	  x0:0x00000000 x25=0xfffffff7
       15375000	      1536	80001b68	0056b733	sltu	x14,x13,x5	 x13:0x0000005c  x5:0x000002e0 x14=0x00000001
       15385000	      1537	80001b6c	ff500513	addi	x10,x0,-11	  x0:0x00000000 x10=0xfffffff5
       15395000	      1538	80001b70	27a0e897	auipc	x17,0x27a0e	 x17=0xa7a0fb6c
       15405000	      1539	80001b74	52ac3293	sltiu	x5,x24,1322	 x24:0x00000001  x5=0x00000001
       15415000	      1540	80001b78	016e86b3	add	x13,x29,x22	 x29:0x00000000 x22:0x00000000 x13=0x00000000
       15425000	      1541	80001b7c	ffec8c93	addi	x25,x25,-2	 x25:0xfffffff7 x25=0xfffffff5
       15435000	      1542	80001b80	feacdae3	bge	x25,x10,80001b74	 x25:0xfffffff5 x10:0xfffffff5
       15445000	      1543	00000000	00000013	addi	x0,x0,0	  x0:0x00000000
       15455000	      1544	80001b70	00000013	addi	x0,x0,0	  x0:0x00000000
       15465000	      1545	80001b74	52ac3293	sltiu	x5,x24,1322	 x24:0x00000001  x5=0x00000001
       15475000	      1546	80001b78	016e86b3	add	x13,x29,x22	 x29:0x00000000 x22:0x00000000 x13=0x00000000
       15485000	      1547	80001b7c	ffec8c93	addi	x25,x25,-2	 x25:0xfffffff5 x25=0xfffffff3
       15495000	      1548	80001b80	feacdae3	bge	x25,x10,80001b74	 x25:0xfffffff3 x10:0xfffffff5
       15505000	      1549	80001b84	b559b713	sltiu	x14,x19,-1195	 x19:0xf6f66b29 x14=0x00000001
       15515000	      1550	80001b88	5cb14693	xori	x13,x2,1483	  x2:0x00000008 x13=0x000005c3
       15525000	      1551	80001b8c	13bb3f13	sltiu	x30,x22,315	 x22:0x00000000 x30=0x00000001
       15535000	      1552	80001b90	fc7662e3	bltu	x12,x7,80001b54	 x12:0x0000000d  x7:0x00000014
       15545000	      1553	00000000	00000013	addi	x0,x0,0	  x0:0x00000000
       15555000	      1554	80001b50	00000013	addi	x0,x0,0	  x0:0x00000000
       15565000	      1555	80001b54	2e000293	addi	x5,x0,736	  x0:0x00000000  x5=0x000002e0
       15575000	      1556	80001b58	00360613	addi	x12,x12,3	 x12:0x0000000d x12=0x00000010
       15585000	      1557	80001b5c	4032d693	srai	x13,x5,0x3	  x5:0x000002e0 x13=0x0000005c
       15595000	      1558	80001b60	41ead0b3	sra	x1,x21,x30	 x21:0x0cc67000 x30:0x00000001  x1=0x06633800
       15605000	      1559	80001b64	ff700c93	addi	x25,x0,-9	  x0:0x00000000 x25=0xfffffff7
       15615000	      1560	80001b68	0056b733	sltu	x14,x13,x5	 x13:0x0000005c  x5:0x000002e0 x14=0x00000001
       15625000	      1561	80001b6c	ff500513	addi	x10,x0,-11	  x0:0x00000000 x10=0xfffffff5
       15635000	      1562	80001b70	27a0e897	auipc	x17,0x27a0e	 x17=0xa7a0fb6c
       15645000	      1563	80001b74	52ac3293	sltiu	x5,x24,1322	 x24:0x00000001  x5=0x00000001
       15655000	      1564	80001b78	016e86b3	add	x13,x29,x22	 x29:0x00000000 x22:0x00000000 x13=0x00000000
       15665000	      1565	80001b7c	ffec8c93	addi	x25,x25,-2	 x25:0xfffffff7 x25=0xfffffff5
       15675000	      1566	80001b80	feacdae3	bge	x25,x10,80001b74	 x25:0xfffffff5 x10:0xfffffff5
       15685000	      1567	00000000	00000013	addi	x0,x0,0	  x0:0x00000000
       15695000	      1568	80001b70	00000013	addi	x0,x0,0	  x0:0x00000000
       15705000	      1569	80001b74	52ac3293	sltiu	x5,x24,1322	 x24:0x00000001  x5=0x00000001
       15715000	      1570	80001b78	016e86b3	add	x13,x29,x22	 x29:0x00000000 x22:0x00000000 x13=0x00000000
       15725000	      1571	80001b7c	ffec8c93	addi	x25,x25,-2	 x25:0xfffffff5 x25=0xfffffff3
       15735000	      1572	80001b80	feacdae3	bge	x25,x10,80001b74	 x25:0xfffffff3 x10:0xfffffff5
       15745000	      1573	80001b84	b559b713	sltiu	x14,x19,-1195	 x19:0xf6f66b29 x14=0x00000001
       15755000	      1574	80001b88	5cb14693	xori	x13,x2,1483	  x2:0x00000008 x13=0x000005c3
       15765000	      1575	80001b8c	13bb3f13	sltiu	x30,x22,315	 x22:0x00000000 x30=0x00000001
       15775000	      1576	80001b90	fc7662e3	bltu	x12,x7,80001b54	 x12:0x00000010  x7:0x00000014
       15785000	      1577	00000000	00000013	addi	x0,x0,0	  x0:0x00000000
       15795000	      1578	80001b50	00000013	addi	x0,x0,0	  x0:0x00000000
       15805000	      1579	80001b54	2e000293	addi	x5,x0,736	  x0:0x00000000  x5=0x000002e0
       15815000	      1580	80001b58	00360613	addi	x12,x12,3	 x12:0x00000010 x12=0x00000013
       15825000	      1581	80001b5c	4032d693	srai	x13,x5,0x3	  x5:0x000002e0 x13=0x0000005c
       15835000	      1582	80001b60	41ead0b3	sra	x1,x21,x30	 x21:0x0cc67000 x30:0x00000001  x1=0x06633800
       15845000	      1583	80001b64	ff700c93	addi	x25,x0,-9	  x0:0x00000000 x25=0xfffffff7
       15855000	      1584	80001b68	0056b733	sltu	x14,x13,x5	 x13:0x0000005c  x5:0x000002e0 x14=0x00000001
       15865000	      1585	80001b6c	ff500513	addi	x10,x0,-11	  x0:0x00000000 x10=0xfffffff5
       15875000	      1586	80001b70	27a0e897	auipc	x17,0x27a0e	 x17=0xa7a0fb6c
       15885000	      1587	80001b74	52ac3293	sltiu	x5,x24,1322	 x24:0x00000001  x5=0x00000001
       15895000	      1588	80001b78	016e86b3	add	x13,x29,x22	 x29:0x00000000 x22:0x00000000 x13=0x00000000
       15905000	      1589	80001b7c	ffec8c93	addi	x25,x25,-2	 x25:0xfffffff7 x25=0xfffffff5
       15915000	      1590	80001b80	feacdae3	bge	x25,x10,80001b74	 x25:0xfffffff5 x10:0xfffffff5
       15925000	      1591	00000000	00000013	addi	x0,x0,0	  x0:0x00000000
       15935000	      1592	80001b70	00000013	addi	x0,x0,0	  x0:0x00000000
       15945000	      1593	80001b74	52ac3293	sltiu	x5,x24,1322	 x24:0x00000001  x5=0x00000001
       15955000	      1594	80001b78	016e86b3	add	x13,x29,x22	 x29:0x00000000 x22:0x00000000 x13=0x00000000
       15965000	      1595	80001b7c	ffec8c93	addi	x25,x25,-2	 x25:0xfffffff5 x25=0xfffffff3
       15975000	      1596	80001b80	feacdae3	bge	x25,x10,80001b74	 x25:0xfffffff3 x10:0xfffffff5
       15985000	      1597	80001b84	b559b713	sltiu	x14,x19,-1195	 x19:0xf6f66b29 x14=0x00000001
       15995000	      1598	80001b88	5cb14693	xori	x13,x2,1483	  x2:0x00000008 x13=0x000005c3
       16005000	      1599	80001b8c	13bb3f13	sltiu	x30,x22,315	 x22:0x00000000 x30=0x00000001
       16015000	      1600	80001b90	fc7662e3	bltu	x12,x7,80001b54	 x12:0x00000013  x7:0x00000014
       16025000	      1601	00000000	00000013	addi	x0,x0,0	  x0:0x00000000
       16035000	      1602	80001b50	00000013	addi	x0,x0,0	  x0:0x00000000
       16045000	      1603	80001b54	2e000293	addi	x5,x0,736	  x0:0x00000000  x5=0x000002e0
       16055000	      1604	80001b58	00360613	addi	x12,x12,3	 x12:0x00000013 x12=0x00000016
       16065000	      1605	80001b5c	4032d693	srai	x13,x5,0x3	  x5:0x000002e0 x13=0x0000005c
       16075000	      1606	80001b60	41ead0b3	sra	x1,x21,x30	 x21:0x0cc67000 x30:0x00000001  x1=0x06633800
       16085000	      1607	80001b64	ff700c93	addi	x25,x0,-9	  x0:0x00000000 x25=0xfffffff7
       16095000	      1608	80001b68	0056b733	sltu	x14,x13,x5	 x13:0x0000005c  x5:0x000002e0 x14=0x00000001
       16105000	      1609	80001b6c	ff500513	addi	x10,x0,-11	  x0:0x00000000 x10=0xfffffff5
       16115000	      1610	80001b70	27a0e897	auipc	x17,0x27a0e	 x17=0xa7a0fb6c
       16125000	      1611	80001b74	52ac3293	sltiu	x5,x24,1322	 x24:0x00000001  x5=0x00000001
       16135000	      1612	80001b78	016e86b3	add	x13,x29,x22	 x29:0x00000000 x22:0x00000000 x13=0x00000000
       16145000	      1613	80001b7c	ffec8c93	addi	x25,x25,-2	 x25:0xfffffff7 x25=0xfffffff5
       16155000	      1614	80001b80	feacdae3	bge	x25,x10,80001b74	 x25:0xfffffff5 x10:0xfffffff5
       16165000	      1615	00000000	00000013	addi	x0,x0,0	  x0:0x00000000
       16175000	      1616	80001b70	00000013	addi	x0,x0,0	  x0:0x00000000
       16185000	      1617	80001b74	52ac3293	sltiu	x5,x24,1322	 x24:0x00000001  x5=0x00000001
       16195000	      1618	80001b78	016e86b3	add	x13,x29,x22	 x29:0x00000000 x22:0x00000000 x13=0x00000000
       16205000	      1619	80001b7c	ffec8c93	addi	x25,x25,-2	 x25:0xfffffff5 x25=0xfffffff3
       16215000	      1620	80001b80	feacdae3	bge	x25,x10,80001b74	 x25:0xfffffff3 x10:0xfffffff5
       16225000	      1621	80001b84	b559b713	sltiu	x14,x19,-1195	 x19:0xf6f66b29 x14=0x00000001
       16235000	      1622	80001b88	5cb14693	xori	x13,x2,1483	  x2:0x00000008 x13=0x000005c3
       16245000	      1623	80001b8c	13bb3f13	sltiu	x30,x22,315	 x22:0x00000000 x30=0x00000001
       16255000	      1624	80001b90	fc7662e3	bltu	x12,x7,80001b54	 x12:0x00000016  x7:0x00000014
       16265000	      1625	80001b94	009f50b3	srl	x1,x30,x9	 x30:0x00000001  x9:0x80009fc4  x1=0x00000000
       16275000	      1626	80001b98	ffa00b13	addi	x22,x0,-6	  x0:0x00000000 x22=0xfffffffa
       16285000	      1627	80001b9c	00c00993	addi	x19,x0,12	  x0:0x00000000 x19=0x0000000c
       16295000	      1628	80001ba0	18484613	xori	x12,x16,388	 x16:0xfffffbe7 x12=0xfffffa63
       16305000	      1629	80001ba4	006b0b13	addi	x22,x22,6	 x22:0xfffffffa x22=0x00000000
       16315000	      1630	80001ba8	00800293	addi	x5,x0,8	  x0:0x00000000  x5=0x00000008
       16325000	      1631	80001bac	01421033	sll	x0,x4,x20	  x4:0xf6f66b28 x20:0x00000100
       16335000	      1632	80001bb0	00800193	addi	x3,x0,8	  x0:0x00000000  x3=0x00000008
       16345000	      1633	80001bb4	00000013	addi	x0,x0,0	  x0:0x00000000
       16355000	      1634	80001bb8	ffb28293	addi	x5,x5,-5	  x5:0x00000008  x5=0x00000003
       16365000	      1635	80001bbc	fe32fce3	bgeu	x5,x3,80001bb4	  x5:0x00000003  x3:0x00000008
       16375000	      1636	80001bc0	ff3b00e3	beq	x22,x19,80001ba0	 x22:0x00000000 x19:0x0000000c
       16385000	      1637	80001bc4	01b51e93	slli	x29,x10,0x1b	 x10:0xfffffff5 x29=0xa8000000
       16395000	      1638	80001bc8	ff800a13	addi	x20,x0,-8	  x0:0x00000000 x20=0xfffffff8
       16405000	      1639	80001bcc	8d8ec893	xori	x17,x29,-1832	 x29:0xa8000000 x17=0x57fff8d8
       16415000	      1640	80001bd0	00900d13	addi	x26,x0,9	  x0:0x00000000 x26=0x00000009
       16425000	      1641	80001bd4	005adc37	lui	x24,0x5ad	 x24=0x005ad000
       16435000	      1642	80001bd8	307cf293	andi	x5,x25,775	 x25:0xfffffff3  x5=0x00000303
       16445000	      1643	80001bdc	01ac4933	xor	x18,x24,x26	 x24:0x005ad000 x26:0x00000009 x18=0x005ad009
       16455000	      1644	80001be0	00000013	addi	x0,x0,0	  x0:0x00000000
       16465000	      1645	80001be4	00000013	addi	x0,x0,0	  x0:0x00000000
       16475000	      1646	80001be8	40ea5393	srai	x7,x20,0xe	 x20:0xfffffff8  x7=0xffffffff
       16485000	      1647	80001bec	01954b33	xor	x22,x10,x25	 x10:0xfffffff5 x25:0xfffffff3 x22=0x00000006
       16495000	      1648	80001bf0	41465133	sra	x2,x12,x20	 x12:0xfffffa63 x20:0xfffffff8  x2=0xffffffff
       16505000	      1649	80001bf4	c5d40293	addi	x5,x8,-931	  x8:0x09fc4000  x5=0x09fc3c5d
       16515000	      1650	80001bf8	00000013	addi	x0,x0,0	  x0:0x00000000
       16525000	      1651	80001bfc	403a3f13	sltiu	x30,x20,1027	 x20:0xfffffff8 x30=0x00000000
       16535000	      1652	80001c00	006a0a13	addi	x20,x20,6	 x20:0xfffffff8 x20=0xfffffffe
       16545000	      1653	80001c04	f8fff793	andi	x15,x31,-113	 x31:0x00000000 x15=0x00000000
       16555000	      1654	80001c08	d34d4893	xori	x17,x26,-716	 x26:0x00000009 x17=0xfffffd3d
       16565000	      1655	80001c0c	0088ac33	slt	x24,x17,x8	 x17:0xfffffd3d  x8:0x09fc4000 x24=0x00000001
       16575000	      1656	80001c10	000035b3	sltu	x11,x0,x0	  x0:0x00000000  x0:0x00000000 x11=0x00000000
       16585000	      1657	80001c14	00000013	addi	x0,x0,0	  x0:0x00000000
       16595000	      1658	80001c18	00500f93	addi	x31,x0,5	  x0:0x00000000 x31=0x00000005
       16605000	      1659	80001c1c	40a75933	sra	x18,x14,x10	 x14:0x00000001 x10:0xfffffff5 x18=0x00000000
       16615000	      1660	80001c20	017b2933	slt	x18,x22,x23	 x22:0x00000006 x23:0xfffffffd x18=0x00000000
       16625000	      1661	80001c24	ffd00e93	addi	x29,x0,-3	  x0:0x00000000 x29=0xfffffffd
       16635000	      1662	80001c28	54f7b393	sltiu	x7,x15,1359	 x15:0x00000000  x7=0x00000001
       16645000	      1663	80001c2c	00000013	addi	x0,x0,0	  x0:0x00000000
       16655000	      1664	80001c30	ff9f8f93	addi	x31,x31,-7	 x31:0x00000005 x31=0xfffffffe
       16665000	      1665	80001c34	f4eb0893	addi	x17,x22,-178	 x22:0x00000006 x17=0xffffff54
       16675000	      1666	80001c38	ef5df813	andi	x16,x27,-267	 x27:0x00000000 x16=0x00000000
       16685000	      1667	80001c3c	71ba85b7	lui	x11,0x71ba8	 x11=0x71ba8000
       16695000	      1668	80001c40	8957eb97	auipc	x23,0x8957e	 x23=0x0957fc3c
       16705000	      1669	80001c44	01a92533	slt	x10,x18,x26	 x18:0x00000000 x26:0x00000009 x10=0x00000001
       16715000	      1670	80001c48	ffdfd0e3	bge	x31,x29,80001c28	 x31:0xfffffffe x29:0xfffffffd
       16725000	      1671	00000000	00000013	addi	x0,x0,0	  x0:0x00000000
       16735000	      1672	80001c24	00000013	addi	x0,x0,0	  x0:0x00000000
       16745000	      1673	80001c28	54f7b393	sltiu	x7,x15,1359	 x15:0x00000000  x7=0x00000001
       16755000	      1674	80001c2c	00000013	addi	x0,x0,0	  x0:0x00000000
       16765000	      1675	80001c30	ff9f8f93	addi	x31,x31,-7	 x31:0xfffffffe x31=0xfffffff7
       16775000	      1676	80001c34	f4eb0893	addi	x17,x22,-178	 x22:0x00000006 x17=0xffffff54
       16785000	      1677	80001c38	ef5df813	andi	x16,x27,-267	 x27:0x00000000 x16=0x00000000
       16795000	      1678	80001c3c	71ba85b7	lui	x11,0x71ba8	 x11=0x71ba8000
       16805000	      1679	80001c40	8957eb97	auipc	x23,0x8957e	 x23=0x0957fc3c
       16815000	      1680	80001c44	01a92533	slt	x10,x18,x26	 x18:0x00000000 x26:0x00000009 x10=0x00000001
       16825000	      1681	80001c48	ffdfd0e3	bge	x31,x29,80001c28	 x31:0xfffffff7 x29:0xfffffffd
       16835000	      1682	80001c4c	f9aa6ae3	bltu	x20,x26,80001be0	 x20:0xfffffffe x26:0x00000009
       16845000	      1683	80001c50	00bc9733	sll	x14,x25,x11	 x25:0xfffffff3 x11:0x71ba8000 x14=0xfffffff3
       16855000	      1684	80001c54	00400293	addi	x5,x0,4	  x0:0x00000000  x5=0x00000004
       16865000	      1685	80001c58	b87ded13	ori	x26,x27,-1145	 x27:0x00000000 x26=0xfffffb87
       16875000	      1686	80001c5c	00c00e93	addi	x29,x0,12	  x0:0x00000000 x29=0x0000000c
       16885000	      1687	80001c60	4a352393	slti	x7,x10,1187	 x10:0x00000001  x7=0x00000001
       16895000	      1688	80001c64	8d3b0813	addi	x16,x22,-1837	 x22:0x00000006 x16=0xfffff8d9
       16905000	      1689	80001c68	ace97f93	andi	x31,x18,-1330	 x18:0x00000000 x31=0x00000000
       16915000	      1690	80001c6c	00828293	addi	x5,x5,8	  x5:0x00000004  x5=0x0000000c
       16925000	      1691	80001c70	00700513	addi	x10,x0,7	  x0:0x00000000 x10=0x00000007
       16935000	      1692	80001c74	0093cdb3	xor	x27,x7,x9	  x7:0x00000001  x9:0x80009fc4 x27=0x80009fc5
       16945000	      1693	80001c78	01df3ab3	sltu	x21,x30,x29	 x30:0x00000000 x29:0x0000000c x21=0x00000001
       16955000	      1694	80001c7c	ff700a13	addi	x20,x0,-9	  x0:0x00000000 x20=0xfffffff7
       16965000	      1695	80001c80	5abf0b93	addi	x23,x30,1451	 x30:0x00000000 x23=0x000005ab
       16975000	      1696	80001c84	0483a717	auipc	x14,0x483a	 x14=0x8483bc80
       16985000	      1697	80001c88	008aac33	slt	x24,x21,x8	 x21:0x00000001  x8:0x09fc4000 x24=0x00000001
       16995000	      1698	80001c8c	ffe50513	addi	x10,x10,-2	 x10:0x00000007 x10=0x00000005
       17005000	      1699	80001c90	547f7db7	lui	x27,0x547f7	 x27=0x547f7000
       17015000	      1700	80001c94	ff4508e3	beq	x10,x20,80001c84	 x10:0x00000005 x20:0xfffffff7
       17025000	      1701	80001c98	008dbf33	sltu	x30,x27,x8	 x27:0x547f7000  x8:0x09fc4000 x30=0x00000000
       17035000	      1702	80001c9c	40fc5793	srai	x15,x24,0xf	 x24:0x00000001 x15=0x00000000
       17045000	      1703	80001ca0	fdd280e3	beq	x5,x29,80001c60	  x5:0x0000000c x29:0x0000000c
       17055000	      1704	00000000	00000013	addi	x0,x0,0	  x0:0x00000000
       17065000	      1705	80001c5c	00000013	addi	x0,x0,0	  x0:0x00000000
       17075000	      1706	80001c60	4a352393	slti	x7,x10,1187	 x10:0x00000005  x7=0x00000001
       17085000	      1707	80001c64	8d3b0813	addi	x16,x22,-1837	 x22:0x00000006 x16=0xfffff8d9
       17095000	      1708	80001c68	ace97f93	andi	x31,x18,-1330	 x18:0x00000000 x31=0x00000000
       17105000	      1709	80001c6c	00828293	addi	x5,x5,8	  x5:0x0000000c  x5=0x00000014
       17115000	      1710	80001c70	00700513	addi	x10,x0,7	  x0:0x00000000 x10=0x00000007
       17125000	      1711	80001c74	0093cdb3	xor	x27,x7,x9	  x7:0x00000001  x9:0x80009fc4 x27=0x80009fc5
       17135000	      1712	80001c78	01df3ab3	sltu	x21,x30,x29	 x30:0x00000000 x29:0x0000000c x21=0x00000001
       17145000	      1713	80001c7c	ff700a13	addi	x20,x0,-9	  x0:0x00000000 x20=0xfffffff7
       17155000	      1714	80001c80	5abf0b93	addi	x23,x30,1451	 x30:0x00000000 x23=0x000005ab
       17165000	      1715	80001c84	0483a717	auipc	x14,0x483a	 x14=0x8483bc80
       17175000	      1716	80001c88	008aac33	slt	x24,x21,x8	 x21:0x00000001  x8:0x09fc4000 x24=0x00000001
       17185000	      1717	80001c8c	ffe50513	addi	x10,x10,-2	 x10:0x00000007 x10=0x00000005
       17195000	      1718	80001c90	547f7db7	lui	x27,0x547f7	 x27=0x547f7000
       17205000	      1719	80001c94	ff4508e3	beq	x10,x20,80001c84	 x10:0x00000005 x20:0xfffffff7
       17215000	      1720	80001c98	008dbf33	sltu	x30,x27,x8	 x27:0x547f7000  x8:0x09fc4000 x30=0x00000000
       17225000	      1721	80001c9c	40fc5793	srai	x15,x24,0xf	 x24:0x00000001 x15=0x00000000
       17235000	      1722	80001ca0	fdd280e3	beq	x5,x29,80001c60	  x5:0x00000014 x29:0x0000000c
       17245000	      1723	80001ca4	32efed93	ori	x27,x31,814	 x31:0x00000000 x27=0x0000032e
       17255000	      1724	80001ca8	00100393	addi	x7,x0,1	  x0:0x00000000  x7=0x00000001
       17265000	      1725	80001cac	1e4f3d93	sltiu	x27,x30,484	 x30:0x00000000 x27=0x00000001
       17275000	      1726	80001cb0	00d2d733	srl	x14,x5,x13	  x5:0x00000014 x13:0x000005c3 x14=0x00000002
       17285000	      1727	80001cb4	00c6f733	and	x14,x13,x12	 x13:0x000005c3 x12:0xfffffa63 x14=0x00000043
       17295000	      1728	80001cb8	70860f13	addi	x30,x12,1800	 x12:0xfffffa63 x30=0x0000016b
       17305000	      1729	80001cbc	0129a733	slt	x14,x19,x18	 x19:0x0000000c x18:0x00000000 x14=0x00000000
       17315000	      1730	80001cc0	00a00413	addi	x8,x0,10	  x0:0x00000000  x8=0x0000000a
       17325000	      1731	80001cc4	01cc32b3	sltu	x5,x24,x28	 x24:0x00000001 x28:0xce857127  x5=0x00000001
       17335000	      1732	80001cc8	0101f733	and	x14,x3,x16	  x3:0x00000008 x16:0xfffff8d9 x14=0x00000008
       17345000	      1733	80001ccc	00138393	addi	x7,x7,1	  x7:0x00000001  x7=0x00000002
       17355000	      1734	80001cd0	41a35d33	sra	x26,x6,x26	  x6:0x80009f78 x26:0xfffffb87 x26=0xff00013e
       17365000	      1735	80001cd4	00900c93	addi	x25,x0,9	  x0:0x00000000 x25=0x00000009
       17375000	      1736	80001cd8	00900613	addi	x12,x0,9	  x0:0x00000000 x12=0x00000009
       17385000	      1737	80001cdc	004dcb33	xor	x22,x27,x4	 x27:0x00000001  x4:0xf6f66b28 x22=0xf6f66b29
       17395000	      1738	80001ce0	f92d90b7	lui	x1,0xf92d9	  x1=0xf92d9000
       17405000	      1739	80001ce4	6d6877b7	lui	x15,0x6d687	 x15=0x6d687000
       17415000	      1740	80001ce8	2ed42893	slti	x17,x8,749	  x8:0x0000000a x17=0x00000001
       17425000	      1741	80001cec	01ccea33	or	x20,x25,x28	 x25:0x00000009 x28:0xce857127 x20=0xce85712f
       17435000	      1742	80001cf0	ffcc8c93	addi	x25,x25,-4	 x25:0x00000009 x25=0x00000005
       17445000	      1743	80001cf4	feccfae3	bgeu	x25,x12,80001ce8	 x25:0x00000005 x12:0x00000009
       17455000	      1744	80001cf8	caa85bb7	lui	x23,0xcaa85	 x23=0xcaa85000
       17465000	      1745	80001cfc	0014deb3	srl	x29,x9,x1	  x9:0x80009fc4  x1:0xf92d9000 x29=0x80009fc4
       17475000	      1746	80001d00	fc83c4e3	blt	x7,x8,80001cc8	  x7:0x00000002  x8:0x0000000a
       17485000	      1747	00000000	00000013	addi	x0,x0,0	  x0:0x00000000
       17495000	      1748	80001cc4	00000013	addi	x0,x0,0	  x0:0x00000000
       17505000	      1749	80001cc8	0101f733	and	x14,x3,x16	  x3:0x00000008 x16:0xfffff8d9 x14=0x00000008
       17515000	      1750	80001ccc	00138393	addi	x7,x7,1	  x7:0x00000002  x7=0x00000003
       17525000	      1751	80001cd0	41a35d33	sra	x26,x6,x26	  x6:0x80009f78 x26:0xff00013e x26=0xfffffffe
       17535000	      1752	80001cd4	00900c93	addi	x25,x0,9	  x0:0x00000000 x25=0x00000009
       17545000	      1753	80001cd8	00900613	addi	x12,x0,9	  x0:0x00000000 x12=0x00000009
       17555000	      1754	80001cdc	004dcb33	xor	x22,x27,x4	 x27:0x00000001  x4:0xf6f66b28 x22=0xf6f66b29
       17565000	      1755	80001ce0	f92d90b7	lui	x1,0xf92d9	  x1=0xf92d9000
       17575000	      1756	80001ce4	6d6877b7	lui	x15,0x6d687	 x15=0x6d687000
       17585000	      1757	80001ce8	2ed42893	slti	x17,x8,749	  x8:0x0000000a x17=0x00000001
       17595000	      1758	80001cec	01ccea33	or	x20,x25,x28	 x25:0x00000009 x28:0xce857127 x20=0xce85712f
       17605000	      1759	80001cf0	ffcc8c93	addi	x25,x25,-4	 x25:0x00000009 x25=0x00000005
       17615000	      1760	80001cf4	feccfae3	bgeu	x25,x12,80001ce8	 x25:0x00000005 x12:0x00000009
       17625000	      1761	80001cf8	caa85bb7	lui	x23,0xcaa85	 x23=0xcaa85000
       17635000	      1762	80001cfc	0014deb3	srl	x29,x9,x1	  x9:0x80009fc4  x1:0xf92d9000 x29=0x80009fc4
       17645000	      1763	80001d00	fc83c4e3	blt	x7,x8,80001cc8	  x7:0x00000003  x8:0x0000000a
       17655000	      1764	00000000	00000013	addi	x0,x0,0	  x0:0x00000000
       17665000	      1765	80001cc4	00000013	addi	x0,x0,0	  x0:0x00000000
       17675000	      1766	80001cc8	0101f733	and	x14,x3,x16	  x3:0x00000008 x16:0xfffff8d9 x14=0x00000008
       17685000	      1767	80001ccc	00138393	addi	x7,x7,1	  x7:0x00000003  x7=0x00000004
       17695000	      1768	80001cd0	41a35d33	sra	x26,x6,x26	  x6:0x80009f78 x26:0xfffffffe x26=0xfffffffe
       17705000	      1769	80001cd4	00900c93	addi	x25,x0,9	  x0:0x00000000 x25=0x00000009
       17715000	      1770	80001cd8	00900613	addi	x12,x0,9	  x0:0x00000000 x12=0x00000009
       17725000	      1771	80001cdc	004dcb33	xor	x22,x27,x4	 x27:0x00000001  x4:0xf6f66b28 x22=0xf6f66b29
       17735000	      1772	80001ce0	f92d90b7	lui	x1,0xf92d9	  x1=0xf92d9000
       17745000	      1773	80001ce4	6d6877b7	lui	x15,0x6d687	 x15=0x6d687000
       17755000	      1774	80001ce8	2ed42893	slti	x17,x8,749	  x8:0x0000000a x17=0x00000001
       17765000	      1775	80001cec	01ccea33	or	x20,x25,x28	 x25:0x00000009 x28:0xce857127 x20=0xce85712f
       17775000	      1776	80001cf0	ffcc8c93	addi	x25,x25,-4	 x25:0x00000009 x25=0x00000005
       17785000	      1777	80001cf4	feccfae3	bgeu	x25,x12,80001ce8	 x25:0x00000005 x12:0x00000009
       17795000	      1778	80001cf8	caa85bb7	lui	x23,0xcaa85	 x23=0xcaa85000
       17805000	      1779	80001cfc	0014deb3	srl	x29,x9,x1	  x9:0x80009fc4  x1:0xf92d9000 x29=0x80009fc4
       17815000	      1780	80001d00	fc83c4e3	blt	x7,x8,80001cc8	  x7:0x00000004  x8:0x0000000a
       17825000	      1781	00000000	00000013	addi	x0,x0,0	  x0:0x00000000
       17835000	      1782	80001cc4	00000013	addi	x0,x0,0	  x0:0x00000000
       17845000	      1783	80001cc8	0101f733	and	x14,x3,x16	  x3:0x00000008 x16:0xfffff8d9 x14=0x00000008
       17855000	      1784	80001ccc	00138393	addi	x7,x7,1	  x7:0x00000004  x7=0x00000005
       17865000	      1785	80001cd0	41a35d33	sra	x26,x6,x26	  x6:0x80009f78 x26:0xfffffffe x26=0xfffffffe
       17875000	      1786	80001cd4	00900c93	addi	x25,x0,9	  x0:0x00000000 x25=0x00000009
       17885000	      1787	80001cd8	00900613	addi	x12,x0,9	  x0:0x00000000 x12=0x00000009
       17895000	      1788	80001cdc	004dcb33	xor	x22,x27,x4	 x27:0x00000001  x4:0xf6f66b28 x22=0xf6f66b29
       17905000	      1789	80001ce0	f92d90b7	lui	x1,0xf92d9	  x1=0xf92d9000
       17915000	      1790	80001ce4	6d6877b7	lui	x15,0x6d687	 x15=0x6d687000
       17925000	      1791	80001ce8	2ed42893	slti	x17,x8,749	  x8:0x0000000a x17=0x00000001
       17935000	      1792	80001cec	01ccea33	or	x20,x25,x28	 x25:0x00000009 x28:0xce857127 x20=0xce85712f
       17945000	      1793	80001cf0	ffcc8c93	addi	x25,x25,-4	 x25:0x00000009 x25=0x00000005
       17955000	      1794	80001cf4	feccfae3	bgeu	x25,x12,80001ce8	 x25:0x00000005 x12:0x00000009
       17965000	      1795	80001cf8	caa85bb7	lui	x23,0xcaa85	 x23=0xcaa85000
       17975000	      1796	80001cfc	0014deb3	srl	x29,x9,x1	  x9:0x80009fc4  x1:0xf92d9000 x29=0x80009fc4
       17985000	      1797	80001d00	fc83c4e3	blt	x7,x8,80001cc8	  x7:0x00000005  x8:0x0000000a
       17995000	      1798	00000000	00000013	addi	x0,x0,0	  x0:0x00000000
       18005000	      1799	80001cc4	00000013	addi	x0,x0,0	  x0:0x00000000
       18015000	      1800	80001cc8	0101f733	and	x14,x3,x16	  x3:0x00000008 x16:0xfffff8d9 x14=0x00000008
       18025000	      1801	80001ccc	00138393	addi	x7,x7,1	  x7:0x00000005  x7=0x00000006
       18035000	      1802	80001cd0	41a35d33	sra	x26,x6,x26	  x6:0x80009f78 x26:0xfffffffe x26=0xfffffffe
       18045000	      1803	80001cd4	00900c93	addi	x25,x0,9	  x0:0x00000000 x25=0x00000009
       18055000	      1804	80001cd8	00900613	addi	x12,x0,9	  x0:0x00000000 x12=0x00000009
       18065000	      1805	80001cdc	004dcb33	xor	x22,x27,x4	 x27:0x00000001  x4:0xf6f66b28 x22=0xf6f66b29
       18075000	      1806	80001ce0	f92d90b7	lui	x1,0xf92d9	  x1=0xf92d9000
       18085000	      1807	80001ce4	6d6877b7	lui	x15,0x6d687	 x15=0x6d687000
       18095000	      1808	80001ce8	2ed42893	slti	x17,x8,749	  x8:0x0000000a x17=0x00000001
       18105000	      1809	80001cec	01ccea33	or	x20,x25,x28	 x25:0x00000009 x28:0xce857127 x20=0xce85712f
       18115000	      1810	80001cf0	ffcc8c93	addi	x25,x25,-4	 x25:0x00000009 x25=0x00000005
       18125000	      1811	80001cf4	feccfae3	bgeu	x25,x12,80001ce8	 x25:0x00000005 x12:0x00000009
       18135000	      1812	80001cf8	caa85bb7	lui	x23,0xcaa85	 x23=0xcaa85000
       18145000	      1813	80001cfc	0014deb3	srl	x29,x9,x1	  x9:0x80009fc4  x1:0xf92d9000 x29=0x80009fc4
       18155000	      1814	80001d00	fc83c4e3	blt	x7,x8,80001cc8	  x7:0x00000006  x8:0x0000000a
       18165000	      1815	00000000	00000013	addi	x0,x0,0	  x0:0x00000000
       18175000	      1816	80001cc4	00000013	addi	x0,x0,0	  x0:0x00000000
       18185000	      1817	80001cc8	0101f733	and	x14,x3,x16	  x3:0x00000008 x16:0xfffff8d9 x14=0x00000008
       18195000	      1818	80001ccc	00138393	addi	x7,x7,1	  x7:0x00000006  x7=0x00000007
       18205000	      1819	80001cd0	41a35d33	sra	x26,x6,x26	  x6:0x80009f78 x26:0xfffffffe x26=0xfffffffe
       18215000	      1820	80001cd4	00900c93	addi	x25,x0,9	  x0:0x00000000 x25=0x00000009
       18225000	      1821	80001cd8	00900613	addi	x12,x0,9	  x0:0x00000000 x12=0x00000009
       18235000	      1822	80001cdc	004dcb33	xor	x22,x27,x4	 x27:0x00000001  x4:0xf6f66b28 x22=0xf6f66b29
       18245000	      1823	80001ce0	f92d90b7	lui	x1,0xf92d9	  x1=0xf92d9000
       18255000	      1824	80001ce4	6d6877b7	lui	x15,0x6d687	 x15=0x6d687000
       18265000	      1825	80001ce8	2ed42893	slti	x17,x8,749	  x8:0x0000000a x17=0x00000001
       18275000	      1826	80001cec	01ccea33	or	x20,x25,x28	 x25:0x00000009 x28:0xce857127 x20=0xce85712f
       18285000	      1827	80001cf0	ffcc8c93	addi	x25,x25,-4	 x25:0x00000009 x25=0x00000005
       18295000	      1828	80001cf4	feccfae3	bgeu	x25,x12,80001ce8	 x25:0x00000005 x12:0x00000009
       18305000	      1829	80001cf8	caa85bb7	lui	x23,0xcaa85	 x23=0xcaa85000
       18315000	      1830	80001cfc	0014deb3	srl	x29,x9,x1	  x9:0x80009fc4  x1:0xf92d9000 x29=0x80009fc4
       18325000	      1831	80001d00	fc83c4e3	blt	x7,x8,80001cc8	  x7:0x00000007  x8:0x0000000a
       18335000	      1832	00000000	00000013	addi	x0,x0,0	  x0:0x00000000
       18345000	      1833	80001cc4	00000013	addi	x0,x0,0	  x0:0x00000000
       18355000	      1834	80001cc8	0101f733	and	x14,x3,x16	  x3:0x00000008 x16:0xfffff8d9 x14=0x00000008
       18365000	      1835	80001ccc	00138393	addi	x7,x7,1	  x7:0x00000007  x7=0x00000008
       18375000	      1836	80001cd0	41a35d33	sra	x26,x6,x26	  x6:0x80009f78 x26:0xfffffffe x26=0xfffffffe
       18385000	      1837	80001cd4	00900c93	addi	x25,x0,9	  x0:0x00000000 x25=0x00000009
       18395000	      1838	80001cd8	00900613	addi	x12,x0,9	  x0:0x00000000 x12=0x00000009
       18405000	      1839	80001cdc	004dcb33	xor	x22,x27,x4	 x27:0x00000001  x4:0xf6f66b28 x22=0xf6f66b29
       18415000	      1840	80001ce0	f92d90b7	lui	x1,0xf92d9	  x1=0xf92d9000
       18425000	      1841	80001ce4	6d6877b7	lui	x15,0x6d687	 x15=0x6d687000
       18435000	      1842	80001ce8	2ed42893	slti	x17,x8,749	  x8:0x0000000a x17=0x00000001
       18445000	      1843	80001cec	01ccea33	or	x20,x25,x28	 x25:0x00000009 x28:0xce857127 x20=0xce85712f
       18455000	      1844	80001cf0	ffcc8c93	addi	x25,x25,-4	 x25:0x00000009 x25=0x00000005
       18465000	      1845	80001cf4	feccfae3	bgeu	x25,x12,80001ce8	 x25:0x00000005 x12:0x00000009
       18475000	      1846	80001cf8	caa85bb7	lui	x23,0xcaa85	 x23=0xcaa85000
       18485000	      1847	80001cfc	0014deb3	srl	x29,x9,x1	  x9:0x80009fc4  x1:0xf92d9000 x29=0x80009fc4
       18495000	      1848	80001d00	fc83c4e3	blt	x7,x8,80001cc8	  x7:0x00000008  x8:0x0000000a
       18505000	      1849	00000000	00000013	addi	x0,x0,0	  x0:0x00000000
       18515000	      1850	80001cc4	00000013	addi	x0,x0,0	  x0:0x00000000
       18525000	      1851	80001cc8	0101f733	and	x14,x3,x16	  x3:0x00000008 x16:0xfffff8d9 x14=0x00000008
       18535000	      1852	80001ccc	00138393	addi	x7,x7,1	  x7:0x00000008  x7=0x00000009
       18545000	      1853	80001cd0	41a35d33	sra	x26,x6,x26	  x6:0x80009f78 x26:0xfffffffe x26=0xfffffffe
       18555000	      1854	80001cd4	00900c93	addi	x25,x0,9	  x0:0x00000000 x25=0x00000009
       18565000	      1855	80001cd8	00900613	addi	x12,x0,9	  x0:0x00000000 x12=0x00000009
       18575000	      1856	80001cdc	004dcb33	xor	x22,x27,x4	 x27:0x00000001  x4:0xf6f66b28 x22=0xf6f66b29
       18585000	      1857	80001ce0	f92d90b7	lui	x1,0xf92d9	  x1=0xf92d9000
       18595000	      1858	80001ce4	6d6877b7	lui	x15,0x6d687	 x15=0x6d687000
       18605000	      1859	80001ce8	2ed42893	slti	x17,x8,749	  x8:0x0000000a x17=0x00000001
       18615000	      1860	80001cec	01ccea33	or	x20,x25,x28	 x25:0x00000009 x28:0xce857127 x20=0xce85712f
       18625000	      1861	80001cf0	ffcc8c93	addi	x25,x25,-4	 x25:0x00000009 x25=0x00000005
       18635000	      1862	80001cf4	feccfae3	bgeu	x25,x12,80001ce8	 x25:0x00000005 x12:0x00000009
       18645000	      1863	80001cf8	caa85bb7	lui	x23,0xcaa85	 x23=0xcaa85000
       18655000	      1864	80001cfc	0014deb3	srl	x29,x9,x1	  x9:0x80009fc4  x1:0xf92d9000 x29=0x80009fc4
       18665000	      1865	80001d00	fc83c4e3	blt	x7,x8,80001cc8	  x7:0x00000009  x8:0x0000000a
       18675000	      1866	00000000	00000013	addi	x0,x0,0	  x0:0x00000000
       18685000	      1867	80001cc4	00000013	addi	x0,x0,0	  x0:0x00000000
       18695000	      1868	80001cc8	0101f733	and	x14,x3,x16	  x3:0x00000008 x16:0xfffff8d9 x14=0x00000008
       18705000	      1869	80001ccc	00138393	addi	x7,x7,1	  x7:0x00000009  x7=0x0000000a
       18715000	      1870	80001cd0	41a35d33	sra	x26,x6,x26	  x6:0x80009f78 x26:0xfffffffe x26=0xfffffffe
       18725000	      1871	80001cd4	00900c93	addi	x25,x0,9	  x0:0x00000000 x25=0x00000009
       18735000	      1872	80001cd8	00900613	addi	x12,x0,9	  x0:0x00000000 x12=0x00000009
       18745000	      1873	80001cdc	004dcb33	xor	x22,x27,x4	 x27:0x00000001  x4:0xf6f66b28 x22=0xf6f66b29
       18755000	      1874	80001ce0	f92d90b7	lui	x1,0xf92d9	  x1=0xf92d9000
       18765000	      1875	80001ce4	6d6877b7	lui	x15,0x6d687	 x15=0x6d687000
       18775000	      1876	80001ce8	2ed42893	slti	x17,x8,749	  x8:0x0000000a x17=0x00000001
       18785000	      1877	80001cec	01ccea33	or	x20,x25,x28	 x25:0x00000009 x28:0xce857127 x20=0xce85712f
       18795000	      1878	80001cf0	ffcc8c93	addi	x25,x25,-4	 x25:0x00000009 x25=0x00000005
       18805000	      1879	80001cf4	feccfae3	bgeu	x25,x12,80001ce8	 x25:0x00000005 x12:0x00000009
       18815000	      1880	80001cf8	caa85bb7	lui	x23,0xcaa85	 x23=0xcaa85000
       18825000	      1881	80001cfc	0014deb3	srl	x29,x9,x1	  x9:0x80009fc4  x1:0xf92d9000 x29=0x80009fc4
       18835000	      1882	80001d00	fc83c4e3	blt	x7,x8,80001cc8	  x7:0x0000000a  x8:0x0000000a
       18845000	      1883	80001d04	01ba3533	sltu	x10,x20,x27	 x20:0xce85712f x27:0x00000001 x10=0x00000000
       18855000	      1884	80001d08	00a00413	addi	x8,x0,10	  x0:0x00000000  x8=0x0000000a
       18865000	      1885	80001d0c	ff300d93	addi	x27,x0,-13	  x0:0x00000000 x27=0xfffffff3
       18875000	      1886	80001d10	93b24137	lui	x2,0x93b24	  x2=0x93b24000
       18885000	      1887	80001d14	327bec93	ori	x25,x23,807	 x23:0xcaa85000 x25=0xcaa85327
       18895000	      1888	80001d18	fff40413	addi	x8,x8,-1	  x8:0x0000000a  x8=0x00000009
       18905000	      1889	80001d1c	ff600a93	addi	x21,x0,-10	  x0:0x00000000 x21=0xfffffff6
       18915000	      1890	80001d20	fec00993	addi	x19,x0,-20	  x0:0x00000000 x19=0xffffffec
       18925000	      1891	80001d24	a0aaa697	auipc	x13,0xa0aaa	 x13=0x20aabd20
       18935000	      1892	80001d28	ffda8a93	addi	x21,x21,-3	 x21:0xfffffff6 x21=0xfffffff3
       18945000	      1893	80001d2c	ff3adce3	bge	x21,x19,80001d24	 x21:0xfffffff3 x19:0xffffffec
       18955000	      1894	00000000	00000013	addi	x0,x0,0	  x0:0x00000000
       18965000	      1895	80001d20	00000013	addi	x0,x0,0	  x0:0x00000000
       18975000	      1896	80001d24	a0aaa697	auipc	x13,0xa0aaa	 x13=0x20aabd20
       18985000	      1897	80001d28	ffda8a93	addi	x21,x21,-3	 x21:0xfffffff3 x21=0xfffffff0
       18995000	      1898	80001d2c	ff3adce3	bge	x21,x19,80001d24	 x21:0xfffffff0 x19:0xffffffec
       19005000	      1899	00000000	00000013	addi	x0,x0,0	  x0:0x00000000
       19015000	      1900	80001d20	00000013	addi	x0,x0,0	  x0:0x00000000
       19025000	      1901	80001d24	a0aaa697	auipc	x13,0xa0aaa	 x13=0x20aabd20
       19035000	      1902	80001d28	ffda8a93	addi	x21,x21,-3	 x21:0xfffffff0 x21=0xffffffed
       19045000	      1903	80001d2c	ff3adce3	bge	x21,x19,80001d24	 x21:0xffffffed x19:0xffffffec
       19055000	      1904	00000000	00000013	addi	x0,x0,0	  x0:0x00000000
       19065000	      1905	80001d20	00000013	addi	x0,x0,0	  x0:0x00000000
       19075000	      1906	80001d24	a0aaa697	auipc	x13,0xa0aaa	 x13=0x20aabd20
       19085000	      1907	80001d28	ffda8a93	addi	x21,x21,-3	 x21:0xffffffed x21=0xffffffea
       19095000	      1908	80001d2c	ff3adce3	bge	x21,x19,80001d24	 x21:0xffffffea x19:0xffffffec
       19105000	      1909	80001d30	ffb410e3	bne	x8,x27,80001d10	  x8:0x00000009 x27:0xfffffff3
       19115000	      1910	00000000	00000013	addi	x0,x0,0	  x0:0x00000000
       19125000	      1911	80001d0c	00000013	addi	x0,x0,0	  x0:0x00000000
       19135000	      1912	80001d10	93b24137	lui	x2,0x93b24	  x2=0x93b24000
       19145000	      1913	80001d14	327bec93	ori	x25,x23,807	 x23:0xcaa85000 x25=0xcaa85327
       19155000	      1914	80001d18	fff40413	addi	x8,x8,-1	  x8:0x00000009  x8=0x00000008
       19165000	      1915	80001d1c	ff600a93	addi	x21,x0,-10	  x0:0x00000000 x21=0xfffffff6
       19175000	      1916	80001d20	fec00993	addi	x19,x0,-20	  x0:0x00000000 x19=0xffffffec
       19185000	      1917	80001d24	a0aaa697	auipc	x13,0xa0aaa	 x13=0x20aabd20
       19195000	      1918	80001d28	ffda8a93	addi	x21,x21,-3	 x21:0xfffffff6 x21=0xfffffff3
       19205000	      1919	80001d2c	ff3adce3	bge	x21,x19,80001d24	 x21:0xfffffff3 x19:0xffffffec
       19215000	      1920	00000000	00000013	addi	x0,x0,0	  x0:0x00000000
       19225000	      1921	80001d20	00000013	addi	x0,x0,0	  x0:0x00000000
       19235000	      1922	80001d24	a0aaa697	auipc	x13,0xa0aaa	 x13=0x20aabd20
       19245000	      1923	80001d28	ffda8a93	addi	x21,x21,-3	 x21:0xfffffff3 x21=0xfffffff0
       19255000	      1924	80001d2c	ff3adce3	bge	x21,x19,80001d24	 x21:0xfffffff0 x19:0xffffffec
       19265000	      1925	00000000	00000013	addi	x0,x0,0	  x0:0x00000000
       19275000	      1926	80001d20	00000013	addi	x0,x0,0	  x0:0x00000000
       19285000	      1927	80001d24	a0aaa697	auipc	x13,0xa0aaa	 x13=0x20aabd20
       19295000	      1928	80001d28	ffda8a93	addi	x21,x21,-3	 x21:0xfffffff0 x21=0xffffffed
       19305000	      1929	80001d2c	ff3adce3	bge	x21,x19,80001d24	 x21:0xffffffed x19:0xffffffec
       19315000	      1930	00000000	00000013	addi	x0,x0,0	  x0:0x00000000
       19325000	      1931	80001d20	00000013	addi	x0,x0,0	  x0:0x00000000
       19335000	      1932	80001d24	a0aaa697	auipc	x13,0xa0aaa	 x13=0x20aabd20
       19345000	      1933	80001d28	ffda8a93	addi	x21,x21,-3	 x21:0xffffffed x21=0xffffffea
       19355000	      1934	80001d2c	ff3adce3	bge	x21,x19,80001d24	 x21:0xffffffea x19:0xffffffec
       19365000	      1935	80001d30	ffb410e3	bne	x8,x27,80001d10	  x8:0x00000008 x27:0xfffffff3
       19375000	      1936	00000000	00000013	addi	x0,x0,0	  x0:0x00000000
       19385000	      1937	80001d0c	00000013	addi	x0,x0,0	  x0:0x00000000
       19395000	      1938	80001d10	93b24137	lui	x2,0x93b24	  x2=0x93b24000
       19405000	      1939	80001d14	327bec93	ori	x25,x23,807	 x23:0xcaa85000 x25=0xcaa85327
       19415000	      1940	80001d18	fff40413	addi	x8,x8,-1	  x8:0x00000008  x8=0x00000007
       19425000	      1941	80001d1c	ff600a93	addi	x21,x0,-10	  x0:0x00000000 x21=0xfffffff6
       19435000	      1942	80001d20	fec00993	addi	x19,x0,-20	  x0:0x00000000 x19=0xffffffec
       19445000	      1943	80001d24	a0aaa697	auipc	x13,0xa0aaa	 x13=0x20aabd20
       19455000	      1944	80001d28	ffda8a93	addi	x21,x21,-3	 x21:0xfffffff6 x21=0xfffffff3
       19465000	      1945	80001d2c	ff3adce3	bge	x21,x19,80001d24	 x21:0xfffffff3 x19:0xffffffec
       19475000	      1946	00000000	00000013	addi	x0,x0,0	  x0:0x00000000
       19485000	      1947	80001d20	00000013	addi	x0,x0,0	  x0:0x00000000
       19495000	      1948	80001d24	a0aaa697	auipc	x13,0xa0aaa	 x13=0x20aabd20
       19505000	      1949	80001d28	ffda8a93	addi	x21,x21,-3	 x21:0xfffffff3 x21=0xfffffff0
       19515000	      1950	80001d2c	ff3adce3	bge	x21,x19,80001d24	 x21:0xfffffff0 x19:0xffffffec
       19525000	      1951	00000000	00000013	addi	x0,x0,0	  x0:0x00000000
       19535000	      1952	80001d20	00000013	addi	x0,x0,0	  x0:0x00000000
       19545000	      1953	80001d24	a0aaa697	auipc	x13,0xa0aaa	 x13=0x20aabd20
       19555000	      1954	80001d28	ffda8a93	addi	x21,x21,-3	 x21:0xfffffff0 x21=0xffffffed
       19565000	      1955	80001d2c	ff3adce3	bge	x21,x19,80001d24	 x21:0xffffffed x19:0xffffffec
       19575000	      1956	00000000	00000013	addi	x0,x0,0	  x0:0x00000000
       19585000	      1957	80001d20	00000013	addi	x0,x0,0	  x0:0x00000000
       19595000	      1958	80001d24	a0aaa697	auipc	x13,0xa0aaa	 x13=0x20aabd20
       19605000	      1959	80001d28	ffda8a93	addi	x21,x21,-3	 x21:0xffffffed x21=0xffffffea
       19615000	      1960	80001d2c	ff3adce3	bge	x21,x19,80001d24	 x21:0xffffffea x19:0xffffffec
       19625000	      1961	80001d30	ffb410e3	bne	x8,x27,80001d10	  x8:0x00000007 x27:0xfffffff3
       19635000	      1962	00000000	00000013	addi	x0,x0,0	  x0:0x00000000
       19645000	      1963	80001d0c	00000013	addi	x0,x0,0	  x0:0x00000000
       19655000	      1964	80001d10	93b24137	lui	x2,0x93b24	  x2=0x93b24000
       19665000	      1965	80001d14	327bec93	ori	x25,x23,807	 x23:0xcaa85000 x25=0xcaa85327
       19675000	      1966	80001d18	fff40413	addi	x8,x8,-1	  x8:0x00000007  x8=0x00000006
       19685000	      1967	80001d1c	ff600a93	addi	x21,x0,-10	  x0:0x00000000 x21=0xfffffff6
       19695000	      1968	80001d20	fec00993	addi	x19,x0,-20	  x0:0x00000000 x19=0xffffffec
       19705000	      1969	80001d24	a0aaa697	auipc	x13,0xa0aaa	 x13=0x20aabd20
       19715000	      1970	80001d28	ffda8a93	addi	x21,x21,-3	 x21:0xfffffff6 x21=0xfffffff3
       19725000	      1971	80001d2c	ff3adce3	bge	x21,x19,80001d24	 x21:0xfffffff3 x19:0xffffffec
       19735000	      1972	00000000	00000013	addi	x0,x0,0	  x0:0x00000000
       19745000	      1973	80001d20	00000013	addi	x0,x0,0	  x0:0x00000000
       19755000	      1974	80001d24	a0aaa697	auipc	x13,0xa0aaa	 x13=0x20aabd20
       19765000	      1975	80001d28	ffda8a93	addi	x21,x21,-3	 x21:0xfffffff3 x21=0xfffffff0
       19775000	      1976	80001d2c	ff3adce3	bge	x21,x19,80001d24	 x21:0xfffffff0 x19:0xffffffec
       19785000	      1977	00000000	00000013	addi	x0,x0,0	  x0:0x00000000
       19795000	      1978	80001d20	00000013	addi	x0,x0,0	  x0:0x00000000
       19805000	      1979	80001d24	a0aaa697	auipc	x13,0xa0aaa	 x13=0x20aabd20
       19815000	      1980	80001d28	ffda8a93	addi	x21,x21,-3	 x21:0xfffffff0 x21=0xffffffed
       19825000	      1981	80001d2c	ff3adce3	bge	x21,x19,80001d24	 x21:0xffffffed x19:0xffffffec
       19835000	      1982	00000000	00000013	addi	x0,x0,0	  x0:0x00000000
       19845000	      1983	80001d20	00000013	addi	x0,x0,0	  x0:0x00000000
       19855000	      1984	80001d24	a0aaa697	auipc	x13,0xa0aaa	 x13=0x20aabd20
       19865000	      1985	80001d28	ffda8a93	addi	x21,x21,-3	 x21:0xffffffed x21=0xffffffea
       19875000	      1986	80001d2c	ff3adce3	bge	x21,x19,80001d24	 x21:0xffffffea x19:0xffffffec
       19885000	      1987	80001d30	ffb410e3	bne	x8,x27,80001d10	  x8:0x00000006 x27:0xfffffff3
       19895000	      1988	00000000	00000013	addi	x0,x0,0	  x0:0x00000000
       19905000	      1989	80001d0c	00000013	addi	x0,x0,0	  x0:0x00000000
       19915000	      1990	80001d10	93b24137	lui	x2,0x93b24	  x2=0x93b24000
       19925000	      1991	80001d14	327bec93	ori	x25,x23,807	 x23:0xcaa85000 x25=0xcaa85327
       19935000	      1992	80001d18	fff40413	addi	x8,x8,-1	  x8:0x00000006  x8=0x00000005
       19945000	      1993	80001d1c	ff600a93	addi	x21,x0,-10	  x0:0x00000000 x21=0xfffffff6
       19955000	      1994	80001d20	fec00993	addi	x19,x0,-20	  x0:0x00000000 x19=0xffffffec
       19965000	      1995	80001d24	a0aaa697	auipc	x13,0xa0aaa	 x13=0x20aabd20
       19975000	      1996	80001d28	ffda8a93	addi	x21,x21,-3	 x21:0xfffffff6 x21=0xfffffff3
       19985000	      1997	80001d2c	ff3adce3	bge	x21,x19,80001d24	 x21:0xfffffff3 x19:0xffffffec
       19995000	      1998	00000000	00000013	addi	x0,x0,0	  x0:0x00000000
       20005000	      1999	80001d20	00000013	addi	x0,x0,0	  x0:0x00000000
       20015000	      2000	80001d24	a0aaa697	auipc	x13,0xa0aaa	 x13=0x20aabd20
       20025000	      2001	80001d28	ffda8a93	addi	x21,x21,-3	 x21:0xfffffff3 x21=0xfffffff0
       20035000	      2002	80001d2c	ff3adce3	bge	x21,x19,80001d24	 x21:0xfffffff0 x19:0xffffffec
       20045000	      2003	00000000	00000013	addi	x0,x0,0	  x0:0x00000000
       20055000	      2004	80001d20	00000013	addi	x0,x0,0	  x0:0x00000000
       20065000	      2005	80001d24	a0aaa697	auipc	x13,0xa0aaa	 x13=0x20aabd20
       20075000	      2006	80001d28	ffda8a93	addi	x21,x21,-3	 x21:0xfffffff0 x21=0xffffffed
       20085000	      2007	80001d2c	ff3adce3	bge	x21,x19,80001d24	 x21:0xffffffed x19:0xffffffec
       20095000	      2008	00000000	00000013	addi	x0,x0,0	  x0:0x00000000
       20105000	      2009	80001d20	00000013	addi	x0,x0,0	  x0:0x00000000
       20115000	      2010	80001d24	a0aaa697	auipc	x13,0xa0aaa	 x13=0x20aabd20
       20125000	      2011	80001d28	ffda8a93	addi	x21,x21,-3	 x21:0xffffffed x21=0xffffffea
       20135000	      2012	80001d2c	ff3adce3	bge	x21,x19,80001d24	 x21:0xffffffea x19:0xffffffec
       20145000	      2013	80001d30	ffb410e3	bne	x8,x27,80001d10	  x8:0x00000005 x27:0xfffffff3
       20155000	      2014	00000000	00000013	addi	x0,x0,0	  x0:0x00000000
       20165000	      2015	80001d0c	00000013	addi	x0,x0,0	  x0:0x00000000
       20175000	      2016	80001d10	93b24137	lui	x2,0x93b24	  x2=0x93b24000
       20185000	      2017	80001d14	327bec93	ori	x25,x23,807	 x23:0xcaa85000 x25=0xcaa85327
       20195000	      2018	80001d18	fff40413	addi	x8,x8,-1	  x8:0x00000005  x8=0x00000004
       20205000	      2019	80001d1c	ff600a93	addi	x21,x0,-10	  x0:0x00000000 x21=0xfffffff6
       20215000	      2020	80001d20	fec00993	addi	x19,x0,-20	  x0:0x00000000 x19=0xffffffec
       20225000	      2021	80001d24	a0aaa697	auipc	x13,0xa0aaa	 x13=0x20aabd20
       20235000	      2022	80001d28	ffda8a93	addi	x21,x21,-3	 x21:0xfffffff6 x21=0xfffffff3
       20245000	      2023	80001d2c	ff3adce3	bge	x21,x19,80001d24	 x21:0xfffffff3 x19:0xffffffec
       20255000	      2024	00000000	00000013	addi	x0,x0,0	  x0:0x00000000
       20265000	      2025	80001d20	00000013	addi	x0,x0,0	  x0:0x00000000
       20275000	      2026	80001d24	a0aaa697	auipc	x13,0xa0aaa	 x13=0x20aabd20
       20285000	      2027	80001d28	ffda8a93	addi	x21,x21,-3	 x21:0xfffffff3 x21=0xfffffff0
       20295000	      2028	80001d2c	ff3adce3	bge	x21,x19,80001d24	 x21:0xfffffff0 x19:0xffffffec
       20305000	      2029	00000000	00000013	addi	x0,x0,0	  x0:0x00000000
       20315000	      2030	80001d20	00000013	addi	x0,x0,0	  x0:0x00000000
       20325000	      2031	80001d24	a0aaa697	auipc	x13,0xa0aaa	 x13=0x20aabd20
       20335000	      2032	80001d28	ffda8a93	addi	x21,x21,-3	 x21:0xfffffff0 x21=0xffffffed
       20345000	      2033	80001d2c	ff3adce3	bge	x21,x19,80001d24	 x21:0xffffffed x19:0xffffffec
       20355000	      2034	00000000	00000013	addi	x0,x0,0	  x0:0x00000000
       20365000	      2035	80001d20	00000013	addi	x0,x0,0	  x0:0x00000000
       20375000	      2036	80001d24	a0aaa697	auipc	x13,0xa0aaa	 x13=0x20aabd20
       20385000	      2037	80001d28	ffda8a93	addi	x21,x21,-3	 x21:0xffffffed x21=0xffffffea
       20395000	      2038	80001d2c	ff3adce3	bge	x21,x19,80001d24	 x21:0xffffffea x19:0xffffffec
       20405000	      2039	80001d30	ffb410e3	bne	x8,x27,80001d10	  x8:0x00000004 x27:0xfffffff3
       20415000	      2040	00000000	00000013	addi	x0,x0,0	  x0:0x00000000
       20425000	      2041	80001d0c	00000013	addi	x0,x0,0	  x0:0x00000000
       20435000	      2042	80001d10	93b24137	lui	x2,0x93b24	  x2=0x93b24000
       20445000	      2043	80001d14	327bec93	ori	x25,x23,807	 x23:0xcaa85000 x25=0xcaa85327
       20455000	      2044	80001d18	fff40413	addi	x8,x8,-1	  x8:0x00000004  x8=0x00000003
       20465000	      2045	80001d1c	ff600a93	addi	x21,x0,-10	  x0:0x00000000 x21=0xfffffff6
       20475000	      2046	80001d20	fec00993	addi	x19,x0,-20	  x0:0x00000000 x19=0xffffffec
       20485000	      2047	80001d24	a0aaa697	auipc	x13,0xa0aaa	 x13=0x20aabd20
       20495000	      2048	80001d28	ffda8a93	addi	x21,x21,-3	 x21:0xfffffff6 x21=0xfffffff3
       20505000	      2049	80001d2c	ff3adce3	bge	x21,x19,80001d24	 x21:0xfffffff3 x19:0xffffffec
       20515000	      2050	00000000	00000013	addi	x0,x0,0	  x0:0x00000000
       20525000	      2051	80001d20	00000013	addi	x0,x0,0	  x0:0x00000000
       20535000	      2052	80001d24	a0aaa697	auipc	x13,0xa0aaa	 x13=0x20aabd20
       20545000	      2053	80001d28	ffda8a93	addi	x21,x21,-3	 x21:0xfffffff3 x21=0xfffffff0
       20555000	      2054	80001d2c	ff3adce3	bge	x21,x19,80001d24	 x21:0xfffffff0 x19:0xffffffec
       20565000	      2055	00000000	00000013	addi	x0,x0,0	  x0:0x00000000
       20575000	      2056	80001d20	00000013	addi	x0,x0,0	  x0:0x00000000
       20585000	      2057	80001d24	a0aaa697	auipc	x13,0xa0aaa	 x13=0x20aabd20
       20595000	      2058	80001d28	ffda8a93	addi	x21,x21,-3	 x21:0xfffffff0 x21=0xffffffed
       20605000	      2059	80001d2c	ff3adce3	bge	x21,x19,80001d24	 x21:0xffffffed x19:0xffffffec
       20615000	      2060	00000000	00000013	addi	x0,x0,0	  x0:0x00000000
       20625000	      2061	80001d20	00000013	addi	x0,x0,0	  x0:0x00000000
       20635000	      2062	80001d24	a0aaa697	auipc	x13,0xa0aaa	 x13=0x20aabd20
       20645000	      2063	80001d28	ffda8a93	addi	x21,x21,-3	 x21:0xffffffed x21=0xffffffea
       20655000	      2064	80001d2c	ff3adce3	bge	x21,x19,80001d24	 x21:0xffffffea x19:0xffffffec
       20665000	      2065	80001d30	ffb410e3	bne	x8,x27,80001d10	  x8:0x00000003 x27:0xfffffff3
       20675000	      2066	00000000	00000013	addi	x0,x0,0	  x0:0x00000000
       20685000	      2067	80001d0c	00000013	addi	x0,x0,0	  x0:0x00000000
       20695000	      2068	80001d10	93b24137	lui	x2,0x93b24	  x2=0x93b24000
       20705000	      2069	80001d14	327bec93	ori	x25,x23,807	 x23:0xcaa85000 x25=0xcaa85327
       20715000	      2070	80001d18	fff40413	addi	x8,x8,-1	  x8:0x00000003  x8=0x00000002
       20725000	      2071	80001d1c	ff600a93	addi	x21,x0,-10	  x0:0x00000000 x21=0xfffffff6
       20735000	      2072	80001d20	fec00993	addi	x19,x0,-20	  x0:0x00000000 x19=0xffffffec
       20745000	      2073	80001d24	a0aaa697	auipc	x13,0xa0aaa	 x13=0x20aabd20
       20755000	      2074	80001d28	ffda8a93	addi	x21,x21,-3	 x21:0xfffffff6 x21=0xfffffff3
       20765000	      2075	80001d2c	ff3adce3	bge	x21,x19,80001d24	 x21:0xfffffff3 x19:0xffffffec
       20775000	      2076	00000000	00000013	addi	x0,x0,0	  x0:0x00000000
       20785000	      2077	80001d20	00000013	addi	x0,x0,0	  x0:0x00000000
       20795000	      2078	80001d24	a0aaa697	auipc	x13,0xa0aaa	 x13=0x20aabd20
       20805000	      2079	80001d28	ffda8a93	addi	x21,x21,-3	 x21:0xfffffff3 x21=0xfffffff0
       20815000	      2080	80001d2c	ff3adce3	bge	x21,x19,80001d24	 x21:0xfffffff0 x19:0xffffffec
       20825000	      2081	00000000	00000013	addi	x0,x0,0	  x0:0x00000000
       20835000	      2082	80001d20	00000013	addi	x0,x0,0	  x0:0x00000000
       20845000	      2083	80001d24	a0aaa697	auipc	x13,0xa0aaa	 x13=0x20aabd20
       20855000	      2084	80001d28	ffda8a93	addi	x21,x21,-3	 x21:0xfffffff0 x21=0xffffffed
       20865000	      2085	80001d2c	ff3adce3	bge	x21,x19,80001d24	 x21:0xffffffed x19:0xffffffec
       20875000	      2086	00000000	00000013	addi	x0,x0,0	  x0:0x00000000
       20885000	      2087	80001d20	00000013	addi	x0,x0,0	  x0:0x00000000
       20895000	      2088	80001d24	a0aaa697	auipc	x13,0xa0aaa	 x13=0x20aabd20
       20905000	      2089	80001d28	ffda8a93	addi	x21,x21,-3	 x21:0xffffffed x21=0xffffffea
       20915000	      2090	80001d2c	ff3adce3	bge	x21,x19,80001d24	 x21:0xffffffea x19:0xffffffec
       20925000	      2091	80001d30	ffb410e3	bne	x8,x27,80001d10	  x8:0x00000002 x27:0xfffffff3
       20935000	      2092	00000000	00000013	addi	x0,x0,0	  x0:0x00000000
       20945000	      2093	80001d0c	00000013	addi	x0,x0,0	  x0:0x00000000
       20955000	      2094	80001d10	93b24137	lui	x2,0x93b24	  x2=0x93b24000
       20965000	      2095	80001d14	327bec93	ori	x25,x23,807	 x23:0xcaa85000 x25=0xcaa85327
       20975000	      2096	80001d18	fff40413	addi	x8,x8,-1	  x8:0x00000002  x8=0x00000001
       20985000	      2097	80001d1c	ff600a93	addi	x21,x0,-10	  x0:0x00000000 x21=0xfffffff6
       20995000	      2098	80001d20	fec00993	addi	x19,x0,-20	  x0:0x00000000 x19=0xffffffec
       21005000	      2099	80001d24	a0aaa697	auipc	x13,0xa0aaa	 x13=0x20aabd20
       21015000	      2100	80001d28	ffda8a93	addi	x21,x21,-3	 x21:0xfffffff6 x21=0xfffffff3
       21025000	      2101	80001d2c	ff3adce3	bge	x21,x19,80001d24	 x21:0xfffffff3 x19:0xffffffec
       21035000	      2102	00000000	00000013	addi	x0,x0,0	  x0:0x00000000
       21045000	      2103	80001d20	00000013	addi	x0,x0,0	  x0:0x00000000
       21055000	      2104	80001d24	a0aaa697	auipc	x13,0xa0aaa	 x13=0x20aabd20
       21065000	      2105	80001d28	ffda8a93	addi	x21,x21,-3	 x21:0xfffffff3 x21=0xfffffff0
       21075000	      2106	80001d2c	ff3adce3	bge	x21,x19,80001d24	 x21:0xfffffff0 x19:0xffffffec
       21085000	      2107	00000000	00000013	addi	x0,x0,0	  x0:0x00000000
       21095000	      2108	80001d20	00000013	addi	x0,x0,0	  x0:0x00000000
       21105000	      2109	80001d24	a0aaa697	auipc	x13,0xa0aaa	 x13=0x20aabd20
       21115000	      2110	80001d28	ffda8a93	addi	x21,x21,-3	 x21:0xfffffff0 x21=0xffffffed
       21125000	      2111	80001d2c	ff3adce3	bge	x21,x19,80001d24	 x21:0xffffffed x19:0xffffffec
       21135000	      2112	00000000	00000013	addi	x0,x0,0	  x0:0x00000000
       21145000	      2113	80001d20	00000013	addi	x0,x0,0	  x0:0x00000000
       21155000	      2114	80001d24	a0aaa697	auipc	x13,0xa0aaa	 x13=0x20aabd20
       21165000	      2115	80001d28	ffda8a93	addi	x21,x21,-3	 x21:0xffffffed x21=0xffffffea
       21175000	      2116	80001d2c	ff3adce3	bge	x21,x19,80001d24	 x21:0xffffffea x19:0xffffffec
       21185000	      2117	80001d30	ffb410e3	bne	x8,x27,80001d10	  x8:0x00000001 x27:0xfffffff3
       21195000	      2118	00000000	00000013	addi	x0,x0,0	  x0:0x00000000
       21205000	      2119	80001d0c	00000013	addi	x0,x0,0	  x0:0x00000000
       21215000	      2120	80001d10	93b24137	lui	x2,0x93b24	  x2=0x93b24000
       21225000	      2121	80001d14	327bec93	ori	x25,x23,807	 x23:0xcaa85000 x25=0xcaa85327
       21235000	      2122	80001d18	fff40413	addi	x8,x8,-1	  x8:0x00000001  x8=0x00000000
       21245000	      2123	80001d1c	ff600a93	addi	x21,x0,-10	  x0:0x00000000 x21=0xfffffff6
       21255000	      2124	80001d20	fec00993	addi	x19,x0,-20	  x0:0x00000000 x19=0xffffffec
       21265000	      2125	80001d24	a0aaa697	auipc	x13,0xa0aaa	 x13=0x20aabd20
       21275000	      2126	80001d28	ffda8a93	addi	x21,x21,-3	 x21:0xfffffff6 x21=0xfffffff3
       21285000	      2127	80001d2c	ff3adce3	bge	x21,x19,80001d24	 x21:0xfffffff3 x19:0xffffffec
       21295000	      2128	00000000	00000013	addi	x0,x0,0	  x0:0x00000000
       21305000	      2129	80001d20	00000013	addi	x0,x0,0	  x0:0x00000000
       21315000	      2130	80001d24	a0aaa697	auipc	x13,0xa0aaa	 x13=0x20aabd20
       21325000	      2131	80001d28	ffda8a93	addi	x21,x21,-3	 x21:0xfffffff3 x21=0xfffffff0
       21335000	      2132	80001d2c	ff3adce3	bge	x21,x19,80001d24	 x21:0xfffffff0 x19:0xffffffec
       21345000	      2133	00000000	00000013	addi	x0,x0,0	  x0:0x00000000
       21355000	      2134	80001d20	00000013	addi	x0,x0,0	  x0:0x00000000
       21365000	      2135	80001d24	a0aaa697	auipc	x13,0xa0aaa	 x13=0x20aabd20
       21375000	      2136	80001d28	ffda8a93	addi	x21,x21,-3	 x21:0xfffffff0 x21=0xffffffed
       21385000	      2137	80001d2c	ff3adce3	bge	x21,x19,80001d24	 x21:0xffffffed x19:0xffffffec
       21395000	      2138	00000000	00000013	addi	x0,x0,0	  x0:0x00000000
       21405000	      2139	80001d20	00000013	addi	x0,x0,0	  x0:0x00000000
       21415000	      2140	80001d24	a0aaa697	auipc	x13,0xa0aaa	 x13=0x20aabd20
       21425000	      2141	80001d28	ffda8a93	addi	x21,x21,-3	 x21:0xffffffed x21=0xffffffea
       21435000	      2142	80001d2c	ff3adce3	bge	x21,x19,80001d24	 x21:0xffffffea x19:0xffffffec
       21445000	      2143	80001d30	ffb410e3	bne	x8,x27,80001d10	  x8:0x00000000 x27:0xfffffff3
       21455000	      2144	00000000	00000013	addi	x0,x0,0	  x0:0x00000000
       21465000	      2145	80001d0c	00000013	addi	x0,x0,0	  x0:0x00000000
       21475000	      2146	80001d10	93b24137	lui	x2,0x93b24	  x2=0x93b24000
       21485000	      2147	80001d14	327bec93	ori	x25,x23,807	 x23:0xcaa85000 x25=0xcaa85327
       21495000	      2148	80001d18	fff40413	addi	x8,x8,-1	  x8:0x00000000  x8=0xffffffff
       21505000	      2149	80001d1c	ff600a93	addi	x21,x0,-10	  x0:0x00000000 x21=0xfffffff6
       21515000	      2150	80001d20	fec00993	addi	x19,x0,-20	  x0:0x00000000 x19=0xffffffec
       21525000	      2151	80001d24	a0aaa697	auipc	x13,0xa0aaa	 x13=0x20aabd20
       21535000	      2152	80001d28	ffda8a93	addi	x21,x21,-3	 x21:0xfffffff6 x21=0xfffffff3
       21545000	      2153	80001d2c	ff3adce3	bge	x21,x19,80001d24	 x21:0xfffffff3 x19:0xffffffec
       21555000	      2154	00000000	00000013	addi	x0,x0,0	  x0:0x00000000
       21565000	      2155	80001d20	00000013	addi	x0,x0,0	  x0:0x00000000
       21575000	      2156	80001d24	a0aaa697	auipc	x13,0xa0aaa	 x13=0x20aabd20
       21585000	      2157	80001d28	ffda8a93	addi	x21,x21,-3	 x21:0xfffffff3 x21=0xfffffff0
       21595000	      2158	80001d2c	ff3adce3	bge	x21,x19,80001d24	 x21:0xfffffff0 x19:0xffffffec
       21605000	      2159	00000000	00000013	addi	x0,x0,0	  x0:0x00000000
       21615000	      2160	80001d20	00000013	addi	x0,x0,0	  x0:0x00000000
       21625000	      2161	80001d24	a0aaa697	auipc	x13,0xa0aaa	 x13=0x20aabd20
       21635000	      2162	80001d28	ffda8a93	addi	x21,x21,-3	 x21:0xfffffff0 x21=0xffffffed
       21645000	      2163	80001d2c	ff3adce3	bge	x21,x19,80001d24	 x21:0xffffffed x19:0xffffffec
       21655000	      2164	00000000	00000013	addi	x0,x0,0	  x0:0x00000000
       21665000	      2165	80001d20	00000013	addi	x0,x0,0	  x0:0x00000000
       21675000	      2166	80001d24	a0aaa697	auipc	x13,0xa0aaa	 x13=0x20aabd20
       21685000	      2167	80001d28	ffda8a93	addi	x21,x21,-3	 x21:0xffffffed x21=0xffffffea
       21695000	      2168	80001d2c	ff3adce3	bge	x21,x19,80001d24	 x21:0xffffffea x19:0xffffffec
       21705000	      2169	80001d30	ffb410e3	bne	x8,x27,80001d10	  x8:0xffffffff x27:0xfffffff3
       21715000	      2170	00000000	00000013	addi	x0,x0,0	  x0:0x00000000
       21725000	      2171	80001d0c	00000013	addi	x0,x0,0	  x0:0x00000000
       21735000	      2172	80001d10	93b24137	lui	x2,0x93b24	  x2=0x93b24000
       21745000	      2173	80001d14	327bec93	ori	x25,x23,807	 x23:0xcaa85000 x25=0xcaa85327
       21755000	      2174	80001d18	fff40413	addi	x8,x8,-1	  x8:0xffffffff  x8=0xfffffffe
       21765000	      2175	80001d1c	ff600a93	addi	x21,x0,-10	  x0:0x00000000 x21=0xfffffff6
       21775000	      2176	80001d20	fec00993	addi	x19,x0,-20	  x0:0x00000000 x19=0xffffffec
       21785000	      2177	80001d24	a0aaa697	auipc	x13,0xa0aaa	 x13=0x20aabd20
       21795000	      2178	80001d28	ffda8a93	addi	x21,x21,-3	 x21:0xfffffff6 x21=0xfffffff3
       21805000	      2179	80001d2c	ff3adce3	bge	x21,x19,80001d24	 x21:0xfffffff3 x19:0xffffffec
       21815000	      2180	00000000	00000013	addi	x0,x0,0	  x0:0x00000000
       21825000	      2181	80001d20	00000013	addi	x0,x0,0	  x0:0x00000000
       21835000	      2182	80001d24	a0aaa697	auipc	x13,0xa0aaa	 x13=0x20aabd20
       21845000	      2183	80001d28	ffda8a93	addi	x21,x21,-3	 x21:0xfffffff3 x21=0xfffffff0
       21855000	      2184	80001d2c	ff3adce3	bge	x21,x19,80001d24	 x21:0xfffffff0 x19:0xffffffec
       21865000	      2185	00000000	00000013	addi	x0,x0,0	  x0:0x00000000
       21875000	      2186	80001d20	00000013	addi	x0,x0,0	  x0:0x00000000
       21885000	      2187	80001d24	a0aaa697	auipc	x13,0xa0aaa	 x13=0x20aabd20
       21895000	      2188	80001d28	ffda8a93	addi	x21,x21,-3	 x21:0xfffffff0 x21=0xffffffed
       21905000	      2189	80001d2c	ff3adce3	bge	x21,x19,80001d24	 x21:0xffffffed x19:0xffffffec
       21915000	      2190	00000000	00000013	addi	x0,x0,0	  x0:0x00000000
       21925000	      2191	80001d20	00000013	addi	x0,x0,0	  x0:0x00000000
       21935000	      2192	80001d24	a0aaa697	auipc	x13,0xa0aaa	 x13=0x20aabd20
       21945000	      2193	80001d28	ffda8a93	addi	x21,x21,-3	 x21:0xffffffed x21=0xffffffea
       21955000	      2194	80001d2c	ff3adce3	bge	x21,x19,80001d24	 x21:0xffffffea x19:0xffffffec
       21965000	      2195	80001d30	ffb410e3	bne	x8,x27,80001d10	  x8:0xfffffffe x27:0xfffffff3
       21975000	      2196	00000000	00000013	addi	x0,x0,0	  x0:0x00000000
       21985000	      2197	80001d0c	00000013	addi	x0,x0,0	  x0:0x00000000
       21995000	      2198	80001d10	93b24137	lui	x2,0x93b24	  x2=0x93b24000
       22005000	      2199	80001d14	327bec93	ori	x25,x23,807	 x23:0xcaa85000 x25=0xcaa85327
       22015000	      2200	80001d18	fff40413	addi	x8,x8,-1	  x8:0xfffffffe  x8=0xfffffffd
       22025000	      2201	80001d1c	ff600a93	addi	x21,x0,-10	  x0:0x00000000 x21=0xfffffff6
       22035000	      2202	80001d20	fec00993	addi	x19,x0,-20	  x0:0x00000000 x19=0xffffffec
       22045000	      2203	80001d24	a0aaa697	auipc	x13,0xa0aaa	 x13=0x20aabd20
       22055000	      2204	80001d28	ffda8a93	addi	x21,x21,-3	 x21:0xfffffff6 x21=0xfffffff3
       22065000	      2205	80001d2c	ff3adce3	bge	x21,x19,80001d24	 x21:0xfffffff3 x19:0xffffffec
       22075000	      2206	00000000	00000013	addi	x0,x0,0	  x0:0x00000000
       22085000	      2207	80001d20	00000013	addi	x0,x0,0	  x0:0x00000000
       22095000	      2208	80001d24	a0aaa697	auipc	x13,0xa0aaa	 x13=0x20aabd20
       22105000	      2209	80001d28	ffda8a93	addi	x21,x21,-3	 x21:0xfffffff3 x21=0xfffffff0
       22115000	      2210	80001d2c	ff3adce3	bge	x21,x19,80001d24	 x21:0xfffffff0 x19:0xffffffec
       22125000	      2211	00000000	00000013	addi	x0,x0,0	  x0:0x00000000
       22135000	      2212	80001d20	00000013	addi	x0,x0,0	  x0:0x00000000
       22145000	      2213	80001d24	a0aaa697	auipc	x13,0xa0aaa	 x13=0x20aabd20
       22155000	      2214	80001d28	ffda8a93	addi	x21,x21,-3	 x21:0xfffffff0 x21=0xffffffed
       22165000	      2215	80001d2c	ff3adce3	bge	x21,x19,80001d24	 x21:0xffffffed x19:0xffffffec
       22175000	      2216	00000000	00000013	addi	x0,x0,0	  x0:0x00000000
       22185000	      2217	80001d20	00000013	addi	x0,x0,0	  x0:0x00000000
       22195000	      2218	80001d24	a0aaa697	auipc	x13,0xa0aaa	 x13=0x20aabd20
       22205000	      2219	80001d28	ffda8a93	addi	x21,x21,-3	 x21:0xffffffed x21=0xffffffea
       22215000	      2220	80001d2c	ff3adce3	bge	x21,x19,80001d24	 x21:0xffffffea x19:0xffffffec
       22225000	      2221	80001d30	ffb410e3	bne	x8,x27,80001d10	  x8:0xfffffffd x27:0xfffffff3
       22235000	      2222	00000000	00000013	addi	x0,x0,0	  x0:0x00000000
       22245000	      2223	80001d0c	00000013	addi	x0,x0,0	  x0:0x00000000
       22255000	      2224	80001d10	93b24137	lui	x2,0x93b24	  x2=0x93b24000
       22265000	      2225	80001d14	327bec93	ori	x25,x23,807	 x23:0xcaa85000 x25=0xcaa85327
       22275000	      2226	80001d18	fff40413	addi	x8,x8,-1	  x8:0xfffffffd  x8=0xfffffffc
       22285000	      2227	80001d1c	ff600a93	addi	x21,x0,-10	  x0:0x00000000 x21=0xfffffff6
       22295000	      2228	80001d20	fec00993	addi	x19,x0,-20	  x0:0x00000000 x19=0xffffffec
       22305000	      2229	80001d24	a0aaa697	auipc	x13,0xa0aaa	 x13=0x20aabd20
       22315000	      2230	80001d28	ffda8a93	addi	x21,x21,-3	 x21:0xfffffff6 x21=0xfffffff3
       22325000	      2231	80001d2c	ff3adce3	bge	x21,x19,80001d24	 x21:0xfffffff3 x19:0xffffffec
       22335000	      2232	00000000	00000013	addi	x0,x0,0	  x0:0x00000000
       22345000	      2233	80001d20	00000013	addi	x0,x0,0	  x0:0x00000000
       22355000	      2234	80001d24	a0aaa697	auipc	x13,0xa0aaa	 x13=0x20aabd20
       22365000	      2235	80001d28	ffda8a93	addi	x21,x21,-3	 x21:0xfffffff3 x21=0xfffffff0
       22375000	      2236	80001d2c	ff3adce3	bge	x21,x19,80001d24	 x21:0xfffffff0 x19:0xffffffec
       22385000	      2237	00000000	00000013	addi	x0,x0,0	  x0:0x00000000
       22395000	      2238	80001d20	00000013	addi	x0,x0,0	  x0:0x00000000
       22405000	      2239	80001d24	a0aaa697	auipc	x13,0xa0aaa	 x13=0x20aabd20
       22415000	      2240	80001d28	ffda8a93	addi	x21,x21,-3	 x21:0xfffffff0 x21=0xffffffed
       22425000	      2241	80001d2c	ff3adce3	bge	x21,x19,80001d24	 x21:0xffffffed x19:0xffffffec
       22435000	      2242	00000000	00000013	addi	x0,x0,0	  x0:0x00000000
       22445000	      2243	80001d20	00000013	addi	x0,x0,0	  x0:0x00000000
       22455000	      2244	80001d24	a0aaa697	auipc	x13,0xa0aaa	 x13=0x20aabd20
       22465000	      2245	80001d28	ffda8a93	addi	x21,x21,-3	 x21:0xffffffed x21=0xffffffea
       22475000	      2246	80001d2c	ff3adce3	bge	x21,x19,80001d24	 x21:0xffffffea x19:0xffffffec
       22485000	      2247	80001d30	ffb410e3	bne	x8,x27,80001d10	  x8:0xfffffffc x27:0xfffffff3
       22495000	      2248	00000000	00000013	addi	x0,x0,0	  x0:0x00000000
       22505000	      2249	80001d0c	00000013	addi	x0,x0,0	  x0:0x00000000
       22515000	      2250	80001d10	93b24137	lui	x2,0x93b24	  x2=0x93b24000
       22525000	      2251	80001d14	327bec93	ori	x25,x23,807	 x23:0xcaa85000 x25=0xcaa85327
       22535000	      2252	80001d18	fff40413	addi	x8,x8,-1	  x8:0xfffffffc  x8=0xfffffffb
       22545000	      2253	80001d1c	ff600a93	addi	x21,x0,-10	  x0:0x00000000 x21=0xfffffff6
       22555000	      2254	80001d20	fec00993	addi	x19,x0,-20	  x0:0x00000000 x19=0xffffffec
       22565000	      2255	80001d24	a0aaa697	auipc	x13,0xa0aaa	 x13=0x20aabd20
       22575000	      2256	80001d28	ffda8a93	addi	x21,x21,-3	 x21:0xfffffff6 x21=0xfffffff3
       22585000	      2257	80001d2c	ff3adce3	bge	x21,x19,80001d24	 x21:0xfffffff3 x19:0xffffffec
       22595000	      2258	00000000	00000013	addi	x0,x0,0	  x0:0x00000000
       22605000	      2259	80001d20	00000013	addi	x0,x0,0	  x0:0x00000000
       22615000	      2260	80001d24	a0aaa697	auipc	x13,0xa0aaa	 x13=0x20aabd20
       22625000	      2261	80001d28	ffda8a93	addi	x21,x21,-3	 x21:0xfffffff3 x21=0xfffffff0
       22635000	      2262	80001d2c	ff3adce3	bge	x21,x19,80001d24	 x21:0xfffffff0 x19:0xffffffec
       22645000	      2263	00000000	00000013	addi	x0,x0,0	  x0:0x00000000
       22655000	      2264	80001d20	00000013	addi	x0,x0,0	  x0:0x00000000
       22665000	      2265	80001d24	a0aaa697	auipc	x13,0xa0aaa	 x13=0x20aabd20
       22675000	      2266	80001d28	ffda8a93	addi	x21,x21,-3	 x21:0xfffffff0 x21=0xffffffed
       22685000	      2267	80001d2c	ff3adce3	bge	x21,x19,80001d24	 x21:0xffffffed x19:0xffffffec
       22695000	      2268	00000000	00000013	addi	x0,x0,0	  x0:0x00000000
       22705000	      2269	80001d20	00000013	addi	x0,x0,0	  x0:0x00000000
       22715000	      2270	80001d24	a0aaa697	auipc	x13,0xa0aaa	 x13=0x20aabd20
       22725000	      2271	80001d28	ffda8a93	addi	x21,x21,-3	 x21:0xffffffed x21=0xffffffea
       22735000	      2272	80001d2c	ff3adce3	bge	x21,x19,80001d24	 x21:0xffffffea x19:0xffffffec
       22745000	      2273	80001d30	ffb410e3	bne	x8,x27,80001d10	  x8:0xfffffffb x27:0xfffffff3
       22755000	      2274	00000000	00000013	addi	x0,x0,0	  x0:0x00000000
       22765000	      2275	80001d0c	00000013	addi	x0,x0,0	  x0:0x00000000
       22775000	      2276	80001d10	93b24137	lui	x2,0x93b24	  x2=0x93b24000
       22785000	      2277	80001d14	327bec93	ori	x25,x23,807	 x23:0xcaa85000 x25=0xcaa85327
       22795000	      2278	80001d18	fff40413	addi	x8,x8,-1	  x8:0xfffffffb  x8=0xfffffffa
       22805000	      2279	80001d1c	ff600a93	addi	x21,x0,-10	  x0:0x00000000 x21=0xfffffff6
       22815000	      2280	80001d20	fec00993	addi	x19,x0,-20	  x0:0x00000000 x19=0xffffffec
       22825000	      2281	80001d24	a0aaa697	auipc	x13,0xa0aaa	 x13=0x20aabd20
       22835000	      2282	80001d28	ffda8a93	addi	x21,x21,-3	 x21:0xfffffff6 x21=0xfffffff3
       22845000	      2283	80001d2c	ff3adce3	bge	x21,x19,80001d24	 x21:0xfffffff3 x19:0xffffffec
       22855000	      2284	00000000	00000013	addi	x0,x0,0	  x0:0x00000000
       22865000	      2285	80001d20	00000013	addi	x0,x0,0	  x0:0x00000000
       22875000	      2286	80001d24	a0aaa697	auipc	x13,0xa0aaa	 x13=0x20aabd20
       22885000	      2287	80001d28	ffda8a93	addi	x21,x21,-3	 x21:0xfffffff3 x21=0xfffffff0
       22895000	      2288	80001d2c	ff3adce3	bge	x21,x19,80001d24	 x21:0xfffffff0 x19:0xffffffec
       22905000	      2289	00000000	00000013	addi	x0,x0,0	  x0:0x00000000
       22915000	      2290	80001d20	00000013	addi	x0,x0,0	  x0:0x00000000
       22925000	      2291	80001d24	a0aaa697	auipc	x13,0xa0aaa	 x13=0x20aabd20
       22935000	      2292	80001d28	ffda8a93	addi	x21,x21,-3	 x21:0xfffffff0 x21=0xffffffed
       22945000	      2293	80001d2c	ff3adce3	bge	x21,x19,80001d24	 x21:0xffffffed x19:0xffffffec
       22955000	      2294	00000000	00000013	addi	x0,x0,0	  x0:0x00000000
       22965000	      2295	80001d20	00000013	addi	x0,x0,0	  x0:0x00000000
       22975000	      2296	80001d24	a0aaa697	auipc	x13,0xa0aaa	 x13=0x20aabd20
       22985000	      2297	80001d28	ffda8a93	addi	x21,x21,-3	 x21:0xffffffed x21=0xffffffea
       22995000	      2298	80001d2c	ff3adce3	bge	x21,x19,80001d24	 x21:0xffffffea x19:0xffffffec
       23005000	      2299	80001d30	ffb410e3	bne	x8,x27,80001d10	  x8:0xfffffffa x27:0xfffffff3
       23015000	      2300	00000000	00000013	addi	x0,x0,0	  x0:0x00000000
       23025000	      2301	80001d0c	00000013	addi	x0,x0,0	  x0:0x00000000
       23035000	      2302	80001d10	93b24137	lui	x2,0x93b24	  x2=0x93b24000
       23045000	      2303	80001d14	327bec93	ori	x25,x23,807	 x23:0xcaa85000 x25=0xcaa85327
       23055000	      2304	80001d18	fff40413	addi	x8,x8,-1	  x8:0xfffffffa  x8=0xfffffff9
       23065000	      2305	80001d1c	ff600a93	addi	x21,x0,-10	  x0:0x00000000 x21=0xfffffff6
       23075000	      2306	80001d20	fec00993	addi	x19,x0,-20	  x0:0x00000000 x19=0xffffffec
       23085000	      2307	80001d24	a0aaa697	auipc	x13,0xa0aaa	 x13=0x20aabd20
       23095000	      2308	80001d28	ffda8a93	addi	x21,x21,-3	 x21:0xfffffff6 x21=0xfffffff3
       23105000	      2309	80001d2c	ff3adce3	bge	x21,x19,80001d24	 x21:0xfffffff3 x19:0xffffffec
       23115000	      2310	00000000	00000013	addi	x0,x0,0	  x0:0x00000000
       23125000	      2311	80001d20	00000013	addi	x0,x0,0	  x0:0x00000000
       23135000	      2312	80001d24	a0aaa697	auipc	x13,0xa0aaa	 x13=0x20aabd20
       23145000	      2313	80001d28	ffda8a93	addi	x21,x21,-3	 x21:0xfffffff3 x21=0xfffffff0
       23155000	      2314	80001d2c	ff3adce3	bge	x21,x19,80001d24	 x21:0xfffffff0 x19:0xffffffec
       23165000	      2315	00000000	00000013	addi	x0,x0,0	  x0:0x00000000
       23175000	      2316	80001d20	00000013	addi	x0,x0,0	  x0:0x00000000
       23185000	      2317	80001d24	a0aaa697	auipc	x13,0xa0aaa	 x13=0x20aabd20
       23195000	      2318	80001d28	ffda8a93	addi	x21,x21,-3	 x21:0xfffffff0 x21=0xffffffed
       23205000	      2319	80001d2c	ff3adce3	bge	x21,x19,80001d24	 x21:0xffffffed x19:0xffffffec
       23215000	      2320	00000000	00000013	addi	x0,x0,0	  x0:0x00000000
       23225000	      2321	80001d20	00000013	addi	x0,x0,0	  x0:0x00000000
       23235000	      2322	80001d24	a0aaa697	auipc	x13,0xa0aaa	 x13=0x20aabd20
       23245000	      2323	80001d28	ffda8a93	addi	x21,x21,-3	 x21:0xffffffed x21=0xffffffea
       23255000	      2324	80001d2c	ff3adce3	bge	x21,x19,80001d24	 x21:0xffffffea x19:0xffffffec
       23265000	      2325	80001d30	ffb410e3	bne	x8,x27,80001d10	  x8:0xfffffff9 x27:0xfffffff3
       23275000	      2326	00000000	00000013	addi	x0,x0,0	  x0:0x00000000
       23285000	      2327	80001d0c	00000013	addi	x0,x0,0	  x0:0x00000000
       23295000	      2328	80001d10	93b24137	lui	x2,0x93b24	  x2=0x93b24000
       23305000	      2329	80001d14	327bec93	ori	x25,x23,807	 x23:0xcaa85000 x25=0xcaa85327
       23315000	      2330	80001d18	fff40413	addi	x8,x8,-1	  x8:0xfffffff9  x8=0xfffffff8
       23325000	      2331	80001d1c	ff600a93	addi	x21,x0,-10	  x0:0x00000000 x21=0xfffffff6
       23335000	      2332	80001d20	fec00993	addi	x19,x0,-20	  x0:0x00000000 x19=0xffffffec
       23345000	      2333	80001d24	a0aaa697	auipc	x13,0xa0aaa	 x13=0x20aabd20
       23355000	      2334	80001d28	ffda8a93	addi	x21,x21,-3	 x21:0xfffffff6 x21=0xfffffff3
       23365000	      2335	80001d2c	ff3adce3	bge	x21,x19,80001d24	 x21:0xfffffff3 x19:0xffffffec
       23375000	      2336	00000000	00000013	addi	x0,x0,0	  x0:0x00000000
       23385000	      2337	80001d20	00000013	addi	x0,x0,0	  x0:0x00000000
       23395000	      2338	80001d24	a0aaa697	auipc	x13,0xa0aaa	 x13=0x20aabd20
       23405000	      2339	80001d28	ffda8a93	addi	x21,x21,-3	 x21:0xfffffff3 x21=0xfffffff0
       23415000	      2340	80001d2c	ff3adce3	bge	x21,x19,80001d24	 x21:0xfffffff0 x19:0xffffffec
       23425000	      2341	00000000	00000013	addi	x0,x0,0	  x0:0x00000000
       23435000	      2342	80001d20	00000013	addi	x0,x0,0	  x0:0x00000000
       23445000	      2343	80001d24	a0aaa697	auipc	x13,0xa0aaa	 x13=0x20aabd20
       23455000	      2344	80001d28	ffda8a93	addi	x21,x21,-3	 x21:0xfffffff0 x21=0xffffffed
       23465000	      2345	80001d2c	ff3adce3	bge	x21,x19,80001d24	 x21:0xffffffed x19:0xffffffec
       23475000	      2346	00000000	00000013	addi	x0,x0,0	  x0:0x00000000
       23485000	      2347	80001d20	00000013	addi	x0,x0,0	  x0:0x00000000
       23495000	      2348	80001d24	a0aaa697	auipc	x13,0xa0aaa	 x13=0x20aabd20
       23505000	      2349	80001d28	ffda8a93	addi	x21,x21,-3	 x21:0xffffffed x21=0xffffffea
       23515000	      2350	80001d2c	ff3adce3	bge	x21,x19,80001d24	 x21:0xffffffea x19:0xffffffec
       23525000	      2351	80001d30	ffb410e3	bne	x8,x27,80001d10	  x8:0xfffffff8 x27:0xfffffff3
       23535000	      2352	00000000	00000013	addi	x0,x0,0	  x0:0x00000000
       23545000	      2353	80001d0c	00000013	addi	x0,x0,0	  x0:0x00000000
       23555000	      2354	80001d10	93b24137	lui	x2,0x93b24	  x2=0x93b24000
       23565000	      2355	80001d14	327bec93	ori	x25,x23,807	 x23:0xcaa85000 x25=0xcaa85327
       23575000	      2356	80001d18	fff40413	addi	x8,x8,-1	  x8:0xfffffff8  x8=0xfffffff7
       23585000	      2357	80001d1c	ff600a93	addi	x21,x0,-10	  x0:0x00000000 x21=0xfffffff6
       23595000	      2358	80001d20	fec00993	addi	x19,x0,-20	  x0:0x00000000 x19=0xffffffec
       23605000	      2359	80001d24	a0aaa697	auipc	x13,0xa0aaa	 x13=0x20aabd20
       23615000	      2360	80001d28	ffda8a93	addi	x21,x21,-3	 x21:0xfffffff6 x21=0xfffffff3
       23625000	      2361	80001d2c	ff3adce3	bge	x21,x19,80001d24	 x21:0xfffffff3 x19:0xffffffec
       23635000	      2362	00000000	00000013	addi	x0,x0,0	  x0:0x00000000
       23645000	      2363	80001d20	00000013	addi	x0,x0,0	  x0:0x00000000
       23655000	      2364	80001d24	a0aaa697	auipc	x13,0xa0aaa	 x13=0x20aabd20
       23665000	      2365	80001d28	ffda8a93	addi	x21,x21,-3	 x21:0xfffffff3 x21=0xfffffff0
       23675000	      2366	80001d2c	ff3adce3	bge	x21,x19,80001d24	 x21:0xfffffff0 x19:0xffffffec
       23685000	      2367	00000000	00000013	addi	x0,x0,0	  x0:0x00000000
       23695000	      2368	80001d20	00000013	addi	x0,x0,0	  x0:0x00000000
       23705000	      2369	80001d24	a0aaa697	auipc	x13,0xa0aaa	 x13=0x20aabd20
       23715000	      2370	80001d28	ffda8a93	addi	x21,x21,-3	 x21:0xfffffff0 x21=0xffffffed
       23725000	      2371	80001d2c	ff3adce3	bge	x21,x19,80001d24	 x21:0xffffffed x19:0xffffffec
       23735000	      2372	00000000	00000013	addi	x0,x0,0	  x0:0x00000000
       23745000	      2373	80001d20	00000013	addi	x0,x0,0	  x0:0x00000000
       23755000	      2374	80001d24	a0aaa697	auipc	x13,0xa0aaa	 x13=0x20aabd20
       23765000	      2375	80001d28	ffda8a93	addi	x21,x21,-3	 x21:0xffffffed x21=0xffffffea
       23775000	      2376	80001d2c	ff3adce3	bge	x21,x19,80001d24	 x21:0xffffffea x19:0xffffffec
       23785000	      2377	80001d30	ffb410e3	bne	x8,x27,80001d10	  x8:0xfffffff7 x27:0xfffffff3
       23795000	      2378	00000000	00000013	addi	x0,x0,0	  x0:0x00000000
       23805000	      2379	80001d0c	00000013	addi	x0,x0,0	  x0:0x00000000
       23815000	      2380	80001d10	93b24137	lui	x2,0x93b24	  x2=0x93b24000
       23825000	      2381	80001d14	327bec93	ori	x25,x23,807	 x23:0xcaa85000 x25=0xcaa85327
       23835000	      2382	80001d18	fff40413	addi	x8,x8,-1	  x8:0xfffffff7  x8=0xfffffff6
       23845000	      2383	80001d1c	ff600a93	addi	x21,x0,-10	  x0:0x00000000 x21=0xfffffff6
       23855000	      2384	80001d20	fec00993	addi	x19,x0,-20	  x0:0x00000000 x19=0xffffffec
       23865000	      2385	80001d24	a0aaa697	auipc	x13,0xa0aaa	 x13=0x20aabd20
       23875000	      2386	80001d28	ffda8a93	addi	x21,x21,-3	 x21:0xfffffff6 x21=0xfffffff3
       23885000	      2387	80001d2c	ff3adce3	bge	x21,x19,80001d24	 x21:0xfffffff3 x19:0xffffffec
       23895000	      2388	00000000	00000013	addi	x0,x0,0	  x0:0x00000000
       23905000	      2389	80001d20	00000013	addi	x0,x0,0	  x0:0x00000000
       23915000	      2390	80001d24	a0aaa697	auipc	x13,0xa0aaa	 x13=0x20aabd20
       23925000	      2391	80001d28	ffda8a93	addi	x21,x21,-3	 x21:0xfffffff3 x21=0xfffffff0
       23935000	      2392	80001d2c	ff3adce3	bge	x21,x19,80001d24	 x21:0xfffffff0 x19:0xffffffec
       23945000	      2393	00000000	00000013	addi	x0,x0,0	  x0:0x00000000
       23955000	      2394	80001d20	00000013	addi	x0,x0,0	  x0:0x00000000
       23965000	      2395	80001d24	a0aaa697	auipc	x13,0xa0aaa	 x13=0x20aabd20
       23975000	      2396	80001d28	ffda8a93	addi	x21,x21,-3	 x21:0xfffffff0 x21=0xffffffed
       23985000	      2397	80001d2c	ff3adce3	bge	x21,x19,80001d24	 x21:0xffffffed x19:0xffffffec
       23995000	      2398	00000000	00000013	addi	x0,x0,0	  x0:0x00000000
       24005000	      2399	80001d20	00000013	addi	x0,x0,0	  x0:0x00000000
       24015000	      2400	80001d24	a0aaa697	auipc	x13,0xa0aaa	 x13=0x20aabd20
       24025000	      2401	80001d28	ffda8a93	addi	x21,x21,-3	 x21:0xffffffed x21=0xffffffea
       24035000	      2402	80001d2c	ff3adce3	bge	x21,x19,80001d24	 x21:0xffffffea x19:0xffffffec
       24045000	      2403	80001d30	ffb410e3	bne	x8,x27,80001d10	  x8:0xfffffff6 x27:0xfffffff3
       24055000	      2404	00000000	00000013	addi	x0,x0,0	  x0:0x00000000
       24065000	      2405	80001d0c	00000013	addi	x0,x0,0	  x0:0x00000000
       24075000	      2406	80001d10	93b24137	lui	x2,0x93b24	  x2=0x93b24000
       24085000	      2407	80001d14	327bec93	ori	x25,x23,807	 x23:0xcaa85000 x25=0xcaa85327
       24095000	      2408	80001d18	fff40413	addi	x8,x8,-1	  x8:0xfffffff6  x8=0xfffffff5
       24105000	      2409	80001d1c	ff600a93	addi	x21,x0,-10	  x0:0x00000000 x21=0xfffffff6
       24115000	      2410	80001d20	fec00993	addi	x19,x0,-20	  x0:0x00000000 x19=0xffffffec
       24125000	      2411	80001d24	a0aaa697	auipc	x13,0xa0aaa	 x13=0x20aabd20
       24135000	      2412	80001d28	ffda8a93	addi	x21,x21,-3	 x21:0xfffffff6 x21=0xfffffff3
       24145000	      2413	80001d2c	ff3adce3	bge	x21,x19,80001d24	 x21:0xfffffff3 x19:0xffffffec
       24155000	      2414	00000000	00000013	addi	x0,x0,0	  x0:0x00000000
       24165000	      2415	80001d20	00000013	addi	x0,x0,0	  x0:0x00000000
       24175000	      2416	80001d24	a0aaa697	auipc	x13,0xa0aaa	 x13=0x20aabd20
       24185000	      2417	80001d28	ffda8a93	addi	x21,x21,-3	 x21:0xfffffff3 x21=0xfffffff0
       24195000	      2418	80001d2c	ff3adce3	bge	x21,x19,80001d24	 x21:0xfffffff0 x19:0xffffffec
       24205000	      2419	00000000	00000013	addi	x0,x0,0	  x0:0x00000000
       24215000	      2420	80001d20	00000013	addi	x0,x0,0	  x0:0x00000000
       24225000	      2421	80001d24	a0aaa697	auipc	x13,0xa0aaa	 x13=0x20aabd20
       24235000	      2422	80001d28	ffda8a93	addi	x21,x21,-3	 x21:0xfffffff0 x21=0xffffffed
       24245000	      2423	80001d2c	ff3adce3	bge	x21,x19,80001d24	 x21:0xffffffed x19:0xffffffec
       24255000	      2424	00000000	00000013	addi	x0,x0,0	  x0:0x00000000
       24265000	      2425	80001d20	00000013	addi	x0,x0,0	  x0:0x00000000
       24275000	      2426	80001d24	a0aaa697	auipc	x13,0xa0aaa	 x13=0x20aabd20
       24285000	      2427	80001d28	ffda8a93	addi	x21,x21,-3	 x21:0xffffffed x21=0xffffffea
       24295000	      2428	80001d2c	ff3adce3	bge	x21,x19,80001d24	 x21:0xffffffea x19:0xffffffec
       24305000	      2429	80001d30	ffb410e3	bne	x8,x27,80001d10	  x8:0xfffffff5 x27:0xfffffff3
       24315000	      2430	00000000	00000013	addi	x0,x0,0	  x0:0x00000000
       24325000	      2431	80001d0c	00000013	addi	x0,x0,0	  x0:0x00000000
       24335000	      2432	80001d10	93b24137	lui	x2,0x93b24	  x2=0x93b24000
       24345000	      2433	80001d14	327bec93	ori	x25,x23,807	 x23:0xcaa85000 x25=0xcaa85327
       24355000	      2434	80001d18	fff40413	addi	x8,x8,-1	  x8:0xfffffff5  x8=0xfffffff4
       24365000	      2435	80001d1c	ff600a93	addi	x21,x0,-10	  x0:0x00000000 x21=0xfffffff6
       24375000	      2436	80001d20	fec00993	addi	x19,x0,-20	  x0:0x00000000 x19=0xffffffec
       24385000	      2437	80001d24	a0aaa697	auipc	x13,0xa0aaa	 x13=0x20aabd20
       24395000	      2438	80001d28	ffda8a93	addi	x21,x21,-3	 x21:0xfffffff6 x21=0xfffffff3
       24405000	      2439	80001d2c	ff3adce3	bge	x21,x19,80001d24	 x21:0xfffffff3 x19:0xffffffec
       24415000	      2440	00000000	00000013	addi	x0,x0,0	  x0:0x00000000
       24425000	      2441	80001d20	00000013	addi	x0,x0,0	  x0:0x00000000
       24435000	      2442	80001d24	a0aaa697	auipc	x13,0xa0aaa	 x13=0x20aabd20
       24445000	      2443	80001d28	ffda8a93	addi	x21,x21,-3	 x21:0xfffffff3 x21=0xfffffff0
       24455000	      2444	80001d2c	ff3adce3	bge	x21,x19,80001d24	 x21:0xfffffff0 x19:0xffffffec
       24465000	      2445	00000000	00000013	addi	x0,x0,0	  x0:0x00000000
       24475000	      2446	80001d20	00000013	addi	x0,x0,0	  x0:0x00000000
       24485000	      2447	80001d24	a0aaa697	auipc	x13,0xa0aaa	 x13=0x20aabd20
       24495000	      2448	80001d28	ffda8a93	addi	x21,x21,-3	 x21:0xfffffff0 x21=0xffffffed
       24505000	      2449	80001d2c	ff3adce3	bge	x21,x19,80001d24	 x21:0xffffffed x19:0xffffffec
       24515000	      2450	00000000	00000013	addi	x0,x0,0	  x0:0x00000000
       24525000	      2451	80001d20	00000013	addi	x0,x0,0	  x0:0x00000000
       24535000	      2452	80001d24	a0aaa697	auipc	x13,0xa0aaa	 x13=0x20aabd20
       24545000	      2453	80001d28	ffda8a93	addi	x21,x21,-3	 x21:0xffffffed x21=0xffffffea
       24555000	      2454	80001d2c	ff3adce3	bge	x21,x19,80001d24	 x21:0xffffffea x19:0xffffffec
       24565000	      2455	80001d30	ffb410e3	bne	x8,x27,80001d10	  x8:0xfffffff4 x27:0xfffffff3
       24575000	      2456	00000000	00000013	addi	x0,x0,0	  x0:0x00000000
       24585000	      2457	80001d0c	00000013	addi	x0,x0,0	  x0:0x00000000
       24595000	      2458	80001d10	93b24137	lui	x2,0x93b24	  x2=0x93b24000
       24605000	      2459	80001d14	327bec93	ori	x25,x23,807	 x23:0xcaa85000 x25=0xcaa85327
       24615000	      2460	80001d18	fff40413	addi	x8,x8,-1	  x8:0xfffffff4  x8=0xfffffff3
       24625000	      2461	80001d1c	ff600a93	addi	x21,x0,-10	  x0:0x00000000 x21=0xfffffff6
       24635000	      2462	80001d20	fec00993	addi	x19,x0,-20	  x0:0x00000000 x19=0xffffffec
       24645000	      2463	80001d24	a0aaa697	auipc	x13,0xa0aaa	 x13=0x20aabd20
       24655000	      2464	80001d28	ffda8a93	addi	x21,x21,-3	 x21:0xfffffff6 x21=0xfffffff3
       24665000	      2465	80001d2c	ff3adce3	bge	x21,x19,80001d24	 x21:0xfffffff3 x19:0xffffffec
       24675000	      2466	00000000	00000013	addi	x0,x0,0	  x0:0x00000000
       24685000	      2467	80001d20	00000013	addi	x0,x0,0	  x0:0x00000000
       24695000	      2468	80001d24	a0aaa697	auipc	x13,0xa0aaa	 x13=0x20aabd20
       24705000	      2469	80001d28	ffda8a93	addi	x21,x21,-3	 x21:0xfffffff3 x21=0xfffffff0
       24715000	      2470	80001d2c	ff3adce3	bge	x21,x19,80001d24	 x21:0xfffffff0 x19:0xffffffec
       24725000	      2471	00000000	00000013	addi	x0,x0,0	  x0:0x00000000
       24735000	      2472	80001d20	00000013	addi	x0,x0,0	  x0:0x00000000
       24745000	      2473	80001d24	a0aaa697	auipc	x13,0xa0aaa	 x13=0x20aabd20
       24755000	      2474	80001d28	ffda8a93	addi	x21,x21,-3	 x21:0xfffffff0 x21=0xffffffed
       24765000	      2475	80001d2c	ff3adce3	bge	x21,x19,80001d24	 x21:0xffffffed x19:0xffffffec
       24775000	      2476	00000000	00000013	addi	x0,x0,0	  x0:0x00000000
       24785000	      2477	80001d20	00000013	addi	x0,x0,0	  x0:0x00000000
       24795000	      2478	80001d24	a0aaa697	auipc	x13,0xa0aaa	 x13=0x20aabd20
       24805000	      2479	80001d28	ffda8a93	addi	x21,x21,-3	 x21:0xffffffed x21=0xffffffea
       24815000	      2480	80001d2c	ff3adce3	bge	x21,x19,80001d24	 x21:0xffffffea x19:0xffffffec
       24825000	      2481	80001d30	ffb410e3	bne	x8,x27,80001d10	  x8:0xfffffff3 x27:0xfffffff3
       24835000	      2482	80001d34	01faceb3	xor	x29,x21,x31	 x21:0xffffffea x31:0x00000000 x29=0xffffffea
       24845000	      2483	80001d38	00400a13	addi	x20,x0,4	  x0:0x00000000 x20=0x00000004
       24855000	      2484	80001d3c	0ac42393	slti	x7,x8,172	  x8:0xfffffff3  x7=0x00000001
       24865000	      2485	80001d40	00300093	addi	x1,x0,3	  x0:0x00000000  x1=0x00000003
       24875000	      2486	80001d44	017882b3	add	x5,x17,x23	 x17:0x00000001 x23:0xcaa85000  x5=0xcaa85001
       24885000	      2487	80001d48	0149d7b3	srl	x15,x19,x20	 x19:0xffffffec x20:0x00000004 x15=0x0ffffffe
       24895000	      2488	80001d4c	004035b3	sltu	x11,x0,x4	  x0:0x00000000  x4:0xf6f66b28 x11=0x00000001
       24905000	      2489	80001d50	fffa0a13	addi	x20,x20,-1	 x20:0x00000004 x20=0x00000003
       24915000	      2490	80001d54	00000013	addi	x0,x0,0	  x0:0x00000000
       24925000	      2491	80001d58	00a49913	slli	x18,x9,0xa	  x9:0x80009fc4 x18=0x027f1000
       24935000	      2492	80001d5c	643c0193	addi	x3,x24,1603	 x24:0x00000001  x3=0x00000644
       24945000	      2493	80001d60	c0602037	lui	x0,0xc0602	
       24955000	      2494	80001d64	0040e1b3	or	x3,x1,x4	  x1:0x00000003  x4:0xf6f66b28  x3=0xf6f66b2b
       24965000	      2495	80001d68	ffe00c13	addi	x24,x0,-2	  x0:0x00000000 x24=0xfffffffe
       24975000	      2496	80001d6c	0082ed33	or	x26,x5,x8	  x5:0xcaa85001  x8:0xfffffff3 x26=0xfffffff3
       24985000	      2497	80001d70	ff400213	addi	x4,x0,-12	  x0:0x00000000  x4=0xfffffff4
       24995000	      2498	80001d74	40c9d693	srai	x13,x19,0xc	 x19:0xffffffec x13=0xffffffff
       25005000	      2499	80001d78	41c25433	sra	x8,x4,x28	  x4:0xfffffff4 x28:0xce857127  x8=0xffffffff
       25015000	      2500	80001d7c	fd70b793	sltiu	x15,x1,-41	  x1:0x00000003 x15=0x00000001
       25025000	      2501	80001d80	0055afb3	slt	x31,x11,x5	 x11:0x00000001  x5:0xcaa85001 x31=0x00000000
       25035000	      2502	80001d84	0186b133	sltu	x2,x13,x24	 x13:0xffffffff x24:0xfffffffe  x2=0x00000000
       25045000	      2503	80001d88	4ae0a993	slti	x19,x1,1198	  x1:0x00000003 x19=0x00000001
       25055000	      2504	80001d8c	40315413	srai	x8,x2,0x3	  x2:0x00000000  x8=0x00000000
       25065000	      2505	80001d90	ff6c0c13	addi	x24,x24,-10	 x24:0xfffffffe x24=0xfffffff4
       25075000	      2506	80001d94	fe4c1ae3	bne	x24,x4,80001d88	 x24:0xfffffff4  x4:0xfffffff4
       25085000	      2507	80001d98	a3040393	addi	x7,x8,-1488	  x8:0x00000000  x7=0xfffffa30
       25095000	      2508	80001d9c	fa1a78e3	bgeu	x20,x1,80001d4c	 x20:0x00000003  x1:0x00000003
       25105000	      2509	00000000	00000013	addi	x0,x0,0	  x0:0x00000000
       25115000	      2510	80001d48	00000013	addi	x0,x0,0	  x0:0x00000000
       25125000	      2511	80001d4c	004035b3	sltu	x11,x0,x4	  x0:0x00000000  x4:0xfffffff4 x11=0x00000001
       25135000	      2512	80001d50	fffa0a13	addi	x20,x20,-1	 x20:0x00000003 x20=0x00000002
       25145000	      2513	80001d54	00000013	addi	x0,x0,0	  x0:0x00000000
       25155000	      2514	80001d58	00a49913	slli	x18,x9,0xa	  x9:0x80009fc4 x18=0x027f1000
       25165000	      2515	80001d5c	643c0193	addi	x3,x24,1603	 x24:0xfffffff4  x3=0x00000637
       25175000	      2516	80001d60	c0602037	lui	x0,0xc0602	
       25185000	      2517	80001d64	0040e1b3	or	x3,x1,x4	  x1:0x00000003  x4:0xfffffff4  x3=0xfffffff7
       25195000	      2518	80001d68	ffe00c13	addi	x24,x0,-2	  x0:0x00000000 x24=0xfffffffe
       25205000	      2519	80001d6c	0082ed33	or	x26,x5,x8	  x5:0xcaa85001  x8:0x00000000 x26=0xcaa85001
       25215000	      2520	80001d70	ff400213	addi	x4,x0,-12	  x0:0x00000000  x4=0xfffffff4
       25225000	      2521	80001d74	40c9d693	srai	x13,x19,0xc	 x19:0x00000001 x13=0x00000000
       25235000	      2522	80001d78	41c25433	sra	x8,x4,x28	  x4:0xfffffff4 x28:0xce857127  x8=0xffffffff
       25245000	      2523	80001d7c	fd70b793	sltiu	x15,x1,-41	  x1:0x00000003 x15=0x00000001
       25255000	      2524	80001d80	0055afb3	slt	x31,x11,x5	 x11:0x00000001  x5:0xcaa85001 x31=0x00000000
       25265000	      2525	80001d84	0186b133	sltu	x2,x13,x24	 x13:0x00000000 x24:0xfffffffe  x2=0x00000001
       25275000	      2526	80001d88	4ae0a993	slti	x19,x1,1198	  x1:0x00000003 x19=0x00000001
       25285000	      2527	80001d8c	40315413	srai	x8,x2,0x3	  x2:0x00000001  x8=0x00000000
       25295000	      2528	80001d90	ff6c0c13	addi	x24,x24,-10	 x24:0xfffffffe x24=0xfffffff4
       25305000	      2529	80001d94	fe4c1ae3	bne	x24,x4,80001d88	 x24:0xfffffff4  x4:0xfffffff4
       25315000	      2530	80001d98	a3040393	addi	x7,x8,-1488	  x8:0x00000000  x7=0xfffffa30
       25325000	      2531	80001d9c	fa1a78e3	bgeu	x20,x1,80001d4c	 x20:0x00000002  x1:0x00000003
       25335000	      2532	80001da0	d092ab13	slti	x22,x5,-759	  x5:0xcaa85001 x22=0x00000001
       25345000	      2533	80001da4	ffe00513	addi	x10,x0,-2	  x0:0x00000000 x10=0xfffffffe
       25355000	      2534	80001da8	00ecaf33	slt	x30,x25,x14	 x25:0xcaa85327 x14:0x00000008 x30=0x00000001
       25365000	      2535	80001dac	7169a893	slti	x17,x19,1814	 x19:0x00000001 x17=0x00000001
       25375000	      2536	80001db0	ffa00213	addi	x4,x0,-6	  x0:0x00000000  x4=0xfffffffa
       25385000	      2537	80001db4	01fdbdb3	sltu	x27,x27,x31	 x27:0xfffffff3 x31:0x00000000 x27=0x00000000
       25395000	      2538	80001db8	00468633	add	x12,x13,x4	 x13:0x00000000  x4:0xfffffffa x12=0xfffffffa
       25405000	      2539	80001dbc	00000013	addi	x0,x0,0	  x0:0x00000000
       25415000	      2540	80001dc0	3b973a93	sltiu	x21,x14,953	 x14:0x00000008 x21=0x00000001
       25425000	      2541	80001dc4	2739cd97	auipc	x27,0x2739c	 x27=0xa739ddc0
       25435000	      2542	80001dc8	40965db3	sra	x27,x12,x9	 x12:0xfffffffa  x9:0x80009fc4 x27=0xffffffff
       25445000	      2543	80001dcc	00a7da33	srl	x20,x15,x10	 x15:0x00000001 x10:0xfffffffe x20=0x00000000
       25455000	      2544	80001dd0	b58c6f93	ori	x31,x24,-1192	 x24:0xfffffff4 x31=0xfffffffc
       25465000	      2545	80001dd4	a2c74737	lui	x14,0xa2c74	 x14=0xa2c74000
       25475000	      2546	80001dd8	ffc50513	addi	x10,x10,-4	 x10:0xfffffffe x10=0xfffffffa
       25485000	      2547	80001ddc	00000193	addi	x3,x0,0	  x0:0x00000000  x3=0x00000000
       25495000	      2548	80001de0	01100113	addi	x2,x0,17	  x0:0x00000000  x2=0x00000011
       25505000	      2549	80001de4	3ff342b7	lui	x5,0x3ff34	  x5=0x3ff34000
       25515000	      2550	80001de8	00e09593	slli	x11,x1,0xe	  x1:0x00000003 x11=0x0000c000
       25525000	      2551	80001dec	00718193	addi	x3,x3,7	  x3:0x00000000  x3=0x00000007
       25535000	      2552	80001df0	fe21eae3	bltu	x3,x2,80001de4	  x3:0x00000007  x2:0x00000011
       25545000	      2553	00000000	00000013	addi	x0,x0,0	  x0:0x00000000
       25555000	      2554	80001de0	00000013	addi	x0,x0,0	  x0:0x00000000
       25565000	      2555	80001de4	3ff342b7	lui	x5,0x3ff34	  x5=0x3ff34000
       25575000	      2556	80001de8	00e09593	slli	x11,x1,0xe	  x1:0x00000003 x11=0x0000c000
       25585000	      2557	80001dec	00718193	addi	x3,x3,7	  x3:0x00000007  x3=0x0000000e
       25595000	      2558	80001df0	fe21eae3	bltu	x3,x2,80001de4	  x3:0x0000000e  x2:0x00000011
       25605000	      2559	00000000	00000013	addi	x0,x0,0	  x0:0x00000000
       25615000	      2560	80001de0	00000013	addi	x0,x0,0	  x0:0x00000000
       25625000	      2561	80001de4	3ff342b7	lui	x5,0x3ff34	  x5=0x3ff34000
       25635000	      2562	80001de8	00e09593	slli	x11,x1,0xe	  x1:0x00000003 x11=0x0000c000
       25645000	      2563	80001dec	00718193	addi	x3,x3,7	  x3:0x0000000e  x3=0x00000015
       25655000	      2564	80001df0	fe21eae3	bltu	x3,x2,80001de4	  x3:0x00000015  x2:0x00000011
       25665000	      2565	80001df4	00000013	addi	x0,x0,0	  x0:0x00000000
       25675000	      2566	80001df8	fd400913	addi	x18,x0,-44	  x0:0x00000000 x18=0xffffffd4
       25685000	      2567	80001dfc	fc450ae3	beq	x10,x4,80001dd0	 x10:0xfffffffa  x4:0xfffffffa
       25695000	      2568	00000000	00000013	addi	x0,x0,0	  x0:0x00000000
       25705000	      2569	80001dcc	00000013	addi	x0,x0,0	  x0:0x00000000
       25715000	      2570	80001dd0	b58c6f93	ori	x31,x24,-1192	 x24:0xfffffff4 x31=0xfffffffc
       25725000	      2571	80001dd4	a2c74737	lui	x14,0xa2c74	 x14=0xa2c74000
       25735000	      2572	80001dd8	ffc50513	addi	x10,x10,-4	 x10:0xfffffffa x10=0xfffffff6
       25745000	      2573	80001ddc	00000193	addi	x3,x0,0	  x0:0x00000000  x3=0x00000000
       25755000	      2574	80001de0	01100113	addi	x2,x0,17	  x0:0x00000000  x2=0x00000011
       25765000	      2575	80001de4	3ff342b7	lui	x5,0x3ff34	  x5=0x3ff34000
       25775000	      2576	80001de8	00e09593	slli	x11,x1,0xe	  x1:0x00000003 x11=0x0000c000
       25785000	      2577	80001dec	00718193	addi	x3,x3,7	  x3:0x00000000  x3=0x00000007
       25795000	      2578	80001df0	fe21eae3	bltu	x3,x2,80001de4	  x3:0x00000007  x2:0x00000011
       25805000	      2579	00000000	00000013	addi	x0,x0,0	  x0:0x00000000
       25815000	      2580	80001de0	00000013	addi	x0,x0,0	  x0:0x00000000
       25825000	      2581	80001de4	3ff342b7	lui	x5,0x3ff34	  x5=0x3ff34000
       25835000	      2582	80001de8	00e09593	slli	x11,x1,0xe	  x1:0x00000003 x11=0x0000c000
       25845000	      2583	80001dec	00718193	addi	x3,x3,7	  x3:0x00000007  x3=0x0000000e
       25855000	      2584	80001df0	fe21eae3	bltu	x3,x2,80001de4	  x3:0x0000000e  x2:0x00000011
       25865000	      2585	00000000	00000013	addi	x0,x0,0	  x0:0x00000000
       25875000	      2586	80001de0	00000013	addi	x0,x0,0	  x0:0x00000000
       25885000	      2587	80001de4	3ff342b7	lui	x5,0x3ff34	  x5=0x3ff34000
       25895000	      2588	80001de8	00e09593	slli	x11,x1,0xe	  x1:0x00000003 x11=0x0000c000
       25905000	      2589	80001dec	00718193	addi	x3,x3,7	  x3:0x0000000e  x3=0x00000015
       25915000	      2590	80001df0	fe21eae3	bltu	x3,x2,80001de4	  x3:0x00000015  x2:0x00000011
       25925000	      2591	80001df4	00000013	addi	x0,x0,0	  x0:0x00000000
       25935000	      2592	80001df8	fd400913	addi	x18,x0,-44	  x0:0x00000000 x18=0xffffffd4
       25945000	      2593	80001dfc	fc450ae3	beq	x10,x4,80001dd0	 x10:0xfffffff6  x4:0xfffffffa
       25955000	      2594	80001e00	958f8e93	addi	x29,x31,-1704	 x31:0xfffffffc x29=0xfffff954
       25965000	      2595	80001e04	01c1dbb3	srl	x23,x3,x28	  x3:0x00000015 x28:0xce857127 x23=0x00000000
       25975000	      2596	80001e08	0161ad33	slt	x26,x3,x22	  x3:0x00000015 x22:0x00000001 x26=0x00000000
       25985000	      2597	80001e0c	01568733	add	x14,x13,x21	 x13:0x00000000 x21:0x00000001 x14=0x00000001
       25995000	      2598	80001e10	e8dccb93	xori	x23,x25,-371	 x25:0xcaa85327 x23=0x3557adaa
       26005000	      2599	80001e14	03d0e063	bltu	x1,x29,80001e34	  x1:0x00000003 x29:0xfffff954
       26015000	      2600	00000000	00000013	addi	x0,x0,0	  x0:0x00000000
       26025000	      2601	80001e30	00000013	addi	x0,x0,0	  x0:0x00000000
       26035000	      2602	80001e34	009facb3	slt	x25,x31,x9	 x31:0xfffffffc  x9:0x80009fc4 x25=0x00000000
       26045000	      2603	80001e38	00000013	addi	x0,x0,0	  x0:0x00000000
       26055000	      2604	80001e3c	8bb34b13	xori	x22,x6,-1861	  x6:0x80009f78 x22=0x7fff67c3
       26065000	      2605	80001e40	9d73fd93	andi	x27,x7,-1577	  x7:0xfffffa30 x27=0xfffff810
       26075000	      2606	80001e44	853ae0b7	lui	x1,0x853ae	  x1=0x853ae000
       26085000	      2607	80001e48	c6fa6113	ori	x2,x20,-913	 x20:0x00000000  x2=0xfffffc6f
       26095000	      2608	80001e4c	40ac00b3	sub	x1,x24,x10	 x24:0xfffffff4 x10:0xfffffff6  x1=0xfffffffe
       26105000	      2609	80001e50	329ce393	ori	x7,x25,809	 x25:0x00000000  x7=0x00000329
       26115000	      2610	80001e54	02066c63	bltu	x12,x0,80001e8c	 x12:0xfffffffa  x0:0x00000000
       26125000	      2611	80001e58	71af3593	sltiu	x11,x30,1818	 x30:0x00000001 x11=0x00000001
       26135000	      2612	80001e5c	4047d593	srai	x11,x15,0x4	 x15:0x00000001 x11=0x00000000
       26145000	      2613	80001e60	002e6db3	or	x27,x28,x2	 x28:0xce857127  x2:0xfffffc6f x27=0xfffffd6f
       26155000	      2614	80001e64	00c0f263	bgeu	x1,x12,80001e68	  x1:0xfffffffe x12:0xfffffffa
       26165000	      2615	00000000	00000013	addi	x0,x0,0	  x0:0x00000000
       26175000	      2616	80001e64	00000013	addi	x0,x0,0	  x0:0x00000000
       26185000	      2617	80001e68	01d24c63	blt	x4,x29,80001e80	  x4:0xfffffffa x29:0xfffff954
       26195000	      2618	80001e6c	44ab7c13	andi	x24,x22,1098	 x22:0x7fff67c3 x24=0x00000442
       26205000	      2619	80001e70	018d9293	slli	x5,x27,0x18	 x27:0xfffffd6f  x5=0x6f000000
       26215000	      2620	80001e74	01b8bcb3	sltu	x25,x17,x27	 x17:0x00000001 x27:0xfffffd6f x25=0x00000001
       26225000	      2621	80001e78	03f9c463	blt	x19,x31,80001ea0	 x19:0x00000001 x31:0xfffffffc
       26235000	      2622	80001e7c	b2228a17	auipc	x20,0xb2228	 x20=0x32229e78
       26245000	      2623	80001e80	05708263	beq	x1,x23,80001ec4	  x1:0xfffffffe x23:0x3557adaa
       26255000	      2624	80001e84	40235893	srai	x17,x6,0x2	  x6:0x80009f78 x17=0xe00027de
       26265000	      2625	80001e88	015721b3	slt	x3,x14,x21	 x14:0x00000001 x21:0x00000001  x3=0x00000000
       26275000	      2626	80001e8c	01259693	slli	x13,x11,0x12	 x11:0x00000000 x13=0x00000000
       26285000	      2627	80001e90	0052ecb3	or	x25,x5,x5	  x5:0x6f000000  x5:0x6f000000 x25=0x6f000000
       26295000	      2628	80001e94	0102f833	and	x16,x5,x16	  x5:0x6f000000 x16:0xfffff8d9 x16=0x6f000000
       26305000	      2629	80001e98	01bb1913	slli	x18,x22,0x1b	 x22:0x7fff67c3 x18=0x18000000
       26315000	      2630	80001e9c	08954813	xori	x16,x10,137	 x10:0xfffffff6 x16=0xffffff7f
       26325000	      2631	80001ea0	01cbcab3	xor	x21,x23,x28	 x23:0x3557adaa x28:0xce857127 x21=0xfbd2dc8d
       26335000	      2632	80001ea4	d07a0113	addi	x2,x20,-761	 x20:0x32229e78  x2=0x32229b7f
       26345000	      2633	80001ea8	edb4cf13	xori	x30,x9,-293	  x9:0x80009fc4 x30=0x7fff611f
       26355000	      2634	80001eac	01238233	add	x4,x7,x18	  x7:0x00000329 x18:0x18000000  x4=0x18000329
       26365000	      2635	80001eb0	00609f93	slli	x31,x1,0x6	  x1:0xfffffffe x31=0xffffff80
       26375000	      2636	80001eb4	01489533	sll	x10,x17,x20	 x17:0xe00027de x20:0x32229e78 x10=0xde000000
       26385000	      2637	80001eb8	f648c137	lui	x2,0xf648c	  x2=0xf648c000
       26395000	      2638	80001ebc	91c22613	slti	x12,x4,-1764	  x4:0x18000329 x12=0x00000000
       26405000	      2639	80001ec0	00242fb3	slt	x31,x8,x2	  x8:0x00000000  x2:0xf648c000 x31=0x00000000
       26415000	      2640	80001ec4	862ee913	ori	x18,x29,-1950	 x29:0xfffff954 x18=0xfffff976
       26425000	      2641	80001ec8	de03c013	xori	x0,x7,-544	  x7:0x00000329
       26435000	      2642	80001ecc	00000013	addi	x0,x0,0	  x0:0x00000000
       26445000	      2643	80001ed0	40e40cb3	sub	x25,x8,x14	  x8:0x00000000 x14:0x00000001 x25=0xffffffff
       26455000	      2644	80001ed4	00d19f13	slli	x30,x3,0xd	  x3:0x00000000 x30=0x00000000
       26465000	      2645	80001ed8	0049d693	srli	x13,x19,0x4	 x19:0x00000001 x13=0x00000000
       26475000	      2646	80001edc	033f9663	bne	x31,x19,80001f08	 x31:0x00000000 x19:0x00000001
       26485000	      2647	00000000	00000013	addi	x0,x0,0	  x0:0x00000000
       26495000	      2648	80001f04	00000013	addi	x0,x0,0	  x0:0x00000000
       26505000	      2649	80001f08	01d46263	bltu	x8,x29,80001f0c	  x8:0x00000000 x29:0xfffff954
       26515000	      2650	00000000	00000013	addi	x0,x0,0	  x0:0x00000000
       26525000	      2651	80001f08	00000013	addi	x0,x0,0	  x0:0x00000000
       26535000	      2652	80001f0c	fc10a393	slti	x7,x1,-63	  x1:0xfffffffe  x7=0x00000000
       26545000	      2653	80001f10	054f8263	beq	x31,x20,80001f54	 x31:0x00000000 x20:0x32229e78
       26555000	      2654	80001f14	02e98593	addi	x11,x19,46	 x19:0x00000001 x11=0x0000002f
       26565000	      2655	80001f18	004362b3	or	x5,x6,x4	  x6:0x80009f78  x4:0x18000329  x5=0x98009f79
       26575000	      2656	80001f1c	010dd233	srl	x4,x27,x16	 x27:0xfffffd6f x16:0xffffff7f  x4=0x00000001
       26585000	      2657	80001f20	40e15693	srai	x13,x2,0xe	  x2:0xf648c000 x13=0xffffd923
       26595000	      2658	80001f24	accf7813	andi	x16,x30,-1332	 x30:0x00000000 x16=0x00000000
       26605000	      2659	80001f28	290e0913	addi	x18,x28,656	 x28:0xce857127 x18=0xce8573b7
       26615000	      2660	80001f2c	0017b2b3	sltu	x5,x15,x1	 x15:0x00000001  x1:0xfffffffe  x5=0x00000001
       26625000	      2661	80001f30	a9d44113	xori	x2,x8,-1379	  x8:0x00000000  x2=0xfffffa9d
       26635000	      2662	80001f34	016d1793	slli	x15,x26,0x16	 x26:0x00000000 x15=0x00000000
       26645000	      2663	80001f38	017ae2b3	or	x5,x21,x23	 x21:0xfbd2dc8d x23:0x3557adaa  x5=0xffd7fdaf
       26655000	      2664	80001f3c	3994bc13	sltiu	x24,x9,921	  x9:0x80009fc4 x24=0x00000000
       26665000	      2665	80001f40	0130d813	srli	x16,x1,0x13	  x1:0xfffffffe x16=0x00001fff
       26675000	      2666	80001f44	01035db3	srl	x27,x6,x16	  x6:0x80009f78 x16:0x00001fff x27=0x00000001
       26685000	      2667	80001f48	023d7463	bgeu	x26,x3,80001f70	 x26:0x00000000  x3:0x00000000
       26695000	      2668	00000000	00000013	addi	x0,x0,0	  x0:0x00000000
       26705000	      2669	80001f6c	00000013	addi	x0,x0,0	  x0:0x00000000
       26715000	      2670	80001f70	00495893	srli	x17,x18,0x4	 x18:0xce8573b7 x17=0x0ce8573b
       26725000	      2671	80001f74	907c7513	andi	x10,x24,-1785	 x24:0x00000000 x10=0x00000000
       26735000	      2672	80001f78	00000013	addi	x0,x0,0	  x0:0x00000000
       26745000	      2673	80001f7c	04b00863	beq	x0,x11,80001fcc	  x0:0x00000000 x11:0x0000002f
       26755000	      2674	80001f80	00cec433	xor	x8,x29,x12	 x29:0xfffff954 x12:0x00000000  x8=0xfffff954
       26765000	      2675	80001f84	02e77663	bgeu	x14,x14,80001fb0	 x14:0x00000001 x14:0x00000001
       26775000	      2676	00000000	00000013	addi	x0,x0,0	  x0:0x00000000
       26785000	      2677	80001fac	00000013	addi	x0,x0,0	  x0:0x00000000
       26795000	      2678	80001fb0	a205ed17	auipc	x26,0xa205e	 x26=0x2205ffac
       26805000	      2679	80001fb4	744da813	slti	x16,x27,1860	 x27:0x00000001 x16=0x00000001
       26815000	      2680	80001fb8	0103fe63	bgeu	x7,x16,80001fd4	  x7:0x00000000 x16:0x00000001
       26825000	      2681	80001fbc	0066c263	blt	x13,x6,80001fc0	 x13:0xffffd923  x6:0x80009f78
       26835000	      2682	80001fc0	0f577813	andi	x16,x14,245	 x14:0x00000001 x16=0x00000001
       26845000	      2683	80001fc4	411508b3	sub	x17,x10,x17	 x10:0x00000000 x17:0x0ce8573b x17=0xf317a8c5
       26855000	      2684	80001fc8	04517663	bgeu	x2,x5,80002014	  x2:0xfffffa9d  x5:0xffd7fdaf
       26865000	      2685	00000000	00000013	addi	x0,x0,0	  x0:0x00000000
       26875000	      2686	80002010	00000013	addi	x0,x0,0	  x0:0x00000000
       26885000	      2687	80002014	01eb7463	bgeu	x22,x30,8000201c	 x22:0x7fff67c3 x30:0x00000000
       26895000	      2688	00000000	00000013	addi	x0,x0,0	  x0:0x00000000
       26905000	      2689	80002018	00000013	addi	x0,x0,0	  x0:0x00000000
       26915000	      2690	8000201c	0153e933	or	x18,x7,x21	  x7:0x00000000 x21:0xfbd2dc8d x18=0xfbd2dc8d
       26925000	      2691	80002020	042d8263	beq	x27,x2,80002064	 x27:0x00000001  x2:0xfffffa9d
       26935000	      2692	80002024	01bfdf33	srl	x30,x31,x27	 x31:0x00000000 x27:0x00000001 x30=0x00000000
       26945000	      2693	80002028	30da3413	sltiu	x8,x20,781	 x20:0x32229e78  x8=0x00000000
       26955000	      2694	8000202c	00fb2b33	slt	x22,x22,x15	 x22:0x7fff67c3 x15:0x00000000 x22=0x00000000
       26965000	      2695	80002030	03215c63	bge	x2,x18,80002068	  x2:0xfffffa9d x18:0xfbd2dc8d
       26975000	      2696	00000000	00000013	addi	x0,x0,0	  x0:0x00000000
       26985000	      2697	80002064	00000013	addi	x0,x0,0	  x0:0x00000000
       26995000	      2698	80002068	85cb30b7	lui	x1,0x85cb3	  x1=0x85cb3000
       27005000	      2699	8000206c	017c7133	and	x2,x24,x23	 x24:0x00000000 x23:0x3557adaa  x2=0x00000000
       27015000	      2700	80002070	0079bab3	sltu	x21,x19,x7	 x19:0x00000001  x7:0x00000000 x21=0x00000000
       27025000	      2701	80002074	0077bf33	sltu	x30,x15,x7	 x15:0x00000000  x7:0x00000000 x30=0x00000000
       27035000	      2702	80002078	01b16bb3	or	x23,x2,x27	  x2:0x00000000 x27:0x00000001 x23=0x00000001
       27045000	      2703	8000207c	00708f33	add	x30,x1,x7	  x1:0x85cb3000  x7:0x00000000 x30=0x85cb3000
       27055000	      2704	80002080	0071f3b3	and	x7,x3,x7	  x3:0x00000000  x7:0x00000000  x7=0x00000000
       27065000	      2705	80002084	0120c263	blt	x1,x18,80002088	  x1:0x85cb3000 x18:0xfbd2dc8d
       27075000	      2706	00000000	00000013	addi	x0,x0,0	  x0:0x00000000
       27085000	      2707	80002084	00000013	addi	x0,x0,0	  x0:0x00000000
       27095000	      2708	80002088	007467b3	or	x15,x8,x7	  x8:0x00000000  x7:0x00000000 x15=0x00000000
       27105000	      2709	8000208c	41665513	srai	x10,x12,0x16	 x12:0x00000000 x10=0x00000000
       27115000	      2710	80002090	407d05b3	sub	x11,x26,x7	 x26:0x2205ffac  x7:0x00000000 x11=0x2205ffac
       27125000	      2711	80002094	00293a33	sltu	x20,x18,x2	 x18:0xfbd2dc8d  x2:0x00000000 x20=0x00000000
       27135000	      2712	80002098	01b17263	bgeu	x2,x27,8000209c	  x2:0x00000000 x27:0x00000001
       27145000	      2713	8000209c	0e136193	ori	x3,x6,225	  x6:0x80009f78  x3=0x80009ff9
       27155000	      2714	800020a0	0187aab3	slt	x21,x15,x24	 x15:0x00000000 x24:0x00000000 x21=0x00000000
       27165000	      2715	800020a4	e06f6413	ori	x8,x30,-506	 x30:0x85cb3000  x8=0xfffffe06
       27175000	      2716	800020a8	3383fb13	andi	x22,x7,824	  x7:0x00000000 x22=0x00000000
       27185000	      2717	800020ac	012cdd93	srli	x27,x25,0x12	 x25:0xffffffff x27=0x00003fff
       27195000	      2718	800020b0	884ace97	auipc	x29,0x884ac	 x29=0x084ae0ac
       27205000	      2719	800020b4	01965e93	srli	x29,x12,0x19	 x12:0x00000000 x29=0x00000000
       27215000	      2720	800020b8	05030997	auipc	x19,0x5030	 x19=0x850320b4
       27225000	      2721	800020bc	41b4d533	sra	x10,x9,x27	  x9:0x80009fc4 x27:0x00003fff x10=0xffffffff
       27235000	      2722	800020c0	015a2533	slt	x10,x20,x21	 x20:0x00000000 x21:0x00000000 x10=0x00000000
       27245000	      2723	800020c4	01e6d7b3	srl	x15,x13,x30	 x13:0xffffd923 x30:0x85cb3000 x15=0xffffd923
       27255000	      2724	800020c8	00bc0c63	beq	x24,x11,800020e0	 x24:0x00000000 x11:0x2205ffac
       27265000	      2725	800020cc	0157c5b3	xor	x11,x15,x21	 x15:0xffffd923 x21:0x00000000 x11=0xffffd923
       27275000	      2726	800020d0	00ccf033	and	x0,x25,x12	 x25:0xffffffff x12:0x00000000
       27285000	      2727	800020d4	792a21b7	lui	x3,0x792a2	  x3=0x792a2000
       27295000	      2728	800020d8	01022833	slt	x16,x4,x16	  x4:0x00000001 x16:0x00000001 x16=0x00000000
       27305000	      2729	800020dc	4156d693	srai	x13,x13,0x15	 x13:0xffffd923 x13=0xffffffff
       27315000	      2730	800020e0	0016eeb3	or	x29,x13,x1	 x13:0xffffffff  x1:0x85cb3000 x29=0xffffffff
       27325000	      2731	800020e4	4178dab3	sra	x21,x17,x23	 x17:0xf317a8c5 x23:0x00000001 x21=0xf98bd462
       27335000	      2732	800020e8	045cf663	bgeu	x25,x5,80002134	 x25:0xffffffff  x5:0xffd7fdaf
       27345000	      2733	00000000	00000013	addi	x0,x0,0	  x0:0x00000000
       27355000	      2734	80002130	00000013	addi	x0,x0,0	  x0:0x00000000
       27365000	      2735	80002134	03a3e063	bltu	x7,x26,80002154	  x7:0x00000000 x26:0x2205ffac
       27375000	      2736	00000000	00000013	addi	x0,x0,0	  x0:0x00000000
       27385000	      2737	80002150	00000013	addi	x0,x0,0	  x0:0x00000000
       27395000	      2738	80002154	07510863	beq	x2,x21,800021c4	  x2:0x00000000 x21:0xf98bd462
       27405000	      2739	80002158	015f5c33	srl	x24,x30,x21	 x30:0x85cb3000 x21:0xf98bd462 x24=0x2172cc00
       27415000	      2740	8000215c	077b8e63	beq	x23,x23,800021d8	 x23:0x00000001 x23:0x00000001
       27425000	      2741	00000000	00000013	addi	x0,x0,0	  x0:0x00000000
       27435000	      2742	800021d4	00000013	addi	x0,x0,0	  x0:0x00000000
       27445000	      2743	800021d8	2e01ef93	ori	x31,x3,736	  x3:0x792a2000 x31=0x792a22e0
       27455000	      2744	800021dc	6968bb93	sltiu	x23,x17,1686	 x17:0xf317a8c5 x23=0x00000000
       27465000	      2745	800021e0	01959e93	slli	x29,x11,0x19	 x11:0xffffd923 x29=0x46000000
       27475000	      2746	800021e4	00879f33	sll	x30,x15,x8	 x15:0xffffd923  x8:0xfffffe06 x30=0xfff648c0
       27485000	      2747	800021e8	00a368b3	or	x17,x6,x10	  x6:0x80009f78 x10:0x00000000 x17=0x80009f78
       27495000	      2748	800021ec	045f6863	bltu	x30,x5,8000223c	 x30:0xfff648c0  x5:0xffd7fdaf
       27505000	      2749	800021f0	01554db3	xor	x27,x10,x21	 x10:0x00000000 x21:0xf98bd462 x27=0xf98bd462
       27515000	      2750	800021f4	00d59e63	bne	x11,x13,80002210	 x11:0xffffd923 x13:0xffffffff
       27525000	      2751	00000000	00000013	addi	x0,x0,0	  x0:0x00000000
       27535000	      2752	8000220c	00000013	addi	x0,x0,0	  x0:0x00000000
       27545000	      2753	80002210	0126d793	srli	x15,x13,0x12	 x13:0xffffffff x15=0x00003fff
       27555000	      2754	80002214	41f55bb3	sra	x23,x10,x31	 x10:0x00000000 x31:0x792a22e0 x23=0x00000000
       27565000	      2755	80002218	b903a793	slti	x15,x7,-1136	  x7:0x00000000 x15=0x00000000
       27575000	      2756	8000221c	05a90863	beq	x18,x26,8000226c	 x18:0xfbd2dc8d x26:0x2205ffac
       27585000	      2757	80002220	013311b3	sll	x3,x6,x19	  x6:0x80009f78 x19:0x850320b4  x3=0xf7800000
       27595000	      2758	80002224	0084e6b3	or	x13,x9,x8	  x9:0x80009fc4  x8:0xfffffe06 x13=0xffffffc6
       27605000	      2759	80002228	28c55937	lui	x18,0x28c55	 x18=0x28c55000
       27615000	      2760	8000222c	411707b3	sub	x15,x14,x17	 x14:0x00000001 x17:0x80009f78 x15=0x7fff6089
       27625000	      2761	80002230	416c87b3	sub	x15,x25,x22	 x25:0xffffffff x22:0x00000000 x15=0xffffffff
       27635000	      2762	80002234	fc742e93	slti	x29,x8,-57	  x8:0xfffffe06 x29=0x00000001
       27645000	      2763	80002238	008909b3	add	x19,x18,x8	 x18:0x28c55000  x8:0xfffffe06 x19=0x28c54e06
       27655000	      2764	8000223c	40428fb3	sub	x31,x5,x4	  x5:0xffd7fdaf  x4:0x00000001 x31=0xffd7fdae
       27665000	      2765	80002240	00000013	addi	x0,x0,0	  x0:0x00000000
       27675000	      2766	80002244	05f70663	beq	x14,x31,80002290	 x14:0x00000001 x31:0xffd7fdae
       27685000	      2767	80002248	03b57063	bgeu	x10,x27,80002268	 x10:0x00000000 x27:0xf98bd462
       27695000	      2768	8000224c	52484613	xori	x12,x16,1316	 x16:0x00000000 x12=0x00000524
       27705000	      2769	80002250	0553c863	blt	x7,x21,800022a0	  x7:0x00000000 x21:0xf98bd462
       27715000	      2770	80002254	f8074697	auipc	x13,0xf8074	 x13=0x78076250
       27725000	      2771	80002258	26a5c013	xori	x0,x11,618	 x11:0xffffd923
       27735000	      2772	8000225c	000ccc33	xor	x24,x25,x0	 x25:0xffffffff  x0:0x00000000 x24=0xffffffff
       27745000	      2773	80002260	0cfb2413	slti	x8,x22,207	 x22:0x00000000  x8=0x00000001
       27755000	      2774	80002264	0451c663	blt	x3,x5,800022b0	  x3:0xf7800000  x5:0xffd7fdaf
       27765000	      2775	00000000	00000013	addi	x0,x0,0	  x0:0x00000000
       27775000	      2776	800022ac	00000013	addi	x0,x0,0	  x0:0x00000000
       27785000	      2777	800022b0	00f8e263	bltu	x17,x15,800022b4	 x17:0x80009f78 x15:0xffffffff
       27795000	      2778	00000000	00000013	addi	x0,x0,0	  x0:0x00000000
       27805000	      2779	800022b0	00000013	addi	x0,x0,0	  x0:0x00000000
       27815000	      2780	800022b4	00faee63	bltu	x21,x15,800022d0	 x21:0xf98bd462 x15:0xffffffff
       27825000	      2781	00000000	00000013	addi	x0,x0,0	  x0:0x00000000
       27835000	      2782	800022cc	00000013	addi	x0,x0,0	  x0:0x00000000
       27845000	      2783	800022d0	fa562893	slti	x17,x12,-91	 x12:0x00000524 x17=0x00000000
       27855000	      2784	800022d4	01988263	beq	x17,x25,800022d8	 x17:0x00000000 x25:0xffffffff
       27865000	      2785	800022d8	0178a3b3	slt	x7,x17,x23	 x17:0x00000000 x23:0x00000000  x7=0x00000000
       27875000	      2786	800022dc	00ae7733	and	x14,x28,x10	 x28:0xce857127 x10:0x00000000 x14=0x00000000
       27885000	      2787	800022e0	0326d463	bge	x13,x18,80002308	 x13:0x78076250 x18:0x28c55000
       27895000	      2788	00000000	00000013	addi	x0,x0,0	  x0:0x00000000
       27905000	      2789	80002304	00000013	addi	x0,x0,0	  x0:0x00000000
       27915000	      2790	80002308	04456863	bltu	x10,x4,80002358	 x10:0x00000000  x4:0x00000001
       27925000	      2791	00000000	00000013	addi	x0,x0,0	  x0:0x00000000
       27935000	      2792	80002354	00000013	addi	x0,x0,0	  x0:0x00000000
       27945000	      2793	80002358	05ef3f13	sltiu	x30,x30,94	 x30:0xfff648c0 x30=0x00000000
       27955000	      2794	8000235c	57027a13	andi	x20,x4,1392	  x4:0x00000001 x20=0x00000000
       27965000	      2795	80002360	ff900d13	addi	x26,x0,-7	  x0:0x00000000 x26=0xfffffff9
       27975000	      2796	80002364	367ac897	auipc	x17,0x367ac	 x17=0xb67ae360
       27985000	      2797	80002368	01100193	addi	x3,x0,17	  x0:0x00000000  x3=0x00000011
       27995000	      2798	8000236c	a56cf713	andi	x14,x25,-1450	 x25:0xffffffff x14=0xfffffa56
       28005000	      2799	80002370	018e7cb3	and	x25,x28,x24	 x28:0xce857127 x24:0xffffffff x25=0xce857127
       28015000	      2800	80002374	004d0d13	addi	x26,x26,4	 x26:0xfffffff9 x26=0xfffffffd
       28025000	      2801	80002378	00800413	addi	x8,x0,8	  x0:0x00000000  x8=0x00000008
       28035000	      2802	8000237c	00689c13	slli	x24,x17,0x6	 x17:0xb67ae360 x24=0x9eb8d800
       28045000	      2803	80002380	00700b13	addi	x22,x0,7	  x0:0x00000000 x22=0x00000007
       28055000	      2804	80002384	f5f02d93	slti	x27,x0,-161	  x0:0x00000000 x27=0x00000000
       28065000	      2805	80002388	822a6b93	ori	x23,x20,-2014	 x20:0x00000000 x23=0xfffff822
       28075000	      2806	8000238c	ffc40413	addi	x8,x8,-4	  x8:0x00000008  x8=0x00000004
       28085000	      2807	80002390	00b9ceb3	xor	x29,x19,x11	 x19:0x28c54e06 x11:0xffffd923 x29=0xd73a9725
       28095000	      2808	80002394	d72b2593	slti	x11,x22,-654	 x22:0x00000007 x11=0x00000000
       28105000	      2809	80002398	ff6476e3	bgeu	x8,x22,80002384	  x8:0x00000004 x22:0x00000007
       28115000	      2810	8000239c	7fb5b693	sltiu	x13,x11,2043	 x11:0x00000000 x13=0x00000001
       28125000	      2811	800023a0	0032da93	srli	x21,x5,0x3	  x5:0xffd7fdaf x21=0x1ffaffb5
       28135000	      2812	800023a4	0165e133	or	x2,x11,x22	 x11:0x00000000 x22:0x00000007  x2=0x00000007
       28145000	      2813	800023a8	fc3d64e3	bltu	x26,x3,80002370	 x26:0xfffffffd  x3:0x00000011
       28155000	      2814	800023ac	01586733	or	x14,x16,x21	 x16:0x00000000 x21:0x1ffaffb5 x14=0x1ffaffb5
       28165000	      2815	800023b0	05c75663	bge	x14,x28,800023fc	 x14:0x1ffaffb5 x28:0xce857127
       28175000	      2816	00000000	00000013	addi	x0,x0,0	  x0:0x00000000
       28185000	      2817	800023f8	00000013	addi	x0,x0,0	  x0:0x00000000
       28195000	      2818	800023fc	028a8463	beq	x21,x8,80002424	 x21:0x1ffaffb5  x8:0x00000004
       28205000	      2819	80002400	01b9dd13	srli	x26,x19,0x1b	 x19:0x28c54e06 x26=0x00000005
       28215000	      2820	80002404	018e1293	slli	x5,x28,0x18	 x28:0xce857127  x5=0x27000000
       28225000	      2821	80002408	00f397b3	sll	x15,x7,x15	  x7:0x00000000 x15:0xffffffff x15=0x00000000
       28235000	      2822	8000240c	00518263	beq	x3,x5,80002410	  x3:0x00000011  x5:0x27000000
       28245000	      2823	80002410	013b9eb3	sll	x29,x23,x19	 x23:0xfffff822 x19:0x28c54e06 x29=0xfffe0880
       28255000	      2824	80002414	009cdbb3	srl	x23,x25,x9	 x25:0xce857127  x9:0x80009fc4 x23=0x0ce85712
       28265000	      2825	80002418	00200a33	add	x20,x0,x2	  x0:0x00000000  x2:0x00000007 x20=0x00000007
       28275000	      2826	8000241c	09dcfa93	andi	x21,x25,157	 x25:0xce857127 x21=0x00000005
       28285000	      2827	80002420	03d98463	beq	x19,x29,80002448	 x19:0x28c54e06 x29:0xfffe0880
       28295000	      2828	80002424	40145f93	srai	x31,x8,0x1	  x8:0x00000004 x31=0x00000002
       28305000	      2829	80002428	ce33f613	andi	x12,x7,-797	  x7:0x00000000 x12=0x00000000
       28315000	      2830	8000242c	63f03b17	auipc	x22,0x63f03	 x22=0xe3f05428
       28325000	      2831	80002430	416459b3	sra	x19,x8,x22	  x8:0x00000004 x22:0xe3f05428 x19=0x00000000
       28335000	      2832	80002434	016afe63	bgeu	x21,x22,80002450	 x21:0x00000005 x22:0xe3f05428
       28345000	      2833	80002438	00437ab3	and	x21,x6,x4	  x6:0x80009f78  x4:0x00000001 x21=0x00000000
       28355000	      2834	8000243c	00000013	addi	x0,x0,0	  x0:0x00000000
       28365000	      2835	80002440	93b43817	auipc	x16,0x93b43	 x16=0x13b4543c
       28375000	      2836	80002444	c3e5f613	andi	x12,x11,-962	 x11:0x00000000 x12=0x00000000
       28385000	      2837	80002448	6ca56297	auipc	x5,0x6ca56	  x5=0xeca58444
       28395000	      2838	8000244c	0160c263	blt	x1,x22,80002450	  x1:0x85cb3000 x22:0xe3f05428
       28405000	      2839	00000000	00000013	addi	x0,x0,0	  x0:0x00000000
       28415000	      2840	8000244c	00000013	addi	x0,x0,0	  x0:0x00000000
       28425000	      2841	80002450	010cc463	blt	x25,x16,80002458	 x25:0xce857127 x16:0x13b4543c
       28435000	      2842	00000000	00000013	addi	x0,x0,0	  x0:0x00000000
       28445000	      2843	80002454	00000013	addi	x0,x0,0	  x0:0x00000000
       28455000	      2844	80002458	0054f9b3	and	x19,x9,x5	  x9:0x80009fc4  x5:0xeca58444 x19=0x80008444
       28465000	      2845	8000245c	41dc5f13	srai	x30,x24,0x1d	 x24:0x9eb8d800 x30=0xfffffffc
       28475000	      2846	80002460	41e5d293	srai	x5,x11,0x1e	 x11:0x00000000  x5=0x00000000
       28485000	      2847	80002464	05d65263	bge	x12,x29,800024a8	 x12:0x00000000 x29:0xfffe0880
       28495000	      2848	00000000	00000013	addi	x0,x0,0	  x0:0x00000000
       28505000	      2849	800024a4	00000013	addi	x0,x0,0	  x0:0x00000000
       28515000	      2850	800024a8	00cb5463	bge	x22,x12,800024b0	 x22:0xe3f05428 x12:0x00000000
       28525000	      2851	800024ac	00000013	addi	x0,x0,0	  x0:0x00000000
       28535000	      2852	800024b0	d4070693	addi	x13,x14,-704	 x14:0x1ffaffb5 x13=0x1ffafcf5
       28545000	      2853	800024b4	d2463813	sltiu	x16,x12,-732	 x12:0x00000000 x16=0x00000001
       28555000	      2854	800024b8	002e9793	slli	x15,x29,0x2	 x29:0xfffe0880 x15=0xfff82200
       28565000	      2855	800024bc	411f0eb3	sub	x29,x30,x17	 x30:0xfffffffc x17:0xb67ae360 x29=0x49851c9c
       28575000	      2856	800024c0	00aa1233	sll	x4,x20,x10	 x20:0x00000007 x10:0x00000000  x4=0x00000007
       28585000	      2857	800024c4	01449a93	slli	x21,x9,0x14	  x9:0x80009fc4 x21=0xfc400000
       28595000	      2858	800024c8	03879c63	bne	x15,x24,80002500	 x15:0xfff82200 x24:0x9eb8d800
       28605000	      2859	00000000	00000013	addi	x0,x0,0	  x0:0x00000000
       28615000	      2860	800024fc	00000013	addi	x0,x0,0	  x0:0x00000000
       28625000	      2861	80002500	4011db93	srai	x23,x3,0x1	  x3:0x00000011 x23=0x00000008
       28635000	      2862	80002504	01706e63	bltu	x0,x23,80002520	  x0:0x00000000 x23:0x00000008
       28645000	      2863	00000000	00000013	addi	x0,x0,0	  x0:0x00000000
       28655000	      2864	8000251c	00000013	addi	x0,x0,0	  x0:0x00000000
       28665000	      2865	80002520	01157cb3	and	x25,x10,x17	 x10:0x00000000 x17:0xb67ae360 x25=0x00000000
       28675000	      2866	80002524	01b3d113	srli	x2,x7,0x1b	  x7:0x00000000  x2=0x00000000
       28685000	      2867	80002528	022a5463	bge	x20,x2,80002550	 x20:0x00000007  x2:0x00000000
       28695000	      2868	00000000	00000013	addi	x0,x0,0	  x0:0x00000000
       28705000	      2869	8000254c	00000013	addi	x0,x0,0	  x0:0x00000000
       28715000	      2870	80002550	01635463	bge	x6,x22,80002558	  x6:0x80009f78 x22:0xe3f05428
       28725000	      2871	80002554	e1266717	auipc	x14,0xe1266	 x14=0x61268550
       28735000	      2872	80002558	0073ddb3	srl	x27,x7,x7	  x7:0x00000000  x7:0x00000000 x27=0x00000000
       28745000	      2873	8000255c	031de063	bltu	x27,x17,8000257c	 x27:0x00000000 x17:0xb67ae360
       28755000	      2874	00000000	00000013	addi	x0,x0,0	  x0:0x00000000
       28765000	      2875	80002578	00000013	addi	x0,x0,0	  x0:0x00000000
       28775000	      2876	8000257c	00b8d633	srl	x12,x17,x11	 x17:0xb67ae360 x11:0x00000000 x12=0xb67ae360
       28785000	      2877	80002580	02e98663	beq	x19,x14,800025ac	 x19:0x80008444 x14:0x61268550
       28795000	      2878	80002584	011e7133	and	x2,x28,x17	 x28:0xce857127 x17:0xb67ae360  x2=0x86006120
       28805000	      2879	80002588	01380c63	beq	x16,x19,800025a0	 x16:0x00000001 x19:0x80008444
       28815000	      2880	8000258c	025e9463	bne	x29,x5,800025b4	 x29:0x49851c9c  x5:0x00000000
       28825000	      2881	00000000	00000013	addi	x0,x0,0	  x0:0x00000000
       28835000	      2882	800025b0	00000013	addi	x0,x0,0	  x0:0x00000000
       28845000	      2883	800025b4	0060b2b3	sltu	x5,x1,x6	  x1:0x85cb3000  x6:0x80009f78  x5=0x00000000
       28855000	      2884	800025b8	04850663	beq	x10,x8,80002604	 x10:0x00000000  x8:0x00000004
       28865000	      2885	800025bc	0125a7b3	slt	x15,x11,x18	 x11:0x00000000 x18:0x28c55000 x15=0x00000001
       28875000	      2886	800025c0	2f60fc93	andi	x25,x1,758	  x1:0x85cb3000 x25=0x00000000
       28885000	      2887	800025c4	000ee263	bltu	x29,x0,800025c8	 x29:0x49851c9c  x0:0x00000000
       28895000	      2888	800025c8	00ce5793	srli	x15,x28,0xc	 x28:0xce857127 x15=0x000ce857
       28905000	      2889	800025cc	00000013	addi	x0,x0,0	  x0:0x00000000
       28915000	      2890	800025d0	00000013	addi	x0,x0,0	  x0:0x00000000
       28925000	      2891	800025d4	02a75063	bge	x14,x10,800025f4	 x14:0x61268550 x10:0x00000000
       28935000	      2892	00000000	00000013	addi	x0,x0,0	  x0:0x00000000
       28945000	      2893	800025f0	00000013	addi	x0,x0,0	  x0:0x00000000
       28955000	      2894	800025f4	00c9e5b3	or	x11,x19,x12	 x19:0x80008444 x12:0xb67ae360 x11=0xb67ae764
       28965000	      2895	800025f8	04501263	bne	x0,x5,8000263c	  x0:0x00000000  x5:0x00000000
       28975000	      2896	800025fc	2837ae93	slti	x29,x15,643	 x15:0x000ce857 x29=0x00000000
       28985000	      2897	80002600	01ced263	bge	x29,x28,80002604	 x29:0x00000000 x28:0xce857127
       28995000	      2898	00000000	00000013	addi	x0,x0,0	  x0:0x00000000
       29005000	      2899	80002600	00000013	addi	x0,x0,0	  x0:0x00000000
       29015000	      2900	80002604	79e7f613	andi	x12,x15,1950	 x15:0x000ce857 x12=0x00000016
       29025000	      2901	80002608	00a807b3	add	x15,x16,x10	 x16:0x00000001 x10:0x00000000 x15=0x00000001
       29035000	      2902	8000260c	057d7263	bgeu	x26,x23,80002650	 x26:0x00000005 x23:0x00000008
       29045000	      2903	80002610	40e78133	sub	x2,x15,x14	 x15:0x00000001 x14:0x61268550  x2=0x9ed97ab1
       29055000	      2904	80002614	41077413	andi	x8,x14,1040	 x14:0x61268550  x8=0x00000410
       29065000	      2905	80002618	00ea1263	bne	x20,x14,8000261c	 x20:0x00000007 x14:0x61268550
       29075000	      2906	00000000	00000013	addi	x0,x0,0	  x0:0x00000000
       29085000	      2907	80002618	00000013	addi	x0,x0,0	  x0:0x00000000
       29095000	      2908	8000261c	e475e693	ori	x13,x11,-441	 x11:0xb67ae764 x13=0xffffff67
       29105000	      2909	80002620	40c8d093	srai	x1,x17,0xc	 x17:0xb67ae360  x1=0xfffb67ae
       29115000	      2910	80002624	e8aef1b7	lui	x3,0xe8aef	  x3=0xe8aef000
       29125000	      2911	80002628	40bf5c33	sra	x24,x30,x11	 x30:0xfffffffc x11:0xb67ae764 x24=0xffffffff
       29135000	      2912	8000262c	02916463	bltu	x2,x9,80002654	  x2:0x9ed97ab1  x9:0x80009fc4
       29145000	      2913	80002630	81597813	andi	x16,x18,-2027	 x18:0x28c55000 x16=0x28c55000
       29155000	      2914	80002634	0110b033	sltu	x0,x1,x17	  x1:0xfffb67ae x17:0xb67ae360
       29165000	      2915	80002638	0053c933	xor	x18,x7,x5	  x7:0x00000000  x5:0x00000000 x18=0x00000000
       29175000	      2916	8000263c	009fef33	or	x30,x31,x9	 x31:0x00000002  x9:0x80009fc4 x30=0x80009fc6
       29185000	      2917	80002640	016b5d93	srli	x27,x22,0x16	 x22:0xe3f05428 x27=0x0000038f
       29195000	      2918	80002644	41440133	sub	x2,x8,x20	  x8:0x00000410 x20:0x00000007  x2=0x00000409
       29205000	      2919	80002648	002970b3	and	x1,x18,x2	 x18:0x00000000  x2:0x00000409  x1=0x00000000
       29215000	      2920	8000264c	000435b3	sltu	x11,x8,x0	  x8:0x00000410  x0:0x00000000 x11=0x00000000
       29225000	      2921	80002650	00057263	bgeu	x10,x0,80002654	 x10:0x00000000  x0:0x00000000
       29235000	      2922	00000000	00000013	addi	x0,x0,0	  x0:0x00000000
       29245000	      2923	80002650	00000013	addi	x0,x0,0	  x0:0x00000000
       29255000	      2924	80002654	00e15393	srli	x7,x2,0xe	  x2:0x00000409  x7=0x00000000
       29265000	      2925	80002658	0a292693	slti	x13,x18,162	 x18:0x00000000 x13=0x00000001
       29275000	      2926	8000265c	003ddcb3	srl	x25,x27,x3	 x27:0x0000038f  x3:0xe8aef000 x25=0x0000038f
       29285000	      2927	80002660	b5a9c293	xori	x5,x19,-1190	 x19:0x80008444  x5=0x7fff7f1e
       29295000	      2928	80002664	014b01b3	add	x3,x22,x20	 x22:0xe3f05428 x20:0x00000007  x3=0xe3f0542f
       29305000	      2929	80002668	0181c5b3	xor	x11,x3,x24	  x3:0xe3f0542f x24:0xffffffff x11=0x1c0fabd0
       29315000	      2930	8000266c	6147fd13	andi	x26,x15,1556	 x15:0x00000001 x26=0x00000000
       29325000	      2931	80002670	214e0a13	addi	x20,x28,532	 x28:0xce857127 x20=0xce85733b
       29335000	      2932	80002674	01719e93	slli	x29,x3,0x17	  x3:0xe3f0542f x29=0x17800000
       29345000	      2933	80002678	5970cd13	xori	x26,x1,1431	  x1:0x00000000 x26=0x00000597
       29355000	      2934	8000267c	dc244097	auipc	x1,0xdc244	  x1=0x5c246678
       29365000	      2935	80002680	40935013	srai	x0,x6,0x9	  x6:0x80009f78
       29375000	      2936	80002684	46176d93	ori	x27,x14,1121	 x14:0x61268550 x27=0x61268571
       29385000	      2937	80002688	411a5713	srai	x14,x20,0x11	 x20:0xce85733b x14=0xffffe742
       29395000	      2938	8000268c	9ad69597	auipc	x11,0x9ad69	 x11=0x1ad6b688
       29405000	      2939	80002690	2a682c93	slti	x25,x16,678	 x16:0x28c55000 x25=0x00000000
       29415000	      2940	80002694	2e95ba93	sltiu	x21,x11,745	 x11:0x1ad6b688 x21=0x00000000
       29425000	      2941	80002698	40905bb3	sra	x23,x0,x9	  x0:0x00000000  x9:0x80009fc4 x23=0x00000000
       29435000	      2942	8000269c	01fdd463	bge	x27,x31,800026a4	 x27:0x61268571 x31:0x00000002
       29445000	      2943	00000000	00000013	addi	x0,x0,0	  x0:0x00000000
       29455000	      2944	800026a0	00000013	addi	x0,x0,0	  x0:0x00000000
       29465000	      2945	800026a4	012f1293	slli	x5,x30,0x12	 x30:0x80009fc6  x5=0x7f180000
       29475000	      2946	800026a8	01819833	sll	x16,x3,x24	  x3:0xe3f0542f x24:0xffffffff x16=0x80000000
       29485000	      2947	800026ac	401dd9b3	sra	x19,x27,x1	 x27:0x61268571  x1:0x5c246678 x19=0x00000061
       29495000	      2948	800026b0	466fbf13	sltiu	x30,x31,1126	 x31:0x00000002 x30=0x00000001
       29505000	      2949	800026b4	da4b2a13	slti	x20,x22,-604	 x22:0xe3f05428 x20=0x00000001
       29515000	      2950	800026b8	009212b3	sll	x5,x4,x9	  x4:0x00000007  x9:0x80009fc4  x5=0x00000070
       29525000	      2951	800026bc	013af3b3	and	x7,x21,x19	 x21:0x00000000 x19:0x00000061  x7=0x00000000
       29535000	      2952	800026c0	82b6fc13	andi	x24,x13,-2005	 x13:0x00000001 x24=0x00000001
       29545000	      2953	800026c4	01cfc263	blt	x31,x28,800026c8	 x31:0x00000002 x28:0xce857127
       29555000	      2954	800026c8	05c48263	beq	x9,x28,8000270c	  x9:0x80009fc4 x28:0xce857127
       29565000	      2955	800026cc	42893393	sltiu	x7,x18,1064	 x18:0x00000000  x7=0x00000001
       29575000	      2956	800026d0	00abdab3	srl	x21,x23,x10	 x23:0x00000000 x10:0x00000000 x21=0x00000000
       29585000	      2957	800026d4	8acd3513	sltiu	x10,x26,-1876	 x26:0x00000597 x10=0x00000001
       29595000	      2958	800026d8	012bccb3	xor	x25,x23,x18	 x23:0x00000000 x18:0x00000000 x25=0x00000000
       29605000	      2959	800026dc	40c303b3	sub	x7,x6,x12	  x6:0x80009f78 x12:0x00000016  x7=0x80009f62
       29615000	      2960	800026e0	04e95863	bge	x18,x14,80002730	 x18:0x00000000 x14:0xffffe742
       29625000	      2961	00000000	00000013	addi	x0,x0,0	  x0:0x00000000
       29635000	      2962	8000272c	00000013	addi	x0,x0,0	  x0:0x00000000
       29645000	      2963	80002730	40a65793	srai	x15,x12,0xa	 x12:0x00000016 x15=0x00000000
       29655000	      2964	80002734	00d45993	srli	x19,x8,0xd	  x8:0x00000410 x19=0x00000000
       29665000	      2965	80002738	01ca5c93	srli	x25,x20,0x1c	 x20:0x00000001 x25=0x00000000
       29675000	      2966	8000273c	00ac5d33	srl	x26,x24,x10	 x24:0x00000001 x10:0x00000001 x26=0x00000000
       29685000	      2967	80002740	41985633	sra	x12,x16,x25	 x16:0x80000000 x25:0x00000000 x12=0x80000000
       29695000	      2968	80002744	03dd8463	beq	x27,x29,8000276c	 x27:0x61268571 x29:0x17800000
       29705000	      2969	80002748	40a9d0b3	sra	x1,x19,x10	 x19:0x00000000 x10:0x00000001  x1=0x00000000
       29715000	      2970	8000274c	0018ad33	slt	x26,x17,x1	 x17:0xb67ae360  x1:0x00000000 x26=0x00000001
       29725000	      2971	80002750	0169d433	srl	x8,x19,x22	 x19:0x00000000 x22:0xe3f05428  x8=0x00000000
       29735000	      2972	80002754	01497433	and	x8,x18,x20	 x18:0x00000000 x20:0x00000001  x8=0x00000000
       29745000	      2973	80002758	00f5a3b3	slt	x7,x11,x15	 x11:0x1ad6b688 x15:0x00000000  x7=0x00000000
       29755000	      2974	8000275c	788d5017	auipc	x0,0x788d5	
       29765000	      2975	80002760	89ca7613	andi	x12,x20,-1892	 x20:0x00000001 x12=0x00000000
       29775000	      2976	80002764	04941263	bne	x8,x9,800027a8	  x8:0x00000000  x9:0x80009fc4
       29785000	      2977	00000000	00000013	addi	x0,x0,0	  x0:0x00000000
       29795000	      2978	800027a4	00000013	addi	x0,x0,0	  x0:0x00000000
       29805000	      2979	800027a8	9c340093	addi	x1,x8,-1597	  x8:0x00000000  x1=0xfffff9c3
       29815000	      2980	800027ac	4165da93	srai	x21,x11,0x16	 x11:0x1ad6b688 x21=0x0000006b
       29825000	      2981	800027b0	045e9263	bne	x29,x5,800027f4	 x29:0x17800000  x5:0x00000070
       29835000	      2982	00000000	00000013	addi	x0,x0,0	  x0:0x00000000
       29845000	      2983	800027f0	00000013	addi	x0,x0,0	  x0:0x00000000
       29855000	      2984	800027f4	01af7033	and	x0,x30,x26	 x30:0x00000001 x26:0x00000001
       29865000	      2985	800027f8	2897f993	andi	x19,x15,649	 x15:0x00000000 x19=0x00000000
       29875000	      2986	800027fc	0039f263	bgeu	x19,x3,80002800	 x19:0x00000000  x3:0xe3f0542f
       29885000	      2987	80002800	00000013	addi	x0,x0,0	  x0:0x00000000
       29895000	      2988	80002804	03c4cc93	xori	x25,x9,60	  x9:0x80009fc4 x25=0x80009ff8
       29905000	      2989	80002808	01df0263	beq	x30,x29,8000280c	 x30:0x00000001 x29:0x17800000
       29915000	      2990	8000280c	409c0133	sub	x2,x24,x9	 x24:0x00000001  x9:0x80009fc4  x2=0x7fff603d
       29925000	      2991	80002810	9d307393	andi	x7,x0,-1581	  x0:0x00000000  x7=0x00000000
       29935000	      2992	80002814	40e752b3	sra	x5,x14,x14	 x14:0xffffe742 x14:0xffffe742  x5=0xfffff9d0
       29945000	      2993	80002818	4096d8b3	sra	x17,x13,x9	 x13:0x00000001  x9:0x80009fc4 x17=0x00000000
       29955000	      2994	8000281c	41360933	sub	x18,x12,x19	 x12:0x00000000 x19:0x00000000 x18=0x00000000
       29965000	      2995	80002820	319de213	ori	x4,x27,793	 x27:0x61268571  x4=0x61268779
       29975000	      2996	80002824	05f91663	bne	x18,x31,80002870	 x18:0x00000000 x31:0x00000002
       29985000	      2997	00000000	00000013	addi	x0,x0,0	  x0:0x00000000
       29995000	      2998	8000286c	00000013	addi	x0,x0,0	  x0:0x00000000
       30005000	      2999	80002870	40665db3	sra	x27,x12,x6	 x12:0x00000000  x6:0x80009f78 x27=0x00000000
       30015000	      3000	80002874	0193e263	bltu	x7,x25,80002878	  x7:0x00000000 x25:0x80009ff8
       30025000	      3001	00000000	00000013	addi	x0,x0,0	  x0:0x00000000
       30035000	      3002	80002874	00000013	addi	x0,x0,0	  x0:0x00000000
       30045000	      3003	80002878	9e7b4813	xori	x16,x22,-1561	 x22:0xe3f05428 x16=0x1c0fadcf
       30055000	      3004	8000287c	1419f593	andi	x11,x19,321	 x19:0x00000000 x11=0x00000000
       30065000	      3005	80002880	01769613	slli	x12,x13,0x17	 x13:0x00000001 x12=0x00800000
       30075000	      3006	80002884	00b84733	xor	x14,x16,x11	 x16:0x1c0fadcf x11:0x00000000 x14=0x1c0fadcf
       30085000	      3007	80002888	0595e863	bltu	x11,x25,800028d8	 x11:0x00000000 x25:0x80009ff8
       30095000	      3008	00000000	00000013	addi	x0,x0,0	  x0:0x00000000
       30105000	      3009	800028d4	00000013	addi	x0,x0,0	  x0:0x00000000
       30115000	      3010	800028d8	05c21263	bne	x4,x28,8000291c	  x4:0x61268779 x28:0xce857127
       30125000	      3011	00000000	00000013	addi	x0,x0,0	  x0:0x00000000
       30135000	      3012	80002918	00000013	addi	x0,x0,0	  x0:0x00000000
       30145000	      3013	8000291c	4198dd93	srai	x27,x17,0x19	 x17:0x00000000 x27=0x00000000
       30155000	      3014	80002920	002dc7b3	xor	x15,x27,x2	 x27:0x00000000  x2:0x7fff603d x15=0x7fff603d
       30165000	      3015	80002924	0096cfb3	xor	x31,x13,x9	 x13:0x00000001  x9:0x80009fc4 x31=0x80009fc5
       30175000	      3016	80002928	004166b3	or	x13,x2,x4	  x2:0x7fff603d  x4:0x61268779 x13=0x7fffe77d
       30185000	      3017	8000292c	8329c893	xori	x17,x19,-1998	 x19:0x00000000 x17=0xfffff832
       30195000	      3018	80002930	00432583	lw	x11,4(x6)	  x6:0x80009f78 x11=0x800012c8 PA:0x80009f7c
       30205000	      3019	80002934	01e390b3	sll	x1,x7,x30	  x7:0x00000000 x30:0x00000001  x1=0x00000000
       30215000	      3020	80002938	00c30313	addi	x6,x6,12	  x6:0x80009f78  x6=0x80009f84
       30225000	      3021	8000293c	00a367b3	or	x15,x6,x10	  x6:0x80009f84 x10:0x00000001 x15=0x80009f85
       30235000	      3022	80002940	002b3ab3	sltu	x21,x22,x2	 x22:0xe3f05428  x2:0x7fff603d x21=0x00000000
       30245000	      3023	80002944	44d52cb7	lui	x25,0x44d52	 x25=0x44d52000
       30255000	      3024	80002948	00158193	addi	x3,x11,1	 x11:0x800012c8  x3=0x800012c9
       30265000	      3025	8000294c	000181e7	jalr	x3,x3,0	  x3:0x800012c9  x3=0x8000294c
       30275000	      3026	00000000	00000013	addi	x0,x0,0	  x0:0x00000000
       30285000	      3027	800012c8	00000013	addi	x0,x0,0	  x0:0x00000000
       30295000	      3028	800012cc	40f7d5b3	sra	x11,x15,x15	 x15:0x80009f85 x15:0x80009f85 x11=0xfc0004fc
       30305000	      3029	800012d0	01c32033	slt	x0,x6,x28	  x6:0x80009f84 x28:0xce857127
       30315000	      3030	800012d4	059c7063	bgeu	x24,x25,80001314	 x24:0x00000001 x25:0x44d52000
       30325000	      3031	800012d8	408d5033	sra	x0,x26,x8	 x26:0x00000001  x8:0x00000000
       30335000	      3032	800012dc	0724c193	xori	x3,x9,114	  x9:0x80009fc4  x3=0x80009fb6
       30345000	      3033	800012e0	01d61513	slli	x10,x12,0x1d	 x12:0x00800000 x10=0x00000000
       30355000	      3034	800012e4	001a9f93	slli	x31,x21,0x1	 x21:0x00000000 x31=0x00000000
       30365000	      3035	800012e8	97f48b93	addi	x23,x9,-1665	  x9:0x80009fc4 x23=0x80009943
       30375000	      3036	800012ec	00851eb3	sll	x29,x10,x8	 x10:0x00000000  x8:0x00000000 x29=0x00000000
       30385000	      3037	800012f0	01732bb3	slt	x23,x6,x23	  x6:0x80009f84 x23:0x80009943 x23=0x00000000
       30395000	      3038	800012f4	001e7033	and	x0,x28,x1	 x28:0xce857127  x1:0x00000000
       30405000	      3039	800012f8	89ca48b7	lui	x17,0x89ca4	 x17=0x89ca4000
       30415000	      3040	800012fc	00baf263	bgeu	x21,x11,80001300	 x21:0x00000000 x11:0xfc0004fc
       30425000	      3041	80001300	f14e2793	slti	x15,x28,-236	 x28:0xce857127 x15=0x00000001
       30435000	      3042	80001304	011f06b3	add	x13,x30,x17	 x30:0x00000001 x17:0x89ca4000 x13=0x89ca4001
       30445000	      3043	80001308	0189cdb3	xor	x27,x19,x24	 x19:0x00000000 x24:0x00000001 x27=0x00000001
       30455000	      3044	8000130c	415f0db3	sub	x27,x30,x21	 x30:0x00000001 x21:0x00000000 x27=0x00000001
       30465000	      3045	80001310	0027b5b3	sltu	x11,x15,x2	 x15:0x00000001  x2:0x7fff603d x11=0x00000001
       30475000	      3046	80001314	6d6a0793	addi	x15,x20,1750	 x20:0x00000001 x15=0x000006d7
       30485000	      3047	80001318	00d7b733	sltu	x14,x15,x13	 x15:0x000006d7 x13:0x89ca4001 x14=0x00000001
       30495000	      3048	8000131c	002bd593	srli	x11,x23,0x2	 x23:0x00000000 x11=0x00000000
       30505000	      3049	80001320	aa200b13	addi	x22,x0,-1374	  x0:0x00000000 x22=0xfffffaa2
       30515000	      3050	80001324	0520c063	blt	x1,x18,80001364	  x1:0x00000000 x18:0x00000000
       30525000	      3051	80001328	83e9f893	andi	x17,x19,-1986	 x19:0x00000000 x17=0x00000000
       30535000	      3052	8000132c	0095a6b3	slt	x13,x11,x9	 x11:0x00000000  x9:0x80009fc4 x13=0x00000000
       30545000	      3053	80001330	00e56633	or	x12,x10,x14	 x10:0x00000000 x14:0x00000001 x12=0x00000001
       30555000	      3054	80001334	41095133	sra	x2,x18,x16	 x18:0x00000000 x16:0x1c0fadcf  x2=0x00000000
       30565000	      3055	80001338	00709f93	slli	x31,x1,0x7	  x1:0x00000000 x31=0x00000000
       30575000	      3056	8000133c	6e8be293	ori	x5,x23,1768	 x23:0x00000000  x5=0x000006e8
       30585000	      3057	80001340	0126a5b3	slt	x11,x13,x18	 x13:0x00000000 x18:0x00000000 x11=0x00000000
       30595000	      3058	80001344	00d11b93	slli	x23,x2,0xd	  x2:0x00000000 x23=0x00000000
       30605000	      3059	80001348	00cfd6b3	srl	x13,x31,x12	 x31:0x00000000 x12:0x00000001 x13=0x00000000
       30615000	      3060	8000134c	01519093	slli	x1,x3,0x15	  x3:0x80009fb6  x1=0xf6c00000
       30625000	      3061	80001350	9e830013	addi	x0,x6,-1560	  x6:0x80009f84
       30635000	      3062	80001354	00577db3	and	x27,x14,x5	 x14:0x00000001  x5:0x000006e8 x27=0x00000000
       30645000	      3063	80001358	9d176d13	ori	x26,x14,-1583	 x14:0x00000001 x26=0xfffff9d1
       30655000	      3064	8000135c	003539b3	sltu	x19,x10,x3	 x10:0x00000000  x3:0x80009fb6 x19=0x00000001
       30665000	      3065	80001360	009a4eb3	xor	x29,x20,x9	 x20:0x00000001  x9:0x80009fc4 x29=0x80009fc5
       30675000	      3066	80001364	7404a693	slti	x13,x9,1856	  x9:0x80009fc4 x13=0x00000001
       30685000	      3067	80001368	401f5613	srai	x12,x30,0x1	 x30:0x00000001 x12=0x00000000
       30695000	      3068	8000136c	01d0b7b3	sltu	x15,x1,x29	  x1:0xf6c00000 x29:0x80009fc5 x15=0x00000000
       30705000	      3069	80001370	00845093	srli	x1,x8,0x8	  x8:0x00000000  x1=0x00000000
       30715000	      3070	80001374	08109663	bne	x1,x1,80001400	  x1:0x00000000  x1:0x00000000
       30725000	      3071	80001378	00500613	addi	x12,x0,5	  x0:0x00000000 x12=0x00000005
       30735000	      3072	8000137c	012f6f33	or	x30,x30,x18	 x30:0x00000001 x18:0x00000000 x30=0x00000001
       30745000	      3073	80001380	00e00f93	addi	x31,x0,14	  x0:0x00000000 x31=0x0000000e
       30755000	      3074	80001384	72e9c793	xori	x15,x19,1838	 x19:0x00000001 x15=0x0000072f
       30765000	      3075	80001388	82209c17	auipc	x24,0x82209	 x24=0x0220a384
       30775000	      3076	8000138c	009be2b3	or	x5,x23,x9	 x23:0x00000000  x9:0x80009fc4  x5=0x80009fc4
       30785000	      3077	80001390	de638f13	addi	x30,x7,-538	  x7:0x00000000 x30=0xfffffde6
       30795000	      3078	80001394	00160613	addi	x12,x12,1	 x12:0x00000005 x12=0x00000006
       30805000	      3079	80001398	ff600693	addi	x13,x0,-10	  x0:0x00000000 x13=0xfffffff6
       30815000	      3080	8000139c	29de18b7	lui	x17,0x29de1	 x17=0x29de1000
       30825000	      3081	800013a0	fec00213	addi	x4,x0,-20	  x0:0x00000000  x4=0xffffffec
       30835000	      3082	800013a4	002b5133	srl	x2,x22,x2	 x22:0xfffffaa2  x2:0x00000000  x2=0xfffffaa2
       30845000	      3083	800013a8	97141d97	auipc	x27,0x97141	 x27=0x171423a4
       30855000	      3084	800013ac	ffd68693	addi	x13,x13,-3	 x13:0xfffffff6 x13=0xfffffff3
       30865000	      3085	800013b0	01687c33	and	x24,x16,x22	 x16:0x1c0fadcf x22:0xfffffaa2 x24=0x1c0fa882
       30875000	      3086	800013b4	fe46dae3	bge	x13,x4,800013a8	 x13:0xfffffff3  x4:0xffffffec
       30885000	      3087	00000000	00000013	addi	x0,x0,0	  x0:0x00000000
       30895000	      3088	800013a4	00000013	addi	x0,x0,0	  x0:0x00000000
       30905000	      3089	800013a8	97141d97	auipc	x27,0x97141	 x27=0x171423a4
       30915000	      3090	800013ac	ffd68693	addi	x13,x13,-3	 x13:0xfffffff3 x13=0xfffffff0
       30925000	      3091	800013b0	01687c33	and	x24,x16,x22	 x16:0x1c0fadcf x22:0xfffffaa2 x24=0x1c0fa882
       30935000	      3092	800013b4	fe46dae3	bge	x13,x4,800013a8	 x13:0xfffffff0  x4:0xffffffec
       30945000	      3093	00000000	00000013	addi	x0,x0,0	  x0:0x00000000
       30955000	      3094	800013a4	00000013	addi	x0,x0,0	  x0:0x00000000
       30965000	      3095	800013a8	97141d97	auipc	x27,0x97141	 x27=0x171423a4
       30975000	      3096	800013ac	ffd68693	addi	x13,x13,-3	 x13:0xfffffff0 x13=0xffffffed
       30985000	      3097	800013b0	01687c33	and	x24,x16,x22	 x16:0x1c0fadcf x22:0xfffffaa2 x24=0x1c0fa882
       30995000	      3098	800013b4	fe46dae3	bge	x13,x4,800013a8	 x13:0xffffffed  x4:0xffffffec
       31005000	      3099	00000000	00000013	addi	x0,x0,0	  x0:0x00000000
       31015000	      3100	800013a4	00000013	addi	x0,x0,0	  x0:0x00000000
       31025000	      3101	800013a8	97141d97	auipc	x27,0x97141	 x27=0x171423a4
       31035000	      3102	800013ac	ffd68693	addi	x13,x13,-3	 x13:0xffffffed x13=0xffffffea
       31045000	      3103	800013b0	01687c33	and	x24,x16,x22	 x16:0x1c0fadcf x22:0xfffffaa2 x24=0x1c0fa882
       31055000	      3104	800013b4	fe46dae3	bge	x13,x4,800013a8	 x13:0xffffffea  x4:0xffffffec
       31065000	      3105	800013b8	c795ed13	ori	x26,x11,-903	 x11:0x00000000 x26=0xfffffc79
       31075000	      3106	800013bc	fdf666e3	bltu	x12,x31,80001388	 x12:0x00000006 x31:0x0000000e
       31085000	      3107	00000000	00000013	addi	x0,x0,0	  x0:0x00000000
       31095000	      3108	80001384	00000013	addi	x0,x0,0	  x0:0x00000000
       31105000	      3109	80001388	82209c17	auipc	x24,0x82209	 x24=0x0220a384
       31115000	      3110	8000138c	009be2b3	or	x5,x23,x9	 x23:0x00000000  x9:0x80009fc4  x5=0x80009fc4
       31125000	      3111	80001390	de638f13	addi	x30,x7,-538	  x7:0x00000000 x30=0xfffffde6
       31135000	      3112	80001394	00160613	addi	x12,x12,1	 x12:0x00000006 x12=0x00000007
       31145000	      3113	80001398	ff600693	addi	x13,x0,-10	  x0:0x00000000 x13=0xfffffff6
       31155000	      3114	8000139c	29de18b7	lui	x17,0x29de1	 x17=0x29de1000
       31165000	      3115	800013a0	fec00213	addi	x4,x0,-20	  x0:0x00000000  x4=0xffffffec
       31175000	      3116	800013a4	002b5133	srl	x2,x22,x2	 x22:0xfffffaa2  x2:0xfffffaa2  x2=0x3ffffea8
       31185000	      3117	800013a8	97141d97	auipc	x27,0x97141	 x27=0x171423a4
       31195000	      3118	800013ac	ffd68693	addi	x13,x13,-3	 x13:0xfffffff6 x13=0xfffffff3
       31205000	      3119	800013b0	01687c33	and	x24,x16,x22	 x16:0x1c0fadcf x22:0xfffffaa2 x24=0x1c0fa882
       31215000	      3120	800013b4	fe46dae3	bge	x13,x4,800013a8	 x13:0xfffffff3  x4:0xffffffec
       31225000	      3121	00000000	00000013	addi	x0,x0,0	  x0:0x00000000
       31235000	      3122	800013a4	00000013	addi	x0,x0,0	  x0:0x00000000
       31245000	      3123	800013a8	97141d97	auipc	x27,0x97141	 x27=0x171423a4
       31255000	      3124	800013ac	ffd68693	addi	x13,x13,-3	 x13:0xfffffff3 x13=0xfffffff0
       31265000	      3125	800013b0	01687c33	and	x24,x16,x22	 x16:0x1c0fadcf x22:0xfffffaa2 x24=0x1c0fa882
       31275000	      3126	800013b4	fe46dae3	bge	x13,x4,800013a8	 x13:0xfffffff0  x4:0xffffffec
       31285000	      3127	00000000	00000013	addi	x0,x0,0	  x0:0x00000000
       31295000	      3128	800013a4	00000013	addi	x0,x0,0	  x0:0x00000000
       31305000	      3129	800013a8	97141d97	auipc	x27,0x97141	 x27=0x171423a4
       31315000	      3130	800013ac	ffd68693	addi	x13,x13,-3	 x13:0xfffffff0 x13=0xffffffed
       31325000	      3131	800013b0	01687c33	and	x24,x16,x22	 x16:0x1c0fadcf x22:0xfffffaa2 x24=0x1c0fa882
       31335000	      3132	800013b4	fe46dae3	bge	x13,x4,800013a8	 x13:0xffffffed  x4:0xffffffec
       31345000	      3133	00000000	00000013	addi	x0,x0,0	  x0:0x00000000
       31355000	      3134	800013a4	00000013	addi	x0,x0,0	  x0:0x00000000
       31365000	      3135	800013a8	97141d97	auipc	x27,0x97141	 x27=0x171423a4
       31375000	      3136	800013ac	ffd68693	addi	x13,x13,-3	 x13:0xffffffed x13=0xffffffea
       31385000	      3137	800013b0	01687c33	and	x24,x16,x22	 x16:0x1c0fadcf x22:0xfffffaa2 x24=0x1c0fa882
       31395000	      3138	800013b4	fe46dae3	bge	x13,x4,800013a8	 x13:0xffffffea  x4:0xffffffec
       31405000	      3139	800013b8	c795ed13	ori	x26,x11,-903	 x11:0x00000000 x26=0xfffffc79
       31415000	      3140	800013bc	fdf666e3	bltu	x12,x31,80001388	 x12:0x00000007 x31:0x0000000e
       31425000	      3141	00000000	00000013	addi	x0,x0,0	  x0:0x00000000
       31435000	      3142	80001384	00000013	addi	x0,x0,0	  x0:0x00000000
       31445000	      3143	80001388	82209c17	auipc	x24,0x82209	 x24=0x0220a384
       31455000	      3144	8000138c	009be2b3	or	x5,x23,x9	 x23:0x00000000  x9:0x80009fc4  x5=0x80009fc4
       31465000	      3145	80001390	de638f13	addi	x30,x7,-538	  x7:0x00000000 x30=0xfffffde6
       31475000	      3146	80001394	00160613	addi	x12,x12,1	 x12:0x00000007 x12=0x00000008
       31485000	      3147	80001398	ff600693	addi	x13,x0,-10	  x0:0x00000000 x13=0xfffffff6
       31495000	      3148	8000139c	29de18b7	lui	x17,0x29de1	 x17=0x29de1000
       31505000	      3149	800013a0	fec00213	addi	x4,x0,-20	  x0:0x00000000  x4=0xffffffec
       31515000	      3150	800013a4	002b5133	srl	x2,x22,x2	 x22:0xfffffaa2  x2:0x3ffffea8  x2=0x00fffffa
       31525000	      3151	800013a8	97141d97	auipc	x27,0x97141	 x27=0x171423a4
       31535000	      3152	800013ac	ffd68693	addi	x13,x13,-3	 x13:0xfffffff6 x13=0xfffffff3
       31545000	      3153	800013b0	01687c33	and	x24,x16,x22	 x16:0x1c0fadcf x22:0xfffffaa2 x24=0x1c0fa882
       31555000	      3154	800013b4	fe46dae3	bge	x13,x4,800013a8	 x13:0xfffffff3  x4:0xffffffec
       31565000	      3155	00000000	00000013	addi	x0,x0,0	  x0:0x00000000
       31575000	      3156	800013a4	00000013	addi	x0,x0,0	  x0:0x00000000
       31585000	      3157	800013a8	97141d97	auipc	x27,0x97141	 x27=0x171423a4
       31595000	      3158	800013ac	ffd68693	addi	x13,x13,-3	 x13:0xfffffff3 x13=0xfffffff0
       31605000	      3159	800013b0	01687c33	and	x24,x16,x22	 x16:0x1c0fadcf x22:0xfffffaa2 x24=0x1c0fa882
       31615000	      3160	800013b4	fe46dae3	bge	x13,x4,800013a8	 x13:0xfffffff0  x4:0xffffffec
       31625000	      3161	00000000	00000013	addi	x0,x0,0	  x0:0x00000000
       31635000	      3162	800013a4	00000013	addi	x0,x0,0	  x0:0x00000000
       31645000	      3163	800013a8	97141d97	auipc	x27,0x97141	 x27=0x171423a4
       31655000	      3164	800013ac	ffd68693	addi	x13,x13,-3	 x13:0xfffffff0 x13=0xffffffed
       31665000	      3165	800013b0	01687c33	and	x24,x16,x22	 x16:0x1c0fadcf x22:0xfffffaa2 x24=0x1c0fa882
       31675000	      3166	800013b4	fe46dae3	bge	x13,x4,800013a8	 x13:0xffffffed  x4:0xffffffec
       31685000	      3167	00000000	00000013	addi	x0,x0,0	  x0:0x00000000
       31695000	      3168	800013a4	00000013	addi	x0,x0,0	  x0:0x00000000
       31705000	      3169	800013a8	97141d97	auipc	x27,0x97141	 x27=0x171423a4
       31715000	      3170	800013ac	ffd68693	addi	x13,x13,-3	 x13:0xffffffed x13=0xffffffea
       31725000	      3171	800013b0	01687c33	and	x24,x16,x22	 x16:0x1c0fadcf x22:0xfffffaa2 x24=0x1c0fa882
       31735000	      3172	800013b4	fe46dae3	bge	x13,x4,800013a8	 x13:0xffffffea  x4:0xffffffec
       31745000	      3173	800013b8	c795ed13	ori	x26,x11,-903	 x11:0x00000000 x26=0xfffffc79
       31755000	      3174	800013bc	fdf666e3	bltu	x12,x31,80001388	 x12:0x00000008 x31:0x0000000e
       31765000	      3175	00000000	00000013	addi	x0,x0,0	  x0:0x00000000
       31775000	      3176	80001384	00000013	addi	x0,x0,0	  x0:0x00000000
       31785000	      3177	80001388	82209c17	auipc	x24,0x82209	 x24=0x0220a384
       31795000	      3178	8000138c	009be2b3	or	x5,x23,x9	 x23:0x00000000  x9:0x80009fc4  x5=0x80009fc4
       31805000	      3179	80001390	de638f13	addi	x30,x7,-538	  x7:0x00000000 x30=0xfffffde6
       31815000	      3180	80001394	00160613	addi	x12,x12,1	 x12:0x00000008 x12=0x00000009
       31825000	      3181	80001398	ff600693	addi	x13,x0,-10	  x0:0x00000000 x13=0xfffffff6
       31835000	      3182	8000139c	29de18b7	lui	x17,0x29de1	 x17=0x29de1000
       31845000	      3183	800013a0	fec00213	addi	x4,x0,-20	  x0:0x00000000  x4=0xffffffec
       31855000	      3184	800013a4	002b5133	srl	x2,x22,x2	 x22:0xfffffaa2  x2:0x00fffffa  x2=0x0000003f
       31865000	      3185	800013a8	97141d97	auipc	x27,0x97141	 x27=0x171423a4
       31875000	      3186	800013ac	ffd68693	addi	x13,x13,-3	 x13:0xfffffff6 x13=0xfffffff3
       31885000	      3187	800013b0	01687c33	and	x24,x16,x22	 x16:0x1c0fadcf x22:0xfffffaa2 x24=0x1c0fa882
       31895000	      3188	800013b4	fe46dae3	bge	x13,x4,800013a8	 x13:0xfffffff3  x4:0xffffffec
       31905000	      3189	00000000	00000013	addi	x0,x0,0	  x0:0x00000000
       31915000	      3190	800013a4	00000013	addi	x0,x0,0	  x0:0x00000000
       31925000	      3191	800013a8	97141d97	auipc	x27,0x97141	 x27=0x171423a4
       31935000	      3192	800013ac	ffd68693	addi	x13,x13,-3	 x13:0xfffffff3 x13=0xfffffff0
       31945000	      3193	800013b0	01687c33	and	x24,x16,x22	 x16:0x1c0fadcf x22:0xfffffaa2 x24=0x1c0fa882
       31955000	      3194	800013b4	fe46dae3	bge	x13,x4,800013a8	 x13:0xfffffff0  x4:0xffffffec
       31965000	      3195	00000000	00000013	addi	x0,x0,0	  x0:0x00000000
       31975000	      3196	800013a4	00000013	addi	x0,x0,0	  x0:0x00000000
       31985000	      3197	800013a8	97141d97	auipc	x27,0x97141	 x27=0x171423a4
       31995000	      3198	800013ac	ffd68693	addi	x13,x13,-3	 x13:0xfffffff0 x13=0xffffffed
       32005000	      3199	800013b0	01687c33	and	x24,x16,x22	 x16:0x1c0fadcf x22:0xfffffaa2 x24=0x1c0fa882
       32015000	      3200	800013b4	fe46dae3	bge	x13,x4,800013a8	 x13:0xffffffed  x4:0xffffffec
       32025000	      3201	00000000	00000013	addi	x0,x0,0	  x0:0x00000000
       32035000	      3202	800013a4	00000013	addi	x0,x0,0	  x0:0x00000000
       32045000	      3203	800013a8	97141d97	auipc	x27,0x97141	 x27=0x171423a4
       32055000	      3204	800013ac	ffd68693	addi	x13,x13,-3	 x13:0xffffffed x13=0xffffffea
       32065000	      3205	800013b0	01687c33	and	x24,x16,x22	 x16:0x1c0fadcf x22:0xfffffaa2 x24=0x1c0fa882
       32075000	      3206	800013b4	fe46dae3	bge	x13,x4,800013a8	 x13:0xffffffea  x4:0xffffffec
       32085000	      3207	800013b8	c795ed13	ori	x26,x11,-903	 x11:0x00000000 x26=0xfffffc79
       32095000	      3208	800013bc	fdf666e3	bltu	x12,x31,80001388	 x12:0x00000009 x31:0x0000000e
       32105000	      3209	00000000	00000013	addi	x0,x0,0	  x0:0x00000000
       32115000	      3210	80001384	00000013	addi	x0,x0,0	  x0:0x00000000
       32125000	      3211	80001388	82209c17	auipc	x24,0x82209	 x24=0x0220a384
       32135000	      3212	8000138c	009be2b3	or	x5,x23,x9	 x23:0x00000000  x9:0x80009fc4  x5=0x80009fc4
       32145000	      3213	80001390	de638f13	addi	x30,x7,-538	  x7:0x00000000 x30=0xfffffde6
       32155000	      3214	80001394	00160613	addi	x12,x12,1	 x12:0x00000009 x12=0x0000000a
       32165000	      3215	80001398	ff600693	addi	x13,x0,-10	  x0:0x00000000 x13=0xfffffff6
       32175000	      3216	8000139c	29de18b7	lui	x17,0x29de1	 x17=0x29de1000
       32185000	      3217	800013a0	fec00213	addi	x4,x0,-20	  x0:0x00000000  x4=0xffffffec
       32195000	      3218	800013a4	002b5133	srl	x2,x22,x2	 x22:0xfffffaa2  x2:0x0000003f  x2=0x00000001
       32205000	      3219	800013a8	97141d97	auipc	x27,0x97141	 x27=0x171423a4
       32215000	      3220	800013ac	ffd68693	addi	x13,x13,-3	 x13:0xfffffff6 x13=0xfffffff3
       32225000	      3221	800013b0	01687c33	and	x24,x16,x22	 x16:0x1c0fadcf x22:0xfffffaa2 x24=0x1c0fa882
       32235000	      3222	800013b4	fe46dae3	bge	x13,x4,800013a8	 x13:0xfffffff3  x4:0xffffffec
       32245000	      3223	00000000	00000013	addi	x0,x0,0	  x0:0x00000000
       32255000	      3224	800013a4	00000013	addi	x0,x0,0	  x0:0x00000000
       32265000	      3225	800013a8	97141d97	auipc	x27,0x97141	 x27=0x171423a4
       32275000	      3226	800013ac	ffd68693	addi	x13,x13,-3	 x13:0xfffffff3 x13=0xfffffff0
       32285000	      3227	800013b0	01687c33	and	x24,x16,x22	 x16:0x1c0fadcf x22:0xfffffaa2 x24=0x1c0fa882
       32295000	      3228	800013b4	fe46dae3	bge	x13,x4,800013a8	 x13:0xfffffff0  x4:0xffffffec
       32305000	      3229	00000000	00000013	addi	x0,x0,0	  x0:0x00000000
       32315000	      3230	800013a4	00000013	addi	x0,x0,0	  x0:0x00000000
       32325000	      3231	800013a8	97141d97	auipc	x27,0x97141	 x27=0x171423a4
       32335000	      3232	800013ac	ffd68693	addi	x13,x13,-3	 x13:0xfffffff0 x13=0xffffffed
       32345000	      3233	800013b0	01687c33	and	x24,x16,x22	 x16:0x1c0fadcf x22:0xfffffaa2 x24=0x1c0fa882
       32355000	      3234	800013b4	fe46dae3	bge	x13,x4,800013a8	 x13:0xffffffed  x4:0xffffffec
       32365000	      3235	00000000	00000013	addi	x0,x0,0	  x0:0x00000000
       32375000	      3236	800013a4	00000013	addi	x0,x0,0	  x0:0x00000000
       32385000	      3237	800013a8	97141d97	auipc	x27,0x97141	 x27=0x171423a4
       32395000	      3238	800013ac	ffd68693	addi	x13,x13,-3	 x13:0xffffffed x13=0xffffffea
       32405000	      3239	800013b0	01687c33	and	x24,x16,x22	 x16:0x1c0fadcf x22:0xfffffaa2 x24=0x1c0fa882
       32415000	      3240	800013b4	fe46dae3	bge	x13,x4,800013a8	 x13:0xffffffea  x4:0xffffffec
       32425000	      3241	800013b8	c795ed13	ori	x26,x11,-903	 x11:0x00000000 x26=0xfffffc79
       32435000	      3242	800013bc	fdf666e3	bltu	x12,x31,80001388	 x12:0x0000000a x31:0x0000000e
       32445000	      3243	00000000	00000013	addi	x0,x0,0	  x0:0x00000000
       32455000	      3244	80001384	00000013	addi	x0,x0,0	  x0:0x00000000
       32465000	      3245	80001388	82209c17	auipc	x24,0x82209	 x24=0x0220a384
       32475000	      3246	8000138c	009be2b3	or	x5,x23,x9	 x23:0x00000000  x9:0x80009fc4  x5=0x80009fc4
       32485000	      3247	80001390	de638f13	addi	x30,x7,-538	  x7:0x00000000 x30=0xfffffde6
       32495000	      3248	80001394	00160613	addi	x12,x12,1	 x12:0x0000000a x12=0x0000000b
       32505000	      3249	80001398	ff600693	addi	x13,x0,-10	  x0:0x00000000 x13=0xfffffff6
       32515000	      3250	8000139c	29de18b7	lui	x17,0x29de1	 x17=0x29de1000
       32525000	      3251	800013a0	fec00213	addi	x4,x0,-20	  x0:0x00000000  x4=0xffffffec
       32535000	      3252	800013a4	002b5133	srl	x2,x22,x2	 x22:0xfffffaa2  x2:0x00000001  x2=0x7ffffd51
       32545000	      3253	800013a8	97141d97	auipc	x27,0x97141	 x27=0x171423a4
       32555000	      3254	800013ac	ffd68693	addi	x13,x13,-3	 x13:0xfffffff6 x13=0xfffffff3
       32565000	      3255	800013b0	01687c33	and	x24,x16,x22	 x16:0x1c0fadcf x22:0xfffffaa2 x24=0x1c0fa882
       32575000	      3256	800013b4	fe46dae3	bge	x13,x4,800013a8	 x13:0xfffffff3  x4:0xffffffec
       32585000	      3257	00000000	00000013	addi	x0,x0,0	  x0:0x00000000
       32595000	      3258	800013a4	00000013	addi	x0,x0,0	  x0:0x00000000
       32605000	      3259	800013a8	97141d97	auipc	x27,0x97141	 x27=0x171423a4
       32615000	      3260	800013ac	ffd68693	addi	x13,x13,-3	 x13:0xfffffff3 x13=0xfffffff0
       32625000	      3261	800013b0	01687c33	and	x24,x16,x22	 x16:0x1c0fadcf x22:0xfffffaa2 x24=0x1c0fa882
       32635000	      3262	800013b4	fe46dae3	bge	x13,x4,800013a8	 x13:0xfffffff0  x4:0xffffffec
       32645000	      3263	00000000	00000013	addi	x0,x0,0	  x0:0x00000000
       32655000	      3264	800013a4	00000013	addi	x0,x0,0	  x0:0x00000000
       32665000	      3265	800013a8	97141d97	auipc	x27,0x97141	 x27=0x171423a4
       32675000	      3266	800013ac	ffd68693	addi	x13,x13,-3	 x13:0xfffffff0 x13=0xffffffed
       32685000	      3267	800013b0	01687c33	and	x24,x16,x22	 x16:0x1c0fadcf x22:0xfffffaa2 x24=0x1c0fa882
       32695000	      3268	800013b4	fe46dae3	bge	x13,x4,800013a8	 x13:0xffffffed  x4:0xffffffec
       32705000	      3269	00000000	00000013	addi	x0,x0,0	  x0:0x00000000
       32715000	      3270	800013a4	00000013	addi	x0,x0,0	  x0:0x00000000
       32725000	      3271	800013a8	97141d97	auipc	x27,0x97141	 x27=0x171423a4
       32735000	      3272	800013ac	ffd68693	addi	x13,x13,-3	 x13:0xffffffed x13=0xffffffea
       32745000	      3273	800013b0	01687c33	and	x24,x16,x22	 x16:0x1c0fadcf x22:0xfffffaa2 x24=0x1c0fa882
       32755000	      3274	800013b4	fe46dae3	bge	x13,x4,800013a8	 x13:0xffffffea  x4:0xffffffec
       32765000	      3275	800013b8	c795ed13	ori	x26,x11,-903	 x11:0x00000000 x26=0xfffffc79
       32775000	      3276	800013bc	fdf666e3	bltu	x12,x31,80001388	 x12:0x0000000b x31:0x0000000e
       32785000	      3277	00000000	00000013	addi	x0,x0,0	  x0:0x00000000
       32795000	      3278	80001384	00000013	addi	x0,x0,0	  x0:0x00000000
       32805000	      3279	80001388	82209c17	auipc	x24,0x82209	 x24=0x0220a384
       32815000	      3280	8000138c	009be2b3	or	x5,x23,x9	 x23:0x00000000  x9:0x80009fc4  x5=0x80009fc4
       32825000	      3281	80001390	de638f13	addi	x30,x7,-538	  x7:0x00000000 x30=0xfffffde6
       32835000	      3282	80001394	00160613	addi	x12,x12,1	 x12:0x0000000b x12=0x0000000c
       32845000	      3283	80001398	ff600693	addi	x13,x0,-10	  x0:0x00000000 x13=0xfffffff6
       32855000	      3284	8000139c	29de18b7	lui	x17,0x29de1	 x17=0x29de1000
       32865000	      3285	800013a0	fec00213	addi	x4,x0,-20	  x0:0x00000000  x4=0xffffffec
       32875000	      3286	800013a4	002b5133	srl	x2,x22,x2	 x22:0xfffffaa2  x2:0x7ffffd51  x2=0x00007fff
       32885000	      3287	800013a8	97141d97	auipc	x27,0x97141	 x27=0x171423a4
       32895000	      3288	800013ac	ffd68693	addi	x13,x13,-3	 x13:0xfffffff6 x13=0xfffffff3
       32905000	      3289	800013b0	01687c33	and	x24,x16,x22	 x16:0x1c0fadcf x22:0xfffffaa2 x24=0x1c0fa882
       32915000	      3290	800013b4	fe46dae3	bge	x13,x4,800013a8	 x13:0xfffffff3  x4:0xffffffec
       32925000	      3291	00000000	00000013	addi	x0,x0,0	  x0:0x00000000
       32935000	      3292	800013a4	00000013	addi	x0,x0,0	  x0:0x00000000
       32945000	      3293	800013a8	97141d97	auipc	x27,0x97141	 x27=0x171423a4
       32955000	      3294	800013ac	ffd68693	addi	x13,x13,-3	 x13:0xfffffff3 x13=0xfffffff0
       32965000	      3295	800013b0	01687c33	and	x24,x16,x22	 x16:0x1c0fadcf x22:0xfffffaa2 x24=0x1c0fa882
       32975000	      3296	800013b4	fe46dae3	bge	x13,x4,800013a8	 x13:0xfffffff0  x4:0xffffffec
       32985000	      3297	00000000	00000013	addi	x0,x0,0	  x0:0x00000000
       32995000	      3298	800013a4	00000013	addi	x0,x0,0	  x0:0x00000000
       33005000	      3299	800013a8	97141d97	auipc	x27,0x97141	 x27=0x171423a4
       33015000	      3300	800013ac	ffd68693	addi	x13,x13,-3	 x13:0xfffffff0 x13=0xffffffed
       33025000	      3301	800013b0	01687c33	and	x24,x16,x22	 x16:0x1c0fadcf x22:0xfffffaa2 x24=0x1c0fa882
       33035000	      3302	800013b4	fe46dae3	bge	x13,x4,800013a8	 x13:0xffffffed  x4:0xffffffec
       33045000	      3303	00000000	00000013	addi	x0,x0,0	  x0:0x00000000
       33055000	      3304	800013a4	00000013	addi	x0,x0,0	  x0:0x00000000
       33065000	      3305	800013a8	97141d97	auipc	x27,0x97141	 x27=0x171423a4
       33075000	      3306	800013ac	ffd68693	addi	x13,x13,-3	 x13:0xffffffed x13=0xffffffea
       33085000	      3307	800013b0	01687c33	and	x24,x16,x22	 x16:0x1c0fadcf x22:0xfffffaa2 x24=0x1c0fa882
       33095000	      3308	800013b4	fe46dae3	bge	x13,x4,800013a8	 x13:0xffffffea  x4:0xffffffec
       33105000	      3309	800013b8	c795ed13	ori	x26,x11,-903	 x11:0x00000000 x26=0xfffffc79
       33115000	      3310	800013bc	fdf666e3	bltu	x12,x31,80001388	 x12:0x0000000c x31:0x0000000e
       33125000	      3311	00000000	00000013	addi	x0,x0,0	  x0:0x00000000
       33135000	      3312	80001384	00000013	addi	x0,x0,0	  x0:0x00000000
       33145000	      3313	80001388	82209c17	auipc	x24,0x82209	 x24=0x0220a384
       33155000	      3314	8000138c	009be2b3	or	x5,x23,x9	 x23:0x00000000  x9:0x80009fc4  x5=0x80009fc4
       33165000	      3315	80001390	de638f13	addi	x30,x7,-538	  x7:0x00000000 x30=0xfffffde6
       33175000	      3316	80001394	00160613	addi	x12,x12,1	 x12:0x0000000c x12=0x0000000d
       33185000	      3317	80001398	ff600693	addi	x13,x0,-10	  x0:0x00000000 x13=0xfffffff6
       33195000	      3318	8000139c	29de18b7	lui	x17,0x29de1	 x17=0x29de1000
       33205000	      3319	800013a0	fec00213	addi	x4,x0,-20	  x0:0x00000000  x4=0xffffffec
       33215000	      3320	800013a4	002b5133	srl	x2,x22,x2	 x22:0xfffffaa2  x2:0x00007fff  x2=0x00000001
       33225000	      3321	800013a8	97141d97	auipc	x27,0x97141	 x27=0x171423a4
       33235000	      3322	800013ac	ffd68693	addi	x13,x13,-3	 x13:0xfffffff6 x13=0xfffffff3
       33245000	      3323	800013b0	01687c33	and	x24,x16,x22	 x16:0x1c0fadcf x22:0xfffffaa2 x24=0x1c0fa882
       33255000	      3324	800013b4	fe46dae3	bge	x13,x4,800013a8	 x13:0xfffffff3  x4:0xffffffec
       33265000	      3325	00000000	00000013	addi	x0,x0,0	  x0:0x00000000
       33275000	      3326	800013a4	00000013	addi	x0,x0,0	  x0:0x00000000
       33285000	      3327	800013a8	97141d97	auipc	x27,0x97141	 x27=0x171423a4
       33295000	      3328	800013ac	ffd68693	addi	x13,x13,-3	 x13:0xfffffff3 x13=0xfffffff0
       33305000	      3329	800013b0	01687c33	and	x24,x16,x22	 x16:0x1c0fadcf x22:0xfffffaa2 x24=0x1c0fa882
       33315000	      3330	800013b4	fe46dae3	bge	x13,x4,800013a8	 x13:0xfffffff0  x4:0xffffffec
       33325000	      3331	00000000	00000013	addi	x0,x0,0	  x0:0x00000000
       33335000	      3332	800013a4	00000013	addi	x0,x0,0	  x0:0x00000000
       33345000	      3333	800013a8	97141d97	auipc	x27,0x97141	 x27=0x171423a4
       33355000	      3334	800013ac	ffd68693	addi	x13,x13,-3	 x13:0xfffffff0 x13=0xffffffed
       33365000	      3335	800013b0	01687c33	and	x24,x16,x22	 x16:0x1c0fadcf x22:0xfffffaa2 x24=0x1c0fa882
       33375000	      3336	800013b4	fe46dae3	bge	x13,x4,800013a8	 x13:0xffffffed  x4:0xffffffec
       33385000	      3337	00000000	00000013	addi	x0,x0,0	  x0:0x00000000
       33395000	      3338	800013a4	00000013	addi	x0,x0,0	  x0:0x00000000
       33405000	      3339	800013a8	97141d97	auipc	x27,0x97141	 x27=0x171423a4
       33415000	      3340	800013ac	ffd68693	addi	x13,x13,-3	 x13:0xffffffed x13=0xffffffea
       33425000	      3341	800013b0	01687c33	and	x24,x16,x22	 x16:0x1c0fadcf x22:0xfffffaa2 x24=0x1c0fa882
       33435000	      3342	800013b4	fe46dae3	bge	x13,x4,800013a8	 x13:0xffffffea  x4:0xffffffec
       33445000	      3343	800013b8	c795ed13	ori	x26,x11,-903	 x11:0x00000000 x26=0xfffffc79
       33455000	      3344	800013bc	fdf666e3	bltu	x12,x31,80001388	 x12:0x0000000d x31:0x0000000e
       33465000	      3345	00000000	00000013	addi	x0,x0,0	  x0:0x00000000
       33475000	      3346	80001384	00000013	addi	x0,x0,0	  x0:0x00000000
       33485000	      3347	80001388	82209c17	auipc	x24,0x82209	 x24=0x0220a384
       33495000	      3348	8000138c	009be2b3	or	x5,x23,x9	 x23:0x00000000  x9:0x80009fc4  x5=0x80009fc4
       33505000	      3349	80001390	de638f13	addi	x30,x7,-538	  x7:0x00000000 x30=0xfffffde6
       33515000	      3350	80001394	00160613	addi	x12,x12,1	 x12:0x0000000d x12=0x0000000e
       33525000	      3351	80001398	ff600693	addi	x13,x0,-10	  x0:0x00000000 x13=0xfffffff6
       33535000	      3352	8000139c	29de18b7	lui	x17,0x29de1	 x17=0x29de1000
       33545000	      3353	800013a0	fec00213	addi	x4,x0,-20	  x0:0x00000000  x4=0xffffffec
       33555000	      3354	800013a4	002b5133	srl	x2,x22,x2	 x22:0xfffffaa2  x2:0x00000001  x2=0x7ffffd51
       33565000	      3355	800013a8	97141d97	auipc	x27,0x97141	 x27=0x171423a4
       33575000	      3356	800013ac	ffd68693	addi	x13,x13,-3	 x13:0xfffffff6 x13=0xfffffff3
       33585000	      3357	800013b0	01687c33	and	x24,x16,x22	 x16:0x1c0fadcf x22:0xfffffaa2 x24=0x1c0fa882
       33595000	      3358	800013b4	fe46dae3	bge	x13,x4,800013a8	 x13:0xfffffff3  x4:0xffffffec
       33605000	      3359	00000000	00000013	addi	x0,x0,0	  x0:0x00000000
       33615000	      3360	800013a4	00000013	addi	x0,x0,0	  x0:0x00000000
       33625000	      3361	800013a8	97141d97	auipc	x27,0x97141	 x27=0x171423a4
       33635000	      3362	800013ac	ffd68693	addi	x13,x13,-3	 x13:0xfffffff3 x13=0xfffffff0
       33645000	      3363	800013b0	01687c33	and	x24,x16,x22	 x16:0x1c0fadcf x22:0xfffffaa2 x24=0x1c0fa882
       33655000	      3364	800013b4	fe46dae3	bge	x13,x4,800013a8	 x13:0xfffffff0  x4:0xffffffec
       33665000	      3365	00000000	00000013	addi	x0,x0,0	  x0:0x00000000
       33675000	      3366	800013a4	00000013	addi	x0,x0,0	  x0:0x00000000
       33685000	      3367	800013a8	97141d97	auipc	x27,0x97141	 x27=0x171423a4
       33695000	      3368	800013ac	ffd68693	addi	x13,x13,-3	 x13:0xfffffff0 x13=0xffffffed
       33705000	      3369	800013b0	01687c33	and	x24,x16,x22	 x16:0x1c0fadcf x22:0xfffffaa2 x24=0x1c0fa882
       33715000	      3370	800013b4	fe46dae3	bge	x13,x4,800013a8	 x13:0xffffffed  x4:0xffffffec
       33725000	      3371	00000000	00000013	addi	x0,x0,0	  x0:0x00000000
       33735000	      3372	800013a4	00000013	addi	x0,x0,0	  x0:0x00000000
       33745000	      3373	800013a8	97141d97	auipc	x27,0x97141	 x27=0x171423a4
       33755000	      3374	800013ac	ffd68693	addi	x13,x13,-3	 x13:0xffffffed x13=0xffffffea
       33765000	      3375	800013b0	01687c33	and	x24,x16,x22	 x16:0x1c0fadcf x22:0xfffffaa2 x24=0x1c0fa882
       33775000	      3376	800013b4	fe46dae3	bge	x13,x4,800013a8	 x13:0xffffffea  x4:0xffffffec
       33785000	      3377	800013b8	c795ed13	ori	x26,x11,-903	 x11:0x00000000 x26=0xfffffc79
       33795000	      3378	800013bc	fdf666e3	bltu	x12,x31,80001388	 x12:0x0000000e x31:0x0000000e
       33805000	      3379	800013c0	015a1a33	sll	x20,x20,x21	 x20:0x00000001 x21:0x00000000 x20=0x00000001
       33815000	      3380	800013c4	4146da93	srai	x21,x13,0x14	 x13:0xffffffea x21=0xffffffff
       33825000	      3381	800013c8	0208e863	bltu	x17,x0,800013f8	 x17:0x29de1000  x0:0x00000000
       33835000	      3382	800013cc	83992813	slti	x16,x18,-1991	 x18:0x00000000 x16=0x00000000
       33845000	      3383	800013d0	415c5c13	srai	x24,x24,0x15	 x24:0x1c0fa882 x24=0x000000e0
       33855000	      3384	800013d4	23da8037	lui	x0,0x23da8	
       33865000	      3385	800013d8	01b41463	bne	x8,x27,800013e0	  x8:0x00000000 x27:0x171423a4
       33875000	      3386	00000000	00000013	addi	x0,x0,0	  x0:0x00000000
       33885000	      3387	800013dc	00000013	addi	x0,x0,0	  x0:0x00000000
       33895000	      3388	800013e0	00cb15b3	sll	x11,x22,x12	 x22:0xfffffaa2 x12:0x0000000e x11=0xfea88000
       33905000	      3389	800013e4	0197c2b3	xor	x5,x15,x25	 x15:0x0000072f x25:0x44d52000  x5=0x44d5272f
       33915000	      3390	800013e8	41b15193	srai	x3,x2,0x1b	  x2:0x7ffffd51  x3=0x0000000f
       33925000	      3391	800013ec	00b815b3	sll	x11,x16,x11	 x16:0x00000000 x11:0xfea88000 x11=0x00000000
       33935000	      3392	800013f0	008fbdb3	sltu	x27,x31,x8	 x31:0x0000000e  x8:0x00000000 x27=0x00000000
       33945000	      3393	800013f4	01a5c1b3	xor	x3,x11,x26	 x11:0x00000000 x26:0xfffffc79  x3=0xfffffc79
       33955000	      3394	800013f8	0059a833	slt	x16,x19,x5	 x19:0x00000001  x5:0x44d5272f x16=0x00000001
       33965000	      3395	800013fc	00e25c93	srli	x25,x4,0xe	  x4:0xffffffec x25=0x0003ffff
       33975000	      3396	80001400	17507813	andi	x16,x0,373	  x0:0x00000000 x16=0x00000000
       33985000	      3397	80001404	8e820a37	lui	x20,0x8e820	 x20=0x8e820000
       33995000	      3398	80001408	4150dab3	sra	x21,x1,x21	  x1:0x00000000 x21:0xffffffff x21=0x00000000
       34005000	      3399	8000140c	23c22713	slti	x14,x4,572	  x4:0xffffffec x14=0x00000001
       34015000	      3400	80001410	014b58b3	srl	x17,x22,x20	 x22:0xfffffaa2 x20:0x8e820000 x17=0xfffffaa2
       34025000	      3401	80001414	a5600593	addi	x11,x0,-1450	  x0:0x00000000 x11=0xfffffa56
       34035000	      3402	80001418	00c1cb33	xor	x22,x3,x12	  x3:0xfffffc79 x12:0x0000000e x22=0xfffffc77
       34045000	      3403	8000141c	01ae7f33	and	x30,x28,x26	 x28:0xce857127 x26:0xfffffc79 x30=0xce857021
       34055000	      3404	80001420	0d10c513	xori	x10,x1,209	  x1:0x00000000 x10=0x000000d1
       34065000	      3405	80001424	f575f593	andi	x11,x11,-169	 x11:0xfffffa56 x11=0xfffffa56
       34075000	      3406	80001428	0145d813	srli	x16,x11,0x14	 x11:0xfffffa56 x16=0x00000fff
       34085000	      3407	8000142c	01465b33	srl	x22,x12,x20	 x12:0x0000000e x20:0x8e820000 x22=0x0000000e
       34095000	      3408	80001430	01138463	beq	x7,x17,80001438	  x7:0x00000000 x17:0xfffffaa2
       34105000	      3409	80001434	00339463	bne	x7,x3,8000143c	  x7:0x00000000  x3:0xfffffc79
       34115000	      3410	00000000	00000013	addi	x0,x0,0	  x0:0x00000000
       34125000	      3411	80001438	00000013	addi	x0,x0,0	  x0:0x00000000
       34135000	      3412	8000143c	00bbcfb3	xor	x31,x23,x11	 x23:0x00000000 x11:0xfffffa56 x31=0xfffffa56
       34145000	      3413	80001440	01fc1a63	bne	x24,x31,80001454	 x24:0x000000e0 x31:0xfffffa56
       34155000	      3414	00000000	00000013	addi	x0,x0,0	  x0:0x00000000
       34165000	      3415	80001450	00000013	addi	x0,x0,0	  x0:0x00000000
       34175000	      3416	80001454	032fe263	bltu	x31,x18,80001478	 x31:0xfffffa56 x18:0x00000000
       34185000	      3417	80001458	01e18263	beq	x3,x30,8000145c	  x3:0xfffffc79 x30:0xce857021
       34195000	      3418	8000145c	013aadb3	slt	x27,x21,x19	 x21:0x00000000 x19:0x00000001 x27=0x00000001
       34205000	      3419	80001460	01fe9833	sll	x16,x29,x31	 x29:0x80009fc5 x31:0xfffffa56 x16=0xf1400000
       34215000	      3420	80001464	01c16833	or	x16,x2,x28	  x2:0x7ffffd51 x28:0xce857127 x16=0xfffffd77
       34225000	      3421	80001468	8a103597	auipc	x11,0x8a103	 x11=0x0a104464
       34235000	      3422	8000146c	9bae1a97	auipc	x21,0x9bae1	 x21=0x1bae2468
       34245000	      3423	80001470	00b0e5b3	or	x11,x1,x11	  x1:0x00000000 x11:0x0a104464 x11=0x0a104464
       34255000	      3424	80001474	016e8663	beq	x29,x22,80001480	 x29:0x80009fc5 x22:0x0000000e
       34265000	      3425	80001478	008568b3	or	x17,x10,x8	 x10:0x000000d1  x8:0x00000000 x17=0x000000d1
       34275000	      3426	8000147c	4a06acb7	lui	x25,0x4a06a	 x25=0x4a06a000
       34285000	      3427	80001480	79f5e413	ori	x8,x11,1951	 x11:0x0a104464  x8=0x0a1047ff
       34295000	      3428	80001484	01be6f33	or	x30,x28,x27	 x28:0xce857127 x27:0x00000001 x30=0xce857127
       34305000	      3429	80001488	0088e7b3	or	x15,x17,x8	 x17:0x000000d1  x8:0x0a1047ff x15=0x0a1047ff
       34315000	      3430	8000148c	04b1d863	bge	x3,x11,800014dc	  x3:0xfffffc79 x11:0x0a104464
       34325000	      3431	80001490	af917a93	andi	x21,x2,-1287	  x2:0x7ffffd51 x21=0x7ffff851
       34335000	      3432	80001494	0160d7b3	srl	x15,x1,x22	  x1:0x00000000 x22:0x0000000e x15=0x00000000
       34345000	      3433	80001498	01933f33	sltu	x30,x6,x25	  x6:0x80009f84 x25:0x4a06a000 x30=0x00000000
       34355000	      3434	8000149c	00ebc2b3	xor	x5,x23,x14	 x23:0x00000000 x14:0x00000001  x5=0x00000001
       34365000	      3435	800014a0	02d80463	beq	x16,x13,800014c8	 x16:0xfffffd77 x13:0xffffffea
       34375000	      3436	800014a4	03135c63	bge	x6,x17,800014dc	  x6:0x80009f84 x17:0x000000d1
       34385000	      3437	800014a8	000e97b3	sll	x15,x29,x0	 x29:0x80009fc5  x0:0x00000000 x15=0x80009fc5
       34395000	      3438	800014ac	1f6fe093	ori	x1,x31,502	 x31:0xfffffa56  x1=0xfffffbf6
       34405000	      3439	800014b0	93e3ab93	slti	x23,x7,-1730	  x7:0x00000000 x23=0x00000000
       34415000	      3440	800014b4	0ba28093	addi	x1,x5,186	  x5:0x00000001  x1=0x000000bb
       34425000	      3441	800014b8	005438b3	sltu	x17,x8,x5	  x8:0x0a1047ff  x5:0x00000001 x17=0x00000000
       34435000	      3442	800014bc	01b69633	sll	x12,x13,x27	 x13:0xffffffea x27:0x00000001 x12=0xffffffd4
       34445000	      3443	800014c0	01219893	slli	x17,x3,0x12	  x3:0xfffffc79 x17=0xf1e40000
       34455000	      3444	800014c4	0094feb3	and	x29,x9,x9	  x9:0x80009fc4  x9:0x80009fc4 x29=0x80009fc4
       34465000	      3445	800014c8	012d5533	srl	x10,x26,x18	 x26:0xfffffc79 x18:0x00000000 x10=0xfffffc79
       34475000	      3446	800014cc	1e136513	ori	x10,x6,481	  x6:0x80009f84 x10=0x80009fe5
       34485000	      3447	800014d0	41da88b3	sub	x17,x21,x29	 x21:0x7ffff851 x29:0x80009fc4 x17=0xffff588d
       34495000	      3448	800014d4	00e44263	blt	x8,x14,800014d8	  x8:0x0a1047ff x14:0x00000001
       34505000	      3449	800014d8	007156b3	srl	x13,x2,x7	  x2:0x7ffffd51  x7:0x00000000 x13=0x7ffffd51
       34515000	      3450	800014dc	30074f13	xori	x30,x14,768	 x14:0x00000001 x30=0x00000301
       34525000	      3451	800014e0	004ebbb3	sltu	x23,x29,x4	 x29:0x80009fc4  x4:0xffffffec x23=0x00000001
       34535000	      3452	800014e4	b6c8a413	slti	x8,x17,-1172	 x17:0xffff588d  x8=0x00000001
       34545000	      3453	800014e8	00be9463	bne	x29,x11,800014f0	 x29:0x80009fc4 x11:0x0a104464
       34555000	      3454	00000000	00000013	addi	x0,x0,0	  x0:0x00000000
       34565000	      3455	800014ec	00000013	addi	x0,x0,0	  x0:0x00000000
       34575000	      3456	800014f0	00c7b2b3	sltu	x5,x15,x12	 x15:0x80009fc5 x12:0xffffffd4  x5=0x00000001
       34585000	      3457	800014f4	011d4b33	xor	x22,x26,x17	 x26:0xfffffc79 x17:0xffff588d x22=0x0000a4f4
       34595000	      3458	800014f8	029f1463	bne	x30,x9,80001520	 x30:0x00000301  x9:0x80009fc4
       34605000	      3459	00000000	00000013	addi	x0,x0,0	  x0:0x00000000
       34615000	      3460	8000151c	00000013	addi	x0,x0,0	  x0:0x00000000
       34625000	      3461	80001520	a3c33613	sltiu	x12,x6,-1476	  x6:0x80009f84 x12=0x00000001
       34635000	      3462	80001524	00f99d93	slli	x27,x19,0xf	 x19:0x00000001 x27=0x00008000
       34645000	      3463	80001528	004ba733	slt	x14,x23,x4	 x23:0x00000001  x4:0xffffffec x14=0x00000000
       34655000	      3464	8000152c	0373c863	blt	x7,x23,8000155c	  x7:0x00000000 x23:0x00000001
       34665000	      3465	00000000	00000013	addi	x0,x0,0	  x0:0x00000000
       34675000	      3466	80001558	00000013	addi	x0,x0,0	  x0:0x00000000
       34685000	      3467	8000155c	d48cca93	xori	x21,x25,-696	 x25:0x4a06a000 x21=0xb5f95d48
       34695000	      3468	80001560	02b59463	bne	x11,x11,80001588	 x11:0x0a104464 x11:0x0a104464
       34705000	      3469	80001564	0057e663	bltu	x15,x5,80001570	 x15:0x80009fc5  x5:0x00000001
       34715000	      3470	80001568	40165bb3	sra	x23,x12,x1	 x12:0x00000001  x1:0x000000bb x23=0x00000000
       34725000	      3471	8000156c	41d28933	sub	x18,x5,x29	  x5:0x00000001 x29:0x80009fc4 x18=0x7fff603d
       34735000	      3472	80001570	9e92a593	slti	x11,x5,-1559	  x5:0x00000001 x11=0x00000000
       34745000	      3473	80001574	00ad9c63	bne	x27,x10,8000158c	 x27:0x00008000 x10:0x80009fe5
       34755000	      3474	00000000	00000013	addi	x0,x0,0	  x0:0x00000000
       34765000	      3475	80001588	00000013	addi	x0,x0,0	  x0:0x00000000
       34775000	      3476	8000158c	413e05b3	sub	x11,x28,x19	 x28:0xce857127 x19:0x00000001 x11=0xce857126
       34785000	      3477	80001590	00cec463	blt	x29,x12,80001598	 x29:0x80009fc4 x12:0x00000001
       34795000	      3478	00000000	00000013	addi	x0,x0,0	  x0:0x00000000
       34805000	      3479	80001594	00000013	addi	x0,x0,0	  x0:0x00000000
       34815000	      3480	80001598	4037dd33	sra	x26,x15,x3	 x15:0x80009fc5  x3:0xfffffc79 x26=0xffffffc0
       34825000	      3481	8000159c	05244063	blt	x8,x18,800015dc	  x8:0x00000001 x18:0x7fff603d
       34835000	      3482	00000000	00000013	addi	x0,x0,0	  x0:0x00000000
       34845000	      3483	800015d8	00000013	addi	x0,x0,0	  x0:0x00000000
       34855000	      3484	800015dc	f5e6c893	xori	x17,x13,-162	 x13:0x7ffffd51 x17=0x8000020f
       34865000	      3485	800015e0	86e5e393	ori	x7,x11,-1938	 x11:0xce857126  x7=0xfffff96e
       34875000	      3486	800015e4	6edeeb13	ori	x22,x29,1773	 x29:0x80009fc4 x22=0x80009fed
       34885000	      3487	800015e8	0075ec33	or	x24,x11,x7	 x11:0xce857126  x7:0xfffff96e x24=0xfffff96e
       34895000	      3488	800015ec	640c0b93	addi	x23,x24,1600	 x24:0xfffff96e x23=0xffffffae
       34905000	      3489	800015f0	71d4ce93	xori	x29,x9,1821	  x9:0x80009fc4 x29=0x800098d9
       34915000	      3490	800015f4	018df033	and	x0,x27,x24	 x27:0x00008000 x24:0xfffff96e
       34925000	      3491	800015f8	cea72213	slti	x4,x14,-790	 x14:0x00000000  x4=0x00000000
       34935000	      3492	800015fc	410259b3	sra	x19,x4,x16	  x4:0x00000000 x16:0xfffffd77 x19=0x00000000
       34945000	      3493	80001600	01caf5b3	and	x11,x21,x28	 x21:0xb5f95d48 x28:0xce857127 x11=0x84815100
       34955000	      3494	80001604	4ea3e793	ori	x15,x7,1258	  x7:0xfffff96e x15=0xfffffdee
       34965000	      3495	80001608	02407c63	bgeu	x0,x4,80001640	  x0:0x00000000  x4:0x00000000
       34975000	      3496	00000000	00000013	addi	x0,x0,0	  x0:0x00000000
       34985000	      3497	8000163c	00000013	addi	x0,x0,0	  x0:0x00000000
       34995000	      3498	80001640	010d8863	beq	x27,x16,80001650	 x27:0x00008000 x16:0xfffffd77
       35005000	      3499	80001644	01c7d433	srl	x8,x15,x28	 x15:0xfffffdee x28:0xce857127  x8=0x01fffffb
       35015000	      3500	80001648	016786b3	add	x13,x15,x22	 x15:0xfffffdee x22:0x80009fed x13=0x80009ddb
       35025000	      3501	8000164c	a85a8c13	addi	x24,x21,-1403	 x21:0xb5f95d48 x24=0xb5f957cd
       35035000	      3502	80001650	00c113b3	sll	x7,x2,x12	  x2:0x7ffffd51 x12:0x00000001  x7=0xfffffaa2
       35045000	      3503	80001654	ab04f193	andi	x3,x9,-1360	  x9:0x80009fc4  x3=0x80009a80
       35055000	      3504	80001658	c9984913	xori	x18,x16,-871	 x16:0xfffffd77 x18=0x000001ee
       35065000	      3505	8000165c	01b21513	slli	x10,x4,0x1b	  x4:0x00000000 x10=0x00000000
       35075000	      3506	80001660	008f61b3	or	x3,x30,x8	 x30:0x00000301  x8:0x01fffffb  x3=0x01fffffb
       35085000	      3507	80001664	01ac5a93	srli	x21,x24,0x1a	 x24:0xb5f957cd x21=0x0000002d
       35095000	      3508	80001668	01b26a63	bltu	x4,x27,8000167c	  x4:0x00000000 x27:0x00008000
       35105000	      3509	00000000	00000013	addi	x0,x0,0	  x0:0x00000000
       35115000	      3510	80001678	00000013	addi	x0,x0,0	  x0:0x00000000
       35125000	      3511	8000167c	4169d693	srai	x13,x19,0x16	 x19:0x00000000 x13=0x00000000
       35135000	      3512	80001680	400709b3	sub	x19,x14,x0	 x14:0x00000000  x0:0x00000000 x19=0x00000000
       35145000	      3513	80001684	00239933	sll	x18,x7,x2	  x7:0xfffffaa2  x2:0x7ffffd51 x18=0xf5440000
       35155000	      3514	80001688	5ebc6f13	ori	x30,x24,1515	 x24:0xb5f957cd x30=0xb5f957ef
       35165000	      3515	8000168c	ee38e037	lui	x0,0xee38e	
       35175000	      3516	80001690	013aaeb3	slt	x29,x21,x19	 x21:0x0000002d x19:0x00000000 x29=0x00000000
       35185000	      3517	80001694	40795833	sra	x16,x18,x7	 x18:0xf5440000  x7:0xfffffaa2 x16=0xfd510000
       35195000	      3518	80001698	628abf13	sltiu	x30,x21,1576	 x21:0x0000002d x30=0x00000001
       35205000	      3519	8000169c	00bcd463	bge	x25,x11,800016a4	 x25:0x4a06a000 x11:0x84815100
       35215000	      3520	00000000	00000013	addi	x0,x0,0	  x0:0x00000000
       35225000	      3521	800016a0	00000013	addi	x0,x0,0	  x0:0x00000000
       35235000	      3522	800016a4	00cf7eb3	and	x29,x30,x12	 x30:0x00000001 x12:0x00000001 x29=0x00000001
       35245000	      3523	800016a8	6bbcb693	sltiu	x13,x25,1723	 x25:0x4a06a000 x13=0x00000000
       35255000	      3524	800016ac	00fae263	bltu	x21,x15,800016b0	 x21:0x0000002d x15:0xfffffdee
       35265000	      3525	00000000	00000013	addi	x0,x0,0	  x0:0x00000000
       35275000	      3526	800016ac	00000013	addi	x0,x0,0	  x0:0x00000000
       35285000	      3527	800016b0	0156de93	srli	x29,x13,0x15	 x13:0x00000000 x29=0x00000000
       35295000	      3528	800016b4	ff726fb7	lui	x31,0xff726	 x31=0xff726000
       35305000	      3529	800016b8	e34c0b13	addi	x22,x24,-460	 x24:0xb5f957cd x22=0xb5f95601
       35315000	      3530	800016bc	0188fb33	and	x22,x17,x24	 x17:0x8000020f x24:0xb5f957cd x22=0x8000020d
       35325000	      3531	800016c0	41f988b3	sub	x17,x19,x31	 x19:0x00000000 x31:0xff726000 x17=0x008da000
       35335000	      3532	800016c4	0071b1b3	sltu	x3,x3,x7	  x3:0x01fffffb  x7:0xfffffaa2  x3=0x00000001
       35345000	      3533	800016c8	01d6e463	bltu	x13,x29,800016d0	 x13:0x00000000 x29:0x00000000
       35355000	      3534	800016cc	012d1b33	sll	x22,x26,x18	 x26:0xffffffc0 x18:0xf5440000 x22=0xffffffc0
       35365000	      3535	800016d0	01e506b3	add	x13,x10,x30	 x10:0x00000000 x30:0x00000001 x13=0x00000001
       35375000	      3536	800016d4	00a00893	addi	x17,x0,10	  x0:0x00000000 x17=0x0000000a
       35385000	      3537	800016d8	01fdf7b3	and	x15,x27,x31	 x27:0x00008000 x31:0xff726000 x15=0x00000000
       35395000	      3538	800016dc	40ae82b3	sub	x5,x29,x10	 x29:0x00000000 x10:0x00000000  x5=0x00000000
       35405000	      3539	800016e0	00700b93	addi	x23,x0,7	  x0:0x00000000 x23=0x00000007
       35415000	      3540	800016e4	fcbcc413	xori	x8,x25,-53	 x25:0x4a06a000  x8=0xb5f95fcb
       35425000	      3541	800016e8	b3704813	xori	x16,x0,-1225	  x0:0x00000000 x16=0xfffffb37
       35435000	      3542	800016ec	ffb88893	addi	x17,x17,-5	 x17:0x0000000a x17=0x00000005
       35445000	      3543	800016f0	ff78dae3	bge	x17,x23,800016e4	 x17:0x00000005 x23:0x00000007
       35455000	      3544	800016f4	00255133	srl	x2,x10,x2	 x10:0x00000000  x2:0x7ffffd51  x2=0x00000000
       35465000	      3545	800016f8	01a959b3	srl	x19,x18,x26	 x18:0xf5440000 x26:0xffffffc0 x19=0xf5440000
       35475000	      3546	800016fc	00e9fb33	and	x22,x19,x14	 x19:0xf5440000 x14:0x00000000 x22=0x00000000
       35485000	      3547	80001700	0370d263	bge	x1,x23,80001724	  x1:0x000000bb x23:0x00000007
       35495000	      3548	00000000	00000013	addi	x0,x0,0	  x0:0x00000000
       35505000	      3549	80001720	00000013	addi	x0,x0,0	  x0:0x00000000
       35515000	      3550	80001724	005d9793	slli	x15,x27,0x5	 x27:0x00008000 x15=0x00100000
       35525000	      3551	80001728	002ddc63	bge	x27,x2,80001740	 x27:0x00008000  x2:0x00000000
       35535000	      3552	00000000	00000013	addi	x0,x0,0	  x0:0x00000000
       35545000	      3553	8000173c	00000013	addi	x0,x0,0	  x0:0x00000000
       35555000	      3554	80001740	0170c263	blt	x1,x23,80001744	  x1:0x000000bb x23:0x00000007
       35565000	      3555	80001744	0016feb3	and	x29,x13,x1	 x13:0x00000001  x1:0x000000bb x29=0x00000001
       35575000	      3556	80001748	41ef0fb3	sub	x31,x30,x30	 x30:0x00000001 x30:0x00000001 x31=0x00000000
       35585000	      3557	8000174c	01876263	bltu	x14,x24,80001750	 x14:0x00000000 x24:0xb5f957cd
       35595000	      3558	00000000	00000013	addi	x0,x0,0	  x0:0x00000000
       35605000	      3559	8000174c	00000013	addi	x0,x0,0	  x0:0x00000000
       35615000	      3560	80001750	00000013	addi	x0,x0,0	  x0:0x00000000
       35625000	      3561	80001754	629d4b13	xori	x22,x26,1577	 x26:0xffffffc0 x22=0xfffff9e9
       35635000	      3562	80001758	01347f33	and	x30,x8,x19	  x8:0xb5f95fcb x19:0xf5440000 x30=0xb5400000
       35645000	      3563	8000175c	9fdb3e93	sltiu	x29,x22,-1539	 x22:0xfffff9e9 x29=0x00000001
       35655000	      3564	80001760	404780b3	sub	x1,x15,x4	 x15:0x00100000  x4:0x00000000  x1=0x00100000
       35665000	      3565	80001764	00501663	bne	x0,x5,80001770	  x0:0x00000000  x5:0x00000000
       35675000	      3566	80001768	01e89433	sll	x8,x17,x30	 x17:0x00000005 x30:0xb5400000  x8=0x00000005
       35685000	      3567	8000176c	020c1463	bne	x24,x0,80001794	 x24:0xb5f957cd  x0:0x00000000
       35695000	      3568	00000000	00000013	addi	x0,x0,0	  x0:0x00000000
       35705000	      3569	80001790	00000013	addi	x0,x0,0	  x0:0x00000000
       35715000	      3570	80001794	0165b433	sltu	x8,x11,x22	 x11:0x84815100 x22:0xfffff9e9  x8=0x00000001
       35725000	      3571	80001798	c913e113	ori	x2,x7,-879	  x7:0xfffffaa2  x2=0xfffffeb3
       35735000	      3572	8000179c	01971db3	sll	x27,x14,x25	 x14:0x00000000 x25:0x4a06a000 x27=0x00000000
       35745000	      3573	800017a0	40cd8fb3	sub	x31,x27,x12	 x27:0x00000000 x12:0x00000001 x31=0xffffffff
       35755000	      3574	800017a4	003e0733	add	x14,x28,x3	 x28:0xce857127  x3:0x00000001 x14=0xce857128
       35765000	      3575	800017a8	011023b3	slt	x7,x0,x17	  x0:0x00000000 x17:0x00000005  x7=0x00000001
       35775000	      3576	800017ac	40395113	srai	x2,x18,0x3	 x18:0xf5440000  x2=0xfea88000
       35785000	      3577	800017b0	59e30d13	addi	x26,x6,1438	  x6:0x80009f84 x26=0x8000a522
       35795000	      3578	800017b4	40ae8a33	sub	x20,x29,x10	 x29:0x00000001 x10:0x00000000 x20=0x00000001
       35805000	      3579	800017b8	bbf1c613	xori	x12,x3,-1089	  x3:0x00000001 x12=0xfffffbbe
       35815000	      3580	800017bc	00000013	addi	x0,x0,0	  x0:0x00000000
       35825000	      3581	800017c0	a875e393	ori	x7,x11,-1401	 x11:0x84815100  x7=0xfffffb87
       35835000	      3582	800017c4	017cccb3	xor	x25,x25,x23	 x25:0x4a06a000 x23:0x00000007 x25=0x4a06a007
       35845000	      3583	800017c8	414c52b3	sra	x5,x24,x20	 x24:0xb5f957cd x20:0x00000001  x5=0xdafcabe6
       35855000	      3584	800017cc	07c27c63	bgeu	x4,x28,80001844	  x4:0x00000000 x28:0xce857127
       35865000	      3585	800017d0	002fd533	srl	x10,x31,x2	 x31:0xffffffff  x2:0xfea88000 x10=0xffffffff
       35875000	      3586	800017d4	675ccf13	xori	x30,x25,1653	 x25:0x4a06a007 x30=0x4a06a672
       35885000	      3587	800017d8	07224663	blt	x4,x18,80001844	  x4:0x00000000 x18:0xf5440000
       35895000	      3588	800017dc	40d75b13	srai	x22,x14,0xd	 x14:0xce857128 x22=0xfffe742b
       35905000	      3589	800017e0	4d2be693	ori	x13,x23,1234	 x23:0x00000007 x13=0x000004d7
       35915000	      3590	800017e4	a52f0f13	addi	x30,x30,-1454	 x30:0x4a06a672 x30=0x4a06a0c4
       35925000	      3591	800017e8	01b223b3	slt	x7,x4,x27	  x4:0x00000000 x27:0x00000000  x7=0x00000000
       35935000	      3592	800017ec	f77565b7	lui	x11,0xf7756	 x11=0xf7756000
       35945000	      3593	800017f0	01306a33	or	x20,x0,x19	  x0:0x00000000 x19:0xf5440000 x20=0xf5440000
       35955000	      3594	800017f4	082c0463	beq	x24,x2,8000187c	 x24:0xb5f957cd  x2:0xfea88000
       35965000	      3595	800017f8	00001b17	auipc	x22,0x1	 x22=0x800027f4
       35975000	      3596	800017fc	268b0b13	addi	x22,x22,616	 x22:0x800027f4 x22=0x80002a5c
       35985000	      3597	80001800	00a72eb3	slt	x29,x14,x10	 x14:0xce857128 x10:0xffffffff x29=0x00000001
       35995000	      3598	80001804	cd732893	slti	x17,x6,-809	  x6:0x80009f84 x17=0x00000001
       36005000	      3599	80001808	92917393	andi	x7,x2,-1751	  x2:0xfea88000  x7=0xfea88000
       36015000	      3600	8000180c	00e36133	or	x2,x6,x14	  x6:0x80009f84 x14:0xce857128  x2=0xce85ffac
       36025000	      3601	80001810	530f0fb7	lui	x31,0x530f0	 x31=0x530f0000
       36035000	      3602	80001814	0191f933	and	x18,x3,x25	  x3:0x00000001 x25:0x4a06a007 x18=0x00000001
       36045000	      3603	80001818	01438733	add	x14,x7,x20	  x7:0xfea88000 x20:0xf5440000 x14=0xf3ec8000
       36055000	      3604	8000181c	fa0b8d93	addi	x27,x23,-96	 x23:0x00000007 x27=0xffffffa7
       36065000	      3605	80001820	7c546f13	ori	x30,x8,1989	  x8:0x00000001 x30=0x000007c5
       36075000	      3606	80001824	19ab0b13	addi	x22,x22,410	 x22:0x80002a5c x22=0x80002bf6
       36085000	      3607	80001828	58d09297	auipc	x5,0x58d09	  x5=0xd8d0a824
       36095000	      3608	8000182c	e67b05e7	jalr	x11,x22,-409	 x22:0x80002bf6 x11=0x8000182c
       36105000	      3609	00000000	00000013	addi	x0,x0,0	  x0:0x00000000
       36115000	      3610	80002a5c	00000013	addi	x0,x0,0	  x0:0x00000000
       36125000	      3611	80002a60	00af37b3	sltu	x15,x30,x10	 x30:0x000007c5 x10:0xffffffff x15=0x00000001
       36135000	      3612	80002a64	01048463	beq	x9,x16,80002a6c	  x9:0x80009fc4 x16:0xfffffb37
       36145000	      3613	80002a68	012b9ab3	sll	x21,x23,x18	 x23:0x00000007 x18:0x00000001 x21=0x0000000e
       36155000	      3614	80002a6c	fcc30313	addi	x6,x6,-52	  x6:0x80009f84  x6=0x80009f50
       36165000	      3615	80002a70	01b27a33	and	x20,x4,x27	  x4:0x00000000 x27:0xffffffa7 x20=0x00000000
       36175000	      3616	80002a74	417d8a33	sub	x20,x27,x23	 x27:0xffffffa7 x23:0x00000007 x20=0xffffffa0
       36185000	      3617	80002a78	00b32223	sw	x11,4(x6)	  x6:0x80009f50 x11:0x8000182c PA:0x80009f54
       36195000	      3618	80002a7c	1d8e8e93	addi	x29,x29,472	 x29:0x00000001 x29=0x000001d9
       36205000	      3619	80002a80	41f1ed13	ori	x26,x3,1055	  x3:0x00000001 x26=0x0000041f
       36215000	      3620	80002a84	007d4cb3	xor	x25,x26,x7	 x26:0x0000041f  x7:0xfea88000 x25=0xfea8841f
       36225000	      3621	80002a88	41135013	srai	x0,x6,0x11	  x6:0x80009f50
       36235000	      3622	80002a8c	0046fab3	and	x21,x13,x4	 x13:0x000004d7  x4:0x00000000 x21=0x00000000
       36245000	      3623	80002a90	0077d533	srl	x10,x15,x7	 x15:0x00000001  x7:0xfea88000 x10=0x00000001
       36255000	      3624	80002a94	f6352d13	slti	x26,x10,-157	 x10:0x00000001 x26=0x00000000
       36265000	      3625	80002a98	541301b7	lui	x3,0x54130	  x3=0x54130000
       36275000	      3626	80002a9c	07e93993	sltiu	x19,x18,126	 x18:0x00000001 x19=0x00000001
       36285000	      3627	80002aa0	01da5013	srli	x0,x20,0x1d	 x20:0xffffffa0
       36295000	      3628	80002aa4	a2a9ca13	xori	x20,x19,-1494	 x19:0x00000001 x20=0xfffffa2b
       36305000	      3629	80002aa8	da9e1537	lui	x10,0xda9e1	 x10=0xda9e1000
       36315000	      3630	80002aac	00a481b3	add	x3,x9,x10	  x9:0x80009fc4 x10:0xda9e1000  x3=0x5a9eafc4
       36325000	      3631	80002ab0	01293833	sltu	x16,x18,x18	 x18:0x00000001 x18:0x00000001 x16=0x00000000
       36335000	      3632	80002ab4	e9dff5ef	jal	x11,80002ab4	 x11=0x80002ab4
       36345000	      3633	00000000	00000013	addi	x0,x0,0	  x0:0x00000000
       36355000	      3634	8000294c	00000013	addi	x0,x0,0	  x0:0x00000000
       36365000	      3635	80002950	019318b3	sll	x17,x6,x25	  x6:0x80009f50 x25:0xfea8841f x17=0x00000000
       36375000	      3636	80002954	cf86b413	sltiu	x8,x13,-776	 x13:0x000004d7  x8=0x00000001
       36385000	      3637	80002958	00aa4f33	xor	x30,x20,x10	 x20:0xfffffa2b x10:0xda9e1000 x30=0x2561ea2b
       36395000	      3638	8000295c	01200463	beq	x0,x18,80002964	  x0:0x00000000 x18:0x00000001
       36405000	      3639	80002960	01519533	sll	x10,x3,x21	  x3:0x5a9eafc4 x21:0x00000000 x10=0x5a9eafc4
       36415000	      3640	80002964	fe830313	addi	x6,x6,-24	  x6:0x80009f50  x6=0x80009f38
       36425000	      3641	80002968	00b32223	sw	x11,4(x6)	  x6:0x80009f38 x11:0x80002ab4 PA:0x80009f3c
       36435000	      3642	8000296c	5c1c8c93	addi	x25,x25,1473	 x25:0xfea8841f x25=0xfea889e0
       36445000	      3643	80002970	001b0db3	add	x27,x22,x1	 x22:0x80002bf6  x1:0x00100000 x27=0x80102bf6
       36455000	      3644	80002974	003770b3	and	x1,x14,x3	 x14:0xf3ec8000  x3:0x5a9eafc4  x1=0x528c8000
       36465000	      3645	80002978	408a5293	srai	x5,x20,0x8	 x20:0xfffffa2b  x5=0xfffffffa
       36475000	      3646	8000297c	00741213	slli	x4,x8,0x7	  x8:0x00000001  x4=0x00000080
       36485000	      3647	80002980	040b6663	bltu	x22,x0,800029cc	 x22:0x80002bf6  x0:0x00000000
       36495000	      3648	80002984	001df733	and	x14,x27,x1	 x27:0x80102bf6  x1:0x528c8000 x14=0x00000000
       36505000	      3649	80002988	0075f8b3	and	x17,x11,x7	 x11:0x80002ab4  x7:0xfea88000 x17=0x80000000
       36515000	      3650	8000298c	00c0b633	sltu	x12,x1,x12	  x1:0x528c8000 x12:0xfffffbbe x12=0x00000001
       36525000	      3651	80002990	482e9bb7	lui	x23,0x482e9	 x23=0x482e9000
       36535000	      3652	80002994	008e1533	sll	x10,x28,x8	 x28:0xce857127  x8:0x00000001 x10=0x9d0ae24e
       36545000	      3653	80002998	009b1993	slli	x19,x22,0x9	 x22:0x80002bf6 x19=0x0057ec00
       36555000	      3654	8000299c	03e96463	bltu	x18,x30,800029c4	 x18:0x00000001 x30:0x2561ea2b
       36565000	      3655	00000000	00000013	addi	x0,x0,0	  x0:0x00000000
       36575000	      3656	800029c0	00000013	addi	x0,x0,0	  x0:0x00000000
       36585000	      3657	800029c4	02248263	beq	x9,x2,800029e8	  x9:0x80009fc4  x2:0xce85ffac
       36595000	      3658	800029c8	62607f37	lui	x30,0x62607	 x30=0x62607000
       36605000	      3659	800029cc	00000013	addi	x0,x0,0	  x0:0x00000000
       36615000	      3660	800029d0	dc056737	lui	x14,0xdc056	 x14=0xdc056000
       36625000	      3661	800029d4	01f4fd33	and	x26,x9,x31	  x9:0x80009fc4 x31:0x530f0000 x26=0x00000000
       36635000	      3662	800029d8	40125db3	sra	x27,x4,x1	  x4:0x00000080  x1:0x528c8000 x27=0x00000080
       36645000	      3663	800029dc	0012d193	srli	x3,x5,0x1	  x5:0xfffffffa  x3=0x7ffffffd
       36655000	      3664	800029e0	14e28e93	addi	x29,x5,334	  x5:0xfffffffa x29=0x00000148
       36665000	      3665	800029e4	004e58b3	srl	x17,x28,x4	 x28:0xce857127  x4:0x00000080 x17=0xce857127
       36675000	      3666	800029e8	049d9063	bne	x27,x9,80002a28	 x27:0x00000080  x9:0x80009fc4
       36685000	      3667	00000000	00000013	addi	x0,x0,0	  x0:0x00000000
       36695000	      3668	80002a24	00000013	addi	x0,x0,0	  x0:0x00000000
       36705000	      3669	80002a28	00000013	addi	x0,x0,0	  x0:0x00000000
       36715000	      3670	80002a2c	00432583	lw	x11,4(x6)	  x6:0x80009f38 x11=0x80002ab4 PA:0x80009f3c
       36725000	      3671	80002a30	002883b3	add	x7,x17,x2	 x17:0xce857127  x2:0xce85ffac  x7=0x9d0b70d3
       36735000	      3672	80002a34	00ecd213	srli	x4,x25,0xe	 x25:0xfea889e0  x4=0x0003faa2
       36745000	      3673	80002a38	e5e46193	ori	x3,x8,-418	  x8:0x00000001  x3=0xfffffe5f
       36755000	      3674	80002a3c	00ce79b3	and	x19,x28,x12	 x28:0xce857127 x12:0x00000001 x19=0x00000001
       36765000	      3675	80002a40	01830313	addi	x6,x6,24	  x6:0x80009f38  x6=0x80009f50
       36775000	      3676	80002a44	413fd033	sra	x0,x31,x19	 x31:0x530f0000 x19:0x00000001
       36785000	      3677	80002a48	41910833	sub	x16,x2,x25	  x2:0xce85ffac x25:0xfea889e0 x16=0xcfdd75cc
       36795000	      3678	80002a4c	6c9f0213	addi	x4,x30,1737	 x30:0x62607000  x4=0x626076c9
       36805000	      3679	80002a50	b7e73093	sltiu	x1,x14,-1154	 x14:0xdc056000  x1=0x00000001
       36815000	      3680	80002a54	265b4c93	xori	x25,x22,613	 x22:0x80002bf6 x25=0x80002993
       36825000	      3681	80002a58	00158193	addi	x3,x11,1	 x11:0x80002ab4  x3=0x80002ab5
       36835000	      3682	80002a5c	000181e7	jalr	x3,x3,0	  x3:0x80002ab5  x3=0x80002a5c
       36845000	      3683	00000000	00000013	addi	x0,x0,0	  x0:0x00000000
       36855000	      3684	80002ab4	00000013	addi	x0,x0,0	  x0:0x00000000
       36865000	      3685	80002ab8	03ded463	bge	x29,x29,80002ae0	 x29:0x00000148 x29:0x00000148
       36875000	      3686	00000000	00000013	addi	x0,x0,0	  x0:0x00000000
       36885000	      3687	80002adc	00000013	addi	x0,x0,0	  x0:0x00000000
       36895000	      3688	80002ae0	01715ab3	srl	x21,x2,x23	  x2:0xce85ffac x23:0x482e9000 x21=0xce85ffac
       36905000	      3689	80002ae4	479d2697	auipc	x13,0x479d2	 x13=0xc79d4ae0
       36915000	      3690	80002ae8	6010ec17	auipc	x24,0x6010e	 x24=0xe0110ae4
       36925000	      3691	80002aec	00432583	lw	x11,4(x6)	  x6:0x80009f50 x11=0x8000182c PA:0x80009f54
       36935000	      3692	80002af0	010e1393	slli	x7,x28,0x10	 x28:0xce857127  x7=0x71270000
       36945000	      3693	80002af4	03430313	addi	x6,x6,52	  x6:0x80009f50  x6=0x80009f84
       36955000	      3694	80002af8	cdb9c613	xori	x12,x19,-805	 x19:0x00000001 x12=0xfffffcda
       36965000	      3695	80002afc	00158813	addi	x16,x11,1	 x11:0x8000182c x16=0x8000182d
       36975000	      3696	80002b00	00080867	jalr	x16,x16,0	 x16:0x8000182d x16=0x80002b00
       36985000	      3697	00000000	00000013	addi	x0,x0,0	  x0:0x00000000
       36995000	      3698	8000182c	00000013	addi	x0,x0,0	  x0:0x00000000
       37005000	      3699	80001830	2a12b513	sltiu	x10,x5,673	  x5:0xfffffffa x10=0x00000000
       37015000	      3700	80001834	00a35eb3	srl	x29,x6,x10	  x6:0x80009f84 x10:0x00000000 x29=0x80009f84
       37025000	      3701	80001838	009a21b3	slt	x3,x20,x9	 x20:0xfffffa2b  x9:0x80009fc4  x3=0x00000000
       37035000	      3702	8000183c	01595733	srl	x14,x18,x21	 x18:0x00000001 x21:0xce85ffac x14=0x00000000
       37045000	      3703	80001840	f468f193	andi	x3,x17,-186	 x17:0xce857127  x3=0xce857106
       37055000	      3704	80001844	b1b92e93	slti	x29,x18,-1253	 x18:0x00000001 x29=0x00000000
       37065000	      3705	80001848	01b36833	or	x16,x6,x27	  x6:0x80009f84 x27:0x00000080 x16=0x80009f84
       37075000	      3706	8000184c	0162fa63	bgeu	x5,x22,80001860	  x5:0xfffffffa x22:0x80002bf6
       37085000	      3707	00000000	00000013	addi	x0,x0,0	  x0:0x00000000
       37095000	      3708	8000185c	00000013	addi	x0,x0,0	  x0:0x00000000
       37105000	      3709	80001860	64c7e193	ori	x3,x15,1612	 x15:0x00000001  x3=0x0000064d
       37115000	      3710	80001864	00c42933	slt	x18,x8,x12	  x8:0x00000001 x12:0xfffffcda x18=0x00000000
       37125000	      3711	80001868	c3338393	addi	x7,x7,-973	  x7:0x71270000  x7=0x7126fc33
       37135000	      3712	8000186c	001b48b3	xor	x17,x22,x1	 x22:0x80002bf6  x1:0x00000001 x17=0x80002bf7
       37145000	      3713	80001870	0114b0b3	sltu	x1,x9,x17	  x9:0x80009fc4 x17:0x80002bf7  x1=0x00000000
       37155000	      3714	80001874	0097f0b3	and	x1,x15,x9	 x15:0x00000001  x9:0x80009fc4  x1=0x00000000
       37165000	      3715	80001878	00000013	addi	x0,x0,0	  x0:0x00000000
       37175000	      3716	8000187c	b401a193	slti	x3,x3,-1216	  x3:0x0000064d  x3=0x00000000
       37185000	      3717	80001880	0160d463	bge	x1,x22,80001888	  x1:0x00000000 x22:0x80002bf6
       37195000	      3718	00000000	00000013	addi	x0,x0,0	  x0:0x00000000
       37205000	      3719	80001884	00000013	addi	x0,x0,0	  x0:0x00000000
       37215000	      3720	80001888	00eedd33	srl	x26,x29,x14	 x29:0x00000000 x14:0x00000000 x26=0x00000000
       37225000	      3721	8000188c	028f9463	bne	x31,x8,800018b4	 x31:0x530f0000  x8:0x00000001
       37235000	      3722	00000000	00000013	addi	x0,x0,0	  x0:0x00000000
       37245000	      3723	800018b0	00000013	addi	x0,x0,0	  x0:0x00000000
       37255000	      3724	800018b4	415ed9b3	sra	x19,x29,x21	 x29:0x00000000 x21:0xce85ffac x19=0x00000000
       37265000	      3725	800018b8	03da7463	bgeu	x20,x29,800018e0	 x20:0xfffffa2b x29:0x00000000
       37275000	      3726	00000000	00000013	addi	x0,x0,0	  x0:0x00000000
       37285000	      3727	800018dc	00000013	addi	x0,x0,0	  x0:0x00000000
       37295000	      3728	800018e0	18013893	sltiu	x17,x2,384	  x2:0xce85ffac x17=0x00000000
       37305000	      3729	800018e4	00b04233	xor	x4,x0,x11	  x0:0x00000000 x11:0x8000182c  x4=0x8000182c
       37315000	      3730	800018e8	ec223197	auipc	x3,0xec223	  x3=0x6c2248e4
       37325000	      3731	800018ec	24d18c37	lui	x24,0x24d18	 x24=0x24d18000
       37335000	      3732	800018f0	1d892893	slti	x17,x18,472	 x18:0x00000000 x17=0x00000001
       37345000	      3733	800018f4	401fd093	srai	x1,x31,0x1	 x31:0x530f0000  x1=0x29878000
       37355000	      3734	800018f8	0041bcb3	sltu	x25,x3,x4	  x3:0x6c2248e4  x4:0x8000182c x25=0x00000001
       37365000	      3735	800018fc	02869863	bne	x13,x8,8000192c	 x13:0xc79d4ae0  x8:0x00000001
       37375000	      3736	00000000	00000013	addi	x0,x0,0	  x0:0x00000000
       37385000	      3737	80001928	00000013	addi	x0,x0,0	  x0:0x00000000
       37395000	      3738	8000192c	01ee9db3	sll	x27,x29,x30	 x29:0x00000000 x30:0x62607000 x27=0x00000000
       37405000	      3739	80001930	41a28d33	sub	x26,x5,x26	  x5:0xfffffffa x26:0x00000000 x26=0xfffffffa
       37415000	      3740	80001934	015b0fb3	add	x31,x22,x21	 x22:0x80002bf6 x21:0xce85ffac x31=0x4e862ba2
       37425000	      3741	80001938	00cad193	srli	x3,x21,0xc	 x21:0xce85ffac  x3=0x000ce85f
       37435000	      3742	8000193c	00000e17	auipc	x28,0x0	 x28=0x80001938
       37445000	      3743	80001940	00ce0e13	addi	x28,x28,12	 x28:0x80001938 x28=0x80001944
       37455000	      3744	80001944	000e0067	jalr	x0,x28,0	 x28:0x80001944
       37465000	      3745	00000000	00000013	addi	x0,x0,0	  x0:0x00000000
       37475000	      3746	80001944	00000013	addi	x0,x0,0	  x0:0x00000000
       37485000	      3747	80001948	00100193	addi	x3,x0,1	  x0:0x00000000  x3=0x00000001
       37495000	      3748	8000194c	00000073	ecall	
       37505000	      3749	80001950	014496b3	sll	x13,x9,x20	  x9:0x80009fc4 x20:0xfffffa2b x13=0x04fe2000
