		Time			Cycle	PC		Insn	Decoded instruction	Register and memory contents
          65000	         5	80000004	00000293	addi	x5,x0,0	  x0:0x00000000  x5=0x00000000
          75000	         6	80000008	00000313	addi	x6,x0,0	  x0:0x00000000  x6=0x00000000
          85000	         7	8000000c	00628263	beq	x5,x6,80000010	  x5:0x00000000  x6:0x00000000
          95000	         8	00000000	00000013	addi	x0,x0,0	  x0:0x00000000
         105000	         9	8000000c	00000013	addi	x0,x0,0	  x0:0x00000000
         115000	        10	80000010	00000297	auipc	x5,0x0	  x5=0x8000000c
         125000	        11	80000014	00c28293	addi	x5,x5,12	  x5:0x8000000c  x5=0x80000018
         135000	        12	80000018	00028067	jalr	x0,x5,0	  x5:0x80000018
         145000	        13	00000000	00000013	addi	x0,x0,0	  x0:0x00000000
         155000	        14	80000018	00000013	addi	x0,x0,0	  x0:0x00000000
         165000	        15	8000001c	400006b7	lui	x13,0x40000	 x13=0x40000000
         175000	        16	80000020	10068693	addi	x13,x13,256	 x13:0x40000000 x13=0x40000100
         185000	        17	80000024	00000013	addi	x0,x0,0	  x0:0x00000000
         195000	        18	80000028	0000ac17	auipc	x24,0xa	 x24=0x8000a024
         205000	        19	8000002c	fa0c0c13	addi	x24,x24,-96	 x24:0x8000a024 x24=0x80009fc4
         215000	        20	80000030	00004697	auipc	x13,0x4	 x13=0x8000402c
         225000	        21	80000034	96468693	addi	x13,x13,-1692	 x13:0x8000402c x13=0x80003990
         235000	        22	80000038	0016e693	ori	x13,x13,1	 x13:0x80003990 x13=0x80003991
         245000	        23	8000003c	00000013	addi	x0,x0,0	  x0:0x00000000
         255000	        24	80000040	00000697	auipc	x13,0x0	 x13=0x8000003c
         265000	        25	80000044	02068693	addi	x13,x13,32	 x13:0x8000003c x13=0x8000005c
         275000	        26	80000048	00000013	addi	x0,x0,0	  x0:0x00000000
         285000	        27	8000004c	00000013	addi	x0,x0,0	  x0:0x00000000
         295000	        28	80000050	000026b7	lui	x13,0x2	 x13=0x00002000
         305000	        29	80000054	80068693	addi	x13,x13,-2048	 x13:0x00002000 x13=0x00001800
         315000	        30	80000058	00000013	addi	x0,x0,0	  x0:0x00000000
         325000	        31	8000005c	00000013	addi	x0,x0,0	  x0:0x00000000
         335000	        32	80000060	fea15037	lui	x0,0xfea15	
         345000	        33	80000064	98c00013	addi	x0,x0,-1652	  x0:0x00000000
         355000	        34	80000068	f592e0b7	lui	x1,0xf592e	  x1=0xf592e000
         365000	        35	8000006c	f0f08093	addi	x1,x1,-241	  x1:0xf592e000  x1=0xf592df0f
         375000	        36	80000070	00500113	addi	x2,x0,5	  x0:0x00000000  x2=0x00000005
         385000	        37	80000074	00900193	addi	x3,x0,9	  x0:0x00000000  x3=0x00000009
         395000	        38	80000078	3e37d237	lui	x4,0x3e37d	  x4=0x3e37d000
         405000	        39	8000007c	0b920213	addi	x4,x4,185	  x4:0x3e37d000  x4=0x3e37d0b9
         415000	        40	80000080	00800293	addi	x5,x0,8	  x0:0x00000000  x5=0x00000008
         425000	        41	80000084	00200313	addi	x6,x0,2	  x0:0x00000000  x6=0x00000002
         435000	        42	80000088	f028d3b7	lui	x7,0xf028d	  x7=0xf028d000
         445000	        43	8000008c	b0e38393	addi	x7,x7,-1266	  x7:0xf028d000  x7=0xf028cb0e
         455000	        44	80000090	bd806437	lui	x8,0xbd806	  x8=0xbd806000
         465000	        45	80000094	5de40413	addi	x8,x8,1502	  x8:0xbd806000  x8=0xbd8065de
         475000	        46	80000098	00000493	addi	x9,x0,0	  x0:0x00000000  x9=0x00000000
         485000	        47	8000009c	00b00513	addi	x10,x0,11	  x0:0x00000000 x10=0x0000000b
         495000	        48	800000a0	00d00593	addi	x11,x0,13	  x0:0x00000000 x11=0x0000000d
         505000	        49	800000a4	00d00613	addi	x12,x0,13	  x0:0x00000000 x12=0x0000000d
         515000	        50	800000a8	800006b7	lui	x13,0x80000	 x13=0x80000000
         525000	        51	800000ac	29416737	lui	x14,0x29416	 x14=0x29416000
         535000	        52	800000b0	15a70713	addi	x14,x14,346	 x14:0x29416000 x14=0x2941615a
         545000	        53	800000b4	4816c7b7	lui	x15,0x4816c	 x15=0x4816c000
         555000	        54	800000b8	3a478793	addi	x15,x15,932	 x15:0x4816c000 x15=0x4816c3a4
         565000	        55	800000bc	ff22f837	lui	x16,0xff22f	 x16=0xff22f000
         575000	        56	800000c0	b8f80813	addi	x16,x16,-1137	 x16:0xff22f000 x16=0xff22eb8f
         585000	        57	800000c4	00000893	addi	x17,x0,0	  x0:0x00000000 x17=0x00000000
         595000	        58	800000c8	f68db937	lui	x18,0xf68db	 x18=0xf68db000
         605000	        59	800000cc	62190913	addi	x18,x18,1569	 x18:0xf68db000 x18=0xf68db621
         615000	        60	800000d0	077449b7	lui	x19,0x7744	 x19=0x07744000
         625000	        61	800000d4	64c98993	addi	x19,x19,1612	 x19:0x07744000 x19=0x0774464c
         635000	        62	800000d8	739a4a37	lui	x20,0x739a4	 x20=0x739a4000
         645000	        63	800000dc	93ea0a13	addi	x20,x20,-1730	 x20:0x739a4000 x20=0x739a393e
         655000	        64	800000e0	00000b13	addi	x22,x0,0	  x0:0x00000000 x22=0x00000000
         665000	        65	800000e4	fa77dbb7	lui	x23,0xfa77d	 x23=0xfa77d000
         675000	        66	800000e8	bedb8b93	addi	x23,x23,-1043	 x23:0xfa77d000 x23=0xfa77cbed
         685000	        67	800000ec	28ec2cb7	lui	x25,0x28ec2	 x25=0x28ec2000
         695000	        68	800000f0	099c8c93	addi	x25,x25,153	 x25:0x28ec2000 x25=0x28ec2099
         705000	        69	800000f4	b9d6ad37	lui	x26,0xb9d6a	 x26=0xb9d6a000
         715000	        70	800000f8	7fad0d13	addi	x26,x26,2042	 x26:0xb9d6a000 x26=0xb9d6a7fa
         725000	        71	800000fc	80000db7	lui	x27,0x80000	 x27=0x80000000
         735000	        72	80000100	00000e13	addi	x28,x0,0	  x0:0x00000000 x28=0x00000000
         745000	        73	80000104	80000eb7	lui	x29,0x80000	 x29=0x80000000
         755000	        74	80000108	80000f37	lui	x30,0x80000	 x30=0x80000000
         765000	        75	8000010c	4059bfb7	lui	x31,0x4059b	 x31=0x4059b000
         775000	        76	80000110	afef8f93	addi	x31,x31,-1282	 x31:0x4059b000 x31=0x4059aafe
         785000	        77	80000114	0000aa97	auipc	x21,0xa	 x21=0x8000a110
         795000	        78	80000118	e74a8a93	addi	x21,x21,-396	 x21:0x8000a110 x21=0x80009f84
         805000	        79	8000011c	00600413	addi	x8,x0,6	  x0:0x00000000  x8=0x00000006
         815000	        80	80000120	ed693d13	sltiu	x26,x18,-298	 x18:0xf68db621 x26=0x00000001
         825000	        81	80000124	ec9f8113	addi	x2,x31,-311	 x31:0x4059aafe  x2=0x4059a9c7
         835000	        82	80000128	e67fe513	ori	x10,x31,-409	 x31:0x4059aafe x10=0xfffffeff
         845000	        83	8000012c	41835013	srai	x0,x6,0x18	  x6:0x00000002
         855000	        84	80000130	00f00613	addi	x12,x0,15	  x0:0x00000000 x12=0x0000000f
         865000	        85	80000134	01c3df93	srli	x31,x7,0x1c	  x7:0xf028cb0e x31=0x0000000f
         875000	        86	80000138	5e9af1b7	lui	x3,0x5e9af	  x3=0x5e9af000
         885000	        87	8000013c	00000013	addi	x0,x0,0	  x0:0x00000000
         895000	        88	80000140	00fa20b3	slt	x1,x20,x15	 x20:0x739a393e x15:0x4816c3a4  x1=0x00000000
         905000	        89	80000144	00fd5493	srli	x9,x26,0xf	 x26:0x00000001  x9=0x00000000
         915000	        90	80000148	01f98133	add	x2,x19,x31	 x19:0x0774464c x31:0x0000000f  x2=0x0774465b
         925000	        91	8000014c	01b4f4b3	and	x9,x9,x27	  x9:0x00000000 x27:0x80000000  x9=0x00000000
         935000	        92	80000150	00540413	addi	x8,x8,5	  x8:0x00000006  x8=0x0000000b
         945000	        93	80000154	01ae4133	xor	x2,x28,x26	 x28:0x00000000 x26:0x00000001  x2=0x00000001
         955000	        94	80000158	00f1d133	srl	x2,x3,x15	  x3:0x5e9af000 x15:0x4816c3a4  x2=0x05e9af00
         965000	        95	8000015c	fcc46ee3	bltu	x8,x12,80000138	  x8:0x0000000b x12:0x0000000f
         975000	        96	00000000	00000013	addi	x0,x0,0	  x0:0x00000000
         985000	        97	80000134	00000013	addi	x0,x0,0	  x0:0x00000000
         995000	        98	80000138	5e9af1b7	lui	x3,0x5e9af	  x3=0x5e9af000
        1005000	        99	8000013c	00000013	addi	x0,x0,0	  x0:0x00000000
        1015000	       100	80000140	00fa20b3	slt	x1,x20,x15	 x20:0x739a393e x15:0x4816c3a4  x1=0x00000000
        1025000	       101	80000144	00fd5493	srli	x9,x26,0xf	 x26:0x00000001  x9=0x00000000
        1035000	       102	80000148	01f98133	add	x2,x19,x31	 x19:0x0774464c x31:0x0000000f  x2=0x0774465b
        1045000	       103	8000014c	01b4f4b3	and	x9,x9,x27	  x9:0x00000000 x27:0x80000000  x9=0x00000000
        1055000	       104	80000150	00540413	addi	x8,x8,5	  x8:0x0000000b  x8=0x00000010
        1065000	       105	80000154	01ae4133	xor	x2,x28,x26	 x28:0x00000000 x26:0x00000001  x2=0x00000001
        1075000	       106	80000158	00f1d133	srl	x2,x3,x15	  x3:0x5e9af000 x15:0x4816c3a4  x2=0x05e9af00
        1085000	       107	8000015c	fcc46ee3	bltu	x8,x12,80000138	  x8:0x00000010 x12:0x0000000f
        1095000	       108	80000160	30409397	auipc	x7,0x30409	  x7=0xb040915c
        1105000	       109	80000164	ff800e93	addi	x29,x0,-8	  x0:0x00000000 x29=0xfffffff8
        1115000	       110	80000168	00d00313	addi	x6,x0,13	  x0:0x00000000  x6=0x0000000d
        1125000	       111	8000016c	90023a13	sltiu	x20,x4,-1792	  x4:0x3e37d0b9 x20=0x00000001
        1135000	       112	80000170	01f62833	slt	x16,x12,x31	 x12:0x0000000f x31:0x0000000f x16=0x00000000
        1145000	       113	80000174	00304e33	xor	x28,x0,x3	  x0:0x00000000  x3:0x5e9af000 x28=0x5e9af000
        1155000	       114	80000178	008e8e93	addi	x29,x29,8	 x29:0xfffffff8 x29=0x00000000
        1165000	       115	8000017c	ffc00793	addi	x15,x0,-4	  x0:0x00000000 x15=0xfffffffc
        1175000	       116	80000180	00f00513	addi	x10,x0,15	  x0:0x00000000 x10=0x0000000f
        1185000	       117	80000184	41b75593	srai	x11,x14,0x1b	 x14:0x2941615a x11=0x00000005
        1195000	       118	80000188	00d89233	sll	x4,x17,x13	 x17:0x00000000 x13:0x80000000  x4=0x00000000
        1205000	       119	8000018c	01eeefb3	or	x31,x29,x30	 x29:0x00000000 x30:0x80000000 x31=0x80000000
        1215000	       120	80000190	00000013	addi	x0,x0,0	  x0:0x00000000
        1225000	       121	80000194	00278793	addi	x15,x15,2	 x15:0xfffffffc x15=0xfffffffe
        1235000	       122	80000198	00e27433	and	x8,x4,x14	  x4:0x00000000 x14:0x2941615a  x8=0x00000000
        1245000	       123	8000019c	fea7e8e3	bltu	x15,x10,8000018c	 x15:0xfffffffe x10:0x0000000f
        1255000	       124	800001a0	4063dfb3	sra	x31,x7,x6	  x7:0xb040915c  x6:0x0000000d x31=0xfffd8204
        1265000	       125	800001a4	00dc20b3	slt	x1,x24,x13	 x24:0x80009fc4 x13:0x80000000  x1=0x00000000
        1275000	       126	800001a8	fc6ee4e3	bltu	x29,x6,80000170	 x29:0x00000000  x6:0x0000000d
        1285000	       127	00000000	00000013	addi	x0,x0,0	  x0:0x00000000
        1295000	       128	8000016c	00000013	addi	x0,x0,0	  x0:0x00000000
        1305000	       129	80000170	01f62833	slt	x16,x12,x31	 x12:0x0000000f x31:0xfffd8204 x16=0x00000000
        1315000	       130	80000174	00304e33	xor	x28,x0,x3	  x0:0x00000000  x3:0x5e9af000 x28=0x5e9af000
        1325000	       131	80000178	008e8e93	addi	x29,x29,8	 x29:0x00000000 x29=0x00000008
        1335000	       132	8000017c	ffc00793	addi	x15,x0,-4	  x0:0x00000000 x15=0xfffffffc
        1345000	       133	80000180	00f00513	addi	x10,x0,15	  x0:0x00000000 x10=0x0000000f
        1355000	       134	80000184	41b75593	srai	x11,x14,0x1b	 x14:0x2941615a x11=0x00000005
        1365000	       135	80000188	00d89233	sll	x4,x17,x13	 x17:0x00000000 x13:0x80000000  x4=0x00000000
        1375000	       136	8000018c	01eeefb3	or	x31,x29,x30	 x29:0x00000008 x30:0x80000000 x31=0x80000008
        1385000	       137	80000190	00000013	addi	x0,x0,0	  x0:0x00000000
        1395000	       138	80000194	00278793	addi	x15,x15,2	 x15:0xfffffffc x15=0xfffffffe
        1405000	       139	80000198	00e27433	and	x8,x4,x14	  x4:0x00000000 x14:0x2941615a  x8=0x00000000
        1415000	       140	8000019c	fea7e8e3	bltu	x15,x10,8000018c	 x15:0xfffffffe x10:0x0000000f
        1425000	       141	800001a0	4063dfb3	sra	x31,x7,x6	  x7:0xb040915c  x6:0x0000000d x31=0xfffd8204
        1435000	       142	800001a4	00dc20b3	slt	x1,x24,x13	 x24:0x80009fc4 x13:0x80000000  x1=0x00000000
        1445000	       143	800001a8	fc6ee4e3	bltu	x29,x6,80000170	 x29:0x00000008  x6:0x0000000d
        1455000	       144	00000000	00000013	addi	x0,x0,0	  x0:0x00000000
        1465000	       145	8000016c	00000013	addi	x0,x0,0	  x0:0x00000000
        1475000	       146	80000170	01f62833	slt	x16,x12,x31	 x12:0x0000000f x31:0xfffd8204 x16=0x00000000
        1485000	       147	80000174	00304e33	xor	x28,x0,x3	  x0:0x00000000  x3:0x5e9af000 x28=0x5e9af000
        1495000	       148	80000178	008e8e93	addi	x29,x29,8	 x29:0x00000008 x29=0x00000010
        1505000	       149	8000017c	ffc00793	addi	x15,x0,-4	  x0:0x00000000 x15=0xfffffffc
        1515000	       150	80000180	00f00513	addi	x10,x0,15	  x0:0x00000000 x10=0x0000000f
        1525000	       151	80000184	41b75593	srai	x11,x14,0x1b	 x14:0x2941615a x11=0x00000005
        1535000	       152	80000188	00d89233	sll	x4,x17,x13	 x17:0x00000000 x13:0x80000000  x4=0x00000000
        1545000	       153	8000018c	01eeefb3	or	x31,x29,x30	 x29:0x00000010 x30:0x80000000 x31=0x80000010
        1555000	       154	80000190	00000013	addi	x0,x0,0	  x0:0x00000000
        1565000	       155	80000194	00278793	addi	x15,x15,2	 x15:0xfffffffc x15=0xfffffffe
        1575000	       156	80000198	00e27433	and	x8,x4,x14	  x4:0x00000000 x14:0x2941615a  x8=0x00000000
        1585000	       157	8000019c	fea7e8e3	bltu	x15,x10,8000018c	 x15:0xfffffffe x10:0x0000000f
        1595000	       158	800001a0	4063dfb3	sra	x31,x7,x6	  x7:0xb040915c  x6:0x0000000d x31=0xfffd8204
        1605000	       159	800001a4	00dc20b3	slt	x1,x24,x13	 x24:0x80009fc4 x13:0x80000000  x1=0x00000000
        1615000	       160	800001a8	fc6ee4e3	bltu	x29,x6,80000170	 x29:0x00000010  x6:0x0000000d
        1625000	       161	800001ac	c2b1b013	sltiu	x0,x3,-981	  x3:0x5e9af000
        1635000	       162	800001b0	17796f97	auipc	x31,0x17796	 x31=0x977961ac
        1645000	       163	800001b4	01a99133	sll	x2,x19,x26	 x19:0x0774464c x26:0x00000001  x2=0x0ee88c98
        1655000	       164	800001b8	a3ae00b7	lui	x1,0xa3ae0	  x1=0xa3ae0000
        1665000	       165	800001bc	3ad93093	sltiu	x1,x18,941	 x18:0xf68db621  x1=0x00000000
        1675000	       166	800001c0	6d67e793	ori	x15,x15,1750	 x15:0xfffffffe x15=0xfffffffe
        1685000	       167	800001c4	1670ed93	ori	x27,x1,359	  x1:0x00000000 x27=0x00000167
        1695000	       168	800001c8	01c05833	srl	x16,x0,x28	  x0:0x00000000 x28:0x5e9af000 x16=0x00000000
        1705000	       169	800001cc	006b5413	srli	x8,x22,0x6	 x22:0x00000000  x8=0x00000000
        1715000	       170	800001d0	00ac37b3	sltu	x15,x24,x10	 x24:0x80009fc4 x10:0x0000000f x15=0x00000000
        1725000	       171	800001d4	00575f33	srl	x30,x14,x5	 x14:0x2941615a  x5:0x00000008 x30=0x00294161
        1735000	       172	800001d8	00308533	add	x10,x1,x3	  x1:0x00000000  x3:0x5e9af000 x10=0x5e9af000
        1745000	       173	800001dc	006e7933	and	x18,x28,x6	 x28:0x5e9af000  x6:0x0000000d x18=0x00000000
        1755000	       174	800001e0	01d6da63	bge	x13,x29,800001f4	 x13:0x80000000 x29:0x00000010
        1765000	       175	800001e4	41015933	sra	x18,x2,x16	  x2:0x0ee88c98 x16:0x00000000 x18=0x0ee88c98
        1775000	       176	800001e8	0341ce63	blt	x3,x20,80000224	  x3:0x5e9af000 x20:0x00000001
        1785000	       177	800001ec	3110af13	slti	x30,x1,785	  x1:0x00000000 x30=0x00000001
        1795000	       178	800001f0	40b25433	sra	x8,x4,x11	  x4:0x00000000 x11:0x00000005  x8=0x00000000
        1805000	       179	800001f4	19ddbc93	sltiu	x25,x27,413	 x27:0x00000167 x25=0x00000001
        1815000	       180	800001f8	042de263	bltu	x27,x2,8000023c	 x27:0x00000167  x2:0x0ee88c98
        1825000	       181	00000000	00000013	addi	x0,x0,0	  x0:0x00000000
        1835000	       182	80000238	00000013	addi	x0,x0,0	  x0:0x00000000
        1845000	       183	8000023c	41f3d033	sra	x0,x7,x31	  x7:0xb040915c x31:0x977961ac
        1855000	       184	80000240	de898213	addi	x4,x19,-536	 x19:0x0774464c  x4=0x07744434
        1865000	       185	80000244	04922837	lui	x16,0x4922	 x16=0x04922000
        1875000	       186	80000248	00da9393	slli	x7,x21,0xd	 x21:0x80009f84  x7=0x13f08000
        1885000	       187	8000024c	449201b7	lui	x3,0x44920	  x3=0x44920000
        1895000	       188	80000250	02898663	beq	x19,x8,8000027c	 x19:0x0774464c  x8:0x00000000
        1905000	       189	80000254	70e28013	addi	x0,x5,1806	  x5:0x00000008
        1915000	       190	80000258	0119ea33	or	x20,x19,x17	 x19:0x0774464c x17:0x00000000 x20=0x0774464c
        1925000	       191	8000025c	413659b3	sra	x19,x12,x19	 x12:0x0000000f x19:0x0774464c x19=0x00000000
        1935000	       192	80000260	055a2d93	slti	x27,x20,85	 x20:0x0774464c x27=0x00000000
        1945000	       193	80000264	04616863	bltu	x2,x6,800002b4	  x2:0x0ee88c98  x6:0x0000000d
        1955000	       194	80000268	40190033	sub	x0,x18,x1	 x18:0x0ee88c98  x1:0x00000000
        1965000	       195	8000026c	414f5e93	srai	x29,x30,0x14	 x30:0x00000001 x29=0x00000000
        1975000	       196	80000270	1636c813	xori	x16,x13,355	 x13:0x80000000 x16=0x80000163
        1985000	       197	80000274	02e9e663	bltu	x19,x14,800002a0	 x19:0x00000000 x14:0x2941615a
        1995000	       198	00000000	00000013	addi	x0,x0,0	  x0:0x00000000
        2005000	       199	8000029c	00000013	addi	x0,x0,0	  x0:0x00000000
        2015000	       200	800002a0	010b0663	beq	x22,x16,800002ac	 x22:0x00000000 x16:0x80000163
        2025000	       201	800002a4	41b75393	srai	x7,x14,0x1b	 x14:0x2941615a  x7=0x00000005
        2035000	       202	800002a8	016d3333	sltu	x6,x26,x22	 x26:0x00000001 x22:0x00000000  x6=0x00000000
        2045000	       203	800002ac	018eddb3	srl	x27,x29,x24	 x29:0x00000000 x24:0x80009fc4 x27=0x00000000
        2055000	       204	800002b0	07761c63	bne	x12,x23,80000328	 x12:0x0000000f x23:0xfa77cbed
        2065000	       205	00000000	00000013	addi	x0,x0,0	  x0:0x00000000
        2075000	       206	80000324	00000013	addi	x0,x0,0	  x0:0x00000000
        2085000	       207	80000328	01c2cc63	blt	x5,x28,80000340	  x5:0x00000008 x28:0x5e9af000
        2095000	       208	00000000	00000013	addi	x0,x0,0	  x0:0x00000000
        2105000	       209	8000033c	00000013	addi	x0,x0,0	  x0:0x00000000
        2115000	       210	80000340	dba0f637	lui	x12,0xdba0f	 x12=0xdba0f000
        2125000	       211	80000344	00de1eb3	sll	x29,x28,x13	 x28:0x5e9af000 x13:0x80000000 x29=0x5e9af000
        2135000	       212	80000348	020e4c63	blt	x28,x0,80000380	 x28:0x5e9af000  x0:0x00000000
        2145000	       213	8000034c	4172da33	sra	x20,x5,x23	  x5:0x00000008 x23:0xfa77cbed x20=0x00000000
        2155000	       214	80000350	00aa9933	sll	x18,x21,x10	 x21:0x80009f84 x10:0x5e9af000 x18=0x80009f84
        2165000	       215	80000354	472a0f13	addi	x30,x20,1138	 x20:0x00000000 x30=0x00000472
        2175000	       216	80000358	002fc333	xor	x6,x31,x2	 x31:0x977961ac  x2:0x0ee88c98  x6=0x9991ed34
        2185000	       217	8000035c	d1e30093	addi	x1,x6,-738	  x6:0x9991ed34  x1=0x9991ea52
        2195000	       218	80000360	03147e63	bgeu	x8,x17,8000039c	  x8:0x00000000 x17:0x00000000
        2205000	       219	00000000	00000013	addi	x0,x0,0	  x0:0x00000000
        2215000	       220	80000398	00000013	addi	x0,x0,0	  x0:0x00000000
        2225000	       221	8000039c	01029233	sll	x4,x5,x16	  x5:0x00000008 x16:0x80000163  x4=0x00000040
        2235000	       222	800003a0	f900e617	auipc	x12,0xf900e	 x12=0x7900e39c
        2245000	       223	800003a4	4075d593	srai	x11,x11,0x7	 x11:0x00000005 x11=0x00000000
        2255000	       224	800003a8	40010eb3	sub	x29,x2,x0	  x2:0x0ee88c98  x0:0x00000000 x29=0x0ee88c98
        2265000	       225	800003ac	010abb33	sltu	x22,x21,x16	 x21:0x80009f84 x16:0x80000163 x22=0x00000000
        2275000	       226	800003b0	84602193	slti	x3,x0,-1978	  x0:0x00000000  x3=0x00000000
        2285000	       227	800003b4	00c0e633	or	x12,x1,x12	  x1:0x9991ea52 x12:0x7900e39c x12=0xf991ebde
        2295000	       228	800003b8	01264233	xor	x4,x12,x18	 x12:0xf991ebde x18:0x80009f84  x4=0x7991745a
        2305000	       229	800003bc	bd470f93	addi	x31,x14,-1068	 x14:0x2941615a x31=0x29415d2e
        2315000	       230	800003c0	9f2a4617	auipc	x12,0x9f2a4	 x12=0x1f2a43bc
        2325000	       231	800003c4	462a5a17	auipc	x20,0x462a5	 x20=0xc62a53c0
        2335000	       232	800003c8	5ba668b7	lui	x17,0x5ba66	 x17=0x5ba66000
        2345000	       233	800003cc	00f87cb3	and	x25,x16,x15	 x16:0x80000163 x15:0x00000000 x25=0x00000000
        2355000	       234	800003d0	00d4e433	or	x8,x9,x13	  x9:0x00000000 x13:0x80000000  x8=0x80000000
        2365000	       235	800003d4	00001697	auipc	x13,0x1	 x13=0x800013d0
        2375000	       236	800003d8	c0c68693	addi	x13,x13,-1012	 x13:0x800013d0 x13=0x80000fdc
        2385000	       237	800003dc	e3596313	ori	x6,x18,-459	 x18:0x80009f84  x6=0xffffffb5
        2395000	       238	800003e0	c8a68693	addi	x13,x13,-886	 x13:0x80000fdc x13=0x80000c66
        2405000	       239	800003e4	41b2db93	srai	x23,x5,0x1b	  x5:0x00000008 x23=0x00000000
        2415000	       240	800003e8	377683e7	jalr	x7,x13,887	 x13:0x80000c66  x7=0x800003e8
        2425000	       241	00000000	00000013	addi	x0,x0,0	  x0:0x00000000
        2435000	       242	80000fdc	00000013	addi	x0,x0,0	  x0:0x00000000
        2445000	       243	80000fe0	00021463	bne	x4,x0,80000fe8	  x4:0x7991745a  x0:0x00000000
        2455000	       244	00000000	00000013	addi	x0,x0,0	  x0:0x00000000
        2465000	       245	80000fe4	00000013	addi	x0,x0,0	  x0:0x00000000
        2475000	       246	80000fe8	fe0a8a93	addi	x21,x21,-32	 x21:0x80009f84 x21=0x80009f64
        2485000	       247	80000fec	007aa223	sw	x7,4(x21)	 x21:0x80009f64  x7:0x800003e8 PA:0x80009f68
        2495000	       248	80000ff0	015e6533	or	x10,x28,x21	 x28:0x5e9af000 x21:0x80009f64 x10=0xde9aff64
        2505000	       249	80000ff4	0180e733	or	x14,x1,x24	  x1:0x9991ea52 x24:0x80009fc4 x14=0x9991ffd6
        2515000	       250	80000ff8	00000013	addi	x0,x0,0	  x0:0x00000000
        2525000	       251	80000ffc	00000013	addi	x0,x0,0	  x0:0x00000000
        2535000	       252	80001000	405f0693	addi	x13,x30,1029	 x30:0x00000472 x13=0x00000877
        2545000	       253	80001004	014c79b3	and	x19,x24,x20	 x24:0x80009fc4 x20:0xc62a53c0 x19=0x800013c0
        2555000	       254	80001008	eba84313	xori	x6,x16,-326	 x16:0x80000163  x6=0x7fffffd9
        2565000	       255	8000100c	01e17933	and	x18,x2,x30	  x2:0x0ee88c98 x30:0x00000472 x18=0x00000410
        2575000	       256	80001010	929d3893	sltiu	x17,x26,-1751	 x26:0x00000001 x17=0x00000001
        2585000	       257	80001014	01defeb3	and	x29,x29,x29	 x29:0x0ee88c98 x29:0x0ee88c98 x29=0x0ee88c98
        2595000	       258	80001018	c6d3ef93	ori	x31,x7,-915	  x7:0x800003e8 x31=0xffffffed
        2605000	       259	8000101c	3572f713	andi	x14,x5,855	  x5:0x00000008 x14=0x00000000
        2615000	       260	80001020	40705f13	srai	x30,x0,0x7	  x0:0x00000000 x30=0x00000000
        2625000	       261	80001024	685d7993	andi	x19,x26,1669	 x26:0x00000001 x19=0x00000001
        2635000	       262	80001028	00000013	addi	x0,x0,0	  x0:0x00000000
        2645000	       263	8000102c	57e6bf13	sltiu	x30,x13,1406	 x13:0x00000877 x30=0x00000000
        2655000	       264	80001030	c1cff3ef	jal	x7,80001030	  x7=0x80001030
        2665000	       265	00000000	00000013	addi	x0,x0,0	  x0:0x00000000
        2675000	       266	80000448	00000013	addi	x0,x0,0	  x0:0x00000000
        2685000	       267	8000044c	5f27f213	andi	x4,x15,1522	 x15:0x00000000  x4=0x00000000
        2695000	       268	80000450	010e1833	sll	x16,x28,x16	 x28:0x5e9af000 x16:0x80000163 x16=0xf4d78000
        2705000	       269	80000454	403c0633	sub	x12,x24,x3	 x24:0x80009fc4  x3:0x00000000 x12=0x80009fc4
        2715000	       270	80000458	012cc463	blt	x25,x18,80000460	 x25:0x00000000 x18:0x00000410
        2725000	       271	00000000	00000013	addi	x0,x0,0	  x0:0x00000000
        2735000	       272	8000045c	00000013	addi	x0,x0,0	  x0:0x00000000
        2745000	       273	80000460	fdca8a93	addi	x21,x21,-36	 x21:0x80009f64 x21=0x80009f40
        2755000	       274	80000464	ea168117	auipc	x2,0xea168	  x2=0x6a168460
        2765000	       275	80000468	007aa223	sw	x7,4(x21)	 x21:0x80009f40  x7:0x80001030 PA:0x80009f44
        2775000	       276	8000046c	00873533	sltu	x10,x14,x8	 x14:0x00000000  x8:0x80000000 x10=0x00000001
        2785000	       277	80000470	00002717	auipc	x14,0x2	 x14=0x8000246c
        2795000	       278	80000474	0f070713	addi	x14,x14,240	 x14:0x8000246c x14=0x8000255c
        2805000	       279	80000478	014c6833	or	x16,x24,x20	 x24:0x80009fc4 x20:0xc62a53c0 x16=0xc62adfc4
        2815000	       280	8000047c	d8b70713	addi	x14,x14,-629	 x14:0x8000255c x14=0x800022e7
        2825000	       281	80000480	006bfe63	bgeu	x23,x6,8000049c	 x23:0x00000000  x6:0x7fffffd9
        2835000	       282	80000484	00d83eb3	sltu	x29,x16,x13	 x16:0xc62adfc4 x13:0x00000877 x29=0x00000000
        2845000	       283	80000488	003e49b3	xor	x19,x28,x3	 x28:0x5e9af000  x3:0x00000000 x19=0x5e9af000
        2855000	       284	8000048c	00801093	slli	x1,x0,0x8	  x0:0x00000000  x1=0x00000000
        2865000	       285	80000490	984cfe93	andi	x29,x25,-1660	 x25:0x00000000 x29=0x00000000
        2875000	       286	80000494	00940a37	lui	x20,0x940	 x20=0x00940000
        2885000	       287	80000498	b560c993	xori	x19,x1,-1194	  x1:0x00000000 x19=0xfffffb56
        2895000	       288	8000049c	275703e7	jalr	x7,x14,629	 x14:0x800022e7  x7=0x8000049c
        2905000	       289	00000000	00000013	addi	x0,x0,0	  x0:0x00000000
        2915000	       290	8000255c	00000013	addi	x0,x0,0	  x0:0x00000000
        2925000	       291	80002560	00ae61b3	or	x3,x28,x10	 x28:0x5e9af000 x10:0x00000001  x3=0x5e9af001
        2935000	       292	80002564	415ed9b3	sra	x19,x29,x21	 x29:0x00000000 x21:0x80009f40 x19=0x00000000
        2945000	       293	80002568	fdca8a93	addi	x21,x21,-36	 x21:0x80009f40 x21=0x80009f1c
        2955000	       294	8000256c	414b5213	srai	x4,x22,0x14	 x22:0x00000000  x4=0x00000000
        2965000	       295	80002570	007aa223	sw	x7,4(x21)	 x21:0x80009f1c  x7:0x8000049c PA:0x80009f20
        2975000	       296	80002574	01528033	add	x0,x5,x21	  x5:0x00000008 x21:0x80009f1c
        2985000	       297	80002578	005dbe33	sltu	x28,x27,x5	 x27:0x00000000  x5:0x00000008 x28=0x00000001
        2995000	       298	8000257c	00400593	addi	x11,x0,4	  x0:0x00000000 x11=0x00000004
        3005000	       299	80002580	01bef733	and	x14,x29,x27	 x29:0x00000000 x27:0x00000000 x14=0x00000000
        3015000	       300	80002584	019a91b3	sll	x3,x21,x25	 x21:0x80009f1c x25:0x00000000  x3=0x80009f1c
        3025000	       301	80002588	fef00d93	addi	x27,x0,-17	  x0:0x00000000 x27=0xffffffef
        3035000	       302	8000258c	006e73b3	and	x7,x28,x6	 x28:0x00000001  x6:0x7fffffd9  x7=0x00000001
        3045000	       303	80002590	00000013	addi	x0,x0,0	  x0:0x00000000
        3055000	       304	80002594	10c57c93	andi	x25,x10,268	 x10:0x00000001 x25=0x00000000
        3065000	       305	80002598	000cce33	xor	x28,x25,x0	 x25:0x00000000  x0:0x00000000 x28=0x00000000
        3075000	       306	8000259c	01282433	slt	x8,x16,x18	 x16:0xc62adfc4 x18:0x00000410  x8=0x00000001
        3085000	       307	800025a0	ffc58593	addi	x11,x11,-4	 x11:0x00000004 x11=0x00000000
        3095000	       308	800025a4	40ec0fb3	sub	x31,x24,x14	 x24:0x80009fc4 x14:0x00000000 x31=0x80009fc4
        3105000	       309	800025a8	00d4d393	srli	x7,x9,0xd	  x9:0x00000000  x7=0x00000000
        3115000	       310	800025ac	0099dfb3	srl	x31,x19,x9	 x19:0x00000000  x9:0x00000000 x31=0x00000000
        3125000	       311	800025b0	7a136717	auipc	x14,0x7a136	 x14=0xfa1385ac
        3135000	       312	800025b4	410fd1b3	sra	x3,x31,x16	 x31:0x00000000 x16:0xc62adfc4  x3=0x00000000
        3145000	       313	800025b8	fdb5dce3	bge	x11,x27,80002590	 x11:0x00000000 x27:0xffffffef
        3155000	       314	00000000	00000013	addi	x0,x0,0	  x0:0x00000000
        3165000	       315	8000258c	00000013	addi	x0,x0,0	  x0:0x00000000
        3175000	       316	80002590	00000013	addi	x0,x0,0	  x0:0x00000000
        3185000	       317	80002594	10c57c93	andi	x25,x10,268	 x10:0x00000001 x25=0x00000000
        3195000	       318	80002598	000cce33	xor	x28,x25,x0	 x25:0x00000000  x0:0x00000000 x28=0x00000000
        3205000	       319	8000259c	01282433	slt	x8,x16,x18	 x16:0xc62adfc4 x18:0x00000410  x8=0x00000001
        3215000	       320	800025a0	ffc58593	addi	x11,x11,-4	 x11:0x00000000 x11=0xfffffffc
        3225000	       321	800025a4	40ec0fb3	sub	x31,x24,x14	 x24:0x80009fc4 x14:0xfa1385ac x31=0x85ed1a18
        3235000	       322	800025a8	00d4d393	srli	x7,x9,0xd	  x9:0x00000000  x7=0x00000000
        3245000	       323	800025ac	0099dfb3	srl	x31,x19,x9	 x19:0x00000000  x9:0x00000000 x31=0x00000000
        3255000	       324	800025b0	7a136717	auipc	x14,0x7a136	 x14=0xfa1385ac
        3265000	       325	800025b4	410fd1b3	sra	x3,x31,x16	 x31:0x00000000 x16:0xc62adfc4  x3=0x00000000
        3275000	       326	800025b8	fdb5dce3	bge	x11,x27,80002590	 x11:0xfffffffc x27:0xffffffef
        3285000	       327	00000000	00000013	addi	x0,x0,0	  x0:0x00000000
        3295000	       328	8000258c	00000013	addi	x0,x0,0	  x0:0x00000000
        3305000	       329	80002590	00000013	addi	x0,x0,0	  x0:0x00000000
        3315000	       330	80002594	10c57c93	andi	x25,x10,268	 x10:0x00000001 x25=0x00000000
        3325000	       331	80002598	000cce33	xor	x28,x25,x0	 x25:0x00000000  x0:0x00000000 x28=0x00000000
        3335000	       332	8000259c	01282433	slt	x8,x16,x18	 x16:0xc62adfc4 x18:0x00000410  x8=0x00000001
        3345000	       333	800025a0	ffc58593	addi	x11,x11,-4	 x11:0xfffffffc x11=0xfffffff8
        3355000	       334	800025a4	40ec0fb3	sub	x31,x24,x14	 x24:0x80009fc4 x14:0xfa1385ac x31=0x85ed1a18
        3365000	       335	800025a8	00d4d393	srli	x7,x9,0xd	  x9:0x00000000  x7=0x00000000
        3375000	       336	800025ac	0099dfb3	srl	x31,x19,x9	 x19:0x00000000  x9:0x00000000 x31=0x00000000
        3385000	       337	800025b0	7a136717	auipc	x14,0x7a136	 x14=0xfa1385ac
        3395000	       338	800025b4	410fd1b3	sra	x3,x31,x16	 x31:0x00000000 x16:0xc62adfc4  x3=0x00000000
        3405000	       339	800025b8	fdb5dce3	bge	x11,x27,80002590	 x11:0xfffffff8 x27:0xffffffef
        3415000	       340	00000000	00000013	addi	x0,x0,0	  x0:0x00000000
        3425000	       341	8000258c	00000013	addi	x0,x0,0	  x0:0x00000000
        3435000	       342	80002590	00000013	addi	x0,x0,0	  x0:0x00000000
        3445000	       343	80002594	10c57c93	andi	x25,x10,268	 x10:0x00000001 x25=0x00000000
        3455000	       344	80002598	000cce33	xor	x28,x25,x0	 x25:0x00000000  x0:0x00000000 x28=0x00000000
        3465000	       345	8000259c	01282433	slt	x8,x16,x18	 x16:0xc62adfc4 x18:0x00000410  x8=0x00000001
        3475000	       346	800025a0	ffc58593	addi	x11,x11,-4	 x11:0xfffffff8 x11=0xfffffff4
        3485000	       347	800025a4	40ec0fb3	sub	x31,x24,x14	 x24:0x80009fc4 x14:0xfa1385ac x31=0x85ed1a18
        3495000	       348	800025a8	00d4d393	srli	x7,x9,0xd	  x9:0x00000000  x7=0x00000000
        3505000	       349	800025ac	0099dfb3	srl	x31,x19,x9	 x19:0x00000000  x9:0x00000000 x31=0x00000000
        3515000	       350	800025b0	7a136717	auipc	x14,0x7a136	 x14=0xfa1385ac
        3525000	       351	800025b4	410fd1b3	sra	x3,x31,x16	 x31:0x00000000 x16:0xc62adfc4  x3=0x00000000
        3535000	       352	800025b8	fdb5dce3	bge	x11,x27,80002590	 x11:0xfffffff4 x27:0xffffffef
        3545000	       353	00000000	00000013	addi	x0,x0,0	  x0:0x00000000
        3555000	       354	8000258c	00000013	addi	x0,x0,0	  x0:0x00000000
        3565000	       355	80002590	00000013	addi	x0,x0,0	  x0:0x00000000
        3575000	       356	80002594	10c57c93	andi	x25,x10,268	 x10:0x00000001 x25=0x00000000
        3585000	       357	80002598	000cce33	xor	x28,x25,x0	 x25:0x00000000  x0:0x00000000 x28=0x00000000
        3595000	       358	8000259c	01282433	slt	x8,x16,x18	 x16:0xc62adfc4 x18:0x00000410  x8=0x00000001
        3605000	       359	800025a0	ffc58593	addi	x11,x11,-4	 x11:0xfffffff4 x11=0xfffffff0
        3615000	       360	800025a4	40ec0fb3	sub	x31,x24,x14	 x24:0x80009fc4 x14:0xfa1385ac x31=0x85ed1a18
        3625000	       361	800025a8	00d4d393	srli	x7,x9,0xd	  x9:0x00000000  x7=0x00000000
        3635000	       362	800025ac	0099dfb3	srl	x31,x19,x9	 x19:0x00000000  x9:0x00000000 x31=0x00000000
        3645000	       363	800025b0	7a136717	auipc	x14,0x7a136	 x14=0xfa1385ac
        3655000	       364	800025b4	410fd1b3	sra	x3,x31,x16	 x31:0x00000000 x16:0xc62adfc4  x3=0x00000000
        3665000	       365	800025b8	fdb5dce3	bge	x11,x27,80002590	 x11:0xfffffff0 x27:0xffffffef
        3675000	       366	00000000	00000013	addi	x0,x0,0	  x0:0x00000000
        3685000	       367	8000258c	00000013	addi	x0,x0,0	  x0:0x00000000
        3695000	       368	80002590	00000013	addi	x0,x0,0	  x0:0x00000000
        3705000	       369	80002594	10c57c93	andi	x25,x10,268	 x10:0x00000001 x25=0x00000000
        3715000	       370	80002598	000cce33	xor	x28,x25,x0	 x25:0x00000000  x0:0x00000000 x28=0x00000000
        3725000	       371	8000259c	01282433	slt	x8,x16,x18	 x16:0xc62adfc4 x18:0x00000410  x8=0x00000001
        3735000	       372	800025a0	ffc58593	addi	x11,x11,-4	 x11:0xfffffff0 x11=0xffffffec
        3745000	       373	800025a4	40ec0fb3	sub	x31,x24,x14	 x24:0x80009fc4 x14:0xfa1385ac x31=0x85ed1a18
        3755000	       374	800025a8	00d4d393	srli	x7,x9,0xd	  x9:0x00000000  x7=0x00000000
        3765000	       375	800025ac	0099dfb3	srl	x31,x19,x9	 x19:0x00000000  x9:0x00000000 x31=0x00000000
        3775000	       376	800025b0	7a136717	auipc	x14,0x7a136	 x14=0xfa1385ac
        3785000	       377	800025b4	410fd1b3	sra	x3,x31,x16	 x31:0x00000000 x16:0xc62adfc4  x3=0x00000000
        3795000	       378	800025b8	fdb5dce3	bge	x11,x27,80002590	 x11:0xffffffec x27:0xffffffef
        3805000	       379	800025bc	624e6993	ori	x19,x28,1572	 x28:0x00000000 x19=0x00000624
        3815000	       380	800025c0	00800613	addi	x12,x0,8	  x0:0x00000000 x12=0x00000008
        3825000	       381	800025c4	002ff833	and	x16,x31,x2	 x31:0x00000000  x2:0x6a168460 x16=0x00000000
        3835000	       382	800025c8	00b00b13	addi	x22,x0,11	  x0:0x00000000 x22=0x0000000b
        3845000	       383	800025cc	01568233	add	x4,x13,x21	 x13:0x00000877 x21:0x80009f1c  x4=0x8000a793
        3855000	       384	800025d0	3b95ddb7	lui	x27,0x3b95d	 x27=0x3b95d000
        3865000	       385	800025d4	00360613	addi	x12,x12,3	 x12:0x00000008 x12=0x0000000b
        3875000	       386	800025d8	ef77a013	slti	x0,x15,-265	 x15:0x00000000
        3885000	       387	800025dc	41d008b3	sub	x17,x0,x29	  x0:0x00000000 x29:0x00000000 x17=0x00000000
        3895000	       388	800025e0	00a00693	addi	x13,x0,10	  x0:0x00000000 x13=0x0000000a
        3905000	       389	800025e4	00a00993	addi	x19,x0,10	  x0:0x00000000 x19=0x0000000a
        3915000	       390	800025e8	6acc3893	sltiu	x17,x24,1708	 x24:0x80009fc4 x17=0x00000000
        3925000	       391	800025ec	d15eb513	sltiu	x10,x29,-747	 x29:0x00000000 x10=0x00000001
        3935000	       392	800025f0	00045233	srl	x4,x8,x0	  x8:0x00000001  x0:0x00000000  x4=0x00000001
        3945000	       393	800025f4	ff768693	addi	x13,x13,-9	 x13:0x0000000a x13=0x00000001
        3955000	       394	800025f8	ff36fae3	bgeu	x13,x19,800025ec	 x13:0x00000001 x19:0x0000000a
        3965000	       395	800025fc	fd6668e3	bltu	x12,x22,800025cc	 x12:0x0000000b x22:0x0000000b
        3975000	       396	80002600	00b32db3	slt	x27,x6,x11	  x6:0x7fffffd9 x11:0xffffffec x27=0x00000000
        3985000	       397	80002604	00600813	addi	x16,x0,6	  x0:0x00000000 x16=0x00000006
        3995000	       398	80002608	debf7e93	andi	x29,x30,-533	 x30:0x00000000 x29=0x00000000
        4005000	       399	8000260c	00600393	addi	x7,x0,6	  x0:0x00000000  x7=0x00000006
        4015000	       400	80002610	01a2f7b3	and	x15,x5,x26	  x5:0x00000008 x26:0x00000001 x15=0x00000000
        4025000	       401	80002614	fff80813	addi	x16,x16,-1	 x16:0x00000006 x16=0x00000005
        4035000	       402	80002618	00000013	addi	x0,x0,0	  x0:0x00000000
        4045000	       403	8000261c	00a00993	addi	x19,x0,10	  x0:0x00000000 x19=0x0000000a
        4055000	       404	80002620	4146d033	sra	x0,x13,x20	 x13:0x00000001 x20:0x00940000
        4065000	       405	80002624	00700213	addi	x4,x0,7	  x0:0x00000000  x4=0x00000007
        4075000	       406	80002628	f75cb013	sltiu	x0,x25,-139	 x25:0x00000000
        4085000	       407	8000262c	50be0693	addi	x13,x28,1291	 x28:0x00000000 x13=0x0000050b
        4095000	       408	80002630	ffa98993	addi	x19,x19,-6	 x19:0x0000000a x19=0x00000004
        4105000	       409	80002634	4cd84193	xori	x3,x16,1229	 x16:0x00000005  x3=0x000004c8
        4115000	       410	80002638	011f0333	add	x6,x30,x17	 x30:0x00000000 x17:0x00000000  x6=0x00000000
        4125000	       411	8000263c	fe49f8e3	bgeu	x19,x4,8000262c	 x19:0x00000004  x4:0x00000007
        4135000	       412	80002640	2164eb93	ori	x23,x9,534	  x9:0x00000000 x23=0x00000216
        4145000	       413	80002644	41e504b3	sub	x9,x10,x30	 x10:0x00000001 x30:0x00000000  x9=0x00000001
        4155000	       414	80002648	fc7874e3	bgeu	x16,x7,80002610	 x16:0x00000005  x7:0x00000006
        4165000	       415	8000264c	00c89d33	sll	x26,x17,x12	 x17:0x00000000 x12:0x0000000b x26=0x00000000
        4175000	       416	80002650	ffa00693	addi	x13,x0,-6	  x0:0x00000000 x13=0xfffffffa
        4185000	       417	80002654	00639333	sll	x6,x7,x6	  x7:0x00000006  x6:0x00000000  x6=0x00000006
        4195000	       418	80002658	00a44bb3	xor	x23,x8,x10	  x8:0x00000001 x10:0x00000001 x23=0x00000000
        4205000	       419	8000265c	41245193	srai	x3,x8,0x12	  x8:0x00000001  x3=0x00000000
        4215000	       420	80002660	411bd193	srai	x3,x23,0x11	 x23:0x00000000  x3=0x00000000
        4225000	       421	80002664	009a0033	add	x0,x20,x9	 x20:0x00940000  x9:0x00000001
        4235000	       422	80002668	b7075417	auipc	x8,0xb7075	  x8=0x37077664
        4245000	       423	8000266c	0107fcb3	and	x25,x15,x16	 x15:0x00000000 x16:0x00000005 x25=0x00000000
        4255000	       424	80002670	01bd4e33	xor	x28,x26,x27	 x26:0x00000000 x27:0x00000000 x28=0x00000000
        4265000	       425	80002674	f4d3a393	slti	x7,x7,-179	  x7:0x00000006  x7=0x00000000
        4275000	       426	80002678	00c60e33	add	x28,x12,x12	 x12:0x0000000b x12:0x0000000b x28=0x00000016
        4285000	       427	8000267c	01d0d793	srli	x15,x1,0x1d	  x1:0x00000000 x15=0x00000000
        4295000	       428	80002680	ff700593	addi	x11,x0,-9	  x0:0x00000000 x11=0xfffffff7
        4305000	       429	80002684	00a20e33	add	x28,x4,x10	  x4:0x00000007 x10:0x00000001 x28=0x00000008
        4315000	       430	80002688	0067bdb3	sltu	x27,x15,x6	 x15:0x00000000  x6:0x00000006 x27=0x00000001
        4325000	       431	8000268c	0154df93	srli	x31,x9,0x15	  x9:0x00000001 x31=0x00000000
        4335000	       432	80002690	b3436493	ori	x9,x6,-1228	  x6:0x00000006  x9=0xfffffb36
        4345000	       433	80002694	cb7e3213	sltiu	x4,x28,-841	 x28:0x00000008  x4=0x00000001
        4355000	       434	80002698	ffb68693	addi	x13,x13,-5	 x13:0xfffffffa x13=0xfffffff5
        4365000	       435	8000269c	0126f633	and	x12,x13,x18	 x13:0xfffffff5 x18:0x00000410 x12=0x00000410
        4375000	       436	800026a0	01831c93	slli	x25,x6,0x18	  x6:0x00000006 x25=0x06000000
        4385000	       437	800026a4	feb6d2e3	bge	x13,x11,80002688	 x13:0xfffffff5 x11:0xfffffff7
        4395000	       438	800026a8	00000013	addi	x0,x0,0	  x0:0x00000000
        4405000	       439	800026ac	00200913	addi	x18,x0,2	  x0:0x00000000 x18=0x00000002
        4415000	       440	800026b0	01100793	addi	x15,x0,17	  x0:0x00000000 x15=0x00000011
        4425000	       441	800026b4	00c1ccb3	xor	x25,x3,x12	  x3:0x00000000 x12:0x00000410 x25=0x00000410
        4435000	       442	800026b8	00290913	addi	x18,x18,2	 x18:0x00000002 x18=0x00000004
        4445000	       443	800026bc	00300f93	addi	x31,x0,3	  x0:0x00000000 x31=0x00000003
        4455000	       444	800026c0	00200613	addi	x12,x0,2	  x0:0x00000000 x12=0x00000002
        4465000	       445	800026c4	df3acd93	xori	x27,x21,-525	 x21:0x80009f1c x27=0x7fff62ef
        4475000	       446	800026c8	ffff8f93	addi	x31,x31,-1	 x31:0x00000003 x31=0x00000002
        4485000	       447	800026cc	53b2f997	auipc	x19,0x53b2f	 x19=0xd3b316c8
        4495000	       448	800026d0	fecffae3	bgeu	x31,x12,800026c4	 x31:0x00000002 x12:0x00000002
        4505000	       449	00000000	00000013	addi	x0,x0,0	  x0:0x00000000
        4515000	       450	800026c0	00000013	addi	x0,x0,0	  x0:0x00000000
        4525000	       451	800026c4	df3acd93	xori	x27,x21,-525	 x21:0x80009f1c x27=0x7fff62ef
        4535000	       452	800026c8	ffff8f93	addi	x31,x31,-1	 x31:0x00000002 x31=0x00000001
        4545000	       453	800026cc	53b2f997	auipc	x19,0x53b2f	 x19=0xd3b316c8
        4555000	       454	800026d0	fecffae3	bgeu	x31,x12,800026c4	 x31:0x00000001 x12:0x00000002
        4565000	       455	800026d4	fef960e3	bltu	x18,x15,800026b4	 x18:0x00000004 x15:0x00000011
        4575000	       456	00000000	00000013	addi	x0,x0,0	  x0:0x00000000
        4585000	       457	800026b0	00000013	addi	x0,x0,0	  x0:0x00000000
        4595000	       458	800026b4	00c1ccb3	xor	x25,x3,x12	  x3:0x00000000 x12:0x00000002 x25=0x00000002
        4605000	       459	800026b8	00290913	addi	x18,x18,2	 x18:0x00000004 x18=0x00000006
        4615000	       460	800026bc	00300f93	addi	x31,x0,3	  x0:0x00000000 x31=0x00000003
        4625000	       461	800026c0	00200613	addi	x12,x0,2	  x0:0x00000000 x12=0x00000002
        4635000	       462	800026c4	df3acd93	xori	x27,x21,-525	 x21:0x80009f1c x27=0x7fff62ef
        4645000	       463	800026c8	ffff8f93	addi	x31,x31,-1	 x31:0x00000003 x31=0x00000002
        4655000	       464	800026cc	53b2f997	auipc	x19,0x53b2f	 x19=0xd3b316c8
        4665000	       465	800026d0	fecffae3	bgeu	x31,x12,800026c4	 x31:0x00000002 x12:0x00000002
        4675000	       466	00000000	00000013	addi	x0,x0,0	  x0:0x00000000
        4685000	       467	800026c0	00000013	addi	x0,x0,0	  x0:0x00000000
        4695000	       468	800026c4	df3acd93	xori	x27,x21,-525	 x21:0x80009f1c x27=0x7fff62ef
        4705000	       469	800026c8	ffff8f93	addi	x31,x31,-1	 x31:0x00000002 x31=0x00000001
        4715000	       470	800026cc	53b2f997	auipc	x19,0x53b2f	 x19=0xd3b316c8
        4725000	       471	800026d0	fecffae3	bgeu	x31,x12,800026c4	 x31:0x00000001 x12:0x00000002
        4735000	       472	800026d4	fef960e3	bltu	x18,x15,800026b4	 x18:0x00000006 x15:0x00000011
        4745000	       473	00000000	00000013	addi	x0,x0,0	  x0:0x00000000
        4755000	       474	800026b0	00000013	addi	x0,x0,0	  x0:0x00000000
        4765000	       475	800026b4	00c1ccb3	xor	x25,x3,x12	  x3:0x00000000 x12:0x00000002 x25=0x00000002
        4775000	       476	800026b8	00290913	addi	x18,x18,2	 x18:0x00000006 x18=0x00000008
        4785000	       477	800026bc	00300f93	addi	x31,x0,3	  x0:0x00000000 x31=0x00000003
        4795000	       478	800026c0	00200613	addi	x12,x0,2	  x0:0x00000000 x12=0x00000002
        4805000	       479	800026c4	df3acd93	xori	x27,x21,-525	 x21:0x80009f1c x27=0x7fff62ef
        4815000	       480	800026c8	ffff8f93	addi	x31,x31,-1	 x31:0x00000003 x31=0x00000002
        4825000	       481	800026cc	53b2f997	auipc	x19,0x53b2f	 x19=0xd3b316c8
        4835000	       482	800026d0	fecffae3	bgeu	x31,x12,800026c4	 x31:0x00000002 x12:0x00000002
        4845000	       483	00000000	00000013	addi	x0,x0,0	  x0:0x00000000
        4855000	       484	800026c0	00000013	addi	x0,x0,0	  x0:0x00000000
        4865000	       485	800026c4	df3acd93	xori	x27,x21,-525	 x21:0x80009f1c x27=0x7fff62ef
        4875000	       486	800026c8	ffff8f93	addi	x31,x31,-1	 x31:0x00000002 x31=0x00000001
        4885000	       487	800026cc	53b2f997	auipc	x19,0x53b2f	 x19=0xd3b316c8
        4895000	       488	800026d0	fecffae3	bgeu	x31,x12,800026c4	 x31:0x00000001 x12:0x00000002
        4905000	       489	800026d4	fef960e3	bltu	x18,x15,800026b4	 x18:0x00000008 x15:0x00000011
        4915000	       490	00000000	00000013	addi	x0,x0,0	  x0:0x00000000
        4925000	       491	800026b0	00000013	addi	x0,x0,0	  x0:0x00000000
        4935000	       492	800026b4	00c1ccb3	xor	x25,x3,x12	  x3:0x00000000 x12:0x00000002 x25=0x00000002
        4945000	       493	800026b8	00290913	addi	x18,x18,2	 x18:0x00000008 x18=0x0000000a
        4955000	       494	800026bc	00300f93	addi	x31,x0,3	  x0:0x00000000 x31=0x00000003
        4965000	       495	800026c0	00200613	addi	x12,x0,2	  x0:0x00000000 x12=0x00000002
        4975000	       496	800026c4	df3acd93	xori	x27,x21,-525	 x21:0x80009f1c x27=0x7fff62ef
        4985000	       497	800026c8	ffff8f93	addi	x31,x31,-1	 x31:0x00000003 x31=0x00000002
        4995000	       498	800026cc	53b2f997	auipc	x19,0x53b2f	 x19=0xd3b316c8
        5005000	       499	800026d0	fecffae3	bgeu	x31,x12,800026c4	 x31:0x00000002 x12:0x00000002
        5015000	       500	00000000	00000013	addi	x0,x0,0	  x0:0x00000000
        5025000	       501	800026c0	00000013	addi	x0,x0,0	  x0:0x00000000
        5035000	       502	800026c4	df3acd93	xori	x27,x21,-525	 x21:0x80009f1c x27=0x7fff62ef
        5045000	       503	800026c8	ffff8f93	addi	x31,x31,-1	 x31:0x00000002 x31=0x00000001
        5055000	       504	800026cc	53b2f997	auipc	x19,0x53b2f	 x19=0xd3b316c8
        5065000	       505	800026d0	fecffae3	bgeu	x31,x12,800026c4	 x31:0x00000001 x12:0x00000002
        5075000	       506	800026d4	fef960e3	bltu	x18,x15,800026b4	 x18:0x0000000a x15:0x00000011
        5085000	       507	00000000	00000013	addi	x0,x0,0	  x0:0x00000000
        5095000	       508	800026b0	00000013	addi	x0,x0,0	  x0:0x00000000
        5105000	       509	800026b4	00c1ccb3	xor	x25,x3,x12	  x3:0x00000000 x12:0x00000002 x25=0x00000002
        5115000	       510	800026b8	00290913	addi	x18,x18,2	 x18:0x0000000a x18=0x0000000c
        5125000	       511	800026bc	00300f93	addi	x31,x0,3	  x0:0x00000000 x31=0x00000003
        5135000	       512	800026c0	00200613	addi	x12,x0,2	  x0:0x00000000 x12=0x00000002
        5145000	       513	800026c4	df3acd93	xori	x27,x21,-525	 x21:0x80009f1c x27=0x7fff62ef
        5155000	       514	800026c8	ffff8f93	addi	x31,x31,-1	 x31:0x00000003 x31=0x00000002
        5165000	       515	800026cc	53b2f997	auipc	x19,0x53b2f	 x19=0xd3b316c8
        5175000	       516	800026d0	fecffae3	bgeu	x31,x12,800026c4	 x31:0x00000002 x12:0x00000002
        5185000	       517	00000000	00000013	addi	x0,x0,0	  x0:0x00000000
        5195000	       518	800026c0	00000013	addi	x0,x0,0	  x0:0x00000000
        5205000	       519	800026c4	df3acd93	xori	x27,x21,-525	 x21:0x80009f1c x27=0x7fff62ef
        5215000	       520	800026c8	ffff8f93	addi	x31,x31,-1	 x31:0x00000002 x31=0x00000001
        5225000	       521	800026cc	53b2f997	auipc	x19,0x53b2f	 x19=0xd3b316c8
        5235000	       522	800026d0	fecffae3	bgeu	x31,x12,800026c4	 x31:0x00000001 x12:0x00000002
        5245000	       523	800026d4	fef960e3	bltu	x18,x15,800026b4	 x18:0x0000000c x15:0x00000011
        5255000	       524	00000000	00000013	addi	x0,x0,0	  x0:0x00000000
        5265000	       525	800026b0	00000013	addi	x0,x0,0	  x0:0x00000000
        5275000	       526	800026b4	00c1ccb3	xor	x25,x3,x12	  x3:0x00000000 x12:0x00000002 x25=0x00000002
        5285000	       527	800026b8	00290913	addi	x18,x18,2	 x18:0x0000000c x18=0x0000000e
        5295000	       528	800026bc	00300f93	addi	x31,x0,3	  x0:0x00000000 x31=0x00000003
        5305000	       529	800026c0	00200613	addi	x12,x0,2	  x0:0x00000000 x12=0x00000002
        5315000	       530	800026c4	df3acd93	xori	x27,x21,-525	 x21:0x80009f1c x27=0x7fff62ef
        5325000	       531	800026c8	ffff8f93	addi	x31,x31,-1	 x31:0x00000003 x31=0x00000002
        5335000	       532	800026cc	53b2f997	auipc	x19,0x53b2f	 x19=0xd3b316c8
        5345000	       533	800026d0	fecffae3	bgeu	x31,x12,800026c4	 x31:0x00000002 x12:0x00000002
        5355000	       534	00000000	00000013	addi	x0,x0,0	  x0:0x00000000
        5365000	       535	800026c0	00000013	addi	x0,x0,0	  x0:0x00000000
        5375000	       536	800026c4	df3acd93	xori	x27,x21,-525	 x21:0x80009f1c x27=0x7fff62ef
        5385000	       537	800026c8	ffff8f93	addi	x31,x31,-1	 x31:0x00000002 x31=0x00000001
        5395000	       538	800026cc	53b2f997	auipc	x19,0x53b2f	 x19=0xd3b316c8
        5405000	       539	800026d0	fecffae3	bgeu	x31,x12,800026c4	 x31:0x00000001 x12:0x00000002
        5415000	       540	800026d4	fef960e3	bltu	x18,x15,800026b4	 x18:0x0000000e x15:0x00000011
        5425000	       541	00000000	00000013	addi	x0,x0,0	  x0:0x00000000
        5435000	       542	800026b0	00000013	addi	x0,x0,0	  x0:0x00000000
        5445000	       543	800026b4	00c1ccb3	xor	x25,x3,x12	  x3:0x00000000 x12:0x00000002 x25=0x00000002
        5455000	       544	800026b8	00290913	addi	x18,x18,2	 x18:0x0000000e x18=0x00000010
        5465000	       545	800026bc	00300f93	addi	x31,x0,3	  x0:0x00000000 x31=0x00000003
        5475000	       546	800026c0	00200613	addi	x12,x0,2	  x0:0x00000000 x12=0x00000002
        5485000	       547	800026c4	df3acd93	xori	x27,x21,-525	 x21:0x80009f1c x27=0x7fff62ef
        5495000	       548	800026c8	ffff8f93	addi	x31,x31,-1	 x31:0x00000003 x31=0x00000002
        5505000	       549	800026cc	53b2f997	auipc	x19,0x53b2f	 x19=0xd3b316c8
        5515000	       550	800026d0	fecffae3	bgeu	x31,x12,800026c4	 x31:0x00000002 x12:0x00000002
        5525000	       551	00000000	00000013	addi	x0,x0,0	  x0:0x00000000
        5535000	       552	800026c0	00000013	addi	x0,x0,0	  x0:0x00000000
        5545000	       553	800026c4	df3acd93	xori	x27,x21,-525	 x21:0x80009f1c x27=0x7fff62ef
        5555000	       554	800026c8	ffff8f93	addi	x31,x31,-1	 x31:0x00000002 x31=0x00000001
        5565000	       555	800026cc	53b2f997	auipc	x19,0x53b2f	 x19=0xd3b316c8
        5575000	       556	800026d0	fecffae3	bgeu	x31,x12,800026c4	 x31:0x00000001 x12:0x00000002
        5585000	       557	800026d4	fef960e3	bltu	x18,x15,800026b4	 x18:0x00000010 x15:0x00000011
        5595000	       558	00000000	00000013	addi	x0,x0,0	  x0:0x00000000
        5605000	       559	800026b0	00000013	addi	x0,x0,0	  x0:0x00000000
        5615000	       560	800026b4	00c1ccb3	xor	x25,x3,x12	  x3:0x00000000 x12:0x00000002 x25=0x00000002
        5625000	       561	800026b8	00290913	addi	x18,x18,2	 x18:0x00000010 x18=0x00000012
        5635000	       562	800026bc	00300f93	addi	x31,x0,3	  x0:0x00000000 x31=0x00000003
        5645000	       563	800026c0	00200613	addi	x12,x0,2	  x0:0x00000000 x12=0x00000002
        5655000	       564	800026c4	df3acd93	xori	x27,x21,-525	 x21:0x80009f1c x27=0x7fff62ef
        5665000	       565	800026c8	ffff8f93	addi	x31,x31,-1	 x31:0x00000003 x31=0x00000002
        5675000	       566	800026cc	53b2f997	auipc	x19,0x53b2f	 x19=0xd3b316c8
        5685000	       567	800026d0	fecffae3	bgeu	x31,x12,800026c4	 x31:0x00000002 x12:0x00000002
        5695000	       568	00000000	00000013	addi	x0,x0,0	  x0:0x00000000
        5705000	       569	800026c0	00000013	addi	x0,x0,0	  x0:0x00000000
        5715000	       570	800026c4	df3acd93	xori	x27,x21,-525	 x21:0x80009f1c x27=0x7fff62ef
        5725000	       571	800026c8	ffff8f93	addi	x31,x31,-1	 x31:0x00000002 x31=0x00000001
        5735000	       572	800026cc	53b2f997	auipc	x19,0x53b2f	 x19=0xd3b316c8
        5745000	       573	800026d0	fecffae3	bgeu	x31,x12,800026c4	 x31:0x00000001 x12:0x00000002
        5755000	       574	800026d4	fef960e3	bltu	x18,x15,800026b4	 x18:0x00000012 x15:0x00000011
        5765000	       575	800026d8	00d19533	sll	x10,x3,x13	  x3:0x00000000 x13:0xfffffff5 x10=0x00000000
        5775000	       576	800026dc	00800993	addi	x19,x0,8	  x0:0x00000000 x19=0x00000008
        5785000	       577	800026e0	0085af33	slt	x30,x11,x8	 x11:0xfffffff7  x8:0x37077664 x30=0x00000001
        5795000	       578	800026e4	00b90633	add	x12,x18,x11	 x18:0x00000012 x11:0xfffffff7 x12=0x00000009
        5805000	       579	800026e8	01200e13	addi	x28,x0,18	  x0:0x00000000 x28=0x00000012
        5815000	       580	800026ec	a1f04793	xori	x15,x0,-1505	  x0:0x00000000 x15=0xfffffa1f
        5825000	       581	800026f0	5f16fc97	auipc	x25,0x5f16f	 x25=0xdf1716ec
        5835000	       582	800026f4	01eba533	slt	x10,x23,x30	 x23:0x00000000 x30:0x00000001 x10=0x00000001
        5845000	       583	800026f8	40ce8433	sub	x8,x29,x12	 x29:0x00000000 x12:0x00000009  x8=0xfffffff7
        5855000	       584	800026fc	0005bf33	sltu	x30,x11,x0	 x11:0xfffffff7  x0:0x00000000 x30=0x00000000
        5865000	       585	80002700	d84df493	andi	x9,x27,-636	 x27:0x7fff62ef  x9=0x7fff6084
        5875000	       586	80002704	41a30433	sub	x8,x6,x26	  x6:0x00000006 x26:0x00000000  x8=0x00000006
        5885000	       587	80002708	00a98993	addi	x19,x19,10	 x19:0x00000008 x19=0x00000012
        5895000	       588	8000270c	ff600713	addi	x14,x0,-10	  x0:0x00000000 x14=0xfffffff6
        5905000	       589	80002710	7d72b313	sltiu	x6,x5,2007	  x5:0x00000008  x6=0x00000001
        5915000	       590	80002714	00975413	srli	x8,x14,0x9	 x14:0xfffffff6  x8=0x007fffff
        5925000	       591	80002718	01991533	sll	x10,x18,x25	 x18:0x00000012 x25:0xdf1716ec x10=0x00012000
        5935000	       592	8000271c	001b3fb3	sltu	x31,x22,x1	 x22:0x0000000b  x1:0x00000000 x31=0x00000000
        5945000	       593	80002720	a010ac93	slti	x25,x1,-1535	  x1:0x00000000 x25=0x00000000
        5955000	       594	80002724	0050d633	srl	x12,x1,x5	  x1:0x00000000  x5:0x00000008 x12=0x00000000
        5965000	       595	80002728	01a63933	sltu	x18,x12,x26	 x12:0x00000000 x26:0x00000000 x18=0x00000000
        5975000	       596	8000272c	00400693	addi	x13,x0,4	  x0:0x00000000 x13=0x00000004
        5985000	       597	80002730	bafc7193	andi	x3,x24,-1105	 x24:0x80009fc4  x3=0x80009b84
        5995000	       598	80002734	330c4f13	xori	x30,x24,816	 x24:0x80009fc4 x30=0x80009cf4
        6005000	       599	80002738	41e08db3	sub	x27,x1,x30	  x1:0x00000000 x30:0x80009cf4 x27=0x7fff630c
        6015000	       600	8000273c	01721e93	slli	x29,x4,0x17	  x4:0x00000001 x29=0x00800000
        6025000	       601	80002740	30523093	sltiu	x1,x4,773	  x4:0x00000001  x1=0x00000001
        6035000	       602	80002744	00270713	addi	x14,x14,2	 x14:0xfffffff6 x14=0xfffffff8
        6045000	       603	80002748	410b5833	sra	x16,x22,x16	 x22:0x0000000b x16:0x00000005 x16=0x00000000
        6055000	       604	8000274c	fed764e3	bltu	x14,x13,80002734	 x14:0xfffffff8 x13:0x00000004
        6065000	       605	80002750	000eb0b3	sltu	x1,x29,x0	 x29:0x00800000  x0:0x00000000  x1=0x00000000
        6075000	       606	80002754	b0058a13	addi	x20,x11,-1280	 x11:0xfffffff7 x20=0xfffffaf7
        6085000	       607	80002758	00b51c93	slli	x25,x10,0xb	 x10:0x00012000 x25=0x09000000
        6095000	       608	8000275c	f9c9ece3	bltu	x19,x28,800026f4	 x19:0x00000012 x28:0x00000012
        6105000	       609	80002760	01c5deb3	srl	x29,x11,x28	 x11:0xfffffff7 x28:0x00000012 x29=0x00003fff
        6115000	       610	80002764	0091c7b3	xor	x15,x3,x9	  x3:0x80009b84  x9:0x7fff6084 x15=0xfffffb00
        6125000	       611	80002768	409d8433	sub	x8,x27,x9	 x27:0x7fff630c  x9:0x7fff6084  x8=0x00000288
        6135000	       612	8000276c	d70fb193	sltiu	x3,x31,-656	 x31:0x00000000  x3=0x00000001
        6145000	       613	80002770	01769633	sll	x12,x13,x23	 x13:0x00000004 x23:0x00000000 x12=0x00000004
        6155000	       614	80002774	e8d57b37	lui	x22,0xe8d57	 x22=0xe8d57000
        6165000	       615	80002778	00191993	slli	x19,x18,0x1	 x18:0x00000000 x19=0x00000000
        6175000	       616	8000277c	01be8863	beq	x29,x27,8000278c	 x29:0x00003fff x27:0x7fff630c
        6185000	       617	80002780	016970b3	and	x1,x18,x22	 x18:0x00000000 x22:0xe8d57000  x1=0x00000000
        6195000	       618	80002784	ed4f1b17	auipc	x22,0xed4f1	 x22=0x6d4f3780
        6205000	       619	80002788	41e7dd13	srai	x26,x15,0x1e	 x15:0xfffffb00 x26=0xffffffff
        6215000	       620	8000278c	013605b3	add	x11,x12,x19	 x12:0x00000004 x19:0x00000000 x11=0x00000004
        6225000	       621	80002790	040e4117	auipc	x2,0x40e4	  x2=0x840e678c
        6235000	       622	80002794	d95c2813	slti	x16,x24,-619	 x24:0x80009fc4 x16=0x00000001
        6245000	       623	80002798	4179da33	sra	x20,x19,x23	 x19:0x00000000 x23:0x00000000 x20=0x00000000
        6255000	       624	8000279c	02117c63	bgeu	x2,x1,800027d4	  x2:0x840e678c  x1:0x00000000
        6265000	       625	00000000	00000013	addi	x0,x0,0	  x0:0x00000000
        6275000	       626	800027d0	00000013	addi	x0,x0,0	  x0:0x00000000
        6285000	       627	800027d4	003cf263	bgeu	x25,x3,800027d8	 x25:0x09000000  x3:0x00000001
        6295000	       628	00000000	00000013	addi	x0,x0,0	  x0:0x00000000
        6305000	       629	800027d4	00000013	addi	x0,x0,0	  x0:0x00000000
        6315000	       630	800027d8	41c10333	sub	x6,x2,x28	  x2:0x840e678c x28:0x00000012  x6=0x840e677a
        6325000	       631	800027dc	01924e33	xor	x28,x4,x25	  x4:0x00000001 x25:0x09000000 x28=0x09000001
        6335000	       632	800027e0	ec9ae913	ori	x18,x21,-311	 x21:0x80009f1c x18=0xffffffdd
        6345000	       633	800027e4	00500913	addi	x18,x0,5	  x0:0x00000000 x18=0x00000005
        6355000	       634	800027e8	9b756e13	ori	x28,x10,-1609	 x10:0x00012000 x28=0xfffff9b7
        6365000	       635	800027ec	01e06833	or	x16,x0,x30	  x0:0x00000000 x30:0x80009cf4 x16=0x80009cf4
        6375000	       636	800027f0	9b98b493	sltiu	x9,x17,-1607	 x17:0x00000000  x9=0x00000001
        6385000	       637	800027f4	000c9893	slli	x17,x25,0x0	 x25:0x09000000 x17=0x09000000
        6395000	       638	800027f8	01b71f93	slli	x31,x14,0x1b	 x14:0xfffffff8 x31=0xc0000000
        6405000	       639	800027fc	4ca86cb7	lui	x25,0x4ca86	 x25=0x4ca86000
        6415000	       640	80002800	0023db33	srl	x22,x7,x2	  x7:0x00000000  x2:0x840e678c x22=0x00000000
        6425000	       641	80002804	011adb93	srli	x23,x21,0x11	 x21:0x80009f1c x23=0x00004000
        6435000	       642	80002808	01add493	srli	x9,x27,0x1a	 x27:0x7fff630c  x9=0x0000001f
        6445000	       643	8000280c	00d00413	addi	x8,x0,13	  x0:0x00000000  x8=0x0000000d
        6455000	       644	80002810	3e63a713	slti	x14,x7,998	  x7:0x00000000 x14=0x00000001
        6465000	       645	80002814	daa63313	sltiu	x6,x12,-598	 x12:0x00000004  x6=0x00000001
        6475000	       646	80002818	40b78b33	sub	x22,x15,x11	 x15:0xfffffb00 x11:0x00000004 x22=0xfffffafc
        6485000	       647	8000281c	b460be13	sltiu	x28,x1,-1210	  x1:0x00000000 x28=0x00000001
        6495000	       648	80002820	efdba213	slti	x4,x23,-259	 x23:0x00004000  x4=0x00000000
        6505000	       649	80002824	00a05e93	srli	x29,x0,0xa	  x0:0x00000000 x29=0x00000000
        6515000	       650	80002828	fba0f317	auipc	x6,0xfba0f	  x6=0x7ba11824
        6525000	       651	8000282c	00490913	addi	x18,x18,4	 x18:0x00000005 x18=0x00000009
        6535000	       652	80002830	c9b0a793	slti	x15,x1,-869	  x1:0x00000000 x15=0x00000000
        6545000	       653	80002834	013f7eb3	and	x29,x30,x19	 x30:0x80009cf4 x19:0x00000000 x29=0x00000000
        6555000	       654	80002838	0114d133	srl	x2,x9,x17	  x9:0x0000001f x17:0x09000000  x2=0x0000001f
        6565000	       655	8000283c	4025dc93	srai	x25,x11,0x2	 x11:0x00000004 x25=0x00000001
        6575000	       656	80002840	0138a4b3	slt	x9,x17,x19	 x17:0x09000000 x19:0x00000000  x9=0x00000000
        6585000	       657	80002844	fc8906e3	beq	x18,x8,80002810	 x18:0x00000009  x8:0x0000000d
        6595000	       658	80002848	00240333	add	x6,x8,x2	  x8:0x0000000d  x2:0x0000001f  x6=0x0000002c
        6605000	       659	8000284c	00000013	addi	x0,x0,0	  x0:0x00000000
        6615000	       660	80002850	0389f663	bgeu	x19,x24,8000287c	 x19:0x00000000 x24:0x80009fc4
        6625000	       661	80002854	01b87033	and	x0,x16,x27	 x16:0x80009cf4 x27:0x7fff630c
        6635000	       662	80002858	03645663	bge	x8,x22,80002884	  x8:0x0000000d x22:0xfffffafc
        6645000	       663	00000000	00000013	addi	x0,x0,0	  x0:0x00000000
        6655000	       664	80002880	00000013	addi	x0,x0,0	  x0:0x00000000
        6665000	       665	80002884	462e9e17	auipc	x28,0x462e9	 x28=0xc62eb880
        6675000	       666	80002888	02ae9263	bne	x29,x10,800028ac	 x29:0x00000000 x10:0x00012000
        6685000	       667	00000000	00000013	addi	x0,x0,0	  x0:0x00000000
        6695000	       668	800028a8	00000013	addi	x0,x0,0	  x0:0x00000000
        6705000	       669	800028ac	005c6933	or	x18,x24,x5	 x24:0x80009fc4  x5:0x00000008 x18=0x80009fcc
        6715000	       670	800028b0	00fd0133	add	x2,x26,x15	 x26:0xffffffff x15:0x00000000  x2=0xffffffff
        6725000	       671	800028b4	02aa6463	bltu	x20,x10,800028dc	 x20:0x00000000 x10:0x00012000
        6735000	       672	00000000	00000013	addi	x0,x0,0	  x0:0x00000000
        6745000	       673	800028d8	00000013	addi	x0,x0,0	  x0:0x00000000
        6755000	       674	800028dc	31e4a713	slti	x14,x9,798	  x9:0x00000000 x14=0x00000001
        6765000	       675	800028e0	ff600193	addi	x3,x0,-10	  x0:0x00000000  x3=0xfffffff6
        6775000	       676	800028e4	01000513	addi	x10,x0,16	  x0:0x00000000 x10=0x00000010
        6785000	       677	800028e8	117eed13	ori	x26,x29,279	 x29:0x00000000 x26=0x00000117
        6795000	       678	800028ec	0d4b2a17	auipc	x20,0xd4b2	 x20=0x8d4b48e8
        6805000	       679	800028f0	d1a46cb7	lui	x25,0xd1a46	 x25=0xd1a46000
        6815000	       680	800028f4	d9deaa13	slti	x20,x29,-611	 x29:0x00000000 x20=0x00000000
        6825000	       681	800028f8	01f26233	or	x4,x4,x31	  x4:0x00000000 x31:0xc0000000  x4=0xc0000000
        6835000	       682	800028fc	fec16993	ori	x19,x2,-20	  x2:0xffffffff x19=0xffffffff
        6845000	       683	80002900	012fedb3	or	x27,x31,x18	 x31:0xc0000000 x18:0x80009fcc x27=0xc0009fcc
        6855000	       684	80002904	a0907837	lui	x16,0xa0907	 x16=0xa0907000
        6865000	       685	80002908	0c8d3213	sltiu	x4,x26,200	 x26:0x00000117  x4=0x00000000
        6875000	       686	8000290c	00918193	addi	x3,x3,9	  x3:0xfffffff6  x3=0xffffffff
        6885000	       687	80002910	5e9d6113	ori	x2,x26,1513	 x26:0x00000117  x2=0x000005ff
        6895000	       688	80002914	76462f37	lui	x30,0x76462	 x30=0x76462000
        6905000	       689	80002918	009e5e13	srli	x28,x28,0x9	 x28:0xc62eb880 x28=0x0063175c
        6915000	       690	8000291c	01545613	srli	x12,x8,0x15	  x8:0x0000000d x12=0x00000000
        6925000	       691	80002920	418359b3	sra	x19,x6,x24	  x6:0x0000002c x24:0x80009fc4 x19=0x00000002
        6935000	       692	80002924	00306933	or	x18,x0,x3	  x0:0x00000000  x3:0xffffffff x18=0xffffffff
        6945000	       693	80002928	4078d693	srai	x13,x17,0x7	 x17:0x09000000 x13=0x00120000
        6955000	       694	8000292c	01cc67b3	or	x15,x24,x28	 x24:0x80009fc4 x28:0x0063175c x15=0x80639fdc
        6965000	       695	80002930	0aa52113	slti	x2,x10,170	 x10:0x00000010  x2=0x00000001
        6975000	       696	80002934	56fb6793	ori	x15,x22,1391	 x22:0xfffffafc x15=0xffffffff
        6985000	       697	80002938	5d4de613	ori	x12,x27,1492	 x27:0xc0009fcc x12=0xc0009fdc
        6995000	       698	8000293c	1a9d5917	auipc	x18,0x1a9d5	 x18=0x9a9d7938
        7005000	       699	80002940	97418397	auipc	x7,0x97418	  x7=0x1741a93c
        7015000	       700	80002944	01ad1f93	slli	x31,x26,0x1a	 x26:0x00000117 x31=0x5c000000
        7025000	       701	80002948	6a04cb93	xori	x23,x9,1696	  x9:0x00000000 x23=0x000006a0
        7035000	       702	8000294c	d7200b13	addi	x22,x0,-654	  x0:0x00000000 x22=0xfffffd72
        7045000	       703	80002950	faa1cae3	blt	x3,x10,80002904	  x3:0xffffffff x10:0x00000010
        7055000	       704	00000000	00000013	addi	x0,x0,0	  x0:0x00000000
        7065000	       705	80002900	00000013	addi	x0,x0,0	  x0:0x00000000
        7075000	       706	80002904	a0907837	lui	x16,0xa0907	 x16=0xa0907000
        7085000	       707	80002908	0c8d3213	sltiu	x4,x26,200	 x26:0x00000117  x4=0x00000000
        7095000	       708	8000290c	00918193	addi	x3,x3,9	  x3:0xffffffff  x3=0x00000008
        7105000	       709	80002910	5e9d6113	ori	x2,x26,1513	 x26:0x00000117  x2=0x000005ff
        7115000	       710	80002914	76462f37	lui	x30,0x76462	 x30=0x76462000
        7125000	       711	80002918	009e5e13	srli	x28,x28,0x9	 x28:0x0063175c x28=0x0000318b
        7135000	       712	8000291c	01545613	srli	x12,x8,0x15	  x8:0x0000000d x12=0x00000000
        7145000	       713	80002920	418359b3	sra	x19,x6,x24	  x6:0x0000002c x24:0x80009fc4 x19=0x00000002
        7155000	       714	80002924	00306933	or	x18,x0,x3	  x0:0x00000000  x3:0x00000008 x18=0x00000008
        7165000	       715	80002928	4078d693	srai	x13,x17,0x7	 x17:0x09000000 x13=0x00120000
        7175000	       716	8000292c	01cc67b3	or	x15,x24,x28	 x24:0x80009fc4 x28:0x0000318b x15=0x8000bfcf
        7185000	       717	80002930	0aa52113	slti	x2,x10,170	 x10:0x00000010  x2=0x00000001
        7195000	       718	80002934	56fb6793	ori	x15,x22,1391	 x22:0xfffffd72 x15=0xfffffd7f
        7205000	       719	80002938	5d4de613	ori	x12,x27,1492	 x27:0xc0009fcc x12=0xc0009fdc
        7215000	       720	8000293c	1a9d5917	auipc	x18,0x1a9d5	 x18=0x9a9d7938
        7225000	       721	80002940	97418397	auipc	x7,0x97418	  x7=0x1741a93c
        7235000	       722	80002944	01ad1f93	slli	x31,x26,0x1a	 x26:0x00000117 x31=0x5c000000
        7245000	       723	80002948	6a04cb93	xori	x23,x9,1696	  x9:0x00000000 x23=0x000006a0
        7255000	       724	8000294c	d7200b13	addi	x22,x0,-654	  x0:0x00000000 x22=0xfffffd72
        7265000	       725	80002950	faa1cae3	blt	x3,x10,80002904	  x3:0x00000008 x10:0x00000010
        7275000	       726	00000000	00000013	addi	x0,x0,0	  x0:0x00000000
        7285000	       727	80002900	00000013	addi	x0,x0,0	  x0:0x00000000
        7295000	       728	80002904	a0907837	lui	x16,0xa0907	 x16=0xa0907000
        7305000	       729	80002908	0c8d3213	sltiu	x4,x26,200	 x26:0x00000117  x4=0x00000000
        7315000	       730	8000290c	00918193	addi	x3,x3,9	  x3:0x00000008  x3=0x00000011
        7325000	       731	80002910	5e9d6113	ori	x2,x26,1513	 x26:0x00000117  x2=0x000005ff
        7335000	       732	80002914	76462f37	lui	x30,0x76462	 x30=0x76462000
        7345000	       733	80002918	009e5e13	srli	x28,x28,0x9	 x28:0x0000318b x28=0x00000018
        7355000	       734	8000291c	01545613	srli	x12,x8,0x15	  x8:0x0000000d x12=0x00000000
        7365000	       735	80002920	418359b3	sra	x19,x6,x24	  x6:0x0000002c x24:0x80009fc4 x19=0x00000002
        7375000	       736	80002924	00306933	or	x18,x0,x3	  x0:0x00000000  x3:0x00000011 x18=0x00000011
        7385000	       737	80002928	4078d693	srai	x13,x17,0x7	 x17:0x09000000 x13=0x00120000
        7395000	       738	8000292c	01cc67b3	or	x15,x24,x28	 x24:0x80009fc4 x28:0x00000018 x15=0x80009fdc
        7405000	       739	80002930	0aa52113	slti	x2,x10,170	 x10:0x00000010  x2=0x00000001
        7415000	       740	80002934	56fb6793	ori	x15,x22,1391	 x22:0xfffffd72 x15=0xfffffd7f
        7425000	       741	80002938	5d4de613	ori	x12,x27,1492	 x27:0xc0009fcc x12=0xc0009fdc
        7435000	       742	8000293c	1a9d5917	auipc	x18,0x1a9d5	 x18=0x9a9d7938
        7445000	       743	80002940	97418397	auipc	x7,0x97418	  x7=0x1741a93c
        7455000	       744	80002944	01ad1f93	slli	x31,x26,0x1a	 x26:0x00000117 x31=0x5c000000
        7465000	       745	80002948	6a04cb93	xori	x23,x9,1696	  x9:0x00000000 x23=0x000006a0
        7475000	       746	8000294c	d7200b13	addi	x22,x0,-654	  x0:0x00000000 x22=0xfffffd72
        7485000	       747	80002950	faa1cae3	blt	x3,x10,80002904	  x3:0x00000011 x10:0x00000010
        7495000	       748	80002954	e3a8ae93	slti	x29,x17,-454	 x17:0x09000000 x29=0x00000000
        7505000	       749	80002958	01685663	bge	x16,x22,80002964	 x16:0xa0907000 x22:0xfffffd72
        7515000	       750	8000295c	03280063	beq	x16,x18,8000297c	 x16:0xa0907000 x18:0x9a9d7938
        7525000	       751	80002960	02de1463	bne	x28,x13,80002988	 x28:0x00000018 x13:0x00120000
        7535000	       752	00000000	00000013	addi	x0,x0,0	  x0:0x00000000
        7545000	       753	80002984	00000013	addi	x0,x0,0	  x0:0x00000000
        7555000	       754	80002988	003a4133	xor	x2,x20,x3	 x20:0x00000000  x3:0x00000011  x2=0x00000011
        7565000	       755	8000298c	01620463	beq	x4,x22,80002994	  x4:0x00000000 x22:0xfffffd72
        7575000	       756	80002990	41ab5613	srai	x12,x22,0x1a	 x22:0xfffffd72 x12=0xffffffff
        7585000	       757	80002994	01c5b333	sltu	x6,x11,x28	 x11:0x00000004 x28:0x00000018  x6=0x00000001
        7595000	       758	80002998	9a658813	addi	x16,x11,-1626	 x11:0x00000004 x16=0xfffff9aa
        7605000	       759	8000299c	0043cdb3	xor	x27,x7,x4	  x7:0x1741a93c  x4:0x00000000 x27=0x1741a93c
        7615000	       760	800029a0	01075b33	srl	x22,x14,x16	 x14:0x00000001 x16:0xfffff9aa x22=0x00000000
        7625000	       761	800029a4	01179633	sll	x12,x15,x17	 x15:0xfffffd7f x17:0x09000000 x12=0xfffffd7f
        7635000	       762	800029a8	03668063	beq	x13,x22,800029c8	 x13:0x00120000 x22:0x00000000
        7645000	       763	800029ac	01f98db3	add	x27,x19,x31	 x19:0x00000002 x31:0x5c000000 x27=0x5c000002
        7655000	       764	800029b0	01d1f7b3	and	x15,x3,x29	  x3:0x00000011 x29:0x00000000 x15=0x00000000
        7665000	       765	800029b4	00a1d933	srl	x18,x3,x10	  x3:0x00000011 x10:0x00000010 x18=0x00000000
        7675000	       766	800029b8	8e547893	andi	x17,x8,-1819	  x8:0x0000000d x17=0x00000005
        7685000	       767	800029bc	02137863	bgeu	x6,x1,800029ec	  x6:0x00000001  x1:0x00000000
        7695000	       768	00000000	00000013	addi	x0,x0,0	  x0:0x00000000
        7705000	       769	800029e8	00000013	addi	x0,x0,0	  x0:0x00000000
        7715000	       770	800029ec	c245fd13	andi	x26,x11,-988	 x11:0x00000004 x26=0x00000004
        7725000	       771	800029f0	0022e233	or	x4,x5,x2	  x5:0x00000008  x2:0x00000011  x4=0x00000019
        7735000	       772	800029f4	00215c63	bge	x2,x2,80002a0c	  x2:0x00000011  x2:0x00000011
        7745000	       773	00000000	00000013	addi	x0,x0,0	  x0:0x00000000
        7755000	       774	80002a08	00000013	addi	x0,x0,0	  x0:0x00000000
        7765000	       775	80002a0c	00a2af33	slt	x30,x5,x10	  x5:0x00000008 x10:0x00000010 x30=0x00000001
        7775000	       776	80002a10	02715263	bge	x2,x7,80002a34	  x2:0x00000011  x7:0x1741a93c
        7785000	       777	80002a14	26058513	addi	x10,x11,608	 x11:0x00000004 x10=0x00000264
        7795000	       778	80002a18	405c5f13	srai	x30,x24,0x5	 x24:0x80009fc4 x30=0xfc0004fe
        7805000	       779	80002a1c	0a94ed93	ori	x27,x9,169	  x9:0x00000000 x27=0x000000a9
        7815000	       780	80002a20	011fecb3	or	x25,x31,x17	 x31:0x5c000000 x17:0x00000005 x25=0x5c000005
        7825000	       781	80002a24	00a91233	sll	x4,x18,x10	 x18:0x00000000 x10:0x00000264  x4=0x00000000
        7835000	       782	80002a28	0109a3b3	slt	x7,x19,x16	 x19:0x00000002 x16:0xfffff9aa  x7=0x00000000
        7845000	       783	80002a2c	01f6f433	and	x8,x13,x31	 x13:0x00120000 x31:0x5c000000  x8=0x00000000
        7855000	       784	80002a30	00106133	or	x2,x0,x1	  x0:0x00000000  x1:0x00000000  x2=0x00000000
        7865000	       785	80002a34	008a6b33	or	x22,x20,x8	 x20:0x00000000  x8:0x00000000 x22=0x00000000
        7875000	       786	80002a38	015f38b3	sltu	x17,x30,x21	 x30:0xfc0004fe x21:0x80009f1c x17=0x00000000
        7885000	       787	80002a3c	6b3ef213	andi	x4,x29,1715	 x29:0x00000000  x4=0x00000000
        7895000	       788	80002a40	045cd663	bge	x25,x5,80002a8c	 x25:0x5c000005  x5:0x00000008
        7905000	       789	00000000	00000013	addi	x0,x0,0	  x0:0x00000000
        7915000	       790	80002a88	00000013	addi	x0,x0,0	  x0:0x00000000
        7925000	       791	80002a8c	4196d233	sra	x4,x13,x25	 x13:0x00120000 x25:0x5c000005  x4=0x00009000
        7935000	       792	80002a90	96b13a13	sltiu	x20,x2,-1685	  x2:0x00000000 x20=0x00000001
        7945000	       793	80002a94	00247c63	bgeu	x8,x2,80002aac	  x8:0x00000000  x2:0x00000000
        7955000	       794	00000000	00000013	addi	x0,x0,0	  x0:0x00000000
        7965000	       795	80002aa8	00000013	addi	x0,x0,0	  x0:0x00000000
        7975000	       796	80002aac	01adec63	bltu	x27,x26,80002ac4	 x27:0x000000a9 x26:0x00000004
        7985000	       797	80002ab0	00d8a3b3	slt	x7,x17,x13	 x17:0x00000000 x13:0x00120000  x7=0x00000001
        7995000	       798	80002ab4	01bcdb93	srli	x23,x25,0x1b	 x25:0x5c000005 x23=0x0000000b
        8005000	       799	80002ab8	00f7f833	and	x16,x15,x15	 x15:0x00000000 x15:0x00000000 x16=0x00000000
        8015000	       800	80002abc	01528fb3	add	x31,x5,x21	  x5:0x00000008 x21:0x80009f1c x31=0x80009f24
        8025000	       801	80002ac0	02436463	bltu	x6,x4,80002ae8	  x6:0x00000001  x4:0x00009000
        8035000	       802	00000000	00000013	addi	x0,x0,0	  x0:0x00000000
        8045000	       803	80002ae4	00000013	addi	x0,x0,0	  x0:0x00000000
        8055000	       804	80002ae8	402b5733	sra	x14,x22,x2	 x22:0x00000000  x2:0x00000000 x14=0x00000000
        8065000	       805	80002aec	005e0663	beq	x28,x5,80002af8	 x28:0x00000018  x5:0x00000008
        8075000	       806	80002af0	02615863	bge	x2,x6,80002b20	  x2:0x00000000  x6:0x00000001
        8085000	       807	80002af4	018fceb3	xor	x29,x31,x24	 x31:0x80009f24 x24:0x80009fc4 x29=0x000000e0
        8095000	       808	80002af8	9481f613	andi	x12,x3,-1720	  x3:0x00000011 x12=0x00000000
        8105000	       809	80002afc	00b7edb3	or	x27,x15,x11	 x15:0x00000000 x11:0x00000004 x27=0x00000004
        8115000	       810	80002b00	01b46663	bltu	x8,x27,80002b0c	  x8:0x00000000 x27:0x00000004
        8125000	       811	00000000	00000013	addi	x0,x0,0	  x0:0x00000000
        8135000	       812	80002b08	00000013	addi	x0,x0,0	  x0:0x00000000
        8145000	       813	80002b0c	00d17033	and	x0,x2,x13	  x2:0x00000000 x13:0x00120000
        8155000	       814	80002b10	419880b3	sub	x1,x17,x25	 x17:0x00000000 x25:0x5c000005  x1=0xa3fffffb
        8165000	       815	80002b14	01be0633	add	x12,x28,x27	 x28:0x00000018 x27:0x00000004 x12=0x0000001c
        8175000	       816	80002b18	9dc2b997	auipc	x19,0x9dc2b	 x19=0x1dc2db14
        8185000	       817	80002b1c	0019e6b3	or	x13,x19,x1	 x19:0x1dc2db14  x1:0xa3fffffb x13=0xbfffffff
        8195000	       818	80002b20	00a5c533	xor	x10,x11,x10	 x11:0x00000004 x10:0x00000264 x10=0x00000260
        8205000	       819	80002b24	4135d113	srai	x2,x11,0x13	 x11:0x00000004  x2=0x00000000
        8215000	       820	80002b28	409f5cb3	sra	x25,x30,x9	 x30:0xfc0004fe  x9:0x00000000 x25=0xfc0004fe
        8225000	       821	80002b2c	00d7dc93	srli	x25,x15,0xd	 x15:0x00000000 x25=0x00000000
        8235000	       822	80002b30	40b8d1b3	sra	x3,x17,x11	 x17:0x00000000 x11:0x00000004  x3=0x00000000
        8245000	       823	80002b34	036f4663	blt	x30,x22,80002b60	 x30:0xfc0004fe x22:0x00000000
        8255000	       824	00000000	00000013	addi	x0,x0,0	  x0:0x00000000
        8265000	       825	80002b5c	00000013	addi	x0,x0,0	  x0:0x00000000
        8275000	       826	80002b60	ced56f13	ori	x30,x10,-787	 x10:0x00000260 x30=0xfffffeed
        8285000	       827	80002b64	00000013	addi	x0,x0,0	  x0:0x00000000
        8295000	       828	80002b68	02b87663	bgeu	x16,x11,80002b94	 x16:0x00000000 x11:0x00000004
        8305000	       829	80002b6c	415fda13	srai	x20,x31,0x15	 x31:0x80009f24 x20=0xfffffc00
        8315000	       830	80002b70	43858517	auipc	x10,0x43858	 x10=0xc385ab6c
        8325000	       831	80002b74	fafb6d93	ori	x27,x22,-81	 x22:0x00000000 x27=0xffffffaf
        8335000	       832	80002b78	011970b3	and	x1,x18,x17	 x18:0x00000000 x17:0x00000000  x1=0x00000000
        8345000	       833	80002b7c	02f34063	blt	x6,x15,80002b9c	  x6:0x00000001 x15:0x00000000
        8355000	       834	80002b80	a3077e93	andi	x29,x14,-1488	 x14:0x00000000 x29=0x00000000
        8365000	       835	80002b84	a7972697	auipc	x13,0xa7972	 x13=0x27974b80
        8375000	       836	80002b88	00711233	sll	x4,x2,x7	  x2:0x00000000  x7:0x00000001  x4=0x00000000
        8385000	       837	80002b8c	57ca8793	addi	x15,x21,1404	 x21:0x80009f1c x15=0x8000a498
        8395000	       838	80002b90	041ff263	bgeu	x31,x1,80002bd4	 x31:0x80009f24  x1:0x00000000
        8405000	       839	00000000	00000013	addi	x0,x0,0	  x0:0x00000000
        8415000	       840	80002bd0	00000013	addi	x0,x0,0	  x0:0x00000000
        8425000	       841	80002bd4	403ede93	srai	x29,x29,0x3	 x29:0x00000000 x29=0x00000000
        8435000	       842	80002bd8	005bc463	blt	x23,x5,80002be0	 x23:0x0000000b  x5:0x00000008
        8445000	       843	80002bdc	00000013	addi	x0,x0,0	  x0:0x00000000
        8455000	       844	80002be0	02d51c63	bne	x10,x13,80002c18	 x10:0xc385ab6c x13:0x27974b80
        8465000	       845	00000000	00000013	addi	x0,x0,0	  x0:0x00000000
        8475000	       846	80002c14	00000013	addi	x0,x0,0	  x0:0x00000000
        8485000	       847	80002c18	18a0e593	ori	x11,x1,394	  x1:0x00000000 x11=0x0000018a
        8495000	       848	80002c1c	00000013	addi	x0,x0,0	  x0:0x00000000
        8505000	       849	80002c20	035bda63	bge	x23,x21,80002c54	 x23:0x0000000b x21:0x80009f1c
        8515000	       850	00000000	00000013	addi	x0,x0,0	  x0:0x00000000
        8525000	       851	80002c50	00000013	addi	x0,x0,0	  x0:0x00000000
        8535000	       852	80002c54	009d5393	srli	x7,x26,0x9	 x26:0x00000004  x7=0x00000000
        8545000	       853	80002c58	00fe9f33	sll	x30,x29,x15	 x29:0x00000000 x15:0x8000a498 x30=0x00000000
        8555000	       854	80002c5c	99716737	lui	x14,0x99716	 x14=0x99716000
        8565000	       855	80002c60	018c8863	beq	x25,x24,80002c70	 x25:0x00000000 x24:0x80009fc4
        8575000	       856	80002c64	a4420d37	lui	x26,0xa4420	 x26=0xa4420000
        8585000	       857	80002c68	35baf793	andi	x15,x21,859	 x21:0x80009f1c x15=0x00000318
        8595000	       858	80002c6c	00000013	addi	x0,x0,0	  x0:0x00000000
        8605000	       859	80002c70	00f06333	or	x6,x0,x15	  x0:0x00000000 x15:0x00000318  x6=0x00000318
        8615000	       860	80002c74	f3cbad97	auipc	x27,0xf3cba	 x27=0x73cbcc70
        8625000	       861	80002c78	00b39e33	sll	x28,x7,x11	  x7:0x00000000 x11:0x0000018a x28=0x00000000
        8635000	       862	80002c7c	91dbc613	xori	x12,x23,-1763	 x23:0x0000000b x12=0xfffff916
        8645000	       863	80002c80	0128df33	srl	x30,x17,x18	 x17:0x00000000 x18:0x00000000 x30=0x00000000
        8655000	       864	80002c84	00000013	addi	x0,x0,0	  x0:0x00000000
        8665000	       865	80002c88	05617863	bgeu	x2,x22,80002cd8	  x2:0x00000000 x22:0x00000000
        8675000	       866	00000000	00000013	addi	x0,x0,0	  x0:0x00000000
        8685000	       867	80002cd4	00000013	addi	x0,x0,0	  x0:0x00000000
        8695000	       868	80002cd8	00db39b3	sltu	x19,x22,x13	 x22:0x00000000 x13:0x27974b80 x19=0x00000001
        8705000	       869	80002cdc	2e0de893	ori	x17,x27,736	 x27:0x73cbcc70 x17=0x73cbcef0
        8715000	       870	80002ce0	49b9c737	lui	x14,0x49b9c	 x14=0x49b9c000
        8725000	       871	80002ce4	cf1cd937	lui	x18,0xcf1cd	 x18=0xcf1cd000
        8735000	       872	80002ce8	02a4d263	bge	x9,x10,80002d0c	  x9:0x00000000 x10:0xc385ab6c
        8745000	       873	00000000	00000013	addi	x0,x0,0	  x0:0x00000000
        8755000	       874	80002d08	00000013	addi	x0,x0,0	  x0:0x00000000
        8765000	       875	80002d0c	bb5bb5b7	lui	x11,0xbb5bb	 x11=0xbb5bb000
        8775000	       876	80002d10	41f95cb3	sra	x25,x18,x31	 x18:0xcf1cd000 x31:0x80009f24 x25=0xfcf1cd00
        8785000	       877	80002d14	01e3a6b3	slt	x13,x7,x30	  x7:0x00000000 x30:0x00000000 x13=0x00000000
        8795000	       878	80002d18	056b9663	bne	x23,x22,80002d64	 x23:0x0000000b x22:0x00000000
        8805000	       879	00000000	00000013	addi	x0,x0,0	  x0:0x00000000
        8815000	       880	80002d60	00000013	addi	x0,x0,0	  x0:0x00000000
        8825000	       881	80002d64	d7f93713	sltiu	x14,x18,-641	 x18:0xcf1cd000 x14=0x00000001
        8835000	       882	80002d68	23e4bf93	sltiu	x31,x9,574	  x9:0x00000000 x31=0x00000001
        8845000	       883	80002d6c	032b4663	blt	x22,x18,80002d98	 x22:0x00000000 x18:0xcf1cd000
        8855000	       884	80002d70	00095c63	bge	x18,x0,80002d88	 x18:0xcf1cd000  x0:0x00000000
        8865000	       885	80002d74	4051d4b3	sra	x9,x3,x5	  x3:0x00000000  x5:0x00000008  x9=0x00000000
        8875000	       886	80002d78	00d5d613	srli	x12,x11,0xd	 x11:0xbb5bb000 x12=0x0005dadd
        8885000	       887	80002d7c	01836633	or	x12,x6,x24	  x6:0x00000318 x24:0x80009fc4 x12=0x80009fdc
        8895000	       888	80002d80	00699033	sll	x0,x19,x6	 x19:0x00000001  x6:0x00000318
        8905000	       889	80002d84	017676b3	and	x13,x12,x23	 x12:0x80009fdc x23:0x0000000b x13=0x00000008
        8915000	       890	80002d88	00e415b3	sll	x11,x8,x14	  x8:0x00000000 x14:0x00000001 x11=0x00000000
        8925000	       891	80002d8c	033c6863	bltu	x24,x19,80002dbc	 x24:0x80009fc4 x19:0x00000001
        8935000	       892	80002d90	00000013	addi	x0,x0,0	  x0:0x00000000
        8945000	       893	80002d94	e9547d13	andi	x26,x8,-363	  x8:0x00000000 x26=0x00000000
        8955000	       894	80002d98	0049fc63	bgeu	x19,x4,80002db0	 x19:0x00000001  x4:0x00000000
        8965000	       895	00000000	00000013	addi	x0,x0,0	  x0:0x00000000
        8975000	       896	80002dac	00000013	addi	x0,x0,0	  x0:0x00000000
        8985000	       897	80002db0	017f6b33	or	x22,x30,x23	 x30:0x00000000 x23:0x0000000b x22=0x0000000b
        8995000	       898	80002db4	00ec1a33	sll	x20,x24,x14	 x24:0x80009fc4 x14:0x00000001 x20=0x00013f88
        9005000	       899	80002db8	03cf4c63	blt	x30,x28,80002df0	 x30:0x00000000 x28:0x00000000
        9015000	       900	80002dbc	00f4c3b3	xor	x7,x9,x15	  x9:0x00000000 x15:0x00000318  x7=0x00000318
        9025000	       901	80002dc0	00311663	bne	x2,x3,80002dcc	  x2:0x00000000  x3:0x00000000
        9035000	       902	80002dc4	30b39f97	auipc	x31,0x30b39	 x31=0xb0b3bdc0
        9045000	       903	80002dc8	01c04733	xor	x14,x0,x28	  x0:0x00000000 x28:0x00000000 x14=0x00000000
        9055000	       904	80002dcc	004e2633	slt	x12,x28,x4	 x28:0x00000000  x4:0x00000000 x12=0x00000000
        9065000	       905	80002dd0	01ff9133	sll	x2,x31,x31	 x31:0xb0b3bdc0 x31:0xb0b3bdc0  x2=0xb0b3bdc0
        9075000	       906	80002dd4	0135d813	srli	x16,x11,0x13	 x11:0x00000000 x16=0x00000000
        9085000	       907	80002dd8	41c683b3	sub	x7,x13,x28	 x13:0x00000008 x28:0x00000000  x7=0x00000008
        9095000	       908	80002ddc	01868133	add	x2,x13,x24	 x13:0x00000008 x24:0x80009fc4  x2=0x80009fcc
        9105000	       909	80002de0	02987663	bgeu	x16,x9,80002e0c	 x16:0x00000000  x9:0x00000000
        9115000	       910	00000000	00000013	addi	x0,x0,0	  x0:0x00000000
        9125000	       911	80002e08	00000013	addi	x0,x0,0	  x0:0x00000000
        9135000	       912	80002e0c	003875b3	and	x11,x16,x3	 x16:0x00000000  x3:0x00000000 x11=0x00000000
        9145000	       913	80002e10	01846833	or	x16,x8,x24	  x8:0x00000000 x24:0x80009fc4 x16=0x80009fc4
        9155000	       914	80002e14	db01ac93	slti	x25,x3,-592	  x3:0x00000000 x25=0x00000000
        9165000	       915	80002e18	04311263	bne	x2,x3,80002e5c	  x2:0x80009fcc  x3:0x00000000
        9175000	       916	00000000	00000013	addi	x0,x0,0	  x0:0x00000000
        9185000	       917	80002e58	00000013	addi	x0,x0,0	  x0:0x00000000
        9195000	       918	80002e5c	a5957513	andi	x10,x10,-1447	 x10:0xc385ab6c x10=0xc385aa48
        9205000	       919	80002e60	5fd67893	andi	x17,x12,1533	 x12:0x00000000 x17=0x00000000
        9215000	       920	80002e64	40da8fb3	sub	x31,x21,x13	 x21:0x80009f1c x13:0x00000008 x31=0x80009f14
        9225000	       921	80002e68	00f339b3	sltu	x19,x6,x15	  x6:0x00000318 x15:0x00000318 x19=0x00000000
        9235000	       922	80002e6c	fee12313	slti	x6,x2,-18	  x2:0x80009fcc  x6=0x00000001
        9245000	       923	80002e70	00745b33	srl	x22,x8,x7	  x8:0x00000000  x7:0x00000008 x22=0x00000000
        9255000	       924	80002e74	00041d93	slli	x27,x8,0x0	  x8:0x00000000 x27=0x00000000
        9265000	       925	80002e78	4be77813	andi	x16,x14,1214	 x14:0x00000000 x16=0x00000000
        9275000	       926	80002e7c	364dc413	xori	x8,x27,868	 x27:0x00000000  x8=0x00000364
        9285000	       927	80002e80	41620e33	sub	x28,x4,x22	  x4:0x00000000 x22:0x00000000 x28=0x00000000
        9295000	       928	80002e84	00000013	addi	x0,x0,0	  x0:0x00000000
        9305000	       929	80002e88	00301633	sll	x12,x0,x3	  x0:0x00000000  x3:0x00000000 x12=0x00000000
        9315000	       930	80002e8c	014c4933	xor	x18,x24,x20	 x24:0x80009fc4 x20:0x00013f88 x18=0x8001a04c
        9325000	       931	80002e90	314cf5b7	lui	x11,0x314cf	 x11=0x314cf000
        9335000	       932	80002e94	00000013	addi	x0,x0,0	  x0:0x00000000
        9345000	       933	80002e98	05b06263	bltu	x0,x27,80002edc	  x0:0x00000000 x27:0x00000000
        9355000	       934	80002e9c	00000013	addi	x0,x0,0	  x0:0x00000000
        9365000	       935	80002ea0	008a1833	sll	x16,x20,x8	 x20:0x00013f88  x8:0x00000364 x16=0x0013f880
        9375000	       936	80002ea4	0036b7b3	sltu	x15,x13,x3	 x13:0x00000008  x3:0x00000000 x15=0x00000000
        9385000	       937	80002ea8	01db5733	srl	x14,x22,x29	 x22:0x00000000 x29:0x00000000 x14=0x00000000
        9395000	       938	80002eac	41a05113	srai	x2,x0,0x1a	  x0:0x00000000  x2=0x00000000
        9405000	       939	80002eb0	0039e863	bltu	x19,x3,80002ec0	 x19:0x00000000  x3:0x00000000
        9415000	       940	80002eb4	005acbb3	xor	x23,x21,x5	 x21:0x80009f1c  x5:0x00000008 x23=0x80009f14
        9425000	       941	80002eb8	00fcae33	slt	x28,x25,x15	 x25:0x00000000 x15:0x00000000 x28=0x00000000
        9435000	       942	80002ebc	78e98093	addi	x1,x19,1934	 x19:0x00000000  x1=0x0000078e
        9445000	       943	80002ec0	002037b3	sltu	x15,x0,x2	  x0:0x00000000  x2:0x00000000 x15=0x00000000
        9455000	       944	80002ec4	00000013	addi	x0,x0,0	  x0:0x00000000
        9465000	       945	80002ec8	01904eb3	xor	x29,x0,x25	  x0:0x00000000 x25:0x00000000 x29=0x00000000
        9475000	       946	80002ecc	0118f733	and	x14,x17,x17	 x17:0x00000000 x17:0x00000000 x14=0x00000000
        9485000	       947	80002ed0	0139f533	and	x10,x19,x19	 x19:0x00000000 x19:0x00000000 x10=0x00000000
        9495000	       948	80002ed4	40845093	srai	x1,x8,0x8	  x8:0x00000364  x1=0x00000003
        9505000	       949	80002ed8	008f4133	xor	x2,x30,x8	 x30:0x00000000  x8:0x00000364  x2=0x00000364
        9515000	       950	80002edc	00880333	add	x6,x16,x8	 x16:0x0013f880  x8:0x00000364  x6=0x0013fbe4
        9525000	       951	80002ee0	0030fdb3	and	x27,x1,x3	  x1:0x00000003  x3:0x00000000 x27=0x00000000
        9535000	       952	80002ee4	fff7be37	lui	x28,0xfff7b	 x28=0xfff7b000
        9545000	       953	80002ee8	004aa383	lw	x7,4(x21)	 x21:0x80009f1c  x7=0x8000049c PA:0x80009f20
        9555000	       954	80002eec	00add413	srli	x8,x27,0xa	 x27:0x00000000  x8=0x00000000
        9565000	       955	80002ef0	8adfb893	sltiu	x17,x31,-1875	 x31:0x80009f14 x17=0x00000001
        9575000	       956	80002ef4	3c9aa113	slti	x2,x21,969	 x21:0x80009f1c  x2=0x00000001
        9585000	       957	80002ef8	024a8a93	addi	x21,x21,36	 x21:0x80009f1c x21=0x80009f40
        9595000	       958	80002efc	00000013	addi	x0,x0,0	  x0:0x00000000
        9605000	       959	80002f00	415184b3	sub	x9,x3,x21	  x3:0x00000000 x21:0x80009f40  x9=0x7fff60c0
        9615000	       960	80002f04	00000013	addi	x0,x0,0	  x0:0x00000000
        9625000	       961	80002f08	017d8133	add	x2,x27,x23	 x27:0x00000000 x23:0x80009f14  x2=0x80009f14
        9635000	       962	80002f0c	00138d13	addi	x26,x7,1	  x7:0x8000049c x26=0x8000049d
        9645000	       963	80002f10	000d0d67	jalr	x26,x26,0	 x26:0x8000049d x26=0x80002f10
        9655000	       964	00000000	00000013	addi	x0,x0,0	  x0:0x00000000
        9665000	       965	8000049c	00000013	addi	x0,x0,0	  x0:0x00000000
        9675000	       966	800004a0	00600113	addi	x2,x0,6	  x0:0x00000000  x2=0x00000006
        9685000	       967	800004a4	003183b3	add	x7,x3,x3	  x3:0x00000000  x3:0x00000000  x7=0x00000000
        9695000	       968	800004a8	4df52893	slti	x17,x10,1247	 x10:0x00000000 x17=0x00000001
        9705000	       969	800004ac	00619913	slli	x18,x3,0x6	  x3:0x00000000 x18=0x00000000
        9715000	       970	800004b0	4061d793	srai	x15,x3,0x6	  x3:0x00000000 x15=0x00000000
        9725000	       971	800004b4	410bd713	srai	x14,x23,0x10	 x23:0x80009f14 x14=0xffff8000
        9735000	       972	800004b8	00f00993	addi	x19,x0,15	  x0:0x00000000 x19=0x0000000f
        9745000	       973	800004bc	00608fb3	add	x31,x1,x6	  x1:0x00000003  x6:0x0013fbe4 x31=0x0013fbe7
        9755000	       974	800004c0	004d4333	xor	x6,x26,x4	 x26:0x80002f10  x4:0x00000000  x6=0x80002f10
        9765000	       975	800004c4	00910113	addi	x2,x2,9	  x2:0x00000006  x2=0x0000000f
        9775000	       976	800004c8	00277db3	and	x27,x14,x2	 x14:0xffff8000  x2:0x0000000f x27=0x00000000
        9785000	       977	800004cc	00000013	addi	x0,x0,0	  x0:0x00000000
        9795000	       978	800004d0	16b40b93	addi	x23,x8,363	  x8:0x00000000 x23=0x0000016b
        9805000	       979	800004d4	012c1213	slli	x4,x24,0x12	 x24:0x80009fc4  x4=0x7f100000
        9815000	       980	800004d8	00e681b3	add	x3,x13,x14	 x13:0x00000008 x14:0xffff8000  x3=0xffff8008
        9825000	       981	800004dc	007f8eb3	add	x29,x31,x7	 x31:0x0013fbe7  x7:0x00000000 x29=0x0013fbe7
        9835000	       982	800004e0	00c0e933	or	x18,x1,x12	  x1:0x00000003 x12:0x00000000 x18=0x00000003
        9845000	       983	800004e4	fd310ee3	beq	x2,x19,800004c0	  x2:0x0000000f x19:0x0000000f
        9855000	       984	00000000	00000013	addi	x0,x0,0	  x0:0x00000000
        9865000	       985	800004bc	00000013	addi	x0,x0,0	  x0:0x00000000
        9875000	       986	800004c0	004d4333	xor	x6,x26,x4	 x26:0x80002f10  x4:0x7f100000  x6=0xff102f10
        9885000	       987	800004c4	00910113	addi	x2,x2,9	  x2:0x0000000f  x2=0x00000018
        9895000	       988	800004c8	00277db3	and	x27,x14,x2	 x14:0xffff8000  x2:0x00000018 x27=0x00000000
        9905000	       989	800004cc	00000013	addi	x0,x0,0	  x0:0x00000000
        9915000	       990	800004d0	16b40b93	addi	x23,x8,363	  x8:0x00000000 x23=0x0000016b
        9925000	       991	800004d4	012c1213	slli	x4,x24,0x12	 x24:0x80009fc4  x4=0x7f100000
        9935000	       992	800004d8	00e681b3	add	x3,x13,x14	 x13:0x00000008 x14:0xffff8000  x3=0xffff8008
        9945000	       993	800004dc	007f8eb3	add	x29,x31,x7	 x31:0x0013fbe7  x7:0x00000000 x29=0x0013fbe7
        9955000	       994	800004e0	00c0e933	or	x18,x1,x12	  x1:0x00000003 x12:0x00000000 x18=0x00000003
        9965000	       995	800004e4	fd310ee3	beq	x2,x19,800004c0	  x2:0x00000018 x19:0x0000000f
        9975000	       996	800004e8	007980b3	add	x1,x19,x7	 x19:0x0000000f  x7:0x00000000  x1=0x0000000f
        9985000	       997	800004ec	00a00993	addi	x19,x0,10	  x0:0x00000000 x19=0x0000000a
        9995000	       998	800004f0	2b77b613	sltiu	x12,x15,695	 x15:0x00000000 x12=0x00000001
       10005000	       999	800004f4	86823793	sltiu	x15,x4,-1944	  x4:0x7f100000 x15=0x00000001
       10015000	      1000	800004f8	00a00093	addi	x1,x0,10	  x0:0x00000000  x1=0x0000000a
       10025000	      1001	800004fc	a65de397	auipc	x7,0xa65de	  x7=0x265de4f8
       10035000	      1002	80000500	12504193	xori	x3,x0,293	  x0:0x00000000  x3=0x00000125
       10045000	      1003	80000504	51367693	andi	x13,x12,1299	 x12:0x00000001 x13=0x00000001
       10055000	      1004	80000508	001c2433	slt	x8,x24,x1	 x24:0x80009fc4  x1:0x0000000a  x8=0x00000001
       10065000	      1005	8000050c	01eb1113	slli	x2,x22,0x1e	 x22:0x00000000  x2=0x00000000
       10075000	      1006	80000510	2515c793	xori	x15,x11,593	 x11:0x314cf000 x15=0x314cf251
       10085000	      1007	80000514	ff798993	addi	x19,x19,-9	 x19:0x0000000a x19=0x00000001
       10095000	      1008	80000518	016e8d33	add	x26,x29,x22	 x29:0x0013fbe7 x22:0x00000000 x26=0x0013fbe7
       10105000	      1009	8000051c	9e14c393	xori	x7,x9,-1567	  x9:0x7fff60c0  x7=0x80009921
       10115000	      1010	80000520	00100713	addi	x14,x0,1	  x0:0x00000000 x14=0x00000001
       10125000	      1011	80000524	00400213	addi	x4,x0,4	  x0:0x00000000  x4=0x00000004
       10135000	      1012	80000528	0171af33	slt	x30,x3,x23	  x3:0x00000125 x23:0x0000016b x30=0x00000001
       10145000	      1013	8000052c	1f476793	ori	x15,x14,500	 x14:0x00000001 x15=0x000001f5
       10155000	      1014	80000530	00a70713	addi	x14,x14,10	 x14:0x00000001 x14=0x0000000b
       10165000	      1015	80000534	8bb02c93	slti	x25,x0,-1861	  x0:0x00000000 x25=0x00000000
       10175000	      1016	80000538	016c1e93	slli	x29,x24,0x16	 x24:0x80009fc4 x29=0xf1000000
       10185000	      1017	8000053c	83de1537	lui	x10,0x83de1	 x10=0x83de1000
       10195000	      1018	80000540	00000013	addi	x0,x0,0	  x0:0x00000000
       10205000	      1019	80000544	008f9393	slli	x7,x31,0x8	 x31:0x0013fbe7  x7=0x13fbe700
       10215000	      1020	80000548	5ec6ea13	ori	x20,x13,1516	 x13:0x00000001 x20=0x000005ed
       10225000	      1021	8000054c	008b5cb3	srl	x25,x22,x8	 x22:0x00000000  x8:0x00000001 x25=0x00000000
       10235000	      1022	80000550	fc476ce3	bltu	x14,x4,80000528	 x14:0x0000000b  x4:0x00000004
       10245000	      1023	80000554	01cf96b3	sll	x13,x31,x28	 x31:0x0013fbe7 x28:0xfff7b000 x13=0x0013fbe7
       10255000	      1024	80000558	fa19f4e3	bgeu	x19,x1,80000500	 x19:0x00000001  x1:0x0000000a
       10265000	      1025	8000055c	01b5c1b3	xor	x3,x11,x27	 x11:0x314cf000 x27:0x00000000  x3=0x314cf000
       10275000	      1026	80000560	ffa00413	addi	x8,x0,-6	  x0:0x00000000  x8=0xfffffffa
       10285000	      1027	80000564	01c50eb3	add	x29,x10,x28	 x10:0x83de1000 x28:0xfff7b000 x29=0x83d5c000
       10295000	      1028	80000568	00900513	addi	x10,x0,9	  x0:0x00000000 x10=0x00000009
       10305000	      1029	8000056c	e532f213	andi	x4,x5,-429	  x5:0x00000008  x4=0x00000000
       10315000	      1030	80000570	01db4eb3	xor	x29,x22,x29	 x22:0x00000000 x29:0x83d5c000 x29=0x83d5c000
       10325000	      1031	80000574	0022c233	xor	x4,x5,x2	  x5:0x00000008  x2:0x00000000  x4=0x00000008
       10335000	      1032	80000578	00440413	addi	x8,x8,4	  x8:0xfffffffa  x8=0xfffffffe
       10345000	      1033	8000057c	00519e93	slli	x29,x3,0x5	  x3:0x314cf000 x29=0x299e0000
       10355000	      1034	80000580	04f2e593	ori	x11,x5,79	  x5:0x00000008 x11=0x0000004f
       10365000	      1035	80000584	00900093	addi	x1,x0,9	  x0:0x00000000  x1=0x00000009
       10375000	      1036	80000588	00d00713	addi	x14,x0,13	  x0:0x00000000 x14=0x0000000d
       10385000	      1037	8000058c	17635f37	lui	x30,0x17635	 x30=0x17635000
       10395000	      1038	80000590	8006bcb7	lui	x25,0x8006b	 x25=0x8006b000
       10405000	      1039	80000594	7628f613	andi	x12,x17,1890	 x17:0x00000001 x12=0x00000000
       10415000	      1040	80000598	00a08093	addi	x1,x1,10	  x1:0x00000009  x1=0x00000013
       10425000	      1041	8000059c	009f94b3	sll	x9,x31,x9	 x31:0x0013fbe7  x9:0x7fff60c0  x9=0x0013fbe7
       10435000	      1042	800005a0	00b5c9b3	xor	x19,x11,x11	 x11:0x0000004f x11:0x0000004f x19=0x00000000
       10445000	      1043	800005a4	40b1d393	srai	x7,x3,0xb	  x3:0x314cf000  x7=0x0006299e
       10455000	      1044	800005a8	cf6b2193	slti	x3,x22,-778	 x22:0x00000000  x3=0x00000000
       10465000	      1045	800005ac	017966b3	or	x13,x18,x23	 x18:0x00000003 x23:0x0000016b x13=0x0000016b
       10475000	      1046	800005b0	00808b33	add	x22,x1,x8	  x1:0x00000013  x8:0xfffffffe x22=0x00000011
       10485000	      1047	800005b4	016d9133	sll	x2,x27,x22	 x27:0x00000000 x22:0x00000011  x2=0x00000000
       10495000	      1048	800005b8	8bb16397	auipc	x7,0x8bb16	  x7=0x0bb165b4
       10505000	      1049	800005bc	fce0eae3	bltu	x1,x14,80000590	  x1:0x00000013 x14:0x0000000d
       10515000	      1050	800005c0	b9d3f213	andi	x4,x7,-1123	  x7:0x0bb165b4  x4=0x0bb16194
       10525000	      1051	800005c4	faa446e3	blt	x8,x10,80000570	  x8:0xfffffffe x10:0x00000009
       10535000	      1052	00000000	00000013	addi	x0,x0,0	  x0:0x00000000
       10545000	      1053	8000056c	00000013	addi	x0,x0,0	  x0:0x00000000
       10555000	      1054	80000570	01db4eb3	xor	x29,x22,x29	 x22:0x00000011 x29:0x299e0000 x29=0x299e0011
       10565000	      1055	80000574	0022c233	xor	x4,x5,x2	  x5:0x00000008  x2:0x00000000  x4=0x00000008
       10575000	      1056	80000578	00440413	addi	x8,x8,4	  x8:0xfffffffe  x8=0x00000002
       10585000	      1057	8000057c	00519e93	slli	x29,x3,0x5	  x3:0x00000000 x29=0x00000000
       10595000	      1058	80000580	04f2e593	ori	x11,x5,79	  x5:0x00000008 x11=0x0000004f
       10605000	      1059	80000584	00900093	addi	x1,x0,9	  x0:0x00000000  x1=0x00000009
       10615000	      1060	80000588	00d00713	addi	x14,x0,13	  x0:0x00000000 x14=0x0000000d
       10625000	      1061	8000058c	17635f37	lui	x30,0x17635	 x30=0x17635000
       10635000	      1062	80000590	8006bcb7	lui	x25,0x8006b	 x25=0x8006b000
       10645000	      1063	80000594	7628f613	andi	x12,x17,1890	 x17:0x00000001 x12=0x00000000
       10655000	      1064	80000598	00a08093	addi	x1,x1,10	  x1:0x00000009  x1=0x00000013
       10665000	      1065	8000059c	009f94b3	sll	x9,x31,x9	 x31:0x0013fbe7  x9:0x0013fbe7  x9=0x09fdf380
       10675000	      1066	800005a0	00b5c9b3	xor	x19,x11,x11	 x11:0x0000004f x11:0x0000004f x19=0x00000000
       10685000	      1067	800005a4	40b1d393	srai	x7,x3,0xb	  x3:0x00000000  x7=0x00000000
       10695000	      1068	800005a8	cf6b2193	slti	x3,x22,-778	 x22:0x00000011  x3=0x00000000
       10705000	      1069	800005ac	017966b3	or	x13,x18,x23	 x18:0x00000003 x23:0x0000016b x13=0x0000016b
       10715000	      1070	800005b0	00808b33	add	x22,x1,x8	  x1:0x00000013  x8:0x00000002 x22=0x00000015
       10725000	      1071	800005b4	016d9133	sll	x2,x27,x22	 x27:0x00000000 x22:0x00000015  x2=0x00000000
       10735000	      1072	800005b8	8bb16397	auipc	x7,0x8bb16	  x7=0x0bb165b4
       10745000	      1073	800005bc	fce0eae3	bltu	x1,x14,80000590	  x1:0x00000013 x14:0x0000000d
       10755000	      1074	800005c0	b9d3f213	andi	x4,x7,-1123	  x7:0x0bb165b4  x4=0x0bb16194
       10765000	      1075	800005c4	faa446e3	blt	x8,x10,80000570	  x8:0x00000002 x10:0x00000009
       10775000	      1076	00000000	00000013	addi	x0,x0,0	  x0:0x00000000
       10785000	      1077	8000056c	00000013	addi	x0,x0,0	  x0:0x00000000
       10795000	      1078	80000570	01db4eb3	xor	x29,x22,x29	 x22:0x00000015 x29:0x00000000 x29=0x00000015
       10805000	      1079	80000574	0022c233	xor	x4,x5,x2	  x5:0x00000008  x2:0x00000000  x4=0x00000008
       10815000	      1080	80000578	00440413	addi	x8,x8,4	  x8:0x00000002  x8=0x00000006
       10825000	      1081	8000057c	00519e93	slli	x29,x3,0x5	  x3:0x00000000 x29=0x00000000
       10835000	      1082	80000580	04f2e593	ori	x11,x5,79	  x5:0x00000008 x11=0x0000004f
       10845000	      1083	80000584	00900093	addi	x1,x0,9	  x0:0x00000000  x1=0x00000009
       10855000	      1084	80000588	00d00713	addi	x14,x0,13	  x0:0x00000000 x14=0x0000000d
       10865000	      1085	8000058c	17635f37	lui	x30,0x17635	 x30=0x17635000
       10875000	      1086	80000590	8006bcb7	lui	x25,0x8006b	 x25=0x8006b000
       10885000	      1087	80000594	7628f613	andi	x12,x17,1890	 x17:0x00000001 x12=0x00000000
       10895000	      1088	80000598	00a08093	addi	x1,x1,10	  x1:0x00000009  x1=0x00000013
       10905000	      1089	8000059c	009f94b3	sll	x9,x31,x9	 x31:0x0013fbe7  x9:0x09fdf380  x9=0x0013fbe7
       10915000	      1090	800005a0	00b5c9b3	xor	x19,x11,x11	 x11:0x0000004f x11:0x0000004f x19=0x00000000
       10925000	      1091	800005a4	40b1d393	srai	x7,x3,0xb	  x3:0x00000000  x7=0x00000000
       10935000	      1092	800005a8	cf6b2193	slti	x3,x22,-778	 x22:0x00000015  x3=0x00000000
       10945000	      1093	800005ac	017966b3	or	x13,x18,x23	 x18:0x00000003 x23:0x0000016b x13=0x0000016b
       10955000	      1094	800005b0	00808b33	add	x22,x1,x8	  x1:0x00000013  x8:0x00000006 x22=0x00000019
       10965000	      1095	800005b4	016d9133	sll	x2,x27,x22	 x27:0x00000000 x22:0x00000019  x2=0x00000000
       10975000	      1096	800005b8	8bb16397	auipc	x7,0x8bb16	  x7=0x0bb165b4
       10985000	      1097	800005bc	fce0eae3	bltu	x1,x14,80000590	  x1:0x00000013 x14:0x0000000d
       10995000	      1098	800005c0	b9d3f213	andi	x4,x7,-1123	  x7:0x0bb165b4  x4=0x0bb16194
       11005000	      1099	800005c4	faa446e3	blt	x8,x10,80000570	  x8:0x00000006 x10:0x00000009
       11015000	      1100	00000000	00000013	addi	x0,x0,0	  x0:0x00000000
       11025000	      1101	8000056c	00000013	addi	x0,x0,0	  x0:0x00000000
       11035000	      1102	80000570	01db4eb3	xor	x29,x22,x29	 x22:0x00000019 x29:0x00000000 x29=0x00000019
       11045000	      1103	80000574	0022c233	xor	x4,x5,x2	  x5:0x00000008  x2:0x00000000  x4=0x00000008
       11055000	      1104	80000578	00440413	addi	x8,x8,4	  x8:0x00000006  x8=0x0000000a
       11065000	      1105	8000057c	00519e93	slli	x29,x3,0x5	  x3:0x00000000 x29=0x00000000
       11075000	      1106	80000580	04f2e593	ori	x11,x5,79	  x5:0x00000008 x11=0x0000004f
       11085000	      1107	80000584	00900093	addi	x1,x0,9	  x0:0x00000000  x1=0x00000009
       11095000	      1108	80000588	00d00713	addi	x14,x0,13	  x0:0x00000000 x14=0x0000000d
       11105000	      1109	8000058c	17635f37	lui	x30,0x17635	 x30=0x17635000
       11115000	      1110	80000590	8006bcb7	lui	x25,0x8006b	 x25=0x8006b000
       11125000	      1111	80000594	7628f613	andi	x12,x17,1890	 x17:0x00000001 x12=0x00000000
       11135000	      1112	80000598	00a08093	addi	x1,x1,10	  x1:0x00000009  x1=0x00000013
       11145000	      1113	8000059c	009f94b3	sll	x9,x31,x9	 x31:0x0013fbe7  x9:0x0013fbe7  x9=0x09fdf380
       11155000	      1114	800005a0	00b5c9b3	xor	x19,x11,x11	 x11:0x0000004f x11:0x0000004f x19=0x00000000
       11165000	      1115	800005a4	40b1d393	srai	x7,x3,0xb	  x3:0x00000000  x7=0x00000000
       11175000	      1116	800005a8	cf6b2193	slti	x3,x22,-778	 x22:0x00000019  x3=0x00000000
       11185000	      1117	800005ac	017966b3	or	x13,x18,x23	 x18:0x00000003 x23:0x0000016b x13=0x0000016b
       11195000	      1118	800005b0	00808b33	add	x22,x1,x8	  x1:0x00000013  x8:0x0000000a x22=0x0000001d
       11205000	      1119	800005b4	016d9133	sll	x2,x27,x22	 x27:0x00000000 x22:0x0000001d  x2=0x00000000
       11215000	      1120	800005b8	8bb16397	auipc	x7,0x8bb16	  x7=0x0bb165b4
       11225000	      1121	800005bc	fce0eae3	bltu	x1,x14,80000590	  x1:0x00000013 x14:0x0000000d
       11235000	      1122	800005c0	b9d3f213	andi	x4,x7,-1123	  x7:0x0bb165b4  x4=0x0bb16194
       11245000	      1123	800005c4	faa446e3	blt	x8,x10,80000570	  x8:0x0000000a x10:0x00000009
       11255000	      1124	800005c8	011a9b93	slli	x23,x21,0x11	 x21:0x80009f40 x23=0x3e800000
       11265000	      1125	800005cc	00000e93	addi	x29,x0,0	  x0:0x00000000 x29=0x00000000
       11275000	      1126	800005d0	00c623b3	slt	x7,x12,x12	 x12:0x00000000 x12:0x00000000  x7=0x00000000
       11285000	      1127	800005d4	4eef37b7	lui	x15,0x4eef3	 x15=0x4eef3000
       11295000	      1128	800005d8	e3bc0097	auipc	x1,0xe3bc0	  x1=0x63bc05d4
       11305000	      1129	800005dc	d1e2b893	sltiu	x17,x5,-738	  x5:0x00000008 x17=0x00000001
       11315000	      1130	800005e0	01000813	addi	x16,x0,16	  x0:0x00000000 x16=0x00000010
       11325000	      1131	800005e4	01b96a33	or	x20,x18,x27	 x18:0x00000003 x27:0x00000000 x20=0x00000003
       11335000	      1132	800005e8	00000013	addi	x0,x0,0	  x0:0x00000000
       11345000	      1133	800005ec	defa0c93	addi	x25,x20,-529	 x20:0x00000003 x25=0xfffffdf2
       11355000	      1134	800005f0	32eedf97	auipc	x31,0x32eed	 x31=0xb2eed5ec
       11365000	      1135	800005f4	00e27233	and	x4,x4,x14	  x4:0x0bb16194 x14:0x0000000d  x4=0x00000004
       11375000	      1136	800005f8	00f20433	add	x8,x4,x15	  x4:0x00000004 x15:0x4eef3000  x8=0x4eef3004
       11385000	      1137	800005fc	008e8e93	addi	x29,x29,8	 x29:0x00000000 x29=0x00000008
       11395000	      1138	80000600	00e65593	srli	x11,x12,0xe	 x12:0x00000000 x11=0x00000000
       11405000	      1139	80000604	00000013	addi	x0,x0,0	  x0:0x00000000
       11415000	      1140	80000608	01ca5233	srl	x4,x20,x28	 x20:0x00000003 x28:0xfff7b000  x4=0x00000003
       11425000	      1141	8000060c	ff0e92e3	bne	x29,x16,800005f0	 x29:0x00000008 x16:0x00000010
       11435000	      1142	00000000	00000013	addi	x0,x0,0	  x0:0x00000000
       11445000	      1143	800005ec	00000013	addi	x0,x0,0	  x0:0x00000000
       11455000	      1144	800005f0	32eedf97	auipc	x31,0x32eed	 x31=0xb2eed5ec
       11465000	      1145	800005f4	00e27233	and	x4,x4,x14	  x4:0x00000003 x14:0x0000000d  x4=0x00000001
       11475000	      1146	800005f8	00f20433	add	x8,x4,x15	  x4:0x00000001 x15:0x4eef3000  x8=0x4eef3001
       11485000	      1147	800005fc	008e8e93	addi	x29,x29,8	 x29:0x00000008 x29=0x00000010
       11495000	      1148	80000600	00e65593	srli	x11,x12,0xe	 x12:0x00000000 x11=0x00000000
       11505000	      1149	80000604	00000013	addi	x0,x0,0	  x0:0x00000000
       11515000	      1150	80000608	01ca5233	srl	x4,x20,x28	 x20:0x00000003 x28:0xfff7b000  x4=0x00000003
       11525000	      1151	8000060c	ff0e92e3	bne	x29,x16,800005f0	 x29:0x00000010 x16:0x00000010
       11535000	      1152	80000610	01cf8733	add	x14,x31,x28	 x31:0xb2eed5ec x28:0xfff7b000 x14=0xb2e685ec
       11545000	      1153	80000614	ff900613	addi	x12,x0,-7	  x0:0x00000000 x12=0xfffffff9
       11555000	      1154	80000618	01cf6bb3	or	x23,x30,x28	 x30:0x17635000 x28:0xfff7b000 x23=0xfff7f000
       11565000	      1155	8000061c	d84bb717	auipc	x14,0xd84bb	 x14=0x584bb618
       11575000	      1156	80000620	e703ca13	xori	x20,x7,-400	  x7:0x00000000 x20=0xfffffe70
       11585000	      1157	80000624	e9da9f37	lui	x30,0xe9da9	 x30=0xe9da9000
       11595000	      1158	80000628	01400d13	addi	x26,x0,20	  x0:0x00000000 x26=0x00000014
       11605000	      1159	8000062c	dde97413	andi	x8,x18,-546	 x18:0x00000003  x8=0x00000002
       11615000	      1160	80000630	52513a13	sltiu	x20,x2,1317	  x2:0x00000000 x20=0x00000001
       11625000	      1161	80000634	a2f66417	auipc	x8,0xa2f66	  x8=0x22f66630
       11635000	      1162	80000638	0103cb33	xor	x22,x7,x16	  x7:0x00000000 x16:0x00000010 x22=0x00000010
       11645000	      1163	8000063c	9135a9b7	lui	x19,0x9135a	 x19=0x9135a000
       11655000	      1164	80000640	01cff533	and	x10,x31,x28	 x31:0xb2eed5ec x28:0xfff7b000 x10=0xb2e69000
       11665000	      1165	80000644	00000013	addi	x0,x0,0	  x0:0x00000000
       11675000	      1166	80000648	dd4de393	ori	x7,x27,-556	 x27:0x00000000  x7=0xfffffdd4
       11685000	      1167	8000064c	5b144c93	xori	x25,x8,1457	  x8:0x22f66630 x25=0x22f66381
       11695000	      1168	80000650	00021913	slli	x18,x4,0x0	  x4:0x00000003 x18=0x00000003
       11705000	      1169	80000654	00660613	addi	x12,x12,6	 x12:0xfffffff9 x12=0xffffffff
       11715000	      1170	80000658	00221193	slli	x3,x4,0x2	  x4:0x00000003  x3=0x0000000c
       11725000	      1171	8000065c	ffa00693	addi	x13,x0,-6	  x0:0x00000000 x13=0xfffffffa
       11735000	      1172	80000660	00700093	addi	x1,x0,7	  x0:0x00000000  x1=0x00000007
       11745000	      1173	80000664	00993333	sltu	x6,x18,x9	 x18:0x00000003  x9:0x09fdf380  x6=0x00000001
       11755000	      1174	80000668	0132ce33	xor	x28,x5,x19	  x5:0x00000008 x19:0x9135a000 x28=0x9135a008
       11765000	      1175	8000066c	2f1ba513	slti	x10,x23,753	 x23:0xfff7f000 x10=0x00000001
       11775000	      1176	80000670	f498e3b7	lui	x7,0xf498e	  x7=0xf498e000
       11785000	      1177	80000674	00dd3933	sltu	x18,x26,x13	 x26:0x00000014 x13:0xfffffffa x18=0x00000001
       11795000	      1178	80000678	41c6da33	sra	x20,x13,x28	 x13:0xfffffffa x28:0x9135a008 x20=0xffffffff
       11805000	      1179	8000067c	00368693	addi	x13,x13,3	 x13:0xfffffffa x13=0xfffffffd
       11815000	      1180	80000680	29fdb537	lui	x10,0x29fdb	 x10=0x29fdb000
       11825000	      1181	80000684	019e1833	sll	x16,x28,x25	 x28:0x9135a008 x25:0x22f66381 x16=0x226b4010
       11835000	      1182	80000688	fe16c2e3	blt	x13,x1,8000066c	 x13:0xfffffffd  x1:0x00000007
       11845000	      1183	00000000	00000013	addi	x0,x0,0	  x0:0x00000000
       11855000	      1184	80000668	00000013	addi	x0,x0,0	  x0:0x00000000
       11865000	      1185	8000066c	2f1ba513	slti	x10,x23,753	 x23:0xfff7f000 x10=0x00000001
       11875000	      1186	80000670	f498e3b7	lui	x7,0xf498e	  x7=0xf498e000
       11885000	      1187	80000674	00dd3933	sltu	x18,x26,x13	 x26:0x00000014 x13:0xfffffffd x18=0x00000001
       11895000	      1188	80000678	41c6da33	sra	x20,x13,x28	 x13:0xfffffffd x28:0x9135a008 x20=0xffffffff
       11905000	      1189	8000067c	00368693	addi	x13,x13,3	 x13:0xfffffffd x13=0x00000000
       11915000	      1190	80000680	29fdb537	lui	x10,0x29fdb	 x10=0x29fdb000
       11925000	      1191	80000684	019e1833	sll	x16,x28,x25	 x28:0x9135a008 x25:0x22f66381 x16=0x226b4010
       11935000	      1192	80000688	fe16c2e3	blt	x13,x1,8000066c	 x13:0x00000000  x1:0x00000007
       11945000	      1193	00000000	00000013	addi	x0,x0,0	  x0:0x00000000
       11955000	      1194	80000668	00000013	addi	x0,x0,0	  x0:0x00000000
       11965000	      1195	8000066c	2f1ba513	slti	x10,x23,753	 x23:0xfff7f000 x10=0x00000001
       11975000	      1196	80000670	f498e3b7	lui	x7,0xf498e	  x7=0xf498e000
       11985000	      1197	80000674	00dd3933	sltu	x18,x26,x13	 x26:0x00000014 x13:0x00000000 x18=0x00000000
       11995000	      1198	80000678	41c6da33	sra	x20,x13,x28	 x13:0x00000000 x28:0x9135a008 x20=0x00000000
       12005000	      1199	8000067c	00368693	addi	x13,x13,3	 x13:0x00000000 x13=0x00000003
       12015000	      1200	80000680	29fdb537	lui	x10,0x29fdb	 x10=0x29fdb000
       12025000	      1201	80000684	019e1833	sll	x16,x28,x25	 x28:0x9135a008 x25:0x22f66381 x16=0x226b4010
       12035000	      1202	80000688	fe16c2e3	blt	x13,x1,8000066c	 x13:0x00000003  x1:0x00000007
       12045000	      1203	00000000	00000013	addi	x0,x0,0	  x0:0x00000000
       12055000	      1204	80000668	00000013	addi	x0,x0,0	  x0:0x00000000
       12065000	      1205	8000066c	2f1ba513	slti	x10,x23,753	 x23:0xfff7f000 x10=0x00000001
       12075000	      1206	80000670	f498e3b7	lui	x7,0xf498e	  x7=0xf498e000
       12085000	      1207	80000674	00dd3933	sltu	x18,x26,x13	 x26:0x00000014 x13:0x00000003 x18=0x00000000
       12095000	      1208	80000678	41c6da33	sra	x20,x13,x28	 x13:0x00000003 x28:0x9135a008 x20=0x00000000
       12105000	      1209	8000067c	00368693	addi	x13,x13,3	 x13:0x00000003 x13=0x00000006
       12115000	      1210	80000680	29fdb537	lui	x10,0x29fdb	 x10=0x29fdb000
       12125000	      1211	80000684	019e1833	sll	x16,x28,x25	 x28:0x9135a008 x25:0x22f66381 x16=0x226b4010
       12135000	      1212	80000688	fe16c2e3	blt	x13,x1,8000066c	 x13:0x00000006  x1:0x00000007
       12145000	      1213	00000000	00000013	addi	x0,x0,0	  x0:0x00000000
       12155000	      1214	80000668	00000013	addi	x0,x0,0	  x0:0x00000000
       12165000	      1215	8000066c	2f1ba513	slti	x10,x23,753	 x23:0xfff7f000 x10=0x00000001
       12175000	      1216	80000670	f498e3b7	lui	x7,0xf498e	  x7=0xf498e000
       12185000	      1217	80000674	00dd3933	sltu	x18,x26,x13	 x26:0x00000014 x13:0x00000006 x18=0x00000000
       12195000	      1218	80000678	41c6da33	sra	x20,x13,x28	 x13:0x00000006 x28:0x9135a008 x20=0x00000000
       12205000	      1219	8000067c	00368693	addi	x13,x13,3	 x13:0x00000006 x13=0x00000009
       12215000	      1220	80000680	29fdb537	lui	x10,0x29fdb	 x10=0x29fdb000
       12225000	      1221	80000684	019e1833	sll	x16,x28,x25	 x28:0x9135a008 x25:0x22f66381 x16=0x226b4010
       12235000	      1222	80000688	fe16c2e3	blt	x13,x1,8000066c	 x13:0x00000009  x1:0x00000007
       12245000	      1223	8000068c	a478af13	slti	x30,x17,-1465	 x17:0x00000001 x30=0x00000000
       12255000	      1224	80000690	16266893	ori	x17,x12,354	 x12:0xffffffff x17=0xffffffff
       12265000	      1225	80000694	fba66ae3	bltu	x12,x26,80000648	 x12:0xffffffff x26:0x00000014
       12275000	      1226	80000698	0048d113	srli	x2,x17,0x4	 x17:0xffffffff  x2=0x0fffffff
       12285000	      1227	8000069c	ffe00193	addi	x3,x0,-2	  x0:0x00000000  x3=0xfffffffe
       12295000	      1228	800006a0	40b50433	sub	x8,x10,x11	 x10:0x29fdb000 x11:0x00000000  x8=0x29fdb000
       12305000	      1229	800006a4	00451113	slli	x2,x10,0x4	 x10:0x29fdb000  x2=0x9fdb0000
       12315000	      1230	800006a8	00679913	slli	x18,x15,0x6	 x15:0x4eef3000 x18=0xbbcc0000
       12325000	      1231	800006ac	012c6533	or	x10,x24,x18	 x24:0x80009fc4 x18:0xbbcc0000 x10=0xbbcc9fc4
       12335000	      1232	800006b0	00a00a13	addi	x20,x0,10	  x0:0x00000000 x20=0x0000000a
       12345000	      1233	800006b4	97486913	ori	x18,x16,-1676	 x16:0x226b4010 x18=0xfffff974
       12355000	      1234	800006b8	d7ff0413	addi	x8,x30,-641	 x30:0x00000000  x8=0xfffffd7f
       12365000	      1235	800006bc	00000013	addi	x0,x0,0	  x0:0x00000000
       12375000	      1236	800006c0	00618193	addi	x3,x3,6	  x3:0xfffffffe  x3=0x00000004
       12385000	      1237	800006c4	e1d3e4b7	lui	x9,0xe1d3e	  x9=0xe1d3e000
       12395000	      1238	800006c8	40d853b3	sra	x7,x16,x13	 x16:0x226b4010 x13:0x00000009  x7=0x001135a0
       12405000	      1239	800006cc	014ae933	or	x18,x21,x20	 x21:0x80009f40 x20:0x0000000a x18=0x80009f4a
       12415000	      1240	800006d0	0077b033	sltu	x0,x15,x7	 x15:0x4eef3000  x7:0x001135a0
       12425000	      1241	800006d4	0035eeb3	or	x29,x11,x3	 x11:0x00000000  x3:0x00000004 x29=0x00000004
       12435000	      1242	800006d8	404cd833	sra	x16,x25,x4	 x25:0x22f66381  x4:0x00000003 x16=0x045ecc70
       12445000	      1243	800006dc	410c5c93	srai	x25,x24,0x10	 x24:0x80009fc4 x25=0xffff8000
       12455000	      1244	800006e0	011956b3	srl	x13,x18,x17	 x18:0x80009f4a x17:0xffffffff x13=0x00000001
       12465000	      1245	800006e4	da42f393	andi	x7,x5,-604	  x5:0x00000008  x7=0x00000000
       12475000	      1246	800006e8	41688433	sub	x8,x17,x22	 x17:0xffffffff x22:0x00000010  x8=0xffffffef
       12485000	      1247	800006ec	006474b3	and	x9,x8,x6	  x8:0xffffffef  x6:0x00000001  x9=0x00000001
       12495000	      1248	800006f0	fd887793	andi	x15,x16,-40	 x16:0x045ecc70 x15=0x045ecc50
       12505000	      1249	800006f4	fd4192e3	bne	x3,x20,800006b8	  x3:0x00000004 x20:0x0000000a
       12515000	      1250	00000000	00000013	addi	x0,x0,0	  x0:0x00000000
       12525000	      1251	800006b4	00000013	addi	x0,x0,0	  x0:0x00000000
       12535000	      1252	800006b8	d7ff0413	addi	x8,x30,-641	 x30:0x00000000  x8=0xfffffd7f
       12545000	      1253	800006bc	00000013	addi	x0,x0,0	  x0:0x00000000
       12555000	      1254	800006c0	00618193	addi	x3,x3,6	  x3:0x00000004  x3=0x0000000a
       12565000	      1255	800006c4	e1d3e4b7	lui	x9,0xe1d3e	  x9=0xe1d3e000
       12575000	      1256	800006c8	40d853b3	sra	x7,x16,x13	 x16:0x045ecc70 x13:0x00000001  x7=0x022f6638
       12585000	      1257	800006cc	014ae933	or	x18,x21,x20	 x21:0x80009f40 x20:0x0000000a x18=0x80009f4a
       12595000	      1258	800006d0	0077b033	sltu	x0,x15,x7	 x15:0x045ecc50  x7:0x022f6638
       12605000	      1259	800006d4	0035eeb3	or	x29,x11,x3	 x11:0x00000000  x3:0x0000000a x29=0x0000000a
       12615000	      1260	800006d8	404cd833	sra	x16,x25,x4	 x25:0xffff8000  x4:0x00000003 x16=0xfffff000
       12625000	      1261	800006dc	410c5c93	srai	x25,x24,0x10	 x24:0x80009fc4 x25=0xffff8000
       12635000	      1262	800006e0	011956b3	srl	x13,x18,x17	 x18:0x80009f4a x17:0xffffffff x13=0x00000001
       12645000	      1263	800006e4	da42f393	andi	x7,x5,-604	  x5:0x00000008  x7=0x00000000
       12655000	      1264	800006e8	41688433	sub	x8,x17,x22	 x17:0xffffffff x22:0x00000010  x8=0xffffffef
       12665000	      1265	800006ec	006474b3	and	x9,x8,x6	  x8:0xffffffef  x6:0x00000001  x9=0x00000001
       12675000	      1266	800006f0	fd887793	andi	x15,x16,-40	 x16:0xfffff000 x15=0xfffff000
       12685000	      1267	800006f4	fd4192e3	bne	x3,x20,800006b8	  x3:0x0000000a x20:0x0000000a
       12695000	      1268	800006f8	7958b893	sltiu	x17,x17,1941	 x17:0xffffffff x17=0x00000000
       12705000	      1269	800006fc	00600f93	addi	x31,x0,6	  x0:0x00000000 x31=0x00000006
       12715000	      1270	80000700	00d00593	addi	x11,x0,13	  x0:0x00000000 x11=0x0000000d
       12725000	      1271	80000704	9353b837	lui	x16,0x9353b	 x16=0x9353b000
       12735000	      1272	80000708	133927b7	lui	x15,0x13392	 x15=0x13392000
       12745000	      1273	8000070c	004f8f93	addi	x31,x31,4	 x31:0x00000006 x31=0x0000000a
       12755000	      1274	80000710	00600513	addi	x10,x0,6	  x0:0x00000000 x10=0x00000006
       12765000	      1275	80000714	00c00b93	addi	x23,x0,12	  x0:0x00000000 x23=0x0000000c
       12775000	      1276	80000718	003dd193	srli	x3,x27,0x3	 x27:0x00000000  x3=0x00000000
       12785000	      1277	8000071c	9a90b413	sltiu	x8,x1,-1623	  x1:0x00000007  x8=0x00000001
       12795000	      1278	80000720	88ab8193	addi	x3,x23,-1910	 x23:0x0000000c  x3=0xfffff896
       12805000	      1279	80000724	00650513	addi	x10,x10,6	 x10:0x00000006 x10=0x0000000c
       12815000	      1280	80000728	ff754ae3	blt	x10,x23,8000071c	 x10:0x0000000c x23:0x0000000c
       12825000	      1281	8000072c	00e11f33	sll	x30,x2,x14	  x2:0x9fdb0000 x14:0x584bb618 x30=0x00000000
       12835000	      1282	80000730	fcbfcce3	blt	x31,x11,80000708	 x31:0x0000000a x11:0x0000000d
       12845000	      1283	00000000	00000013	addi	x0,x0,0	  x0:0x00000000
       12855000	      1284	80000704	00000013	addi	x0,x0,0	  x0:0x00000000
       12865000	      1285	80000708	133927b7	lui	x15,0x13392	 x15=0x13392000
       12875000	      1286	8000070c	004f8f93	addi	x31,x31,4	 x31:0x0000000a x31=0x0000000e
       12885000	      1287	80000710	00600513	addi	x10,x0,6	  x0:0x00000000 x10=0x00000006
       12895000	      1288	80000714	00c00b93	addi	x23,x0,12	  x0:0x00000000 x23=0x0000000c
       12905000	      1289	80000718	003dd193	srli	x3,x27,0x3	 x27:0x00000000  x3=0x00000000
       12915000	      1290	8000071c	9a90b413	sltiu	x8,x1,-1623	  x1:0x00000007  x8=0x00000001
       12925000	      1291	80000720	88ab8193	addi	x3,x23,-1910	 x23:0x0000000c  x3=0xfffff896
       12935000	      1292	80000724	00650513	addi	x10,x10,6	 x10:0x00000006 x10=0x0000000c
       12945000	      1293	80000728	ff754ae3	blt	x10,x23,8000071c	 x10:0x0000000c x23:0x0000000c
       12955000	      1294	8000072c	00e11f33	sll	x30,x2,x14	  x2:0x9fdb0000 x14:0x584bb618 x30=0x00000000
       12965000	      1295	80000730	fcbfcce3	blt	x31,x11,80000708	 x31:0x0000000e x11:0x0000000d
       12975000	      1296	80000734	c1667837	lui	x16,0xc1667	 x16=0xc1667000
       12985000	      1297	80000738	ffe00d13	addi	x26,x0,-2	  x0:0x00000000 x26=0xfffffffe
       12995000	      1298	8000073c	b9f54693	xori	x13,x10,-1121	 x10:0x0000000c x13=0xfffffb93
       13005000	      1299	80000740	9190c713	xori	x14,x1,-1767	  x1:0x00000007 x14=0xfffff91e
       13015000	      1300	80000744	00400313	addi	x6,x0,4	  x0:0x00000000  x6=0x00000004
       13025000	      1301	80000748	001074b3	and	x9,x0,x1	  x0:0x00000000  x1:0x00000007  x9=0x00000000
       13035000	      1302	8000074c	40b6d393	srai	x7,x13,0xb	 x13:0xfffffb93  x7=0xffffffff
       13045000	      1303	80000750	009d0d13	addi	x26,x26,9	 x26:0xfffffffe x26=0x00000007
       13055000	      1304	80000754	017e5d93	srli	x27,x28,0x17	 x28:0x9135a008 x27=0x00000122
       13065000	      1305	80000758	d16b3f13	sltiu	x30,x22,-746	 x22:0x00000010 x30=0x00000001
       13075000	      1306	8000075c	ff900c93	addi	x25,x0,-7	  x0:0x00000000 x25=0xfffffff9
       13085000	      1307	80000760	00812833	slt	x16,x2,x8	  x2:0x9fdb0000  x8:0x00000001 x16=0x00000001
       13095000	      1308	80000764	4009d493	srai	x9,x19,0x0	 x19:0x9135a000  x9=0x9135a000
       13105000	      1309	80000768	ff600193	addi	x3,x0,-10	  x0:0x00000000  x3=0xfffffff6
       13115000	      1310	8000076c	e162ea13	ori	x20,x5,-490	  x5:0x00000008 x20=0xfffffe1e
       13125000	      1311	80000770	c06c8093	addi	x1,x25,-1018	 x25:0xfffffff9  x1=0xfffffbff
       13135000	      1312	80000774	ffac8c93	addi	x25,x25,-6	 x25:0xfffffff9 x25=0xfffffff3
       13145000	      1313	80000778	01e0a3b3	slt	x7,x1,x30	  x1:0xfffffbff x30:0x00000001  x7=0x00000001
       13155000	      1314	8000077c	fe3cd8e3	bge	x25,x3,8000076c	 x25:0xfffffff3  x3:0xfffffff6
       13165000	      1315	80000780	6399b413	sltiu	x8,x19,1593	 x19:0x9135a000  x8=0x00000000
       13175000	      1316	80000784	eecf3913	sltiu	x18,x30,-276	 x30:0x00000001 x18=0x00000001
       13185000	      1317	80000788	8b042e13	slti	x28,x8,-1872	  x8:0x00000000 x28=0x00000000
       13195000	      1318	8000078c	408d5093	srai	x1,x26,0x8	 x26:0x00000007  x1=0x00000000
       13205000	      1319	80000790	fa6d6ce3	bltu	x26,x6,80000748	 x26:0x00000007  x6:0x00000004
       13215000	      1320	80000794	0004a8b3	slt	x17,x9,x0	  x9:0x9135a000  x0:0x00000000 x17=0x00000001
       13225000	      1321	80000798	00a00f93	addi	x31,x0,10	  x0:0x00000000 x31=0x0000000a
       13235000	      1322	8000079c	00776933	or	x18,x14,x7	 x14:0xfffff91e  x7:0x00000001 x18=0xfffff91f
       13245000	      1323	800007a0	01c55313	srli	x6,x10,0x1c	 x10:0x0000000c  x6=0x00000000
       13255000	      1324	800007a4	394c6593	ori	x11,x24,916	 x24:0x80009fc4 x11=0x80009fd4
       13265000	      1325	800007a8	1b400d93	addi	x27,x0,436	  x0:0x00000000 x27=0x000001b4
       13275000	      1326	800007ac	01249593	slli	x11,x9,0x12	  x9:0x9135a000 x11=0x80000000
       13285000	      1327	800007b0	0033c433	xor	x8,x7,x3	  x7:0x00000001  x3:0xfffffff6  x8=0xfffffff7
       13295000	      1328	800007b4	00091033	sll	x0,x18,x0	 x18:0xfffff91f  x0:0x00000000
       13305000	      1329	800007b8	803d9497	auipc	x9,0x803d9	  x9=0x003d97b4
       13315000	      1330	800007bc	41b30633	sub	x12,x6,x27	  x6:0x00000000 x27:0x000001b4 x12=0xfffffe4c
       13325000	      1331	800007c0	fec00a13	addi	x20,x0,-20	  x0:0x00000000 x20=0xffffffec
       13335000	      1332	800007c4	b8577813	andi	x16,x14,-1147	 x14:0xfffff91e x16=0xfffff904
       13345000	      1333	800007c8	ddeb0e13	addi	x28,x22,-546	 x22:0x00000010 x28=0xfffffdee
       13355000	      1334	800007cc	015ce6b3	or	x13,x25,x21	 x25:0xfffffff3 x21:0x80009f40 x13=0xfffffff3
       13365000	      1335	800007d0	00ff4233	xor	x4,x30,x15	 x30:0x00000001 x15:0x13392000  x4=0x13392001
       13375000	      1336	800007d4	ffaf8f93	addi	x31,x31,-6	 x31:0x0000000a x31=0x00000004
       13385000	      1337	800007d8	01298133	add	x2,x19,x18	 x19:0x9135a000 x18:0xfffff91f  x2=0x9135991f
       13395000	      1338	800007dc	eb2afd93	andi	x27,x21,-334	 x21:0x80009f40 x27=0x80009e00
       13405000	      1339	800007e0	a4117d97	auipc	x27,0xa4117	 x27=0x241177dc
       13415000	      1340	800007e4	3c756913	ori	x18,x10,967	 x10:0x0000000c x18=0x000003cf
       13425000	      1341	800007e8	00e28f33	add	x30,x5,x14	  x5:0x00000008 x14:0xfffff91e x30=0xfffff926
       13435000	      1342	800007ec	00b0abb3	slt	x23,x1,x11	  x1:0x00000000 x11:0x80000000 x23=0x00000000
       13445000	      1343	800007f0	3ddd3693	sltiu	x13,x26,989	 x26:0x00000007 x13=0x00000001
       13455000	      1344	800007f4	fd4f9ce3	bne	x31,x20,800007cc	 x31:0x00000004 x20:0xffffffec
       13465000	      1345	00000000	00000013	addi	x0,x0,0	  x0:0x00000000
       13475000	      1346	800007c8	00000013	addi	x0,x0,0	  x0:0x00000000
       13485000	      1347	800007cc	015ce6b3	or	x13,x25,x21	 x25:0xfffffff3 x21:0x80009f40 x13=0xfffffff3
       13495000	      1348	800007d0	00ff4233	xor	x4,x30,x15	 x30:0xfffff926 x15:0x13392000  x4=0xecc6d926
       13505000	      1349	800007d4	ffaf8f93	addi	x31,x31,-6	 x31:0x00000004 x31=0xfffffffe
       13515000	      1350	800007d8	01298133	add	x2,x19,x18	 x19:0x9135a000 x18:0x000003cf  x2=0x9135a3cf
       13525000	      1351	800007dc	eb2afd93	andi	x27,x21,-334	 x21:0x80009f40 x27=0x80009e00
       13535000	      1352	800007e0	a4117d97	auipc	x27,0xa4117	 x27=0x241177dc
       13545000	      1353	800007e4	3c756913	ori	x18,x10,967	 x10:0x0000000c x18=0x000003cf
       13555000	      1354	800007e8	00e28f33	add	x30,x5,x14	  x5:0x00000008 x14:0xfffff91e x30=0xfffff926
       13565000	      1355	800007ec	00b0abb3	slt	x23,x1,x11	  x1:0x00000000 x11:0x80000000 x23=0x00000000
       13575000	      1356	800007f0	3ddd3693	sltiu	x13,x26,989	 x26:0x00000007 x13=0x00000001
       13585000	      1357	800007f4	fd4f9ce3	bne	x31,x20,800007cc	 x31:0xfffffffe x20:0xffffffec
       13595000	      1358	00000000	00000013	addi	x0,x0,0	  x0:0x00000000
       13605000	      1359	800007c8	00000013	addi	x0,x0,0	  x0:0x00000000
       13615000	      1360	800007cc	015ce6b3	or	x13,x25,x21	 x25:0xfffffff3 x21:0x80009f40 x13=0xfffffff3
       13625000	      1361	800007d0	00ff4233	xor	x4,x30,x15	 x30:0xfffff926 x15:0x13392000  x4=0xecc6d926
       13635000	      1362	800007d4	ffaf8f93	addi	x31,x31,-6	 x31:0xfffffffe x31=0xfffffff8
       13645000	      1363	800007d8	01298133	add	x2,x19,x18	 x19:0x9135a000 x18:0x000003cf  x2=0x9135a3cf
       13655000	      1364	800007dc	eb2afd93	andi	x27,x21,-334	 x21:0x80009f40 x27=0x80009e00
       13665000	      1365	800007e0	a4117d97	auipc	x27,0xa4117	 x27=0x241177dc
       13675000	      1366	800007e4	3c756913	ori	x18,x10,967	 x10:0x0000000c x18=0x000003cf
       13685000	      1367	800007e8	00e28f33	add	x30,x5,x14	  x5:0x00000008 x14:0xfffff91e x30=0xfffff926
       13695000	      1368	800007ec	00b0abb3	slt	x23,x1,x11	  x1:0x00000000 x11:0x80000000 x23=0x00000000
       13705000	      1369	800007f0	3ddd3693	sltiu	x13,x26,989	 x26:0x00000007 x13=0x00000001
       13715000	      1370	800007f4	fd4f9ce3	bne	x31,x20,800007cc	 x31:0xfffffff8 x20:0xffffffec
       13725000	      1371	00000000	00000013	addi	x0,x0,0	  x0:0x00000000
       13735000	      1372	800007c8	00000013	addi	x0,x0,0	  x0:0x00000000
       13745000	      1373	800007cc	015ce6b3	or	x13,x25,x21	 x25:0xfffffff3 x21:0x80009f40 x13=0xfffffff3
       13755000	      1374	800007d0	00ff4233	xor	x4,x30,x15	 x30:0xfffff926 x15:0x13392000  x4=0xecc6d926
       13765000	      1375	800007d4	ffaf8f93	addi	x31,x31,-6	 x31:0xfffffff8 x31=0xfffffff2
       13775000	      1376	800007d8	01298133	add	x2,x19,x18	 x19:0x9135a000 x18:0x000003cf  x2=0x9135a3cf
       13785000	      1377	800007dc	eb2afd93	andi	x27,x21,-334	 x21:0x80009f40 x27=0x80009e00
       13795000	      1378	800007e0	a4117d97	auipc	x27,0xa4117	 x27=0x241177dc
       13805000	      1379	800007e4	3c756913	ori	x18,x10,967	 x10:0x0000000c x18=0x000003cf
       13815000	      1380	800007e8	00e28f33	add	x30,x5,x14	  x5:0x00000008 x14:0xfffff91e x30=0xfffff926
       13825000	      1381	800007ec	00b0abb3	slt	x23,x1,x11	  x1:0x00000000 x11:0x80000000 x23=0x00000000
       13835000	      1382	800007f0	3ddd3693	sltiu	x13,x26,989	 x26:0x00000007 x13=0x00000001
       13845000	      1383	800007f4	fd4f9ce3	bne	x31,x20,800007cc	 x31:0xfffffff2 x20:0xffffffec
       13855000	      1384	00000000	00000013	addi	x0,x0,0	  x0:0x00000000
       13865000	      1385	800007c8	00000013	addi	x0,x0,0	  x0:0x00000000
       13875000	      1386	800007cc	015ce6b3	or	x13,x25,x21	 x25:0xfffffff3 x21:0x80009f40 x13=0xfffffff3
       13885000	      1387	800007d0	00ff4233	xor	x4,x30,x15	 x30:0xfffff926 x15:0x13392000  x4=0xecc6d926
       13895000	      1388	800007d4	ffaf8f93	addi	x31,x31,-6	 x31:0xfffffff2 x31=0xffffffec
       13905000	      1389	800007d8	01298133	add	x2,x19,x18	 x19:0x9135a000 x18:0x000003cf  x2=0x9135a3cf
       13915000	      1390	800007dc	eb2afd93	andi	x27,x21,-334	 x21:0x80009f40 x27=0x80009e00
       13925000	      1391	800007e0	a4117d97	auipc	x27,0xa4117	 x27=0x241177dc
       13935000	      1392	800007e4	3c756913	ori	x18,x10,967	 x10:0x0000000c x18=0x000003cf
       13945000	      1393	800007e8	00e28f33	add	x30,x5,x14	  x5:0x00000008 x14:0xfffff91e x30=0xfffff926
       13955000	      1394	800007ec	00b0abb3	slt	x23,x1,x11	  x1:0x00000000 x11:0x80000000 x23=0x00000000
       13965000	      1395	800007f0	3ddd3693	sltiu	x13,x26,989	 x26:0x00000007 x13=0x00000001
       13975000	      1396	800007f4	fd4f9ce3	bne	x31,x20,800007cc	 x31:0xffffffec x20:0xffffffec
       13985000	      1397	800007f8	91f57013	andi	x0,x10,-1761	 x10:0x0000000c
       13995000	      1398	800007fc	049b1063	bne	x22,x9,8000083c	 x22:0x00000010  x9:0x003d97b4
       14005000	      1399	00000000	00000013	addi	x0,x0,0	  x0:0x00000000
       14015000	      1400	80000838	00000013	addi	x0,x0,0	  x0:0x00000000
       14025000	      1401	8000083c	ee103693	sltiu	x13,x0,-287	  x0:0x00000000 x13=0x00000001
       14035000	      1402	80000840	3b004b17	auipc	x22,0x3b004	 x22=0xbb00483c
       14045000	      1403	80000844	43cf3593	sltiu	x11,x30,1084	 x30:0xfffff926 x11=0x00000000
       14055000	      1404	80000848	00000013	addi	x0,x0,0	  x0:0x00000000
       14065000	      1405	8000084c	00f15133	srl	x2,x2,x15	  x2:0x9135a3cf x15:0x13392000  x2=0x9135a3cf
       14075000	      1406	80000850	01364fb3	xor	x31,x12,x19	 x12:0xfffffe4c x19:0x9135a000 x31=0x6eca5e4c
       14085000	      1407	80000854	006b8263	beq	x23,x6,80000858	 x23:0x00000000  x6:0x00000000
       14095000	      1408	00000000	00000013	addi	x0,x0,0	  x0:0x00000000
       14105000	      1409	80000854	00000013	addi	x0,x0,0	  x0:0x00000000
       14115000	      1410	80000858	03d49063	bne	x9,x29,80000878	  x9:0x003d97b4 x29:0x0000000a
       14125000	      1411	00000000	00000013	addi	x0,x0,0	  x0:0x00000000
       14135000	      1412	80000874	00000013	addi	x0,x0,0	  x0:0x00000000
       14145000	      1413	80000878	79273313	sltiu	x6,x14,1938	 x14:0xfffff91e  x6=0x00000000
       14155000	      1414	8000087c	2eec1737	lui	x14,0x2eec1	 x14=0x2eec1000
       14165000	      1415	80000880	0025e533	or	x10,x11,x2	 x11:0x00000000  x2:0x9135a3cf x10=0x9135a3cf
       14175000	      1416	80000884	0cd9ad13	slti	x26,x19,205	 x19:0x9135a000 x26=0x00000001
       14185000	      1417	80000888	001018b3	sll	x17,x0,x1	  x0:0x00000000  x1:0x00000000 x17=0x00000000
       14195000	      1418	8000088c	01ee03b3	add	x7,x28,x30	 x28:0xfffffdee x30:0xfffff926  x7=0xfffff714
       14205000	      1419	80000890	41e8d513	srai	x10,x17,0x1e	 x17:0x00000000 x10=0x00000000
       14215000	      1420	80000894	2d4c3e17	auipc	x28,0x2d4c3	 x28=0xad4c3890
       14225000	      1421	80000898	40735493	srai	x9,x6,0x7	  x6:0x00000000  x9=0x00000000
       14235000	      1422	8000089c	000a5663	bge	x20,x0,800008a8	 x20:0xffffffec  x0:0x00000000
       14245000	      1423	800008a0	00cfd333	srl	x6,x31,x12	 x31:0x6eca5e4c x12:0xfffffe4c  x6=0x0006eca5
       14255000	      1424	800008a4	411c5d33	sra	x26,x24,x17	 x24:0x80009fc4 x17:0x00000000 x26=0x80009fc4
       14265000	      1425	800008a8	92788b17	auipc	x22,0x92788	 x22=0x127888a4
       14275000	      1426	800008ac	783a0e17	auipc	x28,0x783a0	 x28=0xf83a08a8
       14285000	      1427	800008b0	0074d8b3	srl	x17,x9,x7	  x9:0x00000000  x7:0xfffff714 x17=0x00000000
       14295000	      1428	800008b4	6c0f1837	lui	x16,0x6c0f1	 x16=0x6c0f1000
       14305000	      1429	800008b8	9baf6f93	ori	x31,x30,-1606	 x30:0xfffff926 x31=0xfffff9be
       14315000	      1430	800008bc	008c2a33	slt	x20,x24,x8	 x24:0x80009fc4  x8:0xfffffff7 x20=0x00000001
       14325000	      1431	800008c0	20eb4f13	xori	x30,x22,526	 x22:0x127888a4 x30=0x12788aaa
       14335000	      1432	800008c4	7acdf513	andi	x10,x27,1964	 x27:0x241177dc x10=0x0000078c
       14345000	      1433	800008c8	504ff993	andi	x19,x31,1284	 x31:0xfffff9be x19=0x00000104
       14355000	      1434	800008cc	40265bb3	sra	x23,x12,x2	 x12:0xfffffe4c  x2:0x9135a3cf x23=0xffffffff
       14365000	      1435	800008d0	050c6063	bltu	x24,x16,80000910	 x24:0x80009fc4 x16:0x6c0f1000
       14375000	      1436	800008d4	00088863	beq	x17,x0,800008e4	 x17:0x00000000  x0:0x00000000
       14385000	      1437	00000000	00000013	addi	x0,x0,0	  x0:0x00000000
       14395000	      1438	800008e0	00000013	addi	x0,x0,0	  x0:0x00000000
       14405000	      1439	800008e4	12a6c713	xori	x14,x13,298	 x13:0x00000001 x14=0x0000012b
       14415000	      1440	800008e8	3853ef97	auipc	x31,0x3853e	 x31=0xb853e8e4
       14425000	      1441	800008ec	4165d693	srai	x13,x11,0x16	 x11:0x00000000 x13=0x00000000
       14435000	      1442	800008f0	98c8a313	slti	x6,x17,-1652	 x17:0x00000000  x6=0x00000000
       14445000	      1443	800008f4	40475713	srai	x14,x14,0x4	 x14:0x0000012b x14=0x00000012
       14455000	      1444	800008f8	6f9a6313	ori	x6,x20,1785	 x20:0x00000001  x6=0x000006f9
       14465000	      1445	800008fc	014785b3	add	x11,x15,x20	 x15:0x13392000 x20:0x00000001 x11=0x13392001
       14475000	      1446	80000900	00ad8d33	add	x26,x27,x10	 x27:0x241177dc x10:0x0000078c x26=0x24117f68
       14485000	      1447	80000904	00986e63	bltu	x16,x9,80000920	 x16:0x6c0f1000  x9:0x00000000
       14495000	      1448	80000908	40bc5813	srai	x16,x24,0xb	 x24:0x80009fc4 x16=0xfff00013
       14505000	      1449	8000090c	004c04b3	add	x9,x24,x4	 x24:0x80009fc4  x4:0xecc6d926  x9=0x6cc778ea
       14515000	      1450	80000910	053b1063	bne	x22,x19,80000950	 x22:0x127888a4 x19:0x00000104
       14525000	      1451	00000000	00000013	addi	x0,x0,0	  x0:0x00000000
       14535000	      1452	8000094c	00000013	addi	x0,x0,0	  x0:0x00000000
       14545000	      1453	80000950	a8977593	andi	x11,x14,-1399	 x14:0x00000012 x11=0x00000000
       14555000	      1454	80000954	00000013	addi	x0,x0,0	  x0:0x00000000
       14565000	      1455	80000958	11cfc637	lui	x12,0x11cfc	 x12=0x11cfc000
       14575000	      1456	8000095c	0582d863	bge	x5,x24,800009ac	  x5:0x00000008 x24:0x80009fc4
       14585000	      1457	00000000	00000013	addi	x0,x0,0	  x0:0x00000000
       14595000	      1458	800009a8	00000013	addi	x0,x0,0	  x0:0x00000000
       14605000	      1459	800009ac	00579e13	slli	x28,x15,0x5	 x15:0x13392000 x28=0x67240000
       14615000	      1460	800009b0	b7cdab93	slti	x23,x27,-1156	 x27:0x241177dc x23=0x00000000
       14625000	      1461	800009b4	4f5b0893	addi	x17,x22,1269	 x22:0x127888a4 x17=0x12788d99
       14635000	      1462	800009b8	7c54a393	slti	x7,x9,1989	  x9:0x6cc778ea  x7=0x00000000
       14645000	      1463	800009bc	40d08d33	sub	x26,x1,x13	  x1:0x00000000 x13:0x00000000 x26=0x00000000
       14655000	      1464	800009c0	c18dfb93	andi	x23,x27,-1000	 x27:0x241177dc x23=0x24117418
       14665000	      1465	800009c4	401c8333	sub	x6,x25,x1	 x25:0xfffffff3  x1:0x00000000  x6=0xfffffff3
       14675000	      1466	800009c8	41dfd233	sra	x4,x31,x29	 x31:0xb853e8e4 x29:0x0000000a  x4=0xffee14fa
       14685000	      1467	800009cc	013d9a63	bne	x27,x19,800009e0	 x27:0x241177dc x19:0x00000104
       14695000	      1468	00000000	00000013	addi	x0,x0,0	  x0:0x00000000
       14705000	      1469	800009dc	00000013	addi	x0,x0,0	  x0:0x00000000
       14715000	      1470	800009e0	00863e33	sltu	x28,x12,x8	 x12:0x11cfc000  x8:0xfffffff7 x28=0x00000001
       14725000	      1471	800009e4	007c1793	slli	x15,x24,0x7	 x24:0x80009fc4 x15=0x004fe200
       14735000	      1472	800009e8	410389b3	sub	x19,x7,x16	  x7:0x00000000 x16:0xfff00013 x19=0x000fffed
       14745000	      1473	800009ec	dbac3317	auipc	x6,0xdbac3	  x6=0x5bac39e8
       14755000	      1474	800009f0	07076463	bltu	x14,x16,80000a58	 x14:0x00000012 x16:0xfff00013
       14765000	      1475	00000000	00000013	addi	x0,x0,0	  x0:0x00000000
       14775000	      1476	80000a54	00000013	addi	x0,x0,0	  x0:0x00000000
       14785000	      1477	80000a58	00329db3	sll	x27,x5,x3	  x5:0x00000008  x3:0xfffffff6 x27=0x02000000
       14795000	      1478	80000a5c	456a4193	xori	x3,x20,1110	 x20:0x00000001  x3=0x00000457
       14805000	      1479	80000a60	0606f463	bgeu	x13,x0,80000ac8	 x13:0x00000000  x0:0x00000000
       14815000	      1480	00000000	00000013	addi	x0,x0,0	  x0:0x00000000
       14825000	      1481	80000ac4	00000013	addi	x0,x0,0	  x0:0x00000000
       14835000	      1482	80000ac8	9b8b3093	sltiu	x1,x22,-1608	 x22:0x127888a4  x1=0x00000001
       14845000	      1483	80000acc	0078f7b3	and	x15,x17,x7	 x17:0x12788d99  x7:0x00000000 x15=0x00000000
       14855000	      1484	80000ad0	40fcd413	srai	x8,x25,0xf	 x25:0xfffffff3  x8=0xffffffff
       14865000	      1485	80000ad4	40c68db3	sub	x27,x13,x12	 x13:0x00000000 x12:0x11cfc000 x27=0xee304000
       14875000	      1486	80000ad8	0685e797	auipc	x15,0x685e	 x15=0x8685ead4
       14885000	      1487	80000adc	00951663	bne	x10,x9,80000ae8	 x10:0x0000078c  x9:0x6cc778ea
       14895000	      1488	00000000	00000013	addi	x0,x0,0	  x0:0x00000000
       14905000	      1489	80000ae4	00000013	addi	x0,x0,0	  x0:0x00000000
       14915000	      1490	80000ae8	02ae5a63	bge	x28,x10,80000b1c	 x28:0x00000001 x10:0x0000078c
       14925000	      1491	80000aec	0152e433	or	x8,x5,x21	  x5:0x00000008 x21:0x80009f40  x8=0x80009f48
       14935000	      1492	80000af0	001f00b3	add	x1,x30,x1	 x30:0x12788aaa  x1:0x00000001  x1=0x12788aab
       14945000	      1493	80000af4	4086deb3	sra	x29,x13,x8	 x13:0x00000000  x8:0x80009f48 x29=0x00000000
       14955000	      1494	80000af8	1080b813	sltiu	x16,x1,264	  x1:0x12788aab x16=0x00000000
       14965000	      1495	80000afc	041f7863	bgeu	x30,x1,80000b4c	 x30:0x12788aaa  x1:0x12788aab
       14975000	      1496	80000b00	05097063	bgeu	x18,x16,80000b40	 x18:0x000003cf x16:0x00000000
       14985000	      1497	00000000	00000013	addi	x0,x0,0	  x0:0x00000000
       14995000	      1498	80000b3c	00000013	addi	x0,x0,0	  x0:0x00000000
       15005000	      1499	80000b40	0074da13	srli	x20,x9,0x7	  x9:0x6cc778ea x20=0x00d98ef1
       15015000	      1500	80000b44	05224893	xori	x17,x4,82	  x4:0xffee14fa x17=0xffee14a8
       15025000	      1501	80000b48	01c18933	add	x18,x3,x28	  x3:0x00000457 x28:0x00000001 x18=0x00000458
       15035000	      1502	80000b4c	ed6b6713	ori	x14,x22,-298	 x22:0x127888a4 x14=0xfffffef6
       15045000	      1503	80000b50	001a41b3	xor	x3,x20,x1	 x20:0x00d98ef1  x1:0x12788aab  x3=0x12a1045a
       15055000	      1504	80000b54	01319093	slli	x1,x3,0x13	  x3:0x12a1045a  x1=0x22d00000
       15065000	      1505	80000b58	01c73e33	sltu	x28,x14,x28	 x14:0xfffffef6 x28:0x00000001 x28=0x00000000
       15075000	      1506	80000b5c	00108eb3	add	x29,x1,x1	  x1:0x22d00000  x1:0x22d00000 x29=0x45a00000
       15085000	      1507	80000b60	bae3a817	auipc	x16,0xbae3a	 x16=0x3ae3ab5c
       15095000	      1508	80000b64	4177d9b3	sra	x19,x15,x23	 x15:0x8685ead4 x23:0x24117418 x19=0xffffff86
       15105000	      1509	80000b68	7a22e513	ori	x10,x5,1954	  x5:0x00000008 x10=0x000007aa
       15115000	      1510	80000b6c	01314b33	xor	x22,x2,x19	  x2:0x9135a3cf x19:0xffffff86 x22=0x6eca5c49
       15125000	      1511	80000b70	a573f713	andi	x14,x7,-1449	  x7:0x00000000 x14=0x00000000
       15135000	      1512	80000b74	0193fbb3	and	x23,x7,x25	  x7:0x00000000 x25:0xfffffff3 x23=0x00000000
       15145000	      1513	80000b78	01438933	add	x18,x7,x20	  x7:0x00000000 x20:0x00d98ef1 x18=0x00d98ef1
       15155000	      1514	80000b7c	00676533	or	x10,x14,x6	 x14:0x00000000  x6:0x5bac39e8 x10=0x5bac39e8
       15165000	      1515	80000b80	002f7663	bgeu	x30,x2,80000b8c	 x30:0x12788aaa  x2:0x9135a3cf
       15175000	      1516	80000b84	009166b3	or	x13,x2,x9	  x2:0x9135a3cf  x9:0x6cc778ea x13=0xfdf7fbef
       15185000	      1517	80000b88	00830833	add	x16,x6,x8	  x6:0x5bac39e8  x8:0x80009f48 x16=0xdbacd930
       15195000	      1518	80000b8c	0153e133	or	x2,x7,x21	  x7:0x00000000 x21:0x80009f40  x2=0x80009f40
       15205000	      1519	80000b90	abd6f693	andi	x13,x13,-1347	 x13:0xfdf7fbef x13=0xfdf7faad
       15215000	      1520	80000b94	01741693	slli	x13,x8,0x17	  x8:0x80009f48 x13=0xa4000000
       15225000	      1521	80000b98	00d85513	srli	x10,x16,0xd	 x16:0xdbacd930 x10=0x0006dd66
       15235000	      1522	80000b9c	f6473f93	sltiu	x31,x14,-156	 x14:0x00000000 x31=0x00000001
       15245000	      1523	80000ba0	ffcbd4b7	lui	x9,0xffcbd	  x9=0xffcbd000
       15255000	      1524	80000ba4	fd747613	andi	x12,x8,-41	  x8:0x80009f48 x12=0x80009f40
       15265000	      1525	80000ba8	01378e33	add	x28,x15,x19	 x15:0x8685ead4 x19:0xffffff86 x28=0x8685ea5a
       15275000	      1526	80000bac	01e00513	addi	x10,x0,30	  x0:0x00000000 x10=0x0000001e
       15285000	      1527	80000bb0	80857837	lui	x16,0x80857	 x16=0x80857000
       15295000	      1528	80000bb4	006bed33	or	x26,x23,x6	 x23:0x00000000  x6:0x5bac39e8 x26=0x5bac39e8
       15305000	      1529	80000bb8	0094df13	srli	x30,x9,0x9	  x9:0xffcbd000 x30=0x007fe5e8
       15315000	      1530	80000bbc	03faec63	bltu	x21,x31,80000bf4	 x21:0x80009f40 x31:0x00000001
       15325000	      1531	80000bc0	00441d93	slli	x27,x8,0x4	  x8:0x80009f48 x27=0x0009f480
       15335000	      1532	80000bc4	40095813	srai	x16,x18,0x0	 x18:0x00d98ef1 x16=0x00d98ef1
       15345000	      1533	80000bc8	80ce2f13	slti	x30,x28,-2036	 x28:0x8685ea5a x30=0x00000001
       15355000	      1534	80000bcc	00a4d413	srli	x8,x9,0xa	  x9:0xffcbd000  x8=0x003ff2f4
       15365000	      1535	80000bd0	96485517	auipc	x10,0x96485	 x10=0x16485bcc
       15375000	      1536	80000bd4	d1897593	andi	x11,x18,-744	 x18:0x00d98ef1 x11=0x00d98c10
       15385000	      1537	80000bd8	02f7ea63	bltu	x15,x15,80000c0c	 x15:0x8685ead4 x15:0x8685ead4
       15395000	      1538	80000bdc	03da5663	bge	x20,x29,80000c08	 x20:0x00d98ef1 x29:0x45a00000
       15405000	      1539	80000be0	0bc03093	sltiu	x1,x0,188	  x0:0x00000000  x1=0x00000001
       15415000	      1540	80000be4	029e8863	beq	x29,x9,80000c14	 x29:0x45a00000  x9:0xffcbd000
       15425000	      1541	80000be8	49794793	xori	x15,x18,1175	 x18:0x00d98ef1 x15=0x00d98a66
       15435000	      1542	80000bec	015c6833	or	x16,x24,x21	 x24:0x80009fc4 x21:0x80009f40 x16=0x80009fc4
       15445000	      1543	80000bf0	01107e63	bgeu	x0,x17,80000c0c	  x0:0x00000000 x17:0xffee14a8
       15455000	      1544	80000bf4	58a1ea13	ori	x20,x3,1418	  x3:0x12a1045a x20=0x12a105da
       15465000	      1545	80000bf8	001e9663	bne	x29,x1,80000c04	 x29:0x45a00000  x1:0x00000001
       15475000	      1546	00000000	00000013	addi	x0,x0,0	  x0:0x00000000
       15485000	      1547	80000c00	00000013	addi	x0,x0,0	  x0:0x00000000
       15495000	      1548	80000c04	01afca63	blt	x31,x26,80000c18	 x31:0x00000001 x26:0x5bac39e8
       15505000	      1549	00000000	00000013	addi	x0,x0,0	  x0:0x00000000
       15515000	      1550	80000c14	00000013	addi	x0,x0,0	  x0:0x00000000
       15525000	      1551	80000c18	00d5c263	blt	x11,x13,80000c1c	 x11:0x00d98c10 x13:0xa4000000
       15535000	      1552	80000c1c	e978c317	auipc	x6,0xe978c	  x6=0x6978cc18
       15545000	      1553	80000c20	02de9063	bne	x29,x13,80000c40	 x29:0x45a00000 x13:0xa4000000
       15555000	      1554	00000000	00000013	addi	x0,x0,0	  x0:0x00000000
       15565000	      1555	80000c3c	00000013	addi	x0,x0,0	  x0:0x00000000
       15575000	      1556	80000c40	04e7c063	blt	x15,x14,80000c80	 x15:0x00d98a66 x14:0x00000000
       15585000	      1557	80000c44	00b8a5b3	slt	x11,x17,x11	 x17:0xffee14a8 x11:0x00d98c10 x11=0x00000001
       15595000	      1558	80000c48	015c6a63	bltu	x24,x21,80000c5c	 x24:0x80009fc4 x21:0x80009f40
       15605000	      1559	80000c4c	4aa40793	addi	x15,x8,1194	  x8:0x003ff2f4 x15=0x003ff79e
       15615000	      1560	80000c50	013970b3	and	x1,x18,x19	 x18:0x00d98ef1 x19:0xffffff86  x1=0x00d98e80
       15625000	      1561	80000c54	00365993	srli	x19,x12,0x3	 x12:0x80009f40 x19=0x100013e8
       15635000	      1562	80000c58	00d020b3	slt	x1,x0,x13	  x0:0x00000000 x13:0xa4000000  x1=0x00000000
       15645000	      1563	80000c5c	011fdeb3	srl	x29,x31,x17	 x31:0x00000001 x17:0xffee14a8 x29=0x00000000
       15655000	      1564	80000c60	003f9693	slli	x13,x31,0x3	 x31:0x00000001 x13=0x00000008
       15665000	      1565	80000c64	04e0f063	bgeu	x1,x14,80000ca4	  x1:0x00000000 x14:0x00000000
       15675000	      1566	00000000	00000013	addi	x0,x0,0	  x0:0x00000000
       15685000	      1567	80000ca0	00000013	addi	x0,x0,0	  x0:0x00000000
       15695000	      1568	80000ca4	02f40e63	beq	x8,x15,80000ce0	  x8:0x003ff2f4 x15:0x003ff79e
       15705000	      1569	80000ca8	7bb54993	xori	x19,x10,1979	 x10:0x16485bcc x19=0x16485c77
       15715000	      1570	80000cac	057ec063	blt	x29,x23,80000cec	 x29:0x00000000 x23:0x00000000
       15725000	      1571	80000cb0	0112db93	srli	x23,x5,0x11	  x5:0x00000008 x23=0x00000000
       15735000	      1572	80000cb4	016695b3	sll	x11,x13,x22	 x13:0x00000008 x22:0x6eca5c49 x11=0x00001000
       15745000	      1573	80000cb8	9b1d3113	sltiu	x2,x26,-1615	 x26:0x5bac39e8  x2=0x00000001
       15755000	      1574	80000cbc	0064e833	or	x16,x9,x6	  x9:0xffcbd000  x6:0x6978cc18 x16=0xfffbdc18
       15765000	      1575	80000cc0	40d05f33	sra	x30,x0,x13	  x0:0x00000000 x13:0x00000008 x30=0x00000000
       15775000	      1576	80000cc4	503ecb13	xori	x22,x29,1283	 x29:0x00000000 x22=0x00000503
       15785000	      1577	80000cc8	0f389597	auipc	x11,0xf389	 x11=0x8f389cc4
       15795000	      1578	80000ccc	052e1063	bne	x28,x18,80000d0c	 x28:0x8685ea5a x18:0x00d98ef1
       15805000	      1579	00000000	00000013	addi	x0,x0,0	  x0:0x00000000
       15815000	      1580	80000d08	00000013	addi	x0,x0,0	  x0:0x00000000
       15825000	      1581	80000d0c	934c3a13	sltiu	x20,x24,-1740	 x24:0x80009fc4 x20=0x00000001
       15835000	      1582	80000d10	1f692f97	auipc	x31,0x1f692	 x31=0x9f692d0c
       15845000	      1583	80000d14	4004f413	andi	x8,x9,1024	  x9:0xffcbd000  x8=0x00000000
       15855000	      1584	80000d18	024b8c63	beq	x23,x4,80000d50	 x23:0x00000000  x4:0xffee14fa
       15865000	      1585	80000d1c	40b9d013	srai	x0,x19,0xb	 x19:0x16485c77
       15875000	      1586	80000d20	01b5fa63	bgeu	x11,x27,80000d34	 x11:0x8f389cc4 x27:0x0009f480
       15885000	      1587	00000000	00000013	addi	x0,x0,0	  x0:0x00000000
       15895000	      1588	80000d30	00000013	addi	x0,x0,0	  x0:0x00000000
       15905000	      1589	80000d34	488b6d13	ori	x26,x22,1160	 x22:0x00000503 x26=0x0000058b
       15915000	      1590	80000d38	01677bb3	and	x23,x14,x22	 x14:0x00000000 x22:0x00000503 x23=0x00000000
       15925000	      1591	80000d3c	03b8da63	bge	x17,x27,80000d70	 x17:0xffee14a8 x27:0x0009f480
       15935000	      1592	80000d40	01755b33	srl	x22,x10,x23	 x10:0x16485bcc x23:0x00000000 x22=0x16485bcc
       15945000	      1593	80000d44	e2ace413	ori	x8,x25,-470	 x25:0xfffffff3  x8=0xfffffffb
       15955000	      1594	80000d48	c1caf6b7	lui	x13,0xc1caf	 x13=0xc1caf000
       15965000	      1595	80000d4c	2b090593	addi	x11,x18,688	 x18:0x00d98ef1 x11=0x00d991a1
       15975000	      1596	80000d50	0142e4b3	or	x9,x5,x20	  x5:0x00000008 x20:0x00000001  x9=0x00000009
       15985000	      1597	80000d54	c794b713	sltiu	x14,x9,-903	  x9:0x00000009 x14=0x00000001
       15995000	      1598	80000d58	015bc8b3	xor	x17,x23,x21	 x23:0x00000000 x21:0x80009f40 x17=0x80009f40
       16005000	      1599	80000d5c	e0d2bb93	sltiu	x23,x5,-499	  x5:0x00000008 x23=0x00000001
       16015000	      1600	80000d60	00b85cb3	srl	x25,x16,x11	 x16:0xfffbdc18 x11:0x00d991a1 x25=0x7ffdee0c
       16025000	      1601	80000d64	8c024193	xori	x3,x4,-1856	  x4:0xffee14fa  x3=0x0011ec3a
       16035000	      1602	80000d68	41058e33	sub	x28,x11,x16	 x11:0x00d991a1 x16:0xfffbdc18 x28=0x00ddb589
       16045000	      1603	80000d6c	c6e0c137	lui	x2,0xc6e0c	  x2=0xc6e0c000
       16055000	      1604	80000d70	03615e63	bge	x2,x22,80000dac	  x2:0xc6e0c000 x22:0x16485bcc
       16065000	      1605	80000d74	413980b3	sub	x1,x19,x19	 x19:0x16485c77 x19:0x16485c77  x1=0x00000000
       16075000	      1606	80000d78	014d1e33	sll	x28,x26,x20	 x26:0x0000058b x20:0x00000001 x28=0x00000b16
       16085000	      1607	80000d7c	0478c063	blt	x17,x7,80000dbc	 x17:0x80009f40  x7:0x00000000
       16095000	      1608	00000000	00000013	addi	x0,x0,0	  x0:0x00000000
       16105000	      1609	80000db8	00000013	addi	x0,x0,0	  x0:0x00000000
       16115000	      1610	80000dbc	41a6d613	srai	x12,x13,0x1a	 x13:0xc1caf000 x12=0xfffffff0
       16125000	      1611	80000dc0	1692e693	ori	x13,x5,361	  x5:0x00000008 x13=0x00000169
       16135000	      1612	80000dc4	01c0e8b3	or	x17,x1,x28	  x1:0x00000000 x28:0x00000b16 x17=0x00000b16
       16145000	      1613	80000dc8	00315863	bge	x2,x3,80000dd8	  x2:0xc6e0c000  x3:0x0011ec3a
       16155000	      1614	80000dcc	01ea8663	beq	x21,x30,80000dd8	 x21:0x80009f40 x30:0x00000000
       16165000	      1615	80000dd0	00467b33	and	x22,x12,x4	 x12:0xfffffff0  x4:0xffee14fa x22=0xffee14f0
       16175000	      1616	80000dd4	00041713	slli	x14,x8,0x0	  x8:0xfffffffb x14=0xfffffffb
       16185000	      1617	80000dd8	0113fa63	bgeu	x7,x17,80000dec	  x7:0x00000000 x17:0x00000b16
       16195000	      1618	80000ddc	40c55813	srai	x16,x10,0xc	 x10:0x16485bcc x16=0x00016485
       16205000	      1619	80000de0	402a0cb3	sub	x25,x20,x2	 x20:0x00000001  x2:0xc6e0c000 x25=0x391f4001
       16215000	      1620	80000de4	e6a8ab13	slti	x22,x17,-406	 x17:0x00000b16 x22=0x00000000
       16225000	      1621	80000de8	1e43d4b7	lui	x9,0x1e43d	  x9=0x1e43d000
       16235000	      1622	80000dec	00d7d7b3	srl	x15,x15,x13	 x15:0x003ff79e x13:0x00000169 x15=0x00001ffb
       16245000	      1623	80000df0	03fb9663	bne	x23,x31,80000e1c	 x23:0x00000001 x31:0x9f692d0c
       16255000	      1624	00000000	00000013	addi	x0,x0,0	  x0:0x00000000
       16265000	      1625	80000e18	00000013	addi	x0,x0,0	  x0:0x00000000
       16275000	      1626	80000e1c	05b80063	beq	x16,x27,80000e5c	 x16:0x00016485 x27:0x0009f480
       16285000	      1627	80000e20	4094df33	sra	x30,x9,x9	  x9:0x1e43d000  x9:0x1e43d000 x30=0x1e43d000
       16295000	      1628	80000e24	471fe393	ori	x7,x31,1137	 x31:0x9f692d0c  x7=0x9f692d7d
       16305000	      1629	80000e28	3fbcf713	andi	x14,x25,1019	 x25:0x391f4001 x14=0x00000001
       16315000	      1630	80000e2c	019513b3	sll	x7,x10,x25	 x10:0x16485bcc x25:0x391f4001  x7=0x2c90b798
       16325000	      1631	80000e30	0379e063	bltu	x19,x23,80000e50	 x19:0x16485c77 x23:0x00000001
       16335000	      1632	80000e34	01076833	or	x16,x14,x16	 x14:0x00000001 x16:0x00016485 x16=0x00016485
       16345000	      1633	80000e38	00eb7233	and	x4,x22,x14	 x22:0x00000000 x14:0x00000001  x4=0x00000000
       16355000	      1634	80000e3c	ec35f813	andi	x16,x11,-317	 x11:0x00d991a1 x16=0x00d99081
       16365000	      1635	80000e40	00110a33	add	x20,x2,x1	  x2:0xc6e0c000  x1:0x00000000 x20=0xc6e0c000
       16375000	      1636	80000e44	416f5f93	srai	x31,x30,0x16	 x30:0x1e43d000 x31=0x00000079
       16385000	      1637	80000e48	01f840b3	xor	x1,x16,x31	 x16:0x00d99081 x31:0x00000079  x1=0x00d990f8
       16395000	      1638	80000e4c	02c36263	bltu	x6,x12,80000e70	  x6:0x6978cc18 x12:0xfffffff0
       16405000	      1639	00000000	00000013	addi	x0,x0,0	  x0:0x00000000
       16415000	      1640	80000e6c	00000013	addi	x0,x0,0	  x0:0x00000000
       16425000	      1641	80000e70	40e6d413	srai	x8,x13,0xe	 x13:0x00000169  x8=0x00000000
       16435000	      1642	80000e74	52170b93	addi	x23,x14,1313	 x14:0x00000001 x23=0x00000522
       16445000	      1643	80000e78	01cc2b33	slt	x22,x24,x28	 x24:0x80009fc4 x28:0x00000b16 x22=0x00000001
       16455000	      1644	80000e7c	05a0c063	blt	x1,x26,80000ebc	  x1:0x00d990f8 x26:0x0000058b
       16465000	      1645	80000e80	010d4093	xori	x1,x26,16	 x26:0x0000058b  x1=0x0000059b
       16475000	      1646	80000e84	21cd3c93	sltiu	x25,x26,540	 x26:0x0000058b x25=0x00000000
       16485000	      1647	80000e88	00000013	addi	x0,x0,0	  x0:0x00000000
       16495000	      1648	80000e8c	40318cb3	sub	x25,x3,x3	  x3:0x0011ec3a  x3:0x0011ec3a x25=0x00000000
       16505000	      1649	80000e90	00000013	addi	x0,x0,0	  x0:0x00000000
       16515000	      1650	80000e94	97d27493	andi	x9,x4,-1667	  x4:0x00000000  x9=0x00000000
       16525000	      1651	80000e98	01f8bcb3	sltu	x25,x17,x31	 x17:0x00000b16 x31:0x00000079 x25=0x00000000
       16535000	      1652	80000e9c	008b5a63	bge	x22,x8,80000eb0	 x22:0x00000001  x8:0x00000000
       16545000	      1653	00000000	00000013	addi	x0,x0,0	  x0:0x00000000
       16555000	      1654	80000eac	00000013	addi	x0,x0,0	  x0:0x00000000
       16565000	      1655	80000eb0	012bb8b3	sltu	x17,x23,x18	 x23:0x00000522 x18:0x00d98ef1 x17=0x00000001
       16575000	      1656	80000eb4	014d7db3	and	x27,x26,x20	 x26:0x0000058b x20:0xc6e0c000 x27=0x00000000
       16585000	      1657	80000eb8	007d7db3	and	x27,x26,x7	 x26:0x0000058b  x7:0x2c90b798 x27=0x00000588
       16595000	      1658	80000ebc	0147a933	slt	x18,x15,x20	 x15:0x00001ffb x20:0xc6e0c000 x18=0x00000000
       16605000	      1659	80000ec0	00129613	slli	x12,x5,0x1	  x5:0x00000008 x12=0x00000010
       16615000	      1660	80000ec4	00d1c9b3	xor	x19,x3,x13	  x3:0x0011ec3a x13:0x00000169 x19=0x0011ed53
       16625000	      1661	80000ec8	05cde063	bltu	x27,x28,80000f08	 x27:0x00000588 x28:0x00000b16
       16635000	      1662	00000000	00000013	addi	x0,x0,0	  x0:0x00000000
       16645000	      1663	80000f04	00000013	addi	x0,x0,0	  x0:0x00000000
       16655000	      1664	80000f08	a9b3f693	andi	x13,x7,-1381	  x7:0x2c90b798 x13=0x2c90b298
       16665000	      1665	80000f0c	0506d863	bge	x13,x16,80000f5c	 x13:0x2c90b298 x16:0x00d99081
       16675000	      1666	00000000	00000013	addi	x0,x0,0	  x0:0x00000000
       16685000	      1667	80000f58	00000013	addi	x0,x0,0	  x0:0x00000000
       16695000	      1668	80000f5c	0b00f693	andi	x13,x1,176	  x1:0x0000059b x13=0x00000090
       16705000	      1669	80000f60	00000013	addi	x0,x0,0	  x0:0x00000000
       16715000	      1670	80000f64	01497833	and	x16,x18,x20	 x18:0x00000000 x20:0xc6e0c000 x16=0x00000000
       16725000	      1671	80000f68	f686b593	sltiu	x11,x13,-152	 x13:0x00000090 x11=0x00000001
       16735000	      1672	80000f6c	54ba2237	lui	x4,0x54ba2	  x4=0x54ba2000
       16745000	      1673	80000f70	d6b57a13	andi	x20,x10,-661	 x10:0x16485bcc x20=0x16485948
       16755000	      1674	80000f74	41bc8eb3	sub	x29,x25,x27	 x25:0x00000000 x27:0x00000588 x29=0xfffffa78
       16765000	      1675	80000f78	b2adf993	andi	x19,x27,-1238	 x27:0x00000588 x19=0x00000108
       16775000	      1676	80000f7c	0014b0b3	sltu	x1,x9,x1	  x9:0x00000000  x1:0x0000059b  x1=0x00000001
       16785000	      1677	80000f80	00a0afb3	slt	x31,x1,x10	  x1:0x00000001 x10:0x16485bcc x31=0x00000001
       16795000	      1678	80000f84	0bae7113	andi	x2,x28,186	 x28:0x00000b16  x2=0x00000012
       16805000	      1679	80000f88	016efe63	bgeu	x29,x22,80000fa4	 x29:0xfffffa78 x22:0x00000001
       16815000	      1680	00000000	00000013	addi	x0,x0,0	  x0:0x00000000
       16825000	      1681	80000fa0	00000013	addi	x0,x0,0	  x0:0x00000000
       16835000	      1682	80000fa4	01a4acb3	slt	x25,x9,x26	  x9:0x00000000 x26:0x0000058b x25=0x00000001
       16845000	      1683	80000fa8	6c317f13	andi	x30,x2,1731	  x2:0x00000012 x30=0x00000002
       16855000	      1684	80000fac	005a5a13	srli	x20,x20,0x5	 x20:0x16485948 x20=0x00b242ca
       16865000	      1685	80000fb0	2499fe13	andi	x28,x19,585	 x19:0x00000108 x28=0x00000008
       16875000	      1686	80000fb4	004aa383	lw	x7,4(x21)	 x21:0x80009f40  x7=0x80001030 PA:0x80009f44
       16885000	      1687	80000fb8	40d78033	sub	x0,x15,x13	 x15:0x00001ffb x13:0x00000090
       16895000	      1688	80000fbc	00000013	addi	x0,x0,0	  x0:0x00000000
       16905000	      1689	80000fc0	3cfef213	andi	x4,x29,975	 x29:0xfffffa78  x4=0x00000248
       16915000	      1690	80000fc4	0125b4b3	sltu	x9,x11,x18	 x11:0x00000001 x18:0x00000000  x9=0x00000000
       16925000	      1691	80000fc8	1ba6ac97	auipc	x25,0x1ba6a	 x25=0x9ba6afc4
       16935000	      1692	80000fcc	024a8a93	addi	x21,x21,36	 x21:0x80009f40 x21=0x80009f64
       16945000	      1693	80000fd0	01a449b3	xor	x19,x8,x26	  x8:0x00000000 x26:0x0000058b x19=0x0000058b
       16955000	      1694	80000fd4	00455db3	srl	x27,x10,x4	 x10:0x16485bcc  x4:0x00000248 x27=0x0016485b
       16965000	      1695	80000fd8	00038693	addi	x13,x7,0	  x7:0x80001030 x13=0x80001030
       16975000	      1696	80000fdc	000686e7	jalr	x13,x13,0	 x13:0x80001030 x13=0x80000fdc
       16985000	      1697	00000000	00000013	addi	x0,x0,0	  x0:0x00000000
       16995000	      1698	80001030	00000013	addi	x0,x0,0	  x0:0x00000000
       17005000	      1699	80001034	01338863	beq	x7,x19,80001044	  x7:0x80001030 x19:0x0000058b
       17015000	      1700	80001038	35782b13	slti	x22,x16,855	 x16:0x00000000 x22=0x00000001
       17025000	      1701	8000103c	42b03c93	sltiu	x25,x0,1067	  x0:0x00000000 x25=0x00000001
       17035000	      1702	80001040	034a0063	beq	x20,x20,80001060	 x20:0x00b242ca x20:0x00b242ca
       17045000	      1703	00000000	00000013	addi	x0,x0,0	  x0:0x00000000
       17055000	      1704	8000105c	00000013	addi	x0,x0,0	  x0:0x00000000
       17065000	      1705	80001060	00e91db3	sll	x27,x18,x14	 x18:0x00000000 x14:0x00000001 x27=0x00000000
       17075000	      1706	80001064	6a6dc893	xori	x17,x27,1702	 x27:0x00000000 x17=0x000006a6
       17085000	      1707	80001068	01f8f8b3	and	x17,x17,x31	 x17:0x000006a6 x31:0x00000001 x17=0x00000000
       17095000	      1708	8000106c	013ded33	or	x26,x27,x19	 x27:0x00000000 x19:0x0000058b x26=0x0000058b
       17105000	      1709	80001070	00be1b33	sll	x22,x28,x11	 x28:0x00000008 x11:0x00000001 x22=0x00000010
       17115000	      1710	80001074	009b7863	bgeu	x22,x9,80001084	 x22:0x00000010  x9:0x00000000
       17125000	      1711	00000000	00000013	addi	x0,x0,0	  x0:0x00000000
       17135000	      1712	80001080	00000013	addi	x0,x0,0	  x0:0x00000000
       17145000	      1713	80001084	41e7d5b3	sra	x11,x15,x30	 x15:0x00001ffb x30:0x00000002 x11=0x000007fe
       17155000	      1714	80001088	b311a493	slti	x9,x3,-1231	  x3:0x0011ec3a  x9=0x00000000
       17165000	      1715	8000108c	db4fb317	auipc	x6,0xdb4fb	  x6=0x5b4fc088
       17175000	      1716	80001090	002fd793	srli	x15,x31,0x2	 x31:0x00000001 x15=0x00000000
       17185000	      1717	80001094	eae23713	sltiu	x14,x4,-338	  x4:0x00000248 x14=0x00000001
       17195000	      1718	80001098	00ba5f93	srli	x31,x20,0xb	 x20:0x00b242ca x31=0x00001648
       17205000	      1719	8000109c	00989e93	slli	x29,x17,0x9	 x17:0x00000000 x29=0x00000000
       17215000	      1720	800010a0	03e53e13	sltiu	x28,x10,62	 x10:0x16485bcc x28=0x00000000
       17225000	      1721	800010a4	00230db3	add	x27,x6,x2	  x6:0x5b4fc088  x2:0x00000012 x27=0x5b4fc09a
       17235000	      1722	800010a8	022de863	bltu	x27,x2,800010d8	 x27:0x5b4fc09a  x2:0x00000012
       17245000	      1723	800010ac	77c10493	addi	x9,x2,1916	  x2:0x00000012  x9=0x0000078e
       17255000	      1724	800010b0	011ae033	or	x0,x21,x17	 x21:0x80009f64 x17:0x00000000
       17265000	      1725	800010b4	01f72eb3	slt	x29,x14,x31	 x14:0x00000001 x31:0x00001648 x29=0x00000001
       17275000	      1726	800010b8	41e85e33	sra	x28,x16,x30	 x16:0x00000000 x30:0x00000002 x28=0x00000000
       17285000	      1727	800010bc	415a8d33	sub	x26,x21,x21	 x21:0x80009f64 x21:0x80009f64 x26=0x00000000
       17295000	      1728	800010c0	63366493	ori	x9,x12,1587	 x12:0x00000010  x9=0x00000633
       17305000	      1729	800010c4	16900f13	addi	x30,x0,361	  x0:0x00000000 x30=0x00000169
       17315000	      1730	800010c8	71086993	ori	x19,x16,1808	 x16:0x00000000 x19=0x00000710
       17325000	      1731	800010cc	00533f33	sltu	x30,x6,x5	  x6:0x5b4fc088  x5:0x00000008 x30=0x00000000
       17335000	      1732	800010d0	01b1cfb3	xor	x31,x3,x27	  x3:0x0011ec3a x27:0x5b4fc09a x31=0x5b5e2ca0
       17345000	      1733	800010d4	00000013	addi	x0,x0,0	  x0:0x00000000
       17355000	      1734	800010d8	00429113	slli	x2,x5,0x4	  x5:0x00000008  x2=0x00000080
       17365000	      1735	800010dc	00000013	addi	x0,x0,0	  x0:0x00000000
       17375000	      1736	800010e0	0114d5b3	srl	x11,x9,x17	  x9:0x00000633 x17:0x00000000 x11=0x00000633
       17385000	      1737	800010e4	00958b33	add	x22,x11,x9	 x11:0x00000633  x9:0x00000633 x22=0x00000c66
       17395000	      1738	800010e8	44c041b7	lui	x3,0x44c04	  x3=0x44c04000
       17405000	      1739	800010ec	01486263	bltu	x16,x20,800010f0	 x16:0x00000000 x20:0x00b242ca
       17415000	      1740	00000000	00000013	addi	x0,x0,0	  x0:0x00000000
       17425000	      1741	800010ec	00000013	addi	x0,x0,0	  x0:0x00000000
       17435000	      1742	800010f0	003c8933	add	x18,x25,x3	 x25:0x00000001  x3:0x44c04000 x18=0x44c04001
       17445000	      1743	800010f4	00e10e33	add	x28,x2,x14	  x2:0x00000080 x14:0x00000001 x28=0x00000081
       17455000	      1744	800010f8	fc0af193	andi	x3,x21,-64	 x21:0x80009f64  x3=0x80009f40
       17465000	      1745	800010fc	004aa383	lw	x7,4(x21)	 x21:0x80009f64  x7=0x800003e8 PA:0x80009f68
       17475000	      1746	80001100	020a8a93	addi	x21,x21,32	 x21:0x80009f64 x21=0x80009f84
       17485000	      1747	80001104	43ff4913	xori	x18,x30,1087	 x30:0x00000000 x18=0x0000043f
       17495000	      1748	80001108	6035b093	sltiu	x1,x11,1539	 x11:0x00000633  x1=0x00000000
       17505000	      1749	8000110c	8d172437	lui	x8,0x8d172	  x8=0x8d172000
       17515000	      1750	80001110	00038e93	addi	x29,x7,0	  x7:0x800003e8 x29=0x800003e8
       17525000	      1751	80001114	000e8ee7	jalr	x29,x29,0	 x29:0x800003e8 x29=0x80001114
       17535000	      1752	00000000	00000013	addi	x0,x0,0	  x0:0x00000000
       17545000	      1753	800003e8	00000013	addi	x0,x0,0	  x0:0x00000000
       17555000	      1754	800003ec	8f22f013	andi	x0,x5,-1806	  x5:0x00000008
       17565000	      1755	800003f0	9f2db713	sltiu	x14,x27,-1550	 x27:0x5b4fc09a x14=0x00000001
       17575000	      1756	800003f4	f7091917	auipc	x18,0xf7091	 x18=0x770913f0
       17585000	      1757	800003f8	64943013	sltiu	x0,x8,1609	  x8:0x8d172000
       17595000	      1758	800003fc	03df4c63	blt	x30,x29,80000434	 x30:0x00000000 x29:0x80001114
       17605000	      1759	80000400	02bb7a63	bgeu	x22,x11,80000434	 x22:0x00000c66 x11:0x00000633
       17615000	      1760	00000000	00000013	addi	x0,x0,0	  x0:0x00000000
       17625000	      1761	80000430	00000013	addi	x0,x0,0	  x0:0x00000000
       17635000	      1762	80000434	008c9713	slli	x14,x25,0x8	 x25:0x00000001 x14=0x00000100
       17645000	      1763	80000438	00000297	auipc	x5,0x0	  x5=0x80000434
       17655000	      1764	8000043c	00c28293	addi	x5,x5,12	  x5:0x80000434  x5=0x80000440
       17665000	      1765	80000440	00028067	jalr	x0,x5,0	  x5:0x80000440
       17675000	      1766	00000000	00000013	addi	x0,x0,0	  x0:0x00000000
       17685000	      1767	80000440	00000013	addi	x0,x0,0	  x0:0x00000000
       17695000	      1768	80000444	00100193	addi	x3,x0,1	  x0:0x00000000  x3=0x00000001
       17705000	      1769	80000448	00000073	ecall	
       17715000	      1770	8000044c	5f27f213	andi	x4,x15,1522	 x15:0x00000000  x4=0x00000000
