		Time			Cycle	PC		Insn	Decoded instruction	Register and memory contents
          65000	         5	80000004	00000293	addi	x5,x0,0	  x0:0x00000000  x5=0x00000000
          75000	         6	80000008	00000313	addi	x6,x0,0	  x0:0x00000000  x6=0x00000000
          85000	         7	8000000c	00628263	beq	x5,x6,80000010	  x5:0x00000000  x6:0x00000000
          95000	         8	00000000	00000013	addi	x0,x0,0	  x0:0x00000000
         105000	         9	8000000c	00000013	addi	x0,x0,0	  x0:0x00000000
         115000	        10	80000010	00000797	auipc	x15,0x0	 x15=0x8000000c
         125000	        11	80000014	00c78793	addi	x15,x15,12	 x15:0x8000000c x15=0x80000018
         135000	        12	80000018	00078067	jalr	x0,x15,0	 x15:0x80000018
         145000	        13	00000000	00000013	addi	x0,x0,0	  x0:0x00000000
         155000	        14	80000018	00000013	addi	x0,x0,0	  x0:0x00000000
         165000	        15	8000001c	400009b7	lui	x19,0x40000	 x19=0x40000000
         175000	        16	80000020	10098993	addi	x19,x19,256	 x19:0x40000000 x19=0x40000100
         185000	        17	80000024	00000013	addi	x0,x0,0	  x0:0x00000000
         195000	        18	80000028	0000a117	auipc	x2,0xa	  x2=0x8000a024
         205000	        19	8000002c	fa010113	addi	x2,x2,-96	  x2:0x8000a024  x2=0x80009fc4
         215000	        20	80000030	00004997	auipc	x19,0x4	 x19=0x8000402c
         225000	        21	80000034	80498993	addi	x19,x19,-2044	 x19:0x8000402c x19=0x80003830
         235000	        22	80000038	0019e993	ori	x19,x19,1	 x19:0x80003830 x19=0x80003831
         245000	        23	8000003c	00000013	addi	x0,x0,0	  x0:0x00000000
         255000	        24	80000040	00000997	auipc	x19,0x0	 x19=0x8000003c
         265000	        25	80000044	02098993	addi	x19,x19,32	 x19:0x8000003c x19=0x8000005c
         275000	        26	80000048	00000013	addi	x0,x0,0	  x0:0x00000000
         285000	        27	8000004c	00000013	addi	x0,x0,0	  x0:0x00000000
         295000	        28	80000050	000029b7	lui	x19,0x2	 x19=0x00002000
         305000	        29	80000054	80098993	addi	x19,x19,-2048	 x19:0x00002000 x19=0x00001800
         315000	        30	80000058	00000013	addi	x0,x0,0	  x0:0x00000000
         325000	        31	8000005c	00000013	addi	x0,x0,0	  x0:0x00000000
         335000	        32	80000060	80000037	lui	x0,0x80000	
         345000	        33	80000064	00000013	addi	x0,x0,0	  x0:0x00000000
         355000	        34	80000068	69d7c0b7	lui	x1,0x69d7c	  x1=0x69d7c000
         365000	        35	8000006c	54108093	addi	x1,x1,1345	  x1:0x69d7c000  x1=0x69d7c541
         375000	        36	80000070	e56001b7	lui	x3,0xe5600	  x3=0xe5600000
         385000	        37	80000074	4ce18193	addi	x3,x3,1230	  x3:0xe5600000  x3=0xe56004ce
         395000	        38	80000078	00200213	addi	x4,x0,2	  x0:0x00000000  x4=0x00000002
         405000	        39	8000007c	5c9552b7	lui	x5,0x5c955	  x5=0x5c955000
         415000	        40	80000080	dfe28293	addi	x5,x5,-514	  x5:0x5c955000  x5=0x5c954dfe
         425000	        41	80000084	ee3e1337	lui	x6,0xee3e1	  x6=0xee3e1000
         435000	        42	80000088	f8730313	addi	x6,x6,-121	  x6:0xee3e1000  x6=0xee3e0f87
         445000	        43	8000008c	800003b7	lui	x7,0x80000	  x7=0x80000000
         455000	        44	80000090	00e00413	addi	x8,x0,14	  x0:0x00000000  x8=0x0000000e
         465000	        45	80000094	800004b7	lui	x9,0x80000	  x9=0x80000000
         475000	        46	80000098	80000537	lui	x10,0x80000	 x10=0x80000000
         485000	        47	8000009c	f33ec5b7	lui	x11,0xf33ec	 x11=0xf33ec000
         495000	        48	800000a0	e9358593	addi	x11,x11,-365	 x11:0xf33ec000 x11=0xf33ebe93
         505000	        49	800000a4	bc1c4637	lui	x12,0xbc1c4	 x12=0xbc1c4000
         515000	        50	800000a8	62360613	addi	x12,x12,1571	 x12:0xbc1c4000 x12=0xbc1c4623
         525000	        51	800000ac	e8c0d6b7	lui	x13,0xe8c0d	 x13=0xe8c0d000
         535000	        52	800000b0	e7168693	addi	x13,x13,-399	 x13:0xe8c0d000 x13=0xe8c0ce71
         545000	        53	800000b4	00d00713	addi	x14,x0,13	  x0:0x00000000 x14=0x0000000d
         555000	        54	800000b8	7c3127b7	lui	x15,0x7c312	 x15=0x7c312000
         565000	        55	800000bc	cc378793	addi	x15,x15,-829	 x15:0x7c312000 x15=0x7c311cc3
         575000	        56	800000c0	0ccc2837	lui	x16,0xccc2	 x16=0x0ccc2000
         585000	        57	800000c4	b1f80813	addi	x16,x16,-1249	 x16:0x0ccc2000 x16=0x0ccc1b1f
         595000	        58	800000c8	00100913	addi	x18,x0,1	  x0:0x00000000 x18=0x00000001
         605000	        59	800000cc	800009b7	lui	x19,0x80000	 x19=0x80000000
         615000	        60	800000d0	00000a13	addi	x20,x0,0	  x0:0x00000000 x20=0x00000000
         625000	        61	800000d4	80000ab7	lui	x21,0x80000	 x21=0x80000000
         635000	        62	800000d8	00000b13	addi	x22,x0,0	  x0:0x00000000 x22=0x00000000
         645000	        63	800000dc	80000bb7	lui	x23,0x80000	 x23=0x80000000
         655000	        64	800000e0	2c4a4c37	lui	x24,0x2c4a4	 x24=0x2c4a4000
         665000	        65	800000e4	7e5c0c13	addi	x24,x24,2021	 x24:0x2c4a4000 x24=0x2c4a47e5
         675000	        66	800000e8	f8664cb7	lui	x25,0xf8664	 x25=0xf8664000
         685000	        67	800000ec	7a9c8c93	addi	x25,x25,1961	 x25:0xf8664000 x25=0xf86647a9
         695000	        68	800000f0	b4db7d37	lui	x26,0xb4db7	 x26=0xb4db7000
         705000	        69	800000f4	5ddd0d13	addi	x26,x26,1501	 x26:0xb4db7000 x26=0xb4db75dd
         715000	        70	800000f8	00000d93	addi	x27,x0,0	  x0:0x00000000 x27=0x00000000
         725000	        71	800000fc	80000e37	lui	x28,0x80000	 x28=0x80000000
         735000	        72	80000100	00000e93	addi	x29,x0,0	  x0:0x00000000 x29=0x00000000
         745000	        73	80000104	fdc2cf37	lui	x30,0xfdc2c	 x30=0xfdc2c000
         755000	        74	80000108	fe3f0f13	addi	x30,x30,-29	 x30:0xfdc2c000 x30=0xfdc2bfe3
         765000	        75	8000010c	f66bffb7	lui	x31,0xf66bf	 x31=0xf66bf000
         775000	        76	80000110	e31f8f93	addi	x31,x31,-463	 x31:0xf66bf000 x31=0xf66bee31
         785000	        77	80000114	0000a897	auipc	x17,0xa	 x17=0x8000a110
         795000	        78	80000118	e7488893	addi	x17,x17,-396	 x17:0x8000a110 x17=0x80009f84
         805000	        79	8000011c	ffb00613	addi	x12,x0,-5	  x0:0x00000000 x12=0xfffffffb
         815000	        80	80000120	01300293	addi	x5,x0,19	  x0:0x00000000  x5=0x00000013
         825000	        81	80000124	7c2ef713	andi	x14,x29,1986	 x29:0x00000000 x14=0x00000000
         835000	        82	80000128	01b52ab3	slt	x21,x10,x27	 x10:0x80000000 x27:0x00000000 x21=0x00000001
         845000	        83	8000012c	00860613	addi	x12,x12,8	 x12:0xfffffffb x12=0x00000003
         855000	        84	80000130	fe560ce3	beq	x12,x5,80000128	 x12:0x00000003  x5:0x00000013
         865000	        85	80000134	dcaae813	ori	x16,x21,-566	 x21:0x00000001 x16=0xfffffdcb
         875000	        86	80000138	00a00513	addi	x10,x0,10	  x0:0x00000000 x10=0x0000000a
         885000	        87	8000013c	4c2ded93	ori	x27,x27,1218	 x27:0x00000000 x27=0x000004c2
         895000	        88	80000140	00a00813	addi	x16,x0,10	  x0:0x00000000 x16=0x0000000a
         905000	        89	80000144	010426b3	slt	x13,x8,x16	  x8:0x0000000e x16:0x0000000a x13=0x00000000
         915000	        90	80000148	ff850513	addi	x10,x10,-8	 x10:0x0000000a x10=0x00000002
         925000	        91	8000014c	4d34ec13	ori	x24,x9,1235	  x9:0x80000000 x24=0x800004d3
         935000	        92	80000150	00500393	addi	x7,x0,5	  x0:0x00000000  x7=0x00000005
         945000	        93	80000154	ff500e13	addi	x28,x0,-11	  x0:0x00000000 x28=0xfffffff5
         955000	        94	80000158	f655f593	andi	x11,x11,-155	 x11:0xf33ebe93 x11=0xf33ebe01
         965000	        95	8000015c	3411aa93	slti	x21,x3,833	  x3:0xe56004ce x21=0x00000001
         975000	        96	80000160	413c5233	sra	x4,x24,x19	 x24:0x800004d3 x19:0x80000000  x4=0x800004d3
         985000	        97	80000164	00982633	slt	x12,x16,x9	 x16:0x0000000a  x9:0x80000000 x12=0x00000000
         995000	        98	80000168	40555a13	srai	x20,x10,0x5	 x10:0x00000002 x20=0x00000000
        1005000	        99	8000016c	ffe38393	addi	x7,x7,-2	  x7:0x00000005  x7=0x00000003
        1015000	       100	80000170	41ff8db3	sub	x27,x31,x31	 x31:0xf66bee31 x31:0xf66bee31 x27=0x00000000
        1025000	       101	80000174	31bda193	slti	x3,x27,795	 x27:0x00000000  x3=0x00000001
        1035000	       102	80000178	ffc3d6e3	bge	x7,x28,80000164	  x7:0x00000003 x28:0xfffffff5
        1045000	       103	00000000	00000013	addi	x0,x0,0	  x0:0x00000000
        1055000	       104	80000160	00000013	addi	x0,x0,0	  x0:0x00000000
        1065000	       105	80000164	00982633	slt	x12,x16,x9	 x16:0x0000000a  x9:0x80000000 x12=0x00000000
        1075000	       106	80000168	40555a13	srai	x20,x10,0x5	 x10:0x00000002 x20=0x00000000
        1085000	       107	8000016c	ffe38393	addi	x7,x7,-2	  x7:0x00000003  x7=0x00000001
        1095000	       108	80000170	41ff8db3	sub	x27,x31,x31	 x31:0xf66bee31 x31:0xf66bee31 x27=0x00000000
        1105000	       109	80000174	31bda193	slti	x3,x27,795	 x27:0x00000000  x3=0x00000001
        1115000	       110	80000178	ffc3d6e3	bge	x7,x28,80000164	  x7:0x00000001 x28:0xfffffff5
        1125000	       111	00000000	00000013	addi	x0,x0,0	  x0:0x00000000
        1135000	       112	80000160	00000013	addi	x0,x0,0	  x0:0x00000000
        1145000	       113	80000164	00982633	slt	x12,x16,x9	 x16:0x0000000a  x9:0x80000000 x12=0x00000000
        1155000	       114	80000168	40555a13	srai	x20,x10,0x5	 x10:0x00000002 x20=0x00000000
        1165000	       115	8000016c	ffe38393	addi	x7,x7,-2	  x7:0x00000001  x7=0xffffffff
        1175000	       116	80000170	41ff8db3	sub	x27,x31,x31	 x31:0xf66bee31 x31:0xf66bee31 x27=0x00000000
        1185000	       117	80000174	31bda193	slti	x3,x27,795	 x27:0x00000000  x3=0x00000001
        1195000	       118	80000178	ffc3d6e3	bge	x7,x28,80000164	  x7:0xffffffff x28:0xfffffff5
        1205000	       119	00000000	00000013	addi	x0,x0,0	  x0:0x00000000
        1215000	       120	80000160	00000013	addi	x0,x0,0	  x0:0x00000000
        1225000	       121	80000164	00982633	slt	x12,x16,x9	 x16:0x0000000a  x9:0x80000000 x12=0x00000000
        1235000	       122	80000168	40555a13	srai	x20,x10,0x5	 x10:0x00000002 x20=0x00000000
        1245000	       123	8000016c	ffe38393	addi	x7,x7,-2	  x7:0xffffffff  x7=0xfffffffd
        1255000	       124	80000170	41ff8db3	sub	x27,x31,x31	 x31:0xf66bee31 x31:0xf66bee31 x27=0x00000000
        1265000	       125	80000174	31bda193	slti	x3,x27,795	 x27:0x00000000  x3=0x00000001
        1275000	       126	80000178	ffc3d6e3	bge	x7,x28,80000164	  x7:0xfffffffd x28:0xfffffff5
        1285000	       127	00000000	00000013	addi	x0,x0,0	  x0:0x00000000
        1295000	       128	80000160	00000013	addi	x0,x0,0	  x0:0x00000000
        1305000	       129	80000164	00982633	slt	x12,x16,x9	 x16:0x0000000a  x9:0x80000000 x12=0x00000000
        1315000	       130	80000168	40555a13	srai	x20,x10,0x5	 x10:0x00000002 x20=0x00000000
        1325000	       131	8000016c	ffe38393	addi	x7,x7,-2	  x7:0xfffffffd  x7=0xfffffffb
        1335000	       132	80000170	41ff8db3	sub	x27,x31,x31	 x31:0xf66bee31 x31:0xf66bee31 x27=0x00000000
        1345000	       133	80000174	31bda193	slti	x3,x27,795	 x27:0x00000000  x3=0x00000001
        1355000	       134	80000178	ffc3d6e3	bge	x7,x28,80000164	  x7:0xfffffffb x28:0xfffffff5
        1365000	       135	00000000	00000013	addi	x0,x0,0	  x0:0x00000000
        1375000	       136	80000160	00000013	addi	x0,x0,0	  x0:0x00000000
        1385000	       137	80000164	00982633	slt	x12,x16,x9	 x16:0x0000000a  x9:0x80000000 x12=0x00000000
        1395000	       138	80000168	40555a13	srai	x20,x10,0x5	 x10:0x00000002 x20=0x00000000
        1405000	       139	8000016c	ffe38393	addi	x7,x7,-2	  x7:0xfffffffb  x7=0xfffffff9
        1415000	       140	80000170	41ff8db3	sub	x27,x31,x31	 x31:0xf66bee31 x31:0xf66bee31 x27=0x00000000
        1425000	       141	80000174	31bda193	slti	x3,x27,795	 x27:0x00000000  x3=0x00000001
        1435000	       142	80000178	ffc3d6e3	bge	x7,x28,80000164	  x7:0xfffffff9 x28:0xfffffff5
        1445000	       143	00000000	00000013	addi	x0,x0,0	  x0:0x00000000
        1455000	       144	80000160	00000013	addi	x0,x0,0	  x0:0x00000000
        1465000	       145	80000164	00982633	slt	x12,x16,x9	 x16:0x0000000a  x9:0x80000000 x12=0x00000000
        1475000	       146	80000168	40555a13	srai	x20,x10,0x5	 x10:0x00000002 x20=0x00000000
        1485000	       147	8000016c	ffe38393	addi	x7,x7,-2	  x7:0xfffffff9  x7=0xfffffff7
        1495000	       148	80000170	41ff8db3	sub	x27,x31,x31	 x31:0xf66bee31 x31:0xf66bee31 x27=0x00000000
        1505000	       149	80000174	31bda193	slti	x3,x27,795	 x27:0x00000000  x3=0x00000001
        1515000	       150	80000178	ffc3d6e3	bge	x7,x28,80000164	  x7:0xfffffff7 x28:0xfffffff5
        1525000	       151	00000000	00000013	addi	x0,x0,0	  x0:0x00000000
        1535000	       152	80000160	00000013	addi	x0,x0,0	  x0:0x00000000
        1545000	       153	80000164	00982633	slt	x12,x16,x9	 x16:0x0000000a  x9:0x80000000 x12=0x00000000
        1555000	       154	80000168	40555a13	srai	x20,x10,0x5	 x10:0x00000002 x20=0x00000000
        1565000	       155	8000016c	ffe38393	addi	x7,x7,-2	  x7:0xfffffff7  x7=0xfffffff5
        1575000	       156	80000170	41ff8db3	sub	x27,x31,x31	 x31:0xf66bee31 x31:0xf66bee31 x27=0x00000000
        1585000	       157	80000174	31bda193	slti	x3,x27,795	 x27:0x00000000  x3=0x00000001
        1595000	       158	80000178	ffc3d6e3	bge	x7,x28,80000164	  x7:0xfffffff5 x28:0xfffffff5
        1605000	       159	00000000	00000013	addi	x0,x0,0	  x0:0x00000000
        1615000	       160	80000160	00000013	addi	x0,x0,0	  x0:0x00000000
        1625000	       161	80000164	00982633	slt	x12,x16,x9	 x16:0x0000000a  x9:0x80000000 x12=0x00000000
        1635000	       162	80000168	40555a13	srai	x20,x10,0x5	 x10:0x00000002 x20=0x00000000
        1645000	       163	8000016c	ffe38393	addi	x7,x7,-2	  x7:0xfffffff5  x7=0xfffffff3
        1655000	       164	80000170	41ff8db3	sub	x27,x31,x31	 x31:0xf66bee31 x31:0xf66bee31 x27=0x00000000
        1665000	       165	80000174	31bda193	slti	x3,x27,795	 x27:0x00000000  x3=0x00000001
        1675000	       166	80000178	ffc3d6e3	bge	x7,x28,80000164	  x7:0xfffffff3 x28:0xfffffff5
        1685000	       167	8000017c	00bac4b3	xor	x9,x21,x11	 x21:0x00000001 x11:0xf33ebe01  x9=0xf33ebe00
        1695000	       168	80000180	01e8bbb3	sltu	x23,x17,x30	 x17:0x80009f84 x30:0xfdc2bfe3 x23=0x00000001
        1705000	       169	80000184	fd0570e3	bgeu	x10,x16,80000144	 x10:0x00000002 x16:0x0000000a
        1715000	       170	80000188	41695413	srai	x8,x18,0x16	 x18:0x00000001  x8=0x00000000
        1725000	       171	8000018c	00700613	addi	x12,x0,7	  x0:0x00000000 x12=0x00000007
        1735000	       172	80000190	00000013	addi	x0,x0,0	  x0:0x00000000
        1745000	       173	80000194	42a33f93	sltiu	x31,x6,1066	  x6:0xee3e0f87 x31=0x00000000
        1755000	       174	80000198	00b71b33	sll	x22,x14,x11	 x14:0x00000000 x11:0xf33ebe01 x22=0x00000000
        1765000	       175	8000019c	1a98a213	slti	x4,x17,425	 x17:0x80009f84  x4=0x00000001
        1775000	       176	800001a0	0051a5b3	slt	x11,x3,x5	  x3:0x00000001  x5:0x00000013 x11=0x00000001
        1785000	       177	800001a4	0156bf33	sltu	x30,x13,x21	 x13:0x00000000 x21:0x00000001 x30=0x00000001
        1795000	       178	800001a8	409c0833	sub	x16,x24,x9	 x24:0x800004d3  x9:0xf33ebe00 x16=0x8cc146d3
        1805000	       179	800001ac	ed987c13	andi	x24,x16,-295	 x16:0x8cc146d3 x24=0x8cc146d1
        1815000	       180	800001b0	418b0d33	sub	x26,x22,x24	 x22:0x00000000 x24:0x8cc146d1 x26=0x733eb92f
        1825000	       181	800001b4	01f4e333	or	x6,x9,x31	  x9:0xf33ebe00 x31:0x00000000  x6=0xf33ebe00
        1835000	       182	800001b8	407f0733	sub	x14,x30,x7	 x30:0x00000001  x7:0xfffffff3 x14=0x0000000e
        1845000	       183	800001bc	019823b3	slt	x7,x16,x25	 x16:0x8cc146d3 x25:0xf86647a9  x7=0x00000001
        1855000	       184	800001c0	015abcb3	sltu	x25,x21,x21	 x21:0x00000001 x21:0x00000001 x25=0x00000000
        1865000	       185	800001c4	fff00493	addi	x9,x0,-1	  x0:0x00000000  x9=0xffffffff
        1875000	       186	800001c8	8ea579b7	lui	x19,0x8ea57	 x19=0x8ea57000
        1885000	       187	800001cc	472c4593	xori	x11,x24,1138	 x24:0x8cc146d1 x11=0x8cc142a3
        1895000	       188	800001d0	40cd5eb3	sra	x29,x26,x12	 x26:0x733eb92f x12:0x00000007 x29=0x00e67d72
        1905000	       189	800001d4	00000013	addi	x0,x0,0	  x0:0x00000000
        1915000	       190	800001d8	41d58b33	sub	x22,x11,x29	 x11:0x8cc142a3 x29:0x00e67d72 x22=0x8bdac531
        1925000	       191	800001dc	00901993	slli	x19,x0,0x9	  x0:0x00000000 x19=0x00000000
        1935000	       192	800001e0	92cfaf93	slti	x31,x31,-1748	 x31:0x00000000 x31=0x00000000
        1945000	       193	800001e4	ffa60613	addi	x12,x12,-6	 x12:0x00000007 x12=0x00000001
        1955000	       194	800001e8	004a5393	srli	x7,x20,0x4	 x20:0x00000000  x7=0x00000000
        1965000	       195	800001ec	00af25b3	slt	x11,x30,x10	 x30:0x00000001 x10:0x00000002 x11=0x00000001
        1975000	       196	800001f0	fc965ee3	bge	x12,x9,800001cc	 x12:0x00000001  x9:0xffffffff
        1985000	       197	00000000	00000013	addi	x0,x0,0	  x0:0x00000000
        1995000	       198	800001c8	00000013	addi	x0,x0,0	  x0:0x00000000
        2005000	       199	800001cc	472c4593	xori	x11,x24,1138	 x24:0x8cc146d1 x11=0x8cc142a3
        2015000	       200	800001d0	40cd5eb3	sra	x29,x26,x12	 x26:0x733eb92f x12:0x00000001 x29=0x399f5c97
        2025000	       201	800001d4	00000013	addi	x0,x0,0	  x0:0x00000000
        2035000	       202	800001d8	41d58b33	sub	x22,x11,x29	 x11:0x8cc142a3 x29:0x399f5c97 x22=0x5321e60c
        2045000	       203	800001dc	00901993	slli	x19,x0,0x9	  x0:0x00000000 x19=0x00000000
        2055000	       204	800001e0	92cfaf93	slti	x31,x31,-1748	 x31:0x00000000 x31=0x00000000
        2065000	       205	800001e4	ffa60613	addi	x12,x12,-6	 x12:0x00000001 x12=0xfffffffb
        2075000	       206	800001e8	004a5393	srli	x7,x20,0x4	 x20:0x00000000  x7=0x00000000
        2085000	       207	800001ec	00af25b3	slt	x11,x30,x10	 x30:0x00000001 x10:0x00000002 x11=0x00000001
        2095000	       208	800001f0	fc965ee3	bge	x12,x9,800001cc	 x12:0xfffffffb  x9:0xffffffff
        2105000	       209	800001f4	40788433	sub	x8,x17,x7	 x17:0x80009f84  x7:0x00000000  x8=0x80009f84
        2115000	       210	800001f8	ffe00c93	addi	x25,x0,-2	  x0:0x00000000 x25=0xfffffffe
        2125000	       211	800001fc	006c2f93	slti	x31,x24,6	 x24:0x8cc146d1 x31=0x00000001
        2135000	       212	80000200	0b69e0b7	lui	x1,0xb69e	  x1=0x0b69e000
        2145000	       213	80000204	ec9aee93	ori	x29,x21,-311	 x21:0x00000001 x29=0xfffffec9
        2155000	       214	80000208	f2307a13	andi	x20,x0,-221	  x0:0x00000000 x20=0x00000000
        2165000	       215	8000020c	a2347d37	lui	x26,0xa2347	 x26=0xa2347000
        2175000	       216	80000210	fee00213	addi	x4,x0,-18	  x0:0x00000000  x4=0xffffffee
        2185000	       217	80000214	40ff54b3	sra	x9,x30,x15	 x30:0x00000001 x15:0x7c311cc3  x9=0x00000000
        2195000	       218	80000218	00b99993	slli	x19,x19,0xb	 x19:0x00000000 x19=0x00000000
        2205000	       219	8000021c	f4ddb693	sltiu	x13,x27,-179	 x27:0x00000000 x13=0x00000001
        2215000	       220	80000220	1c28e693	ori	x13,x17,450	 x17:0x80009f84 x13=0x80009fc6
        2225000	       221	80000224	ff8c8c93	addi	x25,x25,-8	 x25:0xfffffffe x25=0xfffffff6
        2235000	       222	80000228	fe4c8ae3	beq	x25,x4,8000021c	 x25:0xfffffff6  x4:0xffffffee
        2245000	       223	8000022c	00231313	slli	x6,x6,0x2	  x6:0xf33ebe00  x6=0xccfaf800
        2255000	       224	80000230	409e51b3	sra	x3,x28,x9	 x28:0xfffffff5  x9:0x00000000  x3=0xfffffff5
        2265000	       225	80000234	e8b2f693	andi	x13,x5,-373	  x5:0x00000013 x13=0x00000003
        2275000	       226	80000238	012c20b3	slt	x1,x24,x18	 x24:0x8cc146d1 x18:0x00000001  x1=0x00000001
        2285000	       227	8000023c	00cf9393	slli	x7,x31,0xc	 x31:0x00000001  x7=0x00001000
        2295000	       228	80000240	0245e863	bltu	x11,x4,80000270	 x11:0x00000001  x4:0xffffffee
        2305000	       229	00000000	00000013	addi	x0,x0,0	  x0:0x00000000
        2315000	       230	8000026c	00000013	addi	x0,x0,0	  x0:0x00000000
        2325000	       231	80000270	04b69863	bne	x13,x11,800002c0	 x13:0x00000003 x11:0x00000001
        2335000	       232	00000000	00000013	addi	x0,x0,0	  x0:0x00000000
        2345000	       233	800002bc	00000013	addi	x0,x0,0	  x0:0x00000000
        2355000	       234	800002c0	008b70b3	and	x1,x22,x8	 x22:0x5321e60c  x8:0x80009f84  x1=0x00008604
        2365000	       235	800002c4	8553c637	lui	x12,0x8553c	 x12=0x8553c000
        2375000	       236	800002c8	418a5a93	srai	x21,x20,0x18	 x20:0x00000000 x21=0x00000000
        2385000	       237	800002cc	03f4ce63	blt	x9,x31,80000308	  x9:0x00000000 x31:0x00000001
        2395000	       238	00000000	00000013	addi	x0,x0,0	  x0:0x00000000
        2405000	       239	80000304	00000013	addi	x0,x0,0	  x0:0x00000000
        2415000	       240	80000308	b5254c13	xori	x24,x10,-1198	 x10:0x00000002 x24=0xfffffb50
        2425000	       241	8000030c	41445633	sra	x12,x8,x20	  x8:0x80009f84 x20:0x00000000 x12=0x80009f84
        2435000	       242	80000310	00c1b533	sltu	x10,x3,x12	  x3:0xfffffff5 x12:0x80009f84 x10=0x00000000
        2445000	       243	80000314	01d09e93	slli	x29,x1,0x1d	  x1:0x00008604 x29=0x80000000
        2455000	       244	80000318	8b9e3d13	sltiu	x26,x28,-1863	 x28:0xfffffff5 x26=0x00000000
        2465000	       245	8000031c	26b06017	auipc	x0,0x26b06	
        2475000	       246	80000320	40cf09b3	sub	x19,x30,x12	 x30:0x00000001 x12:0x80009f84 x19=0x7fff607d
        2485000	       247	80000324	051cf463	bgeu	x25,x17,8000036c	 x25:0xfffffff6 x17:0x80009f84
        2495000	       248	00000000	00000013	addi	x0,x0,0	  x0:0x00000000
        2505000	       249	80000368	00000013	addi	x0,x0,0	  x0:0x00000000
        2515000	       250	8000036c	02a68663	beq	x13,x10,80000398	 x13:0x00000003 x10:0x00000000
        2525000	       251	80000370	49fa6517	auipc	x10,0x49fa6	 x10=0xc9fa636c
        2535000	       252	80000374	01147eb3	and	x29,x8,x17	  x8:0x80009f84 x17:0x80009f84 x29=0x80009f84
        2545000	       253	80000378	0385f263	bgeu	x11,x24,8000039c	 x11:0x00000001 x24:0xfffffb50
        2555000	       254	8000037c	89fc3d93	sltiu	x27,x24,-1889	 x24:0xfffffb50 x27=0x00000000
        2565000	       255	80000380	00b39833	sll	x16,x7,x11	  x7:0x00001000 x11:0x00000001 x16=0x00002000
        2575000	       256	80000384	c0ed0693	addi	x13,x26,-1010	 x26:0x00000000 x13=0xfffffc0e
        2585000	       257	80000388	01678863	beq	x15,x22,80000398	 x15:0x7c311cc3 x22:0x5321e60c
        2595000	       258	8000038c	00d85533	srl	x10,x16,x13	 x16:0x00002000 x13:0xfffffc0e x10=0x00000000
        2605000	       259	80000390	00875233	srl	x4,x14,x8	 x14:0x0000000e  x8:0x80009f84  x4=0x00000000
        2615000	       260	80000394	415ed313	srai	x6,x29,0x15	 x29:0x80009f84  x6=0xfffffc00
        2625000	       261	80000398	00000013	addi	x0,x0,0	  x0:0x00000000
        2635000	       262	8000039c	00f3de33	srl	x28,x7,x15	  x7:0x00001000 x15:0x7c311cc3 x28=0x00000200
        2645000	       263	800003a0	f78afb97	auipc	x23,0xf78af	 x23=0x778af39c
        2655000	       264	800003a4	00ddf5b3	and	x11,x27,x13	 x27:0x00000000 x13:0xfffffc0e x11=0x00000000
        2665000	       265	800003a8	00496a63	bltu	x18,x4,800003bc	 x18:0x00000001  x4:0x00000000
        2675000	       266	800003ac	425b0993	addi	x19,x22,1061	 x22:0x5321e60c x19=0x5321ea31
        2685000	       267	800003b0	01645393	srli	x7,x8,0x16	  x8:0x80009f84  x7=0x00000200
        2695000	       268	800003b4	05310e63	beq	x2,x19,80000410	  x2:0x80009fc4 x19:0x5321ea31
        2705000	       269	800003b8	4056d913	srai	x18,x13,0x5	 x13:0xfffffc0e x18=0xffffffe0
        2715000	       270	800003bc	99eb7713	andi	x14,x22,-1634	 x22:0x5321e60c x14=0x5321e00c
        2725000	       271	800003c0	01fb5013	srli	x0,x22,0x1f	 x22:0x5321e60c
        2735000	       272	800003c4	00002597	auipc	x11,0x2	 x11=0x800023c0
        2745000	       273	800003c8	48c58593	addi	x11,x11,1164	 x11:0x800023c0 x11=0x8000284c
        2755000	       274	800003cc	41e45e33	sra	x28,x8,x30	  x8:0x80009f84 x30:0x00000001 x28=0xc0004fc2
        2765000	       275	800003d0	4d566297	auipc	x5,0x4d566	  x5=0xcd5663cc
        2775000	       276	800003d4	3f658593	addi	x11,x11,1014	 x11:0x8000284c x11=0x80002c42
        2785000	       277	800003d8	40d051b3	sra	x3,x0,x13	  x0:0x00000000 x13:0xfffffc0e  x3=0x00000000
        2795000	       278	800003dc	01ef1d13	slli	x26,x30,0x1e	 x30:0x00000001 x26=0x40000000
        2805000	       279	800003e0	016e5c13	srli	x24,x28,0x16	 x28:0xc0004fc2 x24=0x00000300
        2815000	       280	800003e4	01701463	bne	x0,x23,800003ec	  x0:0x00000000 x23:0x778af39c
        2825000	       281	00000000	00000013	addi	x0,x0,0	  x0:0x00000000
        2835000	       282	800003e8	00000013	addi	x0,x0,0	  x0:0x00000000
        2845000	       283	800003ec	c0a58f67	jalr	x30,x11,-1014	 x11:0x80002c42 x30=0x800003ec
        2855000	       284	00000000	00000013	addi	x0,x0,0	  x0:0x00000000
        2865000	       285	8000284c	00000013	addi	x0,x0,0	  x0:0x00000000
        2875000	       286	80002850	ff888893	addi	x17,x17,-8	 x17:0x80009f84 x17=0x80009f7c
        2885000	       287	80002854	7aea9917	auipc	x18,0x7aea9	 x18=0xfaeab850
        2895000	       288	80002858	01111993	slli	x19,x2,0x11	  x2:0x80009fc4 x19=0x3f880000
        2905000	       289	8000285c	01e8a223	sw	x30,4(x17)	 x17:0x80009f7c x30:0x800003ec PA:0x80009f80
        2915000	       290	80002860	00bf9813	slli	x16,x31,0xb	 x31:0x00000001 x16=0x00000800
        2925000	       291	80002864	30710013	addi	x0,x2,775	  x2:0x80009fc4
        2935000	       292	80002868	00d32d33	slt	x26,x6,x13	  x6:0xfffffc00 x13:0xfffffc0e x26=0x00000001
        2945000	       293	8000286c	418c52b3	sra	x5,x24,x24	 x24:0x00000300 x24:0x00000300  x5=0x00000300
        2955000	       294	80002870	16037f93	andi	x31,x6,352	  x6:0xfffffc00 x31=0x00000000
        2965000	       295	80002874	00da3533	sltu	x10,x20,x13	 x20:0x00000000 x13:0xfffffc0e x10=0x00000001
        2975000	       296	80002878	01cd0533	add	x10,x26,x28	 x26:0x00000001 x28:0xc0004fc2 x10=0xc0004fc3
        2985000	       297	8000287c	1fabb493	sltiu	x9,x23,506	 x23:0x778af39c  x9=0x00000000
        2995000	       298	80002880	01cc6663	bltu	x24,x28,8000288c	 x24:0x00000300 x28:0xc0004fc2
        3005000	       299	00000000	00000013	addi	x0,x0,0	  x0:0x00000000
        3015000	       300	80002888	00000013	addi	x0,x0,0	  x0:0x00000000
        3025000	       301	8000288c	42c00f6f	jal	x30,8000288c	 x30=0x8000288c
        3035000	       302	00000000	00000013	addi	x0,x0,0	  x0:0x00000000
        3045000	       303	80002cb4	00000013	addi	x0,x0,0	  x0:0x00000000
        3055000	       304	80002cb8	01afca63	blt	x31,x26,80002ccc	 x31:0x00000000 x26:0x00000001
        3065000	       305	00000000	00000013	addi	x0,x0,0	  x0:0x00000000
        3075000	       306	80002cc8	00000013	addi	x0,x0,0	  x0:0x00000000
        3085000	       307	80002ccc	fe488893	addi	x17,x17,-28	 x17:0x80009f7c x17=0x80009f60
        3095000	       308	80002cd0	00a35233	srl	x4,x6,x10	  x6:0xfffffc00 x10:0xc0004fc3  x4=0x1fffff80
        3105000	       309	80002cd4	01e8a223	sw	x30,4(x17)	 x17:0x80009f60 x30:0x8000288c PA:0x80009f64
        3115000	       310	80002cd8	013e61b3	or	x3,x28,x19	 x28:0xc0004fc2 x19:0x3f880000  x3=0xff884fc2
        3125000	       311	80002cdc	0108d9b3	srl	x19,x17,x16	 x17:0x80009f60 x16:0x00000800 x19=0x80009f60
        3135000	       312	80002ce0	00a55693	srli	x13,x10,0xa	 x10:0xc0004fc3 x13=0x00300013
        3145000	       313	80002ce4	6cb790b7	lui	x1,0x6cb79	  x1=0x6cb79000
        3155000	       314	80002ce8	30190d93	addi	x27,x18,769	 x18:0xfaeab850 x27=0xfaeabb51
        3165000	       315	80002cec	f42cc393	xori	x7,x25,-190	 x25:0xfffffff6  x7=0x000000b4
        3175000	       316	80002cf0	00000997	auipc	x19,0x0	 x19=0x80002cec
        3185000	       317	80002cf4	95898993	addi	x19,x19,-1704	 x19:0x80002cec x19=0x80002644
        3195000	       318	80002cf8	9c55e213	ori	x4,x11,-1595	 x11:0x80002c42  x4=0xfffffdc7
        3205000	       319	80002cfc	4195dd93	srai	x27,x11,0x19	 x11:0x80002c42 x27=0xffffffc0
        3215000	       320	80002d00	37e98993	addi	x19,x19,894	 x19:0x80002644 x19=0x800029c2
        3225000	       321	80002d04	01bf62b3	or	x5,x30,x27	 x30:0x8000288c x27:0xffffffc0  x5=0xffffffcc
        3235000	       322	80002d08	00349a63	bne	x9,x3,80002d1c	  x9:0x00000000  x3:0xff884fc2
        3245000	       323	00000000	00000013	addi	x0,x0,0	  x0:0x00000000
        3255000	       324	80002d18	00000013	addi	x0,x0,0	  x0:0x00000000
        3265000	       325	80002d1c	c8398f67	jalr	x30,x19,-893	 x19:0x800029c2 x30=0x80002d1c
        3275000	       326	00000000	00000013	addi	x0,x0,0	  x0:0x00000000
        3285000	       327	80002644	00000013	addi	x0,x0,0	  x0:0x00000000
        3295000	       328	80002648	346dd937	lui	x18,0x346dd	 x18=0x346dd000
        3305000	       329	8000264c	00d8ad33	slt	x26,x17,x13	 x17:0x80009f60 x13:0x00300013 x26=0x00000001
        3315000	       330	80002650	00000013	addi	x0,x0,0	  x0:0x00000000
        3325000	       331	80002654	01f2d463	bge	x5,x31,8000265c	  x5:0xffffffcc x31:0x00000000
        3335000	       332	80002658	d866ae93	slti	x29,x13,-634	 x13:0x00300013 x29=0x00000000
        3345000	       333	8000265c	ff088893	addi	x17,x17,-16	 x17:0x80009f60 x17=0x80009f50
        3355000	       334	80002660	00bbc2b3	xor	x5,x23,x11	 x23:0x778af39c x11:0x80002c42  x5=0xf78adfde
        3365000	       335	80002664	25eaf613	andi	x12,x21,606	 x21:0x00000000 x12=0x00000000
        3375000	       336	80002668	01e8a223	sw	x30,4(x17)	 x17:0x80009f50 x30:0x80002d1c PA:0x80009f54
        3385000	       337	8000266c	317f8e13	addi	x28,x31,791	 x31:0x00000000 x28=0x00000317
        3395000	       338	80002670	867cc913	xori	x18,x25,-1945	 x25:0xfffffff6 x18=0x00000791
        3405000	       339	80002674	ffffe397	auipc	x7,0xffffe	  x7=0x80000670
        3415000	       340	80002678	12c38393	addi	x7,x7,300	  x7:0x80000670  x7=0x8000079c
        3425000	       341	8000267c	01c2fd33	and	x26,x5,x28	  x5:0xf78adfde x28:0x00000317 x26=0x00000316
        3435000	       342	80002680	f5c4b9b7	lui	x19,0xf5c4b	 x19=0xf5c4b000
        3445000	       343	80002684	05bd7193	andi	x3,x26,91	 x26:0x00000316  x3=0x00000012
        3455000	       344	80002688	2f938393	addi	x7,x7,761	  x7:0x8000079c  x7=0x80000a95
        3465000	       345	8000268c	001c3d33	sltu	x26,x24,x1	 x24:0x00000300  x1:0x6cb79000 x26=0x00000001
        3475000	       346	80002690	01e41db3	sll	x27,x8,x30	  x8:0x80009f84 x30:0x80002d1c x27=0x40000000
        3485000	       347	80002694	d0738f67	jalr	x30,x7,-761	  x7:0x80000a95 x30=0x80002694
        3495000	       348	00000000	00000013	addi	x0,x0,0	  x0:0x00000000
        3505000	       349	8000079c	00000013	addi	x0,x0,0	  x0:0x00000000
        3515000	       350	800007a0	fd088893	addi	x17,x17,-48	 x17:0x80009f50 x17=0x80009f20
        3525000	       351	800007a4	01b24a33	xor	x20,x4,x27	  x4:0xfffffdc7 x27:0x40000000 x20=0xbffffdc7
        3535000	       352	800007a8	41c4d993	srai	x19,x9,0x1c	  x9:0x00000000 x19=0x00000000
        3545000	       353	800007ac	01e8a223	sw	x30,4(x17)	 x17:0x80009f20 x30:0x80002694 PA:0x80009f24
        3555000	       354	800007b0	0ff97213	andi	x4,x18,255	 x18:0x00000791  x4=0x00000091
        3565000	       355	800007b4	f0a9ed13	ori	x26,x19,-246	 x19:0x00000000 x26=0xffffff0a
        3575000	       356	800007b8	00800593	addi	x11,x0,8	  x0:0x00000000 x11=0x00000008
        3585000	       357	800007bc	00900b93	addi	x23,x0,9	  x0:0x00000000 x23=0x00000009
        3595000	       358	800007c0	01978533	add	x10,x15,x25	 x15:0x7c311cc3 x25:0xfffffff6 x10=0x7c311cb9
        3605000	       359	800007c4	6ef58513	addi	x10,x11,1775	 x11:0x00000008 x10=0x000006f7
        3615000	       360	800007c8	01a0ee33	or	x28,x1,x26	  x1:0x6cb79000 x26:0xffffff0a x28=0xffffff0a
        3625000	       361	800007cc	00458593	addi	x11,x11,4	 x11:0x00000008 x11=0x0000000c
        3635000	       362	800007d0	00200693	addi	x13,x0,2	  x0:0x00000000 x13=0x00000002
        3645000	       363	800007d4	00000013	addi	x0,x0,0	  x0:0x00000000
        3655000	       364	800007d8	ffb00c93	addi	x25,x0,-5	  x0:0x00000000 x25=0xfffffffb
        3665000	       365	800007dc	00000013	addi	x0,x0,0	  x0:0x00000000
        3675000	       366	800007e0	41f7d493	srai	x9,x15,0x1f	 x15:0x7c311cc3  x9=0x00000000
        3685000	       367	800007e4	ff868693	addi	x13,x13,-8	 x13:0x00000002 x13=0xfffffffa
        3695000	       368	800007e8	01eb4933	xor	x18,x22,x30	 x22:0x5321e60c x30:0x80002694 x18=0xd321c098
        3705000	       369	800007ec	ff96d8e3	bge	x13,x25,800007dc	 x13:0xfffffffa x25:0xfffffffb
        3715000	       370	800007f0	fd75c8e3	blt	x11,x23,800007c0	 x11:0x0000000c x23:0x00000009
        3725000	       371	800007f4	003cb733	sltu	x14,x25,x3	 x25:0xfffffffb  x3:0x00000012 x14=0x00000000
        3735000	       372	800007f8	00700a93	addi	x21,x0,7	  x0:0x00000000 x21=0x00000007
        3745000	       373	800007fc	18c0c213	xori	x4,x1,396	  x1:0x6cb79000  x4=0x6cb7918c
        3755000	       374	80000800	00000013	addi	x0,x0,0	  x0:0x00000000
        3765000	       375	80000804	011880b3	add	x1,x17,x17	 x17:0x80009f20 x17:0x80009f20  x1=0x00013e40
        3775000	       376	80000808	00500513	addi	x10,x0,5	  x0:0x00000000 x10=0x00000005
        3785000	       377	8000080c	0125e3b3	or	x7,x11,x18	 x11:0x0000000c x18:0xd321c098  x7=0xd321c09c
        3795000	       378	80000810	19238693	addi	x13,x7,402	  x7:0xd321c09c x13=0xd321c22e
        3805000	       379	80000814	ffda8a93	addi	x21,x21,-3	 x21:0x00000007 x21=0x00000004
        3815000	       380	80000818	ffa00c13	addi	x24,x0,-6	  x0:0x00000000 x24=0xfffffffa
        3825000	       381	8000081c	007fc833	xor	x16,x31,x7	 x31:0x00000000  x7:0xd321c09c x16=0xd321c09c
        3835000	       382	80000820	01c65333	srl	x6,x12,x28	 x12:0x00000000 x28:0xffffff0a  x6=0x00000000
        3845000	       383	80000824	87f3f597	auipc	x11,0x87f3f	 x11=0x07f3f820
        3855000	       384	80000828	ff300a13	addi	x20,x0,-13	  x0:0x00000000 x20=0xfffffff3
        3865000	       385	8000082c	01ef1d13	slli	x26,x30,0x1e	 x30:0x80002694 x26=0x00000000
        3875000	       386	80000830	40cd5d33	sra	x26,x26,x12	 x26:0x00000000 x12:0x00000000 x26=0x00000000
        3885000	       387	80000834	008d4fb3	xor	x31,x26,x8	 x26:0x00000000  x8:0x80009f84 x31=0x80009f84
        3895000	       388	80000838	cc31a393	slti	x7,x3,-829	  x3:0x00000012  x7=0x00000000
        3905000	       389	8000083c	019c4633	xor	x12,x24,x25	 x24:0xfffffffa x25:0xfffffffb x12=0x00000001
        3915000	       390	80000840	00cf1233	sll	x4,x30,x12	 x30:0x80002694 x12:0x00000001  x4=0x00004d28
        3925000	       391	80000844	af6b3813	sltiu	x16,x22,-1290	 x22:0x5321e60c x16=0x00000001
        3935000	       392	80000848	92024c93	xori	x25,x4,-1760	  x4:0x00004d28 x25=0xffffb408
        3945000	       393	8000084c	00835913	srli	x18,x6,0x8	  x6:0x00000000 x18=0x00000000
        3955000	       394	80000850	00548833	add	x16,x9,x5	  x9:0x00000000  x5:0xf78adfde x16=0xf78adfde
        3965000	       395	80000854	371fbf93	sltiu	x31,x31,881	 x31:0x80009f84 x31=0x00000000
        3975000	       396	80000858	9cbc4b93	xori	x23,x24,-1589	 x24:0xfffffffa x23=0x00000631
        3985000	       397	8000085c	d9af8f13	addi	x30,x31,-614	 x31:0x00000000 x30=0xfffffd9a
        3995000	       398	80000860	01eb75b3	and	x11,x22,x30	 x22:0x5321e60c x30:0xfffffd9a x11=0x5321e408
        4005000	       399	80000864	003d8eb3	add	x29,x27,x3	 x27:0x40000000  x3:0x00000012 x29=0x40000012
        4015000	       400	80000868	ff7c0c13	addi	x24,x24,-9	 x24:0xfffffffa x24=0xfffffff1
        4025000	       401	8000086c	00d2ae33	slt	x28,x5,x13	  x5:0xf78adfde x13:0xd321c22e x28=0x00000000
        4035000	       402	80000870	ff4c58e3	bge	x24,x20,80000860	 x24:0xfffffff1 x20:0xfffffff3
        4045000	       403	80000874	01686f33	or	x30,x16,x22	 x16:0xf78adfde x22:0x5321e60c x30=0xf7abffde
        4055000	       404	80000878	0073b9b3	sltu	x19,x7,x7	  x7:0x00000000  x7:0x00000000 x19=0x00000000
        4065000	       405	8000087c	f8aaf8e3	bgeu	x21,x10,8000080c	 x21:0x00000004 x10:0x00000005
        4075000	       406	80000880	01596033	or	x0,x18,x21	 x18:0x00000000 x21:0x00000004
        4085000	       407	80000884	00400413	addi	x8,x0,4	  x0:0x00000000  x8=0x00000004
        4095000	       408	80000888	010905b3	add	x11,x18,x16	 x18:0x00000000 x16:0xf78adfde x11=0xf78adfde
        4105000	       409	8000088c	a4b1b513	sltiu	x10,x3,-1461	  x3:0x00000012 x10=0x00000001
        4115000	       410	80000890	01200c13	addi	x24,x0,18	  x0:0x00000000 x24=0x00000012
        4125000	       411	80000894	412b83b3	sub	x7,x23,x18	 x23:0x00000631 x18:0x00000000  x7=0x00000631
        4135000	       412	80000898	00240413	addi	x8,x8,2	  x8:0x00000004  x8=0x00000006
        4145000	       413	8000089c	106aae13	slti	x28,x21,262	 x21:0x00000004 x28=0x00000001
        4155000	       414	800008a0	00100693	addi	x13,x0,1	  x0:0x00000000 x13=0x00000001
        4165000	       415	800008a4	015cc9b3	xor	x19,x25,x21	 x25:0xffffb408 x21:0x00000004 x19=0xffffb40c
        4175000	       416	800008a8	cae90e13	addi	x28,x18,-850	 x18:0x00000000 x28=0xfffffcae
        4185000	       417	800008ac	00c00f13	addi	x30,x0,12	  x0:0x00000000 x30=0x0000000c
        4195000	       418	800008b0	017ae333	or	x6,x21,x23	 x21:0x00000004 x23:0x00000631  x6=0x00000635
        4205000	       419	800008b4	01fa7b33	and	x22,x20,x31	 x20:0xfffffff3 x31:0x00000000 x22=0x00000000
        4215000	       420	800008b8	00768693	addi	x13,x13,7	 x13:0x00000001 x13=0x00000008
        4225000	       421	800008bc	0069f233	and	x4,x19,x6	 x19:0xffffb40c  x6:0x00000635  x4=0x00000404
        4235000	       422	800008c0	ffe6c8e3	blt	x13,x30,800008b0	 x13:0x00000008 x30:0x0000000c
        4245000	       423	00000000	00000013	addi	x0,x0,0	  x0:0x00000000
        4255000	       424	800008ac	00000013	addi	x0,x0,0	  x0:0x00000000
        4265000	       425	800008b0	017ae333	or	x6,x21,x23	 x21:0x00000004 x23:0x00000631  x6=0x00000635
        4275000	       426	800008b4	01fa7b33	and	x22,x20,x31	 x20:0xfffffff3 x31:0x00000000 x22=0x00000000
        4285000	       427	800008b8	00768693	addi	x13,x13,7	 x13:0x00000008 x13=0x0000000f
        4295000	       428	800008bc	0069f233	and	x4,x19,x6	 x19:0xffffb40c  x6:0x00000635  x4=0x00000404
        4305000	       429	800008c0	ffe6c8e3	blt	x13,x30,800008b0	 x13:0x0000000f x30:0x0000000c
        4315000	       430	800008c4	e60ae713	ori	x14,x21,-416	 x21:0x00000004 x14=0xfffffe64
        4325000	       431	800008c8	fd8466e3	bltu	x8,x24,80000894	  x8:0x00000006 x24:0x00000012
        4335000	       432	00000000	00000013	addi	x0,x0,0	  x0:0x00000000
        4345000	       433	80000890	00000013	addi	x0,x0,0	  x0:0x00000000
        4355000	       434	80000894	412b83b3	sub	x7,x23,x18	 x23:0x00000631 x18:0x00000000  x7=0x00000631
        4365000	       435	80000898	00240413	addi	x8,x8,2	  x8:0x00000006  x8=0x00000008
        4375000	       436	8000089c	106aae13	slti	x28,x21,262	 x21:0x00000004 x28=0x00000001
        4385000	       437	800008a0	00100693	addi	x13,x0,1	  x0:0x00000000 x13=0x00000001
        4395000	       438	800008a4	015cc9b3	xor	x19,x25,x21	 x25:0xffffb408 x21:0x00000004 x19=0xffffb40c
        4405000	       439	800008a8	cae90e13	addi	x28,x18,-850	 x18:0x00000000 x28=0xfffffcae
        4415000	       440	800008ac	00c00f13	addi	x30,x0,12	  x0:0x00000000 x30=0x0000000c
        4425000	       441	800008b0	017ae333	or	x6,x21,x23	 x21:0x00000004 x23:0x00000631  x6=0x00000635
        4435000	       442	800008b4	01fa7b33	and	x22,x20,x31	 x20:0xfffffff3 x31:0x00000000 x22=0x00000000
        4445000	       443	800008b8	00768693	addi	x13,x13,7	 x13:0x00000001 x13=0x00000008
        4455000	       444	800008bc	0069f233	and	x4,x19,x6	 x19:0xffffb40c  x6:0x00000635  x4=0x00000404
        4465000	       445	800008c0	ffe6c8e3	blt	x13,x30,800008b0	 x13:0x00000008 x30:0x0000000c
        4475000	       446	00000000	00000013	addi	x0,x0,0	  x0:0x00000000
        4485000	       447	800008ac	00000013	addi	x0,x0,0	  x0:0x00000000
        4495000	       448	800008b0	017ae333	or	x6,x21,x23	 x21:0x00000004 x23:0x00000631  x6=0x00000635
        4505000	       449	800008b4	01fa7b33	and	x22,x20,x31	 x20:0xfffffff3 x31:0x00000000 x22=0x00000000
        4515000	       450	800008b8	00768693	addi	x13,x13,7	 x13:0x00000008 x13=0x0000000f
        4525000	       451	800008bc	0069f233	and	x4,x19,x6	 x19:0xffffb40c  x6:0x00000635  x4=0x00000404
        4535000	       452	800008c0	ffe6c8e3	blt	x13,x30,800008b0	 x13:0x0000000f x30:0x0000000c
        4545000	       453	800008c4	e60ae713	ori	x14,x21,-416	 x21:0x00000004 x14=0xfffffe64
        4555000	       454	800008c8	fd8466e3	bltu	x8,x24,80000894	  x8:0x00000008 x24:0x00000012
        4565000	       455	00000000	00000013	addi	x0,x0,0	  x0:0x00000000
        4575000	       456	80000890	00000013	addi	x0,x0,0	  x0:0x00000000
        4585000	       457	80000894	412b83b3	sub	x7,x23,x18	 x23:0x00000631 x18:0x00000000  x7=0x00000631
        4595000	       458	80000898	00240413	addi	x8,x8,2	  x8:0x00000008  x8=0x0000000a
        4605000	       459	8000089c	106aae13	slti	x28,x21,262	 x21:0x00000004 x28=0x00000001
        4615000	       460	800008a0	00100693	addi	x13,x0,1	  x0:0x00000000 x13=0x00000001
        4625000	       461	800008a4	015cc9b3	xor	x19,x25,x21	 x25:0xffffb408 x21:0x00000004 x19=0xffffb40c
        4635000	       462	800008a8	cae90e13	addi	x28,x18,-850	 x18:0x00000000 x28=0xfffffcae
        4645000	       463	800008ac	00c00f13	addi	x30,x0,12	  x0:0x00000000 x30=0x0000000c
        4655000	       464	800008b0	017ae333	or	x6,x21,x23	 x21:0x00000004 x23:0x00000631  x6=0x00000635
        4665000	       465	800008b4	01fa7b33	and	x22,x20,x31	 x20:0xfffffff3 x31:0x00000000 x22=0x00000000
        4675000	       466	800008b8	00768693	addi	x13,x13,7	 x13:0x00000001 x13=0x00000008
        4685000	       467	800008bc	0069f233	and	x4,x19,x6	 x19:0xffffb40c  x6:0x00000635  x4=0x00000404
        4695000	       468	800008c0	ffe6c8e3	blt	x13,x30,800008b0	 x13:0x00000008 x30:0x0000000c
        4705000	       469	00000000	00000013	addi	x0,x0,0	  x0:0x00000000
        4715000	       470	800008ac	00000013	addi	x0,x0,0	  x0:0x00000000
        4725000	       471	800008b0	017ae333	or	x6,x21,x23	 x21:0x00000004 x23:0x00000631  x6=0x00000635
        4735000	       472	800008b4	01fa7b33	and	x22,x20,x31	 x20:0xfffffff3 x31:0x00000000 x22=0x00000000
        4745000	       473	800008b8	00768693	addi	x13,x13,7	 x13:0x00000008 x13=0x0000000f
        4755000	       474	800008bc	0069f233	and	x4,x19,x6	 x19:0xffffb40c  x6:0x00000635  x4=0x00000404
        4765000	       475	800008c0	ffe6c8e3	blt	x13,x30,800008b0	 x13:0x0000000f x30:0x0000000c
        4775000	       476	800008c4	e60ae713	ori	x14,x21,-416	 x21:0x00000004 x14=0xfffffe64
        4785000	       477	800008c8	fd8466e3	bltu	x8,x24,80000894	  x8:0x0000000a x24:0x00000012
        4795000	       478	00000000	00000013	addi	x0,x0,0	  x0:0x00000000
        4805000	       479	80000890	00000013	addi	x0,x0,0	  x0:0x00000000
        4815000	       480	80000894	412b83b3	sub	x7,x23,x18	 x23:0x00000631 x18:0x00000000  x7=0x00000631
        4825000	       481	80000898	00240413	addi	x8,x8,2	  x8:0x0000000a  x8=0x0000000c
        4835000	       482	8000089c	106aae13	slti	x28,x21,262	 x21:0x00000004 x28=0x00000001
        4845000	       483	800008a0	00100693	addi	x13,x0,1	  x0:0x00000000 x13=0x00000001
        4855000	       484	800008a4	015cc9b3	xor	x19,x25,x21	 x25:0xffffb408 x21:0x00000004 x19=0xffffb40c
        4865000	       485	800008a8	cae90e13	addi	x28,x18,-850	 x18:0x00000000 x28=0xfffffcae
        4875000	       486	800008ac	00c00f13	addi	x30,x0,12	  x0:0x00000000 x30=0x0000000c
        4885000	       487	800008b0	017ae333	or	x6,x21,x23	 x21:0x00000004 x23:0x00000631  x6=0x00000635
        4895000	       488	800008b4	01fa7b33	and	x22,x20,x31	 x20:0xfffffff3 x31:0x00000000 x22=0x00000000
        4905000	       489	800008b8	00768693	addi	x13,x13,7	 x13:0x00000001 x13=0x00000008
        4915000	       490	800008bc	0069f233	and	x4,x19,x6	 x19:0xffffb40c  x6:0x00000635  x4=0x00000404
        4925000	       491	800008c0	ffe6c8e3	blt	x13,x30,800008b0	 x13:0x00000008 x30:0x0000000c
        4935000	       492	00000000	00000013	addi	x0,x0,0	  x0:0x00000000
        4945000	       493	800008ac	00000013	addi	x0,x0,0	  x0:0x00000000
        4955000	       494	800008b0	017ae333	or	x6,x21,x23	 x21:0x00000004 x23:0x00000631  x6=0x00000635
        4965000	       495	800008b4	01fa7b33	and	x22,x20,x31	 x20:0xfffffff3 x31:0x00000000 x22=0x00000000
        4975000	       496	800008b8	00768693	addi	x13,x13,7	 x13:0x00000008 x13=0x0000000f
        4985000	       497	800008bc	0069f233	and	x4,x19,x6	 x19:0xffffb40c  x6:0x00000635  x4=0x00000404
        4995000	       498	800008c0	ffe6c8e3	blt	x13,x30,800008b0	 x13:0x0000000f x30:0x0000000c
        5005000	       499	800008c4	e60ae713	ori	x14,x21,-416	 x21:0x00000004 x14=0xfffffe64
        5015000	       500	800008c8	fd8466e3	bltu	x8,x24,80000894	  x8:0x0000000c x24:0x00000012
        5025000	       501	00000000	00000013	addi	x0,x0,0	  x0:0x00000000
        5035000	       502	80000890	00000013	addi	x0,x0,0	  x0:0x00000000
        5045000	       503	80000894	412b83b3	sub	x7,x23,x18	 x23:0x00000631 x18:0x00000000  x7=0x00000631
        5055000	       504	80000898	00240413	addi	x8,x8,2	  x8:0x0000000c  x8=0x0000000e
        5065000	       505	8000089c	106aae13	slti	x28,x21,262	 x21:0x00000004 x28=0x00000001
        5075000	       506	800008a0	00100693	addi	x13,x0,1	  x0:0x00000000 x13=0x00000001
        5085000	       507	800008a4	015cc9b3	xor	x19,x25,x21	 x25:0xffffb408 x21:0x00000004 x19=0xffffb40c
        5095000	       508	800008a8	cae90e13	addi	x28,x18,-850	 x18:0x00000000 x28=0xfffffcae
        5105000	       509	800008ac	00c00f13	addi	x30,x0,12	  x0:0x00000000 x30=0x0000000c
        5115000	       510	800008b0	017ae333	or	x6,x21,x23	 x21:0x00000004 x23:0x00000631  x6=0x00000635
        5125000	       511	800008b4	01fa7b33	and	x22,x20,x31	 x20:0xfffffff3 x31:0x00000000 x22=0x00000000
        5135000	       512	800008b8	00768693	addi	x13,x13,7	 x13:0x00000001 x13=0x00000008
        5145000	       513	800008bc	0069f233	and	x4,x19,x6	 x19:0xffffb40c  x6:0x00000635  x4=0x00000404
        5155000	       514	800008c0	ffe6c8e3	blt	x13,x30,800008b0	 x13:0x00000008 x30:0x0000000c
        5165000	       515	00000000	00000013	addi	x0,x0,0	  x0:0x00000000
        5175000	       516	800008ac	00000013	addi	x0,x0,0	  x0:0x00000000
        5185000	       517	800008b0	017ae333	or	x6,x21,x23	 x21:0x00000004 x23:0x00000631  x6=0x00000635
        5195000	       518	800008b4	01fa7b33	and	x22,x20,x31	 x20:0xfffffff3 x31:0x00000000 x22=0x00000000
        5205000	       519	800008b8	00768693	addi	x13,x13,7	 x13:0x00000008 x13=0x0000000f
        5215000	       520	800008bc	0069f233	and	x4,x19,x6	 x19:0xffffb40c  x6:0x00000635  x4=0x00000404
        5225000	       521	800008c0	ffe6c8e3	blt	x13,x30,800008b0	 x13:0x0000000f x30:0x0000000c
        5235000	       522	800008c4	e60ae713	ori	x14,x21,-416	 x21:0x00000004 x14=0xfffffe64
        5245000	       523	800008c8	fd8466e3	bltu	x8,x24,80000894	  x8:0x0000000e x24:0x00000012
        5255000	       524	00000000	00000013	addi	x0,x0,0	  x0:0x00000000
        5265000	       525	80000890	00000013	addi	x0,x0,0	  x0:0x00000000
        5275000	       526	80000894	412b83b3	sub	x7,x23,x18	 x23:0x00000631 x18:0x00000000  x7=0x00000631
        5285000	       527	80000898	00240413	addi	x8,x8,2	  x8:0x0000000e  x8=0x00000010
        5295000	       528	8000089c	106aae13	slti	x28,x21,262	 x21:0x00000004 x28=0x00000001
        5305000	       529	800008a0	00100693	addi	x13,x0,1	  x0:0x00000000 x13=0x00000001
        5315000	       530	800008a4	015cc9b3	xor	x19,x25,x21	 x25:0xffffb408 x21:0x00000004 x19=0xffffb40c
        5325000	       531	800008a8	cae90e13	addi	x28,x18,-850	 x18:0x00000000 x28=0xfffffcae
        5335000	       532	800008ac	00c00f13	addi	x30,x0,12	  x0:0x00000000 x30=0x0000000c
        5345000	       533	800008b0	017ae333	or	x6,x21,x23	 x21:0x00000004 x23:0x00000631  x6=0x00000635
        5355000	       534	800008b4	01fa7b33	and	x22,x20,x31	 x20:0xfffffff3 x31:0x00000000 x22=0x00000000
        5365000	       535	800008b8	00768693	addi	x13,x13,7	 x13:0x00000001 x13=0x00000008
        5375000	       536	800008bc	0069f233	and	x4,x19,x6	 x19:0xffffb40c  x6:0x00000635  x4=0x00000404
        5385000	       537	800008c0	ffe6c8e3	blt	x13,x30,800008b0	 x13:0x00000008 x30:0x0000000c
        5395000	       538	00000000	00000013	addi	x0,x0,0	  x0:0x00000000
        5405000	       539	800008ac	00000013	addi	x0,x0,0	  x0:0x00000000
        5415000	       540	800008b0	017ae333	or	x6,x21,x23	 x21:0x00000004 x23:0x00000631  x6=0x00000635
        5425000	       541	800008b4	01fa7b33	and	x22,x20,x31	 x20:0xfffffff3 x31:0x00000000 x22=0x00000000
        5435000	       542	800008b8	00768693	addi	x13,x13,7	 x13:0x00000008 x13=0x0000000f
        5445000	       543	800008bc	0069f233	and	x4,x19,x6	 x19:0xffffb40c  x6:0x00000635  x4=0x00000404
        5455000	       544	800008c0	ffe6c8e3	blt	x13,x30,800008b0	 x13:0x0000000f x30:0x0000000c
        5465000	       545	800008c4	e60ae713	ori	x14,x21,-416	 x21:0x00000004 x14=0xfffffe64
        5475000	       546	800008c8	fd8466e3	bltu	x8,x24,80000894	  x8:0x00000010 x24:0x00000012
        5485000	       547	00000000	00000013	addi	x0,x0,0	  x0:0x00000000
        5495000	       548	80000890	00000013	addi	x0,x0,0	  x0:0x00000000
        5505000	       549	80000894	412b83b3	sub	x7,x23,x18	 x23:0x00000631 x18:0x00000000  x7=0x00000631
        5515000	       550	80000898	00240413	addi	x8,x8,2	  x8:0x00000010  x8=0x00000012
        5525000	       551	8000089c	106aae13	slti	x28,x21,262	 x21:0x00000004 x28=0x00000001
        5535000	       552	800008a0	00100693	addi	x13,x0,1	  x0:0x00000000 x13=0x00000001
        5545000	       553	800008a4	015cc9b3	xor	x19,x25,x21	 x25:0xffffb408 x21:0x00000004 x19=0xffffb40c
        5555000	       554	800008a8	cae90e13	addi	x28,x18,-850	 x18:0x00000000 x28=0xfffffcae
        5565000	       555	800008ac	00c00f13	addi	x30,x0,12	  x0:0x00000000 x30=0x0000000c
        5575000	       556	800008b0	017ae333	or	x6,x21,x23	 x21:0x00000004 x23:0x00000631  x6=0x00000635
        5585000	       557	800008b4	01fa7b33	and	x22,x20,x31	 x20:0xfffffff3 x31:0x00000000 x22=0x00000000
        5595000	       558	800008b8	00768693	addi	x13,x13,7	 x13:0x00000001 x13=0x00000008
        5605000	       559	800008bc	0069f233	and	x4,x19,x6	 x19:0xffffb40c  x6:0x00000635  x4=0x00000404
        5615000	       560	800008c0	ffe6c8e3	blt	x13,x30,800008b0	 x13:0x00000008 x30:0x0000000c
        5625000	       561	00000000	00000013	addi	x0,x0,0	  x0:0x00000000
        5635000	       562	800008ac	00000013	addi	x0,x0,0	  x0:0x00000000
        5645000	       563	800008b0	017ae333	or	x6,x21,x23	 x21:0x00000004 x23:0x00000631  x6=0x00000635
        5655000	       564	800008b4	01fa7b33	and	x22,x20,x31	 x20:0xfffffff3 x31:0x00000000 x22=0x00000000
        5665000	       565	800008b8	00768693	addi	x13,x13,7	 x13:0x00000008 x13=0x0000000f
        5675000	       566	800008bc	0069f233	and	x4,x19,x6	 x19:0xffffb40c  x6:0x00000635  x4=0x00000404
        5685000	       567	800008c0	ffe6c8e3	blt	x13,x30,800008b0	 x13:0x0000000f x30:0x0000000c
        5695000	       568	800008c4	e60ae713	ori	x14,x21,-416	 x21:0x00000004 x14=0xfffffe64
        5705000	       569	800008c8	fd8466e3	bltu	x8,x24,80000894	  x8:0x00000012 x24:0x00000012
        5715000	       570	800008cc	b8910a13	addi	x20,x2,-1143	  x2:0x80009fc4 x20=0x80009b4d
        5725000	       571	800008d0	ffa00493	addi	x9,x0,-6	  x0:0x00000000  x9=0xfffffffa
        5735000	       572	800008d4	00724233	xor	x4,x4,x7	  x4:0x00000404  x7:0x00000631  x4=0x00000235
        5745000	       573	800008d8	a4520693	addi	x13,x4,-1467	  x4:0x00000235 x13=0xfffffc7a
        5755000	       574	800008dc	402c5a13	srai	x20,x24,0x2	 x24:0x00000012 x20=0x00000004
        5765000	       575	800008e0	ffd00f13	addi	x30,x0,-3	  x0:0x00000000 x30=0xfffffffd
        5775000	       576	800008e4	012ac813	xori	x16,x21,18	 x21:0x00000004 x16=0x00000016
        5785000	       577	800008e8	00148493	addi	x9,x9,1	  x9:0xfffffffa  x9=0xfffffffb
        5795000	       578	800008ec	408a86b3	sub	x13,x21,x8	 x21:0x00000004  x8:0x00000012 x13=0xfffffff2
        5805000	       579	800008f0	fff00413	addi	x8,x0,-1	  x0:0x00000000  x8=0xffffffff
        5815000	       580	800008f4	2057c513	xori	x10,x15,517	 x15:0x7c311cc3 x10=0x7c311ec6
        5825000	       581	800008f8	002f2c33	slt	x24,x30,x2	 x30:0xfffffffd  x2:0x80009fc4 x24=0x00000000
        5835000	       582	800008fc	00289e93	slli	x29,x17,0x2	 x17:0x80009f20 x29=0x00027c80
        5845000	       583	80000900	3c728013	addi	x0,x5,967	  x5:0xf78adfde
        5855000	       584	80000904	fed00e13	addi	x28,x0,-19	  x0:0x00000000 x28=0xffffffed
        5865000	       585	80000908	3a4e4813	xori	x16,x28,932	 x28:0xffffffed x16=0xfffffc49
        5875000	       586	8000090c	40ce5593	srai	x11,x28,0xc	 x28:0xffffffed x11=0xffffffff
        5885000	       587	80000910	ff740413	addi	x8,x8,-9	  x8:0xffffffff  x8=0xfffffff6
        5895000	       588	80000914	ffc40ae3	beq	x8,x28,80000908	  x8:0xfffffff6 x28:0xffffffed
        5905000	       589	80000918	5fb93213	sltiu	x4,x18,1531	 x18:0x00000000  x4=0x00000001
        5915000	       590	8000091c	00b151b3	srl	x3,x2,x11	  x2:0x80009fc4 x11:0xffffffff  x3=0x00000001
        5925000	       591	80000920	4086dd93	srai	x27,x13,0x8	 x13:0xfffffff2 x27=0xffffffff
        5935000	       592	80000924	4133da13	srai	x20,x7,0x13	  x7:0x00000631 x20=0x00000000
        5945000	       593	80000928	fbe48ee3	beq	x9,x30,800008e4	  x9:0xfffffffb x30:0xfffffffd
        5955000	       594	8000092c	016951b3	srl	x3,x18,x22	 x18:0x00000000 x22:0x00000000  x3=0x00000000
        5965000	       595	80000930	00700a13	addi	x20,x0,7	  x0:0x00000000 x20=0x00000007
        5975000	       596	80000934	ba77ae93	slti	x29,x15,-1113	 x15:0x7c311cc3 x29=0x00000000
        5985000	       597	80000938	00700c93	addi	x25,x0,7	  x0:0x00000000 x25=0x00000007
        5995000	       598	8000093c	40e8d513	srai	x10,x17,0xe	 x17:0x80009f20 x10=0xfffe0002
        6005000	       599	80000940	dd72c013	xori	x0,x5,-553	  x5:0xf78adfde
        6015000	       600	80000944	ffaa0a13	addi	x20,x20,-6	 x20:0x00000007 x20=0x00000001
        6025000	       601	80000948	00800d13	addi	x26,x0,8	  x0:0x00000000 x26=0x00000008
        6035000	       602	8000094c	007e1913	slli	x18,x28,0x7	 x28:0xffffffed x18=0xfffff680
        6045000	       603	80000950	00c00f13	addi	x30,x0,12	  x0:0x00000000 x30=0x0000000c
        6055000	       604	80000954	fb9a2e93	slti	x29,x20,-71	 x20:0x00000001 x29=0x00000000
        6065000	       605	80000958	68e96813	ori	x16,x18,1678	 x18:0xfffff680 x16=0xfffff68e
        6075000	       606	8000095c	004d0d13	addi	x26,x26,4	 x26:0x00000008 x26=0x0000000c
        6085000	       607	80000960	ffed6ae3	bltu	x26,x30,80000954	 x26:0x0000000c x30:0x0000000c
        6095000	       608	80000964	fd9a7ee3	bgeu	x20,x25,80000940	 x20:0x00000001 x25:0x00000007
        6105000	       609	80000968	82fda637	lui	x12,0x82fda	 x12=0x82fda000
        6115000	       610	8000096c	ffa00093	addi	x1,x0,-6	  x0:0x00000000  x1=0xfffffffa
        6125000	       611	80000970	06202b93	slti	x23,x0,98	  x0:0x00000000 x23=0x00000001
        6135000	       612	80000974	ff200d13	addi	x26,x0,-14	  x0:0x00000000 x26=0xfffffff2
        6145000	       613	80000978	d218bb37	lui	x22,0xd218b	 x22=0xd218b000
        6155000	       614	8000097c	97fa26b7	lui	x13,0x97fa2	 x13=0x97fa2000
        6165000	       615	80000980	00000013	addi	x0,x0,0	  x0:0x00000000
        6175000	       616	80000984	01253633	sltu	x12,x10,x18	 x10:0xfffe0002 x18:0xfffff680 x12=0x00000001
        6185000	       617	80000988	62317193	andi	x3,x2,1571	  x2:0x80009fc4  x3=0x00000600
        6195000	       618	8000098c	004e3c33	sltu	x24,x28,x4	 x28:0xffffffed  x4:0x00000001 x24=0x00000000
        6205000	       619	80000990	3dafa393	slti	x7,x31,986	 x31:0x00000000  x7=0x00000001
        6215000	       620	80000994	7088e393	ori	x7,x17,1800	 x17:0x80009f20  x7=0x80009f28
        6225000	       621	80000998	4022dc13	srai	x24,x5,0x2	  x5:0xf78adfde x24=0xfde2b7f7
        6235000	       622	8000099c	000409b3	add	x19,x8,x0	  x8:0xfffffff6  x0:0x00000000 x19=0xfffffff6
        6245000	       623	800009a0	01419e13	slli	x28,x3,0x14	  x3:0x00000600 x28=0x60000000
        6255000	       624	800009a4	c9c5f693	andi	x13,x11,-868	 x11:0xffffffff x13=0xfffffc9c
        6265000	       625	800009a8	3274b993	sltiu	x19,x9,807	  x9:0xfffffffb x19=0x00000000
        6275000	       626	800009ac	ffe08093	addi	x1,x1,-2	  x1:0xfffffffa  x1=0xfffffff8
        6285000	       627	800009b0	41a55e93	srai	x29,x10,0x1a	 x10:0xfffe0002 x29=0xffffffff
        6295000	       628	800009b4	412d5293	srai	x5,x26,0x12	 x26:0xfffffff2  x5=0xffffffff
        6305000	       629	800009b8	405454b3	sra	x9,x8,x5	  x8:0xfffffff6  x5:0xffffffff  x9=0xffffffff
        6315000	       630	800009bc	00429193	slli	x3,x5,0x4	  x5:0xffffffff  x3=0xfffffff0
        6325000	       631	800009c0	fda096e3	bne	x1,x26,8000098c	  x1:0xfffffff8 x26:0xfffffff2
        6335000	       632	00000000	00000013	addi	x0,x0,0	  x0:0x00000000
        6345000	       633	80000988	00000013	addi	x0,x0,0	  x0:0x00000000
        6355000	       634	8000098c	004e3c33	sltu	x24,x28,x4	 x28:0x60000000  x4:0x00000001 x24=0x00000000
        6365000	       635	80000990	3dafa393	slti	x7,x31,986	 x31:0x00000000  x7=0x00000001
        6375000	       636	80000994	7088e393	ori	x7,x17,1800	 x17:0x80009f20  x7=0x80009f28
        6385000	       637	80000998	4022dc13	srai	x24,x5,0x2	  x5:0xffffffff x24=0xffffffff
        6395000	       638	8000099c	000409b3	add	x19,x8,x0	  x8:0xfffffff6  x0:0x00000000 x19=0xfffffff6
        6405000	       639	800009a0	01419e13	slli	x28,x3,0x14	  x3:0xfffffff0 x28=0xff000000
        6415000	       640	800009a4	c9c5f693	andi	x13,x11,-868	 x11:0xffffffff x13=0xfffffc9c
        6425000	       641	800009a8	3274b993	sltiu	x19,x9,807	  x9:0xffffffff x19=0x00000000
        6435000	       642	800009ac	ffe08093	addi	x1,x1,-2	  x1:0xfffffff8  x1=0xfffffff6
        6445000	       643	800009b0	41a55e93	srai	x29,x10,0x1a	 x10:0xfffe0002 x29=0xffffffff
        6455000	       644	800009b4	412d5293	srai	x5,x26,0x12	 x26:0xfffffff2  x5=0xffffffff
        6465000	       645	800009b8	405454b3	sra	x9,x8,x5	  x8:0xfffffff6  x5:0xffffffff  x9=0xffffffff
        6475000	       646	800009bc	00429193	slli	x3,x5,0x4	  x5:0xffffffff  x3=0xfffffff0
        6485000	       647	800009c0	fda096e3	bne	x1,x26,8000098c	  x1:0xfffffff6 x26:0xfffffff2
        6495000	       648	00000000	00000013	addi	x0,x0,0	  x0:0x00000000
        6505000	       649	80000988	00000013	addi	x0,x0,0	  x0:0x00000000
        6515000	       650	8000098c	004e3c33	sltu	x24,x28,x4	 x28:0xff000000  x4:0x00000001 x24=0x00000000
        6525000	       651	80000990	3dafa393	slti	x7,x31,986	 x31:0x00000000  x7=0x00000001
        6535000	       652	80000994	7088e393	ori	x7,x17,1800	 x17:0x80009f20  x7=0x80009f28
        6545000	       653	80000998	4022dc13	srai	x24,x5,0x2	  x5:0xffffffff x24=0xffffffff
        6555000	       654	8000099c	000409b3	add	x19,x8,x0	  x8:0xfffffff6  x0:0x00000000 x19=0xfffffff6
        6565000	       655	800009a0	01419e13	slli	x28,x3,0x14	  x3:0xfffffff0 x28=0xff000000
        6575000	       656	800009a4	c9c5f693	andi	x13,x11,-868	 x11:0xffffffff x13=0xfffffc9c
        6585000	       657	800009a8	3274b993	sltiu	x19,x9,807	  x9:0xffffffff x19=0x00000000
        6595000	       658	800009ac	ffe08093	addi	x1,x1,-2	  x1:0xfffffff6  x1=0xfffffff4
        6605000	       659	800009b0	41a55e93	srai	x29,x10,0x1a	 x10:0xfffe0002 x29=0xffffffff
        6615000	       660	800009b4	412d5293	srai	x5,x26,0x12	 x26:0xfffffff2  x5=0xffffffff
        6625000	       661	800009b8	405454b3	sra	x9,x8,x5	  x8:0xfffffff6  x5:0xffffffff  x9=0xffffffff
        6635000	       662	800009bc	00429193	slli	x3,x5,0x4	  x5:0xffffffff  x3=0xfffffff0
        6645000	       663	800009c0	fda096e3	bne	x1,x26,8000098c	  x1:0xfffffff4 x26:0xfffffff2
        6655000	       664	00000000	00000013	addi	x0,x0,0	  x0:0x00000000
        6665000	       665	80000988	00000013	addi	x0,x0,0	  x0:0x00000000
        6675000	       666	8000098c	004e3c33	sltu	x24,x28,x4	 x28:0xff000000  x4:0x00000001 x24=0x00000000
        6685000	       667	80000990	3dafa393	slti	x7,x31,986	 x31:0x00000000  x7=0x00000001
        6695000	       668	80000994	7088e393	ori	x7,x17,1800	 x17:0x80009f20  x7=0x80009f28
        6705000	       669	80000998	4022dc13	srai	x24,x5,0x2	  x5:0xffffffff x24=0xffffffff
        6715000	       670	8000099c	000409b3	add	x19,x8,x0	  x8:0xfffffff6  x0:0x00000000 x19=0xfffffff6
        6725000	       671	800009a0	01419e13	slli	x28,x3,0x14	  x3:0xfffffff0 x28=0xff000000
        6735000	       672	800009a4	c9c5f693	andi	x13,x11,-868	 x11:0xffffffff x13=0xfffffc9c
        6745000	       673	800009a8	3274b993	sltiu	x19,x9,807	  x9:0xffffffff x19=0x00000000
        6755000	       674	800009ac	ffe08093	addi	x1,x1,-2	  x1:0xfffffff4  x1=0xfffffff2
        6765000	       675	800009b0	41a55e93	srai	x29,x10,0x1a	 x10:0xfffe0002 x29=0xffffffff
        6775000	       676	800009b4	412d5293	srai	x5,x26,0x12	 x26:0xfffffff2  x5=0xffffffff
        6785000	       677	800009b8	405454b3	sra	x9,x8,x5	  x8:0xfffffff6  x5:0xffffffff  x9=0xffffffff
        6795000	       678	800009bc	00429193	slli	x3,x5,0x4	  x5:0xffffffff  x3=0xfffffff0
        6805000	       679	800009c0	fda096e3	bne	x1,x26,8000098c	  x1:0xfffffff2 x26:0xfffffff2
        6815000	       680	800009c4	754cf9b7	lui	x19,0x754cf	 x19=0x754cf000
        6825000	       681	800009c8	00200913	addi	x18,x0,2	  x0:0x00000000 x18=0x00000002
        6835000	       682	800009cc	747a0f93	addi	x31,x20,1863	 x20:0x00000001 x31=0x00000748
        6845000	       683	800009d0	d455fd37	lui	x26,0xd455f	 x26=0xd455f000
        6855000	       684	800009d4	00c01993	slli	x19,x0,0xc	  x0:0x00000000 x19=0x00000000
        6865000	       685	800009d8	001f7733	and	x14,x30,x1	 x30:0x0000000c  x1:0xfffffff2 x14=0x00000000
        6875000	       686	800009dc	0199d033	srl	x0,x19,x25	 x19:0x00000000 x25:0x00000007
        6885000	       687	800009e0	45e63c93	sltiu	x25,x12,1118	 x12:0x00000001 x25=0x00000001
        6895000	       688	800009e4	74044317	auipc	x6,0x74044	  x6=0xf40449e0
        6905000	       689	800009e8	0164ceb3	xor	x29,x9,x22	  x9:0xffffffff x22:0xd218b000 x29=0x2de74fff
        6915000	       690	800009ec	ffc00b93	addi	x23,x0,-4	  x0:0x00000000 x23=0xfffffffc
        6925000	       691	800009f0	006adeb3	srl	x29,x21,x6	 x21:0x00000004  x6:0xf40449e0 x29=0x00000004
        6935000	       692	800009f4	a844c313	xori	x6,x9,-1404	  x9:0xffffffff  x6=0x0000057b
        6945000	       693	800009f8	e7de0d93	addi	x27,x28,-387	 x28:0xff000000 x27=0xfefffe7d
        6955000	       694	800009fc	0196eb33	or	x22,x13,x25	 x13:0xfffffc9c x25:0x00000001 x22=0xfffffc9d
        6965000	       695	80000a00	786acd37	lui	x26,0x786ac	 x26=0x786ac000
        6975000	       696	80000a04	ffa90913	addi	x18,x18,-6	 x18:0x00000002 x18=0xfffffffc
        6985000	       697	80000a08	cb3f8d93	addi	x27,x31,-845	 x31:0x00000748 x27=0x000003fb
        6995000	       698	80000a0c	4094d633	sra	x12,x9,x9	  x9:0xffffffff  x9:0xffffffff x12=0xffffffff
        7005000	       699	80000a10	41850ab3	sub	x21,x10,x24	 x10:0xfffe0002 x24:0xffffffff x21=0xfffe0003
        7015000	       700	80000a14	01f6f1b3	and	x3,x13,x31	 x13:0xfffffc9c x31:0x00000748  x3=0x00000408
        7025000	       701	80000a18	ff7912e3	bne	x18,x23,800009fc	 x18:0xfffffffc x23:0xfffffffc
        7035000	       702	80000a1c	01587533	and	x10,x16,x21	 x16:0xfffff68e x21:0xfffe0003 x10=0xfffe0002
        7045000	       703	80000a20	ffd00c93	addi	x25,x0,-3	  x0:0x00000000 x25=0xfffffffd
        7055000	       704	80000a24	01c614b3	sll	x9,x12,x28	 x12:0xffffffff x28:0xff000000  x9=0xffffffff
        7065000	       705	80000a28	00e00413	addi	x8,x0,14	  x0:0x00000000  x8=0x0000000e
        7075000	       706	80000a2c	00000013	addi	x0,x0,0	  x0:0x00000000
        7085000	       707	80000a30	00204933	xor	x18,x0,x2	  x0:0x00000000  x2:0x80009fc4 x18=0x80009fc4
        7095000	       708	80000a34	0140c213	xori	x4,x1,20	  x1:0xfffffff2  x4=0xffffffe6
        7105000	       709	80000a38	40acde33	sra	x28,x25,x10	 x25:0xfffffffd x10:0xfffe0002 x28=0xffffffff
        7115000	       710	80000a3c	009c8c93	addi	x25,x25,9	 x25:0xfffffffd x25=0x00000006
        7125000	       711	80000a40	fe8ceae3	bltu	x25,x8,80000a34	 x25:0x00000006  x8:0x0000000e
        7135000	       712	00000000	00000013	addi	x0,x0,0	  x0:0x00000000
        7145000	       713	80000a30	00000013	addi	x0,x0,0	  x0:0x00000000
        7155000	       714	80000a34	0140c213	xori	x4,x1,20	  x1:0xfffffff2  x4=0xffffffe6
        7165000	       715	80000a38	40acde33	sra	x28,x25,x10	 x25:0x00000006 x10:0xfffe0002 x28=0x00000001
        7175000	       716	80000a3c	009c8c93	addi	x25,x25,9	 x25:0x00000006 x25=0x0000000f
        7185000	       717	80000a40	fe8ceae3	bltu	x25,x8,80000a34	 x25:0x0000000f  x8:0x0000000e
        7195000	       718	80000a44	00000013	addi	x0,x0,0	  x0:0x00000000
        7205000	       719	80000a48	ffc00093	addi	x1,x0,-4	  x0:0x00000000  x1=0xfffffffc
        7215000	       720	80000a4c	405b0333	sub	x6,x22,x5	 x22:0xfffffc9d  x5:0xffffffff  x6=0xfffffc9e
        7225000	       721	80000a50	41968fb3	sub	x31,x13,x25	 x13:0xfffffc9c x25:0x0000000f x31=0xfffffc8d
        7235000	       722	80000a54	01934db3	xor	x27,x6,x25	  x6:0xfffffc9e x25:0x0000000f x27=0xfffffc91
        7245000	       723	80000a58	41cf5e93	srai	x29,x30,0x1c	 x30:0x0000000c x29=0x00000000
        7255000	       724	80000a5c	01200a13	addi	x20,x0,18	  x0:0x00000000 x20=0x00000012
        7265000	       725	80000a60	b207e913	ori	x18,x15,-1248	 x15:0x7c311cc3 x18=0xffffffe3
        7275000	       726	80000a64	b01be193	ori	x3,x23,-1279	 x23:0xfffffffc  x3=0xfffffffd
        7285000	       727	80000a68	00000013	addi	x0,x0,0	  x0:0x00000000
        7295000	       728	80000a6c	c272ee97	auipc	x29,0xc272e	 x29=0x4272ea68
        7305000	       729	80000a70	4e846293	ori	x5,x8,1256	  x8:0x0000000e  x5=0x000004ee
        7315000	       730	80000a74	00631213	slli	x4,x6,0x6	  x6:0xfffffc9e  x4=0xffff2780
        7325000	       731	80000a78	00a08093	addi	x1,x1,10	  x1:0xfffffffc  x1=0x00000006
        7335000	       732	80000a7c	01ed53b3	srl	x7,x26,x30	 x26:0x786ac000 x30:0x0000000c  x7=0x000786ac
        7345000	       733	80000a80	16e5f297	auipc	x5,0x16e5f	  x5=0x96e5fa7c
        7355000	       734	80000a84	0189a4b3	slt	x9,x19,x24	 x19:0x00000000 x24:0xffffffff  x9=0x00000000
        7365000	       735	80000a88	28238b13	addi	x22,x7,642	  x7:0x000786ac x22=0x0007892e
        7375000	       736	80000a8c	81898313	addi	x6,x19,-2024	 x19:0x00000000  x6=0xfffff818
        7385000	       737	80000a90	01e881b3	add	x3,x17,x30	 x17:0x80009f20 x30:0x0000000c  x3=0x80009f2c
        7395000	       738	80000a94	01a64eb3	xor	x29,x12,x26	 x12:0xffffffff x26:0x786ac000 x29=0x87953fff
        7405000	       739	80000a98	41c402b3	sub	x5,x8,x28	  x8:0x0000000e x28:0x00000001  x5=0x0000000d
        7415000	       740	80000a9c	75fe8013	addi	x0,x29,1887	 x29:0x87953fff
        7425000	       741	80000aa0	fd40c0e3	blt	x1,x20,80000a60	  x1:0x00000006 x20:0x00000012
        7435000	       742	00000000	00000013	addi	x0,x0,0	  x0:0x00000000
        7445000	       743	80000a5c	00000013	addi	x0,x0,0	  x0:0x00000000
        7455000	       744	80000a60	b207e913	ori	x18,x15,-1248	 x15:0x7c311cc3 x18=0xffffffe3
        7465000	       745	80000a64	b01be193	ori	x3,x23,-1279	 x23:0xfffffffc  x3=0xfffffffd
        7475000	       746	80000a68	00000013	addi	x0,x0,0	  x0:0x00000000
        7485000	       747	80000a6c	c272ee97	auipc	x29,0xc272e	 x29=0x4272ea68
        7495000	       748	80000a70	4e846293	ori	x5,x8,1256	  x8:0x0000000e  x5=0x000004ee
        7505000	       749	80000a74	00631213	slli	x4,x6,0x6	  x6:0xfffff818  x4=0xfffe0600
        7515000	       750	80000a78	00a08093	addi	x1,x1,10	  x1:0x00000006  x1=0x00000010
        7525000	       751	80000a7c	01ed53b3	srl	x7,x26,x30	 x26:0x786ac000 x30:0x0000000c  x7=0x000786ac
        7535000	       752	80000a80	16e5f297	auipc	x5,0x16e5f	  x5=0x96e5fa7c
        7545000	       753	80000a84	0189a4b3	slt	x9,x19,x24	 x19:0x00000000 x24:0xffffffff  x9=0x00000000
        7555000	       754	80000a88	28238b13	addi	x22,x7,642	  x7:0x000786ac x22=0x0007892e
        7565000	       755	80000a8c	81898313	addi	x6,x19,-2024	 x19:0x00000000  x6=0xfffff818
        7575000	       756	80000a90	01e881b3	add	x3,x17,x30	 x17:0x80009f20 x30:0x0000000c  x3=0x80009f2c
        7585000	       757	80000a94	01a64eb3	xor	x29,x12,x26	 x12:0xffffffff x26:0x786ac000 x29=0x87953fff
        7595000	       758	80000a98	41c402b3	sub	x5,x8,x28	  x8:0x0000000e x28:0x00000001  x5=0x0000000d
        7605000	       759	80000a9c	75fe8013	addi	x0,x29,1887	 x29:0x87953fff
        7615000	       760	80000aa0	fd40c0e3	blt	x1,x20,80000a60	  x1:0x00000010 x20:0x00000012
        7625000	       761	00000000	00000013	addi	x0,x0,0	  x0:0x00000000
        7635000	       762	80000a5c	00000013	addi	x0,x0,0	  x0:0x00000000
        7645000	       763	80000a60	b207e913	ori	x18,x15,-1248	 x15:0x7c311cc3 x18=0xffffffe3
        7655000	       764	80000a64	b01be193	ori	x3,x23,-1279	 x23:0xfffffffc  x3=0xfffffffd
        7665000	       765	80000a68	00000013	addi	x0,x0,0	  x0:0x00000000
        7675000	       766	80000a6c	c272ee97	auipc	x29,0xc272e	 x29=0x4272ea68
        7685000	       767	80000a70	4e846293	ori	x5,x8,1256	  x8:0x0000000e  x5=0x000004ee
        7695000	       768	80000a74	00631213	slli	x4,x6,0x6	  x6:0xfffff818  x4=0xfffe0600
        7705000	       769	80000a78	00a08093	addi	x1,x1,10	  x1:0x00000010  x1=0x0000001a
        7715000	       770	80000a7c	01ed53b3	srl	x7,x26,x30	 x26:0x786ac000 x30:0x0000000c  x7=0x000786ac
        7725000	       771	80000a80	16e5f297	auipc	x5,0x16e5f	  x5=0x96e5fa7c
        7735000	       772	80000a84	0189a4b3	slt	x9,x19,x24	 x19:0x00000000 x24:0xffffffff  x9=0x00000000
        7745000	       773	80000a88	28238b13	addi	x22,x7,642	  x7:0x000786ac x22=0x0007892e
        7755000	       774	80000a8c	81898313	addi	x6,x19,-2024	 x19:0x00000000  x6=0xfffff818
        7765000	       775	80000a90	01e881b3	add	x3,x17,x30	 x17:0x80009f20 x30:0x0000000c  x3=0x80009f2c
        7775000	       776	80000a94	01a64eb3	xor	x29,x12,x26	 x12:0xffffffff x26:0x786ac000 x29=0x87953fff
        7785000	       777	80000a98	41c402b3	sub	x5,x8,x28	  x8:0x0000000e x28:0x00000001  x5=0x0000000d
        7795000	       778	80000a9c	75fe8013	addi	x0,x29,1887	 x29:0x87953fff
        7805000	       779	80000aa0	fd40c0e3	blt	x1,x20,80000a60	  x1:0x0000001a x20:0x00000012
        7815000	       780	80000aa4	ae0eb593	sltiu	x11,x29,-1312	 x29:0x87953fff x11=0x00000001
        7825000	       781	80000aa8	00a00b13	addi	x22,x0,10	  x0:0x00000000 x22=0x0000000a
        7835000	       782	80000aac	01661033	sll	x0,x12,x22	 x12:0xffffffff x22:0x0000000a
        7845000	       783	80000ab0	011d3833	sltu	x16,x26,x17	 x26:0x786ac000 x17:0x80009f20 x16=0x00000001
        7855000	       784	80000ab4	d9e98193	addi	x3,x19,-610	 x19:0x00000000  x3=0xfffffd9e
        7865000	       785	80000ab8	00900293	addi	x5,x0,9	  x0:0x00000000  x5=0x00000009
        7875000	       786	80000abc	006a2fb3	slt	x31,x20,x6	 x20:0x00000012  x6:0xfffff818 x31=0x00000000
        7885000	       787	80000ac0	01d57db3	and	x27,x10,x29	 x10:0xfffe0002 x29:0x87953fff x27=0x87940002
        7895000	       788	80000ac4	d05d6c13	ori	x24,x26,-763	 x26:0x786ac000 x24=0xfffffd05
        7905000	       789	80000ac8	ff8b0b13	addi	x22,x22,-8	 x22:0x0000000a x22=0x00000002
        7915000	       790	80000acc	00000013	addi	x0,x0,0	  x0:0x00000000
        7925000	       791	80000ad0	4073dc13	srai	x24,x7,0x7	  x7:0x000786ac x24=0x00000f0d
        7935000	       792	80000ad4	410905b3	sub	x11,x18,x16	 x18:0xffffffe3 x16:0x00000001 x11=0xffffffe2
        7945000	       793	80000ad8	ff700a13	addi	x20,x0,-9	  x0:0x00000000 x20=0xfffffff7
        7955000	       794	80000adc	78ef23b7	lui	x7,0x78ef2	  x7=0x78ef2000
        7965000	       795	80000ae0	fee00f13	addi	x30,x0,-18	  x0:0x00000000 x30=0xffffffee
        7975000	       796	80000ae4	01835eb3	srl	x29,x6,x24	  x6:0xfffff818 x24:0x00000f0d x29=0x0007ffff
        7985000	       797	80000ae8	00fa0233	add	x4,x20,x15	 x20:0xfffffff7 x15:0x7c311cc3  x4=0x7c311cba
        7995000	       798	80000aec	0035fe33	and	x28,x11,x3	 x11:0xffffffe2  x3:0xfffffd9e x28=0xfffffd82
        8005000	       799	80000af0	405a8e33	sub	x28,x21,x5	 x21:0xfffe0003  x5:0x00000009 x28=0xfffdfffa
        8015000	       800	80000af4	ff7a0a13	addi	x20,x20,-9	 x20:0xfffffff7 x20=0xffffffee
        8025000	       801	80000af8	009bb1b3	sltu	x3,x23,x9	 x23:0xfffffffc  x9:0x00000000  x3=0x00000000
        8035000	       802	80000afc	fd29b813	sltiu	x16,x19,-46	 x19:0x00000000 x16=0x00000001
        8045000	       803	80000b00	015563b3	or	x7,x10,x21	 x10:0xfffe0002 x21:0xfffe0003  x7=0xfffe0003
        8055000	       804	80000b04	012ffcb3	and	x25,x31,x18	 x31:0x00000000 x18:0xffffffe3 x25=0x00000000
        8065000	       805	80000b08	ffea02e3	beq	x20,x30,80000aec	 x20:0xffffffee x30:0xffffffee
        8075000	       806	00000000	00000013	addi	x0,x0,0	  x0:0x00000000
        8085000	       807	80000ae8	00000013	addi	x0,x0,0	  x0:0x00000000
        8095000	       808	80000aec	0035fe33	and	x28,x11,x3	 x11:0xffffffe2  x3:0x00000000 x28=0x00000000
        8105000	       809	80000af0	405a8e33	sub	x28,x21,x5	 x21:0xfffe0003  x5:0x00000009 x28=0xfffdfffa
        8115000	       810	80000af4	ff7a0a13	addi	x20,x20,-9	 x20:0xffffffee x20=0xffffffe5
        8125000	       811	80000af8	009bb1b3	sltu	x3,x23,x9	 x23:0xfffffffc  x9:0x00000000  x3=0x00000000
        8135000	       812	80000afc	fd29b813	sltiu	x16,x19,-46	 x19:0x00000000 x16=0x00000001
        8145000	       813	80000b00	015563b3	or	x7,x10,x21	 x10:0xfffe0002 x21:0xfffe0003  x7=0xfffe0003
        8155000	       814	80000b04	012ffcb3	and	x25,x31,x18	 x31:0x00000000 x18:0xffffffe3 x25=0x00000000
        8165000	       815	80000b08	ffea02e3	beq	x20,x30,80000aec	 x20:0xffffffe5 x30:0xffffffee
        8175000	       816	80000b0c	fa5b7ce3	bgeu	x22,x5,80000ac4	 x22:0x00000002  x5:0x00000009
        8185000	       817	80000b10	9431ea93	ori	x21,x3,-1725	  x3:0x00000000 x21=0xfffff943
        8195000	       818	80000b14	00300913	addi	x18,x0,3	  x0:0x00000000 x18=0x00000003
        8205000	       819	80000b18	41b8d1b3	sra	x3,x17,x27	 x17:0x80009f20 x27:0x87940002  x3=0xe00027c8
        8215000	       820	80000b1c	e68cef13	ori	x30,x25,-408	 x25:0x00000000 x30=0xfffffe68
        8225000	       821	80000b20	01f8ed33	or	x26,x17,x31	 x17:0x80009f20 x31:0x00000000 x26=0x80009f20
        8235000	       822	80000b24	41fe5d93	srai	x27,x28,0x1f	 x28:0xfffdfffa x27=0xffffffff
        8245000	       823	80000b28	ffa00593	addi	x11,x0,-6	  x0:0x00000000 x11=0xfffffffa
        8255000	       824	80000b2c	01bf5d33	srl	x26,x30,x27	 x30:0xfffffe68 x27:0xffffffff x26=0x00000001
        8265000	       825	80000b30	4d857d13	andi	x26,x10,1240	 x10:0xfffe0002 x26=0x00000000
        8275000	       826	80000b34	001a72b3	and	x5,x20,x1	 x20:0xffffffe5  x1:0x0000001a  x5=0x00000000
        8285000	       827	80000b38	ff790913	addi	x18,x18,-9	 x18:0x00000003 x18=0xfffffffa
        8295000	       828	80000b3c	bc810493	addi	x9,x2,-1080	  x2:0x80009fc4  x9=0x80009b8c
        8305000	       829	80000b40	000a9ab3	sll	x21,x21,x0	 x21:0xfffff943  x0:0x00000000 x21=0xfffff943
        8315000	       830	80000b44	04650613	addi	x12,x10,70	 x10:0xfffe0002 x12=0xfffe0048
        8325000	       831	80000b48	011cbeb3	sltu	x29,x25,x17	 x25:0x00000000 x17:0x80009f20 x29=0x00000001
        8335000	       832	80000b4c	00000013	addi	x0,x0,0	  x0:0x00000000
        8345000	       833	80000b50	a65be613	ori	x12,x23,-1435	 x23:0xfffffffc x12=0xfffffffd
        8355000	       834	80000b54	feb900e3	beq	x18,x11,80000b34	 x18:0xfffffffa x11:0xfffffffa
        8365000	       835	00000000	00000013	addi	x0,x0,0	  x0:0x00000000
        8375000	       836	80000b30	00000013	addi	x0,x0,0	  x0:0x00000000
        8385000	       837	80000b34	001a72b3	and	x5,x20,x1	 x20:0xffffffe5  x1:0x0000001a  x5=0x00000000
        8395000	       838	80000b38	ff790913	addi	x18,x18,-9	 x18:0xfffffffa x18=0xfffffff1
        8405000	       839	80000b3c	bc810493	addi	x9,x2,-1080	  x2:0x80009fc4  x9=0x80009b8c
        8415000	       840	80000b40	000a9ab3	sll	x21,x21,x0	 x21:0xfffff943  x0:0x00000000 x21=0xfffff943
        8425000	       841	80000b44	04650613	addi	x12,x10,70	 x10:0xfffe0002 x12=0xfffe0048
        8435000	       842	80000b48	011cbeb3	sltu	x29,x25,x17	 x25:0x00000000 x17:0x80009f20 x29=0x00000001
        8445000	       843	80000b4c	00000013	addi	x0,x0,0	  x0:0x00000000
        8455000	       844	80000b50	a65be613	ori	x12,x23,-1435	 x23:0xfffffffc x12=0xfffffffd
        8465000	       845	80000b54	feb900e3	beq	x18,x11,80000b34	 x18:0xfffffff1 x11:0xfffffffa
        8475000	       846	80000b58	00a21413	slli	x8,x4,0xa	  x4:0x7c311cba  x8=0xc472e800
        8485000	       847	80000b5c	00800093	addi	x1,x0,8	  x0:0x00000000  x1=0x00000008
        8495000	       848	80000b60	5dbff613	andi	x12,x31,1499	 x31:0x00000000 x12=0x00000000
        8505000	       849	80000b64	00137533	and	x10,x6,x1	  x6:0xfffff818  x1:0x00000008 x10=0x00000008
        8515000	       850	80000b68	00500913	addi	x18,x0,5	  x0:0x00000000 x18=0x00000005
        8525000	       851	80000b6c	001a0a33	add	x20,x20,x1	 x20:0xffffffe5  x1:0x00000008 x20=0xffffffed
        8535000	       852	80000b70	01c89013	slli	x0,x17,0x1c	 x17:0x80009f20
        8545000	       853	80000b74	ffd08093	addi	x1,x1,-3	  x1:0x00000008  x1=0x00000005
        8555000	       854	80000b78	40aa0733	sub	x14,x20,x10	 x20:0xffffffed x10:0x00000008 x14=0xffffffe5
        8565000	       855	80000b7c	c1ea2bb7	lui	x23,0xc1ea2	 x23=0xc1ea2000
        8575000	       856	80000b80	58267393	andi	x7,x12,1410	 x12:0x00000000  x7=0x00000000
        8585000	       857	80000b84	10650693	addi	x13,x10,262	 x10:0x00000008 x13=0x0000010e
        8595000	       858	80000b88	003d9cb3	sll	x25,x27,x3	 x27:0xffffffff  x3:0xe00027c8 x25=0xffffff00
        8605000	       859	80000b8c	94267ab7	lui	x21,0x94267	 x21=0x94267000
        8615000	       860	80000b90	00700c13	addi	x24,x0,7	  x0:0x00000000 x24=0x00000007
        8625000	       861	80000b94	00e11693	slli	x13,x2,0xe	  x2:0x80009fc4 x13=0x27f10000
        8635000	       862	80000b98	00700993	addi	x19,x0,7	  x0:0x00000000 x19=0x00000007
        8645000	       863	80000b9c	00fd9db3	sll	x27,x27,x15	 x27:0xffffffff x15:0x7c311cc3 x27=0xfffffff8
        8655000	       864	80000ba0	4128d313	srai	x6,x17,0x12	 x17:0x80009f20  x6=0xffffe000
        8665000	       865	80000ba4	00000013	addi	x0,x0,0	  x0:0x00000000
        8675000	       866	80000ba8	00b01193	slli	x3,x0,0xb	  x0:0x00000000  x3=0x00000000
        8685000	       867	80000bac	00000013	addi	x0,x0,0	  x0:0x00000000
        8695000	       868	80000bb0	00a29513	slli	x10,x5,0xa	  x5:0x00000000 x10=0x00000000
        8705000	       869	80000bb4	01bf8fb3	add	x31,x31,x27	 x31:0x00000000 x27:0xfffffff8 x31=0xfffffff8
        8715000	       870	80000bb8	ff8c0c13	addi	x24,x24,-8	 x24:0x00000007 x24=0xffffffff
        8725000	       871	80000bbc	521a0593	addi	x11,x20,1313	 x20:0xffffffed x11=0x0000050e
        8735000	       872	80000bc0	01e19293	slli	x5,x3,0x1e	  x3:0x00000000  x5=0x00000000
        8745000	       873	80000bc4	ff3c50e3	bge	x24,x19,80000ba4	 x24:0xffffffff x19:0x00000007
        8755000	       874	80000bc8	41435a33	sra	x20,x6,x20	  x6:0xffffe000 x20:0xffffffed x20=0xffffffff
        8765000	       875	80000bcc	00dfb733	sltu	x14,x31,x13	 x31:0xfffffff8 x13:0x27f10000 x14=0x00000000
        8775000	       876	80000bd0	f920fee3	bgeu	x1,x18,80000b6c	  x1:0x00000005 x18:0x00000005
        8785000	       877	00000000	00000013	addi	x0,x0,0	  x0:0x00000000
        8795000	       878	80000b68	00000013	addi	x0,x0,0	  x0:0x00000000
        8805000	       879	80000b6c	001a0a33	add	x20,x20,x1	 x20:0xffffffff  x1:0x00000005 x20=0x00000004
        8815000	       880	80000b70	01c89013	slli	x0,x17,0x1c	 x17:0x80009f20
        8825000	       881	80000b74	ffd08093	addi	x1,x1,-3	  x1:0x00000005  x1=0x00000002
        8835000	       882	80000b78	40aa0733	sub	x14,x20,x10	 x20:0x00000004 x10:0x00000000 x14=0x00000004
        8845000	       883	80000b7c	c1ea2bb7	lui	x23,0xc1ea2	 x23=0xc1ea2000
        8855000	       884	80000b80	58267393	andi	x7,x12,1410	 x12:0x00000000  x7=0x00000000
        8865000	       885	80000b84	10650693	addi	x13,x10,262	 x10:0x00000000 x13=0x00000106
        8875000	       886	80000b88	003d9cb3	sll	x25,x27,x3	 x27:0xfffffff8  x3:0x00000000 x25=0xfffffff8
        8885000	       887	80000b8c	94267ab7	lui	x21,0x94267	 x21=0x94267000
        8895000	       888	80000b90	00700c13	addi	x24,x0,7	  x0:0x00000000 x24=0x00000007
        8905000	       889	80000b94	00e11693	slli	x13,x2,0xe	  x2:0x80009fc4 x13=0x27f10000
        8915000	       890	80000b98	00700993	addi	x19,x0,7	  x0:0x00000000 x19=0x00000007
        8925000	       891	80000b9c	00fd9db3	sll	x27,x27,x15	 x27:0xfffffff8 x15:0x7c311cc3 x27=0xffffffc0
        8935000	       892	80000ba0	4128d313	srai	x6,x17,0x12	 x17:0x80009f20  x6=0xffffe000
        8945000	       893	80000ba4	00000013	addi	x0,x0,0	  x0:0x00000000
        8955000	       894	80000ba8	00b01193	slli	x3,x0,0xb	  x0:0x00000000  x3=0x00000000
        8965000	       895	80000bac	00000013	addi	x0,x0,0	  x0:0x00000000
        8975000	       896	80000bb0	00a29513	slli	x10,x5,0xa	  x5:0x00000000 x10=0x00000000
        8985000	       897	80000bb4	01bf8fb3	add	x31,x31,x27	 x31:0xfffffff8 x27:0xffffffc0 x31=0xffffffb8
        8995000	       898	80000bb8	ff8c0c13	addi	x24,x24,-8	 x24:0x00000007 x24=0xffffffff
        9005000	       899	80000bbc	521a0593	addi	x11,x20,1313	 x20:0x00000004 x11=0x00000525
        9015000	       900	80000bc0	01e19293	slli	x5,x3,0x1e	  x3:0x00000000  x5=0x00000000
        9025000	       901	80000bc4	ff3c50e3	bge	x24,x19,80000ba4	 x24:0xffffffff x19:0x00000007
        9035000	       902	80000bc8	41435a33	sra	x20,x6,x20	  x6:0xffffe000 x20:0x00000004 x20=0xfffffe00
        9045000	       903	80000bcc	00dfb733	sltu	x14,x31,x13	 x31:0xffffffb8 x13:0x27f10000 x14=0x00000000
        9055000	       904	80000bd0	f920fee3	bgeu	x1,x18,80000b6c	  x1:0x00000002 x18:0x00000005
        9065000	       905	80000bd4	40698013	addi	x0,x19,1030	 x19:0x00000007
        9075000	       906	80000bd8	00200213	addi	x4,x0,2	  x0:0x00000000  x4=0x00000002
        9085000	       907	80000bdc	4086d013	srai	x0,x13,0x8	 x13:0x27f10000
        9095000	       908	80000be0	01094ab3	xor	x21,x18,x16	 x18:0x00000005 x16:0x00000001 x21=0x00000004
        9105000	       909	80000be4	01592ab3	slt	x21,x18,x21	 x18:0x00000005 x21:0x00000004 x21=0x00000000
        9115000	       910	80000be8	29c8a593	slti	x11,x17,668	 x17:0x80009f20 x11=0x00000001
        9125000	       911	80000bec	ff600f13	addi	x30,x0,-10	  x0:0x00000000 x30=0xfffffff6
        9135000	       912	80000bf0	01902fb3	slt	x31,x0,x25	  x0:0x00000000 x25:0xfffffff8 x31=0x00000000
        9145000	       913	80000bf4	0026afb3	slt	x31,x13,x2	 x13:0x27f10000  x2:0x80009fc4 x31=0x00000000
        9155000	       914	80000bf8	011f9e93	slli	x29,x31,0x11	 x31:0x00000000 x29=0x00000000
        9165000	       915	80000bfc	fff20213	addi	x4,x4,-1	  x4:0x00000002  x4=0x00000001
        9175000	       916	80000c00	8e3dd917	auipc	x18,0x8e3dd	 x18=0x0e3ddbfc
        9185000	       917	80000c04	c4572b93	slti	x23,x14,-955	 x14:0x00000000 x23=0x00000000
        9195000	       918	80000c08	530fa613	slti	x12,x31,1328	 x31:0x00000000 x12=0x00000001
        9205000	       919	80000c0c	414d00b3	sub	x1,x26,x20	 x26:0x00000000 x20:0xfffffe00  x1=0x00000200
        9215000	       920	80000c10	00dce533	or	x10,x25,x13	 x25:0xfffffff8 x13:0x27f10000 x10=0xfffffff8
        9225000	       921	80000c14	01b973b3	and	x7,x18,x27	 x18:0x0e3ddbfc x27:0xffffffc0  x7=0x0e3ddbc0
        9235000	       922	80000c18	00406a33	or	x20,x0,x4	  x0:0x00000000  x4:0x00000001 x20=0x00000001
        9245000	       923	80000c1c	002e9913	slli	x18,x29,0x2	 x29:0x00000000 x18=0x00000000
        9255000	       924	80000c20	1acf81b7	lui	x3,0x1acf8	  x3=0x1acf8000
        9265000	       925	80000c24	01a0d2b3	srl	x5,x1,x26	  x1:0x00000200 x26:0x00000000  x5=0x00000200
        9275000	       926	80000c28	41ee51b3	sra	x3,x28,x30	 x28:0xfffdfffa x30:0xfffffff6  x3=0xffffffff
        9285000	       927	80000c2c	40655fb3	sra	x31,x10,x6	 x10:0xfffffff8  x6:0xffffe000 x31=0xfffffff8
        9295000	       928	80000c30	0129f3b3	and	x7,x19,x18	 x19:0x00000007 x18:0x00000000  x7=0x00000000
        9305000	       929	80000c34	fbe25ee3	bge	x4,x30,80000bf0	  x4:0x00000001 x30:0xfffffff6
        9315000	       930	00000000	00000013	addi	x0,x0,0	  x0:0x00000000
        9325000	       931	80000bec	00000013	addi	x0,x0,0	  x0:0x00000000
        9335000	       932	80000bf0	01902fb3	slt	x31,x0,x25	  x0:0x00000000 x25:0xfffffff8 x31=0x00000000
        9345000	       933	80000bf4	0026afb3	slt	x31,x13,x2	 x13:0x27f10000  x2:0x80009fc4 x31=0x00000000
        9355000	       934	80000bf8	011f9e93	slli	x29,x31,0x11	 x31:0x00000000 x29=0x00000000
        9365000	       935	80000bfc	fff20213	addi	x4,x4,-1	  x4:0x00000001  x4=0x00000000
        9375000	       936	80000c00	8e3dd917	auipc	x18,0x8e3dd	 x18=0x0e3ddbfc
        9385000	       937	80000c04	c4572b93	slti	x23,x14,-955	 x14:0x00000000 x23=0x00000000
        9395000	       938	80000c08	530fa613	slti	x12,x31,1328	 x31:0x00000000 x12=0x00000001
        9405000	       939	80000c0c	414d00b3	sub	x1,x26,x20	 x26:0x00000000 x20:0x00000001  x1=0xffffffff
        9415000	       940	80000c10	00dce533	or	x10,x25,x13	 x25:0xfffffff8 x13:0x27f10000 x10=0xfffffff8
        9425000	       941	80000c14	01b973b3	and	x7,x18,x27	 x18:0x0e3ddbfc x27:0xffffffc0  x7=0x0e3ddbc0
        9435000	       942	80000c18	00406a33	or	x20,x0,x4	  x0:0x00000000  x4:0x00000000 x20=0x00000000
        9445000	       943	80000c1c	002e9913	slli	x18,x29,0x2	 x29:0x00000000 x18=0x00000000
        9455000	       944	80000c20	1acf81b7	lui	x3,0x1acf8	  x3=0x1acf8000
        9465000	       945	80000c24	01a0d2b3	srl	x5,x1,x26	  x1:0xffffffff x26:0x00000000  x5=0xffffffff
        9475000	       946	80000c28	41ee51b3	sra	x3,x28,x30	 x28:0xfffdfffa x30:0xfffffff6  x3=0xffffffff
        9485000	       947	80000c2c	40655fb3	sra	x31,x10,x6	 x10:0xfffffff8  x6:0xffffe000 x31=0xfffffff8
        9495000	       948	80000c30	0129f3b3	and	x7,x19,x18	 x19:0x00000007 x18:0x00000000  x7=0x00000000
        9505000	       949	80000c34	fbe25ee3	bge	x4,x30,80000bf0	  x4:0x00000000 x30:0xfffffff6
        9515000	       950	00000000	00000013	addi	x0,x0,0	  x0:0x00000000
        9525000	       951	80000bec	00000013	addi	x0,x0,0	  x0:0x00000000
        9535000	       952	80000bf0	01902fb3	slt	x31,x0,x25	  x0:0x00000000 x25:0xfffffff8 x31=0x00000000
        9545000	       953	80000bf4	0026afb3	slt	x31,x13,x2	 x13:0x27f10000  x2:0x80009fc4 x31=0x00000000
        9555000	       954	80000bf8	011f9e93	slli	x29,x31,0x11	 x31:0x00000000 x29=0x00000000
        9565000	       955	80000bfc	fff20213	addi	x4,x4,-1	  x4:0x00000000  x4=0xffffffff
        9575000	       956	80000c00	8e3dd917	auipc	x18,0x8e3dd	 x18=0x0e3ddbfc
        9585000	       957	80000c04	c4572b93	slti	x23,x14,-955	 x14:0x00000000 x23=0x00000000
        9595000	       958	80000c08	530fa613	slti	x12,x31,1328	 x31:0x00000000 x12=0x00000001
        9605000	       959	80000c0c	414d00b3	sub	x1,x26,x20	 x26:0x00000000 x20:0x00000000  x1=0x00000000
        9615000	       960	80000c10	00dce533	or	x10,x25,x13	 x25:0xfffffff8 x13:0x27f10000 x10=0xfffffff8
        9625000	       961	80000c14	01b973b3	and	x7,x18,x27	 x18:0x0e3ddbfc x27:0xffffffc0  x7=0x0e3ddbc0
        9635000	       962	80000c18	00406a33	or	x20,x0,x4	  x0:0x00000000  x4:0xffffffff x20=0xffffffff
        9645000	       963	80000c1c	002e9913	slli	x18,x29,0x2	 x29:0x00000000 x18=0x00000000
        9655000	       964	80000c20	1acf81b7	lui	x3,0x1acf8	  x3=0x1acf8000
        9665000	       965	80000c24	01a0d2b3	srl	x5,x1,x26	  x1:0x00000000 x26:0x00000000  x5=0x00000000
        9675000	       966	80000c28	41ee51b3	sra	x3,x28,x30	 x28:0xfffdfffa x30:0xfffffff6  x3=0xffffffff
        9685000	       967	80000c2c	40655fb3	sra	x31,x10,x6	 x10:0xfffffff8  x6:0xffffe000 x31=0xfffffff8
        9695000	       968	80000c30	0129f3b3	and	x7,x19,x18	 x19:0x00000007 x18:0x00000000  x7=0x00000000
        9705000	       969	80000c34	fbe25ee3	bge	x4,x30,80000bf0	  x4:0xffffffff x30:0xfffffff6
        9715000	       970	00000000	00000013	addi	x0,x0,0	  x0:0x00000000
        9725000	       971	80000bec	00000013	addi	x0,x0,0	  x0:0x00000000
        9735000	       972	80000bf0	01902fb3	slt	x31,x0,x25	  x0:0x00000000 x25:0xfffffff8 x31=0x00000000
        9745000	       973	80000bf4	0026afb3	slt	x31,x13,x2	 x13:0x27f10000  x2:0x80009fc4 x31=0x00000000
        9755000	       974	80000bf8	011f9e93	slli	x29,x31,0x11	 x31:0x00000000 x29=0x00000000
        9765000	       975	80000bfc	fff20213	addi	x4,x4,-1	  x4:0xffffffff  x4=0xfffffffe
        9775000	       976	80000c00	8e3dd917	auipc	x18,0x8e3dd	 x18=0x0e3ddbfc
        9785000	       977	80000c04	c4572b93	slti	x23,x14,-955	 x14:0x00000000 x23=0x00000000
        9795000	       978	80000c08	530fa613	slti	x12,x31,1328	 x31:0x00000000 x12=0x00000001
        9805000	       979	80000c0c	414d00b3	sub	x1,x26,x20	 x26:0x00000000 x20:0xffffffff  x1=0x00000001
        9815000	       980	80000c10	00dce533	or	x10,x25,x13	 x25:0xfffffff8 x13:0x27f10000 x10=0xfffffff8
        9825000	       981	80000c14	01b973b3	and	x7,x18,x27	 x18:0x0e3ddbfc x27:0xffffffc0  x7=0x0e3ddbc0
        9835000	       982	80000c18	00406a33	or	x20,x0,x4	  x0:0x00000000  x4:0xfffffffe x20=0xfffffffe
        9845000	       983	80000c1c	002e9913	slli	x18,x29,0x2	 x29:0x00000000 x18=0x00000000
        9855000	       984	80000c20	1acf81b7	lui	x3,0x1acf8	  x3=0x1acf8000
        9865000	       985	80000c24	01a0d2b3	srl	x5,x1,x26	  x1:0x00000001 x26:0x00000000  x5=0x00000001
        9875000	       986	80000c28	41ee51b3	sra	x3,x28,x30	 x28:0xfffdfffa x30:0xfffffff6  x3=0xffffffff
        9885000	       987	80000c2c	40655fb3	sra	x31,x10,x6	 x10:0xfffffff8  x6:0xffffe000 x31=0xfffffff8
        9895000	       988	80000c30	0129f3b3	and	x7,x19,x18	 x19:0x00000007 x18:0x00000000  x7=0x00000000
        9905000	       989	80000c34	fbe25ee3	bge	x4,x30,80000bf0	  x4:0xfffffffe x30:0xfffffff6
        9915000	       990	00000000	00000013	addi	x0,x0,0	  x0:0x00000000
        9925000	       991	80000bec	00000013	addi	x0,x0,0	  x0:0x00000000
        9935000	       992	80000bf0	01902fb3	slt	x31,x0,x25	  x0:0x00000000 x25:0xfffffff8 x31=0x00000000
        9945000	       993	80000bf4	0026afb3	slt	x31,x13,x2	 x13:0x27f10000  x2:0x80009fc4 x31=0x00000000
        9955000	       994	80000bf8	011f9e93	slli	x29,x31,0x11	 x31:0x00000000 x29=0x00000000
        9965000	       995	80000bfc	fff20213	addi	x4,x4,-1	  x4:0xfffffffe  x4=0xfffffffd
        9975000	       996	80000c00	8e3dd917	auipc	x18,0x8e3dd	 x18=0x0e3ddbfc
        9985000	       997	80000c04	c4572b93	slti	x23,x14,-955	 x14:0x00000000 x23=0x00000000
        9995000	       998	80000c08	530fa613	slti	x12,x31,1328	 x31:0x00000000 x12=0x00000001
       10005000	       999	80000c0c	414d00b3	sub	x1,x26,x20	 x26:0x00000000 x20:0xfffffffe  x1=0x00000002
       10015000	      1000	80000c10	00dce533	or	x10,x25,x13	 x25:0xfffffff8 x13:0x27f10000 x10=0xfffffff8
       10025000	      1001	80000c14	01b973b3	and	x7,x18,x27	 x18:0x0e3ddbfc x27:0xffffffc0  x7=0x0e3ddbc0
       10035000	      1002	80000c18	00406a33	or	x20,x0,x4	  x0:0x00000000  x4:0xfffffffd x20=0xfffffffd
       10045000	      1003	80000c1c	002e9913	slli	x18,x29,0x2	 x29:0x00000000 x18=0x00000000
       10055000	      1004	80000c20	1acf81b7	lui	x3,0x1acf8	  x3=0x1acf8000
       10065000	      1005	80000c24	01a0d2b3	srl	x5,x1,x26	  x1:0x00000002 x26:0x00000000  x5=0x00000002
       10075000	      1006	80000c28	41ee51b3	sra	x3,x28,x30	 x28:0xfffdfffa x30:0xfffffff6  x3=0xffffffff
       10085000	      1007	80000c2c	40655fb3	sra	x31,x10,x6	 x10:0xfffffff8  x6:0xffffe000 x31=0xfffffff8
       10095000	      1008	80000c30	0129f3b3	and	x7,x19,x18	 x19:0x00000007 x18:0x00000000  x7=0x00000000
       10105000	      1009	80000c34	fbe25ee3	bge	x4,x30,80000bf0	  x4:0xfffffffd x30:0xfffffff6
       10115000	      1010	00000000	00000013	addi	x0,x0,0	  x0:0x00000000
       10125000	      1011	80000bec	00000013	addi	x0,x0,0	  x0:0x00000000
       10135000	      1012	80000bf0	01902fb3	slt	x31,x0,x25	  x0:0x00000000 x25:0xfffffff8 x31=0x00000000
       10145000	      1013	80000bf4	0026afb3	slt	x31,x13,x2	 x13:0x27f10000  x2:0x80009fc4 x31=0x00000000
       10155000	      1014	80000bf8	011f9e93	slli	x29,x31,0x11	 x31:0x00000000 x29=0x00000000
       10165000	      1015	80000bfc	fff20213	addi	x4,x4,-1	  x4:0xfffffffd  x4=0xfffffffc
       10175000	      1016	80000c00	8e3dd917	auipc	x18,0x8e3dd	 x18=0x0e3ddbfc
       10185000	      1017	80000c04	c4572b93	slti	x23,x14,-955	 x14:0x00000000 x23=0x00000000
       10195000	      1018	80000c08	530fa613	slti	x12,x31,1328	 x31:0x00000000 x12=0x00000001
       10205000	      1019	80000c0c	414d00b3	sub	x1,x26,x20	 x26:0x00000000 x20:0xfffffffd  x1=0x00000003
       10215000	      1020	80000c10	00dce533	or	x10,x25,x13	 x25:0xfffffff8 x13:0x27f10000 x10=0xfffffff8
       10225000	      1021	80000c14	01b973b3	and	x7,x18,x27	 x18:0x0e3ddbfc x27:0xffffffc0  x7=0x0e3ddbc0
       10235000	      1022	80000c18	00406a33	or	x20,x0,x4	  x0:0x00000000  x4:0xfffffffc x20=0xfffffffc
       10245000	      1023	80000c1c	002e9913	slli	x18,x29,0x2	 x29:0x00000000 x18=0x00000000
       10255000	      1024	80000c20	1acf81b7	lui	x3,0x1acf8	  x3=0x1acf8000
       10265000	      1025	80000c24	01a0d2b3	srl	x5,x1,x26	  x1:0x00000003 x26:0x00000000  x5=0x00000003
       10275000	      1026	80000c28	41ee51b3	sra	x3,x28,x30	 x28:0xfffdfffa x30:0xfffffff6  x3=0xffffffff
       10285000	      1027	80000c2c	40655fb3	sra	x31,x10,x6	 x10:0xfffffff8  x6:0xffffe000 x31=0xfffffff8
       10295000	      1028	80000c30	0129f3b3	and	x7,x19,x18	 x19:0x00000007 x18:0x00000000  x7=0x00000000
       10305000	      1029	80000c34	fbe25ee3	bge	x4,x30,80000bf0	  x4:0xfffffffc x30:0xfffffff6
       10315000	      1030	00000000	00000013	addi	x0,x0,0	  x0:0x00000000
       10325000	      1031	80000bec	00000013	addi	x0,x0,0	  x0:0x00000000
       10335000	      1032	80000bf0	01902fb3	slt	x31,x0,x25	  x0:0x00000000 x25:0xfffffff8 x31=0x00000000
       10345000	      1033	80000bf4	0026afb3	slt	x31,x13,x2	 x13:0x27f10000  x2:0x80009fc4 x31=0x00000000
       10355000	      1034	80000bf8	011f9e93	slli	x29,x31,0x11	 x31:0x00000000 x29=0x00000000
       10365000	      1035	80000bfc	fff20213	addi	x4,x4,-1	  x4:0xfffffffc  x4=0xfffffffb
       10375000	      1036	80000c00	8e3dd917	auipc	x18,0x8e3dd	 x18=0x0e3ddbfc
       10385000	      1037	80000c04	c4572b93	slti	x23,x14,-955	 x14:0x00000000 x23=0x00000000
       10395000	      1038	80000c08	530fa613	slti	x12,x31,1328	 x31:0x00000000 x12=0x00000001
       10405000	      1039	80000c0c	414d00b3	sub	x1,x26,x20	 x26:0x00000000 x20:0xfffffffc  x1=0x00000004
       10415000	      1040	80000c10	00dce533	or	x10,x25,x13	 x25:0xfffffff8 x13:0x27f10000 x10=0xfffffff8
       10425000	      1041	80000c14	01b973b3	and	x7,x18,x27	 x18:0x0e3ddbfc x27:0xffffffc0  x7=0x0e3ddbc0
       10435000	      1042	80000c18	00406a33	or	x20,x0,x4	  x0:0x00000000  x4:0xfffffffb x20=0xfffffffb
       10445000	      1043	80000c1c	002e9913	slli	x18,x29,0x2	 x29:0x00000000 x18=0x00000000
       10455000	      1044	80000c20	1acf81b7	lui	x3,0x1acf8	  x3=0x1acf8000
       10465000	      1045	80000c24	01a0d2b3	srl	x5,x1,x26	  x1:0x00000004 x26:0x00000000  x5=0x00000004
       10475000	      1046	80000c28	41ee51b3	sra	x3,x28,x30	 x28:0xfffdfffa x30:0xfffffff6  x3=0xffffffff
       10485000	      1047	80000c2c	40655fb3	sra	x31,x10,x6	 x10:0xfffffff8  x6:0xffffe000 x31=0xfffffff8
       10495000	      1048	80000c30	0129f3b3	and	x7,x19,x18	 x19:0x00000007 x18:0x00000000  x7=0x00000000
       10505000	      1049	80000c34	fbe25ee3	bge	x4,x30,80000bf0	  x4:0xfffffffb x30:0xfffffff6
       10515000	      1050	00000000	00000013	addi	x0,x0,0	  x0:0x00000000
       10525000	      1051	80000bec	00000013	addi	x0,x0,0	  x0:0x00000000
       10535000	      1052	80000bf0	01902fb3	slt	x31,x0,x25	  x0:0x00000000 x25:0xfffffff8 x31=0x00000000
       10545000	      1053	80000bf4	0026afb3	slt	x31,x13,x2	 x13:0x27f10000  x2:0x80009fc4 x31=0x00000000
       10555000	      1054	80000bf8	011f9e93	slli	x29,x31,0x11	 x31:0x00000000 x29=0x00000000
       10565000	      1055	80000bfc	fff20213	addi	x4,x4,-1	  x4:0xfffffffb  x4=0xfffffffa
       10575000	      1056	80000c00	8e3dd917	auipc	x18,0x8e3dd	 x18=0x0e3ddbfc
       10585000	      1057	80000c04	c4572b93	slti	x23,x14,-955	 x14:0x00000000 x23=0x00000000
       10595000	      1058	80000c08	530fa613	slti	x12,x31,1328	 x31:0x00000000 x12=0x00000001
       10605000	      1059	80000c0c	414d00b3	sub	x1,x26,x20	 x26:0x00000000 x20:0xfffffffb  x1=0x00000005
       10615000	      1060	80000c10	00dce533	or	x10,x25,x13	 x25:0xfffffff8 x13:0x27f10000 x10=0xfffffff8
       10625000	      1061	80000c14	01b973b3	and	x7,x18,x27	 x18:0x0e3ddbfc x27:0xffffffc0  x7=0x0e3ddbc0
       10635000	      1062	80000c18	00406a33	or	x20,x0,x4	  x0:0x00000000  x4:0xfffffffa x20=0xfffffffa
       10645000	      1063	80000c1c	002e9913	slli	x18,x29,0x2	 x29:0x00000000 x18=0x00000000
       10655000	      1064	80000c20	1acf81b7	lui	x3,0x1acf8	  x3=0x1acf8000
       10665000	      1065	80000c24	01a0d2b3	srl	x5,x1,x26	  x1:0x00000005 x26:0x00000000  x5=0x00000005
       10675000	      1066	80000c28	41ee51b3	sra	x3,x28,x30	 x28:0xfffdfffa x30:0xfffffff6  x3=0xffffffff
       10685000	      1067	80000c2c	40655fb3	sra	x31,x10,x6	 x10:0xfffffff8  x6:0xffffe000 x31=0xfffffff8
       10695000	      1068	80000c30	0129f3b3	and	x7,x19,x18	 x19:0x00000007 x18:0x00000000  x7=0x00000000
       10705000	      1069	80000c34	fbe25ee3	bge	x4,x30,80000bf0	  x4:0xfffffffa x30:0xfffffff6
       10715000	      1070	00000000	00000013	addi	x0,x0,0	  x0:0x00000000
       10725000	      1071	80000bec	00000013	addi	x0,x0,0	  x0:0x00000000
       10735000	      1072	80000bf0	01902fb3	slt	x31,x0,x25	  x0:0x00000000 x25:0xfffffff8 x31=0x00000000
       10745000	      1073	80000bf4	0026afb3	slt	x31,x13,x2	 x13:0x27f10000  x2:0x80009fc4 x31=0x00000000
       10755000	      1074	80000bf8	011f9e93	slli	x29,x31,0x11	 x31:0x00000000 x29=0x00000000
       10765000	      1075	80000bfc	fff20213	addi	x4,x4,-1	  x4:0xfffffffa  x4=0xfffffff9
       10775000	      1076	80000c00	8e3dd917	auipc	x18,0x8e3dd	 x18=0x0e3ddbfc
       10785000	      1077	80000c04	c4572b93	slti	x23,x14,-955	 x14:0x00000000 x23=0x00000000
       10795000	      1078	80000c08	530fa613	slti	x12,x31,1328	 x31:0x00000000 x12=0x00000001
       10805000	      1079	80000c0c	414d00b3	sub	x1,x26,x20	 x26:0x00000000 x20:0xfffffffa  x1=0x00000006
       10815000	      1080	80000c10	00dce533	or	x10,x25,x13	 x25:0xfffffff8 x13:0x27f10000 x10=0xfffffff8
       10825000	      1081	80000c14	01b973b3	and	x7,x18,x27	 x18:0x0e3ddbfc x27:0xffffffc0  x7=0x0e3ddbc0
       10835000	      1082	80000c18	00406a33	or	x20,x0,x4	  x0:0x00000000  x4:0xfffffff9 x20=0xfffffff9
       10845000	      1083	80000c1c	002e9913	slli	x18,x29,0x2	 x29:0x00000000 x18=0x00000000
       10855000	      1084	80000c20	1acf81b7	lui	x3,0x1acf8	  x3=0x1acf8000
       10865000	      1085	80000c24	01a0d2b3	srl	x5,x1,x26	  x1:0x00000006 x26:0x00000000  x5=0x00000006
       10875000	      1086	80000c28	41ee51b3	sra	x3,x28,x30	 x28:0xfffdfffa x30:0xfffffff6  x3=0xffffffff
       10885000	      1087	80000c2c	40655fb3	sra	x31,x10,x6	 x10:0xfffffff8  x6:0xffffe000 x31=0xfffffff8
       10895000	      1088	80000c30	0129f3b3	and	x7,x19,x18	 x19:0x00000007 x18:0x00000000  x7=0x00000000
       10905000	      1089	80000c34	fbe25ee3	bge	x4,x30,80000bf0	  x4:0xfffffff9 x30:0xfffffff6
       10915000	      1090	00000000	00000013	addi	x0,x0,0	  x0:0x00000000
       10925000	      1091	80000bec	00000013	addi	x0,x0,0	  x0:0x00000000
       10935000	      1092	80000bf0	01902fb3	slt	x31,x0,x25	  x0:0x00000000 x25:0xfffffff8 x31=0x00000000
       10945000	      1093	80000bf4	0026afb3	slt	x31,x13,x2	 x13:0x27f10000  x2:0x80009fc4 x31=0x00000000
       10955000	      1094	80000bf8	011f9e93	slli	x29,x31,0x11	 x31:0x00000000 x29=0x00000000
       10965000	      1095	80000bfc	fff20213	addi	x4,x4,-1	  x4:0xfffffff9  x4=0xfffffff8
       10975000	      1096	80000c00	8e3dd917	auipc	x18,0x8e3dd	 x18=0x0e3ddbfc
       10985000	      1097	80000c04	c4572b93	slti	x23,x14,-955	 x14:0x00000000 x23=0x00000000
       10995000	      1098	80000c08	530fa613	slti	x12,x31,1328	 x31:0x00000000 x12=0x00000001
       11005000	      1099	80000c0c	414d00b3	sub	x1,x26,x20	 x26:0x00000000 x20:0xfffffff9  x1=0x00000007
       11015000	      1100	80000c10	00dce533	or	x10,x25,x13	 x25:0xfffffff8 x13:0x27f10000 x10=0xfffffff8
       11025000	      1101	80000c14	01b973b3	and	x7,x18,x27	 x18:0x0e3ddbfc x27:0xffffffc0  x7=0x0e3ddbc0
       11035000	      1102	80000c18	00406a33	or	x20,x0,x4	  x0:0x00000000  x4:0xfffffff8 x20=0xfffffff8
       11045000	      1103	80000c1c	002e9913	slli	x18,x29,0x2	 x29:0x00000000 x18=0x00000000
       11055000	      1104	80000c20	1acf81b7	lui	x3,0x1acf8	  x3=0x1acf8000
       11065000	      1105	80000c24	01a0d2b3	srl	x5,x1,x26	  x1:0x00000007 x26:0x00000000  x5=0x00000007
       11075000	      1106	80000c28	41ee51b3	sra	x3,x28,x30	 x28:0xfffdfffa x30:0xfffffff6  x3=0xffffffff
       11085000	      1107	80000c2c	40655fb3	sra	x31,x10,x6	 x10:0xfffffff8  x6:0xffffe000 x31=0xfffffff8
       11095000	      1108	80000c30	0129f3b3	and	x7,x19,x18	 x19:0x00000007 x18:0x00000000  x7=0x00000000
       11105000	      1109	80000c34	fbe25ee3	bge	x4,x30,80000bf0	  x4:0xfffffff8 x30:0xfffffff6
       11115000	      1110	00000000	00000013	addi	x0,x0,0	  x0:0x00000000
       11125000	      1111	80000bec	00000013	addi	x0,x0,0	  x0:0x00000000
       11135000	      1112	80000bf0	01902fb3	slt	x31,x0,x25	  x0:0x00000000 x25:0xfffffff8 x31=0x00000000
       11145000	      1113	80000bf4	0026afb3	slt	x31,x13,x2	 x13:0x27f10000  x2:0x80009fc4 x31=0x00000000
       11155000	      1114	80000bf8	011f9e93	slli	x29,x31,0x11	 x31:0x00000000 x29=0x00000000
       11165000	      1115	80000bfc	fff20213	addi	x4,x4,-1	  x4:0xfffffff8  x4=0xfffffff7
       11175000	      1116	80000c00	8e3dd917	auipc	x18,0x8e3dd	 x18=0x0e3ddbfc
       11185000	      1117	80000c04	c4572b93	slti	x23,x14,-955	 x14:0x00000000 x23=0x00000000
       11195000	      1118	80000c08	530fa613	slti	x12,x31,1328	 x31:0x00000000 x12=0x00000001
       11205000	      1119	80000c0c	414d00b3	sub	x1,x26,x20	 x26:0x00000000 x20:0xfffffff8  x1=0x00000008
       11215000	      1120	80000c10	00dce533	or	x10,x25,x13	 x25:0xfffffff8 x13:0x27f10000 x10=0xfffffff8
       11225000	      1121	80000c14	01b973b3	and	x7,x18,x27	 x18:0x0e3ddbfc x27:0xffffffc0  x7=0x0e3ddbc0
       11235000	      1122	80000c18	00406a33	or	x20,x0,x4	  x0:0x00000000  x4:0xfffffff7 x20=0xfffffff7
       11245000	      1123	80000c1c	002e9913	slli	x18,x29,0x2	 x29:0x00000000 x18=0x00000000
       11255000	      1124	80000c20	1acf81b7	lui	x3,0x1acf8	  x3=0x1acf8000
       11265000	      1125	80000c24	01a0d2b3	srl	x5,x1,x26	  x1:0x00000008 x26:0x00000000  x5=0x00000008
       11275000	      1126	80000c28	41ee51b3	sra	x3,x28,x30	 x28:0xfffdfffa x30:0xfffffff6  x3=0xffffffff
       11285000	      1127	80000c2c	40655fb3	sra	x31,x10,x6	 x10:0xfffffff8  x6:0xffffe000 x31=0xfffffff8
       11295000	      1128	80000c30	0129f3b3	and	x7,x19,x18	 x19:0x00000007 x18:0x00000000  x7=0x00000000
       11305000	      1129	80000c34	fbe25ee3	bge	x4,x30,80000bf0	  x4:0xfffffff7 x30:0xfffffff6
       11315000	      1130	00000000	00000013	addi	x0,x0,0	  x0:0x00000000
       11325000	      1131	80000bec	00000013	addi	x0,x0,0	  x0:0x00000000
       11335000	      1132	80000bf0	01902fb3	slt	x31,x0,x25	  x0:0x00000000 x25:0xfffffff8 x31=0x00000000
       11345000	      1133	80000bf4	0026afb3	slt	x31,x13,x2	 x13:0x27f10000  x2:0x80009fc4 x31=0x00000000
       11355000	      1134	80000bf8	011f9e93	slli	x29,x31,0x11	 x31:0x00000000 x29=0x00000000
       11365000	      1135	80000bfc	fff20213	addi	x4,x4,-1	  x4:0xfffffff7  x4=0xfffffff6
       11375000	      1136	80000c00	8e3dd917	auipc	x18,0x8e3dd	 x18=0x0e3ddbfc
       11385000	      1137	80000c04	c4572b93	slti	x23,x14,-955	 x14:0x00000000 x23=0x00000000
       11395000	      1138	80000c08	530fa613	slti	x12,x31,1328	 x31:0x00000000 x12=0x00000001
       11405000	      1139	80000c0c	414d00b3	sub	x1,x26,x20	 x26:0x00000000 x20:0xfffffff7  x1=0x00000009
       11415000	      1140	80000c10	00dce533	or	x10,x25,x13	 x25:0xfffffff8 x13:0x27f10000 x10=0xfffffff8
       11425000	      1141	80000c14	01b973b3	and	x7,x18,x27	 x18:0x0e3ddbfc x27:0xffffffc0  x7=0x0e3ddbc0
       11435000	      1142	80000c18	00406a33	or	x20,x0,x4	  x0:0x00000000  x4:0xfffffff6 x20=0xfffffff6
       11445000	      1143	80000c1c	002e9913	slli	x18,x29,0x2	 x29:0x00000000 x18=0x00000000
       11455000	      1144	80000c20	1acf81b7	lui	x3,0x1acf8	  x3=0x1acf8000
       11465000	      1145	80000c24	01a0d2b3	srl	x5,x1,x26	  x1:0x00000009 x26:0x00000000  x5=0x00000009
       11475000	      1146	80000c28	41ee51b3	sra	x3,x28,x30	 x28:0xfffdfffa x30:0xfffffff6  x3=0xffffffff
       11485000	      1147	80000c2c	40655fb3	sra	x31,x10,x6	 x10:0xfffffff8  x6:0xffffe000 x31=0xfffffff8
       11495000	      1148	80000c30	0129f3b3	and	x7,x19,x18	 x19:0x00000007 x18:0x00000000  x7=0x00000000
       11505000	      1149	80000c34	fbe25ee3	bge	x4,x30,80000bf0	  x4:0xfffffff6 x30:0xfffffff6
       11515000	      1150	00000000	00000013	addi	x0,x0,0	  x0:0x00000000
       11525000	      1151	80000bec	00000013	addi	x0,x0,0	  x0:0x00000000
       11535000	      1152	80000bf0	01902fb3	slt	x31,x0,x25	  x0:0x00000000 x25:0xfffffff8 x31=0x00000000
       11545000	      1153	80000bf4	0026afb3	slt	x31,x13,x2	 x13:0x27f10000  x2:0x80009fc4 x31=0x00000000
       11555000	      1154	80000bf8	011f9e93	slli	x29,x31,0x11	 x31:0x00000000 x29=0x00000000
       11565000	      1155	80000bfc	fff20213	addi	x4,x4,-1	  x4:0xfffffff6  x4=0xfffffff5
       11575000	      1156	80000c00	8e3dd917	auipc	x18,0x8e3dd	 x18=0x0e3ddbfc
       11585000	      1157	80000c04	c4572b93	slti	x23,x14,-955	 x14:0x00000000 x23=0x00000000
       11595000	      1158	80000c08	530fa613	slti	x12,x31,1328	 x31:0x00000000 x12=0x00000001
       11605000	      1159	80000c0c	414d00b3	sub	x1,x26,x20	 x26:0x00000000 x20:0xfffffff6  x1=0x0000000a
       11615000	      1160	80000c10	00dce533	or	x10,x25,x13	 x25:0xfffffff8 x13:0x27f10000 x10=0xfffffff8
       11625000	      1161	80000c14	01b973b3	and	x7,x18,x27	 x18:0x0e3ddbfc x27:0xffffffc0  x7=0x0e3ddbc0
       11635000	      1162	80000c18	00406a33	or	x20,x0,x4	  x0:0x00000000  x4:0xfffffff5 x20=0xfffffff5
       11645000	      1163	80000c1c	002e9913	slli	x18,x29,0x2	 x29:0x00000000 x18=0x00000000
       11655000	      1164	80000c20	1acf81b7	lui	x3,0x1acf8	  x3=0x1acf8000
       11665000	      1165	80000c24	01a0d2b3	srl	x5,x1,x26	  x1:0x0000000a x26:0x00000000  x5=0x0000000a
       11675000	      1166	80000c28	41ee51b3	sra	x3,x28,x30	 x28:0xfffdfffa x30:0xfffffff6  x3=0xffffffff
       11685000	      1167	80000c2c	40655fb3	sra	x31,x10,x6	 x10:0xfffffff8  x6:0xffffe000 x31=0xfffffff8
       11695000	      1168	80000c30	0129f3b3	and	x7,x19,x18	 x19:0x00000007 x18:0x00000000  x7=0x00000000
       11705000	      1169	80000c34	fbe25ee3	bge	x4,x30,80000bf0	  x4:0xfffffff5 x30:0xfffffff6
       11715000	      1170	80000c38	5a54b813	sltiu	x16,x9,1445	  x9:0x80009b8c x16=0x00000000
       11725000	      1171	80000c3c	00300813	addi	x16,x0,3	  x0:0x00000000 x16=0x00000003
       11735000	      1172	80000c40	ab067f93	andi	x31,x12,-1360	 x12:0x00000001 x31=0x00000000
       11745000	      1173	80000c44	00923fb3	sltu	x31,x4,x9	  x4:0xfffffff5  x9:0x80009b8c x31=0x00000000
       11755000	      1174	80000c48	ae5b7613	andi	x12,x22,-1307	 x22:0x00000002 x12=0x00000000
       11765000	      1175	80000c4c	132f0013	addi	x0,x30,306	 x30:0xfffffff6
       11775000	      1176	80000c50	31f41e17	auipc	x28,0x31f41	 x28=0xb1f41c4c
       11785000	      1177	80000c54	00c00213	addi	x4,x0,12	  x0:0x00000000  x4=0x0000000c
       11795000	      1178	80000c58	417e8fb3	sub	x31,x29,x23	 x29:0x00000000 x23:0x00000000 x31=0x00000000
       11805000	      1179	80000c5c	73cc0e17	auipc	x28,0x73cc0	 x28=0xf3cc0c58
       11815000	      1180	80000c60	00b53433	sltu	x8,x10,x11	 x10:0xfffffff8 x11:0x00000001  x8=0x00000000
       11825000	      1181	80000c64	3f3c7993	andi	x19,x24,1011	 x24:0xffffffff x19=0x000003f3
       11835000	      1182	80000c68	017e5593	srli	x11,x28,0x17	 x28:0xf3cc0c58 x11=0x000001e7
       11845000	      1183	80000c6c	00384533	xor	x10,x16,x3	 x16:0x00000003  x3:0xffffffff x10=0xfffffffc
       11855000	      1184	80000c70	41ef85b3	sub	x11,x31,x30	 x31:0x00000000 x30:0xfffffff6 x11=0x0000000a
       11865000	      1185	80000c74	009a64b3	or	x9,x20,x9	 x20:0xfffffff5  x9:0x80009b8c  x9=0xfffffffd
       11875000	      1186	80000c78	08b7df97	auipc	x31,0x8b7d	 x31=0x88b7dc74
       11885000	      1187	80000c7c	c5299fb7	lui	x31,0xc5299	 x31=0xc5299000
       11895000	      1188	80000c80	4fecfa93	andi	x21,x25,1278	 x25:0xfffffff8 x21=0x000004f8
       11905000	      1189	80000c84	02864593	xori	x11,x12,40	 x12:0x00000000 x11=0x00000028
       11915000	      1190	80000c88	00f8ffb3	and	x31,x17,x15	 x17:0x80009f20 x15:0x7c311cc3 x31=0x00001c00
       11925000	      1191	80000c8c	00480813	addi	x16,x16,4	 x16:0x00000003 x16=0x00000007
       11935000	      1192	80000c90	dae2ee93	ori	x29,x5,-594	  x5:0x0000000a x29=0xfffffdae
       11945000	      1193	80000c94	fc763b93	sltiu	x23,x12,-57	 x12:0x00000000 x23=0x00000001
       11955000	      1194	80000c98	01206bb3	or	x23,x0,x18	  x0:0x00000000 x18:0x00000000 x23=0x00000000
       11965000	      1195	80000c9c	364e7e13	andi	x28,x28,868	 x28:0xf3cc0c58 x28=0x00000040
       11975000	      1196	80000ca0	fc4866e3	bltu	x16,x4,80000c6c	 x16:0x00000007  x4:0x0000000c
       11985000	      1197	00000000	00000013	addi	x0,x0,0	  x0:0x00000000
       11995000	      1198	80000c68	00000013	addi	x0,x0,0	  x0:0x00000000
       12005000	      1199	80000c6c	00384533	xor	x10,x16,x3	 x16:0x00000007  x3:0xffffffff x10=0xfffffff8
       12015000	      1200	80000c70	41ef85b3	sub	x11,x31,x30	 x31:0x00001c00 x30:0xfffffff6 x11=0x00001c0a
       12025000	      1201	80000c74	009a64b3	or	x9,x20,x9	 x20:0xfffffff5  x9:0xfffffffd  x9=0xfffffffd
       12035000	      1202	80000c78	08b7df97	auipc	x31,0x8b7d	 x31=0x88b7dc74
       12045000	      1203	80000c7c	c5299fb7	lui	x31,0xc5299	 x31=0xc5299000
       12055000	      1204	80000c80	4fecfa93	andi	x21,x25,1278	 x25:0xfffffff8 x21=0x000004f8
       12065000	      1205	80000c84	02864593	xori	x11,x12,40	 x12:0x00000000 x11=0x00000028
       12075000	      1206	80000c88	00f8ffb3	and	x31,x17,x15	 x17:0x80009f20 x15:0x7c311cc3 x31=0x00001c00
       12085000	      1207	80000c8c	00480813	addi	x16,x16,4	 x16:0x00000007 x16=0x0000000b
       12095000	      1208	80000c90	dae2ee93	ori	x29,x5,-594	  x5:0x0000000a x29=0xfffffdae
       12105000	      1209	80000c94	fc763b93	sltiu	x23,x12,-57	 x12:0x00000000 x23=0x00000001
       12115000	      1210	80000c98	01206bb3	or	x23,x0,x18	  x0:0x00000000 x18:0x00000000 x23=0x00000000
       12125000	      1211	80000c9c	364e7e13	andi	x28,x28,868	 x28:0x00000040 x28=0x00000040
       12135000	      1212	80000ca0	fc4866e3	bltu	x16,x4,80000c6c	 x16:0x0000000b  x4:0x0000000c
       12145000	      1213	00000000	00000013	addi	x0,x0,0	  x0:0x00000000
       12155000	      1214	80000c68	00000013	addi	x0,x0,0	  x0:0x00000000
       12165000	      1215	80000c6c	00384533	xor	x10,x16,x3	 x16:0x0000000b  x3:0xffffffff x10=0xfffffff4
       12175000	      1216	80000c70	41ef85b3	sub	x11,x31,x30	 x31:0x00001c00 x30:0xfffffff6 x11=0x00001c0a
       12185000	      1217	80000c74	009a64b3	or	x9,x20,x9	 x20:0xfffffff5  x9:0xfffffffd  x9=0xfffffffd
       12195000	      1218	80000c78	08b7df97	auipc	x31,0x8b7d	 x31=0x88b7dc74
       12205000	      1219	80000c7c	c5299fb7	lui	x31,0xc5299	 x31=0xc5299000
       12215000	      1220	80000c80	4fecfa93	andi	x21,x25,1278	 x25:0xfffffff8 x21=0x000004f8
       12225000	      1221	80000c84	02864593	xori	x11,x12,40	 x12:0x00000000 x11=0x00000028
       12235000	      1222	80000c88	00f8ffb3	and	x31,x17,x15	 x17:0x80009f20 x15:0x7c311cc3 x31=0x00001c00
       12245000	      1223	80000c8c	00480813	addi	x16,x16,4	 x16:0x0000000b x16=0x0000000f
       12255000	      1224	80000c90	dae2ee93	ori	x29,x5,-594	  x5:0x0000000a x29=0xfffffdae
       12265000	      1225	80000c94	fc763b93	sltiu	x23,x12,-57	 x12:0x00000000 x23=0x00000001
       12275000	      1226	80000c98	01206bb3	or	x23,x0,x18	  x0:0x00000000 x18:0x00000000 x23=0x00000000
       12285000	      1227	80000c9c	364e7e13	andi	x28,x28,868	 x28:0x00000040 x28=0x00000040
       12295000	      1228	80000ca0	fc4866e3	bltu	x16,x4,80000c6c	 x16:0x0000000f  x4:0x0000000c
       12305000	      1229	80000ca4	751c0537	lui	x10,0x751c0	 x10=0x751c0000
       12315000	      1230	80000ca8	00900093	addi	x1,x0,9	  x0:0x00000000  x1=0x00000009
       12325000	      1231	80000cac	01f4fd33	and	x26,x9,x31	  x9:0xfffffffd x31:0x00001c00 x26=0x00001c00
       12335000	      1232	80000cb0	0047b9b3	sltu	x19,x15,x4	 x15:0x7c311cc3  x4:0x0000000c x19=0x00000000
       12345000	      1233	80000cb4	6a156013	ori	x0,x10,1697	 x10:0x751c0000
       12355000	      1234	80000cb8	0073a4b3	slt	x9,x7,x7	  x7:0x00000000  x7:0x00000000  x9=0x00000000
       12365000	      1235	80000cbc	0123ddb3	srl	x27,x7,x18	  x7:0x00000000 x18:0x00000000 x27=0x00000000
       12375000	      1236	80000cc0	00fc3bb3	sltu	x23,x24,x15	 x24:0xffffffff x15:0x7c311cc3 x23=0x00000000
       12385000	      1237	80000cc4	0190d393	srli	x7,x1,0x19	  x1:0x00000009  x7=0x00000000
       12395000	      1238	80000cc8	41208233	sub	x4,x1,x18	  x1:0x00000009 x18:0x00000000  x4=0x00000009
       12405000	      1239	80000ccc	401f2693	slti	x13,x30,1025	 x30:0xfffffff6 x13=0x00000001
       12415000	      1240	80000cd0	c2afbc13	sltiu	x24,x31,-982	 x31:0x00001c00 x24=0x00000001
       12425000	      1241	80000cd4	000805b3	add	x11,x16,x0	 x16:0x0000000f  x0:0x00000000 x11=0x0000000f
       12435000	      1242	80000cd8	4160d393	srai	x7,x1,0x16	  x1:0x00000009  x7=0x00000000
       12445000	      1243	80000cdc	31e83a13	sltiu	x20,x16,798	 x16:0x0000000f x20=0x00000001
       12455000	      1244	80000ce0	00900293	addi	x5,x0,9	  x0:0x00000000  x5=0x00000009
       12465000	      1245	80000ce4	2b996913	ori	x18,x18,697	 x18:0x00000000 x18=0x000002b9
       12475000	      1246	80000ce8	00000013	addi	x0,x0,0	  x0:0x00000000
       12485000	      1247	80000cec	ff808093	addi	x1,x1,-8	  x1:0x00000009  x1=0x00000001
       12495000	      1248	80000cf0	01238033	add	x0,x7,x18	  x7:0x00000000 x18:0x000002b9
       12505000	      1249	80000cf4	01d59813	slli	x16,x11,0x1d	 x11:0x0000000f x16=0xe0000000
       12515000	      1250	80000cf8	5ee66693	ori	x13,x12,1518	 x12:0x00000000 x13=0x000005ee
       12525000	      1251	80000cfc	fe50f6e3	bgeu	x1,x5,80000ce8	  x1:0x00000001  x5:0x00000009
       12535000	      1252	80000d00	f8c46b13	ori	x22,x8,-116	  x8:0x00000000 x22=0xffffff8c
       12545000	      1253	80000d04	00800a93	addi	x21,x0,8	  x0:0x00000000 x21=0x00000008
       12555000	      1254	80000d08	01b13c33	sltu	x24,x2,x27	  x2:0x80009fc4 x27:0x00000000 x24=0x00000000
       12565000	      1255	80000d0c	000fb933	sltu	x18,x31,x0	 x31:0x00001c00  x0:0x00000000 x18=0x00000000
       12575000	      1256	80000d10	ff300693	addi	x13,x0,-13	  x0:0x00000000 x13=0xfffffff3
       12585000	      1257	80000d14	00027f33	and	x30,x4,x0	  x4:0x00000009  x0:0x00000000 x30=0x00000000
       12595000	      1258	80000d18	ff9a8a93	addi	x21,x21,-7	 x21:0x00000008 x21=0x00000001
       12605000	      1259	80000d1c	6a354b93	xori	x23,x10,1699	 x10:0x751c0000 x23=0x751c06a3
       12615000	      1260	80000d20	b955cc13	xori	x24,x11,-1131	 x11:0x0000000f x24=0xfffffb9a
       12625000	      1261	80000d24	fedad8e3	bge	x21,x13,80000d14	 x21:0x00000001 x13:0xfffffff3
       12635000	      1262	00000000	00000013	addi	x0,x0,0	  x0:0x00000000
       12645000	      1263	80000d10	00000013	addi	x0,x0,0	  x0:0x00000000
       12655000	      1264	80000d14	00027f33	and	x30,x4,x0	  x4:0x00000009  x0:0x00000000 x30=0x00000000
       12665000	      1265	80000d18	ff9a8a93	addi	x21,x21,-7	 x21:0x00000001 x21=0xfffffffa
       12675000	      1266	80000d1c	6a354b93	xori	x23,x10,1699	 x10:0x751c0000 x23=0x751c06a3
       12685000	      1267	80000d20	b955cc13	xori	x24,x11,-1131	 x11:0x0000000f x24=0xfffffb9a
       12695000	      1268	80000d24	fedad8e3	bge	x21,x13,80000d14	 x21:0xfffffffa x13:0xfffffff3
       12705000	      1269	00000000	00000013	addi	x0,x0,0	  x0:0x00000000
       12715000	      1270	80000d10	00000013	addi	x0,x0,0	  x0:0x00000000
       12725000	      1271	80000d14	00027f33	and	x30,x4,x0	  x4:0x00000009  x0:0x00000000 x30=0x00000000
       12735000	      1272	80000d18	ff9a8a93	addi	x21,x21,-7	 x21:0xfffffffa x21=0xfffffff3
       12745000	      1273	80000d1c	6a354b93	xori	x23,x10,1699	 x10:0x751c0000 x23=0x751c06a3
       12755000	      1274	80000d20	b955cc13	xori	x24,x11,-1131	 x11:0x0000000f x24=0xfffffb9a
       12765000	      1275	80000d24	fedad8e3	bge	x21,x13,80000d14	 x21:0xfffffff3 x13:0xfffffff3
       12775000	      1276	00000000	00000013	addi	x0,x0,0	  x0:0x00000000
       12785000	      1277	80000d10	00000013	addi	x0,x0,0	  x0:0x00000000
       12795000	      1278	80000d14	00027f33	and	x30,x4,x0	  x4:0x00000009  x0:0x00000000 x30=0x00000000
       12805000	      1279	80000d18	ff9a8a93	addi	x21,x21,-7	 x21:0xfffffff3 x21=0xffffffec
       12815000	      1280	80000d1c	6a354b93	xori	x23,x10,1699	 x10:0x751c0000 x23=0x751c06a3
       12825000	      1281	80000d20	b955cc13	xori	x24,x11,-1131	 x11:0x0000000f x24=0xfffffb9a
       12835000	      1282	80000d24	fedad8e3	bge	x21,x13,80000d14	 x21:0xffffffec x13:0xfffffff3
       12845000	      1283	80000d28	00d19393	slli	x7,x3,0xd	  x3:0xffffffff  x7=0xffffe000
       12855000	      1284	80000d2c	ffb00093	addi	x1,x0,-5	  x0:0x00000000  x1=0xfffffffb
       12865000	      1285	80000d30	6684a917	auipc	x18,0x6684a	 x18=0xe684ad2c
       12875000	      1286	80000d34	01786433	or	x8,x16,x23	 x16:0xe0000000 x23:0x751c06a3  x8=0xf51c06a3
       12885000	      1287	80000d38	0088d613	srli	x12,x17,0x8	 x17:0x80009f20 x12=0x0080009f
       12895000	      1288	80000d3c	ffd00a13	addi	x20,x0,-3	  x0:0x00000000 x20=0xfffffffd
       12905000	      1289	80000d40	01cbab33	slt	x22,x23,x28	 x23:0x751c06a3 x28:0x00000040 x22=0x00000000
       12915000	      1290	80000d44	40e603b3	sub	x7,x12,x14	 x12:0x0080009f x14:0x00000000  x7=0x0080009f
       12925000	      1291	80000d48	00000013	addi	x0,x0,0	  x0:0x00000000
       12935000	      1292	80000d4c	a4973497	auipc	x9,0xa4973	  x9=0x24973d48
       12945000	      1293	80000d50	6fe83a93	sltiu	x21,x16,1790	 x16:0xe0000000 x21=0x00000000
       12955000	      1294	80000d54	2a6a6e93	ori	x29,x20,678	 x20:0xfffffffd x29=0xffffffff
       12965000	      1295	80000d58	00208093	addi	x1,x1,2	  x1:0xfffffffb  x1=0xfffffffd
       12975000	      1296	80000d5c	00900d13	addi	x26,x0,9	  x0:0x00000000 x26=0x00000009
       12985000	      1297	80000d60	00d6f2b3	and	x5,x13,x13	 x13:0xfffffff3 x13:0xfffffff3  x5=0xfffffff3
       12995000	      1298	80000d64	ff900213	addi	x4,x0,-7	  x0:0x00000000  x4=0xfffffff9
       13005000	      1299	80000d68	7c56b613	sltiu	x12,x13,1989	 x13:0xfffffff3 x12=0x00000000
       13015000	      1300	80000d6c	00ea1d93	slli	x27,x20,0xe	 x20:0xfffffffd x27=0xffff4000
       13025000	      1301	80000d70	0b0346b7	lui	x13,0xb034	 x13=0x0b034000
       13035000	      1302	80000d74	01db19b3	sll	x19,x22,x29	 x22:0x00000000 x29:0xffffffff x19=0x00000000
       13045000	      1303	80000d78	ffbd0d13	addi	x26,x26,-5	 x26:0x00000009 x26=0x00000004
       13055000	      1304	80000d7c	4192ddb3	sra	x27,x5,x25	  x5:0xfffffff3 x25:0xfffffff8 x27=0xffffffff
       13065000	      1305	80000d80	4143d9b3	sra	x19,x7,x20	  x7:0x0080009f x20:0xfffffffd x19=0x00000000
       13075000	      1306	80000d84	fe4d52e3	bge	x26,x4,80000d68	 x26:0x00000004  x4:0xfffffff9
       13085000	      1307	00000000	00000013	addi	x0,x0,0	  x0:0x00000000
       13095000	      1308	80000d64	00000013	addi	x0,x0,0	  x0:0x00000000
       13105000	      1309	80000d68	7c56b613	sltiu	x12,x13,1989	 x13:0x0b034000 x12=0x00000000
       13115000	      1310	80000d6c	00ea1d93	slli	x27,x20,0xe	 x20:0xfffffffd x27=0xffff4000
       13125000	      1311	80000d70	0b0346b7	lui	x13,0xb034	 x13=0x0b034000
       13135000	      1312	80000d74	01db19b3	sll	x19,x22,x29	 x22:0x00000000 x29:0xffffffff x19=0x00000000
       13145000	      1313	80000d78	ffbd0d13	addi	x26,x26,-5	 x26:0x00000004 x26=0xffffffff
       13155000	      1314	80000d7c	4192ddb3	sra	x27,x5,x25	  x5:0xfffffff3 x25:0xfffffff8 x27=0xffffffff
       13165000	      1315	80000d80	4143d9b3	sra	x19,x7,x20	  x7:0x0080009f x20:0xfffffffd x19=0x00000000
       13175000	      1316	80000d84	fe4d52e3	bge	x26,x4,80000d68	 x26:0xffffffff  x4:0xfffffff9
       13185000	      1317	00000000	00000013	addi	x0,x0,0	  x0:0x00000000
       13195000	      1318	80000d64	00000013	addi	x0,x0,0	  x0:0x00000000
       13205000	      1319	80000d68	7c56b613	sltiu	x12,x13,1989	 x13:0x0b034000 x12=0x00000000
       13215000	      1320	80000d6c	00ea1d93	slli	x27,x20,0xe	 x20:0xfffffffd x27=0xffff4000
       13225000	      1321	80000d70	0b0346b7	lui	x13,0xb034	 x13=0x0b034000
       13235000	      1322	80000d74	01db19b3	sll	x19,x22,x29	 x22:0x00000000 x29:0xffffffff x19=0x00000000
       13245000	      1323	80000d78	ffbd0d13	addi	x26,x26,-5	 x26:0xffffffff x26=0xfffffffa
       13255000	      1324	80000d7c	4192ddb3	sra	x27,x5,x25	  x5:0xfffffff3 x25:0xfffffff8 x27=0xffffffff
       13265000	      1325	80000d80	4143d9b3	sra	x19,x7,x20	  x7:0x0080009f x20:0xfffffffd x19=0x00000000
       13275000	      1326	80000d84	fe4d52e3	bge	x26,x4,80000d68	 x26:0xfffffffa  x4:0xfffffff9
       13285000	      1327	00000000	00000013	addi	x0,x0,0	  x0:0x00000000
       13295000	      1328	80000d64	00000013	addi	x0,x0,0	  x0:0x00000000
       13305000	      1329	80000d68	7c56b613	sltiu	x12,x13,1989	 x13:0x0b034000 x12=0x00000000
       13315000	      1330	80000d6c	00ea1d93	slli	x27,x20,0xe	 x20:0xfffffffd x27=0xffff4000
       13325000	      1331	80000d70	0b0346b7	lui	x13,0xb034	 x13=0x0b034000
       13335000	      1332	80000d74	01db19b3	sll	x19,x22,x29	 x22:0x00000000 x29:0xffffffff x19=0x00000000
       13345000	      1333	80000d78	ffbd0d13	addi	x26,x26,-5	 x26:0xfffffffa x26=0xfffffff5
       13355000	      1334	80000d7c	4192ddb3	sra	x27,x5,x25	  x5:0xfffffff3 x25:0xfffffff8 x27=0xffffffff
       13365000	      1335	80000d80	4143d9b3	sra	x19,x7,x20	  x7:0x0080009f x20:0xfffffffd x19=0x00000000
       13375000	      1336	80000d84	fe4d52e3	bge	x26,x4,80000d68	 x26:0xfffffff5  x4:0xfffffff9
       13385000	      1337	80000d88	fb408ce3	beq	x1,x20,80000d40	  x1:0xfffffffd x20:0xfffffffd
       13395000	      1338	00000000	00000013	addi	x0,x0,0	  x0:0x00000000
       13405000	      1339	80000d3c	00000013	addi	x0,x0,0	  x0:0x00000000
       13415000	      1340	80000d40	01cbab33	slt	x22,x23,x28	 x23:0x751c06a3 x28:0x00000040 x22=0x00000000
       13425000	      1341	80000d44	40e603b3	sub	x7,x12,x14	 x12:0x00000000 x14:0x00000000  x7=0x00000000
       13435000	      1342	80000d48	00000013	addi	x0,x0,0	  x0:0x00000000
       13445000	      1343	80000d4c	a4973497	auipc	x9,0xa4973	  x9=0x24973d48
       13455000	      1344	80000d50	6fe83a93	sltiu	x21,x16,1790	 x16:0xe0000000 x21=0x00000000
       13465000	      1345	80000d54	2a6a6e93	ori	x29,x20,678	 x20:0xfffffffd x29=0xffffffff
       13475000	      1346	80000d58	00208093	addi	x1,x1,2	  x1:0xfffffffd  x1=0xffffffff
       13485000	      1347	80000d5c	00900d13	addi	x26,x0,9	  x0:0x00000000 x26=0x00000009
       13495000	      1348	80000d60	00d6f2b3	and	x5,x13,x13	 x13:0x0b034000 x13:0x0b034000  x5=0x0b034000
       13505000	      1349	80000d64	ff900213	addi	x4,x0,-7	  x0:0x00000000  x4=0xfffffff9
       13515000	      1350	80000d68	7c56b613	sltiu	x12,x13,1989	 x13:0x0b034000 x12=0x00000000
       13525000	      1351	80000d6c	00ea1d93	slli	x27,x20,0xe	 x20:0xfffffffd x27=0xffff4000
       13535000	      1352	80000d70	0b0346b7	lui	x13,0xb034	 x13=0x0b034000
       13545000	      1353	80000d74	01db19b3	sll	x19,x22,x29	 x22:0x00000000 x29:0xffffffff x19=0x00000000
       13555000	      1354	80000d78	ffbd0d13	addi	x26,x26,-5	 x26:0x00000009 x26=0x00000004
       13565000	      1355	80000d7c	4192ddb3	sra	x27,x5,x25	  x5:0x0b034000 x25:0xfffffff8 x27=0x0000000b
       13575000	      1356	80000d80	4143d9b3	sra	x19,x7,x20	  x7:0x00000000 x20:0xfffffffd x19=0x00000000
       13585000	      1357	80000d84	fe4d52e3	bge	x26,x4,80000d68	 x26:0x00000004  x4:0xfffffff9
       13595000	      1358	00000000	00000013	addi	x0,x0,0	  x0:0x00000000
       13605000	      1359	80000d64	00000013	addi	x0,x0,0	  x0:0x00000000
       13615000	      1360	80000d68	7c56b613	sltiu	x12,x13,1989	 x13:0x0b034000 x12=0x00000000
       13625000	      1361	80000d6c	00ea1d93	slli	x27,x20,0xe	 x20:0xfffffffd x27=0xffff4000
       13635000	      1362	80000d70	0b0346b7	lui	x13,0xb034	 x13=0x0b034000
       13645000	      1363	80000d74	01db19b3	sll	x19,x22,x29	 x22:0x00000000 x29:0xffffffff x19=0x00000000
       13655000	      1364	80000d78	ffbd0d13	addi	x26,x26,-5	 x26:0x00000004 x26=0xffffffff
       13665000	      1365	80000d7c	4192ddb3	sra	x27,x5,x25	  x5:0x0b034000 x25:0xfffffff8 x27=0x0000000b
       13675000	      1366	80000d80	4143d9b3	sra	x19,x7,x20	  x7:0x00000000 x20:0xfffffffd x19=0x00000000
       13685000	      1367	80000d84	fe4d52e3	bge	x26,x4,80000d68	 x26:0xffffffff  x4:0xfffffff9
       13695000	      1368	00000000	00000013	addi	x0,x0,0	  x0:0x00000000
       13705000	      1369	80000d64	00000013	addi	x0,x0,0	  x0:0x00000000
       13715000	      1370	80000d68	7c56b613	sltiu	x12,x13,1989	 x13:0x0b034000 x12=0x00000000
       13725000	      1371	80000d6c	00ea1d93	slli	x27,x20,0xe	 x20:0xfffffffd x27=0xffff4000
       13735000	      1372	80000d70	0b0346b7	lui	x13,0xb034	 x13=0x0b034000
       13745000	      1373	80000d74	01db19b3	sll	x19,x22,x29	 x22:0x00000000 x29:0xffffffff x19=0x00000000
       13755000	      1374	80000d78	ffbd0d13	addi	x26,x26,-5	 x26:0xffffffff x26=0xfffffffa
       13765000	      1375	80000d7c	4192ddb3	sra	x27,x5,x25	  x5:0x0b034000 x25:0xfffffff8 x27=0x0000000b
       13775000	      1376	80000d80	4143d9b3	sra	x19,x7,x20	  x7:0x00000000 x20:0xfffffffd x19=0x00000000
       13785000	      1377	80000d84	fe4d52e3	bge	x26,x4,80000d68	 x26:0xfffffffa  x4:0xfffffff9
       13795000	      1378	00000000	00000013	addi	x0,x0,0	  x0:0x00000000
       13805000	      1379	80000d64	00000013	addi	x0,x0,0	  x0:0x00000000
       13815000	      1380	80000d68	7c56b613	sltiu	x12,x13,1989	 x13:0x0b034000 x12=0x00000000
       13825000	      1381	80000d6c	00ea1d93	slli	x27,x20,0xe	 x20:0xfffffffd x27=0xffff4000
       13835000	      1382	80000d70	0b0346b7	lui	x13,0xb034	 x13=0x0b034000
       13845000	      1383	80000d74	01db19b3	sll	x19,x22,x29	 x22:0x00000000 x29:0xffffffff x19=0x00000000
       13855000	      1384	80000d78	ffbd0d13	addi	x26,x26,-5	 x26:0xfffffffa x26=0xfffffff5
       13865000	      1385	80000d7c	4192ddb3	sra	x27,x5,x25	  x5:0x0b034000 x25:0xfffffff8 x27=0x0000000b
       13875000	      1386	80000d80	4143d9b3	sra	x19,x7,x20	  x7:0x00000000 x20:0xfffffffd x19=0x00000000
       13885000	      1387	80000d84	fe4d52e3	bge	x26,x4,80000d68	 x26:0xfffffff5  x4:0xfffffff9
       13895000	      1388	80000d88	fb408ce3	beq	x1,x20,80000d40	  x1:0xffffffff x20:0xfffffffd
       13905000	      1389	80000d8c	18714a93	xori	x21,x2,391	  x2:0x80009fc4 x21=0x80009e43
       13915000	      1390	80000d90	00a00693	addi	x13,x0,10	  x0:0x00000000 x13=0x0000000a
       13925000	      1391	80000d94	00a00413	addi	x8,x0,10	  x0:0x00000000  x8=0x0000000a
       13935000	      1392	80000d98	a2b94393	xori	x7,x18,-1493	 x18:0xe684ad2c  x7=0x197b5707
       13945000	      1393	80000d9c	415c8c33	sub	x24,x25,x21	 x25:0xfffffff8 x21:0x80009e43 x24=0x7fff61b5
       13955000	      1394	80000da0	a0ba6737	lui	x14,0xa0ba6	 x14=0xa0ba6000
       13965000	      1395	80000da4	ff768693	addi	x13,x13,-9	 x13:0x0000000a x13=0x00000001
       13975000	      1396	80000da8	407fd093	srai	x1,x31,0x7	 x31:0x00001c00  x1=0x00000038
       13985000	      1397	80000dac	00a00513	addi	x10,x0,10	  x0:0x00000000 x10=0x0000000a
       13995000	      1398	80000db0	00bf55b3	srl	x11,x30,x11	 x30:0x00000000 x11:0x0000000f x11=0x00000000
       14005000	      1399	80000db4	00900813	addi	x16,x0,9	  x0:0x00000000 x16=0x00000009
       14015000	      1400	80000db8	415b5b13	srai	x22,x22,0x15	 x22:0x00000000 x22=0x00000000
       14025000	      1401	80000dbc	45684093	xori	x1,x16,1110	 x16:0x00000009  x1=0x0000045f
       14035000	      1402	80000dc0	009e3d33	sltu	x26,x28,x9	 x28:0x00000040  x9:0x24973d48 x26=0x00000001
       14045000	      1403	80000dc4	ff850513	addi	x10,x10,-8	 x10:0x0000000a x10=0x00000002
       14055000	      1404	80000dc8	0126af33	slt	x30,x13,x18	 x13:0x00000001 x18:0xe684ad2c x30=0x00000000
       14065000	      1405	80000dcc	01073933	sltu	x18,x14,x16	 x14:0xa0ba6000 x16:0x00000009 x18=0x00000000
       14075000	      1406	80000dd0	ff0576e3	bgeu	x10,x16,80000dbc	 x10:0x00000002 x16:0x00000009
       14085000	      1407	80000dd4	6e622f13	slti	x30,x4,1766	  x4:0xfffffff9 x30=0x00000001
       14095000	      1408	80000dd8	fc86f4e3	bgeu	x13,x8,80000da0	 x13:0x00000001  x8:0x0000000a
       14105000	      1409	80000ddc	00015d13	srli	x26,x2,0x0	  x2:0x80009fc4 x26=0x80009fc4
       14115000	      1410	80000de0	ffd00913	addi	x18,x0,-3	  x0:0x00000000 x18=0xfffffffd
       14125000	      1411	80000de4	1a4c8017	auipc	x0,0x1a4c8	
       14135000	      1412	80000de8	01c88033	add	x0,x17,x28	 x17:0x80009f20 x28:0x00000040
       14145000	      1413	80000dec	0191c633	xor	x12,x3,x25	  x3:0xffffffff x25:0xfffffff8 x12=0x00000007
       14155000	      1414	80000df0	d94cab13	slti	x22,x25,-620	 x25:0xfffffff8 x22=0x00000000
       14165000	      1415	80000df4	01388ab3	add	x21,x17,x19	 x17:0x80009f20 x19:0x00000000 x21=0x80009f20
       14175000	      1416	80000df8	00600d13	addi	x26,x0,6	  x0:0x00000000 x26=0x00000006
       14185000	      1417	80000dfc	37703693	sltiu	x13,x0,887	  x0:0x00000000 x13=0x00000001
       14195000	      1418	80000e00	61817593	andi	x11,x2,1560	  x2:0x80009fc4 x11=0x00000600
       14205000	      1419	80000e04	01292733	slt	x14,x18,x18	 x18:0xfffffffd x18:0xfffffffd x14=0x00000000
       14215000	      1420	80000e08	00190913	addi	x18,x18,1	 x18:0xfffffffd x18=0xfffffffe
       14225000	      1421	80000e0c	e7ede993	ori	x19,x27,-386	 x27:0x0000000b x19=0xfffffe7f
       14235000	      1422	80000e10	00200f13	addi	x30,x0,2	  x0:0x00000000 x30=0x00000002
       14245000	      1423	80000e14	005dd993	srli	x19,x27,0x5	 x27:0x0000000b x19=0x00000000
       14255000	      1424	80000e18	00000013	addi	x0,x0,0	  x0:0x00000000
       14265000	      1425	80000e1c	006eaa33	slt	x20,x29,x6	 x29:0xffffffff  x6:0xffffe000 x20=0x00000000
       14275000	      1426	80000e20	01dc5db3	srl	x27,x24,x29	 x24:0x7fff61b5 x29:0xffffffff x27=0x00000000
       14285000	      1427	80000e24	0151f033	and	x0,x3,x21	  x3:0xffffffff x21:0x80009f20
       14295000	      1428	80000e28	00800c93	addi	x25,x0,8	  x0:0x00000000 x25=0x00000008
       14305000	      1429	80000e2c	40fd5813	srai	x16,x26,0xf	 x26:0x00000006 x16=0x00000000
       14315000	      1430	80000e30	2c5e2f93	slti	x31,x28,709	 x28:0x00000040 x31=0x00000001
       14325000	      1431	80000e34	0081aeb3	slt	x29,x3,x8	  x3:0xffffffff  x8:0x0000000a x29=0x00000001
       14335000	      1432	80000e38	005f0f13	addi	x30,x30,5	 x30:0x00000002 x30=0x00000007
       14345000	      1433	80000e3c	00c09433	sll	x8,x1,x12	  x1:0x0000045f x12:0x00000007  x8=0x00022f80
       14355000	      1434	80000e40	eccc3eb7	lui	x29,0xeccc3	 x29=0xeccc3000
       14365000	      1435	80000e44	00d4d293	srli	x5,x9,0xd	  x9:0x24973d48  x5=0x000124b9
       14375000	      1436	80000e48	86ddfb93	andi	x23,x27,-1939	 x27:0x00000000 x23=0x00000000
       14385000	      1437	80000e4c	00d58633	add	x12,x11,x13	 x11:0x00000600 x13:0x00000001 x12=0x00000601
       14395000	      1438	80000e50	ff9f42e3	blt	x30,x25,80000e34	 x30:0x00000007 x25:0x00000008
       14405000	      1439	00000000	00000013	addi	x0,x0,0	  x0:0x00000000
       14415000	      1440	80000e30	00000013	addi	x0,x0,0	  x0:0x00000000
       14425000	      1441	80000e34	0081aeb3	slt	x29,x3,x8	  x3:0xffffffff  x8:0x00022f80 x29=0x00000001
       14435000	      1442	80000e38	005f0f13	addi	x30,x30,5	 x30:0x00000007 x30=0x0000000c
       14445000	      1443	80000e3c	00c09433	sll	x8,x1,x12	  x1:0x0000045f x12:0x00000601  x8=0x000008be
       14455000	      1444	80000e40	eccc3eb7	lui	x29,0xeccc3	 x29=0xeccc3000
       14465000	      1445	80000e44	00d4d293	srli	x5,x9,0xd	  x9:0x24973d48  x5=0x000124b9
       14475000	      1446	80000e48	86ddfb93	andi	x23,x27,-1939	 x27:0x00000000 x23=0x00000000
       14485000	      1447	80000e4c	00d58633	add	x12,x11,x13	 x11:0x00000600 x13:0x00000001 x12=0x00000601
       14495000	      1448	80000e50	ff9f42e3	blt	x30,x25,80000e34	 x30:0x0000000c x25:0x00000008
       14505000	      1449	80000e54	0189dd93	srli	x27,x19,0x18	 x19:0x00000000 x27=0x00000000
       14515000	      1450	80000e58	10a8e013	ori	x0,x17,266	 x17:0x80009f20
       14525000	      1451	80000e5c	c0522017	auipc	x0,0xc0522	
       14535000	      1452	80000e60	fba960e3	bltu	x18,x26,80000e00	 x18:0xfffffffe x26:0x00000006
       14545000	      1453	80000e64	00551e13	slli	x28,x10,0x5	 x10:0x00000002 x28=0x00000040
       14555000	      1454	80000e68	ffe00493	addi	x9,x0,-2	  x0:0x00000000  x9=0xfffffffe
       14565000	      1455	80000e6c	9d76b313	sltiu	x6,x13,-1577	 x13:0x00000001  x6=0x00000001
       14575000	      1456	80000e70	41d45a93	srai	x21,x8,0x1d	  x8:0x000008be x21=0x00000000
       14585000	      1457	80000e74	00d72833	slt	x16,x14,x13	 x14:0x00000000 x13:0x00000001 x16=0x00000001
       14595000	      1458	80000e78	101b7e13	andi	x28,x22,257	 x22:0x00000000 x28=0x00000000
       14605000	      1459	80000e7c	2fe0f313	andi	x6,x1,766	  x1:0x0000045f  x6=0x0000005e
       14615000	      1460	80000e80	0167f933	and	x18,x15,x22	 x15:0x7c311cc3 x22:0x00000000 x18=0x00000000
       14625000	      1461	80000e84	007bef33	or	x30,x23,x7	 x23:0x00000000  x7:0x197b5707 x30=0x197b5707
       14635000	      1462	80000e88	fec00b93	addi	x23,x0,-20	  x0:0x00000000 x23=0xffffffec
       14645000	      1463	80000e8c	9da37c17	auipc	x24,0x9da37	 x24=0x1da37e88
       14655000	      1464	80000e90	42f06213	ori	x4,x0,1071	  x0:0x00000000  x4=0x0000042f
       14665000	      1465	80000e94	ff748493	addi	x9,x9,-9	  x9:0xfffffffe  x9=0xfffffff5
       14675000	      1466	80000e98	1be76f93	ori	x31,x14,446	 x14:0x00000000 x31=0x000001be
       14685000	      1467	80000e9c	b98ffd93	andi	x27,x31,-1128	 x31:0x000001be x27=0x00000198
       14695000	      1468	80000ea0	ff7486e3	beq	x9,x23,80000e8c	  x9:0xfffffff5 x23:0xffffffec
       14705000	      1469	80000ea4	85096a17	auipc	x20,0x85096	 x20=0x05096ea0
       14715000	      1470	80000ea8	00900b13	addi	x22,x0,9	  x0:0x00000000 x22=0x00000009
       14725000	      1471	80000eac	01b9d933	srl	x18,x19,x27	 x19:0x00000000 x27:0x00000198 x18=0x00000000
       14735000	      1472	80000eb0	00700493	addi	x9,x0,7	  x0:0x00000000  x9=0x00000007
       14745000	      1473	80000eb4	40bd5913	srai	x18,x26,0xb	 x26:0x00000006 x18=0x00000000
       14755000	      1474	80000eb8	00a97ab3	and	x21,x18,x10	 x18:0x00000000 x10:0x00000002 x21=0x00000000
       14765000	      1475	80000ebc	8771ef93	ori	x31,x3,-1929	  x3:0xffffffff x31=0xffffffff
       14775000	      1476	80000ec0	8b3ca037	lui	x0,0x8b3ca	
       14785000	      1477	80000ec4	ffcb0b13	addi	x22,x22,-4	 x22:0x00000009 x22=0x00000005
       14795000	      1478	80000ec8	fe9b7ae3	bgeu	x22,x9,80000ebc	 x22:0x00000005  x9:0x00000007
       14805000	      1479	80000ecc	00c39413	slli	x8,x7,0xc	  x7:0x197b5707  x8=0xb5707000
       14815000	      1480	80000ed0	b5653013	sltiu	x0,x10,-1194	 x10:0x00000002
       14825000	      1481	80000ed4	4e374c13	xori	x24,x14,1251	 x14:0x00000000 x24=0x000004e3
       14835000	      1482	80000ed8	059ad263	bge	x21,x25,80000f1c	 x21:0x00000000 x25:0x00000008
       14845000	      1483	80000edc	07e8ab13	slti	x22,x17,126	 x17:0x80009f20 x22=0x00000001
       14855000	      1484	80000ee0	31b47493	andi	x9,x8,795	  x8:0xb5707000  x9=0x00000000
       14865000	      1485	80000ee4	823bf613	andi	x12,x23,-2013	 x23:0xffffffec x12=0xfffff820
       14875000	      1486	80000ee8	41a8deb3	sra	x29,x17,x26	 x17:0x80009f20 x26:0x00000006 x29=0xfe00027c
       14885000	      1487	80000eec	01b70463	beq	x14,x27,80000ef4	 x14:0x00000000 x27:0x00000198
       14895000	      1488	80000ef0	ad218313	addi	x6,x3,-1326	  x3:0xffffffff  x6=0xfffffad1
       14905000	      1489	80000ef4	03af4663	blt	x30,x26,80000f20	 x30:0x197b5707 x26:0x00000006
       14915000	      1490	80000ef8	01a161b3	or	x3,x2,x26	  x2:0x80009fc4 x26:0x00000006  x3=0x80009fc6
       14925000	      1491	80000efc	0a5d2213	slti	x4,x26,165	 x26:0x00000006  x4=0x00000001
       14935000	      1492	80000f00	012230b3	sltu	x1,x4,x18	  x4:0x00000001 x18:0x00000000  x1=0x00000000
       14945000	      1493	80000f04	014efcb3	and	x25,x29,x20	 x29:0xfe00027c x20:0x05096ea0 x25=0x04000220
       14955000	      1494	80000f08	002ea933	slt	x18,x29,x2	 x29:0xfe00027c  x2:0x80009fc4 x18=0x00000000
       14965000	      1495	80000f0c	02840063	beq	x8,x8,80000f2c	  x8:0xb5707000  x8:0xb5707000
       14975000	      1496	00000000	00000013	addi	x0,x0,0	  x0:0x00000000
       14985000	      1497	80000f28	00000013	addi	x0,x0,0	  x0:0x00000000
       14995000	      1498	80000f2c	d2698693	addi	x13,x19,-730	 x19:0x00000000 x13=0xfffffd26
       15005000	      1499	80000f30	04eef263	bgeu	x29,x14,80000f74	 x29:0xfe00027c x14:0x00000000
       15015000	      1500	00000000	00000013	addi	x0,x0,0	  x0:0x00000000
       15025000	      1501	80000f70	00000013	addi	x0,x0,0	  x0:0x00000000
       15035000	      1502	80000f74	0039ea33	or	x20,x19,x3	 x19:0x00000000  x3:0x80009fc6 x20=0x80009fc6
       15045000	      1503	80000f78	01f15533	srl	x10,x2,x31	  x2:0x80009fc4 x31:0xffffffff x10=0x00000001
       15055000	      1504	80000f7c	0298e063	bltu	x17,x9,80000f9c	 x17:0x80009f20  x9:0x00000000
       15065000	      1505	80000f80	0030fe63	bgeu	x1,x3,80000f9c	  x1:0x00000000  x3:0x80009fc6
       15075000	      1506	80000f84	0305e263	bltu	x11,x16,80000fa8	 x11:0x00000600 x16:0x00000001
       15085000	      1507	80000f88	00301533	sll	x10,x0,x3	  x0:0x00000000  x3:0x80009fc6 x10=0x00000000
       15095000	      1508	80000f8c	1ca70d93	addi	x27,x14,458	 x14:0x00000000 x27=0x000001ca
       15105000	      1509	80000f90	01349863	bne	x9,x19,80000fa0	  x9:0x00000000 x19:0x00000000
       15115000	      1510	80000f94	02c94463	blt	x18,x12,80000fbc	 x18:0x00000000 x12:0xfffff820
       15125000	      1511	80000f98	40c35913	srai	x18,x6,0xc	  x6:0xfffffad1 x18=0xffffffff
       15135000	      1512	80000f9c	a200ae13	slti	x28,x1,-1504	  x1:0x00000000 x28=0x00000000
       15145000	      1513	80000fa0	019336b3	sltu	x13,x6,x25	  x6:0xfffffad1 x25:0x04000220 x13=0x00000000
       15155000	      1514	80000fa4	031e5263	bge	x28,x17,80000fc8	 x28:0x00000000 x17:0x80009f20
       15165000	      1515	00000000	00000013	addi	x0,x0,0	  x0:0x00000000
       15175000	      1516	80000fc4	00000013	addi	x0,x0,0	  x0:0x00000000
       15185000	      1517	80000fc8	cebd3497	auipc	x9,0xcebd3	  x9=0x4ebd3fc4
       15195000	      1518	80000fcc	c98a5eb7	lui	x29,0xc98a5	 x29=0xc98a5000
       15205000	      1519	80000fd0	011c5a33	srl	x20,x24,x17	 x24:0x000004e3 x17:0x80009f20 x20=0x000004e3
       15215000	      1520	80000fd4	40358c33	sub	x24,x11,x3	 x11:0x00000600  x3:0x80009fc6 x24=0x7fff663a
       15225000	      1521	80000fd8	b75f0993	addi	x19,x30,-1163	 x30:0x197b5707 x19=0x197b527c
       15235000	      1522	80000fdc	004bce63	blt	x23,x4,80000ff8	 x23:0xffffffec  x4:0x00000001
       15245000	      1523	00000000	00000013	addi	x0,x0,0	  x0:0x00000000
       15255000	      1524	80000ff4	00000013	addi	x0,x0,0	  x0:0x00000000
       15265000	      1525	80000ff8	01ea2e33	slt	x28,x20,x30	 x20:0x000004e3 x30:0x197b5707 x28=0x00000001
       15275000	      1526	80000ffc	0049dc63	bge	x19,x4,80001014	 x19:0x197b527c  x4:0x00000001
       15285000	      1527	00000000	00000013	addi	x0,x0,0	  x0:0x00000000
       15295000	      1528	80001010	00000013	addi	x0,x0,0	  x0:0x00000000
       15305000	      1529	80001014	00d78eb3	add	x29,x15,x13	 x15:0x7c311cc3 x13:0x00000000 x29=0x7c311cc3
       15315000	      1530	80001018	001fc633	xor	x12,x31,x1	 x31:0xffffffff  x1:0x00000000 x12=0xffffffff
       15325000	      1531	8000101c	407e5d93	srai	x27,x28,0x7	 x28:0x00000001 x27=0x00000000
       15335000	      1532	80001020	e1a12c93	slti	x25,x2,-486	  x2:0x80009fc4 x25=0x00000001
       15345000	      1533	80001024	f04fbd13	sltiu	x26,x31,-252	 x31:0xffffffff x26=0x00000000
       15355000	      1534	80001028	019d7533	and	x10,x26,x25	 x26:0x00000000 x25:0x00000001 x10=0x00000000
       15365000	      1535	8000102c	00616733	or	x14,x2,x6	  x2:0x80009fc4  x6:0xfffffad1 x14=0xffffffd5
       15375000	      1536	80001030	00435263	bge	x6,x4,80001034	  x6:0xfffffad1  x4:0x00000001
       15385000	      1537	80001034	00847033	and	x0,x8,x8	  x8:0xb5707000  x8:0xb5707000
       15395000	      1538	80001038	00e25eb3	srl	x29,x4,x14	  x4:0x00000001 x14:0xffffffd5 x29=0x00000000
       15405000	      1539	8000103c	0045cf33	xor	x30,x11,x4	 x11:0x00000600  x4:0x00000001 x30=0x00000601
       15415000	      1540	80001040	018fcc17	auipc	x24,0x18fc	 x24=0x818fd03c
       15425000	      1541	80001044	00781593	slli	x11,x16,0x7	 x16:0x00000001 x11=0x00000080
       15435000	      1542	80001048	c03a0c93	addi	x25,x20,-1021	 x20:0x000004e3 x25=0x000000e6
       15445000	      1543	8000104c	029d6c63	bltu	x26,x9,80001084	 x26:0x00000000  x9:0x4ebd3fc4
       15455000	      1544	00000000	00000013	addi	x0,x0,0	  x0:0x00000000
       15465000	      1545	80001080	00000013	addi	x0,x0,0	  x0:0x00000000
       15475000	      1546	80001084	006a5a33	srl	x20,x20,x6	 x20:0x000004e3  x6:0xfffffad1 x20=0x00000000
       15485000	      1547	80001088	00d97b33	and	x22,x18,x13	 x18:0xffffffff x13:0x00000000 x22=0x00000000
       15495000	      1548	8000108c	02c1f463	bgeu	x3,x12,800010b4	  x3:0x80009fc6 x12:0xffffffff
       15505000	      1549	80001090	07989863	bne	x17,x25,80001100	 x17:0x80009f20 x25:0x000000e6
       15515000	      1550	00000000	00000013	addi	x0,x0,0	  x0:0x00000000
       15525000	      1551	800010fc	00000013	addi	x0,x0,0	  x0:0x00000000
       15535000	      1552	80001100	00000013	addi	x0,x0,0	  x0:0x00000000
       15545000	      1553	80001104	9bd37a37	lui	x20,0x9bd37	 x20=0x9bd37000
       15555000	      1554	80001108	6c37cfb7	lui	x31,0x6c37c	 x31=0x6c37c000
       15565000	      1555	8000110c	00a69cb3	sll	x25,x13,x10	 x13:0x00000000 x10:0x00000000 x25=0x00000000
       15575000	      1556	80001110	afeb5217	auipc	x4,0xafeb5	  x4=0x2feb610c
       15585000	      1557	80001114	407682b3	sub	x5,x13,x7	 x13:0x00000000  x7:0x197b5707  x5=0xe684a8f9
       15595000	      1558	80001118	0091dc33	srl	x24,x3,x9	  x3:0x80009fc6  x9:0x4ebd3fc4 x24=0x080009fc
       15605000	      1559	8000111c	21214013	xori	x0,x2,530	  x2:0x80009fc4
       15615000	      1560	80001120	12337097	auipc	x1,0x12337	  x1=0x9233811c
       15625000	      1561	80001124	05355e97	auipc	x29,0x5355	 x29=0x85356120
       15635000	      1562	80001128	bcd6ca93	xori	x21,x13,-1075	 x13:0x00000000 x21=0xfffffbcd
       15645000	      1563	8000112c	ee12ca17	auipc	x20,0xee12c	 x20=0x6e12d128
       15655000	      1564	80001130	04e04263	blt	x0,x14,80001174	  x0:0x00000000 x14:0xffffffd5
       15665000	      1565	80001134	6f37c813	xori	x16,x15,1779	 x15:0x7c311cc3 x16=0x7c311a30
       15675000	      1566	80001138	0019f233	and	x4,x19,x1	 x19:0x197b527c  x1:0x9233811c  x4=0x1033001c
       15685000	      1567	8000113c	05428263	beq	x5,x20,80001180	  x5:0xe684a8f9 x20:0x6e12d128
       15695000	      1568	80001140	00000013	addi	x0,x0,0	  x0:0x00000000
       15705000	      1569	80001144	01c6d263	bge	x13,x28,80001148	 x13:0x00000000 x28:0x00000001
       15715000	      1570	80001148	0096d033	srl	x0,x13,x9	 x13:0x00000000  x9:0x4ebd3fc4
       15725000	      1571	8000114c	41450fb3	sub	x31,x10,x20	 x10:0x00000000 x20:0x6e12d128 x31=0x91ed2ed8
       15735000	      1572	80001150	02475263	bge	x14,x4,80001174	 x14:0xffffffd5  x4:0x1033001c
       15745000	      1573	80001154	014fc233	xor	x4,x31,x20	 x31:0x91ed2ed8 x20:0x6e12d128  x4=0xfffffff0
       15755000	      1574	80001158	01150d33	add	x26,x10,x17	 x10:0x00000000 x17:0x80009f20 x26=0x80009f20
       15765000	      1575	8000115c	56e2c313	xori	x6,x5,1390	  x5:0xe684a8f9  x6=0xe684ad97
       15775000	      1576	80001160	004fff33	and	x30,x31,x4	 x31:0x91ed2ed8  x4:0xfffffff0 x30=0x91ed2ed0
       15785000	      1577	80001164	01dcc3b3	xor	x7,x25,x29	 x25:0x00000000 x29:0x85356120  x7=0x85356120
       15795000	      1578	80001168	01dd7c33	and	x24,x26,x29	 x26:0x80009f20 x29:0x85356120 x24=0x80000120
       15805000	      1579	8000116c	011469b3	or	x19,x8,x17	  x8:0xb5707000 x17:0x80009f20 x19=0xb570ff20
       15815000	      1580	80001170	006b2033	slt	x0,x22,x6	 x22:0x00000000  x6:0xe684ad97
       15825000	      1581	80001174	409edd13	srai	x26,x29,0x9	 x29:0x85356120 x26=0xffc29ab0
       15835000	      1582	80001178	054de063	bltu	x27,x20,800011b8	 x27:0x00000000 x20:0x6e12d128
       15845000	      1583	00000000	00000013	addi	x0,x0,0	  x0:0x00000000
       15855000	      1584	800011b4	00000013	addi	x0,x0,0	  x0:0x00000000
       15865000	      1585	800011b8	3ffbd717	auipc	x14,0x3ffbd	 x14=0xbffbe1b4
       15875000	      1586	800011bc	ffc00393	addi	x7,x0,-4	  x0:0x00000000  x7=0xfffffffc
       15885000	      1587	800011c0	01f4de13	srli	x28,x9,0x1f	  x9:0x4ebd3fc4 x28=0x00000000
       15895000	      1588	800011c4	0032cbb3	xor	x23,x5,x3	  x5:0xe684a8f9  x3:0x80009fc6 x23=0x6684373f
       15905000	      1589	800011c8	01b05a93	srli	x21,x0,0x1b	  x0:0x00000000 x21=0x00000000
       15915000	      1590	800011cc	00100f13	addi	x30,x0,1	  x0:0x00000000 x30=0x00000001
       15925000	      1591	800011d0	82444b93	xori	x23,x8,-2012	  x8:0xb5707000 x23=0x4a8f8824
       15935000	      1592	800011d4	009c6cb3	or	x25,x24,x9	 x24:0x80000120  x9:0x4ebd3fc4 x25=0xcebd3fe4
       15945000	      1593	800011d8	01e5b4b3	sltu	x9,x11,x30	 x11:0x00000080 x30:0x00000001  x9=0x00000000
       15955000	      1594	800011dc	01b7e033	or	x0,x15,x27	 x15:0x7c311cc3 x27:0x00000000
       15965000	      1595	800011e0	00438393	addi	x7,x7,4	  x7:0xfffffffc  x7=0x00000000
       15975000	      1596	800011e4	0193f6b3	and	x13,x7,x25	  x7:0x00000000 x25:0xcebd3fe4 x13=0x00000000
       15985000	      1597	800011e8	00a00093	addi	x1,x0,10	  x0:0x00000000  x1=0x0000000a
       15995000	      1598	800011ec	00900f93	addi	x31,x0,9	  x0:0x00000000 x31=0x00000009
       16005000	      1599	800011f0	e8027413	andi	x8,x4,-384	  x4:0xfffffff0  x8=0xfffffe80
       16015000	      1600	800011f4	002ae433	or	x8,x21,x2	 x21:0x00000000  x2:0x80009fc4  x8=0x80009fc4
       16025000	      1601	800011f8	ff808093	addi	x1,x1,-8	  x1:0x0000000a  x1=0x00000002
       16035000	      1602	800011fc	ee81f493	andi	x9,x3,-280	  x3:0x80009fc6  x9=0x80009ec0
       16045000	      1603	80001200	fff0f8e3	bgeu	x1,x31,800011f0	  x1:0x00000002 x31:0x00000009
       16055000	      1604	80001204	fde3cae3	blt	x7,x30,800011d8	  x7:0x00000000 x30:0x00000001
       16065000	      1605	00000000	00000013	addi	x0,x0,0	  x0:0x00000000
       16075000	      1606	800011d4	00000013	addi	x0,x0,0	  x0:0x00000000
       16085000	      1607	800011d8	01e5b4b3	sltu	x9,x11,x30	 x11:0x00000080 x30:0x00000001  x9=0x00000000
       16095000	      1608	800011dc	01b7e033	or	x0,x15,x27	 x15:0x7c311cc3 x27:0x00000000
       16105000	      1609	800011e0	00438393	addi	x7,x7,4	  x7:0x00000000  x7=0x00000004
       16115000	      1610	800011e4	0193f6b3	and	x13,x7,x25	  x7:0x00000004 x25:0xcebd3fe4 x13=0x00000004
       16125000	      1611	800011e8	00a00093	addi	x1,x0,10	  x0:0x00000000  x1=0x0000000a
       16135000	      1612	800011ec	00900f93	addi	x31,x0,9	  x0:0x00000000 x31=0x00000009
       16145000	      1613	800011f0	e8027413	andi	x8,x4,-384	  x4:0xfffffff0  x8=0xfffffe80
       16155000	      1614	800011f4	002ae433	or	x8,x21,x2	 x21:0x00000000  x2:0x80009fc4  x8=0x80009fc4
       16165000	      1615	800011f8	ff808093	addi	x1,x1,-8	  x1:0x0000000a  x1=0x00000002
       16175000	      1616	800011fc	ee81f493	andi	x9,x3,-280	  x3:0x80009fc6  x9=0x80009ec0
       16185000	      1617	80001200	fff0f8e3	bgeu	x1,x31,800011f0	  x1:0x00000002 x31:0x00000009
       16195000	      1618	80001204	fde3cae3	blt	x7,x30,800011d8	  x7:0x00000004 x30:0x00000001
       16205000	      1619	80001208	997d6313	ori	x6,x26,-1641	 x26:0xffc29ab0  x6=0xfffffbb7
       16215000	      1620	8000120c	40a30cb3	sub	x25,x6,x10	  x6:0xfffffbb7 x10:0x00000000 x25=0xfffffbb7
       16225000	      1621	80001210	a530ef13	ori	x30,x1,-1453	  x1:0x00000002 x30=0xfffffa53
       16235000	      1622	80001214	01ef1b13	slli	x22,x30,0x1e	 x30:0xfffffa53 x22=0xc0000000
       16245000	      1623	80001218	6a79e693	ori	x13,x19,1703	 x19:0xb570ff20 x13=0xb570ffa7
       16255000	      1624	8000121c	40f3dfb3	sra	x31,x7,x15	  x7:0x00000004 x15:0x7c311cc3 x31=0x00000000
       16265000	      1625	80001220	026ff463	bgeu	x31,x6,80001248	 x31:0x00000000  x6:0xfffffbb7
       16275000	      1626	80001224	036c0263	beq	x24,x22,80001248	 x24:0x80000120 x22:0xc0000000
       16285000	      1627	80001228	41430cb3	sub	x25,x6,x20	  x6:0xfffffbb7 x20:0x6e12d128 x25=0x91ed2a8f
       16295000	      1628	8000122c	27b9ae13	slti	x28,x19,635	 x19:0xb570ff20 x28=0x00000001
       16305000	      1629	80001230	03fcfa63	bgeu	x25,x31,80001264	 x25:0x91ed2a8f x31:0x00000000
       16315000	      1630	00000000	00000013	addi	x0,x0,0	  x0:0x00000000
       16325000	      1631	80001260	00000013	addi	x0,x0,0	  x0:0x00000000
       16335000	      1632	80001264	01eeae33	slt	x28,x29,x30	 x29:0x85356120 x30:0xfffffa53 x28=0x00000001
       16345000	      1633	80001268	40ca5a33	sra	x20,x20,x12	 x20:0x6e12d128 x12:0xffffffff x20=0x00000000
       16355000	      1634	8000126c	00000013	addi	x0,x0,0	  x0:0x00000000
       16365000	      1635	80001270	02278663	beq	x15,x2,8000129c	 x15:0x7c311cc3  x2:0x80009fc4
       16375000	      1636	80001274	01791833	sll	x16,x18,x23	 x18:0xffffffff x23:0x4a8f8824 x16=0xfffffff0
       16385000	      1637	80001278	02b2e263	bltu	x5,x11,8000129c	  x5:0xe684a8f9 x11:0x00000080
       16395000	      1638	8000127c	01efd0b3	srl	x1,x31,x30	 x31:0x00000000 x30:0xfffffa53  x1=0x00000000
       16405000	      1639	80001280	025bd663	bge	x23,x5,800012ac	 x23:0x4a8f8824  x5:0xe684a8f9
       16415000	      1640	00000000	00000013	addi	x0,x0,0	  x0:0x00000000
       16425000	      1641	800012a8	00000013	addi	x0,x0,0	  x0:0x00000000
       16435000	      1642	800012ac	01eb4a63	blt	x22,x30,800012c0	 x22:0xc0000000 x30:0xfffffa53
       16445000	      1643	00000000	00000013	addi	x0,x0,0	  x0:0x00000000
       16455000	      1644	800012bc	00000013	addi	x0,x0,0	  x0:0x00000000
       16465000	      1645	800012c0	0091d6b3	srl	x13,x3,x9	  x3:0x80009fc6  x9:0x80009ec0 x13=0x80009fc6
       16475000	      1646	800012c4	0280d063	bge	x1,x8,800012e4	  x1:0x00000000  x8:0x80009fc4
       16485000	      1647	00000000	00000013	addi	x0,x0,0	  x0:0x00000000
       16495000	      1648	800012e0	00000013	addi	x0,x0,0	  x0:0x00000000
       16505000	      1649	800012e4	0b41b393	sltiu	x7,x3,180	  x3:0x80009fc6  x7=0x00000000
       16515000	      1650	800012e8	0180db93	srli	x23,x1,0x18	  x1:0x00000000 x23=0x00000000
       16525000	      1651	800012ec	011b6b33	or	x22,x22,x17	 x22:0xc0000000 x17:0x80009f20 x22=0xc0009f20
       16535000	      1652	800012f0	0298d263	bge	x17,x9,80001314	 x17:0x80009f20  x9:0x80009ec0
       16545000	      1653	00000000	00000013	addi	x0,x0,0	  x0:0x00000000
       16555000	      1654	80001310	00000013	addi	x0,x0,0	  x0:0x00000000
       16565000	      1655	80001314	010b84b3	add	x9,x23,x16	 x23:0x00000000 x16:0xfffffff0  x9=0xfffffff0
       16575000	      1656	80001318	41b08533	sub	x10,x1,x27	  x1:0x00000000 x27:0x00000000 x10=0x00000000
       16585000	      1657	8000131c	406f8f33	sub	x30,x31,x6	 x31:0x00000000  x6:0xfffffbb7 x30=0x00000449
       16595000	      1658	80001320	01fd4eb3	xor	x29,x26,x31	 x26:0xffc29ab0 x31:0x00000000 x29=0xffc29ab0
       16605000	      1659	80001324	00950c33	add	x24,x10,x9	 x10:0x00000000  x9:0xfffffff0 x24=0xfffffff0
       16615000	      1660	80001328	a54cac93	slti	x25,x25,-1452	 x25:0x91ed2a8f x25=0x00000001
       16625000	      1661	8000132c	00b55463	bge	x10,x11,80001334	 x10:0x00000000 x11:0x00000080
       16635000	      1662	80001330	a9dcf713	andi	x14,x25,-1379	 x25:0x00000001 x14=0x00000001
       16645000	      1663	80001334	01e70033	add	x0,x14,x30	 x14:0x00000001 x30:0x00000449
       16655000	      1664	80001338	0083eb33	or	x22,x7,x8	  x7:0x00000000  x8:0x80009fc4 x22=0x80009fc4
       16665000	      1665	8000133c	018c79b3	and	x19,x24,x24	 x24:0xfffffff0 x24:0xfffffff0 x19=0xfffffff0
       16675000	      1666	80001340	005dedb3	or	x27,x27,x5	 x27:0x00000000  x5:0xe684a8f9 x27=0xe684a8f9
       16685000	      1667	80001344	08eaab13	slti	x22,x21,142	 x21:0x00000000 x22=0x00000001
       16695000	      1668	80001348	05da8263	beq	x21,x29,8000138c	 x21:0x00000000 x29:0xffc29ab0
       16705000	      1669	8000134c	00000013	addi	x0,x0,0	  x0:0x00000000
       16715000	      1670	80001350	ad042e37	lui	x28,0xad042	 x28=0xad042000
       16725000	      1671	80001354	010e5433	srl	x8,x28,x16	 x28:0xad042000 x16:0xfffffff0  x8=0x0000ad04
       16735000	      1672	80001358	0056dfb3	srl	x31,x13,x5	 x13:0x80009fc6  x5:0xe684a8f9 x31=0x00000040
       16745000	      1673	8000135c	04ec5063	bge	x24,x14,8000139c	 x24:0xfffffff0 x14:0x00000001
       16755000	      1674	80001360	6600c413	xori	x8,x1,1632	  x1:0x00000000  x8=0x00000660
       16765000	      1675	80001364	017f5733	srl	x14,x30,x23	 x30:0x00000449 x23:0x00000000 x14=0x00000449
       16775000	      1676	80001368	01f2e533	or	x10,x5,x31	  x5:0xe684a8f9 x31:0x00000040 x10=0xe684a8f9
       16785000	      1677	8000136c	01859eb3	sll	x29,x11,x24	 x11:0x00000080 x24:0xfffffff0 x29=0x00800000
       16795000	      1678	80001370	0154adb3	slt	x27,x9,x21	  x9:0xfffffff0 x21:0x00000000 x27=0x00000001
       16805000	      1679	80001374	00cc00b3	add	x1,x24,x12	 x24:0xfffffff0 x12:0xffffffff  x1=0xffffffef
       16815000	      1680	80001378	00000013	addi	x0,x0,0	  x0:0x00000000
       16825000	      1681	8000137c	005012b3	sll	x5,x0,x5	  x0:0x00000000  x5:0xe684a8f9  x5=0x00000000
       16835000	      1682	80001380	01f62d33	slt	x26,x12,x31	 x12:0xffffffff x31:0x00000040 x26=0x00000001
       16845000	      1683	80001384	a9ebae93	slti	x29,x23,-1378	 x23:0x00000000 x29=0x00000000
       16855000	      1684	80001388	00957463	bgeu	x10,x9,80001390	 x10:0xe684a8f9  x9:0xfffffff0
       16865000	      1685	8000138c	04f01863	bne	x0,x15,800013dc	  x0:0x00000000 x15:0x7c311cc3
       16875000	      1686	00000000	00000013	addi	x0,x0,0	  x0:0x00000000
       16885000	      1687	800013d8	00000013	addi	x0,x0,0	  x0:0x00000000
       16895000	      1688	800013dc	01ff0233	add	x4,x30,x31	 x30:0x00000449 x31:0x00000040  x4=0x00000489
       16905000	      1689	800013e0	00165ab3	srl	x21,x12,x1	 x12:0xffffffff  x1:0xffffffef x21=0x0001ffff
       16915000	      1690	800013e4	018f73b3	and	x7,x30,x24	 x30:0x00000449 x24:0xfffffff0  x7=0x00000440
       16925000	      1691	800013e8	00220c33	add	x24,x4,x2	  x4:0x00000489  x2:0x80009fc4 x24=0x8000a44d
       16935000	      1692	800013ec	00dcd4b3	srl	x9,x25,x13	 x25:0x00000001 x13:0x80009fc6  x9=0x00000000
       16945000	      1693	800013f0	00773233	sltu	x4,x14,x7	 x14:0x00000449  x7:0x00000440  x4=0x00000000
       16955000	      1694	800013f4	f735bf17	auipc	x30,0xf735b	 x30=0x7735c3f0
       16965000	      1695	800013f8	008aa1b3	slt	x3,x21,x8	 x21:0x0001ffff  x8:0x00000660  x3=0x00000000
       16975000	      1696	800013fc	6615d837	lui	x16,0x6615d	 x16=0x6615d000
       16985000	      1697	80001400	00000013	addi	x0,x0,0	  x0:0x00000000
       16995000	      1698	80001404	0050b817	auipc	x16,0x50b	 x16=0x8050c400
       17005000	      1699	80001408	018c6e33	or	x28,x24,x24	 x24:0x8000a44d x24:0x8000a44d x28=0x8000a44d
       17015000	      1700	8000140c	00000013	addi	x0,x0,0	  x0:0x00000000
       17025000	      1701	80001410	8e7e2413	slti	x8,x28,-1817	 x28:0x8000a44d  x8=0x00000001
       17035000	      1702	80001414	5f823813	sltiu	x16,x4,1528	  x4:0x00000000 x16=0x00000001
       17045000	      1703	80001418	7404f613	andi	x12,x9,1856	  x9:0x00000000 x12=0x00000000
       17055000	      1704	8000141c	57c8e413	ori	x8,x17,1404	 x17:0x80009f20  x8=0x80009f7c
       17065000	      1705	80001420	c44dca93	xori	x21,x27,-956	 x27:0x00000001 x21=0xfffffc45
       17075000	      1706	80001424	41858ab3	sub	x21,x11,x24	 x11:0x00000080 x24:0x8000a44d x21=0x7fff5c33
       17085000	      1707	80001428	04dd4863	blt	x26,x13,80001478	 x26:0x00000001 x13:0x80009fc6
       17095000	      1708	8000142c	00db9a13	slli	x20,x23,0xd	 x23:0x00000000 x20=0x00000000
       17105000	      1709	80001430	a242b513	sltiu	x10,x5,-1500	  x5:0x00000000 x10=0x00000001
       17115000	      1710	80001434	01c07733	and	x14,x0,x28	  x0:0x00000000 x28:0x8000a44d x14=0x00000000
       17125000	      1711	80001438	03839263	bne	x7,x24,8000145c	  x7:0x00000440 x24:0x8000a44d
       17135000	      1712	00000000	00000013	addi	x0,x0,0	  x0:0x00000000
       17145000	      1713	80001458	00000013	addi	x0,x0,0	  x0:0x00000000
       17155000	      1714	8000145c	41ca5233	sra	x4,x20,x28	 x20:0x00000000 x28:0x8000a44d  x4=0x00000000
       17165000	      1715	80001460	00000013	addi	x0,x0,0	  x0:0x00000000
       17175000	      1716	80001464	01b181b3	add	x3,x3,x27	  x3:0x00000000 x27:0x00000001  x3=0x00000001
       17185000	      1717	80001468	04648263	beq	x9,x6,800014ac	  x9:0x00000000  x6:0xfffffbb7
       17195000	      1718	8000146c	01071693	slli	x13,x14,0x10	 x14:0x00000000 x13=0x00000000
       17205000	      1719	80001470	01c21d93	slli	x27,x4,0x1c	  x4:0x00000000 x27=0x00000000
       17215000	      1720	80001474	40445e33	sra	x28,x8,x4	  x8:0x80009f7c  x4:0x00000000 x28=0x80009f7c
       17225000	      1721	80001478	00b7bbb3	sltu	x23,x15,x11	 x15:0x7c311cc3 x11:0x00000080 x23=0x00000000
       17235000	      1722	8000147c	ca192013	slti	x0,x18,-863	 x18:0xffffffff
       17245000	      1723	80001480	0090e3b3	or	x7,x1,x9	  x1:0xffffffef  x9:0x00000000  x7=0xffffffef
       17255000	      1724	80001484	7f822493	slti	x9,x4,2040	  x4:0x00000000  x9=0x00000001
       17265000	      1725	80001488	00000013	addi	x0,x0,0	  x0:0x00000000
       17275000	      1726	8000148c	533a4b93	xori	x23,x20,1331	 x20:0x00000000 x23=0x00000533
       17285000	      1727	80001490	01502433	slt	x8,x0,x21	  x0:0x00000000 x21:0x7fff5c33  x8=0x00000001
       17295000	      1728	80001494	00000013	addi	x0,x0,0	  x0:0x00000000
       17305000	      1729	80001498	01db1413	slli	x8,x22,0x1d	 x22:0x00000001  x8=0x20000000
       17315000	      1730	8000149c	00e62633	slt	x12,x12,x14	 x12:0x00000000 x14:0x00000000 x12=0x00000000
       17325000	      1731	800014a0	0022c533	xor	x10,x5,x2	  x5:0x00000000  x2:0x80009fc4 x10=0x80009fc4
       17335000	      1732	800014a4	01920a63	beq	x4,x25,800014b8	  x4:0x00000000 x25:0x00000001
       17345000	      1733	800014a8	4127d813	srai	x16,x15,0x12	 x15:0x7c311cc3 x16=0x00001f0c
       17355000	      1734	800014ac	01ec7493	andi	x9,x24,30	 x24:0x8000a44d  x9=0x0000000c
       17365000	      1735	800014b0	0764f663	bgeu	x9,x22,8000151c	  x9:0x0000000c x22:0x00000001
       17375000	      1736	00000000	00000013	addi	x0,x0,0	  x0:0x00000000
       17385000	      1737	80001518	00000013	addi	x0,x0,0	  x0:0x00000000
       17395000	      1738	8000151c	01d4d413	srli	x8,x9,0x1d	  x9:0x0000000c  x8=0x00000000
       17405000	      1739	80001520	e17b3e93	sltiu	x29,x22,-489	 x22:0x00000001 x29=0x00000001
       17415000	      1740	80001524	05af1263	bne	x30,x26,80001568	 x30:0x7735c3f0 x26:0x00000001
       17425000	      1741	00000000	00000013	addi	x0,x0,0	  x0:0x00000000
       17435000	      1742	80001564	00000013	addi	x0,x0,0	  x0:0x00000000
       17445000	      1743	80001568	0038cc33	xor	x24,x17,x3	 x17:0x80009f20  x3:0x00000001 x24=0x80009f21
       17455000	      1744	8000156c	0119de93	srli	x29,x19,0x11	 x19:0xfffffff0 x29=0x00007fff
       17465000	      1745	80001570	00dce3b3	or	x7,x25,x13	 x25:0x00000001 x13:0x00000000  x7=0x00000001
       17475000	      1746	80001574	bececf13	xori	x30,x29,-1044	 x29:0x00007fff x30=0xffff8413
       17485000	      1747	80001578	415cda93	srai	x21,x25,0x15	 x25:0x00000001 x21=0x00000000
       17495000	      1748	8000157c	00709bb3	sll	x23,x1,x7	  x1:0xffffffef  x7:0x00000001 x23=0xffffffde
       17505000	      1749	80001580	02a69263	bne	x13,x10,800015a4	 x13:0x00000000 x10:0x80009fc4
       17515000	      1750	00000000	00000013	addi	x0,x0,0	  x0:0x00000000
       17525000	      1751	800015a0	00000013	addi	x0,x0,0	  x0:0x00000000
       17535000	      1752	800015a4	042f1863	bne	x30,x2,800015f4	 x30:0xffff8413  x2:0x80009fc4
       17545000	      1753	00000000	00000013	addi	x0,x0,0	  x0:0x00000000
       17555000	      1754	800015f0	00000013	addi	x0,x0,0	  x0:0x00000000
       17565000	      1755	800015f4	90a0be13	sltiu	x28,x1,-1782	  x1:0xffffffef x28=0x00000000
       17575000	      1756	800015f8	c3cd0f13	addi	x30,x26,-964	 x26:0x00000001 x30=0xfffffc3d
       17585000	      1757	800015fc	41425a33	sra	x20,x4,x20	  x4:0x00000000 x20:0x00000000 x20=0x00000000
       17595000	      1758	80001600	00368bb3	add	x23,x13,x3	 x13:0x00000000  x3:0x00000001 x23=0x00000001
       17605000	      1759	80001604	00185a33	srl	x20,x16,x1	 x16:0x00001f0c  x1:0xffffffef x20=0x00000000
       17615000	      1760	80001608	78b10493	addi	x9,x2,1931	  x2:0x80009fc4  x9=0x8000a74f
       17625000	      1761	8000160c	d3a6b713	sltiu	x14,x13,-710	 x13:0x00000000 x14=0x00000001
       17635000	      1762	80001610	e523cb13	xori	x22,x7,-430	  x7:0x00000001 x22=0xfffffe53
       17645000	      1763	80001614	a94df013	andi	x0,x27,-1388	 x27:0x00000000
       17655000	      1764	80001618	00000013	addi	x0,x0,0	  x0:0x00000000
       17665000	      1765	8000161c	ccf30493	addi	x9,x6,-817	  x6:0xfffffbb7  x9=0xfffff886
       17675000	      1766	80001620	01110cb3	add	x25,x2,x17	  x2:0x80009fc4 x17:0x80009f20 x25=0x00013ee4
       17685000	      1767	80001624	059a6863	bltu	x20,x25,80001674	 x20:0x00000000 x25:0x00013ee4
       17695000	      1768	00000000	00000013	addi	x0,x0,0	  x0:0x00000000
       17705000	      1769	80001670	00000013	addi	x0,x0,0	  x0:0x00000000
       17715000	      1770	80001674	ddd57393	andi	x7,x10,-547	 x10:0x80009fc4  x7=0x80009dc4
       17725000	      1771	80001678	40745e13	srai	x28,x8,0x7	  x8:0x00000000 x28=0x00000000
       17735000	      1772	8000167c	0026de63	bge	x13,x2,80001698	 x13:0x00000000  x2:0x80009fc4
       17745000	      1773	00000000	00000013	addi	x0,x0,0	  x0:0x00000000
       17755000	      1774	80001694	00000013	addi	x0,x0,0	  x0:0x00000000
       17765000	      1775	80001698	af341a37	lui	x20,0xaf341	 x20=0xaf341000
       17775000	      1776	8000169c	e30952b7	lui	x5,0xe3095	  x5=0xe3095000
       17785000	      1777	800016a0	00000013	addi	x0,x0,0	  x0:0x00000000
       17795000	      1778	800016a4	67d0ce13	xori	x28,x1,1661	  x1:0xffffffef x28=0xfffff992
       17805000	      1779	800016a8	03adec63	bltu	x27,x26,800016e0	 x27:0x00000000 x26:0x00000001
       17815000	      1780	00000000	00000013	addi	x0,x0,0	  x0:0x00000000
       17825000	      1781	800016dc	00000013	addi	x0,x0,0	  x0:0x00000000
       17835000	      1782	800016e0	449c0293	addi	x5,x24,1097	 x24:0x80009f21  x5=0x8000a36a
       17845000	      1783	800016e4	401bd993	srai	x19,x23,0x1	 x23:0x00000001 x19=0x00000000
       17855000	      1784	800016e8	15bb0013	addi	x0,x22,347	 x22:0xfffffe53
       17865000	      1785	800016ec	47397d93	andi	x27,x18,1139	 x18:0xffffffff x27=0x00000473
       17875000	      1786	800016f0	41b081b3	sub	x3,x1,x27	  x1:0xffffffef x27:0x00000473  x3=0xfffffb7c
       17885000	      1787	800016f4	01e174b3	and	x9,x2,x30	  x2:0x80009fc4 x30:0xfffffc3d  x9=0x80009c04
       17895000	      1788	800016f8	015760b3	or	x1,x14,x21	 x14:0x00000001 x21:0x00000000  x1=0x00000001
       17905000	      1789	800016fc	018cc2b3	xor	x5,x25,x24	 x25:0x00013ee4 x24:0x80009f21  x5=0x8001a1c5
       17915000	      1790	80001700	007bbcb3	sltu	x25,x23,x7	 x23:0x00000001  x7:0x80009dc4 x25=0x00000001
       17925000	      1791	80001704	0131ecb3	or	x25,x3,x19	  x3:0xfffffb7c x19:0x00000000 x25=0xfffffb7c
       17935000	      1792	80001708	01391c63	bne	x18,x19,80001720	 x18:0xffffffff x19:0x00000000
       17945000	      1793	00000000	00000013	addi	x0,x0,0	  x0:0x00000000
       17955000	      1794	8000171c	00000013	addi	x0,x0,0	  x0:0x00000000
       17965000	      1795	80001720	01e64cb3	xor	x25,x12,x30	 x12:0x00000000 x30:0xfffffc3d x25=0xfffffc3d
       17975000	      1796	80001724	00322fb3	slt	x31,x4,x3	  x4:0x00000000  x3:0xfffffb7c x31=0x00000000
       17985000	      1797	80001728	00bdc463	blt	x27,x11,80001730	 x27:0x00000473 x11:0x00000080
       17995000	      1798	8000172c	00c53f33	sltu	x30,x10,x12	 x10:0x80009fc4 x12:0x00000000 x30=0x00000000
       18005000	      1799	80001730	473f3393	sltiu	x7,x30,1139	 x30:0x00000000  x7=0x00000001
       18015000	      1800	80001734	01bc4e63	blt	x24,x27,80001750	 x24:0x80009f21 x27:0x00000473
       18025000	      1801	00000000	00000013	addi	x0,x0,0	  x0:0x00000000
       18035000	      1802	8000174c	00000013	addi	x0,x0,0	  x0:0x00000000
       18045000	      1803	80001750	00b884b3	add	x9,x17,x11	 x17:0x80009f20 x11:0x00000080  x9=0x80009fa0
       18055000	      1804	80001754	00b891b3	sll	x3,x17,x11	 x17:0x80009f20 x11:0x00000080  x3=0x80009f20
       18065000	      1805	80001758	1a780737	lui	x14,0x1a780	 x14=0x1a780000
       18075000	      1806	8000175c	00c15f13	srli	x30,x2,0xc	  x2:0x80009fc4 x30=0x00080009
       18085000	      1807	80001760	25e73993	sltiu	x19,x14,606	 x14:0x1a780000 x19=0x00000000
       18095000	      1808	80001764	b4b48b97	auipc	x23,0xb4b48	 x23=0x34b49760
       18105000	      1809	80001768	6c5e4197	auipc	x3,0x6c5e4	  x3=0xec5e5764
       18115000	      1810	8000176c	4159d033	sra	x0,x19,x21	 x19:0x00000000 x21:0x00000000
       18125000	      1811	80001770	017b6633	or	x12,x22,x23	 x22:0xfffffe53 x23:0x34b49760 x12=0xffffff73
       18135000	      1812	80001774	01493cb3	sltu	x25,x18,x20	 x18:0xffffffff x20:0xaf341000 x25=0x00000000
       18145000	      1813	80001778	004add33	srl	x26,x21,x4	 x21:0x00000000  x4:0x00000000 x26=0x00000000
       18155000	      1814	8000177c	41b95d33	sra	x26,x18,x27	 x18:0xffffffff x27:0x00000473 x26=0xffffffff
       18165000	      1815	80001780	04d2d663	bge	x5,x13,800017cc	  x5:0x8001a1c5 x13:0x00000000
       18175000	      1816	80001784	00d21813	slli	x16,x4,0xd	  x4:0x00000000 x16=0x00000000
       18185000	      1817	80001788	bc91eb13	ori	x22,x3,-1079	  x3:0xec5e5764 x22=0xffffffed
       18195000	      1818	8000178c	00557eb3	and	x29,x10,x5	 x10:0x80009fc4  x5:0x8001a1c5 x29=0x800081c4
       18205000	      1819	80001790	40785b33	sra	x22,x16,x7	 x16:0x00000000  x7:0x00000001 x22=0x00000000
       18215000	      1820	80001794	41b7d393	srai	x7,x15,0x1b	 x15:0x7c311cc3  x7=0x0000000f
       18225000	      1821	80001798	b542f293	andi	x5,x5,-1196	  x5:0x8001a1c5  x5=0x8001a144
       18235000	      1822	8000179c	40d38433	sub	x8,x7,x13	  x7:0x0000000f x13:0x00000000  x8=0x0000000f
       18245000	      1823	800017a0	7805bb93	sltiu	x23,x11,1920	 x11:0x00000080 x23=0x00000001
       18255000	      1824	800017a4	41088033	sub	x0,x17,x16	 x17:0x80009f20 x16:0x00000000
       18265000	      1825	800017a8	01614633	xor	x12,x2,x22	  x2:0x80009fc4 x22:0x00000000 x12=0x80009fc4
       18275000	      1826	800017ac	9c43a193	slti	x3,x7,-1596	  x7:0x0000000f  x3=0x00000000
       18285000	      1827	800017b0	0001e533	or	x10,x3,x0	  x3:0x00000000  x0:0x00000000 x10=0x00000000
       18295000	      1828	800017b4	01793533	sltu	x10,x18,x23	 x18:0xffffffff x23:0x00000001 x10=0x00000000
       18305000	      1829	800017b8	0141a533	slt	x10,x3,x20	  x3:0x00000000 x20:0xaf341000 x10=0x00000000
       18315000	      1830	800017bc	c2f3cb13	xori	x22,x7,-977	  x7:0x0000000f x22=0xfffffc20
       18325000	      1831	800017c0	41d302b3	sub	x5,x6,x29	  x6:0xfffffbb7 x29:0x800081c4  x5=0x7fff79f3
       18335000	      1832	800017c4	6bcfb493	sltiu	x9,x31,1724	 x31:0x00000000  x9=0x00000001
       18345000	      1833	800017c8	04497863	bgeu	x18,x4,80001818	 x18:0xffffffff  x4:0x00000000
       18355000	      1834	00000000	00000013	addi	x0,x0,0	  x0:0x00000000
       18365000	      1835	80001814	00000013	addi	x0,x0,0	  x0:0x00000000
       18375000	      1836	80001818	0a570917	auipc	x18,0xa570	 x18=0x8a571814
       18385000	      1837	8000181c	402500b3	sub	x1,x10,x2	 x10:0x00000000  x2:0x80009fc4  x1=0x7fff603c
       18395000	      1838	80001820	0083c733	xor	x14,x7,x8	  x7:0x0000000f  x8:0x0000000f x14=0x00000000
       18405000	      1839	80001824	1e053213	sltiu	x4,x10,480	 x10:0x00000000  x4=0x00000001
       18415000	      1840	80001828	012282b3	add	x5,x5,x18	  x5:0x7fff79f3 x18:0x8a571814  x5=0x0a569207
       18425000	      1841	8000182c	5c8b0f93	addi	x31,x22,1480	 x22:0xfffffc20 x31=0x000001e8
       18435000	      1842	80001830	405b0cb3	sub	x25,x22,x5	 x22:0xfffffc20  x5:0x0a569207 x25=0xf5a96a19
       18445000	      1843	80001834	2144e997	auipc	x19,0x2144e	 x19=0xa144f830
       18455000	      1844	80001838	002e5b93	srli	x23,x28,0x2	 x28:0xfffff992 x23=0x3ffffe64
       18465000	      1845	8000183c	0080dbb3	srl	x23,x1,x8	  x1:0x7fff603c  x8:0x0000000f x23=0x0000fffe
       18475000	      1846	80001840	60baea13	ori	x20,x21,1547	 x21:0x00000000 x20=0x0000060b
       18485000	      1847	80001844	05aa7063	bgeu	x20,x26,80001884	 x20:0x0000060b x26:0xffffffff
       18495000	      1848	80001848	04598063	beq	x19,x5,80001888	 x19:0xa144f830  x5:0x0a569207
       18505000	      1849	8000184c	01144e63	blt	x8,x17,80001868	  x8:0x0000000f x17:0x80009f20
       18515000	      1850	80001850	222c3a93	sltiu	x21,x24,546	 x24:0x80009f21 x21=0x00000000
       18525000	      1851	80001854	408b5293	srai	x5,x22,0x8	 x22:0xfffffc20  x5=0xfffffffc
       18535000	      1852	80001858	76b76e37	lui	x28,0x76b76	 x28=0x76b76000
       18545000	      1853	8000185c	05c76063	bltu	x14,x28,8000189c	 x14:0x00000000 x28:0x76b76000
       18555000	      1854	00000000	00000013	addi	x0,x0,0	  x0:0x00000000
       18565000	      1855	80001898	00000013	addi	x0,x0,0	  x0:0x00000000
       18575000	      1856	8000189c	00095db3	srl	x27,x18,x0	 x18:0x8a571814  x0:0x00000000 x27=0x8a571814
       18585000	      1857	800018a0	04ede663	bltu	x27,x14,800018ec	 x27:0x8a571814 x14:0x00000000
       18595000	      1858	800018a4	f4073e13	sltiu	x28,x14,-192	 x14:0x00000000 x28=0x00000001
       18605000	      1859	800018a8	00bc9313	slli	x6,x25,0xb	 x25:0xf5a96a19  x6=0x4b50c800
       18615000	      1860	800018ac	40250d33	sub	x26,x10,x2	 x10:0x00000000  x2:0x80009fc4 x26=0x7fff603c
       18625000	      1861	800018b0	5abb8093	addi	x1,x23,1451	 x23:0x0000fffe  x1=0x000105a9
       18635000	      1862	800018b4	02a8f063	bgeu	x17,x10,800018d4	 x17:0x80009f20 x10:0x00000000
       18645000	      1863	00000000	00000013	addi	x0,x0,0	  x0:0x00000000
       18655000	      1864	800018d0	00000013	addi	x0,x0,0	  x0:0x00000000
       18665000	      1865	800018d4	40075033	sra	x0,x14,x0	 x14:0x00000000  x0:0x00000000
       18675000	      1866	800018d8	00000013	addi	x0,x0,0	  x0:0x00000000
       18685000	      1867	800018dc	da438d13	addi	x26,x7,-604	  x7:0x0000000f x26=0xfffffdb3
       18695000	      1868	800018e0	0191ecb3	or	x25,x3,x25	  x3:0x00000000 x25:0xf5a96a19 x25=0xf5a96a19
       18705000	      1869	800018e4	412e5bb3	sra	x23,x28,x18	 x28:0x00000001 x18:0x8a571814 x23=0x00000000
       18715000	      1870	800018e8	41cf5b33	sra	x22,x30,x28	 x30:0x00080009 x28:0x00000001 x22=0x00040004
       18725000	      1871	800018ec	5aaae613	ori	x12,x21,1450	 x21:0x00000000 x12=0x000005aa
       18735000	      1872	800018f0	0fa9a813	slti	x16,x19,250	 x19:0xa144f830 x16=0x00000001
       18745000	      1873	800018f4	01094db3	xor	x27,x18,x16	 x18:0x8a571814 x16:0x00000001 x27=0x8a571815
       18755000	      1874	800018f8	00de1a93	slli	x21,x28,0xd	 x28:0x00000001 x21=0x00002000
       18765000	      1875	800018fc	6aedf413	andi	x8,x27,1710	 x27:0x8a571815  x8=0x00000004
       18775000	      1876	80001900	02e5e663	bltu	x11,x14,8000192c	 x11:0x00000080 x14:0x00000000
       18785000	      1877	80001904	72d03393	sltiu	x7,x0,1837	  x0:0x00000000  x7=0x00000001
       18795000	      1878	80001908	00792533	slt	x10,x18,x7	 x18:0x8a571814  x7:0x00000001 x10=0x00000001
       18805000	      1879	8000190c	1513e9b7	lui	x19,0x1513e	 x19=0x1513e000
       18815000	      1880	80001910	41f0dc93	srai	x25,x1,0x1f	  x1:0x000105a9 x25=0x00000000
       18825000	      1881	80001914	04ff6863	bltu	x30,x15,80001964	 x30:0x00080009 x15:0x7c311cc3
       18835000	      1882	00000000	00000013	addi	x0,x0,0	  x0:0x00000000
       18845000	      1883	80001960	00000013	addi	x0,x0,0	  x0:0x00000000
       18855000	      1884	80001964	7f4cbc97	auipc	x25,0x7f4cb	 x25=0xff4cc960
       18865000	      1885	80001968	4076d0b3	sra	x1,x13,x7	 x13:0x00000000  x7:0x00000001  x1=0x00000000
       18875000	      1886	8000196c	55d4ed13	ori	x26,x9,1373	  x9:0x00000001 x26=0x0000055d
       18885000	      1887	80001970	400350b3	sra	x1,x6,x0	  x6:0x4b50c800  x0:0x00000000  x1=0x4b50c800
       18895000	      1888	80001974	00317e33	and	x28,x2,x3	  x2:0x80009fc4  x3:0x00000000 x28=0x00000000
       18905000	      1889	80001978	0186f533	and	x10,x13,x24	 x13:0x00000000 x24:0x80009f21 x10=0x00000000
       18915000	      1890	8000197c	59c2a193	slti	x3,x5,1436	  x5:0xfffffffc  x3=0x00000001
       18925000	      1891	80001980	0505e863	bltu	x11,x16,800019d0	 x11:0x00000080 x16:0x00000001
       18935000	      1892	80001984	03b85663	bge	x16,x27,800019b0	 x16:0x00000001 x27:0x8a571815
       18945000	      1893	00000000	00000013	addi	x0,x0,0	  x0:0x00000000
       18955000	      1894	800019ac	00000013	addi	x0,x0,0	  x0:0x00000000
       18965000	      1895	800019b0	c5028637	lui	x12,0xc5028	 x12=0xc5028000
       18975000	      1896	800019b4	00a8f9b3	and	x19,x17,x10	 x17:0x80009f20 x10:0x00000000 x19=0x00000000
       18985000	      1897	800019b8	01e320b3	slt	x1,x6,x30	  x6:0x4b50c800 x30:0x00080009  x1=0x00000000
       18995000	      1898	800019bc	0137aab3	slt	x21,x15,x19	 x15:0x7c311cc3 x19:0x00000000 x21=0x00000000
       19005000	      1899	800019c0	011f6463	bltu	x30,x17,800019c8	 x30:0x00080009 x17:0x80009f20
       19015000	      1900	00000000	00000013	addi	x0,x0,0	  x0:0x00000000
       19025000	      1901	800019c4	00000013	addi	x0,x0,0	  x0:0x00000000
       19035000	      1902	800019c8	e55fe513	ori	x10,x31,-427	 x31:0x000001e8 x10=0xfffffffd
       19045000	      1903	800019cc	00000013	addi	x0,x0,0	  x0:0x00000000
       19055000	      1904	800019d0	407d8db3	sub	x27,x27,x7	 x27:0x8a571815  x7:0x00000001 x27=0x8a571814
       19065000	      1905	800019d4	01d1b233	sltu	x4,x3,x29	  x3:0x00000001 x29:0x800081c4  x4=0x00000001
       19075000	      1906	800019d8	21b8bb13	sltiu	x22,x17,539	 x17:0x80009f20 x22=0x00000000
       19085000	      1907	800019dc	0184fd33	and	x26,x9,x24	  x9:0x00000001 x24:0x80009f21 x26=0x00000001
       19095000	      1908	800019e0	1b5e8417	auipc	x8,0x1b5e8	  x8=0x9b5e99dc
       19105000	      1909	800019e4	015dbbb3	sltu	x23,x27,x21	 x27:0x8a571814 x21:0x00000000 x23=0x00000000
       19115000	      1910	800019e8	004c15b3	sll	x11,x24,x4	 x24:0x80009f21  x4:0x00000001 x11=0x00013e42
       19125000	      1911	800019ec	01691863	bne	x18,x22,800019fc	 x18:0x8a571814 x22:0x00000000
       19135000	      1912	00000000	00000013	addi	x0,x0,0	  x0:0x00000000
       19145000	      1913	800019f8	00000013	addi	x0,x0,0	  x0:0x00000000
       19155000	      1914	800019fc	03fe4c63	blt	x28,x31,80001a34	 x28:0x00000000 x31:0x000001e8
       19165000	      1915	00000000	00000013	addi	x0,x0,0	  x0:0x00000000
       19175000	      1916	80001a30	00000013	addi	x0,x0,0	  x0:0x00000000
       19185000	      1917	80001a34	014d9c93	slli	x25,x27,0x14	 x27:0x8a571814 x25=0x81400000
       19195000	      1918	80001a38	28727c93	andi	x25,x4,647	  x4:0x00000001 x25=0x00000001
       19205000	      1919	80001a3c	38fa7b13	andi	x22,x20,911	 x20:0x0000060b x22=0x0000020b
       19215000	      1920	80001a40	04951263	bne	x10,x9,80001a84	 x10:0xfffffffd  x9:0x00000001
       19225000	      1921	00000000	00000013	addi	x0,x0,0	  x0:0x00000000
       19235000	      1922	80001a80	00000013	addi	x0,x0,0	  x0:0x00000000
       19245000	      1923	80001a84	04de8263	beq	x29,x13,80001ac8	 x29:0x800081c4 x13:0x00000000
       19255000	      1924	80001a88	003a7233	and	x4,x20,x3	 x20:0x0000060b  x3:0x00000001  x4=0x00000001
       19265000	      1925	80001a8c	00d58463	beq	x11,x13,80001a94	 x11:0x00013e42 x13:0x00000000
       19275000	      1926	80001a90	005a8333	add	x6,x21,x5	 x21:0x00000000  x5:0xfffffffc  x6=0xfffffffc
       19285000	      1927	80001a94	0368ce63	blt	x17,x22,80001ad0	 x17:0x80009f20 x22:0x0000020b
       19295000	      1928	00000000	00000013	addi	x0,x0,0	  x0:0x00000000
       19305000	      1929	80001acc	00000013	addi	x0,x0,0	  x0:0x00000000
       19315000	      1930	80001ad0	04787263	bgeu	x16,x7,80001b14	 x16:0x00000001  x7:0x00000001
       19325000	      1931	00000000	00000013	addi	x0,x0,0	  x0:0x00000000
       19335000	      1932	80001b10	00000013	addi	x0,x0,0	  x0:0x00000000
       19345000	      1933	80001b14	011759b3	srl	x19,x14,x17	 x14:0x00000000 x17:0x80009f20 x19=0x00000000
       19355000	      1934	80001b18	085d7263	bgeu	x26,x5,80001b9c	 x26:0x00000001  x5:0xfffffffc
       19365000	      1935	80001b1c	0117ebb3	or	x23,x15,x17	 x15:0x7c311cc3 x17:0x80009f20 x23=0xfc319fe3
       19375000	      1936	80001b20	b50414b7	lui	x9,0xb5041	  x9=0xb5041000
       19385000	      1937	80001b24	294e4413	xori	x8,x28,660	 x28:0x00000000  x8=0x00000294
       19395000	      1938	80001b28	00700393	addi	x7,x0,7	  x0:0x00000000  x7=0x00000007
       19405000	      1939	80001b2c	0c1c6697	auipc	x13,0xc1c6	 x13=0x8c1c7b28
       19415000	      1940	80001b30	00121693	slli	x13,x4,0x1	  x4:0x00000001 x13=0x00000002
       19425000	      1941	80001b34	00400593	addi	x11,x0,4	  x0:0x00000000 x11=0x00000004
       19435000	      1942	80001b38	16d9f337	lui	x6,0x16d9f	  x6=0x16d9f000
       19445000	      1943	80001b3c	01492db3	slt	x27,x18,x20	 x18:0x8a571814 x20:0x0000060b x27=0x00000001
       19455000	      1944	80001b40	417cda33	sra	x20,x25,x23	 x25:0x00000001 x23:0xfc319fe3 x20=0x00000000
       19465000	      1945	80001b44	00c326b3	slt	x13,x6,x12	  x6:0x16d9f000 x12:0xc5028000 x13=0x00000000
       19475000	      1946	80001b48	ffd38393	addi	x7,x7,-3	  x7:0x00000007  x7=0x00000004
       19485000	      1947	80001b4c	00e554b3	srl	x9,x10,x14	 x10:0xfffffffd x14:0x00000000  x9=0xfffffffd
       19495000	      1948	80001b50	00000013	addi	x0,x0,0	  x0:0x00000000
       19505000	      1949	80001b54	00500193	addi	x3,x0,5	  x0:0x00000000  x3=0x00000005
       19515000	      1950	80001b58	0b1e3e13	sltiu	x28,x28,177	 x28:0x00000000 x28=0x00000001
       19525000	      1951	80001b5c	00d00a93	addi	x21,x0,13	  x0:0x00000000 x21=0x0000000d
       19535000	      1952	80001b60	00ebed13	ori	x26,x23,14	 x23:0xfc319fe3 x26=0xfc319fef
       19545000	      1953	80001b64	007c50b3	srl	x1,x24,x7	 x24:0x80009f21  x7:0x00000004  x1=0x080009f2
       19555000	      1954	80001b68	00000013	addi	x0,x0,0	  x0:0x00000000
       19565000	      1955	80001b6c	414084b3	sub	x9,x1,x20	  x1:0x080009f2 x20:0x00000000  x9=0x080009f2
       19575000	      1956	80001b70	00a71fb3	sll	x31,x14,x10	 x14:0x00000000 x10:0xfffffffd x31=0x00000000
       19585000	      1957	80001b74	40025213	srai	x4,x4,0x0	  x4:0x00000001  x4=0x00000001
       19595000	      1958	80001b78	750f3d17	auipc	x26,0x750f3	 x26=0xf50f4b74
       19605000	      1959	80001b7c	00818193	addi	x3,x3,8	  x3:0x00000005  x3=0x0000000d
       19615000	      1960	80001b80	00000013	addi	x0,x0,0	  x0:0x00000000
       19625000	      1961	80001b84	ff5182e3	beq	x3,x21,80001b68	  x3:0x0000000d x21:0x0000000d
       19635000	      1962	00000000	00000013	addi	x0,x0,0	  x0:0x00000000
       19645000	      1963	80001b64	00000013	addi	x0,x0,0	  x0:0x00000000
       19655000	      1964	80001b68	00000013	addi	x0,x0,0	  x0:0x00000000
       19665000	      1965	80001b6c	414084b3	sub	x9,x1,x20	  x1:0x080009f2 x20:0x00000000  x9=0x080009f2
       19675000	      1966	80001b70	00a71fb3	sll	x31,x14,x10	 x14:0x00000000 x10:0xfffffffd x31=0x00000000
       19685000	      1967	80001b74	40025213	srai	x4,x4,0x0	  x4:0x00000001  x4=0x00000001
       19695000	      1968	80001b78	750f3d17	auipc	x26,0x750f3	 x26=0xf50f4b74
       19705000	      1969	80001b7c	00818193	addi	x3,x3,8	  x3:0x0000000d  x3=0x00000015
       19715000	      1970	80001b80	00000013	addi	x0,x0,0	  x0:0x00000000
       19725000	      1971	80001b84	ff5182e3	beq	x3,x21,80001b68	  x3:0x00000015 x21:0x0000000d
       19735000	      1972	80001b88	00949213	slli	x4,x9,0x9	  x9:0x080009f2  x4=0x0013e400
       19745000	      1973	80001b8c	53ab2c13	slti	x24,x22,1338	 x22:0x0000020b x24=0x00000001
       19755000	      1974	80001b90	fab3fae3	bgeu	x7,x11,80001b44	  x7:0x00000004 x11:0x00000004
       19765000	      1975	00000000	00000013	addi	x0,x0,0	  x0:0x00000000
       19775000	      1976	80001b40	00000013	addi	x0,x0,0	  x0:0x00000000
       19785000	      1977	80001b44	00c326b3	slt	x13,x6,x12	  x6:0x16d9f000 x12:0xc5028000 x13=0x00000000
       19795000	      1978	80001b48	ffd38393	addi	x7,x7,-3	  x7:0x00000004  x7=0x00000001
       19805000	      1979	80001b4c	00e554b3	srl	x9,x10,x14	 x10:0xfffffffd x14:0x00000000  x9=0xfffffffd
       19815000	      1980	80001b50	00000013	addi	x0,x0,0	  x0:0x00000000
       19825000	      1981	80001b54	00500193	addi	x3,x0,5	  x0:0x00000000  x3=0x00000005
       19835000	      1982	80001b58	0b1e3e13	sltiu	x28,x28,177	 x28:0x00000001 x28=0x00000001
       19845000	      1983	80001b5c	00d00a93	addi	x21,x0,13	  x0:0x00000000 x21=0x0000000d
       19855000	      1984	80001b60	00ebed13	ori	x26,x23,14	 x23:0xfc319fe3 x26=0xfc319fef
       19865000	      1985	80001b64	007c50b3	srl	x1,x24,x7	 x24:0x00000001  x7:0x00000001  x1=0x00000000
       19875000	      1986	80001b68	00000013	addi	x0,x0,0	  x0:0x00000000
       19885000	      1987	80001b6c	414084b3	sub	x9,x1,x20	  x1:0x00000000 x20:0x00000000  x9=0x00000000
       19895000	      1988	80001b70	00a71fb3	sll	x31,x14,x10	 x14:0x00000000 x10:0xfffffffd x31=0x00000000
       19905000	      1989	80001b74	40025213	srai	x4,x4,0x0	  x4:0x0013e400  x4=0x0013e400
       19915000	      1990	80001b78	750f3d17	auipc	x26,0x750f3	 x26=0xf50f4b74
       19925000	      1991	80001b7c	00818193	addi	x3,x3,8	  x3:0x00000005  x3=0x0000000d
       19935000	      1992	80001b80	00000013	addi	x0,x0,0	  x0:0x00000000
       19945000	      1993	80001b84	ff5182e3	beq	x3,x21,80001b68	  x3:0x0000000d x21:0x0000000d
       19955000	      1994	00000000	00000013	addi	x0,x0,0	  x0:0x00000000
       19965000	      1995	80001b64	00000013	addi	x0,x0,0	  x0:0x00000000
       19975000	      1996	80001b68	00000013	addi	x0,x0,0	  x0:0x00000000
       19985000	      1997	80001b6c	414084b3	sub	x9,x1,x20	  x1:0x00000000 x20:0x00000000  x9=0x00000000
       19995000	      1998	80001b70	00a71fb3	sll	x31,x14,x10	 x14:0x00000000 x10:0xfffffffd x31=0x00000000
       20005000	      1999	80001b74	40025213	srai	x4,x4,0x0	  x4:0x0013e400  x4=0x0013e400
       20015000	      2000	80001b78	750f3d17	auipc	x26,0x750f3	 x26=0xf50f4b74
       20025000	      2001	80001b7c	00818193	addi	x3,x3,8	  x3:0x0000000d  x3=0x00000015
       20035000	      2002	80001b80	00000013	addi	x0,x0,0	  x0:0x00000000
       20045000	      2003	80001b84	ff5182e3	beq	x3,x21,80001b68	  x3:0x00000015 x21:0x0000000d
       20055000	      2004	80001b88	00949213	slli	x4,x9,0x9	  x9:0x00000000  x4=0x00000000
       20065000	      2005	80001b8c	53ab2c13	slti	x24,x22,1338	 x22:0x0000020b x24=0x00000001
       20075000	      2006	80001b90	fab3fae3	bgeu	x7,x11,80001b44	  x7:0x00000001 x11:0x00000004
       20085000	      2007	80001b94	01f62d33	slt	x26,x12,x31	 x12:0xc5028000 x31:0x00000000 x26=0x00000001
       20095000	      2008	80001b98	016e8463	beq	x29,x22,80001ba0	 x29:0x800081c4 x22:0x0000020b
       20105000	      2009	80001b9c	05078063	beq	x15,x16,80001bdc	 x15:0x7c311cc3 x16:0x00000001
       20115000	      2010	80001ba0	015a8733	add	x14,x21,x21	 x21:0x0000000d x21:0x0000000d x14=0x0000001a
       20125000	      2011	80001ba4	8d240d13	addi	x26,x8,-1838	  x8:0x00000294 x26=0xfffffb66
       20135000	      2012	80001ba8	01dca1b3	slt	x3,x25,x29	 x25:0x00000001 x29:0x800081c4  x3=0x00000000
       20145000	      2013	80001bac	00120bb3	add	x23,x4,x1	  x4:0x00000000  x1:0x00000000 x23=0x00000000
       20155000	      2014	80001bb0	0286d263	bge	x13,x8,80001bd4	 x13:0x00000000  x8:0x00000294
       20165000	      2015	80001bb4	013eb933	sltu	x18,x29,x19	 x29:0x800081c4 x19:0x00000000 x18=0x00000000
       20175000	      2016	80001bb8	018ca633	slt	x12,x25,x24	 x25:0x00000001 x24:0x00000001 x12=0x00000000
       20185000	      2017	80001bbc	021cc263	blt	x25,x1,80001be0	 x25:0x00000001  x1:0x00000000
       20195000	      2018	80001bc0	00cb1e93	slli	x29,x22,0xc	 x22:0x0000020b x29=0x0020b000
       20205000	      2019	80001bc4	8780c197	auipc	x3,0x8780c	  x3=0x0780dbc0
       20215000	      2020	80001bc8	002385b3	add	x11,x7,x2	  x7:0x00000001  x2:0x80009fc4 x11=0x80009fc5
       20225000	      2021	80001bcc	5ed3f217	auipc	x4,0x5ed3f	  x4=0xded40bc8
       20235000	      2022	80001bd0	f3b9f293	andi	x5,x19,-197	 x19:0x00000000  x5=0x00000000
       20245000	      2023	80001bd4	01773c33	sltu	x24,x14,x23	 x14:0x0000001a x23:0x00000000 x24=0x00000000
       20255000	      2024	80001bd8	0117cfb3	xor	x31,x15,x17	 x15:0x7c311cc3 x17:0x80009f20 x31=0xfc3183e3
       20265000	      2025	80001bdc	0293e663	bltu	x7,x9,80001c08	  x7:0x00000001  x9:0x00000000
       20275000	      2026	80001be0	02c3ce63	blt	x7,x12,80001c1c	  x7:0x00000001 x12:0x00000000
       20285000	      2027	80001be4	406bdb33	sra	x22,x23,x6	 x23:0x00000000  x6:0x16d9f000 x22=0x00000000
       20295000	      2028	80001be8	036ce663	bltu	x25,x22,80001c14	 x25:0x00000001 x22:0x00000000
       20305000	      2029	80001bec	04748493	addi	x9,x9,71	  x9:0x00000000  x9=0x00000047
       20315000	      2030	80001bf0	43614d93	xori	x27,x2,1078	  x2:0x80009fc4 x27=0x80009bf2
       20325000	      2031	80001bf4	04408063	beq	x1,x4,80001c34	  x1:0x00000000  x4:0xded40bc8
       20335000	      2032	80001bf8	012d1a93	slli	x21,x26,0x12	 x26:0xfffffb66 x21=0xed980000
       20345000	      2033	80001bfc	011060b3	or	x1,x0,x17	  x0:0x00000000 x17:0x80009f20  x1=0x80009f20
       20355000	      2034	80001c00	010fbc33	sltu	x24,x31,x16	 x31:0xfc3183e3 x16:0x00000001 x24=0x00000000
       20365000	      2035	80001c04	165a8b13	addi	x22,x21,357	 x21:0xed980000 x22=0xed980165
       20375000	      2036	80001c08	00100cb3	add	x25,x0,x1	  x0:0x00000000  x1:0x80009f20 x25=0x80009f20
       20385000	      2037	80001c0c	00b63f33	sltu	x30,x12,x11	 x12:0x00000000 x11:0x80009fc5 x30=0x00000001
       20395000	      2038	80001c10	00808d33	add	x26,x1,x8	  x1:0x80009f20  x8:0x00000294 x26=0x8000a1b4
       20405000	      2039	80001c14	00c66263	bltu	x12,x12,80001c18	 x12:0x00000000 x12:0x00000000
       20415000	      2040	80001c18	e5db0e13	addi	x28,x22,-419	 x22:0xed980165 x28=0xed97ffc2
       20425000	      2041	80001c1c	142ee813	ori	x16,x29,322	 x29:0x0020b000 x16=0x0020b142
       20435000	      2042	80001c20	01b214b3	sll	x9,x4,x27	  x4:0xded40bc8 x27:0x80009bf2  x9=0x2f200000
       20445000	      2043	80001c24	29f27493	andi	x9,x4,671	  x4:0xded40bc8  x9=0x00000288
       20455000	      2044	80001c28	b6e44f17	auipc	x30,0xb6e44	 x30=0x36e45c24
       20465000	      2045	80001c2c	004d4e63	blt	x26,x4,80001c48	 x26:0x8000a1b4  x4:0xded40bc8
       20475000	      2046	00000000	00000013	addi	x0,x0,0	  x0:0x00000000
       20485000	      2047	80001c44	00000013	addi	x0,x0,0	  x0:0x00000000
       20495000	      2048	80001c48	007f9693	slli	x13,x31,0x7	 x31:0xfc3183e3 x13=0x18c1f180
       20505000	      2049	80001c4c	f54c6a13	ori	x20,x24,-172	 x24:0x00000000 x20=0xffffff54
       20515000	      2050	80001c50	d66ca013	slti	x0,x25,-666	 x25:0x80009f20
       20525000	      2051	80001c54	008b9693	slli	x13,x23,0x8	 x23:0x00000000 x13=0x00000000
       20535000	      2052	80001c58	ffe00c93	addi	x25,x0,-2	  x0:0x00000000 x25=0xfffffffe
       20545000	      2053	80001c5c	014d2f33	slt	x30,x26,x20	 x26:0x8000a1b4 x20:0xffffff54 x30=0x00000001
       20555000	      2054	80001c60	00000013	addi	x0,x0,0	  x0:0x00000000
       20565000	      2055	80001c64	007acd33	xor	x26,x21,x7	 x21:0xed980000  x7:0x00000001 x26=0xed980001
       20575000	      2056	80001c68	6c51e493	ori	x9,x3,1733	  x3:0x0780dbc0  x9=0x0780dfc5
       20585000	      2057	80001c6c	d7be2493	slti	x9,x28,-645	 x28:0xed97ffc2  x9=0x00000001
       20595000	      2058	80001c70	00700393	addi	x7,x0,7	  x0:0x00000000  x7=0x00000007
       20605000	      2059	80001c74	0010b633	sltu	x12,x1,x1	  x1:0x80009f20  x1:0x80009f20 x12=0x00000000
       20615000	      2060	80001c78	168e0993	addi	x19,x28,360	 x28:0xed97ffc2 x19=0xed98012a
       20625000	      2061	80001c7c	00fca5b3	slt	x11,x25,x15	 x25:0xfffffffe x15:0x7c311cc3 x11=0x00000001
       20635000	      2062	80001c80	134aae93	slti	x29,x21,308	 x21:0xed980000 x29=0x00000001
       20645000	      2063	80001c84	003c8c93	addi	x25,x25,3	 x25:0xfffffffe x25=0x00000001
       20655000	      2064	80001c88	00ebb033	sltu	x0,x23,x14	 x23:0x00000000 x14:0x0000001a
       20665000	      2065	80001c8c	00b39033	sll	x0,x7,x11	  x7:0x00000007 x11:0x00000001
       20675000	      2066	80001c90	01514d33	xor	x26,x2,x21	  x2:0x80009fc4 x21:0xed980000 x26=0x6d989fc4
       20685000	      2067	80001c94	41fe8933	sub	x18,x29,x31	 x29:0x00000001 x31:0xfc3183e3 x18=0x03ce7c1e
       20695000	      2068	80001c98	018504b3	add	x9,x10,x24	 x10:0xfffffffd x24:0x00000000  x9=0xfffffffd
       20705000	      2069	80001c9c	f928f313	andi	x6,x17,-110	 x17:0x80009f20  x6=0x80009f00
       20715000	      2070	80001ca0	00893433	sltu	x8,x18,x8	 x18:0x03ce7c1e  x8:0x00000294  x8=0x00000000
       20725000	      2071	80001ca4	014f5213	srli	x4,x30,0x14	 x30:0x00000001  x4=0x00000000
       20735000	      2072	80001ca8	fc7ceae3	bltu	x25,x7,80001c7c	 x25:0x00000001  x7:0x00000007
       20745000	      2073	00000000	00000013	addi	x0,x0,0	  x0:0x00000000
       20755000	      2074	80001c78	00000013	addi	x0,x0,0	  x0:0x00000000
       20765000	      2075	80001c7c	00fca5b3	slt	x11,x25,x15	 x25:0x00000001 x15:0x7c311cc3 x11=0x00000001
       20775000	      2076	80001c80	134aae93	slti	x29,x21,308	 x21:0xed980000 x29=0x00000001
       20785000	      2077	80001c84	003c8c93	addi	x25,x25,3	 x25:0x00000001 x25=0x00000004
       20795000	      2078	80001c88	00ebb033	sltu	x0,x23,x14	 x23:0x00000000 x14:0x0000001a
       20805000	      2079	80001c8c	00b39033	sll	x0,x7,x11	  x7:0x00000007 x11:0x00000001
       20815000	      2080	80001c90	01514d33	xor	x26,x2,x21	  x2:0x80009fc4 x21:0xed980000 x26=0x6d989fc4
       20825000	      2081	80001c94	41fe8933	sub	x18,x29,x31	 x29:0x00000001 x31:0xfc3183e3 x18=0x03ce7c1e
       20835000	      2082	80001c98	018504b3	add	x9,x10,x24	 x10:0xfffffffd x24:0x00000000  x9=0xfffffffd
       20845000	      2083	80001c9c	f928f313	andi	x6,x17,-110	 x17:0x80009f20  x6=0x80009f00
       20855000	      2084	80001ca0	00893433	sltu	x8,x18,x8	 x18:0x03ce7c1e  x8:0x00000000  x8=0x00000000
       20865000	      2085	80001ca4	014f5213	srli	x4,x30,0x14	 x30:0x00000001  x4=0x00000000
       20875000	      2086	80001ca8	fc7ceae3	bltu	x25,x7,80001c7c	 x25:0x00000004  x7:0x00000007
       20885000	      2087	00000000	00000013	addi	x0,x0,0	  x0:0x00000000
       20895000	      2088	80001c78	00000013	addi	x0,x0,0	  x0:0x00000000
       20905000	      2089	80001c7c	00fca5b3	slt	x11,x25,x15	 x25:0x00000004 x15:0x7c311cc3 x11=0x00000001
       20915000	      2090	80001c80	134aae93	slti	x29,x21,308	 x21:0xed980000 x29=0x00000001
       20925000	      2091	80001c84	003c8c93	addi	x25,x25,3	 x25:0x00000004 x25=0x00000007
       20935000	      2092	80001c88	00ebb033	sltu	x0,x23,x14	 x23:0x00000000 x14:0x0000001a
       20945000	      2093	80001c8c	00b39033	sll	x0,x7,x11	  x7:0x00000007 x11:0x00000001
       20955000	      2094	80001c90	01514d33	xor	x26,x2,x21	  x2:0x80009fc4 x21:0xed980000 x26=0x6d989fc4
       20965000	      2095	80001c94	41fe8933	sub	x18,x29,x31	 x29:0x00000001 x31:0xfc3183e3 x18=0x03ce7c1e
       20975000	      2096	80001c98	018504b3	add	x9,x10,x24	 x10:0xfffffffd x24:0x00000000  x9=0xfffffffd
       20985000	      2097	80001c9c	f928f313	andi	x6,x17,-110	 x17:0x80009f20  x6=0x80009f00
       20995000	      2098	80001ca0	00893433	sltu	x8,x18,x8	 x18:0x03ce7c1e  x8:0x00000000  x8=0x00000000
       21005000	      2099	80001ca4	014f5213	srli	x4,x30,0x14	 x30:0x00000001  x4=0x00000000
       21015000	      2100	80001ca8	fc7ceae3	bltu	x25,x7,80001c7c	 x25:0x00000007  x7:0x00000007
       21025000	      2101	80001cac	00291e13	slli	x28,x18,0x2	 x18:0x03ce7c1e x28=0x0f39f078
       21035000	      2102	80001cb0	01144463	blt	x8,x17,80001cb8	  x8:0x00000000 x17:0x80009f20
       21045000	      2103	80001cb4	01cd5233	srl	x4,x26,x28	 x26:0x6d989fc4 x28:0x0f39f078  x4=0x0000006d
       21055000	      2104	80001cb8	00084433	xor	x8,x16,x0	 x16:0x0020b142  x0:0x00000000  x8=0x0020b142
       21065000	      2105	80001cbc	01b7d713	srli	x14,x15,0x1b	 x15:0x7c311cc3 x14=0x0000000f
       21075000	      2106	80001cc0	0186d6b3	srl	x13,x13,x24	 x13:0x00000000 x24:0x00000000 x13=0x00000000
       21085000	      2107	80001cc4	df61f093	andi	x1,x3,-522	  x3:0x0780dbc0  x1=0x0780d9c0
       21095000	      2108	80001cc8	00c0b533	sltu	x10,x1,x12	  x1:0x0780d9c0 x12:0x00000000 x10=0x00000000
       21105000	      2109	80001ccc	164e8a93	addi	x21,x29,356	 x29:0x00000001 x21=0x00000165
       21115000	      2110	80001cd0	00f1fc33	and	x24,x3,x15	  x3:0x0780dbc0 x15:0x7c311cc3 x24=0x040018c0
       21125000	      2111	80001cd4	b09b8513	addi	x10,x23,-1271	 x23:0x00000000 x10=0xfffffb09
       21135000	      2112	80001cd8	a2520f37	lui	x30,0xa2520	 x30=0xa2520000
       21145000	      2113	80001cdc	41858c33	sub	x24,x11,x24	 x11:0x00000001 x24:0x040018c0 x24=0xfbffe741
       21155000	      2114	80001ce0	1d19ee13	ori	x28,x19,465	 x19:0xed98012a x28=0xed9801fb
       21165000	      2115	80001ce4	0053d393	srli	x7,x7,0x5	  x7:0x00000007  x7=0x00000000
       21175000	      2116	80001ce8	01e04e63	blt	x0,x30,80001d04	  x0:0x00000000 x30:0xa2520000
       21185000	      2117	80001cec	0192e863	bltu	x5,x25,80001cfc	  x5:0x00000000 x25:0x00000007
       21195000	      2118	00000000	00000013	addi	x0,x0,0	  x0:0x00000000
       21205000	      2119	80001cf8	00000013	addi	x0,x0,0	  x0:0x00000000
       21215000	      2120	80001cfc	04d47863	bgeu	x8,x13,80001d4c	  x8:0x0020b142 x13:0x00000000
       21225000	      2121	00000000	00000013	addi	x0,x0,0	  x0:0x00000000
       21235000	      2122	80001d48	00000013	addi	x0,x0,0	  x0:0x00000000
       21245000	      2123	80001d4c	01e05693	srli	x13,x0,0x1e	  x0:0x00000000 x13=0x00000000
       21255000	      2124	80001d50	a5000093	addi	x1,x0,-1456	  x0:0x00000000  x1=0xfffffa50
       21265000	      2125	80001d54	00393b33	sltu	x22,x18,x3	 x18:0x03ce7c1e  x3:0x0780dbc0 x22=0x00000001
       21275000	      2126	80001d58	0187e3b3	or	x7,x15,x24	 x15:0x7c311cc3 x24:0xfbffe741  x7=0xffffffc3
       21285000	      2127	80001d5c	4cdc2eb7	lui	x29,0x4cdc2	 x29=0x4cdc2000
       21295000	      2128	80001d60	e5d7fb13	andi	x22,x15,-419	 x15:0x7c311cc3 x22=0x7c311c41
       21305000	      2129	80001d64	ef20e813	ori	x16,x1,-270	  x1:0xfffffa50 x16=0xfffffef2
       21315000	      2130	80001d68	016b3c33	sltu	x24,x22,x22	 x22:0x7c311c41 x22:0x7c311c41 x24=0x00000000
       21325000	      2131	80001d6c	76b6e593	ori	x11,x13,1899	 x13:0x00000000 x11=0x0000076b
       21335000	      2132	80001d70	019425b3	slt	x11,x8,x25	  x8:0x0020b142 x25:0x00000007 x11=0x00000000
       21345000	      2133	80001d74	00ae5ab3	srl	x21,x28,x10	 x28:0xed9801fb x10:0xfffffb09 x21=0x0076cc00
       21355000	      2134	80001d78	40fdd313	srai	x6,x27,0xf	 x27:0x80009bf2  x6=0xffff0001
       21365000	      2135	80001d7c	01a45ab3	srl	x21,x8,x26	  x8:0x0020b142 x26:0x6d989fc4 x21=0x00020b14
       21375000	      2136	80001d80	a2a13d93	sltiu	x27,x2,-1494	  x2:0x80009fc4 x27=0x00000001
       21385000	      2137	80001d84	02a37c63	bgeu	x6,x10,80001dbc	  x6:0xffff0001 x10:0xfffffb09
       21395000	      2138	80001d88	0054e9b3	or	x19,x9,x5	  x9:0xfffffffd  x5:0x00000000 x19=0xfffffffd
       21405000	      2139	80001d8c	e726fd93	andi	x27,x13,-398	 x13:0x00000000 x27=0x00000000
       21415000	      2140	80001d90	02596063	bltu	x18,x5,80001db0	 x18:0x03ce7c1e  x5:0x00000000
       21425000	      2141	80001d94	057e1863	bne	x28,x23,80001de4	 x28:0xed9801fb x23:0x00000000
       21435000	      2142	00000000	00000013	addi	x0,x0,0	  x0:0x00000000
       21445000	      2143	80001de0	00000013	addi	x0,x0,0	  x0:0x00000000
       21455000	      2144	80001de4	0010fe63	bgeu	x1,x1,80001e00	  x1:0xfffffa50  x1:0xfffffa50
       21465000	      2145	00000000	00000013	addi	x0,x0,0	  x0:0x00000000
       21475000	      2146	80001dfc	00000013	addi	x0,x0,0	  x0:0x00000000
       21485000	      2147	80001e00	0462d263	bge	x5,x6,80001e44	  x5:0x00000000  x6:0xffff0001
       21495000	      2148	00000000	00000013	addi	x0,x0,0	  x0:0x00000000
       21505000	      2149	80001e40	00000013	addi	x0,x0,0	  x0:0x00000000
       21515000	      2150	80001e44	00000013	addi	x0,x0,0	  x0:0x00000000
       21525000	      2151	80001e48	3fece813	ori	x16,x25,1022	 x25:0x00000007 x16=0x000003ff
       21535000	      2152	80001e4c	773e6a93	ori	x21,x28,1907	 x28:0xed9801fb x21=0xed9807fb
       21545000	      2153	80001e50	41c85713	srai	x14,x16,0x1c	 x16:0x000003ff x14=0x00000000
       21555000	      2154	80001e54	408f8cb3	sub	x25,x31,x8	 x31:0xfc3183e3  x8:0x0020b142 x25=0xfc10d2a1
       21565000	      2155	80001e58	011575b3	and	x11,x10,x17	 x10:0xfffffb09 x17:0x80009f20 x11=0x80009b00
       21575000	      2156	80001e5c	04c18863	beq	x3,x12,80001eac	  x3:0x0780dbc0 x12:0x00000000
       21585000	      2157	80001e60	5e7e3b13	sltiu	x22,x28,1511	 x28:0xed9801fb x22=0x00000000
       21595000	      2158	80001e64	00dfad33	slt	x26,x31,x13	 x31:0xfc3183e3 x13:0x00000000 x26=0x00000001
       21605000	      2159	80001e68	8946c093	xori	x1,x13,-1900	 x13:0x00000000  x1=0xfffff894
       21615000	      2160	80001e6c	0256d263	bge	x13,x5,80001e90	 x13:0x00000000  x5:0x00000000
       21625000	      2161	00000000	00000013	addi	x0,x0,0	  x0:0x00000000
       21635000	      2162	80001e8c	00000013	addi	x0,x0,0	  x0:0x00000000
       21645000	      2163	80001e90	ef554b13	xori	x22,x10,-267	 x10:0xfffffb09 x22=0x000005fc
       21655000	      2164	80001e94	011eafb3	slt	x31,x29,x17	 x29:0x4cdc2000 x17:0x80009f20 x31=0x00000000
       21665000	      2165	80001e98	017b5e63	bge	x22,x23,80001eb4	 x22:0x000005fc x23:0x00000000
       21675000	      2166	00000000	00000013	addi	x0,x0,0	  x0:0x00000000
       21685000	      2167	80001eb0	00000013	addi	x0,x0,0	  x0:0x00000000
       21695000	      2168	80001eb4	0362fc63	bgeu	x5,x22,80001eec	  x5:0x00000000 x22:0x000005fc
       21705000	      2169	80001eb8	03989263	bne	x17,x25,80001edc	 x17:0x80009f20 x25:0xfc10d2a1
       21715000	      2170	00000000	00000013	addi	x0,x0,0	  x0:0x00000000
       21725000	      2171	80001ed8	00000013	addi	x0,x0,0	  x0:0x00000000
       21735000	      2172	80001edc	00000013	addi	x0,x0,0	  x0:0x00000000
       21745000	      2173	80001ee0	05ea5063	bge	x20,x30,80001f20	 x20:0xffffff54 x30:0xa2520000
       21755000	      2174	00000000	00000013	addi	x0,x0,0	  x0:0x00000000
       21765000	      2175	80001f1c	00000013	addi	x0,x0,0	  x0:0x00000000
       21775000	      2176	80001f20	0069f933	and	x18,x19,x6	 x19:0xfffffffd  x6:0xffff0001 x18=0xffff0001
       21785000	      2177	80001f24	04a5c263	blt	x11,x10,80001f68	 x11:0x80009b00 x10:0xfffffb09
       21795000	      2178	00000000	00000013	addi	x0,x0,0	  x0:0x00000000
       21805000	      2179	80001f64	00000013	addi	x0,x0,0	  x0:0x00000000
       21815000	      2180	80001f68	35d00013	addi	x0,x0,861	  x0:0x00000000
       21825000	      2181	80001f6c	01139a63	bne	x7,x17,80001f80	  x7:0xffffffc3 x17:0x80009f20
       21835000	      2182	00000000	00000013	addi	x0,x0,0	  x0:0x00000000
       21845000	      2183	80001f7c	00000013	addi	x0,x0,0	  x0:0x00000000
       21855000	      2184	80001f80	d7510f13	addi	x30,x2,-651	  x2:0x80009fc4 x30=0x80009d39
       21865000	      2185	80001f84	00a63533	sltu	x10,x12,x10	 x12:0x00000000 x10:0xfffffb09 x10=0x00000001
       21875000	      2186	80001f88	412e5833	sra	x16,x28,x18	 x28:0xed9801fb x18:0xffff0001 x16=0xf6cc00fd
       21885000	      2187	80001f8c	6154eb93	ori	x23,x9,1557	  x9:0xfffffffd x23=0xfffffffd
       21895000	      2188	80001f90	41ff82b3	sub	x5,x31,x31	 x31:0x00000000 x31:0x00000000  x5=0x00000000
       21905000	      2189	80001f94	01000e63	beq	x0,x16,80001fb0	  x0:0x00000000 x16:0xf6cc00fd
       21915000	      2190	80001f98	016d6633	or	x12,x26,x22	 x26:0x00000001 x22:0x000005fc x12=0x000005fd
       21925000	      2191	80001f9c	4f1a7593	andi	x11,x20,1265	 x20:0xffffff54 x11=0x00000450
       21935000	      2192	80001fa0	01c71863	bne	x14,x28,80001fb0	 x14:0x00000000 x28:0xed9801fb
       21945000	      2193	00000000	00000013	addi	x0,x0,0	  x0:0x00000000
       21955000	      2194	80001fac	00000013	addi	x0,x0,0	  x0:0x00000000
       21965000	      2195	80001fb0	00b98833	add	x16,x19,x11	 x19:0xfffffffd x11:0x00000450 x16=0x0000044d
       21975000	      2196	80001fb4	01bd0633	add	x12,x26,x27	 x26:0x00000001 x27:0x00000000 x12=0x00000001
       21985000	      2197	80001fb8	02c26263	bltu	x4,x12,80001fdc	  x4:0x0000006d x12:0x00000001
       21995000	      2198	80001fbc	cc1c5817	auipc	x16,0xcc1c5	 x16=0x4c1c6fb8
       22005000	      2199	80001fc0	411dd233	sra	x4,x27,x17	 x27:0x00000000 x17:0x80009f20  x4=0x00000000
       22015000	      2200	80001fc4	002bc033	xor	x0,x23,x2	 x23:0xfffffffd  x2:0x80009fc4
       22025000	      2201	80001fc8	017b1263	bne	x22,x23,80001fcc	 x22:0x000005fc x23:0xfffffffd
       22035000	      2202	00000000	00000013	addi	x0,x0,0	  x0:0x00000000
       22045000	      2203	80001fc8	00000013	addi	x0,x0,0	  x0:0x00000000
       22055000	      2204	80001fcc	00704463	blt	x0,x7,80001fd4	  x0:0x00000000  x7:0xffffffc3
       22065000	      2205	80001fd0	00505e93	srli	x29,x0,0x5	  x0:0x00000000 x29=0x00000000
       22075000	      2206	80001fd4	19050713	addi	x14,x10,400	 x10:0x00000001 x14=0x00000191
       22085000	      2207	80001fd8	037f0063	beq	x30,x23,80001ff8	 x30:0x80009d39 x23:0xfffffffd
       22095000	      2208	80001fdc	da4c6593	ori	x11,x24,-604	 x24:0x00000000 x11=0xfffffda4
       22105000	      2209	80001fe0	283db513	sltiu	x10,x27,643	 x27:0x00000000 x10=0x00000001
       22115000	      2210	80001fe4	047b9063	bne	x23,x7,80002024	 x23:0xfffffffd  x7:0xffffffc3
       22125000	      2211	00000000	00000013	addi	x0,x0,0	  x0:0x00000000
       22135000	      2212	80002020	00000013	addi	x0,x0,0	  x0:0x00000000
       22145000	      2213	80002024	01231e33	sll	x28,x6,x18	  x6:0xffff0001 x18:0xffff0001 x28=0xfffe0002
       22155000	      2214	80002028	00114cb3	xor	x25,x2,x1	  x2:0x80009fc4  x1:0xfffff894 x25=0x7fff6750
       22165000	      2215	8000202c	02a05463	bge	x0,x10,80002054	  x0:0x00000000 x10:0x00000001
       22175000	      2216	80002030	41d35f33	sra	x30,x6,x29	  x6:0xffff0001 x29:0x00000000 x30=0xffff0001
       22185000	      2217	80002034	015c7c63	bgeu	x24,x21,8000204c	 x24:0x00000000 x21:0xed9807fb
       22195000	      2218	80002038	01ec0ab3	add	x21,x24,x30	 x24:0x00000000 x30:0xffff0001 x21=0xffff0001
       22205000	      2219	8000203c	0116bfb3	sltu	x31,x13,x17	 x13:0x00000000 x17:0x80009f20 x31=0x00000001
       22215000	      2220	80002040	00599eb3	sll	x29,x19,x5	 x19:0xfffffffd  x5:0x00000000 x29=0xfffffffd
       22225000	      2221	80002044	402d0633	sub	x12,x26,x2	 x26:0x00000001  x2:0x80009fc4 x12=0x7fff603d
       22235000	      2222	80002048	05701863	bne	x0,x23,80002098	  x0:0x00000000 x23:0xfffffffd
       22245000	      2223	00000000	00000013	addi	x0,x0,0	  x0:0x00000000
       22255000	      2224	80002094	00000013	addi	x0,x0,0	  x0:0x00000000
       22265000	      2225	80002098	0115ddb3	srl	x27,x11,x17	 x11:0xfffffda4 x17:0x80009f20 x27=0xfffffda4
       22275000	      2226	8000209c	00e98463	beq	x19,x14,800020a4	 x19:0xfffffffd x14:0x00000191
       22285000	      2227	800020a0	01b26733	or	x14,x4,x27	  x4:0x00000000 x27:0xfffffda4 x14=0xfffffda4
       22295000	      2228	800020a4	01417e63	bgeu	x2,x20,800020c0	  x2:0x80009fc4 x20:0xffffff54
       22305000	      2229	800020a8	00510933	add	x18,x2,x5	  x2:0x80009fc4  x5:0x00000000 x18=0x80009fc4
       22315000	      2230	800020ac	439d6f13	ori	x30,x26,1081	 x26:0x00000001 x30=0x00000439
       22325000	      2231	800020b0	018c79b3	and	x19,x24,x24	 x24:0x00000000 x24:0x00000000 x19=0x00000000
       22335000	      2232	800020b4	032f8063	beq	x31,x18,800020d4	 x31:0x00000001 x18:0x80009fc4
       22345000	      2233	800020b8	01d89293	slli	x5,x17,0x1d	 x17:0x80009f20  x5=0x00000000
       22355000	      2234	800020bc	0a3a5863	bge	x20,x3,8000216c	 x20:0xffffff54  x3:0x0780dbc0
       22365000	      2235	800020c0	008b5d13	srli	x26,x22,0x8	 x22:0x000005fc x26=0x00000005
       22375000	      2236	800020c4	0121df93	srli	x31,x3,0x12	  x3:0x0780dbc0 x31=0x000001e0
       22385000	      2237	800020c8	0d427e63	bgeu	x4,x20,800021a4	  x4:0x00000000 x20:0xffffff54
       22395000	      2238	800020cc	40ce02b3	sub	x5,x28,x12	 x28:0xfffe0002 x12:0x7fff603d  x5=0x7ffe9fc5
       22405000	      2239	800020d0	00acd393	srli	x7,x25,0xa	 x25:0x7fff6750  x7=0x001fffd9
       22415000	      2240	800020d4	08ab4a63	blt	x22,x10,80002168	 x22:0x000005fc x10:0x00000001
       22425000	      2241	800020d8	00b909b3	add	x19,x18,x11	 x18:0x80009fc4 x11:0xfffffda4 x19=0x80009d68
       22435000	      2242	800020dc	ff900313	addi	x6,x0,-7	  x0:0x00000000  x6=0xfffffff9
       22445000	      2243	800020e0	00400a93	addi	x21,x0,4	  x0:0x00000000 x21=0x00000004
       22455000	      2244	800020e4	01b13b33	sltu	x22,x2,x27	  x2:0x80009fc4 x27:0xfffffda4 x22=0x00000001
       22465000	      2245	800020e8	48c13013	sltiu	x0,x2,1164	  x2:0x80009fc4
       22475000	      2246	800020ec	008dd533	srl	x10,x27,x8	 x27:0xfffffda4  x8:0x0020b142 x10=0x3fffff69
       22485000	      2247	800020f0	00630313	addi	x6,x6,6	  x6:0xfffffff9  x6=0xffffffff
       22495000	      2248	800020f4	01ba36b3	sltu	x13,x20,x27	 x20:0xffffff54 x27:0xfffffda4 x13=0x00000000
       22505000	      2249	800020f8	002095b3	sll	x11,x1,x2	  x1:0xfffff894  x2:0x80009fc4 x11=0xffff8940
       22515000	      2250	800020fc	ffd00e13	addi	x28,x0,-3	  x0:0x00000000 x28=0xfffffffd
       22525000	      2251	80002100	ff100f93	addi	x31,x0,-15	  x0:0x00000000 x31=0xfffffff1
       22535000	      2252	80002104	19cfb713	sltiu	x14,x31,412	 x31:0xfffffff1 x14=0x00000000
       22545000	      2253	80002108	0078d4b3	srl	x9,x17,x7	 x17:0x80009f20  x7:0x001fffd9  x9=0x00000040
       22555000	      2254	8000210c	72c66813	ori	x16,x12,1836	 x12:0x7fff603d x16=0x7fff673d
       22565000	      2255	80002110	01f889b3	add	x19,x17,x31	 x17:0x80009f20 x31:0xfffffff1 x19=0x80009f11
       22575000	      2256	80002114	00259613	slli	x12,x11,0x2	 x11:0xffff8940 x12=0xfffe2500
       22585000	      2257	80002118	40fa8bb3	sub	x23,x21,x15	 x21:0x00000004 x15:0x7c311cc3 x23=0x83cee341
       22595000	      2258	8000211c	017c7233	and	x4,x24,x23	 x24:0x00000000 x23:0x83cee341  x4=0x00000000
       22605000	      2259	80002120	6b512d13	slti	x26,x2,1717	  x2:0x80009fc4 x26=0x00000001
       22615000	      2260	80002124	a5546593	ori	x11,x8,-1451	  x8:0x0020b142 x11=0xfffffb57
       22625000	      2261	80002128	01886f33	or	x30,x16,x24	 x16:0x7fff673d x24:0x00000000 x30=0x7fff673d
       22635000	      2262	8000212c	009cf433	and	x8,x25,x9	 x25:0x7fff6750  x9:0x00000040  x8=0x00000040
       22645000	      2263	80002130	0051abb3	slt	x23,x3,x5	  x3:0x0780dbc0  x5:0x7ffe9fc5 x23=0x00000001
       22655000	      2264	80002134	bdf8b093	sltiu	x1,x17,-1057	 x17:0x80009f20  x1=0x00000001
       22665000	      2265	80002138	00000013	addi	x0,x0,0	  x0:0x00000000
       22675000	      2266	8000213c	6ca56413	ori	x8,x10,1738	 x10:0x3fffff69  x8=0x3fffffeb
       22685000	      2267	80002140	003a1c13	slli	x24,x20,0x3	 x20:0xffffff54 x24=0xfffffaa0
       22695000	      2268	80002144	01eadd13	srli	x26,x21,0x1e	 x21:0x00000004 x26=0x00000000
       22705000	      2269	80002148	ffae0e13	addi	x28,x28,-6	 x28:0xfffffffd x28=0xfffffff7
       22715000	      2270	8000214c	2211b213	sltiu	x4,x3,545	  x3:0x0780dbc0  x4=0x00000000
       22725000	      2271	80002150	fdfe14e3	bne	x28,x31,80002118	 x28:0xfffffff7 x31:0xfffffff1
       22735000	      2272	00000000	00000013	addi	x0,x0,0	  x0:0x00000000
       22745000	      2273	80002114	00000013	addi	x0,x0,0	  x0:0x00000000
       22755000	      2274	80002118	40fa8bb3	sub	x23,x21,x15	 x21:0x00000004 x15:0x7c311cc3 x23=0x83cee341
       22765000	      2275	8000211c	017c7233	and	x4,x24,x23	 x24:0xfffffaa0 x23:0x83cee341  x4=0x83cee200
       22775000	      2276	80002120	6b512d13	slti	x26,x2,1717	  x2:0x80009fc4 x26=0x00000001
       22785000	      2277	80002124	a5546593	ori	x11,x8,-1451	  x8:0x3fffffeb x11=0xffffffff
       22795000	      2278	80002128	01886f33	or	x30,x16,x24	 x16:0x7fff673d x24:0xfffffaa0 x30=0xffffffbd
       22805000	      2279	8000212c	009cf433	and	x8,x25,x9	 x25:0x7fff6750  x9:0x00000040  x8=0x00000040
       22815000	      2280	80002130	0051abb3	slt	x23,x3,x5	  x3:0x0780dbc0  x5:0x7ffe9fc5 x23=0x00000001
       22825000	      2281	80002134	bdf8b093	sltiu	x1,x17,-1057	 x17:0x80009f20  x1=0x00000001
       22835000	      2282	80002138	00000013	addi	x0,x0,0	  x0:0x00000000
       22845000	      2283	8000213c	6ca56413	ori	x8,x10,1738	 x10:0x3fffff69  x8=0x3fffffeb
       22855000	      2284	80002140	003a1c13	slli	x24,x20,0x3	 x20:0xffffff54 x24=0xfffffaa0
       22865000	      2285	80002144	01eadd13	srli	x26,x21,0x1e	 x21:0x00000004 x26=0x00000000
       22875000	      2286	80002148	ffae0e13	addi	x28,x28,-6	 x28:0xfffffff7 x28=0xfffffff1
       22885000	      2287	8000214c	2211b213	sltiu	x4,x3,545	  x3:0x0780dbc0  x4=0x00000000
       22895000	      2288	80002150	fdfe14e3	bne	x28,x31,80002118	 x28:0xfffffff1 x31:0xfffffff1
       22905000	      2289	80002154	0020fc33	and	x24,x1,x2	  x1:0x00000001  x2:0x80009fc4 x24=0x00000000
       22915000	      2290	80002158	01125913	srli	x18,x4,0x11	  x4:0x00000000 x18=0x00000000
       22925000	      2291	8000215c	41e3d3b3	sra	x7,x7,x30	  x7:0x001fffd9 x30:0xffffffbd  x7=0x00000000
       22935000	      2292	80002160	f95344e3	blt	x6,x21,800020e8	  x6:0xffffffff x21:0x00000004
       22945000	      2293	00000000	00000013	addi	x0,x0,0	  x0:0x00000000
       22955000	      2294	800020e4	00000013	addi	x0,x0,0	  x0:0x00000000
       22965000	      2295	800020e8	48c13013	sltiu	x0,x2,1164	  x2:0x80009fc4
       22975000	      2296	800020ec	008dd533	srl	x10,x27,x8	 x27:0xfffffda4  x8:0x3fffffeb x10=0x001fffff
       22985000	      2297	800020f0	00630313	addi	x6,x6,6	  x6:0xffffffff  x6=0x00000005
       22995000	      2298	800020f4	01ba36b3	sltu	x13,x20,x27	 x20:0xffffff54 x27:0xfffffda4 x13=0x00000000
       23005000	      2299	800020f8	002095b3	sll	x11,x1,x2	  x1:0x00000001  x2:0x80009fc4 x11=0x00000010
       23015000	      2300	800020fc	ffd00e13	addi	x28,x0,-3	  x0:0x00000000 x28=0xfffffffd
       23025000	      2301	80002100	ff100f93	addi	x31,x0,-15	  x0:0x00000000 x31=0xfffffff1
       23035000	      2302	80002104	19cfb713	sltiu	x14,x31,412	 x31:0xfffffff1 x14=0x00000000
       23045000	      2303	80002108	0078d4b3	srl	x9,x17,x7	 x17:0x80009f20  x7:0x00000000  x9=0x80009f20
       23055000	      2304	8000210c	72c66813	ori	x16,x12,1836	 x12:0xfffe2500 x16=0xfffe272c
       23065000	      2305	80002110	01f889b3	add	x19,x17,x31	 x17:0x80009f20 x31:0xfffffff1 x19=0x80009f11
       23075000	      2306	80002114	00259613	slli	x12,x11,0x2	 x11:0x00000010 x12=0x00000040
       23085000	      2307	80002118	40fa8bb3	sub	x23,x21,x15	 x21:0x00000004 x15:0x7c311cc3 x23=0x83cee341
       23095000	      2308	8000211c	017c7233	and	x4,x24,x23	 x24:0x00000000 x23:0x83cee341  x4=0x00000000
       23105000	      2309	80002120	6b512d13	slti	x26,x2,1717	  x2:0x80009fc4 x26=0x00000001
       23115000	      2310	80002124	a5546593	ori	x11,x8,-1451	  x8:0x3fffffeb x11=0xffffffff
       23125000	      2311	80002128	01886f33	or	x30,x16,x24	 x16:0xfffe272c x24:0x00000000 x30=0xfffe272c
       23135000	      2312	8000212c	009cf433	and	x8,x25,x9	 x25:0x7fff6750  x9:0x80009f20  x8=0x00000700
       23145000	      2313	80002130	0051abb3	slt	x23,x3,x5	  x3:0x0780dbc0  x5:0x7ffe9fc5 x23=0x00000001
       23155000	      2314	80002134	bdf8b093	sltiu	x1,x17,-1057	 x17:0x80009f20  x1=0x00000001
       23165000	      2315	80002138	00000013	addi	x0,x0,0	  x0:0x00000000
       23175000	      2316	8000213c	6ca56413	ori	x8,x10,1738	 x10:0x001fffff  x8=0x001fffff
       23185000	      2317	80002140	003a1c13	slli	x24,x20,0x3	 x20:0xffffff54 x24=0xfffffaa0
       23195000	      2318	80002144	01eadd13	srli	x26,x21,0x1e	 x21:0x00000004 x26=0x00000000
       23205000	      2319	80002148	ffae0e13	addi	x28,x28,-6	 x28:0xfffffffd x28=0xfffffff7
       23215000	      2320	8000214c	2211b213	sltiu	x4,x3,545	  x3:0x0780dbc0  x4=0x00000000
       23225000	      2321	80002150	fdfe14e3	bne	x28,x31,80002118	 x28:0xfffffff7 x31:0xfffffff1
       23235000	      2322	00000000	00000013	addi	x0,x0,0	  x0:0x00000000
       23245000	      2323	80002114	00000013	addi	x0,x0,0	  x0:0x00000000
       23255000	      2324	80002118	40fa8bb3	sub	x23,x21,x15	 x21:0x00000004 x15:0x7c311cc3 x23=0x83cee341
       23265000	      2325	8000211c	017c7233	and	x4,x24,x23	 x24:0xfffffaa0 x23:0x83cee341  x4=0x83cee200
       23275000	      2326	80002120	6b512d13	slti	x26,x2,1717	  x2:0x80009fc4 x26=0x00000001
       23285000	      2327	80002124	a5546593	ori	x11,x8,-1451	  x8:0x001fffff x11=0xffffffff
       23295000	      2328	80002128	01886f33	or	x30,x16,x24	 x16:0xfffe272c x24:0xfffffaa0 x30=0xffffffac
       23305000	      2329	8000212c	009cf433	and	x8,x25,x9	 x25:0x7fff6750  x9:0x80009f20  x8=0x00000700
       23315000	      2330	80002130	0051abb3	slt	x23,x3,x5	  x3:0x0780dbc0  x5:0x7ffe9fc5 x23=0x00000001
       23325000	      2331	80002134	bdf8b093	sltiu	x1,x17,-1057	 x17:0x80009f20  x1=0x00000001
       23335000	      2332	80002138	00000013	addi	x0,x0,0	  x0:0x00000000
       23345000	      2333	8000213c	6ca56413	ori	x8,x10,1738	 x10:0x001fffff  x8=0x001fffff
       23355000	      2334	80002140	003a1c13	slli	x24,x20,0x3	 x20:0xffffff54 x24=0xfffffaa0
       23365000	      2335	80002144	01eadd13	srli	x26,x21,0x1e	 x21:0x00000004 x26=0x00000000
       23375000	      2336	80002148	ffae0e13	addi	x28,x28,-6	 x28:0xfffffff7 x28=0xfffffff1
       23385000	      2337	8000214c	2211b213	sltiu	x4,x3,545	  x3:0x0780dbc0  x4=0x00000000
       23395000	      2338	80002150	fdfe14e3	bne	x28,x31,80002118	 x28:0xfffffff1 x31:0xfffffff1
       23405000	      2339	80002154	0020fc33	and	x24,x1,x2	  x1:0x00000001  x2:0x80009fc4 x24=0x00000000
       23415000	      2340	80002158	01125913	srli	x18,x4,0x11	  x4:0x00000000 x18=0x00000000
       23425000	      2341	8000215c	41e3d3b3	sra	x7,x7,x30	  x7:0x00000000 x30:0xffffffac  x7=0x00000000
       23435000	      2342	80002160	f95344e3	blt	x6,x21,800020e8	  x6:0x00000005 x21:0x00000004
       23445000	      2343	80002164	40aa5a33	sra	x20,x20,x10	 x20:0xffffff54 x10:0x001fffff x20=0xffffffff
       23455000	      2344	80002168	0104e2b3	or	x5,x9,x16	  x9:0x80009f20 x16:0xfffe272c  x5=0xfffebf2c
       23465000	      2345	8000216c	02257663	bgeu	x10,x2,80002198	 x10:0x001fffff  x2:0x80009fc4
       23475000	      2346	80002170	020d6693	ori	x13,x26,32	 x26:0x00000000 x13=0x00000020
       23485000	      2347	80002174	0095b933	sltu	x18,x11,x9	 x11:0xffffffff  x9:0x80009f20 x18=0x00000000
       23495000	      2348	80002178	00d78333	add	x6,x15,x13	 x15:0x7c311cc3 x13:0x00000020  x6=0x7c311ce3
       23505000	      2349	8000217c	40425813	srai	x16,x4,0x4	  x4:0x00000000 x16=0x00000000
       23515000	      2350	80002180	016f9413	slli	x8,x31,0x16	 x31:0xfffffff1  x8=0xfc400000
       23525000	      2351	80002184	e0372913	slti	x18,x14,-509	 x14:0x00000000 x18=0x00000000
       23535000	      2352	80002188	b3ad6f93	ori	x31,x26,-1222	 x26:0x00000000 x31=0xfffffb3a
       23545000	      2353	8000218c	0067a1b3	slt	x3,x15,x6	 x15:0x7c311cc3  x6:0x7c311ce3  x3=0x00000001
       23555000	      2354	80002190	04988863	beq	x17,x9,800021e0	 x17:0x80009f20  x9:0x80009f20
       23565000	      2355	00000000	00000013	addi	x0,x0,0	  x0:0x00000000
       23575000	      2356	800021dc	00000013	addi	x0,x0,0	  x0:0x00000000
       23585000	      2357	800021e0	00ff1c93	slli	x25,x30,0xf	 x30:0xffffffac x25=0xffd60000
       23595000	      2358	800021e4	bfd0ee93	ori	x29,x1,-1027	  x1:0x00000001 x29=0xfffffbfd
       23605000	      2359	800021e8	05075263	bge	x14,x16,8000222c	 x14:0x00000000 x16:0x00000000
       23615000	      2360	00000000	00000013	addi	x0,x0,0	  x0:0x00000000
       23625000	      2361	80002228	00000013	addi	x0,x0,0	  x0:0x00000000
       23635000	      2362	8000222c	01d90a33	add	x20,x18,x29	 x18:0x00000000 x29:0xfffffbfd x20=0xfffffbfd
       23645000	      2363	80002230	23770f13	addi	x30,x14,567	 x14:0x00000000 x30=0x00000237
       23655000	      2364	80002234	b51fbb93	sltiu	x23,x31,-1199	 x31:0xfffffb3a x23=0x00000001
       23665000	      2365	80002238	052ff663	bgeu	x31,x18,80002284	 x31:0xfffffb3a x18:0x00000000
       23675000	      2366	00000000	00000013	addi	x0,x0,0	  x0:0x00000000
       23685000	      2367	80002280	00000013	addi	x0,x0,0	  x0:0x00000000
       23695000	      2368	80002284	58396693	ori	x13,x18,1411	 x18:0x00000000 x13=0x00000583
       23705000	      2369	80002288	89bfb593	sltiu	x11,x31,-1893	 x31:0xfffffb3a x11=0x00000000
       23715000	      2370	8000228c	01a7de93	srli	x29,x15,0x1a	 x15:0x7c311cc3 x29=0x0000001f
       23725000	      2371	80002290	000dc533	xor	x10,x27,x0	 x27:0xfffffda4  x0:0x00000000 x10=0xfffffda4
       23735000	      2372	80002294	c2447913	andi	x18,x8,-988	  x8:0xfc400000 x18=0xfc400000
       23745000	      2373	80002298	1ba2ab93	slti	x23,x5,442	  x5:0xfffebf2c x23=0x00000001
       23755000	      2374	8000229c	00133433	sltu	x8,x6,x1	  x6:0x7c311ce3  x1:0x00000001  x8=0x00000000
       23765000	      2375	800022a0	41c48d33	sub	x26,x9,x28	  x9:0x80009f20 x28:0xfffffff1 x26=0x80009f2f
       23775000	      2376	800022a4	00fb9c93	slli	x25,x23,0xf	 x23:0x00000001 x25=0x00008000
       23785000	      2377	800022a8	01247233	and	x4,x8,x18	  x8:0x00000000 x18:0xfc400000  x4=0x00000000
       23795000	      2378	800022ac	d389ecb7	lui	x25,0xd389e	 x25=0xd389e000
       23805000	      2379	800022b0	00fdb233	sltu	x4,x27,x15	 x27:0xfffffda4 x15:0x7c311cc3  x4=0x00000000
       23815000	      2380	800022b4	01d2ceb3	xor	x29,x5,x29	  x5:0xfffebf2c x29:0x0000001f x29=0xfffebf33
       23825000	      2381	800022b8	1ae2a293	slti	x5,x5,430	  x5:0xfffebf2c  x5=0x00000001
       23835000	      2382	800022bc	00000013	addi	x0,x0,0	  x0:0x00000000
       23845000	      2383	800022c0	002212b3	sll	x5,x4,x2	  x4:0x00000000  x2:0x80009fc4  x5=0x00000000
       23855000	      2384	800022c4	01171933	sll	x18,x14,x17	 x14:0x00000000 x17:0x80009f20 x18=0x00000000
       23865000	      2385	800022c8	01de9e63	bne	x29,x29,800022e4	 x29:0xfffebf33 x29:0xfffebf33
       23875000	      2386	800022cc	62ef2e13	slti	x28,x30,1582	 x30:0x00000237 x28=0x00000001
       23885000	      2387	800022d0	01cd8463	beq	x27,x28,800022d8	 x27:0xfffffda4 x28:0x00000001
       23895000	      2388	800022d4	00000013	addi	x0,x0,0	  x0:0x00000000
       23905000	      2389	800022d8	01bc1033	sll	x0,x24,x27	 x24:0x00000000 x27:0xfffffda4
       23915000	      2390	800022dc	fe019237	lui	x4,0xfe019	  x4=0xfe019000
       23925000	      2391	800022e0	01f99d33	sll	x26,x19,x31	 x19:0x80009f11 x31:0xfffffb3a x26=0x44000000
       23935000	      2392	800022e4	05987263	bgeu	x16,x25,80002328	 x16:0x00000000 x25:0xd389e000
       23945000	      2393	800022e8	05a26063	bltu	x4,x26,80002328	  x4:0xfe019000 x26:0x44000000
       23955000	      2394	800022ec	d25a4d13	xori	x26,x20,-731	 x20:0xfffffbfd x26=0x000006d8
       23965000	      2395	800022f0	00720833	add	x16,x4,x7	  x4:0xfe019000  x7:0x00000000 x16=0xfe019000
       23975000	      2396	800022f4	008309b3	add	x19,x6,x8	  x6:0x7c311ce3  x8:0x00000000 x19=0x7c311ce3
       23985000	      2397	800022f8	103e8993	addi	x19,x29,259	 x29:0xfffebf33 x19=0xfffec036
       23995000	      2398	800022fc	41a55d33	sra	x26,x10,x26	 x10:0xfffffda4 x26:0x000006d8 x26=0xffffffff
       24005000	      2399	80002300	015e4cb3	xor	x25,x28,x21	 x28:0x00000001 x21:0x00000004 x25=0x00000005
       24015000	      2400	80002304	003e9b33	sll	x22,x29,x3	 x29:0xfffebf33  x3:0x00000001 x22=0xfffd7e66
       24025000	      2401	80002308	015f54b3	srl	x9,x30,x21	 x30:0x00000237 x21:0x00000004  x9=0x00000023
       24035000	      2402	8000230c	006f5c13	srli	x24,x30,0x6	 x30:0x00000237 x24=0x00000008
       24045000	      2403	80002310	00000013	addi	x0,x0,0	  x0:0x00000000
       24055000	      2404	80002314	00230463	beq	x6,x2,8000231c	  x6:0x7c311ce3  x2:0x80009fc4
       24065000	      2405	80002318	01a782b3	add	x5,x15,x26	 x15:0x7c311cc3 x26:0xffffffff  x5=0x7c311cc2
       24075000	      2406	8000231c	02ae0463	beq	x28,x10,80002344	 x28:0x00000001 x10:0xfffffda4
       24085000	      2407	80002320	004f9693	slli	x13,x31,0x4	 x31:0xfffffb3a x13=0xffffb3a0
       24095000	      2408	80002324	5df8f837	lui	x16,0x5df8f	 x16=0x5df8f000
       24105000	      2409	80002328	f46f4c17	auipc	x24,0xf46f4	 x24=0x746f6324
       24115000	      2410	8000232c	025c5e63	bge	x24,x5,80002368	 x24:0x746f6324  x5:0x7c311cc2
       24125000	      2411	80002330	63ab8437	lui	x8,0x63ab8	  x8=0x63ab8000
       24135000	      2412	80002334	004cf533	and	x10,x25,x4	 x25:0x00000005  x4:0xfe019000 x10=0x00000000
       24145000	      2413	80002338	0521e263	bltu	x3,x18,8000237c	  x3:0x00000001 x18:0x00000000
       24155000	      2414	8000233c	00000013	addi	x0,x0,0	  x0:0x00000000
       24165000	      2415	80002340	01c30263	beq	x6,x28,80002344	  x6:0x7c311ce3 x28:0x00000001
       24175000	      2416	80002344	03604263	blt	x0,x22,80002368	  x0:0x00000000 x22:0xfffd7e66
       24185000	      2417	80002348	cc9a80b7	lui	x1,0xcc9a8	  x1=0xcc9a8000
       24195000	      2418	8000234c	4159db33	sra	x22,x19,x21	 x19:0xfffec036 x21:0x00000004 x22=0xffffec03
       24205000	      2419	80002350	01c92db3	slt	x27,x18,x28	 x18:0x00000000 x28:0x00000001 x27=0x00000001
       24215000	      2420	80002354	01e75913	srli	x18,x14,0x1e	 x14:0x00000000 x18=0x00000000
       24225000	      2421	80002358	04ded263	bge	x29,x13,8000239c	 x29:0xfffebf33 x13:0xffffb3a0
       24235000	      2422	8000235c	00000013	addi	x0,x0,0	  x0:0x00000000
       24245000	      2423	80002360	7110fc93	andi	x25,x1,1809	  x1:0xcc9a8000 x25=0x00000000
       24255000	      2424	80002364	003121b3	slt	x3,x2,x3	  x2:0x80009fc4  x3:0x00000001  x3=0x00000001
       24265000	      2425	80002368	02028063	beq	x5,x0,80002388	  x5:0x7c311cc2  x0:0x00000000
       24275000	      2426	8000236c	f779b917	auipc	x18,0xf779b	 x18=0x7779d368
       24285000	      2427	80002370	c91b7597	auipc	x11,0xc91b7	 x11=0x491b936c
       24295000	      2428	80002374	d4104f93	xori	x31,x0,-703	  x0:0x00000000 x31=0xfffffd41
       24305000	      2429	80002378	41755493	srai	x9,x10,0x17	 x10:0x00000000  x9=0x00000000
       24315000	      2430	8000237c	036a4c63	blt	x20,x22,800023b4	 x20:0xfffffbfd x22:0xffffec03
       24325000	      2431	80002380	011f7e63	bgeu	x30,x17,8000239c	 x30:0x00000237 x17:0x80009f20
       24335000	      2432	80002384	0069e863	bltu	x19,x6,80002394	 x19:0xfffec036  x6:0x7c311ce3
       24345000	      2433	80002388	011f5a33	srl	x20,x30,x17	 x30:0x00000237 x17:0x80009f20 x20=0x00000237
       24355000	      2434	8000238c	cc3e1917	auipc	x18,0xcc3e1	 x18=0x4c3e3388
       24365000	      2435	80002390	00000013	addi	x0,x0,0	  x0:0x00000000
       24375000	      2436	80002394	01840933	add	x18,x8,x24	  x8:0x63ab8000 x24:0x746f6324 x18=0xd81ae324
       24385000	      2437	80002398	029e5663	bge	x28,x9,800023c4	 x28:0x00000001  x9:0x00000000
       24395000	      2438	00000000	00000013	addi	x0,x0,0	  x0:0x00000000
       24405000	      2439	800023c0	00000013	addi	x0,x0,0	  x0:0x00000000
       24415000	      2440	800023c4	0169b733	sltu	x14,x19,x22	 x19:0xfffec036 x22:0xffffec03 x14=0x00000001
       24425000	      2441	800023c8	006c7bb3	and	x23,x24,x6	 x24:0x746f6324  x6:0x7c311ce3 x23=0x74210020
       24435000	      2442	800023cc	9a2c3e13	sltiu	x28,x24,-1630	 x24:0x746f6324 x28=0x00000001
       24445000	      2443	800023d0	16efce13	xori	x28,x31,366	 x31:0xfffffd41 x28=0xfffffc2f
       24455000	      2444	800023d4	d1c38713	addi	x14,x7,-740	  x7:0x00000000 x14=0xfffffd1c
       24465000	      2445	800023d8	9d4c2f93	slti	x31,x24,-1580	 x24:0x746f6324 x31=0x00000000
       24475000	      2446	800023dc	017b5f13	srli	x30,x22,0x17	 x22:0xffffec03 x30=0x000001ff
       24485000	      2447	800023e0	006f7db3	and	x27,x30,x6	 x30:0x000001ff  x6:0x7c311ce3 x27=0x000000e3
       24495000	      2448	800023e4	02fd1663	bne	x26,x15,80002410	 x26:0xffffffff x15:0x7c311cc3
       24505000	      2449	00000000	00000013	addi	x0,x0,0	  x0:0x00000000
       24515000	      2450	8000240c	00000013	addi	x0,x0,0	  x0:0x00000000
       24525000	      2451	80002410	2c373193	sltiu	x3,x14,707	 x14:0xfffffd1c  x3=0x00000000
       24535000	      2452	80002414	0385d263	bge	x11,x24,80002438	 x11:0x491b936c x24:0x746f6324
       24545000	      2453	80002418	019ae9b3	or	x19,x21,x25	 x21:0x00000004 x25:0x00000000 x19=0x00000004
       24555000	      2454	8000241c	010e8e63	beq	x29,x16,80002438	 x29:0xfffebf33 x16:0x5df8f000
       24565000	      2455	80002420	2fe9c337	lui	x6,0x2fe9c	  x6=0x2fe9c000
       24575000	      2456	80002424	c9c43237	lui	x4,0xc9c43	  x4=0xc9c43000
       24585000	      2457	80002428	05af9263	bne	x31,x26,8000246c	 x31:0x00000000 x26:0xffffffff
       24595000	      2458	00000000	00000013	addi	x0,x0,0	  x0:0x00000000
       24605000	      2459	80002468	00000013	addi	x0,x0,0	  x0:0x00000000
       24615000	      2460	8000246c	41cf0bb3	sub	x23,x30,x28	 x30:0x000001ff x28:0xfffffc2f x23=0x000005d0
       24625000	      2461	80002470	04bf1063	bne	x30,x11,800024b0	 x30:0x000001ff x11:0x491b936c
       24635000	      2462	00000000	00000013	addi	x0,x0,0	  x0:0x00000000
       24645000	      2463	800024ac	00000013	addi	x0,x0,0	  x0:0x00000000
       24655000	      2464	800024b0	41bc5b13	srai	x22,x24,0x1b	 x24:0x746f6324 x22=0x0000000e
       24665000	      2465	800024b4	ea2aeb93	ori	x23,x21,-350	 x21:0x00000004 x23=0xfffffea6
       24675000	      2466	800024b8	00f9d033	srl	x0,x19,x15	 x19:0x00000004 x15:0x7c311cc3
       24685000	      2467	800024bc	6461d997	auipc	x19,0x6461d	 x19=0xe461f4b8
       24695000	      2468	800024c0	d1260397	auipc	x7,0xd1260	  x7=0x512624bc
       24705000	      2469	800024c4	40d38db3	sub	x27,x7,x13	  x7:0x512624bc x13:0xffffb3a0 x27=0x5126711c
       24715000	      2470	800024c8	058cf863	bgeu	x25,x24,80002518	 x25:0x00000000 x24:0x746f6324
       24725000	      2471	800024cc	41db0eb3	sub	x29,x22,x29	 x22:0x0000000e x29:0xfffebf33 x29=0x000140db
       24735000	      2472	800024d0	00000013	addi	x0,x0,0	  x0:0x00000000
       24745000	      2473	800024d4	03e4e063	bltu	x9,x30,800024f4	  x9:0x00000000 x30:0x000001ff
       24755000	      2474	00000000	00000013	addi	x0,x0,0	  x0:0x00000000
       24765000	      2475	800024f0	00000013	addi	x0,x0,0	  x0:0x00000000
       24775000	      2476	800024f4	01bc50b3	srl	x1,x24,x27	 x24:0x746f6324 x27:0x5126711c  x1=0x00000007
       24785000	      2477	800024f8	c7cf2593	slti	x11,x30,-900	 x30:0x000001ff x11=0x00000000
       24795000	      2478	800024fc	001f59b3	srl	x19,x30,x1	 x30:0x000001ff  x1:0x00000007 x19=0x00000003
       24805000	      2479	80002500	41d90233	sub	x4,x18,x29	 x18:0xd81ae324 x29:0x000140db  x4=0xd819a249
       24815000	      2480	80002504	010e0b33	add	x22,x28,x16	 x28:0xfffffc2f x16:0x5df8f000 x22=0x5df8ec2f
       24825000	      2481	80002508	87f40e13	addi	x28,x8,-1921	  x8:0x63ab8000 x28=0x63ab787f
       24835000	      2482	8000250c	01f84e63	blt	x16,x31,80002528	 x16:0x5df8f000 x31:0x00000000
       24845000	      2483	80002510	0123f233	and	x4,x7,x18	  x7:0x512624bc x18:0xd81ae324  x4=0x50022024
       24855000	      2484	80002514	0fd63b13	sltiu	x22,x12,253	 x12:0x00000040 x22=0x00000001
       24865000	      2485	80002518	01a84933	xor	x18,x16,x26	 x16:0x5df8f000 x26:0xffffffff x18=0xa2070fff
       24875000	      2486	8000251c	01014a63	blt	x2,x16,80002530	  x2:0x80009fc4 x16:0x5df8f000
       24885000	      2487	00000000	00000013	addi	x0,x0,0	  x0:0x00000000
       24895000	      2488	8000252c	00000013	addi	x0,x0,0	  x0:0x00000000
       24905000	      2489	80002530	41318db3	sub	x27,x3,x19	  x3:0x00000000 x19:0x00000003 x27=0xfffffffd
       24915000	      2490	80002534	327cfdb7	lui	x27,0x327cf	 x27=0x327cf000
       24925000	      2491	80002538	00000013	addi	x0,x0,0	  x0:0x00000000
       24935000	      2492	8000253c	414f51b3	sra	x3,x30,x20	 x30:0x000001ff x20:0x00000237  x3=0x00000000
       24945000	      2493	80002540	12e9f693	andi	x13,x19,302	 x19:0x00000003 x13=0x00000002
       24955000	      2494	80002544	03095263	bge	x18,x16,80002568	 x18:0xa2070fff x16:0x5df8f000
       24965000	      2495	80002548	004a99b3	sll	x19,x21,x4	 x21:0x00000004  x4:0x50022024 x19=0x00000040
       24975000	      2496	8000254c	00f164b3	or	x9,x2,x15	  x2:0x80009fc4 x15:0x7c311cc3  x9=0xfc319fc7
       24985000	      2497	80002550	008dcfb3	xor	x31,x27,x8	 x27:0x327cf000  x8:0x63ab8000 x31=0x51d77000
       24995000	      2498	80002554	04dce863	bltu	x25,x13,800025a4	 x25:0x00000000 x13:0x00000002
       25005000	      2499	00000000	00000013	addi	x0,x0,0	  x0:0x00000000
       25015000	      2500	800025a0	00000013	addi	x0,x0,0	  x0:0x00000000
       25025000	      2501	800025a4	40118bb3	sub	x23,x3,x1	  x3:0x00000000  x1:0x00000007 x23=0xfffffff9
       25035000	      2502	800025a8	71d0c413	xori	x8,x1,1821	  x1:0x00000007  x8=0x0000071a
       25045000	      2503	800025ac	40ec5d93	srai	x27,x24,0xe	 x24:0x746f6324 x27=0x0001d1bd
       25055000	      2504	800025b0	dc884093	xori	x1,x16,-568	 x16:0x5df8f000  x1=0xa2070dc8
       25065000	      2505	800025b4	03341463	bne	x8,x19,800025dc	  x8:0x0000071a x19:0x00000040
       25075000	      2506	00000000	00000013	addi	x0,x0,0	  x0:0x00000000
       25085000	      2507	800025d8	00000013	addi	x0,x0,0	  x0:0x00000000
       25095000	      2508	800025dc	b8a4f393	andi	x7,x9,-1142	  x9:0xfc319fc7  x7=0xfc319b82
       25105000	      2509	800025e0	005aceb3	xor	x29,x21,x5	 x21:0x00000004  x5:0x7c311cc2 x29=0x7c311cc6
       25115000	      2510	800025e4	273b3a37	lui	x20,0x273b3	 x20=0x273b3000
       25125000	      2511	800025e8	0ea32c13	slti	x24,x6,234	  x6:0x2fe9c000 x24=0x00000000
       25135000	      2512	800025ec	00537733	and	x14,x6,x5	  x6:0x2fe9c000  x5:0x7c311cc2 x14=0x2c210000
       25145000	      2513	800025f0	c69cfb13	andi	x22,x25,-919	 x25:0x00000000 x22=0x00000000
       25155000	      2514	800025f4	02056863	bltu	x10,x0,80002624	 x10:0x00000000  x0:0x00000000
       25165000	      2515	800025f8	038ee663	bltu	x29,x24,80002624	 x29:0x7c311cc6 x24:0x00000000
       25175000	      2516	800025fc	016adb13	srli	x22,x21,0x16	 x21:0x00000004 x22=0x00000000
       25185000	      2517	80002600	0013a6b3	slt	x13,x7,x1	  x7:0xfc319b82  x1:0xa2070dc8 x13=0x00000000
       25195000	      2518	80002604	01d25033	srl	x0,x4,x29	  x4:0x50022024 x29:0x7c311cc6
       25205000	      2519	80002608	00de1a93	slli	x21,x28,0xd	 x28:0x63ab787f x21=0x6f0fe000
       25215000	      2520	8000260c	007a9c63	bne	x21,x7,80002624	 x21:0x6f0fe000  x7:0xfc319b82
       25225000	      2521	00000000	00000013	addi	x0,x0,0	  x0:0x00000000
       25235000	      2522	80002620	00000013	addi	x0,x0,0	  x0:0x00000000
       25245000	      2523	80002624	013cae33	slt	x28,x25,x19	 x25:0x00000000 x19:0x00000040 x28=0x00000001
       25255000	      2524	80002628	0048af03	lw	x30,4(x17)	 x17:0x80009f20 x30=0x80002694 PA:0x80009f24
       25265000	      2525	8000262c	9db48293	addi	x5,x9,-1573	  x9:0xfc319fc7  x5=0xfc3199a2
       25275000	      2526	80002630	63062d13	slti	x26,x12,1584	 x12:0x00000040 x26=0x00000001
       25285000	      2527	80002634	03088893	addi	x17,x17,48	 x17:0x80009f20 x17=0x80009f50
       25295000	      2528	80002638	41908b33	sub	x22,x1,x25	  x1:0xa2070dc8 x25:0x00000000 x22=0xa2070dc8
       25305000	      2529	8000263c	b30f8c93	addi	x25,x31,-1232	 x31:0x51d77000 x25=0x51d76b30
       25315000	      2530	80002640	001f0193	addi	x3,x30,1	 x30:0x80002694  x3=0x80002695
       25325000	      2531	80002644	000181e7	jalr	x3,x3,0	  x3:0x80002695  x3=0x80002644
       25335000	      2532	00000000	00000013	addi	x0,x0,0	  x0:0x00000000
       25345000	      2533	80002694	00000013	addi	x0,x0,0	  x0:0x00000000
       25355000	      2534	80002698	00a00b93	addi	x23,x0,10	  x0:0x00000000 x23=0x0000000a
       25365000	      2535	8000269c	413d5033	sra	x0,x26,x19	 x26:0x00000001 x19:0x00000040
       25375000	      2536	800026a0	40eb0333	sub	x6,x22,x14	 x22:0xa2070dc8 x14:0x2c210000  x6=0x75e60dc8
       25385000	      2537	800026a4	aaee1837	lui	x16,0xaaee1	 x16=0xaaee1000
       25395000	      2538	800026a8	0016d013	srli	x0,x13,0x1	 x13:0x00000000
       25405000	      2539	800026ac	01a1de13	srli	x28,x3,0x1a	  x3:0x80002644 x28=0x00000020
       25415000	      2540	800026b0	009fe233	or	x4,x31,x9	 x31:0x51d77000  x9:0xfc319fc7  x4=0xfdf7ffc7
       25425000	      2541	800026b4	00123fb3	sltu	x31,x4,x1	  x4:0xfdf7ffc7  x1:0xa2070dc8 x31=0x00000000
       25435000	      2542	800026b8	00900a13	addi	x20,x0,9	  x0:0x00000000 x20=0x00000009
       25445000	      2543	800026bc	01841c93	slli	x25,x8,0x18	  x8:0x0000071a x25=0x1a000000
       25455000	      2544	800026c0	5886ce97	auipc	x29,0x5886c	 x29=0xd886e6bc
       25465000	      2545	800026c4	013a9c93	slli	x25,x21,0x13	 x21:0x6f0fe000 x25=0x00000000
       25475000	      2546	800026c8	015c32b3	sltu	x5,x24,x21	 x24:0x00000000 x21:0x6f0fe000  x5=0x00000001
       25485000	      2547	800026cc	ffeb8b93	addi	x23,x23,-2	 x23:0x0000000a x23=0x00000008
       25495000	      2548	800026d0	f7aec593	xori	x11,x29,-134	 x29:0xd886e6bc x11=0x277919c6
       25505000	      2549	800026d4	00900693	addi	x13,x0,9	  x0:0x00000000 x13=0x00000009
       25515000	      2550	800026d8	01fcc233	xor	x4,x25,x31	 x25:0x00000000 x31:0x00000000  x4=0x00000000
       25525000	      2551	800026dc	008d5213	srli	x4,x26,0x8	 x26:0x00000001  x4=0x00000000
       25535000	      2552	800026e0	00af0433	add	x8,x30,x10	 x30:0x80002694 x10:0x00000000  x8=0x80002694
       25545000	      2553	800026e4	00600613	addi	x12,x0,6	  x0:0x00000000 x12=0x00000006
       25555000	      2554	800026e8	5c91b093	sltiu	x1,x3,1481	  x3:0x80002644  x1=0x00000000
       25565000	      2555	800026ec	41f380b3	sub	x1,x7,x31	  x7:0xfc319b82 x31:0x00000000  x1=0xfc319b82
       25575000	      2556	800026f0	01616933	or	x18,x2,x22	  x2:0x80009fc4 x22:0xa2070dc8 x18=0xa2079fcc
       25585000	      2557	800026f4	cdc6ed13	ori	x26,x13,-804	 x13:0x00000009 x26=0xfffffcdd
       25595000	      2558	800026f8	01e9efb3	or	x31,x19,x30	 x19:0x00000040 x30:0x80002694 x31=0x800026d4
       25605000	      2559	800026fc	a164c837	lui	x16,0xa164c	 x16=0xa164c000
       25615000	      2560	80002700	54bb6513	ori	x10,x22,1355	 x22:0xa2070dc8 x10=0xa2070dcb
       25625000	      2561	80002704	005bc5b3	xor	x11,x23,x5	 x23:0x00000008  x5:0x00000001 x11=0x00000009
       25635000	      2562	80002708	026f2313	slti	x6,x30,38	 x30:0x80002694  x6=0x00000001
       25645000	      2563	8000270c	0157a033	slt	x0,x15,x21	 x15:0x7c311cc3 x21:0x6f0fe000
       25655000	      2564	80002710	ffe68693	addi	x13,x13,-2	 x13:0x00000009 x13=0x00000007
       25665000	      2565	80002714	fec6f2e3	bgeu	x13,x12,800026f8	 x13:0x00000007 x12:0x00000006
       25675000	      2566	00000000	00000013	addi	x0,x0,0	  x0:0x00000000
       25685000	      2567	800026f4	00000013	addi	x0,x0,0	  x0:0x00000000
       25695000	      2568	800026f8	01e9efb3	or	x31,x19,x30	 x19:0x00000040 x30:0x80002694 x31=0x800026d4
       25705000	      2569	800026fc	a164c837	lui	x16,0xa164c	 x16=0xa164c000
       25715000	      2570	80002700	54bb6513	ori	x10,x22,1355	 x22:0xa2070dc8 x10=0xa2070dcb
       25725000	      2571	80002704	005bc5b3	xor	x11,x23,x5	 x23:0x00000008  x5:0x00000001 x11=0x00000009
       25735000	      2572	80002708	026f2313	slti	x6,x30,38	 x30:0x80002694  x6=0x00000001
       25745000	      2573	8000270c	0157a033	slt	x0,x15,x21	 x15:0x7c311cc3 x21:0x6f0fe000
       25755000	      2574	80002710	ffe68693	addi	x13,x13,-2	 x13:0x00000007 x13=0x00000005
       25765000	      2575	80002714	fec6f2e3	bgeu	x13,x12,800026f8	 x13:0x00000005 x12:0x00000006
       25775000	      2576	80002718	d9598393	addi	x7,x19,-619	 x19:0x00000040  x7=0xfffffdd5
       25785000	      2577	8000271c	fb4bf2e3	bgeu	x23,x20,800026c0	 x23:0x00000008 x20:0x00000009
       25795000	      2578	80002720	41178d33	sub	x26,x15,x17	 x15:0x7c311cc3 x17:0x80009f50 x26=0xfc307d73
       25805000	      2579	80002724	03cff463	bgeu	x31,x28,8000274c	 x31:0x800026d4 x28:0x00000020
       25815000	      2580	00000000	00000013	addi	x0,x0,0	  x0:0x00000000
       25825000	      2581	80002748	00000013	addi	x0,x0,0	  x0:0x00000000
       25835000	      2582	8000274c	0173afb3	slt	x31,x7,x23	  x7:0xfffffdd5 x23:0x00000008 x31=0x00000001
       25845000	      2583	80002750	ab866413	ori	x8,x12,-1352	 x12:0x00000006  x8=0xfffffabe
       25855000	      2584	80002754	f2d8d417	auipc	x8,0xf2d8d	  x8=0x72d8f750
       25865000	      2585	80002758	0440c263	blt	x1,x4,8000279c	  x1:0xfc319b82  x4:0x00000000
       25875000	      2586	00000000	00000013	addi	x0,x0,0	  x0:0x00000000
       25885000	      2587	80002798	00000013	addi	x0,x0,0	  x0:0x00000000
       25895000	      2588	8000279c	00975633	srl	x12,x14,x9	 x14:0x2c210000  x9:0xfc319fc7 x12=0x00584200
       25905000	      2589	800027a0	014389b3	add	x19,x7,x20	  x7:0xfffffdd5 x20:0x00000009 x19=0xfffffdde
       25915000	      2590	800027a4	019b7863	bgeu	x22,x25,800027b4	 x22:0xa2070dc8 x25:0x00000000
       25925000	      2591	00000000	00000013	addi	x0,x0,0	  x0:0x00000000
       25935000	      2592	800027b0	00000013	addi	x0,x0,0	  x0:0x00000000
       25945000	      2593	800027b4	0087e5b3	or	x11,x15,x8	 x15:0x7c311cc3  x8:0x72d8f750 x11=0x7ef9ffd3
       25955000	      2594	800027b8	f5e47093	andi	x1,x8,-162	  x8:0x72d8f750  x1=0x72d8f750
       25965000	      2595	800027bc	00fb5b93	srli	x23,x22,0xf	 x22:0xa2070dc8 x23=0x0001440e
       25975000	      2596	800027c0	00412db3	slt	x27,x2,x4	  x2:0x80009fc4  x4:0x00000000 x27=0x00000001
       25985000	      2597	800027c4	015d5d93	srli	x27,x26,0x15	 x26:0xfc307d73 x27=0x000007e1
       25995000	      2598	800027c8	b014cd93	xori	x27,x9,-1279	  x9:0xfc319fc7 x27=0x03ce64c6
       26005000	      2599	800027cc	005b1c63	bne	x22,x5,800027e4	 x22:0xa2070dc8  x5:0x00000001
       26015000	      2600	00000000	00000013	addi	x0,x0,0	  x0:0x00000000
       26025000	      2601	800027e0	00000013	addi	x0,x0,0	  x0:0x00000000
       26035000	      2602	800027e4	157db293	sltiu	x5,x27,343	 x27:0x03ce64c6  x5=0x00000000
       26045000	      2603	800027e8	0159cdb3	xor	x27,x19,x21	 x19:0xfffffdde x21:0x6f0fe000 x27=0x90f01dde
       26055000	      2604	800027ec	00000013	addi	x0,x0,0	  x0:0x00000000
       26065000	      2605	800027f0	004b7733	and	x14,x22,x4	 x22:0xa2070dc8  x4:0x00000000 x14=0x00000000
       26075000	      2606	800027f4	03d89863	bne	x17,x29,80002824	 x17:0x80009f50 x29:0xd886e6bc
       26085000	      2607	00000000	00000013	addi	x0,x0,0	  x0:0x00000000
       26095000	      2608	80002820	00000013	addi	x0,x0,0	  x0:0x00000000
       26105000	      2609	80002824	00544733	xor	x14,x8,x5	  x8:0x72d8f750  x5:0x00000000 x14=0x72d8f750
       26115000	      2610	80002828	0048af03	lw	x30,4(x17)	 x17:0x80009f50 x30=0x80002d1c PA:0x80009f54
       26125000	      2611	8000282c	652c7813	andi	x16,x24,1618	 x24:0x00000000 x16=0x00000000
       26135000	      2612	80002830	cffe2d93	slti	x27,x28,-769	 x28:0x00000020 x27=0x00000000
       26145000	      2613	80002834	411c0633	sub	x12,x24,x17	 x24:0x00000000 x17:0x80009f50 x12=0x7fff60b0
       26155000	      2614	80002838	40880833	sub	x16,x16,x8	 x16:0x00000000  x8:0x72d8f750 x16=0x8d2708b0
       26165000	      2615	8000283c	012ca1b3	slt	x3,x25,x18	 x25:0x00000000 x18:0xa2079fcc  x3=0x00000000
       26175000	      2616	80002840	01088893	addi	x17,x17,16	 x17:0x80009f50 x17=0x80009f60
       26185000	      2617	80002844	e9ce7213	andi	x4,x28,-356	 x28:0x00000020  x4=0x00000000
       26195000	      2618	80002848	000f0e93	addi	x29,x30,0	 x30:0x80002d1c x29=0x80002d1c
       26205000	      2619	8000284c	000e8ee7	jalr	x29,x29,0	 x29:0x80002d1c x29=0x8000284c
       26215000	      2620	00000000	00000013	addi	x0,x0,0	  x0:0x00000000
       26225000	      2621	80002d1c	00000013	addi	x0,x0,0	  x0:0x00000000
       26235000	      2622	80002d20	00800613	addi	x12,x0,8	  x0:0x00000000 x12=0x00000008
       26245000	      2623	80002d24	402a5fb3	sra	x31,x20,x2	 x20:0x00000009  x2:0x80009fc4 x31=0x00000000
       26255000	      2624	80002d28	00500c13	addi	x24,x0,5	  x0:0x00000000 x24=0x00000005
       26265000	      2625	80002d2c	0069a933	slt	x18,x19,x6	 x19:0xfffffdde  x6:0x00000001 x18=0x00000001
       26275000	      2626	80002d30	40c05593	srai	x11,x0,0xc	  x0:0x00000000 x11=0x00000000
       26285000	      2627	80002d34	ffe60613	addi	x12,x12,-2	 x12:0x00000008 x12=0x00000006
       26295000	      2628	80002d38	ffc00f13	addi	x30,x0,-4	  x0:0x00000000 x30=0xfffffffc
       26305000	      2629	80002d3c	ff800b93	addi	x23,x0,-8	  x0:0x00000000 x23=0xfffffff8
       26315000	      2630	80002d40	8ccb0093	addi	x1,x22,-1844	 x22:0xa2070dc8  x1=0xa2070694
       26325000	      2631	80002d44	ffff0f13	addi	x30,x30,-1	 x30:0xfffffffc x30=0xfffffffb
       26335000	      2632	80002d48	006b1b13	slli	x22,x22,0x6	 x22:0xa2070dc8 x22=0x81c37200
       26345000	      2633	80002d4c	ff7f5ae3	bge	x30,x23,80002d40	 x30:0xfffffffb x23:0xfffffff8
       26355000	      2634	00000000	00000013	addi	x0,x0,0	  x0:0x00000000
       26365000	      2635	80002d3c	00000013	addi	x0,x0,0	  x0:0x00000000
       26375000	      2636	80002d40	8ccb0093	addi	x1,x22,-1844	 x22:0x81c37200  x1=0x81c36acc
       26385000	      2637	80002d44	ffff0f13	addi	x30,x30,-1	 x30:0xfffffffb x30=0xfffffffa
       26395000	      2638	80002d48	006b1b13	slli	x22,x22,0x6	 x22:0x81c37200 x22=0x70dc8000
       26405000	      2639	80002d4c	ff7f5ae3	bge	x30,x23,80002d40	 x30:0xfffffffa x23:0xfffffff8
       26415000	      2640	00000000	00000013	addi	x0,x0,0	  x0:0x00000000
       26425000	      2641	80002d3c	00000013	addi	x0,x0,0	  x0:0x00000000
       26435000	      2642	80002d40	8ccb0093	addi	x1,x22,-1844	 x22:0x70dc8000  x1=0x70dc78cc
       26445000	      2643	80002d44	ffff0f13	addi	x30,x30,-1	 x30:0xfffffffa x30=0xfffffff9
       26455000	      2644	80002d48	006b1b13	slli	x22,x22,0x6	 x22:0x70dc8000 x22=0x37200000
       26465000	      2645	80002d4c	ff7f5ae3	bge	x30,x23,80002d40	 x30:0xfffffff9 x23:0xfffffff8
       26475000	      2646	00000000	00000013	addi	x0,x0,0	  x0:0x00000000
       26485000	      2647	80002d3c	00000013	addi	x0,x0,0	  x0:0x00000000
       26495000	      2648	80002d40	8ccb0093	addi	x1,x22,-1844	 x22:0x37200000  x1=0x371ff8cc
       26505000	      2649	80002d44	ffff0f13	addi	x30,x30,-1	 x30:0xfffffff9 x30=0xfffffff8
       26515000	      2650	80002d48	006b1b13	slli	x22,x22,0x6	 x22:0x37200000 x22=0xc8000000
       26525000	      2651	80002d4c	ff7f5ae3	bge	x30,x23,80002d40	 x30:0xfffffff8 x23:0xfffffff8
       26535000	      2652	00000000	00000013	addi	x0,x0,0	  x0:0x00000000
       26545000	      2653	80002d3c	00000013	addi	x0,x0,0	  x0:0x00000000
       26555000	      2654	80002d40	8ccb0093	addi	x1,x22,-1844	 x22:0xc8000000  x1=0xc7fff8cc
       26565000	      2655	80002d44	ffff0f13	addi	x30,x30,-1	 x30:0xfffffff8 x30=0xfffffff7
       26575000	      2656	80002d48	006b1b13	slli	x22,x22,0x6	 x22:0xc8000000 x22=0x00000000
       26585000	      2657	80002d4c	ff7f5ae3	bge	x30,x23,80002d40	 x30:0xfffffff7 x23:0xfffffff8
       26595000	      2658	80002d50	01887033	and	x0,x16,x24	 x16:0x8d2708b0 x24:0x00000005
       26605000	      2659	80002d54	633e7497	auipc	x9,0x633e7	  x9=0xe33e9d50
       26615000	      2660	80002d58	fd867ae3	bgeu	x12,x24,80002d2c	 x12:0x00000006 x24:0x00000005
       26625000	      2661	00000000	00000013	addi	x0,x0,0	  x0:0x00000000
       26635000	      2662	80002d28	00000013	addi	x0,x0,0	  x0:0x00000000
       26645000	      2663	80002d2c	0069a933	slt	x18,x19,x6	 x19:0xfffffdde  x6:0x00000001 x18=0x00000001
       26655000	      2664	80002d30	40c05593	srai	x11,x0,0xc	  x0:0x00000000 x11=0x00000000
       26665000	      2665	80002d34	ffe60613	addi	x12,x12,-2	 x12:0x00000006 x12=0x00000004
       26675000	      2666	80002d38	ffc00f13	addi	x30,x0,-4	  x0:0x00000000 x30=0xfffffffc
       26685000	      2667	80002d3c	ff800b93	addi	x23,x0,-8	  x0:0x00000000 x23=0xfffffff8
       26695000	      2668	80002d40	8ccb0093	addi	x1,x22,-1844	 x22:0x00000000  x1=0xfffff8cc
       26705000	      2669	80002d44	ffff0f13	addi	x30,x30,-1	 x30:0xfffffffc x30=0xfffffffb
       26715000	      2670	80002d48	006b1b13	slli	x22,x22,0x6	 x22:0x00000000 x22=0x00000000
       26725000	      2671	80002d4c	ff7f5ae3	bge	x30,x23,80002d40	 x30:0xfffffffb x23:0xfffffff8
       26735000	      2672	00000000	00000013	addi	x0,x0,0	  x0:0x00000000
       26745000	      2673	80002d3c	00000013	addi	x0,x0,0	  x0:0x00000000
       26755000	      2674	80002d40	8ccb0093	addi	x1,x22,-1844	 x22:0x00000000  x1=0xfffff8cc
       26765000	      2675	80002d44	ffff0f13	addi	x30,x30,-1	 x30:0xfffffffb x30=0xfffffffa
       26775000	      2676	80002d48	006b1b13	slli	x22,x22,0x6	 x22:0x00000000 x22=0x00000000
       26785000	      2677	80002d4c	ff7f5ae3	bge	x30,x23,80002d40	 x30:0xfffffffa x23:0xfffffff8
       26795000	      2678	00000000	00000013	addi	x0,x0,0	  x0:0x00000000
       26805000	      2679	80002d3c	00000013	addi	x0,x0,0	  x0:0x00000000
       26815000	      2680	80002d40	8ccb0093	addi	x1,x22,-1844	 x22:0x00000000  x1=0xfffff8cc
       26825000	      2681	80002d44	ffff0f13	addi	x30,x30,-1	 x30:0xfffffffa x30=0xfffffff9
       26835000	      2682	80002d48	006b1b13	slli	x22,x22,0x6	 x22:0x00000000 x22=0x00000000
       26845000	      2683	80002d4c	ff7f5ae3	bge	x30,x23,80002d40	 x30:0xfffffff9 x23:0xfffffff8
       26855000	      2684	00000000	00000013	addi	x0,x0,0	  x0:0x00000000
       26865000	      2685	80002d3c	00000013	addi	x0,x0,0	  x0:0x00000000
       26875000	      2686	80002d40	8ccb0093	addi	x1,x22,-1844	 x22:0x00000000  x1=0xfffff8cc
       26885000	      2687	80002d44	ffff0f13	addi	x30,x30,-1	 x30:0xfffffff9 x30=0xfffffff8
       26895000	      2688	80002d48	006b1b13	slli	x22,x22,0x6	 x22:0x00000000 x22=0x00000000
       26905000	      2689	80002d4c	ff7f5ae3	bge	x30,x23,80002d40	 x30:0xfffffff8 x23:0xfffffff8
       26915000	      2690	00000000	00000013	addi	x0,x0,0	  x0:0x00000000
       26925000	      2691	80002d3c	00000013	addi	x0,x0,0	  x0:0x00000000
       26935000	      2692	80002d40	8ccb0093	addi	x1,x22,-1844	 x22:0x00000000  x1=0xfffff8cc
       26945000	      2693	80002d44	ffff0f13	addi	x30,x30,-1	 x30:0xfffffff8 x30=0xfffffff7
       26955000	      2694	80002d48	006b1b13	slli	x22,x22,0x6	 x22:0x00000000 x22=0x00000000
       26965000	      2695	80002d4c	ff7f5ae3	bge	x30,x23,80002d40	 x30:0xfffffff7 x23:0xfffffff8
       26975000	      2696	80002d50	01887033	and	x0,x16,x24	 x16:0x8d2708b0 x24:0x00000005
       26985000	      2697	80002d54	633e7497	auipc	x9,0x633e7	  x9=0xe33e9d50
       26995000	      2698	80002d58	fd867ae3	bgeu	x12,x24,80002d2c	 x12:0x00000004 x24:0x00000005
       27005000	      2699	80002d5c	435f6293	ori	x5,x30,1077	 x30:0xfffffff7  x5=0xfffffff7
       27015000	      2700	80002d60	001aecb3	or	x25,x21,x1	 x21:0x6f0fe000  x1:0xfffff8cc x25=0xfffff8cc
       27025000	      2701	80002d64	019c8333	add	x6,x25,x25	 x25:0xfffff8cc x25:0xfffff8cc  x6=0xfffff198
       27035000	      2702	80002d68	288cf413	andi	x8,x25,648	 x25:0xfffff8cc  x8=0x00000088
       27045000	      2703	80002d6c	03090a63	beq	x18,x16,80002da0	 x18:0x00000001 x16:0x8d2708b0
       27055000	      2704	80002d70	0027b6b3	sltu	x13,x15,x2	 x15:0x7c311cc3  x2:0x80009fc4 x13=0x00000001
       27065000	      2705	80002d74	016835b3	sltu	x11,x16,x22	 x16:0x8d2708b0 x22:0x00000000 x11=0x00000000
       27075000	      2706	80002d78	0064dcb3	srl	x25,x9,x6	  x9:0xe33e9d50  x6:0xfffff198 x25=0x000000e3
       27085000	      2707	80002d7c	02050a63	beq	x10,x0,80002db0	 x10:0xa2070dcb  x0:0x00000000
       27095000	      2708	80002d80	01e8ffb3	and	x31,x17,x30	 x17:0x80009f60 x30:0xfffffff7 x31=0x80009f60
       27105000	      2709	80002d84	41cd55b3	sra	x11,x26,x28	 x26:0xfc307d73 x28:0x00000020 x11=0xfc307d73
       27115000	      2710	80002d88	0134cbb3	xor	x23,x9,x19	  x9:0xe33e9d50 x19:0xfffffdde x23=0x1cc1608e
       27125000	      2711	80002d8c	b0d95037	lui	x0,0xb0d95	
       27135000	      2712	80002d90	00c8b6b3	sltu	x13,x17,x12	 x17:0x80009f60 x12:0x00000004 x13=0x00000000
       27145000	      2713	80002d94	007f3eb3	sltu	x29,x30,x7	 x30:0xfffffff7  x7:0xfffffdd5 x29=0x00000000
       27155000	      2714	80002d98	c0f38093	addi	x1,x7,-1009	  x7:0xfffffdd5  x1=0xfffff9e4
       27165000	      2715	80002d9c	02ec1463	bne	x24,x14,80002dc4	 x24:0x00000005 x14:0x72d8f750
       27175000	      2716	00000000	00000013	addi	x0,x0,0	  x0:0x00000000
       27185000	      2717	80002dc0	00000013	addi	x0,x0,0	  x0:0x00000000
       27195000	      2718	80002dc4	058e8063	beq	x29,x24,80002e04	 x29:0x00000000 x24:0x00000005
       27205000	      2719	80002dc8	40850533	sub	x10,x10,x8	 x10:0xa2070dcb  x8:0x00000088 x10=0xa2070d43
       27215000	      2720	80002dcc	037dce63	blt	x27,x23,80002e08	 x27:0x00000000 x23:0x1cc1608e
       27225000	      2721	00000000	00000013	addi	x0,x0,0	  x0:0x00000000
       27235000	      2722	80002e04	00000013	addi	x0,x0,0	  x0:0x00000000
       27245000	      2723	80002e08	402e06b3	sub	x13,x28,x2	 x28:0x00000020  x2:0x80009fc4 x13=0x7fff605c
       27255000	      2724	80002e0c	083c6b13	ori	x22,x24,131	 x24:0x00000005 x22=0x00000087
       27265000	      2725	80002e10	01ec5db3	srl	x27,x24,x30	 x24:0x00000005 x30:0xfffffff7 x27=0x00000000
       27275000	      2726	80002e14	02d78663	beq	x15,x13,80002e40	 x15:0x7c311cc3 x13:0x7fff605c
       27285000	      2727	80002e18	06cae493	ori	x9,x21,108	 x21:0x6f0fe000  x9=0x6f0fe06c
       27295000	      2728	80002e1c	014b1493	slli	x9,x22,0x14	 x22:0x00000087  x9=0x08700000
       27305000	      2729	80002e20	008e14b3	sll	x9,x28,x8	 x28:0x00000020  x8:0x00000088  x9=0x00002000
       27315000	      2730	80002e24	6f663317	auipc	x6,0x6f663	  x6=0xef665e20
       27325000	      2731	80002e28	416f03b3	sub	x7,x30,x22	 x30:0xfffffff7 x22:0x00000087  x7=0xffffff70
       27335000	      2732	80002e2c	c589da37	lui	x20,0xc589d	 x20=0xc589d000
       27345000	      2733	80002e30	03d54c63	blt	x10,x29,80002e68	 x10:0xa2070d43 x29:0x00000000
       27355000	      2734	00000000	00000013	addi	x0,x0,0	  x0:0x00000000
       27365000	      2735	80002e64	00000013	addi	x0,x0,0	  x0:0x00000000
       27375000	      2736	80002e68	00000013	addi	x0,x0,0	  x0:0x00000000
       27385000	      2737	80002e6c	00bff0b3	and	x1,x31,x11	 x31:0x80009f60 x11:0xfc307d73  x1=0x80001d60
       27395000	      2738	80002e70	00e2a733	slt	x14,x5,x14	  x5:0xfffffff7 x14:0x72d8f750 x14=0x00000001
       27405000	      2739	80002e74	7d837493	andi	x9,x6,2008	  x6:0xef665e20  x9=0x00000600
       27415000	      2740	80002e78	86f24813	xori	x16,x4,-1937	  x4:0x00000000 x16=0xfffff86f
       27425000	      2741	80002e7c	000edfb3	srl	x31,x29,x0	 x29:0x00000000  x0:0x00000000 x31=0x00000000
       27435000	      2742	80002e80	00e7ab33	slt	x22,x15,x14	 x15:0x7c311cc3 x14:0x00000001 x22=0x00000000
       27445000	      2743	80002e84	008ce263	bltu	x25,x8,80002e88	 x25:0x000000e3  x8:0x00000088
       27455000	      2744	80002e88	12ad0313	addi	x6,x26,298	 x26:0xfc307d73  x6=0xfc307e9d
       27465000	      2745	80002e8c	014dd6b3	srl	x13,x27,x20	 x27:0x00000000 x20:0xc589d000 x13=0x00000000
       27475000	      2746	80002e90	01fdd863	bge	x27,x31,80002ea0	 x27:0x00000000 x31:0x00000000
       27485000	      2747	00000000	00000013	addi	x0,x0,0	  x0:0x00000000
       27495000	      2748	80002e9c	00000013	addi	x0,x0,0	  x0:0x00000000
       27505000	      2749	80002ea0	4074df93	srai	x31,x9,0x7	  x9:0x00000600 x31=0x0000000c
       27515000	      2750	80002ea4	01677733	and	x14,x14,x22	 x14:0x00000001 x22:0x00000000 x14=0x00000000
       27525000	      2751	80002ea8	0048af03	lw	x30,4(x17)	 x17:0x80009f60 x30=0x8000288c PA:0x80009f64
       27535000	      2752	80002eac	01c88893	addi	x17,x17,28	 x17:0x80009f60 x17=0x80009f7c
       27545000	      2753	80002eb0	40175213	srai	x4,x14,0x1	 x14:0x00000000  x4=0x00000000
       27555000	      2754	80002eb4	ef094813	xori	x16,x18,-272	 x18:0x00000001 x16=0xfffffef1
       27565000	      2755	80002eb8	000f0f13	addi	x30,x30,0	 x30:0x8000288c x30=0x8000288c
       27575000	      2756	80002ebc	000f0f67	jalr	x30,x30,0	 x30:0x8000288c x30=0x80002ebc
       27585000	      2757	00000000	00000013	addi	x0,x0,0	  x0:0x00000000
       27595000	      2758	8000288c	00000013	addi	x0,x0,0	  x0:0x00000000
       27605000	      2759	80002890	5a6dedb7	lui	x27,0x5a6de	 x27=0x5a6de000
       27615000	      2760	80002894	4038dc13	srai	x24,x17,0x3	 x17:0x80009f7c x24=0xf00013ef
       27625000	      2761	80002898	6b49e813	ori	x16,x19,1716	 x19:0xfffffdde x16=0xfffffffe
       27635000	      2762	8000289c	01959c63	bne	x11,x25,800028b4	 x11:0xfc307d73 x25:0x000000e3
       27645000	      2763	00000000	00000013	addi	x0,x0,0	  x0:0x00000000
       27655000	      2764	800028b0	00000013	addi	x0,x0,0	  x0:0x00000000
       27665000	      2765	800028b4	00cf1c13	slli	x24,x30,0xc	 x30:0x80002ebc x24=0x02ebc000
       27675000	      2766	800028b8	0048af03	lw	x30,4(x17)	 x17:0x80009f7c x30=0x800003ec PA:0x80009f80
       27685000	      2767	800028bc	00000013	addi	x0,x0,0	  x0:0x00000000
       27695000	      2768	800028c0	015211b3	sll	x3,x4,x21	  x4:0x00000000 x21:0x6f0fe000  x3=0x00000000
       27705000	      2769	800028c4	00888893	addi	x17,x17,8	 x17:0x80009f7c x17=0x80009f84
       27715000	      2770	800028c8	019fdeb3	srl	x29,x31,x25	 x31:0x0000000c x25:0x000000e3 x29=0x00000001
       27725000	      2771	800028cc	017fa433	slt	x8,x31,x23	 x31:0x0000000c x23:0x1cc1608e  x8=0x00000001
       27735000	      2772	800028d0	000f0f13	addi	x30,x30,0	 x30:0x800003ec x30=0x800003ec
       27745000	      2773	800028d4	000f0f67	jalr	x30,x30,0	 x30:0x800003ec x30=0x800028d4
       27755000	      2774	00000000	00000013	addi	x0,x0,0	  x0:0x00000000
       27765000	      2775	800003ec	00000013	addi	x0,x0,0	  x0:0x00000000
       27775000	      2776	800003f0	00000013	addi	x0,x0,0	  x0:0x00000000
       27785000	      2777	800003f4	03ea5e63	bge	x20,x30,80000430	 x20:0xc589d000 x30:0x800028d4
       27795000	      2778	00000000	00000013	addi	x0,x0,0	  x0:0x00000000
       27805000	      2779	8000042c	00000013	addi	x0,x0,0	  x0:0x00000000
       27815000	      2780	80000430	003125b3	slt	x11,x2,x3	  x2:0x80009fc4  x3:0x00000000 x11=0x00000001
       27825000	      2781	80000434	a84a2d93	slti	x27,x20,-1404	 x20:0xc589d000 x27=0x00000001
       27835000	      2782	80000438	1bfec1b7	lui	x3,0x1bfec	  x3=0x1bfec000
       27845000	      2783	8000043c	01e9d0b3	srl	x1,x19,x30	 x19:0xfffffdde x30:0x800028d4  x1=0x00000fff
       27855000	      2784	80000440	03500463	beq	x0,x21,80000468	  x0:0x00000000 x21:0x6f0fe000
       27865000	      2785	80000444	73f7a613	slti	x12,x15,1855	 x15:0x7c311cc3 x12=0x00000000
       27875000	      2786	80000448	404254b3	sra	x9,x4,x4	  x4:0x00000000  x4:0x00000000  x9=0x00000000
       27885000	      2787	8000044c	351e3b13	sltiu	x22,x28,849	 x28:0x00000020 x22=0x00000001
       27895000	      2788	80000450	d62fb017	auipc	x0,0xd62fb	
       27905000	      2789	80000454	00e4d0b3	srl	x1,x9,x14	  x9:0x00000000 x14:0x00000000  x1=0x00000000
       27915000	      2790	80000458	3b787c13	andi	x24,x16,951	 x16:0xfffffffe x24=0x000003b6
       27925000	      2791	8000045c	00000013	addi	x0,x0,0	  x0:0x00000000
       27935000	      2792	80000460	0399c263	blt	x19,x25,80000484	 x19:0xfffffdde x25:0x000000e3
       27945000	      2793	00000000	00000013	addi	x0,x0,0	  x0:0x00000000
       27955000	      2794	80000480	00000013	addi	x0,x0,0	  x0:0x00000000
       27965000	      2795	80000484	005cac33	slt	x24,x25,x5	 x25:0x000000e3  x5:0xfffffff7 x24=0x00000000
       27975000	      2796	80000488	03c6d863	bge	x13,x28,800004b8	 x13:0x00000000 x28:0x00000020
       27985000	      2797	8000048c	02e6f063	bgeu	x13,x14,800004ac	 x13:0x00000000 x14:0x00000000
       27995000	      2798	00000000	00000013	addi	x0,x0,0	  x0:0x00000000
       28005000	      2799	800004a8	00000013	addi	x0,x0,0	  x0:0x00000000
       28015000	      2800	800004ac	04198463	beq	x19,x1,800004f4	 x19:0xfffffdde  x1:0x00000000
       28025000	      2801	800004b0	01bff333	and	x6,x31,x27	 x31:0x0000000c x27:0x00000001  x6=0x00000000
       28035000	      2802	800004b4	40de52b3	sra	x5,x28,x13	 x28:0x00000020 x13:0x00000000  x5=0x00000020
       28045000	      2803	800004b8	00579e93	slli	x29,x15,0x5	 x15:0x7c311cc3 x29=0x86239860
       28055000	      2804	800004bc	01b1d993	srli	x19,x3,0x1b	  x3:0x1bfec000 x19=0x00000003
       28065000	      2805	800004c0	006b66b3	or	x13,x22,x6	 x22:0x00000001  x6:0x00000000 x13=0x00000001
       28075000	      2806	800004c4	00002297	auipc	x5,0x2	  x5=0x800024c0
       28085000	      2807	800004c8	41428293	addi	x5,x5,1044	  x5:0x800024c0  x5=0x800028d4
       28095000	      2808	800004cc	01ff9733	sll	x14,x31,x31	 x31:0x0000000c x31:0x0000000c x14=0x0000c000
       28105000	      2809	800004d0	01755093	srli	x1,x10,0x17	 x10:0xa2070d43  x1=0x00000144
       28115000	      2810	800004d4	f5e28293	addi	x5,x5,-162	  x5:0x800028d4  x5=0x80002832
       28125000	      2811	800004d8	00f41863	bne	x8,x15,800004e8	  x8:0x00000001 x15:0x7c311cc3
       28135000	      2812	00000000	00000013	addi	x0,x0,0	  x0:0x00000000
       28145000	      2813	800004e4	00000013	addi	x0,x0,0	  x0:0x00000000
       28155000	      2814	800004e8	0a328f67	jalr	x30,x5,163	  x5:0x80002832 x30=0x800004e8
       28165000	      2815	00000000	00000013	addi	x0,x0,0	  x0:0x00000000
       28175000	      2816	800028d4	00000013	addi	x0,x0,0	  x0:0x00000000
       28185000	      2817	800028d8	41e789b3	sub	x19,x15,x30	 x15:0x7c311cc3 x30:0x800004e8 x19=0xfc3117db
       28195000	      2818	800028dc	00000013	addi	x0,x0,0	  x0:0x00000000
       28205000	      2819	800028e0	ff088893	addi	x17,x17,-16	 x17:0x80009f84 x17=0x80009f74
       28215000	      2820	800028e4	85ed4b93	xori	x23,x26,-1954	 x26:0xfc307d73 x23=0x03cf852d
       28225000	      2821	800028e8	01e8a223	sw	x30,4(x17)	 x17:0x80009f74 x30:0x800004e8 PA:0x80009f78
       28235000	      2822	800028ec	8d77cd17	auipc	x26,0x8d77c	 x26=0x0d77e8e8
       28245000	      2823	800028f0	002fd5b3	srl	x11,x31,x2	 x31:0x0000000c  x2:0x80009fc4 x11=0x00000000
       28255000	      2824	800028f4	00000013	addi	x0,x0,0	  x0:0x00000000
       28265000	      2825	800028f8	00300e13	addi	x28,x0,3	  x0:0x00000000 x28=0x00000003
       28275000	      2826	800028fc	41dfda33	sra	x20,x31,x29	 x31:0x0000000c x29:0x86239860 x20=0x0000000c
       28285000	      2827	80002900	1849fb13	andi	x22,x19,388	 x19:0xfc3117db x22=0x00000180
       28295000	      2828	80002904	01b51a33	sll	x20,x10,x27	 x10:0xa2070d43 x27:0x00000001 x20=0x440e1a86
       28305000	      2829	80002908	ff000c93	addi	x25,x0,-16	  x0:0x00000000 x25=0xfffffff0
       28315000	      2830	8000290c	406b5713	srai	x14,x22,0x6	 x22:0x00000180 x14=0x00000006
       28325000	      2831	80002910	00259813	slli	x16,x11,0x2	 x11:0x00000000 x16=0x00000000
       28335000	      2832	80002914	63907737	lui	x14,0x63907	 x14=0x63907000
       28345000	      2833	80002918	00e712b3	sll	x5,x14,x14	 x14:0x63907000 x14:0x63907000  x5=0x63907000
       28355000	      2834	8000291c	b824b093	sltiu	x1,x9,-1150	  x9:0x00000000  x1=0x00000001
       28365000	      2835	80002920	0107a733	slt	x14,x15,x16	 x15:0x7c311cc3 x16:0x00000000 x14=0x00000000
       28375000	      2836	80002924	ff6e0e13	addi	x28,x28,-10	 x28:0x00000003 x28=0xfffffff9
       28385000	      2837	80002928	7ca06a93	ori	x21,x0,1994	  x0:0x00000000 x21=0x000007ca
       28395000	      2838	8000292c	012cda13	srli	x20,x25,0x12	 x25:0xfffffff0 x20=0x00003fff
       28405000	      2839	80002930	ff9e56e3	bge	x28,x25,8000291c	 x28:0xfffffff9 x25:0xfffffff0
       28415000	      2840	00000000	00000013	addi	x0,x0,0	  x0:0x00000000
       28425000	      2841	80002918	00000013	addi	x0,x0,0	  x0:0x00000000
       28435000	      2842	8000291c	b824b093	sltiu	x1,x9,-1150	  x9:0x00000000  x1=0x00000001
       28445000	      2843	80002920	0107a733	slt	x14,x15,x16	 x15:0x7c311cc3 x16:0x00000000 x14=0x00000000
       28455000	      2844	80002924	ff6e0e13	addi	x28,x28,-10	 x28:0xfffffff9 x28=0xffffffef
       28465000	      2845	80002928	7ca06a93	ori	x21,x0,1994	  x0:0x00000000 x21=0x000007ca
       28475000	      2846	8000292c	012cda13	srli	x20,x25,0x12	 x25:0xfffffff0 x20=0x00003fff
       28485000	      2847	80002930	ff9e56e3	bge	x28,x25,8000291c	 x28:0xffffffef x25:0xfffffff0
       28495000	      2848	80002934	004ade93	srli	x29,x21,0x4	 x21:0x000007ca x29=0x0000007c
       28505000	      2849	80002938	00300393	addi	x7,x0,3	  x0:0x00000000  x7=0x00000003
       28515000	      2850	8000293c	00f00d13	addi	x26,x0,15	  x0:0x00000000 x26=0x0000000f
       28525000	      2851	80002940	06a7e693	ori	x13,x15,106	 x15:0x7c311cc3 x13=0x7c311ceb
       28535000	      2852	80002944	d722be17	auipc	x28,0xd722b	 x28=0x5722d940
       28545000	      2853	80002948	402e05b3	sub	x11,x28,x2	 x28:0x5722d940  x2:0x80009fc4 x11=0xd722397c
       28555000	      2854	8000294c	d5cda513	slti	x10,x27,-676	 x27:0x00000001 x10=0x00000000
       28565000	      2855	80002950	00738393	addi	x7,x7,7	  x7:0x00000003  x7=0x0000000a
       28575000	      2856	80002954	ffa3c6e3	blt	x7,x26,80002940	  x7:0x0000000a x26:0x0000000f
       28585000	      2857	00000000	00000013	addi	x0,x0,0	  x0:0x00000000
       28595000	      2858	8000293c	00000013	addi	x0,x0,0	  x0:0x00000000
       28605000	      2859	80002940	06a7e693	ori	x13,x15,106	 x15:0x7c311cc3 x13=0x7c311ceb
       28615000	      2860	80002944	d722be17	auipc	x28,0xd722b	 x28=0x5722d940
       28625000	      2861	80002948	402e05b3	sub	x11,x28,x2	 x28:0x5722d940  x2:0x80009fc4 x11=0xd722397c
       28635000	      2862	8000294c	d5cda513	slti	x10,x27,-676	 x27:0x00000001 x10=0x00000000
       28645000	      2863	80002950	00738393	addi	x7,x7,7	  x7:0x0000000a  x7=0x00000011
       28655000	      2864	80002954	ffa3c6e3	blt	x7,x26,80002940	  x7:0x00000011 x26:0x0000000f
       28665000	      2865	80002958	2ff24293	xori	x5,x4,767	  x4:0x00000000  x5=0x000002ff
       28675000	      2866	8000295c	261eb337	lui	x6,0x261eb	  x6=0x261eb000
       28685000	      2867	80002960	01286433	or	x8,x16,x18	 x16:0x00000000 x18:0x00000001  x8=0x00000001
       28695000	      2868	80002964	0221c063	blt	x3,x2,80002984	  x3:0x1bfec000  x2:0x80009fc4
       28705000	      2869	80002968	a29dcf13	xori	x30,x27,-1495	 x27:0x00000001 x30=0xfffffa28
       28715000	      2870	8000296c	01f1cab3	xor	x21,x3,x31	  x3:0x1bfec000 x31:0x0000000c x21=0x1bfec00c
       28725000	      2871	80002970	046bd463	bge	x23,x6,800029b8	 x23:0x03cf852d  x6:0x261eb000
       28735000	      2872	80002974	00f875b3	and	x11,x16,x15	 x16:0x00000000 x15:0x7c311cc3 x11=0x00000000
       28745000	      2873	80002978	05a19263	bne	x3,x26,800029bc	  x3:0x1bfec000 x26:0x0000000f
       28755000	      2874	00000000	00000013	addi	x0,x0,0	  x0:0x00000000
       28765000	      2875	800029b8	00000013	addi	x0,x0,0	  x0:0x00000000
       28775000	      2876	800029bc	e1b889b7	lui	x19,0xe1b88	 x19=0xe1b88000
       28785000	      2877	800029c0	00d920b3	slt	x1,x18,x13	 x18:0x00000001 x13:0x7c311ceb  x1=0x00000001
       28795000	      2878	800029c4	01675d13	srli	x26,x14,0x16	 x14:0x00000000 x26=0x00000000
       28805000	      2879	800029c8	40455ab3	sra	x21,x10,x4	 x10:0x00000000  x4:0x00000000 x21=0x00000000
       28815000	      2880	800029cc	aacd3413	sltiu	x8,x26,-1364	 x26:0x00000000  x8=0x00000001
       28825000	      2881	800029d0	011b1ab3	sll	x21,x22,x17	 x22:0x00000180 x17:0x80009f74 x21=0x18000000
       28835000	      2882	800029d4	028c8663	beq	x25,x8,80002a00	 x25:0xfffffff0  x8:0x00000001
       28845000	      2883	800029d8	00d40633	add	x12,x8,x13	  x8:0x00000001 x13:0x7c311ceb x12=0x7c311cec
       28855000	      2884	800029dc	d0c2f413	andi	x8,x5,-756	  x5:0x000002ff  x8=0x0000000c
       28865000	      2885	800029e0	628e4713	xori	x14,x28,1576	 x28:0x5722d940 x14=0x5722df68
       28875000	      2886	800029e4	013b7bb3	and	x23,x22,x19	 x22:0x00000180 x19:0xe1b88000 x23=0x00000000
       28885000	      2887	800029e8	43bf8913	addi	x18,x31,1083	 x31:0x0000000c x18=0x00000447
       28895000	      2888	800029ec	04a26463	bltu	x4,x10,80002a34	  x4:0x00000000 x10:0x00000000
       28905000	      2889	800029f0	7c32c593	xori	x11,x5,1987	  x5:0x000002ff x11=0x0000053c
       28915000	      2890	800029f4	0150e033	or	x0,x1,x21	  x1:0x00000001 x21:0x18000000
       28925000	      2891	800029f8	8a0b6213	ori	x4,x22,-1888	 x22:0x00000180  x4=0xfffff9a0
       28935000	      2892	800029fc	1f567213	andi	x4,x12,501	 x12:0x7c311cec  x4=0x000000e4
       28945000	      2893	80002a00	741b5317	auipc	x6,0x741b5	  x6=0xf41b79fc
       28955000	      2894	80002a04	03a37063	bgeu	x6,x26,80002a24	  x6:0xf41b79fc x26:0x00000000
       28965000	      2895	00000000	00000013	addi	x0,x0,0	  x0:0x00000000
       28975000	      2896	80002a20	00000013	addi	x0,x0,0	  x0:0x00000000
       28985000	      2897	80002a24	e657fe13	andi	x28,x15,-411	 x15:0x7c311cc3 x28=0x7c311c41
       28995000	      2898	80002a28	026cae13	slti	x28,x25,38	 x25:0xfffffff0 x28=0x00000001
       29005000	      2899	80002a2c	01ab81b3	add	x3,x23,x26	 x23:0x00000000 x26:0x00000000  x3=0x00000000
       29015000	      2900	80002a30	05704863	blt	x0,x23,80002a80	  x0:0x00000000 x23:0x00000000
       29025000	      2901	80002a34	0b5a6f13	ori	x30,x20,181	 x20:0x00003fff x30=0x00003fff
       29035000	      2902	80002a38	41280433	sub	x8,x16,x18	 x16:0x00000000 x18:0x00000447  x8=0xfffffbb9
       29045000	      2903	80002a3c	02271063	bne	x14,x2,80002a5c	 x14:0x5722df68  x2:0x80009fc4
       29055000	      2904	00000000	00000013	addi	x0,x0,0	  x0:0x00000000
       29065000	      2905	80002a58	00000013	addi	x0,x0,0	  x0:0x00000000
       29075000	      2906	80002a5c	007bea33	or	x20,x23,x7	 x23:0x00000000  x7:0x00000011 x20=0x00000011
       29085000	      2907	80002a60	021c8663	beq	x25,x1,80002a8c	 x25:0xfffffff0  x1:0x00000001
       29095000	      2908	80002a64	01c06a33	or	x20,x0,x28	  x0:0x00000000 x28:0x00000001 x20=0x00000001
       29105000	      2909	80002a68	009dd863	bge	x27,x9,80002a78	 x27:0x00000001  x9:0x00000000
       29115000	      2910	00000000	00000013	addi	x0,x0,0	  x0:0x00000000
       29125000	      2911	80002a74	00000013	addi	x0,x0,0	  x0:0x00000000
       29135000	      2912	80002a78	4dabec37	lui	x24,0x4dabe	 x24=0x4dabe000
       29145000	      2913	80002a7c	01610f33	add	x30,x2,x22	  x2:0x80009fc4 x22:0x00000180 x30=0x8000a144
       29155000	      2914	80002a80	01cff3b3	and	x7,x31,x28	 x31:0x0000000c x28:0x00000001  x7=0x00000000
       29165000	      2915	80002a84	05ce4663	blt	x28,x28,80002ad0	 x28:0x00000001 x28:0x00000001
       29175000	      2916	80002a88	41538eb3	sub	x29,x7,x21	  x7:0x00000000 x21:0x18000000 x29=0xe8000000
       29185000	      2917	80002a8c	e13d0593	addi	x11,x26,-493	 x26:0x00000000 x11=0xfffffe13
       29195000	      2918	80002a90	019dd663	bge	x27,x25,80002a9c	 x27:0x00000001 x25:0xfffffff0
       29205000	      2919	00000000	00000013	addi	x0,x0,0	  x0:0x00000000
       29215000	      2920	80002a98	00000013	addi	x0,x0,0	  x0:0x00000000
       29225000	      2921	80002a9c	00de1713	slli	x14,x28,0xd	 x28:0x00000001 x14=0x00002000
       29235000	      2922	80002aa0	520d5717	auipc	x14,0x520d5	 x14=0xd20d7a9c
       29245000	      2923	80002aa4	004806b3	add	x13,x16,x4	 x16:0x00000000  x4:0x000000e4 x13=0x000000e4
       29255000	      2924	80002aa8	03710463	beq	x2,x23,80002ad0	  x2:0x80009fc4 x23:0x00000000
       29265000	      2925	80002aac	0283ea63	bltu	x7,x8,80002ae0	  x7:0x00000000  x8:0xfffffbb9
       29275000	      2926	00000000	00000013	addi	x0,x0,0	  x0:0x00000000
       29285000	      2927	80002adc	00000013	addi	x0,x0,0	  x0:0x00000000
       29295000	      2928	80002ae0	012d1b13	slli	x22,x26,0x12	 x26:0x00000000 x22=0x00000000
       29305000	      2929	80002ae4	c484c213	xori	x4,x9,-952	  x9:0x00000000  x4=0xfffffc48
       29315000	      2930	80002ae8	0193e263	bltu	x7,x25,80002aec	  x7:0x00000000 x25:0xfffffff0
       29325000	      2931	00000000	00000013	addi	x0,x0,0	  x0:0x00000000
       29335000	      2932	80002ae8	00000013	addi	x0,x0,0	  x0:0x00000000
       29345000	      2933	80002aec	41990433	sub	x8,x18,x25	 x18:0x00000447 x25:0xfffffff0  x8=0x00000457
       29355000	      2934	80002af0	76d60b93	addi	x23,x12,1901	 x12:0x7c311cec x23=0x7c312459
       29365000	      2935	80002af4	ac78ab93	slti	x23,x17,-1337	 x17:0x80009f74 x23=0x00000001
       29375000	      2936	80002af8	7f5b2613	slti	x12,x22,2037	 x22:0x00000000 x12=0x00000001
       29385000	      2937	80002afc	23390a93	addi	x21,x18,563	 x18:0x00000447 x21=0x0000067a
       29395000	      2938	80002b00	ffa00513	addi	x10,x0,-6	  x0:0x00000000 x10=0xfffffffa
       29405000	      2939	80002b04	fee00d13	addi	x26,x0,-18	  x0:0x00000000 x26=0xffffffee
       29415000	      2940	80002b08	01804b33	xor	x22,x0,x24	  x0:0x00000000 x24:0x4dabe000 x22=0x4dabe000
       29425000	      2941	80002b0c	ffc50513	addi	x10,x10,-4	 x10:0xfffffffa x10=0xfffffff6
       29435000	      2942	80002b10	ffe00093	addi	x1,x0,-2	  x0:0x00000000  x1=0xfffffffe
       29445000	      2943	80002b14	fec00913	addi	x18,x0,-20	  x0:0x00000000 x18=0xffffffec
       29455000	      2944	80002b18	7b8ec013	xori	x0,x29,1976	 x29:0xe8000000
       29465000	      2945	80002b1c	00a7f333	and	x6,x15,x10	 x15:0x7c311cc3 x10:0xfffffff6  x6=0x7c311cc2
       29475000	      2946	80002b20	ffe08093	addi	x1,x1,-2	  x1:0xfffffffe  x1=0xfffffffc
       29485000	      2947	80002b24	ff20dce3	bge	x1,x18,80002b1c	  x1:0xfffffffc x18:0xffffffec
       29495000	      2948	00000000	00000013	addi	x0,x0,0	  x0:0x00000000
       29505000	      2949	80002b18	00000013	addi	x0,x0,0	  x0:0x00000000
       29515000	      2950	80002b1c	00a7f333	and	x6,x15,x10	 x15:0x7c311cc3 x10:0xfffffff6  x6=0x7c311cc2
       29525000	      2951	80002b20	ffe08093	addi	x1,x1,-2	  x1:0xfffffffc  x1=0xfffffffa
       29535000	      2952	80002b24	ff20dce3	bge	x1,x18,80002b1c	  x1:0xfffffffa x18:0xffffffec
       29545000	      2953	00000000	00000013	addi	x0,x0,0	  x0:0x00000000
       29555000	      2954	80002b18	00000013	addi	x0,x0,0	  x0:0x00000000
       29565000	      2955	80002b1c	00a7f333	and	x6,x15,x10	 x15:0x7c311cc3 x10:0xfffffff6  x6=0x7c311cc2
       29575000	      2956	80002b20	ffe08093	addi	x1,x1,-2	  x1:0xfffffffa  x1=0xfffffff8
       29585000	      2957	80002b24	ff20dce3	bge	x1,x18,80002b1c	  x1:0xfffffff8 x18:0xffffffec
       29595000	      2958	00000000	00000013	addi	x0,x0,0	  x0:0x00000000
       29605000	      2959	80002b18	00000013	addi	x0,x0,0	  x0:0x00000000
       29615000	      2960	80002b1c	00a7f333	and	x6,x15,x10	 x15:0x7c311cc3 x10:0xfffffff6  x6=0x7c311cc2
       29625000	      2961	80002b20	ffe08093	addi	x1,x1,-2	  x1:0xfffffff8  x1=0xfffffff6
       29635000	      2962	80002b24	ff20dce3	bge	x1,x18,80002b1c	  x1:0xfffffff6 x18:0xffffffec
       29645000	      2963	00000000	00000013	addi	x0,x0,0	  x0:0x00000000
       29655000	      2964	80002b18	00000013	addi	x0,x0,0	  x0:0x00000000
       29665000	      2965	80002b1c	00a7f333	and	x6,x15,x10	 x15:0x7c311cc3 x10:0xfffffff6  x6=0x7c311cc2
       29675000	      2966	80002b20	ffe08093	addi	x1,x1,-2	  x1:0xfffffff6  x1=0xfffffff4
       29685000	      2967	80002b24	ff20dce3	bge	x1,x18,80002b1c	  x1:0xfffffff4 x18:0xffffffec
       29695000	      2968	00000000	00000013	addi	x0,x0,0	  x0:0x00000000
       29705000	      2969	80002b18	00000013	addi	x0,x0,0	  x0:0x00000000
       29715000	      2970	80002b1c	00a7f333	and	x6,x15,x10	 x15:0x7c311cc3 x10:0xfffffff6  x6=0x7c311cc2
       29725000	      2971	80002b20	ffe08093	addi	x1,x1,-2	  x1:0xfffffff4  x1=0xfffffff2
       29735000	      2972	80002b24	ff20dce3	bge	x1,x18,80002b1c	  x1:0xfffffff2 x18:0xffffffec
       29745000	      2973	00000000	00000013	addi	x0,x0,0	  x0:0x00000000
       29755000	      2974	80002b18	00000013	addi	x0,x0,0	  x0:0x00000000
       29765000	      2975	80002b1c	00a7f333	and	x6,x15,x10	 x15:0x7c311cc3 x10:0xfffffff6  x6=0x7c311cc2
       29775000	      2976	80002b20	ffe08093	addi	x1,x1,-2	  x1:0xfffffff2  x1=0xfffffff0
       29785000	      2977	80002b24	ff20dce3	bge	x1,x18,80002b1c	  x1:0xfffffff0 x18:0xffffffec
       29795000	      2978	00000000	00000013	addi	x0,x0,0	  x0:0x00000000
       29805000	      2979	80002b18	00000013	addi	x0,x0,0	  x0:0x00000000
       29815000	      2980	80002b1c	00a7f333	and	x6,x15,x10	 x15:0x7c311cc3 x10:0xfffffff6  x6=0x7c311cc2
       29825000	      2981	80002b20	ffe08093	addi	x1,x1,-2	  x1:0xfffffff0  x1=0xffffffee
       29835000	      2982	80002b24	ff20dce3	bge	x1,x18,80002b1c	  x1:0xffffffee x18:0xffffffec
       29845000	      2983	00000000	00000013	addi	x0,x0,0	  x0:0x00000000
       29855000	      2984	80002b18	00000013	addi	x0,x0,0	  x0:0x00000000
       29865000	      2985	80002b1c	00a7f333	and	x6,x15,x10	 x15:0x7c311cc3 x10:0xfffffff6  x6=0x7c311cc2
       29875000	      2986	80002b20	ffe08093	addi	x1,x1,-2	  x1:0xffffffee  x1=0xffffffec
       29885000	      2987	80002b24	ff20dce3	bge	x1,x18,80002b1c	  x1:0xffffffec x18:0xffffffec
       29895000	      2988	00000000	00000013	addi	x0,x0,0	  x0:0x00000000
       29905000	      2989	80002b18	00000013	addi	x0,x0,0	  x0:0x00000000
       29915000	      2990	80002b1c	00a7f333	and	x6,x15,x10	 x15:0x7c311cc3 x10:0xfffffff6  x6=0x7c311cc2
       29925000	      2991	80002b20	ffe08093	addi	x1,x1,-2	  x1:0xffffffec  x1=0xffffffea
       29935000	      2992	80002b24	ff20dce3	bge	x1,x18,80002b1c	  x1:0xffffffea x18:0xffffffec
       29945000	      2993	80002b28	ffa500e3	beq	x10,x26,80002b08	 x10:0xfffffff6 x26:0xffffffee
       29955000	      2994	80002b2c	0029eb33	or	x22,x19,x2	 x19:0xe1b88000  x2:0x80009fc4 x22=0xe1b89fc4
       29965000	      2995	80002b30	00f911b3	sll	x3,x18,x15	 x18:0xffffffec x15:0x7c311cc3  x3=0xffffff60
       29975000	      2996	80002b34	00cd93b3	sll	x7,x27,x12	 x27:0x00000001 x12:0x00000001  x7=0x00000002
       29985000	      2997	80002b38	00c469b3	or	x19,x8,x12	  x8:0x00000457 x12:0x00000001 x19=0x00000457
       29995000	      2998	80002b3c	00976863	bltu	x14,x9,80002b4c	 x14:0xd20d7a9c  x9:0x00000000
       30005000	      2999	80002b40	0136fe63	bgeu	x13,x19,80002b5c	 x13:0x000000e4 x19:0x00000457
       30015000	      3000	80002b44	4176db93	srai	x23,x13,0x17	 x13:0x000000e4 x23=0x00000000
       30025000	      3001	80002b48	e26c8537	lui	x10,0xe26c8	 x10=0xe26c8000
       30035000	      3002	80002b4c	00aa5f33	srl	x30,x20,x10	 x20:0x00000001 x10:0xe26c8000 x30=0x00000001
       30045000	      3003	80002b50	01aad093	srli	x1,x21,0x1a	 x21:0x0000067a  x1=0x00000000
       30055000	      3004	80002b54	008fe463	bltu	x31,x8,80002b5c	 x31:0x0000000c  x8:0x00000457
       30065000	      3005	00000000	00000013	addi	x0,x0,0	  x0:0x00000000
       30075000	      3006	80002b58	00000013	addi	x0,x0,0	  x0:0x00000000
       30085000	      3007	80002b5c	0170cf33	xor	x30,x1,x23	  x1:0x00000000 x23:0x00000000 x30=0x00000000
       30095000	      3008	80002b60	014bf633	and	x12,x23,x20	 x23:0x00000000 x20:0x00000001 x12=0x00000000
       30105000	      3009	80002b64	00369013	slli	x0,x13,0x3	 x13:0x000000e4
       30115000	      3010	80002b68	05020063	beq	x4,x16,80002ba8	  x4:0xfffffc48 x16:0x00000000
       30125000	      3011	80002b6c	0130adb3	slt	x27,x1,x19	  x1:0x00000000 x19:0x00000457 x27=0x00000001
       30135000	      3012	80002b70	5d61b537	lui	x10,0x5d61b	 x10=0x5d61b000
       30145000	      3013	80002b74	019cf433	and	x8,x25,x25	 x25:0xfffffff0 x25:0xfffffff0  x8=0xfffffff0
       30155000	      3014	80002b78	00aeaf33	slt	x30,x29,x10	 x29:0xe8000000 x10:0x5d61b000 x30=0x00000001
       30165000	      3015	80002b7c	4137df33	sra	x30,x15,x19	 x15:0x7c311cc3 x19:0x00000457 x30=0x000000f8
       30175000	      3016	80002b80	00ccc933	xor	x18,x25,x12	 x25:0xfffffff0 x12:0x00000000 x18=0xfffffff0
       30185000	      3017	80002b84	4e744617	auipc	x12,0x4e744	 x12=0xce746b80
       30195000	      3018	80002b88	d4a4ca93	xori	x21,x9,-694	  x9:0x00000000 x21=0xfffffd4a
       30205000	      3019	80002b8c	401e0033	sub	x0,x28,x1	 x28:0x00000001  x1:0x00000000
       30215000	      3020	80002b90	01de9a33	sll	x20,x29,x29	 x29:0xe8000000 x29:0xe8000000 x20=0xe8000000
       30225000	      3021	80002b94	00000013	addi	x0,x0,0	  x0:0x00000000
       30235000	      3022	80002b98	c13ba393	slti	x7,x23,-1005	 x23:0x00000000  x7=0x00000000
       30245000	      3023	80002b9c	02829463	bne	x5,x8,80002bc4	  x5:0x000002ff  x8:0xfffffff0
       30255000	      3024	00000000	00000013	addi	x0,x0,0	  x0:0x00000000
       30265000	      3025	80002bc0	00000013	addi	x0,x0,0	  x0:0x00000000
       30275000	      3026	80002bc4	000fdbb3	srl	x23,x31,x0	 x31:0x0000000c  x0:0x00000000 x23=0x0000000c
       30285000	      3027	80002bc8	00000013	addi	x0,x0,0	  x0:0x00000000
       30295000	      3028	80002bcc	01c71d93	slli	x27,x14,0x1c	 x14:0xd20d7a9c x27=0xc0000000
       30305000	      3029	80002bd0	01529093	slli	x1,x5,0x15	  x5:0x000002ff  x1=0x5fe00000
       30315000	      3030	80002bd4	ef97af93	slti	x31,x15,-263	 x15:0x7c311cc3 x31=0x00000000
       30325000	      3031	80002bd8	c2eb0f13	addi	x30,x22,-978	 x22:0xe1b89fc4 x30=0xe1b89bf2
       30335000	      3032	80002bdc	00298863	beq	x19,x2,80002bec	 x19:0x00000457  x2:0x80009fc4
       30345000	      3033	80002be0	01ee14b3	sll	x9,x28,x30	 x28:0x00000001 x30:0xe1b89bf2  x9=0x00040000
       30355000	      3034	80002be4	41c8dc33	sra	x24,x17,x28	 x17:0x80009f74 x28:0x00000001 x24=0xc0004fba
       30365000	      3035	80002be8	02e67063	bgeu	x12,x14,80002c08	 x12:0xce746b80 x14:0xd20d7a9c
       30375000	      3036	80002bec	8b61ed93	ori	x27,x3,-1866	  x3:0xffffff60 x27=0xfffffff6
       30385000	      3037	80002bf0	001732b3	sltu	x5,x14,x1	 x14:0xd20d7a9c  x1:0x5fe00000  x5=0x00000000
       30395000	      3038	80002bf4	c61f3913	sltiu	x18,x30,-927	 x30:0xe1b89bf2 x18=0x00000001
       30405000	      3039	80002bf8	bd2cc493	xori	x9,x25,-1070	 x25:0xfffffff0  x9=0x00000422
       30415000	      3040	80002bfc	02458063	beq	x11,x4,80002c1c	 x11:0xfffffe13  x4:0xfffffc48
       30425000	      3041	80002c00	0073cfb3	xor	x31,x7,x7	  x7:0x00000000  x7:0x00000000 x31=0x00000000
       30435000	      3042	80002c04	cc6d0093	addi	x1,x26,-826	 x26:0xffffffee  x1=0xfffffcb4
       30445000	      3043	80002c08	0401e263	bltu	x3,x0,80002c4c	  x3:0xffffff60  x0:0x00000000
       30455000	      3044	80002c0c	002f1a33	sll	x20,x30,x2	 x30:0xe1b89bf2  x2:0x80009fc4 x20=0x1b89bf20
       30465000	      3045	80002c10	00dde933	or	x18,x27,x13	 x27:0xfffffff6 x13:0x000000e4 x18=0xfffffff6
       30475000	      3046	80002c14	012ffcb3	and	x25,x31,x18	 x31:0x00000000 x18:0xfffffff6 x25=0x00000000
       30485000	      3047	80002c18	01a1d413	srli	x8,x3,0x1a	  x3:0xffffff60  x8=0x0000003f
       30495000	      3048	80002c1c	c3c7cf13	xori	x30,x15,-964	 x15:0x7c311cc3 x30=0x83cee0ff
       30505000	      3049	80002c20	02489a63	bne	x17,x4,80002c54	 x17:0x80009f74  x4:0xfffffc48
       30515000	      3050	00000000	00000013	addi	x0,x0,0	  x0:0x00000000
       30525000	      3051	80002c50	00000013	addi	x0,x0,0	  x0:0x00000000
       30535000	      3052	80002c54	c6742d13	slti	x26,x8,-921	  x8:0x0000003f x26=0x00000000
       30545000	      3053	80002c58	a7628b93	addi	x23,x5,-1418	  x5:0x00000000 x23=0xfffffa76
       30555000	      3054	80002c5c	00b0fe63	bgeu	x1,x11,80002c78	  x1:0xfffffcb4 x11:0xfffffe13
       30565000	      3055	80002c60	0084fe33	and	x28,x9,x8	  x9:0x00000422  x8:0x0000003f x28=0x00000022
       30575000	      3056	80002c64	4e88e293	ori	x5,x17,1256	 x17:0x80009f74  x5=0x80009ffc
       30585000	      3057	80002c68	28d78513	addi	x10,x15,653	 x15:0x7c311cc3 x10=0x7c311f50
       30595000	      3058	80002c6c	00769293	slli	x5,x13,0x7	 x13:0x000000e4  x5=0x00007200
       30605000	      3059	80002c70	007e9663	bne	x29,x7,80002c7c	 x29:0xe8000000  x7:0x00000000
       30615000	      3060	00000000	00000013	addi	x0,x0,0	  x0:0x00000000
       30625000	      3061	80002c78	00000013	addi	x0,x0,0	  x0:0x00000000
       30635000	      3062	80002c7c	b00dfe13	andi	x28,x27,-1280	 x27:0xfffffff6 x28=0xfffffb00
       30645000	      3063	80002c80	20b76937	lui	x18,0x20b76	 x18=0x20b76000
       30655000	      3064	80002c84	01bc7db3	and	x27,x24,x27	 x24:0xc0004fba x27:0xfffffff6 x27=0xc0004fb2
       30665000	      3065	80002c88	68ce4d13	xori	x26,x28,1676	 x28:0xfffffb00 x26=0xfffffd8c
       30675000	      3066	80002c8c	015ad463	bge	x21,x21,80002c94	 x21:0xfffffd4a x21:0xfffffd4a
       30685000	      3067	00000000	00000013	addi	x0,x0,0	  x0:0x00000000
       30695000	      3068	80002c90	00000013	addi	x0,x0,0	  x0:0x00000000
       30705000	      3069	80002c94	410786b3	sub	x13,x15,x16	 x15:0x7c311cc3 x16:0x00000000 x13=0x7c311cc3
       30715000	      3070	80002c98	0048af03	lw	x30,4(x17)	 x17:0x80009f74 x30=0x800004e8 PA:0x80009f78
       30725000	      3071	80002c9c	44282993	slti	x19,x16,1090	 x16:0x00000000 x19=0x00000001
       30735000	      3072	80002ca0	82522513	slti	x10,x4,-2011	  x4:0xfffffc48 x10=0x00000000
       30745000	      3073	80002ca4	01088893	addi	x17,x17,16	 x17:0x80009f74 x17=0x80009f84
       30755000	      3074	80002ca8	f7613a93	sltiu	x21,x2,-138	  x2:0x80009fc4 x21=0x00000001
       30765000	      3075	80002cac	01e094b3	sll	x9,x1,x30	  x1:0xfffffcb4 x30:0x800004e8  x9=0xfffcb400
       30775000	      3076	80002cb0	000f0d93	addi	x27,x30,0	 x30:0x800004e8 x27=0x800004e8
       30785000	      3077	80002cb4	000d8de7	jalr	x27,x27,0	 x27:0x800004e8 x27=0x80002cb4
       30795000	      3078	00000000	00000013	addi	x0,x0,0	  x0:0x00000000
       30805000	      3079	800004e8	00000013	addi	x0,x0,0	  x0:0x00000000
       30815000	      3080	800004ec	fe76e813	ori	x16,x13,-25	 x13:0x7c311cc3 x16=0xffffffe7
       30825000	      3081	800004f0	0ca97463	bgeu	x18,x10,800005b8	 x18:0x20b76000 x10:0x00000000
       30835000	      3082	00000000	00000013	addi	x0,x0,0	  x0:0x00000000
       30845000	      3083	800005b4	00000013	addi	x0,x0,0	  x0:0x00000000
       30855000	      3084	800005b8	00e90fb3	add	x31,x18,x14	 x18:0x20b76000 x14:0xd20d7a9c x31=0xf2c4da9c
       30865000	      3085	800005bc	3cb17a93	andi	x21,x2,971	  x2:0x80009fc4 x21=0x000003c0
       30875000	      3086	800005c0	18b89537	lui	x10,0x18b89	 x10=0x18b89000
       30885000	      3087	800005c4	01cef033	and	x0,x29,x28	 x29:0xe8000000 x28:0xfffffb00
       30895000	      3088	800005c8	00ed6833	or	x16,x26,x14	 x26:0xfffffd8c x14:0xd20d7a9c x16=0xffffff9c
       30905000	      3089	800005cc	007c5e63	bge	x24,x7,800005e8	 x24:0xc0004fba  x7:0x00000000
       30915000	      3090	800005d0	04cac663	blt	x21,x12,8000061c	 x21:0x000003c0 x12:0xce746b80
       30925000	      3091	800005d4	00438db3	add	x27,x7,x4	  x7:0x00000000  x4:0xfffffc48 x27=0xfffffc48
       30935000	      3092	800005d8	7a126313	ori	x6,x4,1953	  x4:0xfffffc48  x6=0xffffffe9
       30945000	      3093	800005dc	01899913	slli	x18,x19,0x18	 x19:0x00000001 x18=0x01000000
       30955000	      3094	800005e0	413250b3	sra	x1,x4,x19	  x4:0xfffffc48 x19:0x00000001  x1=0xfffffe24
       30965000	      3095	800005e4	00f4eeb3	or	x29,x9,x15	  x9:0xfffcb400 x15:0x7c311cc3 x29=0xfffdbcc3
       30975000	      3096	800005e8	0008d833	srl	x16,x17,x0	 x17:0x80009f84  x0:0x00000000 x16=0x80009f84
       30985000	      3097	800005ec	00f4da93	srli	x21,x9,0xf	  x9:0xfffcb400 x21=0x0001fff9
       30995000	      3098	800005f0	4011d033	sra	x0,x3,x1	  x3:0xffffff60  x1:0xfffffe24
       31005000	      3099	800005f4	405ddcb3	sra	x25,x27,x5	 x27:0xfffffc48  x5:0x00007200 x25=0xfffffc48
       31015000	      3100	800005f8	0080de93	srli	x29,x1,0x8	  x1:0xfffffe24 x29=0x00fffffe
       31025000	      3101	800005fc	00f404b3	add	x9,x8,x15	  x8:0x0000003f x15:0x7c311cc3  x9=0x7c311d02
       31035000	      3102	80000600	b18a4637	lui	x12,0xb18a4	 x12=0xb18a4000
       31045000	      3103	80000604	00c06e33	or	x28,x0,x12	  x0:0x00000000 x12:0xb18a4000 x28=0xb18a4000
       31055000	      3104	80000608	41d75e13	srai	x28,x14,0x1d	 x14:0xd20d7a9c x28=0xfffffffe
       31065000	      3105	8000060c	e63f3913	sltiu	x18,x30,-413	 x30:0x800004e8 x18=0x00000001
       31075000	      3106	80000610	01920d33	add	x26,x4,x25	  x4:0xfffffc48 x25:0xfffffc48 x26=0xfffff890
       31085000	      3107	80000614	01a84d93	xori	x27,x16,26	 x16:0x80009f84 x27=0x80009f9e
       31095000	      3108	80000618	00d8d693	srli	x13,x17,0xd	 x17:0x80009f84 x13=0x00040004
       31105000	      3109	8000061c	417700b3	sub	x1,x14,x23	 x14:0xd20d7a9c x23:0xfffffa76  x1=0xd20d8026
       31115000	      3110	80000620	008912b3	sll	x5,x18,x8	 x18:0x00000001  x8:0x0000003f  x5=0x80000000
       31125000	      3111	80000624	02f24c63	blt	x4,x15,8000065c	  x4:0xfffffc48 x15:0x7c311cc3
       31135000	      3112	00000000	00000013	addi	x0,x0,0	  x0:0x00000000
       31145000	      3113	80000658	00000013	addi	x0,x0,0	  x0:0x00000000
       31155000	      3114	8000065c	00b02b33	slt	x22,x0,x11	  x0:0x00000000 x11:0xfffffe13 x22=0x00000000
       31165000	      3115	80000660	f8106493	ori	x9,x0,-127	  x0:0x00000000  x9=0xffffff81
       31175000	      3116	80000664	409e5e13	srai	x28,x28,0x9	 x28:0xfffffffe x28=0xffffffff
       31185000	      3117	80000668	40e8dd93	srai	x27,x17,0xe	 x17:0x80009f84 x27=0xfffe0002
       31195000	      3118	8000066c	018a6c33	or	x24,x20,x24	 x20:0x1b89bf20 x24:0xc0004fba x24=0xdb89ffba
       31205000	      3119	80000670	061f7663	bgeu	x30,x1,800006dc	 x30:0x800004e8  x1:0xd20d8026
       31215000	      3120	80000674	81cd3513	sltiu	x10,x26,-2020	 x26:0xfffff890 x10=0x00000000
       31225000	      3121	80000678	547f0013	addi	x0,x30,1351	 x30:0x800004e8
       31235000	      3122	8000067c	a7508197	auipc	x3,0xa7508	  x3=0x27508678
       31245000	      3123	80000680	76800193	addi	x3,x0,1896	  x0:0x00000000  x3=0x00000768
       31255000	      3124	80000684	00002b17	auipc	x22,0x2	 x22=0x80002680
       31265000	      3125	80000688	254b0b13	addi	x22,x22,596	 x22:0x80002680 x22=0x800028d4
       31275000	      3126	8000068c	204ba913	slti	x18,x23,516	 x23:0xfffffa76 x18=0x00000001
       31285000	      3127	80000690	89053d93	sltiu	x27,x10,-1904	 x10:0x00000000 x27=0x00000001
       31295000	      3128	80000694	00872db3	slt	x27,x14,x8	 x14:0xd20d7a9c  x8:0x0000003f x27=0x00000001
       31305000	      3129	80000698	f8eb0b13	addi	x22,x22,-114	 x22:0x800028d4 x22=0x80002862
       31315000	      3130	8000069c	01170463	beq	x14,x17,800006a4	 x14:0xd20d7a9c x17:0x80009f84
       31325000	      3131	800006a0	f273e217	auipc	x4,0xf273e	  x4=0x7273e69c
       31335000	      3132	800006a4	073b0f67	jalr	x30,x22,115	 x22:0x80002862 x30=0x800006a4
       31345000	      3133	00000000	00000013	addi	x0,x0,0	  x0:0x00000000
       31355000	      3134	800028d4	00000013	addi	x0,x0,0	  x0:0x00000000
       31365000	      3135	800028d8	41e789b3	sub	x19,x15,x30	 x15:0x7c311cc3 x30:0x800006a4 x19=0xfc31161f
       31375000	      3136	800028dc	00000013	addi	x0,x0,0	  x0:0x00000000
       31385000	      3137	800028e0	ff088893	addi	x17,x17,-16	 x17:0x80009f84 x17=0x80009f74
       31395000	      3138	800028e4	85ed4b93	xori	x23,x26,-1954	 x26:0xfffff890 x23=0x000000ce
       31405000	      3139	800028e8	01e8a223	sw	x30,4(x17)	 x17:0x80009f74 x30:0x800006a4 PA:0x80009f78
       31415000	      3140	800028ec	8d77cd17	auipc	x26,0x8d77c	 x26=0x0d77e8e8
       31425000	      3141	800028f0	002fd5b3	srl	x11,x31,x2	 x31:0xf2c4da9c  x2:0x80009fc4 x11=0x0f2c4da9
       31435000	      3142	800028f4	00000013	addi	x0,x0,0	  x0:0x00000000
       31445000	      3143	800028f8	00300e13	addi	x28,x0,3	  x0:0x00000000 x28=0x00000003
       31455000	      3144	800028fc	41dfda33	sra	x20,x31,x29	 x31:0xf2c4da9c x29:0x00fffffe x20=0xffffffff
       31465000	      3145	80002900	1849fb13	andi	x22,x19,388	 x19:0xfc31161f x22=0x00000004
       31475000	      3146	80002904	01b51a33	sll	x20,x10,x27	 x10:0x00000000 x27:0x00000001 x20=0x00000000
       31485000	      3147	80002908	ff000c93	addi	x25,x0,-16	  x0:0x00000000 x25=0xfffffff0
       31495000	      3148	8000290c	406b5713	srai	x14,x22,0x6	 x22:0x00000004 x14=0x00000000
       31505000	      3149	80002910	00259813	slli	x16,x11,0x2	 x11:0x0f2c4da9 x16=0x3cb136a4
       31515000	      3150	80002914	63907737	lui	x14,0x63907	 x14=0x63907000
       31525000	      3151	80002918	00e712b3	sll	x5,x14,x14	 x14:0x63907000 x14:0x63907000  x5=0x63907000
       31535000	      3152	8000291c	b824b093	sltiu	x1,x9,-1150	  x9:0xffffff81  x1=0x00000000
       31545000	      3153	80002920	0107a733	slt	x14,x15,x16	 x15:0x7c311cc3 x16:0x3cb136a4 x14=0x00000000
       31555000	      3154	80002924	ff6e0e13	addi	x28,x28,-10	 x28:0x00000003 x28=0xfffffff9
       31565000	      3155	80002928	7ca06a93	ori	x21,x0,1994	  x0:0x00000000 x21=0x000007ca
       31575000	      3156	8000292c	012cda13	srli	x20,x25,0x12	 x25:0xfffffff0 x20=0x00003fff
       31585000	      3157	80002930	ff9e56e3	bge	x28,x25,8000291c	 x28:0xfffffff9 x25:0xfffffff0
       31595000	      3158	00000000	00000013	addi	x0,x0,0	  x0:0x00000000
       31605000	      3159	80002918	00000013	addi	x0,x0,0	  x0:0x00000000
       31615000	      3160	8000291c	b824b093	sltiu	x1,x9,-1150	  x9:0xffffff81  x1=0x00000000
       31625000	      3161	80002920	0107a733	slt	x14,x15,x16	 x15:0x7c311cc3 x16:0x3cb136a4 x14=0x00000000
       31635000	      3162	80002924	ff6e0e13	addi	x28,x28,-10	 x28:0xfffffff9 x28=0xffffffef
       31645000	      3163	80002928	7ca06a93	ori	x21,x0,1994	  x0:0x00000000 x21=0x000007ca
       31655000	      3164	8000292c	012cda13	srli	x20,x25,0x12	 x25:0xfffffff0 x20=0x00003fff
       31665000	      3165	80002930	ff9e56e3	bge	x28,x25,8000291c	 x28:0xffffffef x25:0xfffffff0
       31675000	      3166	80002934	004ade93	srli	x29,x21,0x4	 x21:0x000007ca x29=0x0000007c
       31685000	      3167	80002938	00300393	addi	x7,x0,3	  x0:0x00000000  x7=0x00000003
       31695000	      3168	8000293c	00f00d13	addi	x26,x0,15	  x0:0x00000000 x26=0x0000000f
       31705000	      3169	80002940	06a7e693	ori	x13,x15,106	 x15:0x7c311cc3 x13=0x7c311ceb
       31715000	      3170	80002944	d722be17	auipc	x28,0xd722b	 x28=0x5722d940
       31725000	      3171	80002948	402e05b3	sub	x11,x28,x2	 x28:0x5722d940  x2:0x80009fc4 x11=0xd722397c
       31735000	      3172	8000294c	d5cda513	slti	x10,x27,-676	 x27:0x00000001 x10=0x00000000
       31745000	      3173	80002950	00738393	addi	x7,x7,7	  x7:0x00000003  x7=0x0000000a
       31755000	      3174	80002954	ffa3c6e3	blt	x7,x26,80002940	  x7:0x0000000a x26:0x0000000f
       31765000	      3175	00000000	00000013	addi	x0,x0,0	  x0:0x00000000
       31775000	      3176	8000293c	00000013	addi	x0,x0,0	  x0:0x00000000
       31785000	      3177	80002940	06a7e693	ori	x13,x15,106	 x15:0x7c311cc3 x13=0x7c311ceb
       31795000	      3178	80002944	d722be17	auipc	x28,0xd722b	 x28=0x5722d940
       31805000	      3179	80002948	402e05b3	sub	x11,x28,x2	 x28:0x5722d940  x2:0x80009fc4 x11=0xd722397c
       31815000	      3180	8000294c	d5cda513	slti	x10,x27,-676	 x27:0x00000001 x10=0x00000000
       31825000	      3181	80002950	00738393	addi	x7,x7,7	  x7:0x0000000a  x7=0x00000011
       31835000	      3182	80002954	ffa3c6e3	blt	x7,x26,80002940	  x7:0x00000011 x26:0x0000000f
       31845000	      3183	80002958	2ff24293	xori	x5,x4,767	  x4:0x7273e69c  x5=0x7273e463
       31855000	      3184	8000295c	261eb337	lui	x6,0x261eb	  x6=0x261eb000
       31865000	      3185	80002960	01286433	or	x8,x16,x18	 x16:0x3cb136a4 x18:0x00000001  x8=0x3cb136a5
       31875000	      3186	80002964	0221c063	blt	x3,x2,80002984	  x3:0x00000768  x2:0x80009fc4
       31885000	      3187	80002968	a29dcf13	xori	x30,x27,-1495	 x27:0x00000001 x30=0xfffffa28
       31895000	      3188	8000296c	01f1cab3	xor	x21,x3,x31	  x3:0x00000768 x31:0xf2c4da9c x21=0xf2c4ddf4
       31905000	      3189	80002970	046bd463	bge	x23,x6,800029b8	 x23:0x000000ce  x6:0x261eb000
       31915000	      3190	80002974	00f875b3	and	x11,x16,x15	 x16:0x3cb136a4 x15:0x7c311cc3 x11=0x3c311480
       31925000	      3191	80002978	05a19263	bne	x3,x26,800029bc	  x3:0x00000768 x26:0x0000000f
       31935000	      3192	00000000	00000013	addi	x0,x0,0	  x0:0x00000000
       31945000	      3193	800029b8	00000013	addi	x0,x0,0	  x0:0x00000000
       31955000	      3194	800029bc	e1b889b7	lui	x19,0xe1b88	 x19=0xe1b88000
       31965000	      3195	800029c0	00d920b3	slt	x1,x18,x13	 x18:0x00000001 x13:0x7c311ceb  x1=0x00000001
       31975000	      3196	800029c4	01675d13	srli	x26,x14,0x16	 x14:0x00000000 x26=0x00000000
       31985000	      3197	800029c8	40455ab3	sra	x21,x10,x4	 x10:0x00000000  x4:0x7273e69c x21=0x00000000
       31995000	      3198	800029cc	aacd3413	sltiu	x8,x26,-1364	 x26:0x00000000  x8=0x00000001
       32005000	      3199	800029d0	011b1ab3	sll	x21,x22,x17	 x22:0x00000004 x17:0x80009f74 x21=0x00400000
       32015000	      3200	800029d4	028c8663	beq	x25,x8,80002a00	 x25:0xfffffff0  x8:0x00000001
       32025000	      3201	800029d8	00d40633	add	x12,x8,x13	  x8:0x00000001 x13:0x7c311ceb x12=0x7c311cec
       32035000	      3202	800029dc	d0c2f413	andi	x8,x5,-756	  x5:0x7273e463  x8=0x7273e400
       32045000	      3203	800029e0	628e4713	xori	x14,x28,1576	 x28:0x5722d940 x14=0x5722df68
       32055000	      3204	800029e4	013b7bb3	and	x23,x22,x19	 x22:0x00000004 x19:0xe1b88000 x23=0x00000000
       32065000	      3205	800029e8	43bf8913	addi	x18,x31,1083	 x31:0xf2c4da9c x18=0xf2c4ded7
       32075000	      3206	800029ec	04a26463	bltu	x4,x10,80002a34	  x4:0x7273e69c x10:0x00000000
       32085000	      3207	800029f0	7c32c593	xori	x11,x5,1987	  x5:0x7273e463 x11=0x7273e3a0
       32095000	      3208	800029f4	0150e033	or	x0,x1,x21	  x1:0x00000001 x21:0x00400000
       32105000	      3209	800029f8	8a0b6213	ori	x4,x22,-1888	 x22:0x00000004  x4=0xfffff8a4
       32115000	      3210	800029fc	1f567213	andi	x4,x12,501	 x12:0x7c311cec  x4=0x000000e4
       32125000	      3211	80002a00	741b5317	auipc	x6,0x741b5	  x6=0xf41b79fc
       32135000	      3212	80002a04	03a37063	bgeu	x6,x26,80002a24	  x6:0xf41b79fc x26:0x00000000
       32145000	      3213	00000000	00000013	addi	x0,x0,0	  x0:0x00000000
       32155000	      3214	80002a20	00000013	addi	x0,x0,0	  x0:0x00000000
       32165000	      3215	80002a24	e657fe13	andi	x28,x15,-411	 x15:0x7c311cc3 x28=0x7c311c41
       32175000	      3216	80002a28	026cae13	slti	x28,x25,38	 x25:0xfffffff0 x28=0x00000001
       32185000	      3217	80002a2c	01ab81b3	add	x3,x23,x26	 x23:0x00000000 x26:0x00000000  x3=0x00000000
       32195000	      3218	80002a30	05704863	blt	x0,x23,80002a80	  x0:0x00000000 x23:0x00000000
       32205000	      3219	80002a34	0b5a6f13	ori	x30,x20,181	 x20:0x00003fff x30=0x00003fff
       32215000	      3220	80002a38	41280433	sub	x8,x16,x18	 x16:0x3cb136a4 x18:0xf2c4ded7  x8=0x49ec57cd
       32225000	      3221	80002a3c	02271063	bne	x14,x2,80002a5c	 x14:0x5722df68  x2:0x80009fc4
       32235000	      3222	00000000	00000013	addi	x0,x0,0	  x0:0x00000000
       32245000	      3223	80002a58	00000013	addi	x0,x0,0	  x0:0x00000000
       32255000	      3224	80002a5c	007bea33	or	x20,x23,x7	 x23:0x00000000  x7:0x00000011 x20=0x00000011
       32265000	      3225	80002a60	021c8663	beq	x25,x1,80002a8c	 x25:0xfffffff0  x1:0x00000001
       32275000	      3226	80002a64	01c06a33	or	x20,x0,x28	  x0:0x00000000 x28:0x00000001 x20=0x00000001
       32285000	      3227	80002a68	009dd863	bge	x27,x9,80002a78	 x27:0x00000001  x9:0xffffff81
       32295000	      3228	00000000	00000013	addi	x0,x0,0	  x0:0x00000000
       32305000	      3229	80002a74	00000013	addi	x0,x0,0	  x0:0x00000000
       32315000	      3230	80002a78	4dabec37	lui	x24,0x4dabe	 x24=0x4dabe000
       32325000	      3231	80002a7c	01610f33	add	x30,x2,x22	  x2:0x80009fc4 x22:0x00000004 x30=0x80009fc8
       32335000	      3232	80002a80	01cff3b3	and	x7,x31,x28	 x31:0xf2c4da9c x28:0x00000001  x7=0x00000000
       32345000	      3233	80002a84	05ce4663	blt	x28,x28,80002ad0	 x28:0x00000001 x28:0x00000001
       32355000	      3234	80002a88	41538eb3	sub	x29,x7,x21	  x7:0x00000000 x21:0x00400000 x29=0xffc00000
       32365000	      3235	80002a8c	e13d0593	addi	x11,x26,-493	 x26:0x00000000 x11=0xfffffe13
       32375000	      3236	80002a90	019dd663	bge	x27,x25,80002a9c	 x27:0x00000001 x25:0xfffffff0
       32385000	      3237	00000000	00000013	addi	x0,x0,0	  x0:0x00000000
       32395000	      3238	80002a98	00000013	addi	x0,x0,0	  x0:0x00000000
       32405000	      3239	80002a9c	00de1713	slli	x14,x28,0xd	 x28:0x00000001 x14=0x00002000
       32415000	      3240	80002aa0	520d5717	auipc	x14,0x520d5	 x14=0xd20d7a9c
       32425000	      3241	80002aa4	004806b3	add	x13,x16,x4	 x16:0x3cb136a4  x4:0x000000e4 x13=0x3cb13788
       32435000	      3242	80002aa8	03710463	beq	x2,x23,80002ad0	  x2:0x80009fc4 x23:0x00000000
       32445000	      3243	80002aac	0283ea63	bltu	x7,x8,80002ae0	  x7:0x00000000  x8:0x49ec57cd
       32455000	      3244	00000000	00000013	addi	x0,x0,0	  x0:0x00000000
       32465000	      3245	80002adc	00000013	addi	x0,x0,0	  x0:0x00000000
       32475000	      3246	80002ae0	012d1b13	slli	x22,x26,0x12	 x26:0x00000000 x22=0x00000000
       32485000	      3247	80002ae4	c484c213	xori	x4,x9,-952	  x9:0xffffff81  x4=0x000003c9
       32495000	      3248	80002ae8	0193e263	bltu	x7,x25,80002aec	  x7:0x00000000 x25:0xfffffff0
       32505000	      3249	00000000	00000013	addi	x0,x0,0	  x0:0x00000000
       32515000	      3250	80002ae8	00000013	addi	x0,x0,0	  x0:0x00000000
       32525000	      3251	80002aec	41990433	sub	x8,x18,x25	 x18:0xf2c4ded7 x25:0xfffffff0  x8=0xf2c4dee7
       32535000	      3252	80002af0	76d60b93	addi	x23,x12,1901	 x12:0x7c311cec x23=0x7c312459
       32545000	      3253	80002af4	ac78ab93	slti	x23,x17,-1337	 x17:0x80009f74 x23=0x00000001
       32555000	      3254	80002af8	7f5b2613	slti	x12,x22,2037	 x22:0x00000000 x12=0x00000001
       32565000	      3255	80002afc	23390a93	addi	x21,x18,563	 x18:0xf2c4ded7 x21=0xf2c4e10a
       32575000	      3256	80002b00	ffa00513	addi	x10,x0,-6	  x0:0x00000000 x10=0xfffffffa
       32585000	      3257	80002b04	fee00d13	addi	x26,x0,-18	  x0:0x00000000 x26=0xffffffee
       32595000	      3258	80002b08	01804b33	xor	x22,x0,x24	  x0:0x00000000 x24:0x4dabe000 x22=0x4dabe000
       32605000	      3259	80002b0c	ffc50513	addi	x10,x10,-4	 x10:0xfffffffa x10=0xfffffff6
       32615000	      3260	80002b10	ffe00093	addi	x1,x0,-2	  x0:0x00000000  x1=0xfffffffe
       32625000	      3261	80002b14	fec00913	addi	x18,x0,-20	  x0:0x00000000 x18=0xffffffec
       32635000	      3262	80002b18	7b8ec013	xori	x0,x29,1976	 x29:0xffc00000
       32645000	      3263	80002b1c	00a7f333	and	x6,x15,x10	 x15:0x7c311cc3 x10:0xfffffff6  x6=0x7c311cc2
       32655000	      3264	80002b20	ffe08093	addi	x1,x1,-2	  x1:0xfffffffe  x1=0xfffffffc
       32665000	      3265	80002b24	ff20dce3	bge	x1,x18,80002b1c	  x1:0xfffffffc x18:0xffffffec
       32675000	      3266	00000000	00000013	addi	x0,x0,0	  x0:0x00000000
       32685000	      3267	80002b18	00000013	addi	x0,x0,0	  x0:0x00000000
       32695000	      3268	80002b1c	00a7f333	and	x6,x15,x10	 x15:0x7c311cc3 x10:0xfffffff6  x6=0x7c311cc2
       32705000	      3269	80002b20	ffe08093	addi	x1,x1,-2	  x1:0xfffffffc  x1=0xfffffffa
       32715000	      3270	80002b24	ff20dce3	bge	x1,x18,80002b1c	  x1:0xfffffffa x18:0xffffffec
       32725000	      3271	00000000	00000013	addi	x0,x0,0	  x0:0x00000000
       32735000	      3272	80002b18	00000013	addi	x0,x0,0	  x0:0x00000000
       32745000	      3273	80002b1c	00a7f333	and	x6,x15,x10	 x15:0x7c311cc3 x10:0xfffffff6  x6=0x7c311cc2
       32755000	      3274	80002b20	ffe08093	addi	x1,x1,-2	  x1:0xfffffffa  x1=0xfffffff8
       32765000	      3275	80002b24	ff20dce3	bge	x1,x18,80002b1c	  x1:0xfffffff8 x18:0xffffffec
       32775000	      3276	00000000	00000013	addi	x0,x0,0	  x0:0x00000000
       32785000	      3277	80002b18	00000013	addi	x0,x0,0	  x0:0x00000000
       32795000	      3278	80002b1c	00a7f333	and	x6,x15,x10	 x15:0x7c311cc3 x10:0xfffffff6  x6=0x7c311cc2
       32805000	      3279	80002b20	ffe08093	addi	x1,x1,-2	  x1:0xfffffff8  x1=0xfffffff6
       32815000	      3280	80002b24	ff20dce3	bge	x1,x18,80002b1c	  x1:0xfffffff6 x18:0xffffffec
       32825000	      3281	00000000	00000013	addi	x0,x0,0	  x0:0x00000000
       32835000	      3282	80002b18	00000013	addi	x0,x0,0	  x0:0x00000000
       32845000	      3283	80002b1c	00a7f333	and	x6,x15,x10	 x15:0x7c311cc3 x10:0xfffffff6  x6=0x7c311cc2
       32855000	      3284	80002b20	ffe08093	addi	x1,x1,-2	  x1:0xfffffff6  x1=0xfffffff4
       32865000	      3285	80002b24	ff20dce3	bge	x1,x18,80002b1c	  x1:0xfffffff4 x18:0xffffffec
       32875000	      3286	00000000	00000013	addi	x0,x0,0	  x0:0x00000000
       32885000	      3287	80002b18	00000013	addi	x0,x0,0	  x0:0x00000000
       32895000	      3288	80002b1c	00a7f333	and	x6,x15,x10	 x15:0x7c311cc3 x10:0xfffffff6  x6=0x7c311cc2
       32905000	      3289	80002b20	ffe08093	addi	x1,x1,-2	  x1:0xfffffff4  x1=0xfffffff2
       32915000	      3290	80002b24	ff20dce3	bge	x1,x18,80002b1c	  x1:0xfffffff2 x18:0xffffffec
       32925000	      3291	00000000	00000013	addi	x0,x0,0	  x0:0x00000000
       32935000	      3292	80002b18	00000013	addi	x0,x0,0	  x0:0x00000000
       32945000	      3293	80002b1c	00a7f333	and	x6,x15,x10	 x15:0x7c311cc3 x10:0xfffffff6  x6=0x7c311cc2
       32955000	      3294	80002b20	ffe08093	addi	x1,x1,-2	  x1:0xfffffff2  x1=0xfffffff0
       32965000	      3295	80002b24	ff20dce3	bge	x1,x18,80002b1c	  x1:0xfffffff0 x18:0xffffffec
       32975000	      3296	00000000	00000013	addi	x0,x0,0	  x0:0x00000000
       32985000	      3297	80002b18	00000013	addi	x0,x0,0	  x0:0x00000000
       32995000	      3298	80002b1c	00a7f333	and	x6,x15,x10	 x15:0x7c311cc3 x10:0xfffffff6  x6=0x7c311cc2
       33005000	      3299	80002b20	ffe08093	addi	x1,x1,-2	  x1:0xfffffff0  x1=0xffffffee
       33015000	      3300	80002b24	ff20dce3	bge	x1,x18,80002b1c	  x1:0xffffffee x18:0xffffffec
       33025000	      3301	00000000	00000013	addi	x0,x0,0	  x0:0x00000000
       33035000	      3302	80002b18	00000013	addi	x0,x0,0	  x0:0x00000000
       33045000	      3303	80002b1c	00a7f333	and	x6,x15,x10	 x15:0x7c311cc3 x10:0xfffffff6  x6=0x7c311cc2
       33055000	      3304	80002b20	ffe08093	addi	x1,x1,-2	  x1:0xffffffee  x1=0xffffffec
       33065000	      3305	80002b24	ff20dce3	bge	x1,x18,80002b1c	  x1:0xffffffec x18:0xffffffec
       33075000	      3306	00000000	00000013	addi	x0,x0,0	  x0:0x00000000
       33085000	      3307	80002b18	00000013	addi	x0,x0,0	  x0:0x00000000
       33095000	      3308	80002b1c	00a7f333	and	x6,x15,x10	 x15:0x7c311cc3 x10:0xfffffff6  x6=0x7c311cc2
       33105000	      3309	80002b20	ffe08093	addi	x1,x1,-2	  x1:0xffffffec  x1=0xffffffea
       33115000	      3310	80002b24	ff20dce3	bge	x1,x18,80002b1c	  x1:0xffffffea x18:0xffffffec
       33125000	      3311	80002b28	ffa500e3	beq	x10,x26,80002b08	 x10:0xfffffff6 x26:0xffffffee
       33135000	      3312	80002b2c	0029eb33	or	x22,x19,x2	 x19:0xe1b88000  x2:0x80009fc4 x22=0xe1b89fc4
       33145000	      3313	80002b30	00f911b3	sll	x3,x18,x15	 x18:0xffffffec x15:0x7c311cc3  x3=0xffffff60
       33155000	      3314	80002b34	00cd93b3	sll	x7,x27,x12	 x27:0x00000001 x12:0x00000001  x7=0x00000002
       33165000	      3315	80002b38	00c469b3	or	x19,x8,x12	  x8:0xf2c4dee7 x12:0x00000001 x19=0xf2c4dee7
       33175000	      3316	80002b3c	00976863	bltu	x14,x9,80002b4c	 x14:0xd20d7a9c  x9:0xffffff81
       33185000	      3317	00000000	00000013	addi	x0,x0,0	  x0:0x00000000
       33195000	      3318	80002b48	00000013	addi	x0,x0,0	  x0:0x00000000
       33205000	      3319	80002b4c	00aa5f33	srl	x30,x20,x10	 x20:0x00000001 x10:0xfffffff6 x30=0x00000000
       33215000	      3320	80002b50	01aad093	srli	x1,x21,0x1a	 x21:0xf2c4e10a  x1=0x0000003c
       33225000	      3321	80002b54	008fe463	bltu	x31,x8,80002b5c	 x31:0xf2c4da9c  x8:0xf2c4dee7
       33235000	      3322	00000000	00000013	addi	x0,x0,0	  x0:0x00000000
       33245000	      3323	80002b58	00000013	addi	x0,x0,0	  x0:0x00000000
       33255000	      3324	80002b5c	0170cf33	xor	x30,x1,x23	  x1:0x0000003c x23:0x00000001 x30=0x0000003d
       33265000	      3325	80002b60	014bf633	and	x12,x23,x20	 x23:0x00000001 x20:0x00000001 x12=0x00000001
       33275000	      3326	80002b64	00369013	slli	x0,x13,0x3	 x13:0x3cb13788
       33285000	      3327	80002b68	05020063	beq	x4,x16,80002ba8	  x4:0x000003c9 x16:0x3cb136a4
       33295000	      3328	80002b6c	0130adb3	slt	x27,x1,x19	  x1:0x0000003c x19:0xf2c4dee7 x27=0x00000000
       33305000	      3329	80002b70	5d61b537	lui	x10,0x5d61b	 x10=0x5d61b000
       33315000	      3330	80002b74	019cf433	and	x8,x25,x25	 x25:0xfffffff0 x25:0xfffffff0  x8=0xfffffff0
       33325000	      3331	80002b78	00aeaf33	slt	x30,x29,x10	 x29:0xffc00000 x10:0x5d61b000 x30=0x00000001
       33335000	      3332	80002b7c	4137df33	sra	x30,x15,x19	 x15:0x7c311cc3 x19:0xf2c4dee7 x30=0x00f86239
       33345000	      3333	80002b80	00ccc933	xor	x18,x25,x12	 x25:0xfffffff0 x12:0x00000001 x18=0xfffffff1
       33355000	      3334	80002b84	4e744617	auipc	x12,0x4e744	 x12=0xce746b80
       33365000	      3335	80002b88	d4a4ca93	xori	x21,x9,-694	  x9:0xffffff81 x21=0x000002cb
       33375000	      3336	80002b8c	401e0033	sub	x0,x28,x1	 x28:0x00000001  x1:0x0000003c
       33385000	      3337	80002b90	01de9a33	sll	x20,x29,x29	 x29:0xffc00000 x29:0xffc00000 x20=0xffc00000
       33395000	      3338	80002b94	00000013	addi	x0,x0,0	  x0:0x00000000
       33405000	      3339	80002b98	c13ba393	slti	x7,x23,-1005	 x23:0x00000001  x7=0x00000000
       33415000	      3340	80002b9c	02829463	bne	x5,x8,80002bc4	  x5:0x7273e463  x8:0xfffffff0
       33425000	      3341	00000000	00000013	addi	x0,x0,0	  x0:0x00000000
       33435000	      3342	80002bc0	00000013	addi	x0,x0,0	  x0:0x00000000
       33445000	      3343	80002bc4	000fdbb3	srl	x23,x31,x0	 x31:0xf2c4da9c  x0:0x00000000 x23=0xf2c4da9c
       33455000	      3344	80002bc8	00000013	addi	x0,x0,0	  x0:0x00000000
       33465000	      3345	80002bcc	01c71d93	slli	x27,x14,0x1c	 x14:0xd20d7a9c x27=0xc0000000
       33475000	      3346	80002bd0	01529093	slli	x1,x5,0x15	  x5:0x7273e463  x1=0x8c600000
       33485000	      3347	80002bd4	ef97af93	slti	x31,x15,-263	 x15:0x7c311cc3 x31=0x00000000
       33495000	      3348	80002bd8	c2eb0f13	addi	x30,x22,-978	 x22:0xe1b89fc4 x30=0xe1b89bf2
       33505000	      3349	80002bdc	00298863	beq	x19,x2,80002bec	 x19:0xf2c4dee7  x2:0x80009fc4
       33515000	      3350	80002be0	01ee14b3	sll	x9,x28,x30	 x28:0x00000001 x30:0xe1b89bf2  x9=0x00040000
       33525000	      3351	80002be4	41c8dc33	sra	x24,x17,x28	 x17:0x80009f74 x28:0x00000001 x24=0xc0004fba
       33535000	      3352	80002be8	02e67063	bgeu	x12,x14,80002c08	 x12:0xce746b80 x14:0xd20d7a9c
       33545000	      3353	80002bec	8b61ed93	ori	x27,x3,-1866	  x3:0xffffff60 x27=0xfffffff6
       33555000	      3354	80002bf0	001732b3	sltu	x5,x14,x1	 x14:0xd20d7a9c  x1:0x8c600000  x5=0x00000000
       33565000	      3355	80002bf4	c61f3913	sltiu	x18,x30,-927	 x30:0xe1b89bf2 x18=0x00000001
       33575000	      3356	80002bf8	bd2cc493	xori	x9,x25,-1070	 x25:0xfffffff0  x9=0x00000422
       33585000	      3357	80002bfc	02458063	beq	x11,x4,80002c1c	 x11:0xfffffe13  x4:0x000003c9
       33595000	      3358	80002c00	0073cfb3	xor	x31,x7,x7	  x7:0x00000000  x7:0x00000000 x31=0x00000000
       33605000	      3359	80002c04	cc6d0093	addi	x1,x26,-826	 x26:0xffffffee  x1=0xfffffcb4
       33615000	      3360	80002c08	0401e263	bltu	x3,x0,80002c4c	  x3:0xffffff60  x0:0x00000000
       33625000	      3361	80002c0c	002f1a33	sll	x20,x30,x2	 x30:0xe1b89bf2  x2:0x80009fc4 x20=0x1b89bf20
       33635000	      3362	80002c10	00dde933	or	x18,x27,x13	 x27:0xfffffff6 x13:0x3cb13788 x18=0xfffffffe
       33645000	      3363	80002c14	012ffcb3	and	x25,x31,x18	 x31:0x00000000 x18:0xfffffffe x25=0x00000000
       33655000	      3364	80002c18	01a1d413	srli	x8,x3,0x1a	  x3:0xffffff60  x8=0x0000003f
       33665000	      3365	80002c1c	c3c7cf13	xori	x30,x15,-964	 x15:0x7c311cc3 x30=0x83cee0ff
       33675000	      3366	80002c20	02489a63	bne	x17,x4,80002c54	 x17:0x80009f74  x4:0x000003c9
       33685000	      3367	00000000	00000013	addi	x0,x0,0	  x0:0x00000000
       33695000	      3368	80002c50	00000013	addi	x0,x0,0	  x0:0x00000000
       33705000	      3369	80002c54	c6742d13	slti	x26,x8,-921	  x8:0x0000003f x26=0x00000000
       33715000	      3370	80002c58	a7628b93	addi	x23,x5,-1418	  x5:0x00000000 x23=0xfffffa76
       33725000	      3371	80002c5c	00b0fe63	bgeu	x1,x11,80002c78	  x1:0xfffffcb4 x11:0xfffffe13
       33735000	      3372	80002c60	0084fe33	and	x28,x9,x8	  x9:0x00000422  x8:0x0000003f x28=0x00000022
       33745000	      3373	80002c64	4e88e293	ori	x5,x17,1256	 x17:0x80009f74  x5=0x80009ffc
       33755000	      3374	80002c68	28d78513	addi	x10,x15,653	 x15:0x7c311cc3 x10=0x7c311f50
       33765000	      3375	80002c6c	00769293	slli	x5,x13,0x7	 x13:0x3cb13788  x5=0x589bc400
       33775000	      3376	80002c70	007e9663	bne	x29,x7,80002c7c	 x29:0xffc00000  x7:0x00000000
       33785000	      3377	00000000	00000013	addi	x0,x0,0	  x0:0x00000000
       33795000	      3378	80002c78	00000013	addi	x0,x0,0	  x0:0x00000000
       33805000	      3379	80002c7c	b00dfe13	andi	x28,x27,-1280	 x27:0xfffffff6 x28=0xfffffb00
       33815000	      3380	80002c80	20b76937	lui	x18,0x20b76	 x18=0x20b76000
       33825000	      3381	80002c84	01bc7db3	and	x27,x24,x27	 x24:0xc0004fba x27:0xfffffff6 x27=0xc0004fb2
       33835000	      3382	80002c88	68ce4d13	xori	x26,x28,1676	 x28:0xfffffb00 x26=0xfffffd8c
       33845000	      3383	80002c8c	015ad463	bge	x21,x21,80002c94	 x21:0x000002cb x21:0x000002cb
       33855000	      3384	00000000	00000013	addi	x0,x0,0	  x0:0x00000000
       33865000	      3385	80002c90	00000013	addi	x0,x0,0	  x0:0x00000000
       33875000	      3386	80002c94	410786b3	sub	x13,x15,x16	 x15:0x7c311cc3 x16:0x3cb136a4 x13=0x3f7fe61f
       33885000	      3387	80002c98	0048af03	lw	x30,4(x17)	 x17:0x80009f74 x30=0x800006a4 PA:0x80009f78
       33895000	      3388	80002c9c	44282993	slti	x19,x16,1090	 x16:0x3cb136a4 x19=0x00000000
       33905000	      3389	80002ca0	82522513	slti	x10,x4,-2011	  x4:0x000003c9 x10=0x00000000
       33915000	      3390	80002ca4	01088893	addi	x17,x17,16	 x17:0x80009f74 x17=0x80009f84
       33925000	      3391	80002ca8	f7613a93	sltiu	x21,x2,-138	  x2:0x80009fc4 x21=0x00000001
       33935000	      3392	80002cac	01e094b3	sll	x9,x1,x30	  x1:0xfffffcb4 x30:0x800006a4  x9=0xffffcb40
       33945000	      3393	80002cb0	000f0d93	addi	x27,x30,0	 x30:0x800006a4 x27=0x800006a4
       33955000	      3394	80002cb4	000d8de7	jalr	x27,x27,0	 x27:0x800006a4 x27=0x80002cb4
       33965000	      3395	00000000	00000013	addi	x0,x0,0	  x0:0x00000000
       33975000	      3396	800006a4	00000013	addi	x0,x0,0	  x0:0x00000000
       33985000	      3397	800006a8	01a29533	sll	x10,x5,x26	  x5:0x589bc400 x26:0xfffffd8c x10=0xbc400000
       33995000	      3398	800006ac	030f6063	bltu	x30,x16,800006cc	 x30:0x800006a4 x16:0x3cb136a4
       34005000	      3399	800006b0	04a64863	blt	x12,x10,80000700	 x12:0xce746b80 x10:0xbc400000
       34015000	      3400	800006b4	34a46993	ori	x19,x8,842	  x8:0x0000003f x19=0x0000037f
       34025000	      3401	800006b8	906e3b13	sltiu	x22,x28,-1786	 x28:0xfffffb00 x22=0x00000000
       34035000	      3402	800006bc	fcb3a593	slti	x11,x7,-53	  x7:0x00000000 x11=0x00000000
       34045000	      3403	800006c0	017ed933	srl	x18,x29,x23	 x29:0xffc00000 x23:0xfffffa76 x18=0x000003ff
       34055000	      3404	800006c4	55427a93	andi	x21,x4,1364	  x4:0x000003c9 x21=0x00000140
       34065000	      3405	800006c8	01f2c9b3	xor	x19,x5,x31	  x5:0x589bc400 x31:0x00000000 x19=0x589bc400
       34075000	      3406	800006cc	002ed093	srli	x1,x29,0x2	 x29:0xffc00000  x1=0x3ff00000
       34085000	      3407	800006d0	0141dbb3	srl	x23,x3,x20	  x3:0xffffff60 x20:0x1b89bf20 x23=0xffffff60
       34095000	      3408	800006d4	7c80e0b7	lui	x1,0x7c80e	  x1=0x7c80e000
       34105000	      3409	800006d8	01f7f9b3	and	x19,x15,x31	 x15:0x7c311cc3 x31:0x00000000 x19=0x00000000
       34115000	      3410	800006dc	013a0533	add	x10,x20,x19	 x20:0x1b89bf20 x19:0x00000000 x10=0x1b89bf20
       34125000	      3411	800006e0	00aa4833	xor	x16,x20,x10	 x20:0x1b89bf20 x10:0x1b89bf20 x16=0x00000000
       34135000	      3412	800006e4	0697a813	slti	x16,x15,105	 x15:0x7c311cc3 x16=0x00000000
       34145000	      3413	800006e8	c0463593	sltiu	x11,x12,-1020	 x12:0xce746b80 x11=0x00000001
       34155000	      3414	800006ec	40dcd233	sra	x4,x25,x13	 x25:0x00000000 x13:0x3f7fe61f  x4=0x00000000
       34165000	      3415	800006f0	b1008b13	addi	x22,x1,-1264	  x1:0x7c80e000 x22=0x7c80db10
       34175000	      3416	800006f4	014f5b13	srli	x22,x30,0x14	 x30:0x800006a4 x22=0x00000800
       34185000	      3417	800006f8	0035fd33	and	x26,x11,x3	 x11:0x00000001  x3:0xffffff60 x26=0x00000000
       34195000	      3418	800006fc	b945bb93	sltiu	x23,x11,-1132	 x11:0x00000001 x23=0x00000001
       34205000	      3419	80000700	04cc6863	bltu	x24,x12,80000750	 x24:0xc0004fba x12:0xce746b80
       34215000	      3420	00000000	00000013	addi	x0,x0,0	  x0:0x00000000
       34225000	      3421	8000074c	00000013	addi	x0,x0,0	  x0:0x00000000
       34235000	      3422	80000750	c27dfd13	andi	x26,x27,-985	 x27:0x80002cb4 x26=0x80002c24
       34245000	      3423	80000754	0b9d8537	lui	x10,0xb9d8	 x10=0x0b9d8000
       34255000	      3424	80000758	03e86863	bltu	x16,x30,80000788	 x16:0x00000000 x30:0x800006a4
       34265000	      3425	00000000	00000013	addi	x0,x0,0	  x0:0x00000000
       34275000	      3426	80000784	00000013	addi	x0,x0,0	  x0:0x00000000
       34285000	      3427	80000788	01323033	sltu	x0,x4,x19	  x4:0x00000000 x19:0x00000000
       34295000	      3428	8000078c	00000797	auipc	x15,0x0	 x15=0x80000788
       34305000	      3429	80000790	00c78793	addi	x15,x15,12	 x15:0x80000788 x15=0x80000794
       34315000	      3430	80000794	00078067	jalr	x0,x15,0	 x15:0x80000794
       34325000	      3431	00000000	00000013	addi	x0,x0,0	  x0:0x00000000
       34335000	      3432	80000794	00000013	addi	x0,x0,0	  x0:0x00000000
       34345000	      3433	80000798	00100193	addi	x3,x0,1	  x0:0x00000000  x3=0x00000001
       34355000	      3434	8000079c	00000073	ecall	
       34365000	      3435	800007a0	fd088893	addi	x17,x17,-48	 x17:0x80009f84 x17=0x80009f54
