		Time			Cycle	PC		Insn	Decoded instruction	Register and memory contents
          65000	         5	80000004	00000293	addi	x5,x0,0	  x0:0x00000000  x5=0x00000000
          75000	         6	80000008	00000313	addi	x6,x0,0	  x0:0x00000000  x6=0x00000000
          85000	         7	8000000c	00628263	beq	x5,x6,80000010	  x5:0x00000000  x6:0x00000000
          95000	         8	00000000	00000013	addi	x0,x0,0	  x0:0x00000000
         105000	         9	8000000c	00000013	addi	x0,x0,0	  x0:0x00000000
         115000	        10	80000010	00000f97	auipc	x31,0x0	 x31=0x8000000c
         125000	        11	80000014	00cf8f93	addi	x31,x31,12	 x31:0x8000000c x31=0x80000018
         135000	        12	80000018	000f8067	jalr	x0,x31,0	 x31:0x80000018
         145000	        13	00000000	00000013	addi	x0,x0,0	  x0:0x00000000
         155000	        14	80000018	00000013	addi	x0,x0,0	  x0:0x00000000
         165000	        15	8000001c	400005b7	lui	x11,0x40000	 x11=0x40000000
         175000	        16	80000020	10058593	addi	x11,x11,256	 x11:0x40000000 x11=0x40000100
         185000	        17	80000024	00000013	addi	x0,x0,0	  x0:0x00000000
         195000	        18	80000028	0000a297	auipc	x5,0xa	  x5=0x8000a024
         205000	        19	8000002c	fa028293	addi	x5,x5,-96	  x5:0x8000a024  x5=0x80009fc4
         215000	        20	80000030	00003597	auipc	x11,0x3	 x11=0x8000302c
         225000	        21	80000034	6b458593	addi	x11,x11,1716	 x11:0x8000302c x11=0x800036e0
         235000	        22	80000038	0015e593	ori	x11,x11,1	 x11:0x800036e0 x11=0x800036e1
         245000	        23	8000003c	00000013	addi	x0,x0,0	  x0:0x00000000
         255000	        24	80000040	00000597	auipc	x11,0x0	 x11=0x8000003c
         265000	        25	80000044	02058593	addi	x11,x11,32	 x11:0x8000003c x11=0x8000005c
         275000	        26	80000048	00000013	addi	x0,x0,0	  x0:0x00000000
         285000	        27	8000004c	00000013	addi	x0,x0,0	  x0:0x00000000
         295000	        28	80000050	000025b7	lui	x11,0x2	 x11=0x00002000
         305000	        29	80000054	80058593	addi	x11,x11,-2048	 x11:0x00002000 x11=0x00001800
         315000	        30	80000058	00000013	addi	x0,x0,0	  x0:0x00000000
         325000	        31	8000005c	00000013	addi	x0,x0,0	  x0:0x00000000
         335000	        32	80000060	00900013	addi	x0,x0,9	  x0:0x00000000
         345000	        33	80000064	f19580b7	lui	x1,0xf1958	  x1=0xf1958000
         355000	        34	80000068	bd208093	addi	x1,x1,-1070	  x1:0xf1958000  x1=0xf1957bd2
         365000	        35	8000006c	00000113	addi	x2,x0,0	  x0:0x00000000  x2=0x00000000
         375000	        36	80000070	00600193	addi	x3,x0,6	  x0:0x00000000  x3=0x00000006
         385000	        37	80000074	fceae237	lui	x4,0xfceae	  x4=0xfceae000
         395000	        38	80000078	cb320213	addi	x4,x4,-845	  x4:0xfceae000  x4=0xfceadcb3
         405000	        39	8000007c	80000337	lui	x6,0x80000	  x6=0x80000000
         415000	        40	80000080	ff7713b7	lui	x7,0xff771	  x7=0xff771000
         425000	        41	80000084	bd238393	addi	x7,x7,-1070	  x7:0xff771000  x7=0xff770bd2
         435000	        42	80000088	4934d437	lui	x8,0x4934d	  x8=0x4934d000
         445000	        43	8000008c	7c040413	addi	x8,x8,1984	  x8:0x4934d000  x8=0x4934d7c0
         455000	        44	80000090	800004b7	lui	x9,0x80000	  x9=0x80000000
         465000	        45	80000094	87cb7537	lui	x10,0x87cb7	 x10=0x87cb7000
         475000	        46	80000098	09350513	addi	x10,x10,147	 x10:0x87cb7000 x10=0x87cb7093
         485000	        47	8000009c	00b00593	addi	x11,x0,11	  x0:0x00000000 x11=0x0000000b
         495000	        48	800000a0	00000613	addi	x12,x0,0	  x0:0x00000000 x12=0x00000000
         505000	        49	800000a4	00a00693	addi	x13,x0,10	  x0:0x00000000 x13=0x0000000a
         515000	        50	800000a8	00d00713	addi	x14,x0,13	  x0:0x00000000 x14=0x0000000d
         525000	        51	800000ac	800007b7	lui	x15,0x80000	 x15=0x80000000
         535000	        52	800000b0	00b00813	addi	x16,x0,11	  x0:0x00000000 x16=0x0000000b
         545000	        53	800000b4	00000893	addi	x17,x0,0	  x0:0x00000000 x17=0x00000000
         555000	        54	800000b8	64e9a937	lui	x18,0x64e9a	 x18=0x64e9a000
         565000	        55	800000bc	e2a90913	addi	x18,x18,-470	 x18:0x64e9a000 x18=0x64e99e2a
         575000	        56	800000c0	5c8c7a37	lui	x20,0x5c8c7	 x20=0x5c8c7000
         585000	        57	800000c4	deea0a13	addi	x20,x20,-530	 x20:0x5c8c7000 x20=0x5c8c6dee
         595000	        58	800000c8	80000ab7	lui	x21,0x80000	 x21=0x80000000
         605000	        59	800000cc	80000b37	lui	x22,0x80000	 x22=0x80000000
         615000	        60	800000d0	62aacbb7	lui	x23,0x62aac	 x23=0x62aac000
         625000	        61	800000d4	6d8b8b93	addi	x23,x23,1752	 x23:0x62aac000 x23=0x62aac6d8
         635000	        62	800000d8	f7c89c37	lui	x24,0xf7c89	 x24=0xf7c89000
         645000	        63	800000dc	b95c0c13	addi	x24,x24,-1131	 x24:0xf7c89000 x24=0xf7c88b95
         655000	        64	800000e0	00000c93	addi	x25,x0,0	  x0:0x00000000 x25=0x00000000
         665000	        65	800000e4	99a4ed37	lui	x26,0x99a4e	 x26=0x99a4e000
         675000	        66	800000e8	40ad0d13	addi	x26,x26,1034	 x26:0x99a4e000 x26=0x99a4e40a
         685000	        67	800000ec	48ae8db7	lui	x27,0x48ae8	 x27=0x48ae8000
         695000	        68	800000f0	eefd8d93	addi	x27,x27,-273	 x27:0x48ae8000 x27=0x48ae7eef
         705000	        69	800000f4	f88fbe37	lui	x28,0xf88fb	 x28=0xf88fb000
         715000	        70	800000f8	94ee0e13	addi	x28,x28,-1714	 x28:0xf88fb000 x28=0xf88fa94e
         725000	        71	800000fc	00900e93	addi	x29,x0,9	  x0:0x00000000 x29=0x00000009
         735000	        72	80000100	0fb54f37	lui	x30,0xfb54	 x30=0x0fb54000
         745000	        73	80000104	e7ef0f13	addi	x30,x30,-386	 x30:0x0fb54000 x30=0x0fb53e7e
         755000	        74	80000108	00e00f93	addi	x31,x0,14	  x0:0x00000000 x31=0x0000000e
         765000	        75	8000010c	0000a997	auipc	x19,0xa	 x19=0x8000a108
         775000	        76	80000110	e7c98993	addi	x19,x19,-388	 x19:0x8000a108 x19=0x80009f84
         785000	        77	80000114	00000813	addi	x16,x0,0	  x0:0x00000000 x16=0x00000000
         795000	        78	80000118	00f00e93	addi	x29,x0,15	  x0:0x00000000 x29=0x0000000f
         805000	        79	8000011c	f5e92497	auipc	x9,0xf5e92	  x9=0x75e92118
         815000	        80	80000120	0156f133	and	x2,x13,x21	 x13:0x0000000a x21:0x80000000  x2=0x00000000
         825000	        81	80000124	00380813	addi	x16,x16,3	 x16:0x00000000 x16=0x00000003
         835000	        82	80000128	012ade13	srli	x28,x21,0x12	 x21:0x80000000 x28=0x00002000
         845000	        83	8000012c	00100d93	addi	x27,x0,1	  x0:0x00000000 x27=0x00000001
         855000	        84	80000130	00d00c13	addi	x24,x0,13	  x0:0x00000000 x24=0x0000000d
         865000	        85	80000134	df733913	sltiu	x18,x6,-521	  x6:0x80000000 x18=0x00000001
         875000	        86	80000138	00027933	and	x18,x4,x0	  x4:0xfceadcb3  x0:0x00000000 x18=0x00000000
         885000	        87	8000013c	00faba33	sltu	x20,x21,x15	 x21:0x80000000 x15:0x80000000 x20=0x00000000
         895000	        88	80000140	003d8d93	addi	x27,x27,3	 x27:0x00000001 x27=0x00000004
         905000	        89	80000144	ff8deae3	bltu	x27,x24,80000138	 x27:0x00000004 x24:0x0000000d
         915000	        90	00000000	00000013	addi	x0,x0,0	  x0:0x00000000
         925000	        91	80000134	00000013	addi	x0,x0,0	  x0:0x00000000
         935000	        92	80000138	00027933	and	x18,x4,x0	  x4:0xfceadcb3  x0:0x00000000 x18=0x00000000
         945000	        93	8000013c	00faba33	sltu	x20,x21,x15	 x21:0x80000000 x15:0x80000000 x20=0x00000000
         955000	        94	80000140	003d8d93	addi	x27,x27,3	 x27:0x00000004 x27=0x00000007
         965000	        95	80000144	ff8deae3	bltu	x27,x24,80000138	 x27:0x00000007 x24:0x0000000d
         975000	        96	00000000	00000013	addi	x0,x0,0	  x0:0x00000000
         985000	        97	80000134	00000013	addi	x0,x0,0	  x0:0x00000000
         995000	        98	80000138	00027933	and	x18,x4,x0	  x4:0xfceadcb3  x0:0x00000000 x18=0x00000000
        1005000	        99	8000013c	00faba33	sltu	x20,x21,x15	 x21:0x80000000 x15:0x80000000 x20=0x00000000
        1015000	       100	80000140	003d8d93	addi	x27,x27,3	 x27:0x00000007 x27=0x0000000a
        1025000	       101	80000144	ff8deae3	bltu	x27,x24,80000138	 x27:0x0000000a x24:0x0000000d
        1035000	       102	00000000	00000013	addi	x0,x0,0	  x0:0x00000000
        1045000	       103	80000134	00000013	addi	x0,x0,0	  x0:0x00000000
        1055000	       104	80000138	00027933	and	x18,x4,x0	  x4:0xfceadcb3  x0:0x00000000 x18=0x00000000
        1065000	       105	8000013c	00faba33	sltu	x20,x21,x15	 x21:0x80000000 x15:0x80000000 x20=0x00000000
        1075000	       106	80000140	003d8d93	addi	x27,x27,3	 x27:0x0000000a x27=0x0000000d
        1085000	       107	80000144	ff8deae3	bltu	x27,x24,80000138	 x27:0x0000000d x24:0x0000000d
        1095000	       108	80000148	5c5e3713	sltiu	x14,x28,1477	 x28:0x00002000 x14=0x00000000
        1105000	       109	8000014c	fdd80ae3	beq	x16,x29,80000120	 x16:0x00000003 x29:0x0000000f
        1115000	       110	80000150	008a0ab3	add	x21,x20,x8	 x20:0x00000000  x8:0x4934d7c0 x21=0x4934d7c0
        1125000	       111	80000154	00100793	addi	x15,x0,1	  x0:0x00000000 x15=0x00000001
        1135000	       112	80000158	6d6bd1b7	lui	x3,0x6d6bd	  x3=0x6d6bd000
        1145000	       113	8000015c	0149e333	or	x6,x19,x20	 x19:0x80009f84 x20:0x00000000  x6=0x80009f84
        1155000	       114	80000160	012c1cb3	sll	x25,x24,x18	 x24:0x0000000d x18:0x00000000 x25=0x0000000d
        1165000	       115	80000164	ffc00413	addi	x8,x0,-4	  x0:0x00000000  x8=0xfffffffc
        1175000	       116	80000168	4003d5b3	sra	x11,x7,x0	  x7:0xff770bd2  x0:0x00000000 x11=0xff770bd2
        1185000	       117	8000016c	0138bdb3	sltu	x27,x17,x19	 x17:0x00000000 x19:0x80009f84 x27=0x00000001
        1195000	       118	80000170	00cc9d33	sll	x26,x25,x12	 x25:0x0000000d x12:0x00000000 x26=0x0000000d
        1205000	       119	80000174	ffd78793	addi	x15,x15,-3	 x15:0x00000001 x15=0xfffffffe
        1215000	       120	80000178	008f6933	or	x18,x30,x8	 x30:0x0fb53e7e  x8:0xfffffffc x18=0xfffffffe
        1225000	       121	8000017c	00000013	addi	x0,x0,0	  x0:0x00000000
        1235000	       122	80000180	00000013	addi	x0,x0,0	  x0:0x00000000
        1245000	       123	80000184	fe87d4e3	bge	x15,x8,8000016c	 x15:0xfffffffe  x8:0xfffffffc
        1255000	       124	00000000	00000013	addi	x0,x0,0	  x0:0x00000000
        1265000	       125	80000168	00000013	addi	x0,x0,0	  x0:0x00000000
        1275000	       126	8000016c	0138bdb3	sltu	x27,x17,x19	 x17:0x00000000 x19:0x80009f84 x27=0x00000001
        1285000	       127	80000170	00cc9d33	sll	x26,x25,x12	 x25:0x0000000d x12:0x00000000 x26=0x0000000d
        1295000	       128	80000174	ffd78793	addi	x15,x15,-3	 x15:0xfffffffe x15=0xfffffffb
        1305000	       129	80000178	008f6933	or	x18,x30,x8	 x30:0x0fb53e7e  x8:0xfffffffc x18=0xfffffffe
        1315000	       130	8000017c	00000013	addi	x0,x0,0	  x0:0x00000000
        1325000	       131	80000180	00000013	addi	x0,x0,0	  x0:0x00000000
        1335000	       132	80000184	fe87d4e3	bge	x15,x8,8000016c	 x15:0xfffffffb  x8:0xfffffffc
        1345000	       133	80000188	01f98a33	add	x20,x19,x31	 x19:0x80009f84 x31:0x0000000e x20=0x80009f92
        1355000	       134	8000018c	ffa00713	addi	x14,x0,-6	  x0:0x00000000 x14=0xfffffffa
        1365000	       135	80000190	c15d7213	andi	x4,x26,-1003	 x26:0x0000000d  x4=0x00000005
        1375000	       136	80000194	7872be97	auipc	x29,0x7872b	 x29=0xf872b190
        1385000	       137	80000198	c1e04693	xori	x13,x0,-994	  x0:0x00000000 x13=0xfffffc1e
        1395000	       138	8000019c	367f0e97	auipc	x29,0x367f0	 x29=0xb67f0198
        1405000	       139	800001a0	d69aac93	slti	x25,x21,-663	 x21:0x4934d7c0 x25=0x00000000
        1415000	       140	800001a4	b59ec093	xori	x1,x29,-1191	 x29:0xb67f0198  x1=0x4980fac1
        1425000	       141	800001a8	00000013	addi	x0,x0,0	  x0:0x00000000
        1435000	       142	800001ac	008d64b3	or	x9,x26,x8	 x26:0x0000000d  x8:0xfffffffc  x9=0xfffffffd
        1445000	       143	800001b0	6c3eb313	sltiu	x6,x29,1731	 x29:0xb67f0198  x6=0x00000000
        1455000	       144	800001b4	01552f33	slt	x30,x10,x21	 x10:0x87cb7093 x21:0x4934d7c0 x30=0x00000001
        1465000	       145	800001b8	018afa33	and	x20,x21,x24	 x21:0x4934d7c0 x24:0x0000000d x20=0x00000000
        1475000	       146	800001bc	e18c4e13	xori	x28,x24,-488	 x24:0x0000000d x28=0xfffffe15
        1485000	       147	800001c0	40215393	srai	x7,x2,0x2	  x2:0x00000000  x7=0x00000000
        1495000	       148	800001c4	00c00513	addi	x10,x0,12	  x0:0x00000000 x10=0x0000000c
        1505000	       149	800001c8	40918933	sub	x18,x3,x9	  x3:0x6d6bd000  x9:0xfffffffd x18=0x6d6bd003
        1515000	       150	800001cc	ac29ce93	xori	x29,x19,-1342	 x19:0x80009f84 x29=0x7fff6546
        1525000	       151	800001d0	409dd933	sra	x18,x27,x9	 x27:0x00000001  x9:0xfffffffd x18=0x00000000
        1535000	       152	800001d4	001f0133	add	x2,x30,x1	 x30:0x00000001  x1:0x4980fac1  x2=0x4980fac2
        1545000	       153	800001d8	00170713	addi	x14,x14,1	 x14:0xfffffffa x14=0xfffffffb
        1555000	       154	800001dc	3c7fb097	auipc	x1,0x3c7fb	  x1=0xbc7fb1d8
        1565000	       155	800001e0	017ed613	srli	x12,x29,0x17	 x29:0x7fff6546 x12=0x000000ff
        1575000	       156	800001e4	fea718e3	bne	x14,x10,800001d4	 x14:0xfffffffb x10:0x0000000c
        1585000	       157	00000000	00000013	addi	x0,x0,0	  x0:0x00000000
        1595000	       158	800001d0	00000013	addi	x0,x0,0	  x0:0x00000000
        1605000	       159	800001d4	001f0133	add	x2,x30,x1	 x30:0x00000001  x1:0xbc7fb1d8  x2=0xbc7fb1d9
        1615000	       160	800001d8	00170713	addi	x14,x14,1	 x14:0xfffffffb x14=0xfffffffc
        1625000	       161	800001dc	3c7fb097	auipc	x1,0x3c7fb	  x1=0xbc7fb1d8
        1635000	       162	800001e0	017ed613	srli	x12,x29,0x17	 x29:0x7fff6546 x12=0x000000ff
        1645000	       163	800001e4	fea718e3	bne	x14,x10,800001d4	 x14:0xfffffffc x10:0x0000000c
        1655000	       164	00000000	00000013	addi	x0,x0,0	  x0:0x00000000
        1665000	       165	800001d0	00000013	addi	x0,x0,0	  x0:0x00000000
        1675000	       166	800001d4	001f0133	add	x2,x30,x1	 x30:0x00000001  x1:0xbc7fb1d8  x2=0xbc7fb1d9
        1685000	       167	800001d8	00170713	addi	x14,x14,1	 x14:0xfffffffc x14=0xfffffffd
        1695000	       168	800001dc	3c7fb097	auipc	x1,0x3c7fb	  x1=0xbc7fb1d8
        1705000	       169	800001e0	017ed613	srli	x12,x29,0x17	 x29:0x7fff6546 x12=0x000000ff
        1715000	       170	800001e4	fea718e3	bne	x14,x10,800001d4	 x14:0xfffffffd x10:0x0000000c
        1725000	       171	00000000	00000013	addi	x0,x0,0	  x0:0x00000000
        1735000	       172	800001d0	00000013	addi	x0,x0,0	  x0:0x00000000
        1745000	       173	800001d4	001f0133	add	x2,x30,x1	 x30:0x00000001  x1:0xbc7fb1d8  x2=0xbc7fb1d9
        1755000	       174	800001d8	00170713	addi	x14,x14,1	 x14:0xfffffffd x14=0xfffffffe
        1765000	       175	800001dc	3c7fb097	auipc	x1,0x3c7fb	  x1=0xbc7fb1d8
        1775000	       176	800001e0	017ed613	srli	x12,x29,0x17	 x29:0x7fff6546 x12=0x000000ff
        1785000	       177	800001e4	fea718e3	bne	x14,x10,800001d4	 x14:0xfffffffe x10:0x0000000c
        1795000	       178	00000000	00000013	addi	x0,x0,0	  x0:0x00000000
        1805000	       179	800001d0	00000013	addi	x0,x0,0	  x0:0x00000000
        1815000	       180	800001d4	001f0133	add	x2,x30,x1	 x30:0x00000001  x1:0xbc7fb1d8  x2=0xbc7fb1d9
        1825000	       181	800001d8	00170713	addi	x14,x14,1	 x14:0xfffffffe x14=0xffffffff
        1835000	       182	800001dc	3c7fb097	auipc	x1,0x3c7fb	  x1=0xbc7fb1d8
        1845000	       183	800001e0	017ed613	srli	x12,x29,0x17	 x29:0x7fff6546 x12=0x000000ff
        1855000	       184	800001e4	fea718e3	bne	x14,x10,800001d4	 x14:0xffffffff x10:0x0000000c
        1865000	       185	00000000	00000013	addi	x0,x0,0	  x0:0x00000000
        1875000	       186	800001d0	00000013	addi	x0,x0,0	  x0:0x00000000
        1885000	       187	800001d4	001f0133	add	x2,x30,x1	 x30:0x00000001  x1:0xbc7fb1d8  x2=0xbc7fb1d9
        1895000	       188	800001d8	00170713	addi	x14,x14,1	 x14:0xffffffff x14=0x00000000
        1905000	       189	800001dc	3c7fb097	auipc	x1,0x3c7fb	  x1=0xbc7fb1d8
        1915000	       190	800001e0	017ed613	srli	x12,x29,0x17	 x29:0x7fff6546 x12=0x000000ff
        1925000	       191	800001e4	fea718e3	bne	x14,x10,800001d4	 x14:0x00000000 x10:0x0000000c
        1935000	       192	00000000	00000013	addi	x0,x0,0	  x0:0x00000000
        1945000	       193	800001d0	00000013	addi	x0,x0,0	  x0:0x00000000
        1955000	       194	800001d4	001f0133	add	x2,x30,x1	 x30:0x00000001  x1:0xbc7fb1d8  x2=0xbc7fb1d9
        1965000	       195	800001d8	00170713	addi	x14,x14,1	 x14:0x00000000 x14=0x00000001
        1975000	       196	800001dc	3c7fb097	auipc	x1,0x3c7fb	  x1=0xbc7fb1d8
        1985000	       197	800001e0	017ed613	srli	x12,x29,0x17	 x29:0x7fff6546 x12=0x000000ff
        1995000	       198	800001e4	fea718e3	bne	x14,x10,800001d4	 x14:0x00000001 x10:0x0000000c
        2005000	       199	00000000	00000013	addi	x0,x0,0	  x0:0x00000000
        2015000	       200	800001d0	00000013	addi	x0,x0,0	  x0:0x00000000
        2025000	       201	800001d4	001f0133	add	x2,x30,x1	 x30:0x00000001  x1:0xbc7fb1d8  x2=0xbc7fb1d9
        2035000	       202	800001d8	00170713	addi	x14,x14,1	 x14:0x00000001 x14=0x00000002
        2045000	       203	800001dc	3c7fb097	auipc	x1,0x3c7fb	  x1=0xbc7fb1d8
        2055000	       204	800001e0	017ed613	srli	x12,x29,0x17	 x29:0x7fff6546 x12=0x000000ff
        2065000	       205	800001e4	fea718e3	bne	x14,x10,800001d4	 x14:0x00000002 x10:0x0000000c
        2075000	       206	00000000	00000013	addi	x0,x0,0	  x0:0x00000000
        2085000	       207	800001d0	00000013	addi	x0,x0,0	  x0:0x00000000
        2095000	       208	800001d4	001f0133	add	x2,x30,x1	 x30:0x00000001  x1:0xbc7fb1d8  x2=0xbc7fb1d9
        2105000	       209	800001d8	00170713	addi	x14,x14,1	 x14:0x00000002 x14=0x00000003
        2115000	       210	800001dc	3c7fb097	auipc	x1,0x3c7fb	  x1=0xbc7fb1d8
        2125000	       211	800001e0	017ed613	srli	x12,x29,0x17	 x29:0x7fff6546 x12=0x000000ff
        2135000	       212	800001e4	fea718e3	bne	x14,x10,800001d4	 x14:0x00000003 x10:0x0000000c
        2145000	       213	00000000	00000013	addi	x0,x0,0	  x0:0x00000000
        2155000	       214	800001d0	00000013	addi	x0,x0,0	  x0:0x00000000
        2165000	       215	800001d4	001f0133	add	x2,x30,x1	 x30:0x00000001  x1:0xbc7fb1d8  x2=0xbc7fb1d9
        2175000	       216	800001d8	00170713	addi	x14,x14,1	 x14:0x00000003 x14=0x00000004
        2185000	       217	800001dc	3c7fb097	auipc	x1,0x3c7fb	  x1=0xbc7fb1d8
        2195000	       218	800001e0	017ed613	srli	x12,x29,0x17	 x29:0x7fff6546 x12=0x000000ff
        2205000	       219	800001e4	fea718e3	bne	x14,x10,800001d4	 x14:0x00000004 x10:0x0000000c
        2215000	       220	00000000	00000013	addi	x0,x0,0	  x0:0x00000000
        2225000	       221	800001d0	00000013	addi	x0,x0,0	  x0:0x00000000
        2235000	       222	800001d4	001f0133	add	x2,x30,x1	 x30:0x00000001  x1:0xbc7fb1d8  x2=0xbc7fb1d9
        2245000	       223	800001d8	00170713	addi	x14,x14,1	 x14:0x00000004 x14=0x00000005
        2255000	       224	800001dc	3c7fb097	auipc	x1,0x3c7fb	  x1=0xbc7fb1d8
        2265000	       225	800001e0	017ed613	srli	x12,x29,0x17	 x29:0x7fff6546 x12=0x000000ff
        2275000	       226	800001e4	fea718e3	bne	x14,x10,800001d4	 x14:0x00000005 x10:0x0000000c
        2285000	       227	00000000	00000013	addi	x0,x0,0	  x0:0x00000000
        2295000	       228	800001d0	00000013	addi	x0,x0,0	  x0:0x00000000
        2305000	       229	800001d4	001f0133	add	x2,x30,x1	 x30:0x00000001  x1:0xbc7fb1d8  x2=0xbc7fb1d9
        2315000	       230	800001d8	00170713	addi	x14,x14,1	 x14:0x00000005 x14=0x00000006
        2325000	       231	800001dc	3c7fb097	auipc	x1,0x3c7fb	  x1=0xbc7fb1d8
        2335000	       232	800001e0	017ed613	srli	x12,x29,0x17	 x29:0x7fff6546 x12=0x000000ff
        2345000	       233	800001e4	fea718e3	bne	x14,x10,800001d4	 x14:0x00000006 x10:0x0000000c
        2355000	       234	00000000	00000013	addi	x0,x0,0	  x0:0x00000000
        2365000	       235	800001d0	00000013	addi	x0,x0,0	  x0:0x00000000
        2375000	       236	800001d4	001f0133	add	x2,x30,x1	 x30:0x00000001  x1:0xbc7fb1d8  x2=0xbc7fb1d9
        2385000	       237	800001d8	00170713	addi	x14,x14,1	 x14:0x00000006 x14=0x00000007
        2395000	       238	800001dc	3c7fb097	auipc	x1,0x3c7fb	  x1=0xbc7fb1d8
        2405000	       239	800001e0	017ed613	srli	x12,x29,0x17	 x29:0x7fff6546 x12=0x000000ff
        2415000	       240	800001e4	fea718e3	bne	x14,x10,800001d4	 x14:0x00000007 x10:0x0000000c
        2425000	       241	00000000	00000013	addi	x0,x0,0	  x0:0x00000000
        2435000	       242	800001d0	00000013	addi	x0,x0,0	  x0:0x00000000
        2445000	       243	800001d4	001f0133	add	x2,x30,x1	 x30:0x00000001  x1:0xbc7fb1d8  x2=0xbc7fb1d9
        2455000	       244	800001d8	00170713	addi	x14,x14,1	 x14:0x00000007 x14=0x00000008
        2465000	       245	800001dc	3c7fb097	auipc	x1,0x3c7fb	  x1=0xbc7fb1d8
        2475000	       246	800001e0	017ed613	srli	x12,x29,0x17	 x29:0x7fff6546 x12=0x000000ff
        2485000	       247	800001e4	fea718e3	bne	x14,x10,800001d4	 x14:0x00000008 x10:0x0000000c
        2495000	       248	00000000	00000013	addi	x0,x0,0	  x0:0x00000000
        2505000	       249	800001d0	00000013	addi	x0,x0,0	  x0:0x00000000
        2515000	       250	800001d4	001f0133	add	x2,x30,x1	 x30:0x00000001  x1:0xbc7fb1d8  x2=0xbc7fb1d9
        2525000	       251	800001d8	00170713	addi	x14,x14,1	 x14:0x00000008 x14=0x00000009
        2535000	       252	800001dc	3c7fb097	auipc	x1,0x3c7fb	  x1=0xbc7fb1d8
        2545000	       253	800001e0	017ed613	srli	x12,x29,0x17	 x29:0x7fff6546 x12=0x000000ff
        2555000	       254	800001e4	fea718e3	bne	x14,x10,800001d4	 x14:0x00000009 x10:0x0000000c
        2565000	       255	00000000	00000013	addi	x0,x0,0	  x0:0x00000000
        2575000	       256	800001d0	00000013	addi	x0,x0,0	  x0:0x00000000
        2585000	       257	800001d4	001f0133	add	x2,x30,x1	 x30:0x00000001  x1:0xbc7fb1d8  x2=0xbc7fb1d9
        2595000	       258	800001d8	00170713	addi	x14,x14,1	 x14:0x00000009 x14=0x0000000a
        2605000	       259	800001dc	3c7fb097	auipc	x1,0x3c7fb	  x1=0xbc7fb1d8
        2615000	       260	800001e0	017ed613	srli	x12,x29,0x17	 x29:0x7fff6546 x12=0x000000ff
        2625000	       261	800001e4	fea718e3	bne	x14,x10,800001d4	 x14:0x0000000a x10:0x0000000c
        2635000	       262	00000000	00000013	addi	x0,x0,0	  x0:0x00000000
        2645000	       263	800001d0	00000013	addi	x0,x0,0	  x0:0x00000000
        2655000	       264	800001d4	001f0133	add	x2,x30,x1	 x30:0x00000001  x1:0xbc7fb1d8  x2=0xbc7fb1d9
        2665000	       265	800001d8	00170713	addi	x14,x14,1	 x14:0x0000000a x14=0x0000000b
        2675000	       266	800001dc	3c7fb097	auipc	x1,0x3c7fb	  x1=0xbc7fb1d8
        2685000	       267	800001e0	017ed613	srli	x12,x29,0x17	 x29:0x7fff6546 x12=0x000000ff
        2695000	       268	800001e4	fea718e3	bne	x14,x10,800001d4	 x14:0x0000000b x10:0x0000000c
        2705000	       269	00000000	00000013	addi	x0,x0,0	  x0:0x00000000
        2715000	       270	800001d0	00000013	addi	x0,x0,0	  x0:0x00000000
        2725000	       271	800001d4	001f0133	add	x2,x30,x1	 x30:0x00000001  x1:0xbc7fb1d8  x2=0xbc7fb1d9
        2735000	       272	800001d8	00170713	addi	x14,x14,1	 x14:0x0000000b x14=0x0000000c
        2745000	       273	800001dc	3c7fb097	auipc	x1,0x3c7fb	  x1=0xbc7fb1d8
        2755000	       274	800001e0	017ed613	srli	x12,x29,0x17	 x29:0x7fff6546 x12=0x000000ff
        2765000	       275	800001e4	fea718e3	bne	x14,x10,800001d4	 x14:0x0000000c x10:0x0000000c
        2775000	       276	800001e8	0147d1b3	srl	x3,x15,x20	 x15:0xfffffffb x20:0x00000000  x3=0xfffffffb
        2785000	       277	800001ec	ff800d93	addi	x27,x0,-8	  x0:0x00000000 x27=0xfffffff8
        2795000	       278	800001f0	cbacf217	auipc	x4,0xcbacf	  x4=0x4bacf1ec
        2805000	       279	800001f4	c3fca193	slti	x3,x25,-961	 x25:0x00000000  x3=0x00000000
        2815000	       280	800001f8	00ee56b3	srl	x13,x28,x14	 x28:0xfffffe15 x14:0x0000000c x13=0x000fffff
        2825000	       281	800001fc	be827413	andi	x8,x4,-1048	  x4:0x4bacf1ec  x8=0x4bacf1e8
        2835000	       282	80000200	0114fab3	and	x21,x9,x17	  x9:0xfffffffd x17:0x00000000 x21=0x00000000
        2845000	       283	80000204	00eeae33	slt	x28,x29,x14	 x29:0x7fff6546 x14:0x0000000c x28=0x00000000
        2855000	       284	80000208	ff500813	addi	x16,x0,-11	  x0:0x00000000 x16=0xfffffff5
        2865000	       285	8000020c	0bae3f13	sltiu	x30,x28,186	 x28:0x00000000 x30=0x00000001
        2875000	       286	80000210	01bd1a33	sll	x20,x26,x27	 x26:0x0000000d x27:0xfffffff8 x20=0x0d000000
        2885000	       287	80000214	00ccfc33	and	x24,x25,x12	 x25:0x00000000 x12:0x000000ff x24=0x00000000
        2895000	       288	80000218	0164dc13	srli	x24,x9,0x16	  x9:0xfffffffd x24=0x000003ff
        2905000	       289	8000021c	01744733	xor	x14,x8,x23	  x8:0x4bacf1e8 x23:0x62aac6d8 x14=0x29063730
        2915000	       290	80000220	01c1dc33	srl	x24,x3,x28	  x3:0x00000000 x28:0x00000000 x24=0x00000000
        2925000	       291	80000224	00c40333	add	x6,x8,x12	  x8:0x4bacf1e8 x12:0x000000ff  x6=0x4bacf2e7
        2935000	       292	80000228	ff8d8d93	addi	x27,x27,-8	 x27:0xfffffff8 x27=0xfffffff0
        2945000	       293	8000022c	00039593	slli	x11,x7,0x0	  x7:0x00000000 x11=0x00000000
        2955000	       294	80000230	00a09a13	slli	x20,x1,0xa	  x1:0xbc7fb1d8 x20=0xfec76000
        2965000	       295	80000234	00900d13	addi	x26,x0,9	  x0:0x00000000 x26=0x00000009
        2975000	       296	80000238	00e01a13	slli	x20,x0,0xe	  x0:0x00000000 x20=0x00000000
        2985000	       297	8000023c	00c00493	addi	x9,x0,12	  x0:0x00000000  x9=0x0000000c
        2995000	       298	80000240	000b47b3	xor	x15,x22,x0	 x22:0x80000000  x0:0x00000000 x15=0x80000000
        3005000	       299	80000244	b2647c13	andi	x24,x8,-1242	  x8:0x4bacf1e8 x24=0x4bacf120
        3015000	       300	80000248	00000013	addi	x0,x0,0	  x0:0x00000000
        3025000	       301	8000024c	002d0d13	addi	x26,x26,2	 x26:0x00000009 x26=0x0000000b
        3035000	       302	80000250	fe9d6ae3	bltu	x26,x9,80000244	 x26:0x0000000b  x9:0x0000000c
        3045000	       303	00000000	00000013	addi	x0,x0,0	  x0:0x00000000
        3055000	       304	80000240	00000013	addi	x0,x0,0	  x0:0x00000000
        3065000	       305	80000244	b2647c13	andi	x24,x8,-1242	  x8:0x4bacf1e8 x24=0x4bacf120
        3075000	       306	80000248	00000013	addi	x0,x0,0	  x0:0x00000000
        3085000	       307	8000024c	002d0d13	addi	x26,x26,2	 x26:0x0000000b x26=0x0000000d
        3095000	       308	80000250	fe9d6ae3	bltu	x26,x9,80000244	 x26:0x0000000d  x9:0x0000000c
        3105000	       309	80000254	1a2d85b7	lui	x11,0x1a2d8	 x11=0x1a2d8000
        3115000	       310	80000258	412288b3	sub	x17,x5,x18	  x5:0x80009fc4 x18:0x00000000 x17=0x80009fc4
        3125000	       311	8000025c	c6bc6313	ori	x6,x24,-917	 x24:0x4bacf120  x6=0xfffffd6b
        3135000	       312	80000260	01f39333	sll	x6,x7,x31	  x7:0x00000000 x31:0x0000000e  x6=0x00000000
        3145000	       313	80000264	fb0dd4e3	bge	x27,x16,8000020c	 x27:0xfffffff0 x16:0xfffffff5
        3155000	       314	80000268	3cd8b793	sltiu	x15,x17,973	 x17:0x80009fc4 x15=0x00000000
        3165000	       315	8000026c	00300a13	addi	x20,x0,3	  x0:0x00000000 x20=0x00000003
        3175000	       316	80000270	41308233	sub	x4,x1,x19	  x1:0xbc7fb1d8 x19:0x80009f84  x4=0x3c7f1254
        3185000	       317	80000274	c67c3b93	sltiu	x23,x24,-921	 x24:0x4bacf120 x23=0x00000001
        3195000	       318	80000278	94310897	auipc	x17,0x94310	 x17=0x14310274
        3205000	       319	8000027c	00300e13	addi	x28,x0,3	  x0:0x00000000 x28=0x00000003
        3215000	       320	80000280	00974c33	xor	x24,x14,x9	 x14:0x29063730  x9:0x0000000c x24=0x2906373c
        3225000	       321	80000284	00fb9233	sll	x4,x23,x15	 x23:0x00000001 x15:0x00000000  x4=0x00000001
        3235000	       322	80000288	692e4c17	auipc	x24,0x692e4	 x24=0xe92e4284
        3245000	       323	8000028c	0adad897	auipc	x17,0xadad	 x17=0x8adad288
        3255000	       324	80000290	0154ad33	slt	x26,x9,x21	  x9:0x0000000c x21:0x00000000 x26=0x00000000
        3265000	       325	80000294	ffea0a13	addi	x20,x20,-2	 x20:0x00000003 x20=0x00000001
        3275000	       326	80000298	fff00793	addi	x15,x0,-1	  x0:0x00000000 x15=0xffffffff
        3285000	       327	8000029c	409a5513	srai	x10,x20,0x9	 x20:0x00000001 x10=0x00000000
        3295000	       328	800002a0	00b00593	addi	x11,x0,11	  x0:0x00000000 x11=0x0000000b
        3305000	       329	800002a4	002cc233	xor	x4,x25,x2	 x25:0x00000000  x2:0xbc7fb1d9  x4=0xbc7fb1d9
        3315000	       330	800002a8	41465493	srai	x9,x12,0x14	 x12:0x000000ff  x9=0x00000000
        3325000	       331	800002ac	de837013	andi	x0,x6,-536	  x6:0x00000000
        3335000	       332	800002b0	3040b017	auipc	x0,0x3040b	
        3345000	       333	800002b4	00678793	addi	x15,x15,6	 x15:0xffffffff x15=0x00000005
        3355000	       334	800002b8	01da3533	sltu	x10,x20,x29	 x20:0x00000001 x29:0x7fff6546 x10=0x00000001
        3365000	       335	800002bc	00000013	addi	x0,x0,0	  x0:0x00000000
        3375000	       336	800002c0	feb788e3	beq	x15,x11,800002b0	 x15:0x00000005 x11:0x0000000b
        3385000	       337	800002c4	0035df33	srl	x30,x11,x3	 x11:0x0000000b  x3:0x00000000 x30=0x0000000b
        3395000	       338	800002c8	00dc5193	srli	x3,x24,0xd	 x24:0xe92e4284  x3=0x00074972
        3405000	       339	800002cc	fbca7ee3	bgeu	x20,x28,80000288	 x20:0x00000001 x28:0x00000003
        3415000	       340	800002d0	01a39db3	sll	x27,x7,x26	  x7:0x00000000 x26:0x00000000 x27=0x00000000
        3425000	       341	800002d4	00700d93	addi	x27,x0,7	  x0:0x00000000 x27=0x00000007
        3435000	       342	800002d8	008abd33	sltu	x26,x21,x8	 x21:0x00000000  x8:0x4bacf1e8 x26=0x00000001
        3445000	       343	800002dc	01000393	addi	x7,x0,16	  x0:0x00000000  x7=0x00000010
        3455000	       344	800002e0	81066d13	ori	x26,x12,-2032	 x12:0x000000ff x26=0xfffff8ff
        3465000	       345	800002e4	009d8d93	addi	x27,x27,9	 x27:0x00000007 x27=0x00000010
        3475000	       346	800002e8	01a39e93	slli	x29,x7,0x1a	  x7:0x00000010 x29=0x40000000
        3485000	       347	800002ec	00200e13	addi	x28,x0,2	  x0:0x00000000 x28=0x00000002
        3495000	       348	800002f0	007970b3	and	x1,x18,x7	 x18:0x00000000  x7:0x00000010  x1=0x00000000
        3505000	       349	800002f4	00600593	addi	x11,x0,6	  x0:0x00000000 x11=0x00000006
        3515000	       350	800002f8	018d94b3	sll	x9,x27,x24	 x27:0x00000010 x24:0xe92e4284  x9=0x00000100
        3525000	       351	800002fc	0047e533	or	x10,x15,x4	 x15:0x00000005  x4:0xbc7fb1d9 x10=0xbc7fb1dd
        3535000	       352	80000300	00000013	addi	x0,x0,0	  x0:0x00000000
        3545000	       353	80000304	003e0e13	addi	x28,x28,3	 x28:0x00000002 x28=0x00000005
        3555000	       354	80000308	01eb4333	xor	x6,x22,x30	 x22:0x80000000 x30:0x0000000b  x6=0x8000000b
        3565000	       355	8000030c	febe6ae3	bltu	x28,x11,80000300	 x28:0x00000005 x11:0x00000006
        3575000	       356	00000000	00000013	addi	x0,x0,0	  x0:0x00000000
        3585000	       357	800002fc	00000013	addi	x0,x0,0	  x0:0x00000000
        3595000	       358	80000300	00000013	addi	x0,x0,0	  x0:0x00000000
        3605000	       359	80000304	003e0e13	addi	x28,x28,3	 x28:0x00000005 x28=0x00000008
        3615000	       360	80000308	01eb4333	xor	x6,x22,x30	 x22:0x80000000 x30:0x0000000b  x6=0x8000000b
        3625000	       361	8000030c	febe6ae3	bltu	x28,x11,80000300	 x28:0x00000008 x11:0x00000006
        3635000	       362	80000310	ed947a13	andi	x20,x8,-295	  x8:0x4bacf1e8 x20=0x4bacf0c8
        3645000	       363	80000314	fc7d96e3	bne	x27,x7,800002e0	 x27:0x00000010  x7:0x00000010
        3655000	       364	80000318	00934633	xor	x12,x6,x9	  x6:0x8000000b  x9:0x00000100 x12=0x8000010b
        3665000	       365	8000031c	00600b13	addi	x22,x0,6	  x0:0x00000000 x22=0x00000006
        3675000	       366	80000320	4b3ff893	andi	x17,x31,1203	 x31:0x0000000e x17=0x00000002
        3685000	       367	80000324	00600c93	addi	x25,x0,6	  x0:0x00000000 x25=0x00000006
        3695000	       368	80000328	79f286b7	lui	x13,0x79f28	 x13=0x79f28000
        3705000	       369	8000032c	ffbb0b13	addi	x22,x22,-5	 x22:0x00000006 x22=0x00000001
        3715000	       370	80000330	aa517c13	andi	x24,x2,-1371	  x2:0xbc7fb1d9 x24=0xbc7fb081
        3725000	       371	80000334	ff9b7ae3	bgeu	x22,x25,80000328	 x22:0x00000001 x25:0x00000006
        3735000	       372	80000338	dfb80d93	addi	x27,x16,-517	 x16:0xfffffff5 x27=0xfffffdf0
        3745000	       373	8000033c	ff900c13	addi	x24,x0,-7	  x0:0x00000000 x24=0xfffffff9
        3755000	       374	80000340	01000d13	addi	x26,x0,16	  x0:0x00000000 x26=0x00000010
        3765000	       375	80000344	00c54833	xor	x16,x10,x12	 x10:0xbc7fb1dd x12:0x8000010b x16=0x3c7fb0d6
        3775000	       376	80000348	003c0c13	addi	x24,x24,3	 x24:0xfffffff9 x24=0xfffffffc
        3785000	       377	8000034c	41075e13	srai	x28,x14,0x10	 x14:0x29063730 x28=0x00002906
        3795000	       378	80000350	00600113	addi	x2,x0,6	  x0:0x00000000  x2=0x00000006
        3805000	       379	80000354	00600313	addi	x6,x0,6	  x0:0x00000000  x6=0x00000006
        3815000	       380	80000358	8e41bf13	sltiu	x30,x3,-1820	  x3:0x00074972 x30=0x00000001
        3825000	       381	8000035c	ffb10113	addi	x2,x2,-5	  x2:0x00000006  x2=0x00000001
        3835000	       382	80000360	fe617ce3	bgeu	x2,x6,80000358	  x2:0x00000001  x6:0x00000006
        3845000	       383	80000364	ffac40e3	blt	x24,x26,80000344	 x24:0xfffffffc x26:0x00000010
        3855000	       384	00000000	00000013	addi	x0,x0,0	  x0:0x00000000
        3865000	       385	80000340	00000013	addi	x0,x0,0	  x0:0x00000000
        3875000	       386	80000344	00c54833	xor	x16,x10,x12	 x10:0xbc7fb1dd x12:0x8000010b x16=0x3c7fb0d6
        3885000	       387	80000348	003c0c13	addi	x24,x24,3	 x24:0xfffffffc x24=0xffffffff
        3895000	       388	8000034c	41075e13	srai	x28,x14,0x10	 x14:0x29063730 x28=0x00002906
        3905000	       389	80000350	00600113	addi	x2,x0,6	  x0:0x00000000  x2=0x00000006
        3915000	       390	80000354	00600313	addi	x6,x0,6	  x0:0x00000000  x6=0x00000006
        3925000	       391	80000358	8e41bf13	sltiu	x30,x3,-1820	  x3:0x00074972 x30=0x00000001
        3935000	       392	8000035c	ffb10113	addi	x2,x2,-5	  x2:0x00000006  x2=0x00000001
        3945000	       393	80000360	fe617ce3	bgeu	x2,x6,80000358	  x2:0x00000001  x6:0x00000006
        3955000	       394	80000364	ffac40e3	blt	x24,x26,80000344	 x24:0xffffffff x26:0x00000010
        3965000	       395	00000000	00000013	addi	x0,x0,0	  x0:0x00000000
        3975000	       396	80000340	00000013	addi	x0,x0,0	  x0:0x00000000
        3985000	       397	80000344	00c54833	xor	x16,x10,x12	 x10:0xbc7fb1dd x12:0x8000010b x16=0x3c7fb0d6
        3995000	       398	80000348	003c0c13	addi	x24,x24,3	 x24:0xffffffff x24=0x00000002
        4005000	       399	8000034c	41075e13	srai	x28,x14,0x10	 x14:0x29063730 x28=0x00002906
        4015000	       400	80000350	00600113	addi	x2,x0,6	  x0:0x00000000  x2=0x00000006
        4025000	       401	80000354	00600313	addi	x6,x0,6	  x0:0x00000000  x6=0x00000006
        4035000	       402	80000358	8e41bf13	sltiu	x30,x3,-1820	  x3:0x00074972 x30=0x00000001
        4045000	       403	8000035c	ffb10113	addi	x2,x2,-5	  x2:0x00000006  x2=0x00000001
        4055000	       404	80000360	fe617ce3	bgeu	x2,x6,80000358	  x2:0x00000001  x6:0x00000006
        4065000	       405	80000364	ffac40e3	blt	x24,x26,80000344	 x24:0x00000002 x26:0x00000010
        4075000	       406	00000000	00000013	addi	x0,x0,0	  x0:0x00000000
        4085000	       407	80000340	00000013	addi	x0,x0,0	  x0:0x00000000
        4095000	       408	80000344	00c54833	xor	x16,x10,x12	 x10:0xbc7fb1dd x12:0x8000010b x16=0x3c7fb0d6
        4105000	       409	80000348	003c0c13	addi	x24,x24,3	 x24:0x00000002 x24=0x00000005
        4115000	       410	8000034c	41075e13	srai	x28,x14,0x10	 x14:0x29063730 x28=0x00002906
        4125000	       411	80000350	00600113	addi	x2,x0,6	  x0:0x00000000  x2=0x00000006
        4135000	       412	80000354	00600313	addi	x6,x0,6	  x0:0x00000000  x6=0x00000006
        4145000	       413	80000358	8e41bf13	sltiu	x30,x3,-1820	  x3:0x00074972 x30=0x00000001
        4155000	       414	8000035c	ffb10113	addi	x2,x2,-5	  x2:0x00000006  x2=0x00000001
        4165000	       415	80000360	fe617ce3	bgeu	x2,x6,80000358	  x2:0x00000001  x6:0x00000006
        4175000	       416	80000364	ffac40e3	blt	x24,x26,80000344	 x24:0x00000005 x26:0x00000010
        4185000	       417	00000000	00000013	addi	x0,x0,0	  x0:0x00000000
        4195000	       418	80000340	00000013	addi	x0,x0,0	  x0:0x00000000
        4205000	       419	80000344	00c54833	xor	x16,x10,x12	 x10:0xbc7fb1dd x12:0x8000010b x16=0x3c7fb0d6
        4215000	       420	80000348	003c0c13	addi	x24,x24,3	 x24:0x00000005 x24=0x00000008
        4225000	       421	8000034c	41075e13	srai	x28,x14,0x10	 x14:0x29063730 x28=0x00002906
        4235000	       422	80000350	00600113	addi	x2,x0,6	  x0:0x00000000  x2=0x00000006
        4245000	       423	80000354	00600313	addi	x6,x0,6	  x0:0x00000000  x6=0x00000006
        4255000	       424	80000358	8e41bf13	sltiu	x30,x3,-1820	  x3:0x00074972 x30=0x00000001
        4265000	       425	8000035c	ffb10113	addi	x2,x2,-5	  x2:0x00000006  x2=0x00000001
        4275000	       426	80000360	fe617ce3	bgeu	x2,x6,80000358	  x2:0x00000001  x6:0x00000006
        4285000	       427	80000364	ffac40e3	blt	x24,x26,80000344	 x24:0x00000008 x26:0x00000010
        4295000	       428	00000000	00000013	addi	x0,x0,0	  x0:0x00000000
        4305000	       429	80000340	00000013	addi	x0,x0,0	  x0:0x00000000
        4315000	       430	80000344	00c54833	xor	x16,x10,x12	 x10:0xbc7fb1dd x12:0x8000010b x16=0x3c7fb0d6
        4325000	       431	80000348	003c0c13	addi	x24,x24,3	 x24:0x00000008 x24=0x0000000b
        4335000	       432	8000034c	41075e13	srai	x28,x14,0x10	 x14:0x29063730 x28=0x00002906
        4345000	       433	80000350	00600113	addi	x2,x0,6	  x0:0x00000000  x2=0x00000006
        4355000	       434	80000354	00600313	addi	x6,x0,6	  x0:0x00000000  x6=0x00000006
        4365000	       435	80000358	8e41bf13	sltiu	x30,x3,-1820	  x3:0x00074972 x30=0x00000001
        4375000	       436	8000035c	ffb10113	addi	x2,x2,-5	  x2:0x00000006  x2=0x00000001
        4385000	       437	80000360	fe617ce3	bgeu	x2,x6,80000358	  x2:0x00000001  x6:0x00000006
        4395000	       438	80000364	ffac40e3	blt	x24,x26,80000344	 x24:0x0000000b x26:0x00000010
        4405000	       439	00000000	00000013	addi	x0,x0,0	  x0:0x00000000
        4415000	       440	80000340	00000013	addi	x0,x0,0	  x0:0x00000000
        4425000	       441	80000344	00c54833	xor	x16,x10,x12	 x10:0xbc7fb1dd x12:0x8000010b x16=0x3c7fb0d6
        4435000	       442	80000348	003c0c13	addi	x24,x24,3	 x24:0x0000000b x24=0x0000000e
        4445000	       443	8000034c	41075e13	srai	x28,x14,0x10	 x14:0x29063730 x28=0x00002906
        4455000	       444	80000350	00600113	addi	x2,x0,6	  x0:0x00000000  x2=0x00000006
        4465000	       445	80000354	00600313	addi	x6,x0,6	  x0:0x00000000  x6=0x00000006
        4475000	       446	80000358	8e41bf13	sltiu	x30,x3,-1820	  x3:0x00074972 x30=0x00000001
        4485000	       447	8000035c	ffb10113	addi	x2,x2,-5	  x2:0x00000006  x2=0x00000001
        4495000	       448	80000360	fe617ce3	bgeu	x2,x6,80000358	  x2:0x00000001  x6:0x00000006
        4505000	       449	80000364	ffac40e3	blt	x24,x26,80000344	 x24:0x0000000e x26:0x00000010
        4515000	       450	00000000	00000013	addi	x0,x0,0	  x0:0x00000000
        4525000	       451	80000340	00000013	addi	x0,x0,0	  x0:0x00000000
        4535000	       452	80000344	00c54833	xor	x16,x10,x12	 x10:0xbc7fb1dd x12:0x8000010b x16=0x3c7fb0d6
        4545000	       453	80000348	003c0c13	addi	x24,x24,3	 x24:0x0000000e x24=0x00000011
        4555000	       454	8000034c	41075e13	srai	x28,x14,0x10	 x14:0x29063730 x28=0x00002906
        4565000	       455	80000350	00600113	addi	x2,x0,6	  x0:0x00000000  x2=0x00000006
        4575000	       456	80000354	00600313	addi	x6,x0,6	  x0:0x00000000  x6=0x00000006
        4585000	       457	80000358	8e41bf13	sltiu	x30,x3,-1820	  x3:0x00074972 x30=0x00000001
        4595000	       458	8000035c	ffb10113	addi	x2,x2,-5	  x2:0x00000006  x2=0x00000001
        4605000	       459	80000360	fe617ce3	bgeu	x2,x6,80000358	  x2:0x00000001  x6:0x00000006
        4615000	       460	80000364	ffac40e3	blt	x24,x26,80000344	 x24:0x00000011 x26:0x00000010
        4625000	       461	80000368	bdd19597	auipc	x11,0xbdd19	 x11=0x3dd19364
        4635000	       462	8000036c	00200693	addi	x13,x0,2	  x0:0x00000000 x13=0x00000002
        4645000	       463	80000370	00b00813	addi	x16,x0,11	  x0:0x00000000 x16=0x0000000b
        4655000	       464	80000374	bf096793	ori	x15,x18,-1040	 x18:0x00000000 x15=0xfffffbf0
        4665000	       465	80000378	648c2c13	slti	x24,x24,1608	 x24:0x00000011 x24=0x00000001
        4675000	       466	8000037c	00a68693	addi	x13,x13,10	 x13:0x00000002 x13=0x0000000c
        4685000	       467	80000380	ff06ece3	bltu	x13,x16,80000378	 x13:0x0000000c x16:0x0000000b
        4695000	       468	80000384	00061233	sll	x4,x12,x0	 x12:0x8000010b  x0:0x00000000  x4=0x8000010b
        4705000	       469	80000388	ffd00493	addi	x9,x0,-3	  x0:0x00000000  x9=0xfffffffd
        4715000	       470	8000038c	a68dc413	xori	x8,x27,-1432	 x27:0xfffffdf0  x8=0x00000798
        4725000	       471	80000390	01751093	slli	x1,x10,0x17	 x10:0xbc7fb1dd  x1=0xee800000
        4735000	       472	80000394	00258197	auipc	x3,0x258	  x3=0x80258390
        4745000	       473	80000398	fed77893	andi	x17,x14,-19	 x14:0x29063730 x17=0x29063720
        4755000	       474	8000039c	00000013	addi	x0,x0,0	  x0:0x00000000
        4765000	       475	800003a0	b864ce93	xori	x29,x9,-1146	  x9:0xfffffffd x29=0x0000047b
        4775000	       476	800003a4	00200213	addi	x4,x0,2	  x0:0x00000000  x4=0x00000002
        4785000	       477	800003a8	87e7fa93	andi	x21,x15,-1922	 x15:0xfffffbf0 x21=0xfffff870
        4795000	       478	800003ac	b1d00f13	addi	x30,x0,-1251	  x0:0x00000000 x30=0xfffffb1d
        4805000	       479	800003b0	00948493	addi	x9,x9,9	  x9:0xfffffffd  x9=0x00000006
        4815000	       480	800003b4	50757393	andi	x7,x10,1287	 x10:0xbc7fb1dd  x7=0x00000105
        4825000	       481	800003b8	ffa00c93	addi	x25,x0,-6	  x0:0x00000000 x25=0xfffffffa
        4835000	       482	800003bc	ff000113	addi	x2,x0,-16	  x0:0x00000000  x2=0xfffffff0
        4845000	       483	800003c0	000fd3b3	srl	x7,x31,x0	 x31:0x0000000e  x0:0x00000000  x7=0x0000000e
        4855000	       484	800003c4	736d4817	auipc	x16,0x736d4	 x16=0xf36d43c0
        4865000	       485	800003c8	ff6c8c93	addi	x25,x25,-10	 x25:0xfffffffa x25=0xfffffff0
        4875000	       486	800003cc	419e50b3	sra	x1,x28,x25	 x28:0x00002906 x25:0xfffffff0  x1=0x00000000
        4885000	       487	800003d0	fe2c9ae3	bne	x25,x2,800003c4	 x25:0xfffffff0  x2:0xfffffff0
        4895000	       488	800003d4	5ff42893	slti	x17,x8,1535	  x8:0x00000798 x17=0x00000000
        4905000	       489	800003d8	fc44c8e3	blt	x9,x4,800003a8	  x9:0x00000006  x4:0x00000002
        4915000	       490	800003dc	00000013	addi	x0,x0,0	  x0:0x00000000
        4925000	       491	800003e0	ffa00a13	addi	x20,x0,-6	  x0:0x00000000 x20=0xfffffffa
        4935000	       492	800003e4	01ce9c33	sll	x24,x29,x28	 x29:0x0000047b x28:0x00002906 x24=0x00011ec0
        4945000	       493	800003e8	003d4d33	xor	x26,x26,x3	 x26:0x00000010  x3:0x80258390 x26=0x80258380
        4955000	       494	800003ec	38b4c513	xori	x10,x9,907	  x9:0x00000006 x10=0x0000038d
        4965000	       495	800003f0	01757333	and	x6,x10,x23	 x10:0x0000038d x23:0x00000001  x6=0x00000001
        4975000	       496	800003f4	00f00b13	addi	x22,x0,15	  x0:0x00000000 x22=0x0000000f
        4985000	       497	800003f8	c5d9ad93	slti	x27,x19,-931	 x19:0x80009f84 x27=0x00000001
        4995000	       498	800003fc	0183a133	slt	x2,x7,x24	  x7:0x0000000e x24:0x00011ec0  x2=0x00000001
        5005000	       499	80000400	002a0a13	addi	x20,x20,2	 x20:0xfffffffa x20=0xfffffffc
        5015000	       500	80000404	00859f33	sll	x30,x11,x8	 x11:0x3dd19364  x8:0x00000798 x30=0x64000000
        5025000	       501	80000408	01084133	xor	x2,x16,x16	 x16:0xf36d43c0 x16:0xf36d43c0  x2=0x00000000
        5035000	       502	8000040c	00c9a8b3	slt	x17,x19,x12	 x19:0x80009f84 x12:0x8000010b x17=0x00000000
        5045000	       503	80000410	ffe00193	addi	x3,x0,-2	  x0:0x00000000  x3=0xfffffffe
        5055000	       504	80000414	00000013	addi	x0,x0,0	  x0:0x00000000
        5065000	       505	80000418	00d00a93	addi	x21,x0,13	  x0:0x00000000 x21=0x0000000d
        5075000	       506	8000041c	3c142013	slti	x0,x8,961	  x8:0x00000798
        5085000	       507	80000420	00eff633	and	x12,x31,x14	 x31:0x0000000e x14:0x29063730 x12=0x00000000
        5095000	       508	80000424	6f914e93	xori	x29,x2,1785	  x2:0x00000000 x29=0x000006f9
        5105000	       509	80000428	00b044b3	xor	x9,x0,x11	  x0:0x00000000 x11:0x3dd19364  x9=0x3dd19364
        5115000	       510	8000042c	00d19793	slli	x15,x3,0xd	  x3:0xfffffffe x15=0xffffc000
        5125000	       511	80000430	40c0d593	srai	x11,x1,0xc	  x1:0x00000000 x11=0x00000000
        5135000	       512	80000434	4139d733	sra	x14,x19,x19	 x19:0x80009f84 x19:0x80009f84 x14=0xf80009f8
        5145000	       513	80000438	00518193	addi	x3,x3,5	  x3:0xfffffffe  x3=0x00000003
        5155000	       514	8000043c	00df1bb3	sll	x23,x30,x13	 x30:0x64000000 x13:0x0000000c x23=0x00000000
        5165000	       515	80000440	ff5180e3	beq	x3,x21,80000420	  x3:0x00000003 x21:0x0000000d
        5175000	       516	80000444	3cb3c813	xori	x16,x7,971	  x7:0x0000000e x16=0x000003c5
        5185000	       517	80000448	01e4f933	and	x18,x9,x30	  x9:0x3dd19364 x30:0x64000000 x18=0x24000000
        5195000	       518	8000044c	4b332b93	slti	x23,x6,1203	  x6:0x00000001 x23=0x00000001
        5205000	       519	80000450	fb6a44e3	blt	x20,x22,800003f8	 x20:0xfffffffc x22:0x0000000f
        5215000	       520	00000000	00000013	addi	x0,x0,0	  x0:0x00000000
        5225000	       521	800003f4	00000013	addi	x0,x0,0	  x0:0x00000000
        5235000	       522	800003f8	c5d9ad93	slti	x27,x19,-931	 x19:0x80009f84 x27=0x00000001
        5245000	       523	800003fc	0183a133	slt	x2,x7,x24	  x7:0x0000000e x24:0x00011ec0  x2=0x00000001
        5255000	       524	80000400	002a0a13	addi	x20,x20,2	 x20:0xfffffffc x20=0xfffffffe
        5265000	       525	80000404	00859f33	sll	x30,x11,x8	 x11:0x00000000  x8:0x00000798 x30=0x00000000
        5275000	       526	80000408	01084133	xor	x2,x16,x16	 x16:0x000003c5 x16:0x000003c5  x2=0x00000000
        5285000	       527	8000040c	00c9a8b3	slt	x17,x19,x12	 x19:0x80009f84 x12:0x00000000 x17=0x00000001
        5295000	       528	80000410	ffe00193	addi	x3,x0,-2	  x0:0x00000000  x3=0xfffffffe
        5305000	       529	80000414	00000013	addi	x0,x0,0	  x0:0x00000000
        5315000	       530	80000418	00d00a93	addi	x21,x0,13	  x0:0x00000000 x21=0x0000000d
        5325000	       531	8000041c	3c142013	slti	x0,x8,961	  x8:0x00000798
        5335000	       532	80000420	00eff633	and	x12,x31,x14	 x31:0x0000000e x14:0xf80009f8 x12=0x00000008
        5345000	       533	80000424	6f914e93	xori	x29,x2,1785	  x2:0x00000000 x29=0x000006f9
        5355000	       534	80000428	00b044b3	xor	x9,x0,x11	  x0:0x00000000 x11:0x00000000  x9=0x00000000
        5365000	       535	8000042c	00d19793	slli	x15,x3,0xd	  x3:0xfffffffe x15=0xffffc000
        5375000	       536	80000430	40c0d593	srai	x11,x1,0xc	  x1:0x00000000 x11=0x00000000
        5385000	       537	80000434	4139d733	sra	x14,x19,x19	 x19:0x80009f84 x19:0x80009f84 x14=0xf80009f8
        5395000	       538	80000438	00518193	addi	x3,x3,5	  x3:0xfffffffe  x3=0x00000003
        5405000	       539	8000043c	00df1bb3	sll	x23,x30,x13	 x30:0x00000000 x13:0x0000000c x23=0x00000000
        5415000	       540	80000440	ff5180e3	beq	x3,x21,80000420	  x3:0x00000003 x21:0x0000000d
        5425000	       541	80000444	3cb3c813	xori	x16,x7,971	  x7:0x0000000e x16=0x000003c5
        5435000	       542	80000448	01e4f933	and	x18,x9,x30	  x9:0x00000000 x30:0x00000000 x18=0x00000000
        5445000	       543	8000044c	4b332b93	slti	x23,x6,1203	  x6:0x00000001 x23=0x00000001
        5455000	       544	80000450	fb6a44e3	blt	x20,x22,800003f8	 x20:0xfffffffe x22:0x0000000f
        5465000	       545	00000000	00000013	addi	x0,x0,0	  x0:0x00000000
        5475000	       546	800003f4	00000013	addi	x0,x0,0	  x0:0x00000000
        5485000	       547	800003f8	c5d9ad93	slti	x27,x19,-931	 x19:0x80009f84 x27=0x00000001
        5495000	       548	800003fc	0183a133	slt	x2,x7,x24	  x7:0x0000000e x24:0x00011ec0  x2=0x00000001
        5505000	       549	80000400	002a0a13	addi	x20,x20,2	 x20:0xfffffffe x20=0x00000000
        5515000	       550	80000404	00859f33	sll	x30,x11,x8	 x11:0x00000000  x8:0x00000798 x30=0x00000000
        5525000	       551	80000408	01084133	xor	x2,x16,x16	 x16:0x000003c5 x16:0x000003c5  x2=0x00000000
        5535000	       552	8000040c	00c9a8b3	slt	x17,x19,x12	 x19:0x80009f84 x12:0x00000008 x17=0x00000001
        5545000	       553	80000410	ffe00193	addi	x3,x0,-2	  x0:0x00000000  x3=0xfffffffe
        5555000	       554	80000414	00000013	addi	x0,x0,0	  x0:0x00000000
        5565000	       555	80000418	00d00a93	addi	x21,x0,13	  x0:0x00000000 x21=0x0000000d
        5575000	       556	8000041c	3c142013	slti	x0,x8,961	  x8:0x00000798
        5585000	       557	80000420	00eff633	and	x12,x31,x14	 x31:0x0000000e x14:0xf80009f8 x12=0x00000008
        5595000	       558	80000424	6f914e93	xori	x29,x2,1785	  x2:0x00000000 x29=0x000006f9
        5605000	       559	80000428	00b044b3	xor	x9,x0,x11	  x0:0x00000000 x11:0x00000000  x9=0x00000000
        5615000	       560	8000042c	00d19793	slli	x15,x3,0xd	  x3:0xfffffffe x15=0xffffc000
        5625000	       561	80000430	40c0d593	srai	x11,x1,0xc	  x1:0x00000000 x11=0x00000000
        5635000	       562	80000434	4139d733	sra	x14,x19,x19	 x19:0x80009f84 x19:0x80009f84 x14=0xf80009f8
        5645000	       563	80000438	00518193	addi	x3,x3,5	  x3:0xfffffffe  x3=0x00000003
        5655000	       564	8000043c	00df1bb3	sll	x23,x30,x13	 x30:0x00000000 x13:0x0000000c x23=0x00000000
        5665000	       565	80000440	ff5180e3	beq	x3,x21,80000420	  x3:0x00000003 x21:0x0000000d
        5675000	       566	80000444	3cb3c813	xori	x16,x7,971	  x7:0x0000000e x16=0x000003c5
        5685000	       567	80000448	01e4f933	and	x18,x9,x30	  x9:0x00000000 x30:0x00000000 x18=0x00000000
        5695000	       568	8000044c	4b332b93	slti	x23,x6,1203	  x6:0x00000001 x23=0x00000001
        5705000	       569	80000450	fb6a44e3	blt	x20,x22,800003f8	 x20:0x00000000 x22:0x0000000f
        5715000	       570	00000000	00000013	addi	x0,x0,0	  x0:0x00000000
        5725000	       571	800003f4	00000013	addi	x0,x0,0	  x0:0x00000000
        5735000	       572	800003f8	c5d9ad93	slti	x27,x19,-931	 x19:0x80009f84 x27=0x00000001
        5745000	       573	800003fc	0183a133	slt	x2,x7,x24	  x7:0x0000000e x24:0x00011ec0  x2=0x00000001
        5755000	       574	80000400	002a0a13	addi	x20,x20,2	 x20:0x00000000 x20=0x00000002
        5765000	       575	80000404	00859f33	sll	x30,x11,x8	 x11:0x00000000  x8:0x00000798 x30=0x00000000
        5775000	       576	80000408	01084133	xor	x2,x16,x16	 x16:0x000003c5 x16:0x000003c5  x2=0x00000000
        5785000	       577	8000040c	00c9a8b3	slt	x17,x19,x12	 x19:0x80009f84 x12:0x00000008 x17=0x00000001
        5795000	       578	80000410	ffe00193	addi	x3,x0,-2	  x0:0x00000000  x3=0xfffffffe
        5805000	       579	80000414	00000013	addi	x0,x0,0	  x0:0x00000000
        5815000	       580	80000418	00d00a93	addi	x21,x0,13	  x0:0x00000000 x21=0x0000000d
        5825000	       581	8000041c	3c142013	slti	x0,x8,961	  x8:0x00000798
        5835000	       582	80000420	00eff633	and	x12,x31,x14	 x31:0x0000000e x14:0xf80009f8 x12=0x00000008
        5845000	       583	80000424	6f914e93	xori	x29,x2,1785	  x2:0x00000000 x29=0x000006f9
        5855000	       584	80000428	00b044b3	xor	x9,x0,x11	  x0:0x00000000 x11:0x00000000  x9=0x00000000
        5865000	       585	8000042c	00d19793	slli	x15,x3,0xd	  x3:0xfffffffe x15=0xffffc000
        5875000	       586	80000430	40c0d593	srai	x11,x1,0xc	  x1:0x00000000 x11=0x00000000
        5885000	       587	80000434	4139d733	sra	x14,x19,x19	 x19:0x80009f84 x19:0x80009f84 x14=0xf80009f8
        5895000	       588	80000438	00518193	addi	x3,x3,5	  x3:0xfffffffe  x3=0x00000003
        5905000	       589	8000043c	00df1bb3	sll	x23,x30,x13	 x30:0x00000000 x13:0x0000000c x23=0x00000000
        5915000	       590	80000440	ff5180e3	beq	x3,x21,80000420	  x3:0x00000003 x21:0x0000000d
        5925000	       591	80000444	3cb3c813	xori	x16,x7,971	  x7:0x0000000e x16=0x000003c5
        5935000	       592	80000448	01e4f933	and	x18,x9,x30	  x9:0x00000000 x30:0x00000000 x18=0x00000000
        5945000	       593	8000044c	4b332b93	slti	x23,x6,1203	  x6:0x00000001 x23=0x00000001
        5955000	       594	80000450	fb6a44e3	blt	x20,x22,800003f8	 x20:0x00000002 x22:0x0000000f
        5965000	       595	00000000	00000013	addi	x0,x0,0	  x0:0x00000000
        5975000	       596	800003f4	00000013	addi	x0,x0,0	  x0:0x00000000
        5985000	       597	800003f8	c5d9ad93	slti	x27,x19,-931	 x19:0x80009f84 x27=0x00000001
        5995000	       598	800003fc	0183a133	slt	x2,x7,x24	  x7:0x0000000e x24:0x00011ec0  x2=0x00000001
        6005000	       599	80000400	002a0a13	addi	x20,x20,2	 x20:0x00000002 x20=0x00000004
        6015000	       600	80000404	00859f33	sll	x30,x11,x8	 x11:0x00000000  x8:0x00000798 x30=0x00000000
        6025000	       601	80000408	01084133	xor	x2,x16,x16	 x16:0x000003c5 x16:0x000003c5  x2=0x00000000
        6035000	       602	8000040c	00c9a8b3	slt	x17,x19,x12	 x19:0x80009f84 x12:0x00000008 x17=0x00000001
        6045000	       603	80000410	ffe00193	addi	x3,x0,-2	  x0:0x00000000  x3=0xfffffffe
        6055000	       604	80000414	00000013	addi	x0,x0,0	  x0:0x00000000
        6065000	       605	80000418	00d00a93	addi	x21,x0,13	  x0:0x00000000 x21=0x0000000d
        6075000	       606	8000041c	3c142013	slti	x0,x8,961	  x8:0x00000798
        6085000	       607	80000420	00eff633	and	x12,x31,x14	 x31:0x0000000e x14:0xf80009f8 x12=0x00000008
        6095000	       608	80000424	6f914e93	xori	x29,x2,1785	  x2:0x00000000 x29=0x000006f9
        6105000	       609	80000428	00b044b3	xor	x9,x0,x11	  x0:0x00000000 x11:0x00000000  x9=0x00000000
        6115000	       610	8000042c	00d19793	slli	x15,x3,0xd	  x3:0xfffffffe x15=0xffffc000
        6125000	       611	80000430	40c0d593	srai	x11,x1,0xc	  x1:0x00000000 x11=0x00000000
        6135000	       612	80000434	4139d733	sra	x14,x19,x19	 x19:0x80009f84 x19:0x80009f84 x14=0xf80009f8
        6145000	       613	80000438	00518193	addi	x3,x3,5	  x3:0xfffffffe  x3=0x00000003
        6155000	       614	8000043c	00df1bb3	sll	x23,x30,x13	 x30:0x00000000 x13:0x0000000c x23=0x00000000
        6165000	       615	80000440	ff5180e3	beq	x3,x21,80000420	  x3:0x00000003 x21:0x0000000d
        6175000	       616	80000444	3cb3c813	xori	x16,x7,971	  x7:0x0000000e x16=0x000003c5
        6185000	       617	80000448	01e4f933	and	x18,x9,x30	  x9:0x00000000 x30:0x00000000 x18=0x00000000
        6195000	       618	8000044c	4b332b93	slti	x23,x6,1203	  x6:0x00000001 x23=0x00000001
        6205000	       619	80000450	fb6a44e3	blt	x20,x22,800003f8	 x20:0x00000004 x22:0x0000000f
        6215000	       620	00000000	00000013	addi	x0,x0,0	  x0:0x00000000
        6225000	       621	800003f4	00000013	addi	x0,x0,0	  x0:0x00000000
        6235000	       622	800003f8	c5d9ad93	slti	x27,x19,-931	 x19:0x80009f84 x27=0x00000001
        6245000	       623	800003fc	0183a133	slt	x2,x7,x24	  x7:0x0000000e x24:0x00011ec0  x2=0x00000001
        6255000	       624	80000400	002a0a13	addi	x20,x20,2	 x20:0x00000004 x20=0x00000006
        6265000	       625	80000404	00859f33	sll	x30,x11,x8	 x11:0x00000000  x8:0x00000798 x30=0x00000000
        6275000	       626	80000408	01084133	xor	x2,x16,x16	 x16:0x000003c5 x16:0x000003c5  x2=0x00000000
        6285000	       627	8000040c	00c9a8b3	slt	x17,x19,x12	 x19:0x80009f84 x12:0x00000008 x17=0x00000001
        6295000	       628	80000410	ffe00193	addi	x3,x0,-2	  x0:0x00000000  x3=0xfffffffe
        6305000	       629	80000414	00000013	addi	x0,x0,0	  x0:0x00000000
        6315000	       630	80000418	00d00a93	addi	x21,x0,13	  x0:0x00000000 x21=0x0000000d
        6325000	       631	8000041c	3c142013	slti	x0,x8,961	  x8:0x00000798
        6335000	       632	80000420	00eff633	and	x12,x31,x14	 x31:0x0000000e x14:0xf80009f8 x12=0x00000008
        6345000	       633	80000424	6f914e93	xori	x29,x2,1785	  x2:0x00000000 x29=0x000006f9
        6355000	       634	80000428	00b044b3	xor	x9,x0,x11	  x0:0x00000000 x11:0x00000000  x9=0x00000000
        6365000	       635	8000042c	00d19793	slli	x15,x3,0xd	  x3:0xfffffffe x15=0xffffc000
        6375000	       636	80000430	40c0d593	srai	x11,x1,0xc	  x1:0x00000000 x11=0x00000000
        6385000	       637	80000434	4139d733	sra	x14,x19,x19	 x19:0x80009f84 x19:0x80009f84 x14=0xf80009f8
        6395000	       638	80000438	00518193	addi	x3,x3,5	  x3:0xfffffffe  x3=0x00000003
        6405000	       639	8000043c	00df1bb3	sll	x23,x30,x13	 x30:0x00000000 x13:0x0000000c x23=0x00000000
        6415000	       640	80000440	ff5180e3	beq	x3,x21,80000420	  x3:0x00000003 x21:0x0000000d
        6425000	       641	80000444	3cb3c813	xori	x16,x7,971	  x7:0x0000000e x16=0x000003c5
        6435000	       642	80000448	01e4f933	and	x18,x9,x30	  x9:0x00000000 x30:0x00000000 x18=0x00000000
        6445000	       643	8000044c	4b332b93	slti	x23,x6,1203	  x6:0x00000001 x23=0x00000001
        6455000	       644	80000450	fb6a44e3	blt	x20,x22,800003f8	 x20:0x00000006 x22:0x0000000f
        6465000	       645	00000000	00000013	addi	x0,x0,0	  x0:0x00000000
        6475000	       646	800003f4	00000013	addi	x0,x0,0	  x0:0x00000000
        6485000	       647	800003f8	c5d9ad93	slti	x27,x19,-931	 x19:0x80009f84 x27=0x00000001
        6495000	       648	800003fc	0183a133	slt	x2,x7,x24	  x7:0x0000000e x24:0x00011ec0  x2=0x00000001
        6505000	       649	80000400	002a0a13	addi	x20,x20,2	 x20:0x00000006 x20=0x00000008
        6515000	       650	80000404	00859f33	sll	x30,x11,x8	 x11:0x00000000  x8:0x00000798 x30=0x00000000
        6525000	       651	80000408	01084133	xor	x2,x16,x16	 x16:0x000003c5 x16:0x000003c5  x2=0x00000000
        6535000	       652	8000040c	00c9a8b3	slt	x17,x19,x12	 x19:0x80009f84 x12:0x00000008 x17=0x00000001
        6545000	       653	80000410	ffe00193	addi	x3,x0,-2	  x0:0x00000000  x3=0xfffffffe
        6555000	       654	80000414	00000013	addi	x0,x0,0	  x0:0x00000000
        6565000	       655	80000418	00d00a93	addi	x21,x0,13	  x0:0x00000000 x21=0x0000000d
        6575000	       656	8000041c	3c142013	slti	x0,x8,961	  x8:0x00000798
        6585000	       657	80000420	00eff633	and	x12,x31,x14	 x31:0x0000000e x14:0xf80009f8 x12=0x00000008
        6595000	       658	80000424	6f914e93	xori	x29,x2,1785	  x2:0x00000000 x29=0x000006f9
        6605000	       659	80000428	00b044b3	xor	x9,x0,x11	  x0:0x00000000 x11:0x00000000  x9=0x00000000
        6615000	       660	8000042c	00d19793	slli	x15,x3,0xd	  x3:0xfffffffe x15=0xffffc000
        6625000	       661	80000430	40c0d593	srai	x11,x1,0xc	  x1:0x00000000 x11=0x00000000
        6635000	       662	80000434	4139d733	sra	x14,x19,x19	 x19:0x80009f84 x19:0x80009f84 x14=0xf80009f8
        6645000	       663	80000438	00518193	addi	x3,x3,5	  x3:0xfffffffe  x3=0x00000003
        6655000	       664	8000043c	00df1bb3	sll	x23,x30,x13	 x30:0x00000000 x13:0x0000000c x23=0x00000000
        6665000	       665	80000440	ff5180e3	beq	x3,x21,80000420	  x3:0x00000003 x21:0x0000000d
        6675000	       666	80000444	3cb3c813	xori	x16,x7,971	  x7:0x0000000e x16=0x000003c5
        6685000	       667	80000448	01e4f933	and	x18,x9,x30	  x9:0x00000000 x30:0x00000000 x18=0x00000000
        6695000	       668	8000044c	4b332b93	slti	x23,x6,1203	  x6:0x00000001 x23=0x00000001
        6705000	       669	80000450	fb6a44e3	blt	x20,x22,800003f8	 x20:0x00000008 x22:0x0000000f
        6715000	       670	00000000	00000013	addi	x0,x0,0	  x0:0x00000000
        6725000	       671	800003f4	00000013	addi	x0,x0,0	  x0:0x00000000
        6735000	       672	800003f8	c5d9ad93	slti	x27,x19,-931	 x19:0x80009f84 x27=0x00000001
        6745000	       673	800003fc	0183a133	slt	x2,x7,x24	  x7:0x0000000e x24:0x00011ec0  x2=0x00000001
        6755000	       674	80000400	002a0a13	addi	x20,x20,2	 x20:0x00000008 x20=0x0000000a
        6765000	       675	80000404	00859f33	sll	x30,x11,x8	 x11:0x00000000  x8:0x00000798 x30=0x00000000
        6775000	       676	80000408	01084133	xor	x2,x16,x16	 x16:0x000003c5 x16:0x000003c5  x2=0x00000000
        6785000	       677	8000040c	00c9a8b3	slt	x17,x19,x12	 x19:0x80009f84 x12:0x00000008 x17=0x00000001
        6795000	       678	80000410	ffe00193	addi	x3,x0,-2	  x0:0x00000000  x3=0xfffffffe
        6805000	       679	80000414	00000013	addi	x0,x0,0	  x0:0x00000000
        6815000	       680	80000418	00d00a93	addi	x21,x0,13	  x0:0x00000000 x21=0x0000000d
        6825000	       681	8000041c	3c142013	slti	x0,x8,961	  x8:0x00000798
        6835000	       682	80000420	00eff633	and	x12,x31,x14	 x31:0x0000000e x14:0xf80009f8 x12=0x00000008
        6845000	       683	80000424	6f914e93	xori	x29,x2,1785	  x2:0x00000000 x29=0x000006f9
        6855000	       684	80000428	00b044b3	xor	x9,x0,x11	  x0:0x00000000 x11:0x00000000  x9=0x00000000
        6865000	       685	8000042c	00d19793	slli	x15,x3,0xd	  x3:0xfffffffe x15=0xffffc000
        6875000	       686	80000430	40c0d593	srai	x11,x1,0xc	  x1:0x00000000 x11=0x00000000
        6885000	       687	80000434	4139d733	sra	x14,x19,x19	 x19:0x80009f84 x19:0x80009f84 x14=0xf80009f8
        6895000	       688	80000438	00518193	addi	x3,x3,5	  x3:0xfffffffe  x3=0x00000003
        6905000	       689	8000043c	00df1bb3	sll	x23,x30,x13	 x30:0x00000000 x13:0x0000000c x23=0x00000000
        6915000	       690	80000440	ff5180e3	beq	x3,x21,80000420	  x3:0x00000003 x21:0x0000000d
        6925000	       691	80000444	3cb3c813	xori	x16,x7,971	  x7:0x0000000e x16=0x000003c5
        6935000	       692	80000448	01e4f933	and	x18,x9,x30	  x9:0x00000000 x30:0x00000000 x18=0x00000000
        6945000	       693	8000044c	4b332b93	slti	x23,x6,1203	  x6:0x00000001 x23=0x00000001
        6955000	       694	80000450	fb6a44e3	blt	x20,x22,800003f8	 x20:0x0000000a x22:0x0000000f
        6965000	       695	00000000	00000013	addi	x0,x0,0	  x0:0x00000000
        6975000	       696	800003f4	00000013	addi	x0,x0,0	  x0:0x00000000
        6985000	       697	800003f8	c5d9ad93	slti	x27,x19,-931	 x19:0x80009f84 x27=0x00000001
        6995000	       698	800003fc	0183a133	slt	x2,x7,x24	  x7:0x0000000e x24:0x00011ec0  x2=0x00000001
        7005000	       699	80000400	002a0a13	addi	x20,x20,2	 x20:0x0000000a x20=0x0000000c
        7015000	       700	80000404	00859f33	sll	x30,x11,x8	 x11:0x00000000  x8:0x00000798 x30=0x00000000
        7025000	       701	80000408	01084133	xor	x2,x16,x16	 x16:0x000003c5 x16:0x000003c5  x2=0x00000000
        7035000	       702	8000040c	00c9a8b3	slt	x17,x19,x12	 x19:0x80009f84 x12:0x00000008 x17=0x00000001
        7045000	       703	80000410	ffe00193	addi	x3,x0,-2	  x0:0x00000000  x3=0xfffffffe
        7055000	       704	80000414	00000013	addi	x0,x0,0	  x0:0x00000000
        7065000	       705	80000418	00d00a93	addi	x21,x0,13	  x0:0x00000000 x21=0x0000000d
        7075000	       706	8000041c	3c142013	slti	x0,x8,961	  x8:0x00000798
        7085000	       707	80000420	00eff633	and	x12,x31,x14	 x31:0x0000000e x14:0xf80009f8 x12=0x00000008
        7095000	       708	80000424	6f914e93	xori	x29,x2,1785	  x2:0x00000000 x29=0x000006f9
        7105000	       709	80000428	00b044b3	xor	x9,x0,x11	  x0:0x00000000 x11:0x00000000  x9=0x00000000
        7115000	       710	8000042c	00d19793	slli	x15,x3,0xd	  x3:0xfffffffe x15=0xffffc000
        7125000	       711	80000430	40c0d593	srai	x11,x1,0xc	  x1:0x00000000 x11=0x00000000
        7135000	       712	80000434	4139d733	sra	x14,x19,x19	 x19:0x80009f84 x19:0x80009f84 x14=0xf80009f8
        7145000	       713	80000438	00518193	addi	x3,x3,5	  x3:0xfffffffe  x3=0x00000003
        7155000	       714	8000043c	00df1bb3	sll	x23,x30,x13	 x30:0x00000000 x13:0x0000000c x23=0x00000000
        7165000	       715	80000440	ff5180e3	beq	x3,x21,80000420	  x3:0x00000003 x21:0x0000000d
        7175000	       716	80000444	3cb3c813	xori	x16,x7,971	  x7:0x0000000e x16=0x000003c5
        7185000	       717	80000448	01e4f933	and	x18,x9,x30	  x9:0x00000000 x30:0x00000000 x18=0x00000000
        7195000	       718	8000044c	4b332b93	slti	x23,x6,1203	  x6:0x00000001 x23=0x00000001
        7205000	       719	80000450	fb6a44e3	blt	x20,x22,800003f8	 x20:0x0000000c x22:0x0000000f
        7215000	       720	00000000	00000013	addi	x0,x0,0	  x0:0x00000000
        7225000	       721	800003f4	00000013	addi	x0,x0,0	  x0:0x00000000
        7235000	       722	800003f8	c5d9ad93	slti	x27,x19,-931	 x19:0x80009f84 x27=0x00000001
        7245000	       723	800003fc	0183a133	slt	x2,x7,x24	  x7:0x0000000e x24:0x00011ec0  x2=0x00000001
        7255000	       724	80000400	002a0a13	addi	x20,x20,2	 x20:0x0000000c x20=0x0000000e
        7265000	       725	80000404	00859f33	sll	x30,x11,x8	 x11:0x00000000  x8:0x00000798 x30=0x00000000
        7275000	       726	80000408	01084133	xor	x2,x16,x16	 x16:0x000003c5 x16:0x000003c5  x2=0x00000000
        7285000	       727	8000040c	00c9a8b3	slt	x17,x19,x12	 x19:0x80009f84 x12:0x00000008 x17=0x00000001
        7295000	       728	80000410	ffe00193	addi	x3,x0,-2	  x0:0x00000000  x3=0xfffffffe
        7305000	       729	80000414	00000013	addi	x0,x0,0	  x0:0x00000000
        7315000	       730	80000418	00d00a93	addi	x21,x0,13	  x0:0x00000000 x21=0x0000000d
        7325000	       731	8000041c	3c142013	slti	x0,x8,961	  x8:0x00000798
        7335000	       732	80000420	00eff633	and	x12,x31,x14	 x31:0x0000000e x14:0xf80009f8 x12=0x00000008
        7345000	       733	80000424	6f914e93	xori	x29,x2,1785	  x2:0x00000000 x29=0x000006f9
        7355000	       734	80000428	00b044b3	xor	x9,x0,x11	  x0:0x00000000 x11:0x00000000  x9=0x00000000
        7365000	       735	8000042c	00d19793	slli	x15,x3,0xd	  x3:0xfffffffe x15=0xffffc000
        7375000	       736	80000430	40c0d593	srai	x11,x1,0xc	  x1:0x00000000 x11=0x00000000
        7385000	       737	80000434	4139d733	sra	x14,x19,x19	 x19:0x80009f84 x19:0x80009f84 x14=0xf80009f8
        7395000	       738	80000438	00518193	addi	x3,x3,5	  x3:0xfffffffe  x3=0x00000003
        7405000	       739	8000043c	00df1bb3	sll	x23,x30,x13	 x30:0x00000000 x13:0x0000000c x23=0x00000000
        7415000	       740	80000440	ff5180e3	beq	x3,x21,80000420	  x3:0x00000003 x21:0x0000000d
        7425000	       741	80000444	3cb3c813	xori	x16,x7,971	  x7:0x0000000e x16=0x000003c5
        7435000	       742	80000448	01e4f933	and	x18,x9,x30	  x9:0x00000000 x30:0x00000000 x18=0x00000000
        7445000	       743	8000044c	4b332b93	slti	x23,x6,1203	  x6:0x00000001 x23=0x00000001
        7455000	       744	80000450	fb6a44e3	blt	x20,x22,800003f8	 x20:0x0000000e x22:0x0000000f
        7465000	       745	00000000	00000013	addi	x0,x0,0	  x0:0x00000000
        7475000	       746	800003f4	00000013	addi	x0,x0,0	  x0:0x00000000
        7485000	       747	800003f8	c5d9ad93	slti	x27,x19,-931	 x19:0x80009f84 x27=0x00000001
        7495000	       748	800003fc	0183a133	slt	x2,x7,x24	  x7:0x0000000e x24:0x00011ec0  x2=0x00000001
        7505000	       749	80000400	002a0a13	addi	x20,x20,2	 x20:0x0000000e x20=0x00000010
        7515000	       750	80000404	00859f33	sll	x30,x11,x8	 x11:0x00000000  x8:0x00000798 x30=0x00000000
        7525000	       751	80000408	01084133	xor	x2,x16,x16	 x16:0x000003c5 x16:0x000003c5  x2=0x00000000
        7535000	       752	8000040c	00c9a8b3	slt	x17,x19,x12	 x19:0x80009f84 x12:0x00000008 x17=0x00000001
        7545000	       753	80000410	ffe00193	addi	x3,x0,-2	  x0:0x00000000  x3=0xfffffffe
        7555000	       754	80000414	00000013	addi	x0,x0,0	  x0:0x00000000
        7565000	       755	80000418	00d00a93	addi	x21,x0,13	  x0:0x00000000 x21=0x0000000d
        7575000	       756	8000041c	3c142013	slti	x0,x8,961	  x8:0x00000798
        7585000	       757	80000420	00eff633	and	x12,x31,x14	 x31:0x0000000e x14:0xf80009f8 x12=0x00000008
        7595000	       758	80000424	6f914e93	xori	x29,x2,1785	  x2:0x00000000 x29=0x000006f9
        7605000	       759	80000428	00b044b3	xor	x9,x0,x11	  x0:0x00000000 x11:0x00000000  x9=0x00000000
        7615000	       760	8000042c	00d19793	slli	x15,x3,0xd	  x3:0xfffffffe x15=0xffffc000
        7625000	       761	80000430	40c0d593	srai	x11,x1,0xc	  x1:0x00000000 x11=0x00000000
        7635000	       762	80000434	4139d733	sra	x14,x19,x19	 x19:0x80009f84 x19:0x80009f84 x14=0xf80009f8
        7645000	       763	80000438	00518193	addi	x3,x3,5	  x3:0xfffffffe  x3=0x00000003
        7655000	       764	8000043c	00df1bb3	sll	x23,x30,x13	 x30:0x00000000 x13:0x0000000c x23=0x00000000
        7665000	       765	80000440	ff5180e3	beq	x3,x21,80000420	  x3:0x00000003 x21:0x0000000d
        7675000	       766	80000444	3cb3c813	xori	x16,x7,971	  x7:0x0000000e x16=0x000003c5
        7685000	       767	80000448	01e4f933	and	x18,x9,x30	  x9:0x00000000 x30:0x00000000 x18=0x00000000
        7695000	       768	8000044c	4b332b93	slti	x23,x6,1203	  x6:0x00000001 x23=0x00000001
        7705000	       769	80000450	fb6a44e3	blt	x20,x22,800003f8	 x20:0x00000010 x22:0x0000000f
        7715000	       770	80000454	009e94b3	sll	x9,x29,x9	 x29:0x000006f9  x9:0x00000000  x9=0x000006f9
        7725000	       771	80000458	00a00d13	addi	x26,x0,10	  x0:0x00000000 x26=0x0000000a
        7735000	       772	8000045c	0184b633	sltu	x12,x9,x24	  x9:0x000006f9 x24:0x00011ec0 x12=0x00000001
        7745000	       773	80000460	0134fb33	and	x22,x9,x19	  x9:0x000006f9 x19:0x80009f84 x22=0x00000680
        7755000	       774	80000464	00a00393	addi	x7,x0,10	  x0:0x00000000  x7=0x0000000a
        7765000	       775	80000468	017d8933	add	x18,x27,x23	 x27:0x00000001 x23:0x00000001 x18=0x00000002
        7775000	       776	8000046c	285cfe13	andi	x28,x25,645	 x25:0xfffffff0 x28=0x00000280
        7785000	       777	80000470	404d0133	sub	x2,x26,x4	 x26:0x0000000a  x4:0x00000002  x2=0x00000008
        7795000	       778	80000474	ff7d0d13	addi	x26,x26,-9	 x26:0x0000000a x26=0x00000001
        7805000	       779	80000478	fe7d7ae3	bgeu	x26,x7,8000046c	 x26:0x00000001  x7:0x0000000a
        7815000	       780	8000047c	007a5ab3	srl	x21,x20,x7	 x20:0x00000010  x7:0x0000000a x21=0x00000000
        7825000	       781	80000480	00700e13	addi	x28,x0,7	  x0:0x00000000 x28=0x00000007
        7835000	       782	80000484	687d4813	xori	x16,x26,1671	 x26:0x00000001 x16=0x00000686
        7845000	       783	80000488	016938b3	sltu	x17,x18,x22	 x18:0x00000002 x22:0x00000680 x17=0x00000001
        7855000	       784	8000048c	00d00793	addi	x15,x0,13	  x0:0x00000000 x15=0x0000000d
        7865000	       785	80000490	411e0bb3	sub	x23,x28,x17	 x28:0x00000007 x17:0x00000001 x23=0x00000006
        7875000	       786	80000494	01d33333	sltu	x6,x6,x29	  x6:0x00000001 x29:0x000006f9  x6=0x00000001
        7885000	       787	80000498	001e0e13	addi	x28,x28,1	 x28:0x00000007 x28=0x00000008
        7895000	       788	8000049c	c6012017	auipc	x0,0xc6012	
        7905000	       789	800004a0	004fdd93	srli	x27,x31,0x4	 x31:0x0000000e x27=0x00000000
        7915000	       790	800004a4	01365413	srli	x8,x12,0x13	 x12:0x00000001  x8=0x00000000
        7925000	       791	800004a8	01038d33	add	x26,x7,x16	  x7:0x0000000a x16:0x00000686 x26=0x00000690
        7935000	       792	800004ac	fefe64e3	bltu	x28,x15,80000494	 x28:0x00000008 x15:0x0000000d
        7945000	       793	00000000	00000013	addi	x0,x0,0	  x0:0x00000000
        7955000	       794	80000490	00000013	addi	x0,x0,0	  x0:0x00000000
        7965000	       795	80000494	01d33333	sltu	x6,x6,x29	  x6:0x00000001 x29:0x000006f9  x6=0x00000001
        7975000	       796	80000498	001e0e13	addi	x28,x28,1	 x28:0x00000008 x28=0x00000009
        7985000	       797	8000049c	c6012017	auipc	x0,0xc6012	
        7995000	       798	800004a0	004fdd93	srli	x27,x31,0x4	 x31:0x0000000e x27=0x00000000
        8005000	       799	800004a4	01365413	srli	x8,x12,0x13	 x12:0x00000001  x8=0x00000000
        8015000	       800	800004a8	01038d33	add	x26,x7,x16	  x7:0x0000000a x16:0x00000686 x26=0x00000690
        8025000	       801	800004ac	fefe64e3	bltu	x28,x15,80000494	 x28:0x00000009 x15:0x0000000d
        8035000	       802	00000000	00000013	addi	x0,x0,0	  x0:0x00000000
        8045000	       803	80000490	00000013	addi	x0,x0,0	  x0:0x00000000
        8055000	       804	80000494	01d33333	sltu	x6,x6,x29	  x6:0x00000001 x29:0x000006f9  x6=0x00000001
        8065000	       805	80000498	001e0e13	addi	x28,x28,1	 x28:0x00000009 x28=0x0000000a
        8075000	       806	8000049c	c6012017	auipc	x0,0xc6012	
        8085000	       807	800004a0	004fdd93	srli	x27,x31,0x4	 x31:0x0000000e x27=0x00000000
        8095000	       808	800004a4	01365413	srli	x8,x12,0x13	 x12:0x00000001  x8=0x00000000
        8105000	       809	800004a8	01038d33	add	x26,x7,x16	  x7:0x0000000a x16:0x00000686 x26=0x00000690
        8115000	       810	800004ac	fefe64e3	bltu	x28,x15,80000494	 x28:0x0000000a x15:0x0000000d
        8125000	       811	00000000	00000013	addi	x0,x0,0	  x0:0x00000000
        8135000	       812	80000490	00000013	addi	x0,x0,0	  x0:0x00000000
        8145000	       813	80000494	01d33333	sltu	x6,x6,x29	  x6:0x00000001 x29:0x000006f9  x6=0x00000001
        8155000	       814	80000498	001e0e13	addi	x28,x28,1	 x28:0x0000000a x28=0x0000000b
        8165000	       815	8000049c	c6012017	auipc	x0,0xc6012	
        8175000	       816	800004a0	004fdd93	srli	x27,x31,0x4	 x31:0x0000000e x27=0x00000000
        8185000	       817	800004a4	01365413	srli	x8,x12,0x13	 x12:0x00000001  x8=0x00000000
        8195000	       818	800004a8	01038d33	add	x26,x7,x16	  x7:0x0000000a x16:0x00000686 x26=0x00000690
        8205000	       819	800004ac	fefe64e3	bltu	x28,x15,80000494	 x28:0x0000000b x15:0x0000000d
        8215000	       820	00000000	00000013	addi	x0,x0,0	  x0:0x00000000
        8225000	       821	80000490	00000013	addi	x0,x0,0	  x0:0x00000000
        8235000	       822	80000494	01d33333	sltu	x6,x6,x29	  x6:0x00000001 x29:0x000006f9  x6=0x00000001
        8245000	       823	80000498	001e0e13	addi	x28,x28,1	 x28:0x0000000b x28=0x0000000c
        8255000	       824	8000049c	c6012017	auipc	x0,0xc6012	
        8265000	       825	800004a0	004fdd93	srli	x27,x31,0x4	 x31:0x0000000e x27=0x00000000
        8275000	       826	800004a4	01365413	srli	x8,x12,0x13	 x12:0x00000001  x8=0x00000000
        8285000	       827	800004a8	01038d33	add	x26,x7,x16	  x7:0x0000000a x16:0x00000686 x26=0x00000690
        8295000	       828	800004ac	fefe64e3	bltu	x28,x15,80000494	 x28:0x0000000c x15:0x0000000d
        8305000	       829	00000000	00000013	addi	x0,x0,0	  x0:0x00000000
        8315000	       830	80000490	00000013	addi	x0,x0,0	  x0:0x00000000
        8325000	       831	80000494	01d33333	sltu	x6,x6,x29	  x6:0x00000001 x29:0x000006f9  x6=0x00000001
        8335000	       832	80000498	001e0e13	addi	x28,x28,1	 x28:0x0000000c x28=0x0000000d
        8345000	       833	8000049c	c6012017	auipc	x0,0xc6012	
        8355000	       834	800004a0	004fdd93	srli	x27,x31,0x4	 x31:0x0000000e x27=0x00000000
        8365000	       835	800004a4	01365413	srli	x8,x12,0x13	 x12:0x00000001  x8=0x00000000
        8375000	       836	800004a8	01038d33	add	x26,x7,x16	  x7:0x0000000a x16:0x00000686 x26=0x00000690
        8385000	       837	800004ac	fefe64e3	bltu	x28,x15,80000494	 x28:0x0000000d x15:0x0000000d
        8395000	       838	800004b0	00814db3	xor	x27,x2,x8	  x2:0x00000008  x8:0x00000000 x27=0x00000008
        8405000	       839	800004b4	ffe00313	addi	x6,x0,-2	  x0:0x00000000  x6=0xfffffffe
        8415000	       840	800004b8	01000d13	addi	x26,x0,16	  x0:0x00000000 x26=0x00000010
        8425000	       841	800004bc	01712133	slt	x2,x2,x23	  x2:0x00000008 x23:0x00000006  x2=0x00000000
        8435000	       842	800004c0	2e788813	addi	x16,x17,743	 x17:0x00000001 x16=0x000002e8
        8445000	       843	800004c4	bdddf813	andi	x16,x27,-1059	 x27:0x00000008 x16=0x00000008
        8455000	       844	800004c8	85810e93	addi	x29,x2,-1960	  x2:0x00000000 x29=0xfffff858
        8465000	       845	800004cc	be857197	auipc	x3,0xbe857	  x3=0x3e8574c8
        8475000	       846	800004d0	ce9c7693	andi	x13,x24,-791	 x24:0x00011ec0 x13=0x00011cc0
        8485000	       847	800004d4	62a97517	auipc	x10,0x62a97	 x10=0xe2a974d0
        8495000	       848	800004d8	017c8633	add	x12,x25,x23	 x25:0xfffffff0 x23:0x00000006 x12=0xfffffff6
        8505000	       849	800004dc	183ba693	slti	x13,x23,387	 x23:0x00000006 x13=0x00000001
        8515000	       850	800004e0	01a535b3	sltu	x11,x10,x26	 x10:0xe2a974d0 x26:0x00000010 x11=0x00000000
        8525000	       851	800004e4	00630313	addi	x6,x6,6	  x6:0xfffffffe  x6=0x00000004
        8535000	       852	800004e8	7d493e93	sltiu	x29,x18,2004	 x18:0x00000002 x29=0x00000001
        8545000	       853	800004ec	671baa13	slti	x20,x23,1649	 x23:0x00000006 x20=0x00000001
        8555000	       854	800004f0	00000013	addi	x0,x0,0	  x0:0x00000000
        8565000	       855	800004f4	f8780513	addi	x10,x16,-121	 x16:0x00000008 x10=0xffffff8f
        8575000	       856	800004f8	ffa304e3	beq	x6,x26,800004e0	  x6:0x00000004 x26:0x00000010
        8585000	       857	800004fc	018d15b3	sll	x11,x26,x24	 x26:0x00000010 x24:0x00011ec0 x11=0x00000010
        8595000	       858	80000500	fff00e93	addi	x29,x0,-1	  x0:0x00000000 x29=0xffffffff
        8605000	       859	80000504	d7d33713	sltiu	x14,x6,-643	  x6:0x00000004 x14=0x00000001
        8615000	       860	80000508	016c3c33	sltu	x24,x24,x22	 x24:0x00011ec0 x22:0x00000680 x24=0x00000000
        8625000	       861	8000050c	62a3e813	ori	x16,x7,1578	  x7:0x0000000a x16=0x0000062a
        8635000	       862	80000510	a2bcc617	auipc	x12,0xa2bcc	 x12=0x22bcc50c
        8645000	       863	80000514	01602033	slt	x0,x0,x22	  x0:0x00000000 x22:0x00000680
        8655000	       864	80000518	01032ab3	slt	x21,x6,x16	  x6:0x00000004 x16:0x0000062a x21=0x00000001
        8665000	       865	8000051c	00000013	addi	x0,x0,0	  x0:0x00000000
        8675000	       866	80000520	fec00a13	addi	x20,x0,-20	  x0:0x00000000 x20=0xffffffec
        8685000	       867	80000524	411b57b3	sra	x15,x22,x17	 x22:0x00000680 x17:0x00000001 x15=0x00000340
        8695000	       868	80000528	2f604f13	xori	x30,x0,758	  x0:0x00000000 x30=0x000002f6
        8705000	       869	8000052c	01e0c5b3	xor	x11,x1,x30	  x1:0x00000000 x30:0x000002f6 x11=0x000002f6
        8715000	       870	80000530	40105693	srai	x13,x0,0x1	  x0:0x00000000 x13=0x00000000
        8725000	       871	80000534	ff8e8e93	addi	x29,x29,-8	 x29:0xffffffff x29=0xfffffff7
        8735000	       872	80000538	ff4edae3	bge	x29,x20,8000052c	 x29:0xfffffff7 x20:0xffffffec
        8745000	       873	00000000	00000013	addi	x0,x0,0	  x0:0x00000000
        8755000	       874	80000528	00000013	addi	x0,x0,0	  x0:0x00000000
        8765000	       875	8000052c	01e0c5b3	xor	x11,x1,x30	  x1:0x00000000 x30:0x000002f6 x11=0x000002f6
        8775000	       876	80000530	40105693	srai	x13,x0,0x1	  x0:0x00000000 x13=0x00000000
        8785000	       877	80000534	ff8e8e93	addi	x29,x29,-8	 x29:0xfffffff7 x29=0xffffffef
        8795000	       878	80000538	ff4edae3	bge	x29,x20,8000052c	 x29:0xffffffef x20:0xffffffec
        8805000	       879	00000000	00000013	addi	x0,x0,0	  x0:0x00000000
        8815000	       880	80000528	00000013	addi	x0,x0,0	  x0:0x00000000
        8825000	       881	8000052c	01e0c5b3	xor	x11,x1,x30	  x1:0x00000000 x30:0x000002f6 x11=0x000002f6
        8835000	       882	80000530	40105693	srai	x13,x0,0x1	  x0:0x00000000 x13=0x00000000
        8845000	       883	80000534	ff8e8e93	addi	x29,x29,-8	 x29:0xffffffef x29=0xffffffe7
        8855000	       884	80000538	ff4edae3	bge	x29,x20,8000052c	 x29:0xffffffe7 x20:0xffffffec
        8865000	       885	8000053c	ec7cfb13	andi	x22,x25,-313	 x25:0xfffffff0 x22=0xfffffec0
        8875000	       886	80000540	ffc00493	addi	x9,x0,-4	  x0:0x00000000  x9=0xfffffffc
        8885000	       887	80000544	32887a17	auipc	x20,0x32887	 x20=0xb2887540
        8895000	       888	80000548	00a48cb3	add	x25,x9,x10	  x9:0xfffffffc x10:0xffffff8f x25=0xffffff8b
        8905000	       889	8000054c	0168b433	sltu	x8,x17,x22	 x17:0x00000001 x22:0xfffffec0  x8=0x00000001
        8915000	       890	80000550	010e28b3	slt	x17,x28,x16	 x28:0x0000000d x16:0x0000062a x17=0x00000001
        8925000	       891	80000554	00182eb3	slt	x29,x16,x1	 x16:0x0000062a  x1:0x00000000 x29=0x00000000
        8935000	       892	80000558	40038433	sub	x8,x7,x0	  x7:0x0000000a  x0:0x00000000  x8=0x0000000a
        8945000	       893	8000055c	00b00b13	addi	x22,x0,11	  x0:0x00000000 x22=0x0000000b
        8955000	       894	80000560	01eb5433	srl	x8,x22,x30	 x22:0x0000000b x30:0x000002f6  x8=0x00000000
        8965000	       895	80000564	01edbcb3	sltu	x25,x27,x30	 x27:0x00000008 x30:0x000002f6 x25=0x00000001
        8975000	       896	80000568	e5804b93	xori	x23,x0,-424	  x0:0x00000000 x23=0xfffffe58
        8985000	       897	8000056c	00948493	addi	x9,x9,9	  x9:0xfffffffc  x9=0x00000005
        8995000	       898	80000570	00984533	xor	x10,x16,x9	 x16:0x0000062a  x9:0x00000005 x10=0x0000062f
        9005000	       899	80000574	01b4c7b3	xor	x15,x9,x27	  x9:0x00000005 x27:0x00000008 x15=0x0000000d
        9015000	       900	80000578	f9f1ad93	slti	x27,x3,-97	  x3:0x3e8574c8 x27=0x00000000
        9025000	       901	8000057c	41058a33	sub	x20,x11,x16	 x11:0x000002f6 x16:0x0000062a x20=0xfffffccc
        9035000	       902	80000580	0078ad33	slt	x26,x17,x7	 x17:0x00000001  x7:0x0000000a x26=0x00000001
        9045000	       903	80000584	d21bf013	andi	x0,x23,-735	 x23:0xfffffe58
        9055000	       904	80000588	41d3d313	srai	x6,x7,0x1d	  x7:0x0000000a  x6=0x00000000
        9065000	       905	8000058c	935dc393	xori	x7,x27,-1739	 x27:0x00000000  x7=0xfffff935
        9075000	       906	80000590	005eac33	slt	x24,x29,x5	 x29:0x00000000  x5:0x80009fc4 x24=0x00000000
        9085000	       907	80000594	894dc113	xori	x2,x27,-1900	 x27:0x00000000  x2=0xfffff894
        9095000	       908	80000598	fd64e8e3	bltu	x9,x22,80000568	  x9:0x00000005 x22:0x0000000b
        9105000	       909	00000000	00000013	addi	x0,x0,0	  x0:0x00000000
        9115000	       910	80000564	00000013	addi	x0,x0,0	  x0:0x00000000
        9125000	       911	80000568	e5804b93	xori	x23,x0,-424	  x0:0x00000000 x23=0xfffffe58
        9135000	       912	8000056c	00948493	addi	x9,x9,9	  x9:0x00000005  x9=0x0000000e
        9145000	       913	80000570	00984533	xor	x10,x16,x9	 x16:0x0000062a  x9:0x0000000e x10=0x00000624
        9155000	       914	80000574	01b4c7b3	xor	x15,x9,x27	  x9:0x0000000e x27:0x00000000 x15=0x0000000e
        9165000	       915	80000578	f9f1ad93	slti	x27,x3,-97	  x3:0x3e8574c8 x27=0x00000000
        9175000	       916	8000057c	41058a33	sub	x20,x11,x16	 x11:0x000002f6 x16:0x0000062a x20=0xfffffccc
        9185000	       917	80000580	0078ad33	slt	x26,x17,x7	 x17:0x00000001  x7:0xfffff935 x26=0x00000000
        9195000	       918	80000584	d21bf013	andi	x0,x23,-735	 x23:0xfffffe58
        9205000	       919	80000588	41d3d313	srai	x6,x7,0x1d	  x7:0xfffff935  x6=0xffffffff
        9215000	       920	8000058c	935dc393	xori	x7,x27,-1739	 x27:0x00000000  x7=0xfffff935
        9225000	       921	80000590	005eac33	slt	x24,x29,x5	 x29:0x00000000  x5:0x80009fc4 x24=0x00000000
        9235000	       922	80000594	894dc113	xori	x2,x27,-1900	 x27:0x00000000  x2=0xfffff894
        9245000	       923	80000598	fd64e8e3	bltu	x9,x22,80000568	  x9:0x0000000e x22:0x0000000b
        9255000	       924	8000059c	01630933	add	x18,x6,x22	  x6:0xffffffff x22:0x0000000b x18=0x0000000a
        9265000	       925	800005a0	00700893	addi	x17,x0,7	  x0:0x00000000 x17=0x00000007
        9275000	       926	800005a4	00711d33	sll	x26,x2,x7	  x2:0xfffff894  x7:0xfffff935 x26=0x12800000
        9285000	       927	800005a8	01f7a533	slt	x10,x15,x31	 x15:0x0000000e x31:0x0000000e x10=0x00000000
        9295000	       928	800005ac	005d5733	srl	x14,x26,x5	 x26:0x12800000  x5:0x80009fc4 x14=0x01280000
        9305000	       929	800005b0	41d20c33	sub	x24,x4,x29	  x4:0x00000002 x29:0x00000000 x24=0x00000002
        9315000	       930	800005b4	00700593	addi	x11,x0,7	  x0:0x00000000 x11=0x00000007
        9325000	       931	800005b8	c792c213	xori	x4,x5,-903	  x5:0x80009fc4  x4=0x7fff63bd
        9335000	       932	800005bc	38596637	lui	x12,0x38596	 x12=0x38596000
        9345000	       933	800005c0	ae2b8e17	auipc	x28,0xae2b8	 x28=0x2e2b85bc
        9355000	       934	800005c4	00000013	addi	x0,x0,0	  x0:0x00000000
        9365000	       935	800005c8	40125c33	sra	x24,x4,x1	  x4:0x7fff63bd  x1:0x00000000 x24=0x7fff63bd
        9375000	       936	800005cc	ffb88893	addi	x17,x17,-5	 x17:0x00000007 x17=0x00000002
        9385000	       937	800005d0	a24e6913	ori	x18,x28,-1500	 x28:0x2e2b85bc x18=0xffffffbc
        9395000	       938	800005d4	01fc5533	srl	x10,x24,x31	 x24:0x7fff63bd x31:0x0000000e x10=0x0001fffd
        9405000	       939	800005d8	01cb8b33	add	x22,x23,x28	 x23:0xfffffe58 x28:0x2e2b85bc x22=0x2e2b8414
        9415000	       940	800005dc	41070f33	sub	x30,x14,x16	 x14:0x01280000 x16:0x0000062a x30=0x0127f9d6
        9425000	       941	800005e0	01145db3	srl	x27,x8,x17	  x8:0x00000000 x17:0x00000002 x27=0x00000000
        9435000	       942	800005e4	61703693	sltiu	x13,x0,1559	  x0:0x00000000 x13=0x00000001
        9445000	       943	800005e8	00f5de13	srli	x28,x11,0xf	 x11:0x00000007 x28=0x00000000
        9455000	       944	800005ec	49ec6d93	ori	x27,x24,1182	 x24:0x7fff63bd x27=0x7fff67bf
        9465000	       945	800005f0	00ded513	srli	x10,x29,0xd	 x29:0x00000000 x10=0x00000000
        9475000	       946	800005f4	40a2db33	sra	x22,x5,x10	  x5:0x80009fc4 x10:0x00000000 x22=0x80009fc4
        9485000	       947	800005f8	006be3b3	or	x7,x23,x6	 x23:0xfffffe58  x6:0xffffffff  x7=0xffffffff
        9495000	       948	800005fc	00b9f7b3	and	x15,x19,x11	 x19:0x80009f84 x11:0x00000007 x15=0x00000004
        9505000	       949	80000600	00000013	addi	x0,x0,0	  x0:0x00000000
        9515000	       950	80000604	0149d933	srl	x18,x19,x20	 x19:0x80009f84 x20:0xfffffccc x18=0x00080009
        9525000	       951	80000608	fab8fee3	bgeu	x17,x11,800005c4	 x17:0x00000002 x11:0x00000007
        9535000	       952	8000060c	021e4013	xori	x0,x28,33	 x28:0x00000000
        9545000	       953	80000610	00600e13	addi	x28,x0,6	  x0:0x00000000 x28=0x00000006
        9555000	       954	80000614	40a557b3	sra	x15,x10,x10	 x10:0x00000000 x10:0x00000000 x15=0x00000000
        9565000	       955	80000618	00a00393	addi	x7,x0,10	  x0:0x00000000  x7=0x0000000a
        9575000	       956	8000061c	01585093	srli	x1,x16,0x15	 x16:0x0000062a  x1=0x00000000
        9585000	       957	80000620	71b0fd93	andi	x27,x1,1819	  x1:0x00000000 x27=0x00000000
        9595000	       958	80000624	005e0e13	addi	x28,x28,5	 x28:0x00000006 x28=0x0000000b
        9605000	       959	80000628	fe7e6ce3	bltu	x28,x7,80000620	 x28:0x0000000b  x7:0x0000000a
        9615000	       960	8000062c	00000013	addi	x0,x0,0	  x0:0x00000000
        9625000	       961	80000630	00600e13	addi	x28,x0,6	  x0:0x00000000 x28=0x00000006
        9635000	       962	80000634	62cd6713	ori	x14,x26,1580	 x26:0x12800000 x14=0x1280062c
        9645000	       963	80000638	00302f33	slt	x30,x0,x3	  x0:0x00000000  x3:0x3e8574c8 x30=0x00000001
        9655000	       964	8000063c	0137fc33	and	x24,x15,x19	 x15:0x00000000 x19:0x80009f84 x24=0x00000000
        9665000	       965	80000640	00000013	addi	x0,x0,0	  x0:0x00000000
        9675000	       966	80000644	232d0413	addi	x8,x26,562	 x26:0x12800000  x8=0x12800232
        9685000	       967	80000648	ffa00a13	addi	x20,x0,-6	  x0:0x00000000 x20=0xfffffffa
        9695000	       968	8000064c	3a4d3d37	lui	x26,0x3a4d3	 x26=0x3a4d3000
        9705000	       969	80000650	40c686b3	sub	x13,x13,x12	 x13:0x00000001 x12:0x38596000 x13=0xc7a6a001
        9715000	       970	80000654	0161cd33	xor	x26,x3,x22	  x3:0x3e8574c8 x22:0x80009fc4 x26=0xbe85eb0c
        9725000	       971	80000658	00000013	addi	x0,x0,0	  x0:0x00000000
        9735000	       972	8000065c	011e7933	and	x18,x28,x17	 x28:0x00000006 x17:0x00000002 x18=0x00000002
        9745000	       973	80000660	f3374193	xori	x3,x14,-205	 x14:0x1280062c  x3=0xed7ff91f
        9755000	       974	80000664	005373b3	and	x7,x6,x5	  x6:0xffffffff  x5:0x80009fc4  x7=0x80009fc4
        9765000	       975	80000668	01608bb3	add	x23,x1,x22	  x1:0x00000000 x22:0x80009fc4 x23=0x80009fc4
        9775000	       976	8000066c	4a75f3b7	lui	x7,0x4a75f	  x7=0x4a75f000
        9785000	       977	80000670	d4dac193	xori	x3,x21,-691	 x21:0x00000001  x3=0xfffffd4c
        9795000	       978	80000674	3ee5c693	xori	x13,x11,1006	 x11:0x00000007 x13=0x000003e9
        9805000	       979	80000678	ff6e0e13	addi	x28,x28,-10	 x28:0x00000006 x28=0xfffffffc
        9815000	       980	8000067c	0a048397	auipc	x7,0xa048	  x7=0x8a048678
        9825000	       981	80000680	0021f3b3	and	x7,x3,x2	  x3:0xfffffd4c  x2:0xfffff894  x7=0xfffff804
        9835000	       982	80000684	75f5f713	andi	x14,x11,1887	 x11:0x00000007 x14=0x00000007
        9845000	       983	80000688	9c187493	andi	x9,x16,-1599	 x16:0x0000062a  x9=0x00000000
        9855000	       984	8000068c	00d25313	srli	x6,x4,0xd	  x4:0x7fff63bd  x6=0x0003fffb
        9865000	       985	80000690	004918b3	sll	x17,x18,x4	 x18:0x00000002  x4:0x7fff63bd x17=0x40000000
        9875000	       986	80000694	002ef1b3	and	x3,x29,x2	 x29:0x00000000  x2:0xfffff894  x3=0x00000000
        9885000	       987	80000698	3dcca493	slti	x9,x25,988	 x25:0x00000001  x9=0x00000001
        9895000	       988	8000069c	fd4e52e3	bge	x28,x20,80000660	 x28:0xfffffffc x20:0xfffffffa
        9905000	       989	00000000	00000013	addi	x0,x0,0	  x0:0x00000000
        9915000	       990	8000065c	00000013	addi	x0,x0,0	  x0:0x00000000
        9925000	       991	80000660	f3374193	xori	x3,x14,-205	 x14:0x00000007  x3=0xffffff34
        9935000	       992	80000664	005373b3	and	x7,x6,x5	  x6:0x0003fffb  x5:0x80009fc4  x7=0x00009fc0
        9945000	       993	80000668	01608bb3	add	x23,x1,x22	  x1:0x00000000 x22:0x80009fc4 x23=0x80009fc4
        9955000	       994	8000066c	4a75f3b7	lui	x7,0x4a75f	  x7=0x4a75f000
        9965000	       995	80000670	d4dac193	xori	x3,x21,-691	 x21:0x00000001  x3=0xfffffd4c
        9975000	       996	80000674	3ee5c693	xori	x13,x11,1006	 x11:0x00000007 x13=0x000003e9
        9985000	       997	80000678	ff6e0e13	addi	x28,x28,-10	 x28:0xfffffffc x28=0xfffffff2
        9995000	       998	8000067c	0a048397	auipc	x7,0xa048	  x7=0x8a048678
       10005000	       999	80000680	0021f3b3	and	x7,x3,x2	  x3:0xfffffd4c  x2:0xfffff894  x7=0xfffff804
       10015000	      1000	80000684	75f5f713	andi	x14,x11,1887	 x11:0x00000007 x14=0x00000007
       10025000	      1001	80000688	9c187493	andi	x9,x16,-1599	 x16:0x0000062a  x9=0x00000000
       10035000	      1002	8000068c	00d25313	srli	x6,x4,0xd	  x4:0x7fff63bd  x6=0x0003fffb
       10045000	      1003	80000690	004918b3	sll	x17,x18,x4	 x18:0x00000002  x4:0x7fff63bd x17=0x40000000
       10055000	      1004	80000694	002ef1b3	and	x3,x29,x2	 x29:0x00000000  x2:0xfffff894  x3=0x00000000
       10065000	      1005	80000698	3dcca493	slti	x9,x25,988	 x25:0x00000001  x9=0x00000001
       10075000	      1006	8000069c	fd4e52e3	bge	x28,x20,80000660	 x28:0xfffffff2 x20:0xfffffffa
       10085000	      1007	800006a0	00000013	addi	x0,x0,0	  x0:0x00000000
       10095000	      1008	800006a4	ff800a13	addi	x20,x0,-8	  x0:0x00000000 x20=0xfffffff8
       10105000	      1009	800006a8	00300a93	addi	x21,x0,3	  x0:0x00000000 x21=0x00000003
       10115000	      1010	800006ac	016d53b3	srl	x7,x26,x22	 x26:0xbe85eb0c x22:0x80009fc4  x7=0x0be85eb0
       10125000	      1011	800006b0	d5c3ee13	ori	x28,x7,-676	  x7:0x0be85eb0 x28=0xfffffffc
       10135000	      1012	800006b4	002a0a13	addi	x20,x20,2	 x20:0xfffffff8 x20=0xfffffffa
       10145000	      1013	800006b8	01481633	sll	x12,x16,x20	 x16:0x0000062a x20:0xfffffffa x12=0xa8000000
       10155000	      1014	800006bc	00400813	addi	x16,x0,4	  x0:0x00000000 x16=0x00000004
       10165000	      1015	800006c0	95246413	ori	x8,x8,-1710	  x8:0x12800232  x8=0xfffffb72
       10175000	      1016	800006c4	f1fa7e13	andi	x28,x20,-225	 x20:0xfffffffa x28=0xffffff1a
       10185000	      1017	800006c8	00800893	addi	x17,x0,8	  x0:0x00000000 x17=0x00000008
       10195000	      1018	800006cc	4066d693	srai	x13,x13,0x6	 x13:0x000003e9 x13=0x0000000f
       10205000	      1019	800006d0	016df533	and	x10,x27,x22	 x27:0x00000000 x22:0x80009fc4 x10=0x00000000
       10215000	      1020	800006d4	01b684b3	add	x9,x13,x27	 x13:0x0000000f x27:0x00000000  x9=0x0000000f
       10225000	      1021	800006d8	40675f13	srai	x30,x14,0x6	 x14:0x00000007 x30=0x00000000
       10235000	      1022	800006dc	00780813	addi	x16,x16,7	 x16:0x00000004 x16=0x0000000b
       10245000	      1023	800006e0	ff186ae3	bltu	x16,x17,800006d4	 x16:0x0000000b x17:0x00000008
       10255000	      1024	800006e4	908e6d93	ori	x27,x28,-1784	 x28:0xffffff1a x27=0xffffff1a
       10265000	      1025	800006e8	017ddb13	srli	x22,x27,0x17	 x27:0xffffff1a x22=0x000001ff
       10275000	      1026	800006ec	00a8edb3	or	x27,x17,x10	 x17:0x00000008 x10:0x00000000 x27=0x00000008
       10285000	      1027	800006f0	fd5a60e3	bltu	x20,x21,800006b0	 x20:0xfffffffa x21:0x00000003
       10295000	      1028	800006f4	01013233	sltu	x4,x2,x16	  x2:0xfffff894 x16:0x0000000b  x4=0x00000000
       10305000	      1029	800006f8	4195d833	sra	x16,x11,x25	 x11:0x00000007 x25:0x00000001 x16=0x00000003
       10315000	      1030	800006fc	0318d663	bge	x17,x17,80000728	 x17:0x00000008 x17:0x00000008
       10325000	      1031	00000000	00000013	addi	x0,x0,0	  x0:0x00000000
       10335000	      1032	80000724	00000013	addi	x0,x0,0	  x0:0x00000000
       10345000	      1033	80000728	f7463b93	sltiu	x23,x12,-140	 x12:0xa8000000 x23=0x00000001
       10355000	      1034	8000072c	eb034113	xori	x2,x6,-336	  x6:0x0003fffb  x2=0xfffc014b
       10365000	      1035	80000730	7ad47097	auipc	x1,0x7ad47	  x1=0xfad4772c
       10375000	      1036	80000734	015e15b3	sll	x11,x28,x21	 x28:0xffffff1a x21:0x00000003 x11=0xfffff8d0
       10385000	      1037	80000738	03d20063	beq	x4,x29,80000758	  x4:0x00000000 x29:0x00000000
       10395000	      1038	00000000	00000013	addi	x0,x0,0	  x0:0x00000000
       10405000	      1039	80000754	00000013	addi	x0,x0,0	  x0:0x00000000
       10415000	      1040	80000758	01979cb3	sll	x25,x15,x25	 x15:0x00000000 x25:0x00000001 x25=0x00000000
       10425000	      1041	8000075c	05f8f863	bgeu	x17,x31,800007ac	 x17:0x00000008 x31:0x0000000e
       10435000	      1042	80000760	01a05213	srli	x4,x0,0x1a	  x0:0x00000000  x4=0x00000000
       10445000	      1043	80000764	01a77e63	bgeu	x14,x26,80000780	 x14:0x00000007 x26:0xbe85eb0c
       10455000	      1044	80000768	019148b3	xor	x17,x2,x25	  x2:0xfffc014b x25:0x00000000 x17=0xfffc014b
       10465000	      1045	8000076c	366c6a37	lui	x20,0x366c6	 x20=0x366c6000
       10475000	      1046	80000770	0250e263	bltu	x1,x5,80000794	  x1:0xfad4772c  x5:0x80009fc4
       10485000	      1047	80000774	042e7663	bgeu	x28,x2,800007c0	 x28:0xffffff1a  x2:0xfffc014b
       10495000	      1048	00000000	00000013	addi	x0,x0,0	  x0:0x00000000
       10505000	      1049	800007bc	00000013	addi	x0,x0,0	  x0:0x00000000
       10515000	      1050	800007c0	00045013	srli	x0,x8,0x0	  x8:0xfffffb72
       10525000	      1051	800007c4	00e2a3b3	slt	x7,x5,x14	  x5:0x80009fc4 x14:0x00000007  x7=0x00000001
       10535000	      1052	800007c8	caa131b7	lui	x3,0xcaa13	  x3=0xcaa13000
       10545000	      1053	800007cc	00fe45b3	xor	x11,x28,x15	 x28:0xffffff1a x15:0x00000000 x11=0xffffff1a
       10555000	      1054	800007d0	97bc3613	sltiu	x12,x24,-1669	 x24:0x00000000 x12=0x00000001
       10565000	      1055	800007d4	011bf6b3	and	x13,x23,x17	 x23:0x00000001 x17:0xfffc014b x13=0x00000001
       10575000	      1056	800007d8	012c48b3	xor	x17,x24,x18	 x24:0x00000000 x18:0x00000002 x17=0x00000002
       10585000	      1057	800007dc	007dd613	srli	x12,x27,0x7	 x27:0x00000008 x12=0x00000000
       10595000	      1058	800007e0	c2a98c93	addi	x25,x19,-982	 x19:0x80009f84 x25=0x80009bae
       10605000	      1059	800007e4	0540d863	bge	x1,x20,80000834	  x1:0xfad4772c x20:0x366c6000
       10615000	      1060	800007e8	633ee093	ori	x1,x29,1587	 x29:0x00000000  x1=0x00000633
       10625000	      1061	800007ec	035d9663	bne	x27,x21,80000818	 x27:0x00000008 x21:0x00000003
       10635000	      1062	00000000	00000013	addi	x0,x0,0	  x0:0x00000000
       10645000	      1063	80000814	00000013	addi	x0,x0,0	  x0:0x00000000
       10655000	      1064	80000818	018fca63	blt	x31,x24,8000082c	 x31:0x0000000e x24:0x00000000
       10665000	      1065	8000081c	41d08633	sub	x12,x1,x29	  x1:0x00000633 x29:0x00000000 x12=0x00000633
       10675000	      1066	80000820	4acaf037	lui	x0,0x4acaf	
       10685000	      1067	80000824	01e2e7b3	or	x15,x5,x30	  x5:0x80009fc4 x30:0x00000000 x15=0x80009fc4
       10695000	      1068	80000828	4080dc33	sra	x24,x1,x8	  x1:0x00000633  x8:0xfffffb72 x24=0x00000000
       10705000	      1069	8000082c	019dd433	srl	x8,x27,x25	 x27:0x00000008 x25:0x80009bae  x8=0x00000000
       10715000	      1070	80000830	00454c33	xor	x24,x10,x4	 x10:0x00000000  x4:0x00000000 x24=0x00000000
       10725000	      1071	80000834	00ded733	srl	x14,x29,x13	 x29:0x00000000 x13:0x00000001 x14=0x00000000
       10735000	      1072	80000838	9046af13	slti	x30,x13,-1788	 x13:0x00000001 x30=0x00000000
       10745000	      1073	8000083c	01d65f33	srl	x30,x12,x29	 x12:0x00000633 x29:0x00000000 x30=0x00000633
       10755000	      1074	80000840	00401e33	sll	x28,x0,x4	  x0:0x00000000  x4:0x00000000 x28=0x00000000
       10765000	      1075	80000844	9b46bcb7	lui	x25,0x9b46b	 x25=0x9b46b000
       10775000	      1076	80000848	0055a8b3	slt	x17,x11,x5	 x11:0xffffff1a  x5:0x80009fc4 x17=0x00000000
       10785000	      1077	8000084c	70833d97	auipc	x27,0x70833	 x27=0xf0833848
       10795000	      1078	80000850	00acb7b3	sltu	x15,x25,x10	 x25:0x9b46b000 x10:0x00000000 x15=0x00000000
       10805000	      1079	80000854	41b1d193	srai	x3,x3,0x1b	  x3:0xcaa13000  x3=0xfffffff9
       10815000	      1080	80000858	dade6913	ori	x18,x28,-595	 x28:0x00000000 x18=0xfffffdad
       10825000	      1081	8000085c	025f1263	bne	x30,x5,80000880	 x30:0x00000633  x5:0x80009fc4
       10835000	      1082	00000000	00000013	addi	x0,x0,0	  x0:0x00000000
       10845000	      1083	8000087c	00000013	addi	x0,x0,0	  x0:0x00000000
       10855000	      1084	80000880	a499ba93	sltiu	x21,x19,-1463	 x19:0x80009f84 x21=0x00000001
       10865000	      1085	80000884	0067a6b3	slt	x13,x15,x6	 x15:0x00000000  x6:0x0003fffb x13=0x00000001
       10875000	      1086	80000888	01cd3eb3	sltu	x29,x26,x28	 x26:0xbe85eb0c x28:0x00000000 x29=0x00000000
       10885000	      1087	8000088c	00fd1493	slli	x9,x26,0xf	 x26:0xbe85eb0c  x9=0xf5860000
       10895000	      1088	80000890	41c008b3	sub	x17,x0,x28	  x0:0x00000000 x28:0x00000000 x17=0x00000000
       10905000	      1089	80000894	00002217	auipc	x4,0x2	  x4=0x80002890
       10915000	      1090	80000898	1a020213	addi	x4,x4,416	  x4:0x80002890  x4=0x80002a30
       10925000	      1091	8000089c	32930e13	addi	x28,x6,809	  x6:0x0003fffb x28=0x00040324
       10935000	      1092	800008a0	006ec833	xor	x16,x29,x6	 x29:0x00000000  x6:0x0003fffb x16=0x0003fffb
       10945000	      1093	800008a4	400fdab3	sra	x21,x31,x0	 x31:0x0000000e  x0:0x00000000 x21=0x0000000e
       10955000	      1094	800008a8	07f20213	addi	x4,x4,127	  x4:0x80002a30  x4=0x80002aaf
       10965000	      1095	800008ac	01ea4463	blt	x20,x30,800008b4	 x20:0x366c6000 x30:0x00000633
       10975000	      1096	800008b0	69332393	slti	x7,x6,1683	  x6:0x0003fffb  x7=0x00000000
       10985000	      1097	800008b4	f8220267	jalr	x4,x4,-126	  x4:0x80002aaf  x4=0x800008b4
       10995000	      1098	00000000	00000013	addi	x0,x0,0	  x0:0x00000000
       11005000	      1099	80002a30	00000013	addi	x0,x0,0	  x0:0x00000000
       11015000	      1100	80002a34	017fc4b3	xor	x9,x31,x23	 x31:0x0000000e x23:0x00000001  x9=0x0000000f
       11025000	      1101	80002a38	01dd1db3	sll	x27,x26,x29	 x26:0xbe85eb0c x29:0x00000000 x27=0xbe85eb0c
       11035000	      1102	80002a3c	000e7133	and	x2,x28,x0	 x28:0x00040324  x0:0x00000000  x2=0x00000000
       11045000	      1103	80002a40	cd5bb413	sltiu	x8,x23,-811	 x23:0x00000001  x8=0x00000001
       11055000	      1104	80002a44	08e7ee13	ori	x28,x15,142	 x15:0x00000000 x28=0x0000008e
       11065000	      1105	80002a48	fcc98993	addi	x19,x19,-52	 x19:0x80009f84 x19=0x80009f50
       11075000	      1106	80002a4c	fecc7413	andi	x8,x24,-20	 x24:0x00000000  x8=0x00000000
       11085000	      1107	80002a50	0049a223	sw	x4,4(x19)	 x19:0x80009f50  x4:0x800008b4 PA:0x80009f54
       11095000	      1108	80002a54	b7f8e893	ori	x17,x17,-1153	 x17:0x00000000 x17=0xfffffb7f
       11105000	      1109	80002a58	00478933	add	x18,x15,x4	 x15:0x00000000  x4:0x800008b4 x18=0x800008b4
       11115000	      1110	80002a5c	008fd833	srl	x16,x31,x8	 x31:0x0000000e  x8:0x00000000 x16=0x0000000e
       11125000	      1111	80002a60	0565e063	bltu	x11,x22,80002aa0	 x11:0xffffff1a x22:0x000001ff
       11135000	      1112	80002a64	6aa7ed13	ori	x26,x15,1706	 x15:0x00000000 x26=0x000006aa
       11145000	      1113	80002a68	016e1cb3	sll	x25,x28,x22	 x28:0x0000008e x22:0x000001ff x25=0x00000000
       11155000	      1114	80002a6c	01eea0b3	slt	x1,x29,x30	 x29:0x00000000 x30:0x00000633  x1=0x00000001
       11165000	      1115	80002a70	00b2d593	srli	x11,x5,0xb	  x5:0x80009fc4 x11=0x00100013
       11175000	      1116	80002a74	00eae263	bltu	x21,x14,80002a78	 x21:0x0000000e x14:0x00000000
       11185000	      1117	80002a78	f2d5bf13	sltiu	x30,x11,-211	 x11:0x00100013 x30=0x00000001
       11195000	      1118	80002a7c	409986b3	sub	x13,x19,x9	 x19:0x80009f50  x9:0x0000000f x13=0x80009f41
       11205000	      1119	80002a80	3a441737	lui	x14,0x3a441	 x14=0x3a441000
       11215000	      1120	80002a84	009c3cb3	sltu	x25,x24,x9	 x24:0x00000000  x9:0x0000000f x25=0x00000001
       11225000	      1121	80002a88	8bdd3d37	lui	x26,0x8bdd3	 x26=0x8bdd3000
       11235000	      1122	80002a8c	7a06bd13	sltiu	x26,x13,1952	 x13:0x80009f41 x26=0x00000000
       11245000	      1123	80002a90	0038a4b3	slt	x9,x17,x3	 x17:0xfffffb7f  x3:0xfffffff9  x9=0x00000001
       11255000	      1124	80002a94	f8eb6893	ori	x17,x22,-114	 x22:0x000001ff x17=0xffffffff
       11265000	      1125	80002a98	015d11b3	sll	x3,x26,x21	 x26:0x00000000 x21:0x0000000e  x3=0x00000000
       11275000	      1126	80002a9c	ce015097	auipc	x1,0xce015	  x1=0x4e017a98
       11285000	      1127	80002aa0	00000013	addi	x0,x0,0	  x0:0x00000000
       11295000	      1128	80002aa4	1fe603b7	lui	x7,0x1fe60	  x7=0x1fe60000
       11305000	      1129	80002aa8	008e53b3	srl	x7,x28,x8	 x28:0x0000008e  x8:0x00000000  x7=0x0000008e
       11315000	      1130	80002aac	931b8493	addi	x9,x23,-1743	 x23:0x00000001  x9=0xfffff932
       11325000	      1131	80002ab0	013f9863	bne	x31,x19,80002ac0	 x31:0x0000000e x19:0x80009f50
       11335000	      1132	00000000	00000013	addi	x0,x0,0	  x0:0x00000000
       11345000	      1133	80002abc	00000013	addi	x0,x0,0	  x0:0x00000000
       11355000	      1134	80002ac0	012b1033	sll	x0,x22,x18	 x22:0x000001ff x18:0x800008b4
       11365000	      1135	80002ac4	6af851b7	lui	x3,0x6af85	  x3=0x6af85000
       11375000	      1136	80002ac8	0049a203	lw	x4,4(x19)	 x19:0x80009f50  x4=0x800008b4 PA:0x80009f54
       11385000	      1137	80002acc	014d7133	and	x2,x26,x20	 x26:0x00000000 x20:0x366c6000  x2=0x00000000
       11395000	      1138	80002ad0	017d8ab3	add	x21,x27,x23	 x27:0xbe85eb0c x23:0x00000001 x21=0xbe85eb0d
       11405000	      1139	80002ad4	03498993	addi	x19,x19,52	 x19:0x80009f50 x19=0x80009f84
       11415000	      1140	80002ad8	3af06a93	ori	x21,x0,943	  x0:0x00000000 x21=0x000003af
       11425000	      1141	80002adc	01daab33	slt	x22,x21,x29	 x21:0x000003af x29:0x00000000 x22=0x00000000
       11435000	      1142	80002ae0	00120b93	addi	x23,x4,1	  x4:0x800008b4 x23=0x800008b5
       11445000	      1143	80002ae4	000b8be7	jalr	x23,x23,0	 x23:0x800008b5 x23=0x80002ae4
       11455000	      1144	00000000	00000013	addi	x0,x0,0	  x0:0x00000000
       11465000	      1145	800008b4	00000013	addi	x0,x0,0	  x0:0x00000000
       11475000	      1146	800008b8	0117e533	or	x10,x15,x17	 x15:0x00000000 x17:0xffffffff x10=0xffffffff
       11485000	      1147	800008bc	41dbd813	srai	x16,x23,0x1d	 x23:0x80002ae4 x16=0xfffffffc
       11495000	      1148	800008c0	00ecdc63	bge	x25,x14,800008d8	 x25:0x00000001 x14:0x3a441000
       11505000	      1149	800008c4	05ad8263	beq	x27,x26,80000908	 x27:0xbe85eb0c x26:0x00000000
       11515000	      1150	800008c8	f22ff193	andi	x3,x31,-222	 x31:0x0000000e  x3=0x00000002
       11525000	      1151	800008cc	6d162813	slti	x16,x12,1745	 x12:0x00000633 x16=0x00000001
       11535000	      1152	800008d0	8541db37	lui	x22,0x8541d	 x22=0x8541d000
       11545000	      1153	800008d4	008ea5b3	slt	x11,x29,x8	 x29:0x00000000  x8:0x00000000 x11=0x00000000
       11555000	      1154	800008d8	01d87333	and	x6,x16,x29	 x16:0x00000001 x29:0x00000000  x6=0x00000000
       11565000	      1155	800008dc	00dbcf33	xor	x30,x23,x13	 x23:0x80002ae4 x13:0x80009f41 x30=0x0000b5a5
       11575000	      1156	800008e0	00d13533	sltu	x10,x2,x13	  x2:0x00000000 x13:0x80009f41 x10=0x00000001
       11585000	      1157	800008e4	00aa6333	or	x6,x20,x10	 x20:0x366c6000 x10:0x00000001  x6=0x366c6001
       11595000	      1158	800008e8	012eaf33	slt	x30,x29,x18	 x29:0x00000000 x18:0x800008b4 x30=0x00000000
       11605000	      1159	800008ec	33fae213	ori	x4,x21,831	 x21:0x000003af  x4=0x000003bf
       11615000	      1160	800008f0	e7333413	sltiu	x8,x6,-397	  x6:0x366c6001  x8=0x00000001
       11625000	      1161	800008f4	008a1913	slli	x18,x20,0x8	 x20:0x366c6000 x18=0x6c600000
       11635000	      1162	800008f8	01e59b33	sll	x22,x11,x30	 x11:0x00000000 x30:0x00000000 x22=0x00000000
       11645000	      1163	800008fc	0281cc63	blt	x3,x8,80000934	  x3:0x00000002  x8:0x00000001
       11655000	      1164	80000900	53589c37	lui	x24,0x53589	 x24=0x53589000
       11665000	      1165	80000904	fcc8f013	andi	x0,x17,-52	 x17:0xffffffff
       11675000	      1166	80000908	01f4cc63	blt	x9,x31,80000920	  x9:0xfffff932 x31:0x0000000e
       11685000	      1167	00000000	00000013	addi	x0,x0,0	  x0:0x00000000
       11695000	      1168	8000091c	00000013	addi	x0,x0,0	  x0:0x00000000
       11705000	      1169	80000920	02537a63	bgeu	x6,x5,80000954	  x6:0x366c6001  x5:0x80009fc4
       11715000	      1170	80000924	0129c033	xor	x0,x19,x18	 x19:0x80009f84 x18:0x6c600000
       11725000	      1171	80000928	00d03833	sltu	x16,x0,x13	  x0:0x00000000 x13:0x80009f41 x16=0x00000001
       11735000	      1172	8000092c	00ea75b3	and	x11,x20,x14	 x20:0x366c6000 x14:0x3a441000 x11=0x32440000
       11745000	      1173	80000930	01d9ed33	or	x26,x19,x29	 x19:0x80009f84 x29:0x00000000 x26=0x80009f84
       11755000	      1174	80000934	40f5d713	srai	x14,x11,0xf	 x11:0x32440000 x14=0x00006488
       11765000	      1175	80000938	f0853eb7	lui	x29,0xf0853	 x29=0xf0853000
       11775000	      1176	8000093c	40f6d013	srai	x0,x13,0xf	 x13:0x80009f41
       11785000	      1177	80000940	03d25063	bge	x4,x29,80000960	  x4:0x000003bf x29:0xf0853000
       11795000	      1178	00000000	00000013	addi	x0,x0,0	  x0:0x00000000
       11805000	      1179	8000095c	00000013	addi	x0,x0,0	  x0:0x00000000
       11815000	      1180	80000960	40af0933	sub	x18,x30,x10	 x30:0x00000000 x10:0x00000001 x18=0xffffffff
       11825000	      1181	80000964	00798333	add	x6,x19,x7	 x19:0x80009f84  x7:0x0000008e  x6=0x8000a012
       11835000	      1182	80000968	03dad863	bge	x21,x29,80000998	 x21:0x000003af x29:0xf0853000
       11845000	      1183	00000000	00000013	addi	x0,x0,0	  x0:0x00000000
       11855000	      1184	80000994	00000013	addi	x0,x0,0	  x0:0x00000000
       11865000	      1185	80000998	039c8063	beq	x25,x25,800009b8	 x25:0x00000001 x25:0x00000001
       11875000	      1186	00000000	00000013	addi	x0,x0,0	  x0:0x00000000
       11885000	      1187	800009b4	00000013	addi	x0,x0,0	  x0:0x00000000
       11895000	      1188	800009b8	00fd9463	bne	x27,x15,800009c0	 x27:0xbe85eb0c x15:0x00000000
       11905000	      1189	00000000	00000013	addi	x0,x0,0	  x0:0x00000000
       11915000	      1190	800009bc	00000013	addi	x0,x0,0	  x0:0x00000000
       11925000	      1191	800009c0	019dcc33	xor	x24,x27,x25	 x27:0xbe85eb0c x25:0x00000001 x24=0xbe85eb0d
       11935000	      1192	800009c4	00fecc63	blt	x29,x15,800009dc	 x29:0xf0853000 x15:0x00000000
       11945000	      1193	00000000	00000013	addi	x0,x0,0	  x0:0x00000000
       11955000	      1194	800009d8	00000013	addi	x0,x0,0	  x0:0x00000000
       11965000	      1195	800009dc	0187ce63	blt	x15,x24,800009f8	 x15:0x00000000 x24:0xbe85eb0d
       11975000	      1196	800009e0	01590233	add	x4,x18,x21	 x18:0xffffffff x21:0x000003af  x4=0x000003ae
       11985000	      1197	800009e4	002864b3	or	x9,x16,x2	 x16:0x00000001  x2:0x00000000  x9=0x00000001
       11995000	      1198	800009e8	1fae4413	xori	x8,x28,506	 x28:0x0000008e  x8=0x00000174
       12005000	      1199	800009ec	01b9e133	or	x2,x19,x27	 x19:0x80009f84 x27:0xbe85eb0c  x2=0xbe85ff8c
       12015000	      1200	800009f0	0e8b2893	slti	x17,x22,232	 x22:0x00000000 x17=0x00000001
       12025000	      1201	800009f4	0003e6b3	or	x13,x7,x0	  x7:0x0000008e  x0:0x00000000 x13=0x0000008e
       12035000	      1202	800009f8	00000013	addi	x0,x0,0	  x0:0x00000000
       12045000	      1203	800009fc	864c5697	auipc	x13,0x864c5	 x13=0x064c59f8
       12055000	      1204	80000a00	01630033	add	x0,x6,x22	  x6:0x8000a012 x22:0x00000000
       12065000	      1205	80000a04	41570ab3	sub	x21,x14,x21	 x14:0x00006488 x21:0x000003af x21=0x000060d9
       12075000	      1206	80000a08	00000013	addi	x0,x0,0	  x0:0x00000000
       12085000	      1207	80000a0c	00938ab3	add	x21,x7,x9	  x7:0x0000008e  x9:0x00000001 x21=0x0000008f
       12095000	      1208	80000a10	021a9063	bne	x21,x1,80000a30	 x21:0x0000008f  x1:0x4e017a98
       12105000	      1209	00000000	00000013	addi	x0,x0,0	  x0:0x00000000
       12115000	      1210	80000a2c	00000013	addi	x0,x0,0	  x0:0x00000000
       12125000	      1211	80000a30	00964b33	xor	x22,x12,x9	 x12:0x00000633  x9:0x00000001 x22=0x00000632
       12135000	      1212	80000a34	f5d0bf13	sltiu	x30,x1,-163	  x1:0x4e017a98 x30=0x00000001
       12145000	      1213	80000a38	02a5f063	bgeu	x11,x10,80000a58	 x11:0x32440000 x10:0x00000001
       12155000	      1214	00000000	00000013	addi	x0,x0,0	  x0:0x00000000
       12165000	      1215	80000a54	00000013	addi	x0,x0,0	  x0:0x00000000
       12175000	      1216	80000a58	7bcdfd13	andi	x26,x27,1980	 x27:0xbe85eb0c x26=0x0000030c
       12185000	      1217	80000a5c	018f85b3	add	x11,x31,x24	 x31:0x0000000e x24:0xbe85eb0d x11=0xbe85eb1b
       12195000	      1218	80000a60	003ac633	xor	x12,x21,x3	 x21:0x0000008f  x3:0x00000002 x12=0x0000008d
       12205000	      1219	80000a64	008bdc13	srli	x24,x23,0x8	 x23:0x80002ae4 x24=0x0080002a
       12215000	      1220	80000a68	04da1863	bne	x20,x13,80000ab8	 x20:0x366c6000 x13:0x064c59f8
       12225000	      1221	00000000	00000013	addi	x0,x0,0	  x0:0x00000000
       12235000	      1222	80000ab4	00000013	addi	x0,x0,0	  x0:0x00000000
       12245000	      1223	80000ab8	05ce5263	bge	x28,x28,80000afc	 x28:0x0000008e x28:0x0000008e
       12255000	      1224	00000000	00000013	addi	x0,x0,0	  x0:0x00000000
       12265000	      1225	80000af8	00000013	addi	x0,x0,0	  x0:0x00000000
       12275000	      1226	80000afc	0287de63	bge	x15,x8,80000b38	 x15:0x00000000  x8:0x00000174
       12285000	      1227	80000b00	399c1717	auipc	x14,0x399c1	 x14=0xb99c1afc
       12295000	      1228	80000b04	004d0eb3	add	x29,x26,x4	 x26:0x0000030c  x4:0x000003ae x29=0x000006ba
       12305000	      1229	80000b08	0114e133	or	x2,x9,x17	  x9:0x00000001 x17:0x00000001  x2=0x00000001
       12315000	      1230	80000b0c	332ae093	ori	x1,x21,818	 x21:0x0000008f  x1=0x000003bf
       12325000	      1231	80000b10	b01eb313	sltiu	x6,x29,-1279	 x29:0x000006ba  x6=0x00000001
       12335000	      1232	80000b14	008ec7b3	xor	x15,x29,x8	 x29:0x000006ba  x8:0x00000174 x15=0x000007ce
       12345000	      1233	80000b18	c624b693	sltiu	x13,x9,-926	  x9:0x00000001 x13=0x00000001
       12355000	      1234	80000b1c	01d2beb3	sltu	x29,x5,x29	  x5:0x80009fc4 x29:0x000006ba x29=0x00000000
       12365000	      1235	80000b20	e40e4613	xori	x12,x28,-448	 x28:0x0000008e x12=0xfffffece
       12375000	      1236	80000b24	03d1e663	bltu	x3,x29,80000b50	  x3:0x00000002 x29:0x00000000
       12385000	      1237	80000b28	40010c33	sub	x24,x2,x0	  x2:0x00000001  x0:0x00000000 x24=0x00000001
       12395000	      1238	80000b2c	00e81bb3	sll	x23,x16,x14	 x16:0x00000001 x14:0xb99c1afc x23=0x10000000
       12405000	      1239	80000b30	40288133	sub	x2,x17,x2	 x17:0x00000001  x2:0x00000001  x2=0x00000000
       12415000	      1240	80000b34	4124dc13	srai	x24,x9,0x12	  x9:0x00000001 x24=0x00000000
       12425000	      1241	80000b38	008cd593	srli	x11,x25,0x8	 x25:0x00000001 x11=0x00000000
       12435000	      1242	80000b3c	5987f093	andi	x1,x15,1432	 x15:0x000007ce  x1=0x00000588
       12445000	      1243	80000b40	00801e33	sll	x28,x0,x8	  x0:0x00000000  x8:0x00000174 x28=0x00000000
       12455000	      1244	80000b44	050cc063	blt	x25,x16,80000b84	 x25:0x00000001 x16:0x00000001
       12465000	      1245	80000b48	00eb6e33	or	x28,x22,x14	 x22:0x00000632 x14:0xb99c1afc x28=0xb99c1efe
       12475000	      1246	80000b4c	01a27a63	bgeu	x4,x26,80000b60	  x4:0x000003ae x26:0x0000030c
       12485000	      1247	00000000	00000013	addi	x0,x0,0	  x0:0x00000000
       12495000	      1248	80000b5c	00000013	addi	x0,x0,0	  x0:0x00000000
       12505000	      1249	80000b60	0166d113	srli	x2,x13,0x16	 x13:0x00000001  x2=0x00000000
       12515000	      1250	80000b64	00e09c63	bne	x1,x14,80000b7c	  x1:0x00000588 x14:0xb99c1afc
       12525000	      1251	00000000	00000013	addi	x0,x0,0	  x0:0x00000000
       12535000	      1252	80000b78	00000013	addi	x0,x0,0	  x0:0x00000000
       12545000	      1253	80000b7c	00d4dc33	srl	x24,x9,x13	  x9:0x00000001 x13:0x00000001 x24=0x00000000
       12555000	      1254	80000b80	81d54237	lui	x4,0x81d54	  x4=0x81d54000
       12565000	      1255	80000b84	41500533	sub	x10,x0,x21	  x0:0x00000000 x21:0x0000008f x10=0xffffff71
       12575000	      1256	80000b88	015dbbb3	sltu	x23,x27,x21	 x27:0xbe85eb0c x21:0x0000008f x23=0x00000000
       12585000	      1257	80000b8c	e49d0537	lui	x10,0xe49d0	 x10=0xe49d0000
       12595000	      1258	80000b90	00000013	addi	x0,x0,0	  x0:0x00000000
       12605000	      1259	80000b94	0001e833	or	x16,x3,x0	  x3:0x00000002  x0:0x00000000 x16=0x00000002
       12615000	      1260	80000b98	307ec897	auipc	x17,0x307ec	 x17=0xb07ecb94
       12625000	      1261	80000b9c	03697063	bgeu	x18,x22,80000bbc	 x18:0xffffffff x22:0x00000632
       12635000	      1262	00000000	00000013	addi	x0,x0,0	  x0:0x00000000
       12645000	      1263	80000bb8	00000013	addi	x0,x0,0	  x0:0x00000000
       12655000	      1264	80000bbc	ce234913	xori	x18,x6,-798	  x6:0x00000001 x18=0xfffffce3
       12665000	      1265	80000bc0	6dc1f913	andi	x18,x3,1756	  x3:0x00000002 x18=0x00000000
       12675000	      1266	80000bc4	005fb133	sltu	x2,x31,x5	 x31:0x0000000e  x5:0x80009fc4  x2=0x00000001
       12685000	      1267	80000bc8	28aa2313	slti	x6,x20,650	 x20:0x366c6000  x6=0x00000000
       12695000	      1268	80000bcc	8efece13	xori	x28,x29,-1809	 x29:0x00000000 x28=0xfffff8ef
       12705000	      1269	80000bd0	40c107b3	sub	x15,x2,x12	  x2:0x00000001 x12:0xfffffece x15=0x00000133
       12715000	      1270	80000bd4	41fade13	srai	x28,x21,0x1f	 x21:0x0000008f x28=0x00000000
       12725000	      1271	80000bd8	40165493	srai	x9,x12,0x1	 x12:0xfffffece  x9=0xffffff67
       12735000	      1272	80000bdc	03515063	bge	x2,x21,80000bfc	  x2:0x00000001 x21:0x0000008f
       12745000	      1273	80000be0	404f5733	sra	x14,x30,x4	 x30:0x00000001  x4:0x81d54000 x14=0x00000001
       12755000	      1274	80000be4	00896c33	or	x24,x18,x8	 x18:0x00000000  x8:0x00000174 x24=0x00000174
       12765000	      1275	80000be8	004ccc63	blt	x25,x4,80000c00	 x25:0x00000001  x4:0x81d54000
       12775000	      1276	80000bec	01a8d413	srli	x8,x17,0x1a	 x17:0xb07ecb94  x8=0x0000002c
       12785000	      1277	80000bf0	04a0e863	bltu	x1,x10,80000c40	  x1:0x00000588 x10:0xe49d0000
       12795000	      1278	00000000	00000013	addi	x0,x0,0	  x0:0x00000000
       12805000	      1279	80000c3c	00000013	addi	x0,x0,0	  x0:0x00000000
       12815000	      1280	80000c40	059f4863	blt	x30,x25,80000c90	 x30:0x00000001 x25:0x00000001
       12825000	      1281	80000c44	00cbd333	srl	x6,x23,x12	 x23:0x00000000 x12:0xfffffece  x6=0x00000000
       12835000	      1282	80000c48	02ee8663	beq	x29,x14,80000c74	 x29:0x00000000 x14:0x00000001
       12845000	      1283	80000c4c	01929093	slli	x1,x5,0x19	  x5:0x80009fc4  x1=0x88000000
       12855000	      1284	80000c50	405c5633	sra	x12,x24,x5	 x24:0x00000174  x5:0x80009fc4 x12=0x00000017
       12865000	      1285	80000c54	0175bf33	sltu	x30,x11,x23	 x11:0x00000000 x23:0x00000000 x30=0x00000000
       12875000	      1286	80000c58	00031233	sll	x4,x6,x0	  x6:0x00000000  x0:0x00000000  x4=0x00000000
       12885000	      1287	80000c5c	000da533	slt	x10,x27,x0	 x27:0xbe85eb0c  x0:0x00000000 x10=0x00000001
       12895000	      1288	80000c60	407e5bb3	sra	x23,x28,x7	 x28:0x00000000  x7:0x0000008e x23=0x00000000
       12905000	      1289	80000c64	0246e663	bltu	x13,x4,80000c90	 x13:0x00000001  x4:0x00000000
       12915000	      1290	80000c68	00000013	addi	x0,x0,0	  x0:0x00000000
       12925000	      1291	80000c6c	be96f793	andi	x15,x13,-1047	 x13:0x00000001 x15=0x00000001
       12935000	      1292	80000c70	1183a693	slti	x13,x7,280	  x7:0x0000008e x13=0x00000001
       12945000	      1293	80000c74	01449463	bne	x9,x20,80000c7c	  x9:0xffffff67 x20:0x366c6000
       12955000	      1294	00000000	00000013	addi	x0,x0,0	  x0:0x00000000
       12965000	      1295	80000c78	00000013	addi	x0,x0,0	  x0:0x00000000
       12975000	      1296	80000c7c	02450a63	beq	x10,x4,80000cb0	 x10:0x00000001  x4:0x00000000
       12985000	      1297	80000c80	0257d063	bge	x15,x5,80000ca0	 x15:0x00000001  x5:0x80009fc4
       12995000	      1298	00000000	00000013	addi	x0,x0,0	  x0:0x00000000
       13005000	      1299	80000c9c	00000013	addi	x0,x0,0	  x0:0x00000000
       13015000	      1300	80000ca0	f9990813	addi	x16,x18,-103	 x18:0x00000000 x16=0xffffff99
       13025000	      1301	80000ca4	6cacf893	andi	x17,x25,1738	 x25:0x00000001 x17=0x00000000
       13035000	      1302	80000ca8	0245c663	blt	x11,x4,80000cd4	 x11:0x00000000  x4:0x00000000
       13045000	      1303	80000cac	2c7a3613	sltiu	x12,x20,711	 x20:0x366c6000 x12=0x00000000
       13055000	      1304	80000cb0	01971b13	slli	x22,x14,0x19	 x14:0x00000001 x22=0x02000000
       13065000	      1305	80000cb4	00300133	add	x2,x0,x3	  x0:0x00000000  x3:0x00000002  x2=0x00000002
       13075000	      1306	80000cb8	0278da63	bge	x17,x7,80000cec	 x17:0x00000000  x7:0x0000008e
       13085000	      1307	80000cbc	b9370837	lui	x16,0xb9370	 x16=0xb9370000
       13095000	      1308	80000cc0	58fcfc93	andi	x25,x25,1423	 x25:0x00000001 x25=0x00000001
       13105000	      1309	80000cc4	02754063	blt	x10,x7,80000ce4	 x10:0x00000001  x7:0x0000008e
       13115000	      1310	00000000	00000013	addi	x0,x0,0	  x0:0x00000000
       13125000	      1311	80000ce0	00000013	addi	x0,x0,0	  x0:0x00000000
       13135000	      1312	80000ce4	40d386b3	sub	x13,x7,x13	  x7:0x0000008e x13:0x00000001 x13=0x0000008d
       13145000	      1313	80000ce8	2c8f6e13	ori	x28,x30,712	 x30:0x00000000 x28=0x000002c8
       13155000	      1314	80000cec	0032d513	srli	x10,x5,0x3	  x5:0x80009fc4 x10=0x100013f8
       13165000	      1315	80000cf0	c3c0f093	andi	x1,x1,-964	  x1:0x88000000  x1=0x88000000
       13175000	      1316	80000cf4	41b1d933	sra	x18,x3,x27	  x3:0x00000002 x27:0xbe85eb0c x18=0x00000000
       13185000	      1317	80000cf8	01b49513	slli	x10,x9,0x1b	  x9:0xffffff67 x10=0x38000000
       13195000	      1318	80000cfc	018cd913	srli	x18,x25,0x18	 x25:0x00000001 x18=0x00000000
       13205000	      1319	80000d00	0343fc63	bgeu	x7,x20,80000d38	  x7:0x0000008e x20:0x366c6000
       13215000	      1320	80000d04	d262aab7	lui	x21,0xd262a	 x21=0xd262a000
       13225000	      1321	80000d08	41c08eb3	sub	x29,x1,x28	  x1:0x88000000 x28:0x000002c8 x29=0x87fffd38
       13235000	      1322	80000d0c	03b66063	bltu	x12,x27,80000d2c	 x12:0x00000000 x27:0xbe85eb0c
       13245000	      1323	00000000	00000013	addi	x0,x0,0	  x0:0x00000000
       13255000	      1324	80000d28	00000013	addi	x0,x0,0	  x0:0x00000000
       13265000	      1325	80000d2c	01e9ab33	slt	x22,x19,x30	 x19:0x80009f84 x30:0x00000000 x22=0x00000001
       13275000	      1326	80000d30	00ce0a33	add	x20,x28,x12	 x28:0x000002c8 x12:0x00000000 x20=0x000002c8
       13285000	      1327	80000d34	aebaad93	slti	x27,x21,-1301	 x21:0xd262a000 x27=0x00000001
       13295000	      1328	80000d38	f3cc7893	andi	x17,x24,-196	 x24:0x00000174 x17=0x00000134
       13305000	      1329	80000d3c	0b556593	ori	x11,x10,181	 x10:0x38000000 x11=0x380000b5
       13315000	      1330	80000d40	001444b3	xor	x9,x8,x1	  x8:0x0000002c  x1:0x88000000  x9=0x8800002c
       13325000	      1331	80000d44	01418e63	beq	x3,x20,80000d60	  x3:0x00000002 x20:0x000002c8
       13335000	      1332	80000d48	05f64663	blt	x12,x31,80000d94	 x12:0x00000000 x31:0x0000000e
       13345000	      1333	00000000	00000013	addi	x0,x0,0	  x0:0x00000000
       13355000	      1334	80000d90	00000013	addi	x0,x0,0	  x0:0x00000000
       13365000	      1335	80000d94	00c41e33	sll	x28,x8,x12	  x8:0x0000002c x12:0x00000000 x28=0x0000002c
       13375000	      1336	80000d98	01c7c1b3	xor	x3,x15,x28	 x15:0x00000001 x28:0x0000002c  x3=0x0000002d
       13385000	      1337	80000d9c	00c9c133	xor	x2,x19,x12	 x19:0x80009f84 x12:0x00000000  x2=0x80009f84
       13395000	      1338	80000da0	045fe663	bltu	x31,x5,80000dec	 x31:0x0000000e  x5:0x80009fc4
       13405000	      1339	00000000	00000013	addi	x0,x0,0	  x0:0x00000000
       13415000	      1340	80000de8	00000013	addi	x0,x0,0	  x0:0x00000000
       13425000	      1341	80000dec	9d450913	addi	x18,x10,-1580	 x10:0x38000000 x18=0x37fff9d4
       13435000	      1342	80000df0	00000013	addi	x0,x0,0	  x0:0x00000000
       13445000	      1343	80000df4	03ec6063	bltu	x24,x30,80000e14	 x24:0x00000174 x30:0x00000000
       13455000	      1344	80000df8	eaabc013	xori	x0,x23,-342	 x23:0x00000000
       13465000	      1345	80000dfc	41755413	srai	x8,x10,0x17	 x10:0x38000000  x8=0x00000070
       13475000	      1346	80000e00	017033b3	sltu	x7,x0,x23	  x0:0x00000000 x23:0x00000000  x7=0x00000000
       13485000	      1347	80000e04	0239f663	bgeu	x19,x3,80000e30	 x19:0x80009f84  x3:0x0000002d
       13495000	      1348	00000000	00000013	addi	x0,x0,0	  x0:0x00000000
       13505000	      1349	80000e2c	00000013	addi	x0,x0,0	  x0:0x00000000
       13515000	      1350	80000e30	00f58233	add	x4,x11,x15	 x11:0x380000b5 x15:0x00000001  x4=0x380000b6
       13525000	      1351	80000e34	01c1d113	srli	x2,x3,0x1c	  x3:0x0000002d  x2=0x00000000
       13535000	      1352	80000e38	03545c63	bge	x8,x21,80000e70	  x8:0x00000070 x21:0xd262a000
       13545000	      1353	00000000	00000013	addi	x0,x0,0	  x0:0x00000000
       13555000	      1354	80000e6c	00000013	addi	x0,x0,0	  x0:0x00000000
       13565000	      1355	80000e70	04474263	blt	x14,x4,80000eb4	 x14:0x00000001  x4:0x380000b6
       13575000	      1356	00000000	00000013	addi	x0,x0,0	  x0:0x00000000
       13585000	      1357	80000eb0	00000013	addi	x0,x0,0	  x0:0x00000000
       13595000	      1358	80000eb4	de9c4697	auipc	x13,0xde9c4	 x13=0x5e9c4eb0
       13605000	      1359	80000eb8	81d8a493	slti	x9,x17,-2019	 x17:0x00000134  x9=0x00000000
       13615000	      1360	80000ebc	03fbc663	blt	x23,x31,80000ee8	 x23:0x00000000 x31:0x0000000e
       13625000	      1361	00000000	00000013	addi	x0,x0,0	  x0:0x00000000
       13635000	      1362	80000ee4	00000013	addi	x0,x0,0	  x0:0x00000000
       13645000	      1363	80000ee8	00262e33	slt	x28,x12,x2	 x12:0x00000000  x2:0x00000000 x28=0x00000000
       13655000	      1364	80000eec	019bb8b3	sltu	x17,x23,x25	 x23:0x00000000 x25:0x00000001 x17=0x00000001
       13665000	      1365	80000ef0	cad4a493	slti	x9,x9,-851	  x9:0x00000000  x9=0x00000000
       13675000	      1366	80000ef4	01a79a13	slli	x20,x15,0x1a	 x15:0x00000001 x20=0x04000000
       13685000	      1367	80000ef8	0485d063	bge	x11,x8,80000f38	 x11:0x380000b5  x8:0x00000070
       13695000	      1368	00000000	00000013	addi	x0,x0,0	  x0:0x00000000
       13705000	      1369	80000f34	00000013	addi	x0,x0,0	  x0:0x00000000
       13715000	      1370	80000f38	032f8663	beq	x31,x18,80000f64	 x31:0x0000000e x18:0x37fff9d4
       13725000	      1371	80000f3c	c3ee3bb7	lui	x23,0xc3ee3	 x23=0xc3ee3000
       13735000	      1372	80000f40	0235e263	bltu	x11,x3,80000f64	 x11:0x380000b5  x3:0x0000002d
       13745000	      1373	80000f44	dbd3bd13	sltiu	x26,x7,-579	  x7:0x00000000 x26=0x00000001
       13755000	      1374	80000f48	02d26063	bltu	x4,x13,80000f68	  x4:0x380000b6 x13:0x5e9c4eb0
       13765000	      1375	00000000	00000013	addi	x0,x0,0	  x0:0x00000000
       13775000	      1376	80000f64	00000013	addi	x0,x0,0	  x0:0x00000000
       13785000	      1377	80000f68	408d8733	sub	x14,x27,x8	 x27:0x00000001  x8:0x00000070 x14=0xffffff91
       13795000	      1378	80000f6c	896167b7	lui	x15,0x89616	 x15=0x89616000
       13805000	      1379	80000f70	01e5d033	srl	x0,x11,x30	 x11:0x380000b5 x30:0x00000000
       13815000	      1380	80000f74	400d57b3	sra	x15,x26,x0	 x26:0x00000001  x0:0x00000000 x15=0x00000001
       13825000	      1381	80000f78	018e24b3	slt	x9,x28,x24	 x28:0x00000000 x24:0x00000174  x9=0x00000001
       13835000	      1382	80000f7c	0018fcb3	and	x25,x17,x1	 x17:0x00000001  x1:0x88000000 x25=0x00000000
       13845000	      1383	80000f80	00cb7a63	bgeu	x22,x12,80000f94	 x22:0x00000001 x12:0x00000000
       13855000	      1384	00000000	00000013	addi	x0,x0,0	  x0:0x00000000
       13865000	      1385	80000f90	00000013	addi	x0,x0,0	  x0:0x00000000
       13875000	      1386	80000f94	02949663	bne	x9,x9,80000fc0	  x9:0x00000001  x9:0x00000001
       13885000	      1387	80000f98	01d20833	add	x16,x4,x29	  x4:0x380000b6 x29:0x87fffd38 x16=0xbffffdee
       13895000	      1388	80000f9c	02af5263	bge	x30,x10,80000fc0	 x30:0x00000000 x10:0x38000000
       13905000	      1389	80000fa0	00fe0c63	beq	x28,x15,80000fb8	 x28:0x00000000 x15:0x00000001
       13915000	      1390	80000fa4	0107bab3	sltu	x21,x15,x16	 x15:0x00000001 x16:0xbffffdee x21=0x00000001
       13925000	      1391	80000fa8	00139cb3	sll	x25,x7,x1	  x7:0x00000000  x1:0x88000000 x25=0x00000000
       13935000	      1392	80000fac	42252897	auipc	x17,0x42252	 x17=0xc2252fa8
       13945000	      1393	80000fb0	411f5633	sra	x12,x30,x17	 x30:0x00000000 x17:0xc2252fa8 x12=0x00000000
       13955000	      1394	80000fb4	01b15b93	srli	x23,x2,0x1b	  x2:0x00000000 x23=0x00000000
       13965000	      1395	80000fb8	01a8e0b3	or	x1,x17,x26	 x17:0xc2252fa8 x26:0x00000001  x1=0xc2252fa9
       13975000	      1396	80000fbc	a3456813	ori	x16,x10,-1484	 x10:0x38000000 x16=0xfffffa34
       13985000	      1397	80000fc0	09420063	beq	x4,x20,80001040	  x4:0x380000b6 x20:0x04000000
       13995000	      1398	80000fc4	009ad093	srli	x1,x21,0x9	 x21:0x00000001  x1=0x00000000
       14005000	      1399	80000fc8	05d76e63	bltu	x14,x29,80001024	 x14:0xffffff91 x29:0x87fffd38
       14015000	      1400	80000fcc	000e9bb3	sll	x23,x29,x0	 x29:0x87fffd38  x0:0x00000000 x23=0x87fffd38
       14025000	      1401	80000fd0	84cf0b93	addi	x23,x30,-1972	 x30:0x00000000 x23=0xfffff84c
       14035000	      1402	80000fd4	41d6d413	srai	x8,x13,0x1d	 x13:0x5e9c4eb0  x8=0x00000002
       14045000	      1403	80000fd8	001f0233	add	x4,x30,x1	 x30:0x00000000  x1:0x00000000  x4=0x00000000
       14055000	      1404	80000fdc	450e4013	xori	x0,x28,1104	 x28:0x00000000
       14065000	      1405	80000fe0	00001a97	auipc	x21,0x1	 x21=0x80001fdc
       14075000	      1406	80000fe4	318a8a93	addi	x21,x21,792	 x21:0x80001fdc x21=0x800022f4
       14085000	      1407	80000fe8	ebba8a93	addi	x21,x21,-325	 x21:0x800022f4 x21=0x800021af
       14095000	      1408	80000fec	00224633	xor	x12,x4,x2	  x4:0x00000000  x2:0x00000000 x12=0x00000000
       14105000	      1409	80000ff0	405ad113	srai	x2,x21,0x5	 x21:0x800021af  x2=0xfc00010d
       14115000	      1410	80000ff4	0088c863	blt	x17,x8,80001004	 x17:0xc2252fa8  x8:0x00000002
       14125000	      1411	00000000	00000013	addi	x0,x0,0	  x0:0x00000000
       14135000	      1412	80001000	00000013	addi	x0,x0,0	  x0:0x00000000
       14145000	      1413	80001004	146a8267	jalr	x4,x21,326	 x21:0x800021af  x4=0x80001004
       14155000	      1414	00000000	00000013	addi	x0,x0,0	  x0:0x00000000
       14165000	      1415	800022f4	00000013	addi	x0,x0,0	  x0:0x00000000
       14175000	      1416	800022f8	0105c4b3	xor	x9,x11,x16	 x11:0x380000b5 x16:0xfffffa34  x9=0xc7fffa81
       14185000	      1417	800022fc	009c7263	bgeu	x24,x9,80002300	 x24:0x00000174  x9:0xc7fffa81
       14195000	      1418	80002300	ff898993	addi	x19,x19,-8	 x19:0x80009f84 x19=0x80009f7c
       14205000	      1419	80002304	3fc063b7	lui	x7,0x3fc06	  x7=0x3fc06000
       14215000	      1420	80002308	c4e9eb97	auipc	x23,0xc4e9e	 x23=0x44ea0304
       14225000	      1421	8000230c	0049a223	sw	x4,4(x19)	 x19:0x80009f7c  x4:0x80001004 PA:0x80009f80
       14235000	      1422	80002310	010410b3	sll	x1,x8,x16	  x8:0x00000002 x16:0xfffffa34  x1=0x00200000
       14245000	      1423	80002314	00500793	addi	x15,x0,5	  x0:0x00000000 x15=0x00000005
       14255000	      1424	80002318	ff700b93	addi	x23,x0,-9	  x0:0x00000000 x23=0xfffffff7
       14265000	      1425	8000231c	2e763a93	sltiu	x21,x12,743	 x12:0x00000000 x21=0x00000001
       14275000	      1426	80002320	00be5a93	srli	x21,x28,0xb	 x28:0x00000000 x21=0x00000000
       14285000	      1427	80002324	01786cb3	or	x25,x16,x23	 x16:0xfffffa34 x23:0xfffffff7 x25=0xfffffff7
       14295000	      1428	80002328	40560333	sub	x6,x12,x5	 x12:0x00000000  x5:0x80009fc4  x6=0x7fff603c
       14305000	      1429	8000232c	11046493	ori	x9,x8,272	  x8:0x00000002  x9=0x00000112
       14315000	      1430	80002330	0061cf33	xor	x30,x3,x6	  x3:0x0000002d  x6:0x7fff603c x30=0x7fff6011
       14325000	      1431	80002334	17100093	addi	x1,x0,369	  x0:0x00000000  x1=0x00000171
       14335000	      1432	80002338	ff978793	addi	x15,x15,-7	 x15:0x00000005 x15=0xfffffffe
       14345000	      1433	8000233c	ce62c713	xori	x14,x5,-794	  x5:0x80009fc4 x14=0x7fff6322
       14355000	      1434	80002340	fff00413	addi	x8,x0,-1	  x0:0x00000000  x8=0xffffffff
       14365000	      1435	80002344	00cf60b3	or	x1,x30,x12	 x30:0x7fff6011 x12:0x00000000  x1=0x7fff6011
       14375000	      1436	80002348	01e080b3	add	x1,x1,x30	  x1:0x7fff6011 x30:0x7fff6011  x1=0xfffec022
       14385000	      1437	8000234c	004e4533	xor	x10,x28,x4	 x28:0x00000000  x4:0x80001004 x10=0x80001004
       14395000	      1438	80002350	6285b193	sltiu	x3,x11,1576	 x11:0x380000b5  x3=0x00000000
       14405000	      1439	80002354	40f058b3	sra	x17,x0,x15	  x0:0x00000000 x15:0xfffffffe x17=0x00000000
       14415000	      1440	80002358	ff500c13	addi	x24,x0,-11	  x0:0x00000000 x24=0xfffffff5
       14425000	      1441	8000235c	00ab9e13	slli	x28,x23,0xa	 x23:0xfffffff7 x28=0xffffdc00
       14435000	      1442	80002360	40e28333	sub	x6,x5,x14	  x5:0x80009fc4 x14:0x7fff6322  x6=0x00013ca2
       14445000	      1443	80002364	00251913	slli	x18,x10,0x2	 x10:0x80001004 x18=0x00004010
       14455000	      1444	80002368	008b3233	sltu	x4,x22,x8	 x22:0x00000001  x8:0xffffffff  x4=0x00000001
       14465000	      1445	8000236c	4b1fe693	ori	x13,x31,1201	 x31:0x0000000e x13=0x000004bf
       14475000	      1446	80002370	57f80193	addi	x3,x16,1407	 x16:0xfffffa34  x3=0xffffffb3
       14485000	      1447	80002374	ff840413	addi	x8,x8,-8	  x8:0xffffffff  x8=0xfffffff7
       14495000	      1448	80002378	00dfc733	xor	x14,x31,x13	 x31:0x0000000e x13:0x000004bf x14=0x000004b1
       14505000	      1449	8000237c	0179e6b3	or	x13,x19,x23	 x19:0x80009f7c x23:0xfffffff7 x13=0xffffffff
       14515000	      1450	80002380	ff8454e3	bge	x8,x24,80002368	  x8:0xfffffff7 x24:0xfffffff5
       14525000	      1451	00000000	00000013	addi	x0,x0,0	  x0:0x00000000
       14535000	      1452	80002364	00000013	addi	x0,x0,0	  x0:0x00000000
       14545000	      1453	80002368	008b3233	sltu	x4,x22,x8	 x22:0x00000001  x8:0xfffffff7  x4=0x00000001
       14555000	      1454	8000236c	4b1fe693	ori	x13,x31,1201	 x31:0x0000000e x13=0x000004bf
       14565000	      1455	80002370	57f80193	addi	x3,x16,1407	 x16:0xfffffa34  x3=0xffffffb3
       14575000	      1456	80002374	ff840413	addi	x8,x8,-8	  x8:0xfffffff7  x8=0xffffffef
       14585000	      1457	80002378	00dfc733	xor	x14,x31,x13	 x31:0x0000000e x13:0x000004bf x14=0x000004b1
       14595000	      1458	8000237c	0179e6b3	or	x13,x19,x23	 x19:0x80009f7c x23:0xfffffff7 x13=0xffffffff
       14605000	      1459	80002380	ff8454e3	bge	x8,x24,80002368	  x8:0xffffffef x24:0xfffffff5
       14615000	      1460	80002384	8396b913	sltiu	x18,x13,-1991	 x13:0xffffffff x18=0x00000000
       14625000	      1461	80002388	0158c8b3	xor	x17,x17,x21	 x17:0x00000000 x21:0x00000000 x17=0x00000000
       14635000	      1462	8000238c	f977dee3	bge	x15,x23,80002328	 x15:0xfffffffe x23:0xfffffff7
       14645000	      1463	00000000	00000013	addi	x0,x0,0	  x0:0x00000000
       14655000	      1464	80002324	00000013	addi	x0,x0,0	  x0:0x00000000
       14665000	      1465	80002328	40560333	sub	x6,x12,x5	 x12:0x00000000  x5:0x80009fc4  x6=0x7fff603c
       14675000	      1466	8000232c	11046493	ori	x9,x8,272	  x8:0xffffffef  x9=0xffffffff
       14685000	      1467	80002330	0061cf33	xor	x30,x3,x6	  x3:0xffffffb3  x6:0x7fff603c x30=0x80009f8f
       14695000	      1468	80002334	17100093	addi	x1,x0,369	  x0:0x00000000  x1=0x00000171
       14705000	      1469	80002338	ff978793	addi	x15,x15,-7	 x15:0xfffffffe x15=0xfffffff7
       14715000	      1470	8000233c	ce62c713	xori	x14,x5,-794	  x5:0x80009fc4 x14=0x7fff6322
       14725000	      1471	80002340	fff00413	addi	x8,x0,-1	  x0:0x00000000  x8=0xffffffff
       14735000	      1472	80002344	00cf60b3	or	x1,x30,x12	 x30:0x80009f8f x12:0x00000000  x1=0x80009f8f
       14745000	      1473	80002348	01e080b3	add	x1,x1,x30	  x1:0x80009f8f x30:0x80009f8f  x1=0x00013f1e
       14755000	      1474	8000234c	004e4533	xor	x10,x28,x4	 x28:0xffffdc00  x4:0x00000001 x10=0xffffdc01
       14765000	      1475	80002350	6285b193	sltiu	x3,x11,1576	 x11:0x380000b5  x3=0x00000000
       14775000	      1476	80002354	40f058b3	sra	x17,x0,x15	  x0:0x00000000 x15:0xfffffff7 x17=0x00000000
       14785000	      1477	80002358	ff500c13	addi	x24,x0,-11	  x0:0x00000000 x24=0xfffffff5
       14795000	      1478	8000235c	00ab9e13	slli	x28,x23,0xa	 x23:0xfffffff7 x28=0xffffdc00
       14805000	      1479	80002360	40e28333	sub	x6,x5,x14	  x5:0x80009fc4 x14:0x7fff6322  x6=0x00013ca2
       14815000	      1480	80002364	00251913	slli	x18,x10,0x2	 x10:0xffffdc01 x18=0xffff7004
       14825000	      1481	80002368	008b3233	sltu	x4,x22,x8	 x22:0x00000001  x8:0xffffffff  x4=0x00000001
       14835000	      1482	8000236c	4b1fe693	ori	x13,x31,1201	 x31:0x0000000e x13=0x000004bf
       14845000	      1483	80002370	57f80193	addi	x3,x16,1407	 x16:0xfffffa34  x3=0xffffffb3
       14855000	      1484	80002374	ff840413	addi	x8,x8,-8	  x8:0xffffffff  x8=0xfffffff7
       14865000	      1485	80002378	00dfc733	xor	x14,x31,x13	 x31:0x0000000e x13:0x000004bf x14=0x000004b1
       14875000	      1486	8000237c	0179e6b3	or	x13,x19,x23	 x19:0x80009f7c x23:0xfffffff7 x13=0xffffffff
       14885000	      1487	80002380	ff8454e3	bge	x8,x24,80002368	  x8:0xfffffff7 x24:0xfffffff5
       14895000	      1488	00000000	00000013	addi	x0,x0,0	  x0:0x00000000
       14905000	      1489	80002364	00000013	addi	x0,x0,0	  x0:0x00000000
       14915000	      1490	80002368	008b3233	sltu	x4,x22,x8	 x22:0x00000001  x8:0xfffffff7  x4=0x00000001
       14925000	      1491	8000236c	4b1fe693	ori	x13,x31,1201	 x31:0x0000000e x13=0x000004bf
       14935000	      1492	80002370	57f80193	addi	x3,x16,1407	 x16:0xfffffa34  x3=0xffffffb3
       14945000	      1493	80002374	ff840413	addi	x8,x8,-8	  x8:0xfffffff7  x8=0xffffffef
       14955000	      1494	80002378	00dfc733	xor	x14,x31,x13	 x31:0x0000000e x13:0x000004bf x14=0x000004b1
       14965000	      1495	8000237c	0179e6b3	or	x13,x19,x23	 x19:0x80009f7c x23:0xfffffff7 x13=0xffffffff
       14975000	      1496	80002380	ff8454e3	bge	x8,x24,80002368	  x8:0xffffffef x24:0xfffffff5
       14985000	      1497	80002384	8396b913	sltiu	x18,x13,-1991	 x13:0xffffffff x18=0x00000000
       14995000	      1498	80002388	0158c8b3	xor	x17,x17,x21	 x17:0x00000000 x21:0x00000000 x17=0x00000000
       15005000	      1499	8000238c	f977dee3	bge	x15,x23,80002328	 x15:0xfffffff7 x23:0xfffffff7
       15015000	      1500	00000000	00000013	addi	x0,x0,0	  x0:0x00000000
       15025000	      1501	80002324	00000013	addi	x0,x0,0	  x0:0x00000000
       15035000	      1502	80002328	40560333	sub	x6,x12,x5	 x12:0x00000000  x5:0x80009fc4  x6=0x7fff603c
       15045000	      1503	8000232c	11046493	ori	x9,x8,272	  x8:0xffffffef  x9=0xffffffff
       15055000	      1504	80002330	0061cf33	xor	x30,x3,x6	  x3:0xffffffb3  x6:0x7fff603c x30=0x80009f8f
       15065000	      1505	80002334	17100093	addi	x1,x0,369	  x0:0x00000000  x1=0x00000171
       15075000	      1506	80002338	ff978793	addi	x15,x15,-7	 x15:0xfffffff7 x15=0xfffffff0
       15085000	      1507	8000233c	ce62c713	xori	x14,x5,-794	  x5:0x80009fc4 x14=0x7fff6322
       15095000	      1508	80002340	fff00413	addi	x8,x0,-1	  x0:0x00000000  x8=0xffffffff
       15105000	      1509	80002344	00cf60b3	or	x1,x30,x12	 x30:0x80009f8f x12:0x00000000  x1=0x80009f8f
       15115000	      1510	80002348	01e080b3	add	x1,x1,x30	  x1:0x80009f8f x30:0x80009f8f  x1=0x00013f1e
       15125000	      1511	8000234c	004e4533	xor	x10,x28,x4	 x28:0xffffdc00  x4:0x00000001 x10=0xffffdc01
       15135000	      1512	80002350	6285b193	sltiu	x3,x11,1576	 x11:0x380000b5  x3=0x00000000
       15145000	      1513	80002354	40f058b3	sra	x17,x0,x15	  x0:0x00000000 x15:0xfffffff0 x17=0x00000000
       15155000	      1514	80002358	ff500c13	addi	x24,x0,-11	  x0:0x00000000 x24=0xfffffff5
       15165000	      1515	8000235c	00ab9e13	slli	x28,x23,0xa	 x23:0xfffffff7 x28=0xffffdc00
       15175000	      1516	80002360	40e28333	sub	x6,x5,x14	  x5:0x80009fc4 x14:0x7fff6322  x6=0x00013ca2
       15185000	      1517	80002364	00251913	slli	x18,x10,0x2	 x10:0xffffdc01 x18=0xffff7004
       15195000	      1518	80002368	008b3233	sltu	x4,x22,x8	 x22:0x00000001  x8:0xffffffff  x4=0x00000001
       15205000	      1519	8000236c	4b1fe693	ori	x13,x31,1201	 x31:0x0000000e x13=0x000004bf
       15215000	      1520	80002370	57f80193	addi	x3,x16,1407	 x16:0xfffffa34  x3=0xffffffb3
       15225000	      1521	80002374	ff840413	addi	x8,x8,-8	  x8:0xffffffff  x8=0xfffffff7
       15235000	      1522	80002378	00dfc733	xor	x14,x31,x13	 x31:0x0000000e x13:0x000004bf x14=0x000004b1
       15245000	      1523	8000237c	0179e6b3	or	x13,x19,x23	 x19:0x80009f7c x23:0xfffffff7 x13=0xffffffff
       15255000	      1524	80002380	ff8454e3	bge	x8,x24,80002368	  x8:0xfffffff7 x24:0xfffffff5
       15265000	      1525	00000000	00000013	addi	x0,x0,0	  x0:0x00000000
       15275000	      1526	80002364	00000013	addi	x0,x0,0	  x0:0x00000000
       15285000	      1527	80002368	008b3233	sltu	x4,x22,x8	 x22:0x00000001  x8:0xfffffff7  x4=0x00000001
       15295000	      1528	8000236c	4b1fe693	ori	x13,x31,1201	 x31:0x0000000e x13=0x000004bf
       15305000	      1529	80002370	57f80193	addi	x3,x16,1407	 x16:0xfffffa34  x3=0xffffffb3
       15315000	      1530	80002374	ff840413	addi	x8,x8,-8	  x8:0xfffffff7  x8=0xffffffef
       15325000	      1531	80002378	00dfc733	xor	x14,x31,x13	 x31:0x0000000e x13:0x000004bf x14=0x000004b1
       15335000	      1532	8000237c	0179e6b3	or	x13,x19,x23	 x19:0x80009f7c x23:0xfffffff7 x13=0xffffffff
       15345000	      1533	80002380	ff8454e3	bge	x8,x24,80002368	  x8:0xffffffef x24:0xfffffff5
       15355000	      1534	80002384	8396b913	sltiu	x18,x13,-1991	 x13:0xffffffff x18=0x00000000
       15365000	      1535	80002388	0158c8b3	xor	x17,x17,x21	 x17:0x00000000 x21:0x00000000 x17=0x00000000
       15375000	      1536	8000238c	f977dee3	bge	x15,x23,80002328	 x15:0xfffffff0 x23:0xfffffff7
       15385000	      1537	80002390	012ad213	srli	x4,x21,0x12	 x21:0x00000000  x4=0x00000000
       15395000	      1538	80002394	00a00793	addi	x15,x0,10	  x0:0x00000000 x15=0x0000000a
       15405000	      1539	80002398	41445b33	sra	x22,x8,x20	  x8:0xffffffef x20:0x04000000 x22=0xffffffef
       15415000	      1540	8000239c	89d7f613	andi	x12,x15,-1891	 x15:0x0000000a x12=0x00000008
       15425000	      1541	800023a0	70df6593	ori	x11,x30,1805	 x30:0x80009f8f x11=0x80009f8f
       15435000	      1542	800023a4	00000013	addi	x0,x0,0	  x0:0x00000000
       15445000	      1543	800023a8	81c43e93	sltiu	x29,x8,-2020	  x8:0xffffffef x29=0x00000000
       15455000	      1544	800023ac	00a00113	addi	x2,x0,10	  x0:0x00000000  x2=0x0000000a
       15465000	      1545	800023b0	56492413	slti	x8,x18,1380	 x18:0x00000000  x8=0x00000001
       15475000	      1546	800023b4	01921bb3	sll	x23,x4,x25	  x4:0x00000000 x25:0xfffffff7 x23=0x00000000
       15485000	      1547	800023b8	41025db3	sra	x27,x4,x16	  x4:0x00000000 x16:0xfffffa34 x27=0x00000000
       15495000	      1548	800023bc	ff878793	addi	x15,x15,-8	 x15:0x0000000a x15=0x00000002
       15505000	      1549	800023c0	ff800193	addi	x3,x0,-8	  x0:0x00000000  x3=0xfffffff8
       15515000	      1550	800023c4	01969a93	slli	x21,x13,0x19	 x13:0xffffffff x21=0xfe000000
       15525000	      1551	800023c8	96716b37	lui	x22,0x96716	 x22=0x96716000
       15535000	      1552	800023cc	00800c13	addi	x24,x0,8	  x0:0x00000000 x24=0x00000008
       15545000	      1553	800023d0	0068ff33	and	x30,x17,x6	 x17:0x00000000  x6:0x00013ca2 x30=0x00000000
       15555000	      1554	800023d4	73836517	auipc	x10,0x73836	 x10=0xf38383d0
       15565000	      1555	800023d8	00818193	addi	x3,x3,8	  x3:0xfffffff8  x3=0x00000000
       15575000	      1556	800023dc	00fc9db3	sll	x27,x25,x15	 x25:0xfffffff7 x15:0x00000002 x27=0xffffffdc
       15585000	      1557	800023e0	009e5a33	srl	x20,x28,x9	 x28:0xffffdc00  x9:0xffffffff x20=0x00000001
       15595000	      1558	800023e4	2ade3c93	sltiu	x25,x28,685	 x28:0xffffdc00 x25=0x00000000
       15605000	      1559	800023e8	01dfd233	srl	x4,x31,x29	 x31:0x0000000e x29:0x00000000  x4=0x0000000e
       15615000	      1560	800023ec	ff8184e3	beq	x3,x24,800023d4	  x3:0x00000000 x24:0x00000008
       15625000	      1561	800023f0	05f42e93	slti	x29,x8,95	  x8:0x00000001 x29=0x00000001
       15635000	      1562	800023f4	fa27fee3	bgeu	x15,x2,800023b0	 x15:0x00000002  x2:0x0000000a
       15645000	      1563	800023f8	01265b93	srli	x23,x12,0x12	 x12:0x00000008 x23=0x00000000
       15655000	      1564	800023fc	ff700713	addi	x14,x0,-9	  x0:0x00000000 x14=0xfffffff7
       15665000	      1565	80002400	00c27233	and	x4,x4,x12	  x4:0x0000000e x12:0x00000008  x4=0x00000008
       15675000	      1566	80002404	00124a33	xor	x20,x4,x1	  x4:0x00000008  x1:0x00013f1e x20=0x00013f16
       15685000	      1567	80002408	003b9093	slli	x1,x23,0x3	 x23:0x00000000  x1=0x00000000
       15695000	      1568	8000240c	41db5893	srai	x17,x22,0x1d	 x22:0x96716000 x17=0xfffffffc
       15705000	      1569	80002410	002f0533	add	x10,x30,x2	 x30:0x00000000  x2:0x0000000a x10=0x0000000a
       15715000	      1570	80002414	c91deb37	lui	x22,0xc91de	 x22=0xc91de000
       15725000	      1571	80002418	01801913	slli	x18,x0,0x18	  x0:0x00000000 x18=0x00000000
       15735000	      1572	8000241c	c03a3393	sltiu	x7,x20,-1021	 x20:0x00013f16  x7=0x00000001
       15745000	      1573	80002420	ff600d13	addi	x26,x0,-10	  x0:0x00000000 x26=0xfffffff6
       15755000	      1574	80002424	dc4d8e13	addi	x28,x27,-572	 x27:0xffffffdc x28=0xfffffda0
       15765000	      1575	80002428	37feb693	sltiu	x13,x29,895	 x29:0x00000001 x13=0x00000001
       15775000	      1576	8000242c	01a545b3	xor	x11,x10,x26	 x10:0x0000000a x26:0xfffffff6 x11=0xfffffffc
       15785000	      1577	80002430	ef834b13	xori	x22,x6,-264	  x6:0x00013ca2 x22=0xfffec25a
       15795000	      1578	80002434	586df513	andi	x10,x27,1414	 x27:0xffffffdc x10=0x00000584
       15805000	      1579	80002438	01662833	slt	x16,x12,x22	 x12:0x00000008 x22:0xfffec25a x16=0x00000000
       15815000	      1580	8000243c	ffc70713	addi	x14,x14,-4	 x14:0xfffffff7 x14=0xfffffff3
       15825000	      1581	80002440	edc38213	addi	x4,x7,-292	  x7:0x00000001  x4=0xfffffedd
       15835000	      1582	80002444	0048e8b3	or	x17,x17,x4	 x17:0xfffffffc  x4:0xfffffedd x17=0xfffffffd
       15845000	      1583	80002448	31d7b493	sltiu	x9,x15,797	 x15:0x00000002  x9=0x00000001
       15855000	      1584	8000244c	00c73a33	sltu	x20,x14,x12	 x14:0xfffffff3 x12:0x00000008 x20=0x00000000
       15865000	      1585	80002450	006f9b33	sll	x22,x31,x6	 x31:0x0000000e  x6:0x00013ca2 x22=0x00000038
       15875000	      1586	80002454	ffa752e3	bge	x14,x26,80002438	 x14:0xfffffff3 x26:0xfffffff6
       15885000	      1587	80002458	00537a33	and	x20,x6,x5	  x6:0x00013ca2  x5:0x80009fc4 x20=0x00001c80
       15895000	      1588	8000245c	00300813	addi	x16,x0,3	  x0:0x00000000 x16=0x00000003
       15905000	      1589	80002460	016e78b3	and	x17,x28,x22	 x28:0xfffffda0 x22:0x00000038 x17=0x00000020
       15915000	      1590	80002464	fef00f13	addi	x30,x0,-17	  x0:0x00000000 x30=0xffffffef
       15925000	      1591	80002468	002731b3	sltu	x3,x14,x2	 x14:0xfffffff3  x2:0x0000000a  x3=0x00000000
       15935000	      1592	8000246c	ba68d437	lui	x8,0xba68d	  x8=0xba68d000
       15945000	      1593	80002470	b8074a93	xori	x21,x14,-1152	 x14:0xfffffff3 x21=0x00000473
       15955000	      1594	80002474	ff680813	addi	x16,x16,-10	 x16:0x00000003 x16=0xfffffff9
       15965000	      1595	80002478	00a51393	slli	x7,x10,0xa	 x10:0x00000584  x7=0x00161000
       15975000	      1596	8000247c	00a701b3	add	x3,x14,x10	 x14:0xfffffff3 x10:0x00000584  x3=0x00000577
       15985000	      1597	80002480	ffe816e3	bne	x16,x30,8000246c	 x16:0xfffffff9 x30:0xffffffef
       15995000	      1598	00000000	00000013	addi	x0,x0,0	  x0:0x00000000
       16005000	      1599	80002468	00000013	addi	x0,x0,0	  x0:0x00000000
       16015000	      1600	8000246c	ba68d437	lui	x8,0xba68d	  x8=0xba68d000
       16025000	      1601	80002470	b8074a93	xori	x21,x14,-1152	 x14:0xfffffff3 x21=0x00000473
       16035000	      1602	80002474	ff680813	addi	x16,x16,-10	 x16:0xfffffff9 x16=0xffffffef
       16045000	      1603	80002478	00a51393	slli	x7,x10,0xa	 x10:0x00000584  x7=0x00161000
       16055000	      1604	8000247c	00a701b3	add	x3,x14,x10	 x14:0xfffffff3 x10:0x00000584  x3=0x00000577
       16065000	      1605	80002480	ffe816e3	bne	x16,x30,8000246c	 x16:0xffffffef x30:0xffffffef
       16075000	      1606	80002484	012048b3	xor	x17,x0,x18	  x0:0x00000000 x18:0x00000000 x17=0x00000000
       16085000	      1607	80002488	00000213	addi	x4,x0,0	  x0:0x00000000  x4=0x00000000
       16095000	      1608	8000248c	ff800693	addi	x13,x0,-8	  x0:0x00000000 x13=0xfffffff8
       16105000	      1609	80002490	0020c533	xor	x10,x1,x2	  x1:0x00000000  x2:0x0000000a x10=0x0000000a
       16115000	      1610	80002494	008d5e93	srli	x29,x26,0x8	 x26:0xfffffff6 x29=0x00ffffff
       16125000	      1611	80002498	ffb20213	addi	x4,x4,-5	  x4:0x00000000  x4=0xfffffffb
       16135000	      1612	8000249c	00500b13	addi	x22,x0,5	  x0:0x00000000 x22=0x00000005
       16145000	      1613	800024a0	00e00d13	addi	x26,x0,14	  x0:0x00000000 x26=0x0000000e
       16155000	      1614	800024a4	19d6e113	ori	x2,x13,413	 x13:0xfffffff8  x2=0xfffffffd
       16165000	      1615	800024a8	006ac4b3	xor	x9,x21,x6	 x21:0x00000473  x6:0x00013ca2  x9=0x000138d1
       16175000	      1616	800024ac	001b0b13	addi	x22,x22,1	 x22:0x00000005 x22=0x00000006
       16185000	      1617	800024b0	01163f33	sltu	x30,x12,x17	 x12:0x00000008 x17:0x00000000 x30=0x00000000
       16195000	      1618	800024b4	ffab0ae3	beq	x22,x26,800024a8	 x22:0x00000006 x26:0x0000000e
       16205000	      1619	800024b8	fcd25ce3	bge	x4,x13,80002490	  x4:0xfffffffb x13:0xfffffff8
       16215000	      1620	00000000	00000013	addi	x0,x0,0	  x0:0x00000000
       16225000	      1621	8000248c	00000013	addi	x0,x0,0	  x0:0x00000000
       16235000	      1622	80002490	0020c533	xor	x10,x1,x2	  x1:0x00000000  x2:0xfffffffd x10=0xfffffffd
       16245000	      1623	80002494	008d5e93	srli	x29,x26,0x8	 x26:0x0000000e x29=0x00000000
       16255000	      1624	80002498	ffb20213	addi	x4,x4,-5	  x4:0xfffffffb  x4=0xfffffff6
       16265000	      1625	8000249c	00500b13	addi	x22,x0,5	  x0:0x00000000 x22=0x00000005
       16275000	      1626	800024a0	00e00d13	addi	x26,x0,14	  x0:0x00000000 x26=0x0000000e
       16285000	      1627	800024a4	19d6e113	ori	x2,x13,413	 x13:0xfffffff8  x2=0xfffffffd
       16295000	      1628	800024a8	006ac4b3	xor	x9,x21,x6	 x21:0x00000473  x6:0x00013ca2  x9=0x000138d1
       16305000	      1629	800024ac	001b0b13	addi	x22,x22,1	 x22:0x00000005 x22=0x00000006
       16315000	      1630	800024b0	01163f33	sltu	x30,x12,x17	 x12:0x00000008 x17:0x00000000 x30=0x00000000
       16325000	      1631	800024b4	ffab0ae3	beq	x22,x26,800024a8	 x22:0x00000006 x26:0x0000000e
       16335000	      1632	800024b8	fcd25ce3	bge	x4,x13,80002490	  x4:0xfffffff6 x13:0xfffffff8
       16345000	      1633	800024bc	01129913	slli	x18,x5,0x11	  x5:0x80009fc4 x18=0x3f880000
       16355000	      1634	800024c0	e7ca2393	slti	x7,x20,-388	 x20:0x00001c80  x7=0x00000000
       16365000	      1635	800024c4	00afd433	srl	x8,x31,x10	 x31:0x0000000e x10:0xfffffffd  x8=0x00000000
       16375000	      1636	800024c8	4199d193	srai	x3,x19,0x19	 x19:0x80009f7c  x3=0xffffffc0
       16385000	      1637	800024cc	0028f7b3	and	x15,x17,x2	 x17:0x00000000  x2:0xfffffffd x15=0x00000000
       16395000	      1638	800024d0	40e5de93	srai	x29,x11,0xe	 x11:0xfffffffc x29=0xffffffff
       16405000	      1639	800024d4	65cf4a17	auipc	x20,0x65cf4	 x20=0xe5cf64d0
       16415000	      1640	800024d8	6f864b93	xori	x23,x12,1784	 x12:0x00000008 x23=0x000006f0
       16425000	      1641	800024dc	011b9693	slli	x13,x23,0x11	 x23:0x000006f0 x13=0x0de00000
       16435000	      1642	800024e0	007a00b3	add	x1,x20,x7	 x20:0xe5cf64d0  x7:0x00000000  x1=0xe5cf64d0
       16445000	      1643	800024e4	01b607b3	add	x15,x12,x27	 x12:0x00000008 x27:0xffffffdc x15=0xffffffe4
       16455000	      1644	800024e8	05559463	bne	x11,x21,80002530	 x11:0xfffffffc x21:0x00000473
       16465000	      1645	00000000	00000013	addi	x0,x0,0	  x0:0x00000000
       16475000	      1646	8000252c	00000013	addi	x0,x0,0	  x0:0x00000000
       16485000	      1647	80002530	0092a7b3	slt	x15,x5,x9	  x5:0x80009fc4  x9:0x000138d1 x15=0x00000001
       16495000	      1648	80002534	11792e17	auipc	x28,0x11792	 x28=0x91794530
       16505000	      1649	80002538	013b9c93	slli	x25,x23,0x13	 x23:0x000006f0 x25=0x37800000
       16515000	      1650	8000253c	040c5863	bge	x24,x0,8000258c	 x24:0x00000008  x0:0x00000000
       16525000	      1651	00000000	00000013	addi	x0,x0,0	  x0:0x00000000
       16535000	      1652	80002588	00000013	addi	x0,x0,0	  x0:0x00000000
       16545000	      1653	8000258c	23c07817	auipc	x16,0x23c07	 x16=0xa3c09588
       16555000	      1654	80002590	01eadd33	srl	x26,x21,x30	 x21:0x00000473 x30:0x00000000 x26=0x00000473
       16565000	      1655	80002594	02caee63	bltu	x21,x12,800025d0	 x21:0x00000473 x12:0x00000008
       16575000	      1656	80002598	000184b3	add	x9,x3,x0	  x3:0xffffffc0  x0:0x00000000  x9=0xffffffc0
       16585000	      1657	8000259c	a758fc97	auipc	x25,0xa758f	 x25=0x27591598
       16595000	      1658	800025a0	04969063	bne	x13,x9,800025e0	 x13:0x0de00000  x9:0xffffffc0
       16605000	      1659	00000000	00000013	addi	x0,x0,0	  x0:0x00000000
       16615000	      1660	800025dc	00000013	addi	x0,x0,0	  x0:0x00000000
       16625000	      1661	800025e0	41565113	srai	x2,x12,0x15	 x12:0x00000008  x2=0x00000000
       16635000	      1662	800025e4	4193ddb3	sra	x27,x7,x25	  x7:0x00000000 x25:0x27591598 x27=0x00000000
       16645000	      1663	800025e8	02fd0a63	beq	x26,x15,8000261c	 x26:0x00000473 x15:0x00000001
       16655000	      1664	800025ec	01a08c63	beq	x1,x26,80002604	  x1:0xe5cf64d0 x26:0x00000473
       16665000	      1665	800025f0	0091a833	slt	x16,x3,x9	  x3:0xffffffc0  x9:0xffffffc0 x16=0x00000000
       16675000	      1666	800025f4	d638e613	ori	x12,x17,-669	 x17:0x00000000 x12=0xfffffd63
       16685000	      1667	800025f8	02894a63	blt	x18,x8,8000262c	 x18:0x3f880000  x8:0x00000000
       16695000	      1668	800025fc	00e1f463	bgeu	x3,x14,80002604	  x3:0xffffffc0 x14:0xfffffff3
       16705000	      1669	80002600	4175d1b3	sra	x3,x11,x23	 x11:0xfffffffc x23:0x000006f0  x3=0xffffffff
       16715000	      1670	80002604	777e2c13	slti	x24,x28,1911	 x28:0x91794530 x24=0x00000001
       16725000	      1671	80002608	009ee3b3	or	x7,x29,x9	 x29:0xffffffff  x9:0xffffffc0  x7=0xffffffff
       16735000	      1672	8000260c	ea832793	slti	x15,x6,-344	  x6:0x00013ca2 x15=0x00000000
       16745000	      1673	80002610	4054d093	srai	x1,x9,0x5	  x9:0xffffffc0  x1=0xfffffffe
       16755000	      1674	80002614	40705633	sra	x12,x0,x7	  x0:0x00000000  x7:0xffffffff x12=0x00000000
       16765000	      1675	80002618	04917263	bgeu	x2,x9,8000265c	  x2:0x00000000  x9:0xffffffc0
       16775000	      1676	8000261c	00000013	addi	x0,x0,0	  x0:0x00000000
       16785000	      1677	80002620	0020f463	bgeu	x1,x2,80002628	  x1:0xfffffffe  x2:0x00000000
       16795000	      1678	00000000	00000013	addi	x0,x0,0	  x0:0x00000000
       16805000	      1679	80002624	00000013	addi	x0,x0,0	  x0:0x00000000
       16815000	      1680	80002628	01483ab3	sltu	x21,x16,x20	 x16:0x00000000 x20:0xe5cf64d0 x21=0x00000001
       16825000	      1681	8000262c	90030b13	addi	x22,x6,-1792	  x6:0x00013ca2 x22=0x000135a2
       16835000	      1682	80002630	0f22a213	slti	x4,x5,242	  x5:0x80009fc4  x4=0x00000001
       16845000	      1683	80002634	8eac8397	auipc	x7,0x8eac8	  x7=0x0eaca630
       16855000	      1684	80002638	005adc33	srl	x24,x21,x5	 x21:0x00000001  x5:0x80009fc4 x24=0x00000000
       16865000	      1685	8000263c	01500b33	add	x22,x0,x21	  x0:0x00000000 x21:0x00000001 x22=0x00000001
       16875000	      1686	80002640	9cf0cc93	xori	x25,x1,-1585	  x1:0xfffffffe x25=0x00000631
       16885000	      1687	80002644	031d5463	bge	x26,x17,8000266c	 x26:0x00000473 x17:0x00000000
       16895000	      1688	00000000	00000013	addi	x0,x0,0	  x0:0x00000000
       16905000	      1689	80002668	00000013	addi	x0,x0,0	  x0:0x00000000
       16915000	      1690	8000266c	013001b3	add	x3,x0,x19	  x0:0x00000000 x19:0x80009f7c  x3=0x80009f7c
       16925000	      1691	80002670	5e79cc93	xori	x25,x19,1511	 x19:0x80009f7c x25=0x80009a9b
       16935000	      1692	80002674	9e44ca97	auipc	x21,0x9e44c	 x21=0x1e44e670
       16945000	      1693	80002678	5bba9f17	auipc	x30,0x5bba9	 x30=0xdbbab674
       16955000	      1694	8000267c	01135b13	srli	x22,x6,0x11	  x6:0x00013ca2 x22=0x00000000
       16965000	      1695	80002680	41cc8bb3	sub	x23,x25,x28	 x25:0x80009a9b x28:0x91794530 x23=0xee87556b
       16975000	      1696	80002684	ddfe8a17	auipc	x20,0xddfe8	 x20=0x5dfea680
       16985000	      1697	80002688	00dc34b3	sltu	x9,x24,x13	 x24:0x00000000 x13:0x0de00000  x9=0x00000001
       16995000	      1698	8000268c	01cfbbb3	sltu	x23,x31,x28	 x31:0x0000000e x28:0x91794530 x23=0x00000001
       17005000	      1699	80002690	00029613	slli	x12,x5,0x0	  x5:0x80009fc4 x12=0x80009fc4
       17015000	      1700	80002694	7ba7a393	slti	x7,x15,1978	 x15:0x00000000  x7=0x00000001
       17025000	      1701	80002698	00000013	addi	x0,x0,0	  x0:0x00000000
       17035000	      1702	8000269c	d60dd037	lui	x0,0xd60dd	
       17045000	      1703	800026a0	01f7c4b3	xor	x9,x15,x31	 x15:0x00000000 x31:0x0000000e  x9=0x0000000e
       17055000	      1704	800026a4	402003b3	sub	x7,x0,x2	  x0:0x00000000  x2:0x00000000  x7=0x00000000
       17065000	      1705	800026a8	404b5d93	srai	x27,x22,0x4	 x22:0x00000000 x27=0x00000000
       17075000	      1706	800026ac	b13ebd13	sltiu	x26,x29,-1261	 x29:0xffffffff x26=0x00000000
       17085000	      1707	800026b0	002e2b33	slt	x22,x28,x2	 x28:0x91794530  x2:0x00000000 x22=0x00000001
       17095000	      1708	800026b4	04eae263	bltu	x21,x14,800026f8	 x21:0x1e44e670 x14:0xfffffff3
       17105000	      1709	00000000	00000013	addi	x0,x0,0	  x0:0x00000000
       17115000	      1710	800026f4	00000013	addi	x0,x0,0	  x0:0x00000000
       17125000	      1711	800026f8	191980b7	lui	x1,0x19198	  x1=0x19198000
       17135000	      1712	800026fc	01961a63	bne	x12,x25,80002710	 x12:0x80009fc4 x25:0x80009a9b
       17145000	      1713	00000000	00000013	addi	x0,x0,0	  x0:0x00000000
       17155000	      1714	8000270c	00000013	addi	x0,x0,0	  x0:0x00000000
       17165000	      1715	80002710	b8cff4b7	lui	x9,0xb8cff	  x9=0xb8cff000
       17175000	      1716	80002714	007fcc63	blt	x31,x7,8000272c	 x31:0x0000000e  x7:0x00000000
       17185000	      1717	80002718	1c4f7f13	andi	x30,x30,452	 x30:0xdbbab674 x30=0x00000044
       17195000	      1718	8000271c	004373b3	and	x7,x6,x4	  x6:0x00013ca2  x4:0x00000001  x7=0x00000000
       17205000	      1719	80002720	fd3e4d17	auipc	x26,0xfd3e4	 x26=0x7d3e671c
       17215000	      1720	80002724	a4bdb713	sltiu	x14,x27,-1461	 x27:0x00000000 x14=0x00000001
       17225000	      1721	80002728	03969e63	bne	x13,x25,80002764	 x13:0x0de00000 x25:0x80009a9b
       17235000	      1722	00000000	00000013	addi	x0,x0,0	  x0:0x00000000
       17245000	      1723	80002760	00000013	addi	x0,x0,0	  x0:0x00000000
       17255000	      1724	80002764	ddbcfa13	andi	x20,x25,-549	 x25:0x80009a9b x20=0x8000989b
       17265000	      1725	80002768	000901b3	add	x3,x18,x0	 x18:0x3f880000  x0:0x00000000  x3=0x3f880000
       17275000	      1726	8000276c	035d0c63	beq	x26,x21,800027a4	 x26:0x7d3e671c x21:0x1e44e670
       17285000	      1727	80002770	01d09133	sll	x2,x1,x29	  x1:0x19198000 x29:0xffffffff  x2=0x00000000
       17295000	      1728	80002774	40d85533	sra	x10,x16,x13	 x16:0x00000000 x13:0x0de00000 x10=0x00000000
       17305000	      1729	80002778	012bccb3	xor	x25,x23,x18	 x23:0x00000001 x18:0x3f880000 x25=0x3f880001
       17315000	      1730	8000277c	03236a63	bltu	x6,x18,800027b0	  x6:0x00013ca2 x18:0x3f880000
       17325000	      1731	00000000	00000013	addi	x0,x0,0	  x0:0x00000000
       17335000	      1732	800027ac	00000013	addi	x0,x0,0	  x0:0x00000000
       17345000	      1733	800027b0	01146e33	or	x28,x8,x17	  x8:0x00000000 x17:0x00000000 x28=0x00000000
       17355000	      1734	800027b4	01d29813	slli	x16,x5,0x1d	  x5:0x80009fc4 x16=0x80000000
       17365000	      1735	800027b8	00bf4333	xor	x6,x30,x11	 x30:0x00000044 x11:0xfffffffc  x6=0xffffffb8
       17375000	      1736	800027bc	ba57c313	xori	x6,x15,-1115	 x15:0x00000000  x6=0xfffffba5
       17385000	      1737	800027c0	0376cd97	auipc	x27,0x376c	 x27=0x8376e7bc
       17395000	      1738	800027c4	41ee5e13	srai	x28,x28,0x1e	 x28:0x00000000 x28=0x00000000
       17405000	      1739	800027c8	40bcdb13	srai	x22,x25,0xb	 x25:0x3f880001 x22=0x0007f100
       17415000	      1740	800027cc	01369c93	slli	x25,x13,0x13	 x13:0x0de00000 x25=0x00000000
       17425000	      1741	800027d0	40dd04b3	sub	x9,x26,x13	 x26:0x7d3e671c x13:0x0de00000  x9=0x6f5e671c
       17435000	      1742	800027d4	03869e63	bne	x13,x24,80002810	 x13:0x0de00000 x24:0x00000000
       17445000	      1743	00000000	00000013	addi	x0,x0,0	  x0:0x00000000
       17455000	      1744	8000280c	00000013	addi	x0,x0,0	  x0:0x00000000
       17465000	      1745	80002810	02d5c063	blt	x11,x13,80002830	 x11:0xfffffffc x13:0x0de00000
       17475000	      1746	00000000	00000013	addi	x0,x0,0	  x0:0x00000000
       17485000	      1747	8000282c	00000013	addi	x0,x0,0	  x0:0x00000000
       17495000	      1748	80002830	00b89a13	slli	x20,x17,0xb	 x17:0x00000000 x20=0x00000000
       17505000	      1749	80002834	412e5a13	srai	x20,x28,0x12	 x28:0x00000000 x20=0x00000000
       17515000	      1750	80002838	01bad233	srl	x4,x21,x27	 x21:0x1e44e670 x27:0x8376e7bc  x4=0x00000001
       17525000	      1751	8000283c	01fc9793	slli	x15,x25,0x1f	 x25:0x00000000 x15=0x00000000
       17535000	      1752	80002840	c21eb097	auipc	x1,0xc21eb	  x1=0x421ed83c
       17545000	      1753	80002844	0112c433	xor	x8,x5,x17	  x5:0x80009fc4 x17:0x00000000  x8=0x80009fc4
       17555000	      1754	80002848	019fceb3	xor	x29,x31,x25	 x31:0x0000000e x25:0x00000000 x29=0x0000000e
       17565000	      1755	8000284c	002f0a33	add	x20,x30,x2	 x30:0x00000044  x2:0x00000000 x20=0x00000044
       17575000	      1756	80002850	cb130613	addi	x12,x6,-847	  x6:0xfffffba5 x12=0xfffff856
       17585000	      1757	80002854	0178c4b3	xor	x9,x17,x23	 x17:0x00000000 x23:0x00000001  x9=0x00000001
       17595000	      1758	80002858	03e24063	blt	x4,x30,80002878	  x4:0x00000001 x30:0x00000044
       17605000	      1759	00000000	00000013	addi	x0,x0,0	  x0:0x00000000
       17615000	      1760	80002874	00000013	addi	x0,x0,0	  x0:0x00000000
       17625000	      1761	80002878	01dfc463	blt	x31,x29,80002880	 x31:0x0000000e x29:0x0000000e
       17635000	      1762	8000287c	01717a63	bgeu	x2,x23,80002890	  x2:0x00000000 x23:0x00000001
       17645000	      1763	80002880	014c6233	or	x4,x24,x20	 x24:0x00000000 x20:0x00000044  x4=0x00000044
       17655000	      1764	80002884	4026d0b3	sra	x1,x13,x2	 x13:0x0de00000  x2:0x00000000  x1=0x0de00000
       17665000	      1765	80002888	00967e33	and	x28,x12,x9	 x12:0xfffff856  x9:0x00000001 x28=0x00000000
       17675000	      1766	8000288c	008146b3	xor	x13,x2,x8	  x2:0x00000000  x8:0x80009fc4 x13=0x80009fc4
       17685000	      1767	80002890	018700b3	add	x1,x14,x24	 x14:0x00000001 x24:0x00000000  x1=0x00000001
       17695000	      1768	80002894	09018463	beq	x3,x16,8000291c	  x3:0x3f880000 x16:0x80000000
       17705000	      1769	80002898	c42b2393	slti	x7,x22,-958	 x22:0x0007f100  x7=0x00000000
       17715000	      1770	8000289c	415e53b3	sra	x7,x28,x21	 x28:0x00000000 x21:0x1e44e670  x7=0x00000000
       17725000	      1771	800028a0	00ef6a63	bltu	x30,x14,800028b4	 x30:0x00000044 x14:0x00000001
       17735000	      1772	800028a4	32c7c093	xori	x1,x15,812	 x15:0x00000000  x1=0x0000032c
       17745000	      1773	800028a8	40318db3	sub	x27,x3,x3	  x3:0x3f880000  x3:0x3f880000 x27=0x00000000
       17755000	      1774	800028ac	00000013	addi	x0,x0,0	  x0:0x00000000
       17765000	      1775	800028b0	00dadc33	srl	x24,x21,x13	 x21:0x1e44e670 x13:0x80009fc4 x24=0x01e44e67
       17775000	      1776	800028b4	00547d33	and	x26,x8,x5	  x8:0x80009fc4  x5:0x80009fc4 x26=0x80009fc4
       17785000	      1777	800028b8	d9bbab13	slti	x22,x23,-613	 x23:0x00000001 x22=0x00000000
       17795000	      1778	800028bc	40e457b3	sra	x15,x8,x14	  x8:0x80009fc4 x14:0x00000001 x15=0xc0004fe2
       17805000	      1779	800028c0	ff600793	addi	x15,x0,-10	  x0:0x00000000 x15=0xfffffff6
       17815000	      1780	800028c4	01779c13	slli	x24,x15,0x17	 x15:0xfffffff6 x24=0xfb000000
       17825000	      1781	800028c8	01ddd433	srl	x8,x27,x29	 x27:0x00000000 x29:0x0000000e  x8=0x00000000
       17835000	      1782	800028cc	5b810a97	auipc	x21,0x5b810	 x21=0xdb8128c8
       17845000	      1783	800028d0	4eecd1b7	lui	x3,0x4eecd	  x3=0x4eecd000
       17855000	      1784	800028d4	fee00e93	addi	x29,x0,-18	  x0:0x00000000 x29=0xffffffee
       17865000	      1785	800028d8	59cbab13	slti	x22,x23,1436	 x23:0x00000001 x22=0x00000001
       17875000	      1786	800028dc	00a0e533	or	x10,x1,x10	  x1:0x0000032c x10:0x00000000 x10=0x0000032c
       17885000	      1787	800028e0	ffb78793	addi	x15,x15,-5	 x15:0xfffffff6 x15=0xfffffff1
       17895000	      1788	800028e4	739a2f13	slti	x30,x20,1849	 x20:0x00000044 x30=0x00000001
       17905000	      1789	800028e8	e2868493	addi	x9,x13,-472	 x13:0x80009fc4  x9=0x80009dec
       17915000	      1790	800028ec	003ddb93	srli	x23,x27,0x3	 x27:0x00000000 x23=0x00000000
       17925000	      1791	800028f0	0072a733	slt	x14,x5,x7	  x5:0x80009fc4  x7:0x00000000 x14=0x00000001
       17935000	      1792	800028f4	b1126513	ori	x10,x4,-1263	  x4:0x00000044 x10=0xfffffb55
       17945000	      1793	800028f8	ffd7d2e3	bge	x15,x29,800028dc	 x15:0xfffffff1 x29:0xffffffee
       17955000	      1794	00000000	00000013	addi	x0,x0,0	  x0:0x00000000
       17965000	      1795	800028d8	00000013	addi	x0,x0,0	  x0:0x00000000
       17975000	      1796	800028dc	00a0e533	or	x10,x1,x10	  x1:0x0000032c x10:0xfffffb55 x10=0xfffffb7d
       17985000	      1797	800028e0	ffb78793	addi	x15,x15,-5	 x15:0xfffffff1 x15=0xffffffec
       17995000	      1798	800028e4	739a2f13	slti	x30,x20,1849	 x20:0x00000044 x30=0x00000001
       18005000	      1799	800028e8	e2868493	addi	x9,x13,-472	 x13:0x80009fc4  x9=0x80009dec
       18015000	      1800	800028ec	003ddb93	srli	x23,x27,0x3	 x27:0x00000000 x23=0x00000000
       18025000	      1801	800028f0	0072a733	slt	x14,x5,x7	  x5:0x80009fc4  x7:0x00000000 x14=0x00000001
       18035000	      1802	800028f4	b1126513	ori	x10,x4,-1263	  x4:0x00000044 x10=0xfffffb55
       18045000	      1803	800028f8	ffd7d2e3	bge	x15,x29,800028dc	 x15:0xffffffec x29:0xffffffee
       18055000	      1804	800028fc	9d428a13	addi	x20,x5,-1580	  x5:0x80009fc4 x20=0x80009998
       18065000	      1805	80002900	9e940437	lui	x8,0x9e940	  x8=0x9e940000
       18075000	      1806	80002904	41310333	sub	x6,x2,x19	  x2:0x00000000 x19:0x80009f7c  x6=0x7fff6084
       18085000	      1807	80002908	010f57b3	srl	x15,x30,x16	 x30:0x00000001 x16:0x80000000 x15=0x00000001
       18095000	      1808	8000290c	c0dcc793	xori	x15,x25,-1011	 x25:0x00000000 x15=0xfffffc0d
       18105000	      1809	80002910	41245193	srai	x3,x8,0x12	  x8:0x9e940000  x3=0xffffe7a5
       18115000	      1810	80002914	41d08833	sub	x16,x1,x29	  x1:0x0000032c x29:0xffffffee x16=0x0000033e
       18125000	      1811	80002918	0168b333	sltu	x6,x17,x22	 x17:0x00000000 x22:0x00000001  x6=0x00000001
       18135000	      1812	8000291c	01a4c833	xor	x16,x9,x26	  x9:0x80009dec x26:0x80009fc4 x16=0x00000228
       18145000	      1813	80002920	41210db3	sub	x27,x2,x18	  x2:0x00000000 x18:0x3f880000 x27=0xc0780000
       18155000	      1814	80002924	d9283793	sltiu	x15,x16,-622	 x16:0x00000228 x15=0x00000001
       18165000	      1815	80002928	00418a63	beq	x3,x4,8000293c	  x3:0xffffe7a5  x4:0x00000044
       18175000	      1816	8000292c	006243b3	xor	x7,x4,x6	  x4:0x00000044  x6:0x00000001  x7=0x00000045
       18185000	      1817	80002930	2a9c2413	slti	x8,x24,681	 x24:0xfb000000  x8=0x00000001
       18195000	      1818	80002934	0547c663	blt	x15,x20,80002980	 x15:0x00000001 x20:0x80009998
       18205000	      1819	80002938	00a4bd33	sltu	x26,x9,x10	  x9:0x80009dec x10:0xfffffb55 x26=0x00000001
       18215000	      1820	8000293c	0454c263	blt	x9,x5,80002980	  x9:0x80009dec  x5:0x80009fc4
       18225000	      1821	00000000	00000013	addi	x0,x0,0	  x0:0x00000000
       18235000	      1822	8000297c	00000013	addi	x0,x0,0	  x0:0x00000000
       18245000	      1823	80002980	010f7533	and	x10,x30,x16	 x30:0x00000001 x16:0x00000228 x10=0x00000000
       18255000	      1824	80002984	a0077113	andi	x2,x14,-1536	 x14:0x00000001  x2=0x00000000
       18265000	      1825	80002988	df960413	addi	x8,x12,-519	 x12:0xfffff856  x8=0xfffff64f
       18275000	      1826	8000298c	6c948497	auipc	x9,0x6c948	  x9=0xec94a988
       18285000	      1827	80002990	412a5db3	sra	x27,x20,x18	 x20:0x80009998 x18:0x3f880000 x27=0x80009998
       18295000	      1828	80002994	00291213	slli	x4,x18,0x2	 x18:0x3f880000  x4=0xfe200000
       18305000	      1829	80002998	01821b33	sll	x22,x4,x24	  x4:0xfe200000 x24:0xfb000000 x22=0xfe200000
       18315000	      1830	8000299c	04cfe263	bltu	x31,x12,800029e0	 x31:0x0000000e x12:0xfffff856
       18325000	      1831	00000000	00000013	addi	x0,x0,0	  x0:0x00000000
       18335000	      1832	800029dc	00000013	addi	x0,x0,0	  x0:0x00000000
       18345000	      1833	800029e0	0f9e6013	ori	x0,x28,249	 x28:0x00000000
       18355000	      1834	800029e4	76741b17	auipc	x22,0x76741	 x22=0xf67439e0
       18365000	      1835	800029e8	00000013	addi	x0,x0,0	  x0:0x00000000
       18375000	      1836	800029ec	03bfc263	blt	x31,x27,80002a10	 x31:0x0000000e x27:0x80009998
       18385000	      1837	800029f0	022b6063	bltu	x22,x2,80002a10	 x22:0xf67439e0  x2:0x00000000
       18395000	      1838	800029f4	40fe00b3	sub	x1,x28,x15	 x28:0x00000000 x15:0x00000001  x1=0xffffffff
       18405000	      1839	800029f8	00a75c63	bge	x14,x10,80002a10	 x14:0x00000001 x10:0x00000000
       18415000	      1840	00000000	00000013	addi	x0,x0,0	  x0:0x00000000
       18425000	      1841	80002a0c	00000013	addi	x0,x0,0	  x0:0x00000000
       18435000	      1842	80002a10	002d3533	sltu	x10,x26,x2	 x26:0x00000001  x2:0x00000000 x10=0x00000000
       18445000	      1843	80002a14	22eeba13	sltiu	x20,x29,558	 x29:0xffffffee x20=0x00000000
       18455000	      1844	80002a18	0049a203	lw	x4,4(x19)	 x19:0x80009f7c  x4=0x80001004 PA:0x80009f80
       18465000	      1845	80002a1c	00898993	addi	x19,x19,8	 x19:0x80009f7c x19=0x80009f84
       18475000	      1846	80002a20	960c9617	auipc	x12,0x960c9	 x12=0x160cba1c
       18485000	      1847	80002a24	00cd1533	sll	x10,x26,x12	 x26:0x00000001 x12:0x160cba1c x10=0x10000000
       18495000	      1848	80002a28	00302533	slt	x10,x0,x3	  x0:0x00000000  x3:0xffffe7a5 x10=0x00000000
       18505000	      1849	80002a2c	00120d13	addi	x26,x4,1	  x4:0x80001004 x26=0x80001005
       18515000	      1850	80002a30	000d0d67	jalr	x26,x26,0	 x26:0x80001005 x26=0x80002a30
       18525000	      1851	00000000	00000013	addi	x0,x0,0	  x0:0x00000000
       18535000	      1852	80001004	00000013	addi	x0,x0,0	  x0:0x00000000
       18545000	      1853	80001008	03cd0a63	beq	x26,x28,8000103c	 x26:0x80002a30 x28:0x00000000
       18555000	      1854	8000100c	4043d613	srai	x12,x7,0x4	  x7:0x00000045 x12=0x00000004
       18565000	      1855	80001010	037d1863	bne	x26,x23,80001040	 x26:0x80002a30 x23:0x00000000
       18575000	      1856	00000000	00000013	addi	x0,x0,0	  x0:0x00000000
       18585000	      1857	8000103c	00000013	addi	x0,x0,0	  x0:0x00000000
       18595000	      1858	80001040	00000013	addi	x0,x0,0	  x0:0x00000000
       18605000	      1859	80001044	00d15213	srli	x4,x2,0xd	  x2:0x00000000  x4=0x00000000
       18615000	      1860	80001048	0171b033	sltu	x0,x3,x23	  x3:0xffffe7a5 x23:0x00000000
       18625000	      1861	8000104c	02f6e063	bltu	x13,x15,8000106c	 x13:0x80009fc4 x15:0x00000001
       18635000	      1862	80001050	000ddc13	srli	x24,x27,0x0	 x27:0x80009998 x24=0x80009998
       18645000	      1863	80001054	01886433	or	x8,x16,x24	 x16:0x00000228 x24:0x80009998  x8=0x80009bb8
       18655000	      1864	80001058	01608f33	add	x30,x1,x22	  x1:0xffffffff x22:0xf67439e0 x30=0xf67439df
       18665000	      1865	8000105c	c12ea017	auipc	x0,0xc12ea	
       18675000	      1866	80001060	d7366193	ori	x3,x12,-653	 x12:0x00000004  x3=0xfffffd77
       18685000	      1867	80001064	01701093	slli	x1,x0,0x17	  x0:0x00000000  x1=0x00000000
       18695000	      1868	80001068	9d6cce93	xori	x29,x25,-1578	 x25:0x00000000 x29=0xfffff9d6
       18705000	      1869	8000106c	0831fb13	andi	x22,x3,131	  x3:0xfffffd77 x22=0x00000003
       18715000	      1870	80001070	010b9113	slli	x2,x23,0x10	 x23:0x00000000  x2=0x00000000
       18725000	      1871	80001074	019e9bb3	sll	x23,x29,x25	 x29:0xfffff9d6 x25:0x00000000 x23=0xfffff9d6
       18735000	      1872	80001078	e2ef4013	xori	x0,x30,-466	 x30:0xf67439df
       18745000	      1873	8000107c	01969b93	slli	x23,x13,0x19	 x13:0x80009fc4 x23=0x88000000
       18755000	      1874	80001080	8a838437	lui	x8,0x8a838	  x8=0x8a838000
       18765000	      1875	80001084	00438e63	beq	x7,x4,800010a0	  x7:0x00000045  x4:0x00000000
       18775000	      1876	80001088	df888c93	addi	x25,x17,-520	 x17:0x00000000 x25=0xfffffdf8
       18785000	      1877	8000108c	016bce63	blt	x23,x22,800010a8	 x23:0x88000000 x22:0x00000003
       18795000	      1878	00000000	00000013	addi	x0,x0,0	  x0:0x00000000
       18805000	      1879	800010a4	00000013	addi	x0,x0,0	  x0:0x00000000
       18815000	      1880	800010a8	02410063	beq	x2,x4,800010c8	  x2:0x00000000  x4:0x00000000
       18825000	      1881	00000000	00000013	addi	x0,x0,0	  x0:0x00000000
       18835000	      1882	800010c4	00000013	addi	x0,x0,0	  x0:0x00000000
       18845000	      1883	800010c8	41438ab3	sub	x21,x7,x20	  x7:0x00000045 x20:0x00000000 x21=0x00000045
       18855000	      1884	800010cc	01745593	srli	x11,x8,0x17	  x8:0x8a838000 x11=0x00000115
       18865000	      1885	800010d0	68a96913	ori	x18,x18,1674	 x18:0x3f880000 x18=0x3f88068a
       18875000	      1886	800010d4	0017fc33	and	x24,x15,x1	 x15:0x00000001  x1:0x00000000 x24=0x00000000
       18885000	      1887	800010d8	0031da93	srli	x21,x3,0x3	  x3:0xfffffd77 x21=0x1fffffae
       18895000	      1888	800010dc	02e08063	beq	x1,x14,800010fc	  x1:0x00000000 x14:0x00000001
       18905000	      1889	800010e0	00e456b3	srl	x13,x8,x14	  x8:0x8a838000 x14:0x00000001 x13=0x4541c000
       18915000	      1890	800010e4	019ac033	xor	x0,x21,x25	 x21:0x1fffffae x25:0xfffffdf8
       18925000	      1891	800010e8	c736bc13	sltiu	x24,x13,-909	 x13:0x4541c000 x24=0x00000001
       18935000	      1892	800010ec	396f0513	addi	x10,x30,918	 x30:0xf67439df x10=0xf6743d75
       18945000	      1893	800010f0	02c29663	bne	x5,x12,8000111c	  x5:0x80009fc4 x12:0x00000004
       18955000	      1894	00000000	00000013	addi	x0,x0,0	  x0:0x00000000
       18965000	      1895	80001118	00000013	addi	x0,x0,0	  x0:0x00000000
       18975000	      1896	8000111c	02b00263	beq	x0,x11,80001140	  x0:0x00000000 x11:0x00000115
       18985000	      1897	80001120	da70c413	xori	x8,x1,-601	  x1:0x00000000  x8=0xfffffda7
       18995000	      1898	80001124	45112893	slti	x17,x2,1105	  x2:0x00000000 x17=0x00000001
       19005000	      1899	80001128	02d48c63	beq	x9,x13,80001160	  x9:0xec94a988 x13:0x4541c000
       19015000	      1900	8000112c	404f5d13	srai	x26,x30,0x4	 x30:0xf67439df x26=0xff67439d
       19025000	      1901	80001130	40e1d3b3	sra	x7,x3,x14	  x3:0xfffffd77 x14:0x00000001  x7=0xfffffebb
       19035000	      1902	80001134	01299913	slli	x18,x19,0x12	 x19:0x80009f84 x18=0x7e100000
       19045000	      1903	80001138	057be863	bltu	x23,x23,80001188	 x23:0x88000000 x23:0x88000000
       19055000	      1904	8000113c	16816693	ori	x13,x2,360	  x2:0x00000000 x13=0x00000168
       19065000	      1905	80001140	00000013	addi	x0,x0,0	  x0:0x00000000
       19075000	      1906	80001144	01592333	slt	x6,x18,x21	 x18:0x7e100000 x21:0x1fffffae  x6=0x00000000
       19085000	      1907	80001148	00a41a63	bne	x8,x10,8000115c	  x8:0xfffffda7 x10:0xf6743d75
       19095000	      1908	00000000	00000013	addi	x0,x0,0	  x0:0x00000000
       19105000	      1909	80001158	00000013	addi	x0,x0,0	  x0:0x00000000
       19115000	      1910	8000115c	03cf1063	bne	x30,x28,8000117c	 x30:0xf67439df x28:0x00000000
       19125000	      1911	00000000	00000013	addi	x0,x0,0	  x0:0x00000000
       19135000	      1912	80001178	00000013	addi	x0,x0,0	  x0:0x00000000
       19145000	      1913	8000117c	004a3733	sltu	x14,x20,x4	 x20:0x00000000  x4:0x00000000 x14=0x00000000
       19155000	      1914	80001180	410ad933	sra	x18,x21,x16	 x21:0x1fffffae x16:0x00000228 x18=0x001fffff
       19165000	      1915	80001184	029df063	bgeu	x27,x9,800011a4	 x27:0x80009998  x9:0xec94a988
       19175000	      1916	80001188	01aec6b3	xor	x13,x29,x26	 x29:0xfffff9d6 x26:0xff67439d x13=0x0098ba4b
       19185000	      1917	8000118c	052fd663	bge	x31,x18,800011d8	 x31:0x0000000e x18:0x001fffff
       19195000	      1918	80001190	01836c63	bltu	x6,x24,800011a8	  x6:0x00000000 x24:0x00000001
       19205000	      1919	00000000	00000013	addi	x0,x0,0	  x0:0x00000000
       19215000	      1920	800011a4	00000013	addi	x0,x0,0	  x0:0x00000000
       19225000	      1921	800011a8	e71bec97	auipc	x25,0xe71be	 x25=0x671bf1a4
       19235000	      1922	800011ac	00dcec33	or	x24,x25,x13	 x25:0x671bf1a4 x13:0x0098ba4b x24=0x679bfbef
       19245000	      1923	800011b0	9ce1a313	slti	x6,x3,-1586	  x3:0xfffffd77  x6=0x00000000
       19255000	      1924	800011b4	c8910013	addi	x0,x2,-887	  x2:0x00000000
       19265000	      1925	800011b8	08604263	blt	x0,x6,8000123c	  x0:0x00000000  x6:0x00000000
       19275000	      1926	800011bc	02914063	blt	x2,x9,800011dc	  x2:0x00000000  x9:0xec94a988
       19285000	      1927	800011c0	00ef8eb3	add	x29,x31,x14	 x31:0x0000000e x14:0x00000000 x29=0x0000000e
       19295000	      1928	800011c4	005271b3	and	x3,x4,x5	  x4:0x00000000  x5:0x80009fc4  x3=0x00000000
       19305000	      1929	800011c8	00d0d633	srl	x12,x1,x13	  x1:0x00000000 x13:0x0098ba4b x12=0x00000000
       19315000	      1930	800011cc	01637c63	bgeu	x6,x22,800011e4	  x6:0x00000000 x22:0x00000003
       19325000	      1931	800011d0	084f4863	blt	x30,x4,80001260	 x30:0xf67439df  x4:0x00000000
       19335000	      1932	00000000	00000013	addi	x0,x0,0	  x0:0x00000000
       19345000	      1933	8000125c	00000013	addi	x0,x0,0	  x0:0x00000000
       19355000	      1934	80001260	ecbdfc93	andi	x25,x27,-309	 x27:0x80009998 x25=0x80009888
       19365000	      1935	80001264	00e11393	slli	x7,x2,0xe	  x2:0x00000000  x7=0x00000000
       19375000	      1936	80001268	d5d4e493	ori	x9,x9,-675	  x9:0xec94a988  x9=0xfffffddd
       19385000	      1937	8000126c	0fa16317	auipc	x6,0xfa16	  x6=0x8fa17268
       19395000	      1938	80001270	00000013	addi	x0,x0,0	  x0:0x00000000
       19405000	      1939	80001274	04a74663	blt	x14,x10,800012c0	 x14:0x00000000 x10:0xf6743d75
       19415000	      1940	80001278	01fd9ab3	sll	x21,x27,x31	 x27:0x80009998 x31:0x0000000e x21=0x26660000
       19425000	      1941	8000127c	006f90b3	sll	x1,x31,x6	 x31:0x0000000e  x6:0x8fa17268  x1=0x00000e00
       19435000	      1942	80001280	00625f33	srl	x30,x4,x6	  x4:0x00000000  x6:0x8fa17268 x30=0x00000000
       19445000	      1943	80001284	f7ebac17	auipc	x24,0xf7eba	 x24=0x77ebb280
       19455000	      1944	80001288	018c44b3	xor	x9,x24,x24	 x24:0x77ebb280 x24:0x77ebb280  x9=0x00000000
       19465000	      1945	8000128c	402c0033	sub	x0,x24,x2	 x24:0x77ebb280  x2:0x00000000
       19475000	      1946	80001290	06b4d463	bge	x9,x11,800012f8	  x9:0x00000000 x11:0x00000115
       19485000	      1947	80001294	fbffec13	ori	x24,x31,-65	 x31:0x0000000e x24=0xffffffbf
       19495000	      1948	80001298	079a5a63	bge	x20,x25,8000130c	 x20:0x00000000 x25:0x80009888
       19505000	      1949	00000000	00000013	addi	x0,x0,0	  x0:0x00000000
       19515000	      1950	80001308	00000013	addi	x0,x0,0	  x0:0x00000000
       19525000	      1951	8000130c	02391063	bne	x18,x3,8000132c	 x18:0x001fffff  x3:0x00000000
       19535000	      1952	00000000	00000013	addi	x0,x0,0	  x0:0x00000000
       19545000	      1953	80001328	00000013	addi	x0,x0,0	  x0:0x00000000
       19555000	      1954	8000132c	01f631b3	sltu	x3,x12,x31	 x12:0x00000000 x31:0x0000000e  x3=0x00000001
       19565000	      1955	80001330	1cb7c193	xori	x3,x15,459	 x15:0x00000001  x3=0x000001ca
       19575000	      1956	80001334	ee104793	xori	x15,x0,-287	  x0:0x00000000 x15=0xfffffee1
       19585000	      1957	80001338	016e3c33	sltu	x24,x28,x22	 x28:0x00000000 x22:0x00000003 x24=0x00000001
       19595000	      1958	8000133c	00a81c33	sll	x24,x16,x10	 x16:0x00000228 x10:0xf6743d75 x24=0x45000000
       19605000	      1959	80001340	00733733	sltu	x14,x6,x7	  x6:0x8fa17268  x7:0x00000000 x14=0x00000000
       19615000	      1960	80001344	013d5413	srli	x8,x26,0x13	 x26:0xff67439d  x8=0x00001fec
       19625000	      1961	80001348	007f8ab3	add	x21,x31,x7	 x31:0x0000000e  x7:0x00000000 x21=0x0000000e
       19635000	      1962	8000134c	43ba6cb7	lui	x25,0x43ba6	 x25=0x43ba6000
       19645000	      1963	80001350	0598f863	bgeu	x17,x25,800013a0	 x17:0x00000001 x25:0x43ba6000
       19655000	      1964	80001354	012e9133	sll	x2,x29,x18	 x29:0x0000000e x18:0x001fffff  x2=0x00000000
       19665000	      1965	80001358	00b5b8b3	sltu	x17,x11,x11	 x11:0x00000115 x11:0x00000115 x17=0x00000000
       19675000	      1966	8000135c	626c6597	auipc	x11,0x626c6	 x11=0xe26c7358
       19685000	      1967	80001360	417bde33	sra	x28,x23,x23	 x23:0x88000000 x23:0x88000000 x28=0x88000000
       19695000	      1968	80001364	795f8e93	addi	x29,x31,1941	 x31:0x0000000e x29=0x000007a3
       19705000	      1969	80001368	41f70833	sub	x16,x14,x31	 x14:0x00000000 x31:0x0000000e x16=0xfffffff2
       19715000	      1970	8000136c	2d1d6437	lui	x8,0x2d1d6	  x8=0x2d1d6000
       19725000	      1971	80001370	020b5c63	bge	x22,x0,800013a8	 x22:0x00000003  x0:0x00000000
       19735000	      1972	00000000	00000013	addi	x0,x0,0	  x0:0x00000000
       19745000	      1973	800013a4	00000013	addi	x0,x0,0	  x0:0x00000000
       19755000	      1974	800013a8	01794e63	blt	x18,x23,800013c4	 x18:0x001fffff x23:0x88000000
       19765000	      1975	800013ac	40b6d5b3	sra	x11,x13,x11	 x13:0x0098ba4b x11:0xe26c7358 x11=0x00000000
       19775000	      1976	800013b0	fe88c893	xori	x17,x17,-24	 x17:0x00000000 x17=0xffffffe8
       19785000	      1977	800013b4	01535b33	srl	x22,x6,x21	  x6:0x8fa17268 x21:0x0000000e x22=0x00023e85
       19795000	      1978	800013b8	40ded6b3	sra	x13,x29,x13	 x29:0x000007a3 x13:0x0098ba4b x13=0x00000000
       19805000	      1979	800013bc	022ac063	blt	x21,x2,800013dc	 x21:0x0000000e  x2:0x00000000
       19815000	      1980	800013c0	02315663	bge	x2,x3,800013ec	  x2:0x00000000  x3:0x000001ca
       19825000	      1981	800013c4	00908933	add	x18,x1,x9	  x1:0x00000e00  x9:0x00000000 x18=0x00000e00
       19835000	      1982	800013c8	40a60533	sub	x10,x12,x10	 x12:0x00000000 x10:0xf6743d75 x10=0x098bc28b
       19845000	      1983	800013cc	02854863	blt	x10,x8,800013fc	 x10:0x098bc28b  x8:0x2d1d6000
       19855000	      1984	00000000	00000013	addi	x0,x0,0	  x0:0x00000000
       19865000	      1985	800013f8	00000013	addi	x0,x0,0	  x0:0x00000000
       19875000	      1986	800013fc	006ad913	srli	x18,x21,0x6	 x21:0x0000000e x18=0x00000000
       19885000	      1987	80001400	f93e41b7	lui	x3,0xf93e4	  x3=0xf93e4000
       19895000	      1988	80001404	40e85b33	sra	x22,x16,x14	 x16:0xfffffff2 x14:0x00000000 x22=0xfffffff2
       19905000	      1989	80001408	080c7663	bgeu	x24,x0,80001494	 x24:0x45000000  x0:0x00000000
       19915000	      1990	00000000	00000013	addi	x0,x0,0	  x0:0x00000000
       19925000	      1991	80001490	00000013	addi	x0,x0,0	  x0:0x00000000
       19935000	      1992	80001494	40025ab3	sra	x21,x4,x0	  x4:0x00000000  x0:0x00000000 x21=0x00000000
       19945000	      1993	80001498	41d10c33	sub	x24,x2,x29	  x2:0x00000000 x29:0x000007a3 x24=0xfffff85d
       19955000	      1994	8000149c	00000013	addi	x0,x0,0	  x0:0x00000000
       19965000	      1995	800014a0	00e95d13	srli	x26,x18,0xe	 x18:0x00000000 x26=0x00000000
       19975000	      1996	800014a4	85e87793	andi	x15,x16,-1954	 x16:0xfffffff2 x15=0xfffff852
       19985000	      1997	800014a8	00000013	addi	x0,x0,0	  x0:0x00000000
       19995000	      1998	800014ac	02cd1663	bne	x26,x12,800014d8	 x26:0x00000000 x12:0x00000000
       20005000	      1999	800014b0	a2274613	xori	x12,x14,-1502	 x14:0x00000000 x12=0xfffffa22
       20015000	      2000	800014b4	27928817	auipc	x16,0x27928	 x16=0xa79294b0
       20025000	      2001	800014b8	0022ca63	blt	x5,x2,800014cc	  x5:0x80009fc4  x2:0x00000000
       20035000	      2002	00000000	00000013	addi	x0,x0,0	  x0:0x00000000
       20045000	      2003	800014c8	00000013	addi	x0,x0,0	  x0:0x00000000
       20055000	      2004	800014cc	03b4d063	bge	x9,x27,800014ec	  x9:0x00000000 x27:0x80009998
       20065000	      2005	00000000	00000013	addi	x0,x0,0	  x0:0x00000000
       20075000	      2006	800014e8	00000013	addi	x0,x0,0	  x0:0x00000000
       20085000	      2007	800014ec	40125c33	sra	x24,x4,x1	  x4:0x00000000  x1:0x00000e00 x24=0x00000000
       20095000	      2008	800014f0	01fb1193	slli	x3,x22,0x1f	 x22:0xfffffff2  x3=0x00000000
       20105000	      2009	800014f4	279bbe93	sltiu	x29,x23,633	 x23:0x88000000 x29=0x00000000
       20115000	      2010	800014f8	00918e33	add	x28,x3,x9	  x3:0x00000000  x9:0x00000000 x28=0x00000000
       20125000	      2011	800014fc	5acbc593	xori	x11,x23,1452	 x23:0x88000000 x11=0x880005ac
       20135000	      2012	80001500	01f85593	srli	x11,x16,0x1f	 x16:0xa79294b0 x11=0x00000001
       20145000	      2013	80001504	000c70b3	and	x1,x24,x0	 x24:0x00000000  x0:0x00000000  x1=0x00000000
       20155000	      2014	80001508	1eb08137	lui	x2,0x1eb08	  x2=0x1eb08000
       20165000	      2015	8000150c	51307193	andi	x3,x0,1299	  x0:0x00000000  x3=0x00000000
       20175000	      2016	80001510	052dc863	blt	x27,x18,80001560	 x27:0x80009998 x18:0x00000000
       20185000	      2017	00000000	00000013	addi	x0,x0,0	  x0:0x00000000
       20195000	      2018	8000155c	00000013	addi	x0,x0,0	  x0:0x00000000
       20205000	      2019	80001560	6836bc93	sltiu	x25,x13,1667	 x13:0x00000000 x25=0x00000001
       20215000	      2020	80001564	00a17c63	bgeu	x2,x10,8000157c	  x2:0x1eb08000 x10:0x098bc28b
       20225000	      2021	00000000	00000013	addi	x0,x0,0	  x0:0x00000000
       20235000	      2022	80001578	00000013	addi	x0,x0,0	  x0:0x00000000
       20245000	      2023	8000157c	0c427013	andi	x0,x4,196	  x4:0x00000000
       20255000	      2024	80001580	0053d5b3	srl	x11,x7,x5	  x7:0x00000000  x5:0x80009fc4 x11=0x00000000
       20265000	      2025	80001584	13634213	xori	x4,x6,310	  x6:0x8fa17268  x4=0x8fa1735e
       20275000	      2026	80001588	d7248313	addi	x6,x9,-654	  x9:0x00000000  x6=0xfffffd72
       20285000	      2027	8000158c	03f0e863	bltu	x1,x31,800015bc	  x1:0x00000000 x31:0x0000000e
       20295000	      2028	00000000	00000013	addi	x0,x0,0	  x0:0x00000000
       20305000	      2029	800015b8	00000013	addi	x0,x0,0	  x0:0x00000000
       20315000	      2030	800015bc	40a35133	sra	x2,x6,x10	  x6:0xfffffd72 x10:0x098bc28b  x2=0xffffffff
       20325000	      2031	800015c0	021d4663	blt	x26,x1,800015ec	 x26:0x00000000  x1:0x00000000
       20335000	      2032	800015c4	163a4c37	lui	x24,0x163a4	 x24=0x163a4000
       20345000	      2033	800015c8	014ce233	or	x4,x25,x20	 x25:0x00000001 x20:0x00000000  x4=0x00000001
       20355000	      2034	800015cc	d9e6c637	lui	x12,0xd9e6c	 x12=0xd9e6c000
       20365000	      2035	800015d0	62cf64b7	lui	x9,0x62cf6	  x9=0x62cf6000
       20375000	      2036	800015d4	017dbab3	sltu	x21,x27,x23	 x27:0x80009998 x23:0x88000000 x21=0x00000001
       20385000	      2037	800015d8	00988933	add	x18,x17,x9	 x17:0xffffffe8  x9:0x62cf6000 x18=0x62cf5fe8
       20395000	      2038	800015dc	03936663	bltu	x6,x25,80001608	  x6:0xfffffd72 x25:0x00000001
       20405000	      2039	800015e0	02ebc063	blt	x23,x14,80001600	 x23:0x88000000 x14:0x00000000
       20415000	      2040	00000000	00000013	addi	x0,x0,0	  x0:0x00000000
       20425000	      2041	800015fc	00000013	addi	x0,x0,0	  x0:0x00000000
       20435000	      2042	80001600	40c384b3	sub	x9,x7,x12	  x7:0x00000000 x12:0xd9e6c000  x9=0x26194000
       20445000	      2043	80001604	00b6f033	and	x0,x13,x11	 x13:0x00000000 x11:0x00000000
       20455000	      2044	80001608	017f16b3	sll	x13,x30,x23	 x30:0x00000000 x23:0x88000000 x13=0x00000000
       20465000	      2045	8000160c	40578eb3	sub	x29,x15,x5	 x15:0xfffff852  x5:0x80009fc4 x29=0x7fff588e
       20475000	      2046	80001610	005e7533	and	x10,x28,x5	 x28:0x00000000  x5:0x80009fc4 x10=0x00000000
       20485000	      2047	80001614	b0806113	ori	x2,x0,-1272	  x0:0x00000000  x2=0xfffffb08
       20495000	      2048	80001618	2df5d6b7	lui	x13,0x2df5d	 x13=0x2df5d000
       20505000	      2049	8000161c	00d2e4b3	or	x9,x5,x13	  x5:0x80009fc4 x13:0x2df5d000  x9=0xadf5dfc4
       20515000	      2050	80001620	40d18ab3	sub	x21,x3,x13	  x3:0x00000000 x13:0x2df5d000 x21=0xd20a3000
       20525000	      2051	80001624	008d3233	sltu	x4,x26,x8	 x26:0x00000000  x8:0x2d1d6000  x4=0x00000001
       20535000	      2052	80001628	02b50263	beq	x10,x11,8000164c	 x10:0x00000000 x11:0x00000000
       20545000	      2053	00000000	00000013	addi	x0,x0,0	  x0:0x00000000
       20555000	      2054	80001648	00000013	addi	x0,x0,0	  x0:0x00000000
       20565000	      2055	8000164c	035d6063	bltu	x26,x21,8000166c	 x26:0x00000000 x21:0xd20a3000
       20575000	      2056	00000000	00000013	addi	x0,x0,0	  x0:0x00000000
       20585000	      2057	80001668	00000013	addi	x0,x0,0	  x0:0x00000000
       20595000	      2058	8000166c	01afca33	xor	x20,x31,x26	 x31:0x0000000e x26:0x00000000 x20=0x0000000e
       20605000	      2059	80001670	00dad633	srl	x12,x21,x13	 x21:0xd20a3000 x13:0x2df5d000 x12=0xd20a3000
       20615000	      2060	80001674	0518f863	bgeu	x17,x17,800016c4	 x17:0xffffffe8 x17:0xffffffe8
       20625000	      2061	00000000	00000013	addi	x0,x0,0	  x0:0x00000000
       20635000	      2062	800016c0	00000013	addi	x0,x0,0	  x0:0x00000000
       20645000	      2063	800016c4	01910a63	beq	x2,x25,800016d8	  x2:0xfffffb08 x25:0x00000001
       20655000	      2064	800016c8	414e0e33	sub	x28,x28,x20	 x28:0x00000000 x20:0x0000000e x28=0xfffffff2
       20665000	      2065	800016cc	019a4733	xor	x14,x20,x25	 x20:0x0000000e x25:0x00000001 x14=0x0000000f
       20675000	      2066	800016d0	033cc263	blt	x25,x19,800016f4	 x25:0x00000001 x19:0x80009f84
       20685000	      2067	800016d4	00000013	addi	x0,x0,0	  x0:0x00000000
       20695000	      2068	800016d8	f847f113	andi	x2,x15,-124	 x15:0xfffff852  x2=0xfffff800
       20705000	      2069	800016dc	0184fe63	bgeu	x9,x24,800016f8	  x9:0xadf5dfc4 x24:0x163a4000
       20715000	      2070	00000000	00000013	addi	x0,x0,0	  x0:0x00000000
       20725000	      2071	800016f4	00000013	addi	x0,x0,0	  x0:0x00000000
       20735000	      2072	800016f8	b1b5a937	lui	x18,0xb1b5a	 x18=0xb1b5a000
       20745000	      2073	800016fc	02038a63	beq	x7,x0,80001730	  x7:0x00000000  x0:0x00000000
       20755000	      2074	00000000	00000013	addi	x0,x0,0	  x0:0x00000000
       20765000	      2075	8000172c	00000013	addi	x0,x0,0	  x0:0x00000000
       20775000	      2076	80001730	006c9733	sll	x14,x25,x6	 x25:0x00000001  x6:0xfffffd72 x14=0x00040000
       20785000	      2077	80001734	02351e63	bne	x10,x3,80001770	 x10:0x00000000  x3:0x00000000
       20795000	      2078	80001738	0064adb3	slt	x27,x9,x6	  x9:0xadf5dfc4  x6:0xfffffd72 x27=0x00000001
       20805000	      2079	8000173c	00de1893	slli	x17,x28,0xd	 x28:0xfffffff2 x17=0xfffe4000
       20815000	      2080	80001740	01ae1093	slli	x1,x28,0x1a	 x28:0xfffffff2  x1=0xc8000000
       20825000	      2081	80001744	0358ca63	blt	x17,x21,80001778	 x17:0xfffe4000 x21:0xd20a3000
       20835000	      2082	80001748	81cf4217	auipc	x4,0x81cf4	  x4=0x01cf5744
       20845000	      2083	8000174c	00af17b3	sll	x15,x30,x10	 x30:0x00000000 x10:0x00000000 x15=0x00000000
       20855000	      2084	80001750	03194c63	blt	x18,x17,80001788	 x18:0xb1b5a000 x17:0xfffe4000
       20865000	      2085	00000000	00000013	addi	x0,x0,0	  x0:0x00000000
       20875000	      2086	80001784	00000013	addi	x0,x0,0	  x0:0x00000000
       20885000	      2087	80001788	00158e33	add	x28,x11,x1	 x11:0x00000000  x1:0xc8000000 x28=0xc8000000
       20895000	      2088	8000178c	228b8413	addi	x8,x23,552	 x23:0x88000000  x8=0x88000228
       20905000	      2089	80001790	018d9013	slli	x0,x27,0x18	 x27:0x00000001
       20915000	      2090	80001794	030f1663	bne	x30,x16,800017c0	 x30:0x00000000 x16:0xa79294b0
       20925000	      2091	00000000	00000013	addi	x0,x0,0	  x0:0x00000000
       20935000	      2092	800017bc	00000013	addi	x0,x0,0	  x0:0x00000000
       20945000	      2093	800017c0	00edbd33	sltu	x26,x27,x14	 x27:0x00000001 x14:0x00040000 x26=0x00000001
       20955000	      2094	800017c4	006607b3	add	x15,x12,x6	 x12:0xd20a3000  x6:0xfffffd72 x15=0xd20a2d72
       20965000	      2095	800017c8	019617b3	sll	x15,x12,x25	 x12:0xd20a3000 x25:0x00000001 x15=0xa4146000
       20975000	      2096	800017cc	00000013	addi	x0,x0,0	  x0:0x00000000
       20985000	      2097	800017d0	00000013	addi	x0,x0,0	  x0:0x00000000
       20995000	      2098	800017d4	01e86463	bltu	x16,x30,800017dc	 x16:0xa79294b0 x30:0x00000000
       21005000	      2099	800017d8	04464063	blt	x12,x4,80001818	 x12:0xd20a3000  x4:0x01cf5744
       21015000	      2100	00000000	00000013	addi	x0,x0,0	  x0:0x00000000
       21025000	      2101	80001814	00000013	addi	x0,x0,0	  x0:0x00000000
       21035000	      2102	80001818	00120c63	beq	x4,x1,80001830	  x4:0x01cf5744  x1:0xc8000000
       21045000	      2103	8000181c	c69e4593	xori	x11,x28,-919	 x28:0xc8000000 x11=0x37fffc69
       21055000	      2104	80001820	0289f063	bgeu	x19,x8,80001840	 x19:0x80009f84  x8:0x88000228
       21065000	      2105	80001824	6f846837	lui	x16,0x6f846	 x16=0x6f846000
       21075000	      2106	80001828	0028d193	srli	x3,x17,0x2	 x17:0xfffe4000  x3=0x3fff9000
       21085000	      2107	8000182c	0166d493	srli	x9,x13,0x16	 x13:0x2df5d000  x9=0x000000b7
       21095000	      2108	80001830	240a3f37	lui	x30,0x240a3	 x30=0x240a3000
       21105000	      2109	80001834	001b5db3	srl	x27,x22,x1	 x22:0xfffffff2  x1:0xc8000000 x27=0xfffffff2
       21115000	      2110	80001838	010ae7b3	or	x15,x21,x16	 x21:0xd20a3000 x16:0x6f846000 x15=0xff8e7000
       21125000	      2111	8000183c	03a00063	beq	x0,x26,8000185c	  x0:0x00000000 x26:0x00000001
       21135000	      2112	80001840	03681063	bne	x16,x22,80001860	 x16:0x6f846000 x22:0xfffffff2
       21145000	      2113	00000000	00000013	addi	x0,x0,0	  x0:0x00000000
       21155000	      2114	8000185c	00000013	addi	x0,x0,0	  x0:0x00000000
       21165000	      2115	80001860	00b80033	add	x0,x16,x11	 x16:0x6f846000 x11:0x37fffc69
       21175000	      2116	80001864	f142e093	ori	x1,x5,-236	  x5:0x80009fc4  x1=0xffffffd4
       21185000	      2117	80001868	4123d213	srai	x4,x7,0x12	  x7:0x00000000  x4=0x00000000
       21195000	      2118	8000186c	00a61793	slli	x15,x12,0xa	 x12:0xd20a3000 x15=0x28c00000
       21205000	      2119	80001870	2bb16713	ori	x14,x2,699	  x2:0xfffff800 x14=0xfffffabb
       21215000	      2120	80001874	01abd933	srl	x18,x23,x26	 x23:0x88000000 x26:0x00000001 x18=0x44000000
       21225000	      2121	80001878	02ac5663	bge	x24,x10,800018a4	 x24:0x163a4000 x10:0x00000000
       21235000	      2122	00000000	00000013	addi	x0,x0,0	  x0:0x00000000
       21245000	      2123	800018a0	00000013	addi	x0,x0,0	  x0:0x00000000
       21255000	      2124	800018a4	071e4863	blt	x28,x17,80001914	 x28:0xc8000000 x17:0xfffe4000
       21265000	      2125	00000000	00000013	addi	x0,x0,0	  x0:0x00000000
       21275000	      2126	80001910	00000013	addi	x0,x0,0	  x0:0x00000000
       21285000	      2127	80001914	7a4df393	andi	x7,x27,1956	 x27:0xfffffff2  x7=0x000007a0
       21295000	      2128	80001918	e33ec613	xori	x12,x29,-461	 x29:0x7fff588e x12=0x8000a6bd
       21305000	      2129	8000191c	01b774b3	and	x9,x14,x27	 x14:0xfffffabb x27:0xfffffff2  x9=0xfffffab2
       21315000	      2130	80001920	0289c663	blt	x19,x8,8000194c	 x19:0x80009f84  x8:0x88000228
       21325000	      2131	00000000	00000013	addi	x0,x0,0	  x0:0x00000000
       21335000	      2132	80001948	00000013	addi	x0,x0,0	  x0:0x00000000
       21345000	      2133	8000194c	643aa093	slti	x1,x21,1603	 x21:0xd20a3000  x1=0x00000001
       21355000	      2134	80001950	ff139397	auipc	x7,0xff139	  x7=0x7f13a94c
       21365000	      2135	80001954	01bea3b3	slt	x7,x29,x27	 x29:0x7fff588e x27:0xfffffff2  x7=0x00000000
       21375000	      2136	80001958	41e78d33	sub	x26,x15,x30	 x15:0x28c00000 x30:0x240a3000 x26=0x04b5d000
       21385000	      2137	8000195c	8c4b7013	andi	x0,x22,-1852	 x22:0xfffffff2
       21395000	      2138	80001960	0ceb0463	beq	x22,x14,80001a28	 x22:0xfffffff2 x14:0xfffffabb
       21405000	      2139	80001964	00f2b4b3	sltu	x9,x5,x15	  x5:0x80009fc4 x15:0x28c00000  x9=0x00000000
       21415000	      2140	80001968	40ce0633	sub	x12,x28,x12	 x28:0xc8000000 x12:0x8000a6bd x12=0x47ff5943
       21425000	      2141	8000196c	018a8b33	add	x22,x21,x24	 x21:0xd20a3000 x24:0x163a4000 x22=0xe8447000
       21435000	      2142	80001970	571ecb93	xori	x23,x29,1393	 x29:0x7fff588e x23=0x7fff5dff
       21445000	      2143	80001974	0d300863	beq	x0,x19,80001a44	  x0:0x00000000 x19:0x80009f84
       21455000	      2144	80001978	40cbce13	xori	x28,x23,1036	 x23:0x7fff5dff x28=0x7fff59f3
       21465000	      2145	8000197c	0b047463	bgeu	x8,x16,80001a24	  x8:0x88000228 x16:0x6f846000
       21475000	      2146	00000000	00000013	addi	x0,x0,0	  x0:0x00000000
       21485000	      2147	80001a20	00000013	addi	x0,x0,0	  x0:0x00000000
       21495000	      2148	80001a24	032ed063	bge	x29,x18,80001a44	 x29:0x7fff588e x18:0x44000000
       21505000	      2149	00000000	00000013	addi	x0,x0,0	  x0:0x00000000
       21515000	      2150	80001a40	00000013	addi	x0,x0,0	  x0:0x00000000
       21525000	      2151	80001a44	41da8cb3	sub	x25,x21,x29	 x21:0xd20a3000 x29:0x7fff588e x25=0x520ad772
       21535000	      2152	80001a48	06d28863	beq	x5,x13,80001ab8	  x5:0x80009fc4 x13:0x2df5d000
       21545000	      2153	80001a4c	01a01613	slli	x12,x0,0x1a	  x0:0x00000000 x12=0x00000000
       21555000	      2154	80001a50	a7c7f237	lui	x4,0xa7c7f	  x4=0xa7c7f000
       21565000	      2155	80001a54	40c955b3	sra	x11,x18,x12	 x18:0x44000000 x12:0x00000000 x11=0x44000000
       21575000	      2156	80001a58	016ad333	srl	x6,x21,x22	 x21:0xd20a3000 x22:0xe8447000  x6=0xd20a3000
       21585000	      2157	80001a5c	001b1a13	slli	x20,x22,0x1	 x22:0xe8447000 x20=0xd088e000
       21595000	      2158	80001a60	00c21733	sll	x14,x4,x12	  x4:0xa7c7f000 x12:0x00000000 x14=0xa7c7f000
       21605000	      2159	80001a64	04e0de63	bge	x1,x14,80001ac0	  x1:0x00000001 x14:0xa7c7f000
       21615000	      2160	00000000	00000013	addi	x0,x0,0	  x0:0x00000000
       21625000	      2161	80001abc	00000013	addi	x0,x0,0	  x0:0x00000000
       21635000	      2162	80001ac0	0261f063	bgeu	x3,x6,80001ae0	  x3:0x3fff9000  x6:0xd20a3000
       21645000	      2163	80001ac4	93d16117	auipc	x2,0x93d16	  x2=0x13d17ac0
       21655000	      2164	80001ac8	0005e233	or	x4,x11,x0	 x11:0x44000000  x0:0x00000000  x4=0x44000000
       21665000	      2165	80001acc	97aeb093	sltiu	x1,x29,-1670	 x29:0x7fff588e  x1=0x00000001
       21675000	      2166	80001ad0	00095cb3	srl	x25,x18,x0	 x18:0x44000000  x0:0x00000000 x25=0x44000000
       21685000	      2167	80001ad4	0149e733	or	x14,x19,x20	 x19:0x80009f84 x20:0xd088e000 x14=0xd088ff84
       21695000	      2168	80001ad8	002eb6b3	sltu	x13,x29,x2	 x29:0x7fff588e  x2:0x13d17ac0 x13=0x00000000
       21705000	      2169	80001adc	40c08833	sub	x16,x1,x12	  x1:0x00000001 x12:0x00000000 x16=0x00000001
       21715000	      2170	80001ae0	5546e813	ori	x16,x13,1364	 x13:0x00000000 x16=0x00000554
       21725000	      2171	80001ae4	001e74b3	and	x9,x28,x1	 x28:0x7fff59f3  x1:0x00000001  x9=0x00000001
       21735000	      2172	80001ae8	01670833	add	x16,x14,x22	 x14:0xd088ff84 x22:0xe8447000 x16=0xb8cd6f84
       21745000	      2173	80001aec	3c99e117	auipc	x2,0x3c99e	  x2=0xbc99fae8
       21755000	      2174	80001af0	40015e93	srai	x29,x2,0x0	  x2:0xbc99fae8 x29=0xbc99fae8
       21765000	      2175	80001af4	01abaeb3	slt	x29,x23,x26	 x23:0x7fff5dff x26:0x04b5d000 x29=0x00000000
       21775000	      2176	80001af8	cf7c8593	addi	x11,x25,-777	 x25:0x44000000 x11=0x43fffcf7
       21785000	      2177	80001afc	002fdc33	srl	x24,x31,x2	 x31:0x0000000e  x2:0xbc99fae8 x24=0x00000000
       21795000	      2178	80001b00	01f59f13	slli	x30,x11,0x1f	 x11:0x43fffcf7 x30=0x80000000
       21805000	      2179	80001b04	00000a97	auipc	x21,0x0	 x21=0x80001b00
       21815000	      2180	80001b08	5f8a8a93	addi	x21,x21,1528	 x21:0x80001b00 x21=0x800020f8
       21825000	      2181	80001b0c	039a8a93	addi	x21,x21,57	 x21:0x800020f8 x21=0x80002131
       21835000	      2182	80001b10	00000013	addi	x0,x0,0	  x0:0x00000000
       21845000	      2183	80001b14	00d2ce63	blt	x5,x13,80001b30	  x5:0x80009fc4 x13:0x00000000
       21855000	      2184	00000000	00000013	addi	x0,x0,0	  x0:0x00000000
       21865000	      2185	80001b2c	00000013	addi	x0,x0,0	  x0:0x00000000
       21875000	      2186	80001b30	fc7a8267	jalr	x4,x21,-57	 x21:0x80002131  x4=0x80001b30
       21885000	      2187	00000000	00000013	addi	x0,x0,0	  x0:0x00000000
       21895000	      2188	800020f8	00000013	addi	x0,x0,0	  x0:0x00000000
       21905000	      2189	800020fc	721bbb13	sltiu	x22,x23,1825	 x23:0x7fff5dff x22=0x00000000
       21915000	      2190	80002100	ff498993	addi	x19,x19,-12	 x19:0x80009f84 x19=0x80009f78
       21925000	      2191	80002104	410b5313	srai	x6,x22,0x10	 x22:0x00000000  x6=0x00000000
       21935000	      2192	80002108	01c8bc33	sltu	x24,x17,x28	 x17:0xfffe4000 x28:0x7fff59f3 x24=0x00000000
       21945000	      2193	8000210c	0049a223	sw	x4,4(x19)	 x19:0x80009f78  x4:0x80001b30 PA:0x80009f7c
       21955000	      2194	80002110	8ec47813	andi	x16,x8,-1812	  x8:0x88000228 x16=0x88000028
       21965000	      2195	80002114	01d47333	and	x6,x8,x29	  x8:0x88000228 x29:0x00000000  x6=0x00000000
       21975000	      2196	80002118	00dd1493	slli	x9,x26,0xd	 x26:0x04b5d000  x9=0xba000000
       21985000	      2197	8000211c	00000013	addi	x0,x0,0	  x0:0x00000000
       21995000	      2198	80002120	003cfcb3	and	x25,x25,x3	 x25:0x44000000  x3:0x3fff9000 x25=0x04000000
       22005000	      2199	80002124	c785e093	ori	x1,x11,-904	 x11:0x43fffcf7  x1=0xfffffcff
       22015000	      2200	80002128	e76a0613	addi	x12,x20,-394	 x20:0xd088e000 x12=0xd088de76
       22025000	      2201	8000212c	00500e13	addi	x28,x0,5	  x0:0x00000000 x28=0x00000005
       22035000	      2202	80002130	eb756613	ori	x12,x10,-329	 x10:0x00000000 x12=0xfffffeb7
       22045000	      2203	80002134	fed00213	addi	x4,x0,-19	  x0:0x00000000  x4=0xffffffed
       22055000	      2204	80002138	474d2f13	slti	x30,x26,1140	 x26:0x04b5d000 x30=0x00000000
       22065000	      2205	8000213c	ff8e0e13	addi	x28,x28,-8	 x28:0x00000005 x28=0xfffffffd
       22075000	      2206	80002140	1e417093	andi	x1,x2,484	  x2:0xbc99fae8  x1=0x000000e0
       22085000	      2207	80002144	fff00893	addi	x17,x0,-1	  x0:0x00000000 x17=0xffffffff
       22095000	      2208	80002148	00700a13	addi	x20,x0,7	  x0:0x00000000 x20=0x00000007
       22105000	      2209	8000214c	40b70013	addi	x0,x14,1035	 x14:0xd088ff84
       22115000	      2210	80002150	00188893	addi	x17,x17,1	 x17:0xffffffff x17=0x00000000
       22125000	      2211	80002154	ff488ce3	beq	x17,x20,8000214c	 x17:0x00000000 x20:0x00000007
       22135000	      2212	80002158	f3568013	addi	x0,x13,-203	 x13:0x00000000
       22145000	      2213	8000215c	5e747793	andi	x15,x8,1511	  x8:0x88000228 x15=0x00000020
       22155000	      2214	80002160	fc4e0ce3	beq	x28,x4,80002138	 x28:0xfffffffd  x4:0xffffffed
       22165000	      2215	80002164	9967f913	andi	x18,x15,-1642	 x15:0x00000020 x18=0x00000000
       22175000	      2216	80002168	f5dd2d93	slti	x27,x26,-163	 x26:0x04b5d000 x27=0x00000000
       22185000	      2217	8000216c	01e77a63	bgeu	x14,x30,80002180	 x14:0xd088ff84 x30:0x00000000
       22195000	      2218	00000000	00000013	addi	x0,x0,0	  x0:0x00000000
       22205000	      2219	8000217c	00000013	addi	x0,x0,0	  x0:0x00000000
       22215000	      2220	80002180	00000013	addi	x0,x0,0	  x0:0x00000000
       22225000	      2221	80002184	00f877b3	and	x15,x16,x15	 x16:0x88000028 x15:0x00000020 x15=0x00000020
       22235000	      2222	80002188	05701063	bne	x0,x23,800021c8	  x0:0x00000000 x23:0x7fff5dff
       22245000	      2223	00000000	00000013	addi	x0,x0,0	  x0:0x00000000
       22255000	      2224	800021c4	00000013	addi	x0,x0,0	  x0:0x00000000
       22265000	      2225	800021c8	5371e413	ori	x8,x3,1335	  x3:0x3fff9000  x8=0x3fff9537
       22275000	      2226	800021cc	5fcd3b93	sltiu	x23,x26,1532	 x26:0x04b5d000 x23=0x00000000
       22285000	      2227	800021d0	01e15793	srli	x15,x2,0x1e	  x2:0xbc99fae8 x15=0x00000002
       22295000	      2228	800021d4	0180c233	xor	x4,x1,x24	  x1:0x000000e0 x24:0x00000000  x4=0x000000e0
       22305000	      2229	800021d8	00000013	addi	x0,x0,0	  x0:0x00000000
       22315000	      2230	800021dc	009bbeb3	sltu	x29,x23,x9	 x23:0x00000000  x9:0xba000000 x29=0x00000001
       22325000	      2231	800021e0	01e6f4b3	and	x9,x13,x30	 x13:0x00000000 x30:0x00000000  x9=0x00000000
       22335000	      2232	800021e4	001880b3	add	x1,x17,x1	 x17:0x00000000  x1:0x000000e0  x1=0x000000e0
       22345000	      2233	800021e8	01969a13	slli	x20,x13,0x19	 x13:0x00000000 x20=0x00000000
       22355000	      2234	800021ec	d0787437	lui	x8,0xd0787	  x8=0xd0787000
       22365000	      2235	800021f0	33118a97	auipc	x21,0x33118	 x21=0xb311a1ec
       22375000	      2236	800021f4	4013d893	srai	x17,x7,0x1	  x7:0x00000000 x17=0x00000000
       22385000	      2237	800021f8	01b14c63	blt	x2,x27,80002210	  x2:0xbc99fae8 x27:0x00000000
       22395000	      2238	00000000	00000013	addi	x0,x0,0	  x0:0x00000000
       22405000	      2239	8000220c	00000013	addi	x0,x0,0	  x0:0x00000000
       22415000	      2240	80002210	3cd86893	ori	x17,x16,973	 x16:0x88000028 x17=0x880003ed
       22425000	      2241	80002214	a48a7693	andi	x13,x20,-1464	 x20:0x00000000 x13=0x00000000
       22435000	      2242	80002218	35743d93	sltiu	x27,x8,855	  x8:0xd0787000 x27=0x00000000
       22445000	      2243	8000221c	00000013	addi	x0,x0,0	  x0:0x00000000
       22455000	      2244	80002220	01c93e33	sltu	x28,x18,x28	 x18:0x00000000 x28:0xfffffffd x28=0x00000001
       22465000	      2245	80002224	f4284437	lui	x8,0xf4284	  x8=0xf4284000
       22475000	      2246	80002228	0138f733	and	x14,x17,x19	 x17:0x880003ed x19:0x80009f78 x14=0x80000368
       22485000	      2247	8000222c	011bf733	and	x14,x23,x17	 x23:0x00000000 x17:0x880003ed x14=0x00000000
       22495000	      2248	80002230	0158e863	bltu	x17,x21,80002240	 x17:0x880003ed x21:0xb311a1ec
       22505000	      2249	00000000	00000013	addi	x0,x0,0	  x0:0x00000000
       22515000	      2250	8000223c	00000013	addi	x0,x0,0	  x0:0x00000000
       22525000	      2251	80002240	00c41a33	sll	x20,x8,x12	  x8:0xf4284000 x12:0xfffffeb7 x20=0x00000000
       22535000	      2252	80002244	006603b3	add	x7,x12,x6	 x12:0xfffffeb7  x6:0x00000000  x7=0xfffffeb7
       22545000	      2253	80002248	017db733	sltu	x14,x27,x23	 x27:0x00000000 x23:0x00000000 x14=0x00000000
       22555000	      2254	8000224c	413a5e13	srai	x28,x20,0x13	 x20:0x00000000 x28=0x00000000
       22565000	      2255	80002250	01753933	sltu	x18,x10,x23	 x10:0x00000000 x23:0x00000000 x18=0x00000000
       22575000	      2256	80002254	0090ecb3	or	x25,x1,x9	  x1:0x000000e0  x9:0x00000000 x25=0x000000e0
       22585000	      2257	80002258	d661ca93	xori	x21,x3,-666	  x3:0x3fff9000 x21=0xc0006d66
       22595000	      2258	8000225c	e0e38613	addi	x12,x7,-498	  x7:0xfffffeb7 x12=0xfffffcc5
       22605000	      2259	80002260	0038d493	srli	x9,x17,0x3	 x17:0x880003ed  x9=0x1100007d
       22615000	      2260	80002264	00000013	addi	x0,x0,0	  x0:0x00000000
       22625000	      2261	80002268	0147dd93	srli	x27,x15,0x14	 x15:0x00000002 x27=0x00000000
       22635000	      2262	8000226c	01d5e4b3	or	x9,x11,x29	 x11:0x43fffcf7 x29:0x00000001  x9=0x43fffcf7
       22645000	      2263	80002270	009ca533	slt	x10,x25,x9	 x25:0x000000e0  x9:0x43fffcf7 x10=0x00000001
       22655000	      2264	80002274	00220463	beq	x4,x2,8000227c	  x4:0x000000e0  x2:0xbc99fae8
       22665000	      2265	80002278	00cdaab3	slt	x21,x27,x12	 x27:0x00000000 x12:0xfffffcc5 x21=0x00000000
       22675000	      2266	8000227c	1ef36813	ori	x16,x6,495	  x6:0x00000000 x16=0x000001ef
       22685000	      2267	80002280	b24e3493	sltiu	x9,x28,-1244	 x28:0x00000000  x9=0x00000001
       22695000	      2268	80002284	01631c63	bne	x6,x22,8000229c	  x6:0x00000000 x22:0x00000000
       22705000	      2269	80002288	00b9ff33	and	x30,x19,x11	 x19:0x80009f78 x11:0x43fffcf7 x30=0x00009c70
       22715000	      2270	8000228c	4060d033	sra	x0,x1,x6	  x1:0x000000e0  x6:0x00000000
       22725000	      2271	80002290	01394633	xor	x12,x18,x19	 x18:0x00000000 x19:0x80009f78 x12=0x80009f78
       22735000	      2272	80002294	0359c663	blt	x19,x21,800022c0	 x19:0x80009f78 x21:0x00000000
       22745000	      2273	00000000	00000013	addi	x0,x0,0	  x0:0x00000000
       22755000	      2274	800022bc	00000013	addi	x0,x0,0	  x0:0x00000000
       22765000	      2275	800022c0	0176f333	and	x6,x13,x23	 x13:0x00000000 x23:0x00000000  x6=0x00000000
       22775000	      2276	800022c4	5152ba93	sltiu	x21,x5,1301	  x5:0x80009fc4 x21=0x00000000
       22785000	      2277	800022c8	c61287b7	lui	x15,0xc6128	 x15=0xc6128000
       22795000	      2278	800022cc	36112d93	slti	x27,x2,865	  x2:0xbc99fae8 x27=0x00000001
       22805000	      2279	800022d0	01f443b3	xor	x7,x8,x31	  x8:0xf4284000 x31:0x0000000e  x7=0xf428400e
       22815000	      2280	800022d4	9e6f6a93	ori	x21,x30,-1562	 x30:0x00009c70 x21=0xfffffdf6
       22825000	      2281	800022d8	011197b3	sll	x15,x3,x17	  x3:0x3fff9000 x17:0x880003ed x15=0xf2000000
       22835000	      2282	800022dc	0049a203	lw	x4,4(x19)	 x19:0x80009f78  x4=0x80001b30 PA:0x80009f7c
       22845000	      2283	800022e0	00c98993	addi	x19,x19,12	 x19:0x80009f78 x19=0x80009f84
       22855000	      2284	800022e4	cd2dbe93	sltiu	x29,x27,-814	 x27:0x00000001 x29=0x00000001
       22865000	      2285	800022e8	a9c98897	auipc	x17,0xa9c98	 x17=0x29c9a2e4
       22875000	      2286	800022ec	00608f33	add	x30,x1,x6	  x1:0x000000e0  x6:0x00000000 x30=0x000000e0
       22885000	      2287	800022f0	00020a93	addi	x21,x4,0	  x4:0x80001b30 x21=0x80001b30
       22895000	      2288	800022f4	000a8ae7	jalr	x21,x21,0	 x21:0x80001b30 x21=0x800022f4
       22905000	      2289	00000000	00000013	addi	x0,x0,0	  x0:0x00000000
       22915000	      2290	80001b30	00000013	addi	x0,x0,0	  x0:0x00000000
       22925000	      2291	80001b34	41c0dcb3	sra	x25,x1,x28	  x1:0x000000e0 x28:0x00000000 x25=0x000000e0
       22935000	      2292	80001b38	e309a5b7	lui	x11,0xe309a	 x11=0xe309a000
       22945000	      2293	80001b3c	00000a97	auipc	x21,0x0	 x21=0x80001b38
       22955000	      2294	80001b40	3e4a8a93	addi	x21,x21,996	 x21:0x80001b38 x21=0x80001f1c
       22965000	      2295	80001b44	01be3833	sltu	x16,x28,x27	 x28:0x00000000 x27:0x00000001 x16=0x00000001
       22975000	      2296	80001b48	01983cb3	sltu	x25,x16,x25	 x16:0x00000001 x25:0x000000e0 x25=0x00000001
       22985000	      2297	80001b4c	00679733	sll	x14,x15,x6	 x15:0xf2000000  x6:0x00000000 x14=0xf2000000
       22995000	      2298	80001b50	efea8a93	addi	x21,x21,-258	 x21:0x80001f1c x21=0x80001e1a
       23005000	      2299	80001b54	41648e33	sub	x28,x9,x22	  x9:0x00000001 x22:0x00000000 x28=0x00000001
       23015000	      2300	80001b58	103a8267	jalr	x4,x21,259	 x21:0x80001e1a  x4=0x80001b58
       23025000	      2301	00000000	00000013	addi	x0,x0,0	  x0:0x00000000
       23035000	      2302	80001f1c	00000013	addi	x0,x0,0	  x0:0x00000000
       23045000	      2303	80001f20	fd098993	addi	x19,x19,-48	 x19:0x80009f84 x19=0x80009f54
       23055000	      2304	80001f24	41d405b3	sub	x11,x8,x29	  x8:0xf4284000 x29:0x00000001 x11=0xf4283fff
       23065000	      2305	80001f28	4170d8b3	sra	x17,x1,x23	  x1:0x000000e0 x23:0x00000000 x17=0x000000e0
       23075000	      2306	80001f2c	0049a223	sw	x4,4(x19)	 x19:0x80009f54  x4:0x80001b58 PA:0x80009f58
       23085000	      2307	80001f30	69777897	auipc	x17,0x69777	 x17=0xe9778f2c
       23095000	      2308	80001f34	00000013	addi	x0,x0,0	  x0:0x00000000
       23105000	      2309	80001f38	41bed913	srai	x18,x29,0x1b	 x29:0x00000001 x18=0x00000000
       23115000	      2310	80001f3c	00100713	addi	x14,x0,1	  x0:0x00000000 x14=0x00000001
       23125000	      2311	80001f40	00f00e93	addi	x29,x0,15	  x0:0x00000000 x29=0x0000000f
       23135000	      2312	80001f44	01f16933	or	x18,x2,x31	  x2:0xbc99fae8 x31:0x0000000e x18=0xbc99faee
       23145000	      2313	80001f48	41b40033	sub	x0,x8,x27	  x8:0xf4284000 x27:0x00000001
       23155000	      2314	80001f4c	00770713	addi	x14,x14,7	 x14:0x00000001 x14=0x00000008
       23165000	      2315	80001f50	ff800613	addi	x12,x0,-8	  x0:0x00000000 x12=0xfffffff8
       23175000	      2316	80001f54	ffa00693	addi	x13,x0,-6	  x0:0x00000000 x13=0xfffffffa
       23185000	      2317	80001f58	416c8233	sub	x4,x25,x22	 x25:0x00000001 x22:0x00000000  x4=0x00000001
       23195000	      2318	80001f5c	01877a33	and	x20,x14,x24	 x14:0x00000008 x24:0x00000000 x20=0x00000000
       23205000	      2319	80001f60	00760613	addi	x12,x12,7	 x12:0xfffffff8 x12=0xffffffff
       23215000	      2320	80001f64	002bdab3	srl	x21,x23,x2	 x23:0x00000000  x2:0xbc99fae8 x21=0x00000000
       23225000	      2321	80001f68	fed64ae3	blt	x12,x13,80001f5c	 x12:0xffffffff x13:0xfffffffa
       23235000	      2322	80001f6c	fdd74ce3	blt	x14,x29,80001f44	 x14:0x00000008 x29:0x0000000f
       23245000	      2323	00000000	00000013	addi	x0,x0,0	  x0:0x00000000
       23255000	      2324	80001f40	00000013	addi	x0,x0,0	  x0:0x00000000
       23265000	      2325	80001f44	01f16933	or	x18,x2,x31	  x2:0xbc99fae8 x31:0x0000000e x18=0xbc99faee
       23275000	      2326	80001f48	41b40033	sub	x0,x8,x27	  x8:0xf4284000 x27:0x00000001
       23285000	      2327	80001f4c	00770713	addi	x14,x14,7	 x14:0x00000008 x14=0x0000000f
       23295000	      2328	80001f50	ff800613	addi	x12,x0,-8	  x0:0x00000000 x12=0xfffffff8
       23305000	      2329	80001f54	ffa00693	addi	x13,x0,-6	  x0:0x00000000 x13=0xfffffffa
       23315000	      2330	80001f58	416c8233	sub	x4,x25,x22	 x25:0x00000001 x22:0x00000000  x4=0x00000001
       23325000	      2331	80001f5c	01877a33	and	x20,x14,x24	 x14:0x0000000f x24:0x00000000 x20=0x00000000
       23335000	      2332	80001f60	00760613	addi	x12,x12,7	 x12:0xfffffff8 x12=0xffffffff
       23345000	      2333	80001f64	002bdab3	srl	x21,x23,x2	 x23:0x00000000  x2:0xbc99fae8 x21=0x00000000
       23355000	      2334	80001f68	fed64ae3	blt	x12,x13,80001f5c	 x12:0xffffffff x13:0xfffffffa
       23365000	      2335	80001f6c	fdd74ce3	blt	x14,x29,80001f44	 x14:0x0000000f x29:0x0000000f
       23375000	      2336	80001f70	017b00b3	add	x1,x22,x23	 x22:0x00000000 x23:0x00000000  x1=0x00000000
       23385000	      2337	80001f74	05ec6863	bltu	x24,x30,80001fc4	 x24:0x00000000 x30:0x000000e0
       23395000	      2338	00000000	00000013	addi	x0,x0,0	  x0:0x00000000
       23405000	      2339	80001fc0	00000013	addi	x0,x0,0	  x0:0x00000000
       23415000	      2340	80001fc4	749aa593	slti	x11,x21,1865	 x21:0x00000000 x11=0x00000001
       23425000	      2341	80001fc8	008cf4b3	and	x9,x25,x8	 x25:0x00000001  x8:0xf4284000  x9=0x00000000
       23435000	      2342	80001fcc	007a7333	and	x6,x20,x7	 x20:0x00000000  x7:0xf428400e  x6=0x00000000
       23445000	      2343	80001fd0	01a59a93	slli	x21,x11,0x1a	 x11:0x00000001 x21=0x04000000
       23455000	      2344	80001fd4	00985593	srli	x11,x16,0x9	 x16:0x00000001 x11=0x00000000
       23465000	      2345	80001fd8	034fdc63	bge	x31,x20,80002010	 x31:0x0000000e x20:0x00000000
       23475000	      2346	00000000	00000013	addi	x0,x0,0	  x0:0x00000000
       23485000	      2347	8000200c	00000013	addi	x0,x0,0	  x0:0x00000000
       23495000	      2348	80002010	01a5de63	bge	x11,x26,8000202c	 x11:0x00000000 x26:0x04b5d000
       23505000	      2349	80002014	00136733	or	x14,x6,x1	  x6:0x00000000  x1:0x00000000 x14=0x00000000
       23515000	      2350	80002018	007d8a63	beq	x27,x7,8000202c	 x27:0x00000001  x7:0xf428400e
       23525000	      2351	8000201c	01cfe663	bltu	x31,x28,80002028	 x31:0x0000000e x28:0x00000001
       23535000	      2352	80002020	009d1c63	bne	x26,x9,80002038	 x26:0x04b5d000  x9:0x00000000
       23545000	      2353	00000000	00000013	addi	x0,x0,0	  x0:0x00000000
       23555000	      2354	80002034	00000013	addi	x0,x0,0	  x0:0x00000000
       23565000	      2355	80002038	407bdb33	sra	x22,x23,x7	 x23:0x00000000  x7:0xf428400e x22=0x00000000
       23575000	      2356	8000203c	404c8133	sub	x2,x25,x4	 x25:0x00000001  x4:0x00000001  x2=0x00000000
       23585000	      2357	80002040	a06bf793	andi	x15,x23,-1530	 x23:0x00000000 x15=0x00000000
       23595000	      2358	80002044	0169d493	srli	x9,x19,0x16	 x19:0x80009f54  x9=0x00000200
       23605000	      2359	80002048	1e60a537	lui	x10,0x1e60a	 x10=0x1e60a000
       23615000	      2360	8000204c	01c56c33	or	x24,x10,x28	 x10:0x1e60a000 x28:0x00000001 x24=0x1e60a001
       23625000	      2361	80002050	008ce7b3	or	x15,x25,x8	 x25:0x00000001  x8:0xf4284000 x15=0xf4284001
       23635000	      2362	80002054	400d6013	ori	x0,x26,1024	 x26:0x04b5d000
       23645000	      2363	80002058	c6310c97	auipc	x25,0xc6310	 x25=0x46312054
       23655000	      2364	8000205c	64c86913	ori	x18,x16,1612	 x16:0x00000001 x18=0x0000064d
       23665000	      2365	80002060	013e85b3	add	x11,x29,x19	 x29:0x0000000f x19:0x80009f54 x11=0x80009f63
       23675000	      2366	80002064	4092db13	srai	x22,x5,0x9	  x5:0x80009fc4 x22=0xffc0004f
       23685000	      2367	80002068	006b51b3	srl	x3,x22,x6	 x22:0xffc0004f  x6:0x00000000  x3=0xffc0004f
       23695000	      2368	8000206c	3a9a3e93	sltiu	x29,x20,937	 x20:0x00000000 x29=0x00000001
       23705000	      2369	80002070	022d9663	bne	x27,x2,8000209c	 x27:0x00000001  x2:0x00000000
       23715000	      2370	00000000	00000013	addi	x0,x0,0	  x0:0x00000000
       23725000	      2371	80002098	00000013	addi	x0,x0,0	  x0:0x00000000
       23735000	      2372	8000209c	edc97f13	andi	x30,x18,-292	 x18:0x0000064d x30=0x0000064c
       23745000	      2373	800020a0	2d732d97	auipc	x27,0x2d732	 x27=0xad73409c
       23755000	      2374	800020a4	0372da63	bge	x5,x23,800020d8	  x5:0x80009fc4 x23:0x00000000
       23765000	      2375	800020a8	407a5413	srai	x8,x20,0x7	 x20:0x00000000  x8=0x00000000
       23775000	      2376	800020ac	00000013	addi	x0,x0,0	  x0:0x00000000
       23785000	      2377	800020b0	c150f393	andi	x7,x1,-1003	  x1:0x00000000  x7=0x00000000
       23795000	      2378	800020b4	2dce3bb7	lui	x23,0x2dce3	 x23=0x2dce3000
       23805000	      2379	800020b8	404a5593	srai	x11,x20,0x4	 x20:0x00000000 x11=0x00000000
       23815000	      2380	800020bc	01c74e63	blt	x14,x28,800020d8	 x14:0x00000000 x28:0x00000001
       23825000	      2381	00000000	00000013	addi	x0,x0,0	  x0:0x00000000
       23835000	      2382	800020d4	00000013	addi	x0,x0,0	  x0:0x00000000
       23845000	      2383	800020d8	00e94033	xor	x0,x18,x14	 x18:0x0000064d x14:0x00000000
       23855000	      2384	800020dc	e7f1e013	ori	x0,x3,-385	  x3:0xffc0004f
       23865000	      2385	800020e0	bbcb6b93	ori	x23,x22,-1092	 x22:0xffc0004f x23=0xfffffbff
       23875000	      2386	800020e4	00000013	addi	x0,x0,0	  x0:0x00000000
       23885000	      2387	800020e8	0049a203	lw	x4,4(x19)	 x19:0x80009f54  x4=0x80001b58 PA:0x80009f58
       23895000	      2388	800020ec	03098993	addi	x19,x19,48	 x19:0x80009f54 x19=0x80009f84
       23905000	      2389	800020f0	00c678b3	and	x17,x12,x12	 x12:0xffffffff x12:0xffffffff x17=0xffffffff
       23915000	      2390	800020f4	00120693	addi	x13,x4,1	  x4:0x80001b58 x13=0x80001b59
       23925000	      2391	800020f8	000686e7	jalr	x13,x13,0	 x13:0x80001b59 x13=0x800020f8
       23935000	      2392	00000000	00000013	addi	x0,x0,0	  x0:0x00000000
       23945000	      2393	80001b58	00000013	addi	x0,x0,0	  x0:0x00000000
       23955000	      2394	80001b5c	4088da13	srai	x20,x17,0x8	 x17:0xffffffff x20=0xffffffff
       23965000	      2395	80001b60	008ee133	or	x2,x29,x8	 x29:0x00000001  x8:0x00000000  x2=0x00000001
       23975000	      2396	80001b64	0004d013	srli	x0,x9,0x0	  x9:0x00000200
       23985000	      2397	80001b68	001cce63	blt	x25,x1,80001b84	 x25:0x46312054  x1:0x00000000
       23995000	      2398	80001b6c	00df5933	srl	x18,x30,x13	 x30:0x0000064c x13:0x800020f8 x18=0x00000000
       24005000	      2399	80001b70	8c8ba893	slti	x17,x23,-1848	 x23:0xfffffbff x17=0x00000000
       24015000	      2400	80001b74	18dfcb93	xori	x23,x31,397	 x31:0x0000000e x23=0x00000183
       24025000	      2401	80001b78	0147c7b3	xor	x15,x15,x20	 x15:0xf4284001 x20:0xffffffff x15=0x0bd7bffe
       24035000	      2402	80001b7c	01ee4733	xor	x14,x28,x30	 x28:0x00000001 x30:0x0000064c x14=0x0000064d
       24045000	      2403	80001b80	0041da13	srli	x20,x3,0x4	  x3:0xffc0004f x20=0x0ffc0004
       24055000	      2404	80001b84	00be5a33	srl	x20,x28,x11	 x28:0x00000001 x11:0x00000000 x20=0x00000001
       24065000	      2405	80001b88	6c67f213	andi	x4,x15,1734	 x15:0x0bd7bffe  x4=0x000006c6
       24075000	      2406	80001b8c	9257e593	ori	x11,x15,-1755	 x15:0x0bd7bffe x11=0xffffffff
       24085000	      2407	80001b90	01275cb3	srl	x25,x14,x18	 x14:0x0000064d x18:0x00000000 x25=0x0000064d
       24095000	      2408	80001b94	64aaf913	andi	x18,x21,1610	 x21:0x04000000 x18=0x00000000
       24105000	      2409	80001b98	75e5c4b7	lui	x9,0x75e5c	  x9=0x75e5c000
       24115000	      2410	80001b9c	388cbd93	sltiu	x27,x25,904	 x25:0x0000064d x27=0x00000000
       24125000	      2411	80001ba0	0121a4b3	slt	x9,x3,x18	  x3:0xffc0004f x18:0x00000000  x9=0x00000001
       24135000	      2412	80001ba4	403a8eb3	sub	x29,x21,x3	 x21:0x04000000  x3:0xffc0004f x29=0x043fffb1
       24145000	      2413	80001ba8	0236c863	blt	x13,x3,80001bd8	 x13:0x800020f8  x3:0xffc0004f
       24155000	      2414	00000000	00000013	addi	x0,x0,0	  x0:0x00000000
       24165000	      2415	80001bd4	00000013	addi	x0,x0,0	  x0:0x00000000
       24175000	      2416	80001bd8	d011e593	ori	x11,x3,-767	  x3:0xffc0004f x11=0xfffffd4f
       24185000	      2417	80001bdc	01551f33	sll	x30,x10,x21	 x10:0x1e60a000 x21:0x04000000 x30=0x1e60a000
       24195000	      2418	80001be0	0aa94263	blt	x18,x10,80001c84	 x18:0x00000000 x10:0x1e60a000
       24205000	      2419	00000000	00000013	addi	x0,x0,0	  x0:0x00000000
       24215000	      2420	80001c80	00000013	addi	x0,x0,0	  x0:0x00000000
       24225000	      2421	80001c84	4048ddb3	sra	x27,x17,x4	 x17:0x00000000  x4:0x000006c6 x27=0x00000000
       24235000	      2422	80001c88	0034a733	slt	x14,x9,x3	  x9:0x00000001  x3:0xffc0004f x14=0x00000000
       24245000	      2423	80001c8c	6e498893	addi	x17,x19,1764	 x19:0x80009f84 x17=0x8000a668
       24255000	      2424	80001c90	0223e663	bltu	x7,x2,80001cbc	  x7:0x00000000  x2:0x00000001
       24265000	      2425	00000000	00000013	addi	x0,x0,0	  x0:0x00000000
       24275000	      2426	80001cb8	00000013	addi	x0,x0,0	  x0:0x00000000
       24285000	      2427	80001cbc	f7a2fa13	andi	x20,x5,-134	  x5:0x80009fc4 x20=0x80009f40
       24295000	      2428	80001cc0	00000013	addi	x0,x0,0	  x0:0x00000000
       24305000	      2429	80001cc4	00568b33	add	x22,x13,x5	 x13:0x800020f8  x5:0x80009fc4 x22=0x0000c0bc
       24315000	      2430	80001cc8	5acd2713	slti	x14,x26,1452	 x26:0x04b5d000 x14=0x00000000
       24325000	      2431	80001ccc	01979693	slli	x13,x15,0x19	 x15:0x0bd7bffe x13=0xfc000000
       24335000	      2432	80001cd0	02f89863	bne	x17,x15,80001d00	 x17:0x8000a668 x15:0x0bd7bffe
       24345000	      2433	00000000	00000013	addi	x0,x0,0	  x0:0x00000000
       24355000	      2434	80001cfc	00000013	addi	x0,x0,0	  x0:0x00000000
       24365000	      2435	80001d00	035c1663	bne	x24,x21,80001d2c	 x24:0x1e60a001 x21:0x04000000
       24375000	      2436	00000000	00000013	addi	x0,x0,0	  x0:0x00000000
       24385000	      2437	80001d28	00000013	addi	x0,x0,0	  x0:0x00000000
       24395000	      2438	80001d2c	03035c63	bge	x6,x16,80001d64	  x6:0x00000000 x16:0x00000001
       24405000	      2439	80001d30	02141263	bne	x8,x1,80001d54	  x8:0x00000000  x1:0x00000000
       24415000	      2440	80001d34	03328063	beq	x5,x19,80001d54	  x5:0x80009fc4 x19:0x80009f84
       24425000	      2441	80001d38	00f688b3	add	x17,x13,x15	 x13:0xfc000000 x15:0x0bd7bffe x17=0x07d7bffe
       24435000	      2442	80001d3c	00000013	addi	x0,x0,0	  x0:0x00000000
       24445000	      2443	80001d40	6e3b8c37	lui	x24,0x6e3b8	 x24=0x6e3b8000
       24455000	      2444	80001d44	0104f533	and	x10,x9,x16	  x9:0x00000001 x16:0x00000001 x10=0x00000001
       24465000	      2445	80001d48	00b90633	add	x12,x18,x11	 x18:0x00000000 x11:0xfffffd4f x12=0xfffffd4f
       24475000	      2446	80001d4c	001a2c33	slt	x24,x20,x1	 x20:0x80009f40  x1:0x00000000 x24=0x00000001
       24485000	      2447	80001d50	414a08b3	sub	x17,x20,x20	 x20:0x80009f40 x20:0x80009f40 x17=0x00000000
       24495000	      2448	80001d54	00000013	addi	x0,x0,0	  x0:0x00000000
       24505000	      2449	80001d58	02537063	bgeu	x6,x5,80001d78	  x6:0x00000000  x5:0x80009fc4
       24515000	      2450	80001d5c	01cd5413	srli	x8,x26,0x1c	 x26:0x04b5d000  x8=0x00000000
       24525000	      2451	80001d60	00000013	addi	x0,x0,0	  x0:0x00000000
       24535000	      2452	80001d64	34683013	sltiu	x0,x16,838	 x16:0x00000001
       24545000	      2453	80001d68	0225f663	bgeu	x11,x2,80001d94	 x11:0xfffffd4f  x2:0x00000001
       24555000	      2454	00000000	00000013	addi	x0,x0,0	  x0:0x00000000
       24565000	      2455	80001d90	00000013	addi	x0,x0,0	  x0:0x00000000
       24575000	      2456	80001d94	0158dd93	srli	x27,x17,0x15	 x17:0x00000000 x27=0x00000000
       24585000	      2457	80001d98	008a9113	slli	x2,x21,0x8	 x21:0x04000000  x2=0x00000000
       24595000	      2458	80001d9c	8a41e513	ori	x10,x3,-1884	  x3:0xffc0004f x10=0xfffff8ef
       24605000	      2459	80001da0	01fdde63	bge	x27,x31,80001dbc	 x27:0x00000000 x31:0x0000000e
       24615000	      2460	80001da4	01869f13	slli	x30,x13,0x18	 x13:0xfc000000 x30=0x00000000
       24625000	      2461	80001da8	96972013	slti	x0,x14,-1687	 x14:0x00000000
       24635000	      2462	80001dac	01709d33	sll	x26,x1,x23	  x1:0x00000000 x23:0x00000183 x26=0x00000000
       24645000	      2463	80001db0	01ef38b3	sltu	x17,x30,x30	 x30:0x00000000 x30:0x00000000 x17=0x00000000
       24655000	      2464	80001db4	016dee63	bltu	x27,x22,80001dd0	 x27:0x00000000 x22:0x0000c0bc
       24665000	      2465	00000000	00000013	addi	x0,x0,0	  x0:0x00000000
       24675000	      2466	80001dcc	00000013	addi	x0,x0,0	  x0:0x00000000
       24685000	      2467	80001dd0	02569a63	bne	x13,x5,80001e04	 x13:0xfc000000  x5:0x80009fc4
       24695000	      2468	00000000	00000013	addi	x0,x0,0	  x0:0x00000000
       24705000	      2469	80001e00	00000013	addi	x0,x0,0	  x0:0x00000000
       24715000	      2470	80001e04	50a5bf13	sltiu	x30,x11,1290	 x11:0xfffffd4f x30=0x00000000
       24725000	      2471	80001e08	00441033	sll	x0,x8,x4	  x8:0x00000000  x4:0x000006c6
       24735000	      2472	80001e0c	b0d72c93	slti	x25,x14,-1267	 x14:0x00000000 x25=0x00000000
       24745000	      2473	80001e10	02fb3237	lui	x4,0x2fb3	  x4=0x02fb3000
       24755000	      2474	80001e14	eb777e37	lui	x28,0xeb777	 x28=0xeb777000
       24765000	      2475	80001e18	41d40533	sub	x10,x8,x29	  x8:0x00000000 x29:0x043fffb1 x10=0xfbc0004f
       24775000	      2476	80001e1c	05185063	bge	x16,x17,80001e5c	 x16:0x00000001 x17:0x00000000
       24785000	      2477	00000000	00000013	addi	x0,x0,0	  x0:0x00000000
       24795000	      2478	80001e58	00000013	addi	x0,x0,0	  x0:0x00000000
       24805000	      2479	80001e5c	017aa7b3	slt	x15,x21,x23	 x21:0x04000000 x23:0x00000183 x15=0x00000000
       24815000	      2480	80001e60	6e9d0913	addi	x18,x26,1769	 x26:0x00000000 x18=0x000006e9
       24825000	      2481	80001e64	0169e733	or	x14,x19,x22	 x19:0x80009f84 x22:0x0000c0bc x14=0x8000dfbc
       24835000	      2482	80001e68	146a6013	ori	x0,x20,326	 x20:0x80009f40
       24845000	      2483	80001e6c	0585c863	blt	x11,x24,80001ebc	 x11:0xfffffd4f x24:0x00000001
       24855000	      2484	00000000	00000013	addi	x0,x0,0	  x0:0x00000000
       24865000	      2485	80001eb8	00000013	addi	x0,x0,0	  x0:0x00000000
       24875000	      2486	80001ebc	05e20663	beq	x4,x30,80001f08	  x4:0x02fb3000 x30:0x00000000
       24885000	      2487	80001ec0	010d5493	srli	x9,x26,0x10	 x26:0x00000000  x9=0x00000000
       24895000	      2488	80001ec4	00d19633	sll	x12,x3,x13	  x3:0xffc0004f x13:0xfc000000 x12=0xffc0004f
       24905000	      2489	80001ec8	005b2233	slt	x4,x22,x5	 x22:0x0000c0bc  x5:0x80009fc4  x4=0x00000000
       24915000	      2490	80001ecc	00987833	and	x16,x16,x9	 x16:0x00000001  x9:0x00000000 x16=0x00000000
       24925000	      2491	80001ed0	4056dc93	srai	x25,x13,0x5	 x13:0xfc000000 x25=0xffe00000
       24935000	      2492	80001ed4	00841393	slli	x7,x8,0x8	  x8:0x00000000  x7=0x00000000
       24945000	      2493	80001ed8	ca2fce93	xori	x29,x31,-862	 x31:0x0000000e x29=0xfffffcac
       24955000	      2494	80001edc	03711663	bne	x2,x23,80001f08	  x2:0x00000000 x23:0x00000183
       24965000	      2495	00000000	00000013	addi	x0,x0,0	  x0:0x00000000
       24975000	      2496	80001f04	00000013	addi	x0,x0,0	  x0:0x00000000
       24985000	      2497	80001f08	003691b3	sll	x3,x13,x3	 x13:0xfc000000  x3:0xffc0004f  x3=0x00000000
       24995000	      2498	80001f0c	00000f97	auipc	x31,0x0	 x31=0x80001f08
       25005000	      2499	80001f10	00cf8f93	addi	x31,x31,12	 x31:0x80001f08 x31=0x80001f14
       25015000	      2500	80001f14	000f8067	jalr	x0,x31,0	 x31:0x80001f14
       25025000	      2501	00000000	00000013	addi	x0,x0,0	  x0:0x00000000
       25035000	      2502	80001f14	00000013	addi	x0,x0,0	  x0:0x00000000
       25045000	      2503	80001f18	00100193	addi	x3,x0,1	  x0:0x00000000  x3=0x00000001
       25055000	      2504	80001f1c	00000073	ecall	
       25065000	      2505	80001f20	fd098993	addi	x19,x19,-48	 x19:0x80009f84 x19=0x80009f54
