		Time			Cycle	PC		Insn	Decoded instruction	Register and memory contents
          65000	         5	80000004	00000293	addi	x5,x0,0	  x0:0x00000000  x5=0x00000000
          75000	         6	80000008	00000313	addi	x6,x0,0	  x0:0x00000000  x6=0x00000000
          85000	         7	8000000c	00628263	beq	x5,x6,80000010	  x5:0x00000000  x6:0x00000000
          95000	         8	00000000	00000013	addi	x0,x0,0	  x0:0x00000000
         105000	         9	8000000c	00000013	addi	x0,x0,0	  x0:0x00000000
         115000	        10	80000010	00000f97	auipc	x31,0x0	 x31=0x8000000c
         125000	        11	80000014	00cf8f93	addi	x31,x31,12	 x31:0x8000000c x31=0x80000018
         135000	        12	80000018	000f8067	jalr	x0,x31,0	 x31:0x80000018
         145000	        13	00000000	00000013	addi	x0,x0,0	  x0:0x00000000
         155000	        14	80000018	00000013	addi	x0,x0,0	  x0:0x00000000
         165000	        15	8000001c	40000c37	lui	x24,0x40000	 x24=0x40000000
         175000	        16	80000020	100c0c13	addi	x24,x24,256	 x24:0x40000000 x24=0x40000100
         185000	        17	80000024	00000013	addi	x0,x0,0	  x0:0x00000000
         195000	        18	80000028	0000a997	auipc	x19,0xa	 x19=0x8000a024
         205000	        19	8000002c	fa098993	addi	x19,x19,-96	 x19:0x8000a024 x19=0x80009fc4
         215000	        20	80000030	00003c17	auipc	x24,0x3	 x24=0x8000302c
         225000	        21	80000034	6e4c0c13	addi	x24,x24,1764	 x24:0x8000302c x24=0x80003710
         235000	        22	80000038	001c6c13	ori	x24,x24,1	 x24:0x80003710 x24=0x80003711
         245000	        23	8000003c	00000013	addi	x0,x0,0	  x0:0x00000000
         255000	        24	80000040	00000c17	auipc	x24,0x0	 x24=0x8000003c
         265000	        25	80000044	020c0c13	addi	x24,x24,32	 x24:0x8000003c x24=0x8000005c
         275000	        26	80000048	00000013	addi	x0,x0,0	  x0:0x00000000
         285000	        27	8000004c	00000013	addi	x0,x0,0	  x0:0x00000000
         295000	        28	80000050	00002c37	lui	x24,0x2	 x24=0x00002000
         305000	        29	80000054	800c0c13	addi	x24,x24,-2048	 x24:0x00002000 x24=0x00001800
         315000	        30	80000058	00000013	addi	x0,x0,0	  x0:0x00000000
         325000	        31	8000005c	00000013	addi	x0,x0,0	  x0:0x00000000
         335000	        32	80000060	80000037	lui	x0,0x80000	
         345000	        33	80000064	00000013	addi	x0,x0,0	  x0:0x00000000
         355000	        34	80000068	cc9160b7	lui	x1,0xcc916	  x1=0xcc916000
         365000	        35	8000006c	bf408093	addi	x1,x1,-1036	  x1:0xcc916000  x1=0xcc915bf4
         375000	        36	80000070	a2a20137	lui	x2,0xa2a20	  x2=0xa2a20000
         385000	        37	80000074	79710113	addi	x2,x2,1943	  x2:0xa2a20000  x2=0xa2a20797
         395000	        38	80000078	f4acc1b7	lui	x3,0xf4acc	  x3=0xf4acc000
         405000	        39	8000007c	cc118193	addi	x3,x3,-831	  x3:0xf4acc000  x3=0xf4acbcc1
         415000	        40	80000080	80000237	lui	x4,0x80000	  x4=0x80000000
         425000	        41	80000084	00000293	addi	x5,x0,0	  x0:0x00000000  x5=0x00000000
         435000	        42	80000088	80000337	lui	x6,0x80000	  x6=0x80000000
         445000	        43	8000008c	fce433b7	lui	x7,0xfce43	  x7=0xfce43000
         455000	        44	80000090	0a038393	addi	x7,x7,160	  x7:0xfce43000  x7=0xfce430a0
         465000	        45	80000094	b4af44b7	lui	x9,0xb4af4	  x9=0xb4af4000
         475000	        46	80000098	4ad48493	addi	x9,x9,1197	  x9:0xb4af4000  x9=0xb4af44ad
         485000	        47	8000009c	00600513	addi	x10,x0,6	  x0:0x00000000 x10=0x00000006
         495000	        48	800000a0	00700593	addi	x11,x0,7	  x0:0x00000000 x11=0x00000007
         505000	        49	800000a4	00000613	addi	x12,x0,0	  x0:0x00000000 x12=0x00000000
         515000	        50	800000a8	3b8eb6b7	lui	x13,0x3b8eb	 x13=0x3b8eb000
         525000	        51	800000ac	23768693	addi	x13,x13,567	 x13:0x3b8eb000 x13=0x3b8eb237
         535000	        52	800000b0	00000713	addi	x14,x0,0	  x0:0x00000000 x14=0x00000000
         545000	        53	800000b4	094517b7	lui	x15,0x9451	 x15=0x09451000
         555000	        54	800000b8	afb78793	addi	x15,x15,-1285	 x15:0x09451000 x15=0x09450afb
         565000	        55	800000bc	00000813	addi	x16,x0,0	  x0:0x00000000 x16=0x00000000
         575000	        56	800000c0	00000893	addi	x17,x0,0	  x0:0x00000000 x17=0x00000000
         585000	        57	800000c4	00900913	addi	x18,x0,9	  x0:0x00000000 x18=0x00000009
         595000	        58	800000c8	00300a13	addi	x20,x0,3	  x0:0x00000000 x20=0x00000003
         605000	        59	800000cc	00000a93	addi	x21,x0,0	  x0:0x00000000 x21=0x00000000
         615000	        60	800000d0	ff4d5b37	lui	x22,0xff4d5	 x22=0xff4d5000
         625000	        61	800000d4	691b0b13	addi	x22,x22,1681	 x22:0xff4d5000 x22=0xff4d5691
         635000	        62	800000d8	00c00b93	addi	x23,x0,12	  x0:0x00000000 x23=0x0000000c
         645000	        63	800000dc	f33a4c37	lui	x24,0xf33a4	 x24=0xf33a4000
         655000	        64	800000e0	b2bc0c13	addi	x24,x24,-1237	 x24:0xf33a4000 x24=0xf33a3b2b
         665000	        65	800000e4	f96d9cb7	lui	x25,0xf96d9	 x25=0xf96d9000
         675000	        66	800000e8	c32c8c93	addi	x25,x25,-974	 x25:0xf96d9000 x25=0xf96d8c32
         685000	        67	800000ec	00000d13	addi	x26,x0,0	  x0:0x00000000 x26=0x00000000
         695000	        68	800000f0	d2d42db7	lui	x27,0xd2d42	 x27=0xd2d42000
         705000	        69	800000f4	dd5d8d93	addi	x27,x27,-555	 x27:0xd2d42000 x27=0xd2d41dd5
         715000	        70	800000f8	00a00e13	addi	x28,x0,10	  x0:0x00000000 x28=0x0000000a
         725000	        71	800000fc	00000e93	addi	x29,x0,0	  x0:0x00000000 x29=0x00000000
         735000	        72	80000100	00100f13	addi	x30,x0,1	  x0:0x00000000 x30=0x00000001
         745000	        73	80000104	00800f93	addi	x31,x0,8	  x0:0x00000000 x31=0x00000008
         755000	        74	80000108	0000a417	auipc	x8,0xa	  x8=0x8000a104
         765000	        75	8000010c	e8040413	addi	x8,x8,-384	  x8:0x8000a104  x8=0x80009f84
         775000	        76	80000110	00900a93	addi	x21,x0,9	  x0:0x00000000 x21=0x00000009
         785000	        77	80000114	00500613	addi	x12,x0,5	  x0:0x00000000 x12=0x00000005
         795000	        78	80000118	2439c113	xori	x2,x19,579	 x19:0x80009fc4  x2=0x80009d87
         805000	        79	8000011c	ffca8a93	addi	x21,x21,-4	 x21:0x00000009 x21=0x00000005
         815000	        80	80000120	00900a13	addi	x20,x0,9	  x0:0x00000000 x20=0x00000009
         825000	        81	80000124	00700913	addi	x18,x0,7	  x0:0x00000000 x18=0x00000007
         835000	        82	80000128	80fd8793	addi	x15,x27,-2033	 x27:0xd2d41dd5 x15=0xd2d415e4
         845000	        83	8000012c	15e42493	slti	x9,x8,350	  x8:0x80009f84  x9=0x00000001
         855000	        84	80000130	ffca0a13	addi	x20,x20,-4	 x20:0x00000009 x20=0x00000005
         865000	        85	80000134	ff2a7ce3	bgeu	x20,x18,8000012c	 x20:0x00000005 x18:0x00000007
         875000	        86	80000138	fecaf0e3	bgeu	x21,x12,80000118	 x21:0x00000005 x12:0x00000005
         885000	        87	00000000	00000013	addi	x0,x0,0	  x0:0x00000000
         895000	        88	80000114	00000013	addi	x0,x0,0	  x0:0x00000000
         905000	        89	80000118	2439c113	xori	x2,x19,579	 x19:0x80009fc4  x2=0x80009d87
         915000	        90	8000011c	ffca8a93	addi	x21,x21,-4	 x21:0x00000005 x21=0x00000001
         925000	        91	80000120	00900a13	addi	x20,x0,9	  x0:0x00000000 x20=0x00000009
         935000	        92	80000124	00700913	addi	x18,x0,7	  x0:0x00000000 x18=0x00000007
         945000	        93	80000128	80fd8793	addi	x15,x27,-2033	 x27:0xd2d41dd5 x15=0xd2d415e4
         955000	        94	8000012c	15e42493	slti	x9,x8,350	  x8:0x80009f84  x9=0x00000001
         965000	        95	80000130	ffca0a13	addi	x20,x20,-4	 x20:0x00000009 x20=0x00000005
         975000	        96	80000134	ff2a7ce3	bgeu	x20,x18,8000012c	 x20:0x00000005 x18:0x00000007
         985000	        97	80000138	fecaf0e3	bgeu	x21,x12,80000118	 x21:0x00000001 x12:0x00000005
         995000	        98	8000013c	410e8f33	sub	x30,x29,x16	 x29:0x00000000 x16:0x00000000 x30=0x00000000
        1005000	        99	80000140	4d8c3713	sltiu	x14,x24,1240	 x24:0xf33a3b2b x14=0x00000000
        1015000	       100	80000144	4482cc37	lui	x24,0x4482c	 x24=0x4482c000
        1025000	       101	80000148	41308bb3	sub	x23,x1,x19	  x1:0xcc915bf4 x19:0x80009fc4 x23=0x4c90bc30
        1035000	       102	8000014c	00e0dc63	bge	x1,x14,80000164	  x1:0xcc915bf4 x14:0x00000000
        1045000	       103	80000150	03a59863	bne	x11,x26,80000180	 x11:0x00000007 x26:0x00000000
        1055000	       104	00000000	00000013	addi	x0,x0,0	  x0:0x00000000
        1065000	       105	8000017c	00000013	addi	x0,x0,0	  x0:0x00000000
        1075000	       106	80000180	40ecd293	srai	x5,x25,0xe	 x25:0xf96d8c32  x5=0xffffe5b6
        1085000	       107	80000184	3c7494b7	lui	x9,0x3c749	  x9=0x3c749000
        1095000	       108	80000188	03c38e63	beq	x7,x28,800001c4	  x7:0xfce430a0 x28:0x0000000a
        1105000	       109	8000018c	01abe633	or	x12,x23,x26	 x23:0x4c90bc30 x26:0x00000000 x12=0x4c90bc30
        1115000	       110	80000190	052a8263	beq	x21,x18,800001d4	 x21:0x00000001 x18:0x00000007
        1125000	       111	80000194	0159ef33	or	x30,x19,x21	 x19:0x80009fc4 x21:0x00000001 x30=0x80009fc5
        1135000	       112	80000198	99116f13	ori	x30,x2,-1647	  x2:0x80009d87 x30=0xfffffd97
        1145000	       113	8000019c	00d138b3	sltu	x17,x2,x13	  x2:0x80009d87 x13:0x3b8eb237 x17=0x00000000
        1155000	       114	800001a0	00315733	srl	x14,x2,x3	  x2:0x80009d87  x3:0xf4acbcc1 x14=0x40004ec3
        1165000	       115	800001a4	013df3b3	and	x7,x27,x19	 x27:0xd2d41dd5 x19:0x80009fc4  x7=0x80001dc4
        1175000	       116	800001a8	44304813	xori	x16,x0,1091	  x0:0x00000000 x16=0x00000443
        1185000	       117	800001ac	015c0033	add	x0,x24,x21	 x24:0x4482c000 x21:0x00000001
        1195000	       118	800001b0	012691b3	sll	x3,x13,x18	 x13:0x3b8eb237 x18:0x00000007  x3=0xc7591b80
        1205000	       119	800001b4	002f23b3	slt	x7,x30,x2	 x30:0xfffffd97  x2:0x80009d87  x7=0x00000000
        1215000	       120	800001b8	cc4dbb93	sltiu	x23,x27,-828	 x27:0xd2d41dd5 x23=0x00000001
        1225000	       121	800001bc	016aa6b3	slt	x13,x21,x22	 x21:0x00000001 x22:0xff4d5691 x13=0x00000000
        1235000	       122	800001c0	01650c63	beq	x10,x22,800001d8	 x10:0x00000006 x22:0xff4d5691
        1245000	       123	800001c4	01a6fd33	and	x26,x13,x26	 x13:0x00000000 x26:0x00000000 x26=0x00000000
        1255000	       124	800001c8	baaa7113	andi	x2,x20,-1110	 x20:0x00000005  x2=0x00000000
        1265000	       125	800001cc	ca298d93	addi	x27,x19,-862	 x19:0x80009fc4 x27=0x80009c66
        1275000	       126	800001d0	8e9a4493	xori	x9,x20,-1815	 x20:0x00000005  x9=0xfffff8ec
        1285000	       127	800001d4	01b71f13	slli	x30,x14,0x1b	 x14:0x40004ec3 x30=0x18000000
        1295000	       128	800001d8	00c36ab3	or	x21,x6,x12	  x6:0x80000000 x12:0x4c90bc30 x21=0xcc90bc30
        1305000	       129	800001dc	0777de63	bge	x15,x23,80000258	 x15:0xd2d415e4 x23:0x00000001
        1315000	       130	800001e0	015ddd93	srli	x27,x27,0x15	 x27:0x80009c66 x27=0x00000400
        1325000	       131	800001e4	01255913	srli	x18,x10,0x12	 x10:0x00000006 x18=0x00000000
        1335000	       132	800001e8	063ade63	bge	x21,x3,80000264	 x21:0xcc90bc30  x3:0xc7591b80
        1345000	       133	00000000	00000013	addi	x0,x0,0	  x0:0x00000000
        1355000	       134	80000260	00000013	addi	x0,x0,0	  x0:0x00000000
        1365000	       135	80000264	00000013	addi	x0,x0,0	  x0:0x00000000
        1375000	       136	80000268	00668cb3	add	x25,x13,x6	 x13:0x00000000  x6:0x80000000 x25=0x80000000
        1385000	       137	8000026c	00000f97	auipc	x31,0x0	 x31=0x80000268
        1395000	       138	80000270	00cf8f93	addi	x31,x31,12	 x31:0x80000268 x31=0x80000274
        1405000	       139	80000274	000f8067	jalr	x0,x31,0	 x31:0x80000274
        1415000	       140	00000000	00000013	addi	x0,x0,0	  x0:0x00000000
        1425000	       141	80000274	00000013	addi	x0,x0,0	  x0:0x00000000
        1435000	       142	80000278	00100193	addi	x3,x0,1	  x0:0x00000000  x3=0x00000001
        1445000	       143	8000027c	00000073	ecall	
        1455000	       144	80000280	68bb0293	addi	x5,x22,1675	 x22:0xff4d5691  x5=0xff4d5d1c
