		Time			Cycle	PC		Insn	Decoded instruction	Register and memory contents
          65000	         5	80000004	00000293	addi	x5,x0,0	  x0:0x00000000  x5=0x00000000
          75000	         6	80000008	00000313	addi	x6,x0,0	  x0:0x00000000  x6=0x00000000
          85000	         7	8000000c	00628263	beq	x5,x6,80000010	  x5:0x00000000  x6:0x00000000
          95000	         8	00000000	00000013	addi	x0,x0,0	  x0:0x00000000
         105000	         9	8000000c	00000013	addi	x0,x0,0	  x0:0x00000000
         115000	        10	80000010	00000a17	auipc	x20,0x0	 x20=0x8000000c
         125000	        11	80000014	00ca0a13	addi	x20,x20,12	 x20:0x8000000c x20=0x80000018
         135000	        12	80000018	000a0067	jalr	x0,x20,0	 x20:0x80000018
         145000	        13	00000000	00000013	addi	x0,x0,0	  x0:0x00000000
         155000	        14	80000018	00000013	addi	x0,x0,0	  x0:0x00000000
         165000	        15	8000001c	400006b7	lui	x13,0x40000	 x13=0x40000000
         175000	        16	80000020	10068693	addi	x13,x13,256	 x13:0x40000000 x13=0x40000100
         185000	        17	80000024	00000013	addi	x0,x0,0	  x0:0x00000000
         195000	        18	80000028	0000a617	auipc	x12,0xa	 x12=0x8000a024
         205000	        19	8000002c	fa060613	addi	x12,x12,-96	 x12:0x8000a024 x12=0x80009fc4
         215000	        20	80000030	00004697	auipc	x13,0x4	 x13=0x8000402c
         225000	        21	80000034	92468693	addi	x13,x13,-1756	 x13:0x8000402c x13=0x80003950
         235000	        22	80000038	0016e693	ori	x13,x13,1	 x13:0x80003950 x13=0x80003951
         245000	        23	8000003c	00000013	addi	x0,x0,0	  x0:0x00000000
         255000	        24	80000040	00000697	auipc	x13,0x0	 x13=0x8000003c
         265000	        25	80000044	02068693	addi	x13,x13,32	 x13:0x8000003c x13=0x8000005c
         275000	        26	80000048	00000013	addi	x0,x0,0	  x0:0x00000000
         285000	        27	8000004c	00000013	addi	x0,x0,0	  x0:0x00000000
         295000	        28	80000050	000026b7	lui	x13,0x2	 x13=0x00002000
         305000	        29	80000054	80068693	addi	x13,x13,-2048	 x13:0x00002000 x13=0x00001800
         315000	        30	80000058	00000013	addi	x0,x0,0	  x0:0x00000000
         325000	        31	8000005c	00000013	addi	x0,x0,0	  x0:0x00000000
         335000	        32	80000060	80000037	lui	x0,0x80000	
         345000	        33	80000064	00000013	addi	x0,x0,0	  x0:0x00000000
         355000	        34	80000068	620ac0b7	lui	x1,0x620ac	  x1=0x620ac000
         365000	        35	8000006c	9a408093	addi	x1,x1,-1628	  x1:0x620ac000  x1=0x620ab9a4
         375000	        36	80000070	e7ad9137	lui	x2,0xe7ad9	  x2=0xe7ad9000
         385000	        37	80000074	e6c10113	addi	x2,x2,-404	  x2:0xe7ad9000  x2=0xe7ad8e6c
         395000	        38	80000078	effb21b7	lui	x3,0xeffb2	  x3=0xeffb2000
         405000	        39	8000007c	a4918193	addi	x3,x3,-1463	  x3:0xeffb2000  x3=0xeffb1a49
         415000	        40	80000080	f8695237	lui	x4,0xf8695	  x4=0xf8695000
         425000	        41	80000084	41920213	addi	x4,x4,1049	  x4:0xf8695000  x4=0xf8695419
         435000	        42	80000088	800002b7	lui	x5,0x80000	  x5=0x80000000
         445000	        43	8000008c	86331337	lui	x6,0x86331	  x6=0x86331000
         455000	        44	80000090	46f30313	addi	x6,x6,1135	  x6:0x86331000  x6=0x8633146f
         465000	        45	80000094	800003b7	lui	x7,0x80000	  x7=0x80000000
         475000	        46	80000098	80000437	lui	x8,0x80000	  x8=0x80000000
         485000	        47	8000009c	14ed14b7	lui	x9,0x14ed1	  x9=0x14ed1000
         495000	        48	800000a0	3c548493	addi	x9,x9,965	  x9:0x14ed1000  x9=0x14ed13c5
         505000	        49	800000a4	f64d6537	lui	x10,0xf64d6	 x10=0xf64d6000
         515000	        50	800000a8	0a050513	addi	x10,x10,160	 x10:0xf64d6000 x10=0xf64d60a0
         525000	        51	800000ac	0087a5b7	lui	x11,0x87a	 x11=0x0087a000
         535000	        52	800000b0	94858593	addi	x11,x11,-1720	 x11:0x0087a000 x11=0x00879948
         545000	        53	800000b4	800006b7	lui	x13,0x80000	 x13=0x80000000
         555000	        54	800000b8	00300713	addi	x14,x0,3	  x0:0x00000000 x14=0x00000003
         565000	        55	800000bc	f7f31837	lui	x16,0xf7f31	 x16=0xf7f31000
         575000	        56	800000c0	d4880813	addi	x16,x16,-696	 x16:0xf7f31000 x16=0xf7f30d48
         585000	        57	800000c4	00000893	addi	x17,x0,0	  x0:0x00000000 x17=0x00000000
         595000	        58	800000c8	797db937	lui	x18,0x797db	 x18=0x797db000
         605000	        59	800000cc	c3e90913	addi	x18,x18,-962	 x18:0x797db000 x18=0x797dac3e
         615000	        60	800000d0	00500993	addi	x19,x0,5	  x0:0x00000000 x19=0x00000005
         625000	        61	800000d4	00000a13	addi	x20,x0,0	  x0:0x00000000 x20=0x00000000
         635000	        62	800000d8	00000a93	addi	x21,x0,0	  x0:0x00000000 x21=0x00000000
         645000	        63	800000dc	f98f2b37	lui	x22,0xf98f2	 x22=0xf98f2000
         655000	        64	800000e0	78eb0b13	addi	x22,x22,1934	 x22:0xf98f2000 x22=0xf98f278e
         665000	        65	800000e4	c1a86bb7	lui	x23,0xc1a86	 x23=0xc1a86000
         675000	        66	800000e8	7cdb8b93	addi	x23,x23,1997	 x23:0xc1a86000 x23=0xc1a867cd
         685000	        67	800000ec	fbecbc37	lui	x24,0xfbecb	 x24=0xfbecb000
         695000	        68	800000f0	f7dc0c13	addi	x24,x24,-131	 x24:0xfbecb000 x24=0xfbecaf7d
         705000	        69	800000f4	fa9a6cb7	lui	x25,0xfa9a6	 x25=0xfa9a6000
         715000	        70	800000f8	b90c8c93	addi	x25,x25,-1136	 x25:0xfa9a6000 x25=0xfa9a5b90
         725000	        71	800000fc	00000d13	addi	x26,x0,0	  x0:0x00000000 x26=0x00000000
         735000	        72	80000100	88191db7	lui	x27,0x88191	 x27=0x88191000
         745000	        73	80000104	6e9d8d93	addi	x27,x27,1769	 x27:0x88191000 x27=0x881916e9
         755000	        74	80000108	f95c4e37	lui	x28,0xf95c4	 x28=0xf95c4000
         765000	        75	8000010c	a12e0e13	addi	x28,x28,-1518	 x28:0xf95c4000 x28=0xf95c3a12
         775000	        76	80000110	00000e93	addi	x29,x0,0	  x0:0x00000000 x29=0x00000000
         785000	        77	80000114	00400f13	addi	x30,x0,4	  x0:0x00000000 x30=0x00000004
         795000	        78	80000118	00300f93	addi	x31,x0,3	  x0:0x00000000 x31=0x00000003
         805000	        79	8000011c	0000a797	auipc	x15,0xa	 x15=0x8000a118
         815000	        80	80000120	e6c78793	addi	x15,x15,-404	 x15:0x8000a118 x15=0x80009f84
         825000	        81	80000124	ff600e13	addi	x28,x0,-10	  x0:0x00000000 x28=0xfffffff6
         835000	        82	80000128	38520b93	addi	x23,x4,901	  x4:0xf8695419 x23=0xf869579e
         845000	        83	8000012c	c5907c13	andi	x24,x0,-935	  x0:0x00000000 x24=0x00000000
         855000	        84	80000130	6e7ab093	sltiu	x1,x21,1767	 x21:0x00000000  x1=0x00000001
         865000	        85	80000134	004c65b3	or	x11,x24,x4	 x24:0x00000000  x4:0xf8695419 x11=0xf8695419
         875000	        86	80000138	70842e93	slti	x29,x8,1800	  x8:0x80000000 x29=0x00000001
         885000	        87	8000013c	ffa00513	addi	x10,x0,-6	  x0:0x00000000 x10=0xfffffffa
         895000	        88	80000140	0163efb3	or	x31,x7,x22	  x7:0x80000000 x22:0xf98f278e x31=0xf98f278e
         905000	        89	80000144	01af3833	sltu	x16,x30,x26	 x30:0x00000004 x26:0x00000000 x16=0x00000000
         915000	        90	80000148	01169993	slli	x19,x13,0x11	 x13:0x80000000 x19=0x00000000
         925000	        91	8000014c	002a1b33	sll	x22,x20,x2	 x20:0x00000000  x2:0xe7ad8e6c x22=0x00000000
         935000	        92	80000150	ea6a3893	sltiu	x17,x20,-346	 x20:0x00000000 x17=0x00000001
         945000	        93	80000154	0187f9b3	and	x19,x15,x24	 x15:0x80009f84 x24:0x00000000 x19=0x00000000
         955000	        94	80000158	009e0e13	addi	x28,x28,9	 x28:0xfffffff6 x28=0xffffffff
         965000	        95	8000015c	d2c4fe93	andi	x29,x9,-724	  x9:0x14ed13c5 x29=0x14ed1104
         975000	        96	80000160	00e33c33	sltu	x24,x6,x14	  x6:0x8633146f x14:0x00000003 x24=0x00000000
         985000	        97	80000164	01939133	sll	x2,x7,x25	  x7:0x80000000 x25:0xfa9a5b90  x2=0x00000000
         995000	        98	80000168	4056db13	srai	x22,x13,0x5	 x13:0x80000000 x22=0xfc000000
        1005000	        99	8000016c	008fdeb3	srl	x29,x31,x8	 x31:0xf98f278e  x8:0x80000000 x29=0xf98f278e
        1015000	       100	80000170	a4040217	auipc	x4,0xa4040	  x4=0x2404016c
        1025000	       101	80000174	f6c3cf13	xori	x30,x7,-148	  x7:0x80000000 x30=0x7fffff6c
        1035000	       102	80000178	3a527493	andi	x9,x4,933	  x4:0x2404016c  x9=0x00000124
        1045000	       103	8000017c	005ed593	srli	x11,x29,0x5	 x29:0xf98f278e x11=0x07cc793c
        1055000	       104	80000180	016e9d13	slli	x26,x29,0x16	 x29:0xf98f278e x26=0xe3800000
        1065000	       105	80000184	04d9c813	xori	x16,x19,77	 x19:0x00000000 x16=0x0000004d
        1075000	       106	80000188	005a95b3	sll	x11,x21,x5	 x21:0x00000000  x5:0x80000000 x11=0x00000000
        1085000	       107	8000018c	945c2c93	slti	x25,x24,-1723	 x24:0x00000000 x25=0x00000000
        1095000	       108	80000190	fcae42e3	blt	x28,x10,80000154	 x28:0xffffffff x10:0xfffffffa
        1105000	       109	80000194	01430133	add	x2,x6,x20	  x6:0x8633146f x20:0x00000000  x2=0x8633146f
        1115000	       110	80000198	fff00213	addi	x4,x0,-1	  x0:0x00000000  x4=0xffffffff
        1125000	       111	8000019c	400d5e13	srai	x28,x26,0x0	 x26:0xe3800000 x28=0xe3800000
        1135000	       112	800001a0	b814ef37	lui	x30,0xb814e	 x30=0xb814e000
        1145000	       113	800001a4	00761093	slli	x1,x12,0x7	 x12:0x80009fc4  x1=0x004fe200
        1155000	       114	800001a8	01464733	xor	x14,x12,x20	 x12:0x80009fc4 x20:0x00000000 x14=0x80009fc4
        1165000	       115	800001ac	01f0a9b3	slt	x19,x1,x31	  x1:0x004fe200 x31:0xf98f278e x19=0x00000000
        1175000	       116	800001b0	ff000c93	addi	x25,x0,-16	  x0:0x00000000 x25=0xfffffff0
        1185000	       117	800001b4	5cab3e13	sltiu	x28,x22,1482	 x22:0xfc000000 x28=0x00000000
        1195000	       118	800001b8	e3388313	addi	x6,x17,-461	 x17:0x00000001  x6=0xfffffe34
        1205000	       119	800001bc	f1452713	slti	x14,x10,-236	 x10:0xfffffffa x14=0x00000000
        1215000	       120	800001c0	016293b3	sll	x7,x5,x22	  x5:0x80000000 x22:0xfc000000  x7=0x80000000
        1225000	       121	800001c4	cd90c193	xori	x3,x1,-807	  x1:0x004fe200  x3=0xffb01ed9
        1235000	       122	800001c8	1b79b717	auipc	x14,0x1b79b	 x14=0x9b79b1c4
        1245000	       123	800001cc	8a338e93	addi	x29,x7,-1885	  x7:0x80000000 x29=0x7ffff8a3
        1255000	       124	800001d0	00125333	srl	x6,x4,x1	  x4:0xffffffff  x1:0x004fe200  x6=0xffffffff
        1265000	       125	800001d4	abdec193	xori	x3,x29,-1347	 x29:0x7ffff8a3  x3=0x8000021e
        1275000	       126	800001d8	000262b3	or	x5,x4,x0	  x4:0xffffffff  x0:0x00000000  x5=0xffffffff
        1285000	       127	800001dc	418cdd33	sra	x26,x25,x24	 x25:0xfffffff0 x24:0x00000000 x26=0xfffffff0
        1295000	       128	800001e0	b34b6ab7	lui	x21,0xb34b6	 x21=0xb34b6000
        1305000	       129	800001e4	01c6de13	srli	x28,x13,0x1c	 x13:0x80000000 x28=0x00000008
        1315000	       130	800001e8	8e568b93	addi	x23,x13,-1819	 x13:0x80000000 x23=0x7ffff8e5
        1325000	       131	800001ec	031bf593	andi	x11,x23,49	 x23:0x7ffff8e5 x11=0x00000021
        1335000	       132	800001f0	ffd20213	addi	x4,x4,-3	  x4:0xffffffff  x4=0xfffffffc
        1345000	       133	800001f4	0114fe33	and	x28,x9,x17	  x9:0x00000124 x17:0x00000001 x28=0x00000000
        1355000	       134	800001f8	0166f733	and	x14,x13,x22	 x13:0x80000000 x22:0xfc000000 x14=0x80000000
        1365000	       135	800001fc	01538d33	add	x26,x7,x21	  x7:0x80000000 x21:0xb34b6000 x26=0x334b6000
        1375000	       136	80000200	fd9202e3	beq	x4,x25,800001c4	  x4:0xfffffffc x25:0xfffffff0
        1385000	       137	80000204	b719c393	xori	x7,x19,-1167	 x19:0x00000000  x7=0xfffffb71
        1395000	       138	80000208	00600913	addi	x18,x0,6	  x0:0x00000000 x18=0x00000006
        1405000	       139	8000020c	01fb0eb3	add	x29,x22,x31	 x22:0xfc000000 x31:0xf98f278e x29=0xf58f278e
        1415000	       140	80000210	006f9eb3	sll	x29,x31,x6	 x31:0xf98f278e  x6:0xffffffff x29=0x00000000
        1425000	       141	80000214	00600693	addi	x13,x0,6	  x0:0x00000000 x13=0x00000006
        1435000	       142	80000218	a4b50997	auipc	x19,0xa4b50	 x19=0x24b50214
        1445000	       143	8000021c	00555233	srl	x4,x10,x5	 x10:0xfffffffa  x5:0xffffffff  x4=0x00000001
        1455000	       144	80000220	001894b3	sll	x9,x17,x1	 x17:0x00000001  x1:0x004fe200  x9=0x00000001
        1465000	       145	80000224	00e6e433	or	x8,x13,x14	 x13:0x00000006 x14:0x80000000  x8=0x80000006
        1475000	       146	80000228	0011d713	srli	x14,x3,0x1	  x3:0x8000021e x14=0x4000010f
        1485000	       147	8000022c	018e8e33	add	x28,x29,x24	 x29:0x00000000 x24:0x00000000 x28=0x00000000
        1495000	       148	80000230	e95980b7	lui	x1,0xe9598	  x1=0xe9598000
        1505000	       149	80000234	003423b3	slt	x7,x8,x3	  x8:0x80000006  x3:0x8000021e  x7=0x00000001
        1515000	       150	80000238	ffe90913	addi	x18,x18,-2	 x18:0x00000006 x18=0x00000004
        1525000	       151	8000023c	000124b3	slt	x9,x2,x0	  x2:0x8633146f  x0:0x00000000  x9=0x00000001
        1535000	       152	80000240	0138f333	and	x6,x17,x19	 x17:0x00000001 x19:0x24b50214  x6=0x00000000
        1545000	       153	80000244	012e5813	srli	x16,x28,0x12	 x28:0x00000000 x16=0x00000000
        1555000	       154	80000248	413f0533	sub	x10,x30,x19	 x30:0xb814e000 x19:0x24b50214 x10=0x935fddec
        1565000	       155	8000024c	fcd97ce3	bgeu	x18,x13,80000224	 x18:0x00000004 x13:0x00000006
        1575000	       156	80000250	011f2eb3	slt	x29,x30,x17	 x30:0xb814e000 x17:0x00000001 x29=0x00000001
        1585000	       157	80000254	ffd00093	addi	x1,x0,-3	  x0:0x00000000  x1=0xfffffffd
        1595000	       158	80000258	001973b3	and	x7,x18,x1	 x18:0x00000004  x1:0xfffffffd  x7=0x00000004
        1605000	       159	8000025c	54106a97	auipc	x21,0x54106	 x21=0xd4106258
        1615000	       160	80000260	0004afb3	slt	x31,x9,x0	  x9:0x00000001  x0:0x00000000 x31=0x00000000
        1625000	       161	80000264	010fefb3	or	x31,x31,x16	 x31:0x00000000 x16:0x00000000 x31=0x00000000
        1635000	       162	80000268	40898533	sub	x10,x19,x8	 x19:0x24b50214  x8:0x80000006 x10=0xa4b5020e
        1645000	       163	8000026c	2468f813	andi	x16,x17,582	 x17:0x00000001 x16=0x00000000
        1655000	       164	80000270	ff200593	addi	x11,x0,-14	  x0:0x00000000 x11=0xfffffff2
        1665000	       165	80000274	001c23b3	slt	x7,x24,x1	 x24:0x00000000  x1:0xfffffffd  x7=0x00000000
        1675000	       166	80000278	bb82f213	andi	x4,x5,-1096	  x5:0xffffffff  x4=0xfffffbb8
        1685000	       167	8000027c	005a83b3	add	x7,x21,x5	 x21:0xd4106258  x5:0xffffffff  x7=0xd4106257
        1695000	       168	80000280	00e7bb33	sltu	x22,x15,x14	 x15:0x80009f84 x14:0x4000010f x22=0x00000000
        1705000	       169	80000284	00295533	srl	x10,x18,x2	 x18:0x00000004  x2:0x8633146f x10=0x00000000
        1715000	       170	80000288	089ace93	xori	x29,x21,137	 x21:0xd4106258 x29=0xd41062d1
        1725000	       171	8000028c	33324013	xori	x0,x4,819	  x4:0xfffffbb8
        1735000	       172	80000290	019a1693	slli	x13,x20,0x19	 x20:0x00000000 x13=0x00000000
        1745000	       173	80000294	01979133	sll	x2,x15,x25	 x15:0x80009f84 x25:0xfffffff0  x2=0x9f840000
        1755000	       174	80000298	cdabbc97	auipc	x25,0xcdabb	 x25=0x4dabb294
        1765000	       175	8000029c	b23ae213	ori	x4,x21,-1245	 x21:0xd4106258  x4=0xfffffb7b
        1775000	       176	800002a0	0114e733	or	x14,x9,x17	  x9:0x00000001 x17:0x00000001 x14=0x00000001
        1785000	       177	800002a4	0109a233	slt	x4,x19,x16	 x19:0x24b50214 x16:0x00000000  x4=0x00000000
        1795000	       178	800002a8	40d484b3	sub	x9,x9,x13	  x9:0x00000001 x13:0x00000000  x9=0x00000001
        1805000	       179	800002ac	ffb08093	addi	x1,x1,-5	  x1:0xfffffffd  x1=0xfffffff8
        1815000	       180	800002b0	0a993413	sltiu	x8,x18,169	 x18:0x00000004  x8=0x00000001
        1825000	       181	800002b4	feb0d8e3	bge	x1,x11,800002a4	  x1:0xfffffff8 x11:0xfffffff2
        1835000	       182	00000000	00000013	addi	x0,x0,0	  x0:0x00000000
        1845000	       183	800002a0	00000013	addi	x0,x0,0	  x0:0x00000000
        1855000	       184	800002a4	0109a233	slt	x4,x19,x16	 x19:0x24b50214 x16:0x00000000  x4=0x00000000
        1865000	       185	800002a8	40d484b3	sub	x9,x9,x13	  x9:0x00000001 x13:0x00000000  x9=0x00000001
        1875000	       186	800002ac	ffb08093	addi	x1,x1,-5	  x1:0xfffffff8  x1=0xfffffff3
        1885000	       187	800002b0	0a993413	sltiu	x8,x18,169	 x18:0x00000004  x8=0x00000001
        1895000	       188	800002b4	feb0d8e3	bge	x1,x11,800002a4	  x1:0xfffffff3 x11:0xfffffff2
        1905000	       189	00000000	00000013	addi	x0,x0,0	  x0:0x00000000
        1915000	       190	800002a0	00000013	addi	x0,x0,0	  x0:0x00000000
        1925000	       191	800002a4	0109a233	slt	x4,x19,x16	 x19:0x24b50214 x16:0x00000000  x4=0x00000000
        1935000	       192	800002a8	40d484b3	sub	x9,x9,x13	  x9:0x00000001 x13:0x00000000  x9=0x00000001
        1945000	       193	800002ac	ffb08093	addi	x1,x1,-5	  x1:0xfffffff3  x1=0xffffffee
        1955000	       194	800002b0	0a993413	sltiu	x8,x18,169	 x18:0x00000004  x8=0x00000001
        1965000	       195	800002b4	feb0d8e3	bge	x1,x11,800002a4	  x1:0xffffffee x11:0xfffffff2
        1975000	       196	800002b8	eb294d93	xori	x27,x18,-334	 x18:0x00000004 x27=0xfffffeb6
        1985000	       197	800002bc	ffe00693	addi	x13,x0,-2	  x0:0x00000000 x13=0xfffffffe
        1995000	       198	800002c0	41df83b3	sub	x7,x31,x29	 x31:0x00000000 x29:0xd41062d1  x7=0x2bef9d2f
        2005000	       199	800002c4	341b2093	slti	x1,x22,833	 x22:0x00000000  x1=0x00000001
        2015000	       200	800002c8	eaac6f93	ori	x31,x24,-342	 x24:0x00000000 x31=0xfffffeaa
        2025000	       201	800002cc	00e7bf33	sltu	x30,x15,x14	 x15:0x80009f84 x14:0x00000001 x30=0x00000000
        2035000	       202	800002d0	cfd0fc93	andi	x25,x1,-771	  x1:0x00000001 x25=0x00000001
        2045000	       203	800002d4	79394f13	xori	x30,x18,1939	 x18:0x00000004 x30=0x00000797
        2055000	       204	800002d8	3ca74d93	xori	x27,x14,970	 x14:0x00000001 x27=0x000003cb
        2065000	       205	800002dc	01200513	addi	x10,x0,18	  x0:0x00000000 x10=0x00000012
        2075000	       206	800002e0	01f8d433	srl	x8,x17,x31	 x17:0x00000001 x31:0xfffffeaa  x8=0x00000000
        2085000	       207	800002e4	0142f4b3	and	x9,x5,x20	  x5:0xffffffff x20:0x00000000  x9=0x00000000
        2095000	       208	800002e8	28d08f93	addi	x31,x1,653	  x1:0x00000001 x31=0x0000028e
        2105000	       209	800002ec	016b7433	and	x8,x22,x22	 x22:0x00000000 x22:0x00000000  x8=0x00000000
        2115000	       210	800002f0	7d046093	ori	x1,x8,2000	  x8:0x00000000  x1=0x000007d0
        2125000	       211	800002f4	8f72c893	xori	x17,x5,-1801	  x5:0xffffffff x17=0x00000708
        2135000	       212	800002f8	b2835317	auipc	x6,0xb2835	  x6=0x328352f4
        2145000	       213	800002fc	41975f13	srai	x30,x14,0x19	 x14:0x00000001 x30=0x00000000
        2155000	       214	80000300	00000013	addi	x0,x0,0	  x0:0x00000000
        2165000	       215	80000304	015d58b3	srl	x17,x26,x21	 x26:0x334b6000 x21:0xd4106258 x17=0x00000033
        2175000	       216	80000308	00be7db3	and	x27,x28,x11	 x28:0x00000000 x11:0xfffffff2 x27=0x00000000
        2185000	       217	8000030c	3f79c297	auipc	x5,0x3f79c	  x5=0xbf79c308
        2195000	       218	80000310	376c6d37	lui	x26,0x376c6	 x26=0x376c6000
        2205000	       219	80000314	00368693	addi	x13,x13,3	 x13:0xfffffffe x13=0x00000001
        2215000	       220	80000318	00534833	xor	x16,x6,x5	  x6:0x328352f4  x5:0xbf79c308 x16=0x8dfa91fc
        2225000	       221	8000031c	012153b3	srl	x7,x2,x18	  x2:0x9f840000 x18:0x00000004  x7=0x09f84000
        2235000	       222	80000320	4101dcb3	sra	x25,x3,x16	  x3:0x8000021e x16:0x8dfa91fc x25=0xfffffff8
        2245000	       223	80000324	00161833	sll	x16,x12,x1	 x12:0x80009fc4  x1:0x000007d0 x16=0x9fc40000
        2255000	       224	80000328	01c53c33	sltu	x24,x10,x28	 x10:0x00000012 x28:0x00000000 x24=0x00000000
        2265000	       225	8000032c	fca6e4e3	bltu	x13,x10,800002f4	 x13:0x00000001 x10:0x00000012
        2275000	       226	00000000	00000013	addi	x0,x0,0	  x0:0x00000000
        2285000	       227	800002f0	00000013	addi	x0,x0,0	  x0:0x00000000
        2295000	       228	800002f4	8f72c893	xori	x17,x5,-1801	  x5:0xbf79c308 x17=0x40863bff
        2305000	       229	800002f8	b2835317	auipc	x6,0xb2835	  x6=0x328352f4
        2315000	       230	800002fc	41975f13	srai	x30,x14,0x19	 x14:0x00000001 x30=0x00000000
        2325000	       231	80000300	00000013	addi	x0,x0,0	  x0:0x00000000
        2335000	       232	80000304	015d58b3	srl	x17,x26,x21	 x26:0x376c6000 x21:0xd4106258 x17=0x00000037
        2345000	       233	80000308	00be7db3	and	x27,x28,x11	 x28:0x00000000 x11:0xfffffff2 x27=0x00000000
        2355000	       234	8000030c	3f79c297	auipc	x5,0x3f79c	  x5=0xbf79c308
        2365000	       235	80000310	376c6d37	lui	x26,0x376c6	 x26=0x376c6000
        2375000	       236	80000314	00368693	addi	x13,x13,3	 x13:0x00000001 x13=0x00000004
        2385000	       237	80000318	00534833	xor	x16,x6,x5	  x6:0x328352f4  x5:0xbf79c308 x16=0x8dfa91fc
        2395000	       238	8000031c	012153b3	srl	x7,x2,x18	  x2:0x9f840000 x18:0x00000004  x7=0x09f84000
        2405000	       239	80000320	4101dcb3	sra	x25,x3,x16	  x3:0x8000021e x16:0x8dfa91fc x25=0xfffffff8
        2415000	       240	80000324	00161833	sll	x16,x12,x1	 x12:0x80009fc4  x1:0x000007d0 x16=0x9fc40000
        2425000	       241	80000328	01c53c33	sltu	x24,x10,x28	 x10:0x00000012 x28:0x00000000 x24=0x00000000
        2435000	       242	8000032c	fca6e4e3	bltu	x13,x10,800002f4	 x13:0x00000004 x10:0x00000012
        2445000	       243	00000000	00000013	addi	x0,x0,0	  x0:0x00000000
        2455000	       244	800002f0	00000013	addi	x0,x0,0	  x0:0x00000000
        2465000	       245	800002f4	8f72c893	xori	x17,x5,-1801	  x5:0xbf79c308 x17=0x40863bff
        2475000	       246	800002f8	b2835317	auipc	x6,0xb2835	  x6=0x328352f4
        2485000	       247	800002fc	41975f13	srai	x30,x14,0x19	 x14:0x00000001 x30=0x00000000
        2495000	       248	80000300	00000013	addi	x0,x0,0	  x0:0x00000000
        2505000	       249	80000304	015d58b3	srl	x17,x26,x21	 x26:0x376c6000 x21:0xd4106258 x17=0x00000037
        2515000	       250	80000308	00be7db3	and	x27,x28,x11	 x28:0x00000000 x11:0xfffffff2 x27=0x00000000
        2525000	       251	8000030c	3f79c297	auipc	x5,0x3f79c	  x5=0xbf79c308
        2535000	       252	80000310	376c6d37	lui	x26,0x376c6	 x26=0x376c6000
        2545000	       253	80000314	00368693	addi	x13,x13,3	 x13:0x00000004 x13=0x00000007
        2555000	       254	80000318	00534833	xor	x16,x6,x5	  x6:0x328352f4  x5:0xbf79c308 x16=0x8dfa91fc
        2565000	       255	8000031c	012153b3	srl	x7,x2,x18	  x2:0x9f840000 x18:0x00000004  x7=0x09f84000
        2575000	       256	80000320	4101dcb3	sra	x25,x3,x16	  x3:0x8000021e x16:0x8dfa91fc x25=0xfffffff8
        2585000	       257	80000324	00161833	sll	x16,x12,x1	 x12:0x80009fc4  x1:0x000007d0 x16=0x9fc40000
        2595000	       258	80000328	01c53c33	sltu	x24,x10,x28	 x10:0x00000012 x28:0x00000000 x24=0x00000000
        2605000	       259	8000032c	fca6e4e3	bltu	x13,x10,800002f4	 x13:0x00000007 x10:0x00000012
        2615000	       260	00000000	00000013	addi	x0,x0,0	  x0:0x00000000
        2625000	       261	800002f0	00000013	addi	x0,x0,0	  x0:0x00000000
        2635000	       262	800002f4	8f72c893	xori	x17,x5,-1801	  x5:0xbf79c308 x17=0x40863bff
        2645000	       263	800002f8	b2835317	auipc	x6,0xb2835	  x6=0x328352f4
        2655000	       264	800002fc	41975f13	srai	x30,x14,0x19	 x14:0x00000001 x30=0x00000000
        2665000	       265	80000300	00000013	addi	x0,x0,0	  x0:0x00000000
        2675000	       266	80000304	015d58b3	srl	x17,x26,x21	 x26:0x376c6000 x21:0xd4106258 x17=0x00000037
        2685000	       267	80000308	00be7db3	and	x27,x28,x11	 x28:0x00000000 x11:0xfffffff2 x27=0x00000000
        2695000	       268	8000030c	3f79c297	auipc	x5,0x3f79c	  x5=0xbf79c308
        2705000	       269	80000310	376c6d37	lui	x26,0x376c6	 x26=0x376c6000
        2715000	       270	80000314	00368693	addi	x13,x13,3	 x13:0x00000007 x13=0x0000000a
        2725000	       271	80000318	00534833	xor	x16,x6,x5	  x6:0x328352f4  x5:0xbf79c308 x16=0x8dfa91fc
        2735000	       272	8000031c	012153b3	srl	x7,x2,x18	  x2:0x9f840000 x18:0x00000004  x7=0x09f84000
        2745000	       273	80000320	4101dcb3	sra	x25,x3,x16	  x3:0x8000021e x16:0x8dfa91fc x25=0xfffffff8
        2755000	       274	80000324	00161833	sll	x16,x12,x1	 x12:0x80009fc4  x1:0x000007d0 x16=0x9fc40000
        2765000	       275	80000328	01c53c33	sltu	x24,x10,x28	 x10:0x00000012 x28:0x00000000 x24=0x00000000
        2775000	       276	8000032c	fca6e4e3	bltu	x13,x10,800002f4	 x13:0x0000000a x10:0x00000012
        2785000	       277	00000000	00000013	addi	x0,x0,0	  x0:0x00000000
        2795000	       278	800002f0	00000013	addi	x0,x0,0	  x0:0x00000000
        2805000	       279	800002f4	8f72c893	xori	x17,x5,-1801	  x5:0xbf79c308 x17=0x40863bff
        2815000	       280	800002f8	b2835317	auipc	x6,0xb2835	  x6=0x328352f4
        2825000	       281	800002fc	41975f13	srai	x30,x14,0x19	 x14:0x00000001 x30=0x00000000
        2835000	       282	80000300	00000013	addi	x0,x0,0	  x0:0x00000000
        2845000	       283	80000304	015d58b3	srl	x17,x26,x21	 x26:0x376c6000 x21:0xd4106258 x17=0x00000037
        2855000	       284	80000308	00be7db3	and	x27,x28,x11	 x28:0x00000000 x11:0xfffffff2 x27=0x00000000
        2865000	       285	8000030c	3f79c297	auipc	x5,0x3f79c	  x5=0xbf79c308
        2875000	       286	80000310	376c6d37	lui	x26,0x376c6	 x26=0x376c6000
        2885000	       287	80000314	00368693	addi	x13,x13,3	 x13:0x0000000a x13=0x0000000d
        2895000	       288	80000318	00534833	xor	x16,x6,x5	  x6:0x328352f4  x5:0xbf79c308 x16=0x8dfa91fc
        2905000	       289	8000031c	012153b3	srl	x7,x2,x18	  x2:0x9f840000 x18:0x00000004  x7=0x09f84000
        2915000	       290	80000320	4101dcb3	sra	x25,x3,x16	  x3:0x8000021e x16:0x8dfa91fc x25=0xfffffff8
        2925000	       291	80000324	00161833	sll	x16,x12,x1	 x12:0x80009fc4  x1:0x000007d0 x16=0x9fc40000
        2935000	       292	80000328	01c53c33	sltu	x24,x10,x28	 x10:0x00000012 x28:0x00000000 x24=0x00000000
        2945000	       293	8000032c	fca6e4e3	bltu	x13,x10,800002f4	 x13:0x0000000d x10:0x00000012
        2955000	       294	00000000	00000013	addi	x0,x0,0	  x0:0x00000000
        2965000	       295	800002f0	00000013	addi	x0,x0,0	  x0:0x00000000
        2975000	       296	800002f4	8f72c893	xori	x17,x5,-1801	  x5:0xbf79c308 x17=0x40863bff
        2985000	       297	800002f8	b2835317	auipc	x6,0xb2835	  x6=0x328352f4
        2995000	       298	800002fc	41975f13	srai	x30,x14,0x19	 x14:0x00000001 x30=0x00000000
        3005000	       299	80000300	00000013	addi	x0,x0,0	  x0:0x00000000
        3015000	       300	80000304	015d58b3	srl	x17,x26,x21	 x26:0x376c6000 x21:0xd4106258 x17=0x00000037
        3025000	       301	80000308	00be7db3	and	x27,x28,x11	 x28:0x00000000 x11:0xfffffff2 x27=0x00000000
        3035000	       302	8000030c	3f79c297	auipc	x5,0x3f79c	  x5=0xbf79c308
        3045000	       303	80000310	376c6d37	lui	x26,0x376c6	 x26=0x376c6000
        3055000	       304	80000314	00368693	addi	x13,x13,3	 x13:0x0000000d x13=0x00000010
        3065000	       305	80000318	00534833	xor	x16,x6,x5	  x6:0x328352f4  x5:0xbf79c308 x16=0x8dfa91fc
        3075000	       306	8000031c	012153b3	srl	x7,x2,x18	  x2:0x9f840000 x18:0x00000004  x7=0x09f84000
        3085000	       307	80000320	4101dcb3	sra	x25,x3,x16	  x3:0x8000021e x16:0x8dfa91fc x25=0xfffffff8
        3095000	       308	80000324	00161833	sll	x16,x12,x1	 x12:0x80009fc4  x1:0x000007d0 x16=0x9fc40000
        3105000	       309	80000328	01c53c33	sltu	x24,x10,x28	 x10:0x00000012 x28:0x00000000 x24=0x00000000
        3115000	       310	8000032c	fca6e4e3	bltu	x13,x10,800002f4	 x13:0x00000010 x10:0x00000012
        3125000	       311	00000000	00000013	addi	x0,x0,0	  x0:0x00000000
        3135000	       312	800002f0	00000013	addi	x0,x0,0	  x0:0x00000000
        3145000	       313	800002f4	8f72c893	xori	x17,x5,-1801	  x5:0xbf79c308 x17=0x40863bff
        3155000	       314	800002f8	b2835317	auipc	x6,0xb2835	  x6=0x328352f4
        3165000	       315	800002fc	41975f13	srai	x30,x14,0x19	 x14:0x00000001 x30=0x00000000
        3175000	       316	80000300	00000013	addi	x0,x0,0	  x0:0x00000000
        3185000	       317	80000304	015d58b3	srl	x17,x26,x21	 x26:0x376c6000 x21:0xd4106258 x17=0x00000037
        3195000	       318	80000308	00be7db3	and	x27,x28,x11	 x28:0x00000000 x11:0xfffffff2 x27=0x00000000
        3205000	       319	8000030c	3f79c297	auipc	x5,0x3f79c	  x5=0xbf79c308
        3215000	       320	80000310	376c6d37	lui	x26,0x376c6	 x26=0x376c6000
        3225000	       321	80000314	00368693	addi	x13,x13,3	 x13:0x00000010 x13=0x00000013
        3235000	       322	80000318	00534833	xor	x16,x6,x5	  x6:0x328352f4  x5:0xbf79c308 x16=0x8dfa91fc
        3245000	       323	8000031c	012153b3	srl	x7,x2,x18	  x2:0x9f840000 x18:0x00000004  x7=0x09f84000
        3255000	       324	80000320	4101dcb3	sra	x25,x3,x16	  x3:0x8000021e x16:0x8dfa91fc x25=0xfffffff8
        3265000	       325	80000324	00161833	sll	x16,x12,x1	 x12:0x80009fc4  x1:0x000007d0 x16=0x9fc40000
        3275000	       326	80000328	01c53c33	sltu	x24,x10,x28	 x10:0x00000012 x28:0x00000000 x24=0x00000000
        3285000	       327	8000032c	fca6e4e3	bltu	x13,x10,800002f4	 x13:0x00000013 x10:0x00000012
        3295000	       328	80000330	00c4a1b3	slt	x3,x9,x12	  x9:0x00000000 x12:0x80009fc4  x3=0x00000000
        3305000	       329	80000334	00500d93	addi	x27,x0,5	  x0:0x00000000 x27=0x00000005
        3315000	       330	80000338	c03cb017	auipc	x0,0xc03cb	
        3325000	       331	8000033c	fff00b13	addi	x22,x0,-1	  x0:0x00000000 x22=0xffffffff
        3335000	       332	80000340	449b7113	andi	x2,x22,1097	 x22:0xffffffff  x2=0x00000449
        3345000	       333	80000344	01dfb733	sltu	x14,x31,x29	 x31:0x0000028e x29:0xd41062d1 x14=0x00000001
        3355000	       334	80000348	01f0abb3	slt	x23,x1,x31	  x1:0x000007d0 x31:0x0000028e x23=0x00000000
        3365000	       335	8000034c	ffad8d93	addi	x27,x27,-6	 x27:0x00000005 x27=0xffffffff
        3375000	       336	80000350	411053b3	sra	x7,x0,x17	  x0:0x00000000 x17:0x00000037  x7=0x00000000
        3385000	       337	80000354	0100d033	srl	x0,x1,x16	  x1:0x000007d0 x16:0x9fc40000
        3395000	       338	80000358	00900f93	addi	x31,x0,9	  x0:0x00000000 x31=0x00000009
        3405000	       339	8000035c	00e05bb3	srl	x23,x0,x14	  x0:0x00000000 x14:0x00000001 x23=0x00000000
        3415000	       340	80000360	00800f13	addi	x30,x0,8	  x0:0x00000000 x30=0x00000008
        3425000	       341	80000364	01efd533	srl	x10,x31,x30	 x31:0x00000009 x30:0x00000008 x10=0x00000000
        3435000	       342	80000368	c5c3e993	ori	x19,x7,-932	  x7:0x00000000 x19=0xfffffc5c
        3445000	       343	8000036c	95ab5c97	auipc	x25,0x95ab5	 x25=0x15ab5368
        3455000	       344	80000370	ffaf8f93	addi	x31,x31,-6	 x31:0x00000009 x31=0x00000003
        3465000	       345	80000374	43ca7193	andi	x3,x20,1084	 x20:0x00000000  x3=0x00000000
        3475000	       346	80000378	ffefd8e3	bge	x31,x30,80000368	 x31:0x00000003 x30:0x00000008
        3485000	       347	8000037c	410905b3	sub	x11,x18,x16	 x18:0x00000004 x16:0x9fc40000 x11=0x603c0004
        3495000	       348	80000380	39d60413	addi	x8,x12,925	 x12:0x80009fc4  x8=0x8000a361
        3505000	       349	80000384	006f2bb3	slt	x23,x30,x6	 x30:0x00000008  x6:0x328352f4 x23=0x00000001
        3515000	       350	80000388	411fd113	srai	x2,x31,0x11	 x31:0x00000003  x2=0x00000000
        3525000	       351	8000038c	002ed893	srli	x17,x29,0x2	 x29:0xd41062d1 x17=0x350418b4
        3535000	       352	80000390	fb6dd8e3	bge	x27,x22,80000340	 x27:0xffffffff x22:0xffffffff
        3545000	       353	00000000	00000013	addi	x0,x0,0	  x0:0x00000000
        3555000	       354	8000033c	00000013	addi	x0,x0,0	  x0:0x00000000
        3565000	       355	80000340	449b7113	andi	x2,x22,1097	 x22:0xffffffff  x2=0x00000449
        3575000	       356	80000344	01dfb733	sltu	x14,x31,x29	 x31:0x00000003 x29:0xd41062d1 x14=0x00000001
        3585000	       357	80000348	01f0abb3	slt	x23,x1,x31	  x1:0x000007d0 x31:0x00000003 x23=0x00000000
        3595000	       358	8000034c	ffad8d93	addi	x27,x27,-6	 x27:0xffffffff x27=0xfffffff9
        3605000	       359	80000350	411053b3	sra	x7,x0,x17	  x0:0x00000000 x17:0x350418b4  x7=0x00000000
        3615000	       360	80000354	0100d033	srl	x0,x1,x16	  x1:0x000007d0 x16:0x9fc40000
        3625000	       361	80000358	00900f93	addi	x31,x0,9	  x0:0x00000000 x31=0x00000009
        3635000	       362	8000035c	00e05bb3	srl	x23,x0,x14	  x0:0x00000000 x14:0x00000001 x23=0x00000000
        3645000	       363	80000360	00800f13	addi	x30,x0,8	  x0:0x00000000 x30=0x00000008
        3655000	       364	80000364	01efd533	srl	x10,x31,x30	 x31:0x00000009 x30:0x00000008 x10=0x00000000
        3665000	       365	80000368	c5c3e993	ori	x19,x7,-932	  x7:0x00000000 x19=0xfffffc5c
        3675000	       366	8000036c	95ab5c97	auipc	x25,0x95ab5	 x25=0x15ab5368
        3685000	       367	80000370	ffaf8f93	addi	x31,x31,-6	 x31:0x00000009 x31=0x00000003
        3695000	       368	80000374	43ca7193	andi	x3,x20,1084	 x20:0x00000000  x3=0x00000000
        3705000	       369	80000378	ffefd8e3	bge	x31,x30,80000368	 x31:0x00000003 x30:0x00000008
        3715000	       370	8000037c	410905b3	sub	x11,x18,x16	 x18:0x00000004 x16:0x9fc40000 x11=0x603c0004
        3725000	       371	80000380	39d60413	addi	x8,x12,925	 x12:0x80009fc4  x8=0x8000a361
        3735000	       372	80000384	006f2bb3	slt	x23,x30,x6	 x30:0x00000008  x6:0x328352f4 x23=0x00000001
        3745000	       373	80000388	411fd113	srai	x2,x31,0x11	 x31:0x00000003  x2=0x00000000
        3755000	       374	8000038c	002ed893	srli	x17,x29,0x2	 x29:0xd41062d1 x17=0x350418b4
        3765000	       375	80000390	fb6dd8e3	bge	x27,x22,80000340	 x27:0xfffffff9 x22:0xffffffff
        3775000	       376	80000394	33956e13	ori	x28,x10,825	 x10:0x00000000 x28=0x00000339
        3785000	       377	80000398	00800393	addi	x7,x0,8	  x0:0x00000000  x7=0x00000008
        3795000	       378	8000039c	002ae0b3	or	x1,x21,x2	 x21:0xd4106258  x2:0x00000000  x1=0xd4106258
        3805000	       379	800003a0	00800e93	addi	x29,x0,8	  x0:0x00000000 x29=0x00000008
        3815000	       380	800003a4	01cfed33	or	x26,x31,x28	 x31:0x00000003 x28:0x00000339 x26=0x0000033b
        3825000	       381	800003a8	00a288b3	add	x17,x5,x10	  x5:0xbf79c308 x10:0x00000000 x17=0xbf79c308
        3835000	       382	800003ac	018610b3	sll	x1,x12,x24	 x12:0x80009fc4 x24:0x00000000  x1=0x80009fc4
        3845000	       383	800003b0	ff938393	addi	x7,x7,-7	  x7:0x00000008  x7=0x00000001
        3855000	       384	800003b4	007f7fb3	and	x31,x30,x7	 x30:0x00000008  x7:0x00000001 x31=0x00000000
        3865000	       385	800003b8	ffd3f8e3	bgeu	x7,x29,800003a8	  x7:0x00000001 x29:0x00000008
        3875000	       386	800003bc	01d57933	and	x18,x10,x29	 x10:0x00000000 x29:0x00000008 x18=0x00000000
        3885000	       387	800003c0	00200593	addi	x11,x0,2	  x0:0x00000000 x11=0x00000002
        3895000	       388	800003c4	d66fc3b7	lui	x7,0xd66fc	  x7=0xd66fc000
        3905000	       389	800003c8	f2ed6e93	ori	x29,x26,-210	 x26:0x0000033b x29=0xffffff3f
        3915000	       390	800003cc	342e4d93	xori	x27,x28,834	 x28:0x00000339 x27=0x0000007b
        3925000	       391	800003d0	00900413	addi	x8,x0,9	  x0:0x00000000  x8=0x00000009
        3935000	       392	800003d4	e3bf8693	addi	x13,x31,-453	 x31:0x00000000 x13=0xfffffe3b
        3945000	       393	800003d8	010a6f33	or	x30,x20,x16	 x20:0x00000000 x16:0x9fc40000 x30=0x9fc40000
        3955000	       394	800003dc	e4ecb6b7	lui	x13,0xe4ecb	 x13=0xe4ecb000
        3965000	       395	800003e0	5e007913	andi	x18,x0,1504	  x0:0x00000000 x18=0x00000000
        3975000	       396	800003e4	4777c113	xori	x2,x15,1143	 x15:0x80009f84  x2=0x80009bf3
        3985000	       397	800003e8	f2212c13	slti	x24,x2,-222	  x2:0x80009bf3 x24=0x00000001
        3995000	       398	800003ec	01d39813	slli	x16,x7,0x1d	  x7:0xd66fc000 x16=0x00000000
        4005000	       399	800003f0	0101d093	srli	x1,x3,0x10	  x3:0x00000000  x1=0x00000000
        4015000	       400	800003f4	00758593	addi	x11,x11,7	 x11:0x00000002 x11=0x00000009
        4025000	       401	800003f8	00fd0b33	add	x22,x26,x15	 x26:0x0000033b x15:0x80009f84 x22=0x8000a2bf
        4035000	       402	800003fc	00839b13	slli	x22,x7,0x8	  x7:0xd66fc000 x22=0x6fc00000
        4045000	       403	80000400	017be3b3	or	x7,x23,x23	 x23:0x00000001 x23:0x00000001  x7=0x00000001
        4055000	       404	80000404	01879893	slli	x17,x15,0x18	 x15:0x80009f84 x17=0x84000000
        4065000	       405	80000408	00000013	addi	x0,x0,0	  x0:0x00000000
        4075000	       406	8000040c	68e99237	lui	x4,0x68e99	  x4=0x68e99000
        4085000	       407	80000410	0061d993	srli	x19,x3,0x6	  x3:0x00000000 x19=0x00000000
        4095000	       408	80000414	00bcd9b3	srl	x19,x25,x11	 x25:0x15ab5368 x11:0x00000009 x19=0x000ad5a9
        4105000	       409	80000418	001e5b93	srli	x23,x28,0x1	 x28:0x00000339 x23=0x0000019c
        4115000	       410	8000041c	19432293	slti	x5,x6,404	  x6:0x328352f4  x5=0x00000000
        4125000	       411	80000420	fc8594e3	bne	x11,x8,800003e8	 x11:0x00000009  x8:0x00000009
        4135000	       412	80000424	abeca713	slti	x14,x25,-1346	 x25:0x15ab5368 x14=0x00000000
        4145000	       413	80000428	00800313	addi	x6,x0,8	  x0:0x00000000  x6=0x00000008
        4155000	       414	8000042c	909a3713	sltiu	x14,x20,-1783	 x20:0x00000000 x14=0x00000001
        4165000	       415	80000430	ffc00b13	addi	x22,x0,-4	  x0:0x00000000 x22=0xfffffffc
        4175000	       416	80000434	00d0aab3	slt	x21,x1,x13	  x1:0x00000000 x13:0xe4ecb000 x21=0x00000000
        4185000	       417	80000438	06b54693	xori	x13,x10,107	 x10:0x00000000 x13=0x0000006b
        4195000	       418	8000043c	ffa30313	addi	x6,x6,-6	  x6:0x00000008  x6=0x00000002
        4205000	       419	80000440	ff630ae3	beq	x6,x22,80000434	  x6:0x00000002 x22:0xfffffffc
        4215000	       420	80000444	c3037893	andi	x17,x6,-976	  x6:0x00000002 x17=0x00000000
        4225000	       421	80000448	00700713	addi	x14,x0,7	  x0:0x00000000 x14=0x00000007
        4235000	       422	8000044c	005c04b3	add	x9,x24,x5	 x24:0x00000001  x5:0x00000000  x9=0x00000001
        4245000	       423	80000450	01100d13	addi	x26,x0,17	  x0:0x00000000 x26=0x00000011
        4255000	       424	80000454	01d965b3	or	x11,x18,x29	 x18:0x00000000 x29:0xffffff3f x11=0xffffff3f
        4265000	       425	80000458	01e2f433	and	x8,x5,x30	  x5:0x00000000 x30:0x9fc40000  x8=0x00000000
        4275000	       426	8000045c	00170713	addi	x14,x14,1	 x14:0x00000007 x14=0x00000008
        4285000	       427	80000460	ec69b913	sltiu	x18,x19,-314	 x19:0x000ad5a9 x18=0x00000001
        4295000	       428	80000464	01462b33	slt	x22,x12,x20	 x12:0x80009fc4 x20:0x00000000 x22=0x00000001
        4305000	       429	80000468	00400d93	addi	x27,x0,4	  x0:0x00000000 x27=0x00000004
        4315000	       430	8000046c	fef00393	addi	x7,x0,-17	  x0:0x00000000  x7=0xffffffef
        4325000	       431	80000470	01fbac33	slt	x24,x23,x31	 x23:0x0000019c x31:0x00000000 x24=0x00000000
        4335000	       432	80000474	404808b3	sub	x17,x16,x4	 x16:0x00000000  x4:0x68e99000 x17=0x97167000
        4345000	       433	80000478	01bd5313	srli	x6,x26,0x1b	 x26:0x00000011  x6=0x00000000
        4355000	       434	8000047c	ffdd8d93	addi	x27,x27,-3	 x27:0x00000004 x27=0x00000001
        4365000	       435	80000480	fe7d9ae3	bne	x27,x7,80000474	 x27:0x00000001  x7:0xffffffef
        4375000	       436	00000000	00000013	addi	x0,x0,0	  x0:0x00000000
        4385000	       437	80000470	00000013	addi	x0,x0,0	  x0:0x00000000
        4395000	       438	80000474	404808b3	sub	x17,x16,x4	 x16:0x00000000  x4:0x68e99000 x17=0x97167000
        4405000	       439	80000478	01bd5313	srli	x6,x26,0x1b	 x26:0x00000011  x6=0x00000000
        4415000	       440	8000047c	ffdd8d93	addi	x27,x27,-3	 x27:0x00000001 x27=0xfffffffe
        4425000	       441	80000480	fe7d9ae3	bne	x27,x7,80000474	 x27:0xfffffffe  x7:0xffffffef
        4435000	       442	00000000	00000013	addi	x0,x0,0	  x0:0x00000000
        4445000	       443	80000470	00000013	addi	x0,x0,0	  x0:0x00000000
        4455000	       444	80000474	404808b3	sub	x17,x16,x4	 x16:0x00000000  x4:0x68e99000 x17=0x97167000
        4465000	       445	80000478	01bd5313	srli	x6,x26,0x1b	 x26:0x00000011  x6=0x00000000
        4475000	       446	8000047c	ffdd8d93	addi	x27,x27,-3	 x27:0xfffffffe x27=0xfffffffb
        4485000	       447	80000480	fe7d9ae3	bne	x27,x7,80000474	 x27:0xfffffffb  x7:0xffffffef
        4495000	       448	00000000	00000013	addi	x0,x0,0	  x0:0x00000000
        4505000	       449	80000470	00000013	addi	x0,x0,0	  x0:0x00000000
        4515000	       450	80000474	404808b3	sub	x17,x16,x4	 x16:0x00000000  x4:0x68e99000 x17=0x97167000
        4525000	       451	80000478	01bd5313	srli	x6,x26,0x1b	 x26:0x00000011  x6=0x00000000
        4535000	       452	8000047c	ffdd8d93	addi	x27,x27,-3	 x27:0xfffffffb x27=0xfffffff8
        4545000	       453	80000480	fe7d9ae3	bne	x27,x7,80000474	 x27:0xfffffff8  x7:0xffffffef
        4555000	       454	00000000	00000013	addi	x0,x0,0	  x0:0x00000000
        4565000	       455	80000470	00000013	addi	x0,x0,0	  x0:0x00000000
        4575000	       456	80000474	404808b3	sub	x17,x16,x4	 x16:0x00000000  x4:0x68e99000 x17=0x97167000
        4585000	       457	80000478	01bd5313	srli	x6,x26,0x1b	 x26:0x00000011  x6=0x00000000
        4595000	       458	8000047c	ffdd8d93	addi	x27,x27,-3	 x27:0xfffffff8 x27=0xfffffff5
        4605000	       459	80000480	fe7d9ae3	bne	x27,x7,80000474	 x27:0xfffffff5  x7:0xffffffef
        4615000	       460	00000000	00000013	addi	x0,x0,0	  x0:0x00000000
        4625000	       461	80000470	00000013	addi	x0,x0,0	  x0:0x00000000
        4635000	       462	80000474	404808b3	sub	x17,x16,x4	 x16:0x00000000  x4:0x68e99000 x17=0x97167000
        4645000	       463	80000478	01bd5313	srli	x6,x26,0x1b	 x26:0x00000011  x6=0x00000000
        4655000	       464	8000047c	ffdd8d93	addi	x27,x27,-3	 x27:0xfffffff5 x27=0xfffffff2
        4665000	       465	80000480	fe7d9ae3	bne	x27,x7,80000474	 x27:0xfffffff2  x7:0xffffffef
        4675000	       466	00000000	00000013	addi	x0,x0,0	  x0:0x00000000
        4685000	       467	80000470	00000013	addi	x0,x0,0	  x0:0x00000000
        4695000	       468	80000474	404808b3	sub	x17,x16,x4	 x16:0x00000000  x4:0x68e99000 x17=0x97167000
        4705000	       469	80000478	01bd5313	srli	x6,x26,0x1b	 x26:0x00000011  x6=0x00000000
        4715000	       470	8000047c	ffdd8d93	addi	x27,x27,-3	 x27:0xfffffff2 x27=0xffffffef
        4725000	       471	80000480	fe7d9ae3	bne	x27,x7,80000474	 x27:0xffffffef  x7:0xffffffef
        4735000	       472	80000484	01530cb3	add	x25,x6,x21	  x6:0x00000000 x21:0x00000000 x25=0x00000000
        4745000	       473	80000488	08a17913	andi	x18,x2,138	  x2:0x80009bf3 x18=0x00000082
        4755000	       474	8000048c	fda746e3	blt	x14,x26,80000458	 x14:0x00000008 x26:0x00000011
        4765000	       475	00000000	00000013	addi	x0,x0,0	  x0:0x00000000
        4775000	       476	80000454	00000013	addi	x0,x0,0	  x0:0x00000000
        4785000	       477	80000458	01e2f433	and	x8,x5,x30	  x5:0x00000000 x30:0x9fc40000  x8=0x00000000
        4795000	       478	8000045c	00170713	addi	x14,x14,1	 x14:0x00000008 x14=0x00000009
        4805000	       479	80000460	ec69b913	sltiu	x18,x19,-314	 x19:0x000ad5a9 x18=0x00000001
        4815000	       480	80000464	01462b33	slt	x22,x12,x20	 x12:0x80009fc4 x20:0x00000000 x22=0x00000001
        4825000	       481	80000468	00400d93	addi	x27,x0,4	  x0:0x00000000 x27=0x00000004
        4835000	       482	8000046c	fef00393	addi	x7,x0,-17	  x0:0x00000000  x7=0xffffffef
        4845000	       483	80000470	01fbac33	slt	x24,x23,x31	 x23:0x0000019c x31:0x00000000 x24=0x00000000
        4855000	       484	80000474	404808b3	sub	x17,x16,x4	 x16:0x00000000  x4:0x68e99000 x17=0x97167000
        4865000	       485	80000478	01bd5313	srli	x6,x26,0x1b	 x26:0x00000011  x6=0x00000000
        4875000	       486	8000047c	ffdd8d93	addi	x27,x27,-3	 x27:0x00000004 x27=0x00000001
        4885000	       487	80000480	fe7d9ae3	bne	x27,x7,80000474	 x27:0x00000001  x7:0xffffffef
        4895000	       488	00000000	00000013	addi	x0,x0,0	  x0:0x00000000
        4905000	       489	80000470	00000013	addi	x0,x0,0	  x0:0x00000000
        4915000	       490	80000474	404808b3	sub	x17,x16,x4	 x16:0x00000000  x4:0x68e99000 x17=0x97167000
        4925000	       491	80000478	01bd5313	srli	x6,x26,0x1b	 x26:0x00000011  x6=0x00000000
        4935000	       492	8000047c	ffdd8d93	addi	x27,x27,-3	 x27:0x00000001 x27=0xfffffffe
        4945000	       493	80000480	fe7d9ae3	bne	x27,x7,80000474	 x27:0xfffffffe  x7:0xffffffef
        4955000	       494	00000000	00000013	addi	x0,x0,0	  x0:0x00000000
        4965000	       495	80000470	00000013	addi	x0,x0,0	  x0:0x00000000
        4975000	       496	80000474	404808b3	sub	x17,x16,x4	 x16:0x00000000  x4:0x68e99000 x17=0x97167000
        4985000	       497	80000478	01bd5313	srli	x6,x26,0x1b	 x26:0x00000011  x6=0x00000000
        4995000	       498	8000047c	ffdd8d93	addi	x27,x27,-3	 x27:0xfffffffe x27=0xfffffffb
        5005000	       499	80000480	fe7d9ae3	bne	x27,x7,80000474	 x27:0xfffffffb  x7:0xffffffef
        5015000	       500	00000000	00000013	addi	x0,x0,0	  x0:0x00000000
        5025000	       501	80000470	00000013	addi	x0,x0,0	  x0:0x00000000
        5035000	       502	80000474	404808b3	sub	x17,x16,x4	 x16:0x00000000  x4:0x68e99000 x17=0x97167000
        5045000	       503	80000478	01bd5313	srli	x6,x26,0x1b	 x26:0x00000011  x6=0x00000000
        5055000	       504	8000047c	ffdd8d93	addi	x27,x27,-3	 x27:0xfffffffb x27=0xfffffff8
        5065000	       505	80000480	fe7d9ae3	bne	x27,x7,80000474	 x27:0xfffffff8  x7:0xffffffef
        5075000	       506	00000000	00000013	addi	x0,x0,0	  x0:0x00000000
        5085000	       507	80000470	00000013	addi	x0,x0,0	  x0:0x00000000
        5095000	       508	80000474	404808b3	sub	x17,x16,x4	 x16:0x00000000  x4:0x68e99000 x17=0x97167000
        5105000	       509	80000478	01bd5313	srli	x6,x26,0x1b	 x26:0x00000011  x6=0x00000000
        5115000	       510	8000047c	ffdd8d93	addi	x27,x27,-3	 x27:0xfffffff8 x27=0xfffffff5
        5125000	       511	80000480	fe7d9ae3	bne	x27,x7,80000474	 x27:0xfffffff5  x7:0xffffffef
        5135000	       512	00000000	00000013	addi	x0,x0,0	  x0:0x00000000
        5145000	       513	80000470	00000013	addi	x0,x0,0	  x0:0x00000000
        5155000	       514	80000474	404808b3	sub	x17,x16,x4	 x16:0x00000000  x4:0x68e99000 x17=0x97167000
        5165000	       515	80000478	01bd5313	srli	x6,x26,0x1b	 x26:0x00000011  x6=0x00000000
        5175000	       516	8000047c	ffdd8d93	addi	x27,x27,-3	 x27:0xfffffff5 x27=0xfffffff2
        5185000	       517	80000480	fe7d9ae3	bne	x27,x7,80000474	 x27:0xfffffff2  x7:0xffffffef
        5195000	       518	00000000	00000013	addi	x0,x0,0	  x0:0x00000000
        5205000	       519	80000470	00000013	addi	x0,x0,0	  x0:0x00000000
        5215000	       520	80000474	404808b3	sub	x17,x16,x4	 x16:0x00000000  x4:0x68e99000 x17=0x97167000
        5225000	       521	80000478	01bd5313	srli	x6,x26,0x1b	 x26:0x00000011  x6=0x00000000
        5235000	       522	8000047c	ffdd8d93	addi	x27,x27,-3	 x27:0xfffffff2 x27=0xffffffef
        5245000	       523	80000480	fe7d9ae3	bne	x27,x7,80000474	 x27:0xffffffef  x7:0xffffffef
        5255000	       524	80000484	01530cb3	add	x25,x6,x21	  x6:0x00000000 x21:0x00000000 x25=0x00000000
        5265000	       525	80000488	08a17913	andi	x18,x2,138	  x2:0x80009bf3 x18=0x00000082
        5275000	       526	8000048c	fda746e3	blt	x14,x26,80000458	 x14:0x00000009 x26:0x00000011
        5285000	       527	00000000	00000013	addi	x0,x0,0	  x0:0x00000000
        5295000	       528	80000454	00000013	addi	x0,x0,0	  x0:0x00000000
        5305000	       529	80000458	01e2f433	and	x8,x5,x30	  x5:0x00000000 x30:0x9fc40000  x8=0x00000000
        5315000	       530	8000045c	00170713	addi	x14,x14,1	 x14:0x00000009 x14=0x0000000a
        5325000	       531	80000460	ec69b913	sltiu	x18,x19,-314	 x19:0x000ad5a9 x18=0x00000001
        5335000	       532	80000464	01462b33	slt	x22,x12,x20	 x12:0x80009fc4 x20:0x00000000 x22=0x00000001
        5345000	       533	80000468	00400d93	addi	x27,x0,4	  x0:0x00000000 x27=0x00000004
        5355000	       534	8000046c	fef00393	addi	x7,x0,-17	  x0:0x00000000  x7=0xffffffef
        5365000	       535	80000470	01fbac33	slt	x24,x23,x31	 x23:0x0000019c x31:0x00000000 x24=0x00000000
        5375000	       536	80000474	404808b3	sub	x17,x16,x4	 x16:0x00000000  x4:0x68e99000 x17=0x97167000
        5385000	       537	80000478	01bd5313	srli	x6,x26,0x1b	 x26:0x00000011  x6=0x00000000
        5395000	       538	8000047c	ffdd8d93	addi	x27,x27,-3	 x27:0x00000004 x27=0x00000001
        5405000	       539	80000480	fe7d9ae3	bne	x27,x7,80000474	 x27:0x00000001  x7:0xffffffef
        5415000	       540	00000000	00000013	addi	x0,x0,0	  x0:0x00000000
        5425000	       541	80000470	00000013	addi	x0,x0,0	  x0:0x00000000
        5435000	       542	80000474	404808b3	sub	x17,x16,x4	 x16:0x00000000  x4:0x68e99000 x17=0x97167000
        5445000	       543	80000478	01bd5313	srli	x6,x26,0x1b	 x26:0x00000011  x6=0x00000000
        5455000	       544	8000047c	ffdd8d93	addi	x27,x27,-3	 x27:0x00000001 x27=0xfffffffe
        5465000	       545	80000480	fe7d9ae3	bne	x27,x7,80000474	 x27:0xfffffffe  x7:0xffffffef
        5475000	       546	00000000	00000013	addi	x0,x0,0	  x0:0x00000000
        5485000	       547	80000470	00000013	addi	x0,x0,0	  x0:0x00000000
        5495000	       548	80000474	404808b3	sub	x17,x16,x4	 x16:0x00000000  x4:0x68e99000 x17=0x97167000
        5505000	       549	80000478	01bd5313	srli	x6,x26,0x1b	 x26:0x00000011  x6=0x00000000
        5515000	       550	8000047c	ffdd8d93	addi	x27,x27,-3	 x27:0xfffffffe x27=0xfffffffb
        5525000	       551	80000480	fe7d9ae3	bne	x27,x7,80000474	 x27:0xfffffffb  x7:0xffffffef
        5535000	       552	00000000	00000013	addi	x0,x0,0	  x0:0x00000000
        5545000	       553	80000470	00000013	addi	x0,x0,0	  x0:0x00000000
        5555000	       554	80000474	404808b3	sub	x17,x16,x4	 x16:0x00000000  x4:0x68e99000 x17=0x97167000
        5565000	       555	80000478	01bd5313	srli	x6,x26,0x1b	 x26:0x00000011  x6=0x00000000
        5575000	       556	8000047c	ffdd8d93	addi	x27,x27,-3	 x27:0xfffffffb x27=0xfffffff8
        5585000	       557	80000480	fe7d9ae3	bne	x27,x7,80000474	 x27:0xfffffff8  x7:0xffffffef
        5595000	       558	00000000	00000013	addi	x0,x0,0	  x0:0x00000000
        5605000	       559	80000470	00000013	addi	x0,x0,0	  x0:0x00000000
        5615000	       560	80000474	404808b3	sub	x17,x16,x4	 x16:0x00000000  x4:0x68e99000 x17=0x97167000
        5625000	       561	80000478	01bd5313	srli	x6,x26,0x1b	 x26:0x00000011  x6=0x00000000
        5635000	       562	8000047c	ffdd8d93	addi	x27,x27,-3	 x27:0xfffffff8 x27=0xfffffff5
        5645000	       563	80000480	fe7d9ae3	bne	x27,x7,80000474	 x27:0xfffffff5  x7:0xffffffef
        5655000	       564	00000000	00000013	addi	x0,x0,0	  x0:0x00000000
        5665000	       565	80000470	00000013	addi	x0,x0,0	  x0:0x00000000
        5675000	       566	80000474	404808b3	sub	x17,x16,x4	 x16:0x00000000  x4:0x68e99000 x17=0x97167000
        5685000	       567	80000478	01bd5313	srli	x6,x26,0x1b	 x26:0x00000011  x6=0x00000000
        5695000	       568	8000047c	ffdd8d93	addi	x27,x27,-3	 x27:0xfffffff5 x27=0xfffffff2
        5705000	       569	80000480	fe7d9ae3	bne	x27,x7,80000474	 x27:0xfffffff2  x7:0xffffffef
        5715000	       570	00000000	00000013	addi	x0,x0,0	  x0:0x00000000
        5725000	       571	80000470	00000013	addi	x0,x0,0	  x0:0x00000000
        5735000	       572	80000474	404808b3	sub	x17,x16,x4	 x16:0x00000000  x4:0x68e99000 x17=0x97167000
        5745000	       573	80000478	01bd5313	srli	x6,x26,0x1b	 x26:0x00000011  x6=0x00000000
        5755000	       574	8000047c	ffdd8d93	addi	x27,x27,-3	 x27:0xfffffff2 x27=0xffffffef
        5765000	       575	80000480	fe7d9ae3	bne	x27,x7,80000474	 x27:0xffffffef  x7:0xffffffef
        5775000	       576	80000484	01530cb3	add	x25,x6,x21	  x6:0x00000000 x21:0x00000000 x25=0x00000000
        5785000	       577	80000488	08a17913	andi	x18,x2,138	  x2:0x80009bf3 x18=0x00000082
        5795000	       578	8000048c	fda746e3	blt	x14,x26,80000458	 x14:0x0000000a x26:0x00000011
        5805000	       579	00000000	00000013	addi	x0,x0,0	  x0:0x00000000
        5815000	       580	80000454	00000013	addi	x0,x0,0	  x0:0x00000000
        5825000	       581	80000458	01e2f433	and	x8,x5,x30	  x5:0x00000000 x30:0x9fc40000  x8=0x00000000
        5835000	       582	8000045c	00170713	addi	x14,x14,1	 x14:0x0000000a x14=0x0000000b
        5845000	       583	80000460	ec69b913	sltiu	x18,x19,-314	 x19:0x000ad5a9 x18=0x00000001
        5855000	       584	80000464	01462b33	slt	x22,x12,x20	 x12:0x80009fc4 x20:0x00000000 x22=0x00000001
        5865000	       585	80000468	00400d93	addi	x27,x0,4	  x0:0x00000000 x27=0x00000004
        5875000	       586	8000046c	fef00393	addi	x7,x0,-17	  x0:0x00000000  x7=0xffffffef
        5885000	       587	80000470	01fbac33	slt	x24,x23,x31	 x23:0x0000019c x31:0x00000000 x24=0x00000000
        5895000	       588	80000474	404808b3	sub	x17,x16,x4	 x16:0x00000000  x4:0x68e99000 x17=0x97167000
        5905000	       589	80000478	01bd5313	srli	x6,x26,0x1b	 x26:0x00000011  x6=0x00000000
        5915000	       590	8000047c	ffdd8d93	addi	x27,x27,-3	 x27:0x00000004 x27=0x00000001
        5925000	       591	80000480	fe7d9ae3	bne	x27,x7,80000474	 x27:0x00000001  x7:0xffffffef
        5935000	       592	00000000	00000013	addi	x0,x0,0	  x0:0x00000000
        5945000	       593	80000470	00000013	addi	x0,x0,0	  x0:0x00000000
        5955000	       594	80000474	404808b3	sub	x17,x16,x4	 x16:0x00000000  x4:0x68e99000 x17=0x97167000
        5965000	       595	80000478	01bd5313	srli	x6,x26,0x1b	 x26:0x00000011  x6=0x00000000
        5975000	       596	8000047c	ffdd8d93	addi	x27,x27,-3	 x27:0x00000001 x27=0xfffffffe
        5985000	       597	80000480	fe7d9ae3	bne	x27,x7,80000474	 x27:0xfffffffe  x7:0xffffffef
        5995000	       598	00000000	00000013	addi	x0,x0,0	  x0:0x00000000
        6005000	       599	80000470	00000013	addi	x0,x0,0	  x0:0x00000000
        6015000	       600	80000474	404808b3	sub	x17,x16,x4	 x16:0x00000000  x4:0x68e99000 x17=0x97167000
        6025000	       601	80000478	01bd5313	srli	x6,x26,0x1b	 x26:0x00000011  x6=0x00000000
        6035000	       602	8000047c	ffdd8d93	addi	x27,x27,-3	 x27:0xfffffffe x27=0xfffffffb
        6045000	       603	80000480	fe7d9ae3	bne	x27,x7,80000474	 x27:0xfffffffb  x7:0xffffffef
        6055000	       604	00000000	00000013	addi	x0,x0,0	  x0:0x00000000
        6065000	       605	80000470	00000013	addi	x0,x0,0	  x0:0x00000000
        6075000	       606	80000474	404808b3	sub	x17,x16,x4	 x16:0x00000000  x4:0x68e99000 x17=0x97167000
        6085000	       607	80000478	01bd5313	srli	x6,x26,0x1b	 x26:0x00000011  x6=0x00000000
        6095000	       608	8000047c	ffdd8d93	addi	x27,x27,-3	 x27:0xfffffffb x27=0xfffffff8
        6105000	       609	80000480	fe7d9ae3	bne	x27,x7,80000474	 x27:0xfffffff8  x7:0xffffffef
        6115000	       610	00000000	00000013	addi	x0,x0,0	  x0:0x00000000
        6125000	       611	80000470	00000013	addi	x0,x0,0	  x0:0x00000000
        6135000	       612	80000474	404808b3	sub	x17,x16,x4	 x16:0x00000000  x4:0x68e99000 x17=0x97167000
        6145000	       613	80000478	01bd5313	srli	x6,x26,0x1b	 x26:0x00000011  x6=0x00000000
        6155000	       614	8000047c	ffdd8d93	addi	x27,x27,-3	 x27:0xfffffff8 x27=0xfffffff5
        6165000	       615	80000480	fe7d9ae3	bne	x27,x7,80000474	 x27:0xfffffff5  x7:0xffffffef
        6175000	       616	00000000	00000013	addi	x0,x0,0	  x0:0x00000000
        6185000	       617	80000470	00000013	addi	x0,x0,0	  x0:0x00000000
        6195000	       618	80000474	404808b3	sub	x17,x16,x4	 x16:0x00000000  x4:0x68e99000 x17=0x97167000
        6205000	       619	80000478	01bd5313	srli	x6,x26,0x1b	 x26:0x00000011  x6=0x00000000
        6215000	       620	8000047c	ffdd8d93	addi	x27,x27,-3	 x27:0xfffffff5 x27=0xfffffff2
        6225000	       621	80000480	fe7d9ae3	bne	x27,x7,80000474	 x27:0xfffffff2  x7:0xffffffef
        6235000	       622	00000000	00000013	addi	x0,x0,0	  x0:0x00000000
        6245000	       623	80000470	00000013	addi	x0,x0,0	  x0:0x00000000
        6255000	       624	80000474	404808b3	sub	x17,x16,x4	 x16:0x00000000  x4:0x68e99000 x17=0x97167000
        6265000	       625	80000478	01bd5313	srli	x6,x26,0x1b	 x26:0x00000011  x6=0x00000000
        6275000	       626	8000047c	ffdd8d93	addi	x27,x27,-3	 x27:0xfffffff2 x27=0xffffffef
        6285000	       627	80000480	fe7d9ae3	bne	x27,x7,80000474	 x27:0xffffffef  x7:0xffffffef
        6295000	       628	80000484	01530cb3	add	x25,x6,x21	  x6:0x00000000 x21:0x00000000 x25=0x00000000
        6305000	       629	80000488	08a17913	andi	x18,x2,138	  x2:0x80009bf3 x18=0x00000082
        6315000	       630	8000048c	fda746e3	blt	x14,x26,80000458	 x14:0x0000000b x26:0x00000011
        6325000	       631	00000000	00000013	addi	x0,x0,0	  x0:0x00000000
        6335000	       632	80000454	00000013	addi	x0,x0,0	  x0:0x00000000
        6345000	       633	80000458	01e2f433	and	x8,x5,x30	  x5:0x00000000 x30:0x9fc40000  x8=0x00000000
        6355000	       634	8000045c	00170713	addi	x14,x14,1	 x14:0x0000000b x14=0x0000000c
        6365000	       635	80000460	ec69b913	sltiu	x18,x19,-314	 x19:0x000ad5a9 x18=0x00000001
        6375000	       636	80000464	01462b33	slt	x22,x12,x20	 x12:0x80009fc4 x20:0x00000000 x22=0x00000001
        6385000	       637	80000468	00400d93	addi	x27,x0,4	  x0:0x00000000 x27=0x00000004
        6395000	       638	8000046c	fef00393	addi	x7,x0,-17	  x0:0x00000000  x7=0xffffffef
        6405000	       639	80000470	01fbac33	slt	x24,x23,x31	 x23:0x0000019c x31:0x00000000 x24=0x00000000
        6415000	       640	80000474	404808b3	sub	x17,x16,x4	 x16:0x00000000  x4:0x68e99000 x17=0x97167000
        6425000	       641	80000478	01bd5313	srli	x6,x26,0x1b	 x26:0x00000011  x6=0x00000000
        6435000	       642	8000047c	ffdd8d93	addi	x27,x27,-3	 x27:0x00000004 x27=0x00000001
        6445000	       643	80000480	fe7d9ae3	bne	x27,x7,80000474	 x27:0x00000001  x7:0xffffffef
        6455000	       644	00000000	00000013	addi	x0,x0,0	  x0:0x00000000
        6465000	       645	80000470	00000013	addi	x0,x0,0	  x0:0x00000000
        6475000	       646	80000474	404808b3	sub	x17,x16,x4	 x16:0x00000000  x4:0x68e99000 x17=0x97167000
        6485000	       647	80000478	01bd5313	srli	x6,x26,0x1b	 x26:0x00000011  x6=0x00000000
        6495000	       648	8000047c	ffdd8d93	addi	x27,x27,-3	 x27:0x00000001 x27=0xfffffffe
        6505000	       649	80000480	fe7d9ae3	bne	x27,x7,80000474	 x27:0xfffffffe  x7:0xffffffef
        6515000	       650	00000000	00000013	addi	x0,x0,0	  x0:0x00000000
        6525000	       651	80000470	00000013	addi	x0,x0,0	  x0:0x00000000
        6535000	       652	80000474	404808b3	sub	x17,x16,x4	 x16:0x00000000  x4:0x68e99000 x17=0x97167000
        6545000	       653	80000478	01bd5313	srli	x6,x26,0x1b	 x26:0x00000011  x6=0x00000000
        6555000	       654	8000047c	ffdd8d93	addi	x27,x27,-3	 x27:0xfffffffe x27=0xfffffffb
        6565000	       655	80000480	fe7d9ae3	bne	x27,x7,80000474	 x27:0xfffffffb  x7:0xffffffef
        6575000	       656	00000000	00000013	addi	x0,x0,0	  x0:0x00000000
        6585000	       657	80000470	00000013	addi	x0,x0,0	  x0:0x00000000
        6595000	       658	80000474	404808b3	sub	x17,x16,x4	 x16:0x00000000  x4:0x68e99000 x17=0x97167000
        6605000	       659	80000478	01bd5313	srli	x6,x26,0x1b	 x26:0x00000011  x6=0x00000000
        6615000	       660	8000047c	ffdd8d93	addi	x27,x27,-3	 x27:0xfffffffb x27=0xfffffff8
        6625000	       661	80000480	fe7d9ae3	bne	x27,x7,80000474	 x27:0xfffffff8  x7:0xffffffef
        6635000	       662	00000000	00000013	addi	x0,x0,0	  x0:0x00000000
        6645000	       663	80000470	00000013	addi	x0,x0,0	  x0:0x00000000
        6655000	       664	80000474	404808b3	sub	x17,x16,x4	 x16:0x00000000  x4:0x68e99000 x17=0x97167000
        6665000	       665	80000478	01bd5313	srli	x6,x26,0x1b	 x26:0x00000011  x6=0x00000000
        6675000	       666	8000047c	ffdd8d93	addi	x27,x27,-3	 x27:0xfffffff8 x27=0xfffffff5
        6685000	       667	80000480	fe7d9ae3	bne	x27,x7,80000474	 x27:0xfffffff5  x7:0xffffffef
        6695000	       668	00000000	00000013	addi	x0,x0,0	  x0:0x00000000
        6705000	       669	80000470	00000013	addi	x0,x0,0	  x0:0x00000000
        6715000	       670	80000474	404808b3	sub	x17,x16,x4	 x16:0x00000000  x4:0x68e99000 x17=0x97167000
        6725000	       671	80000478	01bd5313	srli	x6,x26,0x1b	 x26:0x00000011  x6=0x00000000
        6735000	       672	8000047c	ffdd8d93	addi	x27,x27,-3	 x27:0xfffffff5 x27=0xfffffff2
        6745000	       673	80000480	fe7d9ae3	bne	x27,x7,80000474	 x27:0xfffffff2  x7:0xffffffef
        6755000	       674	00000000	00000013	addi	x0,x0,0	  x0:0x00000000
        6765000	       675	80000470	00000013	addi	x0,x0,0	  x0:0x00000000
        6775000	       676	80000474	404808b3	sub	x17,x16,x4	 x16:0x00000000  x4:0x68e99000 x17=0x97167000
        6785000	       677	80000478	01bd5313	srli	x6,x26,0x1b	 x26:0x00000011  x6=0x00000000
        6795000	       678	8000047c	ffdd8d93	addi	x27,x27,-3	 x27:0xfffffff2 x27=0xffffffef
        6805000	       679	80000480	fe7d9ae3	bne	x27,x7,80000474	 x27:0xffffffef  x7:0xffffffef
        6815000	       680	80000484	01530cb3	add	x25,x6,x21	  x6:0x00000000 x21:0x00000000 x25=0x00000000
        6825000	       681	80000488	08a17913	andi	x18,x2,138	  x2:0x80009bf3 x18=0x00000082
        6835000	       682	8000048c	fda746e3	blt	x14,x26,80000458	 x14:0x0000000c x26:0x00000011
        6845000	       683	00000000	00000013	addi	x0,x0,0	  x0:0x00000000
        6855000	       684	80000454	00000013	addi	x0,x0,0	  x0:0x00000000
        6865000	       685	80000458	01e2f433	and	x8,x5,x30	  x5:0x00000000 x30:0x9fc40000  x8=0x00000000
        6875000	       686	8000045c	00170713	addi	x14,x14,1	 x14:0x0000000c x14=0x0000000d
        6885000	       687	80000460	ec69b913	sltiu	x18,x19,-314	 x19:0x000ad5a9 x18=0x00000001
        6895000	       688	80000464	01462b33	slt	x22,x12,x20	 x12:0x80009fc4 x20:0x00000000 x22=0x00000001
        6905000	       689	80000468	00400d93	addi	x27,x0,4	  x0:0x00000000 x27=0x00000004
        6915000	       690	8000046c	fef00393	addi	x7,x0,-17	  x0:0x00000000  x7=0xffffffef
        6925000	       691	80000470	01fbac33	slt	x24,x23,x31	 x23:0x0000019c x31:0x00000000 x24=0x00000000
        6935000	       692	80000474	404808b3	sub	x17,x16,x4	 x16:0x00000000  x4:0x68e99000 x17=0x97167000
        6945000	       693	80000478	01bd5313	srli	x6,x26,0x1b	 x26:0x00000011  x6=0x00000000
        6955000	       694	8000047c	ffdd8d93	addi	x27,x27,-3	 x27:0x00000004 x27=0x00000001
        6965000	       695	80000480	fe7d9ae3	bne	x27,x7,80000474	 x27:0x00000001  x7:0xffffffef
        6975000	       696	00000000	00000013	addi	x0,x0,0	  x0:0x00000000
        6985000	       697	80000470	00000013	addi	x0,x0,0	  x0:0x00000000
        6995000	       698	80000474	404808b3	sub	x17,x16,x4	 x16:0x00000000  x4:0x68e99000 x17=0x97167000
        7005000	       699	80000478	01bd5313	srli	x6,x26,0x1b	 x26:0x00000011  x6=0x00000000
        7015000	       700	8000047c	ffdd8d93	addi	x27,x27,-3	 x27:0x00000001 x27=0xfffffffe
        7025000	       701	80000480	fe7d9ae3	bne	x27,x7,80000474	 x27:0xfffffffe  x7:0xffffffef
        7035000	       702	00000000	00000013	addi	x0,x0,0	  x0:0x00000000
        7045000	       703	80000470	00000013	addi	x0,x0,0	  x0:0x00000000
        7055000	       704	80000474	404808b3	sub	x17,x16,x4	 x16:0x00000000  x4:0x68e99000 x17=0x97167000
        7065000	       705	80000478	01bd5313	srli	x6,x26,0x1b	 x26:0x00000011  x6=0x00000000
        7075000	       706	8000047c	ffdd8d93	addi	x27,x27,-3	 x27:0xfffffffe x27=0xfffffffb
        7085000	       707	80000480	fe7d9ae3	bne	x27,x7,80000474	 x27:0xfffffffb  x7:0xffffffef
        7095000	       708	00000000	00000013	addi	x0,x0,0	  x0:0x00000000
        7105000	       709	80000470	00000013	addi	x0,x0,0	  x0:0x00000000
        7115000	       710	80000474	404808b3	sub	x17,x16,x4	 x16:0x00000000  x4:0x68e99000 x17=0x97167000
        7125000	       711	80000478	01bd5313	srli	x6,x26,0x1b	 x26:0x00000011  x6=0x00000000
        7135000	       712	8000047c	ffdd8d93	addi	x27,x27,-3	 x27:0xfffffffb x27=0xfffffff8
        7145000	       713	80000480	fe7d9ae3	bne	x27,x7,80000474	 x27:0xfffffff8  x7:0xffffffef
        7155000	       714	00000000	00000013	addi	x0,x0,0	  x0:0x00000000
        7165000	       715	80000470	00000013	addi	x0,x0,0	  x0:0x00000000
        7175000	       716	80000474	404808b3	sub	x17,x16,x4	 x16:0x00000000  x4:0x68e99000 x17=0x97167000
        7185000	       717	80000478	01bd5313	srli	x6,x26,0x1b	 x26:0x00000011  x6=0x00000000
        7195000	       718	8000047c	ffdd8d93	addi	x27,x27,-3	 x27:0xfffffff8 x27=0xfffffff5
        7205000	       719	80000480	fe7d9ae3	bne	x27,x7,80000474	 x27:0xfffffff5  x7:0xffffffef
        7215000	       720	00000000	00000013	addi	x0,x0,0	  x0:0x00000000
        7225000	       721	80000470	00000013	addi	x0,x0,0	  x0:0x00000000
        7235000	       722	80000474	404808b3	sub	x17,x16,x4	 x16:0x00000000  x4:0x68e99000 x17=0x97167000
        7245000	       723	80000478	01bd5313	srli	x6,x26,0x1b	 x26:0x00000011  x6=0x00000000
        7255000	       724	8000047c	ffdd8d93	addi	x27,x27,-3	 x27:0xfffffff5 x27=0xfffffff2
        7265000	       725	80000480	fe7d9ae3	bne	x27,x7,80000474	 x27:0xfffffff2  x7:0xffffffef
        7275000	       726	00000000	00000013	addi	x0,x0,0	  x0:0x00000000
        7285000	       727	80000470	00000013	addi	x0,x0,0	  x0:0x00000000
        7295000	       728	80000474	404808b3	sub	x17,x16,x4	 x16:0x00000000  x4:0x68e99000 x17=0x97167000
        7305000	       729	80000478	01bd5313	srli	x6,x26,0x1b	 x26:0x00000011  x6=0x00000000
        7315000	       730	8000047c	ffdd8d93	addi	x27,x27,-3	 x27:0xfffffff2 x27=0xffffffef
        7325000	       731	80000480	fe7d9ae3	bne	x27,x7,80000474	 x27:0xffffffef  x7:0xffffffef
        7335000	       732	80000484	01530cb3	add	x25,x6,x21	  x6:0x00000000 x21:0x00000000 x25=0x00000000
        7345000	       733	80000488	08a17913	andi	x18,x2,138	  x2:0x80009bf3 x18=0x00000082
        7355000	       734	8000048c	fda746e3	blt	x14,x26,80000458	 x14:0x0000000d x26:0x00000011
        7365000	       735	00000000	00000013	addi	x0,x0,0	  x0:0x00000000
        7375000	       736	80000454	00000013	addi	x0,x0,0	  x0:0x00000000
        7385000	       737	80000458	01e2f433	and	x8,x5,x30	  x5:0x00000000 x30:0x9fc40000  x8=0x00000000
        7395000	       738	8000045c	00170713	addi	x14,x14,1	 x14:0x0000000d x14=0x0000000e
        7405000	       739	80000460	ec69b913	sltiu	x18,x19,-314	 x19:0x000ad5a9 x18=0x00000001
        7415000	       740	80000464	01462b33	slt	x22,x12,x20	 x12:0x80009fc4 x20:0x00000000 x22=0x00000001
        7425000	       741	80000468	00400d93	addi	x27,x0,4	  x0:0x00000000 x27=0x00000004
        7435000	       742	8000046c	fef00393	addi	x7,x0,-17	  x0:0x00000000  x7=0xffffffef
        7445000	       743	80000470	01fbac33	slt	x24,x23,x31	 x23:0x0000019c x31:0x00000000 x24=0x00000000
        7455000	       744	80000474	404808b3	sub	x17,x16,x4	 x16:0x00000000  x4:0x68e99000 x17=0x97167000
        7465000	       745	80000478	01bd5313	srli	x6,x26,0x1b	 x26:0x00000011  x6=0x00000000
        7475000	       746	8000047c	ffdd8d93	addi	x27,x27,-3	 x27:0x00000004 x27=0x00000001
        7485000	       747	80000480	fe7d9ae3	bne	x27,x7,80000474	 x27:0x00000001  x7:0xffffffef
        7495000	       748	00000000	00000013	addi	x0,x0,0	  x0:0x00000000
        7505000	       749	80000470	00000013	addi	x0,x0,0	  x0:0x00000000
        7515000	       750	80000474	404808b3	sub	x17,x16,x4	 x16:0x00000000  x4:0x68e99000 x17=0x97167000
        7525000	       751	80000478	01bd5313	srli	x6,x26,0x1b	 x26:0x00000011  x6=0x00000000
        7535000	       752	8000047c	ffdd8d93	addi	x27,x27,-3	 x27:0x00000001 x27=0xfffffffe
        7545000	       753	80000480	fe7d9ae3	bne	x27,x7,80000474	 x27:0xfffffffe  x7:0xffffffef
        7555000	       754	00000000	00000013	addi	x0,x0,0	  x0:0x00000000
        7565000	       755	80000470	00000013	addi	x0,x0,0	  x0:0x00000000
        7575000	       756	80000474	404808b3	sub	x17,x16,x4	 x16:0x00000000  x4:0x68e99000 x17=0x97167000
        7585000	       757	80000478	01bd5313	srli	x6,x26,0x1b	 x26:0x00000011  x6=0x00000000
        7595000	       758	8000047c	ffdd8d93	addi	x27,x27,-3	 x27:0xfffffffe x27=0xfffffffb
        7605000	       759	80000480	fe7d9ae3	bne	x27,x7,80000474	 x27:0xfffffffb  x7:0xffffffef
        7615000	       760	00000000	00000013	addi	x0,x0,0	  x0:0x00000000
        7625000	       761	80000470	00000013	addi	x0,x0,0	  x0:0x00000000
        7635000	       762	80000474	404808b3	sub	x17,x16,x4	 x16:0x00000000  x4:0x68e99000 x17=0x97167000
        7645000	       763	80000478	01bd5313	srli	x6,x26,0x1b	 x26:0x00000011  x6=0x00000000
        7655000	       764	8000047c	ffdd8d93	addi	x27,x27,-3	 x27:0xfffffffb x27=0xfffffff8
        7665000	       765	80000480	fe7d9ae3	bne	x27,x7,80000474	 x27:0xfffffff8  x7:0xffffffef
        7675000	       766	00000000	00000013	addi	x0,x0,0	  x0:0x00000000
        7685000	       767	80000470	00000013	addi	x0,x0,0	  x0:0x00000000
        7695000	       768	80000474	404808b3	sub	x17,x16,x4	 x16:0x00000000  x4:0x68e99000 x17=0x97167000
        7705000	       769	80000478	01bd5313	srli	x6,x26,0x1b	 x26:0x00000011  x6=0x00000000
        7715000	       770	8000047c	ffdd8d93	addi	x27,x27,-3	 x27:0xfffffff8 x27=0xfffffff5
        7725000	       771	80000480	fe7d9ae3	bne	x27,x7,80000474	 x27:0xfffffff5  x7:0xffffffef
        7735000	       772	00000000	00000013	addi	x0,x0,0	  x0:0x00000000
        7745000	       773	80000470	00000013	addi	x0,x0,0	  x0:0x00000000
        7755000	       774	80000474	404808b3	sub	x17,x16,x4	 x16:0x00000000  x4:0x68e99000 x17=0x97167000
        7765000	       775	80000478	01bd5313	srli	x6,x26,0x1b	 x26:0x00000011  x6=0x00000000
        7775000	       776	8000047c	ffdd8d93	addi	x27,x27,-3	 x27:0xfffffff5 x27=0xfffffff2
        7785000	       777	80000480	fe7d9ae3	bne	x27,x7,80000474	 x27:0xfffffff2  x7:0xffffffef
        7795000	       778	00000000	00000013	addi	x0,x0,0	  x0:0x00000000
        7805000	       779	80000470	00000013	addi	x0,x0,0	  x0:0x00000000
        7815000	       780	80000474	404808b3	sub	x17,x16,x4	 x16:0x00000000  x4:0x68e99000 x17=0x97167000
        7825000	       781	80000478	01bd5313	srli	x6,x26,0x1b	 x26:0x00000011  x6=0x00000000
        7835000	       782	8000047c	ffdd8d93	addi	x27,x27,-3	 x27:0xfffffff2 x27=0xffffffef
        7845000	       783	80000480	fe7d9ae3	bne	x27,x7,80000474	 x27:0xffffffef  x7:0xffffffef
        7855000	       784	80000484	01530cb3	add	x25,x6,x21	  x6:0x00000000 x21:0x00000000 x25=0x00000000
        7865000	       785	80000488	08a17913	andi	x18,x2,138	  x2:0x80009bf3 x18=0x00000082
        7875000	       786	8000048c	fda746e3	blt	x14,x26,80000458	 x14:0x0000000e x26:0x00000011
        7885000	       787	00000000	00000013	addi	x0,x0,0	  x0:0x00000000
        7895000	       788	80000454	00000013	addi	x0,x0,0	  x0:0x00000000
        7905000	       789	80000458	01e2f433	and	x8,x5,x30	  x5:0x00000000 x30:0x9fc40000  x8=0x00000000
        7915000	       790	8000045c	00170713	addi	x14,x14,1	 x14:0x0000000e x14=0x0000000f
        7925000	       791	80000460	ec69b913	sltiu	x18,x19,-314	 x19:0x000ad5a9 x18=0x00000001
        7935000	       792	80000464	01462b33	slt	x22,x12,x20	 x12:0x80009fc4 x20:0x00000000 x22=0x00000001
        7945000	       793	80000468	00400d93	addi	x27,x0,4	  x0:0x00000000 x27=0x00000004
        7955000	       794	8000046c	fef00393	addi	x7,x0,-17	  x0:0x00000000  x7=0xffffffef
        7965000	       795	80000470	01fbac33	slt	x24,x23,x31	 x23:0x0000019c x31:0x00000000 x24=0x00000000
        7975000	       796	80000474	404808b3	sub	x17,x16,x4	 x16:0x00000000  x4:0x68e99000 x17=0x97167000
        7985000	       797	80000478	01bd5313	srli	x6,x26,0x1b	 x26:0x00000011  x6=0x00000000
        7995000	       798	8000047c	ffdd8d93	addi	x27,x27,-3	 x27:0x00000004 x27=0x00000001
        8005000	       799	80000480	fe7d9ae3	bne	x27,x7,80000474	 x27:0x00000001  x7:0xffffffef
        8015000	       800	00000000	00000013	addi	x0,x0,0	  x0:0x00000000
        8025000	       801	80000470	00000013	addi	x0,x0,0	  x0:0x00000000
        8035000	       802	80000474	404808b3	sub	x17,x16,x4	 x16:0x00000000  x4:0x68e99000 x17=0x97167000
        8045000	       803	80000478	01bd5313	srli	x6,x26,0x1b	 x26:0x00000011  x6=0x00000000
        8055000	       804	8000047c	ffdd8d93	addi	x27,x27,-3	 x27:0x00000001 x27=0xfffffffe
        8065000	       805	80000480	fe7d9ae3	bne	x27,x7,80000474	 x27:0xfffffffe  x7:0xffffffef
        8075000	       806	00000000	00000013	addi	x0,x0,0	  x0:0x00000000
        8085000	       807	80000470	00000013	addi	x0,x0,0	  x0:0x00000000
        8095000	       808	80000474	404808b3	sub	x17,x16,x4	 x16:0x00000000  x4:0x68e99000 x17=0x97167000
        8105000	       809	80000478	01bd5313	srli	x6,x26,0x1b	 x26:0x00000011  x6=0x00000000
        8115000	       810	8000047c	ffdd8d93	addi	x27,x27,-3	 x27:0xfffffffe x27=0xfffffffb
        8125000	       811	80000480	fe7d9ae3	bne	x27,x7,80000474	 x27:0xfffffffb  x7:0xffffffef
        8135000	       812	00000000	00000013	addi	x0,x0,0	  x0:0x00000000
        8145000	       813	80000470	00000013	addi	x0,x0,0	  x0:0x00000000
        8155000	       814	80000474	404808b3	sub	x17,x16,x4	 x16:0x00000000  x4:0x68e99000 x17=0x97167000
        8165000	       815	80000478	01bd5313	srli	x6,x26,0x1b	 x26:0x00000011  x6=0x00000000
        8175000	       816	8000047c	ffdd8d93	addi	x27,x27,-3	 x27:0xfffffffb x27=0xfffffff8
        8185000	       817	80000480	fe7d9ae3	bne	x27,x7,80000474	 x27:0xfffffff8  x7:0xffffffef
        8195000	       818	00000000	00000013	addi	x0,x0,0	  x0:0x00000000
        8205000	       819	80000470	00000013	addi	x0,x0,0	  x0:0x00000000
        8215000	       820	80000474	404808b3	sub	x17,x16,x4	 x16:0x00000000  x4:0x68e99000 x17=0x97167000
        8225000	       821	80000478	01bd5313	srli	x6,x26,0x1b	 x26:0x00000011  x6=0x00000000
        8235000	       822	8000047c	ffdd8d93	addi	x27,x27,-3	 x27:0xfffffff8 x27=0xfffffff5
        8245000	       823	80000480	fe7d9ae3	bne	x27,x7,80000474	 x27:0xfffffff5  x7:0xffffffef
        8255000	       824	00000000	00000013	addi	x0,x0,0	  x0:0x00000000
        8265000	       825	80000470	00000013	addi	x0,x0,0	  x0:0x00000000
        8275000	       826	80000474	404808b3	sub	x17,x16,x4	 x16:0x00000000  x4:0x68e99000 x17=0x97167000
        8285000	       827	80000478	01bd5313	srli	x6,x26,0x1b	 x26:0x00000011  x6=0x00000000
        8295000	       828	8000047c	ffdd8d93	addi	x27,x27,-3	 x27:0xfffffff5 x27=0xfffffff2
        8305000	       829	80000480	fe7d9ae3	bne	x27,x7,80000474	 x27:0xfffffff2  x7:0xffffffef
        8315000	       830	00000000	00000013	addi	x0,x0,0	  x0:0x00000000
        8325000	       831	80000470	00000013	addi	x0,x0,0	  x0:0x00000000
        8335000	       832	80000474	404808b3	sub	x17,x16,x4	 x16:0x00000000  x4:0x68e99000 x17=0x97167000
        8345000	       833	80000478	01bd5313	srli	x6,x26,0x1b	 x26:0x00000011  x6=0x00000000
        8355000	       834	8000047c	ffdd8d93	addi	x27,x27,-3	 x27:0xfffffff2 x27=0xffffffef
        8365000	       835	80000480	fe7d9ae3	bne	x27,x7,80000474	 x27:0xffffffef  x7:0xffffffef
        8375000	       836	80000484	01530cb3	add	x25,x6,x21	  x6:0x00000000 x21:0x00000000 x25=0x00000000
        8385000	       837	80000488	08a17913	andi	x18,x2,138	  x2:0x80009bf3 x18=0x00000082
        8395000	       838	8000048c	fda746e3	blt	x14,x26,80000458	 x14:0x0000000f x26:0x00000011
        8405000	       839	00000000	00000013	addi	x0,x0,0	  x0:0x00000000
        8415000	       840	80000454	00000013	addi	x0,x0,0	  x0:0x00000000
        8425000	       841	80000458	01e2f433	and	x8,x5,x30	  x5:0x00000000 x30:0x9fc40000  x8=0x00000000
        8435000	       842	8000045c	00170713	addi	x14,x14,1	 x14:0x0000000f x14=0x00000010
        8445000	       843	80000460	ec69b913	sltiu	x18,x19,-314	 x19:0x000ad5a9 x18=0x00000001
        8455000	       844	80000464	01462b33	slt	x22,x12,x20	 x12:0x80009fc4 x20:0x00000000 x22=0x00000001
        8465000	       845	80000468	00400d93	addi	x27,x0,4	  x0:0x00000000 x27=0x00000004
        8475000	       846	8000046c	fef00393	addi	x7,x0,-17	  x0:0x00000000  x7=0xffffffef
        8485000	       847	80000470	01fbac33	slt	x24,x23,x31	 x23:0x0000019c x31:0x00000000 x24=0x00000000
        8495000	       848	80000474	404808b3	sub	x17,x16,x4	 x16:0x00000000  x4:0x68e99000 x17=0x97167000
        8505000	       849	80000478	01bd5313	srli	x6,x26,0x1b	 x26:0x00000011  x6=0x00000000
        8515000	       850	8000047c	ffdd8d93	addi	x27,x27,-3	 x27:0x00000004 x27=0x00000001
        8525000	       851	80000480	fe7d9ae3	bne	x27,x7,80000474	 x27:0x00000001  x7:0xffffffef
        8535000	       852	00000000	00000013	addi	x0,x0,0	  x0:0x00000000
        8545000	       853	80000470	00000013	addi	x0,x0,0	  x0:0x00000000
        8555000	       854	80000474	404808b3	sub	x17,x16,x4	 x16:0x00000000  x4:0x68e99000 x17=0x97167000
        8565000	       855	80000478	01bd5313	srli	x6,x26,0x1b	 x26:0x00000011  x6=0x00000000
        8575000	       856	8000047c	ffdd8d93	addi	x27,x27,-3	 x27:0x00000001 x27=0xfffffffe
        8585000	       857	80000480	fe7d9ae3	bne	x27,x7,80000474	 x27:0xfffffffe  x7:0xffffffef
        8595000	       858	00000000	00000013	addi	x0,x0,0	  x0:0x00000000
        8605000	       859	80000470	00000013	addi	x0,x0,0	  x0:0x00000000
        8615000	       860	80000474	404808b3	sub	x17,x16,x4	 x16:0x00000000  x4:0x68e99000 x17=0x97167000
        8625000	       861	80000478	01bd5313	srli	x6,x26,0x1b	 x26:0x00000011  x6=0x00000000
        8635000	       862	8000047c	ffdd8d93	addi	x27,x27,-3	 x27:0xfffffffe x27=0xfffffffb
        8645000	       863	80000480	fe7d9ae3	bne	x27,x7,80000474	 x27:0xfffffffb  x7:0xffffffef
        8655000	       864	00000000	00000013	addi	x0,x0,0	  x0:0x00000000
        8665000	       865	80000470	00000013	addi	x0,x0,0	  x0:0x00000000
        8675000	       866	80000474	404808b3	sub	x17,x16,x4	 x16:0x00000000  x4:0x68e99000 x17=0x97167000
        8685000	       867	80000478	01bd5313	srli	x6,x26,0x1b	 x26:0x00000011  x6=0x00000000
        8695000	       868	8000047c	ffdd8d93	addi	x27,x27,-3	 x27:0xfffffffb x27=0xfffffff8
        8705000	       869	80000480	fe7d9ae3	bne	x27,x7,80000474	 x27:0xfffffff8  x7:0xffffffef
        8715000	       870	00000000	00000013	addi	x0,x0,0	  x0:0x00000000
        8725000	       871	80000470	00000013	addi	x0,x0,0	  x0:0x00000000
        8735000	       872	80000474	404808b3	sub	x17,x16,x4	 x16:0x00000000  x4:0x68e99000 x17=0x97167000
        8745000	       873	80000478	01bd5313	srli	x6,x26,0x1b	 x26:0x00000011  x6=0x00000000
        8755000	       874	8000047c	ffdd8d93	addi	x27,x27,-3	 x27:0xfffffff8 x27=0xfffffff5
        8765000	       875	80000480	fe7d9ae3	bne	x27,x7,80000474	 x27:0xfffffff5  x7:0xffffffef
        8775000	       876	00000000	00000013	addi	x0,x0,0	  x0:0x00000000
        8785000	       877	80000470	00000013	addi	x0,x0,0	  x0:0x00000000
        8795000	       878	80000474	404808b3	sub	x17,x16,x4	 x16:0x00000000  x4:0x68e99000 x17=0x97167000
        8805000	       879	80000478	01bd5313	srli	x6,x26,0x1b	 x26:0x00000011  x6=0x00000000
        8815000	       880	8000047c	ffdd8d93	addi	x27,x27,-3	 x27:0xfffffff5 x27=0xfffffff2
        8825000	       881	80000480	fe7d9ae3	bne	x27,x7,80000474	 x27:0xfffffff2  x7:0xffffffef
        8835000	       882	00000000	00000013	addi	x0,x0,0	  x0:0x00000000
        8845000	       883	80000470	00000013	addi	x0,x0,0	  x0:0x00000000
        8855000	       884	80000474	404808b3	sub	x17,x16,x4	 x16:0x00000000  x4:0x68e99000 x17=0x97167000
        8865000	       885	80000478	01bd5313	srli	x6,x26,0x1b	 x26:0x00000011  x6=0x00000000
        8875000	       886	8000047c	ffdd8d93	addi	x27,x27,-3	 x27:0xfffffff2 x27=0xffffffef
        8885000	       887	80000480	fe7d9ae3	bne	x27,x7,80000474	 x27:0xffffffef  x7:0xffffffef
        8895000	       888	80000484	01530cb3	add	x25,x6,x21	  x6:0x00000000 x21:0x00000000 x25=0x00000000
        8905000	       889	80000488	08a17913	andi	x18,x2,138	  x2:0x80009bf3 x18=0x00000082
        8915000	       890	8000048c	fda746e3	blt	x14,x26,80000458	 x14:0x00000010 x26:0x00000011
        8925000	       891	00000000	00000013	addi	x0,x0,0	  x0:0x00000000
        8935000	       892	80000454	00000013	addi	x0,x0,0	  x0:0x00000000
        8945000	       893	80000458	01e2f433	and	x8,x5,x30	  x5:0x00000000 x30:0x9fc40000  x8=0x00000000
        8955000	       894	8000045c	00170713	addi	x14,x14,1	 x14:0x00000010 x14=0x00000011
        8965000	       895	80000460	ec69b913	sltiu	x18,x19,-314	 x19:0x000ad5a9 x18=0x00000001
        8975000	       896	80000464	01462b33	slt	x22,x12,x20	 x12:0x80009fc4 x20:0x00000000 x22=0x00000001
        8985000	       897	80000468	00400d93	addi	x27,x0,4	  x0:0x00000000 x27=0x00000004
        8995000	       898	8000046c	fef00393	addi	x7,x0,-17	  x0:0x00000000  x7=0xffffffef
        9005000	       899	80000470	01fbac33	slt	x24,x23,x31	 x23:0x0000019c x31:0x00000000 x24=0x00000000
        9015000	       900	80000474	404808b3	sub	x17,x16,x4	 x16:0x00000000  x4:0x68e99000 x17=0x97167000
        9025000	       901	80000478	01bd5313	srli	x6,x26,0x1b	 x26:0x00000011  x6=0x00000000
        9035000	       902	8000047c	ffdd8d93	addi	x27,x27,-3	 x27:0x00000004 x27=0x00000001
        9045000	       903	80000480	fe7d9ae3	bne	x27,x7,80000474	 x27:0x00000001  x7:0xffffffef
        9055000	       904	00000000	00000013	addi	x0,x0,0	  x0:0x00000000
        9065000	       905	80000470	00000013	addi	x0,x0,0	  x0:0x00000000
        9075000	       906	80000474	404808b3	sub	x17,x16,x4	 x16:0x00000000  x4:0x68e99000 x17=0x97167000
        9085000	       907	80000478	01bd5313	srli	x6,x26,0x1b	 x26:0x00000011  x6=0x00000000
        9095000	       908	8000047c	ffdd8d93	addi	x27,x27,-3	 x27:0x00000001 x27=0xfffffffe
        9105000	       909	80000480	fe7d9ae3	bne	x27,x7,80000474	 x27:0xfffffffe  x7:0xffffffef
        9115000	       910	00000000	00000013	addi	x0,x0,0	  x0:0x00000000
        9125000	       911	80000470	00000013	addi	x0,x0,0	  x0:0x00000000
        9135000	       912	80000474	404808b3	sub	x17,x16,x4	 x16:0x00000000  x4:0x68e99000 x17=0x97167000
        9145000	       913	80000478	01bd5313	srli	x6,x26,0x1b	 x26:0x00000011  x6=0x00000000
        9155000	       914	8000047c	ffdd8d93	addi	x27,x27,-3	 x27:0xfffffffe x27=0xfffffffb
        9165000	       915	80000480	fe7d9ae3	bne	x27,x7,80000474	 x27:0xfffffffb  x7:0xffffffef
        9175000	       916	00000000	00000013	addi	x0,x0,0	  x0:0x00000000
        9185000	       917	80000470	00000013	addi	x0,x0,0	  x0:0x00000000
        9195000	       918	80000474	404808b3	sub	x17,x16,x4	 x16:0x00000000  x4:0x68e99000 x17=0x97167000
        9205000	       919	80000478	01bd5313	srli	x6,x26,0x1b	 x26:0x00000011  x6=0x00000000
        9215000	       920	8000047c	ffdd8d93	addi	x27,x27,-3	 x27:0xfffffffb x27=0xfffffff8
        9225000	       921	80000480	fe7d9ae3	bne	x27,x7,80000474	 x27:0xfffffff8  x7:0xffffffef
        9235000	       922	00000000	00000013	addi	x0,x0,0	  x0:0x00000000
        9245000	       923	80000470	00000013	addi	x0,x0,0	  x0:0x00000000
        9255000	       924	80000474	404808b3	sub	x17,x16,x4	 x16:0x00000000  x4:0x68e99000 x17=0x97167000
        9265000	       925	80000478	01bd5313	srli	x6,x26,0x1b	 x26:0x00000011  x6=0x00000000
        9275000	       926	8000047c	ffdd8d93	addi	x27,x27,-3	 x27:0xfffffff8 x27=0xfffffff5
        9285000	       927	80000480	fe7d9ae3	bne	x27,x7,80000474	 x27:0xfffffff5  x7:0xffffffef
        9295000	       928	00000000	00000013	addi	x0,x0,0	  x0:0x00000000
        9305000	       929	80000470	00000013	addi	x0,x0,0	  x0:0x00000000
        9315000	       930	80000474	404808b3	sub	x17,x16,x4	 x16:0x00000000  x4:0x68e99000 x17=0x97167000
        9325000	       931	80000478	01bd5313	srli	x6,x26,0x1b	 x26:0x00000011  x6=0x00000000
        9335000	       932	8000047c	ffdd8d93	addi	x27,x27,-3	 x27:0xfffffff5 x27=0xfffffff2
        9345000	       933	80000480	fe7d9ae3	bne	x27,x7,80000474	 x27:0xfffffff2  x7:0xffffffef
        9355000	       934	00000000	00000013	addi	x0,x0,0	  x0:0x00000000
        9365000	       935	80000470	00000013	addi	x0,x0,0	  x0:0x00000000
        9375000	       936	80000474	404808b3	sub	x17,x16,x4	 x16:0x00000000  x4:0x68e99000 x17=0x97167000
        9385000	       937	80000478	01bd5313	srli	x6,x26,0x1b	 x26:0x00000011  x6=0x00000000
        9395000	       938	8000047c	ffdd8d93	addi	x27,x27,-3	 x27:0xfffffff2 x27=0xffffffef
        9405000	       939	80000480	fe7d9ae3	bne	x27,x7,80000474	 x27:0xffffffef  x7:0xffffffef
        9415000	       940	80000484	01530cb3	add	x25,x6,x21	  x6:0x00000000 x21:0x00000000 x25=0x00000000
        9425000	       941	80000488	08a17913	andi	x18,x2,138	  x2:0x80009bf3 x18=0x00000082
        9435000	       942	8000048c	fda746e3	blt	x14,x26,80000458	 x14:0x00000011 x26:0x00000011
        9445000	       943	80000490	01bad333	srl	x6,x21,x27	 x21:0x00000000 x27:0xffffffef  x6=0x00000000
        9455000	       944	80000494	00a00d93	addi	x27,x0,10	  x0:0x00000000 x27=0x0000000a
        9465000	       945	80000498	b2ed4c13	xori	x24,x26,-1234	 x26:0x00000011 x24=0xfffffb3f
        9475000	       946	8000049c	0139e0b3	or	x1,x19,x19	 x19:0x000ad5a9 x19:0x000ad5a9  x1=0x000ad5a9
        9485000	       947	800004a0	0013ed33	or	x26,x7,x1	  x7:0xffffffef  x1:0x000ad5a9 x26=0xffffffef
        9495000	       948	800004a4	0150bab3	sltu	x21,x1,x21	  x1:0x000ad5a9 x21:0x00000000 x21=0x00000000
        9505000	       949	800004a8	811fb013	sltiu	x0,x31,-2031	 x31:0x00000000
        9515000	       950	800004ac	017d5e93	srli	x29,x26,0x17	 x26:0xffffffef x29=0x000001ff
        9525000	       951	800004b0	01300f13	addi	x30,x0,19	  x0:0x00000000 x30=0x00000013
        9535000	       952	800004b4	04b92693	slti	x13,x18,75	 x18:0x00000082 x13=0x00000000
        9545000	       953	800004b8	59753293	sltiu	x5,x10,1431	 x10:0x00000000  x5=0x00000001
        9555000	       954	800004bc	40da0233	sub	x4,x20,x13	 x20:0x00000000 x13:0x00000000  x4=0x00000000
        9565000	       955	800004c0	4141d5b3	sra	x11,x3,x20	  x3:0x00000000 x20:0x00000000 x11=0x00000000
        9575000	       956	800004c4	01038233	add	x4,x7,x16	  x7:0xffffffef x16:0x00000000  x4=0xffffffef
        9585000	       957	800004c8	40c35593	srai	x11,x6,0xc	  x6:0x00000000 x11=0x00000000
        9595000	       958	800004cc	008cf833	and	x16,x25,x8	 x25:0x00000000  x8:0x00000000 x16=0x00000000
        9605000	       959	800004d0	62d2bb13	sltiu	x22,x5,1581	  x5:0x00000001 x22=0x00000001
        9615000	       960	800004d4	008d8d93	addi	x27,x27,8	 x27:0x0000000a x27=0x00000012
        9625000	       961	800004d8	7229d737	lui	x14,0x7229d	 x14=0x7229d000
        9635000	       962	800004dc	00079893	slli	x17,x15,0x0	 x15:0x80009f84 x17=0x80009f84
        9645000	       963	800004e0	41b4d593	srai	x11,x9,0x1b	  x9:0x00000001 x11=0x00000000
        9655000	       964	800004e4	fdedeae3	bltu	x27,x30,800004b8	 x27:0x00000012 x30:0x00000013
        9665000	       965	00000000	00000013	addi	x0,x0,0	  x0:0x00000000
        9675000	       966	800004b4	00000013	addi	x0,x0,0	  x0:0x00000000
        9685000	       967	800004b8	59753293	sltiu	x5,x10,1431	 x10:0x00000000  x5=0x00000001
        9695000	       968	800004bc	40da0233	sub	x4,x20,x13	 x20:0x00000000 x13:0x00000000  x4=0x00000000
        9705000	       969	800004c0	4141d5b3	sra	x11,x3,x20	  x3:0x00000000 x20:0x00000000 x11=0x00000000
        9715000	       970	800004c4	01038233	add	x4,x7,x16	  x7:0xffffffef x16:0x00000000  x4=0xffffffef
        9725000	       971	800004c8	40c35593	srai	x11,x6,0xc	  x6:0x00000000 x11=0x00000000
        9735000	       972	800004cc	008cf833	and	x16,x25,x8	 x25:0x00000000  x8:0x00000000 x16=0x00000000
        9745000	       973	800004d0	62d2bb13	sltiu	x22,x5,1581	  x5:0x00000001 x22=0x00000001
        9755000	       974	800004d4	008d8d93	addi	x27,x27,8	 x27:0x00000012 x27=0x0000001a
        9765000	       975	800004d8	7229d737	lui	x14,0x7229d	 x14=0x7229d000
        9775000	       976	800004dc	00079893	slli	x17,x15,0x0	 x15:0x80009f84 x17=0x80009f84
        9785000	       977	800004e0	41b4d593	srai	x11,x9,0x1b	  x9:0x00000001 x11=0x00000000
        9795000	       978	800004e4	fdedeae3	bltu	x27,x30,800004b8	 x27:0x0000001a x30:0x00000013
        9805000	       979	800004e8	7664c593	xori	x11,x9,1894	  x9:0x00000001 x11=0x00000767
        9815000	       980	800004ec	fff00913	addi	x18,x0,-1	  x0:0x00000000 x18=0xffffffff
        9825000	       981	800004f0	00000013	addi	x0,x0,0	  x0:0x00000000
        9835000	       982	800004f4	01400e13	addi	x28,x0,20	  x0:0x00000000 x28=0x00000014
        9845000	       983	800004f8	01590fb3	add	x31,x18,x21	 x18:0xffffffff x21:0x00000000 x31=0xffffffff
        9855000	       984	800004fc	006743b3	xor	x7,x14,x6	 x14:0x7229d000  x6:0x00000000  x7=0x7229d000
        9865000	       985	80000500	00790913	addi	x18,x18,7	 x18:0xffffffff x18=0x00000006
        9875000	       986	80000504	41688833	sub	x16,x17,x22	 x17:0x80009f84 x22:0x00000001 x16=0x80009f83
        9885000	       987	80000508	ffc918e3	bne	x18,x28,800004f8	 x18:0x00000006 x28:0x00000014
        9895000	       988	00000000	00000013	addi	x0,x0,0	  x0:0x00000000
        9905000	       989	800004f4	00000013	addi	x0,x0,0	  x0:0x00000000
        9915000	       990	800004f8	01590fb3	add	x31,x18,x21	 x18:0x00000006 x21:0x00000000 x31=0x00000006
        9925000	       991	800004fc	006743b3	xor	x7,x14,x6	 x14:0x7229d000  x6:0x00000000  x7=0x7229d000
        9935000	       992	80000500	00790913	addi	x18,x18,7	 x18:0x00000006 x18=0x0000000d
        9945000	       993	80000504	41688833	sub	x16,x17,x22	 x17:0x80009f84 x22:0x00000001 x16=0x80009f83
        9955000	       994	80000508	ffc918e3	bne	x18,x28,800004f8	 x18:0x0000000d x28:0x00000014
        9965000	       995	00000000	00000013	addi	x0,x0,0	  x0:0x00000000
        9975000	       996	800004f4	00000013	addi	x0,x0,0	  x0:0x00000000
        9985000	       997	800004f8	01590fb3	add	x31,x18,x21	 x18:0x0000000d x21:0x00000000 x31=0x0000000d
        9995000	       998	800004fc	006743b3	xor	x7,x14,x6	 x14:0x7229d000  x6:0x00000000  x7=0x7229d000
       10005000	       999	80000500	00790913	addi	x18,x18,7	 x18:0x0000000d x18=0x00000014
       10015000	      1000	80000504	41688833	sub	x16,x17,x22	 x17:0x80009f84 x22:0x00000001 x16=0x80009f83
       10025000	      1001	80000508	ffc918e3	bne	x18,x28,800004f8	 x18:0x00000014 x28:0x00000014
       10035000	      1002	8000050c	78d7b593	sltiu	x11,x15,1933	 x15:0x80009f84 x11=0x00000000
       10045000	      1003	80000510	ffe00993	addi	x19,x0,-2	  x0:0x00000000 x19=0xfffffffe
       10055000	      1004	80000514	e8c6a093	slti	x1,x13,-372	 x13:0x00000000  x1=0x00000000
       10065000	      1005	80000518	00d00413	addi	x8,x0,13	  x0:0x00000000  x8=0x0000000d
       10075000	      1006	8000051c	dbed78b7	lui	x17,0xdbed7	 x17=0xdbed7000
       10085000	      1007	80000520	00698993	addi	x19,x19,6	 x19:0xfffffffe x19=0x00000004
       10095000	      1008	80000524	002d2d33	slt	x26,x26,x2	 x26:0xffffffef  x2:0x80009bf3 x26=0x00000000
       10105000	      1009	80000528	fe89eae3	bltu	x19,x8,8000051c	 x19:0x00000004  x8:0x0000000d
       10115000	      1010	00000000	00000013	addi	x0,x0,0	  x0:0x00000000
       10125000	      1011	80000518	00000013	addi	x0,x0,0	  x0:0x00000000
       10135000	      1012	8000051c	dbed78b7	lui	x17,0xdbed7	 x17=0xdbed7000
       10145000	      1013	80000520	00698993	addi	x19,x19,6	 x19:0x00000004 x19=0x0000000a
       10155000	      1014	80000524	002d2d33	slt	x26,x26,x2	 x26:0x00000000  x2:0x80009bf3 x26=0x00000000
       10165000	      1015	80000528	fe89eae3	bltu	x19,x8,8000051c	 x19:0x0000000a  x8:0x0000000d
       10175000	      1016	00000000	00000013	addi	x0,x0,0	  x0:0x00000000
       10185000	      1017	80000518	00000013	addi	x0,x0,0	  x0:0x00000000
       10195000	      1018	8000051c	dbed78b7	lui	x17,0xdbed7	 x17=0xdbed7000
       10205000	      1019	80000520	00698993	addi	x19,x19,6	 x19:0x0000000a x19=0x00000010
       10215000	      1020	80000524	002d2d33	slt	x26,x26,x2	 x26:0x00000000  x2:0x80009bf3 x26=0x00000000
       10225000	      1021	80000528	fe89eae3	bltu	x19,x8,8000051c	 x19:0x00000010  x8:0x0000000d
       10235000	      1022	8000052c	33404193	xori	x3,x0,820	  x0:0x00000000  x3=0x00000334
       10245000	      1023	80000530	00500913	addi	x18,x0,5	  x0:0x00000000 x18=0x00000005
       10255000	      1024	80000534	01cb5833	srl	x16,x22,x28	 x22:0x00000001 x28:0x00000014 x16=0x00000000
       10265000	      1025	80000538	b1424d13	xori	x26,x4,-1260	  x4:0xffffffef x26=0x000004fb
       10275000	      1026	8000053c	00900f93	addi	x31,x0,9	  x0:0x00000000 x31=0x00000009
       10285000	      1027	80000540	85242d13	slti	x26,x8,-1966	  x8:0x0000000d x26=0x00000000
       10295000	      1028	80000544	4d664813	xori	x16,x12,1238	 x12:0x80009fc4 x16=0x80009b12
       10305000	      1029	80000548	00690913	addi	x18,x18,6	 x18:0x00000005 x18=0x0000000b
       10315000	      1030	8000054c	00d6c033	xor	x0,x13,x13	 x13:0x00000000 x13:0x00000000
       10325000	      1031	80000550	00000013	addi	x0,x0,0	  x0:0x00000000
       10335000	      1032	80000554	01cfd0b3	srl	x1,x31,x28	 x31:0x00000009 x28:0x00000014  x1=0x00000000
       10345000	      1033	80000558	713f2e93	slti	x29,x30,1811	 x30:0x00000013 x29=0x00000001
       10355000	      1034	8000055c	05aba713	slti	x14,x23,90	 x23:0x0000019c x14=0x00000000
       10365000	      1035	80000560	b145b513	sltiu	x10,x11,-1260	 x11:0x00000000 x10=0x00000001
       10375000	      1036	80000564	bf97fe93	andi	x29,x15,-1031	 x15:0x80009f84 x29=0x80009b80
       10385000	      1037	80000568	fdf96ee3	bltu	x18,x31,80000544	 x18:0x0000000b x31:0x00000009
       10395000	      1038	8000056c	40350233	sub	x4,x10,x3	 x10:0x00000001  x3:0x00000334  x4=0xfffffccd
       10405000	      1039	80000570	ff900f93	addi	x31,x0,-7	  x0:0x00000000 x31=0xfffffff9
       10415000	      1040	80000574	0445b337	lui	x6,0x445b	  x6=0x0445b000
       10425000	      1041	80000578	01505d33	srl	x26,x0,x21	  x0:0x00000000 x21:0x00000000 x26=0x00000000
       10435000	      1042	8000057c	fb80c093	xori	x1,x1,-72	  x1:0x00000000  x1=0xffffffb8
       10445000	      1043	80000580	fed00c93	addi	x25,x0,-19	  x0:0x00000000 x25=0xffffffed
       10455000	      1044	80000584	d8a7e913	ori	x18,x15,-630	 x15:0x80009f84 x18=0xffffff8e
       10465000	      1045	80000588	b7fc3993	sltiu	x19,x24,-1153	 x24:0xfffffb3f x19=0x00000001
       10475000	      1046	8000058c	016040b3	xor	x1,x0,x22	  x0:0x00000000 x22:0x00000001  x1=0x00000001
       10485000	      1047	80000590	ba388993	addi	x19,x17,-1117	 x17:0xdbed7000 x19=0xdbed6ba3
       10495000	      1048	80000594	00000013	addi	x0,x0,0	  x0:0x00000000
       10505000	      1049	80000598	00143733	sltu	x14,x8,x1	  x8:0x0000000d  x1:0x00000001 x14=0x00000000
       10515000	      1050	8000059c	ffff8f93	addi	x31,x31,-1	 x31:0xfffffff9 x31=0xfffffff8
       10525000	      1051	800005a0	403559b3	sra	x19,x10,x3	 x10:0x00000001  x3:0x00000334 x19=0x00000000
       10535000	      1052	800005a4	008e0b33	add	x22,x28,x8	 x28:0x00000014  x8:0x0000000d x22=0x00000021
       10545000	      1053	800005a8	00800293	addi	x5,x0,8	  x0:0x00000000  x5=0x00000008
       10555000	      1054	800005ac	41965093	srai	x1,x12,0x19	 x12:0x80009fc4  x1=0xffffffc0
       10565000	      1055	800005b0	ff700c13	addi	x24,x0,-9	  x0:0x00000000 x24=0xfffffff7
       10575000	      1056	800005b4	018e5733	srl	x14,x28,x24	 x28:0x00000014 x24:0xfffffff7 x14=0x00000000
       10585000	      1057	800005b8	743d7193	andi	x3,x26,1859	 x26:0x00000000  x3=0x00000000
       10595000	      1058	800005bc	40383397	auipc	x7,0x40383	  x7=0xc03835b8
       10605000	      1059	800005c0	d37a4093	xori	x1,x20,-713	 x20:0x00000000  x1=0xfffffd37
       10615000	      1060	800005c4	8d178093	addi	x1,x15,-1839	 x15:0x80009f84  x1=0x80009855
       10625000	      1061	800005c8	004ae6b3	or	x13,x21,x4	 x21:0x00000000  x4:0xfffffccd x13=0xfffffccd
       10635000	      1062	800005cc	ffd28293	addi	x5,x5,-3	  x5:0x00000008  x5=0x00000005
       10645000	      1063	800005d0	ff82dae3	bge	x5,x24,800005c4	  x5:0x00000005 x24:0xfffffff7
       10655000	      1064	00000000	00000013	addi	x0,x0,0	  x0:0x00000000
       10665000	      1065	800005c0	00000013	addi	x0,x0,0	  x0:0x00000000
       10675000	      1066	800005c4	8d178093	addi	x1,x15,-1839	 x15:0x80009f84  x1=0x80009855
       10685000	      1067	800005c8	004ae6b3	or	x13,x21,x4	 x21:0x00000000  x4:0xfffffccd x13=0xfffffccd
       10695000	      1068	800005cc	ffd28293	addi	x5,x5,-3	  x5:0x00000005  x5=0x00000002
       10705000	      1069	800005d0	ff82dae3	bge	x5,x24,800005c4	  x5:0x00000002 x24:0xfffffff7
       10715000	      1070	00000000	00000013	addi	x0,x0,0	  x0:0x00000000
       10725000	      1071	800005c0	00000013	addi	x0,x0,0	  x0:0x00000000
       10735000	      1072	800005c4	8d178093	addi	x1,x15,-1839	 x15:0x80009f84  x1=0x80009855
       10745000	      1073	800005c8	004ae6b3	or	x13,x21,x4	 x21:0x00000000  x4:0xfffffccd x13=0xfffffccd
       10755000	      1074	800005cc	ffd28293	addi	x5,x5,-3	  x5:0x00000002  x5=0xffffffff
       10765000	      1075	800005d0	ff82dae3	bge	x5,x24,800005c4	  x5:0xffffffff x24:0xfffffff7
       10775000	      1076	00000000	00000013	addi	x0,x0,0	  x0:0x00000000
       10785000	      1077	800005c0	00000013	addi	x0,x0,0	  x0:0x00000000
       10795000	      1078	800005c4	8d178093	addi	x1,x15,-1839	 x15:0x80009f84  x1=0x80009855
       10805000	      1079	800005c8	004ae6b3	or	x13,x21,x4	 x21:0x00000000  x4:0xfffffccd x13=0xfffffccd
       10815000	      1080	800005cc	ffd28293	addi	x5,x5,-3	  x5:0xffffffff  x5=0xfffffffc
       10825000	      1081	800005d0	ff82dae3	bge	x5,x24,800005c4	  x5:0xfffffffc x24:0xfffffff7
       10835000	      1082	00000000	00000013	addi	x0,x0,0	  x0:0x00000000
       10845000	      1083	800005c0	00000013	addi	x0,x0,0	  x0:0x00000000
       10855000	      1084	800005c4	8d178093	addi	x1,x15,-1839	 x15:0x80009f84  x1=0x80009855
       10865000	      1085	800005c8	004ae6b3	or	x13,x21,x4	 x21:0x00000000  x4:0xfffffccd x13=0xfffffccd
       10875000	      1086	800005cc	ffd28293	addi	x5,x5,-3	  x5:0xfffffffc  x5=0xfffffff9
       10885000	      1087	800005d0	ff82dae3	bge	x5,x24,800005c4	  x5:0xfffffff9 x24:0xfffffff7
       10895000	      1088	00000000	00000013	addi	x0,x0,0	  x0:0x00000000
       10905000	      1089	800005c0	00000013	addi	x0,x0,0	  x0:0x00000000
       10915000	      1090	800005c4	8d178093	addi	x1,x15,-1839	 x15:0x80009f84  x1=0x80009855
       10925000	      1091	800005c8	004ae6b3	or	x13,x21,x4	 x21:0x00000000  x4:0xfffffccd x13=0xfffffccd
       10935000	      1092	800005cc	ffd28293	addi	x5,x5,-3	  x5:0xfffffff9  x5=0xfffffff6
       10945000	      1093	800005d0	ff82dae3	bge	x5,x24,800005c4	  x5:0xfffffff6 x24:0xfffffff7
       10955000	      1094	800005d4	fb9f8ce3	beq	x31,x25,8000058c	 x31:0xfffffff8 x25:0xffffffed
       10965000	      1095	800005d8	41658433	sub	x8,x11,x22	 x11:0x00000000 x22:0x00000021  x8=0xffffffdf
       10975000	      1096	800005dc	00800193	addi	x3,x0,8	  x0:0x00000000  x3=0x00000008
       10985000	      1097	800005e0	41838233	sub	x4,x7,x24	  x7:0xc03835b8 x24:0xfffffff7  x4=0xc03835c1
       10995000	      1098	800005e4	001f06b3	add	x13,x30,x1	 x30:0x00000013  x1:0x80009855 x13=0x80009868
       11005000	      1099	800005e8	837d0a93	addi	x21,x26,-1993	 x26:0x00000000 x21=0xfffff837
       11015000	      1100	800005ec	4cb73293	sltiu	x5,x14,1227	 x14:0x00000000  x5=0x00000001
       11025000	      1101	800005f0	d76e7117	auipc	x2,0xd76e7	  x2=0x576e75ec
       11035000	      1102	800005f4	d4d14f93	xori	x31,x2,-691	  x2:0x576e75ec x31=0xa89188a1
       11045000	      1103	800005f8	00700813	addi	x16,x0,7	  x0:0x00000000 x16=0x00000007
       11055000	      1104	800005fc	3175a237	lui	x4,0x3175a	  x4=0x3175a000
       11065000	      1105	80000600	3cd35997	auipc	x19,0x3cd35	 x19=0xbcd355fc
       11075000	      1106	80000604	010edd33	srl	x26,x29,x16	 x29:0x80009b80 x16:0x00000007 x26=0x01000137
       11085000	      1107	80000608	41d8dd13	srai	x26,x17,0x1d	 x17:0xdbed7000 x26=0xfffffffe
       11095000	      1108	8000060c	40d056b3	sra	x13,x0,x13	  x0:0x00000000 x13:0x80009868 x13=0x00000000
       11105000	      1109	80000610	156ab293	sltiu	x5,x21,342	 x21:0xfffff837  x5=0x00000000
       11115000	      1110	80000614	86fcbd13	sltiu	x26,x25,-1937	 x25:0xffffffed x26=0x00000000
       11125000	      1111	80000618	01330133	add	x2,x6,x19	  x6:0x0445b000 x19:0xbcd355fc  x2=0xc11905fc
       11135000	      1112	8000061c	ff8795b7	lui	x11,0xff879	 x11=0xff879000
       11145000	      1113	80000620	00bd3d33	sltu	x26,x26,x11	 x26:0x00000000 x11:0xff879000 x26=0x00000001
       11155000	      1114	80000624	00000013	addi	x0,x0,0	  x0:0x00000000
       11165000	      1115	80000628	00c3d0b3	srl	x1,x7,x12	  x7:0xc03835b8 x12:0x80009fc4  x1=0x0c03835b
       11175000	      1116	8000062c	ffa18193	addi	x3,x3,-6	  x3:0x00000008  x3=0x00000002
       11185000	      1117	80000630	4e4f0e93	addi	x29,x30,1252	 x30:0x00000013 x29=0x000004f7
       11195000	      1118	80000634	e05fa413	slti	x8,x31,-507	 x31:0xa89188a1  x8=0x00000001
       11205000	      1119	80000638	01edf033	and	x0,x27,x30	 x27:0x0000001a x30:0x00000013
       11215000	      1120	8000063c	77456b13	ori	x22,x10,1908	 x10:0x00000001 x22=0x00000775
       11225000	      1121	80000640	fd01f8e3	bgeu	x3,x16,80000610	  x3:0x00000002 x16:0x00000007
       11235000	      1122	80000644	4cd83e93	sltiu	x29,x16,1229	 x16:0x00000007 x29=0x00000001
       11245000	      1123	80000648	00700c13	addi	x24,x0,7	  x0:0x00000000 x24=0x00000007
       11255000	      1124	8000064c	403f5393	srai	x7,x30,0x3	 x30:0x00000013  x7=0x00000002
       11265000	      1125	80000650	01200513	addi	x10,x0,18	  x0:0x00000000 x10=0x00000012
       11275000	      1126	80000654	7f65d897	auipc	x17,0x7f65d	 x17=0xff65d650
       11285000	      1127	80000658	0197a1b3	slt	x3,x15,x25	 x15:0x80009f84 x25:0xffffffed  x3=0x00000001
       11295000	      1128	8000065c	414d53b3	sra	x7,x26,x20	 x26:0x00000001 x20:0x00000000  x7=0x00000001
       11305000	      1129	80000660	8f1e7c93	andi	x25,x28,-1807	 x28:0x00000014 x25=0x00000010
       11315000	      1130	80000664	01b671b3	and	x3,x12,x27	 x12:0x80009fc4 x27:0x0000001a  x3=0x00000000
       11325000	      1131	80000668	001c0c13	addi	x24,x24,1	 x24:0x00000007 x24=0x00000008
       11335000	      1132	8000066c	ff600f93	addi	x31,x0,-10	  x0:0x00000000 x31=0xfffffff6
       11345000	      1133	80000670	006c53b3	srl	x7,x24,x6	 x24:0x00000008  x6:0x0445b000  x7=0x00000008
       11355000	      1134	80000674	0094a333	slt	x6,x9,x9	  x9:0x00000001  x9:0x00000001  x6=0x00000000
       11365000	      1135	80000678	fec00693	addi	x13,x0,-20	  x0:0x00000000 x13=0xffffffec
       11375000	      1136	8000067c	a81e7313	andi	x6,x28,-1407	 x28:0x00000014  x6=0x00000000
       11385000	      1137	80000680	99bcd317	auipc	x6,0x99bcd	  x6=0x19bcd67c
       11395000	      1138	80000684	ff8f8f93	addi	x31,x31,-8	 x31:0xfffffff6 x31=0xffffffee
       11405000	      1139	80000688	fedfdce3	bge	x31,x13,80000680	 x31:0xffffffee x13:0xffffffec
       11415000	      1140	00000000	00000013	addi	x0,x0,0	  x0:0x00000000
       11425000	      1141	8000067c	00000013	addi	x0,x0,0	  x0:0x00000000
       11435000	      1142	80000680	99bcd317	auipc	x6,0x99bcd	  x6=0x19bcd67c
       11445000	      1143	80000684	ff8f8f93	addi	x31,x31,-8	 x31:0xffffffee x31=0xffffffe6
       11455000	      1144	80000688	fedfdce3	bge	x31,x13,80000680	 x31:0xffffffe6 x13:0xffffffec
       11465000	      1145	8000068c	00762d33	slt	x26,x12,x7	 x12:0x80009fc4  x7:0x00000008 x26=0x00000001
       11475000	      1146	80000690	fcac68e3	bltu	x24,x10,80000660	 x24:0x00000008 x10:0x00000012
       11485000	      1147	00000000	00000013	addi	x0,x0,0	  x0:0x00000000
       11495000	      1148	8000065c	00000013	addi	x0,x0,0	  x0:0x00000000
       11505000	      1149	80000660	8f1e7c93	andi	x25,x28,-1807	 x28:0x00000014 x25=0x00000010
       11515000	      1150	80000664	01b671b3	and	x3,x12,x27	 x12:0x80009fc4 x27:0x0000001a  x3=0x00000000
       11525000	      1151	80000668	001c0c13	addi	x24,x24,1	 x24:0x00000008 x24=0x00000009
       11535000	      1152	8000066c	ff600f93	addi	x31,x0,-10	  x0:0x00000000 x31=0xfffffff6
       11545000	      1153	80000670	006c53b3	srl	x7,x24,x6	 x24:0x00000009  x6:0x19bcd67c  x7=0x00000000
       11555000	      1154	80000674	0094a333	slt	x6,x9,x9	  x9:0x00000001  x9:0x00000001  x6=0x00000000
       11565000	      1155	80000678	fec00693	addi	x13,x0,-20	  x0:0x00000000 x13=0xffffffec
       11575000	      1156	8000067c	a81e7313	andi	x6,x28,-1407	 x28:0x00000014  x6=0x00000000
       11585000	      1157	80000680	99bcd317	auipc	x6,0x99bcd	  x6=0x19bcd67c
       11595000	      1158	80000684	ff8f8f93	addi	x31,x31,-8	 x31:0xfffffff6 x31=0xffffffee
       11605000	      1159	80000688	fedfdce3	bge	x31,x13,80000680	 x31:0xffffffee x13:0xffffffec
       11615000	      1160	00000000	00000013	addi	x0,x0,0	  x0:0x00000000
       11625000	      1161	8000067c	00000013	addi	x0,x0,0	  x0:0x00000000
       11635000	      1162	80000680	99bcd317	auipc	x6,0x99bcd	  x6=0x19bcd67c
       11645000	      1163	80000684	ff8f8f93	addi	x31,x31,-8	 x31:0xffffffee x31=0xffffffe6
       11655000	      1164	80000688	fedfdce3	bge	x31,x13,80000680	 x31:0xffffffe6 x13:0xffffffec
       11665000	      1165	8000068c	00762d33	slt	x26,x12,x7	 x12:0x80009fc4  x7:0x00000000 x26=0x00000001
       11675000	      1166	80000690	fcac68e3	bltu	x24,x10,80000660	 x24:0x00000009 x10:0x00000012
       11685000	      1167	00000000	00000013	addi	x0,x0,0	  x0:0x00000000
       11695000	      1168	8000065c	00000013	addi	x0,x0,0	  x0:0x00000000
       11705000	      1169	80000660	8f1e7c93	andi	x25,x28,-1807	 x28:0x00000014 x25=0x00000010
       11715000	      1170	80000664	01b671b3	and	x3,x12,x27	 x12:0x80009fc4 x27:0x0000001a  x3=0x00000000
       11725000	      1171	80000668	001c0c13	addi	x24,x24,1	 x24:0x00000009 x24=0x0000000a
       11735000	      1172	8000066c	ff600f93	addi	x31,x0,-10	  x0:0x00000000 x31=0xfffffff6
       11745000	      1173	80000670	006c53b3	srl	x7,x24,x6	 x24:0x0000000a  x6:0x19bcd67c  x7=0x00000000
       11755000	      1174	80000674	0094a333	slt	x6,x9,x9	  x9:0x00000001  x9:0x00000001  x6=0x00000000
       11765000	      1175	80000678	fec00693	addi	x13,x0,-20	  x0:0x00000000 x13=0xffffffec
       11775000	      1176	8000067c	a81e7313	andi	x6,x28,-1407	 x28:0x00000014  x6=0x00000000
       11785000	      1177	80000680	99bcd317	auipc	x6,0x99bcd	  x6=0x19bcd67c
       11795000	      1178	80000684	ff8f8f93	addi	x31,x31,-8	 x31:0xfffffff6 x31=0xffffffee
       11805000	      1179	80000688	fedfdce3	bge	x31,x13,80000680	 x31:0xffffffee x13:0xffffffec
       11815000	      1180	00000000	00000013	addi	x0,x0,0	  x0:0x00000000
       11825000	      1181	8000067c	00000013	addi	x0,x0,0	  x0:0x00000000
       11835000	      1182	80000680	99bcd317	auipc	x6,0x99bcd	  x6=0x19bcd67c
       11845000	      1183	80000684	ff8f8f93	addi	x31,x31,-8	 x31:0xffffffee x31=0xffffffe6
       11855000	      1184	80000688	fedfdce3	bge	x31,x13,80000680	 x31:0xffffffe6 x13:0xffffffec
       11865000	      1185	8000068c	00762d33	slt	x26,x12,x7	 x12:0x80009fc4  x7:0x00000000 x26=0x00000001
       11875000	      1186	80000690	fcac68e3	bltu	x24,x10,80000660	 x24:0x0000000a x10:0x00000012
       11885000	      1187	00000000	00000013	addi	x0,x0,0	  x0:0x00000000
       11895000	      1188	8000065c	00000013	addi	x0,x0,0	  x0:0x00000000
       11905000	      1189	80000660	8f1e7c93	andi	x25,x28,-1807	 x28:0x00000014 x25=0x00000010
       11915000	      1190	80000664	01b671b3	and	x3,x12,x27	 x12:0x80009fc4 x27:0x0000001a  x3=0x00000000
       11925000	      1191	80000668	001c0c13	addi	x24,x24,1	 x24:0x0000000a x24=0x0000000b
       11935000	      1192	8000066c	ff600f93	addi	x31,x0,-10	  x0:0x00000000 x31=0xfffffff6
       11945000	      1193	80000670	006c53b3	srl	x7,x24,x6	 x24:0x0000000b  x6:0x19bcd67c  x7=0x00000000
       11955000	      1194	80000674	0094a333	slt	x6,x9,x9	  x9:0x00000001  x9:0x00000001  x6=0x00000000
       11965000	      1195	80000678	fec00693	addi	x13,x0,-20	  x0:0x00000000 x13=0xffffffec
       11975000	      1196	8000067c	a81e7313	andi	x6,x28,-1407	 x28:0x00000014  x6=0x00000000
       11985000	      1197	80000680	99bcd317	auipc	x6,0x99bcd	  x6=0x19bcd67c
       11995000	      1198	80000684	ff8f8f93	addi	x31,x31,-8	 x31:0xfffffff6 x31=0xffffffee
       12005000	      1199	80000688	fedfdce3	bge	x31,x13,80000680	 x31:0xffffffee x13:0xffffffec
       12015000	      1200	00000000	00000013	addi	x0,x0,0	  x0:0x00000000
       12025000	      1201	8000067c	00000013	addi	x0,x0,0	  x0:0x00000000
       12035000	      1202	80000680	99bcd317	auipc	x6,0x99bcd	  x6=0x19bcd67c
       12045000	      1203	80000684	ff8f8f93	addi	x31,x31,-8	 x31:0xffffffee x31=0xffffffe6
       12055000	      1204	80000688	fedfdce3	bge	x31,x13,80000680	 x31:0xffffffe6 x13:0xffffffec
       12065000	      1205	8000068c	00762d33	slt	x26,x12,x7	 x12:0x80009fc4  x7:0x00000000 x26=0x00000001
       12075000	      1206	80000690	fcac68e3	bltu	x24,x10,80000660	 x24:0x0000000b x10:0x00000012
       12085000	      1207	00000000	00000013	addi	x0,x0,0	  x0:0x00000000
       12095000	      1208	8000065c	00000013	addi	x0,x0,0	  x0:0x00000000
       12105000	      1209	80000660	8f1e7c93	andi	x25,x28,-1807	 x28:0x00000014 x25=0x00000010
       12115000	      1210	80000664	01b671b3	and	x3,x12,x27	 x12:0x80009fc4 x27:0x0000001a  x3=0x00000000
       12125000	      1211	80000668	001c0c13	addi	x24,x24,1	 x24:0x0000000b x24=0x0000000c
       12135000	      1212	8000066c	ff600f93	addi	x31,x0,-10	  x0:0x00000000 x31=0xfffffff6
       12145000	      1213	80000670	006c53b3	srl	x7,x24,x6	 x24:0x0000000c  x6:0x19bcd67c  x7=0x00000000
       12155000	      1214	80000674	0094a333	slt	x6,x9,x9	  x9:0x00000001  x9:0x00000001  x6=0x00000000
       12165000	      1215	80000678	fec00693	addi	x13,x0,-20	  x0:0x00000000 x13=0xffffffec
       12175000	      1216	8000067c	a81e7313	andi	x6,x28,-1407	 x28:0x00000014  x6=0x00000000
       12185000	      1217	80000680	99bcd317	auipc	x6,0x99bcd	  x6=0x19bcd67c
       12195000	      1218	80000684	ff8f8f93	addi	x31,x31,-8	 x31:0xfffffff6 x31=0xffffffee
       12205000	      1219	80000688	fedfdce3	bge	x31,x13,80000680	 x31:0xffffffee x13:0xffffffec
       12215000	      1220	00000000	00000013	addi	x0,x0,0	  x0:0x00000000
       12225000	      1221	8000067c	00000013	addi	x0,x0,0	  x0:0x00000000
       12235000	      1222	80000680	99bcd317	auipc	x6,0x99bcd	  x6=0x19bcd67c
       12245000	      1223	80000684	ff8f8f93	addi	x31,x31,-8	 x31:0xffffffee x31=0xffffffe6
       12255000	      1224	80000688	fedfdce3	bge	x31,x13,80000680	 x31:0xffffffe6 x13:0xffffffec
       12265000	      1225	8000068c	00762d33	slt	x26,x12,x7	 x12:0x80009fc4  x7:0x00000000 x26=0x00000001
       12275000	      1226	80000690	fcac68e3	bltu	x24,x10,80000660	 x24:0x0000000c x10:0x00000012
       12285000	      1227	00000000	00000013	addi	x0,x0,0	  x0:0x00000000
       12295000	      1228	8000065c	00000013	addi	x0,x0,0	  x0:0x00000000
       12305000	      1229	80000660	8f1e7c93	andi	x25,x28,-1807	 x28:0x00000014 x25=0x00000010
       12315000	      1230	80000664	01b671b3	and	x3,x12,x27	 x12:0x80009fc4 x27:0x0000001a  x3=0x00000000
       12325000	      1231	80000668	001c0c13	addi	x24,x24,1	 x24:0x0000000c x24=0x0000000d
       12335000	      1232	8000066c	ff600f93	addi	x31,x0,-10	  x0:0x00000000 x31=0xfffffff6
       12345000	      1233	80000670	006c53b3	srl	x7,x24,x6	 x24:0x0000000d  x6:0x19bcd67c  x7=0x00000000
       12355000	      1234	80000674	0094a333	slt	x6,x9,x9	  x9:0x00000001  x9:0x00000001  x6=0x00000000
       12365000	      1235	80000678	fec00693	addi	x13,x0,-20	  x0:0x00000000 x13=0xffffffec
       12375000	      1236	8000067c	a81e7313	andi	x6,x28,-1407	 x28:0x00000014  x6=0x00000000
       12385000	      1237	80000680	99bcd317	auipc	x6,0x99bcd	  x6=0x19bcd67c
       12395000	      1238	80000684	ff8f8f93	addi	x31,x31,-8	 x31:0xfffffff6 x31=0xffffffee
       12405000	      1239	80000688	fedfdce3	bge	x31,x13,80000680	 x31:0xffffffee x13:0xffffffec
       12415000	      1240	00000000	00000013	addi	x0,x0,0	  x0:0x00000000
       12425000	      1241	8000067c	00000013	addi	x0,x0,0	  x0:0x00000000
       12435000	      1242	80000680	99bcd317	auipc	x6,0x99bcd	  x6=0x19bcd67c
       12445000	      1243	80000684	ff8f8f93	addi	x31,x31,-8	 x31:0xffffffee x31=0xffffffe6
       12455000	      1244	80000688	fedfdce3	bge	x31,x13,80000680	 x31:0xffffffe6 x13:0xffffffec
       12465000	      1245	8000068c	00762d33	slt	x26,x12,x7	 x12:0x80009fc4  x7:0x00000000 x26=0x00000001
       12475000	      1246	80000690	fcac68e3	bltu	x24,x10,80000660	 x24:0x0000000d x10:0x00000012
       12485000	      1247	00000000	00000013	addi	x0,x0,0	  x0:0x00000000
       12495000	      1248	8000065c	00000013	addi	x0,x0,0	  x0:0x00000000
       12505000	      1249	80000660	8f1e7c93	andi	x25,x28,-1807	 x28:0x00000014 x25=0x00000010
       12515000	      1250	80000664	01b671b3	and	x3,x12,x27	 x12:0x80009fc4 x27:0x0000001a  x3=0x00000000
       12525000	      1251	80000668	001c0c13	addi	x24,x24,1	 x24:0x0000000d x24=0x0000000e
       12535000	      1252	8000066c	ff600f93	addi	x31,x0,-10	  x0:0x00000000 x31=0xfffffff6
       12545000	      1253	80000670	006c53b3	srl	x7,x24,x6	 x24:0x0000000e  x6:0x19bcd67c  x7=0x00000000
       12555000	      1254	80000674	0094a333	slt	x6,x9,x9	  x9:0x00000001  x9:0x00000001  x6=0x00000000
       12565000	      1255	80000678	fec00693	addi	x13,x0,-20	  x0:0x00000000 x13=0xffffffec
       12575000	      1256	8000067c	a81e7313	andi	x6,x28,-1407	 x28:0x00000014  x6=0x00000000
       12585000	      1257	80000680	99bcd317	auipc	x6,0x99bcd	  x6=0x19bcd67c
       12595000	      1258	80000684	ff8f8f93	addi	x31,x31,-8	 x31:0xfffffff6 x31=0xffffffee
       12605000	      1259	80000688	fedfdce3	bge	x31,x13,80000680	 x31:0xffffffee x13:0xffffffec
       12615000	      1260	00000000	00000013	addi	x0,x0,0	  x0:0x00000000
       12625000	      1261	8000067c	00000013	addi	x0,x0,0	  x0:0x00000000
       12635000	      1262	80000680	99bcd317	auipc	x6,0x99bcd	  x6=0x19bcd67c
       12645000	      1263	80000684	ff8f8f93	addi	x31,x31,-8	 x31:0xffffffee x31=0xffffffe6
       12655000	      1264	80000688	fedfdce3	bge	x31,x13,80000680	 x31:0xffffffe6 x13:0xffffffec
       12665000	      1265	8000068c	00762d33	slt	x26,x12,x7	 x12:0x80009fc4  x7:0x00000000 x26=0x00000001
       12675000	      1266	80000690	fcac68e3	bltu	x24,x10,80000660	 x24:0x0000000e x10:0x00000012
       12685000	      1267	00000000	00000013	addi	x0,x0,0	  x0:0x00000000
       12695000	      1268	8000065c	00000013	addi	x0,x0,0	  x0:0x00000000
       12705000	      1269	80000660	8f1e7c93	andi	x25,x28,-1807	 x28:0x00000014 x25=0x00000010
       12715000	      1270	80000664	01b671b3	and	x3,x12,x27	 x12:0x80009fc4 x27:0x0000001a  x3=0x00000000
       12725000	      1271	80000668	001c0c13	addi	x24,x24,1	 x24:0x0000000e x24=0x0000000f
       12735000	      1272	8000066c	ff600f93	addi	x31,x0,-10	  x0:0x00000000 x31=0xfffffff6
       12745000	      1273	80000670	006c53b3	srl	x7,x24,x6	 x24:0x0000000f  x6:0x19bcd67c  x7=0x00000000
       12755000	      1274	80000674	0094a333	slt	x6,x9,x9	  x9:0x00000001  x9:0x00000001  x6=0x00000000
       12765000	      1275	80000678	fec00693	addi	x13,x0,-20	  x0:0x00000000 x13=0xffffffec
       12775000	      1276	8000067c	a81e7313	andi	x6,x28,-1407	 x28:0x00000014  x6=0x00000000
       12785000	      1277	80000680	99bcd317	auipc	x6,0x99bcd	  x6=0x19bcd67c
       12795000	      1278	80000684	ff8f8f93	addi	x31,x31,-8	 x31:0xfffffff6 x31=0xffffffee
       12805000	      1279	80000688	fedfdce3	bge	x31,x13,80000680	 x31:0xffffffee x13:0xffffffec
       12815000	      1280	00000000	00000013	addi	x0,x0,0	  x0:0x00000000
       12825000	      1281	8000067c	00000013	addi	x0,x0,0	  x0:0x00000000
       12835000	      1282	80000680	99bcd317	auipc	x6,0x99bcd	  x6=0x19bcd67c
       12845000	      1283	80000684	ff8f8f93	addi	x31,x31,-8	 x31:0xffffffee x31=0xffffffe6
       12855000	      1284	80000688	fedfdce3	bge	x31,x13,80000680	 x31:0xffffffe6 x13:0xffffffec
       12865000	      1285	8000068c	00762d33	slt	x26,x12,x7	 x12:0x80009fc4  x7:0x00000000 x26=0x00000001
       12875000	      1286	80000690	fcac68e3	bltu	x24,x10,80000660	 x24:0x0000000f x10:0x00000012
       12885000	      1287	00000000	00000013	addi	x0,x0,0	  x0:0x00000000
       12895000	      1288	8000065c	00000013	addi	x0,x0,0	  x0:0x00000000
       12905000	      1289	80000660	8f1e7c93	andi	x25,x28,-1807	 x28:0x00000014 x25=0x00000010
       12915000	      1290	80000664	01b671b3	and	x3,x12,x27	 x12:0x80009fc4 x27:0x0000001a  x3=0x00000000
       12925000	      1291	80000668	001c0c13	addi	x24,x24,1	 x24:0x0000000f x24=0x00000010
       12935000	      1292	8000066c	ff600f93	addi	x31,x0,-10	  x0:0x00000000 x31=0xfffffff6
       12945000	      1293	80000670	006c53b3	srl	x7,x24,x6	 x24:0x00000010  x6:0x19bcd67c  x7=0x00000000
       12955000	      1294	80000674	0094a333	slt	x6,x9,x9	  x9:0x00000001  x9:0x00000001  x6=0x00000000
       12965000	      1295	80000678	fec00693	addi	x13,x0,-20	  x0:0x00000000 x13=0xffffffec
       12975000	      1296	8000067c	a81e7313	andi	x6,x28,-1407	 x28:0x00000014  x6=0x00000000
       12985000	      1297	80000680	99bcd317	auipc	x6,0x99bcd	  x6=0x19bcd67c
       12995000	      1298	80000684	ff8f8f93	addi	x31,x31,-8	 x31:0xfffffff6 x31=0xffffffee
       13005000	      1299	80000688	fedfdce3	bge	x31,x13,80000680	 x31:0xffffffee x13:0xffffffec
       13015000	      1300	00000000	00000013	addi	x0,x0,0	  x0:0x00000000
       13025000	      1301	8000067c	00000013	addi	x0,x0,0	  x0:0x00000000
       13035000	      1302	80000680	99bcd317	auipc	x6,0x99bcd	  x6=0x19bcd67c
       13045000	      1303	80000684	ff8f8f93	addi	x31,x31,-8	 x31:0xffffffee x31=0xffffffe6
       13055000	      1304	80000688	fedfdce3	bge	x31,x13,80000680	 x31:0xffffffe6 x13:0xffffffec
       13065000	      1305	8000068c	00762d33	slt	x26,x12,x7	 x12:0x80009fc4  x7:0x00000000 x26=0x00000001
       13075000	      1306	80000690	fcac68e3	bltu	x24,x10,80000660	 x24:0x00000010 x10:0x00000012
       13085000	      1307	00000000	00000013	addi	x0,x0,0	  x0:0x00000000
       13095000	      1308	8000065c	00000013	addi	x0,x0,0	  x0:0x00000000
       13105000	      1309	80000660	8f1e7c93	andi	x25,x28,-1807	 x28:0x00000014 x25=0x00000010
       13115000	      1310	80000664	01b671b3	and	x3,x12,x27	 x12:0x80009fc4 x27:0x0000001a  x3=0x00000000
       13125000	      1311	80000668	001c0c13	addi	x24,x24,1	 x24:0x00000010 x24=0x00000011
       13135000	      1312	8000066c	ff600f93	addi	x31,x0,-10	  x0:0x00000000 x31=0xfffffff6
       13145000	      1313	80000670	006c53b3	srl	x7,x24,x6	 x24:0x00000011  x6:0x19bcd67c  x7=0x00000000
       13155000	      1314	80000674	0094a333	slt	x6,x9,x9	  x9:0x00000001  x9:0x00000001  x6=0x00000000
       13165000	      1315	80000678	fec00693	addi	x13,x0,-20	  x0:0x00000000 x13=0xffffffec
       13175000	      1316	8000067c	a81e7313	andi	x6,x28,-1407	 x28:0x00000014  x6=0x00000000
       13185000	      1317	80000680	99bcd317	auipc	x6,0x99bcd	  x6=0x19bcd67c
       13195000	      1318	80000684	ff8f8f93	addi	x31,x31,-8	 x31:0xfffffff6 x31=0xffffffee
       13205000	      1319	80000688	fedfdce3	bge	x31,x13,80000680	 x31:0xffffffee x13:0xffffffec
       13215000	      1320	00000000	00000013	addi	x0,x0,0	  x0:0x00000000
       13225000	      1321	8000067c	00000013	addi	x0,x0,0	  x0:0x00000000
       13235000	      1322	80000680	99bcd317	auipc	x6,0x99bcd	  x6=0x19bcd67c
       13245000	      1323	80000684	ff8f8f93	addi	x31,x31,-8	 x31:0xffffffee x31=0xffffffe6
       13255000	      1324	80000688	fedfdce3	bge	x31,x13,80000680	 x31:0xffffffe6 x13:0xffffffec
       13265000	      1325	8000068c	00762d33	slt	x26,x12,x7	 x12:0x80009fc4  x7:0x00000000 x26=0x00000001
       13275000	      1326	80000690	fcac68e3	bltu	x24,x10,80000660	 x24:0x00000011 x10:0x00000012
       13285000	      1327	00000000	00000013	addi	x0,x0,0	  x0:0x00000000
       13295000	      1328	8000065c	00000013	addi	x0,x0,0	  x0:0x00000000
       13305000	      1329	80000660	8f1e7c93	andi	x25,x28,-1807	 x28:0x00000014 x25=0x00000010
       13315000	      1330	80000664	01b671b3	and	x3,x12,x27	 x12:0x80009fc4 x27:0x0000001a  x3=0x00000000
       13325000	      1331	80000668	001c0c13	addi	x24,x24,1	 x24:0x00000011 x24=0x00000012
       13335000	      1332	8000066c	ff600f93	addi	x31,x0,-10	  x0:0x00000000 x31=0xfffffff6
       13345000	      1333	80000670	006c53b3	srl	x7,x24,x6	 x24:0x00000012  x6:0x19bcd67c  x7=0x00000000
       13355000	      1334	80000674	0094a333	slt	x6,x9,x9	  x9:0x00000001  x9:0x00000001  x6=0x00000000
       13365000	      1335	80000678	fec00693	addi	x13,x0,-20	  x0:0x00000000 x13=0xffffffec
       13375000	      1336	8000067c	a81e7313	andi	x6,x28,-1407	 x28:0x00000014  x6=0x00000000
       13385000	      1337	80000680	99bcd317	auipc	x6,0x99bcd	  x6=0x19bcd67c
       13395000	      1338	80000684	ff8f8f93	addi	x31,x31,-8	 x31:0xfffffff6 x31=0xffffffee
       13405000	      1339	80000688	fedfdce3	bge	x31,x13,80000680	 x31:0xffffffee x13:0xffffffec
       13415000	      1340	00000000	00000013	addi	x0,x0,0	  x0:0x00000000
       13425000	      1341	8000067c	00000013	addi	x0,x0,0	  x0:0x00000000
       13435000	      1342	80000680	99bcd317	auipc	x6,0x99bcd	  x6=0x19bcd67c
       13445000	      1343	80000684	ff8f8f93	addi	x31,x31,-8	 x31:0xffffffee x31=0xffffffe6
       13455000	      1344	80000688	fedfdce3	bge	x31,x13,80000680	 x31:0xffffffe6 x13:0xffffffec
       13465000	      1345	8000068c	00762d33	slt	x26,x12,x7	 x12:0x80009fc4  x7:0x00000000 x26=0x00000001
       13475000	      1346	80000690	fcac68e3	bltu	x24,x10,80000660	 x24:0x00000012 x10:0x00000012
       13485000	      1347	80000694	418fd413	srai	x8,x31,0x18	 x31:0xffffffe6  x8=0xffffffff
       13495000	      1348	80000698	00300713	addi	x14,x0,3	  x0:0x00000000 x14=0x00000003
       13505000	      1349	8000069c	00300d13	addi	x26,x0,3	  x0:0x00000000 x26=0x00000003
       13515000	      1350	800006a0	e2955237	lui	x4,0xe2955	  x4=0xe2955000
       13525000	      1351	800006a4	00034eb3	xor	x29,x6,x0	  x6:0x19bcd67c  x0:0x00000000 x29=0x19bcd67c
       13535000	      1352	800006a8	ffe70713	addi	x14,x14,-2	 x14:0x00000003 x14=0x00000001
       13545000	      1353	800006ac	00600b13	addi	x22,x0,6	  x0:0x00000000 x22=0x00000006
       13555000	      1354	800006b0	00500413	addi	x8,x0,5	  x0:0x00000000  x8=0x00000005
       13565000	      1355	800006b4	121b8893	addi	x17,x23,289	 x23:0x0000019c x17=0x000002bd
       13575000	      1356	800006b8	5a857513	andi	x10,x10,1448	 x10:0x00000012 x10=0x00000000
       13585000	      1357	800006bc	77d38a93	addi	x21,x7,1917	  x7:0x00000000 x21=0x0000077d
       13595000	      1358	800006c0	fffb0b13	addi	x22,x22,-1	 x22:0x00000006 x22=0x00000005
       13605000	      1359	800006c4	416b08b3	sub	x17,x22,x22	 x22:0x00000005 x22:0x00000005 x17=0x00000000
       13615000	      1360	800006c8	fe8b78e3	bgeu	x22,x8,800006b8	 x22:0x00000005  x8:0x00000005
       13625000	      1361	00000000	00000013	addi	x0,x0,0	  x0:0x00000000
       13635000	      1362	800006b4	00000013	addi	x0,x0,0	  x0:0x00000000
       13645000	      1363	800006b8	5a857513	andi	x10,x10,1448	 x10:0x00000000 x10=0x00000000
       13655000	      1364	800006bc	77d38a93	addi	x21,x7,1917	  x7:0x00000000 x21=0x0000077d
       13665000	      1365	800006c0	fffb0b13	addi	x22,x22,-1	 x22:0x00000005 x22=0x00000004
       13675000	      1366	800006c4	416b08b3	sub	x17,x22,x22	 x22:0x00000004 x22:0x00000004 x17=0x00000000
       13685000	      1367	800006c8	fe8b78e3	bgeu	x22,x8,800006b8	 x22:0x00000004  x8:0x00000005
       13695000	      1368	800006cc	01efe9b3	or	x19,x31,x30	 x31:0xffffffe6 x30:0x00000013 x19=0xfffffff7
       13705000	      1369	800006d0	fda778e3	bgeu	x14,x26,800006a0	 x14:0x00000001 x26:0x00000003
       13715000	      1370	800006d4	41de8fb3	sub	x31,x29,x29	 x29:0x19bcd67c x29:0x19bcd67c x31=0x00000000
       13725000	      1371	800006d8	fff00a93	addi	x21,x0,-1	  x0:0x00000000 x21=0xffffffff
       13735000	      1372	800006dc	01e04c33	xor	x24,x0,x30	  x0:0x00000000 x30:0x00000013 x24=0x00000013
       13745000	      1373	800006e0	408606b3	sub	x13,x12,x8	 x12:0x80009fc4  x8:0x00000005 x13=0x80009fbf
       13755000	      1374	800006e4	fed00213	addi	x4,x0,-19	  x0:0x00000000  x4=0xffffffed
       13765000	      1375	800006e8	9f846493	ori	x9,x8,-1544	  x8:0x00000005  x9=0xfffff9fd
       13775000	      1376	800006ec	00748c33	add	x24,x9,x7	  x9:0xfffff9fd  x7:0x00000000 x24=0xfffff9fd
       13785000	      1377	800006f0	ff7a8a93	addi	x21,x21,-9	 x21:0xffffffff x21=0xfffffff6
       13795000	      1378	800006f4	2f98b313	sltiu	x6,x17,761	 x17:0x00000000  x6=0x00000001
       13805000	      1379	800006f8	018f03b3	add	x7,x30,x24	 x30:0x00000013 x24:0xfffff9fd  x7=0xfffffa10
       13815000	      1380	800006fc	01a61493	slli	x9,x12,0x1a	 x12:0x80009fc4  x9=0x10000000
       13825000	      1381	80000700	0114cd33	xor	x26,x9,x17	  x9:0x10000000 x17:0x00000000 x26=0x10000000
       13835000	      1382	80000704	56f48713	addi	x14,x9,1391	  x9:0x10000000 x14=0x1000056f
       13845000	      1383	80000708	d3890917	auipc	x18,0xd3890	 x18=0x53890704
       13855000	      1384	8000070c	4168df93	srai	x31,x17,0x16	 x17:0x00000000 x31=0x00000000
       13865000	      1385	80000710	419804b3	sub	x9,x16,x25	 x16:0x00000007 x25:0x00000010  x9=0xfffffff7
       13875000	      1386	80000714	00ae1b13	slli	x22,x28,0xa	 x28:0x00000014 x22=0x00005000
       13885000	      1387	80000718	012bfdb3	and	x27,x23,x18	 x23:0x0000019c x18:0x53890704 x27=0x00000104
       13895000	      1388	8000071c	015c3033	sltu	x0,x24,x21	 x24:0xfffff9fd x21:0xfffffff6
       13905000	      1389	80000720	00000013	addi	x0,x0,0	  x0:0x00000000
       13915000	      1390	80000724	00ae13b3	sll	x7,x28,x10	 x28:0x00000014 x10:0x00000000  x7=0x00000014
       13925000	      1391	80000728	26e9bb13	sltiu	x22,x19,622	 x19:0xfffffff7 x22=0x00000000
       13935000	      1392	8000072c	01168fb3	add	x31,x13,x17	 x13:0x80009fbf x17:0x00000000 x31=0x80009fbf
       13945000	      1393	80000730	574df913	andi	x18,x27,1396	 x27:0x00000104 x18=0x00000104
       13955000	      1394	80000734	ec4c0893	addi	x17,x24,-316	 x24:0xfffff9fd x17=0xfffff8c1
       13965000	      1395	80000738	fa4a9ae3	bne	x21,x4,800006ec	 x21:0xfffffff6  x4:0xffffffed
       13975000	      1396	00000000	00000013	addi	x0,x0,0	  x0:0x00000000
       13985000	      1397	800006e8	00000013	addi	x0,x0,0	  x0:0x00000000
       13995000	      1398	800006ec	00748c33	add	x24,x9,x7	  x9:0xfffffff7  x7:0x00000014 x24=0x0000000b
       14005000	      1399	800006f0	ff7a8a93	addi	x21,x21,-9	 x21:0xfffffff6 x21=0xffffffed
       14015000	      1400	800006f4	2f98b313	sltiu	x6,x17,761	 x17:0xfffff8c1  x6=0x00000000
       14025000	      1401	800006f8	018f03b3	add	x7,x30,x24	 x30:0x00000013 x24:0x0000000b  x7=0x0000001e
       14035000	      1402	800006fc	01a61493	slli	x9,x12,0x1a	 x12:0x80009fc4  x9=0x10000000
       14045000	      1403	80000700	0114cd33	xor	x26,x9,x17	  x9:0x10000000 x17:0xfffff8c1 x26=0xeffff8c1
       14055000	      1404	80000704	56f48713	addi	x14,x9,1391	  x9:0x10000000 x14=0x1000056f
       14065000	      1405	80000708	d3890917	auipc	x18,0xd3890	 x18=0x53890704
       14075000	      1406	8000070c	4168df93	srai	x31,x17,0x16	 x17:0xfffff8c1 x31=0xffffffff
       14085000	      1407	80000710	419804b3	sub	x9,x16,x25	 x16:0x00000007 x25:0x00000010  x9=0xfffffff7
       14095000	      1408	80000714	00ae1b13	slli	x22,x28,0xa	 x28:0x00000014 x22=0x00005000
       14105000	      1409	80000718	012bfdb3	and	x27,x23,x18	 x23:0x0000019c x18:0x53890704 x27=0x00000104
       14115000	      1410	8000071c	015c3033	sltu	x0,x24,x21	 x24:0x0000000b x21:0xffffffed
       14125000	      1411	80000720	00000013	addi	x0,x0,0	  x0:0x00000000
       14135000	      1412	80000724	00ae13b3	sll	x7,x28,x10	 x28:0x00000014 x10:0x00000000  x7=0x00000014
       14145000	      1413	80000728	26e9bb13	sltiu	x22,x19,622	 x19:0xfffffff7 x22=0x00000000
       14155000	      1414	8000072c	01168fb3	add	x31,x13,x17	 x13:0x80009fbf x17:0xfffff8c1 x31=0x80009880
       14165000	      1415	80000730	574df913	andi	x18,x27,1396	 x27:0x00000104 x18=0x00000104
       14175000	      1416	80000734	ec4c0893	addi	x17,x24,-316	 x24:0x0000000b x17=0xfffffecf
       14185000	      1417	80000738	fa4a9ae3	bne	x21,x4,800006ec	 x21:0xffffffed  x4:0xffffffed
       14195000	      1418	8000073c	00c9fcb3	and	x25,x19,x12	 x19:0xfffffff7 x12:0x80009fc4 x25=0x80009fc4
       14205000	      1419	80000740	ff800113	addi	x2,x0,-8	  x0:0x00000000  x2=0xfffffff8
       14215000	      1420	80000744	0007cfb3	xor	x31,x15,x0	 x15:0x80009f84  x0:0x00000000 x31=0x80009f84
       14225000	      1421	80000748	fef00193	addi	x3,x0,-17	  x0:0x00000000  x3=0xffffffef
       14235000	      1422	8000074c	3556a493	slti	x9,x13,853	 x13:0x80009fbf  x9=0x00000001
       14245000	      1423	80000750	162c4413	xori	x8,x24,354	 x24:0x0000000b  x8=0x00000169
       14255000	      1424	80000754	00b6a733	slt	x14,x13,x11	 x13:0x80009fbf x11:0xff879000 x14=0x00000001
       14265000	      1425	80000758	40d504b3	sub	x9,x10,x13	 x10:0x00000000 x13:0x80009fbf  x9=0x7fff6041
       14275000	      1426	8000075c	01e758b3	srl	x17,x14,x30	 x14:0x00000001 x30:0x00000013 x17=0x00000000
       14285000	      1427	80000760	ff710113	addi	x2,x2,-9	  x2:0xfffffff8  x2=0xffffffef
       14295000	      1428	80000764	40b4d593	srai	x11,x9,0xb	  x9:0x7fff6041 x11=0x000fffec
       14305000	      1429	80000768	fe3114e3	bne	x2,x3,80000750	  x2:0xffffffef  x3:0xffffffef
       14315000	      1430	8000076c	416adc33	sra	x24,x21,x22	 x21:0xffffffed x22:0x00000000 x24=0xffffffed
       14325000	      1431	80000770	00900493	addi	x9,x0,9	  x0:0x00000000  x9=0x00000009
       14335000	      1432	80000774	00000013	addi	x0,x0,0	  x0:0x00000000
       14345000	      1433	80000778	8070c9b7	lui	x19,0x8070c	 x19=0x8070c000
       14355000	      1434	8000077c	0123cbb3	xor	x23,x7,x18	  x7:0x00000014 x18:0x00000104 x23=0x00000110
       14365000	      1435	80000780	ff100693	addi	x13,x0,-15	  x0:0x00000000 x13=0xfffffff1
       14375000	      1436	80000784	02513f93	sltiu	x31,x2,37	  x2:0xffffffef x31=0x00000000
       14385000	      1437	80000788	b64a3393	sltiu	x7,x20,-1180	 x20:0x00000000  x7=0x00000001
       14395000	      1438	8000078c	00000013	addi	x0,x0,0	  x0:0x00000000
       14405000	      1439	80000790	0158f033	and	x0,x17,x21	 x17:0x00000000 x21:0xffffffed
       14415000	      1440	80000794	17a44513	xori	x10,x8,378	  x8:0x00000169 x10=0x00000013
       14425000	      1441	80000798	ffa48493	addi	x9,x9,-6	  x9:0x00000009  x9=0x00000003
       14435000	      1442	8000079c	001282b3	add	x5,x5,x1	  x5:0x00000000  x1:0x0c03835b  x5=0x0c03835b
       14445000	      1443	800007a0	01b63933	sltu	x18,x12,x27	 x12:0x80009fc4 x27:0x00000104 x18=0x00000000
       14455000	      1444	800007a4	0157e833	or	x16,x15,x21	 x15:0x80009f84 x21:0xffffffed x16=0xffffffed
       14465000	      1445	800007a8	ffd00413	addi	x8,x0,-3	  x0:0x00000000  x8=0xfffffffd
       14475000	      1446	800007ac	f4a03d13	sltiu	x26,x0,-182	  x0:0x00000000 x26=0x00000001
       14485000	      1447	800007b0	01a2bbb3	sltu	x23,x5,x26	  x5:0x0c03835b x26:0x00000001 x23=0x00000000
       14495000	      1448	800007b4	00700213	addi	x4,x0,7	  x0:0x00000000  x4=0x00000007
       14505000	      1449	800007b8	614ce113	ori	x2,x25,1556	 x25:0x80009fc4  x2=0x80009fd4
       14515000	      1450	800007bc	7bbdf113	andi	x2,x27,1979	 x27:0x00000104  x2=0x00000100
       14525000	      1451	800007c0	df798d37	lui	x26,0xdf798	 x26=0xdf798000
       14535000	      1452	800007c4	00a40413	addi	x8,x8,10	  x8:0xfffffffd  x8=0x00000007
       14545000	      1453	800007c8	40b4dcb3	sra	x25,x9,x11	  x9:0x00000003 x11:0x000fffec x25=0x00000000
       14555000	      1454	800007cc	fe4408e3	beq	x8,x4,800007bc	  x8:0x00000007  x4:0x00000007
       14565000	      1455	00000000	00000013	addi	x0,x0,0	  x0:0x00000000
       14575000	      1456	800007b8	00000013	addi	x0,x0,0	  x0:0x00000000
       14585000	      1457	800007bc	7bbdf113	andi	x2,x27,1979	 x27:0x00000104  x2=0x00000100
       14595000	      1458	800007c0	df798d37	lui	x26,0xdf798	 x26=0xdf798000
       14605000	      1459	800007c4	00a40413	addi	x8,x8,10	  x8:0x00000007  x8=0x00000011
       14615000	      1460	800007c8	40b4dcb3	sra	x25,x9,x11	  x9:0x00000003 x11:0x000fffec x25=0x00000000
       14625000	      1461	800007cc	fe4408e3	beq	x8,x4,800007bc	  x8:0x00000011  x4:0x00000007
       14635000	      1462	800007d0	dad18713	addi	x14,x3,-595	  x3:0xffffffef x14=0xfffffd9c
       14645000	      1463	800007d4	00000013	addi	x0,x0,0	  x0:0x00000000
       14655000	      1464	800007d8	00d609b3	add	x19,x12,x13	 x12:0x80009fc4 x13:0xfffffff1 x19=0x80009fb5
       14665000	      1465	800007dc	fad49ae3	bne	x9,x13,80000790	  x9:0x00000003 x13:0xfffffff1
       14675000	      1466	00000000	00000013	addi	x0,x0,0	  x0:0x00000000
       14685000	      1467	8000078c	00000013	addi	x0,x0,0	  x0:0x00000000
       14695000	      1468	80000790	0158f033	and	x0,x17,x21	 x17:0x00000000 x21:0xffffffed
       14705000	      1469	80000794	17a44513	xori	x10,x8,378	  x8:0x00000011 x10=0x0000016b
       14715000	      1470	80000798	ffa48493	addi	x9,x9,-6	  x9:0x00000003  x9=0xfffffffd
       14725000	      1471	8000079c	001282b3	add	x5,x5,x1	  x5:0x0c03835b  x1:0x0c03835b  x5=0x180706b6
       14735000	      1472	800007a0	01b63933	sltu	x18,x12,x27	 x12:0x80009fc4 x27:0x00000104 x18=0x00000000
       14745000	      1473	800007a4	0157e833	or	x16,x15,x21	 x15:0x80009f84 x21:0xffffffed x16=0xffffffed
       14755000	      1474	800007a8	ffd00413	addi	x8,x0,-3	  x0:0x00000000  x8=0xfffffffd
       14765000	      1475	800007ac	f4a03d13	sltiu	x26,x0,-182	  x0:0x00000000 x26=0x00000001
       14775000	      1476	800007b0	01a2bbb3	sltu	x23,x5,x26	  x5:0x180706b6 x26:0x00000001 x23=0x00000000
       14785000	      1477	800007b4	00700213	addi	x4,x0,7	  x0:0x00000000  x4=0x00000007
       14795000	      1478	800007b8	614ce113	ori	x2,x25,1556	 x25:0x00000000  x2=0x00000614
       14805000	      1479	800007bc	7bbdf113	andi	x2,x27,1979	 x27:0x00000104  x2=0x00000100
       14815000	      1480	800007c0	df798d37	lui	x26,0xdf798	 x26=0xdf798000
       14825000	      1481	800007c4	00a40413	addi	x8,x8,10	  x8:0xfffffffd  x8=0x00000007
       14835000	      1482	800007c8	40b4dcb3	sra	x25,x9,x11	  x9:0xfffffffd x11:0x000fffec x25=0xffffffff
       14845000	      1483	800007cc	fe4408e3	beq	x8,x4,800007bc	  x8:0x00000007  x4:0x00000007
       14855000	      1484	00000000	00000013	addi	x0,x0,0	  x0:0x00000000
       14865000	      1485	800007b8	00000013	addi	x0,x0,0	  x0:0x00000000
       14875000	      1486	800007bc	7bbdf113	andi	x2,x27,1979	 x27:0x00000104  x2=0x00000100
       14885000	      1487	800007c0	df798d37	lui	x26,0xdf798	 x26=0xdf798000
       14895000	      1488	800007c4	00a40413	addi	x8,x8,10	  x8:0x00000007  x8=0x00000011
       14905000	      1489	800007c8	40b4dcb3	sra	x25,x9,x11	  x9:0xfffffffd x11:0x000fffec x25=0xffffffff
       14915000	      1490	800007cc	fe4408e3	beq	x8,x4,800007bc	  x8:0x00000011  x4:0x00000007
       14925000	      1491	800007d0	dad18713	addi	x14,x3,-595	  x3:0xffffffef x14=0xfffffd9c
       14935000	      1492	800007d4	00000013	addi	x0,x0,0	  x0:0x00000000
       14945000	      1493	800007d8	00d609b3	add	x19,x12,x13	 x12:0x80009fc4 x13:0xfffffff1 x19=0x80009fb5
       14955000	      1494	800007dc	fad49ae3	bne	x9,x13,80000790	  x9:0xfffffffd x13:0xfffffff1
       14965000	      1495	00000000	00000013	addi	x0,x0,0	  x0:0x00000000
       14975000	      1496	8000078c	00000013	addi	x0,x0,0	  x0:0x00000000
       14985000	      1497	80000790	0158f033	and	x0,x17,x21	 x17:0x00000000 x21:0xffffffed
       14995000	      1498	80000794	17a44513	xori	x10,x8,378	  x8:0x00000011 x10=0x0000016b
       15005000	      1499	80000798	ffa48493	addi	x9,x9,-6	  x9:0xfffffffd  x9=0xfffffff7
       15015000	      1500	8000079c	001282b3	add	x5,x5,x1	  x5:0x180706b6  x1:0x0c03835b  x5=0x240a8a11
       15025000	      1501	800007a0	01b63933	sltu	x18,x12,x27	 x12:0x80009fc4 x27:0x00000104 x18=0x00000000
       15035000	      1502	800007a4	0157e833	or	x16,x15,x21	 x15:0x80009f84 x21:0xffffffed x16=0xffffffed
       15045000	      1503	800007a8	ffd00413	addi	x8,x0,-3	  x0:0x00000000  x8=0xfffffffd
       15055000	      1504	800007ac	f4a03d13	sltiu	x26,x0,-182	  x0:0x00000000 x26=0x00000001
       15065000	      1505	800007b0	01a2bbb3	sltu	x23,x5,x26	  x5:0x240a8a11 x26:0x00000001 x23=0x00000000
       15075000	      1506	800007b4	00700213	addi	x4,x0,7	  x0:0x00000000  x4=0x00000007
       15085000	      1507	800007b8	614ce113	ori	x2,x25,1556	 x25:0xffffffff  x2=0xffffffff
       15095000	      1508	800007bc	7bbdf113	andi	x2,x27,1979	 x27:0x00000104  x2=0x00000100
       15105000	      1509	800007c0	df798d37	lui	x26,0xdf798	 x26=0xdf798000
       15115000	      1510	800007c4	00a40413	addi	x8,x8,10	  x8:0xfffffffd  x8=0x00000007
       15125000	      1511	800007c8	40b4dcb3	sra	x25,x9,x11	  x9:0xfffffff7 x11:0x000fffec x25=0xffffffff
       15135000	      1512	800007cc	fe4408e3	beq	x8,x4,800007bc	  x8:0x00000007  x4:0x00000007
       15145000	      1513	00000000	00000013	addi	x0,x0,0	  x0:0x00000000
       15155000	      1514	800007b8	00000013	addi	x0,x0,0	  x0:0x00000000
       15165000	      1515	800007bc	7bbdf113	andi	x2,x27,1979	 x27:0x00000104  x2=0x00000100
       15175000	      1516	800007c0	df798d37	lui	x26,0xdf798	 x26=0xdf798000
       15185000	      1517	800007c4	00a40413	addi	x8,x8,10	  x8:0x00000007  x8=0x00000011
       15195000	      1518	800007c8	40b4dcb3	sra	x25,x9,x11	  x9:0xfffffff7 x11:0x000fffec x25=0xffffffff
       15205000	      1519	800007cc	fe4408e3	beq	x8,x4,800007bc	  x8:0x00000011  x4:0x00000007
       15215000	      1520	800007d0	dad18713	addi	x14,x3,-595	  x3:0xffffffef x14=0xfffffd9c
       15225000	      1521	800007d4	00000013	addi	x0,x0,0	  x0:0x00000000
       15235000	      1522	800007d8	00d609b3	add	x19,x12,x13	 x12:0x80009fc4 x13:0xfffffff1 x19=0x80009fb5
       15245000	      1523	800007dc	fad49ae3	bne	x9,x13,80000790	  x9:0xfffffff7 x13:0xfffffff1
       15255000	      1524	00000000	00000013	addi	x0,x0,0	  x0:0x00000000
       15265000	      1525	8000078c	00000013	addi	x0,x0,0	  x0:0x00000000
       15275000	      1526	80000790	0158f033	and	x0,x17,x21	 x17:0x00000000 x21:0xffffffed
       15285000	      1527	80000794	17a44513	xori	x10,x8,378	  x8:0x00000011 x10=0x0000016b
       15295000	      1528	80000798	ffa48493	addi	x9,x9,-6	  x9:0xfffffff7  x9=0xfffffff1
       15305000	      1529	8000079c	001282b3	add	x5,x5,x1	  x5:0x240a8a11  x1:0x0c03835b  x5=0x300e0d6c
       15315000	      1530	800007a0	01b63933	sltu	x18,x12,x27	 x12:0x80009fc4 x27:0x00000104 x18=0x00000000
       15325000	      1531	800007a4	0157e833	or	x16,x15,x21	 x15:0x80009f84 x21:0xffffffed x16=0xffffffed
       15335000	      1532	800007a8	ffd00413	addi	x8,x0,-3	  x0:0x00000000  x8=0xfffffffd
       15345000	      1533	800007ac	f4a03d13	sltiu	x26,x0,-182	  x0:0x00000000 x26=0x00000001
       15355000	      1534	800007b0	01a2bbb3	sltu	x23,x5,x26	  x5:0x300e0d6c x26:0x00000001 x23=0x00000000
       15365000	      1535	800007b4	00700213	addi	x4,x0,7	  x0:0x00000000  x4=0x00000007
       15375000	      1536	800007b8	614ce113	ori	x2,x25,1556	 x25:0xffffffff  x2=0xffffffff
       15385000	      1537	800007bc	7bbdf113	andi	x2,x27,1979	 x27:0x00000104  x2=0x00000100
       15395000	      1538	800007c0	df798d37	lui	x26,0xdf798	 x26=0xdf798000
       15405000	      1539	800007c4	00a40413	addi	x8,x8,10	  x8:0xfffffffd  x8=0x00000007
       15415000	      1540	800007c8	40b4dcb3	sra	x25,x9,x11	  x9:0xfffffff1 x11:0x000fffec x25=0xffffffff
       15425000	      1541	800007cc	fe4408e3	beq	x8,x4,800007bc	  x8:0x00000007  x4:0x00000007
       15435000	      1542	00000000	00000013	addi	x0,x0,0	  x0:0x00000000
       15445000	      1543	800007b8	00000013	addi	x0,x0,0	  x0:0x00000000
       15455000	      1544	800007bc	7bbdf113	andi	x2,x27,1979	 x27:0x00000104  x2=0x00000100
       15465000	      1545	800007c0	df798d37	lui	x26,0xdf798	 x26=0xdf798000
       15475000	      1546	800007c4	00a40413	addi	x8,x8,10	  x8:0x00000007  x8=0x00000011
       15485000	      1547	800007c8	40b4dcb3	sra	x25,x9,x11	  x9:0xfffffff1 x11:0x000fffec x25=0xffffffff
       15495000	      1548	800007cc	fe4408e3	beq	x8,x4,800007bc	  x8:0x00000011  x4:0x00000007
       15505000	      1549	800007d0	dad18713	addi	x14,x3,-595	  x3:0xffffffef x14=0xfffffd9c
       15515000	      1550	800007d4	00000013	addi	x0,x0,0	  x0:0x00000000
       15525000	      1551	800007d8	00d609b3	add	x19,x12,x13	 x12:0x80009fc4 x13:0xfffffff1 x19=0x80009fb5
       15535000	      1552	800007dc	fad49ae3	bne	x9,x13,80000790	  x9:0xfffffff1 x13:0xfffffff1
       15545000	      1553	800007e0	01fc7e33	and	x28,x24,x31	 x24:0xffffffed x31:0x00000000 x28=0x00000000
       15555000	      1554	800007e4	00900b13	addi	x22,x0,9	  x0:0x00000000 x22=0x00000009
       15565000	      1555	800007e8	007d5d33	srl	x26,x26,x7	 x26:0xdf798000  x7:0x00000001 x26=0x6fbcc000
       15575000	      1556	800007ec	00900893	addi	x17,x0,9	  x0:0x00000000 x17=0x00000009
       15585000	      1557	800007f0	2a0cb993	sltiu	x19,x25,672	 x25:0xffffffff x19=0x00000000
       15595000	      1558	800007f4	00000013	addi	x0,x0,0	  x0:0x00000000
       15605000	      1559	800007f8	00fdaeb3	slt	x29,x27,x15	 x27:0x00000104 x15:0x80009f84 x29=0x00000000
       15615000	      1560	800007fc	ffab0b13	addi	x22,x22,-6	 x22:0x00000009 x22=0x00000003
       15625000	      1561	80000800	00a00d93	addi	x27,x0,10	  x0:0x00000000 x27=0x0000000a
       15635000	      1562	80000804	014292b3	sll	x5,x5,x20	  x5:0x300e0d6c x20:0x00000000  x5=0x300e0d6c
       15645000	      1563	80000808	01cf1013	slli	x0,x30,0x1c	 x30:0x00000013
       15655000	      1564	8000080c	00831413	slli	x8,x6,0x8	  x6:0x00000000  x8=0x00000000
       15665000	      1565	80000810	403f5213	srai	x4,x30,0x3	 x30:0x00000013  x4=0x00000002
       15675000	      1566	80000814	d22ca313	slti	x6,x25,-734	 x25:0xffffffff  x6=0x00000000
       15685000	      1567	80000818	014ef9b3	and	x19,x29,x20	 x29:0x00000000 x20:0x00000000 x19=0x00000000
       15695000	      1568	8000081c	404a5433	sra	x8,x20,x4	 x20:0x00000000  x4:0x00000002  x8=0x00000000
       15705000	      1569	80000820	e383deb7	lui	x29,0xe383d	 x29=0xe383d000
       15715000	      1570	80000824	007b31b3	sltu	x3,x22,x7	 x22:0x00000003  x7:0x00000001  x3=0x00000000
       15725000	      1571	80000828	01100113	addi	x2,x0,17	  x0:0x00000000  x2=0x00000011
       15735000	      1572	8000082c	91322713	slti	x14,x4,-1773	  x4:0x00000002 x14=0x00000000
       15745000	      1573	80000830	007d8d93	addi	x27,x27,7	 x27:0x0000000a x27=0x00000011
       15755000	      1574	80000834	00f12c33	slt	x24,x2,x15	  x2:0x00000011 x15:0x80009f84 x24=0x00000000
       15765000	      1575	80000838	fe2d9ae3	bne	x27,x2,8000082c	 x27:0x00000011  x2:0x00000011
       15775000	      1576	8000083c	00d63c33	sltu	x24,x12,x13	 x12:0x80009fc4 x13:0xfffffff1 x24=0x00000001
       15785000	      1577	80000840	004289b3	add	x19,x5,x4	  x5:0x300e0d6c  x4:0x00000002 x19=0x300e0d6e
       15795000	      1578	80000844	fb1b76e3	bgeu	x22,x17,800007f0	 x22:0x00000003 x17:0x00000009
       15805000	      1579	80000848	01aa60b3	or	x1,x20,x26	 x20:0x00000000 x26:0x6fbcc000  x1=0x6fbcc000
       15815000	      1580	8000084c	015872b3	and	x5,x16,x21	 x16:0xffffffed x21:0xffffffed  x5=0xffffffed
       15825000	      1581	80000850	0158de33	srl	x28,x17,x21	 x17:0x00000009 x21:0xffffffed x28=0x00000000
       15835000	      1582	80000854	40e85eb3	sra	x29,x16,x14	 x16:0xffffffed x14:0x00000000 x29=0xffffffed
       15845000	      1583	80000858	4113d913	srai	x18,x7,0x11	  x7:0x00000001 x18=0x00000000
       15855000	      1584	8000085c	406705b3	sub	x11,x14,x6	 x14:0x00000000  x6:0x00000000 x11=0x00000000
       15865000	      1585	80000860	00f2f0b3	and	x1,x5,x15	  x5:0xffffffed x15:0x80009f84  x1=0x80009f84
       15875000	      1586	80000864	410c5d13	srai	x26,x24,0x10	 x24:0x00000001 x26=0x00000000
       15885000	      1587	80000868	0f08bb13	sltiu	x22,x17,240	 x17:0x00000009 x22=0x00000001
       15895000	      1588	8000086c	01857fb3	and	x31,x10,x24	 x10:0x0000016b x24:0x00000001 x31=0x00000001
       15905000	      1589	80000870	0056f233	and	x4,x13,x5	 x13:0xfffffff1  x5:0xffffffed  x4=0xffffffe1
       15915000	      1590	80000874	00000013	addi	x0,x0,0	  x0:0x00000000
       15925000	      1591	80000878	00cf5093	srli	x1,x30,0xc	 x30:0x00000013  x1=0x00000000
       15935000	      1592	8000087c	0cfb4c93	xori	x25,x22,207	 x22:0x00000001 x25=0x000000ce
       15945000	      1593	80000880	01fc1313	slli	x6,x24,0x1f	 x24:0x00000001  x6=0x80000000
       15955000	      1594	80000884	00098263	beq	x19,x0,80000888	 x19:0x300e0d6e  x0:0x00000000
       15965000	      1595	80000888	00824863	blt	x4,x8,80000898	  x4:0xffffffe1  x8:0x00000000
       15975000	      1596	00000000	00000013	addi	x0,x0,0	  x0:0x00000000
       15985000	      1597	80000894	00000013	addi	x0,x0,0	  x0:0x00000000
       15995000	      1598	80000898	b595a513	slti	x10,x11,-1191	 x11:0x00000000 x10=0x00000000
       16005000	      1599	8000089c	33c8ec13	ori	x24,x17,828	 x17:0x00000009 x24=0x0000033d
       16015000	      1600	800008a0	13226493	ori	x9,x4,306	  x4:0xffffffe1  x9=0xfffffff3
       16025000	      1601	800008a4	000e2bb3	slt	x23,x28,x0	 x28:0x00000000  x0:0x00000000 x23=0x00000000
       16035000	      1602	800008a8	40b45bb3	sra	x23,x8,x11	  x8:0x00000000 x11:0x00000000 x23=0x00000000
       16045000	      1603	800008ac	00002397	auipc	x7,0x2	  x7=0x800028a8
       16055000	      1604	800008b0	56038393	addi	x7,x7,1376	  x7:0x800028a8  x7=0x80002e08
       16065000	      1605	800008b4	37d38393	addi	x7,x7,893	  x7:0x80002e08  x7=0x80003185
       16075000	      1606	800008b8	8e1cbc13	sltiu	x24,x25,-1823	 x25:0x000000ce x24=0x00000001
       16085000	      1607	800008bc	018ca233	slt	x4,x25,x24	 x25:0x000000ce x24:0x00000001  x4=0x00000000
       16095000	      1608	800008c0	413c0033	sub	x0,x24,x19	 x24:0x00000001 x19:0x300e0d6e
       16105000	      1609	800008c4	41920bb3	sub	x23,x4,x25	  x4:0x00000000 x25:0x000000ce x23=0xffffff32
       16115000	      1610	800008c8	00a6b733	sltu	x14,x13,x10	 x13:0xfffffff1 x10:0x00000000 x14=0x00000000
       16125000	      1611	800008cc	c84380e7	jalr	x1,x7,-892	  x7:0x80003185  x1=0x800008cc
       16135000	      1612	00000000	00000013	addi	x0,x0,0	  x0:0x00000000
       16145000	      1613	80002e08	00000013	addi	x0,x0,0	  x0:0x00000000
       16155000	      1614	80002e0c	00c6f933	and	x18,x13,x12	 x13:0xfffffff1 x12:0x80009fc4 x18=0x80009fc0
       16165000	      1615	80002e10	0197db13	srli	x22,x15,0x19	 x15:0x80009f84 x22=0x00000040
       16175000	      1616	80002e14	017b83b3	add	x7,x23,x23	 x23:0xffffff32 x23:0xffffff32  x7=0xfffffe64
       16185000	      1617	80002e18	ff878793	addi	x15,x15,-8	 x15:0x80009f84 x15=0x80009f7c
       16195000	      1618	80002e1c	0752ad93	slti	x27,x5,117	  x5:0xffffffed x27=0x00000001
       16205000	      1619	80002e20	00cf5933	srl	x18,x30,x12	 x30:0x00000013 x12:0x80009fc4 x18=0x00000001
       16215000	      1620	80002e24	40ebd693	srai	x13,x23,0xe	 x23:0xffffff32 x13=0xffffffff
       16225000	      1621	80002e28	0017a223	sw	x1,4(x15)	 x15:0x80009f7c  x1:0x800008cc PA:0x80009f80
       16235000	      1622	80002e2c	385b8413	addi	x8,x23,901	 x23:0xffffff32  x8=0x000002b7
       16245000	      1623	80002e30	005d1d93	slli	x27,x26,0x5	 x26:0x00000000 x27=0x00000000
       16255000	      1624	80002e34	bad5c913	xori	x18,x11,-1107	 x11:0x00000000 x18=0xfffffbad
       16265000	      1625	80002e38	00000013	addi	x0,x0,0	  x0:0x00000000
       16275000	      1626	80002e3c	01c74a63	blt	x14,x28,80002e50	 x14:0x00000000 x28:0x00000000
       16285000	      1627	80002e40	00835933	srl	x18,x6,x8	  x6:0x80000000  x8:0x000002b7 x18=0x00000100
       16295000	      1628	80002e44	0133d733	srl	x14,x7,x19	  x7:0xfffffe64 x19:0x300e0d6e x14=0x0003ffff
       16305000	      1629	80002e48	00487e33	and	x28,x16,x4	 x16:0xffffffed  x4:0x00000000 x28=0x00000000
       16315000	      1630	80002e4c	40a50b33	sub	x22,x10,x10	 x10:0x00000000 x10:0x00000000 x22=0x00000000
       16325000	      1631	80002e50	91cff0ef	jal	x1,80002e50	  x1=0x80002e50
       16335000	      1632	00000000	00000013	addi	x0,x0,0	  x0:0x00000000
       16345000	      1633	80001f68	00000013	addi	x0,x0,0	  x0:0x00000000
       16355000	      1634	80001f6c	40f856b3	sra	x13,x16,x15	 x16:0xffffffed x15:0x80009f7c x13=0xffffffff
       16365000	      1635	80001f70	01aae433	or	x8,x21,x26	 x21:0xffffffed x26:0x00000000  x8=0xffffffed
       16375000	      1636	80001f74	ff078793	addi	x15,x15,-16	 x15:0x80009f7c x15=0x80009f6c
       16385000	      1637	80001f78	ed112217	auipc	x4,0xed112	  x4=0x6d113f74
       16395000	      1638	80001f7c	5f496eb7	lui	x29,0x5f496	 x29=0x5f496000
       16405000	      1639	80001f80	2236c813	xori	x16,x13,547	 x13:0xffffffff x16=0xfffffddc
       16415000	      1640	80001f84	679cf297	auipc	x5,0x679cf	  x5=0xe79d0f80
       16425000	      1641	80001f88	0017a223	sw	x1,4(x15)	 x15:0x80009f6c  x1:0x80002e50 PA:0x80009f70
       16435000	      1642	80001f8c	012b5e13	srli	x28,x22,0x12	 x22:0x00000000 x28=0x00000000
       16445000	      1643	80001f90	8b5a46b7	lui	x13,0x8b5a4	 x13=0x8b5a4000
       16455000	      1644	80001f94	00cfa733	slt	x14,x31,x12	 x31:0x00000001 x12:0x80009fc4 x14=0x00000000
       16465000	      1645	80001f98	01379e63	bne	x15,x19,80001fb4	 x15:0x80009f6c x19:0x300e0d6e
       16475000	      1646	00000000	00000013	addi	x0,x0,0	  x0:0x00000000
       16485000	      1647	80001fb0	00000013	addi	x0,x0,0	  x0:0x00000000
       16495000	      1648	80001fb4	309000ef	jal	x1,80001fb4	  x1=0x80001fb4
       16505000	      1649	00000000	00000013	addi	x0,x0,0	  x0:0x00000000
       16515000	      1650	80002ab8	00000013	addi	x0,x0,0	  x0:0x00000000
       16525000	      1651	80002abc	000339b3	sltu	x19,x6,x0	  x6:0x80000000  x0:0x00000000 x19=0x00000000
       16535000	      1652	80002ac0	f45a0313	addi	x6,x20,-187	 x20:0x00000000  x6=0xffffff45
       16545000	      1653	80002ac4	ff478793	addi	x15,x15,-12	 x15:0x80009f6c x15=0x80009f60
       16555000	      1654	80002ac8	00d94033	xor	x0,x18,x13	 x18:0x00000100 x13:0x8b5a4000
       16565000	      1655	80002acc	944bef13	ori	x30,x23,-1724	 x23:0xffffff32 x30=0xffffff76
       16575000	      1656	80002ad0	00581f93	slli	x31,x16,0x5	 x16:0xfffffddc x31=0xffffbb80
       16585000	      1657	80002ad4	ec4c8d13	addi	x26,x25,-316	 x25:0x000000ce x26=0xffffff92
       16595000	      1658	80002ad8	0017a223	sw	x1,4(x15)	 x15:0x80009f60  x1:0x80001fb4 PA:0x80009f64
       16605000	      1659	80002adc	cc213e93	sltiu	x29,x2,-830	  x2:0x00000011 x29=0x00000001
       16615000	      1660	80002ae0	011cbfb3	sltu	x31,x25,x17	 x25:0x000000ce x17:0x00000009 x31=0x00000000
       16625000	      1661	80002ae4	405c0e33	sub	x28,x24,x5	 x24:0x00000001  x5:0xe79d0f80 x28=0x1862f081
       16635000	      1662	80002ae8	029f6b93	ori	x23,x30,41	 x30:0xffffff76 x23=0xffffff7f
       16645000	      1663	80002aec	ffe00413	addi	x8,x0,-2	  x0:0x00000000  x8=0xfffffffe
       16655000	      1664	80002af0	402a5eb3	sra	x29,x20,x2	 x20:0x00000000  x2:0x00000011 x29=0x00000000
       16665000	      1665	80002af4	00888b33	add	x22,x17,x8	 x17:0x00000009  x8:0xfffffffe x22=0x00000007
       16675000	      1666	80002af8	01f25ab3	srl	x21,x4,x31	  x4:0x6d113f74 x31:0x00000000 x21=0x6d113f74
       16685000	      1667	80002afc	41da0bb3	sub	x23,x20,x29	 x20:0x00000000 x29:0x00000000 x23=0x00000000
       16695000	      1668	80002b00	4113d913	srai	x18,x7,0x11	  x7:0xfffffe64 x18=0xffffffff
       16705000	      1669	80002b04	e1b83517	auipc	x10,0xe1b83	 x10=0x61b85b00
       16715000	      1670	80002b08	01de7bb3	and	x23,x28,x29	 x28:0x1862f081 x29:0x00000000 x23=0x00000000
       16725000	      1671	80002b0c	ff400493	addi	x9,x0,-12	  x0:0x00000000  x9=0xfffffff4
       16735000	      1672	80002b10	00000013	addi	x0,x0,0	  x0:0x00000000
       16745000	      1673	80002b14	410282b3	sub	x5,x5,x16	  x5:0xe79d0f80 x16:0xfffffddc  x5=0xe79d11a4
       16755000	      1674	80002b18	00959eb3	sll	x29,x11,x9	 x11:0x00000000  x9:0xfffffff4 x29=0x00000000
       16765000	      1675	80002b1c	01495533	srl	x10,x18,x20	 x18:0xffffffff x20:0x00000000 x10=0xffffffff
       16775000	      1676	80002b20	0087d333	srl	x6,x15,x8	 x15:0x80009f60  x8:0xfffffffe  x6=0x00000002
       16785000	      1677	80002b24	01998ab3	add	x21,x19,x25	 x19:0x00000000 x25:0x000000ce x21=0x000000ce
       16795000	      1678	80002b28	4b34ec93	ori	x25,x9,1203	  x9:0xfffffff4 x25=0xfffffff7
       16805000	      1679	80002b2c	01d03733	sltu	x14,x0,x29	  x0:0x00000000 x29:0x00000000 x14=0x00000000
       16815000	      1680	80002b30	ff940413	addi	x8,x8,-7	  x8:0xfffffffe  x8=0xfffffff7
       16825000	      1681	80002b34	00303533	sltu	x10,x0,x3	  x0:0x00000000  x3:0x00000000 x10=0x00000000
       16835000	      1682	80002b38	00000013	addi	x0,x0,0	  x0:0x00000000
       16845000	      1683	80002b3c	40215833	sra	x16,x2,x2	  x2:0x00000011  x2:0x00000011 x16=0x00000000
       16855000	      1684	80002b40	fe9452e3	bge	x8,x9,80002b24	  x8:0xfffffff7  x9:0xfffffff4
       16865000	      1685	00000000	00000013	addi	x0,x0,0	  x0:0x00000000
       16875000	      1686	80002b20	00000013	addi	x0,x0,0	  x0:0x00000000
       16885000	      1687	80002b24	01998ab3	add	x21,x19,x25	 x19:0x00000000 x25:0xfffffff7 x21=0xfffffff7
       16895000	      1688	80002b28	4b34ec93	ori	x25,x9,1203	  x9:0xfffffff4 x25=0xfffffff7
       16905000	      1689	80002b2c	01d03733	sltu	x14,x0,x29	  x0:0x00000000 x29:0x00000000 x14=0x00000000
       16915000	      1690	80002b30	ff940413	addi	x8,x8,-7	  x8:0xfffffff7  x8=0xfffffff0
       16925000	      1691	80002b34	00303533	sltu	x10,x0,x3	  x0:0x00000000  x3:0x00000000 x10=0x00000000
       16935000	      1692	80002b38	00000013	addi	x0,x0,0	  x0:0x00000000
       16945000	      1693	80002b3c	40215833	sra	x16,x2,x2	  x2:0x00000011  x2:0x00000011 x16=0x00000000
       16955000	      1694	80002b40	fe9452e3	bge	x8,x9,80002b24	  x8:0xfffffff0  x9:0xfffffff4
       16965000	      1695	80002b44	0068bdb3	sltu	x27,x17,x6	 x17:0x00000009  x6:0x00000002 x27=0x00000000
       16975000	      1696	80002b48	2784acb7	lui	x25,0x2784a	 x25=0x2784a000
       16985000	      1697	80002b4c	eaf7eb13	ori	x22,x15,-337	 x15:0x80009f60 x22=0xffffffef
       16995000	      1698	80002b50	01758933	add	x18,x11,x23	 x11:0x00000000 x23:0x00000000 x18=0x00000000
       17005000	      1699	80002b54	fbe52893	slti	x17,x10,-66	 x10:0x00000000 x17=0x00000000
       17015000	      1700	80002b58	01ec2933	slt	x18,x24,x30	 x24:0x00000001 x30:0xffffff76 x18=0x00000000
       17025000	      1701	80002b5c	00aa3933	sltu	x18,x20,x10	 x20:0x00000000 x10:0x00000000 x18=0x00000000
       17035000	      1702	80002b60	5d1fb993	sltiu	x19,x31,1489	 x31:0x00000000 x19=0x00000001
       17045000	      1703	80002b64	405d8e33	sub	x28,x27,x5	 x27:0x00000000  x5:0xe79d11a4 x28=0x1862ee5c
       17055000	      1704	80002b68	04896063	bltu	x18,x8,80002ba8	 x18:0x00000000  x8:0xfffffff0
       17065000	      1705	00000000	00000013	addi	x0,x0,0	  x0:0x00000000
       17075000	      1706	80002ba4	00000013	addi	x0,x0,0	  x0:0x00000000
       17085000	      1707	80002ba8	00df8f33	add	x30,x31,x13	 x31:0x00000000 x13:0x8b5a4000 x30=0x8b5a4000
       17095000	      1708	80002bac	01e190b3	sll	x1,x3,x30	  x3:0x00000000 x30:0x8b5a4000  x1=0x00000000
       17105000	      1709	80002bb0	41f98f33	sub	x30,x19,x31	 x19:0x00000001 x31:0x00000000 x30=0x00000001
       17115000	      1710	80002bb4	40e6df33	sra	x30,x13,x14	 x13:0x8b5a4000 x14:0x00000000 x30=0x8b5a4000
       17125000	      1711	80002bb8	034b5663	bge	x22,x20,80002be4	 x22:0xffffffef x20:0x00000000
       17135000	      1712	80002bbc	8f602d17	auipc	x26,0x8f602	 x26=0x0f604bb8
       17145000	      1713	80002bc0	001e12b3	sll	x5,x28,x1	 x28:0x1862ee5c  x1:0x00000000  x5=0x1862ee5c
       17155000	      1714	80002bc4	0395e263	bltu	x11,x25,80002be8	 x11:0x00000000 x25:0x2784a000
       17165000	      1715	00000000	00000013	addi	x0,x0,0	  x0:0x00000000
       17175000	      1716	80002be4	00000013	addi	x0,x0,0	  x0:0x00000000
       17185000	      1717	80002be8	00d0d663	bge	x1,x13,80002bf4	  x1:0x00000000 x13:0x8b5a4000
       17195000	      1718	00000000	00000013	addi	x0,x0,0	  x0:0x00000000
       17205000	      1719	80002bf0	00000013	addi	x0,x0,0	  x0:0x00000000
       17215000	      1720	80002bf4	03425c63	bge	x4,x20,80002c2c	  x4:0x6d113f74 x20:0x00000000
       17225000	      1721	00000000	00000013	addi	x0,x0,0	  x0:0x00000000
       17235000	      1722	80002c28	00000013	addi	x0,x0,0	  x0:0x00000000
       17245000	      1723	80002c2c	017c1f93	slli	x31,x24,0x17	 x24:0x00000001 x31=0x00800000
       17255000	      1724	80002c30	1aeb8e37	lui	x28,0x1aeb8	 x28=0x1aeb8000
       17265000	      1725	80002c34	00600593	addi	x11,x0,6	  x0:0x00000000 x11=0x00000006
       17275000	      1726	80002c38	017b1213	slli	x4,x22,0x17	 x22:0xffffffef  x4=0xf7800000
       17285000	      1727	80002c3c	00d00993	addi	x19,x0,13	  x0:0x00000000 x19=0x0000000d
       17295000	      1728	80002c40	124b8393	addi	x7,x23,292	 x23:0x00000000  x7=0x00000124
       17305000	      1729	80002c44	00000013	addi	x0,x0,0	  x0:0x00000000
       17315000	      1730	80002c48	0105b2b3	sltu	x5,x11,x16	 x11:0x00000006 x16:0x00000000  x5=0x00000000
       17325000	      1731	80002c4c	00899513	slli	x10,x19,0x8	 x19:0x0000000d x10=0x00000d00
       17335000	      1732	80002c50	a3a40513	addi	x10,x8,-1478	  x8:0xfffffff0 x10=0xfffffa2a
       17345000	      1733	80002c54	2cf46893	ori	x17,x8,719	  x8:0xfffffff0 x17=0xffffffff
       17355000	      1734	80002c58	b898df17	auipc	x30,0xb898d	 x30=0x3898fc54
       17365000	      1735	80002c5c	00358593	addi	x11,x11,3	 x11:0x00000006 x11=0x00000009
       17375000	      1736	80002c60	00000013	addi	x0,x0,0	  x0:0x00000000
       17385000	      1737	80002c64	ff35e8e3	bltu	x11,x19,80002c54	 x11:0x00000009 x19:0x0000000d
       17395000	      1738	00000000	00000013	addi	x0,x0,0	  x0:0x00000000
       17405000	      1739	80002c50	00000013	addi	x0,x0,0	  x0:0x00000000
       17415000	      1740	80002c54	2cf46893	ori	x17,x8,719	  x8:0xfffffff0 x17=0xffffffff
       17425000	      1741	80002c58	b898df17	auipc	x30,0xb898d	 x30=0x3898fc54
       17435000	      1742	80002c5c	00358593	addi	x11,x11,3	 x11:0x00000009 x11=0x0000000c
       17445000	      1743	80002c60	00000013	addi	x0,x0,0	  x0:0x00000000
       17455000	      1744	80002c64	ff35e8e3	bltu	x11,x19,80002c54	 x11:0x0000000c x19:0x0000000d
       17465000	      1745	00000000	00000013	addi	x0,x0,0	  x0:0x00000000
       17475000	      1746	80002c50	00000013	addi	x0,x0,0	  x0:0x00000000
       17485000	      1747	80002c54	2cf46893	ori	x17,x8,719	  x8:0xfffffff0 x17=0xffffffff
       17495000	      1748	80002c58	b898df17	auipc	x30,0xb898d	 x30=0x3898fc54
       17505000	      1749	80002c5c	00358593	addi	x11,x11,3	 x11:0x0000000c x11=0x0000000f
       17515000	      1750	80002c60	00000013	addi	x0,x0,0	  x0:0x00000000
       17525000	      1751	80002c64	ff35e8e3	bltu	x11,x19,80002c54	 x11:0x0000000f x19:0x0000000d
       17535000	      1752	80002c68	00fcfd33	and	x26,x25,x15	 x25:0x2784a000 x15:0x80009f60 x26=0x00008000
       17545000	      1753	80002c6c	41235fb3	sra	x31,x6,x18	  x6:0x00000002 x18:0x00000000 x31=0x00000002
       17555000	      1754	80002c70	f6ba8eb7	lui	x29,0xf6ba8	 x29=0xf6ba8000
       17565000	      1755	80002c74	02d61d97	auipc	x27,0x2d61	 x27=0x82d63c70
       17575000	      1756	80002c78	01269bb3	sll	x23,x13,x18	 x13:0x8b5a4000 x18:0x00000000 x23=0x8b5a4000
       17585000	      1757	80002c7c	01b01933	sll	x18,x0,x27	  x0:0x00000000 x27:0x82d63c70 x18=0x00000000
       17595000	      1758	80002c80	01e24463	blt	x4,x30,80002c88	  x4:0xf7800000 x30:0x3898fc54
       17605000	      1759	00000000	00000013	addi	x0,x0,0	  x0:0x00000000
       17615000	      1760	80002c84	00000013	addi	x0,x0,0	  x0:0x00000000
       17625000	      1761	80002c88	00bfe463	bltu	x31,x11,80002c90	 x31:0x00000002 x11:0x0000000f
       17635000	      1762	00000000	00000013	addi	x0,x0,0	  x0:0x00000000
       17645000	      1763	80002c8c	00000013	addi	x0,x0,0	  x0:0x00000000
       17655000	      1764	80002c90	00000013	addi	x0,x0,0	  x0:0x00000000
       17665000	      1765	80002c94	0256b993	sltiu	x19,x13,37	 x13:0x8b5a4000 x19=0x00000000
       17675000	      1766	80002c98	40ead593	srai	x11,x21,0xe	 x21:0xfffffff7 x11=0xffffffff
       17685000	      1767	80002c9c	01f28333	add	x6,x5,x31	  x5:0x00000000 x31:0x00000002  x6=0x00000002
       17695000	      1768	80002ca0	003c1b13	slli	x22,x24,0x3	 x24:0x00000001 x22=0x00000008
       17705000	      1769	80002ca4	0138f3b3	and	x7,x17,x19	 x17:0xffffffff x19:0x00000000  x7=0x00000000
       17715000	      1770	80002ca8	031cc263	blt	x25,x17,80002ccc	 x25:0x2784a000 x17:0xffffffff
       17725000	      1771	80002cac	00295b93	srli	x23,x18,0x2	 x18:0x00000000 x23=0x00000000
       17735000	      1772	80002cb0	53dd3493	sltiu	x9,x26,1341	 x26:0x00008000  x9=0x00000000
       17745000	      1773	80002cb4	41b5dc93	srai	x25,x11,0x1b	 x11:0xffffffff x25=0xffffffff
       17755000	      1774	80002cb8	7bd2e497	auipc	x9,0x7bd2e	  x9=0xfbd30cb4
       17765000	      1775	80002cbc	013015b3	sll	x11,x0,x19	  x0:0x00000000 x19:0x00000000 x11=0x00000000
       17775000	      1776	80002cc0	40a2d193	srai	x3,x5,0xa	  x5:0x00000000  x3=0x00000000
       17785000	      1777	80002cc4	0115de13	srli	x28,x11,0x11	 x11:0x00000000 x28=0x00000000
       17795000	      1778	80002cc8	0516f663	bgeu	x13,x17,80002d14	 x13:0x8b5a4000 x17:0xffffffff
       17805000	      1779	80002ccc	00e2b5b3	sltu	x11,x5,x14	  x5:0x00000000 x14:0x00000000 x11=0x00000000
       17815000	      1780	80002cd0	40ba8733	sub	x14,x21,x11	 x21:0xfffffff7 x11:0x00000000 x14=0xfffffff7
       17825000	      1781	80002cd4	0641e513	ori	x10,x3,100	  x3:0x00000000 x10=0x00000064
       17835000	      1782	80002cd8	01288c33	add	x24,x17,x18	 x17:0xffffffff x18:0x00000000 x24=0xffffffff
       17845000	      1783	80002cdc	01743eb3	sltu	x29,x8,x23	  x8:0xfffffff0 x23:0x00000000 x29=0x00000000
       17855000	      1784	80002ce0	84698537	lui	x10,0x84698	 x10=0x84698000
       17865000	      1785	80002ce4	41de5833	sra	x16,x28,x29	 x28:0x00000000 x29:0x00000000 x16=0x00000000
       17875000	      1786	80002ce8	b896c997	auipc	x19,0xb896c	 x19=0x3896ece4
       17885000	      1787	80002cec	015e1513	slli	x10,x28,0x15	 x28:0x00000000 x10=0x00000000
       17895000	      1788	80002cf0	00a813b3	sll	x7,x16,x10	 x16:0x00000000 x10:0x00000000  x7=0x00000000
       17905000	      1789	80002cf4	00c87eb3	and	x29,x16,x12	 x16:0x00000000 x12:0x80009fc4 x29=0x00000000
       17915000	      1790	80002cf8	59baae93	slti	x29,x21,1435	 x21:0xfffffff7 x29=0x00000001
       17925000	      1791	80002cfc	00657eb3	and	x29,x10,x6	 x10:0x00000000  x6:0x00000002 x29=0x00000000
       17935000	      1792	80002d00	00000013	addi	x0,x0,0	  x0:0x00000000
       17945000	      1793	80002d04	00774263	blt	x14,x7,80002d08	 x14:0xfffffff7  x7:0x00000000
       17955000	      1794	00000000	00000013	addi	x0,x0,0	  x0:0x00000000
       17965000	      1795	80002d04	00000013	addi	x0,x0,0	  x0:0x00000000
       17975000	      1796	80002d08	2a2fad13	slti	x26,x31,674	 x31:0x00000002 x26=0x00000001
       17985000	      1797	80002d0c	05a1e263	bltu	x3,x26,80002d50	  x3:0x00000000 x26:0x00000001
       17995000	      1798	00000000	00000013	addi	x0,x0,0	  x0:0x00000000
       18005000	      1799	80002d4c	00000013	addi	x0,x0,0	  x0:0x00000000
       18015000	      1800	80002d50	fb92a393	slti	x7,x5,-71	  x5:0x00000000  x7=0x00000000
       18025000	      1801	80002d54	004fdc33	srl	x24,x31,x4	 x31:0x00000002  x4:0xf7800000 x24=0x00000002
       18035000	      1802	80002d58	00231c63	bne	x6,x2,80002d70	  x6:0x00000002  x2:0x00000011
       18045000	      1803	00000000	00000013	addi	x0,x0,0	  x0:0x00000000
       18055000	      1804	80002d6c	00000013	addi	x0,x0,0	  x0:0x00000000
       18065000	      1805	80002d70	01395933	srl	x18,x18,x19	 x18:0x00000000 x19:0x3896ece4 x18=0x00000000
       18075000	      1806	80002d74	00de83b3	add	x7,x29,x13	 x29:0x00000000 x13:0x8b5a4000  x7=0x8b5a4000
       18085000	      1807	80002d78	01893333	sltu	x6,x18,x24	 x18:0x00000000 x24:0x00000002  x6=0x00000001
       18095000	      1808	80002d7c	40268933	sub	x18,x13,x2	 x13:0x8b5a4000  x2:0x00000011 x18=0x8b5a3fef
       18105000	      1809	80002d80	03589a63	bne	x17,x21,80002db4	 x17:0xffffffff x21:0xfffffff7
       18115000	      1810	00000000	00000013	addi	x0,x0,0	  x0:0x00000000
       18125000	      1811	80002db0	00000013	addi	x0,x0,0	  x0:0x00000000
       18135000	      1812	80002db4	00ae7533	and	x10,x28,x10	 x28:0x00000000 x10:0x00000000 x10=0x00000000
       18145000	      1813	80002db8	812724b7	lui	x9,0x81272	  x9=0x81272000
       18155000	      1814	80002dbc	01621a63	bne	x4,x22,80002dd0	  x4:0xf7800000 x22:0x00000008
       18165000	      1815	00000000	00000013	addi	x0,x0,0	  x0:0x00000000
       18175000	      1816	80002dcc	00000013	addi	x0,x0,0	  x0:0x00000000
       18185000	      1817	80002dd0	01e8c3b3	xor	x7,x17,x30	 x17:0xffffffff x30:0x3898fc54  x7=0xc76703ab
       18195000	      1818	80002dd4	01c3cfb3	xor	x31,x7,x28	  x7:0xc76703ab x28:0x00000000 x31=0xc76703ab
       18205000	      1819	80002dd8	0196f833	and	x16,x13,x25	 x13:0x8b5a4000 x25:0xffffffff x16=0x8b5a4000
       18215000	      1820	80002ddc	29955e37	lui	x28,0x29955	 x28=0x29955000
       18225000	      1821	80002de0	0047a083	lw	x1,4(x15)	 x15:0x80009f60  x1=0x80001fb4 PA:0x80009f64
       18235000	      1822	80002de4	00c78793	addi	x15,x15,12	 x15:0x80009f60 x15=0x80009f6c
       18245000	      1823	80002de8	ec252f93	slti	x31,x10,-318	 x10:0x00000000 x31=0x00000000
       18255000	      1824	80002dec	00000013	addi	x0,x0,0	  x0:0x00000000
       18265000	      1825	80002df0	05917e13	andi	x28,x2,89	  x2:0x00000011 x28=0x00000011
       18275000	      1826	80002df4	011c4eb3	xor	x29,x24,x17	 x24:0x00000002 x17:0xffffffff x29=0xfffffffd
       18285000	      1827	80002df8	0118a5b3	slt	x11,x17,x17	 x17:0xffffffff x17:0xffffffff x11=0x00000000
       18295000	      1828	80002dfc	0037fd33	and	x26,x15,x3	 x15:0x80009f6c  x3:0x00000000 x26=0x00000000
       18305000	      1829	80002e00	00000013	addi	x0,x0,0	  x0:0x00000000
       18315000	      1830	80002e04	00008093	addi	x1,x1,0	  x1:0x80001fb4  x1=0x80001fb4
       18325000	      1831	80002e08	000080e7	jalr	x1,x1,0	  x1:0x80001fb4  x1=0x80002e08
       18335000	      1832	00000000	00000013	addi	x0,x0,0	  x0:0x00000000
       18345000	      1833	80001fb4	00000013	addi	x0,x0,0	  x0:0x00000000
       18355000	      1834	80001fb8	00900513	addi	x10,x0,9	  x0:0x00000000 x10=0x00000009
       18365000	      1835	80001fbc	00800b93	addi	x23,x0,8	  x0:0x00000000 x23=0x00000008
       18375000	      1836	80001fc0	01e8b733	sltu	x14,x17,x30	 x17:0xffffffff x30:0x3898fc54 x14=0x00000000
       18385000	      1837	80001fc4	409a5333	sra	x6,x20,x9	 x20:0x00000000  x9:0x81272000  x6=0x00000000
       18395000	      1838	80001fc8	0137dc13	srli	x24,x15,0x13	 x15:0x80009f6c x24=0x00001000
       18405000	      1839	80001fcc	007d8e33	add	x28,x27,x7	 x27:0x82d63c70  x7:0xc76703ab x28=0x4a3d401b
       18415000	      1840	80001fd0	01fca8b3	slt	x17,x25,x31	 x25:0xffffffff x31:0x00000000 x17=0x00000001
       18425000	      1841	80001fd4	18f94993	xori	x19,x18,399	 x18:0x8b5a3fef x19=0x8b5a3e60
       18435000	      1842	80001fd8	01e013b3	sll	x7,x0,x30	  x0:0x00000000 x30:0x3898fc54  x7=0x00000000
       18445000	      1843	80001fdc	a135c213	xori	x4,x11,-1517	 x11:0x00000000  x4=0xfffffa13
       18455000	      1844	80001fe0	0d79b493	sltiu	x9,x19,215	 x19:0x8b5a3e60  x9=0x00000000
       18465000	      1845	80001fe4	00e23833	sltu	x16,x4,x14	  x4:0xfffffa13 x14:0x00000000 x16=0x00000000
       18475000	      1846	80001fe8	014cb333	sltu	x6,x25,x20	 x25:0xffffffff x20:0x00000000  x6=0x00000000
       18485000	      1847	80001fec	e97ff1b7	lui	x3,0xe97ff	  x3=0xe97ff000
       18495000	      1848	80001ff0	88906313	ori	x6,x0,-1911	  x0:0x00000000  x6=0xfffff889
       18505000	      1849	80001ff4	ffb50513	addi	x10,x10,-5	 x10:0x00000009 x10=0x00000004
       18515000	      1850	80001ff8	77abb813	sltiu	x16,x23,1914	 x23:0x00000008 x16=0x00000001
       18525000	      1851	80001ffc	bb127313	andi	x6,x4,-1103	  x4:0xfffffa13  x6=0xfffffa11
       18535000	      1852	80002000	6742f413	andi	x8,x5,1652	  x5:0x00000000  x8=0x00000000
       18545000	      1853	80002004	01f1d213	srli	x4,x3,0x1f	  x3:0xe97ff000  x4=0x00000001
       18555000	      1854	80002008	f402c393	xori	x7,x5,-192	  x5:0x00000000  x7=0xffffff40
       18565000	      1855	8000200c	d66f3113	sltiu	x2,x30,-666	 x30:0x3898fc54  x2=0x00000001
       18575000	      1856	80002010	41a15293	srai	x5,x2,0x1a	  x2:0x00000001  x5=0x00000000
       18585000	      1857	80002014	1b75fb13	andi	x22,x11,439	 x11:0x00000000 x22=0x00000000
       18595000	      1858	80002018	016e2933	slt	x18,x28,x22	 x28:0x4a3d401b x22:0x00000000 x18=0x00000000
       18605000	      1859	8000201c	00921233	sll	x4,x4,x9	  x4:0x00000001  x9:0x00000000  x4=0x00000001
       18615000	      1860	80002020	fd7570e3	bgeu	x10,x23,80001fe0	 x10:0x00000004 x23:0x00000008
       18625000	      1861	80002024	41420733	sub	x14,x4,x20	  x4:0x00000001 x20:0x00000000 x14=0x00000001
       18635000	      1862	80002028	00700213	addi	x4,x0,7	  x0:0x00000000  x4=0x00000007
       18645000	      1863	8000202c	00e00413	addi	x8,x0,14	  x0:0x00000000  x8=0x0000000e
       18655000	      1864	80002030	94a16813	ori	x16,x2,-1718	  x2:0x00000001 x16=0xfffff94b
       18665000	      1865	80002034	00720213	addi	x4,x4,7	  x4:0x00000007  x4=0x0000000e
       18675000	      1866	80002038	00100093	addi	x1,x0,1	  x0:0x00000000  x1=0x00000001
       18685000	      1867	8000203c	00500593	addi	x11,x0,5	  x0:0x00000000 x11=0x00000005
       18695000	      1868	80002040	404103b3	sub	x7,x2,x4	  x2:0x00000001  x4:0x0000000e  x7=0xfffffff3
       18705000	      1869	80002044	00000013	addi	x0,x0,0	  x0:0x00000000
       18715000	      1870	80002048	3d7bce93	xori	x29,x23,983	 x23:0x00000008 x29=0x000003df
       18725000	      1871	8000204c	00408093	addi	x1,x1,4	  x1:0x00000001  x1=0x00000005
       18735000	      1872	80002050	feb09ae3	bne	x1,x11,80002044	  x1:0x00000005 x11:0x00000005
       18745000	      1873	80002054	fc820ee3	beq	x4,x8,80002030	  x4:0x0000000e  x8:0x0000000e
       18755000	      1874	00000000	00000013	addi	x0,x0,0	  x0:0x00000000
       18765000	      1875	8000202c	00000013	addi	x0,x0,0	  x0:0x00000000
       18775000	      1876	80002030	94a16813	ori	x16,x2,-1718	  x2:0x00000001 x16=0xfffff94b
       18785000	      1877	80002034	00720213	addi	x4,x4,7	  x4:0x0000000e  x4=0x00000015
       18795000	      1878	80002038	00100093	addi	x1,x0,1	  x0:0x00000000  x1=0x00000001
       18805000	      1879	8000203c	00500593	addi	x11,x0,5	  x0:0x00000000 x11=0x00000005
       18815000	      1880	80002040	404103b3	sub	x7,x2,x4	  x2:0x00000001  x4:0x00000015  x7=0xffffffec
       18825000	      1881	80002044	00000013	addi	x0,x0,0	  x0:0x00000000
       18835000	      1882	80002048	3d7bce93	xori	x29,x23,983	 x23:0x00000008 x29=0x000003df
       18845000	      1883	8000204c	00408093	addi	x1,x1,4	  x1:0x00000001  x1=0x00000005
       18855000	      1884	80002050	feb09ae3	bne	x1,x11,80002044	  x1:0x00000005 x11:0x00000005
       18865000	      1885	80002054	fc820ee3	beq	x4,x8,80002030	  x4:0x00000015  x8:0x0000000e
       18875000	      1886	80002058	00000013	addi	x0,x0,0	  x0:0x00000000
       18885000	      1887	8000205c	00100513	addi	x10,x0,1	  x0:0x00000000 x10=0x00000001
       18895000	      1888	80002060	b5530a93	addi	x21,x6,-1195	  x6:0xfffffa11 x21=0xfffff566
       18905000	      1889	80002064	bbf2b593	sltiu	x11,x5,-1089	  x5:0x00000000 x11=0x00000001
       18915000	      1890	80002068	4c722d93	slti	x27,x4,1223	  x4:0x00000015 x27=0x00000001
       18925000	      1891	8000206c	ff500213	addi	x4,x0,-11	  x0:0x00000000  x4=0xfffffff5
       18935000	      1892	80002070	005c7933	and	x18,x24,x5	 x24:0x00001000  x5:0x00000000 x18=0x00000000
       18945000	      1893	80002074	ff55b313	sltiu	x6,x11,-11	 x11:0x00000001  x6=0x00000001
       18955000	      1894	80002078	c4c254b7	lui	x9,0xc4c25	  x9=0xc4c25000
       18965000	      1895	8000207c	dce16993	ori	x19,x2,-562	  x2:0x00000001 x19=0xfffffdcf
       18975000	      1896	80002080	00a35c93	srli	x25,x6,0xa	  x6:0x00000001 x25=0x00000000
       18985000	      1897	80002084	01bfe433	or	x8,x31,x27	 x31:0x00000000 x27:0x00000001  x8=0x00000001
       18995000	      1898	80002088	017158b3	srl	x17,x2,x23	  x2:0x00000001 x23:0x00000008 x17=0x00000000
       19005000	      1899	8000208c	012f6333	or	x6,x30,x18	 x30:0x3898fc54 x18:0x00000000  x6=0x3898fc54
       19015000	      1900	80002090	00dedc33	srl	x24,x29,x13	 x29:0x000003df x13:0x8b5a4000 x24=0x000003df
       19025000	      1901	80002094	00d85593	srli	x11,x16,0xd	 x16:0xfffff94b x11=0x0007ffff
       19035000	      1902	80002098	005380b3	add	x1,x7,x5	  x7:0xffffffec  x5:0x00000000  x1=0xffffffec
       19045000	      1903	8000209c	09415d37	lui	x26,0x9415	 x26=0x09415000
       19055000	      1904	800020a0	ff850513	addi	x10,x10,-8	 x10:0x00000001 x10=0xfffffff9
       19065000	      1905	800020a4	00200713	addi	x14,x0,2	  x0:0x00000000 x14=0x00000002
       19075000	      1906	800020a8	00039033	sll	x0,x7,x0	  x7:0xffffffec  x0:0x00000000
       19085000	      1907	800020ac	00600393	addi	x7,x0,6	  x0:0x00000000  x7=0x00000006
       19095000	      1908	800020b0	00000013	addi	x0,x0,0	  x0:0x00000000
       19105000	      1909	800020b4	f57a6437	lui	x8,0xf57a6	  x8=0xf57a6000
       19115000	      1910	800020b8	2a564c93	xori	x25,x12,677	 x12:0x80009fc4 x25=0x80009d61
       19125000	      1911	800020bc	00acd413	srli	x8,x25,0xa	 x25:0x80009d61  x8=0x00200027
       19135000	      1912	800020c0	00770713	addi	x14,x14,7	 x14:0x00000002 x14=0x00000009
       19145000	      1913	800020c4	fe774ae3	blt	x14,x7,800020b8	 x14:0x00000009  x7:0x00000006
       19155000	      1914	800020c8	e45b9917	auipc	x18,0xe45b9	 x18=0x645bb0c4
       19165000	      1915	800020cc	4155dc13	srai	x24,x11,0x15	 x11:0x0007ffff x24=0x00000000
       19175000	      1916	800020d0	01954933	xor	x18,x10,x25	 x10:0xfffffff9 x25:0x80009d61 x18=0x7fff6298
       19185000	      1917	800020d4	c1c87493	andi	x9,x16,-996	 x16:0xfffff94b  x9=0xfffff808
       19195000	      1918	800020d8	f8455ee3	bge	x10,x4,80002074	 x10:0xfffffff9  x4:0xfffffff5
       19205000	      1919	00000000	00000013	addi	x0,x0,0	  x0:0x00000000
       19215000	      1920	80002070	00000013	addi	x0,x0,0	  x0:0x00000000
       19225000	      1921	80002074	ff55b313	sltiu	x6,x11,-11	 x11:0x0007ffff  x6=0x00000001
       19235000	      1922	80002078	c4c254b7	lui	x9,0xc4c25	  x9=0xc4c25000
       19245000	      1923	8000207c	dce16993	ori	x19,x2,-562	  x2:0x00000001 x19=0xfffffdcf
       19255000	      1924	80002080	00a35c93	srli	x25,x6,0xa	  x6:0x00000001 x25=0x00000000
       19265000	      1925	80002084	01bfe433	or	x8,x31,x27	 x31:0x00000000 x27:0x00000001  x8=0x00000001
       19275000	      1926	80002088	017158b3	srl	x17,x2,x23	  x2:0x00000001 x23:0x00000008 x17=0x00000000
       19285000	      1927	8000208c	012f6333	or	x6,x30,x18	 x30:0x3898fc54 x18:0x7fff6298  x6=0x7ffffedc
       19295000	      1928	80002090	00dedc33	srl	x24,x29,x13	 x29:0x000003df x13:0x8b5a4000 x24=0x000003df
       19305000	      1929	80002094	00d85593	srli	x11,x16,0xd	 x16:0xfffff94b x11=0x0007ffff
       19315000	      1930	80002098	005380b3	add	x1,x7,x5	  x7:0x00000006  x5:0x00000000  x1=0x00000006
       19325000	      1931	8000209c	09415d37	lui	x26,0x9415	 x26=0x09415000
       19335000	      1932	800020a0	ff850513	addi	x10,x10,-8	 x10:0xfffffff9 x10=0xfffffff1
       19345000	      1933	800020a4	00200713	addi	x14,x0,2	  x0:0x00000000 x14=0x00000002
       19355000	      1934	800020a8	00039033	sll	x0,x7,x0	  x7:0x00000006  x0:0x00000000
       19365000	      1935	800020ac	00600393	addi	x7,x0,6	  x0:0x00000000  x7=0x00000006
       19375000	      1936	800020b0	00000013	addi	x0,x0,0	  x0:0x00000000
       19385000	      1937	800020b4	f57a6437	lui	x8,0xf57a6	  x8=0xf57a6000
       19395000	      1938	800020b8	2a564c93	xori	x25,x12,677	 x12:0x80009fc4 x25=0x80009d61
       19405000	      1939	800020bc	00acd413	srli	x8,x25,0xa	 x25:0x80009d61  x8=0x00200027
       19415000	      1940	800020c0	00770713	addi	x14,x14,7	 x14:0x00000002 x14=0x00000009
       19425000	      1941	800020c4	fe774ae3	blt	x14,x7,800020b8	 x14:0x00000009  x7:0x00000006
       19435000	      1942	800020c8	e45b9917	auipc	x18,0xe45b9	 x18=0x645bb0c4
       19445000	      1943	800020cc	4155dc13	srai	x24,x11,0x15	 x11:0x0007ffff x24=0x00000000
       19455000	      1944	800020d0	01954933	xor	x18,x10,x25	 x10:0xfffffff1 x25:0x80009d61 x18=0x7fff6290
       19465000	      1945	800020d4	c1c87493	andi	x9,x16,-996	 x16:0xfffff94b  x9=0xfffff808
       19475000	      1946	800020d8	f8455ee3	bge	x10,x4,80002074	 x10:0xfffffff1  x4:0xfffffff5
       19485000	      1947	800020dc	00f18433	add	x8,x3,x15	  x3:0xe97ff000 x15:0x80009f6c  x8=0x69808f6c
       19495000	      1948	800020e0	00800f93	addi	x31,x0,8	  x0:0x00000000 x31=0x00000008
       19505000	      1949	800020e4	01200693	addi	x13,x0,18	  x0:0x00000000 x13=0x00000012
       19515000	      1950	800020e8	00b32733	slt	x14,x6,x11	  x6:0x7ffffedc x11:0x0007ffff x14=0x00000000
       19525000	      1951	800020ec	003f8f93	addi	x31,x31,3	 x31:0x00000008 x31=0x0000000b
       19535000	      1952	800020f0	00400813	addi	x16,x0,4	  x0:0x00000000 x16=0x00000004
       19545000	      1953	800020f4	00e00d93	addi	x27,x0,14	  x0:0x00000000 x27=0x0000000e
       19555000	      1954	800020f8	a0368893	addi	x17,x13,-1533	 x13:0x00000012 x17=0xfffffa15
       19565000	      1955	800020fc	01603d33	sltu	x26,x0,x22	  x0:0x00000000 x22:0x00000000 x26=0x00000000
       19575000	      1956	80002100	00280813	addi	x16,x16,2	 x16:0x00000004 x16=0x00000006
       19585000	      1957	80002104	ffb86ce3	bltu	x16,x27,800020fc	 x16:0x00000006 x27:0x0000000e
       19595000	      1958	00000000	00000013	addi	x0,x0,0	  x0:0x00000000
       19605000	      1959	800020f8	00000013	addi	x0,x0,0	  x0:0x00000000
       19615000	      1960	800020fc	01603d33	sltu	x26,x0,x22	  x0:0x00000000 x22:0x00000000 x26=0x00000000
       19625000	      1961	80002100	00280813	addi	x16,x16,2	 x16:0x00000006 x16=0x00000008
       19635000	      1962	80002104	ffb86ce3	bltu	x16,x27,800020fc	 x16:0x00000008 x27:0x0000000e
       19645000	      1963	00000000	00000013	addi	x0,x0,0	  x0:0x00000000
       19655000	      1964	800020f8	00000013	addi	x0,x0,0	  x0:0x00000000
       19665000	      1965	800020fc	01603d33	sltu	x26,x0,x22	  x0:0x00000000 x22:0x00000000 x26=0x00000000
       19675000	      1966	80002100	00280813	addi	x16,x16,2	 x16:0x00000008 x16=0x0000000a
       19685000	      1967	80002104	ffb86ce3	bltu	x16,x27,800020fc	 x16:0x0000000a x27:0x0000000e
       19695000	      1968	00000000	00000013	addi	x0,x0,0	  x0:0x00000000
       19705000	      1969	800020f8	00000013	addi	x0,x0,0	  x0:0x00000000
       19715000	      1970	800020fc	01603d33	sltu	x26,x0,x22	  x0:0x00000000 x22:0x00000000 x26=0x00000000
       19725000	      1971	80002100	00280813	addi	x16,x16,2	 x16:0x0000000a x16=0x0000000c
       19735000	      1972	80002104	ffb86ce3	bltu	x16,x27,800020fc	 x16:0x0000000c x27:0x0000000e
       19745000	      1973	00000000	00000013	addi	x0,x0,0	  x0:0x00000000
       19755000	      1974	800020f8	00000013	addi	x0,x0,0	  x0:0x00000000
       19765000	      1975	800020fc	01603d33	sltu	x26,x0,x22	  x0:0x00000000 x22:0x00000000 x26=0x00000000
       19775000	      1976	80002100	00280813	addi	x16,x16,2	 x16:0x0000000c x16=0x0000000e
       19785000	      1977	80002104	ffb86ce3	bltu	x16,x27,800020fc	 x16:0x0000000e x27:0x0000000e
       19795000	      1978	80002108	fedfe0e3	bltu	x31,x13,800020e8	 x31:0x0000000b x13:0x00000012
       19805000	      1979	00000000	00000013	addi	x0,x0,0	  x0:0x00000000
       19815000	      1980	800020e4	00000013	addi	x0,x0,0	  x0:0x00000000
       19825000	      1981	800020e8	00b32733	slt	x14,x6,x11	  x6:0x7ffffedc x11:0x0007ffff x14=0x00000000
       19835000	      1982	800020ec	003f8f93	addi	x31,x31,3	 x31:0x0000000b x31=0x0000000e
       19845000	      1983	800020f0	00400813	addi	x16,x0,4	  x0:0x00000000 x16=0x00000004
       19855000	      1984	800020f4	00e00d93	addi	x27,x0,14	  x0:0x00000000 x27=0x0000000e
       19865000	      1985	800020f8	a0368893	addi	x17,x13,-1533	 x13:0x00000012 x17=0xfffffa15
       19875000	      1986	800020fc	01603d33	sltu	x26,x0,x22	  x0:0x00000000 x22:0x00000000 x26=0x00000000
       19885000	      1987	80002100	00280813	addi	x16,x16,2	 x16:0x00000004 x16=0x00000006
       19895000	      1988	80002104	ffb86ce3	bltu	x16,x27,800020fc	 x16:0x00000006 x27:0x0000000e
       19905000	      1989	00000000	00000013	addi	x0,x0,0	  x0:0x00000000
       19915000	      1990	800020f8	00000013	addi	x0,x0,0	  x0:0x00000000
       19925000	      1991	800020fc	01603d33	sltu	x26,x0,x22	  x0:0x00000000 x22:0x00000000 x26=0x00000000
       19935000	      1992	80002100	00280813	addi	x16,x16,2	 x16:0x00000006 x16=0x00000008
       19945000	      1993	80002104	ffb86ce3	bltu	x16,x27,800020fc	 x16:0x00000008 x27:0x0000000e
       19955000	      1994	00000000	00000013	addi	x0,x0,0	  x0:0x00000000
       19965000	      1995	800020f8	00000013	addi	x0,x0,0	  x0:0x00000000
       19975000	      1996	800020fc	01603d33	sltu	x26,x0,x22	  x0:0x00000000 x22:0x00000000 x26=0x00000000
       19985000	      1997	80002100	00280813	addi	x16,x16,2	 x16:0x00000008 x16=0x0000000a
       19995000	      1998	80002104	ffb86ce3	bltu	x16,x27,800020fc	 x16:0x0000000a x27:0x0000000e
       20005000	      1999	00000000	00000013	addi	x0,x0,0	  x0:0x00000000
       20015000	      2000	800020f8	00000013	addi	x0,x0,0	  x0:0x00000000
       20025000	      2001	800020fc	01603d33	sltu	x26,x0,x22	  x0:0x00000000 x22:0x00000000 x26=0x00000000
       20035000	      2002	80002100	00280813	addi	x16,x16,2	 x16:0x0000000a x16=0x0000000c
       20045000	      2003	80002104	ffb86ce3	bltu	x16,x27,800020fc	 x16:0x0000000c x27:0x0000000e
       20055000	      2004	00000000	00000013	addi	x0,x0,0	  x0:0x00000000
       20065000	      2005	800020f8	00000013	addi	x0,x0,0	  x0:0x00000000
       20075000	      2006	800020fc	01603d33	sltu	x26,x0,x22	  x0:0x00000000 x22:0x00000000 x26=0x00000000
       20085000	      2007	80002100	00280813	addi	x16,x16,2	 x16:0x0000000c x16=0x0000000e
       20095000	      2008	80002104	ffb86ce3	bltu	x16,x27,800020fc	 x16:0x0000000e x27:0x0000000e
       20105000	      2009	80002108	fedfe0e3	bltu	x31,x13,800020e8	 x31:0x0000000e x13:0x00000012
       20115000	      2010	00000000	00000013	addi	x0,x0,0	  x0:0x00000000
       20125000	      2011	800020e4	00000013	addi	x0,x0,0	  x0:0x00000000
       20135000	      2012	800020e8	00b32733	slt	x14,x6,x11	  x6:0x7ffffedc x11:0x0007ffff x14=0x00000000
       20145000	      2013	800020ec	003f8f93	addi	x31,x31,3	 x31:0x0000000e x31=0x00000011
       20155000	      2014	800020f0	00400813	addi	x16,x0,4	  x0:0x00000000 x16=0x00000004
       20165000	      2015	800020f4	00e00d93	addi	x27,x0,14	  x0:0x00000000 x27=0x0000000e
       20175000	      2016	800020f8	a0368893	addi	x17,x13,-1533	 x13:0x00000012 x17=0xfffffa15
       20185000	      2017	800020fc	01603d33	sltu	x26,x0,x22	  x0:0x00000000 x22:0x00000000 x26=0x00000000
       20195000	      2018	80002100	00280813	addi	x16,x16,2	 x16:0x00000004 x16=0x00000006
       20205000	      2019	80002104	ffb86ce3	bltu	x16,x27,800020fc	 x16:0x00000006 x27:0x0000000e
       20215000	      2020	00000000	00000013	addi	x0,x0,0	  x0:0x00000000
       20225000	      2021	800020f8	00000013	addi	x0,x0,0	  x0:0x00000000
       20235000	      2022	800020fc	01603d33	sltu	x26,x0,x22	  x0:0x00000000 x22:0x00000000 x26=0x00000000
       20245000	      2023	80002100	00280813	addi	x16,x16,2	 x16:0x00000006 x16=0x00000008
       20255000	      2024	80002104	ffb86ce3	bltu	x16,x27,800020fc	 x16:0x00000008 x27:0x0000000e
       20265000	      2025	00000000	00000013	addi	x0,x0,0	  x0:0x00000000
       20275000	      2026	800020f8	00000013	addi	x0,x0,0	  x0:0x00000000
       20285000	      2027	800020fc	01603d33	sltu	x26,x0,x22	  x0:0x00000000 x22:0x00000000 x26=0x00000000
       20295000	      2028	80002100	00280813	addi	x16,x16,2	 x16:0x00000008 x16=0x0000000a
       20305000	      2029	80002104	ffb86ce3	bltu	x16,x27,800020fc	 x16:0x0000000a x27:0x0000000e
       20315000	      2030	00000000	00000013	addi	x0,x0,0	  x0:0x00000000
       20325000	      2031	800020f8	00000013	addi	x0,x0,0	  x0:0x00000000
       20335000	      2032	800020fc	01603d33	sltu	x26,x0,x22	  x0:0x00000000 x22:0x00000000 x26=0x00000000
       20345000	      2033	80002100	00280813	addi	x16,x16,2	 x16:0x0000000a x16=0x0000000c
       20355000	      2034	80002104	ffb86ce3	bltu	x16,x27,800020fc	 x16:0x0000000c x27:0x0000000e
       20365000	      2035	00000000	00000013	addi	x0,x0,0	  x0:0x00000000
       20375000	      2036	800020f8	00000013	addi	x0,x0,0	  x0:0x00000000
       20385000	      2037	800020fc	01603d33	sltu	x26,x0,x22	  x0:0x00000000 x22:0x00000000 x26=0x00000000
       20395000	      2038	80002100	00280813	addi	x16,x16,2	 x16:0x0000000c x16=0x0000000e
       20405000	      2039	80002104	ffb86ce3	bltu	x16,x27,800020fc	 x16:0x0000000e x27:0x0000000e
       20415000	      2040	80002108	fedfe0e3	bltu	x31,x13,800020e8	 x31:0x00000011 x13:0x00000012
       20425000	      2041	00000000	00000013	addi	x0,x0,0	  x0:0x00000000
       20435000	      2042	800020e4	00000013	addi	x0,x0,0	  x0:0x00000000
       20445000	      2043	800020e8	00b32733	slt	x14,x6,x11	  x6:0x7ffffedc x11:0x0007ffff x14=0x00000000
       20455000	      2044	800020ec	003f8f93	addi	x31,x31,3	 x31:0x00000011 x31=0x00000014
       20465000	      2045	800020f0	00400813	addi	x16,x0,4	  x0:0x00000000 x16=0x00000004
       20475000	      2046	800020f4	00e00d93	addi	x27,x0,14	  x0:0x00000000 x27=0x0000000e
       20485000	      2047	800020f8	a0368893	addi	x17,x13,-1533	 x13:0x00000012 x17=0xfffffa15
       20495000	      2048	800020fc	01603d33	sltu	x26,x0,x22	  x0:0x00000000 x22:0x00000000 x26=0x00000000
       20505000	      2049	80002100	00280813	addi	x16,x16,2	 x16:0x00000004 x16=0x00000006
       20515000	      2050	80002104	ffb86ce3	bltu	x16,x27,800020fc	 x16:0x00000006 x27:0x0000000e
       20525000	      2051	00000000	00000013	addi	x0,x0,0	  x0:0x00000000
       20535000	      2052	800020f8	00000013	addi	x0,x0,0	  x0:0x00000000
       20545000	      2053	800020fc	01603d33	sltu	x26,x0,x22	  x0:0x00000000 x22:0x00000000 x26=0x00000000
       20555000	      2054	80002100	00280813	addi	x16,x16,2	 x16:0x00000006 x16=0x00000008
       20565000	      2055	80002104	ffb86ce3	bltu	x16,x27,800020fc	 x16:0x00000008 x27:0x0000000e
       20575000	      2056	00000000	00000013	addi	x0,x0,0	  x0:0x00000000
       20585000	      2057	800020f8	00000013	addi	x0,x0,0	  x0:0x00000000
       20595000	      2058	800020fc	01603d33	sltu	x26,x0,x22	  x0:0x00000000 x22:0x00000000 x26=0x00000000
       20605000	      2059	80002100	00280813	addi	x16,x16,2	 x16:0x00000008 x16=0x0000000a
       20615000	      2060	80002104	ffb86ce3	bltu	x16,x27,800020fc	 x16:0x0000000a x27:0x0000000e
       20625000	      2061	00000000	00000013	addi	x0,x0,0	  x0:0x00000000
       20635000	      2062	800020f8	00000013	addi	x0,x0,0	  x0:0x00000000
       20645000	      2063	800020fc	01603d33	sltu	x26,x0,x22	  x0:0x00000000 x22:0x00000000 x26=0x00000000
       20655000	      2064	80002100	00280813	addi	x16,x16,2	 x16:0x0000000a x16=0x0000000c
       20665000	      2065	80002104	ffb86ce3	bltu	x16,x27,800020fc	 x16:0x0000000c x27:0x0000000e
       20675000	      2066	00000000	00000013	addi	x0,x0,0	  x0:0x00000000
       20685000	      2067	800020f8	00000013	addi	x0,x0,0	  x0:0x00000000
       20695000	      2068	800020fc	01603d33	sltu	x26,x0,x22	  x0:0x00000000 x22:0x00000000 x26=0x00000000
       20705000	      2069	80002100	00280813	addi	x16,x16,2	 x16:0x0000000c x16=0x0000000e
       20715000	      2070	80002104	ffb86ce3	bltu	x16,x27,800020fc	 x16:0x0000000e x27:0x0000000e
       20725000	      2071	80002108	fedfe0e3	bltu	x31,x13,800020e8	 x31:0x00000014 x13:0x00000012
       20735000	      2072	8000210c	4ad14593	xori	x11,x2,1197	  x2:0x00000001 x11=0x000004ac
       20745000	      2073	80002110	00500893	addi	x17,x0,5	  x0:0x00000000 x17=0x00000005
       20755000	      2074	80002114	e543e113	ori	x2,x7,-428	  x7:0x00000006  x2=0xfffffe56
       20765000	      2075	80002118	0052fcb3	and	x25,x5,x5	  x5:0x00000000  x5:0x00000000 x25=0x00000000
       20775000	      2076	8000211c	404a59b3	sra	x19,x20,x4	 x20:0x00000000  x4:0xfffffff5 x19=0x00000000
       20785000	      2077	80002120	00e00093	addi	x1,x0,14	  x0:0x00000000  x1=0x0000000e
       20795000	      2078	80002124	000d3e33	sltu	x28,x26,x0	 x26:0x00000000  x0:0x00000000 x28=0x00000000
       20805000	      2079	80002128	014a96b3	sll	x13,x21,x20	 x21:0xfffff566 x20:0x00000000 x13=0xfffff566
       20815000	      2080	8000212c	4111ec93	ori	x25,x3,1041	  x3:0xe97ff000 x25=0xe97ff411
       20825000	      2081	80002130	c73eb193	sltiu	x3,x29,-909	 x29:0x000003df  x3=0x00000001
       20835000	      2082	80002134	4a4a0013	addi	x0,x20,1188	 x20:0x00000000
       20845000	      2083	80002138	003bde13	srli	x28,x23,0x3	 x23:0x00000008 x28=0x00000001
       20855000	      2084	8000213c	00988893	addi	x17,x17,9	 x17:0x00000005 x17=0x0000000e
       20865000	      2085	80002140	67733693	sltiu	x13,x6,1655	  x6:0x7ffffedc x13=0x00000000
       20875000	      2086	80002144	41b65fb3	sra	x31,x12,x27	 x12:0x80009fc4 x27:0x0000000e x31=0xfffe0002
       20885000	      2087	80002148	006b0d33	add	x26,x22,x6	 x22:0x00000000  x6:0x7ffffedc x26=0x7ffffedc
       20895000	      2088	8000214c	013d13b3	sll	x7,x26,x19	 x26:0x7ffffedc x19:0x00000000  x7=0x7ffffedc
       20905000	      2089	80002150	2b94fe17	auipc	x28,0x2b94f	 x28=0xab95114c
       20915000	      2090	80002154	354dcf13	xori	x30,x27,852	 x27:0x0000000e x30=0x0000035a
       20925000	      2091	80002158	0051dab3	srl	x21,x3,x5	  x3:0x00000001  x5:0x00000000 x21=0x00000001
       20935000	      2092	8000215c	0184b2b3	sltu	x5,x9,x24	  x9:0xfffff808 x24:0x00000000  x5=0x00000000
       20945000	      2093	80002160	0111ee33	or	x28,x3,x17	  x3:0x00000001 x17:0x0000000e x28=0x0000000f
       20955000	      2094	80002164	fc1894e3	bne	x17,x1,8000212c	 x17:0x0000000e  x1:0x0000000e
       20965000	      2095	80002168	01048933	add	x18,x9,x16	  x9:0xfffff808 x16:0x0000000e x18=0xfffff816
       20975000	      2096	8000216c	00100313	addi	x6,x0,1	  x0:0x00000000  x6=0x00000001
       20985000	      2097	80002170	001344b3	xor	x9,x6,x1	  x6:0x00000001  x1:0x0000000e  x9=0x0000000f
       20995000	      2098	80002174	74bdc113	xori	x2,x27,1867	 x27:0x0000000e  x2=0x00000745
       21005000	      2099	80002178	00c9e233	or	x4,x19,x12	 x19:0x00000000 x12:0x80009fc4  x4=0x80009fc4
       21015000	      2100	8000217c	01300993	addi	x19,x0,19	  x0:0x00000000 x19=0x00000013
       21025000	      2101	80002180	2d36a213	slti	x4,x13,723	 x13:0x00000000  x4=0x00000001
       21035000	      2102	80002184	00830313	addi	x6,x6,8	  x6:0x00000001  x6=0x00000009
       21045000	      2103	80002188	e572e113	ori	x2,x5,-425	  x5:0x00000000  x2=0xfffffe57
       21055000	      2104	8000218c	41ce0133	sub	x2,x28,x28	 x28:0x0000000f x28:0x0000000f  x2=0x00000000
       21065000	      2105	80002190	2b156713	ori	x14,x10,689	 x10:0xfffffff1 x14=0xfffffff1
       21075000	      2106	80002194	406f5d13	srai	x26,x30,0x6	 x30:0x0000035a x26=0x0000000d
       21085000	      2107	80002198	01a2f433	and	x8,x5,x26	  x5:0x00000000 x26:0x0000000d  x8=0x00000000
       21095000	      2108	8000219c	ff3362e3	bltu	x6,x19,80002180	  x6:0x00000009 x19:0x00000013
       21105000	      2109	00000000	00000013	addi	x0,x0,0	  x0:0x00000000
       21115000	      2110	8000217c	00000013	addi	x0,x0,0	  x0:0x00000000
       21125000	      2111	80002180	2d36a213	slti	x4,x13,723	 x13:0x00000000  x4=0x00000001
       21135000	      2112	80002184	00830313	addi	x6,x6,8	  x6:0x00000009  x6=0x00000011
       21145000	      2113	80002188	e572e113	ori	x2,x5,-425	  x5:0x00000000  x2=0xfffffe57
       21155000	      2114	8000218c	41ce0133	sub	x2,x28,x28	 x28:0x0000000f x28:0x0000000f  x2=0x00000000
       21165000	      2115	80002190	2b156713	ori	x14,x10,689	 x10:0xfffffff1 x14=0xfffffff1
       21175000	      2116	80002194	406f5d13	srai	x26,x30,0x6	 x30:0x0000035a x26=0x0000000d
       21185000	      2117	80002198	01a2f433	and	x8,x5,x26	  x5:0x00000000 x26:0x0000000d  x8=0x00000000
       21195000	      2118	8000219c	ff3362e3	bltu	x6,x19,80002180	  x6:0x00000011 x19:0x00000013
       21205000	      2119	00000000	00000013	addi	x0,x0,0	  x0:0x00000000
       21215000	      2120	8000217c	00000013	addi	x0,x0,0	  x0:0x00000000
       21225000	      2121	80002180	2d36a213	slti	x4,x13,723	 x13:0x00000000  x4=0x00000001
       21235000	      2122	80002184	00830313	addi	x6,x6,8	  x6:0x00000011  x6=0x00000019
       21245000	      2123	80002188	e572e113	ori	x2,x5,-425	  x5:0x00000000  x2=0xfffffe57
       21255000	      2124	8000218c	41ce0133	sub	x2,x28,x28	 x28:0x0000000f x28:0x0000000f  x2=0x00000000
       21265000	      2125	80002190	2b156713	ori	x14,x10,689	 x10:0xfffffff1 x14=0xfffffff1
       21275000	      2126	80002194	406f5d13	srai	x26,x30,0x6	 x30:0x0000035a x26=0x0000000d
       21285000	      2127	80002198	01a2f433	and	x8,x5,x26	  x5:0x00000000 x26:0x0000000d  x8=0x00000000
       21295000	      2128	8000219c	ff3362e3	bltu	x6,x19,80002180	  x6:0x00000019 x19:0x00000013
       21305000	      2129	800021a0	00000013	addi	x0,x0,0	  x0:0x00000000
       21315000	      2130	800021a4	ffa00c13	addi	x24,x0,-6	  x0:0x00000000 x24=0xfffffffa
       21325000	      2131	800021a8	453d0013	addi	x0,x26,1107	 x26:0x0000000d
       21335000	      2132	800021ac	ea6fa293	slti	x5,x31,-346	 x31:0xfffe0002  x5=0x00000001
       21345000	      2133	800021b0	00900f93	addi	x31,x0,9	  x0:0x00000000 x31=0x00000009
       21355000	      2134	800021b4	010725b3	slt	x11,x14,x16	 x14:0xfffffff1 x16:0x0000000e x11=0x00000001
       21365000	      2135	800021b8	41d95213	srai	x4,x18,0x1d	 x18:0xfffff816  x4=0xffffffff
       21375000	      2136	800021bc	01dc0f33	add	x30,x24,x29	 x24:0xfffffffa x29:0x000003df x30=0x000003d9
       21385000	      2137	800021c0	40a25513	srai	x10,x4,0xa	  x4:0xffffffff x10=0xffffffff
       21395000	      2138	800021c4	d4a24413	xori	x8,x4,-694	  x4:0xffffffff  x8=0x000002b5
       21405000	      2139	800021c8	005c0c13	addi	x24,x24,5	 x24:0xfffffffa x24=0xffffffff
       21415000	      2140	800021cc	41b4db13	srai	x22,x9,0x1b	  x9:0x0000000f x22=0x00000000
       21425000	      2141	800021d0	000bd3b3	srl	x7,x23,x0	 x23:0x00000008  x0:0x00000000  x7=0x00000008
       21435000	      2142	800021d4	50de8f13	addi	x30,x29,1293	 x29:0x000003df x30=0x000008ec
       21445000	      2143	800021d8	6b4ad317	auipc	x6,0x6b4ad	  x6=0xeb4af1d4
       21455000	      2144	800021dc	ffd00893	addi	x17,x0,-3	  x0:0x00000000 x17=0xfffffffd
       21465000	      2145	800021e0	01a70933	add	x18,x14,x26	 x14:0xfffffff1 x26:0x0000000d x18=0xfffffffe
       21475000	      2146	800021e4	b7ed4537	lui	x10,0xb7ed4	 x10=0xb7ed4000
       21485000	      2147	800021e8	ff400b93	addi	x23,x0,-12	  x0:0x00000000 x23=0xfffffff4
       21495000	      2148	800021ec	81d6a693	slti	x13,x13,-2019	 x13:0x00000000 x13=0x00000000
       21505000	      2149	800021f0	41165133	sra	x2,x12,x17	 x12:0x80009fc4 x17:0xfffffffd  x2=0xfffffffc
       21515000	      2150	800021f4	ee39f593	andi	x11,x19,-285	 x19:0x00000013 x11=0x00000003
       21525000	      2151	800021f8	0a3a0713	addi	x14,x20,163	 x20:0x00000000 x14=0x000000a3
       21535000	      2152	800021fc	01419133	sll	x2,x3,x20	  x3:0x00000001 x20:0x00000000  x2=0x00000001
       21545000	      2153	80002200	41c30e33	sub	x28,x6,x28	  x6:0xeb4af1d4 x28:0x0000000f x28=0xeb4af1c5
       21555000	      2154	80002204	01f5aeb3	slt	x29,x11,x31	 x11:0x00000003 x31:0x00000009 x29=0x00000001
       21565000	      2155	80002208	400b5433	sra	x8,x22,x0	 x22:0x00000000  x0:0x00000000  x8=0x00000000
       21575000	      2156	8000220c	001fc033	xor	x0,x31,x1	 x31:0x00000009  x1:0x0000000e
       21585000	      2157	80002210	00685eb3	srl	x29,x16,x6	 x16:0x0000000e  x6:0xeb4af1d4 x29=0x00000000
       21595000	      2158	80002214	ffd88893	addi	x17,x17,-3	 x17:0xfffffffd x17=0xfffffffa
       21605000	      2159	80002218	003254b3	srl	x9,x4,x3	  x4:0xffffffff  x3:0x00000001  x9=0x7fffffff
       21615000	      2160	8000221c	409200b3	sub	x1,x4,x9	  x4:0xffffffff  x9:0x7fffffff  x1=0x80000000
       21625000	      2161	80002220	ff7890e3	bne	x17,x23,80002200	 x17:0xfffffffa x23:0xfffffff4
       21635000	      2162	00000000	00000013	addi	x0,x0,0	  x0:0x00000000
       21645000	      2163	800021fc	00000013	addi	x0,x0,0	  x0:0x00000000
       21655000	      2164	80002200	41c30e33	sub	x28,x6,x28	  x6:0xeb4af1d4 x28:0xeb4af1c5 x28=0x0000000f
       21665000	      2165	80002204	01f5aeb3	slt	x29,x11,x31	 x11:0x00000003 x31:0x00000009 x29=0x00000001
       21675000	      2166	80002208	400b5433	sra	x8,x22,x0	 x22:0x00000000  x0:0x00000000  x8=0x00000000
       21685000	      2167	8000220c	001fc033	xor	x0,x31,x1	 x31:0x00000009  x1:0x80000000
       21695000	      2168	80002210	00685eb3	srl	x29,x16,x6	 x16:0x0000000e  x6:0xeb4af1d4 x29=0x00000000
       21705000	      2169	80002214	ffd88893	addi	x17,x17,-3	 x17:0xfffffffa x17=0xfffffff7
       21715000	      2170	80002218	003254b3	srl	x9,x4,x3	  x4:0xffffffff  x3:0x00000001  x9=0x7fffffff
       21725000	      2171	8000221c	409200b3	sub	x1,x4,x9	  x4:0xffffffff  x9:0x7fffffff  x1=0x80000000
       21735000	      2172	80002220	ff7890e3	bne	x17,x23,80002200	 x17:0xfffffff7 x23:0xfffffff4
       21745000	      2173	00000000	00000013	addi	x0,x0,0	  x0:0x00000000
       21755000	      2174	800021fc	00000013	addi	x0,x0,0	  x0:0x00000000
       21765000	      2175	80002200	41c30e33	sub	x28,x6,x28	  x6:0xeb4af1d4 x28:0x0000000f x28=0xeb4af1c5
       21775000	      2176	80002204	01f5aeb3	slt	x29,x11,x31	 x11:0x00000003 x31:0x00000009 x29=0x00000001
       21785000	      2177	80002208	400b5433	sra	x8,x22,x0	 x22:0x00000000  x0:0x00000000  x8=0x00000000
       21795000	      2178	8000220c	001fc033	xor	x0,x31,x1	 x31:0x00000009  x1:0x80000000
       21805000	      2179	80002210	00685eb3	srl	x29,x16,x6	 x16:0x0000000e  x6:0xeb4af1d4 x29=0x00000000
       21815000	      2180	80002214	ffd88893	addi	x17,x17,-3	 x17:0xfffffff7 x17=0xfffffff4
       21825000	      2181	80002218	003254b3	srl	x9,x4,x3	  x4:0xffffffff  x3:0x00000001  x9=0x7fffffff
       21835000	      2182	8000221c	409200b3	sub	x1,x4,x9	  x4:0xffffffff  x9:0x7fffffff  x1=0x80000000
       21845000	      2183	80002220	ff7890e3	bne	x17,x23,80002200	 x17:0xfffffff4 x23:0xfffffff4
       21855000	      2184	80002224	fbfc00e3	beq	x24,x31,800021c4	 x24:0xffffffff x31:0x00000009
       21865000	      2185	80002228	eddd3313	sltiu	x6,x26,-291	 x26:0x0000000d  x6=0x00000001
       21875000	      2186	8000222c	2c5a8213	addi	x4,x21,709	 x21:0x00000001  x4=0x000002c6
       21885000	      2187	80002230	6ba8c113	xori	x2,x17,1722	 x17:0xfffffff4  x2=0xfffff94e
       21895000	      2188	80002234	41465f13	srai	x30,x12,0x14	 x12:0x80009fc4 x30=0xfffff800
       21905000	      2189	80002238	f7667e13	andi	x28,x12,-138	 x12:0x80009fc4 x28=0x80009f44
       21915000	      2190	8000223c	03b5e663	bltu	x11,x27,80002268	 x11:0x00000003 x27:0x0000000e
       21925000	      2191	00000000	00000013	addi	x0,x0,0	  x0:0x00000000
       21935000	      2192	80002264	00000013	addi	x0,x0,0	  x0:0x00000000
       21945000	      2193	80002268	046f7863	bgeu	x30,x6,800022b8	 x30:0xfffff800  x6:0x00000001
       21955000	      2194	00000000	00000013	addi	x0,x0,0	  x0:0x00000000
       21965000	      2195	800022b4	00000013	addi	x0,x0,0	  x0:0x00000000
       21975000	      2196	800022b8	0123bb33	sltu	x22,x7,x18	  x7:0x00000008 x18:0xfffffffe x22=0x00000001
       21985000	      2197	800022bc	010ef0b3	and	x1,x29,x16	 x29:0x00000000 x16:0x0000000e  x1=0x00000000
       21995000	      2198	800022c0	00309733	sll	x14,x1,x3	  x1:0x00000000  x3:0x00000001 x14=0x00000000
       22005000	      2199	800022c4	00000013	addi	x0,x0,0	  x0:0x00000000
       22015000	      2200	800022c8	4091d033	sra	x0,x3,x9	  x3:0x00000001  x9:0x7fffffff
       22025000	      2201	800022cc	016900b3	add	x1,x18,x22	 x18:0xfffffffe x22:0x00000001  x1=0xffffffff
       22035000	      2202	800022d0	005ba133	slt	x2,x23,x5	 x23:0xfffffff4  x5:0x00000001  x2=0x00000001
       22045000	      2203	800022d4	f66eb213	sltiu	x4,x29,-154	 x29:0x00000000  x4=0x00000001
       22055000	      2204	800022d8	0258d063	bge	x17,x5,800022f8	 x17:0xfffffff4  x5:0x00000001
       22065000	      2205	800022dc	00db9233	sll	x4,x23,x13	 x23:0xfffffff4 x13:0x00000000  x4=0xfffffff4
       22075000	      2206	800022e0	0036e433	or	x8,x13,x3	 x13:0x00000000  x3:0x00000001  x8=0x00000001
       22085000	      2207	800022e4	8853af93	slti	x31,x7,-1915	  x7:0x00000008 x31=0x00000000
       22095000	      2208	800022e8	54ad5c37	lui	x24,0x54ad5	 x24=0x54ad5000
       22105000	      2209	800022ec	00acd093	srli	x1,x25,0xa	 x25:0xe97ff411  x1=0x003a5ffd
       22115000	      2210	800022f0	00e43333	sltu	x6,x8,x14	  x8:0x00000001 x14:0x00000000  x6=0x00000000
       22125000	      2211	800022f4	00534433	xor	x8,x6,x5	  x6:0x00000000  x5:0x00000001  x8=0x00000001
       22135000	      2212	800022f8	0103ca63	blt	x7,x16,8000230c	  x7:0x00000008 x16:0x0000000e
       22145000	      2213	00000000	00000013	addi	x0,x0,0	  x0:0x00000000
       22155000	      2214	80002308	00000013	addi	x0,x0,0	  x0:0x00000000
       22165000	      2215	8000230c	03f9f463	bgeu	x19,x31,80002334	 x19:0x00000013 x31:0x00000000
       22175000	      2216	00000000	00000013	addi	x0,x0,0	  x0:0x00000000
       22185000	      2217	80002330	00000013	addi	x0,x0,0	  x0:0x00000000
       22195000	      2218	80002334	01c9cdb3	xor	x27,x19,x28	 x19:0x00000013 x28:0x80009f44 x27=0x80009f57
       22205000	      2219	80002338	02c38263	beq	x7,x12,8000235c	  x7:0x00000008 x12:0x80009fc4
       22215000	      2220	8000233c	02c08063	beq	x1,x12,8000235c	  x1:0x003a5ffd x12:0x80009fc4
       22225000	      2221	80002340	01fff733	and	x14,x31,x31	 x31:0x00000000 x31:0x00000000 x14=0x00000000
       22235000	      2222	80002344	00000013	addi	x0,x0,0	  x0:0x00000000
       22245000	      2223	80002348	dc573d13	sltiu	x26,x14,-571	 x14:0x00000000 x26=0x00000001
       22255000	      2224	8000234c	0569e263	bltu	x19,x22,80002390	 x19:0x00000013 x22:0x00000001
       22265000	      2225	80002350	a32b3993	sltiu	x19,x22,-1486	 x22:0x00000001 x19=0x00000001
       22275000	      2226	80002354	4127d5b3	sra	x11,x15,x18	 x15:0x80009f6c x18:0xfffffffe x11=0xfffffffe
       22285000	      2227	80002358	23b67013	andi	x0,x12,571	 x12:0x80009fc4
       22295000	      2228	8000235c	011f1393	slli	x7,x30,0x11	 x30:0xfffff800  x7=0xf0000000
       22305000	      2229	80002360	02784e63	blt	x16,x7,8000239c	 x16:0x0000000e  x7:0xf0000000
       22315000	      2230	80002364	00000013	addi	x0,x0,0	  x0:0x00000000
       22325000	      2231	80002368	001f5e33	srl	x28,x30,x1	 x30:0xfffff800  x1:0x003a5ffd x28=0x00000007
       22335000	      2232	8000236c	41da5393	srai	x7,x20,0x1d	 x20:0x00000000  x7=0x00000000
       22345000	      2233	80002370	726ca113	slti	x2,x25,1830	 x25:0xe97ff411  x2=0x00000001
       22355000	      2234	80002374	003091b3	sll	x3,x1,x3	  x1:0x003a5ffd  x3:0x00000001  x3=0x0074bffa
       22365000	      2235	80002378	01429e13	slli	x28,x5,0x14	  x5:0x00000001 x28=0x00100000
       22375000	      2236	8000237c	00c77263	bgeu	x14,x12,80002380	 x14:0x00000000 x12:0x80009fc4
       22385000	      2237	80002380	00352333	slt	x6,x10,x3	 x10:0xb7ed4000  x3:0x0074bffa  x6=0x00000001
       22395000	      2238	80002384	03a06263	bltu	x0,x26,800023a8	  x0:0x00000000 x26:0x00000001
       22405000	      2239	00000000	00000013	addi	x0,x0,0	  x0:0x00000000
       22415000	      2240	800023a4	00000013	addi	x0,x0,0	  x0:0x00000000
       22425000	      2241	800023a8	2ffb8e93	addi	x29,x23,767	 x23:0xfffffff4 x29=0x000002f3
       22435000	      2242	800023ac	000c2bb3	slt	x23,x24,x0	 x24:0x54ad5000  x0:0x00000000 x23=0x00000000
       22445000	      2243	800023b0	73fd3493	sltiu	x9,x26,1855	 x26:0x00000001  x9=0x00000001
       22455000	      2244	800023b4	9797af13	slti	x30,x15,-1671	 x15:0x80009f6c x30=0x00000001
       22465000	      2245	800023b8	00910db3	add	x27,x2,x9	  x2:0x00000001  x9:0x00000001 x27=0x00000002
       22475000	      2246	800023bc	00eb33b3	sltu	x7,x22,x14	 x22:0x00000001 x14:0x00000000  x7=0x00000000
       22485000	      2247	800023c0	0019ed33	or	x26,x19,x1	 x19:0x00000001  x1:0x003a5ffd x26=0x003a5ffd
       22495000	      2248	800023c4	03690863	beq	x18,x22,800023f4	 x18:0xfffffffe x22:0x00000001
       22505000	      2249	800023c8	412b5893	srai	x17,x22,0x12	 x22:0x00000001 x17=0x00000000
       22515000	      2250	800023cc	01a17cb3	and	x25,x2,x26	  x2:0x00000001 x26:0x003a5ffd x25=0x00000001
       22525000	      2251	800023d0	88f27837	lui	x16,0x88f27	 x16=0x88f27000
       22535000	      2252	800023d4	00f7d933	srl	x18,x15,x15	 x15:0x80009f6c x15:0x80009f6c x18=0x00080009
       22545000	      2253	800023d8	0026bbb3	sltu	x23,x13,x2	 x13:0x00000000  x2:0x00000001 x23=0x00000001
       22555000	      2254	800023dc	00b4dfb3	srl	x31,x9,x11	  x9:0x00000001 x11:0xfffffffe x31=0x00000000
       22565000	      2255	800023e0	359958b7	lui	x17,0x35995	 x17=0x35995000
       22575000	      2256	800023e4	01359263	bne	x11,x19,800023e8	 x11:0xfffffffe x19:0x00000001
       22585000	      2257	00000000	00000013	addi	x0,x0,0	  x0:0x00000000
       22595000	      2258	800023e4	00000013	addi	x0,x0,0	  x0:0x00000000
       22605000	      2259	800023e8	73cfb397	auipc	x7,0x73cfb	  x7=0xf3cfd3e4
       22615000	      2260	800023ec	4005d333	sra	x6,x11,x0	 x11:0xfffffffe  x0:0x00000000  x6=0xfffffffe
       22625000	      2261	800023f0	8e68d817	auipc	x16,0x8e68d	 x16=0x0e68f3ec
       22635000	      2262	800023f4	03a8f663	bgeu	x17,x26,80002420	 x17:0x35995000 x26:0x003a5ffd
       22645000	      2263	00000000	00000013	addi	x0,x0,0	  x0:0x00000000
       22655000	      2264	8000241c	00000013	addi	x0,x0,0	  x0:0x00000000
       22665000	      2265	80002420	400ad013	srai	x0,x21,0x0	 x21:0x00000001
       22675000	      2266	80002424	324f0413	addi	x8,x30,804	 x30:0x00000001  x8=0x00000325
       22685000	      2267	80002428	007e9293	slli	x5,x29,0x7	 x29:0x000002f3  x5=0x00017980
       22695000	      2268	8000242c	01ad2333	slt	x6,x26,x26	 x26:0x003a5ffd x26:0x003a5ffd  x6=0x00000000
       22705000	      2269	80002430	00853eb3	sltu	x29,x10,x8	 x10:0xb7ed4000  x8:0x00000325 x29=0x00000000
       22715000	      2270	80002434	00e7dc63	bge	x15,x14,8000244c	 x15:0x80009f6c x14:0x00000000
       22725000	      2271	80002438	05f6d263	bge	x13,x31,8000247c	 x13:0x00000000 x31:0x00000000
       22735000	      2272	00000000	00000013	addi	x0,x0,0	  x0:0x00000000
       22745000	      2273	80002478	00000013	addi	x0,x0,0	  x0:0x00000000
       22755000	      2274	8000247c	01090cb3	add	x25,x18,x16	 x18:0x00080009 x16:0x0e68f3ec x25=0x0e70f3f5
       22765000	      2275	80002480	41a10c33	sub	x24,x2,x26	  x2:0x00000001 x26:0x003a5ffd x24=0xffc5a004
       22775000	      2276	80002484	016a1fb3	sll	x31,x20,x22	 x20:0x00000000 x22:0x00000001 x31=0x00000000
       22785000	      2277	80002488	03896263	bltu	x18,x24,800024ac	 x18:0x00080009 x24:0xffc5a004
       22795000	      2278	00000000	00000013	addi	x0,x0,0	  x0:0x00000000
       22805000	      2279	800024a8	00000013	addi	x0,x0,0	  x0:0x00000000
       22815000	      2280	800024ac	00000013	addi	x0,x0,0	  x0:0x00000000
       22825000	      2281	800024b0	017bd4b3	srl	x9,x23,x23	 x23:0x00000001 x23:0x00000001  x9=0x00000000
       22835000	      2282	800024b4	81756b93	ori	x23,x10,-2025	 x10:0xb7ed4000 x23=0xfffff817
       22845000	      2283	800024b8	014c1193	slli	x3,x24,0x14	 x24:0xffc5a004  x3=0x00400000
       22855000	      2284	800024bc	c1327d13	andi	x26,x4,-1005	  x4:0xfffffff4 x26=0xfffffc10
       22865000	      2285	800024c0	004651b3	srl	x3,x12,x4	 x12:0x80009fc4  x4:0xfffffff4  x3=0x00000800
       22875000	      2286	800024c4	0145c263	blt	x11,x20,800024c8	 x11:0xfffffffe x20:0x00000000
       22885000	      2287	00000000	00000013	addi	x0,x0,0	  x0:0x00000000
       22895000	      2288	800024c4	00000013	addi	x0,x0,0	  x0:0x00000000
       22905000	      2289	800024c8	05918263	beq	x3,x25,8000250c	  x3:0x00000800 x25:0x0e70f3f5
       22915000	      2290	800024cc	00f55033	srl	x0,x10,x15	 x10:0xb7ed4000 x15:0x80009f6c
       22925000	      2291	800024d0	00670e63	beq	x14,x6,800024ec	 x14:0x00000000  x6:0x00000000
       22935000	      2292	00000000	00000013	addi	x0,x0,0	  x0:0x00000000
       22945000	      2293	800024e8	00000013	addi	x0,x0,0	  x0:0x00000000
       22955000	      2294	800024ec	05997463	bgeu	x18,x25,80002534	 x18:0x00080009 x25:0x0e70f3f5
       22965000	      2295	800024f0	0195aab3	slt	x21,x11,x25	 x11:0xfffffffe x25:0x0e70f3f5 x21=0x00000001
       22975000	      2296	800024f4	01b4ebb3	or	x23,x9,x27	  x9:0x00000000 x27:0x00000002 x23=0x00000002
       22985000	      2297	800024f8	039ad663	bge	x21,x25,80002524	 x21:0x00000001 x25:0x0e70f3f5
       22995000	      2298	800024fc	02f1f063	bgeu	x3,x15,8000251c	  x3:0x00000800 x15:0x80009f6c
       23005000	      2299	80002500	7c4d0e93	addi	x29,x26,1988	 x26:0xfffffc10 x29=0x000003d4
       23015000	      2300	80002504	9bffd297	auipc	x5,0x9bffd	  x5=0x1bfff500
       23025000	      2301	80002508	01f53833	sltu	x16,x10,x31	 x10:0xb7ed4000 x31:0x00000000 x16=0x00000000
       23035000	      2302	8000250c	00000013	addi	x0,x0,0	  x0:0x00000000
       23045000	      2303	80002510	03d5ce63	blt	x11,x29,8000254c	 x11:0xfffffffe x29:0x000003d4
       23055000	      2304	00000000	00000013	addi	x0,x0,0	  x0:0x00000000
       23065000	      2305	80002548	00000013	addi	x0,x0,0	  x0:0x00000000
       23075000	      2306	8000254c	40ddd413	srai	x8,x27,0xd	 x27:0x00000002  x8=0x00000000
       23085000	      2307	80002550	017992b3	sll	x5,x19,x23	 x19:0x00000001 x23:0x00000002  x5=0x00000004
       23095000	      2308	80002554	014db0b3	sltu	x1,x27,x20	 x27:0x00000002 x20:0x00000000  x1=0x00000000
       23105000	      2309	80002558	c572ec93	ori	x25,x5,-937	  x5:0x00000004 x25=0xfffffc57
       23115000	      2310	8000255c	84ae4517	auipc	x10,0x84ae4	 x10=0x04ae6558
       23125000	      2311	80002560	ff951d97	auipc	x27,0xff951	 x27=0x7f95355c
       23135000	      2312	80002564	70344c13	xori	x24,x8,1795	  x8:0x00000000 x24=0x00000703
       23145000	      2313	80002568	00ef5a63	bge	x30,x14,8000257c	 x30:0x00000001 x14:0x00000000
       23155000	      2314	00000000	00000013	addi	x0,x0,0	  x0:0x00000000
       23165000	      2315	80002578	00000013	addi	x0,x0,0	  x0:0x00000000
       23175000	      2316	8000257c	00a1a3b3	slt	x7,x3,x10	  x3:0x00000800 x10:0x04ae6558  x7=0x00000001
       23185000	      2317	80002580	0250fe63	bgeu	x1,x5,800025bc	  x1:0x00000000  x5:0x00000004
       23195000	      2318	80002584	00d620b3	slt	x1,x12,x13	 x12:0x80009fc4 x13:0x00000000  x1=0x00000001
       23205000	      2319	80002588	ee38c113	xori	x2,x17,-285	 x17:0x35995000  x2=0xca66aee3
       23215000	      2320	8000258c	043eb297	auipc	x5,0x43eb	  x5=0x843ed588
       23225000	      2321	80002590	3963dab7	lui	x21,0x3963d	 x21=0x3963d000
       23235000	      2322	80002594	014e6ab3	or	x21,x28,x20	 x28:0x00100000 x20:0x00000000 x21=0x00100000
       23245000	      2323	80002598	036c8663	beq	x25,x22,800025c4	 x25:0xfffffc57 x22:0x00000001
       23255000	      2324	8000259c	f7f30b13	addi	x22,x6,-129	  x6:0x00000000 x22=0xffffff7f
       23265000	      2325	800025a0	0178b1b3	sltu	x3,x17,x23	 x17:0x35995000 x23:0x00000002  x3=0x00000000
       23275000	      2326	800025a4	0037db93	srli	x23,x15,0x3	 x15:0x80009f6c x23=0x100013ed
       23285000	      2327	800025a8	01d0fc63	bgeu	x1,x29,800025c0	  x1:0x00000001 x29:0x000003d4
       23295000	      2328	800025ac	81e12337	lui	x6,0x81e12	  x6=0x81e12000
       23305000	      2329	800025b0	00000013	addi	x0,x0,0	  x0:0x00000000
       23315000	      2330	800025b4	0184eeb3	or	x29,x9,x24	  x9:0x00000000 x24:0x00000703 x29=0x00000703
       23325000	      2331	800025b8	0366d463	bge	x13,x22,800025e0	 x13:0x00000000 x22:0xffffff7f
       23335000	      2332	00000000	00000013	addi	x0,x0,0	  x0:0x00000000
       23345000	      2333	800025dc	00000013	addi	x0,x0,0	  x0:0x00000000
       23355000	      2334	800025e0	f04ea213	slti	x4,x29,-252	 x29:0x00000703  x4=0x00000000
       23365000	      2335	800025e4	bc83f117	auipc	x2,0xbc83f	  x2=0x3c8415e0
       23375000	      2336	800025e8	02fdf463	bgeu	x27,x15,80002610	 x27:0x7f95355c x15:0x80009f6c
       23385000	      2337	800025ec	00335b33	srl	x22,x6,x3	  x6:0x81e12000  x3:0x00000000 x22=0x81e12000
       23395000	      2338	800025f0	3202b893	sltiu	x17,x5,800	  x5:0x843ed588 x17=0x00000000
       23405000	      2339	800025f4	411452b3	sra	x5,x8,x17	  x8:0x00000000 x17:0x00000000  x5=0x00000000
       23415000	      2340	800025f8	01a06433	or	x8,x0,x26	  x0:0x00000000 x26:0xfffffc10  x8=0xfffffc10
       23425000	      2341	800025fc	03454063	blt	x10,x20,8000261c	 x10:0x04ae6558 x20:0x00000000
       23435000	      2342	80002600	00d868b3	or	x17,x16,x13	 x16:0x00000000 x13:0x00000000 x17=0x00000000
       23445000	      2343	80002604	2779a237	lui	x4,0x2779a	  x4=0x2779a000
       23455000	      2344	80002608	41bc0533	sub	x10,x24,x27	 x24:0x00000703 x27:0x7f95355c x10=0x806ad1a7
       23465000	      2345	8000260c	40a70233	sub	x4,x14,x10	 x14:0x00000000 x10:0x806ad1a7  x4=0x7f952e59
       23475000	      2346	80002610	41a9a413	slti	x8,x19,1050	 x19:0x00000001  x8=0x00000001
       23485000	      2347	80002614	0180c2b3	xor	x5,x1,x24	  x1:0x00000001 x24:0x00000703  x5=0x00000702
       23495000	      2348	80002618	0046d3b3	srl	x7,x13,x4	 x13:0x00000000  x4:0x7f952e59  x7=0x00000000
       23505000	      2349	8000261c	01e7f933	and	x18,x15,x30	 x15:0x80009f6c x30:0x00000001 x18=0x00000000
       23515000	      2350	80002620	009c6bb3	or	x23,x24,x9	 x24:0x00000703  x9:0x00000000 x23=0x00000703
       23525000	      2351	80002624	03b45263	bge	x8,x27,80002648	  x8:0x00000001 x27:0x7f95355c
       23535000	      2352	80002628	00d99093	slli	x1,x19,0xd	 x19:0x00000001  x1=0x00002000
       23545000	      2353	8000262c	28286913	ori	x18,x16,642	 x16:0x00000000 x18=0x00000282
       23555000	      2354	80002630	03ae7263	bgeu	x28,x26,80002654	 x28:0x00100000 x26:0xfffffc10
       23565000	      2355	80002634	00118bb3	add	x23,x3,x1	  x3:0x00000000  x1:0x00002000 x23=0x00002000
       23575000	      2356	80002638	df884413	xori	x8,x16,-520	 x16:0x00000000  x8=0xfffffdf8
       23585000	      2357	8000263c	9d87a013	slti	x0,x15,-1576	 x15:0x80009f6c
       23595000	      2358	80002640	0136fab3	and	x21,x13,x19	 x13:0x00000000 x19:0x00000001 x21=0x00000000
       23605000	      2359	80002644	4c834493	xori	x9,x6,1224	  x6:0x81e12000  x9=0x81e124c8
       23615000	      2360	80002648	00d2d2b3	srl	x5,x5,x13	  x5:0x00000702 x13:0x00000000  x5=0x00000702
       23625000	      2361	8000264c	6e458db7	lui	x27,0x6e458	 x27=0x6e458000
       23635000	      2362	80002650	0114b1b3	sltu	x3,x9,x17	  x9:0x81e124c8 x17:0x00000000  x3=0x00000000
       23645000	      2363	80002654	01bb5263	bge	x22,x27,80002658	 x22:0x81e12000 x27:0x6e458000
       23655000	      2364	80002658	b83ea993	slti	x19,x29,-1149	 x29:0x00000703 x19=0x00000000
       23665000	      2365	8000265c	9877ed93	ori	x27,x15,-1657	 x15:0x80009f6c x27=0xffffffef
       23675000	      2366	80002660	00526e33	or	x28,x4,x5	  x4:0x7f952e59  x5:0x00000702 x28=0x7f952f5b
       23685000	      2367	80002664	0ef72d93	slti	x27,x14,239	 x14:0x00000000 x27=0x00000001
       23695000	      2368	80002668	04c84263	blt	x16,x12,800026ac	 x16:0x00000000 x12:0x80009fc4
       23705000	      2369	8000266c	0239ee63	bltu	x19,x3,800026a8	 x19:0x00000000  x3:0x00000000
       23715000	      2370	80002670	ac120293	addi	x5,x4,-1343	  x4:0x7f952e59  x5=0x7f95291a
       23725000	      2371	80002674	0018d433	srl	x8,x17,x1	 x17:0x00000000  x1:0x00002000  x8=0x00000000
       23735000	      2372	80002678	016840b3	xor	x1,x16,x22	 x16:0x00000000 x22:0x81e12000  x1=0x81e12000
       23745000	      2373	8000267c	02e88463	beq	x17,x14,800026a4	 x17:0x00000000 x14:0x00000000
       23755000	      2374	00000000	00000013	addi	x0,x0,0	  x0:0x00000000
       23765000	      2375	800026a0	00000013	addi	x0,x0,0	  x0:0x00000000
       23775000	      2376	800026a4	010df6b3	and	x13,x27,x16	 x27:0x00000001 x16:0x00000000 x13=0x00000000
       23785000	      2377	800026a8	00a75533	srl	x10,x14,x10	 x14:0x00000000 x10:0x806ad1a7 x10=0x00000000
       23795000	      2378	800026ac	21be7513	andi	x10,x28,539	 x28:0x7f952f5b x10=0x0000021b
       23805000	      2379	800026b0	0097a533	slt	x10,x15,x9	 x15:0x80009f6c  x9:0x81e124c8 x10=0x00000001
       23815000	      2380	800026b4	0465c463	blt	x11,x6,800026fc	 x11:0xfffffffe  x6:0x81e12000
       23825000	      2381	800026b8	00000013	addi	x0,x0,0	  x0:0x00000000
       23835000	      2382	800026bc	00000013	addi	x0,x0,0	  x0:0x00000000
       23845000	      2383	800026c0	01ad4c63	blt	x26,x26,800026d8	 x26:0xfffffc10 x26:0xfffffc10
       23855000	      2384	800026c4	005acc63	blt	x21,x5,800026dc	 x21:0x00000000  x5:0x7f95291a
       23865000	      2385	00000000	00000013	addi	x0,x0,0	  x0:0x00000000
       23875000	      2386	800026d8	00000013	addi	x0,x0,0	  x0:0x00000000
       23885000	      2387	800026dc	40f85113	srai	x2,x16,0xf	 x16:0x00000000  x2=0x00000000
       23895000	      2388	800026e0	00ee1a63	bne	x28,x14,800026f4	 x28:0x7f952f5b x14:0x00000000
       23905000	      2389	00000000	00000013	addi	x0,x0,0	  x0:0x00000000
       23915000	      2390	800026f0	00000013	addi	x0,x0,0	  x0:0x00000000
       23925000	      2391	800026f4	002063b3	or	x7,x0,x2	  x0:0x00000000  x2:0x00000000  x7=0x00000000
       23935000	      2392	800026f8	8a176d37	lui	x26,0x8a176	 x26=0x8a176000
       23945000	      2393	800026fc	01141193	slli	x3,x8,0x11	  x8:0x00000000  x3=0x00000000
       23955000	      2394	80002700	371de513	ori	x10,x27,881	 x27:0x00000001 x10=0x00000371
       23965000	      2395	80002704	00126fb3	or	x31,x4,x1	  x4:0x7f952e59  x1:0x81e12000 x31=0xfff52e59
       23975000	      2396	80002708	dc6b6d13	ori	x26,x22,-570	 x22:0x81e12000 x26=0xfffffdc6
       23985000	      2397	8000270c	0006c533	xor	x10,x13,x0	 x13:0x00000000  x0:0x00000000 x10=0x00000000
       23995000	      2398	80002710	40958833	sub	x16,x11,x9	 x11:0xfffffffe  x9:0x81e124c8 x16=0x7e1edb36
       24005000	      2399	80002714	03f07863	bgeu	x0,x31,80002744	  x0:0x00000000 x31:0xfff52e59
       24015000	      2400	80002718	f0b4a313	slti	x6,x9,-245	  x9:0x81e124c8  x6=0x00000001
       24025000	      2401	8000271c	41720cb3	sub	x25,x4,x23	  x4:0x7f952e59 x23:0x00002000 x25=0x7f950e59
       24035000	      2402	80002720	02570063	beq	x14,x5,80002740	 x14:0x00000000  x5:0x7f95291a
       24045000	      2403	80002724	028c5463	bge	x24,x8,8000274c	 x24:0x00000703  x8:0x00000000
       24055000	      2404	00000000	00000013	addi	x0,x0,0	  x0:0x00000000
       24065000	      2405	80002748	00000013	addi	x0,x0,0	  x0:0x00000000
       24075000	      2406	8000274c	008c19b3	sll	x19,x24,x8	 x24:0x00000703  x8:0x00000000 x19=0x00000703
       24085000	      2407	80002750	f53e8693	addi	x13,x29,-173	 x29:0x00000703 x13=0x00000656
       24095000	      2408	80002754	042b7b93	andi	x23,x22,66	 x22:0x81e12000 x23=0x00000000
       24105000	      2409	80002758	00000013	addi	x0,x0,0	  x0:0x00000000
       24115000	      2410	8000275c	18bd7813	andi	x16,x26,395	 x26:0xfffffdc6 x16=0x00000182
       24125000	      2411	80002760	00115d33	srl	x26,x2,x1	  x2:0x00000000  x1:0x81e12000 x26=0x00000000
       24135000	      2412	80002764	0235d663	bge	x11,x3,80002790	 x11:0xfffffffe  x3:0x00000000
       24145000	      2413	80002768	03c4fe63	bgeu	x9,x28,800027a4	  x9:0x81e124c8 x28:0x7f952f5b
       24155000	      2414	00000000	00000013	addi	x0,x0,0	  x0:0x00000000
       24165000	      2415	800027a0	00000013	addi	x0,x0,0	  x0:0x00000000
       24175000	      2416	800027a4	e5013b93	sltiu	x23,x2,-432	  x2:0x00000000 x23=0x00000001
       24185000	      2417	800027a8	00000013	addi	x0,x0,0	  x0:0x00000000
       24195000	      2418	800027ac	797ec693	xori	x13,x29,1943	 x29:0x00000703 x13=0x00000094
       24205000	      2419	800027b0	28c83f13	sltiu	x30,x16,652	 x16:0x00000182 x30=0x00000001
       24215000	      2420	800027b4	4001d193	srai	x3,x3,0x0	  x3:0x00000000  x3=0x00000000
       24225000	      2421	800027b8	01b3e033	or	x0,x7,x27	  x7:0x00000000 x27:0x00000001
       24235000	      2422	800027bc	4e113f93	sltiu	x31,x2,1249	  x2:0x00000000 x31=0x00000001
       24245000	      2423	800027c0	d78cf213	andi	x4,x25,-648	 x25:0x7f950e59  x4=0x7f950c58
       24255000	      2424	800027c4	0137b033	sltu	x0,x15,x19	 x15:0x80009f6c x19:0x00000703
       24265000	      2425	800027c8	02556263	bltu	x10,x5,800027ec	 x10:0x00000000  x5:0x7f95291a
       24275000	      2426	00000000	00000013	addi	x0,x0,0	  x0:0x00000000
       24285000	      2427	800027e8	00000013	addi	x0,x0,0	  x0:0x00000000
       24295000	      2428	800027ec	0079dbb3	srl	x23,x19,x7	 x19:0x00000703  x7:0x00000000 x23=0x00000703
       24305000	      2429	800027f0	00000013	addi	x0,x0,0	  x0:0x00000000
       24315000	      2430	800027f4	8f392a93	slti	x21,x18,-1805	 x18:0x00000282 x21=0x00000000
       24325000	      2431	800027f8	4081d333	sra	x6,x3,x8	  x3:0x00000000  x8:0x00000000  x6=0x00000000
       24335000	      2432	800027fc	00bd3033	sltu	x0,x26,x11	 x26:0x00000000 x11:0xfffffffe
       24345000	      2433	80002800	04ab9263	bne	x23,x10,80002844	 x23:0x00000703 x10:0x00000000
       24355000	      2434	00000000	00000013	addi	x0,x0,0	  x0:0x00000000
       24365000	      2435	80002840	00000013	addi	x0,x0,0	  x0:0x00000000
       24375000	      2436	80002844	00902eb3	slt	x29,x0,x9	  x0:0x00000000  x9:0x81e124c8 x29=0x00000000
       24385000	      2437	80002848	40c9d4b3	sra	x9,x19,x12	 x19:0x00000703 x12:0x80009fc4  x9=0x00000070
       24395000	      2438	8000284c	0010dab3	srl	x21,x1,x1	  x1:0x81e12000  x1:0x81e12000 x21=0x81e12000
       24405000	      2439	80002850	08bfa113	slti	x2,x31,139	 x31:0x00000001  x2=0x00000001
       24415000	      2440	80002854	01994133	xor	x2,x18,x25	 x18:0x00000282 x25:0x7f950e59  x2=0x7f950cdb
       24425000	      2441	80002858	43964437	lui	x8,0x43964	  x8=0x43964000
       24435000	      2442	8000285c	5c748413	addi	x8,x9,1479	  x9:0x00000070  x8=0x00000637
       24445000	      2443	80002860	091cc713	xori	x14,x25,145	 x25:0x7f950e59 x14=0x7f950ec8
       24455000	      2444	80002864	00aca4b3	slt	x9,x25,x10	 x25:0x7f950e59 x10:0x00000000  x9=0x00000000
       24465000	      2445	80002868	019b4263	blt	x22,x25,8000286c	 x22:0x81e12000 x25:0x7f950e59
       24475000	      2446	00000000	00000013	addi	x0,x0,0	  x0:0x00000000
       24485000	      2447	80002868	00000013	addi	x0,x0,0	  x0:0x00000000
       24495000	      2448	8000286c	952f5517	auipc	x10,0x952f5	 x10=0x152f7868
       24505000	      2449	80002870	0246f463	bgeu	x13,x4,80002898	 x13:0x00000094  x4:0x7f950c58
       24515000	      2450	80002874	4049dbb3	sra	x23,x19,x4	 x19:0x00000703  x4:0x7f950c58 x23=0x00000000
       24525000	      2451	80002878	011cab33	slt	x22,x25,x17	 x25:0x7f950e59 x17:0x00000000 x22=0x00000000
       24535000	      2452	8000287c	024e0263	beq	x28,x4,800028a0	 x28:0x7f952f5b  x4:0x7f950c58
       24545000	      2453	80002880	01966033	or	x0,x12,x25	 x12:0x80009fc4 x25:0x7f950e59
       24555000	      2454	80002884	695f8c13	addi	x24,x31,1685	 x31:0x00000001 x24=0x00000696
       24565000	      2455	80002888	013f5ab3	srl	x21,x30,x19	 x30:0x00000001 x19:0x00000703 x21=0x00000000
       24575000	      2456	8000288c	01d30cb3	add	x25,x6,x29	  x6:0x00000000 x29:0x00000000 x25=0x00000000
       24585000	      2457	80002890	519bb213	sltiu	x4,x23,1305	 x23:0x00000000  x4=0x00000001
       24595000	      2458	80002894	002cf833	and	x16,x25,x2	 x25:0x00000000  x2:0x7f950cdb x16=0x00000000
       24605000	      2459	80002898	011a7a63	bgeu	x20,x17,800028ac	 x20:0x00000000 x17:0x00000000
       24615000	      2460	00000000	00000013	addi	x0,x0,0	  x0:0x00000000
       24625000	      2461	800028a8	00000013	addi	x0,x0,0	  x0:0x00000000
       24635000	      2462	800028ac	f2427d13	andi	x26,x4,-220	  x4:0x00000001 x26=0x00000000
       24645000	      2463	800028b0	7f5d2a93	slti	x21,x26,2037	 x26:0x00000000 x21=0x00000001
       24655000	      2464	800028b4	fff00e13	addi	x28,x0,-1	  x0:0x00000000 x28=0xffffffff
       24665000	      2465	800028b8	fa8dc697	auipc	x13,0xfa8dc	 x13=0x7a8de8b4
       24675000	      2466	800028bc	01275333	srl	x6,x14,x18	 x14:0x7f950ec8 x18:0x00000282  x6=0x1fe543b2
       24685000	      2467	800028c0	006bd1b3	srl	x3,x23,x6	 x23:0x00000000  x6:0x1fe543b2  x3=0x00000000
       24695000	      2468	800028c4	01bd34b3	sltu	x9,x26,x27	 x26:0x00000000 x27:0x00000001  x9=0x00000001
       24705000	      2469	800028c8	01200c13	addi	x24,x0,18	  x0:0x00000000 x24=0x00000012
       24715000	      2470	800028cc	d72c6593	ori	x11,x24,-654	 x24:0x00000012 x11=0xfffffd72
       24725000	      2471	800028d0	741d4e93	xori	x29,x26,1857	 x26:0x00000000 x29=0x00000741
       24735000	      2472	800028d4	0036d193	srli	x3,x13,0x3	 x13:0x7a8de8b4  x3=0x0f51bd16
       24745000	      2473	800028d8	005e0e13	addi	x28,x28,5	 x28:0xffffffff x28=0x00000004
       24755000	      2474	800028dc	01b5d6b3	srl	x13,x11,x27	 x11:0xfffffd72 x27:0x00000001 x13=0x7ffffeb9
       24765000	      2475	800028e0	40055433	sra	x8,x10,x0	 x10:0x152f7868  x0:0x00000000  x8=0x152f7868
       24775000	      2476	800028e4	d5740f93	addi	x31,x8,-681	  x8:0x152f7868 x31=0x152f75bf
       24785000	      2477	800028e8	cbbfb813	sltiu	x16,x31,-837	 x31:0x152f75bf x16=0x00000001
       24795000	      2478	800028ec	00805113	srli	x2,x0,0x8	  x0:0x00000000  x2=0x00000000
       24805000	      2479	800028f0	01929d93	slli	x27,x5,0x19	  x5:0x7f95291a x27=0x34000000
       24815000	      2480	800028f4	41c5d133	sra	x2,x11,x28	 x11:0xfffffd72 x28:0x00000004  x2=0xffffffd7
       24825000	      2481	800028f8	8e5d6437	lui	x8,0x8e5d6	  x8=0x8e5d6000
       24835000	      2482	800028fc	fd8e68e3	bltu	x28,x24,800028cc	 x28:0x00000004 x24:0x00000012
       24845000	      2483	00000000	00000013	addi	x0,x0,0	  x0:0x00000000
       24855000	      2484	800028c8	00000013	addi	x0,x0,0	  x0:0x00000000
       24865000	      2485	800028cc	d72c6593	ori	x11,x24,-654	 x24:0x00000012 x11=0xfffffd72
       24875000	      2486	800028d0	741d4e93	xori	x29,x26,1857	 x26:0x00000000 x29=0x00000741
       24885000	      2487	800028d4	0036d193	srli	x3,x13,0x3	 x13:0x7ffffeb9  x3=0x0fffffd7
       24895000	      2488	800028d8	005e0e13	addi	x28,x28,5	 x28:0x00000004 x28=0x00000009
       24905000	      2489	800028dc	01b5d6b3	srl	x13,x11,x27	 x11:0xfffffd72 x27:0x34000000 x13=0xfffffd72
       24915000	      2490	800028e0	40055433	sra	x8,x10,x0	 x10:0x152f7868  x0:0x00000000  x8=0x152f7868
       24925000	      2491	800028e4	d5740f93	addi	x31,x8,-681	  x8:0x152f7868 x31=0x152f75bf
       24935000	      2492	800028e8	cbbfb813	sltiu	x16,x31,-837	 x31:0x152f75bf x16=0x00000001
       24945000	      2493	800028ec	00805113	srli	x2,x0,0x8	  x0:0x00000000  x2=0x00000000
       24955000	      2494	800028f0	01929d93	slli	x27,x5,0x19	  x5:0x7f95291a x27=0x34000000
       24965000	      2495	800028f4	41c5d133	sra	x2,x11,x28	 x11:0xfffffd72 x28:0x00000009  x2=0xfffffffe
       24975000	      2496	800028f8	8e5d6437	lui	x8,0x8e5d6	  x8=0x8e5d6000
       24985000	      2497	800028fc	fd8e68e3	bltu	x28,x24,800028cc	 x28:0x00000009 x24:0x00000012
       24995000	      2498	00000000	00000013	addi	x0,x0,0	  x0:0x00000000
       25005000	      2499	800028c8	00000013	addi	x0,x0,0	  x0:0x00000000
       25015000	      2500	800028cc	d72c6593	ori	x11,x24,-654	 x24:0x00000012 x11=0xfffffd72
       25025000	      2501	800028d0	741d4e93	xori	x29,x26,1857	 x26:0x00000000 x29=0x00000741
       25035000	      2502	800028d4	0036d193	srli	x3,x13,0x3	 x13:0xfffffd72  x3=0x1fffffae
       25045000	      2503	800028d8	005e0e13	addi	x28,x28,5	 x28:0x00000009 x28=0x0000000e
       25055000	      2504	800028dc	01b5d6b3	srl	x13,x11,x27	 x11:0xfffffd72 x27:0x34000000 x13=0xfffffd72
       25065000	      2505	800028e0	40055433	sra	x8,x10,x0	 x10:0x152f7868  x0:0x00000000  x8=0x152f7868
       25075000	      2506	800028e4	d5740f93	addi	x31,x8,-681	  x8:0x152f7868 x31=0x152f75bf
       25085000	      2507	800028e8	cbbfb813	sltiu	x16,x31,-837	 x31:0x152f75bf x16=0x00000001
       25095000	      2508	800028ec	00805113	srli	x2,x0,0x8	  x0:0x00000000  x2=0x00000000
       25105000	      2509	800028f0	01929d93	slli	x27,x5,0x19	  x5:0x7f95291a x27=0x34000000
       25115000	      2510	800028f4	41c5d133	sra	x2,x11,x28	 x11:0xfffffd72 x28:0x0000000e  x2=0xffffffff
       25125000	      2511	800028f8	8e5d6437	lui	x8,0x8e5d6	  x8=0x8e5d6000
       25135000	      2512	800028fc	fd8e68e3	bltu	x28,x24,800028cc	 x28:0x0000000e x24:0x00000012
       25145000	      2513	00000000	00000013	addi	x0,x0,0	  x0:0x00000000
       25155000	      2514	800028c8	00000013	addi	x0,x0,0	  x0:0x00000000
       25165000	      2515	800028cc	d72c6593	ori	x11,x24,-654	 x24:0x00000012 x11=0xfffffd72
       25175000	      2516	800028d0	741d4e93	xori	x29,x26,1857	 x26:0x00000000 x29=0x00000741
       25185000	      2517	800028d4	0036d193	srli	x3,x13,0x3	 x13:0xfffffd72  x3=0x1fffffae
       25195000	      2518	800028d8	005e0e13	addi	x28,x28,5	 x28:0x0000000e x28=0x00000013
       25205000	      2519	800028dc	01b5d6b3	srl	x13,x11,x27	 x11:0xfffffd72 x27:0x34000000 x13=0xfffffd72
       25215000	      2520	800028e0	40055433	sra	x8,x10,x0	 x10:0x152f7868  x0:0x00000000  x8=0x152f7868
       25225000	      2521	800028e4	d5740f93	addi	x31,x8,-681	  x8:0x152f7868 x31=0x152f75bf
       25235000	      2522	800028e8	cbbfb813	sltiu	x16,x31,-837	 x31:0x152f75bf x16=0x00000001
       25245000	      2523	800028ec	00805113	srli	x2,x0,0x8	  x0:0x00000000  x2=0x00000000
       25255000	      2524	800028f0	01929d93	slli	x27,x5,0x19	  x5:0x7f95291a x27=0x34000000
       25265000	      2525	800028f4	41c5d133	sra	x2,x11,x28	 x11:0xfffffd72 x28:0x00000013  x2=0xffffffff
       25275000	      2526	800028f8	8e5d6437	lui	x8,0x8e5d6	  x8=0x8e5d6000
       25285000	      2527	800028fc	fd8e68e3	bltu	x28,x24,800028cc	 x28:0x00000013 x24:0x00000012
       25295000	      2528	80002900	0198a9b3	slt	x19,x17,x25	 x17:0x00000000 x25:0x00000000 x19=0x00000000
       25305000	      2529	80002904	00000013	addi	x0,x0,0	  x0:0x00000000
       25315000	      2530	80002908	011e2bb3	slt	x23,x28,x17	 x28:0x00000013 x17:0x00000000 x23=0x00000000
       25325000	      2531	8000290c	03d41a63	bne	x8,x29,80002940	  x8:0x8e5d6000 x29:0x00000741
       25335000	      2532	00000000	00000013	addi	x0,x0,0	  x0:0x00000000
       25345000	      2533	8000293c	00000013	addi	x0,x0,0	  x0:0x00000000
       25355000	      2534	80002940	0517d463	bge	x15,x17,80002988	 x15:0x80009f6c x17:0x00000000
       25365000	      2535	80002944	01455693	srli	x13,x10,0x14	 x10:0x152f7868 x13=0x00000152
       25375000	      2536	80002948	2a00a813	slti	x16,x1,672	  x1:0x81e12000 x16=0x00000001
       25385000	      2537	8000294c	a5f46493	ori	x9,x8,-1441	  x8:0x8e5d6000  x9=0xfffffa5f
       25395000	      2538	80002950	006a52b3	srl	x5,x20,x6	 x20:0x00000000  x6:0x1fe543b2  x5=0x00000000
       25405000	      2539	80002954	a59b7693	andi	x13,x22,-1447	 x22:0x00000000 x13=0x00000000
       25415000	      2540	80002958	01119bb3	sll	x23,x3,x17	  x3:0x1fffffae x17:0x00000000 x23=0x1fffffae
       25425000	      2541	8000295c	01a85f33	srl	x30,x16,x26	 x16:0x00000001 x26:0x00000000 x30=0x00000001
       25435000	      2542	80002960	15f7c693	xori	x13,x15,351	 x15:0x80009f6c x13=0x80009e33
       25445000	      2543	80002964	008ce263	bltu	x25,x8,80002968	 x25:0x00000000  x8:0x8e5d6000
       25455000	      2544	00000000	00000013	addi	x0,x0,0	  x0:0x00000000
       25465000	      2545	80002964	00000013	addi	x0,x0,0	  x0:0x00000000
       25475000	      2546	80002968	12cb2b13	slti	x22,x22,300	 x22:0x00000000 x22=0x00000001
       25485000	      2547	8000296c	01da03b3	add	x7,x20,x29	 x20:0x00000000 x29:0x00000741  x7=0x00000741
       25495000	      2548	80002970	41d10cb3	sub	x25,x2,x29	  x2:0xffffffff x29:0x00000741 x25=0xfffff8be
       25505000	      2549	80002974	000b2db3	slt	x27,x22,x0	 x22:0x00000001  x0:0x00000000 x27=0x00000000
       25515000	      2550	80002978	c4af3213	sltiu	x4,x30,-950	 x30:0x00000001  x4=0x00000001
       25525000	      2551	8000297c	00000013	addi	x0,x0,0	  x0:0x00000000
       25535000	      2552	80002980	2fd32593	slti	x11,x6,765	  x6:0x1fe543b2 x11=0x00000000
       25545000	      2553	80002984	03ec5463	bge	x24,x30,800029ac	 x24:0x00000012 x30:0x00000001
       25555000	      2554	00000000	00000013	addi	x0,x0,0	  x0:0x00000000
       25565000	      2555	800029a8	00000013	addi	x0,x0,0	  x0:0x00000000
       25575000	      2556	800029ac	0127eeb3	or	x29,x15,x18	 x15:0x80009f6c x18:0x00000282 x29=0x80009fee
       25585000	      2557	800029b0	00700593	addi	x11,x0,7	  x0:0x00000000 x11=0x00000007
       25595000	      2558	800029b4	ff100493	addi	x9,x0,-15	  x0:0x00000000  x9=0xfffffff1
       25605000	      2559	800029b8	7c831b37	lui	x22,0x7c831	 x22=0x7c831000
       25615000	      2560	800029bc	41cdd333	sra	x6,x27,x28	 x27:0x00000000 x28:0x00000013  x6=0x00000000
       25625000	      2561	800029c0	01280733	add	x14,x16,x18	 x16:0x00000001 x18:0x00000282 x14=0x00000283
       25635000	      2562	800029c4	003d5d13	srli	x26,x26,0x3	 x26:0x00000000 x26=0x00000000
       25645000	      2563	800029c8	006ff233	and	x4,x31,x6	 x31:0x152f75bf  x6:0x00000000  x4=0x00000000
       25655000	      2564	800029cc	00d15833	srl	x16,x2,x13	  x2:0xffffffff x13:0x80009e33 x16=0x00001fff
       25665000	      2565	800029d0	990bee13	ori	x28,x23,-1648	 x23:0x1fffffae x28=0xffffffbe
       25675000	      2566	800029d4	6666ab93	slti	x23,x13,1638	 x13:0x80009e33 x23=0x00000001
       25685000	      2567	800029d8	40eede93	srai	x29,x29,0xe	 x29:0x80009fee x29=0xfffe0002
       25695000	      2568	800029dc	48c62c13	slti	x24,x12,1164	 x12:0x80009fc4 x24=0x00000001
       25705000	      2569	800029e0	0166c2b3	xor	x5,x13,x22	 x13:0x80009e33 x22:0x7c831000  x5=0xfc838e33
       25715000	      2570	800029e4	0c6f6337	lui	x6,0xc6f6	  x6=0x0c6f6000
       25725000	      2571	800029e8	7b2bc013	xori	x0,x23,1970	 x23:0x00000001
       25735000	      2572	800029ec	f453e013	ori	x0,x7,-187	  x7:0x00000741
       25745000	      2573	800029f0	419d8c33	sub	x24,x27,x25	 x27:0x00000000 x25:0xfffff8be x24=0x00000742
       25755000	      2574	800029f4	7e794893	xori	x17,x18,2023	 x18:0x00000282 x17=0x00000565
       25765000	      2575	800029f8	34ea6013	ori	x0,x20,846	 x20:0x00000000
       25775000	      2576	800029fc	ff958593	addi	x11,x11,-7	 x11:0x00000007 x11=0x00000000
       25785000	      2577	80002a00	01b06fb3	or	x31,x0,x27	  x0:0x00000000 x27:0x00000000 x31=0x00000000
       25795000	      2578	80002a04	0018e033	or	x0,x17,x1	 x17:0x00000565  x1:0x81e12000
       25805000	      2579	80002a08	627df313	andi	x6,x27,1575	 x27:0x00000000  x6=0x00000000
       25815000	      2580	80002a0c	c2ff2337	lui	x6,0xc2ff2	  x6=0xc2ff2000
       25825000	      2581	80002a10	40c002b3	sub	x5,x0,x12	  x0:0x00000000 x12:0x80009fc4  x5=0x7fff603c
       25835000	      2582	80002a14	24d83e13	sltiu	x28,x16,589	 x16:0x00001fff x28=0x00000000
       25845000	      2583	80002a18	016b86b3	add	x13,x23,x22	 x23:0x00000001 x22:0x7c831000 x13=0x7c831001
       25855000	      2584	80002a1c	502d0293	addi	x5,x26,1282	 x26:0x00000000  x5=0x00000502
       25865000	      2585	80002a20	fc95d6e3	bge	x11,x9,800029ec	 x11:0x00000000  x9:0xfffffff1
       25875000	      2586	00000000	00000013	addi	x0,x0,0	  x0:0x00000000
       25885000	      2587	800029e8	00000013	addi	x0,x0,0	  x0:0x00000000
       25895000	      2588	800029ec	f453e013	ori	x0,x7,-187	  x7:0x00000741
       25905000	      2589	800029f0	419d8c33	sub	x24,x27,x25	 x27:0x00000000 x25:0xfffff8be x24=0x00000742
       25915000	      2590	800029f4	7e794893	xori	x17,x18,2023	 x18:0x00000282 x17=0x00000565
       25925000	      2591	800029f8	34ea6013	ori	x0,x20,846	 x20:0x00000000
       25935000	      2592	800029fc	ff958593	addi	x11,x11,-7	 x11:0x00000000 x11=0xfffffff9
       25945000	      2593	80002a00	01b06fb3	or	x31,x0,x27	  x0:0x00000000 x27:0x00000000 x31=0x00000000
       25955000	      2594	80002a04	0018e033	or	x0,x17,x1	 x17:0x00000565  x1:0x81e12000
       25965000	      2595	80002a08	627df313	andi	x6,x27,1575	 x27:0x00000000  x6=0x00000000
       25975000	      2596	80002a0c	c2ff2337	lui	x6,0xc2ff2	  x6=0xc2ff2000
       25985000	      2597	80002a10	40c002b3	sub	x5,x0,x12	  x0:0x00000000 x12:0x80009fc4  x5=0x7fff603c
       25995000	      2598	80002a14	24d83e13	sltiu	x28,x16,589	 x16:0x00001fff x28=0x00000000
       26005000	      2599	80002a18	016b86b3	add	x13,x23,x22	 x23:0x00000001 x22:0x7c831000 x13=0x7c831001
       26015000	      2600	80002a1c	502d0293	addi	x5,x26,1282	 x26:0x00000000  x5=0x00000502
       26025000	      2601	80002a20	fc95d6e3	bge	x11,x9,800029ec	 x11:0xfffffff9  x9:0xfffffff1
       26035000	      2602	00000000	00000013	addi	x0,x0,0	  x0:0x00000000
       26045000	      2603	800029e8	00000013	addi	x0,x0,0	  x0:0x00000000
       26055000	      2604	800029ec	f453e013	ori	x0,x7,-187	  x7:0x00000741
       26065000	      2605	800029f0	419d8c33	sub	x24,x27,x25	 x27:0x00000000 x25:0xfffff8be x24=0x00000742
       26075000	      2606	800029f4	7e794893	xori	x17,x18,2023	 x18:0x00000282 x17=0x00000565
       26085000	      2607	800029f8	34ea6013	ori	x0,x20,846	 x20:0x00000000
       26095000	      2608	800029fc	ff958593	addi	x11,x11,-7	 x11:0xfffffff9 x11=0xfffffff2
       26105000	      2609	80002a00	01b06fb3	or	x31,x0,x27	  x0:0x00000000 x27:0x00000000 x31=0x00000000
       26115000	      2610	80002a04	0018e033	or	x0,x17,x1	 x17:0x00000565  x1:0x81e12000
       26125000	      2611	80002a08	627df313	andi	x6,x27,1575	 x27:0x00000000  x6=0x00000000
       26135000	      2612	80002a0c	c2ff2337	lui	x6,0xc2ff2	  x6=0xc2ff2000
       26145000	      2613	80002a10	40c002b3	sub	x5,x0,x12	  x0:0x00000000 x12:0x80009fc4  x5=0x7fff603c
       26155000	      2614	80002a14	24d83e13	sltiu	x28,x16,589	 x16:0x00001fff x28=0x00000000
       26165000	      2615	80002a18	016b86b3	add	x13,x23,x22	 x23:0x00000001 x22:0x7c831000 x13=0x7c831001
       26175000	      2616	80002a1c	502d0293	addi	x5,x26,1282	 x26:0x00000000  x5=0x00000502
       26185000	      2617	80002a20	fc95d6e3	bge	x11,x9,800029ec	 x11:0xfffffff2  x9:0xfffffff1
       26195000	      2618	00000000	00000013	addi	x0,x0,0	  x0:0x00000000
       26205000	      2619	800029e8	00000013	addi	x0,x0,0	  x0:0x00000000
       26215000	      2620	800029ec	f453e013	ori	x0,x7,-187	  x7:0x00000741
       26225000	      2621	800029f0	419d8c33	sub	x24,x27,x25	 x27:0x00000000 x25:0xfffff8be x24=0x00000742
       26235000	      2622	800029f4	7e794893	xori	x17,x18,2023	 x18:0x00000282 x17=0x00000565
       26245000	      2623	800029f8	34ea6013	ori	x0,x20,846	 x20:0x00000000
       26255000	      2624	800029fc	ff958593	addi	x11,x11,-7	 x11:0xfffffff2 x11=0xffffffeb
       26265000	      2625	80002a00	01b06fb3	or	x31,x0,x27	  x0:0x00000000 x27:0x00000000 x31=0x00000000
       26275000	      2626	80002a04	0018e033	or	x0,x17,x1	 x17:0x00000565  x1:0x81e12000
       26285000	      2627	80002a08	627df313	andi	x6,x27,1575	 x27:0x00000000  x6=0x00000000
       26295000	      2628	80002a0c	c2ff2337	lui	x6,0xc2ff2	  x6=0xc2ff2000
       26305000	      2629	80002a10	40c002b3	sub	x5,x0,x12	  x0:0x00000000 x12:0x80009fc4  x5=0x7fff603c
       26315000	      2630	80002a14	24d83e13	sltiu	x28,x16,589	 x16:0x00001fff x28=0x00000000
       26325000	      2631	80002a18	016b86b3	add	x13,x23,x22	 x23:0x00000001 x22:0x7c831000 x13=0x7c831001
       26335000	      2632	80002a1c	502d0293	addi	x5,x26,1282	 x26:0x00000000  x5=0x00000502
       26345000	      2633	80002a20	fc95d6e3	bge	x11,x9,800029ec	 x11:0xffffffeb  x9:0xfffffff1
       26355000	      2634	80002a24	015ddf93	srli	x31,x27,0x15	 x27:0x00000000 x31=0x00000000
       26365000	      2635	80002a28	02455663	bge	x10,x4,80002a54	 x10:0x152f7868  x4:0x00000000
       26375000	      2636	00000000	00000013	addi	x0,x0,0	  x0:0x00000000
       26385000	      2637	80002a50	00000013	addi	x0,x0,0	  x0:0x00000000
       26395000	      2638	80002a54	01258263	beq	x11,x18,80002a58	 x11:0xffffffeb x18:0x00000282
       26405000	      2639	80002a58	010c0933	add	x18,x24,x16	 x24:0x00000742 x16:0x00001fff x18=0x00002741
       26415000	      2640	80002a5c	03ba8263	beq	x21,x27,80002a80	 x21:0x00000001 x27:0x00000000
       26425000	      2641	80002a60	418edab3	sra	x21,x29,x24	 x29:0xfffe0002 x24:0x00000742 x21=0xffff8000
       26435000	      2642	80002a64	40435313	srai	x6,x6,0x4	  x6:0xc2ff2000  x6=0xfc2ff200
       26445000	      2643	80002a68	01171813	slli	x16,x14,0x11	 x14:0x00000283 x16=0x05060000
       26455000	      2644	80002a6c	565e4113	xori	x2,x28,1381	 x28:0x00000000  x2=0x00000565
       26465000	      2645	80002a70	00791a93	slli	x21,x18,0x7	 x18:0x00002741 x21=0x0013a080
       26475000	      2646	80002a74	00537663	bgeu	x6,x5,80002a80	  x6:0xfc2ff200  x5:0x00000502
       26485000	      2647	00000000	00000013	addi	x0,x0,0	  x0:0x00000000
       26495000	      2648	80002a7c	00000013	addi	x0,x0,0	  x0:0x00000000
       26505000	      2649	80002a80	529b0413	addi	x8,x22,1321	 x22:0x7c831000  x8=0x7c831529
       26515000	      2650	80002a84	00e4cd33	xor	x26,x9,x14	  x9:0xfffffff1 x14:0x00000283 x26=0xfffffd72
       26525000	      2651	80002a88	60e6ac13	slti	x24,x13,1550	 x13:0x7c831001 x24=0x00000000
       26535000	      2652	80002a8c	ac8d6197	auipc	x3,0xac8d6	  x3=0x2c8d8a88
       26545000	      2653	80002a90	3bcb0737	lui	x14,0x3bcb0	 x14=0x3bcb0000
       26555000	      2654	80002a94	41f6dfb3	sra	x31,x13,x31	 x13:0x7c831001 x31:0x00000000 x31=0x7c831001
       26565000	      2655	80002a98	00000013	addi	x0,x0,0	  x0:0x00000000
       26575000	      2656	80002a9c	01ff0833	add	x16,x30,x31	 x30:0x00000001 x31:0x7c831001 x16=0x7c831002
       26585000	      2657	80002aa0	0047a083	lw	x1,4(x15)	 x15:0x80009f6c  x1=0x80002e50 PA:0x80009f70
       26595000	      2658	80002aa4	00b53bb3	sltu	x23,x10,x11	 x10:0x152f7868 x11:0xffffffeb x23=0x00000001
       26605000	      2659	80002aa8	007eeeb3	or	x29,x29,x7	 x29:0xfffe0002  x7:0x00000741 x29=0xfffe0743
       26615000	      2660	80002aac	01078793	addi	x15,x15,16	 x15:0x80009f6c x15=0x80009f7c
       26625000	      2661	80002ab0	1be6a113	slti	x2,x13,446	 x13:0x7c831001  x2=0x00000000
       26635000	      2662	80002ab4	00108113	addi	x2,x1,1	  x1:0x80002e50  x2=0x80002e51
       26645000	      2663	80002ab8	00010167	jalr	x2,x2,0	  x2:0x80002e51  x2=0x80002ab8
       26655000	      2664	00000000	00000013	addi	x0,x0,0	  x0:0x00000000
       26665000	      2665	80002e50	00000013	addi	x0,x0,0	  x0:0x00000000
       26675000	      2666	80002e54	00a00593	addi	x11,x0,10	  x0:0x00000000 x11=0x0000000a
       26685000	      2667	80002e58	01100293	addi	x5,x0,17	  x0:0x00000000  x5=0x00000011
       26695000	      2668	80002e5c	01941313	slli	x6,x8,0x19	  x8:0x7c831529  x6=0x52000000
       26705000	      2669	80002e60	406a8b13	addi	x22,x21,1030	 x21:0x0013a080 x22=0x0013a486
       26715000	      2670	80002e64	e8e45717	auipc	x14,0xe8e45	 x14=0x68e47e60
       26725000	      2671	80002e68	01a25b13	srli	x22,x4,0x1a	  x4:0x00000000 x22=0x00000000
       26735000	      2672	80002e6c	00d1ce33	xor	x28,x3,x13	  x3:0x2c8d8a88 x13:0x7c831001 x28=0x500e9a89
       26745000	      2673	80002e70	0074e3b3	or	x7,x9,x7	  x9:0xfffffff1  x7:0x00000741  x7=0xfffffff1
       26755000	      2674	80002e74	404c5033	sra	x0,x24,x4	 x24:0x00000000  x4:0x00000000
       26765000	      2675	80002e78	00358593	addi	x11,x11,3	 x11:0x0000000a x11=0x0000000d
       26775000	      2676	80002e7c	8b853e93	sltiu	x29,x10,-1864	 x10:0x152f7868 x29=0x00000001
       26785000	      2677	80002e80	00769913	slli	x18,x13,0x7	 x13:0x7c831001 x18=0x41880080
       26795000	      2678	80002e84	00904ab3	xor	x21,x0,x9	  x0:0x00000000  x9:0xfffffff1 x21=0xfffffff1
       26805000	      2679	80002e88	ff700893	addi	x17,x0,-9	  x0:0x00000000 x17=0xfffffff7
       26815000	      2680	80002e8c	006ad9b3	srl	x19,x21,x6	 x21:0xfffffff1  x6:0x52000000 x19=0xfffffff1
       26825000	      2681	80002e90	ff500c13	addi	x24,x0,-11	  x0:0x00000000 x24=0xfffffff5
       26835000	      2682	80002e94	00f59333	sll	x6,x11,x15	 x11:0x0000000d x15:0x80009f7c  x6=0xd0000000
       26845000	      2683	80002e98	00000013	addi	x0,x0,0	  x0:0x00000000
       26855000	      2684	80002e9c	aae9e693	ori	x13,x19,-1362	 x19:0xfffffff1 x13=0xffffffff
       26865000	      2685	80002ea0	ff988893	addi	x17,x17,-7	 x17:0xfffffff7 x17=0xfffffff0
       26875000	      2686	80002ea4	01e41313	slli	x6,x8,0x1e	  x8:0x7c831529  x6=0x40000000
       26885000	      2687	80002ea8	41a70333	sub	x6,x14,x26	 x14:0x68e47e60 x26:0xfffffd72  x6=0x68e480ee
       26895000	      2688	80002eac	ff88d8e3	bge	x17,x24,80002e9c	 x17:0xfffffff0 x24:0xfffffff5
       26905000	      2689	80002eb0	4175d933	sra	x18,x11,x23	 x11:0x0000000d x23:0x00000001 x18=0x00000006
       26915000	      2690	80002eb4	97db7913	andi	x18,x22,-1667	 x22:0x00000000 x18=0x00000000
       26925000	      2691	80002eb8	01f9e033	or	x0,x19,x31	 x19:0xfffffff1 x31:0x7c831001
       26935000	      2692	80002ebc	41c8df33	sra	x30,x17,x28	 x17:0xfffffff0 x28:0x500e9a89 x30=0xffffffff
       26945000	      2693	80002ec0	fa55c6e3	blt	x11,x5,80002e6c	 x11:0x0000000d  x5:0x00000011
       26955000	      2694	00000000	00000013	addi	x0,x0,0	  x0:0x00000000
       26965000	      2695	80002e68	00000013	addi	x0,x0,0	  x0:0x00000000
       26975000	      2696	80002e6c	00d1ce33	xor	x28,x3,x13	  x3:0x2c8d8a88 x13:0xffffffff x28=0xd3727577
       26985000	      2697	80002e70	0074e3b3	or	x7,x9,x7	  x9:0xfffffff1  x7:0xfffffff1  x7=0xfffffff1
       26995000	      2698	80002e74	404c5033	sra	x0,x24,x4	 x24:0xfffffff5  x4:0x00000000
       27005000	      2699	80002e78	00358593	addi	x11,x11,3	 x11:0x0000000d x11=0x00000010
       27015000	      2700	80002e7c	8b853e93	sltiu	x29,x10,-1864	 x10:0x152f7868 x29=0x00000001
       27025000	      2701	80002e80	00769913	slli	x18,x13,0x7	 x13:0xffffffff x18=0xffffff80
       27035000	      2702	80002e84	00904ab3	xor	x21,x0,x9	  x0:0x00000000  x9:0xfffffff1 x21=0xfffffff1
       27045000	      2703	80002e88	ff700893	addi	x17,x0,-9	  x0:0x00000000 x17=0xfffffff7
       27055000	      2704	80002e8c	006ad9b3	srl	x19,x21,x6	 x21:0xfffffff1  x6:0x68e480ee x19=0x0003ffff
       27065000	      2705	80002e90	ff500c13	addi	x24,x0,-11	  x0:0x00000000 x24=0xfffffff5
       27075000	      2706	80002e94	00f59333	sll	x6,x11,x15	 x11:0x00000010 x15:0x80009f7c  x6=0x00000000
       27085000	      2707	80002e98	00000013	addi	x0,x0,0	  x0:0x00000000
       27095000	      2708	80002e9c	aae9e693	ori	x13,x19,-1362	 x19:0x0003ffff x13=0xffffffff
       27105000	      2709	80002ea0	ff988893	addi	x17,x17,-7	 x17:0xfffffff7 x17=0xfffffff0
       27115000	      2710	80002ea4	01e41313	slli	x6,x8,0x1e	  x8:0x7c831529  x6=0x40000000
       27125000	      2711	80002ea8	41a70333	sub	x6,x14,x26	 x14:0x68e47e60 x26:0xfffffd72  x6=0x68e480ee
       27135000	      2712	80002eac	ff88d8e3	bge	x17,x24,80002e9c	 x17:0xfffffff0 x24:0xfffffff5
       27145000	      2713	80002eb0	4175d933	sra	x18,x11,x23	 x11:0x00000010 x23:0x00000001 x18=0x00000008
       27155000	      2714	80002eb4	97db7913	andi	x18,x22,-1667	 x22:0x00000000 x18=0x00000000
       27165000	      2715	80002eb8	01f9e033	or	x0,x19,x31	 x19:0x0003ffff x31:0x7c831001
       27175000	      2716	80002ebc	41c8df33	sra	x30,x17,x28	 x17:0xfffffff0 x28:0xd3727577 x30=0xffffffff
       27185000	      2717	80002ec0	fa55c6e3	blt	x11,x5,80002e6c	 x11:0x00000010  x5:0x00000011
       27195000	      2718	00000000	00000013	addi	x0,x0,0	  x0:0x00000000
       27205000	      2719	80002e68	00000013	addi	x0,x0,0	  x0:0x00000000
       27215000	      2720	80002e6c	00d1ce33	xor	x28,x3,x13	  x3:0x2c8d8a88 x13:0xffffffff x28=0xd3727577
       27225000	      2721	80002e70	0074e3b3	or	x7,x9,x7	  x9:0xfffffff1  x7:0xfffffff1  x7=0xfffffff1
       27235000	      2722	80002e74	404c5033	sra	x0,x24,x4	 x24:0xfffffff5  x4:0x00000000
       27245000	      2723	80002e78	00358593	addi	x11,x11,3	 x11:0x00000010 x11=0x00000013
       27255000	      2724	80002e7c	8b853e93	sltiu	x29,x10,-1864	 x10:0x152f7868 x29=0x00000001
       27265000	      2725	80002e80	00769913	slli	x18,x13,0x7	 x13:0xffffffff x18=0xffffff80
       27275000	      2726	80002e84	00904ab3	xor	x21,x0,x9	  x0:0x00000000  x9:0xfffffff1 x21=0xfffffff1
       27285000	      2727	80002e88	ff700893	addi	x17,x0,-9	  x0:0x00000000 x17=0xfffffff7
       27295000	      2728	80002e8c	006ad9b3	srl	x19,x21,x6	 x21:0xfffffff1  x6:0x68e480ee x19=0x0003ffff
       27305000	      2729	80002e90	ff500c13	addi	x24,x0,-11	  x0:0x00000000 x24=0xfffffff5
       27315000	      2730	80002e94	00f59333	sll	x6,x11,x15	 x11:0x00000013 x15:0x80009f7c  x6=0x30000000
       27325000	      2731	80002e98	00000013	addi	x0,x0,0	  x0:0x00000000
       27335000	      2732	80002e9c	aae9e693	ori	x13,x19,-1362	 x19:0x0003ffff x13=0xffffffff
       27345000	      2733	80002ea0	ff988893	addi	x17,x17,-7	 x17:0xfffffff7 x17=0xfffffff0
       27355000	      2734	80002ea4	01e41313	slli	x6,x8,0x1e	  x8:0x7c831529  x6=0x40000000
       27365000	      2735	80002ea8	41a70333	sub	x6,x14,x26	 x14:0x68e47e60 x26:0xfffffd72  x6=0x68e480ee
       27375000	      2736	80002eac	ff88d8e3	bge	x17,x24,80002e9c	 x17:0xfffffff0 x24:0xfffffff5
       27385000	      2737	80002eb0	4175d933	sra	x18,x11,x23	 x11:0x00000013 x23:0x00000001 x18=0x00000009
       27395000	      2738	80002eb4	97db7913	andi	x18,x22,-1667	 x22:0x00000000 x18=0x00000000
       27405000	      2739	80002eb8	01f9e033	or	x0,x19,x31	 x19:0x0003ffff x31:0x7c831001
       27415000	      2740	80002ebc	41c8df33	sra	x30,x17,x28	 x17:0xfffffff0 x28:0xd3727577 x30=0xffffffff
       27425000	      2741	80002ec0	fa55c6e3	blt	x11,x5,80002e6c	 x11:0x00000013  x5:0x00000011
       27435000	      2742	80002ec4	1cff6e13	ori	x28,x30,463	 x30:0xffffffff x28=0xffffffff
       27445000	      2743	80002ec8	64e80993	addi	x19,x16,1614	 x16:0x7c831002 x19=0x7c831650
       27455000	      2744	80002ecc	eb60d137	lui	x2,0xeb60d	  x2=0xeb60d000
       27465000	      2745	80002ed0	03d3c063	blt	x7,x29,80002ef0	  x7:0xfffffff1 x29:0x00000001
       27475000	      2746	00000000	00000013	addi	x0,x0,0	  x0:0x00000000
       27485000	      2747	80002eec	00000013	addi	x0,x0,0	  x0:0x00000000
       27495000	      2748	80002ef0	0e692893	slti	x17,x18,230	 x18:0x00000000 x17=0x00000001
       27505000	      2749	80002ef4	00cd6fb3	or	x31,x26,x12	 x26:0xfffffd72 x12:0x80009fc4 x31=0xfffffff6
       27515000	      2750	80002ef8	020e8663	beq	x29,x0,80002f24	 x29:0x00000001  x0:0x00000000
       27525000	      2751	80002efc	39297713	andi	x14,x18,914	 x18:0x00000000 x14=0x00000000
       27535000	      2752	80002f00	027e8463	beq	x29,x7,80002f28	 x29:0x00000001  x7:0xfffffff1
       27545000	      2753	80002f04	00662bb3	slt	x23,x12,x6	 x12:0x80009fc4  x6:0x68e480ee x23=0x00000001
       27555000	      2754	80002f08	a6af00b7	lui	x1,0xa6af0	  x1=0xa6af0000
       27565000	      2755	80002f0c	02e25463	bge	x4,x14,80002f34	  x4:0x00000000 x14:0x00000000
       27575000	      2756	00000000	00000013	addi	x0,x0,0	  x0:0x00000000
       27585000	      2757	80002f30	00000013	addi	x0,x0,0	  x0:0x00000000
       27595000	      2758	80002f34	0144c4b3	xor	x9,x9,x20	  x9:0xfffffff1 x20:0x00000000  x9=0xfffffff1
       27605000	      2759	80002f38	09426593	ori	x11,x4,148	  x4:0x00000000 x11=0x00000094
       27615000	      2760	80002f3c	d62e1e97	auipc	x29,0xd62e1	 x29=0x562e3f38
       27625000	      2761	80002f40	40185eb3	sra	x29,x16,x1	 x16:0x7c831002  x1:0xa6af0000 x29=0x7c831002
       27635000	      2762	80002f44	016962b3	or	x5,x18,x22	 x18:0x00000000 x22:0x00000000  x5=0x00000000
       27645000	      2763	80002f48	00cade63	bge	x21,x12,80002f64	 x21:0xfffffff1 x12:0x80009fc4
       27655000	      2764	00000000	00000013	addi	x0,x0,0	  x0:0x00000000
       27665000	      2765	80002f60	00000013	addi	x0,x0,0	  x0:0x00000000
       27675000	      2766	80002f64	05c7e263	bltu	x15,x28,80002fa8	 x15:0x80009f7c x28:0xffffffff
       27685000	      2767	00000000	00000013	addi	x0,x0,0	  x0:0x00000000
       27695000	      2768	80002fa4	00000013	addi	x0,x0,0	  x0:0x00000000
       27705000	      2769	80002fa8	9b367f13	andi	x30,x12,-1613	 x12:0x80009fc4 x30=0x80009980
       27715000	      2770	80002fac	0047a083	lw	x1,4(x15)	 x15:0x80009f7c  x1=0x800008cc PA:0x80009f80
       27725000	      2771	80002fb0	85448993	addi	x19,x9,-1964	  x9:0xfffffff1 x19=0xfffff845
       27735000	      2772	80002fb4	ff726513	ori	x10,x4,-9	  x4:0x00000000 x10=0xfffffff7
       27745000	      2773	80002fb8	00878793	addi	x15,x15,8	 x15:0x80009f7c x15=0x80009f84
       27755000	      2774	80002fbc	17d3f597	auipc	x11,0x17d3f	 x11=0x97d41fb8
       27765000	      2775	80002fc0	0027a333	slt	x6,x15,x2	 x15:0x80009f84  x2:0xeb60d000  x6=0x00000001
       27775000	      2776	80002fc4	71057493	andi	x9,x10,1808	 x10:0xfffffff7  x9=0x00000710
       27785000	      2777	80002fc8	de34b713	sltiu	x14,x9,-541	  x9:0x00000710 x14=0x00000001
       27795000	      2778	80002fcc	014569b3	or	x19,x10,x20	 x10:0xfffffff7 x20:0x00000000 x19=0xfffffff7
       27805000	      2779	80002fd0	01223233	sltu	x4,x4,x18	  x4:0x00000000 x18:0x00000000  x4=0x00000000
       27815000	      2780	80002fd4	01d98433	add	x8,x19,x29	 x19:0xfffffff7 x29:0x7c831002  x8=0x7c830ff9
       27825000	      2781	80002fd8	00108a93	addi	x21,x1,1	  x1:0x800008cc x21=0x800008cd
       27835000	      2782	80002fdc	000a8ae7	jalr	x21,x21,0	 x21:0x800008cd x21=0x80002fdc
       27845000	      2783	00000000	00000013	addi	x0,x0,0	  x0:0x00000000
       27855000	      2784	800008cc	00000013	addi	x0,x0,0	  x0:0x00000000
       27865000	      2785	800008d0	04bf0863	beq	x30,x11,80000920	 x30:0x80009980 x11:0x97d41fb8
       27875000	      2786	800008d4	01618233	add	x4,x3,x22	  x3:0x2c8d8a88 x22:0x00000000  x4=0x2c8d8a88
       27885000	      2787	800008d8	01225bb3	srl	x23,x4,x18	  x4:0x2c8d8a88 x18:0x00000000 x23=0x2c8d8a88
       27895000	      2788	800008dc	0128b833	sltu	x16,x17,x18	 x17:0x00000001 x18:0x00000000 x16=0x00000000
       27905000	      2789	800008e0	016d5233	srl	x4,x26,x22	 x26:0xfffffd72 x22:0x00000000  x4=0xfffffd72
       27915000	      2790	800008e4	0331fc63	bgeu	x3,x19,8000091c	  x3:0x2c8d8a88 x19:0xfffffff7
       27925000	      2791	800008e8	0101c5b3	xor	x11,x3,x16	  x3:0x2c8d8a88 x16:0x00000000 x11=0x2c8d8a88
       27935000	      2792	800008ec	64d27d17	auipc	x26,0x64d27	 x26=0xe4d278e8
       27945000	      2793	800008f0	cb792213	slti	x4,x18,-841	 x18:0x00000000  x4=0x00000000
       27955000	      2794	800008f4	00e09eb3	sll	x29,x1,x14	  x1:0x800008cc x14:0x00000001 x29=0x00001198
       27965000	      2795	800008f8	01b55713	srli	x14,x10,0x1b	 x10:0xfffffff7 x14=0x0000001f
       27975000	      2796	800008fc	a36dad37	lui	x26,0xa36da	 x26=0xa36da000
       27985000	      2797	80000900	6776bc93	sltiu	x25,x13,1655	 x13:0xffffffff x25=0x00000000
       27995000	      2798	80000904	00ad1813	slli	x16,x26,0xa	 x26:0xa36da000 x16=0xb6800000
       28005000	      2799	80000908	6ed7cf97	auipc	x31,0x6ed7c	 x31=0xeed7c904
       28015000	      2800	8000090c	40a08b33	sub	x22,x1,x10	  x1:0x800008cc x10:0xfffffff7 x22=0x800008d5
       28025000	      2801	80000910	4087d693	srai	x13,x15,0x8	 x15:0x80009f84 x13=0xff80009f
       28035000	      2802	80000914	002f73b3	and	x7,x30,x2	 x30:0x80009980  x2:0xeb60d000  x7=0x80009000
       28045000	      2803	80000918	00af7333	and	x6,x30,x10	 x30:0x80009980 x10:0xfffffff7  x6=0x80009980
       28055000	      2804	8000091c	00d8eeb3	or	x29,x17,x13	 x17:0x00000001 x13:0xff80009f x29=0xff80009f
       28065000	      2805	80000920	340eb313	sltiu	x6,x29,832	 x29:0xff80009f  x6=0x00000000
       28075000	      2806	80000924	40aed293	srai	x5,x29,0xa	 x29:0xff80009f  x5=0xffffe000
       28085000	      2807	80000928	01116cb3	or	x25,x2,x17	  x2:0xeb60d000 x17:0x00000001 x25=0xeb60d001
       28095000	      2808	8000092c	00f0bf33	sltu	x30,x1,x15	  x1:0x800008cc x15:0x80009f84 x30=0x00000001
       28105000	      2809	80000930	02185263	bge	x16,x1,80000954	 x16:0xb6800000  x1:0x800008cc
       28115000	      2810	00000000	00000013	addi	x0,x0,0	  x0:0x00000000
       28125000	      2811	80000950	00000013	addi	x0,x0,0	  x0:0x00000000
       28135000	      2812	80000954	024e7263	bgeu	x28,x4,80000978	 x28:0xffffffff  x4:0x00000000
       28145000	      2813	00000000	00000013	addi	x0,x0,0	  x0:0x00000000
       28155000	      2814	80000974	00000013	addi	x0,x0,0	  x0:0x00000000
       28165000	      2815	80000978	00f24a63	blt	x4,x15,8000098c	  x4:0x00000000 x15:0x80009f84
       28175000	      2816	8000097c	00549493	slli	x9,x9,0x5	  x9:0x00000710  x9=0x0000e200
       28185000	      2817	80000980	03f7dc63	bge	x15,x31,800009b8	 x15:0x80009f84 x31:0xeed7c904
       28195000	      2818	80000984	307fed93	ori	x27,x31,775	 x31:0xeed7c904 x27=0xeed7cb07
       28205000	      2819	80000988	008e5013	srli	x0,x28,0x8	 x28:0xffffffff
       28215000	      2820	8000098c	0033a133	slt	x2,x7,x3	  x7:0x80009000  x3:0x2c8d8a88  x2=0x00000001
       28225000	      2821	80000990	d5e9ad13	slti	x26,x19,-674	 x19:0xfffffff7 x26=0x00000000
       28235000	      2822	80000994	004eb4b3	sltu	x9,x29,x4	 x29:0xff80009f  x4:0x00000000  x9=0x00000000
       28245000	      2823	80000998	4049d193	srai	x3,x19,0x4	 x19:0xfffffff7  x3=0xffffffff
       28255000	      2824	8000099c	00f6d463	bge	x13,x15,800009a4	 x13:0xff80009f x15:0x80009f84
       28265000	      2825	00000000	00000013	addi	x0,x0,0	  x0:0x00000000
       28275000	      2826	800009a0	00000013	addi	x0,x0,0	  x0:0x00000000
       28285000	      2827	800009a4	03530a63	beq	x6,x21,800009d8	  x6:0x00000000 x21:0x80002fdc
       28295000	      2828	800009a8	00dad0b3	srl	x1,x21,x13	 x21:0x80002fdc x13:0xff80009f  x1=0x00000001
       28305000	      2829	800009ac	414653b3	sra	x7,x12,x20	 x12:0x80009fc4 x20:0x00000000  x7=0x80009fc4
       28315000	      2830	800009b0	01da80b3	add	x1,x21,x29	 x21:0x80002fdc x29:0xff80009f  x1=0x7f80307b
       28325000	      2831	800009b4	01469c33	sll	x24,x13,x20	 x13:0xff80009f x20:0x00000000 x24=0xff80009f
       28335000	      2832	800009b8	02814263	blt	x2,x8,800009dc	  x2:0x00000001  x8:0x7c830ff9
       28345000	      2833	00000000	00000013	addi	x0,x0,0	  x0:0x00000000
       28355000	      2834	800009d8	00000013	addi	x0,x0,0	  x0:0x00000000
       28365000	      2835	800009dc	b17d4913	xori	x18,x26,-1257	 x26:0x00000000 x18=0xfffffb17
       28375000	      2836	800009e0	8214f113	andi	x2,x9,-2015	  x9:0x00000000  x2=0x00000000
       28385000	      2837	800009e4	05ea1863	bne	x20,x30,80000a34	 x20:0x00000000 x30:0x00000001
       28395000	      2838	00000000	00000013	addi	x0,x0,0	  x0:0x00000000
       28405000	      2839	80000a30	00000013	addi	x0,x0,0	  x0:0x00000000
       28415000	      2840	80000a34	64abdd37	lui	x26,0x64abd	 x26=0x64abd000
       28425000	      2841	80000a38	40025fb3	sra	x31,x4,x0	  x4:0x00000000  x0:0x00000000 x31=0x00000000
       28435000	      2842	80000a3c	01da8b33	add	x22,x21,x29	 x21:0x80002fdc x29:0xff80009f x22=0x7f80307b
       28445000	      2843	80000a40	a2418d93	addi	x27,x3,-1500	  x3:0xffffffff x27=0xfffffa23
       28455000	      2844	80000a44	05757463	bgeu	x10,x23,80000a8c	 x10:0xfffffff7 x23:0x2c8d8a88
       28465000	      2845	00000000	00000013	addi	x0,x0,0	  x0:0x00000000
       28475000	      2846	80000a88	00000013	addi	x0,x0,0	  x0:0x00000000
       28485000	      2847	80000a8c	1e3aae13	slti	x28,x21,483	 x21:0x80002fdc x28=0x00000001
       28495000	      2848	80000a90	a63f8c17	auipc	x24,0xa63f8	 x24=0x263f8a8c
       28505000	      2849	80000a94	04384463	blt	x16,x3,80000adc	 x16:0xb6800000  x3:0xffffffff
       28515000	      2850	00000000	00000013	addi	x0,x0,0	  x0:0x00000000
       28525000	      2851	80000ad8	00000013	addi	x0,x0,0	  x0:0x00000000
       28535000	      2852	80000adc	95e34313	xori	x6,x6,-1698	  x6:0x00000000  x6=0xfffff95e
       28545000	      2853	80000ae0	00d3cdb3	xor	x27,x7,x13	  x7:0x80009fc4 x13:0xff80009f x27=0x7f809f5b
       28555000	      2854	80000ae4	41ebd0b3	sra	x1,x23,x30	 x23:0x2c8d8a88 x30:0x00000001  x1=0x1646c544
       28565000	      2855	80000ae8	007f8233	add	x4,x31,x7	 x31:0x00000000  x7:0x80009fc4  x4=0x80009fc4
       28575000	      2856	80000aec	4060d9b3	sra	x19,x1,x6	  x1:0x1646c544  x6:0xfffff95e x19=0x00000000
       28585000	      2857	80000af0	40f5d593	srai	x11,x11,0xf	 x11:0x2c8d8a88 x11=0x0000591b
       28595000	      2858	80000af4	40a0da93	srai	x21,x1,0xa	  x1:0x1646c544 x21=0x000591b1
       28605000	      2859	80000af8	0832c663	blt	x5,x3,80000b84	  x5:0xffffe000  x3:0xffffffff
       28615000	      2860	00000000	00000013	addi	x0,x0,0	  x0:0x00000000
       28625000	      2861	80000b80	00000013	addi	x0,x0,0	  x0:0x00000000
       28635000	      2862	80000b84	b55cf593	andi	x11,x25,-1195	 x25:0xeb60d001 x11=0xeb60d001
       28645000	      2863	80000b88	cc8acb13	xori	x22,x21,-824	 x21:0x000591b1 x22=0xfffa6d79
       28655000	      2864	80000b8c	0014ac33	slt	x24,x9,x1	  x9:0x00000000  x1:0x1646c544 x24=0x00000001
       28665000	      2865	80000b90	00657cb3	and	x25,x10,x6	 x10:0xfffffff7  x6:0xfffff95e x25=0xfffff956
       28675000	      2866	80000b94	00d16ab3	or	x21,x2,x13	  x2:0x00000000 x13:0xff80009f x21=0xff80009f
       28685000	      2867	80000b98	0015dd93	srli	x27,x11,0x1	 x11:0xeb60d001 x27=0x75b06800
       28695000	      2868	80000b9c	01d29463	bne	x5,x29,80000ba4	  x5:0xffffe000 x29:0xff80009f
       28705000	      2869	00000000	00000013	addi	x0,x0,0	  x0:0x00000000
       28715000	      2870	80000ba0	00000013	addi	x0,x0,0	  x0:0x00000000
       28725000	      2871	80000ba4	004e6533	or	x10,x28,x4	 x28:0x00000001  x4:0x80009fc4 x10=0x80009fc5
       28735000	      2872	80000ba8	00c36e63	bltu	x6,x12,80000bc4	  x6:0xfffff95e x12:0x80009fc4
       28745000	      2873	80000bac	00d36db3	or	x27,x6,x13	  x6:0xfffff95e x13:0xff80009f x27=0xfffff9df
       28755000	      2874	80000bb0	0090dd33	srl	x26,x1,x9	  x1:0x1646c544  x9:0x00000000 x26=0x1646c544
       28765000	      2875	80000bb4	2234fc93	andi	x25,x9,547	  x9:0x00000000 x25=0x00000000
       28775000	      2876	80000bb8	0117de13	srli	x28,x15,0x11	 x15:0x80009f84 x28=0x00004000
       28785000	      2877	80000bbc	00000013	addi	x0,x0,0	  x0:0x00000000
       28795000	      2878	80000bc0	415d5db3	sra	x27,x26,x21	 x26:0x1646c544 x21:0xff80009f x27=0x00000000
       28805000	      2879	80000bc4	00fac2b3	xor	x5,x21,x15	 x21:0xff80009f x15:0x80009f84  x5=0x7f809f1b
       28815000	      2880	80000bc8	4c903c93	sltiu	x25,x0,1225	  x0:0x00000000 x25=0x00000001
       28825000	      2881	80000bcc	46e27417	auipc	x8,0x46e27	  x8=0xc6e27bc8
       28835000	      2882	80000bd0	41a6d4b3	sra	x9,x13,x26	 x13:0xff80009f x26:0x1646c544  x9=0xfff80009
       28845000	      2883	80000bd4	01de1113	slli	x2,x28,0x1d	 x28:0x00004000  x2=0x00000000
       28855000	      2884	80000bd8	af4d8e13	addi	x28,x27,-1292	 x27:0x00000000 x28=0xfffffaf4
       28865000	      2885	80000bdc	ee986c93	ori	x25,x16,-279	 x16:0xb6800000 x25=0xfffffee9
       28875000	      2886	80000be0	007835b3	sltu	x11,x16,x7	 x16:0xb6800000  x7:0x80009fc4 x11=0x00000000
       28885000	      2887	80000be4	41ed0133	sub	x2,x26,x30	 x26:0x1646c544 x30:0x00000001  x2=0x1646c543
       28895000	      2888	80000be8	00d6d333	srl	x6,x13,x13	 x13:0xff80009f x13:0xff80009f  x6=0x00000001
       28905000	      2889	80000bec	a0594897	auipc	x17,0xa0594	 x17=0x20594be8
       28915000	      2890	80000bf0	0278e463	bltu	x17,x7,80000c18	 x17:0x20594be8  x7:0x80009fc4
       28925000	      2891	00000000	00000013	addi	x0,x0,0	  x0:0x00000000
       28935000	      2892	80000c14	00000013	addi	x0,x0,0	  x0:0x00000000
       28945000	      2893	80000c18	a7c1a513	slti	x10,x3,-1412	  x3:0xffffffff x10=0x00000000
       28955000	      2894	80000c1c	af247d13	andi	x26,x8,-1294	  x8:0xc6e27bc8 x26=0xc6e27ac0
       28965000	      2895	80000c20	010682b3	add	x5,x13,x16	 x13:0xff80009f x16:0xb6800000  x5=0xb600009f
       28975000	      2896	80000c24	c09dfd93	andi	x27,x27,-1015	 x27:0x00000000 x27=0x00000000
       28985000	      2897	80000c28	5a89fc93	andi	x25,x19,1448	 x19:0x00000000 x25=0x00000000
       28995000	      2898	80000c2c	f5ec2e13	slti	x28,x24,-162	 x24:0x00000001 x28=0x00000000
       29005000	      2899	80000c30	03979063	bne	x15,x25,80000c50	 x15:0x80009f84 x25:0x00000000
       29015000	      2900	00000000	00000013	addi	x0,x0,0	  x0:0x00000000
       29025000	      2901	80000c4c	00000013	addi	x0,x0,0	  x0:0x00000000
       29035000	      2902	80000c50	d6b03d17	auipc	x26,0xd6b03	 x26=0x56b03c4c
       29045000	      2903	80000c54	0127d813	srli	x16,x15,0x12	 x15:0x80009f84 x16=0x00002000
       29055000	      2904	80000c58	01256c33	or	x24,x10,x18	 x10:0x00000000 x18:0xfffffb17 x24=0xfffffb17
       29065000	      2905	80000c5c	0097b9b3	sltu	x19,x15,x9	 x15:0x80009f84  x9:0xfff80009 x19=0x00000001
       29075000	      2906	80000c60	00000013	addi	x0,x0,0	  x0:0x00000000
       29085000	      2907	80000c64	cd35f593	andi	x11,x11,-813	 x11:0x00000000 x11=0x00000000
       29095000	      2908	80000c68	40a4d933	sra	x18,x9,x10	  x9:0xfff80009 x10:0x00000000 x18=0xfff80009
       29105000	      2909	80000c6c	01ee88b3	add	x17,x29,x30	 x29:0xff80009f x30:0x00000001 x17=0xff8000a0
       29115000	      2910	80000c70	43e9ca93	xori	x21,x19,1086	 x19:0x00000001 x21=0x0000043f
       29125000	      2911	80000c74	05b75463	bge	x14,x27,80000cbc	 x14:0x0000001f x27:0x00000000
       29135000	      2912	00000000	00000013	addi	x0,x0,0	  x0:0x00000000
       29145000	      2913	80000cb8	00000013	addi	x0,x0,0	  x0:0x00000000
       29155000	      2914	80000cbc	04797863	bgeu	x18,x7,80000d0c	 x18:0xfff80009  x7:0x80009fc4
       29165000	      2915	00000000	00000013	addi	x0,x0,0	  x0:0x00000000
       29175000	      2916	80000d08	00000013	addi	x0,x0,0	  x0:0x00000000
       29185000	      2917	80000d0c	0155fe33	and	x28,x11,x21	 x11:0x00000000 x21:0x0000043f x28=0x00000000
       29195000	      2918	80000d10	00983933	sltu	x18,x16,x9	 x16:0x00002000  x9:0xfff80009 x18=0x00000001
       29205000	      2919	80000d14	03239063	bne	x7,x18,80000d34	  x7:0x80009fc4 x18:0x00000001
       29215000	      2920	00000000	00000013	addi	x0,x0,0	  x0:0x00000000
       29225000	      2921	80000d30	00000013	addi	x0,x0,0	  x0:0x00000000
       29235000	      2922	80000d34	028ed263	bge	x29,x8,80000d58	 x29:0xff80009f  x8:0xc6e27bc8
       29245000	      2923	00000000	00000013	addi	x0,x0,0	  x0:0x00000000
       29255000	      2924	80000d54	00000013	addi	x0,x0,0	  x0:0x00000000
       29265000	      2925	80000d58	bb0c2913	slti	x18,x24,-1104	 x24:0xfffffb17 x18=0x00000001
       29275000	      2926	80000d5c	0136b1b3	sltu	x3,x13,x19	 x13:0xff80009f x19:0x00000001  x3=0x00000000
       29285000	      2927	80000d60	01a64733	xor	x14,x12,x26	 x12:0x80009fc4 x26:0x56b03c4c x14=0xd6b0a388
       29295000	      2928	80000d64	920d4713	xori	x14,x26,-1760	 x26:0x56b03c4c x14=0xa94fc56c
       29305000	      2929	80000d68	00a6a4b3	slt	x9,x13,x10	 x13:0xff80009f x10:0x00000000  x9=0x00000001
       29315000	      2930	80000d6c	413cb813	sltiu	x16,x25,1043	 x25:0x00000000 x16=0x00000001
       29325000	      2931	80000d70	00b4c2b3	xor	x5,x9,x11	  x9:0x00000001 x11:0x00000000  x5=0x00000001
       29335000	      2932	80000d74	04044863	blt	x8,x0,80000dc4	  x8:0xc6e27bc8  x0:0x00000000
       29345000	      2933	00000000	00000013	addi	x0,x0,0	  x0:0x00000000
       29355000	      2934	80000dc0	00000013	addi	x0,x0,0	  x0:0x00000000
       29365000	      2935	80000dc4	03440663	beq	x8,x20,80000df0	  x8:0xc6e27bc8 x20:0x00000000
       29375000	      2936	80000dc8	00000013	addi	x0,x0,0	  x0:0x00000000
       29385000	      2937	80000dcc	3b69e097	auipc	x1,0x3b69e	  x1=0xbb69edc8
       29395000	      2938	80000dd0	00a00863	beq	x0,x10,80000de0	  x0:0x00000000 x10:0x00000000
       29405000	      2939	00000000	00000013	addi	x0,x0,0	  x0:0x00000000
       29415000	      2940	80000ddc	00000013	addi	x0,x0,0	  x0:0x00000000
       29425000	      2941	80000de0	00ec1b93	slli	x23,x24,0xe	 x24:0xfffffb17 x23=0xfec5c000
       29435000	      2942	80000de4	00000013	addi	x0,x0,0	  x0:0x00000000
       29445000	      2943	80000de8	018f1513	slli	x10,x30,0x18	 x30:0x00000001 x10=0x01000000
       29455000	      2944	80000dec	40180db3	sub	x27,x16,x1	 x16:0x00000001  x1:0xbb69edc8 x27=0x44961239
       29465000	      2945	80000df0	03045e63	bge	x8,x16,80000e2c	  x8:0xc6e27bc8 x16:0x00000001
       29475000	      2946	80000df4	015802b3	add	x5,x16,x21	 x16:0x00000001 x21:0x0000043f  x5=0x00000440
       29485000	      2947	80000df8	00544333	xor	x6,x8,x5	  x8:0xc6e27bc8  x5:0x00000440  x6=0xc6e27f88
       29495000	      2948	80000dfc	67dd4993	xori	x19,x26,1661	 x26:0x56b03c4c x19=0x56b03a31
       29505000	      2949	80000e00	00422133	slt	x2,x4,x4	  x4:0x80009fc4  x4:0x80009fc4  x2=0x00000000
       29515000	      2950	80000e04	0371dc63	bge	x3,x23,80000e3c	  x3:0x00000000 x23:0xfec5c000
       29525000	      2951	00000000	00000013	addi	x0,x0,0	  x0:0x00000000
       29535000	      2952	80000e38	00000013	addi	x0,x0,0	  x0:0x00000000
       29545000	      2953	80000e3c	001de3b3	or	x7,x27,x1	 x27:0x44961239  x1:0xbb69edc8  x7=0xfffffff9
       29555000	      2954	80000e40	03d9f263	bgeu	x19,x29,80000e64	 x19:0x56b03a31 x29:0xff80009f
       29565000	      2955	80000e44	03717a63	bgeu	x2,x23,80000e78	  x2:0x00000000 x23:0xfec5c000
       29575000	      2956	80000e48	00000013	addi	x0,x0,0	  x0:0x00000000
       29585000	      2957	80000e4c	00ddd413	srli	x8,x27,0xd	 x27:0x44961239  x8=0x000224b0
       29595000	      2958	80000e50	0011fe63	bgeu	x3,x1,80000e6c	  x3:0x00000000  x1:0xbb69edc8
       29605000	      2959	80000e54	0add9e63	bne	x27,x13,80000f10	 x27:0x44961239 x13:0xff80009f
       29615000	      2960	00000000	00000013	addi	x0,x0,0	  x0:0x00000000
       29625000	      2961	80000f0c	00000013	addi	x0,x0,0	  x0:0x00000000
       29635000	      2962	80000f10	030d9e63	bne	x27,x16,80000f4c	 x27:0x44961239 x16:0x00000001
       29645000	      2963	00000000	00000013	addi	x0,x0,0	  x0:0x00000000
       29655000	      2964	80000f48	00000013	addi	x0,x0,0	  x0:0x00000000
       29665000	      2965	80000f4c	0121c863	blt	x3,x18,80000f5c	  x3:0x00000000 x18:0x00000001
       29675000	      2966	00000000	00000013	addi	x0,x0,0	  x0:0x00000000
       29685000	      2967	80000f58	00000013	addi	x0,x0,0	  x0:0x00000000
       29695000	      2968	80000f5c	0107d093	srli	x1,x15,0x10	 x15:0x80009f84  x1=0x00008000
       29705000	      2969	80000f60	01e37263	bgeu	x6,x30,80000f64	  x6:0xc6e27f88 x30:0x00000001
       29715000	      2970	00000000	00000013	addi	x0,x0,0	  x0:0x00000000
       29725000	      2971	80000f60	00000013	addi	x0,x0,0	  x0:0x00000000
       29735000	      2972	80000f64	00e512b3	sll	x5,x10,x14	 x10:0x01000000 x14:0xa94fc56c  x5=0x00000000
       29745000	      2973	80000f68	f9c50813	addi	x16,x10,-100	 x10:0x01000000 x16=0x00ffff9c
       29755000	      2974	80000f6c	05bf0863	beq	x30,x27,80000fbc	 x30:0x00000001 x27:0x44961239
       29765000	      2975	80000f70	01ed9093	slli	x1,x27,0x1e	 x27:0x44961239  x1=0x40000000
       29775000	      2976	80000f74	01aef933	and	x18,x29,x26	 x29:0xff80009f x26:0x56b03c4c x18=0x5680000c
       29785000	      2977	80000f78	23eb7097	auipc	x1,0x23eb7	  x1=0xa3eb7f74
       29795000	      2978	80000f7c	4075d313	srai	x6,x11,0x7	 x11:0x00000000  x6=0x00000000
       29805000	      2979	80000f80	0016f133	and	x2,x13,x1	 x13:0xff80009f  x1:0xa3eb7f74  x2=0xa3800014
       29815000	      2980	80000f84	0224f663	bgeu	x9,x2,80000fb0	  x9:0x00000001  x2:0xa3800014
       29825000	      2981	80000f88	00da8c33	add	x24,x21,x13	 x21:0x0000043f x13:0xff80009f x24=0xff8004de
       29835000	      2982	80000f8c	03788063	beq	x17,x23,80000fac	 x17:0xff8000a0 x23:0xfec5c000
       29845000	      2983	80000f90	00801933	sll	x18,x0,x8	  x0:0x00000000  x8:0x000224b0 x18=0x00000000
       29855000	      2984	80000f94	016db033	sltu	x0,x27,x22	 x27:0x44961239 x22:0xfffa6d79
       29865000	      2985	80000f98	717bf313	andi	x6,x23,1815	 x23:0xfec5c000  x6=0x00000000
       29875000	      2986	80000f9c	00a91463	bne	x18,x10,80000fa4	 x18:0x00000000 x10:0x01000000
       29885000	      2987	00000000	00000013	addi	x0,x0,0	  x0:0x00000000
       29895000	      2988	80000fa0	00000013	addi	x0,x0,0	  x0:0x00000000
       29905000	      2989	80000fa4	41b30133	sub	x2,x6,x27	  x6:0x00000000 x27:0x44961239  x2=0xbb69edc7
       29915000	      2990	80000fa8	6d6a8f13	addi	x30,x21,1750	 x21:0x0000043f x30=0x00000b15
       29925000	      2991	80000fac	013f7cb3	and	x25,x30,x19	 x30:0x00000b15 x19:0x56b03a31 x25=0x00000a11
       29935000	      2992	80000fb0	00062933	slt	x18,x12,x0	 x12:0x80009fc4  x0:0x00000000 x18=0x00000001
       29945000	      2993	80000fb4	29836213	ori	x4,x6,664	  x6:0x00000000  x4=0x00000298
       29955000	      2994	80000fb8	02e15663	bge	x2,x14,80000fe4	  x2:0xbb69edc7 x14:0xa94fc56c
       29965000	      2995	00000000	00000013	addi	x0,x0,0	  x0:0x00000000
       29975000	      2996	80000fe0	00000013	addi	x0,x0,0	  x0:0x00000000
       29985000	      2997	80000fe4	01ef2033	slt	x0,x30,x30	 x30:0x00000b15 x30:0x00000b15
       29995000	      2998	80000fe8	01105833	srl	x16,x0,x17	  x0:0x00000000 x17:0xff8000a0 x16=0x00000000
       30005000	      2999	80000fec	02cd0063	beq	x26,x12,8000100c	 x26:0x56b03c4c x12:0x80009fc4
       30015000	      3000	80000ff0	53367013	andi	x0,x12,1331	 x12:0x80009fc4
       30025000	      3001	80000ff4	40835f33	sra	x30,x6,x8	  x6:0x00000000  x8:0x000224b0 x30=0x00000000
       30035000	      3002	80000ff8	0273cc63	blt	x7,x7,80001030	  x7:0xfffffff9  x7:0xfffffff9
       30045000	      3003	80000ffc	01811cb3	sll	x25,x2,x24	  x2:0xbb69edc7 x24:0xff8004de x25=0xc0000000
       30055000	      3004	80001000	412eddb3	sra	x27,x29,x18	 x29:0xff80009f x18:0x00000001 x27=0xffc0004f
       30065000	      3005	80001004	00771413	slli	x8,x14,0x7	 x14:0xa94fc56c  x8=0xa7e2b600
       30075000	      3006	80001008	01c7f8b3	and	x17,x15,x28	 x15:0x80009f84 x28:0x00000000 x17=0x00000000
       30085000	      3007	8000100c	00dc8933	add	x18,x25,x13	 x25:0xc0000000 x13:0xff80009f x18=0xbf80009f
       30095000	      3008	80001010	85d74c13	xori	x24,x14,-1955	 x14:0xa94fc56c x24=0x56b03d31
       30105000	      3009	80001014	e33df813	andi	x16,x27,-461	 x27:0xffc0004f x16=0xffc00003
       30115000	      3010	80001018	408bd933	sra	x18,x23,x8	 x23:0xfec5c000  x8:0xa7e2b600 x18=0xfec5c000
       30125000	      3011	8000101c	010acb33	xor	x22,x21,x16	 x21:0x0000043f x16:0xffc00003 x22=0xffc0043c
       30135000	      3012	80001020	01d92133	slt	x2,x18,x29	 x18:0xfec5c000 x29:0xff80009f  x2=0x00000001
       30145000	      3013	80001024	00000013	addi	x0,x0,0	  x0:0x00000000
       30155000	      3014	80001028	00000013	addi	x0,x0,0	  x0:0x00000000
       30165000	      3015	8000102c	4787c293	xori	x5,x15,1144	 x15:0x80009f84  x5=0x80009bfc
       30175000	      3016	80001030	00515463	bge	x2,x5,80001038	  x2:0x00000001  x5:0x80009bfc
       30185000	      3017	00000000	00000013	addi	x0,x0,0	  x0:0x00000000
       30195000	      3018	80001034	00000013	addi	x0,x0,0	  x0:0x00000000
       30205000	      3019	80001038	5460ae13	slti	x28,x1,1350	  x1:0xa3eb7f74 x28=0x00000001
       30215000	      3020	8000103c	00c4ee63	bltu	x9,x12,80001058	  x9:0x00000001 x12:0x80009fc4
       30225000	      3021	00000000	00000013	addi	x0,x0,0	  x0:0x00000000
       30235000	      3022	80001054	00000013	addi	x0,x0,0	  x0:0x00000000
       30245000	      3023	80001058	011196b3	sll	x13,x3,x17	  x3:0x00000000 x17:0x00000000 x13=0x00000000
       30255000	      3024	8000105c	01861013	slli	x0,x12,0x18	 x12:0x80009fc4
       30265000	      3025	80001060	008b70b3	and	x1,x22,x8	 x22:0xffc0043c  x8:0xa7e2b600  x1=0xa7c00400
       30275000	      3026	80001064	01bbd893	srli	x17,x23,0x1b	 x23:0xfec5c000 x17=0x0000001f
       30285000	      3027	80001068	28cf0413	addi	x8,x30,652	 x30:0x00000000  x8=0x0000028c
       30295000	      3028	8000106c	001b0513	addi	x10,x22,1	 x22:0xffc0043c x10=0xffc0043d
       30305000	      3029	80001070	01c27933	and	x18,x4,x28	  x4:0x00000298 x28:0x00000001 x18=0x00000000
       30315000	      3030	80001074	03d4d263	bge	x9,x29,80001098	  x9:0x00000001 x29:0xff80009f
       30325000	      3031	00000000	00000013	addi	x0,x0,0	  x0:0x00000000
       30335000	      3032	80001094	00000013	addi	x0,x0,0	  x0:0x00000000
       30345000	      3033	80001098	871ebe97	auipc	x29,0x871eb	 x29=0x071ec094
       30355000	      3034	8000109c	5bedcb93	xori	x23,x27,1470	 x27:0xffc0004f x23=0xffc005f1
       30365000	      3035	800010a0	4189d113	srai	x2,x19,0x18	 x19:0x56b03a31  x2=0x00000056
       30375000	      3036	800010a4	01b5b033	sltu	x0,x11,x27	 x11:0x00000000 x27:0xffc0004f
       30385000	      3037	800010a8	0115d833	srl	x16,x11,x17	 x11:0x00000000 x17:0x0000001f x16=0x00000000
       30395000	      3038	800010ac	059d7463	bgeu	x26,x25,800010f4	 x26:0x56b03c4c x25:0xc0000000
       30405000	      3039	800010b0	40c65993	srai	x19,x12,0xc	 x12:0x80009fc4 x19=0xfff80009
       30415000	      3040	800010b4	011c6533	or	x10,x24,x17	 x24:0x56b03d31 x17:0x0000001f x10=0x56b03d3f
       30425000	      3041	800010b8	018d02b3	add	x5,x26,x24	 x26:0x56b03c4c x24:0x56b03d31  x5=0xad60797d
       30435000	      3042	800010bc	2d118c13	addi	x24,x3,721	  x3:0x00000000 x24=0x000002d1
       30445000	      3043	800010c0	01429393	slli	x7,x5,0x14	  x5:0xad60797d  x7=0x97d00000
       30455000	      3044	800010c4	40118133	sub	x2,x3,x1	  x3:0x00000000  x1:0xa7c00400  x2=0x583ffc00
       30465000	      3045	800010c8	4019d9b3	sra	x19,x19,x1	 x19:0xfff80009  x1:0xa7c00400 x19=0xfff80009
       30475000	      3046	800010cc	01ec2133	slt	x2,x24,x30	 x24:0x000002d1 x30:0x00000000  x2=0x00000000
       30485000	      3047	800010d0	e44b8813	addi	x16,x23,-444	 x23:0xffc005f1 x16=0xffc00435
       30495000	      3048	800010d4	012ee1b3	or	x3,x29,x18	 x29:0x071ec094 x18:0x00000000  x3=0x071ec094
       30505000	      3049	800010d8	018d7eb3	and	x29,x26,x24	 x26:0x56b03c4c x24:0x000002d1 x29=0x00000040
       30515000	      3050	800010dc	5436d237	lui	x4,0x5436d	  x4=0x5436d000
       30525000	      3051	800010e0	01aa78b3	and	x17,x20,x26	 x20:0x00000000 x26:0x56b03c4c x17=0x00000000
       30535000	      3052	800010e4	080b8663	beq	x23,x0,80001170	 x23:0xffc005f1  x0:0x00000000
       30545000	      3053	800010e8	008c4263	blt	x24,x8,800010ec	 x24:0x000002d1  x8:0x0000028c
       30555000	      3054	800010ec	40850f33	sub	x30,x10,x8	 x10:0x56b03d3f  x8:0x0000028c x30=0x56b03ab3
       30565000	      3055	800010f0	001d86b3	add	x13,x27,x1	 x27:0xffc0004f  x1:0xa7c00400 x13=0xa780044f
       30575000	      3056	800010f4	06cd9263	bne	x27,x12,80001158	 x27:0xffc0004f x12:0x80009fc4
       30585000	      3057	00000000	00000013	addi	x0,x0,0	  x0:0x00000000
       30595000	      3058	80001154	00000013	addi	x0,x0,0	  x0:0x00000000
       30605000	      3059	80001158	848d3537	lui	x10,0x848d3	 x10=0x848d3000
       30615000	      3060	8000115c	4094d193	srai	x3,x9,0x9	  x9:0x00000001  x3=0x00000000
       30625000	      3061	80001160	0419e463	bltu	x19,x1,800011a8	 x19:0xfff80009  x1:0xa7c00400
       30635000	      3062	80001164	00000013	addi	x0,x0,0	  x0:0x00000000
       30645000	      3063	80001168	406a8ab3	sub	x21,x21,x6	 x21:0x0000043f  x6:0x00000000 x21=0x0000043f
       30655000	      3064	8000116c	00000013	addi	x0,x0,0	  x0:0x00000000
       30665000	      3065	80001170	00540db3	add	x27,x8,x5	  x8:0x0000028c  x5:0xad60797d x27=0xad607c09
       30675000	      3066	80001174	0038f9b3	and	x19,x17,x3	 x17:0x00000000  x3:0x00000000 x19=0x00000000
       30685000	      3067	80001178	018b4db3	xor	x27,x22,x24	 x22:0xffc0043c x24:0x000002d1 x27=0xffc006ed
       30695000	      3068	8000117c	fad02313	slti	x6,x0,-83	  x0:0x00000000  x6=0x00000000
       30705000	      3069	80001180	6cb58993	addi	x19,x11,1739	 x11:0x00000000 x19=0x000006cb
       30715000	      3070	80001184	03e6c663	blt	x13,x30,800011b0	 x13:0xa780044f x30:0x56b03ab3
       30725000	      3071	00000000	00000013	addi	x0,x0,0	  x0:0x00000000
       30735000	      3072	800011ac	00000013	addi	x0,x0,0	  x0:0x00000000
       30745000	      3073	800011b0	000e35b3	sltu	x11,x28,x0	 x28:0x00000001  x0:0x00000000 x11=0x00000000
       30755000	      3074	800011b4	028d0463	beq	x26,x8,800011dc	 x26:0x56b03c4c  x8:0x0000028c
       30765000	      3075	800011b8	33847593	andi	x11,x8,824	  x8:0x0000028c x11=0x00000208
       30775000	      3076	800011bc	00c8eb33	or	x22,x17,x12	 x17:0x00000000 x12:0x80009fc4 x22=0x80009fc4
       30785000	      3077	800011c0	00000013	addi	x0,x0,0	  x0:0x00000000
       30795000	      3078	800011c4	4147dbb3	sra	x23,x15,x20	 x15:0x80009f84 x20:0x00000000 x23=0x80009f84
       30805000	      3079	800011c8	00707133	and	x2,x0,x7	  x0:0x00000000  x7:0x97d00000  x2=0x00000000
       30815000	      3080	800011cc	fb146893	ori	x17,x8,-79	  x8:0x0000028c x17=0xffffffbd
       30825000	      3081	800011d0	0192fbb3	and	x23,x5,x25	  x5:0xad60797d x25:0xc0000000 x23=0x80000000
       30835000	      3082	800011d4	03537263	bgeu	x6,x21,800011f8	  x6:0x00000000 x21:0x0000043f
       30845000	      3083	800011d8	e4e0c393	xori	x7,x1,-434	  x1:0xa7c00400  x7=0x583ffa4e
       30855000	      3084	800011dc	00000013	addi	x0,x0,0	  x0:0x00000000
       30865000	      3085	800011e0	87bed9b7	lui	x19,0x87bed	 x19=0x87bed000
       30875000	      3086	800011e4	615d0a93	addi	x21,x26,1557	 x26:0x56b03c4c x21=0x56b04261
       30885000	      3087	800011e8	2b7c8693	addi	x13,x25,695	 x25:0xc0000000 x13=0xc00002b7
       30895000	      3088	800011ec	c64774b7	lui	x9,0xc6477	  x9=0xc6477000
       30905000	      3089	800011f0	cea0c693	xori	x13,x1,-790	  x1:0xa7c00400 x13=0x583ff8ea
       30915000	      3090	800011f4	0157d013	srli	x0,x15,0x15	 x15:0x80009f84
       30925000	      3091	800011f8	01058463	beq	x11,x16,80001200	 x11:0x00000208 x16:0xffc00435
       30935000	      3092	800011fc	01cc7e63	bgeu	x24,x28,80001218	 x24:0x000002d1 x28:0x00000001
       30945000	      3093	00000000	00000013	addi	x0,x0,0	  x0:0x00000000
       30955000	      3094	80001214	00000013	addi	x0,x0,0	  x0:0x00000000
       30965000	      3095	80001218	00000013	addi	x0,x0,0	  x0:0x00000000
       30975000	      3096	8000121c	01509f93	slli	x31,x1,0x15	  x1:0xa7c00400 x31=0x80000000
       30985000	      3097	80001220	58485817	auipc	x16,0x58485	 x16=0xd848621c
       30995000	      3098	80001224	7dcda313	slti	x6,x27,2012	 x27:0xffc006ed  x6=0x00000001
       31005000	      3099	80001228	01c71b93	slli	x23,x14,0x1c	 x14:0xa94fc56c x23=0xc0000000
       31015000	      3100	8000122c	00a69db3	sll	x27,x13,x10	 x13:0x583ff8ea x10:0x848d3000 x27=0x583ff8ea
       31025000	      3101	80001230	00193cb3	sltu	x25,x18,x1	 x18:0x00000000  x1:0xa7c00400 x25=0x00000001
       31035000	      3102	80001234	69557193	andi	x3,x10,1685	 x10:0x848d3000  x3=0x00000000
       31045000	      3103	80001238	2b7ef193	andi	x3,x29,695	 x29:0x00000040  x3=0x00000000
       31055000	      3104	8000123c	0189f533	and	x10,x19,x24	 x19:0x87bed000 x24:0x000002d1 x10=0x00000000
       31065000	      3105	80001240	01ef6c63	bltu	x30,x30,80001258	 x30:0x56b03ab3 x30:0x56b03ab3
       31075000	      3106	80001244	03229a63	bne	x5,x18,80001278	  x5:0xad60797d x18:0x00000000
       31085000	      3107	00000000	00000013	addi	x0,x0,0	  x0:0x00000000
       31095000	      3108	80001274	00000013	addi	x0,x0,0	  x0:0x00000000
       31105000	      3109	80001278	01674933	xor	x18,x14,x22	 x14:0xa94fc56c x22:0x80009fc4 x18=0x294f5aa8
       31115000	      3110	8000127c	2d783b93	sltiu	x23,x16,727	 x16:0xd848621c x23=0x00000000
       31125000	      3111	80001280	f583f993	andi	x19,x7,-168	  x7:0x583ffa4e x19=0x583ffa48
       31135000	      3112	80001284	03330e63	beq	x6,x19,800012c0	  x6:0x00000001 x19:0x583ffa48
       31145000	      3113	80001288	00c3bcb3	sltu	x25,x7,x12	  x7:0x583ffa4e x12:0x80009fc4 x25=0x00000001
       31155000	      3114	8000128c	0075e8b3	or	x17,x11,x7	 x11:0x00000208  x7:0x583ffa4e x17=0x583ffa4e
       31165000	      3115	80001290	01c1b733	sltu	x14,x3,x28	  x3:0x00000000 x28:0x00000001 x14=0x00000001
       31175000	      3116	80001294	da00fc13	andi	x24,x1,-608	  x1:0xa7c00400 x24=0xa7c00400
       31185000	      3117	80001298	01299933	sll	x18,x19,x18	 x19:0x583ffa48 x18:0x294f5aa8 x18=0x3ffa4800
       31195000	      3118	8000129c	00baecb3	or	x25,x21,x11	 x21:0x56b04261 x11:0x00000208 x25=0x56b04269
       31205000	      3119	800012a0	40458133	sub	x2,x11,x4	 x11:0x00000208  x4:0x5436d000  x2=0xabc93208
       31215000	      3120	800012a4	00f090b3	sll	x1,x1,x15	  x1:0xa7c00400 x15:0x80009f84  x1=0x7c004000
       31225000	      3121	800012a8	035be063	bltu	x23,x21,800012c8	 x23:0x00000000 x21:0x56b04261
       31235000	      3122	00000000	00000013	addi	x0,x0,0	  x0:0x00000000
       31245000	      3123	800012c4	00000013	addi	x0,x0,0	  x0:0x00000000
       31255000	      3124	800012c8	f875fb13	andi	x22,x11,-121	 x11:0x00000208 x22=0x00000200
       31265000	      3125	800012cc	0055d433	srl	x8,x11,x5	 x11:0x00000208  x5:0xad60797d  x8=0x00000000
       31275000	      3126	800012d0	c0057493	andi	x9,x10,-1024	 x10:0x00000000  x9=0x00000000
       31285000	      3127	800012d4	03d41e63	bne	x8,x29,80001310	  x8:0x00000000 x29:0x00000040
       31295000	      3128	00000000	00000013	addi	x0,x0,0	  x0:0x00000000
       31305000	      3129	8000130c	00000013	addi	x0,x0,0	  x0:0x00000000
       31315000	      3130	80001310	04e26463	bltu	x4,x14,80001358	  x4:0x5436d000 x14:0x00000001
       31325000	      3131	80001314	008cbf33	sltu	x30,x25,x8	 x25:0x56b04269  x8:0x00000000 x30=0x00000000
       31335000	      3132	80001318	04925463	bge	x4,x9,80001360	  x4:0x5436d000  x9:0x00000000
       31345000	      3133	00000000	00000013	addi	x0,x0,0	  x0:0x00000000
       31355000	      3134	8000135c	00000013	addi	x0,x0,0	  x0:0x00000000
       31365000	      3135	80001360	40790f13	addi	x30,x18,1031	 x18:0x3ffa4800 x30=0x3ffa4c07
       31375000	      3136	80001364	02177263	bgeu	x14,x1,80001388	 x14:0x00000001  x1:0x7c004000
       31385000	      3137	80001368	019f6233	or	x4,x30,x25	 x30:0x3ffa4c07 x25:0x56b04269  x4=0x7ffa4e6f
       31395000	      3138	8000136c	02abea63	bltu	x23,x10,800013a0	 x23:0x00000000 x10:0x00000000
       31405000	      3139	80001370	01f04463	blt	x0,x31,80001378	  x0:0x00000000 x31:0x80000000
       31415000	      3140	80001374	02aec063	blt	x29,x10,80001394	 x29:0x00000040 x10:0x00000000
       31425000	      3141	80001378	a81f7497	auipc	x9,0xa81f7	  x9=0x281f8374
       31435000	      3142	8000137c	05534863	blt	x6,x21,800013cc	  x6:0x00000001 x21:0x56b04261
       31445000	      3143	00000000	00000013	addi	x0,x0,0	  x0:0x00000000
       31455000	      3144	800013c8	00000013	addi	x0,x0,0	  x0:0x00000000
       31465000	      3145	800013cc	40b089b3	sub	x19,x1,x11	  x1:0x7c004000 x11:0x00000208 x19=0x7c003df8
       31475000	      3146	800013d0	00000013	addi	x0,x0,0	  x0:0x00000000
       31485000	      3147	800013d4	002408b3	add	x17,x8,x2	  x8:0x00000000  x2:0xabc93208 x17=0xabc93208
       31495000	      3148	800013d8	04017463	bgeu	x2,x0,80001420	  x2:0xabc93208  x0:0x00000000
       31505000	      3149	00000000	00000013	addi	x0,x0,0	  x0:0x00000000
       31515000	      3150	8000141c	00000013	addi	x0,x0,0	  x0:0x00000000
       31525000	      3151	80001420	41f5d2b3	sra	x5,x11,x31	 x11:0x00000208 x31:0x80000000  x5=0x00000208
       31535000	      3152	80001424	00b13833	sltu	x16,x2,x11	  x2:0xabc93208 x11:0x00000208 x16=0x00000000
       31545000	      3153	80001428	0190fe63	bgeu	x1,x25,80001444	  x1:0x7c004000 x25:0x56b04269
       31555000	      3154	00000000	00000013	addi	x0,x0,0	  x0:0x00000000
       31565000	      3155	80001440	00000013	addi	x0,x0,0	  x0:0x00000000
       31575000	      3156	80001444	03ca0463	beq	x20,x28,8000146c	 x20:0x00000000 x28:0x00000001
       31585000	      3157	80001448	02040263	beq	x8,x0,8000146c	  x8:0x00000000  x0:0x00000000
       31595000	      3158	00000000	00000013	addi	x0,x0,0	  x0:0x00000000
       31605000	      3159	80001468	00000013	addi	x0,x0,0	  x0:0x00000000
       31615000	      3160	8000146c	41058233	sub	x4,x11,x16	 x11:0x00000208 x16:0x00000000  x4=0x00000208
       31625000	      3161	80001470	002abc33	sltu	x24,x21,x2	 x21:0x56b04261  x2:0xabc93208 x24=0x00000001
       31635000	      3162	80001474	00dddf33	srl	x30,x27,x13	 x27:0x583ff8ea x13:0x583ff8ea x30=0x00160ffe
       31645000	      3163	80001478	03fc5063	bge	x24,x31,80001498	 x24:0x00000001 x31:0x80000000
       31655000	      3164	00000000	00000013	addi	x0,x0,0	  x0:0x00000000
       31665000	      3165	80001494	00000013	addi	x0,x0,0	  x0:0x00000000
       31675000	      3166	80001498	402c5713	srai	x14,x24,0x2	 x24:0x00000001 x14=0x00000000
       31685000	      3167	8000149c	41c78033	sub	x0,x15,x28	 x15:0x80009f84 x28:0x00000001
       31695000	      3168	800014a0	40f50e33	sub	x28,x10,x15	 x10:0x00000000 x15:0x80009f84 x28=0x7fff607c
       31705000	      3169	800014a4	2d1e0993	addi	x19,x28,721	 x28:0x7fff607c x19=0x7fff634d
       31715000	      3170	800014a8	01152cb3	slt	x25,x10,x17	 x10:0x00000000 x17:0xabc93208 x25=0x00000000
       31725000	      3171	800014ac	018183b3	add	x7,x3,x24	  x3:0x00000000 x24:0x00000001  x7=0x00000001
       31735000	      3172	800014b0	e91a0717	auipc	x14,0xe91a0	 x14=0x691a14ac
       31745000	      3173	800014b4	41aa83b3	sub	x7,x21,x26	 x21:0x56b04261 x26:0x56b03c4c  x7=0x00000615
       31755000	      3174	800014b8	017205b3	add	x11,x4,x23	  x4:0x00000208 x23:0x00000000 x11=0x00000208
       31765000	      3175	800014bc	01a73333	sltu	x6,x14,x26	 x14:0x691a14ac x26:0x56b03c4c  x6=0x00000000
       31775000	      3176	800014c0	00149e13	slli	x28,x9,0x1	  x9:0x281f8374 x28=0x503f06e8
       31785000	      3177	800014c4	01b2ffb3	and	x31,x5,x27	  x5:0x00000208 x27:0x583ff8ea x31=0x00000008
       31795000	      3178	800014c8	01760533	add	x10,x12,x23	 x12:0x80009fc4 x23:0x00000000 x10=0x80009fc4
       31805000	      3179	800014cc	01e8a6b3	slt	x13,x17,x30	 x17:0xabc93208 x30:0x00160ffe x13=0x00000001
       31815000	      3180	800014d0	3ac66137	lui	x2,0x3ac66	  x2=0x3ac66000
       31825000	      3181	800014d4	03328e63	beq	x5,x19,80001510	  x5:0x00000208 x19:0x7fff634d
       31835000	      3182	800014d8	25178c93	addi	x25,x15,593	 x15:0x80009f84 x25=0x8000a1d5
       31845000	      3183	800014dc	01f4a433	slt	x8,x9,x31	  x9:0x281f8374 x31:0x00000008  x8=0x00000000
       31855000	      3184	800014e0	00e651b3	srl	x3,x12,x14	 x12:0x80009fc4 x14:0x691a14ac  x3=0x00080009
       31865000	      3185	800014e4	41dfd313	srai	x6,x31,0x1d	 x31:0x00000008  x6=0x00000000
       31875000	      3186	800014e8	53aaef93	ori	x31,x21,1338	 x21:0x56b04261 x31=0x56b0477b
       31885000	      3187	800014ec	018a5233	srl	x4,x20,x24	 x20:0x00000000 x24:0x00000001  x4=0x00000000
       31895000	      3188	800014f0	0083e8b3	or	x17,x7,x8	  x7:0x00000615  x8:0x00000000 x17=0x00000615
       31905000	      3189	800014f4	01f1ce33	xor	x28,x3,x31	  x3:0x00080009 x31:0x56b0477b x28=0x56b84772
       31915000	      3190	800014f8	00000013	addi	x0,x0,0	  x0:0x00000000
       31925000	      3191	800014fc	01900533	add	x10,x0,x25	  x0:0x00000000 x25:0x8000a1d5 x10=0x8000a1d5
       31935000	      3192	80001500	40005993	srai	x19,x0,0x0	  x0:0x00000000 x19=0x00000000
       31945000	      3193	80001504	00419233	sll	x4,x3,x4	  x3:0x00080009  x4:0x00000000  x4=0x00080009
       31955000	      3194	80001508	10b10513	addi	x10,x2,267	  x2:0x3ac66000 x10=0x3ac6610b
       31965000	      3195	8000150c	01cf9033	sll	x0,x31,x28	 x31:0x56b0477b x28:0x56b84772
       31975000	      3196	80001510	a23b3e13	sltiu	x28,x22,-1501	 x22:0x00000200 x28=0x00000001
       31985000	      3197	80001514	6ddc7917	auipc	x18,0x6ddc7	 x18=0xeddc8510
       31995000	      3198	80001518	0280e263	bltu	x1,x8,8000153c	  x1:0x7c004000  x8:0x00000000
       32005000	      3199	8000151c	0118ce33	xor	x28,x17,x17	 x17:0x00000615 x17:0x00000615 x28=0x00000000
       32015000	      3200	80001520	4ea92f37	lui	x30,0x4ea92	 x30=0x4ea92000
       32025000	      3201	80001524	0006fcb3	and	x25,x13,x0	 x13:0x00000001  x0:0x00000000 x25=0x00000000
       32035000	      3202	80001528	41a05a93	srai	x21,x0,0x1a	  x0:0x00000000 x21=0x00000000
       32045000	      3203	8000152c	00359db3	sll	x27,x11,x3	 x11:0x00000208  x3:0x00080009 x27=0x00041000
       32055000	      3204	80001530	02b6c313	xori	x6,x13,43	 x13:0x00000001  x6=0x0000002a
       32065000	      3205	80001534	018ec033	xor	x0,x29,x24	 x29:0x00000040 x24:0x00000001
       32075000	      3206	80001538	41e5dd13	srai	x26,x11,0x1e	 x11:0x00000208 x26=0x00000000
       32085000	      3207	8000153c	01eda3b3	slt	x7,x27,x30	 x27:0x00041000 x30:0x4ea92000  x7=0x00000001
       32095000	      3208	80001540	009a7d33	and	x26,x20,x9	 x20:0x00000000  x9:0x281f8374 x26=0x00000000
       32105000	      3209	80001544	00276db3	or	x27,x14,x2	 x14:0x691a14ac  x2:0x3ac66000 x27=0x7bde74ac
       32115000	      3210	80001548	50ca9bb7	lui	x23,0x50ca9	 x23=0x50ca9000
       32125000	      3211	8000154c	0218dc63	bge	x17,x1,80001584	 x17:0x00000615  x1:0x7c004000
       32135000	      3212	80001550	014b1b13	slli	x22,x22,0x14	 x22:0x00000200 x22=0x20000000
       32145000	      3213	80001554	d735c213	xori	x4,x11,-653	 x11:0x00000208  x4=0xffffff7b
       32155000	      3214	80001558	0bf3a993	slti	x19,x7,191	  x7:0x00000001 x19=0x00000001
       32165000	      3215	8000155c	007a80b3	add	x1,x21,x7	 x21:0x00000000  x7:0x00000001  x1=0x00000001
       32175000	      3216	80001560	d9007713	andi	x14,x0,-624	  x0:0x00000000 x14=0x00000000
       32185000	      3217	80001564	03e0ca63	blt	x1,x30,80001598	  x1:0x00000001 x30:0x4ea92000
       32195000	      3218	00000000	00000013	addi	x0,x0,0	  x0:0x00000000
       32205000	      3219	80001594	00000013	addi	x0,x0,0	  x0:0x00000000
       32215000	      3220	80001598	568b2893	slti	x17,x22,1384	 x22:0x20000000 x17=0x00000000
       32225000	      3221	8000159c	d2582d13	slti	x26,x16,-731	 x16:0x00000000 x26=0x00000000
       32235000	      3222	800015a0	000a5b13	srli	x22,x20,0x0	 x20:0x00000000 x22=0x00000000
       32245000	      3223	800015a4	01d7d533	srl	x10,x15,x29	 x15:0x80009f84 x29:0x00000040 x10=0x80009f84
       32255000	      3224	800015a8	01327c63	bgeu	x4,x19,800015c0	  x4:0xffffff7b x19:0x00000001
       32265000	      3225	00000000	00000013	addi	x0,x0,0	  x0:0x00000000
       32275000	      3226	800015bc	00000013	addi	x0,x0,0	  x0:0x00000000
       32285000	      3227	800015c0	41d1d513	srai	x10,x3,0x1d	  x3:0x00080009 x10=0x00000000
       32295000	      3228	800015c4	01e0ce63	blt	x1,x30,800015e0	  x1:0x00000001 x30:0x4ea92000
       32305000	      3229	00000000	00000013	addi	x0,x0,0	  x0:0x00000000
       32315000	      3230	800015dc	00000013	addi	x0,x0,0	  x0:0x00000000
       32325000	      3231	800015e0	00000013	addi	x0,x0,0	  x0:0x00000000
       32335000	      3232	800015e4	019301b3	add	x3,x6,x25	  x6:0x0000002a x25:0x00000000  x3=0x0000002a
       32345000	      3233	800015e8	0031cab3	xor	x21,x3,x3	  x3:0x0000002a  x3:0x0000002a x21=0x00000000
       32355000	      3234	800015ec	0586e863	bltu	x13,x24,8000163c	 x13:0x00000001 x24:0x00000001
       32365000	      3235	800015f0	0511e863	bltu	x3,x17,80001640	  x3:0x0000002a x17:0x00000000
       32375000	      3236	800015f4	83c6cd37	lui	x26,0x83c6c	 x26=0x83c6c000
       32385000	      3237	800015f8	d31f8c13	addi	x24,x31,-719	 x31:0x56b0477b x24=0x56b044ac
       32395000	      3238	800015fc	00000013	addi	x0,x0,0	  x0:0x00000000
       32405000	      3239	80001600	404c5833	sra	x16,x24,x4	 x24:0x56b044ac  x4:0xffffff7b x16=0x0000000a
       32415000	      3240	80001604	00295833	srl	x16,x18,x2	 x18:0xeddc8510  x2:0x3ac66000 x16=0xeddc8510
       32425000	      3241	80001608	01267933	and	x18,x12,x18	 x12:0x80009fc4 x18:0xeddc8510 x18=0x80008500
       32435000	      3242	8000160c	45ac2213	slti	x4,x24,1114	 x24:0x56b044ac  x4=0x00000000
       32445000	      3243	80001610	3c866293	ori	x5,x12,968	 x12:0x80009fc4  x5=0x80009fcc
       32455000	      3244	80001614	00cc7c33	and	x24,x24,x12	 x24:0x56b044ac x12:0x80009fc4 x24=0x00000484
       32465000	      3245	80001618	4005dfb3	sra	x31,x11,x0	 x11:0x00000208  x0:0x00000000 x31=0x00000208
       32475000	      3246	8000161c	01bd5f13	srli	x30,x26,0x1b	 x26:0x83c6c000 x30=0x00000010
       32485000	      3247	80001620	f2d5f293	andi	x5,x11,-211	 x11:0x00000208  x5=0x00000208
       32495000	      3248	80001624	031bda63	bge	x23,x17,80001658	 x23:0x50ca9000 x17:0x00000000
       32505000	      3249	00000000	00000013	addi	x0,x0,0	  x0:0x00000000
       32515000	      3250	80001654	00000013	addi	x0,x0,0	  x0:0x00000000
       32525000	      3251	80001658	02b07c63	bgeu	x0,x11,80001690	  x0:0x00000000 x11:0x00000208
       32535000	      3252	8000165c	01b259b3	srl	x19,x4,x27	  x4:0x00000000 x27:0x7bde74ac x19=0x00000000
       32545000	      3253	80001660	b6520b13	addi	x22,x4,-1179	  x4:0x00000000 x22=0xfffffb65
       32555000	      3254	80001664	00e6d5b3	srl	x11,x13,x14	 x13:0x00000001 x14:0x00000000 x11=0x00000001
       32565000	      3255	80001668	0102e263	bltu	x5,x16,8000166c	  x5:0x00000208 x16:0xeddc8510
       32575000	      3256	00000000	00000013	addi	x0,x0,0	  x0:0x00000000
       32585000	      3257	80001668	00000013	addi	x0,x0,0	  x0:0x00000000
       32595000	      3258	8000166c	0191d733	srl	x14,x3,x25	  x3:0x0000002a x25:0x00000000 x14=0x0000002a
       32605000	      3259	80001670	03c4ee63	bltu	x9,x28,800016ac	  x9:0x281f8374 x28:0x00000000
       32615000	      3260	80001674	01ae5e33	srl	x28,x28,x26	 x28:0x00000000 x26:0x83c6c000 x28=0x00000000
       32625000	      3261	80001678	03337463	bgeu	x6,x19,800016a0	  x6:0x0000002a x19:0x00000000
       32635000	      3262	00000000	00000013	addi	x0,x0,0	  x0:0x00000000
       32645000	      3263	8000169c	00000013	addi	x0,x0,0	  x0:0x00000000
       32655000	      3264	800016a0	00000013	addi	x0,x0,0	  x0:0x00000000
       32665000	      3265	800016a4	0026a133	slt	x2,x13,x2	 x13:0x00000001  x2:0x3ac66000  x2=0x00000001
       32675000	      3266	800016a8	01826a63	bltu	x4,x24,800016bc	  x4:0x00000000 x24:0x00000484
       32685000	      3267	00000000	00000013	addi	x0,x0,0	  x0:0x00000000
       32695000	      3268	800016b8	00000013	addi	x0,x0,0	  x0:0x00000000
       32705000	      3269	800016bc	01efbc33	sltu	x24,x31,x30	 x31:0x00000208 x30:0x00000010 x24=0x00000000
       32715000	      3270	800016c0	418d5fb3	sra	x31,x26,x24	 x26:0x83c6c000 x24:0x00000000 x31=0x83c6c000
       32725000	      3271	800016c4	007ef463	bgeu	x29,x7,800016cc	 x29:0x00000040  x7:0x00000001
       32735000	      3272	00000000	00000013	addi	x0,x0,0	  x0:0x00000000
       32745000	      3273	800016c8	00000013	addi	x0,x0,0	  x0:0x00000000
       32755000	      3274	800016cc	00bacb33	xor	x22,x21,x11	 x21:0x00000000 x11:0x00000001 x22=0x00000001
       32765000	      3275	800016d0	01a72bb3	slt	x23,x14,x26	 x14:0x0000002a x26:0x83c6c000 x23=0x00000000
       32775000	      3276	800016d4	15168e17	auipc	x28,0x15168	 x28=0x951696d0
       32785000	      3277	800016d8	00000013	addi	x0,x0,0	  x0:0x00000000
       32795000	      3278	800016dc	04168463	beq	x13,x1,80001724	 x13:0x00000001  x1:0x00000001
       32805000	      3279	00000000	00000013	addi	x0,x0,0	  x0:0x00000000
       32815000	      3280	80001720	00000013	addi	x0,x0,0	  x0:0x00000000
       32825000	      3281	80001724	0727ad13	slti	x26,x15,114	 x15:0x80009f84 x26=0x00000001
       32835000	      3282	80001728	9216db97	auipc	x23,0x9216d	 x23=0x1216e724
       32845000	      3283	8000172c	000da9b3	slt	x19,x27,x0	 x27:0x7bde74ac  x0:0x00000000 x19=0x00000000
       32855000	      3284	80001730	5ed10e13	addi	x28,x2,1517	  x2:0x00000001 x28=0x000005ee
       32865000	      3285	80001734	ad90a097	auipc	x1,0xad90a	  x1=0x2d90b730
       32875000	      3286	80001738	40e05b13	srai	x22,x0,0xe	  x0:0x00000000 x22=0x00000000
       32885000	      3287	8000173c	6e3ee0b7	lui	x1,0x6e3ee	  x1=0x6e3ee000
       32895000	      3288	80001740	003fbdb3	sltu	x27,x31,x3	 x31:0x83c6c000  x3:0x0000002a x27=0x00000000
       32905000	      3289	80001744	40b25493	srai	x9,x4,0xb	  x4:0x00000000  x9=0x00000000
       32915000	      3290	80001748	024b6263	bltu	x22,x4,8000176c	 x22:0x00000000  x4:0x00000000
       32925000	      3291	8000174c	0190aab3	slt	x21,x1,x25	  x1:0x6e3ee000 x25:0x00000000 x21=0x00000000
       32935000	      3292	80001750	00000013	addi	x0,x0,0	  x0:0x00000000
       32945000	      3293	80001754	006a5313	srli	x6,x20,0x6	 x20:0x00000000  x6=0x00000000
       32955000	      3294	80001758	01afc933	xor	x18,x31,x26	 x31:0x83c6c000 x26:0x00000001 x18=0x83c6c001
       32965000	      3295	8000175c	01928eb3	add	x29,x5,x25	  x5:0x00000208 x25:0x00000000 x29=0x00000208
       32975000	      3296	80001760	40015c13	srai	x24,x2,0x0	  x2:0x00000001 x24=0x00000001
       32985000	      3297	80001764	00000013	addi	x0,x0,0	  x0:0x00000000
       32995000	      3298	80001768	40b00e33	sub	x28,x0,x11	  x0:0x00000000 x11:0x00000001 x28=0xffffffff
       33005000	      3299	8000176c	00523c33	sltu	x24,x4,x5	  x4:0x00000000  x5:0x00000208 x24=0x00000001
       33015000	      3300	80001770	4f0bb693	sltiu	x13,x23,1264	 x23:0x1216e724 x13=0x00000000
       33025000	      3301	80001774	a1ef6713	ori	x14,x30,-1506	 x30:0x00000010 x14=0xfffffa1e
       33035000	      3302	80001778	006f48b3	xor	x17,x30,x6	 x30:0x00000010  x6:0x00000000 x17=0x00000010
       33045000	      3303	8000177c	4103dd93	srai	x27,x7,0x10	  x7:0x00000001 x27=0x00000000
       33055000	      3304	80001780	342b3db7	lui	x27,0x342b3	 x27=0x342b3000
       33065000	      3305	80001784	0194f033	and	x0,x9,x25	  x9:0x00000000 x25:0x00000000
       33075000	      3306	80001788	b9d178b7	lui	x17,0xb9d17	 x17=0xb9d17000
       33085000	      3307	8000178c	d8f50c13	addi	x24,x10,-625	 x10:0x00000000 x24=0xfffffd8f
       33095000	      3308	80001790	03704663	blt	x0,x23,800017bc	  x0:0x00000000 x23:0x1216e724
       33105000	      3309	00000000	00000013	addi	x0,x0,0	  x0:0x00000000
       33115000	      3310	800017b8	00000013	addi	x0,x0,0	  x0:0x00000000
       33125000	      3311	800017bc	40c0db93	srai	x23,x1,0xc	  x1:0x6e3ee000 x23=0x0006e3ee
       33135000	      3312	800017c0	56a20f13	addi	x30,x4,1386	  x4:0x00000000 x30=0x0000056a
       33145000	      3313	800017c4	01b78f33	add	x30,x15,x27	 x15:0x80009f84 x27:0x342b3000 x30=0xb42bcf84
       33155000	      3314	800017c8	00326ab3	or	x21,x4,x3	  x4:0x00000000  x3:0x0000002a x21=0x0000002a
       33165000	      3315	800017cc	53454d97	auipc	x27,0x53454	 x27=0xd34557c8
       33175000	      3316	800017d0	01c7fe33	and	x28,x15,x28	 x15:0x80009f84 x28:0xffffffff x28=0x80009f84
       33185000	      3317	800017d4	4037d9b3	sra	x19,x15,x3	 x15:0x80009f84  x3:0x0000002a x19=0xffe00027
       33195000	      3318	800017d8	5e3c4917	auipc	x18,0x5e3c4	 x18=0xde3c57d4
       33205000	      3319	800017dc	41afdc13	srai	x24,x31,0x1a	 x31:0x83c6c000 x24=0xffffffe0
       33215000	      3320	800017e0	00ebd3b3	srl	x7,x23,x14	 x23:0x0006e3ee x14:0xfffffa1e  x7=0x00000000
       33225000	      3321	800017e4	0580f463	bgeu	x1,x24,8000182c	  x1:0x6e3ee000 x24:0xffffffe0
       33235000	      3322	800017e8	07718713	addi	x14,x3,119	  x3:0x0000002a x14=0x000000a1
       33245000	      3323	800017ec	0007b2b3	sltu	x5,x15,x0	 x15:0x80009f84  x0:0x00000000  x5=0x00000000
       33255000	      3324	800017f0	00083db3	sltu	x27,x16,x0	 x16:0xeddc8510  x0:0x00000000 x27=0x00000000
       33265000	      3325	800017f4	a8e8f037	lui	x0,0xa8e8f	
       33275000	      3326	800017f8	14007113	andi	x2,x0,320	  x0:0x00000000  x2=0x00000000
       33285000	      3327	800017fc	6461cd13	xori	x26,x3,1606	  x3:0x0000002a x26=0x0000066c
       33295000	      3328	80001800	99553e37	lui	x28,0x99553	 x28=0x99553000
       33305000	      3329	80001804	030de263	bltu	x27,x16,80001828	 x27:0x00000000 x16:0xeddc8510
       33315000	      3330	00000000	00000013	addi	x0,x0,0	  x0:0x00000000
       33325000	      3331	80001824	00000013	addi	x0,x0,0	  x0:0x00000000
       33335000	      3332	80001828	06718463	beq	x3,x7,80001890	  x3:0x0000002a  x7:0x00000000
       33345000	      3333	8000182c	95b0e593	ori	x11,x1,-1701	  x1:0x6e3ee000 x11=0xfffff95b
       33355000	      3334	80001830	002d13b3	sll	x7,x26,x2	 x26:0x0000066c  x2:0x00000000  x7=0x0000066c
       33365000	      3335	80001834	53eaa917	auipc	x18,0x53eaa	 x18=0xd3eab830
       33375000	      3336	80001838	40a90db3	sub	x27,x18,x10	 x18:0xd3eab830 x10:0x00000000 x27=0xd3eab830
       33385000	      3337	8000183c	00581013	slli	x0,x16,0x5	 x16:0xeddc8510
       33395000	      3338	80001840	014f2b33	slt	x22,x30,x20	 x30:0xb42bcf84 x20:0x00000000 x22=0x00000001
       33405000	      3339	80001844	000f5fb3	srl	x31,x30,x0	 x30:0xb42bcf84  x0:0x00000000 x31=0xb42bcf84
       33415000	      3340	80001848	00786cb3	or	x25,x16,x7	 x16:0xeddc8510  x7:0x0000066c x25=0xeddc877c
       33425000	      3341	8000184c	00000117	auipc	x2,0x0	  x2=0x80001848
       33435000	      3342	80001850	5d810113	addi	x2,x2,1496	  x2:0x80001848  x2=0x80001e20
       33445000	      3343	80001854	3e71ce13	xori	x28,x3,999	  x3:0x0000002a x28=0x000003cd
       33455000	      3344	80001858	00735c93	srli	x25,x6,0x7	  x6:0x00000000 x25=0x00000000
       33465000	      3345	8000185c	19d10113	addi	x2,x2,413	  x2:0x80001e20  x2=0x80001fbd
       33475000	      3346	80001860	737a8c93	addi	x25,x21,1847	 x21:0x0000002a x25=0x00000761
       33485000	      3347	80001864	00bc7863	bgeu	x24,x11,80001874	 x24:0xffffffe0 x11:0xfffff95b
       33495000	      3348	00000000	00000013	addi	x0,x0,0	  x0:0x00000000
       33505000	      3349	80001870	00000013	addi	x0,x0,0	  x0:0x00000000
       33515000	      3350	80001874	e63100e7	jalr	x1,x2,-413	  x2:0x80001fbd  x1=0x80001874
       33525000	      3351	00000000	00000013	addi	x0,x0,0	  x0:0x00000000
       33535000	      3352	80001e20	00000013	addi	x0,x0,0	  x0:0x00000000
       33545000	      3353	80001e24	002c0263	beq	x24,x2,80001e28	 x24:0xffffffe0  x2:0x80001fbd
       33555000	      3354	80001e28	ff478793	addi	x15,x15,-12	 x15:0x80009f84 x15=0x80009f78
       33565000	      3355	80001e2c	00a95533	srl	x10,x18,x10	 x18:0xd3eab830 x10:0x00000000 x10=0xd3eab830
       33575000	      3356	80001e30	0017a223	sw	x1,4(x15)	 x15:0x80009f78  x1:0x80001874 PA:0x80009f7c
       33585000	      3357	80001e34	01166033	or	x0,x12,x17	 x12:0x80009fc4 x17:0xb9d17000
       33595000	      3358	80001e38	e00fac13	slti	x24,x31,-512	 x31:0xb42bcf84 x24=0x00000001
       33605000	      3359	80001e3c	0097fe33	and	x28,x15,x9	 x15:0x80009f78  x9:0x00000000 x28=0x00000000
       33615000	      3360	80001e40	ce05a093	slti	x1,x11,-800	 x11:0xfffff95b  x1=0x00000001
       33625000	      3361	80001e44	a0da4213	xori	x4,x20,-1523	 x20:0x00000000  x4=0xfffffa0d
       33635000	      3362	80001e48	00000a97	auipc	x21,0x0	 x21=0x80001e44
       33645000	      3363	80001e4c	084a8a93	addi	x21,x21,132	 x21:0x80001e44 x21=0x80001ec8
       33655000	      3364	80001e50	002fdd13	srli	x26,x31,0x2	 x31:0xb42bcf84 x26=0x2d0af3e1
       33665000	      3365	80001e54	d1ba8a93	addi	x21,x21,-741	 x21:0x80001ec8 x21=0x80001be3
       33675000	      3366	80001e58	00b6ec63	bltu	x13,x11,80001e70	 x13:0x00000000 x11:0xfffff95b
       33685000	      3367	00000000	00000013	addi	x0,x0,0	  x0:0x00000000
       33695000	      3368	80001e6c	00000013	addi	x0,x0,0	  x0:0x00000000
       33705000	      3369	80001e70	2e6a80e7	jalr	x1,x21,742	 x21:0x80001be3  x1=0x80001e70
       33715000	      3370	00000000	00000013	addi	x0,x0,0	  x0:0x00000000
       33725000	      3371	80001ec8	00000013	addi	x0,x0,0	  x0:0x00000000
       33735000	      3372	80001ecc	40935d93	srai	x27,x6,0x9	  x6:0x00000000 x27=0x00000000
       33745000	      3373	80001ed0	00c8e263	bltu	x17,x12,80001ed4	 x17:0xb9d17000 x12:0x80009fc4
       33755000	      3374	80001ed4	fc878793	addi	x15,x15,-56	 x15:0x80009f78 x15=0x80009f40
       33765000	      3375	80001ed8	0017a223	sw	x1,4(x15)	 x15:0x80009f40  x1:0x80001e70 PA:0x80009f44
       33775000	      3376	80001edc	01d4bd33	sltu	x26,x9,x29	  x9:0x00000000 x29:0x00000208 x26=0x00000001
       33785000	      3377	80001ee0	e8ace493	ori	x9,x25,-374	 x25:0x00000761  x9=0xffffffeb
       33795000	      3378	80001ee4	fc802497	auipc	x9,0xfc802	  x9=0x7c803ee0
       33805000	      3379	80001ee8	019f1c33	sll	x24,x30,x25	 x30:0xb42bcf84 x25:0x00000761 x24=0x68579f08
       33815000	      3380	80001eec	3d590393	addi	x7,x18,981	 x18:0xd3eab830  x7=0xd3eabc05
       33825000	      3381	80001ef0	01b65b33	srl	x22,x12,x27	 x12:0x80009fc4 x27:0x00000000 x22=0x80009fc4
       33835000	      3382	80001ef4	4bfd3393	sltiu	x7,x26,1215	 x26:0x00000001  x7=0x00000001
       33845000	      3383	80001ef8	00001997	auipc	x19,0x1	 x19=0x80002ef4
       33855000	      3384	80001efc	bc498993	addi	x19,x19,-1084	 x19:0x80002ef4 x19=0x80002ab8
       33865000	      3385	80001f00	c7798993	addi	x19,x19,-905	 x19:0x80002ab8 x19=0x8000272f
       33875000	      3386	80001f04	019ac033	xor	x0,x21,x25	 x21:0x80001be3 x25:0x00000761
       33885000	      3387	80001f08	389980e7	jalr	x1,x19,905	 x19:0x8000272f  x1=0x80001f08
       33895000	      3388	00000000	00000013	addi	x0,x0,0	  x0:0x00000000
       33905000	      3389	80002ab8	00000013	addi	x0,x0,0	  x0:0x00000000
       33915000	      3390	80002abc	000339b3	sltu	x19,x6,x0	  x6:0x00000000  x0:0x00000000 x19=0x00000000
       33925000	      3391	80002ac0	f45a0313	addi	x6,x20,-187	 x20:0x00000000  x6=0xffffff45
       33935000	      3392	80002ac4	ff478793	addi	x15,x15,-12	 x15:0x80009f40 x15=0x80009f34
       33945000	      3393	80002ac8	00d94033	xor	x0,x18,x13	 x18:0xd3eab830 x13:0x00000000
       33955000	      3394	80002acc	944bef13	ori	x30,x23,-1724	 x23:0x0006e3ee x30=0xfffffbee
       33965000	      3395	80002ad0	00581f93	slli	x31,x16,0x5	 x16:0xeddc8510 x31=0xbb90a200
       33975000	      3396	80002ad4	ec4c8d13	addi	x26,x25,-316	 x25:0x00000761 x26=0x00000625
       33985000	      3397	80002ad8	0017a223	sw	x1,4(x15)	 x15:0x80009f34  x1:0x80001f08 PA:0x80009f38
       33995000	      3398	80002adc	cc213e93	sltiu	x29,x2,-830	  x2:0x80001fbd x29=0x00000001
       34005000	      3399	80002ae0	011cbfb3	sltu	x31,x25,x17	 x25:0x00000761 x17:0xb9d17000 x31=0x00000001
       34015000	      3400	80002ae4	405c0e33	sub	x28,x24,x5	 x24:0x68579f08  x5:0x00000000 x28=0x68579f08
       34025000	      3401	80002ae8	029f6b93	ori	x23,x30,41	 x30:0xfffffbee x23=0xfffffbef
       34035000	      3402	80002aec	ffe00413	addi	x8,x0,-2	  x0:0x00000000  x8=0xfffffffe
       34045000	      3403	80002af0	402a5eb3	sra	x29,x20,x2	 x20:0x00000000  x2:0x80001fbd x29=0x00000000
       34055000	      3404	80002af4	00888b33	add	x22,x17,x8	 x17:0xb9d17000  x8:0xfffffffe x22=0xb9d16ffe
       34065000	      3405	80002af8	01f25ab3	srl	x21,x4,x31	  x4:0xfffffa0d x31:0x00000001 x21=0x7ffffd06
       34075000	      3406	80002afc	41da0bb3	sub	x23,x20,x29	 x20:0x00000000 x29:0x00000000 x23=0x00000000
       34085000	      3407	80002b00	4113d913	srai	x18,x7,0x11	  x7:0x00000001 x18=0x00000000
       34095000	      3408	80002b04	e1b83517	auipc	x10,0xe1b83	 x10=0x61b85b00
       34105000	      3409	80002b08	01de7bb3	and	x23,x28,x29	 x28:0x68579f08 x29:0x00000000 x23=0x00000000
       34115000	      3410	80002b0c	ff400493	addi	x9,x0,-12	  x0:0x00000000  x9=0xfffffff4
       34125000	      3411	80002b10	00000013	addi	x0,x0,0	  x0:0x00000000
       34135000	      3412	80002b14	410282b3	sub	x5,x5,x16	  x5:0x00000000 x16:0xeddc8510  x5=0x12237af0
       34145000	      3413	80002b18	00959eb3	sll	x29,x11,x9	 x11:0xfffff95b  x9:0xfffffff4 x29=0x95b00000
       34155000	      3414	80002b1c	01495533	srl	x10,x18,x20	 x18:0x00000000 x20:0x00000000 x10=0x00000000
       34165000	      3415	80002b20	0087d333	srl	x6,x15,x8	 x15:0x80009f34  x8:0xfffffffe  x6=0x00000002
       34175000	      3416	80002b24	01998ab3	add	x21,x19,x25	 x19:0x00000000 x25:0x00000761 x21=0x00000761
       34185000	      3417	80002b28	4b34ec93	ori	x25,x9,1203	  x9:0xfffffff4 x25=0xfffffff7
       34195000	      3418	80002b2c	01d03733	sltu	x14,x0,x29	  x0:0x00000000 x29:0x95b00000 x14=0x00000001
       34205000	      3419	80002b30	ff940413	addi	x8,x8,-7	  x8:0xfffffffe  x8=0xfffffff7
       34215000	      3420	80002b34	00303533	sltu	x10,x0,x3	  x0:0x00000000  x3:0x0000002a x10=0x00000001
       34225000	      3421	80002b38	00000013	addi	x0,x0,0	  x0:0x00000000
       34235000	      3422	80002b3c	40215833	sra	x16,x2,x2	  x2:0x80001fbd  x2:0x80001fbd x16=0xfffffffc
       34245000	      3423	80002b40	fe9452e3	bge	x8,x9,80002b24	  x8:0xfffffff7  x9:0xfffffff4
       34255000	      3424	00000000	00000013	addi	x0,x0,0	  x0:0x00000000
       34265000	      3425	80002b20	00000013	addi	x0,x0,0	  x0:0x00000000
       34275000	      3426	80002b24	01998ab3	add	x21,x19,x25	 x19:0x00000000 x25:0xfffffff7 x21=0xfffffff7
       34285000	      3427	80002b28	4b34ec93	ori	x25,x9,1203	  x9:0xfffffff4 x25=0xfffffff7
       34295000	      3428	80002b2c	01d03733	sltu	x14,x0,x29	  x0:0x00000000 x29:0x95b00000 x14=0x00000001
       34305000	      3429	80002b30	ff940413	addi	x8,x8,-7	  x8:0xfffffff7  x8=0xfffffff0
       34315000	      3430	80002b34	00303533	sltu	x10,x0,x3	  x0:0x00000000  x3:0x0000002a x10=0x00000001
       34325000	      3431	80002b38	00000013	addi	x0,x0,0	  x0:0x00000000
       34335000	      3432	80002b3c	40215833	sra	x16,x2,x2	  x2:0x80001fbd  x2:0x80001fbd x16=0xfffffffc
       34345000	      3433	80002b40	fe9452e3	bge	x8,x9,80002b24	  x8:0xfffffff0  x9:0xfffffff4
       34355000	      3434	80002b44	0068bdb3	sltu	x27,x17,x6	 x17:0xb9d17000  x6:0x00000002 x27=0x00000000
       34365000	      3435	80002b48	2784acb7	lui	x25,0x2784a	 x25=0x2784a000
       34375000	      3436	80002b4c	eaf7eb13	ori	x22,x15,-337	 x15:0x80009f34 x22=0xffffffbf
       34385000	      3437	80002b50	01758933	add	x18,x11,x23	 x11:0xfffff95b x23:0x00000000 x18=0xfffff95b
       34395000	      3438	80002b54	fbe52893	slti	x17,x10,-66	 x10:0x00000001 x17=0x00000000
       34405000	      3439	80002b58	01ec2933	slt	x18,x24,x30	 x24:0x68579f08 x30:0xfffffbee x18=0x00000000
       34415000	      3440	80002b5c	00aa3933	sltu	x18,x20,x10	 x20:0x00000000 x10:0x00000001 x18=0x00000001
       34425000	      3441	80002b60	5d1fb993	sltiu	x19,x31,1489	 x31:0x00000001 x19=0x00000001
       34435000	      3442	80002b64	405d8e33	sub	x28,x27,x5	 x27:0x00000000  x5:0x12237af0 x28=0xeddc8510
       34445000	      3443	80002b68	04896063	bltu	x18,x8,80002ba8	 x18:0x00000001  x8:0xfffffff0
       34455000	      3444	00000000	00000013	addi	x0,x0,0	  x0:0x00000000
       34465000	      3445	80002ba4	00000013	addi	x0,x0,0	  x0:0x00000000
       34475000	      3446	80002ba8	00df8f33	add	x30,x31,x13	 x31:0x00000001 x13:0x00000000 x30=0x00000001
       34485000	      3447	80002bac	01e190b3	sll	x1,x3,x30	  x3:0x0000002a x30:0x00000001  x1=0x00000054
       34495000	      3448	80002bb0	41f98f33	sub	x30,x19,x31	 x19:0x00000001 x31:0x00000001 x30=0x00000000
       34505000	      3449	80002bb4	40e6df33	sra	x30,x13,x14	 x13:0x00000000 x14:0x00000001 x30=0x00000000
       34515000	      3450	80002bb8	034b5663	bge	x22,x20,80002be4	 x22:0xffffffbf x20:0x00000000
       34525000	      3451	80002bbc	8f602d17	auipc	x26,0x8f602	 x26=0x0f604bb8
       34535000	      3452	80002bc0	001e12b3	sll	x5,x28,x1	 x28:0xeddc8510  x1:0x00000054  x5=0x51000000
       34545000	      3453	80002bc4	0395e263	bltu	x11,x25,80002be8	 x11:0xfffff95b x25:0x2784a000
       34555000	      3454	80002bc8	00457463	bgeu	x10,x4,80002bd0	 x10:0x00000001  x4:0xfffffa0d
       34565000	      3455	80002bcc	fe1da393	slti	x7,x27,-31	 x27:0x00000000  x7=0x00000000
       34575000	      3456	80002bd0	c389a3b7	lui	x7,0xc389a	  x7=0xc389a000
       34585000	      3457	80002bd4	031fe863	bltu	x31,x17,80002c04	 x31:0x00000001 x17:0x00000000
       34595000	      3458	80002bd8	00000013	addi	x0,x0,0	  x0:0x00000000
       34605000	      3459	80002bdc	0201e263	bltu	x3,x0,80002c00	  x3:0x0000002a  x0:0x00000000
       34615000	      3460	80002be0	042d7863	bgeu	x26,x2,80002c30	 x26:0x0f604bb8  x2:0x80001fbd
       34625000	      3461	80002be4	056b0263	beq	x22,x22,80002c28	 x22:0xffffffbf x22:0xffffffbf
       34635000	      3462	00000000	00000013	addi	x0,x0,0	  x0:0x00000000
       34645000	      3463	80002c24	00000013	addi	x0,x0,0	  x0:0x00000000
       34655000	      3464	80002c28	00056533	or	x10,x10,x0	 x10:0x00000001  x0:0x00000000 x10=0x00000001
       34665000	      3465	80002c2c	017c1f93	slli	x31,x24,0x17	 x24:0x68579f08 x31=0x84000000
       34675000	      3466	80002c30	1aeb8e37	lui	x28,0x1aeb8	 x28=0x1aeb8000
       34685000	      3467	80002c34	00600593	addi	x11,x0,6	  x0:0x00000000 x11=0x00000006
       34695000	      3468	80002c38	017b1213	slli	x4,x22,0x17	 x22:0xffffffbf  x4=0xdf800000
       34705000	      3469	80002c3c	00d00993	addi	x19,x0,13	  x0:0x00000000 x19=0x0000000d
       34715000	      3470	80002c40	124b8393	addi	x7,x23,292	 x23:0x00000000  x7=0x00000124
       34725000	      3471	80002c44	00000013	addi	x0,x0,0	  x0:0x00000000
       34735000	      3472	80002c48	0105b2b3	sltu	x5,x11,x16	 x11:0x00000006 x16:0xfffffffc  x5=0x00000001
       34745000	      3473	80002c4c	00899513	slli	x10,x19,0x8	 x19:0x0000000d x10=0x00000d00
       34755000	      3474	80002c50	a3a40513	addi	x10,x8,-1478	  x8:0xfffffff0 x10=0xfffffa2a
       34765000	      3475	80002c54	2cf46893	ori	x17,x8,719	  x8:0xfffffff0 x17=0xffffffff
       34775000	      3476	80002c58	b898df17	auipc	x30,0xb898d	 x30=0x3898fc54
       34785000	      3477	80002c5c	00358593	addi	x11,x11,3	 x11:0x00000006 x11=0x00000009
       34795000	      3478	80002c60	00000013	addi	x0,x0,0	  x0:0x00000000
       34805000	      3479	80002c64	ff35e8e3	bltu	x11,x19,80002c54	 x11:0x00000009 x19:0x0000000d
       34815000	      3480	00000000	00000013	addi	x0,x0,0	  x0:0x00000000
       34825000	      3481	80002c50	00000013	addi	x0,x0,0	  x0:0x00000000
       34835000	      3482	80002c54	2cf46893	ori	x17,x8,719	  x8:0xfffffff0 x17=0xffffffff
       34845000	      3483	80002c58	b898df17	auipc	x30,0xb898d	 x30=0x3898fc54
       34855000	      3484	80002c5c	00358593	addi	x11,x11,3	 x11:0x00000009 x11=0x0000000c
       34865000	      3485	80002c60	00000013	addi	x0,x0,0	  x0:0x00000000
       34875000	      3486	80002c64	ff35e8e3	bltu	x11,x19,80002c54	 x11:0x0000000c x19:0x0000000d
       34885000	      3487	00000000	00000013	addi	x0,x0,0	  x0:0x00000000
       34895000	      3488	80002c50	00000013	addi	x0,x0,0	  x0:0x00000000
       34905000	      3489	80002c54	2cf46893	ori	x17,x8,719	  x8:0xfffffff0 x17=0xffffffff
       34915000	      3490	80002c58	b898df17	auipc	x30,0xb898d	 x30=0x3898fc54
       34925000	      3491	80002c5c	00358593	addi	x11,x11,3	 x11:0x0000000c x11=0x0000000f
       34935000	      3492	80002c60	00000013	addi	x0,x0,0	  x0:0x00000000
       34945000	      3493	80002c64	ff35e8e3	bltu	x11,x19,80002c54	 x11:0x0000000f x19:0x0000000d
       34955000	      3494	80002c68	00fcfd33	and	x26,x25,x15	 x25:0x2784a000 x15:0x80009f34 x26=0x00008000
       34965000	      3495	80002c6c	41235fb3	sra	x31,x6,x18	  x6:0x00000002 x18:0x00000001 x31=0x00000001
       34975000	      3496	80002c70	f6ba8eb7	lui	x29,0xf6ba8	 x29=0xf6ba8000
       34985000	      3497	80002c74	02d61d97	auipc	x27,0x2d61	 x27=0x82d63c70
       34995000	      3498	80002c78	01269bb3	sll	x23,x13,x18	 x13:0x00000000 x18:0x00000001 x23=0x00000000
       35005000	      3499	80002c7c	01b01933	sll	x18,x0,x27	  x0:0x00000000 x27:0x82d63c70 x18=0x00000000
       35015000	      3500	80002c80	01e24463	blt	x4,x30,80002c88	  x4:0xdf800000 x30:0x3898fc54
       35025000	      3501	00000000	00000013	addi	x0,x0,0	  x0:0x00000000
       35035000	      3502	80002c84	00000013	addi	x0,x0,0	  x0:0x00000000
       35045000	      3503	80002c88	00bfe463	bltu	x31,x11,80002c90	 x31:0x00000001 x11:0x0000000f
       35055000	      3504	00000000	00000013	addi	x0,x0,0	  x0:0x00000000
       35065000	      3505	80002c8c	00000013	addi	x0,x0,0	  x0:0x00000000
       35075000	      3506	80002c90	00000013	addi	x0,x0,0	  x0:0x00000000
       35085000	      3507	80002c94	0256b993	sltiu	x19,x13,37	 x13:0x00000000 x19=0x00000001
       35095000	      3508	80002c98	40ead593	srai	x11,x21,0xe	 x21:0xfffffff7 x11=0xffffffff
       35105000	      3509	80002c9c	01f28333	add	x6,x5,x31	  x5:0x00000001 x31:0x00000001  x6=0x00000002
       35115000	      3510	80002ca0	003c1b13	slli	x22,x24,0x3	 x24:0x68579f08 x22=0x42bcf840
       35125000	      3511	80002ca4	0138f3b3	and	x7,x17,x19	 x17:0xffffffff x19:0x00000001  x7=0x00000001
       35135000	      3512	80002ca8	031cc263	blt	x25,x17,80002ccc	 x25:0x2784a000 x17:0xffffffff
       35145000	      3513	80002cac	00295b93	srli	x23,x18,0x2	 x18:0x00000000 x23=0x00000000
       35155000	      3514	80002cb0	53dd3493	sltiu	x9,x26,1341	 x26:0x00008000  x9=0x00000000
       35165000	      3515	80002cb4	41b5dc93	srai	x25,x11,0x1b	 x11:0xffffffff x25=0xffffffff
       35175000	      3516	80002cb8	7bd2e497	auipc	x9,0x7bd2e	  x9=0xfbd30cb4
       35185000	      3517	80002cbc	013015b3	sll	x11,x0,x19	  x0:0x00000000 x19:0x00000001 x11=0x00000000
       35195000	      3518	80002cc0	40a2d193	srai	x3,x5,0xa	  x5:0x00000001  x3=0x00000000
       35205000	      3519	80002cc4	0115de13	srli	x28,x11,0x11	 x11:0x00000000 x28=0x00000000
       35215000	      3520	80002cc8	0516f663	bgeu	x13,x17,80002d14	 x13:0x00000000 x17:0xffffffff
       35225000	      3521	80002ccc	00e2b5b3	sltu	x11,x5,x14	  x5:0x00000001 x14:0x00000001 x11=0x00000000
       35235000	      3522	80002cd0	40ba8733	sub	x14,x21,x11	 x21:0xfffffff7 x11:0x00000000 x14=0xfffffff7
       35245000	      3523	80002cd4	0641e513	ori	x10,x3,100	  x3:0x00000000 x10=0x00000064
       35255000	      3524	80002cd8	01288c33	add	x24,x17,x18	 x17:0xffffffff x18:0x00000000 x24=0xffffffff
       35265000	      3525	80002cdc	01743eb3	sltu	x29,x8,x23	  x8:0xfffffff0 x23:0x00000000 x29=0x00000000
       35275000	      3526	80002ce0	84698537	lui	x10,0x84698	 x10=0x84698000
       35285000	      3527	80002ce4	41de5833	sra	x16,x28,x29	 x28:0x00000000 x29:0x00000000 x16=0x00000000
       35295000	      3528	80002ce8	b896c997	auipc	x19,0xb896c	 x19=0x3896ece4
       35305000	      3529	80002cec	015e1513	slli	x10,x28,0x15	 x28:0x00000000 x10=0x00000000
       35315000	      3530	80002cf0	00a813b3	sll	x7,x16,x10	 x16:0x00000000 x10:0x00000000  x7=0x00000000
       35325000	      3531	80002cf4	00c87eb3	and	x29,x16,x12	 x16:0x00000000 x12:0x80009fc4 x29=0x00000000
       35335000	      3532	80002cf8	59baae93	slti	x29,x21,1435	 x21:0xfffffff7 x29=0x00000001
       35345000	      3533	80002cfc	00657eb3	and	x29,x10,x6	 x10:0x00000000  x6:0x00000002 x29=0x00000000
       35355000	      3534	80002d00	00000013	addi	x0,x0,0	  x0:0x00000000
       35365000	      3535	80002d04	00774263	blt	x14,x7,80002d08	 x14:0xfffffff7  x7:0x00000000
       35375000	      3536	00000000	00000013	addi	x0,x0,0	  x0:0x00000000
       35385000	      3537	80002d04	00000013	addi	x0,x0,0	  x0:0x00000000
       35395000	      3538	80002d08	2a2fad13	slti	x26,x31,674	 x31:0x00000001 x26=0x00000001
       35405000	      3539	80002d0c	05a1e263	bltu	x3,x26,80002d50	  x3:0x00000000 x26:0x00000001
       35415000	      3540	00000000	00000013	addi	x0,x0,0	  x0:0x00000000
       35425000	      3541	80002d4c	00000013	addi	x0,x0,0	  x0:0x00000000
       35435000	      3542	80002d50	fb92a393	slti	x7,x5,-71	  x5:0x00000001  x7=0x00000000
       35445000	      3543	80002d54	004fdc33	srl	x24,x31,x4	 x31:0x00000001  x4:0xdf800000 x24=0x00000001
       35455000	      3544	80002d58	00231c63	bne	x6,x2,80002d70	  x6:0x00000002  x2:0x80001fbd
       35465000	      3545	00000000	00000013	addi	x0,x0,0	  x0:0x00000000
       35475000	      3546	80002d6c	00000013	addi	x0,x0,0	  x0:0x00000000
       35485000	      3547	80002d70	01395933	srl	x18,x18,x19	 x18:0x00000000 x19:0x3896ece4 x18=0x00000000
       35495000	      3548	80002d74	00de83b3	add	x7,x29,x13	 x29:0x00000000 x13:0x00000000  x7=0x00000000
       35505000	      3549	80002d78	01893333	sltu	x6,x18,x24	 x18:0x00000000 x24:0x00000001  x6=0x00000001
       35515000	      3550	80002d7c	40268933	sub	x18,x13,x2	 x13:0x00000000  x2:0x80001fbd x18=0x7fffe043
       35525000	      3551	80002d80	03589a63	bne	x17,x21,80002db4	 x17:0xffffffff x21:0xfffffff7
       35535000	      3552	00000000	00000013	addi	x0,x0,0	  x0:0x00000000
       35545000	      3553	80002db0	00000013	addi	x0,x0,0	  x0:0x00000000
       35555000	      3554	80002db4	00ae7533	and	x10,x28,x10	 x28:0x00000000 x10:0x00000000 x10=0x00000000
       35565000	      3555	80002db8	812724b7	lui	x9,0x81272	  x9=0x81272000
       35575000	      3556	80002dbc	01621a63	bne	x4,x22,80002dd0	  x4:0xdf800000 x22:0x42bcf840
       35585000	      3557	00000000	00000013	addi	x0,x0,0	  x0:0x00000000
       35595000	      3558	80002dcc	00000013	addi	x0,x0,0	  x0:0x00000000
       35605000	      3559	80002dd0	01e8c3b3	xor	x7,x17,x30	 x17:0xffffffff x30:0x3898fc54  x7=0xc76703ab
       35615000	      3560	80002dd4	01c3cfb3	xor	x31,x7,x28	  x7:0xc76703ab x28:0x00000000 x31=0xc76703ab
       35625000	      3561	80002dd8	0196f833	and	x16,x13,x25	 x13:0x00000000 x25:0xffffffff x16=0x00000000
       35635000	      3562	80002ddc	29955e37	lui	x28,0x29955	 x28=0x29955000
       35645000	      3563	80002de0	0047a083	lw	x1,4(x15)	 x15:0x80009f34  x1=0x80001f08 PA:0x80009f38
       35655000	      3564	80002de4	00c78793	addi	x15,x15,12	 x15:0x80009f34 x15=0x80009f40
       35665000	      3565	80002de8	ec252f93	slti	x31,x10,-318	 x10:0x00000000 x31=0x00000000
       35675000	      3566	80002dec	00000013	addi	x0,x0,0	  x0:0x00000000
       35685000	      3567	80002df0	05917e13	andi	x28,x2,89	  x2:0x80001fbd x28=0x00000019
       35695000	      3568	80002df4	011c4eb3	xor	x29,x24,x17	 x24:0x00000001 x17:0xffffffff x29=0xfffffffe
       35705000	      3569	80002df8	0118a5b3	slt	x11,x17,x17	 x17:0xffffffff x17:0xffffffff x11=0x00000000
       35715000	      3570	80002dfc	0037fd33	and	x26,x15,x3	 x15:0x80009f40  x3:0x00000000 x26=0x00000000
       35725000	      3571	80002e00	00000013	addi	x0,x0,0	  x0:0x00000000
       35735000	      3572	80002e04	00008093	addi	x1,x1,0	  x1:0x80001f08  x1=0x80001f08
       35745000	      3573	80002e08	000080e7	jalr	x1,x1,0	  x1:0x80001f08  x1=0x80002e08
       35755000	      3574	00000000	00000013	addi	x0,x0,0	  x0:0x00000000
       35765000	      3575	80001f08	00000013	addi	x0,x0,0	  x0:0x00000000
       35775000	      3576	80001f0c	72200f13	addi	x30,x0,1826	  x0:0x00000000 x30=0x00000722
       35785000	      3577	80001f10	b79aed13	ori	x26,x21,-1159	 x21:0xfffffff7 x26=0xffffffff
       35795000	      3578	80001f14	01a20bb3	add	x23,x4,x26	  x4:0xdf800000 x26:0xffffffff x23=0xdf7fffff
       35805000	      3579	80001f18	95b94393	xori	x7,x18,-1701	 x18:0x7fffe043  x7=0x80001918
       35815000	      3580	80001f1c	00e2a1b3	slt	x3,x5,x14	  x5:0x00000001 x14:0xfffffff7  x3=0x00000000
       35825000	      3581	80001f20	00b1b0b3	sltu	x1,x3,x11	  x3:0x00000000 x11:0x00000000  x1=0x00000000
       35835000	      3582	80001f24	40c38c33	sub	x24,x7,x12	  x7:0x80001918 x12:0x80009fc4 x24=0xffff7954
       35845000	      3583	80001f28	0066c233	xor	x4,x13,x6	 x13:0x00000000  x6:0x00000001  x4=0x00000001
       35855000	      3584	80001f2c	acf50e13	addi	x28,x10,-1329	 x10:0x00000000 x28=0xfffffacf
       35865000	      3585	80001f30	40c185b3	sub	x11,x3,x12	  x3:0x00000000 x12:0x80009fc4 x11=0x7fff603c
       35875000	      3586	80001f34	011af9b3	and	x19,x21,x17	 x21:0xfffffff7 x17:0xffffffff x19=0xfffffff7
       35885000	      3587	80001f38	0193a933	slt	x18,x7,x25	  x7:0x80001918 x25:0xffffffff x18=0x00000001
       35895000	      3588	80001f3c	015015b3	sll	x11,x0,x21	  x0:0x00000000 x21:0xfffffff7 x11=0x00000000
       35905000	      3589	80001f40	ac91c513	xori	x10,x3,-1335	  x3:0x00000000 x10=0xfffffac9
       35915000	      3590	80001f44	0127f033	and	x0,x15,x18	 x15:0x80009f40 x18:0x00000001
       35925000	      3591	80001f48	011d36b3	sltu	x13,x26,x17	 x26:0xffffffff x17:0xffffffff x13=0x00000000
       35935000	      3592	80001f4c	001ccbb3	xor	x23,x25,x1	 x25:0xffffffff  x1:0x00000000 x23=0xffffffff
       35945000	      3593	80001f50	0047a083	lw	x1,4(x15)	 x15:0x80009f40  x1=0x80001e70 PA:0x80009f44
       35955000	      3594	80001f54	00ab9d93	slli	x27,x23,0xa	 x23:0xffffffff x27=0xfffffc00
       35965000	      3595	80001f58	03878793	addi	x15,x15,56	 x15:0x80009f40 x15=0x80009f78
       35975000	      3596	80001f5c	00e55d33	srl	x26,x10,x14	 x10:0xfffffac9 x14:0xfffffff7 x26=0x000001ff
       35985000	      3597	80001f60	a55765b7	lui	x11,0xa5576	 x11=0xa5576000
       35995000	      3598	80001f64	00008f93	addi	x31,x1,0	  x1:0x80001e70 x31=0x80001e70
       36005000	      3599	80001f68	000f8fe7	jalr	x31,x31,0	 x31:0x80001e70 x31=0x80001f68
       36015000	      3600	00000000	00000013	addi	x0,x0,0	  x0:0x00000000
       36025000	      3601	80001e70	00000013	addi	x0,x0,0	  x0:0x00000000
       36035000	      3602	80001e74	dbcf2913	slti	x18,x30,-580	 x30:0x00000722 x18=0x00000000
       36045000	      3603	80001e78	00b729b3	slt	x19,x14,x11	 x14:0xfffffff7 x11:0xa5576000 x19=0x00000000
       36055000	      3604	80001e7c	017d1c63	bne	x26,x23,80001e94	 x26:0x000001ff x23:0xffffffff
       36065000	      3605	00000000	00000013	addi	x0,x0,0	  x0:0x00000000
       36075000	      3606	80001e90	00000013	addi	x0,x0,0	  x0:0x00000000
       36085000	      3607	80001e94	0d7ea717	auipc	x14,0xd7ea	 x14=0x8d7ebe90
       36095000	      3608	80001e98	00000013	addi	x0,x0,0	  x0:0x00000000
       36105000	      3609	80001e9c	01d232b3	sltu	x5,x4,x29	  x4:0x00000001 x29:0xfffffffe  x5=0x00000001
       36115000	      3610	80001ea0	0161dd33	srl	x26,x3,x22	  x3:0x00000000 x22:0x42bcf840 x26=0x00000000
       36125000	      3611	80001ea4	00497733	and	x14,x18,x4	 x18:0x00000000  x4:0x00000001 x14=0x00000000
       36135000	      3612	80001ea8	01715cb3	srl	x25,x2,x23	  x2:0x80001fbd x23:0xffffffff x25=0x00000001
       36145000	      3613	80001eac	00ea5513	srli	x10,x20,0xe	 x20:0x00000000 x10=0x00000000
       36155000	      3614	80001eb0	0047a083	lw	x1,4(x15)	 x15:0x80009f78  x1=0x80001874 PA:0x80009f7c
       36165000	      3615	80001eb4	00000013	addi	x0,x0,0	  x0:0x00000000
       36175000	      3616	80001eb8	00c78793	addi	x15,x15,12	 x15:0x80009f78 x15=0x80009f84
       36185000	      3617	80001ebc	0199cab3	xor	x21,x19,x25	 x19:0x00000000 x25:0x00000001 x21=0x00000001
       36195000	      3618	80001ec0	002b39b3	sltu	x19,x22,x2	 x22:0x42bcf840  x2:0x80001fbd x19=0x00000001
       36205000	      3619	80001ec4	00008193	addi	x3,x1,0	  x1:0x80001874  x3=0x80001874
       36215000	      3620	80001ec8	000181e7	jalr	x3,x3,0	  x3:0x80001874  x3=0x80001ec8
       36225000	      3621	00000000	00000013	addi	x0,x0,0	  x0:0x00000000
       36235000	      3622	80001874	00000013	addi	x0,x0,0	  x0:0x00000000
       36245000	      3623	80001878	05ca9863	bne	x21,x28,800018c8	 x21:0x00000001 x28:0xfffffacf
       36255000	      3624	00000000	00000013	addi	x0,x0,0	  x0:0x00000000
       36265000	      3625	800018c4	00000013	addi	x0,x0,0	  x0:0x00000000
       36275000	      3626	800018c8	035b6c63	bltu	x22,x21,80001900	 x22:0x42bcf840 x21:0x00000001
       36285000	      3627	800018cc	e716ec13	ori	x24,x13,-399	 x13:0x00000000 x24=0xfffffe71
       36295000	      3628	800018d0	4026d733	sra	x14,x13,x2	 x13:0x00000000  x2:0x80001fbd x14=0x00000000
       36305000	      3629	800018d4	e8c4f393	andi	x7,x9,-372	  x9:0x81272000  x7=0x81272000
       36315000	      3630	800018d8	00177fb3	and	x31,x14,x1	 x14:0x00000000  x1:0x80001874 x31=0x00000000
       36325000	      3631	800018dc	014683b3	add	x7,x13,x20	 x13:0x00000000 x20:0x00000000  x7=0x00000000
       36335000	      3632	800018e0	01d71d93	slli	x27,x14,0x1d	 x14:0x00000000 x27=0x00000000
       36345000	      3633	800018e4	020c5263	bge	x24,x0,80001908	 x24:0xfffffe71  x0:0x00000000
       36355000	      3634	800018e8	01fb5013	srli	x0,x22,0x1f	 x22:0x42bcf840
       36365000	      3635	800018ec	4ef08c13	addi	x24,x1,1263	  x1:0x80001874 x24=0x80001d63
       36375000	      3636	800018f0	00585733	srl	x14,x16,x5	 x16:0x00000000  x5:0x00000001 x14=0x00000000
       36385000	      3637	800018f4	00137333	and	x6,x6,x1	  x6:0x00000001  x1:0x80001874  x6=0x00000000
       36395000	      3638	800018f8	41ebdc33	sra	x24,x23,x30	 x23:0xffffffff x30:0x00000722 x24=0xffffffff
       36405000	      3639	800018fc	03ef9063	bne	x31,x30,8000191c	 x31:0x00000000 x30:0x00000722
       36415000	      3640	00000000	00000013	addi	x0,x0,0	  x0:0x00000000
       36425000	      3641	80001918	00000013	addi	x0,x0,0	  x0:0x00000000
       36435000	      3642	8000191c	404fd2b3	sra	x5,x31,x4	 x31:0x00000000  x4:0x00000001  x5=0x00000000
       36445000	      3643	80001920	004bd933	srl	x18,x23,x4	 x23:0xffffffff  x4:0x00000001 x18=0x7fffffff
       36455000	      3644	80001924	9a1eb513	sltiu	x10,x29,-1631	 x29:0xfffffffe x10=0x00000000
       36465000	      3645	80001928	3652fa93	andi	x21,x5,869	  x5:0x00000000 x21=0x00000000
       36475000	      3646	8000192c	e6ffed93	ori	x27,x31,-401	 x31:0x00000000 x27=0xfffffe6f
       36485000	      3647	80001930	085ce313	ori	x6,x25,133	 x25:0x00000001  x6=0x00000085
       36495000	      3648	80001934	01a518b3	sll	x17,x10,x26	 x10:0x00000000 x26:0x00000000 x17=0x00000000
       36505000	      3649	80001938	da836213	ori	x4,x6,-600	  x6:0x00000085  x4=0xfffffdad
       36515000	      3650	8000193c	01d90433	add	x8,x18,x29	 x18:0x7fffffff x29:0xfffffffe  x8=0x7ffffffd
       36525000	      3651	80001940	00000013	addi	x0,x0,0	  x0:0x00000000
       36535000	      3652	80001944	02959463	bne	x11,x9,8000196c	 x11:0xa5576000  x9:0x81272000
       36545000	      3653	00000000	00000013	addi	x0,x0,0	  x0:0x00000000
       36555000	      3654	80001968	00000013	addi	x0,x0,0	  x0:0x00000000
       36565000	      3655	8000196c	0055fe63	bgeu	x11,x5,80001988	 x11:0xa5576000  x5:0x00000000
       36575000	      3656	00000000	00000013	addi	x0,x0,0	  x0:0x00000000
       36585000	      3657	80001984	00000013	addi	x0,x0,0	  x0:0x00000000
       36595000	      3658	80001988	e1e96b13	ori	x22,x18,-482	 x18:0x7fffffff x22=0xffffffff
       36605000	      3659	8000198c	71456293	ori	x5,x10,1812	 x10:0x00000000  x5=0x00000714
       36615000	      3660	80001990	9c382513	slti	x10,x16,-1597	 x16:0x00000000 x10=0x00000000
       36625000	      3661	80001994	01ea65b3	or	x11,x20,x30	 x20:0x00000000 x30:0x00000722 x11=0x00000722
       36635000	      3662	80001998	4164d233	sra	x4,x9,x22	  x9:0x81272000 x22:0xffffffff  x4=0xffffffff
       36645000	      3663	8000199c	02c70263	beq	x14,x12,800019c0	 x14:0x00000000 x12:0x80009fc4
       36655000	      3664	800019a0	41c65333	sra	x6,x12,x28	 x12:0x80009fc4 x28:0xfffffacf  x6=0xffff0001
       36665000	      3665	800019a4	0002d293	srli	x5,x5,0x0	  x5:0x00000714  x5=0x00000714
       36675000	      3666	800019a8	409ed093	srai	x1,x29,0x9	 x29:0xfffffffe  x1=0xffffffff
       36685000	      3667	800019ac	04e94463	blt	x18,x14,800019f4	 x18:0x7fffffff x14:0x00000000
       36695000	      3668	800019b0	22fe6693	ori	x13,x28,559	 x28:0xfffffacf x13=0xfffffaef
       36705000	      3669	800019b4	0561f463	bgeu	x3,x22,800019fc	  x3:0x80001ec8 x22:0xffffffff
       36715000	      3670	800019b8	021d7263	bgeu	x26,x1,800019dc	 x26:0x00000000  x1:0xffffffff
       36725000	      3671	800019bc	ee5e3713	sltiu	x14,x28,-283	 x28:0xfffffacf x14=0x00000001
       36735000	      3672	800019c0	026afc63	bgeu	x21,x6,800019f8	 x21:0x00000000  x6:0xffff0001
       36745000	      3673	800019c4	6a2d2d13	slti	x26,x26,1698	 x26:0x00000000 x26=0x00000001
       36755000	      3674	800019c8	003d5e63	bge	x26,x3,800019e4	 x26:0x00000001  x3:0x80001ec8
       36765000	      3675	00000000	00000013	addi	x0,x0,0	  x0:0x00000000
       36775000	      3676	800019e0	00000013	addi	x0,x0,0	  x0:0x00000000
       36785000	      3677	800019e4	003c3eb3	sltu	x29,x24,x3	 x24:0xffffffff  x3:0x80001ec8 x29=0x00000000
       36795000	      3678	800019e8	0250ce63	blt	x1,x5,80001a24	  x1:0xffffffff  x5:0x00000714
       36805000	      3679	00000000	00000013	addi	x0,x0,0	  x0:0x00000000
       36815000	      3680	80001a20	00000013	addi	x0,x0,0	  x0:0x00000000
       36825000	      3681	80001a24	01b55533	srl	x10,x10,x27	 x10:0x00000000 x27:0xfffffe6f x10=0x00000000
       36835000	      3682	80001a28	96e95e97	auipc	x29,0x96e95	 x29=0x16e96a24
       36845000	      3683	80001a2c	40aad533	sra	x10,x21,x10	 x21:0x00000000 x10:0x00000000 x10=0x00000000
       36855000	      3684	80001a30	0041d933	srl	x18,x3,x4	  x3:0x80001ec8  x4:0xffffffff x18=0x00000001
       36865000	      3685	80001a34	fecbbb93	sltiu	x23,x23,-20	 x23:0xffffffff x23=0x00000000
       36875000	      3686	80001a38	e2aaf213	andi	x4,x21,-470	 x21:0x00000000  x4=0x00000000
       36885000	      3687	80001a3c	be86b893	sltiu	x17,x13,-1048	 x13:0xfffffaef x17=0x00000001
       36895000	      3688	80001a40	00b55513	srli	x10,x10,0xb	 x10:0x00000000 x10=0x00000000
       36905000	      3689	80001a44	00bee463	bltu	x29,x11,80001a4c	 x29:0x16e96a24 x11:0x00000722
       36915000	      3690	80001a48	03529e63	bne	x5,x21,80001a84	  x5:0x00000714 x21:0x00000000
       36925000	      3691	00000000	00000013	addi	x0,x0,0	  x0:0x00000000
       36935000	      3692	80001a80	00000013	addi	x0,x0,0	  x0:0x00000000
       36945000	      3693	80001a84	fbd8af37	lui	x30,0xfbd8a	 x30=0xfbd8a000
       36955000	      3694	80001a88	d3999c37	lui	x24,0xd3999	 x24=0xd3999000
       36965000	      3695	80001a8c	0305d263	bge	x11,x16,80001ab0	 x11:0x00000722 x16:0x00000000
       36975000	      3696	00000000	00000013	addi	x0,x0,0	  x0:0x00000000
       36985000	      3697	80001aac	00000013	addi	x0,x0,0	  x0:0x00000000
       36995000	      3698	80001ab0	00e0fe63	bgeu	x1,x14,80001acc	  x1:0xffffffff x14:0x00000001
       37005000	      3699	00000000	00000013	addi	x0,x0,0	  x0:0x00000000
       37015000	      3700	80001ac8	00000013	addi	x0,x0,0	  x0:0x00000000
       37025000	      3701	80001acc	6df54b13	xori	x22,x10,1759	 x10:0x00000000 x22=0x000006df
       37035000	      3702	80001ad0	54b6b413	sltiu	x8,x13,1355	 x13:0xfffffaef  x8=0x00000000
       37045000	      3703	80001ad4	02377663	bgeu	x14,x3,80001b00	 x14:0x00000001  x3:0x80001ec8
       37055000	      3704	80001ad8	01535c93	srli	x25,x6,0x15	  x6:0xffff0001 x25=0x000007ff
       37065000	      3705	80001adc	41b3d193	srai	x3,x7,0x1b	  x7:0x00000000  x3=0x00000000
       37075000	      3706	80001ae0	00c0cc33	xor	x24,x1,x12	  x1:0xffffffff x12:0x80009fc4 x24=0x7fff603b
       37085000	      3707	80001ae4	06bb0893	addi	x17,x22,107	 x22:0x000006df x17=0x0000074a
       37095000	      3708	80001ae8	0099d2b3	srl	x5,x19,x9	 x19:0x00000001  x9:0x81272000  x5=0x00000001
       37105000	      3709	80001aec	00908233	add	x4,x1,x9	  x1:0xffffffff  x9:0x81272000  x4=0x81271fff
       37115000	      3710	80001af0	4e2fa037	lui	x0,0x4e2fa	
       37125000	      3711	80001af4	03661063	bne	x12,x22,80001b14	 x12:0x80009fc4 x22:0x000006df
       37135000	      3712	00000000	00000013	addi	x0,x0,0	  x0:0x00000000
       37145000	      3713	80001b10	00000013	addi	x0,x0,0	  x0:0x00000000
       37155000	      3714	80001b14	41bc04b3	sub	x9,x24,x27	 x24:0x7fff603b x27:0xfffffe6f  x9=0x7fff61cc
       37165000	      3715	80001b18	41e7dab3	sra	x21,x15,x30	 x15:0x80009f84 x30:0xfbd8a000 x21=0x80009f84
       37175000	      3716	80001b1c	0183f8b3	and	x17,x7,x24	  x7:0x00000000 x24:0x7fff603b x17=0x00000000
       37185000	      3717	80001b20	38b3b813	sltiu	x16,x7,907	  x7:0x00000000 x16=0x00000001
       37195000	      3718	80001b24	414cd433	sra	x8,x25,x20	 x25:0x000007ff x20:0x00000000  x8=0x000007ff
       37205000	      3719	80001b28	00430a63	beq	x6,x4,80001b3c	  x6:0xffff0001  x4:0x81271fff
       37215000	      3720	80001b2c	04fb7463	bgeu	x22,x15,80001b74	 x22:0x000006df x15:0x80009f84
       37225000	      3721	80001b30	01f122b3	slt	x5,x2,x31	  x2:0x80001fbd x31:0x00000000  x5=0x00000001
       37235000	      3722	80001b34	00345013	srli	x0,x8,0x3	  x8:0x000007ff
       37245000	      3723	80001b38	050a4463	blt	x20,x16,80001b80	 x20:0x00000000 x16:0x00000001
       37255000	      3724	00000000	00000013	addi	x0,x0,0	  x0:0x00000000
       37265000	      3725	80001b7c	00000013	addi	x0,x0,0	  x0:0x00000000
       37275000	      3726	80001b80	0ee78193	addi	x3,x15,238	 x15:0x80009f84  x3=0x8000a072
       37285000	      3727	80001b84	00a4a1b3	slt	x3,x9,x10	  x9:0x7fff61cc x10:0x00000000  x3=0x00000000
       37295000	      3728	80001b88	00f65a93	srli	x21,x12,0xf	 x12:0x80009fc4 x21=0x00010001
       37305000	      3729	80001b8c	00000013	addi	x0,x0,0	  x0:0x00000000
       37315000	      3730	80001b90	b4a83093	sltiu	x1,x16,-1206	 x16:0x00000001  x1=0x00000001
       37325000	      3731	80001b94	00e58f33	add	x30,x11,x14	 x11:0x00000722 x14:0x00000001 x30=0x00000723
       37335000	      3732	80001b98	798c7217	auipc	x4,0x798c7	  x4=0xf98c8b94
       37345000	      3733	80001b9c	01c6a5b3	slt	x11,x13,x28	 x13:0xfffffaef x28:0xfffffacf x11=0x00000000
       37355000	      3734	80001ba0	997d4f13	xori	x30,x26,-1641	 x26:0x00000001 x30=0xfffff996
       37365000	      3735	80001ba4	01734833	xor	x16,x6,x23	  x6:0xffff0001 x23:0x00000000 x16=0xffff0001
       37375000	      3736	80001ba8	01b37463	bgeu	x6,x27,80001bb0	  x6:0xffff0001 x27:0xfffffe6f
       37385000	      3737	80001bac	01109813	slli	x16,x1,0x11	  x1:0x00000001 x16=0x00020000
       37395000	      3738	80001bb0	7d798313	addi	x6,x19,2007	 x19:0x00000001  x6=0x000007d8
       37405000	      3739	80001bb4	04288463	beq	x17,x2,80001bfc	 x17:0x00000000  x2:0x80001fbd
       37415000	      3740	80001bb8	00258e63	beq	x11,x2,80001bd4	 x11:0x00000000  x2:0x80001fbd
       37425000	      3741	80001bbc	00371b93	slli	x23,x14,0x3	 x14:0x00000001 x23=0x00000008
       37435000	      3742	80001bc0	0040d333	srl	x6,x1,x4	  x1:0x00000001  x4:0xf98c8b94  x6=0x00000000
       37445000	      3743	80001bc4	c8658413	addi	x8,x11,-890	 x11:0x00000000  x8=0xfffffc86
       37455000	      3744	80001bc8	00de5263	bge	x28,x13,80001bcc	 x28:0xfffffacf x13:0xfffffaef
       37465000	      3745	80001bcc	2bb78d93	addi	x27,x15,699	 x15:0x80009f84 x27=0x8000a23f
       37475000	      3746	80001bd0	e57f4597	auipc	x11,0xe57f4	 x11=0x657f5bcc
       37485000	      3747	80001bd4	8e520537	lui	x10,0x8e520	 x10=0x8e520000
       37495000	      3748	80001bd8	036cea63	bltu	x25,x22,80001c0c	 x25:0x000007ff x22:0x000006df
       37505000	      3749	80001bdc	953f2713	slti	x14,x30,-1709	 x30:0xfffff996 x14=0x00000000
       37515000	      3750	80001be0	85c76a93	ori	x21,x14,-1956	 x14:0x00000000 x21=0xfffff85c
       37525000	      3751	80001be4	01668533	add	x10,x13,x22	 x13:0xfffffaef x22:0x000006df x10=0x000001ce
       37535000	      3752	80001be8	4e907193	andi	x3,x0,1257	  x0:0x00000000  x3=0x00000000
       37545000	      3753	80001bec	00399e63	bne	x19,x3,80001c08	 x19:0x00000001  x3:0x00000000
       37555000	      3754	00000000	00000013	addi	x0,x0,0	  x0:0x00000000
       37565000	      3755	80001c04	00000013	addi	x0,x0,0	  x0:0x00000000
       37575000	      3756	80001c08	002092b3	sll	x5,x1,x2	  x1:0x00000001  x2:0x80001fbd  x5=0x20000000
       37585000	      3757	80001c0c	a1584493	xori	x9,x16,-1515	 x16:0x00020000  x9=0xfffdfa15
       37595000	      3758	80001c10	011e33b3	sltu	x7,x28,x17	 x28:0xfffffacf x17:0x00000000  x7=0x00000000
       37605000	      3759	80001c14	b5102b13	slti	x22,x0,-1199	  x0:0x00000000 x22=0x00000000
       37615000	      3760	80001c18	00431393	slli	x7,x6,0x4	  x6:0x00000000  x7=0x00000000
       37625000	      3761	80001c1c	01509213	slli	x4,x1,0x15	  x1:0x00000001  x4=0x00200000
       37635000	      3762	80001c20	04590463	beq	x18,x5,80001c68	 x18:0x00000001  x5:0x20000000
       37645000	      3763	80001c24	00849c33	sll	x24,x9,x8	  x9:0xfffdfa15  x8:0xfffffc86 x24=0xff7e8540
       37655000	      3764	80001c28	0170e033	or	x0,x1,x23	  x1:0x00000001 x23:0x00000008
       37665000	      3765	80001c2c	01e31113	slli	x2,x6,0x1e	  x6:0x00000000  x2=0x00000000
       37675000	      3766	80001c30	41615ab3	sra	x21,x2,x22	  x2:0x00000000 x22:0x00000000 x21=0x00000000
       37685000	      3767	80001c34	01223bb3	sltu	x23,x4,x18	  x4:0x00200000 x18:0x00000001 x23=0x00000000
       37695000	      3768	80001c38	0162e8b3	or	x17,x5,x22	  x5:0x20000000 x22:0x00000000 x17=0x20000000
       37705000	      3769	80001c3c	19877137	lui	x2,0x19877	  x2=0x19877000
       37715000	      3770	80001c40	00b77fb3	and	x31,x14,x11	 x14:0x00000000 x11:0x657f5bcc x31=0x00000000
       37725000	      3771	80001c44	02e81663	bne	x16,x14,80001c70	 x16:0x00020000 x14:0x00000000
       37735000	      3772	00000000	00000013	addi	x0,x0,0	  x0:0x00000000
       37745000	      3773	80001c6c	00000013	addi	x0,x0,0	  x0:0x00000000
       37755000	      3774	80001c70	4c5dbf93	sltiu	x31,x27,1221	 x27:0x8000a23f x31=0x00000000
       37765000	      3775	80001c74	01848b33	add	x22,x9,x24	  x9:0xfffdfa15 x24:0xff7e8540 x22=0xff7c7f55
       37775000	      3776	80001c78	019e73b3	and	x7,x28,x25	 x28:0xfffffacf x25:0x000007ff  x7=0x000002cf
       37785000	      3777	80001c7c	00c50933	add	x18,x10,x12	 x10:0x000001ce x12:0x80009fc4 x18=0x8000a192
       37795000	      3778	80001c80	04a9f463	bgeu	x19,x10,80001cc8	 x19:0x00000001 x10:0x000001ce
       37805000	      3779	80001c84	03180463	beq	x16,x17,80001cac	 x16:0x00020000 x17:0x20000000
       37815000	      3780	80001c88	00e85b93	srli	x23,x16,0xe	 x16:0x00020000 x23=0x00000008
       37825000	      3781	80001c8c	02697e63	bgeu	x18,x6,80001cc8	 x18:0x8000a192  x6:0x00000000
       37835000	      3782	00000000	00000013	addi	x0,x0,0	  x0:0x00000000
       37845000	      3783	80001cc4	00000013	addi	x0,x0,0	  x0:0x00000000
       37855000	      3784	80001cc8	b967e013	ori	x0,x15,-1130	 x15:0x80009f84
       37865000	      3785	80001ccc	004296b3	sll	x13,x5,x4	  x5:0x20000000  x4:0x00200000 x13=0x20000000
       37875000	      3786	80001cd0	01799593	slli	x11,x19,0x17	 x19:0x00000001 x11=0x00800000
       37885000	      3787	80001cd4	0154ffb3	and	x31,x9,x21	  x9:0xfffdfa15 x21:0x00000000 x31=0x00000000
       37895000	      3788	80001cd8	40780333	sub	x6,x16,x7	 x16:0x00020000  x7:0x000002cf  x6=0x0001fd31
       37905000	      3789	80001cdc	3f0ae593	ori	x11,x21,1008	 x21:0x00000000 x11=0x000003f0
       37915000	      3790	80001ce0	03ed5e63	bge	x26,x30,80001d1c	 x26:0x00000001 x30:0xfffff996
       37925000	      3791	00000000	00000013	addi	x0,x0,0	  x0:0x00000000
       37935000	      3792	80001d18	00000013	addi	x0,x0,0	  x0:0x00000000
       37945000	      3793	80001d1c	410ddc93	srai	x25,x27,0x10	 x27:0x8000a23f x25=0xffff8000
       37955000	      3794	80001d20	00000013	addi	x0,x0,0	  x0:0x00000000
       37965000	      3795	80001d24	03900663	beq	x0,x25,80001d50	  x0:0x00000000 x25:0xffff8000
       37975000	      3796	80001d28	05599463	bne	x19,x21,80001d70	 x19:0x00000001 x21:0x00000000
       37985000	      3797	00000000	00000013	addi	x0,x0,0	  x0:0x00000000
       37995000	      3798	80001d6c	00000013	addi	x0,x0,0	  x0:0x00000000
       38005000	      3799	80001d70	00c65213	srli	x4,x12,0xc	 x12:0x80009fc4  x4=0x00080009
       38015000	      3800	80001d74	41eee813	ori	x16,x29,1054	 x29:0x16e96a24 x16=0x16e96e3e
       38025000	      3801	80001d78	0029ad33	slt	x26,x19,x2	 x19:0x00000001  x2:0x19877000 x26=0x00000001
       38035000	      3802	80001d7c	01559863	bne	x11,x21,80001d8c	 x11:0x000003f0 x21:0x00000000
       38045000	      3803	00000000	00000013	addi	x0,x0,0	  x0:0x00000000
       38055000	      3804	80001d88	00000013	addi	x0,x0,0	  x0:0x00000000
       38065000	      3805	80001d8c	00289093	slli	x1,x17,0x2	 x17:0x20000000  x1=0x80000000
       38075000	      3806	80001d90	08c8cc93	xori	x25,x17,140	 x17:0x20000000 x25=0x2000008c
       38085000	      3807	80001d94	01b322b3	slt	x5,x6,x27	  x6:0x0001fd31 x27:0x8000a23f  x5=0x00000000
       38095000	      3808	80001d98	b5d80713	addi	x14,x16,-1187	 x16:0x16e96e3e x14=0x16e9699b
       38105000	      3809	80001d9c	00559f13	slli	x30,x11,0x5	 x11:0x000003f0 x30=0x00007e00
       38115000	      3810	80001da0	028ee463	bltu	x29,x8,80001dc8	 x29:0x16e96a24  x8:0xfffffc86
       38125000	      3811	00000000	00000013	addi	x0,x0,0	  x0:0x00000000
       38135000	      3812	80001dc4	00000013	addi	x0,x0,0	  x0:0x00000000
       38145000	      3813	80001dc8	411e56b3	sra	x13,x28,x17	 x28:0xfffffacf x17:0x20000000 x13=0xfffffacf
       38155000	      3814	80001dcc	400ad193	srai	x3,x21,0x0	 x21:0x00000000  x3=0x00000000
       38165000	      3815	80001dd0	01708933	add	x18,x1,x23	  x1:0x80000000 x23:0x00000008 x18=0x80000008
       38175000	      3816	80001dd4	00394e63	blt	x18,x3,80001df0	 x18:0x80000008  x3:0x00000000
       38185000	      3817	00000000	00000013	addi	x0,x0,0	  x0:0x00000000
       38195000	      3818	80001dec	00000013	addi	x0,x0,0	  x0:0x00000000
       38205000	      3819	80001df0	5a5122b7	lui	x5,0x5a512	  x5=0x5a512000
       38215000	      3820	80001df4	01c64c63	blt	x12,x28,80001e0c	 x12:0x80009fc4 x28:0xfffffacf
       38225000	      3821	00000000	00000013	addi	x0,x0,0	  x0:0x00000000
       38235000	      3822	80001e08	00000013	addi	x0,x0,0	  x0:0x00000000
       38245000	      3823	80001e0c	0149a2b3	slt	x5,x19,x20	 x19:0x00000001 x20:0x00000000  x5=0x00000000
       38255000	      3824	80001e10	00000a17	auipc	x20,0x0	 x20=0x80001e0c
       38265000	      3825	80001e14	00ca0a13	addi	x20,x20,12	 x20:0x80001e0c x20=0x80001e18
       38275000	      3826	80001e18	000a0067	jalr	x0,x20,0	 x20:0x80001e18
       38285000	      3827	00000000	00000013	addi	x0,x0,0	  x0:0x00000000
       38295000	      3828	80001e18	00000013	addi	x0,x0,0	  x0:0x00000000
       38305000	      3829	80001e1c	00100193	addi	x3,x0,1	  x0:0x00000000  x3=0x00000001
       38315000	      3830	80001e20	00000073	ecall	
       38325000	      3831	80001e24	002c0263	beq	x24,x2,80001e28	 x24:0xff7e8540  x2:0x19877000
