		Time			Cycle	PC		Insn	Decoded instruction	Register and memory contents
          65000	         5	80000004	00000293	addi	x5,x0,0	  x0:0x00000000  x5=0x00000000
          75000	         6	80000008	00000313	addi	x6,x0,0	  x0:0x00000000  x6=0x00000000
          85000	         7	8000000c	00628263	beq	x5,x6,80000010	  x5:0x00000000  x6:0x00000000
          95000	         8	00000000	00000013	addi	x0,x0,0	  x0:0x00000000
         105000	         9	8000000c	00000013	addi	x0,x0,0	  x0:0x00000000
         115000	        10	80000010	00000117	auipc	x2,0x0	  x2=0x8000000c
         125000	        11	80000014	00c10113	addi	x2,x2,12	  x2:0x8000000c  x2=0x80000018
         135000	        12	80000018	00010067	jalr	x0,x2,0	  x2:0x80000018
         145000	        13	00000000	00000013	addi	x0,x0,0	  x0:0x00000000
         155000	        14	80000018	00000013	addi	x0,x0,0	  x0:0x00000000
         165000	        15	8000001c	40000db7	lui	x27,0x40000	 x27=0x40000000
         175000	        16	80000020	100d8d93	addi	x27,x27,256	 x27:0x40000000 x27=0x40000100
         185000	        17	80000024	00000013	addi	x0,x0,0	  x0:0x00000000
         195000	        18	80000028	0000a897	auipc	x17,0xa	 x17=0x8000a024
         205000	        19	8000002c	fa088893	addi	x17,x17,-96	 x17:0x8000a024 x17=0x80009fc4
         215000	        20	80000030	00004d97	auipc	x27,0x4	 x27=0x8000402c
         225000	        21	80000034	884d8d93	addi	x27,x27,-1916	 x27:0x8000402c x27=0x800038b0
         235000	        22	80000038	001ded93	ori	x27,x27,1	 x27:0x800038b0 x27=0x800038b1
         245000	        23	8000003c	00000013	addi	x0,x0,0	  x0:0x00000000
         255000	        24	80000040	00000d97	auipc	x27,0x0	 x27=0x8000003c
         265000	        25	80000044	020d8d93	addi	x27,x27,32	 x27:0x8000003c x27=0x8000005c
         275000	        26	80000048	00000013	addi	x0,x0,0	  x0:0x00000000
         285000	        27	8000004c	00000013	addi	x0,x0,0	  x0:0x00000000
         295000	        28	80000050	00002db7	lui	x27,0x2	 x27=0x00002000
         305000	        29	80000054	800d8d93	addi	x27,x27,-2048	 x27:0x00002000 x27=0x00001800
         315000	        30	80000058	00000013	addi	x0,x0,0	  x0:0x00000000
         325000	        31	8000005c	00000013	addi	x0,x0,0	  x0:0x00000000
         335000	        32	80000060	00700013	addi	x0,x0,7	  x0:0x00000000
         345000	        33	80000064	f083e0b7	lui	x1,0xf083e	  x1=0xf083e000
         355000	        34	80000068	ffa08093	addi	x1,x1,-6	  x1:0xf083e000  x1=0xf083dffa
         365000	        35	8000006c	00000113	addi	x2,x0,0	  x0:0x00000000  x2=0x00000000
         375000	        36	80000070	00100193	addi	x3,x0,1	  x0:0x00000000  x3=0x00000001
         385000	        37	80000074	00e00213	addi	x4,x0,14	  x0:0x00000000  x4=0x0000000e
         395000	        38	80000078	800002b7	lui	x5,0x80000	  x5=0x80000000
         405000	        39	8000007c	f4de8337	lui	x6,0xf4de8	  x6=0xf4de8000
         415000	        40	80000080	95530313	addi	x6,x6,-1707	  x6:0xf4de8000  x6=0xf4de7955
         425000	        41	80000084	800003b7	lui	x7,0x80000	  x7=0x80000000
         435000	        42	80000088	5191f437	lui	x8,0x5191f	  x8=0x5191f000
         445000	        43	8000008c	e1940413	addi	x8,x8,-487	  x8:0x5191f000  x8=0x5191ee19
         455000	        44	80000090	f70e44b7	lui	x9,0xf70e4	  x9=0xf70e4000
         465000	        45	80000094	1fc48493	addi	x9,x9,508	  x9:0xf70e4000  x9=0xf70e41fc
         475000	        46	80000098	00100513	addi	x10,x0,1	  x0:0x00000000 x10=0x00000001
         485000	        47	8000009c	00f00593	addi	x11,x0,15	  x0:0x00000000 x11=0x0000000f
         495000	        48	800000a0	f71c9637	lui	x12,0xf71c9	 x12=0xf71c9000
         505000	        49	800000a4	2bd60613	addi	x12,x12,701	 x12:0xf71c9000 x12=0xf71c92bd
         515000	        50	800000a8	94fa66b7	lui	x13,0x94fa6	 x13=0x94fa6000
         525000	        51	800000ac	73b68693	addi	x13,x13,1851	 x13:0x94fa6000 x13=0x94fa673b
         535000	        52	800000b0	f6900737	lui	x14,0xf6900	 x14=0xf6900000
         545000	        53	800000b4	39970713	addi	x14,x14,921	 x14:0xf6900000 x14=0xf6900399
         555000	        54	800000b8	800007b7	lui	x15,0x80000	 x15=0x80000000
         565000	        55	800000bc	f8e0e837	lui	x16,0xf8e0e	 x16=0xf8e0e000
         575000	        56	800000c0	75b80813	addi	x16,x16,1883	 x16:0xf8e0e000 x16=0xf8e0e75b
         585000	        57	800000c4	5a09f937	lui	x18,0x5a09f	 x18=0x5a09f000
         595000	        58	800000c8	62190913	addi	x18,x18,1569	 x18:0x5a09f000 x18=0x5a09f621
         605000	        59	800000cc	9efb39b7	lui	x19,0x9efb3	 x19=0x9efb3000
         615000	        60	800000d0	a7798993	addi	x19,x19,-1417	 x19:0x9efb3000 x19=0x9efb2a77
         625000	        61	800000d4	00b00a13	addi	x20,x0,11	  x0:0x00000000 x20=0x0000000b
         635000	        62	800000d8	80000ab7	lui	x21,0x80000	 x21=0x80000000
         645000	        63	800000dc	00a00b13	addi	x22,x0,10	  x0:0x00000000 x22=0x0000000a
         655000	        64	800000e0	07734bb7	lui	x23,0x7734	 x23=0x07734000
         665000	        65	800000e4	37db8b93	addi	x23,x23,893	 x23:0x07734000 x23=0x0773437d
         675000	        66	800000e8	80000c37	lui	x24,0x80000	 x24=0x80000000
         685000	        67	800000ec	00000c93	addi	x25,x0,0	  x0:0x00000000 x25=0x00000000
         695000	        68	800000f0	80000d37	lui	x26,0x80000	 x26=0x80000000
         705000	        69	800000f4	80000db7	lui	x27,0x80000	 x27=0x80000000
         715000	        70	800000f8	00100e93	addi	x29,x0,1	  x0:0x00000000 x29=0x00000001
         725000	        71	800000fc	fc7edf37	lui	x30,0xfc7ed	 x30=0xfc7ed000
         735000	        72	80000100	8d9f0f13	addi	x30,x30,-1831	 x30:0xfc7ed000 x30=0xfc7ec8d9
         745000	        73	80000104	80000fb7	lui	x31,0x80000	 x31=0x80000000
         755000	        74	80000108	0000ae17	auipc	x28,0xa	 x28=0x8000a104
         765000	        75	8000010c	e80e0e13	addi	x28,x28,-384	 x28:0x8000a104 x28=0x80009f84
         775000	        76	80000110	69198417	auipc	x8,0x69198	  x8=0xe919810c
         785000	        77	80000114	010e6ab3	or	x21,x28,x16	 x28:0x80009f84 x16:0xf8e0e75b x21=0xf8e0ffdf
         795000	        78	80000118	003171b3	and	x3,x2,x3	  x2:0x00000000  x3:0x00000001  x3=0x00000000
         805000	        79	8000011c	00000097	auipc	x1,0x0	  x1=0x80000118
         815000	        80	80000120	75c08093	addi	x1,x1,1884	  x1:0x80000118  x1=0x80000874
         825000	        81	80000124	075ba713	slti	x14,x23,117	 x23:0x0773437d x14=0x00000000
         835000	        82	80000128	3b908093	addi	x1,x1,953	  x1:0x80000874  x1=0x80000c2d
         845000	        83	8000012c	01662433	slt	x8,x12,x22	 x12:0xf71c92bd x22:0x0000000a  x8=0x00000001
         855000	        84	80000130	505b2637	lui	x12,0x505b2	 x12=0x505b2000
         865000	        85	80000134	00980cb3	add	x25,x16,x9	 x16:0xf8e0e75b  x9:0xf70e41fc x25=0xefef2957
         875000	        86	80000138	47bb4213	xori	x4,x22,1147	 x22:0x0000000a  x4=0x00000471
         885000	        87	8000013c	e3c30713	addi	x14,x6,-452	  x6:0xf4de7955 x14=0xf4de7791
         895000	        88	80000140	c47080e7	jalr	x1,x1,-953	  x1:0x80000c2d  x1=0x80000140
         905000	        89	00000000	00000013	addi	x0,x0,0	  x0:0x00000000
         915000	        90	80000874	00000013	addi	x0,x0,0	  x0:0x00000000
         925000	        91	80000878	00059463	bne	x11,x0,80000880	 x11:0x0000000f  x0:0x00000000
         935000	        92	00000000	00000013	addi	x0,x0,0	  x0:0x00000000
         945000	        93	8000087c	00000013	addi	x0,x0,0	  x0:0x00000000
         955000	        94	80000880	fc4e0e13	addi	x28,x28,-60	 x28:0x80009f84 x28=0x80009f48
         965000	        95	80000884	001e2223	sw	x1,4(x28)	 x28:0x80009f48  x1:0x80000140 PA:0x80009f4c
         975000	        96	80000888	40025db3	sra	x27,x4,x0	  x4:0x00000471  x0:0x00000000 x27=0x00000471
         985000	        97	8000088c	0153de93	srli	x29,x7,0x15	  x7:0x80000000 x29=0x00000400
         995000	        98	80000890	41b35c13	srai	x24,x6,0x1b	  x6:0xf4de7955 x24=0xfffffffe
        1005000	        99	80000894	40dd5233	sra	x4,x26,x13	 x26:0x80000000 x13:0x94fa673b  x4=0xfffffff0
        1015000	       100	80000898	f2f80b97	auipc	x23,0xf2f80	 x23=0x72f80894
        1025000	       101	8000089c	50506293	ori	x5,x0,1285	  x0:0x00000000  x5=0x00000505
        1035000	       102	800008a0	00ca4733	xor	x14,x20,x12	 x20:0x0000000b x12:0x505b2000 x14=0x505b200b
        1045000	       103	800008a4	01ec0c63	beq	x24,x30,800008bc	 x24:0xfffffffe x30:0xfc7ec8d9
        1055000	       104	800008a8	01b45333	srl	x6,x8,x27	  x8:0x00000001 x27:0x00000471  x6=0x00000000
        1065000	       105	800008ac	32937837	lui	x16,0x32937	 x16=0x32937000
        1075000	       106	800008b0	012881b3	add	x3,x17,x18	 x17:0x80009fc4 x18:0x5a09f621  x3=0xda0a95e5
        1085000	       107	800008b4	01f60db3	add	x27,x12,x31	 x12:0x505b2000 x31:0x80000000 x27=0xd05b2000
        1095000	       108	800008b8	40f85993	srai	x19,x16,0xf	 x16:0x32937000 x19=0x00006526
        1105000	       109	800008bc	480020ef	jal	x1,800008bc	  x1=0x800008bc
        1115000	       110	00000000	00000013	addi	x0,x0,0	  x0:0x00000000
        1125000	       111	80002d38	00000013	addi	x0,x0,0	  x0:0x00000000
        1135000	       112	80002d3c	50942313	slti	x6,x8,1289	  x8:0x00000001  x6=0x00000001
        1145000	       113	80002d40	03ae6063	bltu	x28,x26,80002d60	 x28:0x80009f48 x26:0x80000000
        1155000	       114	80002d44	4002d333	sra	x6,x5,x0	  x5:0x00000505  x0:0x00000000  x6=0x00000505
        1165000	       115	80002d48	006bd733	srl	x14,x23,x6	 x23:0x72f80894  x6:0x00000505 x14=0x0397c044
        1175000	       116	80002d4c	0185cb33	xor	x22,x11,x24	 x11:0x0000000f x24:0xfffffffe x22=0xfffffff1
        1185000	       117	80002d50	40dd83b3	sub	x7,x27,x13	 x27:0xd05b2000 x13:0x94fa673b  x7=0x3b60b8c5
        1195000	       118	80002d54	953d3913	sltiu	x18,x26,-1709	 x26:0x80000000 x18=0x00000001
        1205000	       119	80002d58	41b48533	sub	x10,x9,x27	  x9:0xf70e41fc x27:0xd05b2000 x10=0x26b321fc
        1215000	       120	80002d5c	01eb1b13	slli	x22,x22,0x1e	 x22:0xfffffff1 x22=0x40000000
        1225000	       121	80002d60	fdce0e13	addi	x28,x28,-36	 x28:0x80009f48 x28=0x80009f24
        1235000	       122	80002d64	001e2223	sw	x1,4(x28)	 x28:0x80009f24  x1:0x800008bc PA:0x80009f28
        1245000	       123	80002d68	6a99c737	lui	x14,0x6a99c	 x14=0x6a99c000
        1255000	       124	80002d6c	00000993	addi	x19,x0,0	  x0:0x00000000 x19=0x00000000
        1265000	       125	80002d70	01b8cbb3	xor	x23,x17,x27	 x17:0x80009fc4 x27:0xd05b2000 x23=0x505bbfc4
        1275000	       126	80002d74	01af0cb3	add	x25,x30,x26	 x30:0xfc7ec8d9 x26:0x80000000 x25=0x7c7ec8d9
        1285000	       127	80002d78	01a842b3	xor	x5,x16,x26	 x16:0x32937000 x26:0x80000000  x5=0xb2937000
        1295000	       128	80002d7c	0195e533	or	x10,x11,x25	 x11:0x0000000f x25:0x7c7ec8d9 x10=0x7c7ec8df
        1305000	       129	80002d80	01dc34b3	sltu	x9,x24,x29	 x24:0xfffffffe x29:0x00000400  x9=0x00000000
        1315000	       130	80002d84	654be513	ori	x10,x23,1620	 x23:0x505bbfc4 x10=0x505bbfd4
        1325000	       131	80002d88	e855ff93	andi	x31,x11,-379	 x11:0x0000000f x31=0x00000005
        1335000	       132	80002d8c	009321b3	slt	x3,x6,x9	  x6:0x00000505  x9:0x00000000  x3=0x00000000
        1345000	       133	80002d90	ffe00f13	addi	x30,x0,-2	  x0:0x00000000 x30=0xfffffffe
        1355000	       134	80002d94	01745593	srli	x11,x8,0x17	  x8:0x00000001 x11=0x00000000
        1365000	       135	80002d98	b69ae713	ori	x14,x21,-1175	 x21:0xf8e0ffdf x14=0xffffffff
        1375000	       136	80002d9c	41a3dcb3	sra	x25,x7,x26	  x7:0x3b60b8c5 x26:0x80000000 x25=0x3b60b8c5
        1385000	       137	80002da0	01250a33	add	x20,x10,x18	 x10:0x505bbfd4 x18:0x00000001 x20=0x505bbfd5
        1395000	       138	80002da4	00a57533	and	x10,x10,x10	 x10:0x505bbfd4 x10:0x505bbfd4 x10=0x505bbfd4
        1405000	       139	80002da8	ff898993	addi	x19,x19,-8	 x19:0x00000000 x19=0xfffffff8
        1415000	       140	80002dac	0f182b13	slti	x22,x16,241	 x16:0x32937000 x22=0x00000000
        1425000	       141	80002db0	00c79013	slli	x0,x15,0xc	 x15:0x80000000
        1435000	       142	80002db4	ffe9d2e3	bge	x19,x30,80002d98	 x19:0xfffffff8 x30:0xfffffffe
        1445000	       143	80002db8	00e85793	srli	x15,x16,0xe	 x16:0x32937000 x15=0x0000ca4d
        1455000	       144	80002dbc	41ead693	srai	x13,x21,0x1e	 x21:0xf8e0ffdf x13=0xffffffff
        1465000	       145	80002dc0	005dde63	bge	x27,x5,80002ddc	 x27:0xd05b2000  x5:0xb2937000
        1475000	       146	00000000	00000013	addi	x0,x0,0	  x0:0x00000000
        1485000	       147	80002dd8	00000013	addi	x0,x0,0	  x0:0x00000000
        1495000	       148	80002ddc	00a89e93	slli	x29,x17,0xa	 x17:0x80009fc4 x29=0x027f1000
        1505000	       149	80002de0	55a02ab7	lui	x21,0x55a02	 x21=0x55a02000
        1515000	       150	80002de4	03ea7663	bgeu	x20,x30,80002e10	 x20:0x505bbfd5 x30:0xfffffffe
        1525000	       151	80002de8	00a07d33	and	x26,x0,x10	  x0:0x00000000 x10:0x505bbfd4 x26=0x00000000
        1535000	       152	80002dec	6f5fe793	ori	x15,x31,1781	 x31:0x00000005 x15=0x000006f5
        1545000	       153	80002df0	01f8e0b3	or	x1,x17,x31	 x17:0x80009fc4 x31:0x00000005  x1=0x80009fc5
        1555000	       154	80002df4	d776c713	xori	x14,x13,-649	 x13:0xffffffff x14=0x00000288
        1565000	       155	80002df8	407f5c13	srai	x24,x30,0x7	 x30:0xfffffffe x24=0xffffffff
        1575000	       156	80002dfc	01ed82b3	add	x5,x27,x30	 x27:0xd05b2000 x30:0xfffffffe  x5=0xd05b1ffe
        1585000	       157	80002e00	a0d42093	slti	x1,x8,-1523	  x8:0x00000001  x1=0x00000000
        1595000	       158	80002e04	00444eb3	xor	x29,x8,x4	  x8:0x00000001  x4:0xfffffff0 x29=0xfffffff1
        1605000	       159	80002e08	01687333	and	x6,x16,x22	 x16:0x32937000 x22:0x00000000  x6=0x00000000
        1615000	       160	80002e0c	400dd2b3	sra	x5,x27,x0	 x27:0xd05b2000  x0:0x00000000  x5=0xd05b2000
        1625000	       161	80002e10	00fa3233	sltu	x4,x20,x15	 x20:0x505bbfd5 x15:0x000006f5  x4=0x00000000
        1635000	       162	80002e14	025f6663	bltu	x30,x5,80002e40	 x30:0xfffffffe  x5:0xd05b2000
        1645000	       163	80002e18	f7b33413	sltiu	x8,x6,-133	  x6:0x00000000  x8=0x00000001
        1655000	       164	80002e1c	01179993	slli	x19,x15,0x11	 x15:0x000006f5 x19=0x0dea0000
        1665000	       165	80002e20	0a367013	andi	x0,x12,163	 x12:0x505b2000
        1675000	       166	80002e24	021ef063	bgeu	x29,x1,80002e44	 x29:0xfffffff1  x1:0x00000000
        1685000	       167	00000000	00000013	addi	x0,x0,0	  x0:0x00000000
        1695000	       168	80002e40	00000013	addi	x0,x0,0	  x0:0x00000000
        1705000	       169	80002e44	0261e263	bltu	x3,x6,80002e68	  x3:0x00000000  x6:0x00000000
        1715000	       170	80002e48	01434c33	xor	x24,x6,x20	  x6:0x00000000 x20:0x505bbfd5 x24=0x505bbfd5
        1725000	       171	80002e4c	014de533	or	x10,x27,x20	 x27:0xd05b2000 x20:0x505bbfd5 x10=0xd05bbfd5
        1735000	       172	80002e50	01cb4d33	xor	x26,x22,x28	 x22:0x00000000 x28:0x80009f24 x26=0x80009f24
        1745000	       173	80002e54	41578fb3	sub	x31,x15,x21	 x15:0x000006f5 x21:0x55a02000 x31=0xaa5fe6f5
        1755000	       174	80002e58	01efa9b3	slt	x19,x31,x30	 x31:0xaa5fe6f5 x30:0xfffffffe x19=0x00000001
        1765000	       175	80002e5c	00c13ab3	sltu	x21,x2,x12	  x2:0x00000000 x12:0x505b2000 x21=0x00000001
        1775000	       176	80002e60	4058dcb3	sra	x25,x17,x5	 x17:0x80009fc4  x5:0xd05b2000 x25=0x80009fc4
        1785000	       177	80002e64	41dfd9b3	sra	x19,x31,x29	 x31:0xaa5fe6f5 x29:0xfffffff1 x19=0xffffd52f
        1795000	       178	80002e68	0392f263	bgeu	x5,x25,80002e8c	  x5:0xd05b2000 x25:0x80009fc4
        1805000	       179	00000000	00000013	addi	x0,x0,0	  x0:0x00000000
        1815000	       180	80002e88	00000013	addi	x0,x0,0	  x0:0x00000000
        1825000	       181	80002e8c	01d9ba33	sltu	x20,x19,x29	 x19:0xffffd52f x29:0xfffffff1 x20=0x00000001
        1835000	       182	80002e90	015dda63	bge	x27,x21,80002ea4	 x27:0xd05b2000 x21:0x00000001
        1845000	       183	80002e94	018daab3	slt	x21,x27,x24	 x27:0xd05b2000 x24:0x505bbfd5 x21=0x00000001
        1855000	       184	80002e98	23f73c93	sltiu	x25,x14,575	 x14:0x00000288 x25=0x00000000
        1865000	       185	80002e9c	f54bac13	slti	x24,x23,-172	 x23:0x505bbfc4 x24=0x00000000
        1875000	       186	80002ea0	039bd663	bge	x23,x25,80002ecc	 x23:0x505bbfc4 x25:0x00000000
        1885000	       187	00000000	00000013	addi	x0,x0,0	  x0:0x00000000
        1895000	       188	80002ec8	00000013	addi	x0,x0,0	  x0:0x00000000
        1905000	       189	80002ecc	0018dcb3	srl	x25,x17,x1	 x17:0x80009fc4  x1:0x00000000 x25=0x80009fc4
        1915000	       190	80002ed0	00000013	addi	x0,x0,0	  x0:0x00000000
        1925000	       191	80002ed4	3f036513	ori	x10,x6,1008	  x6:0x00000000 x10=0x000003f0
        1935000	       192	80002ed8	03888663	beq	x17,x24,80002f04	 x17:0x80009fc4 x24:0x00000000
        1945000	       193	80002edc	1c3933b7	lui	x7,0x1c393	  x7=0x1c393000
        1955000	       194	80002ee0	b7602a93	slti	x21,x0,-1162	  x0:0x00000000 x21=0x00000000
        1965000	       195	80002ee4	0168f2b3	and	x5,x17,x22	 x17:0x80009fc4 x22:0x00000000  x5=0x00000000
        1975000	       196	80002ee8	00000013	addi	x0,x0,0	  x0:0x00000000
        1985000	       197	80002eec	00000013	addi	x0,x0,0	  x0:0x00000000
        1995000	       198	80002ef0	01651d13	slli	x26,x10,0x16	 x10:0x000003f0 x26=0xfc000000
        2005000	       199	80002ef4	415c0bb3	sub	x23,x24,x21	 x24:0x00000000 x21:0x00000000 x23=0x00000000
        2015000	       200	80002ef8	005c1663	bne	x24,x5,80002f04	 x24:0x00000000  x5:0x00000000
        2025000	       201	80002efc	00ad0463	beq	x26,x10,80002f04	 x26:0xfc000000 x10:0x000003f0
        2035000	       202	80002f00	00261f93	slli	x31,x12,0x2	 x12:0x505b2000 x31=0x416c8000
        2045000	       203	80002f04	da392293	slti	x5,x18,-605	 x18:0x00000001  x5=0x00000000
        2055000	       204	80002f08	00d76fb3	or	x31,x14,x13	 x14:0x00000288 x13:0xffffffff x31=0xffffffff
        2065000	       205	80002f0c	4e73f993	andi	x19,x7,1255	  x7:0x1c393000 x19=0x00000000
        2075000	       206	80002f10	004e2083	lw	x1,4(x28)	 x28:0x80009f24  x1=0x800008bc PA:0x80009f28
        2085000	       207	80002f14	002fb5b3	sltu	x11,x31,x2	 x31:0xffffffff  x2:0x00000000 x11=0x00000000
        2095000	       208	80002f18	003869b3	or	x19,x16,x3	 x16:0x32937000  x3:0x00000000 x19=0x32937000
        2105000	       209	80002f1c	119c4713	xori	x14,x24,281	 x24:0x00000000 x14=0x00000119
        2115000	       210	80002f20	ba10f537	lui	x10,0xba10f	 x10=0xba10f000
        2125000	       211	80002f24	00704633	xor	x12,x0,x7	  x0:0x00000000  x7:0x1c393000 x12=0x1c393000
        2135000	       212	80002f28	024e0e13	addi	x28,x28,36	 x28:0x80009f24 x28=0x80009f48
        2145000	       213	80002f2c	41b8ca93	xori	x21,x17,1051	 x17:0x80009fc4 x21=0x80009bdf
        2155000	       214	80002f30	00008f13	addi	x30,x1,0	  x1:0x800008bc x30=0x800008bc
        2165000	       215	80002f34	000f0f67	jalr	x30,x30,0	 x30:0x800008bc x30=0x80002f34
        2175000	       216	00000000	00000013	addi	x0,x0,0	  x0:0x00000000
        2185000	       217	800008bc	00000013	addi	x0,x0,0	  x0:0x00000000
        2195000	       218	800008c0	0010bab3	sltu	x21,x1,x1	  x1:0x800008bc  x1:0x800008bc x21=0x00000000
        2205000	       219	800008c4	00000317	auipc	x6,0x0	  x6=0x800008c0
        2215000	       220	800008c8	16830313	addi	x6,x6,360	  x6:0x800008c0  x6=0x80000a28
        2225000	       221	800008cc	01c01ab3	sll	x21,x0,x28	  x0:0x00000000 x28:0x80009f48 x21=0x00000000
        2235000	       222	800008d0	f6820193	addi	x3,x4,-152	  x4:0x00000000  x3=0xffffff68
        2245000	       223	800008d4	01747233	and	x4,x8,x23	  x8:0x00000001 x23:0x00000000  x4=0x00000000
        2255000	       224	800008d8	2ca30313	addi	x6,x6,714	  x6:0x80000a28  x6=0x80000cf2
        2265000	       225	800008dc	e0be3d13	sltiu	x26,x28,-501	 x28:0x80009f48 x26=0x00000001
        2275000	       226	800008e0	019d5393	srli	x7,x26,0x19	 x26:0x00000001  x7=0x00000000
        2285000	       227	800008e4	d37300e7	jalr	x1,x6,-713	  x6:0x80000cf2  x1=0x800008e4
        2295000	       228	00000000	00000013	addi	x0,x0,0	  x0:0x00000000
        2305000	       229	80000a28	00000013	addi	x0,x0,0	  x0:0x00000000
        2315000	       230	80000a2c	fece0e13	addi	x28,x28,-20	 x28:0x80009f48 x28=0x80009f34
        2325000	       231	80000a30	c70b8593	addi	x11,x23,-912	 x23:0x00000000 x11=0xfffffc70
        2335000	       232	80000a34	0024d813	srli	x16,x9,0x2	  x9:0x00000000 x16=0x00000000
        2345000	       233	80000a38	40f45393	srai	x7,x8,0xf	  x8:0x00000001  x7=0x00000000
        2355000	       234	80000a3c	001c0333	add	x6,x24,x1	 x24:0x00000000  x1:0x800008e4  x6=0x800008e4
        2365000	       235	80000a40	001e2223	sw	x1,4(x28)	 x28:0x80009f34  x1:0x800008e4 PA:0x80009f38
        2375000	       236	80000a44	34affd13	andi	x26,x31,842	 x31:0xffffffff x26=0x0000034a
        2385000	       237	80000a48	00f2bab3	sltu	x21,x5,x15	  x5:0x00000000 x15:0x000006f5 x21=0x00000001
        2395000	       238	80000a4c	00100393	addi	x7,x0,1	  x0:0x00000000  x7=0x00000001
        2405000	       239	80000a50	66f52313	slti	x6,x10,1647	 x10:0xba10f000  x6=0x00000001
        2415000	       240	80000a54	005336b3	sltu	x13,x6,x5	  x6:0x00000001  x5:0x00000000 x13=0x00000000
        2425000	       241	80000a58	01300c93	addi	x25,x0,19	  x0:0x00000000 x25=0x00000013
        2435000	       242	80000a5c	01b21913	slli	x18,x4,0x1b	  x4:0x00000000 x18=0x00000000
        2445000	       243	80000a60	01ec1c13	slli	x24,x24,0x1e	 x24:0x00000000 x24=0x00000000
        2455000	       244	80000a64	00932c33	slt	x24,x6,x9	  x6:0x00000001  x9:0x00000000 x24=0x00000000
        2465000	       245	80000a68	00838393	addi	x7,x7,8	  x7:0x00000001  x7=0x00000009
        2475000	       246	80000a6c	00800a93	addi	x21,x0,8	  x0:0x00000000 x21=0x00000008
        2485000	       247	80000a70	00c00493	addi	x9,x0,12	  x0:0x00000000  x9=0x0000000c
        2495000	       248	80000a74	ebe9b293	sltiu	x5,x19,-322	 x19:0x32937000  x5=0x00000001
        2505000	       249	80000a78	976bb613	sltiu	x12,x23,-1674	 x23:0x00000000 x12=0x00000001
        2515000	       250	80000a7c	007a8a93	addi	x21,x21,7	 x21:0x00000008 x21=0x0000000f
        2525000	       251	80000a80	86bd6713	ori	x14,x26,-1941	 x26:0x0000034a x14=0xfffffb6b
        2535000	       252	80000a84	fe9acae3	blt	x21,x9,80000a78	 x21:0x0000000f  x9:0x0000000c
        2545000	       253	80000a88	fd93cee3	blt	x7,x25,80000a64	  x7:0x00000009 x25:0x00000013
        2555000	       254	00000000	00000013	addi	x0,x0,0	  x0:0x00000000
        2565000	       255	80000a60	00000013	addi	x0,x0,0	  x0:0x00000000
        2575000	       256	80000a64	00932c33	slt	x24,x6,x9	  x6:0x00000001  x9:0x0000000c x24=0x00000001
        2585000	       257	80000a68	00838393	addi	x7,x7,8	  x7:0x00000009  x7=0x00000011
        2595000	       258	80000a6c	00800a93	addi	x21,x0,8	  x0:0x00000000 x21=0x00000008
        2605000	       259	80000a70	00c00493	addi	x9,x0,12	  x0:0x00000000  x9=0x0000000c
        2615000	       260	80000a74	ebe9b293	sltiu	x5,x19,-322	 x19:0x32937000  x5=0x00000001
        2625000	       261	80000a78	976bb613	sltiu	x12,x23,-1674	 x23:0x00000000 x12=0x00000001
        2635000	       262	80000a7c	007a8a93	addi	x21,x21,7	 x21:0x00000008 x21=0x0000000f
        2645000	       263	80000a80	86bd6713	ori	x14,x26,-1941	 x26:0x0000034a x14=0xfffffb6b
        2655000	       264	80000a84	fe9acae3	blt	x21,x9,80000a78	 x21:0x0000000f  x9:0x0000000c
        2665000	       265	80000a88	fd93cee3	blt	x7,x25,80000a64	  x7:0x00000011 x25:0x00000013
        2675000	       266	00000000	00000013	addi	x0,x0,0	  x0:0x00000000
        2685000	       267	80000a60	00000013	addi	x0,x0,0	  x0:0x00000000
        2695000	       268	80000a64	00932c33	slt	x24,x6,x9	  x6:0x00000001  x9:0x0000000c x24=0x00000001
        2705000	       269	80000a68	00838393	addi	x7,x7,8	  x7:0x00000011  x7=0x00000019
        2715000	       270	80000a6c	00800a93	addi	x21,x0,8	  x0:0x00000000 x21=0x00000008
        2725000	       271	80000a70	00c00493	addi	x9,x0,12	  x0:0x00000000  x9=0x0000000c
        2735000	       272	80000a74	ebe9b293	sltiu	x5,x19,-322	 x19:0x32937000  x5=0x00000001
        2745000	       273	80000a78	976bb613	sltiu	x12,x23,-1674	 x23:0x00000000 x12=0x00000001
        2755000	       274	80000a7c	007a8a93	addi	x21,x21,7	 x21:0x00000008 x21=0x0000000f
        2765000	       275	80000a80	86bd6713	ori	x14,x26,-1941	 x26:0x0000034a x14=0xfffffb6b
        2775000	       276	80000a84	fe9acae3	blt	x21,x9,80000a78	 x21:0x0000000f  x9:0x0000000c
        2785000	       277	80000a88	fd93cee3	blt	x7,x25,80000a64	  x7:0x00000019 x25:0x00000013
        2795000	       278	80000a8c	99d10213	addi	x4,x2,-1635	  x2:0x00000000  x4=0xfffff99d
        2805000	       279	80000a90	00300c13	addi	x24,x0,3	  x0:0x00000000 x24=0x00000003
        2815000	       280	80000a94	000bcb33	xor	x22,x23,x0	 x23:0x00000000  x0:0x00000000 x22=0x00000000
        2825000	       281	80000a98	446b8813	addi	x16,x23,1094	 x23:0x00000000 x16=0x00000446
        2835000	       282	80000a9c	00300d13	addi	x26,x0,3	  x0:0x00000000 x26=0x00000003
        2845000	       283	80000aa0	01917f33	and	x30,x2,x25	  x2:0x00000000 x25:0x00000013 x30=0x00000000
        2855000	       284	80000aa4	018c5a13	srli	x20,x24,0x18	 x24:0x00000003 x20=0x00000000
        2865000	       285	80000aa8	00000013	addi	x0,x0,0	  x0:0x00000000
        2875000	       286	80000aac	41785833	sra	x16,x16,x23	 x16:0x00000446 x23:0x00000000 x16=0x00000446
        2885000	       287	80000ab0	0003d2b3	srl	x5,x7,x0	  x7:0x00000019  x0:0x00000000  x5=0x00000019
        2895000	       288	80000ab4	fffc0c13	addi	x24,x24,-1	 x24:0x00000003 x24=0x00000002
        2905000	       289	80000ab8	015522b3	slt	x5,x10,x21	 x10:0xba10f000 x21:0x0000000f  x5=0x00000001
        2915000	       290	80000abc	00400a93	addi	x21,x0,4	  x0:0x00000000 x21=0x00000004
        2925000	       291	80000ac0	bc9d7493	andi	x9,x26,-1079	 x26:0x00000003  x9=0x00000001
        2935000	       292	80000ac4	00000013	addi	x0,x0,0	  x0:0x00000000
        2945000	       293	80000ac8	40405533	sra	x10,x0,x4	  x0:0x00000000  x4:0xfffff99d x10=0x00000000
        2955000	       294	80000acc	01e31513	slli	x10,x6,0x1e	  x6:0x00000001 x10=0x40000000
        2965000	       295	80000ad0	ff500193	addi	x3,x0,-11	  x0:0x00000000  x3=0xfffffff5
        2975000	       296	80000ad4	b0e44b13	xori	x22,x8,-1266	  x8:0x00000001 x22=0xfffffb0f
        2985000	       297	80000ad8	ffba8a93	addi	x21,x21,-5	 x21:0x00000004 x21=0xffffffff
        2995000	       298	80000adc	303b2917	auipc	x18,0x303b2	 x18=0xb03b2ad8
        3005000	       299	80000ae0	01f9eeb3	or	x29,x19,x31	 x19:0x32937000 x31:0xffffffff x29=0xffffffff
        3015000	       300	80000ae4	fe3a88e3	beq	x21,x3,80000ad4	 x21:0xffffffff  x3:0xfffffff5
        3025000	       301	80000ae8	01a32333	slt	x6,x6,x26	  x6:0x00000001 x26:0x00000003  x6=0x00000001
        3035000	       302	80000aec	fbac7ae3	bgeu	x24,x26,80000aa0	 x24:0x00000002 x26:0x00000003
        3045000	       303	80000af0	f4e94537	lui	x10,0xf4e94	 x10=0xf4e94000
        3055000	       304	80000af4	00400c93	addi	x25,x0,4	  x0:0x00000000 x25=0x00000004
        3065000	       305	80000af8	01271513	slli	x10,x14,0x12	 x14:0xfffffb6b x10=0xedac0000
        3075000	       306	80000afc	af122217	auipc	x4,0xaf122	  x4=0x2f122af8
        3085000	       307	80000b00	ff400193	addi	x3,x0,-12	  x0:0x00000000  x3=0xfffffff4
        3095000	       308	80000b04	f4b5c213	xori	x4,x11,-181	 x11:0xfffffc70  x4=0x0000033b
        3105000	       309	80000b08	85a13f93	sltiu	x31,x2,-1958	  x2:0x00000000 x31=0x00000001
        3115000	       310	80000b0c	01270533	add	x10,x14,x18	 x14:0xfffffb6b x18:0xb03b2ad8 x10=0xb03b2643
        3125000	       311	80000b10	900db7b7	lui	x15,0x900db	 x15=0x900db000
        3135000	       312	80000b14	672aad13	slti	x26,x21,1650	 x21:0xffffffff x26=0x00000001
        3145000	       313	80000b18	689ff613	andi	x12,x31,1673	 x31:0x00000001 x12=0x00000001
        3155000	       314	80000b1c	00524233	xor	x4,x4,x5	  x4:0x0000033b  x5:0x00000001  x4=0x0000033a
        3165000	       315	80000b20	01460633	add	x12,x12,x20	 x12:0x00000001 x20:0x00000000 x12=0x00000001
        3175000	       316	80000b24	01af4533	xor	x10,x30,x26	 x30:0x00000000 x26:0x00000001 x10=0x00000001
        3185000	       317	80000b28	0171f633	and	x12,x3,x23	  x3:0xfffffff4 x23:0x00000000 x12=0x00000000
        3195000	       318	80000b2c	00391233	sll	x4,x18,x3	 x18:0xb03b2ad8  x3:0xfffffff4  x4=0xad800000
        3205000	       319	80000b30	fffc8c93	addi	x25,x25,-1	 x25:0x00000004 x25=0x00000003
        3215000	       320	80000b34	1bb62397	auipc	x7,0x1bb62	  x7=0x9bb62b30
        3225000	       321	80000b38	e4367993	andi	x19,x12,-445	 x12:0x00000000 x19=0x00000000
        3235000	       322	80000b3c	c39a0c13	addi	x24,x20,-967	 x20:0x00000000 x24=0xfffffc39
        3245000	       323	80000b40	52572693	slti	x13,x14,1317	 x14:0xfffffb6b x13=0x00000001
        3255000	       324	80000b44	00000013	addi	x0,x0,0	  x0:0x00000000
        3265000	       325	80000b48	36924613	xori	x12,x4,873	  x4:0xad800000 x12=0xad800369
        3275000	       326	80000b4c	fc3c9ce3	bne	x25,x3,80000b24	 x25:0x00000003  x3:0xfffffff4
        3285000	       327	00000000	00000013	addi	x0,x0,0	  x0:0x00000000
        3295000	       328	80000b20	00000013	addi	x0,x0,0	  x0:0x00000000
        3305000	       329	80000b24	01af4533	xor	x10,x30,x26	 x30:0x00000000 x26:0x00000001 x10=0x00000001
        3315000	       330	80000b28	0171f633	and	x12,x3,x23	  x3:0xfffffff4 x23:0x00000000 x12=0x00000000
        3325000	       331	80000b2c	00391233	sll	x4,x18,x3	 x18:0xb03b2ad8  x3:0xfffffff4  x4=0xad800000
        3335000	       332	80000b30	fffc8c93	addi	x25,x25,-1	 x25:0x00000003 x25=0x00000002
        3345000	       333	80000b34	1bb62397	auipc	x7,0x1bb62	  x7=0x9bb62b30
        3355000	       334	80000b38	e4367993	andi	x19,x12,-445	 x12:0x00000000 x19=0x00000000
        3365000	       335	80000b3c	c39a0c13	addi	x24,x20,-967	 x20:0x00000000 x24=0xfffffc39
        3375000	       336	80000b40	52572693	slti	x13,x14,1317	 x14:0xfffffb6b x13=0x00000001
        3385000	       337	80000b44	00000013	addi	x0,x0,0	  x0:0x00000000
        3395000	       338	80000b48	36924613	xori	x12,x4,873	  x4:0xad800000 x12=0xad800369
        3405000	       339	80000b4c	fc3c9ce3	bne	x25,x3,80000b24	 x25:0x00000002  x3:0xfffffff4
        3415000	       340	00000000	00000013	addi	x0,x0,0	  x0:0x00000000
        3425000	       341	80000b20	00000013	addi	x0,x0,0	  x0:0x00000000
        3435000	       342	80000b24	01af4533	xor	x10,x30,x26	 x30:0x00000000 x26:0x00000001 x10=0x00000001
        3445000	       343	80000b28	0171f633	and	x12,x3,x23	  x3:0xfffffff4 x23:0x00000000 x12=0x00000000
        3455000	       344	80000b2c	00391233	sll	x4,x18,x3	 x18:0xb03b2ad8  x3:0xfffffff4  x4=0xad800000
        3465000	       345	80000b30	fffc8c93	addi	x25,x25,-1	 x25:0x00000002 x25=0x00000001
        3475000	       346	80000b34	1bb62397	auipc	x7,0x1bb62	  x7=0x9bb62b30
        3485000	       347	80000b38	e4367993	andi	x19,x12,-445	 x12:0x00000000 x19=0x00000000
        3495000	       348	80000b3c	c39a0c13	addi	x24,x20,-967	 x20:0x00000000 x24=0xfffffc39
        3505000	       349	80000b40	52572693	slti	x13,x14,1317	 x14:0xfffffb6b x13=0x00000001
        3515000	       350	80000b44	00000013	addi	x0,x0,0	  x0:0x00000000
        3525000	       351	80000b48	36924613	xori	x12,x4,873	  x4:0xad800000 x12=0xad800369
        3535000	       352	80000b4c	fc3c9ce3	bne	x25,x3,80000b24	 x25:0x00000001  x3:0xfffffff4
        3545000	       353	00000000	00000013	addi	x0,x0,0	  x0:0x00000000
        3555000	       354	80000b20	00000013	addi	x0,x0,0	  x0:0x00000000
        3565000	       355	80000b24	01af4533	xor	x10,x30,x26	 x30:0x00000000 x26:0x00000001 x10=0x00000001
        3575000	       356	80000b28	0171f633	and	x12,x3,x23	  x3:0xfffffff4 x23:0x00000000 x12=0x00000000
        3585000	       357	80000b2c	00391233	sll	x4,x18,x3	 x18:0xb03b2ad8  x3:0xfffffff4  x4=0xad800000
        3595000	       358	80000b30	fffc8c93	addi	x25,x25,-1	 x25:0x00000001 x25=0x00000000
        3605000	       359	80000b34	1bb62397	auipc	x7,0x1bb62	  x7=0x9bb62b30
        3615000	       360	80000b38	e4367993	andi	x19,x12,-445	 x12:0x00000000 x19=0x00000000
        3625000	       361	80000b3c	c39a0c13	addi	x24,x20,-967	 x20:0x00000000 x24=0xfffffc39
        3635000	       362	80000b40	52572693	slti	x13,x14,1317	 x14:0xfffffb6b x13=0x00000001
        3645000	       363	80000b44	00000013	addi	x0,x0,0	  x0:0x00000000
        3655000	       364	80000b48	36924613	xori	x12,x4,873	  x4:0xad800000 x12=0xad800369
        3665000	       365	80000b4c	fc3c9ce3	bne	x25,x3,80000b24	 x25:0x00000000  x3:0xfffffff4
        3675000	       366	00000000	00000013	addi	x0,x0,0	  x0:0x00000000
        3685000	       367	80000b20	00000013	addi	x0,x0,0	  x0:0x00000000
        3695000	       368	80000b24	01af4533	xor	x10,x30,x26	 x30:0x00000000 x26:0x00000001 x10=0x00000001
        3705000	       369	80000b28	0171f633	and	x12,x3,x23	  x3:0xfffffff4 x23:0x00000000 x12=0x00000000
        3715000	       370	80000b2c	00391233	sll	x4,x18,x3	 x18:0xb03b2ad8  x3:0xfffffff4  x4=0xad800000
        3725000	       371	80000b30	fffc8c93	addi	x25,x25,-1	 x25:0x00000000 x25=0xffffffff
        3735000	       372	80000b34	1bb62397	auipc	x7,0x1bb62	  x7=0x9bb62b30
        3745000	       373	80000b38	e4367993	andi	x19,x12,-445	 x12:0x00000000 x19=0x00000000
        3755000	       374	80000b3c	c39a0c13	addi	x24,x20,-967	 x20:0x00000000 x24=0xfffffc39
        3765000	       375	80000b40	52572693	slti	x13,x14,1317	 x14:0xfffffb6b x13=0x00000001
        3775000	       376	80000b44	00000013	addi	x0,x0,0	  x0:0x00000000
        3785000	       377	80000b48	36924613	xori	x12,x4,873	  x4:0xad800000 x12=0xad800369
        3795000	       378	80000b4c	fc3c9ce3	bne	x25,x3,80000b24	 x25:0xffffffff  x3:0xfffffff4
        3805000	       379	00000000	00000013	addi	x0,x0,0	  x0:0x00000000
        3815000	       380	80000b20	00000013	addi	x0,x0,0	  x0:0x00000000
        3825000	       381	80000b24	01af4533	xor	x10,x30,x26	 x30:0x00000000 x26:0x00000001 x10=0x00000001
        3835000	       382	80000b28	0171f633	and	x12,x3,x23	  x3:0xfffffff4 x23:0x00000000 x12=0x00000000
        3845000	       383	80000b2c	00391233	sll	x4,x18,x3	 x18:0xb03b2ad8  x3:0xfffffff4  x4=0xad800000
        3855000	       384	80000b30	fffc8c93	addi	x25,x25,-1	 x25:0xffffffff x25=0xfffffffe
        3865000	       385	80000b34	1bb62397	auipc	x7,0x1bb62	  x7=0x9bb62b30
        3875000	       386	80000b38	e4367993	andi	x19,x12,-445	 x12:0x00000000 x19=0x00000000
        3885000	       387	80000b3c	c39a0c13	addi	x24,x20,-967	 x20:0x00000000 x24=0xfffffc39
        3895000	       388	80000b40	52572693	slti	x13,x14,1317	 x14:0xfffffb6b x13=0x00000001
        3905000	       389	80000b44	00000013	addi	x0,x0,0	  x0:0x00000000
        3915000	       390	80000b48	36924613	xori	x12,x4,873	  x4:0xad800000 x12=0xad800369
        3925000	       391	80000b4c	fc3c9ce3	bne	x25,x3,80000b24	 x25:0xfffffffe  x3:0xfffffff4
        3935000	       392	00000000	00000013	addi	x0,x0,0	  x0:0x00000000
        3945000	       393	80000b20	00000013	addi	x0,x0,0	  x0:0x00000000
        3955000	       394	80000b24	01af4533	xor	x10,x30,x26	 x30:0x00000000 x26:0x00000001 x10=0x00000001
        3965000	       395	80000b28	0171f633	and	x12,x3,x23	  x3:0xfffffff4 x23:0x00000000 x12=0x00000000
        3975000	       396	80000b2c	00391233	sll	x4,x18,x3	 x18:0xb03b2ad8  x3:0xfffffff4  x4=0xad800000
        3985000	       397	80000b30	fffc8c93	addi	x25,x25,-1	 x25:0xfffffffe x25=0xfffffffd
        3995000	       398	80000b34	1bb62397	auipc	x7,0x1bb62	  x7=0x9bb62b30
        4005000	       399	80000b38	e4367993	andi	x19,x12,-445	 x12:0x00000000 x19=0x00000000
        4015000	       400	80000b3c	c39a0c13	addi	x24,x20,-967	 x20:0x00000000 x24=0xfffffc39
        4025000	       401	80000b40	52572693	slti	x13,x14,1317	 x14:0xfffffb6b x13=0x00000001
        4035000	       402	80000b44	00000013	addi	x0,x0,0	  x0:0x00000000
        4045000	       403	80000b48	36924613	xori	x12,x4,873	  x4:0xad800000 x12=0xad800369
        4055000	       404	80000b4c	fc3c9ce3	bne	x25,x3,80000b24	 x25:0xfffffffd  x3:0xfffffff4
        4065000	       405	00000000	00000013	addi	x0,x0,0	  x0:0x00000000
        4075000	       406	80000b20	00000013	addi	x0,x0,0	  x0:0x00000000
        4085000	       407	80000b24	01af4533	xor	x10,x30,x26	 x30:0x00000000 x26:0x00000001 x10=0x00000001
        4095000	       408	80000b28	0171f633	and	x12,x3,x23	  x3:0xfffffff4 x23:0x00000000 x12=0x00000000
        4105000	       409	80000b2c	00391233	sll	x4,x18,x3	 x18:0xb03b2ad8  x3:0xfffffff4  x4=0xad800000
        4115000	       410	80000b30	fffc8c93	addi	x25,x25,-1	 x25:0xfffffffd x25=0xfffffffc
        4125000	       411	80000b34	1bb62397	auipc	x7,0x1bb62	  x7=0x9bb62b30
        4135000	       412	80000b38	e4367993	andi	x19,x12,-445	 x12:0x00000000 x19=0x00000000
        4145000	       413	80000b3c	c39a0c13	addi	x24,x20,-967	 x20:0x00000000 x24=0xfffffc39
        4155000	       414	80000b40	52572693	slti	x13,x14,1317	 x14:0xfffffb6b x13=0x00000001
        4165000	       415	80000b44	00000013	addi	x0,x0,0	  x0:0x00000000
        4175000	       416	80000b48	36924613	xori	x12,x4,873	  x4:0xad800000 x12=0xad800369
        4185000	       417	80000b4c	fc3c9ce3	bne	x25,x3,80000b24	 x25:0xfffffffc  x3:0xfffffff4
        4195000	       418	00000000	00000013	addi	x0,x0,0	  x0:0x00000000
        4205000	       419	80000b20	00000013	addi	x0,x0,0	  x0:0x00000000
        4215000	       420	80000b24	01af4533	xor	x10,x30,x26	 x30:0x00000000 x26:0x00000001 x10=0x00000001
        4225000	       421	80000b28	0171f633	and	x12,x3,x23	  x3:0xfffffff4 x23:0x00000000 x12=0x00000000
        4235000	       422	80000b2c	00391233	sll	x4,x18,x3	 x18:0xb03b2ad8  x3:0xfffffff4  x4=0xad800000
        4245000	       423	80000b30	fffc8c93	addi	x25,x25,-1	 x25:0xfffffffc x25=0xfffffffb
        4255000	       424	80000b34	1bb62397	auipc	x7,0x1bb62	  x7=0x9bb62b30
        4265000	       425	80000b38	e4367993	andi	x19,x12,-445	 x12:0x00000000 x19=0x00000000
        4275000	       426	80000b3c	c39a0c13	addi	x24,x20,-967	 x20:0x00000000 x24=0xfffffc39
        4285000	       427	80000b40	52572693	slti	x13,x14,1317	 x14:0xfffffb6b x13=0x00000001
        4295000	       428	80000b44	00000013	addi	x0,x0,0	  x0:0x00000000
        4305000	       429	80000b48	36924613	xori	x12,x4,873	  x4:0xad800000 x12=0xad800369
        4315000	       430	80000b4c	fc3c9ce3	bne	x25,x3,80000b24	 x25:0xfffffffb  x3:0xfffffff4
        4325000	       431	00000000	00000013	addi	x0,x0,0	  x0:0x00000000
        4335000	       432	80000b20	00000013	addi	x0,x0,0	  x0:0x00000000
        4345000	       433	80000b24	01af4533	xor	x10,x30,x26	 x30:0x00000000 x26:0x00000001 x10=0x00000001
        4355000	       434	80000b28	0171f633	and	x12,x3,x23	  x3:0xfffffff4 x23:0x00000000 x12=0x00000000
        4365000	       435	80000b2c	00391233	sll	x4,x18,x3	 x18:0xb03b2ad8  x3:0xfffffff4  x4=0xad800000
        4375000	       436	80000b30	fffc8c93	addi	x25,x25,-1	 x25:0xfffffffb x25=0xfffffffa
        4385000	       437	80000b34	1bb62397	auipc	x7,0x1bb62	  x7=0x9bb62b30
        4395000	       438	80000b38	e4367993	andi	x19,x12,-445	 x12:0x00000000 x19=0x00000000
        4405000	       439	80000b3c	c39a0c13	addi	x24,x20,-967	 x20:0x00000000 x24=0xfffffc39
        4415000	       440	80000b40	52572693	slti	x13,x14,1317	 x14:0xfffffb6b x13=0x00000001
        4425000	       441	80000b44	00000013	addi	x0,x0,0	  x0:0x00000000
        4435000	       442	80000b48	36924613	xori	x12,x4,873	  x4:0xad800000 x12=0xad800369
        4445000	       443	80000b4c	fc3c9ce3	bne	x25,x3,80000b24	 x25:0xfffffffa  x3:0xfffffff4
        4455000	       444	00000000	00000013	addi	x0,x0,0	  x0:0x00000000
        4465000	       445	80000b20	00000013	addi	x0,x0,0	  x0:0x00000000
        4475000	       446	80000b24	01af4533	xor	x10,x30,x26	 x30:0x00000000 x26:0x00000001 x10=0x00000001
        4485000	       447	80000b28	0171f633	and	x12,x3,x23	  x3:0xfffffff4 x23:0x00000000 x12=0x00000000
        4495000	       448	80000b2c	00391233	sll	x4,x18,x3	 x18:0xb03b2ad8  x3:0xfffffff4  x4=0xad800000
        4505000	       449	80000b30	fffc8c93	addi	x25,x25,-1	 x25:0xfffffffa x25=0xfffffff9
        4515000	       450	80000b34	1bb62397	auipc	x7,0x1bb62	  x7=0x9bb62b30
        4525000	       451	80000b38	e4367993	andi	x19,x12,-445	 x12:0x00000000 x19=0x00000000
        4535000	       452	80000b3c	c39a0c13	addi	x24,x20,-967	 x20:0x00000000 x24=0xfffffc39
        4545000	       453	80000b40	52572693	slti	x13,x14,1317	 x14:0xfffffb6b x13=0x00000001
        4555000	       454	80000b44	00000013	addi	x0,x0,0	  x0:0x00000000
        4565000	       455	80000b48	36924613	xori	x12,x4,873	  x4:0xad800000 x12=0xad800369
        4575000	       456	80000b4c	fc3c9ce3	bne	x25,x3,80000b24	 x25:0xfffffff9  x3:0xfffffff4
        4585000	       457	00000000	00000013	addi	x0,x0,0	  x0:0x00000000
        4595000	       458	80000b20	00000013	addi	x0,x0,0	  x0:0x00000000
        4605000	       459	80000b24	01af4533	xor	x10,x30,x26	 x30:0x00000000 x26:0x00000001 x10=0x00000001
        4615000	       460	80000b28	0171f633	and	x12,x3,x23	  x3:0xfffffff4 x23:0x00000000 x12=0x00000000
        4625000	       461	80000b2c	00391233	sll	x4,x18,x3	 x18:0xb03b2ad8  x3:0xfffffff4  x4=0xad800000
        4635000	       462	80000b30	fffc8c93	addi	x25,x25,-1	 x25:0xfffffff9 x25=0xfffffff8
        4645000	       463	80000b34	1bb62397	auipc	x7,0x1bb62	  x7=0x9bb62b30
        4655000	       464	80000b38	e4367993	andi	x19,x12,-445	 x12:0x00000000 x19=0x00000000
        4665000	       465	80000b3c	c39a0c13	addi	x24,x20,-967	 x20:0x00000000 x24=0xfffffc39
        4675000	       466	80000b40	52572693	slti	x13,x14,1317	 x14:0xfffffb6b x13=0x00000001
        4685000	       467	80000b44	00000013	addi	x0,x0,0	  x0:0x00000000
        4695000	       468	80000b48	36924613	xori	x12,x4,873	  x4:0xad800000 x12=0xad800369
        4705000	       469	80000b4c	fc3c9ce3	bne	x25,x3,80000b24	 x25:0xfffffff8  x3:0xfffffff4
        4715000	       470	00000000	00000013	addi	x0,x0,0	  x0:0x00000000
        4725000	       471	80000b20	00000013	addi	x0,x0,0	  x0:0x00000000
        4735000	       472	80000b24	01af4533	xor	x10,x30,x26	 x30:0x00000000 x26:0x00000001 x10=0x00000001
        4745000	       473	80000b28	0171f633	and	x12,x3,x23	  x3:0xfffffff4 x23:0x00000000 x12=0x00000000
        4755000	       474	80000b2c	00391233	sll	x4,x18,x3	 x18:0xb03b2ad8  x3:0xfffffff4  x4=0xad800000
        4765000	       475	80000b30	fffc8c93	addi	x25,x25,-1	 x25:0xfffffff8 x25=0xfffffff7
        4775000	       476	80000b34	1bb62397	auipc	x7,0x1bb62	  x7=0x9bb62b30
        4785000	       477	80000b38	e4367993	andi	x19,x12,-445	 x12:0x00000000 x19=0x00000000
        4795000	       478	80000b3c	c39a0c13	addi	x24,x20,-967	 x20:0x00000000 x24=0xfffffc39
        4805000	       479	80000b40	52572693	slti	x13,x14,1317	 x14:0xfffffb6b x13=0x00000001
        4815000	       480	80000b44	00000013	addi	x0,x0,0	  x0:0x00000000
        4825000	       481	80000b48	36924613	xori	x12,x4,873	  x4:0xad800000 x12=0xad800369
        4835000	       482	80000b4c	fc3c9ce3	bne	x25,x3,80000b24	 x25:0xfffffff7  x3:0xfffffff4
        4845000	       483	00000000	00000013	addi	x0,x0,0	  x0:0x00000000
        4855000	       484	80000b20	00000013	addi	x0,x0,0	  x0:0x00000000
        4865000	       485	80000b24	01af4533	xor	x10,x30,x26	 x30:0x00000000 x26:0x00000001 x10=0x00000001
        4875000	       486	80000b28	0171f633	and	x12,x3,x23	  x3:0xfffffff4 x23:0x00000000 x12=0x00000000
        4885000	       487	80000b2c	00391233	sll	x4,x18,x3	 x18:0xb03b2ad8  x3:0xfffffff4  x4=0xad800000
        4895000	       488	80000b30	fffc8c93	addi	x25,x25,-1	 x25:0xfffffff7 x25=0xfffffff6
        4905000	       489	80000b34	1bb62397	auipc	x7,0x1bb62	  x7=0x9bb62b30
        4915000	       490	80000b38	e4367993	andi	x19,x12,-445	 x12:0x00000000 x19=0x00000000
        4925000	       491	80000b3c	c39a0c13	addi	x24,x20,-967	 x20:0x00000000 x24=0xfffffc39
        4935000	       492	80000b40	52572693	slti	x13,x14,1317	 x14:0xfffffb6b x13=0x00000001
        4945000	       493	80000b44	00000013	addi	x0,x0,0	  x0:0x00000000
        4955000	       494	80000b48	36924613	xori	x12,x4,873	  x4:0xad800000 x12=0xad800369
        4965000	       495	80000b4c	fc3c9ce3	bne	x25,x3,80000b24	 x25:0xfffffff6  x3:0xfffffff4
        4975000	       496	00000000	00000013	addi	x0,x0,0	  x0:0x00000000
        4985000	       497	80000b20	00000013	addi	x0,x0,0	  x0:0x00000000
        4995000	       498	80000b24	01af4533	xor	x10,x30,x26	 x30:0x00000000 x26:0x00000001 x10=0x00000001
        5005000	       499	80000b28	0171f633	and	x12,x3,x23	  x3:0xfffffff4 x23:0x00000000 x12=0x00000000
        5015000	       500	80000b2c	00391233	sll	x4,x18,x3	 x18:0xb03b2ad8  x3:0xfffffff4  x4=0xad800000
        5025000	       501	80000b30	fffc8c93	addi	x25,x25,-1	 x25:0xfffffff6 x25=0xfffffff5
        5035000	       502	80000b34	1bb62397	auipc	x7,0x1bb62	  x7=0x9bb62b30
        5045000	       503	80000b38	e4367993	andi	x19,x12,-445	 x12:0x00000000 x19=0x00000000
        5055000	       504	80000b3c	c39a0c13	addi	x24,x20,-967	 x20:0x00000000 x24=0xfffffc39
        5065000	       505	80000b40	52572693	slti	x13,x14,1317	 x14:0xfffffb6b x13=0x00000001
        5075000	       506	80000b44	00000013	addi	x0,x0,0	  x0:0x00000000
        5085000	       507	80000b48	36924613	xori	x12,x4,873	  x4:0xad800000 x12=0xad800369
        5095000	       508	80000b4c	fc3c9ce3	bne	x25,x3,80000b24	 x25:0xfffffff5  x3:0xfffffff4
        5105000	       509	00000000	00000013	addi	x0,x0,0	  x0:0x00000000
        5115000	       510	80000b20	00000013	addi	x0,x0,0	  x0:0x00000000
        5125000	       511	80000b24	01af4533	xor	x10,x30,x26	 x30:0x00000000 x26:0x00000001 x10=0x00000001
        5135000	       512	80000b28	0171f633	and	x12,x3,x23	  x3:0xfffffff4 x23:0x00000000 x12=0x00000000
        5145000	       513	80000b2c	00391233	sll	x4,x18,x3	 x18:0xb03b2ad8  x3:0xfffffff4  x4=0xad800000
        5155000	       514	80000b30	fffc8c93	addi	x25,x25,-1	 x25:0xfffffff5 x25=0xfffffff4
        5165000	       515	80000b34	1bb62397	auipc	x7,0x1bb62	  x7=0x9bb62b30
        5175000	       516	80000b38	e4367993	andi	x19,x12,-445	 x12:0x00000000 x19=0x00000000
        5185000	       517	80000b3c	c39a0c13	addi	x24,x20,-967	 x20:0x00000000 x24=0xfffffc39
        5195000	       518	80000b40	52572693	slti	x13,x14,1317	 x14:0xfffffb6b x13=0x00000001
        5205000	       519	80000b44	00000013	addi	x0,x0,0	  x0:0x00000000
        5215000	       520	80000b48	36924613	xori	x12,x4,873	  x4:0xad800000 x12=0xad800369
        5225000	       521	80000b4c	fc3c9ce3	bne	x25,x3,80000b24	 x25:0xfffffff4  x3:0xfffffff4
        5235000	       522	80000b50	013bb7b3	sltu	x15,x23,x19	 x23:0x00000000 x19:0x00000000 x15=0x00000000
        5245000	       523	80000b54	00200393	addi	x7,x0,2	  x0:0x00000000  x7=0x00000002
        5255000	       524	80000b58	00500193	addi	x3,x0,5	  x0:0x00000000  x3=0x00000005
        5265000	       525	80000b5c	41b2d533	sra	x10,x5,x27	  x5:0x00000001 x27:0xd05b2000 x10=0x00000001
        5275000	       526	80000b60	00000013	addi	x0,x0,0	  x0:0x00000000
        5285000	       527	80000b64	7c2672b7	lui	x5,0x7c267	  x5=0x7c267000
        5295000	       528	80000b68	00a38393	addi	x7,x7,10	  x7:0x00000002  x7=0x0000000c
        5305000	       529	80000b6c	ffb00b93	addi	x23,x0,-5	  x0:0x00000000 x23=0xfffffffb
        5315000	       530	80000b70	00ce02b3	add	x5,x28,x12	 x28:0x80009f34 x12:0xad800369  x5=0x2d80a29d
        5325000	       531	80000b74	40fed9b3	sra	x19,x29,x15	 x29:0xffffffff x15:0x00000000 x19=0xffffffff
        5335000	       532	80000b78	402cdcb3	sra	x25,x25,x2	 x25:0xfffffff4  x2:0x00000000 x25=0xfffffff4
        5345000	       533	80000b7c	ff700313	addi	x6,x0,-9	  x0:0x00000000  x6=0xfffffff7
        5355000	       534	80000b80	01c72933	slt	x18,x14,x28	 x14:0xfffffb6b x28:0x80009f34 x18=0x00000000
        5365000	       535	80000b84	00288733	add	x14,x17,x2	 x17:0x80009fc4  x2:0x00000000 x14=0x80009fc4
        5375000	       536	80000b88	0f877693	andi	x13,x14,248	 x14:0x80009fc4 x13=0x000000c0
        5385000	       537	80000b8c	165aff17	auipc	x30,0x165af	 x30=0x965afb88
        5395000	       538	80000b90	ff6b8b93	addi	x23,x23,-10	 x23:0xfffffffb x23=0xfffffff1
        5405000	       539	80000b94	fe6bd8e3	bge	x23,x6,80000b84	 x23:0xfffffff1  x6:0xfffffff7
        5415000	       540	80000b98	00f31013	slli	x0,x6,0xf	  x6:0xfffffff7
        5425000	       541	80000b9c	4d1c5537	lui	x10,0x4d1c5	 x10=0x4d1c5000
        5435000	       542	80000ba0	00f45f13	srli	x30,x8,0xf	  x8:0x00000001 x30=0x00000000
        5445000	       543	80000ba4	fa33eee3	bltu	x7,x3,80000b60	  x7:0x0000000c  x3:0x00000005
        5455000	       544	80000ba8	001fec33	or	x24,x31,x1	 x31:0x00000001  x1:0x800008e4 x24=0x800008e5
        5465000	       545	80000bac	00600613	addi	x12,x0,6	  x0:0x00000000 x12=0x00000006
        5475000	       546	80000bb0	019e4333	xor	x6,x28,x25	 x28:0x80009f34 x25:0xfffffff4  x6=0x7fff60c0
        5485000	       547	80000bb4	ad7e7d13	andi	x26,x28,-1321	 x28:0x80009f34 x26=0x80009a14
        5495000	       548	80000bb8	00400793	addi	x15,x0,4	  x0:0x00000000 x15=0x00000004
        5505000	       549	80000bbc	40b45933	sra	x18,x8,x11	  x8:0x00000001 x11:0xfffffc70 x18=0x00000000
        5515000	       550	80000bc0	40a00cb3	sub	x25,x0,x10	  x0:0x00000000 x10:0x4d1c5000 x25=0xb2e3b000
        5525000	       551	80000bc4	fff60613	addi	x12,x12,-1	 x12:0x00000006 x12=0x00000005
        5535000	       552	80000bc8	fef67ce3	bgeu	x12,x15,80000bc0	 x12:0x00000005 x15:0x00000004
        5545000	       553	00000000	00000013	addi	x0,x0,0	  x0:0x00000000
        5555000	       554	80000bbc	00000013	addi	x0,x0,0	  x0:0x00000000
        5565000	       555	80000bc0	40a00cb3	sub	x25,x0,x10	  x0:0x00000000 x10:0x4d1c5000 x25=0xb2e3b000
        5575000	       556	80000bc4	fff60613	addi	x12,x12,-1	 x12:0x00000005 x12=0x00000004
        5585000	       557	80000bc8	fef67ce3	bgeu	x12,x15,80000bc0	 x12:0x00000004 x15:0x00000004
        5595000	       558	00000000	00000013	addi	x0,x0,0	  x0:0x00000000
        5605000	       559	80000bbc	00000013	addi	x0,x0,0	  x0:0x00000000
        5615000	       560	80000bc0	40a00cb3	sub	x25,x0,x10	  x0:0x00000000 x10:0x4d1c5000 x25=0xb2e3b000
        5625000	       561	80000bc4	fff60613	addi	x12,x12,-1	 x12:0x00000004 x12=0x00000003
        5635000	       562	80000bc8	fef67ce3	bgeu	x12,x15,80000bc0	 x12:0x00000003 x15:0x00000004
        5645000	       563	80000bcc	01897033	and	x0,x18,x24	 x18:0x00000000 x24:0x800008e5
        5655000	       564	80000bd0	00a00313	addi	x6,x0,10	  x0:0x00000000  x6=0x0000000a
        5665000	       565	80000bd4	00bc10b3	sll	x1,x24,x11	 x24:0x800008e5 x11:0xfffffc70  x1=0x08e50000
        5675000	       566	80000bd8	00900f13	addi	x30,x0,9	  x0:0x00000000 x30=0x00000009
        5685000	       567	80000bdc	40885b13	srai	x22,x16,0x8	 x16:0x00000446 x22=0x00000004
        5695000	       568	80000be0	00000013	addi	x0,x0,0	  x0:0x00000000
        5705000	       569	80000be4	ddad0813	addi	x16,x26,-550	 x26:0x80009a14 x16=0x800097ee
        5715000	       570	80000be8	00049e93	slli	x29,x9,0x0	  x9:0x00000001 x29=0x00000001
        5725000	       571	80000bec	015ef5b3	and	x11,x29,x21	 x29:0x00000001 x21:0xffffffff x11=0x00000001
        5735000	       572	80000bf0	40558633	sub	x12,x11,x5	 x11:0x00000001  x5:0x2d80a29d x12=0xd27f5d64
        5745000	       573	80000bf4	ffd30313	addi	x6,x6,-3	  x6:0x0000000a  x6=0x00000007
        5755000	       574	80000bf8	0032da13	srli	x20,x5,0x3	  x5:0x2d80a29d x20=0x05b01453
        5765000	       575	80000bfc	7a26e013	ori	x0,x13,1954	 x13:0x000000c0
        5775000	       576	80000c00	006dd5b3	srl	x11,x27,x6	 x27:0xd05b2000  x6:0x00000007 x11=0x01a0b640
        5785000	       577	80000c04	ffe370e3	bgeu	x6,x30,80000be4	  x6:0x00000007 x30:0x00000009
        5795000	       578	80000c08	016d1433	sll	x8,x26,x22	 x26:0x80009a14 x22:0x00000004  x8=0x0009a140
        5805000	       579	80000c0c	00100613	addi	x12,x0,1	  x0:0x00000000 x12=0x00000001
        5815000	       580	80000c10	41f5d733	sra	x14,x11,x31	 x11:0x01a0b640 x31:0x00000001 x14=0x00d05b20
        5825000	       581	80000c14	00b9a5b3	slt	x11,x19,x11	 x19:0xffffffff x11:0x01a0b640 x11=0x00000001
        5835000	       582	80000c18	8d3d0317	auipc	x6,0x8d3d0	  x6=0x0d3d0c14
        5845000	       583	80000c1c	009bfdb3	and	x27,x23,x9	 x23:0xfffffff1  x9:0x00000001 x27=0x00000001
        5855000	       584	80000c20	40913013	sltiu	x0,x2,1033	  x2:0x00000000
        5865000	       585	80000c24	cccd7813	andi	x16,x26,-820	 x26:0x80009a14 x16=0x80009804
        5875000	       586	80000c28	004c9033	sll	x0,x25,x4	 x25:0xb2e3b000  x4:0xad800000
        5885000	       587	80000c2c	015471b3	and	x3,x8,x21	  x8:0x0009a140 x21:0xffffffff  x3=0x0009a140
        5895000	       588	80000c30	00b00a13	addi	x20,x0,11	  x0:0x00000000 x20=0x0000000b
        5905000	       589	80000c34	407a5d93	srai	x27,x20,0x7	 x20:0x0000000b x27=0x00000000
        5915000	       590	80000c38	00112033	slt	x0,x2,x1	  x2:0x00000000  x1:0x08e50000
        5925000	       591	80000c3c	01e07fb3	and	x31,x0,x30	  x0:0x00000000 x30:0x00000009 x31=0x00000000
        5935000	       592	80000c40	40d007b3	sub	x15,x0,x13	  x0:0x00000000 x13:0x000000c0 x15=0xffffff40
        5945000	       593	80000c44	00a60613	addi	x12,x12,10	 x12:0x00000001 x12=0x0000000b
        5955000	       594	80000c48	df02cc13	xori	x24,x5,-528	  x5:0x2d80a29d x24=0xd27f5f6d
        5965000	       595	80000c4c	00c62cb3	slt	x25,x12,x12	 x12:0x0000000b x12:0x0000000b x25=0x00000000
        5975000	       596	80000c50	01c9a533	slt	x10,x19,x28	 x19:0xffffffff x28:0x80009f34 x10=0x00000000
        5985000	       597	80000c54	ff4612e3	bne	x12,x20,80000c38	 x12:0x0000000b x20:0x0000000b
        5995000	       598	80000c58	403a0933	sub	x18,x20,x3	 x20:0x0000000b  x3:0x0009a140 x18=0xfff65ecb
        6005000	       599	80000c5c	00500413	addi	x8,x0,5	  x0:0x00000000  x8=0x00000005
        6015000	       600	80000c60	013ae033	or	x0,x21,x19	 x21:0xffffffff x19:0xffffffff
        6025000	       601	80000c64	006b9313	slli	x6,x23,0x6	 x23:0xfffffff1  x6=0xfffffc40
        6035000	       602	80000c68	43d46bb7	lui	x23,0x43d46	 x23=0x43d46000
        6045000	       603	80000c6c	01100713	addi	x14,x0,17	  x0:0x00000000 x14=0x00000011
        6055000	       604	80000c70	cc8b3b93	sltiu	x23,x22,-824	 x22:0x00000004 x23=0x00000001
        6065000	       605	80000c74	40945613	srai	x12,x8,0x9	  x8:0x00000005 x12=0x00000000
        6075000	       606	80000c78	00d831b3	sltu	x3,x16,x13	 x16:0x80009804 x13:0x000000c0  x3=0x00000000
        6085000	       607	80000c7c	00940413	addi	x8,x8,9	  x8:0x00000005  x8=0x0000000e
        6095000	       608	80000c80	00100c13	addi	x24,x0,1	  x0:0x00000000 x24=0x00000001
        6105000	       609	80000c84	00919293	slli	x5,x3,0x9	  x3:0x00000000  x5=0x00000000
        6115000	       610	80000c88	c8a27513	andi	x10,x4,-886	  x4:0xad800000 x10=0xad800000
        6125000	       611	80000c8c	000752b3	srl	x5,x14,x0	 x14:0x00000011  x0:0x00000000  x5=0x00000011
        6135000	       612	80000c90	0094bf33	sltu	x30,x9,x9	  x9:0x00000001  x9:0x00000001 x30=0x00000000
        6145000	       613	80000c94	01bb8ab3	add	x21,x23,x27	 x23:0x00000001 x27:0x00000000 x21=0x00000001
        6155000	       614	80000c98	00f339b3	sltu	x19,x6,x15	  x6:0xfffffc40 x15:0xffffff40 x19=0x00000001
        6165000	       615	80000c9c	00000013	addi	x0,x0,0	  x0:0x00000000
        6175000	       616	80000ca0	ee3a4a93	xori	x21,x20,-285	 x20:0x0000000b x21=0xfffffee8
        6185000	       617	80000ca4	00900813	addi	x16,x0,9	  x0:0x00000000 x16=0x00000009
        6195000	       618	80000ca8	517bd937	lui	x18,0x517bd	 x18=0x517bd000
        6205000	       619	80000cac	9c9b0213	addi	x4,x22,-1591	 x22:0x00000004  x4=0xfffff9cd
        6215000	       620	80000cb0	40c40033	sub	x0,x8,x12	  x8:0x0000000e x12:0x00000000
        6225000	       621	80000cb4	406102b3	sub	x5,x2,x6	  x2:0x00000000  x6:0xfffffc40  x5=0x000003c0
        6235000	       622	80000cb8	004c0c13	addi	x24,x24,4	 x24:0x00000001 x24=0x00000005
        6245000	       623	80000cbc	001aad33	slt	x26,x21,x1	 x21:0xfffffee8  x1:0x08e50000 x26=0x00000001
        6255000	       624	80000cc0	ff0c18e3	bne	x24,x16,80000cb0	 x24:0x00000005 x16:0x00000009
        6265000	       625	00000000	00000013	addi	x0,x0,0	  x0:0x00000000
        6275000	       626	80000cac	00000013	addi	x0,x0,0	  x0:0x00000000
        6285000	       627	80000cb0	40c40033	sub	x0,x8,x12	  x8:0x0000000e x12:0x00000000
        6295000	       628	80000cb4	406102b3	sub	x5,x2,x6	  x2:0x00000000  x6:0xfffffc40  x5=0x000003c0
        6305000	       629	80000cb8	004c0c13	addi	x24,x24,4	 x24:0x00000005 x24=0x00000009
        6315000	       630	80000cbc	001aad33	slt	x26,x21,x1	 x21:0xfffffee8  x1:0x08e50000 x26=0x00000001
        6325000	       631	80000cc0	ff0c18e3	bne	x24,x16,80000cb0	 x24:0x00000009 x16:0x00000009
        6335000	       632	80000cc4	004927b3	slt	x15,x18,x4	 x18:0x517bd000  x4:0xfffff9cd x15=0x00000000
        6345000	       633	80000cc8	ab648013	addi	x0,x9,-1354	  x9:0x00000001
        6355000	       634	80000ccc	00718333	add	x6,x3,x7	  x3:0x00000000  x7:0x0000000c  x6=0x0000000c
        6365000	       635	80000cd0	fae460e3	bltu	x8,x14,80000c70	  x8:0x0000000e x14:0x00000011
        6375000	       636	00000000	00000013	addi	x0,x0,0	  x0:0x00000000
        6385000	       637	80000c6c	00000013	addi	x0,x0,0	  x0:0x00000000
        6395000	       638	80000c70	cc8b3b93	sltiu	x23,x22,-824	 x22:0x00000004 x23=0x00000001
        6405000	       639	80000c74	40945613	srai	x12,x8,0x9	  x8:0x0000000e x12=0x00000000
        6415000	       640	80000c78	00d831b3	sltu	x3,x16,x13	 x16:0x00000009 x13:0x000000c0  x3=0x00000001
        6425000	       641	80000c7c	00940413	addi	x8,x8,9	  x8:0x0000000e  x8=0x00000017
        6435000	       642	80000c80	00100c13	addi	x24,x0,1	  x0:0x00000000 x24=0x00000001
        6445000	       643	80000c84	00919293	slli	x5,x3,0x9	  x3:0x00000001  x5=0x00000200
        6455000	       644	80000c88	c8a27513	andi	x10,x4,-886	  x4:0xfffff9cd x10=0xfffff888
        6465000	       645	80000c8c	000752b3	srl	x5,x14,x0	 x14:0x00000011  x0:0x00000000  x5=0x00000011
        6475000	       646	80000c90	0094bf33	sltu	x30,x9,x9	  x9:0x00000001  x9:0x00000001 x30=0x00000000
        6485000	       647	80000c94	01bb8ab3	add	x21,x23,x27	 x23:0x00000001 x27:0x00000000 x21=0x00000001
        6495000	       648	80000c98	00f339b3	sltu	x19,x6,x15	  x6:0x0000000c x15:0x00000000 x19=0x00000000
        6505000	       649	80000c9c	00000013	addi	x0,x0,0	  x0:0x00000000
        6515000	       650	80000ca0	ee3a4a93	xori	x21,x20,-285	 x20:0x0000000b x21=0xfffffee8
        6525000	       651	80000ca4	00900813	addi	x16,x0,9	  x0:0x00000000 x16=0x00000009
        6535000	       652	80000ca8	517bd937	lui	x18,0x517bd	 x18=0x517bd000
        6545000	       653	80000cac	9c9b0213	addi	x4,x22,-1591	 x22:0x00000004  x4=0xfffff9cd
        6555000	       654	80000cb0	40c40033	sub	x0,x8,x12	  x8:0x00000017 x12:0x00000000
        6565000	       655	80000cb4	406102b3	sub	x5,x2,x6	  x2:0x00000000  x6:0x0000000c  x5=0xfffffff4
        6575000	       656	80000cb8	004c0c13	addi	x24,x24,4	 x24:0x00000001 x24=0x00000005
        6585000	       657	80000cbc	001aad33	slt	x26,x21,x1	 x21:0xfffffee8  x1:0x08e50000 x26=0x00000001
        6595000	       658	80000cc0	ff0c18e3	bne	x24,x16,80000cb0	 x24:0x00000005 x16:0x00000009
        6605000	       659	00000000	00000013	addi	x0,x0,0	  x0:0x00000000
        6615000	       660	80000cac	00000013	addi	x0,x0,0	  x0:0x00000000
        6625000	       661	80000cb0	40c40033	sub	x0,x8,x12	  x8:0x00000017 x12:0x00000000
        6635000	       662	80000cb4	406102b3	sub	x5,x2,x6	  x2:0x00000000  x6:0x0000000c  x5=0xfffffff4
        6645000	       663	80000cb8	004c0c13	addi	x24,x24,4	 x24:0x00000005 x24=0x00000009
        6655000	       664	80000cbc	001aad33	slt	x26,x21,x1	 x21:0xfffffee8  x1:0x08e50000 x26=0x00000001
        6665000	       665	80000cc0	ff0c18e3	bne	x24,x16,80000cb0	 x24:0x00000009 x16:0x00000009
        6675000	       666	80000cc4	004927b3	slt	x15,x18,x4	 x18:0x517bd000  x4:0xfffff9cd x15=0x00000000
        6685000	       667	80000cc8	ab648013	addi	x0,x9,-1354	  x9:0x00000001
        6695000	       668	80000ccc	00718333	add	x6,x3,x7	  x3:0x00000001  x7:0x0000000c  x6=0x0000000d
        6705000	       669	80000cd0	fae460e3	bltu	x8,x14,80000c70	  x8:0x00000017 x14:0x00000011
        6715000	       670	80000cd4	0079eeb3	or	x29,x19,x7	 x19:0x00000000  x7:0x0000000c x29=0x0000000c
        6725000	       671	80000cd8	ff700193	addi	x3,x0,-9	  x0:0x00000000  x3=0xfffffff7
        6735000	       672	80000cdc	009a9633	sll	x12,x21,x9	 x21:0xfffffee8  x9:0x00000001 x12=0xfffffdd0
        6745000	       673	80000ce0	dc0fa493	slti	x9,x31,-576	 x31:0x00000000  x9=0x00000000
        6755000	       674	80000ce4	00eb7033	and	x0,x22,x14	 x22:0x00000004 x14:0x00000011
        6765000	       675	80000ce8	00b00513	addi	x10,x0,11	  x0:0x00000000 x10=0x0000000b
        6775000	       676	80000cec	ff45f7b7	lui	x15,0xff45f	 x15=0xff45f000
        6785000	       677	80000cf0	8c66ff13	andi	x30,x13,-1850	 x13:0x000000c0 x30=0x000000c0
        6795000	       678	80000cf4	015adb93	srli	x23,x21,0x15	 x21:0xfffffee8 x23=0x000007ff
        6805000	       679	80000cf8	0138e4b3	or	x9,x17,x19	 x17:0x80009fc4 x19:0x00000000  x9=0x80009fc4
        6815000	       680	80000cfc	00818193	addi	x3,x3,8	  x3:0xfffffff7  x3=0xffffffff
        6825000	       681	80000d00	01904bb3	xor	x23,x0,x25	  x0:0x00000000 x25:0x00000000 x23=0x00000000
        6835000	       682	80000d04	fea1e4e3	bltu	x3,x10,80000cec	  x3:0xffffffff x10:0x0000000b
        6845000	       683	80000d08	0042ad33	slt	x26,x5,x4	  x5:0xfffffff4  x4:0xfffff9cd x26=0x00000000
        6855000	       684	80000d0c	00900e93	addi	x29,x0,9	  x0:0x00000000 x29=0x00000009
        6865000	       685	80000d10	00900b93	addi	x23,x0,9	  x0:0x00000000 x23=0x00000009
        6875000	       686	80000d14	41a97d93	andi	x27,x18,1050	 x18:0x517bd000 x27=0x00000000
        6885000	       687	80000d18	00d867b3	or	x15,x16,x13	 x16:0x00000009 x13:0x000000c0 x15=0x000000c9
        6895000	       688	80000d1c	ffce8e93	addi	x29,x29,-4	 x29:0x00000009 x29=0x00000005
        6905000	       689	80000d20	00600413	addi	x8,x0,6	  x0:0x00000000  x8=0x00000006
        6915000	       690	80000d24	00700693	addi	x13,x0,7	  x0:0x00000000 x13=0x00000007
        6925000	       691	80000d28	00422533	slt	x10,x4,x4	  x4:0xfffff9cd  x4:0xfffff9cd x10=0x00000000
        6935000	       692	80000d2c	00140413	addi	x8,x8,1	  x8:0x00000006  x8=0x00000007
        6945000	       693	80000d30	b56a0293	addi	x5,x20,-1194	 x20:0x0000000b  x5=0xfffffb61
        6955000	       694	80000d34	fed41ae3	bne	x8,x13,80000d28	  x8:0x00000007 x13:0x00000007
        6965000	       695	80000d38	ff7ef0e3	bgeu	x29,x23,80000d18	 x29:0x00000005 x23:0x00000009
        6975000	       696	80000d3c	ce618c13	addi	x24,x3,-794	  x3:0xffffffff x24=0xfffffce5
        6985000	       697	80000d40	00500193	addi	x3,x0,5	  x0:0x00000000  x3=0x00000005
        6995000	       698	80000d44	065c3913	sltiu	x18,x24,101	 x24:0xfffffce5 x18=0x00000000
        7005000	       699	80000d48	01217db3	and	x27,x2,x18	  x2:0x00000000 x18:0x00000000 x27=0x00000000
        7015000	       700	80000d4c	00e00513	addi	x10,x0,14	  x0:0x00000000 x10=0x0000000e
        7025000	       701	80000d50	012870b3	and	x1,x16,x18	 x16:0x00000009 x18:0x00000000  x1=0x00000000
        7035000	       702	80000d54	00000013	addi	x0,x0,0	  x0:0x00000000
        7045000	       703	80000d58	000e3f33	sltu	x30,x28,x0	 x28:0x80009f34  x0:0x00000000 x30=0x00000000
        7055000	       704	80000d5c	00a18193	addi	x3,x3,10	  x3:0x00000005  x3=0x0000000f
        7065000	       705	80000d60	007d69b3	or	x19,x26,x7	 x26:0x00000000  x7:0x0000000c x19=0x0000000c
        7075000	       706	80000d64	00500c93	addi	x25,x0,5	  x0:0x00000000 x25=0x00000005
        7085000	       707	80000d68	3872c697	auipc	x13,0x3872c	 x13=0xb872cd64
        7095000	       708	80000d6c	0067deb3	srl	x29,x15,x6	 x15:0x000000c9  x6:0x0000000d x29=0x00000000
        7105000	       709	80000d70	00c00413	addi	x8,x0,12	  x0:0x00000000  x8=0x0000000c
        7115000	       710	80000d74	016b8fb3	add	x31,x23,x22	 x23:0x00000009 x22:0x00000004 x31=0x0000000d
        7125000	       711	80000d78	c2620293	addi	x5,x4,-986	  x4:0xfffff9cd  x5=0xfffff5f3
        7135000	       712	80000d7c	009c8c93	addi	x25,x25,9	 x25:0x00000005 x25=0x0000000e
        7145000	       713	80000d80	30bc4493	xori	x9,x24,779	 x24:0xfffffce5  x9=0xffffffee
        7155000	       714	80000d84	fe8cc8e3	blt	x25,x8,80000d74	 x25:0x0000000e  x8:0x0000000c
        7165000	       715	80000d88	001d84b3	add	x9,x27,x1	 x27:0x00000000  x1:0x00000000  x9=0x00000000
        7175000	       716	80000d8c	40a055b3	sra	x11,x0,x10	  x0:0x00000000 x10:0x0000000e x11=0x00000000
        7185000	       717	80000d90	7bc84713	xori	x14,x16,1980	 x16:0x00000009 x14=0x000007b5
        7195000	       718	80000d94	168d0813	addi	x16,x26,360	 x26:0x00000000 x16=0x00000168
        7205000	       719	80000d98	00e249b3	xor	x19,x4,x14	  x4:0xfffff9cd x14:0x000007b5 x19=0xfffffe78
        7215000	       720	80000d9c	7dc6ef13	ori	x30,x13,2012	 x13:0xb872cd64 x30=0xb872cffc
        7225000	       721	80000da0	84878c13	addi	x24,x15,-1976	 x15:0x000000c9 x24=0xfffff911
        7235000	       722	80000da4	faa1c8e3	blt	x3,x10,80000d54	  x3:0x0000000f x10:0x0000000e
        7245000	       723	80000da8	00000013	addi	x0,x0,0	  x0:0x00000000
        7255000	       724	80000dac	00300c13	addi	x24,x0,3	  x0:0x00000000 x24=0x00000003
        7265000	       725	80000db0	00593633	sltu	x12,x18,x5	 x18:0x00000000  x5:0xfffff5f3 x12=0x00000001
        7275000	       726	80000db4	00d00e93	addi	x29,x0,13	  x0:0x00000000 x29=0x0000000d
        7285000	       727	80000db8	01bb36b3	sltu	x13,x22,x27	 x22:0x00000004 x27:0x00000000 x13=0x00000000
        7295000	       728	80000dbc	00909693	slli	x13,x1,0x9	  x1:0x00000000 x13=0x00000000
        7305000	       729	80000dc0	64b3fa97	auipc	x21,0x64b3f	 x21=0xe4b3fdbc
        7315000	       730	80000dc4	058afc93	andi	x25,x21,88	 x21:0xe4b3fdbc x25=0x00000018
        7325000	       731	80000dc8	003c0c13	addi	x24,x24,3	 x24:0x00000003 x24=0x00000006
        7335000	       732	80000dcc	01df5b13	srli	x22,x30,0x1d	 x30:0xb872cffc x22=0x00000005
        7345000	       733	80000dd0	01229493	slli	x9,x5,0x12	  x5:0xfffff5f3  x9=0xd7cc0000
        7355000	       734	80000dd4	00700d93	addi	x27,x0,7	  x0:0x00000000 x27=0x00000007
        7365000	       735	80000dd8	c0810513	addi	x10,x2,-1016	  x2:0x00000000 x10=0xfffffc08
        7375000	       736	80000ddc	00400d13	addi	x26,x0,4	  x0:0x00000000 x26=0x00000004
        7385000	       737	80000de0	01bcc6b3	xor	x13,x25,x27	 x25:0x00000018 x27:0x00000007 x13=0x0000001f
        7395000	       738	80000de4	00a182b3	add	x5,x3,x10	  x3:0x0000000f x10:0xfffffc08  x5=0xfffffc17
        7405000	       739	80000de8	ffdd8d93	addi	x27,x27,-3	 x27:0x00000007 x27=0x00000004
        7415000	       740	80000dec	01ea4233	xor	x4,x20,x30	 x20:0x0000000b x30:0xb872cffc  x4=0xb872cff7
        7425000	       741	80000df0	ffadfae3	bgeu	x27,x26,80000de4	 x27:0x00000004 x26:0x00000004
        7435000	       742	00000000	00000013	addi	x0,x0,0	  x0:0x00000000
        7445000	       743	80000de0	00000013	addi	x0,x0,0	  x0:0x00000000
        7455000	       744	80000de4	00a182b3	add	x5,x3,x10	  x3:0x0000000f x10:0xfffffc08  x5=0xfffffc17
        7465000	       745	80000de8	ffdd8d93	addi	x27,x27,-3	 x27:0x00000004 x27=0x00000001
        7475000	       746	80000dec	01ea4233	xor	x4,x20,x30	 x20:0x0000000b x30:0xb872cffc  x4=0xb872cff7
        7485000	       747	80000df0	ffadfae3	bgeu	x27,x26,80000de4	 x27:0x00000001 x26:0x00000004
        7495000	       748	80000df4	fddc66e3	bltu	x24,x29,80000dc0	 x24:0x00000006 x29:0x0000000d
        7505000	       749	00000000	00000013	addi	x0,x0,0	  x0:0x00000000
        7515000	       750	80000dbc	00000013	addi	x0,x0,0	  x0:0x00000000
        7525000	       751	80000dc0	64b3fa97	auipc	x21,0x64b3f	 x21=0xe4b3fdbc
        7535000	       752	80000dc4	058afc93	andi	x25,x21,88	 x21:0xe4b3fdbc x25=0x00000018
        7545000	       753	80000dc8	003c0c13	addi	x24,x24,3	 x24:0x00000006 x24=0x00000009
        7555000	       754	80000dcc	01df5b13	srli	x22,x30,0x1d	 x30:0xb872cffc x22=0x00000005
        7565000	       755	80000dd0	01229493	slli	x9,x5,0x12	  x5:0xfffffc17  x9=0xf05c0000
        7575000	       756	80000dd4	00700d93	addi	x27,x0,7	  x0:0x00000000 x27=0x00000007
        7585000	       757	80000dd8	c0810513	addi	x10,x2,-1016	  x2:0x00000000 x10=0xfffffc08
        7595000	       758	80000ddc	00400d13	addi	x26,x0,4	  x0:0x00000000 x26=0x00000004
        7605000	       759	80000de0	01bcc6b3	xor	x13,x25,x27	 x25:0x00000018 x27:0x00000007 x13=0x0000001f
        7615000	       760	80000de4	00a182b3	add	x5,x3,x10	  x3:0x0000000f x10:0xfffffc08  x5=0xfffffc17
        7625000	       761	80000de8	ffdd8d93	addi	x27,x27,-3	 x27:0x00000007 x27=0x00000004
        7635000	       762	80000dec	01ea4233	xor	x4,x20,x30	 x20:0x0000000b x30:0xb872cffc  x4=0xb872cff7
        7645000	       763	80000df0	ffadfae3	bgeu	x27,x26,80000de4	 x27:0x00000004 x26:0x00000004
        7655000	       764	00000000	00000013	addi	x0,x0,0	  x0:0x00000000
        7665000	       765	80000de0	00000013	addi	x0,x0,0	  x0:0x00000000
        7675000	       766	80000de4	00a182b3	add	x5,x3,x10	  x3:0x0000000f x10:0xfffffc08  x5=0xfffffc17
        7685000	       767	80000de8	ffdd8d93	addi	x27,x27,-3	 x27:0x00000004 x27=0x00000001
        7695000	       768	80000dec	01ea4233	xor	x4,x20,x30	 x20:0x0000000b x30:0xb872cffc  x4=0xb872cff7
        7705000	       769	80000df0	ffadfae3	bgeu	x27,x26,80000de4	 x27:0x00000001 x26:0x00000004
        7715000	       770	80000df4	fddc66e3	bltu	x24,x29,80000dc0	 x24:0x00000009 x29:0x0000000d
        7725000	       771	00000000	00000013	addi	x0,x0,0	  x0:0x00000000
        7735000	       772	80000dbc	00000013	addi	x0,x0,0	  x0:0x00000000
        7745000	       773	80000dc0	64b3fa97	auipc	x21,0x64b3f	 x21=0xe4b3fdbc
        7755000	       774	80000dc4	058afc93	andi	x25,x21,88	 x21:0xe4b3fdbc x25=0x00000018
        7765000	       775	80000dc8	003c0c13	addi	x24,x24,3	 x24:0x00000009 x24=0x0000000c
        7775000	       776	80000dcc	01df5b13	srli	x22,x30,0x1d	 x30:0xb872cffc x22=0x00000005
        7785000	       777	80000dd0	01229493	slli	x9,x5,0x12	  x5:0xfffffc17  x9=0xf05c0000
        7795000	       778	80000dd4	00700d93	addi	x27,x0,7	  x0:0x00000000 x27=0x00000007
        7805000	       779	80000dd8	c0810513	addi	x10,x2,-1016	  x2:0x00000000 x10=0xfffffc08
        7815000	       780	80000ddc	00400d13	addi	x26,x0,4	  x0:0x00000000 x26=0x00000004
        7825000	       781	80000de0	01bcc6b3	xor	x13,x25,x27	 x25:0x00000018 x27:0x00000007 x13=0x0000001f
        7835000	       782	80000de4	00a182b3	add	x5,x3,x10	  x3:0x0000000f x10:0xfffffc08  x5=0xfffffc17
        7845000	       783	80000de8	ffdd8d93	addi	x27,x27,-3	 x27:0x00000007 x27=0x00000004
        7855000	       784	80000dec	01ea4233	xor	x4,x20,x30	 x20:0x0000000b x30:0xb872cffc  x4=0xb872cff7
        7865000	       785	80000df0	ffadfae3	bgeu	x27,x26,80000de4	 x27:0x00000004 x26:0x00000004
        7875000	       786	00000000	00000013	addi	x0,x0,0	  x0:0x00000000
        7885000	       787	80000de0	00000013	addi	x0,x0,0	  x0:0x00000000
        7895000	       788	80000de4	00a182b3	add	x5,x3,x10	  x3:0x0000000f x10:0xfffffc08  x5=0xfffffc17
        7905000	       789	80000de8	ffdd8d93	addi	x27,x27,-3	 x27:0x00000004 x27=0x00000001
        7915000	       790	80000dec	01ea4233	xor	x4,x20,x30	 x20:0x0000000b x30:0xb872cffc  x4=0xb872cff7
        7925000	       791	80000df0	ffadfae3	bgeu	x27,x26,80000de4	 x27:0x00000001 x26:0x00000004
        7935000	       792	80000df4	fddc66e3	bltu	x24,x29,80000dc0	 x24:0x0000000c x29:0x0000000d
        7945000	       793	00000000	00000013	addi	x0,x0,0	  x0:0x00000000
        7955000	       794	80000dbc	00000013	addi	x0,x0,0	  x0:0x00000000
        7965000	       795	80000dc0	64b3fa97	auipc	x21,0x64b3f	 x21=0xe4b3fdbc
        7975000	       796	80000dc4	058afc93	andi	x25,x21,88	 x21:0xe4b3fdbc x25=0x00000018
        7985000	       797	80000dc8	003c0c13	addi	x24,x24,3	 x24:0x0000000c x24=0x0000000f
        7995000	       798	80000dcc	01df5b13	srli	x22,x30,0x1d	 x30:0xb872cffc x22=0x00000005
        8005000	       799	80000dd0	01229493	slli	x9,x5,0x12	  x5:0xfffffc17  x9=0xf05c0000
        8015000	       800	80000dd4	00700d93	addi	x27,x0,7	  x0:0x00000000 x27=0x00000007
        8025000	       801	80000dd8	c0810513	addi	x10,x2,-1016	  x2:0x00000000 x10=0xfffffc08
        8035000	       802	80000ddc	00400d13	addi	x26,x0,4	  x0:0x00000000 x26=0x00000004
        8045000	       803	80000de0	01bcc6b3	xor	x13,x25,x27	 x25:0x00000018 x27:0x00000007 x13=0x0000001f
        8055000	       804	80000de4	00a182b3	add	x5,x3,x10	  x3:0x0000000f x10:0xfffffc08  x5=0xfffffc17
        8065000	       805	80000de8	ffdd8d93	addi	x27,x27,-3	 x27:0x00000007 x27=0x00000004
        8075000	       806	80000dec	01ea4233	xor	x4,x20,x30	 x20:0x0000000b x30:0xb872cffc  x4=0xb872cff7
        8085000	       807	80000df0	ffadfae3	bgeu	x27,x26,80000de4	 x27:0x00000004 x26:0x00000004
        8095000	       808	00000000	00000013	addi	x0,x0,0	  x0:0x00000000
        8105000	       809	80000de0	00000013	addi	x0,x0,0	  x0:0x00000000
        8115000	       810	80000de4	00a182b3	add	x5,x3,x10	  x3:0x0000000f x10:0xfffffc08  x5=0xfffffc17
        8125000	       811	80000de8	ffdd8d93	addi	x27,x27,-3	 x27:0x00000004 x27=0x00000001
        8135000	       812	80000dec	01ea4233	xor	x4,x20,x30	 x20:0x0000000b x30:0xb872cffc  x4=0xb872cff7
        8145000	       813	80000df0	ffadfae3	bgeu	x27,x26,80000de4	 x27:0x00000001 x26:0x00000004
        8155000	       814	80000df4	fddc66e3	bltu	x24,x29,80000dc0	 x24:0x0000000f x29:0x0000000d
        8165000	       815	80000df8	14907393	andi	x7,x0,329	  x0:0x00000000  x7=0x00000000
        8175000	       816	80000dfc	00800d13	addi	x26,x0,8	  x0:0x00000000 x26=0x00000008
        8185000	       817	80000e00	00600613	addi	x12,x0,6	  x0:0x00000000 x12=0x00000006
        8195000	       818	80000e04	d8c24713	xori	x14,x4,-628	  x4:0xb872cff7 x14=0x478d327b
        8205000	       819	80000e08	01a876b3	and	x13,x16,x26	 x16:0x00000168 x26:0x00000008 x13=0x00000008
        8215000	       820	80000e0c	0089d033	srl	x0,x19,x8	 x19:0xfffffe78  x8:0x0000000c
        8225000	       821	80000e10	ffbd0d13	addi	x26,x26,-5	 x26:0x00000008 x26=0x00000003
        8235000	       822	80000e14	fecd7ae3	bgeu	x26,x12,80000e08	 x26:0x00000003 x12:0x00000006
        8245000	       823	80000e18	01e41713	slli	x14,x8,0x1e	  x8:0x0000000c x14=0x00000000
        8255000	       824	80000e1c	00800693	addi	x13,x0,8	  x0:0x00000000 x13=0x00000008
        8265000	       825	80000e20	01dfc3b3	xor	x7,x31,x29	 x31:0x0000000d x29:0x0000000d  x7=0x00000000
        8275000	       826	80000e24	60fb8213	addi	x4,x23,1551	 x23:0x00000009  x4=0x00000618
        8285000	       827	80000e28	1041bc13	sltiu	x24,x3,260	  x3:0x0000000f x24=0x00000001
        8295000	       828	80000e2c	00800993	addi	x19,x0,8	  x0:0x00000000 x19=0x00000008
        8305000	       829	80000e30	9bef8493	addi	x9,x31,-1602	 x31:0x0000000d  x9=0xfffff9cb
        8315000	       830	80000e34	a2c23437	lui	x8,0xa2c23	  x8=0xa2c23000
        8325000	       831	80000e38	00000013	addi	x0,x0,0	  x0:0x00000000
        8335000	       832	80000e3c	41eadeb3	sra	x29,x21,x30	 x21:0xe4b3fdbc x30:0xb872cffc x29=0xfffffffe
        8345000	       833	80000e40	ae793bb7	lui	x23,0xae793	 x23=0xae793000
        8355000	       834	80000e44	ffa68693	addi	x13,x13,-6	 x13:0x00000008 x13=0x00000002
        8365000	       835	80000e48	015d1e93	slli	x29,x26,0x15	 x26:0x00000003 x29=0x00600000
        8375000	       836	80000e4c	0128ceb3	xor	x29,x17,x18	 x17:0x80009fc4 x18:0x00000000 x29=0x80009fc4
        8385000	       837	80000e50	ff36f4e3	bgeu	x13,x19,80000e38	 x13:0x00000002 x19:0x00000008
        8395000	       838	80000e54	9dd8a293	slti	x5,x17,-1571	 x17:0x80009fc4  x5=0x00000001
        8405000	       839	80000e58	fff00c13	addi	x24,x0,-1	  x0:0x00000000 x24=0xffffffff
        8415000	       840	80000e5c	fde2b613	sltiu	x12,x5,-34	  x5:0x00000001 x12=0x00000001
        8425000	       841	80000e60	ff100793	addi	x15,x0,-15	  x0:0x00000000 x15=0xfffffff1
        8435000	       842	80000e64	c5c62f93	slti	x31,x12,-932	 x12:0x00000001 x31=0x00000000
        8445000	       843	80000e68	ff9c0c13	addi	x24,x24,-7	 x24:0xffffffff x24=0xfffffff8
        8455000	       844	80000e6c	ffe00a93	addi	x21,x0,-2	  x0:0x00000000 x21=0xfffffffe
        8465000	       845	80000e70	01200d93	addi	x27,x0,18	  x0:0x00000000 x27=0x00000012
        8475000	       846	80000e74	40bed593	srai	x11,x29,0xb	 x29:0x80009fc4 x11=0xfff00013
        8485000	       847	80000e78	9a862b13	slti	x22,x12,-1624	 x12:0x00000001 x22=0x00000000
        8495000	       848	80000e7c	41b1d993	srai	x19,x3,0x1b	  x3:0x0000000f x19=0x00000000
        8505000	       849	80000e80	005a8a93	addi	x21,x21,5	 x21:0xfffffffe x21=0x00000003
        8515000	       850	80000e84	01d504b3	add	x9,x10,x29	 x10:0xfffffc08 x29:0x80009fc4  x9=0x80009bcc
        8525000	       851	80000e88	ffba98e3	bne	x21,x27,80000e78	 x21:0x00000003 x27:0x00000012
        8535000	       852	00000000	00000013	addi	x0,x0,0	  x0:0x00000000
        8545000	       853	80000e74	00000013	addi	x0,x0,0	  x0:0x00000000
        8555000	       854	80000e78	9a862b13	slti	x22,x12,-1624	 x12:0x00000001 x22=0x00000000
        8565000	       855	80000e7c	41b1d993	srai	x19,x3,0x1b	  x3:0x0000000f x19=0x00000000
        8575000	       856	80000e80	005a8a93	addi	x21,x21,5	 x21:0x00000003 x21=0x00000008
        8585000	       857	80000e84	01d504b3	add	x9,x10,x29	 x10:0xfffffc08 x29:0x80009fc4  x9=0x80009bcc
        8595000	       858	80000e88	ffba98e3	bne	x21,x27,80000e78	 x21:0x00000008 x27:0x00000012
        8605000	       859	00000000	00000013	addi	x0,x0,0	  x0:0x00000000
        8615000	       860	80000e74	00000013	addi	x0,x0,0	  x0:0x00000000
        8625000	       861	80000e78	9a862b13	slti	x22,x12,-1624	 x12:0x00000001 x22=0x00000000
        8635000	       862	80000e7c	41b1d993	srai	x19,x3,0x1b	  x3:0x0000000f x19=0x00000000
        8645000	       863	80000e80	005a8a93	addi	x21,x21,5	 x21:0x00000008 x21=0x0000000d
        8655000	       864	80000e84	01d504b3	add	x9,x10,x29	 x10:0xfffffc08 x29:0x80009fc4  x9=0x80009bcc
        8665000	       865	80000e88	ffba98e3	bne	x21,x27,80000e78	 x21:0x0000000d x27:0x00000012
        8675000	       866	00000000	00000013	addi	x0,x0,0	  x0:0x00000000
        8685000	       867	80000e74	00000013	addi	x0,x0,0	  x0:0x00000000
        8695000	       868	80000e78	9a862b13	slti	x22,x12,-1624	 x12:0x00000001 x22=0x00000000
        8705000	       869	80000e7c	41b1d993	srai	x19,x3,0x1b	  x3:0x0000000f x19=0x00000000
        8715000	       870	80000e80	005a8a93	addi	x21,x21,5	 x21:0x0000000d x21=0x00000012
        8725000	       871	80000e84	01d504b3	add	x9,x10,x29	 x10:0xfffffc08 x29:0x80009fc4  x9=0x80009bcc
        8735000	       872	80000e88	ffba98e3	bne	x21,x27,80000e78	 x21:0x00000012 x27:0x00000012
        8745000	       873	80000e8c	fcfc0ce3	beq	x24,x15,80000e64	 x24:0xfffffff8 x15:0xfffffff1
        8755000	       874	80000e90	43653513	sltiu	x10,x10,1078	 x10:0xfffffc08 x10=0x00000000
        8765000	       875	80000e94	ffc00313	addi	x6,x0,-4	  x0:0x00000000  x6=0xfffffffc
        8775000	       876	80000e98	012f71b3	and	x3,x30,x18	 x30:0xb872cffc x18:0x00000000  x3=0x00000000
        8785000	       877	80000e9c	ff100b93	addi	x23,x0,-15	  x0:0x00000000 x23=0xfffffff1
        8795000	       878	80000ea0	d8afeb13	ori	x22,x31,-630	 x31:0x00000000 x22=0xfffffd8a
        8805000	       879	80000ea4	400384b3	sub	x9,x7,x0	  x7:0x00000000  x0:0x00000000  x9=0x00000000
        8815000	       880	80000ea8	2fc9fd93	andi	x27,x19,764	 x19:0x00000000 x27=0x00000000
        8825000	       881	80000eac	40ad0c33	sub	x24,x26,x10	 x26:0x00000003 x10:0x00000000 x24=0x00000003
        8835000	       882	80000eb0	408b8f33	sub	x30,x23,x8	 x23:0xfffffff1  x8:0xa2c23000 x30=0x5d3dcff1
        8845000	       883	80000eb4	f38a8a93	addi	x21,x21,-200	 x21:0x00000012 x21=0xffffff4a
        8855000	       884	80000eb8	40300fb3	sub	x31,x0,x3	  x0:0x00000000  x3:0x00000000 x31=0x00000000
        8865000	       885	80000ebc	ffc30313	addi	x6,x6,-4	  x6:0xfffffffc  x6=0xfffffff8
        8875000	       886	80000ec0	00721833	sll	x16,x4,x7	  x4:0x00000618  x7:0x00000000 x16=0x00000618
        8885000	       887	80000ec4	00400593	addi	x11,x0,4	  x0:0x00000000 x11=0x00000004
        8895000	       888	80000ec8	00d994b3	sll	x9,x19,x13	 x19:0x00000000 x13:0x00000002  x9=0x00000000
        8905000	       889	80000ecc	3d478417	auipc	x8,0x3d478	  x8=0xbd478ec8
        8915000	       890	80000ed0	27690397	auipc	x7,0x27690	  x7=0xa7690ecc
        8925000	       891	80000ed4	40f25eb3	sra	x29,x4,x15	  x4:0x00000618 x15:0xfffffff1 x29=0x00000000
        8935000	       892	80000ed8	ffe00213	addi	x4,x0,-2	  x0:0x00000000  x4=0xfffffffe
        8945000	       893	80000edc	f0437093	andi	x1,x6,-252	  x6:0xfffffff8  x1=0xffffff00
        8955000	       894	80000ee0	01a4ffb3	and	x31,x9,x26	  x9:0x00000000 x26:0x00000003 x31=0x00000000
        8965000	       895	80000ee4	00109393	slli	x7,x1,0x1	  x1:0xffffff00  x7=0xfffffe00
        8975000	       896	80000ee8	01713533	sltu	x10,x2,x23	  x2:0x00000000 x23:0xfffffff1 x10=0x00000001
        8985000	       897	80000eec	01e0a433	slt	x8,x1,x30	  x1:0xffffff00 x30:0x5d3dcff1  x8=0x00000001
        8995000	       898	80000ef0	0083b1b3	sltu	x3,x7,x8	  x7:0xfffffe00  x8:0x00000001  x3=0x00000000
        9005000	       899	80000ef4	405d5fb3	sra	x31,x26,x5	 x26:0x00000003  x5:0x00000001 x31=0x00000001
        9015000	       900	80000ef8	0157b433	sltu	x8,x15,x21	 x15:0xfffffff1 x21:0xffffff4a  x8=0x00000000
        9025000	       901	80000efc	01a9dd93	srli	x27,x19,0x1a	 x19:0x00000000 x27=0x00000000
        9035000	       902	80000f00	ffa58593	addi	x11,x11,-6	 x11:0x00000004 x11=0xfffffffe
        9045000	       903	80000f04	fc459ce3	bne	x11,x4,80000edc	 x11:0xfffffffe  x4:0xfffffffe
        9055000	       904	80000f08	a3446a93	ori	x21,x8,-1484	  x8:0x00000000 x21=0xfffffa34
        9065000	       905	80000f0c	fb7354e3	bge	x6,x23,80000eb4	  x6:0xfffffff8 x23:0xfffffff1
        9075000	       906	00000000	00000013	addi	x0,x0,0	  x0:0x00000000
        9085000	       907	80000eb0	00000013	addi	x0,x0,0	  x0:0x00000000
        9095000	       908	80000eb4	f38a8a93	addi	x21,x21,-200	 x21:0xfffffa34 x21=0xfffff96c
        9105000	       909	80000eb8	40300fb3	sub	x31,x0,x3	  x0:0x00000000  x3:0x00000000 x31=0x00000000
        9115000	       910	80000ebc	ffc30313	addi	x6,x6,-4	  x6:0xfffffff8  x6=0xfffffff4
        9125000	       911	80000ec0	00721833	sll	x16,x4,x7	  x4:0xfffffffe  x7:0xfffffe00 x16=0xfffffffe
        9135000	       912	80000ec4	00400593	addi	x11,x0,4	  x0:0x00000000 x11=0x00000004
        9145000	       913	80000ec8	00d994b3	sll	x9,x19,x13	 x19:0x00000000 x13:0x00000002  x9=0x00000000
        9155000	       914	80000ecc	3d478417	auipc	x8,0x3d478	  x8=0xbd478ec8
        9165000	       915	80000ed0	27690397	auipc	x7,0x27690	  x7=0xa7690ecc
        9175000	       916	80000ed4	40f25eb3	sra	x29,x4,x15	  x4:0xfffffffe x15:0xfffffff1 x29=0xffffffff
        9185000	       917	80000ed8	ffe00213	addi	x4,x0,-2	  x0:0x00000000  x4=0xfffffffe
        9195000	       918	80000edc	f0437093	andi	x1,x6,-252	  x6:0xfffffff4  x1=0xffffff04
        9205000	       919	80000ee0	01a4ffb3	and	x31,x9,x26	  x9:0x00000000 x26:0x00000003 x31=0x00000000
        9215000	       920	80000ee4	00109393	slli	x7,x1,0x1	  x1:0xffffff04  x7=0xfffffe08
        9225000	       921	80000ee8	01713533	sltu	x10,x2,x23	  x2:0x00000000 x23:0xfffffff1 x10=0x00000001
        9235000	       922	80000eec	01e0a433	slt	x8,x1,x30	  x1:0xffffff04 x30:0x5d3dcff1  x8=0x00000001
        9245000	       923	80000ef0	0083b1b3	sltu	x3,x7,x8	  x7:0xfffffe08  x8:0x00000001  x3=0x00000000
        9255000	       924	80000ef4	405d5fb3	sra	x31,x26,x5	 x26:0x00000003  x5:0x00000001 x31=0x00000001
        9265000	       925	80000ef8	0157b433	sltu	x8,x15,x21	 x15:0xfffffff1 x21:0xfffff96c  x8=0x00000000
        9275000	       926	80000efc	01a9dd93	srli	x27,x19,0x1a	 x19:0x00000000 x27=0x00000000
        9285000	       927	80000f00	ffa58593	addi	x11,x11,-6	 x11:0x00000004 x11=0xfffffffe
        9295000	       928	80000f04	fc459ce3	bne	x11,x4,80000edc	 x11:0xfffffffe  x4:0xfffffffe
        9305000	       929	80000f08	a3446a93	ori	x21,x8,-1484	  x8:0x00000000 x21=0xfffffa34
        9315000	       930	80000f0c	fb7354e3	bge	x6,x23,80000eb4	  x6:0xfffffff4 x23:0xfffffff1
        9325000	       931	00000000	00000013	addi	x0,x0,0	  x0:0x00000000
        9335000	       932	80000eb0	00000013	addi	x0,x0,0	  x0:0x00000000
        9345000	       933	80000eb4	f38a8a93	addi	x21,x21,-200	 x21:0xfffffa34 x21=0xfffff96c
        9355000	       934	80000eb8	40300fb3	sub	x31,x0,x3	  x0:0x00000000  x3:0x00000000 x31=0x00000000
        9365000	       935	80000ebc	ffc30313	addi	x6,x6,-4	  x6:0xfffffff4  x6=0xfffffff0
        9375000	       936	80000ec0	00721833	sll	x16,x4,x7	  x4:0xfffffffe  x7:0xfffffe08 x16=0xfffffe00
        9385000	       937	80000ec4	00400593	addi	x11,x0,4	  x0:0x00000000 x11=0x00000004
        9395000	       938	80000ec8	00d994b3	sll	x9,x19,x13	 x19:0x00000000 x13:0x00000002  x9=0x00000000
        9405000	       939	80000ecc	3d478417	auipc	x8,0x3d478	  x8=0xbd478ec8
        9415000	       940	80000ed0	27690397	auipc	x7,0x27690	  x7=0xa7690ecc
        9425000	       941	80000ed4	40f25eb3	sra	x29,x4,x15	  x4:0xfffffffe x15:0xfffffff1 x29=0xffffffff
        9435000	       942	80000ed8	ffe00213	addi	x4,x0,-2	  x0:0x00000000  x4=0xfffffffe
        9445000	       943	80000edc	f0437093	andi	x1,x6,-252	  x6:0xfffffff0  x1=0xffffff00
        9455000	       944	80000ee0	01a4ffb3	and	x31,x9,x26	  x9:0x00000000 x26:0x00000003 x31=0x00000000
        9465000	       945	80000ee4	00109393	slli	x7,x1,0x1	  x1:0xffffff00  x7=0xfffffe00
        9475000	       946	80000ee8	01713533	sltu	x10,x2,x23	  x2:0x00000000 x23:0xfffffff1 x10=0x00000001
        9485000	       947	80000eec	01e0a433	slt	x8,x1,x30	  x1:0xffffff00 x30:0x5d3dcff1  x8=0x00000001
        9495000	       948	80000ef0	0083b1b3	sltu	x3,x7,x8	  x7:0xfffffe00  x8:0x00000001  x3=0x00000000
        9505000	       949	80000ef4	405d5fb3	sra	x31,x26,x5	 x26:0x00000003  x5:0x00000001 x31=0x00000001
        9515000	       950	80000ef8	0157b433	sltu	x8,x15,x21	 x15:0xfffffff1 x21:0xfffff96c  x8=0x00000000
        9525000	       951	80000efc	01a9dd93	srli	x27,x19,0x1a	 x19:0x00000000 x27=0x00000000
        9535000	       952	80000f00	ffa58593	addi	x11,x11,-6	 x11:0x00000004 x11=0xfffffffe
        9545000	       953	80000f04	fc459ce3	bne	x11,x4,80000edc	 x11:0xfffffffe  x4:0xfffffffe
        9555000	       954	80000f08	a3446a93	ori	x21,x8,-1484	  x8:0x00000000 x21=0xfffffa34
        9565000	       955	80000f0c	fb7354e3	bge	x6,x23,80000eb4	  x6:0xfffffff0 x23:0xfffffff1
        9575000	       956	80000f10	40245733	sra	x14,x8,x2	  x8:0x00000000  x2:0x00000000 x14=0x00000000
        9585000	       957	80000f14	ffc00713	addi	x14,x0,-4	  x0:0x00000000 x14=0xfffffffc
        9595000	       958	80000f18	01a62833	slt	x16,x12,x26	 x12:0x00000001 x26:0x00000003 x16=0x00000001
        9605000	       959	80000f1c	061570b7	lui	x1,0x6157	  x1=0x06157000
        9615000	       960	80000f20	c30a0993	addi	x19,x20,-976	 x20:0x0000000b x19=0xfffffc3b
        9625000	       961	80000f24	01200393	addi	x7,x0,18	  x0:0x00000000  x7=0x00000012
        9635000	       962	80000f28	3ac6bc93	sltiu	x25,x13,940	 x13:0x00000002 x25=0x00000001
        9645000	       963	80000f2c	00729d13	slli	x26,x5,0x7	  x5:0x00000001 x26=0x00000080
        9655000	       964	80000f30	01201a13	slli	x20,x0,0x12	  x0:0x00000000 x20=0x00000000
        9665000	       965	80000f34	00970713	addi	x14,x14,9	 x14:0xfffffffc x14=0x00000005
        9675000	       966	80000f38	015d4d93	xori	x27,x26,21	 x26:0x00000080 x27=0x00000095
        9685000	       967	80000f3c	00000013	addi	x0,x0,0	  x0:0x00000000
        9695000	       968	80000f40	00689d33	sll	x26,x17,x6	 x17:0x80009fc4  x6:0xfffffff0 x26=0x9fc40000
        9705000	       969	80000f44	00700593	addi	x11,x0,7	  x0:0x00000000 x11=0x00000007
        9715000	       970	80000f48	0149d813	srli	x16,x19,0x14	 x19:0xfffffc3b x16=0x00000fff
        9725000	       971	80000f4c	00700e93	addi	x29,x0,7	  x0:0x00000000 x29=0x00000007
        9735000	       972	80000f50	01039193	slli	x3,x7,0x10	  x7:0x00000012  x3=0x00120000
        9745000	       973	80000f54	68a34313	xori	x6,x6,1674	  x6:0xfffffff0  x6=0xfffff97a
        9755000	       974	80000f58	00d8bdb3	sltu	x27,x17,x13	 x17:0x80009fc4 x13:0x00000002 x27=0x00000000
        9765000	       975	80000f5c	01a8df33	srl	x30,x17,x26	 x17:0x80009fc4 x26:0x9fc40000 x30=0x80009fc4
        9775000	       976	80000f60	ffb58593	addi	x11,x11,-5	 x11:0x00000007 x11=0x00000002
        9785000	       977	80000f64	4257fd13	andi	x26,x15,1061	 x15:0xfffffff1 x26=0x00000421
        9795000	       978	80000f68	ffd5f8e3	bgeu	x11,x29,80000f58	 x11:0x00000002 x29:0x00000007
        9805000	       979	80000f6c	12faa017	auipc	x0,0x12faa	
        9815000	       980	80000f70	01b766b3	or	x13,x14,x27	 x14:0x00000005 x27:0x00000000 x13=0x00000005
        9825000	       981	80000f74	fa776ae3	bltu	x14,x7,80000f28	 x14:0x00000005  x7:0x00000012
        9835000	       982	00000000	00000013	addi	x0,x0,0	  x0:0x00000000
        9845000	       983	80000f24	00000013	addi	x0,x0,0	  x0:0x00000000
        9855000	       984	80000f28	3ac6bc93	sltiu	x25,x13,940	 x13:0x00000005 x25=0x00000001
        9865000	       985	80000f2c	00729d13	slli	x26,x5,0x7	  x5:0x00000001 x26=0x00000080
        9875000	       986	80000f30	01201a13	slli	x20,x0,0x12	  x0:0x00000000 x20=0x00000000
        9885000	       987	80000f34	00970713	addi	x14,x14,9	 x14:0x00000005 x14=0x0000000e
        9895000	       988	80000f38	015d4d93	xori	x27,x26,21	 x26:0x00000080 x27=0x00000095
        9905000	       989	80000f3c	00000013	addi	x0,x0,0	  x0:0x00000000
        9915000	       990	80000f40	00689d33	sll	x26,x17,x6	 x17:0x80009fc4  x6:0xfffff97a x26=0x10000000
        9925000	       991	80000f44	00700593	addi	x11,x0,7	  x0:0x00000000 x11=0x00000007
        9935000	       992	80000f48	0149d813	srli	x16,x19,0x14	 x19:0xfffffc3b x16=0x00000fff
        9945000	       993	80000f4c	00700e93	addi	x29,x0,7	  x0:0x00000000 x29=0x00000007
        9955000	       994	80000f50	01039193	slli	x3,x7,0x10	  x7:0x00000012  x3=0x00120000
        9965000	       995	80000f54	68a34313	xori	x6,x6,1674	  x6:0xfffff97a  x6=0xfffffff0
        9975000	       996	80000f58	00d8bdb3	sltu	x27,x17,x13	 x17:0x80009fc4 x13:0x00000005 x27=0x00000000
        9985000	       997	80000f5c	01a8df33	srl	x30,x17,x26	 x17:0x80009fc4 x26:0x10000000 x30=0x80009fc4
        9995000	       998	80000f60	ffb58593	addi	x11,x11,-5	 x11:0x00000007 x11=0x00000002
       10005000	       999	80000f64	4257fd13	andi	x26,x15,1061	 x15:0xfffffff1 x26=0x00000421
       10015000	      1000	80000f68	ffd5f8e3	bgeu	x11,x29,80000f58	 x11:0x00000002 x29:0x00000007
       10025000	      1001	80000f6c	12faa017	auipc	x0,0x12faa	
       10035000	      1002	80000f70	01b766b3	or	x13,x14,x27	 x14:0x0000000e x27:0x00000000 x13=0x0000000e
       10045000	      1003	80000f74	fa776ae3	bltu	x14,x7,80000f28	 x14:0x0000000e  x7:0x00000012
       10055000	      1004	00000000	00000013	addi	x0,x0,0	  x0:0x00000000
       10065000	      1005	80000f24	00000013	addi	x0,x0,0	  x0:0x00000000
       10075000	      1006	80000f28	3ac6bc93	sltiu	x25,x13,940	 x13:0x0000000e x25=0x00000001
       10085000	      1007	80000f2c	00729d13	slli	x26,x5,0x7	  x5:0x00000001 x26=0x00000080
       10095000	      1008	80000f30	01201a13	slli	x20,x0,0x12	  x0:0x00000000 x20=0x00000000
       10105000	      1009	80000f34	00970713	addi	x14,x14,9	 x14:0x0000000e x14=0x00000017
       10115000	      1010	80000f38	015d4d93	xori	x27,x26,21	 x26:0x00000080 x27=0x00000095
       10125000	      1011	80000f3c	00000013	addi	x0,x0,0	  x0:0x00000000
       10135000	      1012	80000f40	00689d33	sll	x26,x17,x6	 x17:0x80009fc4  x6:0xfffffff0 x26=0x9fc40000
       10145000	      1013	80000f44	00700593	addi	x11,x0,7	  x0:0x00000000 x11=0x00000007
       10155000	      1014	80000f48	0149d813	srli	x16,x19,0x14	 x19:0xfffffc3b x16=0x00000fff
       10165000	      1015	80000f4c	00700e93	addi	x29,x0,7	  x0:0x00000000 x29=0x00000007
       10175000	      1016	80000f50	01039193	slli	x3,x7,0x10	  x7:0x00000012  x3=0x00120000
       10185000	      1017	80000f54	68a34313	xori	x6,x6,1674	  x6:0xfffffff0  x6=0xfffff97a
       10195000	      1018	80000f58	00d8bdb3	sltu	x27,x17,x13	 x17:0x80009fc4 x13:0x0000000e x27=0x00000000
       10205000	      1019	80000f5c	01a8df33	srl	x30,x17,x26	 x17:0x80009fc4 x26:0x9fc40000 x30=0x80009fc4
       10215000	      1020	80000f60	ffb58593	addi	x11,x11,-5	 x11:0x00000007 x11=0x00000002
       10225000	      1021	80000f64	4257fd13	andi	x26,x15,1061	 x15:0xfffffff1 x26=0x00000421
       10235000	      1022	80000f68	ffd5f8e3	bgeu	x11,x29,80000f58	 x11:0x00000002 x29:0x00000007
       10245000	      1023	80000f6c	12faa017	auipc	x0,0x12faa	
       10255000	      1024	80000f70	01b766b3	or	x13,x14,x27	 x14:0x00000017 x27:0x00000000 x13=0x00000017
       10265000	      1025	80000f74	fa776ae3	bltu	x14,x7,80000f28	 x14:0x00000017  x7:0x00000012
       10275000	      1026	80000f78	b6297b93	andi	x23,x18,-1182	 x18:0x00000000 x23=0x00000000
       10285000	      1027	80000f7c	00a00593	addi	x11,x0,10	  x0:0x00000000 x11=0x0000000a
       10295000	      1028	80000f80	00a00713	addi	x14,x0,10	  x0:0x00000000 x14=0x0000000a
       10305000	      1029	80000f84	00616233	or	x4,x2,x6	  x2:0x00000000  x6:0xfffff97a  x4=0xfffff97a
       10315000	      1030	80000f88	ff758593	addi	x11,x11,-9	 x11:0x0000000a x11=0x00000001
       10325000	      1031	80000f8c	ff900c93	addi	x25,x0,-7	  x0:0x00000000 x25=0xfffffff9
       10335000	      1032	80000f90	00100d93	addi	x27,x0,1	  x0:0x00000000 x27=0x00000001
       10345000	      1033	80000f94	111f7913	andi	x18,x30,273	 x30:0x80009fc4 x18=0x00000100
       10355000	      1034	80000f98	004c8c93	addi	x25,x25,4	 x25:0xfffffff9 x25=0xfffffffd
       10365000	      1035	80000f9c	ffbc9ce3	bne	x25,x27,80000f94	 x25:0xfffffffd x27:0x00000001
       10375000	      1036	00000000	00000013	addi	x0,x0,0	  x0:0x00000000
       10385000	      1037	80000f90	00000013	addi	x0,x0,0	  x0:0x00000000
       10395000	      1038	80000f94	111f7913	andi	x18,x30,273	 x30:0x80009fc4 x18=0x00000100
       10405000	      1039	80000f98	004c8c93	addi	x25,x25,4	 x25:0xfffffffd x25=0x00000001
       10415000	      1040	80000f9c	ffbc9ce3	bne	x25,x27,80000f94	 x25:0x00000001 x27:0x00000001
       10425000	      1041	80000fa0	fee5f2e3	bgeu	x11,x14,80000f84	 x11:0x00000001 x14:0x0000000a
       10435000	      1042	80000fa4	0062e4b3	or	x9,x5,x6	  x5:0x00000001  x6:0xfffff97a  x9=0xfffff97b
       10445000	      1043	80000fa8	00200093	addi	x1,x0,2	  x0:0x00000000  x1=0x00000002
       10455000	      1044	80000fac	6c415a37	lui	x20,0x6c415	 x20=0x6c415000
       10465000	      1045	80000fb0	01000713	addi	x14,x0,16	  x0:0x00000000 x14=0x00000010
       10475000	      1046	80000fb4	41d18333	sub	x6,x3,x29	  x3:0x00120000 x29:0x00000007  x6=0x0011fff9
       10485000	      1047	80000fb8	794ccf37	lui	x30,0x794cc	 x30=0x794cc000
       10495000	      1048	80000fbc	00227533	and	x10,x4,x2	  x4:0xfffff97a  x2:0x00000000 x10=0x00000000
       10505000	      1049	80000fc0	001cc633	xor	x12,x25,x1	 x25:0x00000001  x1:0x00000002 x12=0x00000003
       10515000	      1050	80000fc4	00208093	addi	x1,x1,2	  x1:0x00000002  x1=0x00000004
       10525000	      1051	80000fc8	00a5dc33	srl	x24,x11,x10	 x11:0x00000001 x10:0x00000000 x24=0x00000001
       10535000	      1052	80000fcc	0074a9b3	slt	x19,x9,x7	  x9:0xfffff97b  x7:0x00000012 x19=0x00000001
       10545000	      1053	80000fd0	00e25e93	srli	x29,x4,0xe	  x4:0xfffff97a x29=0x0003ffff
       10555000	      1054	80000fd4	00b36db3	or	x27,x6,x11	  x6:0x0011fff9 x11:0x00000001 x27=0x0011fff9
       10565000	      1055	80000fd8	35587813	andi	x16,x16,853	 x16:0x00000fff x16=0x00000355
       10575000	      1056	80000fdc	413055b3	sra	x11,x0,x19	  x0:0x00000000 x19:0x00000001 x11=0x00000000
       10585000	      1057	80000fe0	fee0e0e3	bltu	x1,x14,80000fc0	  x1:0x00000004 x14:0x00000010
       10595000	      1058	00000000	00000013	addi	x0,x0,0	  x0:0x00000000
       10605000	      1059	80000fbc	00000013	addi	x0,x0,0	  x0:0x00000000
       10615000	      1060	80000fc0	001cc633	xor	x12,x25,x1	 x25:0x00000001  x1:0x00000004 x12=0x00000005
       10625000	      1061	80000fc4	00208093	addi	x1,x1,2	  x1:0x00000004  x1=0x00000006
       10635000	      1062	80000fc8	00a5dc33	srl	x24,x11,x10	 x11:0x00000000 x10:0x00000000 x24=0x00000000
       10645000	      1063	80000fcc	0074a9b3	slt	x19,x9,x7	  x9:0xfffff97b  x7:0x00000012 x19=0x00000001
       10655000	      1064	80000fd0	00e25e93	srli	x29,x4,0xe	  x4:0xfffff97a x29=0x0003ffff
       10665000	      1065	80000fd4	00b36db3	or	x27,x6,x11	  x6:0x0011fff9 x11:0x00000000 x27=0x0011fff9
       10675000	      1066	80000fd8	35587813	andi	x16,x16,853	 x16:0x00000355 x16=0x00000355
       10685000	      1067	80000fdc	413055b3	sra	x11,x0,x19	  x0:0x00000000 x19:0x00000001 x11=0x00000000
       10695000	      1068	80000fe0	fee0e0e3	bltu	x1,x14,80000fc0	  x1:0x00000006 x14:0x00000010
       10705000	      1069	00000000	00000013	addi	x0,x0,0	  x0:0x00000000
       10715000	      1070	80000fbc	00000013	addi	x0,x0,0	  x0:0x00000000
       10725000	      1071	80000fc0	001cc633	xor	x12,x25,x1	 x25:0x00000001  x1:0x00000006 x12=0x00000007
       10735000	      1072	80000fc4	00208093	addi	x1,x1,2	  x1:0x00000006  x1=0x00000008
       10745000	      1073	80000fc8	00a5dc33	srl	x24,x11,x10	 x11:0x00000000 x10:0x00000000 x24=0x00000000
       10755000	      1074	80000fcc	0074a9b3	slt	x19,x9,x7	  x9:0xfffff97b  x7:0x00000012 x19=0x00000001
       10765000	      1075	80000fd0	00e25e93	srli	x29,x4,0xe	  x4:0xfffff97a x29=0x0003ffff
       10775000	      1076	80000fd4	00b36db3	or	x27,x6,x11	  x6:0x0011fff9 x11:0x00000000 x27=0x0011fff9
       10785000	      1077	80000fd8	35587813	andi	x16,x16,853	 x16:0x00000355 x16=0x00000355
       10795000	      1078	80000fdc	413055b3	sra	x11,x0,x19	  x0:0x00000000 x19:0x00000001 x11=0x00000000
       10805000	      1079	80000fe0	fee0e0e3	bltu	x1,x14,80000fc0	  x1:0x00000008 x14:0x00000010
       10815000	      1080	00000000	00000013	addi	x0,x0,0	  x0:0x00000000
       10825000	      1081	80000fbc	00000013	addi	x0,x0,0	  x0:0x00000000
       10835000	      1082	80000fc0	001cc633	xor	x12,x25,x1	 x25:0x00000001  x1:0x00000008 x12=0x00000009
       10845000	      1083	80000fc4	00208093	addi	x1,x1,2	  x1:0x00000008  x1=0x0000000a
       10855000	      1084	80000fc8	00a5dc33	srl	x24,x11,x10	 x11:0x00000000 x10:0x00000000 x24=0x00000000
       10865000	      1085	80000fcc	0074a9b3	slt	x19,x9,x7	  x9:0xfffff97b  x7:0x00000012 x19=0x00000001
       10875000	      1086	80000fd0	00e25e93	srli	x29,x4,0xe	  x4:0xfffff97a x29=0x0003ffff
       10885000	      1087	80000fd4	00b36db3	or	x27,x6,x11	  x6:0x0011fff9 x11:0x00000000 x27=0x0011fff9
       10895000	      1088	80000fd8	35587813	andi	x16,x16,853	 x16:0x00000355 x16=0x00000355
       10905000	      1089	80000fdc	413055b3	sra	x11,x0,x19	  x0:0x00000000 x19:0x00000001 x11=0x00000000
       10915000	      1090	80000fe0	fee0e0e3	bltu	x1,x14,80000fc0	  x1:0x0000000a x14:0x00000010
       10925000	      1091	00000000	00000013	addi	x0,x0,0	  x0:0x00000000
       10935000	      1092	80000fbc	00000013	addi	x0,x0,0	  x0:0x00000000
       10945000	      1093	80000fc0	001cc633	xor	x12,x25,x1	 x25:0x00000001  x1:0x0000000a x12=0x0000000b
       10955000	      1094	80000fc4	00208093	addi	x1,x1,2	  x1:0x0000000a  x1=0x0000000c
       10965000	      1095	80000fc8	00a5dc33	srl	x24,x11,x10	 x11:0x00000000 x10:0x00000000 x24=0x00000000
       10975000	      1096	80000fcc	0074a9b3	slt	x19,x9,x7	  x9:0xfffff97b  x7:0x00000012 x19=0x00000001
       10985000	      1097	80000fd0	00e25e93	srli	x29,x4,0xe	  x4:0xfffff97a x29=0x0003ffff
       10995000	      1098	80000fd4	00b36db3	or	x27,x6,x11	  x6:0x0011fff9 x11:0x00000000 x27=0x0011fff9
       11005000	      1099	80000fd8	35587813	andi	x16,x16,853	 x16:0x00000355 x16=0x00000355
       11015000	      1100	80000fdc	413055b3	sra	x11,x0,x19	  x0:0x00000000 x19:0x00000001 x11=0x00000000
       11025000	      1101	80000fe0	fee0e0e3	bltu	x1,x14,80000fc0	  x1:0x0000000c x14:0x00000010
       11035000	      1102	00000000	00000013	addi	x0,x0,0	  x0:0x00000000
       11045000	      1103	80000fbc	00000013	addi	x0,x0,0	  x0:0x00000000
       11055000	      1104	80000fc0	001cc633	xor	x12,x25,x1	 x25:0x00000001  x1:0x0000000c x12=0x0000000d
       11065000	      1105	80000fc4	00208093	addi	x1,x1,2	  x1:0x0000000c  x1=0x0000000e
       11075000	      1106	80000fc8	00a5dc33	srl	x24,x11,x10	 x11:0x00000000 x10:0x00000000 x24=0x00000000
       11085000	      1107	80000fcc	0074a9b3	slt	x19,x9,x7	  x9:0xfffff97b  x7:0x00000012 x19=0x00000001
       11095000	      1108	80000fd0	00e25e93	srli	x29,x4,0xe	  x4:0xfffff97a x29=0x0003ffff
       11105000	      1109	80000fd4	00b36db3	or	x27,x6,x11	  x6:0x0011fff9 x11:0x00000000 x27=0x0011fff9
       11115000	      1110	80000fd8	35587813	andi	x16,x16,853	 x16:0x00000355 x16=0x00000355
       11125000	      1111	80000fdc	413055b3	sra	x11,x0,x19	  x0:0x00000000 x19:0x00000001 x11=0x00000000
       11135000	      1112	80000fe0	fee0e0e3	bltu	x1,x14,80000fc0	  x1:0x0000000e x14:0x00000010
       11145000	      1113	00000000	00000013	addi	x0,x0,0	  x0:0x00000000
       11155000	      1114	80000fbc	00000013	addi	x0,x0,0	  x0:0x00000000
       11165000	      1115	80000fc0	001cc633	xor	x12,x25,x1	 x25:0x00000001  x1:0x0000000e x12=0x0000000f
       11175000	      1116	80000fc4	00208093	addi	x1,x1,2	  x1:0x0000000e  x1=0x00000010
       11185000	      1117	80000fc8	00a5dc33	srl	x24,x11,x10	 x11:0x00000000 x10:0x00000000 x24=0x00000000
       11195000	      1118	80000fcc	0074a9b3	slt	x19,x9,x7	  x9:0xfffff97b  x7:0x00000012 x19=0x00000001
       11205000	      1119	80000fd0	00e25e93	srli	x29,x4,0xe	  x4:0xfffff97a x29=0x0003ffff
       11215000	      1120	80000fd4	00b36db3	or	x27,x6,x11	  x6:0x0011fff9 x11:0x00000000 x27=0x0011fff9
       11225000	      1121	80000fd8	35587813	andi	x16,x16,853	 x16:0x00000355 x16=0x00000355
       11235000	      1122	80000fdc	413055b3	sra	x11,x0,x19	  x0:0x00000000 x19:0x00000001 x11=0x00000000
       11245000	      1123	80000fe0	fee0e0e3	bltu	x1,x14,80000fc0	  x1:0x00000010 x14:0x00000010
       11255000	      1124	80000fe4	015b7433	and	x8,x22,x21	 x22:0xfffffd8a x21:0xfffffa34  x8=0xfffff800
       11265000	      1125	80000fe8	00900193	addi	x3,x0,9	  x0:0x00000000  x3=0x00000009
       11275000	      1126	80000fec	419d8933	sub	x18,x27,x25	 x27:0x0011fff9 x25:0x00000001 x18=0x0011fff8
       11285000	      1127	80000ff0	40d7d413	srai	x8,x15,0xd	 x15:0xfffffff1  x8=0xffffffff
       11295000	      1128	80000ff4	014879b3	and	x19,x16,x20	 x16:0x00000355 x20:0x6c415000 x19=0x00000000
       11305000	      1129	80000ff8	00f00693	addi	x13,x0,15	  x0:0x00000000 x13=0x0000000f
       11315000	      1130	80000ffc	d864e613	ori	x12,x9,-634	  x9:0xfffff97b x12=0xfffffdff
       11325000	      1131	80001000	01902233	slt	x4,x0,x25	  x0:0x00000000 x25:0x00000001  x4=0x00000001
       11335000	      1132	80001004	00618193	addi	x3,x3,6	  x3:0x00000009  x3=0x0000000f
       11345000	      1133	80001008	00000293	addi	x5,x0,0	  x0:0x00000000  x5=0x00000000
       11355000	      1134	8000100c	00300c93	addi	x25,x0,3	  x0:0x00000000 x25=0x00000003
       11365000	      1135	80001010	3a248837	lui	x16,0x3a248	 x16=0x3a248000
       11375000	      1136	80001014	01a45413	srli	x8,x8,0x1a	  x8:0xffffffff  x8=0x0000003f
       11385000	      1137	80001018	0109b233	sltu	x4,x19,x16	 x19:0x00000000 x16:0x3a248000  x4=0x00000001
       11395000	      1138	8000101c	008e5b13	srli	x22,x28,0x8	 x28:0x80009f34 x22=0x0080009f
       11405000	      1139	80001020	00228293	addi	x5,x5,2	  x5:0x00000000  x5=0x00000002
       11415000	      1140	80001024	3fb20097	auipc	x1,0x3fb20	  x1=0xbfb21020
       11425000	      1141	80001028	72d10b97	auipc	x23,0x72d10	 x23=0xf2d11024
       11435000	      1142	8000102c	ff92e6e3	bltu	x5,x25,80001018	  x5:0x00000002 x25:0x00000003
       11445000	      1143	00000000	00000013	addi	x0,x0,0	  x0:0x00000000
       11455000	      1144	80001014	00000013	addi	x0,x0,0	  x0:0x00000000
       11465000	      1145	80001018	0109b233	sltu	x4,x19,x16	 x19:0x00000000 x16:0x3a248000  x4=0x00000001
       11475000	      1146	8000101c	008e5b13	srli	x22,x28,0x8	 x28:0x80009f34 x22=0x0080009f
       11485000	      1147	80001020	00228293	addi	x5,x5,2	  x5:0x00000002  x5=0x00000004
       11495000	      1148	80001024	3fb20097	auipc	x1,0x3fb20	  x1=0xbfb21020
       11505000	      1149	80001028	72d10b97	auipc	x23,0x72d10	 x23=0xf2d11024
       11515000	      1150	8000102c	ff92e6e3	bltu	x5,x25,80001018	  x5:0x00000004 x25:0x00000003
       11525000	      1151	80001030	0054cbb3	xor	x23,x9,x5	  x9:0xfffff97b  x5:0x00000004 x23=0xfffff97f
       11535000	      1152	80001034	fcd194e3	bne	x3,x13,80000ffc	  x3:0x0000000f x13:0x0000000f
       11545000	      1153	80001038	018affb3	and	x31,x21,x24	 x21:0xfffffa34 x24:0x00000000 x31=0x00000000
       11555000	      1154	8000103c	ff900213	addi	x4,x0,-7	  x0:0x00000000  x4=0xfffffff9
       11565000	      1155	80001040	1be1c393	xori	x7,x3,446	  x3:0x0000000f  x7=0x000001b1
       11575000	      1156	80001044	d0838293	addi	x5,x7,-760	  x7:0x000001b1  x5=0xfffffeb9
       11585000	      1157	80001048	603d3513	sltiu	x10,x26,1539	 x26:0x00000421 x10=0x00000001
       11595000	      1158	8000104c	0003b0b3	sltu	x1,x7,x0	  x7:0x000001b1  x0:0x00000000  x1=0x00000000
       11605000	      1159	80001050	d72c0b13	addi	x22,x24,-654	 x24:0x00000000 x22=0xfffffd72
       11615000	      1160	80001054	01351c33	sll	x24,x10,x19	 x10:0x00000001 x19:0x00000000 x24=0x00000001
       11625000	      1161	80001058	00300613	addi	x12,x0,3	  x0:0x00000000 x12=0x00000003
       11635000	      1162	8000105c	00000013	addi	x0,x0,0	  x0:0x00000000
       11645000	      1163	80001060	00000013	addi	x0,x0,0	  x0:0x00000000
       11655000	      1164	80001064	99d18793	addi	x15,x3,-1635	  x3:0x0000000f x15=0xfffff9ac
       11665000	      1165	80001068	013b9db3	sll	x27,x23,x19	 x23:0xfffff97f x19:0x00000000 x27=0xfffff97f
       11675000	      1166	8000106c	019c1d93	slli	x27,x24,0x19	 x24:0x00000001 x27=0x02000000
       11685000	      1167	80001070	0064d937	lui	x18,0x64d	 x18=0x0064d000
       11695000	      1168	80001074	009eec33	or	x24,x29,x9	 x29:0x0003ffff  x9:0xfffff97b x24=0xffffffff
       11705000	      1169	80001078	01c31733	sll	x14,x6,x28	  x6:0x0011fff9 x28:0x80009f34 x14=0xff900000
       11715000	      1170	8000107c	419f5533	sra	x10,x30,x25	 x30:0x794cc000 x25:0x00000003 x10=0x0f299800
       11725000	      1171	80001080	afbc6393	ori	x7,x24,-1285	 x24:0xffffffff  x7=0xffffffff
       11735000	      1172	80001084	00720213	addi	x4,x4,7	  x4:0xfffffff9  x4=0x00000000
       11745000	      1173	80001088	fa980f93	addi	x31,x16,-87	 x16:0x3a248000 x31=0x3a247fa9
       11755000	      1174	8000108c	01a19093	slli	x1,x3,0x1a	  x3:0x0000000f  x1=0x3c000000
       11765000	      1175	80001090	fec260e3	bltu	x4,x12,80001070	  x4:0x00000000 x12:0x00000003
       11775000	      1176	00000000	00000013	addi	x0,x0,0	  x0:0x00000000
       11785000	      1177	8000106c	00000013	addi	x0,x0,0	  x0:0x00000000
       11795000	      1178	80001070	0064d937	lui	x18,0x64d	 x18=0x0064d000
       11805000	      1179	80001074	009eec33	or	x24,x29,x9	 x29:0x0003ffff  x9:0xfffff97b x24=0xffffffff
       11815000	      1180	80001078	01c31733	sll	x14,x6,x28	  x6:0x0011fff9 x28:0x80009f34 x14=0xff900000
       11825000	      1181	8000107c	419f5533	sra	x10,x30,x25	 x30:0x794cc000 x25:0x00000003 x10=0x0f299800
       11835000	      1182	80001080	afbc6393	ori	x7,x24,-1285	 x24:0xffffffff  x7=0xffffffff
       11845000	      1183	80001084	00720213	addi	x4,x4,7	  x4:0x00000000  x4=0x00000007
       11855000	      1184	80001088	fa980f93	addi	x31,x16,-87	 x16:0x3a248000 x31=0x3a247fa9
       11865000	      1185	8000108c	01a19093	slli	x1,x3,0x1a	  x3:0x0000000f  x1=0x3c000000
       11875000	      1186	80001090	fec260e3	bltu	x4,x12,80001070	  x4:0x00000007 x12:0x00000003
       11885000	      1187	80001094	01458cb3	add	x25,x11,x20	 x11:0x00000000 x20:0x6c415000 x25=0x6c415000
       11895000	      1188	80001098	5e382c13	slti	x24,x16,1507	 x16:0x3a248000 x24=0x00000000
       11905000	      1189	8000109c	00b75033	srl	x0,x14,x11	 x14:0xff900000 x11:0x00000000
       11915000	      1190	800010a0	0064b833	sltu	x16,x9,x6	  x9:0xfffff97b  x6:0x0011fff9 x16=0x00000000
       11925000	      1191	800010a4	2e252693	slti	x13,x10,738	 x10:0x0f299800 x13=0x00000000
       11935000	      1192	800010a8	00dfbbb3	sltu	x23,x31,x13	 x31:0x3a247fa9 x13:0x00000000 x23=0x00000000
       11945000	      1193	800010ac	05576c13	ori	x24,x14,85	 x14:0xff900000 x24=0xff900055
       11955000	      1194	800010b0	016555b3	srl	x11,x10,x22	 x10:0x0f299800 x22:0xfffffd72 x11=0x000003ca
       11965000	      1195	800010b4	010d7733	and	x14,x26,x16	 x26:0x00000421 x16:0x00000000 x14=0x00000000
       11975000	      1196	800010b8	28ef5e97	auipc	x29,0x28ef5	 x29=0xa8ef60b4
       11985000	      1197	800010bc	012a5033	srl	x0,x20,x18	 x20:0x6c415000 x18:0x0064d000
       11995000	      1198	800010c0	41e7d813	srai	x16,x15,0x1e	 x15:0xfffff9ac x16=0xffffffff
       12005000	      1199	800010c4	010b9693	slli	x13,x23,0x10	 x23:0x00000000 x13=0x00000000
       12015000	      1200	800010c8	587f3413	sltiu	x8,x30,1415	 x30:0x794cc000  x8=0x00000000
       12025000	      1201	800010cc	02991c63	bne	x18,x9,80001104	 x18:0x0064d000  x9:0xfffff97b
       12035000	      1202	00000000	00000013	addi	x0,x0,0	  x0:0x00000000
       12045000	      1203	80001100	00000013	addi	x0,x0,0	  x0:0x00000000
       12055000	      1204	80001104	e007f813	andi	x16,x15,-512	 x15:0xfffff9ac x16=0xfffff800
       12065000	      1205	80001108	00faec63	bltu	x21,x15,80001120	 x21:0xfffffa34 x15:0xfffff9ac
       12075000	      1206	8000110c	cb86da37	lui	x20,0xcb86d	 x20=0xcb86d000
       12085000	      1207	80001110	011b0733	add	x14,x22,x17	 x22:0xfffffd72 x17:0x80009fc4 x14=0x80009d36
       12095000	      1208	80001114	03ce4e63	blt	x28,x28,80001150	 x28:0x80009f34 x28:0x80009f34
       12105000	      1209	80001118	001e1493	slli	x9,x28,0x1	 x28:0x80009f34  x9=0x00013e68
       12115000	      1210	8000111c	40c35d93	srai	x27,x6,0xc	  x6:0x0011fff9 x27=0x0000011f
       12125000	      1211	80001120	007051b3	srl	x3,x0,x7	  x0:0x00000000  x7:0xffffffff  x3=0x00000000
       12135000	      1212	80001124	aafef693	andi	x13,x29,-1361	 x29:0xa8ef60b4 x13=0xa8ef60a4
       12145000	      1213	80001128	00000013	addi	x0,x0,0	  x0:0x00000000
       12155000	      1214	8000112c	001f4db3	xor	x27,x30,x1	 x30:0x794cc000  x1:0x3c000000 x27=0x454cc000
       12165000	      1215	80001130	0154da33	srl	x20,x9,x21	  x9:0x00013e68 x21:0xfffffa34 x20=0x00000000
       12175000	      1216	80001134	0037d693	srli	x13,x15,0x3	 x15:0xfffff9ac x13=0x1fffff35
       12185000	      1217	80001138	252fc837	lui	x16,0x252fc	 x16=0x252fc000
       12195000	      1218	8000113c	40380033	sub	x0,x16,x3	 x16:0x252fc000  x3:0x00000000
       12205000	      1219	80001140	4fb9a493	slti	x9,x19,1275	 x19:0x00000000  x9=0x00000001
       12215000	      1220	80001144	b785fd13	andi	x26,x11,-1160	 x11:0x000003ca x26=0x00000348
       12225000	      1221	80001148	409cd533	sra	x10,x25,x9	 x25:0x6c415000  x9:0x00000001 x10=0x3620a800
       12235000	      1222	8000114c	40c35093	srai	x1,x6,0xc	  x6:0x0011fff9  x1=0x0000011f
       12245000	      1223	80001150	023c9663	bne	x25,x3,8000117c	 x25:0x6c415000  x3:0x00000000
       12255000	      1224	00000000	00000013	addi	x0,x0,0	  x0:0x00000000
       12265000	      1225	80001178	00000013	addi	x0,x0,0	  x0:0x00000000
       12275000	      1226	8000117c	00cb9ab3	sll	x21,x23,x12	 x23:0x00000000 x12:0x00000003 x21=0x00000000
       12285000	      1227	80001180	01e935b3	sltu	x11,x18,x30	 x18:0x0064d000 x30:0x794cc000 x11=0x00000001
       12295000	      1228	80001184	c9d9c813	xori	x16,x19,-867	 x19:0x00000000 x16=0xfffffc9d
       12305000	      1229	80001188	3775ad97	auipc	x27,0x3775a	 x27=0xb775b184
       12315000	      1230	8000118c	00000013	addi	x0,x0,0	  x0:0x00000000
       12325000	      1231	80001190	00df9793	slli	x15,x31,0xd	 x31:0x3a247fa9 x15=0x8ff52000
       12335000	      1232	80001194	01fd7033	and	x0,x26,x31	 x26:0x00000348 x31:0x3a247fa9
       12345000	      1233	80001198	0067b833	sltu	x16,x15,x6	 x15:0x8ff52000  x6:0x0011fff9 x16=0x00000000
       12355000	      1234	8000119c	418f5d33	sra	x26,x30,x24	 x30:0x794cc000 x24:0xff900055 x26=0x000003ca
       12365000	      1235	800011a0	01639613	slli	x12,x7,0x16	  x7:0xffffffff x12=0xffc00000
       12375000	      1236	800011a4	40460d33	sub	x26,x12,x4	 x12:0xffc00000  x4:0x00000007 x26=0xffbffff9
       12385000	      1237	800011a8	0005b4b3	sltu	x9,x11,x0	 x11:0x00000001  x0:0x00000000  x9=0x00000000
       12395000	      1238	800011ac	019c0933	add	x18,x24,x25	 x24:0xff900055 x25:0x6c415000 x18=0x6bd15055
       12405000	      1239	800011b0	2e600937	lui	x18,0x2e600	 x18=0x2e600000
       12415000	      1240	800011b4	01b8e233	or	x4,x17,x27	 x17:0x80009fc4 x27:0xb775b184  x4=0xb775bfc4
       12425000	      1241	800011b8	01a49ab3	sll	x21,x9,x26	  x9:0x00000000 x26:0xffbffff9 x21=0x00000000
       12435000	      1242	800011bc	019b1833	sll	x16,x22,x25	 x22:0xfffffd72 x25:0x6c415000 x16=0xfffffd72
       12445000	      1243	800011c0	c3e1cb93	xori	x23,x3,-962	  x3:0x00000000 x23=0xfffffc3e
       12455000	      1244	800011c4	00a78fb3	add	x31,x15,x10	 x15:0x8ff52000 x10:0x3620a800 x31=0xc615c800
       12465000	      1245	800011c8	00000013	addi	x0,x0,0	  x0:0x00000000
       12475000	      1246	800011cc	d612f613	andi	x12,x5,-671	  x5:0xfffffeb9 x12=0xfffffc21
       12485000	      1247	800011d0	8f11ec13	ori	x24,x3,-1807	  x3:0x00000000 x24=0xfffff8f1
       12495000	      1248	800011d4	00d10863	beq	x2,x13,800011e4	  x2:0x00000000 x13:0x1fffff35
       12505000	      1249	800011d8	12e98ab7	lui	x21,0x12e98	 x21=0x12e98000
       12515000	      1250	800011dc	4f872093	slti	x1,x14,1272	 x14:0x80009d36  x1=0x00000001
       12525000	      1251	800011e0	01a11cb3	sll	x25,x2,x26	  x2:0x00000000 x26:0xffbffff9 x25=0x00000000
       12535000	      1252	800011e4	41e00cb3	sub	x25,x0,x30	  x0:0x00000000 x30:0x794cc000 x25=0x86b34000
       12545000	      1253	800011e8	0328ec63	bltu	x17,x18,80001220	 x17:0x80009fc4 x18:0x2e600000
       12555000	      1254	800011ec	018d2333	slt	x6,x26,x24	 x26:0xffbffff9 x24:0xfffff8f1  x6=0x00000001
       12565000	      1255	800011f0	2cd64c13	xori	x24,x12,717	 x12:0xfffffc21 x24=0xfffffeec
       12575000	      1256	800011f4	011c9b13	slli	x22,x25,0x11	 x25:0x86b34000 x22=0x80000000
       12585000	      1257	800011f8	05cd9663	bne	x27,x28,80001244	 x27:0xb775b184 x28:0x80009f34
       12595000	      1258	00000000	00000013	addi	x0,x0,0	  x0:0x00000000
       12605000	      1259	80001240	00000013	addi	x0,x0,0	  x0:0x00000000
       12615000	      1260	80001244	0188cd33	xor	x26,x17,x24	 x17:0x80009fc4 x24:0xfffffeec x26=0x7fff6128
       12625000	      1261	80001248	41a8d493	srai	x9,x17,0x1a	 x17:0x80009fc4  x9=0xffffffe0
       12635000	      1262	8000124c	01bb9c93	slli	x25,x23,0x1b	 x23:0xfffffc3e x25=0xf0000000
       12645000	      1263	80001250	40e4d233	sra	x4,x9,x14	  x9:0xffffffe0 x14:0x80009d36  x4=0xffffffff
       12655000	      1264	80001254	00000013	addi	x0,x0,0	  x0:0x00000000
       12665000	      1265	80001258	02d48663	beq	x9,x13,80001284	  x9:0xffffffe0 x13:0x1fffff35
       12675000	      1266	8000125c	01815713	srli	x14,x2,0x18	  x2:0x00000000 x14=0x00000000
       12685000	      1267	80001260	03c9f463	bgeu	x19,x28,80001288	 x19:0x00000000 x28:0x80009f34
       12695000	      1268	80001264	015332b3	sltu	x5,x6,x21	  x6:0x00000001 x21:0x12e98000  x5=0x00000001
       12705000	      1269	80001268	01685ab3	srl	x21,x16,x22	 x16:0xfffffd72 x22:0x80000000 x21=0xfffffd72
       12715000	      1270	8000126c	00926a33	or	x20,x4,x9	  x4:0xffffffff  x9:0xffffffe0 x20=0xffffffff
       12725000	      1271	80001270	00edfa33	and	x20,x27,x14	 x27:0xb775b184 x14:0x00000000 x20=0x00000000
       12735000	      1272	80001274	410e8533	sub	x10,x29,x16	 x29:0xa8ef60b4 x16:0xfffffd72 x10=0xa8ef6342
       12745000	      1273	80001278	e9f60a13	addi	x20,x12,-353	 x12:0xfffffc21 x20=0xfffffac0
       12755000	      1274	8000127c	014e5db3	srl	x27,x28,x20	 x28:0x80009f34 x20:0xfffffac0 x27=0x80009f34
       12765000	      1275	80001280	02d84c63	blt	x16,x13,800012b8	 x16:0xfffffd72 x13:0x1fffff35
       12775000	      1276	00000000	00000013	addi	x0,x0,0	  x0:0x00000000
       12785000	      1277	800012b4	00000013	addi	x0,x0,0	  x0:0x00000000
       12795000	      1278	800012b8	47d65937	lui	x18,0x47d65	 x18=0x47d65000
       12805000	      1279	800012bc	245acd93	xori	x27,x21,581	 x21:0xfffffd72 x27=0xffffff37
       12815000	      1280	800012c0	00ec06b3	add	x13,x24,x14	 x24:0xfffffeec x14:0x00000000 x13=0xfffffeec
       12825000	      1281	800012c4	00000013	addi	x0,x0,0	  x0:0x00000000
       12835000	      1282	800012c8	7f2ca093	slti	x1,x25,2034	 x25:0xf0000000  x1=0x00000001
       12845000	      1283	800012cc	00000013	addi	x0,x0,0	  x0:0x00000000
       12855000	      1284	800012d0	ebf4a913	slti	x18,x9,-321	  x9:0xffffffe0 x18=0x00000000
       12865000	      1285	800012d4	000869b3	or	x19,x16,x0	 x16:0xfffffd72  x0:0x00000000 x19=0xfffffd72
       12875000	      1286	800012d8	0003fc33	and	x24,x7,x0	  x7:0xffffffff  x0:0x00000000 x24=0x00000000
       12885000	      1287	800012dc	403706b3	sub	x13,x14,x3	 x14:0x00000000  x3:0x00000000 x13=0x00000000
       12895000	      1288	800012e0	98ad7193	andi	x3,x26,-1654	 x26:0x7fff6128  x3=0x7fff6108
       12905000	      1289	800012e4	418184b3	sub	x9,x3,x24	  x3:0x7fff6108 x24:0x00000000  x9=0x7fff6108
       12915000	      1290	800012e8	02439463	bne	x7,x4,80001310	  x7:0xffffffff  x4:0xffffffff
       12925000	      1291	800012ec	0325d663	bge	x11,x18,80001318	 x11:0x00000001 x18:0x00000000
       12935000	      1292	00000000	00000013	addi	x0,x0,0	  x0:0x00000000
       12945000	      1293	80001314	00000013	addi	x0,x0,0	  x0:0x00000000
       12955000	      1294	80001318	08f2de63	bge	x5,x15,800013b4	  x5:0x00000001 x15:0x8ff52000
       12965000	      1295	00000000	00000013	addi	x0,x0,0	  x0:0x00000000
       12975000	      1296	800013b0	00000013	addi	x0,x0,0	  x0:0x00000000
       12985000	      1297	800013b4	16cb3f17	auipc	x30,0x16cb3	 x30=0x96cb43b0
       12995000	      1298	800013b8	001237b3	sltu	x15,x4,x1	  x4:0xffffffff  x1:0x00000001 x15=0x00000000
       13005000	      1299	800013bc	5d61eb93	ori	x23,x3,1494	  x3:0x7fff6108 x23=0x7fff65de
       13015000	      1300	800013c0	04398463	beq	x19,x3,80001408	 x19:0xfffffd72  x3:0x7fff6108
       13025000	      1301	800013c4	40bb0a33	sub	x20,x22,x11	 x22:0x80000000 x11:0x00000001 x20=0x7fffffff
       13035000	      1302	800013c8	36db4917	auipc	x18,0x36db4	 x18=0xb6db53c4
       13045000	      1303	800013cc	014ad093	srli	x1,x21,0x14	 x21:0xfffffd72  x1=0x00000fff
       13055000	      1304	800013d0	0159a4b3	slt	x9,x19,x21	 x19:0xfffffd72 x21:0xfffffd72  x9=0x00000000
       13065000	      1305	800013d4	013bd093	srli	x1,x23,0x13	 x23:0x7fff65de  x1=0x00000fff
       13075000	      1306	800013d8	001be333	or	x6,x23,x1	 x23:0x7fff65de  x1:0x00000fff  x6=0x7fff6fff
       13085000	      1307	800013dc	00da2333	slt	x6,x20,x13	 x20:0x7fffffff x13:0x00000000  x6=0x00000000
       13095000	      1308	800013e0	01e07663	bgeu	x0,x30,800013ec	  x0:0x00000000 x30:0x96cb43b0
       13105000	      1309	800013e4	023d8c63	beq	x27,x3,8000141c	 x27:0xffffff37  x3:0x7fff6108
       13115000	      1310	800013e8	da3784b7	lui	x9,0xda378	  x9=0xda378000
       13125000	      1311	800013ec	0388f463	bgeu	x17,x24,80001414	 x17:0x80009fc4 x24:0x00000000
       13135000	      1312	00000000	00000013	addi	x0,x0,0	  x0:0x00000000
       13145000	      1313	80001410	00000013	addi	x0,x0,0	  x0:0x00000000
       13155000	      1314	80001414	00205d33	srl	x26,x0,x2	  x0:0x00000000  x2:0x00000000 x26=0x00000000
       13165000	      1315	80001418	404b84b3	sub	x9,x23,x4	 x23:0x7fff65de  x4:0xffffffff  x9=0x7fff65df
       13175000	      1316	8000141c	05770863	beq	x14,x23,8000146c	 x14:0x00000000 x23:0x7fff65de
       13185000	      1317	80001420	00926263	bltu	x4,x9,80001424	  x4:0xffffffff  x9:0x7fff65df
       13195000	      1318	80001424	00671493	slli	x9,x14,0x6	 x14:0x00000000  x9=0x00000000
       13205000	      1319	80001428	c169e193	ori	x3,x19,-1002	 x19:0xfffffd72  x3=0xfffffd76
       13215000	      1320	8000142c	017b1593	slli	x11,x22,0x17	 x22:0x80000000 x11=0x00000000
       13225000	      1321	80001430	d80df713	andi	x14,x27,-640	 x27:0xffffff37 x14=0xfffffd00
       13235000	      1322	80001434	0170d3b3	srl	x7,x1,x23	  x1:0x00000fff x23:0x7fff65de  x7=0x00000000
       13245000	      1323	80001438	00f58c63	beq	x11,x15,80001450	 x11:0x00000000 x15:0x00000000
       13255000	      1324	00000000	00000013	addi	x0,x0,0	  x0:0x00000000
       13265000	      1325	8000144c	00000013	addi	x0,x0,0	  x0:0x00000000
       13275000	      1326	80001450	008db433	sltu	x8,x27,x8	 x27:0xffffff37  x8:0x00000000  x8=0x00000000
       13285000	      1327	80001454	4ec3f193	andi	x3,x7,1260	  x7:0x00000000  x3=0x00000000
       13295000	      1328	80001458	86007637	lui	x12,0x86007	 x12=0x86007000
       13305000	      1329	8000145c	00f9edb3	or	x27,x19,x15	 x19:0xfffffd72 x15:0x00000000 x27=0xfffffd72
       13315000	      1330	80001460	03e00263	beq	x0,x30,80001484	  x0:0x00000000 x30:0x96cb43b0
       13325000	      1331	80001464	0116b033	sltu	x0,x13,x17	 x13:0x00000000 x17:0x80009fc4
       13335000	      1332	80001468	0073a1b3	slt	x3,x7,x7	  x7:0x00000000  x7:0x00000000  x3=0x00000000
       13345000	      1333	8000146c	7ea82737	lui	x14,0x7ea82	 x14=0x7ea82000
       13355000	      1334	80001470	406ad6b3	sra	x13,x21,x6	 x21:0xfffffd72  x6:0x00000000 x13=0xfffffd72
       13365000	      1335	80001474	4b263e93	sltiu	x29,x12,1202	 x12:0x86007000 x29=0x00000000
       13375000	      1336	80001478	00055193	srli	x3,x10,0x0	 x10:0xa8ef6342  x3=0xa8ef6342
       13385000	      1337	8000147c	02775863	bge	x14,x7,800014ac	 x14:0x7ea82000  x7:0x00000000
       13395000	      1338	00000000	00000013	addi	x0,x0,0	  x0:0x00000000
       13405000	      1339	800014a8	00000013	addi	x0,x0,0	  x0:0x00000000
       13415000	      1340	800014ac	7efe6413	ori	x8,x28,2031	 x28:0x80009f34  x8=0x80009fff
       13425000	      1341	800014b0	1c4d4013	xori	x0,x26,452	 x26:0x00000000
       13435000	      1342	800014b4	40005d13	srai	x26,x0,0x0	  x0:0x00000000 x26=0x00000000
       13445000	      1343	800014b8	010d33b3	sltu	x7,x26,x16	 x26:0x00000000 x16:0xfffffd72  x7=0x00000001
       13455000	      1344	800014bc	006d6433	or	x8,x26,x6	 x26:0x00000000  x6:0x00000000  x8=0x00000000
       13465000	      1345	800014c0	01f1a933	slt	x18,x3,x31	  x3:0xa8ef6342 x31:0xc615c800 x18=0x00000001
       13475000	      1346	800014c4	a1403d93	sltiu	x27,x0,-1516	  x0:0x00000000 x27=0x00000001
       13485000	      1347	800014c8	02ac6863	bltu	x24,x10,800014f8	 x24:0x00000000 x10:0xa8ef6342
       13495000	      1348	00000000	00000013	addi	x0,x0,0	  x0:0x00000000
       13505000	      1349	800014f4	00000013	addi	x0,x0,0	  x0:0x00000000
       13515000	      1350	800014f8	00459a13	slli	x20,x11,0x4	 x11:0x00000000 x20=0x00000000
       13525000	      1351	800014fc	41560fb3	sub	x31,x12,x21	 x12:0x86007000 x21:0xfffffd72 x31=0x8600728e
       13535000	      1352	80001500	40395b33	sra	x22,x18,x3	 x18:0x00000001  x3:0xa8ef6342 x22=0x00000000
       13545000	      1353	80001504	015fefb3	or	x31,x31,x21	 x31:0x8600728e x21:0xfffffd72 x31=0xfffffffe
       13555000	      1354	80001508	003f6733	or	x14,x30,x3	 x30:0x96cb43b0  x3:0xa8ef6342 x14=0xbeef63f2
       13565000	      1355	8000150c	01610863	beq	x2,x22,8000151c	  x2:0x00000000 x22:0x00000000
       13575000	      1356	00000000	00000013	addi	x0,x0,0	  x0:0x00000000
       13585000	      1357	80001518	00000013	addi	x0,x0,0	  x0:0x00000000
       13595000	      1358	8000151c	00000013	addi	x0,x0,0	  x0:0x00000000
       13605000	      1359	80001520	40890933	sub	x18,x18,x8	 x18:0x00000001  x8:0x00000000 x18=0x00000001
       13615000	      1360	80001524	00d66633	or	x12,x12,x13	 x12:0x86007000 x13:0xfffffd72 x12=0xfffffd72
       13625000	      1361	80001528	00604a63	blt	x0,x6,8000153c	  x0:0x00000000  x6:0x00000000
       13635000	      1362	8000152c	a08afa13	andi	x20,x21,-1528	 x21:0xfffffd72 x20=0xfffff800
       13645000	      1363	80001530	031d5863	bge	x26,x17,80001560	 x26:0x00000000 x17:0x80009fc4
       13655000	      1364	00000000	00000013	addi	x0,x0,0	  x0:0x00000000
       13665000	      1365	8000155c	00000013	addi	x0,x0,0	  x0:0x00000000
       13675000	      1366	80001560	012341b3	xor	x3,x6,x18	  x6:0x00000000 x18:0x00000001  x3=0x00000001
       13685000	      1367	80001564	00515233	srl	x4,x2,x5	  x2:0x00000000  x5:0x00000001  x4=0x00000000
       13695000	      1368	80001568	005a9f13	slli	x30,x21,0x5	 x21:0xfffffd72 x30=0xffffae40
       13705000	      1369	8000156c	1c16cb93	xori	x23,x13,449	 x13:0xfffffd72 x23=0xfffffcb3
       13715000	      1370	80001570	e4be8413	addi	x8,x29,-437	 x29:0x00000000  x8=0xfffffe4b
       13725000	      1371	80001574	00455b33	srl	x22,x10,x4	 x10:0xa8ef6342  x4:0x00000000 x22=0xa8ef6342
       13735000	      1372	80001578	03926663	bltu	x4,x25,800015a4	  x4:0x00000000 x25:0xf0000000
       13745000	      1373	00000000	00000013	addi	x0,x0,0	  x0:0x00000000
       13755000	      1374	800015a0	00000013	addi	x0,x0,0	  x0:0x00000000
       13765000	      1375	800015a4	41bf5693	srai	x13,x30,0x1b	 x30:0xffffae40 x13=0xffffffff
       13775000	      1376	800015a8	01268863	beq	x13,x18,800015b8	 x13:0xffffffff x18:0x00000001
       13785000	      1377	800015ac	013a0a33	add	x20,x20,x19	 x20:0xfffff800 x19:0xfffffd72 x20=0xfffff572
       13795000	      1378	800015b0	8b2ec2b7	lui	x5,0x8b2ec	  x5=0x8b2ec000
       13805000	      1379	800015b4	0127e7b3	or	x15,x15,x18	 x15:0x00000000 x18:0x00000001 x15=0x00000001
       13815000	      1380	800015b8	03482713	slti	x14,x16,52	 x16:0xfffffd72 x14=0x00000001
       13825000	      1381	800015bc	41535eb3	sra	x29,x6,x21	  x6:0x00000000 x21:0xfffffd72 x29=0x00000000
       13835000	      1382	800015c0	d6b05697	auipc	x13,0xd6b05	 x13=0x56b065bc
       13845000	      1383	800015c4	005400b3	add	x1,x8,x5	  x8:0xfffffe4b  x5:0x8b2ec000  x1=0x8b2ebe4b
       13855000	      1384	800015c8	405fd933	sra	x18,x31,x5	 x31:0xfffffffe  x5:0x8b2ec000 x18=0xfffffffe
       13865000	      1385	800015cc	0188c233	xor	x4,x17,x24	 x17:0x80009fc4 x24:0x00000000  x4=0x80009fc4
       13875000	      1386	800015d0	01ed15b3	sll	x11,x26,x30	 x26:0x00000000 x30:0xffffae40 x11=0x00000000
       13885000	      1387	800015d4	01758463	beq	x11,x23,800015dc	 x11:0x00000000 x23:0xfffffcb3
       13895000	      1388	800015d8	41320c33	sub	x24,x4,x19	  x4:0x80009fc4 x19:0xfffffd72 x24=0x8000a252
       13905000	      1389	800015dc	05e87063	bgeu	x16,x30,8000161c	 x16:0xfffffd72 x30:0xffffae40
       13915000	      1390	00000000	00000013	addi	x0,x0,0	  x0:0x00000000
       13925000	      1391	80001618	00000013	addi	x0,x0,0	  x0:0x00000000
       13935000	      1392	8000161c	01091033	sll	x0,x18,x16	 x18:0xfffffffe x16:0xfffffd72
       13945000	      1393	80001620	00901c63	bne	x0,x9,80001638	  x0:0x00000000  x9:0x00000000
       13955000	      1394	80001624	00468263	beq	x13,x4,80001628	 x13:0x56b065bc  x4:0x80009fc4
       13965000	      1395	80001628	41d5d013	srai	x0,x11,0x1d	 x11:0x00000000
       13975000	      1396	8000162c	01d9b7b3	sltu	x15,x19,x29	 x19:0xfffffd72 x29:0x00000000 x15=0x00000000
       13985000	      1397	80001630	03618463	beq	x3,x22,80001658	  x3:0x00000001 x22:0xa8ef6342
       13995000	      1398	80001634	5c936993	ori	x19,x6,1481	  x6:0x00000000 x19=0x000005c9
       14005000	      1399	80001638	40de5fb3	sra	x31,x28,x13	 x28:0x80009f34 x13:0x56b065bc x31=0xfffffff8
       14015000	      1400	8000163c	401cd0b3	sra	x1,x25,x1	 x25:0xf0000000  x1:0x8b2ebe4b  x1=0xfffe0000
       14025000	      1401	80001640	03917863	bgeu	x2,x25,80001670	  x2:0x00000000 x25:0xf0000000
       14035000	      1402	80001644	0031b0b3	sltu	x1,x3,x3	  x3:0x00000001  x3:0x00000001  x1=0x00000000
       14045000	      1403	80001648	01939e93	slli	x29,x7,0x19	  x7:0x00000001 x29=0x02000000
       14055000	      1404	8000164c	41d056b3	sra	x13,x0,x29	  x0:0x00000000 x29:0x02000000 x13=0x00000000
       14065000	      1405	80001650	0231de63	bge	x3,x3,8000168c	  x3:0x00000001  x3:0x00000001
       14075000	      1406	00000000	00000013	addi	x0,x0,0	  x0:0x00000000
       14085000	      1407	80001688	00000013	addi	x0,x0,0	  x0:0x00000000
       14095000	      1408	8000168c	28fe3cb7	lui	x25,0x28fe3	 x25=0x28fe3000
       14105000	      1409	80001690	650a2293	slti	x5,x20,1616	 x20:0xfffff572  x5=0x00000001
       14115000	      1410	80001694	00000013	addi	x0,x0,0	  x0:0x00000000
       14125000	      1411	80001698	41f2d193	srai	x3,x5,0x1f	  x5:0x00000001  x3=0x00000000
       14135000	      1412	8000169c	0092a633	slt	x12,x5,x9	  x5:0x00000001  x9:0x00000000 x12=0x00000000
       14145000	      1413	800016a0	fe26bf93	sltiu	x31,x13,-30	 x13:0x00000000 x31=0x00000001
       14155000	      1414	800016a4	418d8633	sub	x12,x27,x24	 x27:0x00000001 x24:0x8000a252 x12=0x7fff5daf
       14165000	      1415	800016a8	0044deb3	srl	x29,x9,x4	  x9:0x00000000  x4:0x80009fc4 x29=0x00000000
       14175000	      1416	800016ac	0165d863	bge	x11,x22,800016bc	 x11:0x00000000 x22:0xa8ef6342
       14185000	      1417	00000000	00000013	addi	x0,x0,0	  x0:0x00000000
       14195000	      1418	800016b8	00000013	addi	x0,x0,0	  x0:0x00000000
       14205000	      1419	800016bc	030c6863	bltu	x24,x16,800016ec	 x24:0x8000a252 x16:0xfffffd72
       14215000	      1420	00000000	00000013	addi	x0,x0,0	  x0:0x00000000
       14225000	      1421	800016e8	00000013	addi	x0,x0,0	  x0:0x00000000
       14235000	      1422	800016ec	25f98d13	addi	x26,x19,607	 x19:0x000005c9 x26=0x00000828
       14245000	      1423	800016f0	00000013	addi	x0,x0,0	  x0:0x00000000
       14255000	      1424	800016f4	fb98e797	auipc	x15,0xfb98e	 x15=0x7b98f6f0
       14265000	      1425	800016f8	00000013	addi	x0,x0,0	  x0:0x00000000
       14275000	      1426	800016fc	002d6863	bltu	x26,x2,8000170c	 x26:0x00000828  x2:0x00000000
       14285000	      1427	80001700	03d39e63	bne	x7,x29,8000173c	  x7:0x00000001 x29:0x00000000
       14295000	      1428	00000000	00000013	addi	x0,x0,0	  x0:0x00000000
       14305000	      1429	80001738	00000013	addi	x0,x0,0	  x0:0x00000000
       14315000	      1430	8000173c	3d89ba13	sltiu	x20,x19,984	 x19:0x000005c9 x20=0x00000000
       14325000	      1431	80001740	01a3c663	blt	x7,x26,8000174c	  x7:0x00000001 x26:0x00000828
       14335000	      1432	00000000	00000013	addi	x0,x0,0	  x0:0x00000000
       14345000	      1433	80001748	00000013	addi	x0,x0,0	  x0:0x00000000
       14355000	      1434	8000174c	015a76b3	and	x13,x20,x21	 x20:0x00000000 x21:0xfffffd72 x13=0x00000000
       14365000	      1435	80001750	1d96e093	ori	x1,x13,473	 x13:0x00000000  x1=0x000001d9
       14375000	      1436	80001754	ea683037	lui	x0,0xea683	
       14385000	      1437	80001758	3dd40f93	addi	x31,x8,989	  x8:0xfffffe4b x31=0x00000228
       14395000	      1438	8000175c	006d8463	beq	x27,x6,80001764	 x27:0x00000001  x6:0x00000000
       14405000	      1439	80001760	6d88cd93	xori	x27,x17,1752	 x17:0x80009fc4 x27=0x8000991c
       14415000	      1440	80001764	00001d13	slli	x26,x0,0x0	  x0:0x00000000 x26=0x00000000
       14425000	      1441	80001768	03f30263	beq	x6,x31,8000178c	  x6:0x00000000 x31:0x00000228
       14435000	      1442	8000176c	03d65663	bge	x12,x29,80001798	 x12:0x7fff5daf x29:0x00000000
       14445000	      1443	00000000	00000013	addi	x0,x0,0	  x0:0x00000000
       14455000	      1444	80001794	00000013	addi	x0,x0,0	  x0:0x00000000
       14465000	      1445	80001798	01f2cc33	xor	x24,x5,x31	  x5:0x00000001 x31:0x00000228 x24=0x00000229
       14475000	      1446	8000179c	51046193	ori	x3,x8,1296	  x8:0xfffffe4b  x3=0xffffff5b
       14485000	      1447	800017a0	01c2b533	sltu	x10,x5,x28	  x5:0x00000001 x28:0x80009f34 x10=0x00000001
       14495000	      1448	800017a4	05cf4463	blt	x30,x28,800017ec	 x30:0xffffae40 x28:0x80009f34
       14505000	      1449	800017a8	419fd9b3	sra	x19,x31,x25	 x31:0x00000228 x25:0x28fe3000 x19=0x00000228
       14515000	      1450	800017ac	01ecf263	bgeu	x25,x30,800017b0	 x25:0x28fe3000 x30:0xffffae40
       14525000	      1451	800017b0	88e0ad93	slti	x27,x1,-1906	  x1:0x000001d9 x27=0x00000000
       14535000	      1452	800017b4	02cdce63	blt	x27,x12,800017f0	 x27:0x00000000 x12:0x7fff5daf
       14545000	      1453	00000000	00000013	addi	x0,x0,0	  x0:0x00000000
       14555000	      1454	800017ec	00000013	addi	x0,x0,0	  x0:0x00000000
       14565000	      1455	800017f0	40400033	sub	x0,x0,x4	  x0:0x00000000  x4:0x80009fc4
       14575000	      1456	800017f4	00932cb3	slt	x25,x6,x9	  x6:0x00000000  x9:0x00000000 x25=0x00000000
       14585000	      1457	800017f8	c6131b37	lui	x22,0xc6131	 x22=0xc6131000
       14595000	      1458	800017fc	01b62733	slt	x14,x12,x27	 x12:0x7fff5daf x27:0x00000000 x14=0x00000000
       14605000	      1459	80001800	03914663	blt	x2,x25,8000182c	  x2:0x00000000 x25:0x00000000
       14615000	      1460	80001804	03558463	beq	x11,x21,8000182c	 x11:0x00000000 x21:0xfffffd72
       14625000	      1461	80001808	00000013	addi	x0,x0,0	  x0:0x00000000
       14635000	      1462	8000180c	66bc5197	auipc	x3,0x66bc5	  x3=0xe6bc6808
       14645000	      1463	80001810	0118beb3	sltu	x29,x17,x17	 x17:0x80009fc4 x17:0x80009fc4 x29=0x00000000
       14655000	      1464	80001814	7fe40e97	auipc	x29,0x7fe40	 x29=0xffe41810
       14665000	      1465	80001818	01abd2b3	srl	x5,x23,x26	 x23:0xfffffcb3 x26:0x00000000  x5=0xfffffcb3
       14675000	      1466	8000181c	403cd7b3	sra	x15,x25,x3	 x25:0x00000000  x3:0xe6bc6808 x15=0x00000000
       14685000	      1467	80001820	00ac9613	slli	x12,x25,0xa	 x25:0x00000000 x12=0x00000000
       14695000	      1468	80001824	4006d813	srai	x16,x13,0x0	 x13:0x00000000 x16=0x00000000
       14705000	      1469	80001828	00941ab3	sll	x21,x8,x9	  x8:0xfffffe4b  x9:0x00000000 x21=0xfffffe4b
       14715000	      1470	8000182c	05170063	beq	x14,x17,8000186c	 x14:0x00000000 x17:0x80009fc4
       14725000	      1471	80001830	0189e3b3	or	x7,x19,x24	 x19:0x00000228 x24:0x00000229  x7=0x00000229
       14735000	      1472	80001834	5e0e4697	auipc	x13,0x5e0e4	 x13=0xde0e5830
       14745000	      1473	80001838	03b6d863	bge	x13,x27,80001868	 x13:0xde0e5830 x27:0x00000000
       14755000	      1474	8000183c	ff7c2f93	slti	x31,x24,-9	 x24:0x00000229 x31=0x00000000
       14765000	      1475	80001840	0067e4b3	or	x9,x15,x6	 x15:0x00000000  x6:0x00000000  x9=0x00000000
       14775000	      1476	80001844	00ea6f33	or	x30,x20,x14	 x20:0x00000000 x14:0x00000000 x30=0x00000000
       14785000	      1477	80001848	402ddb33	sra	x22,x27,x2	 x27:0x00000000  x2:0x00000000 x22=0x00000000
       14795000	      1478	8000184c	410fd033	sra	x0,x31,x16	 x31:0x00000000 x16:0x00000000
       14805000	      1479	80001850	01df96b3	sll	x13,x31,x29	 x31:0x00000000 x29:0xffe41810 x13=0x00000000
       14815000	      1480	80001854	007b2033	slt	x0,x22,x7	 x22:0x00000000  x7:0x00000229
       14825000	      1481	80001858	975b4097	auipc	x1,0x975b4	  x1=0x175b5854
       14835000	      1482	8000185c	415a80b3	sub	x1,x21,x21	 x21:0xfffffe4b x21:0xfffffe4b  x1=0x00000000
       14845000	      1483	80001860	00bb6b33	or	x22,x22,x11	 x22:0x00000000 x11:0x00000000 x22=0x00000000
       14855000	      1484	80001864	01b05a13	srli	x20,x0,0x1b	  x0:0x00000000 x20=0x00000000
       14865000	      1485	80001868	03ccfe63	bgeu	x25,x28,800018a4	 x25:0x00000000 x28:0x80009f34
       14875000	      1486	8000186c	00bffb33	and	x22,x31,x11	 x31:0x00000000 x11:0x00000000 x22=0x00000000
       14885000	      1487	80001870	68d1cf93	xori	x31,x3,1677	  x3:0xe6bc6808 x31=0xe6bc6e85
       14895000	      1488	80001874	004f5533	srl	x10,x30,x4	 x30:0x00000000  x4:0x80009fc4 x10=0x00000000
       14905000	      1489	80001878	416157b3	sra	x15,x2,x22	  x2:0x00000000 x22:0x00000000 x15=0x00000000
       14915000	      1490	8000187c	00684a33	xor	x20,x16,x6	 x16:0x00000000  x6:0x00000000 x20=0x00000000
       14925000	      1491	80001880	00781993	slli	x19,x16,0x7	 x16:0x00000000 x19=0x00000000
       14935000	      1492	80001884	018c7bb3	and	x23,x24,x24	 x24:0x00000229 x24:0x00000229 x23=0x00000229
       14945000	      1493	80001888	02837663	bgeu	x6,x8,800018b4	  x6:0x00000000  x8:0xfffffe4b
       14955000	      1494	8000188c	00354933	xor	x18,x10,x3	 x10:0x00000000  x3:0xe6bc6808 x18=0xe6bc6808
       14965000	      1495	80001890	04665863	bge	x12,x6,800018e0	 x12:0x00000000  x6:0x00000000
       14975000	      1496	00000000	00000013	addi	x0,x0,0	  x0:0x00000000
       14985000	      1497	800018dc	00000013	addi	x0,x0,0	  x0:0x00000000
       14995000	      1498	800018e0	028a4c63	blt	x20,x8,80001918	 x20:0x00000000  x8:0xfffffe4b
       15005000	      1499	800018e4	4021d793	srai	x15,x3,0x2	  x3:0xe6bc6808 x15=0xf9af1a02
       15015000	      1500	800018e8	01d3a2b3	slt	x5,x7,x29	  x7:0x00000229 x29:0xffe41810  x5=0x00000000
       15025000	      1501	800018ec	abf64d13	xori	x26,x12,-1345	 x12:0x00000000 x26=0xfffffabf
       15035000	      1502	800018f0	01173233	sltu	x4,x14,x17	 x14:0x00000000 x17:0x80009fc4  x4=0x00000001
       15045000	      1503	800018f4	5b5ffa13	andi	x20,x31,1461	 x31:0xe6bc6e85 x20=0x00000485
       15055000	      1504	800018f8	0241e063	bltu	x3,x4,80001918	  x3:0xe6bc6808  x4:0x00000001
       15065000	      1505	800018fc	00ab0eb3	add	x29,x22,x10	 x22:0x00000000 x10:0x00000000 x29=0x00000000
       15075000	      1506	80001900	025cc663	blt	x25,x5,8000192c	 x25:0x00000000  x5:0x00000000
       15085000	      1507	80001904	0375f463	bgeu	x11,x23,8000192c	 x11:0x00000000 x23:0x00000229
       15095000	      1508	80001908	00000013	addi	x0,x0,0	  x0:0x00000000
       15105000	      1509	8000190c	d4084613	xori	x12,x16,-704	 x16:0x00000000 x12=0xfffffd40
       15115000	      1510	80001910	01181693	slli	x13,x16,0x11	 x16:0x00000000 x13=0x00000000
       15125000	      1511	80001914	b0069237	lui	x4,0xb0069	  x4=0xb0069000
       15135000	      1512	80001918	01601913	slli	x18,x0,0x16	  x0:0x00000000 x18=0x00000000
       15145000	      1513	8000191c	012bd863	bge	x23,x18,8000192c	 x23:0x00000229 x18:0x00000000
       15155000	      1514	00000000	00000013	addi	x0,x0,0	  x0:0x00000000
       15165000	      1515	80001928	00000013	addi	x0,x0,0	  x0:0x00000000
       15175000	      1516	8000192c	41d3da13	srai	x20,x7,0x1d	  x7:0x00000229 x20=0x00000000
       15185000	      1517	80001930	00000013	addi	x0,x0,0	  x0:0x00000000
       15195000	      1518	80001934	7c2aaa93	slti	x21,x21,1986	 x21:0xfffffe4b x21=0x00000001
       15205000	      1519	80001938	03405863	bge	x0,x20,80001968	  x0:0x00000000 x20:0x00000000
       15215000	      1520	00000000	00000013	addi	x0,x0,0	  x0:0x00000000
       15225000	      1521	80001964	00000013	addi	x0,x0,0	  x0:0x00000000
       15235000	      1522	80001968	e399e237	lui	x4,0xe399e	  x4=0xe399e000
       15245000	      1523	8000196c	7a4a2c13	slti	x24,x20,1956	 x20:0x00000000 x24=0x00000001
       15255000	      1524	80001970	00000013	addi	x0,x0,0	  x0:0x00000000
       15265000	      1525	80001974	09ff7f93	andi	x31,x30,159	 x30:0x00000000 x31=0x00000000
       15275000	      1526	80001978	8a810313	addi	x6,x2,-1880	  x2:0x00000000  x6=0xfffff8a8
       15285000	      1527	8000197c	01459463	bne	x11,x20,80001984	 x11:0x00000000 x20:0x00000000
       15295000	      1528	80001980	b9954d93	xori	x27,x10,-1127	 x10:0x00000000 x27=0xfffffb99
       15305000	      1529	80001984	01176663	bltu	x14,x17,80001990	 x14:0x00000000 x17:0x80009fc4
       15315000	      1530	00000000	00000013	addi	x0,x0,0	  x0:0x00000000
       15325000	      1531	8000198c	00000013	addi	x0,x0,0	  x0:0x00000000
       15335000	      1532	80001990	0004ef33	or	x30,x9,x0	  x9:0x00000000  x0:0x00000000 x30=0x00000000
       15345000	      1533	80001994	40bd0ab3	sub	x21,x26,x11	 x26:0xfffffabf x11:0x00000000 x21=0xfffffabf
       15355000	      1534	80001998	01790db3	add	x27,x18,x23	 x18:0x00000000 x23:0x00000229 x27=0x00000229
       15365000	      1535	8000199c	414857b3	sra	x15,x16,x20	 x16:0x00000000 x20:0x00000000 x15=0x00000000
       15375000	      1536	800019a0	1c31a813	slti	x16,x3,451	  x3:0xe6bc6808 x16=0x00000001
       15385000	      1537	800019a4	03dc4663	blt	x24,x29,800019d0	 x24:0x00000001 x29:0x00000000
       15395000	      1538	800019a8	007fdeb3	srl	x29,x31,x7	 x31:0x00000000  x7:0x00000229 x29=0x00000000
       15405000	      1539	800019ac	00000013	addi	x0,x0,0	  x0:0x00000000
       15415000	      1540	800019b0	01c98333	add	x6,x19,x28	 x19:0x00000000 x28:0x80009f34  x6=0x80009f34
       15425000	      1541	800019b4	f6dbfc97	auipc	x25,0xf6dbf	 x25=0x76dc09b0
       15435000	      1542	800019b8	00cb3d33	sltu	x26,x22,x12	 x22:0x00000000 x12:0xfffffd40 x26=0x00000001
       15445000	      1543	800019bc	22b4c417	auipc	x8,0x22b4c	  x8=0xa2b4d9b8
       15455000	      1544	800019c0	01bb5593	srli	x11,x22,0x1b	 x22:0x00000000 x11=0x00000000
       15465000	      1545	800019c4	3c2ee593	ori	x11,x29,962	 x29:0x00000000 x11=0x000003c2
       15475000	      1546	800019c8	00b2fcb3	and	x25,x5,x11	  x5:0x00000000 x11:0x000003c2 x25=0x00000000
       15485000	      1547	800019cc	0116a7b3	slt	x15,x13,x17	 x13:0x00000000 x17:0x80009fc4 x15=0x00000000
       15495000	      1548	800019d0	01f8c033	xor	x0,x17,x31	 x17:0x80009fc4 x31:0x00000000
       15505000	      1549	800019d4	00000013	addi	x0,x0,0	  x0:0x00000000
       15515000	      1550	800019d8	0b867a63	bgeu	x12,x24,80001a8c	 x12:0xfffffd40 x24:0x00000001
       15525000	      1551	00000000	00000013	addi	x0,x0,0	  x0:0x00000000
       15535000	      1552	80001a88	00000013	addi	x0,x0,0	  x0:0x00000000
       15545000	      1553	80001a8c	00a16bb3	or	x23,x2,x10	  x2:0x00000000 x10:0x00000000 x23=0x00000000
       15555000	      1554	80001a90	0373e663	bltu	x7,x23,80001abc	  x7:0x00000229 x23:0x00000000
       15565000	      1555	80001a94	599a8d93	addi	x27,x21,1433	 x21:0xfffffabf x27=0x00000058
       15575000	      1556	80001a98	01786933	or	x18,x16,x23	 x16:0x00000001 x23:0x00000000 x18=0x00000001
       15585000	      1557	80001a9c	40515593	srai	x11,x2,0x5	  x2:0x00000000 x11=0x00000000
       15595000	      1558	80001aa0	12e9af13	slti	x30,x19,302	 x19:0x00000000 x30=0x00000001
       15605000	      1559	80001aa4	013535b3	sltu	x11,x10,x19	 x10:0x00000000 x19:0x00000000 x11=0x00000000
       15615000	      1560	80001aa8	00bb67b3	or	x15,x22,x11	 x22:0x00000000 x11:0x00000000 x15=0x00000000
       15625000	      1561	80001aac	006761b3	or	x3,x14,x6	 x14:0x00000000  x6:0x80009f34  x3=0x80009f34
       15635000	      1562	80001ab0	03045663	bge	x8,x16,80001adc	  x8:0xa2b4d9b8 x16:0x00000001
       15645000	      1563	80001ab4	bb037217	auipc	x4,0xbb037	  x4=0x3b038ab0
       15655000	      1564	80001ab8	768900b7	lui	x1,0x76890	  x1=0x76890000
       15665000	      1565	80001abc	17e18813	addi	x16,x3,382	  x3:0x80009f34 x16=0x8000a0b2
       15675000	      1566	80001ac0	404bdc93	srai	x25,x23,0x4	 x23:0x00000000 x25=0x00000000
       15685000	      1567	80001ac4	00c51c33	sll	x24,x10,x12	 x10:0x00000000 x12:0xfffffd40 x24=0x00000000
       15695000	      1568	80001ac8	65f53513	sltiu	x10,x10,1631	 x10:0x00000000 x10=0x00000001
       15705000	      1569	80001acc	411adeb3	sra	x29,x21,x17	 x21:0xfffffabf x17:0x80009fc4 x29=0xffffffab
       15715000	      1570	80001ad0	01548233	add	x4,x9,x21	  x9:0x00000000 x21:0xfffffabf  x4=0xfffffabf
       15725000	      1571	80001ad4	03d27e63	bgeu	x4,x29,80001b10	  x4:0xfffffabf x29:0xffffffab
       15735000	      1572	80001ad8	00000013	addi	x0,x0,0	  x0:0x00000000
       15745000	      1573	80001adc	00c110b3	sll	x1,x2,x12	  x2:0x00000000 x12:0xfffffd40  x1=0x00000000
       15755000	      1574	80001ae0	00191db3	sll	x27,x18,x1	 x18:0x00000001  x1:0x00000000 x27=0x00000001
       15765000	      1575	80001ae4	d259f393	andi	x7,x19,-731	 x19:0x00000000  x7=0x00000000
       15775000	      1576	80001ae8	019e5933	srl	x18,x28,x25	 x28:0x80009f34 x25:0x00000000 x18=0x80009f34
       15785000	      1577	80001aec	3e233493	sltiu	x9,x6,994	  x6:0x80009f34  x9=0x00000000
       15795000	      1578	80001af0	f8988393	addi	x7,x17,-119	 x17:0x80009fc4  x7=0x80009f4d
       15805000	      1579	80001af4	b75aef37	lui	x30,0xb75ae	 x30=0xb75ae000
       15815000	      1580	80001af8	012e5433	srl	x8,x28,x18	 x28:0x80009f34 x18:0x80009f34  x8=0x00000800
       15825000	      1581	80001afc	01badc93	srli	x25,x21,0x1b	 x21:0xfffffabf x25=0x0000001f
       15835000	      1582	80001b00	40d45f13	srai	x30,x8,0xd	  x8:0x00000800 x30=0x00000000
       15845000	      1583	80001b04	41bc06b3	sub	x13,x24,x27	 x24:0x00000000 x27:0x00000001 x13=0xffffffff
       15855000	      1584	80001b08	00b155b3	srl	x11,x2,x11	  x2:0x00000000 x11:0x00000000 x11=0x00000000
       15865000	      1585	80001b0c	01bb8863	beq	x23,x27,80001b1c	 x23:0x00000000 x27:0x00000001
       15875000	      1586	80001b10	99480c37	lui	x24,0x99480	 x24=0x99480000
       15885000	      1587	80001b14	00bd0d33	add	x26,x26,x11	 x26:0x00000001 x11:0x00000000 x26=0x00000001
       15895000	      1588	80001b18	0189c3b3	xor	x7,x19,x24	 x19:0x00000000 x24:0x99480000  x7=0x99480000
       15905000	      1589	80001b1c	031f7c63	bgeu	x30,x17,80001b54	 x30:0x00000000 x17:0x80009fc4
       15915000	      1590	80001b20	d572e793	ori	x15,x5,-681	  x5:0x00000000 x15=0xfffffd57
       15925000	      1591	80001b24	00413533	sltu	x10,x2,x4	  x2:0x00000000  x4:0xfffffabf x10=0x00000001
       15935000	      1592	80001b28	00000013	addi	x0,x0,0	  x0:0x00000000
       15945000	      1593	80001b2c	b10b3913	sltiu	x18,x22,-1264	 x22:0x00000000 x18=0x00000001
       15955000	      1594	80001b30	04879663	bne	x15,x8,80001b7c	 x15:0xfffffd57  x8:0x00000800
       15965000	      1595	00000000	00000013	addi	x0,x0,0	  x0:0x00000000
       15975000	      1596	80001b78	00000013	addi	x0,x0,0	  x0:0x00000000
       15985000	      1597	80001b7c	01e58863	beq	x11,x30,80001b8c	 x11:0x00000000 x30:0x00000000
       15995000	      1598	00000000	00000013	addi	x0,x0,0	  x0:0x00000000
       16005000	      1599	80001b88	00000013	addi	x0,x0,0	  x0:0x00000000
       16015000	      1600	80001b8c	01b61d33	sll	x26,x12,x27	 x12:0xfffffd40 x27:0x00000001 x26=0xfffffa80
       16025000	      1601	80001b90	04a64f13	xori	x30,x12,74	 x12:0xfffffd40 x30=0xfffffd0a
       16035000	      1602	80001b94	02807463	bgeu	x0,x8,80001bbc	  x0:0x00000000  x8:0x00000800
       16045000	      1603	80001b98	008fe263	bltu	x31,x8,80001b9c	 x31:0x00000000  x8:0x00000800
       16055000	      1604	00000000	00000013	addi	x0,x0,0	  x0:0x00000000
       16065000	      1605	80001b98	00000013	addi	x0,x0,0	  x0:0x00000000
       16075000	      1606	80001b9c	00000013	addi	x0,x0,0	  x0:0x00000000
       16085000	      1607	80001ba0	00970863	beq	x14,x9,80001bb0	 x14:0x00000000  x9:0x00000000
       16095000	      1608	00000000	00000013	addi	x0,x0,0	  x0:0x00000000
       16105000	      1609	80001bac	00000013	addi	x0,x0,0	  x0:0x00000000
       16115000	      1610	80001bb0	05fdf863	bgeu	x27,x31,80001c00	 x27:0x00000001 x31:0x00000000
       16125000	      1611	00000000	00000013	addi	x0,x0,0	  x0:0x00000000
       16135000	      1612	80001bfc	00000013	addi	x0,x0,0	  x0:0x00000000
       16145000	      1613	80001c00	009a95b3	sll	x11,x21,x9	 x21:0xfffffabf  x9:0x00000000 x11=0xfffffabf
       16155000	      1614	80001c04	00000013	addi	x0,x0,0	  x0:0x00000000
       16165000	      1615	80001c08	00689c33	sll	x24,x17,x6	 x17:0x80009fc4  x6:0x80009f34 x24=0xfc400000
       16175000	      1616	80001c0c	217a8613	addi	x12,x21,535	 x21:0xfffffabf x12=0xfffffcd6
       16185000	      1617	80001c10	00159a13	slli	x20,x11,0x1	 x11:0xfffffabf x20=0xfffff57e
       16195000	      1618	80001c14	4100d0b3	sra	x1,x1,x16	  x1:0x00000000 x16:0x8000a0b2  x1=0x00000000
       16205000	      1619	80001c18	00e702b3	add	x5,x14,x14	 x14:0x00000000 x14:0x00000000  x5=0x00000000
       16215000	      1620	80001c1c	00c45993	srli	x19,x8,0xc	  x8:0x00000800 x19=0x00000000
       16225000	      1621	80001c20	322ccf13	xori	x30,x25,802	 x25:0x0000001f x30=0x0000033d
       16235000	      1622	80001c24	005c4bb3	xor	x23,x24,x5	 x24:0xfc400000  x5:0x00000000 x23=0xfc400000
       16245000	      1623	80001c28	41245fb3	sra	x31,x8,x18	  x8:0x00000800 x18:0x00000001 x31=0x00000400
       16255000	      1624	80001c2c	58c7e493	ori	x9,x15,1420	 x15:0xfffffd57  x9=0xfffffddf
       16265000	      1625	80001c30	014292b3	sll	x5,x5,x20	  x5:0x00000000 x20:0xfffff57e  x5=0x00000000
       16275000	      1626	80001c34	00617bb3	and	x23,x2,x6	  x2:0x00000000  x6:0x80009f34 x23=0x00000000
       16285000	      1627	80001c38	38c13a13	sltiu	x20,x2,908	  x2:0x00000000 x20=0x00000001
       16295000	      1628	80001c3c	00a44033	xor	x0,x8,x10	  x8:0x00000800 x10:0x00000001
       16305000	      1629	80001c40	0029eeb3	or	x29,x19,x2	 x19:0x00000000  x2:0x00000000 x29=0x00000000
       16315000	      1630	80001c44	00b3f863	bgeu	x7,x11,80001c54	  x7:0x99480000 x11:0xfffffabf
       16325000	      1631	80001c48	0500c863	blt	x1,x16,80001c98	  x1:0x00000000 x16:0x8000a0b2
       16335000	      1632	80001c4c	01347933	and	x18,x8,x19	  x8:0x00000800 x19:0x00000000 x18=0x00000000
       16345000	      1633	80001c50	1d7cb537	lui	x10,0x1d7cb	 x10=0x1d7cb000
       16355000	      1634	80001c54	a5524493	xori	x9,x4,-1451	  x4:0xfffffabf  x9=0x000000ea
       16365000	      1635	80001c58	411352b3	sra	x5,x6,x17	  x6:0x80009f34 x17:0x80009fc4  x5=0xf80009f3
       16375000	      1636	80001c5c	034d4c63	blt	x26,x20,80001c94	 x26:0xfffffa80 x20:0x00000001
       16385000	      1637	00000000	00000013	addi	x0,x0,0	  x0:0x00000000
       16395000	      1638	80001c90	00000013	addi	x0,x0,0	  x0:0x00000000
       16405000	      1639	80001c94	037f7263	bgeu	x30,x23,80001cb8	 x30:0x0000033d x23:0x00000000
       16415000	      1640	00000000	00000013	addi	x0,x0,0	  x0:0x00000000
       16425000	      1641	80001cb4	00000013	addi	x0,x0,0	  x0:0x00000000
       16435000	      1642	80001cb8	00186463	bltu	x16,x1,80001cc0	 x16:0x8000a0b2  x1:0x00000000
       16445000	      1643	80001cbc	ed1b7693	andi	x13,x22,-303	 x22:0x00000000 x13=0x00000000
       16455000	      1644	80001cc0	00ba56b3	srl	x13,x20,x11	 x20:0x00000001 x11:0xfffffabf x13=0x00000000
       16465000	      1645	80001cc4	01e48663	beq	x9,x30,80001cd0	  x9:0x000000ea x30:0x0000033d
       16475000	      1646	80001cc8	61a2cc37	lui	x24,0x61a2c	 x24=0x61a2c000
       16485000	      1647	80001ccc	04e80a13	addi	x20,x16,78	 x16:0x8000a0b2 x20=0x8000a100
       16495000	      1648	80001cd0	1a044f93	xori	x31,x8,416	  x8:0x00000800 x31=0x000009a0
       16505000	      1649	80001cd4	008febb3	or	x23,x31,x8	 x31:0x000009a0  x8:0x00000800 x23=0x000009a0
       16515000	      1650	80001cd8	409bdab3	sra	x21,x23,x9	 x23:0x000009a0  x9:0x000000ea x21=0x00000002
       16525000	      1651	80001cdc	01939d33	sll	x26,x7,x25	  x7:0x99480000 x25:0x0000001f x26=0x00000000
       16535000	      1652	80001ce0	085e4bb7	lui	x23,0x85e4	 x23=0x085e4000
       16545000	      1653	80001ce4	05e2c063	blt	x5,x30,80001d24	  x5:0xf80009f3 x30:0x0000033d
       16555000	      1654	00000000	00000013	addi	x0,x0,0	  x0:0x00000000
       16565000	      1655	80001d20	00000013	addi	x0,x0,0	  x0:0x00000000
       16575000	      1656	80001d24	a68fecb7	lui	x25,0xa68fe	 x25=0xa68fe000
       16585000	      1657	80001d28	41c65ab3	sra	x21,x12,x28	 x12:0xfffffcd6 x28:0x80009f34 x21=0xffffffff
       16595000	      1658	80001d2c	00f8e863	bltu	x17,x15,80001d3c	 x17:0x80009fc4 x15:0xfffffd57
       16605000	      1659	00000000	00000013	addi	x0,x0,0	  x0:0x00000000
       16615000	      1660	80001d38	00000013	addi	x0,x0,0	  x0:0x00000000
       16625000	      1661	80001d3c	01c1a4b3	slt	x9,x3,x28	  x3:0x80009f34 x28:0x80009f34  x9=0x00000000
       16635000	      1662	80001d40	98406e93	ori	x29,x0,-1660	  x0:0x00000000 x29=0xfffff984
       16645000	      1663	80001d44	2c0dfb93	andi	x23,x27,704	 x27:0x00000001 x23=0x00000000
       16655000	      1664	80001d48	2b16bf13	sltiu	x30,x13,689	 x13:0x00000000 x30=0x00000001
       16665000	      1665	80001d4c	007bd663	bge	x23,x7,80001d58	 x23:0x00000000  x7:0x99480000
       16675000	      1666	00000000	00000013	addi	x0,x0,0	  x0:0x00000000
       16685000	      1667	80001d54	00000013	addi	x0,x0,0	  x0:0x00000000
       16695000	      1668	80001d58	41675db3	sra	x27,x14,x22	 x14:0x00000000 x22:0x00000000 x27=0x00000000
       16705000	      1669	80001d5c	023afc63	bgeu	x21,x3,80001d94	 x21:0xffffffff  x3:0x80009f34
       16715000	      1670	00000000	00000013	addi	x0,x0,0	  x0:0x00000000
       16725000	      1671	80001d90	00000013	addi	x0,x0,0	  x0:0x00000000
       16735000	      1672	80001d94	03dd4e63	blt	x26,x29,80001dd0	 x26:0x00000000 x29:0xfffff984
       16745000	      1673	80001d98	01a324b3	slt	x9,x6,x26	  x6:0x80009f34 x26:0x00000000  x9=0x00000001
       16755000	      1674	80001d9c	028e0463	beq	x28,x8,80001dc4	 x28:0x80009f34  x8:0x00000800
       16765000	      1675	80001da0	4123d3b3	sra	x7,x7,x18	  x7:0x99480000 x18:0x00000000  x7=0x99480000
       16775000	      1676	80001da4	01ce8263	beq	x29,x28,80001da8	 x29:0xfffff984 x28:0x80009f34
       16785000	      1677	80001da8	f052e913	ori	x18,x5,-251	  x5:0xf80009f3 x18=0xfffffff7
       16795000	      1678	80001dac	cbe0a013	slti	x0,x1,-834	  x1:0x00000000
       16805000	      1679	80001db0	e20efc93	andi	x25,x29,-480	 x29:0xfffff984 x25=0xfffff800
       16815000	      1680	80001db4	4ae33db7	lui	x27,0x4ae33	 x27=0x4ae33000
       16825000	      1681	80001db8	800d40b7	lui	x1,0x800d4	  x1=0x800d4000
       16835000	      1682	80001dbc	01d872b3	and	x5,x16,x29	 x16:0x8000a0b2 x29:0xfffff984  x5=0x8000a080
       16845000	      1683	80001dc0	04bf5063	bge	x30,x11,80001e00	 x30:0x00000001 x11:0xfffffabf
       16855000	      1684	00000000	00000013	addi	x0,x0,0	  x0:0x00000000
       16865000	      1685	80001dfc	00000013	addi	x0,x0,0	  x0:0x00000000
       16875000	      1686	80001e00	00f61733	sll	x14,x12,x15	 x12:0xfffffcd6 x15:0xfffffd57 x14=0x6b000000
       16885000	      1687	80001e04	02a26663	bltu	x4,x10,80001e30	  x4:0xfffffabf x10:0x1d7cb000
       16895000	      1688	80001e08	0a5f4f93	xori	x31,x30,165	 x30:0x00000001 x31=0x000000a4
       16905000	      1689	80001e0c	01eb81b3	add	x3,x23,x30	 x23:0x00000000 x30:0x00000001  x3=0x00000001
       16915000	      1690	80001e10	78d6f393	andi	x7,x13,1933	 x13:0x00000000  x7=0x00000000
       16925000	      1691	80001e14	015b5a93	srli	x21,x22,0x15	 x22:0x00000000 x21=0x00000000
       16935000	      1692	80001e18	00000013	addi	x0,x0,0	  x0:0x00000000
       16945000	      1693	80001e1c	16a32c37	lui	x24,0x16a32	 x24=0x16a32000
       16955000	      1694	80001e20	00ae9863	bne	x29,x10,80001e30	 x29:0xfffff984 x10:0x1d7cb000
       16965000	      1695	00000000	00000013	addi	x0,x0,0	  x0:0x00000000
       16975000	      1696	80001e2c	00000013	addi	x0,x0,0	  x0:0x00000000
       16985000	      1697	80001e30	762ea193	slti	x3,x29,1890	 x29:0xfffff984  x3=0x00000001
       16995000	      1698	80001e34	6d7bfd93	andi	x27,x23,1751	 x23:0x00000000 x27=0x00000000
       17005000	      1699	80001e38	011c5863	bge	x24,x17,80001e48	 x24:0x16a32000 x17:0x80009fc4
       17015000	      1700	00000000	00000013	addi	x0,x0,0	  x0:0x00000000
       17025000	      1701	80001e44	00000013	addi	x0,x0,0	  x0:0x00000000
       17035000	      1702	80001e48	e6a48613	addi	x12,x9,-406	  x9:0x00000001 x12=0xfffffe6b
       17045000	      1703	80001e4c	1fb1a713	slti	x14,x3,507	  x3:0x00000001 x14=0x00000001
       17055000	      1704	80001e50	01205013	srli	x0,x0,0x12	  x0:0x00000000
       17065000	      1705	80001e54	03231063	bne	x6,x18,80001e74	  x6:0x80009f34 x18:0xfffffff7
       17075000	      1706	00000000	00000013	addi	x0,x0,0	  x0:0x00000000
       17085000	      1707	80001e70	00000013	addi	x0,x0,0	  x0:0x00000000
       17095000	      1708	80001e74	414a5d93	srai	x27,x20,0x14	 x20:0x8000a100 x27=0xfffff800
       17105000	      1709	80001e78	00bd0463	beq	x26,x11,80001e80	 x26:0x00000000 x11:0xfffffabf
       17115000	      1710	80001e7c	039cdc63	bge	x25,x25,80001eb4	 x25:0xfffff800 x25:0xfffff800
       17125000	      1711	00000000	00000013	addi	x0,x0,0	  x0:0x00000000
       17135000	      1712	80001eb0	00000013	addi	x0,x0,0	  x0:0x00000000
       17145000	      1713	80001eb4	01004933	xor	x18,x0,x16	  x0:0x00000000 x16:0x8000a0b2 x18=0x8000a0b2
       17155000	      1714	80001eb8	c46f8993	addi	x19,x31,-954	 x31:0x000000a4 x19=0xfffffcea
       17165000	      1715	80001ebc	7eefb693	sltiu	x13,x31,2030	 x31:0x000000a4 x13=0x00000001
       17175000	      1716	80001ec0	41f6c513	xori	x10,x13,1055	 x13:0x00000001 x10=0x0000041e
       17185000	      1717	80001ec4	7bcc7a13	andi	x20,x24,1980	 x24:0x16a32000 x20=0x00000000
       17195000	      1718	80001ec8	02e97c63	bgeu	x18,x14,80001f00	 x18:0x8000a0b2 x14:0x00000001
       17205000	      1719	00000000	00000013	addi	x0,x0,0	  x0:0x00000000
       17215000	      1720	80001efc	00000013	addi	x0,x0,0	  x0:0x00000000
       17225000	      1721	80001f00	b46804b7	lui	x9,0xb4680	  x9=0xb4680000
       17235000	      1722	80001f04	00b23eb3	sltu	x29,x4,x11	  x4:0xfffffabf x11:0xfffffabf x29=0x00000000
       17245000	      1723	80001f08	3ef1e693	ori	x13,x3,1007	  x3:0x00000001 x13=0x000003ef
       17255000	      1724	80001f0c	00000013	addi	x0,x0,0	  x0:0x00000000
       17265000	      1725	80001f10	00a03f33	sltu	x30,x0,x10	  x0:0x00000000 x10:0x0000041e x30=0x00000001
       17275000	      1726	80001f14	015e5a63	bge	x28,x21,80001f28	 x28:0x80009f34 x21:0x00000000
       17285000	      1727	80001f18	06b1f863	bgeu	x3,x11,80001f88	  x3:0x00000001 x11:0xfffffabf
       17295000	      1728	80001f1c	411e5033	sra	x0,x28,x17	 x28:0x80009f34 x17:0x80009fc4
       17305000	      1729	80001f20	01fdc1b3	xor	x3,x27,x31	 x27:0xfffff800 x31:0x000000a4  x3=0xfffff8a4
       17315000	      1730	80001f24	08ae4863	blt	x28,x10,80001fb4	 x28:0x80009f34 x10:0x0000041e
       17325000	      1731	00000000	00000013	addi	x0,x0,0	  x0:0x00000000
       17335000	      1732	80001fb0	00000013	addi	x0,x0,0	  x0:0x00000000
       17345000	      1733	80001fb4	01ca5463	bge	x20,x28,80001fbc	 x20:0x00000000 x28:0x80009f34
       17355000	      1734	00000000	00000013	addi	x0,x0,0	  x0:0x00000000
       17365000	      1735	80001fb8	00000013	addi	x0,x0,0	  x0:0x00000000
       17375000	      1736	80001fbc	00ad5a93	srli	x21,x26,0xa	 x26:0x00000000 x21=0x00000000
       17385000	      1737	80001fc0	4930f493	andi	x9,x1,1171	  x1:0x800d4000  x9=0x00000000
       17395000	      1738	80001fc4	03fbf063	bgeu	x23,x31,80001fe4	 x23:0x00000000 x31:0x000000a4
       17405000	      1739	80001fc8	01cb9713	slli	x14,x23,0x1c	 x23:0x00000000 x14=0x00000000
       17415000	      1740	80001fcc	40f35613	srai	x12,x6,0xf	  x6:0x80009f34 x12=0xffff0001
       17425000	      1741	80001fd0	01e672b3	and	x5,x12,x30	 x12:0xffff0001 x30:0x00000001  x5=0x00000001
       17435000	      1742	80001fd4	0125f263	bgeu	x11,x18,80001fd8	 x11:0xfffffabf x18:0x8000a0b2
       17445000	      1743	00000000	00000013	addi	x0,x0,0	  x0:0x00000000
       17455000	      1744	80001fd4	00000013	addi	x0,x0,0	  x0:0x00000000
       17465000	      1745	80001fd8	400ed613	srai	x12,x29,0x0	 x29:0x00000000 x12=0x00000000
       17475000	      1746	80001fdc	c5bc4297	auipc	x5,0xc5bc4	  x5=0x45bc5fd8
       17485000	      1747	80001fe0	a709d2b7	lui	x5,0xa709d	  x5=0xa709d000
       17495000	      1748	80001fe4	014e8333	add	x6,x29,x20	 x29:0x00000000 x20:0x00000000  x6=0x00000000
       17505000	      1749	80001fe8	aa2f3b17	auipc	x22,0xaa2f3	 x22=0x2a2f4fe4
       17515000	      1750	80001fec	36f60637	lui	x12,0x36f60	 x12=0x36f60000
       17525000	      1751	80001ff0	5247c513	xori	x10,x15,1316	 x15:0xfffffd57 x10=0xfffff873
       17535000	      1752	80001ff4	00ed7663	bgeu	x26,x14,80002000	 x26:0x00000000 x14:0x00000000
       17545000	      1753	00000000	00000013	addi	x0,x0,0	  x0:0x00000000
       17555000	      1754	80001ffc	00000013	addi	x0,x0,0	  x0:0x00000000
       17565000	      1755	80002000	926f2fb7	lui	x31,0x926f2	 x31=0x926f2000
       17575000	      1756	80002004	40df03b3	sub	x7,x30,x13	 x30:0x00000001 x13:0x000003ef  x7=0xfffffc12
       17585000	      1757	80002008	ad370a13	addi	x20,x14,-1325	 x14:0x00000000 x20=0xfffffad3
       17595000	      1758	8000200c	01963a33	sltu	x20,x12,x25	 x12:0x36f60000 x25:0xfffff800 x20=0x00000001
       17605000	      1759	80002010	02fe8c63	beq	x29,x15,80002048	 x29:0x00000000 x15:0xfffffd57
       17615000	      1760	80002014	00e650b3	srl	x1,x12,x14	 x12:0x36f60000 x14:0x00000000  x1=0x36f60000
       17625000	      1761	80002018	d4af7093	andi	x1,x30,-694	 x30:0x00000001  x1=0x00000000
       17635000	      1762	8000201c	00f23a33	sltu	x20,x4,x15	  x4:0xfffffabf x15:0xfffffd57 x20=0x00000001
       17645000	      1763	80002020	6a3e4013	xori	x0,x28,1699	 x28:0x80009f34
       17655000	      1764	80002024	5121f393	andi	x7,x3,1298	  x3:0xfffff8a4  x7=0x00000000
       17665000	      1765	80002028	01425d13	srli	x26,x4,0x14	  x4:0xfffffabf x26=0x00000fff
       17675000	      1766	8000202c	002cdb33	srl	x22,x25,x2	 x25:0xfffff800  x2:0x00000000 x22=0xfffff800
       17685000	      1767	80002030	b8b54993	xori	x19,x10,-1141	 x10:0xfffff873 x19=0x000003f8
       17695000	      1768	80002034	03155463	bge	x10,x17,8000205c	 x10:0xfffff873 x17:0x80009fc4
       17705000	      1769	00000000	00000013	addi	x0,x0,0	  x0:0x00000000
       17715000	      1770	80002058	00000013	addi	x0,x0,0	  x0:0x00000000
       17725000	      1771	8000205c	00529e93	slli	x29,x5,0x5	  x5:0xa709d000 x29=0xe13a0000
       17735000	      1772	80002060	d9797313	andi	x6,x18,-617	 x18:0x8000a0b2  x6=0x8000a092
       17745000	      1773	80002064	0ab2d463	bge	x5,x11,8000210c	  x5:0xa709d000 x11:0xfffffabf
       17755000	      1774	80002068	dc447313	andi	x6,x8,-572	  x8:0x00000800  x6=0x00000800
       17765000	      1775	8000206c	2d90f013	andi	x0,x1,729	  x1:0x00000000
       17775000	      1776	80002070	02005663	bge	x0,x0,8000209c	  x0:0x00000000  x0:0x00000000
       17785000	      1777	00000000	00000013	addi	x0,x0,0	  x0:0x00000000
       17795000	      1778	80002098	00000013	addi	x0,x0,0	  x0:0x00000000
       17805000	      1779	8000209c	0054e5b3	or	x11,x9,x5	  x9:0x00000000  x5:0xa709d000 x11=0xa709d000
       17815000	      1780	800020a0	00300413	addi	x8,x0,3	  x0:0x00000000  x8=0x00000003
       17825000	      1781	800020a4	19264737	lui	x14,0x19264	 x14=0x19264000
       17835000	      1782	800020a8	5f2a6c13	ori	x24,x20,1522	 x20:0x00000001 x24=0x000005f3
       17845000	      1783	800020ac	402e5c33	sra	x24,x28,x2	 x28:0x80009f34  x2:0x00000000 x24=0x80009f34
       17855000	      1784	800020b0	ff500393	addi	x7,x0,-11	  x0:0x00000000  x7=0xfffffff5
       17865000	      1785	800020b4	006f3233	sltu	x4,x30,x6	 x30:0x00000001  x6:0x00000800  x4=0x00000001
       17875000	      1786	800020b8	f9a16193	ori	x3,x2,-102	  x2:0x00000000  x3=0xffffff9a
       17885000	      1787	800020bc	01c42c33	slt	x24,x8,x28	  x8:0x00000003 x28:0x80009f34 x24=0x00000000
       17895000	      1788	800020c0	a4ba4237	lui	x4,0xa4ba4	  x4=0xa4ba4000
       17905000	      1789	800020c4	87290793	addi	x15,x18,-1934	 x18:0x8000a0b2 x15=0x80009924
       17915000	      1790	800020c8	017bcb33	xor	x22,x23,x23	 x23:0x00000000 x23:0x00000000 x22=0x00000000
       17925000	      1791	800020cc	00000013	addi	x0,x0,0	  x0:0x00000000
       17935000	      1792	800020d0	e174ca93	xori	x21,x9,-489	  x9:0x00000000 x21=0xfffffe17
       17945000	      1793	800020d4	5681a293	slti	x5,x3,1384	  x3:0xffffff9a  x5=0x00000001
       17955000	      1794	800020d8	ff940413	addi	x8,x8,-7	  x8:0x00000003  x8=0xfffffffc
       17965000	      1795	800020dc	41cb5f13	srai	x30,x22,0x1c	 x22:0x00000000 x30=0x00000000
       17975000	      1796	800020e0	766c4093	xori	x1,x24,1894	 x24:0x00000000  x1=0x00000766
       17985000	      1797	800020e4	8cd18b13	addi	x22,x3,-1843	  x3:0xffffff9a x22=0xfffff867
       17995000	      1798	800020e8	00000013	addi	x0,x0,0	  x0:0x00000000
       18005000	      1799	800020ec	405f5f93	srai	x31,x30,0x5	 x30:0x00000000 x31=0x00000000
       18015000	      1800	800020f0	fc7406e3	beq	x8,x7,800020bc	  x8:0xfffffffc  x7:0xfffffff5
       18025000	      1801	800020f4	43658213	addi	x4,x11,1078	 x11:0xa709d000  x4=0xa709d436
       18035000	      1802	800020f8	00501993	slli	x19,x0,0x5	  x0:0x00000000 x19=0x00000000
       18045000	      1803	800020fc	ab1f2e93	slti	x29,x30,-1359	 x30:0x00000000 x29=0x00000000
       18055000	      1804	80002100	41bc5f13	srai	x30,x24,0x1b	 x24:0x00000000 x30=0x00000000
       18065000	      1805	80002104	0669e063	bltu	x19,x6,80002164	 x19:0x00000000  x6:0x00000800
       18075000	      1806	00000000	00000013	addi	x0,x0,0	  x0:0x00000000
       18085000	      1807	80002160	00000013	addi	x0,x0,0	  x0:0x00000000
       18095000	      1808	80002164	00990c63	beq	x18,x9,8000217c	 x18:0x8000a0b2  x9:0x00000000
       18105000	      1809	80002168	01e9ba33	sltu	x20,x19,x30	 x19:0x00000000 x30:0x00000000 x20=0x00000000
       18115000	      1810	8000216c	026b4e63	blt	x22,x6,800021a8	 x22:0xfffff867  x6:0x00000800
       18125000	      1811	00000000	00000013	addi	x0,x0,0	  x0:0x00000000
       18135000	      1812	800021a4	00000013	addi	x0,x0,0	  x0:0x00000000
       18145000	      1813	800021a8	0009d863	bge	x19,x0,800021b8	 x19:0x00000000  x0:0x00000000
       18155000	      1814	00000000	00000013	addi	x0,x0,0	  x0:0x00000000
       18165000	      1815	800021b4	00000013	addi	x0,x0,0	  x0:0x00000000
       18175000	      1816	800021b8	1add8193	addi	x3,x27,429	 x27:0xfffff800  x3=0xfffff9ad
       18185000	      1817	800021bc	01635b93	srli	x23,x6,0x16	  x6:0x00000800 x23=0x00000000
       18195000	      1818	800021c0	e6823293	sltiu	x5,x4,-408	  x4:0xa709d436  x5=0x00000001
       18205000	      1819	800021c4	000939b3	sltu	x19,x18,x0	 x18:0x8000a0b2  x0:0x00000000 x19=0x00000000
       18215000	      1820	800021c8	0005d9b3	srl	x19,x11,x0	 x11:0xa709d000  x0:0x00000000 x19=0xa709d000
       18225000	      1821	800021cc	01c16db3	or	x27,x2,x28	  x2:0x00000000 x28:0x80009f34 x27=0x80009f34
       18235000	      1822	800021d0	01f08ab3	add	x21,x1,x31	  x1:0x00000766 x31:0x00000000 x21=0x00000766
       18245000	      1823	800021d4	03c55863	bge	x10,x28,80002204	 x10:0xfffff873 x28:0x80009f34
       18255000	      1824	00000000	00000013	addi	x0,x0,0	  x0:0x00000000
       18265000	      1825	80002200	00000013	addi	x0,x0,0	  x0:0x00000000
       18275000	      1826	80002204	01201863	bne	x0,x18,80002214	  x0:0x00000000 x18:0x8000a0b2
       18285000	      1827	00000000	00000013	addi	x0,x0,0	  x0:0x00000000
       18295000	      1828	80002210	00000013	addi	x0,x0,0	  x0:0x00000000
       18305000	      1829	80002214	be590793	addi	x15,x18,-1051	 x18:0x8000a0b2 x15=0x80009c97
       18315000	      1830	80002218	03b3b793	sltiu	x15,x7,59	  x7:0xfffffff5 x15=0x00000000
       18325000	      1831	8000221c	98cae397	auipc	x7,0x98cae	  x7=0x18cb0218
       18335000	      1832	80002220	0c3c5263	bge	x24,x3,800022e4	 x24:0x00000000  x3:0xfffff9ad
       18345000	      1833	00000000	00000013	addi	x0,x0,0	  x0:0x00000000
       18355000	      1834	800022e0	00000013	addi	x0,x0,0	  x0:0x00000000
       18365000	      1835	800022e4	80a14213	xori	x4,x2,-2038	  x2:0x00000000  x4=0xfffff80a
       18375000	      1836	800022e8	02b58463	beq	x11,x11,80002310	 x11:0xa709d000 x11:0xa709d000
       18385000	      1837	00000000	00000013	addi	x0,x0,0	  x0:0x00000000
       18395000	      1838	8000230c	00000013	addi	x0,x0,0	  x0:0x00000000
       18405000	      1839	80002310	03265663	bge	x12,x18,8000233c	 x12:0x36f60000 x18:0x8000a0b2
       18415000	      1840	00000000	00000013	addi	x0,x0,0	  x0:0x00000000
       18425000	      1841	80002338	00000013	addi	x0,x0,0	  x0:0x00000000
       18435000	      1842	8000233c	01051ab3	sll	x21,x10,x16	 x10:0xfffff873 x16:0x8000a0b2 x21=0xe1cc0000
       18445000	      1843	80002340	00f46cb3	or	x25,x8,x15	  x8:0xfffffffc x15:0x00000000 x25=0xfffffffc
       18455000	      1844	80002344	d61ba513	slti	x10,x23,-671	 x23:0x00000000 x10=0x00000000
       18465000	      1845	80002348	08247663	bgeu	x8,x2,800023d4	  x8:0xfffffffc  x2:0x00000000
       18475000	      1846	00000000	00000013	addi	x0,x0,0	  x0:0x00000000
       18485000	      1847	800023d0	00000013	addi	x0,x0,0	  x0:0x00000000
       18495000	      1848	800023d4	03816e63	bltu	x2,x24,80002410	  x2:0x00000000 x24:0x00000000
       18505000	      1849	800023d8	00000013	addi	x0,x0,0	  x0:0x00000000
       18515000	      1850	800023dc	00507733	and	x14,x0,x5	  x0:0x00000000  x5:0x00000001 x14=0x00000000
       18525000	      1851	800023e0	03668c63	beq	x13,x22,80002418	 x13:0x000003ef x22:0xfffff867
       18535000	      1852	800023e4	96f27093	andi	x1,x4,-1681	  x4:0xfffff80a  x1=0xfffff80a
       18545000	      1853	800023e8	2fb7a193	slti	x3,x15,763	 x15:0x00000000  x3=0x00000001
       18555000	      1854	800023ec	8e4df293	andi	x5,x27,-1820	 x27:0x80009f34  x5=0x80009824
       18565000	      1855	800023f0	c291f393	andi	x7,x3,-983	  x3:0x00000001  x7=0x00000001
       18575000	      1856	800023f4	012bc1b3	xor	x3,x23,x18	 x23:0x00000000 x18:0x8000a0b2  x3=0x8000a0b2
       18585000	      1857	800023f8	0007df13	srli	x30,x15,0x0	 x15:0x00000000 x30=0x00000000
       18595000	      1858	800023fc	400b0fb3	sub	x31,x22,x0	 x22:0xfffff867  x0:0x00000000 x31=0xfffff867
       18605000	      1859	80002400	c5d7ff17	auipc	x30,0xc5d7f	 x30=0x45d813fc
       18615000	      1860	80002404	91218093	addi	x1,x3,-1774	  x3:0x8000a0b2  x1=0x800099c4
       18625000	      1861	80002408	00405863	bge	x0,x4,80002418	  x0:0x00000000  x4:0xfffff80a
       18635000	      1862	00000000	00000013	addi	x0,x0,0	  x0:0x00000000
       18645000	      1863	80002414	00000013	addi	x0,x0,0	  x0:0x00000000
       18655000	      1864	80002418	01518933	add	x18,x3,x21	  x3:0x8000a0b2 x21:0xe1cc0000 x18=0x61cca0b2
       18665000	      1865	8000241c	01945313	srli	x6,x8,0x19	  x8:0xfffffffc  x6=0x0000007f
       18675000	      1866	80002420	03665c63	bge	x12,x22,80002458	 x12:0x36f60000 x22:0xfffff867
       18685000	      1867	00000000	00000013	addi	x0,x0,0	  x0:0x00000000
       18695000	      1868	80002454	00000013	addi	x0,x0,0	  x0:0x00000000
       18705000	      1869	80002458	00651013	slli	x0,x10,0x6	 x10:0x00000000
       18715000	      1870	8000245c	56411837	lui	x16,0x56411	 x16=0x56411000
       18725000	      1871	80002460	01259813	slli	x16,x11,0x12	 x11:0xa709d000 x16=0x40000000
       18735000	      1872	80002464	059bf863	bgeu	x23,x25,800024b4	 x23:0x00000000 x25:0xfffffffc
       18745000	      1873	80002468	01f4f7b3	and	x15,x9,x31	  x9:0x00000000 x31:0xfffff867 x15=0x00000000
       18755000	      1874	8000246c	01efd813	srli	x16,x31,0x1e	 x31:0xfffff867 x16=0x00000003
       18765000	      1875	80002470	477ea737	lui	x14,0x477ea	 x14=0x477ea000
       18775000	      1876	80002474	00000013	addi	x0,x0,0	  x0:0x00000000
       18785000	      1877	80002478	413f5db3	sra	x27,x30,x19	 x30:0x45d813fc x19:0xa709d000 x27=0x45d813fc
       18795000	      1878	8000247c	5b2df317	auipc	x6,0x5b2df	  x6=0xdb2e1478
       18805000	      1879	80002480	01519233	sll	x4,x3,x21	  x3:0x8000a0b2 x21:0xe1cc0000  x4=0x8000a0b2
       18815000	      1880	80002484	00963533	sltu	x10,x12,x9	 x12:0x36f60000  x9:0x00000000 x10=0x00000000
       18825000	      1881	80002488	01bd8733	add	x14,x27,x27	 x27:0x45d813fc x27:0x45d813fc x14=0x8bb027f8
       18835000	      1882	8000248c	d84805b7	lui	x11,0xd8480	 x11=0xd8480000
       18845000	      1883	80002490	bf602c17	auipc	x24,0xbf602	 x24=0x3f60448c
       18855000	      1884	80002494	a9012837	lui	x16,0xa9012	 x16=0xa9012000
       18865000	      1885	80002498	00199333	sll	x6,x19,x1	 x19:0xa709d000  x1:0x800099c4  x6=0x709d0000
       18875000	      1886	8000249c	00ef1033	sll	x0,x30,x14	 x30:0x45d813fc x14:0x8bb027f8
       18885000	      1887	800024a0	00b19993	slli	x19,x3,0xb	  x3:0x8000a0b2 x19=0x05059000
       18895000	      1888	800024a4	00099193	slli	x3,x19,0x0	 x19:0x05059000  x3=0x05059000
       18905000	      1889	800024a8	c4776513	ori	x10,x14,-953	 x14:0x8bb027f8 x10=0xffffffff
       18915000	      1890	800024ac	59664c93	xori	x25,x12,1430	 x12:0x36f60000 x25=0x36f60596
       18925000	      1891	800024b0	02ed7c63	bgeu	x26,x14,800024e8	 x26:0x00000fff x14:0x8bb027f8
       18935000	      1892	800024b4	2ea9f313	andi	x6,x19,746	 x19:0x05059000  x6=0x00000000
       18945000	      1893	800024b8	002fc7b3	xor	x15,x31,x2	 x31:0xfffff867  x2:0x00000000 x15=0xfffff867
       18955000	      1894	800024bc	3033f613	andi	x12,x7,771	  x7:0x00000001 x12=0x00000001
       18965000	      1895	800024c0	018c2c33	slt	x24,x24,x24	 x24:0x3f60448c x24:0x3f60448c x24=0x00000000
       18975000	      1896	800024c4	01021663	bne	x4,x16,800024d0	  x4:0x8000a0b2 x16:0xa9012000
       18985000	      1897	00000000	00000013	addi	x0,x0,0	  x0:0x00000000
       18995000	      1898	800024cc	00000013	addi	x0,x0,0	  x0:0x00000000
       19005000	      1899	800024d0	01ce54b3	srl	x9,x28,x28	 x28:0x80009f34 x28:0x80009f34  x9=0x00000800
       19015000	      1900	800024d4	000a1463	bne	x20,x0,800024dc	 x20:0x00000000  x0:0x00000000
       19025000	      1901	800024d8	6fa49337	lui	x6,0x6fa49	  x6=0x6fa49000
       19035000	      1902	800024dc	13f43593	sltiu	x11,x8,319	  x8:0xfffffffc x11=0x00000000
       19045000	      1903	800024e0	9785c793	xori	x15,x11,-1672	 x11:0x00000000 x15=0xfffff978
       19055000	      1904	800024e4	319e6c13	ori	x24,x28,793	 x28:0x80009f34 x24=0x80009f3d
       19065000	      1905	800024e8	7f5fe813	ori	x16,x31,2037	 x31:0xfffff867 x16=0xfffffff7
       19075000	      1906	800024ec	03a98263	beq	x19,x26,80002510	 x19:0x05059000 x26:0x00000fff
       19085000	      1907	800024f0	a495c013	xori	x0,x11,-1463	 x11:0x00000000
       19095000	      1908	800024f4	05719463	bne	x3,x23,8000253c	  x3:0x05059000 x23:0x00000000
       19105000	      1909	00000000	00000013	addi	x0,x0,0	  x0:0x00000000
       19115000	      1910	80002538	00000013	addi	x0,x0,0	  x0:0x00000000
       19125000	      1911	8000253c	00f75333	srl	x6,x14,x15	 x14:0x8bb027f8 x15:0xfffff978  x6=0x0000008b
       19135000	      1912	80002540	0106d833	srl	x16,x13,x16	 x13:0x000003ef x16:0xfffffff7 x16=0x00000000
       19145000	      1913	80002544	04107063	bgeu	x0,x1,80002584	  x0:0x00000000  x1:0x800099c4
       19155000	      1914	80002548	024bc663	blt	x23,x4,80002574	 x23:0x00000000  x4:0x8000a0b2
       19165000	      1915	8000254c	00a146b3	xor	x13,x2,x10	  x2:0x00000000 x10:0xffffffff x13=0xffffffff
       19175000	      1916	80002550	40c0dc93	srai	x25,x1,0xc	  x1:0x800099c4 x25=0xfff80009
       19185000	      1917	80002554	019cdf93	srli	x31,x25,0x19	 x25:0xfff80009 x31=0x0000007f
       19195000	      1918	80002558	5ef73297	auipc	x5,0x5ef73	  x5=0xdef75554
       19205000	      1919	8000255c	02ca1063	bne	x20,x12,8000257c	 x20:0x00000000 x12:0x00000001
       19215000	      1920	00000000	00000013	addi	x0,x0,0	  x0:0x00000000
       19225000	      1921	80002578	00000013	addi	x0,x0,0	  x0:0x00000000
       19235000	      1922	8000257c	03027663	bgeu	x4,x16,800025a8	  x4:0x8000a0b2 x16:0x00000000
       19245000	      1923	00000000	00000013	addi	x0,x0,0	  x0:0x00000000
       19255000	      1924	800025a4	00000013	addi	x0,x0,0	  x0:0x00000000
       19265000	      1925	800025a8	017719b3	sll	x19,x14,x23	 x14:0x8bb027f8 x23:0x00000000 x19=0x8bb027f8
       19275000	      1926	800025ac	00e2e433	or	x8,x5,x14	  x5:0xdef75554 x14:0x8bb027f8  x8=0xdff777fc
       19285000	      1927	800025b0	06628e63	beq	x5,x6,8000262c	  x5:0xdef75554  x6:0x0000008b
       19295000	      1928	800025b4	7de60693	addi	x13,x12,2014	 x12:0x00000001 x13=0x000007df
       19305000	      1929	800025b8	00000013	addi	x0,x0,0	  x0:0x00000000
       19315000	      1930	800025bc	41fc5b13	srai	x22,x24,0x1f	 x24:0x80009f3d x22=0xffffffff
       19325000	      1931	800025c0	0bd2d663	bge	x5,x29,8000266c	  x5:0xdef75554 x29:0x00000000
       19335000	      1932	800025c4	7e0edd37	lui	x26,0x7e0ed	 x26=0x7e0ed000
       19345000	      1933	800025c8	ff800d93	addi	x27,x0,-8	  x0:0x00000000 x27=0xfffffff8
       19355000	      1934	800025cc	39993693	sltiu	x13,x18,921	 x18:0x61cca0b2 x13=0x00000000
       19365000	      1935	800025d0	b7a0f017	auipc	x0,0xb7a0f	
       19375000	      1936	800025d4	007484b3	add	x9,x9,x7	  x9:0x00000800  x7:0x00000001  x9=0x00000801
       19385000	      1937	800025d8	007ec733	xor	x14,x29,x7	 x29:0x00000000  x7:0x00000001 x14=0x00000001
       19395000	      1938	800025dc	85f96913	ori	x18,x18,-1953	 x18:0x61cca0b2 x18=0xfffff8ff
       19405000	      1939	800025e0	00600613	addi	x12,x0,6	  x0:0x00000000 x12=0x00000006
       19415000	      1940	800025e4	410ad5b3	sra	x11,x21,x16	 x21:0xe1cc0000 x16:0x00000000 x11=0xe1cc0000
       19425000	      1941	800025e8	409a54b3	sra	x9,x20,x9	 x20:0x00000000  x9:0x00000801  x9=0x00000000
       19435000	      1942	800025ec	da860537	lui	x10,0xda860	 x10=0xda860000
       19445000	      1943	800025f0	8e474813	xori	x16,x14,-1820	 x14:0x00000001 x16=0xfffff8e5
       19455000	      1944	800025f4	4fe3c413	xori	x8,x7,1278	  x7:0x00000001  x8=0x000004ff
       19465000	      1945	800025f8	00377233	and	x4,x14,x3	 x14:0x00000001  x3:0x05059000  x4=0x00000000
       19475000	      1946	800025fc	c637c293	xori	x5,x15,-925	 x15:0xfffff978  x5=0x0000051b
       19485000	      1947	80002600	01268033	add	x0,x13,x18	 x13:0x00000000 x18:0xfffff8ff
       19495000	      1948	80002604	9d8b55b7	lui	x11,0x9d8b5	 x11=0x9d8b5000
       19505000	      1949	80002608	001d8d93	addi	x27,x27,1	 x27:0xfffffff8 x27=0xfffffff9
       19515000	      1950	8000260c	006875b3	and	x11,x16,x6	 x16:0xfffff8e5  x6:0x0000008b x11=0x00000081
       19525000	      1951	80002610	40d45993	srai	x19,x8,0xd	  x8:0x000004ff x19=0x00000000
       19535000	      1952	80002614	51de3013	sltiu	x0,x28,1309	 x28:0x80009f34
       19545000	      1953	80002618	5e057993	andi	x19,x10,1504	 x10:0xda860000 x19=0x00000000
       19555000	      1954	8000261c	4dc98293	addi	x5,x19,1244	 x19:0x00000000  x5=0x000004dc
       19565000	      1955	80002620	8b7a2913	slti	x18,x20,-1865	 x20:0x00000000 x18=0x00000000
       19575000	      1956	80002624	fecdc0e3	blt	x27,x12,80002604	 x27:0xfffffff9 x12:0x00000006
       19585000	      1957	00000000	00000013	addi	x0,x0,0	  x0:0x00000000
       19595000	      1958	80002600	00000013	addi	x0,x0,0	  x0:0x00000000
       19605000	      1959	80002604	9d8b55b7	lui	x11,0x9d8b5	 x11=0x9d8b5000
       19615000	      1960	80002608	001d8d93	addi	x27,x27,1	 x27:0xfffffff9 x27=0xfffffffa
       19625000	      1961	8000260c	006875b3	and	x11,x16,x6	 x16:0xfffff8e5  x6:0x0000008b x11=0x00000081
       19635000	      1962	80002610	40d45993	srai	x19,x8,0xd	  x8:0x000004ff x19=0x00000000
       19645000	      1963	80002614	51de3013	sltiu	x0,x28,1309	 x28:0x80009f34
       19655000	      1964	80002618	5e057993	andi	x19,x10,1504	 x10:0xda860000 x19=0x00000000
       19665000	      1965	8000261c	4dc98293	addi	x5,x19,1244	 x19:0x00000000  x5=0x000004dc
       19675000	      1966	80002620	8b7a2913	slti	x18,x20,-1865	 x20:0x00000000 x18=0x00000000
       19685000	      1967	80002624	fecdc0e3	blt	x27,x12,80002604	 x27:0xfffffffa x12:0x00000006
       19695000	      1968	00000000	00000013	addi	x0,x0,0	  x0:0x00000000
       19705000	      1969	80002600	00000013	addi	x0,x0,0	  x0:0x00000000
       19715000	      1970	80002604	9d8b55b7	lui	x11,0x9d8b5	 x11=0x9d8b5000
       19725000	      1971	80002608	001d8d93	addi	x27,x27,1	 x27:0xfffffffa x27=0xfffffffb
       19735000	      1972	8000260c	006875b3	and	x11,x16,x6	 x16:0xfffff8e5  x6:0x0000008b x11=0x00000081
       19745000	      1973	80002610	40d45993	srai	x19,x8,0xd	  x8:0x000004ff x19=0x00000000
       19755000	      1974	80002614	51de3013	sltiu	x0,x28,1309	 x28:0x80009f34
       19765000	      1975	80002618	5e057993	andi	x19,x10,1504	 x10:0xda860000 x19=0x00000000
       19775000	      1976	8000261c	4dc98293	addi	x5,x19,1244	 x19:0x00000000  x5=0x000004dc
       19785000	      1977	80002620	8b7a2913	slti	x18,x20,-1865	 x20:0x00000000 x18=0x00000000
       19795000	      1978	80002624	fecdc0e3	blt	x27,x12,80002604	 x27:0xfffffffb x12:0x00000006
       19805000	      1979	00000000	00000013	addi	x0,x0,0	  x0:0x00000000
       19815000	      1980	80002600	00000013	addi	x0,x0,0	  x0:0x00000000
       19825000	      1981	80002604	9d8b55b7	lui	x11,0x9d8b5	 x11=0x9d8b5000
       19835000	      1982	80002608	001d8d93	addi	x27,x27,1	 x27:0xfffffffb x27=0xfffffffc
       19845000	      1983	8000260c	006875b3	and	x11,x16,x6	 x16:0xfffff8e5  x6:0x0000008b x11=0x00000081
       19855000	      1984	80002610	40d45993	srai	x19,x8,0xd	  x8:0x000004ff x19=0x00000000
       19865000	      1985	80002614	51de3013	sltiu	x0,x28,1309	 x28:0x80009f34
       19875000	      1986	80002618	5e057993	andi	x19,x10,1504	 x10:0xda860000 x19=0x00000000
       19885000	      1987	8000261c	4dc98293	addi	x5,x19,1244	 x19:0x00000000  x5=0x000004dc
       19895000	      1988	80002620	8b7a2913	slti	x18,x20,-1865	 x20:0x00000000 x18=0x00000000
       19905000	      1989	80002624	fecdc0e3	blt	x27,x12,80002604	 x27:0xfffffffc x12:0x00000006
       19915000	      1990	00000000	00000013	addi	x0,x0,0	  x0:0x00000000
       19925000	      1991	80002600	00000013	addi	x0,x0,0	  x0:0x00000000
       19935000	      1992	80002604	9d8b55b7	lui	x11,0x9d8b5	 x11=0x9d8b5000
       19945000	      1993	80002608	001d8d93	addi	x27,x27,1	 x27:0xfffffffc x27=0xfffffffd
       19955000	      1994	8000260c	006875b3	and	x11,x16,x6	 x16:0xfffff8e5  x6:0x0000008b x11=0x00000081
       19965000	      1995	80002610	40d45993	srai	x19,x8,0xd	  x8:0x000004ff x19=0x00000000
       19975000	      1996	80002614	51de3013	sltiu	x0,x28,1309	 x28:0x80009f34
       19985000	      1997	80002618	5e057993	andi	x19,x10,1504	 x10:0xda860000 x19=0x00000000
       19995000	      1998	8000261c	4dc98293	addi	x5,x19,1244	 x19:0x00000000  x5=0x000004dc
       20005000	      1999	80002620	8b7a2913	slti	x18,x20,-1865	 x20:0x00000000 x18=0x00000000
       20015000	      2000	80002624	fecdc0e3	blt	x27,x12,80002604	 x27:0xfffffffd x12:0x00000006
       20025000	      2001	00000000	00000013	addi	x0,x0,0	  x0:0x00000000
       20035000	      2002	80002600	00000013	addi	x0,x0,0	  x0:0x00000000
       20045000	      2003	80002604	9d8b55b7	lui	x11,0x9d8b5	 x11=0x9d8b5000
       20055000	      2004	80002608	001d8d93	addi	x27,x27,1	 x27:0xfffffffd x27=0xfffffffe
       20065000	      2005	8000260c	006875b3	and	x11,x16,x6	 x16:0xfffff8e5  x6:0x0000008b x11=0x00000081
       20075000	      2006	80002610	40d45993	srai	x19,x8,0xd	  x8:0x000004ff x19=0x00000000
       20085000	      2007	80002614	51de3013	sltiu	x0,x28,1309	 x28:0x80009f34
       20095000	      2008	80002618	5e057993	andi	x19,x10,1504	 x10:0xda860000 x19=0x00000000
       20105000	      2009	8000261c	4dc98293	addi	x5,x19,1244	 x19:0x00000000  x5=0x000004dc
       20115000	      2010	80002620	8b7a2913	slti	x18,x20,-1865	 x20:0x00000000 x18=0x00000000
       20125000	      2011	80002624	fecdc0e3	blt	x27,x12,80002604	 x27:0xfffffffe x12:0x00000006
       20135000	      2012	00000000	00000013	addi	x0,x0,0	  x0:0x00000000
       20145000	      2013	80002600	00000013	addi	x0,x0,0	  x0:0x00000000
       20155000	      2014	80002604	9d8b55b7	lui	x11,0x9d8b5	 x11=0x9d8b5000
       20165000	      2015	80002608	001d8d93	addi	x27,x27,1	 x27:0xfffffffe x27=0xffffffff
       20175000	      2016	8000260c	006875b3	and	x11,x16,x6	 x16:0xfffff8e5  x6:0x0000008b x11=0x00000081
       20185000	      2017	80002610	40d45993	srai	x19,x8,0xd	  x8:0x000004ff x19=0x00000000
       20195000	      2018	80002614	51de3013	sltiu	x0,x28,1309	 x28:0x80009f34
       20205000	      2019	80002618	5e057993	andi	x19,x10,1504	 x10:0xda860000 x19=0x00000000
       20215000	      2020	8000261c	4dc98293	addi	x5,x19,1244	 x19:0x00000000  x5=0x000004dc
       20225000	      2021	80002620	8b7a2913	slti	x18,x20,-1865	 x20:0x00000000 x18=0x00000000
       20235000	      2022	80002624	fecdc0e3	blt	x27,x12,80002604	 x27:0xffffffff x12:0x00000006
       20245000	      2023	00000000	00000013	addi	x0,x0,0	  x0:0x00000000
       20255000	      2024	80002600	00000013	addi	x0,x0,0	  x0:0x00000000
       20265000	      2025	80002604	9d8b55b7	lui	x11,0x9d8b5	 x11=0x9d8b5000
       20275000	      2026	80002608	001d8d93	addi	x27,x27,1	 x27:0xffffffff x27=0x00000000
       20285000	      2027	8000260c	006875b3	and	x11,x16,x6	 x16:0xfffff8e5  x6:0x0000008b x11=0x00000081
       20295000	      2028	80002610	40d45993	srai	x19,x8,0xd	  x8:0x000004ff x19=0x00000000
       20305000	      2029	80002614	51de3013	sltiu	x0,x28,1309	 x28:0x80009f34
       20315000	      2030	80002618	5e057993	andi	x19,x10,1504	 x10:0xda860000 x19=0x00000000
       20325000	      2031	8000261c	4dc98293	addi	x5,x19,1244	 x19:0x00000000  x5=0x000004dc
       20335000	      2032	80002620	8b7a2913	slti	x18,x20,-1865	 x20:0x00000000 x18=0x00000000
       20345000	      2033	80002624	fecdc0e3	blt	x27,x12,80002604	 x27:0x00000000 x12:0x00000006
       20355000	      2034	00000000	00000013	addi	x0,x0,0	  x0:0x00000000
       20365000	      2035	80002600	00000013	addi	x0,x0,0	  x0:0x00000000
       20375000	      2036	80002604	9d8b55b7	lui	x11,0x9d8b5	 x11=0x9d8b5000
       20385000	      2037	80002608	001d8d93	addi	x27,x27,1	 x27:0x00000000 x27=0x00000001
       20395000	      2038	8000260c	006875b3	and	x11,x16,x6	 x16:0xfffff8e5  x6:0x0000008b x11=0x00000081
       20405000	      2039	80002610	40d45993	srai	x19,x8,0xd	  x8:0x000004ff x19=0x00000000
       20415000	      2040	80002614	51de3013	sltiu	x0,x28,1309	 x28:0x80009f34
       20425000	      2041	80002618	5e057993	andi	x19,x10,1504	 x10:0xda860000 x19=0x00000000
       20435000	      2042	8000261c	4dc98293	addi	x5,x19,1244	 x19:0x00000000  x5=0x000004dc
       20445000	      2043	80002620	8b7a2913	slti	x18,x20,-1865	 x20:0x00000000 x18=0x00000000
       20455000	      2044	80002624	fecdc0e3	blt	x27,x12,80002604	 x27:0x00000001 x12:0x00000006
       20465000	      2045	00000000	00000013	addi	x0,x0,0	  x0:0x00000000
       20475000	      2046	80002600	00000013	addi	x0,x0,0	  x0:0x00000000
       20485000	      2047	80002604	9d8b55b7	lui	x11,0x9d8b5	 x11=0x9d8b5000
       20495000	      2048	80002608	001d8d93	addi	x27,x27,1	 x27:0x00000001 x27=0x00000002
       20505000	      2049	8000260c	006875b3	and	x11,x16,x6	 x16:0xfffff8e5  x6:0x0000008b x11=0x00000081
       20515000	      2050	80002610	40d45993	srai	x19,x8,0xd	  x8:0x000004ff x19=0x00000000
       20525000	      2051	80002614	51de3013	sltiu	x0,x28,1309	 x28:0x80009f34
       20535000	      2052	80002618	5e057993	andi	x19,x10,1504	 x10:0xda860000 x19=0x00000000
       20545000	      2053	8000261c	4dc98293	addi	x5,x19,1244	 x19:0x00000000  x5=0x000004dc
       20555000	      2054	80002620	8b7a2913	slti	x18,x20,-1865	 x20:0x00000000 x18=0x00000000
       20565000	      2055	80002624	fecdc0e3	blt	x27,x12,80002604	 x27:0x00000002 x12:0x00000006
       20575000	      2056	00000000	00000013	addi	x0,x0,0	  x0:0x00000000
       20585000	      2057	80002600	00000013	addi	x0,x0,0	  x0:0x00000000
       20595000	      2058	80002604	9d8b55b7	lui	x11,0x9d8b5	 x11=0x9d8b5000
       20605000	      2059	80002608	001d8d93	addi	x27,x27,1	 x27:0x00000002 x27=0x00000003
       20615000	      2060	8000260c	006875b3	and	x11,x16,x6	 x16:0xfffff8e5  x6:0x0000008b x11=0x00000081
       20625000	      2061	80002610	40d45993	srai	x19,x8,0xd	  x8:0x000004ff x19=0x00000000
       20635000	      2062	80002614	51de3013	sltiu	x0,x28,1309	 x28:0x80009f34
       20645000	      2063	80002618	5e057993	andi	x19,x10,1504	 x10:0xda860000 x19=0x00000000
       20655000	      2064	8000261c	4dc98293	addi	x5,x19,1244	 x19:0x00000000  x5=0x000004dc
       20665000	      2065	80002620	8b7a2913	slti	x18,x20,-1865	 x20:0x00000000 x18=0x00000000
       20675000	      2066	80002624	fecdc0e3	blt	x27,x12,80002604	 x27:0x00000003 x12:0x00000006
       20685000	      2067	00000000	00000013	addi	x0,x0,0	  x0:0x00000000
       20695000	      2068	80002600	00000013	addi	x0,x0,0	  x0:0x00000000
       20705000	      2069	80002604	9d8b55b7	lui	x11,0x9d8b5	 x11=0x9d8b5000
       20715000	      2070	80002608	001d8d93	addi	x27,x27,1	 x27:0x00000003 x27=0x00000004
       20725000	      2071	8000260c	006875b3	and	x11,x16,x6	 x16:0xfffff8e5  x6:0x0000008b x11=0x00000081
       20735000	      2072	80002610	40d45993	srai	x19,x8,0xd	  x8:0x000004ff x19=0x00000000
       20745000	      2073	80002614	51de3013	sltiu	x0,x28,1309	 x28:0x80009f34
       20755000	      2074	80002618	5e057993	andi	x19,x10,1504	 x10:0xda860000 x19=0x00000000
       20765000	      2075	8000261c	4dc98293	addi	x5,x19,1244	 x19:0x00000000  x5=0x000004dc
       20775000	      2076	80002620	8b7a2913	slti	x18,x20,-1865	 x20:0x00000000 x18=0x00000000
       20785000	      2077	80002624	fecdc0e3	blt	x27,x12,80002604	 x27:0x00000004 x12:0x00000006
       20795000	      2078	00000000	00000013	addi	x0,x0,0	  x0:0x00000000
       20805000	      2079	80002600	00000013	addi	x0,x0,0	  x0:0x00000000
       20815000	      2080	80002604	9d8b55b7	lui	x11,0x9d8b5	 x11=0x9d8b5000
       20825000	      2081	80002608	001d8d93	addi	x27,x27,1	 x27:0x00000004 x27=0x00000005
       20835000	      2082	8000260c	006875b3	and	x11,x16,x6	 x16:0xfffff8e5  x6:0x0000008b x11=0x00000081
       20845000	      2083	80002610	40d45993	srai	x19,x8,0xd	  x8:0x000004ff x19=0x00000000
       20855000	      2084	80002614	51de3013	sltiu	x0,x28,1309	 x28:0x80009f34
       20865000	      2085	80002618	5e057993	andi	x19,x10,1504	 x10:0xda860000 x19=0x00000000
       20875000	      2086	8000261c	4dc98293	addi	x5,x19,1244	 x19:0x00000000  x5=0x000004dc
       20885000	      2087	80002620	8b7a2913	slti	x18,x20,-1865	 x20:0x00000000 x18=0x00000000
       20895000	      2088	80002624	fecdc0e3	blt	x27,x12,80002604	 x27:0x00000005 x12:0x00000006
       20905000	      2089	00000000	00000013	addi	x0,x0,0	  x0:0x00000000
       20915000	      2090	80002600	00000013	addi	x0,x0,0	  x0:0x00000000
       20925000	      2091	80002604	9d8b55b7	lui	x11,0x9d8b5	 x11=0x9d8b5000
       20935000	      2092	80002608	001d8d93	addi	x27,x27,1	 x27:0x00000005 x27=0x00000006
       20945000	      2093	8000260c	006875b3	and	x11,x16,x6	 x16:0xfffff8e5  x6:0x0000008b x11=0x00000081
       20955000	      2094	80002610	40d45993	srai	x19,x8,0xd	  x8:0x000004ff x19=0x00000000
       20965000	      2095	80002614	51de3013	sltiu	x0,x28,1309	 x28:0x80009f34
       20975000	      2096	80002618	5e057993	andi	x19,x10,1504	 x10:0xda860000 x19=0x00000000
       20985000	      2097	8000261c	4dc98293	addi	x5,x19,1244	 x19:0x00000000  x5=0x000004dc
       20995000	      2098	80002620	8b7a2913	slti	x18,x20,-1865	 x20:0x00000000 x18=0x00000000
       21005000	      2099	80002624	fecdc0e3	blt	x27,x12,80002604	 x27:0x00000006 x12:0x00000006
       21015000	      2100	80002628	01a18533	add	x10,x3,x26	  x3:0x05059000 x26:0x7e0ed000 x10=0x83146000
       21025000	      2101	8000262c	012a13b3	sll	x7,x20,x18	 x20:0x00000000 x18:0x00000000  x7=0x00000000
       21035000	      2102	80002630	01514433	xor	x8,x2,x21	  x2:0x00000000 x21:0xe1cc0000  x8=0xe1cc0000
       21045000	      2103	80002634	03abdc63	bge	x23,x26,8000266c	 x23:0x00000000 x26:0x7e0ed000
       21055000	      2104	80002638	49ed3393	sltiu	x7,x26,1182	 x26:0x7e0ed000  x7=0x00000000
       21065000	      2105	8000263c	00d994b3	sll	x9,x19,x13	 x19:0x00000000 x13:0x00000000  x9=0x00000000
       21075000	      2106	80002640	00000013	addi	x0,x0,0	  x0:0x00000000
       21085000	      2107	80002644	0197a433	slt	x8,x15,x25	 x15:0xfffff978 x25:0xfff80009  x8=0x00000000
       21095000	      2108	80002648	05247863	bgeu	x8,x18,80002698	  x8:0x00000000 x18:0x00000000
       21105000	      2109	00000000	00000013	addi	x0,x0,0	  x0:0x00000000
       21115000	      2110	80002694	00000013	addi	x0,x0,0	  x0:0x00000000
       21125000	      2111	80002698	014f79b3	and	x19,x30,x20	 x30:0x45d813fc x20:0x00000000 x19=0x00000000
       21135000	      2112	8000269c	99dc3993	sltiu	x19,x24,-1635	 x24:0x80009f3d x19=0x00000001
       21145000	      2113	800026a0	026e4863	blt	x28,x6,800026d0	 x28:0x80009f34  x6:0x0000008b
       21155000	      2114	00000000	00000013	addi	x0,x0,0	  x0:0x00000000
       21165000	      2115	800026cc	00000013	addi	x0,x0,0	  x0:0x00000000
       21175000	      2116	800026d0	0067c0b3	xor	x1,x15,x6	 x15:0xfffff978  x6:0x0000008b  x1=0xfffff9f3
       21185000	      2117	800026d4	a8e4fdb7	lui	x27,0xa8e4f	 x27=0xa8e4f000
       21195000	      2118	800026d8	41f25a33	sra	x20,x4,x31	  x4:0x00000000 x31:0x0000007f x20=0x00000000
       21205000	      2119	800026dc	b162c793	xori	x15,x5,-1258	  x5:0x000004dc x15=0xffffffca
       21215000	      2120	800026e0	00b46933	or	x18,x8,x11	  x8:0x00000000 x11:0x00000081 x18=0x00000081
       21225000	      2121	800026e4	00b56c33	or	x24,x10,x11	 x10:0x83146000 x11:0x00000081 x24=0x83146081
       21235000	      2122	800026e8	01c4d033	srl	x0,x9,x28	  x9:0x00000000 x28:0x80009f34
       21245000	      2123	800026ec	99766a93	ori	x21,x12,-1641	 x12:0x00000006 x21=0xfffff997
       21255000	      2124	800026f0	dd3ff413	andi	x8,x31,-557	 x31:0x0000007f  x8=0x00000053
       21265000	      2125	800026f4	007273b3	and	x7,x4,x7	  x4:0x00000000  x7:0x00000000  x7=0x00000000
       21275000	      2126	800026f8	4198d613	srai	x12,x17,0x19	 x17:0x80009fc4 x12=0xffffffc0
       21285000	      2127	800026fc	00a2f863	bgeu	x5,x10,8000270c	  x5:0x000004dc x10:0x83146000
       21295000	      2128	80002700	40ec5233	sra	x4,x24,x14	 x24:0x83146081 x14:0x00000001  x4=0xc18a3040
       21305000	      2129	80002704	0111ea63	bltu	x3,x17,80002718	  x3:0x05059000 x17:0x80009fc4
       21315000	      2130	00000000	00000013	addi	x0,x0,0	  x0:0x00000000
       21325000	      2131	80002714	00000013	addi	x0,x0,0	  x0:0x00000000
       21335000	      2132	80002718	326e3c93	sltiu	x25,x28,806	 x28:0x80009f34 x25=0x00000000
       21345000	      2133	8000271c	03e98863	beq	x19,x30,8000274c	 x19:0x00000001 x30:0x45d813fc
       21355000	      2134	80002720	0298c063	blt	x17,x9,80002740	 x17:0x80009fc4  x9:0x00000000
       21365000	      2135	00000000	00000013	addi	x0,x0,0	  x0:0x00000000
       21375000	      2136	8000273c	00000013	addi	x0,x0,0	  x0:0x00000000
       21385000	      2137	80002740	2ea42e93	slti	x29,x8,746	  x8:0x00000053 x29=0x00000001
       21395000	      2138	80002744	9fb8f013	andi	x0,x17,-1541	 x17:0x80009fc4
       21405000	      2139	80002748	008a2533	slt	x10,x20,x8	 x20:0x00000000  x8:0x00000053 x10=0x00000001
       21415000	      2140	8000274c	ad428513	addi	x10,x5,-1324	  x5:0x000004dc x10=0xffffffb0
       21425000	      2141	80002750	28bc4d13	xori	x26,x24,651	 x24:0x83146081 x26=0x8314620a
       21435000	      2142	80002754	039ec463	blt	x29,x25,8000277c	 x29:0x00000001 x25:0x00000000
       21445000	      2143	80002758	0488d063	bge	x17,x8,80002798	 x17:0x80009fc4  x8:0x00000053
       21455000	      2144	8000275c	004f32b3	sltu	x5,x30,x4	 x30:0x45d813fc  x4:0xc18a3040  x5=0x00000001
       21465000	      2145	80002760	0072d863	bge	x5,x7,80002770	  x5:0x00000001  x7:0x00000000
       21475000	      2146	00000000	00000013	addi	x0,x0,0	  x0:0x00000000
       21485000	      2147	8000276c	00000013	addi	x0,x0,0	  x0:0x00000000
       21495000	      2148	80002770	95458937	lui	x18,0x95458	 x18=0x95458000
       21505000	      2149	80002774	05cd1863	bne	x26,x28,800027c4	 x26:0x8314620a x28:0x80009f34
       21515000	      2150	00000000	00000013	addi	x0,x0,0	  x0:0x00000000
       21525000	      2151	800027c0	00000013	addi	x0,x0,0	  x0:0x00000000
       21535000	      2152	800027c4	02cfe463	bltu	x31,x12,800027ec	 x31:0x0000007f x12:0xffffffc0
       21545000	      2153	00000000	00000013	addi	x0,x0,0	  x0:0x00000000
       21555000	      2154	800027e8	00000013	addi	x0,x0,0	  x0:0x00000000
       21565000	      2155	800027ec	41b15513	srai	x10,x2,0x1b	  x2:0x00000000 x10=0x00000000
       21575000	      2156	800027f0	2c59fa93	andi	x21,x19,709	 x19:0x00000001 x21=0x00000001
       21585000	      2157	800027f4	00700293	addi	x5,x0,7	  x0:0x00000000  x5=0x00000007
       21595000	      2158	800027f8	00000013	addi	x0,x0,0	  x0:0x00000000
       21605000	      2159	800027fc	00500d93	addi	x27,x0,5	  x0:0x00000000 x27=0x00000005
       21615000	      2160	80002800	01155233	srl	x4,x10,x17	 x10:0x00000000 x17:0x80009fc4  x4=0x00000000
       21625000	      2161	80002804	e4678b17	auipc	x22,0xe4678	 x22=0x6467a800
       21635000	      2162	80002808	ffd28293	addi	x5,x5,-3	  x5:0x00000007  x5=0x00000004
       21645000	      2163	8000280c	00ec27b3	slt	x15,x24,x14	 x24:0x83146081 x14:0x00000001 x15=0x00000001
       21655000	      2164	80002810	00a00493	addi	x9,x0,10	  x0:0x00000000  x9=0x0000000a
       21665000	      2165	80002814	fb508a93	addi	x21,x1,-75	  x1:0xfffff9f3 x21=0xfffff9a8
       21675000	      2166	80002818	00900993	addi	x19,x0,9	  x0:0x00000000 x19=0x00000009
       21685000	      2167	8000281c	00161b33	sll	x22,x12,x1	 x12:0xffffffc0  x1:0xfffff9f3 x22=0xfe000000
       21695000	      2168	80002820	76cd4437	lui	x8,0x76cd4	  x8=0x76cd4000
       21705000	      2169	80002824	0f904013	xori	x0,x0,249	  x0:0x00000000
       21715000	      2170	80002828	01edd6b3	srl	x13,x27,x30	 x27:0x00000005 x30:0x45d813fc x13=0x00000000
       21725000	      2171	8000282c	ffb48493	addi	x9,x9,-5	  x9:0x0000000a  x9=0x00000005
       21735000	      2172	80002830	5e922b13	slti	x22,x4,1513	  x4:0x00000000 x22=0x00000001
       21745000	      2173	80002834	ff34f6e3	bgeu	x9,x19,80002820	  x9:0x00000005 x19:0x00000009
       21755000	      2174	80002838	fdb2f6e3	bgeu	x5,x27,80002804	  x5:0x00000004 x27:0x00000005
       21765000	      2175	8000283c	d82c0413	addi	x8,x24,-638	 x24:0x83146081  x8=0x83145e03
       21775000	      2176	80002840	744aed93	ori	x27,x21,1860	 x21:0xfffff9a8 x27=0xffffffec
       21785000	      2177	80002844	013e9313	slli	x6,x29,0x13	 x29:0x00000001  x6=0x00080000
       21795000	      2178	80002848	00000013	addi	x0,x0,0	  x0:0x00000000
       21805000	      2179	8000284c	013cd693	srli	x13,x25,0x13	 x25:0x00000000 x13=0x00000000
       21815000	      2180	80002850	c2333737	lui	x14,0xc2333	 x14=0xc2333000
       21825000	      2181	80002854	00346eb3	or	x29,x8,x3	  x8:0x83145e03  x3:0x05059000 x29=0x8715de03
       21835000	      2182	80002858	01597733	and	x14,x18,x21	 x18:0x95458000 x21:0xfffff9a8 x14=0x95458000
       21845000	      2183	8000285c	00badb33	srl	x22,x21,x11	 x21:0xfffff9a8 x11:0x00000081 x22=0x7ffffcd4
       21855000	      2184	80002860	01d747b3	xor	x15,x14,x29	 x14:0x95458000 x29:0x8715de03 x15=0x12505e03
       21865000	      2185	80002864	00ae77b3	and	x15,x28,x10	 x28:0x80009f34 x10:0x00000000 x15=0x00000000
       21875000	      2186	80002868	b3a1a3b7	lui	x7,0xb3a1a	  x7=0xb3a1a000
       21885000	      2187	8000286c	5eb44593	xori	x11,x8,1515	  x8:0x83145e03 x11=0x83145be8
       21895000	      2188	80002870	01c35293	srli	x5,x6,0x1c	  x6:0x00080000  x5=0x00000000
       21905000	      2189	80002874	01630463	beq	x6,x22,8000287c	  x6:0x00080000 x22:0x7ffffcd4
       21915000	      2190	80002878	d15d8213	addi	x4,x27,-747	 x27:0xffffffec  x4=0xfffffd01
       21925000	      2191	8000287c	40925613	srai	x12,x4,0x9	  x4:0xfffffd01 x12=0xfffffffe
       21935000	      2192	80002880	3257bc13	sltiu	x24,x15,805	 x15:0x00000000 x24=0x00000001
       21945000	      2193	80002884	0200d863	bge	x1,x0,800028b4	  x1:0xfffff9f3  x0:0x00000000
       21955000	      2194	80002888	010a5c33	srl	x24,x20,x16	 x20:0x00000000 x16:0xfffff8e5 x24=0x00000000
       21965000	      2195	8000288c	01af1eb3	sll	x29,x30,x26	 x30:0x45d813fc x26:0x8314620a x29=0x604ff000
       21975000	      2196	80002890	01e17f33	and	x30,x2,x30	  x2:0x00000000 x30:0x45d813fc x30=0x00000000
       21985000	      2197	80002894	00a11c93	slli	x25,x2,0xa	  x2:0x00000000 x25=0x00000000
       21995000	      2198	80002898	01ce4a63	blt	x28,x28,800028ac	 x28:0x80009f34 x28:0x80009f34
       22005000	      2199	8000289c	42257293	andi	x5,x10,1058	 x10:0x00000000  x5=0x00000000
       22015000	      2200	800028a0	7e6aae93	slti	x29,x21,2022	 x21:0xfffff9a8 x29=0x00000001
       22025000	      2201	800028a4	01469393	slli	x7,x13,0x14	 x13:0x00000000  x7=0x00000000
       22035000	      2202	800028a8	0056fa33	and	x20,x13,x5	 x13:0x00000000  x5:0x00000000 x20=0x00000000
       22045000	      2203	800028ac	22e7bf13	sltiu	x30,x15,558	 x15:0x00000000 x30=0x00000001
       22055000	      2204	800028b0	c2e0b613	sltiu	x12,x1,-978	  x1:0xfffff9f3 x12=0x00000001
       22065000	      2205	800028b4	41d4f213	andi	x4,x9,1053	  x9:0x00000005  x4=0x00000005
       22075000	      2206	800028b8	02c99c63	bne	x19,x12,800028f0	 x19:0x00000009 x12:0x00000001
       22085000	      2207	00000000	00000013	addi	x0,x0,0	  x0:0x00000000
       22095000	      2208	800028ec	00000013	addi	x0,x0,0	  x0:0x00000000
       22105000	      2209	800028f0	016563b3	or	x7,x10,x22	 x10:0x00000000 x22:0x7ffffcd4  x7=0x7ffffcd4
       22115000	      2210	800028f4	00000013	addi	x0,x0,0	  x0:0x00000000
       22125000	      2211	800028f8	00000013	addi	x0,x0,0	  x0:0x00000000
       22135000	      2212	800028fc	00589593	slli	x11,x17,0x5	 x17:0x80009fc4 x11=0x0013f880
       22145000	      2213	80002900	03a21e63	bne	x4,x26,8000293c	  x4:0x00000005 x26:0x8314620a
       22155000	      2214	00000000	00000013	addi	x0,x0,0	  x0:0x00000000
       22165000	      2215	80002938	00000013	addi	x0,x0,0	  x0:0x00000000
       22175000	      2216	8000293c	3413f913	andi	x18,x7,833	  x7:0x7ffffcd4 x18=0x00000040
       22185000	      2217	80002940	017d65b3	or	x11,x26,x23	 x26:0x8314620a x23:0x00000000 x11=0x8314620a
       22195000	      2218	80002944	00000013	addi	x0,x0,0	  x0:0x00000000
       22205000	      2219	80002948	e7f44c93	xori	x25,x8,-385	  x8:0x83145e03 x25=0x7ceba07c
       22215000	      2220	8000294c	0386de63	bge	x13,x24,80002988	 x13:0x00000000 x24:0x00000000
       22225000	      2221	00000000	00000013	addi	x0,x0,0	  x0:0x00000000
       22235000	      2222	80002984	00000013	addi	x0,x0,0	  x0:0x00000000
       22245000	      2223	80002988	00559db3	sll	x27,x11,x5	 x11:0x8314620a  x5:0x00000000 x27=0x8314620a
       22255000	      2224	8000298c	00a79693	slli	x13,x15,0xa	 x15:0x00000000 x13=0x00000000
       22265000	      2225	80002990	030c9663	bne	x25,x16,800029bc	 x25:0x7ceba07c x16:0xfffff8e5
       22275000	      2226	00000000	00000013	addi	x0,x0,0	  x0:0x00000000
       22285000	      2227	800029b8	00000013	addi	x0,x0,0	  x0:0x00000000
       22295000	      2228	800029bc	01b6d863	bge	x13,x27,800029cc	 x13:0x00000000 x27:0x8314620a
       22305000	      2229	00000000	00000013	addi	x0,x0,0	  x0:0x00000000
       22315000	      2230	800029c8	00000013	addi	x0,x0,0	  x0:0x00000000
       22325000	      2231	800029cc	40595813	srai	x16,x18,0x5	 x18:0x00000040 x16=0x00000002
       22335000	      2232	800029d0	00aea3b3	slt	x7,x29,x10	 x29:0x00000001 x10:0x00000000  x7=0x00000000
       22345000	      2233	800029d4	8e672993	slti	x19,x14,-1818	 x14:0x95458000 x19=0x00000001
       22355000	      2234	800029d8	7c26bc13	sltiu	x24,x13,1986	 x13:0x00000000 x24=0x00000001
       22365000	      2235	800029dc	421ceb93	ori	x23,x25,1057	 x25:0x7ceba07c x23=0x7ceba47d
       22375000	      2236	800029e0	004e0c63	beq	x28,x4,800029f8	 x28:0x80009f34  x4:0x00000005
       22385000	      2237	800029e4	0094a433	slt	x8,x9,x9	  x9:0x00000005  x9:0x00000005  x8=0x00000000
       22395000	      2238	800029e8	40575093	srai	x1,x14,0x5	 x14:0x95458000  x1=0xfcaa2c00
       22405000	      2239	800029ec	018e5013	srli	x0,x28,0x18	 x28:0x80009f34
       22415000	      2240	800029f0	0300e663	bltu	x1,x16,80002a1c	  x1:0xfcaa2c00 x16:0x00000002
       22425000	      2241	800029f4	003c8863	beq	x25,x3,80002a04	 x25:0x7ceba07c  x3:0x05059000
       22435000	      2242	800029f8	01364bb3	xor	x23,x12,x19	 x12:0x00000001 x19:0x00000001 x23=0x00000000
       22445000	      2243	800029fc	8fa23a37	lui	x20,0x8fa23	 x20=0x8fa23000
       22455000	      2244	80002a00	f1bd3513	sltiu	x10,x26,-229	 x26:0x8314620a x10=0x00000001
       22465000	      2245	80002a04	01bad493	srli	x9,x21,0x1b	 x21:0xfffff9a8  x9=0x0000001f
       22475000	      2246	80002a08	02c19c63	bne	x3,x12,80002a40	  x3:0x05059000 x12:0x00000001
       22485000	      2247	00000000	00000013	addi	x0,x0,0	  x0:0x00000000
       22495000	      2248	80002a3c	00000013	addi	x0,x0,0	  x0:0x00000000
       22505000	      2249	80002a40	006e1d13	slli	x26,x28,0x6	 x28:0x80009f34 x26=0x0027cd00
       22515000	      2250	80002a44	025ed863	bge	x29,x5,80002a74	 x29:0x00000001  x5:0x00000000
       22525000	      2251	00000000	00000013	addi	x0,x0,0	  x0:0x00000000
       22535000	      2252	80002a70	00000013	addi	x0,x0,0	  x0:0x00000000
       22545000	      2253	80002a74	00c74633	xor	x12,x14,x12	 x14:0x95458000 x12:0x00000001 x12=0x95458001
       22555000	      2254	80002a78	01d75d13	srli	x26,x14,0x1d	 x14:0x95458000 x26=0x00000004
       22565000	      2255	80002a7c	00489863	bne	x17,x4,80002a8c	 x17:0x80009fc4  x4:0x00000005
       22575000	      2256	00000000	00000013	addi	x0,x0,0	  x0:0x00000000
       22585000	      2257	80002a88	00000013	addi	x0,x0,0	  x0:0x00000000
       22595000	      2258	80002a8c	691ec813	xori	x16,x29,1681	 x29:0x00000001 x16=0x00000690
       22605000	      2259	80002a90	008e1313	slli	x6,x28,0x8	 x28:0x80009f34  x6=0x009f3400
       22615000	      2260	80002a94	50e12593	slti	x11,x2,1294	  x2:0x00000000 x11=0x00000001
       22625000	      2261	80002a98	00162933	slt	x18,x12,x1	 x12:0x95458001  x1:0xfcaa2c00 x18=0x00000001
       22635000	      2262	80002a9c	5db85db7	lui	x27,0x5db85	 x27=0x5db85000
       22645000	      2263	80002aa0	027cfc63	bgeu	x25,x7,80002ad8	 x25:0x7ceba07c  x7:0x00000000
       22655000	      2264	00000000	00000013	addi	x0,x0,0	  x0:0x00000000
       22665000	      2265	80002ad4	00000013	addi	x0,x0,0	  x0:0x00000000
       22675000	      2266	80002ad8	00000013	addi	x0,x0,0	  x0:0x00000000
       22685000	      2267	80002adc	014c3f33	sltu	x30,x24,x20	 x24:0x00000001 x20:0x8fa23000 x30=0x00000001
       22695000	      2268	80002ae0	02311c63	bne	x2,x3,80002b18	  x2:0x00000000  x3:0x05059000
       22705000	      2269	00000000	00000013	addi	x0,x0,0	  x0:0x00000000
       22715000	      2270	80002b14	00000013	addi	x0,x0,0	  x0:0x00000000
       22725000	      2271	80002b18	003b53b3	srl	x7,x22,x3	 x22:0x7ffffcd4  x3:0x05059000  x7=0x7ffffcd4
       22735000	      2272	80002b1c	002c7c63	bgeu	x24,x2,80002b34	 x24:0x00000001  x2:0x00000000
       22745000	      2273	00000000	00000013	addi	x0,x0,0	  x0:0x00000000
       22755000	      2274	80002b30	00000013	addi	x0,x0,0	  x0:0x00000000
       22765000	      2275	80002b34	038b8663	beq	x23,x24,80002b60	 x23:0x00000000 x24:0x00000001
       22775000	      2276	80002b38	00840833	add	x16,x8,x8	  x8:0x00000000  x8:0x00000000 x16=0x00000000
       22785000	      2277	80002b3c	1397fb97	auipc	x23,0x1397f	 x23=0x93981b38
       22795000	      2278	80002b40	00000013	addi	x0,x0,0	  x0:0x00000000
       22805000	      2279	80002b44	4eb96213	ori	x4,x18,1259	 x18:0x00000001  x4=0x000004eb
       22815000	      2280	80002b48	05f88463	beq	x17,x31,80002b90	 x17:0x80009fc4 x31:0x0000007f
       22825000	      2281	80002b4c	c66a3193	sltiu	x3,x20,-922	 x20:0x8fa23000  x3=0x00000001
       22835000	      2282	80002b50	01118c33	add	x24,x3,x17	  x3:0x00000001 x17:0x80009fc4 x24=0x80009fc5
       22845000	      2283	80002b54	555161b7	lui	x3,0x55516	  x3=0x55516000
       22855000	      2284	80002b58	00f777b3	and	x15,x14,x15	 x14:0x95458000 x15:0x00000000 x15=0x00000000
       22865000	      2285	80002b5c	e9a93413	sltiu	x8,x18,-358	 x18:0x00000001  x8=0x00000001
       22875000	      2286	80002b60	6054fb93	andi	x23,x9,1541	  x9:0x0000001f x23=0x00000005
       22885000	      2287	80002b64	00af3fb3	sltu	x31,x30,x10	 x30:0x00000001 x10:0x00000001 x31=0x00000000
       22895000	      2288	80002b68	013bad33	slt	x26,x23,x19	 x23:0x00000005 x19:0x00000001 x26=0x00000000
       22905000	      2289	80002b6c	27e98d97	auipc	x27,0x27e98	 x27=0xa7e9ab68
       22915000	      2290	80002b70	412450b3	sra	x1,x8,x18	  x8:0x00000001 x18:0x00000001  x1=0x00000000
       22925000	      2291	80002b74	01319d93	slli	x27,x3,0x13	  x3:0x55516000 x27=0x00000000
       22935000	      2292	80002b78	623f0493	addi	x9,x30,1571	 x30:0x00000001  x9=0x00000624
       22945000	      2293	80002b7c	0105edb3	or	x27,x11,x16	 x11:0x00000001 x16:0x00000000 x27=0x00000001
       22955000	      2294	80002b80	01d4fab3	and	x21,x9,x29	  x9:0x00000624 x29:0x00000001 x21=0x00000000
       22965000	      2295	80002b84	002c5c63	bge	x24,x2,80002b9c	 x24:0x80009fc5  x2:0x00000000
       22975000	      2296	80002b88	005ee033	or	x0,x29,x5	 x29:0x00000001  x5:0x00000000
       22985000	      2297	80002b8c	016ac863	blt	x21,x22,80002b9c	 x21:0x00000000 x22:0x7ffffcd4
       22995000	      2298	00000000	00000013	addi	x0,x0,0	  x0:0x00000000
       23005000	      2299	80002b98	00000013	addi	x0,x0,0	  x0:0x00000000
       23015000	      2300	80002b9c	40b10ab3	sub	x21,x2,x11	  x2:0x00000000 x11:0x00000001 x21=0xffffffff
       23025000	      2301	80002ba0	99b6f213	andi	x4,x13,-1637	 x13:0x00000000  x4=0x00000000
       23035000	      2302	80002ba4	01efe933	or	x18,x31,x30	 x31:0x00000000 x30:0x00000001 x18=0x00000001
       23045000	      2303	80002ba8	004e2083	lw	x1,4(x28)	 x28:0x80009f34  x1=0x800008e4 PA:0x80009f38
       23055000	      2304	80002bac	cc98ae93	slti	x29,x17,-823	 x17:0x80009fc4 x29=0x00000001
       23065000	      2305	80002bb0	016fbfb3	sltu	x31,x31,x22	 x31:0x00000000 x22:0x7ffffcd4 x31=0x00000001
       23075000	      2306	80002bb4	014e0e13	addi	x28,x28,20	 x28:0x80009f34 x28=0x80009f48
       23085000	      2307	80002bb8	003a45b3	xor	x11,x20,x3	 x20:0x8fa23000  x3:0x55516000 x11=0xdaf35000
       23095000	      2308	80002bbc	00000013	addi	x0,x0,0	  x0:0x00000000
       23105000	      2309	80002bc0	00108f93	addi	x31,x1,1	  x1:0x800008e4 x31=0x800008e5
       23115000	      2310	80002bc4	000f8fe7	jalr	x31,x31,0	 x31:0x800008e5 x31=0x80002bc4
       23125000	      2311	00000000	00000013	addi	x0,x0,0	  x0:0x00000000
       23135000	      2312	800008e4	00000013	addi	x0,x0,0	  x0:0x00000000
       23145000	      2313	800008e8	eca6a3b7	lui	x7,0xeca6a	  x7=0xeca6a000
       23155000	      2314	800008ec	00000e97	auipc	x29,0x0	 x29=0x800008e8
       23165000	      2315	800008f0	0c8e8e93	addi	x29,x29,200	 x29:0x800008e8 x29=0x800009b0
       23175000	      2316	800008f4	504c8997	auipc	x19,0x504c8	 x19=0xd04c88f0
       23185000	      2317	800008f8	226e8e93	addi	x29,x29,550	 x29:0x800009b0 x29=0x80000bd6
       23195000	      2318	800008fc	01b6e1b3	or	x3,x13,x27	 x13:0x00000000 x27:0x00000001  x3=0x00000001
       23205000	      2319	80000900	01f9d513	srli	x10,x19,0x1f	 x19:0xd04c88f0 x10=0x00000001
       23215000	      2320	80000904	0008a9b3	slt	x19,x17,x0	 x17:0x80009fc4  x0:0x00000000 x19=0x00000001
       23225000	      2321	80000908	d570cd13	xori	x26,x1,-681	  x1:0x800008e4 x26=0x7ffff5b3
       23235000	      2322	8000090c	003d6663	bltu	x26,x3,80000918	 x26:0x7ffff5b3  x3:0x00000001
       23245000	      2323	80000910	01806c33	or	x24,x0,x24	  x0:0x00000000 x24:0x80009fc5 x24=0x80009fc5
       23255000	      2324	80000914	013ddb33	srl	x22,x27,x19	 x27:0x00000001 x19:0x00000001 x22=0x00000000
       23265000	      2325	80000918	ddbe80e7	jalr	x1,x29,-549	 x29:0x80000bd6  x1=0x80000918
       23275000	      2326	00000000	00000013	addi	x0,x0,0	  x0:0x00000000
       23285000	      2327	800009b0	00000013	addi	x0,x0,0	  x0:0x00000000
       23295000	      2328	800009b4	33fcad13	slti	x26,x25,831	 x25:0x7ceba07c x26=0x00000000
       23305000	      2329	800009b8	ff4e0e13	addi	x28,x28,-12	 x28:0x80009f48 x28=0x80009f3c
       23315000	      2330	800009bc	00ce42b3	xor	x5,x28,x12	 x28:0x80009f3c x12:0x95458001  x5=0x15451f3d
       23325000	      2331	800009c0	089b9a97	auipc	x21,0x89b9	 x21=0x889b99bc
       23335000	      2332	800009c4	001e2223	sw	x1,4(x28)	 x28:0x80009f3c  x1:0x80000918 PA:0x80009f40
       23345000	      2333	800009c8	005de033	or	x0,x27,x5	 x27:0x00000001  x5:0x15451f3d
       23355000	      2334	800009cc	4016d733	sra	x14,x13,x1	 x13:0x00000000  x1:0x80000918 x14=0x00000000
       23365000	      2335	800009d0	469c4693	xori	x13,x24,1129	 x24:0x80009fc5 x13=0x80009bac
       23375000	      2336	800009d4	0317e463	bltu	x15,x17,800009fc	 x15:0x00000000 x17:0x80009fc4
       23385000	      2337	00000000	00000013	addi	x0,x0,0	  x0:0x00000000
       23395000	      2338	800009f8	00000013	addi	x0,x0,0	  x0:0x00000000
       23405000	      2339	800009fc	07464a37	lui	x20,0x7464	 x20=0x07464000
       23415000	      2340	80000a00	404c8633	sub	x12,x25,x4	 x25:0x7ceba07c  x4:0x00000000 x12=0x7ceba07c
       23425000	      2341	80000a04	01da63b3	or	x7,x20,x29	 x20:0x07464000 x29:0x80000bd6  x7=0x87464bd6
       23435000	      2342	80000a08	011bb1b3	sltu	x3,x23,x17	 x23:0x00000005 x17:0x80009fc4  x3=0x00000001
       23445000	      2343	80000a0c	004e2083	lw	x1,4(x28)	 x28:0x80009f3c  x1=0x80000918 PA:0x80009f40
       23455000	      2344	80000a10	01f6c433	xor	x8,x13,x31	 x13:0x80009bac x31:0x80002bc4  x8=0x0000b068
       23465000	      2345	80000a14	4198d713	srai	x14,x17,0x19	 x17:0x80009fc4 x14=0xffffffc0
       23475000	      2346	80000a18	010e8833	add	x16,x29,x16	 x29:0x80000bd6 x16:0x00000000 x16=0x80000bd6
       23485000	      2347	80000a1c	00ce0e13	addi	x28,x28,12	 x28:0x80009f3c x28=0x80009f48
       23495000	      2348	80000a20	e1dbec93	ori	x25,x23,-483	 x23:0x00000005 x25=0xfffffe1d
       23505000	      2349	80000a24	00108593	addi	x11,x1,1	  x1:0x80000918 x11=0x80000919
       23515000	      2350	80000a28	000585e7	jalr	x11,x11,0	 x11:0x80000919 x11=0x80000a28
       23525000	      2351	00000000	00000013	addi	x0,x0,0	  x0:0x00000000
       23535000	      2352	80000918	00000013	addi	x0,x0,0	  x0:0x00000000
       23545000	      2353	8000091c	007b5b13	srli	x22,x22,0x7	 x22:0x00000000 x22=0x00000000
       23555000	      2354	80000920	8d7abdb7	lui	x27,0x8d7ab	 x27=0x8d7ab000
       23565000	      2355	80000924	009c9613	slli	x12,x25,0x9	 x25:0xfffffe1d x12=0xfffc3a00
       23575000	      2356	80000928	41340fb3	sub	x31,x8,x19	  x8:0x0000b068 x19:0x00000001 x31=0x0000b067
       23585000	      2357	8000092c	00839493	slli	x9,x7,0x8	  x7:0x87464bd6  x9=0x464bd600
       23595000	      2358	80000930	298020ef	jal	x1,80000930	  x1=0x80000930
       23605000	      2359	00000000	00000013	addi	x0,x0,0	  x0:0x00000000
       23615000	      2360	80002bc4	00000013	addi	x0,x0,0	  x0:0x00000000
       23625000	      2361	80002bc8	4d34ed17	auipc	x26,0x4d34e	 x26=0xcd350bc4
       23635000	      2362	80002bcc	63d3eb97	auipc	x23,0x63d3e	 x23=0xe3d40bc8
       23645000	      2363	80002bd0	00655193	srli	x3,x10,0x6	 x10:0x00000001  x3=0x00000000
       23655000	      2364	80002bd4	00aca733	slt	x14,x25,x10	 x25:0xfffffe1d x10:0x00000001 x14=0x00000001
       23665000	      2365	80002bd8	fc0e0e13	addi	x28,x28,-64	 x28:0x80009f48 x28=0x80009f08
       23675000	      2366	80002bdc	001e2223	sw	x1,4(x28)	 x28:0x80009f08  x1:0x80000930 PA:0x80009f0c
       23685000	      2367	80002be0	2c377393	andi	x7,x14,707	 x14:0x00000001  x7=0x00000001
       23695000	      2368	80002be4	efb20313	addi	x6,x4,-261	  x4:0x00000000  x6=0xfffffefb
       23705000	      2369	80002be8	00f35bb3	srl	x23,x6,x15	  x6:0xfffffefb x15:0x00000000 x23=0xfffffefb
       23715000	      2370	80002bec	00600813	addi	x16,x0,6	  x0:0x00000000 x16=0x00000006
       23725000	      2371	80002bf0	00a69f33	sll	x30,x13,x10	 x13:0x80009bac x10:0x00000001 x30=0x00013758
       23735000	      2372	80002bf4	ffc00d93	addi	x27,x0,-4	  x0:0x00000000 x27=0xfffffffc
       23745000	      2373	80002bf8	016506b3	add	x13,x10,x22	 x10:0x00000001 x22:0x00000000 x13=0x00000001
       23755000	      2374	80002bfc	00680533	add	x10,x16,x6	 x16:0x00000006  x6:0xfffffefb x10=0xffffff01
       23765000	      2375	80002c00	008b3533	sltu	x10,x22,x8	 x22:0x00000000  x8:0x0000b068 x10=0x00000001
       23775000	      2376	80002c04	ff780813	addi	x16,x16,-9	 x16:0x00000006 x16=0xfffffffd
       23785000	      2377	80002c08	00100713	addi	x14,x0,1	  x0:0x00000000 x14=0x00000001
       23795000	      2378	80002c0c	410307b3	sub	x15,x6,x16	  x6:0xfffffefb x16:0xfffffffd x15=0xfffffefe
       23805000	      2379	80002c10	ad306393	ori	x7,x0,-1325	  x0:0x00000000  x7=0xfffffad3
       23815000	      2380	80002c14	01200593	addi	x11,x0,18	  x0:0x00000000 x11=0x00000012
       23825000	      2381	80002c18	00f02ab3	slt	x21,x0,x15	  x0:0x00000000 x15:0xfffffefe x21=0x00000000
       23835000	      2382	80002c1c	32b53a17	auipc	x20,0x32b53	 x20=0xb2b55c18
       23845000	      2383	80002c20	00a70713	addi	x14,x14,10	 x14:0x00000001 x14=0x0000000b
       23855000	      2384	80002c24	feb74ae3	blt	x14,x11,80002c18	 x14:0x0000000b x11:0x00000012
       23865000	      2385	00000000	00000013	addi	x0,x0,0	  x0:0x00000000
       23875000	      2386	80002c14	00000013	addi	x0,x0,0	  x0:0x00000000
       23885000	      2387	80002c18	00f02ab3	slt	x21,x0,x15	  x0:0x00000000 x15:0xfffffefe x21=0x00000000
       23895000	      2388	80002c1c	32b53a17	auipc	x20,0x32b53	 x20=0xb2b55c18
       23905000	      2389	80002c20	00a70713	addi	x14,x14,10	 x14:0x0000000b x14=0x00000015
       23915000	      2390	80002c24	feb74ae3	blt	x14,x11,80002c18	 x14:0x00000015 x11:0x00000012
       23925000	      2391	80002c28	004f5493	srli	x9,x30,0x4	 x30:0x00013758  x9=0x00001375
       23935000	      2392	80002c2c	34fab213	sltiu	x4,x21,847	 x21:0x00000000  x4=0x00000001
       23945000	      2393	80002c30	640f3393	sltiu	x7,x30,1600	 x30:0x00013758  x7=0x00000000
       23955000	      2394	80002c34	fdb856e3	bge	x16,x27,80002c00	 x16:0xfffffffd x27:0xfffffffc
       23965000	      2395	00000000	00000013	addi	x0,x0,0	  x0:0x00000000
       23975000	      2396	80002bfc	00000013	addi	x0,x0,0	  x0:0x00000000
       23985000	      2397	80002c00	008b3533	sltu	x10,x22,x8	 x22:0x00000000  x8:0x0000b068 x10=0x00000001
       23995000	      2398	80002c04	ff780813	addi	x16,x16,-9	 x16:0xfffffffd x16=0xfffffff4
       24005000	      2399	80002c08	00100713	addi	x14,x0,1	  x0:0x00000000 x14=0x00000001
       24015000	      2400	80002c0c	410307b3	sub	x15,x6,x16	  x6:0xfffffefb x16:0xfffffff4 x15=0xffffff07
       24025000	      2401	80002c10	ad306393	ori	x7,x0,-1325	  x0:0x00000000  x7=0xfffffad3
       24035000	      2402	80002c14	01200593	addi	x11,x0,18	  x0:0x00000000 x11=0x00000012
       24045000	      2403	80002c18	00f02ab3	slt	x21,x0,x15	  x0:0x00000000 x15:0xffffff07 x21=0x00000000
       24055000	      2404	80002c1c	32b53a17	auipc	x20,0x32b53	 x20=0xb2b55c18
       24065000	      2405	80002c20	00a70713	addi	x14,x14,10	 x14:0x00000001 x14=0x0000000b
       24075000	      2406	80002c24	feb74ae3	blt	x14,x11,80002c18	 x14:0x0000000b x11:0x00000012
       24085000	      2407	00000000	00000013	addi	x0,x0,0	  x0:0x00000000
       24095000	      2408	80002c14	00000013	addi	x0,x0,0	  x0:0x00000000
       24105000	      2409	80002c18	00f02ab3	slt	x21,x0,x15	  x0:0x00000000 x15:0xffffff07 x21=0x00000000
       24115000	      2410	80002c1c	32b53a17	auipc	x20,0x32b53	 x20=0xb2b55c18
       24125000	      2411	80002c20	00a70713	addi	x14,x14,10	 x14:0x0000000b x14=0x00000015
       24135000	      2412	80002c24	feb74ae3	blt	x14,x11,80002c18	 x14:0x00000015 x11:0x00000012
       24145000	      2413	80002c28	004f5493	srli	x9,x30,0x4	 x30:0x00013758  x9=0x00001375
       24155000	      2414	80002c2c	34fab213	sltiu	x4,x21,847	 x21:0x00000000  x4=0x00000001
       24165000	      2415	80002c30	640f3393	sltiu	x7,x30,1600	 x30:0x00013758  x7=0x00000000
       24175000	      2416	80002c34	fdb856e3	bge	x16,x27,80002c00	 x16:0xfffffff4 x27:0xfffffffc
       24185000	      2417	80002c38	01166c33	or	x24,x12,x17	 x12:0xfffc3a00 x17:0x80009fc4 x24=0xfffcbfc4
       24195000	      2418	80002c3c	02999663	bne	x19,x9,80002c68	 x19:0x00000001  x9:0x00001375
       24205000	      2419	00000000	00000013	addi	x0,x0,0	  x0:0x00000000
       24215000	      2420	80002c64	00000013	addi	x0,x0,0	  x0:0x00000000
       24225000	      2421	80002c68	00526533	or	x10,x4,x5	  x4:0x00000001  x5:0x15451f3d x10=0x15451f3d
       24235000	      2422	80002c6c	d752a613	slti	x12,x5,-651	  x5:0x15451f3d x12=0x00000000
       24245000	      2423	80002c70	00921d33	sll	x26,x4,x9	  x4:0x00000001  x9:0x00001375 x26=0x00200000
       24255000	      2424	80002c74	48c3ae93	slti	x29,x7,1164	  x7:0x00000000 x29=0x00000001
       24265000	      2425	80002c78	40d08c33	sub	x24,x1,x13	  x1:0x80000930 x13:0x00000001 x24=0x8000092f
       24275000	      2426	80002c7c	015e9bb3	sll	x23,x29,x21	 x29:0x00000001 x21:0x00000000 x23=0x00000001
       24285000	      2427	80002c80	00000013	addi	x0,x0,0	  x0:0x00000000
       24295000	      2428	80002c84	86712513	slti	x10,x2,-1945	  x2:0x00000000 x10=0x00000000
       24305000	      2429	80002c88	04980863	beq	x16,x9,80002cd8	 x16:0xfffffff4  x9:0x00001375
       24315000	      2430	80002c8c	01921533	sll	x10,x4,x25	  x4:0x00000001 x25:0xfffffe1d x10=0x20000000
       24325000	      2431	80002c90	01088263	beq	x17,x16,80002c94	 x17:0x80009fc4 x16:0xfffffff4
       24335000	      2432	80002c94	23cc4f93	xori	x31,x24,572	 x24:0x8000092f x31=0x80000b13
       24345000	      2433	80002c98	41c45233	sra	x4,x8,x28	  x8:0x0000b068 x28:0x80009f08  x4=0x000000b0
       24355000	      2434	80002c9c	011b73b3	and	x7,x22,x17	 x22:0x00000000 x17:0x80009fc4  x7=0x00000000
       24365000	      2435	80002ca0	0050f463	bgeu	x1,x5,80002ca8	  x1:0x80000930  x5:0x15451f3d
       24375000	      2436	00000000	00000013	addi	x0,x0,0	  x0:0x00000000
       24385000	      2437	80002ca4	00000013	addi	x0,x0,0	  x0:0x00000000
       24395000	      2438	80002ca8	00d7a3b3	slt	x7,x15,x13	 x15:0xffffff07 x13:0x00000001  x7=0x00000001
       24405000	      2439	80002cac	d8a97313	andi	x6,x18,-630	 x18:0x00000001  x6=0x00000000
       24415000	      2440	80002cb0	00dc5e63	bge	x24,x13,80002ccc	 x24:0x8000092f x13:0x00000001
       24425000	      2441	80002cb4	00d4c733	xor	x14,x9,x13	  x9:0x00001375 x13:0x00000001 x14=0x00001374
       24435000	      2442	80002cb8	051e8463	beq	x29,x17,80002d00	 x29:0x00000001 x17:0x80009fc4
       24445000	      2443	80002cbc	029b9263	bne	x23,x9,80002ce0	 x23:0x00000001  x9:0x00001375
       24455000	      2444	00000000	00000013	addi	x0,x0,0	  x0:0x00000000
       24465000	      2445	80002cdc	00000013	addi	x0,x0,0	  x0:0x00000000
       24475000	      2446	80002ce0	2d904c13	xori	x24,x0,729	  x0:0x00000000 x24=0x000002d9
       24485000	      2447	80002ce4	01100263	beq	x0,x17,80002ce8	  x0:0x00000000 x17:0x80009fc4
       24495000	      2448	80002ce8	4105d5b3	sra	x11,x11,x16	 x11:0x00000012 x16:0xfffffff4 x11=0x00000000
       24505000	      2449	80002cec	41d37293	andi	x5,x6,1053	  x6:0x00000000  x5=0x00000000
       24515000	      2450	80002cf0	00268863	beq	x13,x2,80002d00	 x13:0x00000001  x2:0x00000000
       24525000	      2451	80002cf4	018a7663	bgeu	x20,x24,80002d00	 x20:0xb2b55c18 x24:0x000002d9
       24535000	      2452	00000000	00000013	addi	x0,x0,0	  x0:0x00000000
       24545000	      2453	80002cfc	00000013	addi	x0,x0,0	  x0:0x00000000
       24555000	      2454	80002d00	f490fc37	lui	x24,0xf490f	 x24=0xf490f000
       24565000	      2455	80002d04	eba1d237	lui	x4,0xeba1d	  x4=0xeba1d000
       24575000	      2456	80002d08	004e2083	lw	x1,4(x28)	 x28:0x80009f08  x1=0x80000930 PA:0x80009f0c
       24585000	      2457	80002d0c	ff5c7213	andi	x4,x24,-11	 x24:0xf490f000  x4=0xf490f000
       24595000	      2458	80002d10	00f0db33	srl	x22,x1,x15	  x1:0x80000930 x15:0xffffff07 x22=0x01000012
       24605000	      2459	80002d14	0071d6b3	srl	x13,x3,x7	  x3:0x00000000  x7:0x00000001 x13=0x00000000
       24615000	      2460	80002d18	01c3d6b3	srl	x13,x7,x28	  x7:0x00000001 x28:0x80009f08 x13=0x00000000
       24625000	      2461	80002d1c	040e0e13	addi	x28,x28,64	 x28:0x80009f08 x28=0x80009f48
       24635000	      2462	80002d20	0058ea33	or	x20,x17,x5	 x17:0x80009fc4  x5:0x00000000 x20=0x80009fc4
       24645000	      2463	80002d24	41825eb3	sra	x29,x4,x24	  x4:0xf490f000 x24:0xf490f000 x29=0xf490f000
       24655000	      2464	80002d28	00000013	addi	x0,x0,0	  x0:0x00000000
       24665000	      2465	80002d2c	44cc4813	xori	x16,x24,1100	 x24:0xf490f000 x16=0xf490f44c
       24675000	      2466	80002d30	00a121b3	slt	x3,x2,x10	  x2:0x00000000 x10:0x20000000  x3=0x00000001
       24685000	      2467	80002d34	00108b13	addi	x22,x1,1	  x1:0x80000930 x22=0x80000931
       24695000	      2468	80002d38	000b0b67	jalr	x22,x22,0	 x22:0x80000931 x22=0x80002d38
       24705000	      2469	00000000	00000013	addi	x0,x0,0	  x0:0x00000000
       24715000	      2470	80000930	00000013	addi	x0,x0,0	  x0:0x00000000
       24725000	      2471	80000934	419359b3	sra	x19,x6,x25	  x6:0x00000000 x25:0xfffffe1d x19=0x00000000
       24735000	      2472	80000938	01ad1f33	sll	x30,x26,x26	 x26:0x00200000 x26:0x00200000 x30=0x00200000
       24745000	      2473	8000093c	8fe87937	lui	x18,0x8fe87	 x18=0x8fe87000
       24755000	      2474	80000940	00000013	addi	x0,x0,0	  x0:0x00000000
       24765000	      2475	80000944	f0552f93	slti	x31,x10,-251	 x10:0x20000000 x31=0x00000000
       24775000	      2476	80000948	fc3aa793	slti	x15,x21,-61	 x21:0x00000000 x15=0x00000000
       24785000	      2477	8000094c	03796a63	bltu	x18,x23,80000980	 x18:0x8fe87000 x23:0x00000001
       24795000	      2478	80000950	ada92d93	slti	x27,x18,-1318	 x18:0x8fe87000 x27=0x00000001
       24805000	      2479	80000954	00cbe4b3	or	x9,x23,x12	 x23:0x00000001 x12:0x00000000  x9=0x00000001
       24815000	      2480	80000958	00000013	addi	x0,x0,0	  x0:0x00000000
       24825000	      2481	8000095c	00ce1193	slli	x3,x28,0xc	 x28:0x80009f48  x3=0x09f48000
       24835000	      2482	80000960	00c29bb3	sll	x23,x5,x12	  x5:0x00000000 x12:0x00000000 x23=0x00000000
       24845000	      2483	80000964	01299433	sll	x8,x19,x18	 x19:0x00000000 x18:0x8fe87000  x8=0x00000000
       24855000	      2484	80000968	00b8ef33	or	x30,x17,x11	 x17:0x80009fc4 x11:0x00000000 x30=0x80009fc4
       24865000	      2485	8000096c	99f9bd93	sltiu	x27,x19,-1633	 x19:0x00000000 x27=0x00000001
       24875000	      2486	80000970	40d25693	srai	x13,x4,0xd	  x4:0xf490f000 x13=0xffffa487
       24885000	      2487	80000974	818e7393	andi	x7,x28,-2024	 x28:0x80009f48  x7=0x80009808
       24895000	      2488	80000978	7cdf8493	addi	x9,x31,1997	 x31:0x00000000  x9=0x000007cd
       24905000	      2489	8000097c	00131393	slli	x7,x6,0x1	  x6:0x00000000  x7=0x00000000
       24915000	      2490	80000980	416d5313	srai	x6,x26,0x16	 x26:0x00200000  x6=0x00000000
       24925000	      2491	80000984	8aaef037	lui	x0,0x8aaef	
       24935000	      2492	80000988	004e2083	lw	x1,4(x28)	 x28:0x80009f48  x1=0x80000140 PA:0x80009f4c
       24945000	      2493	8000098c	01356033	or	x0,x10,x19	 x10:0x20000000 x19:0x00000000
       24955000	      2494	80000990	0094d613	srli	x12,x9,0x9	  x9:0x000007cd x12=0x00000003
       24965000	      2495	80000994	01f93d33	sltu	x26,x18,x31	 x18:0x8fe87000 x31:0x00000000 x26=0x00000000
       24975000	      2496	80000998	00000013	addi	x0,x0,0	  x0:0x00000000
       24985000	      2497	8000099c	03ce0e13	addi	x28,x28,60	 x28:0x80009f48 x28=0x80009f84
       24995000	      2498	800009a0	007363b3	or	x7,x6,x7	  x6:0x00000000  x7:0x00000000  x7=0x00000000
       25005000	      2499	800009a4	4a03f917	auipc	x18,0x4a03f	 x18=0xca03f9a0
       25015000	      2500	800009a8	00709193	slli	x3,x1,0x7	  x1:0x80000140  x3=0x0000a000
       25025000	      2501	800009ac	00008c13	addi	x24,x1,0	  x1:0x80000140 x24=0x80000140
       25035000	      2502	800009b0	000c0c67	jalr	x24,x24,0	 x24:0x80000140 x24=0x800009b0
       25045000	      2503	00000000	00000013	addi	x0,x0,0	  x0:0x00000000
       25055000	      2504	80000140	00000013	addi	x0,x0,0	  x0:0x00000000
       25065000	      2505	80000144	00700313	addi	x6,x0,7	  x0:0x00000000  x6=0x00000007
       25075000	      2506	80000148	00417cb3	and	x25,x2,x4	  x2:0x00000000  x4:0xf490f000 x25=0x00000000
       25085000	      2507	8000014c	b3fa0993	addi	x19,x20,-1217	 x20:0x80009fc4 x19=0x80009b03
       25095000	      2508	80000150	6d6d7193	andi	x3,x26,1750	 x26:0x00000000  x3=0x00000000
       25105000	      2509	80000154	5b1fad93	slti	x27,x31,1457	 x31:0x00000000 x27=0x00000001
       25115000	      2510	80000158	5bc67693	andi	x13,x12,1468	 x12:0x00000003 x13=0x00000000
       25125000	      2511	8000015c	00600793	addi	x15,x0,6	  x0:0x00000000 x15=0x00000006
       25135000	      2512	80000160	41118233	sub	x4,x3,x17	  x3:0x00000000 x17:0x80009fc4  x4=0x7fff603c
       25145000	      2513	80000164	f18cb093	sltiu	x1,x25,-232	 x25:0x00000000  x1=0x00000001
       25155000	      2514	80000168	9d2e6d93	ori	x27,x28,-1582	 x28:0x80009f84 x27=0xffffffd6
       25165000	      2515	8000016c	00a7e833	or	x16,x15,x10	 x15:0x00000006 x10:0x20000000 x16=0x20000006
       25175000	      2516	80000170	7ae2c697	auipc	x13,0x7ae2c	 x13=0xfae2c16c
       25185000	      2517	80000174	55c5d597	auipc	x11,0x55c5d	 x11=0xd5c5d170
       25195000	      2518	80000178	27bf4437	lui	x8,0x27bf4	  x8=0x27bf4000
       25205000	      2519	8000017c	ffb30313	addi	x6,x6,-5	  x6:0x00000007  x6=0x00000002
       25215000	      2520	80000180	40635fb3	sra	x31,x6,x6	  x6:0x00000002  x6:0x00000002 x31=0x00000000
       25225000	      2521	80000184	cdee6e93	ori	x29,x28,-802	 x28:0x80009f84 x29=0xffffffde
       25235000	      2522	80000188	00300eb3	add	x29,x0,x3	  x0:0x00000000  x3:0x00000000 x29=0x00000000
       25245000	      2523	8000018c	c1734597	auipc	x11,0xc1734	 x11=0x41734188
       25255000	      2524	80000190	00e59f13	slli	x30,x11,0xe	 x11:0x41734188 x30=0xd0620000
       25265000	      2525	80000194	001952b3	srl	x5,x18,x1	 x18:0xca03f9a0  x1:0x00000001  x5=0x6501fcd0
       25275000	      2526	80000198	6bb12813	slti	x16,x2,1723	  x2:0x00000000 x16=0x00000001
       25285000	      2527	8000019c	00925593	srli	x11,x4,0x9	  x4:0x7fff603c x11=0x003fffb0
       25295000	      2528	800001a0	27b53413	sltiu	x8,x10,635	 x10:0x20000000  x8=0x00000000
       25305000	      2529	800001a4	40215533	sra	x10,x2,x2	  x2:0x00000000  x2:0x00000000 x10=0x00000000
       25315000	      2530	800001a8	2bc3f093	andi	x1,x7,700	  x7:0x00000000  x1=0x00000000
       25325000	      2531	800001ac	40935433	sra	x8,x6,x9	  x6:0x00000002  x9:0x000007cd  x8=0x00000000
       25335000	      2532	800001b0	faf37ae3	bgeu	x6,x15,80000164	  x6:0x00000002 x15:0x00000006
       25345000	      2533	800001b4	9362f093	andi	x1,x5,-1738	  x5:0x6501fcd0  x1=0x6501f810
       25355000	      2534	800001b8	00900493	addi	x9,x0,9	  x0:0x00000000  x9=0x00000009
       25365000	      2535	800001bc	0041c833	xor	x16,x3,x4	  x3:0x00000000  x4:0x7fff603c x16=0x7fff603c
       25375000	      2536	800001c0	006b7db3	and	x27,x22,x6	 x22:0x80002d38  x6:0x00000002 x27=0x00000000
       25385000	      2537	800001c4	00c533b3	sltu	x7,x10,x12	 x10:0x00000000 x12:0x00000003  x7=0x00000001
       25395000	      2538	800001c8	00e00e93	addi	x29,x0,14	  x0:0x00000000 x29=0x0000000e
       25405000	      2539	800001cc	fab02c13	slti	x24,x0,-85	  x0:0x00000000 x24=0x00000000
       25415000	      2540	800001d0	df570293	addi	x5,x14,-523	 x14:0x00001374  x5=0x00001169
       25425000	      2541	800001d4	403b5d33	sra	x26,x22,x3	 x22:0x80002d38  x3:0x00000000 x26=0x80002d38
       25435000	      2542	800001d8	88ad7193	andi	x3,x26,-1910	 x26:0x80002d38  x3=0x80002808
       25445000	      2543	800001dc	003da733	slt	x14,x27,x3	 x27:0x00000000  x3:0x80002808 x14=0x00000000
       25455000	      2544	800001e0	00448493	addi	x9,x9,4	  x9:0x00000009  x9=0x0000000d
       25465000	      2545	800001e4	005c6fb3	or	x31,x24,x5	 x24:0x00000000  x5:0x00001169 x31=0x00001169
       25475000	      2546	800001e8	ffe00693	addi	x13,x0,-2	  x0:0x00000000 x13=0xfffffffe
       25485000	      2547	800001ec	0009a2b3	slt	x5,x19,x0	 x19:0x80009b03  x0:0x00000000  x5=0x00000001
       25495000	      2548	800001f0	4024d013	srai	x0,x9,0x2	  x9:0x0000000d
       25505000	      2549	800001f4	fed00b93	addi	x23,x0,-19	  x0:0x00000000 x23=0xffffffed
       25515000	      2550	800001f8	4515a293	slti	x5,x11,1105	 x11:0x003fffb0  x5=0x00000000
       25525000	      2551	800001fc	43f6c193	xori	x3,x13,1087	 x13:0xfffffffe  x3=0xfffffbc1
       25535000	      2552	80000200	7fa3cc93	xori	x25,x7,2042	  x7:0x00000001 x25=0x000007fb
       25545000	      2553	80000204	011299b3	sll	x19,x5,x17	  x5:0x00000000 x17:0x80009fc4 x19=0x00000000
       25555000	      2554	80000208	41d7dd93	srai	x27,x15,0x1d	 x15:0x00000006 x27=0x00000000
       25565000	      2555	8000020c	01e39d33	sll	x26,x7,x30	  x7:0x00000001 x30:0xd0620000 x26=0x00000001
       25575000	      2556	80000210	5a834413	xori	x8,x6,1448	  x6:0x00000002  x8=0x000005aa
       25585000	      2557	80000214	00bcb233	sltu	x4,x25,x11	 x25:0x000007fb x11:0x003fffb0  x4=0x00000001
       25595000	      2558	80000218	7276fb13	andi	x22,x13,1831	 x13:0xfffffffe x22=0x00000726
       25605000	      2559	8000021c	022c8a13	addi	x20,x25,34	 x25:0x000007fb x20=0x0000081d
       25615000	      2560	80000220	ffa68693	addi	x13,x13,-6	 x13:0xfffffffe x13=0xfffffff8
       25625000	      2561	80000224	ff76dae3	bge	x13,x23,80000218	 x13:0xfffffff8 x23:0xffffffed
       25635000	      2562	00000000	00000013	addi	x0,x0,0	  x0:0x00000000
       25645000	      2563	80000214	00000013	addi	x0,x0,0	  x0:0x00000000
       25655000	      2564	80000218	7276fb13	andi	x22,x13,1831	 x13:0xfffffff8 x22=0x00000720
       25665000	      2565	8000021c	022c8a13	addi	x20,x25,34	 x25:0x000007fb x20=0x0000081d
       25675000	      2566	80000220	ffa68693	addi	x13,x13,-6	 x13:0xfffffff8 x13=0xfffffff2
       25685000	      2567	80000224	ff76dae3	bge	x13,x23,80000218	 x13:0xfffffff2 x23:0xffffffed
       25695000	      2568	00000000	00000013	addi	x0,x0,0	  x0:0x00000000
       25705000	      2569	80000214	00000013	addi	x0,x0,0	  x0:0x00000000
       25715000	      2570	80000218	7276fb13	andi	x22,x13,1831	 x13:0xfffffff2 x22=0x00000722
       25725000	      2571	8000021c	022c8a13	addi	x20,x25,34	 x25:0x000007fb x20=0x0000081d
       25735000	      2572	80000220	ffa68693	addi	x13,x13,-6	 x13:0xfffffff2 x13=0xffffffec
       25745000	      2573	80000224	ff76dae3	bge	x13,x23,80000218	 x13:0xffffffec x23:0xffffffed
       25755000	      2574	80000228	00399913	slli	x18,x19,0x3	 x19:0x00000000 x18=0x00000000
       25765000	      2575	8000022c	947fe713	ori	x14,x31,-1721	 x31:0x00001169 x14=0xfffff96f
       25775000	      2576	80000230	01bc27b3	slt	x15,x24,x27	 x24:0x00000000 x27:0x00000000 x15=0x00000000
       25785000	      2577	80000234	fbd4e2e3	bltu	x9,x29,800001d8	  x9:0x0000000d x29:0x0000000e
       25795000	      2578	00000000	00000013	addi	x0,x0,0	  x0:0x00000000
       25805000	      2579	800001d4	00000013	addi	x0,x0,0	  x0:0x00000000
       25815000	      2580	800001d8	88ad7193	andi	x3,x26,-1910	 x26:0x00000001  x3=0x00000000
       25825000	      2581	800001dc	003da733	slt	x14,x27,x3	 x27:0x00000000  x3:0x00000000 x14=0x00000000
       25835000	      2582	800001e0	00448493	addi	x9,x9,4	  x9:0x0000000d  x9=0x00000011
       25845000	      2583	800001e4	005c6fb3	or	x31,x24,x5	 x24:0x00000000  x5:0x00000000 x31=0x00000000
       25855000	      2584	800001e8	ffe00693	addi	x13,x0,-2	  x0:0x00000000 x13=0xfffffffe
       25865000	      2585	800001ec	0009a2b3	slt	x5,x19,x0	 x19:0x00000000  x0:0x00000000  x5=0x00000000
       25875000	      2586	800001f0	4024d013	srai	x0,x9,0x2	  x9:0x00000011
       25885000	      2587	800001f4	fed00b93	addi	x23,x0,-19	  x0:0x00000000 x23=0xffffffed
       25895000	      2588	800001f8	4515a293	slti	x5,x11,1105	 x11:0x003fffb0  x5=0x00000000
       25905000	      2589	800001fc	43f6c193	xori	x3,x13,1087	 x13:0xfffffffe  x3=0xfffffbc1
       25915000	      2590	80000200	7fa3cc93	xori	x25,x7,2042	  x7:0x00000001 x25=0x000007fb
       25925000	      2591	80000204	011299b3	sll	x19,x5,x17	  x5:0x00000000 x17:0x80009fc4 x19=0x00000000
       25935000	      2592	80000208	41d7dd93	srai	x27,x15,0x1d	 x15:0x00000000 x27=0x00000000
       25945000	      2593	8000020c	01e39d33	sll	x26,x7,x30	  x7:0x00000001 x30:0xd0620000 x26=0x00000001
       25955000	      2594	80000210	5a834413	xori	x8,x6,1448	  x6:0x00000002  x8=0x000005aa
       25965000	      2595	80000214	00bcb233	sltu	x4,x25,x11	 x25:0x000007fb x11:0x003fffb0  x4=0x00000001
       25975000	      2596	80000218	7276fb13	andi	x22,x13,1831	 x13:0xfffffffe x22=0x00000726
       25985000	      2597	8000021c	022c8a13	addi	x20,x25,34	 x25:0x000007fb x20=0x0000081d
       25995000	      2598	80000220	ffa68693	addi	x13,x13,-6	 x13:0xfffffffe x13=0xfffffff8
       26005000	      2599	80000224	ff76dae3	bge	x13,x23,80000218	 x13:0xfffffff8 x23:0xffffffed
       26015000	      2600	00000000	00000013	addi	x0,x0,0	  x0:0x00000000
       26025000	      2601	80000214	00000013	addi	x0,x0,0	  x0:0x00000000
       26035000	      2602	80000218	7276fb13	andi	x22,x13,1831	 x13:0xfffffff8 x22=0x00000720
       26045000	      2603	8000021c	022c8a13	addi	x20,x25,34	 x25:0x000007fb x20=0x0000081d
       26055000	      2604	80000220	ffa68693	addi	x13,x13,-6	 x13:0xfffffff8 x13=0xfffffff2
       26065000	      2605	80000224	ff76dae3	bge	x13,x23,80000218	 x13:0xfffffff2 x23:0xffffffed
       26075000	      2606	00000000	00000013	addi	x0,x0,0	  x0:0x00000000
       26085000	      2607	80000214	00000013	addi	x0,x0,0	  x0:0x00000000
       26095000	      2608	80000218	7276fb13	andi	x22,x13,1831	 x13:0xfffffff2 x22=0x00000722
       26105000	      2609	8000021c	022c8a13	addi	x20,x25,34	 x25:0x000007fb x20=0x0000081d
       26115000	      2610	80000220	ffa68693	addi	x13,x13,-6	 x13:0xfffffff2 x13=0xffffffec
       26125000	      2611	80000224	ff76dae3	bge	x13,x23,80000218	 x13:0xffffffec x23:0xffffffed
       26135000	      2612	80000228	00399913	slli	x18,x19,0x3	 x19:0x00000000 x18=0x00000000
       26145000	      2613	8000022c	947fe713	ori	x14,x31,-1721	 x31:0x00000000 x14=0xfffff947
       26155000	      2614	80000230	01bc27b3	slt	x15,x24,x27	 x24:0x00000000 x27:0x00000000 x15=0x00000000
       26165000	      2615	80000234	fbd4e2e3	bltu	x9,x29,800001d8	  x9:0x00000011 x29:0x0000000e
       26175000	      2616	80000238	a839b593	sltiu	x11,x19,-1405	 x19:0x00000000 x11=0x00000001
       26185000	      2617	8000023c	ffa00a13	addi	x20,x0,-6	  x0:0x00000000 x20=0xfffffffa
       26195000	      2618	80000240	00dd4cb3	xor	x25,x26,x13	 x26:0x00000001 x13:0xffffffec x25=0xffffffed
       26205000	      2619	80000244	e348b993	sltiu	x19,x17,-460	 x17:0x80009fc4 x19=0x00000001
       26215000	      2620	80000248	00e1bb33	sltu	x22,x3,x14	  x3:0xfffffbc1 x14:0xfffff947 x22=0x00000000
       26225000	      2621	8000024c	d78fe613	ori	x12,x31,-648	 x31:0x00000000 x12=0xfffffd78
       26235000	      2622	80000250	019e9513	slli	x10,x29,0x19	 x29:0x0000000e x10=0x1c000000
       26245000	      2623	80000254	def46593	ori	x11,x8,-529	  x8:0x000005aa x11=0xfffffdef
       26255000	      2624	80000258	41960db3	sub	x27,x12,x25	 x12:0xfffffd78 x25:0xffffffed x27=0xfffffd8b
       26265000	      2625	8000025c	04a72d93	slti	x27,x14,74	 x14:0xfffff947 x27=0x00000001
       26275000	      2626	80000260	00100693	addi	x13,x0,1	  x0:0x00000000 x13=0x00000001
       26285000	      2627	80000264	01f51333	sll	x6,x10,x31	 x10:0x1c000000 x31:0x00000000  x6=0x1c000000
       26295000	      2628	80000268	00a2f0b3	and	x1,x5,x10	  x5:0x00000000 x10:0x1c000000  x1=0x00000000
       26305000	      2629	8000026c	003e49b3	xor	x19,x28,x3	 x28:0x80009f84  x3:0xfffffbc1 x19=0x7fff6445
       26315000	      2630	80000270	0148ef33	or	x30,x17,x20	 x17:0x80009fc4 x20:0xfffffffa x30=0xfffffffe
       26325000	      2631	80000274	41a1dc33	sra	x24,x3,x26	  x3:0xfffffbc1 x26:0x00000001 x24=0xfffffde0
       26335000	      2632	80000278	015c9f93	slli	x31,x25,0x15	 x25:0xffffffed x31=0xfda00000
       26345000	      2633	8000027c	408a5eb3	sra	x29,x20,x8	 x20:0xfffffffa  x8:0x000005aa x29=0xffffffff
       26355000	      2634	80000280	307a3193	sltiu	x3,x20,775	 x20:0xfffffffa  x3=0x00000000
       26365000	      2635	80000284	91e90093	addi	x1,x18,-1762	 x18:0x00000000  x1=0xfffff91e
       26375000	      2636	80000288	56ea3497	auipc	x9,0x56ea3	  x9=0xd6ea3284
       26385000	      2637	8000028c	0171e333	or	x6,x3,x23	  x3:0x00000000 x23:0xffffffed  x6=0xffffffed
       26395000	      2638	80000290	40800933	sub	x18,x0,x8	  x0:0x00000000  x8:0x000005aa x18=0xfffffa56
       26405000	      2639	80000294	00515093	srli	x1,x2,0x5	  x2:0x00000000  x1=0x00000000
       26415000	      2640	80000298	00206333	or	x6,x0,x2	  x0:0x00000000  x2:0x00000000  x6=0x00000000
       26425000	      2641	8000029c	004a0a13	addi	x20,x20,4	 x20:0xfffffffa x20=0xfffffffe
       26435000	      2642	800002a0	01e61513	slli	x10,x12,0x1e	 x12:0xfffffd78 x10=0x00000000
       26445000	      2643	800002a4	48f63313	sltiu	x6,x12,1167	 x12:0xfffffd78  x6=0x00000000
       26455000	      2644	800002a8	fcda4ee3	blt	x20,x13,80000284	 x20:0xfffffffe x13:0x00000001
       26465000	      2645	00000000	00000013	addi	x0,x0,0	  x0:0x00000000
       26475000	      2646	80000280	00000013	addi	x0,x0,0	  x0:0x00000000
       26485000	      2647	80000284	91e90093	addi	x1,x18,-1762	 x18:0xfffffa56  x1=0xfffff374
       26495000	      2648	80000288	56ea3497	auipc	x9,0x56ea3	  x9=0xd6ea3284
       26505000	      2649	8000028c	0171e333	or	x6,x3,x23	  x3:0x00000000 x23:0xffffffed  x6=0xffffffed
       26515000	      2650	80000290	40800933	sub	x18,x0,x8	  x0:0x00000000  x8:0x000005aa x18=0xfffffa56
       26525000	      2651	80000294	00515093	srli	x1,x2,0x5	  x2:0x00000000  x1=0x00000000
       26535000	      2652	80000298	00206333	or	x6,x0,x2	  x0:0x00000000  x2:0x00000000  x6=0x00000000
       26545000	      2653	8000029c	004a0a13	addi	x20,x20,4	 x20:0xfffffffe x20=0x00000002
       26555000	      2654	800002a0	01e61513	slli	x10,x12,0x1e	 x12:0xfffffd78 x10=0x00000000
       26565000	      2655	800002a4	48f63313	sltiu	x6,x12,1167	 x12:0xfffffd78  x6=0x00000000
       26575000	      2656	800002a8	fcda4ee3	blt	x20,x13,80000284	 x20:0x00000002 x13:0x00000001
       26585000	      2657	800002ac	01ac9513	slli	x10,x25,0x1a	 x25:0xffffffed x10=0xb4000000
       26595000	      2658	800002b0	00500b93	addi	x23,x0,5	  x0:0x00000000 x23=0x00000005
       26605000	      2659	800002b4	00300713	addi	x14,x0,3	  x0:0x00000000 x14=0x00000003
       26615000	      2660	800002b8	00176633	or	x12,x14,x1	 x14:0x00000003  x1:0x00000000 x12=0x00000003
       26625000	      2661	800002bc	ffcb8b93	addi	x23,x23,-4	 x23:0x00000005 x23=0x00000001
       26635000	      2662	800002c0	ffe00313	addi	x6,x0,-2	  x0:0x00000000  x6=0xfffffffe
       26645000	      2663	800002c4	ffd00a93	addi	x21,x0,-3	  x0:0x00000000 x21=0xfffffffd
       26655000	      2664	800002c8	59550d93	addi	x27,x10,1429	 x10:0xb4000000 x27=0xb4000595
       26665000	      2665	800002cc	fff30313	addi	x6,x6,-1	  x6:0xfffffffe  x6=0xfffffffd
       26675000	      2666	800002d0	ff535ce3	bge	x6,x21,800002c8	  x6:0xfffffffd x21:0xfffffffd
       26685000	      2667	00000000	00000013	addi	x0,x0,0	  x0:0x00000000
       26695000	      2668	800002c4	00000013	addi	x0,x0,0	  x0:0x00000000
       26705000	      2669	800002c8	59550d93	addi	x27,x10,1429	 x10:0xb4000000 x27=0xb4000595
       26715000	      2670	800002cc	fff30313	addi	x6,x6,-1	  x6:0xfffffffd  x6=0xfffffffc
       26725000	      2671	800002d0	ff535ce3	bge	x6,x21,800002c8	  x6:0xfffffffc x21:0xfffffffd
       26735000	      2672	800002d4	feebd2e3	bge	x23,x14,800002b8	 x23:0x00000001 x14:0x00000003
       26745000	      2673	800002d8	693a7a13	andi	x20,x20,1683	 x20:0x00000002 x20=0x00000002
       26755000	      2674	800002dc	00600293	addi	x5,x0,6	  x0:0x00000000  x5=0x00000006
       26765000	      2675	800002e0	00800913	addi	x18,x0,8	  x0:0x00000000 x18=0x00000008
       26775000	      2676	800002e4	3517af13	slti	x30,x15,849	 x15:0x00000000 x30=0x00000001
       26785000	      2677	800002e8	00128293	addi	x5,x5,1	  x5:0x00000006  x5=0x00000007
       26795000	      2678	800002ec	8ec10993	addi	x19,x2,-1812	  x2:0x00000000 x19=0xfffff8ec
       26805000	      2679	800002f0	01389013	slli	x0,x17,0x13	 x17:0x80009fc4
       26815000	      2680	800002f4	011c65b3	or	x11,x24,x17	 x24:0xfffffde0 x17:0x80009fc4 x11=0xffffffe4
       26825000	      2681	800002f8	011cb333	sltu	x6,x25,x17	 x25:0xffffffed x17:0x80009fc4  x6=0x00000000
       26835000	      2682	800002fc	41a50db3	sub	x27,x10,x26	 x10:0xb4000000 x26:0x00000001 x27=0xb3ffffff
       26845000	      2683	80000300	00200193	addi	x3,x0,2	  x0:0x00000000  x3=0x00000002
       26855000	      2684	80000304	000a1593	slli	x11,x20,0x0	 x20:0x00000002 x11=0x00000002
       26865000	      2685	80000308	0158e633	or	x12,x17,x21	 x17:0x80009fc4 x21:0xfffffffd x12=0xfffffffd
       26875000	      2686	8000030c	00921633	sll	x12,x4,x9	  x4:0x00000001  x9:0xd6ea3284 x12=0x00000010
       26885000	      2687	80000310	00900513	addi	x10,x0,9	  x0:0x00000000 x10=0x00000009
       26895000	      2688	80000314	34a13db7	lui	x27,0x34a13	 x27=0x34a13000
       26905000	      2689	80000318	00000013	addi	x0,x0,0	  x0:0x00000000
       26915000	      2690	8000031c	013a1733	sll	x14,x20,x19	 x20:0x00000002 x19:0xfffff8ec x14=0x00002000
       26925000	      2691	80000320	0097b7b3	sltu	x15,x15,x9	 x15:0x00000000  x9:0xd6ea3284 x15=0x00000001
       26935000	      2692	80000324	407783b3	sub	x7,x15,x7	 x15:0x00000001  x7:0x00000001  x7=0x00000000
       26945000	      2693	80000328	00118193	addi	x3,x3,1	  x3:0x00000002  x3=0x00000003
       26955000	      2694	8000032c	fea1cae3	blt	x3,x10,80000320	  x3:0x00000003 x10:0x00000009
       26965000	      2695	00000000	00000013	addi	x0,x0,0	  x0:0x00000000
       26975000	      2696	8000031c	00000013	addi	x0,x0,0	  x0:0x00000000
       26985000	      2697	80000320	0097b7b3	sltu	x15,x15,x9	 x15:0x00000001  x9:0xd6ea3284 x15=0x00000001
       26995000	      2698	80000324	407783b3	sub	x7,x15,x7	 x15:0x00000001  x7:0x00000000  x7=0x00000001
       27005000	      2699	80000328	00118193	addi	x3,x3,1	  x3:0x00000003  x3=0x00000004
       27015000	      2700	8000032c	fea1cae3	blt	x3,x10,80000320	  x3:0x00000004 x10:0x00000009
       27025000	      2701	00000000	00000013	addi	x0,x0,0	  x0:0x00000000
       27035000	      2702	8000031c	00000013	addi	x0,x0,0	  x0:0x00000000
       27045000	      2703	80000320	0097b7b3	sltu	x15,x15,x9	 x15:0x00000001  x9:0xd6ea3284 x15=0x00000001
       27055000	      2704	80000324	407783b3	sub	x7,x15,x7	 x15:0x00000001  x7:0x00000001  x7=0x00000000
       27065000	      2705	80000328	00118193	addi	x3,x3,1	  x3:0x00000004  x3=0x00000005
       27075000	      2706	8000032c	fea1cae3	blt	x3,x10,80000320	  x3:0x00000005 x10:0x00000009
       27085000	      2707	00000000	00000013	addi	x0,x0,0	  x0:0x00000000
       27095000	      2708	8000031c	00000013	addi	x0,x0,0	  x0:0x00000000
       27105000	      2709	80000320	0097b7b3	sltu	x15,x15,x9	 x15:0x00000001  x9:0xd6ea3284 x15=0x00000001
       27115000	      2710	80000324	407783b3	sub	x7,x15,x7	 x15:0x00000001  x7:0x00000000  x7=0x00000001
       27125000	      2711	80000328	00118193	addi	x3,x3,1	  x3:0x00000005  x3=0x00000006
       27135000	      2712	8000032c	fea1cae3	blt	x3,x10,80000320	  x3:0x00000006 x10:0x00000009
       27145000	      2713	00000000	00000013	addi	x0,x0,0	  x0:0x00000000
       27155000	      2714	8000031c	00000013	addi	x0,x0,0	  x0:0x00000000
       27165000	      2715	80000320	0097b7b3	sltu	x15,x15,x9	 x15:0x00000001  x9:0xd6ea3284 x15=0x00000001
       27175000	      2716	80000324	407783b3	sub	x7,x15,x7	 x15:0x00000001  x7:0x00000001  x7=0x00000000
       27185000	      2717	80000328	00118193	addi	x3,x3,1	  x3:0x00000006  x3=0x00000007
       27195000	      2718	8000032c	fea1cae3	blt	x3,x10,80000320	  x3:0x00000007 x10:0x00000009
       27205000	      2719	00000000	00000013	addi	x0,x0,0	  x0:0x00000000
       27215000	      2720	8000031c	00000013	addi	x0,x0,0	  x0:0x00000000
       27225000	      2721	80000320	0097b7b3	sltu	x15,x15,x9	 x15:0x00000001  x9:0xd6ea3284 x15=0x00000001
       27235000	      2722	80000324	407783b3	sub	x7,x15,x7	 x15:0x00000001  x7:0x00000000  x7=0x00000001
       27245000	      2723	80000328	00118193	addi	x3,x3,1	  x3:0x00000007  x3=0x00000008
       27255000	      2724	8000032c	fea1cae3	blt	x3,x10,80000320	  x3:0x00000008 x10:0x00000009
       27265000	      2725	00000000	00000013	addi	x0,x0,0	  x0:0x00000000
       27275000	      2726	8000031c	00000013	addi	x0,x0,0	  x0:0x00000000
       27285000	      2727	80000320	0097b7b3	sltu	x15,x15,x9	 x15:0x00000001  x9:0xd6ea3284 x15=0x00000001
       27295000	      2728	80000324	407783b3	sub	x7,x15,x7	 x15:0x00000001  x7:0x00000001  x7=0x00000000
       27305000	      2729	80000328	00118193	addi	x3,x3,1	  x3:0x00000008  x3=0x00000009
       27315000	      2730	8000032c	fea1cae3	blt	x3,x10,80000320	  x3:0x00000009 x10:0x00000009
       27325000	      2731	80000330	de4fe593	ori	x11,x31,-540	 x31:0xfda00000 x11=0xfffffde4
       27335000	      2732	80000334	fb22c8e3	blt	x5,x18,800002e4	  x5:0x00000007 x18:0x00000008
       27345000	      2733	00000000	00000013	addi	x0,x0,0	  x0:0x00000000
       27355000	      2734	800002e0	00000013	addi	x0,x0,0	  x0:0x00000000
       27365000	      2735	800002e4	3517af13	slti	x30,x15,849	 x15:0x00000001 x30=0x00000001
       27375000	      2736	800002e8	00128293	addi	x5,x5,1	  x5:0x00000007  x5=0x00000008
       27385000	      2737	800002ec	8ec10993	addi	x19,x2,-1812	  x2:0x00000000 x19=0xfffff8ec
       27395000	      2738	800002f0	01389013	slli	x0,x17,0x13	 x17:0x80009fc4
       27405000	      2739	800002f4	011c65b3	or	x11,x24,x17	 x24:0xfffffde0 x17:0x80009fc4 x11=0xffffffe4
       27415000	      2740	800002f8	011cb333	sltu	x6,x25,x17	 x25:0xffffffed x17:0x80009fc4  x6=0x00000000
       27425000	      2741	800002fc	41a50db3	sub	x27,x10,x26	 x10:0x00000009 x26:0x00000001 x27=0x00000008
       27435000	      2742	80000300	00200193	addi	x3,x0,2	  x0:0x00000000  x3=0x00000002
       27445000	      2743	80000304	000a1593	slli	x11,x20,0x0	 x20:0x00000002 x11=0x00000002
       27455000	      2744	80000308	0158e633	or	x12,x17,x21	 x17:0x80009fc4 x21:0xfffffffd x12=0xfffffffd
       27465000	      2745	8000030c	00921633	sll	x12,x4,x9	  x4:0x00000001  x9:0xd6ea3284 x12=0x00000010
       27475000	      2746	80000310	00900513	addi	x10,x0,9	  x0:0x00000000 x10=0x00000009
       27485000	      2747	80000314	34a13db7	lui	x27,0x34a13	 x27=0x34a13000
       27495000	      2748	80000318	00000013	addi	x0,x0,0	  x0:0x00000000
       27505000	      2749	8000031c	013a1733	sll	x14,x20,x19	 x20:0x00000002 x19:0xfffff8ec x14=0x00002000
       27515000	      2750	80000320	0097b7b3	sltu	x15,x15,x9	 x15:0x00000001  x9:0xd6ea3284 x15=0x00000001
       27525000	      2751	80000324	407783b3	sub	x7,x15,x7	 x15:0x00000001  x7:0x00000000  x7=0x00000001
       27535000	      2752	80000328	00118193	addi	x3,x3,1	  x3:0x00000002  x3=0x00000003
       27545000	      2753	8000032c	fea1cae3	blt	x3,x10,80000320	  x3:0x00000003 x10:0x00000009
       27555000	      2754	00000000	00000013	addi	x0,x0,0	  x0:0x00000000
       27565000	      2755	8000031c	00000013	addi	x0,x0,0	  x0:0x00000000
       27575000	      2756	80000320	0097b7b3	sltu	x15,x15,x9	 x15:0x00000001  x9:0xd6ea3284 x15=0x00000001
       27585000	      2757	80000324	407783b3	sub	x7,x15,x7	 x15:0x00000001  x7:0x00000001  x7=0x00000000
       27595000	      2758	80000328	00118193	addi	x3,x3,1	  x3:0x00000003  x3=0x00000004
       27605000	      2759	8000032c	fea1cae3	blt	x3,x10,80000320	  x3:0x00000004 x10:0x00000009
       27615000	      2760	00000000	00000013	addi	x0,x0,0	  x0:0x00000000
       27625000	      2761	8000031c	00000013	addi	x0,x0,0	  x0:0x00000000
       27635000	      2762	80000320	0097b7b3	sltu	x15,x15,x9	 x15:0x00000001  x9:0xd6ea3284 x15=0x00000001
       27645000	      2763	80000324	407783b3	sub	x7,x15,x7	 x15:0x00000001  x7:0x00000000  x7=0x00000001
       27655000	      2764	80000328	00118193	addi	x3,x3,1	  x3:0x00000004  x3=0x00000005
       27665000	      2765	8000032c	fea1cae3	blt	x3,x10,80000320	  x3:0x00000005 x10:0x00000009
       27675000	      2766	00000000	00000013	addi	x0,x0,0	  x0:0x00000000
       27685000	      2767	8000031c	00000013	addi	x0,x0,0	  x0:0x00000000
       27695000	      2768	80000320	0097b7b3	sltu	x15,x15,x9	 x15:0x00000001  x9:0xd6ea3284 x15=0x00000001
       27705000	      2769	80000324	407783b3	sub	x7,x15,x7	 x15:0x00000001  x7:0x00000001  x7=0x00000000
       27715000	      2770	80000328	00118193	addi	x3,x3,1	  x3:0x00000005  x3=0x00000006
       27725000	      2771	8000032c	fea1cae3	blt	x3,x10,80000320	  x3:0x00000006 x10:0x00000009
       27735000	      2772	00000000	00000013	addi	x0,x0,0	  x0:0x00000000
       27745000	      2773	8000031c	00000013	addi	x0,x0,0	  x0:0x00000000
       27755000	      2774	80000320	0097b7b3	sltu	x15,x15,x9	 x15:0x00000001  x9:0xd6ea3284 x15=0x00000001
       27765000	      2775	80000324	407783b3	sub	x7,x15,x7	 x15:0x00000001  x7:0x00000000  x7=0x00000001
       27775000	      2776	80000328	00118193	addi	x3,x3,1	  x3:0x00000006  x3=0x00000007
       27785000	      2777	8000032c	fea1cae3	blt	x3,x10,80000320	  x3:0x00000007 x10:0x00000009
       27795000	      2778	00000000	00000013	addi	x0,x0,0	  x0:0x00000000
       27805000	      2779	8000031c	00000013	addi	x0,x0,0	  x0:0x00000000
       27815000	      2780	80000320	0097b7b3	sltu	x15,x15,x9	 x15:0x00000001  x9:0xd6ea3284 x15=0x00000001
       27825000	      2781	80000324	407783b3	sub	x7,x15,x7	 x15:0x00000001  x7:0x00000001  x7=0x00000000
       27835000	      2782	80000328	00118193	addi	x3,x3,1	  x3:0x00000007  x3=0x00000008
       27845000	      2783	8000032c	fea1cae3	blt	x3,x10,80000320	  x3:0x00000008 x10:0x00000009
       27855000	      2784	00000000	00000013	addi	x0,x0,0	  x0:0x00000000
       27865000	      2785	8000031c	00000013	addi	x0,x0,0	  x0:0x00000000
       27875000	      2786	80000320	0097b7b3	sltu	x15,x15,x9	 x15:0x00000001  x9:0xd6ea3284 x15=0x00000001
       27885000	      2787	80000324	407783b3	sub	x7,x15,x7	 x15:0x00000001  x7:0x00000000  x7=0x00000001
       27895000	      2788	80000328	00118193	addi	x3,x3,1	  x3:0x00000008  x3=0x00000009
       27905000	      2789	8000032c	fea1cae3	blt	x3,x10,80000320	  x3:0x00000009 x10:0x00000009
       27915000	      2790	80000330	de4fe593	ori	x11,x31,-540	 x31:0xfda00000 x11=0xfffffde4
       27925000	      2791	80000334	fb22c8e3	blt	x5,x18,800002e4	  x5:0x00000008 x18:0x00000008
       27935000	      2792	80000338	b157d5b7	lui	x11,0xb157d	 x11=0xb157d000
       27945000	      2793	8000033c	00300993	addi	x19,x0,3	  x0:0x00000000 x19=0x00000003
       27955000	      2794	80000340	4f4a3a13	sltiu	x20,x20,1268	 x20:0x00000002 x20=0x00000001
       27965000	      2795	80000344	00e00593	addi	x11,x0,14	  x0:0x00000000 x11=0x0000000e
       27975000	      2796	80000348	402f5013	srai	x0,x30,0x2	 x30:0x00000001
       27985000	      2797	8000034c	6c033b93	sltiu	x23,x6,1728	  x6:0x00000000 x23=0x00000001
       27995000	      2798	80000350	00498993	addi	x19,x19,4	 x19:0x00000003 x19=0x00000007
       28005000	      2799	80000354	feb9cce3	blt	x19,x11,8000034c	 x19:0x00000007 x11:0x0000000e
       28015000	      2800	00000000	00000013	addi	x0,x0,0	  x0:0x00000000
       28025000	      2801	80000348	00000013	addi	x0,x0,0	  x0:0x00000000
       28035000	      2802	8000034c	6c033b93	sltiu	x23,x6,1728	  x6:0x00000000 x23=0x00000001
       28045000	      2803	80000350	00498993	addi	x19,x19,4	 x19:0x00000007 x19=0x0000000b
       28055000	      2804	80000354	feb9cce3	blt	x19,x11,8000034c	 x19:0x0000000b x11:0x0000000e
       28065000	      2805	00000000	00000013	addi	x0,x0,0	  x0:0x00000000
       28075000	      2806	80000348	00000013	addi	x0,x0,0	  x0:0x00000000
       28085000	      2807	8000034c	6c033b93	sltiu	x23,x6,1728	  x6:0x00000000 x23=0x00000001
       28095000	      2808	80000350	00498993	addi	x19,x19,4	 x19:0x0000000b x19=0x0000000f
       28105000	      2809	80000354	feb9cce3	blt	x19,x11,8000034c	 x19:0x0000000f x11:0x0000000e
       28115000	      2810	80000358	01f05db3	srl	x27,x0,x31	  x0:0x00000000 x31:0xfda00000 x27=0x00000000
       28125000	      2811	8000035c	0002e233	or	x4,x5,x0	  x5:0x00000008  x0:0x00000000  x4=0x00000008
       28135000	      2812	80000360	80bf5d37	lui	x26,0x80bf5	 x26=0x80bf5000
       28145000	      2813	80000364	9a3e34b7	lui	x9,0x9a3e3	  x9=0x9a3e3000
       28155000	      2814	80000368	00000013	addi	x0,x0,0	  x0:0x00000000
       28165000	      2815	8000036c	419d50b3	sra	x1,x26,x25	 x26:0x80bf5000 x25:0xffffffed  x1=0xfffc05fa
       28175000	      2816	80000370	b9683493	sltiu	x9,x16,-1130	 x16:0x7fff603c  x9=0x00000001
       28185000	      2817	80000374	01ceec63	bltu	x29,x28,8000038c	 x29:0xffffffff x28:0x80009f84
       28195000	      2818	80000378	c51eb393	sltiu	x7,x29,-943	 x29:0xffffffff  x7=0x00000000
       28205000	      2819	8000037c	013143b3	xor	x7,x2,x19	  x2:0x00000000 x19:0x0000000f  x7=0x0000000f
       28215000	      2820	80000380	017536b3	sltu	x13,x10,x23	 x10:0x00000009 x23:0x00000001 x13=0x00000000
       28225000	      2821	80000384	0090b433	sltu	x8,x1,x9	  x1:0xfffc05fa  x9:0x00000001  x8=0x00000000
       28235000	      2822	80000388	5a965617	auipc	x12,0x5a965	 x12=0xda965384
       28245000	      2823	8000038c	017fa533	slt	x10,x31,x23	 x31:0xfda00000 x23:0x00000001 x10=0x00000001
       28255000	      2824	80000390	03b64263	blt	x12,x27,800003b4	 x12:0xda965384 x27:0x00000000
       28265000	      2825	00000000	00000013	addi	x0,x0,0	  x0:0x00000000
       28275000	      2826	800003b0	00000013	addi	x0,x0,0	  x0:0x00000000
       28285000	      2827	800003b4	043d8d13	addi	x26,x27,67	 x27:0x00000000 x26=0x00000043
       28295000	      2828	800003b8	b18bb293	sltiu	x5,x23,-1256	 x23:0x00000001  x5=0x00000001
       28305000	      2829	800003bc	6819c713	xori	x14,x19,1665	 x19:0x0000000f x14=0x0000068e
       28315000	      2830	800003c0	01fe7a63	bgeu	x28,x31,800003d4	 x28:0x80009f84 x31:0xfda00000
       28325000	      2831	800003c4	002dc6b3	xor	x13,x27,x2	 x27:0x00000000  x2:0x00000000 x13=0x00000000
       28335000	      2832	800003c8	1b364013	xori	x0,x12,435	 x12:0xda965384
       28345000	      2833	800003cc	04ad1663	bne	x26,x10,80000418	 x26:0x00000043 x10:0x00000001
       28355000	      2834	00000000	00000013	addi	x0,x0,0	  x0:0x00000000
       28365000	      2835	80000414	00000013	addi	x0,x0,0	  x0:0x00000000
       28375000	      2836	80000418	01ed2233	slt	x4,x26,x30	 x26:0x00000043 x30:0x00000001  x4=0x00000000
       28385000	      2837	8000041c	00d2d193	srli	x3,x5,0xd	  x5:0x00000001  x3=0x00000000
       28395000	      2838	80000420	b8e62a13	slti	x20,x12,-1138	 x12:0xda965384 x20=0x00000001
       28405000	      2839	80000424	05ad1663	bne	x26,x26,80000470	 x26:0x00000043 x26:0x00000043
       28415000	      2840	80000428	22e922b7	lui	x5,0x22e92	  x5=0x22e92000
       28425000	      2841	8000042c	dd750f13	addi	x30,x10,-553	 x10:0x00000001 x30=0xfffffdd8
       28435000	      2842	80000430	bc47af17	auipc	x30,0xbc47a	 x30=0x3c47a42c
       28445000	      2843	80000434	3395d337	lui	x6,0x3395d	  x6=0x3395d000
       28455000	      2844	80000438	01679433	sll	x8,x15,x22	 x15:0x00000001 x22:0x00000000  x8=0x00000001
       28465000	      2845	8000043c	005b3533	sltu	x10,x22,x5	 x22:0x00000000  x5:0x22e92000 x10=0x00000001
       28475000	      2846	80000440	604dba93	sltiu	x21,x27,1540	 x27:0x00000000 x21=0x00000001
       28485000	      2847	80000444	0040ad33	slt	x26,x1,x4	  x1:0xfffc05fa  x4:0x00000000 x26=0x00000001
       28495000	      2848	80000448	03020063	beq	x4,x16,80000468	  x4:0x00000000 x16:0x7fff603c
       28505000	      2849	8000044c	016a3033	sltu	x0,x20,x22	 x20:0x00000001 x22:0x00000000
       28515000	      2850	80000450	40c35b33	sra	x22,x6,x12	  x6:0x3395d000 x12:0xda965384 x22=0x03395d00
       28525000	      2851	80000454	002c07b3	add	x15,x24,x2	 x24:0xfffffde0  x2:0x00000000 x15=0xfffffde0
       28535000	      2852	80000458	0143efb3	or	x31,x7,x20	  x7:0x0000000f x20:0x00000001 x31=0x0000000f
       28545000	      2853	8000045c	01f7b9b3	sltu	x19,x15,x31	 x15:0xfffffde0 x31:0x0000000f x19=0x00000000
       28555000	      2854	80000460	01885cb3	srl	x25,x16,x24	 x16:0x7fff603c x24:0xfffffde0 x25=0x7fff603c
       28565000	      2855	80000464	0188c463	blt	x17,x24,8000046c	 x17:0x80009fc4 x24:0xfffffde0
       28575000	      2856	00000000	00000013	addi	x0,x0,0	  x0:0x00000000
       28585000	      2857	80000468	00000013	addi	x0,x0,0	  x0:0x00000000
       28595000	      2858	8000046c	aa333793	sltiu	x15,x6,-1373	  x6:0x3395d000 x15=0x00000001
       28605000	      2859	80000470	6a326193	ori	x3,x4,1699	  x4:0x00000000  x3=0x000006a3
       28615000	      2860	80000474	05605663	bge	x0,x22,800004c0	  x0:0x00000000 x22:0x03395d00
       28625000	      2861	80000478	18ec0593	addi	x11,x24,398	 x24:0xfffffde0 x11=0xffffff6e
       28635000	      2862	8000047c	010353b3	srl	x7,x6,x16	  x6:0x3395d000 x16:0x7fff603c  x7=0x00000003
       28645000	      2863	80000480	3c9f3b13	sltiu	x22,x30,969	 x30:0x3c47a42c x22=0x00000000
       28655000	      2864	80000484	00caa9b3	slt	x19,x21,x12	 x21:0x00000001 x12:0xda965384 x19=0x00000000
       28665000	      2865	80000488	040bf263	bgeu	x23,x0,800004cc	 x23:0x00000001  x0:0x00000000
       28675000	      2866	00000000	00000013	addi	x0,x0,0	  x0:0x00000000
       28685000	      2867	800004c8	00000013	addi	x0,x0,0	  x0:0x00000000
       28695000	      2868	800004cc	00c0ebb3	or	x23,x1,x12	  x1:0xfffc05fa x12:0xda965384 x23=0xfffe57fe
       28705000	      2869	800004d0	33830d13	addi	x26,x6,824	  x6:0x3395d000 x26=0x3395d338
       28715000	      2870	800004d4	0088e263	bltu	x17,x8,800004d8	 x17:0x80009fc4  x8:0x00000001
       28725000	      2871	800004d8	01cc84b3	add	x9,x25,x28	 x25:0x7fff603c x28:0x80009f84  x9=0xffffffc0
       28735000	      2872	800004dc	03341063	bne	x8,x19,800004fc	  x8:0x00000001 x19:0x00000000
       28745000	      2873	00000000	00000013	addi	x0,x0,0	  x0:0x00000000
       28755000	      2874	800004f8	00000013	addi	x0,x0,0	  x0:0x00000000
       28765000	      2875	800004fc	409f8433	sub	x8,x31,x9	 x31:0x0000000f  x9:0xffffffc0  x8=0x0000004f
       28775000	      2876	80000500	8c216493	ori	x9,x2,-1854	  x2:0x00000000  x9=0xfffff8c2
       28785000	      2877	80000504	6d508413	addi	x8,x1,1749	  x1:0xfffc05fa  x8=0xfffc0ccf
       28795000	      2878	80000508	01811b93	slli	x23,x2,0x18	  x2:0x00000000 x23=0x00000000
       28805000	      2879	8000050c	bbf6cb13	xori	x22,x13,-1089	 x13:0x00000000 x22=0xfffffbbf
       28815000	      2880	80000510	bb676197	auipc	x3,0xbb676	  x3=0x3b67650c
       28825000	      2881	80000514	00000013	addi	x0,x0,0	  x0:0x00000000
       28835000	      2882	80000518	dfd8bc93	sltiu	x25,x17,-515	 x17:0x80009fc4 x25=0x00000001
       28845000	      2883	8000051c	00b846b3	xor	x13,x16,x11	 x16:0x7fff603c x11:0xffffff6e x13=0x80009f52
       28855000	      2884	80000520	426ea4b7	lui	x9,0x426ea	  x9=0x426ea000
       28865000	      2885	80000524	64347313	andi	x6,x8,1603	  x8:0xfffc0ccf  x6=0x00000443
       28875000	      2886	80000528	022fea63	bltu	x31,x2,8000055c	 x31:0x0000000f  x2:0x00000000
       28885000	      2887	8000052c	016bd833	srl	x16,x23,x22	 x23:0x00000000 x22:0xfffffbbf x16=0x00000000
       28895000	      2888	80000530	01ed51b3	srl	x3,x26,x30	 x26:0x3395d338 x30:0x3c47a42c  x3=0x0003395d
       28905000	      2889	80000534	66316c13	ori	x24,x2,1635	  x2:0x00000000 x24=0x00000663
       28915000	      2890	80000538	03bfe463	bltu	x31,x27,80000560	 x31:0x0000000f x27:0x00000000
       28925000	      2891	8000053c	03b10063	beq	x2,x27,8000055c	  x2:0x00000000 x27:0x00000000
       28935000	      2892	00000000	00000013	addi	x0,x0,0	  x0:0x00000000
       28945000	      2893	80000558	00000013	addi	x0,x0,0	  x0:0x00000000
       28955000	      2894	8000055c	01ff3eb3	sltu	x29,x30,x31	 x30:0x3c47a42c x31:0x0000000f x29=0x00000000
       28965000	      2895	80000560	00bb6833	or	x16,x22,x11	 x22:0xfffffbbf x11:0xffffff6e x16=0xffffffff
       28975000	      2896	80000564	84adce97	auipc	x29,0x84adc	 x29=0x04adc560
       28985000	      2897	80000568	05f56063	bltu	x10,x31,800005a8	 x10:0x00000001 x31:0x0000000f
       28995000	      2898	00000000	00000013	addi	x0,x0,0	  x0:0x00000000
       29005000	      2899	800005a4	00000013	addi	x0,x0,0	  x0:0x00000000
       29015000	      2900	800005a8	00c78e63	beq	x15,x12,800005c4	 x15:0x00000001 x12:0xda965384
       29025000	      2901	800005ac	ca73a717	auipc	x14,0xca73a	 x14=0x4a73a5a8
       29035000	      2902	800005b0	00000013	addi	x0,x0,0	  x0:0x00000000
       29045000	      2903	800005b4	0075edb3	or	x27,x11,x7	 x11:0xffffff6e  x7:0x00000003 x27=0xffffff6f
       29055000	      2904	800005b8	00e5c263	blt	x11,x14,800005bc	 x11:0xffffff6e x14:0x4a73a5a8
       29065000	      2905	00000000	00000013	addi	x0,x0,0	  x0:0x00000000
       29075000	      2906	800005b8	00000013	addi	x0,x0,0	  x0:0x00000000
       29085000	      2907	800005bc	f3be9797	auipc	x15,0xf3be9	 x15=0x73be95b8
       29095000	      2908	800005c0	030dea63	bltu	x27,x16,800005f4	 x27:0xffffff6f x16:0xffffffff
       29105000	      2909	00000000	00000013	addi	x0,x0,0	  x0:0x00000000
       29115000	      2910	800005f0	00000013	addi	x0,x0,0	  x0:0x00000000
       29125000	      2911	800005f4	00181b13	slli	x22,x16,0x1	 x16:0xffffffff x22=0xfffffffe
       29135000	      2912	800005f8	00d1c463	blt	x3,x13,80000600	  x3:0x0003395d x13:0x80009f52
       29145000	      2913	800005fc	0c997093	andi	x1,x18,201	 x18:0x00000008  x1=0x00000008
       29155000	      2914	80000600	401fdf13	srai	x30,x31,0x1	 x31:0x0000000f x30=0x00000007
       29165000	      2915	80000604	11a15297	auipc	x5,0x11a15	  x5=0x91a15600
       29175000	      2916	80000608	012f1c13	slli	x24,x30,0x12	 x30:0x00000007 x24=0x001c0000
       29185000	      2917	8000060c	338bb693	sltiu	x13,x23,824	 x23:0x00000000 x13=0x00000001
       29195000	      2918	80000610	00bf6533	or	x10,x30,x11	 x30:0x00000007 x11:0xffffff6e x10=0xffffff6f
       29205000	      2919	80000614	8d6cfd93	andi	x27,x25,-1834	 x25:0x00000001 x27=0x00000000
       29215000	      2920	80000618	01a7c233	xor	x4,x15,x26	 x15:0x73be95b8 x26:0x3395d338  x4=0x402b4680
       29225000	      2921	8000061c	058d4263	blt	x26,x24,80000660	 x26:0x3395d338 x24:0x001c0000
       29235000	      2922	80000620	07486213	ori	x4,x16,116	 x16:0xffffffff  x4=0xffffffff
       29245000	      2923	80000624	dff6e813	ori	x16,x13,-513	 x13:0x00000001 x16=0xfffffdff
       29255000	      2924	80000628	01d09213	slli	x4,x1,0x1d	  x1:0x00000008  x4=0x00000000
       29265000	      2925	8000062c	01bc6333	or	x6,x24,x27	 x24:0x001c0000 x27:0x00000000  x6=0x001c0000
       29275000	      2926	80000630	4d09c197	auipc	x3,0x4d09c	  x3=0xcd09c62c
       29285000	      2927	80000634	403e0cb3	sub	x25,x28,x3	 x28:0x80009f84  x3:0xcd09c62c x25=0xb2f6d958
       29295000	      2928	80000638	02a7e063	bltu	x15,x10,80000658	 x15:0x73be95b8 x10:0xffffff6f
       29305000	      2929	00000000	00000013	addi	x0,x0,0	  x0:0x00000000
       29315000	      2930	80000654	00000013	addi	x0,x0,0	  x0:0x00000000
       29325000	      2931	80000658	6cb7c293	xori	x5,x15,1739	 x15:0x73be95b8  x5=0x73be9373
       29335000	      2932	8000065c	5c034693	xori	x13,x6,1472	  x6:0x001c0000 x13=0x001c05c0
       29345000	      2933	80000660	406a82b3	sub	x5,x21,x6	 x21:0x00000001  x6:0x001c0000  x5=0xffe40001
       29355000	      2934	80000664	05040063	beq	x8,x16,800006a4	  x8:0xfffc0ccf x16:0xfffffdff
       29365000	      2935	80000668	0fc5af13	slti	x30,x11,252	 x11:0xffffff6e x30=0x00000001
       29375000	      2936	8000066c	04ac4663	blt	x24,x10,800006b8	 x24:0x001c0000 x10:0xffffff6f
       29385000	      2937	80000670	38beea93	ori	x21,x29,907	 x29:0x04adc560 x21=0x04adc7eb
       29395000	      2938	80000674	01025bb3	srl	x23,x4,x16	  x4:0x00000000 x16:0xfffffdff x23=0x00000000
       29405000	      2939	80000678	4131db33	sra	x22,x3,x19	  x3:0xcd09c62c x19:0x00000000 x22=0xcd09c62c
       29415000	      2940	8000067c	0081e0b3	or	x1,x3,x8	  x3:0xcd09c62c  x8:0xfffc0ccf  x1=0xfffdceef
       29425000	      2941	80000680	410285b3	sub	x11,x5,x16	  x5:0xffe40001 x16:0xfffffdff x11=0xffe40202
       29435000	      2942	80000684	f75e8d37	lui	x26,0xf75e8	 x26=0xf75e8000
       29445000	      2943	80000688	032d9a63	bne	x27,x18,800006bc	 x27:0x00000000 x18:0x00000008
       29455000	      2944	00000000	00000013	addi	x0,x0,0	  x0:0x00000000
       29465000	      2945	800006b8	00000013	addi	x0,x0,0	  x0:0x00000000
       29475000	      2946	800006bc	00dbd193	srli	x3,x23,0xd	 x23:0x00000000  x3=0x00000000
       29485000	      2947	800006c0	00655793	srli	x15,x10,0x6	 x10:0xffffff6f x15=0x03fffffd
       29495000	      2948	800006c4	00b41213	slli	x4,x8,0xb	  x8:0xfffc0ccf  x4=0xe0667800
       29505000	      2949	800006c8	0004e1b3	or	x3,x9,x0	  x9:0x426ea000  x0:0x00000000  x3=0x426ea000
       29515000	      2950	800006cc	6bc956b7	lui	x13,0x6bc95	 x13=0x6bc95000
       29525000	      2951	800006d0	01aaf7b3	and	x15,x21,x26	 x21:0x04adc7eb x26:0xf75e8000 x15=0x040c8000
       29535000	      2952	800006d4	2cdeb0b7	lui	x1,0x2cdeb	  x1=0x2cdeb000
       29545000	      2953	800006d8	74b0e793	ori	x15,x1,1867	  x1:0x2cdeb000 x15=0x2cdeb74b
       29555000	      2954	800006dc	01f95933	srl	x18,x18,x31	 x18:0x00000008 x31:0x0000000f x18=0x00000000
       29565000	      2955	800006e0	00070db3	add	x27,x14,x0	 x14:0x4a73a5a8  x0:0x00000000 x27=0x4a73a5a8
       29575000	      2956	800006e4	7ff87593	andi	x11,x16,2047	 x16:0xfffffdff x11=0x000005ff
       29585000	      2957	800006e8	13a82793	slti	x15,x16,314	 x16:0xfffffdff x15=0x00000001
       29595000	      2958	800006ec	b891ab93	slti	x23,x3,-1143	  x3:0x426ea000 x23=0x00000000
       29605000	      2959	800006f0	00221c13	slli	x24,x4,0x2	  x4:0xe0667800 x24=0x8199e000
       29615000	      2960	800006f4	01ffa333	slt	x6,x31,x31	 x31:0x0000000f x31:0x0000000f  x6=0x00000000
       29625000	      2961	800006f8	007e19b3	sll	x19,x28,x7	 x28:0x80009f84  x7:0x00000003 x19=0x0004fc20
       29635000	      2962	800006fc	00a2fc63	bgeu	x5,x10,80000714	  x5:0xffe40001 x10:0xffffff6f
       29645000	      2963	80000700	012d96b3	sll	x13,x27,x18	 x27:0x4a73a5a8 x18:0x00000000 x13=0x4a73a5a8
       29655000	      2964	80000704	41390a33	sub	x20,x18,x19	 x18:0x00000000 x19:0x0004fc20 x20=0xfffb03e0
       29665000	      2965	80000708	01c7e1b3	or	x3,x15,x28	 x15:0x00000001 x28:0x80009f84  x3=0x80009f85
       29675000	      2966	8000070c	15528d13	addi	x26,x5,341	  x5:0xffe40001 x26=0xffe40156
       29685000	      2967	80000710	1b4c3913	sltiu	x18,x24,436	 x24:0x8199e000 x18=0x00000000
       29695000	      2968	80000714	00fc14b3	sll	x9,x24,x15	 x24:0x8199e000 x15:0x00000001  x9=0x0333c000
       29705000	      2969	80000718	01a245b3	xor	x11,x4,x26	  x4:0xe0667800 x26:0xffe40156 x11=0x1f827956
       29715000	      2970	8000071c	2b40a713	slti	x14,x1,692	  x1:0x2cdeb000 x14=0x00000000
       29725000	      2971	80000720	009fb2b3	sltu	x5,x31,x9	 x31:0x0000000f  x9:0x0333c000  x5=0x00000001
       29735000	      2972	80000724	e7860c37	lui	x24,0xe7860	 x24=0xe7860000
       29745000	      2973	80000728	06466e63	bltu	x12,x4,800007a4	 x12:0xda965384  x4:0xe0667800
       29755000	      2974	00000000	00000013	addi	x0,x0,0	  x0:0x00000000
       29765000	      2975	800007a0	00000013	addi	x0,x0,0	  x0:0x00000000
       29775000	      2976	800007a4	10e3f693	andi	x13,x7,270	  x7:0x00000003 x13=0x00000002
       29785000	      2977	800007a8	02841063	bne	x8,x8,800007c8	  x8:0xfffc0ccf  x8:0xfffc0ccf
       29795000	      2978	800007ac	00dfcbb3	xor	x23,x31,x13	 x31:0x0000000f x13:0x00000002 x23=0x0000000d
       29805000	      2979	800007b0	01f05ab3	srl	x21,x0,x31	  x0:0x00000000 x31:0x0000000f x21=0x00000000
       29815000	      2980	800007b4	0490c263	blt	x1,x9,800007f8	  x1:0x2cdeb000  x9:0x0333c000
       29825000	      2981	800007b8	0000f2b3	and	x5,x1,x0	  x1:0x2cdeb000  x0:0x00000000  x5=0x00000000
       29835000	      2982	800007bc	01ea1293	slli	x5,x20,0x1e	 x20:0xfffb03e0  x5=0x00000000
       29845000	      2983	800007c0	0160b9b3	sltu	x19,x1,x22	  x1:0x2cdeb000 x22:0xcd09c62c x19=0x00000001
       29855000	      2984	800007c4	00000013	addi	x0,x0,0	  x0:0x00000000
       29865000	      2985	800007c8	413482b3	sub	x5,x9,x19	  x9:0x0333c000 x19:0x00000001  x5=0x0333bfff
       29875000	      2986	800007cc	e2217593	andi	x11,x2,-478	  x2:0x00000000 x11=0x00000000
       29885000	      2987	800007d0	03ab4063	blt	x22,x26,800007f0	 x22:0xcd09c62c x26:0xffe40156
       29895000	      2988	00000000	00000013	addi	x0,x0,0	  x0:0x00000000
       29905000	      2989	800007ec	00000013	addi	x0,x0,0	  x0:0x00000000
       29915000	      2990	800007f0	6d4e2093	slti	x1,x28,1748	 x28:0x80009f84  x1=0x00000001
       29925000	      2991	800007f4	01e02633	slt	x12,x0,x30	  x0:0x00000000 x30:0x00000001 x12=0x00000001
       29935000	      2992	800007f8	000fc533	xor	x10,x31,x0	 x31:0x0000000f  x0:0x00000000 x10=0x0000000f
       29945000	      2993	800007fc	41e9d933	sra	x18,x19,x30	 x19:0x00000001 x30:0x00000001 x18=0x00000000
       29955000	      2994	80000800	0434f663	bgeu	x9,x3,8000084c	  x9:0x0333c000  x3:0x80009f85
       29965000	      2995	80000804	0039b2b3	sltu	x5,x19,x3	 x19:0x00000001  x3:0x80009f85  x5=0x00000001
       29975000	      2996	80000808	4810bb93	sltiu	x23,x1,1153	  x1:0x00000001 x23=0x00000001
       29985000	      2997	8000080c	21e96c13	ori	x24,x18,542	 x18:0x00000000 x24=0x0000021e
       29995000	      2998	80000810	41ca8c33	sub	x24,x21,x28	 x21:0x00000000 x28:0x80009f84 x24=0x7fff607c
       30005000	      2999	80000814	0517e063	bltu	x15,x17,80000854	 x15:0x00000001 x17:0x80009fc4
       30015000	      3000	00000000	00000013	addi	x0,x0,0	  x0:0x00000000
       30025000	      3001	80000850	00000013	addi	x0,x0,0	  x0:0x00000000
       30035000	      3002	80000854	00589663	bne	x17,x5,80000860	 x17:0x80009fc4  x5:0x00000001
       30045000	      3003	00000000	00000013	addi	x0,x0,0	  x0:0x00000000
       30055000	      3004	8000085c	00000013	addi	x0,x0,0	  x0:0x00000000
       30065000	      3005	80000860	00000013	addi	x0,x0,0	  x0:0x00000000
       30075000	      3006	80000864	00000117	auipc	x2,0x0	  x2=0x80000860
       30085000	      3007	80000868	00c10113	addi	x2,x2,12	  x2:0x80000860  x2=0x8000086c
       30095000	      3008	8000086c	00010067	jalr	x0,x2,0	  x2:0x8000086c
       30105000	      3009	00000000	00000013	addi	x0,x0,0	  x0:0x00000000
       30115000	      3010	8000086c	00000013	addi	x0,x0,0	  x0:0x00000000
       30125000	      3011	80000870	00100193	addi	x3,x0,1	  x0:0x00000000  x3=0x00000001
       30135000	      3012	80000874	00000073	ecall	
       30145000	      3013	80000878	00059463	bne	x11,x0,80000880	 x11:0x00000000  x0:0x00000000
