		Time			Cycle	PC		Insn	Decoded instruction	Register and memory contents
          65000	         5	80000004	00000293	addi	x5,x0,0	  x0:0x00000000  x5=0x00000000
          75000	         6	80000008	00000313	addi	x6,x0,0	  x0:0x00000000  x6=0x00000000
          85000	         7	8000000c	00628263	beq	x5,x6,80000010	  x5:0x00000000  x6:0x00000000
          95000	         8	00000000	00000013	addi	x0,x0,0	  x0:0x00000000
         105000	         9	8000000c	00000013	addi	x0,x0,0	  x0:0x00000000
         115000	        10	80000010	00000b17	auipc	x22,0x0	 x22=0x8000000c
         125000	        11	80000014	00cb0b13	addi	x22,x22,12	 x22:0x8000000c x22=0x80000018
         135000	        12	80000018	000b0067	jalr	x0,x22,0	 x22:0x80000018
         145000	        13	00000000	00000013	addi	x0,x0,0	  x0:0x00000000
         155000	        14	80000018	00000013	addi	x0,x0,0	  x0:0x00000000
         165000	        15	8000001c	40000637	lui	x12,0x40000	 x12=0x40000000
         175000	        16	80000020	10060613	addi	x12,x12,256	 x12:0x40000000 x12=0x40000100
         185000	        17	80000024	00000013	addi	x0,x0,0	  x0:0x00000000
         195000	        18	80000028	0000af97	auipc	x31,0xa	 x31=0x8000a024
         205000	        19	8000002c	fa0f8f93	addi	x31,x31,-96	 x31:0x8000a024 x31=0x80009fc4
         215000	        20	80000030	00003617	auipc	x12,0x3	 x12=0x8000302c
         225000	        21	80000034	7a460613	addi	x12,x12,1956	 x12:0x8000302c x12=0x800037d0
         235000	        22	80000038	00166613	ori	x12,x12,1	 x12:0x800037d0 x12=0x800037d1
         245000	        23	8000003c	00000013	addi	x0,x0,0	  x0:0x00000000
         255000	        24	80000040	00000617	auipc	x12,0x0	 x12=0x8000003c
         265000	        25	80000044	02060613	addi	x12,x12,32	 x12:0x8000003c x12=0x8000005c
         275000	        26	80000048	00000013	addi	x0,x0,0	  x0:0x00000000
         285000	        27	8000004c	00000013	addi	x0,x0,0	  x0:0x00000000
         295000	        28	80000050	00002637	lui	x12,0x2	 x12=0x00002000
         305000	        29	80000054	80060613	addi	x12,x12,-2048	 x12:0x00002000 x12=0x00001800
         315000	        30	80000058	00000013	addi	x0,x0,0	  x0:0x00000000
         325000	        31	8000005c	00000013	addi	x0,x0,0	  x0:0x00000000
         335000	        32	80000060	6bf23037	lui	x0,0x6bf23	
         345000	        33	80000064	cd200013	addi	x0,x0,-814	  x0:0x00000000
         355000	        34	80000068	fc2ba0b7	lui	x1,0xfc2ba	  x1=0xfc2ba000
         365000	        35	8000006c	67c08093	addi	x1,x1,1660	  x1:0xfc2ba000  x1=0xfc2ba67c
         375000	        36	80000070	f4c75137	lui	x2,0xf4c75	  x2=0xf4c75000
         385000	        37	80000074	a6010113	addi	x2,x2,-1440	  x2:0xf4c75000  x2=0xf4c74a60
         395000	        38	80000078	00d00193	addi	x3,x0,13	  x0:0x00000000  x3=0x0000000d
         405000	        39	8000007c	80000237	lui	x4,0x80000	  x4=0x80000000
         415000	        40	80000080	800002b7	lui	x5,0x80000	  x5=0x80000000
         425000	        41	80000084	00000313	addi	x6,x0,0	  x0:0x00000000  x6=0x00000000
         435000	        42	80000088	800003b7	lui	x7,0x80000	  x7=0x80000000
         445000	        43	8000008c	00000413	addi	x8,x0,0	  x0:0x00000000  x8=0x00000000
         455000	        44	80000090	fc61b4b7	lui	x9,0xfc61b	  x9=0xfc61b000
         465000	        45	80000094	97548493	addi	x9,x9,-1675	  x9:0xfc61b000  x9=0xfc61a975
         475000	        46	80000098	00000513	addi	x10,x0,0	  x0:0x00000000 x10=0x00000000
         485000	        47	8000009c	f9d915b7	lui	x11,0xf9d91	 x11=0xf9d91000
         495000	        48	800000a0	4c758593	addi	x11,x11,1223	 x11:0xf9d91000 x11=0xf9d914c7
         505000	        49	800000a4	4d36e637	lui	x12,0x4d36e	 x12=0x4d36e000
         515000	        50	800000a8	7de60613	addi	x12,x12,2014	 x12:0x4d36e000 x12=0x4d36e7de
         525000	        51	800000ac	00000693	addi	x13,x0,0	  x0:0x00000000 x13=0x00000000
         535000	        52	800000b0	7e7b5737	lui	x14,0x7e7b5	 x14=0x7e7b5000
         545000	        53	800000b4	28670713	addi	x14,x14,646	 x14:0x7e7b5000 x14=0x7e7b5286
         555000	        54	800000b8	800007b7	lui	x15,0x80000	 x15=0x80000000
         565000	        55	800000bc	c791a837	lui	x16,0xc791a	 x16=0xc791a000
         575000	        56	800000c0	d9680813	addi	x16,x16,-618	 x16:0xc791a000 x16=0xc7919d96
         585000	        57	800000c4	800008b7	lui	x17,0x80000	 x17=0x80000000
         595000	        58	800000c8	0aaa0937	lui	x18,0xaaa0	 x18=0x0aaa0000
         605000	        59	800000cc	9a590913	addi	x18,x18,-1627	 x18:0x0aaa0000 x18=0x0aa9f9a5
         615000	        60	800000d0	fa3819b7	lui	x19,0xfa381	 x19=0xfa381000
         625000	        61	800000d4	0ed98993	addi	x19,x19,237	 x19:0xfa381000 x19=0xfa3810ed
         635000	        62	800000d8	6cdfda37	lui	x20,0x6cdfd	 x20=0x6cdfd000
         645000	        63	800000dc	27da0a13	addi	x20,x20,637	 x20:0x6cdfd000 x20=0x6cdfd27d
         655000	        64	800000e0	00200a93	addi	x21,x0,2	  x0:0x00000000 x21=0x00000002
         665000	        65	800000e4	00000b13	addi	x22,x0,0	  x0:0x00000000 x22=0x00000000
         675000	        66	800000e8	b35cbc37	lui	x24,0xb35cb	 x24=0xb35cb000
         685000	        67	800000ec	82fc0c13	addi	x24,x24,-2001	 x24:0xb35cb000 x24=0xb35ca82f
         695000	        68	800000f0	80000cb7	lui	x25,0x80000	 x25=0x80000000
         705000	        69	800000f4	86474d37	lui	x26,0x86474	 x26=0x86474000
         715000	        70	800000f8	f0ed0d13	addi	x26,x26,-242	 x26:0x86474000 x26=0x86473f0e
         725000	        71	800000fc	f1658db7	lui	x27,0xf1658	 x27=0xf1658000
         735000	        72	80000100	634d8d93	addi	x27,x27,1588	 x27:0xf1658000 x27=0xf1658634
         745000	        73	80000104	f8afee37	lui	x28,0xf8afe	 x28=0xf8afe000
         755000	        74	80000108	e45e0e13	addi	x28,x28,-443	 x28:0xf8afe000 x28=0xf8afde45
         765000	        75	8000010c	00200e93	addi	x29,x0,2	  x0:0x00000000 x29=0x00000002
         775000	        76	80000110	f169cf37	lui	x30,0xf169c	 x30=0xf169c000
         785000	        77	80000114	dbcf0f13	addi	x30,x30,-580	 x30:0xf169c000 x30=0xf169bdbc
         795000	        78	80000118	0000ab97	auipc	x23,0xa	 x23=0x8000a114
         805000	        79	8000011c	e70b8b93	addi	x23,x23,-400	 x23:0x8000a114 x23=0x80009f84
         815000	        80	80000120	ffa00a13	addi	x20,x0,-6	  x0:0x00000000 x20=0xfffffffa
         825000	        81	80000124	48d8c413	xori	x8,x17,1165	 x17:0x80000000  x8=0x8000048d
         835000	        82	80000128	4a279d37	lui	x26,0x4a279	 x26=0x4a279000
         845000	        83	8000012c	00000013	addi	x0,x0,0	  x0:0x00000000
         855000	        84	80000130	01132433	slt	x8,x6,x17	  x6:0x00000000 x17:0x80000000  x8=0x00000000
         865000	        85	80000134	0030f833	and	x16,x1,x3	  x1:0xfc2ba67c  x3:0x0000000d x16=0x0000000c
         875000	        86	80000138	00036cb3	or	x25,x6,x0	  x6:0x00000000  x0:0x00000000 x25=0x00000000
         885000	        87	8000013c	6f2d6617	auipc	x12,0x6f2d6	 x12=0xef2d6138
         895000	        88	80000140	088f0337	lui	x6,0x88f0	  x6=0x088f0000
         905000	        89	80000144	01fc1733	sll	x14,x24,x31	 x24:0xb35ca82f x31:0x80009fc4 x14=0x35ca82f0
         915000	        90	80000148	ff300093	addi	x1,x0,-13	  x0:0x00000000  x1=0xfffffff3
         925000	        91	8000014c	40d90133	sub	x2,x18,x13	 x18:0x0aa9f9a5 x13:0x00000000  x2=0x0aa9f9a5
         935000	        92	80000150	00c88eb3	add	x29,x17,x12	 x17:0x80000000 x12:0xef2d6138 x29=0x6f2d6138
         945000	        93	80000154	017b88b3	add	x17,x23,x23	 x23:0x80009f84 x23:0x80009f84 x17=0x00013f08
         955000	        94	80000158	d1d97213	andi	x4,x18,-739	 x18:0x0aa9f9a5  x4=0x0aa9f905
         965000	        95	8000015c	ff9a0a13	addi	x20,x20,-7	 x20:0xfffffffa x20=0xfffffff3
         975000	        96	80000160	fe1a16e3	bne	x20,x1,8000014c	 x20:0xfffffff3  x1:0xfffffff3
         985000	        97	80000164	cabae313	ori	x6,x21,-853	 x21:0x00000002  x6=0xfffffcab
         995000	        98	80000168	0bad9263	bne	x27,x26,8000020c	 x27:0xf1658634 x26:0x4a279000
        1005000	        99	00000000	00000013	addi	x0,x0,0	  x0:0x00000000
        1015000	       100	80000208	00000013	addi	x0,x0,0	  x0:0x00000000
        1025000	       101	8000020c	95a38897	auipc	x17,0x95a38	 x17=0x15a38208
        1035000	       102	80000210	01fa3133	sltu	x2,x20,x31	 x20:0xfffffff3 x31:0x80009fc4  x2=0x00000000
        1045000	       103	80000214	02ee3c13	sltiu	x24,x28,46	 x28:0xf8afde45 x24=0x00000000
        1055000	       104	80000218	00001033	sll	x0,x0,x0	  x0:0x00000000  x0:0x00000000
        1065000	       105	8000021c	005fc463	blt	x31,x5,80000224	 x31:0x80009fc4  x5:0x80000000
        1075000	       106	80000220	02b07063	bgeu	x0,x11,80000240	  x0:0x00000000 x11:0xf9d914c7
        1085000	       107	80000224	0119d3b3	srl	x7,x19,x17	 x19:0xfa3810ed x17:0x15a38208  x7=0x00fa3810
        1095000	       108	80000228	a59eb813	sltiu	x16,x29,-1447	 x29:0x6f2d6138 x16=0x00000001
        1105000	       109	8000022c	00000013	addi	x0,x0,0	  x0:0x00000000
        1115000	       110	80000230	01911d93	slli	x27,x2,0x19	  x2:0x00000000 x27=0x00000000
        1125000	       111	80000234	01264663	blt	x12,x18,80000240	 x12:0xef2d6138 x18:0x0aa9f9a5
        1135000	       112	00000000	00000013	addi	x0,x0,0	  x0:0x00000000
        1145000	       113	8000023c	00000013	addi	x0,x0,0	  x0:0x00000000
        1155000	       114	80000240	00f45013	srli	x0,x8,0xf	  x8:0x00000000
        1165000	       115	80000244	0313e663	bltu	x7,x17,80000270	  x7:0x00fa3810 x17:0x15a38208
        1175000	       116	00000000	00000013	addi	x0,x0,0	  x0:0x00000000
        1185000	       117	8000026c	00000013	addi	x0,x0,0	  x0:0x00000000
        1195000	       118	80000270	00bcf133	and	x2,x25,x11	 x25:0x00000000 x11:0xf9d914c7  x2=0x00000000
        1205000	       119	80000274	00e825b3	slt	x11,x16,x14	 x16:0x00000001 x14:0x35ca82f0 x11=0x00000001
        1215000	       120	80000278	012f3333	sltu	x6,x30,x18	 x30:0xf169bdbc x18:0x0aa9f9a5  x6=0x00000000
        1225000	       121	8000027c	41ed52b3	sra	x5,x26,x30	 x26:0x4a279000 x30:0xf169bdbc  x5=0x00000004
        1235000	       122	80000280	04b1f063	bgeu	x3,x11,800002c0	  x3:0x0000000d x11:0x00000001
        1245000	       123	00000000	00000013	addi	x0,x0,0	  x0:0x00000000
        1255000	       124	800002bc	00000013	addi	x0,x0,0	  x0:0x00000000
        1265000	       125	800002c0	407383b3	sub	x7,x7,x7	  x7:0x00fa3810  x7:0x00fa3810  x7=0x00000000
        1275000	       126	800002c4	019a5e93	srli	x29,x20,0x19	 x20:0xfffffff3 x29=0x0000007f
        1285000	       127	800002c8	c7c7f013	andi	x0,x15,-900	 x15:0x80000000
        1295000	       128	800002cc	05a0c663	blt	x1,x26,80000318	  x1:0xfffffff3 x26:0x4a279000
        1305000	       129	00000000	00000013	addi	x0,x0,0	  x0:0x00000000
        1315000	       130	80000314	00000013	addi	x0,x0,0	  x0:0x00000000
        1325000	       131	80000318	1c8ac293	xori	x5,x21,456	 x21:0x00000002  x5=0x000001ca
        1335000	       132	8000031c	5878d037	lui	x0,0x5878d	
        1345000	       133	80000320	40f686b3	sub	x13,x13,x15	 x13:0x00000000 x15:0x80000000 x13=0x80000000
        1355000	       134	80000324	019f6eb3	or	x29,x30,x25	 x30:0xf169bdbc x25:0x00000000 x29=0xf169bdbc
        1365000	       135	80000328	01ca3833	sltu	x16,x20,x28	 x20:0xfffffff3 x28:0xf8afde45 x16=0x00000000
        1375000	       136	8000032c	00678e33	add	x28,x15,x6	 x15:0x80000000  x6:0x00000000 x28=0x80000000
        1385000	       137	80000330	fd7eec93	ori	x25,x29,-41	 x29:0xf169bdbc x25=0xffffffff
        1395000	       138	80000334	01cd2e33	slt	x28,x26,x28	 x26:0x4a279000 x28:0x80000000 x28=0x00000000
        1405000	       139	80000338	40185ab3	sra	x21,x16,x1	 x16:0x00000000  x1:0xfffffff3 x21=0x00000000
        1415000	       140	8000033c	013e38b3	sltu	x17,x28,x19	 x28:0x00000000 x19:0xfa3810ed x17=0x00000001
        1425000	       141	80000340	00d438b3	sltu	x17,x8,x13	  x8:0x00000000 x13:0x80000000 x17=0x00000001
        1435000	       142	80000344	419205b3	sub	x11,x4,x25	  x4:0x0aa9f905 x25:0xffffffff x11=0x0aa9f906
        1445000	       143	80000348	040d7063	bgeu	x26,x0,80000388	 x26:0x4a279000  x0:0x00000000
        1455000	       144	00000000	00000013	addi	x0,x0,0	  x0:0x00000000
        1465000	       145	80000384	00000013	addi	x0,x0,0	  x0:0x00000000
        1475000	       146	80000388	000a3533	sltu	x10,x20,x0	 x20:0xfffffff3  x0:0x00000000 x10=0x00000000
        1485000	       147	8000038c	001c3033	sltu	x0,x24,x1	 x24:0x00000000  x1:0xfffffff3
        1495000	       148	80000390	0127c9b3	xor	x19,x15,x18	 x15:0x80000000 x18:0x0aa9f9a5 x19=0x8aa9f9a5
        1505000	       149	80000394	e1df6213	ori	x4,x30,-483	 x30:0xf169bdbc  x4=0xffffffbd
        1515000	       150	80000398	4050da13	srai	x20,x1,0x5	  x1:0xfffffff3 x20=0xffffffff
        1525000	       151	8000039c	ba46fe13	andi	x28,x13,-1116	 x13:0x80000000 x28=0x80000000
        1535000	       152	800003a0	400c5a93	srai	x21,x24,0x0	 x24:0x00000000 x21=0x00000000
        1545000	       153	800003a4	6ef98a13	addi	x20,x19,1775	 x19:0x8aa9f9a5 x20=0x8aaa0094
        1555000	       154	800003a8	00be48b3	xor	x17,x28,x11	 x28:0x80000000 x11:0x0aa9f906 x17=0x8aa9f906
        1565000	       155	800003ac	01d9d193	srli	x3,x19,0x1d	 x19:0x8aa9f9a5  x3=0x00000004
        1575000	       156	800003b0	419ad413	srai	x8,x21,0x19	 x21:0x00000000  x8=0x00000000
        1585000	       157	800003b4	00c1ef33	or	x30,x3,x12	  x3:0x00000004 x12:0xef2d6138 x30=0xef2d613c
        1595000	       158	800003b8	01c4e663	bltu	x9,x28,800003c4	  x9:0xfc61a975 x28:0x80000000
        1605000	       159	800003bc	0198e0b3	or	x1,x17,x25	 x17:0x8aa9f906 x25:0xffffffff  x1=0xffffffff
        1615000	       160	800003c0	40055993	srai	x19,x10,0x0	 x10:0x00000000 x19=0x00000000
        1625000	       161	800003c4	f7d9eeb7	lui	x29,0xf7d9e	 x29=0xf7d9e000
        1635000	       162	800003c8	0191f663	bgeu	x3,x25,800003d4	  x3:0x00000004 x25:0xffffffff
        1645000	       163	800003cc	0062e463	bltu	x5,x6,800003d4	  x5:0x000001ca  x6:0x00000000
        1655000	       164	800003d0	bdb27d13	andi	x26,x4,-1061	  x4:0xffffffbd x26=0xfffffb99
        1665000	       165	800003d4	f9d07613	andi	x12,x0,-99	  x0:0x00000000 x12=0x00000000
        1675000	       166	800003d8	7e4b8193	addi	x3,x23,2020	 x23:0x80009f84  x3=0x8000a768
        1685000	       167	800003dc	bab94c37	lui	x24,0xbab94	 x24=0xbab94000
        1695000	       168	800003e0	00071e63	bne	x14,x0,800003fc	 x14:0x35ca82f0  x0:0x00000000
        1705000	       169	00000000	00000013	addi	x0,x0,0	  x0:0x00000000
        1715000	       170	800003f8	00000013	addi	x0,x0,0	  x0:0x00000000
        1725000	       171	800003fc	01690633	add	x12,x18,x22	 x18:0x0aa9f9a5 x22:0x00000000 x12=0x0aa9f9a5
        1735000	       172	80000400	004b19b3	sll	x19,x22,x4	 x22:0x00000000  x4:0xffffffbd x19=0x00000000
        1745000	       173	80000404	037a6e63	bltu	x20,x23,80000440	 x20:0x8aaa0094 x23:0x80009f84
        1755000	       174	80000408	01fd1a93	slli	x21,x26,0x1f	 x26:0xfffffb99 x21=0x80000000
        1765000	       175	8000040c	f1ef8f17	auipc	x30,0xf1ef8	 x30=0x71ef8408
        1775000	       176	80000410	0164e8b3	or	x17,x9,x22	  x9:0xfc61a975 x22:0x00000000 x17=0xfc61a975
        1785000	       177	80000414	01e07a33	and	x20,x0,x30	  x0:0x00000000 x30:0x71ef8408 x20=0x00000000
        1795000	       178	80000418	00491e33	sll	x28,x18,x4	 x18:0x0aa9f9a5  x4:0xffffffbd x28=0xa0000000
        1805000	       179	8000041c	01e98533	add	x10,x19,x30	 x19:0x00000000 x30:0x71ef8408 x10=0x71ef8408
        1815000	       180	80000420	00000013	addi	x0,x0,0	  x0:0x00000000
        1825000	       181	80000424	91f57413	andi	x8,x10,-1761	 x10:0x71ef8408  x8=0x71ef8008
        1835000	       182	80000428	01f96233	or	x4,x18,x31	 x18:0x0aa9f9a5 x31:0x80009fc4  x4=0x8aa9ffe5
        1845000	       183	8000042c	491b1837	lui	x16,0x491b1	 x16=0x491b1000
        1855000	       184	80000430	8a06e493	ori	x9,x13,-1888	 x13:0x80000000  x9=0xfffff8a0
        1865000	       185	80000434	011be663	bltu	x23,x17,80000440	 x23:0x80009f84 x17:0xfc61a975
        1875000	       186	00000000	00000013	addi	x0,x0,0	  x0:0x00000000
        1885000	       187	8000043c	00000013	addi	x0,x0,0	  x0:0x00000000
        1895000	       188	80000440	40b488b3	sub	x17,x9,x11	  x9:0xfffff8a0 x11:0x0aa9f906 x17=0xf555ff9a
        1905000	       189	80000444	00000b17	auipc	x22,0x0	 x22=0x80000440
        1915000	       190	80000448	00cb0b13	addi	x22,x22,12	 x22:0x80000440 x22=0x8000044c
        1925000	       191	8000044c	000b0067	jalr	x0,x22,0	 x22:0x8000044c
        1935000	       192	00000000	00000013	addi	x0,x0,0	  x0:0x00000000
        1945000	       193	8000044c	00000013	addi	x0,x0,0	  x0:0x00000000
        1955000	       194	80000450	00100193	addi	x3,x0,1	  x0:0x00000000  x3=0x00000001
        1965000	       195	80000454	00000073	ecall	
        1975000	       196	80000458	a76b6113	ori	x2,x22,-1418	 x22:0x8000044c  x2=0xfffffe7e
