		Time			Cycle	PC		Insn	Decoded instruction	Register and memory contents
          65000	         5	80000004	00000293	addi	x5,x0,0	  x0:0x00000000  x5=0x00000000
          75000	         6	80000008	00000313	addi	x6,x0,0	  x0:0x00000000  x6=0x00000000
          85000	         7	8000000c	00628263	beq	x5,x6,80000010	  x5:0x00000000  x6:0x00000000
          95000	         8	00000000	00000013	addi	x0,x0,0	  x0:0x00000000
         105000	         9	8000000c	00000013	addi	x0,x0,0	  x0:0x00000000
         115000	        10	80000010	00000f17	auipc	x30,0x0	 x30=0x8000000c
         125000	        11	80000014	00cf0f13	addi	x30,x30,12	 x30:0x8000000c x30=0x80000018
         135000	        12	80000018	000f0067	jalr	x0,x30,0	 x30:0x80000018
         145000	        13	00000000	00000013	addi	x0,x0,0	  x0:0x00000000
         155000	        14	80000018	00000013	addi	x0,x0,0	  x0:0x00000000
         165000	        15	8000001c	400007b7	lui	x15,0x40000	 x15=0x40000000
         175000	        16	80000020	10078793	addi	x15,x15,256	 x15:0x40000000 x15=0x40000100
         185000	        17	80000024	00000013	addi	x0,x0,0	  x0:0x00000000
         195000	        18	80000028	0000ac17	auipc	x24,0xa	 x24=0x8000a024
         205000	        19	8000002c	fa0c0c13	addi	x24,x24,-96	 x24:0x8000a024 x24=0x80009fc4
         215000	        20	80000030	00004797	auipc	x15,0x4	 x15=0x8000402c
         225000	        21	80000034	88478793	addi	x15,x15,-1916	 x15:0x8000402c x15=0x800038b0
         235000	        22	80000038	0017e793	ori	x15,x15,1	 x15:0x800038b0 x15=0x800038b1
         245000	        23	8000003c	00000013	addi	x0,x0,0	  x0:0x00000000
         255000	        24	80000040	00000797	auipc	x15,0x0	 x15=0x8000003c
         265000	        25	80000044	02078793	addi	x15,x15,32	 x15:0x8000003c x15=0x8000005c
         275000	        26	80000048	00000013	addi	x0,x0,0	  x0:0x00000000
         285000	        27	8000004c	00000013	addi	x0,x0,0	  x0:0x00000000
         295000	        28	80000050	000027b7	lui	x15,0x2	 x15=0x00002000
         305000	        29	80000054	80078793	addi	x15,x15,-2048	 x15:0x00002000 x15=0x00001800
         315000	        30	80000058	00000013	addi	x0,x0,0	  x0:0x00000000
         325000	        31	8000005c	00000013	addi	x0,x0,0	  x0:0x00000000
         335000	        32	80000060	00600013	addi	x0,x0,6	  x0:0x00000000
         345000	        33	80000064	8e2bd0b7	lui	x1,0x8e2bd	  x1=0x8e2bd000
         355000	        34	80000068	74c08093	addi	x1,x1,1868	  x1:0x8e2bd000  x1=0x8e2bd74c
         365000	        35	8000006c	80000137	lui	x2,0x80000	  x2=0x80000000
         375000	        36	80000070	800001b7	lui	x3,0x80000	  x3=0x80000000
         385000	        37	80000074	1808f237	lui	x4,0x1808f	  x4=0x1808f000
         395000	        38	80000078	b4a20213	addi	x4,x4,-1206	  x4:0x1808f000  x4=0x1808eb4a
         405000	        39	8000007c	00000293	addi	x5,x0,0	  x0:0x00000000  x5=0x00000000
         415000	        40	80000080	f3b18337	lui	x6,0xf3b18	  x6=0xf3b18000
         425000	        41	80000084	31b30313	addi	x6,x6,795	  x6:0xf3b18000  x6=0xf3b1831b
         435000	        42	80000088	00000393	addi	x7,x0,0	  x0:0x00000000  x7=0x00000000
         445000	        43	8000008c	00000413	addi	x8,x0,0	  x0:0x00000000  x8=0x00000000
         455000	        44	80000090	00100493	addi	x9,x0,1	  x0:0x00000000  x9=0x00000001
         465000	        45	80000094	faffb537	lui	x10,0xfaffb	 x10=0xfaffb000
         475000	        46	80000098	90a50513	addi	x10,x10,-1782	 x10:0xfaffb000 x10=0xfaffa90a
         485000	        47	8000009c	240865b7	lui	x11,0x24086	 x11=0x24086000
         495000	        48	800000a0	d9d58593	addi	x11,x11,-611	 x11:0x24086000 x11=0x24085d9d
         505000	        49	800000a4	3d1a8637	lui	x12,0x3d1a8	 x12=0x3d1a8000
         515000	        50	800000a8	ed760613	addi	x12,x12,-297	 x12:0x3d1a8000 x12=0x3d1a7ed7
         525000	        51	800000ac	eeb2c6b7	lui	x13,0xeeb2c	 x13=0xeeb2c000
         535000	        52	800000b0	53d68693	addi	x13,x13,1341	 x13:0xeeb2c000 x13=0xeeb2c53d
         545000	        53	800000b4	80000737	lui	x14,0x80000	 x14=0x80000000
         555000	        54	800000b8	800007b7	lui	x15,0x80000	 x15=0x80000000
         565000	        55	800000bc	65e83837	lui	x16,0x65e83	 x16=0x65e83000
         575000	        56	800000c0	8d280813	addi	x16,x16,-1838	 x16:0x65e83000 x16=0x65e828d2
         585000	        57	800000c4	00a00893	addi	x17,x0,10	  x0:0x00000000 x17=0x0000000a
         595000	        58	800000c8	00300913	addi	x18,x0,3	  x0:0x00000000 x18=0x00000003
         605000	        59	800000cc	63b209b7	lui	x19,0x63b20	 x19=0x63b20000
         615000	        60	800000d0	c8598993	addi	x19,x19,-891	 x19:0x63b20000 x19=0x63b1fc85
         625000	        61	800000d4	00900a13	addi	x20,x0,9	  x0:0x00000000 x20=0x00000009
         635000	        62	800000d8	f6093ab7	lui	x21,0xf6093	 x21=0xf6093000
         645000	        63	800000dc	91fa8a93	addi	x21,x21,-1761	 x21:0xf6093000 x21=0xf609291f
         655000	        64	800000e0	fd09db37	lui	x22,0xfd09d	 x22=0xfd09d000
         665000	        65	800000e4	d49b0b13	addi	x22,x22,-695	 x22:0xfd09d000 x22=0xfd09cd49
         675000	        66	800000e8	80000bb7	lui	x23,0x80000	 x23=0x80000000
         685000	        67	800000ec	00000c93	addi	x25,x0,0	  x0:0x00000000 x25=0x00000000
         695000	        68	800000f0	00e00d13	addi	x26,x0,14	  x0:0x00000000 x26=0x0000000e
         705000	        69	800000f4	80000db7	lui	x27,0x80000	 x27=0x80000000
         715000	        70	800000f8	fc91ee37	lui	x28,0xfc91e	 x28=0xfc91e000
         725000	        71	800000fc	c00e0e13	addi	x28,x28,-1024	 x28:0xfc91e000 x28=0xfc91dc00
         735000	        72	80000100	00900f13	addi	x30,x0,9	  x0:0x00000000 x30=0x00000009
         745000	        73	80000104	1ac8efb7	lui	x31,0x1ac8e	 x31=0x1ac8e000
         755000	        74	80000108	d02f8f93	addi	x31,x31,-766	 x31:0x1ac8e000 x31=0x1ac8dd02
         765000	        75	8000010c	0000ae97	auipc	x29,0xa	 x29=0x8000a108
         775000	        76	80000110	e7ce8e93	addi	x29,x29,-388	 x29:0x8000a108 x29=0x80009f84
         785000	        77	80000114	d7ba6c93	ori	x25,x20,-645	 x20:0x00000009 x25=0xfffffd7b
         795000	        78	80000118	017e8933	add	x18,x29,x23	 x29:0x80009f84 x23:0x80000000 x18=0x00009f84
         805000	        79	8000011c	004a64b3	or	x9,x20,x4	 x20:0x00000009  x4:0x1808eb4a  x9=0x1808eb4b
         815000	        80	80000120	00425693	srli	x13,x4,0x4	  x4:0x1808eb4a x13=0x01808eb4
         825000	        81	80000124	416c53b3	sra	x7,x24,x22	 x24:0x80009fc4 x22:0xfd09cd49  x7=0xffc0004f
         835000	        82	80000128	41c88e33	sub	x28,x17,x28	 x17:0x0000000a x28:0xfc91dc00 x28=0x036e240a
         845000	        83	8000012c	00001617	auipc	x12,0x1	 x12=0x80001128
         855000	        84	80000130	4b860613	addi	x12,x12,1208	 x12:0x80001128 x12=0x800015e0
         865000	        85	80000134	01e8c4b3	xor	x9,x17,x30	 x17:0x0000000a x30:0x00000009  x9=0x00000003
         875000	        86	80000138	c5560613	addi	x12,x12,-939	 x12:0x800015e0 x12=0x80001235
         885000	        87	8000013c	3214b893	sltiu	x17,x9,801	  x9:0x00000003 x17=0x00000001
         895000	        88	80000140	016bbab3	sltu	x21,x23,x22	 x23:0x80000000 x22:0xfd09cd49 x21=0x00000001
         905000	        89	80000144	039e4b13	xori	x22,x28,57	 x28:0x036e240a x22=0x036e2433
         915000	        90	80000148	3ab600e7	jalr	x1,x12,939	 x12:0x80001235  x1=0x80000148
         925000	        91	00000000	00000013	addi	x0,x0,0	  x0:0x00000000
         935000	        92	800015e0	00000013	addi	x0,x0,0	  x0:0x00000000
         945000	        93	800015e4	fdce8e93	addi	x29,x29,-36	 x29:0x80009f84 x29=0x80009f60
         955000	        94	800015e8	a2a7a493	slti	x9,x15,-1494	 x15:0x80000000  x9=0x00000001
         965000	        95	800015ec	00439293	slli	x5,x7,0x4	  x7:0xffc0004f  x5=0xfc0004f0
         975000	        96	800015f0	001ea223	sw	x1,4(x29)	 x29:0x80009f60  x1:0x80000148 PA:0x80009f64
         985000	        97	800015f4	017f9b13	slli	x22,x31,0x17	 x31:0x1ac8dd02 x22=0x81000000
         995000	        98	800015f8	00400793	addi	x15,x0,4	  x0:0x00000000 x15=0x00000004
        1005000	        99	800015fc	4164d1b3	sra	x3,x9,x22	  x9:0x00000001 x22:0x81000000  x3=0x00000001
        1015000	       100	80001600	e91f7737	lui	x14,0xe91f7	 x14=0xe91f7000
        1025000	       101	80001604	faf18537	lui	x10,0xfaf18	 x10=0xfaf18000
        1035000	       102	80001608	ca22e313	ori	x6,x5,-862	  x5:0xfc0004f0  x6=0xfffffcf2
        1045000	       103	8000160c	00f421b3	slt	x3,x8,x15	  x8:0x00000000 x15:0x00000004  x3=0x00000001
        1055000	       104	80001610	39a04117	auipc	x2,0x39a04	  x2=0xb9a0560c
        1065000	       105	80001614	f5bef313	andi	x6,x29,-165	 x29:0x80009f60  x6=0x80009f40
        1075000	       106	80001618	01300a93	addi	x21,x0,19	  x0:0x00000000 x21=0x00000013
        1085000	       107	8000161c	ea926213	ori	x4,x4,-343	  x4:0x1808eb4a  x4=0xffffffeb
        1095000	       108	80001620	00fe1333	sll	x6,x28,x15	 x28:0x036e240a x15:0x00000004  x6=0x36e240a0
        1105000	       109	80001624	00378793	addi	x15,x15,3	 x15:0x00000004 x15=0x00000007
        1115000	       110	80001628	0071a033	slt	x0,x3,x7	  x3:0x00000001  x7:0xffc0004f
        1125000	       111	8000162c	00700293	addi	x5,x0,7	  x0:0x00000000  x5=0x00000007
        1135000	       112	80001630	0042b633	sltu	x12,x5,x4	  x5:0x00000007  x4:0xffffffeb x12=0x00000001
        1145000	       113	80001634	3c772117	auipc	x2,0x3c772	  x2=0xbc773630
        1155000	       114	80001638	01200993	addi	x19,x0,18	  x0:0x00000000 x19=0x00000012
        1165000	       115	8000163c	00d6a833	slt	x16,x13,x13	 x13:0x01808eb4 x13:0x01808eb4 x16=0x00000000
        1175000	       116	80001640	87d2e513	ori	x10,x5,-1923	  x5:0x00000007 x10=0xfffff87f
        1185000	       117	80001644	00000013	addi	x0,x0,0	  x0:0x00000000
        1195000	       118	80001648	7ae3cd13	xori	x26,x7,1966	  x7:0xffc0004f x26=0xffc007e1
        1205000	       119	8000164c	01951313	slli	x6,x10,0x19	 x10:0xfffff87f  x6=0xfe000000
        1215000	       120	80001650	00228293	addi	x5,x5,2	  x5:0x00000007  x5=0x00000009
        1225000	       121	80001654	830b0593	addi	x11,x22,-2000	 x22:0x81000000 x11=0x80fff830
        1235000	       122	80001658	e43b0d97	auipc	x27,0xe43b0	 x27=0x643b1654
        1245000	       123	8000165c	2f8ba693	slti	x13,x23,760	 x23:0x80000000 x13=0x00000001
        1255000	       124	80001660	0060a433	slt	x8,x1,x6	  x1:0x80000148  x6:0xfe000000  x8=0x00000001
        1265000	       125	80001664	00ab1913	slli	x18,x22,0xa	 x22:0x81000000 x18=0x00000000
        1275000	       126	80001668	008938b3	sltu	x17,x18,x8	 x18:0x00000000  x8:0x00000001 x17=0x00000001
        1285000	       127	8000166c	fd32eae3	bltu	x5,x19,80001640	  x5:0x00000009 x19:0x00000012
        1295000	       128	00000000	00000013	addi	x0,x0,0	  x0:0x00000000
        1305000	       129	8000163c	00000013	addi	x0,x0,0	  x0:0x00000000
        1315000	       130	80001640	87d2e513	ori	x10,x5,-1923	  x5:0x00000009 x10=0xfffff87d
        1325000	       131	80001644	00000013	addi	x0,x0,0	  x0:0x00000000
        1335000	       132	80001648	7ae3cd13	xori	x26,x7,1966	  x7:0xffc0004f x26=0xffc007e1
        1345000	       133	8000164c	01951313	slli	x6,x10,0x19	 x10:0xfffff87d  x6=0xfa000000
        1355000	       134	80001650	00228293	addi	x5,x5,2	  x5:0x00000009  x5=0x0000000b
        1365000	       135	80001654	830b0593	addi	x11,x22,-2000	 x22:0x81000000 x11=0x80fff830
        1375000	       136	80001658	e43b0d97	auipc	x27,0xe43b0	 x27=0x643b1654
        1385000	       137	8000165c	2f8ba693	slti	x13,x23,760	 x23:0x80000000 x13=0x00000001
        1395000	       138	80001660	0060a433	slt	x8,x1,x6	  x1:0x80000148  x6:0xfa000000  x8=0x00000001
        1405000	       139	80001664	00ab1913	slli	x18,x22,0xa	 x22:0x81000000 x18=0x00000000
        1415000	       140	80001668	008938b3	sltu	x17,x18,x8	 x18:0x00000000  x8:0x00000001 x17=0x00000001
        1425000	       141	8000166c	fd32eae3	bltu	x5,x19,80001640	  x5:0x0000000b x19:0x00000012
        1435000	       142	00000000	00000013	addi	x0,x0,0	  x0:0x00000000
        1445000	       143	8000163c	00000013	addi	x0,x0,0	  x0:0x00000000
        1455000	       144	80001640	87d2e513	ori	x10,x5,-1923	  x5:0x0000000b x10=0xfffff87f
        1465000	       145	80001644	00000013	addi	x0,x0,0	  x0:0x00000000
        1475000	       146	80001648	7ae3cd13	xori	x26,x7,1966	  x7:0xffc0004f x26=0xffc007e1
        1485000	       147	8000164c	01951313	slli	x6,x10,0x19	 x10:0xfffff87f  x6=0xfe000000
        1495000	       148	80001650	00228293	addi	x5,x5,2	  x5:0x0000000b  x5=0x0000000d
        1505000	       149	80001654	830b0593	addi	x11,x22,-2000	 x22:0x81000000 x11=0x80fff830
        1515000	       150	80001658	e43b0d97	auipc	x27,0xe43b0	 x27=0x643b1654
        1525000	       151	8000165c	2f8ba693	slti	x13,x23,760	 x23:0x80000000 x13=0x00000001
        1535000	       152	80001660	0060a433	slt	x8,x1,x6	  x1:0x80000148  x6:0xfe000000  x8=0x00000001
        1545000	       153	80001664	00ab1913	slli	x18,x22,0xa	 x22:0x81000000 x18=0x00000000
        1555000	       154	80001668	008938b3	sltu	x17,x18,x8	 x18:0x00000000  x8:0x00000001 x17=0x00000001
        1565000	       155	8000166c	fd32eae3	bltu	x5,x19,80001640	  x5:0x0000000d x19:0x00000012
        1575000	       156	00000000	00000013	addi	x0,x0,0	  x0:0x00000000
        1585000	       157	8000163c	00000013	addi	x0,x0,0	  x0:0x00000000
        1595000	       158	80001640	87d2e513	ori	x10,x5,-1923	  x5:0x0000000d x10=0xfffff87d
        1605000	       159	80001644	00000013	addi	x0,x0,0	  x0:0x00000000
        1615000	       160	80001648	7ae3cd13	xori	x26,x7,1966	  x7:0xffc0004f x26=0xffc007e1
        1625000	       161	8000164c	01951313	slli	x6,x10,0x19	 x10:0xfffff87d  x6=0xfa000000
        1635000	       162	80001650	00228293	addi	x5,x5,2	  x5:0x0000000d  x5=0x0000000f
        1645000	       163	80001654	830b0593	addi	x11,x22,-2000	 x22:0x81000000 x11=0x80fff830
        1655000	       164	80001658	e43b0d97	auipc	x27,0xe43b0	 x27=0x643b1654
        1665000	       165	8000165c	2f8ba693	slti	x13,x23,760	 x23:0x80000000 x13=0x00000001
        1675000	       166	80001660	0060a433	slt	x8,x1,x6	  x1:0x80000148  x6:0xfa000000  x8=0x00000001
        1685000	       167	80001664	00ab1913	slli	x18,x22,0xa	 x22:0x81000000 x18=0x00000000
        1695000	       168	80001668	008938b3	sltu	x17,x18,x8	 x18:0x00000000  x8:0x00000001 x17=0x00000001
        1705000	       169	8000166c	fd32eae3	bltu	x5,x19,80001640	  x5:0x0000000f x19:0x00000012
        1715000	       170	00000000	00000013	addi	x0,x0,0	  x0:0x00000000
        1725000	       171	8000163c	00000013	addi	x0,x0,0	  x0:0x00000000
        1735000	       172	80001640	87d2e513	ori	x10,x5,-1923	  x5:0x0000000f x10=0xfffff87f
        1745000	       173	80001644	00000013	addi	x0,x0,0	  x0:0x00000000
        1755000	       174	80001648	7ae3cd13	xori	x26,x7,1966	  x7:0xffc0004f x26=0xffc007e1
        1765000	       175	8000164c	01951313	slli	x6,x10,0x19	 x10:0xfffff87f  x6=0xfe000000
        1775000	       176	80001650	00228293	addi	x5,x5,2	  x5:0x0000000f  x5=0x00000011
        1785000	       177	80001654	830b0593	addi	x11,x22,-2000	 x22:0x81000000 x11=0x80fff830
        1795000	       178	80001658	e43b0d97	auipc	x27,0xe43b0	 x27=0x643b1654
        1805000	       179	8000165c	2f8ba693	slti	x13,x23,760	 x23:0x80000000 x13=0x00000001
        1815000	       180	80001660	0060a433	slt	x8,x1,x6	  x1:0x80000148  x6:0xfe000000  x8=0x00000001
        1825000	       181	80001664	00ab1913	slli	x18,x22,0xa	 x22:0x81000000 x18=0x00000000
        1835000	       182	80001668	008938b3	sltu	x17,x18,x8	 x18:0x00000000  x8:0x00000001 x17=0x00000001
        1845000	       183	8000166c	fd32eae3	bltu	x5,x19,80001640	  x5:0x00000011 x19:0x00000012
        1855000	       184	00000000	00000013	addi	x0,x0,0	  x0:0x00000000
        1865000	       185	8000163c	00000013	addi	x0,x0,0	  x0:0x00000000
        1875000	       186	80001640	87d2e513	ori	x10,x5,-1923	  x5:0x00000011 x10=0xfffff87d
        1885000	       187	80001644	00000013	addi	x0,x0,0	  x0:0x00000000
        1895000	       188	80001648	7ae3cd13	xori	x26,x7,1966	  x7:0xffc0004f x26=0xffc007e1
        1905000	       189	8000164c	01951313	slli	x6,x10,0x19	 x10:0xfffff87d  x6=0xfa000000
        1915000	       190	80001650	00228293	addi	x5,x5,2	  x5:0x00000011  x5=0x00000013
        1925000	       191	80001654	830b0593	addi	x11,x22,-2000	 x22:0x81000000 x11=0x80fff830
        1935000	       192	80001658	e43b0d97	auipc	x27,0xe43b0	 x27=0x643b1654
        1945000	       193	8000165c	2f8ba693	slti	x13,x23,760	 x23:0x80000000 x13=0x00000001
        1955000	       194	80001660	0060a433	slt	x8,x1,x6	  x1:0x80000148  x6:0xfa000000  x8=0x00000001
        1965000	       195	80001664	00ab1913	slli	x18,x22,0xa	 x22:0x81000000 x18=0x00000000
        1975000	       196	80001668	008938b3	sltu	x17,x18,x8	 x18:0x00000000  x8:0x00000001 x17=0x00000001
        1985000	       197	8000166c	fd32eae3	bltu	x5,x19,80001640	  x5:0x00000013 x19:0x00000012
        1995000	       198	80001670	01a22a33	slt	x20,x4,x26	  x4:0xffffffeb x26:0xffc007e1 x20=0x00000000
        2005000	       199	80001674	fb5784e3	beq	x15,x21,8000161c	 x15:0x00000007 x21:0x00000013
        2015000	       200	80001678	e7bd4837	lui	x16,0xe7bd4	 x16=0xe7bd4000
        2025000	       201	8000167c	ff700793	addi	x15,x0,-9	  x0:0x00000000 x15=0xfffffff7
        2035000	       202	80001680	40b95733	sra	x14,x18,x11	 x18:0x00000000 x11:0x80fff830 x14=0x00000000
        2045000	       203	80001684	00000013	addi	x0,x0,0	  x0:0x00000000
        2055000	       204	80001688	404e5a93	srai	x21,x28,0x4	 x28:0x036e240a x21=0x0036e240
        2065000	       205	8000168c	011f9a93	slli	x21,x31,0x11	 x31:0x1ac8dd02 x21=0xba040000
        2075000	       206	80001690	0159e8b3	or	x17,x19,x21	 x19:0x00000012 x21:0xba040000 x17=0xba040012
        2085000	       207	80001694	01098333	add	x6,x19,x16	 x19:0x00000012 x16:0xe7bd4000  x6=0xe7bd4012
        2095000	       208	80001698	7961b693	sltiu	x13,x3,1942	  x3:0x00000001 x13=0x00000001
        2105000	       209	8000169c	01100593	addi	x11,x0,17	  x0:0x00000000 x11=0x00000011
        2115000	       210	800016a0	00ae04b3	add	x9,x28,x10	 x28:0x036e240a x10:0xfffff87d  x9=0x036e1c87
        2125000	       211	800016a4	00c51a33	sll	x20,x10,x12	 x10:0xfffff87d x12:0x00000001 x20=0xfffff0fa
        2135000	       212	800016a8	40428333	sub	x6,x5,x4	  x5:0x00000013  x4:0xffffffeb  x6=0x00000028
        2145000	       213	800016ac	378be813	ori	x16,x23,888	 x23:0x80000000 x16=0x80000378
        2155000	       214	800016b0	4e695717	auipc	x14,0x4e695	 x14=0xce6966ac
        2165000	       215	800016b4	00000013	addi	x0,x0,0	  x0:0x00000000
        2175000	       216	800016b8	013a7633	and	x12,x20,x19	 x20:0xfffff0fa x19:0x00000012 x12=0x00000012
        2185000	       217	800016bc	41300b33	sub	x22,x0,x19	  x0:0x00000000 x19:0x00000012 x22=0xffffffee
        2195000	       218	800016c0	4091dbb3	sra	x23,x3,x9	  x3:0x00000001  x9:0x036e1c87 x23=0x00000000
        2205000	       219	800016c4	00378793	addi	x15,x15,3	 x15:0xfffffff7 x15=0xfffffffa
        2215000	       220	800016c8	00ea3233	sltu	x4,x20,x14	 x20:0xfffff0fa x14:0xce6966ac  x4=0x00000000
        2225000	       221	800016cc	00567bb3	and	x23,x12,x5	 x12:0x00000012  x5:0x00000013 x23=0x00000012
        2235000	       222	800016d0	3a623ab7	lui	x21,0x3a623	 x21=0x3a623000
        2245000	       223	800016d4	006ae733	or	x14,x21,x6	 x21:0x3a623000  x6:0x00000028 x14=0x3a623028
        2255000	       224	800016d8	016f5213	srli	x4,x30,0x16	 x30:0x00000009  x4=0x00000000
        2265000	       225	800016dc	5e046a93	ori	x21,x8,1504	  x8:0x00000001 x21=0x000005e1
        2275000	       226	800016e0	00000013	addi	x0,x0,0	  x0:0x00000000
        2285000	       227	800016e4	00000013	addi	x0,x0,0	  x0:0x00000000
        2295000	       228	800016e8	fcb7c2e3	blt	x15,x11,800016ac	 x15:0xfffffffa x11:0x00000011
        2305000	       229	00000000	00000013	addi	x0,x0,0	  x0:0x00000000
        2315000	       230	800016a8	00000013	addi	x0,x0,0	  x0:0x00000000
        2325000	       231	800016ac	378be813	ori	x16,x23,888	 x23:0x00000012 x16=0x0000037a
        2335000	       232	800016b0	4e695717	auipc	x14,0x4e695	 x14=0xce6966ac
        2345000	       233	800016b4	00000013	addi	x0,x0,0	  x0:0x00000000
        2355000	       234	800016b8	013a7633	and	x12,x20,x19	 x20:0xfffff0fa x19:0x00000012 x12=0x00000012
        2365000	       235	800016bc	41300b33	sub	x22,x0,x19	  x0:0x00000000 x19:0x00000012 x22=0xffffffee
        2375000	       236	800016c0	4091dbb3	sra	x23,x3,x9	  x3:0x00000001  x9:0x036e1c87 x23=0x00000000
        2385000	       237	800016c4	00378793	addi	x15,x15,3	 x15:0xfffffffa x15=0xfffffffd
        2395000	       238	800016c8	00ea3233	sltu	x4,x20,x14	 x20:0xfffff0fa x14:0xce6966ac  x4=0x00000000
        2405000	       239	800016cc	00567bb3	and	x23,x12,x5	 x12:0x00000012  x5:0x00000013 x23=0x00000012
        2415000	       240	800016d0	3a623ab7	lui	x21,0x3a623	 x21=0x3a623000
        2425000	       241	800016d4	006ae733	or	x14,x21,x6	 x21:0x3a623000  x6:0x00000028 x14=0x3a623028
        2435000	       242	800016d8	016f5213	srli	x4,x30,0x16	 x30:0x00000009  x4=0x00000000
        2445000	       243	800016dc	5e046a93	ori	x21,x8,1504	  x8:0x00000001 x21=0x000005e1
        2455000	       244	800016e0	00000013	addi	x0,x0,0	  x0:0x00000000
        2465000	       245	800016e4	00000013	addi	x0,x0,0	  x0:0x00000000
        2475000	       246	800016e8	fcb7c2e3	blt	x15,x11,800016ac	 x15:0xfffffffd x11:0x00000011
        2485000	       247	00000000	00000013	addi	x0,x0,0	  x0:0x00000000
        2495000	       248	800016a8	00000013	addi	x0,x0,0	  x0:0x00000000
        2505000	       249	800016ac	378be813	ori	x16,x23,888	 x23:0x00000012 x16=0x0000037a
        2515000	       250	800016b0	4e695717	auipc	x14,0x4e695	 x14=0xce6966ac
        2525000	       251	800016b4	00000013	addi	x0,x0,0	  x0:0x00000000
        2535000	       252	800016b8	013a7633	and	x12,x20,x19	 x20:0xfffff0fa x19:0x00000012 x12=0x00000012
        2545000	       253	800016bc	41300b33	sub	x22,x0,x19	  x0:0x00000000 x19:0x00000012 x22=0xffffffee
        2555000	       254	800016c0	4091dbb3	sra	x23,x3,x9	  x3:0x00000001  x9:0x036e1c87 x23=0x00000000
        2565000	       255	800016c4	00378793	addi	x15,x15,3	 x15:0xfffffffd x15=0x00000000
        2575000	       256	800016c8	00ea3233	sltu	x4,x20,x14	 x20:0xfffff0fa x14:0xce6966ac  x4=0x00000000
        2585000	       257	800016cc	00567bb3	and	x23,x12,x5	 x12:0x00000012  x5:0x00000013 x23=0x00000012
        2595000	       258	800016d0	3a623ab7	lui	x21,0x3a623	 x21=0x3a623000
        2605000	       259	800016d4	006ae733	or	x14,x21,x6	 x21:0x3a623000  x6:0x00000028 x14=0x3a623028
        2615000	       260	800016d8	016f5213	srli	x4,x30,0x16	 x30:0x00000009  x4=0x00000000
        2625000	       261	800016dc	5e046a93	ori	x21,x8,1504	  x8:0x00000001 x21=0x000005e1
        2635000	       262	800016e0	00000013	addi	x0,x0,0	  x0:0x00000000
        2645000	       263	800016e4	00000013	addi	x0,x0,0	  x0:0x00000000
        2655000	       264	800016e8	fcb7c2e3	blt	x15,x11,800016ac	 x15:0x00000000 x11:0x00000011
        2665000	       265	00000000	00000013	addi	x0,x0,0	  x0:0x00000000
        2675000	       266	800016a8	00000013	addi	x0,x0,0	  x0:0x00000000
        2685000	       267	800016ac	378be813	ori	x16,x23,888	 x23:0x00000012 x16=0x0000037a
        2695000	       268	800016b0	4e695717	auipc	x14,0x4e695	 x14=0xce6966ac
        2705000	       269	800016b4	00000013	addi	x0,x0,0	  x0:0x00000000
        2715000	       270	800016b8	013a7633	and	x12,x20,x19	 x20:0xfffff0fa x19:0x00000012 x12=0x00000012
        2725000	       271	800016bc	41300b33	sub	x22,x0,x19	  x0:0x00000000 x19:0x00000012 x22=0xffffffee
        2735000	       272	800016c0	4091dbb3	sra	x23,x3,x9	  x3:0x00000001  x9:0x036e1c87 x23=0x00000000
        2745000	       273	800016c4	00378793	addi	x15,x15,3	 x15:0x00000000 x15=0x00000003
        2755000	       274	800016c8	00ea3233	sltu	x4,x20,x14	 x20:0xfffff0fa x14:0xce6966ac  x4=0x00000000
        2765000	       275	800016cc	00567bb3	and	x23,x12,x5	 x12:0x00000012  x5:0x00000013 x23=0x00000012
        2775000	       276	800016d0	3a623ab7	lui	x21,0x3a623	 x21=0x3a623000
        2785000	       277	800016d4	006ae733	or	x14,x21,x6	 x21:0x3a623000  x6:0x00000028 x14=0x3a623028
        2795000	       278	800016d8	016f5213	srli	x4,x30,0x16	 x30:0x00000009  x4=0x00000000
        2805000	       279	800016dc	5e046a93	ori	x21,x8,1504	  x8:0x00000001 x21=0x000005e1
        2815000	       280	800016e0	00000013	addi	x0,x0,0	  x0:0x00000000
        2825000	       281	800016e4	00000013	addi	x0,x0,0	  x0:0x00000000
        2835000	       282	800016e8	fcb7c2e3	blt	x15,x11,800016ac	 x15:0x00000003 x11:0x00000011
        2845000	       283	00000000	00000013	addi	x0,x0,0	  x0:0x00000000
        2855000	       284	800016a8	00000013	addi	x0,x0,0	  x0:0x00000000
        2865000	       285	800016ac	378be813	ori	x16,x23,888	 x23:0x00000012 x16=0x0000037a
        2875000	       286	800016b0	4e695717	auipc	x14,0x4e695	 x14=0xce6966ac
        2885000	       287	800016b4	00000013	addi	x0,x0,0	  x0:0x00000000
        2895000	       288	800016b8	013a7633	and	x12,x20,x19	 x20:0xfffff0fa x19:0x00000012 x12=0x00000012
        2905000	       289	800016bc	41300b33	sub	x22,x0,x19	  x0:0x00000000 x19:0x00000012 x22=0xffffffee
        2915000	       290	800016c0	4091dbb3	sra	x23,x3,x9	  x3:0x00000001  x9:0x036e1c87 x23=0x00000000
        2925000	       291	800016c4	00378793	addi	x15,x15,3	 x15:0x00000003 x15=0x00000006
        2935000	       292	800016c8	00ea3233	sltu	x4,x20,x14	 x20:0xfffff0fa x14:0xce6966ac  x4=0x00000000
        2945000	       293	800016cc	00567bb3	and	x23,x12,x5	 x12:0x00000012  x5:0x00000013 x23=0x00000012
        2955000	       294	800016d0	3a623ab7	lui	x21,0x3a623	 x21=0x3a623000
        2965000	       295	800016d4	006ae733	or	x14,x21,x6	 x21:0x3a623000  x6:0x00000028 x14=0x3a623028
        2975000	       296	800016d8	016f5213	srli	x4,x30,0x16	 x30:0x00000009  x4=0x00000000
        2985000	       297	800016dc	5e046a93	ori	x21,x8,1504	  x8:0x00000001 x21=0x000005e1
        2995000	       298	800016e0	00000013	addi	x0,x0,0	  x0:0x00000000
        3005000	       299	800016e4	00000013	addi	x0,x0,0	  x0:0x00000000
        3015000	       300	800016e8	fcb7c2e3	blt	x15,x11,800016ac	 x15:0x00000006 x11:0x00000011
        3025000	       301	00000000	00000013	addi	x0,x0,0	  x0:0x00000000
        3035000	       302	800016a8	00000013	addi	x0,x0,0	  x0:0x00000000
        3045000	       303	800016ac	378be813	ori	x16,x23,888	 x23:0x00000012 x16=0x0000037a
        3055000	       304	800016b0	4e695717	auipc	x14,0x4e695	 x14=0xce6966ac
        3065000	       305	800016b4	00000013	addi	x0,x0,0	  x0:0x00000000
        3075000	       306	800016b8	013a7633	and	x12,x20,x19	 x20:0xfffff0fa x19:0x00000012 x12=0x00000012
        3085000	       307	800016bc	41300b33	sub	x22,x0,x19	  x0:0x00000000 x19:0x00000012 x22=0xffffffee
        3095000	       308	800016c0	4091dbb3	sra	x23,x3,x9	  x3:0x00000001  x9:0x036e1c87 x23=0x00000000
        3105000	       309	800016c4	00378793	addi	x15,x15,3	 x15:0x00000006 x15=0x00000009
        3115000	       310	800016c8	00ea3233	sltu	x4,x20,x14	 x20:0xfffff0fa x14:0xce6966ac  x4=0x00000000
        3125000	       311	800016cc	00567bb3	and	x23,x12,x5	 x12:0x00000012  x5:0x00000013 x23=0x00000012
        3135000	       312	800016d0	3a623ab7	lui	x21,0x3a623	 x21=0x3a623000
        3145000	       313	800016d4	006ae733	or	x14,x21,x6	 x21:0x3a623000  x6:0x00000028 x14=0x3a623028
        3155000	       314	800016d8	016f5213	srli	x4,x30,0x16	 x30:0x00000009  x4=0x00000000
        3165000	       315	800016dc	5e046a93	ori	x21,x8,1504	  x8:0x00000001 x21=0x000005e1
        3175000	       316	800016e0	00000013	addi	x0,x0,0	  x0:0x00000000
        3185000	       317	800016e4	00000013	addi	x0,x0,0	  x0:0x00000000
        3195000	       318	800016e8	fcb7c2e3	blt	x15,x11,800016ac	 x15:0x00000009 x11:0x00000011
        3205000	       319	00000000	00000013	addi	x0,x0,0	  x0:0x00000000
        3215000	       320	800016a8	00000013	addi	x0,x0,0	  x0:0x00000000
        3225000	       321	800016ac	378be813	ori	x16,x23,888	 x23:0x00000012 x16=0x0000037a
        3235000	       322	800016b0	4e695717	auipc	x14,0x4e695	 x14=0xce6966ac
        3245000	       323	800016b4	00000013	addi	x0,x0,0	  x0:0x00000000
        3255000	       324	800016b8	013a7633	and	x12,x20,x19	 x20:0xfffff0fa x19:0x00000012 x12=0x00000012
        3265000	       325	800016bc	41300b33	sub	x22,x0,x19	  x0:0x00000000 x19:0x00000012 x22=0xffffffee
        3275000	       326	800016c0	4091dbb3	sra	x23,x3,x9	  x3:0x00000001  x9:0x036e1c87 x23=0x00000000
        3285000	       327	800016c4	00378793	addi	x15,x15,3	 x15:0x00000009 x15=0x0000000c
        3295000	       328	800016c8	00ea3233	sltu	x4,x20,x14	 x20:0xfffff0fa x14:0xce6966ac  x4=0x00000000
        3305000	       329	800016cc	00567bb3	and	x23,x12,x5	 x12:0x00000012  x5:0x00000013 x23=0x00000012
        3315000	       330	800016d0	3a623ab7	lui	x21,0x3a623	 x21=0x3a623000
        3325000	       331	800016d4	006ae733	or	x14,x21,x6	 x21:0x3a623000  x6:0x00000028 x14=0x3a623028
        3335000	       332	800016d8	016f5213	srli	x4,x30,0x16	 x30:0x00000009  x4=0x00000000
        3345000	       333	800016dc	5e046a93	ori	x21,x8,1504	  x8:0x00000001 x21=0x000005e1
        3355000	       334	800016e0	00000013	addi	x0,x0,0	  x0:0x00000000
        3365000	       335	800016e4	00000013	addi	x0,x0,0	  x0:0x00000000
        3375000	       336	800016e8	fcb7c2e3	blt	x15,x11,800016ac	 x15:0x0000000c x11:0x00000011
        3385000	       337	00000000	00000013	addi	x0,x0,0	  x0:0x00000000
        3395000	       338	800016a8	00000013	addi	x0,x0,0	  x0:0x00000000
        3405000	       339	800016ac	378be813	ori	x16,x23,888	 x23:0x00000012 x16=0x0000037a
        3415000	       340	800016b0	4e695717	auipc	x14,0x4e695	 x14=0xce6966ac
        3425000	       341	800016b4	00000013	addi	x0,x0,0	  x0:0x00000000
        3435000	       342	800016b8	013a7633	and	x12,x20,x19	 x20:0xfffff0fa x19:0x00000012 x12=0x00000012
        3445000	       343	800016bc	41300b33	sub	x22,x0,x19	  x0:0x00000000 x19:0x00000012 x22=0xffffffee
        3455000	       344	800016c0	4091dbb3	sra	x23,x3,x9	  x3:0x00000001  x9:0x036e1c87 x23=0x00000000
        3465000	       345	800016c4	00378793	addi	x15,x15,3	 x15:0x0000000c x15=0x0000000f
        3475000	       346	800016c8	00ea3233	sltu	x4,x20,x14	 x20:0xfffff0fa x14:0xce6966ac  x4=0x00000000
        3485000	       347	800016cc	00567bb3	and	x23,x12,x5	 x12:0x00000012  x5:0x00000013 x23=0x00000012
        3495000	       348	800016d0	3a623ab7	lui	x21,0x3a623	 x21=0x3a623000
        3505000	       349	800016d4	006ae733	or	x14,x21,x6	 x21:0x3a623000  x6:0x00000028 x14=0x3a623028
        3515000	       350	800016d8	016f5213	srli	x4,x30,0x16	 x30:0x00000009  x4=0x00000000
        3525000	       351	800016dc	5e046a93	ori	x21,x8,1504	  x8:0x00000001 x21=0x000005e1
        3535000	       352	800016e0	00000013	addi	x0,x0,0	  x0:0x00000000
        3545000	       353	800016e4	00000013	addi	x0,x0,0	  x0:0x00000000
        3555000	       354	800016e8	fcb7c2e3	blt	x15,x11,800016ac	 x15:0x0000000f x11:0x00000011
        3565000	       355	00000000	00000013	addi	x0,x0,0	  x0:0x00000000
        3575000	       356	800016a8	00000013	addi	x0,x0,0	  x0:0x00000000
        3585000	       357	800016ac	378be813	ori	x16,x23,888	 x23:0x00000012 x16=0x0000037a
        3595000	       358	800016b0	4e695717	auipc	x14,0x4e695	 x14=0xce6966ac
        3605000	       359	800016b4	00000013	addi	x0,x0,0	  x0:0x00000000
        3615000	       360	800016b8	013a7633	and	x12,x20,x19	 x20:0xfffff0fa x19:0x00000012 x12=0x00000012
        3625000	       361	800016bc	41300b33	sub	x22,x0,x19	  x0:0x00000000 x19:0x00000012 x22=0xffffffee
        3635000	       362	800016c0	4091dbb3	sra	x23,x3,x9	  x3:0x00000001  x9:0x036e1c87 x23=0x00000000
        3645000	       363	800016c4	00378793	addi	x15,x15,3	 x15:0x0000000f x15=0x00000012
        3655000	       364	800016c8	00ea3233	sltu	x4,x20,x14	 x20:0xfffff0fa x14:0xce6966ac  x4=0x00000000
        3665000	       365	800016cc	00567bb3	and	x23,x12,x5	 x12:0x00000012  x5:0x00000013 x23=0x00000012
        3675000	       366	800016d0	3a623ab7	lui	x21,0x3a623	 x21=0x3a623000
        3685000	       367	800016d4	006ae733	or	x14,x21,x6	 x21:0x3a623000  x6:0x00000028 x14=0x3a623028
        3695000	       368	800016d8	016f5213	srli	x4,x30,0x16	 x30:0x00000009  x4=0x00000000
        3705000	       369	800016dc	5e046a93	ori	x21,x8,1504	  x8:0x00000001 x21=0x000005e1
        3715000	       370	800016e0	00000013	addi	x0,x0,0	  x0:0x00000000
        3725000	       371	800016e4	00000013	addi	x0,x0,0	  x0:0x00000000
        3735000	       372	800016e8	fcb7c2e3	blt	x15,x11,800016ac	 x15:0x00000012 x11:0x00000011
        3745000	       373	800016ec	00241e33	sll	x28,x8,x2	  x8:0x00000001  x2:0xbc773630 x28=0x00010000
        3755000	       374	800016f0	00000b13	addi	x22,x0,0	  x0:0x00000000 x22=0x00000000
        3765000	       375	800016f4	01c335b3	sltu	x11,x6,x28	  x6:0x00000028 x28:0x00010000 x11=0x00000001
        3775000	       376	800016f8	01cc83b3	add	x7,x25,x28	 x25:0xfffffd7b x28:0x00010000  x7=0x0000fd7b
        3785000	       377	800016fc	01909413	slli	x8,x1,0x19	  x1:0x80000148  x8=0x90000000
        3795000	       378	80001700	cc926397	auipc	x7,0xcc926	  x7=0x4c9276fc
        3805000	       379	80001704	00800493	addi	x9,x0,8	  x0:0x00000000  x9=0x00000008
        3815000	       380	80001708	015e5413	srli	x8,x28,0x15	 x28:0x00010000  x8=0x00000000
        3825000	       381	8000170c	019b45b3	xor	x11,x22,x25	 x22:0x00000000 x25:0xfffffd7b x11=0xfffffd7b
        3835000	       382	80001710	218cb713	sltiu	x14,x25,536	 x25:0xfffffd7b x14=0x00000000
        3845000	       383	80001714	418a5593	srai	x11,x20,0x18	 x20:0xfffff0fa x11=0xffffffff
        3855000	       384	80001718	008b0b13	addi	x22,x22,8	 x22:0x00000000 x22=0x00000008
        3865000	       385	8000171c	008fe2b3	or	x5,x31,x8	 x31:0x1ac8dd02  x8:0x00000000  x5=0x1ac8dd02
        3875000	       386	80001720	00e71e13	slli	x28,x14,0xe	 x14:0x00000000 x28=0x00000000
        3885000	       387	80001724	00a2b933	sltu	x18,x5,x10	  x5:0x1ac8dd02 x10:0xfffff87d x18=0x00000001
        3895000	       388	80001728	0064a233	slt	x4,x9,x6	  x9:0x00000008  x6:0x00000028  x4=0x00000001
        3905000	       389	8000172c	00d41f93	slli	x31,x8,0xd	  x8:0x00000000 x31=0x00000000
        3915000	       390	80001730	fc9b1ee3	bne	x22,x9,8000170c	 x22:0x00000008  x9:0x00000008
        3925000	       391	80001734	4070d813	srai	x16,x1,0x7	  x1:0x80000148 x16=0xff000002
        3935000	       392	80001738	00a00813	addi	x16,x0,10	  x0:0x00000000 x16=0x0000000a
        3945000	       393	8000173c	012b3ab3	sltu	x21,x22,x18	 x22:0x00000008 x18:0x00000001 x21=0x00000000
        3955000	       394	80001740	00a00f93	addi	x31,x0,10	  x0:0x00000000 x31=0x0000000a
        3965000	       395	80001744	e691a613	slti	x12,x3,-407	  x3:0x00000001 x12=0x00000000
        3975000	       396	80001748	ffd80813	addi	x16,x16,-3	 x16:0x0000000a x16=0x00000007
        3985000	       397	8000174c	0182fab3	and	x21,x5,x24	  x5:0x1ac8dd02 x24:0x80009fc4 x21=0x00009d00
        3995000	       398	80001750	fff87ae3	bgeu	x16,x31,80001744	 x16:0x00000007 x31:0x0000000a
        4005000	       399	80001754	5e64b893	sltiu	x17,x9,1510	  x9:0x00000008 x17=0x00000001
        4015000	       400	80001758	00200393	addi	x7,x0,2	  x0:0x00000000  x7=0x00000002
        4025000	       401	8000175c	01bfe533	or	x10,x31,x27	 x31:0x0000000a x27:0x643b1654 x10=0x643b165e
        4035000	       402	80001760	416e5bb3	sra	x23,x28,x22	 x28:0x00000000 x22:0x00000008 x23=0x00000000
        4045000	       403	80001764	fa46e213	ori	x4,x13,-92	 x13:0x00000001  x4=0xffffffa5
        4055000	       404	80001768	015d9293	slli	x5,x27,0x15	 x27:0x643b1654  x5=0xca800000
        4065000	       405	8000176c	ffa00193	addi	x3,x0,-6	  x0:0x00000000  x3=0xfffffffa
        4075000	       406	80001770	00dda6b3	slt	x13,x27,x13	 x27:0x643b1654 x13:0x00000001 x13=0x00000000
        4085000	       407	80001774	00000013	addi	x0,x0,0	  x0:0x00000000
        4095000	       408	80001778	00000013	addi	x0,x0,0	  x0:0x00000000
        4105000	       409	8000177c	40a38733	sub	x14,x7,x10	  x7:0x00000002 x10:0x643b165e x14=0x9bc4e9a4
        4115000	       410	80001780	ffe38393	addi	x7,x7,-2	  x7:0x00000002  x7=0x00000000
        4125000	       411	80001784	00f92733	slt	x14,x18,x15	 x18:0x00000001 x15:0x00000012 x14=0x00000001
        4135000	       412	80001788	01a46133	or	x2,x8,x26	  x8:0x00000000 x26:0xffc007e1  x2=0xffc007e1
        4145000	       413	8000178c	41768ab3	sub	x21,x13,x23	 x13:0x00000000 x23:0x00000000 x21=0x00000000
        4155000	       414	80001790	019a70b3	and	x1,x20,x25	 x20:0xfffff0fa x25:0xfffffd7b  x1=0xfffff07a
        4165000	       415	80001794	41dc5cb3	sra	x25,x24,x29	 x24:0x80009fc4 x29:0x80009f60 x25=0x80009fc4
        4175000	       416	80001798	00fa14b3	sll	x9,x20,x15	 x20:0xfffff0fa x15:0x00000012  x9=0xc3e80000
        4185000	       417	8000179c	413b5733	sra	x14,x22,x19	 x22:0x00000008 x19:0x00000012 x14=0x00000000
        4195000	       418	800017a0	e8a5a793	slti	x15,x11,-374	 x11:0xffffffff x15=0x00000000
        4205000	       419	800017a4	fc3396e3	bne	x7,x3,80001770	  x7:0x00000000  x3:0xfffffffa
        4215000	       420	00000000	00000013	addi	x0,x0,0	  x0:0x00000000
        4225000	       421	8000176c	00000013	addi	x0,x0,0	  x0:0x00000000
        4235000	       422	80001770	00dda6b3	slt	x13,x27,x13	 x27:0x643b1654 x13:0x00000000 x13=0x00000000
        4245000	       423	80001774	00000013	addi	x0,x0,0	  x0:0x00000000
        4255000	       424	80001778	00000013	addi	x0,x0,0	  x0:0x00000000
        4265000	       425	8000177c	40a38733	sub	x14,x7,x10	  x7:0x00000000 x10:0x643b165e x14=0x9bc4e9a2
        4275000	       426	80001780	ffe38393	addi	x7,x7,-2	  x7:0x00000000  x7=0xfffffffe
        4285000	       427	80001784	00f92733	slt	x14,x18,x15	 x18:0x00000001 x15:0x00000000 x14=0x00000000
        4295000	       428	80001788	01a46133	or	x2,x8,x26	  x8:0x00000000 x26:0xffc007e1  x2=0xffc007e1
        4305000	       429	8000178c	41768ab3	sub	x21,x13,x23	 x13:0x00000000 x23:0x00000000 x21=0x00000000
        4315000	       430	80001790	019a70b3	and	x1,x20,x25	 x20:0xfffff0fa x25:0x80009fc4  x1=0x800090c0
        4325000	       431	80001794	41dc5cb3	sra	x25,x24,x29	 x24:0x80009fc4 x29:0x80009f60 x25=0x80009fc4
        4335000	       432	80001798	00fa14b3	sll	x9,x20,x15	 x20:0xfffff0fa x15:0x00000000  x9=0xfffff0fa
        4345000	       433	8000179c	413b5733	sra	x14,x22,x19	 x22:0x00000008 x19:0x00000012 x14=0x00000000
        4355000	       434	800017a0	e8a5a793	slti	x15,x11,-374	 x11:0xffffffff x15=0x00000000
        4365000	       435	800017a4	fc3396e3	bne	x7,x3,80001770	  x7:0xfffffffe  x3:0xfffffffa
        4375000	       436	00000000	00000013	addi	x0,x0,0	  x0:0x00000000
        4385000	       437	8000176c	00000013	addi	x0,x0,0	  x0:0x00000000
        4395000	       438	80001770	00dda6b3	slt	x13,x27,x13	 x27:0x643b1654 x13:0x00000000 x13=0x00000000
        4405000	       439	80001774	00000013	addi	x0,x0,0	  x0:0x00000000
        4415000	       440	80001778	00000013	addi	x0,x0,0	  x0:0x00000000
        4425000	       441	8000177c	40a38733	sub	x14,x7,x10	  x7:0xfffffffe x10:0x643b165e x14=0x9bc4e9a0
        4435000	       442	80001780	ffe38393	addi	x7,x7,-2	  x7:0xfffffffe  x7=0xfffffffc
        4445000	       443	80001784	00f92733	slt	x14,x18,x15	 x18:0x00000001 x15:0x00000000 x14=0x00000000
        4455000	       444	80001788	01a46133	or	x2,x8,x26	  x8:0x00000000 x26:0xffc007e1  x2=0xffc007e1
        4465000	       445	8000178c	41768ab3	sub	x21,x13,x23	 x13:0x00000000 x23:0x00000000 x21=0x00000000
        4475000	       446	80001790	019a70b3	and	x1,x20,x25	 x20:0xfffff0fa x25:0x80009fc4  x1=0x800090c0
        4485000	       447	80001794	41dc5cb3	sra	x25,x24,x29	 x24:0x80009fc4 x29:0x80009f60 x25=0x80009fc4
        4495000	       448	80001798	00fa14b3	sll	x9,x20,x15	 x20:0xfffff0fa x15:0x00000000  x9=0xfffff0fa
        4505000	       449	8000179c	413b5733	sra	x14,x22,x19	 x22:0x00000008 x19:0x00000012 x14=0x00000000
        4515000	       450	800017a0	e8a5a793	slti	x15,x11,-374	 x11:0xffffffff x15=0x00000000
        4525000	       451	800017a4	fc3396e3	bne	x7,x3,80001770	  x7:0xfffffffc  x3:0xfffffffa
        4535000	       452	00000000	00000013	addi	x0,x0,0	  x0:0x00000000
        4545000	       453	8000176c	00000013	addi	x0,x0,0	  x0:0x00000000
        4555000	       454	80001770	00dda6b3	slt	x13,x27,x13	 x27:0x643b1654 x13:0x00000000 x13=0x00000000
        4565000	       455	80001774	00000013	addi	x0,x0,0	  x0:0x00000000
        4575000	       456	80001778	00000013	addi	x0,x0,0	  x0:0x00000000
        4585000	       457	8000177c	40a38733	sub	x14,x7,x10	  x7:0xfffffffc x10:0x643b165e x14=0x9bc4e99e
        4595000	       458	80001780	ffe38393	addi	x7,x7,-2	  x7:0xfffffffc  x7=0xfffffffa
        4605000	       459	80001784	00f92733	slt	x14,x18,x15	 x18:0x00000001 x15:0x00000000 x14=0x00000000
        4615000	       460	80001788	01a46133	or	x2,x8,x26	  x8:0x00000000 x26:0xffc007e1  x2=0xffc007e1
        4625000	       461	8000178c	41768ab3	sub	x21,x13,x23	 x13:0x00000000 x23:0x00000000 x21=0x00000000
        4635000	       462	80001790	019a70b3	and	x1,x20,x25	 x20:0xfffff0fa x25:0x80009fc4  x1=0x800090c0
        4645000	       463	80001794	41dc5cb3	sra	x25,x24,x29	 x24:0x80009fc4 x29:0x80009f60 x25=0x80009fc4
        4655000	       464	80001798	00fa14b3	sll	x9,x20,x15	 x20:0xfffff0fa x15:0x00000000  x9=0xfffff0fa
        4665000	       465	8000179c	413b5733	sra	x14,x22,x19	 x22:0x00000008 x19:0x00000012 x14=0x00000000
        4675000	       466	800017a0	e8a5a793	slti	x15,x11,-374	 x11:0xffffffff x15=0x00000000
        4685000	       467	800017a4	fc3396e3	bne	x7,x3,80001770	  x7:0xfffffffa  x3:0xfffffffa
        4695000	       468	800017a8	017e9033	sll	x0,x29,x23	 x29:0x80009f60 x23:0x00000000
        4705000	       469	800017ac	00000593	addi	x11,x0,0	  x0:0x00000000 x11=0x00000000
        4715000	       470	800017b0	00bf5293	srli	x5,x30,0xb	 x30:0x00000009  x5=0x00000000
        4725000	       471	800017b4	015bd093	srli	x1,x23,0x15	 x23:0x00000000  x1=0x00000000
        4735000	       472	800017b8	4090da93	srai	x21,x1,0x9	  x1:0x00000000 x21=0x00000000
        4745000	       473	800017bc	0076f6b3	and	x13,x13,x7	 x13:0x00000000  x7:0xfffffffa x13=0x00000000
        4755000	       474	800017c0	9dbee313	ori	x6,x29,-1573	 x29:0x80009f60  x6=0xfffffffb
        4765000	       475	800017c4	fff00793	addi	x15,x0,-1	  x0:0x00000000 x15=0xffffffff
        4775000	       476	800017c8	016128b3	slt	x17,x2,x22	  x2:0xffc007e1 x22:0x00000008 x17=0x00000001
        4785000	       477	800017cc	3807e997	auipc	x19,0x3807e	 x19=0xb807f7c8
        4795000	       478	800017d0	000f9a33	sll	x20,x31,x0	 x31:0x0000000a  x0:0x00000000 x20=0x0000000a
        4805000	       479	800017d4	00bc5293	srli	x5,x24,0xb	 x24:0x80009fc4  x5=0x00100013
        4815000	       480	800017d8	3445fe13	andi	x28,x11,836	 x11:0x00000000 x28=0x00000000
        4825000	       481	800017dc	41b984b3	sub	x9,x19,x27	 x19:0xb807f7c8 x27:0x643b1654  x9=0x53cce174
        4835000	       482	800017e0	ff758593	addi	x11,x11,-9	 x11:0x00000000 x11=0xfffffff7
        4845000	       483	800017e4	9a1d3b13	sltiu	x22,x26,-1631	 x26:0xffc007e1 x22=0x00000001
        4855000	       484	800017e8	ffc00513	addi	x10,x0,-4	  x0:0x00000000 x10=0xfffffffc
        4865000	       485	800017ec	41078033	sub	x0,x15,x16	 x15:0xffffffff x16:0x00000007
        4875000	       486	800017f0	ff200d93	addi	x27,x0,-14	  x0:0x00000000 x27=0xfffffff2
        4885000	       487	800017f4	00132cb3	slt	x25,x6,x1	  x6:0xfffffffb  x1:0x00000000 x25=0x00000001
        4895000	       488	800017f8	41e084b3	sub	x9,x1,x30	  x1:0x00000000 x30:0x00000009  x9=0xfffffff7
        4905000	       489	800017fc	01f0a933	slt	x18,x1,x31	  x1:0x00000000 x31:0x0000000a x18=0x00000001
        4915000	       490	80001800	ff650513	addi	x10,x10,-10	 x10:0xfffffffc x10=0xfffffff2
        4925000	       491	80001804	01a9e633	or	x12,x19,x26	 x19:0xb807f7c8 x26:0xffc007e1 x12=0xffc7f7e9
        4935000	       492	80001808	21f01337	lui	x6,0x21f01	  x6=0x21f01000
        4945000	       493	8000180c	00000013	addi	x0,x0,0	  x0:0x00000000
        4955000	       494	80001810	ffb502e3	beq	x10,x27,800017f4	 x10:0xfffffff2 x27:0xfffffff2
        4965000	       495	00000000	00000013	addi	x0,x0,0	  x0:0x00000000
        4975000	       496	800017f0	00000013	addi	x0,x0,0	  x0:0x00000000
        4985000	       497	800017f4	00132cb3	slt	x25,x6,x1	  x6:0x21f01000  x1:0x00000000 x25=0x00000000
        4995000	       498	800017f8	41e084b3	sub	x9,x1,x30	  x1:0x00000000 x30:0x00000009  x9=0xfffffff7
        5005000	       499	800017fc	01f0a933	slt	x18,x1,x31	  x1:0x00000000 x31:0x0000000a x18=0x00000001
        5015000	       500	80001800	ff650513	addi	x10,x10,-10	 x10:0xfffffff2 x10=0xffffffe8
        5025000	       501	80001804	01a9e633	or	x12,x19,x26	 x19:0xb807f7c8 x26:0xffc007e1 x12=0xffc7f7e9
        5035000	       502	80001808	21f01337	lui	x6,0x21f01	  x6=0x21f01000
        5045000	       503	8000180c	00000013	addi	x0,x0,0	  x0:0x00000000
        5055000	       504	80001810	ffb502e3	beq	x10,x27,800017f4	 x10:0xffffffe8 x27:0xfffffff2
        5065000	       505	80001814	014ebcb3	sltu	x25,x29,x20	 x29:0x80009f60 x20:0x0000000a x25=0x00000000
        5075000	       506	80001818	00a71d33	sll	x26,x14,x10	 x14:0x00000000 x10:0xffffffe8 x26=0x00000000
        5085000	       507	8000181c	faf5dee3	bge	x11,x15,800017d8	 x11:0xfffffff7 x15:0xffffffff
        5095000	       508	80001820	67af3b13	sltiu	x22,x30,1658	 x30:0x00000009 x22=0x00000001
        5105000	       509	80001824	00800793	addi	x15,x0,8	  x0:0x00000000 x15=0x00000008
        5115000	       510	80001828	ad6a6237	lui	x4,0xad6a6	  x4=0xad6a6000
        5125000	       511	8000182c	ff600e13	addi	x28,x0,-10	  x0:0x00000000 x28=0xfffffff6
        5135000	       512	80001830	013e5993	srli	x19,x28,0x13	 x28:0xfffffff6 x19=0x00001fff
        5145000	       513	80001834	00e61693	slli	x13,x12,0xe	 x12:0xffc7f7e9 x13=0xfdfa4000
        5155000	       514	80001838	7191e413	ori	x8,x3,1817	  x3:0xfffffffa  x8=0xfffffffb
        5165000	       515	8000183c	0060f1b3	and	x3,x1,x6	  x1:0x00000000  x6:0x21f01000  x3=0x00000000
        5175000	       516	80001840	00479833	sll	x16,x15,x4	 x15:0x00000008  x4:0xad6a6000 x16=0x00000008
        5185000	       517	80001844	01965813	srli	x16,x12,0x19	 x12:0xffc7f7e9 x16=0x0000007f
        5195000	       518	80001848	ffb78793	addi	x15,x15,-5	 x15:0x00000008 x15=0x00000003
        5205000	       519	8000184c	9c493a97	auipc	x21,0x9c493	 x21=0x1c494848
        5215000	       520	80001850	0161d6b3	srl	x13,x3,x22	  x3:0x00000000 x22:0x00000001 x13=0x00000000
        5225000	       521	80001854	d1f20913	addi	x18,x4,-737	  x4:0xad6a6000 x18=0xad6a5d1f
        5235000	       522	80001858	00000b93	addi	x23,x0,0	  x0:0x00000000 x23=0x00000000
        5245000	       523	8000185c	ff800613	addi	x12,x0,-8	  x0:0x00000000 x12=0xfffffff8
        5255000	       524	80001860	01192417	auipc	x8,0x1192	  x8=0x8119385c
        5265000	       525	80001864	bdf46893	ori	x17,x8,-1057	  x8:0x8119385c x17=0xfffffbdf
        5275000	       526	80001868	00314fb3	xor	x31,x2,x3	  x2:0xffc007e1  x3:0x00000000 x31=0xffc007e1
        5285000	       527	8000186c	00000013	addi	x0,x0,0	  x0:0x00000000
        5295000	       528	80001870	ffcb8b93	addi	x23,x23,-4	 x23:0x00000000 x23=0xfffffffc
        5305000	       529	80001874	00aec8b3	xor	x17,x29,x10	 x29:0x80009f60 x10:0xffffffe8 x17=0x7fff6088
        5315000	       530	80001878	fecb8ae3	beq	x23,x12,8000186c	 x23:0xfffffffc x12:0xfffffff8
        5325000	       531	8000187c	014ae733	or	x14,x21,x20	 x21:0x1c494848 x20:0x0000000a x14=0x1c49484a
        5335000	       532	80001880	017cd4b3	srl	x9,x25,x23	 x25:0x00000000 x23:0xfffffffc  x9=0x00000000
        5345000	       533	80001884	fbc7dae3	bge	x15,x28,80001838	 x15:0x00000003 x28:0xfffffff6
        5355000	       534	00000000	00000013	addi	x0,x0,0	  x0:0x00000000
        5365000	       535	80001834	00000013	addi	x0,x0,0	  x0:0x00000000
        5375000	       536	80001838	7191e413	ori	x8,x3,1817	  x3:0x00000000  x8=0x00000719
        5385000	       537	8000183c	0060f1b3	and	x3,x1,x6	  x1:0x00000000  x6:0x21f01000  x3=0x00000000
        5395000	       538	80001840	00479833	sll	x16,x15,x4	 x15:0x00000003  x4:0xad6a6000 x16=0x00000003
        5405000	       539	80001844	01965813	srli	x16,x12,0x19	 x12:0xfffffff8 x16=0x0000007f
        5415000	       540	80001848	ffb78793	addi	x15,x15,-5	 x15:0x00000003 x15=0xfffffffe
        5425000	       541	8000184c	9c493a97	auipc	x21,0x9c493	 x21=0x1c494848
        5435000	       542	80001850	0161d6b3	srl	x13,x3,x22	  x3:0x00000000 x22:0x00000001 x13=0x00000000
        5445000	       543	80001854	d1f20913	addi	x18,x4,-737	  x4:0xad6a6000 x18=0xad6a5d1f
        5455000	       544	80001858	00000b93	addi	x23,x0,0	  x0:0x00000000 x23=0x00000000
        5465000	       545	8000185c	ff800613	addi	x12,x0,-8	  x0:0x00000000 x12=0xfffffff8
        5475000	       546	80001860	01192417	auipc	x8,0x1192	  x8=0x8119385c
        5485000	       547	80001864	bdf46893	ori	x17,x8,-1057	  x8:0x8119385c x17=0xfffffbdf
        5495000	       548	80001868	00314fb3	xor	x31,x2,x3	  x2:0xffc007e1  x3:0x00000000 x31=0xffc007e1
        5505000	       549	8000186c	00000013	addi	x0,x0,0	  x0:0x00000000
        5515000	       550	80001870	ffcb8b93	addi	x23,x23,-4	 x23:0x00000000 x23=0xfffffffc
        5525000	       551	80001874	00aec8b3	xor	x17,x29,x10	 x29:0x80009f60 x10:0xffffffe8 x17=0x7fff6088
        5535000	       552	80001878	fecb8ae3	beq	x23,x12,8000186c	 x23:0xfffffffc x12:0xfffffff8
        5545000	       553	8000187c	014ae733	or	x14,x21,x20	 x21:0x1c494848 x20:0x0000000a x14=0x1c49484a
        5555000	       554	80001880	017cd4b3	srl	x9,x25,x23	 x25:0x00000000 x23:0xfffffffc  x9=0x00000000
        5565000	       555	80001884	fbc7dae3	bge	x15,x28,80001838	 x15:0xfffffffe x28:0xfffffff6
        5575000	       556	00000000	00000013	addi	x0,x0,0	  x0:0x00000000
        5585000	       557	80001834	00000013	addi	x0,x0,0	  x0:0x00000000
        5595000	       558	80001838	7191e413	ori	x8,x3,1817	  x3:0x00000000  x8=0x00000719
        5605000	       559	8000183c	0060f1b3	and	x3,x1,x6	  x1:0x00000000  x6:0x21f01000  x3=0x00000000
        5615000	       560	80001840	00479833	sll	x16,x15,x4	 x15:0xfffffffe  x4:0xad6a6000 x16=0xfffffffe
        5625000	       561	80001844	01965813	srli	x16,x12,0x19	 x12:0xfffffff8 x16=0x0000007f
        5635000	       562	80001848	ffb78793	addi	x15,x15,-5	 x15:0xfffffffe x15=0xfffffff9
        5645000	       563	8000184c	9c493a97	auipc	x21,0x9c493	 x21=0x1c494848
        5655000	       564	80001850	0161d6b3	srl	x13,x3,x22	  x3:0x00000000 x22:0x00000001 x13=0x00000000
        5665000	       565	80001854	d1f20913	addi	x18,x4,-737	  x4:0xad6a6000 x18=0xad6a5d1f
        5675000	       566	80001858	00000b93	addi	x23,x0,0	  x0:0x00000000 x23=0x00000000
        5685000	       567	8000185c	ff800613	addi	x12,x0,-8	  x0:0x00000000 x12=0xfffffff8
        5695000	       568	80001860	01192417	auipc	x8,0x1192	  x8=0x8119385c
        5705000	       569	80001864	bdf46893	ori	x17,x8,-1057	  x8:0x8119385c x17=0xfffffbdf
        5715000	       570	80001868	00314fb3	xor	x31,x2,x3	  x2:0xffc007e1  x3:0x00000000 x31=0xffc007e1
        5725000	       571	8000186c	00000013	addi	x0,x0,0	  x0:0x00000000
        5735000	       572	80001870	ffcb8b93	addi	x23,x23,-4	 x23:0x00000000 x23=0xfffffffc
        5745000	       573	80001874	00aec8b3	xor	x17,x29,x10	 x29:0x80009f60 x10:0xffffffe8 x17=0x7fff6088
        5755000	       574	80001878	fecb8ae3	beq	x23,x12,8000186c	 x23:0xfffffffc x12:0xfffffff8
        5765000	       575	8000187c	014ae733	or	x14,x21,x20	 x21:0x1c494848 x20:0x0000000a x14=0x1c49484a
        5775000	       576	80001880	017cd4b3	srl	x9,x25,x23	 x25:0x00000000 x23:0xfffffffc  x9=0x00000000
        5785000	       577	80001884	fbc7dae3	bge	x15,x28,80001838	 x15:0xfffffff9 x28:0xfffffff6
        5795000	       578	00000000	00000013	addi	x0,x0,0	  x0:0x00000000
        5805000	       579	80001834	00000013	addi	x0,x0,0	  x0:0x00000000
        5815000	       580	80001838	7191e413	ori	x8,x3,1817	  x3:0x00000000  x8=0x00000719
        5825000	       581	8000183c	0060f1b3	and	x3,x1,x6	  x1:0x00000000  x6:0x21f01000  x3=0x00000000
        5835000	       582	80001840	00479833	sll	x16,x15,x4	 x15:0xfffffff9  x4:0xad6a6000 x16=0xfffffff9
        5845000	       583	80001844	01965813	srli	x16,x12,0x19	 x12:0xfffffff8 x16=0x0000007f
        5855000	       584	80001848	ffb78793	addi	x15,x15,-5	 x15:0xfffffff9 x15=0xfffffff4
        5865000	       585	8000184c	9c493a97	auipc	x21,0x9c493	 x21=0x1c494848
        5875000	       586	80001850	0161d6b3	srl	x13,x3,x22	  x3:0x00000000 x22:0x00000001 x13=0x00000000
        5885000	       587	80001854	d1f20913	addi	x18,x4,-737	  x4:0xad6a6000 x18=0xad6a5d1f
        5895000	       588	80001858	00000b93	addi	x23,x0,0	  x0:0x00000000 x23=0x00000000
        5905000	       589	8000185c	ff800613	addi	x12,x0,-8	  x0:0x00000000 x12=0xfffffff8
        5915000	       590	80001860	01192417	auipc	x8,0x1192	  x8=0x8119385c
        5925000	       591	80001864	bdf46893	ori	x17,x8,-1057	  x8:0x8119385c x17=0xfffffbdf
        5935000	       592	80001868	00314fb3	xor	x31,x2,x3	  x2:0xffc007e1  x3:0x00000000 x31=0xffc007e1
        5945000	       593	8000186c	00000013	addi	x0,x0,0	  x0:0x00000000
        5955000	       594	80001870	ffcb8b93	addi	x23,x23,-4	 x23:0x00000000 x23=0xfffffffc
        5965000	       595	80001874	00aec8b3	xor	x17,x29,x10	 x29:0x80009f60 x10:0xffffffe8 x17=0x7fff6088
        5975000	       596	80001878	fecb8ae3	beq	x23,x12,8000186c	 x23:0xfffffffc x12:0xfffffff8
        5985000	       597	8000187c	014ae733	or	x14,x21,x20	 x21:0x1c494848 x20:0x0000000a x14=0x1c49484a
        5995000	       598	80001880	017cd4b3	srl	x9,x25,x23	 x25:0x00000000 x23:0xfffffffc  x9=0x00000000
        6005000	       599	80001884	fbc7dae3	bge	x15,x28,80001838	 x15:0xfffffff4 x28:0xfffffff6
        6015000	       600	80001888	01e8f233	and	x4,x17,x30	 x17:0x7fff6088 x30:0x00000009  x4=0x00000008
        6025000	       601	8000188c	fff00393	addi	x7,x0,-1	  x0:0x00000000  x7=0xffffffff
        6035000	       602	80001890	00d76133	or	x2,x14,x13	 x14:0x1c49484a x13:0x00000000  x2=0x1c49484a
        6045000	       603	80001894	00577433	and	x8,x14,x5	 x14:0x1c49484a  x5:0x00100013  x8=0x00000002
        6055000	       604	80001898	e5cb4837	lui	x16,0xe5cb4	 x16=0xe5cb4000
        6065000	       605	8000189c	416ad713	srai	x14,x21,0x16	 x21:0x1c494848 x14=0x00000071
        6075000	       606	800018a0	3e9d6993	ori	x19,x26,1001	 x26:0x00000000 x19=0x000003e9
        6085000	       607	800018a4	01100213	addi	x4,x0,17	  x0:0x00000000  x4=0x00000011
        6095000	       608	800018a8	40235a33	sra	x20,x6,x2	  x6:0x21f01000  x2:0x1c49484a x20=0x00087c04
        6105000	       609	800018ac	d179f413	andi	x8,x19,-745	 x19:0x000003e9  x8=0x00000101
        6115000	       610	800018b0	00a76733	or	x14,x14,x10	 x14:0x00000071 x10:0xffffffe8 x14=0xfffffff9
        6125000	       611	800018b4	01c107b3	add	x15,x2,x28	  x2:0x1c49484a x28:0xfffffff6 x15=0x1c494840
        6135000	       612	800018b8	5cdd7293	andi	x5,x26,1485	 x26:0x00000000  x5=0x00000000
        6145000	       613	800018bc	52f96893	ori	x17,x18,1327	 x18:0xad6a5d1f x17=0xad6a5d3f
        6155000	       614	800018c0	0a096d93	ori	x27,x18,160	 x18:0xad6a5d1f x27=0xad6a5dbf
        6165000	       615	800018c4	003bda93	srli	x21,x23,0x3	 x23:0xfffffffc x21=0x1fffffff
        6175000	       616	800018c8	010880b3	add	x1,x17,x16	 x17:0xad6a5d3f x16:0xe5cb4000  x1=0x93359d3f
        6185000	       617	800018cc	00938393	addi	x7,x7,9	  x7:0xffffffff  x7=0x00000008
        6195000	       618	800018d0	36b8b297	auipc	x5,0x36b8b	  x5=0xb6b8c8cc
        6205000	       619	800018d4	7aeca513	slti	x10,x25,1966	 x25:0x00000000 x10=0x00000001
        6215000	       620	800018d8	a8d6c993	xori	x19,x13,-1395	 x13:0x00000000 x19=0xfffffa8d
        6225000	       621	800018dc	41c08333	sub	x6,x1,x28	  x1:0x93359d3f x28:0xfffffff6  x6=0x93359d49
        6235000	       622	800018e0	009beb33	or	x22,x23,x9	 x23:0xfffffffc  x9:0x00000000 x22=0xfffffffc
        6245000	       623	800018e4	451d3993	sltiu	x19,x26,1105	 x26:0x00000000 x19=0x00000001
        6255000	       624	800018e8	3867e897	auipc	x17,0x3867e	 x17=0xb867f8e4
        6265000	       625	800018ec	00a07833	and	x16,x0,x10	  x0:0x00000000 x10:0x00000001 x16=0x00000000
        6275000	       626	800018f0	b04c6f93	ori	x31,x24,-1276	 x24:0x80009fc4 x31=0xffffffc4
        6285000	       627	800018f4	41a0d813	srai	x16,x1,0x1a	  x1:0x93359d3f x16=0xffffffe4
        6295000	       628	800018f8	0096a4b3	slt	x9,x13,x9	 x13:0x00000000  x9:0x00000000  x9=0x00000000
        6305000	       629	800018fc	fa438ee3	beq	x7,x4,800018b8	  x7:0x00000008  x4:0x00000011
        6315000	       630	80001900	39098913	addi	x18,x19,912	 x19:0x00000001 x18=0x00000391
        6325000	       631	80001904	00200613	addi	x12,x0,2	  x0:0x00000000 x12=0x00000002
        6335000	       632	80001908	4121dc93	srai	x25,x3,0x12	  x3:0x00000000 x25=0x00000000
        6345000	       633	8000190c	01433a33	sltu	x20,x6,x20	  x6:0x93359d49 x20:0x00087c04 x20=0x00000000
        6355000	       634	80001910	6251fd17	auipc	x26,0x6251f	 x26=0xe252090c
        6365000	       635	80001914	01200213	addi	x4,x0,18	  x0:0x00000000  x4=0x00000012
        6375000	       636	80001918	04a9b113	sltiu	x2,x19,74	 x19:0x00000001  x2=0x00000001
        6385000	       637	8000191c	01e47733	and	x14,x8,x30	  x8:0x00000101 x30:0x00000009 x14=0x00000001
        6395000	       638	80001920	00860613	addi	x12,x12,8	 x12:0x00000002 x12=0x0000000a
        6405000	       639	80001924	ffa00993	addi	x19,x0,-6	  x0:0x00000000 x19=0xfffffffa
        6415000	       640	80001928	ddf4ab13	slti	x22,x9,-545	  x9:0x00000000 x22=0x00000000
        6425000	       641	8000192c	62947393	andi	x7,x8,1577	  x8:0x00000101  x7=0x00000001
        6435000	       642	80001930	00d0bd33	sltu	x26,x1,x13	  x1:0x93359d3f x13:0x00000000 x26=0x00000000
        6445000	       643	80001934	00000d93	addi	x27,x0,0	  x0:0x00000000 x27=0x00000000
        6455000	       644	80001938	01d62d33	slt	x26,x12,x29	 x12:0x0000000a x29:0x80009f60 x26=0x00000000
        6465000	       645	8000193c	bbd1e393	ori	x7,x3,-1091	  x3:0x00000000  x7=0xfffffbbd
        6475000	       646	80001940	2cdcf513	andi	x10,x25,717	 x25:0x00000000 x10=0x00000000
        6485000	       647	80001944	0189f0b3	and	x1,x19,x24	 x19:0xfffffffa x24:0x80009fc4  x1=0x80009fc0
        6495000	       648	80001948	000fe5b3	or	x11,x31,x0	 x31:0xffffffc4  x0:0x00000000 x11=0xffffffc4
        6505000	       649	8000194c	00698993	addi	x19,x19,6	 x19:0xfffffffa x19=0x00000000
        6515000	       650	80001950	64c1d7b7	lui	x15,0x64c1d	 x15=0x64c1d000
        6525000	       651	80001954	ffb99ae3	bne	x19,x27,80001948	 x19:0x00000000 x27:0x00000000
        6535000	       652	80001958	fc4642e3	blt	x12,x4,8000191c	 x12:0x0000000a  x4:0x00000012
        6545000	       653	00000000	00000013	addi	x0,x0,0	  x0:0x00000000
        6555000	       654	80001918	00000013	addi	x0,x0,0	  x0:0x00000000
        6565000	       655	8000191c	01e47733	and	x14,x8,x30	  x8:0x00000101 x30:0x00000009 x14=0x00000001
        6575000	       656	80001920	00860613	addi	x12,x12,8	 x12:0x0000000a x12=0x00000012
        6585000	       657	80001924	ffa00993	addi	x19,x0,-6	  x0:0x00000000 x19=0xfffffffa
        6595000	       658	80001928	ddf4ab13	slti	x22,x9,-545	  x9:0x00000000 x22=0x00000000
        6605000	       659	8000192c	62947393	andi	x7,x8,1577	  x8:0x00000101  x7=0x00000001
        6615000	       660	80001930	00d0bd33	sltu	x26,x1,x13	  x1:0x80009fc0 x13:0x00000000 x26=0x00000000
        6625000	       661	80001934	00000d93	addi	x27,x0,0	  x0:0x00000000 x27=0x00000000
        6635000	       662	80001938	01d62d33	slt	x26,x12,x29	 x12:0x00000012 x29:0x80009f60 x26=0x00000000
        6645000	       663	8000193c	bbd1e393	ori	x7,x3,-1091	  x3:0x00000000  x7=0xfffffbbd
        6655000	       664	80001940	2cdcf513	andi	x10,x25,717	 x25:0x00000000 x10=0x00000000
        6665000	       665	80001944	0189f0b3	and	x1,x19,x24	 x19:0xfffffffa x24:0x80009fc4  x1=0x80009fc0
        6675000	       666	80001948	000fe5b3	or	x11,x31,x0	 x31:0xffffffc4  x0:0x00000000 x11=0xffffffc4
        6685000	       667	8000194c	00698993	addi	x19,x19,6	 x19:0xfffffffa x19=0x00000000
        6695000	       668	80001950	64c1d7b7	lui	x15,0x64c1d	 x15=0x64c1d000
        6705000	       669	80001954	ffb99ae3	bne	x19,x27,80001948	 x19:0x00000000 x27:0x00000000
        6715000	       670	80001958	fc4642e3	blt	x12,x4,8000191c	 x12:0x00000012  x4:0x00000012
        6725000	       671	8000195c	414e5a13	srai	x20,x28,0x14	 x28:0xfffffff6 x20=0xffffffff
        6735000	       672	80001960	00400793	addi	x15,x0,4	  x0:0x00000000 x15=0x00000004
        6745000	       673	80001964	40da86b3	sub	x13,x21,x13	 x21:0x1fffffff x13:0x00000000 x13=0x1fffffff
        6755000	       674	80001968	417f5733	sra	x14,x30,x23	 x30:0x00000009 x23:0xfffffffc x14=0x00000000
        6765000	       675	8000196c	00c41d93	slli	x27,x8,0xc	  x8:0x00000101 x27=0x00101000
        6775000	       676	80001970	016d9133	sll	x2,x27,x22	 x27:0x00101000 x22:0x00000000  x2=0x00101000
        6785000	       677	80001974	5f41e8b7	lui	x17,0x5f41e	 x17=0x5f41e000
        6795000	       678	80001978	4023d093	srai	x1,x7,0x2	  x7:0xfffffbbd  x1=0xfffffeef
        6805000	       679	8000197c	00400193	addi	x3,x0,4	  x0:0x00000000  x3=0x00000004
        6815000	       680	80001980	c09a3393	sltiu	x7,x20,-1015	 x20:0xffffffff  x7=0x00000000
        6825000	       681	80001984	00000013	addi	x0,x0,0	  x0:0x00000000
        6835000	       682	80001988	0054c0b3	xor	x1,x9,x5	  x9:0x00000000  x5:0xb6b8c8cc  x1=0xb6b8c8cc
        6845000	       683	8000198c	010b8cb3	add	x25,x23,x16	 x23:0xfffffffc x16:0xffffffe4 x25=0xffffffe0
        6855000	       684	80001990	00f71c93	slli	x25,x14,0xf	 x14:0x00000000 x25=0x00000000
        6865000	       685	80001994	f8dea497	auipc	x9,0xf8dea	  x9=0x78deb990
        6875000	       686	80001998	41ff0cb3	sub	x25,x30,x31	 x30:0x00000009 x31:0xffffffc4 x25=0x00000045
        6885000	       687	8000199c	014ef3b3	and	x7,x29,x20	 x29:0x80009f60 x20:0xffffffff  x7=0x80009f60
        6895000	       688	800019a0	00000013	addi	x0,x0,0	  x0:0x00000000
        6905000	       689	800019a4	0322b037	lui	x0,0x322b	
        6915000	       690	800019a8	02e2b113	sltiu	x2,x5,46	  x5:0xb6b8c8cc  x2=0x00000000
        6925000	       691	800019ac	dd084393	xori	x7,x16,-560	 x16:0xffffffe4  x7=0x00000234
        6935000	       692	800019b0	00000013	addi	x0,x0,0	  x0:0x00000000
        6945000	       693	800019b4	01d23933	sltu	x18,x4,x29	  x4:0x00000012 x29:0x80009f60 x18=0x00000001
        6955000	       694	800019b8	ffe78793	addi	x15,x15,-2	 x15:0x00000004 x15=0x00000002
        6965000	       695	800019bc	0734ae13	slti	x28,x9,115	  x9:0x78deb990 x28=0x00000000
        6975000	       696	800019c0	879f6913	ori	x18,x30,-1927	 x30:0x00000009 x18=0xfffff879
        6985000	       697	800019c4	01d43033	sltu	x0,x8,x29	  x8:0x00000101 x29:0x80009f60
        6995000	       698	800019c8	010935b3	sltu	x11,x18,x16	 x18:0xfffff879 x16:0xffffffe4 x11=0x00000001
        7005000	       699	800019cc	0050f933	and	x18,x1,x5	  x1:0xb6b8c8cc  x5:0xb6b8c8cc x18=0xb6b8c8cc
        7015000	       700	800019d0	fc37f2e3	bgeu	x15,x3,80001994	 x15:0x00000002  x3:0x00000004
        7025000	       701	800019d4	70b04393	xori	x7,x0,1803	  x0:0x00000000  x7=0x0000070b
        7035000	       702	800019d8	fff00713	addi	x14,x0,-1	  x0:0x00000000 x14=0xffffffff
        7045000	       703	800019dc	fef00e13	addi	x28,x0,-17	  x0:0x00000000 x28=0xffffffef
        7055000	       704	800019e0	01dd51b3	srl	x3,x26,x29	 x26:0x00000000 x29:0x80009f60  x3=0x00000000
        7065000	       705	800019e4	ba0c15b7	lui	x11,0xba0c1	 x11=0xba0c1000
        7075000	       706	800019e8	690476b7	lui	x13,0x69047	 x13=0x69047000
        7085000	       707	800019ec	ff870713	addi	x14,x14,-8	 x14:0xffffffff x14=0xfffffff7
        7095000	       708	800019f0	0035d9b3	srl	x19,x11,x3	 x11:0xba0c1000  x3:0x00000000 x19=0xba0c1000
        7105000	       709	800019f4	00700d13	addi	x26,x0,7	  x0:0x00000000 x26=0x00000007
        7115000	       710	800019f8	00600093	addi	x1,x0,6	  x0:0x00000000  x1=0x00000006
        7125000	       711	800019fc	cca9e393	ori	x7,x19,-822	 x19:0xba0c1000  x7=0xfffffcca
        7135000	       712	80001a00	ea2d4313	xori	x6,x26,-350	 x26:0x00000007  x6=0xfffffea5
        7145000	       713	80001a04	ffed0d13	addi	x26,x26,-2	 x26:0x00000007 x26=0x00000005
        7155000	       714	80001a08	fe1d7ce3	bgeu	x26,x1,80001a00	 x26:0x00000005  x1:0x00000006
        7165000	       715	80001a0c	b9d54c93	xori	x25,x10,-1123	 x10:0x00000000 x25=0xfffffb9d
        7175000	       716	80001a10	008406b3	add	x13,x8,x8	  x8:0x00000101  x8:0x00000101 x13=0x00000202
        7185000	       717	80001a14	00000013	addi	x0,x0,0	  x0:0x00000000
        7195000	       718	80001a18	fdc708e3	beq	x14,x28,800019e8	 x14:0xfffffff7 x28:0xffffffef
        7205000	       719	80001a1c	00b6d533	srl	x10,x13,x11	 x13:0x00000202 x11:0xba0c1000 x10=0x00000202
        7215000	       720	80001a20	00100393	addi	x7,x0,1	  x0:0x00000000  x7=0x00000001
        7225000	       721	80001a24	01100913	addi	x18,x0,17	  x0:0x00000000 x18=0x00000011
        7235000	       722	80001a28	00eb30b3	sltu	x1,x22,x14	 x22:0x00000000 x14:0xfffffff7  x1=0x00000001
        7245000	       723	80001a2c	00438393	addi	x7,x7,4	  x7:0x00000001  x7=0x00000005
        7255000	       724	80001a30	00b044b3	xor	x9,x0,x11	  x0:0x00000000 x11:0xba0c1000  x9=0xba0c1000
        7265000	       725	80001a34	016d7cb3	and	x25,x26,x22	 x26:0x00000005 x22:0x00000000 x25=0x00000000
        7275000	       726	80001a38	ff2398e3	bne	x7,x18,80001a28	  x7:0x00000005 x18:0x00000011
        7285000	       727	00000000	00000013	addi	x0,x0,0	  x0:0x00000000
        7295000	       728	80001a24	00000013	addi	x0,x0,0	  x0:0x00000000
        7305000	       729	80001a28	00eb30b3	sltu	x1,x22,x14	 x22:0x00000000 x14:0xfffffff7  x1=0x00000001
        7315000	       730	80001a2c	00438393	addi	x7,x7,4	  x7:0x00000005  x7=0x00000009
        7325000	       731	80001a30	00b044b3	xor	x9,x0,x11	  x0:0x00000000 x11:0xba0c1000  x9=0xba0c1000
        7335000	       732	80001a34	016d7cb3	and	x25,x26,x22	 x26:0x00000005 x22:0x00000000 x25=0x00000000
        7345000	       733	80001a38	ff2398e3	bne	x7,x18,80001a28	  x7:0x00000009 x18:0x00000011
        7355000	       734	00000000	00000013	addi	x0,x0,0	  x0:0x00000000
        7365000	       735	80001a24	00000013	addi	x0,x0,0	  x0:0x00000000
        7375000	       736	80001a28	00eb30b3	sltu	x1,x22,x14	 x22:0x00000000 x14:0xfffffff7  x1=0x00000001
        7385000	       737	80001a2c	00438393	addi	x7,x7,4	  x7:0x00000009  x7=0x0000000d
        7395000	       738	80001a30	00b044b3	xor	x9,x0,x11	  x0:0x00000000 x11:0xba0c1000  x9=0xba0c1000
        7405000	       739	80001a34	016d7cb3	and	x25,x26,x22	 x26:0x00000005 x22:0x00000000 x25=0x00000000
        7415000	       740	80001a38	ff2398e3	bne	x7,x18,80001a28	  x7:0x0000000d x18:0x00000011
        7425000	       741	00000000	00000013	addi	x0,x0,0	  x0:0x00000000
        7435000	       742	80001a24	00000013	addi	x0,x0,0	  x0:0x00000000
        7445000	       743	80001a28	00eb30b3	sltu	x1,x22,x14	 x22:0x00000000 x14:0xfffffff7  x1=0x00000001
        7455000	       744	80001a2c	00438393	addi	x7,x7,4	  x7:0x0000000d  x7=0x00000011
        7465000	       745	80001a30	00b044b3	xor	x9,x0,x11	  x0:0x00000000 x11:0xba0c1000  x9=0xba0c1000
        7475000	       746	80001a34	016d7cb3	and	x25,x26,x22	 x26:0x00000005 x22:0x00000000 x25=0x00000000
        7485000	       747	80001a38	ff2398e3	bne	x7,x18,80001a28	  x7:0x00000011 x18:0x00000011
        7495000	       748	80001a3c	01584a33	xor	x20,x16,x21	 x16:0xffffffe4 x21:0x1fffffff x20=0xe000001b
        7505000	       749	80001a40	00000893	addi	x17,x0,0	  x0:0x00000000 x17=0x00000000
        7515000	       750	80001a44	692d7a17	auipc	x20,0x692d7	 x20=0xe92d8a40
        7525000	       751	80001a48	00f00d13	addi	x26,x0,15	  x0:0x00000000 x26=0x0000000f
        7535000	       752	80001a4c	e90ff613	andi	x12,x31,-368	 x31:0xffffffc4 x12=0xfffffe80
        7545000	       753	80001a50	24da4713	xori	x14,x20,589	 x20:0xe92d8a40 x14=0xe92d880d
        7555000	       754	80001a54	01a10733	add	x14,x2,x26	  x2:0x00000000 x26:0x0000000f x14=0x0000000f
        7565000	       755	80001a58	3fe28813	addi	x16,x5,1022	  x5:0xb6b8c8cc x16=0xb6b8ccca
        7575000	       756	80001a5c	0044a6b3	slt	x13,x9,x4	  x9:0xba0c1000  x4:0x00000012 x13=0x00000001
        7585000	       757	80001a60	33007213	andi	x4,x0,816	  x0:0x00000000  x4=0x00000000
        7595000	       758	80001a64	0079d433	srl	x8,x19,x7	 x19:0xba0c1000  x7:0x00000011  x8=0x00005d06
        7605000	       759	80001a68	4baa6c93	ori	x25,x20,1210	 x20:0xe92d8a40 x25=0xe92d8efa
        7615000	       760	80001a6c	4916e913	ori	x18,x13,1169	 x13:0x00000001 x18=0x00000491
        7625000	       761	80001a70	00b3e033	or	x0,x7,x11	  x7:0x00000011 x11:0xba0c1000
        7635000	       762	80001a74	0098d6b3	srl	x13,x17,x9	 x17:0x00000000  x9:0xba0c1000 x13=0x00000000
        7645000	       763	80001a78	0006b2b3	sltu	x5,x13,x0	 x13:0x00000000  x0:0x00000000  x5=0x00000000
        7655000	       764	80001a7c	40e35db3	sra	x27,x6,x14	  x6:0xfffffea5 x14:0x0000000f x27=0xffffffff
        7665000	       765	80001a80	00c729b3	slt	x19,x14,x12	 x14:0x0000000f x12:0xfffffe80 x19=0x00000000
        7675000	       766	80001a84	80756813	ori	x16,x10,-2041	 x10:0x00000202 x16=0xfffffa07
        7685000	       767	80001a88	2457ecb7	lui	x25,0x2457e	 x25=0x2457e000
        7695000	       768	80001a8c	00288893	addi	x17,x17,2	 x17:0x00000000 x17=0x00000002
        7705000	       769	80001a90	ee262713	slti	x14,x12,-286	 x12:0xfffffe80 x14=0x00000001
        7715000	       770	80001a94	00d79513	slli	x10,x15,0xd	 x15:0x00000002 x10=0x00004000
        7725000	       771	80001a98	1de9a693	slti	x13,x19,478	 x19:0x00000000 x13=0x00000001
        7735000	       772	80001a9c	009bd033	srl	x0,x23,x9	 x23:0xfffffffc  x9:0xba0c1000
        7745000	       773	80001aa0	00b5d0b3	srl	x1,x11,x11	 x11:0xba0c1000 x11:0xba0c1000  x1=0xba0c1000
        7755000	       774	80001aa4	a8ce3717	auipc	x14,0xa8ce3	 x14=0x28ce4aa0
        7765000	       775	80001aa8	41de5613	srai	x12,x28,0x1d	 x28:0xffffffef x12=0xffffffff
        7775000	       776	80001aac	00a85e13	srli	x28,x16,0xa	 x16:0xfffffa07 x28=0x003ffffe
        7785000	       777	80001ab0	fda8c0e3	blt	x17,x26,80001a70	 x17:0x00000002 x26:0x0000000f
        7795000	       778	00000000	00000013	addi	x0,x0,0	  x0:0x00000000
        7805000	       779	80001a6c	00000013	addi	x0,x0,0	  x0:0x00000000
        7815000	       780	80001a70	00b3e033	or	x0,x7,x11	  x7:0x00000011 x11:0xba0c1000
        7825000	       781	80001a74	0098d6b3	srl	x13,x17,x9	 x17:0x00000002  x9:0xba0c1000 x13=0x00000002
        7835000	       782	80001a78	0006b2b3	sltu	x5,x13,x0	 x13:0x00000002  x0:0x00000000  x5=0x00000000
        7845000	       783	80001a7c	40e35db3	sra	x27,x6,x14	  x6:0xfffffea5 x14:0x28ce4aa0 x27=0xfffffea5
        7855000	       784	80001a80	00c729b3	slt	x19,x14,x12	 x14:0x28ce4aa0 x12:0xffffffff x19=0x00000000
        7865000	       785	80001a84	80756813	ori	x16,x10,-2041	 x10:0x00004000 x16=0xfffff807
        7875000	       786	80001a88	2457ecb7	lui	x25,0x2457e	 x25=0x2457e000
        7885000	       787	80001a8c	00288893	addi	x17,x17,2	 x17:0x00000002 x17=0x00000004
        7895000	       788	80001a90	ee262713	slti	x14,x12,-286	 x12:0xffffffff x14=0x00000000
        7905000	       789	80001a94	00d79513	slli	x10,x15,0xd	 x15:0x00000002 x10=0x00004000
        7915000	       790	80001a98	1de9a693	slti	x13,x19,478	 x19:0x00000000 x13=0x00000001
        7925000	       791	80001a9c	009bd033	srl	x0,x23,x9	 x23:0xfffffffc  x9:0xba0c1000
        7935000	       792	80001aa0	00b5d0b3	srl	x1,x11,x11	 x11:0xba0c1000 x11:0xba0c1000  x1=0xba0c1000
        7945000	       793	80001aa4	a8ce3717	auipc	x14,0xa8ce3	 x14=0x28ce4aa0
        7955000	       794	80001aa8	41de5613	srai	x12,x28,0x1d	 x28:0x003ffffe x12=0x00000000
        7965000	       795	80001aac	00a85e13	srli	x28,x16,0xa	 x16:0xfffff807 x28=0x003ffffe
        7975000	       796	80001ab0	fda8c0e3	blt	x17,x26,80001a70	 x17:0x00000004 x26:0x0000000f
        7985000	       797	00000000	00000013	addi	x0,x0,0	  x0:0x00000000
        7995000	       798	80001a6c	00000013	addi	x0,x0,0	  x0:0x00000000
        8005000	       799	80001a70	00b3e033	or	x0,x7,x11	  x7:0x00000011 x11:0xba0c1000
        8015000	       800	80001a74	0098d6b3	srl	x13,x17,x9	 x17:0x00000004  x9:0xba0c1000 x13=0x00000004
        8025000	       801	80001a78	0006b2b3	sltu	x5,x13,x0	 x13:0x00000004  x0:0x00000000  x5=0x00000000
        8035000	       802	80001a7c	40e35db3	sra	x27,x6,x14	  x6:0xfffffea5 x14:0x28ce4aa0 x27=0xfffffea5
        8045000	       803	80001a80	00c729b3	slt	x19,x14,x12	 x14:0x28ce4aa0 x12:0x00000000 x19=0x00000000
        8055000	       804	80001a84	80756813	ori	x16,x10,-2041	 x10:0x00004000 x16=0xfffff807
        8065000	       805	80001a88	2457ecb7	lui	x25,0x2457e	 x25=0x2457e000
        8075000	       806	80001a8c	00288893	addi	x17,x17,2	 x17:0x00000004 x17=0x00000006
        8085000	       807	80001a90	ee262713	slti	x14,x12,-286	 x12:0x00000000 x14=0x00000000
        8095000	       808	80001a94	00d79513	slli	x10,x15,0xd	 x15:0x00000002 x10=0x00004000
        8105000	       809	80001a98	1de9a693	slti	x13,x19,478	 x19:0x00000000 x13=0x00000001
        8115000	       810	80001a9c	009bd033	srl	x0,x23,x9	 x23:0xfffffffc  x9:0xba0c1000
        8125000	       811	80001aa0	00b5d0b3	srl	x1,x11,x11	 x11:0xba0c1000 x11:0xba0c1000  x1=0xba0c1000
        8135000	       812	80001aa4	a8ce3717	auipc	x14,0xa8ce3	 x14=0x28ce4aa0
        8145000	       813	80001aa8	41de5613	srai	x12,x28,0x1d	 x28:0x003ffffe x12=0x00000000
        8155000	       814	80001aac	00a85e13	srli	x28,x16,0xa	 x16:0xfffff807 x28=0x003ffffe
        8165000	       815	80001ab0	fda8c0e3	blt	x17,x26,80001a70	 x17:0x00000006 x26:0x0000000f
        8175000	       816	00000000	00000013	addi	x0,x0,0	  x0:0x00000000
        8185000	       817	80001a6c	00000013	addi	x0,x0,0	  x0:0x00000000
        8195000	       818	80001a70	00b3e033	or	x0,x7,x11	  x7:0x00000011 x11:0xba0c1000
        8205000	       819	80001a74	0098d6b3	srl	x13,x17,x9	 x17:0x00000006  x9:0xba0c1000 x13=0x00000006
        8215000	       820	80001a78	0006b2b3	sltu	x5,x13,x0	 x13:0x00000006  x0:0x00000000  x5=0x00000000
        8225000	       821	80001a7c	40e35db3	sra	x27,x6,x14	  x6:0xfffffea5 x14:0x28ce4aa0 x27=0xfffffea5
        8235000	       822	80001a80	00c729b3	slt	x19,x14,x12	 x14:0x28ce4aa0 x12:0x00000000 x19=0x00000000
        8245000	       823	80001a84	80756813	ori	x16,x10,-2041	 x10:0x00004000 x16=0xfffff807
        8255000	       824	80001a88	2457ecb7	lui	x25,0x2457e	 x25=0x2457e000
        8265000	       825	80001a8c	00288893	addi	x17,x17,2	 x17:0x00000006 x17=0x00000008
        8275000	       826	80001a90	ee262713	slti	x14,x12,-286	 x12:0x00000000 x14=0x00000000
        8285000	       827	80001a94	00d79513	slli	x10,x15,0xd	 x15:0x00000002 x10=0x00004000
        8295000	       828	80001a98	1de9a693	slti	x13,x19,478	 x19:0x00000000 x13=0x00000001
        8305000	       829	80001a9c	009bd033	srl	x0,x23,x9	 x23:0xfffffffc  x9:0xba0c1000
        8315000	       830	80001aa0	00b5d0b3	srl	x1,x11,x11	 x11:0xba0c1000 x11:0xba0c1000  x1=0xba0c1000
        8325000	       831	80001aa4	a8ce3717	auipc	x14,0xa8ce3	 x14=0x28ce4aa0
        8335000	       832	80001aa8	41de5613	srai	x12,x28,0x1d	 x28:0x003ffffe x12=0x00000000
        8345000	       833	80001aac	00a85e13	srli	x28,x16,0xa	 x16:0xfffff807 x28=0x003ffffe
        8355000	       834	80001ab0	fda8c0e3	blt	x17,x26,80001a70	 x17:0x00000008 x26:0x0000000f
        8365000	       835	00000000	00000013	addi	x0,x0,0	  x0:0x00000000
        8375000	       836	80001a6c	00000013	addi	x0,x0,0	  x0:0x00000000
        8385000	       837	80001a70	00b3e033	or	x0,x7,x11	  x7:0x00000011 x11:0xba0c1000
        8395000	       838	80001a74	0098d6b3	srl	x13,x17,x9	 x17:0x00000008  x9:0xba0c1000 x13=0x00000008
        8405000	       839	80001a78	0006b2b3	sltu	x5,x13,x0	 x13:0x00000008  x0:0x00000000  x5=0x00000000
        8415000	       840	80001a7c	40e35db3	sra	x27,x6,x14	  x6:0xfffffea5 x14:0x28ce4aa0 x27=0xfffffea5
        8425000	       841	80001a80	00c729b3	slt	x19,x14,x12	 x14:0x28ce4aa0 x12:0x00000000 x19=0x00000000
        8435000	       842	80001a84	80756813	ori	x16,x10,-2041	 x10:0x00004000 x16=0xfffff807
        8445000	       843	80001a88	2457ecb7	lui	x25,0x2457e	 x25=0x2457e000
        8455000	       844	80001a8c	00288893	addi	x17,x17,2	 x17:0x00000008 x17=0x0000000a
        8465000	       845	80001a90	ee262713	slti	x14,x12,-286	 x12:0x00000000 x14=0x00000000
        8475000	       846	80001a94	00d79513	slli	x10,x15,0xd	 x15:0x00000002 x10=0x00004000
        8485000	       847	80001a98	1de9a693	slti	x13,x19,478	 x19:0x00000000 x13=0x00000001
        8495000	       848	80001a9c	009bd033	srl	x0,x23,x9	 x23:0xfffffffc  x9:0xba0c1000
        8505000	       849	80001aa0	00b5d0b3	srl	x1,x11,x11	 x11:0xba0c1000 x11:0xba0c1000  x1=0xba0c1000
        8515000	       850	80001aa4	a8ce3717	auipc	x14,0xa8ce3	 x14=0x28ce4aa0
        8525000	       851	80001aa8	41de5613	srai	x12,x28,0x1d	 x28:0x003ffffe x12=0x00000000
        8535000	       852	80001aac	00a85e13	srli	x28,x16,0xa	 x16:0xfffff807 x28=0x003ffffe
        8545000	       853	80001ab0	fda8c0e3	blt	x17,x26,80001a70	 x17:0x0000000a x26:0x0000000f
        8555000	       854	00000000	00000013	addi	x0,x0,0	  x0:0x00000000
        8565000	       855	80001a6c	00000013	addi	x0,x0,0	  x0:0x00000000
        8575000	       856	80001a70	00b3e033	or	x0,x7,x11	  x7:0x00000011 x11:0xba0c1000
        8585000	       857	80001a74	0098d6b3	srl	x13,x17,x9	 x17:0x0000000a  x9:0xba0c1000 x13=0x0000000a
        8595000	       858	80001a78	0006b2b3	sltu	x5,x13,x0	 x13:0x0000000a  x0:0x00000000  x5=0x00000000
        8605000	       859	80001a7c	40e35db3	sra	x27,x6,x14	  x6:0xfffffea5 x14:0x28ce4aa0 x27=0xfffffea5
        8615000	       860	80001a80	00c729b3	slt	x19,x14,x12	 x14:0x28ce4aa0 x12:0x00000000 x19=0x00000000
        8625000	       861	80001a84	80756813	ori	x16,x10,-2041	 x10:0x00004000 x16=0xfffff807
        8635000	       862	80001a88	2457ecb7	lui	x25,0x2457e	 x25=0x2457e000
        8645000	       863	80001a8c	00288893	addi	x17,x17,2	 x17:0x0000000a x17=0x0000000c
        8655000	       864	80001a90	ee262713	slti	x14,x12,-286	 x12:0x00000000 x14=0x00000000
        8665000	       865	80001a94	00d79513	slli	x10,x15,0xd	 x15:0x00000002 x10=0x00004000
        8675000	       866	80001a98	1de9a693	slti	x13,x19,478	 x19:0x00000000 x13=0x00000001
        8685000	       867	80001a9c	009bd033	srl	x0,x23,x9	 x23:0xfffffffc  x9:0xba0c1000
        8695000	       868	80001aa0	00b5d0b3	srl	x1,x11,x11	 x11:0xba0c1000 x11:0xba0c1000  x1=0xba0c1000
        8705000	       869	80001aa4	a8ce3717	auipc	x14,0xa8ce3	 x14=0x28ce4aa0
        8715000	       870	80001aa8	41de5613	srai	x12,x28,0x1d	 x28:0x003ffffe x12=0x00000000
        8725000	       871	80001aac	00a85e13	srli	x28,x16,0xa	 x16:0xfffff807 x28=0x003ffffe
        8735000	       872	80001ab0	fda8c0e3	blt	x17,x26,80001a70	 x17:0x0000000c x26:0x0000000f
        8745000	       873	00000000	00000013	addi	x0,x0,0	  x0:0x00000000
        8755000	       874	80001a6c	00000013	addi	x0,x0,0	  x0:0x00000000
        8765000	       875	80001a70	00b3e033	or	x0,x7,x11	  x7:0x00000011 x11:0xba0c1000
        8775000	       876	80001a74	0098d6b3	srl	x13,x17,x9	 x17:0x0000000c  x9:0xba0c1000 x13=0x0000000c
        8785000	       877	80001a78	0006b2b3	sltu	x5,x13,x0	 x13:0x0000000c  x0:0x00000000  x5=0x00000000
        8795000	       878	80001a7c	40e35db3	sra	x27,x6,x14	  x6:0xfffffea5 x14:0x28ce4aa0 x27=0xfffffea5
        8805000	       879	80001a80	00c729b3	slt	x19,x14,x12	 x14:0x28ce4aa0 x12:0x00000000 x19=0x00000000
        8815000	       880	80001a84	80756813	ori	x16,x10,-2041	 x10:0x00004000 x16=0xfffff807
        8825000	       881	80001a88	2457ecb7	lui	x25,0x2457e	 x25=0x2457e000
        8835000	       882	80001a8c	00288893	addi	x17,x17,2	 x17:0x0000000c x17=0x0000000e
        8845000	       883	80001a90	ee262713	slti	x14,x12,-286	 x12:0x00000000 x14=0x00000000
        8855000	       884	80001a94	00d79513	slli	x10,x15,0xd	 x15:0x00000002 x10=0x00004000
        8865000	       885	80001a98	1de9a693	slti	x13,x19,478	 x19:0x00000000 x13=0x00000001
        8875000	       886	80001a9c	009bd033	srl	x0,x23,x9	 x23:0xfffffffc  x9:0xba0c1000
        8885000	       887	80001aa0	00b5d0b3	srl	x1,x11,x11	 x11:0xba0c1000 x11:0xba0c1000  x1=0xba0c1000
        8895000	       888	80001aa4	a8ce3717	auipc	x14,0xa8ce3	 x14=0x28ce4aa0
        8905000	       889	80001aa8	41de5613	srai	x12,x28,0x1d	 x28:0x003ffffe x12=0x00000000
        8915000	       890	80001aac	00a85e13	srli	x28,x16,0xa	 x16:0xfffff807 x28=0x003ffffe
        8925000	       891	80001ab0	fda8c0e3	blt	x17,x26,80001a70	 x17:0x0000000e x26:0x0000000f
        8935000	       892	00000000	00000013	addi	x0,x0,0	  x0:0x00000000
        8945000	       893	80001a6c	00000013	addi	x0,x0,0	  x0:0x00000000
        8955000	       894	80001a70	00b3e033	or	x0,x7,x11	  x7:0x00000011 x11:0xba0c1000
        8965000	       895	80001a74	0098d6b3	srl	x13,x17,x9	 x17:0x0000000e  x9:0xba0c1000 x13=0x0000000e
        8975000	       896	80001a78	0006b2b3	sltu	x5,x13,x0	 x13:0x0000000e  x0:0x00000000  x5=0x00000000
        8985000	       897	80001a7c	40e35db3	sra	x27,x6,x14	  x6:0xfffffea5 x14:0x28ce4aa0 x27=0xfffffea5
        8995000	       898	80001a80	00c729b3	slt	x19,x14,x12	 x14:0x28ce4aa0 x12:0x00000000 x19=0x00000000
        9005000	       899	80001a84	80756813	ori	x16,x10,-2041	 x10:0x00004000 x16=0xfffff807
        9015000	       900	80001a88	2457ecb7	lui	x25,0x2457e	 x25=0x2457e000
        9025000	       901	80001a8c	00288893	addi	x17,x17,2	 x17:0x0000000e x17=0x00000010
        9035000	       902	80001a90	ee262713	slti	x14,x12,-286	 x12:0x00000000 x14=0x00000000
        9045000	       903	80001a94	00d79513	slli	x10,x15,0xd	 x15:0x00000002 x10=0x00004000
        9055000	       904	80001a98	1de9a693	slti	x13,x19,478	 x19:0x00000000 x13=0x00000001
        9065000	       905	80001a9c	009bd033	srl	x0,x23,x9	 x23:0xfffffffc  x9:0xba0c1000
        9075000	       906	80001aa0	00b5d0b3	srl	x1,x11,x11	 x11:0xba0c1000 x11:0xba0c1000  x1=0xba0c1000
        9085000	       907	80001aa4	a8ce3717	auipc	x14,0xa8ce3	 x14=0x28ce4aa0
        9095000	       908	80001aa8	41de5613	srai	x12,x28,0x1d	 x28:0x003ffffe x12=0x00000000
        9105000	       909	80001aac	00a85e13	srli	x28,x16,0xa	 x16:0xfffff807 x28=0x003ffffe
        9115000	       910	80001ab0	fda8c0e3	blt	x17,x26,80001a70	 x17:0x00000010 x26:0x0000000f
        9125000	       911	80001ab4	010e1b33	sll	x22,x28,x16	 x28:0x003ffffe x16:0xfffff807 x22=0x1fffff00
        9135000	       912	80001ab8	ffa00c93	addi	x25,x0,-6	  x0:0x00000000 x25=0xfffffffa
        9145000	       913	80001abc	418304b3	sub	x9,x6,x24	  x6:0xfffffea5 x24:0x80009fc4  x9=0x7fff5ee1
        9155000	       914	80001ac0	00300193	addi	x3,x0,3	  x0:0x00000000  x3=0x00000003
        9165000	       915	80001ac4	010ae0b3	or	x1,x21,x16	 x21:0x1fffffff x16:0xfffff807  x1=0xffffffff
        9175000	       916	80001ac8	00680133	add	x2,x16,x6	 x16:0xfffff807  x6:0xfffffea5  x2=0xfffff6ac
        9185000	       917	80001acc	e884e713	ori	x14,x9,-376	  x9:0x7fff5ee1 x14=0xfffffee9
        9195000	       918	80001ad0	00000013	addi	x0,x0,0	  x0:0x00000000
        9205000	       919	80001ad4	009c8c93	addi	x25,x25,9	 x25:0xfffffffa x25=0x00000003
        9215000	       920	80001ad8	0030d733	srl	x14,x1,x3	  x1:0xffffffff  x3:0x00000003 x14=0x1fffffff
        9225000	       921	80001adc	ad94e997	auipc	x19,0xad94e	 x19=0x2d94fad8
        9235000	       922	80001ae0	010bb333	sltu	x6,x23,x16	 x23:0xfffffffc x16:0xfffff807  x6=0x00000000
        9245000	       923	80001ae4	40d20133	sub	x2,x4,x13	  x4:0x00000000 x13:0x00000001  x2=0xffffffff
        9255000	       924	80001ae8	fe3c92e3	bne	x25,x3,80001acc	 x25:0x00000003  x3:0x00000003
        9265000	       925	80001aec	41f00433	sub	x8,x0,x31	  x0:0x00000000 x31:0xffffffc4  x8=0x0000003c
        9275000	       926	80001af0	00900593	addi	x11,x0,9	  x0:0x00000000 x11=0x00000009
        9285000	       927	80001af4	00600d13	addi	x26,x0,6	  x0:0x00000000 x26=0x00000006
        9295000	       928	80001af8	01e133b3	sltu	x7,x2,x30	  x2:0xffffffff x30:0x00000009  x7=0x00000000
        9305000	       929	80001afc	00d27ab3	and	x21,x4,x13	  x4:0x00000000 x13:0x00000001 x21=0x00000000
        9315000	       930	80001b00	ffe58593	addi	x11,x11,-2	 x11:0x00000009 x11=0x00000007
        9325000	       931	80001b04	00600693	addi	x13,x0,6	  x0:0x00000000 x13=0x00000006
        9335000	       932	80001b08	00e00b93	addi	x23,x0,14	  x0:0x00000000 x23=0x0000000e
        9345000	       933	80001b0c	a72a3f93	sltiu	x31,x20,-1422	 x20:0xe92d8a40 x31=0x00000001
        9355000	       934	80001b10	00468693	addi	x13,x13,4	 x13:0x00000006 x13=0x0000000a
        9365000	       935	80001b14	ff769ce3	bne	x13,x23,80001b0c	 x13:0x0000000a x23:0x0000000e
        9375000	       936	00000000	00000013	addi	x0,x0,0	  x0:0x00000000
        9385000	       937	80001b08	00000013	addi	x0,x0,0	  x0:0x00000000
        9395000	       938	80001b0c	a72a3f93	sltiu	x31,x20,-1422	 x20:0xe92d8a40 x31=0x00000001
        9405000	       939	80001b10	00468693	addi	x13,x13,4	 x13:0x0000000a x13=0x0000000e
        9415000	       940	80001b14	ff769ce3	bne	x13,x23,80001b0c	 x13:0x0000000e x23:0x0000000e
        9425000	       941	80001b18	d041e113	ori	x2,x3,-764	  x3:0x00000003  x2=0xfffffd07
        9435000	       942	80001b1c	fda5fee3	bgeu	x11,x26,80001af8	 x11:0x00000007 x26:0x00000006
        9445000	       943	00000000	00000013	addi	x0,x0,0	  x0:0x00000000
        9455000	       944	80001af4	00000013	addi	x0,x0,0	  x0:0x00000000
        9465000	       945	80001af8	01e133b3	sltu	x7,x2,x30	  x2:0xfffffd07 x30:0x00000009  x7=0x00000000
        9475000	       946	80001afc	00d27ab3	and	x21,x4,x13	  x4:0x00000000 x13:0x0000000e x21=0x00000000
        9485000	       947	80001b00	ffe58593	addi	x11,x11,-2	 x11:0x00000007 x11=0x00000005
        9495000	       948	80001b04	00600693	addi	x13,x0,6	  x0:0x00000000 x13=0x00000006
        9505000	       949	80001b08	00e00b93	addi	x23,x0,14	  x0:0x00000000 x23=0x0000000e
        9515000	       950	80001b0c	a72a3f93	sltiu	x31,x20,-1422	 x20:0xe92d8a40 x31=0x00000001
        9525000	       951	80001b10	00468693	addi	x13,x13,4	 x13:0x00000006 x13=0x0000000a
        9535000	       952	80001b14	ff769ce3	bne	x13,x23,80001b0c	 x13:0x0000000a x23:0x0000000e
        9545000	       953	00000000	00000013	addi	x0,x0,0	  x0:0x00000000
        9555000	       954	80001b08	00000013	addi	x0,x0,0	  x0:0x00000000
        9565000	       955	80001b0c	a72a3f93	sltiu	x31,x20,-1422	 x20:0xe92d8a40 x31=0x00000001
        9575000	       956	80001b10	00468693	addi	x13,x13,4	 x13:0x0000000a x13=0x0000000e
        9585000	       957	80001b14	ff769ce3	bne	x13,x23,80001b0c	 x13:0x0000000e x23:0x0000000e
        9595000	       958	80001b18	d041e113	ori	x2,x3,-764	  x3:0x00000003  x2=0xfffffd07
        9605000	       959	80001b1c	fda5fee3	bgeu	x11,x26,80001af8	 x11:0x00000005 x26:0x00000006
        9615000	       960	80001b20	e91b2313	slti	x6,x22,-367	 x22:0x1fffff00  x6=0x00000000
        9625000	       961	80001b24	00800093	addi	x1,x0,8	  x0:0x00000000  x1=0x00000008
        9635000	       962	80001b28	00800493	addi	x9,x0,8	  x0:0x00000000  x9=0x00000008
        9645000	       963	80001b2c	00000013	addi	x0,x0,0	  x0:0x00000000
        9655000	       964	80001b30	00412233	slt	x4,x2,x4	  x2:0xfffffd07  x4:0x00000000  x4=0x00000001
        9665000	       965	80001b34	bb5a8113	addi	x2,x21,-1099	 x21:0x00000000  x2=0xfffffbb5
        9675000	       966	80001b38	e6813993	sltiu	x19,x2,-408	  x2:0xfffffbb5 x19=0x00000001
        9685000	       967	80001b3c	408d0717	auipc	x14,0x408d0	 x14=0xc08d1b38
        9695000	       968	80001b40	00ce9213	slli	x4,x29,0xc	 x29:0x80009f60  x4=0x09f60000
        9705000	       969	80001b44	0021d393	srli	x7,x3,0x2	  x3:0x00000003  x7=0x00000000
        9715000	       970	80001b48	ffa08093	addi	x1,x1,-6	  x1:0x00000008  x1=0x00000002
        9725000	       971	80001b4c	01624b33	xor	x22,x4,x22	  x4:0x09f60000 x22:0x1fffff00 x22=0x1609ff00
        9735000	       972	80001b50	0129c5b3	xor	x11,x19,x18	 x19:0x00000001 x18:0x00000491 x11=0x00000490
        9745000	       973	80001b54	01176a33	or	x20,x14,x17	 x14:0xc08d1b38 x17:0x00000010 x20=0xc08d1b38
        9755000	       974	80001b58	01172b33	slt	x22,x14,x17	 x14:0xc08d1b38 x17:0x00000010 x22=0x00000001
        9765000	       975	80001b5c	00900b93	addi	x23,x0,9	  x0:0x00000000 x23=0x00000009
        9775000	       976	80001b60	00700893	addi	x17,x0,7	  x0:0x00000000 x17=0x00000007
        9785000	       977	80001b64	41775393	srai	x7,x14,0x17	 x14:0xc08d1b38  x7=0xffffff81
        9795000	       978	80001b68	40c58d33	sub	x26,x11,x12	 x11:0x00000490 x12:0x00000000 x26=0x00000490
        9805000	       979	80001b6c	ffab8b93	addi	x23,x23,-6	 x23:0x00000009 x23=0x00000003
        9815000	       980	80001b70	41d60613	addi	x12,x12,1053	 x12:0x00000000 x12=0x0000041d
        9825000	       981	80001b74	ff1bfae3	bgeu	x23,x17,80001b68	 x23:0x00000003 x17:0x00000007
        9835000	       982	80001b78	0156c3b3	xor	x7,x13,x21	 x13:0x0000000e x21:0x00000000  x7=0x0000000e
        9845000	       983	80001b7c	fa90fae3	bgeu	x1,x9,80001b30	  x1:0x00000002  x9:0x00000008
        9855000	       984	80001b80	ca058c93	addi	x25,x11,-864	 x11:0x00000490 x25=0x00000130
        9865000	       985	80001b84	00a00d13	addi	x26,x0,10	  x0:0x00000000 x26=0x0000000a
        9875000	       986	80001b88	00e00b93	addi	x23,x0,14	  x0:0x00000000 x23=0x0000000e
        9885000	       987	80001b8c	d2640313	addi	x6,x8,-730	  x8:0x0000003c  x6=0xfffffd62
        9895000	       988	80001b90	71563893	sltiu	x17,x12,1813	 x12:0x0000041d x17=0x00000001
        9905000	       989	80001b94	002d0d13	addi	x26,x26,2	 x26:0x0000000a x26=0x0000000c
        9915000	       990	80001b98	d94d7b13	andi	x22,x26,-620	 x26:0x0000000c x22=0x00000004
        9925000	       991	80001b9c	00700213	addi	x4,x0,7	  x0:0x00000000  x4=0x00000007
        9935000	       992	80001ba0	4e085e37	lui	x28,0x4e085	 x28=0x4e085000
        9945000	       993	80001ba4	fef00093	addi	x1,x0,-17	  x0:0x00000000  x1=0xffffffef
        9955000	       994	80001ba8	4e482693	slti	x13,x16,1252	 x16:0xfffff807 x13=0x00000001
        9965000	       995	80001bac	ffc20213	addi	x4,x4,-4	  x4:0x00000007  x4=0x00000003
        9975000	       996	80001bb0	00000013	addi	x0,x0,0	  x0:0x00000000
        9985000	       997	80001bb4	fe120ae3	beq	x4,x1,80001ba8	  x4:0x00000003  x1:0xffffffef
        9995000	       998	80001bb8	8ab68793	addi	x15,x13,-1877	 x13:0x00000001 x15=0xfffff8ac
       10005000	       999	80001bbc	fd7d0ae3	beq	x26,x23,80001b90	 x26:0x0000000c x23:0x0000000e
       10015000	      1000	80001bc0	844ec393	xori	x7,x29,-1980	 x29:0x80009f60  x7=0x7fff6724
       10025000	      1001	80001bc4	009af033	and	x0,x21,x9	 x21:0x00000000  x9:0x00000008
       10035000	      1002	80001bc8	01095593	srli	x11,x18,0x10	 x18:0x00000491 x11=0x00000000
       10045000	      1003	80001bcc	aa613f93	sltiu	x31,x2,-1370	  x2:0xfffffbb5 x31=0x00000000
       10055000	      1004	80001bd0	e4c7eb93	ori	x23,x15,-436	 x15:0xfffff8ac x23=0xfffffeec
       10065000	      1005	80001bd4	0852c513	xori	x10,x5,133	  x5:0x00000000 x10=0x00000085
       10075000	      1006	80001bd8	b1800713	addi	x14,x0,-1256	  x0:0x00000000 x14=0xfffffb18
       10085000	      1007	80001bdc	d2e26a13	ori	x20,x4,-722	  x4:0x00000003 x20=0xfffffd2f
       10095000	      1008	80001be0	416fd513	srai	x10,x31,0x16	 x31:0x00000000 x10=0x00000000
       10105000	      1009	80001be4	1d95b813	sltiu	x16,x11,473	 x11:0x00000000 x16=0x00000001
       10115000	      1010	80001be8	01e01e13	slli	x28,x0,0x1e	  x0:0x00000000 x28=0x00000000
       10125000	      1011	80001bec	00ea3cb3	sltu	x25,x20,x14	 x20:0xfffffd2f x14:0xfffffb18 x25=0x00000000
       10135000	      1012	80001bf0	2d422617	auipc	x12,0x2d422	 x12=0xad423bec
       10145000	      1013	80001bf4	006c43b3	xor	x7,x24,x6	 x24:0x80009fc4  x6:0xfffffd62  x7=0x7fff62a6
       10155000	      1014	80001bf8	79a084b7	lui	x9,0x79a08	  x9=0x79a08000
       10165000	      1015	80001bfc	025f4a63	blt	x30,x5,80001c30	 x30:0x00000009  x5:0x00000000
       10175000	      1016	80001c00	54031537	lui	x10,0x54031	 x10=0x54031000
       10185000	      1017	80001c04	06613113	sltiu	x2,x2,102	  x2:0xfffffbb5  x2=0x00000000
       10195000	      1018	80001c08	04270863	beq	x14,x2,80001c58	 x14:0xfffffb18  x2:0x00000000
       10205000	      1019	80001c0c	f094bc93	sltiu	x25,x9,-247	  x9:0x79a08000 x25=0x00000001
       10215000	      1020	80001c10	5133c413	xori	x8,x7,1299	  x7:0x7fff62a6  x8=0x7fff67b5
       10225000	      1021	80001c14	06a5f663	bgeu	x11,x10,80001c80	 x11:0x00000000 x10:0x54031000
       10235000	      1022	80001c18	40c608b3	sub	x17,x12,x12	 x12:0xad423bec x12:0xad423bec x17=0x00000000
       10245000	      1023	80001c1c	41c65633	sra	x12,x12,x28	 x12:0xad423bec x28:0x00000000 x12=0xad423bec
       10255000	      1024	80001c20	01861093	slli	x1,x12,0x18	 x12:0xad423bec  x1=0xec000000
       10265000	      1025	80001c24	404403b3	sub	x7,x8,x4	  x8:0x7fff67b5  x4:0x00000003  x7=0x7fff67b2
       10275000	      1026	80001c28	03e8de63	bge	x17,x30,80001c64	 x17:0x00000000 x30:0x00000009
       10285000	      1027	80001c2c	419101b3	sub	x3,x2,x25	  x2:0x00000000 x25:0x00000001  x3=0xffffffff
       10295000	      1028	80001c30	8dd4c213	xori	x4,x9,-1827	  x9:0x79a08000  x4=0x865f78dd
       10305000	      1029	80001c34	ff800493	addi	x9,x0,-8	  x0:0x00000000  x9=0xfffffff8
       10315000	      1030	80001c38	00100a13	addi	x20,x0,1	  x0:0x00000000 x20=0x00000001
       10325000	      1031	80001c3c	4049db33	sra	x22,x19,x4	 x19:0x00000001  x4:0x865f78dd x22=0x00000000
       10335000	      1032	80001c40	b3d4b193	sltiu	x3,x9,-1219	  x9:0xfffffff8  x3=0x00000000
       10345000	      1033	80001c44	5d307993	andi	x19,x0,1491	  x0:0x00000000 x19=0x00000000
       10355000	      1034	80001c48	00948493	addi	x9,x9,9	  x9:0xfffffff8  x9=0x00000001
       10365000	      1035	80001c4c	ff449ae3	bne	x9,x20,80001c40	  x9:0x00000001 x20:0x00000001
       10375000	      1036	80001c50	65e08993	addi	x19,x1,1630	  x1:0xec000000 x19=0xec00065e
       10385000	      1037	80001c54	3b5f2093	slti	x1,x30,949	 x30:0x00000009  x1=0x00000001
       10395000	      1038	80001c58	8a207517	auipc	x10,0x8a207	 x10=0x0a208c54
       10405000	      1039	80001c5c	03166263	bltu	x12,x17,80001c80	 x12:0xad423bec x17:0x00000000
       10415000	      1040	80001c60	01d130b3	sltu	x1,x2,x29	  x2:0x00000000 x29:0x80009f60  x1=0x00000001
       10425000	      1041	80001c64	014c6a33	or	x20,x24,x20	 x24:0x80009fc4 x20:0x00000001 x20=0x80009fc5
       10435000	      1042	80001c68	04cc9663	bne	x25,x12,80001cb4	 x25:0x00000001 x12:0xad423bec
       10445000	      1043	00000000	00000013	addi	x0,x0,0	  x0:0x00000000
       10455000	      1044	80001cb0	00000013	addi	x0,x0,0	  x0:0x00000000
       10465000	      1045	80001cb4	6364a313	slti	x6,x9,1590	  x9:0x00000001  x6=0x00000001
       10475000	      1046	80001cb8	01066433	or	x8,x12,x16	 x12:0xad423bec x16:0x00000001  x8=0xad423bed
       10485000	      1047	80001cbc	11c3f893	andi	x17,x7,284	  x7:0x7fff67b2 x17=0x00000110
       10495000	      1048	80001cc0	56dd9197	auipc	x3,0x56dd9	  x3=0xd6ddacbc
       10505000	      1049	80001cc4	03a07863	bgeu	x0,x26,80001cf4	  x0:0x00000000 x26:0x0000000c
       10515000	      1050	80001cc8	9f40f993	andi	x19,x1,-1548	  x1:0x00000001 x19=0x00000000
       10525000	      1051	80001ccc	d1c11837	lui	x16,0xd1c11	 x16=0xd1c11000
       10535000	      1052	80001cd0	00ee48b3	xor	x17,x28,x14	 x28:0x00000000 x14:0xfffffb18 x17=0xfffffb18
       10545000	      1053	80001cd4	29c6e613	ori	x12,x13,668	 x13:0x00000001 x12=0x0000029d
       10555000	      1054	80001cd8	4059d793	srai	x15,x19,0x5	 x19:0x00000000 x15=0x00000000
       10565000	      1055	80001cdc	01de6663	bltu	x28,x29,80001ce8	 x28:0x00000000 x29:0x80009f60
       10575000	      1056	00000000	00000013	addi	x0,x0,0	  x0:0x00000000
       10585000	      1057	80001ce4	00000013	addi	x0,x0,0	  x0:0x00000000
       10595000	      1058	80001ce8	b79c4b93	xori	x23,x24,-1159	 x24:0x80009fc4 x23=0x7fff64bd
       10605000	      1059	80001cec	0152a4b3	slt	x9,x5,x21	  x5:0x00000000 x21:0x00000000  x9=0x00000000
       10615000	      1060	80001cf0	01c03bb3	sltu	x23,x0,x28	  x0:0x00000000 x28:0x00000000 x23=0x00000000
       10625000	      1061	80001cf4	64b32813	slti	x16,x6,1611	  x6:0x00000001 x16=0x00000001
       10635000	      1062	80001cf8	d688e093	ori	x1,x17,-664	 x17:0xfffffb18  x1=0xffffff78
       10645000	      1063	80001cfc	01422a33	slt	x20,x4,x20	  x4:0x865f78dd x20:0x80009fc5 x20=0x00000000
       10655000	      1064	80001d00	acfeb093	sltiu	x1,x29,-1329	 x29:0x80009f60  x1=0x00000001
       10665000	      1065	80001d04	02899863	bne	x19,x8,80001d34	 x19:0x00000000  x8:0xad423bed
       10675000	      1066	00000000	00000013	addi	x0,x0,0	  x0:0x00000000
       10685000	      1067	80001d30	00000013	addi	x0,x0,0	  x0:0x00000000
       10695000	      1068	80001d34	01b66e63	bltu	x12,x27,80001d50	 x12:0x0000029d x27:0xfffffea5
       10705000	      1069	00000000	00000013	addi	x0,x0,0	  x0:0x00000000
       10715000	      1070	80001d4c	00000013	addi	x0,x0,0	  x0:0x00000000
       10725000	      1071	80001d50	00504833	xor	x16,x0,x5	  x0:0x00000000  x5:0x00000000 x16=0x00000000
       10735000	      1072	80001d54	015536b3	sltu	x13,x10,x21	 x10:0x0a208c54 x21:0x00000000 x13=0x00000000
       10745000	      1073	80001d58	0085cbb3	xor	x23,x11,x8	 x11:0x00000000  x8:0xad423bed x23=0xad423bed
       10755000	      1074	80001d5c	01ff94b3	sll	x9,x31,x31	 x31:0x00000000 x31:0x00000000  x9=0x00000000
       10765000	      1075	80001d60	f42a3217	auipc	x4,0xf42a3	  x4=0x742a4d5c
       10775000	      1076	80001d64	be682313	slti	x6,x16,-1050	 x16:0x00000000  x6=0x00000000
       10785000	      1077	80001d68	00268e63	beq	x13,x2,80001d84	 x13:0x00000000  x2:0x00000000
       10795000	      1078	00000000	00000013	addi	x0,x0,0	  x0:0x00000000
       10805000	      1079	80001d80	00000013	addi	x0,x0,0	  x0:0x00000000
       10815000	      1080	80001d84	01856863	bltu	x10,x24,80001d94	 x10:0x0a208c54 x24:0x80009fc4
       10825000	      1081	00000000	00000013	addi	x0,x0,0	  x0:0x00000000
       10835000	      1082	80001d90	00000013	addi	x0,x0,0	  x0:0x00000000
       10845000	      1083	80001d94	00a2e463	bltu	x5,x10,80001d9c	  x5:0x00000000 x10:0x0a208c54
       10855000	      1084	00000000	00000013	addi	x0,x0,0	  x0:0x00000000
       10865000	      1085	80001d98	00000013	addi	x0,x0,0	  x0:0x00000000
       10875000	      1086	80001d9c	0149d193	srli	x3,x19,0x14	 x19:0x00000000  x3=0x00000000
       10885000	      1087	80001da0	00f6ee63	bltu	x13,x15,80001dbc	 x13:0x00000000 x15:0x00000000
       10895000	      1088	80001da4	00a02033	slt	x0,x0,x10	  x0:0x00000000 x10:0x0a208c54
       10905000	      1089	80001da8	01f85bb3	srl	x23,x16,x31	 x16:0x00000000 x31:0x00000000 x23=0x00000000
       10915000	      1090	80001dac	00831813	slli	x16,x6,0x8	  x6:0x00000000 x16=0x00000000
       10925000	      1091	80001db0	07148493	addi	x9,x9,113	  x9:0x00000000  x9=0x00000071
       10935000	      1092	80001db4	019926b3	slt	x13,x18,x25	 x18:0x00000491 x25:0x00000001 x13=0x00000000
       10945000	      1093	80001db8	018de8b3	or	x17,x27,x24	 x27:0xfffffea5 x24:0x80009fc4 x17=0xffffffe5
       10955000	      1094	80001dbc	40b9d9b3	sra	x19,x19,x11	 x19:0x00000000 x11:0x00000000 x19=0x00000000
       10965000	      1095	80001dc0	2962dab7	lui	x21,0x2962d	 x21=0x2962d000
       10975000	      1096	80001dc4	24ac77b7	lui	x15,0x24ac7	 x15=0x24ac7000
       10985000	      1097	80001dc8	08f60913	addi	x18,x12,143	 x12:0x0000029d x18=0x0000032c
       10995000	      1098	80001dcc	01fdc7b3	xor	x15,x27,x31	 x27:0xfffffea5 x31:0x00000000 x15=0xfffffea5
       11005000	      1099	80001dd0	00a0bd33	sltu	x26,x1,x10	  x1:0x00000001 x10:0x0a208c54 x26=0x00000001
       11015000	      1100	80001dd4	004c5fb3	srl	x31,x24,x4	 x24:0x80009fc4  x4:0x742a4d5c x31=0x00000008
       11025000	      1101	80001dd8	022c6463	bltu	x24,x2,80001e00	 x24:0x80009fc4  x2:0x00000000
       11035000	      1102	80001ddc	21692613	slti	x12,x18,534	 x18:0x0000032c x12=0x00000000
       11045000	      1103	80001de0	00299813	slli	x16,x19,0x2	 x19:0x00000000 x16=0x00000000
       11055000	      1104	80001de4	01bc9913	slli	x18,x25,0x1b	 x25:0x00000001 x18=0x08000000
       11065000	      1105	80001de8	baa1cb13	xori	x22,x3,-1110	  x3:0x00000000 x22=0xfffffbaa
       11075000	      1106	80001dec	89068a37	lui	x20,0x89068	 x20=0x89068000
       11085000	      1107	80001df0	072122b7	lui	x5,0x7212	  x5=0x07212000
       11095000	      1108	80001df4	fc63f917	auipc	x18,0xfc63f	 x18=0x7c640df0
       11105000	      1109	80001df8	fa933193	sltiu	x3,x6,-87	  x6:0x00000000  x3=0x00000001
       11115000	      1110	80001dfc	00000013	addi	x0,x0,0	  x0:0x00000000
       11125000	      1111	80001e00	02b14863	blt	x2,x11,80001e30	  x2:0x00000000 x11:0x00000000
       11135000	      1112	80001e04	01dc7833	and	x16,x24,x29	 x24:0x80009fc4 x29:0x80009f60 x16=0x80009f40
       11145000	      1113	80001e08	fc89c693	xori	x13,x19,-56	 x19:0x00000000 x13=0xffffffc8
       11155000	      1114	80001e0c	0568c663	blt	x17,x22,80001e58	 x17:0xffffffe5 x22:0xfffffbaa
       11165000	      1115	80001e10	97a6c293	xori	x5,x13,-1670	 x13:0xffffffc8  x5=0x000006b2
       11175000	      1116	80001e14	9dc9a813	slti	x16,x19,-1572	 x19:0x00000000 x16=0x00000000
       11185000	      1117	80001e18	01b92333	slt	x6,x18,x27	 x18:0x7c640df0 x27:0xfffffea5  x6=0x00000000
       11195000	      1118	80001e1c	009945b3	xor	x11,x18,x9	 x18:0x7c640df0  x9:0x00000071 x11=0x7c640d81
       11205000	      1119	80001e20	01b37433	and	x8,x6,x27	  x6:0x00000000 x27:0xfffffea5  x8=0x00000000
       11215000	      1120	80001e24	6e456f93	ori	x31,x10,1764	 x10:0x0a208c54 x31=0x0a208ef4
       11225000	      1121	80001e28	009324b3	slt	x9,x6,x9	  x6:0x00000000  x9:0x00000071  x9=0x00000001
       11235000	      1122	80001e2c	00a8e833	or	x16,x17,x10	 x17:0xffffffe5 x10:0x0a208c54 x16=0xfffffff5
       11245000	      1123	80001e30	4044d313	srai	x6,x9,0x4	  x9:0x00000001  x6=0x00000000
       11255000	      1124	80001e34	01351633	sll	x12,x10,x19	 x10:0x0a208c54 x19:0x00000000 x12=0x0a208c54
       11265000	      1125	80001e38	00929c93	slli	x25,x5,0x9	  x5:0x000006b2 x25=0x000d6400
       11275000	      1126	80001e3c	0d5ebd13	sltiu	x26,x29,213	 x29:0x80009f60 x26=0x00000000
       11285000	      1127	80001e40	001ac7b3	xor	x15,x21,x1	 x21:0x2962d000  x1:0x00000001 x15=0x2962d001
       11295000	      1128	80001e44	000c77b3	and	x15,x24,x0	 x24:0x80009fc4  x0:0x00000000 x15=0x00000000
       11305000	      1129	80001e48	0537d863	bge	x15,x19,80001e98	 x15:0x00000000 x19:0x00000000
       11315000	      1130	00000000	00000013	addi	x0,x0,0	  x0:0x00000000
       11325000	      1131	80001e94	00000013	addi	x0,x0,0	  x0:0x00000000
       11335000	      1132	80001e98	023e8263	beq	x29,x3,80001ebc	 x29:0x80009f60  x3:0x00000001
       11345000	      1133	80001e9c	6b6fed13	ori	x26,x31,1718	 x31:0x0a208ef4 x26=0x0a208ef6
       11355000	      1134	80001ea0	41b78b33	sub	x22,x15,x27	 x15:0x00000000 x27:0xfffffea5 x22=0x0000015b
       11365000	      1135	80001ea4	019e98b3	sll	x17,x29,x25	 x29:0x80009f60 x25:0x000d6400 x17=0x80009f60
       11375000	      1136	80001ea8	01a0dd33	srl	x26,x1,x26	  x1:0x00000001 x26:0x0a208ef6 x26=0x00000000
       11385000	      1137	80001eac	00585793	srli	x15,x16,0x5	 x16:0xfffffff5 x15=0x07ffffff
       11395000	      1138	80001eb0	01761293	slli	x5,x12,0x17	 x12:0x0a208c54  x5=0x2a000000
       11405000	      1139	80001eb4	8d2e8137	lui	x2,0x8d2e8	  x2=0x8d2e8000
       11415000	      1140	80001eb8	00000013	addi	x0,x0,0	  x0:0x00000000
       11425000	      1141	80001ebc	01fbd493	srli	x9,x23,0x1f	 x23:0x00000000  x9=0x00000000
       11435000	      1142	80001ec0	014e6233	or	x4,x28,x20	 x28:0x00000000 x20:0x89068000  x4=0x89068000
       11445000	      1143	80001ec4	04ef8063	beq	x31,x14,80001f04	 x31:0x0a208ef4 x14:0xfffffb18
       11455000	      1144	80001ec8	60a74213	xori	x4,x14,1546	 x14:0xfffffb18  x4=0xfffffd12
       11465000	      1145	80001ecc	1855ef93	ori	x31,x11,389	 x11:0x7c640d81 x31=0x7c640d85
       11475000	      1146	80001ed0	00de36b3	sltu	x13,x28,x13	 x28:0x00000000 x13:0xffffffc8 x13=0x00000001
       11485000	      1147	80001ed4	0e1b22b7	lui	x5,0xe1b2	  x5=0x0e1b2000
       11495000	      1148	80001ed8	007eb133	sltu	x2,x29,x7	 x29:0x80009f60  x7:0x7fff67b2  x2=0x00000000
       11505000	      1149	80001edc	fd1bd997	auipc	x19,0xfd1bd	 x19=0x7d1beed8
       11515000	      1150	80001ee0	010b1c63	bne	x22,x16,80001ef8	 x22:0x0000015b x16:0xfffffff5
       11525000	      1151	00000000	00000013	addi	x0,x0,0	  x0:0x00000000
       11535000	      1152	80001ef4	00000013	addi	x0,x0,0	  x0:0x00000000
       11545000	      1153	80001ef8	00721a13	slli	x20,x4,0x7	  x4:0xfffffd12 x20=0xfffe8900
       11555000	      1154	80001efc	00c520b3	slt	x1,x10,x12	 x10:0x0a208c54 x12:0x0a208c54  x1=0x00000000
       11565000	      1155	80001f00	41b1d6b3	sra	x13,x3,x27	  x3:0x00000001 x27:0xfffffea5 x13=0x00000000
       11575000	      1156	80001f04	00c70733	add	x14,x14,x12	 x14:0xfffffb18 x12:0x0a208c54 x14=0x0a20876c
       11585000	      1157	80001f08	00330663	beq	x6,x3,80001f14	  x6:0x00000000  x3:0x00000001
       11595000	      1158	80001f0c	013fc4b3	xor	x9,x31,x19	 x31:0x7c640d85 x19:0x7d1beed8  x9=0x017fe35d
       11605000	      1159	80001f10	023e4a63	blt	x28,x3,80001f44	 x28:0x00000000  x3:0x00000001
       11615000	      1160	00000000	00000013	addi	x0,x0,0	  x0:0x00000000
       11625000	      1161	80001f40	00000013	addi	x0,x0,0	  x0:0x00000000
       11635000	      1162	80001f44	38993213	sltiu	x4,x18,905	 x18:0x7c640df0  x4=0x00000000
       11645000	      1163	80001f48	483b1397	auipc	x7,0x483b1	  x7=0xc83b2f44
       11655000	      1164	80001f4c	025c0863	beq	x24,x5,80001f7c	 x24:0x80009fc4  x5:0x0e1b2000
       11665000	      1165	80001f50	4b228a13	addi	x20,x5,1202	  x5:0x0e1b2000 x20=0x0e1b24b2
       11675000	      1166	80001f54	03c41663	bne	x8,x28,80001f80	  x8:0x00000000 x28:0x00000000
       11685000	      1167	80001f58	00149c63	bne	x9,x1,80001f70	  x9:0x017fe35d  x1:0x00000000
       11695000	      1168	00000000	00000013	addi	x0,x0,0	  x0:0x00000000
       11705000	      1169	80001f6c	00000013	addi	x0,x0,0	  x0:0x00000000
       11715000	      1170	80001f70	016c5cb3	srl	x25,x24,x22	 x24:0x80009fc4 x22:0x0000015b x25=0x00000010
       11725000	      1171	80001f74	41925c93	srai	x25,x4,0x19	  x4:0x00000000 x25=0x00000000
       11735000	      1172	80001f78	0dbe7f93	andi	x31,x28,219	 x28:0x00000000 x31=0x00000000
       11745000	      1173	80001f7c	400f06b3	sub	x13,x30,x0	 x30:0x00000009  x0:0x00000000 x13=0x00000009
       11755000	      1174	80001f80	01c68833	add	x16,x13,x28	 x13:0x00000009 x28:0x00000000 x16=0x00000009
       11765000	      1175	80001f84	40685233	sra	x4,x16,x6	 x16:0x00000009  x6:0x00000000  x4=0x00000009
       11775000	      1176	80001f88	01ff9093	slli	x1,x31,0x1f	 x31:0x00000000  x1=0x00000000
       11785000	      1177	80001f8c	01b22ab3	slt	x21,x4,x27	  x4:0x00000009 x27:0xfffffea5 x21=0x00000000
       11795000	      1178	80001f90	40a1da13	srai	x20,x3,0xa	  x3:0x00000001 x20=0x00000000
       11805000	      1179	80001f94	00e63733	sltu	x14,x12,x14	 x12:0x0a208c54 x14:0x0a20876c x14=0x00000000
       11815000	      1180	80001f98	82fdc993	xori	x19,x27,-2001	 x27:0xfffffea5 x19=0x0000068a
       11825000	      1181	80001f9c	009e09b3	add	x19,x28,x9	 x28:0x00000000  x9:0x017fe35d x19=0x017fe35d
       11835000	      1182	80001fa0	1717f813	andi	x16,x15,369	 x15:0x07ffffff x16=0x00000171
       11845000	      1183	80001fa4	62164293	xori	x5,x12,1569	 x12:0x0a208c54  x5=0x0a208a75
       11855000	      1184	80001fa8	d5fa2913	slti	x18,x20,-673	 x20:0x00000000 x18=0x00000000
       11865000	      1185	80001fac	01cb44b3	xor	x9,x22,x28	 x22:0x0000015b x28:0x00000000  x9=0x0000015b
       11875000	      1186	80001fb0	003ec633	xor	x12,x29,x3	 x29:0x80009f60  x3:0x00000001 x12=0x80009f61
       11885000	      1187	80001fb4	01a4a933	slt	x18,x9,x26	  x9:0x0000015b x26:0x00000000 x18=0x00000000
       11895000	      1188	80001fb8	00eb5633	srl	x12,x22,x14	 x22:0x0000015b x14:0x00000000 x12=0x0000015b
       11905000	      1189	80001fbc	016c1e33	sll	x28,x24,x22	 x24:0x80009fc4 x22:0x0000015b x28=0x20000000
       11915000	      1190	80001fc0	fc87edb7	lui	x27,0xfc87e	 x27=0xfc87e000
       11925000	      1191	80001fc4	01637333	and	x6,x6,x22	  x6:0x00000000 x22:0x0000015b  x6=0x00000000
       11935000	      1192	80001fc8	00abd013	srli	x0,x23,0xa	 x23:0x00000000
       11945000	      1193	80001fcc	00000013	addi	x0,x0,0	  x0:0x00000000
       11955000	      1194	80001fd0	01839d13	slli	x26,x7,0x18	  x7:0xc83b2f44 x26=0x44000000
       11965000	      1195	80001fd4	b3e5a593	slti	x11,x11,-1218	 x11:0x7c640d81 x11=0x00000000
       11975000	      1196	80001fd8	032a0263	beq	x20,x18,80001ffc	 x20:0x00000000 x18:0x00000000
       11985000	      1197	00000000	00000013	addi	x0,x0,0	  x0:0x00000000
       11995000	      1198	80001ff8	00000013	addi	x0,x0,0	  x0:0x00000000
       12005000	      1199	80001ffc	01279213	slli	x4,x15,0x12	 x15:0x07ffffff  x4=0xfffc0000
       12015000	      1200	80002000	01221033	sll	x0,x4,x18	  x4:0xfffc0000 x18:0x00000000
       12025000	      1201	80002004	2047c913	xori	x18,x15,516	 x15:0x07ffffff x18=0x07fffdfb
       12035000	      1202	80002008	00788e33	add	x28,x17,x7	 x17:0x80009f60  x7:0xc83b2f44 x28=0x483bcea4
       12045000	      1203	8000200c	00816233	or	x4,x2,x8	  x2:0x00000000  x8:0x00000000  x4=0x00000000
       12055000	      1204	80002010	1669f137	lui	x2,0x1669f	  x2=0x1669f000
       12065000	      1205	80002014	29c5afb7	lui	x31,0x29c5a	 x31=0x29c5a000
       12075000	      1206	80002018	412f89b3	sub	x19,x31,x18	 x31:0x29c5a000 x18:0x07fffdfb x19=0x21c5a205
       12085000	      1207	8000201c	404f8833	sub	x16,x31,x4	 x31:0x29c5a000  x4:0x00000000 x16=0x29c5a000
       12095000	      1208	80002020	006a8933	add	x18,x21,x6	 x21:0x00000000  x6:0x00000000 x18=0x00000000
       12105000	      1209	80002024	013c6933	or	x18,x24,x19	 x24:0x80009fc4 x19:0x21c5a205 x18=0xa1c5bfc5
       12115000	      1210	80002028	015c5033	srl	x0,x24,x21	 x24:0x80009fc4 x21:0x00000000
       12125000	      1211	8000202c	008a9a63	bne	x21,x8,80002040	 x21:0x00000000  x8:0x00000000
       12135000	      1212	80002030	0056fab3	and	x21,x13,x5	 x13:0x00000009  x5:0x0a208a75 x21=0x00000001
       12145000	      1213	80002034	8feca1b7	lui	x3,0x8feca	  x3=0x8feca000
       12155000	      1214	80002038	00ae32b3	sltu	x5,x28,x10	 x28:0x483bcea4 x10:0x0a208c54  x5=0x00000000
       12165000	      1215	8000203c	41160a33	sub	x20,x12,x17	 x12:0x0000015b x17:0x80009f60 x20=0x7fff61fb
       12175000	      1216	80002040	010df7b3	and	x15,x27,x16	 x27:0xfc87e000 x16:0x29c5a000 x15=0x2885a000
       12185000	      1217	80002044	00c6b533	sltu	x10,x13,x12	 x13:0x00000009 x12:0x0000015b x10=0x00000001
       12195000	      1218	80002048	024b4a63	blt	x22,x4,8000207c	 x22:0x0000015b  x4:0x00000000
       12205000	      1219	8000204c	41bf09b3	sub	x19,x30,x27	 x30:0x00000009 x27:0xfc87e000 x19=0x03782009
       12215000	      1220	80002050	2e24c093	xori	x1,x9,738	  x9:0x0000015b  x1=0x000003b9
       12225000	      1221	80002054	0025d793	srli	x15,x11,0x2	 x11:0x00000000 x15=0x00000000
       12235000	      1222	80002058	03ef7863	bgeu	x30,x30,80002088	 x30:0x00000009 x30:0x00000009
       12245000	      1223	00000000	00000013	addi	x0,x0,0	  x0:0x00000000
       12255000	      1224	80002084	00000013	addi	x0,x0,0	  x0:0x00000000
       12265000	      1225	80002088	e8beab93	slti	x23,x29,-373	 x29:0x80009f60 x23=0x00000001
       12275000	      1226	8000208c	4020d8b3	sra	x17,x1,x2	  x1:0x000003b9  x2:0x1669f000 x17=0x000003b9
       12285000	      1227	80002090	40225d93	srai	x27,x4,0x2	  x4:0x00000000 x27=0x00000000
       12295000	      1228	80002094	848ea513	slti	x10,x29,-1976	 x29:0x80009f60 x10=0x00000001
       12305000	      1229	80002098	53f07e13	andi	x28,x0,1343	  x0:0x00000000 x28=0x00000000
       12315000	      1230	8000209c	05234063	blt	x6,x18,800020dc	  x6:0x00000000 x18:0xa1c5bfc5
       12325000	      1231	800020a0	49ca3d93	sltiu	x27,x20,1180	 x20:0x7fff61fb x27=0x00000000
       12335000	      1232	800020a4	01cba9b3	slt	x19,x23,x28	 x23:0x00000001 x28:0x00000000 x19=0x00000000
       12345000	      1233	800020a8	784ff913	andi	x18,x31,1924	 x31:0x29c5a000 x18=0x00000000
       12355000	      1234	800020ac	03866463	bltu	x12,x24,800020d4	 x12:0x0000015b x24:0x80009fc4
       12365000	      1235	00000000	00000013	addi	x0,x0,0	  x0:0x00000000
       12375000	      1236	800020d0	00000013	addi	x0,x0,0	  x0:0x00000000
       12385000	      1237	800020d4	011a4733	xor	x14,x20,x17	 x20:0x7fff61fb x17:0x000003b9 x14=0x7fff6242
       12395000	      1238	800020d8	01bace63	blt	x21,x27,800020f4	 x21:0x00000001 x27:0x00000000
       12405000	      1239	800020dc	017e02b3	add	x5,x28,x23	 x28:0x00000000 x23:0x00000001  x5=0x00000001
       12415000	      1240	800020e0	05255663	bge	x10,x18,8000212c	 x10:0x00000001 x18:0x00000000
       12425000	      1241	00000000	00000013	addi	x0,x0,0	  x0:0x00000000
       12435000	      1242	80002128	00000013	addi	x0,x0,0	  x0:0x00000000
       12445000	      1243	8000212c	00c17a33	and	x20,x2,x12	  x2:0x1669f000 x12:0x0000015b x20=0x00000000
       12455000	      1244	80002130	018633b3	sltu	x7,x12,x24	 x12:0x0000015b x24:0x80009fc4  x7=0x00000001
       12465000	      1245	80002134	4196dd93	srai	x27,x13,0x19	 x13:0x00000009 x27=0x00000000
       12475000	      1246	80002138	01f792b3	sll	x5,x15,x31	 x15:0x00000000 x31:0x29c5a000  x5=0x00000000
       12485000	      1247	8000213c	0ad6fe63	bgeu	x13,x13,800021f8	 x13:0x00000009 x13:0x00000009
       12495000	      1248	00000000	00000013	addi	x0,x0,0	  x0:0x00000000
       12505000	      1249	800021f4	00000013	addi	x0,x0,0	  x0:0x00000000
       12515000	      1250	800021f8	05a8e663	bltu	x17,x26,80002244	 x17:0x000003b9 x26:0x44000000
       12525000	      1251	00000000	00000013	addi	x0,x0,0	  x0:0x00000000
       12535000	      1252	80002240	00000013	addi	x0,x0,0	  x0:0x00000000
       12545000	      1253	80002244	00000013	addi	x0,x0,0	  x0:0x00000000
       12555000	      1254	80002248	018740b3	xor	x1,x14,x24	 x14:0x7fff6242 x24:0x80009fc4  x1=0xfffffd86
       12565000	      1255	8000224c	34acb5b7	lui	x11,0x34acb	 x11=0x34acb000
       12575000	      1256	80002250	4c4ce213	ori	x4,x25,1220	 x25:0x00000000  x4=0x000004c4
       12585000	      1257	80002254	00291bb3	sll	x23,x18,x2	 x18:0x00000000  x2:0x1669f000 x23=0x00000000
       12595000	      1258	80002258	001577b3	and	x15,x10,x1	 x10:0x00000001  x1:0xfffffd86 x15=0x00000000
       12605000	      1259	8000225c	00b7da13	srli	x20,x15,0xb	 x15:0x00000000 x20=0x00000000
       12615000	      1260	80002260	1f648637	lui	x12,0x1f648	 x12=0x1f648000
       12625000	      1261	80002264	406f5e33	sra	x28,x30,x6	 x30:0x00000009  x6:0x00000000 x28=0x00000009
       12635000	      1262	80002268	017bde13	srli	x28,x23,0x17	 x23:0x00000000 x28=0x00000000
       12645000	      1263	8000226c	410c8ab3	sub	x21,x25,x16	 x25:0x00000000 x16:0x29c5a000 x21=0xd63a6000
       12655000	      1264	80002270	01eadd13	srli	x26,x21,0x1e	 x21:0xd63a6000 x26=0x00000003
       12665000	      1265	80002274	12792d13	slti	x26,x18,295	 x18:0x00000000 x26=0x00000001
       12675000	      1266	80002278	6243a213	slti	x4,x7,1572	  x7:0x00000001  x4=0x00000001
       12685000	      1267	8000227c	41605d93	srai	x27,x0,0x16	  x0:0x00000000 x27=0x00000000
       12695000	      1268	80002280	014c6ab3	or	x21,x24,x20	 x24:0x80009fc4 x20:0x00000000 x21=0x80009fc4
       12705000	      1269	80002284	003252b3	srl	x5,x4,x3	  x4:0x00000001  x3:0x8feca000  x5=0x00000001
       12715000	      1270	80002288	0410f663	bgeu	x1,x1,800022d4	  x1:0xfffffd86  x1:0xfffffd86
       12725000	      1271	00000000	00000013	addi	x0,x0,0	  x0:0x00000000
       12735000	      1272	800022d0	00000013	addi	x0,x0,0	  x0:0x00000000
       12745000	      1273	800022d4	be67bc93	sltiu	x25,x15,-1050	 x15:0x00000000 x25=0x00000001
       12755000	      1274	800022d8	012d8593	addi	x11,x27,18	 x27:0x00000000 x11=0x00000012
       12765000	      1275	800022dc	0277c263	blt	x15,x7,80002300	 x15:0x00000000  x7:0x00000001
       12775000	      1276	00000000	00000013	addi	x0,x0,0	  x0:0x00000000
       12785000	      1277	800022fc	00000013	addi	x0,x0,0	  x0:0x00000000
       12795000	      1278	80002300	0b63f613	andi	x12,x7,182	  x7:0x00000001 x12=0x00000000
       12805000	      1279	80002304	40c35d13	srai	x26,x6,0xc	  x6:0x00000000 x26=0x00000000
       12815000	      1280	80002308	be8b6893	ori	x17,x22,-1048	 x22:0x0000015b x17=0xfffffbfb
       12825000	      1281	8000230c	0132ae33	slt	x28,x5,x19	  x5:0x00000001 x19:0x00000000 x28=0x00000000
       12835000	      1282	80002310	00339113	slli	x2,x7,0x3	  x7:0x00000001  x2=0x00000008
       12845000	      1283	80002314	71064213	xori	x4,x12,1808	 x12:0x00000000  x4=0x00000710
       12855000	      1284	80002318	04eb4863	blt	x22,x14,80002368	 x22:0x0000015b x14:0x7fff6242
       12865000	      1285	00000000	00000013	addi	x0,x0,0	  x0:0x00000000
       12875000	      1286	80002364	00000013	addi	x0,x0,0	  x0:0x00000000
       12885000	      1287	80002368	00aaedb3	or	x27,x21,x10	 x21:0x80009fc4 x10:0x00000001 x27=0x80009fc5
       12895000	      1288	8000236c	64b95837	lui	x16,0x64b95	 x16=0x64b95000
       12905000	      1289	80002370	00c18863	beq	x3,x12,80002380	  x3:0x8feca000 x12:0x00000000
       12915000	      1290	80002374	01878b33	add	x22,x15,x24	 x15:0x00000000 x24:0x80009fc4 x22=0x80009fc4
       12925000	      1291	80002378	56bd6493	ori	x9,x26,1387	 x26:0x00000000  x9=0x0000056b
       12935000	      1292	8000237c	007552b3	srl	x5,x10,x7	 x10:0x00000001  x7:0x00000001  x5=0x00000000
       12945000	      1293	80002380	02126863	bltu	x4,x1,800023b0	  x4:0x00000710  x1:0xfffffd86
       12955000	      1294	00000000	00000013	addi	x0,x0,0	  x0:0x00000000
       12965000	      1295	800023ac	00000013	addi	x0,x0,0	  x0:0x00000000
       12975000	      1296	800023b0	009072b3	and	x5,x0,x9	  x0:0x00000000  x9:0x0000056b  x5=0x00000000
       12985000	      1297	800023b4	587d8197	auipc	x3,0x587d8	  x3=0xd87da3b0
       12995000	      1298	800023b8	0017f4b3	and	x9,x15,x1	 x15:0x00000000  x1:0xfffffd86  x9=0x00000000
       13005000	      1299	800023bc	00a54e33	xor	x28,x10,x10	 x10:0x00000001 x10:0x00000001 x28=0x00000000
       13015000	      1300	800023c0	0003de63	bge	x7,x0,800023dc	  x7:0x00000001  x0:0x00000000
       13025000	      1301	00000000	00000013	addi	x0,x0,0	  x0:0x00000000
       13035000	      1302	800023d8	00000013	addi	x0,x0,0	  x0:0x00000000
       13045000	      1303	800023dc	87452c93	slti	x25,x10,-1932	 x10:0x00000001 x25=0x00000000
       13055000	      1304	800023e0	41835733	sra	x14,x6,x24	  x6:0x00000000 x24:0x80009fc4 x14=0x00000000
       13065000	      1305	800023e4	5ae2a713	slti	x14,x5,1454	  x5:0x00000000 x14=0x00000001
       13075000	      1306	800023e8	00064b33	xor	x22,x12,x0	 x12:0x00000000  x0:0x00000000 x22=0x00000000
       13085000	      1307	800023ec	01a5ddb3	srl	x27,x11,x26	 x11:0x00000012 x26:0x00000000 x27=0x00000012
       13095000	      1308	800023f0	b8617ab7	lui	x21,0xb8617	 x21=0xb8617000
       13105000	      1309	800023f4	01335513	srli	x10,x6,0x13	  x6:0x00000000 x10=0x00000000
       13115000	      1310	800023f8	009e2bb3	slt	x23,x28,x9	 x28:0x00000000  x9:0x00000000 x23=0x00000000
       13125000	      1311	800023fc	00b80133	add	x2,x16,x11	 x16:0x64b95000 x11:0x00000012  x2=0x64b95012
       13135000	      1312	80002400	1ef50817	auipc	x16,0x1ef50	 x16=0x9ef523fc
       13145000	      1313	80002404	7a252d13	slti	x26,x10,1954	 x10:0x00000000 x26=0x00000001
       13155000	      1314	80002408	4fd97937	lui	x18,0x4fd97	 x18=0x4fd97000
       13165000	      1315	8000240c	09df9663	bne	x31,x29,80002498	 x31:0x29c5a000 x29:0x80009f60
       13175000	      1316	00000000	00000013	addi	x0,x0,0	  x0:0x00000000
       13185000	      1317	80002494	00000013	addi	x0,x0,0	  x0:0x00000000
       13195000	      1318	80002498	00d1ce63	blt	x3,x13,800024b4	  x3:0xd87da3b0 x13:0x00000009
       13205000	      1319	00000000	00000013	addi	x0,x0,0	  x0:0x00000000
       13215000	      1320	800024b0	00000013	addi	x0,x0,0	  x0:0x00000000
       13225000	      1321	800024b4	01571cb3	sll	x25,x14,x21	 x14:0x00000001 x21:0xb8617000 x25=0x00000001
       13235000	      1322	800024b8	6139c793	xori	x15,x19,1555	 x19:0x00000000 x15=0x00000613
       13245000	      1323	800024bc	418b5413	srai	x8,x22,0x18	 x22:0x00000000  x8=0x00000000
       13255000	      1324	800024c0	01985d13	srli	x26,x16,0x19	 x16:0x9ef523fc x26=0x0000004f
       13265000	      1325	800024c4	0469f063	bgeu	x19,x6,80002504	 x19:0x00000000  x6:0x00000000
       13275000	      1326	00000000	00000013	addi	x0,x0,0	  x0:0x00000000
       13285000	      1327	80002500	00000013	addi	x0,x0,0	  x0:0x00000000
       13295000	      1328	80002504	0510c863	blt	x1,x17,80002554	  x1:0xfffffd86 x17:0xfffffbfb
       13305000	      1329	80002508	00aa9133	sll	x2,x21,x10	 x21:0xb8617000 x10:0x00000000  x2=0xb8617000
       13315000	      1330	8000250c	00b8de33	srl	x28,x17,x11	 x17:0xfffffbfb x11:0x00000012 x28=0x00003fff
       13325000	      1331	80002510	000e7263	bgeu	x28,x0,80002514	 x28:0x00003fff  x0:0x00000000
       13335000	      1332	00000000	00000013	addi	x0,x0,0	  x0:0x00000000
       13345000	      1333	80002510	00000013	addi	x0,x0,0	  x0:0x00000000
       13355000	      1334	80002514	014a7463	bgeu	x20,x20,8000251c	 x20:0x00000000 x20:0x00000000
       13365000	      1335	00000000	00000013	addi	x0,x0,0	  x0:0x00000000
       13375000	      1336	80002518	00000013	addi	x0,x0,0	  x0:0x00000000
       13385000	      1337	8000251c	4160dd13	srai	x26,x1,0x16	  x1:0xfffffd86 x26=0xffffffff
       13395000	      1338	80002520	32273b17	auipc	x22,0x32273	 x22=0xb227551c
       13405000	      1339	80002524	e6ee2693	slti	x13,x28,-402	 x28:0x00003fff x13=0x00000000
       13415000	      1340	80002528	04249063	bne	x9,x2,80002568	  x9:0x00000000  x2:0xb8617000
       13425000	      1341	00000000	00000013	addi	x0,x0,0	  x0:0x00000000
       13435000	      1342	80002564	00000013	addi	x0,x0,0	  x0:0x00000000
       13445000	      1343	80002568	7c710793	addi	x15,x2,1991	  x2:0xb8617000 x15=0xb86177c7
       13455000	      1344	8000256c	00000013	addi	x0,x0,0	  x0:0x00000000
       13465000	      1345	80002570	0027dbb3	srl	x23,x15,x2	 x15:0xb86177c7  x2:0xb8617000 x23=0xb86177c7
       13475000	      1346	80002574	24c3ef93	ori	x31,x7,588	  x7:0x00000001 x31=0x0000024d
       13485000	      1347	80002578	00d49cb3	sll	x25,x9,x13	  x9:0x00000000 x13:0x00000000 x25=0x00000000
       13495000	      1348	8000257c	00edca63	blt	x27,x14,80002590	 x27:0x00000012 x14:0x00000001
       13505000	      1349	80002580	015931b3	sltu	x3,x18,x21	 x18:0x4fd97000 x21:0xb8617000  x3=0x00000001
       13515000	      1350	80002584	002d00b3	add	x1,x26,x2	 x26:0xffffffff  x2:0xb8617000  x1=0xb8616fff
       13525000	      1351	80002588	0147c9b3	xor	x19,x15,x20	 x15:0xb86177c7 x20:0x00000000 x19=0xb86177c7
       13535000	      1352	8000258c	01889a93	slli	x21,x17,0x18	 x17:0xfffffbfb x21=0xfb000000
       13545000	      1353	80002590	010c1b13	slli	x22,x24,0x10	 x24:0x80009fc4 x22=0x9fc40000
       13555000	      1354	80002594	34890593	addi	x11,x18,840	 x18:0x4fd97000 x11=0x4fd97348
       13565000	      1355	80002598	00574833	xor	x16,x14,x5	 x14:0x00000001  x5:0x00000000 x16=0x00000001
       13575000	      1356	8000259c	00000013	addi	x0,x0,0	  x0:0x00000000
       13585000	      1357	800025a0	0c458093	addi	x1,x11,196	 x11:0x4fd97348  x1=0x4fd9740c
       13595000	      1358	800025a4	f1918293	addi	x5,x3,-231	  x3:0x00000001  x5=0xffffff1a
       13605000	      1359	800025a8	01428ab3	add	x21,x5,x20	  x5:0xffffff1a x20:0x00000000 x21=0xffffff1a
       13615000	      1360	800025ac	1101de37	lui	x28,0x1101d	 x28=0x1101d000
       13625000	      1361	800025b0	41c50133	sub	x2,x10,x28	 x10:0x00000000 x28:0x1101d000  x2=0xeefe3000
       13635000	      1362	800025b4	05597663	bgeu	x18,x21,80002600	 x18:0x4fd97000 x21:0xffffff1a
       13645000	      1363	800025b8	00852ab3	slt	x21,x10,x8	 x10:0x00000000  x8:0x00000000 x21=0x00000000
       13655000	      1364	800025bc	03ee8263	beq	x29,x30,800025e0	 x29:0x80009f60 x30:0x00000009
       13665000	      1365	800025c0	018ffcb3	and	x25,x31,x24	 x31:0x0000024d x24:0x80009fc4 x25=0x00000244
       13675000	      1366	800025c4	01c9d9b3	srl	x19,x19,x28	 x19:0xb86177c7 x28:0x1101d000 x19=0xb86177c7
       13685000	      1367	800025c8	01e6f6b3	and	x13,x13,x30	 x13:0x00000000 x30:0x00000009 x13=0x00000000
       13695000	      1368	800025cc	01de15b3	sll	x11,x28,x29	 x28:0x1101d000 x29:0x80009f60 x11=0x1101d000
       13705000	      1369	800025d0	55e6e293	ori	x5,x13,1374	 x13:0x00000000  x5=0x0000055e
       13715000	      1370	800025d4	dd1d0813	addi	x16,x26,-559	 x26:0xffffffff x16=0xfffffdd0
       13725000	      1371	800025d8	01a69793	slli	x15,x13,0x1a	 x13:0x00000000 x15=0x00000000
       13735000	      1372	800025dc	40cbd0b3	sra	x1,x23,x12	 x23:0xb86177c7 x12:0x00000000  x1=0xb86177c7
       13745000	      1373	800025e0	01d85863	bge	x16,x29,800025f0	 x16:0xfffffdd0 x29:0x80009f60
       13755000	      1374	00000000	00000013	addi	x0,x0,0	  x0:0x00000000
       13765000	      1375	800025ec	00000013	addi	x0,x0,0	  x0:0x00000000
       13775000	      1376	800025f0	e8038493	addi	x9,x7,-384	  x7:0x00000001  x9=0xfffffe81
       13785000	      1377	800025f4	41b8de13	srai	x28,x17,0x1b	 x17:0xfffffbfb x28=0xffffffff
       13795000	      1378	800025f8	1b968b93	addi	x23,x13,441	 x13:0x00000000 x23=0x000001b9
       13805000	      1379	800025fc	00000013	addi	x0,x0,0	  x0:0x00000000
       13815000	      1380	80002600	665e8b13	addi	x22,x29,1637	 x29:0x80009f60 x22=0x8000a5c5
       13825000	      1381	80002604	01a67e63	bgeu	x12,x26,80002620	 x12:0x00000000 x26:0xffffffff
       13835000	      1382	80002608	d7e1e893	ori	x17,x3,-642	  x3:0x00000001 x17=0xfffffd7f
       13845000	      1383	8000260c	1e5bc917	auipc	x18,0x1e5bc	 x18=0x9e5be608
       13855000	      1384	80002610	05a09663	bne	x1,x26,8000265c	  x1:0xb86177c7 x26:0xffffffff
       13865000	      1385	00000000	00000013	addi	x0,x0,0	  x0:0x00000000
       13875000	      1386	80002658	00000013	addi	x0,x0,0	  x0:0x00000000
       13885000	      1387	8000265c	00aede63	bge	x29,x10,80002678	 x29:0x80009f60 x10:0x00000000
       13895000	      1388	80002660	001d1c63	bne	x26,x1,80002678	 x26:0xffffffff  x1:0xb86177c7
       13905000	      1389	00000000	00000013	addi	x0,x0,0	  x0:0x00000000
       13915000	      1390	80002674	00000013	addi	x0,x0,0	  x0:0x00000000
       13925000	      1391	80002678	85a3ee13	ori	x28,x7,-1958	  x7:0x00000001 x28=0xfffff85b
       13935000	      1392	8000267c	ef064313	xori	x6,x12,-272	 x12:0x00000000  x6=0xfffffef0
       13945000	      1393	80002680	01e0a133	slt	x2,x1,x30	  x1:0xb86177c7 x30:0x00000009  x2=0x00000001
       13955000	      1394	80002684	c46cc237	lui	x4,0xc46cc	  x4=0xc46cc000
       13965000	      1395	80002688	402bd833	sra	x16,x23,x2	 x23:0x000001b9  x2:0x00000001 x16=0x000000dc
       13975000	      1396	8000268c	63c2bc93	sltiu	x25,x5,1596	  x5:0x0000055e x25=0x00000001
       13985000	      1397	80002690	039e4863	blt	x28,x25,800026c0	 x28:0xfffff85b x25:0x00000001
       13995000	      1398	00000000	00000013	addi	x0,x0,0	  x0:0x00000000
       14005000	      1399	800026bc	00000013	addi	x0,x0,0	  x0:0x00000000
       14015000	      1400	800026c0	415f5093	srai	x1,x30,0x15	 x30:0x00000009  x1=0x00000000
       14025000	      1401	800026c4	00e41033	sll	x0,x8,x14	  x8:0x00000000 x14:0x00000001
       14035000	      1402	800026c8	feb06813	ori	x16,x0,-21	  x0:0x00000000 x16=0xffffffeb
       14045000	      1403	800026cc	49d7f717	auipc	x14,0x49d7f	 x14=0xc9d816c8
       14055000	      1404	800026d0	6628be13	sltiu	x28,x17,1634	 x17:0xfffffd7f x28=0x00000000
       14065000	      1405	800026d4	04534663	blt	x6,x5,80002720	  x6:0xfffffef0  x5:0x0000055e
       14075000	      1406	00000000	00000013	addi	x0,x0,0	  x0:0x00000000
       14085000	      1407	8000271c	00000013	addi	x0,x0,0	  x0:0x00000000
       14095000	      1408	80002720	d39e8413	addi	x8,x29,-711	 x29:0x80009f60  x8=0x80009c99
       14105000	      1409	80002724	030a4263	blt	x20,x16,80002748	 x20:0x00000000 x16:0xffffffeb
       14115000	      1410	80002728	34726793	ori	x15,x4,839	  x4:0xc46cc000 x15=0xc46cc347
       14125000	      1411	8000272c	05db8e63	beq	x23,x29,80002788	 x23:0x000001b9 x29:0x80009f60
       14135000	      1412	80002730	bba58237	lui	x4,0xbba58	  x4=0xbba58000
       14145000	      1413	80002734	6851fa93	andi	x21,x3,1669	  x3:0x00000001 x21=0x00000001
       14155000	      1414	80002738	1cc09d37	lui	x26,0x1cc09	 x26=0x1cc09000
       14165000	      1415	8000273c	05be4c63	blt	x28,x27,80002794	 x28:0x00000000 x27:0x00000012
       14175000	      1416	00000000	00000013	addi	x0,x0,0	  x0:0x00000000
       14185000	      1417	80002790	00000013	addi	x0,x0,0	  x0:0x00000000
       14195000	      1418	80002794	0007f463	bgeu	x15,x0,8000279c	 x15:0xc46cc347  x0:0x00000000
       14205000	      1419	00000000	00000013	addi	x0,x0,0	  x0:0x00000000
       14215000	      1420	80002798	00000013	addi	x0,x0,0	  x0:0x00000000
       14225000	      1421	8000279c	039d9863	bne	x27,x25,800027cc	 x27:0x00000012 x25:0x00000001
       14235000	      1422	00000000	00000013	addi	x0,x0,0	  x0:0x00000000
       14245000	      1423	800027c8	00000013	addi	x0,x0,0	  x0:0x00000000
       14255000	      1424	800027cc	008a15b3	sll	x11,x20,x8	 x20:0x00000000  x8:0x80009c99 x11=0x00000000
       14265000	      1425	800027d0	00dc0e63	beq	x24,x13,800027ec	 x24:0x80009fc4 x13:0x00000000
       14275000	      1426	800027d4	008c3bb3	sltu	x23,x24,x8	 x24:0x80009fc4  x8:0x80009c99 x23=0x00000000
       14285000	      1427	800027d8	001badb3	slt	x27,x23,x1	 x23:0x00000000  x1:0x00000000 x27=0x00000000
       14295000	      1428	800027dc	4085d013	srai	x0,x11,0x8	 x11:0x00000000
       14305000	      1429	800027e0	009cf4b3	and	x9,x25,x9	 x25:0x00000001  x9:0xfffffe81  x9=0x00000001
       14315000	      1430	800027e4	02e56863	bltu	x10,x14,80002814	 x10:0x00000000 x14:0xc9d816c8
       14325000	      1431	00000000	00000013	addi	x0,x0,0	  x0:0x00000000
       14335000	      1432	80002810	00000013	addi	x0,x0,0	  x0:0x00000000
       14345000	      1433	80002814	01c5db13	srli	x22,x11,0x1c	 x11:0x00000000 x22=0x00000000
       14355000	      1434	80002818	009f1793	slli	x15,x30,0x9	 x30:0x00000009 x15=0x00001200
       14365000	      1435	8000281c	01a1d9b3	srl	x19,x3,x26	  x3:0x00000001 x26:0x1cc09000 x19=0x00000001
       14375000	      1436	80002820	a181bb93	sltiu	x23,x3,-1512	  x3:0x00000001 x23=0x00000001
       14385000	      1437	80002824	26c28313	addi	x6,x5,620	  x5:0x0000055e  x6=0x000007ca
       14395000	      1438	80002828	01af5a93	srli	x21,x30,0x1a	 x30:0x00000009 x21=0x00000000
       14405000	      1439	8000282c	4130db93	srai	x23,x1,0x13	  x1:0x00000000 x23=0x00000000
       14415000	      1440	80002830	4151d233	sra	x4,x3,x21	  x3:0x00000001 x21:0x00000000  x4=0x00000001
       14425000	      1441	80002834	049a5063	bge	x20,x9,80002874	 x20:0x00000000  x9:0x00000001
       14435000	      1442	80002838	00961db3	sll	x27,x12,x9	 x12:0x00000000  x9:0x00000001 x27=0x00000000
       14445000	      1443	8000283c	fb68b593	sltiu	x11,x17,-74	 x17:0xfffffd7f x11=0x00000001
       14455000	      1444	80002840	01539b93	slli	x23,x7,0x15	  x7:0x00000001 x23=0x00200000
       14465000	      1445	80002844	baa8a313	slti	x6,x17,-1110	 x17:0xfffffd7f  x6=0x00000000
       14475000	      1446	80002848	7475a793	slti	x15,x11,1863	 x11:0x00000001 x15=0x00000001
       14485000	      1447	8000284c	00411913	slli	x18,x2,0x4	  x2:0x00000001 x18=0x00000010
       14495000	      1448	80002850	0d8b8d13	addi	x26,x23,216	 x23:0x00200000 x26=0x002000d8
       14505000	      1449	80002854	01fd9513	slli	x10,x27,0x1f	 x27:0x00000000 x10=0x00000000
       14515000	      1450	80002858	411ad633	sra	x12,x21,x17	 x21:0x00000000 x17:0xfffffd7f x12=0x00000000
       14525000	      1451	8000285c	04c96863	bltu	x18,x12,800028ac	 x18:0x00000010 x12:0x00000000
       14535000	      1452	80002860	4159d413	srai	x8,x19,0x15	 x19:0x00000001  x8=0x00000000
       14545000	      1453	80002864	00750e63	beq	x10,x7,80002880	 x10:0x00000000  x7:0x00000001
       14555000	      1454	80002868	00836e33	or	x28,x6,x8	  x6:0x00000000  x8:0x00000000 x28=0x00000000
       14565000	      1455	8000286c	01240e63	beq	x8,x18,80002888	  x8:0x00000000 x18:0x00000010
       14575000	      1456	80002870	01044033	xor	x0,x8,x16	  x8:0x00000000 x16:0xffffffeb
       14585000	      1457	80002874	04617663	bgeu	x2,x6,800028c0	  x2:0x00000001  x6:0x00000000
       14595000	      1458	00000000	00000013	addi	x0,x0,0	  x0:0x00000000
       14605000	      1459	800028bc	00000013	addi	x0,x0,0	  x0:0x00000000
       14615000	      1460	800028c0	0125d833	srl	x16,x11,x18	 x11:0x00000001 x18:0x00000010 x16=0x00000000
       14625000	      1461	800028c4	c674c793	xori	x15,x9,-921	  x9:0x00000001 x15=0xfffffc66
       14635000	      1462	800028c8	f7063137	lui	x2,0xf7063	  x2=0xf7063000
       14645000	      1463	800028cc	0012f233	and	x4,x5,x1	  x5:0x0000055e  x1:0x00000000  x4=0x00000000
       14655000	      1464	800028d0	fa187713	andi	x14,x16,-95	 x16:0x00000000 x14=0x00000000
       14665000	      1465	800028d4	0530d663	bge	x1,x19,80002920	  x1:0x00000000 x19:0x00000001
       14675000	      1466	800028d8	01a64c63	blt	x12,x26,800028f0	 x12:0x00000000 x26:0x002000d8
       14685000	      1467	00000000	00000013	addi	x0,x0,0	  x0:0x00000000
       14695000	      1468	800028ec	00000013	addi	x0,x0,0	  x0:0x00000000
       14705000	      1469	800028f0	48cac893	xori	x17,x21,1164	 x21:0x00000000 x17=0x0000048c
       14715000	      1470	800028f4	1db5a893	slti	x17,x11,475	 x11:0x00000001 x17=0x00000001
       14725000	      1471	800028f8	c82b8213	addi	x4,x23,-894	 x23:0x00200000  x4=0x001ffc82
       14735000	      1472	800028fc	006037b3	sltu	x15,x0,x6	  x0:0x00000000  x6:0x00000000 x15=0x00000000
       14745000	      1473	80002900	45f2c413	xori	x8,x5,1119	  x5:0x0000055e  x8=0x00000101
       14755000	      1474	80002904	d5d8ca97	auipc	x21,0xd5d8c	 x21=0x55d8e900
       14765000	      1475	80002908	41bb5b33	sra	x22,x22,x27	 x22:0x00000000 x27:0x00000000 x22=0x00000000
       14775000	      1476	8000290c	01a01993	slli	x19,x0,0x1a	  x0:0x00000000 x19=0x00000000
       14785000	      1477	80002910	01adf933	and	x18,x27,x26	 x27:0x00000000 x26:0x002000d8 x18=0x00000000
       14795000	      1478	80002914	0185abb3	slt	x23,x11,x24	 x11:0x00000001 x24:0x80009fc4 x23=0x00000000
       14805000	      1479	80002918	01754533	xor	x10,x10,x23	 x10:0x00000000 x23:0x00000000 x10=0x00000000
       14815000	      1480	8000291c	01278a33	add	x20,x15,x18	 x15:0x00000000 x18:0x00000000 x20=0x00000000
       14825000	      1481	80002920	e43e4593	xori	x11,x28,-445	 x28:0x00000000 x11=0xfffffe43
       14835000	      1482	80002924	01da2933	slt	x18,x20,x29	 x20:0x00000000 x29:0x80009f60 x18=0x00000000
       14845000	      1483	80002928	0395d863	bge	x11,x25,80002958	 x11:0xfffffe43 x25:0x00000001
       14855000	      1484	8000292c	0105c513	xori	x10,x11,16	 x11:0xfffffe43 x10=0xfffffe53
       14865000	      1485	80002930	01959863	bne	x11,x25,80002940	 x11:0xfffffe43 x25:0x00000001
       14875000	      1486	00000000	00000013	addi	x0,x0,0	  x0:0x00000000
       14885000	      1487	8000293c	00000013	addi	x0,x0,0	  x0:0x00000000
       14895000	      1488	80002940	018c5a63	bge	x24,x24,80002954	 x24:0x80009fc4 x24:0x80009fc4
       14905000	      1489	00000000	00000013	addi	x0,x0,0	  x0:0x00000000
       14915000	      1490	80002950	00000013	addi	x0,x0,0	  x0:0x00000000
       14925000	      1491	80002954	012c67b3	or	x15,x24,x18	 x24:0x80009fc4 x18:0x00000000 x15=0x80009fc4
       14935000	      1492	80002958	05ba5063	bge	x20,x27,80002998	 x20:0x00000000 x27:0x00000000
       14945000	      1493	00000000	00000013	addi	x0,x0,0	  x0:0x00000000
       14955000	      1494	80002994	00000013	addi	x0,x0,0	  x0:0x00000000
       14965000	      1495	80002998	03f58a63	beq	x11,x31,800029cc	 x11:0xfffffe43 x31:0x0000024d
       14975000	      1496	8000299c	010b26b3	slt	x13,x22,x16	 x22:0x00000000 x16:0x00000000 x13=0x00000000
       14985000	      1497	800029a0	01325833	srl	x16,x4,x19	  x4:0x001ffc82 x19:0x00000000 x16=0x001ffc82
       14995000	      1498	800029a4	0c8a8613	addi	x12,x21,200	 x21:0x55d8e900 x12=0x55d8e9c8
       15005000	      1499	800029a8	c28aa693	slti	x13,x21,-984	 x21:0x55d8e900 x13=0x00000000
       15015000	      1500	800029ac	012ce0b3	or	x1,x25,x18	 x25:0x00000001 x18:0x00000000  x1=0x00000001
       15025000	      1501	800029b0	00c59a13	slli	x20,x11,0xc	 x11:0xfffffe43 x20=0xffe43000
       15035000	      1502	800029b4	40375b93	srai	x23,x14,0x3	 x14:0x00000000 x23=0x00000000
       15045000	      1503	800029b8	040f7863	bgeu	x30,x0,80002a08	 x30:0x00000009  x0:0x00000000
       15055000	      1504	00000000	00000013	addi	x0,x0,0	  x0:0x00000000
       15065000	      1505	80002a04	00000013	addi	x0,x0,0	  x0:0x00000000
       15075000	      1506	80002a08	012b1a13	slli	x20,x22,0x12	 x22:0x00000000 x20=0x00000000
       15085000	      1507	80002a0c	02ba6263	bltu	x20,x11,80002a30	 x20:0x00000000 x11:0xfffffe43
       15095000	      1508	00000000	00000013	addi	x0,x0,0	  x0:0x00000000
       15105000	      1509	80002a2c	00000013	addi	x0,x0,0	  x0:0x00000000
       15115000	      1510	80002a30	00bf09b3	add	x19,x30,x11	 x30:0x00000009 x11:0xfffffe43 x19=0xfffffe4c
       15125000	      1511	80002a34	0200c863	blt	x1,x0,80002a64	  x1:0x00000001  x0:0x00000000
       15135000	      1512	80002a38	7038f393	andi	x7,x17,1795	 x17:0x00000001  x7=0x00000001
       15145000	      1513	80002a3c	2ac4a017	auipc	x0,0x2ac4a	
       15155000	      1514	80002a40	014df833	and	x16,x27,x20	 x27:0x00000000 x20:0x00000000 x16=0x00000000
       15165000	      1515	80002a44	80323513	sltiu	x10,x4,-2045	  x4:0x001ffc82 x10=0x00000001
       15175000	      1516	80002a48	4030db33	sra	x22,x1,x3	  x1:0x00000001  x3:0x00000001 x22=0x00000000
       15185000	      1517	80002a4c	05ddd663	bge	x27,x29,80002a98	 x27:0x00000000 x29:0x80009f60
       15195000	      1518	00000000	00000013	addi	x0,x0,0	  x0:0x00000000
       15205000	      1519	80002a94	00000013	addi	x0,x0,0	  x0:0x00000000
       15215000	      1520	80002a98	db992d93	slti	x27,x18,-583	 x18:0x00000000 x27=0x00000000
       15225000	      1521	80002a9c	003ba533	slt	x10,x23,x3	 x23:0x00000000  x3:0x00000001 x10=0x00000001
       15235000	      1522	80002aa0	441f2d13	slti	x26,x30,1089	 x30:0x00000009 x26=0x00000001
       15245000	      1523	80002aa4	0059db33	srl	x22,x19,x5	 x19:0xfffffe4c  x5:0x0000055e x22=0x00000003
       15255000	      1524	80002aa8	00e68733	add	x14,x13,x14	 x13:0x00000000 x14:0x00000000 x14=0x00000000
       15265000	      1525	80002aac	01db9593	slli	x11,x23,0x1d	 x23:0x00000000 x11=0x00000000
       15275000	      1526	80002ab0	01840e63	beq	x8,x24,80002acc	  x8:0x00000101 x24:0x80009fc4
       15285000	      1527	80002ab4	41f0da33	sra	x20,x1,x31	  x1:0x00000001 x31:0x0000024d x20=0x00000000
       15295000	      1528	80002ab8	009e2033	slt	x0,x28,x9	 x28:0x00000000  x9:0x00000001
       15305000	      1529	80002abc	7cea5b97	auipc	x23,0x7cea5	 x23=0xfcea7ab8
       15315000	      1530	80002ac0	0133c663	blt	x7,x19,80002acc	  x7:0x00000001 x19:0xfffffe4c
       15325000	      1531	80002ac4	5fa4a293	slti	x5,x9,1530	  x9:0x00000001  x5=0x00000001
       15335000	      1532	80002ac8	047a7663	bgeu	x20,x7,80002b14	 x20:0x00000000  x7:0x00000001
       15345000	      1533	80002acc	002a47b3	xor	x15,x20,x2	 x20:0x00000000  x2:0xf7063000 x15=0xf7063000
       15355000	      1534	80002ad0	74af4097	auipc	x1,0x74af4	  x1=0xf4af6acc
       15365000	      1535	80002ad4	017be7b3	or	x15,x23,x23	 x23:0xfcea7ab8 x23:0xfcea7ab8 x15=0xfcea7ab8
       15375000	      1536	80002ad8	dc530c93	addi	x25,x6,-571	  x6:0x00000000 x25=0xfffffdc5
       15385000	      1537	80002adc	00975833	srl	x16,x14,x9	 x14:0x00000000  x9:0x00000001 x16=0x00000000
       15395000	      1538	80002ae0	00f49d13	slli	x26,x9,0xf	  x9:0x00000001 x26=0x00008000
       15405000	      1539	80002ae4	40d750b3	sra	x1,x14,x13	 x14:0x00000000 x13:0x00000000  x1=0x00000000
       15415000	      1540	80002ae8	c0a98617	auipc	x12,0xc0a98	 x12=0x40a9aae4
       15425000	      1541	80002aec	b8b60013	addi	x0,x12,-1141	 x12:0x40a9aae4
       15435000	      1542	80002af0	41cbd833	sra	x16,x23,x28	 x23:0xfcea7ab8 x28:0x00000000 x16=0xfcea7ab8
       15445000	      1543	80002af4	33677713	andi	x14,x14,822	 x14:0x00000000 x14=0x00000000
       15455000	      1544	80002af8	01803fb3	sltu	x31,x0,x24	  x0:0x00000000 x24:0x80009fc4 x31=0x00000001
       15465000	      1545	80002afc	018b9113	slli	x2,x23,0x18	 x23:0xfcea7ab8  x2=0xb8000000
       15475000	      1546	80002b00	026a6263	bltu	x20,x6,80002b24	 x20:0x00000000  x6:0x00000000
       15485000	      1547	80002b04	0057d733	srl	x14,x15,x5	 x15:0xfcea7ab8  x5:0x00000001 x14=0x7e753d5c
       15495000	      1548	80002b08	01908333	add	x6,x1,x25	  x1:0x00000000 x25:0xfffffdc5  x6=0xfffffdc5
       15505000	      1549	80002b0c	4003d0b3	sra	x1,x7,x0	  x7:0x00000001  x0:0x00000000  x1=0x00000001
       15515000	      1550	80002b10	007b4d33	xor	x26,x22,x7	 x22:0x00000003  x7:0x00000001 x26=0x00000002
       15525000	      1551	80002b14	03751863	bne	x10,x23,80002b44	 x10:0x00000001 x23:0xfcea7ab8
       15535000	      1552	00000000	00000013	addi	x0,x0,0	  x0:0x00000000
       15545000	      1553	80002b40	00000013	addi	x0,x0,0	  x0:0x00000000
       15555000	      1554	80002b44	000d78b3	and	x17,x26,x0	 x26:0x00000002  x0:0x00000000 x17=0x00000000
       15565000	      1555	80002b48	71f7f613	andi	x12,x15,1823	 x15:0xfcea7ab8 x12=0x00000218
       15575000	      1556	80002b4c	0199b8b3	sltu	x17,x19,x25	 x19:0xfffffe4c x25:0xfffffdc5 x17=0x00000000
       15585000	      1557	80002b50	018ce2b3	or	x5,x25,x24	 x25:0xfffffdc5 x24:0x80009fc4  x5=0xffffffc5
       15595000	      1558	80002b54	00e71e63	bne	x14,x14,80002b70	 x14:0x7e753d5c x14:0x7e753d5c
       15605000	      1559	80002b58	bcff6197	auipc	x3,0xbcff6	  x3=0x3cff8b54
       15615000	      1560	80002b5c	41690d33	sub	x26,x18,x22	 x18:0x00000000 x22:0x00000003 x26=0xfffffffd
       15625000	      1561	80002b60	ca59f293	andi	x5,x19,-859	 x19:0xfffffe4c  x5=0xfffffc04
       15635000	      1562	80002b64	01f60863	beq	x12,x31,80002b74	 x12:0x00000218 x31:0x00000001
       15645000	      1563	80002b68	01be5133	srl	x2,x28,x27	 x28:0x00000000 x27:0x00000000  x2=0x00000000
       15655000	      1564	80002b6c	00df2733	slt	x14,x30,x13	 x30:0x00000009 x13:0x00000000 x14=0x00000000
       15665000	      1565	80002b70	00e3c463	blt	x7,x14,80002b78	  x7:0x00000001 x14:0x00000000
       15675000	      1566	80002b74	01a7f263	bgeu	x15,x26,80002b78	 x15:0xfcea7ab8 x26:0xfffffffd
       15685000	      1567	80002b78	01ceb833	sltu	x16,x29,x28	 x29:0x80009f60 x28:0x00000000 x16=0x00000000
       15695000	      1568	80002b7c	014ba6b3	slt	x13,x23,x20	 x23:0xfcea7ab8 x20:0x00000000 x13=0x00000001
       15705000	      1569	80002b80	00900333	add	x6,x0,x9	  x0:0x00000000  x9:0x00000001  x6=0x00000001
       15715000	      1570	80002b84	005304b3	add	x9,x6,x5	  x6:0x00000001  x5:0xfffffc04  x9=0xfffffc05
       15725000	      1571	80002b88	01284ab3	xor	x21,x16,x18	 x16:0x00000000 x18:0x00000000 x21=0x00000000
       15735000	      1572	80002b8c	01413833	sltu	x16,x2,x20	  x2:0x00000000 x20:0x00000000 x16=0x00000000
       15745000	      1573	80002b90	39ba6a13	ori	x20,x20,923	 x20:0x00000000 x20=0x0000039b
       15755000	      1574	80002b94	01e1fa33	and	x20,x3,x30	  x3:0x3cff8b54 x30:0x00000009 x20=0x00000000
       15765000	      1575	80002b98	01a88863	beq	x17,x26,80002ba8	 x17:0x00000000 x26:0xfffffffd
       15775000	      1576	80002b9c	d1ce0093	addi	x1,x28,-740	 x28:0x00000000  x1=0xfffffd1c
       15785000	      1577	80002ba0	b1dde613	ori	x12,x27,-1251	 x27:0x00000000 x12=0xfffffb1d
       15795000	      1578	80002ba4	00799433	sll	x8,x19,x7	 x19:0xfffffe4c  x7:0x00000001  x8=0xfffffc98
       15805000	      1579	80002ba8	23f17613	andi	x12,x2,575	  x2:0x00000000 x12=0x00000000
       15815000	      1580	80002bac	d4e20393	addi	x7,x4,-690	  x4:0x001ffc82  x7=0x001ff9d0
       15825000	      1581	80002bb0	013a74b3	and	x9,x20,x19	 x20:0x00000000 x19:0xfffffe4c  x9=0x00000000
       15835000	      1582	80002bb4	018012b3	sll	x5,x0,x24	  x0:0x00000000 x24:0x80009fc4  x5=0x00000000
       15845000	      1583	80002bb8	01e66e63	bltu	x12,x30,80002bd4	 x12:0x00000000 x30:0x00000009
       15855000	      1584	00000000	00000013	addi	x0,x0,0	  x0:0x00000000
       15865000	      1585	80002bd0	00000013	addi	x0,x0,0	  x0:0x00000000
       15875000	      1586	80002bd4	61f8f593	andi	x11,x17,1567	 x17:0x00000000 x11=0x00000000
       15885000	      1587	80002bd8	41df5993	srai	x19,x30,0x1d	 x30:0x00000009 x19=0x00000000
       15895000	      1588	80002bdc	08230263	beq	x6,x2,80002c60	  x6:0x00000001  x2:0x00000000
       15905000	      1589	80002be0	0875ce63	blt	x11,x7,80002c7c	 x11:0x00000000  x7:0x001ff9d0
       15915000	      1590	00000000	00000013	addi	x0,x0,0	  x0:0x00000000
       15925000	      1591	80002c78	00000013	addi	x0,x0,0	  x0:0x00000000
       15935000	      1592	80002c7c	00e3d793	srli	x15,x7,0xe	  x7:0x001ff9d0 x15=0x0000007f
       15945000	      1593	80002c80	00d21a33	sll	x20,x4,x13	  x4:0x001ffc82 x13:0x00000001 x20=0x003ff904
       15955000	      1594	80002c84	506ee593	ori	x11,x29,1286	 x29:0x80009f60 x11=0x80009f66
       15965000	      1595	80002c88	006535b3	sltu	x11,x10,x6	 x10:0x00000001  x6:0x00000001 x11=0x00000000
       15975000	      1596	80002c8c	e5ee4113	xori	x2,x28,-418	 x28:0x00000000  x2=0xfffffe5e
       15985000	      1597	80002c90	00074263	blt	x14,x0,80002c94	 x14:0x00000000  x0:0x00000000
       15995000	      1598	80002c94	8e474a13	xori	x20,x14,-1820	 x14:0x00000000 x20=0xfffff8e4
       16005000	      1599	80002c98	02b96463	bltu	x18,x11,80002cc0	 x18:0x00000000 x11:0x00000000
       16015000	      1600	80002c9c	60b56713	ori	x14,x10,1547	 x10:0x00000001 x14=0x0000060b
       16025000	      1601	80002ca0	013a3033	sltu	x0,x20,x19	 x20:0xfffff8e4 x19:0x00000000
       16035000	      1602	80002ca4	40c6e313	ori	x6,x13,1036	 x13:0x00000001  x6=0x0000040d
       16045000	      1603	80002ca8	00135d33	srl	x26,x6,x1	  x6:0x0000040d  x1:0xfffffd1c x26=0x00000000
       16055000	      1604	80002cac	01da48b3	xor	x17,x20,x29	 x20:0xfffff8e4 x29:0x80009f60 x17=0x7fff6784
       16065000	      1605	80002cb0	00339733	sll	x14,x7,x3	  x7:0x001ff9d0  x3:0x3cff8b54 x14=0x9d000000
       16075000	      1606	80002cb4	41035413	srai	x8,x6,0x10	  x6:0x0000040d  x8=0x00000000
       16085000	      1607	80002cb8	407c5493	srai	x9,x24,0x7	 x24:0x80009fc4  x9=0xff00013f
       16095000	      1608	80002cbc	90232c93	slti	x25,x6,-1790	  x6:0x0000040d x25=0x00000000
       16105000	      1609	80002cc0	01cef433	and	x8,x29,x28	 x29:0x80009f60 x28:0x00000000  x8=0x00000000
       16115000	      1610	80002cc4	01461893	slli	x17,x12,0x14	 x12:0x00000000 x17=0x00000000
       16125000	      1611	80002cc8	41d757b3	sra	x15,x14,x29	 x14:0x9d000000 x29:0x80009f60 x15=0x9d000000
       16135000	      1612	80002ccc	15fe5f97	auipc	x31,0x15fe5	 x31=0x95fe7cc8
       16145000	      1613	80002cd0	019ee0b3	or	x1,x29,x25	 x29:0x80009f60 x25:0x00000000  x1=0x80009f60
       16155000	      1614	80002cd4	01ec67b3	or	x15,x24,x30	 x24:0x80009fc4 x30:0x00000009 x15=0x80009fcd
       16165000	      1615	80002cd8	a4953693	sltiu	x13,x10,-1463	 x10:0x00000001 x13=0x00000001
       16175000	      1616	80002cdc	695a4a93	xori	x21,x20,1685	 x20:0xfffff8e4 x21=0xfffffe71
       16185000	      1617	80002ce0	40605113	srai	x2,x0,0x6	  x0:0x00000000  x2=0x00000000
       16195000	      1618	80002ce4	40b75793	srai	x15,x14,0xb	 x14:0x9d000000 x15=0xfff3a000
       16205000	      1619	80002ce8	00000013	addi	x0,x0,0	  x0:0x00000000
       16215000	      1620	80002cec	1cbd7993	andi	x19,x26,459	 x26:0x00000000 x19=0x00000000
       16225000	      1621	80002cf0	00fb2bb3	slt	x23,x22,x15	 x22:0x00000003 x15:0xfff3a000 x23=0x00000000
       16235000	      1622	80002cf4	41bddd33	sra	x26,x27,x27	 x27:0x00000000 x27:0x00000000 x26=0x00000000
       16245000	      1623	80002cf8	01cd4e63	blt	x26,x28,80002d14	 x26:0x00000000 x28:0x00000000
       16255000	      1624	80002cfc	00290e63	beq	x18,x2,80002d18	 x18:0x00000000  x2:0x00000000
       16265000	      1625	00000000	00000013	addi	x0,x0,0	  x0:0x00000000
       16275000	      1626	80002d14	00000013	addi	x0,x0,0	  x0:0x00000000
       16285000	      1627	80002d18	03ab1863	bne	x22,x26,80002d48	 x22:0x00000003 x26:0x00000000
       16295000	      1628	00000000	00000013	addi	x0,x0,0	  x0:0x00000000
       16305000	      1629	80002d44	00000013	addi	x0,x0,0	  x0:0x00000000
       16315000	      1630	80002d48	0135f1b3	and	x3,x11,x19	 x11:0x00000000 x19:0x00000000  x3=0x00000000
       16325000	      1631	80002d4c	bce57713	andi	x14,x10,-1074	 x10:0x00000001 x14=0x00000000
       16335000	      1632	80002d50	21e63697	auipc	x13,0x21e63	 x13=0xa1e65d4c
       16345000	      1633	80002d54	01c8f8b3	and	x17,x17,x28	 x17:0x00000000 x28:0x00000000 x17=0x00000000
       16355000	      1634	80002d58	02687793	andi	x15,x16,38	 x16:0x00000000 x15=0x00000000
       16365000	      1635	80002d5c	c17dc913	xori	x18,x27,-1001	 x27:0x00000000 x18=0xfffffc17
       16375000	      1636	80002d60	00114663	blt	x2,x1,80002d6c	  x2:0x00000000  x1:0x80009f60
       16385000	      1637	80002d64	036c6863	bltu	x24,x22,80002d94	 x24:0x80009fc4 x22:0x00000003
       16395000	      1638	80002d68	04044663	blt	x8,x0,80002db4	  x8:0x00000000  x0:0x00000000
       16405000	      1639	80002d6c	bf9efd93	andi	x27,x29,-1031	 x29:0x80009f60 x27=0x80009b60
       16415000	      1640	80002d70	2d2a6913	ori	x18,x20,722	 x20:0xfffff8e4 x18=0xfffffaf6
       16425000	      1641	80002d74	0031eab3	or	x21,x3,x3	  x3:0x00000000  x3:0x00000000 x21=0x00000000
       16435000	      1642	80002d78	01508db3	add	x27,x1,x21	  x1:0x80009f60 x21:0x00000000 x27=0x80009f60
       16445000	      1643	80002d7c	4835ce13	xori	x28,x11,1155	 x11:0x00000000 x28=0x00000483
       16455000	      1644	80002d80	00397933	and	x18,x18,x3	 x18:0xfffffaf6  x3:0x00000000 x18=0x00000000
       16465000	      1645	80002d84	00000013	addi	x0,x0,0	  x0:0x00000000
       16475000	      1646	80002d88	056ff063	bgeu	x31,x22,80002dc8	 x31:0x95fe7cc8 x22:0x00000003
       16485000	      1647	00000000	00000013	addi	x0,x0,0	  x0:0x00000000
       16495000	      1648	80002dc4	00000013	addi	x0,x0,0	  x0:0x00000000
       16505000	      1649	80002dc8	002e5ab3	srl	x21,x28,x2	 x28:0x00000483  x2:0x00000000 x21=0x00000483
       16515000	      1650	80002dcc	01801d33	sll	x26,x0,x24	  x0:0x00000000 x24:0x80009fc4 x26=0x00000000
       16525000	      1651	80002dd0	03fc1a63	bne	x24,x31,80002e04	 x24:0x80009fc4 x31:0x95fe7cc8
       16535000	      1652	00000000	00000013	addi	x0,x0,0	  x0:0x00000000
       16545000	      1653	80002e00	00000013	addi	x0,x0,0	  x0:0x00000000
       16555000	      1654	80002e04	3a031db7	lui	x27,0x3a031	 x27=0x3a031000
       16565000	      1655	80002e08	00726433	or	x8,x4,x7	  x4:0x001ffc82  x7:0x001ff9d0  x8=0x001ffdd2
       16575000	      1656	80002e0c	67d03713	sltiu	x14,x0,1661	  x0:0x00000000 x14=0x00000001
       16585000	      1657	80002e10	011466b3	or	x13,x8,x17	  x8:0x001ffdd2 x17:0x00000000 x13=0x001ffdd2
       16595000	      1658	80002e14	0180fe63	bgeu	x1,x24,80002e30	  x1:0x80009f60 x24:0x80009fc4
       16605000	      1659	80002e18	01f433b3	sltu	x7,x8,x31	  x8:0x001ffdd2 x31:0x95fe7cc8  x7=0x00000001
       16615000	      1660	80002e1c	38417893	andi	x17,x2,900	  x2:0x00000000 x17=0x00000000
       16625000	      1661	80002e20	012d82b3	add	x5,x27,x18	 x27:0x3a031000 x18:0x00000000  x5=0x3a031000
       16635000	      1662	80002e24	02084a63	blt	x16,x0,80002e58	 x16:0x00000000  x0:0x00000000
       16645000	      1663	80002e28	005ed513	srli	x10,x29,0x5	 x29:0x80009f60 x10=0x040004fb
       16655000	      1664	80002e2c	03d49863	bne	x9,x29,80002e5c	  x9:0xff00013f x29:0x80009f60
       16665000	      1665	00000000	00000013	addi	x0,x0,0	  x0:0x00000000
       16675000	      1666	80002e58	00000013	addi	x0,x0,0	  x0:0x00000000
       16685000	      1667	80002e5c	019ec2b3	xor	x5,x29,x25	 x29:0x80009f60 x25:0x00000000  x5=0x80009f60
       16695000	      1668	80002e60	00000013	addi	x0,x0,0	  x0:0x00000000
       16705000	      1669	80002e64	41ce8133	sub	x2,x29,x28	 x29:0x80009f60 x28:0x00000483  x2=0x80009add
       16715000	      1670	80002e68	41d7a637	lui	x12,0x41d7a	 x12=0x41d7a000
       16725000	      1671	80002e6c	27a1c793	xori	x15,x3,634	  x3:0x00000000 x15=0x0000027a
       16735000	      1672	80002e70	6676eab7	lui	x21,0x6676e	 x21=0x6676e000
       16745000	      1673	80002e74	036b8663	beq	x23,x22,80002ea0	 x23:0x00000000 x22:0x00000003
       16755000	      1674	80002e78	011aea63	bltu	x21,x17,80002e8c	 x21:0x6676e000 x17:0x00000000
       16765000	      1675	80002e7c	013d2ab3	slt	x21,x26,x19	 x26:0x00000000 x19:0x00000000 x21=0x00000000
       16775000	      1676	80002e80	00189213	slli	x4,x17,0x1	 x17:0x00000000  x4=0x00000000
       16785000	      1677	80002e84	01226a33	or	x20,x4,x18	  x4:0x00000000 x18:0x00000000 x20=0x00000000
       16795000	      1678	80002e88	401759b3	sra	x19,x14,x1	 x14:0x00000001  x1:0x80009f60 x19=0x00000001
       16805000	      1679	80002e8c	01550863	beq	x10,x21,80002e9c	 x10:0x040004fb x21:0x00000000
       16815000	      1680	80002e90	01aa0a33	add	x20,x20,x26	 x20:0x00000000 x26:0x00000000 x20=0x00000000
       16825000	      1681	80002e94	c3bdd7b7	lui	x15,0xc3bdd	 x15=0xc3bdd000
       16835000	      1682	80002e98	7ad7ff93	andi	x31,x15,1965	 x15:0xc3bdd000 x31=0x00000000
       16845000	      1683	80002e9c	003f0bb3	add	x23,x30,x3	 x30:0x00000009  x3:0x00000000 x23=0x00000009
       16855000	      1684	80002ea0	011708b3	add	x17,x14,x17	 x14:0x00000001 x17:0x00000000 x17=0x00000001
       16865000	      1685	80002ea4	037f9263	bne	x31,x23,80002ec8	 x31:0x00000000 x23:0x00000009
       16875000	      1686	00000000	00000013	addi	x0,x0,0	  x0:0x00000000
       16885000	      1687	80002ec4	00000013	addi	x0,x0,0	  x0:0x00000000
       16895000	      1688	80002ec8	00739d13	slli	x26,x7,0x7	  x7:0x00000001 x26=0x00000080
       16905000	      1689	80002ecc	211f6113	ori	x2,x30,529	 x30:0x00000009  x2=0x00000219
       16915000	      1690	80002ed0	00000013	addi	x0,x0,0	  x0:0x00000000
       16925000	      1691	80002ed4	7879a613	slti	x12,x19,1927	 x19:0x00000001 x12=0x00000001
       16935000	      1692	80002ed8	016f7863	bgeu	x30,x22,80002ee8	 x30:0x00000009 x22:0x00000003
       16945000	      1693	00000000	00000013	addi	x0,x0,0	  x0:0x00000000
       16955000	      1694	80002ee4	00000013	addi	x0,x0,0	  x0:0x00000000
       16965000	      1695	80002ee8	418f5333	sra	x6,x30,x24	 x30:0x00000009 x24:0x80009fc4  x6=0x00000000
       16975000	      1696	80002eec	0237d263	bge	x15,x3,80002f10	 x15:0xc3bdd000  x3:0x00000000
       16985000	      1697	80002ef0	006b7ab3	and	x21,x22,x6	 x22:0x00000003  x6:0x00000000 x21=0x00000000
       16995000	      1698	80002ef4	b2e7e4b7	lui	x9,0xb2e7e	  x9=0xb2e7e000
       17005000	      1699	80002ef8	00719513	slli	x10,x3,0x7	  x3:0x00000000 x10=0x00000000
       17015000	      1700	80002efc	008f0233	add	x4,x30,x8	 x30:0x00000009  x8:0x001ffdd2  x4=0x001ffddb
       17025000	      1701	80002f00	01288863	beq	x17,x18,80002f10	 x17:0x00000001 x18:0x00000000
       17035000	      1702	80002f04	dbe64b93	xori	x23,x12,-578	 x12:0x00000001 x23=0xfffffdbf
       17045000	      1703	80002f08	006a24b3	slt	x9,x20,x6	 x20:0x00000000  x6:0x00000000  x9=0x00000000
       17055000	      1704	80002f0c	01b21133	sll	x2,x4,x27	  x4:0x001ffddb x27:0x3a031000  x2=0x001ffddb
       17065000	      1705	80002f10	002a8db3	add	x27,x21,x2	 x21:0x00000000  x2:0x001ffddb x27=0x001ffddb
       17075000	      1706	80002f14	411ed6b3	sra	x13,x29,x17	 x29:0x80009f60 x17:0x00000001 x13=0xc0004fb0
       17085000	      1707	80002f18	40425813	srai	x16,x4,0x4	  x4:0x001ffddb x16=0x0001ffdd
       17095000	      1708	80002f1c	1f64bc93	sltiu	x25,x9,502	  x9:0x00000000 x25=0x00000001
       17105000	      1709	80002f20	004ea083	lw	x1,4(x29)	 x29:0x80009f60  x1=0x80000148 PA:0x80009f64
       17115000	      1710	80002f24	ca933213	sltiu	x4,x6,-855	  x6:0x00000000  x4=0x00000001
       17125000	      1711	80002f28	ab4ff993	andi	x19,x31,-1356	 x31:0x00000000 x19=0x00000000
       17135000	      1712	80002f2c	001517b3	sll	x15,x10,x1	 x10:0x00000000  x1:0x80000148 x15=0x00000000
       17145000	      1713	80002f30	024e8e93	addi	x29,x29,36	 x29:0x80009f60 x29=0x80009f84
       17155000	      1714	80002f34	000c24b3	slt	x9,x24,x0	 x24:0x80009fc4  x0:0x00000000  x9=0x00000001
       17165000	      1715	80002f38	00008f93	addi	x31,x1,0	  x1:0x80000148 x31=0x80000148
       17175000	      1716	80002f3c	000f8fe7	jalr	x31,x31,0	 x31:0x80000148 x31=0x80002f3c
       17185000	      1717	00000000	00000013	addi	x0,x0,0	  x0:0x00000000
       17195000	      1718	80000148	00000013	addi	x0,x0,0	  x0:0x00000000
       17205000	      1719	8000014c	00000b17	auipc	x22,0x0	 x22=0x80000148
       17215000	      1720	80000150	110b0b13	addi	x22,x22,272	 x22:0x80000148 x22=0x80000258
       17225000	      1721	80000154	4124dd33	sra	x26,x9,x18	  x9:0x00000001 x18:0x00000000 x26=0x00000001
       17235000	      1722	80000158	1d8b0b13	addi	x22,x22,472	 x22:0x80000258 x22=0x80000430
       17245000	      1723	8000015c	c3ee2913	slti	x18,x28,-962	 x28:0x00000483 x18=0x00000000
       17255000	      1724	80000160	46e3fb93	andi	x23,x7,1134	  x7:0x00000001 x23=0x00000000
       17265000	      1725	80000164	0132e7b3	or	x15,x5,x19	  x5:0x80009f60 x19:0x00000000 x15=0x80009f60
       17275000	      1726	80000168	014f5513	srli	x10,x30,0x14	 x30:0x00000009 x10=0x00000000
       17285000	      1727	8000016c	e29b00e7	jalr	x1,x22,-471	 x22:0x80000430  x1=0x8000016c
       17295000	      1728	00000000	00000013	addi	x0,x0,0	  x0:0x00000000
       17305000	      1729	80000258	00000013	addi	x0,x0,0	  x0:0x00000000
       17315000	      1730	8000025c	ff0e8e93	addi	x29,x29,-16	 x29:0x80009f84 x29=0x80009f74
       17325000	      1731	80000260	c42743b7	lui	x7,0xc4274	  x7=0xc4274000
       17335000	      1732	80000264	01b5ca33	xor	x20,x11,x27	 x11:0x00000000 x27:0x001ffddb x20=0x001ffddb
       17345000	      1733	80000268	001ea223	sw	x1,4(x29)	 x29:0x80009f74  x1:0x8000016c PA:0x80009f78
       17355000	      1734	8000026c	d948acb7	lui	x25,0xd948a	 x25=0xd948a000
       17365000	      1735	80000270	01f4d793	srli	x15,x9,0x1f	  x9:0x00000001 x15=0x00000000
       17375000	      1736	80000274	29f9ce13	xori	x28,x19,671	 x19:0x00000000 x28=0x0000029f
       17385000	      1737	80000278	006e8ab3	add	x21,x29,x6	 x29:0x80009f74  x6:0x00000000 x21=0x80009f74
       17395000	      1738	8000027c	40200733	sub	x14,x0,x2	  x0:0x00000000  x2:0x001ffddb x14=0xffe00225
       17405000	      1739	80000280	00001d17	auipc	x26,0x1	 x26=0x8000127c
       17415000	      1740	80000284	cacd0d13	addi	x26,x26,-852	 x26:0x8000127c x26=0x80000f28
       17425000	      1741	80000288	52987313	andi	x6,x16,1321	 x16:0x0001ffdd  x6=0x00000509
       17435000	      1742	8000028c	a1324b13	xori	x22,x4,-1517	  x4:0x00000001 x22=0xfffffa12
       17445000	      1743	80000290	c4fd0d13	addi	x26,x26,-945	 x26:0x80000f28 x26=0x80000b77
       17455000	      1744	80000294	40ee88b3	sub	x17,x29,x14	 x29:0x80009f74 x14:0xffe00225 x17=0x80209d4f
       17465000	      1745	80000298	3b2d00e7	jalr	x1,x26,946	 x26:0x80000b77  x1=0x80000298
       17475000	      1746	00000000	00000013	addi	x0,x0,0	  x0:0x00000000
       17485000	      1747	80000f28	00000013	addi	x0,x0,0	  x0:0x00000000
       17495000	      1748	80000f2c	fdce8e93	addi	x29,x29,-36	 x29:0x80009f74 x29=0x80009f50
       17505000	      1749	80000f30	4a2bc513	xori	x10,x23,1186	 x23:0x00000000 x10=0x000004a2
       17515000	      1750	80000f34	00b43d33	sltu	x26,x8,x11	  x8:0x001ffdd2 x11:0x00000000 x26=0x00000000
       17525000	      1751	80000f38	001ea223	sw	x1,4(x29)	 x29:0x80009f50  x1:0x80000298 PA:0x80009f54
       17535000	      1752	80000f3c	27096593	ori	x11,x18,624	 x18:0x00000000 x11=0x00000270
       17545000	      1753	80000f40	00c76d33	or	x26,x14,x12	 x14:0xffe00225 x12:0x00000001 x26=0xffe00225
       17555000	      1754	80000f44	01ddddb3	srl	x27,x27,x29	 x27:0x001ffddb x29:0x80009f50 x27=0x0000001f
       17565000	      1755	80000f48	00000013	addi	x0,x0,0	  x0:0x00000000
       17575000	      1756	80000f4c	002e03b3	add	x7,x28,x2	 x28:0x0000029f  x2:0x001ffddb  x7=0x0020007a
       17585000	      1757	80000f50	00260c63	beq	x12,x2,80000f68	 x12:0x00000001  x2:0x001ffddb
       17595000	      1758	80000f54	003687b3	add	x15,x13,x3	 x13:0xc0004fb0  x3:0x00000000 x15=0xc0004fb0
       17605000	      1759	80000f58	41f85d93	srai	x27,x16,0x1f	 x16:0x0001ffdd x27=0x00000000
       17615000	      1760	80000f5c	00bc9d13	slli	x26,x25,0xb	 x25:0xd948a000 x26=0x45000000
       17625000	      1761	80000f60	01b8c2b3	xor	x5,x17,x27	 x17:0x80209d4f x27:0x00000000  x5=0x80209d4f
       17635000	      1762	80000f64	01d868b3	or	x17,x16,x29	 x16:0x0001ffdd x29:0x80009f50 x17=0x8001ffdd
       17645000	      1763	80000f68	c9cff0ef	jal	x1,80000f68	  x1=0x80000f68
       17655000	      1764	00000000	00000013	addi	x0,x0,0	  x0:0x00000000
       17665000	      1765	80000400	00000013	addi	x0,x0,0	  x0:0x00000000
       17675000	      1766	80000404	001581b3	add	x3,x11,x1	 x11:0x00000270  x1:0x80000f68  x3=0x800011d8
       17685000	      1767	80000408	a641a593	slti	x11,x3,-1436	  x3:0x800011d8 x11=0x00000001
       17695000	      1768	8000040c	fc4e8e93	addi	x29,x29,-60	 x29:0x80009f50 x29=0x80009f14
       17705000	      1769	80000410	00b2d993	srli	x19,x5,0xb	  x5:0x80209d4f x19=0x00100413
       17715000	      1770	80000414	001ea223	sw	x1,4(x29)	 x29:0x80009f14  x1:0x80000f68 PA:0x80009f18
       17725000	      1771	80000418	00f4c533	xor	x10,x9,x15	  x9:0x00000001 x15:0xc0004fb0 x10=0xc0004fb1
       17735000	      1772	8000041c	01c155b3	srl	x11,x2,x28	  x2:0x001ffddb x28:0x0000029f x11=0x00000000
       17745000	      1773	80000420	001ef533	and	x10,x29,x1	 x29:0x80009f14  x1:0x80000f68 x10=0x80000f00
       17755000	      1774	80000424	01e8c233	xor	x4,x17,x30	 x17:0x8001ffdd x30:0x00000009  x4=0x8001ffd4
       17765000	      1775	80000428	01ff6b33	or	x22,x30,x31	 x30:0x00000009 x31:0x80002f3c x22=0x80002f3d
       17775000	      1776	8000042c	00400913	addi	x18,x0,4	  x0:0x00000000 x18=0x00000004
       17785000	      1777	80000430	007ba1b3	slt	x3,x23,x7	 x23:0x00000000  x7:0x0020007a  x3=0x00000001
       17795000	      1778	80000434	40ec51b3	sra	x3,x24,x14	 x24:0x80009fc4 x14:0xffe00225  x3=0xfc0004fe
       17805000	      1779	80000438	00800793	addi	x15,x0,8	  x0:0x00000000 x15=0x00000008
       17815000	      1780	8000043c	9db10813	addi	x16,x2,-1573	  x2:0x001ffddb x16=0x001ff7b6
       17825000	      1781	80000440	e2e37db7	lui	x27,0xe2e37	 x27=0xe2e37000
       17835000	      1782	80000444	41900533	sub	x10,x0,x25	  x0:0x00000000 x25:0xd948a000 x10=0x26b76000
       17845000	      1783	80000448	34459137	lui	x2,0x34459	  x2=0x34459000
       17855000	      1784	8000044c	c0052993	slti	x19,x10,-1024	 x10:0x26b76000 x19=0x00000000
       17865000	      1785	80000450	271c0217	auipc	x4,0x271c0	  x4=0xa71c044c
       17875000	      1786	80000454	00794433	xor	x8,x18,x7	 x18:0x00000004  x7:0x0020007a  x8=0x0020007e
       17885000	      1787	80000458	01b1efb3	or	x31,x3,x27	  x3:0xfc0004fe x27:0xe2e37000 x31=0xfee374fe
       17895000	      1788	8000045c	00f8cfb3	xor	x31,x17,x15	 x17:0x8001ffdd x15:0x00000008 x31=0x8001ffd5
       17905000	      1789	80000460	01924733	xor	x14,x4,x25	  x4:0xa71c044c x25:0xd948a000 x14=0x7e54a44c
       17915000	      1790	80000464	015f9cb3	sll	x25,x31,x21	 x31:0x8001ffd5 x21:0x80009f74 x25=0xfd500000
       17925000	      1791	80000468	00490913	addi	x18,x18,4	 x18:0x00000004 x18=0x00000008
       17935000	      1792	8000046c	0178afb3	slt	x31,x17,x23	 x17:0x8001ffdd x23:0x00000000 x31=0x00000001
       17945000	      1793	80000470	255e3893	sltiu	x17,x28,597	 x28:0x0000029f x17=0x00000000
       17955000	      1794	80000474	b7712697	auipc	x13,0xb7712	 x13=0x37712470
       17965000	      1795	80000478	015e1db3	sll	x27,x28,x21	 x28:0x0000029f x21:0x80009f74 x27=0x29f00000
       17975000	      1796	8000047c	01d00233	add	x4,x0,x29	  x0:0x00000000 x29:0x80009f14  x4=0x80009f14
       17985000	      1797	80000480	ea254293	xori	x5,x10,-350	 x10:0x26b76000  x5=0xd9489ea2
       17995000	      1798	80000484	fcf918e3	bne	x18,x15,80000454	 x18:0x00000008 x15:0x00000008
       18005000	      1799	80000488	9d1cccb7	lui	x25,0x9d1cc	 x25=0x9d1cc000
       18015000	      1800	8000048c	00700f93	addi	x31,x0,7	  x0:0x00000000 x31=0x00000007
       18025000	      1801	80000490	40b4d093	srai	x1,x9,0xb	  x9:0x00000001  x1=0x00000000
       18035000	      1802	80000494	01249093	slli	x1,x9,0x12	  x9:0x00000001  x1=0x00040000
       18045000	      1803	80000498	fef00b13	addi	x22,x0,-17	  x0:0x00000000 x22=0xffffffef
       18055000	      1804	8000049c	7afcf393	andi	x7,x25,1967	 x25:0x9d1cc000  x7=0x00000000
       18065000	      1805	800004a0	01023113	sltiu	x2,x4,16	  x4:0x80009f14  x2=0x00000000
       18075000	      1806	800004a4	00000013	addi	x0,x0,0	  x0:0x00000000
       18085000	      1807	800004a8	9f990637	lui	x12,0x9f990	 x12=0x9f990000
       18095000	      1808	800004ac	ffff8f93	addi	x31,x31,-1	 x31:0x00000007 x31=0x00000006
       18105000	      1809	800004b0	53bde613	ori	x12,x27,1339	 x27:0x29f00000 x12=0x29f0053b
       18115000	      1810	800004b4	00000713	addi	x14,x0,0	  x0:0x00000000 x14=0x00000000
       18125000	      1811	800004b8	b5c04613	xori	x12,x0,-1188	  x0:0x00000000 x12=0xfffffb5c
       18135000	      1812	800004bc	fff00913	addi	x18,x0,-1	  x0:0x00000000 x18=0xffffffff
       18145000	      1813	800004c0	e43ea693	slti	x13,x29,-445	 x29:0x80009f14 x13=0x00000001
       18155000	      1814	800004c4	7808d797	auipc	x15,0x7808d	 x15=0xf808d4c0
       18165000	      1815	800004c8	e0b9c993	xori	x19,x19,-501	 x19:0x00000000 x19=0xfffffe0b
       18175000	      1816	800004cc	ff970713	addi	x14,x14,-7	 x14:0x00000000 x14=0xfffffff9
       18185000	      1817	800004d0	ff275ae3	bge	x14,x18,800004c4	 x14:0xfffffff9 x18:0xffffffff
       18195000	      1818	800004d4	f1c60013	addi	x0,x12,-228	 x12:0xfffffb5c
       18205000	      1819	800004d8	402c5613	srai	x12,x24,0x2	 x24:0x80009fc4 x12=0xe00027f1
       18215000	      1820	800004dc	01a983b3	add	x7,x19,x26	 x19:0xfffffe0b x26:0x45000000  x7=0x44fffe0b
       18225000	      1821	800004e0	fd6fd2e3	bge	x31,x22,800004a4	 x31:0x00000006 x22:0xffffffef
       18235000	      1822	00000000	00000013	addi	x0,x0,0	  x0:0x00000000
       18245000	      1823	800004a0	00000013	addi	x0,x0,0	  x0:0x00000000
       18255000	      1824	800004a4	00000013	addi	x0,x0,0	  x0:0x00000000
       18265000	      1825	800004a8	9f990637	lui	x12,0x9f990	 x12=0x9f990000
       18275000	      1826	800004ac	ffff8f93	addi	x31,x31,-1	 x31:0x00000006 x31=0x00000005
       18285000	      1827	800004b0	53bde613	ori	x12,x27,1339	 x27:0x29f00000 x12=0x29f0053b
       18295000	      1828	800004b4	00000713	addi	x14,x0,0	  x0:0x00000000 x14=0x00000000
       18305000	      1829	800004b8	b5c04613	xori	x12,x0,-1188	  x0:0x00000000 x12=0xfffffb5c
       18315000	      1830	800004bc	fff00913	addi	x18,x0,-1	  x0:0x00000000 x18=0xffffffff
       18325000	      1831	800004c0	e43ea693	slti	x13,x29,-445	 x29:0x80009f14 x13=0x00000001
       18335000	      1832	800004c4	7808d797	auipc	x15,0x7808d	 x15=0xf808d4c0
       18345000	      1833	800004c8	e0b9c993	xori	x19,x19,-501	 x19:0xfffffe0b x19=0x00000000
       18355000	      1834	800004cc	ff970713	addi	x14,x14,-7	 x14:0x00000000 x14=0xfffffff9
       18365000	      1835	800004d0	ff275ae3	bge	x14,x18,800004c4	 x14:0xfffffff9 x18:0xffffffff
       18375000	      1836	800004d4	f1c60013	addi	x0,x12,-228	 x12:0xfffffb5c
       18385000	      1837	800004d8	402c5613	srai	x12,x24,0x2	 x24:0x80009fc4 x12=0xe00027f1
       18395000	      1838	800004dc	01a983b3	add	x7,x19,x26	 x19:0x00000000 x26:0x45000000  x7=0x45000000
       18405000	      1839	800004e0	fd6fd2e3	bge	x31,x22,800004a4	 x31:0x00000005 x22:0xffffffef
       18415000	      1840	00000000	00000013	addi	x0,x0,0	  x0:0x00000000
       18425000	      1841	800004a0	00000013	addi	x0,x0,0	  x0:0x00000000
       18435000	      1842	800004a4	00000013	addi	x0,x0,0	  x0:0x00000000
       18445000	      1843	800004a8	9f990637	lui	x12,0x9f990	 x12=0x9f990000
       18455000	      1844	800004ac	ffff8f93	addi	x31,x31,-1	 x31:0x00000005 x31=0x00000004
       18465000	      1845	800004b0	53bde613	ori	x12,x27,1339	 x27:0x29f00000 x12=0x29f0053b
       18475000	      1846	800004b4	00000713	addi	x14,x0,0	  x0:0x00000000 x14=0x00000000
       18485000	      1847	800004b8	b5c04613	xori	x12,x0,-1188	  x0:0x00000000 x12=0xfffffb5c
       18495000	      1848	800004bc	fff00913	addi	x18,x0,-1	  x0:0x00000000 x18=0xffffffff
       18505000	      1849	800004c0	e43ea693	slti	x13,x29,-445	 x29:0x80009f14 x13=0x00000001
       18515000	      1850	800004c4	7808d797	auipc	x15,0x7808d	 x15=0xf808d4c0
       18525000	      1851	800004c8	e0b9c993	xori	x19,x19,-501	 x19:0x00000000 x19=0xfffffe0b
       18535000	      1852	800004cc	ff970713	addi	x14,x14,-7	 x14:0x00000000 x14=0xfffffff9
       18545000	      1853	800004d0	ff275ae3	bge	x14,x18,800004c4	 x14:0xfffffff9 x18:0xffffffff
       18555000	      1854	800004d4	f1c60013	addi	x0,x12,-228	 x12:0xfffffb5c
       18565000	      1855	800004d8	402c5613	srai	x12,x24,0x2	 x24:0x80009fc4 x12=0xe00027f1
       18575000	      1856	800004dc	01a983b3	add	x7,x19,x26	 x19:0xfffffe0b x26:0x45000000  x7=0x44fffe0b
       18585000	      1857	800004e0	fd6fd2e3	bge	x31,x22,800004a4	 x31:0x00000004 x22:0xffffffef
       18595000	      1858	00000000	00000013	addi	x0,x0,0	  x0:0x00000000
       18605000	      1859	800004a0	00000013	addi	x0,x0,0	  x0:0x00000000
       18615000	      1860	800004a4	00000013	addi	x0,x0,0	  x0:0x00000000
       18625000	      1861	800004a8	9f990637	lui	x12,0x9f990	 x12=0x9f990000
       18635000	      1862	800004ac	ffff8f93	addi	x31,x31,-1	 x31:0x00000004 x31=0x00000003
       18645000	      1863	800004b0	53bde613	ori	x12,x27,1339	 x27:0x29f00000 x12=0x29f0053b
       18655000	      1864	800004b4	00000713	addi	x14,x0,0	  x0:0x00000000 x14=0x00000000
       18665000	      1865	800004b8	b5c04613	xori	x12,x0,-1188	  x0:0x00000000 x12=0xfffffb5c
       18675000	      1866	800004bc	fff00913	addi	x18,x0,-1	  x0:0x00000000 x18=0xffffffff
       18685000	      1867	800004c0	e43ea693	slti	x13,x29,-445	 x29:0x80009f14 x13=0x00000001
       18695000	      1868	800004c4	7808d797	auipc	x15,0x7808d	 x15=0xf808d4c0
       18705000	      1869	800004c8	e0b9c993	xori	x19,x19,-501	 x19:0xfffffe0b x19=0x00000000
       18715000	      1870	800004cc	ff970713	addi	x14,x14,-7	 x14:0x00000000 x14=0xfffffff9
       18725000	      1871	800004d0	ff275ae3	bge	x14,x18,800004c4	 x14:0xfffffff9 x18:0xffffffff
       18735000	      1872	800004d4	f1c60013	addi	x0,x12,-228	 x12:0xfffffb5c
       18745000	      1873	800004d8	402c5613	srai	x12,x24,0x2	 x24:0x80009fc4 x12=0xe00027f1
       18755000	      1874	800004dc	01a983b3	add	x7,x19,x26	 x19:0x00000000 x26:0x45000000  x7=0x45000000
       18765000	      1875	800004e0	fd6fd2e3	bge	x31,x22,800004a4	 x31:0x00000003 x22:0xffffffef
       18775000	      1876	00000000	00000013	addi	x0,x0,0	  x0:0x00000000
       18785000	      1877	800004a0	00000013	addi	x0,x0,0	  x0:0x00000000
       18795000	      1878	800004a4	00000013	addi	x0,x0,0	  x0:0x00000000
       18805000	      1879	800004a8	9f990637	lui	x12,0x9f990	 x12=0x9f990000
       18815000	      1880	800004ac	ffff8f93	addi	x31,x31,-1	 x31:0x00000003 x31=0x00000002
       18825000	      1881	800004b0	53bde613	ori	x12,x27,1339	 x27:0x29f00000 x12=0x29f0053b
       18835000	      1882	800004b4	00000713	addi	x14,x0,0	  x0:0x00000000 x14=0x00000000
       18845000	      1883	800004b8	b5c04613	xori	x12,x0,-1188	  x0:0x00000000 x12=0xfffffb5c
       18855000	      1884	800004bc	fff00913	addi	x18,x0,-1	  x0:0x00000000 x18=0xffffffff
       18865000	      1885	800004c0	e43ea693	slti	x13,x29,-445	 x29:0x80009f14 x13=0x00000001
       18875000	      1886	800004c4	7808d797	auipc	x15,0x7808d	 x15=0xf808d4c0
       18885000	      1887	800004c8	e0b9c993	xori	x19,x19,-501	 x19:0x00000000 x19=0xfffffe0b
       18895000	      1888	800004cc	ff970713	addi	x14,x14,-7	 x14:0x00000000 x14=0xfffffff9
       18905000	      1889	800004d0	ff275ae3	bge	x14,x18,800004c4	 x14:0xfffffff9 x18:0xffffffff
       18915000	      1890	800004d4	f1c60013	addi	x0,x12,-228	 x12:0xfffffb5c
       18925000	      1891	800004d8	402c5613	srai	x12,x24,0x2	 x24:0x80009fc4 x12=0xe00027f1
       18935000	      1892	800004dc	01a983b3	add	x7,x19,x26	 x19:0xfffffe0b x26:0x45000000  x7=0x44fffe0b
       18945000	      1893	800004e0	fd6fd2e3	bge	x31,x22,800004a4	 x31:0x00000002 x22:0xffffffef
       18955000	      1894	00000000	00000013	addi	x0,x0,0	  x0:0x00000000
       18965000	      1895	800004a0	00000013	addi	x0,x0,0	  x0:0x00000000
       18975000	      1896	800004a4	00000013	addi	x0,x0,0	  x0:0x00000000
       18985000	      1897	800004a8	9f990637	lui	x12,0x9f990	 x12=0x9f990000
       18995000	      1898	800004ac	ffff8f93	addi	x31,x31,-1	 x31:0x00000002 x31=0x00000001
       19005000	      1899	800004b0	53bde613	ori	x12,x27,1339	 x27:0x29f00000 x12=0x29f0053b
       19015000	      1900	800004b4	00000713	addi	x14,x0,0	  x0:0x00000000 x14=0x00000000
       19025000	      1901	800004b8	b5c04613	xori	x12,x0,-1188	  x0:0x00000000 x12=0xfffffb5c
       19035000	      1902	800004bc	fff00913	addi	x18,x0,-1	  x0:0x00000000 x18=0xffffffff
       19045000	      1903	800004c0	e43ea693	slti	x13,x29,-445	 x29:0x80009f14 x13=0x00000001
       19055000	      1904	800004c4	7808d797	auipc	x15,0x7808d	 x15=0xf808d4c0
       19065000	      1905	800004c8	e0b9c993	xori	x19,x19,-501	 x19:0xfffffe0b x19=0x00000000
       19075000	      1906	800004cc	ff970713	addi	x14,x14,-7	 x14:0x00000000 x14=0xfffffff9
       19085000	      1907	800004d0	ff275ae3	bge	x14,x18,800004c4	 x14:0xfffffff9 x18:0xffffffff
       19095000	      1908	800004d4	f1c60013	addi	x0,x12,-228	 x12:0xfffffb5c
       19105000	      1909	800004d8	402c5613	srai	x12,x24,0x2	 x24:0x80009fc4 x12=0xe00027f1
       19115000	      1910	800004dc	01a983b3	add	x7,x19,x26	 x19:0x00000000 x26:0x45000000  x7=0x45000000
       19125000	      1911	800004e0	fd6fd2e3	bge	x31,x22,800004a4	 x31:0x00000001 x22:0xffffffef
       19135000	      1912	00000000	00000013	addi	x0,x0,0	  x0:0x00000000
       19145000	      1913	800004a0	00000013	addi	x0,x0,0	  x0:0x00000000
       19155000	      1914	800004a4	00000013	addi	x0,x0,0	  x0:0x00000000
       19165000	      1915	800004a8	9f990637	lui	x12,0x9f990	 x12=0x9f990000
       19175000	      1916	800004ac	ffff8f93	addi	x31,x31,-1	 x31:0x00000001 x31=0x00000000
       19185000	      1917	800004b0	53bde613	ori	x12,x27,1339	 x27:0x29f00000 x12=0x29f0053b
       19195000	      1918	800004b4	00000713	addi	x14,x0,0	  x0:0x00000000 x14=0x00000000
       19205000	      1919	800004b8	b5c04613	xori	x12,x0,-1188	  x0:0x00000000 x12=0xfffffb5c
       19215000	      1920	800004bc	fff00913	addi	x18,x0,-1	  x0:0x00000000 x18=0xffffffff
       19225000	      1921	800004c0	e43ea693	slti	x13,x29,-445	 x29:0x80009f14 x13=0x00000001
       19235000	      1922	800004c4	7808d797	auipc	x15,0x7808d	 x15=0xf808d4c0
       19245000	      1923	800004c8	e0b9c993	xori	x19,x19,-501	 x19:0x00000000 x19=0xfffffe0b
       19255000	      1924	800004cc	ff970713	addi	x14,x14,-7	 x14:0x00000000 x14=0xfffffff9
       19265000	      1925	800004d0	ff275ae3	bge	x14,x18,800004c4	 x14:0xfffffff9 x18:0xffffffff
       19275000	      1926	800004d4	f1c60013	addi	x0,x12,-228	 x12:0xfffffb5c
       19285000	      1927	800004d8	402c5613	srai	x12,x24,0x2	 x24:0x80009fc4 x12=0xe00027f1
       19295000	      1928	800004dc	01a983b3	add	x7,x19,x26	 x19:0xfffffe0b x26:0x45000000  x7=0x44fffe0b
       19305000	      1929	800004e0	fd6fd2e3	bge	x31,x22,800004a4	 x31:0x00000000 x22:0xffffffef
       19315000	      1930	00000000	00000013	addi	x0,x0,0	  x0:0x00000000
       19325000	      1931	800004a0	00000013	addi	x0,x0,0	  x0:0x00000000
       19335000	      1932	800004a4	00000013	addi	x0,x0,0	  x0:0x00000000
       19345000	      1933	800004a8	9f990637	lui	x12,0x9f990	 x12=0x9f990000
       19355000	      1934	800004ac	ffff8f93	addi	x31,x31,-1	 x31:0x00000000 x31=0xffffffff
       19365000	      1935	800004b0	53bde613	ori	x12,x27,1339	 x27:0x29f00000 x12=0x29f0053b
       19375000	      1936	800004b4	00000713	addi	x14,x0,0	  x0:0x00000000 x14=0x00000000
       19385000	      1937	800004b8	b5c04613	xori	x12,x0,-1188	  x0:0x00000000 x12=0xfffffb5c
       19395000	      1938	800004bc	fff00913	addi	x18,x0,-1	  x0:0x00000000 x18=0xffffffff
       19405000	      1939	800004c0	e43ea693	slti	x13,x29,-445	 x29:0x80009f14 x13=0x00000001
       19415000	      1940	800004c4	7808d797	auipc	x15,0x7808d	 x15=0xf808d4c0
       19425000	      1941	800004c8	e0b9c993	xori	x19,x19,-501	 x19:0xfffffe0b x19=0x00000000
       19435000	      1942	800004cc	ff970713	addi	x14,x14,-7	 x14:0x00000000 x14=0xfffffff9
       19445000	      1943	800004d0	ff275ae3	bge	x14,x18,800004c4	 x14:0xfffffff9 x18:0xffffffff
       19455000	      1944	800004d4	f1c60013	addi	x0,x12,-228	 x12:0xfffffb5c
       19465000	      1945	800004d8	402c5613	srai	x12,x24,0x2	 x24:0x80009fc4 x12=0xe00027f1
       19475000	      1946	800004dc	01a983b3	add	x7,x19,x26	 x19:0x00000000 x26:0x45000000  x7=0x45000000
       19485000	      1947	800004e0	fd6fd2e3	bge	x31,x22,800004a4	 x31:0xffffffff x22:0xffffffef
       19495000	      1948	00000000	00000013	addi	x0,x0,0	  x0:0x00000000
       19505000	      1949	800004a0	00000013	addi	x0,x0,0	  x0:0x00000000
       19515000	      1950	800004a4	00000013	addi	x0,x0,0	  x0:0x00000000
       19525000	      1951	800004a8	9f990637	lui	x12,0x9f990	 x12=0x9f990000
       19535000	      1952	800004ac	ffff8f93	addi	x31,x31,-1	 x31:0xffffffff x31=0xfffffffe
       19545000	      1953	800004b0	53bde613	ori	x12,x27,1339	 x27:0x29f00000 x12=0x29f0053b
       19555000	      1954	800004b4	00000713	addi	x14,x0,0	  x0:0x00000000 x14=0x00000000
       19565000	      1955	800004b8	b5c04613	xori	x12,x0,-1188	  x0:0x00000000 x12=0xfffffb5c
       19575000	      1956	800004bc	fff00913	addi	x18,x0,-1	  x0:0x00000000 x18=0xffffffff
       19585000	      1957	800004c0	e43ea693	slti	x13,x29,-445	 x29:0x80009f14 x13=0x00000001
       19595000	      1958	800004c4	7808d797	auipc	x15,0x7808d	 x15=0xf808d4c0
       19605000	      1959	800004c8	e0b9c993	xori	x19,x19,-501	 x19:0x00000000 x19=0xfffffe0b
       19615000	      1960	800004cc	ff970713	addi	x14,x14,-7	 x14:0x00000000 x14=0xfffffff9
       19625000	      1961	800004d0	ff275ae3	bge	x14,x18,800004c4	 x14:0xfffffff9 x18:0xffffffff
       19635000	      1962	800004d4	f1c60013	addi	x0,x12,-228	 x12:0xfffffb5c
       19645000	      1963	800004d8	402c5613	srai	x12,x24,0x2	 x24:0x80009fc4 x12=0xe00027f1
       19655000	      1964	800004dc	01a983b3	add	x7,x19,x26	 x19:0xfffffe0b x26:0x45000000  x7=0x44fffe0b
       19665000	      1965	800004e0	fd6fd2e3	bge	x31,x22,800004a4	 x31:0xfffffffe x22:0xffffffef
       19675000	      1966	00000000	00000013	addi	x0,x0,0	  x0:0x00000000
       19685000	      1967	800004a0	00000013	addi	x0,x0,0	  x0:0x00000000
       19695000	      1968	800004a4	00000013	addi	x0,x0,0	  x0:0x00000000
       19705000	      1969	800004a8	9f990637	lui	x12,0x9f990	 x12=0x9f990000
       19715000	      1970	800004ac	ffff8f93	addi	x31,x31,-1	 x31:0xfffffffe x31=0xfffffffd
       19725000	      1971	800004b0	53bde613	ori	x12,x27,1339	 x27:0x29f00000 x12=0x29f0053b
       19735000	      1972	800004b4	00000713	addi	x14,x0,0	  x0:0x00000000 x14=0x00000000
       19745000	      1973	800004b8	b5c04613	xori	x12,x0,-1188	  x0:0x00000000 x12=0xfffffb5c
       19755000	      1974	800004bc	fff00913	addi	x18,x0,-1	  x0:0x00000000 x18=0xffffffff
       19765000	      1975	800004c0	e43ea693	slti	x13,x29,-445	 x29:0x80009f14 x13=0x00000001
       19775000	      1976	800004c4	7808d797	auipc	x15,0x7808d	 x15=0xf808d4c0
       19785000	      1977	800004c8	e0b9c993	xori	x19,x19,-501	 x19:0xfffffe0b x19=0x00000000
       19795000	      1978	800004cc	ff970713	addi	x14,x14,-7	 x14:0x00000000 x14=0xfffffff9
       19805000	      1979	800004d0	ff275ae3	bge	x14,x18,800004c4	 x14:0xfffffff9 x18:0xffffffff
       19815000	      1980	800004d4	f1c60013	addi	x0,x12,-228	 x12:0xfffffb5c
       19825000	      1981	800004d8	402c5613	srai	x12,x24,0x2	 x24:0x80009fc4 x12=0xe00027f1
       19835000	      1982	800004dc	01a983b3	add	x7,x19,x26	 x19:0x00000000 x26:0x45000000  x7=0x45000000
       19845000	      1983	800004e0	fd6fd2e3	bge	x31,x22,800004a4	 x31:0xfffffffd x22:0xffffffef
       19855000	      1984	00000000	00000013	addi	x0,x0,0	  x0:0x00000000
       19865000	      1985	800004a0	00000013	addi	x0,x0,0	  x0:0x00000000
       19875000	      1986	800004a4	00000013	addi	x0,x0,0	  x0:0x00000000
       19885000	      1987	800004a8	9f990637	lui	x12,0x9f990	 x12=0x9f990000
       19895000	      1988	800004ac	ffff8f93	addi	x31,x31,-1	 x31:0xfffffffd x31=0xfffffffc
       19905000	      1989	800004b0	53bde613	ori	x12,x27,1339	 x27:0x29f00000 x12=0x29f0053b
       19915000	      1990	800004b4	00000713	addi	x14,x0,0	  x0:0x00000000 x14=0x00000000
       19925000	      1991	800004b8	b5c04613	xori	x12,x0,-1188	  x0:0x00000000 x12=0xfffffb5c
       19935000	      1992	800004bc	fff00913	addi	x18,x0,-1	  x0:0x00000000 x18=0xffffffff
       19945000	      1993	800004c0	e43ea693	slti	x13,x29,-445	 x29:0x80009f14 x13=0x00000001
       19955000	      1994	800004c4	7808d797	auipc	x15,0x7808d	 x15=0xf808d4c0
       19965000	      1995	800004c8	e0b9c993	xori	x19,x19,-501	 x19:0x00000000 x19=0xfffffe0b
       19975000	      1996	800004cc	ff970713	addi	x14,x14,-7	 x14:0x00000000 x14=0xfffffff9
       19985000	      1997	800004d0	ff275ae3	bge	x14,x18,800004c4	 x14:0xfffffff9 x18:0xffffffff
       19995000	      1998	800004d4	f1c60013	addi	x0,x12,-228	 x12:0xfffffb5c
       20005000	      1999	800004d8	402c5613	srai	x12,x24,0x2	 x24:0x80009fc4 x12=0xe00027f1
       20015000	      2000	800004dc	01a983b3	add	x7,x19,x26	 x19:0xfffffe0b x26:0x45000000  x7=0x44fffe0b
       20025000	      2001	800004e0	fd6fd2e3	bge	x31,x22,800004a4	 x31:0xfffffffc x22:0xffffffef
       20035000	      2002	00000000	00000013	addi	x0,x0,0	  x0:0x00000000
       20045000	      2003	800004a0	00000013	addi	x0,x0,0	  x0:0x00000000
       20055000	      2004	800004a4	00000013	addi	x0,x0,0	  x0:0x00000000
       20065000	      2005	800004a8	9f990637	lui	x12,0x9f990	 x12=0x9f990000
       20075000	      2006	800004ac	ffff8f93	addi	x31,x31,-1	 x31:0xfffffffc x31=0xfffffffb
       20085000	      2007	800004b0	53bde613	ori	x12,x27,1339	 x27:0x29f00000 x12=0x29f0053b
       20095000	      2008	800004b4	00000713	addi	x14,x0,0	  x0:0x00000000 x14=0x00000000
       20105000	      2009	800004b8	b5c04613	xori	x12,x0,-1188	  x0:0x00000000 x12=0xfffffb5c
       20115000	      2010	800004bc	fff00913	addi	x18,x0,-1	  x0:0x00000000 x18=0xffffffff
       20125000	      2011	800004c0	e43ea693	slti	x13,x29,-445	 x29:0x80009f14 x13=0x00000001
       20135000	      2012	800004c4	7808d797	auipc	x15,0x7808d	 x15=0xf808d4c0
       20145000	      2013	800004c8	e0b9c993	xori	x19,x19,-501	 x19:0xfffffe0b x19=0x00000000
       20155000	      2014	800004cc	ff970713	addi	x14,x14,-7	 x14:0x00000000 x14=0xfffffff9
       20165000	      2015	800004d0	ff275ae3	bge	x14,x18,800004c4	 x14:0xfffffff9 x18:0xffffffff
       20175000	      2016	800004d4	f1c60013	addi	x0,x12,-228	 x12:0xfffffb5c
       20185000	      2017	800004d8	402c5613	srai	x12,x24,0x2	 x24:0x80009fc4 x12=0xe00027f1
       20195000	      2018	800004dc	01a983b3	add	x7,x19,x26	 x19:0x00000000 x26:0x45000000  x7=0x45000000
       20205000	      2019	800004e0	fd6fd2e3	bge	x31,x22,800004a4	 x31:0xfffffffb x22:0xffffffef
       20215000	      2020	00000000	00000013	addi	x0,x0,0	  x0:0x00000000
       20225000	      2021	800004a0	00000013	addi	x0,x0,0	  x0:0x00000000
       20235000	      2022	800004a4	00000013	addi	x0,x0,0	  x0:0x00000000
       20245000	      2023	800004a8	9f990637	lui	x12,0x9f990	 x12=0x9f990000
       20255000	      2024	800004ac	ffff8f93	addi	x31,x31,-1	 x31:0xfffffffb x31=0xfffffffa
       20265000	      2025	800004b0	53bde613	ori	x12,x27,1339	 x27:0x29f00000 x12=0x29f0053b
       20275000	      2026	800004b4	00000713	addi	x14,x0,0	  x0:0x00000000 x14=0x00000000
       20285000	      2027	800004b8	b5c04613	xori	x12,x0,-1188	  x0:0x00000000 x12=0xfffffb5c
       20295000	      2028	800004bc	fff00913	addi	x18,x0,-1	  x0:0x00000000 x18=0xffffffff
       20305000	      2029	800004c0	e43ea693	slti	x13,x29,-445	 x29:0x80009f14 x13=0x00000001
       20315000	      2030	800004c4	7808d797	auipc	x15,0x7808d	 x15=0xf808d4c0
       20325000	      2031	800004c8	e0b9c993	xori	x19,x19,-501	 x19:0x00000000 x19=0xfffffe0b
       20335000	      2032	800004cc	ff970713	addi	x14,x14,-7	 x14:0x00000000 x14=0xfffffff9
       20345000	      2033	800004d0	ff275ae3	bge	x14,x18,800004c4	 x14:0xfffffff9 x18:0xffffffff
       20355000	      2034	800004d4	f1c60013	addi	x0,x12,-228	 x12:0xfffffb5c
       20365000	      2035	800004d8	402c5613	srai	x12,x24,0x2	 x24:0x80009fc4 x12=0xe00027f1
       20375000	      2036	800004dc	01a983b3	add	x7,x19,x26	 x19:0xfffffe0b x26:0x45000000  x7=0x44fffe0b
       20385000	      2037	800004e0	fd6fd2e3	bge	x31,x22,800004a4	 x31:0xfffffffa x22:0xffffffef
       20395000	      2038	00000000	00000013	addi	x0,x0,0	  x0:0x00000000
       20405000	      2039	800004a0	00000013	addi	x0,x0,0	  x0:0x00000000
       20415000	      2040	800004a4	00000013	addi	x0,x0,0	  x0:0x00000000
       20425000	      2041	800004a8	9f990637	lui	x12,0x9f990	 x12=0x9f990000
       20435000	      2042	800004ac	ffff8f93	addi	x31,x31,-1	 x31:0xfffffffa x31=0xfffffff9
       20445000	      2043	800004b0	53bde613	ori	x12,x27,1339	 x27:0x29f00000 x12=0x29f0053b
       20455000	      2044	800004b4	00000713	addi	x14,x0,0	  x0:0x00000000 x14=0x00000000
       20465000	      2045	800004b8	b5c04613	xori	x12,x0,-1188	  x0:0x00000000 x12=0xfffffb5c
       20475000	      2046	800004bc	fff00913	addi	x18,x0,-1	  x0:0x00000000 x18=0xffffffff
       20485000	      2047	800004c0	e43ea693	slti	x13,x29,-445	 x29:0x80009f14 x13=0x00000001
       20495000	      2048	800004c4	7808d797	auipc	x15,0x7808d	 x15=0xf808d4c0
       20505000	      2049	800004c8	e0b9c993	xori	x19,x19,-501	 x19:0xfffffe0b x19=0x00000000
       20515000	      2050	800004cc	ff970713	addi	x14,x14,-7	 x14:0x00000000 x14=0xfffffff9
       20525000	      2051	800004d0	ff275ae3	bge	x14,x18,800004c4	 x14:0xfffffff9 x18:0xffffffff
       20535000	      2052	800004d4	f1c60013	addi	x0,x12,-228	 x12:0xfffffb5c
       20545000	      2053	800004d8	402c5613	srai	x12,x24,0x2	 x24:0x80009fc4 x12=0xe00027f1
       20555000	      2054	800004dc	01a983b3	add	x7,x19,x26	 x19:0x00000000 x26:0x45000000  x7=0x45000000
       20565000	      2055	800004e0	fd6fd2e3	bge	x31,x22,800004a4	 x31:0xfffffff9 x22:0xffffffef
       20575000	      2056	00000000	00000013	addi	x0,x0,0	  x0:0x00000000
       20585000	      2057	800004a0	00000013	addi	x0,x0,0	  x0:0x00000000
       20595000	      2058	800004a4	00000013	addi	x0,x0,0	  x0:0x00000000
       20605000	      2059	800004a8	9f990637	lui	x12,0x9f990	 x12=0x9f990000
       20615000	      2060	800004ac	ffff8f93	addi	x31,x31,-1	 x31:0xfffffff9 x31=0xfffffff8
       20625000	      2061	800004b0	53bde613	ori	x12,x27,1339	 x27:0x29f00000 x12=0x29f0053b
       20635000	      2062	800004b4	00000713	addi	x14,x0,0	  x0:0x00000000 x14=0x00000000
       20645000	      2063	800004b8	b5c04613	xori	x12,x0,-1188	  x0:0x00000000 x12=0xfffffb5c
       20655000	      2064	800004bc	fff00913	addi	x18,x0,-1	  x0:0x00000000 x18=0xffffffff
       20665000	      2065	800004c0	e43ea693	slti	x13,x29,-445	 x29:0x80009f14 x13=0x00000001
       20675000	      2066	800004c4	7808d797	auipc	x15,0x7808d	 x15=0xf808d4c0
       20685000	      2067	800004c8	e0b9c993	xori	x19,x19,-501	 x19:0x00000000 x19=0xfffffe0b
       20695000	      2068	800004cc	ff970713	addi	x14,x14,-7	 x14:0x00000000 x14=0xfffffff9
       20705000	      2069	800004d0	ff275ae3	bge	x14,x18,800004c4	 x14:0xfffffff9 x18:0xffffffff
       20715000	      2070	800004d4	f1c60013	addi	x0,x12,-228	 x12:0xfffffb5c
       20725000	      2071	800004d8	402c5613	srai	x12,x24,0x2	 x24:0x80009fc4 x12=0xe00027f1
       20735000	      2072	800004dc	01a983b3	add	x7,x19,x26	 x19:0xfffffe0b x26:0x45000000  x7=0x44fffe0b
       20745000	      2073	800004e0	fd6fd2e3	bge	x31,x22,800004a4	 x31:0xfffffff8 x22:0xffffffef
       20755000	      2074	00000000	00000013	addi	x0,x0,0	  x0:0x00000000
       20765000	      2075	800004a0	00000013	addi	x0,x0,0	  x0:0x00000000
       20775000	      2076	800004a4	00000013	addi	x0,x0,0	  x0:0x00000000
       20785000	      2077	800004a8	9f990637	lui	x12,0x9f990	 x12=0x9f990000
       20795000	      2078	800004ac	ffff8f93	addi	x31,x31,-1	 x31:0xfffffff8 x31=0xfffffff7
       20805000	      2079	800004b0	53bde613	ori	x12,x27,1339	 x27:0x29f00000 x12=0x29f0053b
       20815000	      2080	800004b4	00000713	addi	x14,x0,0	  x0:0x00000000 x14=0x00000000
       20825000	      2081	800004b8	b5c04613	xori	x12,x0,-1188	  x0:0x00000000 x12=0xfffffb5c
       20835000	      2082	800004bc	fff00913	addi	x18,x0,-1	  x0:0x00000000 x18=0xffffffff
       20845000	      2083	800004c0	e43ea693	slti	x13,x29,-445	 x29:0x80009f14 x13=0x00000001
       20855000	      2084	800004c4	7808d797	auipc	x15,0x7808d	 x15=0xf808d4c0
       20865000	      2085	800004c8	e0b9c993	xori	x19,x19,-501	 x19:0xfffffe0b x19=0x00000000
       20875000	      2086	800004cc	ff970713	addi	x14,x14,-7	 x14:0x00000000 x14=0xfffffff9
       20885000	      2087	800004d0	ff275ae3	bge	x14,x18,800004c4	 x14:0xfffffff9 x18:0xffffffff
       20895000	      2088	800004d4	f1c60013	addi	x0,x12,-228	 x12:0xfffffb5c
       20905000	      2089	800004d8	402c5613	srai	x12,x24,0x2	 x24:0x80009fc4 x12=0xe00027f1
       20915000	      2090	800004dc	01a983b3	add	x7,x19,x26	 x19:0x00000000 x26:0x45000000  x7=0x45000000
       20925000	      2091	800004e0	fd6fd2e3	bge	x31,x22,800004a4	 x31:0xfffffff7 x22:0xffffffef
       20935000	      2092	00000000	00000013	addi	x0,x0,0	  x0:0x00000000
       20945000	      2093	800004a0	00000013	addi	x0,x0,0	  x0:0x00000000
       20955000	      2094	800004a4	00000013	addi	x0,x0,0	  x0:0x00000000
       20965000	      2095	800004a8	9f990637	lui	x12,0x9f990	 x12=0x9f990000
       20975000	      2096	800004ac	ffff8f93	addi	x31,x31,-1	 x31:0xfffffff7 x31=0xfffffff6
       20985000	      2097	800004b0	53bde613	ori	x12,x27,1339	 x27:0x29f00000 x12=0x29f0053b
       20995000	      2098	800004b4	00000713	addi	x14,x0,0	  x0:0x00000000 x14=0x00000000
       21005000	      2099	800004b8	b5c04613	xori	x12,x0,-1188	  x0:0x00000000 x12=0xfffffb5c
       21015000	      2100	800004bc	fff00913	addi	x18,x0,-1	  x0:0x00000000 x18=0xffffffff
       21025000	      2101	800004c0	e43ea693	slti	x13,x29,-445	 x29:0x80009f14 x13=0x00000001
       21035000	      2102	800004c4	7808d797	auipc	x15,0x7808d	 x15=0xf808d4c0
       21045000	      2103	800004c8	e0b9c993	xori	x19,x19,-501	 x19:0x00000000 x19=0xfffffe0b
       21055000	      2104	800004cc	ff970713	addi	x14,x14,-7	 x14:0x00000000 x14=0xfffffff9
       21065000	      2105	800004d0	ff275ae3	bge	x14,x18,800004c4	 x14:0xfffffff9 x18:0xffffffff
       21075000	      2106	800004d4	f1c60013	addi	x0,x12,-228	 x12:0xfffffb5c
       21085000	      2107	800004d8	402c5613	srai	x12,x24,0x2	 x24:0x80009fc4 x12=0xe00027f1
       21095000	      2108	800004dc	01a983b3	add	x7,x19,x26	 x19:0xfffffe0b x26:0x45000000  x7=0x44fffe0b
       21105000	      2109	800004e0	fd6fd2e3	bge	x31,x22,800004a4	 x31:0xfffffff6 x22:0xffffffef
       21115000	      2110	00000000	00000013	addi	x0,x0,0	  x0:0x00000000
       21125000	      2111	800004a0	00000013	addi	x0,x0,0	  x0:0x00000000
       21135000	      2112	800004a4	00000013	addi	x0,x0,0	  x0:0x00000000
       21145000	      2113	800004a8	9f990637	lui	x12,0x9f990	 x12=0x9f990000
       21155000	      2114	800004ac	ffff8f93	addi	x31,x31,-1	 x31:0xfffffff6 x31=0xfffffff5
       21165000	      2115	800004b0	53bde613	ori	x12,x27,1339	 x27:0x29f00000 x12=0x29f0053b
       21175000	      2116	800004b4	00000713	addi	x14,x0,0	  x0:0x00000000 x14=0x00000000
       21185000	      2117	800004b8	b5c04613	xori	x12,x0,-1188	  x0:0x00000000 x12=0xfffffb5c
       21195000	      2118	800004bc	fff00913	addi	x18,x0,-1	  x0:0x00000000 x18=0xffffffff
       21205000	      2119	800004c0	e43ea693	slti	x13,x29,-445	 x29:0x80009f14 x13=0x00000001
       21215000	      2120	800004c4	7808d797	auipc	x15,0x7808d	 x15=0xf808d4c0
       21225000	      2121	800004c8	e0b9c993	xori	x19,x19,-501	 x19:0xfffffe0b x19=0x00000000
       21235000	      2122	800004cc	ff970713	addi	x14,x14,-7	 x14:0x00000000 x14=0xfffffff9
       21245000	      2123	800004d0	ff275ae3	bge	x14,x18,800004c4	 x14:0xfffffff9 x18:0xffffffff
       21255000	      2124	800004d4	f1c60013	addi	x0,x12,-228	 x12:0xfffffb5c
       21265000	      2125	800004d8	402c5613	srai	x12,x24,0x2	 x24:0x80009fc4 x12=0xe00027f1
       21275000	      2126	800004dc	01a983b3	add	x7,x19,x26	 x19:0x00000000 x26:0x45000000  x7=0x45000000
       21285000	      2127	800004e0	fd6fd2e3	bge	x31,x22,800004a4	 x31:0xfffffff5 x22:0xffffffef
       21295000	      2128	00000000	00000013	addi	x0,x0,0	  x0:0x00000000
       21305000	      2129	800004a0	00000013	addi	x0,x0,0	  x0:0x00000000
       21315000	      2130	800004a4	00000013	addi	x0,x0,0	  x0:0x00000000
       21325000	      2131	800004a8	9f990637	lui	x12,0x9f990	 x12=0x9f990000
       21335000	      2132	800004ac	ffff8f93	addi	x31,x31,-1	 x31:0xfffffff5 x31=0xfffffff4
       21345000	      2133	800004b0	53bde613	ori	x12,x27,1339	 x27:0x29f00000 x12=0x29f0053b
       21355000	      2134	800004b4	00000713	addi	x14,x0,0	  x0:0x00000000 x14=0x00000000
       21365000	      2135	800004b8	b5c04613	xori	x12,x0,-1188	  x0:0x00000000 x12=0xfffffb5c
       21375000	      2136	800004bc	fff00913	addi	x18,x0,-1	  x0:0x00000000 x18=0xffffffff
       21385000	      2137	800004c0	e43ea693	slti	x13,x29,-445	 x29:0x80009f14 x13=0x00000001
       21395000	      2138	800004c4	7808d797	auipc	x15,0x7808d	 x15=0xf808d4c0
       21405000	      2139	800004c8	e0b9c993	xori	x19,x19,-501	 x19:0x00000000 x19=0xfffffe0b
       21415000	      2140	800004cc	ff970713	addi	x14,x14,-7	 x14:0x00000000 x14=0xfffffff9
       21425000	      2141	800004d0	ff275ae3	bge	x14,x18,800004c4	 x14:0xfffffff9 x18:0xffffffff
       21435000	      2142	800004d4	f1c60013	addi	x0,x12,-228	 x12:0xfffffb5c
       21445000	      2143	800004d8	402c5613	srai	x12,x24,0x2	 x24:0x80009fc4 x12=0xe00027f1
       21455000	      2144	800004dc	01a983b3	add	x7,x19,x26	 x19:0xfffffe0b x26:0x45000000  x7=0x44fffe0b
       21465000	      2145	800004e0	fd6fd2e3	bge	x31,x22,800004a4	 x31:0xfffffff4 x22:0xffffffef
       21475000	      2146	00000000	00000013	addi	x0,x0,0	  x0:0x00000000
       21485000	      2147	800004a0	00000013	addi	x0,x0,0	  x0:0x00000000
       21495000	      2148	800004a4	00000013	addi	x0,x0,0	  x0:0x00000000
       21505000	      2149	800004a8	9f990637	lui	x12,0x9f990	 x12=0x9f990000
       21515000	      2150	800004ac	ffff8f93	addi	x31,x31,-1	 x31:0xfffffff4 x31=0xfffffff3
       21525000	      2151	800004b0	53bde613	ori	x12,x27,1339	 x27:0x29f00000 x12=0x29f0053b
       21535000	      2152	800004b4	00000713	addi	x14,x0,0	  x0:0x00000000 x14=0x00000000
       21545000	      2153	800004b8	b5c04613	xori	x12,x0,-1188	  x0:0x00000000 x12=0xfffffb5c
       21555000	      2154	800004bc	fff00913	addi	x18,x0,-1	  x0:0x00000000 x18=0xffffffff
       21565000	      2155	800004c0	e43ea693	slti	x13,x29,-445	 x29:0x80009f14 x13=0x00000001
       21575000	      2156	800004c4	7808d797	auipc	x15,0x7808d	 x15=0xf808d4c0
       21585000	      2157	800004c8	e0b9c993	xori	x19,x19,-501	 x19:0xfffffe0b x19=0x00000000
       21595000	      2158	800004cc	ff970713	addi	x14,x14,-7	 x14:0x00000000 x14=0xfffffff9
       21605000	      2159	800004d0	ff275ae3	bge	x14,x18,800004c4	 x14:0xfffffff9 x18:0xffffffff
       21615000	      2160	800004d4	f1c60013	addi	x0,x12,-228	 x12:0xfffffb5c
       21625000	      2161	800004d8	402c5613	srai	x12,x24,0x2	 x24:0x80009fc4 x12=0xe00027f1
       21635000	      2162	800004dc	01a983b3	add	x7,x19,x26	 x19:0x00000000 x26:0x45000000  x7=0x45000000
       21645000	      2163	800004e0	fd6fd2e3	bge	x31,x22,800004a4	 x31:0xfffffff3 x22:0xffffffef
       21655000	      2164	00000000	00000013	addi	x0,x0,0	  x0:0x00000000
       21665000	      2165	800004a0	00000013	addi	x0,x0,0	  x0:0x00000000
       21675000	      2166	800004a4	00000013	addi	x0,x0,0	  x0:0x00000000
       21685000	      2167	800004a8	9f990637	lui	x12,0x9f990	 x12=0x9f990000
       21695000	      2168	800004ac	ffff8f93	addi	x31,x31,-1	 x31:0xfffffff3 x31=0xfffffff2
       21705000	      2169	800004b0	53bde613	ori	x12,x27,1339	 x27:0x29f00000 x12=0x29f0053b
       21715000	      2170	800004b4	00000713	addi	x14,x0,0	  x0:0x00000000 x14=0x00000000
       21725000	      2171	800004b8	b5c04613	xori	x12,x0,-1188	  x0:0x00000000 x12=0xfffffb5c
       21735000	      2172	800004bc	fff00913	addi	x18,x0,-1	  x0:0x00000000 x18=0xffffffff
       21745000	      2173	800004c0	e43ea693	slti	x13,x29,-445	 x29:0x80009f14 x13=0x00000001
       21755000	      2174	800004c4	7808d797	auipc	x15,0x7808d	 x15=0xf808d4c0
       21765000	      2175	800004c8	e0b9c993	xori	x19,x19,-501	 x19:0x00000000 x19=0xfffffe0b
       21775000	      2176	800004cc	ff970713	addi	x14,x14,-7	 x14:0x00000000 x14=0xfffffff9
       21785000	      2177	800004d0	ff275ae3	bge	x14,x18,800004c4	 x14:0xfffffff9 x18:0xffffffff
       21795000	      2178	800004d4	f1c60013	addi	x0,x12,-228	 x12:0xfffffb5c
       21805000	      2179	800004d8	402c5613	srai	x12,x24,0x2	 x24:0x80009fc4 x12=0xe00027f1
       21815000	      2180	800004dc	01a983b3	add	x7,x19,x26	 x19:0xfffffe0b x26:0x45000000  x7=0x44fffe0b
       21825000	      2181	800004e0	fd6fd2e3	bge	x31,x22,800004a4	 x31:0xfffffff2 x22:0xffffffef
       21835000	      2182	00000000	00000013	addi	x0,x0,0	  x0:0x00000000
       21845000	      2183	800004a0	00000013	addi	x0,x0,0	  x0:0x00000000
       21855000	      2184	800004a4	00000013	addi	x0,x0,0	  x0:0x00000000
       21865000	      2185	800004a8	9f990637	lui	x12,0x9f990	 x12=0x9f990000
       21875000	      2186	800004ac	ffff8f93	addi	x31,x31,-1	 x31:0xfffffff2 x31=0xfffffff1
       21885000	      2187	800004b0	53bde613	ori	x12,x27,1339	 x27:0x29f00000 x12=0x29f0053b
       21895000	      2188	800004b4	00000713	addi	x14,x0,0	  x0:0x00000000 x14=0x00000000
       21905000	      2189	800004b8	b5c04613	xori	x12,x0,-1188	  x0:0x00000000 x12=0xfffffb5c
       21915000	      2190	800004bc	fff00913	addi	x18,x0,-1	  x0:0x00000000 x18=0xffffffff
       21925000	      2191	800004c0	e43ea693	slti	x13,x29,-445	 x29:0x80009f14 x13=0x00000001
       21935000	      2192	800004c4	7808d797	auipc	x15,0x7808d	 x15=0xf808d4c0
       21945000	      2193	800004c8	e0b9c993	xori	x19,x19,-501	 x19:0xfffffe0b x19=0x00000000
       21955000	      2194	800004cc	ff970713	addi	x14,x14,-7	 x14:0x00000000 x14=0xfffffff9
       21965000	      2195	800004d0	ff275ae3	bge	x14,x18,800004c4	 x14:0xfffffff9 x18:0xffffffff
       21975000	      2196	800004d4	f1c60013	addi	x0,x12,-228	 x12:0xfffffb5c
       21985000	      2197	800004d8	402c5613	srai	x12,x24,0x2	 x24:0x80009fc4 x12=0xe00027f1
       21995000	      2198	800004dc	01a983b3	add	x7,x19,x26	 x19:0x00000000 x26:0x45000000  x7=0x45000000
       22005000	      2199	800004e0	fd6fd2e3	bge	x31,x22,800004a4	 x31:0xfffffff1 x22:0xffffffef
       22015000	      2200	00000000	00000013	addi	x0,x0,0	  x0:0x00000000
       22025000	      2201	800004a0	00000013	addi	x0,x0,0	  x0:0x00000000
       22035000	      2202	800004a4	00000013	addi	x0,x0,0	  x0:0x00000000
       22045000	      2203	800004a8	9f990637	lui	x12,0x9f990	 x12=0x9f990000
       22055000	      2204	800004ac	ffff8f93	addi	x31,x31,-1	 x31:0xfffffff1 x31=0xfffffff0
       22065000	      2205	800004b0	53bde613	ori	x12,x27,1339	 x27:0x29f00000 x12=0x29f0053b
       22075000	      2206	800004b4	00000713	addi	x14,x0,0	  x0:0x00000000 x14=0x00000000
       22085000	      2207	800004b8	b5c04613	xori	x12,x0,-1188	  x0:0x00000000 x12=0xfffffb5c
       22095000	      2208	800004bc	fff00913	addi	x18,x0,-1	  x0:0x00000000 x18=0xffffffff
       22105000	      2209	800004c0	e43ea693	slti	x13,x29,-445	 x29:0x80009f14 x13=0x00000001
       22115000	      2210	800004c4	7808d797	auipc	x15,0x7808d	 x15=0xf808d4c0
       22125000	      2211	800004c8	e0b9c993	xori	x19,x19,-501	 x19:0x00000000 x19=0xfffffe0b
       22135000	      2212	800004cc	ff970713	addi	x14,x14,-7	 x14:0x00000000 x14=0xfffffff9
       22145000	      2213	800004d0	ff275ae3	bge	x14,x18,800004c4	 x14:0xfffffff9 x18:0xffffffff
       22155000	      2214	800004d4	f1c60013	addi	x0,x12,-228	 x12:0xfffffb5c
       22165000	      2215	800004d8	402c5613	srai	x12,x24,0x2	 x24:0x80009fc4 x12=0xe00027f1
       22175000	      2216	800004dc	01a983b3	add	x7,x19,x26	 x19:0xfffffe0b x26:0x45000000  x7=0x44fffe0b
       22185000	      2217	800004e0	fd6fd2e3	bge	x31,x22,800004a4	 x31:0xfffffff0 x22:0xffffffef
       22195000	      2218	00000000	00000013	addi	x0,x0,0	  x0:0x00000000
       22205000	      2219	800004a0	00000013	addi	x0,x0,0	  x0:0x00000000
       22215000	      2220	800004a4	00000013	addi	x0,x0,0	  x0:0x00000000
       22225000	      2221	800004a8	9f990637	lui	x12,0x9f990	 x12=0x9f990000
       22235000	      2222	800004ac	ffff8f93	addi	x31,x31,-1	 x31:0xfffffff0 x31=0xffffffef
       22245000	      2223	800004b0	53bde613	ori	x12,x27,1339	 x27:0x29f00000 x12=0x29f0053b
       22255000	      2224	800004b4	00000713	addi	x14,x0,0	  x0:0x00000000 x14=0x00000000
       22265000	      2225	800004b8	b5c04613	xori	x12,x0,-1188	  x0:0x00000000 x12=0xfffffb5c
       22275000	      2226	800004bc	fff00913	addi	x18,x0,-1	  x0:0x00000000 x18=0xffffffff
       22285000	      2227	800004c0	e43ea693	slti	x13,x29,-445	 x29:0x80009f14 x13=0x00000001
       22295000	      2228	800004c4	7808d797	auipc	x15,0x7808d	 x15=0xf808d4c0
       22305000	      2229	800004c8	e0b9c993	xori	x19,x19,-501	 x19:0xfffffe0b x19=0x00000000
       22315000	      2230	800004cc	ff970713	addi	x14,x14,-7	 x14:0x00000000 x14=0xfffffff9
       22325000	      2231	800004d0	ff275ae3	bge	x14,x18,800004c4	 x14:0xfffffff9 x18:0xffffffff
       22335000	      2232	800004d4	f1c60013	addi	x0,x12,-228	 x12:0xfffffb5c
       22345000	      2233	800004d8	402c5613	srai	x12,x24,0x2	 x24:0x80009fc4 x12=0xe00027f1
       22355000	      2234	800004dc	01a983b3	add	x7,x19,x26	 x19:0x00000000 x26:0x45000000  x7=0x45000000
       22365000	      2235	800004e0	fd6fd2e3	bge	x31,x22,800004a4	 x31:0xffffffef x22:0xffffffef
       22375000	      2236	00000000	00000013	addi	x0,x0,0	  x0:0x00000000
       22385000	      2237	800004a0	00000013	addi	x0,x0,0	  x0:0x00000000
       22395000	      2238	800004a4	00000013	addi	x0,x0,0	  x0:0x00000000
       22405000	      2239	800004a8	9f990637	lui	x12,0x9f990	 x12=0x9f990000
       22415000	      2240	800004ac	ffff8f93	addi	x31,x31,-1	 x31:0xffffffef x31=0xffffffee
       22425000	      2241	800004b0	53bde613	ori	x12,x27,1339	 x27:0x29f00000 x12=0x29f0053b
       22435000	      2242	800004b4	00000713	addi	x14,x0,0	  x0:0x00000000 x14=0x00000000
       22445000	      2243	800004b8	b5c04613	xori	x12,x0,-1188	  x0:0x00000000 x12=0xfffffb5c
       22455000	      2244	800004bc	fff00913	addi	x18,x0,-1	  x0:0x00000000 x18=0xffffffff
       22465000	      2245	800004c0	e43ea693	slti	x13,x29,-445	 x29:0x80009f14 x13=0x00000001
       22475000	      2246	800004c4	7808d797	auipc	x15,0x7808d	 x15=0xf808d4c0
       22485000	      2247	800004c8	e0b9c993	xori	x19,x19,-501	 x19:0x00000000 x19=0xfffffe0b
       22495000	      2248	800004cc	ff970713	addi	x14,x14,-7	 x14:0x00000000 x14=0xfffffff9
       22505000	      2249	800004d0	ff275ae3	bge	x14,x18,800004c4	 x14:0xfffffff9 x18:0xffffffff
       22515000	      2250	800004d4	f1c60013	addi	x0,x12,-228	 x12:0xfffffb5c
       22525000	      2251	800004d8	402c5613	srai	x12,x24,0x2	 x24:0x80009fc4 x12=0xe00027f1
       22535000	      2252	800004dc	01a983b3	add	x7,x19,x26	 x19:0xfffffe0b x26:0x45000000  x7=0x44fffe0b
       22545000	      2253	800004e0	fd6fd2e3	bge	x31,x22,800004a4	 x31:0xffffffee x22:0xffffffef
       22555000	      2254	800004e4	4033d513	srai	x10,x7,0x3	  x7:0x44fffe0b x10=0x089fffc1
       22565000	      2255	800004e8	00800513	addi	x10,x0,8	  x0:0x00000000 x10=0x00000008
       22575000	      2256	800004ec	00700493	addi	x9,x0,7	  x0:0x00000000  x9=0x00000007
       22585000	      2257	800004f0	000dfcb3	and	x25,x27,x0	 x27:0x29f00000  x0:0x00000000 x25=0x00000000
       22595000	      2258	800004f4	ffa50513	addi	x10,x10,-6	 x10:0x00000008 x10=0x00000002
       22605000	      2259	800004f8	fe957ce3	bgeu	x10,x9,800004f0	 x10:0x00000002  x9:0x00000007
       22615000	      2260	800004fc	e0d20813	addi	x16,x4,-499	  x4:0x80009f14 x16=0x80009d21
       22625000	      2261	80000500	ff700b93	addi	x23,x0,-9	  x0:0x00000000 x23=0xfffffff7
       22635000	      2262	80000504	00941713	slli	x14,x8,0x9	  x8:0x0020007e x14=0x4000fc00
       22645000	      2263	80000508	5eb44a13	xori	x20,x8,1515	  x8:0x0020007e x20=0x00200595
       22655000	      2264	8000050c	fef00593	addi	x11,x0,-17	  x0:0x00000000 x11=0xffffffef
       22665000	      2265	80000510	00000013	addi	x0,x0,0	  x0:0x00000000
       22675000	      2266	80000514	48196913	ori	x18,x18,1153	 x18:0xffffffff x18=0xffffffff
       22685000	      2267	80000518	01e1c233	xor	x4,x3,x30	  x3:0xfc0004fe x30:0x00000009  x4=0xfc0004f7
       22695000	      2268	8000051c	405ed713	srai	x14,x29,0x5	 x29:0x80009f14 x14=0xfc0004f8
       22705000	      2269	80000520	00d94633	xor	x12,x18,x13	 x18:0xffffffff x13:0x00000001 x12=0xfffffffe
       22715000	      2270	80000524	00089e13	slli	x28,x17,0x0	 x17:0x00000000 x28=0x00000000
       22725000	      2271	80000528	000ed733	srl	x14,x29,x0	 x29:0x80009f14  x0:0x00000000 x14=0x80009f14
       22735000	      2272	8000052c	ffcb8b93	addi	x23,x23,-4	 x23:0xfffffff7 x23=0xfffffff3
       22745000	      2273	80000530	965fc393	xori	x7,x31,-1691	 x31:0xffffffee  x7=0x0000068b
       22755000	      2274	80000534	ff600513	addi	x10,x0,-10	  x0:0x00000000 x10=0xfffffff6
       22765000	      2275	80000538	006c92b3	sll	x5,x25,x6	 x25:0x00000000  x6:0x00000509  x5=0x00000000
       22775000	      2276	8000053c	fee00f93	addi	x31,x0,-18	  x0:0x00000000 x31=0xffffffee
       22785000	      2277	80000540	01d39e33	sll	x28,x7,x29	  x7:0x0000068b x29:0x80009f14 x28=0x68b00000
       22795000	      2278	80000544	40385133	sra	x2,x16,x3	 x16:0x80009d21  x3:0xfc0004fe  x2=0xfffffffe
       22805000	      2279	80000548	05498413	addi	x8,x19,84	 x19:0xfffffe0b  x8=0xfffffe5f
       22815000	      2280	8000054c	003c4733	xor	x14,x24,x3	 x24:0x80009fc4  x3:0xfc0004fe x14=0x7c009b3a
       22825000	      2281	80000550	ff850513	addi	x10,x10,-8	 x10:0xfffffff6 x10=0xffffffee
       22835000	      2282	80000554	c6db4d93	xori	x27,x22,-915	 x22:0xffffffef x27=0x00000382
       22845000	      2283	80000558	01a89933	sll	x18,x17,x26	 x17:0x00000000 x26:0x45000000 x18=0x00000000
       22855000	      2284	8000055c	40d204b3	sub	x9,x4,x13	  x4:0xfc0004f7 x13:0x00000001  x9=0xfc0004f6
       22865000	      2285	80000560	7324d297	auipc	x5,0x7324d	  x5=0xf324d55c
       22875000	      2286	80000564	fff502e3	beq	x10,x31,80000548	 x10:0xffffffee x31:0xffffffee
       22885000	      2287	00000000	00000013	addi	x0,x0,0	  x0:0x00000000
       22895000	      2288	80000544	00000013	addi	x0,x0,0	  x0:0x00000000
       22905000	      2289	80000548	05498413	addi	x8,x19,84	 x19:0xfffffe0b  x8=0xfffffe5f
       22915000	      2290	8000054c	003c4733	xor	x14,x24,x3	 x24:0x80009fc4  x3:0xfc0004fe x14=0x7c009b3a
       22925000	      2291	80000550	ff850513	addi	x10,x10,-8	 x10:0xffffffee x10=0xffffffe6
       22935000	      2292	80000554	c6db4d93	xori	x27,x22,-915	 x22:0xffffffef x27=0x00000382
       22945000	      2293	80000558	01a89933	sll	x18,x17,x26	 x17:0x00000000 x26:0x45000000 x18=0x00000000
       22955000	      2294	8000055c	40d204b3	sub	x9,x4,x13	  x4:0xfc0004f7 x13:0x00000001  x9=0xfc0004f6
       22965000	      2295	80000560	7324d297	auipc	x5,0x7324d	  x5=0xf324d55c
       22975000	      2296	80000564	fff502e3	beq	x10,x31,80000548	 x10:0xffffffe6 x31:0xffffffee
       22985000	      2297	80000568	40395d93	srai	x27,x18,0x3	 x18:0x00000000 x27=0x00000000
       22995000	      2298	8000056c	019ac6b3	xor	x13,x21,x25	 x21:0x80009f74 x25:0x00000000 x13=0x80009f74
       23005000	      2299	80000570	fabb88e3	beq	x23,x11,80000520	 x23:0xfffffff3 x11:0xffffffef
       23015000	      2300	80000574	fd023a97	auipc	x21,0xfd023	 x21=0x7d023570
       23025000	      2301	80000578	ffc00693	addi	x13,x0,-4	  x0:0x00000000 x13=0xfffffffc
       23035000	      2302	8000057c	1765b893	sltiu	x17,x11,374	 x11:0xffffffef x17=0x00000000
       23045000	      2303	80000580	8984ed93	ori	x27,x9,-1896	  x9:0xfc0004f6 x27=0xfffffcfe
       23055000	      2304	80000584	ff400c93	addi	x25,x0,-12	  x0:0x00000000 x25=0xfffffff4
       23065000	      2305	80000588	0054bab3	sltu	x21,x9,x5	  x9:0xfc0004f6  x5:0xf324d55c x21=0x00000000
       23075000	      2306	8000058c	009dbfb3	sltu	x31,x27,x9	 x27:0xfffffcfe  x9:0xfc0004f6 x31=0x00000000
       23085000	      2307	80000590	00000013	addi	x0,x0,0	  x0:0x00000000
       23095000	      2308	80000594	3f652893	slti	x17,x10,1014	 x10:0xffffffe6 x17=0x00000001
       23105000	      2309	80000598	4148d993	srai	x19,x17,0x14	 x17:0x00000001 x19=0x00000000
       23115000	      2310	8000059c	ff1b7813	andi	x16,x22,-15	 x22:0xffffffef x16=0xffffffe1
       23125000	      2311	800005a0	ff868693	addi	x13,x13,-8	 x13:0xfffffffc x13=0xfffffff4
       23135000	      2312	800005a4	01db3b33	sltu	x22,x22,x29	 x22:0xffffffef x29:0x80009f14 x22=0x00000000
       23145000	      2313	800005a8	cb508937	lui	x18,0xcb508	 x18=0xcb508000
       23155000	      2314	800005ac	001f82b3	add	x5,x31,x1	 x31:0x00000000  x1:0x00040000  x5=0x00040000
       23165000	      2315	800005b0	00047db3	and	x27,x8,x0	  x8:0xfffffe5f  x0:0x00000000 x27=0x00000000
       23175000	      2316	800005b4	18d23393	sltiu	x7,x4,397	  x4:0xfc0004f7  x7=0x00000000
       23185000	      2317	800005b8	4001d033	sra	x0,x3,x0	  x3:0xfc0004fe  x0:0x00000000
       23195000	      2318	800005bc	0153f933	and	x18,x7,x21	  x7:0x00000000 x21:0x00000000 x18=0x00000000
       23205000	      2319	800005c0	1e9e8413	addi	x8,x29,489	 x29:0x80009f14  x8=0x8000a0fd
       23215000	      2320	800005c4	010fc333	xor	x6,x31,x16	 x31:0x00000000 x16:0xffffffe1  x6=0xffffffe1
       23225000	      2321	800005c8	009d0733	add	x14,x26,x9	 x26:0x45000000  x9:0xfc0004f6 x14=0x410004f6
       23235000	      2322	800005cc	00000013	addi	x0,x0,0	  x0:0x00000000
       23245000	      2323	800005d0	fd9686e3	beq	x13,x25,8000059c	 x13:0xfffffff4 x25:0xfffffff4
       23255000	      2324	00000000	00000013	addi	x0,x0,0	  x0:0x00000000
       23265000	      2325	80000598	00000013	addi	x0,x0,0	  x0:0x00000000
       23275000	      2326	8000059c	ff1b7813	andi	x16,x22,-15	 x22:0x00000000 x16=0x00000000
       23285000	      2327	800005a0	ff868693	addi	x13,x13,-8	 x13:0xfffffff4 x13=0xffffffec
       23295000	      2328	800005a4	01db3b33	sltu	x22,x22,x29	 x22:0x00000000 x29:0x80009f14 x22=0x00000001
       23305000	      2329	800005a8	cb508937	lui	x18,0xcb508	 x18=0xcb508000
       23315000	      2330	800005ac	001f82b3	add	x5,x31,x1	 x31:0x00000000  x1:0x00040000  x5=0x00040000
       23325000	      2331	800005b0	00047db3	and	x27,x8,x0	  x8:0x8000a0fd  x0:0x00000000 x27=0x00000000
       23335000	      2332	800005b4	18d23393	sltiu	x7,x4,397	  x4:0xfc0004f7  x7=0x00000000
       23345000	      2333	800005b8	4001d033	sra	x0,x3,x0	  x3:0xfc0004fe  x0:0x00000000
       23355000	      2334	800005bc	0153f933	and	x18,x7,x21	  x7:0x00000000 x21:0x00000000 x18=0x00000000
       23365000	      2335	800005c0	1e9e8413	addi	x8,x29,489	 x29:0x80009f14  x8=0x8000a0fd
       23375000	      2336	800005c4	010fc333	xor	x6,x31,x16	 x31:0x00000000 x16:0x00000000  x6=0x00000000
       23385000	      2337	800005c8	009d0733	add	x14,x26,x9	 x26:0x45000000  x9:0xfc0004f6 x14=0x410004f6
       23395000	      2338	800005cc	00000013	addi	x0,x0,0	  x0:0x00000000
       23405000	      2339	800005d0	fd9686e3	beq	x13,x25,8000059c	 x13:0xffffffec x25:0xfffffff4
       23415000	      2340	800005d4	7fe67e13	andi	x28,x12,2046	 x12:0xfffffffe x28=0x000007fe
       23425000	      2341	800005d8	ffb00e13	addi	x28,x0,-5	  x0:0x00000000 x28=0xfffffffb
       23435000	      2342	800005dc	c69fe793	ori	x15,x31,-919	 x31:0x00000000 x15=0xfffffc69
       23445000	      2343	800005e0	ff300213	addi	x4,x0,-13	  x0:0x00000000  x4=0xfffffff3
       23455000	      2344	800005e4	91d58593	addi	x11,x11,-1763	 x11:0xffffffef x11=0xfffff90c
       23465000	      2345	800005e8	00f75b33	srl	x22,x14,x15	 x14:0x410004f6 x15:0xfffffc69 x22=0x00208002
       23475000	      2346	800005ec	7ebe0d93	addi	x27,x28,2027	 x28:0xfffffffb x27=0x000007e6
       23485000	      2347	800005f0	c59ecb37	lui	x22,0xc59ec	 x22=0xc59ec000
       23495000	      2348	800005f4	ff8e0e13	addi	x28,x28,-8	 x28:0xfffffffb x28=0xfffffff3
       23505000	      2349	800005f8	41c90433	sub	x8,x18,x28	 x18:0x00000000 x28:0xfffffff3  x8=0x0000000d
       23515000	      2350	800005fc	01ae0fb3	add	x31,x28,x26	 x28:0xfffffff3 x26:0x45000000 x31=0x44fffff3
       23525000	      2351	80000600	f313bb13	sltiu	x22,x7,-207	  x7:0x00000000 x22=0x00000001
       23535000	      2352	80000604	fe4e04e3	beq	x28,x4,800005ec	 x28:0xfffffff3  x4:0xfffffff3
       23545000	      2353	00000000	00000013	addi	x0,x0,0	  x0:0x00000000
       23555000	      2354	800005e8	00000013	addi	x0,x0,0	  x0:0x00000000
       23565000	      2355	800005ec	7ebe0d93	addi	x27,x28,2027	 x28:0xfffffff3 x27=0x000007de
       23575000	      2356	800005f0	c59ecb37	lui	x22,0xc59ec	 x22=0xc59ec000
       23585000	      2357	800005f4	ff8e0e13	addi	x28,x28,-8	 x28:0xfffffff3 x28=0xffffffeb
       23595000	      2358	800005f8	41c90433	sub	x8,x18,x28	 x18:0x00000000 x28:0xffffffeb  x8=0x00000015
       23605000	      2359	800005fc	01ae0fb3	add	x31,x28,x26	 x28:0xffffffeb x26:0x45000000 x31=0x44ffffeb
       23615000	      2360	80000600	f313bb13	sltiu	x22,x7,-207	  x7:0x00000000 x22=0x00000001
       23625000	      2361	80000604	fe4e04e3	beq	x28,x4,800005ec	 x28:0xffffffeb  x4:0xfffffff3
       23635000	      2362	80000608	bc970113	addi	x2,x14,-1079	 x14:0x410004f6  x2=0x410000bf
       23645000	      2363	8000060c	00a00393	addi	x7,x0,10	  x0:0x00000000  x7=0x0000000a
       23655000	      2364	80000610	41298033	sub	x0,x19,x18	 x19:0x00000000 x18:0x00000000
       23665000	      2365	80000614	00900a93	addi	x21,x0,9	  x0:0x00000000 x21=0x00000009
       23675000	      2366	80000618	465b4793	xori	x15,x22,1125	 x22:0x00000001 x15=0x00000464
       23685000	      2367	8000061c	ff938393	addi	x7,x7,-7	  x7:0x0000000a  x7=0x00000003
       23695000	      2368	80000620	01ac9513	slli	x10,x25,0x1a	 x25:0xfffffff4 x10=0xd0000000
       23705000	      2369	80000624	00100193	addi	x3,x0,1	  x0:0x00000000  x3=0x00000001
       23715000	      2370	80000628	00d00a13	addi	x20,x0,13	  x0:0x00000000 x20=0x0000000d
       23725000	      2371	8000062c	4104d313	srai	x6,x9,0x10	  x9:0xfc0004f6  x6=0xfffffc00
       23735000	      2372	80000630	010dbe33	sltu	x28,x27,x16	 x27:0x000007de x16:0x00000000 x28=0x00000000
       23745000	      2373	80000634	00318193	addi	x3,x3,3	  x3:0x00000001  x3=0x00000004
       23755000	      2374	80000638	ff419ce3	bne	x3,x20,80000630	  x3:0x00000004 x20:0x0000000d
       23765000	      2375	00000000	00000013	addi	x0,x0,0	  x0:0x00000000
       23775000	      2376	8000062c	00000013	addi	x0,x0,0	  x0:0x00000000
       23785000	      2377	80000630	010dbe33	sltu	x28,x27,x16	 x27:0x000007de x16:0x00000000 x28=0x00000000
       23795000	      2378	80000634	00318193	addi	x3,x3,3	  x3:0x00000004  x3=0x00000007
       23805000	      2379	80000638	ff419ce3	bne	x3,x20,80000630	  x3:0x00000007 x20:0x0000000d
       23815000	      2380	00000000	00000013	addi	x0,x0,0	  x0:0x00000000
       23825000	      2381	8000062c	00000013	addi	x0,x0,0	  x0:0x00000000
       23835000	      2382	80000630	010dbe33	sltu	x28,x27,x16	 x27:0x000007de x16:0x00000000 x28=0x00000000
       23845000	      2383	80000634	00318193	addi	x3,x3,3	  x3:0x00000007  x3=0x0000000a
       23855000	      2384	80000638	ff419ce3	bne	x3,x20,80000630	  x3:0x0000000a x20:0x0000000d
       23865000	      2385	00000000	00000013	addi	x0,x0,0	  x0:0x00000000
       23875000	      2386	8000062c	00000013	addi	x0,x0,0	  x0:0x00000000
       23885000	      2387	80000630	010dbe33	sltu	x28,x27,x16	 x27:0x000007de x16:0x00000000 x28=0x00000000
       23895000	      2388	80000634	00318193	addi	x3,x3,3	  x3:0x0000000a  x3=0x0000000d
       23905000	      2389	80000638	ff419ce3	bne	x3,x20,80000630	  x3:0x0000000d x20:0x0000000d
       23915000	      2390	8000063c	fd53fee3	bgeu	x7,x21,80000618	  x7:0x00000003 x21:0x00000009
       23925000	      2391	80000640	004b6fb3	or	x31,x22,x4	 x22:0x00000001  x4:0xfffffff3 x31=0xfffffff3
       23935000	      2392	80000644	ffa00393	addi	x7,x0,-6	  x0:0x00000000  x7=0xfffffffa
       23945000	      2393	80000648	dcff2b37	lui	x22,0xdcff2	 x22=0xdcff2000
       23955000	      2394	8000064c	014d94b3	sll	x9,x27,x20	 x27:0x000007de x20:0x0000000d  x9=0x00fbc000
       23965000	      2395	80000650	00c5a1b3	slt	x3,x11,x12	 x11:0xfffff90c x12:0xfffffffe  x3=0x00000001
       23975000	      2396	80000654	ff100f93	addi	x31,x0,-15	  x0:0x00000000 x31=0xfffffff1
       23985000	      2397	80000658	41c4d5b3	sra	x11,x9,x28	  x9:0x00fbc000 x28:0x00000000 x11=0x00fbc000
       23995000	      2398	8000065c	c962eb93	ori	x23,x5,-874	  x5:0x00040000 x23=0xfffffc96
       24005000	      2399	80000660	01e7c5b3	xor	x11,x15,x30	 x15:0x00000464 x30:0x00000009 x11=0x0000046d
       24015000	      2400	80000664	0104d193	srli	x3,x9,0x10	  x9:0x00fbc000  x3=0x000000fb
       24025000	      2401	80000668	ffd38393	addi	x7,x7,-3	  x7:0xfffffffa  x7=0xfffffff7
       24035000	      2402	8000066c	00cfda13	srli	x20,x31,0xc	 x31:0xfffffff1 x20=0x000fffff
       24045000	      2403	80000670	f8203db7	lui	x27,0xf8203	 x27=0xf8203000
       24055000	      2404	80000674	82d04db7	lui	x27,0x82d04	 x27=0x82d04000
       24065000	      2405	80000678	fff392e3	bne	x7,x31,8000065c	  x7:0xfffffff7 x31:0xfffffff1
       24075000	      2406	00000000	00000013	addi	x0,x0,0	  x0:0x00000000
       24085000	      2407	80000658	00000013	addi	x0,x0,0	  x0:0x00000000
       24095000	      2408	8000065c	c962eb93	ori	x23,x5,-874	  x5:0x00040000 x23=0xfffffc96
       24105000	      2409	80000660	01e7c5b3	xor	x11,x15,x30	 x15:0x00000464 x30:0x00000009 x11=0x0000046d
       24115000	      2410	80000664	0104d193	srli	x3,x9,0x10	  x9:0x00fbc000  x3=0x000000fb
       24125000	      2411	80000668	ffd38393	addi	x7,x7,-3	  x7:0xfffffff7  x7=0xfffffff4
       24135000	      2412	8000066c	00cfda13	srli	x20,x31,0xc	 x31:0xfffffff1 x20=0x000fffff
       24145000	      2413	80000670	f8203db7	lui	x27,0xf8203	 x27=0xf8203000
       24155000	      2414	80000674	82d04db7	lui	x27,0x82d04	 x27=0x82d04000
       24165000	      2415	80000678	fff392e3	bne	x7,x31,8000065c	  x7:0xfffffff4 x31:0xfffffff1
       24175000	      2416	00000000	00000013	addi	x0,x0,0	  x0:0x00000000
       24185000	      2417	80000658	00000013	addi	x0,x0,0	  x0:0x00000000
       24195000	      2418	8000065c	c962eb93	ori	x23,x5,-874	  x5:0x00040000 x23=0xfffffc96
       24205000	      2419	80000660	01e7c5b3	xor	x11,x15,x30	 x15:0x00000464 x30:0x00000009 x11=0x0000046d
       24215000	      2420	80000664	0104d193	srli	x3,x9,0x10	  x9:0x00fbc000  x3=0x000000fb
       24225000	      2421	80000668	ffd38393	addi	x7,x7,-3	  x7:0xfffffff4  x7=0xfffffff1
       24235000	      2422	8000066c	00cfda13	srli	x20,x31,0xc	 x31:0xfffffff1 x20=0x000fffff
       24245000	      2423	80000670	f8203db7	lui	x27,0xf8203	 x27=0xf8203000
       24255000	      2424	80000674	82d04db7	lui	x27,0x82d04	 x27=0x82d04000
       24265000	      2425	80000678	fff392e3	bne	x7,x31,8000065c	  x7:0xfffffff1 x31:0xfffffff1
       24275000	      2426	8000067c	401a55b3	sra	x11,x20,x1	 x20:0x000fffff  x1:0x00040000 x11=0x000fffff
       24285000	      2427	80000680	0047e533	or	x10,x15,x4	 x15:0x00000464  x4:0xfffffff3 x10=0xfffffff7
       24295000	      2428	80000684	f4d0e213	ori	x4,x1,-179	  x1:0x00040000  x4=0xffffff4d
       24305000	      2429	80000688	4145d893	srai	x17,x11,0x14	 x11:0x000fffff x17=0x00000000
       24315000	      2430	8000068c	8d1fb893	sltiu	x17,x31,-1839	 x31:0xfffffff1 x17=0x00000000
       24325000	      2431	80000690	0055d093	srli	x1,x11,0x5	 x11:0x000fffff  x1=0x00007fff
       24335000	      2432	80000694	71ef2013	slti	x0,x30,1822	 x30:0x00000009
       24345000	      2433	80000698	00381613	slli	x12,x16,0x3	 x16:0x00000000 x12=0x00000000
       24355000	      2434	8000069c	000c4263	blt	x24,x0,800006a0	 x24:0x80009fc4  x0:0x00000000
       24365000	      2435	00000000	00000013	addi	x0,x0,0	  x0:0x00000000
       24375000	      2436	8000069c	00000013	addi	x0,x0,0	  x0:0x00000000
       24385000	      2437	800006a0	0036cdb3	xor	x27,x13,x3	 x13:0xffffffec  x3:0x000000fb x27=0xffffff17
       24395000	      2438	800006a4	02711063	bne	x2,x7,800006c4	  x2:0x410000bf  x7:0xfffffff1
       24405000	      2439	00000000	00000013	addi	x0,x0,0	  x0:0x00000000
       24415000	      2440	800006c0	00000013	addi	x0,x0,0	  x0:0x00000000
       24425000	      2441	800006c4	03158a63	beq	x11,x17,800006f8	 x11:0x000fffff x17:0x00000000
       24435000	      2442	800006c8	40c655b3	sra	x11,x12,x12	 x12:0x00000000 x12:0x00000000 x11=0x00000000
       24445000	      2443	800006cc	01219393	slli	x7,x3,0x12	  x3:0x000000fb  x7=0x03ec0000
       24455000	      2444	800006d0	875f4b17	auipc	x22,0x875f4	 x22=0x075f46cc
       24465000	      2445	800006d4	01831133	sll	x2,x6,x24	  x6:0xfffffc00 x24:0x80009fc4  x2=0xffffc000
       24475000	      2446	800006d8	00b31733	sll	x14,x6,x11	  x6:0xfffffc00 x11:0x00000000 x14=0xfffffc00
       24485000	      2447	800006dc	01c70a63	beq	x14,x28,800006f0	 x14:0xfffffc00 x28:0x00000000
       24495000	      2448	800006e0	01ab3cb3	sltu	x25,x22,x26	 x22:0x075f46cc x26:0x45000000 x25=0x00000001
       24505000	      2449	800006e4	41a00b33	sub	x22,x0,x26	  x0:0x00000000 x26:0x45000000 x22=0xbb000000
       24515000	      2450	800006e8	0293ce63	blt	x7,x9,80000724	  x7:0x03ec0000  x9:0x00fbc000
       24525000	      2451	800006ec	7f82e017	auipc	x0,0x7f82e	
       24535000	      2452	800006f0	6318c513	xori	x10,x17,1585	 x17:0x00000000 x10=0x00000631
       24545000	      2453	800006f4	011114b3	sll	x9,x2,x17	  x2:0xffffc000 x17:0x00000000  x9=0xffffc000
       24555000	      2454	800006f8	99e6f193	andi	x3,x13,-1634	 x13:0xffffffec  x3=0xfffff98c
       24565000	      2455	800006fc	01dc1713	slli	x14,x24,0x1d	 x24:0x80009fc4 x14=0x80000000
       24575000	      2456	80000700	01ad6db3	or	x27,x26,x26	 x26:0x45000000 x26:0x45000000 x27=0x45000000
       24585000	      2457	80000704	b7cbc813	xori	x16,x23,-1156	 x23:0xfffffc96 x16=0x000007ea
       24595000	      2458	80000708	015dd393	srli	x7,x27,0x15	 x27:0x45000000  x7=0x00000228
       24605000	      2459	8000070c	00d9ca63	blt	x19,x13,80000720	 x19:0x00000000 x13:0xffffffec
       24615000	      2460	80000710	00559ab3	sll	x21,x11,x5	 x11:0x00000000  x5:0x00040000 x21=0x00000000
       24625000	      2461	80000714	40415a33	sra	x20,x2,x4	  x2:0xffffc000  x4:0xffffff4d x20=0xfffffffe
       24635000	      2462	80000718	5fc1ac93	slti	x25,x3,1532	  x3:0xfffff98c x25=0x00000001
       24645000	      2463	8000071c	059a6463	bltu	x20,x25,80000764	 x20:0xfffffffe x25:0x00000001
       24655000	      2464	80000720	01d89813	slli	x16,x17,0x1d	 x17:0x00000000 x16=0x00000000
       24665000	      2465	80000724	afac0893	addi	x17,x24,-1286	 x24:0x80009fc4 x17=0x80009abe
       24675000	      2466	80000728	3db22913	slti	x18,x4,987	  x4:0xffffff4d x18=0x00000001
       24685000	      2467	8000072c	01379a93	slli	x21,x15,0x13	 x15:0x00000464 x21=0x23200000
       24695000	      2468	80000730	01e284b3	add	x9,x5,x30	  x5:0x00040000 x30:0x00000009  x9=0x00040009
       24705000	      2469	80000734	015ab9b3	sltu	x19,x21,x21	 x21:0x23200000 x21:0x23200000 x19=0x00000000
       24715000	      2470	80000738	0055c2b3	xor	x5,x11,x5	 x11:0x00000000  x5:0x00040000  x5=0x00040000
       24725000	      2471	8000073c	01059613	slli	x12,x11,0x10	 x11:0x00000000 x12=0x00000000
       24735000	      2472	80000740	05f55663	bge	x10,x31,8000078c	 x10:0x00000631 x31:0xfffffff1
       24745000	      2473	00000000	00000013	addi	x0,x0,0	  x0:0x00000000
       24755000	      2474	80000788	00000013	addi	x0,x0,0	  x0:0x00000000
       24765000	      2475	8000078c	0149dbb3	srl	x23,x19,x20	 x19:0x00000000 x20:0xfffffffe x23=0x00000000
       24775000	      2476	80000790	2eb3a093	slti	x1,x7,747	  x7:0x00000228  x1=0x00000001
       24785000	      2477	80000794	01bc1613	slli	x12,x24,0x1b	 x24:0x80009fc4 x12=0x20000000
       24795000	      2478	80000798	a6ab45b7	lui	x11,0xa6ab4	 x11=0xa6ab4000
       24805000	      2479	8000079c	f07ab913	sltiu	x18,x21,-249	 x21:0x23200000 x18=0x00000001
       24815000	      2480	800007a0	00000013	addi	x0,x0,0	  x0:0x00000000
       24825000	      2481	800007a4	483feb13	ori	x22,x31,1155	 x31:0xfffffff1 x22=0xfffffff3
       24835000	      2482	800007a8	0568e463	bltu	x17,x22,800007f0	 x17:0x80009abe x22:0xfffffff3
       24845000	      2483	00000000	00000013	addi	x0,x0,0	  x0:0x00000000
       24855000	      2484	800007ec	00000013	addi	x0,x0,0	  x0:0x00000000
       24865000	      2485	800007f0	40da5393	srai	x7,x20,0xd	 x20:0xfffffffe  x7=0xffffffff
       24875000	      2486	800007f4	b79ae793	ori	x15,x21,-1159	 x21:0x23200000 x15=0xfffffb79
       24885000	      2487	800007f8	cbc67893	andi	x17,x12,-836	 x12:0x20000000 x17=0x20000000
       24895000	      2488	800007fc	017830b3	sltu	x1,x16,x23	 x16:0x00000000 x23:0x00000000  x1=0x00000000
       24905000	      2489	80000800	00cf7663	bgeu	x30,x12,8000080c	 x30:0x00000009 x12:0x20000000
       24915000	      2490	80000804	780256b7	lui	x13,0x78025	 x13=0x78025000
       24925000	      2491	80000808	dcf1f693	andi	x13,x3,-561	  x3:0xfffff98c x13=0xfffff98c
       24935000	      2492	8000080c	00000013	addi	x0,x0,0	  x0:0x00000000
       24945000	      2493	80000810	1b852813	slti	x16,x10,440	 x10:0x00000631 x16=0x00000000
       24955000	      2494	80000814	41715f93	srai	x31,x2,0x17	  x2:0xffffc000 x31=0xffffffff
       24965000	      2495	80000818	019daab3	slt	x21,x27,x25	 x27:0x45000000 x25:0x00000001 x21=0x00000000
       24975000	      2496	8000081c	01da88b3	add	x17,x21,x29	 x21:0x00000000 x29:0x80009f14 x17=0x80009f14
       24985000	      2497	80000820	01f0a6b3	slt	x13,x1,x31	  x1:0x00000000 x31:0xffffffff x13=0x00000000
       24995000	      2498	80000824	011732b3	sltu	x5,x14,x17	 x14:0x80000000 x17:0x80009f14  x5=0x00000001
       25005000	      2499	80000828	01541013	slli	x0,x8,0x15	  x8:0x00000015
       25015000	      2500	8000082c	f2bdb593	sltiu	x11,x27,-213	 x27:0x45000000 x11=0x00000001
       25025000	      2501	80000830	186c8b13	addi	x22,x25,390	 x25:0x00000001 x22=0x00000187
       25035000	      2502	80000834	00000013	addi	x0,x0,0	  x0:0x00000000
       25045000	      2503	80000838	01296833	or	x16,x18,x18	 x18:0x00000001 x18:0x00000001 x16=0x00000001
       25055000	      2504	8000083c	411cdb93	srai	x23,x25,0x11	 x25:0x00000001 x23=0x00000000
       25065000	      2505	80000840	001f5bb3	srl	x23,x30,x1	 x30:0x00000009  x1:0x00000000 x23=0x00000009
       25075000	      2506	80000844	4d793393	sltiu	x7,x18,1239	 x18:0x00000001  x7=0x00000001
       25085000	      2507	80000848	01044d33	xor	x26,x8,x16	  x8:0x00000015 x16:0x00000001 x26=0x00000014
       25095000	      2508	8000084c	e3c70213	addi	x4,x14,-452	 x14:0x80000000  x4=0x7ffffe3c
       25105000	      2509	80000850	00abde13	srli	x28,x23,0xa	 x23:0x00000009 x28=0x00000000
       25115000	      2510	80000854	00e601b3	add	x3,x12,x14	 x12:0x20000000 x14:0x80000000  x3=0xa0000000
       25125000	      2511	80000858	0557c863	blt	x15,x21,800008a8	 x15:0xfffffb79 x21:0x00000000
       25135000	      2512	00000000	00000013	addi	x0,x0,0	  x0:0x00000000
       25145000	      2513	800008a4	00000013	addi	x0,x0,0	  x0:0x00000000
       25155000	      2514	800008a8	0013bab3	sltu	x21,x7,x1	  x7:0x00000001  x1:0x00000000 x21=0x00000000
       25165000	      2515	800008ac	0078a133	slt	x2,x17,x7	 x17:0x80009f14  x7:0x00000001  x2=0x00000001
       25175000	      2516	800008b0	00000013	addi	x0,x0,0	  x0:0x00000000
       25185000	      2517	800008b4	00000013	addi	x0,x0,0	  x0:0x00000000
       25195000	      2518	800008b8	40b40d33	sub	x26,x8,x11	  x8:0x00000015 x11:0x00000001 x26=0x00000014
       25205000	      2519	800008bc	0143a833	slt	x16,x7,x20	  x7:0x00000001 x20:0xfffffffe x16=0x00000000
       25215000	      2520	800008c0	1e234b13	xori	x22,x6,482	  x6:0xfffffc00 x22=0xfffffde2
       25225000	      2521	800008c4	04e34263	blt	x6,x14,80000908	  x6:0xfffffc00 x14:0x80000000
       25235000	      2522	800008c8	013dad33	slt	x26,x27,x19	 x27:0x45000000 x19:0x00000000 x26=0x00000000
       25245000	      2523	800008cc	01bcb3b3	sltu	x7,x25,x27	 x25:0x00000001 x27:0x45000000  x7=0x00000001
       25255000	      2524	800008d0	00831693	slli	x13,x6,0x8	  x6:0xfffffc00 x13=0xfffc0000
       25265000	      2525	800008d4	fc832813	slti	x16,x6,-56	  x6:0xfffffc00 x16=0x00000001
       25275000	      2526	800008d8	00122433	slt	x8,x4,x1	  x4:0x7ffffe3c  x1:0x00000000  x8=0x00000000
       25285000	      2527	800008dc	4050da33	sra	x20,x1,x5	  x1:0x00000000  x5:0x00000001 x20=0x00000000
       25295000	      2528	800008e0	01274033	xor	x0,x14,x18	 x14:0x80000000 x18:0x00000001
       25305000	      2529	800008e4	00ebe4b3	or	x9,x23,x14	 x23:0x00000009 x14:0x80000000  x9=0x80000009
       25315000	      2530	800008e8	a4b2c897	auipc	x17,0xa4b2c	 x17=0x24b2c8e4
       25325000	      2531	800008ec	b7944293	xori	x5,x8,-1159	  x8:0x00000000  x5=0xfffffb79
       25335000	      2532	800008f0	0951b993	sltiu	x19,x3,149	  x3:0xa0000000 x19=0x00000000
       25345000	      2533	800008f4	00e65b93	srli	x23,x12,0xe	 x12:0x20000000 x23=0x00008000
       25355000	      2534	800008f8	0a0fe263	bltu	x31,x0,8000099c	 x31:0xffffffff  x0:0x00000000
       25365000	      2535	800008fc	56e1cd93	xori	x27,x3,1390	  x3:0xa0000000 x27=0xa000056e
       25375000	      2536	80000900	0b7f4663	blt	x30,x23,800009ac	 x30:0x00000009 x23:0x00008000
       25385000	      2537	00000000	00000013	addi	x0,x0,0	  x0:0x00000000
       25395000	      2538	800009a8	00000013	addi	x0,x0,0	  x0:0x00000000
       25405000	      2539	800009ac	00000013	addi	x0,x0,0	  x0:0x00000000
       25415000	      2540	800009b0	01925f93	srli	x31,x4,0x19	  x4:0x7ffffe3c x31=0x0000003f
       25425000	      2541	800009b4	0136a0b3	slt	x1,x13,x19	 x13:0xfffc0000 x19:0x00000000  x1=0x00000001
       25435000	      2542	800009b8	04487863	bgeu	x16,x4,80000a08	 x16:0x00000001  x4:0x7ffffe3c
       25445000	      2543	800009bc	4059ddb3	sra	x27,x19,x5	 x19:0x00000000  x5:0xfffffb79 x27=0x00000000
       25455000	      2544	800009c0	6ff64413	xori	x8,x12,1791	 x12:0x20000000  x8=0x200006ff
       25465000	      2545	800009c4	ed107e13	andi	x28,x0,-303	  x0:0x00000000 x28=0x00000000
       25475000	      2546	800009c8	00041693	slli	x13,x8,0x0	  x8:0x200006ff x13=0x200006ff
       25485000	      2547	800009cc	0078a833	slt	x16,x17,x7	 x17:0x24b2c8e4  x7:0x00000001 x16=0x00000000
       25495000	      2548	800009d0	704aad37	lui	x26,0x704aa	 x26=0x704aa000
       25505000	      2549	800009d4	01e1e233	or	x4,x3,x30	  x3:0xa0000000 x30:0x00000009  x4=0xa0000009
       25515000	      2550	800009d8	00c5edb3	or	x27,x11,x12	 x11:0x00000001 x12:0x20000000 x27=0x20000001
       25525000	      2551	800009dc	41bed193	srai	x3,x29,0x1b	 x29:0x80009f14  x3=0xfffffff0
       25535000	      2552	800009e0	23eb4713	xori	x14,x22,574	 x22:0xfffffde2 x14=0xffffffdc
       25545000	      2553	800009e4	002977b3	and	x15,x18,x2	 x18:0x00000001  x2:0x00000001 x15=0x00000001
       25555000	      2554	800009e8	000a9833	sll	x16,x21,x0	 x21:0x00000000  x0:0x00000000 x16=0x00000000
       25565000	      2555	800009ec	012b1333	sll	x6,x22,x18	 x22:0xfffffde2 x18:0x00000001  x6=0xfffffbc4
       25575000	      2556	800009f0	40b084b3	sub	x9,x1,x11	  x1:0x00000001 x11:0x00000001  x9=0x00000000
       25585000	      2557	800009f4	5444ef97	auipc	x31,0x5444e	 x31=0xd444e9f0
       25595000	      2558	800009f8	00035613	srli	x12,x6,0x0	  x6:0xfffffbc4 x12=0xfffffbc4
       25605000	      2559	800009fc	20add897	auipc	x17,0x20add	 x17=0xa0add9f8
       25615000	      2560	80000a00	01c97a63	bgeu	x18,x28,80000a14	 x18:0x00000001 x28:0x00000000
       25625000	      2561	00000000	00000013	addi	x0,x0,0	  x0:0x00000000
       25635000	      2562	80000a10	00000013	addi	x0,x0,0	  x0:0x00000000
       25645000	      2563	80000a14	17240a93	addi	x21,x8,370	  x8:0x200006ff x21=0x20000871
       25655000	      2564	80000a18	00e68663	beq	x13,x14,80000a24	 x13:0x200006ff x14:0xffffffdc
       25665000	      2565	80000a1c	034e5a63	bge	x28,x20,80000a50	 x28:0x00000000 x20:0x00000000
       25675000	      2566	00000000	00000013	addi	x0,x0,0	  x0:0x00000000
       25685000	      2567	80000a4c	00000013	addi	x0,x0,0	  x0:0x00000000
       25695000	      2568	80000a50	40225bb3	sra	x23,x4,x2	  x4:0xa0000009  x2:0x00000001 x23=0xd0000004
       25705000	      2569	80000a54	01341533	sll	x10,x8,x19	  x8:0x200006ff x19:0x00000000 x10=0x200006ff
       25715000	      2570	80000a58	54792793	slti	x15,x18,1351	 x18:0x00000001 x15=0x00000001
       25725000	      2571	80000a5c	051c8463	beq	x25,x17,80000aa4	 x25:0x00000001 x17:0xa0add9f8
       25735000	      2572	80000a60	b7856713	ori	x14,x10,-1160	 x10:0x200006ff x14=0xffffffff
       25745000	      2573	80000a64	412c88b3	sub	x17,x25,x18	 x25:0x00000001 x18:0x00000001 x17=0x00000000
       25755000	      2574	80000a68	017217b3	sll	x15,x4,x23	  x4:0xa0000009 x23:0xd0000004 x15=0x00000090
       25765000	      2575	80000a6c	00129b33	sll	x22,x5,x1	  x5:0xfffffb79  x1:0x00000001 x22=0xfffff6f2
       25775000	      2576	80000a70	01008833	add	x16,x1,x16	  x1:0x00000001 x16:0x00000000 x16=0x00000001
       25785000	      2577	80000a74	01208ab3	add	x21,x1,x18	  x1:0x00000001 x18:0x00000001 x21=0x00000002
       25795000	      2578	80000a78	41840433	sub	x8,x8,x24	  x8:0x200006ff x24:0x80009fc4  x8=0x9fff673b
       25805000	      2579	80000a7c	40b9ddb3	sra	x27,x19,x11	 x19:0x00000000 x11:0x00000001 x27=0x00000000
       25815000	      2580	80000a80	176d6513	ori	x10,x26,374	 x26:0x704aa000 x10=0x704aa176
       25825000	      2581	80000a84	051ff263	bgeu	x31,x17,80000ac8	 x31:0xd444e9f0 x17:0x00000000
       25835000	      2582	00000000	00000013	addi	x0,x0,0	  x0:0x00000000
       25845000	      2583	80000ac4	00000013	addi	x0,x0,0	  x0:0x00000000
       25855000	      2584	80000ac8	020fc063	blt	x31,x0,80000ae8	 x31:0xd444e9f0  x0:0x00000000
       25865000	      2585	00000000	00000013	addi	x0,x0,0	  x0:0x00000000
       25875000	      2586	80000ae4	00000013	addi	x0,x0,0	  x0:0x00000000
       25885000	      2587	80000ae8	5de3f513	andi	x10,x7,1502	  x7:0x00000001 x10=0x00000000
       25895000	      2588	80000aec	01f02433	slt	x8,x0,x31	  x0:0x00000000 x31:0xd444e9f0  x8=0x00000000
       25905000	      2589	80000af0	04004663	blt	x0,x0,80000b3c	  x0:0x00000000  x0:0x00000000
       25915000	      2590	80000af4	01fc20b3	slt	x1,x24,x31	 x24:0x80009fc4 x31:0xd444e9f0  x1=0x00000001
       25925000	      2591	80000af8	01926733	or	x14,x4,x25	  x4:0xa0000009 x25:0x00000001 x14=0xa0000009
       25935000	      2592	80000afc	0099a533	slt	x10,x19,x9	 x19:0x00000000  x9:0x00000000 x10=0x00000000
       25945000	      2593	80000b00	13678997	auipc	x19,0x13678	 x19=0x93678afc
       25955000	      2594	80000b04	01a2a1b3	slt	x3,x5,x26	  x5:0xfffffb79 x26:0x704aa000  x3=0x00000001
       25965000	      2595	80000b08	02add863	bge	x27,x10,80000b38	 x27:0x00000000 x10:0x00000000
       25975000	      2596	00000000	00000013	addi	x0,x0,0	  x0:0x00000000
       25985000	      2597	80000b34	00000013	addi	x0,x0,0	  x0:0x00000000
       25995000	      2598	80000b38	410dd893	srai	x17,x27,0x10	 x27:0x00000000 x17=0x00000000
       26005000	      2599	80000b3c	05996463	bltu	x18,x25,80000b84	 x18:0x00000001 x25:0x00000001
       26015000	      2600	80000b40	00c868b3	or	x17,x16,x12	 x16:0x00000001 x12:0xfffffbc4 x17=0xfffffbc5
       26025000	      2601	80000b44	ad5d1d37	lui	x26,0xad5d1	 x26=0xad5d1000
       26035000	      2602	80000b48	de38cf93	xori	x31,x17,-541	 x17:0xfffffbc5 x31=0x00000626
       26045000	      2603	80000b4c	00b4fbb3	and	x23,x9,x11	  x9:0x00000000 x11:0x00000001 x23=0x00000000
       26055000	      2604	80000b50	41e6d993	srai	x19,x13,0x1e	 x13:0x200006ff x19=0x00000000
       26065000	      2605	80000b54	023e5a63	bge	x28,x3,80000b88	 x28:0x00000000  x3:0x00000001
       26075000	      2606	80000b58	40538633	sub	x12,x7,x5	  x7:0x00000001  x5:0xfffffb79 x12=0x00000488
       26085000	      2607	80000b5c	e57e6e17	auipc	x28,0xe57e6	 x28=0x657e6b58
       26095000	      2608	80000b60	00000013	addi	x0,x0,0	  x0:0x00000000
       26105000	      2609	80000b64	01819913	slli	x18,x3,0x18	  x3:0x00000001 x18=0x01000000
       26115000	      2610	80000b68	01161993	slli	x19,x12,0x11	 x12:0x00000488 x19=0x09100000
       26125000	      2611	80000b6c	0474d263	bge	x9,x7,80000bb0	  x9:0x00000000  x7:0x00000001
       26135000	      2612	80000b70	408c5793	srai	x15,x24,0x8	 x24:0x80009fc4 x15=0xff80009f
       26145000	      2613	80000b74	da1fa313	slti	x6,x31,-607	 x31:0x00000626  x6=0x00000000
       26155000	      2614	80000b78	0038b033	sltu	x0,x17,x3	 x17:0xfffffbc5  x3:0x00000001
       26165000	      2615	80000b7c	ffc38613	addi	x12,x7,-4	  x7:0x00000001 x12=0xfffffffd
       26175000	      2616	80000b80	00d30a33	add	x20,x6,x13	  x6:0x00000000 x13:0x200006ff x20=0x200006ff
       26185000	      2617	80000b84	00420463	beq	x4,x4,80000b8c	  x4:0xa0000009  x4:0xa0000009
       26195000	      2618	00000000	00000013	addi	x0,x0,0	  x0:0x00000000
       26205000	      2619	80000b88	00000013	addi	x0,x0,0	  x0:0x00000000
       26215000	      2620	80000b8c	00000013	addi	x0,x0,0	  x0:0x00000000
       26225000	      2621	80000b90	00ea1993	slli	x19,x20,0xe	 x20:0x200006ff x19=0x01bfc000
       26235000	      2622	80000b94	0146ec63	bltu	x13,x20,80000bac	 x13:0x200006ff x20:0x200006ff
       26245000	      2623	80000b98	03ad1863	bne	x26,x26,80000bc8	 x26:0xad5d1000 x26:0xad5d1000
       26255000	      2624	80000b9c	00520a63	beq	x4,x5,80000bb0	  x4:0xa0000009  x5:0xfffffb79
       26265000	      2625	80000ba0	002b9263	bne	x23,x2,80000ba4	 x23:0x00000000  x2:0x00000001
       26275000	      2626	00000000	00000013	addi	x0,x0,0	  x0:0x00000000
       26285000	      2627	80000ba0	00000013	addi	x0,x0,0	  x0:0x00000000
       26295000	      2628	80000ba4	01096533	or	x10,x18,x16	 x18:0x01000000 x16:0x00000001 x10=0x01000001
       26305000	      2629	80000ba8	0156a4b3	slt	x9,x13,x21	 x13:0x200006ff x21:0x00000002  x9=0x00000000
       26315000	      2630	80000bac	18ac6893	ori	x17,x24,394	 x24:0x80009fc4 x17=0x80009fce
       26325000	      2631	80000bb0	40dad193	srai	x3,x21,0xd	 x21:0x00000002  x3=0x00000000
       26335000	      2632	80000bb4	00da7463	bgeu	x20,x13,80000bbc	 x20:0x200006ff x13:0x200006ff
       26345000	      2633	00000000	00000013	addi	x0,x0,0	  x0:0x00000000
       26355000	      2634	80000bb8	00000013	addi	x0,x0,0	  x0:0x00000000
       26365000	      2635	80000bbc	00c22db3	slt	x27,x4,x12	  x4:0xa0000009 x12:0xfffffffd x27=0x00000001
       26375000	      2636	80000bc0	40dc8a33	sub	x20,x25,x13	 x25:0x00000001 x13:0x200006ff x20=0xdffff902
       26385000	      2637	80000bc4	000a6233	or	x4,x20,x0	 x20:0xdffff902  x0:0x00000000  x4=0xdffff902
       26395000	      2638	80000bc8	41165933	sra	x18,x12,x17	 x12:0xfffffffd x17:0x80009fce x18=0xffffffff
       26405000	      2639	80000bcc	04b06063	bltu	x0,x11,80000c0c	  x0:0x00000000 x11:0x00000001
       26415000	      2640	00000000	00000013	addi	x0,x0,0	  x0:0x00000000
       26425000	      2641	80000c08	00000013	addi	x0,x0,0	  x0:0x00000000
       26435000	      2642	80000c0c	0082dc63	bge	x5,x8,80000c24	  x5:0xfffffb79  x8:0x00000000
       26445000	      2643	80000c10	419fd593	srai	x11,x31,0x19	 x31:0x00000626 x11=0x00000000
       26455000	      2644	80000c14	00ee9a63	bne	x29,x14,80000c28	 x29:0x80009f14 x14:0xa0000009
       26465000	      2645	00000000	00000013	addi	x0,x0,0	  x0:0x00000000
       26475000	      2646	80000c24	00000013	addi	x0,x0,0	  x0:0x00000000
       26485000	      2647	80000c28	17847593	andi	x11,x8,376	  x8:0x00000000 x11=0x00000000
       26495000	      2648	80000c2c	04e9c463	blt	x19,x14,80000c74	 x19:0x01bfc000 x14:0xa0000009
       26505000	      2649	80000c30	009606b3	add	x13,x12,x9	 x12:0xfffffffd  x9:0x00000000 x13=0xfffffffd
       26515000	      2650	80000c34	450f7513	andi	x10,x30,1104	 x30:0x00000009 x10=0x00000000
       26525000	      2651	80000c38	014254b3	srl	x9,x4,x20	  x4:0xdffff902 x20:0xdffff902  x9=0x37fffe40
       26535000	      2652	80000c3c	01822933	slt	x18,x4,x24	  x4:0xdffff902 x24:0x80009fc4 x18=0x00000000
       26545000	      2653	80000c40	73698813	addi	x16,x19,1846	 x19:0x01bfc000 x16=0x01bfc736
       26555000	      2654	80000c44	9e4ae513	ori	x10,x21,-1564	 x21:0x00000002 x10=0xfffff9e6
       26565000	      2655	80000c48	002b8a33	add	x20,x23,x2	 x23:0x00000000  x2:0x00000001 x20=0x00000001
       26575000	      2656	80000c4c	01aa7333	and	x6,x20,x26	 x20:0x00000001 x26:0xad5d1000  x6=0x00000000
       26585000	      2657	80000c50	4058dd93	srai	x27,x17,0x5	 x17:0x80009fce x27=0xfc0004fe
       26595000	      2658	80000c54	00113e33	sltu	x28,x2,x1	  x2:0x00000001  x1:0x00000001 x28=0x00000000
       26605000	      2659	80000c58	00c18933	add	x18,x3,x12	  x3:0x00000000 x12:0xfffffffd x18=0xfffffffd
       26615000	      2660	80000c5c	01e4d013	srli	x0,x9,0x1e	  x9:0x37fffe40
       26625000	      2661	80000c60	0064d9b3	srl	x19,x9,x6	  x9:0x37fffe40  x6:0x00000000 x19=0x37fffe40
       26635000	      2662	80000c64	0b0af0b7	lui	x1,0xb0af	  x1=0x0b0af000
       26645000	      2663	80000c68	410459b3	sra	x19,x8,x16	  x8:0x00000000 x16:0x01bfc736 x19=0x00000000
       26655000	      2664	80000c6c	df984d13	xori	x26,x16,-519	 x16:0x01bfc736 x26=0xfe403acf
       26665000	      2665	80000c70	b2e33597	auipc	x11,0xb2e33	 x11=0x32e33c6c
       26675000	      2666	80000c74	00bc0e63	beq	x24,x11,80000c90	 x24:0x80009fc4 x11:0x32e33c6c
       26685000	      2667	80000c78	017517b3	sll	x15,x10,x23	 x10:0xfffff9e6 x23:0x00000000 x15=0xfffff9e6
       26695000	      2668	80000c7c	00539c93	slli	x25,x7,0x5	  x7:0x00000001 x25=0x00000020
       26705000	      2669	80000c80	00efa833	slt	x16,x31,x14	 x31:0x00000626 x14:0xa0000009 x16=0x00000000
       26715000	      2670	80000c84	9fbf6893	ori	x17,x30,-1541	 x30:0x00000009 x17=0xfffff9fb
       26725000	      2671	80000c88	011bafb3	slt	x31,x23,x17	 x23:0x00000000 x17:0xfffff9fb x31=0x00000000
       26735000	      2672	80000c8c	00000013	addi	x0,x0,0	  x0:0x00000000
       26745000	      2673	80000c90	058e5263	bge	x28,x24,80000cd4	 x28:0x00000000 x24:0x80009fc4
       26755000	      2674	00000000	00000013	addi	x0,x0,0	  x0:0x00000000
       26765000	      2675	80000cd0	00000013	addi	x0,x0,0	  x0:0x00000000
       26775000	      2676	80000cd4	00ecd793	srli	x15,x25,0xe	 x25:0x00000020 x15=0x00000000
       26785000	      2677	80000cd8	6ec77613	andi	x12,x14,1772	 x14:0xa0000009 x12=0x00000008
       26795000	      2678	80000cdc	1079b013	sltiu	x0,x19,263	 x19:0x00000000
       26805000	      2679	80000ce0	05426863	bltu	x4,x20,80000d30	  x4:0xdffff902 x20:0x00000001
       26815000	      2680	80000ce4	00000013	addi	x0,x0,0	  x0:0x00000000
       26825000	      2681	80000ce8	04bc7463	bgeu	x24,x11,80000d30	 x24:0x80009fc4 x11:0x32e33c6c
       26835000	      2682	00000000	00000013	addi	x0,x0,0	  x0:0x00000000
       26845000	      2683	80000d2c	00000013	addi	x0,x0,0	  x0:0x00000000
       26855000	      2684	80000d30	008b63b3	or	x7,x22,x8	 x22:0xfffff6f2  x8:0x00000000  x7=0xfffff6f2
       26865000	      2685	80000d34	015f8db3	add	x27,x31,x21	 x31:0x00000000 x21:0x00000002 x27=0x00000002
       26875000	      2686	80000d38	41065a33	sra	x20,x12,x16	 x12:0x00000008 x16:0x00000000 x20=0x00000008
       26885000	      2687	80000d3c	70ff6e37	lui	x28,0x70ff6	 x28=0x70ff6000
       26895000	      2688	80000d40	015501b3	add	x3,x10,x21	 x10:0xfffff9e6 x21:0x00000002  x3=0xfffff9e8
       26905000	      2689	80000d44	00e75b33	srl	x22,x14,x14	 x14:0xa0000009 x14:0xa0000009 x22=0x00500000
       26915000	      2690	80000d48	014ac0b3	xor	x1,x21,x20	 x21:0x00000002 x20:0x00000008  x1=0x0000000a
       26925000	      2691	80000d4c	019081b3	add	x3,x1,x25	  x1:0x0000000a x25:0x00000020  x3=0x0000002a
       26935000	      2692	80000d50	7d7fea13	ori	x20,x31,2007	 x31:0x00000000 x20=0x000007d7
       26945000	      2693	80000d54	40215493	srai	x9,x2,0x2	  x2:0x00000001  x9=0x00000000
       26955000	      2694	80000d58	71360213	addi	x4,x12,1811	 x12:0x00000008  x4=0x0000071b
       26965000	      2695	80000d5c	415754b3	sra	x9,x14,x21	 x14:0xa0000009 x21:0x00000002  x9=0xe8000002
       26975000	      2696	80000d60	8be8f013	andi	x0,x17,-1858	 x17:0xfffff9fb
       26985000	      2697	80000d64	018c9cb3	sll	x25,x25,x24	 x25:0x00000020 x24:0x80009fc4 x25=0x00000200
       26995000	      2698	80000d68	01a99263	bne	x19,x26,80000d6c	 x19:0x00000000 x26:0xfe403acf
       27005000	      2699	00000000	00000013	addi	x0,x0,0	  x0:0x00000000
       27015000	      2700	80000d68	00000013	addi	x0,x0,0	  x0:0x00000000
       27025000	      2701	80000d6c	00af4933	xor	x18,x30,x10	 x30:0x00000009 x10:0xfffff9e6 x18=0xfffff9ef
       27035000	      2702	80000d70	00e46663	bltu	x8,x14,80000d7c	  x8:0x00000000 x14:0xa0000009
       27045000	      2703	00000000	00000013	addi	x0,x0,0	  x0:0x00000000
       27055000	      2704	80000d78	00000013	addi	x0,x0,0	  x0:0x00000000
       27065000	      2705	80000d7c	05c49263	bne	x9,x28,80000dc0	  x9:0xe8000002 x28:0x70ff6000
       27075000	      2706	00000000	00000013	addi	x0,x0,0	  x0:0x00000000
       27085000	      2707	80000dbc	00000013	addi	x0,x0,0	  x0:0x00000000
       27095000	      2708	80000dc0	014b0333	add	x6,x22,x20	 x22:0x00500000 x20:0x000007d7  x6=0x005007d7
       27105000	      2709	80000dc4	43c54693	xori	x13,x10,1084	 x10:0xfffff9e6 x13=0xfffffdda
       27115000	      2710	80000dc8	001fadb3	slt	x27,x31,x1	 x31:0x00000000  x1:0x0000000a x27=0x00000001
       27125000	      2711	80000dcc	40015093	srai	x1,x2,0x0	  x2:0x00000001  x1=0x00000001
       27135000	      2712	80000dd0	a3a55db7	lui	x27,0xa3a55	 x27=0xa3a55000
       27145000	      2713	80000dd4	00134663	blt	x6,x1,80000de0	  x6:0x005007d7  x1:0x00000001
       27155000	      2714	80000dd8	5b5209b7	lui	x19,0x5b520	 x19=0x5b520000
       27165000	      2715	80000ddc	012e46b3	xor	x13,x28,x18	 x28:0x70ff6000 x18:0xfffff9ef x13=0x8f0099ef
       27175000	      2716	80000de0	01975813	srli	x16,x14,0x19	 x14:0xa0000009 x16=0x00000050
       27185000	      2717	80000de4	611c7d93	andi	x27,x24,1553	 x24:0x80009fc4 x27=0x00000600
       27195000	      2718	80000de8	0039ee63	bltu	x19,x3,80000e04	 x19:0x5b520000  x3:0x0000002a
       27205000	      2719	80000dec	04604663	blt	x0,x6,80000e38	  x0:0x00000000  x6:0x005007d7
       27215000	      2720	00000000	00000013	addi	x0,x0,0	  x0:0x00000000
       27225000	      2721	80000e34	00000013	addi	x0,x0,0	  x0:0x00000000
       27235000	      2722	80000e38	01d16663	bltu	x2,x29,80000e44	  x2:0x00000001 x29:0x80009f14
       27245000	      2723	00000000	00000013	addi	x0,x0,0	  x0:0x00000000
       27255000	      2724	80000e40	00000013	addi	x0,x0,0	  x0:0x00000000
       27265000	      2725	80000e44	0017dbb3	srl	x23,x15,x1	 x15:0x00000000  x1:0x00000001 x23=0x00000000
       27275000	      2726	80000e48	842cab13	slti	x22,x25,-1982	 x25:0x00000200 x22=0x00000000
       27285000	      2727	80000e4c	004ea083	lw	x1,4(x29)	 x29:0x80009f14  x1=0x80000f68 PA:0x80009f18
       27295000	      2728	80000e50	00855e13	srli	x28,x10,0x8	 x10:0xfffff9e6 x28=0x00fffff9
       27305000	      2729	80000e54	d1aa3713	sltiu	x14,x20,-742	 x20:0x000007d7 x14=0x00000001
       27315000	      2730	80000e58	03ce8e93	addi	x29,x29,60	 x29:0x80009f14 x29=0x80009f50
       27325000	      2731	80000e5c	00000013	addi	x0,x0,0	  x0:0x00000000
       27335000	      2732	80000e60	00008593	addi	x11,x1,0	  x1:0x80000f68 x11=0x80000f68
       27345000	      2733	80000e64	000585e7	jalr	x11,x11,0	 x11:0x80000f68 x11=0x80000e64
       27355000	      2734	00000000	00000013	addi	x0,x0,0	  x0:0x00000000
       27365000	      2735	80000f68	00000013	addi	x0,x0,0	  x0:0x00000000
       27375000	      2736	80000f6c	d952e113	ori	x2,x5,-619	  x5:0xfffffb79  x2=0xfffffffd
       27385000	      2737	80000f70	6598b113	sltiu	x2,x17,1625	 x17:0xfffff9fb  x2=0x00000000
       27395000	      2738	80000f74	00000f97	auipc	x31,0x0	 x31=0x80000f70
       27405000	      2739	80000f78	ef4f8f93	addi	x31,x31,-268	 x31:0x80000f70 x31=0x80000e64
       27415000	      2740	80000f7c	00573333	sltu	x6,x14,x5	 x14:0x00000001  x5:0xfffffb79  x6=0x00000001
       27425000	      2741	80000f80	0d0b3993	sltiu	x19,x22,208	 x22:0x00000000 x19=0x00000001
       27435000	      2742	80000f84	0e2f8f93	addi	x31,x31,226	 x31:0x80000e64 x31=0x80000f46
       27445000	      2743	80000f88	01a0a233	slt	x4,x1,x26	  x1:0x80000f68 x26:0xfe403acf  x4=0x00000001
       27455000	      2744	80000f8c	302d0b93	addi	x23,x26,770	 x26:0xfe403acf x23=0xfe403dd1
       27465000	      2745	80000f90	89189917	auipc	x18,0x89189	 x18=0x09189f8c
       27475000	      2746	80000f94	f1ff80e7	jalr	x1,x31,-225	 x31:0x80000f46  x1=0x80000f94
       27485000	      2747	00000000	00000013	addi	x0,x0,0	  x0:0x00000000
       27495000	      2748	80000e64	00000013	addi	x0,x0,0	  x0:0x00000000
       27505000	      2749	80000e68	2b70c593	xori	x11,x1,695	  x1:0x80000f94 x11=0x80000d23
       27515000	      2750	80000e6c	00af2933	slt	x18,x30,x10	 x30:0x00000009 x10:0xfffff9e6 x18=0x00000000
       27525000	      2751	80000e70	00a75213	srli	x4,x14,0xa	 x14:0x00000001  x4=0x00000000
       27535000	      2752	80000e74	01ab8fb3	add	x31,x23,x26	 x23:0xfe403dd1 x26:0xfe403acf x31=0xfc8078a0
       27545000	      2753	80000e78	fece8e93	addi	x29,x29,-20	 x29:0x80009f50 x29=0x80009f3c
       27555000	      2754	80000e7c	001ea223	sw	x1,4(x29)	 x29:0x80009f3c  x1:0x80000f94 PA:0x80009f40
       27565000	      2755	80000e80	00000013	addi	x0,x0,0	  x0:0x00000000
       27575000	      2756	80000e84	003d2ab3	slt	x21,x26,x3	 x26:0xfe403acf  x3:0x0000002a x21=0x00000001
       27585000	      2757	80000e88	621ea613	slti	x12,x29,1569	 x29:0x80009f3c x12=0x00000001
       27595000	      2758	80000e8c	0461d663	bge	x3,x6,80000ed8	  x3:0x0000002a  x6:0x00000001
       27605000	      2759	00000000	00000013	addi	x0,x0,0	  x0:0x00000000
       27615000	      2760	80000ed4	00000013	addi	x0,x0,0	  x0:0x00000000
       27625000	      2761	80000ed8	01424ab3	xor	x21,x4,x20	  x4:0x00000000 x20:0x000007d7 x21=0x000007d7
       27635000	      2762	80000edc	c7f52f93	slti	x31,x10,-897	 x10:0xfffff9e6 x31=0x00000001
       27645000	      2763	80000ee0	00298e63	beq	x19,x2,80000efc	 x19:0x00000001  x2:0x00000000
       27655000	      2764	80000ee4	00ee7c63	bgeu	x28,x14,80000efc	 x28:0x00fffff9 x14:0x00000001
       27665000	      2765	00000000	00000013	addi	x0,x0,0	  x0:0x00000000
       27675000	      2766	80000ef8	00000013	addi	x0,x0,0	  x0:0x00000000
       27685000	      2767	80000efc	18af4d93	xori	x27,x30,394	 x30:0x00000009 x27=0x00000183
       27695000	      2768	80000f00	d72a0813	addi	x16,x20,-654	 x20:0x000007d7 x16=0x00000549
       27705000	      2769	80000f04	01537b33	and	x22,x6,x21	  x6:0x00000001 x21:0x000007d7 x22=0x00000001
       27715000	      2770	80000f08	004ea083	lw	x1,4(x29)	 x29:0x80009f3c  x1=0x80000f94 PA:0x80009f40
       27725000	      2771	80000f0c	2dfa6413	ori	x8,x20,735	 x20:0x000007d7  x8=0x000007df
       27735000	      2772	80000f10	014e8e93	addi	x29,x29,20	 x29:0x80009f3c x29=0x80009f50
       27745000	      2773	80000f14	0149b9b3	sltu	x19,x19,x20	 x19:0x00000001 x20:0x000007d7 x19=0x00000001
       27755000	      2774	80000f18	009f6db3	or	x27,x30,x9	 x30:0x00000009  x9:0xe8000002 x27=0xe800000b
       27765000	      2775	80000f1c	000f1a33	sll	x20,x30,x0	 x30:0x00000009  x0:0x00000000 x20=0x00000009
       27775000	      2776	80000f20	678ffd93	andi	x27,x31,1656	 x31:0x00000001 x27=0x00000000
       27785000	      2777	80000f24	00008313	addi	x6,x1,0	  x1:0x80000f94  x6=0x80000f94
       27795000	      2778	80000f28	00030367	jalr	x6,x6,0	  x6:0x80000f94  x6=0x80000f28
       27805000	      2779	00000000	00000013	addi	x0,x0,0	  x0:0x00000000
       27815000	      2780	80000f94	00000013	addi	x0,x0,0	  x0:0x00000000
       27825000	      2781	80000f98	ff900593	addi	x11,x0,-7	  x0:0x00000000 x11=0xfffffff9
       27835000	      2782	80000f9c	ff300b93	addi	x23,x0,-13	  x0:0x00000000 x23=0xfffffff3
       27845000	      2783	80000fa0	00236a33	or	x20,x6,x2	  x6:0x80000f28  x2:0x00000000 x20=0x80000f28
       27855000	      2784	80000fa4	40970d33	sub	x26,x14,x9	 x14:0x00000001  x9:0xe8000002 x26=0x17ffffff
       27865000	      2785	80000fa8	01d4a433	slt	x8,x9,x29	  x9:0xe8000002 x29:0x80009f50  x8=0x00000000
       27875000	      2786	80000fac	ffe58593	addi	x11,x11,-2	 x11:0xfffffff9 x11=0xfffffff7
       27885000	      2787	80000fb0	00900393	addi	x7,x0,9	  x0:0x00000000  x7=0x00000009
       27895000	      2788	80000fb4	00700a93	addi	x21,x0,7	  x0:0x00000000 x21=0x00000007
       27905000	      2789	80000fb8	ff360513	addi	x10,x12,-13	 x12:0x00000001 x10=0xfffffff4
       27915000	      2790	80000fbc	df172b13	slti	x22,x14,-527	 x14:0x00000001 x22=0x00000000
       27925000	      2791	80000fc0	ffb38393	addi	x7,x7,-5	  x7:0x00000009  x7=0x00000004
       27935000	      2792	80000fc4	ff53fae3	bgeu	x7,x21,80000fb8	  x7:0x00000004 x21:0x00000007
       27945000	      2793	80000fc8	fd759ce3	bne	x11,x23,80000fa0	 x11:0xfffffff7 x23:0xfffffff3
       27955000	      2794	00000000	00000013	addi	x0,x0,0	  x0:0x00000000
       27965000	      2795	80000f9c	00000013	addi	x0,x0,0	  x0:0x00000000
       27975000	      2796	80000fa0	00236a33	or	x20,x6,x2	  x6:0x80000f28  x2:0x00000000 x20=0x80000f28
       27985000	      2797	80000fa4	40970d33	sub	x26,x14,x9	 x14:0x00000001  x9:0xe8000002 x26=0x17ffffff
       27995000	      2798	80000fa8	01d4a433	slt	x8,x9,x29	  x9:0xe8000002 x29:0x80009f50  x8=0x00000000
       28005000	      2799	80000fac	ffe58593	addi	x11,x11,-2	 x11:0xfffffff7 x11=0xfffffff5
       28015000	      2800	80000fb0	00900393	addi	x7,x0,9	  x0:0x00000000  x7=0x00000009
       28025000	      2801	80000fb4	00700a93	addi	x21,x0,7	  x0:0x00000000 x21=0x00000007
       28035000	      2802	80000fb8	ff360513	addi	x10,x12,-13	 x12:0x00000001 x10=0xfffffff4
       28045000	      2803	80000fbc	df172b13	slti	x22,x14,-527	 x14:0x00000001 x22=0x00000000
       28055000	      2804	80000fc0	ffb38393	addi	x7,x7,-5	  x7:0x00000009  x7=0x00000004
       28065000	      2805	80000fc4	ff53fae3	bgeu	x7,x21,80000fb8	  x7:0x00000004 x21:0x00000007
       28075000	      2806	80000fc8	fd759ce3	bne	x11,x23,80000fa0	 x11:0xfffffff5 x23:0xfffffff3
       28085000	      2807	00000000	00000013	addi	x0,x0,0	  x0:0x00000000
       28095000	      2808	80000f9c	00000013	addi	x0,x0,0	  x0:0x00000000
       28105000	      2809	80000fa0	00236a33	or	x20,x6,x2	  x6:0x80000f28  x2:0x00000000 x20=0x80000f28
       28115000	      2810	80000fa4	40970d33	sub	x26,x14,x9	 x14:0x00000001  x9:0xe8000002 x26=0x17ffffff
       28125000	      2811	80000fa8	01d4a433	slt	x8,x9,x29	  x9:0xe8000002 x29:0x80009f50  x8=0x00000000
       28135000	      2812	80000fac	ffe58593	addi	x11,x11,-2	 x11:0xfffffff5 x11=0xfffffff3
       28145000	      2813	80000fb0	00900393	addi	x7,x0,9	  x0:0x00000000  x7=0x00000009
       28155000	      2814	80000fb4	00700a93	addi	x21,x0,7	  x0:0x00000000 x21=0x00000007
       28165000	      2815	80000fb8	ff360513	addi	x10,x12,-13	 x12:0x00000001 x10=0xfffffff4
       28175000	      2816	80000fbc	df172b13	slti	x22,x14,-527	 x14:0x00000001 x22=0x00000000
       28185000	      2817	80000fc0	ffb38393	addi	x7,x7,-5	  x7:0x00000009  x7=0x00000004
       28195000	      2818	80000fc4	ff53fae3	bgeu	x7,x21,80000fb8	  x7:0x00000004 x21:0x00000007
       28205000	      2819	80000fc8	fd759ce3	bne	x11,x23,80000fa0	 x11:0xfffffff3 x23:0xfffffff3
       28215000	      2820	80000fcc	013b2b33	slt	x22,x22,x19	 x22:0x00000000 x19:0x00000001 x22=0x00000001
       28225000	      2821	80000fd0	00600a93	addi	x21,x0,6	  x0:0x00000000 x21=0x00000006
       28235000	      2822	80000fd4	00400813	addi	x16,x0,4	  x0:0x00000000 x16=0x00000004
       28245000	      2823	80000fd8	01d4d613	srli	x12,x9,0x1d	  x9:0xe8000002 x12=0x00000007
       28255000	      2824	80000fdc	00000013	addi	x0,x0,0	  x0:0x00000000
       28265000	      2825	80000fe0	ffea8a93	addi	x21,x21,-2	 x21:0x00000006 x21=0x00000004
       28275000	      2826	80000fe4	00d7fa33	and	x20,x15,x13	 x15:0x00000000 x13:0x8f0099ef x20=0x00000000
       28285000	      2827	80000fe8	00300213	addi	x4,x0,3	  x0:0x00000000  x4=0x00000003
       28295000	      2828	80000fec	00300113	addi	x2,x0,3	  x0:0x00000000  x2=0x00000003
       28305000	      2829	80000ff0	5ac77013	andi	x0,x14,1452	 x14:0x00000001
       28315000	      2830	80000ff4	ffe20213	addi	x4,x4,-2	  x4:0x00000003  x4=0x00000001
       28325000	      2831	80000ff8	01e7d5b3	srl	x11,x15,x30	 x15:0x00000000 x30:0x00000009 x11=0x00000000
       28335000	      2832	80000ffc	fe227ae3	bgeu	x4,x2,80000ff0	  x4:0x00000001  x2:0x00000003
       28345000	      2833	80001000	416b54b3	sra	x9,x22,x22	 x22:0x00000001 x22:0x00000001  x9=0x00000000
       28355000	      2834	80001004	fd0afce3	bgeu	x21,x16,80000fdc	 x21:0x00000004 x16:0x00000004
       28365000	      2835	00000000	00000013	addi	x0,x0,0	  x0:0x00000000
       28375000	      2836	80000fd8	00000013	addi	x0,x0,0	  x0:0x00000000
       28385000	      2837	80000fdc	00000013	addi	x0,x0,0	  x0:0x00000000
       28395000	      2838	80000fe0	ffea8a93	addi	x21,x21,-2	 x21:0x00000004 x21=0x00000002
       28405000	      2839	80000fe4	00d7fa33	and	x20,x15,x13	 x15:0x00000000 x13:0x8f0099ef x20=0x00000000
       28415000	      2840	80000fe8	00300213	addi	x4,x0,3	  x0:0x00000000  x4=0x00000003
       28425000	      2841	80000fec	00300113	addi	x2,x0,3	  x0:0x00000000  x2=0x00000003
       28435000	      2842	80000ff0	5ac77013	andi	x0,x14,1452	 x14:0x00000001
       28445000	      2843	80000ff4	ffe20213	addi	x4,x4,-2	  x4:0x00000003  x4=0x00000001
       28455000	      2844	80000ff8	01e7d5b3	srl	x11,x15,x30	 x15:0x00000000 x30:0x00000009 x11=0x00000000
       28465000	      2845	80000ffc	fe227ae3	bgeu	x4,x2,80000ff0	  x4:0x00000001  x2:0x00000003
       28475000	      2846	80001000	416b54b3	sra	x9,x22,x22	 x22:0x00000001 x22:0x00000001  x9=0x00000000
       28485000	      2847	80001004	fd0afce3	bgeu	x21,x16,80000fdc	 x21:0x00000002 x16:0x00000004
       28495000	      2848	80001008	46feb593	sltiu	x11,x29,1135	 x29:0x80009f50 x11=0x00000000
       28505000	      2849	8000100c	00600e13	addi	x28,x0,6	  x0:0x00000000 x28=0x00000006
       28515000	      2850	80001010	d9534193	xori	x3,x6,-619	  x6:0x80000f28  x3=0x7ffff2bd
       28525000	      2851	80001014	00400713	addi	x14,x0,4	  x0:0x00000000 x14=0x00000004
       28535000	      2852	80001018	958c4113	xori	x2,x24,-1704	 x24:0x80009fc4  x2=0x7fff669c
       28545000	      2853	8000101c	019e9193	slli	x3,x29,0x19	 x29:0x80009f50  x3=0xa0000000
       28555000	      2854	80001020	010d4333	xor	x6,x26,x16	 x26:0x17ffffff x16:0x00000004  x6=0x17fffffb
       28565000	      2855	80001024	ffee0e13	addi	x28,x28,-2	 x28:0x00000006 x28=0x00000004
       28575000	      2856	80001028	50330d93	addi	x27,x6,1283	  x6:0x17fffffb x27=0x180004fe
       28585000	      2857	8000102c	00bc4533	xor	x10,x24,x11	 x24:0x80009fc4 x11:0x00000000 x10=0x80009fc4
       28595000	      2858	80001030	278a2d93	slti	x27,x20,632	 x20:0x00000000 x27=0x00000001
       28605000	      2859	80001034	1b9b2b93	slti	x23,x22,441	 x22:0x00000001 x23=0x00000001
       28615000	      2860	80001038	00000013	addi	x0,x0,0	  x0:0x00000000
       28625000	      2861	8000103c	0184c033	xor	x0,x9,x24	  x9:0x00000000 x24:0x80009fc4
       28635000	      2862	80001040	b8592613	slti	x12,x18,-1147	 x18:0x00000000 x12=0x00000000
       28645000	      2863	80001044	019d3133	sltu	x2,x26,x25	 x26:0x17ffffff x25:0x00000200  x2=0x00000000
       28655000	      2864	80001048	fcee7ce3	bgeu	x28,x14,80001020	 x28:0x00000004 x14:0x00000004
       28665000	      2865	00000000	00000013	addi	x0,x0,0	  x0:0x00000000
       28675000	      2866	8000101c	00000013	addi	x0,x0,0	  x0:0x00000000
       28685000	      2867	80001020	010d4333	xor	x6,x26,x16	 x26:0x17ffffff x16:0x00000004  x6=0x17fffffb
       28695000	      2868	80001024	ffee0e13	addi	x28,x28,-2	 x28:0x00000004 x28=0x00000002
       28705000	      2869	80001028	50330d93	addi	x27,x6,1283	  x6:0x17fffffb x27=0x180004fe
       28715000	      2870	8000102c	00bc4533	xor	x10,x24,x11	 x24:0x80009fc4 x11:0x00000000 x10=0x80009fc4
       28725000	      2871	80001030	278a2d93	slti	x27,x20,632	 x20:0x00000000 x27=0x00000001
       28735000	      2872	80001034	1b9b2b93	slti	x23,x22,441	 x22:0x00000001 x23=0x00000001
       28745000	      2873	80001038	00000013	addi	x0,x0,0	  x0:0x00000000
       28755000	      2874	8000103c	0184c033	xor	x0,x9,x24	  x9:0x00000000 x24:0x80009fc4
       28765000	      2875	80001040	b8592613	slti	x12,x18,-1147	 x18:0x00000000 x12=0x00000000
       28775000	      2876	80001044	019d3133	sltu	x2,x26,x25	 x26:0x17ffffff x25:0x00000200  x2=0x00000000
       28785000	      2877	80001048	fcee7ce3	bgeu	x28,x14,80001020	 x28:0x00000002 x14:0x00000004
       28795000	      2878	8000104c	01cfc433	xor	x8,x31,x28	 x31:0x00000001 x28:0x00000002  x8=0x00000003
       28805000	      2879	80001050	ff900393	addi	x7,x0,-7	  x0:0x00000000  x7=0xfffffff9
       28815000	      2880	80001054	fed00c93	addi	x25,x0,-19	  x0:0x00000000 x25=0xffffffed
       28825000	      2881	80001058	fc093813	sltiu	x16,x18,-64	 x18:0x00000000 x16=0x00000001
       28835000	      2882	8000105c	4bd87f93	andi	x31,x16,1213	 x16:0x00000001 x31=0x00000001
       28845000	      2883	80001060	ffc38393	addi	x7,x7,-4	  x7:0xfffffff9  x7=0xfffffff5
       28855000	      2884	80001064	00000a93	addi	x21,x0,0	  x0:0x00000000 x21=0x00000000
       28865000	      2885	80001068	40b85b93	srai	x23,x16,0xb	 x16:0x00000001 x23=0x00000000
       28875000	      2886	8000106c	ffc00113	addi	x2,x0,-4	  x0:0x00000000  x2=0xfffffffc
       28885000	      2887	80001070	206ef013	andi	x0,x29,518	 x29:0x80009f50
       28895000	      2888	80001074	46dba613	slti	x12,x23,1133	 x23:0x00000000 x12=0x00000001
       28905000	      2889	80001078	01200d33	add	x26,x0,x18	  x0:0x00000000 x18:0x00000000 x26=0x00000000
       28915000	      2890	8000107c	41d45733	sra	x14,x8,x29	  x8:0x00000003 x29:0x80009f50 x14=0x00000000
       28925000	      2891	80001080	73fe8413	addi	x8,x29,1855	 x29:0x80009f50  x8=0x8000a68f
       28935000	      2892	80001084	ffaa8a93	addi	x21,x21,-6	 x21:0x00000000 x21=0xfffffffa
       28945000	      2893	80001088	01ded513	srli	x10,x29,0x1d	 x29:0x80009f50 x10=0x00000004
       28955000	      2894	8000108c	fe2ad4e3	bge	x21,x2,80001074	 x21:0xfffffffa  x2:0xfffffffc
       28965000	      2895	80001090	eb442093	slti	x1,x8,-332	  x8:0x8000a68f  x1=0x00000001
       28975000	      2896	80001094	fd9394e3	bne	x7,x25,8000105c	  x7:0xfffffff5 x25:0xffffffed
       28985000	      2897	00000000	00000013	addi	x0,x0,0	  x0:0x00000000
       28995000	      2898	80001058	00000013	addi	x0,x0,0	  x0:0x00000000
       29005000	      2899	8000105c	4bd87f93	andi	x31,x16,1213	 x16:0x00000001 x31=0x00000001
       29015000	      2900	80001060	ffc38393	addi	x7,x7,-4	  x7:0xfffffff5  x7=0xfffffff1
       29025000	      2901	80001064	00000a93	addi	x21,x0,0	  x0:0x00000000 x21=0x00000000
       29035000	      2902	80001068	40b85b93	srai	x23,x16,0xb	 x16:0x00000001 x23=0x00000000
       29045000	      2903	8000106c	ffc00113	addi	x2,x0,-4	  x0:0x00000000  x2=0xfffffffc
       29055000	      2904	80001070	206ef013	andi	x0,x29,518	 x29:0x80009f50
       29065000	      2905	80001074	46dba613	slti	x12,x23,1133	 x23:0x00000000 x12=0x00000001
       29075000	      2906	80001078	01200d33	add	x26,x0,x18	  x0:0x00000000 x18:0x00000000 x26=0x00000000
       29085000	      2907	8000107c	41d45733	sra	x14,x8,x29	  x8:0x8000a68f x29:0x80009f50 x14=0xffff8000
       29095000	      2908	80001080	73fe8413	addi	x8,x29,1855	 x29:0x80009f50  x8=0x8000a68f
       29105000	      2909	80001084	ffaa8a93	addi	x21,x21,-6	 x21:0x00000000 x21=0xfffffffa
       29115000	      2910	80001088	01ded513	srli	x10,x29,0x1d	 x29:0x80009f50 x10=0x00000004
       29125000	      2911	8000108c	fe2ad4e3	bge	x21,x2,80001074	 x21:0xfffffffa  x2:0xfffffffc
       29135000	      2912	80001090	eb442093	slti	x1,x8,-332	  x8:0x8000a68f  x1=0x00000001
       29145000	      2913	80001094	fd9394e3	bne	x7,x25,8000105c	  x7:0xfffffff1 x25:0xffffffed
       29155000	      2914	00000000	00000013	addi	x0,x0,0	  x0:0x00000000
       29165000	      2915	80001058	00000013	addi	x0,x0,0	  x0:0x00000000
       29175000	      2916	8000105c	4bd87f93	andi	x31,x16,1213	 x16:0x00000001 x31=0x00000001
       29185000	      2917	80001060	ffc38393	addi	x7,x7,-4	  x7:0xfffffff1  x7=0xffffffed
       29195000	      2918	80001064	00000a93	addi	x21,x0,0	  x0:0x00000000 x21=0x00000000
       29205000	      2919	80001068	40b85b93	srai	x23,x16,0xb	 x16:0x00000001 x23=0x00000000
       29215000	      2920	8000106c	ffc00113	addi	x2,x0,-4	  x0:0x00000000  x2=0xfffffffc
       29225000	      2921	80001070	206ef013	andi	x0,x29,518	 x29:0x80009f50
       29235000	      2922	80001074	46dba613	slti	x12,x23,1133	 x23:0x00000000 x12=0x00000001
       29245000	      2923	80001078	01200d33	add	x26,x0,x18	  x0:0x00000000 x18:0x00000000 x26=0x00000000
       29255000	      2924	8000107c	41d45733	sra	x14,x8,x29	  x8:0x8000a68f x29:0x80009f50 x14=0xffff8000
       29265000	      2925	80001080	73fe8413	addi	x8,x29,1855	 x29:0x80009f50  x8=0x8000a68f
       29275000	      2926	80001084	ffaa8a93	addi	x21,x21,-6	 x21:0x00000000 x21=0xfffffffa
       29285000	      2927	80001088	01ded513	srli	x10,x29,0x1d	 x29:0x80009f50 x10=0x00000004
       29295000	      2928	8000108c	fe2ad4e3	bge	x21,x2,80001074	 x21:0xfffffffa  x2:0xfffffffc
       29305000	      2929	80001090	eb442093	slti	x1,x8,-332	  x8:0x8000a68f  x1=0x00000001
       29315000	      2930	80001094	fd9394e3	bne	x7,x25,8000105c	  x7:0xffffffed x25:0xffffffed
       29325000	      2931	80001098	00000013	addi	x0,x0,0	  x0:0x00000000
       29335000	      2932	8000109c	ff800813	addi	x16,x0,-8	  x0:0x00000000 x16=0xfffffff8
       29345000	      2933	800010a0	be5f7713	andi	x14,x30,-1051	 x30:0x00000009 x14=0x00000001
       29355000	      2934	800010a4	00000d93	addi	x27,x0,0	  x0:0x00000000 x27=0x00000000
       29365000	      2935	800010a8	fdb30793	addi	x15,x6,-37	  x6:0x17fffffb x15=0x17ffffd6
       29375000	      2936	800010ac	aed0aa93	slti	x21,x1,-1299	  x1:0x00000001 x21=0x00000000
       29385000	      2937	800010b0	cd4cd437	lui	x8,0xcd4cd	  x8=0xcd4cd000
       29395000	      2938	800010b4	667c5b97	auipc	x23,0x667c5	 x23=0xe67c60b0
       29405000	      2939	800010b8	01c3a5b3	slt	x11,x7,x28	  x7:0xffffffed x28:0x00000002 x11=0x00000001
       29415000	      2940	800010bc	01156333	or	x6,x10,x17	 x10:0x00000004 x17:0xfffff9fb  x6=0xfffff9ff
       29425000	      2941	800010c0	006940b3	xor	x1,x18,x6	 x18:0x00000000  x6:0xfffff9ff  x1=0xfffff9ff
       29435000	      2942	800010c4	5b1e3b37	lui	x22,0x5b1e3	 x22=0x5b1e3000
       29445000	      2943	800010c8	4072d233	sra	x4,x5,x7	  x5:0xfffffb79  x7:0xffffffed  x4=0xffffffff
       29455000	      2944	800010cc	411b8a33	sub	x20,x23,x17	 x23:0xe67c60b0 x17:0xfffff9fb x20=0xe67c66b5
       29465000	      2945	800010d0	00780813	addi	x16,x16,7	 x16:0xfffffff8 x16=0xffffffff
       29475000	      2946	800010d4	00857533	and	x10,x10,x8	 x10:0x00000004  x8:0xcd4cd000 x10=0x00000000
       29485000	      2947	800010d8	01859613	slli	x12,x11,0x18	 x11:0x00000001 x12=0x01000000
       29495000	      2948	800010dc	9d048793	addi	x15,x9,-1584	  x9:0x00000000 x15=0xfffff9d0
       29505000	      2949	800010e0	19bb3613	sltiu	x12,x22,411	 x22:0x5b1e3000 x12=0x00000000
       29515000	      2950	800010e4	fdb848e3	blt	x16,x27,800010b4	 x16:0xffffffff x27:0x00000000
       29525000	      2951	00000000	00000013	addi	x0,x0,0	  x0:0x00000000
       29535000	      2952	800010b0	00000013	addi	x0,x0,0	  x0:0x00000000
       29545000	      2953	800010b4	667c5b97	auipc	x23,0x667c5	 x23=0xe67c60b0
       29555000	      2954	800010b8	01c3a5b3	slt	x11,x7,x28	  x7:0xffffffed x28:0x00000002 x11=0x00000001
       29565000	      2955	800010bc	01156333	or	x6,x10,x17	 x10:0x00000000 x17:0xfffff9fb  x6=0xfffff9fb
       29575000	      2956	800010c0	006940b3	xor	x1,x18,x6	 x18:0x00000000  x6:0xfffff9fb  x1=0xfffff9fb
       29585000	      2957	800010c4	5b1e3b37	lui	x22,0x5b1e3	 x22=0x5b1e3000
       29595000	      2958	800010c8	4072d233	sra	x4,x5,x7	  x5:0xfffffb79  x7:0xffffffed  x4=0xffffffff
       29605000	      2959	800010cc	411b8a33	sub	x20,x23,x17	 x23:0xe67c60b0 x17:0xfffff9fb x20=0xe67c66b5
       29615000	      2960	800010d0	00780813	addi	x16,x16,7	 x16:0xffffffff x16=0x00000006
       29625000	      2961	800010d4	00857533	and	x10,x10,x8	 x10:0x00000000  x8:0xcd4cd000 x10=0x00000000
       29635000	      2962	800010d8	01859613	slli	x12,x11,0x18	 x11:0x00000001 x12=0x01000000
       29645000	      2963	800010dc	9d048793	addi	x15,x9,-1584	  x9:0x00000000 x15=0xfffff9d0
       29655000	      2964	800010e0	19bb3613	sltiu	x12,x22,411	 x22:0x5b1e3000 x12=0x00000000
       29665000	      2965	800010e4	fdb848e3	blt	x16,x27,800010b4	 x16:0x00000006 x27:0x00000000
       29675000	      2966	800010e8	0077c6b3	xor	x13,x15,x7	 x15:0xfffff9d0  x7:0xffffffed x13=0x0000063d
       29685000	      2967	800010ec	0111a1b3	slt	x3,x3,x17	  x3:0xa0000000 x17:0xfffff9fb  x3=0x00000001
       29695000	      2968	800010f0	007901b3	add	x3,x18,x7	 x18:0x00000000  x7:0xffffffed  x3=0xffffffed
       29705000	      2969	800010f4	ed14be17	auipc	x28,0xed14b	 x28=0x6d14c0f0
       29715000	      2970	800010f8	014e5833	srl	x16,x28,x20	 x28:0x6d14c0f0 x20:0xe67c66b5 x16=0x00000368
       29725000	      2971	800010fc	8f55f613	andi	x12,x11,-1803	 x11:0x00000001 x12=0x00000001
       29735000	      2972	80001100	24eb0393	addi	x7,x22,590	 x22:0x5b1e3000  x7=0x5b1e324e
       29745000	      2973	80001104	0078db93	srli	x23,x17,0x7	 x17:0xfffff9fb x23=0x01fffff3
       29755000	      2974	80001108	28df7f93	andi	x31,x30,653	 x30:0x00000009 x31=0x00000009
       29765000	      2975	8000110c	dce94613	xori	x12,x18,-562	 x18:0x00000000 x12=0xfffffdce
       29775000	      2976	80001110	f3fc96b7	lui	x13,0xf3fc9	 x13=0xf3fc9000
       29785000	      2977	80001114	01f19a33	sll	x20,x3,x31	  x3:0xffffffed x31:0x00000009 x20=0xffffda00
       29795000	      2978	80001118	078aec63	bltu	x21,x24,80001190	 x21:0x00000000 x24:0x80009fc4
       29805000	      2979	00000000	00000013	addi	x0,x0,0	  x0:0x00000000
       29815000	      2980	8000118c	00000013	addi	x0,x0,0	  x0:0x00000000
       29825000	      2981	80001190	00000013	addi	x0,x0,0	  x0:0x00000000
       29835000	      2982	80001194	086e8f93	addi	x31,x29,134	 x29:0x80009f50 x31=0x80009fd6
       29845000	      2983	80001198	046d1063	bne	x26,x6,800011d8	 x26:0x00000000  x6:0xfffff9fb
       29855000	      2984	00000000	00000013	addi	x0,x0,0	  x0:0x00000000
       29865000	      2985	800011d4	00000013	addi	x0,x0,0	  x0:0x00000000
       29875000	      2986	800011d8	2d27b713	sltiu	x14,x15,722	 x15:0xfffff9d0 x14=0x00000000
       29885000	      2987	800011dc	0081da63	bge	x3,x8,800011f0	  x3:0xffffffed  x8:0xcd4cd000
       29895000	      2988	00000000	00000013	addi	x0,x0,0	  x0:0x00000000
       29905000	      2989	800011ec	00000013	addi	x0,x0,0	  x0:0x00000000
       29915000	      2990	800011f0	00a5cb33	xor	x22,x11,x10	 x11:0x00000001 x10:0x00000000 x22=0x00000001
       29925000	      2991	800011f4	0068cfb3	xor	x31,x17,x6	 x17:0xfffff9fb  x6:0xfffff9fb x31=0x00000000
       29935000	      2992	800011f8	00141863	bne	x8,x1,80001208	  x8:0xcd4cd000  x1:0xfffff9fb
       29945000	      2993	00000000	00000013	addi	x0,x0,0	  x0:0x00000000
       29955000	      2994	80001204	00000013	addi	x0,x0,0	  x0:0x00000000
       29965000	      2995	80001208	014a9533	sll	x10,x21,x20	 x21:0x00000000 x20:0xffffda00 x10=0x00000000
       29975000	      2996	8000120c	01dd66b3	or	x13,x26,x29	 x26:0x00000000 x29:0x80009f50 x13=0x80009f50
       29985000	      2997	80001210	03d31663	bne	x6,x29,8000123c	  x6:0xfffff9fb x29:0x80009f50
       29995000	      2998	00000000	00000013	addi	x0,x0,0	  x0:0x00000000
       30005000	      2999	80001238	00000013	addi	x0,x0,0	  x0:0x00000000
       30015000	      3000	8000123c	f052e693	ori	x13,x5,-251	  x5:0xfffffb79 x13=0xffffff7d
       30025000	      3001	80001240	01c10e63	beq	x2,x28,8000125c	  x2:0xfffffffc x28:0x6d14c0f0
       30035000	      3002	80001244	32c78a13	addi	x20,x15,812	 x15:0xfffff9d0 x20=0xfffffcfc
       30045000	      3003	80001248	db20d697	auipc	x13,0xdb20d	 x13=0x5b20e244
       30055000	      3004	8000124c	015c6663	bltu	x24,x21,80001258	 x24:0x80009fc4 x21:0x00000000
       30065000	      3005	80001250	8a2b2797	auipc	x15,0x8a2b2	 x15=0x0a2b324c
       30075000	      3006	80001254	c5d58293	addi	x5,x11,-931	 x11:0x00000001  x5=0xfffffc5e
       30085000	      3007	80001258	04909463	bne	x1,x9,800012a0	  x1:0xfffff9fb  x9:0x00000000
       30095000	      3008	00000000	00000013	addi	x0,x0,0	  x0:0x00000000
       30105000	      3009	8000129c	00000013	addi	x0,x0,0	  x0:0x00000000
       30115000	      3010	800012a0	418a5833	sra	x16,x20,x24	 x20:0xfffffcfc x24:0x80009fc4 x16=0xffffffcf
       30125000	      3011	800012a4	47f4be17	auipc	x28,0x47f4b	 x28=0xc7f4c2a0
       30135000	      3012	800012a8	a18c2b93	slti	x23,x24,-1512	 x24:0x80009fc4 x23=0x00000001
       30145000	      3013	800012ac	01047033	and	x0,x8,x16	  x8:0xcd4cd000 x16:0xffffffcf
       30155000	      3014	800012b0	eb77c913	xori	x18,x15,-329	 x15:0x0a2b324c x18=0xf5d4ccfb
       30165000	      3015	800012b4	01357cb3	and	x25,x10,x19	 x10:0x00000000 x19:0x00000001 x25=0x00000000
       30175000	      3016	800012b8	40bf57b3	sra	x15,x30,x11	 x30:0x00000009 x11:0x00000001 x15=0x00000004
       30185000	      3017	800012bc	524b0313	addi	x6,x22,1316	 x22:0x00000001  x6=0x00000525
       30195000	      3018	800012c0	05355063	bge	x10,x19,80001300	 x10:0x00000000 x19:0x00000001
       30205000	      3019	800012c4	000a3733	sltu	x14,x20,x0	 x20:0xfffffcfc  x0:0x00000000 x14=0x00000000
       30215000	      3020	800012c8	0117d8b3	srl	x17,x15,x17	 x15:0x00000004 x17:0xfffff9fb x17=0x00000000
       30225000	      3021	800012cc	00b3ddb3	srl	x27,x7,x11	  x7:0x5b1e324e x11:0x00000001 x27=0x2d8f1927
       30235000	      3022	800012d0	00057463	bgeu	x10,x0,800012d8	 x10:0x00000000  x0:0x00000000
       30245000	      3023	00000000	00000013	addi	x0,x0,0	  x0:0x00000000
       30255000	      3024	800012d4	00000013	addi	x0,x0,0	  x0:0x00000000
       30265000	      3025	800012d8	41375013	srai	x0,x14,0x13	 x14:0x00000000
       30275000	      3026	800012dc	002b4033	xor	x0,x22,x2	 x22:0x00000001  x2:0xfffffffc
       30285000	      3027	800012e0	f5796c93	ori	x25,x18,-169	 x18:0xf5d4ccfb x25=0xffffffff
       30295000	      3028	800012e4	40025813	srai	x16,x4,0x0	  x4:0xffffffff x16=0xffffffff
       30305000	      3029	800012e8	9cd73613	sltiu	x12,x14,-1587	 x14:0x00000000 x12=0x00000001
       30315000	      3030	800012ec	81310b93	addi	x23,x2,-2029	  x2:0xfffffffc x23=0xfffff80f
       30325000	      3031	800012f0	31e5f513	andi	x10,x11,798	 x11:0x00000001 x10=0x00000000
       30335000	      3032	800012f4	01a150b3	srl	x1,x2,x26	  x2:0xfffffffc x26:0x00000000  x1=0xfffffffc
       30345000	      3033	800012f8	00aac9b3	xor	x19,x21,x10	 x21:0x00000000 x10:0x00000000 x19=0x00000000
       30355000	      3034	800012fc	05289663	bne	x17,x18,80001348	 x17:0x00000000 x18:0xf5d4ccfb
       30365000	      3035	00000000	00000013	addi	x0,x0,0	  x0:0x00000000
       30375000	      3036	80001344	00000013	addi	x0,x0,0	  x0:0x00000000
       30385000	      3037	80001348	4070df93	srai	x31,x1,0x7	  x1:0xfffffffc x31=0xffffffff
       30395000	      3038	8000134c	033ae263	bltu	x21,x19,80001370	 x21:0x00000000 x19:0x00000000
       30405000	      3039	80001350	02b27e63	bgeu	x4,x11,8000138c	  x4:0xffffffff x11:0x00000001
       30415000	      3040	00000000	00000013	addi	x0,x0,0	  x0:0x00000000
       30425000	      3041	80001388	00000013	addi	x0,x0,0	  x0:0x00000000
       30435000	      3042	8000138c	01fdd293	srli	x5,x27,0x1f	 x27:0x2d8f1927  x5=0x00000000
       30445000	      3043	80001390	0cd93813	sltiu	x16,x18,205	 x18:0xf5d4ccfb x16=0x00000000
       30455000	      3044	80001394	b2730397	auipc	x7,0xb2730	  x7=0x32731390
       30465000	      3045	80001398	333c7693	andi	x13,x24,819	 x24:0x80009fc4 x13=0x00000300
       30475000	      3046	8000139c	0079dc93	srli	x25,x19,0x7	 x19:0x00000000 x25=0x00000000
       30485000	      3047	800013a0	41255833	sra	x16,x10,x18	 x10:0x00000000 x18:0xf5d4ccfb x16=0x00000000
       30495000	      3048	800013a4	c0a14a13	xori	x20,x2,-1014	  x2:0xfffffffc x20=0x000003f6
       30505000	      3049	800013a8	02aefc63	bgeu	x29,x10,800013e0	 x29:0x80009f50 x10:0x00000000
       30515000	      3050	00000000	00000013	addi	x0,x0,0	  x0:0x00000000
       30525000	      3051	800013dc	00000013	addi	x0,x0,0	  x0:0x00000000
       30535000	      3052	800013e0	02b54a93	xori	x21,x10,43	 x10:0x00000000 x21=0x0000002b
       30545000	      3053	800013e4	00b25863	bge	x4,x11,800013f4	  x4:0xffffffff x11:0x00000001
       30555000	      3054	800013e8	40808fb3	sub	x31,x1,x8	  x1:0xfffffffc  x8:0xcd4cd000 x31=0x32b32ffc
       30565000	      3055	800013ec	01b66663	bltu	x12,x27,800013f8	 x12:0x00000001 x27:0x2d8f1927
       30575000	      3056	00000000	00000013	addi	x0,x0,0	  x0:0x00000000
       30585000	      3057	800013f4	00000013	addi	x0,x0,0	  x0:0x00000000
       30595000	      3058	800013f8	01a5d113	srli	x2,x11,0x1a	 x11:0x00000001  x2=0x00000000
       30605000	      3059	800013fc	40fe88b3	sub	x17,x29,x15	 x29:0x80009f50 x15:0x00000004 x17=0x80009f4c
       30615000	      3060	80001400	00146133	or	x2,x8,x1	  x8:0xcd4cd000  x1:0xfffffffc  x2=0xfffffffc
       30625000	      3061	80001404	b6dea993	slti	x19,x29,-1171	 x29:0x80009f50 x19=0x00000001
       30635000	      3062	80001408	00e05593	srli	x11,x0,0xe	  x0:0x00000000 x11=0x00000000
       30645000	      3063	8000140c	05c39063	bne	x7,x28,8000144c	  x7:0x32731390 x28:0xc7f4c2a0
       30655000	      3064	00000000	00000013	addi	x0,x0,0	  x0:0x00000000
       30665000	      3065	80001448	00000013	addi	x0,x0,0	  x0:0x00000000
       30675000	      3066	8000144c	00755d13	srli	x26,x10,0x7	 x10:0x00000000 x26=0x00000000
       30685000	      3067	80001450	00dda0b3	slt	x1,x27,x13	 x27:0x2d8f1927 x13:0x00000300  x1=0x00000000
       30695000	      3068	80001454	01436533	or	x10,x6,x20	  x6:0x00000525 x20:0x000003f6 x10=0x000007f7
       30705000	      3069	80001458	04d7e663	bltu	x15,x13,800014a4	 x15:0x00000004 x13:0x00000300
       30715000	      3070	00000000	00000013	addi	x0,x0,0	  x0:0x00000000
       30725000	      3071	800014a0	00000013	addi	x0,x0,0	  x0:0x00000000
       30735000	      3072	800014a4	8f220793	addi	x15,x4,-1806	  x4:0xffffffff x15=0xfffff8f1
       30745000	      3073	800014a8	02067063	bgeu	x12,x0,800014c8	 x12:0x00000001  x0:0x00000000
       30755000	      3074	00000000	00000013	addi	x0,x0,0	  x0:0x00000000
       30765000	      3075	800014c4	00000013	addi	x0,x0,0	  x0:0x00000000
       30775000	      3076	800014c8	019af2b3	and	x5,x21,x25	 x21:0x0000002b x25:0x00000000  x5=0x00000000
       30785000	      3077	800014cc	0082f863	bgeu	x5,x8,800014dc	  x5:0x00000000  x8:0xcd4cd000
       30795000	      3078	800014d0	d7ea0093	addi	x1,x20,-642	 x20:0x000003f6  x1=0x00000174
       30805000	      3079	800014d4	ea3d3893	sltiu	x17,x26,-349	 x26:0x00000000 x17=0x00000001
       30815000	      3080	800014d8	41de0133	sub	x2,x28,x29	 x28:0xc7f4c2a0 x29:0x80009f50  x2=0x47f42350
       30825000	      3081	800014dc	0074d3b3	srl	x7,x9,x7	  x9:0x00000000  x7:0x32731390  x7=0x00000000
       30835000	      3082	800014e0	05b66463	bltu	x12,x27,80001528	 x12:0x00000001 x27:0x2d8f1927
       30845000	      3083	00000000	00000013	addi	x0,x0,0	  x0:0x00000000
       30855000	      3084	80001524	00000013	addi	x0,x0,0	  x0:0x00000000
       30865000	      3085	80001528	0012c463	blt	x5,x1,80001530	  x5:0x00000000  x1:0x00000174
       30875000	      3086	00000000	00000013	addi	x0,x0,0	  x0:0x00000000
       30885000	      3087	8000152c	00000013	addi	x0,x0,0	  x0:0x00000000
       30895000	      3088	80001530	41cf02b3	sub	x5,x30,x28	 x30:0x00000009 x28:0xc7f4c2a0  x5=0x380b3d69
       30905000	      3089	80001534	45e54393	xori	x7,x10,1118	 x10:0x000007f7  x7=0x000003a9
       30915000	      3090	80001538	50a97613	andi	x12,x18,1290	 x18:0xf5d4ccfb x12=0x0000040a
       30925000	      3091	8000153c	01f0ba33	sltu	x20,x1,x31	  x1:0x00000174 x31:0x32b32ffc x20=0x00000001
       30935000	      3092	80001540	00841d13	slli	x26,x8,0x8	  x8:0xcd4cd000 x26=0x4cd00000
       30945000	      3093	80001544	01e4da33	srl	x20,x9,x30	  x9:0x00000000 x30:0x00000009 x20=0x00000000
       30955000	      3094	80001548	03bfec63	bltu	x31,x27,80001580	 x31:0x32b32ffc x27:0x2d8f1927
       30965000	      3095	8000154c	01d92d13	slti	x26,x18,29	 x18:0xf5d4ccfb x26=0x00000001
       30975000	      3096	80001550	01a1b3b3	sltu	x7,x3,x26	  x3:0xffffffed x26:0x00000001  x7=0x00000000
       30985000	      3097	80001554	773ff513	andi	x10,x31,1907	 x31:0x32b32ffc x10=0x00000770
       30995000	      3098	80001558	06fe8793	addi	x15,x29,111	 x29:0x80009f50 x15=0x80009fbf
       31005000	      3099	8000155c	0076e9b3	or	x19,x13,x7	 x13:0x00000300  x7:0x00000000 x19=0x00000300
       31015000	      3100	80001560	9118f713	andi	x14,x17,-1775	 x17:0x00000001 x14=0x00000001
       31025000	      3101	80001564	01b3da93	srli	x21,x7,0x1b	  x7:0x00000000 x21=0x00000000
       31035000	      3102	80001568	692d43b7	lui	x7,0x692d4	  x7=0x692d4000
       31045000	      3103	8000156c	b4c96e13	ori	x28,x18,-1204	 x18:0xf5d4ccfb x28=0xffffffff
       31055000	      3104	80001570	00e21a13	slli	x20,x4,0xe	  x4:0xffffffff x20=0xffffc000
       31065000	      3105	80001574	e0e3b013	sltiu	x0,x7,-498	  x7:0x692d4000
       31075000	      3106	80001578	02966663	bltu	x12,x9,800015a4	 x12:0x0000040a  x9:0x00000000
       31085000	      3107	8000157c	00000013	addi	x0,x0,0	  x0:0x00000000
       31095000	      3108	80001580	01f7ce63	blt	x15,x31,8000159c	 x15:0x80009fbf x31:0x32b32ffc
       31105000	      3109	00000000	00000013	addi	x0,x0,0	  x0:0x00000000
       31115000	      3110	80001598	00000013	addi	x0,x0,0	  x0:0x00000000
       31125000	      3111	8000159c	c6093c93	sltiu	x25,x18,-928	 x18:0xf5d4ccfb x25=0x00000001
       31135000	      3112	800015a0	00000013	addi	x0,x0,0	  x0:0x00000000
       31145000	      3113	800015a4	5bc0f513	andi	x10,x1,1468	  x1:0x00000174 x10=0x00000134
       31155000	      3114	800015a8	001978b3	and	x17,x18,x1	 x18:0xf5d4ccfb  x1:0x00000174 x17=0x00000070
       31165000	      3115	800015ac	00c01463	bne	x0,x12,800015b4	  x0:0x00000000 x12:0x0000040a
       31175000	      3116	00000000	00000013	addi	x0,x0,0	  x0:0x00000000
       31185000	      3117	800015b0	00000013	addi	x0,x0,0	  x0:0x00000000
       31195000	      3118	800015b4	ab306a93	ori	x21,x0,-1357	  x0:0x00000000 x21=0xfffffab3
       31205000	      3119	800015b8	0075e333	or	x6,x11,x7	 x11:0x00000000  x7:0x692d4000  x6=0x692d4000
       31215000	      3120	800015bc	ddbd4293	xori	x5,x26,-549	 x26:0x00000001  x5=0xfffffdda
       31225000	      3121	800015c0	004ea083	lw	x1,4(x29)	 x29:0x80009f50  x1=0x80000298 PA:0x80009f54
       31235000	      3122	800015c4	c72f2313	slti	x6,x30,-910	 x30:0x00000009  x6=0x00000000
       31245000	      3123	800015c8	024e8e93	addi	x29,x29,36	 x29:0x80009f50 x29=0x80009f74
       31255000	      3124	800015cc	4b484893	xori	x17,x16,1204	 x16:0x00000000 x17=0x000004b4
       31265000	      3125	800015d0	4bd57993	andi	x19,x10,1213	 x10:0x00000134 x19=0x00000034
       31275000	      3126	800015d4	0121eab3	or	x21,x3,x18	  x3:0xffffffed x18:0xf5d4ccfb x21=0xffffffff
       31285000	      3127	800015d8	00daad33	slt	x26,x21,x13	 x21:0xffffffff x13:0x00000300 x26=0x00000001
       31295000	      3128	800015dc	00008413	addi	x8,x1,0	  x1:0x80000298  x8=0x80000298
       31305000	      3129	800015e0	00040467	jalr	x8,x8,0	  x8:0x80000298  x8=0x800015e0
       31315000	      3130	00000000	00000013	addi	x0,x0,0	  x0:0x00000000
       31325000	      3131	80000298	00000013	addi	x0,x0,0	  x0:0x00000000
       31335000	      3132	8000029c	00500293	addi	x5,x0,5	  x0:0x00000000  x5=0x00000005
       31345000	      3133	800002a0	00a8fe33	and	x28,x17,x10	 x17:0x000004b4 x10:0x00000134 x28=0x00000034
       31355000	      3134	800002a4	40220d33	sub	x26,x4,x2	  x4:0xffffffff  x2:0x47f42350 x26=0xb80bdcaf
       31365000	      3135	800002a8	00759533	sll	x10,x11,x7	 x11:0x00000000  x7:0x692d4000 x10=0x00000000
       31375000	      3136	800002ac	36be3b93	sltiu	x23,x28,875	 x28:0x00000034 x23=0x00000001
       31385000	      3137	800002b0	5f8ca193	slti	x3,x25,1528	 x25:0x00000001  x3=0x00000001
       31395000	      3138	800002b4	ff700793	addi	x15,x0,-9	  x0:0x00000000 x15=0xfffffff7
       31405000	      3139	800002b8	01cd99b3	sll	x19,x27,x28	 x27:0x2d8f1927 x28:0x00000034 x19=0x92700000
       31415000	      3140	800002bc	00295313	srli	x6,x18,0x2	 x18:0xf5d4ccfb  x6=0x3d75333e
       31425000	      3141	800002c0	4095d3b3	sra	x7,x11,x9	 x11:0x00000000  x9:0x00000000  x7=0x00000000
       31435000	      3142	800002c4	00061b33	sll	x22,x12,x0	 x12:0x0000040a  x0:0x00000000 x22=0x0000040a
       31445000	      3143	800002c8	d0d26913	ori	x18,x4,-755	  x4:0xffffffff x18=0xffffffff
       31455000	      3144	800002cc	00000013	addi	x0,x0,0	  x0:0x00000000
       31465000	      3145	800002d0	004ce6b3	or	x13,x25,x4	 x25:0x00000001  x4:0xffffffff x13=0xffffffff
       31475000	      3146	800002d4	01f353b3	srl	x7,x6,x31	  x6:0x3d75333e x31:0x32b32ffc  x7=0x00000003
       31485000	      3147	800002d8	ff928293	addi	x5,x5,-7	  x5:0x00000005  x5=0xfffffffe
       31495000	      3148	800002dc	b6117193	andi	x3,x2,-1183	  x2:0x47f42350  x3=0x47f42340
       31505000	      3149	800002e0	a1f0a413	slti	x8,x1,-1505	  x1:0x80000298  x8=0x00000001
       31515000	      3150	800002e4	03bcf013	andi	x0,x25,59	 x25:0x00000001
       31525000	      3151	800002e8	01db2833	slt	x16,x22,x29	 x22:0x0000040a x29:0x80009f74 x16=0x00000000
       31535000	      3152	800002ec	88963a93	sltiu	x21,x12,-1911	 x12:0x0000040a x21=0x00000001
       31545000	      3153	800002f0	00bba6b3	slt	x13,x23,x11	 x23:0x00000001 x11:0x00000000 x13=0x00000000
       31555000	      3154	800002f4	fcf28ae3	beq	x5,x15,800002c8	  x5:0xfffffffe x15:0xfffffff7
       31565000	      3155	800002f8	00731b93	slli	x23,x6,0x7	  x6:0x3d75333e x23=0xba999f00
       31575000	      3156	800002fc	01854ab3	xor	x21,x10,x24	 x10:0x00000000 x24:0x80009fc4 x21=0x80009fc4
       31585000	      3157	80000300	7a3f3517	auipc	x10,0x7a3f3	 x10=0xfa3f32fc
       31595000	      3158	80000304	05de6863	bltu	x28,x29,80000354	 x28:0x00000034 x29:0x80009f74
       31605000	      3159	00000000	00000013	addi	x0,x0,0	  x0:0x00000000
       31615000	      3160	80000350	00000013	addi	x0,x0,0	  x0:0x00000000
       31625000	      3161	80000354	41640fb3	sub	x31,x8,x22	  x8:0x00000001 x22:0x0000040a x31=0xfffffbf7
       31635000	      3162	80000358	019ae7b3	or	x15,x21,x25	 x21:0x80009fc4 x25:0x00000001 x15=0x80009fc5
       31645000	      3163	8000035c	4dfd8713	addi	x14,x27,1247	 x27:0x2d8f1927 x14=0x2d8f1e06
       31655000	      3164	80000360	02f28663	beq	x5,x15,8000038c	  x5:0xfffffffe x15:0x80009fc5
       31665000	      3165	80000364	13871517	auipc	x10,0x13871	 x10=0x93871360
       31675000	      3166	80000368	00d65493	srli	x9,x12,0xd	 x12:0x0000040a  x9=0x00000000
       31685000	      3167	8000036c	00fe1bb3	sll	x23,x28,x15	 x28:0x00000034 x15:0x80009fc5 x23=0x00000680
       31695000	      3168	80000370	01b81c93	slli	x25,x16,0x1b	 x16:0x00000000 x25=0x00000000
       31705000	      3169	80000374	a8843e13	sltiu	x28,x8,-1400	  x8:0x00000001 x28=0x00000001
       31715000	      3170	80000378	40805633	sra	x12,x0,x8	  x0:0x00000000  x8:0x00000001 x12=0x00000000
       31725000	      3171	8000037c	01f6fc63	bgeu	x13,x31,80000394	 x13:0x00000000 x31:0xfffffbf7
       31735000	      3172	80000380	9a3a7213	andi	x4,x20,-1629	 x20:0xffffc000  x4=0xffffc000
       31745000	      3173	80000384	4010d993	srai	x19,x1,0x1	  x1:0x80000298 x19=0xc000014c
       31755000	      3174	80000388	a7102893	slti	x17,x0,-1423	  x0:0x00000000 x17=0x00000000
       31765000	      3175	8000038c	3efe7f93	andi	x31,x28,1007	 x28:0x00000001 x31=0x00000001
       31775000	      3176	80000390	d66a7393	andi	x7,x20,-666	 x20:0xffffc000  x7=0xffffc000
       31785000	      3177	80000394	7188f993	andi	x19,x17,1816	 x17:0x00000000 x19=0x00000000
       31795000	      3178	80000398	2d58f113	andi	x2,x17,725	 x17:0x00000000  x2=0x00000000
       31805000	      3179	8000039c	00000013	addi	x0,x0,0	  x0:0x00000000
       31815000	      3180	800003a0	33b94013	xori	x0,x18,827	 x18:0xffffffff
       31825000	      3181	800003a4	01f2fcb3	and	x25,x5,x31	  x5:0xfffffffe x31:0x00000001 x25=0x00000000
       31835000	      3182	800003a8	01f99433	sll	x8,x19,x31	 x19:0x00000000 x31:0x00000001  x8=0x00000000
       31845000	      3183	800003ac	01bc8033	add	x0,x25,x27	 x25:0x00000000 x27:0x2d8f1927
       31855000	      3184	800003b0	009898b3	sll	x17,x17,x9	 x17:0x00000000  x9:0x00000000 x17=0x00000000
       31865000	      3185	800003b4	01cac733	xor	x14,x21,x28	 x21:0x80009fc4 x28:0x00000001 x14=0x80009fc5
       31875000	      3186	800003b8	40578ab3	sub	x21,x15,x5	 x15:0x80009fc5  x5:0xfffffffe x21=0x80009fc7
       31885000	      3187	800003bc	c2483213	sltiu	x4,x16,-988	 x16:0x00000000  x4=0x00000001
       31895000	      3188	800003c0	00ce46b3	xor	x13,x28,x12	 x28:0x00000001 x12:0x00000000 x13=0x00000001
       31905000	      3189	800003c4	00000013	addi	x0,x0,0	  x0:0x00000000
       31915000	      3190	800003c8	0180d863	bge	x1,x24,800003d8	  x1:0x80000298 x24:0x80009fc4
       31925000	      3191	800003cc	c92e5997	auipc	x19,0xc92e5	 x19=0x492e53c8
       31935000	      3192	800003d0	65956613	ori	x12,x10,1625	 x10:0x93871360 x12=0x93871779
       31945000	      3193	800003d4	01abc7b3	xor	x15,x23,x26	 x23:0x00000680 x26:0xb80bdcaf x15=0xb80bda2f
       31955000	      3194	800003d8	009973b3	and	x7,x18,x9	 x18:0xffffffff  x9:0x00000000  x7=0x00000000
       31965000	      3195	800003dc	00e25213	srli	x4,x4,0xe	  x4:0x00000001  x4=0x00000000
       31975000	      3196	800003e0	a9eea793	slti	x15,x29,-1378	 x29:0x80009f74 x15=0x00000001
       31985000	      3197	800003e4	004ea083	lw	x1,4(x29)	 x29:0x80009f74  x1=0x8000016c PA:0x80009f78
       31995000	      3198	800003e8	00de3cb3	sltu	x25,x28,x13	 x28:0x00000001 x13:0x00000001 x25=0x00000000
       32005000	      3199	800003ec	010e8e93	addi	x29,x29,16	 x29:0x80009f74 x29=0x80009f84
       32015000	      3200	800003f0	01365833	srl	x16,x12,x19	 x12:0x93871779 x19:0x492e53c8 x16=0x00938717
       32025000	      3201	800003f4	406f0633	sub	x12,x30,x6	 x30:0x00000009  x6:0x3d75333e x12=0xc28acccb
       32035000	      3202	800003f8	011f5393	srli	x7,x30,0x11	 x30:0x00000009  x7=0x00000000
       32045000	      3203	800003fc	00008b13	addi	x22,x1,0	  x1:0x8000016c x22=0x8000016c
       32055000	      3204	80000400	000b0b67	jalr	x22,x22,0	 x22:0x8000016c x22=0x80000400
       32065000	      3205	00000000	00000013	addi	x0,x0,0	  x0:0x00000000
       32075000	      3206	8000016c	00000013	addi	x0,x0,0	  x0:0x00000000
       32085000	      3207	80000170	00600c93	addi	x25,x0,6	  x0:0x00000000 x25=0x00000006
       32095000	      3208	80000174	fd662293	slti	x5,x12,-42	 x12:0xc28acccb  x5=0x00000001
       32105000	      3209	80000178	00a6b7b3	sltu	x15,x13,x10	 x13:0x00000001 x10:0x93871360 x15=0x00000001
       32115000	      3210	8000017c	4dfc6413	ori	x8,x24,1247	 x24:0x80009fc4  x8=0x80009fdf
       32125000	      3211	80000180	b1a45397	auipc	x7,0xb1a45	  x7=0x31a4517c
       32135000	      3212	80000184	019908b3	add	x17,x18,x25	 x18:0xffffffff x25:0x00000006 x17=0x00000005
       32145000	      3213	80000188	ff800f93	addi	x31,x0,-8	  x0:0x00000000 x31=0xfffffff8
       32155000	      3214	8000018c	fff48537	lui	x10,0xfff48	 x10=0xfff48000
       32165000	      3215	80000190	cc545d17	auipc	x26,0xcc545	 x26=0x4c54518c
       32175000	      3216	80000194	019a7d93	andi	x27,x20,25	 x20:0xffffc000 x27=0x00000000
       32185000	      3217	80000198	ede97513	andi	x10,x18,-290	 x18:0xffffffff x10=0xfffffede
       32195000	      3218	8000019c	e866e717	auipc	x14,0xe866e	 x14=0x6866e198
       32205000	      3219	800001a0	bd550613	addi	x12,x10,-1067	 x10:0xfffffede x12=0xfffffab3
       32215000	      3220	800001a4	ff9c8c93	addi	x25,x25,-7	 x25:0x00000006 x25=0xffffffff
       32225000	      3221	800001a8	00a75913	srli	x18,x14,0xa	 x14:0x6866e198 x18=0x001a19b8
       32235000	      3222	800001ac	ffd00593	addi	x11,x0,-3	  x0:0x00000000 x11=0xfffffffd
       32245000	      3223	800001b0	01481913	slli	x18,x16,0x14	 x16:0x00938717 x18=0x71700000
       32255000	      3224	800001b4	00b00e13	addi	x28,x0,11	  x0:0x00000000 x28=0x0000000b
       32265000	      3225	800001b8	1cb78497	auipc	x9,0x1cb78	  x9=0x9cb781b4
       32275000	      3226	800001bc	139bc893	xori	x17,x23,313	 x23:0x00000680 x17=0x000007b9
       32285000	      3227	800001c0	003009b3	add	x19,x0,x3	  x0:0x00000000  x3:0x47f42340 x19=0x47f42340
       32295000	      3228	800001c4	417b08b3	sub	x17,x22,x23	 x22:0x80000400 x23:0x00000680 x17=0x7ffffd80
       32305000	      3229	800001c8	00f704b3	add	x9,x14,x15	 x14:0x6866e198 x15:0x00000001  x9=0x6866e199
       32315000	      3230	800001cc	00758593	addi	x11,x11,7	 x11:0xfffffffd x11=0x00000004
       32325000	      3231	800001d0	9daf3513	sltiu	x10,x30,-1574	 x30:0x00000009 x10=0x00000001
       32335000	      3232	800001d4	400352b3	sra	x5,x6,x0	  x6:0x3d75333e  x0:0x00000000  x5=0x3d75333e
       32345000	      3233	800001d8	81643497	auipc	x9,0x81643	  x9=0x016431d4
       32355000	      3234	800001dc	01bbf0b3	and	x1,x23,x27	 x23:0x00000680 x27:0x00000000  x1=0x00000000
       32365000	      3235	800001e0	ffc590e3	bne	x11,x28,800001c0	 x11:0x00000004 x28:0x0000000b
       32375000	      3236	00000000	00000013	addi	x0,x0,0	  x0:0x00000000
       32385000	      3237	800001bc	00000013	addi	x0,x0,0	  x0:0x00000000
       32395000	      3238	800001c0	003009b3	add	x19,x0,x3	  x0:0x00000000  x3:0x47f42340 x19=0x47f42340
       32405000	      3239	800001c4	417b08b3	sub	x17,x22,x23	 x22:0x80000400 x23:0x00000680 x17=0x7ffffd80
       32415000	      3240	800001c8	00f704b3	add	x9,x14,x15	 x14:0x6866e198 x15:0x00000001  x9=0x6866e199
       32425000	      3241	800001cc	00758593	addi	x11,x11,7	 x11:0x00000004 x11=0x0000000b
       32435000	      3242	800001d0	9daf3513	sltiu	x10,x30,-1574	 x30:0x00000009 x10=0x00000001
       32445000	      3243	800001d4	400352b3	sra	x5,x6,x0	  x6:0x3d75333e  x0:0x00000000  x5=0x3d75333e
       32455000	      3244	800001d8	81643497	auipc	x9,0x81643	  x9=0x016431d4
       32465000	      3245	800001dc	01bbf0b3	and	x1,x23,x27	 x23:0x00000680 x27:0x00000000  x1=0x00000000
       32475000	      3246	800001e0	ffc590e3	bne	x11,x28,800001c0	 x11:0x0000000b x28:0x0000000b
       32485000	      3247	800001e4	002aad33	slt	x26,x21,x2	 x21:0x80009fc7  x2:0x00000000 x26=0x00000001
       32495000	      3248	800001e8	00adcbb3	xor	x23,x27,x10	 x27:0x00000000 x10:0x00000001 x23=0x00000001
       32505000	      3249	800001ec	fbfc94e3	bne	x25,x31,80000194	 x25:0xffffffff x31:0xfffffff8
       32515000	      3250	00000000	00000013	addi	x0,x0,0	  x0:0x00000000
       32525000	      3251	80000190	00000013	addi	x0,x0,0	  x0:0x00000000
       32535000	      3252	80000194	019a7d93	andi	x27,x20,25	 x20:0xffffc000 x27=0x00000000
       32545000	      3253	80000198	ede97513	andi	x10,x18,-290	 x18:0x71700000 x10=0x71700000
       32555000	      3254	8000019c	e866e717	auipc	x14,0xe866e	 x14=0x6866e198
       32565000	      3255	800001a0	bd550613	addi	x12,x10,-1067	 x10:0x71700000 x12=0x716ffbd5
       32575000	      3256	800001a4	ff9c8c93	addi	x25,x25,-7	 x25:0xffffffff x25=0xfffffff8
       32585000	      3257	800001a8	00a75913	srli	x18,x14,0xa	 x14:0x6866e198 x18=0x001a19b8
       32595000	      3258	800001ac	ffd00593	addi	x11,x0,-3	  x0:0x00000000 x11=0xfffffffd
       32605000	      3259	800001b0	01481913	slli	x18,x16,0x14	 x16:0x00938717 x18=0x71700000
       32615000	      3260	800001b4	00b00e13	addi	x28,x0,11	  x0:0x00000000 x28=0x0000000b
       32625000	      3261	800001b8	1cb78497	auipc	x9,0x1cb78	  x9=0x9cb781b4
       32635000	      3262	800001bc	139bc893	xori	x17,x23,313	 x23:0x00000001 x17=0x00000138
       32645000	      3263	800001c0	003009b3	add	x19,x0,x3	  x0:0x00000000  x3:0x47f42340 x19=0x47f42340
       32655000	      3264	800001c4	417b08b3	sub	x17,x22,x23	 x22:0x80000400 x23:0x00000001 x17=0x800003ff
       32665000	      3265	800001c8	00f704b3	add	x9,x14,x15	 x14:0x6866e198 x15:0x00000001  x9=0x6866e199
       32675000	      3266	800001cc	00758593	addi	x11,x11,7	 x11:0xfffffffd x11=0x00000004
       32685000	      3267	800001d0	9daf3513	sltiu	x10,x30,-1574	 x30:0x00000009 x10=0x00000001
       32695000	      3268	800001d4	400352b3	sra	x5,x6,x0	  x6:0x3d75333e  x0:0x00000000  x5=0x3d75333e
       32705000	      3269	800001d8	81643497	auipc	x9,0x81643	  x9=0x016431d4
       32715000	      3270	800001dc	01bbf0b3	and	x1,x23,x27	 x23:0x00000001 x27:0x00000000  x1=0x00000000
       32725000	      3271	800001e0	ffc590e3	bne	x11,x28,800001c0	 x11:0x00000004 x28:0x0000000b
       32735000	      3272	00000000	00000013	addi	x0,x0,0	  x0:0x00000000
       32745000	      3273	800001bc	00000013	addi	x0,x0,0	  x0:0x00000000
       32755000	      3274	800001c0	003009b3	add	x19,x0,x3	  x0:0x00000000  x3:0x47f42340 x19=0x47f42340
       32765000	      3275	800001c4	417b08b3	sub	x17,x22,x23	 x22:0x80000400 x23:0x00000001 x17=0x800003ff
       32775000	      3276	800001c8	00f704b3	add	x9,x14,x15	 x14:0x6866e198 x15:0x00000001  x9=0x6866e199
       32785000	      3277	800001cc	00758593	addi	x11,x11,7	 x11:0x00000004 x11=0x0000000b
       32795000	      3278	800001d0	9daf3513	sltiu	x10,x30,-1574	 x30:0x00000009 x10=0x00000001
       32805000	      3279	800001d4	400352b3	sra	x5,x6,x0	  x6:0x3d75333e  x0:0x00000000  x5=0x3d75333e
       32815000	      3280	800001d8	81643497	auipc	x9,0x81643	  x9=0x016431d4
       32825000	      3281	800001dc	01bbf0b3	and	x1,x23,x27	 x23:0x00000001 x27:0x00000000  x1=0x00000000
       32835000	      3282	800001e0	ffc590e3	bne	x11,x28,800001c0	 x11:0x0000000b x28:0x0000000b
       32845000	      3283	800001e4	002aad33	slt	x26,x21,x2	 x21:0x80009fc7  x2:0x00000000 x26=0x00000001
       32855000	      3284	800001e8	00adcbb3	xor	x23,x27,x10	 x27:0x00000000 x10:0x00000001 x23=0x00000001
       32865000	      3285	800001ec	fbfc94e3	bne	x25,x31,80000194	 x25:0xfffffff8 x31:0xfffffff8
       32875000	      3286	800001f0	0048ba33	sltu	x20,x17,x4	 x17:0x800003ff  x4:0x00000000 x20=0x00000000
       32885000	      3287	800001f4	04da4863	blt	x20,x13,80000244	 x20:0x00000000 x13:0x00000001
       32895000	      3288	00000000	00000013	addi	x0,x0,0	  x0:0x00000000
       32905000	      3289	80000240	00000013	addi	x0,x0,0	  x0:0x00000000
       32915000	      3290	80000244	01474d33	xor	x26,x14,x20	 x14:0x6866e198 x20:0x00000000 x26=0x6866e198
       32925000	      3291	80000248	00000f17	auipc	x30,0x0	 x30=0x80000244
       32935000	      3292	8000024c	00cf0f13	addi	x30,x30,12	 x30:0x80000244 x30=0x80000250
       32945000	      3293	80000250	000f0067	jalr	x0,x30,0	 x30:0x80000250
       32955000	      3294	00000000	00000013	addi	x0,x0,0	  x0:0x00000000
       32965000	      3295	80000250	00000013	addi	x0,x0,0	  x0:0x00000000
       32975000	      3296	80000254	00100193	addi	x3,x0,1	  x0:0x00000000  x3=0x00000001
       32985000	      3297	80000258	00000073	ecall	
       32995000	      3298	8000025c	ff0e8e93	addi	x29,x29,-16	 x29:0x80009f84 x29=0x80009f74
