		Time			Cycle	PC		Insn	Decoded instruction	Register and memory contents
          65000	         5	80000004	00000293	addi	x5,x0,0	  x0:0x00000000  x5=0x00000000
          75000	         6	80000008	00000313	addi	x6,x0,0	  x0:0x00000000  x6=0x00000000
          85000	         7	8000000c	00628263	beq	x5,x6,80000010	  x5:0x00000000  x6:0x00000000
          95000	         8	00000000	00000013	addi	x0,x0,0	  x0:0x00000000
         105000	         9	8000000c	00000013	addi	x0,x0,0	  x0:0x00000000
         115000	        10	80000010	00000897	auipc	x17,0x0	 x17=0x8000000c
         125000	        11	80000014	00c88893	addi	x17,x17,12	 x17:0x8000000c x17=0x80000018
         135000	        12	80000018	00088067	jalr	x0,x17,0	 x17:0x80000018
         145000	        13	00000000	00000013	addi	x0,x0,0	  x0:0x00000000
         155000	        14	80000018	00000013	addi	x0,x0,0	  x0:0x00000000
         165000	        15	8000001c	40000837	lui	x16,0x40000	 x16=0x40000000
         175000	        16	80000020	10080813	addi	x16,x16,256	 x16:0x40000000 x16=0x40000100
         185000	        17	80000024	00000013	addi	x0,x0,0	  x0:0x00000000
         195000	        18	80000028	0000a997	auipc	x19,0xa	 x19=0x8000a024
         205000	        19	8000002c	fa098993	addi	x19,x19,-96	 x19:0x8000a024 x19=0x80009fc4
         215000	        20	80000030	00003817	auipc	x16,0x3	 x16=0x8000302c
         225000	        21	80000034	e5480813	addi	x16,x16,-428	 x16:0x8000302c x16=0x80002e80
         235000	        22	80000038	00086813	ori	x16,x16,0	 x16:0x80002e80 x16=0x80002e80
         245000	        23	8000003c	00000013	addi	x0,x0,0	  x0:0x00000000
         255000	        24	80000040	00000817	auipc	x16,0x0	 x16=0x8000003c
         265000	        25	80000044	02080813	addi	x16,x16,32	 x16:0x8000003c x16=0x8000005c
         275000	        26	80000048	00000013	addi	x0,x0,0	  x0:0x00000000
         285000	        27	8000004c	00000013	addi	x0,x0,0	  x0:0x00000000
         295000	        28	80000050	00002837	lui	x16,0x2	 x16=0x00002000
         305000	        29	80000054	80080813	addi	x16,x16,-2048	 x16:0x00002000 x16=0x00001800
         315000	        30	80000058	00000013	addi	x0,x0,0	  x0:0x00000000
         325000	        31	8000005c	00000013	addi	x0,x0,0	  x0:0x00000000
         335000	        32	80000060	00000013	addi	x0,x0,0	  x0:0x00000000
         345000	        33	80000064	00a00093	addi	x1,x0,10	  x0:0x00000000  x1=0x0000000a
         355000	        34	80000068	9f069137	lui	x2,0x9f069	  x2=0x9f069000
         365000	        35	8000006c	c5510113	addi	x2,x2,-939	  x2:0x9f069000  x2=0x9f068c55
         375000	        36	80000070	8622e1b7	lui	x3,0x8622e	  x3=0x8622e000
         385000	        37	80000074	5f218193	addi	x3,x3,1522	  x3:0x8622e000  x3=0x8622e5f2
         395000	        38	80000078	00200213	addi	x4,x0,2	  x0:0x00000000  x4=0x00000002
         405000	        39	8000007c	38bfe2b7	lui	x5,0x38bfe	  x5=0x38bfe000
         415000	        40	80000080	53128293	addi	x5,x5,1329	  x5:0x38bfe000  x5=0x38bfe531
         425000	        41	80000084	f0afa337	lui	x6,0xf0afa	  x6=0xf0afa000
         435000	        42	80000088	4b730313	addi	x6,x6,1207	  x6:0xf0afa000  x6=0xf0afa4b7
         445000	        43	8000008c	00200393	addi	x7,x0,2	  x0:0x00000000  x7=0x00000002
         455000	        44	80000090	00000493	addi	x9,x0,0	  x0:0x00000000  x9=0x00000000
         465000	        45	80000094	fc0fc537	lui	x10,0xfc0fc	 x10=0xfc0fc000
         475000	        46	80000098	72350513	addi	x10,x10,1827	 x10:0xfc0fc000 x10=0xfc0fc723
         485000	        47	8000009c	00200593	addi	x11,x0,2	  x0:0x00000000 x11=0x00000002
         495000	        48	800000a0	00c00613	addi	x12,x0,12	  x0:0x00000000 x12=0x0000000c
         505000	        49	800000a4	800006b7	lui	x13,0x80000	 x13=0x80000000
         515000	        50	800000a8	5618e737	lui	x14,0x5618e	 x14=0x5618e000
         525000	        51	800000ac	82470713	addi	x14,x14,-2012	 x14:0x5618e000 x14=0x5618d824
         535000	        52	800000b0	800007b7	lui	x15,0x80000	 x15=0x80000000
         545000	        53	800000b4	00000813	addi	x16,x0,0	  x0:0x00000000 x16=0x00000000
         555000	        54	800000b8	260378b7	lui	x17,0x26037	 x17=0x26037000
         565000	        55	800000bc	b6f88893	addi	x17,x17,-1169	 x17:0x26037000 x17=0x26036b6f
         575000	        56	800000c0	111c8937	lui	x18,0x111c8	 x18=0x111c8000
         585000	        57	800000c4	3b690913	addi	x18,x18,950	 x18:0x111c8000 x18=0x111c83b6
         595000	        58	800000c8	80000a37	lui	x20,0x80000	 x20=0x80000000
         605000	        59	800000cc	cf344ab7	lui	x21,0xcf344	 x21=0xcf344000
         615000	        60	800000d0	2f7a8a93	addi	x21,x21,759	 x21:0xcf344000 x21=0xcf3442f7
         625000	        61	800000d4	80000b37	lui	x22,0x80000	 x22=0x80000000
         635000	        62	800000d8	f480dbb7	lui	x23,0xf480d	 x23=0xf480d000
         645000	        63	800000dc	271b8b93	addi	x23,x23,625	 x23:0xf480d000 x23=0xf480d271
         655000	        64	800000e0	80000c37	lui	x24,0x80000	 x24=0x80000000
         665000	        65	800000e4	00000c93	addi	x25,x0,0	  x0:0x00000000 x25=0x00000000
         675000	        66	800000e8	0f284d37	lui	x26,0xf284	 x26=0x0f284000
         685000	        67	800000ec	37ed0d13	addi	x26,x26,894	 x26:0x0f284000 x26=0x0f28437e
         695000	        68	800000f0	692b5db7	lui	x27,0x692b5	 x27=0x692b5000
         705000	        69	800000f4	8f3d8d93	addi	x27,x27,-1805	 x27:0x692b5000 x27=0x692b48f3
         715000	        70	800000f8	fcef0e37	lui	x28,0xfcef0	 x28=0xfcef0000
         725000	        71	800000fc	8ade0e13	addi	x28,x28,-1875	 x28:0xfcef0000 x28=0xfceef8ad
         735000	        72	80000100	fbdc3eb7	lui	x29,0xfbdc3	 x29=0xfbdc3000
         745000	        73	80000104	cd0e8e93	addi	x29,x29,-816	 x29:0xfbdc3000 x29=0xfbdc2cd0
         755000	        74	80000108	e68fbf37	lui	x30,0xe68fb	 x30=0xe68fb000
         765000	        75	8000010c	b07f0f13	addi	x30,x30,-1273	 x30:0xe68fb000 x30=0xe68fab07
         775000	        76	80000110	80000fb7	lui	x31,0x80000	 x31=0x80000000
         785000	        77	80000114	0000a417	auipc	x8,0xa	  x8=0x8000a110
         795000	        78	80000118	e7440413	addi	x8,x8,-396	  x8:0x8000a110  x8=0x80009f84
         805000	        79	8000011c	01db2533	slt	x10,x22,x29	 x22:0x80000000 x29:0xfbdc2cd0 x10=0x00000001
         815000	        80	80000120	01f56733	or	x14,x10,x31	 x10:0x00000001 x31:0x80000000 x14=0x80000001
         825000	        81	80000124	d43d2113	slti	x2,x26,-701	 x26:0x0f28437e  x2=0x00000000
         835000	        82	80000128	3f44f793	andi	x15,x9,1012	  x9:0x00000000 x15=0x00000000
         845000	        83	8000012c	00103b33	sltu	x22,x0,x1	  x0:0x00000000  x1:0x0000000a x22=0x00000001
         855000	        84	80000130	00d22833	slt	x16,x4,x13	  x4:0x00000002 x13:0x80000000 x16=0x00000000
         865000	        85	80000134	00002297	auipc	x5,0x2	  x5=0x80002130
         875000	        86	80000138	b0828293	addi	x5,x5,-1272	  x5:0x80002130  x5=0x80001c38
         885000	        87	8000013c	20028293	addi	x5,x5,512	  x5:0x80001c38  x5=0x80001e38
         895000	        88	80000140	01d79c13	slli	x24,x15,0x1d	 x15:0x00000000 x24=0x00000000
         905000	        89	80000144	00276eb3	or	x29,x14,x2	 x14:0x80000001  x2:0x00000000 x29=0x80000001
         915000	        90	80000148	012fe463	bltu	x31,x18,80000150	 x31:0x80000000 x18:0x111c83b6
         925000	        91	8000014c	b12e6ab7	lui	x21,0xb12e6	 x21=0xb12e6000
         935000	        92	80000150	e0128e67	jalr	x28,x5,-511	  x5:0x80001e38 x28=0x80000150
         945000	        93	00000000	00000013	addi	x0,x0,0	  x0:0x00000000
         955000	        94	80001c38	00000013	addi	x0,x0,0	  x0:0x00000000
         965000	        95	80001c3c	b2d03313	sltiu	x6,x0,-1235	  x0:0x00000000  x6=0x00000001
         975000	        96	80001c40	8eef8593	addi	x11,x31,-1810	 x31:0x80000000 x11=0x7ffff8ee
         985000	        97	80001c44	40fe52b3	sra	x5,x28,x15	 x28:0x80000150 x15:0x00000000  x5=0x80000150
         995000	        98	80001c48	01ed4463	blt	x26,x30,80001c50	 x26:0x0f28437e x30:0xe68fab07
        1005000	        99	80001c4c	00000013	addi	x0,x0,0	  x0:0x00000000
        1015000	       100	80001c50	fd440413	addi	x8,x8,-44	  x8:0x80009f84  x8=0x80009f58
        1025000	       101	80001c54	c89d1937	lui	x18,0xc89d1	 x18=0xc89d1000
        1035000	       102	80001c58	01ed1ab3	sll	x21,x26,x30	 x26:0x0f28437e x30:0xe68fab07 x21=0x9421bf00
        1045000	       103	80001c5c	00855d33	srl	x26,x10,x8	 x10:0x00000001  x8:0x80009f58 x26=0x00000000
        1055000	       104	80001c60	01c42223	sw	x28,4(x8)	  x8:0x80009f58 x28:0x80000150 PA:0x80009f5c
        1065000	       105	80001c64	402b82b3	sub	x5,x23,x2	 x23:0xf480d271  x2:0x00000000  x5=0xf480d271
        1075000	       106	80001c68	00200a13	addi	x20,x0,2	  x0:0x00000000 x20=0x00000002
        1085000	       107	80001c6c	40bc50b3	sra	x1,x24,x11	 x24:0x00000000 x11:0x7ffff8ee  x1=0x00000000
        1095000	       108	80001c70	00b1e0b3	or	x1,x3,x11	  x3:0x8622e5f2 x11:0x7ffff8ee  x1=0xfffffdfe
        1105000	       109	80001c74	ff322e93	slti	x29,x4,-13	  x4:0x00000002 x29=0x00000000
        1115000	       110	80001c78	00b05013	srli	x0,x0,0xb	  x0:0x00000000
        1125000	       111	80001c7c	00500d13	addi	x26,x0,5	  x0:0x00000000 x26=0x00000005
        1135000	       112	80001c80	00000013	addi	x0,x0,0	  x0:0x00000000
        1145000	       113	80001c84	0014b5b3	sltu	x11,x9,x1	  x9:0x00000000  x1:0xfffffdfe x11=0x00000001
        1155000	       114	80001c88	00a0e1b3	or	x3,x1,x10	  x1:0xfffffdfe x10:0x00000001  x3=0xfffffdff
        1165000	       115	80001c8c	40a0ddb3	sra	x27,x1,x10	  x1:0xfffffdfe x10:0x00000001 x27=0xfffffeff
        1175000	       116	80001c90	00aa0a13	addi	x20,x20,10	 x20:0x00000002 x20=0x0000000c
        1185000	       117	80001c94	400f8533	sub	x10,x31,x0	 x31:0x80000000  x0:0x00000000 x10=0x80000000
        1195000	       118	80001c98	f8c2b197	auipc	x3,0xf8c2b	  x3=0x78c2cc94
        1205000	       119	80001c9c	ffaa44e3	blt	x20,x26,80001c84	 x20:0x0000000c x26:0x00000005
        1215000	       120	80001ca0	00000013	addi	x0,x0,0	  x0:0x00000000
        1225000	       121	80001ca4	00700e93	addi	x29,x0,7	  x0:0x00000000 x29=0x00000007
        1235000	       122	80001ca8	41365133	sra	x2,x12,x19	 x12:0x0000000c x19:0x80009fc4  x2=0x00000000
        1245000	       123	80001cac	fef00e13	addi	x28,x0,-17	  x0:0x00000000 x28=0xffffffef
        1255000	       124	80001cb0	18e60cb7	lui	x25,0x18e60	 x25=0x18e60000
        1265000	       125	80001cb4	00d10a33	add	x20,x2,x13	  x2:0x00000000 x13:0x80000000 x20=0x80000000
        1275000	       126	80001cb8	ffce8e93	addi	x29,x29,-4	 x29:0x00000007 x29=0x00000003
        1285000	       127	80001cbc	001cddb3	srl	x27,x25,x1	 x25:0x18e60000  x1:0xfffffdfe x27=0x00000000
        1295000	       128	80001cc0	5d578a93	addi	x21,x15,1493	 x15:0x00000000 x21=0x000005d5
        1305000	       129	80001cc4	00630d33	add	x26,x6,x6	  x6:0x00000001  x6:0x00000001 x26=0x00000002
        1315000	       130	80001cc8	00e091b3	sll	x3,x1,x14	  x1:0xfffffdfe x14:0x80000001  x3=0xfffffbfc
        1325000	       131	80001ccc	40ee8833	sub	x16,x29,x14	 x29:0x00000003 x14:0x80000001 x16=0x80000002
        1335000	       132	80001cd0	aad64213	xori	x4,x12,-1363	 x12:0x0000000c  x4=0xfffffaa1
        1345000	       133	80001cd4	41a85b13	srai	x22,x16,0x1a	 x16:0x80000002 x22=0xffffffe0
        1355000	       134	80001cd8	fdcedce3	bge	x29,x28,80001cb0	 x29:0x00000003 x28:0xffffffef
        1365000	       135	00000000	00000013	addi	x0,x0,0	  x0:0x00000000
        1375000	       136	80001cac	00000013	addi	x0,x0,0	  x0:0x00000000
        1385000	       137	80001cb0	18e60cb7	lui	x25,0x18e60	 x25=0x18e60000
        1395000	       138	80001cb4	00d10a33	add	x20,x2,x13	  x2:0x00000000 x13:0x80000000 x20=0x80000000
        1405000	       139	80001cb8	ffce8e93	addi	x29,x29,-4	 x29:0x00000003 x29=0xffffffff
        1415000	       140	80001cbc	001cddb3	srl	x27,x25,x1	 x25:0x18e60000  x1:0xfffffdfe x27=0x00000000
        1425000	       141	80001cc0	5d578a93	addi	x21,x15,1493	 x15:0x00000000 x21=0x000005d5
        1435000	       142	80001cc4	00630d33	add	x26,x6,x6	  x6:0x00000001  x6:0x00000001 x26=0x00000002
        1445000	       143	80001cc8	00e091b3	sll	x3,x1,x14	  x1:0xfffffdfe x14:0x80000001  x3=0xfffffbfc
        1455000	       144	80001ccc	40ee8833	sub	x16,x29,x14	 x29:0xffffffff x14:0x80000001 x16=0x7ffffffe
        1465000	       145	80001cd0	aad64213	xori	x4,x12,-1363	 x12:0x0000000c  x4=0xfffffaa1
        1475000	       146	80001cd4	41a85b13	srai	x22,x16,0x1a	 x16:0x7ffffffe x22=0x0000001f
        1485000	       147	80001cd8	fdcedce3	bge	x29,x28,80001cb0	 x29:0xffffffff x28:0xffffffef
        1495000	       148	00000000	00000013	addi	x0,x0,0	  x0:0x00000000
        1505000	       149	80001cac	00000013	addi	x0,x0,0	  x0:0x00000000
        1515000	       150	80001cb0	18e60cb7	lui	x25,0x18e60	 x25=0x18e60000
        1525000	       151	80001cb4	00d10a33	add	x20,x2,x13	  x2:0x00000000 x13:0x80000000 x20=0x80000000
        1535000	       152	80001cb8	ffce8e93	addi	x29,x29,-4	 x29:0xffffffff x29=0xfffffffb
        1545000	       153	80001cbc	001cddb3	srl	x27,x25,x1	 x25:0x18e60000  x1:0xfffffdfe x27=0x00000000
        1555000	       154	80001cc0	5d578a93	addi	x21,x15,1493	 x15:0x00000000 x21=0x000005d5
        1565000	       155	80001cc4	00630d33	add	x26,x6,x6	  x6:0x00000001  x6:0x00000001 x26=0x00000002
        1575000	       156	80001cc8	00e091b3	sll	x3,x1,x14	  x1:0xfffffdfe x14:0x80000001  x3=0xfffffbfc
        1585000	       157	80001ccc	40ee8833	sub	x16,x29,x14	 x29:0xfffffffb x14:0x80000001 x16=0x7ffffffa
        1595000	       158	80001cd0	aad64213	xori	x4,x12,-1363	 x12:0x0000000c  x4=0xfffffaa1
        1605000	       159	80001cd4	41a85b13	srai	x22,x16,0x1a	 x16:0x7ffffffa x22=0x0000001f
        1615000	       160	80001cd8	fdcedce3	bge	x29,x28,80001cb0	 x29:0xfffffffb x28:0xffffffef
        1625000	       161	00000000	00000013	addi	x0,x0,0	  x0:0x00000000
        1635000	       162	80001cac	00000013	addi	x0,x0,0	  x0:0x00000000
        1645000	       163	80001cb0	18e60cb7	lui	x25,0x18e60	 x25=0x18e60000
        1655000	       164	80001cb4	00d10a33	add	x20,x2,x13	  x2:0x00000000 x13:0x80000000 x20=0x80000000
        1665000	       165	80001cb8	ffce8e93	addi	x29,x29,-4	 x29:0xfffffffb x29=0xfffffff7
        1675000	       166	80001cbc	001cddb3	srl	x27,x25,x1	 x25:0x18e60000  x1:0xfffffdfe x27=0x00000000
        1685000	       167	80001cc0	5d578a93	addi	x21,x15,1493	 x15:0x00000000 x21=0x000005d5
        1695000	       168	80001cc4	00630d33	add	x26,x6,x6	  x6:0x00000001  x6:0x00000001 x26=0x00000002
        1705000	       169	80001cc8	00e091b3	sll	x3,x1,x14	  x1:0xfffffdfe x14:0x80000001  x3=0xfffffbfc
        1715000	       170	80001ccc	40ee8833	sub	x16,x29,x14	 x29:0xfffffff7 x14:0x80000001 x16=0x7ffffff6
        1725000	       171	80001cd0	aad64213	xori	x4,x12,-1363	 x12:0x0000000c  x4=0xfffffaa1
        1735000	       172	80001cd4	41a85b13	srai	x22,x16,0x1a	 x16:0x7ffffff6 x22=0x0000001f
        1745000	       173	80001cd8	fdcedce3	bge	x29,x28,80001cb0	 x29:0xfffffff7 x28:0xffffffef
        1755000	       174	00000000	00000013	addi	x0,x0,0	  x0:0x00000000
        1765000	       175	80001cac	00000013	addi	x0,x0,0	  x0:0x00000000
        1775000	       176	80001cb0	18e60cb7	lui	x25,0x18e60	 x25=0x18e60000
        1785000	       177	80001cb4	00d10a33	add	x20,x2,x13	  x2:0x00000000 x13:0x80000000 x20=0x80000000
        1795000	       178	80001cb8	ffce8e93	addi	x29,x29,-4	 x29:0xfffffff7 x29=0xfffffff3
        1805000	       179	80001cbc	001cddb3	srl	x27,x25,x1	 x25:0x18e60000  x1:0xfffffdfe x27=0x00000000
        1815000	       180	80001cc0	5d578a93	addi	x21,x15,1493	 x15:0x00000000 x21=0x000005d5
        1825000	       181	80001cc4	00630d33	add	x26,x6,x6	  x6:0x00000001  x6:0x00000001 x26=0x00000002
        1835000	       182	80001cc8	00e091b3	sll	x3,x1,x14	  x1:0xfffffdfe x14:0x80000001  x3=0xfffffbfc
        1845000	       183	80001ccc	40ee8833	sub	x16,x29,x14	 x29:0xfffffff3 x14:0x80000001 x16=0x7ffffff2
        1855000	       184	80001cd0	aad64213	xori	x4,x12,-1363	 x12:0x0000000c  x4=0xfffffaa1
        1865000	       185	80001cd4	41a85b13	srai	x22,x16,0x1a	 x16:0x7ffffff2 x22=0x0000001f
        1875000	       186	80001cd8	fdcedce3	bge	x29,x28,80001cb0	 x29:0xfffffff3 x28:0xffffffef
        1885000	       187	00000000	00000013	addi	x0,x0,0	  x0:0x00000000
        1895000	       188	80001cac	00000013	addi	x0,x0,0	  x0:0x00000000
        1905000	       189	80001cb0	18e60cb7	lui	x25,0x18e60	 x25=0x18e60000
        1915000	       190	80001cb4	00d10a33	add	x20,x2,x13	  x2:0x00000000 x13:0x80000000 x20=0x80000000
        1925000	       191	80001cb8	ffce8e93	addi	x29,x29,-4	 x29:0xfffffff3 x29=0xffffffef
        1935000	       192	80001cbc	001cddb3	srl	x27,x25,x1	 x25:0x18e60000  x1:0xfffffdfe x27=0x00000000
        1945000	       193	80001cc0	5d578a93	addi	x21,x15,1493	 x15:0x00000000 x21=0x000005d5
        1955000	       194	80001cc4	00630d33	add	x26,x6,x6	  x6:0x00000001  x6:0x00000001 x26=0x00000002
        1965000	       195	80001cc8	00e091b3	sll	x3,x1,x14	  x1:0xfffffdfe x14:0x80000001  x3=0xfffffbfc
        1975000	       196	80001ccc	40ee8833	sub	x16,x29,x14	 x29:0xffffffef x14:0x80000001 x16=0x7fffffee
        1985000	       197	80001cd0	aad64213	xori	x4,x12,-1363	 x12:0x0000000c  x4=0xfffffaa1
        1995000	       198	80001cd4	41a85b13	srai	x22,x16,0x1a	 x16:0x7fffffee x22=0x0000001f
        2005000	       199	80001cd8	fdcedce3	bge	x29,x28,80001cb0	 x29:0xffffffef x28:0xffffffef
        2015000	       200	00000000	00000013	addi	x0,x0,0	  x0:0x00000000
        2025000	       201	80001cac	00000013	addi	x0,x0,0	  x0:0x00000000
        2035000	       202	80001cb0	18e60cb7	lui	x25,0x18e60	 x25=0x18e60000
        2045000	       203	80001cb4	00d10a33	add	x20,x2,x13	  x2:0x00000000 x13:0x80000000 x20=0x80000000
        2055000	       204	80001cb8	ffce8e93	addi	x29,x29,-4	 x29:0xffffffef x29=0xffffffeb
        2065000	       205	80001cbc	001cddb3	srl	x27,x25,x1	 x25:0x18e60000  x1:0xfffffdfe x27=0x00000000
        2075000	       206	80001cc0	5d578a93	addi	x21,x15,1493	 x15:0x00000000 x21=0x000005d5
        2085000	       207	80001cc4	00630d33	add	x26,x6,x6	  x6:0x00000001  x6:0x00000001 x26=0x00000002
        2095000	       208	80001cc8	00e091b3	sll	x3,x1,x14	  x1:0xfffffdfe x14:0x80000001  x3=0xfffffbfc
        2105000	       209	80001ccc	40ee8833	sub	x16,x29,x14	 x29:0xffffffeb x14:0x80000001 x16=0x7fffffea
        2115000	       210	80001cd0	aad64213	xori	x4,x12,-1363	 x12:0x0000000c  x4=0xfffffaa1
        2125000	       211	80001cd4	41a85b13	srai	x22,x16,0x1a	 x16:0x7fffffea x22=0x0000001f
        2135000	       212	80001cd8	fdcedce3	bge	x29,x28,80001cb0	 x29:0xffffffeb x28:0xffffffef
        2145000	       213	80001cdc	8e6e94b7	lui	x9,0x8e6e9	  x9=0x8e6e9000
        2155000	       214	80001ce0	ffc00593	addi	x11,x0,-4	  x0:0x00000000 x11=0xfffffffc
        2165000	       215	80001ce4	00c00813	addi	x16,x0,12	  x0:0x00000000 x16=0x0000000c
        2175000	       216	80001ce8	00a732b3	sltu	x5,x14,x10	 x14:0x80000001 x10:0x80000000  x5=0x00000000
        2185000	       217	80001cec	00858593	addi	x11,x11,8	 x11:0xfffffffc x11=0x00000004
        2195000	       218	80001cf0	00700793	addi	x15,x0,7	  x0:0x00000000 x15=0x00000007
        2205000	       219	80001cf4	bcbde613	ori	x12,x27,-1077	 x27:0x00000000 x12=0xfffffbcb
        2215000	       220	80001cf8	ffe00093	addi	x1,x0,-2	  x0:0x00000000  x1=0xfffffffe
        2225000	       221	80001cfc	6b268e13	addi	x28,x13,1714	 x13:0x80000000 x28=0x800006b2
        2235000	       222	80001d00	fff78793	addi	x15,x15,-1	 x15:0x00000007 x15=0x00000006
        2245000	       223	80001d04	fe17dce3	bge	x15,x1,80001cfc	 x15:0x00000006  x1:0xfffffffe
        2255000	       224	00000000	00000013	addi	x0,x0,0	  x0:0x00000000
        2265000	       225	80001cf8	00000013	addi	x0,x0,0	  x0:0x00000000
        2275000	       226	80001cfc	6b268e13	addi	x28,x13,1714	 x13:0x80000000 x28=0x800006b2
        2285000	       227	80001d00	fff78793	addi	x15,x15,-1	 x15:0x00000006 x15=0x00000005
        2295000	       228	80001d04	fe17dce3	bge	x15,x1,80001cfc	 x15:0x00000005  x1:0xfffffffe
        2305000	       229	00000000	00000013	addi	x0,x0,0	  x0:0x00000000
        2315000	       230	80001cf8	00000013	addi	x0,x0,0	  x0:0x00000000
        2325000	       231	80001cfc	6b268e13	addi	x28,x13,1714	 x13:0x80000000 x28=0x800006b2
        2335000	       232	80001d00	fff78793	addi	x15,x15,-1	 x15:0x00000005 x15=0x00000004
        2345000	       233	80001d04	fe17dce3	bge	x15,x1,80001cfc	 x15:0x00000004  x1:0xfffffffe
        2355000	       234	00000000	00000013	addi	x0,x0,0	  x0:0x00000000
        2365000	       235	80001cf8	00000013	addi	x0,x0,0	  x0:0x00000000
        2375000	       236	80001cfc	6b268e13	addi	x28,x13,1714	 x13:0x80000000 x28=0x800006b2
        2385000	       237	80001d00	fff78793	addi	x15,x15,-1	 x15:0x00000004 x15=0x00000003
        2395000	       238	80001d04	fe17dce3	bge	x15,x1,80001cfc	 x15:0x00000003  x1:0xfffffffe
        2405000	       239	00000000	00000013	addi	x0,x0,0	  x0:0x00000000
        2415000	       240	80001cf8	00000013	addi	x0,x0,0	  x0:0x00000000
        2425000	       241	80001cfc	6b268e13	addi	x28,x13,1714	 x13:0x80000000 x28=0x800006b2
        2435000	       242	80001d00	fff78793	addi	x15,x15,-1	 x15:0x00000003 x15=0x00000002
        2445000	       243	80001d04	fe17dce3	bge	x15,x1,80001cfc	 x15:0x00000002  x1:0xfffffffe
        2455000	       244	00000000	00000013	addi	x0,x0,0	  x0:0x00000000
        2465000	       245	80001cf8	00000013	addi	x0,x0,0	  x0:0x00000000
        2475000	       246	80001cfc	6b268e13	addi	x28,x13,1714	 x13:0x80000000 x28=0x800006b2
        2485000	       247	80001d00	fff78793	addi	x15,x15,-1	 x15:0x00000002 x15=0x00000001
        2495000	       248	80001d04	fe17dce3	bge	x15,x1,80001cfc	 x15:0x00000001  x1:0xfffffffe
        2505000	       249	00000000	00000013	addi	x0,x0,0	  x0:0x00000000
        2515000	       250	80001cf8	00000013	addi	x0,x0,0	  x0:0x00000000
        2525000	       251	80001cfc	6b268e13	addi	x28,x13,1714	 x13:0x80000000 x28=0x800006b2
        2535000	       252	80001d00	fff78793	addi	x15,x15,-1	 x15:0x00000001 x15=0x00000000
        2545000	       253	80001d04	fe17dce3	bge	x15,x1,80001cfc	 x15:0x00000000  x1:0xfffffffe
        2555000	       254	00000000	00000013	addi	x0,x0,0	  x0:0x00000000
        2565000	       255	80001cf8	00000013	addi	x0,x0,0	  x0:0x00000000
        2575000	       256	80001cfc	6b268e13	addi	x28,x13,1714	 x13:0x80000000 x28=0x800006b2
        2585000	       257	80001d00	fff78793	addi	x15,x15,-1	 x15:0x00000000 x15=0xffffffff
        2595000	       258	80001d04	fe17dce3	bge	x15,x1,80001cfc	 x15:0xffffffff  x1:0xfffffffe
        2605000	       259	00000000	00000013	addi	x0,x0,0	  x0:0x00000000
        2615000	       260	80001cf8	00000013	addi	x0,x0,0	  x0:0x00000000
        2625000	       261	80001cfc	6b268e13	addi	x28,x13,1714	 x13:0x80000000 x28=0x800006b2
        2635000	       262	80001d00	fff78793	addi	x15,x15,-1	 x15:0xffffffff x15=0xfffffffe
        2645000	       263	80001d04	fe17dce3	bge	x15,x1,80001cfc	 x15:0xfffffffe  x1:0xfffffffe
        2655000	       264	00000000	00000013	addi	x0,x0,0	  x0:0x00000000
        2665000	       265	80001cf8	00000013	addi	x0,x0,0	  x0:0x00000000
        2675000	       266	80001cfc	6b268e13	addi	x28,x13,1714	 x13:0x80000000 x28=0x800006b2
        2685000	       267	80001d00	fff78793	addi	x15,x15,-1	 x15:0xfffffffe x15=0xfffffffd
        2695000	       268	80001d04	fe17dce3	bge	x15,x1,80001cfc	 x15:0xfffffffd  x1:0xfffffffe
        2705000	       269	80001d08	ff0580e3	beq	x11,x16,80001ce8	 x11:0x00000004 x16:0x0000000c
        2715000	       270	80001d0c	01993bb3	sltu	x23,x18,x25	 x18:0xc89d1000 x25:0x18e60000 x23=0x00000000
        2725000	       271	80001d10	ff600713	addi	x14,x0,-10	  x0:0x00000000 x14=0xfffffff6
        2735000	       272	80001d14	0025d593	srli	x11,x11,0x2	 x11:0x00000004 x11=0x00000001
        2745000	       273	80001d18	40fc8333	sub	x6,x25,x15	 x25:0x18e60000 x15:0xfffffffd  x6=0x18e60003
        2755000	       274	80001d1c	01fe1913	slli	x18,x28,0x1f	 x28:0x800006b2 x18=0x00000000
        2765000	       275	80001d20	fec00193	addi	x3,x0,-20	  x0:0x00000000  x3=0xffffffec
        2775000	       276	80001d24	00afb333	sltu	x6,x31,x10	 x31:0x80000000 x10:0x80000000  x6=0x00000000
        2785000	       277	80001d28	0025aeb3	slt	x29,x11,x2	 x11:0x00000001  x2:0x00000000 x29=0x00000000
        2795000	       278	80001d2c	000b1c33	sll	x24,x22,x0	 x22:0x0000001f  x0:0x00000000 x24=0x0000001f
        2805000	       279	80001d30	01cd5593	srli	x11,x26,0x1c	 x26:0x00000002 x11=0x00000000
        2815000	       280	80001d34	3b864813	xori	x16,x12,952	 x12:0xfffffbcb x16=0xfffff873
        2825000	       281	80001d38	0170deb3	srl	x29,x1,x23	  x1:0xfffffffe x23:0x00000000 x29=0xfffffffe
        2835000	       282	80001d3c	000b1ab3	sll	x21,x22,x0	 x22:0x0000001f  x0:0x00000000 x21=0x0000001f
        2845000	       283	80001d40	00000013	addi	x0,x0,0	  x0:0x00000000
        2855000	       284	80001d44	01298533	add	x10,x19,x18	 x19:0x80009fc4 x18:0x00000000 x10=0x80009fc4
        2865000	       285	80001d48	fff70713	addi	x14,x14,-1	 x14:0xfffffff6 x14=0xfffffff5
        2875000	       286	80001d4c	0030b5b3	sltu	x11,x1,x3	  x1:0xfffffffe  x3:0xffffffec x11=0x00000000
        2885000	       287	80001d50	2f80c693	xori	x13,x1,760	  x1:0xfffffffe x13=0xfffffd06
        2895000	       288	80001d54	011f4eb3	xor	x29,x30,x17	 x30:0xe68fab07 x17:0x26036b6f x29=0xc08cc068
        2905000	       289	80001d58	450db0b7	lui	x1,0x450db	  x1=0x450db000
        2915000	       290	80001d5c	00000d13	addi	x26,x0,0	  x0:0x00000000 x26=0x00000000
        2925000	       291	80001d60	c2843813	sltiu	x16,x8,-984	  x8:0x80009f58 x16=0x00000001
        2935000	       292	80001d64	e6bd3117	auipc	x2,0xe6bd3	  x2=0x66bd4d60
        2945000	       293	80001d68	01c144b3	xor	x9,x2,x28	  x2:0x66bd4d60 x28:0x800006b2  x9=0xe6bd4bd2
        2955000	       294	80001d6c	00c00613	addi	x12,x0,12	  x0:0x00000000 x12=0x0000000c
        2965000	       295	80001d70	7e7e2013	slti	x0,x28,2023	 x28:0x800006b2
        2975000	       296	80001d74	00000013	addi	x0,x0,0	  x0:0x00000000
        2985000	       297	80001d78	00ad0d13	addi	x26,x26,10	 x26:0x00000000 x26=0x0000000a
        2995000	       298	80001d7c	4192d593	srai	x11,x5,0x19	  x5:0x00000000 x11=0x00000000
        3005000	       299	80001d80	01147233	and	x4,x8,x17	  x8:0x80009f58 x17:0x26036b6f  x4=0x00000b48
        3015000	       300	80001d84	fecd66e3	bltu	x26,x12,80001d70	 x26:0x0000000a x12:0x0000000c
        3025000	       301	00000000	00000013	addi	x0,x0,0	  x0:0x00000000
        3035000	       302	80001d6c	00000013	addi	x0,x0,0	  x0:0x00000000
        3045000	       303	80001d70	7e7e2013	slti	x0,x28,2023	 x28:0x800006b2
        3055000	       304	80001d74	00000013	addi	x0,x0,0	  x0:0x00000000
        3065000	       305	80001d78	00ad0d13	addi	x26,x26,10	 x26:0x0000000a x26=0x00000014
        3075000	       306	80001d7c	4192d593	srai	x11,x5,0x19	  x5:0x00000000 x11=0x00000000
        3085000	       307	80001d80	01147233	and	x4,x8,x17	  x8:0x80009f58 x17:0x26036b6f  x4=0x00000b48
        3095000	       308	80001d84	fecd66e3	bltu	x26,x12,80001d70	 x26:0x00000014 x12:0x0000000c
        3105000	       309	80001d88	00000013	addi	x0,x0,0	  x0:0x00000000
        3115000	       310	80001d8c	01757bb3	and	x23,x10,x23	 x10:0x80009fc4 x23:0x00000000 x23=0x00000000
        3125000	       311	80001d90	fa3718e3	bne	x14,x3,80001d40	 x14:0xfffffff5  x3:0xffffffec
        3135000	       312	00000000	00000013	addi	x0,x0,0	  x0:0x00000000
        3145000	       313	80001d3c	00000013	addi	x0,x0,0	  x0:0x00000000
        3155000	       314	80001d40	00000013	addi	x0,x0,0	  x0:0x00000000
        3165000	       315	80001d44	01298533	add	x10,x19,x18	 x19:0x80009fc4 x18:0x00000000 x10=0x80009fc4
        3175000	       316	80001d48	fff70713	addi	x14,x14,-1	 x14:0xfffffff5 x14=0xfffffff4
        3185000	       317	80001d4c	0030b5b3	sltu	x11,x1,x3	  x1:0x450db000  x3:0xffffffec x11=0x00000001
        3195000	       318	80001d50	2f80c693	xori	x13,x1,760	  x1:0x450db000 x13=0x450db2f8
        3205000	       319	80001d54	011f4eb3	xor	x29,x30,x17	 x30:0xe68fab07 x17:0x26036b6f x29=0xc08cc068
        3215000	       320	80001d58	450db0b7	lui	x1,0x450db	  x1=0x450db000
        3225000	       321	80001d5c	00000d13	addi	x26,x0,0	  x0:0x00000000 x26=0x00000000
        3235000	       322	80001d60	c2843813	sltiu	x16,x8,-984	  x8:0x80009f58 x16=0x00000001
        3245000	       323	80001d64	e6bd3117	auipc	x2,0xe6bd3	  x2=0x66bd4d60
        3255000	       324	80001d68	01c144b3	xor	x9,x2,x28	  x2:0x66bd4d60 x28:0x800006b2  x9=0xe6bd4bd2
        3265000	       325	80001d6c	00c00613	addi	x12,x0,12	  x0:0x00000000 x12=0x0000000c
        3275000	       326	80001d70	7e7e2013	slti	x0,x28,2023	 x28:0x800006b2
        3285000	       327	80001d74	00000013	addi	x0,x0,0	  x0:0x00000000
        3295000	       328	80001d78	00ad0d13	addi	x26,x26,10	 x26:0x00000000 x26=0x0000000a
        3305000	       329	80001d7c	4192d593	srai	x11,x5,0x19	  x5:0x00000000 x11=0x00000000
        3315000	       330	80001d80	01147233	and	x4,x8,x17	  x8:0x80009f58 x17:0x26036b6f  x4=0x00000b48
        3325000	       331	80001d84	fecd66e3	bltu	x26,x12,80001d70	 x26:0x0000000a x12:0x0000000c
        3335000	       332	00000000	00000013	addi	x0,x0,0	  x0:0x00000000
        3345000	       333	80001d6c	00000013	addi	x0,x0,0	  x0:0x00000000
        3355000	       334	80001d70	7e7e2013	slti	x0,x28,2023	 x28:0x800006b2
        3365000	       335	80001d74	00000013	addi	x0,x0,0	  x0:0x00000000
        3375000	       336	80001d78	00ad0d13	addi	x26,x26,10	 x26:0x0000000a x26=0x00000014
        3385000	       337	80001d7c	4192d593	srai	x11,x5,0x19	  x5:0x00000000 x11=0x00000000
        3395000	       338	80001d80	01147233	and	x4,x8,x17	  x8:0x80009f58 x17:0x26036b6f  x4=0x00000b48
        3405000	       339	80001d84	fecd66e3	bltu	x26,x12,80001d70	 x26:0x00000014 x12:0x0000000c
        3415000	       340	80001d88	00000013	addi	x0,x0,0	  x0:0x00000000
        3425000	       341	80001d8c	01757bb3	and	x23,x10,x23	 x10:0x80009fc4 x23:0x00000000 x23=0x00000000
        3435000	       342	80001d90	fa3718e3	bne	x14,x3,80001d40	 x14:0xfffffff4  x3:0xffffffec
        3445000	       343	00000000	00000013	addi	x0,x0,0	  x0:0x00000000
        3455000	       344	80001d3c	00000013	addi	x0,x0,0	  x0:0x00000000
        3465000	       345	80001d40	00000013	addi	x0,x0,0	  x0:0x00000000
        3475000	       346	80001d44	01298533	add	x10,x19,x18	 x19:0x80009fc4 x18:0x00000000 x10=0x80009fc4
        3485000	       347	80001d48	fff70713	addi	x14,x14,-1	 x14:0xfffffff4 x14=0xfffffff3
        3495000	       348	80001d4c	0030b5b3	sltu	x11,x1,x3	  x1:0x450db000  x3:0xffffffec x11=0x00000001
        3505000	       349	80001d50	2f80c693	xori	x13,x1,760	  x1:0x450db000 x13=0x450db2f8
        3515000	       350	80001d54	011f4eb3	xor	x29,x30,x17	 x30:0xe68fab07 x17:0x26036b6f x29=0xc08cc068
        3525000	       351	80001d58	450db0b7	lui	x1,0x450db	  x1=0x450db000
        3535000	       352	80001d5c	00000d13	addi	x26,x0,0	  x0:0x00000000 x26=0x00000000
        3545000	       353	80001d60	c2843813	sltiu	x16,x8,-984	  x8:0x80009f58 x16=0x00000001
        3555000	       354	80001d64	e6bd3117	auipc	x2,0xe6bd3	  x2=0x66bd4d60
        3565000	       355	80001d68	01c144b3	xor	x9,x2,x28	  x2:0x66bd4d60 x28:0x800006b2  x9=0xe6bd4bd2
        3575000	       356	80001d6c	00c00613	addi	x12,x0,12	  x0:0x00000000 x12=0x0000000c
        3585000	       357	80001d70	7e7e2013	slti	x0,x28,2023	 x28:0x800006b2
        3595000	       358	80001d74	00000013	addi	x0,x0,0	  x0:0x00000000
        3605000	       359	80001d78	00ad0d13	addi	x26,x26,10	 x26:0x00000000 x26=0x0000000a
        3615000	       360	80001d7c	4192d593	srai	x11,x5,0x19	  x5:0x00000000 x11=0x00000000
        3625000	       361	80001d80	01147233	and	x4,x8,x17	  x8:0x80009f58 x17:0x26036b6f  x4=0x00000b48
        3635000	       362	80001d84	fecd66e3	bltu	x26,x12,80001d70	 x26:0x0000000a x12:0x0000000c
        3645000	       363	00000000	00000013	addi	x0,x0,0	  x0:0x00000000
        3655000	       364	80001d6c	00000013	addi	x0,x0,0	  x0:0x00000000
        3665000	       365	80001d70	7e7e2013	slti	x0,x28,2023	 x28:0x800006b2
        3675000	       366	80001d74	00000013	addi	x0,x0,0	  x0:0x00000000
        3685000	       367	80001d78	00ad0d13	addi	x26,x26,10	 x26:0x0000000a x26=0x00000014
        3695000	       368	80001d7c	4192d593	srai	x11,x5,0x19	  x5:0x00000000 x11=0x00000000
        3705000	       369	80001d80	01147233	and	x4,x8,x17	  x8:0x80009f58 x17:0x26036b6f  x4=0x00000b48
        3715000	       370	80001d84	fecd66e3	bltu	x26,x12,80001d70	 x26:0x00000014 x12:0x0000000c
        3725000	       371	80001d88	00000013	addi	x0,x0,0	  x0:0x00000000
        3735000	       372	80001d8c	01757bb3	and	x23,x10,x23	 x10:0x80009fc4 x23:0x00000000 x23=0x00000000
        3745000	       373	80001d90	fa3718e3	bne	x14,x3,80001d40	 x14:0xfffffff3  x3:0xffffffec
        3755000	       374	00000000	00000013	addi	x0,x0,0	  x0:0x00000000
        3765000	       375	80001d3c	00000013	addi	x0,x0,0	  x0:0x00000000
        3775000	       376	80001d40	00000013	addi	x0,x0,0	  x0:0x00000000
        3785000	       377	80001d44	01298533	add	x10,x19,x18	 x19:0x80009fc4 x18:0x00000000 x10=0x80009fc4
        3795000	       378	80001d48	fff70713	addi	x14,x14,-1	 x14:0xfffffff3 x14=0xfffffff2
        3805000	       379	80001d4c	0030b5b3	sltu	x11,x1,x3	  x1:0x450db000  x3:0xffffffec x11=0x00000001
        3815000	       380	80001d50	2f80c693	xori	x13,x1,760	  x1:0x450db000 x13=0x450db2f8
        3825000	       381	80001d54	011f4eb3	xor	x29,x30,x17	 x30:0xe68fab07 x17:0x26036b6f x29=0xc08cc068
        3835000	       382	80001d58	450db0b7	lui	x1,0x450db	  x1=0x450db000
        3845000	       383	80001d5c	00000d13	addi	x26,x0,0	  x0:0x00000000 x26=0x00000000
        3855000	       384	80001d60	c2843813	sltiu	x16,x8,-984	  x8:0x80009f58 x16=0x00000001
        3865000	       385	80001d64	e6bd3117	auipc	x2,0xe6bd3	  x2=0x66bd4d60
        3875000	       386	80001d68	01c144b3	xor	x9,x2,x28	  x2:0x66bd4d60 x28:0x800006b2  x9=0xe6bd4bd2
        3885000	       387	80001d6c	00c00613	addi	x12,x0,12	  x0:0x00000000 x12=0x0000000c
        3895000	       388	80001d70	7e7e2013	slti	x0,x28,2023	 x28:0x800006b2
        3905000	       389	80001d74	00000013	addi	x0,x0,0	  x0:0x00000000
        3915000	       390	80001d78	00ad0d13	addi	x26,x26,10	 x26:0x00000000 x26=0x0000000a
        3925000	       391	80001d7c	4192d593	srai	x11,x5,0x19	  x5:0x00000000 x11=0x00000000
        3935000	       392	80001d80	01147233	and	x4,x8,x17	  x8:0x80009f58 x17:0x26036b6f  x4=0x00000b48
        3945000	       393	80001d84	fecd66e3	bltu	x26,x12,80001d70	 x26:0x0000000a x12:0x0000000c
        3955000	       394	00000000	00000013	addi	x0,x0,0	  x0:0x00000000
        3965000	       395	80001d6c	00000013	addi	x0,x0,0	  x0:0x00000000
        3975000	       396	80001d70	7e7e2013	slti	x0,x28,2023	 x28:0x800006b2
        3985000	       397	80001d74	00000013	addi	x0,x0,0	  x0:0x00000000
        3995000	       398	80001d78	00ad0d13	addi	x26,x26,10	 x26:0x0000000a x26=0x00000014
        4005000	       399	80001d7c	4192d593	srai	x11,x5,0x19	  x5:0x00000000 x11=0x00000000
        4015000	       400	80001d80	01147233	and	x4,x8,x17	  x8:0x80009f58 x17:0x26036b6f  x4=0x00000b48
        4025000	       401	80001d84	fecd66e3	bltu	x26,x12,80001d70	 x26:0x00000014 x12:0x0000000c
        4035000	       402	80001d88	00000013	addi	x0,x0,0	  x0:0x00000000
        4045000	       403	80001d8c	01757bb3	and	x23,x10,x23	 x10:0x80009fc4 x23:0x00000000 x23=0x00000000
        4055000	       404	80001d90	fa3718e3	bne	x14,x3,80001d40	 x14:0xfffffff2  x3:0xffffffec
        4065000	       405	00000000	00000013	addi	x0,x0,0	  x0:0x00000000
        4075000	       406	80001d3c	00000013	addi	x0,x0,0	  x0:0x00000000
        4085000	       407	80001d40	00000013	addi	x0,x0,0	  x0:0x00000000
        4095000	       408	80001d44	01298533	add	x10,x19,x18	 x19:0x80009fc4 x18:0x00000000 x10=0x80009fc4
        4105000	       409	80001d48	fff70713	addi	x14,x14,-1	 x14:0xfffffff2 x14=0xfffffff1
        4115000	       410	80001d4c	0030b5b3	sltu	x11,x1,x3	  x1:0x450db000  x3:0xffffffec x11=0x00000001
        4125000	       411	80001d50	2f80c693	xori	x13,x1,760	  x1:0x450db000 x13=0x450db2f8
        4135000	       412	80001d54	011f4eb3	xor	x29,x30,x17	 x30:0xe68fab07 x17:0x26036b6f x29=0xc08cc068
        4145000	       413	80001d58	450db0b7	lui	x1,0x450db	  x1=0x450db000
        4155000	       414	80001d5c	00000d13	addi	x26,x0,0	  x0:0x00000000 x26=0x00000000
        4165000	       415	80001d60	c2843813	sltiu	x16,x8,-984	  x8:0x80009f58 x16=0x00000001
        4175000	       416	80001d64	e6bd3117	auipc	x2,0xe6bd3	  x2=0x66bd4d60
        4185000	       417	80001d68	01c144b3	xor	x9,x2,x28	  x2:0x66bd4d60 x28:0x800006b2  x9=0xe6bd4bd2
        4195000	       418	80001d6c	00c00613	addi	x12,x0,12	  x0:0x00000000 x12=0x0000000c
        4205000	       419	80001d70	7e7e2013	slti	x0,x28,2023	 x28:0x800006b2
        4215000	       420	80001d74	00000013	addi	x0,x0,0	  x0:0x00000000
        4225000	       421	80001d78	00ad0d13	addi	x26,x26,10	 x26:0x00000000 x26=0x0000000a
        4235000	       422	80001d7c	4192d593	srai	x11,x5,0x19	  x5:0x00000000 x11=0x00000000
        4245000	       423	80001d80	01147233	and	x4,x8,x17	  x8:0x80009f58 x17:0x26036b6f  x4=0x00000b48
        4255000	       424	80001d84	fecd66e3	bltu	x26,x12,80001d70	 x26:0x0000000a x12:0x0000000c
        4265000	       425	00000000	00000013	addi	x0,x0,0	  x0:0x00000000
        4275000	       426	80001d6c	00000013	addi	x0,x0,0	  x0:0x00000000
        4285000	       427	80001d70	7e7e2013	slti	x0,x28,2023	 x28:0x800006b2
        4295000	       428	80001d74	00000013	addi	x0,x0,0	  x0:0x00000000
        4305000	       429	80001d78	00ad0d13	addi	x26,x26,10	 x26:0x0000000a x26=0x00000014
        4315000	       430	80001d7c	4192d593	srai	x11,x5,0x19	  x5:0x00000000 x11=0x00000000
        4325000	       431	80001d80	01147233	and	x4,x8,x17	  x8:0x80009f58 x17:0x26036b6f  x4=0x00000b48
        4335000	       432	80001d84	fecd66e3	bltu	x26,x12,80001d70	 x26:0x00000014 x12:0x0000000c
        4345000	       433	80001d88	00000013	addi	x0,x0,0	  x0:0x00000000
        4355000	       434	80001d8c	01757bb3	and	x23,x10,x23	 x10:0x80009fc4 x23:0x00000000 x23=0x00000000
        4365000	       435	80001d90	fa3718e3	bne	x14,x3,80001d40	 x14:0xfffffff1  x3:0xffffffec
        4375000	       436	00000000	00000013	addi	x0,x0,0	  x0:0x00000000
        4385000	       437	80001d3c	00000013	addi	x0,x0,0	  x0:0x00000000
        4395000	       438	80001d40	00000013	addi	x0,x0,0	  x0:0x00000000
        4405000	       439	80001d44	01298533	add	x10,x19,x18	 x19:0x80009fc4 x18:0x00000000 x10=0x80009fc4
        4415000	       440	80001d48	fff70713	addi	x14,x14,-1	 x14:0xfffffff1 x14=0xfffffff0
        4425000	       441	80001d4c	0030b5b3	sltu	x11,x1,x3	  x1:0x450db000  x3:0xffffffec x11=0x00000001
        4435000	       442	80001d50	2f80c693	xori	x13,x1,760	  x1:0x450db000 x13=0x450db2f8
        4445000	       443	80001d54	011f4eb3	xor	x29,x30,x17	 x30:0xe68fab07 x17:0x26036b6f x29=0xc08cc068
        4455000	       444	80001d58	450db0b7	lui	x1,0x450db	  x1=0x450db000
        4465000	       445	80001d5c	00000d13	addi	x26,x0,0	  x0:0x00000000 x26=0x00000000
        4475000	       446	80001d60	c2843813	sltiu	x16,x8,-984	  x8:0x80009f58 x16=0x00000001
        4485000	       447	80001d64	e6bd3117	auipc	x2,0xe6bd3	  x2=0x66bd4d60
        4495000	       448	80001d68	01c144b3	xor	x9,x2,x28	  x2:0x66bd4d60 x28:0x800006b2  x9=0xe6bd4bd2
        4505000	       449	80001d6c	00c00613	addi	x12,x0,12	  x0:0x00000000 x12=0x0000000c
        4515000	       450	80001d70	7e7e2013	slti	x0,x28,2023	 x28:0x800006b2
        4525000	       451	80001d74	00000013	addi	x0,x0,0	  x0:0x00000000
        4535000	       452	80001d78	00ad0d13	addi	x26,x26,10	 x26:0x00000000 x26=0x0000000a
        4545000	       453	80001d7c	4192d593	srai	x11,x5,0x19	  x5:0x00000000 x11=0x00000000
        4555000	       454	80001d80	01147233	and	x4,x8,x17	  x8:0x80009f58 x17:0x26036b6f  x4=0x00000b48
        4565000	       455	80001d84	fecd66e3	bltu	x26,x12,80001d70	 x26:0x0000000a x12:0x0000000c
        4575000	       456	00000000	00000013	addi	x0,x0,0	  x0:0x00000000
        4585000	       457	80001d6c	00000013	addi	x0,x0,0	  x0:0x00000000
        4595000	       458	80001d70	7e7e2013	slti	x0,x28,2023	 x28:0x800006b2
        4605000	       459	80001d74	00000013	addi	x0,x0,0	  x0:0x00000000
        4615000	       460	80001d78	00ad0d13	addi	x26,x26,10	 x26:0x0000000a x26=0x00000014
        4625000	       461	80001d7c	4192d593	srai	x11,x5,0x19	  x5:0x00000000 x11=0x00000000
        4635000	       462	80001d80	01147233	and	x4,x8,x17	  x8:0x80009f58 x17:0x26036b6f  x4=0x00000b48
        4645000	       463	80001d84	fecd66e3	bltu	x26,x12,80001d70	 x26:0x00000014 x12:0x0000000c
        4655000	       464	80001d88	00000013	addi	x0,x0,0	  x0:0x00000000
        4665000	       465	80001d8c	01757bb3	and	x23,x10,x23	 x10:0x80009fc4 x23:0x00000000 x23=0x00000000
        4675000	       466	80001d90	fa3718e3	bne	x14,x3,80001d40	 x14:0xfffffff0  x3:0xffffffec
        4685000	       467	00000000	00000013	addi	x0,x0,0	  x0:0x00000000
        4695000	       468	80001d3c	00000013	addi	x0,x0,0	  x0:0x00000000
        4705000	       469	80001d40	00000013	addi	x0,x0,0	  x0:0x00000000
        4715000	       470	80001d44	01298533	add	x10,x19,x18	 x19:0x80009fc4 x18:0x00000000 x10=0x80009fc4
        4725000	       471	80001d48	fff70713	addi	x14,x14,-1	 x14:0xfffffff0 x14=0xffffffef
        4735000	       472	80001d4c	0030b5b3	sltu	x11,x1,x3	  x1:0x450db000  x3:0xffffffec x11=0x00000001
        4745000	       473	80001d50	2f80c693	xori	x13,x1,760	  x1:0x450db000 x13=0x450db2f8
        4755000	       474	80001d54	011f4eb3	xor	x29,x30,x17	 x30:0xe68fab07 x17:0x26036b6f x29=0xc08cc068
        4765000	       475	80001d58	450db0b7	lui	x1,0x450db	  x1=0x450db000
        4775000	       476	80001d5c	00000d13	addi	x26,x0,0	  x0:0x00000000 x26=0x00000000
        4785000	       477	80001d60	c2843813	sltiu	x16,x8,-984	  x8:0x80009f58 x16=0x00000001
        4795000	       478	80001d64	e6bd3117	auipc	x2,0xe6bd3	  x2=0x66bd4d60
        4805000	       479	80001d68	01c144b3	xor	x9,x2,x28	  x2:0x66bd4d60 x28:0x800006b2  x9=0xe6bd4bd2
        4815000	       480	80001d6c	00c00613	addi	x12,x0,12	  x0:0x00000000 x12=0x0000000c
        4825000	       481	80001d70	7e7e2013	slti	x0,x28,2023	 x28:0x800006b2
        4835000	       482	80001d74	00000013	addi	x0,x0,0	  x0:0x00000000
        4845000	       483	80001d78	00ad0d13	addi	x26,x26,10	 x26:0x00000000 x26=0x0000000a
        4855000	       484	80001d7c	4192d593	srai	x11,x5,0x19	  x5:0x00000000 x11=0x00000000
        4865000	       485	80001d80	01147233	and	x4,x8,x17	  x8:0x80009f58 x17:0x26036b6f  x4=0x00000b48
        4875000	       486	80001d84	fecd66e3	bltu	x26,x12,80001d70	 x26:0x0000000a x12:0x0000000c
        4885000	       487	00000000	00000013	addi	x0,x0,0	  x0:0x00000000
        4895000	       488	80001d6c	00000013	addi	x0,x0,0	  x0:0x00000000
        4905000	       489	80001d70	7e7e2013	slti	x0,x28,2023	 x28:0x800006b2
        4915000	       490	80001d74	00000013	addi	x0,x0,0	  x0:0x00000000
        4925000	       491	80001d78	00ad0d13	addi	x26,x26,10	 x26:0x0000000a x26=0x00000014
        4935000	       492	80001d7c	4192d593	srai	x11,x5,0x19	  x5:0x00000000 x11=0x00000000
        4945000	       493	80001d80	01147233	and	x4,x8,x17	  x8:0x80009f58 x17:0x26036b6f  x4=0x00000b48
        4955000	       494	80001d84	fecd66e3	bltu	x26,x12,80001d70	 x26:0x00000014 x12:0x0000000c
        4965000	       495	80001d88	00000013	addi	x0,x0,0	  x0:0x00000000
        4975000	       496	80001d8c	01757bb3	and	x23,x10,x23	 x10:0x80009fc4 x23:0x00000000 x23=0x00000000
        4985000	       497	80001d90	fa3718e3	bne	x14,x3,80001d40	 x14:0xffffffef  x3:0xffffffec
        4995000	       498	00000000	00000013	addi	x0,x0,0	  x0:0x00000000
        5005000	       499	80001d3c	00000013	addi	x0,x0,0	  x0:0x00000000
        5015000	       500	80001d40	00000013	addi	x0,x0,0	  x0:0x00000000
        5025000	       501	80001d44	01298533	add	x10,x19,x18	 x19:0x80009fc4 x18:0x00000000 x10=0x80009fc4
        5035000	       502	80001d48	fff70713	addi	x14,x14,-1	 x14:0xffffffef x14=0xffffffee
        5045000	       503	80001d4c	0030b5b3	sltu	x11,x1,x3	  x1:0x450db000  x3:0xffffffec x11=0x00000001
        5055000	       504	80001d50	2f80c693	xori	x13,x1,760	  x1:0x450db000 x13=0x450db2f8
        5065000	       505	80001d54	011f4eb3	xor	x29,x30,x17	 x30:0xe68fab07 x17:0x26036b6f x29=0xc08cc068
        5075000	       506	80001d58	450db0b7	lui	x1,0x450db	  x1=0x450db000
        5085000	       507	80001d5c	00000d13	addi	x26,x0,0	  x0:0x00000000 x26=0x00000000
        5095000	       508	80001d60	c2843813	sltiu	x16,x8,-984	  x8:0x80009f58 x16=0x00000001
        5105000	       509	80001d64	e6bd3117	auipc	x2,0xe6bd3	  x2=0x66bd4d60
        5115000	       510	80001d68	01c144b3	xor	x9,x2,x28	  x2:0x66bd4d60 x28:0x800006b2  x9=0xe6bd4bd2
        5125000	       511	80001d6c	00c00613	addi	x12,x0,12	  x0:0x00000000 x12=0x0000000c
        5135000	       512	80001d70	7e7e2013	slti	x0,x28,2023	 x28:0x800006b2
        5145000	       513	80001d74	00000013	addi	x0,x0,0	  x0:0x00000000
        5155000	       514	80001d78	00ad0d13	addi	x26,x26,10	 x26:0x00000000 x26=0x0000000a
        5165000	       515	80001d7c	4192d593	srai	x11,x5,0x19	  x5:0x00000000 x11=0x00000000
        5175000	       516	80001d80	01147233	and	x4,x8,x17	  x8:0x80009f58 x17:0x26036b6f  x4=0x00000b48
        5185000	       517	80001d84	fecd66e3	bltu	x26,x12,80001d70	 x26:0x0000000a x12:0x0000000c
        5195000	       518	00000000	00000013	addi	x0,x0,0	  x0:0x00000000
        5205000	       519	80001d6c	00000013	addi	x0,x0,0	  x0:0x00000000
        5215000	       520	80001d70	7e7e2013	slti	x0,x28,2023	 x28:0x800006b2
        5225000	       521	80001d74	00000013	addi	x0,x0,0	  x0:0x00000000
        5235000	       522	80001d78	00ad0d13	addi	x26,x26,10	 x26:0x0000000a x26=0x00000014
        5245000	       523	80001d7c	4192d593	srai	x11,x5,0x19	  x5:0x00000000 x11=0x00000000
        5255000	       524	80001d80	01147233	and	x4,x8,x17	  x8:0x80009f58 x17:0x26036b6f  x4=0x00000b48
        5265000	       525	80001d84	fecd66e3	bltu	x26,x12,80001d70	 x26:0x00000014 x12:0x0000000c
        5275000	       526	80001d88	00000013	addi	x0,x0,0	  x0:0x00000000
        5285000	       527	80001d8c	01757bb3	and	x23,x10,x23	 x10:0x80009fc4 x23:0x00000000 x23=0x00000000
        5295000	       528	80001d90	fa3718e3	bne	x14,x3,80001d40	 x14:0xffffffee  x3:0xffffffec
        5305000	       529	00000000	00000013	addi	x0,x0,0	  x0:0x00000000
        5315000	       530	80001d3c	00000013	addi	x0,x0,0	  x0:0x00000000
        5325000	       531	80001d40	00000013	addi	x0,x0,0	  x0:0x00000000
        5335000	       532	80001d44	01298533	add	x10,x19,x18	 x19:0x80009fc4 x18:0x00000000 x10=0x80009fc4
        5345000	       533	80001d48	fff70713	addi	x14,x14,-1	 x14:0xffffffee x14=0xffffffed
        5355000	       534	80001d4c	0030b5b3	sltu	x11,x1,x3	  x1:0x450db000  x3:0xffffffec x11=0x00000001
        5365000	       535	80001d50	2f80c693	xori	x13,x1,760	  x1:0x450db000 x13=0x450db2f8
        5375000	       536	80001d54	011f4eb3	xor	x29,x30,x17	 x30:0xe68fab07 x17:0x26036b6f x29=0xc08cc068
        5385000	       537	80001d58	450db0b7	lui	x1,0x450db	  x1=0x450db000
        5395000	       538	80001d5c	00000d13	addi	x26,x0,0	  x0:0x00000000 x26=0x00000000
        5405000	       539	80001d60	c2843813	sltiu	x16,x8,-984	  x8:0x80009f58 x16=0x00000001
        5415000	       540	80001d64	e6bd3117	auipc	x2,0xe6bd3	  x2=0x66bd4d60
        5425000	       541	80001d68	01c144b3	xor	x9,x2,x28	  x2:0x66bd4d60 x28:0x800006b2  x9=0xe6bd4bd2
        5435000	       542	80001d6c	00c00613	addi	x12,x0,12	  x0:0x00000000 x12=0x0000000c
        5445000	       543	80001d70	7e7e2013	slti	x0,x28,2023	 x28:0x800006b2
        5455000	       544	80001d74	00000013	addi	x0,x0,0	  x0:0x00000000
        5465000	       545	80001d78	00ad0d13	addi	x26,x26,10	 x26:0x00000000 x26=0x0000000a
        5475000	       546	80001d7c	4192d593	srai	x11,x5,0x19	  x5:0x00000000 x11=0x00000000
        5485000	       547	80001d80	01147233	and	x4,x8,x17	  x8:0x80009f58 x17:0x26036b6f  x4=0x00000b48
        5495000	       548	80001d84	fecd66e3	bltu	x26,x12,80001d70	 x26:0x0000000a x12:0x0000000c
        5505000	       549	00000000	00000013	addi	x0,x0,0	  x0:0x00000000
        5515000	       550	80001d6c	00000013	addi	x0,x0,0	  x0:0x00000000
        5525000	       551	80001d70	7e7e2013	slti	x0,x28,2023	 x28:0x800006b2
        5535000	       552	80001d74	00000013	addi	x0,x0,0	  x0:0x00000000
        5545000	       553	80001d78	00ad0d13	addi	x26,x26,10	 x26:0x0000000a x26=0x00000014
        5555000	       554	80001d7c	4192d593	srai	x11,x5,0x19	  x5:0x00000000 x11=0x00000000
        5565000	       555	80001d80	01147233	and	x4,x8,x17	  x8:0x80009f58 x17:0x26036b6f  x4=0x00000b48
        5575000	       556	80001d84	fecd66e3	bltu	x26,x12,80001d70	 x26:0x00000014 x12:0x0000000c
        5585000	       557	80001d88	00000013	addi	x0,x0,0	  x0:0x00000000
        5595000	       558	80001d8c	01757bb3	and	x23,x10,x23	 x10:0x80009fc4 x23:0x00000000 x23=0x00000000
        5605000	       559	80001d90	fa3718e3	bne	x14,x3,80001d40	 x14:0xffffffed  x3:0xffffffec
        5615000	       560	00000000	00000013	addi	x0,x0,0	  x0:0x00000000
        5625000	       561	80001d3c	00000013	addi	x0,x0,0	  x0:0x00000000
        5635000	       562	80001d40	00000013	addi	x0,x0,0	  x0:0x00000000
        5645000	       563	80001d44	01298533	add	x10,x19,x18	 x19:0x80009fc4 x18:0x00000000 x10=0x80009fc4
        5655000	       564	80001d48	fff70713	addi	x14,x14,-1	 x14:0xffffffed x14=0xffffffec
        5665000	       565	80001d4c	0030b5b3	sltu	x11,x1,x3	  x1:0x450db000  x3:0xffffffec x11=0x00000001
        5675000	       566	80001d50	2f80c693	xori	x13,x1,760	  x1:0x450db000 x13=0x450db2f8
        5685000	       567	80001d54	011f4eb3	xor	x29,x30,x17	 x30:0xe68fab07 x17:0x26036b6f x29=0xc08cc068
        5695000	       568	80001d58	450db0b7	lui	x1,0x450db	  x1=0x450db000
        5705000	       569	80001d5c	00000d13	addi	x26,x0,0	  x0:0x00000000 x26=0x00000000
        5715000	       570	80001d60	c2843813	sltiu	x16,x8,-984	  x8:0x80009f58 x16=0x00000001
        5725000	       571	80001d64	e6bd3117	auipc	x2,0xe6bd3	  x2=0x66bd4d60
        5735000	       572	80001d68	01c144b3	xor	x9,x2,x28	  x2:0x66bd4d60 x28:0x800006b2  x9=0xe6bd4bd2
        5745000	       573	80001d6c	00c00613	addi	x12,x0,12	  x0:0x00000000 x12=0x0000000c
        5755000	       574	80001d70	7e7e2013	slti	x0,x28,2023	 x28:0x800006b2
        5765000	       575	80001d74	00000013	addi	x0,x0,0	  x0:0x00000000
        5775000	       576	80001d78	00ad0d13	addi	x26,x26,10	 x26:0x00000000 x26=0x0000000a
        5785000	       577	80001d7c	4192d593	srai	x11,x5,0x19	  x5:0x00000000 x11=0x00000000
        5795000	       578	80001d80	01147233	and	x4,x8,x17	  x8:0x80009f58 x17:0x26036b6f  x4=0x00000b48
        5805000	       579	80001d84	fecd66e3	bltu	x26,x12,80001d70	 x26:0x0000000a x12:0x0000000c
        5815000	       580	00000000	00000013	addi	x0,x0,0	  x0:0x00000000
        5825000	       581	80001d6c	00000013	addi	x0,x0,0	  x0:0x00000000
        5835000	       582	80001d70	7e7e2013	slti	x0,x28,2023	 x28:0x800006b2
        5845000	       583	80001d74	00000013	addi	x0,x0,0	  x0:0x00000000
        5855000	       584	80001d78	00ad0d13	addi	x26,x26,10	 x26:0x0000000a x26=0x00000014
        5865000	       585	80001d7c	4192d593	srai	x11,x5,0x19	  x5:0x00000000 x11=0x00000000
        5875000	       586	80001d80	01147233	and	x4,x8,x17	  x8:0x80009f58 x17:0x26036b6f  x4=0x00000b48
        5885000	       587	80001d84	fecd66e3	bltu	x26,x12,80001d70	 x26:0x00000014 x12:0x0000000c
        5895000	       588	80001d88	00000013	addi	x0,x0,0	  x0:0x00000000
        5905000	       589	80001d8c	01757bb3	and	x23,x10,x23	 x10:0x80009fc4 x23:0x00000000 x23=0x00000000
        5915000	       590	80001d90	fa3718e3	bne	x14,x3,80001d40	 x14:0xffffffec  x3:0xffffffec
        5925000	       591	80001d94	41e657b3	sra	x15,x12,x30	 x12:0x0000000c x30:0xe68fab07 x15=0x00000000
        5935000	       592	80001d98	00a00793	addi	x15,x0,10	  x0:0x00000000 x15=0x0000000a
        5945000	       593	80001d9c	00000013	addi	x0,x0,0	  x0:0x00000000
        5955000	       594	80001da0	01919133	sll	x2,x3,x25	  x3:0xffffffec x25:0x18e60000  x2=0xffffffec
        5965000	       595	80001da4	f55c3117	auipc	x2,0xf55c3	  x2=0x755c4da0
        5975000	       596	80001da8	00a00193	addi	x3,x0,10	  x0:0x00000000  x3=0x0000000a
        5985000	       597	80001dac	00b20e33	add	x28,x4,x11	  x4:0x00000b48 x11:0x00000000 x28=0x00000b48
        5995000	       598	80001db0	402d55b3	sra	x11,x26,x2	 x26:0x00000014  x2:0x755c4da0 x11=0x00000014
        6005000	       599	80001db4	cab67913	andi	x18,x12,-853	 x12:0x0000000c x18=0x00000008
        6015000	       600	80001db8	01ec60b3	or	x1,x24,x30	 x24:0x0000001f x30:0xe68fab07  x1=0xe68fab1f
        6025000	       601	80001dbc	cd9ffc93	andi	x25,x31,-807	 x31:0x80000000 x25=0x80000000
        6035000	       602	80001dc0	4049da93	srai	x21,x19,0x4	 x19:0x80009fc4 x21=0xf80009fc
        6045000	       603	80001dc4	ff778793	addi	x15,x15,-9	 x15:0x0000000a x15=0x00000001
        6055000	       604	80001dc8	00fd5733	srl	x14,x26,x15	 x26:0x00000014 x15:0x00000001 x14=0x0000000a
        6065000	       605	80001dcc	41545093	srai	x1,x8,0x15	  x8:0x80009f58  x1=0xfffffc00
        6075000	       606	80001dd0	41cf5b33	sra	x22,x30,x28	 x30:0xe68fab07 x28:0x00000b48 x22=0xffe68fab
        6085000	       607	80001dd4	01d676b3	and	x13,x12,x29	 x12:0x0000000c x29:0xc08cc068 x13=0x00000008
        6095000	       608	80001dd8	01479eb3	sll	x29,x15,x20	 x15:0x00000001 x20:0x80000000 x29=0x00000001
        6105000	       609	80001ddc	00000013	addi	x0,x0,0	  x0:0x00000000
        6115000	       610	80001de0	40845533	sra	x10,x8,x8	  x8:0x80009f58  x8:0x80009f58 x10=0xffffff80
        6125000	       611	80001de4	fc37fae3	bgeu	x15,x3,80001db8	 x15:0x00000001  x3:0x0000000a
        6135000	       612	80001de8	413c5393	srai	x7,x24,0x13	 x24:0x0000001f  x7=0x00000000
        6145000	       613	80001dec	00a00593	addi	x11,x0,10	  x0:0x00000000 x11=0x0000000a
        6155000	       614	80001df0	01078e33	add	x28,x15,x16	 x15:0x00000001 x16:0x00000001 x28=0x00000002
        6165000	       615	80001df4	016b7f33	and	x30,x22,x22	 x22:0xffe68fab x22:0xffe68fab x30=0xffe68fab
        6175000	       616	80001df8	4184d013	srai	x0,x9,0x18	  x9:0xe6bd4bd2
        6185000	       617	80001dfc	8680a193	slti	x3,x1,-1944	  x1:0xfffffc00  x3=0x00000000
        6195000	       618	80001e00	00081ab3	sll	x21,x16,x0	 x16:0x00000001  x0:0x00000000 x21=0x00000001
        6205000	       619	80001e04	8c4e0313	addi	x6,x28,-1852	 x28:0x00000002  x6=0xfffff8c6
        6215000	       620	80001e08	85192c97	auipc	x25,0x85192	 x25=0x05193e04
        6225000	       621	80001e0c	41ed0a33	sub	x20,x26,x30	 x26:0x00000014 x30:0xffe68fab x20=0x00197069
        6235000	       622	80001e10	be80c513	xori	x10,x1,-1048	  x1:0xfffffc00 x10=0x000007e8
        6245000	       623	80001e14	01000713	addi	x14,x0,16	  x0:0x00000000 x14=0x00000010
        6255000	       624	80001e18	b1e66a93	ori	x21,x12,-1250	 x12:0x0000000c x21=0xfffffb1e
        6265000	       625	80001e1c	071cb793	sltiu	x15,x25,113	 x25:0x05193e04 x15=0x00000000
        6275000	       626	80001e20	407d8a33	sub	x20,x27,x7	 x27:0x00000000  x7:0x00000000 x20=0x00000000
        6285000	       627	80001e24	409604b3	sub	x9,x12,x9	 x12:0x0000000c  x9:0xe6bd4bd2  x9=0x1942b43a
        6295000	       628	80001e28	00658593	addi	x11,x11,6	 x11:0x0000000a x11=0x00000010
        6305000	       629	80001e2c	6e3e8693	addi	x13,x29,1763	 x29:0x00000001 x13=0x000006e4
        6315000	       630	80001e30	00000013	addi	x0,x0,0	  x0:0x00000000
        6325000	       631	80001e34	7be5c197	auipc	x3,0x7be5c	  x3=0xfbe5de30
        6335000	       632	80001e38	007c5613	srli	x12,x24,0x7	 x24:0x0000001f x12=0x00000000
        6345000	       633	80001e3c	00000013	addi	x0,x0,0	  x0:0x00000000
        6355000	       634	80001e40	013a5693	srli	x13,x20,0x13	 x20:0x00000000 x13=0x00000000
        6365000	       635	80001e44	41df8233	sub	x4,x31,x29	 x31:0x80000000 x29:0x00000001  x4=0x7fffffff
        6375000	       636	80001e48	fce58ee3	beq	x11,x14,80001e24	 x11:0x00000010 x14:0x00000010
        6385000	       637	00000000	00000013	addi	x0,x0,0	  x0:0x00000000
        6395000	       638	80001e20	00000013	addi	x0,x0,0	  x0:0x00000000
        6405000	       639	80001e24	409604b3	sub	x9,x12,x9	 x12:0x00000000  x9:0x1942b43a  x9=0xe6bd4bc6
        6415000	       640	80001e28	00658593	addi	x11,x11,6	 x11:0x00000010 x11=0x00000016
        6425000	       641	80001e2c	6e3e8693	addi	x13,x29,1763	 x29:0x00000001 x13=0x000006e4
        6435000	       642	80001e30	00000013	addi	x0,x0,0	  x0:0x00000000
        6445000	       643	80001e34	7be5c197	auipc	x3,0x7be5c	  x3=0xfbe5de30
        6455000	       644	80001e38	007c5613	srli	x12,x24,0x7	 x24:0x0000001f x12=0x00000000
        6465000	       645	80001e3c	00000013	addi	x0,x0,0	  x0:0x00000000
        6475000	       646	80001e40	013a5693	srli	x13,x20,0x13	 x20:0x00000000 x13=0x00000000
        6485000	       647	80001e44	41df8233	sub	x4,x31,x29	 x31:0x80000000 x29:0x00000001  x4=0x7fffffff
        6495000	       648	80001e48	fce58ee3	beq	x11,x14,80001e24	 x11:0x00000016 x14:0x00000010
        6505000	       649	80001e4c	007bc333	xor	x6,x23,x7	 x23:0x00000000  x7:0x00000000  x6=0x00000000
        6515000	       650	80001e50	ffa00093	addi	x1,x0,-6	  x0:0x00000000  x1=0xfffffffa
        6525000	       651	80001e54	00a00313	addi	x6,x0,10	  x0:0x00000000  x6=0x0000000a
        6535000	       652	80001e58	1e058213	addi	x4,x11,480	 x11:0x00000016  x4=0x000001f6
        6545000	       653	80001e5c	e29fb513	sltiu	x10,x31,-471	 x31:0x80000000 x10=0x00000001
        6555000	       654	80001e60	00108093	addi	x1,x1,1	  x1:0xfffffffa  x1=0xfffffffb
        6565000	       655	80001e64	af86a493	slti	x9,x13,-1288	 x13:0x00000000  x9=0x00000000
        6575000	       656	80001e68	010d5eb3	srl	x29,x26,x16	 x26:0x00000014 x16:0x00000001 x29=0x0000000a
        6585000	       657	80001e6c	479b7f13	andi	x30,x22,1145	 x22:0xffe68fab x30=0x00000429
        6595000	       658	80001e70	fe6084e3	beq	x1,x6,80001e58	  x1:0xfffffffb  x6:0x0000000a
        6605000	       659	80001e74	010bcb33	xor	x22,x23,x16	 x23:0x00000000 x16:0x00000001 x22=0x00000001
        6615000	       660	80001e78	ffa00593	addi	x11,x0,-6	  x0:0x00000000 x11=0xfffffffa
        6625000	       661	80001e7c	8ab3c093	xori	x1,x7,-1877	  x7:0x00000000  x1=0xfffff8ab
        6635000	       662	80001e80	018c63b3	or	x7,x24,x24	 x24:0x0000001f x24:0x0000001f  x7=0x0000001f
        6645000	       663	80001e84	406ad7b3	sra	x15,x21,x6	 x21:0xfffffb1e  x6:0x0000000a x15=0xfffffffe
        6655000	       664	80001e88	b9eaa217	auipc	x4,0xb9eaa	  x4=0x39eabe84
        6665000	       665	80001e8c	40be0133	sub	x2,x28,x11	 x28:0x00000002 x11:0xfffffffa  x2=0x00000008
        6675000	       666	80001e90	11d92d93	slti	x27,x18,285	 x18:0x00000008 x27=0x00000001
        6685000	       667	80001e94	60fb4513	xori	x10,x22,1551	 x22:0x00000001 x10=0x0000060e
        6695000	       668	80001e98	00900313	addi	x6,x0,9	  x0:0x00000000  x6=0x00000009
        6705000	       669	80001e9c	01615c93	srli	x25,x2,0x16	  x2:0x00000008 x25=0x00000000
        6715000	       670	80001ea0	00b7cd33	xor	x26,x15,x11	 x15:0xfffffffe x11:0xfffffffa x26=0x00000004
        6725000	       671	80001ea4	01c53533	sltu	x10,x10,x28	 x10:0x0000060e x28:0x00000002 x10=0x00000000
        6735000	       672	80001ea8	01b39833	sll	x16,x7,x27	  x7:0x0000001f x27:0x00000001 x16=0x0000003e
        6745000	       673	80001eac	0c4d7d93	andi	x27,x26,196	 x26:0x00000004 x27=0x00000004
        6755000	       674	80001eb0	00101e13	slli	x28,x0,0x1	  x0:0x00000000 x28=0x00000000
        6765000	       675	80001eb4	002a2533	slt	x10,x20,x2	 x20:0x00000000  x2:0x00000008 x10=0x00000001
        6775000	       676	80001eb8	2c658637	lui	x12,0x2c658	 x12=0x2c658000
        6785000	       677	80001ebc	2908e813	ori	x16,x17,656	 x17:0x26036b6f x16=0x26036bff
        6795000	       678	80001ec0	01aa0933	add	x18,x20,x26	 x20:0x00000000 x26:0x00000004 x18=0x00000004
        6805000	       679	80001ec4	00558593	addi	x11,x11,5	 x11:0xfffffffa x11=0xffffffff
        6815000	       680	80001ec8	01d87533	and	x10,x16,x29	 x16:0x26036bff x29:0x0000000a x10=0x0000000a
        6825000	       681	80001ecc	004f6c33	or	x24,x30,x4	 x30:0x00000429  x4:0x39eabe84 x24=0x39eabead
        6835000	       682	80001ed0	403cdb33	sra	x22,x25,x3	 x25:0x00000000  x3:0xfbe5de30 x22=0x00000000
        6845000	       683	80001ed4	14788e13	addi	x28,x17,327	 x17:0x26036b6f x28=0x26036cb6
        6855000	       684	80001ed8	fe65c4e3	blt	x11,x6,80001ec0	 x11:0xffffffff  x6:0x00000009
        6865000	       685	00000000	00000013	addi	x0,x0,0	  x0:0x00000000
        6875000	       686	80001ebc	00000013	addi	x0,x0,0	  x0:0x00000000
        6885000	       687	80001ec0	01aa0933	add	x18,x20,x26	 x20:0x00000000 x26:0x00000004 x18=0x00000004
        6895000	       688	80001ec4	00558593	addi	x11,x11,5	 x11:0xffffffff x11=0x00000004
        6905000	       689	80001ec8	01d87533	and	x10,x16,x29	 x16:0x26036bff x29:0x0000000a x10=0x0000000a
        6915000	       690	80001ecc	004f6c33	or	x24,x30,x4	 x30:0x00000429  x4:0x39eabe84 x24=0x39eabead
        6925000	       691	80001ed0	403cdb33	sra	x22,x25,x3	 x25:0x00000000  x3:0xfbe5de30 x22=0x00000000
        6935000	       692	80001ed4	14788e13	addi	x28,x17,327	 x17:0x26036b6f x28=0x26036cb6
        6945000	       693	80001ed8	fe65c4e3	blt	x11,x6,80001ec0	 x11:0x00000004  x6:0x00000009
        6955000	       694	00000000	00000013	addi	x0,x0,0	  x0:0x00000000
        6965000	       695	80001ebc	00000013	addi	x0,x0,0	  x0:0x00000000
        6975000	       696	80001ec0	01aa0933	add	x18,x20,x26	 x20:0x00000000 x26:0x00000004 x18=0x00000004
        6985000	       697	80001ec4	00558593	addi	x11,x11,5	 x11:0x00000004 x11=0x00000009
        6995000	       698	80001ec8	01d87533	and	x10,x16,x29	 x16:0x26036bff x29:0x0000000a x10=0x0000000a
        7005000	       699	80001ecc	004f6c33	or	x24,x30,x4	 x30:0x00000429  x4:0x39eabe84 x24=0x39eabead
        7015000	       700	80001ed0	403cdb33	sra	x22,x25,x3	 x25:0x00000000  x3:0xfbe5de30 x22=0x00000000
        7025000	       701	80001ed4	14788e13	addi	x28,x17,327	 x17:0x26036b6f x28=0x26036cb6
        7035000	       702	80001ed8	fe65c4e3	blt	x11,x6,80001ec0	 x11:0x00000009  x6:0x00000009
        7045000	       703	80001edc	c9f2bb13	sltiu	x22,x5,-865	  x5:0x00000000 x22=0x00000001
        7055000	       704	80001ee0	00400e93	addi	x29,x0,4	  x0:0x00000000 x29=0x00000004
        7065000	       705	80001ee4	00f51293	slli	x5,x10,0xf	 x10:0x0000000a  x5=0x00050000
        7075000	       706	80001ee8	3a582693	slti	x13,x16,933	 x16:0x26036bff x13=0x00000000
        7085000	       707	80001eec	005355b3	srl	x11,x6,x5	  x6:0x00000009  x5:0x00050000 x11=0x00000009
        7095000	       708	80001ef0	8da90b13	addi	x22,x18,-1830	 x18:0x00000004 x22=0xfffff8de
        7105000	       709	80001ef4	00910633	add	x12,x2,x9	  x2:0x00000008  x9:0x00000000 x12=0x00000008
        7115000	       710	80001ef8	00200793	addi	x15,x0,2	  x0:0x00000000 x15=0x00000002
        7125000	       711	80001efc	014f81b3	add	x3,x31,x20	 x31:0x80000000 x20:0x00000000  x3=0x80000000
        7135000	       712	80001f00	8f6eaf97	auipc	x31,0x8f6ea	 x31=0x0f6ebefc
        7145000	       713	80001f04	51fba493	slti	x9,x23,1311	 x23:0x00000000  x9=0x00000001
        7155000	       714	80001f08	01b49693	slli	x13,x9,0x1b	  x9:0x00000001 x13=0x08000000
        7165000	       715	80001f0c	417dd5b3	sra	x11,x27,x23	 x27:0x00000004 x23:0x00000000 x11=0x00000004
        7175000	       716	80001f10	01859b93	slli	x23,x11,0x18	 x11:0x00000004 x23=0x04000000
        7185000	       717	80001f14	3d5aeb13	ori	x22,x21,981	 x21:0xfffffb1e x22=0xfffffbdf
        7195000	       718	80001f18	006ccc33	xor	x24,x25,x6	 x25:0x00000000  x6:0x00000009 x24=0x00000009
        7205000	       719	80001f1c	fffe8e93	addi	x29,x29,-1	 x29:0x00000004 x29=0x00000003
        7215000	       720	80001f20	ea1c3a93	sltiu	x21,x24,-351	 x24:0x00000009 x21=0x00000001
        7225000	       721	80001f24	00600813	addi	x16,x0,6	  x0:0x00000000 x16=0x00000006
        7235000	       722	80001f28	e0b60593	addi	x11,x12,-501	 x12:0x00000008 x11=0xfffffe13
        7245000	       723	80001f2c	00c00a13	addi	x20,x0,12	  x0:0x00000000 x20=0x0000000c
        7255000	       724	80001f30	017eb033	sltu	x0,x29,x23	 x29:0x00000003 x23:0x04000000
        7265000	       725	80001f34	01269333	sll	x6,x13,x18	 x13:0x08000000 x18:0x00000004  x6=0x80000000
        7275000	       726	80001f38	01215d13	srli	x26,x2,0x12	  x2:0x00000008 x26=0x00000000
        7285000	       727	80001f3c	00589c93	slli	x25,x17,0x5	 x17:0x26036b6f x25=0xc06d6de0
        7295000	       728	80001f40	01f53933	sltu	x18,x10,x31	 x10:0x0000000a x31:0x0f6ebefc x18=0x00000001
        7305000	       729	80001f44	00680813	addi	x16,x16,6	 x16:0x00000006 x16=0x0000000c
        7315000	       730	80001f48	00219033	sll	x0,x3,x2	  x3:0x80000000  x2:0x00000008
        7325000	       731	80001f4c	ff4812e3	bne	x16,x20,80001f30	 x16:0x0000000c x20:0x0000000c
        7335000	       732	80001f50	fcfef2e3	bgeu	x29,x15,80001f14	 x29:0x00000003 x15:0x00000002
        7345000	       733	00000000	00000013	addi	x0,x0,0	  x0:0x00000000
        7355000	       734	80001f10	00000013	addi	x0,x0,0	  x0:0x00000000
        7365000	       735	80001f14	3d5aeb13	ori	x22,x21,981	 x21:0x00000001 x22=0x000003d5
        7375000	       736	80001f18	006ccc33	xor	x24,x25,x6	 x25:0xc06d6de0  x6:0x80000000 x24=0x406d6de0
        7385000	       737	80001f1c	fffe8e93	addi	x29,x29,-1	 x29:0x00000003 x29=0x00000002
        7395000	       738	80001f20	ea1c3a93	sltiu	x21,x24,-351	 x24:0x406d6de0 x21=0x00000001
        7405000	       739	80001f24	00600813	addi	x16,x0,6	  x0:0x00000000 x16=0x00000006
        7415000	       740	80001f28	e0b60593	addi	x11,x12,-501	 x12:0x00000008 x11=0xfffffe13
        7425000	       741	80001f2c	00c00a13	addi	x20,x0,12	  x0:0x00000000 x20=0x0000000c
        7435000	       742	80001f30	017eb033	sltu	x0,x29,x23	 x29:0x00000002 x23:0x04000000
        7445000	       743	80001f34	01269333	sll	x6,x13,x18	 x13:0x08000000 x18:0x00000001  x6=0x10000000
        7455000	       744	80001f38	01215d13	srli	x26,x2,0x12	  x2:0x00000008 x26=0x00000000
        7465000	       745	80001f3c	00589c93	slli	x25,x17,0x5	 x17:0x26036b6f x25=0xc06d6de0
        7475000	       746	80001f40	01f53933	sltu	x18,x10,x31	 x10:0x0000000a x31:0x0f6ebefc x18=0x00000001
        7485000	       747	80001f44	00680813	addi	x16,x16,6	 x16:0x00000006 x16=0x0000000c
        7495000	       748	80001f48	00219033	sll	x0,x3,x2	  x3:0x80000000  x2:0x00000008
        7505000	       749	80001f4c	ff4812e3	bne	x16,x20,80001f30	 x16:0x0000000c x20:0x0000000c
        7515000	       750	80001f50	fcfef2e3	bgeu	x29,x15,80001f14	 x29:0x00000002 x15:0x00000002
        7525000	       751	00000000	00000013	addi	x0,x0,0	  x0:0x00000000
        7535000	       752	80001f10	00000013	addi	x0,x0,0	  x0:0x00000000
        7545000	       753	80001f14	3d5aeb13	ori	x22,x21,981	 x21:0x00000001 x22=0x000003d5
        7555000	       754	80001f18	006ccc33	xor	x24,x25,x6	 x25:0xc06d6de0  x6:0x10000000 x24=0xd06d6de0
        7565000	       755	80001f1c	fffe8e93	addi	x29,x29,-1	 x29:0x00000002 x29=0x00000001
        7575000	       756	80001f20	ea1c3a93	sltiu	x21,x24,-351	 x24:0xd06d6de0 x21=0x00000001
        7585000	       757	80001f24	00600813	addi	x16,x0,6	  x0:0x00000000 x16=0x00000006
        7595000	       758	80001f28	e0b60593	addi	x11,x12,-501	 x12:0x00000008 x11=0xfffffe13
        7605000	       759	80001f2c	00c00a13	addi	x20,x0,12	  x0:0x00000000 x20=0x0000000c
        7615000	       760	80001f30	017eb033	sltu	x0,x29,x23	 x29:0x00000001 x23:0x04000000
        7625000	       761	80001f34	01269333	sll	x6,x13,x18	 x13:0x08000000 x18:0x00000001  x6=0x10000000
        7635000	       762	80001f38	01215d13	srli	x26,x2,0x12	  x2:0x00000008 x26=0x00000000
        7645000	       763	80001f3c	00589c93	slli	x25,x17,0x5	 x17:0x26036b6f x25=0xc06d6de0
        7655000	       764	80001f40	01f53933	sltu	x18,x10,x31	 x10:0x0000000a x31:0x0f6ebefc x18=0x00000001
        7665000	       765	80001f44	00680813	addi	x16,x16,6	 x16:0x00000006 x16=0x0000000c
        7675000	       766	80001f48	00219033	sll	x0,x3,x2	  x3:0x80000000  x2:0x00000008
        7685000	       767	80001f4c	ff4812e3	bne	x16,x20,80001f30	 x16:0x0000000c x20:0x0000000c
        7695000	       768	80001f50	fcfef2e3	bgeu	x29,x15,80001f14	 x29:0x00000001 x15:0x00000002
        7705000	       769	80001f54	66831f37	lui	x30,0x66831	 x30=0x66831000
        7715000	       770	80001f58	00000013	addi	x0,x0,0	  x0:0x00000000
        7725000	       771	80001f5c	bd2cc593	xori	x11,x25,-1070	 x25:0xc06d6de0 x11=0x3f929632
        7735000	       772	80001f60	00000013	addi	x0,x0,0	  x0:0x00000000
        7745000	       773	80001f64	8fc07137	lui	x2,0x8fc07	  x2=0x8fc07000
        7755000	       774	80001f68	a4b1fe37	lui	x28,0xa4b1f	 x28=0xa4b1f000
        7765000	       775	80001f6c	056be063	bltu	x23,x22,80001fac	 x23:0x04000000 x22:0x000003d5
        7775000	       776	80001f70	a3cc4f93	xori	x31,x24,-1476	 x24:0xd06d6de0 x31=0x2f9297dc
        7785000	       777	80001f74	ffe00913	addi	x18,x0,-2	  x0:0x00000000 x18=0xfffffffe
        7795000	       778	80001f78	9d0bec13	ori	x24,x23,-1584	 x23:0x04000000 x24=0xfffff9d0
        7805000	       779	80001f7c	00300713	addi	x14,x0,3	  x0:0x00000000 x14=0x00000003
        7815000	       780	80001f80	01906533	or	x10,x0,x25	  x0:0x00000000 x25:0xc06d6de0 x10=0xc06d6de0
        7825000	       781	80001f84	f2c36613	ori	x12,x6,-212	  x6:0x10000000 x12=0xffffff2c
        7835000	       782	80001f88	00a90913	addi	x18,x18,10	 x18:0xfffffffe x18=0x00000008
        7845000	       783	80001f8c	fee96ae3	bltu	x18,x14,80001f80	 x18:0x00000008 x14:0x00000003
        7855000	       784	80001f90	01288eb3	add	x29,x17,x18	 x17:0x26036b6f x18:0x00000008 x29=0x26036b77
        7865000	       785	80001f94	046e9f17	auipc	x30,0x46e9	 x30=0x846eaf90
        7875000	       786	80001f98	92a16c13	ori	x24,x2,-1750	  x2:0x8fc07000 x24=0xfffff92a
        7885000	       787	80001f9c	00455bb3	srl	x23,x10,x4	 x10:0xc06d6de0  x4:0x39eabe84 x23=0x0c06d6de
        7895000	       788	80001fa0	01c5d693	srli	x13,x11,0x1c	 x11:0x3f929632 x13=0x00000003
        7905000	       789	80001fa4	03e1ea63	bltu	x3,x30,80001fd8	  x3:0x80000000 x30:0x846eaf90
        7915000	       790	00000000	00000013	addi	x0,x0,0	  x0:0x00000000
        7925000	       791	80001fd4	00000013	addi	x0,x0,0	  x0:0x00000000
        7935000	       792	80001fd8	005de5b3	or	x11,x27,x5	 x27:0x00000004  x5:0x00050000 x11=0x00050004
        7945000	       793	80001fdc	58cb4513	xori	x10,x22,1420	 x22:0x000003d5 x10=0x00000659
        7955000	       794	80001fe0	018f7263	bgeu	x30,x24,80001fe4	 x30:0x846eaf90 x24:0xfffff92a
        7965000	       795	80001fe4	02de5463	bge	x28,x13,8000200c	 x28:0xa4b1f000 x13:0x00000003
        7975000	       796	80001fe8	cfb00913	addi	x18,x0,-773	  x0:0x00000000 x18=0xfffffcfb
        7985000	       797	80001fec	01fb1013	slli	x0,x22,0x1f	 x22:0x000003d5
        7995000	       798	80001ff0	00dcc0b3	xor	x1,x25,x13	 x25:0xc06d6de0 x13:0x00000003  x1=0xc06d6de3
        8005000	       799	80001ff4	032a7863	bgeu	x20,x18,80002024	 x20:0x0000000c x18:0xfffffcfb
        8015000	       800	80001ff8	022e4663	blt	x28,x2,80002024	 x28:0xa4b1f000  x2:0x8fc07000
        8025000	       801	80001ffc	400b5d33	sra	x26,x22,x0	 x22:0x000003d5  x0:0x00000000 x26=0x000003d5
        8035000	       802	80002000	5b31b713	sltiu	x14,x3,1459	  x3:0x80000000 x14=0x00000000
        8045000	       803	80002004	01c7cd33	xor	x26,x15,x28	 x15:0x00000002 x28:0xa4b1f000 x26=0xa4b1f002
        8055000	       804	80002008	010bca63	blt	x23,x16,8000201c	 x23:0x0c06d6de x16:0x0000000c
        8065000	       805	8000200c	964e3717	auipc	x14,0x964e3	 x14=0x164e5008
        8075000	       806	80002010	00f99b93	slli	x23,x19,0xf	 x19:0x80009fc4 x23=0x4fe20000
        8085000	       807	80002014	012c95b3	sll	x11,x25,x18	 x25:0xc06d6de0 x18:0xfffffcfb x11=0x00000000
        8095000	       808	80002018	e5f6ba13	sltiu	x20,x13,-417	 x13:0x00000003 x20=0x00000001
        8105000	       809	8000201c	012e02b3	add	x5,x28,x18	 x28:0xa4b1f000 x18:0xfffffcfb  x5=0xa4b1ecfb
        8115000	       810	80002020	40b8d733	sra	x14,x17,x11	 x17:0x26036b6f x11:0x00000000 x14=0x26036b6f
        8125000	       811	80002024	73ccb613	sltiu	x12,x25,1852	 x25:0xc06d6de0 x12=0x00000000
        8135000	       812	80002028	00000013	addi	x0,x0,0	  x0:0x00000000
        8145000	       813	8000202c	dc77cf13	xori	x30,x15,-569	 x15:0x00000002 x30=0xfffffdc5
        8155000	       814	80002030	01316463	bltu	x2,x19,80002038	  x2:0x8fc07000 x19:0x80009fc4
        8165000	       815	80002034	001baf33	slt	x30,x23,x1	 x23:0x4fe20000  x1:0xc06d6de3 x30=0x00000000
        8175000	       816	80002038	01fc36b3	sltu	x13,x24,x31	 x24:0xfffff92a x31:0x2f9297dc x13=0x00000000
        8185000	       817	8000203c	02237663	bgeu	x6,x2,80002068	  x6:0x10000000  x2:0x8fc07000
        8195000	       818	80002040	b096a393	slti	x7,x13,-1271	 x13:0x00000000  x7=0x00000000
        8205000	       819	80002044	0c56ae93	slti	x29,x13,197	 x13:0x00000000 x29=0x00000001
        8215000	       820	80002048	009cdc93	srli	x25,x25,0x9	 x25:0xc06d6de0 x25=0x006036b6
        8225000	       821	8000204c	40ea85b3	sub	x11,x21,x14	 x21:0x00000001 x14:0x26036b6f x11=0xd9fc9492
        8235000	       822	80002050	411c5733	sra	x14,x24,x17	 x24:0xfffff92a x17:0x26036b6f x14=0xffffffff
        8245000	       823	80002054	b7b63913	sltiu	x18,x12,-1157	 x12:0x00000000 x18=0x00000001
        8255000	       824	80002058	01778c63	beq	x15,x23,80002070	 x15:0x00000002 x23:0x4fe20000
        8265000	       825	8000205c	65cdb393	sltiu	x7,x27,1628	 x27:0x00000004  x7=0x00000001
        8275000	       826	80002060	012a1a93	slli	x21,x20,0x12	 x20:0x00000001 x21=0x00040000
        8285000	       827	80002064	df4cc093	xori	x1,x25,-524	 x25:0x006036b6  x1=0xff9fcb42
        8295000	       828	80002068	00556233	or	x4,x10,x5	 x10:0x00000659  x5:0xa4b1ecfb  x4=0xa4b1eefb
        8305000	       829	8000206c	00000013	addi	x0,x0,0	  x0:0x00000000
        8315000	       830	80002070	e8e3a913	slti	x18,x7,-370	  x7:0x00000001 x18=0x00000000
        8325000	       831	80002074	00ef5663	bge	x30,x14,80002080	 x30:0x00000000 x14:0xffffffff
        8335000	       832	00000000	00000013	addi	x0,x0,0	  x0:0x00000000
        8345000	       833	8000207c	00000013	addi	x0,x0,0	  x0:0x00000000
        8355000	       834	80002080	00c66233	or	x4,x12,x12	 x12:0x00000000 x12:0x00000000  x4=0x00000000
        8365000	       835	80002084	0a0a2493	slti	x9,x20,160	 x20:0x00000001  x9=0x00000001
        8375000	       836	80002088	00a0b6b3	sltu	x13,x1,x10	  x1:0xff9fcb42 x10:0x00000659 x13=0x00000000
        8385000	       837	8000208c	00c8f463	bgeu	x17,x12,80002094	 x17:0x26036b6f x12:0x00000000
        8395000	       838	00000000	00000013	addi	x0,x0,0	  x0:0x00000000
        8405000	       839	80002090	00000013	addi	x0,x0,0	  x0:0x00000000
        8415000	       840	80002094	04731063	bne	x6,x7,800020d4	  x6:0x10000000  x7:0x00000001
        8425000	       841	00000000	00000013	addi	x0,x0,0	  x0:0x00000000
        8435000	       842	800020d0	00000013	addi	x0,x0,0	  x0:0x00000000
        8445000	       843	800020d4	400d0b93	addi	x23,x26,1024	 x26:0xa4b1f002 x23=0xa4b1f402
        8455000	       844	800020d8	00528933	add	x18,x5,x5	  x5:0xa4b1ecfb  x5:0xa4b1ecfb x18=0x4963d9f6
        8465000	       845	800020dc	00a00e93	addi	x29,x0,10	  x0:0x00000000 x29=0x0000000a
        8475000	       846	800020e0	00700593	addi	x11,x0,7	  x0:0x00000000 x11=0x00000007
        8485000	       847	800020e4	00237233	and	x4,x6,x2	  x6:0x10000000  x2:0x8fc07000  x4=0x00000000
        8495000	       848	800020e8	ff8e8e93	addi	x29,x29,-8	 x29:0x0000000a x29=0x00000002
        8505000	       849	800020ec	febedce3	bge	x29,x11,800020e4	 x29:0x00000002 x11:0x00000007
        8515000	       850	800020f0	d5c77313	andi	x6,x14,-676	 x14:0xffffffff  x6=0xfffffd5c
        8525000	       851	800020f4	01bb7e33	and	x28,x22,x27	 x22:0x000003d5 x27:0x00000004 x28=0x00000004
        8535000	       852	800020f8	86a8f713	andi	x14,x17,-1942	 x17:0x26036b6f x14=0x2603686a
        8545000	       853	800020fc	41828633	sub	x12,x5,x24	  x5:0xa4b1ecfb x24:0xfffff92a x12=0xa4b1f3d1
        8555000	       854	80002100	01a9e1b3	or	x3,x19,x26	 x19:0x80009fc4 x26:0xa4b1f002  x3=0xa4b1ffc6
        8565000	       855	80002104	050d9c63	bne	x27,x16,8000215c	 x27:0x00000004 x16:0x0000000c
        8575000	       856	00000000	00000013	addi	x0,x0,0	  x0:0x00000000
        8585000	       857	80002158	00000013	addi	x0,x0,0	  x0:0x00000000
        8595000	       858	8000215c	01650333	add	x6,x10,x22	 x10:0x00000659 x22:0x000003d5  x6=0x00000a2e
        8605000	       859	80002160	0170e863	bltu	x1,x23,80002170	  x1:0xff9fcb42 x23:0xa4b1f402
        8615000	       860	80002164	41850533	sub	x10,x10,x24	 x10:0x00000659 x24:0xfffff92a x10=0x00000d2f
        8625000	       861	80002168	01971263	bne	x14,x25,8000216c	 x14:0x2603686a x25:0x006036b6
        8635000	       862	00000000	00000013	addi	x0,x0,0	  x0:0x00000000
        8645000	       863	80002168	00000013	addi	x0,x0,0	  x0:0x00000000
        8655000	       864	8000216c	27b1eb93	ori	x23,x3,635	  x3:0xa4b1ffc6 x23=0xa4b1ffff
        8665000	       865	80002170	01669eb3	sll	x29,x13,x22	 x13:0x00000000 x22:0x000003d5 x29=0x00000000
        8675000	       866	80002174	09b54a63	blt	x10,x27,80002208	 x10:0x00000d2f x27:0x00000004
        8685000	       867	80002178	0041cfb3	xor	x31,x3,x4	  x3:0xa4b1ffc6  x4:0x00000000 x31=0xa4b1ffc6
        8695000	       868	8000217c	d797fd13	andi	x26,x15,-647	 x15:0x00000002 x26=0x00000000
        8705000	       869	80002180	0b6ec063	blt	x29,x22,80002220	 x29:0x00000000 x22:0x000003d5
        8715000	       870	00000000	00000013	addi	x0,x0,0	  x0:0x00000000
        8725000	       871	8000221c	00000013	addi	x0,x0,0	  x0:0x00000000
        8735000	       872	80002220	636254b7	lui	x9,0x63625	  x9=0x63625000
        8745000	       873	80002224	0172e7b3	or	x15,x5,x23	  x5:0xa4b1ecfb x23:0xa4b1ffff x15=0xa4b1ffff
        8755000	       874	80002228	00dc2133	slt	x2,x24,x13	 x24:0xfffff92a x13:0x00000000  x2=0x00000001
        8765000	       875	8000222c	01475263	bge	x14,x20,80002230	 x14:0x2603686a x20:0x00000001
        8775000	       876	00000000	00000013	addi	x0,x0,0	  x0:0x00000000
        8785000	       877	8000222c	00000013	addi	x0,x0,0	  x0:0x00000000
        8795000	       878	80002230	05ac6063	bltu	x24,x26,80002270	 x24:0xfffff92a x26:0x00000000
        8805000	       879	80002234	2daee817	auipc	x16,0x2daee	 x16=0xadaf0230
        8815000	       880	80002238	01e9e6b3	or	x13,x19,x30	 x19:0x80009fc4 x30:0x00000000 x13=0x80009fc4
        8825000	       881	8000223c	4160ddb3	sra	x27,x1,x22	  x1:0xff9fcb42 x22:0x000003d5 x27=0xfffffffc
        8835000	       882	80002240	01759cb3	sll	x25,x11,x23	 x11:0x00000007 x23:0xa4b1ffff x25=0x80000000
        8845000	       883	80002244	3b48b617	auipc	x12,0x3b48b	 x12=0xbb48d240
        8855000	       884	80002248	015dd013	srli	x0,x27,0x15	 x27:0xfffffffc
        8865000	       885	8000224c	02584863	blt	x16,x5,8000227c	 x16:0xadaf0230  x5:0xa4b1ecfb
        8875000	       886	80002250	58344293	xori	x5,x8,1411	  x8:0x80009f58  x5=0x80009adb
        8885000	       887	80002254	02ac7263	bgeu	x24,x10,80002278	 x24:0xfffff92a x10:0x00000d2f
        8895000	       888	00000000	00000013	addi	x0,x0,0	  x0:0x00000000
        8905000	       889	80002274	00000013	addi	x0,x0,0	  x0:0x00000000
        8915000	       890	80002278	02344a63	blt	x8,x3,800022ac	  x8:0x80009f58  x3:0xa4b1ffc6
        8925000	       891	00000000	00000013	addi	x0,x0,0	  x0:0x00000000
        8935000	       892	800022a8	00000013	addi	x0,x0,0	  x0:0x00000000
        8945000	       893	800022ac	0225da63	bge	x11,x2,800022e0	 x11:0x00000007  x2:0x00000001
        8955000	       894	00000000	00000013	addi	x0,x0,0	  x0:0x00000000
        8965000	       895	800022dc	00000013	addi	x0,x0,0	  x0:0x00000000
        8975000	       896	800022e0	41c78833	sub	x16,x15,x28	 x15:0xa4b1ffff x28:0x00000004 x16=0xa4b1fffb
        8985000	       897	800022e4	40548c33	sub	x24,x9,x5	  x9:0x63625000  x5:0x80009adb x24=0xe361b525
        8995000	       898	800022e8	489ef713	andi	x14,x29,1161	 x29:0x00000000 x14=0x00000000
        9005000	       899	800022ec	019bd263	bge	x23,x25,800022f0	 x23:0xa4b1ffff x25:0x80000000
        9015000	       900	00000000	00000013	addi	x0,x0,0	  x0:0x00000000
        9025000	       901	800022ec	00000013	addi	x0,x0,0	  x0:0x00000000
        9035000	       902	800022f0	7cbf9537	lui	x10,0x7cbf9	 x10=0x7cbf9000
        9045000	       903	800022f4	023b7663	bgeu	x22,x3,80002320	 x22:0x000003d5  x3:0xa4b1ffc6
        9055000	       904	800022f8	6082d637	lui	x12,0x6082d	 x12=0x6082d000
        9065000	       905	800022fc	0183d233	srl	x4,x7,x24	  x7:0x00000001 x24:0xe361b525  x4=0x00000000
        9075000	       906	80002300	42dc6913	ori	x18,x24,1069	 x24:0xe361b525 x18=0xe361b52d
        9085000	       907	80002304	0316d663	bge	x13,x17,80002330	 x13:0x80009fc4 x17:0x26036b6f
        9095000	       908	80002308	01199ab3	sll	x21,x19,x17	 x19:0x80009fc4 x17:0x26036b6f x21=0x4fe20000
        9105000	       909	8000230c	00f59d33	sll	x26,x11,x15	 x11:0x00000007 x15:0xa4b1ffff x26=0x80000000
        9115000	       910	80002310	4bc60693	addi	x13,x12,1212	 x12:0x6082d000 x13=0x6082d4bc
        9125000	       911	80002314	918f2693	slti	x13,x30,-1768	 x30:0x00000000 x13=0x00000000
        9135000	       912	80002318	00f49663	bne	x9,x15,80002324	  x9:0x63625000 x15:0xa4b1ffff
        9145000	       913	00000000	00000013	addi	x0,x0,0	  x0:0x00000000
        9155000	       914	80002320	00000013	addi	x0,x0,0	  x0:0x00000000
        9165000	       915	80002324	bc88a013	slti	x0,x17,-1080	 x17:0x26036b6f
        9175000	       916	80002328	00000013	addi	x0,x0,0	  x0:0x00000000
        9185000	       917	8000232c	8997c293	xori	x5,x15,-1895	 x15:0xa4b1ffff  x5=0x5b4e0766
        9195000	       918	80002330	22f09cb7	lui	x25,0x22f09	 x25=0x22f09000
        9205000	       919	80002334	005a75b3	and	x11,x20,x5	 x20:0x00000001  x5:0x5b4e0766 x11=0x00000000
        9215000	       920	80002338	76544593	xori	x11,x8,1893	  x8:0x80009f58 x11=0x8000983d
        9225000	       921	8000233c	0057b6b3	sltu	x13,x15,x5	 x15:0xa4b1ffff  x5:0x5b4e0766 x13=0x00000000
        9235000	       922	80002340	01cfdb33	srl	x22,x31,x28	 x31:0xa4b1ffc6 x28:0x00000004 x22=0x0a4b1ffc
        9245000	       923	80002344	012aa3b3	slt	x7,x21,x18	 x21:0x4fe20000 x18:0xe361b52d  x7=0x00000000
        9255000	       924	80002348	01747f33	and	x30,x8,x23	  x8:0x80009f58 x23:0xa4b1ffff x30=0x80009f58
        9265000	       925	8000234c	00c91793	slli	x15,x18,0xc	 x18:0xe361b52d x15=0x1b52d000
        9275000	       926	80002350	00f616b3	sll	x13,x12,x15	 x12:0x6082d000 x15:0x1b52d000 x13=0x6082d000
        9285000	       927	80002354	05516063	bltu	x2,x21,80002394	  x2:0x00000001 x21:0x4fe20000
        9295000	       928	00000000	00000013	addi	x0,x0,0	  x0:0x00000000
        9305000	       929	80002390	00000013	addi	x0,x0,0	  x0:0x00000000
        9315000	       930	80002394	0073cb33	xor	x22,x7,x7	  x7:0x00000000  x7:0x00000000 x22=0x00000000
        9325000	       931	80002398	41335ab3	sra	x21,x6,x19	  x6:0x00000a2e x19:0x80009fc4 x21=0x000000a2
        9335000	       932	8000239c	0094d4b3	srl	x9,x9,x9	  x9:0x63625000  x9:0x63625000  x9=0x63625000
        9345000	       933	800023a0	005bfe63	bgeu	x23,x5,800023bc	 x23:0xa4b1ffff  x5:0x5b4e0766
        9355000	       934	00000000	00000013	addi	x0,x0,0	  x0:0x00000000
        9365000	       935	800023b8	00000013	addi	x0,x0,0	  x0:0x00000000
        9375000	       936	800023bc	0177c863	blt	x15,x23,800023cc	 x15:0x1b52d000 x23:0xa4b1ffff
        9385000	       937	800023c0	03246463	bltu	x8,x18,800023e8	  x8:0x80009f58 x18:0xe361b52d
        9395000	       938	00000000	00000013	addi	x0,x0,0	  x0:0x00000000
        9405000	       939	800023e4	00000013	addi	x0,x0,0	  x0:0x00000000
        9415000	       940	800023e8	00000013	addi	x0,x0,0	  x0:0x00000000
        9425000	       941	800023ec	008f5313	srli	x6,x30,0x8	 x30:0x80009f58  x6=0x0080009f
        9435000	       942	800023f0	00005a93	srli	x21,x0,0x0	  x0:0x00000000 x21=0x00000000
        9445000	       943	800023f4	704d0213	addi	x4,x26,1796	 x26:0x80000000  x4=0x80000704
        9455000	       944	800023f8	01473d33	sltu	x26,x14,x20	 x14:0x00000000 x20:0x00000001 x26=0x00000001
        9465000	       945	800023fc	00dac533	xor	x10,x21,x13	 x21:0x00000000 x13:0x6082d000 x10=0x6082d000
        9475000	       946	80002400	01951a63	bne	x10,x25,80002414	 x10:0x6082d000 x25:0x22f09000
        9485000	       947	00000000	00000013	addi	x0,x0,0	  x0:0x00000000
        9495000	       948	80002410	00000013	addi	x0,x0,0	  x0:0x00000000
        9505000	       949	80002414	01baa733	slt	x14,x21,x27	 x21:0x00000000 x27:0xfffffffc x14=0x00000000
        9515000	       950	80002418	48451b97	auipc	x23,0x48451	 x23=0xc8453414
        9525000	       951	8000241c	8a462d93	slti	x27,x12,-1884	 x12:0x6082d000 x27=0x00000000
        9535000	       952	80002420	01c89eb3	sll	x29,x17,x28	 x17:0x26036b6f x28:0x00000004 x29=0x6036b6f0
        9545000	       953	80002424	dabe0493	addi	x9,x28,-597	 x28:0x00000004  x9=0xfffffdaf
        9555000	       954	80002428	3e676913	ori	x18,x14,998	 x14:0x00000000 x18=0x000003e6
        9565000	       955	8000242c	01d81933	sll	x18,x16,x29	 x16:0xa4b1fffb x29:0x6036b6f0 x18=0xfffb0000
        9575000	       956	80002430	40d18cb3	sub	x25,x3,x13	  x3:0xa4b1ffc6 x13:0x6082d000 x25=0x442f2fc6
        9585000	       957	80002434	1bc0d797	auipc	x15,0x1bc0d	 x15=0x9bc0f430
        9595000	       958	80002438	b6dfbc13	sltiu	x24,x31,-1171	 x31:0xa4b1ffc6 x24=0x00000001
        9605000	       959	8000243c	0527d063	bge	x15,x18,8000247c	 x15:0x9bc0f430 x18:0xfffb0000
        9615000	       960	80002440	005c9c13	slli	x24,x25,0x5	 x25:0x442f2fc6 x24=0x85e5f8c0
        9625000	       961	80002444	8a8c7913	andi	x18,x24,-1880	 x24:0x85e5f8c0 x18=0x85e5f880
        9635000	       962	80002448	0000e933	or	x18,x1,x0	  x1:0xff9fcb42  x0:0x00000000 x18=0xff9fcb42
        9645000	       963	8000244c	0053d513	srli	x10,x7,0x5	  x7:0x00000000 x10=0x00000000
        9655000	       964	80002450	00434bb3	xor	x23,x6,x4	  x6:0x0080009f  x4:0x80000704 x23=0x8080079b
        9665000	       965	80002454	007b8633	add	x12,x23,x7	 x23:0x8080079b  x7:0x00000000 x12=0x8080079b
        9675000	       966	80002458	0172f5b3	and	x11,x5,x23	  x5:0x5b4e0766 x23:0x8080079b x11=0x00000702
        9685000	       967	8000245c	41c95013	srai	x0,x18,0x1c	 x18:0xff9fcb42
        9695000	       968	80002460	41d8ddb3	sra	x27,x17,x29	 x17:0x26036b6f x29:0x6036b6f0 x27=0x00002603
        9705000	       969	80002464	1e5e5017	auipc	x0,0x1e5e5	
        9715000	       970	80002468	41b90fb3	sub	x31,x18,x27	 x18:0xff9fcb42 x27:0x00002603 x31=0xff9fa53f
        9725000	       971	8000246c	7ec50097	auipc	x1,0x7ec50	  x1=0xfec52468
        9735000	       972	80002470	1b948793	addi	x15,x9,441	  x9:0xfffffdaf x15=0xffffff68
        9745000	       973	80002474	03b26a63	bltu	x4,x27,800024a8	  x4:0x80000704 x27:0x00002603
        9755000	       974	80002478	00000013	addi	x0,x0,0	  x0:0x00000000
        9765000	       975	8000247c	00b89013	slli	x0,x17,0xb	 x17:0x26036b6f
        9775000	       976	80002480	b6823b37	lui	x22,0xb6823	 x22=0xb6823000
        9785000	       977	80002484	007b1e13	slli	x28,x22,0x7	 x22:0xb6823000 x28=0x41180000
        9795000	       978	80002488	41245c13	srai	x24,x8,0x12	  x8:0x80009f58 x24=0xffffe000
        9805000	       979	8000248c	00000013	addi	x0,x0,0	  x0:0x00000000
        9815000	       980	80002490	40ea8233	sub	x4,x21,x14	 x21:0x00000000 x14:0x00000000  x4=0x00000000
        9825000	       981	80002494	00000013	addi	x0,x0,0	  x0:0x00000000
        9835000	       982	80002498	5d372e13	slti	x28,x14,1491	 x14:0x00000000 x28=0x00000001
        9845000	       983	8000249c	01561333	sll	x6,x12,x21	 x12:0x8080079b x21:0x00000000  x6=0x8080079b
        9855000	       984	800024a0	005a5833	srl	x16,x20,x5	 x20:0x00000001  x5:0x5b4e0766 x16=0x00000000
        9865000	       985	800024a4	008ea633	slt	x12,x29,x8	 x29:0x6036b6f0  x8:0x80009f58 x12=0x00000000
        9875000	       986	800024a8	01eeefb3	or	x31,x29,x30	 x29:0x6036b6f0 x30:0x80009f58 x31=0xe036bff8
        9885000	       987	800024ac	013ac033	xor	x0,x21,x19	 x21:0x00000000 x19:0x80009fc4
        9895000	       988	800024b0	05bff063	bgeu	x31,x27,800024f0	 x31:0xe036bff8 x27:0x00002603
        9905000	       989	00000000	00000013	addi	x0,x0,0	  x0:0x00000000
        9915000	       990	800024ec	00000013	addi	x0,x0,0	  x0:0x00000000
        9925000	       991	800024f0	c9bfe793	ori	x15,x31,-869	 x31:0xe036bff8 x15=0xfffffffb
        9935000	       992	800024f4	01296ab3	or	x21,x18,x18	 x18:0xff9fcb42 x18:0xff9fcb42 x21=0xff9fcb42
        9945000	       993	800024f8	ffb13693	sltiu	x13,x2,-5	  x2:0x00000001 x13=0x00000001
        9955000	       994	800024fc	020bc663	blt	x23,x0,80002528	 x23:0x8080079b  x0:0x00000000
        9965000	       995	00000000	00000013	addi	x0,x0,0	  x0:0x00000000
        9975000	       996	80002524	00000013	addi	x0,x0,0	  x0:0x00000000
        9985000	       997	80002528	419cd3b3	sra	x7,x25,x25	 x25:0x442f2fc6 x25:0x442f2fc6  x7=0x0110bcbf
        9995000	       998	8000252c	05bf5063	bge	x30,x27,8000256c	 x30:0x80009f58 x27:0x00002603
       10005000	       999	80002530	00c15d93	srli	x27,x2,0xc	  x2:0x00000001 x27=0x00000000
       10015000	      1000	80002534	01116ab3	or	x21,x2,x17	  x2:0x00000001 x17:0x26036b6f x21=0x26036b6f
       10025000	      1001	80002538	00000013	addi	x0,x0,0	  x0:0x00000000
       10035000	      1002	8000253c	d75d5337	lui	x6,0xd75d5	  x6=0xd75d5000
       10045000	      1003	80002540	017505b3	add	x11,x10,x23	 x10:0x00000000 x23:0x8080079b x11=0x8080079b
       10055000	      1004	80002544	419d8cb3	sub	x25,x27,x25	 x27:0x00000000 x25:0x442f2fc6 x25=0xbbd0d03a
       10065000	      1005	80002548	0088e033	or	x0,x17,x8	 x17:0x26036b6f  x8:0x80009f58
       10075000	      1006	8000254c	023f0663	beq	x30,x3,80002578	 x30:0x80009f58  x3:0xa4b1ffc6
       10085000	      1007	80002550	04f95463	bge	x18,x15,80002598	 x18:0xff9fcb42 x15:0xfffffffb
       10095000	      1008	80002554	004db933	sltu	x18,x27,x4	 x27:0x00000000  x4:0x00000000 x18=0x00000000
       10105000	      1009	80002558	00afce63	blt	x31,x10,80002574	 x31:0xe036bff8 x10:0x00000000
       10115000	      1010	00000000	00000013	addi	x0,x0,0	  x0:0x00000000
       10125000	      1011	80002570	00000013	addi	x0,x0,0	  x0:0x00000000
       10135000	      1012	80002574	00e85033	srl	x0,x16,x14	 x16:0x00000000 x14:0x00000000
       10145000	      1013	80002578	81aa2813	slti	x16,x20,-2022	 x20:0x00000001 x16=0x00000000
       10155000	      1014	8000257c	01e35d93	srli	x27,x6,0x1e	  x6:0xd75d5000 x27=0x00000003
       10165000	      1015	80002580	41e3dd33	sra	x26,x7,x30	  x7:0x0110bcbf x30:0x80009f58 x26=0x00000001
       10175000	      1016	80002584	65c16c13	ori	x24,x2,1628	  x2:0x00000001 x24=0x0000065d
       10185000	      1017	80002588	01319bb3	sll	x23,x3,x19	  x3:0xa4b1ffc6 x19:0x80009fc4 x23=0x4b1ffc60
       10195000	      1018	8000258c	01f7c2b3	xor	x5,x15,x31	 x15:0xfffffffb x31:0xe036bff8  x5=0x1fc94003
       10205000	      1019	80002590	01f3fa63	bgeu	x7,x31,800025a4	  x7:0x0110bcbf x31:0xe036bff8
       10215000	      1020	80002594	01e43eb3	sltu	x29,x8,x30	  x8:0x80009f58 x30:0x80009f58 x29=0x00000000
       10225000	      1021	80002598	00f1ee33	or	x28,x3,x15	  x3:0xa4b1ffc6 x15:0xfffffffb x28=0xffffffff
       10235000	      1022	8000259c	00a5c0b3	xor	x1,x11,x10	 x11:0x8080079b x10:0x00000000  x1=0x8080079b
       10245000	      1023	800025a0	03706463	bltu	x0,x23,800025c8	  x0:0x00000000 x23:0x4b1ffc60
       10255000	      1024	00000000	00000013	addi	x0,x0,0	  x0:0x00000000
       10265000	      1025	800025c4	00000013	addi	x0,x0,0	  x0:0x00000000
       10275000	      1026	800025c8	401703b3	sub	x7,x14,x1	 x14:0x00000000  x1:0x8080079b  x7=0x7f7ff865
       10285000	      1027	800025cc	001d8663	beq	x27,x1,800025d8	 x27:0x00000003  x1:0x8080079b
       10295000	      1028	800025d0	97e62913	slti	x18,x12,-1666	 x12:0x00000000 x18=0x00000000
       10305000	      1029	800025d4	0476c063	blt	x13,x7,80002614	 x13:0x00000001  x7:0x7f7ff865
       10315000	      1030	00000000	00000013	addi	x0,x0,0	  x0:0x00000000
       10325000	      1031	80002610	00000013	addi	x0,x0,0	  x0:0x00000000
       10335000	      1032	80002614	47c86937	lui	x18,0x47c86	 x18=0x47c86000
       10345000	      1033	80002618	b71ee213	ori	x4,x29,-1167	 x29:0x00000000  x4=0xfffffb71
       10355000	      1034	8000261c	c9088e13	addi	x28,x17,-880	 x17:0x26036b6f x28=0x260367ff
       10365000	      1035	80002620	0089acb3	slt	x25,x19,x8	 x19:0x80009fc4  x8:0x80009f58 x25=0x00000000
       10375000	      1036	80002624	41d7d593	srai	x11,x15,0x1d	 x15:0xfffffffb x11=0xffffffff
       10385000	      1037	80002628	00e2e463	bltu	x5,x14,80002630	  x5:0x1fc94003 x14:0x00000000
       10395000	      1038	8000262c	00055793	srli	x15,x10,0x0	 x10:0x00000000 x15=0x00000000
       10405000	      1039	80002630	02e09a63	bne	x1,x14,80002664	  x1:0x8080079b x14:0x00000000
       10415000	      1040	00000000	00000013	addi	x0,x0,0	  x0:0x00000000
       10425000	      1041	80002660	00000013	addi	x0,x0,0	  x0:0x00000000
       10435000	      1042	80002664	29a02813	slti	x16,x0,666	  x0:0x00000000 x16=0x00000001
       10445000	      1043	80002668	002ba333	slt	x6,x23,x2	 x23:0x4b1ffc60  x2:0x00000001  x6=0x00000000
       10455000	      1044	8000266c	00000013	addi	x0,x0,0	  x0:0x00000000
       10465000	      1045	80002670	b5fec113	xori	x2,x29,-1185	 x29:0x00000000  x2=0xfffffb5f
       10475000	      1046	80002674	0398c863	blt	x17,x25,800026a4	 x17:0x26036b6f x25:0x00000000
       10485000	      1047	80002678	00d20233	add	x4,x4,x13	  x4:0xfffffb71 x13:0x00000001  x4=0xfffffb72
       10495000	      1048	8000267c	010915b3	sll	x11,x18,x16	 x18:0x47c86000 x16:0x00000001 x11=0x8f90c000
       10505000	      1049	80002680	23bd5317	auipc	x6,0x23bd5	  x6=0xa3bd767c
       10515000	      1050	80002684	00bceb33	or	x22,x25,x11	 x25:0x00000000 x11:0x8f90c000 x22=0x8f90c000
       10525000	      1051	80002688	0144de33	srl	x28,x9,x20	  x9:0xfffffdaf x20:0x00000001 x28=0x7ffffed7
       10535000	      1052	8000268c	408adc93	srai	x25,x21,0x8	 x21:0x26036b6f x25=0x0026036b
       10545000	      1053	80002690	026be663	bltu	x23,x6,800026bc	 x23:0x4b1ffc60  x6:0xa3bd767c
       10555000	      1054	00000000	00000013	addi	x0,x0,0	  x0:0x00000000
       10565000	      1055	800026b8	00000013	addi	x0,x0,0	  x0:0x00000000
       10575000	      1056	800026bc	0190e463	bltu	x1,x25,800026c4	  x1:0x8080079b x25:0x0026036b
       10585000	      1057	800026c0	40fa5f33	sra	x30,x20,x15	 x20:0x00000001 x15:0x00000000 x30=0x00000001
       10595000	      1058	800026c4	013ed633	srl	x12,x29,x19	 x29:0x00000000 x19:0x80009fc4 x12=0x00000000
       10605000	      1059	800026c8	04ccc263	blt	x25,x12,8000270c	 x25:0x0026036b x12:0x00000000
       10615000	      1060	800026cc	00400713	addi	x14,x0,4	  x0:0x00000000 x14=0x00000004
       10625000	      1061	800026d0	00200493	addi	x9,x0,2	  x0:0x00000000  x9=0x00000002
       10635000	      1062	800026d4	2b61c913	xori	x18,x3,694	  x3:0xa4b1ffc6 x18=0xa4b1fd70
       10645000	      1063	800026d8	00000013	addi	x0,x0,0	  x0:0x00000000
       10655000	      1064	800026dc	41300d33	sub	x26,x0,x19	  x0:0x00000000 x19:0x80009fc4 x26=0x7fff603c
       10665000	      1065	800026e0	ff870713	addi	x14,x14,-8	 x14:0x00000004 x14=0xfffffffc
       10675000	      1066	800026e4	fe9758e3	bge	x14,x9,800026d4	 x14:0xfffffffc  x9:0x00000002
       10685000	      1067	800026e8	01fcbc33	sltu	x24,x25,x31	 x25:0x0026036b x31:0xe036bff8 x24=0x00000001
       10695000	      1068	800026ec	01cc1d33	sll	x26,x24,x28	 x24:0x00000001 x28:0x7ffffed7 x26=0x00800000
       10705000	      1069	800026f0	03d6d063	bge	x13,x29,80002710	 x13:0x00000001 x29:0x00000000
       10715000	      1070	00000000	00000013	addi	x0,x0,0	  x0:0x00000000
       10725000	      1071	8000270c	00000013	addi	x0,x0,0	  x0:0x00000000
       10735000	      1072	80002710	5ca1dd37	lui	x26,0x5ca1d	 x26=0x5ca1d000
       10745000	      1073	80002714	0d543f93	sltiu	x31,x8,213	  x8:0x80009f58 x31=0x00000000
       10755000	      1074	80002718	01467f33	and	x30,x12,x20	 x12:0x00000000 x20:0x00000001 x30=0x00000000
       10765000	      1075	8000271c	e90d3613	sltiu	x12,x26,-368	 x26:0x5ca1d000 x12=0x00000001
       10775000	      1076	80002720	00498233	add	x4,x19,x4	 x19:0x80009fc4  x4:0xfffffb72  x4=0x80009b36
       10785000	      1077	80002724	015f9f33	sll	x30,x31,x21	 x31:0x00000000 x21:0x26036b6f x30=0x00000000
       10795000	      1078	80002728	00b081b3	add	x3,x1,x11	  x1:0x8080079b x11:0x8f90c000  x3=0x1010c79b
       10805000	      1079	8000272c	00000013	addi	x0,x0,0	  x0:0x00000000
       10815000	      1080	80002730	00db9a63	bne	x23,x13,80002744	 x23:0x4b1ffc60 x13:0x00000001
       10825000	      1081	00000000	00000013	addi	x0,x0,0	  x0:0x00000000
       10835000	      1082	80002740	00000013	addi	x0,x0,0	  x0:0x00000000
       10845000	      1083	80002744	80a6fa93	andi	x21,x13,-2038	 x13:0x00000001 x21=0x00000000
       10855000	      1084	80002748	40b3d4b3	sra	x9,x7,x11	  x7:0x7f7ff865 x11:0x8f90c000  x9=0x7f7ff865
       10865000	      1085	8000274c	0122fc33	and	x24,x5,x18	  x5:0x1fc94003 x18:0xa4b1fd70 x24=0x04814000
       10875000	      1086	80002750	01e5e933	or	x18,x11,x30	 x11:0x8f90c000 x30:0x00000000 x18=0x8f90c000
       10885000	      1087	80002754	011276b3	and	x13,x4,x17	  x4:0x80009b36 x17:0x26036b6f x13=0x00000b26
       10895000	      1088	80002758	046a1063	bne	x20,x6,80002798	 x20:0x00000001  x6:0xa3bd767c
       10905000	      1089	00000000	00000013	addi	x0,x0,0	  x0:0x00000000
       10915000	      1090	80002794	00000013	addi	x0,x0,0	  x0:0x00000000
       10925000	      1091	80002798	02677663	bgeu	x14,x6,800027c4	 x14:0xfffffffc  x6:0xa3bd767c
       10935000	      1092	00000000	00000013	addi	x0,x0,0	  x0:0x00000000
       10945000	      1093	800027c0	00000013	addi	x0,x0,0	  x0:0x00000000
       10955000	      1094	800027c4	04344663	blt	x8,x3,80002810	  x8:0x80009f58  x3:0x1010c79b
       10965000	      1095	00000000	00000013	addi	x0,x0,0	  x0:0x00000000
       10975000	      1096	8000280c	00000013	addi	x0,x0,0	  x0:0x00000000
       10985000	      1097	80002810	157cc837	lui	x16,0x157cc	 x16=0x157cc000
       10995000	      1098	80002814	01880eb3	add	x29,x16,x24	 x16:0x157cc000 x24:0x04814000 x29=0x19fe0000
       11005000	      1099	80002818	0050a4b3	slt	x9,x1,x5	  x1:0x8080079b  x5:0x1fc94003  x9=0x00000001
       11015000	      1100	8000281c	b5ec9337	lui	x6,0xb5ec9	  x6=0xb5ec9000
       11025000	      1101	80002820	4163d193	srai	x3,x7,0x16	  x7:0x7f7ff865  x3=0x000001fd
       11035000	      1102	80002824	01b3dfb3	srl	x31,x7,x27	  x7:0x7f7ff865 x27:0x00000003 x31=0x0fefff0c
       11045000	      1103	80002828	1e5a0837	lui	x16,0x1e5a0	 x16=0x1e5a0000
       11055000	      1104	8000282c	0070e833	or	x16,x1,x7	  x1:0x8080079b  x7:0x7f7ff865 x16=0xffffffff
       11065000	      1105	80002830	24f4f317	auipc	x6,0x24f4f	  x6=0xa4f5182c
       11075000	      1106	80002834	029be663	bltu	x23,x9,80002860	 x23:0x4b1ffc60  x9:0x00000001
       11085000	      1107	80002838	cf08fa37	lui	x20,0xcf08f	 x20=0xcf08f000
       11095000	      1108	8000283c	00565033	srl	x0,x12,x5	 x12:0x00000001  x5:0x1fc94003
       11105000	      1109	80002840	00000013	addi	x0,x0,0	  x0:0x00000000
       11115000	      1110	80002844	035b4663	blt	x22,x21,80002870	 x22:0x8f90c000 x21:0x00000000
       11125000	      1111	00000000	00000013	addi	x0,x0,0	  x0:0x00000000
       11135000	      1112	8000286c	00000013	addi	x0,x0,0	  x0:0x00000000
       11145000	      1113	80002870	04d09063	bne	x1,x13,800028b0	  x1:0x8080079b x13:0x00000b26
       11155000	      1114	00000000	00000013	addi	x0,x0,0	  x0:0x00000000
       11165000	      1115	800028ac	00000013	addi	x0,x0,0	  x0:0x00000000
       11175000	      1116	800028b0	01e78c33	add	x24,x15,x30	 x15:0x00000000 x30:0x00000000 x24=0x00000000
       11185000	      1117	800028b4	1ff0fb93	andi	x23,x1,511	  x1:0x8080079b x23=0x0000019b
       11195000	      1118	800028b8	00990a63	beq	x18,x9,800028cc	 x18:0x8f90c000  x9:0x00000001
       11205000	      1119	800028bc	015adfb3	srl	x31,x21,x21	 x21:0x00000000 x21:0x00000000 x31=0x00000000
       11215000	      1120	800028c0	02206a63	bltu	x0,x2,800028f4	  x0:0x00000000  x2:0xfffffb5f
       11225000	      1121	00000000	00000013	addi	x0,x0,0	  x0:0x00000000
       11235000	      1122	800028f0	00000013	addi	x0,x0,0	  x0:0x00000000
       11245000	      1123	800028f4	a43c0c13	addi	x24,x24,-1469	 x24:0x00000000 x24=0xfffffa43
       11255000	      1124	800028f8	37cd5637	lui	x12,0x37cd5	 x12=0x37cd5000
       11265000	      1125	800028fc	00411e33	sll	x28,x2,x4	  x2:0xfffffb5f  x4:0x80009b36 x28=0xd7c00000
       11275000	      1126	80002900	77214293	xori	x5,x2,1906	  x2:0xfffffb5f  x5=0xfffffc2d
       11285000	      1127	80002904	01230533	add	x10,x6,x18	  x6:0xa4f5182c x18:0x8f90c000 x10=0x3485d82c
       11295000	      1128	80002908	00000013	addi	x0,x0,0	  x0:0x00000000
       11305000	      1129	8000290c	00a99833	sll	x16,x19,x10	 x19:0x80009fc4 x10:0x3485d82c x16=0x09fc4000
       11315000	      1130	80002910	001a0e63	beq	x20,x1,8000292c	 x20:0xcf08f000  x1:0x8080079b
       11325000	      1131	80002914	000e4663	blt	x28,x0,80002920	 x28:0xd7c00000  x0:0x00000000
       11335000	      1132	00000000	00000013	addi	x0,x0,0	  x0:0x00000000
       11345000	      1133	8000291c	00000013	addi	x0,x0,0	  x0:0x00000000
       11355000	      1134	80002920	05191063	bne	x18,x17,80002960	 x18:0x8f90c000 x17:0x26036b6f
       11365000	      1135	00000000	00000013	addi	x0,x0,0	  x0:0x00000000
       11375000	      1136	8000295c	00000013	addi	x0,x0,0	  x0:0x00000000
       11385000	      1137	80002960	00c56c33	or	x24,x10,x12	 x10:0x3485d82c x12:0x37cd5000 x24=0x37cdd82c
       11395000	      1138	80002964	03bffa63	bgeu	x31,x27,80002998	 x31:0x00000000 x27:0x00000003
       11405000	      1139	80002968	00e8e033	or	x0,x17,x14	 x17:0x26036b6f x14:0xfffffffc
       11415000	      1140	8000296c	001a5263	bge	x20,x1,80002970	 x20:0xcf08f000  x1:0x8080079b
       11425000	      1141	00000000	00000013	addi	x0,x0,0	  x0:0x00000000
       11435000	      1142	8000296c	00000013	addi	x0,x0,0	  x0:0x00000000
       11445000	      1143	80002970	00d78b33	add	x22,x15,x13	 x15:0x00000000 x13:0x00000b26 x22=0x00000b26
       11455000	      1144	80002974	023bc663	blt	x23,x3,800029a0	 x23:0x0000019b  x3:0x000001fd
       11465000	      1145	00000000	00000013	addi	x0,x0,0	  x0:0x00000000
       11475000	      1146	8000299c	00000013	addi	x0,x0,0	  x0:0x00000000
       11485000	      1147	800029a0	b6a395b7	lui	x11,0xb6a39	 x11=0xb6a39000
       11495000	      1148	800029a4	93408093	addi	x1,x1,-1740	  x1:0x8080079b  x1=0x808000cf
       11505000	      1149	800029a8	004c0b33	add	x22,x24,x4	 x24:0x37cdd82c  x4:0x80009b36 x22=0xb7ce7362
       11515000	      1150	800029ac	036be063	bltu	x23,x22,800029cc	 x23:0x0000019b x22:0xb7ce7362
       11525000	      1151	00000000	00000013	addi	x0,x0,0	  x0:0x00000000
       11535000	      1152	800029c8	00000013	addi	x0,x0,0	  x0:0x00000000
       11545000	      1153	800029cc	019f8c33	add	x24,x31,x25	 x31:0x00000000 x25:0x0026036b x24=0x0026036b
       11555000	      1154	800029d0	c8bf8797	auipc	x15,0xc8bf8	 x15=0x48bfa9cc
       11565000	      1155	800029d4	01231c63	bne	x6,x18,800029ec	  x6:0xa4f5182c x18:0x8f90c000
       11575000	      1156	00000000	00000013	addi	x0,x0,0	  x0:0x00000000
       11585000	      1157	800029e8	00000013	addi	x0,x0,0	  x0:0x00000000
       11595000	      1158	800029ec	05fd9463	bne	x27,x31,80002a34	 x27:0x00000003 x31:0x00000000
       11605000	      1159	00000000	00000013	addi	x0,x0,0	  x0:0x00000000
       11615000	      1160	80002a30	00000013	addi	x0,x0,0	  x0:0x00000000
       11625000	      1161	80002a34	017f1263	bne	x30,x23,80002a38	 x30:0x00000000 x23:0x0000019b
       11635000	      1162	00000000	00000013	addi	x0,x0,0	  x0:0x00000000
       11645000	      1163	80002a34	00000013	addi	x0,x0,0	  x0:0x00000000
       11655000	      1164	80002a38	01d1b3b3	sltu	x7,x3,x29	  x3:0x000001fd x29:0x19fe0000  x7=0x00000001
       11665000	      1165	80002a3c	01635f33	srl	x30,x6,x22	  x6:0xa4f5182c x22:0xb7ce7362 x30=0x293d460b
       11675000	      1166	80002a40	01c75fb3	srl	x31,x14,x28	 x14:0xfffffffc x28:0xd7c00000 x31=0xfffffffc
       11685000	      1167	80002a44	a1f6af13	slti	x30,x13,-1505	 x13:0x00000b26 x30=0x00000000
       11695000	      1168	80002a48	43890b93	addi	x23,x18,1080	 x18:0x8f90c000 x23=0x8f90c438
       11705000	      1169	80002a4c	eed9a393	slti	x7,x19,-275	 x19:0x80009fc4  x7=0x00000001
       11715000	      1170	80002a50	00c386b3	add	x13,x7,x12	  x7:0x00000001 x12:0x37cd5000 x13=0x37cd5001
       11725000	      1171	80002a54	004b6e97	auipc	x29,0x4b6	 x29=0x804b8a50
       11735000	      1172	80002a58	405f8b33	sub	x22,x31,x5	 x31:0xfffffffc  x5:0xfffffc2d x22=0x000003cf
       11745000	      1173	80002a5c	014117b3	sll	x15,x2,x20	  x2:0xfffffb5f x20:0xcf08f000 x15=0xfffffb5f
       11755000	      1174	80002a60	01707463	bgeu	x0,x23,80002a68	  x0:0x00000000 x23:0x8f90c438
       11765000	      1175	80002a64	d0d6ff13	andi	x30,x13,-755	 x13:0x37cd5001 x30=0x37cd5001
       11775000	      1176	80002a68	c2d18f13	addi	x30,x3,-979	  x3:0x000001fd x30=0xfffffe2a
       11785000	      1177	80002a6c	16d7a713	slti	x14,x15,365	 x15:0xfffffb5f x14=0x00000001
       11795000	      1178	80002a70	ff800b13	addi	x22,x0,-8	  x0:0x00000000 x22=0xfffffff8
       11805000	      1179	80002a74	0162d393	srli	x7,x5,0x16	  x5:0xfffffc2d  x7=0x000003ff
       11815000	      1180	80002a78	00d00313	addi	x6,x0,13	  x0:0x00000000  x6=0x0000000d
       11825000	      1181	80002a7c	00ba65b3	or	x11,x20,x11	 x20:0xcf08f000 x11:0xb6a39000 x11=0xffabf000
       11835000	      1182	80002a80	005b0b13	addi	x22,x22,5	 x22:0xfffffff8 x22=0xfffffffd
       11845000	      1183	80002a84	00800113	addi	x2,x0,8	  x0:0x00000000  x2=0x00000008
       11855000	      1184	80002a88	6fb26293	ori	x5,x4,1787	  x4:0x80009b36  x5=0x80009fff
       11865000	      1185	80002a8c	01c80633	add	x12,x16,x28	 x16:0x09fc4000 x28:0xd7c00000 x12=0xe1bc4000
       11875000	      1186	80002a90	ff600a93	addi	x21,x0,-10	  x0:0x00000000 x21=0xfffffff6
       11885000	      1187	80002a94	0175d193	srli	x3,x11,0x17	 x11:0xffabf000  x3=0x000001ff
       11895000	      1188	80002a98	01471bb3	sll	x23,x14,x20	 x14:0x00000001 x20:0xcf08f000 x23=0x00000001
       11905000	      1189	80002a9c	9e953a13	sltiu	x20,x10,-1559	 x10:0x3485d82c x20=0x00000001
       11915000	      1190	80002aa0	ffa10113	addi	x2,x2,-6	  x2:0x00000008  x2=0x00000002
       11925000	      1191	80002aa4	2c8eae37	lui	x28,0x2c8ea	 x28=0x2c8ea000
       11935000	      1192	80002aa8	ff510ae3	beq	x2,x21,80002a9c	  x2:0x00000002 x21:0xfffffff6
       11945000	      1193	80002aac	fc6b48e3	blt	x22,x6,80002a7c	 x22:0xfffffffd  x6:0x0000000d
       11955000	      1194	00000000	00000013	addi	x0,x0,0	  x0:0x00000000
       11965000	      1195	80002a78	00000013	addi	x0,x0,0	  x0:0x00000000
       11975000	      1196	80002a7c	00ba65b3	or	x11,x20,x11	 x20:0x00000001 x11:0xffabf000 x11=0xffabf001
       11985000	      1197	80002a80	005b0b13	addi	x22,x22,5	 x22:0xfffffffd x22=0x00000002
       11995000	      1198	80002a84	00800113	addi	x2,x0,8	  x0:0x00000000  x2=0x00000008
       12005000	      1199	80002a88	6fb26293	ori	x5,x4,1787	  x4:0x80009b36  x5=0x80009fff
       12015000	      1200	80002a8c	01c80633	add	x12,x16,x28	 x16:0x09fc4000 x28:0x2c8ea000 x12=0x368ae000
       12025000	      1201	80002a90	ff600a93	addi	x21,x0,-10	  x0:0x00000000 x21=0xfffffff6
       12035000	      1202	80002a94	0175d193	srli	x3,x11,0x17	 x11:0xffabf001  x3=0x000001ff
       12045000	      1203	80002a98	01471bb3	sll	x23,x14,x20	 x14:0x00000001 x20:0x00000001 x23=0x00000002
       12055000	      1204	80002a9c	9e953a13	sltiu	x20,x10,-1559	 x10:0x3485d82c x20=0x00000001
       12065000	      1205	80002aa0	ffa10113	addi	x2,x2,-6	  x2:0x00000008  x2=0x00000002
       12075000	      1206	80002aa4	2c8eae37	lui	x28,0x2c8ea	 x28=0x2c8ea000
       12085000	      1207	80002aa8	ff510ae3	beq	x2,x21,80002a9c	  x2:0x00000002 x21:0xfffffff6
       12095000	      1208	80002aac	fc6b48e3	blt	x22,x6,80002a7c	 x22:0x00000002  x6:0x0000000d
       12105000	      1209	00000000	00000013	addi	x0,x0,0	  x0:0x00000000
       12115000	      1210	80002a78	00000013	addi	x0,x0,0	  x0:0x00000000
       12125000	      1211	80002a7c	00ba65b3	or	x11,x20,x11	 x20:0x00000001 x11:0xffabf001 x11=0xffabf001
       12135000	      1212	80002a80	005b0b13	addi	x22,x22,5	 x22:0x00000002 x22=0x00000007
       12145000	      1213	80002a84	00800113	addi	x2,x0,8	  x0:0x00000000  x2=0x00000008
       12155000	      1214	80002a88	6fb26293	ori	x5,x4,1787	  x4:0x80009b36  x5=0x80009fff
       12165000	      1215	80002a8c	01c80633	add	x12,x16,x28	 x16:0x09fc4000 x28:0x2c8ea000 x12=0x368ae000
       12175000	      1216	80002a90	ff600a93	addi	x21,x0,-10	  x0:0x00000000 x21=0xfffffff6
       12185000	      1217	80002a94	0175d193	srli	x3,x11,0x17	 x11:0xffabf001  x3=0x000001ff
       12195000	      1218	80002a98	01471bb3	sll	x23,x14,x20	 x14:0x00000001 x20:0x00000001 x23=0x00000002
       12205000	      1219	80002a9c	9e953a13	sltiu	x20,x10,-1559	 x10:0x3485d82c x20=0x00000001
       12215000	      1220	80002aa0	ffa10113	addi	x2,x2,-6	  x2:0x00000008  x2=0x00000002
       12225000	      1221	80002aa4	2c8eae37	lui	x28,0x2c8ea	 x28=0x2c8ea000
       12235000	      1222	80002aa8	ff510ae3	beq	x2,x21,80002a9c	  x2:0x00000002 x21:0xfffffff6
       12245000	      1223	80002aac	fc6b48e3	blt	x22,x6,80002a7c	 x22:0x00000007  x6:0x0000000d
       12255000	      1224	00000000	00000013	addi	x0,x0,0	  x0:0x00000000
       12265000	      1225	80002a78	00000013	addi	x0,x0,0	  x0:0x00000000
       12275000	      1226	80002a7c	00ba65b3	or	x11,x20,x11	 x20:0x00000001 x11:0xffabf001 x11=0xffabf001
       12285000	      1227	80002a80	005b0b13	addi	x22,x22,5	 x22:0x00000007 x22=0x0000000c
       12295000	      1228	80002a84	00800113	addi	x2,x0,8	  x0:0x00000000  x2=0x00000008
       12305000	      1229	80002a88	6fb26293	ori	x5,x4,1787	  x4:0x80009b36  x5=0x80009fff
       12315000	      1230	80002a8c	01c80633	add	x12,x16,x28	 x16:0x09fc4000 x28:0x2c8ea000 x12=0x368ae000
       12325000	      1231	80002a90	ff600a93	addi	x21,x0,-10	  x0:0x00000000 x21=0xfffffff6
       12335000	      1232	80002a94	0175d193	srli	x3,x11,0x17	 x11:0xffabf001  x3=0x000001ff
       12345000	      1233	80002a98	01471bb3	sll	x23,x14,x20	 x14:0x00000001 x20:0x00000001 x23=0x00000002
       12355000	      1234	80002a9c	9e953a13	sltiu	x20,x10,-1559	 x10:0x3485d82c x20=0x00000001
       12365000	      1235	80002aa0	ffa10113	addi	x2,x2,-6	  x2:0x00000008  x2=0x00000002
       12375000	      1236	80002aa4	2c8eae37	lui	x28,0x2c8ea	 x28=0x2c8ea000
       12385000	      1237	80002aa8	ff510ae3	beq	x2,x21,80002a9c	  x2:0x00000002 x21:0xfffffff6
       12395000	      1238	80002aac	fc6b48e3	blt	x22,x6,80002a7c	 x22:0x0000000c  x6:0x0000000d
       12405000	      1239	00000000	00000013	addi	x0,x0,0	  x0:0x00000000
       12415000	      1240	80002a78	00000013	addi	x0,x0,0	  x0:0x00000000
       12425000	      1241	80002a7c	00ba65b3	or	x11,x20,x11	 x20:0x00000001 x11:0xffabf001 x11=0xffabf001
       12435000	      1242	80002a80	005b0b13	addi	x22,x22,5	 x22:0x0000000c x22=0x00000011
       12445000	      1243	80002a84	00800113	addi	x2,x0,8	  x0:0x00000000  x2=0x00000008
       12455000	      1244	80002a88	6fb26293	ori	x5,x4,1787	  x4:0x80009b36  x5=0x80009fff
       12465000	      1245	80002a8c	01c80633	add	x12,x16,x28	 x16:0x09fc4000 x28:0x2c8ea000 x12=0x368ae000
       12475000	      1246	80002a90	ff600a93	addi	x21,x0,-10	  x0:0x00000000 x21=0xfffffff6
       12485000	      1247	80002a94	0175d193	srli	x3,x11,0x17	 x11:0xffabf001  x3=0x000001ff
       12495000	      1248	80002a98	01471bb3	sll	x23,x14,x20	 x14:0x00000001 x20:0x00000001 x23=0x00000002
       12505000	      1249	80002a9c	9e953a13	sltiu	x20,x10,-1559	 x10:0x3485d82c x20=0x00000001
       12515000	      1250	80002aa0	ffa10113	addi	x2,x2,-6	  x2:0x00000008  x2=0x00000002
       12525000	      1251	80002aa4	2c8eae37	lui	x28,0x2c8ea	 x28=0x2c8ea000
       12535000	      1252	80002aa8	ff510ae3	beq	x2,x21,80002a9c	  x2:0x00000002 x21:0xfffffff6
       12545000	      1253	80002aac	fc6b48e3	blt	x22,x6,80002a7c	 x22:0x00000011  x6:0x0000000d
       12555000	      1254	80002ab0	1becb513	sltiu	x10,x25,446	 x25:0x0026036b x10=0x00000000
       12565000	      1255	80002ab4	00ede263	bltu	x27,x14,80002ab8	 x27:0x00000003 x14:0x00000001
       12575000	      1256	80002ab8	41155613	srai	x12,x10,0x11	 x10:0x00000000 x12=0x00000000
       12585000	      1257	80002abc	e0a43117	auipc	x2,0xe0a43	  x2=0x60a45ab8
       12595000	      1258	80002ac0	01c18a63	beq	x3,x28,80002ad4	  x3:0x000001ff x28:0x2c8ea000
       12605000	      1259	80002ac4	00000013	addi	x0,x0,0	  x0:0x00000000
       12615000	      1260	80002ac8	2257cc93	xori	x25,x15,549	 x15:0xfffffb5f x25=0xfffff97a
       12625000	      1261	80002acc	00c90463	beq	x18,x12,80002ad4	 x18:0x8f90c000 x12:0x00000000
       12635000	      1262	80002ad0	dcb3e913	ori	x18,x7,-565	  x7:0x000003ff x18=0xffffffff
       12645000	      1263	80002ad4	01e7dbb3	srl	x23,x15,x30	 x15:0xfffffb5f x30:0xfffffe2a x23=0x003ffffe
       12655000	      1264	80002ad8	987e2093	slti	x1,x28,-1657	 x28:0x2c8ea000  x1=0x00000000
       12665000	      1265	80002adc	4a8b2013	slti	x0,x22,1192	 x22:0x00000011
       12675000	      1266	80002ae0	eeaebb13	sltiu	x22,x29,-278	 x29:0x804b8a50 x22=0x00000001
       12685000	      1267	80002ae4	008bb333	sltu	x6,x23,x8	 x23:0x003ffffe  x8:0x80009f58  x6=0x00000001
       12695000	      1268	80002ae8	015c1313	slli	x6,x24,0x15	 x24:0x0026036b  x6=0x6d600000
       12705000	      1269	80002aec	008554b3	srl	x9,x10,x8	 x10:0x00000000  x8:0x80009f58  x9=0x00000000
       12715000	      1270	80002af0	0fd16c13	ori	x24,x2,253	  x2:0x60a45ab8 x24=0x60a45afd
       12725000	      1271	80002af4	00b69193	slli	x3,x13,0xb	 x13:0x37cd5001  x3=0x6a800800
       12735000	      1272	80002af8	0076a2b3	slt	x5,x13,x7	 x13:0x37cd5001  x7:0x000003ff  x5=0x00000000
       12745000	      1273	80002afc	00645093	srli	x1,x8,0x6	  x8:0x80009f58  x1=0x0200027d
       12755000	      1274	80002b00	f96d2797	auipc	x15,0xf96d2	 x15=0x796d4afc
       12765000	      1275	80002b04	0323c263	blt	x7,x18,80002b28	  x7:0x000003ff x18:0xffffffff
       12775000	      1276	80002b08	024a4663	blt	x20,x4,80002b34	 x20:0x00000001  x4:0x80009b36
       12785000	      1277	80002b0c	010ee6b3	or	x13,x29,x16	 x29:0x804b8a50 x16:0x09fc4000 x13=0x89ffca50
       12795000	      1278	80002b10	20797e97	auipc	x29,0x20797	 x29=0xa0799b0c
       12805000	      1279	80002b14	3a10c313	xori	x6,x1,929	  x1:0x0200027d  x6=0x020001dc
       12815000	      1280	80002b18	01ac9313	slli	x6,x25,0x1a	 x25:0xfffff97a  x6=0xe8000000
       12825000	      1281	80002b1c	42154d13	xori	x26,x10,1057	 x10:0x00000000 x26=0x00000421
       12835000	      1282	80002b20	00f04033	xor	x0,x0,x15	  x0:0x00000000 x15:0x796d4afc
       12845000	      1283	80002b24	e684fa13	andi	x20,x9,-408	  x9:0x00000000 x20=0x00000000
       12855000	      1284	80002b28	04797063	bgeu	x18,x7,80002b68	 x18:0xffffffff  x7:0x000003ff
       12865000	      1285	00000000	00000013	addi	x0,x0,0	  x0:0x00000000
       12875000	      1286	80002b64	00000013	addi	x0,x0,0	  x0:0x00000000
       12885000	      1287	80002b68	a6293517	auipc	x10,0xa6293	 x10=0x26295b64
       12895000	      1288	80002b6c	024b4063	blt	x22,x4,80002b8c	 x22:0x00000001  x4:0x80009b36
       12905000	      1289	80002b70	000f77b3	and	x15,x30,x0	 x30:0xfffffe2a  x0:0x00000000 x15=0x00000000
       12915000	      1290	80002b74	00000013	addi	x0,x0,0	  x0:0x00000000
       12925000	      1291	80002b78	0001d5b3	srl	x11,x3,x0	  x3:0x6a800800  x0:0x00000000 x11=0x6a800800
       12935000	      1292	80002b7c	00e47eb3	and	x29,x8,x14	  x8:0x80009f58 x14:0x00000001 x29=0x00000000
       12945000	      1293	80002b80	012c5a93	srli	x21,x24,0x12	 x24:0x60a45afd x21=0x00001829
       12955000	      1294	80002b84	056be663	bltu	x23,x22,80002bd0	 x23:0x003ffffe x22:0x00000001
       12965000	      1295	80002b88	40540db3	sub	x27,x8,x5	  x8:0x80009f58  x5:0x00000000 x27=0x80009f58
       12975000	      1296	80002b8c	010c6733	or	x14,x24,x16	 x24:0x60a45afd x16:0x09fc4000 x14=0x69fc5afd
       12985000	      1297	80002b90	0362fa63	bgeu	x5,x22,80002bc4	  x5:0x00000000 x22:0x00000001
       12995000	      1298	80002b94	044c0063	beq	x24,x4,80002bd4	 x24:0x60a45afd  x4:0x80009b36
       13005000	      1299	80002b98	e077a093	slti	x1,x15,-505	 x15:0x00000000  x1=0x00000000
       13015000	      1300	80002b9c	01cba933	slt	x18,x23,x28	 x23:0x003ffffe x28:0x2c8ea000 x18=0x00000001
       13025000	      1301	80002ba0	01023c33	sltu	x24,x4,x16	  x4:0x80009b36 x16:0x09fc4000 x24=0x00000000
       13035000	      1302	80002ba4	01b0ce63	blt	x1,x27,80002bc0	  x1:0x00000000 x27:0x80009f58
       13045000	      1303	80002ba8	001eac33	slt	x24,x29,x1	 x29:0x00000000  x1:0x00000000 x24=0x00000000
       13055000	      1304	80002bac	01b3de33	srl	x28,x7,x27	  x7:0x000003ff x27:0x80009f58 x28=0x00000000
       13065000	      1305	80002bb0	01a2b5b3	sltu	x11,x5,x26	  x5:0x00000000 x26:0x00000421 x11=0x00000001
       13075000	      1306	80002bb4	429ce817	auipc	x16,0x429ce	 x16=0xc29d0bb0
       13085000	      1307	80002bb8	03c0e863	bltu	x1,x28,80002be8	  x1:0x00000000 x28:0x00000000
       13095000	      1308	80002bbc	0271ea63	bltu	x3,x7,80002bf0	  x3:0x6a800800  x7:0x000003ff
       13105000	      1309	80002bc0	01e85493	srli	x9,x16,0x1e	 x16:0xc29d0bb0  x9=0x00000003
       13115000	      1310	80002bc4	40fa5013	srai	x0,x20,0xf	 x20:0x00000000
       13125000	      1311	80002bc8	0176c263	blt	x13,x23,80002bcc	 x13:0x89ffca50 x23:0x003ffffe
       13135000	      1312	00000000	00000013	addi	x0,x0,0	  x0:0x00000000
       13145000	      1313	80002bc8	00000013	addi	x0,x0,0	  x0:0x00000000
       13155000	      1314	80002bcc	3a9ac493	xori	x9,x21,937	 x21:0x00001829  x9=0x00001b80
       13165000	      1315	80002bd0	0152dd93	srli	x27,x5,0x15	  x5:0x00000000 x27=0x00000000
       13175000	      1316	80002bd4	013a8133	add	x2,x21,x19	 x21:0x00001829 x19:0x80009fc4  x2=0x8000b7ed
       13185000	      1317	80002bd8	ab653f13	sltiu	x30,x10,-1354	 x10:0x26295b64 x30=0x00000001
       13195000	      1318	80002bdc	02b39863	bne	x7,x11,80002c0c	  x7:0x000003ff x11:0x00000001
       13205000	      1319	00000000	00000013	addi	x0,x0,0	  x0:0x00000000
       13215000	      1320	80002c08	00000013	addi	x0,x0,0	  x0:0x00000000
       13225000	      1321	80002c0c	00c2e5b3	or	x11,x5,x12	  x5:0x00000000 x12:0x00000000 x11=0x00000000
       13235000	      1322	80002c10	402a51b3	sra	x3,x20,x2	 x20:0x00000000  x2:0x8000b7ed  x3=0x00000000
       13245000	      1323	80002c14	014c27b3	slt	x15,x24,x20	 x24:0x00000000 x20:0x00000000 x15=0x00000000
       13255000	      1324	80002c18	13b7aa13	slti	x20,x15,315	 x15:0x00000000 x20=0x00000001
       13265000	      1325	80002c1c	40c5d0b3	sra	x1,x11,x12	 x11:0x00000000 x12:0x00000000  x1=0x00000000
       13275000	      1326	80002c20	00cc90b3	sll	x1,x25,x12	 x25:0xfffff97a x12:0x00000000  x1=0xfffff97a
       13285000	      1327	80002c24	00000013	addi	x0,x0,0	  x0:0x00000000
       13295000	      1328	80002c28	001625b3	slt	x11,x12,x1	 x12:0x00000000  x1:0xfffff97a x11=0x00000000
       13305000	      1329	80002c2c	000a1c13	slli	x24,x20,0x0	 x20:0x00000001 x24=0x00000001
       13315000	      1330	80002c30	00f60f33	add	x30,x12,x15	 x12:0x00000000 x15:0x00000000 x30=0x00000000
       13325000	      1331	80002c34	f59e2513	slti	x10,x28,-167	 x28:0x00000000 x10=0x00000000
       13335000	      1332	80002c38	ab678313	addi	x6,x15,-1354	 x15:0x00000000  x6=0xfffffab6
       13345000	      1333	80002c3c	0767bb93	sltiu	x23,x15,118	 x15:0x00000000 x23=0x00000001
       13355000	      1334	80002c40	41945393	srai	x7,x8,0x19	  x8:0x80009f58  x7=0xffffffc0
       13365000	      1335	80002c44	55c87b17	auipc	x22,0x55c87	 x22=0xd5c89c40
       13375000	      1336	80002c48	05636063	bltu	x6,x22,80002c88	  x6:0xfffffab6 x22:0xd5c89c40
       13385000	      1337	80002c4c	013d5633	srl	x12,x26,x19	 x26:0x00000421 x19:0x80009fc4 x12=0x00000042
       13395000	      1338	80002c50	d2d9b593	sltiu	x11,x19,-723	 x19:0x80009fc4 x11=0x00000001
       13405000	      1339	80002c54	02567463	bgeu	x12,x5,80002c7c	 x12:0x00000042  x5:0x00000000
       13415000	      1340	00000000	00000013	addi	x0,x0,0	  x0:0x00000000
       13425000	      1341	80002c78	00000013	addi	x0,x0,0	  x0:0x00000000
       13435000	      1342	80002c7c	c9288837	lui	x16,0xc9288	 x16=0xc9288000
       13445000	      1343	80002c80	01de2cb3	slt	x25,x28,x29	 x28:0x00000000 x29:0x00000000 x25=0x00000000
       13455000	      1344	80002c84	e2bf0613	addi	x12,x30,-469	 x30:0x00000000 x12=0xfffffe2b
       13465000	      1345	80002c88	013c5a13	srli	x20,x24,0x13	 x24:0x00000001 x20=0x00000000
       13475000	      1346	80002c8c	01bd2d33	slt	x26,x26,x27	 x26:0x00000421 x27:0x00000000 x26=0x00000000
       13485000	      1347	80002c90	719da393	slti	x7,x27,1817	 x27:0x00000000  x7=0x00000001
       13495000	      1348	80002c94	01935093	srli	x1,x6,0x19	  x6:0xfffffab6  x1=0x0000007f
       13505000	      1349	80002c98	b016ca13	xori	x20,x13,-1279	 x13:0x89ffca50 x20=0x76003151
       13515000	      1350	80002c9c	007a77b3	and	x15,x20,x7	 x20:0x76003151  x7:0x00000001 x15=0x00000001
       13525000	      1351	80002ca0	00b1d813	srli	x16,x3,0xb	  x3:0x00000000 x16=0x00000000
       13535000	      1352	80002ca4	00442e03	lw	x28,4(x8)	  x8:0x80009f58 x28=0x80000150 PA:0x80009f5c
       13545000	      1353	80002ca8	1d24ba13	sltiu	x20,x9,466	  x9:0x00001b80 x20=0x00000000
       13555000	      1354	80002cac	db9fa293	slti	x5,x31,-583	 x31:0xfffffffc  x5=0x00000000
       13565000	      1355	80002cb0	02c40413	addi	x8,x8,44	  x8:0x80009f58  x8=0x80009f84
       13575000	      1356	80002cb4	017c1c13	slli	x24,x24,0x17	 x24:0x00000001 x24=0x00800000
       13585000	      1357	80002cb8	000e0c13	addi	x24,x28,0	 x28:0x80000150 x24=0x80000150
       13595000	      1358	80002cbc	000c0c67	jalr	x24,x24,0	 x24:0x80000150 x24=0x80002cbc
       13605000	      1359	00000000	00000013	addi	x0,x0,0	  x0:0x00000000
       13615000	      1360	80000150	00000013	addi	x0,x0,0	  x0:0x00000000
       13625000	      1361	80000154	00000d17	auipc	x26,0x0	 x26=0x80000150
       13635000	      1362	80000158	228d0d13	addi	x26,x26,552	 x26:0x80000150 x26=0x80000378
       13645000	      1363	8000015c	00efc0b3	xor	x1,x31,x14	 x31:0xfffffffc x14:0x69fc5afd  x1=0x9603a501
       13655000	      1364	80000160	2a9d0d13	addi	x26,x26,681	 x26:0x80000378 x26=0x80000621
       13665000	      1365	80000164	ce5eba13	sltiu	x20,x29,-795	 x29:0x00000000 x20=0x00000001
       13675000	      1366	80000168	00b00e33	add	x28,x0,x11	  x0:0x00000000 x11:0x00000001 x28=0x00000001
       13685000	      1367	8000016c	bcb5b4b7	lui	x9,0xbcb5b	  x9=0xbcb5b000
       13695000	      1368	80000170	ad734093	xori	x1,x6,-1321	  x6:0xfffffab6  x1=0x00000061
       13705000	      1369	80000174	011b8233	add	x4,x23,x17	 x23:0x00000001 x17:0x26036b6f  x4=0x26036b70
       13715000	      1370	80000178	01241193	slli	x3,x8,0x12	  x8:0x80009f84  x3=0x7e100000
       13725000	      1371	8000017c	91726a97	auipc	x21,0x91726	 x21=0x11726178
       13735000	      1372	80000180	d57d0e67	jalr	x28,x26,-681	 x26:0x80000621 x28=0x80000180
       13745000	      1373	00000000	00000013	addi	x0,x0,0	  x0:0x00000000
       13755000	      1374	80000378	00000013	addi	x0,x0,0	  x0:0x00000000
       13765000	      1375	8000037c	0d1df1b7	lui	x3,0xd1df	  x3=0x0d1df000
       13775000	      1376	80000380	25922293	slti	x5,x4,601	  x4:0x26036b70  x5=0x00000000
       13785000	      1377	80000384	fc378793	addi	x15,x15,-61	 x15:0x00000001 x15=0xffffffc4
       13795000	      1378	80000388	ad7ca513	slti	x10,x25,-1321	 x25:0x00000000 x10=0x00000000
       13805000	      1379	8000038c	ac4c4b37	lui	x22,0xac4c4	 x22=0xac4c4000
       13815000	      1380	80000390	36395537	lui	x10,0x36395	 x10=0x36395000
       13825000	      1381	80000394	00f7f263	bgeu	x15,x15,80000398	 x15:0xffffffc4 x15:0xffffffc4
       13835000	      1382	00000000	00000013	addi	x0,x0,0	  x0:0x00000000
       13845000	      1383	80000394	00000013	addi	x0,x0,0	  x0:0x00000000
       13855000	      1384	80000398	fc840413	addi	x8,x8,-56	  x8:0x80009f84  x8=0x80009f4c
       13865000	      1385	8000039c	0124f833	and	x16,x9,x18	  x9:0xbcb5b000 x18:0x00000001 x16=0x00000000
       13875000	      1386	800003a0	00acfb33	and	x22,x25,x10	 x25:0x00000000 x10:0x36395000 x22=0x00000000
       13885000	      1387	800003a4	01c42223	sw	x28,4(x8)	  x8:0x80009f4c x28:0x80000180 PA:0x80009f50
       13895000	      1388	800003a8	74bece93	xori	x29,x29,1867	 x29:0x00000000 x29=0x0000074b
       13905000	      1389	800003ac	00d443b3	xor	x7,x8,x13	  x8:0x80009f4c x13:0x89ffca50  x7=0x09ff551c
       13915000	      1390	800003b0	fc83ba93	sltiu	x21,x7,-56	  x7:0x09ff551c x21=0x00000001
       13925000	      1391	800003b4	01161d13	slli	x26,x12,0x11	 x12:0xfffffe2b x26=0xfc560000
       13935000	      1392	800003b8	412ed833	sra	x16,x29,x18	 x29:0x0000074b x18:0x00000001 x16=0x000003a5
       13945000	      1393	800003bc	44d3c913	xori	x18,x7,1101	  x7:0x09ff551c x18=0x09ff5151
       13955000	      1394	800003c0	00448e33	add	x28,x9,x4	  x9:0xbcb5b000  x4:0x26036b70 x28=0xe2b91b70
       13965000	      1395	800003c4	00605033	srl	x0,x0,x6	  x0:0x00000000  x6:0xfffffab6
       13975000	      1396	800003c8	83152013	slti	x0,x10,-1999	 x10:0x36395000
       13985000	      1397	800003cc	00631463	bne	x6,x6,800003d4	  x6:0xfffffab6  x6:0xfffffab6
       13995000	      1398	800003d0	217a8b13	addi	x22,x21,535	 x21:0x00000001 x22=0x00000218
       14005000	      1399	800003d4	62d00e6f	jal	x28,800003d4	 x28=0x800003d4
       14015000	      1400	00000000	00000013	addi	x0,x0,0	  x0:0x00000000
       14025000	      1401	800011fc	00000013	addi	x0,x0,0	  x0:0x00000000
       14035000	      1402	80001200	00b650b3	srl	x1,x12,x11	 x12:0xfffffe2b x11:0x00000001  x1=0x7fffff15
       14045000	      1403	80001204	0104a233	slt	x4,x9,x16	  x9:0xbcb5b000 x16:0x000003a5  x4=0x00000001
       14055000	      1404	80001208	01ec9263	bne	x25,x30,8000120c	 x25:0x00000000 x30:0x00000000
       14065000	      1405	8000120c	fc040413	addi	x8,x8,-64	  x8:0x80009f4c  x8=0x80009f0c
       14075000	      1406	80001210	9ce0e813	ori	x16,x1,-1586	  x1:0x7fffff15 x16=0xffffffdf
       14085000	      1407	80001214	01c42223	sw	x28,4(x8)	  x8:0x80009f0c x28:0x800003d4 PA:0x80009f10
       14095000	      1408	80001218	6acf0c17	auipc	x24,0x6acf0	 x24=0xeacf1214
       14105000	      1409	8000121c	23905597	auipc	x11,0x23905	 x11=0xa3906218
       14115000	      1410	80001220	f030b793	sltiu	x15,x1,-253	  x1:0x7fffff15 x15=0x00000001
       14125000	      1411	80001224	009cc0b3	xor	x1,x25,x9	 x25:0x00000000  x9:0xbcb5b000  x1=0xbcb5b000
       14135000	      1412	80001228	00a00f93	addi	x31,x0,10	  x0:0x00000000 x31=0x0000000a
       14145000	      1413	8000122c	7cec7b13	andi	x22,x24,1998	 x24:0xeacf1214 x22=0x00000204
       14155000	      1414	80001230	00f2fcb3	and	x25,x5,x15	  x5:0x00000000 x15:0x00000001 x25=0x00000000
       14165000	      1415	80001234	8b7df493	andi	x9,x27,-1865	 x27:0x00000000  x9=0x00000000
       14175000	      1416	80001238	c1996793	ori	x15,x18,-999	 x18:0x09ff5151 x15=0xfffffd59
       14185000	      1417	8000123c	00d6bc33	sltu	x24,x13,x13	 x13:0x89ffca50 x13:0x89ffca50 x24=0x00000000
       14195000	      1418	80001240	00900d13	addi	x26,x0,9	  x0:0x00000000 x26=0x00000009
       14205000	      1419	80001244	21e2fc93	andi	x25,x5,542	  x5:0x00000000 x25=0x00000000
       14215000	      1420	80001248	8fd5bf13	sltiu	x30,x11,-1795	 x11:0xa3906218 x30=0x00000001
       14225000	      1421	8000124c	01d3e633	or	x12,x7,x29	  x7:0x09ff551c x29:0x0000074b x12=0x09ff575f
       14235000	      1422	80001250	fdcff713	andi	x14,x31,-36	 x31:0x0000000a x14=0x00000008
       14245000	      1423	80001254	df6f8913	addi	x18,x31,-522	 x31:0x0000000a x18=0xfffffe00
       14255000	      1424	80001258	139c8e13	addi	x28,x25,313	 x25:0x00000000 x28=0x00000139
       14265000	      1425	8000125c	5dd08693	addi	x13,x1,1501	  x1:0xbcb5b000 x13=0xbcb5b5dd
       14275000	      1426	80001260	00eaf033	and	x0,x21,x14	 x21:0x00000001 x14:0x00000008
       14285000	      1427	80001264	01d527b3	slt	x15,x10,x29	 x10:0x36395000 x29:0x0000074b x15=0x00000000
       14295000	      1428	80001268	ff9f8f93	addi	x31,x31,-7	 x31:0x0000000a x31=0x00000003
       14305000	      1429	8000126c	1dfc3c93	sltiu	x25,x24,479	 x24:0x00000000 x25=0x00000001
       14315000	      1430	80001270	01c83ab3	sltu	x21,x16,x28	 x16:0xffffffdf x28:0x00000139 x21=0x00000000
       14325000	      1431	80001274	00800113	addi	x2,x0,8	  x0:0x00000000  x2=0x00000008
       14335000	      1432	80001278	0125d313	srli	x6,x11,0x12	 x11:0xa3906218  x6=0x000028e4
       14345000	      1433	8000127c	00400513	addi	x10,x0,4	  x0:0x00000000 x10=0x00000004
       14355000	      1434	80001280	000be633	or	x12,x23,x0	 x23:0x00000001  x0:0x00000000 x12=0x00000001
       14365000	      1435	80001284	00b93633	sltu	x12,x18,x11	 x18:0xfffffe00 x11:0xa3906218 x12=0x00000000
       14375000	      1436	80001288	0113fdb3	and	x27,x7,x17	  x7:0x09ff551c x17:0x26036b6f x27=0x0003410c
       14385000	      1437	8000128c	00000013	addi	x0,x0,0	  x0:0x00000000
       14395000	      1438	80001290	ffd10113	addi	x2,x2,-3	  x2:0x00000008  x2=0x00000005
       14405000	      1439	80001294	dfa56e17	auipc	x28,0xdfa56	 x28=0x5fa57290
       14415000	      1440	80001298	fea17ae3	bgeu	x2,x10,8000128c	  x2:0x00000005 x10:0x00000004
       14425000	      1441	00000000	00000013	addi	x0,x0,0	  x0:0x00000000
       14435000	      1442	80001288	00000013	addi	x0,x0,0	  x0:0x00000000
       14445000	      1443	8000128c	00000013	addi	x0,x0,0	  x0:0x00000000
       14455000	      1444	80001290	ffd10113	addi	x2,x2,-3	  x2:0x00000005  x2=0x00000002
       14465000	      1445	80001294	dfa56e17	auipc	x28,0xdfa56	 x28=0x5fa57290
       14475000	      1446	80001298	fea17ae3	bgeu	x2,x10,8000128c	  x2:0x00000002 x10:0x00000004
       14485000	      1447	8000129c	418f5693	srai	x13,x30,0x18	 x30:0x00000001 x13=0x00000000
       14495000	      1448	800012a0	00329c33	sll	x24,x5,x3	  x5:0x00000000  x3:0x0d1df000 x24=0x00000000
       14505000	      1449	800012a4	00cbda33	srl	x20,x23,x12	 x23:0x00000001 x12:0x00000000 x20=0x00000001
       14515000	      1450	800012a8	00494cb3	xor	x25,x18,x4	 x18:0xfffffe00  x4:0x00000001 x25=0xfffffe01
       14525000	      1451	800012ac	fbaff6e3	bgeu	x31,x26,80001258	 x31:0x00000003 x26:0x00000009
       14535000	      1452	800012b0	000e0033	add	x0,x28,x0	 x28:0x5fa57290  x0:0x00000000
       14545000	      1453	800012b4	00800c93	addi	x25,x0,8	  x0:0x00000000 x25=0x00000008
       14555000	      1454	800012b8	00e00f13	addi	x30,x0,14	  x0:0x00000000 x30=0x0000000e
       14565000	      1455	800012bc	01104333	xor	x6,x0,x17	  x0:0x00000000 x17:0x26036b6f  x6=0x26036b6f
       14575000	      1456	800012c0	008c8c93	addi	x25,x25,8	 x25:0x00000008 x25=0x00000010
       14585000	      1457	800012c4	ffeccce3	blt	x25,x30,800012bc	 x25:0x00000010 x30:0x0000000e
       14595000	      1458	800012c8	68977813	andi	x16,x14,1673	 x14:0x00000008 x16=0x00000008
       14605000	      1459	800012cc	00200693	addi	x13,x0,2	  x0:0x00000000 x13=0x00000002
       14615000	      1460	800012d0	01882833	slt	x16,x16,x24	 x16:0x00000008 x24:0x00000000 x16=0x00000000
       14625000	      1461	800012d4	45d7fa17	auipc	x20,0x45d7f	 x20=0xc5d802d0
       14635000	      1462	800012d8	004e2db3	slt	x27,x28,x4	 x28:0x5fa57290  x4:0x00000001 x27=0x00000000
       14645000	      1463	800012dc	ff100b93	addi	x23,x0,-15	  x0:0x00000000 x23=0xfffffff1
       14655000	      1464	800012e0	929db193	sltiu	x3,x27,-1751	 x27:0x00000000  x3=0x00000001
       14665000	      1465	800012e4	010e2533	slt	x10,x28,x16	 x28:0x5fa57290 x16:0x00000000 x10=0x00000000
       14675000	      1466	800012e8	00331c33	sll	x24,x6,x3	  x6:0x26036b6f  x3:0x00000001 x24=0x4c06d6de
       14685000	      1467	800012ec	00799913	slli	x18,x19,0x7	 x19:0x80009fc4 x18=0x004fe200
       14695000	      1468	800012f0	0147e733	or	x14,x15,x20	 x15:0x00000000 x20:0xc5d802d0 x14=0xc5d802d0
       14705000	      1469	800012f4	ffa68693	addi	x13,x13,-6	 x13:0x00000002 x13=0xfffffffc
       14715000	      1470	800012f8	00e76ab3	or	x21,x14,x14	 x14:0xc5d802d0 x14:0xc5d802d0 x21=0xc5d802d0
       14725000	      1471	800012fc	01a9df93	srli	x31,x19,0x1a	 x19:0x80009fc4 x31=0x00000020
       14735000	      1472	80001300	ffb00293	addi	x5,x0,-5	  x0:0x00000000  x5=0xfffffffb
       14745000	      1473	80001304	4060d833	sra	x16,x1,x6	  x1:0xbcb5b000  x6:0x26036b6f x16=0xffff796b
       14755000	      1474	80001308	a9007f17	auipc	x30,0xa9007	 x30=0x29008304
       14765000	      1475	8000130c	0119df13	srli	x30,x19,0x11	 x19:0x80009fc4 x30=0x00004000
       14775000	      1476	80001310	00c00613	addi	x12,x0,12	  x0:0x00000000 x12=0x0000000c
       14785000	      1477	80001314	00c11f93	slli	x31,x2,0xc	  x2:0x00000002 x31=0x00002000
       14795000	      1478	80001318	00208d33	add	x26,x1,x2	  x1:0xbcb5b000  x2:0x00000002 x26=0xbcb5b002
       14805000	      1479	8000131c	0078bb33	sltu	x22,x17,x7	 x17:0x26036b6f  x7:0x09ff551c x22=0x00000000
       14815000	      1480	80001320	7cc8ef17	auipc	x30,0x7cc8e	 x30=0xfcc8f31c
       14825000	      1481	80001324	00928293	addi	x5,x5,9	  x5:0xfffffffb  x5=0x00000004
       14835000	      1482	80001328	87df7513	andi	x10,x30,-1923	 x30:0xfcc8f31c x10=0xfcc8f01c
       14845000	      1483	8000132c	fec2c6e3	blt	x5,x12,80001318	  x5:0x00000004 x12:0x0000000c
       14855000	      1484	00000000	00000013	addi	x0,x0,0	  x0:0x00000000
       14865000	      1485	80001314	00000013	addi	x0,x0,0	  x0:0x00000000
       14875000	      1486	80001318	00208d33	add	x26,x1,x2	  x1:0xbcb5b000  x2:0x00000002 x26=0xbcb5b002
       14885000	      1487	8000131c	0078bb33	sltu	x22,x17,x7	 x17:0x26036b6f  x7:0x09ff551c x22=0x00000000
       14895000	      1488	80001320	7cc8ef17	auipc	x30,0x7cc8e	 x30=0xfcc8f31c
       14905000	      1489	80001324	00928293	addi	x5,x5,9	  x5:0x00000004  x5=0x0000000d
       14915000	      1490	80001328	87df7513	andi	x10,x30,-1923	 x30:0xfcc8f31c x10=0xfcc8f01c
       14925000	      1491	8000132c	fec2c6e3	blt	x5,x12,80001318	  x5:0x0000000d x12:0x0000000c
       14935000	      1492	80001330	fd76d0e3	bge	x13,x23,800012f0	 x13:0xfffffffc x23:0xfffffff1
       14945000	      1493	00000000	00000013	addi	x0,x0,0	  x0:0x00000000
       14955000	      1494	800012ec	00000013	addi	x0,x0,0	  x0:0x00000000
       14965000	      1495	800012f0	0147e733	or	x14,x15,x20	 x15:0x00000000 x20:0xc5d802d0 x14=0xc5d802d0
       14975000	      1496	800012f4	ffa68693	addi	x13,x13,-6	 x13:0xfffffffc x13=0xfffffff6
       14985000	      1497	800012f8	00e76ab3	or	x21,x14,x14	 x14:0xc5d802d0 x14:0xc5d802d0 x21=0xc5d802d0
       14995000	      1498	800012fc	01a9df93	srli	x31,x19,0x1a	 x19:0x80009fc4 x31=0x00000020
       15005000	      1499	80001300	ffb00293	addi	x5,x0,-5	  x0:0x00000000  x5=0xfffffffb
       15015000	      1500	80001304	4060d833	sra	x16,x1,x6	  x1:0xbcb5b000  x6:0x26036b6f x16=0xffff796b
       15025000	      1501	80001308	a9007f17	auipc	x30,0xa9007	 x30=0x29008304
       15035000	      1502	8000130c	0119df13	srli	x30,x19,0x11	 x19:0x80009fc4 x30=0x00004000
       15045000	      1503	80001310	00c00613	addi	x12,x0,12	  x0:0x00000000 x12=0x0000000c
       15055000	      1504	80001314	00c11f93	slli	x31,x2,0xc	  x2:0x00000002 x31=0x00002000
       15065000	      1505	80001318	00208d33	add	x26,x1,x2	  x1:0xbcb5b000  x2:0x00000002 x26=0xbcb5b002
       15075000	      1506	8000131c	0078bb33	sltu	x22,x17,x7	 x17:0x26036b6f  x7:0x09ff551c x22=0x00000000
       15085000	      1507	80001320	7cc8ef17	auipc	x30,0x7cc8e	 x30=0xfcc8f31c
       15095000	      1508	80001324	00928293	addi	x5,x5,9	  x5:0xfffffffb  x5=0x00000004
       15105000	      1509	80001328	87df7513	andi	x10,x30,-1923	 x30:0xfcc8f31c x10=0xfcc8f01c
       15115000	      1510	8000132c	fec2c6e3	blt	x5,x12,80001318	  x5:0x00000004 x12:0x0000000c
       15125000	      1511	00000000	00000013	addi	x0,x0,0	  x0:0x00000000
       15135000	      1512	80001314	00000013	addi	x0,x0,0	  x0:0x00000000
       15145000	      1513	80001318	00208d33	add	x26,x1,x2	  x1:0xbcb5b000  x2:0x00000002 x26=0xbcb5b002
       15155000	      1514	8000131c	0078bb33	sltu	x22,x17,x7	 x17:0x26036b6f  x7:0x09ff551c x22=0x00000000
       15165000	      1515	80001320	7cc8ef17	auipc	x30,0x7cc8e	 x30=0xfcc8f31c
       15175000	      1516	80001324	00928293	addi	x5,x5,9	  x5:0x00000004  x5=0x0000000d
       15185000	      1517	80001328	87df7513	andi	x10,x30,-1923	 x30:0xfcc8f31c x10=0xfcc8f01c
       15195000	      1518	8000132c	fec2c6e3	blt	x5,x12,80001318	  x5:0x0000000d x12:0x0000000c
       15205000	      1519	80001330	fd76d0e3	bge	x13,x23,800012f0	 x13:0xfffffff6 x23:0xfffffff1
       15215000	      1520	00000000	00000013	addi	x0,x0,0	  x0:0x00000000
       15225000	      1521	800012ec	00000013	addi	x0,x0,0	  x0:0x00000000
       15235000	      1522	800012f0	0147e733	or	x14,x15,x20	 x15:0x00000000 x20:0xc5d802d0 x14=0xc5d802d0
       15245000	      1523	800012f4	ffa68693	addi	x13,x13,-6	 x13:0xfffffff6 x13=0xfffffff0
       15255000	      1524	800012f8	00e76ab3	or	x21,x14,x14	 x14:0xc5d802d0 x14:0xc5d802d0 x21=0xc5d802d0
       15265000	      1525	800012fc	01a9df93	srli	x31,x19,0x1a	 x19:0x80009fc4 x31=0x00000020
       15275000	      1526	80001300	ffb00293	addi	x5,x0,-5	  x0:0x00000000  x5=0xfffffffb
       15285000	      1527	80001304	4060d833	sra	x16,x1,x6	  x1:0xbcb5b000  x6:0x26036b6f x16=0xffff796b
       15295000	      1528	80001308	a9007f17	auipc	x30,0xa9007	 x30=0x29008304
       15305000	      1529	8000130c	0119df13	srli	x30,x19,0x11	 x19:0x80009fc4 x30=0x00004000
       15315000	      1530	80001310	00c00613	addi	x12,x0,12	  x0:0x00000000 x12=0x0000000c
       15325000	      1531	80001314	00c11f93	slli	x31,x2,0xc	  x2:0x00000002 x31=0x00002000
       15335000	      1532	80001318	00208d33	add	x26,x1,x2	  x1:0xbcb5b000  x2:0x00000002 x26=0xbcb5b002
       15345000	      1533	8000131c	0078bb33	sltu	x22,x17,x7	 x17:0x26036b6f  x7:0x09ff551c x22=0x00000000
       15355000	      1534	80001320	7cc8ef17	auipc	x30,0x7cc8e	 x30=0xfcc8f31c
       15365000	      1535	80001324	00928293	addi	x5,x5,9	  x5:0xfffffffb  x5=0x00000004
       15375000	      1536	80001328	87df7513	andi	x10,x30,-1923	 x30:0xfcc8f31c x10=0xfcc8f01c
       15385000	      1537	8000132c	fec2c6e3	blt	x5,x12,80001318	  x5:0x00000004 x12:0x0000000c
       15395000	      1538	00000000	00000013	addi	x0,x0,0	  x0:0x00000000
       15405000	      1539	80001314	00000013	addi	x0,x0,0	  x0:0x00000000
       15415000	      1540	80001318	00208d33	add	x26,x1,x2	  x1:0xbcb5b000  x2:0x00000002 x26=0xbcb5b002
       15425000	      1541	8000131c	0078bb33	sltu	x22,x17,x7	 x17:0x26036b6f  x7:0x09ff551c x22=0x00000000
       15435000	      1542	80001320	7cc8ef17	auipc	x30,0x7cc8e	 x30=0xfcc8f31c
       15445000	      1543	80001324	00928293	addi	x5,x5,9	  x5:0x00000004  x5=0x0000000d
       15455000	      1544	80001328	87df7513	andi	x10,x30,-1923	 x30:0xfcc8f31c x10=0xfcc8f01c
       15465000	      1545	8000132c	fec2c6e3	blt	x5,x12,80001318	  x5:0x0000000d x12:0x0000000c
       15475000	      1546	80001330	fd76d0e3	bge	x13,x23,800012f0	 x13:0xfffffff0 x23:0xfffffff1
       15485000	      1547	80001334	00c29233	sll	x4,x5,x12	  x5:0x0000000d x12:0x0000000c  x4=0x0000d000
       15495000	      1548	80001338	00a00793	addi	x15,x0,10	  x0:0x00000000 x15=0x0000000a
       15505000	      1549	8000133c	40890e33	sub	x28,x18,x8	 x18:0x004fe200  x8:0x80009f0c x28=0x804f42f4
       15515000	      1550	80001340	014d9613	slli	x12,x27,0x14	 x27:0x00000000 x12=0x00000000
       15525000	      1551	80001344	003b6033	or	x0,x22,x3	 x22:0x00000000  x3:0x00000001
       15535000	      1552	80001348	81f4bb97	auipc	x23,0x81f4b	 x23=0x01f4c344
       15545000	      1553	8000134c	00ee8133	add	x2,x29,x14	 x29:0x0000074b x14:0xc5d802d0  x2=0xc5d80a1b
       15555000	      1554	80001350	00600293	addi	x5,x0,6	  x0:0x00000000  x5=0x00000006
       15565000	      1555	80001354	01b595b3	sll	x11,x11,x27	 x11:0xa3906218 x27:0x00000000 x11=0xa3906218
       15575000	      1556	80001358	00a27613	andi	x12,x4,10	  x4:0x0000d000 x12=0x00000000
       15585000	      1557	8000135c	0de9aa13	slti	x20,x19,222	 x19:0x80009fc4 x20=0x00000001
       15595000	      1558	80001360	00814e33	xor	x28,x2,x8	  x2:0xc5d80a1b  x8:0x80009f0c x28=0x45d89517
       15605000	      1559	80001364	ffc78793	addi	x15,x15,-4	 x15:0x0000000a x15=0x00000006
       15615000	      1560	80001368	317fbb13	sltiu	x22,x31,791	 x31:0x00002000 x22=0x00000000
       15625000	      1561	8000136c	e35f2c93	slti	x25,x30,-459	 x30:0xfcc8f31c x25=0x00000001
       15635000	      1562	80001370	aad5aa93	slti	x21,x11,-1363	 x11:0xa3906218 x21=0x00000001
       15645000	      1563	80001374	4934e213	ori	x4,x9,1171	  x9:0x00000000  x4=0x00000493
       15655000	      1564	80001378	00469493	slli	x9,x13,0x4	 x13:0xfffffff0  x9=0xffffff00
       15665000	      1565	8000137c	000af1b3	and	x3,x21,x0	 x21:0x00000001  x0:0x00000000  x3=0x00000000
       15675000	      1566	80001380	00652b33	slt	x22,x10,x6	 x10:0xfcc8f01c  x6:0x26036b6f x22=0x00000001
       15685000	      1567	80001384	fc57fae3	bgeu	x15,x5,80001358	 x15:0x00000006  x5:0x00000006
       15695000	      1568	00000000	00000013	addi	x0,x0,0	  x0:0x00000000
       15705000	      1569	80001354	00000013	addi	x0,x0,0	  x0:0x00000000
       15715000	      1570	80001358	00a27613	andi	x12,x4,10	  x4:0x00000493 x12=0x00000002
       15725000	      1571	8000135c	0de9aa13	slti	x20,x19,222	 x19:0x80009fc4 x20=0x00000001
       15735000	      1572	80001360	00814e33	xor	x28,x2,x8	  x2:0xc5d80a1b  x8:0x80009f0c x28=0x45d89517
       15745000	      1573	80001364	ffc78793	addi	x15,x15,-4	 x15:0x00000006 x15=0x00000002
       15755000	      1574	80001368	317fbb13	sltiu	x22,x31,791	 x31:0x00002000 x22=0x00000000
       15765000	      1575	8000136c	e35f2c93	slti	x25,x30,-459	 x30:0xfcc8f31c x25=0x00000001
       15775000	      1576	80001370	aad5aa93	slti	x21,x11,-1363	 x11:0xa3906218 x21=0x00000001
       15785000	      1577	80001374	4934e213	ori	x4,x9,1171	  x9:0xffffff00  x4=0xffffff93
       15795000	      1578	80001378	00469493	slli	x9,x13,0x4	 x13:0xfffffff0  x9=0xffffff00
       15805000	      1579	8000137c	000af1b3	and	x3,x21,x0	 x21:0x00000001  x0:0x00000000  x3=0x00000000
       15815000	      1580	80001380	00652b33	slt	x22,x10,x6	 x10:0xfcc8f01c  x6:0x26036b6f x22=0x00000001
       15825000	      1581	80001384	fc57fae3	bgeu	x15,x5,80001358	 x15:0x00000002  x5:0x00000006
       15835000	      1582	80001388	0569fd93	andi	x27,x19,86	 x19:0x80009fc4 x27=0x00000044
       15845000	      1583	8000138c	00900e13	addi	x28,x0,9	  x0:0x00000000 x28=0x00000009
       15855000	      1584	80001390	122ac313	xori	x6,x21,290	 x21:0x00000001  x6=0x00000123
       15865000	      1585	80001394	0048f333	and	x6,x17,x4	 x17:0x26036b6f  x4:0xffffff93  x6=0x26036b03
       15875000	      1586	80001398	01155633	srl	x12,x10,x17	 x10:0xfcc8f01c x17:0x26036b6f x12=0x0001f991
       15885000	      1587	8000139c	01200a13	addi	x20,x0,18	  x0:0x00000000 x20=0x00000012
       15895000	      1588	800013a0	00000013	addi	x0,x0,0	  x0:0x00000000
       15905000	      1589	800013a4	00000013	addi	x0,x0,0	  x0:0x00000000
       15915000	      1590	800013a8	f3302d17	auipc	x26,0xf3302	 x26=0x733033a4
       15925000	      1591	800013ac	009e0e13	addi	x28,x28,9	 x28:0x00000009 x28=0x00000012
       15935000	      1592	800013b0	00a00d93	addi	x27,x0,10	  x0:0x00000000 x27=0x0000000a
       15945000	      1593	800013b4	41d80eb3	sub	x29,x16,x29	 x16:0xffff796b x29:0x0000074b x29=0xffff7220
       15955000	      1594	800013b8	00dbb033	sltu	x0,x23,x13	 x23:0x01f4c344 x13:0xfffffff0
       15965000	      1595	800013bc	00a00793	addi	x15,x0,10	  x0:0x00000000 x15=0x0000000a
       15975000	      1596	800013c0	0119bc33	sltu	x24,x19,x17	 x19:0x80009fc4 x17:0x26036b6f x24=0x00000000
       15985000	      1597	800013c4	00344cb3	xor	x25,x8,x3	  x8:0x80009f0c  x3:0x00000000 x25=0x80009f0c
       15995000	      1598	800013c8	01cb8f33	add	x30,x23,x28	 x23:0x01f4c344 x28:0x00000012 x30=0x01f4c356
       16005000	      1599	800013cc	c6ce8017	auipc	x0,0xc6ce8	
       16015000	      1600	800013d0	215efc93	andi	x25,x29,533	 x29:0xffff7220 x25=0x00000200
       16025000	      1601	800013d4	ff7d8d93	addi	x27,x27,-9	 x27:0x0000000a x27=0x00000001
       16035000	      1602	800013d8	01e9a3b3	slt	x7,x19,x30	 x19:0x80009fc4 x30:0x01f4c356  x7=0x00000001
       16045000	      1603	800013dc	fefdfae3	bgeu	x27,x15,800013d0	 x27:0x00000001 x15:0x0000000a
       16055000	      1604	800013e0	00a14ab3	xor	x21,x2,x10	  x2:0xc5d80a1b x10:0xfcc8f01c x21=0x3910fa07
       16065000	      1605	800013e4	7b52ca93	xori	x21,x5,1973	  x5:0x00000006 x21=0x000007b3
       16075000	      1606	800013e8	fb4e0ce3	beq	x28,x20,800013a0	 x28:0x00000012 x20:0x00000012
       16085000	      1607	00000000	00000013	addi	x0,x0,0	  x0:0x00000000
       16095000	      1608	8000139c	00000013	addi	x0,x0,0	  x0:0x00000000
       16105000	      1609	800013a0	00000013	addi	x0,x0,0	  x0:0x00000000
       16115000	      1610	800013a4	00000013	addi	x0,x0,0	  x0:0x00000000
       16125000	      1611	800013a8	f3302d17	auipc	x26,0xf3302	 x26=0x733033a4
       16135000	      1612	800013ac	009e0e13	addi	x28,x28,9	 x28:0x00000012 x28=0x0000001b
       16145000	      1613	800013b0	00a00d93	addi	x27,x0,10	  x0:0x00000000 x27=0x0000000a
       16155000	      1614	800013b4	41d80eb3	sub	x29,x16,x29	 x16:0xffff796b x29:0xffff7220 x29=0x0000074b
       16165000	      1615	800013b8	00dbb033	sltu	x0,x23,x13	 x23:0x01f4c344 x13:0xfffffff0
       16175000	      1616	800013bc	00a00793	addi	x15,x0,10	  x0:0x00000000 x15=0x0000000a
       16185000	      1617	800013c0	0119bc33	sltu	x24,x19,x17	 x19:0x80009fc4 x17:0x26036b6f x24=0x00000000
       16195000	      1618	800013c4	00344cb3	xor	x25,x8,x3	  x8:0x80009f0c  x3:0x00000000 x25=0x80009f0c
       16205000	      1619	800013c8	01cb8f33	add	x30,x23,x28	 x23:0x01f4c344 x28:0x0000001b x30=0x01f4c35f
       16215000	      1620	800013cc	c6ce8017	auipc	x0,0xc6ce8	
       16225000	      1621	800013d0	215efc93	andi	x25,x29,533	 x29:0x0000074b x25=0x00000201
       16235000	      1622	800013d4	ff7d8d93	addi	x27,x27,-9	 x27:0x0000000a x27=0x00000001
       16245000	      1623	800013d8	01e9a3b3	slt	x7,x19,x30	 x19:0x80009fc4 x30:0x01f4c35f  x7=0x00000001
       16255000	      1624	800013dc	fefdfae3	bgeu	x27,x15,800013d0	 x27:0x00000001 x15:0x0000000a
       16265000	      1625	800013e0	00a14ab3	xor	x21,x2,x10	  x2:0xc5d80a1b x10:0xfcc8f01c x21=0x3910fa07
       16275000	      1626	800013e4	7b52ca93	xori	x21,x5,1973	  x5:0x00000006 x21=0x000007b3
       16285000	      1627	800013e8	fb4e0ce3	beq	x28,x20,800013a0	 x28:0x0000001b x20:0x00000012
       16295000	      1628	800013ec	af762b13	slti	x22,x12,-1289	 x12:0x0001f991 x22=0x00000000
       16305000	      1629	800013f0	ff700393	addi	x7,x0,-9	  x0:0x00000000  x7=0xfffffff7
       16315000	      1630	800013f4	6257cb17	auipc	x22,0x6257c	 x22=0xe257d3f0
       16325000	      1631	800013f8	00485a93	srli	x21,x16,0x4	 x16:0xffff796b x21=0x0ffff796
       16335000	      1632	800013fc	0022eab3	or	x21,x5,x2	  x5:0x00000006  x2:0xc5d80a1b x21=0xc5d80a1f
       16345000	      1633	80001400	878ddb37	lui	x22,0x878dd	 x22=0x878dd000
       16355000	      1634	80001404	402e85b3	sub	x11,x29,x2	 x29:0x0000074b  x2:0xc5d80a1b x11=0x3a27fd30
       16365000	      1635	80001408	00900e13	addi	x28,x0,9	  x0:0x00000000 x28=0x00000009
       16375000	      1636	8000140c	c78b8a93	addi	x21,x23,-904	 x23:0x01f4c344 x21=0x01f4bfbc
       16385000	      1637	80001410	fbd2c513	xori	x10,x5,-67	  x5:0x00000006 x10=0xffffffbb
       16395000	      1638	80001414	01619313	slli	x6,x3,0x16	  x3:0x00000000  x6=0x00000000
       16405000	      1639	80001418	00938393	addi	x7,x7,9	  x7:0xfffffff7  x7=0x00000000
       16415000	      1640	8000141c	0108fdb3	and	x27,x17,x16	 x17:0x26036b6f x16:0xffff796b x27=0x2603696b
       16425000	      1641	80001420	01c885b3	add	x11,x17,x28	 x17:0x26036b6f x28:0x00000009 x11=0x26036b78
       16435000	      1642	80001424	ff600713	addi	x14,x0,-10	  x0:0x00000000 x14=0xfffffff6
       16445000	      1643	80001428	01ef8bb3	add	x23,x31,x30	 x31:0x00002000 x30:0x01f4c35f x23=0x01f4e35f
       16455000	      1644	8000142c	01000d13	addi	x26,x0,16	  x0:0x00000000 x26=0x00000010
       16465000	      1645	80001430	003ef6b3	and	x13,x29,x3	 x29:0x0000074b  x3:0x00000000 x13=0x00000000
       16475000	      1646	80001434	003c4c33	xor	x24,x24,x3	 x24:0x00000000  x3:0x00000000 x24=0x00000000
       16485000	      1647	80001438	4179d493	srai	x9,x19,0x17	 x19:0x80009fc4  x9=0xffffff00
       16495000	      1648	8000143c	77cce193	ori	x3,x25,1916	 x25:0x00000201  x3=0x0000077d
       16505000	      1649	80001440	3cfef193	andi	x3,x29,975	 x29:0x0000074b  x3=0x0000034b
       16515000	      1650	80001444	01944233	xor	x4,x8,x25	  x8:0x80009f0c x25:0x00000201  x4=0x80009d0d
       16525000	      1651	80001448	003f9c13	slli	x24,x31,0x3	 x31:0x00002000 x24=0x00010000
       16535000	      1652	8000144c	00a70713	addi	x14,x14,10	 x14:0xfffffff6 x14=0x00000000
       16545000	      1653	80001450	ffa768e3	bltu	x14,x26,80001440	 x14:0x00000000 x26:0x00000010
       16555000	      1654	00000000	00000013	addi	x0,x0,0	  x0:0x00000000
       16565000	      1655	8000143c	00000013	addi	x0,x0,0	  x0:0x00000000
       16575000	      1656	80001440	3cfef193	andi	x3,x29,975	 x29:0x0000074b  x3=0x0000034b
       16585000	      1657	80001444	01944233	xor	x4,x8,x25	  x8:0x80009f0c x25:0x00000201  x4=0x80009d0d
       16595000	      1658	80001448	003f9c13	slli	x24,x31,0x3	 x31:0x00002000 x24=0x00010000
       16605000	      1659	8000144c	00a70713	addi	x14,x14,10	 x14:0x00000000 x14=0x0000000a
       16615000	      1660	80001450	ffa768e3	bltu	x14,x26,80001440	 x14:0x0000000a x26:0x00000010
       16625000	      1661	00000000	00000013	addi	x0,x0,0	  x0:0x00000000
       16635000	      1662	8000143c	00000013	addi	x0,x0,0	  x0:0x00000000
       16645000	      1663	80001440	3cfef193	andi	x3,x29,975	 x29:0x0000074b  x3=0x0000034b
       16655000	      1664	80001444	01944233	xor	x4,x8,x25	  x8:0x80009f0c x25:0x00000201  x4=0x80009d0d
       16665000	      1665	80001448	003f9c13	slli	x24,x31,0x3	 x31:0x00002000 x24=0x00010000
       16675000	      1666	8000144c	00a70713	addi	x14,x14,10	 x14:0x0000000a x14=0x00000014
       16685000	      1667	80001450	ffa768e3	bltu	x14,x26,80001440	 x14:0x00000014 x26:0x00000010
       16695000	      1668	80001454	40f18233	sub	x4,x3,x15	  x3:0x0000034b x15:0x0000000a  x4=0x00000341
       16705000	      1669	80001458	fbc3ece3	bltu	x7,x28,80001410	  x7:0x00000000 x28:0x00000009
       16715000	      1670	00000000	00000013	addi	x0,x0,0	  x0:0x00000000
       16725000	      1671	8000140c	00000013	addi	x0,x0,0	  x0:0x00000000
       16735000	      1672	80001410	fbd2c513	xori	x10,x5,-67	  x5:0x00000006 x10=0xffffffbb
       16745000	      1673	80001414	01619313	slli	x6,x3,0x16	  x3:0x0000034b  x6=0xd2c00000
       16755000	      1674	80001418	00938393	addi	x7,x7,9	  x7:0x00000000  x7=0x00000009
       16765000	      1675	8000141c	0108fdb3	and	x27,x17,x16	 x17:0x26036b6f x16:0xffff796b x27=0x2603696b
       16775000	      1676	80001420	01c885b3	add	x11,x17,x28	 x17:0x26036b6f x28:0x00000009 x11=0x26036b78
       16785000	      1677	80001424	ff600713	addi	x14,x0,-10	  x0:0x00000000 x14=0xfffffff6
       16795000	      1678	80001428	01ef8bb3	add	x23,x31,x30	 x31:0x00002000 x30:0x01f4c35f x23=0x01f4e35f
       16805000	      1679	8000142c	01000d13	addi	x26,x0,16	  x0:0x00000000 x26=0x00000010
       16815000	      1680	80001430	003ef6b3	and	x13,x29,x3	 x29:0x0000074b  x3:0x0000034b x13=0x0000034b
       16825000	      1681	80001434	003c4c33	xor	x24,x24,x3	 x24:0x00010000  x3:0x0000034b x24=0x0001034b
       16835000	      1682	80001438	4179d493	srai	x9,x19,0x17	 x19:0x80009fc4  x9=0xffffff00
       16845000	      1683	8000143c	77cce193	ori	x3,x25,1916	 x25:0x00000201  x3=0x0000077d
       16855000	      1684	80001440	3cfef193	andi	x3,x29,975	 x29:0x0000074b  x3=0x0000034b
       16865000	      1685	80001444	01944233	xor	x4,x8,x25	  x8:0x80009f0c x25:0x00000201  x4=0x80009d0d
       16875000	      1686	80001448	003f9c13	slli	x24,x31,0x3	 x31:0x00002000 x24=0x00010000
       16885000	      1687	8000144c	00a70713	addi	x14,x14,10	 x14:0xfffffff6 x14=0x00000000
       16895000	      1688	80001450	ffa768e3	bltu	x14,x26,80001440	 x14:0x00000000 x26:0x00000010
       16905000	      1689	00000000	00000013	addi	x0,x0,0	  x0:0x00000000
       16915000	      1690	8000143c	00000013	addi	x0,x0,0	  x0:0x00000000
       16925000	      1691	80001440	3cfef193	andi	x3,x29,975	 x29:0x0000074b  x3=0x0000034b
       16935000	      1692	80001444	01944233	xor	x4,x8,x25	  x8:0x80009f0c x25:0x00000201  x4=0x80009d0d
       16945000	      1693	80001448	003f9c13	slli	x24,x31,0x3	 x31:0x00002000 x24=0x00010000
       16955000	      1694	8000144c	00a70713	addi	x14,x14,10	 x14:0x00000000 x14=0x0000000a
       16965000	      1695	80001450	ffa768e3	bltu	x14,x26,80001440	 x14:0x0000000a x26:0x00000010
       16975000	      1696	00000000	00000013	addi	x0,x0,0	  x0:0x00000000
       16985000	      1697	8000143c	00000013	addi	x0,x0,0	  x0:0x00000000
       16995000	      1698	80001440	3cfef193	andi	x3,x29,975	 x29:0x0000074b  x3=0x0000034b
       17005000	      1699	80001444	01944233	xor	x4,x8,x25	  x8:0x80009f0c x25:0x00000201  x4=0x80009d0d
       17015000	      1700	80001448	003f9c13	slli	x24,x31,0x3	 x31:0x00002000 x24=0x00010000
       17025000	      1701	8000144c	00a70713	addi	x14,x14,10	 x14:0x0000000a x14=0x00000014
       17035000	      1702	80001450	ffa768e3	bltu	x14,x26,80001440	 x14:0x00000014 x26:0x00000010
       17045000	      1703	80001454	40f18233	sub	x4,x3,x15	  x3:0x0000034b x15:0x0000000a  x4=0x00000341
       17055000	      1704	80001458	fbc3ece3	bltu	x7,x28,80001410	  x7:0x00000009 x28:0x00000009
       17065000	      1705	8000145c	9530f113	andi	x2,x1,-1709	  x1:0xbcb5b000  x2=0xbcb5b000
       17075000	      1706	80001460	00500513	addi	x10,x0,5	  x0:0x00000000 x10=0x00000005
       17085000	      1707	80001464	2308ff97	auipc	x31,0x2308f	 x31=0xa3090460
       17095000	      1708	80001468	00ae0f33	add	x30,x28,x10	 x28:0x00000009 x10:0x00000005 x30=0x0000000e
       17105000	      1709	8000146c	00520fb3	add	x31,x4,x5	  x4:0x00000341  x5:0x00000006 x31=0x00000347
       17115000	      1710	80001470	01c054b3	srl	x9,x0,x28	  x0:0x00000000 x28:0x00000009  x9=0x00000000
       17125000	      1711	80001474	00000013	addi	x0,x0,0	  x0:0x00000000
       17135000	      1712	80001478	00000013	addi	x0,x0,0	  x0:0x00000000
       17145000	      1713	8000147c	d3174a93	xori	x21,x14,-719	 x14:0x00000014 x21=0xfffffd25
       17155000	      1714	80001480	01d75813	srli	x16,x14,0x1d	 x14:0x00000014 x16=0x00000000
       17165000	      1715	80001484	ad504493	xori	x9,x0,-1323	  x0:0x00000000  x9=0xfffffad5
       17175000	      1716	80001488	3f18e613	ori	x12,x17,1009	 x17:0x26036b6f x12=0x26036bff
       17185000	      1717	8000148c	ab166c17	auipc	x24,0xab166	 x24=0x2b167488
       17195000	      1718	80001490	00300313	addi	x6,x0,3	  x0:0x00000000  x6=0x00000003
       17205000	      1719	80001494	85a36f93	ori	x31,x6,-1958	  x6:0x00000003 x31=0xfffff85b
       17215000	      1720	80001498	1565b713	sltiu	x14,x11,342	 x11:0x26036b78 x14=0x00000000
       17225000	      1721	8000149c	01355593	srli	x11,x10,0x13	 x10:0x00000005 x11=0x00000000
       17235000	      1722	800014a0	4153ddb3	sra	x27,x7,x21	  x7:0x00000009 x21:0xfffffd25 x27=0x00000000
       17245000	      1723	800014a4	010f3fb3	sltu	x31,x30,x16	 x30:0x0000000e x16:0x00000000 x31=0x00000000
       17255000	      1724	800014a8	015b9b93	slli	x23,x23,0x15	 x23:0x01f4e35f x23=0x6be00000
       17265000	      1725	800014ac	fff50513	addi	x10,x10,-1	 x10:0x00000005 x10=0x00000004
       17275000	      1726	800014b0	00cc2a33	slt	x20,x24,x12	 x24:0x2b167488 x12:0x26036bff x20=0x00000000
       17285000	      1727	800014b4	00700293	addi	x5,x0,7	  x0:0x00000000  x5=0x00000007
       17295000	      1728	800014b8	00f00693	addi	x13,x0,15	  x0:0x00000000 x13=0x0000000f
       17305000	      1729	800014bc	0087f933	and	x18,x15,x8	 x15:0x0000000a  x8:0x80009f0c x18=0x00000008
       17315000	      1730	800014c0	00aac0b3	xor	x1,x21,x10	 x21:0xfffffd25 x10:0x00000004  x1=0xfffffd21
       17325000	      1731	800014c4	01ef7c33	and	x24,x30,x30	 x30:0x0000000e x30:0x0000000e x24=0x0000000e
       17335000	      1732	800014c8	01c103b3	add	x7,x2,x28	  x2:0xbcb5b000 x28:0x00000009  x7=0xbcb5b009
       17345000	      1733	800014cc	00828293	addi	x5,x5,8	  x5:0x00000007  x5=0x0000000f
       17355000	      1734	800014d0	00110233	add	x4,x2,x1	  x2:0xbcb5b000  x1:0xfffffd21  x4=0xbcb5ad21
       17365000	      1735	800014d4	fed286e3	beq	x5,x13,800014c0	  x5:0x0000000f x13:0x0000000f
       17375000	      1736	00000000	00000013	addi	x0,x0,0	  x0:0x00000000
       17385000	      1737	800014bc	00000013	addi	x0,x0,0	  x0:0x00000000
       17395000	      1738	800014c0	00aac0b3	xor	x1,x21,x10	 x21:0xfffffd25 x10:0x00000004  x1=0xfffffd21
       17405000	      1739	800014c4	01ef7c33	and	x24,x30,x30	 x30:0x0000000e x30:0x0000000e x24=0x0000000e
       17415000	      1740	800014c8	01c103b3	add	x7,x2,x28	  x2:0xbcb5b000 x28:0x00000009  x7=0xbcb5b009
       17425000	      1741	800014cc	00828293	addi	x5,x5,8	  x5:0x0000000f  x5=0x00000017
       17435000	      1742	800014d0	00110233	add	x4,x2,x1	  x2:0xbcb5b000  x1:0xfffffd21  x4=0xbcb5ad21
       17445000	      1743	800014d4	fed286e3	beq	x5,x13,800014c0	  x5:0x00000017 x13:0x0000000f
       17455000	      1744	800014d8	ac202113	slti	x2,x0,-1342	  x0:0x00000000  x2=0x00000000
       17465000	      1745	800014dc	40f00933	sub	x18,x0,x15	  x0:0x00000000 x15:0x0000000a x18=0xfffffff6
       17475000	      1746	800014e0	fc6552e3	bge	x10,x6,800014a4	 x10:0x00000004  x6:0x00000003
       17485000	      1747	00000000	00000013	addi	x0,x0,0	  x0:0x00000000
       17495000	      1748	800014a0	00000013	addi	x0,x0,0	  x0:0x00000000
       17505000	      1749	800014a4	010f3fb3	sltu	x31,x30,x16	 x30:0x0000000e x16:0x00000000 x31=0x00000000
       17515000	      1750	800014a8	015b9b93	slli	x23,x23,0x15	 x23:0x6be00000 x23=0x00000000
       17525000	      1751	800014ac	fff50513	addi	x10,x10,-1	 x10:0x00000004 x10=0x00000003
       17535000	      1752	800014b0	00cc2a33	slt	x20,x24,x12	 x24:0x0000000e x12:0x26036bff x20=0x00000001
       17545000	      1753	800014b4	00700293	addi	x5,x0,7	  x0:0x00000000  x5=0x00000007
       17555000	      1754	800014b8	00f00693	addi	x13,x0,15	  x0:0x00000000 x13=0x0000000f
       17565000	      1755	800014bc	0087f933	and	x18,x15,x8	 x15:0x0000000a  x8:0x80009f0c x18=0x00000008
       17575000	      1756	800014c0	00aac0b3	xor	x1,x21,x10	 x21:0xfffffd25 x10:0x00000003  x1=0xfffffd26
       17585000	      1757	800014c4	01ef7c33	and	x24,x30,x30	 x30:0x0000000e x30:0x0000000e x24=0x0000000e
       17595000	      1758	800014c8	01c103b3	add	x7,x2,x28	  x2:0x00000000 x28:0x00000009  x7=0x00000009
       17605000	      1759	800014cc	00828293	addi	x5,x5,8	  x5:0x00000007  x5=0x0000000f
       17615000	      1760	800014d0	00110233	add	x4,x2,x1	  x2:0x00000000  x1:0xfffffd26  x4=0xfffffd26
       17625000	      1761	800014d4	fed286e3	beq	x5,x13,800014c0	  x5:0x0000000f x13:0x0000000f
       17635000	      1762	00000000	00000013	addi	x0,x0,0	  x0:0x00000000
       17645000	      1763	800014bc	00000013	addi	x0,x0,0	  x0:0x00000000
       17655000	      1764	800014c0	00aac0b3	xor	x1,x21,x10	 x21:0xfffffd25 x10:0x00000003  x1=0xfffffd26
       17665000	      1765	800014c4	01ef7c33	and	x24,x30,x30	 x30:0x0000000e x30:0x0000000e x24=0x0000000e
       17675000	      1766	800014c8	01c103b3	add	x7,x2,x28	  x2:0x00000000 x28:0x00000009  x7=0x00000009
       17685000	      1767	800014cc	00828293	addi	x5,x5,8	  x5:0x0000000f  x5=0x00000017
       17695000	      1768	800014d0	00110233	add	x4,x2,x1	  x2:0x00000000  x1:0xfffffd26  x4=0xfffffd26
       17705000	      1769	800014d4	fed286e3	beq	x5,x13,800014c0	  x5:0x00000017 x13:0x0000000f
       17715000	      1770	800014d8	ac202113	slti	x2,x0,-1342	  x0:0x00000000  x2=0x00000000
       17725000	      1771	800014dc	40f00933	sub	x18,x0,x15	  x0:0x00000000 x15:0x0000000a x18=0xfffffff6
       17735000	      1772	800014e0	fc6552e3	bge	x10,x6,800014a4	 x10:0x00000003  x6:0x00000003
       17745000	      1773	00000000	00000013	addi	x0,x0,0	  x0:0x00000000
       17755000	      1774	800014a0	00000013	addi	x0,x0,0	  x0:0x00000000
       17765000	      1775	800014a4	010f3fb3	sltu	x31,x30,x16	 x30:0x0000000e x16:0x00000000 x31=0x00000000
       17775000	      1776	800014a8	015b9b93	slli	x23,x23,0x15	 x23:0x00000000 x23=0x00000000
       17785000	      1777	800014ac	fff50513	addi	x10,x10,-1	 x10:0x00000003 x10=0x00000002
       17795000	      1778	800014b0	00cc2a33	slt	x20,x24,x12	 x24:0x0000000e x12:0x26036bff x20=0x00000001
       17805000	      1779	800014b4	00700293	addi	x5,x0,7	  x0:0x00000000  x5=0x00000007
       17815000	      1780	800014b8	00f00693	addi	x13,x0,15	  x0:0x00000000 x13=0x0000000f
       17825000	      1781	800014bc	0087f933	and	x18,x15,x8	 x15:0x0000000a  x8:0x80009f0c x18=0x00000008
       17835000	      1782	800014c0	00aac0b3	xor	x1,x21,x10	 x21:0xfffffd25 x10:0x00000002  x1=0xfffffd27
       17845000	      1783	800014c4	01ef7c33	and	x24,x30,x30	 x30:0x0000000e x30:0x0000000e x24=0x0000000e
       17855000	      1784	800014c8	01c103b3	add	x7,x2,x28	  x2:0x00000000 x28:0x00000009  x7=0x00000009
       17865000	      1785	800014cc	00828293	addi	x5,x5,8	  x5:0x00000007  x5=0x0000000f
       17875000	      1786	800014d0	00110233	add	x4,x2,x1	  x2:0x00000000  x1:0xfffffd27  x4=0xfffffd27
       17885000	      1787	800014d4	fed286e3	beq	x5,x13,800014c0	  x5:0x0000000f x13:0x0000000f
       17895000	      1788	00000000	00000013	addi	x0,x0,0	  x0:0x00000000
       17905000	      1789	800014bc	00000013	addi	x0,x0,0	  x0:0x00000000
       17915000	      1790	800014c0	00aac0b3	xor	x1,x21,x10	 x21:0xfffffd25 x10:0x00000002  x1=0xfffffd27
       17925000	      1791	800014c4	01ef7c33	and	x24,x30,x30	 x30:0x0000000e x30:0x0000000e x24=0x0000000e
       17935000	      1792	800014c8	01c103b3	add	x7,x2,x28	  x2:0x00000000 x28:0x00000009  x7=0x00000009
       17945000	      1793	800014cc	00828293	addi	x5,x5,8	  x5:0x0000000f  x5=0x00000017
       17955000	      1794	800014d0	00110233	add	x4,x2,x1	  x2:0x00000000  x1:0xfffffd27  x4=0xfffffd27
       17965000	      1795	800014d4	fed286e3	beq	x5,x13,800014c0	  x5:0x00000017 x13:0x0000000f
       17975000	      1796	800014d8	ac202113	slti	x2,x0,-1342	  x0:0x00000000  x2=0x00000000
       17985000	      1797	800014dc	40f00933	sub	x18,x0,x15	  x0:0x00000000 x15:0x0000000a x18=0xfffffff6
       17995000	      1798	800014e0	fc6552e3	bge	x10,x6,800014a4	 x10:0x00000002  x6:0x00000003
       18005000	      1799	800014e4	40b55f13	srai	x30,x10,0xb	 x10:0x00000002 x30=0x00000000
       18015000	      1800	800014e8	004db733	sltu	x14,x27,x4	 x27:0x00000000  x4:0xfffffd27 x14=0x00000001
       18025000	      1801	800014ec	01a84533	xor	x10,x16,x26	 x16:0x00000000 x26:0x00000010 x10=0x00000010
       18035000	      1802	800014f0	00acdf93	srli	x31,x25,0xa	 x25:0x00000201 x31=0x00000000
       18045000	      1803	800014f4	03c45863	bge	x8,x28,80001524	  x8:0x80009f0c x28:0x00000009
       18055000	      1804	800014f8	01809263	bne	x1,x24,800014fc	  x1:0xfffffd27 x24:0x0000000e
       18065000	      1805	00000000	00000013	addi	x0,x0,0	  x0:0x00000000
       18075000	      1806	800014f8	00000013	addi	x0,x0,0	  x0:0x00000000
       18085000	      1807	800014fc	00f45293	srli	x5,x8,0xf	  x8:0x80009f0c  x5=0x00010001
       18095000	      1808	80001500	03808463	beq	x1,x24,80001528	  x1:0xfffffd27 x24:0x0000000e
       18105000	      1809	80001504	0095ca63	blt	x11,x9,80001518	 x11:0x00000000  x9:0xfffffad5
       18115000	      1810	80001508	01de9b33	sll	x22,x29,x29	 x29:0x0000074b x29:0x0000074b x22=0x003a5800
       18125000	      1811	8000150c	00c46ab3	or	x21,x8,x12	  x8:0x80009f0c x12:0x26036bff x21=0xa603ffff
       18135000	      1812	80001510	009507b3	add	x15,x10,x9	 x10:0x00000010  x9:0xfffffad5 x15=0xfffffae5
       18145000	      1813	80001514	4028d633	sra	x12,x17,x2	 x17:0x26036b6f  x2:0x00000000 x12=0x26036b6f
       18155000	      1814	80001518	41a655b3	sra	x11,x12,x26	 x12:0x26036b6f x26:0x00000010 x11=0x00002603
       18165000	      1815	8000151c	0128bcb3	sltu	x25,x17,x18	 x17:0x26036b6f x18:0xfffffff6 x25=0x00000001
       18175000	      1816	80001520	39957217	auipc	x4,0x39957	  x4=0xb995851c
       18185000	      1817	80001524	012edb33	srl	x22,x29,x18	 x29:0x0000074b x18:0xfffffff6 x22=0x00000000
       18195000	      1818	80001528	0042d833	srl	x16,x5,x4	  x5:0x00010001  x4:0xb995851c x16=0x00000000
       18205000	      1819	8000152c	2b27c713	xori	x14,x15,690	 x15:0xfffffae5 x14=0xfffff857
       18215000	      1820	80001530	00c89333	sll	x6,x17,x12	 x17:0x26036b6f x12:0x26036b6f  x6=0xb5b78000
       18225000	      1821	80001534	017612b3	sll	x5,x12,x23	 x12:0x26036b6f x23:0x00000000  x5=0x26036b6f
       18235000	      1822	80001538	41e5db13	srai	x22,x11,0x1e	 x11:0x00002603 x22=0x00000000
       18245000	      1823	8000153c	01311213	slli	x4,x2,0x13	  x2:0x00000000  x4=0x00000000
       18255000	      1824	80001540	04224663	blt	x4,x2,8000158c	  x4:0x00000000  x2:0x00000000
       18265000	      1825	80001544	00ab8ab3	add	x21,x23,x10	 x23:0x00000000 x10:0x00000010 x21=0x00000010
       18275000	      1826	80001548	7e4440b7	lui	x1,0x7e444	  x1=0x7e444000
       18285000	      1827	8000154c	00e8ab33	slt	x22,x17,x14	 x17:0x26036b6f x14:0xfffff857 x22=0x00000000
       18295000	      1828	80001550	4053deb3	sra	x29,x7,x5	  x7:0x00000009  x5:0x26036b6f x29=0x00000000
       18305000	      1829	80001554	00178cb3	add	x25,x15,x1	 x15:0xfffffae5  x1:0x7e444000 x25=0x7e443ae5
       18315000	      1830	80001558	02ed4063	blt	x26,x14,80001578	 x26:0x00000010 x14:0xfffff857
       18325000	      1831	8000155c	034f4e63	blt	x30,x20,80001598	 x30:0x00000000 x20:0x00000001
       18335000	      1832	00000000	00000013	addi	x0,x0,0	  x0:0x00000000
       18345000	      1833	80001594	00000013	addi	x0,x0,0	  x0:0x00000000
       18355000	      1834	80001598	01fcd233	srl	x4,x25,x31	 x25:0x7e443ae5 x31:0x00000000  x4=0x7e443ae5
       18365000	      1835	8000159c	01414133	xor	x2,x2,x20	  x2:0x00000000 x20:0x00000001  x2=0x00000001
       18375000	      1836	800015a0	05519263	bne	x3,x21,800015e4	  x3:0x0000034b x21:0x00000010
       18385000	      1837	00000000	00000013	addi	x0,x0,0	  x0:0x00000000
       18395000	      1838	800015e0	00000013	addi	x0,x0,0	  x0:0x00000000
       18405000	      1839	800015e4	01ea12b3	sll	x5,x20,x30	 x20:0x00000001 x30:0x00000000  x5=0x00000001
       18415000	      1840	800015e8	004e2f33	slt	x30,x28,x4	 x28:0x00000009  x4:0x7e443ae5 x30=0x00000001
       18425000	      1841	800015ec	00a7c7b3	xor	x15,x15,x10	 x15:0xfffffae5 x10:0x00000010 x15=0xfffffaf5
       18435000	      1842	800015f0	417cd693	srai	x13,x25,0x17	 x25:0x7e443ae5 x13=0x000000fc
       18445000	      1843	800015f4	1aba8813	addi	x16,x21,427	 x21:0x00000010 x16=0x000001bb
       18455000	      1844	800015f8	01ee5613	srli	x12,x28,0x1e	 x28:0x00000009 x12=0x00000000
       18465000	      1845	800015fc	1075bf93	sltiu	x31,x11,263	 x11:0x00002603 x31=0x00000000
       18475000	      1846	80001600	01aa57b3	srl	x15,x20,x26	 x20:0x00000001 x26:0x00000010 x15=0x00000000
       18485000	      1847	80001604	014f7863	bgeu	x30,x20,80001614	 x30:0x00000001 x20:0x00000001
       18495000	      1848	00000000	00000013	addi	x0,x0,0	  x0:0x00000000
       18505000	      1849	80001610	00000013	addi	x0,x0,0	  x0:0x00000000
       18515000	      1850	80001614	018a5f93	srli	x31,x20,0x18	 x20:0x00000001 x31=0x00000000
       18525000	      1851	80001618	551e6c13	ori	x24,x28,1361	 x28:0x00000009 x24=0x00000559
       18535000	      1852	8000161c	613e9e17	auipc	x28,0x613e9	 x28=0xe13ea618
       18545000	      1853	80001620	00ac0db3	add	x27,x24,x10	 x24:0x00000559 x10:0x00000010 x27=0x00000569
       18555000	      1854	80001624	0401e063	bltu	x3,x0,80001664	  x3:0x0000034b  x0:0x00000000
       18565000	      1855	80001628	c5da1037	lui	x0,0xc5da1	
       18575000	      1856	8000162c	86443513	sltiu	x10,x8,-1948	  x8:0x80009f0c x10=0x00000001
       18585000	      1857	80001630	0406e863	bltu	x13,x0,80001680	 x13:0x000000fc  x0:0x00000000
       18595000	      1858	80001634	03e60863	beq	x12,x30,80001664	 x12:0x00000000 x30:0x00000001
       18605000	      1859	80001638	40240233	sub	x4,x8,x2	  x8:0x80009f0c  x2:0x00000001  x4=0x80009f0b
       18615000	      1860	8000163c	41f35a33	sra	x20,x6,x31	  x6:0xb5b78000 x31:0x00000000 x20=0xb5b78000
       18625000	      1861	80001640	03cf0a63	beq	x30,x28,80001674	 x30:0x00000001 x28:0xe13ea618
       18635000	      1862	80001644	05c66063	bltu	x12,x28,80001684	 x12:0x00000000 x28:0xe13ea618
       18645000	      1863	00000000	00000013	addi	x0,x0,0	  x0:0x00000000
       18655000	      1864	80001680	00000013	addi	x0,x0,0	  x0:0x00000000
       18665000	      1865	80001684	40b2dc93	srai	x25,x5,0xb	  x5:0x00000001 x25=0x00000000
       18675000	      1866	80001688	41755533	sra	x10,x10,x23	 x10:0x00000001 x23:0x00000000 x10=0x00000001
       18685000	      1867	8000168c	01b58133	add	x2,x11,x27	 x11:0x00002603 x27:0x00000569  x2=0x00002b6c
       18695000	      1868	80001690	01381263	bne	x16,x19,80001694	 x16:0x000001bb x19:0x80009fc4
       18705000	      1869	00000000	00000013	addi	x0,x0,0	  x0:0x00000000
       18715000	      1870	80001690	00000013	addi	x0,x0,0	  x0:0x00000000
       18725000	      1871	80001694	41ffdb93	srai	x23,x31,0x1f	 x31:0x00000000 x23=0x00000000
       18735000	      1872	80001698	0120d863	bge	x1,x18,800016a8	  x1:0x7e444000 x18:0xfffffff6
       18745000	      1873	00000000	00000013	addi	x0,x0,0	  x0:0x00000000
       18755000	      1874	800016a4	00000013	addi	x0,x0,0	  x0:0x00000000
       18765000	      1875	800016a8	00c8b5b3	sltu	x11,x17,x12	 x17:0x26036b6f x12:0x00000000 x11=0x00000000
       18775000	      1876	800016ac	5003be93	sltiu	x29,x7,1280	  x7:0x00000009 x29=0x00000001
       18785000	      1877	800016b0	2908bb93	sltiu	x23,x17,656	 x17:0x26036b6f x23=0x00000000
       18795000	      1878	800016b4	00e99a13	slli	x20,x19,0xe	 x19:0x80009fc4 x20=0x27f10000
       18805000	      1879	800016b8	2a61aa93	slti	x21,x3,678	  x3:0x0000034b x21=0x00000000
       18815000	      1880	800016bc	05beda63	bge	x29,x27,80001710	 x29:0x00000001 x27:0x00000569
       18825000	      1881	800016c0	00700613	addi	x12,x0,7	  x0:0x00000000 x12=0x00000007
       18835000	      1882	800016c4	38ab4a93	xori	x21,x22,906	 x22:0x00000000 x21=0x0000038a
       18845000	      1883	800016c8	00e9b333	sltu	x6,x19,x14	 x19:0x80009fc4 x14:0xfffff857  x6=0x00000001
       18855000	      1884	800016cc	ff700b93	addi	x23,x0,-9	  x0:0x00000000 x23=0xfffffff7
       18865000	      1885	800016d0	012435b3	sltu	x11,x8,x18	  x8:0x80009f0c x18:0xfffffff6 x11=0x00000001
       18875000	      1886	800016d4	01937333	and	x6,x6,x25	  x6:0x00000001 x25:0x00000000  x6=0x00000000
       18885000	      1887	800016d8	78508b13	addi	x22,x1,1925	  x1:0x7e444000 x22=0x7e444785
       18895000	      1888	800016dc	18c6a193	slti	x3,x13,396	 x13:0x000000fc  x3=0x00000001
       18905000	      1889	800016e0	005d3333	sltu	x6,x26,x5	 x26:0x00000010  x5:0x00000001  x6=0x00000000
       18915000	      1890	800016e4	ffc60613	addi	x12,x12,-4	 x12:0x00000007 x12=0x00000003
       18925000	      1891	800016e8	004bcb33	xor	x22,x23,x4	 x23:0xfffffff7  x4:0x80009f0b x22=0x7fff60fc
       18935000	      1892	800016ec	00aec733	xor	x14,x29,x10	 x29:0x00000001 x10:0x00000001 x14=0x00000000
       18945000	      1893	800016f0	01ea8733	add	x14,x21,x30	 x21:0x0000038a x30:0x00000001 x14=0x0000038b
       18955000	      1894	800016f4	2d214813	xori	x16,x2,722	  x2:0x00002b6c x16=0x000029be
       18965000	      1895	800016f8	ff7602e3	beq	x12,x23,800016dc	 x12:0x00000003 x23:0xfffffff7
       18975000	      1896	800016fc	016e9493	slli	x9,x29,0x16	 x29:0x00000001  x9=0x00400000
       18985000	      1897	80001700	ff590693	addi	x13,x18,-11	 x18:0xfffffff6 x13=0xffffffeb
       18995000	      1898	80001704	00841c63	bne	x8,x8,8000171c	  x8:0x80009f0c  x8:0x80009f0c
       19005000	      1899	80001708	411a5f93	srai	x31,x20,0x11	 x20:0x27f10000 x31=0x000013f8
       19015000	      1900	8000170c	914d2513	slti	x10,x26,-1772	 x26:0x00000010 x10=0x00000000
       19025000	      1901	80001710	016ba4b3	slt	x9,x23,x22	 x23:0xfffffff7 x22:0x7fff60fc  x9=0x00000001
       19035000	      1902	80001714	ec01ae93	slti	x29,x3,-320	  x3:0x00000001 x29=0x00000000
       19045000	      1903	80001718	5c9f6593	ori	x11,x30,1481	 x30:0x00000001 x11=0x000005c9
       19055000	      1904	8000171c	01eee3b3	or	x7,x29,x30	 x29:0x00000000 x30:0x00000001  x7=0x00000001
       19065000	      1905	80001720	007d1eb3	sll	x29,x26,x7	 x26:0x00000010  x7:0x00000001 x29=0x00000020
       19075000	      1906	80001724	02162e13	slti	x28,x12,33	 x12:0x00000003 x28=0x00000001
       19085000	      1907	80001728	400c5f33	sra	x30,x24,x0	 x24:0x00000559  x0:0x00000000 x30=0x00000559
       19095000	      1908	8000172c	c635c713	xori	x14,x11,-925	 x11:0x000005c9 x14=0xfffff9aa
       19105000	      1909	80001730	03c3d863	bge	x7,x28,80001760	  x7:0x00000001 x28:0x00000001
       19115000	      1910	00000000	00000013	addi	x0,x0,0	  x0:0x00000000
       19125000	      1911	8000175c	00000013	addi	x0,x0,0	  x0:0x00000000
       19135000	      1912	80001760	409951b3	sra	x3,x18,x9	 x18:0xfffffff6  x9:0x00000001  x3=0xfffffffb
       19145000	      1913	80001764	0198e633	or	x12,x17,x25	 x17:0x26036b6f x25:0x00000000 x12=0x26036b6f
       19155000	      1914	80001768	04e84063	blt	x16,x14,800017a8	 x16:0x000029be x14:0xfffff9aa
       19165000	      1915	8000176c	01a0da33	srl	x20,x1,x26	  x1:0x7e444000 x26:0x00000010 x20=0x00007e44
       19175000	      1916	80001770	003361b3	or	x3,x6,x3	  x6:0x00000000  x3:0xfffffffb  x3=0xfffffffb
       19185000	      1917	80001774	01f69813	slli	x16,x13,0x1f	 x13:0xffffffeb x16=0x80000000
       19195000	      1918	80001778	01791b33	sll	x22,x18,x23	 x18:0xfffffff6 x23:0xfffffff7 x22=0xfb000000
       19205000	      1919	8000177c	445bac13	slti	x24,x23,1093	 x23:0xfffffff7 x24=0x00000001
       19215000	      1920	80001780	00000013	addi	x0,x0,0	  x0:0x00000000
       19225000	      1921	80001784	025bda63	bge	x23,x5,800017b8	 x23:0xfffffff7  x5:0x00000001
       19235000	      1922	80001788	015a5a63	bge	x20,x21,8000179c	 x20:0x00007e44 x21:0x0000038a
       19245000	      1923	00000000	00000013	addi	x0,x0,0	  x0:0x00000000
       19255000	      1924	80001798	00000013	addi	x0,x0,0	  x0:0x00000000
       19265000	      1925	8000179c	033d1463	bne	x26,x19,800017c4	 x26:0x00000010 x19:0x80009fc4
       19275000	      1926	00000000	00000013	addi	x0,x0,0	  x0:0x00000000
       19285000	      1927	800017c0	00000013	addi	x0,x0,0	  x0:0x00000000
       19295000	      1928	800017c4	f6f06f93	ori	x31,x0,-145	  x0:0x00000000 x31=0xffffff6f
       19305000	      1929	800017c8	01d41463	bne	x8,x29,800017d0	  x8:0x80009f0c x29:0x00000020
       19315000	      1930	00000000	00000013	addi	x0,x0,0	  x0:0x00000000
       19325000	      1931	800017cc	00000013	addi	x0,x0,0	  x0:0x00000000
       19335000	      1932	800017d0	01299863	bne	x19,x18,800017e0	 x19:0x80009fc4 x18:0xfffffff6
       19345000	      1933	00000000	00000013	addi	x0,x0,0	  x0:0x00000000
       19355000	      1934	800017dc	00000013	addi	x0,x0,0	  x0:0x00000000
       19365000	      1935	800017e0	be61f013	andi	x0,x3,-1050	  x3:0xfffffffb
       19375000	      1936	800017e4	015ed213	srli	x4,x29,0x15	 x29:0x00000020  x4=0x00000000
       19385000	      1937	800017e8	4c23b793	sltiu	x15,x7,1218	  x7:0x00000001 x15=0x00000001
       19395000	      1938	800017ec	00000013	addi	x0,x0,0	  x0:0x00000000
       19405000	      1939	800017f0	00c76863	bltu	x14,x12,80001800	 x14:0xfffff9aa x12:0x26036b6f
       19415000	      1940	800017f4	008eccb3	xor	x25,x29,x8	 x29:0x00000020  x8:0x80009f0c x25=0x80009f2c
       19425000	      1941	800017f8	016cb0b3	sltu	x1,x25,x22	 x25:0x80009f2c x22:0xfb000000  x1=0x00000001
       19435000	      1942	800017fc	f5a24193	xori	x3,x4,-166	  x4:0x00000000  x3=0xffffff5a
       19445000	      1943	80001800	0581d063	bge	x3,x24,80001840	  x3:0xffffff5a x24:0x00000001
       19455000	      1944	80001804	40b9d113	srai	x2,x19,0xb	 x19:0x80009fc4  x2=0xfff00013
       19465000	      1945	80001808	019cb5b3	sltu	x11,x25,x25	 x25:0x80009f2c x25:0x80009f2c x11=0x00000000
       19475000	      1946	8000180c	04906863	bltu	x0,x9,8000185c	  x0:0x00000000  x9:0x00000001
       19485000	      1947	00000000	00000013	addi	x0,x0,0	  x0:0x00000000
       19495000	      1948	80001858	00000013	addi	x0,x0,0	  x0:0x00000000
       19505000	      1949	8000185c	84193913	sltiu	x18,x18,-1983	 x18:0xfffffff6 x18=0x00000000
       19515000	      1950	80001860	c55c6497	auipc	x9,0xc55c6	  x9=0x455c785c
       19525000	      1951	80001864	008e6933	or	x18,x28,x8	 x28:0x00000001  x8:0x80009f0c x18=0x80009f0d
       19535000	      1952	80001868	affa8513	addi	x10,x21,-1281	 x21:0x0000038a x10=0xfffffe89
       19545000	      1953	8000186c	012a5093	srli	x1,x20,0x12	 x20:0x00007e44  x1=0x00000000
       19555000	      1954	80001870	01bc8663	beq	x25,x27,8000187c	 x25:0x80009f2c x27:0x00000569
       19565000	      1955	80001874	90230f13	addi	x30,x6,-1790	  x6:0x00000000 x30=0xfffff902
       19575000	      1956	80001878	41115eb3	sra	x29,x2,x17	  x2:0xfff00013 x17:0x26036b6f x29=0xffffffe0
       19585000	      1957	8000187c	01404a63	blt	x0,x20,80001890	  x0:0x00000000 x20:0x00007e44
       19595000	      1958	00000000	00000013	addi	x0,x0,0	  x0:0x00000000
       19605000	      1959	8000188c	00000013	addi	x0,x0,0	  x0:0x00000000
       19615000	      1960	80001890	012cbcb3	sltu	x25,x25,x18	 x25:0x80009f2c x18:0x80009f0d x25=0x00000000
       19625000	      1961	80001894	1ebf3917	auipc	x18,0x1ebf3	 x18=0x9ebf4890
       19635000	      1962	80001898	00e4c933	xor	x18,x9,x14	  x9:0x455c785c x14:0xfffff9aa x18=0xbaa381f6
       19645000	      1963	8000189c	ea47bb93	sltiu	x23,x15,-348	 x15:0x00000001 x23=0x00000001
       19655000	      1964	800018a0	40d9da33	sra	x20,x19,x13	 x19:0x80009fc4 x13:0xffffffeb x20=0xfff00013
       19665000	      1965	800018a4	00528263	beq	x5,x5,800018a8	  x5:0x00000001  x5:0x00000001
       19675000	      1966	00000000	00000013	addi	x0,x0,0	  x0:0x00000000
       19685000	      1967	800018a4	00000013	addi	x0,x0,0	  x0:0x00000000
       19695000	      1968	800018a8	00d94c63	blt	x18,x13,800018c0	 x18:0xbaa381f6 x13:0xffffffeb
       19705000	      1969	00000000	00000013	addi	x0,x0,0	  x0:0x00000000
       19715000	      1970	800018bc	00000013	addi	x0,x0,0	  x0:0x00000000
       19725000	      1971	800018c0	006d8eb3	add	x29,x27,x6	 x27:0x00000569  x6:0x00000000 x29=0x00000569
       19735000	      1972	800018c4	00000013	addi	x0,x0,0	  x0:0x00000000
       19745000	      1973	800018c8	01bafcb3	and	x25,x21,x27	 x21:0x0000038a x27:0x00000569 x25=0x00000108
       19755000	      1974	800018cc	04bf9663	bne	x31,x11,80001918	 x31:0xffffff6f x11:0x00000000
       19765000	      1975	00000000	00000013	addi	x0,x0,0	  x0:0x00000000
       19775000	      1976	80001914	00000013	addi	x0,x0,0	  x0:0x00000000
       19785000	      1977	80001918	7129c713	xori	x14,x19,1810	 x19:0x80009fc4 x14=0x800098d6
       19795000	      1978	8000191c	3280e613	ori	x12,x1,808	  x1:0x00000000 x12=0x00000328
       19805000	      1979	80001920	1a163013	sltiu	x0,x12,417	 x12:0x00000328
       19815000	      1980	80001924	55363397	auipc	x7,0x55363	  x7=0xd5364920
       19825000	      1981	80001928	00986c63	bltu	x16,x9,80001940	 x16:0x80000000  x9:0x455c785c
       19835000	      1982	8000192c	f4a6c013	xori	x0,x13,-182	 x13:0xffffffeb
       19845000	      1983	80001930	006292b3	sll	x5,x5,x6	  x5:0x00000001  x6:0x00000000  x5=0x00000001
       19855000	      1984	80001934	002740b3	xor	x1,x14,x2	 x14:0x800098d6  x2:0xfff00013  x1=0x7ff098c5
       19865000	      1985	80001938	9fc56e13	ori	x28,x10,-1540	 x10:0xfffffe89 x28=0xfffffffd
       19875000	      1986	8000193c	41e8d093	srai	x1,x17,0x1e	 x17:0x26036b6f  x1=0x00000000
       19885000	      1987	80001940	0076e733	or	x14,x13,x7	 x13:0xffffffeb  x7:0xd5364920 x14=0xffffffeb
       19895000	      1988	80001944	41a75b93	srai	x23,x14,0x1a	 x14:0xffffffeb x23=0xffffffff
       19905000	      1989	80001948	01877633	and	x12,x14,x24	 x14:0xffffffeb x24:0x00000001 x12=0x00000001
       19915000	      1990	8000194c	010b41b3	xor	x3,x22,x16	 x22:0xfb000000 x16:0x80000000  x3=0x7b000000
       19925000	      1991	80001950	01fe8533	add	x10,x29,x31	 x29:0x00000569 x31:0xffffff6f x10=0x000004d8
       19935000	      1992	80001954	b858b013	sltiu	x0,x17,-1147	 x17:0x26036b6f
       19945000	      1993	80001958	0084ad33	slt	x26,x9,x8	  x9:0x455c785c  x8:0x80009f0c x26=0x00000000
       19955000	      1994	8000195c	00eff533	and	x10,x31,x14	 x31:0xffffff6f x14:0xffffffeb x10=0xffffff6b
       19965000	      1995	80001960	dde667b7	lui	x15,0xdde66	 x15=0xdde66000
       19975000	      1996	80001964	00362cb3	slt	x25,x12,x3	 x12:0x00000001  x3:0x7b000000 x25=0x00000001
       19985000	      1997	80001968	a2882d13	slti	x26,x16,-1496	 x16:0x80000000 x26=0x00000001
       19995000	      1998	8000196c	00100c63	beq	x0,x1,80001984	  x0:0x00000000  x1:0x00000000
       20005000	      1999	00000000	00000013	addi	x0,x0,0	  x0:0x00000000
       20015000	      2000	80001980	00000013	addi	x0,x0,0	  x0:0x00000000
       20025000	      2001	80001984	01a55c33	srl	x24,x10,x26	 x10:0xffffff6b x26:0x00000001 x24=0x7fffffb5
       20035000	      2002	80001988	e0690f93	addi	x31,x18,-506	 x18:0xbaa381f6 x31=0xbaa37ffc
       20045000	      2003	8000198c	02218063	beq	x3,x2,800019ac	  x3:0x7b000000  x2:0xfff00013
       20055000	      2004	80001990	002f9b93	slli	x23,x31,0x2	 x31:0xbaa37ffc x23=0xea8dfff0
       20065000	      2005	80001994	01c2ea33	or	x20,x5,x28	  x5:0x00000001 x28:0xfffffffd x20=0xfffffffd
       20075000	      2006	80001998	01818733	add	x14,x3,x24	  x3:0x7b000000 x24:0x7fffffb5 x14=0xfaffffb5
       20085000	      2007	8000199c	4172d0b3	sra	x1,x5,x23	  x5:0x00000001 x23:0xea8dfff0  x1=0x00000000
       20095000	      2008	800019a0	40a80133	sub	x2,x16,x10	 x16:0x80000000 x10:0xffffff6b  x2=0x80000095
       20105000	      2009	800019a4	76897793	andi	x15,x18,1896	 x18:0xbaa381f6 x15=0x00000160
       20115000	      2010	800019a8	7218b213	sltiu	x4,x17,1825	 x17:0x26036b6f  x4=0x00000000
       20125000	      2011	800019ac	01227c33	and	x24,x4,x18	  x4:0x00000000 x18:0xbaa381f6 x24=0x00000000
       20135000	      2012	800019b0	543a82b7	lui	x5,0x543a8	  x5=0x543a8000
       20145000	      2013	800019b4	01a70263	beq	x14,x26,800019b8	 x14:0xfaffffb5 x26:0x00000001
       20155000	      2014	800019b8	00135633	srl	x12,x6,x1	  x6:0x00000000  x1:0x00000000 x12=0x00000000
       20165000	      2015	800019bc	1a4ba393	slti	x7,x23,420	 x23:0xea8dfff0  x7=0x00000001
       20175000	      2016	800019c0	f21cc193	xori	x3,x25,-223	 x25:0x00000001  x3=0xffffff20
       20185000	      2017	800019c4	0076d463	bge	x13,x7,800019cc	 x13:0xffffffeb  x7:0x00000001
       20195000	      2018	800019c8	cde8c813	xori	x16,x17,-802	 x17:0x26036b6f x16=0xd9fc97b1
       20205000	      2019	800019cc	bc1e2593	slti	x11,x28,-1087	 x28:0xfffffffd x11=0x00000000
       20215000	      2020	800019d0	4007d3b3	sra	x7,x15,x0	 x15:0x00000160  x0:0x00000000  x7=0x00000160
       20225000	      2021	800019d4	40c50f33	sub	x30,x10,x12	 x10:0xffffff6b x12:0x00000000 x30=0xffffff6b
       20235000	      2022	800019d8	830dc813	xori	x16,x27,-2000	 x27:0x00000569 x16=0xfffffd59
       20245000	      2023	800019dc	01e5d6b3	srl	x13,x11,x30	 x11:0x00000000 x30:0xffffff6b x13=0x00000000
       20255000	      2024	800019e0	34742013	slti	x0,x8,839	  x8:0x80009f0c
       20265000	      2025	800019e4	4161d633	sra	x12,x3,x22	  x3:0xffffff20 x22:0xfb000000 x12=0xffffff20
       20275000	      2026	800019e8	01175113	srli	x2,x14,0x11	 x14:0xfaffffb5  x2=0x00007d7f
       20285000	      2027	800019ec	01cc1e13	slli	x28,x24,0x1c	 x24:0x00000000 x28=0x00000000
       20295000	      2028	800019f0	01183533	sltu	x10,x16,x17	 x16:0xfffffd59 x17:0x26036b6f x10=0x00000000
       20305000	      2029	800019f4	b3a466b7	lui	x13,0xb3a46	 x13=0xb3a46000
       20315000	      2030	800019f8	e9aef6b7	lui	x13,0xe9aef	 x13=0xe9aef000
       20325000	      2031	800019fc	0f5ecb13	xori	x22,x29,245	 x29:0x00000569 x22=0x0000059c
       20335000	      2032	80001a00	01d0f863	bgeu	x1,x29,80001a10	  x1:0x00000000 x29:0x00000569
       20345000	      2033	80001a04	003b1533	sll	x10,x22,x3	 x22:0x0000059c  x3:0xffffff20 x10=0x0000059c
       20355000	      2034	80001a08	01cad693	srli	x13,x21,0x1c	 x21:0x0000038a x13=0x00000000
       20365000	      2035	80001a0c	00000013	addi	x0,x0,0	  x0:0x00000000
       20375000	      2036	80001a10	edfb7d13	andi	x26,x22,-289	 x22:0x0000059c x26=0x0000049c
       20385000	      2037	80001a14	689a3b13	sltiu	x22,x20,1673	 x20:0xfffffffd x22=0x00000000
       20395000	      2038	80001a18	04ebf863	bgeu	x23,x14,80001a68	 x23:0xea8dfff0 x14:0xfaffffb5
       20405000	      2039	80001a1c	5abdce13	xori	x28,x27,1451	 x27:0x00000569 x28=0x000000c2
       20415000	      2040	80001a20	4049d633	sra	x12,x19,x4	 x19:0x80009fc4  x4:0x00000000 x12=0x80009fc4
       20425000	      2041	80001a24	063afc13	andi	x24,x21,99	 x21:0x0000038a x24=0x00000002
       20435000	      2042	80001a28	00fad833	srl	x16,x21,x15	 x21:0x0000038a x15:0x00000160 x16=0x0000038a
       20445000	      2043	80001a2c	01afb333	sltu	x6,x31,x26	 x31:0xbaa37ffc x26:0x0000049c  x6=0x00000000
       20455000	      2044	80001a30	ff6ce693	ori	x13,x25,-10	 x25:0x00000001 x13=0xfffffff7
       20465000	      2045	80001a34	405105b3	sub	x11,x2,x5	  x2:0x00007d7f  x5:0x543a8000 x11=0xabc5fd7f
       20475000	      2046	80001a38	0164e933	or	x18,x9,x22	  x9:0x455c785c x22:0x00000000 x18=0x455c785c
       20485000	      2047	80001a3c	cdda0a13	addi	x20,x20,-803	 x20:0xfffffffd x20=0xfffffcda
       20495000	      2048	80001a40	03ddee63	bltu	x27,x29,80001a7c	 x27:0x00000569 x29:0x00000569
       20505000	      2049	80001a44	004a32b3	sltu	x5,x20,x4	 x20:0xfffffcda  x4:0x00000000  x5=0x00000000
       20515000	      2050	80001a48	02c9f863	bgeu	x19,x12,80001a78	 x19:0x80009fc4 x12:0x80009fc4
       20525000	      2051	00000000	00000013	addi	x0,x0,0	  x0:0x00000000
       20535000	      2052	80001a74	00000013	addi	x0,x0,0	  x0:0x00000000
       20545000	      2053	80001a78	6fc6f393	andi	x7,x13,1788	 x13:0xfffffff7  x7=0x000006f4
       20555000	      2054	80001a7c	00000013	addi	x0,x0,0	  x0:0x00000000
       20565000	      2055	80001a80	01949c93	slli	x25,x9,0x19	  x9:0x455c785c x25=0xb8000000
       20575000	      2056	80001a84	3ff00e97	auipc	x29,0x3ff00	 x29=0xbff01a80
       20585000	      2057	80001a88	04f60663	beq	x12,x15,80001ad4	 x12:0x80009fc4 x15:0x00000160
       20595000	      2058	80001a8c	47574b93	xori	x23,x14,1141	 x14:0xfaffffb5 x23=0xfafffbc0
       20605000	      2059	80001a90	ee510693	addi	x13,x2,-283	  x2:0x00007d7f x13=0x00007c64
       20615000	      2060	80001a94	01a5c5b3	xor	x11,x11,x26	 x11:0xabc5fd7f x26:0x0000049c x11=0xabc5f9e3
       20625000	      2061	80001a98	01b0da13	srli	x20,x1,0x1b	  x1:0x00000000 x20=0x00000000
       20635000	      2062	80001a9c	015487b3	add	x15,x9,x21	  x9:0x455c785c x21:0x0000038a x15=0x455c7be6
       20645000	      2063	80001aa0	5f121b17	auipc	x22,0x5f121	 x22=0xdf122a9c
       20655000	      2064	80001aa4	00b5df13	srli	x30,x11,0xb	 x11:0xabc5f9e3 x30=0x001578bf
       20665000	      2065	80001aa8	0072d813	srli	x16,x5,0x7	  x5:0x00000000 x16=0x00000000
       20675000	      2066	80001aac	00695933	srl	x18,x18,x6	 x18:0x455c785c  x6:0x00000000 x18=0x455c785c
       20685000	      2067	80001ab0	21bfcb13	xori	x22,x31,539	 x31:0xbaa37ffc x22=0xbaa37de7
       20695000	      2068	80001ab4	00c22f33	slt	x30,x4,x12	  x4:0x00000000 x12:0x80009fc4 x30=0x00000000
       20705000	      2069	80001ab8	401b5ab3	sra	x21,x22,x1	 x22:0xbaa37de7  x1:0x00000000 x21=0xbaa37de7
       20715000	      2070	80001abc	4070d713	srai	x14,x1,0x7	  x1:0x00000000 x14=0x00000000
       20725000	      2071	80001ac0	41775e13	srai	x28,x14,0x17	 x14:0x00000000 x28=0x00000000
       20735000	      2072	80001ac4	0168e333	or	x6,x17,x22	 x17:0x26036b6f x22:0xbaa37de7  x6=0xbea37fef
       20745000	      2073	80001ac8	00350933	add	x18,x10,x3	 x10:0x0000059c  x3:0xffffff20 x18=0x000004bc
       20755000	      2074	80001acc	01f85a93	srli	x21,x16,0x1f	 x16:0x00000000 x21=0x00000000
       20765000	      2075	80001ad0	40add233	sra	x4,x27,x10	 x27:0x00000569 x10:0x0000059c  x4=0x00000000
       20775000	      2076	80001ad4	01e37663	bgeu	x6,x30,80001ae0	  x6:0xbea37fef x30:0x00000000
       20785000	      2077	00000000	00000013	addi	x0,x0,0	  x0:0x00000000
       20795000	      2078	80001adc	00000013	addi	x0,x0,0	  x0:0x00000000
       20805000	      2079	80001ae0	41d6df33	sra	x30,x13,x29	 x13:0x00007c64 x29:0xbff01a80 x30=0x00007c64
       20815000	      2080	80001ae4	0256cc37	lui	x24,0x256c	 x24=0x0256c000
       20825000	      2081	80001ae8	ed63f813	andi	x16,x7,-298	  x7:0x000006f4 x16=0x000006d4
       20835000	      2082	80001aec	41935e93	srai	x29,x6,0x19	  x6:0xbea37fef x29=0xffffffdf
       20845000	      2083	80001af0	ae047c93	andi	x25,x8,-1312	  x8:0x80009f0c x25=0x80009a00
       20855000	      2084	80001af4	4c5a7517	auipc	x10,0x4c5a7	 x10=0xcc5a8af0
       20865000	      2085	80001af8	00000013	addi	x0,x0,0	  x0:0x00000000
       20875000	      2086	80001afc	40fb81b3	sub	x3,x23,x15	 x23:0xfafffbc0 x15:0x455c7be6  x3=0xb5a37fda
       20885000	      2087	80001b00	00d66a63	bltu	x12,x13,80001b14	 x12:0x80009fc4 x13:0x00007c64
       20895000	      2088	80001b04	48b4deb7	lui	x29,0x48b4d	 x29=0x48b4d000
       20905000	      2089	80001b08	22af8493	addi	x9,x31,554	 x31:0xbaa37ffc  x9=0xbaa38226
       20915000	      2090	80001b0c	013a6a63	bltu	x20,x19,80001b20	 x20:0x00000000 x19:0x80009fc4
       20925000	      2091	00000000	00000013	addi	x0,x0,0	  x0:0x00000000
       20935000	      2092	80001b1c	00000013	addi	x0,x0,0	  x0:0x00000000
       20945000	      2093	80001b20	a9fd9537	lui	x10,0xa9fd9	 x10=0xa9fd9000
       20955000	      2094	80001b24	40ac5e33	sra	x28,x24,x10	 x24:0x0256c000 x10:0xa9fd9000 x28=0x0256c000
       20965000	      2095	80001b28	eb5d3693	sltiu	x13,x26,-331	 x26:0x0000049c x13=0x00000001
       20975000	      2096	80001b2c	01acbe33	sltu	x28,x25,x26	 x25:0x80009a00 x26:0x0000049c x28=0x00000000
       20985000	      2097	80001b30	ee7e7b93	andi	x23,x28,-281	 x28:0x00000000 x23=0x00000000
       20995000	      2098	80001b34	cadb7813	andi	x16,x22,-851	 x22:0xbaa37de7 x16=0xbaa37ca5
       21005000	      2099	80001b38	0068c033	xor	x0,x17,x6	 x17:0x26036b6f  x6:0xbea37fef
       21015000	      2100	80001b3c	5781ea13	ori	x20,x3,1400	  x3:0xb5a37fda x20=0xb5a37ffa
       21025000	      2101	80001b40	01cdf733	and	x14,x27,x28	 x27:0x00000569 x28:0x00000000 x14=0x00000000
       21035000	      2102	80001b44	00000013	addi	x0,x0,0	  x0:0x00000000
       21045000	      2103	80001b48	c2978313	addi	x6,x15,-983	 x15:0x455c7be6  x6=0x455c780f
       21055000	      2104	80001b4c	0585f063	bgeu	x11,x24,80001b8c	 x11:0xabc5f9e3 x24:0x0256c000
       21065000	      2105	00000000	00000013	addi	x0,x0,0	  x0:0x00000000
       21075000	      2106	80001b88	00000013	addi	x0,x0,0	  x0:0x00000000
       21085000	      2107	80001b8c	97e44093	xori	x1,x8,-1666	  x8:0x80009f0c  x1=0x7fff6672
       21095000	      2108	80001b90	00f7fbb3	and	x23,x15,x15	 x15:0x455c7be6 x15:0x455c7be6 x23=0x455c7be6
       21105000	      2109	80001b94	00845593	srli	x11,x8,0x8	  x8:0x80009f0c x11=0x0080009f
       21115000	      2110	80001b98	407b5b13	srai	x22,x22,0x7	 x22:0xbaa37de7 x22=0xff7546fb
       21125000	      2111	80001b9c	03008a63	beq	x1,x16,80001bd0	  x1:0x7fff6672 x16:0xbaa37ca5
       21135000	      2112	80001ba0	01dfca33	xor	x20,x31,x29	 x31:0xbaa37ffc x29:0x48b4d000 x20=0xf217affc
       21145000	      2113	80001ba4	02185463	bge	x16,x1,80001bcc	 x16:0xbaa37ca5  x1:0x7fff6672
       21155000	      2114	80001ba8	40090f33	sub	x30,x18,x0	 x18:0x000004bc  x0:0x00000000 x30=0x000004bc
       21165000	      2115	80001bac	410e8db3	sub	x27,x29,x16	 x29:0x48b4d000 x16:0xbaa37ca5 x27=0x8e11535b
       21175000	      2116	80001bb0	5bb73e93	sltiu	x29,x14,1467	 x14:0x00000000 x29=0x00000001
       21185000	      2117	80001bb4	00c25a13	srli	x20,x4,0xc	  x4:0x00000000 x20=0x00000000
       21195000	      2118	80001bb8	41f15693	srai	x13,x2,0x1f	  x2:0x00007d7f x13=0x00000000
       21205000	      2119	80001bbc	a7da7e13	andi	x28,x20,-1411	 x20:0x00000000 x28=0x00000000
       21215000	      2120	80001bc0	006e7bb3	and	x23,x28,x6	 x28:0x00000000  x6:0x455c780f x23=0x00000000
       21225000	      2121	80001bc4	cba090b7	lui	x1,0xcba09	  x1=0xcba09000
       21235000	      2122	80001bc8	d36fcd93	xori	x27,x31,-714	 x31:0xbaa37ffc x27=0x455c82ca
       21245000	      2123	80001bcc	001b15b3	sll	x11,x22,x1	 x22:0xff7546fb  x1:0xcba09000 x11=0xff7546fb
       21255000	      2124	80001bd0	017e0bb3	add	x23,x28,x23	 x28:0x00000000 x23:0x00000000 x23=0x00000000
       21265000	      2125	80001bd4	01d6c863	blt	x13,x29,80001be4	 x13:0x00000000 x29:0x00000001
       21275000	      2126	00000000	00000013	addi	x0,x0,0	  x0:0x00000000
       21285000	      2127	80001be0	00000013	addi	x0,x0,0	  x0:0x00000000
       21295000	      2128	80001be4	40ebd3b3	sra	x7,x23,x14	 x23:0x00000000 x14:0x00000000  x7=0x00000000
       21305000	      2129	80001be8	00000013	addi	x0,x0,0	  x0:0x00000000
       21315000	      2130	80001bec	018edab3	srl	x21,x29,x24	 x29:0x00000001 x24:0x0256c000 x21=0x00000001
       21325000	      2131	80001bf0	00df0633	add	x12,x30,x13	 x30:0x000004bc x13:0x00000000 x12=0x000004bc
       21335000	      2132	80001bf4	00d32d33	slt	x26,x6,x13	  x6:0x455c780f x13:0x00000000 x26=0x00000000
       21345000	      2133	80001bf8	6a87cc13	xori	x24,x15,1704	 x15:0x455c7be6 x24=0x455c7d4e
       21355000	      2134	80001bfc	894cc813	xori	x16,x25,-1900	 x25:0x80009a00 x16=0x7fff6294
       21365000	      2135	80001c00	003a7a63	bgeu	x20,x3,80001c14	 x20:0x00000000  x3:0xb5a37fda
       21375000	      2136	80001c04	01708863	beq	x1,x23,80001c14	  x1:0xcba09000 x23:0x00000000
       21385000	      2137	80001c08	0027a1b3	slt	x3,x15,x2	 x15:0x455c7be6  x2:0x00007d7f  x3=0x00000000
       21395000	      2138	80001c0c	0064f4b3	and	x9,x9,x6	  x9:0xbaa38226  x6:0x455c780f  x9=0x00000006
       21405000	      2139	80001c10	00e5b333	sltu	x6,x11,x14	 x11:0xff7546fb x14:0x00000000  x6=0x00000000
       21415000	      2140	80001c14	00a16733	or	x14,x2,x10	  x2:0x00007d7f x10:0xa9fd9000 x14=0xa9fdfd7f
       21425000	      2141	80001c18	00442e03	lw	x28,4(x8)	  x8:0x80009f0c x28=0x800003d4 PA:0x80009f10
       21435000	      2142	80001c1c	002132b3	sltu	x5,x2,x2	  x2:0x00007d7f  x2:0x00007d7f  x5=0x00000000
       21445000	      2143	80001c20	499bcc13	xori	x24,x23,1177	 x23:0x00000000 x24=0x00000499
       21455000	      2144	80001c24	001a1f13	slli	x30,x20,0x1	 x20:0x00000000 x30=0x00000000
       21465000	      2145	80001c28	04040413	addi	x8,x8,64	  x8:0x80009f0c  x8=0x80009f4c
       21475000	      2146	80001c2c	cc235db7	lui	x27,0xcc235	 x27=0xcc235000
       21485000	      2147	80001c30	0136c6b3	xor	x13,x13,x19	 x13:0x00000000 x19:0x80009fc4 x13=0x80009fc4
       21495000	      2148	80001c34	001e0b13	addi	x22,x28,1	 x28:0x800003d4 x22=0x800003d5
       21505000	      2149	80001c38	000b0b67	jalr	x22,x22,0	 x22:0x800003d5 x22=0x80001c38
       21515000	      2150	00000000	00000013	addi	x0,x0,0	  x0:0x00000000
       21525000	      2151	800003d4	00000013	addi	x0,x0,0	  x0:0x00000000
       21535000	      2152	800003d8	002a8533	add	x10,x21,x2	 x21:0x00000001  x2:0x00007d7f x10=0x00007d80
       21545000	      2153	800003dc	7ddfcb13	xori	x22,x31,2013	 x31:0xbaa37ffc x22=0xbaa37821
       21555000	      2154	800003e0	0343e463	bltu	x7,x20,80000408	  x7:0x00000000 x20:0x00000000
       21565000	      2155	800003e4	5fc29917	auipc	x18,0x5fc29	 x18=0xdfc293e0
       21575000	      2156	800003e8	76336093	ori	x1,x6,1891	  x6:0x00000000  x1=0x00000763
       21585000	      2157	800003ec	409b83b3	sub	x7,x23,x9	 x23:0x00000000  x9:0x00000006  x7=0xfffffffa
       21595000	      2158	800003f0	c5003b93	sltiu	x23,x0,-944	  x0:0x00000000 x23=0x00000001
       21605000	      2159	800003f4	40785313	srai	x6,x16,0x7	 x16:0x7fff6294  x6=0x00fffec5
       21615000	      2160	800003f8	cbb06637	lui	x12,0xcbb06	 x12=0xcbb06000
       21625000	      2161	800003fc	01cd5a13	srli	x20,x26,0x1c	 x26:0x00000000 x20=0x00000000
       21635000	      2162	80000400	b779dab7	lui	x21,0xb779d	 x21=0xb779d000
       21645000	      2163	80000404	41c75b93	srai	x23,x14,0x1c	 x14:0xa9fdfd7f x23=0xfffffffa
       21655000	      2164	80000408	0100edb3	or	x27,x1,x16	  x1:0x00000763 x16:0x7fff6294 x27=0x7fff67f7
       21665000	      2165	8000040c	40b50833	sub	x16,x10,x11	 x10:0x00007d80 x11:0xff7546fb x16=0x008b3685
       21675000	      2166	80000410	c327f713	andi	x14,x15,-974	 x15:0x455c7be6 x14=0x455c7822
       21685000	      2167	80000414	007fa333	slt	x6,x31,x7	 x31:0xbaa37ffc  x7:0xfffffffa  x6=0x00000001
       21695000	      2168	80000418	006da233	slt	x4,x27,x6	 x27:0x7fff67f7  x6:0x00000001  x4=0x00000000
       21705000	      2169	8000041c	401a5b33	sra	x22,x20,x1	 x20:0x00000000  x1:0x00000763 x22=0x00000000
       21715000	      2170	80000420	010dc663	blt	x27,x16,8000042c	 x27:0x7fff67f7 x16:0x008b3685
       21725000	      2171	80000424	c24c6713	ori	x14,x24,-988	 x24:0x00000499 x14=0xfffffcbd
       21735000	      2172	80000428	41a05293	srai	x5,x0,0x1a	  x0:0x00000000  x5=0x00000000
       21745000	      2173	8000042c	ac678693	addi	x13,x15,-1338	 x15:0x455c7be6 x13=0x455c76ac
       21755000	      2174	80000430	00000013	addi	x0,x0,0	  x0:0x00000000
       21765000	      2175	80000434	00442e03	lw	x28,4(x8)	  x8:0x80009f4c x28=0x80000180 PA:0x80009f50
       21775000	      2176	80000438	03840413	addi	x8,x8,56	  x8:0x80009f4c  x8=0x80009f84
       21785000	      2177	8000043c	014da033	slt	x0,x27,x20	 x27:0x7fff67f7 x20:0x00000000
       21795000	      2178	80000440	01c32c33	slt	x24,x6,x28	  x6:0x00000001 x28:0x80000180 x24=0x00000000
       21805000	      2179	80000444	001e0f13	addi	x30,x28,1	 x28:0x80000180 x30=0x80000181
       21815000	      2180	80000448	000f0f67	jalr	x30,x30,0	 x30:0x80000181 x30=0x80000448
       21825000	      2181	00000000	00000013	addi	x0,x0,0	  x0:0x00000000
       21835000	      2182	80000180	00000013	addi	x0,x0,0	  x0:0x00000000
       21845000	      2183	80000184	00003617	auipc	x12,0x3	 x12=0x80003180
       21855000	      2184	80000188	b3c60613	addi	x12,x12,-1220	 x12:0x80003180 x12=0x80002cbc
       21865000	      2185	8000018c	00db9213	slli	x4,x23,0xd	 x23:0xfffffffa  x4=0xffff4000
       21875000	      2186	80000190	418582b3	sub	x5,x11,x24	 x11:0xff7546fb x24:0x00000000  x5=0xff7546fb
       21885000	      2187	80000194	00c1fc33	and	x24,x3,x12	  x3:0x00000000 x12:0x80002cbc x24=0x00000000
       21895000	      2188	80000198	05d1be93	sltiu	x29,x3,93	  x3:0x00000000 x29=0x00000001
       21905000	      2189	8000019c	e0b38513	addi	x10,x7,-501	  x7:0xfffffffa x10=0xfffffe05
       21915000	      2190	800001a0	fba60613	addi	x12,x12,-70	 x12:0x80002cbc x12=0x80002c76
       21925000	      2191	800001a4	dfb52a13	slti	x20,x10,-517	 x10:0xfffffe05 x20=0x00000000
       21935000	      2192	800001a8	0062bdb3	sltu	x27,x5,x6	  x5:0xff7546fb  x6:0x00000001 x27=0x00000000
       21945000	      2193	800001ac	04760e67	jalr	x28,x12,71	 x12:0x80002c76 x28=0x800001ac
       21955000	      2194	00000000	00000013	addi	x0,x0,0	  x0:0x00000000
       21965000	      2195	80002cbc	00000013	addi	x0,x0,0	  x0:0x00000000
       21975000	      2196	80002cc0	00b97463	bgeu	x18,x11,80002cc8	 x18:0xdfc293e0 x11:0xff7546fb
       21985000	      2197	80002cc4	41aa8d33	sub	x26,x21,x26	 x21:0xb779d000 x26:0x00000000 x26=0xb779d000
       21995000	      2198	80002cc8	fcc40413	addi	x8,x8,-52	  x8:0x80009f84  x8=0x80009f50
       22005000	      2199	80002ccc	5ad38c13	addi	x24,x7,1453	  x7:0xfffffffa x24=0x000005a7
       22015000	      2200	80002cd0	7294af93	slti	x31,x9,1833	  x9:0x00000006 x31=0x00000001
       22025000	      2201	80002cd4	01c42223	sw	x28,4(x8)	  x8:0x80009f50 x28:0x800001ac PA:0x80009f54
       22035000	      2202	80002cd8	7557b693	sltiu	x13,x15,1877	 x15:0x455c7be6 x13=0x00000000
       22045000	      2203	80002cdc	00ef91b3	sll	x3,x31,x14	 x31:0x00000001 x14:0xfffffcbd  x3=0x20000000
       22055000	      2204	80002ce0	00cbc0b3	xor	x1,x23,x12	 x23:0xfffffffa x12:0x80002c76  x1=0x7fffd38c
       22065000	      2205	80002ce4	ffc00c93	addi	x25,x0,-4	  x0:0x00000000 x25=0xfffffffc
       22075000	      2206	80002ce8	5c16f613	andi	x12,x13,1473	 x13:0x00000000 x12=0x00000000
       22085000	      2207	80002cec	01c017b3	sll	x15,x0,x28	  x0:0x00000000 x28:0x800001ac x15=0x00000000
       22095000	      2208	80002cf0	166a3313	sltiu	x6,x20,358	 x20:0x00000000  x6=0x00000001
       22105000	      2209	80002cf4	69e68d13	addi	x26,x13,1694	 x13:0x00000000 x26=0x0000069e
       22115000	      2210	80002cf8	b5e60f93	addi	x31,x12,-1186	 x12:0x00000000 x31=0xfffffb5e
       22125000	      2211	80002cfc	ff000493	addi	x9,x0,-16	  x0:0x00000000  x9=0xfffffff0
       22135000	      2212	80002d00	5a8dc693	xori	x13,x27,1448	 x27:0x00000000 x13=0x000005a8
       22145000	      2213	80002d04	5de96293	ori	x5,x18,1502	 x18:0xdfc293e0  x5=0xdfc297fe
       22155000	      2214	80002d08	400a5713	srai	x14,x20,0x0	 x20:0x00000000 x14=0x00000000
       22165000	      2215	80002d0c	40b0d593	srai	x11,x1,0xb	  x1:0x7fffd38c x11=0x000ffffa
       22175000	      2216	80002d10	01dff3b3	and	x7,x31,x29	 x31:0xfffffb5e x29:0x00000001  x7=0x00000000
       22185000	      2217	80002d14	0160dd93	srli	x27,x1,0x16	  x1:0x7fffd38c x27=0x000001ff
       22195000	      2218	80002d18	410381b3	sub	x3,x7,x16	  x7:0x00000000 x16:0x008b3685  x3=0xff74c97b
       22205000	      2219	80002d1c	0017f033	and	x0,x15,x1	 x15:0x00000000  x1:0x7fffd38c
       22215000	      2220	80002d20	ffdc8c93	addi	x25,x25,-3	 x25:0xfffffffc x25=0xfffffff9
       22225000	      2221	80002d24	41f4d533	sra	x10,x9,x31	  x9:0xfffffff0 x31:0xfffffb5e x10=0xffffffff
       22235000	      2222	80002d28	20e8b813	sltiu	x16,x17,526	 x17:0x26036b6f x16=0x00000000
       22245000	      2223	80002d2c	00a19d13	slli	x26,x3,0xa	  x3:0xff74c97b x26=0xd325ec00
       22255000	      2224	80002d30	016ded33	or	x26,x27,x22	 x27:0x000001ff x22:0x00000000 x26=0x000001ff
       22265000	      2225	80002d34	01945d13	srli	x26,x8,0x19	  x8:0x80009f50 x26=0x00000040
       22275000	      2226	80002d38	013b7e33	and	x28,x22,x19	 x22:0x00000000 x19:0x80009fc4 x28=0x00000000
       22285000	      2227	80002d3c	01329ab3	sll	x21,x5,x19	  x5:0xdfc297fe x19:0x80009fc4 x21=0xfc297fe0
       22295000	      2228	80002d40	fc9c82e3	beq	x25,x9,80002d04	 x25:0xfffffff9  x9:0xfffffff0
       22305000	      2229	80002d44	01f7a733	slt	x14,x15,x31	 x15:0x00000000 x31:0xfffffb5e x14=0x00000000
       22315000	      2230	80002d48	01a3aa33	slt	x20,x7,x26	  x7:0x00000000 x26:0x00000040 x20=0x00000001
       22325000	      2231	80002d4c	01541eb3	sll	x29,x8,x21	  x8:0x80009f50 x21:0xfc297fe0 x29=0x80009f50
       22335000	      2232	80002d50	40f782b3	sub	x5,x15,x15	 x15:0x00000000 x15:0x00000000  x5=0x00000000
       22345000	      2233	80002d54	f371ea93	ori	x21,x3,-201	  x3:0xff74c97b x21=0xffffff7f
       22355000	      2234	80002d58	0113ffb3	and	x31,x7,x17	  x7:0x00000000 x17:0x26036b6f x31=0x00000000
       22365000	      2235	80002d5c	0f520813	addi	x16,x4,245	  x4:0xffff4000 x16=0xffff40f5
       22375000	      2236	80002d60	01625663	bge	x4,x22,80002d6c	  x4:0xffff4000 x22:0x00000000
       22385000	      2237	80002d64	79fcb717	auipc	x14,0x79fcb	 x14=0xf9fcdd60
       22395000	      2238	80002d68	015226b3	slt	x13,x4,x21	  x4:0xffff4000 x21:0xffffff7f x13=0x00000001
       22405000	      2239	80002d6c	c984f693	andi	x13,x9,-872	  x9:0xfffffff0 x13=0xfffffc90
       22415000	      2240	80002d70	01aa7863	bgeu	x20,x26,80002d80	 x20:0x00000001 x26:0x00000040
       22425000	      2241	80002d74	01f6ac33	slt	x24,x13,x31	 x13:0xfffffc90 x31:0x00000000 x24=0x00000001
       22435000	      2242	80002d78	0124dc33	srl	x24,x9,x18	  x9:0xfffffff0 x18:0xdfc293e0 x24=0xfffffff0
       22445000	      2243	80002d7c	03697e63	bgeu	x18,x22,80002db8	 x18:0xdfc293e0 x22:0x00000000
       22455000	      2244	00000000	00000013	addi	x0,x0,0	  x0:0x00000000
       22465000	      2245	80002db4	00000013	addi	x0,x0,0	  x0:0x00000000
       22475000	      2246	80002db8	01b9c5b3	xor	x11,x19,x27	 x19:0x80009fc4 x27:0x000001ff x11=0x80009e3b
       22485000	      2247	80002dbc	018fd813	srli	x16,x31,0x18	 x31:0x00000000 x16=0x00000000
       22495000	      2248	80002dc0	01226463	bltu	x4,x18,80002dc8	  x4:0xffff4000 x18:0xdfc293e0
       22505000	      2249	80002dc4	018461b3	or	x3,x8,x24	  x8:0x80009f50 x24:0xfffffff0  x3=0xfffffff0
       22515000	      2250	80002dc8	009981b3	add	x3,x19,x9	 x19:0x80009fc4  x9:0xfffffff0  x3=0x80009fb4
       22525000	      2251	80002dcc	02ad8263	beq	x27,x10,80002df0	 x27:0x000001ff x10:0xffffffff
       22535000	      2252	80002dd0	9097f193	andi	x3,x15,-1783	 x15:0x00000000  x3=0x00000000
       22545000	      2253	80002dd4	00575193	srli	x3,x14,0x5	 x14:0xf9fcdd60  x3=0x07cfe6eb
       22555000	      2254	80002dd8	4197d7b3	sra	x15,x15,x25	 x15:0x00000000 x25:0xfffffff9 x15=0x00000000
       22565000	      2255	80002ddc	00116c33	or	x24,x2,x1	  x2:0x00007d7f  x1:0x7fffd38c x24=0x7fffffff
       22575000	      2256	80002de0	0533d263	bge	x7,x19,80002e24	  x7:0x00000000 x19:0x80009fc4
       22585000	      2257	00000000	00000013	addi	x0,x0,0	  x0:0x00000000
       22595000	      2258	80002e20	00000013	addi	x0,x0,0	  x0:0x00000000
       22605000	      2259	80002e24	cf04f693	andi	x13,x9,-784	  x9:0xfffffff0 x13=0xfffffcf0
       22615000	      2260	80002e28	00439a63	bne	x7,x4,80002e3c	  x7:0x00000000  x4:0xffff4000
       22625000	      2261	00000000	00000013	addi	x0,x0,0	  x0:0x00000000
       22635000	      2262	80002e38	00000013	addi	x0,x0,0	  x0:0x00000000
       22645000	      2263	80002e3c	01f36e33	or	x28,x6,x31	  x6:0x00000001 x31:0x00000000 x28=0x00000001
       22655000	      2264	80002e40	01731d93	slli	x27,x6,0x17	  x6:0x00000001 x27=0x00800000
       22665000	      2265	80002e44	0150f733	and	x14,x1,x21	  x1:0x7fffd38c x21:0xffffff7f x14=0x7fffd30c
       22675000	      2266	80002e48	01b04db3	xor	x27,x0,x27	  x0:0x00000000 x27:0x00800000 x27=0x00800000
       22685000	      2267	80002e4c	e7c7fb93	andi	x23,x15,-388	 x15:0x00000000 x23=0x00000000
       22695000	      2268	80002e50	9493ac93	slti	x25,x7,-1719	  x7:0x00000000 x25=0x00000000
       22705000	      2269	80002e54	f4da7013	andi	x0,x20,-179	 x20:0x00000001
       22715000	      2270	80002e58	00442e03	lw	x28,4(x8)	  x8:0x80009f50 x28=0x800001ac PA:0x80009f54
       22725000	      2271	80002e5c	01a4ceb3	xor	x29,x9,x26	  x9:0xfffffff0 x26:0x00000040 x29=0xffffffb0
       22735000	      2272	80002e60	1dbee017	auipc	x0,0x1dbee	
       22745000	      2273	80002e64	03440413	addi	x8,x8,52	  x8:0x80009f50  x8=0x80009f84
       22755000	      2274	80002e68	8c792813	slti	x16,x18,-1849	 x18:0xdfc293e0 x16=0x00000001
       22765000	      2275	80002e6c	000e0e13	addi	x28,x28,0	 x28:0x800001ac x28=0x800001ac
       22775000	      2276	80002e70	000e0e67	jalr	x28,x28,0	 x28:0x800001ac x28=0x80002e70
       22785000	      2277	00000000	00000013	addi	x0,x0,0	  x0:0x00000000
       22795000	      2278	800001ac	00000013	addi	x0,x0,0	  x0:0x00000000
       22805000	      2279	800001b0	00003297	auipc	x5,0x3	  x5=0x800031ac
       22815000	      2280	800001b4	b1028293	addi	x5,x5,-1264	  x5:0x800031ac  x5=0x80002cbc
       22825000	      2281	800001b8	23475a37	lui	x20,0x23475	 x20=0x23475000
       22835000	      2282	800001bc	c0628293	addi	x5,x5,-1018	  x5:0x80002cbc  x5=0x800028c2
       22845000	      2283	800001c0	00469d13	slli	x26,x13,0x4	 x13:0xfffffcf0 x26=0xffffcf00
       22855000	      2284	800001c4	1e3ce4b7	lui	x9,0x1e3ce	  x9=0x1e3ce000
       22865000	      2285	800001c8	017d9333	sll	x6,x27,x23	 x27:0x00800000 x23:0x00000000  x6=0x00800000
       22875000	      2286	800001cc	0000bbb3	sltu	x23,x1,x0	  x1:0x7fffd38c  x0:0x00000000 x23=0x00000000
       22885000	      2287	800001d0	f8ae4a93	xori	x21,x28,-118	 x28:0x80002e70 x21=0x7fffd1fa
       22895000	      2288	800001d4	3fb28e67	jalr	x28,x5,1019	  x5:0x800028c2 x28=0x800001d4
       22905000	      2289	00000000	00000013	addi	x0,x0,0	  x0:0x00000000
       22915000	      2290	80002cbc	00000013	addi	x0,x0,0	  x0:0x00000000
       22925000	      2291	80002cc0	00b97463	bgeu	x18,x11,80002cc8	 x18:0xdfc293e0 x11:0x80009e3b
       22935000	      2292	00000000	00000013	addi	x0,x0,0	  x0:0x00000000
       22945000	      2293	80002cc4	00000013	addi	x0,x0,0	  x0:0x00000000
       22955000	      2294	80002cc8	fcc40413	addi	x8,x8,-52	  x8:0x80009f84  x8=0x80009f50
       22965000	      2295	80002ccc	5ad38c13	addi	x24,x7,1453	  x7:0x00000000 x24=0x000005ad
       22975000	      2296	80002cd0	7294af93	slti	x31,x9,1833	  x9:0x1e3ce000 x31=0x00000000
       22985000	      2297	80002cd4	01c42223	sw	x28,4(x8)	  x8:0x80009f50 x28:0x800001d4 PA:0x80009f54
       22995000	      2298	80002cd8	7557b693	sltiu	x13,x15,1877	 x15:0x00000000 x13=0x00000001
       23005000	      2299	80002cdc	00ef91b3	sll	x3,x31,x14	 x31:0x00000000 x14:0x7fffd30c  x3=0x00000000
       23015000	      2300	80002ce0	00cbc0b3	xor	x1,x23,x12	 x23:0x00000000 x12:0x00000000  x1=0x00000000
       23025000	      2301	80002ce4	ffc00c93	addi	x25,x0,-4	  x0:0x00000000 x25=0xfffffffc
       23035000	      2302	80002ce8	5c16f613	andi	x12,x13,1473	 x13:0x00000001 x12=0x00000001
       23045000	      2303	80002cec	01c017b3	sll	x15,x0,x28	  x0:0x00000000 x28:0x800001d4 x15=0x00000000
       23055000	      2304	80002cf0	166a3313	sltiu	x6,x20,358	 x20:0x23475000  x6=0x00000000
       23065000	      2305	80002cf4	69e68d13	addi	x26,x13,1694	 x13:0x00000001 x26=0x0000069f
       23075000	      2306	80002cf8	b5e60f93	addi	x31,x12,-1186	 x12:0x00000001 x31=0xfffffb5f
       23085000	      2307	80002cfc	ff000493	addi	x9,x0,-16	  x0:0x00000000  x9=0xfffffff0
       23095000	      2308	80002d00	5a8dc693	xori	x13,x27,1448	 x27:0x00800000 x13=0x008005a8
       23105000	      2309	80002d04	5de96293	ori	x5,x18,1502	 x18:0xdfc293e0  x5=0xdfc297fe
       23115000	      2310	80002d08	400a5713	srai	x14,x20,0x0	 x20:0x23475000 x14=0x23475000
       23125000	      2311	80002d0c	40b0d593	srai	x11,x1,0xb	  x1:0x00000000 x11=0x00000000
       23135000	      2312	80002d10	01dff3b3	and	x7,x31,x29	 x31:0xfffffb5f x29:0xffffffb0  x7=0xfffffb10
       23145000	      2313	80002d14	0160dd93	srli	x27,x1,0x16	  x1:0x00000000 x27=0x00000000
       23155000	      2314	80002d18	410381b3	sub	x3,x7,x16	  x7:0xfffffb10 x16:0x00000001  x3=0xfffffb0f
       23165000	      2315	80002d1c	0017f033	and	x0,x15,x1	 x15:0x00000000  x1:0x00000000
       23175000	      2316	80002d20	ffdc8c93	addi	x25,x25,-3	 x25:0xfffffffc x25=0xfffffff9
       23185000	      2317	80002d24	41f4d533	sra	x10,x9,x31	  x9:0xfffffff0 x31:0xfffffb5f x10=0xffffffff
       23195000	      2318	80002d28	20e8b813	sltiu	x16,x17,526	 x17:0x26036b6f x16=0x00000000
       23205000	      2319	80002d2c	00a19d13	slli	x26,x3,0xa	  x3:0xfffffb0f x26=0xffec3c00
       23215000	      2320	80002d30	016ded33	or	x26,x27,x22	 x27:0x00000000 x22:0x00000000 x26=0x00000000
       23225000	      2321	80002d34	01945d13	srli	x26,x8,0x19	  x8:0x80009f50 x26=0x00000040
       23235000	      2322	80002d38	013b7e33	and	x28,x22,x19	 x22:0x00000000 x19:0x80009fc4 x28=0x00000000
       23245000	      2323	80002d3c	01329ab3	sll	x21,x5,x19	  x5:0xdfc297fe x19:0x80009fc4 x21=0xfc297fe0
       23255000	      2324	80002d40	fc9c82e3	beq	x25,x9,80002d04	 x25:0xfffffff9  x9:0xfffffff0
       23265000	      2325	80002d44	01f7a733	slt	x14,x15,x31	 x15:0x00000000 x31:0xfffffb5f x14=0x00000000
       23275000	      2326	80002d48	01a3aa33	slt	x20,x7,x26	  x7:0xfffffb10 x26:0x00000040 x20=0x00000001
       23285000	      2327	80002d4c	01541eb3	sll	x29,x8,x21	  x8:0x80009f50 x21:0xfc297fe0 x29=0x80009f50
       23295000	      2328	80002d50	40f782b3	sub	x5,x15,x15	 x15:0x00000000 x15:0x00000000  x5=0x00000000
       23305000	      2329	80002d54	f371ea93	ori	x21,x3,-201	  x3:0xfffffb0f x21=0xffffff3f
       23315000	      2330	80002d58	0113ffb3	and	x31,x7,x17	  x7:0xfffffb10 x17:0x26036b6f x31=0x26036b00
       23325000	      2331	80002d5c	0f520813	addi	x16,x4,245	  x4:0xffff4000 x16=0xffff40f5
       23335000	      2332	80002d60	01625663	bge	x4,x22,80002d6c	  x4:0xffff4000 x22:0x00000000
       23345000	      2333	80002d64	79fcb717	auipc	x14,0x79fcb	 x14=0xf9fcdd60
       23355000	      2334	80002d68	015226b3	slt	x13,x4,x21	  x4:0xffff4000 x21:0xffffff3f x13=0x00000001
       23365000	      2335	80002d6c	c984f693	andi	x13,x9,-872	  x9:0xfffffff0 x13=0xfffffc90
       23375000	      2336	80002d70	01aa7863	bgeu	x20,x26,80002d80	 x20:0x00000001 x26:0x00000040
       23385000	      2337	80002d74	01f6ac33	slt	x24,x13,x31	 x13:0xfffffc90 x31:0x26036b00 x24=0x00000001
       23395000	      2338	80002d78	0124dc33	srl	x24,x9,x18	  x9:0xfffffff0 x18:0xdfc293e0 x24=0xfffffff0
       23405000	      2339	80002d7c	03697e63	bgeu	x18,x22,80002db8	 x18:0xdfc293e0 x22:0x00000000
       23415000	      2340	00000000	00000013	addi	x0,x0,0	  x0:0x00000000
       23425000	      2341	80002db4	00000013	addi	x0,x0,0	  x0:0x00000000
       23435000	      2342	80002db8	01b9c5b3	xor	x11,x19,x27	 x19:0x80009fc4 x27:0x00000000 x11=0x80009fc4
       23445000	      2343	80002dbc	018fd813	srli	x16,x31,0x18	 x31:0x26036b00 x16=0x00000026
       23455000	      2344	80002dc0	01226463	bltu	x4,x18,80002dc8	  x4:0xffff4000 x18:0xdfc293e0
       23465000	      2345	80002dc4	018461b3	or	x3,x8,x24	  x8:0x80009f50 x24:0xfffffff0  x3=0xfffffff0
       23475000	      2346	80002dc8	009981b3	add	x3,x19,x9	 x19:0x80009fc4  x9:0xfffffff0  x3=0x80009fb4
       23485000	      2347	80002dcc	02ad8263	beq	x27,x10,80002df0	 x27:0x00000000 x10:0xffffffff
       23495000	      2348	80002dd0	9097f193	andi	x3,x15,-1783	 x15:0x00000000  x3=0x00000000
       23505000	      2349	80002dd4	00575193	srli	x3,x14,0x5	 x14:0xf9fcdd60  x3=0x07cfe6eb
       23515000	      2350	80002dd8	4197d7b3	sra	x15,x15,x25	 x15:0x00000000 x25:0xfffffff9 x15=0x00000000
       23525000	      2351	80002ddc	00116c33	or	x24,x2,x1	  x2:0x00007d7f  x1:0x00000000 x24=0x00007d7f
       23535000	      2352	80002de0	0533d263	bge	x7,x19,80002e24	  x7:0xfffffb10 x19:0x80009fc4
       23545000	      2353	00000000	00000013	addi	x0,x0,0	  x0:0x00000000
       23555000	      2354	80002e20	00000013	addi	x0,x0,0	  x0:0x00000000
       23565000	      2355	80002e24	cf04f693	andi	x13,x9,-784	  x9:0xfffffff0 x13=0xfffffcf0
       23575000	      2356	80002e28	00439a63	bne	x7,x4,80002e3c	  x7:0xfffffb10  x4:0xffff4000
       23585000	      2357	00000000	00000013	addi	x0,x0,0	  x0:0x00000000
       23595000	      2358	80002e38	00000013	addi	x0,x0,0	  x0:0x00000000
       23605000	      2359	80002e3c	01f36e33	or	x28,x6,x31	  x6:0x00000000 x31:0x26036b00 x28=0x26036b00
       23615000	      2360	80002e40	01731d93	slli	x27,x6,0x17	  x6:0x00000000 x27=0x00000000
       23625000	      2361	80002e44	0150f733	and	x14,x1,x21	  x1:0x00000000 x21:0xffffff3f x14=0x00000000
       23635000	      2362	80002e48	01b04db3	xor	x27,x0,x27	  x0:0x00000000 x27:0x00000000 x27=0x00000000
       23645000	      2363	80002e4c	e7c7fb93	andi	x23,x15,-388	 x15:0x00000000 x23=0x00000000
       23655000	      2364	80002e50	9493ac93	slti	x25,x7,-1719	  x7:0xfffffb10 x25=0x00000000
       23665000	      2365	80002e54	f4da7013	andi	x0,x20,-179	 x20:0x00000001
       23675000	      2366	80002e58	00442e03	lw	x28,4(x8)	  x8:0x80009f50 x28=0x800001d4 PA:0x80009f54
       23685000	      2367	80002e5c	01a4ceb3	xor	x29,x9,x26	  x9:0xfffffff0 x26:0x00000040 x29=0xffffffb0
       23695000	      2368	80002e60	1dbee017	auipc	x0,0x1dbee	
       23705000	      2369	80002e64	03440413	addi	x8,x8,52	  x8:0x80009f50  x8=0x80009f84
       23715000	      2370	80002e68	8c792813	slti	x16,x18,-1849	 x18:0xdfc293e0 x16=0x00000001
       23725000	      2371	80002e6c	000e0e13	addi	x28,x28,0	 x28:0x800001d4 x28=0x800001d4
       23735000	      2372	80002e70	000e0e67	jalr	x28,x28,0	 x28:0x800001d4 x28=0x80002e70
       23745000	      2373	00000000	00000013	addi	x0,x0,0	  x0:0x00000000
       23755000	      2374	800001d4	00000013	addi	x0,x0,0	  x0:0x00000000
       23765000	      2375	800001d8	00000393	addi	x7,x0,0	  x0:0x00000000  x7=0x00000000
       23775000	      2376	800001dc	c9770013	addi	x0,x14,-873	 x14:0x00000000
       23785000	      2377	800001e0	01c6b5b3	sltu	x11,x13,x28	 x13:0xfffffcf0 x28:0x80002e70 x11=0x00000000
       23795000	      2378	800001e4	01b80ab3	add	x21,x16,x27	 x16:0x00000001 x27:0x00000000 x21=0x00000001
       23805000	      2379	800001e8	00d004b3	add	x9,x0,x13	  x0:0x00000000 x13:0xfffffcf0  x9=0xfffffcf0
       23815000	      2380	800001ec	01ccf533	and	x10,x25,x28	 x25:0x00000000 x28:0x80002e70 x10=0x00000000
       23825000	      2381	800001f0	0090de33	srl	x28,x1,x9	  x1:0x00000000  x9:0xfffffcf0 x28=0x00000000
       23835000	      2382	800001f4	a09a5e97	auipc	x29,0xa09a5	 x29=0x209a51f0
       23845000	      2383	800001f8	00e00293	addi	x5,x0,14	  x0:0x00000000  x5=0x0000000e
       23855000	      2384	800001fc	c5903793	sltiu	x15,x0,-935	  x0:0x00000000 x15=0x00000001
       23865000	      2385	80000200	01860933	add	x18,x12,x24	 x12:0x00000001 x24:0x00007d7f x18=0x00007d80
       23875000	      2386	80000204	d0ba2513	slti	x10,x20,-757	 x20:0x00000001 x10=0x00000000
       23885000	      2387	80000208	00c2fd33	and	x26,x5,x12	  x5:0x0000000e x12:0x00000001 x26=0x00000000
       23895000	      2388	8000020c	00738393	addi	x7,x7,7	  x7:0x00000000  x7=0x00000007
       23905000	      2389	80000210	00700813	addi	x16,x0,7	  x0:0x00000000 x16=0x00000007
       23915000	      2390	80000214	01562a33	slt	x20,x12,x21	 x12:0x00000001 x21:0x00000001 x20=0x00000000
       23925000	      2391	80000218	4ec6af93	slti	x31,x13,1260	 x13:0xfffffcf0 x31=0x00000001
       23935000	      2392	8000021c	f1fffa93	andi	x21,x31,-225	 x31:0x00000001 x21=0x00000001
       23945000	      2393	80000220	40fad693	srai	x13,x21,0xf	 x21:0x00000001 x13=0x00000000
       23955000	      2394	80000224	01f430b3	sltu	x1,x8,x31	  x8:0x80009f84 x31:0x00000001  x1=0x00000000
       23965000	      2395	80000228	00d00c93	addi	x25,x0,13	  x0:0x00000000 x25=0x0000000d
       23975000	      2396	8000022c	bb377493	andi	x9,x14,-1101	 x14:0x00000000  x9=0x00000000
       23985000	      2397	80000230	00e05113	srli	x2,x0,0xe	  x0:0x00000000  x2=0x00000000
       23995000	      2398	80000234	00280813	addi	x16,x16,2	 x16:0x00000007 x16=0x00000009
       24005000	      2399	80000238	ff986ae3	bltu	x16,x25,8000022c	 x16:0x00000009 x25:0x0000000d
       24015000	      2400	00000000	00000013	addi	x0,x0,0	  x0:0x00000000
       24025000	      2401	80000228	00000013	addi	x0,x0,0	  x0:0x00000000
       24035000	      2402	8000022c	bb377493	andi	x9,x14,-1101	 x14:0x00000000  x9=0x00000000
       24045000	      2403	80000230	00e05113	srli	x2,x0,0xe	  x0:0x00000000  x2=0x00000000
       24055000	      2404	80000234	00280813	addi	x16,x16,2	 x16:0x00000009 x16=0x0000000b
       24065000	      2405	80000238	ff986ae3	bltu	x16,x25,8000022c	 x16:0x0000000b x25:0x0000000d
       24075000	      2406	00000000	00000013	addi	x0,x0,0	  x0:0x00000000
       24085000	      2407	80000228	00000013	addi	x0,x0,0	  x0:0x00000000
       24095000	      2408	8000022c	bb377493	andi	x9,x14,-1101	 x14:0x00000000  x9=0x00000000
       24105000	      2409	80000230	00e05113	srli	x2,x0,0xe	  x0:0x00000000  x2=0x00000000
       24115000	      2410	80000234	00280813	addi	x16,x16,2	 x16:0x0000000b x16=0x0000000d
       24125000	      2411	80000238	ff986ae3	bltu	x16,x25,8000022c	 x16:0x0000000d x25:0x0000000d
       24135000	      2412	8000023c	f4687793	andi	x15,x16,-186	 x16:0x0000000d x15=0x00000004
       24145000	      2413	80000240	fc53e2e3	bltu	x7,x5,80000204	  x7:0x00000007  x5:0x0000000e
       24155000	      2414	00000000	00000013	addi	x0,x0,0	  x0:0x00000000
       24165000	      2415	80000200	00000013	addi	x0,x0,0	  x0:0x00000000
       24175000	      2416	80000204	d0ba2513	slti	x10,x20,-757	 x20:0x00000000 x10=0x00000000
       24185000	      2417	80000208	00c2fd33	and	x26,x5,x12	  x5:0x0000000e x12:0x00000001 x26=0x00000000
       24195000	      2418	8000020c	00738393	addi	x7,x7,7	  x7:0x00000007  x7=0x0000000e
       24205000	      2419	80000210	00700813	addi	x16,x0,7	  x0:0x00000000 x16=0x00000007
       24215000	      2420	80000214	01562a33	slt	x20,x12,x21	 x12:0x00000001 x21:0x00000001 x20=0x00000000
       24225000	      2421	80000218	4ec6af93	slti	x31,x13,1260	 x13:0x00000000 x31=0x00000001
       24235000	      2422	8000021c	f1fffa93	andi	x21,x31,-225	 x31:0x00000001 x21=0x00000001
       24245000	      2423	80000220	40fad693	srai	x13,x21,0xf	 x21:0x00000001 x13=0x00000000
       24255000	      2424	80000224	01f430b3	sltu	x1,x8,x31	  x8:0x80009f84 x31:0x00000001  x1=0x00000000
       24265000	      2425	80000228	00d00c93	addi	x25,x0,13	  x0:0x00000000 x25=0x0000000d
       24275000	      2426	8000022c	bb377493	andi	x9,x14,-1101	 x14:0x00000000  x9=0x00000000
       24285000	      2427	80000230	00e05113	srli	x2,x0,0xe	  x0:0x00000000  x2=0x00000000
       24295000	      2428	80000234	00280813	addi	x16,x16,2	 x16:0x00000007 x16=0x00000009
       24305000	      2429	80000238	ff986ae3	bltu	x16,x25,8000022c	 x16:0x00000009 x25:0x0000000d
       24315000	      2430	00000000	00000013	addi	x0,x0,0	  x0:0x00000000
       24325000	      2431	80000228	00000013	addi	x0,x0,0	  x0:0x00000000
       24335000	      2432	8000022c	bb377493	andi	x9,x14,-1101	 x14:0x00000000  x9=0x00000000
       24345000	      2433	80000230	00e05113	srli	x2,x0,0xe	  x0:0x00000000  x2=0x00000000
       24355000	      2434	80000234	00280813	addi	x16,x16,2	 x16:0x00000009 x16=0x0000000b
       24365000	      2435	80000238	ff986ae3	bltu	x16,x25,8000022c	 x16:0x0000000b x25:0x0000000d
       24375000	      2436	00000000	00000013	addi	x0,x0,0	  x0:0x00000000
       24385000	      2437	80000228	00000013	addi	x0,x0,0	  x0:0x00000000
       24395000	      2438	8000022c	bb377493	andi	x9,x14,-1101	 x14:0x00000000  x9=0x00000000
       24405000	      2439	80000230	00e05113	srli	x2,x0,0xe	  x0:0x00000000  x2=0x00000000
       24415000	      2440	80000234	00280813	addi	x16,x16,2	 x16:0x0000000b x16=0x0000000d
       24425000	      2441	80000238	ff986ae3	bltu	x16,x25,8000022c	 x16:0x0000000d x25:0x0000000d
       24435000	      2442	8000023c	f4687793	andi	x15,x16,-186	 x16:0x0000000d x15=0x00000004
       24445000	      2443	80000240	fc53e2e3	bltu	x7,x5,80000204	  x7:0x0000000e  x5:0x0000000e
       24455000	      2444	80000244	01fc2bb3	slt	x23,x24,x31	 x24:0x00007d7f x31:0x00000001 x23=0x00000000
       24465000	      2445	80000248	03514463	blt	x2,x21,80000270	  x2:0x00000000 x21:0x00000001
       24475000	      2446	00000000	00000013	addi	x0,x0,0	  x0:0x00000000
       24485000	      2447	8000026c	00000013	addi	x0,x0,0	  x0:0x00000000
       24495000	      2448	80000270	402a5293	srai	x5,x20,0x2	 x20:0x00000000  x5=0x00000000
       24505000	      2449	80000274	ec7e7493	andi	x9,x28,-313	 x28:0x00000000  x9=0x00000000
       24515000	      2450	80000278	054a0063	beq	x20,x20,800002b8	 x20:0x00000000 x20:0x00000000
       24525000	      2451	00000000	00000013	addi	x0,x0,0	  x0:0x00000000
       24535000	      2452	800002b4	00000013	addi	x0,x0,0	  x0:0x00000000
       24545000	      2453	800002b8	774ba393	slti	x7,x23,1908	 x23:0x00000000  x7=0x00000001
       24555000	      2454	800002bc	024ee063	bltu	x29,x4,800002dc	 x29:0x209a51f0  x4:0xffff4000
       24565000	      2455	00000000	00000013	addi	x0,x0,0	  x0:0x00000000
       24575000	      2456	800002d8	00000013	addi	x0,x0,0	  x0:0x00000000
       24585000	      2457	800002dc	87917d13	andi	x26,x2,-1927	  x2:0x00000000 x26=0x00000000
       24595000	      2458	800002e0	00000013	addi	x0,x0,0	  x0:0x00000000
       24605000	      2459	800002e4	002f1c33	sll	x24,x30,x2	 x30:0x80000448  x2:0x00000000 x24=0x80000448
       24615000	      2460	800002e8	01e5deb3	srl	x29,x11,x30	 x11:0x00000000 x30:0x80000448 x29=0x00000000
       24625000	      2461	800002ec	7cdc0913	addi	x18,x24,1997	 x24:0x80000448 x18=0x80000c15
       24635000	      2462	800002f0	0293d263	bge	x7,x9,80000314	  x7:0x00000001  x9:0x00000000
       24645000	      2463	00000000	00000013	addi	x0,x0,0	  x0:0x00000000
       24655000	      2464	80000310	00000013	addi	x0,x0,0	  x0:0x00000000
       24665000	      2465	80000314	c4914c93	xori	x25,x2,-951	  x2:0x00000000 x25=0xfffffc49
       24675000	      2466	80000318	9e6acf13	xori	x30,x21,-1562	 x21:0x00000001 x30=0xfffff9e7
       24685000	      2467	8000031c	0182fc63	bgeu	x5,x24,80000334	  x5:0x00000000 x24:0x80000448
       24695000	      2468	80000320	415a0b33	sub	x22,x20,x21	 x20:0x00000000 x21:0x00000001 x22=0xffffffff
       24705000	      2469	80000324	40510033	sub	x0,x2,x5	  x2:0x00000000  x5:0x00000000
       24715000	      2470	80000328	02e3fe63	bgeu	x7,x14,80000364	  x7:0x00000001 x14:0x00000000
       24725000	      2471	00000000	00000013	addi	x0,x0,0	  x0:0x00000000
       24735000	      2472	80000360	00000013	addi	x0,x0,0	  x0:0x00000000
       24745000	      2473	80000364	00000013	addi	x0,x0,0	  x0:0x00000000
       24755000	      2474	80000368	00000897	auipc	x17,0x0	 x17=0x80000364
       24765000	      2475	8000036c	00c88893	addi	x17,x17,12	 x17:0x80000364 x17=0x80000370
       24775000	      2476	80000370	00088067	jalr	x0,x17,0	 x17:0x80000370
       24785000	      2477	00000000	00000013	addi	x0,x0,0	  x0:0x00000000
       24795000	      2478	80000370	00000013	addi	x0,x0,0	  x0:0x00000000
       24805000	      2479	80000374	00100193	addi	x3,x0,1	  x0:0x00000000  x3=0x00000001
       24815000	      2480	80000378	00000073	ecall	
       24825000	      2481	8000037c	0d1df1b7	lui	x3,0xd1df	  x3=0x0d1df000
