		Time			Cycle	PC		Insn	Decoded instruction	Register and memory contents
          65000	         5	80000004	00000293	addi	x5,x0,0	  x0:0x00000000  x5=0x00000000
          75000	         6	80000008	00000313	addi	x6,x0,0	  x0:0x00000000  x6=0x00000000
          85000	         7	8000000c	00628263	beq	x5,x6,80000010	  x5:0x00000000  x6:0x00000000
          95000	         8	00000000	00000013	addi	x0,x0,0	  x0:0x00000000
         105000	         9	8000000c	00000013	addi	x0,x0,0	  x0:0x00000000
         115000	        10	80000010	00000597	auipc	x11,0x0	 x11=0x8000000c
         125000	        11	80000014	00c58593	addi	x11,x11,12	 x11:0x8000000c x11=0x80000018
         135000	        12	80000018	00058067	jalr	x0,x11,0	 x11:0x80000018
         145000	        13	00000000	00000013	addi	x0,x0,0	  x0:0x00000000
         155000	        14	80000018	00000013	addi	x0,x0,0	  x0:0x00000000
         165000	        15	8000001c	40000f37	lui	x30,0x40000	 x30=0x40000000
         175000	        16	80000020	100f0f13	addi	x30,x30,256	 x30:0x40000000 x30=0x40000100
         185000	        17	80000024	00000013	addi	x0,x0,0	  x0:0x00000000
         195000	        18	80000028	0000ac97	auipc	x25,0xa	 x25=0x8000a024
         205000	        19	8000002c	fa0c8c93	addi	x25,x25,-96	 x25:0x8000a024 x25=0x80009fc4
         215000	        20	80000030	00004f17	auipc	x30,0x4	 x30=0x8000402c
         225000	        21	80000034	824f0f13	addi	x30,x30,-2012	 x30:0x8000402c x30=0x80003850
         235000	        22	80000038	001f6f13	ori	x30,x30,1	 x30:0x80003850 x30=0x80003851
         245000	        23	8000003c	00000013	addi	x0,x0,0	  x0:0x00000000
         255000	        24	80000040	00000f17	auipc	x30,0x0	 x30=0x8000003c
         265000	        25	80000044	020f0f13	addi	x30,x30,32	 x30:0x8000003c x30=0x8000005c
         275000	        26	80000048	00000013	addi	x0,x0,0	  x0:0x00000000
         285000	        27	8000004c	00000013	addi	x0,x0,0	  x0:0x00000000
         295000	        28	80000050	00002f37	lui	x30,0x2	 x30=0x00002000
         305000	        29	80000054	800f0f13	addi	x30,x30,-2048	 x30:0x00002000 x30=0x00001800
         315000	        30	80000058	00000013	addi	x0,x0,0	  x0:0x00000000
         325000	        31	8000005c	00000013	addi	x0,x0,0	  x0:0x00000000
         335000	        32	80000060	00000013	addi	x0,x0,0	  x0:0x00000000
         345000	        33	80000064	800000b7	lui	x1,0x80000	  x1=0x80000000
         355000	        34	80000068	80000137	lui	x2,0x80000	  x2=0x80000000
         365000	        35	8000006c	00000193	addi	x3,x0,0	  x0:0x00000000  x3=0x00000000
         375000	        36	80000070	479b5237	lui	x4,0x479b5	  x4=0x479b5000
         385000	        37	80000074	1d720213	addi	x4,x4,471	  x4:0x479b5000  x4=0x479b51d7
         395000	        38	80000078	1867e2b7	lui	x5,0x1867e	  x5=0x1867e000
         405000	        39	8000007c	94628293	addi	x5,x5,-1722	  x5:0x1867e000  x5=0x1867d946
         415000	        40	80000080	00500313	addi	x6,x0,5	  x0:0x00000000  x6=0x00000005
         425000	        41	80000084	00000393	addi	x7,x0,0	  x0:0x00000000  x7=0x00000000
         435000	        42	80000088	00000413	addi	x8,x0,0	  x0:0x00000000  x8=0x00000000
         445000	        43	8000008c	00800493	addi	x9,x0,8	  x0:0x00000000  x9=0x00000008
         455000	        44	80000090	00000513	addi	x10,x0,0	  x0:0x00000000 x10=0x00000000
         465000	        45	80000094	00000593	addi	x11,x0,0	  x0:0x00000000 x11=0x00000000
         475000	        46	80000098	00000613	addi	x12,x0,0	  x0:0x00000000 x12=0x00000000
         485000	        47	8000009c	15fca6b7	lui	x13,0x15fca	 x13=0x15fca000
         495000	        48	800000a0	80768693	addi	x13,x13,-2041	 x13:0x15fca000 x13=0x15fc9807
         505000	        49	800000a4	00000713	addi	x14,x0,0	  x0:0x00000000 x14=0x00000000
         515000	        50	800000a8	80000837	lui	x16,0x80000	 x16=0x80000000
         525000	        51	800000ac	800008b7	lui	x17,0x80000	 x17=0x80000000
         535000	        52	800000b0	f4e8a937	lui	x18,0xf4e8a	 x18=0xf4e8a000
         545000	        53	800000b4	70d90913	addi	x18,x18,1805	 x18:0xf4e8a000 x18=0xf4e8a70d
         555000	        54	800000b8	00400993	addi	x19,x0,4	  x0:0x00000000 x19=0x00000004
         565000	        55	800000bc	f5efea37	lui	x20,0xf5efe	 x20=0xf5efe000
         575000	        56	800000c0	b8da0a13	addi	x20,x20,-1139	 x20:0xf5efe000 x20=0xf5efdb8d
         585000	        57	800000c4	7393cab7	lui	x21,0x7393c	 x21=0x7393c000
         595000	        58	800000c8	034a8a93	addi	x21,x21,52	 x21:0x7393c000 x21=0x7393c034
         605000	        59	800000cc	00000b13	addi	x22,x0,0	  x0:0x00000000 x22=0x00000000
         615000	        60	800000d0	80000bb7	lui	x23,0x80000	 x23=0x80000000
         625000	        61	800000d4	f5476c37	lui	x24,0xf5476	 x24=0xf5476000
         635000	        62	800000d8	d8ac0c13	addi	x24,x24,-630	 x24:0xf5476000 x24=0xf5475d8a
         645000	        63	800000dc	b68a0d37	lui	x26,0xb68a0	 x26=0xb68a0000
         655000	        64	800000e0	e81d0d13	addi	x26,x26,-383	 x26:0xb68a0000 x26=0xb689fe81
         665000	        65	800000e4	f38a9db7	lui	x27,0xf38a9	 x27=0xf38a9000
         675000	        66	800000e8	163d8d93	addi	x27,x27,355	 x27:0xf38a9000 x27=0xf38a9163
         685000	        67	800000ec	80000e37	lui	x28,0x80000	 x28=0x80000000
         695000	        68	800000f0	8c5dbeb7	lui	x29,0x8c5db	 x29=0x8c5db000
         705000	        69	800000f4	8a1e8e93	addi	x29,x29,-1887	 x29:0x8c5db000 x29=0x8c5da8a1
         715000	        70	800000f8	80000f37	lui	x30,0x80000	 x30=0x80000000
         725000	        71	800000fc	00000f93	addi	x31,x0,0	  x0:0x00000000 x31=0x00000000
         735000	        72	80000100	0000a797	auipc	x15,0xa	 x15=0x8000a0fc
         745000	        73	80000104	e8878793	addi	x15,x15,-376	 x15:0x8000a0fc x15=0x80009f84
         755000	        74	80000108	00800893	addi	x17,x0,8	  x0:0x00000000 x17=0x00000008
         765000	        75	8000010c	8974c113	xori	x2,x9,-1897	  x9:0x00000008  x2=0xfffff89f
         775000	        76	80000110	41038233	sub	x4,x7,x16	  x7:0x00000000 x16:0x80000000  x4=0x80000000
         785000	        77	80000114	b766a413	slti	x8,x13,-1162	 x13:0x15fc9807  x8=0x00000000
         795000	        78	80000118	01400e13	addi	x28,x0,20	  x0:0x00000000 x28=0x00000014
         805000	        79	8000011c	01ad8733	add	x14,x27,x26	 x27:0xf38a9163 x26:0xb689fe81 x14=0xaa148fe4
         815000	        80	80000120	dff8ea93	ori	x21,x17,-513	 x17:0x00000008 x21=0xfffffdff
         825000	        81	80000124	3d84ec13	ori	x24,x9,984	  x9:0x00000008 x24=0x000003d8
         835000	        82	80000128	00688893	addi	x17,x17,6	 x17:0x00000008 x17=0x0000000e
         845000	        83	8000012c	eb4e4a13	xori	x20,x28,-332	 x28:0x00000014 x20=0xfffffea0
         855000	        84	80000130	00700f93	addi	x31,x0,7	  x0:0x00000000 x31=0x00000007
         865000	        85	80000134	9343eb13	ori	x22,x7,-1740	  x7:0x00000000 x22=0xfffff934
         875000	        86	80000138	00200993	addi	x19,x0,2	  x0:0x00000000 x19=0x00000002
         885000	        87	8000013c	400884b3	sub	x9,x17,x0	 x17:0x0000000e  x0:0x00000000  x9=0x0000000e
         895000	        88	80000140	ffbf8f93	addi	x31,x31,-5	 x31:0x00000007 x31=0x00000002
         905000	        89	80000144	00f393b3	sll	x7,x7,x15	  x7:0x00000000 x15:0x80009f84  x7=0x00000000
         915000	        90	80000148	ff3f8ae3	beq	x31,x19,8000013c	 x31:0x00000002 x19:0x00000002
         925000	        91	00000000	00000013	addi	x0,x0,0	  x0:0x00000000
         935000	        92	80000138	00000013	addi	x0,x0,0	  x0:0x00000000
         945000	        93	8000013c	400884b3	sub	x9,x17,x0	 x17:0x0000000e  x0:0x00000000  x9=0x0000000e
         955000	        94	80000140	ffbf8f93	addi	x31,x31,-5	 x31:0x00000002 x31=0xfffffffd
         965000	        95	80000144	00f393b3	sll	x7,x7,x15	  x7:0x00000000 x15:0x80009f84  x7=0x00000000
         975000	        96	80000148	ff3f8ae3	beq	x31,x19,8000013c	 x31:0xfffffffd x19:0x00000002
         985000	        97	8000014c	fdc898e3	bne	x17,x28,8000011c	 x17:0x0000000e x28:0x00000014
         995000	        98	00000000	00000013	addi	x0,x0,0	  x0:0x00000000
        1005000	        99	80000118	00000013	addi	x0,x0,0	  x0:0x00000000
        1015000	       100	8000011c	01ad8733	add	x14,x27,x26	 x27:0xf38a9163 x26:0xb689fe81 x14=0xaa148fe4
        1025000	       101	80000120	dff8ea93	ori	x21,x17,-513	 x17:0x0000000e x21=0xfffffdff
        1035000	       102	80000124	3d84ec13	ori	x24,x9,984	  x9:0x0000000e x24=0x000003de
        1045000	       103	80000128	00688893	addi	x17,x17,6	 x17:0x0000000e x17=0x00000014
        1055000	       104	8000012c	eb4e4a13	xori	x20,x28,-332	 x28:0x00000014 x20=0xfffffea0
        1065000	       105	80000130	00700f93	addi	x31,x0,7	  x0:0x00000000 x31=0x00000007
        1075000	       106	80000134	9343eb13	ori	x22,x7,-1740	  x7:0x00000000 x22=0xfffff934
        1085000	       107	80000138	00200993	addi	x19,x0,2	  x0:0x00000000 x19=0x00000002
        1095000	       108	8000013c	400884b3	sub	x9,x17,x0	 x17:0x00000014  x0:0x00000000  x9=0x00000014
        1105000	       109	80000140	ffbf8f93	addi	x31,x31,-5	 x31:0x00000007 x31=0x00000002
        1115000	       110	80000144	00f393b3	sll	x7,x7,x15	  x7:0x00000000 x15:0x80009f84  x7=0x00000000
        1125000	       111	80000148	ff3f8ae3	beq	x31,x19,8000013c	 x31:0x00000002 x19:0x00000002
        1135000	       112	00000000	00000013	addi	x0,x0,0	  x0:0x00000000
        1145000	       113	80000138	00000013	addi	x0,x0,0	  x0:0x00000000
        1155000	       114	8000013c	400884b3	sub	x9,x17,x0	 x17:0x00000014  x0:0x00000000  x9=0x00000014
        1165000	       115	80000140	ffbf8f93	addi	x31,x31,-5	 x31:0x00000002 x31=0xfffffffd
        1175000	       116	80000144	00f393b3	sll	x7,x7,x15	  x7:0x00000000 x15:0x80009f84  x7=0x00000000
        1185000	       117	80000148	ff3f8ae3	beq	x31,x19,8000013c	 x31:0xfffffffd x19:0x00000002
        1195000	       118	8000014c	fdc898e3	bne	x17,x28,8000011c	 x17:0x00000014 x28:0x00000014
        1205000	       119	80000150	7bfe8493	addi	x9,x29,1983	 x29:0x8c5da8a1  x9=0x8c5db060
        1215000	       120	80000154	ff600e93	addi	x29,x0,-10	  x0:0x00000000 x29=0xfffffff6
        1225000	       121	80000158	01784f33	xor	x30,x16,x23	 x16:0x80000000 x23:0x80000000 x30=0x00000000
        1235000	       122	8000015c	a370f013	andi	x0,x1,-1481	  x1:0x80000000
        1245000	       123	80000160	00500993	addi	x19,x0,5	  x0:0x00000000 x19=0x00000005
        1255000	       124	80000164	00b63d33	sltu	x26,x12,x11	 x12:0x00000000 x11:0x00000000 x26=0x00000000
        1265000	       125	80000168	003f96b3	sll	x13,x31,x3	 x31:0xfffffffd  x3:0x00000000 x13=0xfffffffd
        1275000	       126	8000016c	68b1a317	auipc	x6,0x68b1a	  x6=0xe8b1a168
        1285000	       127	80000170	010a3833	sltu	x16,x20,x16	 x20:0xfffffea0 x16:0x80000000 x16=0x00000000
        1295000	       128	80000174	35cb6a13	ori	x20,x22,860	 x22:0xfffff934 x20=0xfffffb7c
        1305000	       129	80000178	1507b913	sltiu	x18,x15,336	 x15:0x80009f84 x18=0x00000000
        1315000	       130	8000017c	003be033	or	x0,x23,x3	 x23:0x80000000  x3:0x00000000
        1325000	       131	80000180	002e8e93	addi	x29,x29,2	 x29:0xfffffff6 x29=0xfffffff8
        1335000	       132	80000184	3de9ba17	auipc	x20,0x3de9b	 x20=0xbde9b180
        1345000	       133	80000188	3ce65737	lui	x14,0x3ce65	 x14=0x3ce65000
        1355000	       134	8000018c	e123e013	ori	x0,x7,-494	  x7:0x00000000
        1365000	       135	80000190	ed3f8093	addi	x1,x31,-301	 x31:0xfffffffd  x1=0xfffffed0
        1375000	       136	80000194	c8104113	xori	x2,x0,-895	  x0:0x00000000  x2=0xfffffc81
        1385000	       137	80000198	5f8fa393	slti	x7,x31,1528	 x31:0xfffffffd  x7=0x00000001
        1395000	       138	8000019c	00579613	slli	x12,x15,0x5	 x15:0x80009f84 x12=0x0013f080
        1405000	       139	800001a0	d69a8613	addi	x12,x21,-663	 x21:0xfffffdff x12=0xfffffb68
        1415000	       140	800001a4	01f770b3	and	x1,x14,x31	 x14:0x3ce65000 x31:0xfffffffd  x1=0x3ce65000
        1425000	       141	800001a8	0146c933	xor	x18,x13,x20	 x13:0xfffffffd x20:0xbde9b180 x18=0x42164e7d
        1435000	       142	800001ac	fd3ee4e3	bltu	x29,x19,80000174	 x29:0xfffffff8 x19:0x00000005
        1445000	       143	800001b0	00e71b33	sll	x22,x14,x14	 x14:0x3ce65000 x14:0x3ce65000 x22=0x3ce65000
        1455000	       144	800001b4	00800c13	addi	x24,x0,8	  x0:0x00000000 x24=0x00000008
        1465000	       145	800001b8	8e91b893	sltiu	x17,x3,-1815	  x3:0x00000000 x17=0x00000001
        1475000	       146	800001bc	cd188413	addi	x8,x17,-815	 x17:0x00000001  x8=0xfffffcd2
        1485000	       147	800001c0	1b02b713	sltiu	x14,x5,432	  x5:0x1867d946 x14=0x00000000
        1495000	       148	800001c4	00600613	addi	x12,x0,6	  x0:0x00000000 x12=0x00000006
        1505000	       149	800001c8	009440b3	xor	x1,x8,x9	  x8:0xfffffcd2  x9:0x8c5db060  x1=0x73a24cb2
        1515000	       150	800001cc	0023fe33	and	x28,x7,x2	  x7:0x00000001  x2:0xfffffc81 x28=0x00000001
        1525000	       151	800001d0	2509b513	sltiu	x10,x19,592	 x19:0x00000005 x10=0x00000001
        1535000	       152	800001d4	0125d1b3	srl	x3,x11,x18	 x11:0x00000000 x18:0x42164e7d  x3=0x00000000
        1545000	       153	800001d8	64f56113	ori	x2,x10,1615	 x10:0x00000001  x2=0x0000064f
        1555000	       154	800001dc	ffec0c13	addi	x24,x24,-2	 x24:0x00000008 x24=0x00000006
        1565000	       155	800001e0	0c432b13	slti	x22,x6,196	  x6:0xe8b1a168 x22=0x00000001
        1575000	       156	800001e4	58194013	xori	x0,x18,1409	 x18:0x42164e7d
        1585000	       157	800001e8	00000013	addi	x0,x0,0	  x0:0x00000000
        1595000	       158	800001ec	31f82493	slti	x9,x16,799	 x16:0x00000000  x9=0x00000001
        1605000	       159	800001f0	6dcffb13	andi	x22,x31,1756	 x31:0xfffffffd x22=0x000006dc
        1615000	       160	800001f4	00673433	sltu	x8,x14,x6	 x14:0x00000000  x6:0xe8b1a168  x8=0x00000001
        1625000	       161	800001f8	fccc78e3	bgeu	x24,x12,800001c8	 x24:0x00000006 x12:0x00000006
        1635000	       162	00000000	00000013	addi	x0,x0,0	  x0:0x00000000
        1645000	       163	800001c4	00000013	addi	x0,x0,0	  x0:0x00000000
        1655000	       164	800001c8	009440b3	xor	x1,x8,x9	  x8:0x00000001  x9:0x00000001  x1=0x00000000
        1665000	       165	800001cc	0023fe33	and	x28,x7,x2	  x7:0x00000001  x2:0x0000064f x28=0x00000001
        1675000	       166	800001d0	2509b513	sltiu	x10,x19,592	 x19:0x00000005 x10=0x00000001
        1685000	       167	800001d4	0125d1b3	srl	x3,x11,x18	 x11:0x00000000 x18:0x42164e7d  x3=0x00000000
        1695000	       168	800001d8	64f56113	ori	x2,x10,1615	 x10:0x00000001  x2=0x0000064f
        1705000	       169	800001dc	ffec0c13	addi	x24,x24,-2	 x24:0x00000006 x24=0x00000004
        1715000	       170	800001e0	0c432b13	slti	x22,x6,196	  x6:0xe8b1a168 x22=0x00000001
        1725000	       171	800001e4	58194013	xori	x0,x18,1409	 x18:0x42164e7d
        1735000	       172	800001e8	00000013	addi	x0,x0,0	  x0:0x00000000
        1745000	       173	800001ec	31f82493	slti	x9,x16,799	 x16:0x00000000  x9=0x00000001
        1755000	       174	800001f0	6dcffb13	andi	x22,x31,1756	 x31:0xfffffffd x22=0x000006dc
        1765000	       175	800001f4	00673433	sltu	x8,x14,x6	 x14:0x00000000  x6:0xe8b1a168  x8=0x00000001
        1775000	       176	800001f8	fccc78e3	bgeu	x24,x12,800001c8	 x24:0x00000004 x12:0x00000006
        1785000	       177	800001fc	b5c58937	lui	x18,0xb5c58	 x18=0xb5c58000
        1795000	       178	80000200	ffd00b13	addi	x22,x0,-3	  x0:0x00000000 x22=0xfffffffd
        1805000	       179	80000204	f25dad93	slti	x27,x27,-219	 x27:0xf38a9163 x27=0x00000001
        1815000	       180	80000208	00277eb3	and	x29,x14,x2	 x14:0x00000000  x2:0x0000064f x29=0x00000000
        1825000	       181	8000020c	1f5fc713	xori	x14,x31,501	 x31:0xfffffffd x14=0xfffffe08
        1835000	       182	80000210	407004b3	sub	x9,x0,x7	  x0:0x00000000  x7:0x00000001  x9=0xffffffff
        1845000	       183	80000214	00015c33	srl	x24,x2,x0	  x2:0x0000064f  x0:0x00000000 x24=0x0000064f
        1855000	       184	80000218	001edfb3	srl	x31,x29,x1	 x29:0x00000000  x1:0x00000000 x31=0x00000000
        1865000	       185	8000021c	3782b013	sltiu	x0,x5,888	  x5:0x1867d946
        1875000	       186	80000220	46e3e193	ori	x3,x7,1134	  x7:0x00000001  x3=0x0000046f
        1885000	       187	80000224	41db01b3	sub	x3,x22,x29	 x22:0xfffffffd x29:0x00000000  x3=0xfffffffd
        1895000	       188	80000228	00e00913	addi	x18,x0,14	  x0:0x00000000 x18=0x0000000e
        1905000	       189	8000022c	9692fe13	andi	x28,x5,-1687	  x5:0x1867d946 x28=0x1867d940
        1915000	       190	80000230	26574d13	xori	x26,x14,613	 x14:0xfffffe08 x26=0xfffffc6d
        1925000	       191	80000234	578a7613	andi	x12,x20,1400	 x20:0xbde9b180 x12=0x00000100
        1935000	       192	80000238	8f1626b7	lui	x13,0x8f162	 x13=0x8f162000
        1945000	       193	8000023c	41908c33	sub	x24,x1,x25	  x1:0x00000000 x25:0x80009fc4 x24=0x7fff603c
        1955000	       194	80000240	017ef6b3	and	x13,x29,x23	 x29:0x00000000 x23:0x80000000 x13=0x00000000
        1965000	       195	80000244	006b63b3	or	x7,x22,x6	 x22:0xfffffffd  x6:0xe8b1a168  x7=0xfffffffd
        1975000	       196	80000248	002b0b13	addi	x22,x22,2	 x22:0xfffffffd x22=0xffffffff
        1985000	       197	8000024c	5c46bfb7	lui	x31,0x5c46b	 x31=0x5c46b000
        1995000	       198	80000250	01c99d13	slli	x26,x19,0x1c	 x19:0x00000005 x26=0x50000000
        2005000	       199	80000254	03d16337	lui	x6,0x3d16	  x6=0x03d16000
        2015000	       200	80000258	002a8533	add	x10,x21,x2	 x21:0xfffffdff  x2:0x0000064f x10=0x0000044e
        2025000	       201	8000025c	ff2b60e3	bltu	x22,x18,8000023c	 x22:0xffffffff x18:0x0000000e
        2035000	       202	80000260	41a80833	sub	x16,x16,x26	 x16:0x00000000 x26:0x50000000 x16=0xb0000000
        2045000	       203	80000264	ffa00413	addi	x8,x0,-6	  x0:0x00000000  x8=0xfffffffa
        2055000	       204	80000268	01f33233	sltu	x4,x6,x31	  x6:0x03d16000 x31:0x5c46b000  x4=0x00000001
        2065000	       205	8000026c	00700e13	addi	x28,x0,7	  x0:0x00000000 x28=0x00000007
        2075000	       206	80000270	6a606097	auipc	x1,0x6a606	  x1=0xea60626c
        2085000	       207	80000274	0158b833	sltu	x16,x17,x21	 x17:0x00000001 x21:0xfffffdff x16=0x00000001
        2095000	       208	80000278	00000013	addi	x0,x0,0	  x0:0x00000000
        2105000	       209	8000027c	ef4ca693	slti	x13,x25,-268	 x25:0x80009fc4 x13=0x00000001
        2115000	       210	80000280	0d013393	sltiu	x7,x2,208	  x2:0x0000064f  x7=0x00000000
        2125000	       211	80000284	00140413	addi	x8,x8,1	  x8:0xfffffffa  x8=0xfffffffb
        2135000	       212	80000288	010f5493	srli	x9,x30,0x10	 x30:0x00000000  x9=0x00000000
        2145000	       213	8000028c	01a07633	and	x12,x0,x26	  x0:0x00000000 x26:0x50000000 x12=0x00000000
        2155000	       214	80000290	ffc462e3	bltu	x8,x28,80000274	  x8:0xfffffffb x28:0x00000007
        2165000	       215	80000294	40a15b13	srai	x22,x2,0xa	  x2:0x0000064f x22=0x00000001
        2175000	       216	80000298	03fb7463	bgeu	x22,x31,800002c0	 x22:0x00000001 x31:0x5c46b000
        2185000	       217	8000029c	044cfa13	andi	x20,x25,68	 x25:0x80009fc4 x20=0x00000044
        2195000	       218	800002a0	00091133	sll	x2,x18,x0	 x18:0x0000000e  x0:0x00000000  x2=0x0000000e
        2205000	       219	800002a4	01fa00b3	add	x1,x20,x31	 x20:0x00000044 x31:0x5c46b000  x1=0x5c46b044
        2215000	       220	800002a8	009f0a63	beq	x30,x9,800002bc	 x30:0x00000000  x9:0x00000000
        2225000	       221	00000000	00000013	addi	x0,x0,0	  x0:0x00000000
        2235000	       222	800002b8	00000013	addi	x0,x0,0	  x0:0x00000000
        2245000	       223	800002bc	9a91a093	slti	x1,x3,-1623	  x3:0xfffffffd  x1=0x00000000
        2255000	       224	800002c0	01a4d393	srli	x7,x9,0x1a	  x9:0x00000000  x7=0x00000000
        2265000	       225	800002c4	41575a33	sra	x20,x14,x21	 x14:0xfffffe08 x21:0xfffffdff x20=0xffffffff
        2275000	       226	800002c8	c11e4893	xori	x17,x28,-1007	 x28:0x00000007 x17=0xfffffc16
        2285000	       227	800002cc	001f5e33	srl	x28,x30,x1	 x30:0x00000000  x1:0x00000000 x28=0x00000000
        2295000	       228	800002d0	400f58b3	sra	x17,x30,x0	 x30:0x00000000  x0:0x00000000 x17=0x00000000
        2305000	       229	800002d4	005561b3	or	x3,x10,x5	 x10:0x0000044e  x5:0x1867d946  x3=0x1867dd4e
        2315000	       230	800002d8	01a1fb33	and	x22,x3,x26	  x3:0x1867dd4e x26:0x50000000 x22=0x10000000
        2325000	       231	800002dc	a4d06393	ori	x7,x0,-1459	  x0:0x00000000  x7=0xfffffa4d
        2335000	       232	800002e0	01210eb3	add	x29,x2,x18	  x2:0x0000000e x18:0x0000000e x29=0x0000001c
        2345000	       233	800002e4	008e4263	blt	x28,x8,800002e8	 x28:0x00000000  x8:0xfffffffb
        2355000	       234	800002e8	017f6db3	or	x27,x30,x23	 x30:0x00000000 x23:0x80000000 x27=0x80000000
        2365000	       235	800002ec	0096ddb3	srl	x27,x13,x9	 x13:0x00000001  x9:0x00000000 x27=0x00000001
        2375000	       236	800002f0	05a4d463	bge	x9,x26,80000338	  x9:0x00000000 x26:0x50000000
        2385000	       237	800002f4	f16b5c37	lui	x24,0xf16b5	 x24=0xf16b5000
        2395000	       238	800002f8	05d3d863	bge	x7,x29,80000348	  x7:0xfffffa4d x29:0x0000001c
        2405000	       239	800002fc	4080d113	srai	x2,x1,0x8	  x1:0x00000000  x2=0x00000000
        2415000	       240	80000300	01a02a33	slt	x20,x0,x26	  x0:0x00000000 x26:0x50000000 x20=0x00000001
        2425000	       241	80000304	016fe933	or	x18,x31,x22	 x31:0x5c46b000 x22:0x10000000 x18=0x5c46b000
        2435000	       242	80000308	8de27b13	andi	x22,x4,-1826	  x4:0x00000001 x22=0x00000000
        2445000	       243	8000030c	01f85863	bge	x16,x31,8000031c	 x16:0x00000001 x31:0x5c46b000
        2455000	       244	80000310	04657263	bgeu	x10,x6,80000354	 x10:0x0000044e  x6:0x03d16000
        2465000	       245	80000314	4395e613	ori	x12,x11,1081	 x11:0x00000000 x12=0x00000439
        2475000	       246	80000318	0129f533	and	x10,x19,x18	 x19:0x00000005 x18:0x5c46b000 x10=0x00000000
        2485000	       247	8000031c	00817fb3	and	x31,x2,x8	  x2:0x00000000  x8:0xfffffffb x31=0x00000000
        2495000	       248	80000320	008d5333	srl	x6,x26,x8	 x26:0x50000000  x8:0xfffffffb  x6=0x0000000a
        2505000	       249	80000324	01b1c433	xor	x8,x3,x27	  x3:0x1867dd4e x27:0x00000001  x8=0x1867dd4f
        2515000	       250	80000328	0102fa33	and	x20,x5,x16	  x5:0x1867d946 x16:0x00000001 x20=0x00000000
        2525000	       251	8000032c	04ff5a97	auipc	x21,0x4ff5	 x21=0x84ff5328
        2535000	       252	80000330	01df6c63	bltu	x30,x29,80000348	 x30:0x00000000 x29:0x0000001c
        2545000	       253	00000000	00000013	addi	x0,x0,0	  x0:0x00000000
        2555000	       254	80000344	00000013	addi	x0,x0,0	  x0:0x00000000
        2565000	       255	80000348	077b0663	beq	x22,x23,800003b4	 x22:0x00000000 x23:0x80000000
        2575000	       256	8000034c	08989063	bne	x17,x9,800003cc	 x17:0x00000000  x9:0x00000000
        2585000	       257	80000350	00a0d413	srli	x8,x1,0xa	  x1:0x00000000  x8=0x00000000
        2595000	       258	80000354	00715d33	srl	x26,x2,x7	  x2:0x00000000  x7:0xfffffa4d x26=0x00000000
        2605000	       259	80000358	37de4493	xori	x9,x28,893	 x28:0x00000000  x9=0x0000037d
        2615000	       260	8000035c	01c9ae33	slt	x28,x19,x28	 x19:0x00000005 x28:0x00000000 x28=0x00000000
        2625000	       261	80000360	06427463	bgeu	x4,x4,800003c8	  x4:0x00000001  x4:0x00000001
        2635000	       262	00000000	00000013	addi	x0,x0,0	  x0:0x00000000
        2645000	       263	800003c4	00000013	addi	x0,x0,0	  x0:0x00000000
        2655000	       264	800003c8	40e250b3	sra	x1,x4,x14	  x4:0x00000001 x14:0xfffffe08  x1=0x00000000
        2665000	       265	800003cc	0111dd93	srli	x27,x3,0x11	  x3:0x1867dd4e x27=0x00000c33
        2675000	       266	800003d0	01989433	sll	x8,x17,x25	 x17:0x00000000 x25:0x80009fc4  x8=0x00000000
        2685000	       267	800003d4	41c10fb3	sub	x31,x2,x28	  x2:0x00000000 x28:0x00000000 x31=0x00000000
        2695000	       268	800003d8	00e52a33	slt	x20,x10,x14	 x10:0x00000000 x14:0xfffffe08 x20=0x00000000
        2705000	       269	800003dc	40918db3	sub	x27,x3,x9	  x3:0x1867dd4e  x9:0x0000037d x27=0x1867d9d1
        2715000	       270	800003e0	5fdad697	auipc	x13,0x5fdad	 x13=0xdfdad3dc
        2725000	       271	800003e4	e54ff493	andi	x9,x31,-428	 x31:0x00000000  x9=0x00000000
        2735000	       272	800003e8	00e66bb3	or	x23,x12,x14	 x12:0x00000439 x14:0xfffffe08 x23=0xfffffe39
        2745000	       273	800003ec	00983433	sltu	x8,x16,x9	 x16:0x00000001  x9:0x00000000  x8=0x00000000
        2755000	       274	800003f0	b5aa6137	lui	x2,0xb5aa6	  x2=0xb5aa6000
        2765000	       275	800003f4	00f30d33	add	x26,x6,x15	  x6:0x0000000a x15:0x80009f84 x26=0x80009f8e
        2775000	       276	800003f8	00f68c63	beq	x13,x15,80000410	 x13:0xdfdad3dc x15:0x80009f84
        2785000	       277	800003fc	03faf863	bgeu	x21,x31,8000042c	 x21:0x84ff5328 x31:0x00000000
        2795000	       278	00000000	00000013	addi	x0,x0,0	  x0:0x00000000
        2805000	       279	80000428	00000013	addi	x0,x0,0	  x0:0x00000000
        2815000	       280	8000042c	057c7063	bgeu	x24,x23,8000046c	 x24:0xf16b5000 x23:0xfffffe39
        2825000	       281	80000430	037df463	bgeu	x27,x23,80000458	 x27:0x1867d9d1 x23:0xfffffe39
        2835000	       282	80000434	6c637813	andi	x16,x6,1734	  x6:0x0000000a x16=0x00000002
        2845000	       283	80000438	679c0a93	addi	x21,x24,1657	 x24:0xf16b5000 x21=0xf16b5679
        2855000	       284	8000043c	0159b633	sltu	x12,x19,x21	 x19:0x00000005 x21:0xf16b5679 x12=0x00000001
        2865000	       285	80000440	000afc33	and	x24,x21,x0	 x21:0xf16b5679  x0:0x00000000 x24=0x00000000
        2875000	       286	80000444	4b900297	auipc	x5,0x4b900	  x5=0xcb900440
        2885000	       287	80000448	40bb0c33	sub	x24,x22,x11	 x22:0x00000000 x11:0x00000000 x24=0x00000000
        2895000	       288	8000044c	02771463	bne	x14,x7,80000474	 x14:0xfffffe08  x7:0xfffffa4d
        2905000	       289	00000000	00000013	addi	x0,x0,0	  x0:0x00000000
        2915000	       290	80000470	00000013	addi	x0,x0,0	  x0:0x00000000
        2925000	       291	80000474	c324cb93	xori	x23,x9,-974	  x9:0x00000000 x23=0xfffffc32
        2935000	       292	80000478	01635ab3	srl	x21,x6,x22	  x6:0x0000000a x22:0x00000000 x21=0x0000000a
        2945000	       293	8000047c	004b1833	sll	x16,x22,x4	 x22:0x00000000  x4:0x00000001 x16=0x00000000
        2955000	       294	80000480	0129f463	bgeu	x19,x18,80000488	 x19:0x00000005 x18:0x5c46b000
        2965000	       295	80000484	00b1ed33	or	x26,x3,x11	  x3:0x1867dd4e x11:0x00000000 x26=0x1867dd4e
        2975000	       296	80000488	00fa0833	add	x16,x20,x15	 x20:0x00000000 x15:0x80009f84 x16=0x80009f84
        2985000	       297	8000048c	01605ab3	srl	x21,x0,x22	  x0:0x00000000 x22:0x00000000 x21=0x00000000
        2995000	       298	80000490	5c4f6093	ori	x1,x30,1476	 x30:0x00000000  x1=0x000005c4
        3005000	       299	80000494	57cbad13	slti	x26,x23,1404	 x23:0xfffffc32 x26=0x00000001
        3015000	       300	80000498	05e14463	blt	x2,x30,800004e0	  x2:0xb5aa6000 x30:0x00000000
        3025000	       301	00000000	00000013	addi	x0,x0,0	  x0:0x00000000
        3035000	       302	800004dc	00000013	addi	x0,x0,0	  x0:0x00000000
        3045000	       303	800004e0	0cb47b37	lui	x22,0xcb47	 x22=0x0cb47000
        3055000	       304	800004e4	0049c1b3	xor	x3,x19,x4	 x19:0x00000005  x4:0x00000001  x3=0x00000004
        3065000	       305	800004e8	01eb0433	add	x8,x22,x30	 x22:0x0cb47000 x30:0x00000000  x8=0x0cb47000
        3075000	       306	800004ec	4b5a2c13	slti	x24,x20,1205	 x20:0x00000000 x24=0x00000001
        3085000	       307	800004f0	d22def13	ori	x30,x27,-734	 x27:0x1867d9d1 x30=0xfffffdf3
        3095000	       308	800004f4	41b654b3	sra	x9,x12,x27	 x12:0x00000001 x27:0x1867d9d1  x9=0x00000000
        3105000	       309	800004f8	075b1463	bne	x22,x21,80000560	 x22:0x0cb47000 x21:0x00000000
        3115000	       310	00000000	00000013	addi	x0,x0,0	  x0:0x00000000
        3125000	       311	8000055c	00000013	addi	x0,x0,0	  x0:0x00000000
        3135000	       312	80000560	041f4c63	blt	x30,x1,800005b8	 x30:0xfffffdf3  x1:0x000005c4
        3145000	       313	00000000	00000013	addi	x0,x0,0	  x0:0x00000000
        3155000	       314	800005b4	00000013	addi	x0,x0,0	  x0:0x00000000
        3165000	       315	800005b8	418e5f13	srai	x30,x28,0x18	 x28:0x00000000 x30=0x00000000
        3175000	       316	800005bc	a3856513	ori	x10,x10,-1480	 x10:0x00000000 x10=0xfffffa38
        3185000	       317	800005c0	00a226b3	slt	x13,x4,x10	  x4:0x00000001 x10:0xfffffa38 x13=0x00000000
        3195000	       318	800005c4	006f31b3	sltu	x3,x30,x6	 x30:0x00000000  x6:0x0000000a  x3=0x00000001
        3205000	       319	800005c8	027c7463	bgeu	x24,x7,800005f0	 x24:0x00000001  x7:0xfffffa4d
        3215000	       320	800005cc	05619063	bne	x3,x22,8000060c	  x3:0x00000001 x22:0x0cb47000
        3225000	       321	00000000	00000013	addi	x0,x0,0	  x0:0x00000000
        3235000	       322	80000608	00000013	addi	x0,x0,0	  x0:0x00000000
        3245000	       323	8000060c	403e5ab3	sra	x21,x28,x3	 x28:0x00000000  x3:0x00000001 x21=0x00000000
        3255000	       324	80000610	febf4b13	xori	x22,x30,-21	 x30:0x00000000 x22=0xffffffeb
        3265000	       325	80000614	22c76893	ori	x17,x14,556	 x14:0xfffffe08 x17=0xfffffe2c
        3275000	       326	80000618	00863eb3	sltu	x29,x12,x8	 x12:0x00000001  x8:0x0cb47000 x29=0x00000001
        3285000	       327	8000061c	004a8933	add	x18,x21,x4	 x21:0x00000000  x4:0x00000001 x18=0x00000001
        3295000	       328	80000620	03c10863	beq	x2,x28,80000650	  x2:0xb5aa6000 x28:0x00000000
        3305000	       329	80000624	4141d6b3	sra	x13,x3,x20	  x3:0x00000001 x20:0x00000000 x13=0x00000001
        3315000	       330	80000628	00bdd013	srli	x0,x27,0xb	 x27:0x1867d9d1
        3325000	       331	8000062c	01f45d93	srli	x27,x8,0x1f	  x8:0x0cb47000 x27=0x00000000
        3335000	       332	80000630	04da8263	beq	x21,x13,80000674	 x21:0x00000000 x13:0x00000001
        3345000	       333	80000634	00ce8463	beq	x29,x12,8000063c	 x29:0x00000001 x12:0x00000001
        3355000	       334	00000000	00000013	addi	x0,x0,0	  x0:0x00000000
        3365000	       335	80000638	00000013	addi	x0,x0,0	  x0:0x00000000
        3375000	       336	8000063c	8f3fb113	sltiu	x2,x31,-1805	 x31:0x00000000  x2=0x00000001
        3385000	       337	80000640	01cc5013	srli	x0,x24,0x1c	 x24:0x00000001
        3395000	       338	80000644	00765433	srl	x8,x12,x7	 x12:0x00000001  x7:0xfffffa4d  x8=0x00000000
        3405000	       339	80000648	018caf33	slt	x30,x25,x24	 x25:0x80009fc4 x24:0x00000001 x30=0x00000001
        3415000	       340	8000064c	052dc063	blt	x27,x18,8000068c	 x27:0x00000000 x18:0x00000001
        3425000	       341	00000000	00000013	addi	x0,x0,0	  x0:0x00000000
        3435000	       342	80000688	00000013	addi	x0,x0,0	  x0:0x00000000
        3445000	       343	8000068c	004576b3	and	x13,x10,x4	 x10:0xfffffa38  x4:0x00000001 x13=0x00000000
        3455000	       344	80000690	019d6b33	or	x22,x26,x25	 x26:0x00000001 x25:0x80009fc4 x22=0x80009fc5
        3465000	       345	80000694	00f69913	slli	x18,x13,0xf	 x13:0x00000000 x18=0x00000000
        3475000	       346	80000698	016698b3	sll	x17,x13,x22	 x13:0x00000000 x22:0x80009fc5 x17=0x00000000
        3485000	       347	8000069c	9b57b293	sltiu	x5,x15,-1611	 x15:0x80009f84  x5=0x00000001
        3495000	       348	800006a0	8773f713	andi	x14,x7,-1929	  x7:0xfffffa4d x14=0xfffff845
        3505000	       349	800006a4	d2116193	ori	x3,x2,-735	  x2:0x00000001  x3=0xfffffd21
        3515000	       350	800006a8	412e03b3	sub	x7,x28,x18	 x28:0x00000000 x18:0x00000000  x7=0x00000000
        3525000	       351	800006ac	015ac533	xor	x10,x21,x21	 x21:0x00000000 x21:0x00000000 x10=0x00000000
        3535000	       352	800006b0	005b3b33	sltu	x22,x22,x5	 x22:0x80009fc5  x5:0x00000001 x22=0x00000000
        3545000	       353	800006b4	001fd4b3	srl	x9,x31,x1	 x31:0x00000000  x1:0x000005c4  x9=0x00000000
        3555000	       354	800006b8	40bf5033	sra	x0,x30,x11	 x30:0x00000001 x11:0x00000000
        3565000	       355	800006bc	b3bb99b7	lui	x19,0xb3bb9	 x19=0xb3bb9000
        3575000	       356	800006c0	040e8463	beq	x29,x0,80000708	 x29:0x00000001  x0:0x00000000
        3585000	       357	800006c4	bef73c13	sltiu	x24,x14,-1041	 x14:0xfffff845 x24=0x00000001
        3595000	       358	800006c8	44aabe13	sltiu	x28,x21,1098	 x21:0x00000000 x28=0x00000001
        3605000	       359	800006cc	012d5bb3	srl	x23,x26,x18	 x26:0x00000001 x18:0x00000000 x23=0x00000001
        3615000	       360	800006d0	0165bdb3	sltu	x27,x11,x22	 x11:0x00000000 x22:0x00000000 x27=0x00000000
        3625000	       361	800006d4	01333d33	sltu	x26,x6,x19	  x6:0x0000000a x19:0xb3bb9000 x26=0x00000001
        3635000	       362	800006d8	4beb7c13	andi	x24,x22,1214	 x22:0x00000000 x24=0x00000000
        3645000	       363	800006dc	40b45313	srai	x6,x8,0xb	  x8:0x00000000  x6=0x00000000
        3655000	       364	800006e0	01a239b3	sltu	x19,x4,x26	  x4:0x00000001 x26:0x00000001 x19=0x00000000
        3665000	       365	800006e4	05850463	beq	x10,x24,8000072c	 x10:0x00000000 x24:0x00000000
        3675000	       366	00000000	00000013	addi	x0,x0,0	  x0:0x00000000
        3685000	       367	80000728	00000013	addi	x0,x0,0	  x0:0x00000000
        3695000	       368	8000072c	004312b3	sll	x5,x6,x4	  x6:0x00000000  x4:0x00000001  x5=0x00000000
        3705000	       369	80000730	89547193	andi	x3,x8,-1899	  x8:0x00000000  x3=0x00000000
        3715000	       370	80000734	03ffe463	bltu	x31,x31,8000075c	 x31:0x00000000 x31:0x00000000
        3725000	       371	80000738	0300e863	bltu	x1,x16,80000768	  x1:0x000005c4 x16:0x80009f84
        3735000	       372	00000000	00000013	addi	x0,x0,0	  x0:0x00000000
        3745000	       373	80000764	00000013	addi	x0,x0,0	  x0:0x00000000
        3755000	       374	80000768	03cd9e63	bne	x27,x28,800007a4	 x27:0x00000000 x28:0x00000001
        3765000	       375	00000000	00000013	addi	x0,x0,0	  x0:0x00000000
        3775000	       376	800007a0	00000013	addi	x0,x0,0	  x0:0x00000000
        3785000	       377	800007a4	00a353b3	srl	x7,x6,x10	  x6:0x00000000 x10:0x00000000  x7=0x00000000
        3795000	       378	800007a8	83a14a13	xori	x20,x2,-1990	  x2:0x00000001 x20=0xfffff83b
        3805000	       379	800007ac	00680463	beq	x16,x6,800007b4	 x16:0x80009f84  x6:0x00000000
        3815000	       380	800007b0	00000013	addi	x0,x0,0	  x0:0x00000000
        3825000	       381	800007b4	00a81733	sll	x14,x16,x10	 x16:0x80009f84 x10:0x00000000 x14=0x80009f84
        3835000	       382	800007b8	55ba8d93	addi	x27,x21,1371	 x21:0x00000000 x27=0x0000055b
        3845000	       383	800007bc	cd660113	addi	x2,x12,-810	 x12:0x00000001  x2=0xfffffcd7
        3855000	       384	800007c0	dc97a013	slti	x0,x15,-567	 x15:0x80009f84
        3865000	       385	800007c4	0ec0ae13	slti	x28,x1,236	  x1:0x000005c4 x28=0x00000000
        3875000	       386	800007c8	01cb29b3	slt	x19,x22,x28	 x22:0x00000000 x28:0x00000000 x19=0x00000000
        3885000	       387	800007cc	00348833	add	x16,x9,x3	  x9:0x00000000  x3:0x00000000 x16=0x00000000
        3895000	       388	800007d0	01c78fb3	add	x31,x15,x28	 x15:0x80009f84 x28:0x00000000 x31=0x80009f84
        3905000	       389	800007d4	01bb9413	slli	x8,x23,0x1b	 x23:0x00000001  x8=0x08000000
        3915000	       390	800007d8	35dffd93	andi	x27,x31,861	 x31:0x80009f84 x27=0x00000304
        3925000	       391	800007dc	00000597	auipc	x11,0x0	 x11=0x800007d8
        3935000	       392	800007e0	00c58593	addi	x11,x11,12	 x11:0x800007d8 x11=0x800007e4
        3945000	       393	800007e4	00058067	jalr	x0,x11,0	 x11:0x800007e4
        3955000	       394	00000000	00000013	addi	x0,x0,0	  x0:0x00000000
        3965000	       395	800007e4	00000013	addi	x0,x0,0	  x0:0x00000000
        3975000	       396	800007e8	00100193	addi	x3,x0,1	  x0:0x00000000  x3=0x00000001
        3985000	       397	800007ec	00000073	ecall	
        3995000	       398	800007f0	016b50b3	srl	x1,x22,x22	 x22:0x00000000 x22:0x00000000  x1=0x00000000
