		Time			Cycle	PC		Insn	Decoded instruction	Register and memory contents
          65000	         5	80000004	00000293	addi	x5,x0,0	  x0:0x00000000  x5=0x00000000
          75000	         6	80000008	00000313	addi	x6,x0,0	  x0:0x00000000  x6=0x00000000
          85000	         7	8000000c	00628263	beq	x5,x6,80000010	  x5:0x00000000  x6:0x00000000
          95000	         8	00000000	00000013	addi	x0,x0,0	  x0:0x00000000
         105000	         9	8000000c	00000013	addi	x0,x0,0	  x0:0x00000000
         115000	        10	80000010	00000297	auipc	x5,0x0	  x5=0x8000000c
         125000	        11	80000014	00c28293	addi	x5,x5,12	  x5:0x8000000c  x5=0x80000018
         135000	        12	80000018	00028067	jalr	x0,x5,0	  x5:0x80000018
         145000	        13	00000000	00000013	addi	x0,x0,0	  x0:0x00000000
         155000	        14	80000018	00000013	addi	x0,x0,0	  x0:0x00000000
         165000	        15	8000001c	40000fb7	lui	x31,0x40000	 x31=0x40000000
         175000	        16	80000020	100f8f93	addi	x31,x31,256	 x31:0x40000000 x31=0x40000100
         185000	        17	80000024	00000013	addi	x0,x0,0	  x0:0x00000000
         195000	        18	80000028	0000af17	auipc	x30,0xa	 x30=0x8000a024
         205000	        19	8000002c	fa0f0f13	addi	x30,x30,-96	 x30:0x8000a024 x30=0x80009fc4
         215000	        20	80000030	00002f97	auipc	x31,0x2	 x31=0x8000202c
         225000	        21	80000034	e20f8f93	addi	x31,x31,-480	 x31:0x8000202c x31=0x80001e4c
         235000	        22	80000038	000fef93	ori	x31,x31,0	 x31:0x80001e4c x31=0x80001e4c
         245000	        23	8000003c	00000013	addi	x0,x0,0	  x0:0x00000000
         255000	        24	80000040	00000f97	auipc	x31,0x0	 x31=0x8000003c
         265000	        25	80000044	020f8f93	addi	x31,x31,32	 x31:0x8000003c x31=0x8000005c
         275000	        26	80000048	00000013	addi	x0,x0,0	  x0:0x00000000
         285000	        27	8000004c	00000013	addi	x0,x0,0	  x0:0x00000000
         295000	        28	80000050	00002fb7	lui	x31,0x2	 x31=0x00002000
         305000	        29	80000054	800f8f93	addi	x31,x31,-2048	 x31:0x00002000 x31=0x00001800
         315000	        30	80000058	00000013	addi	x0,x0,0	  x0:0x00000000
         325000	        31	8000005c	00000013	addi	x0,x0,0	  x0:0x00000000
         335000	        32	80000060	00000013	addi	x0,x0,0	  x0:0x00000000
         345000	        33	80000064	800000b7	lui	x1,0x80000	  x1=0x80000000
         355000	        34	80000068	829b9137	lui	x2,0x829b9	  x2=0x829b9000
         365000	        35	8000006c	0a210113	addi	x2,x2,162	  x2:0x829b9000  x2=0x829b90a2
         375000	        36	80000070	9e1da1b7	lui	x3,0x9e1da	  x3=0x9e1da000
         385000	        37	80000074	01318193	addi	x3,x3,19	  x3:0x9e1da000  x3=0x9e1da013
         395000	        38	80000078	00d00213	addi	x4,x0,13	  x0:0x00000000  x4=0x0000000d
         405000	        39	8000007c	00000293	addi	x5,x0,0	  x0:0x00000000  x5=0x00000000
         415000	        40	80000080	00000313	addi	x6,x0,0	  x0:0x00000000  x6=0x00000000
         425000	        41	80000084	00000393	addi	x7,x0,0	  x0:0x00000000  x7=0x00000000
         435000	        42	80000088	00000413	addi	x8,x0,0	  x0:0x00000000  x8=0x00000000
         445000	        43	8000008c	00f00493	addi	x9,x0,15	  x0:0x00000000  x9=0x0000000f
         455000	        44	80000090	80000537	lui	x10,0x80000	 x10=0x80000000
         465000	        45	80000094	00500593	addi	x11,x0,5	  x0:0x00000000 x11=0x00000005
         475000	        46	80000098	80000637	lui	x12,0x80000	 x12=0x80000000
         485000	        47	8000009c	800006b7	lui	x13,0x80000	 x13=0x80000000
         495000	        48	800000a0	00200713	addi	x14,x0,2	  x0:0x00000000 x14=0x00000002
         505000	        49	800000a4	00000793	addi	x15,x0,0	  x0:0x00000000 x15=0x00000000
         515000	        50	800000a8	80000837	lui	x16,0x80000	 x16=0x80000000
         525000	        51	800000ac	00e00893	addi	x17,x0,14	  x0:0x00000000 x17=0x0000000e
         535000	        52	800000b0	00000913	addi	x18,x0,0	  x0:0x00000000 x18=0x00000000
         545000	        53	800000b4	00000993	addi	x19,x0,0	  x0:0x00000000 x19=0x00000000
         555000	        54	800000b8	00000a13	addi	x20,x0,0	  x0:0x00000000 x20=0x00000000
         565000	        55	800000bc	00500a93	addi	x21,x0,5	  x0:0x00000000 x21=0x00000005
         575000	        56	800000c0	00000b93	addi	x23,x0,0	  x0:0x00000000 x23=0x00000000
         585000	        57	800000c4	00000c13	addi	x24,x0,0	  x0:0x00000000 x24=0x00000000
         595000	        58	800000c8	5e7cfcb7	lui	x25,0x5e7cf	 x25=0x5e7cf000
         605000	        59	800000cc	912c8c93	addi	x25,x25,-1774	 x25:0x5e7cf000 x25=0x5e7ce912
         615000	        60	800000d0	a7eacd37	lui	x26,0xa7eac	 x26=0xa7eac000
         625000	        61	800000d4	4e0d0d13	addi	x26,x26,1248	 x26:0xa7eac000 x26=0xa7eac4e0
         635000	        62	800000d8	c5805db7	lui	x27,0xc5805	 x27=0xc5805000
         645000	        63	800000dc	be1d8d93	addi	x27,x27,-1055	 x27:0xc5805000 x27=0xc5804be1
         655000	        64	800000e0	a54f9e37	lui	x28,0xa54f9	 x28=0xa54f9000
         665000	        65	800000e4	c9ce0e13	addi	x28,x28,-868	 x28:0xa54f9000 x28=0xa54f8c9c
         675000	        66	800000e8	80000eb7	lui	x29,0x80000	 x29=0x80000000
         685000	        67	800000ec	80000fb7	lui	x31,0x80000	 x31=0x80000000
         695000	        68	800000f0	0000ab17	auipc	x22,0xa	 x22=0x8000a0ec
         705000	        69	800000f4	e98b0b13	addi	x22,x22,-360	 x22:0x8000a0ec x22=0x80009f84
         715000	        70	800000f8	00008097	auipc	x1,0x8	  x1=0x800080f4
         725000	        71	800000fc	57a08093	addi	x1,x1,1402	  x1:0x800080f4  x1=0x8000866e
         735000	        72	80000100	00008397	auipc	x7,0x8	  x7=0x800080fc
         745000	        73	80000104	0b938393	addi	x7,x7,185	  x7:0x800080fc  x7=0x800081b5
         755000	        74	80000108	00008c17	auipc	x24,0x8	 x24=0x80008104
         765000	        75	8000010c	531c0c13	addi	x24,x24,1329	 x24:0x80008104 x24=0x80008635
         775000	        76	80000110	bee084a3	sb	x14,-1047(x1)	  x1:0x8000866e x14:0x00000002 PA:0x80008257
         785000	        77	80000114	00008597	auipc	x11,0x8	 x11=0x80008110
         795000	        78	80000118	62158593	addi	x11,x11,1569	 x11:0x80008110 x11=0x80008731
         805000	        79	8000011c	16f38983	lb	x19,367(x7)	  x7:0x800081b5 x19=0xffffffdf PA:0x80008324
         815000	        80	80000120	c9758d83	lb	x27,-873(x11)	 x11:0x80008731 x27=0xffffff83 PA:0x800083c8
         825000	        81	80000124	0970cf83	lbu	x31,151(x1)	  x1:0x8000866e x31=0x000000be PA:0x80008705
         835000	        82	80000128	b4509523	sh	x5,-1206(x1)	  x1:0x8000866e  x5:0x00000000 PA:0x800081b8
         845000	        83	8000012c	1b1c0883	lb	x17,433(x24)	 x24:0x80008635 x17=0xffffff9d PA:0x800087e6
         855000	        84	80000130	4dc395a3	sh	x28,1227(x7)	  x7:0x800081b5 x28:0xa54f8c9c PA:0x80008680
         865000	        85	80000134	0120ce03	lbu	x28,18(x1)	  x1:0x8000866e x28=0x0000009c PA:0x80008680
         875000	        86	80000138	f67589a3	sb	x7,-141(x11)	 x11:0x80008731  x7:0x800081b5 PA:0x800086a4
         885000	        87	8000013c	fd83cf83	lbu	x31,-40(x7)	  x7:0x800081b5 x31=0x00000046 PA:0x8000818d
         895000	        88	80000140	1bec0723	sb	x30,430(x24)	 x24:0x80008635 x30:0x80009fc4 PA:0x800087e3
         905000	        89	80000144	c075c503	lbu	x10,-1017(x11)	 x11:0x80008731 x10=0x000000f3 PA:0x80008338
         915000	        90	80000148	dcf59783	lh	x15,-561(x11)	 x11:0x80008731 x15=0xffffbabb PA:0x80008500
         925000	        91	8000014c	a0a08323	sb	x10,-1530(x1)	  x1:0x8000866e x10:0x000000f3 PA:0x80008074
         935000	        92	80000150	a87c04a3	sb	x7,-1399(x24)	 x24:0x80008635  x7:0x800081b5 PA:0x800080be
         945000	        93	80000154	16438523	sb	x4,362(x7)	  x7:0x800081b5  x4:0x0000000d PA:0x8000831f
         955000	        94	80000158	a84087a3	sb	x4,-1393(x1)	  x1:0x8000866e  x4:0x0000000d PA:0x800080fd
         965000	        95	8000015c	aa1585a3	sb	x1,-1365(x11)	 x11:0x80008731  x1:0x8000866e PA:0x800081dc
         975000	        96	80000160	015c00a3	sb	x21,1(x24)	 x24:0x80008635 x21:0x00000005 PA:0x80008636
         985000	        97	80000164	dc508a03	lb	x20,-571(x1)	  x1:0x8000866e x20=0xffffffe8 PA:0x80008433
         995000	        98	80000168	5243c503	lbu	x10,1316(x7)	  x7:0x800081b5 x10=0x00000092 PA:0x800086d9
        1005000	        99	8000016c	fed39d03	lh	x26,-19(x7)	  x7:0x800081b5 x26=0x00005859 PA:0x800081a2
        1015000	       100	80000170	f5009523	sh	x16,-182(x1)	  x1:0x8000866e x16:0x80000000 PA:0x800085b8
        1025000	       101	80000174	43339303	lh	x6,1075(x7)	  x7:0x800081b5  x6=0xffffa2a3 PA:0x800085e8
        1035000	       102	80000178	dd758423	sb	x23,-568(x11)	 x11:0x80008731 x23:0x00000000 PA:0x800084f9
        1045000	       103	8000017c	e3dc0723	sb	x29,-466(x24)	 x24:0x80008635 x29:0x80000000 PA:0x80008463
        1055000	       104	80000180	ac7595a3	sh	x7,-1333(x11)	 x11:0x80008731  x7:0x800081b5 PA:0x800081fc
        1065000	       105	80000184	be2c0623	sb	x2,-1044(x24)	 x24:0x80008635  x2:0x829b90a2 PA:0x80008221
        1075000	       106	80000188	00008497	auipc	x9,0x8	  x9=0x80008184
        1085000	       107	8000018c	00848493	addi	x9,x9,8	  x9:0x80008184  x9=0x8000818c
        1095000	       108	80000190	1bf49723	sh	x31,430(x9)	  x9:0x8000818c x31:0x00000046 PA:0x8000833a
        1105000	       109	80000194	31d4cc03	lbu	x24,797(x9)	  x9:0x8000818c x24=0x00000062 PA:0x800084a9
        1115000	       110	80000198	00413333	sltu	x6,x2,x4	  x2:0x829b90a2  x4:0x0000000d  x6=0x00000000
        1125000	       111	8000019c	27f4c783	lbu	x15,639(x9)	  x9:0x8000818c x15=0x000000c0 PA:0x8000840b
        1135000	       112	800001a0	27f4c083	lbu	x1,639(x9)	  x9:0x8000818c  x1=0x000000c0 PA:0x8000840b
        1145000	       113	800001a4	28649923	sh	x6,658(x9)	  x9:0x8000818c  x6:0x00000000 PA:0x8000841e
        1155000	       114	800001a8	0a84c303	lbu	x6,168(x9)	  x9:0x8000818c  x6=0x000000ef PA:0x80008234
        1165000	       115	800001ac	009b19b3	sll	x19,x22,x9	 x22:0x80009f84  x9:0x8000818c x19=0x09f84000
        1175000	       116	800001b0	41365713	srai	x14,x12,0x13	 x12:0x80000000 x14=0xfffff000
        1185000	       117	800001b4	42b48c83	lb	x25,1067(x9)	  x9:0x8000818c x25=0x0000006c PA:0x800085b7
        1195000	       118	800001b8	01592d33	slt	x26,x18,x21	 x18:0x00000000 x21:0x00000005 x26=0x00000001
        1205000	       119	800001bc	42b48d03	lb	x26,1067(x9)	  x9:0x8000818c x26=0x0000006c PA:0x800085b7
        1215000	       120	800001c0	3cb4ca83	lbu	x21,971(x9)	  x9:0x8000818c x21=0x0000000c PA:0x80008557
        1225000	       121	800001c4	23348b23	sb	x19,566(x9)	  x9:0x8000818c x19:0x09f84000 PA:0x800083c2
        1235000	       122	800001c8	00000013	addi	x0,x0,0	  x0:0x00000000
        1245000	       123	800001cc	3f048323	sb	x16,998(x9)	  x9:0x8000818c x16:0x80000000 PA:0x80008572
        1255000	       124	800001d0	f7f48803	lb	x16,-129(x9)	  x9:0x8000818c x16=0xffffffc0 PA:0x8000810b
        1265000	       125	800001d4	5e34cb83	lbu	x23,1507(x9)	  x9:0x8000818c x23=0x00000024 PA:0x8000876f
        1275000	       126	800001d8	fa348aa3	sb	x3,-75(x9)	  x9:0x8000818c  x3:0x9e1da013 PA:0x80008141
        1285000	       127	800001dc	2ec49d83	lh	x27,748(x9)	  x9:0x8000818c x27=0x00003233 PA:0x80008478
        1295000	       128	800001e0	06748003	lb	x0,103(x9)	  x9:0x8000818c PA:0x800081f3
        1305000	       129	800001e4	2ac4dc83	lhu	x25,684(x9)	  x9:0x8000818c x25=0x0000f2f3 PA:0x80008438
        1315000	       130	800001e8	ee948303	lb	x6,-279(x9)	  x9:0x8000818c  x6=0x0000002e PA:0x80008075
        1325000	       131	800001ec	c9d76013	ori	x0,x14,-867	 x14:0xfffff000
        1335000	       132	800001f0	0ea48403	lb	x8,234(x9)	  x9:0x8000818c  x8=0x0000002d PA:0x80008276
        1345000	       133	800001f4	00008117	auipc	x2,0x8	  x2=0x800081f0
        1355000	       134	800001f8	56110113	addi	x2,x2,1377	  x2:0x800081f0  x2=0x80008751
        1365000	       135	800001fc	15058213	addi	x4,x11,336	 x11:0x80008731  x4=0x80008881
        1375000	       136	80000200	41678733	sub	x14,x15,x22	 x15:0x000000c0 x22:0x80009f84 x14=0x7fff613c
        1385000	       137	80000204	73df0713	addi	x14,x30,1853	 x30:0x80009fc4 x14=0x8000a701
        1395000	       138	80000208	f1710603	lb	x12,-233(x2)	  x2:0x80008751 x12=0x00000023 PA:0x80008668
        1405000	       139	8000020c	fb310e23	sb	x19,-68(x2)	  x2:0x80008751 x19:0x09f84000 PA:0x8000870d
        1415000	       140	80000210	00b2b933	sltu	x18,x5,x11	  x5:0x00000000 x11:0x80008731 x18=0x00000001
        1425000	       141	80000214	01de5093	srli	x1,x28,0x1d	 x28:0x0000009c  x1=0x00000000
        1435000	       142	80000218	06f11e83	lh	x29,111(x2)	  x2:0x80008751 x29=0x00007a7b PA:0x800087c0
        1445000	       143	00000000	00000013	addi	x0,x0,0	  x0:0x00000000
        1455000	       144	8000021c	f5d14183	lbu	x3,-163(x2)	  x2:0x80008751  x3=0x00000065 PA:0x800086ae
        1465000	       145	80000220	03115a83	lhu	x21,49(x2)	  x2:0x80008751 x21=0x00003839 PA:0x80008782
        1475000	       146	80000224	41a15fb3	sra	x31,x2,x26	  x2:0x80008751 x26:0x0000006c x31=0xfff80008
        1485000	       147	80000228	402e07b3	sub	x15,x28,x2	 x28:0x0000009c  x2:0x80008751 x15=0x7fff794b
        1495000	       148	8000022c	f0d11003	lh	x0,-243(x2)	  x2:0x80008751 PA:0x8000865e
        1505000	       149	80000230	0085a5b3	slt	x11,x11,x8	 x11:0x80008731  x8:0x0000002d x11=0x00000001
        1515000	       150	80000234	f5d10203	lb	x4,-163(x2)	  x2:0x80008751  x4=0x00000065 PA:0x800086ae
        1525000	       151	80000238	02010783	lb	x15,32(x2)	  x2:0x80008751 x15=0x0000002a PA:0x80008771
        1535000	       152	8000023c	ce88ad93	slti	x27,x17,-792	 x17:0xffffff9d x27=0x00000000
        1545000	       153	80000240	f5810383	lb	x7,-168(x2)	  x2:0x80008751  x7=0x00000062 PA:0x800086a9
        1555000	       154	80000244	03310ba3	sb	x19,55(x2)	  x2:0x80008751 x19:0x09f84000 PA:0x80008788
        1565000	       155	80000248	fd414403	lbu	x8,-44(x2)	  x2:0x80008751  x8=0x000000de PA:0x80008725
        1575000	       156	8000024c	014c0733	add	x14,x24,x20	 x24:0x00000062 x20:0xffffffe8 x14=0x0000004a
        1585000	       157	80000250	fc1111a3	sh	x1,-61(x2)	  x2:0x80008751  x1:0x00000000 PA:0x80008714
        1595000	       158	80000254	41d75c93	srai	x25,x14,0x1d	 x14:0x0000004a x25=0x00000000
        1605000	       159	80000258	02310583	lb	x11,35(x2)	  x2:0x80008751 x11=0x0000002f PA:0x80008774
        1615000	       160	8000025c	09712003	lw	x0,151(x2)	  x2:0x80008751 PA:0x800087e8
        1625000	       161	80000260	4108d933	sra	x18,x17,x16	 x17:0xffffff9d x16:0xffffffc0 x18=0xffffff9d
        1635000	       162	80000264	00410a23	sb	x4,20(x2)	  x2:0x80008751  x4:0x00000065 PA:0x80008765
        1645000	       163	80000268	f1e10a23	sb	x30,-236(x2)	  x2:0x80008751 x30:0x80009fc4 PA:0x80008665
        1655000	       164	8000026c	02d15483	lhu	x9,45(x2)	  x2:0x80008751  x9=0x00003435 PA:0x8000877e
        1665000	       165	80000270	fd214983	lbu	x19,-46(x2)	  x2:0x80008751 x19=0x000000d8 PA:0x80008723
        1675000	       166	80000274	f6915983	lhu	x19,-151(x2)	  x2:0x80008751 x19=0x00007071 PA:0x800086ba
        1685000	       167	80000278	05f12c83	lw	x25,95(x2)	  x2:0x80008751 x25=0x68696a6b PA:0x800087b0
        1695000	       168	8000027c	06911f83	lh	x31,105(x2)	  x2:0x80008751 x31=0x00007071 PA:0x800087ba
        1705000	       169	80000280	00b4cd33	xor	x26,x9,x11	  x9:0x00003435 x11:0x0000002f x26=0x0000341a
        1715000	       170	80000284	02910083	lb	x1,41(x2)	  x2:0x80008751  x1=0x00000031 PA:0x8000877a
        1725000	       171	80000288	448c8193	addi	x3,x25,1096	 x25:0x68696a6b  x3=0x68696eb3
        1735000	       172	8000028c	003cbab3	sltu	x21,x25,x3	 x25:0x68696a6b  x3:0x68696eb3 x21=0x00000001
        1745000	       173	80000290	f0a10703	lb	x14,-246(x2)	  x2:0x80008751 x14=0x00000010 PA:0x8000865b
        1755000	       174	80000294	6f9b8713	addi	x14,x23,1785	 x23:0x00000024 x14=0x0000071d
        1765000	       175	80000298	0f0d6593	ori	x11,x26,240	 x26:0x0000341a x11=0x000034fa
        1775000	       176	8000029c	00b112a3	sh	x11,5(x2)	  x2:0x80008751 x11:0x000034fa PA:0x80008756
        1785000	       177	800002a0	5c622093	slti	x1,x4,1478	  x4:0x00000065  x1=0x00000001
        1795000	       178	800002a4	0c210083	lb	x1,194(x2)	  x2:0x80008751  x1=0xffffffc8 PA:0x80008813
        1805000	       179	800002a8	05710203	lb	x4,87(x2)	  x2:0x80008751  x4=0x00000063 PA:0x800087a8
        1815000	       180	800002ac	0a610383	lb	x7,166(x2)	  x2:0x80008751  x7=0xffffffac PA:0x800087f7
        1825000	       181	800002b0	f2414783	lbu	x15,-220(x2)	  x2:0x80008751 x15=0x0000002e PA:0x80008675
        1835000	       182	800002b4	017f3cb3	sltu	x25,x30,x23	 x30:0x80009fc4 x23:0x00000024 x25=0x00000000
        1845000	       183	800002b8	f7711403	lh	x8,-137(x2)	  x2:0x80008751  x8=0xffff8283 PA:0x800086c8
        1855000	       184	800002bc	411cd013	srai	x0,x25,0x11	 x25:0x00000000
        1865000	       185	800002c0	01ff10b3	sll	x1,x30,x31	 x30:0x80009fc4 x31:0x00007071  x1=0x3f880000
        1875000	       186	800002c4	000a9613	slli	x12,x21,0x0	 x21:0x00000001 x12=0x00000001
        1885000	       187	800002c8	c3bce693	ori	x13,x25,-965	 x25:0x00000000 x13=0xfffffc3b
        1895000	       188	800002cc	00b59093	slli	x1,x11,0xb	 x11:0x000034fa  x1=0x01a7d000
        1905000	       189	800002d0	00c5cfb3	xor	x31,x11,x12	 x11:0x000034fa x12:0x00000001 x31=0x000034fb
        1915000	       190	800002d4	00cdceb3	xor	x29,x27,x12	 x27:0x00000000 x12:0x00000001 x29=0x00000001
        1925000	       191	800002d8	00d7c633	xor	x12,x15,x13	 x15:0x0000002e x13:0xfffffc3b x12=0xfffffc15
        1935000	       192	800002dc	5df0bab7	lui	x21,0x5df0b	 x21=0x5df0b000
        1945000	       193	800002e0	01171c33	sll	x24,x14,x17	 x14:0x0000071d x17:0xffffff9d x24=0xa0000000
        1955000	       194	800002e4	018b6463	bltu	x22,x24,800002ec	 x22:0x80009f84 x24:0xa0000000
        1965000	       195	00000000	00000013	addi	x0,x0,0	  x0:0x00000000
        1975000	       196	800002e8	00000013	addi	x0,x0,0	  x0:0x00000000
        1985000	       197	800002ec	07ea6a63	bltu	x20,x30,80000360	 x20:0xffffffe8 x30:0x80009fc4
        1995000	       198	800002f0	00000013	addi	x0,x0,0	  x0:0x00000000
        2005000	       199	800002f4	019f35b3	sltu	x11,x30,x25	 x30:0x80009fc4 x25:0x00000000 x11=0x00000000
        2015000	       200	800002f8	01bc06b3	add	x13,x24,x27	 x24:0xa0000000 x27:0x00000000 x13=0xa0000000
        2025000	       201	800002fc	41ac5bb3	sra	x23,x24,x26	 x24:0xa0000000 x26:0x0000341a x23=0xffffffe8
        2035000	       202	80000300	0058ae33	slt	x28,x17,x5	 x17:0xffffff9d  x5:0x00000000 x28=0x00000001
        2045000	       203	80000304	01b63833	sltu	x16,x12,x27	 x12:0xfffffc15 x27:0x00000000 x16=0x00000000
        2055000	       204	80000308	41635d93	srai	x27,x6,0x16	  x6:0x0000002e x27=0x00000000
        2065000	       205	8000030c	015c1233	sll	x4,x24,x21	 x24:0xa0000000 x21:0x5df0b000  x4=0xa0000000
        2075000	       206	80000310	00a52433	slt	x8,x10,x10	 x10:0x00000092 x10:0x00000092  x8=0x00000000
        2085000	       207	80000314	00000797	auipc	x15,0x0	 x15=0x80000310
        2095000	       208	80000318	22878793	addi	x15,x15,552	 x15:0x80000310 x15=0x80000538
        2105000	       209	8000031c	c0a66a93	ori	x21,x12,-1014	 x12:0xfffffc15 x21=0xfffffc1f
        2115000	       210	80000320	4c523337	lui	x6,0x4c523	  x6=0x4c523000
        2125000	       211	80000324	d2e80613	addi	x12,x16,-722	 x16:0x00000000 x12=0xfffffd2e
        2135000	       212	80000328	d3878793	addi	x15,x15,-712	 x15:0x80000538 x15=0x80000270
        2145000	       213	8000032c	01f77a33	and	x20,x14,x31	 x14:0x0000071d x31:0x000034fb x20=0x00000419
        2155000	       214	80000330	41badd93	srai	x27,x21,0x1b	 x21:0xfffffc1f x27=0xffffffff
        2165000	       215	80000334	7c6d2b93	slti	x23,x26,1990	 x26:0x0000341a x23=0x00000000
        2175000	       216	80000338	0181e3b3	or	x7,x3,x24	  x3:0x68696eb3 x24:0xa0000000  x7=0xe8696eb3
        2185000	       217	8000033c	2c8780e7	jalr	x1,x15,712	 x15:0x80000270  x1=0x8000033c
        2195000	       218	00000000	00000013	addi	x0,x0,0	  x0:0x00000000
        2205000	       219	80000538	00000013	addi	x0,x0,0	  x0:0x00000000
        2215000	       220	8000053c	000e4833	xor	x16,x28,x0	 x28:0x00000001  x0:0x00000000 x16=0x00000001
        2225000	       221	80000540	41aa5213	srai	x4,x20,0x1a	 x20:0x00000419  x4=0x00000000
        2235000	       222	80000544	005b4a63	blt	x22,x5,80000558	 x22:0x80009f84  x5:0x00000000
        2245000	       223	00000000	00000013	addi	x0,x0,0	  x0:0x00000000
        2255000	       224	80000554	00000013	addi	x0,x0,0	  x0:0x00000000
        2265000	       225	80000558	fe0b0b13	addi	x22,x22,-32	 x22:0x80009f84 x22=0x80009f64
        2275000	       226	8000055c	001b2223	sw	x1,4(x22)	 x22:0x80009f64  x1:0x8000033c PA:0x80009f68
        2285000	       227	80000560	334cf813	andi	x16,x25,820	 x25:0x00000000 x16=0x00000000
        2295000	       228	80000564	007fd613	srli	x12,x31,0x7	 x31:0x000034fb x12=0x00000069
        2305000	       229	80000568	00008117	auipc	x2,0x8	  x2=0x80008564
        2315000	       230	8000056c	dae10113	addi	x2,x2,-594	  x2:0x80008564  x2=0x80008312
        2325000	       231	80000570	00000013	addi	x0,x0,0	  x0:0x00000000
        2335000	       232	80000574	27710aa3	sb	x23,629(x2)	  x2:0x80008312 x23:0x00000000 PA:0x80008587
        2345000	       233	80000578	00c296b3	sll	x13,x5,x12	  x5:0x00000000 x12:0x00000069 x13=0x00000000
        2355000	       234	8000057c	01028933	add	x18,x5,x16	  x5:0x00000000 x16:0x00000000 x18=0x00000000
        2365000	       235	80000580	0dc15f83	lhu	x31,220(x2)	  x2:0x80008312 x31=0x0000a4a5 PA:0x800083ee
        2375000	       236	80000584	41b45d13	srai	x26,x8,0x1b	  x8:0x00000000 x26=0x00000000
        2385000	       237	80000588	1cb93993	sltiu	x19,x18,459	 x18:0x00000000 x19=0x00000001
        2395000	       238	8000058c	f1e10803	lb	x16,-226(x2)	  x2:0x80008312 x16=0xffffffeb PA:0x80008230
        2405000	       239	80000590	40db8ab3	sub	x21,x23,x13	 x23:0x00000000 x13:0x00000000 x21=0x00000000
        2415000	       240	80000594	0185beb3	sltu	x29,x11,x24	 x11:0x00000000 x24:0xa0000000 x29=0x00000001
        2425000	       241	80000598	00000013	addi	x0,x0,0	  x0:0x00000000
        2435000	       242	8000059c	a895f697	auipc	x13,0xa895f	 x13=0x2895f598
        2445000	       243	800005a0	016ea6b3	slt	x13,x29,x22	 x29:0x00000001 x22:0x80009f64 x13=0x00000000
        2455000	       244	800005a4	4eb102a3	sb	x11,1253(x2)	  x2:0x80008312 x11:0x00000000 PA:0x800087f7
        2465000	       245	800005a8	9e868337	lui	x6,0x9e868	  x6=0x9e868000
        2475000	       246	800005ac	0d614a03	lbu	x20,214(x2)	  x2:0x80008312 x20=0x000000a3 PA:0x800083e8
        2485000	       247	800005b0	01e39193	slli	x3,x7,0x1e	  x7:0xe8696eb3  x3=0xc0000000
        2495000	       248	800005b4	41110ca3	sb	x17,1049(x2)	  x2:0x80008312 x17:0xffffff9d PA:0x8000872b
        2505000	       249	800005b8	4168dbb3	sra	x23,x17,x22	 x17:0xffffff9d x22:0x80009f64 x23=0xfffffff9
        2515000	       250	800005bc	014f33b3	sltu	x7,x30,x20	 x30:0x80009fc4 x20:0x000000a3  x7=0x00000000
        2525000	       251	800005c0	4199d413	srai	x8,x19,0x19	 x19:0x00000001  x8=0x00000000
        2535000	       252	800005c4	00984833	xor	x16,x16,x9	 x16:0xffffffeb  x9:0x00003435 x16=0xffffcbde
        2545000	       253	800005c8	e7fe4913	xori	x18,x28,-385	 x28:0x00000001 x18=0xfffffe7e
        2555000	       254	800005cc	1e011c03	lh	x24,480(x2)	  x2:0x80008312 x24=0xffffa8a9 PA:0x800084f2
        2565000	       255	800005d0	1cc10ba3	sb	x12,471(x2)	  x2:0x80008312 x12:0x00000069 PA:0x800084e9
        2575000	       256	800005d4	84e7a593	slti	x11,x15,-1970	 x15:0x80000270 x11=0x00000001
        2585000	       257	800005d8	33214b83	lbu	x23,818(x2)	  x2:0x80008312 x23=0x000000ff PA:0x80008644
        2595000	       258	800005dc	24910183	lb	x3,585(x2)	  x2:0x80008312  x3=0x00000010 PA:0x8000855b
        2605000	       259	800005e0	0e232513	slti	x10,x6,226	  x6:0x9e868000 x10=0x00000001
        2615000	       260	800005e4	01c5ccb3	xor	x25,x11,x28	 x11:0x00000001 x28:0x00000001 x25=0x00000000
        2625000	       261	800005e8	24011523	sh	x0,586(x2)	  x2:0x80008312  x0:0x00000000 PA:0x8000855c
        2635000	       262	800005ec	4cddf797	auipc	x15,0x4cddf	 x15=0xccddf5e8
        2645000	       263	800005f0	a49bfe97	auipc	x29,0xa49bf	 x29=0x249bf5ec
        2655000	       264	800005f4	417cd693	srai	x13,x25,0x17	 x25:0x00000000 x13=0x00000000
        2665000	       265	800005f8	e4c33993	sltiu	x19,x6,-436	  x6:0x9e868000 x19=0x00000001
        2675000	       266	800005fc	f58bc193	xori	x3,x23,-168	 x23:0x000000ff  x3=0xffffffa7
        2685000	       267	80000600	32314383	lbu	x7,803(x2)	  x2:0x80008312  x7=0x000000ee PA:0x80008635
        2695000	       268	80000604	00008117	auipc	x2,0x8	  x2=0x80008600
        2705000	       269	80000608	54610113	addi	x2,x2,1350	  x2:0x80008600  x2=0x80008b46
        2715000	       270	8000060c	00c11a23	sh	x12,20(x2)	  x2:0x80008b46 x12:0x00000069 PA:0x80008b5a
        2725000	       271	80000610	01410b83	lb	x23,20(x2)	  x2:0x80008b46 x23=0x00000069 PA:0x80008b5a
        2735000	       272	80000614	0042fcb3	and	x25,x5,x4	  x5:0x00000000  x4:0x00000000 x25=0x00000000
        2745000	       273	80000618	03e12083	lw	x1,62(x2)	  x2:0x80008b46  x1=0x6c6d6e6f PA:0x80008b84
        2755000	       274	8000061c	02815b83	lhu	x23,40(x2)	  x2:0x80008b46 x23=0x00005455 PA:0x80008b6e
        2765000	       275	80000620	02914303	lbu	x6,41(x2)	  x2:0x80008b46  x6=0x00000054 PA:0x80008b6f
        2775000	       276	80000624	027104a3	sb	x7,41(x2)	  x2:0x80008b46  x7:0x000000ee PA:0x80008b6f
        2785000	       277	80000628	00a15683	lhu	x13,10(x2)	  x2:0x80008b46 x13=0x00003a3b PA:0x80008b50
        2795000	       278	8000062c	01826ab3	or	x21,x4,x24	  x4:0x00000000 x24:0xffffa8a9 x21=0xffffa8a9
        2805000	       279	80000630	00a11203	lh	x4,10(x2)	  x2:0x80008b46  x4=0x00003a3b PA:0x80008b50
        2815000	       280	80000634	f9804d93	xori	x27,x0,-104	  x0:0x00000000 x27=0xffffff98
        2825000	       281	80000638	00699533	sll	x10,x19,x6	 x19:0x00000001  x6:0x00000054 x10=0x00100000
        2835000	       282	8000063c	00a10483	lb	x9,10(x2)	  x2:0x80008b46  x9=0x0000003b PA:0x80008b50
        2845000	       283	80000640	00414d83	lbu	x27,4(x2)	  x2:0x80008b46 x27=0x00000031 PA:0x80008b4a
        2855000	       284	80000644	fc614803	lbu	x16,-58(x2)	  x2:0x80008b46 x16=0x000000f7 PA:0x80008b0c
        2865000	       285	00000000	00000013	addi	x0,x0,0	  x0:0x00000000
        2875000	       286	80000648	5a880713	addi	x14,x16,1448	 x16:0x000000f7 x14=0x0000069f
        2885000	       287	8000064c	fd110383	lb	x7,-47(x2)	  x2:0x80008b46  x7=0xfffffffc PA:0x80008b17
        2895000	       288	80000650	fca10da3	sb	x10,-37(x2)	  x2:0x80008b46 x10:0x00100000 PA:0x80008b21
        2905000	       289	80000654	fc610603	lb	x12,-58(x2)	  x2:0x80008b46 x12=0xfffffff7 PA:0x80008b0c
        2915000	       290	80000658	fc611783	lh	x15,-58(x2)	  x2:0x80008b46 x15=0xfffff6f7 PA:0x80008b0c
        2925000	       291	8000065c	01d14483	lbu	x9,29(x2)	  x2:0x80008b46  x9=0x00000048 PA:0x80008b63
        2935000	       292	80000660	01d14783	lbu	x15,29(x2)	  x2:0x80008b46 x15=0x00000048 PA:0x80008b63
        2945000	       293	80000664	00008117	auipc	x2,0x8	  x2=0x80008660
        2955000	       294	80000668	47210113	addi	x2,x2,1138	  x2:0x80008660  x2=0x80008ad2
        2965000	       295	8000066c	019109b3	add	x19,x2,x25	  x2:0x80008ad2 x25:0x00000000 x19=0x80008ad2
        2975000	       296	80000670	01510823	sb	x21,16(x2)	  x2:0x80008ad2 x21:0xffffa8a9 PA:0x80008ae2
        2985000	       297	80000674	016c7533	and	x10,x24,x22	 x24:0xffffa8a9 x22:0x80009f64 x10=0x80008820
        2995000	       298	80000678	01015003	lhu	x0,16(x2)	  x2:0x80008ad2 PA:0x80008ae2
        3005000	       299	8000067c	5c862e13	slti	x28,x12,1480	 x12:0xfffffff7 x28=0x00000001
        3015000	       300	80000680	00aa3e33	sltu	x28,x20,x10	 x20:0x000000a3 x10:0x80008820 x28=0x00000001
        3025000	       301	80000684	01014903	lbu	x18,16(x2)	  x2:0x80008ad2 x18=0x000000a9 PA:0x80008ae2
        3035000	       302	80000688	01011e83	lh	x29,16(x2)	  x2:0x80008ad2 x29=0xffffc8a9 PA:0x80008ae2
        3045000	       303	8000068c	ff410303	lb	x6,-12(x2)	  x2:0x80008ad2  x6=0xffffffad PA:0x80008ac6
        3055000	       304	80000690	fea10a23	sb	x10,-12(x2)	  x2:0x80008ad2 x10:0x80008820 PA:0x80008ac6
        3065000	       305	80000694	ff212083	lw	x1,-14(x2)	  x2:0x80008ad2  x1=0xac20aeaf PA:0x80008ac4
        3075000	       306	80000698	ff210703	lb	x14,-14(x2)	  x2:0x80008ad2 x14=0xffffffaf PA:0x80008ac4
        3085000	       307	8000069c	fe811923	sh	x8,-14(x2)	  x2:0x80008ad2  x8:0x00000000 PA:0x80008ac4
        3095000	       308	800006a0	ff211803	lh	x16,-14(x2)	  x2:0x80008ad2 x16=0x00000000 PA:0x80008ac4
        3105000	       309	800006a4	ff212e03	lw	x28,-14(x2)	  x2:0x80008ad2 x28=0xac200000 PA:0x80008ac4
        3115000	       310	800006a8	ff911923	sh	x25,-14(x2)	  x2:0x80008ad2 x25:0x00000000 PA:0x80008ac4
        3125000	       311	800006ac	fed10923	sb	x13,-14(x2)	  x2:0x80008ad2 x13:0x00003a3b PA:0x80008ac4
        3135000	       312	800006b0	ff210383	lb	x7,-14(x2)	  x2:0x80008ad2  x7=0x0000003b PA:0x80008ac4
        3145000	       313	800006b4	fea10923	sb	x10,-14(x2)	  x2:0x80008ad2 x10:0x80008820 PA:0x80008ac4
        3155000	       314	800006b8	fe711923	sh	x7,-14(x2)	  x2:0x80008ad2  x7:0x0000003b PA:0x80008ac4
        3165000	       315	800006bc	00008117	auipc	x2,0x8	  x2=0x800086b8
        3175000	       316	800006c0	1f510113	addi	x2,x2,501	  x2:0x800086b8  x2=0x800088ad
        3185000	       317	800006c4	0199d713	srli	x14,x19,0x19	 x19:0x80008ad2 x14=0x00000040
        3195000	       318	800006c8	0f610e03	lb	x28,246(x2)	  x2:0x800088ad x28=0xffffff88 PA:0x800089a3
        3205000	       319	800006cc	0a7110a3	sh	x7,161(x2)	  x2:0x800088ad  x7:0x0000003b PA:0x8000894e
        3215000	       320	800006d0	05614e83	lbu	x29,86(x2)	  x2:0x800088ad x29=0x000000e8 PA:0x80008903
        3225000	       321	800006d4	00096cb3	or	x25,x18,x0	 x18:0x000000a9  x0:0x00000000 x25=0x000000a9
        3235000	       322	800006d8	05614d83	lbu	x27,86(x2)	  x2:0x800088ad x27=0x000000e8 PA:0x80008903
        3245000	       323	800006dc	04f10b23	sb	x15,86(x2)	  x2:0x800088ad x15:0x00000048 PA:0x80008903
        3255000	       324	800006e0	05614a83	lbu	x21,86(x2)	  x2:0x800088ad x21=0x00000048 PA:0x80008903
        3265000	       325	00000000	00000013	addi	x0,x0,0	  x0:0x00000000
        3275000	       326	800006e4	05510b23	sb	x21,86(x2)	  x2:0x800088ad x21:0x00000048 PA:0x80008903
        3285000	       327	800006e8	006885b3	add	x11,x17,x6	 x17:0xffffff9d  x6:0xffffffad x11=0xffffff4a
        3295000	       328	800006ec	05110b23	sb	x17,86(x2)	  x2:0x800088ad x17:0xffffff9d PA:0x80008903
        3305000	       329	800006f0	05614a83	lbu	x21,86(x2)	  x2:0x800088ad x21=0x0000009d PA:0x80008903
        3315000	       330	800006f4	04310b23	sb	x3,86(x2)	  x2:0x800088ad  x3:0xffffffa7 PA:0x80008903
        3325000	       331	800006f8	05614d83	lbu	x27,86(x2)	  x2:0x800088ad x27=0x000000a7 PA:0x80008903
        3335000	       332	800006fc	01de4833	xor	x16,x28,x29	 x28:0xffffff88 x29:0x000000e8 x16=0xffffff60
        3345000	       333	80000700	f7715603	lhu	x12,-137(x2)	  x2:0x800088ad x12=0x00000e0f PA:0x80008824
        3355000	       334	80000704	06115303	lhu	x6,97(x2)	  x2:0x800088ad  x6=0x0000f4f5 PA:0x8000890e
        3365000	       335	80000708	fe010c03	lb	x24,-32(x2)	  x2:0x800088ad x24=0x00000076 PA:0x8000888d
        3375000	       336	8000070c	001b8ab3	add	x21,x23,x1	 x23:0x00005455  x1:0xac20aeaf x21=0xac210304
        3385000	       337	80000710	09712d03	lw	x26,151(x2)	  x2:0x800088ad x26=0x2c2d2e2f PA:0x80008944
        3395000	       338	80000714	09712883	lw	x17,151(x2)	  x2:0x800088ad x17=0x2c2d2e2f PA:0x80008944
        3405000	       339	80000718	09714e03	lbu	x28,151(x2)	  x2:0x800088ad x28=0x0000002f PA:0x80008944
        3415000	       340	8000071c	00008197	auipc	x3,0x8	  x3=0x80008718
        3425000	       341	80000720	47318193	addi	x3,x3,1139	  x3:0x80008718  x3=0x80008b8b
        3435000	       342	80000724	00000013	addi	x0,x0,0	  x0:0x00000000
        3445000	       343	80000728	b91f0793	addi	x15,x30,-1135	 x30:0x80009fc4 x15=0x80009b55
        3455000	       344	8000072c	fd71c883	lbu	x17,-41(x3)	  x3:0x80008b8b x17=0x00000049 PA:0x80008b62
        3465000	       345	80000730	0e61cc03	lbu	x24,230(x3)	  x3:0x80008b8b x24=0x0000005a PA:0x80008c71
        3475000	       346	80000734	06c18c03	lb	x24,108(x3)	  x3:0x80008b8b x24=0xffffffdc PA:0x80008bf7
        3485000	       347	80000738	f021c783	lbu	x15,-254(x3)	  x3:0x80008b8b x15=0x00000076 PA:0x80008a8d
        3495000	       348	8000073c	40a15393	srai	x7,x2,0xa	  x2:0x800088ad  x7=0xffe00022
        3505000	       349	80000740	0261c703	lbu	x14,38(x3)	  x3:0x80008b8b x14=0x0000009a PA:0x80008bb1
        3515000	       350	80000744	015d9933	sll	x18,x27,x21	 x27:0x000000a7 x21:0xac210304 x18=0x00000a70
        3525000	       351	80000748	a4a60217	auipc	x4,0xa4a60	  x4=0x24a60744
        3535000	       352	8000074c	3b8e78b7	lui	x17,0x3b8e7	 x17=0x3b8e7000
        3545000	       353	80000750	07f1c083	lbu	x1,127(x3)	  x3:0x80008b8b  x1=0x000000f1 PA:0x80008c0a
        3555000	       354	80000754	00070833	add	x16,x14,x0	 x14:0x0000009a  x0:0x00000000 x16=0x0000009a
        3565000	       355	80000758	15cd4b93	xori	x23,x26,348	 x26:0x2c2d2e2f x23=0x2c2d2f73
        3575000	       356	8000075c	04384797	auipc	x15,0x4384	 x15=0x84384758
        3585000	       357	80000760	41310eb3	sub	x29,x2,x19	  x2:0x800088ad x19:0x80008ad2 x29=0xfffffddb
        3595000	       358	80000764	41c80733	sub	x14,x16,x28	 x16:0x0000009a x28:0x0000002f x14=0x0000006b
        3605000	       359	80000768	8ce2c613	xori	x12,x5,-1842	  x5:0x00000000 x12=0xfffff8ce
        3615000	       360	8000076c	03618c83	lb	x25,54(x3)	  x3:0x80008b8b x25=0xffffffaa PA:0x80008bc1
        3625000	       361	80000770	02e18603	lb	x12,46(x3)	  x3:0x80008b8b x12=0xffffffa2 PA:0x80008bb9
        3635000	       362	80000774	fd518303	lb	x6,-43(x3)	  x3:0x80008b8b  x6=0x0000004b PA:0x80008b60
        3645000	       363	80000778	00ecebb3	or	x23,x25,x14	 x25:0xffffffaa x14:0x0000006b x23=0xffffffeb
        3655000	       364	8000077c	06f1d803	lhu	x16,111(x3)	  x3:0x80008b8b x16=0x0000e0e1 PA:0x80008bfa
        3665000	       365	80000780	41f9d613	srai	x12,x19,0x1f	 x19:0x80008ad2 x12=0xffffffff
        3675000	       366	80000784	7ec96e93	ori	x29,x18,2028	 x18:0x00000a70 x29=0x00000ffc
        3685000	       367	80000788	00d99333	sll	x6,x19,x13	 x19:0x80008ad2 x13:0x00003a3b  x6=0x90000000
        3695000	       368	8000078c	d7a90913	addi	x18,x18,-646	 x18:0x00000a70 x18=0x000007ea
        3705000	       369	80000790	4126d633	sra	x12,x13,x18	 x13:0x00003a3b x18:0x000007ea x12=0x0000000e
        3715000	       370	80000794	f8e18003	lb	x0,-114(x3)	  x3:0x80008b8b PA:0x80008b19
        3725000	       371	80000798	0a0194a3	sh	x0,169(x3)	  x3:0x80008b8b  x0:0x00000000 PA:0x80008c34
        3735000	       372	8000079c	f3119903	lh	x18,-207(x3)	  x3:0x80008b8b x18=0xffffa6a7 PA:0x80008abc
        3745000	       373	800007a0	68f88817	auipc	x16,0x68f88	 x16=0xe8f8879c
        3755000	       374	800007a4	0a41c103	lbu	x2,164(x3)	  x3:0x80008b8b  x2=0x00000014 PA:0x80008c2f
        3765000	       375	800007a8	00008d17	auipc	x26,0x8	 x26=0x800087a4
        3775000	       376	800007ac	37ad0d13	addi	x26,x26,890	 x26:0x800087a4 x26=0x80008b1e
        3785000	       377	800007b0	00008a17	auipc	x20,0x8	 x20=0x800087ac
        3795000	       378	800007b4	402a0a13	addi	x20,x20,1026	 x20:0x800087ac x20=0x80008bae
        3805000	       379	800007b8	00008d97	auipc	x27,0x8	 x27=0x800087b4
        3815000	       380	800007bc	5b7d8d93	addi	x27,x27,1463	 x27:0x800087b4 x27=0x80008d6b
        3825000	       381	800007c0	fffd4e83	lbu	x29,-1(x26)	 x26:0x80008b1e x29=0x00000006 PA:0x80008b1d
        3835000	       382	800007c4	f89a4403	lbu	x8,-119(x20)	 x20:0x80008bae  x8=0x0000001c PA:0x80008b37
        3845000	       383	800007c8	02cd0303	lb	x6,44(x26)	 x26:0x80008b1e  x6=0x00000031 PA:0x80008b4a
        3855000	       384	800007cc	057a0d23	sb	x23,90(x20)	 x20:0x80008bae x23:0xffffffeb PA:0x80008c08
        3865000	       385	800007d0	fc6d2303	lw	x6,-58(x26)	 x26:0x80008b1e  x6=0xcccdcecf PA:0x80008ae4
        3875000	       386	800007d4	1f4d8903	lb	x18,500(x27)	 x27:0x80008d6b x18=0x00000044 PA:0x80008f5f
        3885000	       387	800007d8	067a0e83	lb	x29,103(x20)	 x20:0x80008bae x29=0xfffffffe PA:0x80008c15
        3895000	       388	800007dc	fcaa0da3	sb	x10,-37(x20)	 x20:0x80008bae x10:0x80008820 PA:0x80008b89
        3905000	       389	800007e0	112d8683	lb	x13,274(x27)	 x27:0x80008d6b x13=0x00000066 PA:0x80008e7d
        3915000	       390	800007e4	c96d85a3	sb	x22,-885(x27)	 x27:0x80008d6b x22:0x80009f64 PA:0x800089f6
        3925000	       391	800007e8	037d4e83	lbu	x29,55(x26)	 x26:0x80008b1e x29=0x0000003e PA:0x80008b55
        3935000	       392	800007ec	b05d8603	lb	x12,-1275(x27)	 x27:0x80008d6b x12=0x0000005b PA:0x80008870
        3945000	       393	800007f0	e9cdcc83	lbu	x25,-356(x27)	 x27:0x80008d6b x25=0x000000ec PA:0x80008c07
        3955000	       394	800007f4	fe4d0da3	sb	x4,-5(x26)	 x26:0x80008b1e  x4:0x24a60744 PA:0x80008b19
        3965000	       395	800007f8	fead5003	lhu	x0,-22(x26)	 x26:0x80008b1e PA:0x80008b08
        3975000	       396	800007fc	fb5a2723	sw	x21,-82(x20)	 x20:0x80008bae x21:0xac210304 PA:0x80008b5c
        3985000	       397	80000800	bb0d8583	lb	x11,-1104(x27)	 x27:0x80008d6b x11=0x00000000 PA:0x8000891b
        3995000	       398	80000804	019d4803	lbu	x16,25(x26)	 x26:0x80008b1e x16=0x0000001c PA:0x80008b37
        4005000	       399	80000808	1e7d94a3	sh	x7,489(x27)	 x27:0x80008d6b  x7:0xffe00022 PA:0x80008f54
        4015000	       400	8000080c	f4ba0e03	lb	x28,-181(x20)	 x20:0x80008bae x28=0xffffffe2 PA:0x80008af9
        4025000	       401	80000810	be6d8623	sb	x6,-1044(x27)	 x27:0x80008d6b  x6:0xcccdcecf PA:0x80008957
        4035000	       402	80000814	00008e17	auipc	x28,0x8	 x28=0x80008810
        4045000	       403	80000818	78ce0e13	addi	x28,x28,1932	 x28:0x80008810 x28=0x80008f9c
        4055000	       404	8000081c	00008697	auipc	x13,0x8	 x13=0x80008818
        4065000	       405	80000820	24468693	addi	x13,x13,580	 x13:0x80008818 x13=0x80008a5c
        4075000	       406	80000824	004e1723	sh	x4,14(x28)	 x28:0x80008f9c  x4:0x24a60744 PA:0x80008faa
        4085000	       407	80000828	e026d703	lhu	x14,-510(x13)	 x13:0x80008a5c x14=0x00004445 PA:0x8000885e
        4095000	       408	8000082c	3c36c503	lbu	x10,963(x13)	 x13:0x80008a5c x10=0x00000004 PA:0x80008e1f
        4105000	       409	80000830	ffce1b23	sh	x28,-10(x28)	 x28:0x80008f9c x28:0x80008f9c PA:0x80008f92
        4115000	       410	80000834	fece2e23	sw	x12,-4(x28)	 x28:0x80008f9c x12:0x0000005b PA:0x80008f98
        4125000	       411	80000838	47269e23	sh	x18,1148(x13)	 x13:0x80008a5c x18:0x00000044 PA:0x80008ed8
        4135000	       412	8000083c	002e1403	lh	x8,2(x28)	 x28:0x80008f9c  x8=0xffff8485 PA:0x80008f9e
        4145000	       413	80000840	009e4303	lbu	x6,9(x28)	 x28:0x80008f9c  x6=0x0000008e PA:0x80008fa5
        4155000	       414	80000844	2806db83	lhu	x23,640(x13)	 x13:0x80008a5c x23=0x0000c6c7 PA:0x80008cdc
        4165000	       415	80000848	fefe0fa3	sb	x15,-1(x28)	 x28:0x80008f9c x15:0x84384758 PA:0x80008f9b
        4175000	       416	8000084c	fdb68e83	lb	x29,-37(x13)	 x13:0x80008a5c x29=0x0000001c PA:0x80008a37
        4185000	       417	80000850	ffbe4c83	lbu	x25,-5(x28)	 x28:0x80008f9c x25=0x0000007c PA:0x80008f97
        4195000	       418	80000854	fece2c23	sw	x12,-8(x28)	 x28:0x80008f9c x12:0x0000005b PA:0x80008f94
        4205000	       419	80000858	2426c703	lbu	x14,578(x13)	 x13:0x80008a5c x14=0x00000085 PA:0x80008c9e
        4215000	       420	8000085c	00869b23	sh	x8,22(x13)	 x13:0x80008a5c  x8:0xffff8485 PA:0x80008a72
        4225000	       421	80000860	ff9e4a03	lbu	x20,-7(x28)	 x28:0x80008f9c x20=0x00000000 PA:0x80008f95
        4235000	       422	80000864	ff8e5b83	lhu	x23,-8(x28)	 x28:0x80008f9c x23=0x0000005b PA:0x80008f94
        4245000	       423	80000868	0ed68083	lb	x1,237(x13)	 x13:0x80008a5c  x1=0x00000032 PA:0x80008b49
        4255000	       424	00000000	00000013	addi	x0,x0,0	  x0:0x00000000
        4265000	       425	8000086c	00008617	auipc	x12,0x8	 x12=0x80008868
        4275000	       426	80000870	87760613	addi	x12,x12,-1929	 x12:0x80008868 x12=0x800080df
        4285000	       427	80000874	4161d993	srai	x19,x3,0x16	  x3:0x80008b8b x19=0xfffffe00
        4295000	       428	80000878	15a60003	lb	x0,346(x12)	 x12:0x800080df PA:0x80008239
        4305000	       429	8000087c	09e60e23	sb	x30,156(x12)	 x12:0x800080df x30:0x80009fc4 PA:0x8000817b
        4315000	       430	80000880	03962683	lw	x13,57(x12)	 x12:0x800080df x13=0xd0d1d2d3 PA:0x80008118
        4325000	       431	00000000	00000013	addi	x0,x0,0	  x0:0x00000000
        4335000	       432	80000884	38df0a97	auipc	x21,0x38df0	 x21=0xb8df0880
        4345000	       433	80000888	33d610a3	sh	x29,801(x12)	 x12:0x800080df x29:0x0000001c PA:0x80008400
        4355000	       434	8000088c	00b5a113	slti	x2,x11,11	 x11:0x00000000  x2=0x00000001
        4365000	       435	80000890	411b5fb3	sra	x31,x22,x17	 x22:0x80009f64 x17:0x3b8e7000 x31=0x80009f64
        4375000	       436	80000894	10460983	lb	x19,260(x12)	 x12:0x800080df x19=0xffffff98 PA:0x800081e3
        4385000	       437	80000898	00d0d833	srl	x16,x1,x13	  x1:0x00000032 x13:0xd0d1d2d3 x16=0x00000000
        4395000	       438	8000089c	414cd713	srai	x14,x25,0x14	 x25:0x0000007c x14=0x00000000
        4405000	       439	800008a0	11d60423	sb	x29,264(x12)	 x12:0x800080df x29:0x0000001c PA:0x800081e7
        4415000	       440	800008a4	0cb62aa3	sw	x11,213(x12)	 x12:0x800080df x11:0x00000000 PA:0x800081b4
        4425000	       441	800008a8	17e64383	lbu	x7,382(x12)	 x12:0x800080df  x7=0x00000016 PA:0x8000825d
        4435000	       442	800008ac	00b5d933	srl	x18,x11,x11	 x11:0x00000000 x11:0x00000000 x18=0x00000000
        4445000	       443	800008b0	00000013	addi	x0,x0,0	  x0:0x00000000
        4455000	       444	800008b4	f96606a3	sb	x22,-115(x12)	 x12:0x800080df x22:0x80009f64 PA:0x8000806c
        4465000	       445	800008b8	20e64203	lbu	x4,526(x12)	 x12:0x800080df  x4=0x000000a6 PA:0x800082ed
        4475000	       446	800008bc	0026a933	slt	x18,x13,x2	 x13:0xd0d1d2d3  x2:0x00000001 x18=0x00000001
        4485000	       447	800008c0	18761c03	lh	x24,391(x12)	 x12:0x800080df x24=0x00001c1d PA:0x80008266
        4495000	       448	800008c4	0046db93	srli	x23,x13,0x4	 x13:0xd0d1d2d3 x23=0x0d0d1d2d
        4505000	       449	800008c8	01f71e93	slli	x29,x14,0x1f	 x14:0x00000000 x29=0x00000000
        4515000	       450	800008cc	f1e3fc93	andi	x25,x7,-226	  x7:0x00000016 x25=0x00000016
        4525000	       451	800008d0	ff965583	lhu	x11,-7(x12)	 x12:0x800080df x11=0x00009293 PA:0x800080d8
        4535000	       452	800008d4	3fe60083	lb	x1,1022(x12)	 x12:0x800080df  x1=0xffffff96 PA:0x800084dd
        4545000	       453	800008d8	61c64383	lbu	x7,1564(x12)	 x12:0x800080df  x7=0x000000b0 PA:0x800086fb
        4555000	       454	00000000	00000013	addi	x0,x0,0	  x0:0x00000000
        4565000	       455	800008dc	7543b413	sltiu	x8,x7,1876	  x7:0x000000b0  x8=0x00000001
        4575000	       456	800008e0	01561593	slli	x11,x12,0x15	 x12:0x800080df x11=0x1be00000
        4585000	       457	800008e4	40658133	sub	x2,x11,x6	 x11:0x1be00000  x6:0x0000008e  x2=0x1bdfff72
        4595000	       458	800008e8	00dd38b3	sltu	x17,x26,x13	 x26:0x80008b1e x13:0xd0d1d2d3 x17=0x00000001
        4605000	       459	800008ec	41cf5d33	sra	x26,x30,x28	 x30:0x80009fc4 x28:0x80008f9c x26=0xfffffff8
        4615000	       460	800008f0	eb976c13	ori	x24,x14,-327	 x14:0x00000000 x24=0xfffffeb9
        4625000	       461	800008f4	012bd5b3	srl	x11,x23,x18	 x23:0x0d0d1d2d x18:0x00000001 x11=0x06868e96
        4635000	       462	800008f8	00263bb3	sltu	x23,x12,x2	 x12:0x800080df  x2:0x1bdfff72 x23=0x00000000
        4645000	       463	800008fc	41f85eb3	sra	x29,x16,x31	 x16:0x00000000 x31:0x80009f64 x29=0x00000000
        4655000	       464	80000900	010f11b3	sll	x3,x30,x16	 x30:0x80009fc4 x16:0x00000000  x3=0x80009fc4
        4665000	       465	80000904	71162303	lw	x6,1809(x12)	 x12:0x800080df  x6=0xa8a9aaab PA:0x800087f0
        4675000	       466	80000908	291603a3	sb	x17,647(x12)	 x12:0x800080df x17:0x00000001 PA:0x80008366
        4685000	       467	8000090c	56e60da3	sb	x14,1403(x12)	 x12:0x800080df x14:0x00000000 PA:0x8000865a
        4695000	       468	80000910	015ab6b3	sltu	x13,x21,x21	 x21:0xb8df0880 x21:0xb8df0880 x13=0x00000000
        4705000	       469	80000914	52160da3	sb	x1,1339(x12)	 x12:0x800080df  x1:0xffffff96 PA:0x8000861a
        4715000	       470	80000918	00abf4b3	and	x9,x23,x10	 x23:0x00000000 x10:0x00000004  x9=0x00000000
        4725000	       471	8000091c	50c604a3	sb	x12,1289(x12)	 x12:0x800080df x12:0x800080df PA:0x800085e8
        4735000	       472	80000920	01eaa3b3	slt	x7,x21,x30	 x21:0xb8df0880 x30:0x80009fc4  x7=0x00000000
        4745000	       473	80000924	c551ed93	ori	x27,x3,-939	  x3:0x80009fc4 x27=0xffffffd5
        4755000	       474	80000928	01625493	srli	x9,x4,0x16	  x4:0x000000a6  x9=0x00000000
        4765000	       475	8000092c	41965213	srai	x4,x12,0x19	 x12:0x800080df  x4=0xffffffc0
        4775000	       476	80000930	0d760723	sb	x23,206(x12)	 x12:0x800080df x23:0x00000000 PA:0x800081ad
        4785000	       477	80000934	00008697	auipc	x13,0x8	 x13=0x80008930
        4795000	       478	80000938	b7a68693	addi	x13,x13,-1158	 x13:0x80008930 x13=0x800084aa
        4805000	       479	8000093c	00008917	auipc	x18,0x8	 x18=0x80008938
        4815000	       480	80000940	b8190913	addi	x18,x18,-1151	 x18:0x80008938 x18=0x800084b9
        4825000	       481	80000944	00c6ad23	sw	x12,26(x13)	 x13:0x800084aa x12:0x800080df PA:0x800084c4
        4835000	       482	80000948	ccb90a23	sb	x11,-812(x18)	 x18:0x800084b9 x11:0x06868e96 PA:0x8000818d
        4845000	       483	8000094c	01068ca3	sb	x16,25(x13)	 x13:0x800084aa x16:0x00000000 PA:0x800084c3
        4855000	       484	80000950	00c68c03	lb	x24,12(x13)	 x13:0x800084aa x24=0x0000006d PA:0x800084b6
        4865000	       485	80000954	c8994883	lbu	x17,-887(x18)	 x18:0x800084b9 x17=0x000000f9 PA:0x80008142
        4875000	       486	80000958	fe16c503	lbu	x10,-31(x13)	 x13:0x800084aa x10=0x00000040 PA:0x8000848b
        4885000	       487	8000095c	dd490023	sb	x20,-576(x18)	 x18:0x800084b9 x20:0x00000000 PA:0x80008279
        4895000	       488	80000960	013684a3	sb	x19,9(x13)	 x13:0x800084aa x19:0xffffff98 PA:0x800084b3
        4905000	       489	80000964	f3c916a3	sh	x28,-211(x18)	 x18:0x800084b9 x28:0x80008f9c PA:0x800083e6
        4915000	       490	80000968	fc469b23	sh	x4,-42(x13)	 x13:0x800084aa  x4:0xffffffc0 PA:0x80008480
        4925000	       491	8000096c	f8e94183	lbu	x3,-114(x18)	 x18:0x800084b9  x3=0x000000fc PA:0x80008447
        4935000	       492	80000970	fd6684a3	sb	x22,-55(x13)	 x13:0x800084aa x22:0x80009f64 PA:0x80008473
        4945000	       493	80000974	d55902a3	sb	x21,-699(x18)	 x18:0x800084b9 x21:0xb8df0880 PA:0x800081fe
        4955000	       494	80000978	ff969223	sh	x25,-28(x13)	 x13:0x800084aa x25:0x00000016 PA:0x8000848e
        4965000	       495	8000097c	0166de83	lhu	x29,22(x13)	 x13:0x800084aa x29=0x00007a7b PA:0x800084c0
        4975000	       496	00000000	00000013	addi	x0,x0,0	  x0:0x00000000
        4985000	       497	80000980	400ed713	srai	x14,x29,0x0	 x29:0x00007a7b x14=0x00007a7b
        4995000	       498	80000984	417f81b3	sub	x3,x31,x23	 x31:0x80009f64 x23:0x00000000  x3=0x80009f64
        5005000	       499	80000988	404c5e33	sra	x28,x24,x4	 x24:0x0000006d  x4:0xffffffc0 x28=0x0000006d
        5015000	       500	8000098c	037d8263	beq	x27,x23,800009b0	 x27:0xffffffd5 x23:0x00000000
        5025000	       501	80000990	07b90863	beq	x18,x27,80000a00	 x18:0x800084b9 x27:0xffffffd5
        5035000	       502	80000994	00f38d33	add	x26,x7,x15	  x7:0x00000000 x15:0x84384758 x26=0x84384758
        5045000	       503	80000998	68ff3113	sltiu	x2,x30,1679	 x30:0x80009fc4  x2=0x00000000
        5055000	       504	8000099c	002b74b3	and	x9,x22,x2	 x22:0x80009f64  x2:0x00000000  x9=0x00000000
        5065000	       505	800009a0	4c423693	sltiu	x13,x4,1220	  x4:0xffffffc0 x13=0x00000000
        5075000	       506	800009a4	045d4a63	blt	x26,x5,800009f8	 x26:0x84384758  x5:0x00000000
        5085000	       507	00000000	00000013	addi	x0,x0,0	  x0:0x00000000
        5095000	       508	800009f4	00000013	addi	x0,x0,0	  x0:0x00000000
        5105000	       509	800009f8	004f1263	bne	x30,x4,800009fc	 x30:0x80009fc4  x4:0xffffffc0
        5115000	       510	00000000	00000013	addi	x0,x0,0	  x0:0x00000000
        5125000	       511	800009f8	00000013	addi	x0,x0,0	  x0:0x00000000
        5135000	       512	800009fc	035de463	bltu	x27,x21,80000a24	 x27:0xffffffd5 x21:0xb8df0880
        5145000	       513	80000a00	296ede97	auipc	x29,0x296ed	 x29=0xa96ed9fc
        5155000	       514	80000a04	012ac5b3	xor	x11,x21,x18	 x21:0xb8df0880 x18:0x800084b9 x11=0x38df8c39
        5165000	       515	80000a08	01ff38b3	sltu	x17,x30,x31	 x30:0x80009fc4 x31:0x80009f64 x17=0x00000000
        5175000	       516	80000a0c	4d1b0713	addi	x14,x22,1233	 x22:0x80009f64 x14=0x8000a435
        5185000	       517	80000a10	00eae333	or	x6,x21,x14	 x21:0xb8df0880 x14:0x8000a435  x6=0xb8dfacb5
        5195000	       518	80000a14	014ddc63	bge	x27,x20,80000a2c	 x27:0xffffffd5 x20:0x00000000
        5205000	       519	80000a18	aa7de393	ori	x7,x27,-1369	 x27:0xffffffd5  x7=0xfffffff7
        5215000	       520	80000a1c	d700ea13	ori	x20,x1,-656	  x1:0xffffff96 x20=0xfffffff6
        5225000	       521	80000a20	030a1863	bne	x20,x16,80000a50	 x20:0xfffffff6 x16:0x00000000
        5235000	       522	00000000	00000013	addi	x0,x0,0	  x0:0x00000000
        5245000	       523	80000a4c	00000013	addi	x0,x0,0	  x0:0x00000000
        5255000	       524	80000a50	03159863	bne	x11,x17,80000a80	 x11:0x38df8c39 x17:0x00000000
        5265000	       525	00000000	00000013	addi	x0,x0,0	  x0:0x00000000
        5275000	       526	80000a7c	00000013	addi	x0,x0,0	  x0:0x00000000
        5285000	       527	80000a80	b1370c93	addi	x25,x14,-1261	 x14:0x8000a435 x25=0x80009f48
        5295000	       528	80000a84	7012e397	auipc	x7,0x7012e	  x7=0xf012ea80
        5305000	       529	80000a88	6d08e513	ori	x10,x17,1744	 x17:0x00000000 x10=0x000006d0
        5315000	       530	80000a8c	d886ffb7	lui	x31,0xd886f	 x31=0xd886f000
        5325000	       531	80000a90	00000013	addi	x0,x0,0	  x0:0x00000000
        5335000	       532	80000a94	05b2f263	bgeu	x5,x27,80000ad8	  x5:0x00000000 x27:0xffffffd5
        5345000	       533	80000a98	01218463	beq	x3,x18,80000aa0	  x3:0x80009f64 x18:0x800084b9
        5355000	       534	80000a9c	01139193	slli	x3,x7,0x11	  x7:0xf012ea80  x3=0xd5000000
        5365000	       535	80000aa0	05bd4663	blt	x26,x27,80000aec	 x26:0x84384758 x27:0xffffffd5
        5375000	       536	00000000	00000013	addi	x0,x0,0	  x0:0x00000000
        5385000	       537	80000ae8	00000013	addi	x0,x0,0	  x0:0x00000000
        5395000	       538	80000aec	00061193	slli	x3,x12,0x0	 x12:0x800080df  x3=0x800080df
        5405000	       539	80000af0	0394f863	bgeu	x9,x25,80000b20	  x9:0x00000000 x25:0x80009f48
        5415000	       540	80000af4	025dce63	blt	x27,x5,80000b30	 x27:0xffffffd5  x5:0x00000000
        5425000	       541	00000000	00000013	addi	x0,x0,0	  x0:0x00000000
        5435000	       542	80000b2c	00000013	addi	x0,x0,0	  x0:0x00000000
        5445000	       543	80000b30	40a2d113	srai	x2,x5,0xa	  x5:0x00000000  x2=0x00000000
        5455000	       544	80000b34	9cb94897	auipc	x17,0x9cb94	 x17=0x1cb94b30
        5465000	       545	80000b38	01586bb3	or	x23,x16,x21	 x16:0x00000000 x21:0xb8df0880 x23=0xb8df0880
        5475000	       546	80000b3c	02500a63	beq	x0,x5,80000b70	  x0:0x00000000  x5:0x00000000
        5485000	       547	00000000	00000013	addi	x0,x0,0	  x0:0x00000000
        5495000	       548	80000b6c	00000013	addi	x0,x0,0	  x0:0x00000000
        5505000	       549	80000b70	00000013	addi	x0,x0,0	  x0:0x00000000
        5515000	       550	80000b74	01e40e33	add	x28,x8,x30	  x8:0x00000001 x30:0x80009fc4 x28=0x80009fc5
        5525000	       551	80000b78	0026d393	srli	x7,x13,0x2	 x13:0x00000000  x7=0x00000000
        5535000	       552	80000b7c	35aa8113	addi	x2,x21,858	 x21:0xb8df0880  x2=0xb8df0bda
        5545000	       553	80000b80	571eae93	slti	x29,x29,1393	 x29:0xa96ed9fc x29=0x00000001
        5555000	       554	80000b84	4036d513	srai	x10,x13,0x3	 x13:0x00000000 x10=0x00000000
        5565000	       555	80000b88	00a28db3	add	x27,x5,x10	  x5:0x00000000 x10:0x00000000 x27=0x00000000
        5575000	       556	80000b8c	00e65463	bge	x12,x14,80000b94	 x12:0x800080df x14:0x8000a435
        5585000	       557	80000b90	003cd4b3	srl	x9,x25,x3	 x25:0x80009f48  x3:0x800080df  x9=0x00000001
        5595000	       558	80000b94	02d81263	bne	x16,x13,80000bb8	 x16:0x00000000 x13:0x00000000
        5605000	       559	80000b98	001590b3	sll	x1,x11,x1	 x11:0x38df8c39  x1:0xffffff96  x1=0x0e400000
        5615000	       560	80000b9c	e7ca2d93	slti	x27,x20,-388	 x20:0xfffffff6 x27=0x00000000
        5625000	       561	80000ba0	03370863	beq	x14,x19,80000bd0	 x14:0x8000a435 x19:0xffffff98
        5635000	       562	80000ba4	fc185c37	lui	x24,0xfc185	 x24=0xfc185000
        5645000	       563	80000ba8	04619863	bne	x3,x6,80000bf8	  x3:0x800080df  x6:0xb8dfacb5
        5655000	       564	00000000	00000013	addi	x0,x0,0	  x0:0x00000000
        5665000	       565	80000bf4	00000013	addi	x0,x0,0	  x0:0x00000000
        5675000	       566	80000bf8	400151b3	sra	x3,x2,x0	  x2:0xb8df0bda  x0:0x00000000  x3=0xb8df0bda
        5685000	       567	80000bfc	02a8e263	bltu	x17,x10,80000c20	 x17:0x1cb94b30 x10:0x00000000
        5695000	       568	80000c00	c12a4c93	xori	x25,x20,-1006	 x20:0xfffffff6 x25=0x000003e4
        5705000	       569	80000c04	00b4ae33	slt	x28,x9,x11	  x9:0x00000001 x11:0x38df8c39 x28=0x00000001
        5715000	       570	80000c08	00dcd533	srl	x10,x25,x13	 x25:0x000003e4 x13:0x00000000 x10=0x000003e4
        5725000	       571	80000c0c	02cb1e63	bne	x22,x12,80000c48	 x22:0x80009f64 x12:0x800080df
        5735000	       572	00000000	00000013	addi	x0,x0,0	  x0:0x00000000
        5745000	       573	80000c44	00000013	addi	x0,x0,0	  x0:0x00000000
        5755000	       574	80000c48	022c0863	beq	x24,x2,80000c78	 x24:0xfc185000  x2:0xb8df0bda
        5765000	       575	80000c4c	02916863	bltu	x2,x9,80000c7c	  x2:0xb8df0bda  x9:0x00000001
        5775000	       576	80000c50	0cebf093	andi	x1,x23,206	 x23:0xb8df0880  x1=0x00000080
        5785000	       577	80000c54	01099263	bne	x19,x16,80000c58	 x19:0xffffff98 x16:0x00000000
        5795000	       578	00000000	00000013	addi	x0,x0,0	  x0:0x00000000
        5805000	       579	80000c54	00000013	addi	x0,x0,0	  x0:0x00000000
        5815000	       580	80000c58	00528fb3	add	x31,x5,x5	  x5:0x00000000  x5:0x00000000 x31=0x00000000
        5825000	       581	80000c5c	026b0063	beq	x22,x6,80000c7c	 x22:0x80009f64  x6:0xb8dfacb5
        5835000	       582	80000c60	00e69d13	slli	x26,x13,0xe	 x13:0x00000000 x26=0x00000000
        5845000	       583	80000c64	016e5833	srl	x16,x28,x22	 x28:0x00000001 x22:0x80009f64 x16=0x00000000
        5855000	       584	80000c68	022e1663	bne	x28,x2,80000c94	 x28:0x00000001  x2:0xb8df0bda
        5865000	       585	00000000	00000013	addi	x0,x0,0	  x0:0x00000000
        5875000	       586	80000c90	00000013	addi	x0,x0,0	  x0:0x00000000
        5885000	       587	80000c94	011149b3	xor	x19,x2,x17	  x2:0xb8df0bda x17:0x1cb94b30 x19=0xa46640ea
        5895000	       588	80000c98	02da5c63	bge	x20,x13,80000cd0	 x20:0xfffffff6 x13:0x00000000
        5905000	       589	80000c9c	01da7db3	and	x27,x20,x29	 x20:0xfffffff6 x29:0x00000001 x27=0x00000000
        5915000	       590	80000ca0	03324663	blt	x4,x19,80000ccc	  x4:0xffffffc0 x19:0xa46640ea
        5925000	       591	80000ca4	0035e6b3	or	x13,x11,x3	 x11:0x38df8c39  x3:0xb8df0bda x13=0xb8df8ffb
        5935000	       592	80000ca8	01e51933	sll	x18,x10,x30	 x10:0x000003e4 x30:0x80009fc4 x18=0x00003e40
        5945000	       593	80000cac	18170c93	addi	x25,x14,385	 x14:0x8000a435 x25=0x8000a5b6
        5955000	       594	80000cb0	47b66d93	ori	x27,x12,1147	 x12:0x800080df x27=0x800084ff
        5965000	       595	80000cb4	01287233	and	x4,x16,x18	 x16:0x00000000 x18:0x00003e40  x4=0x00000000
        5975000	       596	80000cb8	00a805b3	add	x11,x16,x10	 x16:0x00000000 x10:0x000003e4 x11=0x000003e4
        5985000	       597	80000cbc	416e0633	sub	x12,x28,x22	 x28:0x00000001 x22:0x80009f64 x12=0x7fff609d
        5995000	       598	80000cc0	032b6263	bltu	x22,x18,80000ce4	 x22:0x80009f64 x18:0x00003e40
        6005000	       599	80000cc4	baedaab7	lui	x21,0xbaeda	 x21=0xbaeda000
        6015000	       600	80000cc8	02468063	beq	x13,x4,80000ce8	 x13:0xb8df8ffb  x4:0x00000000
        6025000	       601	80000ccc	41d48ab3	sub	x21,x9,x29	  x9:0x00000001 x29:0x00000001 x21=0x00000000
        6035000	       602	80000cd0	80e5f837	lui	x16,0x80e5f	 x16=0x80e5f000
        6045000	       603	80000cd4	017093b3	sll	x7,x1,x23	  x1:0x00000080 x23:0xb8df0880  x7=0x00000080
        6055000	       604	80000cd8	9a7fbbb7	lui	x23,0x9a7fb	 x23=0x9a7fb000
        6065000	       605	80000cdc	40e9d893	srai	x17,x19,0xe	 x19:0xa46640ea x17=0xfffe9199
        6075000	       606	80000ce0	00000013	addi	x0,x0,0	  x0:0x00000000
        6085000	       607	80000ce4	00022533	slt	x10,x4,x0	  x4:0x00000000  x0:0x00000000 x10=0x00000000
        6095000	       608	80000ce8	00885813	srli	x16,x16,0x8	 x16:0x80e5f000 x16=0x0080e5f0
        6105000	       609	80000cec	008bf463	bgeu	x23,x8,80000cf4	 x23:0x9a7fb000  x8:0x00000001
        6115000	       610	00000000	00000013	addi	x0,x0,0	  x0:0x00000000
        6125000	       611	80000cf0	00000013	addi	x0,x0,0	  x0:0x00000000
        6135000	       612	80000cf4	015d9e33	sll	x28,x27,x21	 x27:0x800084ff x21:0x00000000 x28=0x800084ff
        6145000	       613	80000cf8	03141a63	bne	x8,x17,80000d2c	  x8:0x00000001 x17:0xfffe9199
        6155000	       614	00000000	00000013	addi	x0,x0,0	  x0:0x00000000
        6165000	       615	80000d28	00000013	addi	x0,x0,0	  x0:0x00000000
        6175000	       616	80000d2c	3c7fe413	ori	x8,x31,967	 x31:0x00000000  x8=0x000003c7
        6185000	       617	80000d30	0046c3b3	xor	x7,x13,x4	 x13:0xb8df8ffb  x4:0x00000000  x7=0xb8df8ffb
        6195000	       618	80000d34	01e7fab3	and	x21,x15,x30	 x15:0x84384758 x30:0x80009fc4 x21=0x80000740
        6205000	       619	80000d38	00d1bdb3	sltu	x27,x3,x13	  x3:0xb8df0bda x13:0xb8df8ffb x27=0x00000001
        6215000	       620	80000d3c	00d63ab3	sltu	x21,x12,x13	 x12:0x7fff609d x13:0xb8df8ffb x21=0x00000001
        6225000	       621	80000d40	00e2db93	srli	x23,x5,0xe	  x5:0x00000000 x23=0x00000000
        6235000	       622	80000d44	01b27333	and	x6,x4,x27	  x4:0x00000000 x27:0x00000001  x6=0x00000000
        6245000	       623	80000d48	00000013	addi	x0,x0,0	  x0:0x00000000
        6255000	       624	80000d4c	005bdf93	srli	x31,x23,0x5	 x23:0x00000000 x31=0x00000000
        6265000	       625	80000d50	028f1463	bne	x30,x8,80000d78	 x30:0x80009fc4  x8:0x000003c7
        6275000	       626	00000000	00000013	addi	x0,x0,0	  x0:0x00000000
        6285000	       627	80000d74	00000013	addi	x0,x0,0	  x0:0x00000000
        6295000	       628	80000d78	9e51c213	xori	x4,x3,-1563	  x3:0xb8df0bda  x4=0x4720f23f
        6305000	       629	80000d7c	007400b3	add	x1,x8,x7	  x8:0x000003c7  x7:0xb8df8ffb  x1=0xb8df93c2
        6315000	       630	80000d80	1879e897	auipc	x17,0x1879e	 x17=0x9879ed7c
        6325000	       631	80000d84	01e4adb3	slt	x27,x9,x30	  x9:0x00000001 x30:0x80009fc4 x27=0x00000000
        6335000	       632	80000d88	7812d817	auipc	x16,0x7812d	 x16=0xf812dd84
        6345000	       633	80000d8c	90184e13	xori	x28,x16,-1791	 x16:0xf812dd84 x28=0x07ed2485
        6355000	       634	80000d90	00d8dcb3	srl	x25,x17,x13	 x17:0x9879ed7c x13:0xb8df8ffb x25=0x00000013
        6365000	       635	80000d94	01ac7bb3	and	x23,x24,x26	 x24:0xfc185000 x26:0x00000000 x23=0x00000000
        6375000	       636	80000d98	b0b5cd13	xori	x26,x11,-1269	 x11:0x000003e4 x26=0xfffff8ef
        6385000	       637	80000d9c	017a7633	and	x12,x20,x23	 x20:0xfffffff6 x23:0x00000000 x12=0x00000000
        6395000	       638	80000da0	4556fe13	andi	x28,x13,1109	 x13:0xb8df8ffb x28=0x00000451
        6405000	       639	80000da4	01b5cc63	blt	x11,x27,80000dbc	 x11:0x000003e4 x27:0x00000000
        6415000	       640	80000da8	9921a693	slti	x13,x3,-1646	  x3:0xb8df0bda x13=0x00000001
        6425000	       641	80000dac	416a0e33	sub	x28,x20,x22	 x20:0xfffffff6 x22:0x80009f64 x28=0x7fff6092
        6435000	       642	80000db0	ec0ff213	andi	x4,x31,-320	 x31:0x00000000  x4=0x00000000
        6445000	       643	80000db4	e82ce813	ori	x16,x25,-382	 x25:0x00000013 x16=0xfffffe93
        6455000	       644	80000db8	02b6fc63	bgeu	x13,x11,80000df0	 x13:0x00000001 x11:0x000003e4
        6465000	       645	80000dbc	d7032993	slti	x19,x6,-656	  x6:0x00000000 x19=0x00000000
        6475000	       646	80000dc0	024dd063	bge	x27,x4,80000de0	 x27:0x00000000  x4:0x00000000
        6485000	       647	00000000	00000013	addi	x0,x0,0	  x0:0x00000000
        6495000	       648	80000ddc	00000013	addi	x0,x0,0	  x0:0x00000000
        6505000	       649	80000de0	01537e63	bgeu	x6,x21,80000dfc	  x6:0x00000000 x21:0x00000001
        6515000	       650	80000de4	00000013	addi	x0,x0,0	  x0:0x00000000
        6525000	       651	80000de8	014b8db3	add	x27,x23,x20	 x23:0x00000000 x20:0xfffffff6 x27=0xfffffff6
        6535000	       652	80000dec	759f3013	sltiu	x0,x30,1881	 x30:0x80009fc4
        6545000	       653	80000df0	ce75b393	sltiu	x7,x11,-793	 x11:0x000003e4  x7=0x00000001
        6555000	       654	80000df4	01e28a63	beq	x5,x30,80000e08	  x5:0x00000000 x30:0x80009fc4
        6565000	       655	80000df8	0116f633	and	x12,x13,x17	 x13:0x00000001 x17:0x9879ed7c x12=0x00000000
        6575000	       656	80000dfc	00517463	bgeu	x2,x5,80000e04	  x2:0xb8df0bda  x5:0x00000000
        6585000	       657	00000000	00000013	addi	x0,x0,0	  x0:0x00000000
        6595000	       658	80000e00	00000013	addi	x0,x0,0	  x0:0x00000000
        6605000	       659	80000e04	01e61693	slli	x13,x12,0x1e	 x12:0x00000000 x13=0x00000000
        6615000	       660	80000e08	00335b93	srli	x23,x6,0x3	  x6:0x00000000 x23=0x00000000
        6625000	       661	80000e0c	01ce6233	or	x4,x28,x28	 x28:0x7fff6092 x28:0x7fff6092  x4=0x7fff6092
        6635000	       662	80000e10	40910833	sub	x16,x2,x9	  x2:0xb8df0bda  x9:0x00000001 x16=0xb8df0bd9
        6645000	       663	80000e14	030cc663	blt	x25,x16,80000e40	 x25:0x00000013 x16:0xb8df0bd9
        6655000	       664	80000e18	01297bb3	and	x23,x18,x18	 x18:0x00003e40 x18:0x00003e40 x23=0x00003e40
        6665000	       665	80000e1c	e4e6a013	slti	x0,x13,-434	 x13:0x00000000
        6675000	       666	80000e20	6e802a93	slti	x21,x0,1768	  x0:0x00000000 x21=0x00000001
        6685000	       667	80000e24	0d5c7913	andi	x18,x24,213	 x24:0xfc185000 x18=0x00000000
        6695000	       668	80000e28	412ad093	srai	x1,x21,0x12	 x21:0x00000001  x1=0x00000000
        6705000	       669	80000e2c	40c15e93	srai	x29,x2,0xc	  x2:0xb8df0bda x29=0xfffb8df0
        6715000	       670	80000e30	43f14c17	auipc	x24,0x43f14	 x24=0xc3f14e2c
        6725000	       671	80000e34	05264263	blt	x12,x18,80000e78	 x12:0x00000000 x18:0x00000000
        6735000	       672	80000e38	03e1d863	bge	x3,x30,80000e68	  x3:0xb8df0bda x30:0x80009fc4
        6745000	       673	00000000	00000013	addi	x0,x0,0	  x0:0x00000000
        6755000	       674	80000e64	00000013	addi	x0,x0,0	  x0:0x00000000
        6765000	       675	80000e68	01ffaeb3	slt	x29,x31,x31	 x31:0x00000000 x31:0x00000000 x29=0x00000000
        6775000	       676	80000e6c	019803b3	add	x7,x16,x25	 x16:0xb8df0bd9 x25:0x00000013  x7=0xb8df0bec
        6785000	       677	80000e70	f8b2c213	xori	x4,x5,-117	  x5:0x00000000  x4=0xffffff8b
        6795000	       678	80000e74	016119b3	sll	x19,x2,x22	  x2:0xb8df0bda x22:0x80009f64 x19=0x8df0bda0
        6805000	       679	80000e78	0005f9b3	and	x19,x11,x0	 x11:0x000003e4  x0:0x00000000 x19=0x00000000
        6815000	       680	80000e7c	c1580693	addi	x13,x16,-1003	 x16:0xb8df0bd9 x13=0xb8df07ee
        6825000	       681	80000e80	005207b3	add	x15,x4,x5	  x4:0xffffff8b  x5:0x00000000 x15=0xffffff8b
        6835000	       682	80000e84	004b2083	lw	x1,4(x22)	 x22:0x80009f64  x1=0x8000033c PA:0x80009f68
        6845000	       683	80000e88	e187b937	lui	x18,0xe187b	 x18=0xe187b000
        6855000	       684	80000e8c	020b0b13	addi	x22,x22,32	 x22:0x80009f64 x22=0x80009f84
        6865000	       685	80000e90	00e43633	sltu	x12,x8,x14	  x8:0x000003c7 x14:0x8000a435 x12=0x00000001
        6875000	       686	80000e94	00a0e233	or	x4,x1,x10	  x1:0x8000033c x10:0x00000000  x4=0x8000033c
        6885000	       687	80000e98	00008c93	addi	x25,x1,0	  x1:0x8000033c x25=0x8000033c
        6895000	       688	80000e9c	000c8ce7	jalr	x25,x25,0	 x25:0x8000033c x25=0x80000e9c
        6905000	       689	00000000	00000013	addi	x0,x0,0	  x0:0x00000000
        6915000	       690	8000033c	00000013	addi	x0,x0,0	  x0:0x00000000
        6925000	       691	80000340	0167d213	srli	x4,x15,0x16	 x15:0xffffff8b  x4=0x000003ff
        6935000	       692	80000344	01c1b4b3	sltu	x9,x3,x28	  x3:0xb8df0bda x28:0x7fff6092  x9=0x00000000
        6945000	       693	80000348	c2dda893	slti	x17,x27,-979	 x27:0xfffffff6 x17=0x00000000
        6955000	       694	8000034c	b505f793	andi	x15,x11,-1200	 x11:0x000003e4 x15=0x00000340
        6965000	       695	80000350	40e25613	srai	x12,x4,0xe	  x4:0x000003ff x12=0x00000000
        6975000	       696	80000354	00559b93	slli	x23,x11,0x5	 x11:0x000003e4 x23=0x00007c80
        6985000	       697	80000358	001cd1b3	srl	x3,x25,x1	 x25:0x80000e9c  x1:0x8000033c  x3=0x00000008
        6995000	       698	8000035c	015b85b3	add	x11,x23,x21	 x23:0x00007c80 x21:0x00000001 x11=0x00007c81
        7005000	       699	80000360	40735013	srai	x0,x6,0x7	  x6:0x00000000
        7015000	       700	80000364	03d9c263	blt	x19,x29,80000388	 x19:0x00000000 x29:0x00000000
        7025000	       701	80000368	01d09793	slli	x15,x1,0x1d	  x1:0x8000033c x15=0x80000000
        7035000	       702	8000036c	013c1513	slli	x10,x24,0x13	 x24:0xc3f14e2c x10=0x71600000
        7045000	       703	80000370	02f74263	blt	x14,x15,80000394	 x14:0x8000a435 x15:0x80000000
        7055000	       704	80000374	010f9693	slli	x13,x31,0x10	 x31:0x00000000 x13=0x00000000
        7065000	       705	80000378	01c23a33	sltu	x20,x4,x28	  x4:0x000003ff x28:0x7fff6092 x20=0x00000001
        7075000	       706	8000037c	01681193	slli	x3,x16,0x16	 x16:0xb8df0bd9  x3=0xf6400000
        7085000	       707	80000380	047ec063	blt	x29,x7,800003c0	 x29:0x00000000  x7:0xb8df0bec
        7095000	       708	80000384	b4fe0813	addi	x16,x28,-1201	 x28:0x7fff6092 x16=0x7fff5be1
        7105000	       709	80000388	000e6663	bltu	x28,x0,80000394	 x28:0x7fff6092  x0:0x00000000
        7115000	       710	8000038c	00e3aab3	slt	x21,x7,x14	  x7:0xb8df0bec x14:0x8000a435 x21=0x00000000
        7125000	       711	80000390	004150b3	srl	x1,x2,x4	  x2:0xb8df0bda  x4:0x000003ff  x1=0x00000001
        7135000	       712	80000394	00000013	addi	x0,x0,0	  x0:0x00000000
        7145000	       713	80000398	7132be13	sltiu	x28,x5,1811	  x5:0x00000000 x28=0x00000001
        7155000	       714	8000039c	e593b713	sltiu	x14,x7,-423	  x7:0xb8df0bec x14=0x00000001
        7165000	       715	800003a0	01d27463	bgeu	x4,x29,800003a8	  x4:0x000003ff x29:0x00000000
        7175000	       716	00000000	00000013	addi	x0,x0,0	  x0:0x00000000
        7185000	       717	800003a4	00000013	addi	x0,x0,0	  x0:0x00000000
        7195000	       718	800003a8	fe508193	addi	x3,x1,-27	  x1:0x00000001  x3=0xffffffe6
        7205000	       719	800003ac	01be3533	sltu	x10,x28,x27	 x28:0x00000001 x27:0xfffffff6 x10=0x00000001
        7215000	       720	800003b0	01c095b3	sll	x11,x1,x28	  x1:0x00000001 x28:0x00000001 x11=0x00000002
        7225000	       721	800003b4	00000013	addi	x0,x0,0	  x0:0x00000000
        7235000	       722	800003b8	03f68c63	beq	x13,x31,800003f0	 x13:0x00000000 x31:0x00000000
        7245000	       723	00000000	00000013	addi	x0,x0,0	  x0:0x00000000
        7255000	       724	800003ec	00000013	addi	x0,x0,0	  x0:0x00000000
        7265000	       725	800003f0	5589f097	auipc	x1,0x5589f	  x1=0xd589f3ec
        7275000	       726	800003f4	00fbc433	xor	x8,x23,x15	 x23:0x00007c80 x15:0x80000000  x8=0x80007c80
        7285000	       727	800003f8	d3633113	sltiu	x2,x6,-714	  x6:0x00000000  x2=0x00000001
        7295000	       728	800003fc	41015333	sra	x6,x2,x16	  x2:0x00000001 x16:0x7fff5be1  x6=0x00000000
        7305000	       729	80000400	00c33233	sltu	x4,x6,x12	  x6:0x00000000 x12:0x00000000  x4=0x00000000
        7315000	       730	80000404	e7e4f913	andi	x18,x9,-386	  x9:0x00000000 x18=0x00000000
        7325000	       731	80000408	03db7263	bgeu	x22,x29,8000042c	 x22:0x80009f84 x29:0x00000000
        7335000	       732	00000000	00000013	addi	x0,x0,0	  x0:0x00000000
        7345000	       733	80000428	00000013	addi	x0,x0,0	  x0:0x00000000
        7355000	       734	8000042c	00000013	addi	x0,x0,0	  x0:0x00000000
        7365000	       735	80000430	007cc863	blt	x25,x7,80000440	 x25:0x80000e9c  x7:0xb8df0bec
        7375000	       736	00000000	00000013	addi	x0,x0,0	  x0:0x00000000
        7385000	       737	8000043c	00000013	addi	x0,x0,0	  x0:0x00000000
        7395000	       738	80000440	04fd5263	bge	x26,x15,80000484	 x26:0xfffff8ef x15:0x80000000
        7405000	       739	00000000	00000013	addi	x0,x0,0	  x0:0x00000000
        7415000	       740	80000480	00000013	addi	x0,x0,0	  x0:0x00000000
        7425000	       741	80000484	00df1db3	sll	x27,x30,x13	 x30:0x80009fc4 x13:0x00000000 x27=0x80009fc4
        7435000	       742	80000488	00190533	add	x10,x18,x1	 x18:0x00000000  x1:0xd589f3ec x10=0xd589f3ec
        7445000	       743	8000048c	01c119b3	sll	x19,x2,x28	  x2:0x00000001 x28:0x00000001 x19=0x00000002
        7455000	       744	80000490	52f08797	auipc	x15,0x52f08	 x15=0xd2f0848c
        7465000	       745	80000494	7157c813	xori	x16,x15,1813	 x15:0xd2f0848c x16=0xd2f08399
        7475000	       746	80000498	45ef0097	auipc	x1,0x45ef0	  x1=0xc5ef0494
        7485000	       747	8000049c	00f523b3	slt	x7,x10,x15	 x10:0xd589f3ec x15:0xd2f0848c  x7=0x00000000
        7495000	       748	800004a0	038e0a63	beq	x28,x24,800004d4	 x28:0x00000001 x24:0xc3f14e2c
        7505000	       749	800004a4	01cec533	xor	x10,x29,x28	 x29:0x00000000 x28:0x00000001 x10=0x00000001
        7515000	       750	800004a8	035e0863	beq	x28,x21,800004d8	 x28:0x00000001 x21:0x00000000
        7525000	       751	800004ac	6392b113	sltiu	x2,x5,1593	  x5:0x00000000  x2=0x00000001
        7535000	       752	800004b0	01a1d933	srl	x18,x3,x26	  x3:0xffffffe6 x26:0xfffff8ef x18=0x0001ffff
        7545000	       753	800004b4	05ebd463	bge	x23,x30,800004fc	 x23:0x00007c80 x30:0x80009fc4
        7555000	       754	00000000	00000013	addi	x0,x0,0	  x0:0x00000000
        7565000	       755	800004f8	00000013	addi	x0,x0,0	  x0:0x00000000
        7575000	       756	800004fc	4e2d6713	ori	x14,x26,1250	 x26:0xfffff8ef x14=0xfffffcef
        7585000	       757	80000500	00f553b3	srl	x7,x10,x15	 x10:0x00000001 x15:0xd2f0848c  x7=0x00000000
        7595000	       758	80000504	01484433	xor	x8,x16,x20	 x16:0xd2f08399 x20:0x00000001  x8=0xd2f08398
        7605000	       759	80000508	4190dcb3	sra	x25,x1,x25	  x1:0xc5ef0494 x25:0x80000e9c x25=0xfffffffc
        7615000	       760	8000050c	f8e46a93	ori	x21,x8,-114	  x8:0xd2f08398 x21=0xffffff9e
        7625000	       761	80000510	01856a63	bltu	x10,x24,80000524	 x10:0x00000001 x24:0xc3f14e2c
        7635000	       762	00000000	00000013	addi	x0,x0,0	  x0:0x00000000
        7645000	       763	80000520	00000013	addi	x0,x0,0	  x0:0x00000000
        7655000	       764	80000524	c03dc393	xori	x7,x27,-1021	 x27:0x80009fc4  x7=0x7fff63c7
        7665000	       765	80000528	00000297	auipc	x5,0x0	  x5=0x80000524
        7675000	       766	8000052c	00c28293	addi	x5,x5,12	  x5:0x80000524  x5=0x80000530
        7685000	       767	80000530	00028067	jalr	x0,x5,0	  x5:0x80000530
        7695000	       768	00000000	00000013	addi	x0,x0,0	  x0:0x00000000
        7705000	       769	80000530	00000013	addi	x0,x0,0	  x0:0x00000000
        7715000	       770	80000534	00100193	addi	x3,x0,1	  x0:0x00000000  x3=0x00000001
        7725000	       771	80000538	00000073	ecall	
        7735000	       772	8000053c	000e4833	xor	x16,x28,x0	 x28:0x00000001  x0:0x00000000 x16=0x00000001
