		Time			Cycle	PC		Insn	Decoded instruction	Register and memory contents
          65000	         5	80000004	00000293	addi	x5,x0,0	  x0:0x00000000  x5=0x00000000
          75000	         6	80000008	00000313	addi	x6,x0,0	  x0:0x00000000  x6=0x00000000
          85000	         7	8000000c	00628263	beq	x5,x6,80000010	  x5:0x00000000  x6:0x00000000
          95000	         8	00000000	00000013	addi	x0,x0,0	  x0:0x00000000
         105000	         9	8000000c	00000013	addi	x0,x0,0	  x0:0x00000000
         115000	        10	80000010	00000217	auipc	x4,0x0	  x4=0x8000000c
         125000	        11	80000014	00c20213	addi	x4,x4,12	  x4:0x8000000c  x4=0x80000018
         135000	        12	80000018	00020067	jalr	x0,x4,0	  x4:0x80000018
         145000	        13	00000000	00000013	addi	x0,x0,0	  x0:0x00000000
         155000	        14	80000018	00000013	addi	x0,x0,0	  x0:0x00000000
         165000	        15	8000001c	400003b7	lui	x7,0x40000	  x7=0x40000000
         175000	        16	80000020	10038393	addi	x7,x7,256	  x7:0x40000000  x7=0x40000100
         185000	        17	80000024	00000013	addi	x0,x0,0	  x0:0x00000000
         195000	        18	80000028	0000aa17	auipc	x20,0xa	 x20=0x8000a024
         205000	        19	8000002c	fa0a0a13	addi	x20,x20,-96	 x20:0x8000a024 x20=0x80009fc4
         215000	        20	80000030	00003397	auipc	x7,0x3	  x7=0x8000302c
         225000	        21	80000034	8c438393	addi	x7,x7,-1852	  x7:0x8000302c  x7=0x800028f0
         235000	        22	80000038	0013e393	ori	x7,x7,1	  x7:0x800028f0  x7=0x800028f1
         245000	        23	8000003c	00000013	addi	x0,x0,0	  x0:0x00000000
         255000	        24	80000040	00000397	auipc	x7,0x0	  x7=0x8000003c
         265000	        25	80000044	02038393	addi	x7,x7,32	  x7:0x8000003c  x7=0x8000005c
         275000	        26	80000048	00000013	addi	x0,x0,0	  x0:0x00000000
         285000	        27	8000004c	00000013	addi	x0,x0,0	  x0:0x00000000
         295000	        28	80000050	000023b7	lui	x7,0x2	  x7=0x00002000
         305000	        29	80000054	80038393	addi	x7,x7,-2048	  x7:0x00002000  x7=0x00001800
         315000	        30	80000058	00000013	addi	x0,x0,0	  x0:0x00000000
         325000	        31	8000005c	00000013	addi	x0,x0,0	  x0:0x00000000
         335000	        32	80000060	00000013	addi	x0,x0,0	  x0:0x00000000
         345000	        33	80000064	00000093	addi	x1,x0,0	  x0:0x00000000  x1=0x00000000
         355000	        34	80000068	ff68c137	lui	x2,0xff68c	  x2=0xff68c000
         365000	        35	8000006c	ded10113	addi	x2,x2,-531	  x2:0xff68c000  x2=0xff68bded
         375000	        36	80000070	800001b7	lui	x3,0x80000	  x3=0x80000000
         385000	        37	80000074	e2237237	lui	x4,0xe2237	  x4=0xe2237000
         395000	        38	80000078	ef520213	addi	x4,x4,-267	  x4:0xe2237000  x4=0xe2236ef5
         405000	        39	8000007c	00000293	addi	x5,x0,0	  x0:0x00000000  x5=0x00000000
         415000	        40	80000080	fef8c337	lui	x6,0xfef8c	  x6=0xfef8c000
         425000	        41	80000084	b1f30313	addi	x6,x6,-1249	  x6:0xfef8c000  x6=0xfef8bb1f
         435000	        42	80000088	00b00393	addi	x7,x0,11	  x0:0x00000000  x7=0x0000000b
         445000	        43	8000008c	00000413	addi	x8,x0,0	  x0:0x00000000  x8=0x00000000
         455000	        44	80000090	544a74b7	lui	x9,0x544a7	  x9=0x544a7000
         465000	        45	80000094	ec248493	addi	x9,x9,-318	  x9:0x544a7000  x9=0x544a6ec2
         475000	        46	80000098	00600513	addi	x10,x0,6	  x0:0x00000000 x10=0x00000006
         485000	        47	8000009c	3d9625b7	lui	x11,0x3d962	 x11=0x3d962000
         495000	        48	800000a0	c8b58593	addi	x11,x11,-885	 x11:0x3d962000 x11=0x3d961c8b
         505000	        49	800000a4	fe4fc637	lui	x12,0xfe4fc	 x12=0xfe4fc000
         515000	        50	800000a8	a1660613	addi	x12,x12,-1514	 x12:0xfe4fc000 x12=0xfe4fba16
         525000	        51	800000ac	800006b7	lui	x13,0x80000	 x13=0x80000000
         535000	        52	800000b0	80000737	lui	x14,0x80000	 x14=0x80000000
         545000	        53	800000b4	00300793	addi	x15,x0,3	  x0:0x00000000 x15=0x00000003
         555000	        54	800000b8	00600813	addi	x16,x0,6	  x0:0x00000000 x16=0x00000006
         565000	        55	800000bc	800008b7	lui	x17,0x80000	 x17=0x80000000
         575000	        56	800000c0	00000913	addi	x18,x0,0	  x0:0x00000000 x18=0x00000000
         585000	        57	800000c4	00000993	addi	x19,x0,0	  x0:0x00000000 x19=0x00000000
         595000	        58	800000c8	80000ab7	lui	x21,0x80000	 x21=0x80000000
         605000	        59	800000cc	00000b13	addi	x22,x0,0	  x0:0x00000000 x22=0x00000000
         615000	        60	800000d0	00000b93	addi	x23,x0,0	  x0:0x00000000 x23=0x00000000
         625000	        61	800000d4	00000c13	addi	x24,x0,0	  x0:0x00000000 x24=0x00000000
         635000	        62	800000d8	00000c93	addi	x25,x0,0	  x0:0x00000000 x25=0x00000000
         645000	        63	800000dc	782f8d37	lui	x26,0x782f8	 x26=0x782f8000
         655000	        64	800000e0	b8bd0d13	addi	x26,x26,-1141	 x26:0x782f8000 x26=0x782f7b8b
         665000	        65	800000e4	80000e37	lui	x28,0x80000	 x28=0x80000000
         675000	        66	800000e8	00000e93	addi	x29,x0,0	  x0:0x00000000 x29=0x00000000
         685000	        67	800000ec	00000f13	addi	x30,x0,0	  x0:0x00000000 x30=0x00000000
         695000	        68	800000f0	990ddfb7	lui	x31,0x990dd	 x31=0x990dd000
         705000	        69	800000f4	bc7f8f93	addi	x31,x31,-1081	 x31:0x990dd000 x31=0x990dcbc7
         715000	        70	800000f8	0000ad97	auipc	x27,0xa	 x27=0x8000a0f4
         725000	        71	800000fc	e90d8d93	addi	x27,x27,-368	 x27:0x8000a0f4 x27=0x80009f84
         735000	        72	80000100	00337333	and	x6,x6,x3	  x6:0xfef8bb1f  x3:0x80000000  x6=0x80000000
         745000	        73	80000104	00001417	auipc	x8,0x1	  x8=0x80001100
         755000	        74	80000108	3ec40413	addi	x8,x8,1004	  x8:0x80001100  x8=0x800014ec
         765000	        75	8000010c	dde40413	addi	x8,x8,-546	  x8:0x800014ec  x8=0x800012ca
         775000	        76	80000110	b92c3317	auipc	x6,0xb92c3	  x6=0x392c310c
         785000	        77	80000114	000c9d33	sll	x26,x25,x0	 x25:0x00000000  x0:0x00000000 x26=0x00000000
         795000	        78	80000118	46619d17	auipc	x26,0x46619	 x26=0xc6619114
         805000	        79	8000011c	0138dc63	bge	x17,x19,80000134	 x17:0x80000000 x19:0x00000000
         815000	        80	80000120	00d2a7b3	slt	x15,x5,x13	  x5:0x00000000 x13:0x80000000 x15=0x00000000
         825000	        81	80000124	0086f8b3	and	x17,x13,x8	 x13:0x80000000  x8:0x800012ca x17=0x80000000
         835000	        82	80000128	0021aeb3	slt	x29,x3,x2	  x3:0x80000000  x2:0xff68bded x29=0x00000001
         845000	        83	8000012c	009cfc33	and	x24,x25,x9	 x25:0x00000000  x9:0x544a6ec2 x24=0x00000000
         855000	        84	80000130	f351a013	slti	x0,x3,-203	  x3:0x80000000
         865000	        85	80000134	22340e67	jalr	x28,x8,547	  x8:0x800012ca x28=0x80000134
         875000	        86	00000000	00000013	addi	x0,x0,0	  x0:0x00000000
         885000	        87	800014ec	00000013	addi	x0,x0,0	  x0:0x00000000
         895000	        88	800014f0	d834e493	ori	x9,x9,-637	  x9:0x544a6ec2  x9=0xffffffc3
         905000	        89	800014f4	fc8d8d93	addi	x27,x27,-56	 x27:0x80009f84 x27=0x80009f4c
         915000	        90	800014f8	01cda223	sw	x28,4(x27)	 x27:0x80009f4c x28:0x80000134 PA:0x80009f50
         925000	        91	800014fc	40bcdd33	sra	x26,x25,x11	 x25:0x00000000 x11:0x3d961c8b x26=0x00000000
         935000	        92	80001500	68d56e93	ori	x29,x10,1677	 x10:0x00000006 x29=0x0000068f
         945000	        93	80001504	616c7a93	andi	x21,x24,1558	 x24:0x00000000 x21=0x00000000
         955000	        94	80001508	00ca6f33	or	x30,x20,x12	 x20:0x80009fc4 x12:0xfe4fba16 x30=0xfe4fbfd6
         965000	        95	8000150c	00000013	addi	x0,x0,0	  x0:0x00000000
         975000	        96	80001510	00007c97	auipc	x25,0x7	 x25=0x8000850c
         985000	        97	80001514	0acc8c93	addi	x25,x25,172	 x25:0x8000850c x25=0x800085b8
         995000	        98	80001518	00007897	auipc	x17,0x7	 x17=0x80008514
        1005000	        99	8000151c	d8788893	addi	x17,x17,-633	 x17:0x80008514 x17=0x8000829b
        1015000	       100	80001520	090cdc03	lhu	x24,144(x25)	 x25:0x800085b8 x24=0x00000000 PA:0x80008648
        1025000	       101	80001524	00007d17	auipc	x26,0x7	 x26=0x80008520
        1035000	       102	80001528	e66d0d13	addi	x26,x26,-410	 x26:0x80008520 x26=0x80008386
        1045000	       103	8000152c	ff28aea3	sw	x18,-3(x17)	 x17:0x8000829b x18:0x00000000 PA:0x80008298
        1055000	       104	80001530	0c1d09a3	sb	x1,211(x26)	 x26:0x80008386  x1:0x00000000 PA:0x80008459
        1065000	       105	80001534	00007197	auipc	x3,0x7	  x3=0x80008530
        1075000	       106	80001538	da618193	addi	x3,x3,-602	  x3:0x80008530  x3=0x800082d6
        1085000	       107	8000153c	faaca823	sw	x10,-80(x25)	 x25:0x800085b8 x10:0x00000006 PA:0x80008568
        1095000	       108	80001540	fe78c983	lbu	x19,-25(x17)	 x17:0x8000829b x19=0x00000000 PA:0x80008282
        1105000	       109	80001544	f5ad1d23	sh	x26,-166(x26)	 x26:0x80008386 x26:0x80008386 PA:0x800082e0
        1115000	       110	80001548	fc71c403	lbu	x8,-57(x3)	  x3:0x800082d6  x8=0x00000000 PA:0x8000829d
        1125000	       111	8000154c	03e18ba3	sb	x30,55(x3)	  x3:0x800082d6 x30:0xfe4fbfd6 PA:0x8000830d
        1135000	       112	80001550	fa8d0b03	lb	x22,-88(x26)	 x26:0x80008386 x22=0x00000000 PA:0x8000832e
        1145000	       113	80001554	fd119a23	sh	x17,-44(x3)	  x3:0x800082d6 x17:0x8000829b PA:0x800082aa
        1155000	       114	80001558	f0dc8ea3	sb	x13,-227(x25)	 x25:0x800085b8 x13:0x80000000 PA:0x800084d5
        1165000	       115	8000155c	00f8cf03	lbu	x30,15(x17)	 x17:0x8000829b x30=0x0000009b PA:0x800082aa
        1175000	       116	80001560	faed0023	sb	x14,-96(x26)	 x26:0x80008386 x14:0x80000000 PA:0x80008326
        1185000	       117	80001564	0d0d0923	sb	x16,210(x26)	 x26:0x80008386 x16:0x00000006 PA:0x80008458
        1195000	       118	80001568	0d4c9103	lh	x2,212(x25)	 x25:0x800085b8  x2=0x00000000 PA:0x8000868c
        1205000	       119	8000156c	03b88d23	sb	x27,58(x17)	 x17:0x8000829b x27:0x80009f4c PA:0x800082d5
        1215000	       120	80001570	f2fd4583	lbu	x11,-209(x26)	 x26:0x80008386 x11=0x00000000 PA:0x800082b5
        1225000	       121	80001574	fdf1ca83	lbu	x21,-33(x3)	  x3:0x800082d6 x21=0x00000000 PA:0x800082b5
        1235000	       122	80001578	ff41df83	lhu	x31,-12(x3)	  x3:0x800082d6 x31=0x00000000 PA:0x800082ca
        1245000	       123	8000157c	f03d0283	lb	x5,-253(x26)	 x26:0x80008386  x5=0x00000000 PA:0x80008289
        1255000	       124	00000000	00000013	addi	x0,x0,0	  x0:0x00000000
        1265000	       125	80001580	0051c283	lbu	x5,5(x3)	  x3:0x800082d6  x5=0x00000000 PA:0x800082db
        1275000	       126	80001584	01e88703	lb	x14,30(x17)	 x17:0x8000829b x14=0x00000000 PA:0x800082b9
        1285000	       127	80001588	02219503	lh	x10,34(x3)	  x3:0x800082d6 x10=0x00000000 PA:0x800082f8
        1295000	       128	8000158c	0308c403	lbu	x8,48(x17)	 x17:0x8000829b  x8=0x00000000 PA:0x800082cb
        1305000	       129	80001590	0108c683	lbu	x13,16(x17)	 x17:0x8000829b x13=0x00000082 PA:0x800082ab
        1315000	       130	80001594	f65cc983	lbu	x19,-155(x25)	 x25:0x800085b8 x19=0x00000000 PA:0x8000851d
        1325000	       131	80001598	f10d0e83	lb	x29,-240(x26)	 x26:0x80008386 x29=0x00000000 PA:0x80008296
        1335000	       132	8000159c	0078c903	lbu	x18,7(x17)	 x17:0x8000829b x18=0x00000000 PA:0x800082a2
        1345000	       133	800015a0	038d0283	lb	x5,56(x26)	 x26:0x80008386  x5=0x00000000 PA:0x800083be
        1355000	       134	800015a4	fdfd4903	lbu	x18,-33(x26)	 x26:0x80008386 x18=0x00000000 PA:0x80008365
        1365000	       135	800015a8	00b184a3	sb	x11,9(x3)	  x3:0x800082d6 x11:0x00000000 PA:0x800082df
        1375000	       136	800015ac	fce88583	lb	x11,-50(x17)	 x17:0x8000829b x11=0x00000000 PA:0x80008269
        1385000	       137	800015b0	03c19b03	lh	x22,60(x3)	  x3:0x800082d6 x22=0x00000000 PA:0x80008312
        1395000	       138	800015b4	00008b97	auipc	x23,0x8	 x23=0x800095b0
        1405000	       139	800015b8	91bb8b93	addi	x23,x23,-1765	 x23:0x800095b0 x23=0x80008ecb
        1415000	       140	800015bc	00007197	auipc	x3,0x7	  x3=0x800085b8
        1425000	       141	800015c0	40e18193	addi	x3,x3,1038	  x3:0x800085b8  x3=0x800089c6
        1435000	       142	800015c4	039bd683	lhu	x13,57(x23)	 x23:0x80008ecb x13=0x00000000 PA:0x80008f04
        1445000	       143	800015c8	00007717	auipc	x14,0x7	 x14=0x800085c4
        1455000	       144	800015cc	5cc70713	addi	x14,x14,1484	 x14:0x800085c4 x14=0x80008b90
        1465000	       145	800015d0	00007497	auipc	x9,0x7	  x9=0x800085cc
        1475000	       146	800015d4	7b948493	addi	x9,x9,1977	  x9:0x800085cc  x9=0x80008d85
        1485000	       147	800015d8	fc9b95a3	sh	x9,-53(x23)	 x23:0x80008ecb  x9:0x80008d85 PA:0x80008e96
        1495000	       148	800015dc	f0b4c583	lbu	x11,-245(x9)	  x9:0x80008d85 x11=0x00000000 PA:0x80008c90
        1505000	       149	800015e0	00007097	auipc	x1,0x7	  x1=0x800085dc
        1515000	       150	800015e4	7e008093	addi	x1,x1,2016	  x1:0x800085dc  x1=0x80008dbc
        1525000	       151	800015e8	0011c303	lbu	x6,1(x3)	  x3:0x800089c6  x6=0x00000000 PA:0x800089c7
        1535000	       152	800015ec	e8b70523	sb	x11,-374(x14)	 x14:0x80008b90 x11:0x00000000 PA:0x80008a1a
        1545000	       153	800015f0	02409b03	lh	x22,36(x1)	  x1:0x80008dbc x22=0x00000000 PA:0x80008de0
        1555000	       154	00000000	00000013	addi	x0,x0,0	  x0:0x00000000
        1565000	       155	800015f4	ff61af83	lw	x31,-10(x3)	  x3:0x800089c6 x31=0x00000000 PA:0x800089bc
        1575000	       156	800015f8	0330cf83	lbu	x31,51(x1)	  x1:0x80008dbc x31=0x00000000 PA:0x80008def
        1585000	       157	800015fc	00448b23	sb	x4,22(x9)	  x9:0x80008d85  x4:0xe2236ef5 PA:0x80008d9b
        1595000	       158	80001600	ff0b8fa3	sb	x16,-1(x23)	 x23:0x80008ecb x16:0x00000006 PA:0x80008eca
        1605000	       159	80001604	06e74c03	lbu	x24,110(x14)	 x14:0x80008b90 x24=0x00000000 PA:0x80008bfe
        1615000	       160	80001608	02e08883	lb	x17,46(x1)	  x1:0x80008dbc x17=0x00000000 PA:0x80008dea
        1625000	       161	8000160c	e0b74d03	lbu	x26,-501(x14)	 x14:0x80008b90 x26=0x00000000 PA:0x8000899b
        1635000	       162	80001610	05f09023	sh	x31,64(x1)	  x1:0x80008dbc x31:0x00000000 PA:0x80008dfc
        1645000	       163	80001614	ffb189a3	sb	x27,-13(x3)	  x3:0x800089c6 x27:0x80009f4c PA:0x800089b9
        1655000	       164	80001618	0404ce03	lbu	x28,64(x9)	  x9:0x80008d85 x28=0x00000000 PA:0x80008dc5
        1665000	       165	8000161c	ffe0dc03	lhu	x24,-2(x1)	  x1:0x80008dbc x24=0x00000000 PA:0x80008dba
        1675000	       166	80001620	ffa08f83	lb	x31,-6(x1)	  x1:0x80008dbc x31=0x00000000 PA:0x80008db6
        1685000	       167	80001624	d1974a83	lbu	x21,-743(x14)	 x14:0x80008b90 x21=0x00000000 PA:0x800088a9
        1695000	       168	80001628	ff8bc403	lbu	x8,-8(x23)	 x23:0x80008ecb  x8=0x00000000 PA:0x80008ec3
        1705000	       169	8000162c	09f4cf83	lbu	x31,159(x9)	  x9:0x80008d85 x31=0x00000000 PA:0x80008e24
        1715000	       170	80001630	fde08c83	lb	x25,-34(x1)	  x1:0x80008dbc x25=0x00000000 PA:0x80008d9a
        1725000	       171	80001634	fff1c283	lbu	x5,-1(x3)	  x3:0x800089c6  x5=0x00000000 PA:0x800089c5
        1735000	       172	80001638	ff819803	lh	x16,-8(x3)	  x3:0x800089c6 x16=0x00000000 PA:0x800089be
        1745000	       173	8000163c	fe8188a3	sb	x8,-15(x3)	  x3:0x800089c6  x8:0x00000000 PA:0x800089b7
        1755000	       174	80001640	019b8023	sb	x25,0(x23)	 x23:0x80008ecb x25:0x00000000 PA:0x80008ecb
        1765000	       175	80001644	f2748403	lb	x8,-217(x9)	  x9:0x80008d85  x8=0x00000000 PA:0x80008cac
        1775000	       176	80001648	05e706a3	sb	x30,77(x14)	 x14:0x80008b90 x30:0x0000009b PA:0x80008bdd
        1785000	       177	8000164c	00a19723	sh	x10,14(x3)	  x3:0x800089c6 x10:0x00000000 PA:0x800089d4
        1795000	       178	80001650	f4471c83	lh	x25,-188(x14)	 x14:0x80008b90 x25=0x00000000 PA:0x80008ad4
        1805000	       179	80001654	00f1c403	lbu	x8,15(x3)	  x3:0x800089c6  x8=0x00000000 PA:0x800089d5
        1815000	       180	80001658	0c549fa3	sh	x5,223(x9)	  x9:0x80008d85  x5:0x00000000 PA:0x80008e64
        1825000	       181	8000165c	ffb086a3	sb	x27,-19(x1)	  x1:0x80008dbc x27:0x80009f4c PA:0x80008da9
        1835000	       182	80001660	f2e74f03	lbu	x30,-210(x14)	 x14:0x80008b90 x30=0x00000000 PA:0x80008abe
        1845000	       183	80001664	fe00a883	lw	x17,-32(x1)	  x1:0x80008dbc x17=0x00000000 PA:0x80008d9c
        1855000	       184	80001668	feb09723	sh	x11,-18(x1)	  x1:0x80008dbc x11:0x00000000 PA:0x80008daa
        1865000	       185	8000166c	fbf48283	lb	x5,-65(x9)	  x9:0x80008d85  x5=0x00000000 PA:0x80008d44
        1875000	       186	80001670	00007117	auipc	x2,0x7	  x2=0x8000866c
        1885000	       187	80001674	66a10113	addi	x2,x2,1642	  x2:0x8000866c  x2=0x80008cd6
        1895000	       188	80001678	f7d10803	lb	x16,-131(x2)	  x2:0x80008cd6 x16=0x00000000 PA:0x80008c53
        1905000	       189	8000167c	018f0bb3	add	x23,x30,x24	 x30:0x00000000 x24:0x00000000 x23=0x00000000
        1915000	       190	80001680	00e352b3	srl	x5,x6,x14	  x6:0x00000000 x14:0x80008b90  x5=0x00000000
        1925000	       191	80001684	02e10223	sb	x14,36(x2)	  x2:0x80008cd6 x14:0x80008b90 PA:0x80008cfa
        1935000	       192	80001688	407d0cb3	sub	x25,x26,x7	 x26:0x00000000  x7:0x0000000b x25=0xfffffff5
        1945000	       193	8000168c	feb02513	slti	x10,x0,-21	  x0:0x00000000 x10=0x00000000
        1955000	       194	80001690	07510e23	sb	x21,124(x2)	  x2:0x80008cd6 x21:0x00000000 PA:0x80008d52
        1965000	       195	80001694	fda103a3	sb	x26,-57(x2)	  x2:0x80008cd6 x26:0x00000000 PA:0x80008c9d
        1975000	       196	80001698	0f210e83	lb	x29,242(x2)	  x2:0x80008cd6 x29=0x00000000 PA:0x80008dc8
        1985000	       197	8000169c	006a7eb3	and	x29,x20,x6	 x20:0x80009fc4  x6:0x00000000 x29=0x00000000
        1995000	       198	800016a0	05510c23	sb	x21,88(x2)	  x2:0x80008cd6 x21:0x00000000 PA:0x80008d2e
        2005000	       199	800016a4	0062d313	srli	x6,x5,0x6	  x5:0x00000000  x6=0x00000000
        2015000	       200	800016a8	fd510ca3	sb	x21,-39(x2)	  x2:0x80008cd6 x21:0x00000000 PA:0x80008caf
        2025000	       201	800016ac	f9210303	lb	x6,-110(x2)	  x2:0x80008cd6  x6=0x00000000 PA:0x80008c68
        2035000	       202	800016b0	07810823	sb	x24,112(x2)	  x2:0x80008cd6 x24:0x00000000 PA:0x80008d46
        2045000	       203	800016b4	f29109a3	sb	x9,-205(x2)	  x2:0x80008cd6  x9:0x80008d85 PA:0x80008c09
        2055000	       204	800016b8	f0310d23	sb	x3,-230(x2)	  x2:0x80008cd6  x3:0x800089c6 PA:0x80008bf0
        2065000	       205	800016bc	0fe14883	lbu	x17,254(x2)	  x2:0x80008cd6 x17=0x00000000 PA:0x80008dd4
        2075000	       206	800016c0	fa510883	lb	x17,-91(x2)	  x2:0x80008cd6 x17=0x00000000 PA:0x80008c7b
        2085000	       207	800016c4	00f33033	sltu	x0,x6,x15	  x6:0x00000000 x15:0x00000000
        2095000	       208	800016c8	00000013	addi	x0,x0,0	  x0:0x00000000
        2105000	       209	800016cc	0ef11c23	sh	x15,248(x2)	  x2:0x80008cd6 x15:0x00000000 PA:0x80008dce
        2115000	       210	800016d0	28dca893	slti	x17,x25,653	 x25:0xfffffff5 x17=0x00000001
        2125000	       211	800016d4	f3e10503	lb	x10,-194(x2)	  x2:0x80008cd6 x10=0x00000000 PA:0x80008c14
        2135000	       212	800016d8	09b100a3	sb	x27,129(x2)	  x2:0x80008cd6 x27:0x80009f4c PA:0x80008d57
        2145000	       213	800016dc	0cb14603	lbu	x12,203(x2)	  x2:0x80008cd6 x12=0x00000000 PA:0x80008da1
        2155000	       214	800016e0	f4411783	lh	x15,-188(x2)	  x2:0x80008cd6 x15=0x00000000 PA:0x80008c1a
        2165000	       215	800016e4	0132d513	srli	x10,x5,0x13	  x5:0x00000000 x10=0x00000000
        2175000	       216	800016e8	03312d23	sw	x19,58(x2)	  x2:0x80008cd6 x19:0x00000000 PA:0x80008d10
        2185000	       217	800016ec	fd810c83	lb	x25,-40(x2)	  x2:0x80008cd6 x25=0x00000000 PA:0x80008cae
        2195000	       218	00000000	00000013	addi	x0,x0,0	  x0:0x00000000
        2205000	       219	800016f0	418cd993	srai	x19,x25,0x18	 x25:0x00000000 x19=0x00000000
        2215000	       220	800016f4	f6612483	lw	x9,-154(x2)	  x2:0x80008cd6  x9=0x00000000 PA:0x80008c3c
        2225000	       221	800016f8	0b610a23	sb	x22,180(x2)	  x2:0x80008cd6 x22:0x00000000 PA:0x80008d8a
        2235000	       222	800016fc	0ad14803	lbu	x16,173(x2)	  x2:0x80008cd6 x16=0x00000000 PA:0x80008d83
        2245000	       223	80001700	305a8413	addi	x8,x21,773	 x21:0x00000000  x8=0x00000305
        2255000	       224	80001704	00411383	lh	x7,4(x2)	  x2:0x80008cd6  x7=0x00000000 PA:0x80008cda
        2265000	       225	80001708	0058f833	and	x16,x17,x5	 x17:0x00000001  x5:0x00000000 x16=0x00000000
        2275000	       226	8000170c	08914983	lbu	x19,137(x2)	  x2:0x80008cd6 x19=0x00000000 PA:0x80008d5f
        2285000	       227	80001710	00808cb3	add	x25,x1,x8	  x1:0x80008dbc  x8:0x00000305 x25=0x800090c1
        2295000	       228	80001714	fd111a23	sh	x17,-44(x2)	  x2:0x80008cd6 x17:0x00000001 PA:0x80008caa
        2305000	       229	80001718	00007417	auipc	x8,0x7	  x8=0x80008714
        2315000	       230	8000171c	19140413	addi	x8,x8,401	  x8:0x80008714  x8=0x800088a5
        2325000	       231	80001720	2e244483	lbu	x9,738(x8)	  x8:0x800088a5  x9=0x00000000 PA:0x80008b87
        2335000	       232	80001724	2e240303	lb	x6,738(x8)	  x8:0x800088a5  x6=0x00000000 PA:0x80008b87
        2345000	       233	80001728	2f540123	sb	x21,738(x8)	  x8:0x800088a5 x21:0x00000000 PA:0x80008b87
        2355000	       234	8000172c	2e244b03	lbu	x22,738(x8)	  x8:0x800088a5 x22=0x00000000 PA:0x80008b87
        2365000	       235	80001730	2e240f83	lb	x31,738(x8)	  x8:0x800088a5 x31=0x00000000 PA:0x80008b87
        2375000	       236	80001734	4f541c83	lh	x25,1269(x8)	  x8:0x800088a5 x25=0xfffff500 PA:0x80008d9a
        2385000	       237	80001738	01420b33	add	x22,x4,x20	  x4:0xe2236ef5 x20:0x80009fc4 x22=0x62240eb9
        2395000	       238	8000173c	4f140aa3	sb	x17,1269(x8)	  x8:0x800088a5 x17:0x00000001 PA:0x80008d9a
        2405000	       239	80001740	4fc40aa3	sb	x28,1269(x8)	  x8:0x800088a5 x28:0x00000000 PA:0x80008d9a
        2415000	       240	80001744	64844103	lbu	x2,1608(x8)	  x8:0x800088a5  x2=0x00000000 PA:0x80008eed
        2425000	       241	80001748	64844e83	lbu	x29,1608(x8)	  x8:0x800088a5 x29=0x00000000 PA:0x80008eed
        2435000	       242	8000174c	57a44b83	lbu	x23,1402(x8)	  x8:0x800088a5 x23=0x00000000 PA:0x80008e1f
        2445000	       243	80001750	06642ba3	sw	x6,119(x8)	  x8:0x800088a5  x6:0x00000000 PA:0x8000891c
        2455000	       244	80001754	24e40503	lb	x10,590(x8)	  x8:0x800088a5 x10=0x00000000 PA:0x80008af3
        2465000	       245	80001758	2ad44503	lbu	x10,685(x8)	  x8:0x800088a5 x10=0x00000000 PA:0x80008b52
        2475000	       246	00000000	00000013	addi	x0,x0,0	  x0:0x00000000
        2485000	       247	8000175c	2ea40c23	sb	x10,760(x8)	  x8:0x800088a5 x10:0x00000000 PA:0x80008b9d
        2495000	       248	80001760	2f844503	lbu	x10,760(x8)	  x8:0x800088a5 x10=0x00000000 PA:0x80008b9d
        2505000	       249	80001764	6ac40c23	sb	x12,1720(x8)	  x8:0x800088a5 x12:0x00000000 PA:0x80008f5d
        2515000	       250	80001768	6b840003	lb	x0,1720(x8)	  x8:0x800088a5 PA:0x80008f5d
        2525000	       251	8000176c	34d40283	lb	x5,845(x8)	  x8:0x800088a5  x5=0x00000000 PA:0x80008bf2
        2535000	       252	80001770	00007697	auipc	x13,0x7	 x13=0x8000876c
        2545000	       253	80001774	69b68693	addi	x13,x13,1691	 x13:0x8000876c x13=0x80008e07
        2555000	       254	80001778	00007197	auipc	x3,0x7	  x3=0x80008774
        2565000	       255	8000177c	6e218193	addi	x3,x3,1762	  x3:0x80008774  x3=0x80008e56
        2575000	       256	80001780	00007c17	auipc	x24,0x7	 x24=0x8000877c
        2585000	       257	80001784	417c0c13	addi	x24,x24,1047	 x24:0x8000877c x24=0x80008b93
        2595000	       258	80001788	18b1c583	lbu	x11,395(x3)	  x3:0x80008e56 x11=0x00000000 PA:0x80008fe1
        2605000	       259	8000178c	00007797	auipc	x15,0x7	 x15=0x80008788
        2615000	       260	80001790	5ad78793	addi	x15,x15,1453	 x15:0x80008788 x15=0x80008d35
        2625000	       261	80001794	fc96da83	lhu	x21,-55(x13)	 x13:0x80008e07 x21=0x00000000 PA:0x80008dd0
        2635000	       262	80001798	01a78f23	sb	x26,30(x15)	 x15:0x80008d35 x26:0x00000000 PA:0x80008d53
        2645000	       263	8000179c	ffb69303	lh	x6,-5(x13)	 x13:0x80008e07  x6=0x00000000 PA:0x80008e02
        2655000	       264	800017a0	eebc4983	lbu	x19,-277(x24)	 x24:0x80008b93 x19=0x00000000 PA:0x80008a7e
        2665000	       265	800017a4	01f79fa3	sh	x31,31(x15)	 x15:0x80008d35 x31:0x00000000 PA:0x80008d54
        2675000	       266	800017a8	0136d983	lhu	x19,19(x13)	 x13:0x80008e07 x19=0x00000000 PA:0x80008e1a
        2685000	       267	800017ac	a9818503	lb	x10,-1384(x3)	  x3:0x80008e56 x10=0x00000000 PA:0x800088ee
        2695000	       268	800017b0	ffe78803	lb	x16,-2(x15)	 x15:0x80008d35 x16=0x00000000 PA:0x80008d33
        2705000	       269	800017b4	ed319e23	sh	x19,-292(x3)	  x3:0x80008e56 x19:0x00000000 PA:0x80008d32
        2715000	       270	800017b8	30ac4303	lbu	x6,778(x24)	 x24:0x80008b93  x6=0x00000000 PA:0x80008e9d
        2725000	       271	800017bc	01778023	sb	x23,0(x15)	 x15:0x80008d35 x23:0x00000000 PA:0x80008d35
        2735000	       272	800017c0	0247a3a3	sw	x4,39(x15)	 x15:0x80008d35  x4:0xe2236ef5 PA:0x80008d5c
        2745000	       273	800017c4	00007b17	auipc	x22,0x7	 x22=0x800087c0
        2755000	       274	800017c8	4feb0b13	addi	x22,x22,1278	 x22:0x800087c0 x22=0x80008cbe
        2765000	       275	800017cc	03fb4e03	lbu	x28,63(x22)	 x22:0x80008cbe x28=0x00000000 PA:0x80008cfd
        2775000	       276	800017d0	f23c0a23	sb	x3,-204(x24)	 x24:0x80008b93  x3:0x80008e56 PA:0x80008ac7
        2785000	       277	800017d4	134c4a83	lbu	x21,308(x24)	 x24:0x80008b93 x21=0x00000000 PA:0x80008cc7
        2795000	       278	800017d8	02e68403	lb	x8,46(x13)	 x13:0x80008e07  x8=0x00000000 PA:0x80008e35
        2805000	       279	800017dc	01768483	lb	x9,23(x13)	 x13:0x80008e07  x9=0x00000000 PA:0x80008e1e
        2815000	       280	800017e0	fb4b4703	lbu	x14,-76(x22)	 x22:0x80008cbe x14=0x00000000 PA:0x80008c72
        2825000	       281	800017e4	d281d283	lhu	x5,-728(x3)	  x3:0x80008e56  x5=0x00000000 PA:0x80008b7e
        2835000	       282	800017e8	02379e83	lh	x29,35(x15)	 x15:0x80008d35 x29=0x00000000 PA:0x80008d58
        2845000	       283	800017ec	fdb6c383	lbu	x7,-37(x13)	 x13:0x80008e07  x7=0x00000000 PA:0x80008de2
        2855000	       284	800017f0	ffe18d03	lb	x26,-2(x3)	  x3:0x80008e56 x26=0x00000000 PA:0x80008e54
        2865000	       285	800017f4	ff7789a3	sb	x23,-13(x15)	 x15:0x80008d35 x23:0x00000000 PA:0x80008d28
        2875000	       286	800017f8	04619023	sh	x6,64(x3)	  x3:0x80008e56  x6:0x00000000 PA:0x80008e96
        2885000	       287	800017fc	ffa78003	lb	x0,-6(x15)	 x15:0x80008d35 PA:0x80008d2f
        2895000	       288	80001800	05bb4f83	lbu	x31,91(x22)	 x22:0x80008cbe x31=0x00000000 PA:0x80008d19
        2905000	       289	80001804	2fac0103	lb	x2,762(x24)	 x24:0x80008b93  x2=0x00000000 PA:0x80008e8d
        2915000	       290	80001808	04078003	lb	x0,64(x15)	 x15:0x80008d35 PA:0x80008d75
        2925000	       291	8000180c	e57b4583	lbu	x11,-425(x22)	 x22:0x80008cbe x11=0x00000000 PA:0x80008b15
        2935000	       292	80001810	fcc6cf03	lbu	x30,-52(x13)	 x13:0x80008e07 x30=0x00000000 PA:0x80008dd3
        2945000	       293	00000000	00000013	addi	x0,x0,0	  x0:0x00000000
        2955000	       294	80001814	9de18d23	sb	x30,-1574(x3)	  x3:0x80008e56 x30:0x00000000 PA:0x80008830
        2965000	       295	80001818	f03c0f23	sb	x3,-226(x24)	 x24:0x80008b93  x3:0x80008e56 PA:0x80008ab1
        2975000	       296	8000181c	02bc0aa3	sb	x11,53(x24)	 x24:0x80008b93 x11:0x00000000 PA:0x80008bc8
        2985000	       297	80001820	00968823	sb	x9,16(x13)	 x13:0x80008e07  x9:0x00000000 PA:0x80008e17
        2995000	       298	80001824	2acb5403	lhu	x8,684(x22)	 x22:0x80008cbe  x8=0x00000000 PA:0x80008f6a
        3005000	       299	80001828	03a78003	lb	x0,58(x15)	 x15:0x80008d35 PA:0x80008d6f
        3015000	       300	8000182c	07bb4003	lbu	x0,123(x22)	 x22:0x80008cbe PA:0x80008d39
        3025000	       301	80001830	f2619f03	lh	x30,-218(x3)	  x3:0x80008e56 x30=0x00000000 PA:0x80008d7c
        3035000	       302	80001834	d18180a3	sb	x24,-767(x3)	  x3:0x80008e56 x24:0x80008b93 PA:0x80008b57
        3045000	       303	80001838	fbbb1423	sh	x27,-88(x22)	 x22:0x80008cbe x27:0x80009f4c PA:0x80008c66
        3055000	       304	8000183c	01a68aa3	sb	x26,21(x13)	 x13:0x80008e07 x26:0x00000000 PA:0x80008e1c
        3065000	       305	80001840	00007117	auipc	x2,0x7	  x2=0x8000883c
        3075000	       306	80001844	8f410113	addi	x2,x2,-1804	  x2:0x8000883c  x2=0x80008130
        3085000	       307	80001848	01410803	lb	x16,20(x2)	  x2:0x80008130 x16=0x00000000 PA:0x80008144
        3095000	       308	8000184c	03114483	lbu	x9,49(x2)	  x2:0x80008130  x9=0x00000000 PA:0x80008161
        3105000	       309	80001850	fe314383	lbu	x7,-29(x2)	  x2:0x80008130  x7=0x00000000 PA:0x80008113
        3115000	       310	80001854	fe314403	lbu	x8,-29(x2)	  x2:0x80008130  x8=0x00000000 PA:0x80008113
        3125000	       311	80001858	fcd10f83	lb	x31,-51(x2)	  x2:0x80008130 x31=0x00000000 PA:0x800080fd
        3135000	       312	8000185c	fcf10e23	sb	x15,-36(x2)	  x2:0x80008130 x15:0x80008d35 PA:0x8000810c
        3145000	       313	80001860	1fc8f493	andi	x9,x17,508	 x17:0x00000001  x9=0x00000000
        3155000	       314	80001864	fd114b83	lbu	x23,-47(x2)	  x2:0x80008130 x23=0x00000000 PA:0x80008101
        3165000	       315	80001868	4009d633	sra	x12,x19,x0	 x19:0x00000000  x0:0x00000000 x12=0x00000000
        3175000	       316	8000186c	401b0433	sub	x8,x22,x1	 x22:0x80008cbe  x1:0x80008dbc  x8=0xffffff02
        3185000	       317	80001870	6777f2b7	lui	x5,0x6777f	  x5=0x6777f000
        3195000	       318	80001874	00669d33	sll	x26,x13,x6	 x13:0x80008e07  x6:0x00000000 x26=0x80008e07
        3205000	       319	80001878	03015b83	lhu	x23,48(x2)	  x2:0x80008130 x23=0x00000000 PA:0x80008160
        3215000	       320	8000187c	216c7993	andi	x19,x24,534	 x24:0x80008b93 x19=0x00000212
        3225000	       321	80001880	fd110003	lb	x0,-47(x2)	  x2:0x80008130 PA:0x80008101
        3235000	       322	80001884	00000013	addi	x0,x0,0	  x0:0x00000000
        3245000	       323	80001888	fdf14183	lbu	x3,-33(x2)	  x2:0x80008130  x3=0x00000000 PA:0x8000810f
        3255000	       324	8000188c	ff114d03	lbu	x26,-15(x2)	  x2:0x80008130 x26=0x00000000 PA:0x80008121
        3265000	       325	80001890	0197fc33	and	x24,x15,x25	 x15:0x80008d35 x25:0xfffff500 x24=0x80008500
        3275000	       326	80001894	009e6eb3	or	x29,x28,x9	 x28:0x00000000  x9:0x00000000 x29=0x00000000
        3285000	       327	80001898	03714c83	lbu	x25,55(x2)	  x2:0x80008130 x25=0x00000000 PA:0x80008167
        3295000	       328	8000189c	40b5d313	srai	x6,x11,0xb	 x11:0x00000000  x6=0x00000000
        3305000	       329	800018a0	1bbcef17	auipc	x30,0x1bbce	 x30=0x9bbcf89c
        3315000	       330	800018a4	ff410123	sb	x20,-30(x2)	  x2:0x80008130 x20:0x80009fc4 PA:0x80008112
        3325000	       331	800018a8	003df4b3	and	x9,x27,x3	 x27:0x80009f4c  x3:0x00000000  x9=0x00000000
        3335000	       332	800018ac	ff914e83	lbu	x29,-7(x2)	  x2:0x80008130 x29=0x00000000 PA:0x80008129
        3345000	       333	800018b0	012dd0b3	srl	x1,x27,x18	 x27:0x80009f4c x18:0x00000000  x1=0x80009f4c
        3355000	       334	800018b4	fe510da3	sb	x5,-5(x2)	  x2:0x80008130  x5:0x6777f000 PA:0x8000812b
        3365000	       335	800018b8	00007117	auipc	x2,0x7	  x2=0x800088b4
        3375000	       336	800018bc	b9310113	addi	x2,x2,-1133	  x2:0x800088b4  x2=0x80008447
        3385000	       337	800018c0	0bc104a3	sb	x28,169(x2)	  x2:0x80008447 x28:0x00000000 PA:0x800084f0
        3395000	       338	800018c4	fb210323	sb	x18,-90(x2)	  x2:0x80008447 x18:0x00000000 PA:0x800083ed
        3405000	       339	800018c8	40845433	sra	x8,x8,x8	  x8:0xffffff02  x8:0xffffff02  x8=0xffffffc0
        3415000	       340	800018cc	fa610803	lb	x16,-90(x2)	  x2:0x80008447 x16=0x00000000 PA:0x800083ed
        3425000	       341	800018d0	0fe115a3	sh	x30,235(x2)	  x2:0x80008447 x30:0x9bbcf89c PA:0x80008532
        3435000	       342	800018d4	ff612ca3	sw	x22,-7(x2)	  x2:0x80008447 x22:0x80008cbe PA:0x80008440
        3445000	       343	800018d8	ffc10ca3	sb	x28,-7(x2)	  x2:0x80008447 x28:0x00000000 PA:0x80008440
        3455000	       344	800018dc	009e64b3	or	x9,x28,x9	 x28:0x00000000  x9:0x00000000  x9=0x00000000
        3465000	       345	800018e0	09e10e83	lb	x29,158(x2)	  x2:0x80008447 x29=0x00000000 PA:0x800084e5
        3475000	       346	800018e4	09e10f23	sb	x30,158(x2)	  x2:0x80008447 x30:0x9bbcf89c PA:0x800084e5
        3485000	       347	800018e8	01277eb3	and	x29,x14,x18	 x14:0x00000000 x18:0x00000000 x29=0x00000000
        3495000	       348	800018ec	09e10803	lb	x16,158(x2)	  x2:0x80008447 x16=0xffffff9c PA:0x800084e5
        3505000	       349	800018f0	00f10ea3	sb	x15,29(x2)	  x2:0x80008447 x15:0x80008d35 PA:0x80008464
        3515000	       350	800018f4	f1b11fa3	sh	x27,-225(x2)	  x2:0x80008447 x27:0x80009f4c PA:0x80008366
        3525000	       351	800018f8	0136ec33	or	x24,x13,x19	 x13:0x80008e07 x19:0x00000212 x24=0x80008e17
        3535000	       352	800018fc	f1f15b83	lhu	x23,-225(x2)	  x2:0x80008447 x23=0x00009f4c PA:0x80008366
        3545000	       353	80001900	f1f14683	lbu	x13,-225(x2)	  x2:0x80008447 x13=0x0000004c PA:0x80008366
        3555000	       354	80001904	f0910fa3	sb	x9,-225(x2)	  x2:0x80008447  x9:0x00000000 PA:0x80008366
        3565000	       355	80001908	f1810fa3	sb	x24,-225(x2)	  x2:0x80008447 x24:0x80008e17 PA:0x80008366
        3575000	       356	8000190c	f0810fa3	sb	x8,-225(x2)	  x2:0x80008447  x8:0xffffffc0 PA:0x80008366
        3585000	       357	80001910	01e956b3	srl	x13,x18,x30	 x18:0x00000000 x30:0x9bbcf89c x13=0x00000000
        3595000	       358	80001914	f1f10f83	lb	x31,-225(x2)	  x2:0x80008447 x31=0xffffffc0 PA:0x80008366
        3605000	       359	80001918	f0a10fa3	sb	x10,-225(x2)	  x2:0x80008447 x10:0x00000000 PA:0x80008366
        3615000	       360	8000191c	f1410fa3	sb	x20,-225(x2)	  x2:0x80008447 x20:0x80009fc4 PA:0x80008366
        3625000	       361	80001920	f1f10f03	lb	x30,-225(x2)	  x2:0x80008447 x30=0xffffffc4 PA:0x80008366
        3635000	       362	80001924	00520bb3	add	x23,x4,x5	  x4:0xe2236ef5  x5:0x6777f000 x23=0x499b5ef5
        3645000	       363	80001928	93f38193	addi	x3,x7,-1729	  x7:0x00000000  x3=0xfffff93f
        3655000	       364	8000192c	405dde33	sra	x28,x27,x5	 x27:0x80009f4c  x5:0x6777f000 x28=0x80009f4c
        3665000	       365	80001930	02136f13	ori	x30,x6,33	  x6:0x00000000 x30=0x00000021
        3675000	       366	80001934	00cee833	or	x16,x29,x12	 x29:0x00000000 x12:0x00000000 x16=0x00000000
        3685000	       367	80001938	1d6e6c93	ori	x25,x28,470	 x28:0x80009f4c x25=0x80009fde
        3695000	       368	8000193c	0db9d463	bge	x19,x27,80001a04	 x19:0x00000212 x27:0x80009f4c
        3705000	       369	00000000	00000013	addi	x0,x0,0	  x0:0x00000000
        3715000	       370	80001a00	00000013	addi	x0,x0,0	  x0:0x00000000
        3725000	       371	80001a04	003522b3	slt	x5,x10,x3	 x10:0x00000000  x3:0xfffff93f  x5=0x00000000
        3735000	       372	80001a08	0063dc33	srl	x24,x7,x6	  x7:0x00000000  x6:0x00000000 x24=0x00000000
        3745000	       373	80001a0c	00671693	slli	x13,x14,0x6	 x14:0x00000000 x13=0x00000000
        3755000	       374	80001a10	ba804917	auipc	x18,0xba804	 x18=0x3a805a0c
        3765000	       375	80001a14	1303e113	ori	x2,x7,304	  x7:0x00000000  x2=0x00000130
        3775000	       376	80001a18	41998033	sub	x0,x19,x25	 x19:0x00000212 x25:0x80009fde
        3785000	       377	80001a1c	00c62933	slt	x18,x12,x12	 x12:0x00000000 x12:0x00000000 x18=0x00000000
        3795000	       378	80001a20	da318b93	addi	x23,x3,-605	  x3:0xfffff93f x23=0xfffff6e2
        3805000	       379	80001a24	09044693	xori	x13,x8,144	  x8:0xffffffc0 x13=0xffffff50
        3815000	       380	80001a28	9da83413	sltiu	x8,x16,-1574	 x16:0x00000000  x8=0x00000001
        3825000	       381	80001a2c	03797863	bgeu	x18,x23,80001a5c	 x18:0x00000000 x23:0xfffff6e2
        3835000	       382	80001a30	01fa39b3	sltu	x19,x20,x31	 x20:0x80009fc4 x31:0xffffffc0 x19=0x00000001
        3845000	       383	80001a34	012ad863	bge	x21,x18,80001a44	 x21:0x00000000 x18:0x00000000
        3855000	       384	00000000	00000013	addi	x0,x0,0	  x0:0x00000000
        3865000	       385	80001a40	00000013	addi	x0,x0,0	  x0:0x00000000
        3875000	       386	80001a44	8901e813	ori	x16,x3,-1904	  x3:0xfffff93f x16=0xfffff9bf
        3885000	       387	80001a48	01268bb3	add	x23,x13,x18	 x13:0xffffff50 x18:0x00000000 x23=0xffffff50
        3895000	       388	80001a4c	00b64433	xor	x8,x12,x11	 x12:0x00000000 x11:0x00000000  x8=0x00000000
        3905000	       389	80001a50	01be4133	xor	x2,x28,x27	 x28:0x80009f4c x27:0x80009f4c  x2=0x00000000
        3915000	       390	80001a54	01be37b3	sltu	x15,x28,x27	 x28:0x80009f4c x27:0x80009f4c x15=0x00000000
        3925000	       391	80001a58	01285493	srli	x9,x16,0x12	 x16:0xfffff9bf  x9=0x00003fff
        3935000	       392	80001a5c	7e519497	auipc	x9,0x7e519	  x9=0xfe51aa58
        3945000	       393	80001a60	41640d33	sub	x26,x8,x22	  x8:0x00000000 x22:0x80008cbe x26=0x7fff7342
        3955000	       394	80001a64	01cc4433	xor	x8,x24,x28	 x24:0x00000000 x28:0x80009f4c  x8=0x80009f4c
        3965000	       395	80001a68	41b65d13	srai	x26,x12,0x1b	 x12:0x00000000 x26=0x00000000
        3975000	       396	80001a6c	bf973f93	sltiu	x31,x14,-1031	 x14:0x00000000 x31=0x00000001
        3985000	       397	80001a70	00854f33	xor	x30,x10,x8	 x10:0x00000000  x8:0x80009f4c x30=0x80009f4c
        3995000	       398	80001a74	46d5eb93	ori	x23,x11,1133	 x11:0x00000000 x23=0x0000046d
        4005000	       399	80001a78	408ed093	srai	x1,x29,0x8	 x29:0x00000000  x1=0x00000000
        4015000	       400	80001a7c	f3a43a97	auipc	x21,0xf3a43	 x21=0x73a44a78
        4025000	       401	80001a80	00dcd4b3	srl	x9,x25,x13	 x25:0x80009fde x13:0xffffff50  x9=0x00008000
        4035000	       402	80001a84	05c7e663	bltu	x15,x28,80001ad0	 x15:0x00000000 x28:0x80009f4c
        4045000	       403	00000000	00000013	addi	x0,x0,0	  x0:0x00000000
        4055000	       404	80001acc	00000013	addi	x0,x0,0	  x0:0x00000000
        4065000	       405	80001ad0	01dc7733	and	x14,x24,x29	 x24:0x00000000 x29:0x00000000 x14=0x00000000
        4075000	       406	80001ad4	015ed8b3	srl	x17,x29,x21	 x29:0x00000000 x21:0x73a44a78 x17=0x00000000
        4085000	       407	80001ad8	027d9863	bne	x27,x7,80001b08	 x27:0x80009f4c  x7:0x00000000
        4095000	       408	00000000	00000013	addi	x0,x0,0	  x0:0x00000000
        4105000	       409	80001b04	00000013	addi	x0,x0,0	  x0:0x00000000
        4115000	       410	80001b08	017610b3	sll	x1,x12,x23	 x12:0x00000000 x23:0x0000046d  x1=0x00000000
        4125000	       411	80001b0c	000d5113	srli	x2,x26,0x0	 x26:0x00000000  x2=0x00000000
        4135000	       412	80001b10	012ce333	or	x6,x25,x18	 x25:0x80009fde x18:0x00000000  x6=0x80009fde
        4145000	       413	80001b14	54ddad13	slti	x26,x27,1357	 x27:0x80009f4c x26=0x00000001
        4155000	       414	80001b18	01526933	or	x18,x4,x21	  x4:0xe2236ef5 x21:0x73a44a78 x18=0xf3a76efd
        4165000	       415	80001b1c	9e9af293	andi	x5,x21,-1559	 x21:0x73a44a78  x5=0x73a44868
        4175000	       416	80001b20	001a84b3	add	x9,x21,x1	 x21:0x73a44a78  x1:0x00000000  x9=0x73a44a78
        4185000	       417	80001b24	6a72ce13	xori	x28,x5,1703	  x5:0x73a44868 x28=0x73a44ecf
        4195000	       418	80001b28	01ab0863	beq	x22,x26,80001b38	 x22:0x80008cbe x26:0x00000001
        4205000	       419	80001b2c	003b79b3	and	x19,x22,x3	 x22:0x80008cbe  x3:0xfffff93f x19=0x8000883e
        4215000	       420	80001b30	282a4c13	xori	x24,x20,642	 x20:0x80009fc4 x24=0x80009d46
        4225000	       421	80001b34	955e9e37	lui	x28,0x955e9	 x28=0x955e9000
        4235000	       422	80001b38	046bd463	bge	x23,x6,80001b80	 x23:0x0000046d  x6:0x80009fde
        4245000	       423	00000000	00000013	addi	x0,x0,0	  x0:0x00000000
        4255000	       424	80001b7c	00000013	addi	x0,x0,0	  x0:0x00000000
        4265000	       425	80001b80	005c71b3	and	x3,x24,x5	 x24:0x80009d46  x5:0x73a44868  x3=0x00000840
        4275000	       426	80001b84	04c8f263	bgeu	x17,x12,80001bc8	 x17:0x00000000 x12:0x00000000
        4285000	       427	00000000	00000013	addi	x0,x0,0	  x0:0x00000000
        4295000	       428	80001bc4	00000013	addi	x0,x0,0	  x0:0x00000000
        4305000	       429	80001bc8	000fee63	bltu	x31,x0,80001be4	 x31:0x00000001  x0:0x00000000
        4315000	       430	80001bcc	5978b813	sltiu	x16,x17,1431	 x17:0x00000000 x16=0x00000001
        4325000	       431	80001bd0	012091b3	sll	x3,x1,x18	  x1:0x00000000 x18:0xf3a76efd  x3=0x00000000
        4335000	       432	80001bd4	40d68bb3	sub	x23,x13,x13	 x13:0xffffff50 x13:0xffffff50 x23=0x00000000
        4345000	       433	80001bd8	053c4063	blt	x24,x19,80001c18	 x24:0x80009d46 x19:0x8000883e
        4355000	       434	80001bdc	03eec463	blt	x29,x30,80001c04	 x29:0x00000000 x30:0x80009f4c
        4365000	       435	80001be0	012f5593	srli	x11,x30,0x12	 x30:0x80009f4c x11=0x00002000
        4375000	       436	80001be4	00c0de63	bge	x1,x12,80001c00	  x1:0x00000000 x12:0x00000000
        4385000	       437	00000000	00000013	addi	x0,x0,0	  x0:0x00000000
        4395000	       438	80001bfc	00000013	addi	x0,x0,0	  x0:0x00000000
        4405000	       439	80001c00	8a017b13	andi	x22,x2,-1888	  x2:0x00000000 x22=0x00000000
        4415000	       440	80001c04	00e08f33	add	x30,x1,x14	  x1:0x00000000 x14:0x00000000 x30=0x00000000
        4425000	       441	80001c08	0128a133	slt	x2,x17,x18	 x17:0x00000000 x18:0xf3a76efd  x2=0x00000000
        4435000	       442	80001c0c	6268f793	andi	x15,x17,1574	 x17:0x00000000 x15=0x00000000
        4445000	       443	80001c10	02cf6a63	bltu	x30,x12,80001c44	 x30:0x00000000 x12:0x00000000
        4455000	       444	80001c14	d6b7f513	andi	x10,x15,-661	 x15:0x00000000 x10=0x00000000
        4465000	       445	80001c18	053e1863	bne	x28,x19,80001c68	 x28:0x955e9000 x19:0x8000883e
        4475000	       446	00000000	00000013	addi	x0,x0,0	  x0:0x00000000
        4485000	       447	80001c64	00000013	addi	x0,x0,0	  x0:0x00000000
        4495000	       448	80001c68	93088c13	addi	x24,x17,-1744	 x17:0x00000000 x24=0xfffff930
        4505000	       449	80001c6c	017daf33	slt	x30,x27,x23	 x27:0x80009f4c x23:0x00000000 x30=0x00000001
        4515000	       450	80001c70	d2a74113	xori	x2,x14,-726	 x14:0x00000000  x2=0xfffffd2a
        4525000	       451	80001c74	0120d463	bge	x1,x18,80001c7c	  x1:0x00000000 x18:0xf3a76efd
        4535000	       452	00000000	00000013	addi	x0,x0,0	  x0:0x00000000
        4545000	       453	80001c78	00000013	addi	x0,x0,0	  x0:0x00000000
        4555000	       454	80001c7c	03fa5a63	bge	x20,x31,80001cb0	 x20:0x80009fc4 x31:0x00000001
        4565000	       455	80001c80	008149b3	xor	x19,x2,x8	  x2:0xfffffd2a  x8:0x80009f4c x19=0x7fff6266
        4575000	       456	80001c84	0161d613	srli	x12,x3,0x16	  x3:0x00000000 x12=0x00000000
        4585000	       457	80001c88	bc6a9697	auipc	x13,0xbc6a9	 x13=0x3c6aac84
        4595000	       458	80001c8c	a94b6e93	ori	x29,x22,-1388	 x22:0x00000000 x29=0xfffffa94
        4605000	       459	80001c90	12cccc93	xori	x25,x25,300	 x25:0x80009fde x25=0x80009ef2
        4615000	       460	80001c94	400bd933	sra	x18,x23,x0	 x23:0x00000000  x0:0x00000000 x18=0x00000000
        4625000	       461	80001c98	4a190793	addi	x15,x18,1185	 x18:0x00000000 x15=0x000004a1
        4635000	       462	80001c9c	9e100913	addi	x18,x0,-1567	  x0:0x00000000 x18=0xfffff9e1
        4645000	       463	80001ca0	00784733	xor	x14,x16,x7	 x16:0x00000001  x7:0x00000000 x14=0x00000001
        4655000	       464	80001ca4	00000013	addi	x0,x0,0	  x0:0x00000000
        4665000	       465	80001ca8	0fdf6337	lui	x6,0xfdf6	  x6=0x0fdf6000
        4675000	       466	80001cac	00000013	addi	x0,x0,0	  x0:0x00000000
        4685000	       467	80001cb0	a83c3013	sltiu	x0,x24,-1405	 x24:0xfffff930
        4695000	       468	80001cb4	9c2e6f13	ori	x30,x28,-1598	 x28:0x955e9000 x30=0xfffff9c2
        4705000	       469	80001cb8	0168c463	blt	x17,x22,80001cc0	 x17:0x00000000 x22:0x00000000
        4715000	       470	80001cbc	7316e013	ori	x0,x13,1841	 x13:0x3c6aac84
        4725000	       471	80001cc0	1ee00597	auipc	x11,0x1ee00	 x11=0x9ee01cbc
        4735000	       472	80001cc4	01867fb3	and	x31,x12,x24	 x12:0x00000000 x24:0xfffff930 x31=0x00000000
        4745000	       473	80001cc8	0471c263	blt	x3,x7,80001d0c	  x3:0x00000000  x7:0x00000000
        4755000	       474	80001ccc	01d87433	and	x8,x16,x29	 x16:0x00000001 x29:0xfffffa94  x8=0x00000000
        4765000	       475	80001cd0	01789863	bne	x17,x23,80001ce0	 x17:0x00000000 x23:0x00000000
        4775000	       476	80001cd4	00f325b3	slt	x11,x6,x15	  x6:0x0fdf6000 x15:0x000004a1 x11=0x00000000
        4785000	       477	80001cd8	0188acb3	slt	x25,x17,x24	 x17:0x00000000 x24:0xfffff930 x25=0x00000000
        4795000	       478	80001cdc	0133feb3	and	x29,x7,x19	  x7:0x00000000 x19:0x7fff6266 x29=0x00000000
        4805000	       479	80001ce0	79d93b93	sltiu	x23,x18,1949	 x18:0xfffff9e1 x23=0x00000000
        4815000	       480	80001ce4	be187e93	andi	x29,x16,-1055	 x16:0x00000001 x29=0x00000001
        4825000	       481	80001ce8	dca76893	ori	x17,x14,-566	 x14:0x00000001 x17=0xfffffdcb
        4835000	       482	80001cec	419d07b3	sub	x15,x26,x25	 x26:0x00000001 x25:0x00000000 x15=0x00000001
        4845000	       483	80001cf0	0105d593	srli	x11,x11,0x10	 x11:0x00000000 x11=0x00000000
        4855000	       484	80001cf4	00d7ed33	or	x26,x15,x13	 x15:0x00000001 x13:0x3c6aac84 x26=0x3c6aac85
        4865000	       485	80001cf8	0078f863	bgeu	x17,x7,80001d08	 x17:0xfffffdcb  x7:0x00000000
        4875000	       486	00000000	00000013	addi	x0,x0,0	  x0:0x00000000
        4885000	       487	80001d04	00000013	addi	x0,x0,0	  x0:0x00000000
        4895000	       488	80001d08	019bfab3	and	x21,x23,x25	 x23:0x00000000 x25:0x00000000 x21=0x00000000
        4905000	       489	80001d0c	826a1397	auipc	x7,0x826a1	  x7=0x026a2d08
        4915000	       490	80001d10	2805f393	andi	x7,x11,640	 x11:0x00000000  x7=0x00000000
        4925000	       491	80001d14	00df72b3	and	x5,x30,x13	 x30:0xfffff9c2 x13:0x3c6aac84  x5=0x3c6aa880
        4935000	       492	80001d18	004d6cb3	or	x25,x26,x4	 x26:0x3c6aac85  x4:0xe2236ef5 x25=0xfe6beef5
        4945000	       493	80001d1c	01ddd693	srli	x13,x27,0x1d	 x27:0x80009f4c x13=0x00000004
        4955000	       494	80001d20	01559f33	sll	x30,x11,x21	 x11:0x00000000 x21:0x00000000 x30=0x00000000
        4965000	       495	80001d24	b73c4813	xori	x16,x24,-1165	 x24:0xfffff930 x16=0x00000243
        4975000	       496	80001d28	00000013	addi	x0,x0,0	  x0:0x00000000
        4985000	       497	80001d2c	41445393	srai	x7,x8,0x14	  x8:0x00000000  x7=0x00000000
        4995000	       498	80001d30	08666d37	lui	x26,0x8666	 x26=0x08666000
        5005000	       499	80001d34	40bbd813	srai	x16,x23,0xb	 x23:0x00000000 x16=0x00000000
        5015000	       500	80001d38	40180ab3	sub	x21,x16,x1	 x16:0x00000000  x1:0x00000000 x21=0x00000000
        5025000	       501	80001d3c	47994513	xori	x10,x18,1145	 x18:0xfffff9e1 x10=0xfffffd98
        5035000	       502	80001d40	8b8a3c13	sltiu	x24,x20,-1864	 x20:0x80009fc4 x24=0x00000001
        5045000	       503	80001d44	f5639f37	lui	x30,0xf5639	 x30=0xf5639000
        5055000	       504	80001d48	001127b3	slt	x15,x2,x1	  x2:0xfffffd2a  x1:0x00000000 x15=0x00000001
        5065000	       505	80001d4c	6e4e8ab7	lui	x21,0x6e4e8	 x21=0x6e4e8000
        5075000	       506	80001d50	03eee263	bltu	x29,x30,80001d74	 x29:0x00000001 x30:0xf5639000
        5085000	       507	00000000	00000013	addi	x0,x0,0	  x0:0x00000000
        5095000	       508	80001d70	00000013	addi	x0,x0,0	  x0:0x00000000
        5105000	       509	80001d74	011b80b3	add	x1,x23,x17	 x23:0x00000000 x17:0xfffffdcb  x1=0xfffffdcb
        5115000	       510	80001d78	012db8b3	sltu	x17,x27,x18	 x27:0x80009f4c x18:0xfffff9e1 x17=0x00000001
        5125000	       511	80001d7c	307d2793	slti	x15,x26,775	 x26:0x08666000 x15=0x00000000
        5135000	       512	80001d80	4ba9be93	sltiu	x29,x19,1210	 x19:0x7fff6266 x29=0x00000000
        5145000	       513	80001d84	b7f67197	auipc	x3,0xb7f67	  x3=0x37f68d80
        5155000	       514	80001d88	00519b33	sll	x22,x3,x5	  x3:0x37f68d80  x5:0x3c6aa880 x22=0x37f68d80
        5165000	       515	80001d8c	00fcf863	bgeu	x25,x15,80001d9c	 x25:0xfe6beef5 x15:0x00000000
        5175000	       516	00000000	00000013	addi	x0,x0,0	  x0:0x00000000
        5185000	       517	80001d98	00000013	addi	x0,x0,0	  x0:0x00000000
        5195000	       518	80001d9c	01a6e2b3	or	x5,x13,x26	 x13:0x00000004 x26:0x08666000  x5=0x08666004
        5205000	       519	80001da0	406ad813	srai	x16,x21,0x6	 x21:0x6e4e8000 x16=0x01b93a00
        5215000	       520	80001da4	410153b3	sra	x7,x2,x16	  x2:0xfffffd2a x16:0x01b93a00  x7=0xfffffd2a
        5225000	       521	80001da8	4d40a993	slti	x19,x1,1236	  x1:0xfffffdcb x19=0x00000001
        5235000	       522	80001dac	04c39663	bne	x7,x12,80001df8	  x7:0xfffffd2a x12:0x00000000
        5245000	       523	00000000	00000013	addi	x0,x0,0	  x0:0x00000000
        5255000	       524	80001df4	00000013	addi	x0,x0,0	  x0:0x00000000
        5265000	       525	80001df8	e5297913	andi	x18,x18,-430	 x18:0xfffff9e1 x18=0xfffff840
        5275000	       526	80001dfc	03b5e813	ori	x16,x11,59	 x11:0x00000000 x16=0x0000003b
        5285000	       527	80001e00	00d460b3	or	x1,x8,x13	  x8:0x00000000 x13:0x00000004  x1=0x00000004
        5295000	       528	80001e04	000ed693	srli	x13,x29,0x0	 x29:0x00000000 x13=0x00000000
        5305000	       529	80001e08	022ce663	bltu	x25,x2,80001e34	 x25:0xfe6beef5  x2:0xfffffd2a
        5315000	       530	00000000	00000013	addi	x0,x0,0	  x0:0x00000000
        5325000	       531	80001e30	00000013	addi	x0,x0,0	  x0:0x00000000
        5335000	       532	80001e34	03206e63	bltu	x0,x18,80001e70	  x0:0x00000000 x18:0xfffff840
        5345000	       533	00000000	00000013	addi	x0,x0,0	  x0:0x00000000
        5355000	       534	80001e6c	00000013	addi	x0,x0,0	  x0:0x00000000
        5365000	       535	80001e70	c876c193	xori	x3,x13,-889	 x13:0x00000000  x3=0xfffffc87
        5375000	       536	80001e74	7d35ff13	andi	x30,x11,2003	 x11:0x00000000 x30=0x00000000
        5385000	       537	80001e78	16d4b713	sltiu	x14,x9,365	  x9:0x73a44a78 x14=0x00000000
        5395000	       538	80001e7c	00000013	addi	x0,x0,0	  x0:0x00000000
        5405000	       539	80001e80	f9bbe6b7	lui	x13,0xf9bbe	 x13=0xf9bbe000
        5415000	       540	80001e84	017079b3	and	x19,x0,x23	  x0:0x00000000 x23:0x00000000 x19=0x00000000
        5425000	       541	80001e88	0091de13	srli	x28,x3,0x9	  x3:0xfffffc87 x28=0x007ffffe
        5435000	       542	80001e8c	418c58b3	sra	x17,x24,x24	 x24:0x00000001 x24:0x00000001 x17=0x00000000
        5445000	       543	80001e90	0119da93	srli	x21,x19,0x11	 x19:0x00000000 x21=0x00000000
        5455000	       544	80001e94	00a71333	sll	x6,x14,x10	 x14:0x00000000 x10:0xfffffd98  x6=0x00000000
        5465000	       545	80001e98	7b2fb993	sltiu	x19,x31,1970	 x31:0x00000000 x19=0x00000001
        5475000	       546	80001e9c	00000013	addi	x0,x0,0	  x0:0x00000000
        5485000	       547	80001ea0	00ce73b3	and	x7,x28,x12	 x28:0x007ffffe x12:0x00000000  x7=0x00000000
        5495000	       548	80001ea4	0026b7b3	sltu	x15,x13,x2	 x13:0xf9bbe000  x2:0xfffffd2a x15=0x00000001
        5505000	       549	80001ea8	0a207663	bgeu	x0,x2,80001f54	  x0:0x00000000  x2:0xfffffd2a
        5515000	       550	80001eac	0a020463	beq	x4,x0,80001f54	  x4:0xe2236ef5  x0:0x00000000
        5525000	       551	80001eb0	00e29c13	slli	x24,x5,0xe	  x5:0x08666004 x24=0x98010000
        5535000	       552	80001eb4	00155593	srli	x11,x10,0x1	 x10:0xfffffd98 x11=0x7ffffecc
        5545000	       553	80001eb8	092b0863	beq	x22,x18,80001f48	 x22:0x37f68d80 x18:0xfffff840
        5555000	       554	80001ebc	00007117	auipc	x2,0x7	  x2=0x80008eb8
        5565000	       555	80001ec0	ffa10113	addi	x2,x2,-6	  x2:0x80008eb8  x2=0x80008eb2
        5575000	       556	80001ec4	d7b10e03	lb	x28,-645(x2)	  x2:0x80008eb2 x28=0x00000000 PA:0x80008c2d
        5585000	       557	80001ec8	d7b10583	lb	x11,-645(x2)	  x2:0x80008eb2 x11=0x00000000 PA:0x80008c2d
        5595000	       558	80001ecc	d7b10083	lb	x1,-645(x2)	  x2:0x80008eb2  x1=0x00000000 PA:0x80008c2d
        5605000	       559	80001ed0	d7b10283	lb	x5,-645(x2)	  x2:0x80008eb2  x5=0x00000000 PA:0x80008c2d
        5615000	       560	80001ed4	d7b10083	lb	x1,-645(x2)	  x2:0x80008eb2  x1=0x00000000 PA:0x80008c2d
        5625000	       561	80001ed8	0c212b83	lw	x23,194(x2)	  x2:0x80008eb2 x23=0x00000000 PA:0x80008f74
        5635000	       562	80001edc	0c212503	lw	x10,194(x2)	  x2:0x80008eb2 x10=0x00000000 PA:0x80008f74
        5645000	       563	80001ee0	0c212c03	lw	x24,194(x2)	  x2:0x80008eb2 x24=0x00000000 PA:0x80008f74
        5655000	       564	80001ee4	409cd9b3	sra	x19,x25,x9	 x25:0xfe6beef5  x9:0x73a44a78 x19=0xfffffffe
        5665000	       565	80001ee8	b2110fa3	sb	x1,-1217(x2)	  x2:0x80008eb2  x1:0x00000000 PA:0x800089f1
        5675000	       566	80001eec	b3f10683	lb	x13,-1217(x2)	  x2:0x80008eb2 x13=0x00000000 PA:0x800089f1
        5685000	       567	80001ef0	ed410da3	sb	x20,-293(x2)	  x2:0x80008eb2 x20:0x80009fc4 PA:0x80008d8d
        5695000	       568	80001ef4	01e79c33	sll	x24,x15,x30	 x15:0x00000001 x30:0x00000000 x24=0x00000001
        5705000	       569	80001ef8	00ce9bb3	sll	x23,x29,x12	 x29:0x00000000 x12:0x00000000 x23=0x00000000
        5715000	       570	80001efc	edb14303	lbu	x6,-293(x2)	  x2:0x80008eb2  x6=0x000000c4 PA:0x80008d8d
        5725000	       571	80001f00	015ccbb3	xor	x23,x25,x21	 x25:0xfe6beef5 x21:0x00000000 x23=0xfe6beef5
        5735000	       572	80001f04	ed710da3	sb	x23,-293(x2)	  x2:0x80008eb2 x23:0xfe6beef5 PA:0x80008d8d
        5745000	       573	80001f08	ed310da3	sb	x19,-293(x2)	  x2:0x80008eb2 x19:0xfffffffe PA:0x80008d8d
        5755000	       574	80001f0c	ef510703	lb	x14,-267(x2)	  x2:0x80008eb2 x14=0x00000000 PA:0x80008da7
        5765000	       575	80001f10	01845033	srl	x0,x8,x24	  x8:0x00000000 x24:0x00000001
        5775000	       576	80001f14	ef514c03	lbu	x24,-267(x2)	  x2:0x80008eb2 x24=0x00000000 PA:0x80008da7
        5785000	       577	80001f18	ca114083	lbu	x1,-863(x2)	  x2:0x80008eb2  x1=0x00000000 PA:0x80008b53
        5795000	       578	80001f1c	40e25513	srai	x10,x4,0xe	  x4:0xe2236ef5 x10=0xffff888d
        5805000	       579	80001f20	00eaf833	and	x16,x21,x14	 x21:0x00000000 x14:0x00000000 x16=0x00000000
        5815000	       580	80001f24	db612083	lw	x1,-586(x2)	  x2:0x80008eb2  x1=0x00000000 PA:0x80008c68
        5825000	       581	80001f28	db615a83	lhu	x21,-586(x2)	  x2:0x80008eb2 x21=0x00000000 PA:0x80008c68
        5835000	       582	80001f2c	e3814303	lbu	x6,-456(x2)	  x2:0x80008eb2  x6=0x00000000 PA:0x80008cea
        5845000	       583	80001f30	01fcce63	blt	x25,x31,80001f4c	 x25:0xfe6beef5 x31:0x00000000
        5855000	       584	00000000	00000013	addi	x0,x0,0	  x0:0x00000000
        5865000	       585	80001f48	00000013	addi	x0,x0,0	  x0:0x00000000
        5875000	       586	80001f4c	5745a113	slti	x2,x11,1396	 x11:0x00000000  x2=0x00000001
        5885000	       587	80001f50	00147263	bgeu	x8,x1,80001f54	  x8:0x00000000  x1:0x00000000
        5895000	       588	00000000	00000013	addi	x0,x0,0	  x0:0x00000000
        5905000	       589	80001f50	00000013	addi	x0,x0,0	  x0:0x00000000
        5915000	       590	80001f54	00000013	addi	x0,x0,0	  x0:0x00000000
        5925000	       591	80001f58	004dae03	lw	x28,4(x27)	 x27:0x80009f4c x28=0x80000134 PA:0x80009f50
        5935000	       592	80001f5c	1ee86d13	ori	x26,x16,494	 x16:0x00000000 x26=0x000001ee
        5945000	       593	80001f60	038d8d93	addi	x27,x27,56	 x27:0x80009f4c x27=0x80009f84
        5955000	       594	80001f64	015c4533	xor	x10,x24,x21	 x24:0x00000000 x21:0x00000000 x10=0x00000000
        5965000	       595	80001f68	008646b3	xor	x13,x12,x8	 x12:0x00000000  x8:0x00000000 x13=0x00000000
        5975000	       596	80001f6c	01ca59b3	srl	x19,x20,x28	 x20:0x80009fc4 x28:0x80000134 x19=0x00000800
        5985000	       597	80001f70	00000013	addi	x0,x0,0	  x0:0x00000000
        5995000	       598	80001f74	00000013	addi	x0,x0,0	  x0:0x00000000
        6005000	       599	80001f78	000e0513	addi	x10,x28,0	 x28:0x80000134 x10=0x80000134
        6015000	       600	80001f7c	00050567	jalr	x10,x10,0	 x10:0x80000134 x10=0x80001f7c
        6025000	       601	00000000	00000013	addi	x0,x0,0	  x0:0x00000000
        6035000	       602	80000134	00000013	addi	x0,x0,0	  x0:0x00000000
        6045000	       603	80000138	00008297	auipc	x5,0x8	  x5=0x80008134
        6055000	       604	8000013c	24e28293	addi	x5,x5,590	  x5:0x80008134  x5=0x80008382
        6065000	       605	80000140	00008397	auipc	x7,0x8	  x7=0x8000813c
        6075000	       606	80000144	10f38393	addi	x7,x7,271	  x7:0x8000813c  x7=0x8000824b
        6085000	       607	80000148	048281a3	sb	x8,67(x5)	  x5:0x80008382  x8:0x00000000 PA:0x800083c5
        6095000	       608	8000014c	f6128023	sb	x1,-160(x5)	  x5:0x80008382  x1:0x00000000 PA:0x800082e2
        6105000	       609	80000150	06029483	lh	x9,96(x5)	  x5:0x80008382  x9=0x00000000 PA:0x800083e2
        6115000	       610	80000154	039393a3	sh	x25,39(x7)	  x7:0x8000824b x25:0xfe6beef5 PA:0x80008272
        6125000	       611	80000158	00238723	sb	x2,14(x7)	  x7:0x8000824b  x2:0x00000001 PA:0x80008259
        6135000	       612	8000015c	f8e2a523	sw	x14,-118(x5)	  x5:0x80008382 x14:0x00000000 PA:0x8000830c
        6145000	       613	80000160	f8e286a3	sb	x14,-115(x5)	  x5:0x80008382 x14:0x00000000 PA:0x8000830f
        6155000	       614	80000164	00c3c903	lbu	x18,12(x7)	  x7:0x8000824b x18=0x00000000 PA:0x80008257
        6165000	       615	80000168	02438a23	sb	x4,52(x7)	  x7:0x8000824b  x4:0xe2236ef5 PA:0x8000827f
        6175000	       616	8000016c	03f28fa3	sb	x31,63(x5)	  x5:0x80008382 x31:0x00000000 PA:0x800083c1
        6185000	       617	80000170	f5429823	sh	x20,-176(x5)	  x5:0x80008382 x20:0x80009fc4 PA:0x800082d2
        6195000	       618	80000174	f502d183	lhu	x3,-176(x5)	  x5:0x80008382  x3=0x00009fc4 PA:0x800082d2
        6205000	       619	80000178	0283c003	lbu	x0,40(x7)	  x7:0x8000824b PA:0x80008273
        6215000	       620	8000017c	00008897	auipc	x17,0x8	 x17=0x80008178
        6225000	       621	80000180	41d88893	addi	x17,x17,1053	 x17:0x80008178 x17=0x80008595
        6235000	       622	80000184	27f8a503	lw	x10,639(x17)	 x17:0x80008595 x10=0x00000000 PA:0x80008814
        6245000	       623	80000188	d42895a3	sh	x2,-693(x17)	 x17:0x80008595  x2:0x00000001 PA:0x800082e0
        6255000	       624	8000018c	dcb8d583	lhu	x11,-565(x17)	 x17:0x80008595 x11=0x00000000 PA:0x80008360
        6265000	       625	00000000	00000013	addi	x0,x0,0	  x0:0x00000000
        6275000	       626	80000190	dcb88583	lb	x11,-565(x17)	 x17:0x80008595 x11=0x00000000 PA:0x80008360
        6285000	       627	80000194	ddc895a3	sh	x28,-565(x17)	 x17:0x80008595 x28:0x80000134 PA:0x80008360
        6295000	       628	80000198	1b688823	sb	x22,432(x17)	 x17:0x80008595 x22:0x37f68d80 PA:0x80008745
        6305000	       629	8000019c	01dc96b3	sll	x13,x25,x29	 x25:0xfe6beef5 x29:0x00000000 x13=0xfe6beef5
        6315000	       630	800001a0	1b088183	lb	x3,432(x17)	 x17:0x80008595  x3=0xffffff80 PA:0x80008745
        6325000	       631	800001a4	b8e8cb03	lbu	x22,-1138(x17)	 x17:0x80008595 x22=0x00000000 PA:0x80008123
        6335000	       632	800001a8	bea8c183	lbu	x3,-1046(x17)	 x17:0x80008595  x3=0x00000000 PA:0x8000817f
        6345000	       633	800001ac	bf388523	sb	x19,-1046(x17)	 x17:0x80008595 x19:0x00000800 PA:0x8000817f
        6355000	       634	800001b0	d6888c23	sb	x8,-648(x17)	 x17:0x80008595  x8:0x00000000 PA:0x8000830d
        6365000	       635	800001b4	cf68c983	lbu	x19,-778(x17)	 x17:0x80008595 x19=0x00000000 PA:0x8000828b
        6375000	       636	800001b8	41aa09b3	sub	x19,x20,x26	 x20:0x80009fc4 x26:0x000001ee x19=0x80009dd6
        6385000	       637	800001bc	cf68cf83	lbu	x31,-778(x17)	 x17:0x80008595 x31=0x00000000 PA:0x8000828b
        6395000	       638	800001c0	fda88b83	lb	x23,-38(x17)	 x17:0x80008595 x23=0x00000000 PA:0x8000856f
        6405000	       639	800001c4	00008117	auipc	x2,0x8	  x2=0x800081c0
        6415000	       640	800001c8	5c510113	addi	x2,x2,1477	  x2:0x800081c0  x2=0x80008785
        6425000	       641	800001cc	00410423	sb	x4,8(x2)	  x2:0x80008785  x4:0xe2236ef5 PA:0x8000878d
        6435000	       642	800001d0	001b48b3	xor	x17,x22,x1	 x22:0x00000000  x1:0x00000000 x17=0x00000000
        6445000	       643	800001d4	ff6129a3	sw	x22,-13(x2)	  x2:0x80008785 x22:0x00000000 PA:0x80008778
        6455000	       644	800001d8	00714283	lbu	x5,7(x2)	  x2:0x80008785  x5=0x00000000 PA:0x8000878c
        6465000	       645	800001dc	00410803	lb	x16,4(x2)	  x2:0x80008785 x16=0x00000000 PA:0x80008789
        6475000	       646	800001e0	41335f13	srai	x30,x6,0x13	  x6:0x00000000 x30=0x00000000
        6485000	       647	800001e4	2ca04893	xori	x17,x0,714	  x0:0x00000000 x17=0x000002ca
        6495000	       648	800001e8	01c95513	srli	x10,x18,0x1c	 x18:0x00000000 x10=0x00000000
        6505000	       649	800001ec	00d15b83	lhu	x23,13(x2)	  x2:0x80008785 x23=0x00000000 PA:0x80008792
        6515000	       650	00000000	00000013	addi	x0,x0,0	  x0:0x00000000
        6525000	       651	800001f0	00cbd433	srl	x8,x23,x12	 x23:0x00000000 x12:0x00000000  x8=0x00000000
        6535000	       652	800001f4	40888cb3	sub	x25,x17,x8	 x17:0x000002ca  x8:0x00000000 x25=0x000002ca
        6545000	       653	800001f8	ff911ca3	sh	x25,-7(x2)	  x2:0x80008785 x25:0x000002ca PA:0x8000877e
        6555000	       654	800001fc	00a4e1b3	or	x3,x9,x10	  x9:0x00000000 x10:0x00000000  x3=0x00000000
        6565000	       655	80000200	0105c6b3	xor	x13,x11,x16	 x11:0x00000000 x16:0x00000000 x13=0x00000000
        6575000	       656	80000204	01a766b3	or	x13,x14,x26	 x14:0x00000000 x26:0x000001ee x13=0x000001ee
        6585000	       657	80000208	ff614a83	lbu	x21,-10(x2)	  x2:0x80008785 x21=0x00000000 PA:0x8000877b
        6595000	       658	8000020c	f47b7193	andi	x3,x22,-185	 x22:0x00000000  x3=0x00000000
        6605000	       659	80000210	ffe10003	lb	x0,-2(x2)	  x2:0x80008785 PA:0x80008783
        6615000	       660	80000214	01f36bb3	or	x23,x6,x31	  x6:0x00000000 x31:0x00000000 x23=0x00000000
        6625000	       661	80000218	400ed293	srai	x5,x29,0x0	 x29:0x00000000  x5=0x00000000
        6635000	       662	8000021c	00210c83	lb	x25,2(x2)	  x2:0x80008785 x25=0x00000000 PA:0x80008787
        6645000	       663	80000220	000ee033	or	x0,x29,x0	 x29:0x00000000  x0:0x00000000
        6655000	       664	80000224	00814583	lbu	x11,8(x2)	  x2:0x80008785 x11=0x000000f5 PA:0x8000878d
        6665000	       665	80000228	4023d793	srai	x15,x7,0x2	  x7:0x8000824b x15=0xe0002092
        6675000	       666	8000022c	04796463	bltu	x18,x7,80000274	 x18:0x00000000  x7:0x8000824b
        6685000	       667	00000000	00000013	addi	x0,x0,0	  x0:0x00000000
        6695000	       668	80000270	00000013	addi	x0,x0,0	  x0:0x00000000
        6705000	       669	80000274	47a74e93	xori	x29,x14,1146	 x14:0x00000000 x29=0x0000047a
        6715000	       670	80000278	8ed37593	andi	x11,x6,-1811	  x6:0x00000000 x11=0x00000000
        6725000	       671	8000027c	00fccd33	xor	x26,x25,x15	 x25:0x00000000 x15:0xe0002092 x26=0xe0002092
        6735000	       672	80000280	e20ebe93	sltiu	x29,x29,-480	 x29:0x0000047a x29=0x00000001
        6745000	       673	80000284	407ed8b3	sra	x17,x29,x7	 x29:0x00000001  x7:0x8000824b x17=0x00000000
        6755000	       674	80000288	0195efb3	or	x31,x11,x25	 x11:0x00000000 x25:0x00000000 x31=0x00000000
        6765000	       675	8000028c	01998133	add	x2,x19,x25	 x19:0x80009dd6 x25:0x00000000  x2=0x80009dd6
        6775000	       676	80000290	03a0d863	bge	x1,x26,800002c0	  x1:0x00000000 x26:0xe0002092
        6785000	       677	00000000	00000013	addi	x0,x0,0	  x0:0x00000000
        6795000	       678	800002bc	00000013	addi	x0,x0,0	  x0:0x00000000
        6805000	       679	800002c0	e9d68713	addi	x14,x13,-355	 x13:0x000001ee x14=0x0000008b
        6815000	       680	800002c4	da696ab7	lui	x21,0xda696	 x21=0xda696000
        6825000	       681	800002c8	00bf1463	bne	x30,x11,800002d0	 x30:0x00000000 x11:0x00000000
        6835000	       682	800002cc	aa614593	xori	x11,x2,-1370	  x2:0x80009dd6 x11=0x7fff6770
        6845000	       683	800002d0	5c378c13	addi	x24,x15,1475	 x15:0xe0002092 x24=0xe0002655
        6855000	       684	800002d4	0075e333	or	x6,x11,x7	 x11:0x7fff6770  x7:0x8000824b  x6=0xffffe77b
        6865000	       685	800002d8	1615e993	ori	x19,x11,353	 x11:0x7fff6770 x19=0x7fff6771
        6875000	       686	800002dc	01aeef33	or	x30,x29,x26	 x29:0x00000001 x26:0xe0002092 x30=0xe0002093
        6885000	       687	800002e0	00000597	auipc	x11,0x0	 x11=0x800002dc
        6895000	       688	800002e4	11058593	addi	x11,x11,272	 x11:0x800002dc x11=0x800003ec
        6905000	       689	800002e8	349dac13	slti	x24,x27,841	 x27:0x80009f84 x24=0x00000001
        6915000	       690	800002ec	007887b3	add	x15,x17,x7	 x17:0x00000000  x7:0x8000824b x15=0x8000824b
        6925000	       691	800002f0	00f58593	addi	x11,x11,15	 x11:0x800003ec x11=0x800003fb
        6935000	       692	800002f4	2d89f393	andi	x7,x19,728	 x19:0x7fff6771  x7=0x00000250
        6945000	       693	800002f8	63ab5737	lui	x14,0x63ab5	 x14=0x63ab5000
        6955000	       694	800002fc	23452013	slti	x0,x10,564	 x10:0x00000000
        6965000	       695	80000300	ff258e67	jalr	x28,x11,-14	 x11:0x800003fb x28=0x80000300
        6975000	       696	00000000	00000013	addi	x0,x0,0	  x0:0x00000000
        6985000	       697	800003ec	00000013	addi	x0,x0,0	  x0:0x00000000
        6995000	       698	800003f0	0161f663	bgeu	x3,x22,800003fc	  x3:0x00000000 x22:0x00000000
        7005000	       699	00000000	00000013	addi	x0,x0,0	  x0:0x00000000
        7015000	       700	800003f8	00000013	addi	x0,x0,0	  x0:0x00000000
        7025000	       701	800003fc	fecd8d93	addi	x27,x27,-20	 x27:0x80009f84 x27=0x80009f70
        7035000	       702	80000400	40438833	sub	x16,x7,x4	  x7:0x00000250  x4:0xe2236ef5 x16=0x1ddc935b
        7045000	       703	80000404	00d02133	slt	x2,x0,x13	  x0:0x00000000 x13:0x000001ee  x2=0x00000001
        7055000	       704	80000408	01cda223	sw	x28,4(x27)	 x27:0x80009f70 x28:0x80000300 PA:0x80009f74
        7065000	       705	8000040c	01f21313	slli	x6,x4,0x1f	  x4:0xe2236ef5  x6=0x80000000
        7075000	       706	80000410	01aa4033	xor	x0,x20,x26	 x20:0x80009fc4 x26:0xe0002092
        7085000	       707	80000414	97d54493	xori	x9,x10,-1667	 x10:0x00000000  x9=0xfffff97d
        7095000	       708	80000418	0176eab3	or	x21,x13,x23	 x13:0x000001ee x23:0x00000000 x21=0x000001ee
        7105000	       709	8000041c	00000013	addi	x0,x0,0	  x0:0x00000000
        7115000	       710	80000420	00008a97	auipc	x21,0x8	 x21=0x8000841c
        7125000	       711	80000424	791a8a93	addi	x21,x21,1937	 x21:0x8000841c x21=0x80008bad
        7135000	       712	80000428	ec4a8523	sb	x4,-310(x21)	 x21:0x80008bad  x4:0xe2236ef5 PA:0x80008a77
        7145000	       713	8000042c	01829bb3	sll	x23,x5,x24	  x5:0x00000000 x24:0x00000001 x23=0x00000000
        7155000	       714	80000430	2e6a8e23	sb	x6,764(x21)	 x21:0x80008bad  x6:0x80000000 PA:0x80008ea9
        7165000	       715	80000434	00000013	addi	x0,x0,0	  x0:0x00000000
        7175000	       716	80000438	01d462b3	or	x5,x8,x29	  x8:0x00000000 x29:0x00000001  x5=0x00000001
        7185000	       717	8000043c	1d1a9ca3	sh	x17,473(x21)	 x21:0x80008bad x17:0x00000000 PA:0x80008d86
        7195000	       718	80000440	b2d54813	xori	x16,x10,-1235	 x10:0x00000000 x16=0xfffffb2d
        7205000	       719	80000444	081a8d03	lb	x26,129(x21)	 x21:0x80008bad x26=0x00000000 PA:0x80008c2e
        7215000	       720	80000448	00489e13	slli	x28,x17,0x4	 x17:0x00000000 x28=0x00000000
        7225000	       721	8000044c	4141df13	srai	x30,x3,0x14	  x3:0x00000000 x30=0x00000000
        7235000	       722	80000450	410aa9a3	sw	x16,1043(x21)	 x21:0x80008bad x16:0xfffffb2d PA:0x80008fc0
        7245000	       723	80000454	095a8e83	lb	x29,149(x21)	 x21:0x80008bad x29=0x00000000 PA:0x80008c42
        7255000	       724	80000458	bc033f93	sltiu	x31,x6,-1088	  x6:0x80000000 x31=0x00000001
        7265000	       725	8000045c	4170dd13	srai	x26,x1,0x17	  x1:0x00000000 x26=0x00000000
        7275000	       726	80000460	129a8aa3	sb	x9,309(x21)	 x21:0x80008bad  x9:0xfffff97d PA:0x80008ce2
        7285000	       727	80000464	172ac783	lbu	x15,370(x21)	 x21:0x80008bad x15=0x00000000 PA:0x80008d1f
        7295000	       728	80000468	eb0a8fa3	sb	x16,-321(x21)	 x21:0x80008bad x16:0xfffffb2d PA:0x80008a6c
        7305000	       729	8000046c	e5cac003	lbu	x0,-420(x21)	 x21:0x80008bad PA:0x80008a09
        7315000	       730	80000470	4102d513	srai	x10,x5,0x10	  x5:0x00000001 x10=0x00000000
        7325000	       731	80000474	01d79eb3	sll	x29,x15,x29	 x15:0x00000000 x29:0x00000000 x29=0x00000000
        7335000	       732	80000478	00219b13	slli	x22,x3,0x2	  x3:0x00000000 x22=0x00000000
        7345000	       733	8000047c	db4ac303	lbu	x6,-588(x21)	 x21:0x80008bad  x6=0x00000000 PA:0x80008961
        7355000	       734	80000480	018ce2b3	or	x5,x25,x24	 x25:0x00000000 x24:0x00000001  x5=0x00000001
        7365000	       735	80000484	062a8683	lb	x13,98(x21)	 x21:0x80008bad x13=0x00000000 PA:0x80008c0f
        7375000	       736	80000488	3e8a8483	lb	x9,1000(x21)	 x21:0x80008bad  x9=0x00000000 PA:0x80008f95
        7385000	       737	8000048c	7c020297	auipc	x5,0x7c020	  x5=0xfc020488
        7395000	       738	80000490	00aa48b3	xor	x17,x20,x10	 x20:0x80009fc4 x10:0x00000000 x17=0x80009fc4
        7405000	       739	80000494	dcba9b03	lh	x22,-565(x21)	 x21:0x80008bad x22=0x00000000 PA:0x80008978
        7415000	       740	80000498	092a8103	lb	x2,146(x21)	 x21:0x80008bad  x2=0x00000000 PA:0x80008c3f
        7425000	       741	8000049c	3b4a8fa3	sb	x20,959(x21)	 x21:0x80008bad x20:0x80009fc4 PA:0x80008f6c
        7435000	       742	800004a0	06aa8623	sb	x10,108(x21)	 x21:0x80008bad x10:0x00000000 PA:0x80008c19
        7445000	       743	800004a4	000fc6b3	xor	x13,x31,x0	 x31:0x00000001  x0:0x00000000 x13=0x00000001
        7455000	       744	800004a8	156a9ca3	sh	x22,345(x21)	 x21:0x80008bad x22:0x00000000 PA:0x80008d06
        7465000	       745	800004ac	00000013	addi	x0,x0,0	  x0:0x00000000
        7475000	       746	800004b0	231ac903	lbu	x18,561(x21)	 x21:0x80008bad x18=0x00000000 PA:0x80008dde
        7485000	       747	800004b4	40f408b3	sub	x17,x8,x15	  x8:0x00000000 x15:0x00000000 x17=0x00000000
        7495000	       748	800004b8	40aa99a3	sh	x10,1043(x21)	 x21:0x80008bad x10:0x00000000 PA:0x80008fc0
        7505000	       749	800004bc	ee8ac703	lbu	x14,-280(x21)	 x21:0x80008bad x14=0x00000000 PA:0x80008a95
        7515000	       750	800004c0	39dadc03	lhu	x24,925(x21)	 x21:0x80008bad x24=0x00000000 PA:0x80008f4a
        7525000	       751	800004c4	01a6f433	and	x8,x13,x26	 x13:0x00000001 x26:0x00000000  x8=0x00000000
        7535000	       752	800004c8	021a8b23	sb	x1,54(x21)	 x21:0x80008bad  x1:0x00000000 PA:0x80008be3
        7545000	       753	800004cc	4714be13	sltiu	x28,x9,1137	  x9:0x00000000 x28=0x00000001
        7555000	       754	800004d0	007327b3	slt	x15,x6,x7	  x6:0x00000000  x7:0x00000250 x15=0x00000001
        7565000	       755	800004d4	dc6a97a3	sh	x6,-561(x21)	 x21:0x80008bad  x6:0x00000000 PA:0x8000897c
        7575000	       756	800004d8	e92ca313	slti	x6,x25,-366	 x25:0x00000000  x6=0x00000000
        7585000	       757	800004dc	00a61733	sll	x14,x12,x10	 x12:0x00000000 x10:0x00000000 x14=0x00000000
        7595000	       758	800004e0	40c68133	sub	x2,x13,x12	 x13:0x00000001 x12:0x00000000  x2=0x00000001
        7605000	       759	800004e4	feca8c23	sb	x12,-8(x21)	 x21:0x80008bad x12:0x00000000 PA:0x80008ba5
        7615000	       760	800004e8	f5cacc83	lbu	x25,-164(x21)	 x21:0x80008bad x25=0x00000000 PA:0x80008b09
        7625000	       761	800004ec	00008e17	auipc	x28,0x8	 x28=0x800084e8
        7635000	       762	800004f0	08ee0e13	addi	x28,x28,142	 x28:0x800084e8 x28=0x80008576
        7645000	       763	800004f4	4002dd13	srai	x26,x5,0x0	  x5:0xfc020488 x26=0xfc020488
        7655000	       764	800004f8	d0de0003	lb	x0,-755(x28)	 x28:0x80008576 PA:0x80008283
        7665000	       765	800004fc	abc640b7	lui	x1,0xabc64	  x1=0xabc64000
        7675000	       766	80000500	00000013	addi	x0,x0,0	  x0:0x00000000
        7685000	       767	80000504	407a8533	sub	x10,x21,x7	 x21:0x80008bad  x7:0x00000250 x10=0x8000895d
        7695000	       768	80000508	c8be0b03	lb	x22,-885(x28)	 x28:0x80008576 x22=0x00000000 PA:0x80008201
        7705000	       769	8000050c	f69e0683	lb	x13,-151(x28)	 x28:0x80008576 x13=0x00000000 PA:0x800084df
        7715000	       770	80000510	ff3e4883	lbu	x17,-13(x28)	 x28:0x80008576 x17=0x00000000 PA:0x80008569
        7725000	       771	80000514	00f28f33	add	x30,x5,x15	  x5:0xfc020488 x15:0x00000001 x30=0xfc020489
        7735000	       772	80000518	f42e0c83	lb	x25,-190(x28)	 x28:0x80008576 x25=0x00000000 PA:0x800084b8
        7745000	       773	8000051c	f00e4b83	lbu	x23,-256(x28)	 x28:0x80008576 x23=0x00000000 PA:0x80008476
        7755000	       774	80000520	b8615597	auipc	x11,0xb8615	 x11=0x3861551c
        7765000	       775	80000524	41e25f33	sra	x30,x4,x30	  x4:0xe2236ef5 x30:0xfc020489 x30=0xfff111b7
        7775000	       776	80000528	00e0a3b3	slt	x7,x1,x14	  x1:0xabc64000 x14:0x00000000  x7=0x00000001
        7785000	       777	8000052c	11ee5f03	lhu	x30,286(x28)	 x28:0x80008576 x30=0x00000000 PA:0x80008694
        7795000	       778	80000530	ae6e2723	sw	x6,-1298(x28)	 x28:0x80008576  x6:0x00000000 PA:0x80008064
        7805000	       779	80000534	01e81513	slli	x10,x16,0x1e	 x16:0xfffffb2d x10=0x40000000
        7815000	       780	80000538	73c0e413	ori	x8,x1,1852	  x1:0xabc64000  x8=0xabc6473c
        7825000	       781	8000053c	b77b9637	lui	x12,0xb77b9	 x12=0xb77b9000
        7835000	       782	80000540	00000013	addi	x0,x0,0	  x0:0x00000000
        7845000	       783	80000544	f4285b17	auipc	x22,0xf4285	 x22=0x74285540
        7855000	       784	80000548	ed5e0c03	lb	x24,-299(x28)	 x28:0x80008576 x24=0x00000000 PA:0x8000844b
        7865000	       785	8000054c	d8ee0483	lb	x9,-626(x28)	 x28:0x80008576  x9=0x00000000 PA:0x80008304
        7875000	       786	80000550	00000013	addi	x0,x0,0	  x0:0x00000000
        7885000	       787	80000554	b79e0c83	lb	x25,-1159(x28)	 x28:0x80008576 x25=0x00000000 PA:0x800080ef
        7895000	       788	00000000	00000013	addi	x0,x0,0	  x0:0x00000000
        7905000	       789	80000558	1b943d13	sltiu	x26,x8,441	  x8:0xabc6473c x26=0x00000000
        7915000	       790	8000055c	ccee0b83	lb	x23,-818(x28)	 x28:0x80008576 x23=0x00000000 PA:0x80008244
        7925000	       791	00000000	00000013	addi	x0,x0,0	  x0:0x00000000
        7935000	       792	80000560	117e0b83	lb	x23,279(x28)	 x28:0x80008576 x23=0x00000000 PA:0x8000868d
        7945000	       793	80000564	01d45733	srl	x14,x8,x29	  x8:0xabc6473c x29:0x00000000 x14=0xabc6473c
        7955000	       794	80000568	b1be4d03	lbu	x26,-1253(x28)	 x28:0x80008576 x26=0x00000000 PA:0x80008091
        7965000	       795	8000056c	ea31ef93	ori	x31,x3,-349	  x3:0x00000000 x31=0xfffffea3
        7975000	       796	80000570	00000013	addi	x0,x0,0	  x0:0x00000000
        7985000	       797	80000574	417dd093	srai	x1,x27,0x17	 x27:0x80009f70  x1=0xffffff00
        7995000	       798	80000578	0026c2b3	xor	x5,x13,x2	 x13:0x00000000  x2:0x00000001  x5=0x00000001
        8005000	       799	8000057c	6a59a617	auipc	x12,0x6a59a	 x12=0xea59a578
        8015000	       800	80000580	40ce8433	sub	x8,x29,x12	 x29:0x00000000 x12:0xea59a578  x8=0x15a65a88
        8025000	       801	80000584	0ade0483	lb	x9,173(x28)	 x28:0x80008576  x9=0x00000000 PA:0x80008623
        8035000	       802	80000588	00008b97	auipc	x23,0x8	 x23=0x80008584
        8045000	       803	8000058c	3e8b8b93	addi	x23,x23,1000	 x23:0x80008584 x23=0x8000896c
        8055000	       804	80000590	00008a97	auipc	x21,0x8	 x21=0x8000858c
        8065000	       805	80000594	3a2a8a93	addi	x21,x21,930	 x21:0x8000858c x21=0x8000892e
        8075000	       806	80000598	033ac283	lbu	x5,51(x21)	 x21:0x8000892e  x5=0x00000000 PA:0x80008961
        8085000	       807	8000059c	006b85a3	sb	x6,11(x23)	 x23:0x8000896c  x6:0x00000000 PA:0x80008977
        8095000	       808	800005a0	002ba423	sw	x2,8(x23)	 x23:0x8000896c  x2:0x00000001 PA:0x80008974
        8105000	       809	800005a4	ff2a9823	sh	x18,-16(x21)	 x21:0x8000892e x18:0x00000000 PA:0x8000891e
        8115000	       810	800005a8	01aad583	lhu	x11,26(x21)	 x21:0x8000892e x11=0x00000000 PA:0x80008948
        8125000	       811	800005ac	006b9023	sh	x6,0(x23)	 x23:0x8000896c  x6:0x00000000 PA:0x8000896c
        8135000	       812	800005b0	fc3a8983	lb	x19,-61(x21)	 x21:0x8000892e x19=0x00000000 PA:0x800088f1
        8145000	       813	800005b4	fffb8e23	sb	x31,-4(x23)	 x23:0x8000896c x31:0xfffffea3 PA:0x80008968
        8155000	       814	800005b8	ffabdb03	lhu	x22,-6(x23)	 x23:0x8000896c x22=0x00000000 PA:0x80008966
        8165000	       815	800005bc	fe5acc83	lbu	x25,-27(x21)	 x21:0x8000892e x25=0x00000000 PA:0x80008913
        8175000	       816	800005c0	003b8903	lb	x18,3(x23)	 x23:0x8000896c x18=0x00000000 PA:0x8000896f
        8185000	       817	800005c4	00fb9023	sh	x15,0(x23)	 x23:0x8000896c x15:0x00000001 PA:0x8000896c
        8195000	       818	800005c8	011ac583	lbu	x11,17(x21)	 x21:0x8000892e x11=0x00000000 PA:0x8000893f
        8205000	       819	800005cc	00008097	auipc	x1,0x8	  x1=0x800085c8
        8215000	       820	800005d0	08808093	addi	x1,x1,136	  x1:0x800085c8  x1=0x80008650
        8225000	       821	800005d4	00d09723	sh	x13,14(x1)	  x1:0x80008650 x13:0x00000000 PA:0x8000865e
        8235000	       822	800005d8	00d0c903	lbu	x18,13(x1)	  x1:0x80008650 x18=0x00000000 PA:0x8000865d
        8245000	       823	800005dc	ffa0d583	lhu	x11,-6(x1)	  x1:0x80008650 x11=0x00000000 PA:0x8000864a
        8255000	       824	800005e0	01ace933	or	x18,x25,x26	 x25:0x00000000 x26:0x00000000 x18=0x00000000
        8265000	       825	800005e4	01afbc33	sltu	x24,x31,x26	 x31:0xfffffea3 x26:0x00000000 x24=0x00000000
        8275000	       826	800005e8	8764f917	auipc	x18,0x8764f	 x18=0x0764f5e4
        8285000	       827	800005ec	41dfdeb3	sra	x29,x31,x29	 x31:0xfffffea3 x29:0x00000000 x29=0xfffffea3
        8295000	       828	800005f0	01708523	sb	x23,10(x1)	  x1:0x80008650 x23:0x8000896c PA:0x8000865a
        8305000	       829	800005f4	00b08783	lb	x15,11(x1)	  x1:0x80008650 x15=0x00000000 PA:0x8000865b
        8315000	       830	800005f8	fe808ea3	sb	x8,-3(x1)	  x1:0x80008650  x8:0x15a65a88 PA:0x8000864d
        8325000	       831	800005fc	ffc08ea3	sb	x28,-3(x1)	  x1:0x80008650 x28:0x80008576 PA:0x8000864d
        8335000	       832	80000600	0105bfb3	sltu	x31,x11,x16	 x11:0x00000000 x16:0xfffffb2d x31=0x00000001
        8345000	       833	80000604	0100df83	lhu	x31,16(x1)	  x1:0x80008650 x31=0x00000000 PA:0x80008660
        8355000	       834	80000608	887cb893	sltiu	x17,x25,-1913	 x25:0x00000000 x17=0x00000001
        8365000	       835	8000060c	ff30c103	lbu	x2,-13(x1)	  x1:0x80008650  x2=0x00000000 PA:0x80008643
        8375000	       836	80000610	ffd08483	lb	x9,-3(x1)	  x1:0x80008650  x9=0x00000076 PA:0x8000864d
        8385000	       837	80000614	0000d003	lhu	x0,0(x1)	  x1:0x80008650 PA:0x80008650
        8395000	       838	80000618	41db87b3	sub	x15,x23,x29	 x23:0x8000896c x29:0xfffffea3 x15=0x80008ac9
        8405000	       839	8000061c	0193f7b3	and	x15,x7,x25	  x7:0x00000001 x25:0x00000000 x15=0x00000000
        8415000	       840	80000620	01708723	sb	x23,14(x1)	  x1:0x80008650 x23:0x8000896c PA:0x8000865e
        8425000	       841	80000624	ff00ab83	lw	x23,-16(x1)	  x1:0x80008650 x23=0x00000000 PA:0x80008640
        8435000	       842	80000628	40560533	sub	x10,x12,x5	 x12:0xea59a578  x5:0x00000000 x10=0xea59a578
        8445000	       843	8000062c	00c09703	lh	x14,12(x1)	  x1:0x80008650 x14=0x00000000 PA:0x8000865c
        8455000	       844	80000630	01a4df13	srli	x30,x9,0x1a	  x9:0x00000076 x30=0x00000000
        8465000	       845	80000634	0100d003	lhu	x0,16(x1)	  x1:0x80008650 PA:0x80008660
        8475000	       846	80000638	001084a3	sb	x1,9(x1)	  x1:0x80008650  x1:0x80008650 PA:0x80008659
        8485000	       847	8000063c	01bcf6b3	and	x13,x25,x27	 x25:0x00000000 x27:0x80009f70 x13=0x00000000
        8495000	       848	80000640	bc110337	lui	x6,0xbc110	  x6=0xbc110000
        8505000	       849	80000644	ff308903	lb	x18,-13(x1)	  x1:0x80008650 x18=0x00000000 PA:0x80008643
        8515000	       850	80000648	008ede93	srli	x29,x29,0x8	 x29:0xfffffea3 x29=0x00fffffe
        8525000	       851	8000064c	bdbbd417	auipc	x8,0xbdbbd	  x8=0x3dbbd648
        8535000	       852	80000650	d2049f17	auipc	x30,0xd2049	 x30=0x5204964c
        8545000	       853	80000654	406a0133	sub	x2,x20,x6	 x20:0x80009fc4  x6:0xbc110000  x2=0xc3ef9fc4
        8555000	       854	80000658	ffd08803	lb	x16,-3(x1)	  x1:0x80008650 x16=0x00000076 PA:0x8000864d
        8565000	       855	8000065c	00000013	addi	x0,x0,0	  x0:0x00000000
        8575000	       856	80000660	83187393	andi	x7,x16,-1999	 x16:0x00000076  x7=0x00000030
        8585000	       857	80000664	826e4d13	xori	x26,x28,-2010	 x28:0x80008576 x26=0x7fff7d50
        8595000	       858	80000668	ff40a823	sw	x20,-16(x1)	  x1:0x80008650 x20:0x80009fc4 PA:0x80008640
        8605000	       859	8000066c	00008797	auipc	x15,0x8	 x15=0x80008668
        8615000	       860	80000670	c3778793	addi	x15,x15,-969	 x15:0x80008668 x15=0x8000829f
        8625000	       861	80000674	00678123	sb	x6,2(x15)	 x15:0x8000829f  x6:0xbc110000 PA:0x800082a1
        8635000	       862	80000678	fd178c03	lb	x24,-47(x15)	 x15:0x8000829f x24=0x00000000 PA:0x80008270
        8645000	       863	8000067c	0267cc83	lbu	x25,38(x15)	 x15:0x8000829f x25=0x00000000 PA:0x800082c5
        8655000	       864	80000680	02678703	lb	x14,38(x15)	 x15:0x8000829f x14=0x00000000 PA:0x800082c5
        8665000	       865	80000684	fc679ca3	sh	x6,-39(x15)	 x15:0x8000829f  x6:0xbc110000 PA:0x80008278
        8675000	       866	80000688	02b78b83	lb	x23,43(x15)	 x15:0x8000829f x23=0x00000000 PA:0x800082ca
        8685000	       867	8000068c	fcf7de83	lhu	x29,-49(x15)	 x15:0x8000829f x29=0x00000000 PA:0x8000826e
        8695000	       868	80000690	00c34533	xor	x10,x6,x12	  x6:0xbc110000 x12:0xea59a578 x10=0x5648a578
        8705000	       869	80000694	01c6fab3	and	x21,x13,x28	 x13:0x00000000 x28:0x80008576 x21=0x00000000
        8715000	       870	80000698	011e9eb3	sll	x29,x29,x17	 x29:0x00000000 x17:0x00000001 x29=0x00000000
        8725000	       871	8000069c	fcf79883	lh	x17,-49(x15)	 x15:0x8000829f x17=0x00000000 PA:0x8000826e
        8735000	       872	800006a0	00ba0b33	add	x22,x20,x11	 x20:0x80009fc4 x11:0x00000000 x22=0x80009fc4
        8745000	       873	800006a4	fcf7c303	lbu	x6,-49(x15)	 x15:0x8000829f  x6=0x00000000 PA:0x8000826e
        8755000	       874	800006a8	fcf797a3	sh	x15,-49(x15)	 x15:0x8000829f x15:0x8000829f PA:0x8000826e
        8765000	       875	800006ac	4a3df513	andi	x10,x27,1187	 x27:0x80009f70 x10=0x00000420
        8775000	       876	800006b0	03c7c483	lbu	x9,60(x15)	 x15:0x8000829f  x9=0x00000000 PA:0x800082db
        8785000	       877	800006b4	03a78483	lb	x9,58(x15)	 x15:0x8000829f  x9=0x00000000 PA:0x800082d9
        8795000	       878	800006b8	fca78b83	lb	x23,-54(x15)	 x15:0x8000829f x23=0x00000000 PA:0x80008269
        8805000	       879	800006bc	00008117	auipc	x2,0x8	  x2=0x800086b8
        8815000	       880	800006c0	2dd10113	addi	x2,x2,733	  x2:0x800086b8  x2=0x80008995
        8825000	       881	800006c4	00d11f83	lh	x31,13(x2)	  x2:0x80008995 x31=0x00000000 PA:0x800089a2
        8835000	       882	800006c8	00a102a3	sb	x10,5(x2)	  x2:0x80008995 x10:0x00000420 PA:0x8000899a
        8845000	       883	800006cc	bce0a393	slti	x7,x1,-1074	  x1:0x80008650  x7=0x00000001
        8855000	       884	800006d0	01715383	lhu	x7,23(x2)	  x2:0x80008995  x7=0x00000000 PA:0x800089ac
        8865000	       885	800006d4	91566f93	ori	x31,x12,-1771	 x12:0xea59a578 x31=0xfffffd7d
        8875000	       886	800006d8	ff0117a3	sh	x16,-17(x2)	  x2:0x80008995 x16:0x00000076 PA:0x80008984
        8885000	       887	800006dc	fff12883	lw	x17,-1(x2)	  x2:0x80008995 x17=0x00000000 PA:0x80008994
        8895000	       888	800006e0	0061df33	srl	x30,x3,x6	  x3:0x00000000  x6:0x00000000 x30=0x00000000
        8905000	       889	800006e4	00110f83	lb	x31,1(x2)	  x2:0x80008995 x31=0x00000000 PA:0x80008996
        8915000	       890	800006e8	99170f93	addi	x31,x14,-1647	 x14:0x00000000 x31=0xfffff991
        8925000	       891	800006ec	4077dd13	srai	x26,x15,0x7	 x15:0x8000829f x26=0xff000105
        8935000	       892	800006f0	00ab4f33	xor	x30,x22,x10	 x22:0x80009fc4 x10:0x00000420 x30=0x80009be4
        8945000	       893	800006f4	404558b3	sra	x17,x10,x4	 x10:0x00000420  x4:0xe2236ef5 x17=0x00000000
        8955000	       894	800006f8	01953bb3	sltu	x23,x10,x25	 x10:0x00000420 x25:0x00000000 x23=0x00000000
        8965000	       895	800006fc	a8cf6e93	ori	x29,x30,-1396	 x30:0x80009be4 x29=0xfffffbec
        8975000	       896	80000700	01735c33	srl	x24,x6,x23	  x6:0x00000000 x23:0x00000000 x24=0x00000000
        8985000	       897	80000704	00e54333	xor	x6,x10,x14	 x10:0x00000420 x14:0x00000000  x6=0x00000420
        8995000	       898	80000708	00bba8b3	slt	x17,x23,x11	 x23:0x00000000 x11:0x00000000 x17=0x00000000
        9005000	       899	8000070c	6e0dbc13	sltiu	x24,x27,1760	 x27:0x80009f70 x24=0x00000000
        9015000	       900	80000710	02e12da3	sw	x14,59(x2)	  x2:0x80008995 x14:0x00000000 PA:0x800089d0
        9025000	       901	80000714	00d0e9b3	or	x19,x1,x13	  x1:0x80008650 x13:0x00000000 x19=0x80008650
        9035000	       902	80000718	80a5e313	ori	x6,x11,-2038	 x11:0x00000000  x6=0xfffff80a
        9045000	       903	8000071c	00914583	lbu	x11,9(x2)	  x2:0x80008995 x11=0x00000000 PA:0x8000899e
        9055000	       904	80000720	00f38eb3	add	x29,x7,x15	  x7:0x00000000 x15:0x8000829f x29=0x8000829f
        9065000	       905	80000724	fc410c03	lb	x24,-60(x2)	  x2:0x80008995 x24=0x00000000 PA:0x80008959
        9075000	       906	80000728	01a12fa3	sw	x26,31(x2)	  x2:0x80008995 x26:0xff000105 PA:0x800089b4
        9085000	       907	8000072c	00e492b3	sll	x5,x9,x14	  x9:0x00000000 x14:0x00000000  x5=0x00000000
        9095000	       908	80000730	01581b33	sll	x22,x16,x21	 x16:0x00000076 x21:0x00000000 x22=0x00000076
        9105000	       909	80000734	fd911e03	lh	x28,-39(x2)	  x2:0x80008995 x28=0x00000000 PA:0x8000896e
        9115000	       910	80000738	00a125a3	sw	x10,11(x2)	  x2:0x80008995 x10:0x00000420 PA:0x800089a0
        9125000	       911	8000073c	00008597	auipc	x11,0x8	 x11=0x80008738
        9135000	       912	80000740	17d58593	addi	x11,x11,381	 x11:0x80008738 x11=0x800088b5
        9145000	       913	80000744	00d65293	srli	x5,x12,0xd	 x12:0xea59a578  x5=0x000752cd
        9155000	       914	80000748	02b58123	sb	x11,34(x11)	 x11:0x800088b5 x11:0x800088b5 PA:0x800088d7
        9165000	       915	8000074c	71d5dd03	lhu	x26,1821(x11)	 x11:0x800088b5 x26=0x00000000 PA:0x80008fd2
        9175000	       916	80000750	000a8933	add	x18,x21,x0	 x21:0x00000000  x0:0x00000000 x18=0x00000000
        9185000	       917	80000754	71d5df83	lhu	x31,1821(x11)	 x11:0x800088b5 x31=0x00000000 PA:0x80008fd2
        9195000	       918	80000758	99cd0613	addi	x12,x26,-1636	 x26:0x00000000 x12=0xfffff99c
        9205000	       919	8000075c	d13f7c93	andi	x25,x30,-749	 x30:0x80009be4 x25=0x80009900
        9215000	       920	80000760	71d5ce83	lbu	x29,1821(x11)	 x11:0x800088b5 x29=0x00000000 PA:0x80008fd2
        9225000	       921	80000764	00421133	sll	x2,x4,x4	  x4:0xe2236ef5  x4:0xe2236ef5  x2=0xdea00000
        9235000	       922	80000768	5da5c283	lbu	x5,1498(x11)	 x11:0x800088b5  x5=0x00000000 PA:0x80008e8f
        9245000	       923	8000076c	5da58d23	sb	x26,1498(x11)	 x11:0x800088b5 x26:0x00000000 PA:0x80008e8f
        9255000	       924	80000770	5da5ce83	lbu	x29,1498(x11)	 x11:0x800088b5 x29=0x00000000 PA:0x80008e8f
        9265000	       925	80000774	5c258d23	sb	x2,1498(x11)	 x11:0x800088b5  x2:0xdea00000 PA:0x80008e8f
        9275000	       926	80000778	fe05c283	lbu	x5,-32(x11)	 x11:0x800088b5  x5=0x00000000 PA:0x80008895
        9285000	       927	8000077c	fe058b83	lb	x23,-32(x11)	 x11:0x800088b5 x23=0x00000000 PA:0x80008895
        9295000	       928	80000780	00008297	auipc	x5,0x8	  x5=0x8000877c
        9305000	       929	80000784	04228293	addi	x5,x5,66	  x5:0x8000877c  x5=0x800087be
        9315000	       930	80000788	00008897	auipc	x17,0x8	 x17=0x80008784
        9325000	       931	8000078c	d1088893	addi	x17,x17,-752	 x17:0x80008784 x17=0x80008494
        9335000	       932	80000790	ada28ca3	sb	x26,-1319(x5)	  x5:0x800087be x26:0x00000000 PA:0x80008297
        9345000	       933	80000794	00008317	auipc	x6,0x8	  x6=0x80008790
        9355000	       934	80000798	b7930313	addi	x6,x6,-1159	  x6:0x80008790  x6=0x80008309
        9365000	       935	8000079c	00008c97	auipc	x25,0x8	 x25=0x80008798
        9375000	       936	800007a0	edec8c93	addi	x25,x25,-290	 x25:0x80008798 x25=0x80008676
        9385000	       937	800007a4	01a30123	sb	x26,2(x6)	  x6:0x80008309 x26:0x00000000 PA:0x8000830b
        9395000	       938	800007a8	022cc783	lbu	x15,34(x25)	 x25:0x80008676 x15=0x00000000 PA:0x80008698
        9405000	       939	800007ac	ff38c583	lbu	x11,-13(x17)	 x17:0x80008494 x11=0x00000000 PA:0x80008487
        9415000	       940	800007b0	00c34383	lbu	x7,12(x6)	  x6:0x80008309  x7=0x00000000 PA:0x80008315
        9425000	       941	800007b4	ff98ca83	lbu	x21,-7(x17)	 x17:0x80008494 x21=0x00000000 PA:0x8000848d
        9435000	       942	800007b8	bde28923	sb	x30,-1070(x5)	  x5:0x800087be x30:0x80009be4 PA:0x80008390
        9445000	       943	800007bc	03ec9423	sh	x30,40(x25)	 x25:0x80008676 x30:0x80009be4 PA:0x8000869e
        9455000	       944	800007c0	00134683	lbu	x13,1(x6)	  x6:0x80008309 x13=0x00000000 PA:0x8000830a
        9465000	       945	800007c4	e6928683	lb	x13,-407(x5)	  x5:0x800087be x13=0x00000000 PA:0x80008627
        9475000	       946	800007c8	f582d503	lhu	x10,-168(x5)	  x5:0x800087be x10=0x00000000 PA:0x80008716
        9485000	       947	800007cc	009c8c03	lb	x24,9(x25)	 x25:0x80008676 x24=0x00000000 PA:0x8000867f
        9495000	       948	800007d0	9e828aa3	sb	x8,-1547(x5)	  x5:0x800087be  x8:0x3dbbd648 PA:0x800081b3
        9505000	       949	800007d4	ffb34403	lbu	x8,-5(x6)	  x6:0x80008309  x8=0x00000000 PA:0x80008304
        9515000	       950	800007d8	ffe31ca3	sh	x30,-7(x6)	  x6:0x80008309 x30:0x80009be4 PA:0x80008302
        9525000	       951	800007dc	0bdc8e23	sb	x29,188(x25)	 x25:0x80008676 x29:0x00000000 PA:0x80008732
        9535000	       952	800007e0	ff230003	lb	x0,-14(x6)	  x6:0x80008309 PA:0x800082fb
        9545000	       953	800007e4	00289b83	lh	x23,2(x17)	 x17:0x80008494 x23=0x00000000 PA:0x80008496
        9555000	       954	800007e8	00688683	lb	x13,6(x17)	 x17:0x80008494 x13=0x00000000 PA:0x8000849a
        9565000	       955	00000000	00000013	addi	x0,x0,0	  x0:0x00000000
        9575000	       956	800007ec	00d30423	sb	x13,8(x6)	  x6:0x80008309 x13:0x00000000 PA:0x80008311
        9585000	       957	800007f0	93a2c103	lbu	x2,-1734(x5)	  x5:0x800087be  x2=0x00000000 PA:0x800080f8
        9595000	       958	800007f4	f23c8aa3	sb	x3,-203(x25)	 x25:0x80008676  x3:0x00000000 PA:0x800085ab
        9605000	       959	800007f8	0088c183	lbu	x3,8(x17)	 x17:0x80008494  x3=0x00000000 PA:0x8000849c
        9615000	       960	800007fc	f50cde83	lhu	x29,-176(x25)	 x25:0x80008676 x29=0x00000000 PA:0x800085c6
        9625000	       961	80000800	c28285a3	sb	x8,-981(x5)	  x5:0x800087be  x8:0x00000000 PA:0x800083e9
        9635000	       962	80000804	00931d03	lh	x26,9(x6)	  x6:0x80008309 x26=0x00000000 PA:0x80008312
        9645000	       963	80000808	007c8f03	lb	x30,7(x25)	 x25:0x80008676 x30=0x00000000 PA:0x8000867d
        9655000	       964	8000080c	f712c183	lbu	x3,-143(x5)	  x5:0x800087be  x3=0x00000000 PA:0x8000872f
        9665000	       965	80000810	01d88823	sb	x29,16(x17)	 x17:0x80008494 x29:0x00000000 PA:0x800084a4
        9675000	       966	80000814	00b34983	lbu	x19,11(x6)	  x6:0x80008309 x19=0x00000000 PA:0x80008314
        9685000	       967	80000818	e8229403	lh	x8,-382(x5)	  x5:0x800087be  x8=0xffff9fc4 PA:0x80008640
        9695000	       968	8000081c	01e89023	sh	x30,0(x17)	 x17:0x80008494 x30:0x00000000 PA:0x80008494
        9705000	       969	80000820	ff830a83	lb	x21,-8(x6)	  x6:0x80008309 x21=0x00000000 PA:0x80008301
        9715000	       970	80000824	fe2c85a3	sb	x2,-21(x25)	 x25:0x80008676  x2:0x00000000 PA:0x80008661
        9725000	       971	80000828	ff78c783	lbu	x15,-9(x17)	 x17:0x80008494 x15=0x00000000 PA:0x8000848b
        9735000	       972	8000082c	c782c903	lbu	x18,-904(x5)	  x5:0x800087be x18=0x00000000 PA:0x80008436
        9745000	       973	80000830	ff088703	lb	x14,-16(x17)	 x17:0x80008494 x14=0x00000000 PA:0x80008484
        9755000	       974	80000834	00008117	auipc	x2,0x8	  x2=0x80008830
        9765000	       975	80000838	f2e10113	addi	x2,x2,-210	  x2:0x80008830  x2=0x8000875e
        9775000	       976	8000083c	07914403	lbu	x8,121(x2)	  x2:0x8000875e  x8=0x00000000 PA:0x800087d7
        9785000	       977	80000840	2f37c713	xori	x14,x15,755	 x15:0x00000000 x14=0x000002f3
        9795000	       978	80000844	441df613	andi	x12,x27,1089	 x27:0x80009f70 x12=0x00000440
        9805000	       979	80000848	e0218b93	addi	x23,x3,-510	  x3:0x00000000 x23=0xfffffe02
        9815000	       980	8000084c	002108a3	sb	x2,17(x2)	  x2:0x8000875e  x2:0x8000875e PA:0x8000876f
        9825000	       981	80000850	0142a033	slt	x0,x5,x20	  x5:0x800087be x20:0x80009fc4
        9835000	       982	80000854	fcd10603	lb	x12,-51(x2)	  x2:0x8000875e x12=0x00000000 PA:0x8000872b
        9845000	       983	80000858	ce35a613	slti	x12,x11,-797	 x11:0x00000000 x12=0x00000000
        9855000	       984	8000085c	00000013	addi	x0,x0,0	  x0:0x00000000
        9865000	       985	80000860	f2514c03	lbu	x24,-219(x2)	  x2:0x8000875e x24=0x00000000 PA:0x80008683
        9875000	       986	80000864	41730f33	sub	x30,x6,x23	  x6:0x80008309 x23:0xfffffe02 x30=0x80008507
        9885000	       987	80000868	1c85e693	ori	x13,x11,456	 x11:0x00000000 x13=0x000001c8
        9895000	       988	8000086c	09114603	lbu	x12,145(x2)	  x2:0x8000875e x12=0x00000000 PA:0x800087ef
        9905000	       989	80000870	07b10703	lb	x14,123(x2)	  x2:0x8000875e x14=0x00000000 PA:0x800087d9
        9915000	       990	80000874	1efc0e13	addi	x28,x24,495	 x24:0x00000000 x28=0x000001ef
        9925000	       991	80000878	fef10403	lb	x8,-17(x2)	  x2:0x8000875e  x8=0x00000000 PA:0x8000874d
        9935000	       992	8000087c	00569893	slli	x17,x13,0x5	 x13:0x000001c8 x17=0x00003900
        9945000	       993	80000880	b3a44d13	xori	x26,x8,-1222	  x8:0x00000000 x26=0xfffffb3a
        9955000	       994	80000884	08c10223	sb	x12,132(x2)	  x2:0x8000875e x12:0x00000000 PA:0x800087e2
        9965000	       995	80000888	03f12f23	sw	x31,62(x2)	  x2:0x8000875e x31:0x00000000 PA:0x8000879c
        9975000	       996	8000088c	0050c8b3	xor	x17,x1,x5	  x1:0x80008650  x5:0x800087be x17=0x000001ee
        9985000	       997	80000890	01b52eb3	slt	x29,x10,x27	 x10:0x00000000 x27:0x80009f70 x29=0x00000000
        9995000	       998	80000894	00b5f6b3	and	x13,x11,x11	 x11:0x00000000 x11:0x00000000 x13=0x00000000
       10005000	       999	80000898	4c8e0293	addi	x5,x28,1224	 x28:0x000001ef  x5=0x000006b7
       10015000	      1000	8000089c	00064cb3	xor	x25,x12,x0	 x12:0x00000000  x0:0x00000000 x25=0x00000000
       10025000	      1001	800008a0	f2815f83	lhu	x31,-216(x2)	  x2:0x8000875e x31=0x00000000 PA:0x80008686
       10035000	      1002	800008a4	05310c03	lb	x24,83(x2)	  x2:0x8000875e x24=0x00000000 PA:0x800087b1
       10045000	      1003	800008a8	03f10f03	lb	x30,63(x2)	  x2:0x8000875e x30=0x00000000 PA:0x8000879d
       10055000	      1004	800008ac	4005d7b3	sra	x15,x11,x0	 x11:0x00000000  x0:0x00000000 x15=0x00000000
       10065000	      1005	800008b0	00415603	lhu	x12,4(x2)	  x2:0x8000875e x12=0x00000000 PA:0x80008762
       10075000	      1006	800008b4	00ad1793	slli	x15,x26,0xa	 x26:0xfffffb3a x15=0xffece800
       10085000	      1007	800008b8	f1514a83	lbu	x21,-235(x2)	  x2:0x8000875e x21=0x00000000 PA:0x80008673
       10095000	      1008	800008bc	01ccbeb3	sltu	x29,x25,x28	 x25:0x00000000 x28:0x000001ef x29=0x00000001
       10105000	      1009	800008c0	f1a108a3	sb	x26,-239(x2)	  x2:0x8000875e x26:0xfffffb3a PA:0x8000866f
       10115000	      1010	800008c4	01ed2933	slt	x18,x26,x30	 x26:0xfffffb3a x30:0x00000000 x18=0x00000001
       10125000	      1011	800008c8	f4e106a3	sb	x14,-179(x2)	  x2:0x8000875e x14:0x00000000 PA:0x800086ab
       10135000	      1012	800008cc	907af493	andi	x9,x21,-1785	 x21:0x00000000  x9=0x00000000
       10145000	      1013	800008d0	40945793	srai	x15,x8,0x9	  x8:0x00000000 x15=0x00000000
       10155000	      1014	800008d4	40a5d713	srai	x14,x11,0xa	 x11:0x00000000 x14=0x00000000
       10165000	      1015	800008d8	407c5f93	srai	x31,x24,0x7	 x24:0x00000000 x31=0x00000000
       10175000	      1016	800008dc	fac10823	sb	x12,-80(x2)	  x2:0x8000875e x12:0x00000000 PA:0x8000870e
       10185000	      1017	800008e0	f8714a83	lbu	x21,-121(x2)	  x2:0x8000875e x21=0x00000000 PA:0x800086e5
       10195000	      1018	800008e4	39356417	auipc	x8,0x39356	  x8=0xb93568e0
       10205000	      1019	800008e8	fb114503	lbu	x10,-79(x2)	  x2:0x8000875e x10=0x00000000 PA:0x8000870f
       10215000	      1020	800008ec	01444f33	xor	x30,x8,x20	  x8:0xb93568e0 x20:0x80009fc4 x30=0x3935f724
       10225000	      1021	800008f0	07d14f83	lbu	x31,125(x2)	  x2:0x8000875e x31=0x00000000 PA:0x800087db
       10235000	      1022	800008f4	08314b03	lbu	x22,131(x2)	  x2:0x8000875e x22=0x00000000 PA:0x800087e1
       10245000	      1023	800008f8	126d3413	sltiu	x8,x26,294	 x26:0xfffffb3a  x8=0x00000000
       10255000	      1024	800008fc	2fcdef13	ori	x30,x27,764	 x27:0x80009f70 x30=0x80009ffc
       10265000	      1025	80000900	07611b23	sh	x22,118(x2)	  x2:0x8000875e x22:0x00000000 PA:0x800087d4
       10275000	      1026	80000904	fb412d23	sw	x20,-70(x2)	  x2:0x8000875e x20:0x80009fc4 PA:0x80008718
       10285000	      1027	80000908	00008c97	auipc	x25,0x8	 x25=0x80008904
       10295000	      1028	8000090c	00ec8c93	addi	x25,x25,14	 x25:0x80008904 x25=0x80008912
       10305000	      1029	80000910	001c8523	sb	x1,10(x25)	 x25:0x80008912  x1:0x80008650 PA:0x8000891c
       10315000	      1030	80000914	00bc8523	sb	x11,10(x25)	 x25:0x80008912 x11:0x00000000 PA:0x8000891c
       10325000	      1031	80000918	00acdc03	lhu	x24,10(x25)	 x25:0x80008912 x24=0x00000000 PA:0x8000891c
       10335000	      1032	8000091c	000c8523	sb	x0,10(x25)	 x25:0x80008912  x0:0x00000000 PA:0x8000891c
       10345000	      1033	80000920	01f79bb3	sll	x23,x15,x31	 x15:0x00000000 x31:0x00000000 x23=0x00000000
       10355000	      1034	80000924	007c9523	sh	x7,10(x25)	 x25:0x80008912  x7:0x00000000 PA:0x8000891c
       10365000	      1035	80000928	00ac8283	lb	x5,10(x25)	 x25:0x80008912  x5=0x00000000 PA:0x8000891c
       10375000	      1036	8000092c	008cc803	lbu	x16,8(x25)	 x25:0x80008912 x16=0x00000000 PA:0x8000891a
       10385000	      1037	80000930	018c8423	sb	x24,8(x25)	 x25:0x80008912 x24:0x00000000 PA:0x8000891a
       10395000	      1038	80000934	00bc9423	sh	x11,8(x25)	 x25:0x80008912 x11:0x00000000 PA:0x8000891a
       10405000	      1039	80000938	0ecb7d13	andi	x26,x22,236	 x22:0x00000000 x26=0x00000000
       10415000	      1040	8000093c	00dc9423	sh	x13,8(x25)	 x25:0x80008912 x13:0x00000000 PA:0x8000891a
       10425000	      1041	80000940	00008c97	auipc	x25,0x8	 x25=0x8000893c
       10435000	      1042	80000944	824c8c93	addi	x25,x25,-2012	 x25:0x8000893c x25=0x80008160
       10445000	      1043	80000948	544ca683	lw	x13,1348(x25)	 x25:0x80008160 x13=0x00000000 PA:0x800086a4
       10455000	      1044	8000094c	337cc583	lbu	x11,823(x25)	 x25:0x80008160 x11=0x00000000 PA:0x80008497
       10465000	      1045	80000950	10ac8f23	sb	x10,286(x25)	 x25:0x80008160 x10:0x00000000 PA:0x8000827e
       10475000	      1046	80000954	11ecc283	lbu	x5,286(x25)	 x25:0x80008160  x5=0x00000000 PA:0x8000827e
       10485000	      1047	80000958	11ecd003	lhu	x0,286(x25)	 x25:0x80008160 PA:0x8000827e
       10495000	      1048	8000095c	11ec8603	lb	x12,286(x25)	 x25:0x80008160 x12=0x00000000 PA:0x8000827e
       10505000	      1049	80000960	11ec8d03	lb	x26,286(x25)	 x25:0x80008160 x26=0x00000000 PA:0x8000827e
       10515000	      1050	80000964	671c8803	lb	x16,1649(x25)	 x25:0x80008160 x16=0x00000000 PA:0x800087d1
       10525000	      1051	80000968	415d8c33	sub	x24,x27,x21	 x27:0x80009f70 x21:0x00000000 x24=0x80009f70
       10535000	      1052	8000096c	671cc303	lbu	x6,1649(x25)	 x25:0x80008160  x6=0x00000000 PA:0x800087d1
       10545000	      1053	80000970	66ec88a3	sb	x14,1649(x25)	 x25:0x80008160 x14:0x00000000 PA:0x800087d1
       10555000	      1054	80000974	671c8903	lb	x18,1649(x25)	 x25:0x80008160 x18=0x00000000 PA:0x800087d1
       10565000	      1055	80000978	00007797	auipc	x15,0x7	 x15=0x80007974
       10575000	      1056	8000097c	6f478793	addi	x15,x15,1780	 x15:0x80007974 x15=0x80008068
       10585000	      1057	80000980	003789a3	sb	x3,19(x15)	 x15:0x80008068  x3:0x00000000 PA:0x8000807b
       10595000	      1058	80000984	00008397	auipc	x7,0x8	  x7=0x80008980
       10605000	      1059	80000988	d4738393	addi	x7,x7,-697	  x7:0x80008980  x7=0x800086c7
       10615000	      1060	8000098c	0f27c803	lbu	x16,242(x15)	 x15:0x80008068 x16=0x00000000 PA:0x8000815a
       10625000	      1061	80000990	00008417	auipc	x8,0x8	  x8=0x8000898c
       10635000	      1062	80000994	80340413	addi	x8,x8,-2045	  x8:0x8000898c  x8=0x8000818f
       10645000	      1063	80000998	01c391a3	sh	x28,3(x7)	  x7:0x800086c7 x28:0x000001ef PA:0x800086ca
       10655000	      1064	8000099c	ff038883	lb	x17,-16(x7)	  x7:0x800086c7 x17=0x00000000 PA:0x800086b7
       10665000	      1065	800009a0	fed38aa3	sb	x13,-11(x7)	  x7:0x800086c7 x13:0x00000000 PA:0x800086bc
       10675000	      1066	800009a4	0f578b83	lb	x23,245(x15)	 x15:0x80008068 x23=0x00000000 PA:0x8000815d
       10685000	      1067	800009a8	0f044503	lbu	x10,240(x8)	  x8:0x8000818f x10=0x000000f5 PA:0x8000827f
       10695000	      1068	800009ac	fe07a183	lw	x3,-32(x15)	 x15:0x80008068  x3=0x00000000 PA:0x80008048
       10705000	      1069	800009b0	ebc40f03	lb	x30,-324(x8)	  x8:0x8000818f x30=0x00000000 PA:0x8000804b
       10715000	      1070	800009b4	38140983	lb	x19,897(x8)	  x8:0x8000818f x19=0x00000000 PA:0x80008510
       10725000	      1071	800009b8	0aa78c03	lb	x24,170(x15)	 x15:0x80008068 x24=0xffffffc4 PA:0x80008112
       10735000	      1072	800009bc	ffd3d503	lhu	x10,-3(x7)	  x7:0x800086c7 x10=0x00000000 PA:0x800086c4
       10745000	      1073	800009c0	fee7ca83	lbu	x21,-18(x15)	 x15:0x80008068 x21=0x00000000 PA:0x80008056
       10755000	      1074	800009c4	07a7cb83	lbu	x23,122(x15)	 x15:0x80008068 x23=0x00000000 PA:0x800080e2
       10765000	      1075	800009c8	1b040f03	lb	x30,432(x8)	  x8:0x8000818f x30=0x00000000 PA:0x8000833f
       10775000	      1076	800009cc	38040c83	lb	x25,896(x8)	  x8:0x8000818f x25=0x00000000 PA:0x8000850f
       10785000	      1077	800009d0	33f403a3	sb	x31,807(x8)	  x8:0x8000818f x31:0x00000000 PA:0x800084b6
       10795000	      1078	800009d4	04a78c23	sb	x10,88(x15)	 x15:0x80008068 x10:0x00000000 PA:0x800080c0
       10805000	      1079	800009d8	00a394a3	sh	x10,9(x7)	  x7:0x800086c7 x10:0x00000000 PA:0x800086d0
       10815000	      1080	800009dc	0023ce03	lbu	x28,2(x7)	  x7:0x800086c7 x28=0x00000000 PA:0x800086c9
       10825000	      1081	800009e0	00d3d603	lhu	x12,13(x7)	  x7:0x800086c7 x12=0x00000000 PA:0x800086d4
       10835000	      1082	800009e4	00d38e83	lb	x29,13(x7)	  x7:0x800086c7 x29=0x00000000 PA:0x800086d4
       10845000	      1083	800009e8	ff5787a3	sb	x21,-17(x15)	 x15:0x80008068 x21:0x00000000 PA:0x80008057
       10855000	      1084	800009ec	fc740c23	sb	x7,-40(x8)	  x8:0x8000818f  x7:0x800086c7 PA:0x80008167
       10865000	      1085	800009f0	ff3783a3	sb	x19,-25(x15)	 x15:0x80008068 x19:0x00000000 PA:0x8000804f
       10875000	      1086	800009f4	00d39603	lh	x12,13(x7)	  x7:0x800086c7 x12=0x00000000 PA:0x800086d4
       10885000	      1087	800009f8	4f4415a3	sh	x20,1259(x8)	  x8:0x8000818f x20:0x80009fc4 PA:0x8000867a
       10895000	      1088	800009fc	0033ce03	lbu	x28,3(x7)	  x7:0x800086c7 x28=0x000000ef PA:0x800086ca
       10905000	      1089	80000a00	00008c97	auipc	x25,0x8	 x25=0x800089fc
       10915000	      1090	80000a04	eb1c8c93	addi	x25,x25,-335	 x25:0x800089fc x25=0x800088ad
       10925000	      1091	80000a08	fe7ca883	lw	x17,-25(x25)	 x25:0x800088ad x17=0x00000000 PA:0x80008894
       10935000	      1092	80000a0c	ffbc9403	lh	x8,-5(x25)	 x25:0x800088ad  x8=0x00000000 PA:0x800088a8
       10945000	      1093	80000a10	ff0c8da3	sb	x16,-5(x25)	 x25:0x800088ad x16:0x00000000 PA:0x800088a8
       10955000	      1094	80000a14	ffbca503	lw	x10,-5(x25)	 x25:0x800088ad x10=0x00000000 PA:0x800088a8
       10965000	      1095	80000a18	fd6c8823	sb	x22,-48(x25)	 x25:0x800088ad x22:0x00000000 PA:0x8000887d
       10975000	      1096	80000a1c	01522bb3	slt	x23,x4,x21	  x4:0xe2236ef5 x21:0x00000000 x23=0x00000001
       10985000	      1097	80000a20	fd0c8503	lb	x10,-48(x25)	 x25:0x800088ad x10=0x00000000 PA:0x8000887d
       10995000	      1098	80000a24	fddc8823	sb	x29,-48(x25)	 x25:0x800088ad x29:0x00000000 PA:0x8000887d
       11005000	      1099	80000a28	fd0cc083	lbu	x1,-48(x25)	 x25:0x800088ad  x1=0x00000000 PA:0x8000887d
       11015000	      1100	80000a2c	01561e13	slli	x28,x12,0x15	 x12:0x00000000 x28=0x00000000
       11025000	      1101	80000a30	019c9ba3	sh	x25,23(x25)	 x25:0x800088ad x25:0x800088ad PA:0x800088c4
       11035000	      1102	80000a34	007cd483	lhu	x9,7(x25)	 x25:0x800088ad  x9=0x00000000 PA:0x800088b4
       11045000	      1103	80000a38	01cb0633	add	x12,x22,x28	 x22:0x00000000 x28:0x00000000 x12=0x00000000
       11055000	      1104	80000a3c	fe2c8223	sb	x2,-28(x25)	 x25:0x800088ad  x2:0x8000875e PA:0x80008891
       11065000	      1105	80000a40	ff3c8223	sb	x19,-28(x25)	 x25:0x800088ad x19:0x00000000 PA:0x80008891
       11075000	      1106	80000a44	023c9283	lh	x5,35(x25)	 x25:0x800088ad  x5=0x00000000 PA:0x800088d0
       11085000	      1107	80000a48	021c9ea3	sh	x1,61(x25)	 x25:0x800088ad  x1:0x00000000 PA:0x800088ea
       11095000	      1108	80000a4c	cef9be13	sltiu	x28,x19,-785	 x19:0x00000000 x28=0x00000001
       11105000	      1109	80000a50	4ae81697	auipc	x13,0x4ae81	 x13=0xcae81a4c
       11115000	      1110	80000a54	032c9ea3	sh	x18,61(x25)	 x25:0x800088ad x18:0x00000000 PA:0x800088ea
       11125000	      1111	80000a58	ff2cc803	lbu	x16,-14(x25)	 x25:0x800088ad x16=0x00000000 PA:0x8000889f
       11135000	      1112	80000a5c	0153a6b3	slt	x13,x7,x21	  x7:0x800086c7 x21:0x00000000 x13=0x00000001
       11145000	      1113	80000a60	ff2c8c03	lb	x24,-14(x25)	 x25:0x800088ad x24=0x00000000 PA:0x8000889f
       11155000	      1114	80000a64	ff2cc703	lbu	x14,-14(x25)	 x25:0x800088ad x14=0x00000000 PA:0x8000889f
       11165000	      1115	80000a68	fedc8023	sb	x13,-32(x25)	 x25:0x800088ad x13:0x00000001 PA:0x8000888d
       11175000	      1116	80000a6c	fe0c8583	lb	x11,-32(x25)	 x25:0x800088ad x11=0x00000001 PA:0x8000888d
       11185000	      1117	80000a70	40e15d13	srai	x26,x2,0xe	  x2:0x8000875e x26=0xfffe0002
       11195000	      1118	80000a74	409a0533	sub	x10,x20,x9	 x20:0x80009fc4  x9:0x00000000 x10=0x80009fc4
       11205000	      1119	80000a78	0030c2b3	xor	x5,x1,x3	  x1:0x00000000  x3:0x00000000  x5=0x00000000
       11215000	      1120	80000a7c	16727697	auipc	x13,0x16727	 x13=0x96727a78
       11225000	      1121	80000a80	4122d513	srai	x10,x5,0x12	  x5:0x00000000 x10=0x00000000
       11235000	      1122	80000a84	010d74b3	and	x9,x26,x16	 x26:0xfffe0002 x16:0x00000000  x9=0x00000000
       11245000	      1123	80000a88	00008b17	auipc	x22,0x8	 x22=0x80008a84
       11255000	      1124	80000a8c	30eb0b13	addi	x22,x22,782	 x22:0x80008a84 x22=0x80008d92
       11265000	      1125	80000a90	00008297	auipc	x5,0x8	  x5=0x80008a8c
       11275000	      1126	80000a94	10528293	addi	x5,x5,261	  x5:0x80008a8c  x5=0x80008b91
       11285000	      1127	80000a98	00008f17	auipc	x30,0x8	 x30=0x80008a94
       11295000	      1128	80000a9c	16bf0f13	addi	x30,x30,363	 x30:0x80008a94 x30=0x80008bff
       11305000	      1129	80000aa0	00008517	auipc	x10,0x8	 x10=0x80008a9c
       11315000	      1130	80000aa4	16f50513	addi	x10,x10,367	 x10:0x80008a9c x10=0x80008c0b
       11325000	      1131	80000aa8	e6ff0583	lb	x11,-401(x30)	 x30:0x80008bff x11=0x00000000 PA:0x80008a6e
       11335000	      1132	80000aac	ff1b0483	lb	x9,-15(x22)	 x22:0x80008d92  x9=0x00000000 PA:0x80008d83
       11345000	      1133	80000ab0	012510a3	sh	x18,1(x10)	 x10:0x80008c0b x18:0x00000000 PA:0x80008c0c
       11355000	      1134	80000ab4	02750523	sb	x7,42(x10)	 x10:0x80008c0b  x7:0x800086c7 PA:0x80008c35
       11365000	      1135	80000ab8	ff8b1803	lh	x16,-8(x22)	 x22:0x80008d92 x16=0x00000000 PA:0x80008d8a
       11375000	      1136	80000abc	1c8f4303	lbu	x6,456(x30)	 x30:0x80008bff  x6=0x00000000 PA:0x80008dc7
       11385000	      1137	80000ac0	307f5583	lhu	x11,775(x30)	 x30:0x80008bff x11=0x00000000 PA:0x80008f06
       11395000	      1138	80000ac4	ffc54e03	lbu	x28,-4(x10)	 x10:0x80008c0b x28=0x00000000 PA:0x80008c07
       11405000	      1139	80000ac8	f5328f83	lb	x31,-173(x5)	  x5:0x80008b91 x31=0x00000000 PA:0x80008ae4
       11415000	      1140	80000acc	00008797	auipc	x15,0x8	 x15=0x80008ac8
       11425000	      1141	80000ad0	df078793	addi	x15,x15,-528	 x15:0x80008ac8 x15=0x800088b8
       11435000	      1142	80000ad4	013513a3	sh	x19,7(x10)	 x10:0x80008c0b x19:0x00000000 PA:0x80008c12
       11445000	      1143	80000ad8	6a97c483	lbu	x9,1705(x15)	 x15:0x800088b8  x9=0x00000000 PA:0x80008f61
       11455000	      1144	80000adc	0b1f09a3	sb	x17,179(x30)	 x30:0x80008bff x17:0x00000000 PA:0x80008cb2
       11465000	      1145	80000ae0	0b72d383	lhu	x7,183(x5)	  x5:0x80008b91  x7=0x00000000 PA:0x80008c48
       11475000	      1146	80000ae4	c34f0603	lb	x12,-972(x30)	 x30:0x80008bff x12=0x00000000 PA:0x80008833
       11485000	      1147	80000ae8	fe7b1e23	sh	x7,-4(x22)	 x22:0x80008d92  x7:0x00000000 PA:0x80008d8e
       11495000	      1148	80000aec	00b28f23	sb	x11,30(x5)	  x5:0x80008b91 x11:0x00000000 PA:0x80008baf
       11505000	      1149	80000af0	350f0303	lb	x6,848(x30)	 x30:0x80008bff  x6=0x00000000 PA:0x80008f4f
       11515000	      1150	80000af4	0e4f0d23	sb	x4,250(x30)	 x30:0x80008bff  x4:0xe2236ef5 PA:0x80008cf9
       11525000	      1151	80000af8	55b78003	lb	x0,1371(x15)	 x15:0x800088b8 PA:0x80008e13
       11535000	      1152	80000afc	fcf28003	lb	x0,-49(x5)	  x5:0x80008b91 PA:0x80008b60
       11545000	      1153	80000b00	e5bf5383	lhu	x7,-421(x30)	 x30:0x80008bff  x7=0x00000000 PA:0x80008a5a
       11555000	      1154	80000b04	fbb78aa3	sb	x27,-75(x15)	 x15:0x800088b8 x27:0x80009f70 PA:0x8000886d
       11565000	      1155	80000b08	fcc50523	sb	x12,-54(x10)	 x10:0x80008c0b x12:0x00000000 PA:0x80008bd5
       11575000	      1156	80000b0c	f1228323	sb	x18,-250(x5)	  x5:0x80008b91 x18:0x00000000 PA:0x80008a97
       11585000	      1157	80000b10	000b1583	lh	x11,0(x22)	 x22:0x80008d92 x11=0x00000000 PA:0x80008d92
       11595000	      1158	80000b14	30ff0083	lb	x1,783(x30)	 x30:0x80008bff  x1=0x00000000 PA:0x80008f0e
       11605000	      1159	80000b18	fd550fa3	sb	x21,-33(x10)	 x10:0x80008c0b x21:0x00000000 PA:0x80008bea
       11615000	      1160	80000b1c	ffdb0ba3	sb	x29,-9(x22)	 x22:0x80008d92 x29:0x00000000 PA:0x80008d89
       11625000	      1161	80000b20	fc528423	sb	x5,-56(x5)	  x5:0x80008b91  x5:0x80008b91 PA:0x80008b59
       11635000	      1162	80000b24	2ce78383	lb	x7,718(x15)	 x15:0x800088b8  x7=0x00000000 PA:0x80008b86
       11645000	      1163	80000b28	01450f83	lb	x31,20(x10)	 x10:0x80008c0b x31=0x00000000 PA:0x80008c1f
       11655000	      1164	80000b2c	e36f4803	lbu	x16,-458(x30)	 x30:0x80008bff x16=0x00000000 PA:0x80008a35
       11665000	      1165	80000b30	26d78803	lb	x16,621(x15)	 x15:0x800088b8 x16=0x00000000 PA:0x80008b25
       11675000	      1166	80000b34	f6b2d303	lhu	x6,-149(x5)	  x5:0x80008b91  x6=0x00000000 PA:0x80008afc
       11685000	      1167	80000b38	9cae7393	andi	x7,x28,-1590	 x28:0x00000000  x7=0x00000000
       11695000	      1168	80000b3c	fe017317	auipc	x6,0xfe017	  x6=0x7e017b38
       11705000	      1169	80000b40	00647c33	and	x24,x8,x6	  x8:0x00000000  x6:0x7e017b38 x24=0x00000000
       11715000	      1170	80000b44	99f86093	ori	x1,x16,-1633	 x16:0x00000000  x1=0xfffff99f
       11725000	      1171	80000b48	957fb013	sltiu	x0,x31,-1705	 x31:0x00000000
       11735000	      1172	80000b4c	03266a63	bltu	x12,x18,80000b80	 x12:0x00000000 x18:0x00000000
       11745000	      1173	80000b50	0031c863	blt	x3,x3,80000b60	  x3:0x00000000  x3:0x00000000
       11755000	      1174	80000b54	010f5813	srli	x16,x30,0x10	 x30:0x80008bff x16=0x00008000
       11765000	      1175	80000b58	00d18263	beq	x3,x13,80000b5c	  x3:0x00000000 x13:0x96727a78
       11775000	      1176	80000b5c	30c10013	addi	x0,x2,780	  x2:0x8000875e
       11785000	      1177	80000b60	02750c63	beq	x10,x7,80000b98	 x10:0x80008c0b  x7:0x00000000
       11795000	      1178	80000b64	40e3d513	srai	x10,x7,0xe	  x7:0x00000000 x10=0x00000000
       11805000	      1179	80000b68	008cb433	sltu	x8,x25,x8	 x25:0x800088ad  x8:0x00000000  x8=0x00000000
       11815000	      1180	80000b6c	01f91393	slli	x7,x18,0x1f	 x18:0x00000000  x7=0x00000000
       11825000	      1181	80000b70	019ebb33	sltu	x22,x29,x25	 x29:0x00000000 x25:0x800088ad x22=0x00000001
       11835000	      1182	80000b74	4116d693	srai	x13,x13,0x11	 x13:0x96727a78 x13=0xffffcb39
       11845000	      1183	80000b78	02a3c063	blt	x7,x10,80000b98	  x7:0x00000000 x10:0x00000000
       11855000	      1184	80000b7c	004f7cb3	and	x25,x30,x4	 x30:0x80008bff  x4:0xe2236ef5 x25=0x80000af5
       11865000	      1185	80000b80	04e39863	bne	x7,x14,80000bd0	  x7:0x00000000 x14:0x00000000
       11875000	      1186	80000b84	40bdde93	srai	x29,x27,0xb	 x27:0x80009f70 x29=0xfff00013
       11885000	      1187	80000b88	00ca5c13	srli	x24,x20,0xc	 x20:0x80009fc4 x24=0x00080009
       11895000	      1188	80000b8c	015b3fb3	sltu	x31,x22,x21	 x22:0x00000001 x21:0x00000000 x31=0x00000000
       11905000	      1189	80000b90	fa1c1e97	auipc	x29,0xfa1c1	 x29=0x7a1c1b8c
       11915000	      1190	80000b94	005f5433	srl	x8,x30,x5	 x30:0x80008bff  x5:0x80008b91  x8=0x00004000
       11925000	      1191	80000b98	40ed02b3	sub	x5,x26,x14	 x26:0xfffe0002 x14:0x00000000  x5=0xfffe0002
       11935000	      1192	80000b9c	017e9113	slli	x2,x29,0x17	 x29:0x7a1c1b8c  x2=0xc6000000
       11945000	      1193	80000ba0	01fb5713	srli	x14,x22,0x1f	 x22:0x00000001 x14=0x00000000
       11955000	      1194	80000ba4	e9a28513	addi	x10,x5,-358	  x5:0xfffe0002 x10=0xfffdfe9c
       11965000	      1195	80000ba8	d5698613	addi	x12,x19,-682	 x19:0x00000000 x12=0xfffffd56
       11975000	      1196	80000bac	03ead663	bge	x21,x30,80000bd8	 x21:0x00000000 x30:0x80008bff
       11985000	      1197	00000000	00000013	addi	x0,x0,0	  x0:0x00000000
       11995000	      1198	80000bd4	00000013	addi	x0,x0,0	  x0:0x00000000
       12005000	      1199	80000bd8	f98b6313	ori	x6,x22,-104	 x22:0x00000001  x6=0xffffff99
       12015000	      1200	80000bdc	2d468737	lui	x14,0x2d468	 x14=0x2d468000
       12025000	      1201	80000be0	00418fb3	add	x31,x3,x4	  x3:0x00000000  x4:0xe2236ef5 x31=0xe2236ef5
       12035000	      1202	80000be4	00cc9393	slli	x7,x25,0xc	 x25:0x80000af5  x7=0x00af5000
       12045000	      1203	80000be8	01377d33	and	x26,x14,x19	 x14:0x2d468000 x19:0x00000000 x26=0x00000000
       12055000	      1204	80000bec	e6582837	lui	x16,0xe6582	 x16=0xe6582000
       12065000	      1205	80000bf0	01fe2533	slt	x10,x28,x31	 x28:0x00000000 x31:0xe2236ef5 x10=0x00000000
       12075000	      1206	80000bf4	01d26a63	bltu	x4,x29,80000c08	  x4:0xe2236ef5 x29:0x7a1c1b8c
       12085000	      1207	80000bf8	0131acb3	slt	x25,x3,x19	  x3:0x00000000 x19:0x00000000 x25=0x00000000
       12095000	      1208	80000bfc	053ee063	bltu	x29,x19,80000c3c	 x29:0x7a1c1b8c x19:0x00000000
       12105000	      1209	80000c00	01fd4ab3	xor	x21,x26,x31	 x26:0x00000000 x31:0xe2236ef5 x21=0xe2236ef5
       12115000	      1210	80000c04	85174893	xori	x17,x14,-1967	 x14:0x2d468000 x17=0xd2b97851
       12125000	      1211	80000c08	41595013	srai	x0,x18,0x15	 x18:0x00000000
       12135000	      1212	80000c0c	016eff33	and	x30,x29,x22	 x29:0x7a1c1b8c x22:0x00000001 x30=0x00000000
       12145000	      1213	80000c10	d0c3c613	xori	x12,x7,-756	  x7:0x00af5000 x12=0xff50ad0c
       12155000	      1214	80000c14	03069a63	bne	x13,x16,80000c48	 x13:0xffffcb39 x16:0xe6582000
       12165000	      1215	00000000	00000013	addi	x0,x0,0	  x0:0x00000000
       12175000	      1216	80000c44	00000013	addi	x0,x0,0	  x0:0x00000000
       12185000	      1217	80000c48	31b26613	ori	x12,x4,795	  x4:0xe2236ef5 x12=0xe2236fff
       12195000	      1218	80000c4c	cec8eb13	ori	x22,x17,-788	 x17:0xd2b97851 x22=0xfffffcfd
       12205000	      1219	80000c50	0c730663	beq	x6,x7,80000d1c	  x6:0xffffff99  x7:0x00af5000
       12215000	      1220	80000c54	00e6b833	sltu	x16,x13,x14	 x13:0xffffcb39 x14:0x2d468000 x16=0x00000000
       12225000	      1221	80000c58	01935813	srli	x16,x6,0x19	  x6:0xffffff99 x16=0x0000007f
       12235000	      1222	80000c5c	0ca08863	beq	x1,x10,80000d2c	  x1:0xfffff99f x10:0x00000000
       12245000	      1223	80000c60	00008f17	auipc	x30,0x8	 x30=0x80008c5c
       12255000	      1224	80000c64	21bf0f13	addi	x30,x30,539	 x30:0x80008c5c x30=0x80008e77
       12265000	      1225	80000c68	d6ef0503	lb	x10,-658(x30)	 x30:0x80008e77 x10=0x00000000 PA:0x80008be5
       12275000	      1226	80000c6c	00008697	auipc	x13,0x8	 x13=0x80008c68
       12285000	      1227	80000c70	cba68693	addi	x13,x13,-838	 x13:0x80008c68 x13=0x80008922
       12295000	      1228	80000c74	00008417	auipc	x8,0x8	  x8=0x80008c70
       12305000	      1229	80000c78	c3740413	addi	x8,x8,-969	  x8:0x80008c70  x8=0x800088a7
       12315000	      1230	80000c7c	017424a3	sw	x23,9(x8)	  x8:0x800088a7 x23:0x00000001 PA:0x800088b0
       12325000	      1231	80000c80	fc968223	sb	x9,-60(x13)	 x13:0x80008922  x9:0x00000000 PA:0x800088e6
       12335000	      1232	80000c84	0176c983	lbu	x19,23(x13)	 x13:0x80008922 x19=0x00000000 PA:0x80008939
       12345000	      1233	80000c88	00008e97	auipc	x29,0x8	 x29=0x80008c84
       12355000	      1234	80000c8c	e0ae8e93	addi	x29,x29,-502	 x29:0x80008c84 x29=0x80008a8e
       12365000	      1235	80000c90	003685a3	sb	x3,11(x13)	 x13:0x80008922  x3:0x00000000 PA:0x8000892d
       12375000	      1236	80000c94	f31f1c03	lh	x24,-207(x30)	 x30:0x80008e77 x24=0x00004c00 PA:0x80008da8
       12385000	      1237	80000c98	a66f4503	lbu	x10,-1434(x30)	 x30:0x80008e77 x10=0x00000000 PA:0x800088dd
       12395000	      1238	80000c9c	ffcec983	lbu	x19,-4(x29)	 x29:0x80008a8e x19=0x00000000 PA:0x80008a8a
       12405000	      1239	00000000	00000013	addi	x0,x0,0	  x0:0x00000000
       12415000	      1240	80000ca0	b53f4383	lbu	x7,-1197(x30)	 x30:0x80008e77  x7=0x00000000 PA:0x800089ca
       12425000	      1241	80000ca4	fe6ea083	lw	x1,-26(x29)	 x29:0x80008a8e  x1=0xf5000000 PA:0x80008a74
       12435000	      1242	80000ca8	ff068223	sb	x16,-28(x13)	 x13:0x80008922 x16:0x0000007f PA:0x80008906
       12445000	      1243	80000cac	003ec183	lbu	x3,3(x29)	 x29:0x80008a8e  x3=0x00000000 PA:0x80008a91
       12455000	      1244	80000cb0	fd06a123	sw	x16,-62(x13)	 x13:0x80008922 x16:0x0000007f PA:0x800088e4
       12465000	      1245	80000cb4	fe1eab23	sw	x1,-10(x29)	 x29:0x80008a8e  x1:0xf5000000 PA:0x80008a84
       12475000	      1246	80000cb8	ca2f4103	lbu	x2,-862(x30)	 x30:0x80008e77  x2=0x00000000 PA:0x80008b19
       12485000	      1247	80000cbc	fd1e8383	lb	x7,-47(x29)	 x29:0x80008a8e  x7=0x00000000 PA:0x80008a5f
       12495000	      1248	80000cc0	02b68da3	sb	x11,59(x13)	 x13:0x80008922 x11:0x00000000 PA:0x8000895d
       12505000	      1249	80000cc4	008e8c83	lb	x25,8(x29)	 x29:0x80008a8e x25=0x00000000 PA:0x80008a96
       12515000	      1250	80000cc8	fe8f4903	lbu	x18,-24(x30)	 x30:0x80008e77 x18=0x00000000 PA:0x80008e5f
       12525000	      1251	80000ccc	0106dd03	lhu	x26,16(x13)	 x13:0x80008922 x26=0x00000000 PA:0x80008932
       12535000	      1252	80000cd0	039ec283	lbu	x5,57(x29)	 x29:0x80008a8e  x5=0x00000056 PA:0x80008ac7
       12545000	      1253	80000cd4	ff144b03	lbu	x22,-15(x8)	  x8:0x800088a7 x22=0x00000000 PA:0x80008898
       12555000	      1254	80000cd8	032e85a3	sb	x18,43(x29)	 x29:0x80008a8e x18:0x00000000 PA:0x80008ab9
       12565000	      1255	80000cdc	0adf0083	lb	x1,173(x30)	 x30:0x80008e77  x1=0x00000000 PA:0x80008f24
       12575000	      1256	80000ce0	01640823	sb	x22,16(x8)	  x8:0x800088a7 x22:0x00000000 PA:0x800088b7
       12585000	      1257	80000ce4	02ae9023	sh	x10,32(x29)	 x29:0x80008a8e x10:0x00000000 PA:0x80008aae
       12595000	      1258	80000ce8	ff440083	lb	x1,-12(x8)	  x8:0x800088a7  x1=0x00000000 PA:0x8000889b
       12605000	      1259	80000cec	fc868583	lb	x11,-56(x13)	 x13:0x80008922 x11=0x00000000 PA:0x800088ea
       12615000	      1260	80000cf0	024e87a3	sb	x4,47(x29)	 x29:0x80008a8e  x4:0xe2236ef5 PA:0x80008abd
       12625000	      1261	80000cf4	fef42ea3	sw	x15,-3(x8)	  x8:0x800088a7 x15:0x800088b8 PA:0x800088a4
       12635000	      1262	80000cf8	0026a703	lw	x14,2(x13)	 x13:0x80008922 x14=0x00000000 PA:0x80008924
       12645000	      1263	80000cfc	00945a83	lhu	x21,9(x8)	  x8:0x800088a7 x21=0x00000001 PA:0x800088b0
       12655000	      1264	80000d00	036681a3	sb	x22,35(x13)	 x13:0x80008922 x22:0x00000000 PA:0x80008945
       12665000	      1265	80000d04	03bcc263	blt	x25,x27,80000d28	 x25:0x00000000 x27:0x80009f70
       12675000	      1266	80000d08	006080b3	add	x1,x1,x6	  x1:0x00000000  x6:0xffffff99  x1=0xffffff99
       12685000	      1267	80000d0c	d17fc693	xori	x13,x31,-745	 x31:0xe2236ef5 x13=0x1ddc93e2
       12695000	      1268	80000d10	00166933	or	x18,x12,x1	 x12:0xe2236fff  x1:0xffffff99 x18=0xffffffff
       12705000	      1269	80000d14	00b49413	slli	x8,x9,0xb	  x9:0x00000000  x8=0x00000000
       12715000	      1270	80000d18	00bad693	srli	x13,x21,0xb	 x21:0x00000001 x13=0x00000000
       12725000	      1271	80000d1c	00f6f5b3	and	x11,x13,x15	 x13:0x00000000 x15:0x800088b8 x11=0x00000000
       12735000	      1272	80000d20	01dd09b3	add	x19,x26,x29	 x26:0x00000000 x29:0x80008a8e x19=0x80008a8e
       12745000	      1273	80000d24	00ae47b3	xor	x15,x28,x10	 x28:0x00000000 x10:0x00000000 x15=0x00000000
       12755000	      1274	80000d28	02499063	bne	x19,x4,80000d48	 x19:0x80008a8e  x4:0xe2236ef5
       12765000	      1275	00000000	00000013	addi	x0,x0,0	  x0:0x00000000
       12775000	      1276	80000d44	00000013	addi	x0,x0,0	  x0:0x00000000
       12785000	      1277	80000d48	408c8f33	sub	x30,x25,x8	 x25:0x00000000  x8:0x00000000 x30=0x00000000
       12795000	      1278	80000d4c	ef3c4e37	lui	x28,0xef3c4	 x28=0xef3c4000
       12805000	      1279	80000d50	09204593	xori	x11,x0,146	  x0:0x00000000 x11=0x00000092
       12815000	      1280	80000d54	b23bff13	andi	x30,x23,-1245	 x23:0x00000001 x30=0x00000001
       12825000	      1281	80000d58	008a8eb3	add	x29,x21,x8	 x21:0x00000001  x8:0x00000000 x29=0x00000001
       12835000	      1282	80000d5c	00cfa4b3	slt	x9,x31,x12	 x31:0xe2236ef5 x12:0xe2236fff  x9=0x00000001
       12845000	      1283	80000d60	4033d813	srai	x16,x7,0x3	  x7:0x00000000 x16=0x00000000
       12855000	      1284	80000d64	49df7e93	andi	x29,x30,1181	 x30:0x00000001 x29=0x00000001
       12865000	      1285	80000d68	0050f833	and	x16,x1,x5	  x1:0xffffff99  x5:0x00000056 x16=0x00000010
       12875000	      1286	80000d6c	f8de4a93	xori	x21,x28,-115	 x28:0xef3c4000 x21=0x10c3bf8d
       12885000	      1287	80000d70	0162d463	bge	x5,x22,80000d78	  x5:0x00000056 x22:0x00000000
       12895000	      1288	00000000	00000013	addi	x0,x0,0	  x0:0x00000000
       12905000	      1289	80000d74	00000013	addi	x0,x0,0	  x0:0x00000000
       12915000	      1290	80000d78	00ecbe33	sltu	x28,x25,x14	 x25:0x00000000 x14:0x00000000 x28=0x00000000
       12925000	      1291	80000d7c	01e45813	srli	x16,x8,0x1e	  x8:0x00000000 x16=0x00000000
       12935000	      1292	80000d80	5b868337	lui	x6,0x5b868	  x6=0x5b868000
       12945000	      1293	80000d84	00ce05b3	add	x11,x28,x12	 x28:0x00000000 x12:0xe2236fff x11=0xe2236fff
       12955000	      1294	80000d88	f6013f93	sltiu	x31,x2,-160	  x2:0x00000000 x31=0x00000001
       12965000	      1295	80000d8c	01caeb33	or	x22,x21,x28	 x21:0x10c3bf8d x28:0x00000000 x22=0x10c3bf8d
       12975000	      1296	80000d90	400100b3	sub	x1,x2,x0	  x2:0x00000000  x0:0x00000000  x1=0x00000000
       12985000	      1297	80000d94	17cf7993	andi	x19,x30,380	 x30:0x00000001 x19=0x00000000
       12995000	      1298	80000d98	01bf6833	or	x16,x30,x27	 x30:0x00000001 x27:0x80009f70 x16=0x80009f71
       13005000	      1299	80000d9c	6c38a593	slti	x11,x17,1731	 x17:0xd2b97851 x11=0x00000001
       13015000	      1300	80000da0	019a9313	slli	x6,x21,0x19	 x21:0x10c3bf8d  x6=0x1a000000
       13025000	      1301	80000da4	019b0bb3	add	x23,x22,x25	 x22:0x10c3bf8d x25:0x00000000 x23=0x10c3bf8d
       13035000	      1302	80000da8	01f14eb3	xor	x29,x2,x31	  x2:0x00000000 x31:0x00000001 x29=0x00000001
       13045000	      1303	80000dac	3f610593	addi	x11,x2,1014	  x2:0x00000000 x11=0x000003f6
       13055000	      1304	80000db0	019626b3	slt	x13,x12,x25	 x12:0xe2236fff x25:0x00000000 x13=0x00000001
       13065000	      1305	80000db4	00000013	addi	x0,x0,0	  x0:0x00000000
       13075000	      1306	80000db8	8576f113	andi	x2,x13,-1961	 x13:0x00000001  x2=0x00000001
       13085000	      1307	80000dbc	01acd663	bge	x25,x26,80000dc8	 x25:0x00000000 x26:0x00000000
       13095000	      1308	00000000	00000013	addi	x0,x0,0	  x0:0x00000000
       13105000	      1309	80000dc4	00000013	addi	x0,x0,0	  x0:0x00000000
       13115000	      1310	80000dc8	004a1393	slli	x7,x20,0x4	 x20:0x80009fc4  x7=0x0009fc40
       13125000	      1311	80000dcc	01fd5e63	bge	x26,x31,80000de8	 x26:0x00000000 x31:0x00000001
       13135000	      1312	80000dd0	00000013	addi	x0,x0,0	  x0:0x00000000
       13145000	      1313	80000dd4	ea31c693	xori	x13,x3,-349	  x3:0x00000000 x13=0xfffffea3
       13155000	      1314	80000dd8	02da1a63	bne	x20,x13,80000e0c	 x20:0x80009fc4 x13:0xfffffea3
       13165000	      1315	00000000	00000013	addi	x0,x0,0	  x0:0x00000000
       13175000	      1316	80000e08	00000013	addi	x0,x0,0	  x0:0x00000000
       13185000	      1317	80000e0c	04026663	bltu	x4,x0,80000e58	  x4:0xe2236ef5  x0:0x00000000
       13195000	      1318	80000e10	0104a633	slt	x12,x9,x16	  x9:0x00000001 x16:0x80009f71 x12=0x00000000
       13205000	      1319	80000e14	019993b3	sll	x7,x19,x25	 x19:0x00000000 x25:0x00000000  x7=0x00000000
       13215000	      1320	80000e18	a875ce93	xori	x29,x11,-1401	 x11:0x000003f6 x29=0xfffff971
       13225000	      1321	80000e1c	881aaa93	slti	x21,x21,-1919	 x21:0x10c3bf8d x21=0x00000000
       13235000	      1322	80000e20	327825b7	lui	x11,0x32782	 x11=0x32782000
       13245000	      1323	80000e24	01e44263	blt	x8,x30,80000e28	  x8:0x00000000 x30:0x00000001
       13255000	      1324	00000000	00000013	addi	x0,x0,0	  x0:0x00000000
       13265000	      1325	80000e24	00000013	addi	x0,x0,0	  x0:0x00000000
       13275000	      1326	80000e28	00a8cc63	blt	x17,x10,80000e40	 x17:0xd2b97851 x10:0x00000000
       13285000	      1327	00000000	00000013	addi	x0,x0,0	  x0:0x00000000
       13295000	      1328	80000e3c	00000013	addi	x0,x0,0	  x0:0x00000000
       13305000	      1329	80000e40	89e684b7	lui	x9,0x89e68	  x9=0x89e68000
       13315000	      1330	80000e44	016f4863	blt	x30,x22,80000e54	 x30:0x00000001 x22:0x10c3bf8d
       13325000	      1331	00000000	00000013	addi	x0,x0,0	  x0:0x00000000
       13335000	      1332	80000e50	00000013	addi	x0,x0,0	  x0:0x00000000
       13345000	      1333	80000e54	adc6ae13	slti	x28,x13,-1316	 x13:0xfffffea3 x28=0x00000000
       13355000	      1334	80000e58	01074663	blt	x14,x16,80000e64	 x14:0x00000000 x16:0x80009f71
       13365000	      1335	80000e5c	01113033	sltu	x0,x2,x17	  x2:0x00000001 x17:0xd2b97851
       13375000	      1336	80000e60	41f88833	sub	x16,x17,x31	 x17:0xd2b97851 x31:0x00000001 x16=0xd2b97850
       13385000	      1337	80000e64	00000013	addi	x0,x0,0	  x0:0x00000000
       13395000	      1338	80000e68	0503d863	bge	x7,x16,80000eb8	  x7:0x00000000 x16:0xd2b97850
       13405000	      1339	00000000	00000013	addi	x0,x0,0	  x0:0x00000000
       13415000	      1340	80000eb4	00000013	addi	x0,x0,0	  x0:0x00000000
       13425000	      1341	80000eb8	41175c33	sra	x24,x14,x17	 x14:0x00000000 x17:0xd2b97851 x24=0x00000000
       13435000	      1342	80000ebc	011c1193	slli	x3,x24,0x11	 x24:0x00000000  x3=0x00000000
       13445000	      1343	80000ec0	000eb5b3	sltu	x11,x29,x0	 x29:0xfffff971  x0:0x00000000 x11=0x00000000
       13455000	      1344	80000ec4	008df2b3	and	x5,x27,x8	 x27:0x80009f70  x8:0x00000000  x5=0x00000000
       13465000	      1345	80000ec8	224f6593	ori	x11,x30,548	 x30:0x00000001 x11=0x00000225
       13475000	      1346	80000ecc	2d676093	ori	x1,x14,726	 x14:0x00000000  x1=0x000002d6
       13485000	      1347	80000ed0	00f01193	slli	x3,x0,0xf	  x0:0x00000000  x3=0x00000000
       13495000	      1348	80000ed4	011e8fb3	add	x31,x29,x17	 x29:0xfffff971 x17:0xd2b97851 x31=0xd2b971c2
       13505000	      1349	80000ed8	acc43613	sltiu	x12,x8,-1332	  x8:0x00000000 x12=0x00000001
       13515000	      1350	80000edc	adcb2613	slti	x12,x22,-1316	 x22:0x10c3bf8d x12=0x00000000
       13525000	      1351	80000ee0	00985e63	bge	x16,x9,80000efc	 x16:0xd2b97850  x9:0x89e68000
       13535000	      1352	00000000	00000013	addi	x0,x0,0	  x0:0x00000000
       13545000	      1353	80000ef8	00000013	addi	x0,x0,0	  x0:0x00000000
       13555000	      1354	80000efc	015a61b3	or	x3,x20,x21	 x20:0x80009fc4 x21:0x00000000  x3=0x80009fc4
       13565000	      1355	80000f00	03d2fa63	bgeu	x5,x29,80000f34	  x5:0x00000000 x29:0xfffff971
       13575000	      1356	80000f04	d3b46713	ori	x14,x8,-709	  x8:0x00000000 x14=0xfffffd3b
       13585000	      1357	80000f08	0111da63	bge	x3,x17,80000f1c	  x3:0x80009fc4 x17:0xd2b97851
       13595000	      1358	80000f0c	00675e33	srl	x28,x14,x6	 x14:0xfffffd3b  x6:0x1a000000 x28=0xfffffd3b
       13605000	      1359	80000f10	00000013	addi	x0,x0,0	  x0:0x00000000
       13615000	      1360	80000f14	41455d33	sra	x26,x10,x20	 x10:0x00000000 x20:0x80009fc4 x26=0x00000000
       13625000	      1361	80000f18	010f0433	add	x8,x30,x16	 x30:0x00000001 x16:0xd2b97850  x8=0xd2b97851
       13635000	      1362	80000f1c	021c6a63	bltu	x24,x1,80000f50	 x24:0x00000000  x1:0x000002d6
       13645000	      1363	00000000	00000013	addi	x0,x0,0	  x0:0x00000000
       13655000	      1364	80000f4c	00000013	addi	x0,x0,0	  x0:0x00000000
       13665000	      1365	80000f50	4091dab3	sra	x21,x3,x9	  x3:0x80009fc4  x9:0x89e68000 x21=0x80009fc4
       13675000	      1366	80000f54	5fcdff13	andi	x30,x27,1532	 x27:0x80009f70 x30=0x00000570
       13685000	      1367	80000f58	03199663	bne	x19,x17,80000f84	 x19:0x00000000 x17:0xd2b97851
       13695000	      1368	00000000	00000013	addi	x0,x0,0	  x0:0x00000000
       13705000	      1369	80000f80	00000013	addi	x0,x0,0	  x0:0x00000000
       13715000	      1370	80000f84	011fea63	bltu	x31,x17,80000f98	 x31:0xd2b971c2 x17:0xd2b97851
       13725000	      1371	00000000	00000013	addi	x0,x0,0	  x0:0x00000000
       13735000	      1372	80000f94	00000013	addi	x0,x0,0	  x0:0x00000000
       13745000	      1373	80000f98	01ae2633	slt	x12,x28,x26	 x28:0xfffffd3b x26:0x00000000 x12=0x00000001
       13755000	      1374	80000f9c	008cf663	bgeu	x25,x8,80000fa8	 x25:0x00000000  x8:0xd2b97851
       13765000	      1375	80000fa0	0073c693	xori	x13,x7,7	  x7:0x00000000 x13=0x00000007
       13775000	      1376	80000fa4	03a66663	bltu	x12,x26,80000fd0	 x12:0x00000001 x26:0x00000000
       13785000	      1377	80000fa8	cc1b7d13	andi	x26,x22,-831	 x22:0x10c3bf8d x26=0x10c3bc81
       13795000	      1378	80000fac	40b35c33	sra	x24,x6,x11	  x6:0x1a000000 x11:0x00000225 x24=0x00d00000
       13805000	      1379	80000fb0	0242c463	blt	x5,x4,80000fd8	  x5:0x00000000  x4:0xe2236ef5
       13815000	      1380	80000fb4	017599b3	sll	x19,x11,x23	 x11:0x00000225 x23:0x10c3bf8d x19=0x0044a000
       13825000	      1381	80000fb8	badabc93	sltiu	x25,x21,-1107	 x21:0x80009fc4 x25=0x00000001
       13835000	      1382	80000fbc	0191d2b3	srl	x5,x3,x25	  x3:0x80009fc4 x25:0x00000001  x5=0x40004fe2
       13845000	      1383	80000fc0	00b09993	slli	x19,x1,0xb	  x1:0x000002d6 x19=0x0016b000
       13855000	      1384	80000fc4	04f6d063	bge	x13,x15,80001004	 x13:0x00000007 x15:0x00000000
       13865000	      1385	00000000	00000013	addi	x0,x0,0	  x0:0x00000000
       13875000	      1386	80001000	00000013	addi	x0,x0,0	  x0:0x00000000
       13885000	      1387	80001004	006e1813	slli	x16,x28,0x6	 x28:0xfffffd3b x16=0xffff4ec0
       13895000	      1388	80001008	1f5d8593	addi	x11,x27,501	 x27:0x80009f70 x11=0x8000a165
       13905000	      1389	8000100c	40bb8633	sub	x12,x23,x11	 x23:0x10c3bf8d x11:0x8000a165 x12=0x90c31e28
       13915000	      1390	80001010	0230e463	bltu	x1,x3,80001038	  x1:0x000002d6  x3:0x80009fc4
       13925000	      1391	00000000	00000013	addi	x0,x0,0	  x0:0x00000000
       13935000	      1392	80001034	00000013	addi	x0,x0,0	  x0:0x00000000
       13945000	      1393	80001038	00c66f33	or	x30,x12,x12	 x12:0x90c31e28 x12:0x90c31e28 x30=0x90c31e28
       13955000	      1394	8000103c	00000013	addi	x0,x0,0	  x0:0x00000000
       13965000	      1395	80001040	02b98063	beq	x19,x11,80001060	 x19:0x0016b000 x11:0x8000a165
       13975000	      1396	80001044	7b123b93	sltiu	x23,x4,1969	  x4:0xe2236ef5 x23=0x00000000
       13985000	      1397	80001048	03a2fc63	bgeu	x5,x26,80001080	  x5:0x40004fe2 x26:0x10c3bc81
       13995000	      1398	00000000	00000013	addi	x0,x0,0	  x0:0x00000000
       14005000	      1399	8000107c	00000013	addi	x0,x0,0	  x0:0x00000000
       14015000	      1400	80001080	0082bbb3	sltu	x23,x5,x8	  x5:0x40004fe2  x8:0xd2b97851 x23=0x00000001
       14025000	      1401	80001084	01a24663	blt	x4,x26,80001090	  x4:0xe2236ef5 x26:0x10c3bc81
       14035000	      1402	00000000	00000013	addi	x0,x0,0	  x0:0x00000000
       14045000	      1403	8000108c	00000013	addi	x0,x0,0	  x0:0x00000000
       14055000	      1404	80001090	1ffcb817	auipc	x16,0x1ffcb	 x16=0x9ffcc08c
       14065000	      1405	80001094	40cdd933	sra	x18,x27,x12	 x27:0x80009f70 x12:0x90c31e28 x18=0xff80009f
       14075000	      1406	80001098	41ce0b33	sub	x22,x28,x28	 x28:0xfffffd3b x28:0xfffffd3b x22=0x00000000
       14085000	      1407	8000109c	009e5463	bge	x28,x9,800010a4	 x28:0xfffffd3b  x9:0x89e68000
       14095000	      1408	00000000	00000013	addi	x0,x0,0	  x0:0x00000000
       14105000	      1409	800010a0	00000013	addi	x0,x0,0	  x0:0x00000000
       14115000	      1410	800010a4	034aea63	bltu	x21,x20,800010d8	 x21:0x80009fc4 x20:0x80009fc4
       14125000	      1411	800010a8	0020de13	srli	x28,x1,0x2	  x1:0x000002d6 x28=0x000000b5
       14135000	      1412	800010ac	01891933	sll	x18,x18,x24	 x18:0xff80009f x24:0x00d00000 x18=0xff80009f
       14145000	      1413	800010b0	4263f413	andi	x8,x7,1062	  x7:0x00000000  x8=0x00000000
       14155000	      1414	800010b4	01088033	add	x0,x17,x16	 x17:0xd2b97851 x16:0x9ffcc08c
       14165000	      1415	800010b8	a75f0713	addi	x14,x30,-1419	 x30:0x90c31e28 x14=0x90c3189d
       14175000	      1416	800010bc	5adc4413	xori	x8,x24,1453	 x24:0x00d00000  x8=0x00d005ad
       14185000	      1417	800010c0	41d38f33	sub	x30,x7,x29	  x7:0x00000000 x29:0xfffff971 x30=0x0000068f
       14195000	      1418	800010c4	f9d27a93	andi	x21,x4,-99	  x4:0xe2236ef5 x21=0xe2236e95
       14205000	      1419	800010c8	40ac0cb3	sub	x25,x24,x10	 x24:0x00d00000 x10:0x00000000 x25=0x00d00000
       14215000	      1420	800010cc	402fdeb3	sra	x29,x31,x2	 x31:0xd2b971c2  x2:0x00000001 x29=0xe95cb8e1
       14225000	      1421	800010d0	01e41693	slli	x13,x8,0x1e	  x8:0x00d005ad x13=0x40000000
       14235000	      1422	800010d4	2cd14437	lui	x8,0x2cd14	  x8=0x2cd14000
       14245000	      1423	800010d8	010be833	or	x16,x23,x16	 x23:0x00000001 x16:0x9ffcc08c x16=0x9ffcc08d
       14255000	      1424	800010dc	0187e9b3	or	x19,x15,x24	 x15:0x00000000 x24:0x00d00000 x19=0x00d00000
       14265000	      1425	800010e0	01e401b3	add	x3,x8,x30	  x8:0x2cd14000 x30:0x0000068f  x3=0x2cd1468f
       14275000	      1426	800010e4	0349d263	bge	x19,x20,80001108	 x19:0x00d00000 x20:0x80009fc4
       14285000	      1427	00000000	00000013	addi	x0,x0,0	  x0:0x00000000
       14295000	      1428	80001104	00000013	addi	x0,x0,0	  x0:0x00000000
       14305000	      1429	80001108	004bc9b3	xor	x19,x23,x4	 x23:0x00000001  x4:0xe2236ef5 x19=0xe2236ef4
       14315000	      1430	8000110c	000e4a63	blt	x28,x0,80001120	 x28:0x000000b5  x0:0x00000000
       14325000	      1431	80001110	e8772593	slti	x11,x14,-377	 x14:0x90c3189d x11=0x00000001
       14335000	      1432	80001114	02c1ca63	blt	x3,x12,80001148	  x3:0x2cd1468f x12:0x90c31e28
       14345000	      1433	80001118	017efbb3	and	x23,x29,x23	 x29:0xe95cb8e1 x23:0x00000001 x23=0x00000001
       14355000	      1434	8000111c	01cee8b3	or	x17,x29,x28	 x29:0xe95cb8e1 x28:0x000000b5 x17=0xe95cb8f5
       14365000	      1435	80001120	84852f93	slti	x31,x10,-1976	 x10:0x00000000 x31=0x00000000
       14375000	      1436	80001124	01df9d13	slli	x26,x31,0x1d	 x31:0x00000000 x26=0x00000000
       14385000	      1437	80001128	abfc0313	addi	x6,x24,-1345	 x24:0x00d00000  x6=0x00cffabf
       14395000	      1438	8000112c	5a066693	ori	x13,x12,1440	 x12:0x90c31e28 x13=0x90c31fa8
       14405000	      1439	80001130	007be633	or	x12,x23,x7	 x23:0x00000001  x7:0x00000000 x12=0x00000001
       14415000	      1440	80001134	8c447c13	andi	x24,x8,-1852	  x8:0x2cd14000 x24=0x2cd14000
       14425000	      1441	80001138	01ec1a63	bne	x24,x30,8000114c	 x24:0x2cd14000 x30:0x0000068f
       14435000	      1442	00000000	00000013	addi	x0,x0,0	  x0:0x00000000
       14445000	      1443	80001148	00000013	addi	x0,x0,0	  x0:0x00000000
       14455000	      1444	8000114c	03579a63	bne	x15,x21,80001180	 x15:0x00000000 x21:0xe2236e95
       14465000	      1445	00000000	00000013	addi	x0,x0,0	  x0:0x00000000
       14475000	      1446	8000117c	00000013	addi	x0,x0,0	  x0:0x00000000
       14485000	      1447	80001180	003808b3	add	x17,x16,x3	 x16:0x9ffcc08d  x3:0x2cd1468f x17=0xccce071c
       14495000	      1448	80001184	41d50d33	sub	x26,x10,x29	 x10:0x00000000 x29:0xe95cb8e1 x26=0x16a3471f
       14505000	      1449	80001188	00934e63	blt	x6,x9,800011a4	  x6:0x00cffabf  x9:0x89e68000
       14515000	      1450	8000118c	00b53d33	sltu	x26,x10,x11	 x10:0x00000000 x11:0x00000001 x26=0x00000001
       14525000	      1451	80001190	0190a0b3	slt	x1,x1,x25	  x1:0x000002d6 x25:0x00d00000  x1=0x00000001
       14535000	      1452	80001194	028ef463	bgeu	x29,x8,800011bc	 x29:0xe95cb8e1  x8:0x2cd14000
       14545000	      1453	00000000	00000013	addi	x0,x0,0	  x0:0x00000000
       14555000	      1454	800011b8	00000013	addi	x0,x0,0	  x0:0x00000000
       14565000	      1455	800011bc	02997a63	bgeu	x18,x9,800011f0	 x18:0xff80009f  x9:0x89e68000
       14575000	      1456	00000000	00000013	addi	x0,x0,0	  x0:0x00000000
       14585000	      1457	800011ec	00000013	addi	x0,x0,0	  x0:0x00000000
       14595000	      1458	800011f0	01aa7a63	bgeu	x20,x26,80001204	 x20:0x80009fc4 x26:0x00000001
       14605000	      1459	00000000	00000013	addi	x0,x0,0	  x0:0x00000000
       14615000	      1460	80001200	00000013	addi	x0,x0,0	  x0:0x00000000
       14625000	      1461	80001204	053ee063	bltu	x29,x19,80001244	 x29:0xe95cb8e1 x19:0xe2236ef4
       14635000	      1462	80001208	001001b3	add	x3,x0,x1	  x0:0x00000000  x1:0x00000001  x3=0x00000001
       14645000	      1463	8000120c	04095663	bge	x18,x0,80001258	 x18:0xff80009f  x0:0x00000000
       14655000	      1464	80001210	bfe1ee13	ori	x28,x3,-1026	  x3:0x00000001 x28=0xfffffbff
       14665000	      1465	80001214	65958e13	addi	x28,x11,1625	 x11:0x00000001 x28=0x0000065a
       14675000	      1466	80001218	01c81993	slli	x19,x16,0x1c	 x16:0x9ffcc08d x19=0xd0000000
       14685000	      1467	8000121c	ce294297	auipc	x5,0xce294	  x5=0x4e295218
       14695000	      1468	80001220	00000013	addi	x0,x0,0	  x0:0x00000000
       14705000	      1469	80001224	00000013	addi	x0,x0,0	  x0:0x00000000
       14715000	      1470	80001228	96aee413	ori	x8,x29,-1686	 x29:0xe95cb8e1  x8=0xfffff9eb
       14725000	      1471	8000122c	56f9a993	slti	x19,x19,1391	 x19:0xd0000000 x19=0x00000001
       14735000	      1472	80001230	40215d33	sra	x26,x2,x2	  x2:0x00000001  x2:0x00000001 x26=0x00000000
       14745000	      1473	80001234	01bc41b3	xor	x3,x24,x27	 x24:0x2cd14000 x27:0x80009f70  x3=0xacd1df70
       14755000	      1474	80001238	69ca6113	ori	x2,x20,1692	 x20:0x80009fc4  x2=0x80009fdc
       14765000	      1475	8000123c	00000013	addi	x0,x0,0	  x0:0x00000000
       14775000	      1476	80001240	13ae2793	slti	x15,x28,314	 x28:0x0000065a x15=0x00000000
       14785000	      1477	80001244	fc19cb93	xori	x23,x19,-63	 x19:0x00000001 x23=0xffffffc0
       14795000	      1478	80001248	0127de33	srl	x28,x15,x18	 x15:0x00000000 x18:0xff80009f x28=0x00000000
       14805000	      1479	8000124c	0132bab3	sltu	x21,x5,x19	  x5:0x4e295218 x19:0x00000001 x21=0x00000000
       14815000	      1480	80001250	a982bc97	auipc	x25,0xa982b	 x25=0x2982c24c
       14825000	      1481	80001254	008804b3	add	x9,x16,x8	 x16:0x9ffcc08d  x8:0xfffff9eb  x9=0x9ffcba78
       14835000	      1482	80001258	436dbfb7	lui	x31,0x436db	 x31=0x436db000
       14845000	      1483	8000125c	015d1e63	bne	x26,x21,80001278	 x26:0x00000000 x21:0x00000000
       14855000	      1484	80001260	40ebdf33	sra	x30,x23,x14	 x23:0xffffffc0 x14:0x90c3189d x30=0xffffffff
       14865000	      1485	80001264	033e5663	bge	x28,x19,80001290	 x28:0x00000000 x19:0x00000001
       14875000	      1486	80001268	00e56f13	ori	x30,x10,14	 x10:0x00000000 x30=0x0000000e
       14885000	      1487	8000126c	01c33f33	sltu	x30,x6,x28	  x6:0x00cffabf x28:0x00000000 x30=0x00000000
       14895000	      1488	80001270	40ffdb33	sra	x22,x31,x15	 x31:0x436db000 x15:0x00000000 x22=0x436db000
       14905000	      1489	80001274	407d8333	sub	x6,x27,x7	 x27:0x80009f70  x7:0x00000000  x6=0x80009f70
       14915000	      1490	80001278	0093a433	slt	x8,x7,x9	  x7:0x00000000  x9:0x9ffcba78  x8=0x00000000
       14925000	      1491	8000127c	00cdd893	srli	x17,x27,0xc	 x27:0x80009f70 x17=0x00080009
       14935000	      1492	80001280	409f5f93	srai	x31,x30,0x9	 x30:0x00000000 x31=0x00000000
       14945000	      1493	80001284	2b174e93	xori	x29,x14,689	 x14:0x90c3189d x29=0x90c31a2c
       14955000	      1494	80001288	7e5ed337	lui	x6,0x7e5ed	  x6=0x7e5ed000
       14965000	      1495	8000128c	00c093b3	sll	x7,x1,x12	  x1:0x00000001 x12:0x00000001  x7=0x00000002
       14975000	      1496	80001290	2f818e13	addi	x28,x3,760	  x3:0xacd1df70 x28=0xacd1e268
       14985000	      1497	80001294	40655293	srai	x5,x10,0x6	 x10:0x00000000  x5=0x00000000
       14995000	      1498	80001298	a50bfb13	andi	x22,x23,-1456	 x23:0xffffffc0 x22=0xfffffa40
       15005000	      1499	8000129c	00c02933	slt	x18,x0,x12	  x0:0x00000000 x12:0x00000001 x18=0x00000001
       15015000	      1500	800012a0	97c84713	xori	x14,x16,-1668	 x16:0x9ffcc08d x14=0x600339f1
       15025000	      1501	800012a4	00507b13	andi	x22,x0,5	  x0:0x00000000 x22=0x00000000
       15035000	      1502	800012a8	3a9cb813	sltiu	x16,x25,937	 x25:0x2982c24c x16=0x00000000
       15045000	      1503	800012ac	8d051cb7	lui	x25,0x8d051	 x25=0x8d051000
       15055000	      1504	800012b0	01468833	add	x16,x13,x20	 x13:0x90c31fa8 x20:0x80009fc4 x16=0x10c3bf6c
       15065000	      1505	800012b4	4169de33	sra	x28,x19,x22	 x19:0x00000001 x22:0x00000000 x28=0x00000001
       15075000	      1506	800012b8	010f5993	srli	x19,x30,0x10	 x30:0x00000000 x19=0x00000000
       15085000	      1507	800012bc	408f87b3	sub	x15,x31,x8	 x31:0x00000000  x8:0x00000000 x15=0x00000000
       15095000	      1508	800012c0	0247c063	blt	x15,x4,800012e0	 x15:0x00000000  x4:0xe2236ef5
       15105000	      1509	800012c4	01afdc63	bge	x31,x26,800012dc	 x31:0x00000000 x26:0x00000000
       15115000	      1510	00000000	00000013	addi	x0,x0,0	  x0:0x00000000
       15125000	      1511	800012d8	00000013	addi	x0,x0,0	  x0:0x00000000
       15135000	      1512	800012dc	bb4290b7	lui	x1,0xbb429	  x1=0xbb429000
       15145000	      1513	800012e0	40625b33	sra	x22,x4,x6	  x4:0xe2236ef5  x6:0x7e5ed000 x22=0xe2236ef5
       15155000	      1514	800012e4	87d7bf13	sltiu	x30,x15,-1923	 x15:0x00000000 x30=0x00000001
       15165000	      1515	800012e8	0063b613	sltiu	x12,x7,6	  x7:0x00000002 x12=0x00000001
       15175000	      1516	800012ec	00000013	addi	x0,x0,0	  x0:0x00000000
       15185000	      1517	800012f0	22c78293	addi	x5,x15,556	 x15:0x00000000  x5=0x0000022c
       15195000	      1518	800012f4	41dc8533	sub	x10,x25,x29	 x25:0x8d051000 x29:0x90c31a2c x10=0xfc41f5d4
       15205000	      1519	800012f8	0191fe63	bgeu	x3,x25,80001314	  x3:0xacd1df70 x25:0x8d051000
       15215000	      1520	00000000	00000013	addi	x0,x0,0	  x0:0x00000000
       15225000	      1521	80001310	00000013	addi	x0,x0,0	  x0:0x00000000
       15235000	      1522	80001314	f6713f13	sltiu	x30,x2,-153	  x2:0x80009fdc x30=0x00000001
       15245000	      1523	80001318	00926133	or	x2,x4,x9	  x4:0xe2236ef5  x9:0x9ffcba78  x2=0xfffffefd
       15255000	      1524	8000131c	826be313	ori	x6,x23,-2010	 x23:0xffffffc0  x6=0xffffffe6
       15265000	      1525	80001320	defa4113	xori	x2,x20,-529	 x20:0x80009fc4  x2=0x7fff622b
       15275000	      1526	80001324	2374ba93	sltiu	x21,x9,567	  x9:0x9ffcba78 x21=0x00000000
       15285000	      1527	80001328	80d09337	lui	x6,0x80d09	  x6=0x80d09000
       15295000	      1528	8000132c	0025e263	bltu	x11,x2,80001330	 x11:0x00000001  x2:0x7fff622b
       15305000	      1529	00000000	00000013	addi	x0,x0,0	  x0:0x00000000
       15315000	      1530	8000132c	00000013	addi	x0,x0,0	  x0:0x00000000
       15325000	      1531	80001330	0008d713	srli	x14,x17,0x0	 x17:0x00080009 x14=0x00080009
       15335000	      1532	80001334	01539713	slli	x14,x7,0x15	  x7:0x00000002 x14=0x00400000
       15345000	      1533	80001338	001b9733	sll	x14,x23,x1	 x23:0xffffffc0  x1:0xbb429000 x14=0xffffffc0
       15355000	      1534	8000133c	018f1b33	sll	x22,x30,x24	 x30:0x00000001 x24:0x2cd14000 x22=0x00000001
       15365000	      1535	80001340	0137ca63	blt	x15,x19,80001354	 x15:0x00000000 x19:0x00000000
       15375000	      1536	80001344	7c506593	ori	x11,x0,1989	  x0:0x00000000 x11=0x000007c5
       15385000	      1537	80001348	187b8293	addi	x5,x23,391	 x23:0xffffffc0  x5=0x00000147
       15395000	      1538	8000134c	6a37ea93	ori	x21,x15,1699	 x15:0x00000000 x21=0x000006a3
       15405000	      1539	80001350	00000013	addi	x0,x0,0	  x0:0x00000000
       15415000	      1540	80001354	026c1463	bne	x24,x6,8000137c	 x24:0x2cd14000  x6:0x80d09000
       15425000	      1541	00000000	00000013	addi	x0,x0,0	  x0:0x00000000
       15435000	      1542	80001378	00000013	addi	x0,x0,0	  x0:0x00000000
       15445000	      1543	8000137c	0151e833	or	x16,x3,x21	  x3:0xacd1df70 x21:0x000006a3 x16=0xacd1dff3
       15455000	      1544	80001380	036a9a63	bne	x21,x22,800013b4	 x21:0x000006a3 x22:0x00000001
       15465000	      1545	00000000	00000013	addi	x0,x0,0	  x0:0x00000000
       15475000	      1546	800013b0	00000013	addi	x0,x0,0	  x0:0x00000000
       15485000	      1547	800013b4	5d760493	addi	x9,x12,1495	 x12:0x00000001  x9=0x000005d8
       15495000	      1548	800013b8	02e7ea63	bltu	x15,x14,800013ec	 x15:0x00000000 x14:0xffffffc0
       15505000	      1549	00000000	00000013	addi	x0,x0,0	  x0:0x00000000
       15515000	      1550	800013e8	00000013	addi	x0,x0,0	  x0:0x00000000
       15525000	      1551	800013ec	0284d663	bge	x9,x8,80001418	  x9:0x000005d8  x8:0x00000000
       15535000	      1552	00000000	00000013	addi	x0,x0,0	  x0:0x00000000
       15545000	      1553	80001414	00000013	addi	x0,x0,0	  x0:0x00000000
       15555000	      1554	80001418	01629793	slli	x15,x5,0x16	  x5:0x00000147 x15=0x51c00000
       15565000	      1555	8000141c	04f2d663	bge	x5,x15,80001468	  x5:0x00000147 x15:0x51c00000
       15575000	      1556	80001420	01f786b3	add	x13,x15,x31	 x15:0x51c00000 x31:0x00000000 x13=0x51c00000
       15585000	      1557	80001424	0177c533	xor	x10,x15,x23	 x15:0x51c00000 x23:0xffffffc0 x10=0xae3fffc0
       15595000	      1558	80001428	00b30b33	add	x22,x6,x11	  x6:0x80d09000 x11:0x000007c5 x22=0x80d097c5
       15605000	      1559	8000142c	00cc3d33	sltu	x26,x24,x12	 x24:0x2cd14000 x12:0x00000001 x26=0x00000000
       15615000	      1560	80001430	009cb9b3	sltu	x19,x25,x9	 x25:0x8d051000  x9:0x000005d8 x19=0x00000000
       15625000	      1561	80001434	e1218ab7	lui	x21,0xe1218	 x21=0xe1218000
       15635000	      1562	80001438	01616133	or	x2,x2,x22	  x2:0x7fff622b x22:0x80d097c5  x2=0xfffff7ef
       15645000	      1563	8000143c	407a0533	sub	x10,x20,x7	 x20:0x80009fc4  x7:0x00000002 x10=0x80009fc2
       15655000	      1564	80001440	016fcf33	xor	x30,x31,x22	 x31:0x00000000 x22:0x80d097c5 x30=0x80d097c5
       15665000	      1565	80001444	008eb2b3	sltu	x5,x29,x8	 x29:0x90c31a2c  x8:0x00000000  x5=0x00000000
       15675000	      1566	80001448	00c67663	bgeu	x12,x12,80001454	 x12:0x00000001 x12:0x00000001
       15685000	      1567	00000000	00000013	addi	x0,x0,0	  x0:0x00000000
       15695000	      1568	80001450	00000013	addi	x0,x0,0	  x0:0x00000000
       15705000	      1569	80001454	01c849b3	xor	x19,x16,x28	 x16:0xacd1dff3 x28:0x00000001 x19=0xacd1dff2
       15715000	      1570	80001458	037aea63	bltu	x21,x23,8000148c	 x21:0xe1218000 x23:0xffffffc0
       15725000	      1571	00000000	00000013	addi	x0,x0,0	  x0:0x00000000
       15735000	      1572	80001488	00000013	addi	x0,x0,0	  x0:0x00000000
       15745000	      1573	8000148c	01eadc33	srl	x24,x21,x30	 x21:0xe1218000 x30:0x80d097c5 x24=0x07090c00
       15755000	      1574	80001490	0182b5b3	sltu	x11,x5,x24	  x5:0x00000000 x24:0x07090c00 x11=0x00000001
       15765000	      1575	80001494	002de733	or	x14,x27,x2	 x27:0x80009f70  x2:0xfffff7ef x14=0xffffffff
       15775000	      1576	80001498	016db3b3	sltu	x7,x27,x22	 x27:0x80009f70 x22:0x80d097c5  x7=0x00000001
       15785000	      1577	8000149c	006d9533	sll	x10,x27,x6	 x27:0x80009f70  x6:0x80d09000 x10=0x80009f70
       15795000	      1578	800014a0	03548063	beq	x9,x21,800014c0	  x9:0x000005d8 x21:0xe1218000
       15805000	      1579	800014a4	00fade63	bge	x21,x15,800014c0	 x21:0xe1218000 x15:0x51c00000
       15815000	      1580	800014a8	0106dd13	srli	x26,x13,0x10	 x13:0x51c00000 x26=0x000051c0
       15825000	      1581	800014ac	0126d293	srli	x5,x13,0x12	 x13:0x51c00000  x5=0x00001470
       15835000	      1582	800014b0	00c19863	bne	x3,x12,800014c0	  x3:0xacd1df70 x12:0x00000001
       15845000	      1583	00000000	00000013	addi	x0,x0,0	  x0:0x00000000
       15855000	      1584	800014bc	00000013	addi	x0,x0,0	  x0:0x00000000
       15865000	      1585	800014c0	40035293	srai	x5,x6,0x0	  x6:0x80d09000  x5=0x80d09000
       15875000	      1586	800014c4	00000013	addi	x0,x0,0	  x0:0x00000000
       15885000	      1587	800014c8	004dae03	lw	x28,4(x27)	 x27:0x80009f70 x28=0x80000300 PA:0x80009f74
       15895000	      1588	800014cc	40ef0733	sub	x14,x30,x14	 x30:0x80d097c5 x14:0xffffffff x14=0x80d097c6
       15905000	      1589	800014d0	01539993	slli	x19,x7,0x15	  x7:0x00000001 x19=0x00200000
       15915000	      1590	800014d4	14480413	addi	x8,x16,324	 x16:0xacd1dff3  x8=0xacd1e137
       15925000	      1591	800014d8	00b625b3	slt	x11,x12,x11	 x12:0x00000001 x11:0x00000001 x11=0x00000000
       15935000	      1592	800014dc	014d8d93	addi	x27,x27,20	 x27:0x80009f70 x27=0x80009f84
       15945000	      1593	800014e0	40bbdf13	srai	x30,x23,0xb	 x23:0xffffffc0 x30=0xffffffff
       15955000	      1594	800014e4	007c3eb3	sltu	x29,x24,x7	 x24:0x07090c00  x7:0x00000001 x29=0x00000000
       15965000	      1595	800014e8	000e0b93	addi	x23,x28,0	 x28:0x80000300 x23=0x80000300
       15975000	      1596	800014ec	000b8be7	jalr	x23,x23,0	 x23:0x80000300 x23=0x800014ec
       15985000	      1597	00000000	00000013	addi	x0,x0,0	  x0:0x00000000
       15995000	      1598	80000300	00000013	addi	x0,x0,0	  x0:0x00000000
       16005000	      1599	80000304	01b59633	sll	x12,x11,x27	 x11:0x00000000 x27:0x80009f84 x12=0x00000000
       16015000	      1600	80000308	409080b3	sub	x1,x1,x9	  x1:0xbb429000  x9:0x000005d8  x1=0xbb428a28
       16025000	      1601	8000030c	f9364493	xori	x9,x12,-109	 x12:0x00000000  x9=0xffffff93
       16035000	      1602	80000310	00001197	auipc	x3,0x1	  x3=0x8000130c
       16045000	      1603	80000314	1e018193	addi	x3,x3,480	  x3:0x8000130c  x3=0x800014ec
       16055000	      1604	80000318	01e49493	slli	x9,x9,0x1e	  x9:0xffffff93  x9=0xc0000000
       16065000	      1605	8000031c	d0a18193	addi	x3,x3,-758	  x3:0x800014ec  x3=0x800011f6
       16075000	      1606	80000320	00cd6e33	or	x28,x26,x12	 x26:0x000051c0 x12:0x00000000 x28=0x000051c0
       16085000	      1607	80000324	90b6a593	slti	x11,x13,-1781	 x13:0x51c00000 x11=0x00000000
       16095000	      1608	80000328	00000013	addi	x0,x0,0	  x0:0x00000000
       16105000	      1609	8000032c	00d1d097	auipc	x1,0xd1d	  x1=0x80d1d328
       16115000	      1610	80000330	019caf33	slt	x30,x25,x25	 x25:0x8d051000 x25:0x8d051000 x30=0x00000000
       16125000	      1611	80000334	0055e2b3	or	x5,x11,x5	 x11:0x00000000  x5:0x80d09000  x5=0x80d09000
       16135000	      1612	80000338	2f618e67	jalr	x28,x3,758	  x3:0x800011f6 x28=0x80000338
       16145000	      1613	00000000	00000013	addi	x0,x0,0	  x0:0x00000000
       16155000	      1614	800014ec	00000013	addi	x0,x0,0	  x0:0x00000000
       16165000	      1615	800014f0	d834e493	ori	x9,x9,-637	  x9:0xc0000000  x9=0xfffffd83
       16175000	      1616	800014f4	fc8d8d93	addi	x27,x27,-56	 x27:0x80009f84 x27=0x80009f4c
       16185000	      1617	800014f8	01cda223	sw	x28,4(x27)	 x27:0x80009f4c x28:0x80000338 PA:0x80009f50
       16195000	      1618	800014fc	40bcdd33	sra	x26,x25,x11	 x25:0x8d051000 x11:0x00000000 x26=0x8d051000
       16205000	      1619	80001500	68d56e93	ori	x29,x10,1677	 x10:0x80009f70 x29=0x80009ffd
       16215000	      1620	80001504	616c7a93	andi	x21,x24,1558	 x24:0x07090c00 x21=0x00000400
       16225000	      1621	80001508	00ca6f33	or	x30,x20,x12	 x20:0x80009fc4 x12:0x00000000 x30=0x80009fc4
       16235000	      1622	8000150c	00000013	addi	x0,x0,0	  x0:0x00000000
       16245000	      1623	80001510	00007c97	auipc	x25,0x7	 x25=0x8000850c
       16255000	      1624	80001514	0acc8c93	addi	x25,x25,172	 x25:0x8000850c x25=0x800085b8
       16265000	      1625	80001518	00007897	auipc	x17,0x7	 x17=0x80008514
       16275000	      1626	8000151c	d8788893	addi	x17,x17,-633	 x17:0x80008514 x17=0x8000829b
       16285000	      1627	80001520	090cdc03	lhu	x24,144(x25)	 x25:0x800085b8 x24=0x00000000 PA:0x80008648
       16295000	      1628	80001524	00007d17	auipc	x26,0x7	 x26=0x80008520
       16305000	      1629	80001528	e66d0d13	addi	x26,x26,-410	 x26:0x80008520 x26=0x80008386
       16315000	      1630	8000152c	ff28aea3	sw	x18,-3(x17)	 x17:0x8000829b x18:0x00000001 PA:0x80008298
       16325000	      1631	80001530	0c1d09a3	sb	x1,211(x26)	 x26:0x80008386  x1:0x80d1d328 PA:0x80008459
       16335000	      1632	80001534	00007197	auipc	x3,0x7	  x3=0x80008530
       16345000	      1633	80001538	da618193	addi	x3,x3,-602	  x3:0x80008530  x3=0x800082d6
       16355000	      1634	8000153c	faaca823	sw	x10,-80(x25)	 x25:0x800085b8 x10:0x80009f70 PA:0x80008568
       16365000	      1635	80001540	fe78c983	lbu	x19,-25(x17)	 x17:0x8000829b x19=0x00000000 PA:0x80008282
       16375000	      1636	80001544	f5ad1d23	sh	x26,-166(x26)	 x26:0x80008386 x26:0x80008386 PA:0x800082e0
       16385000	      1637	80001548	fc71c403	lbu	x8,-57(x3)	  x3:0x800082d6  x8=0x00000000 PA:0x8000829d
       16395000	      1638	8000154c	03e18ba3	sb	x30,55(x3)	  x3:0x800082d6 x30:0x80009fc4 PA:0x8000830d
       16405000	      1639	80001550	fa8d0b03	lb	x22,-88(x26)	 x26:0x80008386 x22=0x00000000 PA:0x8000832e
       16415000	      1640	80001554	fd119a23	sh	x17,-44(x3)	  x3:0x800082d6 x17:0x8000829b PA:0x800082aa
       16425000	      1641	80001558	f0dc8ea3	sb	x13,-227(x25)	 x25:0x800085b8 x13:0x51c00000 PA:0x800084d5
       16435000	      1642	8000155c	00f8cf03	lbu	x30,15(x17)	 x17:0x8000829b x30=0x0000009b PA:0x800082aa
       16445000	      1643	80001560	faed0023	sb	x14,-96(x26)	 x26:0x80008386 x14:0x80d097c6 PA:0x80008326
       16455000	      1644	80001564	0d0d0923	sb	x16,210(x26)	 x26:0x80008386 x16:0xacd1dff3 PA:0x80008458
       16465000	      1645	80001568	0d4c9103	lh	x2,212(x25)	 x25:0x800085b8  x2=0x00000000 PA:0x8000868c
       16475000	      1646	8000156c	03b88d23	sb	x27,58(x17)	 x17:0x8000829b x27:0x80009f4c PA:0x800082d5
       16485000	      1647	80001570	f2fd4583	lbu	x11,-209(x26)	 x26:0x80008386 x11=0x00000000 PA:0x800082b5
       16495000	      1648	80001574	fdf1ca83	lbu	x21,-33(x3)	  x3:0x800082d6 x21=0x00000000 PA:0x800082b5
       16505000	      1649	80001578	ff41df83	lhu	x31,-12(x3)	  x3:0x800082d6 x31=0x00000000 PA:0x800082ca
       16515000	      1650	8000157c	f03d0283	lb	x5,-253(x26)	 x26:0x80008386  x5=0x00000000 PA:0x80008289
       16525000	      1651	00000000	00000013	addi	x0,x0,0	  x0:0x00000000
       16535000	      1652	80001580	0051c283	lbu	x5,5(x3)	  x3:0x800082d6  x5=0x00000000 PA:0x800082db
       16545000	      1653	80001584	01e88703	lb	x14,30(x17)	 x17:0x8000829b x14=0x00000000 PA:0x800082b9
       16555000	      1654	80001588	02219503	lh	x10,34(x3)	  x3:0x800082d6 x10=0x00000000 PA:0x800082f8
       16565000	      1655	8000158c	0308c403	lbu	x8,48(x17)	 x17:0x8000829b  x8=0x00000000 PA:0x800082cb
       16575000	      1656	80001590	0108c683	lbu	x13,16(x17)	 x17:0x8000829b x13=0x00000082 PA:0x800082ab
       16585000	      1657	80001594	f65cc983	lbu	x19,-155(x25)	 x25:0x800085b8 x19=0x00000000 PA:0x8000851d
       16595000	      1658	80001598	f10d0e83	lb	x29,-240(x26)	 x26:0x80008386 x29=0x00000000 PA:0x80008296
       16605000	      1659	8000159c	0078c903	lbu	x18,7(x17)	 x17:0x8000829b x18=0x00000000 PA:0x800082a2
       16615000	      1660	800015a0	038d0283	lb	x5,56(x26)	 x26:0x80008386  x5=0x00000000 PA:0x800083be
       16625000	      1661	800015a4	fdfd4903	lbu	x18,-33(x26)	 x26:0x80008386 x18=0x00000000 PA:0x80008365
       16635000	      1662	800015a8	00b184a3	sb	x11,9(x3)	  x3:0x800082d6 x11:0x00000000 PA:0x800082df
       16645000	      1663	800015ac	fce88583	lb	x11,-50(x17)	 x17:0x8000829b x11=0x00000000 PA:0x80008269
       16655000	      1664	800015b0	03c19b03	lh	x22,60(x3)	  x3:0x800082d6 x22=0x00000000 PA:0x80008312
       16665000	      1665	800015b4	00008b97	auipc	x23,0x8	 x23=0x800095b0
       16675000	      1666	800015b8	91bb8b93	addi	x23,x23,-1765	 x23:0x800095b0 x23=0x80008ecb
       16685000	      1667	800015bc	00007197	auipc	x3,0x7	  x3=0x800085b8
       16695000	      1668	800015c0	40e18193	addi	x3,x3,1038	  x3:0x800085b8  x3=0x800089c6
       16705000	      1669	800015c4	039bd683	lhu	x13,57(x23)	 x23:0x80008ecb x13=0x00000000 PA:0x80008f04
       16715000	      1670	800015c8	00007717	auipc	x14,0x7	 x14=0x800085c4
       16725000	      1671	800015cc	5cc70713	addi	x14,x14,1484	 x14:0x800085c4 x14=0x80008b90
       16735000	      1672	800015d0	00007497	auipc	x9,0x7	  x9=0x800085cc
       16745000	      1673	800015d4	7b948493	addi	x9,x9,1977	  x9:0x800085cc  x9=0x80008d85
       16755000	      1674	800015d8	fc9b95a3	sh	x9,-53(x23)	 x23:0x80008ecb  x9:0x80008d85 PA:0x80008e96
       16765000	      1675	800015dc	f0b4c583	lbu	x11,-245(x9)	  x9:0x80008d85 x11=0x00000000 PA:0x80008c90
       16775000	      1676	800015e0	00007097	auipc	x1,0x7	  x1=0x800085dc
       16785000	      1677	800015e4	7e008093	addi	x1,x1,2016	  x1:0x800085dc  x1=0x80008dbc
       16795000	      1678	800015e8	0011c303	lbu	x6,1(x3)	  x3:0x800089c6  x6=0x00000000 PA:0x800089c7
       16805000	      1679	800015ec	e8b70523	sb	x11,-374(x14)	 x14:0x80008b90 x11:0x00000000 PA:0x80008a1a
       16815000	      1680	800015f0	02409b03	lh	x22,36(x1)	  x1:0x80008dbc x22=0x00000000 PA:0x80008de0
       16825000	      1681	00000000	00000013	addi	x0,x0,0	  x0:0x00000000
       16835000	      1682	800015f4	ff61af83	lw	x31,-10(x3)	  x3:0x800089c6 x31=0x00000000 PA:0x800089bc
       16845000	      1683	800015f8	0330cf83	lbu	x31,51(x1)	  x1:0x80008dbc x31=0x00000000 PA:0x80008def
       16855000	      1684	800015fc	00448b23	sb	x4,22(x9)	  x9:0x80008d85  x4:0xe2236ef5 PA:0x80008d9b
       16865000	      1685	80001600	ff0b8fa3	sb	x16,-1(x23)	 x23:0x80008ecb x16:0xacd1dff3 PA:0x80008eca
       16875000	      1686	80001604	06e74c03	lbu	x24,110(x14)	 x14:0x80008b90 x24=0x00000000 PA:0x80008bfe
       16885000	      1687	80001608	02e08883	lb	x17,46(x1)	  x1:0x80008dbc x17=0x00000000 PA:0x80008dea
       16895000	      1688	8000160c	e0b74d03	lbu	x26,-501(x14)	 x14:0x80008b90 x26=0x00000000 PA:0x8000899b
       16905000	      1689	80001610	05f09023	sh	x31,64(x1)	  x1:0x80008dbc x31:0x00000000 PA:0x80008dfc
       16915000	      1690	80001614	ffb189a3	sb	x27,-13(x3)	  x3:0x800089c6 x27:0x80009f4c PA:0x800089b9
       16925000	      1691	80001618	0404ce03	lbu	x28,64(x9)	  x9:0x80008d85 x28=0x00000000 PA:0x80008dc5
       16935000	      1692	8000161c	ffe0dc03	lhu	x24,-2(x1)	  x1:0x80008dbc x24=0x00000000 PA:0x80008dba
       16945000	      1693	80001620	ffa08f83	lb	x31,-6(x1)	  x1:0x80008dbc x31=0x00000000 PA:0x80008db6
       16955000	      1694	80001624	d1974a83	lbu	x21,-743(x14)	 x14:0x80008b90 x21=0x00000000 PA:0x800088a9
       16965000	      1695	80001628	ff8bc403	lbu	x8,-8(x23)	 x23:0x80008ecb  x8=0x00000000 PA:0x80008ec3
       16975000	      1696	8000162c	09f4cf83	lbu	x31,159(x9)	  x9:0x80008d85 x31=0x00000000 PA:0x80008e24
       16985000	      1697	80001630	fde08c83	lb	x25,-34(x1)	  x1:0x80008dbc x25=0x00000000 PA:0x80008d9a
       16995000	      1698	80001634	fff1c283	lbu	x5,-1(x3)	  x3:0x800089c6  x5=0x00000000 PA:0x800089c5
       17005000	      1699	80001638	ff819803	lh	x16,-8(x3)	  x3:0x800089c6 x16=0x00000000 PA:0x800089be
       17015000	      1700	8000163c	fe8188a3	sb	x8,-15(x3)	  x3:0x800089c6  x8:0x00000000 PA:0x800089b7
       17025000	      1701	80001640	019b8023	sb	x25,0(x23)	 x23:0x80008ecb x25:0x00000000 PA:0x80008ecb
       17035000	      1702	80001644	f2748403	lb	x8,-217(x9)	  x9:0x80008d85  x8=0x00000000 PA:0x80008cac
       17045000	      1703	80001648	05e706a3	sb	x30,77(x14)	 x14:0x80008b90 x30:0x0000009b PA:0x80008bdd
       17055000	      1704	8000164c	00a19723	sh	x10,14(x3)	  x3:0x800089c6 x10:0x00000000 PA:0x800089d4
       17065000	      1705	80001650	f4471c83	lh	x25,-188(x14)	 x14:0x80008b90 x25=0x00000000 PA:0x80008ad4
       17075000	      1706	80001654	00f1c403	lbu	x8,15(x3)	  x3:0x800089c6  x8=0x00000000 PA:0x800089d5
       17085000	      1707	80001658	0c549fa3	sh	x5,223(x9)	  x9:0x80008d85  x5:0x00000000 PA:0x80008e64
       17095000	      1708	8000165c	ffb086a3	sb	x27,-19(x1)	  x1:0x80008dbc x27:0x80009f4c PA:0x80008da9
       17105000	      1709	80001660	f2e74f03	lbu	x30,-210(x14)	 x14:0x80008b90 x30=0x00000000 PA:0x80008abe
       17115000	      1710	80001664	fe00a883	lw	x17,-32(x1)	  x1:0x80008dbc x17=0x00000000 PA:0x80008d9c
       17125000	      1711	80001668	feb09723	sh	x11,-18(x1)	  x1:0x80008dbc x11:0x00000000 PA:0x80008daa
       17135000	      1712	8000166c	fbf48283	lb	x5,-65(x9)	  x9:0x80008d85  x5=0x00000000 PA:0x80008d44
       17145000	      1713	80001670	00007117	auipc	x2,0x7	  x2=0x8000866c
       17155000	      1714	80001674	66a10113	addi	x2,x2,1642	  x2:0x8000866c  x2=0x80008cd6
       17165000	      1715	80001678	f7d10803	lb	x16,-131(x2)	  x2:0x80008cd6 x16=0x00000000 PA:0x80008c53
       17175000	      1716	8000167c	018f0bb3	add	x23,x30,x24	 x30:0x00000000 x24:0x00000000 x23=0x00000000
       17185000	      1717	80001680	00e352b3	srl	x5,x6,x14	  x6:0x00000000 x14:0x80008b90  x5=0x00000000
       17195000	      1718	80001684	02e10223	sb	x14,36(x2)	  x2:0x80008cd6 x14:0x80008b90 PA:0x80008cfa
       17205000	      1719	80001688	407d0cb3	sub	x25,x26,x7	 x26:0x00000000  x7:0x00000001 x25=0xffffffff
       17215000	      1720	8000168c	feb02513	slti	x10,x0,-21	  x0:0x00000000 x10=0x00000000
       17225000	      1721	80001690	07510e23	sb	x21,124(x2)	  x2:0x80008cd6 x21:0x00000000 PA:0x80008d52
       17235000	      1722	80001694	fda103a3	sb	x26,-57(x2)	  x2:0x80008cd6 x26:0x00000000 PA:0x80008c9d
       17245000	      1723	80001698	0f210e83	lb	x29,242(x2)	  x2:0x80008cd6 x29=0x00000000 PA:0x80008dc8
       17255000	      1724	8000169c	006a7eb3	and	x29,x20,x6	 x20:0x80009fc4  x6:0x00000000 x29=0x00000000
       17265000	      1725	800016a0	05510c23	sb	x21,88(x2)	  x2:0x80008cd6 x21:0x00000000 PA:0x80008d2e
       17275000	      1726	800016a4	0062d313	srli	x6,x5,0x6	  x5:0x00000000  x6=0x00000000
       17285000	      1727	800016a8	fd510ca3	sb	x21,-39(x2)	  x2:0x80008cd6 x21:0x00000000 PA:0x80008caf
       17295000	      1728	800016ac	f9210303	lb	x6,-110(x2)	  x2:0x80008cd6  x6=0x00000000 PA:0x80008c68
       17305000	      1729	800016b0	07810823	sb	x24,112(x2)	  x2:0x80008cd6 x24:0x00000000 PA:0x80008d46
       17315000	      1730	800016b4	f29109a3	sb	x9,-205(x2)	  x2:0x80008cd6  x9:0x80008d85 PA:0x80008c09
       17325000	      1731	800016b8	f0310d23	sb	x3,-230(x2)	  x2:0x80008cd6  x3:0x800089c6 PA:0x80008bf0
       17335000	      1732	800016bc	0fe14883	lbu	x17,254(x2)	  x2:0x80008cd6 x17=0x00000000 PA:0x80008dd4
       17345000	      1733	800016c0	fa510883	lb	x17,-91(x2)	  x2:0x80008cd6 x17=0x00000000 PA:0x80008c7b
       17355000	      1734	800016c4	00f33033	sltu	x0,x6,x15	  x6:0x00000000 x15:0x51c00000
       17365000	      1735	800016c8	00000013	addi	x0,x0,0	  x0:0x00000000
       17375000	      1736	800016cc	0ef11c23	sh	x15,248(x2)	  x2:0x80008cd6 x15:0x51c00000 PA:0x80008dce
       17385000	      1737	800016d0	28dca893	slti	x17,x25,653	 x25:0xffffffff x17=0x00000001
       17395000	      1738	800016d4	f3e10503	lb	x10,-194(x2)	  x2:0x80008cd6 x10=0x00000000 PA:0x80008c14
       17405000	      1739	800016d8	09b100a3	sb	x27,129(x2)	  x2:0x80008cd6 x27:0x80009f4c PA:0x80008d57
       17415000	      1740	800016dc	0cb14603	lbu	x12,203(x2)	  x2:0x80008cd6 x12=0x00000000 PA:0x80008da1
       17425000	      1741	800016e0	f4411783	lh	x15,-188(x2)	  x2:0x80008cd6 x15=0x00000000 PA:0x80008c1a
       17435000	      1742	800016e4	0132d513	srli	x10,x5,0x13	  x5:0x00000000 x10=0x00000000
       17445000	      1743	800016e8	03312d23	sw	x19,58(x2)	  x2:0x80008cd6 x19:0x00000000 PA:0x80008d10
       17455000	      1744	800016ec	fd810c83	lb	x25,-40(x2)	  x2:0x80008cd6 x25=0x00000000 PA:0x80008cae
       17465000	      1745	00000000	00000013	addi	x0,x0,0	  x0:0x00000000
       17475000	      1746	800016f0	418cd993	srai	x19,x25,0x18	 x25:0x00000000 x19=0x00000000
       17485000	      1747	800016f4	f6612483	lw	x9,-154(x2)	  x2:0x80008cd6  x9=0x00000000 PA:0x80008c3c
       17495000	      1748	800016f8	0b610a23	sb	x22,180(x2)	  x2:0x80008cd6 x22:0x00000000 PA:0x80008d8a
       17505000	      1749	800016fc	0ad14803	lbu	x16,173(x2)	  x2:0x80008cd6 x16=0x00000000 PA:0x80008d83
       17515000	      1750	80001700	305a8413	addi	x8,x21,773	 x21:0x00000000  x8=0x00000305
       17525000	      1751	80001704	00411383	lh	x7,4(x2)	  x2:0x80008cd6  x7=0x00000000 PA:0x80008cda
       17535000	      1752	80001708	0058f833	and	x16,x17,x5	 x17:0x00000001  x5:0x00000000 x16=0x00000000
       17545000	      1753	8000170c	08914983	lbu	x19,137(x2)	  x2:0x80008cd6 x19=0x000000e2 PA:0x80008d5f
       17555000	      1754	80001710	00808cb3	add	x25,x1,x8	  x1:0x80008dbc  x8:0x00000305 x25=0x800090c1
       17565000	      1755	80001714	fd111a23	sh	x17,-44(x2)	  x2:0x80008cd6 x17:0x00000001 PA:0x80008caa
       17575000	      1756	80001718	00007417	auipc	x8,0x7	  x8=0x80008714
       17585000	      1757	8000171c	19140413	addi	x8,x8,401	  x8:0x80008714  x8=0x800088a5
       17595000	      1758	80001720	2e244483	lbu	x9,738(x8)	  x8:0x800088a5  x9=0x00000000 PA:0x80008b87
       17605000	      1759	80001724	2e240303	lb	x6,738(x8)	  x8:0x800088a5  x6=0x00000000 PA:0x80008b87
       17615000	      1760	80001728	2f540123	sb	x21,738(x8)	  x8:0x800088a5 x21:0x00000000 PA:0x80008b87
       17625000	      1761	8000172c	2e244b03	lbu	x22,738(x8)	  x8:0x800088a5 x22=0x00000000 PA:0x80008b87
       17635000	      1762	80001730	2e240f83	lb	x31,738(x8)	  x8:0x800088a5 x31=0x00000000 PA:0x80008b87
       17645000	      1763	80001734	4f541c83	lh	x25,1269(x8)	  x8:0x800088a5 x25=0xfffff500 PA:0x80008d9a
       17655000	      1764	80001738	01420b33	add	x22,x4,x20	  x4:0xe2236ef5 x20:0x80009fc4 x22=0x62240eb9
       17665000	      1765	8000173c	4f140aa3	sb	x17,1269(x8)	  x8:0x800088a5 x17:0x00000001 PA:0x80008d9a
       17675000	      1766	80001740	4fc40aa3	sb	x28,1269(x8)	  x8:0x800088a5 x28:0x00000000 PA:0x80008d9a
       17685000	      1767	80001744	64844103	lbu	x2,1608(x8)	  x8:0x800088a5  x2=0x00000000 PA:0x80008eed
       17695000	      1768	80001748	64844e83	lbu	x29,1608(x8)	  x8:0x800088a5 x29=0x00000000 PA:0x80008eed
       17705000	      1769	8000174c	57a44b83	lbu	x23,1402(x8)	  x8:0x800088a5 x23=0x00000000 PA:0x80008e1f
       17715000	      1770	80001750	06642ba3	sw	x6,119(x8)	  x8:0x800088a5  x6:0x00000000 PA:0x8000891c
       17725000	      1771	80001754	24e40503	lb	x10,590(x8)	  x8:0x800088a5 x10=0x00000000 PA:0x80008af3
       17735000	      1772	80001758	2ad44503	lbu	x10,685(x8)	  x8:0x800088a5 x10=0x00000000 PA:0x80008b52
       17745000	      1773	00000000	00000013	addi	x0,x0,0	  x0:0x00000000
       17755000	      1774	8000175c	2ea40c23	sb	x10,760(x8)	  x8:0x800088a5 x10:0x00000000 PA:0x80008b9d
       17765000	      1775	80001760	2f844503	lbu	x10,760(x8)	  x8:0x800088a5 x10=0x00000000 PA:0x80008b9d
       17775000	      1776	80001764	6ac40c23	sb	x12,1720(x8)	  x8:0x800088a5 x12:0x00000000 PA:0x80008f5d
       17785000	      1777	80001768	6b840003	lb	x0,1720(x8)	  x8:0x800088a5 PA:0x80008f5d
       17795000	      1778	8000176c	34d40283	lb	x5,845(x8)	  x8:0x800088a5  x5=0x00000000 PA:0x80008bf2
       17805000	      1779	80001770	00007697	auipc	x13,0x7	 x13=0x8000876c
       17815000	      1780	80001774	69b68693	addi	x13,x13,1691	 x13:0x8000876c x13=0x80008e07
       17825000	      1781	80001778	00007197	auipc	x3,0x7	  x3=0x80008774
       17835000	      1782	8000177c	6e218193	addi	x3,x3,1762	  x3:0x80008774  x3=0x80008e56
       17845000	      1783	80001780	00007c17	auipc	x24,0x7	 x24=0x8000877c
       17855000	      1784	80001784	417c0c13	addi	x24,x24,1047	 x24:0x8000877c x24=0x80008b93
       17865000	      1785	80001788	18b1c583	lbu	x11,395(x3)	  x3:0x80008e56 x11=0x00000000 PA:0x80008fe1
       17875000	      1786	8000178c	00007797	auipc	x15,0x7	 x15=0x80008788
       17885000	      1787	80001790	5ad78793	addi	x15,x15,1453	 x15:0x80008788 x15=0x80008d35
       17895000	      1788	80001794	fc96da83	lhu	x21,-55(x13)	 x13:0x80008e07 x21=0x00000000 PA:0x80008dd0
       17905000	      1789	80001798	01a78f23	sb	x26,30(x15)	 x15:0x80008d35 x26:0x00000000 PA:0x80008d53
       17915000	      1790	8000179c	ffb69303	lh	x6,-5(x13)	 x13:0x80008e07  x6=0x00000000 PA:0x80008e02
       17925000	      1791	800017a0	eebc4983	lbu	x19,-277(x24)	 x24:0x80008b93 x19=0x00000000 PA:0x80008a7e
       17935000	      1792	800017a4	01f79fa3	sh	x31,31(x15)	 x15:0x80008d35 x31:0x00000000 PA:0x80008d54
       17945000	      1793	800017a8	0136d983	lhu	x19,19(x13)	 x13:0x80008e07 x19=0x00000000 PA:0x80008e1a
       17955000	      1794	800017ac	a9818503	lb	x10,-1384(x3)	  x3:0x80008e56 x10=0x00000000 PA:0x800088ee
       17965000	      1795	800017b0	ffe78803	lb	x16,-2(x15)	 x15:0x80008d35 x16=0x00000000 PA:0x80008d33
       17975000	      1796	800017b4	ed319e23	sh	x19,-292(x3)	  x3:0x80008e56 x19:0x00000000 PA:0x80008d32
       17985000	      1797	800017b8	30ac4303	lbu	x6,778(x24)	 x24:0x80008b93  x6=0x00000000 PA:0x80008e9d
       17995000	      1798	800017bc	01778023	sb	x23,0(x15)	 x15:0x80008d35 x23:0x00000000 PA:0x80008d35
       18005000	      1799	800017c0	0247a3a3	sw	x4,39(x15)	 x15:0x80008d35  x4:0xe2236ef5 PA:0x80008d5c
       18015000	      1800	800017c4	00007b17	auipc	x22,0x7	 x22=0x800087c0
       18025000	      1801	800017c8	4feb0b13	addi	x22,x22,1278	 x22:0x800087c0 x22=0x80008cbe
       18035000	      1802	800017cc	03fb4e03	lbu	x28,63(x22)	 x22:0x80008cbe x28=0x00000000 PA:0x80008cfd
       18045000	      1803	800017d0	f23c0a23	sb	x3,-204(x24)	 x24:0x80008b93  x3:0x80008e56 PA:0x80008ac7
       18055000	      1804	800017d4	134c4a83	lbu	x21,308(x24)	 x24:0x80008b93 x21=0x00000000 PA:0x80008cc7
       18065000	      1805	800017d8	02e68403	lb	x8,46(x13)	 x13:0x80008e07  x8=0x00000000 PA:0x80008e35
       18075000	      1806	800017dc	01768483	lb	x9,23(x13)	 x13:0x80008e07  x9=0x00000000 PA:0x80008e1e
       18085000	      1807	800017e0	fb4b4703	lbu	x14,-76(x22)	 x22:0x80008cbe x14=0x00000000 PA:0x80008c72
       18095000	      1808	800017e4	d281d283	lhu	x5,-728(x3)	  x3:0x80008e56  x5=0x00000000 PA:0x80008b7e
       18105000	      1809	800017e8	02379e83	lh	x29,35(x15)	 x15:0x80008d35 x29=0x00000000 PA:0x80008d58
       18115000	      1810	800017ec	fdb6c383	lbu	x7,-37(x13)	 x13:0x80008e07  x7=0x00000000 PA:0x80008de2
       18125000	      1811	800017f0	ffe18d03	lb	x26,-2(x3)	  x3:0x80008e56 x26=0x00000000 PA:0x80008e54
       18135000	      1812	800017f4	ff7789a3	sb	x23,-13(x15)	 x15:0x80008d35 x23:0x00000000 PA:0x80008d28
       18145000	      1813	800017f8	04619023	sh	x6,64(x3)	  x3:0x80008e56  x6:0x00000000 PA:0x80008e96
       18155000	      1814	800017fc	ffa78003	lb	x0,-6(x15)	 x15:0x80008d35 PA:0x80008d2f
       18165000	      1815	80001800	05bb4f83	lbu	x31,91(x22)	 x22:0x80008cbe x31=0x00000000 PA:0x80008d19
       18175000	      1816	80001804	2fac0103	lb	x2,762(x24)	 x24:0x80008b93  x2=0x00000000 PA:0x80008e8d
       18185000	      1817	80001808	04078003	lb	x0,64(x15)	 x15:0x80008d35 PA:0x80008d75
       18195000	      1818	8000180c	e57b4583	lbu	x11,-425(x22)	 x22:0x80008cbe x11=0x00000000 PA:0x80008b15
       18205000	      1819	80001810	fcc6cf03	lbu	x30,-52(x13)	 x13:0x80008e07 x30=0x00000000 PA:0x80008dd3
       18215000	      1820	00000000	00000013	addi	x0,x0,0	  x0:0x00000000
       18225000	      1821	80001814	9de18d23	sb	x30,-1574(x3)	  x3:0x80008e56 x30:0x00000000 PA:0x80008830
       18235000	      1822	80001818	f03c0f23	sb	x3,-226(x24)	 x24:0x80008b93  x3:0x80008e56 PA:0x80008ab1
       18245000	      1823	8000181c	02bc0aa3	sb	x11,53(x24)	 x24:0x80008b93 x11:0x00000000 PA:0x80008bc8
       18255000	      1824	80001820	00968823	sb	x9,16(x13)	 x13:0x80008e07  x9:0x00000000 PA:0x80008e17
       18265000	      1825	80001824	2acb5403	lhu	x8,684(x22)	 x22:0x80008cbe  x8=0x00000000 PA:0x80008f6a
       18275000	      1826	80001828	03a78003	lb	x0,58(x15)	 x15:0x80008d35 PA:0x80008d6f
       18285000	      1827	8000182c	07bb4003	lbu	x0,123(x22)	 x22:0x80008cbe PA:0x80008d39
       18295000	      1828	80001830	f2619f03	lh	x30,-218(x3)	  x3:0x80008e56 x30=0x00000000 PA:0x80008d7c
       18305000	      1829	80001834	d18180a3	sb	x24,-767(x3)	  x3:0x80008e56 x24:0x80008b93 PA:0x80008b57
       18315000	      1830	80001838	fbbb1423	sh	x27,-88(x22)	 x22:0x80008cbe x27:0x80009f4c PA:0x80008c66
       18325000	      1831	8000183c	01a68aa3	sb	x26,21(x13)	 x13:0x80008e07 x26:0x00000000 PA:0x80008e1c
       18335000	      1832	80001840	00007117	auipc	x2,0x7	  x2=0x8000883c
       18345000	      1833	80001844	8f410113	addi	x2,x2,-1804	  x2:0x8000883c  x2=0x80008130
       18355000	      1834	80001848	01410803	lb	x16,20(x2)	  x2:0x80008130 x16=0x00000000 PA:0x80008144
       18365000	      1835	8000184c	03114483	lbu	x9,49(x2)	  x2:0x80008130  x9=0x00000000 PA:0x80008161
       18375000	      1836	80001850	fe314383	lbu	x7,-29(x2)	  x2:0x80008130  x7=0x00000000 PA:0x80008113
       18385000	      1837	80001854	fe314403	lbu	x8,-29(x2)	  x2:0x80008130  x8=0x00000000 PA:0x80008113
       18395000	      1838	80001858	fcd10f83	lb	x31,-51(x2)	  x2:0x80008130 x31=0x00000000 PA:0x800080fd
       18405000	      1839	8000185c	fcf10e23	sb	x15,-36(x2)	  x2:0x80008130 x15:0x80008d35 PA:0x8000810c
       18415000	      1840	80001860	1fc8f493	andi	x9,x17,508	 x17:0x00000001  x9=0x00000000
       18425000	      1841	80001864	fd114b83	lbu	x23,-47(x2)	  x2:0x80008130 x23=0x00000000 PA:0x80008101
       18435000	      1842	80001868	4009d633	sra	x12,x19,x0	 x19:0x00000000  x0:0x00000000 x12=0x00000000
       18445000	      1843	8000186c	401b0433	sub	x8,x22,x1	 x22:0x80008cbe  x1:0x80008dbc  x8=0xffffff02
       18455000	      1844	80001870	6777f2b7	lui	x5,0x6777f	  x5=0x6777f000
       18465000	      1845	80001874	00669d33	sll	x26,x13,x6	 x13:0x80008e07  x6:0x00000000 x26=0x80008e07
       18475000	      1846	80001878	03015b83	lhu	x23,48(x2)	  x2:0x80008130 x23=0x00000000 PA:0x80008160
       18485000	      1847	8000187c	216c7993	andi	x19,x24,534	 x24:0x80008b93 x19=0x00000212
       18495000	      1848	80001880	fd110003	lb	x0,-47(x2)	  x2:0x80008130 PA:0x80008101
       18505000	      1849	80001884	00000013	addi	x0,x0,0	  x0:0x00000000
       18515000	      1850	80001888	fdf14183	lbu	x3,-33(x2)	  x2:0x80008130  x3=0x00000000 PA:0x8000810f
       18525000	      1851	8000188c	ff114d03	lbu	x26,-15(x2)	  x2:0x80008130 x26=0x00000000 PA:0x80008121
       18535000	      1852	80001890	0197fc33	and	x24,x15,x25	 x15:0x80008d35 x25:0xfffff500 x24=0x80008500
       18545000	      1853	80001894	009e6eb3	or	x29,x28,x9	 x28:0x00000000  x9:0x00000000 x29=0x00000000
       18555000	      1854	80001898	03714c83	lbu	x25,55(x2)	  x2:0x80008130 x25=0x000000c7 PA:0x80008167
       18565000	      1855	8000189c	40b5d313	srai	x6,x11,0xb	 x11:0x00000000  x6=0x00000000
       18575000	      1856	800018a0	1bbcef17	auipc	x30,0x1bbce	 x30=0x9bbcf89c
       18585000	      1857	800018a4	ff410123	sb	x20,-30(x2)	  x2:0x80008130 x20:0x80009fc4 PA:0x80008112
       18595000	      1858	800018a8	003df4b3	and	x9,x27,x3	 x27:0x80009f4c  x3:0x00000000  x9=0x00000000
       18605000	      1859	800018ac	ff914e83	lbu	x29,-7(x2)	  x2:0x80008130 x29=0x00000000 PA:0x80008129
       18615000	      1860	800018b0	012dd0b3	srl	x1,x27,x18	 x27:0x80009f4c x18:0x00000000  x1=0x80009f4c
       18625000	      1861	800018b4	fe510da3	sb	x5,-5(x2)	  x2:0x80008130  x5:0x6777f000 PA:0x8000812b
       18635000	      1862	800018b8	00007117	auipc	x2,0x7	  x2=0x800088b4
       18645000	      1863	800018bc	b9310113	addi	x2,x2,-1133	  x2:0x800088b4  x2=0x80008447
       18655000	      1864	800018c0	0bc104a3	sb	x28,169(x2)	  x2:0x80008447 x28:0x00000000 PA:0x800084f0
       18665000	      1865	800018c4	fb210323	sb	x18,-90(x2)	  x2:0x80008447 x18:0x00000000 PA:0x800083ed
       18675000	      1866	800018c8	40845433	sra	x8,x8,x8	  x8:0xffffff02  x8:0xffffff02  x8=0xffffffc0
       18685000	      1867	800018cc	fa610803	lb	x16,-90(x2)	  x2:0x80008447 x16=0x00000000 PA:0x800083ed
       18695000	      1868	800018d0	0fe115a3	sh	x30,235(x2)	  x2:0x80008447 x30:0x9bbcf89c PA:0x80008532
       18705000	      1869	800018d4	ff612ca3	sw	x22,-7(x2)	  x2:0x80008447 x22:0x80008cbe PA:0x80008440
       18715000	      1870	800018d8	ffc10ca3	sb	x28,-7(x2)	  x2:0x80008447 x28:0x00000000 PA:0x80008440
       18725000	      1871	800018dc	009e64b3	or	x9,x28,x9	 x28:0x00000000  x9:0x00000000  x9=0x00000000
       18735000	      1872	800018e0	09e10e83	lb	x29,158(x2)	  x2:0x80008447 x29=0xffffff9c PA:0x800084e5
       18745000	      1873	800018e4	09e10f23	sb	x30,158(x2)	  x2:0x80008447 x30:0x9bbcf89c PA:0x800084e5
       18755000	      1874	800018e8	01277eb3	and	x29,x14,x18	 x14:0x00000000 x18:0x00000000 x29=0x00000000
       18765000	      1875	800018ec	09e10803	lb	x16,158(x2)	  x2:0x80008447 x16=0xffffff9c PA:0x800084e5
       18775000	      1876	800018f0	00f10ea3	sb	x15,29(x2)	  x2:0x80008447 x15:0x80008d35 PA:0x80008464
       18785000	      1877	800018f4	f1b11fa3	sh	x27,-225(x2)	  x2:0x80008447 x27:0x80009f4c PA:0x80008366
       18795000	      1878	800018f8	0136ec33	or	x24,x13,x19	 x13:0x80008e07 x19:0x00000212 x24=0x80008e17
       18805000	      1879	800018fc	f1f15b83	lhu	x23,-225(x2)	  x2:0x80008447 x23=0x00009f4c PA:0x80008366
       18815000	      1880	80001900	f1f14683	lbu	x13,-225(x2)	  x2:0x80008447 x13=0x0000004c PA:0x80008366
       18825000	      1881	80001904	f0910fa3	sb	x9,-225(x2)	  x2:0x80008447  x9:0x00000000 PA:0x80008366
       18835000	      1882	80001908	f1810fa3	sb	x24,-225(x2)	  x2:0x80008447 x24:0x80008e17 PA:0x80008366
       18845000	      1883	8000190c	f0810fa3	sb	x8,-225(x2)	  x2:0x80008447  x8:0xffffffc0 PA:0x80008366
       18855000	      1884	80001910	01e956b3	srl	x13,x18,x30	 x18:0x00000000 x30:0x9bbcf89c x13=0x00000000
       18865000	      1885	80001914	f1f10f83	lb	x31,-225(x2)	  x2:0x80008447 x31=0xffffffc0 PA:0x80008366
       18875000	      1886	80001918	f0a10fa3	sb	x10,-225(x2)	  x2:0x80008447 x10:0x00000000 PA:0x80008366
       18885000	      1887	8000191c	f1410fa3	sb	x20,-225(x2)	  x2:0x80008447 x20:0x80009fc4 PA:0x80008366
       18895000	      1888	80001920	f1f10f03	lb	x30,-225(x2)	  x2:0x80008447 x30=0xffffffc4 PA:0x80008366
       18905000	      1889	80001924	00520bb3	add	x23,x4,x5	  x4:0xe2236ef5  x5:0x6777f000 x23=0x499b5ef5
       18915000	      1890	80001928	93f38193	addi	x3,x7,-1729	  x7:0x00000000  x3=0xfffff93f
       18925000	      1891	8000192c	405dde33	sra	x28,x27,x5	 x27:0x80009f4c  x5:0x6777f000 x28=0x80009f4c
       18935000	      1892	80001930	02136f13	ori	x30,x6,33	  x6:0x00000000 x30=0x00000021
       18945000	      1893	80001934	00cee833	or	x16,x29,x12	 x29:0x00000000 x12:0x00000000 x16=0x00000000
       18955000	      1894	80001938	1d6e6c93	ori	x25,x28,470	 x28:0x80009f4c x25=0x80009fde
       18965000	      1895	8000193c	0db9d463	bge	x19,x27,80001a04	 x19:0x00000212 x27:0x80009f4c
       18975000	      1896	00000000	00000013	addi	x0,x0,0	  x0:0x00000000
       18985000	      1897	80001a00	00000013	addi	x0,x0,0	  x0:0x00000000
       18995000	      1898	80001a04	003522b3	slt	x5,x10,x3	 x10:0x00000000  x3:0xfffff93f  x5=0x00000000
       19005000	      1899	80001a08	0063dc33	srl	x24,x7,x6	  x7:0x00000000  x6:0x00000000 x24=0x00000000
       19015000	      1900	80001a0c	00671693	slli	x13,x14,0x6	 x14:0x00000000 x13=0x00000000
       19025000	      1901	80001a10	ba804917	auipc	x18,0xba804	 x18=0x3a805a0c
       19035000	      1902	80001a14	1303e113	ori	x2,x7,304	  x7:0x00000000  x2=0x00000130
       19045000	      1903	80001a18	41998033	sub	x0,x19,x25	 x19:0x00000212 x25:0x80009fde
       19055000	      1904	80001a1c	00c62933	slt	x18,x12,x12	 x12:0x00000000 x12:0x00000000 x18=0x00000000
       19065000	      1905	80001a20	da318b93	addi	x23,x3,-605	  x3:0xfffff93f x23=0xfffff6e2
       19075000	      1906	80001a24	09044693	xori	x13,x8,144	  x8:0xffffffc0 x13=0xffffff50
       19085000	      1907	80001a28	9da83413	sltiu	x8,x16,-1574	 x16:0x00000000  x8=0x00000001
       19095000	      1908	80001a2c	03797863	bgeu	x18,x23,80001a5c	 x18:0x00000000 x23:0xfffff6e2
       19105000	      1909	80001a30	01fa39b3	sltu	x19,x20,x31	 x20:0x80009fc4 x31:0xffffffc0 x19=0x00000001
       19115000	      1910	80001a34	012ad863	bge	x21,x18,80001a44	 x21:0x00000000 x18:0x00000000
       19125000	      1911	00000000	00000013	addi	x0,x0,0	  x0:0x00000000
       19135000	      1912	80001a40	00000013	addi	x0,x0,0	  x0:0x00000000
       19145000	      1913	80001a44	8901e813	ori	x16,x3,-1904	  x3:0xfffff93f x16=0xfffff9bf
       19155000	      1914	80001a48	01268bb3	add	x23,x13,x18	 x13:0xffffff50 x18:0x00000000 x23=0xffffff50
       19165000	      1915	80001a4c	00b64433	xor	x8,x12,x11	 x12:0x00000000 x11:0x00000000  x8=0x00000000
       19175000	      1916	80001a50	01be4133	xor	x2,x28,x27	 x28:0x80009f4c x27:0x80009f4c  x2=0x00000000
       19185000	      1917	80001a54	01be37b3	sltu	x15,x28,x27	 x28:0x80009f4c x27:0x80009f4c x15=0x00000000
       19195000	      1918	80001a58	01285493	srli	x9,x16,0x12	 x16:0xfffff9bf  x9=0x00003fff
       19205000	      1919	80001a5c	7e519497	auipc	x9,0x7e519	  x9=0xfe51aa58
       19215000	      1920	80001a60	41640d33	sub	x26,x8,x22	  x8:0x00000000 x22:0x80008cbe x26=0x7fff7342
       19225000	      1921	80001a64	01cc4433	xor	x8,x24,x28	 x24:0x00000000 x28:0x80009f4c  x8=0x80009f4c
       19235000	      1922	80001a68	41b65d13	srai	x26,x12,0x1b	 x12:0x00000000 x26=0x00000000
       19245000	      1923	80001a6c	bf973f93	sltiu	x31,x14,-1031	 x14:0x00000000 x31=0x00000001
       19255000	      1924	80001a70	00854f33	xor	x30,x10,x8	 x10:0x00000000  x8:0x80009f4c x30=0x80009f4c
       19265000	      1925	80001a74	46d5eb93	ori	x23,x11,1133	 x11:0x00000000 x23=0x0000046d
       19275000	      1926	80001a78	408ed093	srai	x1,x29,0x8	 x29:0x00000000  x1=0x00000000
       19285000	      1927	80001a7c	f3a43a97	auipc	x21,0xf3a43	 x21=0x73a44a78
       19295000	      1928	80001a80	00dcd4b3	srl	x9,x25,x13	 x25:0x80009fde x13:0xffffff50  x9=0x00008000
       19305000	      1929	80001a84	05c7e663	bltu	x15,x28,80001ad0	 x15:0x00000000 x28:0x80009f4c
       19315000	      1930	00000000	00000013	addi	x0,x0,0	  x0:0x00000000
       19325000	      1931	80001acc	00000013	addi	x0,x0,0	  x0:0x00000000
       19335000	      1932	80001ad0	01dc7733	and	x14,x24,x29	 x24:0x00000000 x29:0x00000000 x14=0x00000000
       19345000	      1933	80001ad4	015ed8b3	srl	x17,x29,x21	 x29:0x00000000 x21:0x73a44a78 x17=0x00000000
       19355000	      1934	80001ad8	027d9863	bne	x27,x7,80001b08	 x27:0x80009f4c  x7:0x00000000
       19365000	      1935	00000000	00000013	addi	x0,x0,0	  x0:0x00000000
       19375000	      1936	80001b04	00000013	addi	x0,x0,0	  x0:0x00000000
       19385000	      1937	80001b08	017610b3	sll	x1,x12,x23	 x12:0x00000000 x23:0x0000046d  x1=0x00000000
       19395000	      1938	80001b0c	000d5113	srli	x2,x26,0x0	 x26:0x00000000  x2=0x00000000
       19405000	      1939	80001b10	012ce333	or	x6,x25,x18	 x25:0x80009fde x18:0x00000000  x6=0x80009fde
       19415000	      1940	80001b14	54ddad13	slti	x26,x27,1357	 x27:0x80009f4c x26=0x00000001
       19425000	      1941	80001b18	01526933	or	x18,x4,x21	  x4:0xe2236ef5 x21:0x73a44a78 x18=0xf3a76efd
       19435000	      1942	80001b1c	9e9af293	andi	x5,x21,-1559	 x21:0x73a44a78  x5=0x73a44868
       19445000	      1943	80001b20	001a84b3	add	x9,x21,x1	 x21:0x73a44a78  x1:0x00000000  x9=0x73a44a78
       19455000	      1944	80001b24	6a72ce13	xori	x28,x5,1703	  x5:0x73a44868 x28=0x73a44ecf
       19465000	      1945	80001b28	01ab0863	beq	x22,x26,80001b38	 x22:0x80008cbe x26:0x00000001
       19475000	      1946	80001b2c	003b79b3	and	x19,x22,x3	 x22:0x80008cbe  x3:0xfffff93f x19=0x8000883e
       19485000	      1947	80001b30	282a4c13	xori	x24,x20,642	 x20:0x80009fc4 x24=0x80009d46
       19495000	      1948	80001b34	955e9e37	lui	x28,0x955e9	 x28=0x955e9000
       19505000	      1949	80001b38	046bd463	bge	x23,x6,80001b80	 x23:0x0000046d  x6:0x80009fde
       19515000	      1950	00000000	00000013	addi	x0,x0,0	  x0:0x00000000
       19525000	      1951	80001b7c	00000013	addi	x0,x0,0	  x0:0x00000000
       19535000	      1952	80001b80	005c71b3	and	x3,x24,x5	 x24:0x80009d46  x5:0x73a44868  x3=0x00000840
       19545000	      1953	80001b84	04c8f263	bgeu	x17,x12,80001bc8	 x17:0x00000000 x12:0x00000000
       19555000	      1954	00000000	00000013	addi	x0,x0,0	  x0:0x00000000
       19565000	      1955	80001bc4	00000013	addi	x0,x0,0	  x0:0x00000000
       19575000	      1956	80001bc8	000fee63	bltu	x31,x0,80001be4	 x31:0x00000001  x0:0x00000000
       19585000	      1957	80001bcc	5978b813	sltiu	x16,x17,1431	 x17:0x00000000 x16=0x00000001
       19595000	      1958	80001bd0	012091b3	sll	x3,x1,x18	  x1:0x00000000 x18:0xf3a76efd  x3=0x00000000
       19605000	      1959	80001bd4	40d68bb3	sub	x23,x13,x13	 x13:0xffffff50 x13:0xffffff50 x23=0x00000000
       19615000	      1960	80001bd8	053c4063	blt	x24,x19,80001c18	 x24:0x80009d46 x19:0x8000883e
       19625000	      1961	80001bdc	03eec463	blt	x29,x30,80001c04	 x29:0x00000000 x30:0x80009f4c
       19635000	      1962	80001be0	012f5593	srli	x11,x30,0x12	 x30:0x80009f4c x11=0x00002000
       19645000	      1963	80001be4	00c0de63	bge	x1,x12,80001c00	  x1:0x00000000 x12:0x00000000
       19655000	      1964	00000000	00000013	addi	x0,x0,0	  x0:0x00000000
       19665000	      1965	80001bfc	00000013	addi	x0,x0,0	  x0:0x00000000
       19675000	      1966	80001c00	8a017b13	andi	x22,x2,-1888	  x2:0x00000000 x22=0x00000000
       19685000	      1967	80001c04	00e08f33	add	x30,x1,x14	  x1:0x00000000 x14:0x00000000 x30=0x00000000
       19695000	      1968	80001c08	0128a133	slt	x2,x17,x18	 x17:0x00000000 x18:0xf3a76efd  x2=0x00000000
       19705000	      1969	80001c0c	6268f793	andi	x15,x17,1574	 x17:0x00000000 x15=0x00000000
       19715000	      1970	80001c10	02cf6a63	bltu	x30,x12,80001c44	 x30:0x00000000 x12:0x00000000
       19725000	      1971	80001c14	d6b7f513	andi	x10,x15,-661	 x15:0x00000000 x10=0x00000000
       19735000	      1972	80001c18	053e1863	bne	x28,x19,80001c68	 x28:0x955e9000 x19:0x8000883e
       19745000	      1973	00000000	00000013	addi	x0,x0,0	  x0:0x00000000
       19755000	      1974	80001c64	00000013	addi	x0,x0,0	  x0:0x00000000
       19765000	      1975	80001c68	93088c13	addi	x24,x17,-1744	 x17:0x00000000 x24=0xfffff930
       19775000	      1976	80001c6c	017daf33	slt	x30,x27,x23	 x27:0x80009f4c x23:0x00000000 x30=0x00000001
       19785000	      1977	80001c70	d2a74113	xori	x2,x14,-726	 x14:0x00000000  x2=0xfffffd2a
       19795000	      1978	80001c74	0120d463	bge	x1,x18,80001c7c	  x1:0x00000000 x18:0xf3a76efd
       19805000	      1979	00000000	00000013	addi	x0,x0,0	  x0:0x00000000
       19815000	      1980	80001c78	00000013	addi	x0,x0,0	  x0:0x00000000
       19825000	      1981	80001c7c	03fa5a63	bge	x20,x31,80001cb0	 x20:0x80009fc4 x31:0x00000001
       19835000	      1982	80001c80	008149b3	xor	x19,x2,x8	  x2:0xfffffd2a  x8:0x80009f4c x19=0x7fff6266
       19845000	      1983	80001c84	0161d613	srli	x12,x3,0x16	  x3:0x00000000 x12=0x00000000
       19855000	      1984	80001c88	bc6a9697	auipc	x13,0xbc6a9	 x13=0x3c6aac84
       19865000	      1985	80001c8c	a94b6e93	ori	x29,x22,-1388	 x22:0x00000000 x29=0xfffffa94
       19875000	      1986	80001c90	12cccc93	xori	x25,x25,300	 x25:0x80009fde x25=0x80009ef2
       19885000	      1987	80001c94	400bd933	sra	x18,x23,x0	 x23:0x00000000  x0:0x00000000 x18=0x00000000
       19895000	      1988	80001c98	4a190793	addi	x15,x18,1185	 x18:0x00000000 x15=0x000004a1
       19905000	      1989	80001c9c	9e100913	addi	x18,x0,-1567	  x0:0x00000000 x18=0xfffff9e1
       19915000	      1990	80001ca0	00784733	xor	x14,x16,x7	 x16:0x00000001  x7:0x00000000 x14=0x00000001
       19925000	      1991	80001ca4	00000013	addi	x0,x0,0	  x0:0x00000000
       19935000	      1992	80001ca8	0fdf6337	lui	x6,0xfdf6	  x6=0x0fdf6000
       19945000	      1993	80001cac	00000013	addi	x0,x0,0	  x0:0x00000000
       19955000	      1994	80001cb0	a83c3013	sltiu	x0,x24,-1405	 x24:0xfffff930
       19965000	      1995	80001cb4	9c2e6f13	ori	x30,x28,-1598	 x28:0x955e9000 x30=0xfffff9c2
       19975000	      1996	80001cb8	0168c463	blt	x17,x22,80001cc0	 x17:0x00000000 x22:0x00000000
       19985000	      1997	80001cbc	7316e013	ori	x0,x13,1841	 x13:0x3c6aac84
       19995000	      1998	80001cc0	1ee00597	auipc	x11,0x1ee00	 x11=0x9ee01cbc
       20005000	      1999	80001cc4	01867fb3	and	x31,x12,x24	 x12:0x00000000 x24:0xfffff930 x31=0x00000000
       20015000	      2000	80001cc8	0471c263	blt	x3,x7,80001d0c	  x3:0x00000000  x7:0x00000000
       20025000	      2001	80001ccc	01d87433	and	x8,x16,x29	 x16:0x00000001 x29:0xfffffa94  x8=0x00000000
       20035000	      2002	80001cd0	01789863	bne	x17,x23,80001ce0	 x17:0x00000000 x23:0x00000000
       20045000	      2003	80001cd4	00f325b3	slt	x11,x6,x15	  x6:0x0fdf6000 x15:0x000004a1 x11=0x00000000
       20055000	      2004	80001cd8	0188acb3	slt	x25,x17,x24	 x17:0x00000000 x24:0xfffff930 x25=0x00000000
       20065000	      2005	80001cdc	0133feb3	and	x29,x7,x19	  x7:0x00000000 x19:0x7fff6266 x29=0x00000000
       20075000	      2006	80001ce0	79d93b93	sltiu	x23,x18,1949	 x18:0xfffff9e1 x23=0x00000000
       20085000	      2007	80001ce4	be187e93	andi	x29,x16,-1055	 x16:0x00000001 x29=0x00000001
       20095000	      2008	80001ce8	dca76893	ori	x17,x14,-566	 x14:0x00000001 x17=0xfffffdcb
       20105000	      2009	80001cec	419d07b3	sub	x15,x26,x25	 x26:0x00000001 x25:0x00000000 x15=0x00000001
       20115000	      2010	80001cf0	0105d593	srli	x11,x11,0x10	 x11:0x00000000 x11=0x00000000
       20125000	      2011	80001cf4	00d7ed33	or	x26,x15,x13	 x15:0x00000001 x13:0x3c6aac84 x26=0x3c6aac85
       20135000	      2012	80001cf8	0078f863	bgeu	x17,x7,80001d08	 x17:0xfffffdcb  x7:0x00000000
       20145000	      2013	00000000	00000013	addi	x0,x0,0	  x0:0x00000000
       20155000	      2014	80001d04	00000013	addi	x0,x0,0	  x0:0x00000000
       20165000	      2015	80001d08	019bfab3	and	x21,x23,x25	 x23:0x00000000 x25:0x00000000 x21=0x00000000
       20175000	      2016	80001d0c	826a1397	auipc	x7,0x826a1	  x7=0x026a2d08
       20185000	      2017	80001d10	2805f393	andi	x7,x11,640	 x11:0x00000000  x7=0x00000000
       20195000	      2018	80001d14	00df72b3	and	x5,x30,x13	 x30:0xfffff9c2 x13:0x3c6aac84  x5=0x3c6aa880
       20205000	      2019	80001d18	004d6cb3	or	x25,x26,x4	 x26:0x3c6aac85  x4:0xe2236ef5 x25=0xfe6beef5
       20215000	      2020	80001d1c	01ddd693	srli	x13,x27,0x1d	 x27:0x80009f4c x13=0x00000004
       20225000	      2021	80001d20	01559f33	sll	x30,x11,x21	 x11:0x00000000 x21:0x00000000 x30=0x00000000
       20235000	      2022	80001d24	b73c4813	xori	x16,x24,-1165	 x24:0xfffff930 x16=0x00000243
       20245000	      2023	80001d28	00000013	addi	x0,x0,0	  x0:0x00000000
       20255000	      2024	80001d2c	41445393	srai	x7,x8,0x14	  x8:0x00000000  x7=0x00000000
       20265000	      2025	80001d30	08666d37	lui	x26,0x8666	 x26=0x08666000
       20275000	      2026	80001d34	40bbd813	srai	x16,x23,0xb	 x23:0x00000000 x16=0x00000000
       20285000	      2027	80001d38	40180ab3	sub	x21,x16,x1	 x16:0x00000000  x1:0x00000000 x21=0x00000000
       20295000	      2028	80001d3c	47994513	xori	x10,x18,1145	 x18:0xfffff9e1 x10=0xfffffd98
       20305000	      2029	80001d40	8b8a3c13	sltiu	x24,x20,-1864	 x20:0x80009fc4 x24=0x00000001
       20315000	      2030	80001d44	f5639f37	lui	x30,0xf5639	 x30=0xf5639000
       20325000	      2031	80001d48	001127b3	slt	x15,x2,x1	  x2:0xfffffd2a  x1:0x00000000 x15=0x00000001
       20335000	      2032	80001d4c	6e4e8ab7	lui	x21,0x6e4e8	 x21=0x6e4e8000
       20345000	      2033	80001d50	03eee263	bltu	x29,x30,80001d74	 x29:0x00000001 x30:0xf5639000
       20355000	      2034	00000000	00000013	addi	x0,x0,0	  x0:0x00000000
       20365000	      2035	80001d70	00000013	addi	x0,x0,0	  x0:0x00000000
       20375000	      2036	80001d74	011b80b3	add	x1,x23,x17	 x23:0x00000000 x17:0xfffffdcb  x1=0xfffffdcb
       20385000	      2037	80001d78	012db8b3	sltu	x17,x27,x18	 x27:0x80009f4c x18:0xfffff9e1 x17=0x00000001
       20395000	      2038	80001d7c	307d2793	slti	x15,x26,775	 x26:0x08666000 x15=0x00000000
       20405000	      2039	80001d80	4ba9be93	sltiu	x29,x19,1210	 x19:0x7fff6266 x29=0x00000000
       20415000	      2040	80001d84	b7f67197	auipc	x3,0xb7f67	  x3=0x37f68d80
       20425000	      2041	80001d88	00519b33	sll	x22,x3,x5	  x3:0x37f68d80  x5:0x3c6aa880 x22=0x37f68d80
       20435000	      2042	80001d8c	00fcf863	bgeu	x25,x15,80001d9c	 x25:0xfe6beef5 x15:0x00000000
       20445000	      2043	00000000	00000013	addi	x0,x0,0	  x0:0x00000000
       20455000	      2044	80001d98	00000013	addi	x0,x0,0	  x0:0x00000000
       20465000	      2045	80001d9c	01a6e2b3	or	x5,x13,x26	 x13:0x00000004 x26:0x08666000  x5=0x08666004
       20475000	      2046	80001da0	406ad813	srai	x16,x21,0x6	 x21:0x6e4e8000 x16=0x01b93a00
       20485000	      2047	80001da4	410153b3	sra	x7,x2,x16	  x2:0xfffffd2a x16:0x01b93a00  x7=0xfffffd2a
       20495000	      2048	80001da8	4d40a993	slti	x19,x1,1236	  x1:0xfffffdcb x19=0x00000001
       20505000	      2049	80001dac	04c39663	bne	x7,x12,80001df8	  x7:0xfffffd2a x12:0x00000000
       20515000	      2050	00000000	00000013	addi	x0,x0,0	  x0:0x00000000
       20525000	      2051	80001df4	00000013	addi	x0,x0,0	  x0:0x00000000
       20535000	      2052	80001df8	e5297913	andi	x18,x18,-430	 x18:0xfffff9e1 x18=0xfffff840
       20545000	      2053	80001dfc	03b5e813	ori	x16,x11,59	 x11:0x00000000 x16=0x0000003b
       20555000	      2054	80001e00	00d460b3	or	x1,x8,x13	  x8:0x00000000 x13:0x00000004  x1=0x00000004
       20565000	      2055	80001e04	000ed693	srli	x13,x29,0x0	 x29:0x00000000 x13=0x00000000
       20575000	      2056	80001e08	022ce663	bltu	x25,x2,80001e34	 x25:0xfe6beef5  x2:0xfffffd2a
       20585000	      2057	00000000	00000013	addi	x0,x0,0	  x0:0x00000000
       20595000	      2058	80001e30	00000013	addi	x0,x0,0	  x0:0x00000000
       20605000	      2059	80001e34	03206e63	bltu	x0,x18,80001e70	  x0:0x00000000 x18:0xfffff840
       20615000	      2060	00000000	00000013	addi	x0,x0,0	  x0:0x00000000
       20625000	      2061	80001e6c	00000013	addi	x0,x0,0	  x0:0x00000000
       20635000	      2062	80001e70	c876c193	xori	x3,x13,-889	 x13:0x00000000  x3=0xfffffc87
       20645000	      2063	80001e74	7d35ff13	andi	x30,x11,2003	 x11:0x00000000 x30=0x00000000
       20655000	      2064	80001e78	16d4b713	sltiu	x14,x9,365	  x9:0x73a44a78 x14=0x00000000
       20665000	      2065	80001e7c	00000013	addi	x0,x0,0	  x0:0x00000000
       20675000	      2066	80001e80	f9bbe6b7	lui	x13,0xf9bbe	 x13=0xf9bbe000
       20685000	      2067	80001e84	017079b3	and	x19,x0,x23	  x0:0x00000000 x23:0x00000000 x19=0x00000000
       20695000	      2068	80001e88	0091de13	srli	x28,x3,0x9	  x3:0xfffffc87 x28=0x007ffffe
       20705000	      2069	80001e8c	418c58b3	sra	x17,x24,x24	 x24:0x00000001 x24:0x00000001 x17=0x00000000
       20715000	      2070	80001e90	0119da93	srli	x21,x19,0x11	 x19:0x00000000 x21=0x00000000
       20725000	      2071	80001e94	00a71333	sll	x6,x14,x10	 x14:0x00000000 x10:0xfffffd98  x6=0x00000000
       20735000	      2072	80001e98	7b2fb993	sltiu	x19,x31,1970	 x31:0x00000000 x19=0x00000001
       20745000	      2073	80001e9c	00000013	addi	x0,x0,0	  x0:0x00000000
       20755000	      2074	80001ea0	00ce73b3	and	x7,x28,x12	 x28:0x007ffffe x12:0x00000000  x7=0x00000000
       20765000	      2075	80001ea4	0026b7b3	sltu	x15,x13,x2	 x13:0xf9bbe000  x2:0xfffffd2a x15=0x00000001
       20775000	      2076	80001ea8	0a207663	bgeu	x0,x2,80001f54	  x0:0x00000000  x2:0xfffffd2a
       20785000	      2077	80001eac	0a020463	beq	x4,x0,80001f54	  x4:0xe2236ef5  x0:0x00000000
       20795000	      2078	80001eb0	00e29c13	slli	x24,x5,0xe	  x5:0x08666004 x24=0x98010000
       20805000	      2079	80001eb4	00155593	srli	x11,x10,0x1	 x10:0xfffffd98 x11=0x7ffffecc
       20815000	      2080	80001eb8	092b0863	beq	x22,x18,80001f48	 x22:0x37f68d80 x18:0xfffff840
       20825000	      2081	80001ebc	00007117	auipc	x2,0x7	  x2=0x80008eb8
       20835000	      2082	80001ec0	ffa10113	addi	x2,x2,-6	  x2:0x80008eb8  x2=0x80008eb2
       20845000	      2083	80001ec4	d7b10e03	lb	x28,-645(x2)	  x2:0x80008eb2 x28=0x00000000 PA:0x80008c2d
       20855000	      2084	80001ec8	d7b10583	lb	x11,-645(x2)	  x2:0x80008eb2 x11=0x00000000 PA:0x80008c2d
       20865000	      2085	80001ecc	d7b10083	lb	x1,-645(x2)	  x2:0x80008eb2  x1=0x00000000 PA:0x80008c2d
       20875000	      2086	80001ed0	d7b10283	lb	x5,-645(x2)	  x2:0x80008eb2  x5=0x00000000 PA:0x80008c2d
       20885000	      2087	80001ed4	d7b10083	lb	x1,-645(x2)	  x2:0x80008eb2  x1=0x00000000 PA:0x80008c2d
       20895000	      2088	80001ed8	0c212b83	lw	x23,194(x2)	  x2:0x80008eb2 x23=0x00000000 PA:0x80008f74
       20905000	      2089	80001edc	0c212503	lw	x10,194(x2)	  x2:0x80008eb2 x10=0x00000000 PA:0x80008f74
       20915000	      2090	80001ee0	0c212c03	lw	x24,194(x2)	  x2:0x80008eb2 x24=0x00000000 PA:0x80008f74
       20925000	      2091	80001ee4	409cd9b3	sra	x19,x25,x9	 x25:0xfe6beef5  x9:0x73a44a78 x19=0xfffffffe
       20935000	      2092	80001ee8	b2110fa3	sb	x1,-1217(x2)	  x2:0x80008eb2  x1:0x00000000 PA:0x800089f1
       20945000	      2093	80001eec	b3f10683	lb	x13,-1217(x2)	  x2:0x80008eb2 x13=0x00000000 PA:0x800089f1
       20955000	      2094	80001ef0	ed410da3	sb	x20,-293(x2)	  x2:0x80008eb2 x20:0x80009fc4 PA:0x80008d8d
       20965000	      2095	80001ef4	01e79c33	sll	x24,x15,x30	 x15:0x00000001 x30:0x00000000 x24=0x00000001
       20975000	      2096	80001ef8	00ce9bb3	sll	x23,x29,x12	 x29:0x00000000 x12:0x00000000 x23=0x00000000
       20985000	      2097	80001efc	edb14303	lbu	x6,-293(x2)	  x2:0x80008eb2  x6=0x000000c4 PA:0x80008d8d
       20995000	      2098	80001f00	015ccbb3	xor	x23,x25,x21	 x25:0xfe6beef5 x21:0x00000000 x23=0xfe6beef5
       21005000	      2099	80001f04	ed710da3	sb	x23,-293(x2)	  x2:0x80008eb2 x23:0xfe6beef5 PA:0x80008d8d
       21015000	      2100	80001f08	ed310da3	sb	x19,-293(x2)	  x2:0x80008eb2 x19:0xfffffffe PA:0x80008d8d
       21025000	      2101	80001f0c	ef510703	lb	x14,-267(x2)	  x2:0x80008eb2 x14=0x00000000 PA:0x80008da7
       21035000	      2102	80001f10	01845033	srl	x0,x8,x24	  x8:0x00000000 x24:0x00000001
       21045000	      2103	80001f14	ef514c03	lbu	x24,-267(x2)	  x2:0x80008eb2 x24=0x00000000 PA:0x80008da7
       21055000	      2104	80001f18	ca114083	lbu	x1,-863(x2)	  x2:0x80008eb2  x1=0x00000000 PA:0x80008b53
       21065000	      2105	80001f1c	40e25513	srai	x10,x4,0xe	  x4:0xe2236ef5 x10=0xffff888d
       21075000	      2106	80001f20	00eaf833	and	x16,x21,x14	 x21:0x00000000 x14:0x00000000 x16=0x00000000
       21085000	      2107	80001f24	db612083	lw	x1,-586(x2)	  x2:0x80008eb2  x1=0x00000000 PA:0x80008c68
       21095000	      2108	80001f28	db615a83	lhu	x21,-586(x2)	  x2:0x80008eb2 x21=0x00000000 PA:0x80008c68
       21105000	      2109	80001f2c	e3814303	lbu	x6,-456(x2)	  x2:0x80008eb2  x6=0x00000000 PA:0x80008cea
       21115000	      2110	80001f30	01fcce63	blt	x25,x31,80001f4c	 x25:0xfe6beef5 x31:0x00000000
       21125000	      2111	00000000	00000013	addi	x0,x0,0	  x0:0x00000000
       21135000	      2112	80001f48	00000013	addi	x0,x0,0	  x0:0x00000000
       21145000	      2113	80001f4c	5745a113	slti	x2,x11,1396	 x11:0x00000000  x2=0x00000001
       21155000	      2114	80001f50	00147263	bgeu	x8,x1,80001f54	  x8:0x00000000  x1:0x00000000
       21165000	      2115	00000000	00000013	addi	x0,x0,0	  x0:0x00000000
       21175000	      2116	80001f50	00000013	addi	x0,x0,0	  x0:0x00000000
       21185000	      2117	80001f54	00000013	addi	x0,x0,0	  x0:0x00000000
       21195000	      2118	80001f58	004dae03	lw	x28,4(x27)	 x27:0x80009f4c x28=0x80000338 PA:0x80009f50
       21205000	      2119	80001f5c	1ee86d13	ori	x26,x16,494	 x16:0x00000000 x26=0x000001ee
       21215000	      2120	80001f60	038d8d93	addi	x27,x27,56	 x27:0x80009f4c x27=0x80009f84
       21225000	      2121	80001f64	015c4533	xor	x10,x24,x21	 x24:0x00000000 x21:0x00000000 x10=0x00000000
       21235000	      2122	80001f68	008646b3	xor	x13,x12,x8	 x12:0x00000000  x8:0x00000000 x13=0x00000000
       21245000	      2123	80001f6c	01ca59b3	srl	x19,x20,x28	 x20:0x80009fc4 x28:0x80000338 x19=0x00000080
       21255000	      2124	80001f70	00000013	addi	x0,x0,0	  x0:0x00000000
       21265000	      2125	80001f74	00000013	addi	x0,x0,0	  x0:0x00000000
       21275000	      2126	80001f78	000e0513	addi	x10,x28,0	 x28:0x80000338 x10=0x80000338
       21285000	      2127	80001f7c	00050567	jalr	x10,x10,0	 x10:0x80000338 x10=0x80001f7c
       21295000	      2128	00000000	00000013	addi	x0,x0,0	  x0:0x00000000
       21305000	      2129	80000338	00000013	addi	x0,x0,0	  x0:0x00000000
       21315000	      2130	8000033c	626c8013	addi	x0,x25,1574	 x25:0xfe6beef5
       21325000	      2131	80000340	02abe463	bltu	x23,x10,80000368	 x23:0xfe6beef5 x10:0x80001f7c
       21335000	      2132	80000344	01a036b3	sltu	x13,x0,x26	  x0:0x00000000 x26:0x000001ee x13=0x00000001
       21345000	      2133	80000348	bece5597	auipc	x11,0xbece5	 x11=0x3ece5344
       21355000	      2134	8000034c	008e5fb3	srl	x31,x28,x8	 x28:0x80000338  x8:0x00000000 x31=0x80000338
       21365000	      2135	80000350	48713893	sltiu	x17,x2,1159	  x2:0x00000001 x17=0x00000001
       21375000	      2136	80000354	8ba5ca93	xori	x21,x11,-1862	 x11:0x3ece5344 x21=0xc131abfe
       21385000	      2137	80000358	4165d533	sra	x10,x11,x22	 x11:0x3ece5344 x22:0x37f68d80 x10=0x3ece5344
       21395000	      2138	8000035c	16851417	auipc	x8,0x16851	  x8=0x96851358
       21405000	      2139	80000360	0270fe63	bgeu	x1,x7,8000039c	  x1:0x00000000  x7:0x00000000
       21415000	      2140	00000000	00000013	addi	x0,x0,0	  x0:0x00000000
       21425000	      2141	80000398	00000013	addi	x0,x0,0	  x0:0x00000000
       21435000	      2142	8000039c	a4630713	addi	x14,x6,-1466	  x6:0x00000000 x14=0xfffffa46
       21445000	      2143	800003a0	00908463	beq	x1,x9,800003a8	  x1:0x00000000  x9:0x73a44a78
       21455000	      2144	800003a4	41845f33	sra	x30,x8,x24	  x8:0x96851358 x24:0x00000000 x30=0x96851358
       21465000	      2145	800003a8	4118dc33	sra	x24,x17,x17	 x17:0x00000001 x17:0x00000001 x24=0x00000000
       21475000	      2146	800003ac	00a8cbb3	xor	x23,x17,x10	 x17:0x00000001 x10:0x3ece5344 x23=0x3ece5345
       21485000	      2147	800003b0	03b80263	beq	x16,x27,800003d4	 x16:0x00000000 x27:0x80009f84
       21495000	      2148	800003b4	2d3cf913	andi	x18,x25,723	 x25:0xfe6beef5 x18=0x000002d1
       21505000	      2149	800003b8	00af90b3	sll	x1,x31,x10	 x31:0x80000338 x10:0x3ece5344  x1=0x00003380
       21515000	      2150	800003bc	00215013	srli	x0,x2,0x2	  x2:0x00000001
       21525000	      2151	800003c0	af4fa8b7	lui	x17,0xaf4fa	 x17=0xaf4fa000
       21535000	      2152	800003c4	01c5ea63	bltu	x11,x28,800003d8	 x11:0x3ece5344 x28:0x80000338
       21545000	      2153	00000000	00000013	addi	x0,x0,0	  x0:0x00000000
       21555000	      2154	800003d4	00000013	addi	x0,x0,0	  x0:0x00000000
       21565000	      2155	800003d8	403551b3	sra	x3,x10,x3	 x10:0x3ece5344  x3:0xfffffc87  x3=0x007d9ca6
       21575000	      2156	800003dc	00000217	auipc	x4,0x0	  x4=0x800003d8
       21585000	      2157	800003e0	00c20213	addi	x4,x4,12	  x4:0x800003d8  x4=0x800003e4
       21595000	      2158	800003e4	00020067	jalr	x0,x4,0	  x4:0x800003e4
       21605000	      2159	00000000	00000013	addi	x0,x0,0	  x0:0x00000000
       21615000	      2160	800003e4	00000013	addi	x0,x0,0	  x0:0x00000000
       21625000	      2161	800003e8	00100193	addi	x3,x0,1	  x0:0x00000000  x3=0x00000001
       21635000	      2162	800003ec	00000073	ecall	
       21645000	      2163	800003f0	0161f663	bgeu	x3,x22,800003fc	  x3:0x00000001 x22:0x37f68d80
