		Time			Cycle	PC		Insn	Decoded instruction	Register and memory contents
          65000	         5	80000004	00000293	addi	x5,x0,0	  x0:0x00000000  x5=0x00000000
          75000	         6	80000008	00000313	addi	x6,x0,0	  x0:0x00000000  x6=0x00000000
          85000	         7	8000000c	00628263	beq	x5,x6,80000010	  x5:0x00000000  x6:0x00000000
          95000	         8	00000000	00000013	addi	x0,x0,0	  x0:0x00000000
         105000	         9	8000000c	00000013	addi	x0,x0,0	  x0:0x00000000
         115000	        10	80000010	00000117	auipc	x2,0x0	  x2=0x8000000c
         125000	        11	80000014	00c10113	addi	x2,x2,12	  x2:0x8000000c  x2=0x80000018
         135000	        12	80000018	00010067	jalr	x0,x2,0	  x2:0x80000018
         145000	        13	00000000	00000013	addi	x0,x0,0	  x0:0x00000000
         155000	        14	80000018	00000013	addi	x0,x0,0	  x0:0x00000000
         165000	        15	8000001c	40000db7	lui	x27,0x40000	 x27=0x40000000
         175000	        16	80000020	100d8d93	addi	x27,x27,256	 x27:0x40000000 x27=0x40000100
         185000	        17	80000024	00000013	addi	x0,x0,0	  x0:0x00000000
         195000	        18	80000028	0000a497	auipc	x9,0xa	  x9=0x8000a024
         205000	        19	8000002c	fa048493	addi	x9,x9,-96	  x9:0x8000a024  x9=0x80009fc4
         215000	        20	80000030	00003d97	auipc	x27,0x3	 x27=0x8000302c
         225000	        21	80000034	8b4d8d93	addi	x27,x27,-1868	 x27:0x8000302c x27=0x800028e0
         235000	        22	80000038	001ded93	ori	x27,x27,1	 x27:0x800028e0 x27=0x800028e1
         245000	        23	8000003c	00000013	addi	x0,x0,0	  x0:0x00000000
         255000	        24	80000040	00000d97	auipc	x27,0x0	 x27=0x8000003c
         265000	        25	80000044	020d8d93	addi	x27,x27,32	 x27:0x8000003c x27=0x8000005c
         275000	        26	80000048	00000013	addi	x0,x0,0	  x0:0x00000000
         285000	        27	8000004c	00000013	addi	x0,x0,0	  x0:0x00000000
         295000	        28	80000050	00002db7	lui	x27,0x2	 x27=0x00002000
         305000	        29	80000054	800d8d93	addi	x27,x27,-2048	 x27:0x00002000 x27=0x00001800
         315000	        30	80000058	00000013	addi	x0,x0,0	  x0:0x00000000
         325000	        31	8000005c	00000013	addi	x0,x0,0	  x0:0x00000000
         335000	        32	80000060	80000037	lui	x0,0x80000	
         345000	        33	80000064	00000013	addi	x0,x0,0	  x0:0x00000000
         355000	        34	80000068	800000b7	lui	x1,0x80000	  x1=0x80000000
         365000	        35	8000006c	f1906137	lui	x2,0xf1906	  x2=0xf1906000
         375000	        36	80000070	c0d10113	addi	x2,x2,-1011	  x2:0xf1906000  x2=0xf1905c0d
         385000	        37	80000074	00000193	addi	x3,x0,0	  x0:0x00000000  x3=0x00000000
         395000	        38	80000078	00000213	addi	x4,x0,0	  x0:0x00000000  x4=0x00000000
         405000	        39	8000007c	e17132b7	lui	x5,0xe1713	  x5=0xe1713000
         415000	        40	80000080	2e928293	addi	x5,x5,745	  x5:0xe1713000  x5=0xe17132e9
         425000	        41	80000084	80000337	lui	x6,0x80000	  x6=0x80000000
         435000	        42	80000088	f7d223b7	lui	x7,0xf7d22	  x7=0xf7d22000
         445000	        43	8000008c	1b838393	addi	x7,x7,440	  x7:0xf7d22000  x7=0xf7d221b8
         455000	        44	80000090	fd42a437	lui	x8,0xfd42a	  x8=0xfd42a000
         465000	        45	80000094	57b40413	addi	x8,x8,1403	  x8:0xfd42a000  x8=0xfd42a57b
         475000	        46	80000098	80000537	lui	x10,0x80000	 x10=0x80000000
         485000	        47	8000009c	800005b7	lui	x11,0x80000	 x11=0x80000000
         495000	        48	800000a0	ff34f6b7	lui	x13,0xff34f	 x13=0xff34f000
         505000	        49	800000a4	0b668693	addi	x13,x13,182	 x13:0xff34f000 x13=0xff34f0b6
         515000	        50	800000a8	00400713	addi	x14,x0,4	  x0:0x00000000 x14=0x00000004
         525000	        51	800000ac	c8f1e7b7	lui	x15,0xc8f1e	 x15=0xc8f1e000
         535000	        52	800000b0	40978793	addi	x15,x15,1033	 x15:0xc8f1e000 x15=0xc8f1e409
         545000	        53	800000b4	00000813	addi	x16,x0,0	  x0:0x00000000 x16=0x00000000
         555000	        54	800000b8	800008b7	lui	x17,0x80000	 x17=0x80000000
         565000	        55	800000bc	72803937	lui	x18,0x72803	 x18=0x72803000
         575000	        56	800000c0	60290913	addi	x18,x18,1538	 x18:0x72803000 x18=0x72803602
         585000	        57	800000c4	800009b7	lui	x19,0x80000	 x19=0x80000000
         595000	        58	800000c8	f9e0ba37	lui	x20,0xf9e0b	 x20=0xf9e0b000
         605000	        59	800000cc	cb3a0a13	addi	x20,x20,-845	 x20:0xf9e0b000 x20=0xf9e0acb3
         615000	        60	800000d0	b0807ab7	lui	x21,0xb0807	 x21=0xb0807000
         625000	        61	800000d4	b32a8a93	addi	x21,x21,-1230	 x21:0xb0807000 x21=0xb0806b32
         635000	        62	800000d8	f0295b37	lui	x22,0xf0295	 x22=0xf0295000
         645000	        63	800000dc	95ab0b13	addi	x22,x22,-1702	 x22:0xf0295000 x22=0xf029495a
         655000	        64	800000e0	00f00b93	addi	x23,x0,15	  x0:0x00000000 x23=0x0000000f
         665000	        65	800000e4	838b7c37	lui	x24,0x838b7	 x24=0x838b7000
         675000	        66	800000e8	d8ec0c13	addi	x24,x24,-626	 x24:0x838b7000 x24=0x838b6d8e
         685000	        67	800000ec	00400c93	addi	x25,x0,4	  x0:0x00000000 x25=0x00000004
         695000	        68	800000f0	fc056d37	lui	x26,0xfc056	 x26=0xfc056000
         705000	        69	800000f4	00cd0d13	addi	x26,x26,12	 x26:0xfc056000 x26=0xfc05600c
         715000	        70	800000f8	f89f8db7	lui	x27,0xf89f8	 x27=0xf89f8000
         725000	        71	800000fc	a0fd8d93	addi	x27,x27,-1521	 x27:0xf89f8000 x27=0xf89f7a0f
         735000	        72	80000100	80000e37	lui	x28,0x80000	 x28=0x80000000
         745000	        73	80000104	f4b02eb7	lui	x29,0xf4b02	 x29=0xf4b02000
         755000	        74	80000108	f22e8e93	addi	x29,x29,-222	 x29:0xf4b02000 x29=0xf4b01f22
         765000	        75	8000010c	00c00f13	addi	x30,x0,12	  x0:0x00000000 x30=0x0000000c
         775000	        76	80000110	fda35fb7	lui	x31,0xfda35	 x31=0xfda35000
         785000	        77	80000114	a37f8f93	addi	x31,x31,-1481	 x31:0xfda35000 x31=0xfda34a37
         795000	        78	80000118	0000a617	auipc	x12,0xa	 x12=0x8000a114
         805000	        79	8000011c	e7060613	addi	x12,x12,-400	 x12:0x8000a114 x12=0x80009f84
         815000	        80	80000120	00009517	auipc	x10,0x9	 x10=0x8000911c
         825000	        81	80000124	deb50513	addi	x10,x10,-533	 x10:0x8000911c x10=0x80008f07
         835000	        82	80000128	bd952a03	lw	x20,-1063(x10)	 x10:0x80008f07 x20=0xc8c9cacb PA:0x80008ae0
         845000	        83	8000012c	bcd50ca3	sb	x13,-1063(x10)	 x10:0x80008f07 x13:0xff34f0b6 PA:0x80008ae0
         855000	        84	80000130	9b654403	lbu	x8,-1610(x10)	 x10:0x80008f07  x8=0x000000a6 PA:0x800088bd
         865000	        85	80000134	9b654f03	lbu	x30,-1610(x10)	 x10:0x80008f07 x30=0x000000a6 PA:0x800088bd
         875000	        86	80000138	9b550b23	sb	x21,-1610(x10)	 x10:0x80008f07 x21:0xb0806b32 PA:0x800088bd
         885000	        87	8000013c	9b654a83	lbu	x21,-1610(x10)	 x10:0x80008f07 x21=0x00000032 PA:0x800088bd
         895000	        88	80000140	d8c54e03	lbu	x28,-628(x10)	 x10:0x80008f07 x28=0x00000078 PA:0x80008c93
         905000	        89	80000144	d8c54903	lbu	x18,-628(x10)	 x10:0x80008f07 x18=0x00000078 PA:0x80008c93
         915000	        90	80000148	fb554f83	lbu	x31,-75(x10)	 x10:0x80008f07 x31=0x000000a7 PA:0x80008ebc
         925000	        91	8000014c	fb554703	lbu	x14,-75(x10)	 x10:0x80008f07 x14=0x000000a7 PA:0x80008ebc
         935000	        92	80000150	fbe50aa3	sb	x30,-75(x10)	 x10:0x80008f07 x30:0x000000a6 PA:0x80008ebc
         945000	        93	80000154	fb851aa3	sh	x24,-75(x10)	 x10:0x80008f07 x24:0x838b6d8e PA:0x80008ebc
         955000	        94	80000158	a7bcfe13	andi	x28,x25,-1413	 x25:0x00000004 x28=0x00000000
         965000	        95	8000015c	fb550803	lb	x16,-75(x10)	 x10:0x80008f07 x16=0xffffff8e PA:0x80008ebc
         975000	        96	80000160	fb551d03	lh	x26,-75(x10)	 x10:0x80008f07 x26=0x00006d8e PA:0x80008ebc
         985000	        97	80000164	fb750aa3	sb	x23,-75(x10)	 x10:0x80008f07 x23:0x0000000f PA:0x80008ebc
         995000	        98	80000168	9a150703	lb	x14,-1631(x10)	 x10:0x80008f07 x14=0xffffff93 PA:0x800088a8
        1005000	        99	8000016c	93854e03	lbu	x28,-1736(x10)	 x10:0x80008f07 x28=0x00000024 PA:0x8000883f
        1015000	       100	80000170	00008c97	auipc	x25,0x8	 x25=0x8000816c
        1025000	       101	80000174	7cec8c93	addi	x25,x25,1998	 x25:0x8000816c x25=0x8000893a
        1035000	       102	80000178	00009517	auipc	x10,0x9	 x10=0x80009174
        1045000	       103	8000017c	89b50513	addi	x10,x10,-1893	 x10:0x80009174 x10=0x80008a0f
        1055000	       104	80000180	008cc303	lbu	x6,8(x25)	 x25:0x8000893a  x6=0x00000029 PA:0x80008942
        1065000	       105	80000184	01cc9423	sh	x28,8(x25)	 x25:0x8000893a x28:0x00000024 PA:0x80008942
        1075000	       106	80000188	00009797	auipc	x15,0x9	 x15=0x80009184
        1085000	       107	8000018c	cd778793	addi	x15,x15,-809	 x15:0x80009184 x15=0x80008e5b
        1095000	       108	80000190	51751b83	lh	x23,1303(x10)	 x10:0x80008a0f x23=0x00000c0d PA:0x80008f26
        1105000	       109	00000000	00000013	addi	x0,x0,0	  x0:0x00000000
        1115000	       110	80000194	4f751ea3	sh	x23,1277(x10)	 x10:0x80008a0f x23:0x00000c0d PA:0x80008f0c
        1125000	       111	80000198	0307cb03	lbu	x22,48(x15)	 x15:0x80008e5b x22=0x00000070 PA:0x80008e8b
        1135000	       112	8000019c	e43510a3	sh	x3,-447(x10)	 x10:0x80008a0f  x3:0x00000000 PA:0x80008850
        1145000	       113	800001a0	009cc703	lbu	x14,9(x25)	 x25:0x8000893a x14=0x00000000 PA:0x80008943
        1155000	       114	00000000	00000013	addi	x0,x0,0	  x0:0x00000000
        1165000	       115	800001a4	fce78a83	lb	x21,-50(x15)	 x15:0x80008e5b x21=0x00000012 PA:0x80008e29
        1175000	       116	800001a8	ff6cda83	lhu	x21,-10(x25)	 x25:0x8000893a x21=0x00001a1b PA:0x80008930
        1185000	       117	800001ac	ff87ce03	lbu	x28,-8(x15)	 x15:0x80008e5b x28=0x00000038 PA:0x80008e53
        1195000	       118	800001b0	fd478a83	lb	x21,-44(x15)	 x15:0x80008e5b x21=0x00000014 PA:0x80008e2f
        1205000	       119	800001b4	00879ca3	sh	x8,25(x15)	 x15:0x80008e5b  x8:0x000000a6 PA:0x80008e74
        1215000	       120	800001b8	00ec9003	lh	x0,14(x25)	 x25:0x8000893a PA:0x80008948
        1225000	       121	800001bc	03e78903	lb	x18,62(x15)	 x15:0x80008e5b x18=0xffffff82 PA:0x80008e99
        1235000	       122	800001c0	331511a3	sh	x17,803(x10)	 x10:0x80008a0f x17:0x80000000 PA:0x80008d32
        1245000	       123	800001c4	006c8123	sb	x6,2(x25)	 x25:0x8000893a  x6:0x00000029 PA:0x8000893c
        1255000	       124	800001c8	00fcce03	lbu	x28,15(x25)	 x25:0x8000893a x28=0x00000032 PA:0x80008949
        1265000	       125	800001cc	fec7c383	lbu	x7,-20(x15)	 x15:0x80008e5b  x7=0x0000002c PA:0x80008e47
        1275000	       126	800001d0	3be54983	lbu	x19,958(x10)	 x10:0x80008a0f x19=0x000000b6 PA:0x80008dcd
        1285000	       127	800001d4	27951283	lh	x5,633(x10)	 x10:0x80008a0f  x5=0x00007273 PA:0x80008c88
        1295000	       128	800001d8	001cc303	lbu	x6,1(x25)	 x25:0x8000893a  x6=0x00000020 PA:0x8000893b
        1305000	       129	800001dc	01c7c903	lbu	x18,28(x15)	 x15:0x80008e5b x18=0x0000005c PA:0x80008e77
        1315000	       130	800001e0	00009a17	auipc	x20,0x9	 x20=0x800091dc
        1325000	       131	800001e4	902a0a13	addi	x20,x20,-1790	 x20:0x800091dc x20=0x80008ade
        1335000	       132	800001e8	4a37bf97	auipc	x31,0x4a37b	 x31=0xca37b1e4
        1345000	       133	800001ec	004a4903	lbu	x18,4(x20)	 x20:0x80008ade x18=0x000000c9 PA:0x80008ae2
        1355000	       134	800001f0	008572b3	and	x5,x10,x8	 x10:0x80008a0f  x8:0x000000a6  x5=0x00000006
        1365000	       135	800001f4	012c8013	addi	x0,x25,18	 x25:0x8000893a
        1375000	       136	800001f8	01481293	slli	x5,x16,0x14	 x16:0xffffff8e  x5=0xf8e00000
        1385000	       137	800001fc	00000013	addi	x0,x0,0	  x0:0x00000000
        1395000	       138	80000200	001dd713	srli	x14,x27,0x1	 x27:0xf89f7a0f x14=0x7c4fbd07
        1405000	       139	80000204	f67a0183	lb	x3,-153(x20)	 x20:0x80008ade  x3=0x0000002e PA:0x80008a45
        1415000	       140	80000208	f9aa5883	lhu	x17,-102(x20)	 x20:0x80008ade x17=0x00006263 PA:0x80008a78
        1425000	       141	8000020c	0e6a4303	lbu	x6,230(x20)	 x20:0x80008ade  x6=0x000000af PA:0x80008bc4
        1435000	       142	80000210	0e4a04a3	sb	x4,233(x20)	 x20:0x80008ade  x4:0x00000000 PA:0x80008bc7
        1445000	       143	80000214	00b8d1b3	srl	x3,x17,x11	 x17:0x00006263 x11:0x80000000  x3=0x00006263
        1455000	       144	80000218	6776f9b7	lui	x19,0x6776f	 x19=0x6776f000
        1465000	       145	8000021c	00096233	or	x4,x18,x0	 x18:0x000000c9  x0:0x00000000  x4=0x000000c9
        1475000	       146	80000220	009632b3	sltu	x5,x12,x9	 x12:0x80009f84  x9:0x80009fc4  x5=0x00000001
        1485000	       147	80000224	f33a4403	lbu	x8,-205(x20)	 x20:0x80008ade  x8=0x000000fa PA:0x80008a11
        1495000	       148	80000228	0006dd33	srl	x26,x13,x0	 x13:0xff34f0b6  x0:0x00000000 x26=0xff34f0b6
        1505000	       149	8000022c	f00a0f83	lb	x31,-256(x20)	 x20:0x80008ade x31=0xffffffc5 PA:0x800089de
        1515000	       150	80000230	00c689b3	add	x19,x13,x12	 x13:0xff34f0b6 x12:0x80009f84 x19=0x7f35903a
        1525000	       151	80000234	fbaa1223	sh	x26,-92(x20)	 x20:0x80008ade x26:0xff34f0b6 PA:0x80008a82
        1535000	       152	80000238	f14a5503	lhu	x10,-236(x20)	 x20:0x80008ade x10=0x0000d8d9 PA:0x800089f2
        1545000	       153	8000023c	419a0eb3	sub	x29,x20,x25	 x20:0x80008ade x25:0x8000893a x29=0x000001a4
        1555000	       154	80000240	f71a0403	lb	x8,-143(x20)	 x20:0x80008ade  x8=0x00000034 PA:0x80008a4f
        1565000	       155	80000244	f93a0503	lb	x10,-109(x20)	 x20:0x80008ade x10=0x0000005a PA:0x80008a71
        1575000	       156	80000248	015e7ab3	and	x21,x28,x21	 x28:0x00000032 x21:0x00000014 x21=0x00000010
        1585000	       157	8000024c	0bca1283	lh	x5,188(x20)	 x20:0x80008ade  x5=0xffff8081 PA:0x80008b9a
        1595000	       158	80000250	c4f6eb93	ori	x23,x13,-945	 x13:0xff34f0b6 x23=0xfffffcff
        1605000	       159	80000254	0a1a02a3	sb	x1,165(x20)	 x20:0x80008ade  x1:0x80000000 PA:0x80008b83
        1615000	       160	80000258	92d68c93	addi	x25,x13,-1747	 x13:0xff34f0b6 x25=0xff34e9e3
        1625000	       161	8000025c	096a0e03	lb	x28,150(x20)	 x20:0x80008ade x28=0x0000005f PA:0x80008b74
        1635000	       162	80000260	008f9693	slli	x13,x31,0x8	 x31:0xffffffc5 x13=0xffffc500
        1645000	       163	80000264	f0ba02a3	sb	x11,-251(x20)	 x20:0x80008ade x11:0x80000000 PA:0x800089e3
        1655000	       164	80000268	01d253b3	srl	x7,x4,x29	  x4:0x000000c9 x29:0x000001a4  x7=0x0000000c
        1665000	       165	8000026c	09da0783	lb	x15,157(x20)	 x20:0x80008ade x15=0x00000060 PA:0x80008b7b
        1675000	       166	80000270	fd3a0783	lb	x15,-45(x20)	 x20:0x80008ade x15=0xffffff9a PA:0x80008ab1
        1685000	       167	80000274	ffea2983	lw	x19,-2(x20)	 x20:0x80008ade x19=0xc4c5c6c7 PA:0x80008adc
        1695000	       168	80000278	63ec5997	auipc	x19,0x63ec5	 x19=0xe3ec5274
        1705000	       169	8000027c	0eba06a3	sb	x11,237(x20)	 x20:0x80008ade x11:0x80000000 PA:0x80008bcb
        1715000	       170	80000280	41cf5713	srai	x14,x30,0x1c	 x30:0x000000a6 x14=0x00000000
        1725000	       171	80000284	f81a4e83	lbu	x29,-127(x20)	 x20:0x80008ade x29=0x00000044 PA:0x80008a5f
        1735000	       172	00000000	00000013	addi	x0,x0,0	  x0:0x00000000
        1745000	       173	80000288	01d432b3	sltu	x5,x8,x29	  x8:0x00000034 x29:0x00000044  x5=0x00000001
        1755000	       174	8000028c	08fa0e83	lb	x29,143(x20)	 x20:0x80008ade x29=0x00000056 PA:0x80008b6d
        1765000	       175	80000290	00008517	auipc	x10,0x8	 x10=0x8000828c
        1775000	       176	80000294	6fd50513	addi	x10,x10,1789	 x10:0x8000828c x10=0x80008989
        1785000	       177	80000298	01751333	sll	x6,x10,x23	 x10:0x80008989 x23:0xfffffcff  x6=0x80000000
        1795000	       178	8000029c	0091d333	srl	x6,x3,x9	  x3:0x00006263  x9:0x80009fc4  x6=0x00000626
        1805000	       179	800002a0	a830fc13	andi	x24,x1,-1405	  x1:0x80000000 x24=0x80000000
        1815000	       180	800002a4	55250d83	lb	x27,1362(x10)	 x10:0x80008989 x27=0xffffffc0 PA:0x80008edb
        1825000	       181	800002a8	003543b3	xor	x7,x10,x3	 x10:0x80008989  x3:0x00006263  x7=0x8000ebea
        1835000	       182	800002ac	55254283	lbu	x5,1362(x10)	 x10:0x80008989  x5=0x000000c0 PA:0x80008edb
        1845000	       183	800002b0	55254b83	lbu	x23,1362(x10)	 x10:0x80008989 x23=0x000000c0 PA:0x80008edb
        1855000	       184	800002b4	55250883	lb	x17,1362(x10)	 x10:0x80008989 x17=0xffffffc0 PA:0x80008edb
        1865000	       185	800002b8	54050923	sb	x0,1362(x10)	 x10:0x80008989  x0:0x00000000 PA:0x80008edb
        1875000	       186	800002bc	55250c83	lb	x25,1362(x10)	 x10:0x80008989 x25=0x00000000 PA:0x80008edb
        1885000	       187	800002c0	55254183	lbu	x3,1362(x10)	 x10:0x80008989  x3=0x00000000 PA:0x80008edb
        1895000	       188	800002c4	55050923	sb	x16,1362(x10)	 x10:0x80008989 x16:0xffffff8e PA:0x80008edb
        1905000	       189	800002c8	41b7d993	srai	x19,x15,0x1b	 x15:0xffffff9a x19=0xffffffff
        1915000	       190	800002cc	2a354883	lbu	x17,675(x10)	 x10:0x80008989 x17=0x00000017 PA:0x80008c2c
        1925000	       191	800002d0	2a350683	lb	x13,675(x10)	 x10:0x80008989 x13=0x00000017 PA:0x80008c2c
        1935000	       192	800002d4	2a350883	lb	x17,675(x10)	 x10:0x80008989 x17=0x00000017 PA:0x80008c2c
        1945000	       193	800002d8	2a351d03	lh	x26,675(x10)	 x10:0x80008989 x26=0x00001617 PA:0x80008c2c
        1955000	       194	800002dc	2a355c03	lhu	x24,675(x10)	 x10:0x80008989 x24=0x00001617 PA:0x80008c2c
        1965000	       195	800002e0	2a8501a3	sb	x8,675(x10)	 x10:0x80008989  x8:0x00000034 PA:0x80008c2c
        1975000	       196	800002e4	2a355b83	lhu	x23,675(x10)	 x10:0x80008989 x23=0x00001634 PA:0x80008c2c
        1985000	       197	800002e8	000b1e93	slli	x29,x22,0x0	 x22:0x00000070 x29=0x00000070
        1995000	       198	800002ec	2a355203	lhu	x4,675(x10)	 x10:0x80008989  x4=0x00001634 PA:0x80008c2c
        2005000	       199	00000000	00000013	addi	x0,x0,0	  x0:0x00000000
        2015000	       200	800002f0	2a4501a3	sb	x4,675(x10)	 x10:0x80008989  x4:0x00001634 PA:0x80008c2c
        2025000	       201	800002f4	8e46bc13	sltiu	x24,x13,-1820	 x13:0x00000017 x24=0x00000001
        2035000	       202	800002f8	2a3501a3	sb	x3,675(x10)	 x10:0x80008989  x3:0x00000000 PA:0x80008c2c
        2045000	       203	800002fc	2a354203	lbu	x4,675(x10)	 x10:0x80008989  x4=0x00000000 PA:0x80008c2c
        2055000	       204	80000300	2a355183	lhu	x3,675(x10)	 x10:0x80008989  x3=0x00001600 PA:0x80008c2c
        2065000	       205	80000304	00009297	auipc	x5,0x9	  x5=0x80009300
        2075000	       206	80000308	93528293	addi	x5,x5,-1739	  x5:0x80009300  x5=0x80008c35
        2085000	       207	8000030c	16ffb793	sltiu	x15,x31,367	 x31:0xffffffc5 x15=0x00000000
        2095000	       208	80000310	a37f8317	auipc	x6,0xa37f8	  x6=0x237f830c
        2105000	       209	80000314	0aa28b83	lb	x23,170(x5)	  x5:0x80008c35 x23=0xffffffc4 PA:0x80008cdf
        2115000	       210	80000318	34828883	lb	x17,840(x5)	  x5:0x80008c35 x17=0x00000066 PA:0x80008f7d
        2125000	       211	8000031c	0962a9a3	sw	x22,147(x5)	  x5:0x80008c35 x22:0x00000070 PA:0x80008cc8
        2135000	       212	80000320	d1329a03	lh	x20,-749(x5)	  x5:0x80008c35 x20=0x00003233 PA:0x80008948
        2145000	       213	80000324	01eb6333	or	x6,x22,x30	 x22:0x00000070 x30:0x000000a6  x6=0x000000f6
        2155000	       214	80000328	a64af013	andi	x0,x21,-1436	 x21:0x00000010
        2165000	       215	8000032c	c3e2c903	lbu	x18,-962(x5)	  x5:0x80008c35 x18=0x00000058 PA:0x80008873
        2175000	       216	80000330	000286b3	add	x13,x5,x0	  x5:0x80008c35  x0:0x00000000 x13=0x80008c35
        2185000	       217	80000334	e532db03	lhu	x22,-429(x5)	  x5:0x80008c35 x22=0x00007273 PA:0x80008a88
        2195000	       218	80000338	e4c7e013	ori	x0,x15,-436	 x15:0x00000000
        2205000	       219	8000033c	3a32cc03	lbu	x24,931(x5)	  x5:0x80008c35 x24=0x000000c3 PA:0x80008fd8
        2215000	       220	80000340	01589a93	slli	x21,x17,0x15	 x17:0x00000066 x21=0x0cc00000
        2225000	       221	80000344	15628923	sb	x22,338(x5)	  x5:0x80008c35 x22:0x00007273 PA:0x80008d87
        2235000	       222	80000348	4044d8b3	sra	x17,x9,x4	  x9:0x80009fc4  x4:0x00000000 x17=0x80009fc4
        2245000	       223	8000034c	c6a28923	sb	x10,-910(x5)	  x5:0x80008c35 x10:0x80008989 PA:0x800088a7
        2255000	       224	80000350	30b2dd83	lhu	x27,779(x5)	  x5:0x80008c35 x27=0x00002a2b PA:0x80008f40
        2265000	       225	80000354	0e728f83	lb	x31,231(x5)	  x5:0x80008c35 x31=0x00000007 PA:0x80008d1c
        2275000	       226	80000358	00e58cb3	add	x25,x11,x14	 x11:0x80000000 x14:0x00000000 x25=0x80000000
        2285000	       227	8000035c	d6b28323	sb	x11,-666(x5)	  x5:0x80008c35 x11:0x80000000 PA:0x8000899b
        2295000	       228	80000360	00229a93	slli	x21,x5,0x2	  x5:0x80008c35 x21=0x000230d4
        2305000	       229	80000364	fd22c983	lbu	x19,-46(x5)	  x5:0x80008c35 x19=0x000000ec PA:0x80008c07
        2315000	       230	80000368	01661d13	slli	x26,x12,0x16	 x12:0x80009f84 x26=0xe1000000
        2325000	       231	8000036c	bba96013	ori	x0,x18,-1094	 x18:0x00000058
        2335000	       232	80000370	0062e333	or	x6,x5,x6	  x5:0x80008c35  x6:0x000000f6  x6=0x80008cf7
        2345000	       233	80000374	39128a23	sb	x17,916(x5)	  x5:0x80008c35 x17:0x80009fc4 PA:0x80008fc9
        2355000	       234	80000378	19629fa3	sh	x22,415(x5)	  x5:0x80008c35 x22:0x00007273 PA:0x80008dd4
        2365000	       235	8000037c	fa428c83	lb	x25,-92(x5)	  x5:0x80008c35 x25=0xffffffc2 PA:0x80008bd9
        2375000	       236	80000380	1bc28e23	sb	x28,444(x5)	  x5:0x80008c35 x28:0x0000005f PA:0x80008df1
        2385000	       237	80000384	e4f28823	sb	x15,-432(x5)	  x5:0x80008c35 x15:0x00000000 PA:0x80008a85
        2395000	       238	80000388	fdc2cd83	lbu	x27,-36(x5)	  x5:0x80008c35 x27=0x000000fa PA:0x80008c11
        2405000	       239	8000038c	ae1f7c93	andi	x25,x30,-1311	 x30:0x000000a6 x25=0x000000a0
        2415000	       240	80000390	3002c783	lbu	x15,768(x5)	  x5:0x80008c35 x15=0x0000001e PA:0x80008f35
        2425000	       241	80000394	0160e233	or	x4,x1,x22	  x1:0x80000000 x22:0x00007273  x4=0x80007273
        2435000	       242	80000398	35d29a03	lh	x20,861(x5)	  x5:0x80008c35 x20=0x00007879 PA:0x80008f92
        2445000	       243	8000039c	41715eb3	sra	x29,x2,x23	  x2:0xf1905c0d x23:0xffffffc4 x29=0xff1905c0
        2455000	       244	800003a0	dc728723	sb	x7,-562(x5)	  x5:0x80008c35  x7:0x8000ebea PA:0x80008a03
        2465000	       245	800003a4	f6b28223	sb	x11,-156(x5)	  x5:0x80008c35 x11:0x80000000 PA:0x80008b99
        2475000	       246	800003a8	fb529a83	lh	x21,-75(x5)	  x5:0x80008c35 x21=0xffffd0d1 PA:0x80008bea
        2485000	       247	800003ac	1d2292a3	sh	x18,453(x5)	  x5:0x80008c35 x18:0x00000058 PA:0x80008dfa
        2495000	       248	800003b0	1bcab217	auipc	x4,0x1bcab	  x4=0x9bcab3ac
        2505000	       249	800003b4	e642c903	lbu	x18,-412(x5)	  x5:0x80008c35 x18=0x00000082 PA:0x80008a99
        2515000	       250	800003b8	d462cc83	lbu	x25,-698(x5)	  x5:0x80008c35 x25=0x00000060 PA:0x8000897b
        2525000	       251	800003bc	d1028d23	sb	x16,-742(x5)	  x5:0x80008c35 x16:0xffffff8e PA:0x8000894f
        2535000	       252	800003c0	c6b2d203	lhu	x4,-917(x5)	  x5:0x80008c35  x4=0x00008a8b PA:0x800088a0
        2545000	       253	800003c4	fd828b83	lb	x23,-40(x5)	  x5:0x80008c35 x23=0xfffffff6 PA:0x80008c0d
        2555000	       254	800003c8	00009217	auipc	x4,0x9	  x4=0x800093c4
        2565000	       255	800003cc	b4720213	addi	x4,x4,-1209	  x4:0x800093c4  x4=0x80008f0b
        2575000	       256	800003d0	00009597	auipc	x11,0x9	 x11=0x800093cc
        2585000	       257	800003d4	c0f58593	addi	x11,x11,-1009	 x11:0x800093cc x11=0x80008fdb
        2595000	       258	800003d8	fcc58783	lb	x15,-52(x11)	 x11:0x80008fdb x15=0xffffff8c PA:0x80008fa7
        2605000	       259	800003dc	fc458003	lb	x0,-60(x11)	 x11:0x80008fdb PA:0x80008f9f
        2615000	       260	800003e0	ce520903	lb	x18,-795(x4)	  x4:0x80008f0b x18=0xffffffdb PA:0x80008bf0
        2625000	       261	00000000	00000013	addi	x0,x0,0	  x0:0x00000000
        2635000	       262	800003e4	f5258403	lb	x8,-174(x11)	 x11:0x80008fdb  x8=0x00000016 PA:0x80008f2d
        2645000	       263	800003e8	f9525883	lhu	x17,-107(x4)	  x4:0x80008f0b x17=0x00008a8b PA:0x80008ea0
        2655000	       264	800003ec	f9c24e03	lbu	x28,-100(x4)	  x4:0x80008f0b x28=0x0000008c PA:0x80008ea7
        2665000	       265	800003f0	9c920a23	sb	x9,-1580(x4)	  x4:0x80008f0b  x9:0x80009fc4 PA:0x800088df
        2675000	       266	800003f4	f9a5c003	lbu	x0,-102(x11)	 x11:0x80008fdb PA:0x80008f75
        2685000	       267	800003f8	cd121a03	lh	x20,-815(x4)	  x4:0x80008f0b x20=0xffffc6c7 PA:0x80008bdc
        2695000	       268	800003fc	9c620703	lb	x14,-1594(x4)	  x4:0x80008f0b x14=0xffffffba PA:0x800088d1
        2705000	       269	80000400	f2c24683	lbu	x13,-212(x4)	  x4:0x80008f0b x13=0x0000001c PA:0x80008e37
        2715000	       270	80000404	f6f59c03	lh	x24,-145(x11)	 x11:0x80008fdb x24=0x00003031 PA:0x80008f4a
        2725000	       271	80000408	00008197	auipc	x3,0x8	  x3=0x80008404
        2735000	       272	8000040c	54a18193	addi	x3,x3,1354	  x3:0x80008404  x3=0x8000894e
        2745000	       273	80000410	fe018903	lb	x18,-32(x3)	  x3:0x8000894e x18=0x00000015 PA:0x8000892e
        2755000	       274	80000414	ff718023	sb	x23,-32(x3)	  x3:0x8000894e x23:0xfffffff6 PA:0x8000892e
        2765000	       275	80000418	fe018503	lb	x10,-32(x3)	  x3:0x8000894e x10=0xfffffff6 PA:0x8000892e
        2775000	       276	8000041c	fe01dd03	lhu	x26,-32(x3)	  x3:0x8000894e x26=0x000014f6 PA:0x8000892e
        2785000	       277	80000420	fe219a83	lh	x21,-30(x3)	  x3:0x8000894e x21=0x00001a1b PA:0x80008930
        2795000	       278	80000424	ffb19123	sh	x27,-30(x3)	  x3:0x8000894e x27:0x000000fa PA:0x80008930
        2805000	       279	80000428	fe218a03	lb	x20,-30(x3)	  x3:0x8000894e x20=0xfffffffa PA:0x80008930
        2815000	       280	8000042c	412f8033	sub	x0,x31,x18	 x31:0x00000007 x18:0x00000015
        2825000	       281	80000430	40a90eb3	sub	x29,x18,x10	 x18:0x00000015 x10:0xfffffff6 x29=0x0000001f
        2835000	       282	80000434	fec1a123	sw	x12,-30(x3)	  x3:0x8000894e x12:0x80009f84 PA:0x80008930
        2845000	       283	80000438	01d6db13	srli	x22,x13,0x1d	 x13:0x0000001c x22=0x00000000
        2855000	       284	8000043c	01f1c983	lbu	x19,31(x3)	  x3:0x8000894e x19=0x00000056 PA:0x8000896d
        2865000	       285	80000440	00f18fa3	sb	x15,31(x3)	  x3:0x8000894e x15:0xffffff8c PA:0x8000896d
        2875000	       286	80000444	01f1c903	lbu	x18,31(x3)	  x3:0x8000894e x18=0x0000008c PA:0x8000896d
        2885000	       287	80000448	fec1c583	lbu	x11,-20(x3)	  x3:0x8000894e x11=0x00000021 PA:0x8000893a
        2895000	       288	8000044c	0251cc03	lbu	x24,37(x3)	  x3:0x8000894e x24=0x00000058 PA:0x80008973
        2905000	       289	80000450	02518c83	lb	x25,37(x3)	  x3:0x8000894e x25=0x00000058 PA:0x80008973
        2915000	       290	80000454	004b1793	slli	x15,x22,0x4	 x22:0x00000000 x15=0x00000000
        2925000	       291	80000458	025180a3	sb	x5,33(x3)	  x3:0x8000894e  x5:0x80008c35 PA:0x8000896f
        2935000	       292	8000045c	0301db83	lhu	x23,48(x3)	  x3:0x8000894e x23=0x00006465 PA:0x8000897e
        2945000	       293	80000460	00008997	auipc	x19,0x8	 x19=0x8000845c
        2955000	       294	80000464	73598993	addi	x19,x19,1845	 x19:0x8000845c x19=0x80008b91
        2965000	       295	80000468	f6898a83	lb	x21,-152(x19)	 x19:0x80008b91 x21=0xffffffe2 PA:0x80008af9
        2975000	       296	8000046c	f689c083	lbu	x1,-152(x19)	 x19:0x80008b91  x1=0x000000e2 PA:0x80008af9
        2985000	       297	80000470	f8398623	sb	x3,-116(x19)	 x19:0x80008b91  x3:0x8000894e PA:0x80008b1d
        2995000	       298	80000474	f9498623	sb	x20,-116(x19)	 x19:0x80008b91 x20:0xfffffffa PA:0x80008b1d
        3005000	       299	80000478	f8c98183	lb	x3,-116(x19)	 x19:0x80008b91  x3=0xfffffffa PA:0x80008b1d
        3015000	       300	8000047c	0c69cd03	lbu	x26,198(x19)	 x19:0x80008b91 x26=0x0000003c PA:0x80008c57
        3025000	       301	80000480	00e441b3	xor	x3,x8,x14	  x8:0x00000016 x14:0xffffffba  x3=0xffffffac
        3035000	       302	80000484	7b31ad13	slti	x26,x3,1971	  x3:0xffffffac x26=0x00000001
        3045000	       303	80000488	20504213	xori	x4,x0,517	  x0:0x00000000  x4=0x00000205
        3055000	       304	8000048c	0c698583	lb	x11,198(x19)	 x19:0x80008b91 x11=0x0000003c PA:0x80008c57
        3065000	       305	80000490	0cf98323	sb	x15,198(x19)	 x19:0x80008b91 x15:0x00000000 PA:0x80008c57
        3075000	       306	80000494	0509c703	lbu	x14,80(x19)	 x19:0x80008b91 x14=0x000000ca PA:0x80008be1
        3085000	       307	80000498	0509cc03	lbu	x24,80(x19)	 x19:0x80008b91 x24=0x000000ca PA:0x80008be1
        3095000	       308	8000049c	0509ca03	lbu	x20,80(x19)	 x19:0x80008b91 x20=0x000000ca PA:0x80008be1
        3105000	       309	800004a0	05798823	sb	x23,80(x19)	 x19:0x80008b91 x23:0x00006465 PA:0x80008be1
        3115000	       310	800004a4	04d98823	sb	x13,80(x19)	 x19:0x80008b91 x13:0x0000001c PA:0x80008be1
        3125000	       311	800004a8	984c2b93	slti	x23,x24,-1660	 x24:0x000000ca x23=0x00000000
        3135000	       312	800004ac	0509c803	lbu	x16,80(x19)	 x19:0x80008b91 x16=0x0000001c PA:0x80008be1
        3145000	       313	800004b0	fe399283	lh	x5,-29(x19)	 x19:0x80008b91  x5=0x00005e5f PA:0x80008b74
        3155000	       314	800004b4	9d696813	ori	x16,x18,-1578	 x18:0x0000008c x16=0xfffff9de
        3165000	       315	800004b8	0b498183	lb	x3,180(x19)	 x19:0x80008b91  x3=0x0000002e PA:0x80008c45
        3175000	       316	800004bc	9ea9f093	andi	x1,x19,-1558	 x19:0x80008b91  x1=0x80008980
        3185000	       317	800004c0	fee98203	lb	x4,-18(x19)	 x19:0x80008b91  x4=0x00000064 PA:0x80008b7f
        3195000	       318	800004c4	00009d97	auipc	x27,0x9	 x27=0x800094c0
        3205000	       319	800004c8	a56d8d93	addi	x27,x27,-1450	 x27:0x800094c0 x27=0x80008f16
        3215000	       320	800004cc	00008697	auipc	x13,0x8	 x13=0x800084c8
        3225000	       321	800004d0	71f68693	addi	x13,x13,1823	 x13:0x800084c8 x13=0x80008be7
        3235000	       322	800004d4	00008097	auipc	x1,0x8	  x1=0x800084d0
        3245000	       323	800004d8	52e08093	addi	x1,x1,1326	  x1:0x800084d0  x1=0x800089fe
        3255000	       324	800004dc	f5a6c383	lbu	x7,-166(x13)	 x13:0x80008be7  x7=0x0000002a PA:0x80008b41
        3265000	       325	800004e0	ff5dc383	lbu	x7,-11(x27)	 x27:0x80008f16  x7=0x000000f0 PA:0x80008f0b
        3275000	       326	800004e4	f5a68223	sb	x26,-188(x13)	 x13:0x80008be7 x26:0x00000001 PA:0x80008b2b
        3285000	       327	800004e8	013d9823	sh	x19,16(x27)	 x27:0x80008f16 x19:0x80008b91 PA:0x80008f26
        3295000	       328	800004ec	fe7691a3	sh	x7,-29(x13)	 x13:0x80008be7  x7:0x000000f0 PA:0x80008bca
        3305000	       329	800004f0	00e0a123	sw	x14,2(x1)	  x1:0x800089fe x14:0x000000ca PA:0x80008a00
        3315000	       330	800004f4	ff3dca03	lbu	x20,-13(x27)	 x27:0x80008f16 x20=0x000000f2 PA:0x80008f09
        3325000	       331	800004f8	f7f6de83	lhu	x29,-129(x13)	 x13:0x80008be7 x29=0x00004c4d PA:0x80008b66
        3335000	       332	800004fc	0070c583	lbu	x11,7(x1)	  x1:0x800089fe x11=0x000000ee PA:0x80008a05
        3345000	       333	80000500	01e08723	sb	x30,14(x1)	  x1:0x800089fe x30:0x000000a6 PA:0x80008a0c
        3355000	       334	80000504	ffa0af23	sw	x26,-2(x1)	  x1:0x800089fe x26:0x00000001 PA:0x800089fc
        3365000	       335	80000508	015d86a3	sb	x21,13(x27)	 x27:0x80008f16 x21:0xffffffe2 PA:0x80008f23
        3375000	       336	8000050c	011082a3	sb	x17,5(x1)	  x1:0x800089fe x17:0x00008a8b PA:0x80008a03
        3385000	       337	80000510	fe3d8fa3	sb	x3,-1(x27)	 x27:0x80008f16  x3:0x0000002e PA:0x80008f15
        3395000	       338	80000514	00f0c803	lbu	x16,15(x1)	  x1:0x800089fe x16=0x000000f6 PA:0x80008a0d
        3405000	       339	80000518	ffaddb03	lhu	x22,-6(x27)	 x27:0x80008f16 x22=0x0000fafb PA:0x80008f10
        3415000	       340	8000051c	ff508d03	lb	x26,-11(x1)	  x1:0x800089fe x26=0xffffffd8 PA:0x800089f3
        3425000	       341	80000520	f646c183	lbu	x3,-156(x13)	 x13:0x80008be7  x3=0x00000030 PA:0x80008b4b
        3435000	       342	80000524	f3d68a23	sb	x29,-204(x13)	 x13:0x80008be7 x29:0x00004c4d PA:0x80008b1b
        3445000	       343	80000528	00009f17	auipc	x30,0x9	 x30=0x80009524
        3455000	       344	8000052c	82ef0f13	addi	x30,x30,-2002	 x30:0x80009524 x30=0x80008d52
        3465000	       345	80000530	ff2f0903	lb	x18,-14(x30)	 x30:0x80008d52 x18=0x0000002f PA:0x80008d44
        3475000	       346	80000534	ff9f1e23	sh	x25,-4(x30)	 x30:0x80008d52 x25:0x00000058 PA:0x80008d4e
        3485000	       347	80000538	00008697	auipc	x13,0x8	 x13=0x80008534
        3495000	       348	8000053c	2f868693	addi	x13,x13,760	 x13:0x80008534 x13=0x8000882c
        3505000	       349	80000540	ff1f0c03	lb	x24,-15(x30)	 x30:0x80008d52 x24=0x00000028 PA:0x80008d43
        3515000	       350	80000544	ff36cd03	lbu	x26,-13(x13)	 x13:0x8000882c x26=0x00000004 PA:0x8000881f
        3525000	       351	80000548	004f0823	sb	x4,16(x30)	 x30:0x80008d52  x4:0x00000064 PA:0x80008d62
        3535000	       352	8000054c	0106a303	lw	x6,16(x13)	 x13:0x8000882c  x6=0x24252627 PA:0x8000883c
        3545000	       353	80000550	000f5803	lhu	x16,0(x30)	 x30:0x80008d52 x16=0x00003839 PA:0x80008d52
        3555000	       354	80000554	ff7f4403	lbu	x8,-9(x30)	 x30:0x80008d52  x8=0x00000032 PA:0x80008d49
        3565000	       355	80000558	fe06ac23	sw	x0,-8(x13)	 x13:0x8000882c  x0:0x00000000 PA:0x80008824
        3575000	       356	8000055c	013f0223	sb	x19,4(x30)	 x30:0x80008d52 x19:0x80008b91 PA:0x80008d56
        3585000	       357	80000560	ffcf4303	lbu	x6,-4(x30)	 x30:0x80008d52  x6=0x00000058 PA:0x80008d4e
        3595000	       358	80000564	00a69d83	lh	x27,10(x13)	 x13:0x8000882c x27=0x00001c1d PA:0x80008836
        3605000	       359	80000568	ff5f4883	lbu	x17,-11(x30)	 x30:0x80008d52 x17=0x0000002c PA:0x80008d47
        3615000	       360	8000056c	00968c83	lb	x25,9(x13)	 x13:0x8000882c x25=0x0000001e PA:0x80008835
        3625000	       361	80000570	00c69b83	lh	x23,12(x13)	 x13:0x8000882c x23=0x00002223 PA:0x80008838
        3635000	       362	80000574	00008197	auipc	x3,0x8	  x3=0x80008570
        3645000	       363	80000578	51018193	addi	x3,x3,1296	  x3:0x80008570  x3=0x80008a80
        3655000	       364	8000057c	00008517	auipc	x10,0x8	 x10=0x80008578
        3665000	       365	80000580	38f50513	addi	x10,x10,911	 x10:0x80008578 x10=0x80008907
        3675000	       366	80000584	00008297	auipc	x5,0x8	  x5=0x80008580
        3685000	       367	80000588	34f28293	addi	x5,x5,847	  x5:0x80008580  x5=0x800088cf
        3695000	       368	8000058c	02e50d83	lb	x27,46(x10)	 x10:0x80008907 x27=0x0000001e PA:0x80008935
        3705000	       369	80000590	fd21c583	lbu	x11,-46(x3)	  x3:0x80008a80 x11=0x00000039 PA:0x80008a52
        3715000	       370	80000594	00009c97	auipc	x25,0x9	 x25=0x80009590
        3725000	       371	80000598	955c8c93	addi	x25,x25,-1707	 x25:0x80009590 x25=0x80008ee5
        3735000	       372	8000059c	fcb18ca3	sb	x11,-39(x3)	  x3:0x80008a80 x11:0x00000039 PA:0x80008a59
        3745000	       373	800005a0	f65c8f23	sb	x5,-130(x25)	 x25:0x80008ee5  x5:0x800088cf PA:0x80008e63
        3755000	       374	800005a4	01718803	lb	x16,23(x3)	  x3:0x80008a80 x16=0x0000007c PA:0x80008a97
        3765000	       375	800005a8	36c2a6a3	sw	x12,877(x5)	  x5:0x800088cf x12:0x80009f84 PA:0x80008c3c
        3775000	       376	800005ac	083c9383	lh	x7,131(x25)	 x25:0x80008ee5  x7=0x00005253 PA:0x80008f68
        3785000	       377	800005b0	01850f23	sb	x24,30(x10)	 x10:0x80008907 x24:0x00000028 PA:0x80008925
        3795000	       378	800005b4	f0ac8f23	sb	x10,-226(x25)	 x25:0x80008ee5 x10:0x80008907 PA:0x80008e03
        3805000	       379	800005b8	5672a0a3	sw	x7,1377(x5)	  x5:0x800088cf  x7:0x00005253 PA:0x80008e30
        3815000	       380	800005bc	08ac8a83	lb	x21,138(x25)	 x25:0x80008ee5 x21=0x00000054 PA:0x80008f6f
        3825000	       381	800005c0	fd450f03	lb	x30,-44(x10)	 x10:0x80008907 x30=0xffffffc0 PA:0x800088db
        3835000	       382	800005c4	fdb1c683	lbu	x13,-37(x3)	  x3:0x80008a80 x13=0x00000040 PA:0x80008a5b
        3845000	       383	800005c8	5f729983	lh	x19,1527(x5)	  x5:0x800088cf x19=0xffffacad PA:0x80008ec6
        3855000	       384	800005cc	fda54e03	lbu	x28,-38(x10)	 x10:0x80008907 x28=0x000000ca PA:0x800088e1
        3865000	       385	800005d0	5822c803	lbu	x16,1410(x5)	  x5:0x800088cf x16=0x0000003a PA:0x80008e51
        3875000	       386	800005d4	ff750023	sb	x23,-32(x10)	 x10:0x80008907 x23:0x00002223 PA:0x800088e7
        3885000	       387	800005d8	0261cd83	lbu	x27,38(x3)	  x3:0x80008a80 x27=0x0000008d PA:0x80008aa6
        3895000	       388	800005dc	19028d03	lb	x26,400(x5)	  x5:0x800088cf x26=0x00000044 PA:0x80008a5f
        3905000	       389	800005e0	fe6c8d83	lb	x27,-26(x25)	 x25:0x80008ee5 x27=0xffffffb0 PA:0x80008ecb
        3915000	       390	800005e4	04054a83	lbu	x21,64(x10)	 x10:0x80008907 x21=0x0000002c PA:0x80008947
        3925000	       391	800005e8	fe118fa3	sb	x1,-1(x3)	  x3:0x80008a80  x1:0x800089fe PA:0x80008a7f
        3935000	       392	800005ec	00350403	lb	x8,3(x10)	 x10:0x80008907  x8=0xfffffff1 PA:0x8000890a
        3945000	       393	800005f0	2592ab03	lw	x22,601(x5)	  x5:0x800088cf x22=0x01111213 PA:0x80008b28
        3955000	       394	800005f4	f04c8023	sb	x4,-256(x25)	 x25:0x80008ee5  x4:0x00000064 PA:0x80008de5
        3965000	       395	800005f8	fc2c8123	sb	x2,-62(x25)	 x25:0x80008ee5  x2:0xf1905c0d PA:0x80008ea7
        3975000	       396	800005fc	fd01a083	lw	x1,-48(x3)	  x3:0x80008a80  x1=0x38393a3b PA:0x80008a50
        3985000	       397	80000600	24328203	lb	x4,579(x5)	  x5:0x800088cf  x4=0xfffffff9 PA:0x80008b12
        3995000	       398	80000604	fe7c9b03	lh	x22,-25(x25)	 x25:0x80008ee5 x22=0xffffb6b7 PA:0x80008ecc
        4005000	       399	80000608	029505a3	sb	x9,43(x10)	 x10:0x80008907  x9:0x80009fc4 PA:0x80008932
        4015000	       400	8000060c	11628223	sb	x22,260(x5)	  x5:0x800088cf x22:0xffffb6b7 PA:0x800089d3
        4025000	       401	80000610	02a18d83	lb	x27,42(x3)	  x3:0x80008a80 x27=0xffffff91 PA:0x80008aaa
        4035000	       402	80000614	ff91c403	lbu	x8,-7(x3)	  x3:0x80008a80  x8=0x00000062 PA:0x80008a79
        4045000	       403	80000618	fdb50223	sb	x27,-60(x10)	 x10:0x80008907 x27:0xffffff91 PA:0x800088cb
        4055000	       404	8000061c	f0dcc303	lbu	x6,-243(x25)	 x25:0x80008ee5  x6=0x000000d9 PA:0x80008df2
        4065000	       405	80000620	00008197	auipc	x3,0x8	  x3=0x8000861c
        4075000	       406	80000624	c1f18193	addi	x3,x3,-993	  x3:0x8000861c  x3=0x8000823b
        4085000	       407	80000628	00d1cb03	lbu	x22,13(x3)	  x3:0x8000823b x22=0x00000003 PA:0x80008248
        4095000	       408	8000062c	ff018e23	sb	x16,-4(x3)	  x3:0x8000823b x16:0x0000003a PA:0x80008237
        4105000	       409	80000630	fe718e23	sb	x7,-4(x3)	  x3:0x8000823b  x7:0x00005253 PA:0x80008237
        4115000	       410	80000634	ff718e23	sb	x23,-4(x3)	  x3:0x8000823b x23:0x00002223 PA:0x80008237
        4125000	       411	80000638	ffc1c883	lbu	x17,-4(x3)	  x3:0x8000823b x17=0x00000023 PA:0x80008237
        4135000	       412	8000063c	fe818e23	sb	x8,-4(x3)	  x3:0x8000823b  x8:0x00000062 PA:0x80008237
        4145000	       413	80000640	ffd18c23	sb	x29,-8(x3)	  x3:0x8000823b x29:0x00004c4d PA:0x80008233
        4155000	       414	80000644	5b9226b7	lui	x13,0x5b922	 x13=0x5b922000
        4165000	       415	80000648	ff81c983	lbu	x19,-8(x3)	  x3:0x8000823b x19=0x0000004d PA:0x80008233
        4175000	       416	8000064c	01a05b33	srl	x22,x0,x26	  x0:0x00000000 x26:0x00000044 x22=0x00000000
        4185000	       417	80000650	ff818b03	lb	x22,-8(x3)	  x3:0x8000823b x22=0x0000004d PA:0x80008233
        4195000	       418	80000654	ff81c503	lbu	x10,-8(x3)	  x3:0x8000823b x10=0x0000004d PA:0x80008233
        4205000	       419	80000658	ff818883	lb	x17,-8(x3)	  x3:0x8000823b x17=0x0000004d PA:0x80008233
        4215000	       420	8000065c	fe418c23	sb	x4,-8(x3)	  x3:0x8000823b  x4:0xfffffff9 PA:0x80008233
        4225000	       421	80000660	ff818203	lb	x4,-8(x3)	  x3:0x8000823b  x4=0xfffffff9 PA:0x80008233
        4235000	       422	80000664	ff818083	lb	x1,-8(x3)	  x3:0x8000823b  x1=0xfffffff9 PA:0x80008233
        4245000	       423	80000668	ff718c23	sb	x23,-8(x3)	  x3:0x8000823b x23:0x00002223 PA:0x80008233
        4255000	       424	8000066c	ff81c003	lbu	x0,-8(x3)	  x3:0x8000823b PA:0x80008233
        4265000	       425	80000670	0013c3b3	xor	x7,x7,x1	  x7:0x00005253  x1:0xfffffff9  x7=0xffffadaa
        4275000	       426	80000674	b6737d13	andi	x26,x6,-1177	  x6:0x000000d9 x26=0x00000041
        4285000	       427	80000678	ff019ca3	sh	x16,-7(x3)	  x3:0x8000823b x16:0x0000003a PA:0x80008234
        4295000	       428	8000067c	ff918a83	lb	x21,-7(x3)	  x3:0x8000823b x21=0x0000003a PA:0x80008234
        4305000	       429	80000680	ff31aca3	sw	x19,-7(x3)	  x3:0x8000823b x19:0x0000004d PA:0x80008234
        4315000	       430	80000684	00000013	addi	x0,x0,0	  x0:0x00000000
        4325000	       431	80000688	ff118ca3	sb	x17,-7(x3)	  x3:0x8000823b x17:0x0000004d PA:0x80008234
        4335000	       432	8000068c	00008e17	auipc	x28,0x8	 x28=0x80008688
        4345000	       433	80000690	02ee0e13	addi	x28,x28,46	 x28:0x80008688 x28=0x800086b6
        4355000	       434	80000694	135d8793	addi	x15,x27,309	 x27:0xffffff91 x15=0x000000c6
        4365000	       435	80000698	fd8e0423	sb	x24,-56(x28)	 x28:0x800086b6 x24:0x00000028 PA:0x8000867e
        4375000	       436	8000069c	03ee1283	lh	x5,62(x28)	 x28:0x800086b6  x5=0xffffaeaf PA:0x800086f4
        4385000	       437	800006a0	007e0883	lb	x17,7(x28)	 x28:0x800086b6 x17=0x00000076 PA:0x800086bd
        4395000	       438	800006a4	021e1c23	sh	x1,56(x28)	 x28:0x800086b6  x1:0xfffffff9 PA:0x800086ee
        4405000	       439	800006a8	005e0e83	lb	x29,5(x28)	 x28:0x800086b6 x29=0x00000070 PA:0x800086bb
        4415000	       440	800006ac	024e1b03	lh	x22,36(x28)	 x28:0x800086b6 x22=0xffff9091 PA:0x800086da
        4425000	       441	800006b0	fe0e0b03	lb	x22,-32(x28)	 x28:0x800086b6 x22=0x0000004d PA:0x80008696
        4435000	       442	800006b4	fe9e4003	lbu	x0,-23(x28)	 x28:0x800086b6 PA:0x8000869f
        4445000	       443	800006b8	fdce0983	lb	x19,-36(x28)	 x28:0x800086b6 x19=0x00000049 PA:0x80008692
        4455000	       444	800006bc	019e0803	lb	x16,25(x28)	 x28:0x800086b6 x16=0xffffff84 PA:0x800086cf
        4465000	       445	800006c0	fdee07a3	sb	x30,-49(x28)	 x28:0x800086b6 x30:0xffffffc0 PA:0x80008685
        4475000	       446	800006c4	ff2e1903	lh	x18,-14(x28)	 x28:0x800086b6 x18=0x00006263 PA:0x800086a8
        4485000	       447	800006c8	037e4983	lbu	x19,55(x28)	 x28:0x800086b6 x19=0x000000a6 PA:0x800086ed
        4495000	       448	800006cc	f65ddf97	auipc	x31,0xf65dd	 x31=0x765dd6c8
        4505000	       449	800006d0	41d289b3	sub	x19,x5,x29	  x5:0xffffaeaf x29:0x00000070 x19=0xffffae3f
        4515000	       450	800006d4	ffbe0c23	sb	x27,-8(x28)	 x28:0x800086b6 x27:0xffffff91 PA:0x800086ae
        4525000	       451	800006d8	419fdfb3	sra	x31,x31,x25	 x31:0x765dd6c8 x25:0x80008ee5 x31=0x03b2eeb6
        4535000	       452	800006dc	97430093	addi	x1,x6,-1676	  x6:0x000000d9  x1=0xfffffa4d
        4545000	       453	800006e0	fe0e0803	lb	x16,-32(x28)	 x28:0x800086b6 x16=0x0000004d PA:0x80008696
        4555000	       454	800006e4	01ce1323	sh	x28,6(x28)	 x28:0x800086b6 x28:0x800086b6 PA:0x800086bc
        4565000	       455	800006e8	011e0d83	lb	x27,17(x28)	 x28:0x800086b6 x27=0x0000007c PA:0x800086c7
        4575000	       456	800006ec	006e1423	sh	x6,8(x28)	 x28:0x800086b6  x6:0x000000d9 PA:0x800086be
        4585000	       457	800006f0	01ee6033	or	x0,x28,x30	 x28:0x800086b6 x30:0xffffffc0
        4595000	       458	800006f4	fece4e83	lbu	x29,-20(x28)	 x28:0x800086b6 x29=0x00000059 PA:0x800086a2
        4605000	       459	800006f8	03ae01a3	sb	x26,35(x28)	 x28:0x800086b6 x26:0x00000041 PA:0x800086d9
        4615000	       460	800006fc	001d5a33	srl	x20,x26,x1	 x26:0x00000041  x1:0xfffffa4d x20=0x00000000
        4625000	       461	80000700	01ce5503	lhu	x10,28(x28)	 x28:0x800086b6 x10=0x00008889 PA:0x800086d2
        4635000	       462	80000704	036e08a3	sb	x22,49(x28)	 x28:0x800086b6 x22:0x0000004d PA:0x800086e7
        4645000	       463	80000708	01ee5f83	lhu	x31,30(x28)	 x28:0x800086b6 x31=0x00008e8f PA:0x800086d4
        4655000	       464	8000070c	fc5e0703	lb	x14,-59(x28)	 x28:0x800086b6 x14=0x00000030 PA:0x8000867b
        4665000	       465	80000710	fcae0783	lb	x15,-54(x28)	 x28:0x800086b6 x15=0x0000003b PA:0x80008680
        4675000	       466	80000714	fc6e01a3	sb	x6,-61(x28)	 x28:0x800086b6  x6:0x000000d9 PA:0x80008679
        4685000	       467	80000718	011abab3	sltu	x21,x21,x17	 x21:0x0000003a x17:0x00000076 x21=0x00000001
        4695000	       468	8000071c	33981197	auipc	x3,0x33981	  x3=0xb3981718
        4705000	       469	80000720	03fe1823	sh	x31,48(x28)	 x28:0x800086b6 x31:0x00008e8f PA:0x800086e6
        4715000	       470	80000724	015d1c33	sll	x24,x26,x21	 x26:0x00000041 x21:0x00000001 x24=0x00000082
        4725000	       471	80000728	fc7e4403	lbu	x8,-57(x28)	 x28:0x800086b6  x8=0x00000036 PA:0x8000867d
        4735000	       472	8000072c	fd0e5403	lhu	x8,-48(x28)	 x28:0x800086b6  x8=0x00003c3d PA:0x80008686
        4745000	       473	80000730	fe6e04a3	sb	x6,-23(x28)	 x28:0x800086b6  x6:0x000000d9 PA:0x8000869f
        4755000	       474	80000734	00008b97	auipc	x23,0x8	 x23=0x80008730
        4765000	       475	80000738	b09b8b93	addi	x23,x23,-1271	 x23:0x80008730 x23=0x80008239
        4775000	       476	8000073c	fedb8f23	sb	x13,-2(x23)	 x23:0x80008239 x13:0x5b922000 PA:0x80008237
        4785000	       477	80000740	00008f17	auipc	x30,0x8	 x30=0x8000873c
        4795000	       478	80000744	e27f0f13	addi	x30,x30,-473	 x30:0x8000873c x30=0x80008563
        4805000	       479	80000748	ffeb9fa3	sh	x30,-1(x23)	 x23:0x80008239 x30:0x80008563 PA:0x80008238
        4815000	       480	8000074c	ff0f0783	lb	x15,-16(x30)	 x30:0x80008563 x15=0x00000008 PA:0x80008553
        4825000	       481	80000750	00008817	auipc	x16,0x8	 x16=0x8000874c
        4835000	       482	80000754	9cf80813	addi	x16,x16,-1585	 x16:0x8000874c x16=0x8000811b
        4845000	       483	80000758	02080403	lb	x8,32(x16)	 x16:0x8000811b  x8=0xfffffff0 PA:0x8000813b
        4855000	       484	8000075c	ff8f0e83	lb	x29,-8(x30)	 x30:0x80008563 x29=0x00000010 PA:0x8000855b
        4865000	       485	80000760	00008697	auipc	x13,0x8	 x13=0x8000875c
        4875000	       486	80000764	9a268693	addi	x13,x13,-1630	 x13:0x8000875c x13=0x800080fe
        4885000	       487	80000768	08c84403	lbu	x8,140(x16)	 x16:0x8000811b  x8=0x0000005c PA:0x800081a7
        4895000	       488	8000076c	f8c80c23	sb	x12,-104(x16)	 x16:0x8000811b x12:0x80009f84 PA:0x800080b3
        4905000	       489	80000770	fefb8b23	sb	x15,-10(x23)	 x23:0x80008239 x15:0x00000008 PA:0x8000822f
        4915000	       490	80000774	f6f84703	lbu	x14,-145(x16)	 x16:0x8000811b x14=0x00000041 PA:0x8000808a
        4925000	       491	80000778	ff4bc303	lbu	x6,-12(x23)	 x23:0x80008239  x6=0x000000e6 PA:0x8000822d
        4935000	       492	8000077c	fdff4303	lbu	x6,-33(x30)	 x30:0x80008563  x6=0x000000f9 PA:0x80008542
        4945000	       493	80000780	f7580e23	sb	x21,-132(x16)	 x16:0x8000811b x21:0x00000001 PA:0x80008097
        4955000	       494	80000784	0a280883	lb	x17,162(x16)	 x16:0x8000811b x17=0x00000076 PA:0x800081bd
        4965000	       495	80000788	010b8a83	lb	x21,16(x23)	 x23:0x80008239 x21=0x00000002 PA:0x80008249
        4975000	       496	8000078c	019f2003	lw	x0,25(x30)	 x30:0x80008563 PA:0x8000857c
        4985000	       497	80000790	0136a123	sw	x19,2(x13)	 x13:0x800080fe x19:0xffffae3f PA:0x80008100
        4995000	       498	80000794	02ef4583	lbu	x11,46(x30)	 x30:0x80008563 x11=0x0000004a PA:0x80008591
        5005000	       499	80000798	fe56c903	lbu	x18,-27(x13)	 x13:0x800080fe x18=0x00000098 PA:0x800080e3
        5015000	       500	8000079c	004f0c83	lb	x25,4(x30)	 x30:0x80008563 x25=0x0000001c PA:0x80008567
        5025000	       501	800007a0	0176c503	lbu	x10,23(x13)	 x13:0x800080fe x10=0x000000ce PA:0x80008115
        5035000	       502	800007a4	fc480503	lb	x10,-60(x16)	 x16:0x8000811b x10=0xffffff94 PA:0x800080df
        5045000	       503	800007a8	003bcc83	lbu	x25,3(x23)	 x23:0x80008239 x25=0x000000f7 PA:0x8000823c
        5055000	       504	800007ac	01bf20a3	sw	x27,1(x30)	 x30:0x80008563 x27:0x0000007c PA:0x80008564
        5065000	       505	800007b0	ff6bc183	lbu	x3,-10(x23)	 x23:0x80008239  x3=0x00000008 PA:0x8000822f
        5075000	       506	800007b4	00cbc703	lbu	x14,12(x23)	 x23:0x80008239 x14=0x000000fe PA:0x80008245
        5085000	       507	800007b8	008b8623	sb	x8,12(x23)	 x23:0x80008239  x8:0x0000005c PA:0x80008245
        5095000	       508	800007bc	fd968083	lb	x1,-39(x13)	 x13:0x800080fe  x1=0xffffff8c PA:0x800080d7
        5105000	       509	800007c0	fe5f08a3	sb	x5,-15(x30)	 x30:0x80008563  x5:0xffffaeaf PA:0x80008554
        5115000	       510	800007c4	01484283	lbu	x5,20(x16)	 x16:0x8000811b  x5=0x000000e4 PA:0x8000812f
        5125000	       511	800007c8	029f05a3	sb	x9,43(x30)	 x30:0x80008563  x9:0x80009fc4 PA:0x8000858e
        5135000	       512	800007cc	f9284983	lbu	x19,-110(x16)	 x16:0x8000811b x19=0x00000066 PA:0x800080ad
        5145000	       513	800007d0	00bb8523	sb	x11,10(x23)	 x23:0x80008239 x11:0x0000004a PA:0x80008243
        5155000	       514	800007d4	ffaf0d83	lb	x27,-6(x30)	 x30:0x80008563 x27=0x00000016 PA:0x8000855d
        5165000	       515	800007d8	fd568883	lb	x17,-43(x13)	 x13:0x800080fe x17=0xffffff88 PA:0x800080d3
        5175000	       516	800007dc	00008d97	auipc	x27,0x8	 x27=0x800087d8
        5185000	       517	800007e0	70fd8d93	addi	x27,x27,1807	 x27:0x800087d8 x27=0x80008ee7
        5195000	       518	800007e4	00008c17	auipc	x24,0x8	 x24=0x800087e0
        5205000	       519	800007e8	4bfc0c13	addi	x24,x24,1215	 x24:0x800087e0 x24=0x80008c9f
        5215000	       520	800007ec	fd5c0303	lb	x6,-43(x24)	 x24:0x80008c9f  x6=0x0000005f PA:0x80008c74
        5225000	       521	800007f0	00008e97	auipc	x29,0x8	 x29=0x800087ec
        5235000	       522	800007f4	6b8e8e93	addi	x29,x29,1720	 x29:0x800087ec x29=0x80008ea4
        5245000	       523	800007f8	fe6c24a3	sw	x6,-23(x24)	 x24:0x80008c9f  x6:0x0000005f PA:0x80008c88
        5255000	       524	800007fc	fe2c13a3	sh	x2,-25(x24)	 x24:0x80008c9f  x2:0xf1905c0d PA:0x80008c86
        5265000	       525	80000800	f79e89a3	sb	x25,-141(x29)	 x29:0x80008ea4 x25:0x000000f7 PA:0x80008e17
        5275000	       526	80000804	fcfc0323	sb	x15,-58(x24)	 x24:0x80008c9f x15:0x00000008 PA:0x80008c65
        5285000	       527	80000808	00008817	auipc	x16,0x8	 x16=0x80008804
        5295000	       528	8000080c	4bb80813	addi	x16,x16,1211	 x16:0x80008804 x16=0x80008cbf
        5305000	       529	80000810	fc7da6a3	sw	x7,-51(x27)	 x27:0x80008ee7  x7:0xffffadaa PA:0x80008eb4
        5315000	       530	80000814	f45d8723	sb	x5,-178(x27)	 x27:0x80008ee7  x5:0x000000e4 PA:0x80008e35
        5325000	       531	80000818	f5882ea3	sw	x24,-163(x16)	 x16:0x80008cbf x24:0x80008c9f PA:0x80008c1c
        5335000	       532	8000081c	05fe9323	sh	x31,70(x29)	 x29:0x80008ea4 x31:0x00008e8f PA:0x80008eea
        5345000	       533	80000820	06ed8203	lb	x4,110(x27)	 x27:0x80008ee7  x4=0x0000003e PA:0x80008f55
        5355000	       534	80000824	0ef84c83	lbu	x25,239(x16)	 x16:0x80008cbf x25=0x00000095 PA:0x80008dae
        5365000	       535	80000828	f97d8523	sb	x23,-118(x27)	 x27:0x80008ee7 x23:0x80008239 PA:0x80008e71
        5375000	       536	8000082c	072e8f23	sb	x18,126(x29)	 x29:0x80008ea4 x18:0x00000098 PA:0x80008f22
        5385000	       537	80000830	f99ec083	lbu	x1,-103(x29)	 x29:0x80008ea4  x1=0x00000026 PA:0x80008e3d
        5395000	       538	80000834	fd2c4003	lbu	x0,-46(x24)	 x24:0x80008c9f PA:0x80008c71
        5405000	       539	80000838	06fdd183	lhu	x3,111(x27)	 x27:0x80008ee7  x3=0x00003c3d PA:0x80008f56
        5415000	       540	8000083c	f32d8b83	lb	x23,-206(x27)	 x27:0x80008ee7 x23=0x00000002 PA:0x80008e19
        5425000	       541	80000840	03dc1903	lh	x18,61(x24)	 x24:0x80008c9f x18=0xffffc6c7 PA:0x80008cdc
        5435000	       542	80000844	00284003	lbu	x0,2(x16)	 x16:0x80008cbf PA:0x80008cc1
        5445000	       543	80000848	09581203	lh	x4,149(x16)	 x16:0x80008cbf  x4=0x00003e3f PA:0x80008d54
        5455000	       544	8000084c	b94826a3	sw	x20,-1139(x16)	 x16:0x80008cbf x20:0x00000000 PA:0x8000884c
        5465000	       545	80000850	fcbdd703	lhu	x14,-53(x27)	 x27:0x80008ee7 x14=0x00009899 PA:0x80008eb2
        5475000	       546	80000854	f93ec303	lbu	x6,-109(x29)	 x29:0x80008ea4  x6=0x0000001c PA:0x80008e37
        5485000	       547	80000858	b6f811a3	sh	x15,-1181(x16)	 x16:0x80008cbf x15:0x00000008 PA:0x80008822
        5495000	       548	8000085c	00008c97	auipc	x25,0x8	 x25=0x80008858
        5505000	       549	80000860	3b9c8c93	addi	x25,x25,953	 x25:0x80008858 x25=0x80008c11
        5515000	       550	80000864	fdbccc03	lbu	x24,-37(x25)	 x25:0x80008c11 x24=0x000000d7 PA:0x80008bec
        5525000	       551	80000868	fdbc8983	lb	x19,-37(x25)	 x25:0x80008c11 x19=0xffffffd7 PA:0x80008bec
        5535000	       552	8000086c	fdbc8003	lb	x0,-37(x25)	 x25:0x80008c11 PA:0x80008bec
        5545000	       553	80000870	00000013	addi	x0,x0,0	  x0:0x00000000
        5555000	       554	80000874	0136a3b3	slt	x7,x13,x19	 x13:0x800080fe x19:0xffffffd7  x7=0x00000001
        5565000	       555	80000878	fc9cada3	sw	x9,-37(x25)	 x25:0x80008c11  x9:0x80009fc4 PA:0x80008bec
        5575000	       556	8000087c	fdbcd903	lhu	x18,-37(x25)	 x25:0x80008c11 x18=0x00009fc4 PA:0x80008bec
        5585000	       557	80000880	fdbc8583	lb	x11,-37(x25)	 x25:0x80008c11 x11=0xffffffc4 PA:0x80008bec
        5595000	       558	80000884	fdbcc403	lbu	x8,-37(x25)	 x25:0x80008c11  x8=0x000000c4 PA:0x80008bec
        5605000	       559	80000888	fdbcc883	lbu	x17,-37(x25)	 x25:0x80008c11 x17=0x000000c4 PA:0x80008bec
        5615000	       560	8000088c	fdbca303	lw	x6,-37(x25)	 x25:0x80008c11  x6=0x80009fc4 PA:0x80008bec
        5625000	       561	80000890	fdbc9083	lh	x1,-37(x25)	 x25:0x80008c11  x1=0xffff9fc4 PA:0x80008bec
        5635000	       562	80000894	18a6ed13	ori	x26,x13,394	 x13:0x800080fe x26=0x800081fe
        5645000	       563	80000898	40908033	sub	x0,x1,x9	  x1:0xffff9fc4  x9:0x80009fc4
        5655000	       564	8000089c	fdbcaa03	lw	x20,-37(x25)	 x25:0x80008c11 x20=0x80009fc4 PA:0x80008bec
        5665000	       565	800008a0	00008f97	auipc	x31,0x8	 x31=0x8000889c
        5675000	       566	800008a4	60af8f93	addi	x31,x31,1546	 x31:0x8000889c x31=0x80008ea6
        5685000	       567	800008a8	00b7bc33	sltu	x24,x15,x11	 x15:0x00000008 x11:0xffffffc4 x24=0x00000001
        5695000	       568	800008ac	075f8083	lb	x1,117(x31)	 x31:0x80008ea6  x1=0x00000000 PA:0x80008f1b
        5705000	       569	800008b0	ffefa783	lw	x15,-2(x31)	 x31:0x80008ea6 x15=0x0d8d8e8f PA:0x80008ea4
        5715000	       570	800008b4	0050a333	slt	x6,x1,x5	  x1:0x00000000  x5:0x000000e4  x6=0x00000001
        5725000	       571	800008b8	0e73b413	sltiu	x8,x7,231	  x7:0x00000001  x8=0x00000001
        5735000	       572	800008bc	005fa123	sw	x5,2(x31)	 x31:0x80008ea6  x5:0x000000e4 PA:0x80008ea8
        5745000	       573	800008c0	012ed693	srli	x13,x29,0x12	 x29:0x80008ea4 x13=0x00002000
        5755000	       574	800008c4	00cf80a3	sb	x12,1(x31)	 x31:0x80008ea6 x12:0x80009f84 PA:0x80008ea7
        5765000	       575	800008c8	028f9003	lh	x0,40(x31)	 x31:0x80008ea6 PA:0x80008ece
        5775000	       576	800008cc	0d9f8983	lb	x19,217(x31)	 x31:0x80008ea6 x19=0x00000064 PA:0x80008f7f
        5785000	       577	800008d0	f6ff8da3	sb	x15,-133(x31)	 x31:0x80008ea6 x15:0x0d8d8e8f PA:0x80008e21
        5795000	       578	800008d4	00000013	addi	x0,x0,0	  x0:0x00000000
        5805000	       579	800008d8	00d09213	slli	x4,x1,0xd	  x1:0x00000000  x4=0x00000000
        5815000	       580	800008dc	e0603013	sltiu	x0,x0,-506	  x0:0x00000000
        5825000	       581	800008e0	02ffc303	lbu	x6,47(x31)	 x31:0x80008ea6  x6=0x000000be PA:0x80008ed5
        5835000	       582	800008e4	f0ef8fa3	sb	x14,-225(x31)	 x31:0x80008ea6 x14:0x00009899 PA:0x80008dc5
        5845000	       583	800008e8	ff4fa523	sw	x20,-22(x31)	 x31:0x80008ea6 x20:0x80009fc4 PA:0x80008e90
        5855000	       584	800008ec	065fcb03	lbu	x22,101(x31)	 x31:0x80008ea6 x22=0x000000f0 PA:0x80008f0b
        5865000	       585	800008f0	030fd183	lhu	x3,48(x31)	 x31:0x80008ea6  x3=0x0000bcbd PA:0x80008ed6
        5875000	       586	800008f4	05cfc283	lbu	x5,92(x31)	 x31:0x80008ea6  x5=0x000000e9 PA:0x80008f02
        5885000	       587	800008f8	006a7bb3	and	x23,x20,x6	 x20:0x80009fc4  x6:0x000000be x23=0x00000084
        5895000	       588	800008fc	007e6cb3	or	x25,x28,x7	 x28:0x800086b6  x7:0x00000001 x25=0x800086b7
        5905000	       589	80000900	00497b33	and	x22,x18,x4	 x18:0x00009fc4  x4:0x00000000 x22=0x00000000
        5915000	       590	80000904	401989b3	sub	x19,x19,x1	 x19:0x00000064  x1:0x00000000 x19=0x00000064
        5925000	       591	80000908	0a9f9a23	sh	x9,180(x31)	 x31:0x80008ea6  x9:0x80009fc4 PA:0x80008f5a
        5935000	       592	8000090c	08afc883	lbu	x17,138(x31)	 x31:0x80008ea6 x17=0x0000001b PA:0x80008f30
        5945000	       593	80000910	01efcdb3	xor	x27,x31,x30	 x31:0x80008ea6 x30:0x80008563 x27=0x00000bc5
        5955000	       594	80000914	f6df82a3	sb	x13,-155(x31)	 x31:0x80008ea6 x13:0x00002000 PA:0x80008e0b
        5965000	       595	80000918	41b78a33	sub	x20,x15,x27	 x15:0x0d8d8e8f x27:0x00000bc5 x20=0x0d8d82ca
        5975000	       596	8000091c	f73f8423	sb	x19,-152(x31)	 x31:0x80008ea6 x19:0x00000064 PA:0x80008e0e
        5985000	       597	80000920	0d7f8ca3	sb	x23,217(x31)	 x31:0x80008ea6 x23:0x00000084 PA:0x80008f7f
        5995000	       598	80000924	0185b9b3	sltu	x19,x11,x24	 x11:0xffffffc4 x24:0x00000001 x19=0x00000000
        6005000	       599	80000928	400283b3	sub	x7,x5,x0	  x5:0x000000e9  x0:0x00000000  x7=0x000000e9
        6015000	       600	8000092c	0e0fd083	lhu	x1,224(x31)	 x31:0x80008ea6  x1=0x00006c6d PA:0x80008f86
        6025000	       601	80000930	fc4f8a03	lb	x20,-60(x31)	 x31:0x80008ea6 x20=0x00000051 PA:0x80008e6a
        6035000	       602	80000934	fa2fc783	lbu	x15,-94(x31)	 x31:0x80008ea6 x15=0x00000033 PA:0x80008e48
        6045000	       603	80000938	01ddbeb3	sltu	x29,x27,x29	 x27:0x00000bc5 x29:0x80008ea4 x29=0x00000001
        6055000	       604	8000093c	01557ab3	and	x21,x10,x21	 x10:0xffffff94 x21:0x00000002 x21=0x00000000
        6065000	       605	80000940	0027bd33	sltu	x26,x15,x2	 x15:0x00000033  x2:0xf1905c0d x26=0x00000001
        6075000	       606	80000944	0100ed33	or	x26,x1,x16	  x1:0x00006c6d x16:0x80008cbf x26=0x8000ecff
        6085000	       607	80000948	f4df8a03	lb	x20,-179(x31)	 x31:0x80008ea6 x20=0xffffffd8 PA:0x80008df3
        6095000	       608	8000094c	013e3833	sltu	x16,x28,x19	 x28:0x800086b6 x19:0x00000000 x16=0x00000000
        6105000	       609	80000950	41dadd93	srai	x27,x21,0x1d	 x21:0x00000000 x27=0x00000000
        6115000	       610	80000954	01c31413	slli	x8,x6,0x1c	  x6:0x000000be  x8=0xe0000000
        6125000	       611	80000958	0d7f8303	lb	x6,215(x31)	 x31:0x80008ea6  x6=0x00000066 PA:0x80008f7d
        6135000	       612	8000095c	fdafcb03	lbu	x22,-38(x31)	 x31:0x80008ea6 x22=0x0000006b PA:0x80008e80
        6145000	       613	00000000	00000013	addi	x0,x0,0	  x0:0x00000000
        6155000	       614	80000960	01605833	srl	x16,x0,x22	  x0:0x00000000 x22:0x0000006b x16=0x00000000
        6165000	       615	80000964	00f80933	add	x18,x16,x15	 x16:0x00000000 x15:0x00000033 x18=0x00000033
        6175000	       616	80000968	021fcf03	lbu	x30,33(x31)	 x31:0x80008ea6 x30=0x000000ac PA:0x80008ec7
        6185000	       617	8000096c	002279b3	and	x19,x4,x2	  x4:0x00000000  x2:0xf1905c0d x19=0x00000000
        6195000	       618	80000970	fd4f9523	sh	x20,-54(x31)	 x31:0x80008ea6 x20:0xffffffd8 PA:0x80008e70
        6205000	       619	80000974	01ef9c23	sh	x30,24(x31)	 x31:0x80008ea6 x30:0x000000ac PA:0x80008ebe
        6215000	       620	80000978	00008197	auipc	x3,0x8	  x3=0x80008974
        6225000	       621	8000097c	c1818193	addi	x3,x3,-1000	  x3:0x80008974  x3=0x8000858c
        6235000	       622	80000980	00000013	addi	x0,x0,0	  x0:0x00000000
        6245000	       623	80000984	81854413	xori	x8,x10,-2024	 x10:0xffffff94  x8=0x0000078c
        6255000	       624	80000988	fd21cc83	lbu	x25,-46(x3)	  x3:0x8000858c x25=0x00000015 PA:0x8000855e
        6265000	       625	8000098c	fc918e03	lb	x28,-55(x3)	  x3:0x8000858c x28=0x0000000e PA:0x80008555
        6275000	       626	80000990	60ab1db7	lui	x27,0x60ab1	 x27=0x60ab1000
        6285000	       627	80000994	0191d713	srli	x14,x3,0x19	  x3:0x8000858c x14=0x00000040
        6295000	       628	80000998	0211ca83	lbu	x21,33(x3)	  x3:0x8000858c x21=0x00000066 PA:0x800085ad
        6305000	       629	8000099c	b62b8413	addi	x8,x23,-1182	 x23:0x00000084  x8=0xfffffbe6
        6315000	       630	800009a0	f645da97	auipc	x21,0xf645d	 x21=0x7645d99c
        6325000	       631	800009a4	01d54b33	xor	x22,x10,x29	 x10:0xffffff94 x29:0x00000001 x22=0xffffff95
        6335000	       632	800009a8	fc41a023	sw	x4,-64(x3)	  x3:0x8000858c  x4:0x00000000 PA:0x8000854c
        6345000	       633	800009ac	03318323	sb	x19,38(x3)	  x3:0x8000858c x19:0x00000000 PA:0x800085b2
        6355000	       634	800009b0	03319823	sh	x19,48(x3)	  x3:0x8000858c x19:0x00000000 PA:0x800085bc
        6365000	       635	800009b4	168ccb93	xori	x23,x25,360	 x25:0x00000015 x23=0x0000017d
        6375000	       636	800009b8	97f4cc93	xori	x25,x9,-1665	  x9:0x80009fc4 x25=0x7fff66bb
        6385000	       637	800009bc	fd218803	lb	x16,-46(x3)	  x3:0x8000858c x16=0x00000015 PA:0x8000855e
        6395000	       638	800009c0	fd318083	lb	x1,-45(x3)	  x3:0x8000858c  x1=0x00000014 PA:0x8000855f
        6405000	       639	800009c4	02e1c983	lbu	x19,46(x3)	  x3:0x8000858c x19=0x00000071 PA:0x800085ba
        6415000	       640	800009c8	20d35cb7	lui	x25,0x20d35	 x25=0x20d35000
        6425000	       641	800009cc	ef00fd13	andi	x26,x1,-272	  x1:0x00000014 x26=0x00000010
        6435000	       642	800009d0	20448a93	addi	x21,x9,516	  x9:0x80009fc4 x21=0x8000a1c8
        6445000	       643	800009d4	ff01c383	lbu	x7,-16(x3)	  x3:0x8000858c  x7=0x00000037 PA:0x8000857c
        6455000	       644	800009d8	03c19923	sh	x28,50(x3)	  x3:0x8000858c x28:0x0000000e PA:0x800085be
        6465000	       645	800009dc	fde18e83	lb	x29,-34(x3)	  x3:0x8000858c x29=0x00000021 PA:0x8000856a
        6475000	       646	800009e0	fe619d83	lh	x27,-26(x3)	  x3:0x8000858c x27=0x00002829 PA:0x80008572
        6485000	       647	800009e4	40a85d33	sra	x26,x16,x10	 x16:0x00000015 x10:0xffffff94 x26=0x00000000
        6495000	       648	800009e8	41735733	sra	x14,x6,x23	  x6:0x00000066 x23:0x0000017d x14=0x00000000
        6505000	       649	800009ec	00ad00b3	add	x1,x26,x10	 x26:0x00000000 x10:0xffffff94  x1=0xffffff94
        6515000	       650	800009f0	40845e93	srai	x29,x8,0x8	  x8:0xfffffbe6 x29=0xfffffffb
        6525000	       651	800009f4	03a19c23	sh	x26,56(x3)	  x3:0x8000858c x26:0x00000000 PA:0x800085c4
        6535000	       652	800009f8	41bddeb3	sra	x29,x27,x27	 x27:0x00002829 x27:0x00002829 x29=0x00000014
        6545000	       653	800009fc	ff818d83	lb	x27,-8(x3)	  x3:0x8000858c x27=0x0000003f PA:0x80008584
        6555000	       654	80000a00	00e19f23	sh	x14,30(x3)	  x3:0x8000858c x14:0x00000000 PA:0x800085aa
        6565000	       655	80000a04	0062dd93	srli	x27,x5,0x6	  x5:0x000000e9 x27=0x00000003
        6575000	       656	80000a08	3231bd13	sltiu	x26,x3,803	  x3:0x8000858c x26=0x00000000
        6585000	       657	80000a0c	a5f5e693	ori	x13,x11,-1441	 x11:0xffffffc4 x13=0xffffffdf
        6595000	       658	80000a10	01118b23	sb	x17,22(x3)	  x3:0x8000858c x17:0x0000001b PA:0x800085a2
        6605000	       659	80000a14	00c120b3	slt	x1,x2,x12	  x2:0xf1905c0d x12:0x80009f84  x1=0x00000000
        6615000	       660	80000a18	0083f733	and	x14,x7,x8	  x7:0x00000037  x8:0xfffffbe6 x14=0x00000026
        6625000	       661	80000a1c	10186813	ori	x16,x16,257	 x16:0x00000015 x16=0x00000115
        6635000	       662	80000a20	00094ab3	xor	x21,x18,x0	 x18:0x00000033  x0:0x00000000 x21=0x00000033
        6645000	       663	80000a24	009c33b3	sltu	x7,x24,x9	 x24:0x00000001  x9:0x80009fc4  x7=0x00000001
        6655000	       664	80000a28	00895a33	srl	x20,x18,x8	 x18:0x00000033  x8:0xfffffbe6 x20=0x00000000
        6665000	       665	80000a2c	fea19923	sh	x10,-14(x3)	  x3:0x8000858c x10:0xffffff94 PA:0x8000857e
        6675000	       666	80000a30	00008d97	auipc	x27,0x8	 x27=0x80008a2c
        6685000	       667	80000a34	9e4d8d93	addi	x27,x27,-1564	 x27:0x80008a2c x27=0x80008410
        6695000	       668	80000a38	401302b3	sub	x5,x6,x1	  x6:0x00000066  x1:0x00000000  x5=0x00000066
        6705000	       669	80000a3c	167d8a03	lb	x20,359(x27)	 x27:0x80008410 x20=0x0000002c PA:0x80008577
        6715000	       670	80000a40	d0bdcb83	lbu	x23,-757(x27)	 x27:0x80008410 x23=0x000000d0 PA:0x8000811b
        6725000	       671	80000a44	d9dd8123	sb	x29,-638(x27)	 x27:0x80008410 x29:0x00000014 PA:0x80008192
        6735000	       672	80000a48	d88bf793	andi	x15,x23,-632	 x23:0x000000d0 x15=0x00000080
        6745000	       673	80000a4c	2301c413	xori	x8,x3,560	  x3:0x8000858c  x8=0x800087bc
        6755000	       674	80000a50	095dc303	lbu	x6,149(x27)	 x27:0x80008410  x6=0x0000005e PA:0x800084a5
        6765000	       675	80000a54	33adc303	lbu	x6,826(x27)	 x27:0x80008410  x6=0x00000001 PA:0x8000874a
        6775000	       676	80000a58	fe227c93	andi	x25,x4,-30	  x4:0x00000000 x25=0x00000000
        6785000	       677	80000a5c	00d1d313	srli	x6,x3,0xd	  x3:0x8000858c  x6=0x00040004
        6795000	       678	80000a60	254da303	lw	x6,596(x27)	 x27:0x80008410  x6=0x1c1d1e1f PA:0x80008664
        6805000	       679	80000a64	0a7d8523	sb	x7,170(x27)	 x27:0x80008410  x7:0x00000001 PA:0x800084ba
        6815000	       680	80000a68	01c65393	srli	x7,x12,0x1c	 x12:0x80009f84  x7=0x00000008
        6825000	       681	80000a6c	08f9f893	andi	x17,x19,143	 x19:0x00000071 x17=0x00000001
        6835000	       682	80000a70	ee1dcb03	lbu	x22,-287(x27)	 x27:0x80008410 x22=0x000000aa PA:0x800082f1
        6845000	       683	80000a74	00000013	addi	x0,x0,0	  x0:0x00000000
        6855000	       684	80000a78	2d681397	auipc	x7,0x2d681	  x7=0xad681a74
        6865000	       685	80000a7c	1b6d8b83	lb	x23,438(x27)	 x27:0x80008410 x23=0x0000007d PA:0x800085c6
        6875000	       686	80000a80	94ecb193	sltiu	x3,x25,-1714	 x25:0x00000000  x3=0x00000001
        6885000	       687	80000a84	011d1833	sll	x16,x26,x17	 x26:0x00000000 x17:0x00000001 x16=0x00000000
        6895000	       688	80000a88	b1314b97	auipc	x23,0xb1314	 x23=0x31314a84
        6905000	       689	80000a8c	40450033	sub	x0,x10,x4	 x10:0xffffff94  x4:0x00000000
        6915000	       690	80000a90	0e517c13	andi	x24,x2,229	  x2:0xf1905c0d x24=0x00000005
        6925000	       691	80000a94	dbf0ee93	ori	x29,x1,-577	  x1:0x00000000 x29=0xfffffdbf
        6935000	       692	80000a98	86afc013	xori	x0,x31,-1942	 x31:0x80008ea6
        6945000	       693	80000a9c	e2bd8a83	lb	x21,-469(x27)	 x27:0x80008410 x21=0xfffffff0 PA:0x8000823b
        6955000	       694	80000aa0	4135d793	srai	x15,x11,0x13	 x11:0xffffffc4 x15=0xffffffff
        6965000	       695	80000aa4	c75d8c83	lb	x25,-907(x27)	 x27:0x80008410 x25=0x0000003e PA:0x80008085
        6975000	       696	80000aa8	efcd8783	lb	x15,-260(x27)	 x27:0x80008410 x15=0xffffffc7 PA:0x8000830c
        6985000	       697	00000000	00000013	addi	x0,x0,0	  x0:0x00000000
        6995000	       698	80000aac	00ff01b3	add	x3,x30,x15	 x30:0x000000ac x15:0xffffffc7  x3=0x00000073
        7005000	       699	80000ab0	0142f933	and	x18,x5,x20	  x5:0x00000066 x20:0x0000002c x18=0x00000024
        7015000	       700	80000ab4	e2dd8d23	sb	x13,-454(x27)	 x27:0x80008410 x13:0xffffffdf PA:0x8000824a
        7025000	       701	80000ab8	cdbd8003	lb	x0,-805(x27)	 x27:0x80008410 PA:0x800080eb
        7035000	       702	80000abc	bbf28a13	addi	x20,x5,-1089	  x5:0x00000066 x20=0xfffffc25
        7045000	       703	80000ac0	009df2b3	and	x5,x27,x9	 x27:0x80008410  x9:0x80009fc4  x5=0x80008400
        7055000	       704	80000ac4	1f5d84a3	sb	x21,489(x27)	 x27:0x80008410 x21:0xfffffff0 PA:0x800085f9
        7065000	       705	80000ac8	8db64813	xori	x16,x12,-1829	 x12:0x80009f84 x16=0x7fff675f
        7075000	       706	80000acc	0da56893	ori	x17,x10,218	 x10:0xffffff94 x17=0xffffffde
        7085000	       707	80000ad0	3b8d9723	sh	x24,942(x27)	 x27:0x80008410 x24:0x00000005 PA:0x800087be
        7095000	       708	80000ad4	c41d8da3	sb	x1,-933(x27)	 x27:0x80008410  x1:0x00000000 PA:0x8000806b
        7105000	       709	80000ad8	00008c17	auipc	x24,0x8	 x24=0x80008ad4
        7115000	       710	80000adc	892c0c13	addi	x24,x24,-1902	 x24:0x80008ad4 x24=0x80008366
        7125000	       711	80000ae0	f85c2523	sw	x5,-118(x24)	 x24:0x80008366  x5:0x80008400 PA:0x800082f0
        7135000	       712	80000ae4	e2dc0803	lb	x16,-467(x24)	 x24:0x80008366 x16=0x00000048 PA:0x80008193
        7145000	       713	80000ae8	cd204193	xori	x3,x0,-814	  x0:0x00000000  x3=0xfffffcd2
        7155000	       714	80000aec	192c5e83	lhu	x29,402(x24)	 x24:0x80008366 x29=0x0000b2b3 PA:0x800084f8
        7165000	       715	00000000	00000013	addi	x0,x0,0	  x0:0x00000000
        7175000	       716	80000af0	014eed33	or	x26,x29,x20	 x29:0x0000b2b3 x20:0xfffffc25 x26=0xfffffeb7
        7185000	       717	80000af4	00000013	addi	x0,x0,0	  x0:0x00000000
        7195000	       718	80000af8	12a4ae93	slti	x29,x9,298	  x9:0x80009fc4 x29=0x00000001
        7205000	       719	80000afc	d2ac1983	lh	x19,-726(x24)	 x24:0x80008366 x19=0x00004a4b PA:0x80008090
        7215000	       720	80000b00	f81c4b83	lbu	x23,-127(x24)	 x24:0x80008366 x23=0x0000009c PA:0x800082e7
        7225000	       721	80000b04	2e0c0ca3	sb	x0,761(x24)	 x24:0x80008366  x0:0x00000000 PA:0x8000865f
        7235000	       722	80000b08	3f034893	xori	x17,x6,1008	  x6:0x1c1d1e1f x17=0x1c1d1def
        7245000	       723	80000b0c	e98c0b83	lb	x23,-360(x24)	 x24:0x80008366 x23=0xffffffb5 PA:0x800081fe
        7255000	       724	80000b10	01b5f9b3	and	x19,x11,x27	 x11:0xffffffc4 x27:0x80008410 x19=0x80008400
        7265000	       725	80000b14	210c5283	lhu	x5,528(x24)	 x24:0x80008366  x5=0x00002c2d PA:0x80008576
        7275000	       726	80000b18	2a1c0403	lb	x8,673(x24)	 x24:0x80008366  x8=0xffffffbc PA:0x80008607
        7285000	       727	80000b1c	8590be13	sltiu	x28,x1,-1959	  x1:0x00000000 x28=0x00000001
        7295000	       728	80000b20	42ec0a03	lb	x20,1070(x24)	 x24:0x80008366 x20=0x0000004f PA:0x80008794
        7305000	       729	80000b24	01dc00a3	sb	x29,1(x24)	 x24:0x80008366 x29:0x00000001 PA:0x80008367
        7315000	       730	80000b28	ce0ace13	xori	x28,x21,-800	 x21:0xfffffff0 x28=0x00000310
        7325000	       731	80000b2c	41785413	srai	x8,x16,0x17	 x16:0x00000048  x8=0x00000000
        7335000	       732	80000b30	06ac2803	lw	x16,106(x24)	 x24:0x80008366 x16=0x88898a8b PA:0x800083d0
        7345000	       733	80000b34	00000013	addi	x0,x0,0	  x0:0x00000000
        7355000	       734	80000b38	a924ad13	slti	x26,x9,-1390	  x9:0x80009fc4 x26=0x00000001
        7365000	       735	80000b3c	ee8c1a83	lh	x21,-280(x24)	 x24:0x80008366 x21=0x00000405 PA:0x8000824e
        7375000	       736	80000b40	423c4c83	lbu	x25,1059(x24)	 x24:0x80008366 x25=0x00000042 PA:0x80008789
        7385000	       737	00000000	00000013	addi	x0,x0,0	  x0:0x00000000
        7395000	       738	80000b44	003cd793	srli	x15,x25,0x3	 x25:0x00000042 x15=0x00000008
        7405000	       739	80000b48	8bd4e813	ori	x16,x9,-1859	  x9:0x80009fc4 x16=0xfffffffd
        7415000	       740	80000b4c	ae4e6913	ori	x18,x28,-1308	 x28:0x00000310 x18=0xfffffbf4
        7425000	       741	80000b50	5e768ab7	lui	x21,0x5e768	 x21=0x5e768000
        7435000	       742	80000b54	217c4a83	lbu	x21,535(x24)	 x24:0x80008366 x21=0x00000036 PA:0x8000857d
        7445000	       743	80000b58	266c1983	lh	x19,614(x24)	 x24:0x80008366 x19=0xffff8687 PA:0x800085cc
        7455000	       744	80000b5c	015d1ab3	sll	x21,x26,x21	 x26:0x00000001 x21:0x00000036 x21=0x00400000
        7465000	       745	80000b60	0c5c0423	sb	x5,200(x24)	 x24:0x80008366  x5:0x00002c2d PA:0x8000842e
        7475000	       746	80000b64	ba6e8a93	addi	x21,x29,-1114	 x29:0x00000001 x21=0xfffffba7
        7485000	       747	80000b68	00890933	add	x18,x18,x8	 x18:0xfffffbf4  x8:0x00000000 x18=0xfffffbf4
        7495000	       748	80000b6c	42ac2a03	lw	x20,1066(x24)	 x24:0x80008366 x20=0x48494a4b PA:0x80008790
        7505000	       749	80000b70	00007d97	auipc	x27,0x7	 x27=0x80007b6c
        7515000	       750	80000b74	699d8d93	addi	x27,x27,1689	 x27:0x80007b6c x27=0x80008205
        7525000	       751	80000b78	ffed8b83	lb	x23,-2(x27)	 x27:0x80008205 x23=0xffffffb8 PA:0x80008203
        7535000	       752	80000b7c	00007297	auipc	x5,0x7	  x5=0x80007b78
        7545000	       753	80000b80	58328293	addi	x5,x5,1411	  x5:0x80007b78  x5=0x800080fb
        7555000	       754	80000b84	00008a17	auipc	x20,0x8	 x20=0x80008b80
        7565000	       755	80000b88	c41a0a13	addi	x20,x20,-959	 x20:0x80008b80 x20=0x800087c1
        7575000	       756	80000b8c	00007b17	auipc	x22,0x7	 x22=0x80007b88
        7585000	       757	80000b90	55cb0b13	addi	x22,x22,1372	 x22:0x80007b88 x22=0x800080e4
        7595000	       758	80000b94	fd928903	lb	x18,-39(x5)	  x5:0x800080fb x18=0xffffff8f PA:0x800080d4
        7605000	       759	80000b98	00128303	lb	x6,1(x5)	  x5:0x800080fb  x6=0xffffffb7 PA:0x800080fc
        7615000	       760	80000b9c	ffda1ea3	sh	x29,-3(x20)	 x20:0x800087c1 x29:0x00000001 PA:0x800087be
        7625000	       761	80000ba0	fcd2d003	lhu	x0,-51(x5)	  x5:0x800080fb PA:0x800080c8
        7635000	       762	80000ba4	fd6a4c03	lbu	x24,-42(x20)	 x20:0x800087c1 x24=0x0000004c PA:0x80008797
        7645000	       763	80000ba8	51ab0183	lb	x3,1306(x22)	 x22:0x800080e4  x3=0xffffffb5 PA:0x800085fe
        7655000	       764	80000bac	026a0083	lb	x1,38(x20)	 x20:0x800087c1  x1=0xffffff9c PA:0x800087e7
        7665000	       765	80000bb0	243b0403	lb	x8,579(x22)	 x22:0x800080e4  x8=0xffffffdc PA:0x80008327
        7675000	       766	80000bb4	000a4f03	lbu	x30,0(x20)	 x20:0x800087c1 x30=0x0000007a PA:0x800087c1
        7685000	       767	80000bb8	00aa18a3	sh	x10,17(x20)	 x20:0x800087c1 x10:0xffffff94 PA:0x800087d2
        7695000	       768	80000bbc	00228023	sb	x2,0(x5)	  x5:0x800080fb  x2:0xf1905c0d PA:0x800080fb
        7705000	       769	80000bc0	fc2d8ea3	sb	x2,-35(x27)	 x27:0x80008205  x2:0xf1905c0d PA:0x800081e2
        7715000	       770	80000bc4	1e4b0883	lb	x17,484(x22)	 x22:0x800080e4 x17=0xffffff83 PA:0x800082c8
        7725000	       771	80000bc8	5e0b0303	lb	x6,1504(x22)	 x22:0x800080e4  x6=0x0000007f PA:0x800086c4
        7735000	       772	80000bcc	ffc29ca3	sh	x28,-7(x5)	  x5:0x800080fb x28:0x00000310 PA:0x800080f4
        7745000	       773	80000bd0	30cb0403	lb	x8,780(x22)	 x22:0x800080e4  x8=0xffffffab PA:0x800083f0
        7755000	       774	80000bd4	ffea0e83	lb	x29,-2(x20)	 x20:0x800087c1 x29=0x00000000 PA:0x800087bf
        7765000	       775	80000bd8	480b1023	sh	x0,1152(x22)	 x22:0x800080e4  x0:0x00000000 PA:0x80008564
        7775000	       776	80000bdc	fcfa5f03	lhu	x30,-49(x20)	 x20:0x800087c1 x30=0x00004a4b PA:0x80008790
        7785000	       777	80000be0	fefdde03	lhu	x28,-17(x27)	 x27:0x80008205 x28=0x0000aeaf PA:0x800081f4
        7795000	       778	80000be4	020a0f03	lb	x30,32(x20)	 x20:0x800087c1 x30=0xffffff9a PA:0x800087e1
        7805000	       779	80000be8	036d8683	lb	x13,54(x27)	 x27:0x80008205 x13=0xfffffff0 PA:0x8000823b
        7815000	       780	80000bec	fc72c403	lbu	x8,-57(x5)	  x5:0x800080fb  x8=0x00000079 PA:0x800080c2
        7825000	       781	80000bf0	039d8d23	sb	x25,58(x27)	 x27:0x80008205 x25:0x00000042 PA:0x8000823f
        7835000	       782	80000bf4	017b4d03	lbu	x26,23(x22)	 x22:0x800080e4 x26=0x0000000d PA:0x800080fb
        7845000	       783	80000bf8	00008d17	auipc	x26,0x8	 x26=0x80008bf4
        7855000	       784	80000bfc	f9dd0d13	addi	x26,x26,-99	 x26:0x80008bf4 x26=0x80008b91
        7865000	       785	80000c00	1f4d4503	lbu	x10,500(x26)	 x26:0x80008b91 x10=0x0000006e PA:0x80008d85
        7875000	       786	80000c04	d9dd1d83	lh	x27,-611(x26)	 x26:0x80008b91 x27=0x000014f6 PA:0x8000892e
        7885000	       787	80000c08	359d4703	lbu	x14,857(x26)	 x26:0x80008b91 x14=0x0000008f PA:0x80008eea
        7895000	       788	80000c0c	0d4d4083	lbu	x1,212(x26)	 x26:0x80008b91  x1=0x00000008 PA:0x80008c65
        7905000	       789	80000c10	1d3d21a3	sw	x19,451(x26)	 x26:0x80008b91 x19:0xffff8687 PA:0x80008d54
        7915000	       790	80000c14	f7bd5903	lhu	x18,-133(x26)	 x26:0x80008b91 x18=0x0000f6f7 PA:0x80008b0c
        7925000	       791	80000c18	f7bd0303	lb	x6,-133(x26)	 x26:0x80008b91  x6=0xfffffff7 PA:0x80008b0c
        7935000	       792	80000c1c	149d5a83	lhu	x21,329(x26)	 x26:0x80008b91 x21=0x0000c0c1 PA:0x80008cda
        7945000	       793	80000c20	00e879b3	and	x19,x16,x14	 x16:0xfffffffd x14:0x0000008f x19=0x0000008d
        7955000	       794	80000c24	cb2d07a3	sb	x18,-849(x26)	 x26:0x80008b91 x18:0x0000f6f7 PA:0x80008840
        7965000	       795	80000c28	0dad0783	lb	x15,218(x26)	 x26:0x80008b91 x15=0x00000050 PA:0x80008c6b
        7975000	       796	80000c2c	c9bd1183	lh	x3,-869(x26)	 x26:0x80008b91  x3=0x00001617 PA:0x8000882c
        7985000	       797	80000c30	020d4683	lbu	x13,32(x26)	 x26:0x80008b91 x13=0x0000009a PA:0x80008bb1
        7995000	       798	80000c34	096d08a3	sb	x22,145(x26)	 x26:0x80008b91 x22:0x800080e4 PA:0x80008c22
        8005000	       799	80000c38	41edd6b3	sra	x13,x27,x30	 x27:0x000014f6 x30:0xffffff9a x13=0x00000000
        8015000	       800	80000c3c	32bd4f03	lbu	x30,811(x26)	 x26:0x80008b91 x30=0x0000000f PA:0x80008ebc
        8025000	       801	80000c40	d93d21a3	sw	x19,-637(x26)	 x26:0x80008b91 x19:0x0000008d PA:0x80008914
        8035000	       802	80000c44	d83d4583	lbu	x11,-637(x26)	 x26:0x80008b91 x11=0x0000008d PA:0x80008914
        8045000	       803	80000c48	d83d2c83	lw	x25,-637(x26)	 x26:0x80008b91 x25=0x0000008d PA:0x80008914
        8055000	       804	80000c4c	b4b1a297	auipc	x5,0xb4b1a	  x5=0x34b1ac48
        8065000	       805	80000c50	379d1903	lh	x18,889(x26)	 x26:0x80008b91 x18=0xfffff0f1 PA:0x80008f0a
        8075000	       806	80000c54	00008e97	auipc	x29,0x8	 x29=0x80008c50
        8085000	       807	80000c58	147e8e93	addi	x29,x29,327	 x29:0x80008c50 x29=0x80008d97
        8095000	       808	80000c5c	001f1193	slli	x3,x30,0x1	 x30:0x0000000f  x3=0x0000001e
        8105000	       809	80000c60	00fd8db3	add	x27,x27,x15	 x27:0x000014f6 x15:0x00000050 x27=0x00001546
        8115000	       810	80000c64	ffce8203	lb	x4,-4(x29)	 x29:0x80008d97  x4=0x00000078 PA:0x80008d93
        8125000	       811	80000c68	ffcec583	lbu	x11,-4(x29)	 x29:0x80008d97 x11=0x00000078 PA:0x80008d93
        8135000	       812	80000c6c	ffce8903	lb	x18,-4(x29)	 x29:0x80008d97 x18=0x00000078 PA:0x80008d93
        8145000	       813	80000c70	015d6c33	or	x24,x26,x21	 x26:0x80008b91 x21:0x0000c0c1 x24=0x8000cbd1
        8155000	       814	80000c74	ff4e8e23	sb	x20,-4(x29)	 x29:0x80008d97 x20:0x800087c1 PA:0x80008d93
        8165000	       815	80000c78	ffce8f83	lb	x31,-4(x29)	 x29:0x80008d97 x31=0xffffffc1 PA:0x80008d93
        8175000	       816	80000c7c	ffce8303	lb	x6,-4(x29)	 x29:0x80008d97  x6=0xffffffc1 PA:0x80008d93
        8185000	       817	80000c80	01373c33	sltu	x24,x14,x19	 x14:0x0000008f x19:0x0000008d x24=0x00000000
        8195000	       818	80000c84	00e35713	srli	x14,x6,0xe	  x6:0xffffffc1 x14=0x0003ffff
        8205000	       819	80000c88	ffcec683	lbu	x13,-4(x29)	 x29:0x80008d97 x13=0x000000c1 PA:0x80008d93
        8215000	       820	80000c8c	0051d933	srl	x18,x3,x5	  x3:0x0000001e  x5:0x34b1ac48 x18=0x00000000
        8225000	       821	80000c90	ffce8b83	lb	x23,-4(x29)	 x29:0x80008d97 x23=0xffffffc1 PA:0x80008d93
        8235000	       822	80000c94	ffce8c83	lb	x25,-4(x29)	 x29:0x80008d97 x25=0xffffffc1 PA:0x80008d93
        8245000	       823	80000c98	ffcecb03	lbu	x22,-4(x29)	 x29:0x80008d97 x22=0x000000c1 PA:0x80008d93
        8255000	       824	80000c9c	ffce8583	lb	x11,-4(x29)	 x29:0x80008d97 x11=0xffffffc1 PA:0x80008d93
        8265000	       825	80000ca0	fe9e8e23	sb	x9,-4(x29)	 x29:0x80008d97  x9:0x80009fc4 PA:0x80008d93
        8275000	       826	80000ca4	00007597	auipc	x11,0x7	 x11=0x80007ca0
        8285000	       827	80000ca8	7be58593	addi	x11,x11,1982	 x11:0x80007ca0 x11=0x8000845e
        8295000	       828	80000cac	f83582a3	sb	x3,-123(x11)	 x11:0x8000845e  x3:0x0000001e PA:0x800083e3
        8305000	       829	80000cb0	02c59023	sh	x12,32(x11)	 x11:0x8000845e x12:0x80009f84 PA:0x8000847e
        8315000	       830	80000cb4	02159023	sh	x1,32(x11)	 x11:0x8000845e  x1:0x00000008 PA:0x8000847e
        8325000	       831	80000cb8	0205cc03	lbu	x24,32(x11)	 x11:0x8000845e x24=0x00000008 PA:0x8000847e
        8335000	       832	80000cbc	07b58983	lb	x19,123(x11)	 x11:0x8000845e x19=0xffffff92 PA:0x800084d9
        8345000	       833	80000cc0	05d5c983	lbu	x19,93(x11)	 x11:0x8000845e x19=0x00000070 PA:0x800084bb
        8355000	       834	80000cc4	0715cb03	lbu	x22,113(x11)	 x11:0x8000845e x22=0x00000084 PA:0x800084cf
        8365000	       835	80000cc8	07158c03	lb	x24,113(x11)	 x11:0x8000845e x24=0xffffff84 PA:0x800084cf
        8375000	       836	80000ccc	f5b5c903	lbu	x18,-165(x11)	 x11:0x8000845e x18=0x00000072 PA:0x800083b9
        8385000	       837	80000cd0	f5b5ca03	lbu	x20,-165(x11)	 x11:0x8000845e x20=0x00000072 PA:0x800083b9
        8395000	       838	80000cd4	fa758ea3	sb	x7,-67(x11)	 x11:0x8000845e  x7:0xad681a74 PA:0x8000841b
        8405000	       839	80000cd8	fbd5c003	lbu	x0,-67(x11)	 x11:0x8000845e PA:0x8000841b
        8415000	       840	80000cdc	f90586a3	sb	x16,-115(x11)	 x11:0x8000845e x16:0xfffffffd PA:0x800083eb
        8425000	       841	80000ce0	0595c203	lbu	x4,89(x11)	 x11:0x8000845e  x4=0x0000006c PA:0x800084b7
        8435000	       842	80000ce4	f8a58c23	sb	x10,-104(x11)	 x11:0x8000845e x10:0x0000006e PA:0x800083f6
        8445000	       843	80000ce8	04e5af23	sw	x14,94(x11)	 x11:0x8000845e x14:0x0003ffff PA:0x800084bc
        8455000	       844	80000cec	0dd58f03	lb	x30,221(x11)	 x11:0x8000845e x30=0xfffffff0 PA:0x8000853b
        8465000	       845	80000cf0	0465c283	lbu	x5,70(x11)	 x11:0x8000845e  x5=0x0000005f PA:0x800084a4
        8475000	       846	80000cf4	01f633b3	sltu	x7,x12,x31	 x12:0x80009f84 x31:0xffffffc1  x7=0x00000001
        8485000	       847	80000cf8	fcd5c703	lbu	x14,-51(x11)	 x11:0x8000845e x14=0x000000e0 PA:0x8000842b
        8495000	       848	80000cfc	00f056b3	srl	x13,x0,x15	  x0:0x00000000 x15:0x00000050 x13=0x00000000
        8505000	       849	80000d00	023a9263	bne	x21,x3,80000d24	 x21:0x0000c0c1  x3:0x0000001e
        8515000	       850	00000000	00000013	addi	x0,x0,0	  x0:0x00000000
        8525000	       851	80000d20	00000013	addi	x0,x0,0	  x0:0x00000000
        8535000	       852	80000d24	0025d213	srli	x4,x11,0x2	 x11:0x8000845e  x4=0x20002117
        8545000	       853	80000d28	00d85513	srli	x10,x16,0xd	 x16:0xfffffffd x10=0x0007ffff
        8555000	       854	80000d2c	0432f463	bgeu	x5,x3,80000d74	  x5:0x0000005f  x3:0x0000001e
        8565000	       855	00000000	00000013	addi	x0,x0,0	  x0:0x00000000
        8575000	       856	80000d70	00000013	addi	x0,x0,0	  x0:0x00000000
        8585000	       857	80000d74	00ab1a13	slli	x20,x22,0xa	 x22:0x00000084 x20=0x00021000
        8595000	       858	80000d78	01e8ce33	xor	x28,x17,x30	 x17:0xffffff83 x30:0xfffffff0 x28=0x00000073
        8605000	       859	80000d7c	f0b52193	slti	x3,x10,-245	 x10:0x0007ffff  x3=0x00000000
        8615000	       860	80000d80	00000013	addi	x0,x0,0	  x0:0x00000000
        8625000	       861	80000d84	003489b3	add	x19,x9,x3	  x9:0x80009fc4  x3:0x00000000 x19=0x80009fc4
        8635000	       862	80000d88	00000013	addi	x0,x0,0	  x0:0x00000000
        8645000	       863	80000d8c	0059b433	sltu	x8,x19,x5	 x19:0x80009fc4  x5:0x0000005f  x8=0x00000000
        8655000	       864	80000d90	018493b3	sll	x7,x9,x24	  x9:0x80009fc4 x24:0xffffff84  x7=0x0009fc40
        8665000	       865	80000d94	00379333	sll	x6,x15,x3	 x15:0x00000050  x3:0x00000000  x6=0x00000050
        8675000	       866	80000d98	0066b5b3	sltu	x11,x13,x6	 x13:0x00000000  x6:0x00000050 x11=0x00000001
        8685000	       867	80000d9c	00469a63	bne	x13,x4,80000db0	 x13:0x00000000  x4:0x20002117
        8695000	       868	00000000	00000013	addi	x0,x0,0	  x0:0x00000000
        8705000	       869	80000dac	00000013	addi	x0,x0,0	  x0:0x00000000
        8715000	       870	80000db0	0318cc63	blt	x17,x17,80000de8	 x17:0xffffff83 x17:0xffffff83
        8725000	       871	80000db4	739d7f13	andi	x30,x26,1849	 x26:0x80008b91 x30=0x00000311
        8735000	       872	80000db8	005b0eb3	add	x29,x22,x5	 x22:0x00000084  x5:0x0000005f x29=0x000000e3
        8745000	       873	80000dbc	01bc7263	bgeu	x24,x27,80000dc0	 x24:0xffffff84 x27:0x00001546
        8755000	       874	00000000	00000013	addi	x0,x0,0	  x0:0x00000000
        8765000	       875	80000dbc	00000013	addi	x0,x0,0	  x0:0x00000000
        8775000	       876	80000dc0	90d33013	sltiu	x0,x6,-1779	  x6:0x00000050
        8785000	       877	80000dc4	00c93533	sltu	x10,x18,x12	 x18:0x00000072 x12:0x80009f84 x10=0x00000001
        8795000	       878	80000dc8	0063afb3	slt	x31,x7,x6	  x7:0x0009fc40  x6:0x00000050 x31=0x00000000
        8805000	       879	80000dcc	fa102f13	slti	x30,x0,-95	  x0:0x00000000 x30=0x00000000
        8815000	       880	80000dd0	782fa093	slti	x1,x31,1922	 x31:0x00000000  x1=0x00000001
        8825000	       881	80000dd4	40bed513	srai	x10,x29,0xb	 x29:0x000000e3 x10=0x00000000
        8835000	       882	80000dd8	056fe263	bltu	x31,x22,80000e1c	 x31:0x00000000 x22:0x00000084
        8845000	       883	00000000	00000013	addi	x0,x0,0	  x0:0x00000000
        8855000	       884	80000e18	00000013	addi	x0,x0,0	  x0:0x00000000
        8865000	       885	80000e1c	8507ca13	xori	x20,x15,-1968	 x15:0x00000050 x20=0xfffff800
        8875000	       886	80000e20	0153f833	and	x16,x7,x21	  x7:0x0009fc40 x21:0x0000c0c1 x16=0x0000c040
        8885000	       887	80000e24	026a4463	blt	x20,x6,80000e4c	 x20:0xfffff800  x6:0x00000050
        8895000	       888	00000000	00000013	addi	x0,x0,0	  x0:0x00000000
        8905000	       889	80000e48	00000013	addi	x0,x0,0	  x0:0x00000000
        8915000	       890	80000e4c	40188f33	sub	x30,x17,x1	 x17:0xffffff83  x1:0x00000001 x30=0xffffff82
        8925000	       891	80000e50	003a18b3	sll	x17,x20,x3	 x20:0xfffff800  x3:0x00000000 x17=0xfffff800
        8935000	       892	80000e54	01151c33	sll	x24,x10,x17	 x10:0x00000000 x17:0xfffff800 x24=0x00000000
        8945000	       893	80000e58	00ed78b3	and	x17,x26,x14	 x26:0x80008b91 x14:0x000000e0 x17=0x00000080
        8955000	       894	80000e5c	0eb1a813	slti	x16,x3,235	  x3:0x00000000 x16=0x00000001
        8965000	       895	80000e60	c6d78593	addi	x11,x15,-915	 x15:0x00000050 x11=0xfffffcbd
        8975000	       896	80000e64	00008f97	auipc	x31,0x8	 x31=0x80008e60
        8985000	       897	80000e68	a01f8f93	addi	x31,x31,-1535	 x31:0x80008e60 x31=0x80008861
        8995000	       898	80000e6c	c664b713	sltiu	x14,x9,-922	  x9:0x80009fc4 x14=0x00000001
        9005000	       899	80000e70	00bed233	srl	x4,x29,x11	 x29:0x000000e3 x11:0xfffffcbd  x4=0x00000000
        9015000	       900	80000e74	00cfc183	lbu	x3,12(x31)	 x31:0x80008861  x3=0x00000056 PA:0x8000886d
        9025000	       901	80000e78	00000013	addi	x0,x0,0	  x0:0x00000000
        9035000	       902	80000e7c	ccd87a93	andi	x21,x16,-819	 x16:0x00000001 x21=0x00000001
        9045000	       903	80000e80	007621b3	slt	x3,x12,x7	 x12:0x80009f84  x7:0x0009fc40  x3=0x00000001
        9055000	       904	80000e84	dfc26993	ori	x19,x4,-516	  x4:0x00000000 x19=0xfffffdfc
        9065000	       905	80000e88	002f8d03	lb	x26,2(x31)	 x31:0x80008861 x26=0x00000048 PA:0x80008863
        9075000	       906	80000e8c	004f18b3	sll	x17,x30,x4	 x30:0xffffff82  x4:0x00000000 x17=0xffffff82
        9085000	       907	80000e90	003547b3	xor	x15,x10,x3	 x10:0x00000000  x3:0x00000001 x15=0x00000001
        9095000	       908	80000e94	52a03997	auipc	x19,0x52a03	 x19=0xd2a03e90
        9105000	       909	80000e98	0197a433	slt	x8,x15,x25	 x15:0x00000001 x25:0xffffffc1  x8=0x00000000
        9115000	       910	80000e9c	013fcb83	lbu	x23,19(x31)	 x31:0x80008861 x23=0x0000005f PA:0x80008874
        9125000	       911	80000ea0	0046d033	srl	x0,x13,x4	 x13:0x00000000  x4:0x00000000
        9135000	       912	80000ea4	1dc64c13	xori	x24,x12,476	 x12:0x80009f84 x24=0x80009e58
        9145000	       913	80000ea8	fc5fcb03	lbu	x22,-59(x31)	 x31:0x80008861 x22=0x00000000 PA:0x80008826
        9155000	       914	80000eac	01bd2ab3	slt	x21,x26,x27	 x26:0x00000048 x27:0x00001546 x21=0x00000001
        9165000	       915	80000eb0	febf8523	sb	x11,-22(x31)	 x31:0x80008861 x11:0xfffffcbd PA:0x8000884b
        9175000	       916	80000eb4	39076c93	ori	x25,x14,912	 x14:0x00000001 x25=0x00000391
        9185000	       917	80000eb8	035fda83	lhu	x21,53(x31)	 x31:0x80008861 x21=0x00007c7d PA:0x80008896
        9195000	       918	00000000	00000013	addi	x0,x0,0	  x0:0x00000000
        9205000	       919	80000ebc	00eae3b3	or	x7,x21,x14	 x21:0x00007c7d x14:0x00000001  x7=0x00007c7d
        9215000	       920	80000ec0	01feb9b3	sltu	x19,x29,x31	 x29:0x000000e3 x31:0x80008861 x19=0x00000001
        9225000	       921	80000ec4	ff6f8a03	lb	x20,-10(x31)	 x31:0x80008861 x20=0x0000003c PA:0x80008857
        9235000	       922	80000ec8	016802b3	add	x5,x16,x22	 x16:0x00000001 x22:0x00000000  x5=0x00000001
        9245000	       923	80000ecc	ddf5bc13	sltiu	x24,x11,-545	 x11:0xfffffcbd x24=0x00000001
        9255000	       924	80000ed0	7755b017	auipc	x0,0x7755b	
        9265000	       925	80000ed4	021f8283	lb	x5,33(x31)	 x31:0x80008861  x5=0x00000069 PA:0x80008882
        9275000	       926	80000ed8	feef83a3	sb	x14,-25(x31)	 x31:0x80008861 x14:0x00000001 PA:0x80008848
        9285000	       927	80000edc	c0de2c93	slti	x25,x28,-1011	 x28:0x00000073 x25=0x00000000
        9295000	       928	80000ee0	41c509b3	sub	x19,x10,x28	 x10:0x00000000 x28:0x00000073 x19=0xffffff8d
        9305000	       929	80000ee4	40105433	sra	x8,x0,x1	  x0:0x00000000  x1:0x00000001  x8=0x00000000
        9315000	       930	80000ee8	007f93a3	sh	x7,7(x31)	 x31:0x80008861  x7:0x00007c7d PA:0x80008868
        9325000	       931	80000eec	00f89e33	sll	x28,x17,x15	 x17:0xffffff82 x15:0x00000001 x28=0xffffff04
        9335000	       932	80000ef0	00b6cdb3	xor	x27,x13,x11	 x13:0x00000000 x11:0xfffffcbd x27=0xfffffcbd
        9345000	       933	80000ef4	00180c33	add	x24,x16,x1	 x16:0x00000001  x1:0x00000001 x24=0x00000002
        9355000	       934	80000ef8	015edf33	srl	x30,x29,x21	 x29:0x000000e3 x21:0x00007c7d x30=0x00000000
        9365000	       935	80000efc	016ef333	and	x6,x29,x22	 x29:0x000000e3 x22:0x00000000  x6=0x00000000
        9375000	       936	80000f00	01519533	sll	x10,x3,x21	  x3:0x00000001 x21:0x00007c7d x10=0x20000000
        9385000	       937	80000f04	1cefd417	auipc	x8,0x1cefd	  x8=0x9cefdf00
        9395000	       938	80000f08	fe7f8ea3	sb	x7,-3(x31)	 x31:0x80008861  x7:0x00007c7d PA:0x8000885e
        9405000	       939	80000f0c	006fcc83	lbu	x25,6(x31)	 x31:0x80008861 x25=0x0000004c PA:0x80008867
        9415000	       940	80000f10	027fa203	lw	x4,39(x31)	 x31:0x80008861  x4=0x70717273 PA:0x80008888
        9425000	       941	80000f14	41245213	srai	x4,x8,0x12	  x8:0x9cefdf00  x4=0xffffe73b
        9435000	       942	80000f18	01db9863	bne	x23,x29,80000f28	 x23:0x0000005f x29:0x000000e3
        9445000	       943	00000000	00000013	addi	x0,x0,0	  x0:0x00000000
        9455000	       944	80000f24	00000013	addi	x0,x0,0	  x0:0x00000000
        9465000	       945	80000f28	01095033	srl	x0,x18,x16	 x18:0x00000072 x16:0x00000001
        9475000	       946	80000f2c	000ece33	xor	x28,x29,x0	 x29:0x000000e3  x0:0x00000000 x28=0x000000e3
        9485000	       947	80000f30	0137e0b3	or	x1,x15,x19	 x15:0x00000001 x19:0xffffff8d  x1=0xffffff8d
        9495000	       948	80000f34	672d7913	andi	x18,x26,1650	 x26:0x00000048 x18=0x00000040
        9505000	       949	80000f38	01cef9b3	and	x19,x29,x28	 x29:0x000000e3 x28:0x000000e3 x19=0x000000e3
        9515000	       950	80000f3c	40995033	sra	x0,x18,x9	 x18:0x00000040  x9:0x80009fc4
        9525000	       951	80000f40	01fb9333	sll	x6,x23,x31	 x23:0x0000005f x31:0x80008861  x6=0x000000be
        9535000	       952	80000f44	00000013	addi	x0,x0,0	  x0:0x00000000
        9545000	       953	80000f48	01fc56b3	srl	x13,x24,x31	 x24:0x00000002 x31:0x80008861 x13=0x00000001
        9555000	       954	80000f4c	4e71b813	sltiu	x16,x3,1255	  x3:0x00000001 x16=0x00000001
        9565000	       955	80000f50	02c90263	beq	x18,x12,80000f74	 x18:0x00000040 x12:0x80009f84
        9575000	       956	80000f54	01e8dbb3	srl	x23,x17,x30	 x17:0xffffff82 x30:0x00000000 x23=0xffffff82
        9585000	       957	80000f58	00dd1993	slli	x19,x26,0xd	 x26:0x00000048 x19=0x00090000
        9595000	       958	80000f5c	dcd785b7	lui	x11,0xdcd78	 x11=0xdcd78000
        9605000	       959	80000f60	00b59c33	sll	x24,x11,x11	 x11:0xdcd78000 x11:0xdcd78000 x24=0xdcd78000
        9615000	       960	80000f64	00119b33	sll	x22,x3,x1	  x3:0x00000001  x1:0xffffff8d x22=0x00002000
        9625000	       961	80000f68	50def293	andi	x5,x29,1293	 x29:0x000000e3  x5=0x00000001
        9635000	       962	80000f6c	13decb97	auipc	x23,0x13dec	 x23=0x93decf68
        9645000	       963	80000f70	41d8db93	srai	x23,x17,0x1d	 x17:0xffffff82 x23=0xffffffff
        9655000	       964	80000f74	00000013	addi	x0,x0,0	  x0:0x00000000
        9665000	       965	80000f78	0186adb3	slt	x27,x13,x24	 x13:0x00000001 x24:0xdcd78000 x27=0x00000000
        9675000	       966	80000f7c	017c5d33	srl	x26,x24,x23	 x24:0xdcd78000 x23:0xffffffff x26=0x00000001
        9685000	       967	80000f80	01649033	sll	x0,x9,x22	  x9:0x80009fc4 x22:0x00002000
        9695000	       968	80000f84	06101863	bne	x0,x1,80000ff4	  x0:0x00000000  x1:0xffffff8d
        9705000	       969	00000000	00000013	addi	x0,x0,0	  x0:0x00000000
        9715000	       970	80000ff0	00000013	addi	x0,x0,0	  x0:0x00000000
        9725000	       971	80000ff4	6531bc93	sltiu	x25,x3,1619	  x3:0x00000001 x25=0x00000001
        9735000	       972	80000ff8	01f71213	slli	x4,x14,0x1f	 x14:0x00000001  x4=0x80000000
        9745000	       973	80000ffc	001d9b13	slli	x22,x27,0x1	 x27:0x00000000 x22=0x00000000
        9755000	       974	80001000	03366663	bltu	x12,x19,8000102c	 x12:0x80009f84 x19:0x00090000
        9765000	       975	80001004	00b77db3	and	x27,x14,x11	 x14:0x00000001 x11:0xdcd78000 x27=0x00000000
        9775000	       976	80001008	01561663	bne	x12,x21,80001014	 x12:0x80009f84 x21:0x00007c7d
        9785000	       977	00000000	00000013	addi	x0,x0,0	  x0:0x00000000
        9795000	       978	80001010	00000013	addi	x0,x0,0	  x0:0x00000000
        9805000	       979	80001014	058c0663	beq	x24,x24,80001060	 x24:0xdcd78000 x24:0xdcd78000
        9815000	       980	00000000	00000013	addi	x0,x0,0	  x0:0x00000000
        9825000	       981	8000105c	00000013	addi	x0,x0,0	  x0:0x00000000
        9835000	       982	80001060	01d64f33	xor	x30,x12,x29	 x12:0x80009f84 x29:0x000000e3 x30=0x80009f67
        9845000	       983	80001064	ac006813	ori	x16,x0,-1344	  x0:0x00000000 x16=0xfffffac0
        9855000	       984	80001068	40aad193	srai	x3,x21,0xa	 x21:0x00007c7d  x3=0x0000001f
        9865000	       985	8000106c	0080a933	slt	x18,x1,x8	  x1:0xffffff8d  x8:0x9cefdf00 x18=0x00000000
        9875000	       986	80001070	00000013	addi	x0,x0,0	  x0:0x00000000
        9885000	       987	80001074	00f24cb3	xor	x25,x4,x15	  x4:0x80000000 x15:0x00000001 x25=0x80000001
        9895000	       988	80001078	008c0533	add	x10,x24,x8	 x24:0xdcd78000  x8:0x9cefdf00 x10=0x79c75f00
        9905000	       989	8000107c	00968db3	add	x27,x13,x9	 x13:0x00000001  x9:0x80009fc4 x27=0x80009fc5
        9915000	       990	80001080	014b9a33	sll	x20,x23,x20	 x23:0xffffffff x20:0x0000003c x20=0xf0000000
        9925000	       991	80001084	01c39693	slli	x13,x7,0x1c	  x7:0x00007c7d x13=0xd0000000
        9935000	       992	80001088	41105a33	sra	x20,x0,x17	  x0:0x00000000 x17:0xffffff82 x20=0x00000000
        9945000	       993	8000108c	005b3e33	sltu	x28,x22,x5	 x22:0x00000000  x5:0x00000001 x28=0x00000001
        9955000	       994	80001090	008566b3	or	x13,x10,x8	 x10:0x79c75f00  x8:0x9cefdf00 x13=0xfdefdf00
        9965000	       995	80001094	0133ff33	and	x30,x7,x19	  x7:0x00007c7d x19:0x00090000 x30=0x00000000
        9975000	       996	80001098	010a5393	srli	x7,x20,0x10	 x20:0x00000000  x7=0x00000000
        9985000	       997	8000109c	022f6063	bltu	x30,x2,800010bc	 x30:0x00000000  x2:0xf1905c0d
        9995000	       998	00000000	00000013	addi	x0,x0,0	  x0:0x00000000
       10005000	       999	800010b8	00000013	addi	x0,x0,0	  x0:0x00000000
       10015000	      1000	800010bc	e683f293	andi	x5,x7,-408	  x7:0x00000000  x5=0x00000000
       10025000	      1001	800010c0	0091d733	srl	x14,x3,x9	  x3:0x0000001f  x9:0x80009fc4 x14=0x00000001
       10035000	      1002	800010c4	8b357e13	andi	x28,x10,-1869	 x10:0x79c75f00 x28=0x79c75800
       10045000	      1003	800010c8	00be1813	slli	x16,x28,0xb	 x28:0x79c75800 x16=0x3ac00000
       10055000	      1004	800010cc	037c8263	beq	x25,x23,800010f0	 x25:0x80000001 x23:0xffffffff
       10065000	      1005	800010d0	00f5ae33	slt	x28,x11,x15	 x11:0xdcd78000 x15:0x00000001 x28=0x00000001
       10075000	      1006	800010d4	0148d433	srl	x8,x17,x20	 x17:0xffffff82 x20:0x00000000  x8=0xffffff82
       10085000	      1007	800010d8	00000013	addi	x0,x0,0	  x0:0x00000000
       10095000	      1008	800010dc	40e60ab3	sub	x21,x12,x14	 x12:0x80009f84 x14:0x00000001 x21=0x80009f83
       10105000	      1009	800010e0	03568263	beq	x13,x21,80001104	 x13:0xfdefdf00 x21:0x80009f83
       10115000	      1010	800010e4	02950e63	beq	x10,x9,80001120	 x10:0x79c75f00  x9:0x80009fc4
       10125000	      1011	800010e8	018d16b3	sll	x13,x26,x24	 x26:0x00000001 x24:0xdcd78000 x13=0x00000001
       10135000	      1012	800010ec	0102b833	sltu	x16,x5,x16	  x5:0x00000000 x16:0x3ac00000 x16=0x00000001
       10145000	      1013	800010f0	03191263	bne	x18,x17,80001114	 x18:0x00000000 x17:0xffffff82
       10155000	      1014	00000000	00000013	addi	x0,x0,0	  x0:0x00000000
       10165000	      1015	80001110	00000013	addi	x0,x0,0	  x0:0x00000000
       10175000	      1016	80001114	b6fe4513	xori	x10,x28,-1169	 x28:0x00000001 x10=0xfffffb6e
       10185000	      1017	80001118	00347033	and	x0,x8,x3	  x8:0xffffff82  x3:0x0000001f
       10195000	      1018	8000111c	01115593	srli	x11,x2,0x11	  x2:0xf1905c0d x11=0x000078c8
       10205000	      1019	80001120	00000013	addi	x0,x0,0	  x0:0x00000000
       10215000	      1020	80001124	002b29b3	slt	x19,x22,x2	 x22:0x00000000  x2:0xf1905c0d x19=0x00000000
       10225000	      1021	80001128	80132097	auipc	x1,0x80132	  x1=0x00133124
       10235000	      1022	8000112c	de10c393	xori	x7,x1,-543	  x1:0x00133124  x7=0xffecccc5
       10245000	      1023	80001130	00000013	addi	x0,x0,0	  x0:0x00000000
       10255000	      1024	80001134	0002c333	xor	x6,x5,x0	  x5:0x00000000  x0:0x00000000  x6=0x00000000
       10265000	      1025	80001138	00fd6833	or	x16,x26,x15	 x26:0x00000001 x15:0x00000001 x16=0x00000001
       10275000	      1026	8000113c	01c54933	xor	x18,x10,x28	 x10:0xfffffb6e x28:0x00000001 x18=0xfffffb6f
       10285000	      1027	80001140	414c58b3	sra	x17,x24,x20	 x24:0xdcd78000 x20:0x00000000 x17=0xdcd78000
       10295000	      1028	80001144	01925213	srli	x4,x4,0x19	  x4:0x80000000  x4=0x00000040
       10305000	      1029	80001148	416551b3	sra	x3,x10,x22	 x10:0xfffffb6e x22:0x00000000  x3=0xfffffb6e
       10315000	      1030	8000114c	407edc13	srai	x24,x29,0x7	 x29:0x000000e3 x24=0x00000001
       10325000	      1031	80001150	0c590c63	beq	x18,x5,80001228	 x18:0xfffffb6f  x5:0x00000000
       10335000	      1032	80001154	0db09a63	bne	x1,x27,80001228	  x1:0x00133124 x27:0x80009fc5
       10345000	      1033	00000000	00000013	addi	x0,x0,0	  x0:0x00000000
       10355000	      1034	80001224	00000013	addi	x0,x0,0	  x0:0x00000000
       10365000	      1035	80001228	1460c293	xori	x5,x1,326	  x1:0x00133124  x5=0x00133062
       10375000	      1036	8000122c	00befe33	and	x28,x29,x11	 x29:0x000000e3 x11:0x000078c8 x28=0x000000c0
       10385000	      1037	80001230	017f0db3	add	x27,x30,x23	 x30:0x00000000 x23:0xffffffff x27=0xffffffff
       10395000	      1038	80001234	00000013	addi	x0,x0,0	  x0:0x00000000
       10405000	      1039	80001238	00000013	addi	x0,x0,0	  x0:0x00000000
       10415000	      1040	8000123c	02b9e463	bltu	x19,x11,80001264	 x19:0x00000000 x11:0x000078c8
       10425000	      1041	00000000	00000013	addi	x0,x0,0	  x0:0x00000000
       10435000	      1042	80001260	00000013	addi	x0,x0,0	  x0:0x00000000
       10445000	      1043	80001264	9fe45837	lui	x16,0x9fe45	 x16=0x9fe45000
       10455000	      1044	80001268	40215413	srai	x8,x2,0x2	  x2:0xf1905c0d  x8=0xfc641703
       10465000	      1045	8000126c	00629713	slli	x14,x5,0x6	  x5:0x00133062 x14=0x04cc1880
       10475000	      1046	80001270	4079d393	srai	x7,x19,0x7	 x19:0x00000000  x7=0x00000000
       10485000	      1047	80001274	01eef933	and	x18,x29,x30	 x29:0x000000e3 x30:0x00000000 x18=0x00000000
       10495000	      1048	80001278	c9096193	ori	x3,x18,-880	 x18:0x00000000  x3=0xfffffc90
       10505000	      1049	8000127c	24e2eb93	ori	x23,x5,590	  x5:0x00133062 x23=0x0013326e
       10515000	      1050	80001280	f99c7c13	andi	x24,x24,-103	 x24:0x00000001 x24=0x00000001
       10525000	      1051	80001284	01bfd693	srli	x13,x31,0x1b	 x31:0x80008861 x13=0x00000010
       10535000	      1052	80001288	0057f663	bgeu	x15,x5,80001294	 x15:0x00000001  x5:0x00133062
       10545000	      1053	8000128c	f2a2bb13	sltiu	x22,x5,-214	  x5:0x00133062 x22=0x00000001
       10555000	      1054	80001290	01715263	bge	x2,x23,80001294	  x2:0xf1905c0d x23:0x0013326e
       10565000	      1055	80001294	3cc5b913	sltiu	x18,x11,972	 x11:0x000078c8 x18=0x00000000
       10575000	      1056	80001298	006b4c63	blt	x22,x6,800012b0	 x22:0x00000001  x6:0x00000000
       10585000	      1057	8000129c	00e61093	slli	x1,x12,0xe	 x12:0x80009f84  x1=0x27e10000
       10595000	      1058	800012a0	013c2933	slt	x18,x24,x19	 x24:0x00000001 x19:0x00000000 x18=0x00000000
       10605000	      1059	800012a4	98948513	addi	x10,x9,-1655	  x9:0x80009fc4 x10=0x8000994d
       10615000	      1060	800012a8	02f4e663	bltu	x9,x15,800012d4	  x9:0x80009fc4 x15:0x00000001
       10625000	      1061	800012ac	03881c63	bne	x16,x24,800012e4	 x16:0x9fe45000 x24:0x00000001
       10635000	      1062	00000000	00000013	addi	x0,x0,0	  x0:0x00000000
       10645000	      1063	800012e0	00000013	addi	x0,x0,0	  x0:0x00000000
       10655000	      1064	800012e4	012bf3b3	and	x7,x23,x18	 x23:0x0013326e x18:0x00000000  x7=0x00000000
       10665000	      1065	800012e8	40d25d33	sra	x26,x4,x13	  x4:0x00000040 x13:0x00000010 x26=0x00000000
       10675000	      1066	800012ec	056f6263	bltu	x30,x22,80001330	 x30:0x00000000 x22:0x00000001
       10685000	      1067	00000000	00000013	addi	x0,x0,0	  x0:0x00000000
       10695000	      1068	8000132c	00000013	addi	x0,x0,0	  x0:0x00000000
       10705000	      1069	80001330	69e36513	ori	x10,x6,1694	  x6:0x00000000 x10=0x0000069e
       10715000	      1070	80001334	01316db3	or	x27,x2,x19	  x2:0xf1905c0d x19:0x00000000 x27=0xf1905c0d
       10725000	      1071	80001338	430e4693	xori	x13,x28,1072	 x28:0x000000c0 x13=0x000004f0
       10735000	      1072	8000133c	00000013	addi	x0,x0,0	  x0:0x00000000
       10745000	      1073	80001340	00000013	addi	x0,x0,0	  x0:0x00000000
       10755000	      1074	80001344	00406933	or	x18,x0,x4	  x0:0x00000000  x4:0x00000040 x18=0x00000040
       10765000	      1075	80001348	01eb27b3	slt	x15,x22,x30	 x22:0x00000001 x30:0x00000000 x15=0x00000000
       10775000	      1076	8000134c	00f05bb3	srl	x23,x0,x15	  x0:0x00000000 x15:0x00000000 x23=0x00000000
       10785000	      1077	80001350	4085d433	sra	x8,x11,x8	 x11:0x000078c8  x8:0xfc641703  x8=0x00000f19
       10795000	      1078	80001354	00000013	addi	x0,x0,0	  x0:0x00000000
       10805000	      1079	80001358	02916a63	bltu	x2,x9,8000138c	  x2:0xf1905c0d  x9:0x80009fc4
       10815000	      1080	8000135c	5f929017	auipc	x0,0x5f929	
       10825000	      1081	80001360	412c05b3	sub	x11,x24,x18	 x24:0x00000001 x18:0x00000040 x11=0xffffffc1
       10835000	      1082	80001364	01072e33	slt	x28,x14,x16	 x14:0x04cc1880 x16:0x9fe45000 x28=0x00000000
       10845000	      1083	80001368	00636833	or	x16,x6,x6	  x6:0x00000000  x6:0x00000000 x16=0x00000000
       10855000	      1084	8000136c	01d25eb3	srl	x29,x4,x29	  x4:0x00000040 x29:0x000000e3 x29=0x00000008
       10865000	      1085	80001370	008620b3	slt	x1,x12,x8	 x12:0x80009f84  x8:0x00000f19  x1=0x00000001
       10875000	      1086	80001374	00a39993	slli	x19,x7,0xa	  x7:0x00000000 x19=0x00000000
       10885000	      1087	80001378	405957b3	sra	x15,x18,x5	 x18:0x00000040  x5:0x00133062 x15=0x00000010
       10895000	      1088	8000137c	27f1c593	xori	x11,x3,639	  x3:0xfffffc90 x11=0xfffffeef
       10905000	      1089	80001380	01b9ca33	xor	x20,x19,x27	 x19:0x00000000 x27:0xf1905c0d x20=0xf1905c0d
       10915000	      1090	80001384	ec087d93	andi	x27,x16,-320	 x16:0x00000000 x27=0x00000000
       10925000	      1091	80001388	d7eb6593	ori	x11,x22,-642	 x22:0x00000001 x11=0xfffffd7f
       10935000	      1092	8000138c	01c21a33	sll	x20,x4,x28	  x4:0x00000040 x28:0x00000000 x20=0x00000040
       10945000	      1093	80001390	f8ee6a93	ori	x21,x28,-114	 x28:0x00000000 x21=0xffffff8e
       10955000	      1094	80001394	00cf56b3	srl	x13,x30,x12	 x30:0x00000000 x12:0x80009f84 x13=0x00000000
       10965000	      1095	80001398	bf4baa93	slti	x21,x23,-1036	 x23:0x00000000 x21=0x00000000
       10975000	      1096	8000139c	002e9e63	bne	x29,x2,800013b8	 x29:0x00000008  x2:0xf1905c0d
       10985000	      1097	00000000	00000013	addi	x0,x0,0	  x0:0x00000000
       10995000	      1098	800013b4	00000013	addi	x0,x0,0	  x0:0x00000000
       11005000	      1099	800013b8	018a7863	bgeu	x20,x24,800013c8	 x20:0x00000040 x24:0x00000001
       11015000	      1100	00000000	00000013	addi	x0,x0,0	  x0:0x00000000
       11025000	      1101	800013c4	00000013	addi	x0,x0,0	  x0:0x00000000
       11035000	      1102	800013c8	03eb0063	beq	x22,x30,800013e8	 x22:0x00000001 x30:0x00000000
       11045000	      1103	800013cc	03df8263	beq	x31,x29,800013f0	 x31:0x80008861 x29:0x00000008
       11055000	      1104	800013d0	0158db93	srli	x23,x17,0x15	 x17:0xdcd78000 x23=0x000006e6
       11065000	      1105	800013d4	413a8b33	sub	x22,x21,x19	 x21:0x00000000 x19:0x00000000 x22=0x00000000
       11075000	      1106	800013d8	00ff3f33	sltu	x30,x30,x15	 x30:0x00000000 x15:0x00000010 x30=0x00000001
       11085000	      1107	800013dc	0177e033	or	x0,x15,x23	 x15:0x00000010 x23:0x000006e6
       11095000	      1108	800013e0	40d8dd13	srai	x26,x17,0xd	 x17:0xdcd78000 x26=0xfffee6bc
       11105000	      1109	800013e4	91898693	addi	x13,x19,-1768	 x19:0x00000000 x13=0xfffff918
       11115000	      1110	800013e8	00199cb3	sll	x25,x19,x1	 x19:0x00000000  x1:0x00000001 x25=0x00000000
       11125000	      1111	800013ec	014fbcb3	sltu	x25,x31,x20	 x31:0x80008861 x20:0x00000040 x25=0x00000000
       11135000	      1112	800013f0	604a3693	sltiu	x13,x20,1540	 x20:0x00000040 x13=0x00000001
       11145000	      1113	800013f4	05ecf063	bgeu	x25,x30,80001434	 x25:0x00000000 x30:0x00000001
       11155000	      1114	800013f8	ad0f0e93	addi	x29,x30,-1328	 x30:0x00000001 x29=0xfffffad1
       11165000	      1115	800013fc	02b77463	bgeu	x14,x11,80001424	 x14:0x04cc1880 x11:0xfffffd7f
       11175000	      1116	80001400	00ba9d13	slli	x26,x21,0xb	 x21:0x00000000 x26=0x00000000
       11185000	      1117	80001404	d5d4f9b7	lui	x19,0xd5d4f	 x19=0xd5d4f000
       11195000	      1118	80001408	1f2b3d17	auipc	x26,0x1f2b3	 x26=0x9f2b4404
       11205000	      1119	8000140c	08586693	ori	x13,x16,133	 x16:0x00000000 x13=0x00000085
       11215000	      1120	80001410	40ef5b93	srai	x23,x30,0xe	 x30:0x00000001 x23=0x00000000
       11225000	      1121	80001414	01cd5313	srli	x6,x26,0x1c	 x26:0x9f2b4404  x6=0x00000009
       11235000	      1122	80001418	413cdd33	sra	x26,x25,x19	 x25:0x00000000 x19:0xd5d4f000 x26=0x00000000
       11245000	      1123	8000141c	6e174b13	xori	x22,x14,1761	 x14:0x04cc1880 x22=0x04cc1e61
       11255000	      1124	80001420	f1823013	sltiu	x0,x4,-232	  x4:0x00000040
       11265000	      1125	80001424	01a6b233	sltu	x4,x13,x26	 x13:0x00000085 x26:0x00000000  x4=0x00000000
       11275000	      1126	80001428	40698e33	sub	x28,x19,x6	 x19:0xd5d4f000  x6:0x00000009 x28=0xd5d4eff7
       11285000	      1127	8000142c	0153b9b3	sltu	x19,x7,x21	  x7:0x00000000 x21:0x00000000 x19=0x00000000
       11295000	      1128	80001430	01057033	and	x0,x10,x16	 x10:0x0000069e x16:0x00000000
       11305000	      1129	80001434	002525b3	slt	x11,x10,x2	 x10:0x0000069e  x2:0xf1905c0d x11=0x00000000
       11315000	      1130	80001438	f7287713	andi	x14,x16,-142	 x16:0x00000000 x14=0x00000000
       11325000	      1131	8000143c	25a64093	xori	x1,x12,602	 x12:0x80009f84  x1=0x80009dde
       11335000	      1132	80001440	0028dab3	srl	x21,x17,x2	 x17:0xdcd78000  x2:0xf1905c0d x21=0x0006e6bc
       11345000	      1133	80001444	05c98663	beq	x19,x28,80001490	 x19:0x00000000 x28:0xd5d4eff7
       11355000	      1134	80001448	cb020c37	lui	x24,0xcb020	 x24=0xcb020000
       11365000	      1135	8000144c	40110233	sub	x4,x2,x1	  x2:0xf1905c0d  x1:0x80009dde  x4=0x718fbe2f
       11375000	      1136	80001450	01d94733	xor	x14,x18,x29	 x18:0x00000040 x29:0xfffffad1 x14=0xfffffa91
       11385000	      1137	80001454	2e09fd93	andi	x27,x19,736	 x19:0x00000000 x27=0x00000000
       11395000	      1138	80001458	6acbc8b7	lui	x17,0x6acbc	 x17=0x6acbc000
       11405000	      1139	8000145c	003ba833	slt	x16,x23,x3	 x23:0x00000000  x3:0xfffffc90 x16=0x00000000
       11415000	      1140	80001460	9c706e13	ori	x28,x0,-1593	  x0:0x00000000 x28=0xfffff9c7
       11425000	      1141	80001464	cdcc8b13	addi	x22,x25,-804	 x25:0x00000000 x22=0xfffffcdc
       11435000	      1142	80001468	01654f33	xor	x30,x10,x22	 x10:0x0000069e x22:0xfffffcdc x30=0xfffffa42
       11445000	      1143	8000146c	00c96533	or	x10,x18,x12	 x18:0x00000040 x12:0x80009f84 x10=0x80009fc4
       11455000	      1144	80001470	03c64663	blt	x12,x28,8000149c	 x12:0x80009f84 x28:0xfffff9c7
       11465000	      1145	00000000	00000013	addi	x0,x0,0	  x0:0x00000000
       11475000	      1146	80001498	00000013	addi	x0,x0,0	  x0:0x00000000
       11485000	      1147	8000149c	940e3c13	sltiu	x24,x28,-1728	 x28:0xfffff9c7 x24=0x00000000
       11495000	      1148	800014a0	014251b3	srl	x3,x4,x20	  x4:0x718fbe2f x20:0x00000040  x3=0x718fbe2f
       11505000	      1149	800014a4	b662b313	sltiu	x6,x5,-1178	  x5:0x00133062  x6=0x00000001
       11515000	      1150	800014a8	0489e263	bltu	x19,x8,800014ec	 x19:0x00000000  x8:0x00000f19
       11525000	      1151	00000000	00000013	addi	x0,x0,0	  x0:0x00000000
       11535000	      1152	800014e8	00000013	addi	x0,x0,0	  x0:0x00000000
       11545000	      1153	800014ec	03a74063	blt	x14,x26,8000150c	 x14:0xfffffa91 x26:0x00000000
       11555000	      1154	00000000	00000013	addi	x0,x0,0	  x0:0x00000000
       11565000	      1155	80001508	00000013	addi	x0,x0,0	  x0:0x00000000
       11575000	      1156	8000150c	012f8c33	add	x24,x31,x18	 x31:0x80008861 x18:0x00000040 x24=0x800088a1
       11585000	      1157	80001510	00fde6b3	or	x13,x27,x15	 x27:0x00000000 x15:0x00000010 x13=0x00000010
       11595000	      1158	80001514	01392a33	slt	x20,x18,x19	 x18:0x00000040 x19:0x00000000 x20=0x00000000
       11605000	      1159	80001518	0078f863	bgeu	x17,x7,80001528	 x17:0x6acbc000  x7:0x00000000
       11615000	      1160	00000000	00000013	addi	x0,x0,0	  x0:0x00000000
       11625000	      1161	80001524	00000013	addi	x0,x0,0	  x0:0x00000000
       11635000	      1162	80001528	00a01813	slli	x16,x0,0xa	  x0:0x00000000 x16=0x00000000
       11645000	      1163	8000152c	051b4e63	blt	x22,x17,80001588	 x22:0xfffffcdc x17:0x6acbc000
       11655000	      1164	00000000	00000013	addi	x0,x0,0	  x0:0x00000000
       11665000	      1165	80001584	00000013	addi	x0,x0,0	  x0:0x00000000
       11675000	      1166	80001588	64746193	ori	x3,x8,1607	  x8:0x00000f19  x3=0x00000f5f
       11685000	      1167	8000158c	b4ab7413	andi	x8,x22,-1206	 x22:0xfffffcdc  x8=0xfffff848
       11695000	      1168	80001590	00123833	sltu	x16,x4,x1	  x4:0x718fbe2f  x1:0x80009dde x16=0x00000001
       11705000	      1169	80001594	00089a93	slli	x21,x17,0x0	 x17:0x6acbc000 x21=0x6acbc000
       11715000	      1170	80001598	4034d393	srai	x7,x9,0x3	  x9:0x80009fc4  x7=0xf00013f8
       11725000	      1171	8000159c	40f282b3	sub	x5,x5,x15	  x5:0x00133062 x15:0x00000010  x5=0x00133052
       11735000	      1172	800015a0	014f1793	slli	x15,x30,0x14	 x30:0xfffffa42 x15=0xa4200000
       11745000	      1173	800015a4	51eecc17	auipc	x24,0x51eec	 x24=0xd1eed5a0
       11755000	      1174	800015a8	c8d13713	sltiu	x14,x2,-883	  x2:0xf1905c0d x14=0x00000001
       11765000	      1175	800015ac	0055ea63	bltu	x11,x5,800015c0	 x11:0x00000000  x5:0x00133052
       11775000	      1176	00000000	00000013	addi	x0,x0,0	  x0:0x00000000
       11785000	      1177	800015bc	00000013	addi	x0,x0,0	  x0:0x00000000
       11795000	      1178	800015c0	01bc9c13	slli	x24,x25,0x1b	 x25:0x00000000 x24=0x00000000
       11805000	      1179	800015c4	00b96663	bltu	x18,x11,800015d0	 x18:0x00000040 x11:0x00000000
       11815000	      1180	800015c8	673d8e97	auipc	x29,0x673d8	 x29=0xe73d95c4
       11825000	      1181	800015cc	00e43f33	sltu	x30,x8,x14	  x8:0xfffff848 x14:0x00000001 x30=0x00000000
       11835000	      1182	800015d0	70c7b0b7	lui	x1,0x70c7b	  x1=0x70c7b000
       11845000	      1183	800015d4	14714c37	lui	x24,0x14714	 x24=0x14714000
       11855000	      1184	800015d8	05356863	bltu	x10,x19,80001628	 x10:0x80009fc4 x19:0x00000000
       11865000	      1185	800015dc	ad5def93	ori	x31,x27,-1323	 x27:0x00000000 x31=0xfffffad5
       11875000	      1186	800015e0	0288ec63	bltu	x17,x8,80001618	 x17:0x6acbc000  x8:0xfffff848
       11885000	      1187	00000000	00000013	addi	x0,x0,0	  x0:0x00000000
       11895000	      1188	80001614	00000013	addi	x0,x0,0	  x0:0x00000000
       11905000	      1189	80001618	00a45f13	srli	x30,x8,0xa	  x8:0xfffff848 x30=0x003ffffe
       11915000	      1190	8000161c	e2aee193	ori	x3,x29,-470	 x29:0xe73d95c4  x3=0xffffffee
       11925000	      1191	80001620	01e63f33	sltu	x30,x12,x30	 x12:0x80009f84 x30:0x003ffffe x30=0x00000000
       11935000	      1192	80001624	03548663	beq	x9,x21,80001650	  x9:0x80009fc4 x21:0x6acbc000
       11945000	      1193	80001628	11413d13	sltiu	x26,x2,276	  x2:0xf1905c0d x26=0x00000000
       11955000	      1194	8000162c	fda981b7	lui	x3,0xfda98	  x3=0xfda98000
       11965000	      1195	80001630	00ad9d93	slli	x27,x27,0xa	 x27:0x00000000 x27=0x00000000
       11975000	      1196	80001634	00299693	slli	x13,x19,0x2	 x19:0x00000000 x13=0x00000000
       11985000	      1197	80001638	41678033	sub	x0,x15,x22	 x15:0xa4200000 x22:0xfffffcdc
       11995000	      1198	8000163c	00000013	addi	x0,x0,0	  x0:0x00000000
       12005000	      1199	80001640	017136b3	sltu	x13,x2,x23	  x2:0xf1905c0d x23:0x00000000 x13=0x00000000
       12015000	      1200	80001644	00e97e63	bgeu	x18,x14,80001660	 x18:0x00000040 x14:0x00000001
       12025000	      1201	00000000	00000013	addi	x0,x0,0	  x0:0x00000000
       12035000	      1202	8000165c	00000013	addi	x0,x0,0	  x0:0x00000000
       12045000	      1203	80001660	02455c63	bge	x10,x4,80001698	 x10:0x80009fc4  x4:0x718fbe2f
       12055000	      1204	80001664	01f963b3	or	x7,x18,x31	 x18:0x00000040 x31:0xfffffad5  x7=0xfffffad5
       12065000	      1205	80001668	41595f93	srai	x31,x18,0x15	 x18:0x00000040 x31=0x00000000
       12075000	      1206	8000166c	40f1db33	sra	x22,x3,x15	  x3:0xfda98000 x15:0xa4200000 x22=0xfda98000
       12085000	      1207	80001670	04a54663	blt	x10,x10,800016bc	 x10:0x80009fc4 x10:0x80009fc4
       12095000	      1208	80001674	01708fb3	add	x31,x1,x23	  x1:0x70c7b000 x23:0x00000000 x31=0x70c7b000
       12105000	      1209	80001678	4d618893	addi	x17,x3,1238	  x3:0xfda98000 x17=0xfda984d6
       12115000	      1210	8000167c	03e19263	bne	x3,x30,800016a0	  x3:0xfda98000 x30:0x00000000
       12125000	      1211	00000000	00000013	addi	x0,x0,0	  x0:0x00000000
       12135000	      1212	8000169c	00000013	addi	x0,x0,0	  x0:0x00000000
       12145000	      1213	800016a0	406a0b33	sub	x22,x20,x6	 x20:0x00000000  x6:0x00000001 x22=0xffffffff
       12155000	      1214	800016a4	0375e263	bltu	x11,x23,800016c8	 x11:0x00000000 x23:0x00000000
       12165000	      1215	800016a8	00941713	slli	x14,x8,0x9	  x8:0xfffff848 x14=0xfff09000
       12175000	      1216	800016ac	024f0a63	beq	x30,x4,800016e0	 x30:0x00000000  x4:0x718fbe2f
       12185000	      1217	800016b0	014dd833	srl	x16,x27,x20	 x27:0x00000000 x20:0x00000000 x16=0x00000000
       12195000	      1218	800016b4	014387b3	add	x15,x7,x20	  x7:0xfffffad5 x20:0x00000000 x15=0xfffffad5
       12205000	      1219	800016b8	00d6eab3	or	x21,x13,x13	 x13:0x00000000 x13:0x00000000 x21=0x00000000
       12215000	      1220	800016bc	231dff93	andi	x31,x27,561	 x27:0x00000000 x31=0x00000000
       12225000	      1221	800016c0	00a61913	slli	x18,x12,0xa	 x12:0x80009f84 x18=0x027e1000
       12235000	      1222	800016c4	01aa5d33	srl	x26,x20,x26	 x20:0x00000000 x26:0x00000000 x26=0x00000000
       12245000	      1223	800016c8	01b299b3	sll	x19,x5,x27	  x5:0x00133052 x27:0x00000000 x19=0x00133052
       12255000	      1224	800016cc	1a081037	lui	x0,0x1a081	
       12265000	      1225	800016d0	00610e63	beq	x2,x6,800016ec	  x2:0xf1905c0d  x6:0x00000001
       12275000	      1226	800016d4	00fe1b93	slli	x23,x28,0xf	 x28:0xfffff9c7 x23=0xfce38000
       12285000	      1227	800016d8	01609c93	slli	x25,x1,0x16	  x1:0x70c7b000 x25=0x00000000
       12295000	      1228	800016dc	002979b3	and	x19,x18,x2	 x18:0x027e1000  x2:0xf1905c0d x19=0x00101000
       12305000	      1229	800016e0	01a52eb3	slt	x29,x10,x26	 x10:0x80009fc4 x26:0x00000000 x29=0x00000001
       12315000	      1230	800016e4	01a46433	or	x8,x8,x26	  x8:0xfffff848 x26:0x00000000  x8=0xfffff848
       12325000	      1231	800016e8	bb13e693	ori	x13,x7,-1103	  x7:0xfffffad5 x13=0xfffffbf5
       12335000	      1232	800016ec	018acab3	xor	x21,x21,x24	 x21:0x00000000 x24:0x14714000 x21=0x14714000
       12345000	      1233	800016f0	03017063	bgeu	x2,x16,80001710	  x2:0xf1905c0d x16:0x00000000
       12355000	      1234	00000000	00000013	addi	x0,x0,0	  x0:0x00000000
       12365000	      1235	8000170c	00000013	addi	x0,x0,0	  x0:0x00000000
       12375000	      1236	80001710	0121c5b3	xor	x11,x3,x18	  x3:0xfda98000 x18:0x027e1000 x11=0xffd79000
       12385000	      1237	80001714	40b8d713	srai	x14,x17,0xb	 x17:0xfda984d6 x14=0xffffb530
       12395000	      1238	80001718	00c69863	bne	x13,x12,80001728	 x13:0xfffffbf5 x12:0x80009f84
       12405000	      1239	00000000	00000013	addi	x0,x0,0	  x0:0x00000000
       12415000	      1240	80001724	00000013	addi	x0,x0,0	  x0:0x00000000
       12425000	      1241	80001728	82d72f13	slti	x30,x14,-2003	 x14:0xffffb530 x30=0x00000001
       12435000	      1242	8000172c	9548fd93	andi	x27,x17,-1708	 x17:0xfda984d6 x27=0xfda98054
       12445000	      1243	80001730	3f06fc97	auipc	x25,0x3f06f	 x25=0xbf07072c
       12455000	      1244	80001734	41105213	srai	x4,x0,0x11	  x0:0x00000000  x4=0x00000000
       12465000	      1245	80001738	d4878a13	addi	x20,x15,-696	 x15:0xfffffad5 x20=0xfffff81d
       12475000	      1246	8000173c	01429d93	slli	x27,x5,0x14	  x5:0x00133052 x27=0x05200000
       12485000	      1247	80001740	015425b3	slt	x11,x8,x21	  x8:0xfffff848 x21:0x14714000 x11=0x00000001
       12495000	      1248	80001744	01c4d233	srl	x4,x9,x28	  x9:0x80009fc4 x28:0xfffff9c7  x4=0x0100013f
       12505000	      1249	80001748	043b1663	bne	x22,x3,80001794	 x22:0xffffffff  x3:0xfda98000
       12515000	      1250	00000000	00000013	addi	x0,x0,0	  x0:0x00000000
       12525000	      1251	80001790	00000013	addi	x0,x0,0	  x0:0x00000000
       12535000	      1252	80001794	838d4913	xori	x18,x26,-1992	 x26:0x00000000 x18=0xfffff838
       12545000	      1253	80001798	00696433	or	x8,x18,x6	 x18:0xfffff838  x6:0x00000001  x8=0xfffff839
       12555000	      1254	8000179c	14b20593	addi	x11,x4,331	  x4:0x0100013f x11=0x0100028a
       12565000	      1255	800017a0	02118663	beq	x3,x1,800017cc	  x3:0xfda98000  x1:0x70c7b000
       12575000	      1256	800017a4	40e27e93	andi	x29,x4,1038	  x4:0x0100013f x29=0x0000000e
       12585000	      1257	800017a8	0023fc63	bgeu	x7,x2,800017c0	  x7:0xfffffad5  x2:0xf1905c0d
       12595000	      1258	00000000	00000013	addi	x0,x0,0	  x0:0x00000000
       12605000	      1259	800017bc	00000013	addi	x0,x0,0	  x0:0x00000000
       12615000	      1260	800017c0	41738933	sub	x18,x7,x23	  x7:0xfffffad5 x23:0xfce38000 x18=0x031c7ad5
       12625000	      1261	800017c4	011a02b3	add	x5,x20,x17	 x20:0xfffff81d x17:0xfda984d6  x5=0xfda97cf3
       12635000	      1262	800017c8	9523a7b7	lui	x15,0x9523a	 x15=0x9523a000
       12645000	      1263	800017cc	01685933	srl	x18,x16,x22	 x16:0x00000000 x22:0xffffffff x18=0x00000000
       12655000	      1264	800017d0	00428733	add	x14,x5,x4	  x5:0xfda97cf3  x4:0x0100013f x14=0xfea97e32
       12665000	      1265	800017d4	41275933	sra	x18,x14,x18	 x14:0xfea97e32 x18:0x00000000 x18=0xfea97e32
       12675000	      1266	800017d8	00e12eb3	slt	x29,x2,x14	  x2:0xf1905c0d x14:0xfea97e32 x29=0x00000001
       12685000	      1267	800017dc	02169c63	bne	x13,x1,80001814	 x13:0xfffffbf5  x1:0x70c7b000
       12695000	      1268	00000000	00000013	addi	x0,x0,0	  x0:0x00000000
       12705000	      1269	80001810	00000013	addi	x0,x0,0	  x0:0x00000000
       12715000	      1270	80001814	02268d13	addi	x26,x13,34	 x13:0xfffffbf5 x26=0xfffffc17
       12725000	      1271	80001818	00178833	add	x16,x15,x1	 x15:0x9523a000  x1:0x70c7b000 x16=0x05eb5000
       12735000	      1272	8000181c	c61e4693	xori	x13,x28,-927	 x28:0xfffff9c7 x13=0x000005a6
       12745000	      1273	80001820	01fc88b3	add	x17,x25,x31	 x25:0xbf07072c x31:0x00000000 x17=0xbf07072c
       12755000	      1274	80001824	f8966993	ori	x19,x12,-119	 x12:0x80009f84 x19=0xffffff8d
       12765000	      1275	80001828	00000013	addi	x0,x0,0	  x0:0x00000000
       12775000	      1276	8000182c	02d1d263	bge	x3,x13,80001850	  x3:0xfda98000 x13:0x000005a6
       12785000	      1277	80001830	0097ad33	slt	x26,x15,x9	 x15:0x9523a000  x9:0x80009fc4 x26=0x00000000
       12795000	      1278	80001834	01299a93	slli	x21,x19,0x12	 x19:0xffffff8d x21=0xfe340000
       12805000	      1279	80001838	05928263	beq	x5,x25,8000187c	  x5:0xfda97cf3 x25:0xbf07072c
       12815000	      1280	8000183c	04359663	bne	x11,x3,80001888	 x11:0x0100028a  x3:0xfda98000
       12825000	      1281	00000000	00000013	addi	x0,x0,0	  x0:0x00000000
       12835000	      1282	80001884	00000013	addi	x0,x0,0	  x0:0x00000000
       12845000	      1283	80001888	418a8f33	sub	x30,x21,x24	 x21:0xfe340000 x24:0x14714000 x30=0xe9c2c000
       12855000	      1284	8000188c	02675e63	bge	x14,x6,800018c8	 x14:0xfea97e32  x6:0x00000001
       12865000	      1285	80001890	00b85b93	srli	x23,x16,0xb	 x16:0x05eb5000 x23=0x0000bd6a
       12875000	      1286	80001894	04ec9063	bne	x25,x14,800018d4	 x25:0xbf07072c x14:0xfea97e32
       12885000	      1287	00000000	00000013	addi	x0,x0,0	  x0:0x00000000
       12895000	      1288	800018d0	00000013	addi	x0,x0,0	  x0:0x00000000
       12905000	      1289	800018d4	020fd263	bge	x31,x0,800018f8	 x31:0x00000000  x0:0x00000000
       12915000	      1290	00000000	00000013	addi	x0,x0,0	  x0:0x00000000
       12925000	      1291	800018f4	00000013	addi	x0,x0,0	  x0:0x00000000
       12935000	      1292	800018f8	0543c663	blt	x7,x20,80001944	  x7:0xfffffad5 x20:0xfffff81d
       12945000	      1293	800018fc	00000013	addi	x0,x0,0	  x0:0x00000000
       12955000	      1294	80001900	016ab7b3	sltu	x15,x21,x22	 x21:0xfe340000 x22:0xffffffff x15=0x00000001
       12965000	      1295	80001904	8a5835b7	lui	x11,0x8a583	 x11=0x8a583000
       12975000	      1296	80001908	015a4db3	xor	x27,x20,x21	 x20:0xfffff81d x21:0xfe340000 x27=0x01cbf81d
       12985000	      1297	8000190c	00dcd393	srli	x7,x25,0xd	 x25:0xbf07072c  x7=0x0005f838
       12995000	      1298	80001910	030cea63	bltu	x25,x16,80001944	 x25:0xbf07072c x16:0x05eb5000
       13005000	      1299	80001914	407b59b3	sra	x19,x22,x7	 x22:0xffffffff  x7:0x0005f838 x19=0xffffffff
       13015000	      1300	80001918	0053d533	srl	x10,x7,x5	  x7:0x0005f838  x5:0xfda97cf3 x10=0x00000000
       13025000	      1301	8000191c	40ea8f33	sub	x30,x21,x14	 x21:0xfe340000 x14:0xfea97e32 x30=0xff8a81ce
       13035000	      1302	80001920	02cece63	blt	x29,x12,8000195c	 x29:0x00000001 x12:0x80009f84
       13045000	      1303	80001924	0357de63	bge	x15,x21,80001960	 x15:0x00000001 x21:0xfe340000
       13055000	      1304	00000000	00000013	addi	x0,x0,0	  x0:0x00000000
       13065000	      1305	8000195c	00000013	addi	x0,x0,0	  x0:0x00000000
       13075000	      1306	80001960	d2984693	xori	x13,x16,-727	 x16:0x05eb5000 x13=0xfa14ad29
       13085000	      1307	80001964	00000013	addi	x0,x0,0	  x0:0x00000000
       13095000	      1308	80001968	e2d6db37	lui	x22,0xe2d6d	 x22=0xe2d6d000
       13105000	      1309	8000196c	402cda13	srai	x20,x25,0x2	 x25:0xbf07072c x20=0xefc1c1cb
       13115000	      1310	80001970	008af313	andi	x6,x21,8	 x21:0xfe340000  x6=0x00000000
       13125000	      1311	80001974	f7f44993	xori	x19,x8,-129	  x8:0xfffff839 x19=0x00000746
       13135000	      1312	80001978	41f3df13	srai	x30,x7,0x1f	  x7:0x0005f838 x30=0x00000000
       13145000	      1313	8000197c	00632cb3	slt	x25,x6,x6	  x6:0x00000000  x6:0x00000000 x25=0x00000000
       13155000	      1314	80001980	004859b3	srl	x19,x16,x4	 x16:0x05eb5000  x4:0x0100013f x19=0x00000000
       13165000	      1315	80001984	00ed9933	sll	x18,x27,x14	 x27:0x01cbf81d x14:0xfea97e32 x18=0xe0740000
       13175000	      1316	80001988	85226b13	ori	x22,x4,-1966	  x4:0x0100013f x22=0xfffff97f
       13185000	      1317	8000198c	40d483b3	sub	x7,x9,x13	  x9:0x80009fc4 x13:0xfa14ad29  x7=0x85ebf29b
       13195000	      1318	80001990	05af1863	bne	x30,x26,800019e0	 x30:0x00000000 x26:0x00000000
       13205000	      1319	80001994	5ec9b193	sltiu	x3,x19,1516	 x19:0x00000000  x3=0x00000001
       13215000	      1320	80001998	04815263	bge	x2,x8,800019dc	  x2:0xf1905c0d  x8:0xfffff839
       13225000	      1321	8000199c	01cf4a63	blt	x30,x28,800019b0	 x30:0x00000000 x28:0xfffff9c7
       13235000	      1322	800019a0	014a45b3	xor	x11,x20,x20	 x20:0xefc1c1cb x20:0xefc1c1cb x11=0x00000000
       13245000	      1323	800019a4	011f6a33	or	x20,x30,x17	 x30:0x00000000 x17:0xbf07072c x20=0xbf07072c
       13255000	      1324	800019a8	00000013	addi	x0,x0,0	  x0:0x00000000
       13265000	      1325	800019ac	41585bb3	sra	x23,x16,x21	 x16:0x05eb5000 x21:0xfe340000 x23=0x05eb5000
       13275000	      1326	800019b0	00a6d033	srl	x0,x13,x10	 x13:0xfa14ad29 x10:0x00000000
       13285000	      1327	800019b4	00497663	bgeu	x18,x4,800019c0	 x18:0xe0740000  x4:0x0100013f
       13295000	      1328	00000000	00000013	addi	x0,x0,0	  x0:0x00000000
       13305000	      1329	800019bc	00000013	addi	x0,x0,0	  x0:0x00000000
       13315000	      1330	800019c0	00c51eb3	sll	x29,x10,x12	 x10:0x00000000 x12:0x80009f84 x29=0x00000000
       13325000	      1331	800019c4	410f0cb3	sub	x25,x30,x16	 x30:0x00000000 x16:0x05eb5000 x25=0xfa14b000
       13335000	      1332	800019c8	f4d43d13	sltiu	x26,x8,-179	  x8:0xfffff839 x26=0x00000001
       13345000	      1333	800019cc	981b3093	sltiu	x1,x22,-1663	 x22:0xfffff97f  x1=0x00000001
       13355000	      1334	800019d0	892a2093	slti	x1,x20,-1902	 x20:0xbf07072c  x1=0x00000001
       13365000	      1335	800019d4	aa7d3913	sltiu	x18,x26,-1369	 x26:0x00000001 x18=0x00000001
       13375000	      1336	800019d8	00ccb833	sltu	x16,x25,x12	 x25:0xfa14b000 x12:0x80009f84 x16=0x00000000
       13385000	      1337	800019dc	410b5d33	sra	x26,x22,x16	 x22:0xfffff97f x16:0x00000000 x26=0xfffff97f
       13395000	      1338	800019e0	01180e33	add	x28,x16,x17	 x16:0x00000000 x17:0xbf07072c x28=0xbf07072c
       13405000	      1339	800019e4	00a4fa33	and	x20,x9,x10	  x9:0x80009fc4 x10:0x00000000 x20=0x00000000
       13415000	      1340	800019e8	0187e333	or	x6,x15,x24	 x15:0x00000001 x24:0x14714000  x6=0x14714001
       13425000	      1341	800019ec	002c1f13	slli	x30,x24,0x2	 x24:0x14714000 x30=0x51c50000
       13435000	      1342	800019f0	002906b3	add	x13,x18,x2	 x18:0x00000001  x2:0xf1905c0d x13=0xf1905c0e
       13445000	      1343	800019f4	03b65463	bge	x12,x27,80001a1c	 x12:0x80009f84 x27:0x01cbf81d
       13455000	      1344	800019f8	0006ad33	slt	x26,x13,x0	 x13:0xf1905c0e  x0:0x00000000 x26=0x00000001
       13465000	      1345	800019fc	ae8f3093	sltiu	x1,x30,-1304	 x30:0x51c50000  x1=0x00000001
       13475000	      1346	80001a00	416209b3	sub	x19,x4,x22	  x4:0x0100013f x22:0xfffff97f x19=0x010007c0
       13485000	      1347	80001a04	05334663	blt	x6,x19,80001a50	  x6:0x14714001 x19:0x010007c0
       13495000	      1348	80001a08	01379713	slli	x14,x15,0x13	 x15:0x00000001 x14=0x00080000
       13505000	      1349	80001a0c	41075e33	sra	x28,x14,x16	 x14:0x00080000 x16:0x00000000 x28=0x00080000
       13515000	      1350	80001a10	014ed033	srl	x0,x29,x20	 x29:0x00000000 x20:0x00000000
       13525000	      1351	80001a14	02ad7c63	bgeu	x26,x10,80001a4c	 x26:0x00000001 x10:0x00000000
       13535000	      1352	00000000	00000013	addi	x0,x0,0	  x0:0x00000000
       13545000	      1353	80001a48	00000013	addi	x0,x0,0	  x0:0x00000000
       13555000	      1354	80001a4c	00cb0433	add	x8,x22,x12	 x22:0xfffff97f x12:0x80009f84  x8=0x80009903
       13565000	      1355	80001a50	40a05d13	srai	x26,x0,0xa	  x0:0x00000000 x26=0x00000000
       13575000	      1356	80001a54	500abc13	sltiu	x24,x21,1280	 x21:0xfe340000 x24=0x00000000
       13585000	      1357	80001a58	0178a9b3	slt	x19,x17,x23	 x17:0xbf07072c x23:0x05eb5000 x19=0x00000001
       13595000	      1358	80001a5c	04d99063	bne	x19,x13,80001a9c	 x19:0x00000001 x13:0xf1905c0e
       13605000	      1359	00000000	00000013	addi	x0,x0,0	  x0:0x00000000
       13615000	      1360	80001a98	00000013	addi	x0,x0,0	  x0:0x00000000
       13625000	      1361	80001a9c	01207fb3	and	x31,x0,x18	  x0:0x00000000 x18:0x00000001 x31=0x00000000
       13635000	      1362	80001aa0	00159e13	slli	x28,x11,0x1	 x11:0x00000000 x28=0x00000000
       13645000	      1363	80001aa4	00955863	bge	x10,x9,80001ab4	 x10:0x00000000  x9:0x80009fc4
       13655000	      1364	00000000	00000013	addi	x0,x0,0	  x0:0x00000000
       13665000	      1365	80001ab0	00000013	addi	x0,x0,0	  x0:0x00000000
       13675000	      1366	80001ab4	00257033	and	x0,x10,x2	 x10:0x00000000  x2:0xf1905c0d
       13685000	      1367	80001ab8	2bcc28b7	lui	x17,0x2bcc2	 x17=0x2bcc2000
       13695000	      1368	80001abc	008e1c33	sll	x24,x28,x8	 x28:0x00000000  x8:0x80009903 x24=0x00000000
       13705000	      1369	80001ac0	001dc663	blt	x27,x1,80001acc	 x27:0x01cbf81d  x1:0x00000001
       13715000	      1370	80001ac4	03fa5263	bge	x20,x31,80001ae8	 x20:0x00000000 x31:0x00000000
       13725000	      1371	00000000	00000013	addi	x0,x0,0	  x0:0x00000000
       13735000	      1372	80001ae4	00000013	addi	x0,x0,0	  x0:0x00000000
       13745000	      1373	80001ae8	33954a93	xori	x21,x10,825	 x10:0x00000000 x21=0x00000339
       13755000	      1374	80001aec	04534463	blt	x6,x5,80001b34	  x6:0x14714001  x5:0xfda97cf3
       13765000	      1375	80001af0	d0c03393	sltiu	x7,x0,-756	  x0:0x00000000  x7=0x00000001
       13775000	      1376	80001af4	05ac6263	bltu	x24,x26,80001b38	 x24:0x00000000 x26:0x00000000
       13785000	      1377	80001af8	163d4e13	xori	x28,x26,355	 x26:0x00000000 x28=0x00000163
       13795000	      1378	80001afc	e9c92093	slti	x1,x18,-356	 x18:0x00000001  x1=0x00000000
       13805000	      1379	80001b00	01ac70b3	and	x1,x24,x26	 x24:0x00000000 x26:0x00000000  x1=0x00000000
       13815000	      1380	80001b04	00000013	addi	x0,x0,0	  x0:0x00000000
       13825000	      1381	80001b08	4f54cc13	xori	x24,x9,1269	  x9:0x80009fc4 x24=0x80009b31
       13835000	      1382	80001b0c	055b7263	bgeu	x22,x21,80001b50	 x22:0xfffff97f x21:0x00000339
       13845000	      1383	00000000	00000013	addi	x0,x0,0	  x0:0x00000000
       13855000	      1384	80001b4c	00000013	addi	x0,x0,0	  x0:0x00000000
       13865000	      1385	80001b50	03e79463	bne	x15,x30,80001b78	 x15:0x00000001 x30:0x51c50000
       13875000	      1386	00000000	00000013	addi	x0,x0,0	  x0:0x00000000
       13885000	      1387	80001b74	00000013	addi	x0,x0,0	  x0:0x00000000
       13895000	      1388	80001b78	0147f5b3	and	x11,x15,x20	 x15:0x00000001 x20:0x00000000 x11=0x00000000
       13905000	      1389	80001b7c	01af5733	srl	x14,x30,x26	 x30:0x51c50000 x26:0x00000000 x14=0x51c50000
       13915000	      1390	80001b80	00000013	addi	x0,x0,0	  x0:0x00000000
       13925000	      1391	80001b84	002ef1b3	and	x3,x29,x2	 x29:0x00000000  x2:0xf1905c0d  x3=0x00000000
       13935000	      1392	80001b88	a0e68813	addi	x16,x13,-1522	 x13:0xf1905c0e x16=0xf190561c
       13945000	      1393	80001b8c	41730f33	sub	x30,x6,x23	  x6:0x14714001 x23:0x05eb5000 x30=0x0e85f001
       13955000	      1394	80001b90	b31ac293	xori	x5,x21,-1231	 x21:0x00000339  x5=0xfffff808
       13965000	      1395	80001b94	00071213	slli	x4,x14,0x0	 x14:0x51c50000  x4=0x51c50000
       13975000	      1396	80001b98	40c45e13	srai	x28,x8,0xc	  x8:0x80009903 x28=0xfff80009
       13985000	      1397	80001b9c	00a945b3	xor	x11,x18,x10	 x18:0x00000001 x10:0x00000000 x11=0x00000001
       13995000	      1398	80001ba0	065cd263	bge	x25,x5,80001c04	 x25:0xfa14b000  x5:0xfffff808
       14005000	      1399	80001ba4	0055e7b3	or	x15,x11,x5	 x11:0x00000001  x5:0xfffff808 x15=0xfffff809
       14015000	      1400	80001ba8	0146b533	sltu	x10,x13,x20	 x13:0xf1905c0e x20:0x00000000 x10=0x00000000
       14025000	      1401	80001bac	00f22e33	slt	x28,x4,x15	  x4:0x51c50000 x15:0xfffff809 x28=0x00000000
       14035000	      1402	80001bb0	01d07ab3	and	x21,x0,x29	  x0:0x00000000 x29:0x00000000 x21=0x00000000
       14045000	      1403	80001bb4	01b1fcb3	and	x25,x3,x27	  x3:0x00000000 x27:0x01cbf81d x25=0x00000000
       14055000	      1404	80001bb8	00000417	auipc	x8,0x0	  x8=0x80001bb4
       14065000	      1405	80001bbc	1c440413	addi	x8,x8,452	  x8:0x80001bb4  x8=0x80001d78
       14075000	      1406	80001bc0	01c93c33	sltu	x24,x18,x28	 x18:0x00000001 x28:0x00000000 x24=0x00000000
       14085000	      1407	80001bc4	cda40413	addi	x8,x8,-806	  x8:0x80001d78  x8=0x80001a52
       14095000	      1408	80001bc8	c5ff0313	addi	x6,x30,-929	 x30:0x0e85f001  x6=0x0e85ec60
       14105000	      1409	80001bcc	010f7663	bgeu	x30,x16,80001bd8	 x30:0x0e85f001 x16:0xf190561c
       14115000	      1410	80001bd0	01f0d293	srli	x5,x1,0x1f	  x1:0x00000000  x5=0x00000000
       14125000	      1411	80001bd4	efc9a093	slti	x1,x19,-260	 x19:0x00000001  x1=0x00000000
       14135000	      1412	80001bd8	326400e7	jalr	x1,x8,806	  x8:0x80001a52  x1=0x80001bd8
       14145000	      1413	00000000	00000013	addi	x0,x0,0	  x0:0x00000000
       14155000	      1414	80001d78	00000013	addi	x0,x0,0	  x0:0x00000000
       14165000	      1415	80001d7c	00539263	bne	x7,x5,80001d80	  x7:0x00000001  x5:0x00000000
       14175000	      1416	00000000	00000013	addi	x0,x0,0	  x0:0x00000000
       14185000	      1417	80001d7c	00000013	addi	x0,x0,0	  x0:0x00000000
       14195000	      1418	80001d80	fe460613	addi	x12,x12,-28	 x12:0x80009f84 x12=0x80009f68
       14205000	      1419	80001d84	b5b83e13	sltiu	x28,x16,-1189	 x16:0xf190561c x28=0x00000001
       14215000	      1420	80001d88	0010a933	slt	x18,x1,x1	  x1:0x80001bd8  x1:0x80001bd8 x18=0x00000000
       14225000	      1421	80001d8c	00162223	sw	x1,4(x12)	 x12:0x80009f68  x1:0x80001bd8 PA:0x80009f6c
       14235000	      1422	80001d90	00ad4e33	xor	x28,x26,x10	 x26:0x00000000 x10:0x00000000 x28=0x00000000
       14245000	      1423	80001d94	3421f513	andi	x10,x3,834	  x3:0x00000000 x10=0x00000000
       14255000	      1424	80001d98	3930a993	slti	x19,x1,915	  x1:0x80001bd8 x19=0x00000001
       14265000	      1425	80001d9c	00f0b033	sltu	x0,x1,x15	  x1:0x80001bd8 x15:0xfffff809
       14275000	      1426	80001da0	04467463	bgeu	x12,x4,80001de8	 x12:0x80009f68  x4:0x51c50000
       14285000	      1427	00000000	00000013	addi	x0,x0,0	  x0:0x00000000
       14295000	      1428	80001de4	00000013	addi	x0,x0,0	  x0:0x00000000
       14305000	      1429	80001de8	03277063	bgeu	x14,x18,80001e08	 x14:0x51c50000 x18:0x00000000
       14315000	      1430	00000000	00000013	addi	x0,x0,0	  x0:0x00000000
       14325000	      1431	80001e04	00000013	addi	x0,x0,0	  x0:0x00000000
       14335000	      1432	80001e08	404d5693	srai	x13,x26,0x4	 x26:0x00000000 x13=0x00000000
       14345000	      1433	80001e0c	41940733	sub	x14,x8,x25	  x8:0x80001a52 x25:0x00000000 x14=0x80001a52
       14355000	      1434	80001e10	836fb693	sltiu	x13,x31,-1994	 x31:0x00000000 x13=0x00000001
       14365000	      1435	80001e14	1f6a6593	ori	x11,x20,502	 x20:0x00000000 x11=0x000001f6
       14375000	      1436	80001e18	00462083	lw	x1,4(x12)	 x12:0x80009f68  x1=0x80001bd8 PA:0x80009f6c
       14385000	      1437	80001e1c	01c60613	addi	x12,x12,28	 x12:0x80009f68 x12=0x80009f84
       14395000	      1438	80001e20	01a5ce33	xor	x28,x11,x26	 x11:0x000001f6 x26:0x00000000 x28=0x000001f6
       14405000	      1439	80001e24	00108193	addi	x3,x1,1	  x1:0x80001bd8  x3=0x80001bd9
       14415000	      1440	80001e28	000181e7	jalr	x3,x3,0	  x3:0x80001bd9  x3=0x80001e28
       14425000	      1441	00000000	00000013	addi	x0,x0,0	  x0:0x00000000
       14435000	      1442	80001bd8	00000013	addi	x0,x0,0	  x0:0x00000000
       14445000	      1443	80001bdc	63c16013	ori	x0,x2,1596	  x2:0xf1905c0d
       14455000	      1444	80001be0	c8e44d13	xori	x26,x8,-882	  x8:0x80001a52 x26=0x7fffe6dc
       14465000	      1445	80001be4	55036d93	ori	x27,x6,1360	  x6:0x0e85ec60 x27=0x0e85ed70
       14475000	      1446	80001be8	05cc5463	bge	x24,x28,80001c30	 x24:0x00000000 x28:0x000001f6
       14485000	      1447	80001bec	41685eb3	sra	x29,x16,x22	 x16:0xf190561c x22:0xfffff97f x29=0xffffffff
       14495000	      1448	80001bf0	00e86263	bltu	x16,x14,80001bf4	 x16:0xf190561c x14:0x80001a52
       14505000	      1449	80001bf4	4160d933	sra	x18,x1,x22	  x1:0x80001bd8 x22:0xfffff97f x18=0xffffffff
       14515000	      1450	80001bf8	92d1cf93	xori	x31,x3,-1747	  x3:0x80001e28 x31=0x7fffe705
       14525000	      1451	80001bfc	0104e933	or	x18,x9,x16	  x9:0x80009fc4 x16:0xf190561c x18=0xf190dfdc
       14535000	      1452	80001c00	049bc063	blt	x23,x9,80001c40	 x23:0x05eb5000  x9:0x80009fc4
       14545000	      1453	80001c04	01dc5733	srl	x14,x24,x29	 x24:0x00000000 x29:0xffffffff x14=0x00000000
       14555000	      1454	80001c08	03705463	bge	x0,x23,80001c30	  x0:0x00000000 x23:0x05eb5000
       14565000	      1455	80001c0c	00af9413	slli	x8,x31,0xa	 x31:0x7fffe705  x8=0xff9c1400
       14575000	      1456	80001c10	7d274d13	xori	x26,x14,2002	 x14:0x00000000 x26=0x000007d2
       14585000	      1457	80001c14	00000013	addi	x0,x0,0	  x0:0x00000000
       14595000	      1458	80001c18	0196ea63	bltu	x13,x25,80001c2c	 x13:0x00000001 x25:0x00000000
       14605000	      1459	80001c1c	0532e863	bltu	x5,x19,80001c6c	  x5:0x00000000 x19:0x00000001
       14615000	      1460	00000000	00000013	addi	x0,x0,0	  x0:0x00000000
       14625000	      1461	80001c68	00000013	addi	x0,x0,0	  x0:0x00000000
       14635000	      1462	80001c6c	6d5aaa93	slti	x21,x21,1749	 x21:0x00000000 x21=0x00000001
       14645000	      1463	80001c70	d260ab93	slti	x23,x1,-730	  x1:0x80001bd8 x23=0x00000001
       14655000	      1464	80001c74	01adc9b3	xor	x19,x27,x26	 x27:0x0e85ed70 x26:0x000007d2 x19=0x0e85eaa2
       14665000	      1465	80001c78	03e97263	bgeu	x18,x30,80001c9c	 x18:0xf190dfdc x30:0x0e85f001
       14675000	      1466	00000000	00000013	addi	x0,x0,0	  x0:0x00000000
       14685000	      1467	80001c98	00000013	addi	x0,x0,0	  x0:0x00000000
       14695000	      1468	80001c9c	0aff8c63	beq	x31,x15,80001d54	 x31:0x7fffe705 x15:0xfffff809
       14705000	      1469	80001ca0	02553793	sltiu	x15,x10,37	 x10:0x00000000 x15=0x00000001
       14715000	      1470	80001ca4	403600b3	sub	x1,x12,x3	 x12:0x80009f84  x3:0x80001e28  x1=0x0000815c
       14725000	      1471	80001ca8	01e5ee63	bltu	x11,x30,80001cc4	 x11:0x000001f6 x30:0x0e85f001
       14735000	      1472	00000000	00000013	addi	x0,x0,0	  x0:0x00000000
       14745000	      1473	80001cc0	00000013	addi	x0,x0,0	  x0:0x00000000
       14755000	      1474	80001cc4	40c70bb3	sub	x23,x14,x12	 x14:0x00000000 x12:0x80009f84 x23=0x7fff607c
       14765000	      1475	80001cc8	00ede233	or	x4,x27,x14	 x27:0x0e85ed70 x14:0x00000000  x4=0x0e85ed70
       14775000	      1476	80001ccc	405e5b93	srai	x23,x28,0x5	 x28:0x000001f6 x23=0x0000000f
       14785000	      1477	80001cd0	01c71533	sll	x10,x14,x28	 x14:0x00000000 x28:0x000001f6 x10=0x00000000
       14795000	      1478	80001cd4	00007b97	auipc	x23,0x7	 x23=0x80008cd0
       14805000	      1479	80001cd8	918b8b93	addi	x23,x23,-1768	 x23:0x80008cd0 x23=0x800085e8
       14815000	      1480	80001cdc	00cf1333	sll	x6,x30,x12	 x30:0x0e85f001 x12:0x80009f84  x6=0xe85f0010
       14825000	      1481	80001ce0	6e923037	lui	x0,0x6e923	
       14835000	      1482	80001ce4	0b5b8a83	lb	x21,181(x23)	 x23:0x800085e8 x21=0x00000056 PA:0x8000869d
       14845000	      1483	80001ce8	f66b8ca3	sb	x6,-135(x23)	 x23:0x800085e8  x6:0xe85f0010 PA:0x80008561
       14855000	      1484	80001cec	8f95a893	slti	x17,x11,-1799	 x11:0x000001f6 x17=0x00000000
       14865000	      1485	80001cf0	f53b8183	lb	x3,-173(x23)	 x23:0x800085e8  x3=0xfffffff0 PA:0x8000853b
       14875000	      1486	80001cf4	f5eb9d83	lh	x27,-162(x23)	 x23:0x800085e8 x27=0xfffffcfd PA:0x80008546
       14885000	      1487	80001cf8	04f87b13	andi	x22,x16,79	 x16:0xf190561c x22=0x0000000c
       14895000	      1488	80001cfc	f66b9b23	sh	x6,-138(x23)	 x23:0x800085e8  x6:0xe85f0010 PA:0x8000855e
       14905000	      1489	80001d00	2d47e693	ori	x13,x15,724	 x15:0x00000001 x13=0x000002d5
       14915000	      1490	80001d04	012ea733	slt	x14,x29,x18	 x29:0xffffffff x18:0xf190dfdc x14=0x00000000
       14925000	      1491	80001d08	00af1393	slli	x7,x30,0xa	 x30:0x0e85f001  x7=0x17c00400
       14935000	      1492	80001d0c	40310d33	sub	x26,x2,x3	  x2:0xf1905c0d  x3:0xfffffff0 x26=0xf1905c1d
       14945000	      1493	80001d10	84e1f817	auipc	x16,0x84e1f	 x16=0x04e20d0c
       14955000	      1494	80001d14	0eeb84a3	sb	x14,233(x23)	 x23:0x800085e8 x14:0x00000000 PA:0x800086d1
       14965000	      1495	80001d18	4098dd13	srai	x26,x17,0x9	 x17:0x00000000 x26=0x00000000
       14975000	      1496	80001d1c	066b8783	lb	x15,102(x23)	 x23:0x800085e8 x15=0x00000005 PA:0x8000864e
       14985000	      1497	80001d20	0cdb8203	lb	x4,205(x23)	 x23:0x800085e8  x4=0x0000006e PA:0x800086b5
       14995000	      1498	80001d24	01f02eb3	slt	x29,x0,x31	  x0:0x00000000 x31:0x7fffe705 x29=0x00000001
       15005000	      1499	80001d28	01a003b3	add	x7,x0,x26	  x0:0x00000000 x26:0x00000000  x7=0x00000000
       15015000	      1500	80001d2c	018bd2b3	srl	x5,x23,x24	 x23:0x800085e8 x24:0x00000000  x5=0x800085e8
       15025000	      1501	80001d30	d1dafa13	andi	x20,x21,-739	 x21:0x00000056 x20=0x00000014
       15035000	      1502	80001d34	41e3df33	sra	x30,x7,x30	  x7:0x00000000 x30:0x0e85f001 x30=0x00000000
       15045000	      1503	80001d38	045b85a3	sb	x5,75(x23)	 x23:0x800085e8  x5:0x800085e8 PA:0x80008633
       15055000	      1504	80001d3c	0b4b9023	sh	x20,160(x23)	 x23:0x800085e8 x20:0x00000014 PA:0x80008688
       15065000	      1505	80001d40	01cceab3	or	x21,x25,x28	 x25:0x00000000 x28:0x000001f6 x21=0x000001f6
       15075000	      1506	80001d44	0130cc33	xor	x24,x1,x19	  x1:0x0000815c x19:0x0e85eaa2 x24=0x0e856bfe
       15085000	      1507	80001d48	05ab8fa3	sb	x26,95(x23)	 x23:0x800085e8 x26:0x00000000 PA:0x80008647
       15095000	      1508	80001d4c	f37b8083	lb	x1,-201(x23)	 x23:0x800085e8  x1=0xffffffd4 PA:0x8000851f
       15105000	      1509	80001d50	41f3d713	srai	x14,x7,0x1f	  x7:0x00000000 x14=0x00000000
       15115000	      1510	80001d54	01c9c333	xor	x6,x19,x28	 x19:0x0e85eaa2 x28:0x000001f6  x6=0x0e85eb54
       15125000	      1511	80001d58	01479663	bne	x15,x20,80001d64	 x15:0x00000005 x20:0x00000014
       15135000	      1512	00000000	00000013	addi	x0,x0,0	  x0:0x00000000
       15145000	      1513	80001d60	00000013	addi	x0,x0,0	  x0:0x00000000
       15155000	      1514	80001d64	40ef5213	srai	x4,x30,0xe	 x30:0x00000000  x4=0x00000000
       15165000	      1515	80001d68	00000117	auipc	x2,0x0	  x2=0x80001d64
       15175000	      1516	80001d6c	00c10113	addi	x2,x2,12	  x2:0x80001d64  x2=0x80001d70
       15185000	      1517	80001d70	00010067	jalr	x0,x2,0	  x2:0x80001d70
       15195000	      1518	00000000	00000013	addi	x0,x0,0	  x0:0x00000000
       15205000	      1519	80001d70	00000013	addi	x0,x0,0	  x0:0x00000000
       15215000	      1520	80001d74	00100193	addi	x3,x0,1	  x0:0x00000000  x3=0x00000001
       15225000	      1521	80001d78	00000073	ecall	
       15235000	      1522	80001d7c	00539263	bne	x7,x5,80001d80	  x7:0x00000000  x5:0x800085e8
