		Time			Cycle	PC		Insn	Decoded instruction	Register and memory contents
          65000	         5	80000004	00000293	addi	x5,x0,0	  x0:0x00000000  x5=0x00000000
          75000	         6	80000008	00000313	addi	x6,x0,0	  x0:0x00000000  x6=0x00000000
          85000	         7	8000000c	00628263	beq	x5,x6,80000010	  x5:0x00000000  x6:0x00000000
          95000	         8	00000000	00000013	addi	x0,x0,0	  x0:0x00000000
         105000	         9	8000000c	00000013	addi	x0,x0,0	  x0:0x00000000
         115000	        10	80000010	00000397	auipc	x7,0x0	  x7=0x8000000c
         125000	        11	80000014	00c38393	addi	x7,x7,12	  x7:0x8000000c  x7=0x80000018
         135000	        12	80000018	00038067	jalr	x0,x7,0	  x7:0x80000018
         145000	        13	00000000	00000013	addi	x0,x0,0	  x0:0x00000000
         155000	        14	80000018	00000013	addi	x0,x0,0	  x0:0x00000000
         165000	        15	8000001c	40000137	lui	x2,0x40000	  x2=0x40000000
         175000	        16	80000020	10010113	addi	x2,x2,256	  x2:0x40000000  x2=0x40000100
         185000	        17	80000024	00000013	addi	x0,x0,0	  x0:0x00000000
         195000	        18	80000028	0000a697	auipc	x13,0xa	 x13=0x8000a024
         205000	        19	8000002c	fa068693	addi	x13,x13,-96	 x13:0x8000a024 x13=0x80009fc4
         215000	        20	80000030	00002117	auipc	x2,0x2	  x2=0x8000202c
         225000	        21	80000034	db010113	addi	x2,x2,-592	  x2:0x8000202c  x2=0x80001ddc
         235000	        22	80000038	00016113	ori	x2,x2,0	  x2:0x80001ddc  x2=0x80001ddc
         245000	        23	8000003c	00000013	addi	x0,x0,0	  x0:0x00000000
         255000	        24	80000040	00000117	auipc	x2,0x0	  x2=0x8000003c
         265000	        25	80000044	02010113	addi	x2,x2,32	  x2:0x8000003c  x2=0x8000005c
         275000	        26	80000048	00000013	addi	x0,x0,0	  x0:0x00000000
         285000	        27	8000004c	00000013	addi	x0,x0,0	  x0:0x00000000
         295000	        28	80000050	00002137	lui	x2,0x2	  x2=0x00002000
         305000	        29	80000054	80010113	addi	x2,x2,-2048	  x2:0x00002000  x2=0x00001800
         315000	        30	80000058	00000013	addi	x0,x0,0	  x0:0x00000000
         325000	        31	8000005c	00000013	addi	x0,x0,0	  x0:0x00000000
         335000	        32	80000060	00000013	addi	x0,x0,0	  x0:0x00000000
         345000	        33	80000064	d71b10b7	lui	x1,0xd71b1	  x1=0xd71b1000
         355000	        34	80000068	f9008093	addi	x1,x1,-112	  x1:0xd71b1000  x1=0xd71b0f90
         365000	        35	8000006c	f85f1137	lui	x2,0xf85f1	  x2=0xf85f1000
         375000	        36	80000070	61310113	addi	x2,x2,1555	  x2:0xf85f1000  x2=0xf85f1613
         385000	        37	80000074	00800193	addi	x3,x0,8	  x0:0x00000000  x3=0x00000008
         395000	        38	80000078	00900213	addi	x4,x0,9	  x0:0x00000000  x4=0x00000009
         405000	        39	8000007c	b793c2b7	lui	x5,0xb793c	  x5=0xb793c000
         415000	        40	80000080	f7f28293	addi	x5,x5,-129	  x5:0xb793c000  x5=0xb793bf7f
         425000	        41	80000084	00500313	addi	x6,x0,5	  x0:0x00000000  x6=0x00000005
         435000	        42	80000088	f39293b7	lui	x7,0xf3929	  x7=0xf3929000
         445000	        43	8000008c	18d38393	addi	x7,x7,397	  x7:0xf3929000  x7=0xf392918d
         455000	        44	80000090	9f63a437	lui	x8,0x9f63a	  x8=0x9f63a000
         465000	        45	80000094	9b740413	addi	x8,x8,-1609	  x8:0x9f63a000  x8=0x9f6399b7
         475000	        46	80000098	00000493	addi	x9,x0,0	  x0:0x00000000  x9=0x00000000
         485000	        47	8000009c	80000537	lui	x10,0x80000	 x10=0x80000000
         495000	        48	800000a0	aa21d5b7	lui	x11,0xaa21d	 x11=0xaa21d000
         505000	        49	800000a4	e1758593	addi	x11,x11,-489	 x11:0xaa21d000 x11=0xaa21ce17
         515000	        50	800000a8	00800613	addi	x12,x0,8	  x0:0x00000000 x12=0x00000008
         525000	        51	800000ac	cdaa8737	lui	x14,0xcdaa8	 x14=0xcdaa8000
         535000	        52	800000b0	0d470713	addi	x14,x14,212	 x14:0xcdaa8000 x14=0xcdaa80d4
         545000	        53	800000b4	800007b7	lui	x15,0x80000	 x15=0x80000000
         555000	        54	800000b8	00700813	addi	x16,x0,7	  x0:0x00000000 x16=0x00000007
         565000	        55	800000bc	f70d58b7	lui	x17,0xf70d5	 x17=0xf70d5000
         575000	        56	800000c0	48488893	addi	x17,x17,1156	 x17:0xf70d5000 x17=0xf70d5484
         585000	        57	800000c4	1a7f99b7	lui	x19,0x1a7f9	 x19=0x1a7f9000
         595000	        58	800000c8	57098993	addi	x19,x19,1392	 x19:0x1a7f9000 x19=0x1a7f9570
         605000	        59	800000cc	00b00a13	addi	x20,x0,11	  x0:0x00000000 x20=0x0000000b
         615000	        60	800000d0	80000ab7	lui	x21,0x80000	 x21=0x80000000
         625000	        61	800000d4	00100b13	addi	x22,x0,1	  x0:0x00000000 x22=0x00000001
         635000	        62	800000d8	09ea4bb7	lui	x23,0x9ea4	 x23=0x09ea4000
         645000	        63	800000dc	5eab8b93	addi	x23,x23,1514	 x23:0x09ea4000 x23=0x09ea45ea
         655000	        64	800000e0	00000c13	addi	x24,x0,0	  x0:0x00000000 x24=0x00000000
         665000	        65	800000e4	80000cb7	lui	x25,0x80000	 x25=0x80000000
         675000	        66	800000e8	00000d13	addi	x26,x0,0	  x0:0x00000000 x26=0x00000000
         685000	        67	800000ec	00000d93	addi	x27,x0,0	  x0:0x00000000 x27=0x00000000
         695000	        68	800000f0	3eff5e37	lui	x28,0x3eff5	 x28=0x3eff5000
         705000	        69	800000f4	0dbe0e13	addi	x28,x28,219	 x28:0x3eff5000 x28=0x3eff50db
         715000	        70	800000f8	8ddcfeb7	lui	x29,0x8ddcf	 x29=0x8ddcf000
         725000	        71	800000fc	a4be8e93	addi	x29,x29,-1461	 x29:0x8ddcf000 x29=0x8ddcea4b
         735000	        72	80000100	f17cdf37	lui	x30,0xf17cd	 x30=0xf17cd000
         745000	        73	80000104	e90f0f13	addi	x30,x30,-368	 x30:0xf17cd000 x30=0xf17cce90
         755000	        74	80000108	be6c9fb7	lui	x31,0xbe6c9	 x31=0xbe6c9000
         765000	        75	8000010c	353f8f93	addi	x31,x31,851	 x31:0xbe6c9000 x31=0xbe6c9353
         775000	        76	80000110	0000a917	auipc	x18,0xa	 x18=0x8000a10c
         785000	        77	80000114	e7890913	addi	x18,x18,-392	 x18:0x8000a10c x18=0x80009f84
         795000	        78	80000118	00008c97	auipc	x25,0x8	 x25=0x80008114
         805000	        79	8000011c	3f8c8c93	addi	x25,x25,1016	 x25:0x80008114 x25=0x8000850c
         815000	        80	80000120	f90c8223	sb	x16,-124(x25)	 x25:0x8000850c x16:0x00000007 PA:0x80008490
         825000	        81	80000124	0d1c8d83	lb	x27,209(x25)	 x25:0x8000850c x27=0xffffff96 PA:0x800085dd
         835000	        82	80000128	00008a97	auipc	x21,0x8	 x21=0x80008124
         845000	        83	8000012c	f84a8a93	addi	x21,x21,-124	 x21:0x80008124 x21=0x800080a8
         855000	        84	80000130	01ba80a3	sb	x27,1(x21)	 x21:0x800080a8 x27:0xffffff96 PA:0x800080a9
         865000	        85	80000134	00008797	auipc	x15,0x8	 x15=0x80008130
         875000	        86	80000138	4ee78793	addi	x15,x15,1262	 x15:0x80008130 x15=0x8000861e
         885000	        87	8000013c	017a84a3	sb	x23,9(x21)	 x21:0x800080a8 x23:0x09ea45ea PA:0x800080b1
         895000	        88	80000140	feea8aa3	sb	x14,-11(x21)	 x21:0x800080a8 x14:0xcdaa80d4 PA:0x8000809d
         905000	        89	80000144	fa87ab23	sw	x8,-74(x15)	 x15:0x8000861e  x8:0x9f6399b7 PA:0x800085d4
         915000	        90	80000148	0b4c86a3	sb	x20,173(x25)	 x25:0x8000850c x20:0x0000000b PA:0x800085b9
         925000	        91	8000014c	009ac303	lbu	x6,9(x21)	 x21:0x800080a8  x6=0x000000ea PA:0x800080b1
         935000	        92	80000150	0807ce83	lbu	x29,128(x15)	 x15:0x8000861e x29=0x00000055 PA:0x8000869e
         945000	        93	80000154	fc7ccd03	lbu	x26,-57(x25)	 x25:0x8000850c x26=0x00000088 PA:0x800084d3
         955000	        94	80000158	ff1a8f23	sb	x17,-2(x21)	 x21:0x800080a8 x17:0xf70d5484 PA:0x800080a6
         965000	        95	8000015c	ffec8183	lb	x3,-2(x25)	 x25:0x8000850c  x3=0xffffffc1 PA:0x8000850a
         975000	        96	80000160	0a778ca3	sb	x7,185(x15)	 x15:0x8000861e  x7:0xf392918d PA:0x800086d7
         985000	        97	80000164	ff5c8aa3	sb	x21,-11(x25)	 x25:0x8000850c x21:0x800080a8 PA:0x80008501
         995000	        98	80000168	003a8b83	lb	x23,3(x21)	 x21:0x800080a8 x23=0x00000060 PA:0x800080ab
        1005000	        99	00000000	00000013	addi	x0,x0,0	  x0:0x00000000
        1015000	       100	8000016c	077c82a3	sb	x23,101(x25)	 x25:0x8000850c x23:0x00000060 PA:0x80008571
        1025000	       101	80000170	05678e83	lb	x29,86(x15)	 x15:0x8000861e x29=0x0000002f PA:0x80008674
        1035000	       102	80000174	fb6c8423	sb	x22,-88(x25)	 x25:0x8000850c x22:0x00000001 PA:0x800084b4
        1045000	       103	80000178	ff37c483	lbu	x9,-13(x15)	 x15:0x8000861e  x9=0x000000ca PA:0x80008611
        1055000	       104	8000017c	fdb78003	lb	x0,-37(x15)	 x15:0x8000861e PA:0x800085f9
        1065000	       105	80000180	ff4ad983	lhu	x19,-12(x21)	 x21:0x800080a8 x19=0x0000d457 PA:0x8000809c
        1075000	       106	80000184	ff5aa823	sw	x21,-16(x21)	 x21:0x800080a8 x21:0x800080a8 PA:0x80008098
        1085000	       107	80000188	083c8803	lb	x16,131(x25)	 x25:0x8000850c x16=0x00000044 PA:0x8000858f
        1095000	       108	8000018c	fb879e03	lh	x28,-72(x15)	 x15:0x8000861e x28=0xffff9f63 PA:0x800085d6
        1105000	       109	80000190	009ac403	lbu	x8,9(x21)	 x21:0x800080a8  x8=0x000000ea PA:0x800080b1
        1115000	       110	80000194	ff7a8ca3	sb	x23,-7(x21)	 x21:0x800080a8 x23:0x00000060 PA:0x800080a1
        1125000	       111	80000198	00009c17	auipc	x24,0x9	 x24=0x80009194
        1135000	       112	8000019c	d7fc0c13	addi	x24,x24,-641	 x24:0x80009194 x24=0x80008f13
        1145000	       113	800001a0	00ec0a03	lb	x20,14(x24)	 x24:0x80008f13 x20=0x0000000a PA:0x80008f21
        1155000	       114	800001a4	005c0023	sb	x5,0(x24)	 x24:0x80008f13  x5:0xb793bf7f PA:0x80008f13
        1165000	       115	800001a8	40f48fb3	sub	x31,x9,x15	  x9:0x000000ca x15:0x8000861e x31=0x7fff7aac
        1175000	       116	800001ac	018c12a3	sh	x24,5(x24)	 x24:0x80008f13 x24:0x80008f13 PA:0x80008f18
        1185000	       117	800001b0	ff9c2083	lw	x1,-7(x24)	 x24:0x80008f13  x1=0xf4f5f6f7 PA:0x80008f0c
        1195000	       118	800001b4	010c04a3	sb	x16,9(x24)	 x24:0x80008f13 x16:0x00000044 PA:0x80008f1c
        1205000	       119	800001b8	006d3633	sltu	x12,x26,x6	 x26:0x00000088  x6:0x000000ea x12=0x00000001
        1215000	       120	800001bc	000441b3	xor	x3,x8,x0	  x8:0x000000ea  x0:0x00000000  x3=0x000000ea
        1225000	       121	800001c0	ff7c4603	lbu	x12,-9(x24)	 x24:0x80008f13 x12=0x000000f1 PA:0x80008f0a
        1235000	       122	800001c4	ff3c5083	lhu	x1,-13(x24)	 x24:0x80008f13  x1=0x0000eced PA:0x80008f06
        1245000	       123	800001c8	ff3c0283	lb	x5,-13(x24)	 x24:0x80008f13  x5=0xffffffed PA:0x80008f06
        1255000	       124	800001cc	003c1803	lh	x16,3(x24)	 x24:0x80008f13 x16=0xfffffcfd PA:0x80008f16
        1265000	       125	800001d0	ff5c5703	lhu	x14,-11(x24)	 x24:0x80008f13 x14=0x0000f2f3 PA:0x80008f08
        1275000	       126	800001d4	ffdc1303	lh	x6,-3(x24)	 x24:0x80008f13  x6=0xfffffafb PA:0x80008f10
        1285000	       127	800001d8	fe7c0f23	sb	x7,-2(x24)	 x24:0x80008f13  x7:0xf392918d PA:0x80008f11
        1295000	       128	800001dc	502eae93	slti	x29,x29,1282	 x29:0x0000002f x29=0x00000001
        1305000	       129	800001e0	004c4703	lbu	x14,4(x24)	 x24:0x80008f13 x14=0x000000fc PA:0x80008f17
        1315000	       130	800001e4	00ac0983	lb	x19,10(x24)	 x24:0x80008f13 x19=0x00000006 PA:0x80008f1d
        1325000	       131	800001e8	00008497	auipc	x9,0x8	  x9=0x800081e4
        1335000	       132	800001ec	3bb48493	addi	x9,x9,955	  x9:0x800081e4  x9=0x8000859f
        1345000	       133	800001f0	00008197	auipc	x3,0x8	  x3=0x800081ec
        1355000	       134	800001f4	ec718193	addi	x3,x3,-313	  x3:0x800081ec  x3=0x800080b3
        1365000	       135	800001f8	fdd19c83	lh	x25,-35(x3)	  x3:0x800080b3 x25=0x00004a4b PA:0x80008090
        1375000	       136	800001fc	fc648c03	lb	x24,-58(x9)	  x9:0x8000859f x24=0x0000001e PA:0x80008565
        1385000	       137	80000200	00719b03	lh	x22,7(x3)	  x3:0x800080b3 x22=0x00007071 PA:0x800080ba
        1395000	       138	80000204	03f18f23	sb	x31,62(x3)	  x3:0x800080b3 x31:0x7fff7aac PA:0x800080f1
        1405000	       139	80000208	02e48803	lb	x16,46(x9)	  x9:0x8000859f x16=0xffffff86 PA:0x800085cd
        1415000	       140	8000020c	fe848323	sb	x8,-26(x9)	  x9:0x8000859f  x8:0x000000ea PA:0x80008585
        1425000	       141	80000210	01f18523	sb	x31,10(x3)	  x3:0x800080b3 x31:0x7fff7aac PA:0x800080bd
        1435000	       142	80000214	0404ca83	lbu	x21,64(x9)	  x9:0x8000859f x21=0x00000094 PA:0x800085df
        1445000	       143	80000218	ff418d83	lb	x27,-12(x3)	  x3:0x800080b3 x27=0x0000005c PA:0x800080a7
        1455000	       144	8000021c	00119d83	lh	x27,1(x3)	  x3:0x800080b3 x27=0x00006e6f PA:0x800080b4
        1465000	       145	80000220	00a48923	sb	x10,18(x9)	  x9:0x8000859f x10:0x80000000 PA:0x800085b1
        1475000	       146	80000224	02848823	sb	x8,48(x9)	  x9:0x8000859f  x8:0x000000ea PA:0x800085cf
        1485000	       147	80000228	04118023	sb	x1,64(x3)	  x3:0x800080b3  x1:0x0000eced PA:0x800080f3
        1495000	       148	8000022c	fcd4ab03	lw	x22,-51(x9)	  x9:0x8000859f x22=0x24252627 PA:0x8000856c
        1505000	       149	80000230	01418f03	lb	x30,20(x3)	  x3:0x800080b3 x30=0x0000007c PA:0x800080c7
        1515000	       150	80000234	01048fa3	sb	x16,31(x9)	  x9:0x8000859f x16:0xffffff86 PA:0x800085be
        1525000	       151	80000238	ff118da3	sb	x17,-5(x3)	  x3:0x800080b3 x17:0xf70d5484 PA:0x800080ae
        1535000	       152	8000023c	02848603	lb	x12,40(x9)	  x9:0x8000859f x12=0x0000007c PA:0x800085c7
        1545000	       153	80000240	0394c783	lbu	x15,57(x9)	  x9:0x8000859f x15=0x00000093 PA:0x800085d8
        1555000	       154	80000244	00008b17	auipc	x22,0x8	 x22=0x80008240
        1565000	       155	80000248	61fb0b13	addi	x22,x22,1567	 x22:0x80008240 x22=0x8000885f
        1575000	       156	8000024c	0a5b19a3	sh	x5,179(x22)	 x22:0x8000885f  x5:0xffffffed PA:0x80008912
        1585000	       157	80000250	00eb0283	lb	x5,14(x22)	 x22:0x8000885f  x5=0x00000056 PA:0x8000886d
        1595000	       158	80000254	fe6b0a83	lb	x21,-26(x22)	 x22:0x8000885f x21=0x0000002e PA:0x80008845
        1605000	       159	80000258	037b0f23	sb	x23,62(x22)	 x22:0x8000885f x23:0x00000060 PA:0x8000889d
        1615000	       160	8000025c	01485593	srli	x11,x16,0x14	 x16:0xffffff86 x11=0x00000fff
        1625000	       161	80000260	03cb0083	lb	x1,60(x22)	 x22:0x8000885f  x1=0xffffff80 PA:0x8000889b
        1635000	       162	00000000	00000013	addi	x0,x0,0	  x0:0x00000000
        1645000	       163	80000264	021b5303	lhu	x6,33(x22)	 x22:0x8000885f  x6=0x00006a6b PA:0x80008880
        1655000	       164	80000268	0bab0083	lb	x1,186(x22)	 x22:0x8000885f  x1=0x00000002 PA:0x80008919
        1665000	       165	8000026c	00ead8b3	srl	x17,x21,x14	 x21:0x0000002e x14:0x000000fc x17=0x00000000
        1675000	       166	80000270	417a0633	sub	x12,x20,x23	 x20:0x0000000a x23:0x00000060 x12=0xffffffaa
        1685000	       167	80000274	0085e2b3	or	x5,x11,x8	 x11:0x00000fff  x8:0x000000ea  x5=0x00000fff
        1695000	       168	80000278	013d65b3	or	x11,x26,x19	 x26:0x00000088 x19:0x00000006 x11=0x0000008e
        1705000	       169	8000027c	020b1da3	sh	x0,59(x22)	 x22:0x8000885f  x0:0x00000000 PA:0x8000889a
        1715000	       170	80000280	00623433	sltu	x8,x4,x6	  x4:0x00000009  x6:0x00006a6b  x8=0x00000001
        1725000	       171	80000284	0e7b5803	lhu	x16,231(x22)	 x22:0x8000885f x16=0x00002c2d PA:0x80008946
        1735000	       172	80000288	00f54633	xor	x12,x10,x15	 x10:0x80000000 x15:0x00000093 x12=0x80000093
        1745000	       173	8000028c	0f3b4403	lbu	x8,243(x22)	 x22:0x8000885f  x8=0x00000039 PA:0x80008952
        1755000	       174	80000290	019b4e83	lbu	x29,25(x22)	 x22:0x8000885f x29=0x00000063 PA:0x80008878
        1765000	       175	80000294	0f0b0d03	lb	x26,240(x22)	 x22:0x8000885f x26=0x00000034 PA:0x8000894f
        1775000	       176	80000298	084b0283	lb	x5,132(x22)	 x22:0x8000885f  x5=0xffffffc8 PA:0x800088e3
        1785000	       177	8000029c	0fbb0283	lb	x5,251(x22)	 x22:0x8000885f  x5=0x00000041 PA:0x8000895a
        1795000	       178	800002a0	01a948b3	xor	x17,x18,x26	 x18:0x80009f84 x26:0x00000034 x17=0x80009fb0
        1805000	       179	800002a4	405fde93	srai	x29,x31,0x5	 x31:0x7fff7aac x29=0x03fffbd5
        1815000	       180	800002a8	01b02433	slt	x8,x0,x27	  x0:0x00000000 x27:0x00006e6f  x8=0x00000001
        1825000	       181	800002ac	0f7b1da3	sh	x23,251(x22)	 x22:0x8000885f x23:0x00000060 PA:0x8000895a
        1835000	       182	800002b0	00ad4833	xor	x16,x26,x10	 x26:0x00000034 x10:0x80000000 x16=0x80000034
        1845000	       183	800002b4	022b4103	lbu	x2,34(x22)	 x22:0x8000885f  x2=0x0000006a PA:0x80008881
        1855000	       184	800002b8	fcdb2183	lw	x3,-51(x22)	 x22:0x8000885f  x3=0x14151617 PA:0x8000882c
        1865000	       185	800002bc	01e34c33	xor	x24,x6,x30	  x6:0x00006a6b x30:0x0000007c x24=0x00006a17
        1875000	       186	800002c0	0bab0f23	sb	x26,190(x22)	 x22:0x8000885f x26:0x00000034 PA:0x8000891d
        1885000	       187	800002c4	0fbb0d23	sb	x27,250(x22)	 x22:0x8000885f x27:0x00006e6f PA:0x80008959
        1895000	       188	800002c8	0e9b0e83	lb	x29,233(x22)	 x22:0x8000885f x29=0x00000033 PA:0x80008948
        1905000	       189	800002cc	0132bfb3	sltu	x31,x5,x19	  x5:0x00000041 x19:0x00000006 x31=0x00000000
        1915000	       190	800002d0	005444b3	xor	x9,x8,x5	  x8:0x00000001  x5:0x00000041  x9=0x00000040
        1925000	       191	800002d4	0f4b09a3	sb	x20,243(x22)	 x22:0x8000885f x20:0x0000000a PA:0x80008952
        1935000	       192	800002d8	45ee2437	lui	x8,0x45ee2	  x8=0x45ee2000
        1945000	       193	800002dc	01f24f33	xor	x30,x4,x31	  x4:0x00000009 x31:0x00000000 x30=0x00000009
        1955000	       194	800002e0	402cdd93	srai	x27,x25,0x2	 x25:0x00004a4b x27=0x00001292
        1965000	       195	800002e4	af9cc093	xori	x1,x25,-1287	 x25:0x00004a4b  x1=0xffffb0b2
        1975000	       196	800002e8	40322613	slti	x12,x4,1027	  x4:0x00000009 x12=0x00000001
        1985000	       197	800002ec	00f6dab3	srl	x21,x13,x15	 x13:0x80009fc4 x15:0x00000093 x21=0x00001000
        1995000	       198	800002f0	0a2b0e23	sb	x2,188(x22)	 x22:0x8000885f  x2:0x0000006a PA:0x8000891b
        2005000	       199	800002f4	041b2f03	lw	x30,65(x22)	 x22:0x8000885f x30=0x88898a8b PA:0x800088a0
        2015000	       200	800002f8	012b2a33	slt	x20,x22,x18	 x22:0x8000885f x18:0x80009f84 x20=0x00000001
        2025000	       201	800002fc	17462493	slti	x9,x12,372	 x12:0x00000001  x9=0x00000001
        2035000	       202	80000300	ffeb4483	lbu	x9,-2(x22)	 x22:0x8000885f  x9=0x00000046 PA:0x8000885d
        2045000	       203	80000304	058b4783	lbu	x15,88(x22)	 x22:0x8000885f x15=0x0000009c PA:0x800088b7
        2055000	       204	80000308	00008597	auipc	x11,0x8	 x11=0x80008304
        2065000	       205	8000030c	08258593	addi	x11,x11,130	 x11:0x80008304 x11=0x80008386
        2075000	       206	80000310	01059d03	lh	x26,16(x11)	 x11:0x80008386 x26=0x00004c4d PA:0x80008396
        2085000	       207	80000314	819ef297	auipc	x5,0x819ef	  x5=0x019ef310
        2095000	       208	80000318	00119333	sll	x6,x3,x1	  x3:0x14151617  x1:0xffffb0b2  x6=0x585c0000
        2105000	       209	8000031c	409c5d93	srai	x27,x24,0x9	 x24:0x00006a17 x27=0x00000035
        2115000	       210	80000320	ffb58ca3	sb	x27,-7(x11)	 x11:0x80008386 x27:0x00000035 PA:0x8000837f
        2125000	       211	80000324	fe859b23	sh	x8,-10(x11)	 x11:0x80008386  x8:0x45ee2000 PA:0x8000837c
        2135000	       212	80000328	01c18e33	add	x28,x3,x28	  x3:0x14151617 x28:0xffff9f63 x28=0x1414b57a
        2145000	       213	8000032c	01459723	sh	x20,14(x11)	 x11:0x80008386 x20:0x00000001 PA:0x80008394
        2155000	       214	80000330	0085da03	lhu	x20,8(x11)	 x11:0x80008386 x20=0x00004445 PA:0x8000838e
        2165000	       215	80000334	003583a3	sb	x3,7(x11)	 x11:0x80008386  x3:0x14151617 PA:0x8000838d
        2175000	       216	80000338	fff5c883	lbu	x17,-1(x11)	 x11:0x80008386 x17=0x0000003e PA:0x80008385
        2185000	       217	8000033c	6a79ae17	auipc	x28,0x6a79a	 x28=0xea79a338
        2195000	       218	80000340	41e38333	sub	x6,x7,x30	  x7:0xf392918d x30:0x88898a8b  x6=0x6b090702
        2205000	       219	80000344	01ef3833	sltu	x16,x30,x30	 x30:0x88898a8b x30:0x88898a8b x16=0x00000000
        2215000	       220	80000348	fe658aa3	sb	x6,-11(x11)	 x11:0x80008386  x6:0x6b090702 PA:0x8000837b
        2225000	       221	8000034c	0025d283	lhu	x5,2(x11)	 x11:0x80008386  x5=0x00004243 PA:0x80008388
        2235000	       222	80000350	01127f33	and	x30,x4,x17	  x4:0x00000009 x17:0x0000003e x30=0x00000008
        2245000	       223	80000354	4c174b17	auipc	x22,0x4c174	 x22=0xcc174350
        2255000	       224	80000358	ff659c23	sh	x22,-8(x11)	 x11:0x80008386 x22:0xcc174350 PA:0x8000837e
        2265000	       225	8000035c	ffd58003	lb	x0,-3(x11)	 x11:0x80008386 PA:0x80008383
        2275000	       226	80000360	ff858c03	lb	x24,-8(x11)	 x11:0x80008386 x24=0x00000050 PA:0x8000837e
        2285000	       227	80000364	011d8833	add	x16,x27,x17	 x27:0x00000035 x17:0x0000003e x16=0x00000073
        2295000	       228	80000368	01a0ef33	or	x30,x1,x26	  x1:0xffffb0b2 x26:0x00004c4d x30=0xfffffcff
        2305000	       229	8000036c	3f996513	ori	x10,x18,1017	 x18:0x80009f84 x10=0x80009ffd
        2315000	       230	80000370	009d0cb3	add	x25,x26,x9	 x26:0x00004c4d  x9:0x00000046 x25=0x00004c93
        2325000	       231	80000374	00f58223	sb	x15,4(x11)	 x11:0x80008386 x15:0x0000009c PA:0x8000838a
        2335000	       232	80000378	4bca4e97	auipc	x29,0x4bca4	 x29=0xcbca4374
        2345000	       233	8000037c	00c58983	lb	x19,12(x11)	 x11:0x80008386 x19=0x00000049 PA:0x80008392
        2355000	       234	80000380	005584a3	sb	x5,9(x11)	 x11:0x80008386  x5:0x00004243 PA:0x8000838f
        2365000	       235	80000384	005585a3	sb	x5,11(x11)	 x11:0x80008386  x5:0x00004243 PA:0x80008391
        2375000	       236	80000388	0035a323	sw	x3,6(x11)	 x11:0x80008386  x3:0x14151617 PA:0x8000838c
        2385000	       237	8000038c	41b8d833	sra	x16,x17,x27	 x17:0x0000003e x27:0x00000035 x16=0x00000000
        2395000	       238	80000390	00158703	lb	x14,1(x11)	 x11:0x80008386 x14=0x0000003c PA:0x80008387
        2405000	       239	80000394	41e45c33	sra	x24,x8,x30	  x8:0x45ee2000 x30:0xfffffcff x24=0x00000000
        2415000	       240	80000398	0085c503	lbu	x10,8(x11)	 x11:0x80008386 x10=0x00000015 PA:0x8000838e
        2425000	       241	8000039c	ffc59703	lh	x14,-4(x11)	 x11:0x80008386 x14=0x00003839 PA:0x80008382
        2435000	       242	800003a0	01c581a3	sb	x28,3(x11)	 x11:0x80008386 x28:0xea79a338 PA:0x80008389
        2445000	       243	800003a4	fea58ba3	sb	x10,-9(x11)	 x11:0x80008386 x10:0x00000015 PA:0x8000837d
        2455000	       244	800003a8	2418f037	lui	x0,0x2418f	
        2465000	       245	800003ac	00a58b83	lb	x23,10(x11)	 x11:0x80008386 x23=0x0000004b PA:0x80008390
        2475000	       246	800003b0	016e70b3	and	x1,x28,x22	 x28:0xea79a338 x22:0xcc174350  x1=0xc8110310
        2485000	       247	800003b4	ff65cf83	lbu	x31,-10(x11)	 x11:0x80008386 x31=0x00000000 PA:0x8000837c
        2495000	       248	800003b8	002b0633	add	x12,x22,x2	 x22:0xcc174350  x2:0x0000006a x12=0xcc1743ba
        2505000	       249	800003bc	01339213	slli	x4,x7,0x13	  x7:0xf392918d  x4=0x8c680000
        2515000	       250	800003c0	70d5c613	xori	x12,x11,1805	 x11:0x80008386 x12=0x8000848b
        2525000	       251	800003c4	ff35cf83	lbu	x31,-13(x11)	 x11:0x80008386 x31=0x00000032 PA:0x80008379
        2535000	       252	800003c8	009a9f13	slli	x30,x21,0x9	 x21:0x00001000 x30=0x00200000
        2545000	       253	800003cc	ff45d603	lhu	x12,-12(x11)	 x11:0x80008386 x12=0x00000231 PA:0x8000837a
        2555000	       254	800003d0	ff658923	sb	x22,-14(x11)	 x11:0x80008386 x22:0xcc174350 PA:0x80008378
        2565000	       255	800003d4	ff858303	lb	x6,-8(x11)	 x11:0x80008386  x6=0x00000050 PA:0x8000837e
        2575000	       256	800003d8	ffb58d23	sb	x27,-6(x11)	 x11:0x80008386 x27:0x00000035 PA:0x80008380
        2585000	       257	800003dc	41a981b3	sub	x3,x19,x26	 x19:0x00000049 x26:0x00004c4d  x3=0xffffb3fc
        2595000	       258	800003e0	41f18b33	sub	x22,x3,x31	  x3:0xffffb3fc x31:0x00000032 x22=0xffffb3ca
        2605000	       259	800003e4	01fd04b3	add	x9,x26,x31	 x26:0x00004c4d x31:0x00000032  x9=0x00004c7f
        2615000	       260	800003e8	00042eb3	slt	x29,x8,x0	  x8:0x45ee2000  x0:0x00000000 x29=0x00000000
        2625000	       261	800003ec	5be3c813	xori	x16,x7,1470	  x7:0xf392918d x16=0xf3929433
        2635000	       262	800003f0	2a6f8093	addi	x1,x31,678	 x31:0x00000032  x1=0x000002d8
        2645000	       263	800003f4	00d6e033	or	x0,x13,x13	 x13:0x80009fc4 x13:0x80009fc4
        2655000	       264	800003f8	00000013	addi	x0,x0,0	  x0:0x00000000
        2665000	       265	800003fc	00c90e33	add	x28,x18,x12	 x18:0x80009f84 x12:0x00000231 x28=0x8000a1b5
        2675000	       266	80000400	8d72c713	xori	x14,x5,-1833	  x5:0x00004243 x14=0xffffba94
        2685000	       267	80000404	4188d0b3	sra	x1,x17,x24	 x17:0x0000003e x24:0x00000000  x1=0x0000003e
        2695000	       268	80000408	d122fd93	andi	x27,x5,-750	  x5:0x00004243 x27=0x00004002
        2705000	       269	8000040c	ec76eb93	ori	x23,x13,-313	 x13:0x80009fc4 x23=0xffffffc7
        2715000	       270	80000410	00910533	add	x10,x2,x9	  x2:0x0000006a  x9:0x00004c7f x10=0x00004ce9
        2725000	       271	80000414	00997cb3	and	x25,x18,x9	 x18:0x80009f84  x9:0x00004c7f x25=0x00000c04
        2735000	       272	80000418	c1590f93	addi	x31,x18,-1003	 x18:0x80009f84 x31=0x80009b99
        2745000	       273	8000041c	0023e663	bltu	x7,x2,80000428	  x7:0xf392918d  x2:0x0000006a
        2755000	       274	80000420	f4308f93	addi	x31,x1,-189	  x1:0x0000003e x31=0xffffff81
        2765000	       275	80000424	7259ff97	auipc	x31,0x7259f	 x31=0xf259f420
        2775000	       276	80000428	013c3b33	sltu	x22,x24,x19	 x24:0x00000000 x19:0x00000049 x22=0x00000001
        2785000	       277	8000042c	019a8533	add	x10,x21,x25	 x21:0x00001000 x25:0x00000c04 x10=0x00001c04
        2795000	       278	80000430	06dc4e63	blt	x24,x13,800004ac	 x24:0x00000000 x13:0x80009fc4
        2805000	       279	80000434	018c1e93	slli	x29,x24,0x18	 x24:0x00000000 x29=0x00000000
        2815000	       280	80000438	c41ab813	sltiu	x16,x21,-959	 x21:0x00001000 x16=0x00000001
        2825000	       281	8000043c	c2086113	ori	x2,x16,-992	 x16:0x00000001  x2=0xfffffc21
        2835000	       282	80000440	40280133	sub	x2,x16,x2	 x16:0x00000001  x2:0xfffffc21  x2=0x000003e0
        2845000	       283	80000444	a56c0713	addi	x14,x24,-1450	 x24:0x00000000 x14=0xfffffa56
        2855000	       284	80000448	06335a63	bge	x6,x3,800004bc	  x6:0x00000050  x3:0xffffb3fc
        2865000	       285	00000000	00000013	addi	x0,x0,0	  x0:0x00000000
        2875000	       286	800004b8	00000013	addi	x0,x0,0	  x0:0x00000000
        2885000	       287	800004bc	8a1b1597	auipc	x11,0x8a1b1	 x11=0x0a1b14b8
        2895000	       288	800004c0	00000013	addi	x0,x0,0	  x0:0x00000000
        2905000	       289	800004c4	00f2c733	xor	x14,x5,x15	  x5:0x00004243 x15:0x0000009c x14=0x000042df
        2915000	       290	800004c8	02d56a63	bltu	x10,x13,800004fc	 x10:0x00001c04 x13:0x80009fc4
        2925000	       291	00000000	00000013	addi	x0,x0,0	  x0:0x00000000
        2935000	       292	800004f8	00000013	addi	x0,x0,0	  x0:0x00000000
        2945000	       293	800004fc	007c9ab3	sll	x21,x25,x7	 x25:0x00000c04  x7:0xf392918d x21=0x01808000
        2955000	       294	80000500	010b8a63	beq	x23,x16,80000514	 x23:0xffffffc7 x16:0x00000001
        2965000	       295	80000504	02f7c263	blt	x15,x15,80000528	 x15:0x0000009c x15:0x0000009c
        2975000	       296	80000508	01f58133	add	x2,x11,x31	 x11:0x0a1b14b8 x31:0xf259f420  x2=0xfc7508d8
        2985000	       297	8000050c	059a8663	beq	x21,x25,80000558	 x21:0x01808000 x25:0x00000c04
        2995000	       298	80000510	0d1ae293	ori	x5,x21,209	 x21:0x01808000  x5=0x018080d1
        3005000	       299	80000514	ebc17f13	andi	x30,x2,-324	  x2:0xfc7508d8 x30=0xfc750898
        3015000	       300	80000518	d06a8413	addi	x8,x21,-762	 x21:0x01808000  x8=0x01807d06
        3025000	       301	8000051c	2cbfab13	slti	x22,x31,715	 x31:0xf259f420 x22=0x00000001
        3035000	       302	80000520	03224663	blt	x4,x18,8000054c	  x4:0x8c680000 x18:0x80009f84
        3045000	       303	80000524	5a1e5617	auipc	x12,0x5a1e5	 x12=0xda1e5520
        3055000	       304	80000528	aaafb017	auipc	x0,0xaaafb	
        3065000	       305	8000052c	a85b4c13	xori	x24,x22,-1403	 x22:0x00000001 x24=0xfffffa84
        3075000	       306	80000530	415edb13	srai	x22,x29,0x15	 x29:0x00000000 x22=0x00000000
        3085000	       307	80000534	00000013	addi	x0,x0,0	  x0:0x00000000
        3095000	       308	80000538	04869863	bne	x13,x8,80000588	 x13:0x80009fc4  x8:0x01807d06
        3105000	       309	00000000	00000013	addi	x0,x0,0	  x0:0x00000000
        3115000	       310	80000584	00000013	addi	x0,x0,0	  x0:0x00000000
        3125000	       311	80000588	04957063	bgeu	x10,x9,800005c8	 x10:0x00001c04  x9:0x00004c7f
        3135000	       312	8000058c	04911063	bne	x2,x9,800005cc	  x2:0xfc7508d8  x9:0x00004c7f
        3145000	       313	00000000	00000013	addi	x0,x0,0	  x0:0x00000000
        3155000	       314	800005c8	00000013	addi	x0,x0,0	  x0:0x00000000
        3165000	       315	800005cc	00e35613	srli	x12,x6,0xe	  x6:0x00000050 x12=0x00000000
        3175000	       316	800005d0	04d9f063	bgeu	x19,x13,80000610	 x19:0x00000049 x13:0x80009fc4
        3185000	       317	800005d4	04bdd263	bge	x27,x11,80000618	 x27:0x00004002 x11:0x0a1b14b8
        3195000	       318	800005d8	00a38c33	add	x24,x7,x10	  x7:0xf392918d x10:0x00001c04 x24=0xf392ad91
        3205000	       319	800005dc	4061da93	srai	x21,x3,0x6	  x3:0xffffb3fc x21=0xfffffecf
        3215000	       320	800005e0	88993c37	lui	x24,0x88993	 x24=0x88993000
        3225000	       321	800005e4	006072b3	and	x5,x0,x6	  x0:0x00000000  x6:0x00000050  x5=0x00000000
        3235000	       322	800005e8	0ae4b313	sltiu	x6,x9,174	  x9:0x00004c7f  x6=0x00000000
        3245000	       323	800005ec	00384033	xor	x0,x16,x3	 x16:0x00000001  x3:0xffffb3fc
        3255000	       324	800005f0	41e15293	srai	x5,x2,0x1e	  x2:0xfc7508d8  x5=0xffffffff
        3265000	       325	800005f4	d7d07213	andi	x4,x0,-643	  x0:0x00000000  x4=0x00000000
        3275000	       326	800005f8	40065893	srai	x17,x12,0x0	 x12:0x00000000 x17=0x00000000
        3285000	       327	800005fc	016f59b3	srl	x19,x30,x22	 x30:0xfc750898 x22:0x00000000 x19=0xfc750898
        3295000	       328	80000600	50317893	andi	x17,x2,1283	  x2:0xfc7508d8 x17=0x00000000
        3305000	       329	80000604	03979263	bne	x15,x25,80000628	 x15:0x0000009c x25:0x00000c04
        3315000	       330	00000000	00000013	addi	x0,x0,0	  x0:0x00000000
        3325000	       331	80000624	00000013	addi	x0,x0,0	  x0:0x00000000
        3335000	       332	80000628	00000013	addi	x0,x0,0	  x0:0x00000000
        3345000	       333	8000062c	00710833	add	x16,x2,x7	  x2:0xfc7508d8  x7:0xf392918d x16=0xf0079a65
        3355000	       334	80000630	002bc533	xor	x10,x23,x2	 x23:0xffffffc7  x2:0xfc7508d8 x10=0x038af71f
        3365000	       335	80000634	01ff3033	sltu	x0,x30,x31	 x30:0xfc750898 x31:0xf259f420
        3375000	       336	80000638	00ea9c93	slli	x25,x21,0xe	 x21:0xfffffecf x25=0xffb3c000
        3385000	       337	8000063c	03ea4663	blt	x20,x30,80000668	 x20:0x00004445 x30:0xfc750898
        3395000	       338	80000640	41705313	srai	x6,x0,0x17	  x0:0x00000000  x6=0x00000000
        3405000	       339	80000644	e3b13eb7	lui	x29,0xe3b13	 x29=0xe3b13000
        3415000	       340	80000648	d38a0113	addi	x2,x20,-712	 x20:0x00004445  x2=0x0000417d
        3425000	       341	8000064c	40afdbb3	sra	x23,x31,x10	 x31:0xf259f420 x10:0x038af71f x23=0xffffffff
        3435000	       342	80000650	0004e863	bltu	x9,x0,80000660	  x9:0x00004c7f  x0:0x00000000
        3445000	       343	80000654	830c0013	addi	x0,x24,-2000	 x24:0x88993000
        3455000	       344	80000658	40ce5013	srai	x0,x28,0xc	 x28:0x8000a1b5
        3465000	       345	8000065c	0188afb3	slt	x31,x17,x24	 x17:0x00000000 x24:0x88993000 x31=0x00000000
        3475000	       346	80000660	00bbf833	and	x16,x23,x11	 x23:0xffffffff x11:0x0a1b14b8 x16=0x0a1b14b8
        3485000	       347	80000664	005164b3	or	x9,x2,x5	  x2:0x0000417d  x5:0xffffffff  x9=0xffffffff
        3495000	       348	80000668	02dcc263	blt	x25,x13,8000068c	 x25:0xffb3c000 x13:0x80009fc4
        3505000	       349	8000066c	414ad293	srai	x5,x21,0x14	 x21:0xfffffecf  x5=0xffffffff
        3515000	       350	80000670	00cdd733	srl	x14,x27,x12	 x27:0x00004002 x12:0x00000000 x14=0x00004002
        3525000	       351	80000674	0193b333	sltu	x6,x7,x25	  x7:0xf392918d x25:0xffb3c000  x6=0x00000001
        3535000	       352	80000678	41d0d133	sra	x2,x1,x29	  x1:0x0000003e x29:0xe3b13000  x2=0x0000003e
        3545000	       353	8000067c	33cc6c93	ori	x25,x24,828	 x24:0x88993000 x25=0x8899333c
        3555000	       354	80000680	00000013	addi	x0,x0,0	  x0:0x00000000
        3565000	       355	80000684	01801463	bne	x0,x24,8000068c	  x0:0x00000000 x24:0x88993000
        3575000	       356	00000000	00000013	addi	x0,x0,0	  x0:0x00000000
        3585000	       357	80000688	00000013	addi	x0,x0,0	  x0:0x00000000
        3595000	       358	8000068c	f30cbb93	sltiu	x23,x25,-208	 x25:0x8899333c x23=0x00000001
        3605000	       359	80000690	01baae33	slt	x28,x21,x27	 x21:0xfffffecf x27:0x00004002 x28=0x00000001
        3615000	       360	80000694	019f6333	or	x6,x30,x25	 x30:0xfc750898 x25:0x8899333c  x6=0xfcfd3bbc
        3625000	       361	80000698	030cfe63	bgeu	x25,x16,800006d4	 x25:0x8899333c x16:0x0a1b14b8
        3635000	       362	00000000	00000013	addi	x0,x0,0	  x0:0x00000000
        3645000	       363	800006d0	00000013	addi	x0,x0,0	  x0:0x00000000
        3655000	       364	800006d4	009a3533	sltu	x10,x20,x9	 x20:0x00004445  x9:0xffffffff x10=0x00000001
        3665000	       365	800006d8	01bc0863	beq	x24,x27,800006e8	 x24:0x88993000 x27:0x00004002
        3675000	       366	800006dc	02f31663	bne	x6,x15,80000708	  x6:0xfcfd3bbc x15:0x0000009c
        3685000	       367	00000000	00000013	addi	x0,x0,0	  x0:0x00000000
        3695000	       368	80000704	00000013	addi	x0,x0,0	  x0:0x00000000
        3705000	       369	80000708	03098263	beq	x19,x16,8000072c	 x19:0xfc750898 x16:0x0a1b14b8
        3715000	       370	8000070c	019a5113	srli	x2,x20,0x19	 x20:0x00004445  x2=0x00000000
        3725000	       371	80000710	40345c93	srai	x25,x8,0x3	  x8:0x01807d06 x25=0x00300fa0
        3735000	       372	80000714	01c39ab3	sll	x21,x7,x28	  x7:0xf392918d x28:0x00000001 x21=0xe725231a
        3745000	       373	80000718	00790a63	beq	x18,x7,8000072c	 x18:0x80009f84  x7:0xf392918d
        3755000	       374	8000071c	ca24c413	xori	x8,x9,-862	  x9:0xffffffff  x8=0x0000035d
        3765000	       375	80000720	04711663	bne	x2,x7,8000076c	  x2:0x00000000  x7:0xf392918d
        3775000	       376	00000000	00000013	addi	x0,x0,0	  x0:0x00000000
        3785000	       377	80000768	00000013	addi	x0,x0,0	  x0:0x00000000
        3795000	       378	8000076c	002ee663	bltu	x29,x2,80000778	 x29:0xe3b13000  x2:0x00000000
        3805000	       379	80000770	13b3fa93	andi	x21,x7,315	  x7:0xf392918d x21=0x00000109
        3815000	       380	80000774	009241b3	xor	x3,x4,x9	  x4:0x00000000  x9:0xffffffff  x3=0xffffffff
        3825000	       381	80000778	001bedb3	or	x27,x23,x1	 x23:0x00000001  x1:0x0000003e x27=0x0000003f
        3835000	       382	8000077c	4fc86293	ori	x5,x16,1276	 x16:0x0a1b14b8  x5=0x0a1b14fc
        3845000	       383	80000780	01e6e1b3	or	x3,x13,x30	 x13:0x80009fc4 x30:0xfc750898  x3=0xfc759fdc
        3855000	       384	80000784	01245a33	srl	x20,x8,x18	  x8:0x0000035d x18:0x80009f84 x20=0x00000035
        3865000	       385	80000788	061f8663	beq	x31,x1,800007f4	 x31:0x00000000  x1:0x0000003e
        3875000	       386	8000078c	006e7a33	and	x20,x28,x6	 x28:0x00000001  x6:0xfcfd3bbc x20=0x00000000
        3885000	       387	80000790	dd376a93	ori	x21,x14,-557	 x14:0x00004002 x21=0xfffffdd3
        3895000	       388	80000794	05539c63	bne	x7,x21,800007ec	  x7:0xf392918d x21:0xfffffdd3
        3905000	       389	00000000	00000013	addi	x0,x0,0	  x0:0x00000000
        3915000	       390	800007e8	00000013	addi	x0,x0,0	  x0:0x00000000
        3925000	       391	800007ec	01180b33	add	x22,x16,x17	 x16:0x0a1b14b8 x17:0x00000000 x22=0x0a1b14b8
        3935000	       392	800007f0	c0908813	addi	x16,x1,-1015	  x1:0x0000003e x16=0xfffffc47
        3945000	       393	800007f4	f872bf93	sltiu	x31,x5,-121	  x5:0x0a1b14fc x31=0x00000001
        3955000	       394	800007f8	00acf0b3	and	x1,x25,x10	 x25:0x00300fa0 x10:0x00000001  x1=0x00000000
        3965000	       395	800007fc	41275993	srai	x19,x14,0x12	 x14:0x00004002 x19=0x00000000
        3975000	       396	80000800	017c5463	bge	x24,x23,80000808	 x24:0x88993000 x23:0x00000001
        3985000	       397	80000804	01bfb733	sltu	x14,x31,x27	 x31:0x00000001 x27:0x0000003f x14=0x00000001
        3995000	       398	80000808	01068633	add	x12,x13,x16	 x13:0x80009fc4 x16:0xfffffc47 x12=0x80009c0b
        4005000	       399	8000080c	00000397	auipc	x7,0x0	  x7=0x80000808
        4015000	       400	80000810	00c38393	addi	x7,x7,12	  x7:0x80000808  x7=0x80000814
        4025000	       401	80000814	00038067	jalr	x0,x7,0	  x7:0x80000814
        4035000	       402	00000000	00000013	addi	x0,x0,0	  x0:0x00000000
        4045000	       403	80000814	00000013	addi	x0,x0,0	  x0:0x00000000
        4055000	       404	80000818	00100193	addi	x3,x0,1	  x0:0x00000000  x3=0x00000001
        4065000	       405	8000081c	00000073	ecall	
        4075000	       406	80000820	018d1663	bne	x26,x24,8000082c	 x26:0x00004c4d x24:0x88993000
