		Time			Cycle	PC		Insn	Decoded instruction	Register and memory contents
          65000	         5	80000004	00000293	addi	x5,x0,0	  x0:0x00000000  x5=0x00000000
          75000	         6	80000008	00000313	addi	x6,x0,0	  x0:0x00000000  x6=0x00000000
          85000	         7	8000000c	00628263	beq	x5,x6,80000010	  x5:0x00000000  x6:0x00000000
          95000	         8	00000000	00000013	addi	x0,x0,0	  x0:0x00000000
         105000	         9	8000000c	00000013	addi	x0,x0,0	  x0:0x00000000
         115000	        10	80000010	00000e97	auipc	x29,0x0	 x29=0x8000000c
         125000	        11	80000014	00ce8e93	addi	x29,x29,12	 x29:0x8000000c x29=0x80000018
         135000	        12	80000018	000e8067	jalr	x0,x29,0	 x29:0x80000018
         145000	        13	00000000	00000013	addi	x0,x0,0	  x0:0x00000000
         155000	        14	80000018	00000013	addi	x0,x0,0	  x0:0x00000000
         165000	        15	8000001c	40000d37	lui	x26,0x40000	 x26=0x40000000
         175000	        16	80000020	100d0d13	addi	x26,x26,256	 x26:0x40000000 x26=0x40000100
         185000	        17	80000024	00000013	addi	x0,x0,0	  x0:0x00000000
         195000	        18	80000028	0000a517	auipc	x10,0xa	 x10=0x8000a024
         205000	        19	8000002c	fa050513	addi	x10,x10,-96	 x10:0x8000a024 x10=0x80009fc4
         215000	        20	80000030	00002d17	auipc	x26,0x2	 x26=0x8000202c
         225000	        21	80000034	f74d0d13	addi	x26,x26,-140	 x26:0x8000202c x26=0x80001fa0
         235000	        22	80000038	000d6d13	ori	x26,x26,0	 x26:0x80001fa0 x26=0x80001fa0
         245000	        23	8000003c	00000013	addi	x0,x0,0	  x0:0x00000000
         255000	        24	80000040	00000d17	auipc	x26,0x0	 x26=0x8000003c
         265000	        25	80000044	020d0d13	addi	x26,x26,32	 x26:0x8000003c x26=0x8000005c
         275000	        26	80000048	00000013	addi	x0,x0,0	  x0:0x00000000
         285000	        27	8000004c	00000013	addi	x0,x0,0	  x0:0x00000000
         295000	        28	80000050	00002d37	lui	x26,0x2	 x26=0x00002000
         305000	        29	80000054	800d0d13	addi	x26,x26,-2048	 x26:0x00002000 x26=0x00001800
         315000	        30	80000058	00000013	addi	x0,x0,0	  x0:0x00000000
         325000	        31	8000005c	00000013	addi	x0,x0,0	  x0:0x00000000
         335000	        32	80000060	b37b5037	lui	x0,0xb37b5	
         345000	        33	80000064	11300013	addi	x0,x0,275	  x0:0x00000000
         355000	        34	80000068	00000093	addi	x1,x0,0	  x0:0x00000000  x1=0x00000000
         365000	        35	8000006c	00000113	addi	x2,x0,0	  x0:0x00000000  x2=0x00000000
         375000	        36	80000070	ffc641b7	lui	x3,0xffc64	  x3=0xffc64000
         385000	        37	80000074	43418193	addi	x3,x3,1076	  x3:0xffc64000  x3=0xffc64434
         395000	        38	80000078	47176237	lui	x4,0x47176	  x4=0x47176000
         405000	        39	8000007c	6f420213	addi	x4,x4,1780	  x4:0x47176000  x4=0x471766f4
         415000	        40	80000080	800002b7	lui	x5,0x80000	  x5=0x80000000
         425000	        41	80000084	80000337	lui	x6,0x80000	  x6=0x80000000
         435000	        42	80000088	00000393	addi	x7,x0,0	  x0:0x00000000  x7=0x00000000
         445000	        43	8000008c	de2c54b7	lui	x9,0xde2c5	  x9=0xde2c5000
         455000	        44	80000090	83648493	addi	x9,x9,-1994	  x9:0xde2c5000  x9=0xde2c4836
         465000	        45	80000094	00000593	addi	x11,x0,0	  x0:0x00000000 x11=0x00000000
         475000	        46	80000098	5ceef637	lui	x12,0x5ceef	 x12=0x5ceef000
         485000	        47	8000009c	cdf60613	addi	x12,x12,-801	 x12:0x5ceef000 x12=0x5ceeecdf
         495000	        48	800000a0	00c00693	addi	x13,x0,12	  x0:0x00000000 x13=0x0000000c
         505000	        49	800000a4	f82f4737	lui	x14,0xf82f4	 x14=0xf82f4000
         515000	        50	800000a8	94870713	addi	x14,x14,-1720	 x14:0xf82f4000 x14=0xf82f3948
         525000	        51	800000ac	fbe7f7b7	lui	x15,0xfbe7f	 x15=0xfbe7f000
         535000	        52	800000b0	2a778793	addi	x15,x15,679	 x15:0xfbe7f000 x15=0xfbe7f2a7
         545000	        53	800000b4	00000813	addi	x16,x0,0	  x0:0x00000000 x16=0x00000000
         555000	        54	800000b8	00700893	addi	x17,x0,7	  x0:0x00000000 x17=0x00000007
         565000	        55	800000bc	8828b937	lui	x18,0x8828b	 x18=0x8828b000
         575000	        56	800000c0	d4390913	addi	x18,x18,-701	 x18:0x8828b000 x18=0x8828ad43
         585000	        57	800000c4	b34089b7	lui	x19,0xb3408	 x19=0xb3408000
         595000	        58	800000c8	1e598993	addi	x19,x19,485	 x19:0xb3408000 x19=0xb34081e5
         605000	        59	800000cc	4fe29a37	lui	x20,0x4fe29	 x20=0x4fe29000
         615000	        60	800000d0	706a0a13	addi	x20,x20,1798	 x20:0x4fe29000 x20=0x4fe29706
         625000	        61	800000d4	00000a93	addi	x21,x0,0	  x0:0x00000000 x21=0x00000000
         635000	        62	800000d8	00200b13	addi	x22,x0,2	  x0:0x00000000 x22=0x00000002
         645000	        63	800000dc	f92f4bb7	lui	x23,0xf92f4	 x23=0xf92f4000
         655000	        64	800000e0	2c7b8b93	addi	x23,x23,711	 x23:0xf92f4000 x23=0xf92f42c7
         665000	        65	800000e4	00000c13	addi	x24,x0,0	  x0:0x00000000 x24=0x00000000
         675000	        66	800000e8	80000cb7	lui	x25,0x80000	 x25=0x80000000
         685000	        67	800000ec	0f2e1d37	lui	x26,0xf2e1	 x26=0x0f2e1000
         695000	        68	800000f0	a31d0d13	addi	x26,x26,-1487	 x26:0x0f2e1000 x26=0x0f2e0a31
         705000	        69	800000f4	f0988db7	lui	x27,0xf0988	 x27=0xf0988000
         715000	        70	800000f8	0a0d8d93	addi	x27,x27,160	 x27:0xf0988000 x27=0xf09880a0
         725000	        71	800000fc	f74a8e37	lui	x28,0xf74a8	 x28=0xf74a8000
         735000	        72	80000100	24ee0e13	addi	x28,x28,590	 x28:0xf74a8000 x28=0xf74a824e
         745000	        73	80000104	00800e93	addi	x29,x0,8	  x0:0x00000000 x29=0x00000008
         755000	        74	80000108	00f00f13	addi	x30,x0,15	  x0:0x00000000 x30=0x0000000f
         765000	        75	8000010c	80000fb7	lui	x31,0x80000	 x31=0x80000000
         775000	        76	80000110	0000a417	auipc	x8,0xa	  x8=0x8000a10c
         785000	        77	80000114	e7840413	addi	x8,x8,-392	  x8:0x8000a10c  x8=0x80009f84
         795000	        78	80000118	00000013	addi	x0,x0,0	  x0:0x00000000
         805000	        79	8000011c	01e89bb3	sll	x23,x17,x30	 x17:0x00000007 x30:0x0000000f x23=0x00038000
         815000	        80	80000120	8190c913	xori	x18,x1,-2023	  x1:0x00000000 x18=0xfffff819
         825000	        81	80000124	009ad933	srl	x18,x21,x9	 x21:0x00000000  x9:0xde2c4836 x18=0x00000000
         835000	        82	80000128	0bcd8393	addi	x7,x27,188	 x27:0xf09880a0  x7=0xf098815c
         845000	        83	8000012c	00001617	auipc	x12,0x1	 x12=0x80001128
         855000	        84	80000130	17060613	addi	x12,x12,368	 x12:0x80001128 x12=0x80001298
         865000	        85	80000134	719bca37	lui	x20,0x719bc	 x20=0x719bc000
         875000	        86	80000138	006a8e33	add	x28,x21,x6	 x21:0x00000000  x6:0x80000000 x28=0x80000000
         885000	        87	8000013c	f6c60613	addi	x12,x12,-148	 x12:0x80001298 x12=0x80001204
         895000	        88	80000140	010e9463	bne	x29,x16,80000148	 x29:0x00000008 x16:0x00000000
         905000	        89	00000000	00000013	addi	x0,x0,0	  x0:0x00000000
         915000	        90	80000144	00000013	addi	x0,x0,0	  x0:0x00000000
         925000	        91	80000148	09560a67	jalr	x20,x12,149	 x12:0x80001204 x20=0x80000148
         935000	        92	00000000	00000013	addi	x0,x0,0	  x0:0x00000000
         945000	        93	80001298	00000013	addi	x0,x0,0	  x0:0x00000000
         955000	        94	8000129c	e82e8e13	addi	x28,x29,-382	 x29:0x00000008 x28=0xfffffe8a
         965000	        95	800012a0	00949993	slli	x19,x9,0x9	  x9:0xde2c4836 x19=0x58906c00
         975000	        96	800012a4	fc440413	addi	x8,x8,-60	  x8:0x80009f84  x8=0x80009f48
         985000	        97	800012a8	41318cb3	sub	x25,x3,x19	  x3:0xffc64434 x19:0x58906c00 x25=0xa735d834
         995000	        98	800012ac	01442223	sw	x20,4(x8)	  x8:0x80009f48 x20:0x80000148 PA:0x80009f4c
        1005000	        99	800012b0	0036a1b3	slt	x3,x13,x3	 x13:0x0000000c  x3:0xffc64434  x3=0x00000000
        1015000	       100	800012b4	015799b3	sll	x19,x15,x21	 x15:0xfbe7f2a7 x21:0x00000000 x19=0xfbe7f2a7
        1025000	       101	800012b8	f3a67f93	andi	x31,x12,-198	 x12:0x80001204 x31=0x80001200
        1035000	       102	800012bc	00007117	auipc	x2,0x7	  x2=0x800082b8
        1045000	       103	800012c0	e5c10113	addi	x2,x2,-420	  x2:0x800082b8  x2=0x80008114
        1055000	       104	800012c4	51684893	xori	x17,x16,1302	 x16:0x00000000 x17=0x00000516
        1065000	       105	800012c8	58310d23	sb	x3,1434(x2)	  x2:0x80008114  x3:0x00000000 PA:0x800086ae
        1075000	       106	800012cc	01171893	slli	x17,x14,0x11	 x14:0xf82f3948 x17=0x72900000
        1085000	       107	800012d0	004d9193	slli	x3,x27,0x4	 x27:0xf09880a0  x3=0x09880a00
        1095000	       108	800012d4	a93cbb97	auipc	x23,0xa93cb	 x23=0x293cc2d0
        1105000	       109	800012d8	63a10483	lb	x9,1594(x2)	  x2:0x80008114  x9=0x00000000 PA:0x8000874e
        1115000	       110	00000000	00000013	addi	x0,x0,0	  x0:0x00000000
        1125000	       111	800012dc	00348f33	add	x30,x9,x3	  x9:0x00000000  x3:0x09880a00 x30=0x09880a00
        1135000	       112	800012e0	edd97913	andi	x18,x18,-291	 x18:0x00000000 x18=0x00000000
        1145000	       113	800012e4	e0d24fb7	lui	x31,0xe0d24	 x31=0xe0d24000
        1155000	       114	800012e8	198a7493	andi	x9,x20,408	 x20:0x80000148  x9=0x00000108
        1165000	       115	800012ec	00039893	slli	x17,x7,0x0	  x7:0xf098815c x17=0xf098815c
        1175000	       116	800012f0	0a410ba3	sb	x4,183(x2)	  x2:0x80008114  x4:0x471766f4 PA:0x800081cb
        1185000	       117	800012f4	63611203	lh	x4,1590(x2)	  x2:0x80008114  x4=0x00000000 PA:0x8000874a
        1195000	       118	800012f8	37712623	sw	x23,876(x2)	  x2:0x80008114 x23:0x293cc2d0 PA:0x80008480
        1205000	       119	800012fc	13d108a3	sb	x29,305(x2)	  x2:0x80008114 x29:0x00000008 PA:0x80008245
        1215000	       120	80001300	00d36e33	or	x28,x6,x13	  x6:0x80000000 x13:0x0000000c x28=0x8000000c
        1225000	       121	80001304	020106a3	sb	x0,45(x2)	  x2:0x80008114  x0:0x00000000 PA:0x80008141
        1235000	       122	80001308	ac070193	addi	x3,x14,-1344	 x14:0xf82f3948  x3=0xf82f3408
        1245000	       123	8000130c	68214183	lbu	x3,1666(x2)	  x2:0x80008114  x3=0x00000000 PA:0x80008796
        1255000	       124	80001310	01e08633	add	x12,x1,x30	  x1:0x00000000 x30:0x09880a00 x12=0x09880a00
        1265000	       125	80001314	5f514683	lbu	x13,1525(x2)	  x2:0x80008114 x13=0x00000000 PA:0x80008709
        1275000	       126	80001318	6a514603	lbu	x12,1701(x2)	  x2:0x80008114 x12=0x00000000 PA:0x800087b9
        1285000	       127	8000131c	010b83b3	add	x7,x23,x16	 x23:0x293cc2d0 x16:0x00000000  x7=0x293cc2d0
        1295000	       128	80001320	425f8c17	auipc	x24,0x425f8	 x24=0xc25f931c
        1305000	       129	80001324	37c10203	lb	x4,892(x2)	  x2:0x80008114  x4=0x00000000 PA:0x80008490
        1315000	       130	00000000	00000013	addi	x0,x0,0	  x0:0x00000000
        1325000	       131	80001328	9e222793	slti	x15,x4,-1566	  x4:0x00000000 x15=0x00000000
        1335000	       132	8000132c	00000013	addi	x0,x0,0	  x0:0x00000000
        1345000	       133	80001330	5a311423	sh	x3,1448(x2)	  x2:0x80008114  x3:0x00000000 PA:0x800086bc
        1355000	       134	80001334	0f114703	lbu	x14,241(x2)	  x2:0x80008114 x14=0x00000000 PA:0x80008205
        1365000	       135	80001338	00d09913	slli	x18,x1,0xd	  x1:0x00000000 x18=0x00000000
        1375000	       136	8000133c	65b14283	lbu	x5,1627(x2)	  x2:0x80008114  x5=0x00000000 PA:0x8000876f
        1385000	       137	80001340	01e908b3	add	x17,x18,x30	 x18:0x00000000 x30:0x09880a00 x17=0x09880a00
        1395000	       138	80001344	f9510383	lb	x7,-107(x2)	  x2:0x80008114  x7=0x00000000 PA:0x800080a9
        1405000	       139	80001348	02210283	lb	x5,34(x2)	  x2:0x80008114  x5=0x00000000 PA:0x80008136
        1415000	       140	8000134c	0179c4b3	xor	x9,x19,x23	 x19:0xfbe7f2a7 x23:0x293cc2d0  x9=0xd2db3077
        1425000	       141	80001350	4142dd93	srai	x27,x5,0x14	  x5:0x00000000 x27=0x00000000
        1435000	       142	80001354	08ef2a13	slti	x20,x30,142	 x30:0x09880a00 x20=0x00000000
        1445000	       143	80001358	2b910783	lb	x15,697(x2)	  x2:0x80008114 x15=0x00000000 PA:0x800083cd
        1455000	       144	8000135c	fb0101a3	sb	x16,-93(x2)	  x2:0x80008114 x16:0x00000000 PA:0x800080b7
        1465000	       145	80001360	3f615e03	lhu	x28,1014(x2)	  x2:0x80008114 x28=0x00000000 PA:0x8000850a
        1475000	       146	80001364	5cc96817	auipc	x16,0x5cc96	 x16=0xdcc97360
        1485000	       147	80001368	01161bb3	sll	x23,x12,x17	 x12:0x00000000 x17:0x09880a00 x23=0x00000000
        1495000	       148	8000136c	0a412383	lw	x7,164(x2)	  x2:0x80008114  x7=0x00000000 PA:0x800081b8
        1505000	       149	80001370	0f011e23	sh	x16,252(x2)	  x2:0x80008114 x16:0xdcc97360 PA:0x80008210
        1515000	       150	80001374	0a114b83	lbu	x23,161(x2)	  x2:0x80008114 x23=0x00000000 PA:0x800081b5
        1525000	       151	80001378	06c11003	lh	x0,108(x2)	  x2:0x80008114 PA:0x80008180
        1535000	       152	8000137c	00007117	auipc	x2,0x7	  x2=0x80008378
        1545000	       153	80001380	d2610113	addi	x2,x2,-730	  x2:0x80008378  x2=0x8000809e
        1555000	       154	80001384	fdd12123	sw	x29,-62(x2)	  x2:0x8000809e x29:0x00000008 PA:0x80008060
        1565000	       155	80001388	0028e233	or	x4,x17,x2	 x17:0x09880a00  x2:0x8000809e  x4=0x89888a9e
        1575000	       156	8000138c	fc212b83	lw	x23,-62(x2)	  x2:0x8000809e x23=0x00000008 PA:0x80008060
        1585000	       157	80001390	fef14e03	lbu	x28,-17(x2)	  x2:0x8000809e x28=0x00000000 PA:0x8000808d
        1595000	       158	80001394	fef14303	lbu	x6,-17(x2)	  x2:0x8000809e  x6=0x00000000 PA:0x8000808d
        1605000	       159	80001398	ff5107a3	sb	x21,-17(x2)	  x2:0x8000809e x21:0x00000000 PA:0x8000808d
        1615000	       160	8000139c	02d10e03	lb	x28,45(x2)	  x2:0x8000809e x28=0x00000000 PA:0x800080cb
        1625000	       161	800013a0	0024c7b3	xor	x15,x9,x2	  x9:0xd2db3077  x2:0x8000809e x15=0x52dbb0e9
        1635000	       162	800013a4	0108ebb3	or	x23,x17,x16	 x17:0x09880a00 x16:0xdcc97360 x23=0xddc97b60
        1645000	       163	800013a8	02d14803	lbu	x16,45(x2)	  x2:0x8000809e x16=0x00000000 PA:0x800080cb
        1655000	       164	800013ac	8fce3393	sltiu	x7,x28,-1796	 x28:0x00000000  x7=0x00000001
        1665000	       165	800013b0	1fe54613	xori	x12,x10,510	 x10:0x80009fc4 x12=0x80009e3a
        1675000	       166	800013b4	007b1c33	sll	x24,x22,x7	 x22:0x00000002  x7:0x00000001 x24=0x00000004
        1685000	       167	800013b8	ff110583	lb	x11,-15(x2)	  x2:0x8000809e x11=0x00000000 PA:0x8000808f
        1695000	       168	800013bc	ff110e03	lb	x28,-15(x2)	  x2:0x8000809e x28=0x00000000 PA:0x8000808f
        1705000	       169	800013c0	ff114c83	lbu	x25,-15(x2)	  x2:0x8000809e x25=0x00000000 PA:0x8000808f
        1715000	       170	800013c4	ff110603	lb	x12,-15(x2)	  x2:0x8000809e x12=0x00000000 PA:0x8000808f
        1725000	       171	800013c8	ff411983	lh	x19,-12(x2)	  x2:0x8000809e x19=0x00000000 PA:0x80008092
        1735000	       172	800013cc	ff414083	lbu	x1,-12(x2)	  x2:0x8000809e  x1=0x00000000 PA:0x80008092
        1745000	       173	800013d0	00007817	auipc	x16,0x7	 x16=0x800083cc
        1755000	       174	800013d4	e8c80813	addi	x16,x16,-372	 x16:0x800083cc x16=0x80008258
        1765000	       175	800013d8	00007097	auipc	x1,0x7	  x1=0x800083d4
        1775000	       176	800013dc	26508093	addi	x1,x1,613	  x1:0x800083d4  x1=0x80008639
        1785000	       177	800013e0	001805a3	sb	x1,11(x16)	 x16:0x80008258  x1:0x80008639 PA:0x80008263
        1795000	       178	800013e4	00007e17	auipc	x28,0x7	 x28=0x800083e0
        1805000	       179	800013e8	e98e0e13	addi	x28,x28,-360	 x28:0x800083e0 x28=0x80008278
        1815000	       180	800013ec	006800a3	sb	x6,1(x16)	 x16:0x80008258  x6:0x00000000 PA:0x80008259
        1825000	       181	800013f0	027e4983	lbu	x19,39(x28)	 x28:0x80008278 x19=0x00000000 PA:0x8000829f
        1835000	       182	800013f4	fc708203	lb	x4,-57(x1)	  x1:0x80008639  x4=0x00000000 PA:0x80008600
        1845000	       183	800013f8	00007b17	auipc	x22,0x7	 x22=0x800083f4
        1855000	       184	800013fc	37bb0b13	addi	x22,x22,891	 x22:0x800083f4 x22=0x8000876f
        1865000	       185	80001400	00be0603	lb	x12,11(x28)	 x28:0x80008278 x12=0x00000000 PA:0x80008283
        1875000	       186	80001404	01880123	sb	x24,2(x16)	 x16:0x80008258 x24:0x00000004 PA:0x8000825a
        1885000	       187	80001408	00180003	lb	x0,1(x16)	 x16:0x80008258 PA:0x80008259
        1895000	       188	8000140c	fd70c483	lbu	x9,-41(x1)	  x1:0x80008639  x9=0x00000000 PA:0x80008610
        1905000	       189	80001410	ffa0c383	lbu	x7,-6(x1)	  x1:0x80008639  x7=0x00000000 PA:0x80008633
        1915000	       190	80001414	fc5e4a03	lbu	x20,-59(x28)	 x28:0x80008278 x20=0x00000000 PA:0x8000823d
        1925000	       191	80001418	fc4e2603	lw	x12,-60(x28)	 x28:0x80008278 x12=0x00000000 PA:0x8000823c
        1935000	       192	8000141c	d7db0723	sb	x29,-658(x22)	 x22:0x8000876f x29:0x00000008 PA:0x800084dd
        1945000	       193	80001420	003e01a3	sb	x3,3(x28)	 x28:0x80008278  x3:0x00000000 PA:0x8000827b
        1955000	       194	80001424	ba4b0f23	sb	x4,-1090(x22)	 x22:0x8000876f  x4:0x00000000 PA:0x8000832d
        1965000	       195	80001428	fdfe0a23	sb	x31,-44(x28)	 x28:0x80008278 x31:0xe0d24000 PA:0x8000824c
        1975000	       196	8000142c	fe7e4a03	lbu	x20,-25(x28)	 x28:0x80008278 x20=0x00000000 PA:0x8000825f
        1985000	       197	80001430	03b0a383	lw	x7,59(x1)	  x1:0x80008639  x7=0x00000000 PA:0x80008674
        1995000	       198	80001434	9dab0c23	sb	x26,-1576(x22)	 x22:0x8000876f x26:0x0f2e0a31 PA:0x80008147
        2005000	       199	80001438	ca1b2583	lw	x11,-863(x22)	 x22:0x8000876f x11=0x00000000 PA:0x80008410
        2015000	       200	8000143c	ffc84003	lbu	x0,-4(x16)	 x16:0x80008258 PA:0x80008254
        2025000	       201	80001440	03de1b23	sh	x29,54(x28)	 x28:0x80008278 x29:0x00000008 PA:0x800082ae
        2035000	       202	80001444	01208623	sb	x18,12(x1)	  x1:0x80008639 x18:0x00000000 PA:0x80008645
        2045000	       203	80001448	04fb4603	lbu	x12,79(x22)	 x22:0x8000876f x12=0x00000000 PA:0x800087be
        2055000	       204	8000144c	02709603	lh	x12,39(x1)	  x1:0x80008639 x12=0x00000000 PA:0x80008660
        2065000	       205	80001450	01ae0aa3	sb	x26,21(x28)	 x28:0x80008278 x26:0x0f2e0a31 PA:0x8000828d
        2075000	       206	80001454	fc7e4003	lbu	x0,-57(x28)	 x28:0x80008278 PA:0x8000823f
        2085000	       207	80001458	ff485383	lhu	x7,-12(x16)	 x16:0x80008258  x7=0x00000000 PA:0x8000824c
        2095000	       208	8000145c	fc6088a3	sb	x6,-47(x1)	  x1:0x80008639  x6:0x00000000 PA:0x8000860a
        2105000	       209	80001460	914b4783	lbu	x15,-1772(x22)	 x22:0x8000876f x15=0x00000000 PA:0x80008083
        2115000	       210	80001464	05cb0723	sb	x28,78(x22)	 x22:0x8000876f x28:0x80008278 PA:0x800087bd
        2125000	       211	80001468	00007817	auipc	x16,0x7	 x16=0x80008464
        2135000	       212	8000146c	0b080813	addi	x16,x16,176	 x16:0x80008464 x16=0x80008514
        2145000	       213	80001470	fc284a83	lbu	x21,-62(x16)	 x16:0x80008514 x21=0x00000000 PA:0x800084d6
        2155000	       214	80001474	fdd80203	lb	x4,-35(x16)	 x16:0x80008514  x4=0x00000000 PA:0x800084f1
        2165000	       215	80001478	fdd80e03	lb	x28,-35(x16)	 x16:0x80008514 x28=0x00000000 PA:0x800084f1
        2175000	       216	8000147c	5a38c113	xori	x2,x17,1443	 x17:0x09880a00  x2=0x09880fa3
        2185000	       217	80001480	fe784083	lbu	x1,-25(x16)	 x16:0x80008514  x1=0x00000000 PA:0x800084fb
        2195000	       218	80001484	01e84883	lbu	x17,30(x16)	 x16:0x80008514 x17=0x00000000 PA:0x80008532
        2205000	       219	80001488	fcc80223	sb	x12,-60(x16)	 x16:0x80008514 x12:0x00000000 PA:0x800084d8
        2215000	       220	8000148c	01f928b3	slt	x17,x18,x31	 x18:0x00000000 x31:0xe0d24000 x17=0x00000000
        2225000	       221	80001490	01581a23	sh	x21,20(x16)	 x16:0x80008514 x21:0x00000000 PA:0x80008528
        2235000	       222	80001494	03085583	lhu	x11,48(x16)	 x16:0x80008514 x11=0x00000000 PA:0x80008544
        2245000	       223	80001498	fff81023	sh	x31,-32(x16)	 x16:0x80008514 x31:0xe0d24000 PA:0x800084f4
        2255000	       224	8000149c	fe480023	sb	x4,-32(x16)	 x16:0x80008514  x4:0x00000000 PA:0x800084f4
        2265000	       225	800014a0	4005db33	sra	x22,x11,x0	 x11:0x00000000  x0:0x00000000 x22=0x00000000
        2275000	       226	800014a4	01b802a3	sb	x27,5(x16)	 x16:0x80008514 x27:0x00000000 PA:0x80008519
        2285000	       227	800014a8	fe2804a3	sb	x2,-23(x16)	 x16:0x80008514  x2:0x09880fa3 PA:0x800084fd
        2295000	       228	800014ac	fe980f03	lb	x30,-23(x16)	 x16:0x80008514 x30=0xffffffa3 PA:0x800084fd
        2305000	       229	800014b0	fe984a83	lbu	x21,-23(x16)	 x16:0x80008514 x21=0x000000a3 PA:0x800084fd
        2315000	       230	00000000	00000013	addi	x0,x0,0	  x0:0x00000000
        2325000	       231	800014b4	01580883	lb	x17,21(x16)	 x16:0x80008514 x17=0x00000000 PA:0x80008529
        2335000	       232	800014b8	fffa66b7	lui	x13,0xfffa6	 x13=0xfffa6000
        2345000	       233	800014bc	01580883	lb	x17,21(x16)	 x16:0x80008514 x17=0x00000000 PA:0x80008529
        2355000	       234	800014c0	00007917	auipc	x18,0x7	 x18=0x800084bc
        2365000	       235	800014c4	02190913	addi	x18,x18,33	 x18:0x800084bc x18=0x800084dd
        2375000	       236	800014c8	18494303	lbu	x6,388(x18)	 x18:0x800084dd  x6=0x00000000 PA:0x80008661
        2385000	       237	800014cc	00000013	addi	x0,x0,0	  x0:0x00000000
        2395000	       238	800014d0	1ac94b83	lbu	x23,428(x18)	 x18:0x800084dd x23=0x00000000 PA:0x80008689
        2405000	       239	800014d4	f3d90ea3	sb	x29,-195(x18)	 x18:0x800084dd x29:0x00000008 PA:0x8000841a
        2415000	       240	800014d8	4a5d2c93	slti	x25,x26,1189	 x26:0x0f2e0a31 x25=0x00000000
        2425000	       241	800014dc	cd194683	lbu	x13,-815(x18)	 x18:0x800084dd x13=0x00000000 PA:0x800081ae
        2435000	       242	800014e0	1f392203	lw	x4,499(x18)	 x18:0x800084dd  x4=0x00000000 PA:0x800086d0
        2445000	       243	800014e4	4fb2bd93	sltiu	x27,x5,1275	  x5:0x00000000 x27=0x00000001
        2455000	       244	800014e8	b86c9d97	auipc	x27,0xb86c9	 x27=0x386ca4e4
        2465000	       245	800014ec	d03d8213	addi	x4,x27,-765	 x27:0x386ca4e4  x4=0x386ca1e7
        2475000	       246	800014f0	a0af1217	auipc	x4,0xa0af1	  x4=0x20af24ec
        2485000	       247	800014f4	04a90b03	lb	x22,74(x18)	 x18:0x800084dd x22=0x00000000 PA:0x80008527
        2495000	       248	00000000	00000013	addi	x0,x0,0	  x0:0x00000000
        2505000	       249	800014f8	9d6dcd93	xori	x27,x27,-1578	 x27:0x386ca4e4 x27=0xc7935d32
        2515000	       250	800014fc	d6390823	sb	x3,-656(x18)	 x18:0x800084dd  x3:0x00000000 PA:0x8000824d
        2525000	       251	80001500	0013c133	xor	x2,x7,x1	  x7:0x00000000  x1:0x00000000  x2=0x00000000
        2535000	       252	80001504	000507b3	add	x15,x10,x0	 x10:0x80009fc4  x0:0x00000000 x15=0x80009fc4
        2545000	       253	80001508	df890183	lb	x3,-520(x18)	 x18:0x800084dd  x3=0x00000000 PA:0x800082d5
        2555000	       254	8000150c	edb904a3	sb	x27,-311(x18)	 x18:0x800084dd x27:0xc7935d32 PA:0x800083a6
        2565000	       255	80001510	50d9cd93	xori	x27,x19,1293	 x19:0x00000000 x27=0x0000050d
        2575000	       256	80001514	90a92d37	lui	x26,0x90a92	 x26=0x90a92000
        2585000	       257	80001518	26094c03	lbu	x24,608(x18)	 x18:0x800084dd x24=0x00000000 PA:0x8000873d
        2595000	       258	8000151c	25590c23	sb	x21,600(x18)	 x18:0x800084dd x21:0x000000a3 PA:0x80008735
        2605000	       259	80001520	439e2093	slti	x1,x28,1081	 x28:0x00000000  x1=0x00000001
        2615000	       260	80001524	01e7d333	srl	x6,x15,x30	 x15:0x80009fc4 x30:0xffffffa3  x6=0x100013f8
        2625000	       261	80001528	1d391103	lh	x2,467(x18)	 x18:0x800084dd  x2=0x00000000 PA:0x800086b0
        2635000	       262	8000152c	40ca5fb3	sra	x31,x20,x12	 x20:0x00000000 x12:0x00000000 x31=0x00000000
        2645000	       263	80001530	004d83b3	add	x7,x27,x4	 x27:0x0000050d  x4:0x20af24ec  x7=0x20af29f9
        2655000	       264	80001534	012ce8b3	or	x17,x25,x18	 x25:0x00000000 x18:0x800084dd x17=0x800084dd
        2665000	       265	80001538	0020db33	srl	x22,x1,x2	  x1:0x00000001  x2:0x00000000 x22=0x00000001
        2675000	       266	8000153c	c6390a83	lb	x21,-925(x18)	 x18:0x800084dd x21=0x00000000 PA:0x80008140
        2685000	       267	80001540	fe890023	sb	x8,-32(x18)	 x18:0x800084dd  x8:0x80009f48 PA:0x800084bd
        2695000	       268	80001544	00d81093	slli	x1,x16,0xd	 x16:0x80008514  x1=0x10a28000
        2705000	       269	80001548	01c2c633	xor	x12,x5,x28	  x5:0x00000000 x28:0x00000000 x12=0x00000000
        2715000	       270	8000154c	01915e33	srl	x28,x2,x25	  x2:0x00000000 x25:0x00000000 x28=0x00000000
        2725000	       271	80001550	e3c94883	lbu	x17,-452(x18)	 x18:0x800084dd x17=0x00000000 PA:0x80008319
        2735000	       272	80001554	018c7333	and	x6,x24,x24	 x24:0x00000000 x24:0x00000000  x6=0x00000000
        2745000	       273	80001558	be790923	sb	x7,-1038(x18)	 x18:0x800084dd  x7:0x20af29f9 PA:0x800080cf
        2755000	       274	8000155c	f2954f13	xori	x30,x10,-215	 x10:0x80009fc4 x30=0x7fff60ed
        2765000	       275	80001560	f73906a3	sb	x19,-147(x18)	 x18:0x800084dd x19:0x00000000 PA:0x8000844a
        2775000	       276	80001564	000f9d13	slli	x26,x31,0x0	 x31:0x00000000 x26=0x00000000
        2785000	       277	80001568	00f0de33	srl	x28,x1,x15	  x1:0x10a28000 x15:0x80009fc4 x28=0x010a2800
        2795000	       278	8000156c	011d88b3	add	x17,x27,x17	 x27:0x0000050d x17:0x00000000 x17=0x0000050d
        2805000	       279	80001570	1f291ea3	sh	x18,509(x18)	 x18:0x800084dd x18:0x800084dd PA:0x800086da
        2815000	       280	80001574	d2590823	sb	x5,-720(x18)	 x18:0x800084dd  x5:0x00000000 PA:0x8000820d
        2825000	       281	80001578	0007a8b3	slt	x17,x15,x0	 x15:0x80009fc4  x0:0x00000000 x17=0x00000001
        2835000	       282	8000157c	0040dc93	srli	x25,x1,0x4	  x1:0x10a28000 x25=0x010a2800
        2845000	       283	80001580	e0f90983	lb	x19,-497(x18)	 x18:0x800084dd x19=0x00000000 PA:0x800082ec
        2855000	       284	80001584	00008117	auipc	x2,0x8	  x2=0x80009580
        2865000	       285	80001588	81810113	addi	x2,x2,-2024	  x2:0x80009580  x2=0x80008d98
        2875000	       286	8000158c	fe611f23	sh	x6,-2(x2)	  x2:0x80008d98  x6:0x00000000 PA:0x80008d96
        2885000	       287	80001590	ffe15283	lhu	x5,-2(x2)	  x2:0x80008d98  x5=0x00000000 PA:0x80008d96
        2895000	       288	80001594	00b14003	lbu	x0,11(x2)	  x2:0x80008d98 PA:0x80008da3
        2905000	       289	80001598	00b14283	lbu	x5,11(x2)	  x2:0x80008d98  x5=0x00000000 PA:0x80008da3
        2915000	       290	8000159c	009105a3	sb	x9,11(x2)	  x2:0x80008d98  x9:0x00000000 PA:0x80008da3
        2925000	       291	800015a0	016105a3	sb	x22,11(x2)	  x2:0x80008d98 x22:0x00000001 PA:0x80008da3
        2935000	       292	800015a4	00b10603	lb	x12,11(x2)	  x2:0x80008d98 x12=0x00000001 PA:0x80008da3
        2945000	       293	800015a8	00b14703	lbu	x14,11(x2)	  x2:0x80008d98 x14=0x00000001 PA:0x80008da3
        2955000	       294	800015ac	00b14583	lbu	x11,11(x2)	  x2:0x80008d98 x11=0x00000001 PA:0x80008da3
        2965000	       295	00000000	00000013	addi	x0,x0,0	  x0:0x00000000
        2975000	       296	800015b0	00b14903	lbu	x18,11(x2)	  x2:0x80008d98 x18=0x00000001 PA:0x80008da3
        2985000	       297	800015b4	00b14c03	lbu	x24,11(x2)	  x2:0x80008d98 x24=0x00000001 PA:0x80008da3
        2995000	       298	800015b8	00b14a03	lbu	x20,11(x2)	  x2:0x80008d98 x20=0x00000001 PA:0x80008da3
        3005000	       299	800015bc	00b10c03	lb	x24,11(x2)	  x2:0x80008d98 x24=0x00000001 PA:0x80008da3
        3015000	       300	00000000	00000013	addi	x0,x0,0	  x0:0x00000000
        3025000	       301	800015c0	018105a3	sb	x24,11(x2)	  x2:0x80008d98 x24:0x00000001 PA:0x80008da3
        3035000	       302	800015c4	00b14e03	lbu	x28,11(x2)	  x2:0x80008d98 x28=0x00000001 PA:0x80008da3
        3045000	       303	800015c8	00b10d03	lb	x26,11(x2)	  x2:0x80008d98 x26=0x00000001 PA:0x80008da3
        3055000	       304	800015cc	00b14a83	lbu	x21,11(x2)	  x2:0x80008d98 x21=0x00000001 PA:0x80008da3
        3065000	       305	800015d0	00b10783	lb	x15,11(x2)	  x2:0x80008d98 x15=0x00000001 PA:0x80008da3
        3075000	       306	800015d4	99300013	addi	x0,x0,-1645	  x0:0x00000000
        3085000	       307	800015d8	00b14f83	lbu	x31,11(x2)	  x2:0x80008d98 x31=0x00000001 PA:0x80008da3
        3095000	       308	800015dc	00007317	auipc	x6,0x7	  x6=0x800085d8
        3105000	       309	800015e0	33830313	addi	x6,x6,824	  x6:0x800085d8  x6=0x80008910
        3115000	       310	800015e4	011a1713	slli	x14,x20,0x11	 x20:0x00000001 x14=0x00020000
        3125000	       311	800015e8	00c34f03	lbu	x30,12(x6)	  x6:0x80008910 x30=0x00000000 PA:0x8000891c
        3135000	       312	800015ec	ffd30203	lb	x4,-3(x6)	  x6:0x80008910  x4=0x00000000 PA:0x8000890d
        3145000	       313	800015f0	00596ab3	or	x21,x18,x5	 x18:0x00000001  x5:0x00000000 x21=0x00000001
        3155000	       314	800015f4	00634583	lbu	x11,6(x6)	  x6:0x80008910 x11=0x00000000 PA:0x80008916
        3165000	       315	800015f8	ff930083	lb	x1,-7(x6)	  x6:0x80008910  x1=0x00000000 PA:0x80008909
        3175000	       316	800015fc	01e301a3	sb	x30,3(x6)	  x6:0x80008910 x30:0x00000000 PA:0x80008913
        3185000	       317	80001600	00d34d83	lbu	x27,13(x6)	  x6:0x80008910 x27=0x00000000 PA:0x8000891d
        3195000	       318	80001604	00f301a3	sb	x15,3(x6)	  x6:0x80008910 x15:0x00000001 PA:0x80008913
        3205000	       319	80001608	00832023	sw	x8,0(x6)	  x6:0x80008910  x8:0x80009f48 PA:0x80008910
        3215000	       320	8000160c	df8ff013	andi	x0,x31,-520	 x31:0x00000001
        3225000	       321	80001610	00d306a3	sb	x13,13(x6)	  x6:0x80008910 x13:0x00000000 PA:0x8000891d
        3235000	       322	80001614	8d5b8913	addi	x18,x23,-1835	 x23:0x00000000 x18=0xfffff8d5
        3245000	       323	80001618	4180d733	sra	x14,x1,x24	  x1:0x00000000 x24:0x00000001 x14=0x00000000
        3255000	       324	8000161c	00530f83	lb	x31,5(x6)	  x6:0x80008910 x31=0x00000000 PA:0x80008915
        3265000	       325	80001620	60c86013	ori	x0,x16,1548	 x16:0x80008514
        3275000	       326	80001624	00fd0633	add	x12,x26,x15	 x26:0x00000001 x15:0x00000001 x12=0x00000002
        3285000	       327	80001628	00330583	lb	x11,3(x6)	  x6:0x80008910 x11=0xffffff80 PA:0x80008913
        3295000	       328	8000162c	bf230017	auipc	x0,0xbf230	
        3305000	       329	80001630	ffd30b23	sb	x29,-10(x6)	  x6:0x80008910 x29:0x00000008 PA:0x80008906
        3315000	       330	80001634	fe531f23	sh	x5,-2(x6)	  x6:0x80008910  x5:0x00000000 PA:0x8000890e
        3325000	       331	80001638	009089b3	add	x19,x1,x9	  x1:0x00000000  x9:0x00000000 x19=0x00000000
        3335000	       332	8000163c	de590093	addi	x1,x18,-539	 x18:0xfffff8d5  x1=0xfffff6ba
        3345000	       333	80001640	99cba713	slti	x14,x23,-1636	 x23:0x00000000 x14=0x00000000
        3355000	       334	80001644	01f34ab3	xor	x21,x6,x31	  x6:0x80008910 x31:0x00000000 x21=0x80008910
        3365000	       335	80001648	ff134603	lbu	x12,-15(x6)	  x6:0x80008910 x12=0x00000000 PA:0x80008901
        3375000	       336	8000164c	ff431a23	sh	x20,-12(x6)	  x6:0x80008910 x20:0x00000001 PA:0x80008904
        3385000	       337	80001650	012305a3	sb	x18,11(x6)	  x6:0x80008910 x18:0xfffff8d5 PA:0x8000891b
        3395000	       338	80001654	00e35c03	lhu	x24,14(x6)	  x6:0x80008910 x24=0x00000000 PA:0x8000891e
        3405000	       339	80001658	ffe31903	lh	x18,-2(x6)	  x6:0x80008910 x18=0x00000000 PA:0x8000890e
        3415000	       340	8000165c	fe930c23	sb	x9,-8(x6)	  x6:0x80008910  x9:0x00000000 PA:0x80008908
        3425000	       341	80001660	00730103	lb	x2,7(x6)	  x6:0x80008910  x2=0x00000000 PA:0x80008917
        3435000	       342	80001664	00f30d03	lb	x26,15(x6)	  x6:0x80008910 x26=0x00000000 PA:0x8000891f
        3445000	       343	80001668	00432c83	lw	x25,4(x6)	  x6:0x80008910 x25=0x00000000 PA:0x80008914
        3455000	       344	8000166c	00a32623	sw	x10,12(x6)	  x6:0x80008910 x10:0x80009fc4 PA:0x8000891c
        3465000	       345	80001670	17c63113	sltiu	x2,x12,380	 x12:0x00000000  x2=0x00000001
        3475000	       346	80001674	00e34003	lbu	x0,14(x6)	  x6:0x80008910 PA:0x8000891e
        3485000	       347	80001678	00008c17	auipc	x24,0x8	 x24=0x80009674
        3495000	       348	8000167c	938c0c13	addi	x24,x24,-1736	 x24:0x80009674 x24=0x80008fac
        3505000	       349	80001680	a03c0d03	lb	x26,-1533(x24)	 x24:0x80008fac x26=0x00000000 PA:0x800089af
        3515000	       350	80001684	00007797	auipc	x15,0x7	 x15=0x80008680
        3525000	       351	80001688	2b878793	addi	x15,x15,696	 x15:0x80008680 x15=0x80008938
        3535000	       352	8000168c	01c785a3	sb	x28,11(x15)	 x15:0x80008938 x28:0x00000001 PA:0x80008943
        3545000	       353	80001690	faec4983	lbu	x19,-82(x24)	 x24:0x80008fac x19=0x00000000 PA:0x80008f5a
        3555000	       354	80001694	ff478b83	lb	x23,-12(x15)	 x15:0x80008938 x23=0x00000000 PA:0x8000892c
        3565000	       355	80001698	00007397	auipc	x7,0x7	  x7=0x80008694
        3575000	       356	8000169c	5d538393	addi	x7,x7,1493	  x7:0x80008694  x7=0x80008c69
        3585000	       357	800016a0	9fcc4703	lbu	x14,-1540(x24)	 x24:0x80008fac x14=0x00000000 PA:0x800089a8
        3595000	       358	800016a4	00c79a03	lh	x20,12(x15)	 x15:0x80008938 x20=0x00000000 PA:0x80008944
        3605000	       359	800016a8	f32c01a3	sb	x18,-221(x24)	 x24:0x80008fac x18:0x00000000 PA:0x80008ecf
        3615000	       360	800016ac	f0538223	sb	x5,-252(x7)	  x7:0x80008c69  x5:0x00000000 PA:0x80008b6d
        3625000	       361	800016b0	003c02a3	sb	x3,5(x24)	 x24:0x80008fac  x3:0x00000000 PA:0x80008fb1
        3635000	       362	800016b4	ffd79e23	sh	x29,-4(x15)	 x15:0x80008938 x29:0x00000008 PA:0x80008934
        3645000	       363	800016b8	fef78d23	sb	x15,-6(x15)	 x15:0x80008938 x15:0x80008938 PA:0x80008932
        3655000	       364	800016bc	0b03cb03	lbu	x22,176(x7)	  x7:0x80008c69 x22=0x00000000 PA:0x80008d19
        3665000	       365	800016c0	0213a9a3	sw	x1,51(x7)	  x7:0x80008c69  x1:0xfffff6ba PA:0x80008c9c
        3675000	       366	800016c4	a8bc02a3	sb	x11,-1403(x24)	 x24:0x80008fac x11:0xffffff80 PA:0x80008a31
        3685000	       367	800016c8	ff878e03	lb	x28,-8(x15)	 x15:0x80008938 x28=0x00000000 PA:0x80008930
        3695000	       368	800016cc	a73c4683	lbu	x13,-1421(x24)	 x24:0x80008fac x13=0x00000000 PA:0x80008a1f
        3705000	       369	800016d0	f9a38a23	sb	x26,-108(x7)	  x7:0x80008c69 x26:0x00000000 PA:0x80008bfd
        3715000	       370	800016d4	9f6c5003	lhu	x0,-1546(x24)	 x24:0x80008fac PA:0x800089a2
        3725000	       371	800016d8	009782a3	sb	x9,5(x15)	 x15:0x80008938  x9:0x00000000 PA:0x8000893d
        3735000	       372	800016dc	ffb7c103	lbu	x2,-5(x15)	 x15:0x80008938  x2=0x00000000 PA:0x80008933
        3745000	       373	800016e0	0db384a3	sb	x27,201(x7)	  x7:0x80008c69 x27:0x00000000 PA:0x80008d32
        3755000	       374	800016e4	00007a17	auipc	x20,0x7	 x20=0x800086e0
        3765000	       375	800016e8	56ca0a13	addi	x20,x20,1388	 x20:0x800086e0 x20=0x80008c4c
        3775000	       376	800016ec	01c45093	srli	x1,x8,0x1c	  x8:0x80009f48  x1=0x00000008
        3785000	       377	800016f0	ff0a0923	sb	x16,-14(x20)	 x20:0x80008c4c x16:0x80008514 PA:0x80008c3e
        3795000	       378	800016f4	fefa2823	sw	x15,-16(x20)	 x20:0x80008c4c x15:0x80008938 PA:0x80008c3c
        3805000	       379	800016f8	ff6a1383	lh	x7,-10(x20)	 x20:0x80008c4c  x7=0x00000000 PA:0x80008c42
        3815000	       380	800016fc	00c4fbb3	and	x23,x9,x12	  x9:0x00000000 x12:0x00000000 x23=0x00000000
        3825000	       381	80001700	00da1123	sh	x13,2(x20)	 x20:0x80008c4c x13:0x00000000 PA:0x80008c4e
        3835000	       382	80001704	015a06a3	sb	x21,13(x20)	 x20:0x80008c4c x21:0x80008910 PA:0x80008c59
        3845000	       383	80001708	006a4803	lbu	x16,6(x20)	 x20:0x80008c4c x16=0x00000000 PA:0x80008c52
        3855000	       384	8000170c	019a1323	sh	x25,6(x20)	 x20:0x80008c4c x25:0x00000000 PA:0x80008c52
        3865000	       385	80001710	017a1323	sh	x23,6(x20)	 x20:0x80008c4c x23:0x00000000 PA:0x80008c52
        3875000	       386	80001714	fffa0c83	lb	x25,-1(x20)	 x20:0x80008c4c x25=0x00000000 PA:0x80008c4b
        3885000	       387	80001718	4f287213	andi	x4,x16,1266	 x16:0x00000000  x4=0x00000000
        3895000	       388	8000171c	40620033	sub	x0,x4,x6	  x4:0x00000000  x6:0x80008910
        3905000	       389	80001720	003a4103	lbu	x2,3(x20)	 x20:0x80008c4c  x2=0x00000000 PA:0x80008c4f
        3915000	       390	00000000	00000013	addi	x0,x0,0	  x0:0x00000000
        3925000	       391	80001724	002a1683	lh	x13,2(x20)	 x20:0x80008c4c x13=0x00000000 PA:0x80008c4e
        3935000	       392	80001728	cc452017	auipc	x0,0xcc452	
        3945000	       393	8000172c	01e1cdb3	xor	x27,x3,x30	  x3:0x00000000 x30:0x00000000 x27=0x00000000
        3955000	       394	80001730	00bf1713	slli	x14,x30,0xb	 x30:0x00000000 x14=0x00000000
        3965000	       395	80001734	ff6a4703	lbu	x14,-10(x20)	 x20:0x80008c4c x14=0x00000000 PA:0x80008c42
        3975000	       396	80001738	006a0023	sb	x6,0(x20)	 x20:0x80008c4c  x6:0x80008910 PA:0x80008c4c
        3985000	       397	8000173c	012f3cb3	sltu	x25,x30,x18	 x30:0x00000000 x18:0x00000000 x25=0x00000000
        3995000	       398	80001740	fe1a0aa3	sb	x1,-11(x20)	 x20:0x80008c4c  x1:0x00000008 PA:0x80008c41
        4005000	       399	80001744	8082b313	sltiu	x6,x5,-2040	  x5:0x00000000  x6=0x00000001
        4015000	       400	80001748	008cc633	xor	x12,x25,x8	 x25:0x00000000  x8:0x80009f48 x12=0x80009f48
        4025000	       401	8000174c	6e5c3c13	sltiu	x24,x24,1765	 x24:0x80008fac x24=0x00000000
        4035000	       402	80001750	011b70b3	and	x1,x22,x17	 x22:0x00000000 x17:0x00000001  x1=0x00000000
        4045000	       403	80001754	ff5a0103	lb	x2,-11(x20)	 x20:0x80008c4c  x2=0x00000008 PA:0x80008c41
        4055000	       404	80001758	ff1a4103	lbu	x2,-15(x20)	 x20:0x80008c4c  x2=0x00000089 PA:0x80008c3d
        4065000	       405	8000175c	000a3633	sltu	x12,x20,x0	 x20:0x80008c4c  x0:0x00000000 x12=0x00000000
        4075000	       406	80001760	ff9a0e03	lb	x28,-7(x20)	 x20:0x80008c4c x28=0x00000000 PA:0x80008c45
        4085000	       407	80001764	00fa0d83	lb	x27,15(x20)	 x20:0x80008c4c x27=0x00000000 PA:0x80008c5b
        4095000	       408	80001768	00fa4d03	lbu	x26,15(x20)	 x20:0x80008c4c x26=0x00000000 PA:0x80008c5b
        4105000	       409	8000176c	017a0523	sb	x23,10(x20)	 x20:0x80008c4c x23:0x00000000 PA:0x80008c56
        4115000	       410	80001770	8c85b193	sltiu	x3,x11,-1848	 x11:0xffffff80  x3=0x00000000
        4125000	       411	80001774	014a1723	sh	x20,14(x20)	 x20:0x80008c4c x20:0x80008c4c PA:0x80008c5a
        4135000	       412	80001778	002b19b3	sll	x19,x22,x2	 x22:0x00000000  x2:0x00000089 x19=0x00000000
        4145000	       413	8000177c	00ba0833	add	x16,x20,x11	 x20:0x80008c4c x11:0xffffff80 x16=0x80008bcc
        4155000	       414	80001780	0079edb3	or	x27,x19,x7	 x19:0x00000000  x7:0x00000000 x27=0x00000000
        4165000	       415	80001784	ffca1823	sh	x28,-16(x20)	 x20:0x80008c4c x28:0x00000000 PA:0x80008c3c
        4175000	       416	80001788	ff1a0e03	lb	x28,-15(x20)	 x20:0x80008c4c x28=0x00000000 PA:0x80008c3d
        4185000	       417	8000178c	01107c33	and	x24,x0,x17	  x0:0x00000000 x17:0x00000001 x24=0x00000000
        4195000	       418	80001790	41eed133	sra	x2,x29,x30	 x29:0x00000008 x30:0x00000000  x2=0x00000008
        4205000	       419	80001794	ff0a4003	lbu	x0,-16(x20)	 x20:0x80008c4c PA:0x80008c3c
        4215000	       420	80001798	00d3db33	srl	x22,x7,x13	  x7:0x00000000 x13:0x00000000 x22=0x00000000
        4225000	       421	8000179c	002be9b3	or	x19,x23,x2	 x23:0x00000000  x2:0x00000008 x19=0x00000008
        4235000	       422	800017a0	4129d313	srai	x6,x19,0x12	 x19:0x00000008  x6=0x00000000
        4245000	       423	800017a4	a3c37997	auipc	x19,0xa3c37	 x19=0x23c387a0
        4255000	       424	800017a8	00f188b3	add	x17,x3,x15	  x3:0x00000000 x15:0x80008938 x17=0x80008938
        4265000	       425	800017ac	7fa4ff93	andi	x31,x9,2042	  x9:0x00000000 x31=0x00000000
        4275000	       426	800017b0	00657733	and	x14,x10,x6	 x10:0x80009fc4  x6:0x00000000 x14=0x00000000
        4285000	       427	800017b4	014225b3	slt	x11,x4,x20	  x4:0x00000000 x20:0x80008c4c x11=0x00000000
        4295000	       428	800017b8	012f4633	xor	x12,x30,x18	 x30:0x00000000 x18:0x00000000 x12=0x00000000
        4305000	       429	800017bc	003592b3	sll	x5,x11,x3	 x11:0x00000000  x3:0x00000000  x5=0x00000000
        4315000	       430	800017c0	019e8db3	add	x27,x29,x25	 x29:0x00000008 x25:0x00000000 x27=0x00000008
        4325000	       431	800017c4	36573693	sltiu	x13,x14,869	 x14:0x00000000 x13=0x00000001
        4335000	       432	800017c8	0155bb33	sltu	x22,x11,x21	 x11:0x00000000 x21:0x80008910 x22=0x00000001
        4345000	       433	800017cc	00f51013	slli	x0,x10,0xf	 x10:0x80009fc4
        4355000	       434	800017d0	00d29733	sll	x14,x5,x13	  x5:0x00000000 x13:0x00000001 x14=0x00000000
        4365000	       435	800017d4	41c953b3	sra	x7,x18,x28	 x18:0x00000000 x28:0x00000000  x7=0x00000000
        4375000	       436	800017d8	a0efcd93	xori	x27,x31,-1522	 x31:0x00000000 x27=0xfffffa0e
        4385000	       437	800017dc	00000013	addi	x0,x0,0	  x0:0x00000000
        4395000	       438	800017e0	00eda733	slt	x14,x27,x14	 x27:0xfffffa0e x14:0x00000000 x14=0x00000001
        4405000	       439	800017e4	dbb88d93	addi	x27,x17,-581	 x17:0x80008938 x27=0x800086f3
        4415000	       440	800017e8	ec11f693	andi	x13,x3,-319	  x3:0x00000000 x13=0x00000000
        4425000	       441	800017ec	0008f863	bgeu	x17,x0,800017fc	 x17:0x80008938  x0:0x00000000
        4435000	       442	00000000	00000013	addi	x0,x0,0	  x0:0x00000000
        4445000	       443	800017f8	00000013	addi	x0,x0,0	  x0:0x00000000
        4455000	       444	800017fc	05ec9463	bne	x25,x30,80001844	 x25:0x00000000 x30:0x00000000
        4465000	       445	80001800	00000013	addi	x0,x0,0	  x0:0x00000000
        4475000	       446	80001804	0280cf13	xori	x30,x1,40	  x1:0x00000000 x30=0x00000028
        4485000	       447	80001808	0394c463	blt	x9,x25,80001830	  x9:0x00000000 x25:0x00000000
        4495000	       448	8000180c	00a2bab3	sltu	x21,x5,x10	  x5:0x00000000 x10:0x80009fc4 x21=0x00000001
        4505000	       449	80001810	00babc33	sltu	x24,x21,x11	 x21:0x00000001 x11:0x00000000 x24=0x00000000
        4515000	       450	80001814	417b5c33	sra	x24,x22,x23	 x22:0x00000001 x23:0x00000000 x24=0x00000001
        4525000	       451	80001818	04eac063	blt	x21,x14,80001858	 x21:0x00000001 x14:0x00000001
        4535000	       452	8000181c	014d8db3	add	x27,x27,x20	 x27:0x800086f3 x20:0x80008c4c x27=0x0001133f
        4545000	       453	80001820	07dde5b7	lui	x11,0x7dde	 x11=0x07dde000
        4555000	       454	80001824	029af463	bgeu	x21,x9,8000184c	 x21:0x00000001  x9:0x00000000
        4565000	       455	00000000	00000013	addi	x0,x0,0	  x0:0x00000000
        4575000	       456	80001848	00000013	addi	x0,x0,0	  x0:0x00000000
        4585000	       457	8000184c	023f0a63	beq	x30,x3,80001880	 x30:0x00000028  x3:0x00000000
        4595000	       458	80001850	01936463	bltu	x6,x25,80001858	  x6:0x00000000 x25:0x00000000
        4605000	       459	80001854	77756f37	lui	x30,0x77756	 x30=0x77756000
        4615000	       460	80001858	40f151b3	sra	x3,x2,x15	  x2:0x00000008 x15:0x80008938  x3=0x00000000
        4625000	       461	8000185c	01e87bb3	and	x23,x16,x30	 x16:0x80008bcc x30:0x77756000 x23=0x00000000
        4635000	       462	80001860	c4aedb97	auipc	x23,0xc4aed	 x23=0x44aee85c
        4645000	       463	80001864	02a99463	bne	x19,x10,8000188c	 x19:0x23c387a0 x10:0x80009fc4
        4655000	       464	00000000	00000013	addi	x0,x0,0	  x0:0x00000000
        4665000	       465	80001888	00000013	addi	x0,x0,0	  x0:0x00000000
        4675000	       466	8000188c	04795663	bge	x18,x7,800018d8	 x18:0x00000000  x7:0x00000000
        4685000	       467	00000000	00000013	addi	x0,x0,0	  x0:0x00000000
        4695000	       468	800018d4	00000013	addi	x0,x0,0	  x0:0x00000000
        4705000	       469	800018d8	1e746593	ori	x11,x8,487	  x8:0x80009f48 x11=0x80009fef
        4715000	       470	800018dc	00495863	bge	x18,x4,800018ec	 x18:0x00000000  x4:0x00000000
        4725000	       471	00000000	00000013	addi	x0,x0,0	  x0:0x00000000
        4735000	       472	800018e8	00000013	addi	x0,x0,0	  x0:0x00000000
        4745000	       473	800018ec	019d9093	slli	x1,x27,0x19	 x27:0x0001133f  x1=0x7e000000
        4755000	       474	800018f0	03eefc63	bgeu	x29,x30,80001928	 x29:0x00000008 x30:0x77756000
        4765000	       475	800018f4	0e1d3193	sltiu	x3,x26,225	 x26:0x00000000  x3=0x00000001
        4775000	       476	800018f8	71d4ec93	ori	x25,x9,1821	  x9:0x00000000 x25=0x0000071d
        4785000	       477	800018fc	05dec263	blt	x29,x29,80001940	 x29:0x00000008 x29:0x00000008
        4795000	       478	80001900	016c5a13	srli	x20,x24,0x16	 x24:0x00000001 x20=0x00000000
        4805000	       479	80001904	00885a93	srli	x21,x16,0x8	 x16:0x80008bcc x21=0x0080008b
        4815000	       480	80001908	028c8263	beq	x25,x8,8000192c	 x25:0x0000071d  x8:0x80009f48
        4825000	       481	8000190c	41e95033	sra	x0,x18,x30	 x18:0x00000000 x30:0x77756000
        4835000	       482	80001910	7a44c213	xori	x4,x9,1956	  x9:0x00000000  x4=0x000007a4
        4845000	       483	80001914	00061b93	slli	x23,x12,0x0	 x12:0x00000000 x23=0x00000000
        4855000	       484	80001918	00d175b3	and	x11,x2,x13	  x2:0x00000008 x13:0x00000000 x11=0x00000000
        4865000	       485	8000191c	0167c033	xor	x0,x15,x22	 x15:0x80008938 x22:0x00000001
        4875000	       486	80001920	015ff4b3	and	x9,x31,x21	 x31:0x00000000 x21:0x0080008b  x9=0x00000000
        4885000	       487	80001924	a64b4c93	xori	x25,x22,-1436	 x22:0x00000001 x25=0xfffffa65
        4895000	       488	80001928	416a8fb3	sub	x31,x21,x22	 x21:0x0080008b x22:0x00000001 x31=0x0080008a
        4905000	       489	8000192c	01eb5c13	srli	x24,x22,0x1e	 x22:0x00000001 x24=0x00000000
        4915000	       490	80001930	011f1233	sll	x4,x30,x17	 x30:0x77756000 x17:0x80008938  x4=0x00000000
        4925000	       491	80001934	00a64fb3	xor	x31,x12,x10	 x12:0x00000000 x10:0x80009fc4 x31=0x80009fc4
        4935000	       492	80001938	0416d863	bge	x13,x1,80001988	 x13:0x00000000  x1:0x7e000000
        4945000	       493	8000193c	4a157b13	andi	x22,x10,1185	 x10:0x80009fc4 x22=0x00000480
        4955000	       494	80001940	254be713	ori	x14,x23,596	 x23:0x00000000 x14=0x00000254
        4965000	       495	80001944	00a5afb3	slt	x31,x11,x10	 x11:0x00000000 x10:0x80009fc4 x31=0x00000000
        4975000	       496	80001948	365cbf13	sltiu	x30,x25,869	 x25:0xfffffa65 x30=0x00000000
        4985000	       497	8000194c	02864c63	blt	x12,x8,80001984	 x12:0x00000000  x8:0x80009f48
        4995000	       498	80001950	409401b3	sub	x3,x8,x9	  x8:0x80009f48  x9:0x00000000  x3=0x80009f48
        5005000	       499	80001954	40b55813	srai	x16,x10,0xb	 x10:0x80009fc4 x16=0xfff00013
        5015000	       500	80001958	00193a33	sltu	x20,x18,x1	 x18:0x00000000  x1:0x7e000000 x20=0x00000001
        5025000	       501	8000195c	00000013	addi	x0,x0,0	  x0:0x00000000
        5035000	       502	80001960	00001e13	slli	x28,x0,0x0	  x0:0x00000000 x28=0x00000000
        5045000	       503	80001964	4190d8b3	sra	x17,x1,x25	  x1:0x7e000000 x25:0xfffffa65 x17=0x03f00000
        5055000	       504	80001968	01ec4663	blt	x24,x30,80001974	 x24:0x00000000 x30:0x00000000
        5065000	       505	8000196c	f848a393	slti	x7,x17,-124	 x17:0x03f00000  x7=0x00000000
        5075000	       506	80001970	0373fc63	bgeu	x7,x23,800019a8	  x7:0x00000000 x23:0x00000000
        5085000	       507	00000000	00000013	addi	x0,x0,0	  x0:0x00000000
        5095000	       508	800019a4	00000013	addi	x0,x0,0	  x0:0x00000000
        5105000	       509	800019a8	001f6db3	or	x27,x30,x1	 x30:0x00000000  x1:0x7e000000 x27=0x7e000000
        5115000	       510	800019ac	d9407c13	andi	x24,x0,-620	  x0:0x00000000 x24=0x00000000
        5125000	       511	800019b0	3b6d2793	slti	x15,x26,950	 x26:0x00000000 x15=0x00000001
        5135000	       512	800019b4	016326b3	slt	x13,x6,x22	  x6:0x00000000 x22:0x00000480 x13=0x00000001
        5145000	       513	800019b8	01760863	beq	x12,x23,800019c8	 x12:0x00000000 x23:0x00000000
        5155000	       514	00000000	00000013	addi	x0,x0,0	  x0:0x00000000
        5165000	       515	800019c4	00000013	addi	x0,x0,0	  x0:0x00000000
        5175000	       516	800019c8	40ffd4b3	sra	x9,x31,x15	 x31:0x00000000 x15:0x00000001  x9=0x00000000
        5185000	       517	800019cc	275b8913	addi	x18,x23,629	 x23:0x00000000 x18=0x00000275
        5195000	       518	800019d0	40b856b3	sra	x13,x16,x11	 x16:0xfff00013 x11:0x00000000 x13=0xfff00013
        5205000	       519	800019d4	d8723393	sltiu	x7,x4,-633	  x4:0x00000000  x7=0x00000001
        5215000	       520	800019d8	00575493	srli	x9,x14,0x5	 x14:0x00000254  x9=0x00000012
        5225000	       521	800019dc	01a23c33	sltu	x24,x4,x26	  x4:0x00000000 x26:0x00000000 x24=0x00000000
        5235000	       522	800019e0	416f5013	srai	x0,x30,0x16	 x30:0x00000000
        5245000	       523	800019e4	409fd593	srai	x11,x31,0x9	 x31:0x00000000 x11=0x00000000
        5255000	       524	800019e8	0b445db7	lui	x27,0xb445	 x27=0x0b445000
        5265000	       525	800019ec	00258ab3	add	x21,x11,x2	 x11:0x00000000  x2:0x00000008 x21=0x00000008
        5275000	       526	800019f0	0081d463	bge	x3,x8,800019f8	  x3:0x80009f48  x8:0x80009f48
        5285000	       527	00000000	00000013	addi	x0,x0,0	  x0:0x00000000
        5295000	       528	800019f4	00000013	addi	x0,x0,0	  x0:0x00000000
        5305000	       529	800019f8	016ec633	xor	x12,x29,x22	 x29:0x00000008 x22:0x00000480 x12=0x00000488
        5315000	       530	800019fc	40538bb3	sub	x23,x7,x5	  x7:0x00000001  x5:0x00000000 x23=0x00000001
        5325000	       531	80001a00	00000013	addi	x0,x0,0	  x0:0x00000000
        5335000	       532	80001a04	020a7863	bgeu	x20,x0,80001a34	 x20:0x00000001  x0:0x00000000
        5345000	       533	00000000	00000013	addi	x0,x0,0	  x0:0x00000000
        5355000	       534	80001a30	00000013	addi	x0,x0,0	  x0:0x00000000
        5365000	       535	80001a34	00000013	addi	x0,x0,0	  x0:0x00000000
        5375000	       536	80001a38	e46aa713	slti	x14,x21,-442	 x21:0x00000008 x14=0x00000000
        5385000	       537	80001a3c	001d6463	bltu	x26,x1,80001a44	 x26:0x00000000  x1:0x7e000000
        5395000	       538	00000000	00000013	addi	x0,x0,0	  x0:0x00000000
        5405000	       539	80001a40	00000013	addi	x0,x0,0	  x0:0x00000000
        5415000	       540	80001a44	04f7e063	bltu	x15,x15,80001a84	 x15:0x00000001 x15:0x00000001
        5425000	       541	80001a48	053e0263	beq	x28,x19,80001a8c	 x28:0x00000000 x19:0x23c387a0
        5435000	       542	80001a4c	01bf2c33	slt	x24,x30,x27	 x30:0x00000000 x27:0x0b445000 x24=0x00000001
        5445000	       543	80001a50	40d78b33	sub	x22,x15,x13	 x15:0x00000001 x13:0xfff00013 x22=0x000fffee
        5455000	       544	80001a54	0594d263	bge	x9,x25,80001a98	  x9:0x00000012 x25:0xfffffa65
        5465000	       545	00000000	00000013	addi	x0,x0,0	  x0:0x00000000
        5475000	       546	80001a94	00000013	addi	x0,x0,0	  x0:0x00000000
        5485000	       547	80001a98	103e7817	auipc	x16,0x103e7	 x16=0x903e8a94
        5495000	       548	80001a9c	007cfbb3	and	x23,x25,x7	 x25:0xfffffa65  x7:0x00000001 x23=0x00000001
        5505000	       549	80001aa0	042e0263	beq	x28,x2,80001ae4	 x28:0x00000000  x2:0x00000008
        5515000	       550	80001aa4	00943d33	sltu	x26,x8,x9	  x8:0x80009f48  x9:0x00000012 x26=0x00000000
        5525000	       551	80001aa8	00879bb3	sll	x23,x15,x8	 x15:0x00000001  x8:0x80009f48 x23=0x00000100
        5535000	       552	80001aac	00000013	addi	x0,x0,0	  x0:0x00000000
        5545000	       553	80001ab0	03998463	beq	x19,x25,80001ad8	 x19:0x23c387a0 x25:0xfffffa65
        5555000	       554	80001ab4	41c3db13	srai	x22,x7,0x1c	  x7:0x00000001 x22=0x00000000
        5565000	       555	80001ab8	03010a63	beq	x2,x16,80001aec	  x2:0x00000008 x16:0x903e8a94
        5575000	       556	80001abc	00865f13	srli	x30,x12,0x8	 x12:0x00000488 x30=0x00000004
        5585000	       557	80001ac0	41eed593	srai	x11,x29,0x1e	 x29:0x00000008 x11=0x00000000
        5595000	       558	80001ac4	41a459b3	sra	x19,x8,x26	  x8:0x80009f48 x26:0x00000000 x19=0x80009f48
        5605000	       559	80001ac8	05967263	bgeu	x12,x25,80001b0c	 x12:0x00000488 x25:0xfffffa65
        5615000	       560	80001acc	e01429b7	lui	x19,0xe0142	 x19=0xe0142000
        5625000	       561	80001ad0	470ac793	xori	x15,x21,1136	 x21:0x00000008 x15=0x00000478
        5635000	       562	80001ad4	01f042b3	xor	x5,x0,x31	  x0:0x00000000 x31:0x00000000  x5=0x00000000
        5645000	       563	80001ad8	01d36333	or	x6,x6,x29	  x6:0x00000000 x29:0x00000008  x6=0x00000008
        5655000	       564	80001adc	416e5233	sra	x4,x28,x22	 x28:0x00000000 x22:0x00000000  x4=0x00000000
        5665000	       565	80001ae0	04ac0263	beq	x24,x10,80001b24	 x24:0x00000001 x10:0x80009fc4
        5675000	       566	80001ae4	40a609b3	sub	x19,x12,x10	 x12:0x00000488 x10:0x80009fc4 x19=0x7fff64c4
        5685000	       567	80001ae8	01e35633	srl	x12,x6,x30	  x6:0x00000008 x30:0x00000004 x12=0x00000000
        5695000	       568	80001aec	019e0cb3	add	x25,x28,x25	 x28:0x00000000 x25:0xfffffa65 x25=0xfffffa65
        5705000	       569	80001af0	03deda63	bge	x29,x29,80001b24	 x29:0x00000008 x29:0x00000008
        5715000	       570	00000000	00000013	addi	x0,x0,0	  x0:0x00000000
        5725000	       571	80001b20	00000013	addi	x0,x0,0	  x0:0x00000000
        5735000	       572	80001b24	01501663	bne	x0,x21,80001b30	  x0:0x00000000 x21:0x00000008
        5745000	       573	00000000	00000013	addi	x0,x0,0	  x0:0x00000000
        5755000	       574	80001b2c	00000013	addi	x0,x0,0	  x0:0x00000000
        5765000	       575	80001b30	40e2d0b3	sra	x1,x5,x14	  x5:0x00000000 x14:0x00000000  x1=0x00000000
        5775000	       576	80001b34	02c20c63	beq	x4,x12,80001b6c	  x4:0x00000000 x12:0x00000000
        5785000	       577	00000000	00000013	addi	x0,x0,0	  x0:0x00000000
        5795000	       578	80001b68	00000013	addi	x0,x0,0	  x0:0x00000000
        5805000	       579	80001b6c	dbd06593	ori	x11,x0,-579	  x0:0x00000000 x11=0xfffffdbd
        5815000	       580	80001b70	00000013	addi	x0,x0,0	  x0:0x00000000
        5825000	       581	80001b74	008b8a33	add	x20,x23,x8	 x23:0x00000100  x8:0x80009f48 x20=0x8000a048
        5835000	       582	80001b78	41195593	srai	x11,x18,0x11	 x18:0x00000275 x11=0x00000000
        5845000	       583	80001b7c	004a4333	xor	x6,x20,x4	 x20:0x8000a048  x4:0x00000000  x6=0x8000a048
        5855000	       584	80001b80	02646263	bltu	x8,x6,80001ba4	  x8:0x80009f48  x6:0x8000a048
        5865000	       585	00000000	00000013	addi	x0,x0,0	  x0:0x00000000
        5875000	       586	80001ba0	00000013	addi	x0,x0,0	  x0:0x00000000
        5885000	       587	80001ba4	0e3de663	bltu	x27,x3,80001c90	 x27:0x0b445000  x3:0x80009f48
        5895000	       588	00000000	00000013	addi	x0,x0,0	  x0:0x00000000
        5905000	       589	80001c8c	00000013	addi	x0,x0,0	  x0:0x00000000
        5915000	       590	80001c90	002070b3	and	x1,x0,x2	  x0:0x00000000  x2:0x00000008  x1=0x00000000
        5925000	       591	80001c94	a79c4e13	xori	x28,x24,-1415	 x24:0x00000001 x28=0xfffffa78
        5935000	       592	80001c98	44b8b8b7	lui	x17,0x44b8b	 x17=0x44b8b000
        5945000	       593	80001c9c	01c39e13	slli	x28,x7,0x1c	  x7:0x00000001 x28=0x10000000
        5955000	       594	80001ca0	008fc4b3	xor	x9,x31,x8	 x31:0x00000000  x8:0x80009f48  x9=0x80009f48
        5965000	       595	80001ca4	e6714c97	auipc	x25,0xe6714	 x25=0x66715ca0
        5975000	       596	80001ca8	a7140393	addi	x7,x8,-1423	  x8:0x80009f48  x7=0x800099b9
        5985000	       597	80001cac	01591b93	slli	x23,x18,0x15	 x18:0x00000275 x23=0x4ea00000
        5995000	       598	80001cb0	2bef8a93	addi	x21,x31,702	 x31:0x00000000 x21=0x000002be
        6005000	       599	80001cb4	015344b3	xor	x9,x6,x21	  x6:0x8000a048 x21:0x000002be  x9=0x8000a2f6
        6015000	       600	80001cb8	0189bc33	sltu	x24,x19,x24	 x19:0x7fff64c4 x24:0x00000001 x24=0x00000000
        6025000	       601	80001cbc	d0f0f913	andi	x18,x1,-753	  x1:0x00000000 x18=0x00000000
        6035000	       602	80001cc0	02c59863	bne	x11,x12,80001cf0	 x11:0x00000000 x12:0x00000000
        6045000	       603	80001cc4	04b69063	bne	x13,x11,80001d04	 x13:0xfff00013 x11:0x00000000
        6055000	       604	00000000	00000013	addi	x0,x0,0	  x0:0x00000000
        6065000	       605	80001d00	00000013	addi	x0,x0,0	  x0:0x00000000
        6075000	       606	80001d04	013936b3	sltu	x13,x18,x19	 x18:0x00000000 x19:0x7fff64c4 x13=0x00000001
        6085000	       607	80001d08	009ce463	bltu	x25,x9,80001d10	 x25:0x66715ca0  x9:0x8000a2f6
        6095000	       608	00000000	00000013	addi	x0,x0,0	  x0:0x00000000
        6105000	       609	80001d0c	00000013	addi	x0,x0,0	  x0:0x00000000
        6115000	       610	80001d10	65d06037	lui	x0,0x65d06	
        6125000	       611	80001d14	af28ba13	sltiu	x20,x17,-1294	 x17:0x44b8b000 x20=0x00000001
        6135000	       612	80001d18	016bbe33	sltu	x28,x23,x22	 x23:0x4ea00000 x22:0x00000000 x28=0x00000000
        6145000	       613	80001d1c	918085b7	lui	x11,0x91808	 x11=0x91808000
        6155000	       614	80001d20	000be2b3	or	x5,x23,x0	 x23:0x4ea00000  x0:0x00000000  x5=0x4ea00000
        6165000	       615	80001d24	01b71493	slli	x9,x14,0x1b	 x14:0x00000000  x9=0x00000000
        6175000	       616	80001d28	d3507e13	andi	x28,x0,-715	  x0:0x00000000 x28=0x00000000
        6185000	       617	80001d2c	405c5833	sra	x16,x24,x5	 x24:0x00000000  x5:0x4ea00000 x16=0x00000000
        6195000	       618	80001d30	99550893	addi	x17,x10,-1643	 x10:0x80009fc4 x17=0x80009959
        6205000	       619	80001d34	00df5133	srl	x2,x30,x13	 x30:0x00000004 x13:0x00000001  x2=0x00000002
        6215000	       620	80001d38	005f4463	blt	x30,x5,80001d40	 x30:0x00000004  x5:0x4ea00000
        6225000	       621	00000000	00000013	addi	x0,x0,0	  x0:0x00000000
        6235000	       622	80001d3c	00000013	addi	x0,x0,0	  x0:0x00000000
        6245000	       623	80001d40	44d34093	xori	x1,x6,1101	  x6:0x8000a048  x1=0x8000a405
        6255000	       624	80001d44	023dbf93	sltiu	x31,x27,35	 x27:0x0b445000 x31=0x00000000
        6265000	       625	80001d48	4e845237	lui	x4,0x4e845	  x4=0x4e845000
        6275000	       626	80001d4c	415858b3	sra	x17,x16,x21	 x16:0x00000000 x21:0x000002be x17=0x00000000
        6285000	       627	80001d50	0400e063	bltu	x1,x0,80001d90	  x1:0x8000a405  x0:0x00000000
        6295000	       628	80001d54	01279833	sll	x16,x15,x18	 x15:0x00000478 x18:0x00000000 x16=0x00000478
        6305000	       629	80001d58	008fe133	or	x2,x31,x8	 x31:0x00000000  x8:0x80009f48  x2=0x80009f48
        6315000	       630	80001d5c	01999863	bne	x19,x25,80001d6c	 x19:0x7fff64c4 x25:0x66715ca0
        6325000	       631	00000000	00000013	addi	x0,x0,0	  x0:0x00000000
        6335000	       632	80001d68	00000013	addi	x0,x0,0	  x0:0x00000000
        6345000	       633	80001d6c	004125b3	slt	x11,x2,x4	  x2:0x80009f48  x4:0x4e845000 x11=0x00000001
        6355000	       634	80001d70	41e3d693	srai	x13,x7,0x1e	  x7:0x800099b9 x13=0xfffffffe
        6365000	       635	80001d74	00000013	addi	x0,x0,0	  x0:0x00000000
        6375000	       636	80001d78	40aed193	srai	x3,x29,0xa	 x29:0x00000008  x3=0x00000000
        6385000	       637	80001d7c	402d5493	srai	x9,x26,0x2	 x26:0x00000000  x9=0x00000000
        6395000	       638	80001d80	01703ab3	sltu	x21,x0,x23	  x0:0x00000000 x23:0x4ea00000 x21=0x00000001
        6405000	       639	80001d84	c1a40593	addi	x11,x8,-998	  x8:0x80009f48 x11=0x80009b62
        6415000	       640	80001d88	75018913	addi	x18,x3,1872	  x3:0x00000000 x18=0x00000750
        6425000	       641	80001d8c	406b5393	srai	x7,x22,0x6	 x22:0x00000000  x7=0x00000000
        6435000	       642	80001d90	00830133	add	x2,x6,x8	  x6:0x8000a048  x8:0x80009f48  x2=0x00013f90
        6445000	       643	80001d94	90a56613	ori	x12,x10,-1782	 x10:0x80009fc4 x12=0xffffffce
        6455000	       644	80001d98	00006117	auipc	x2,0x6	  x2=0x80007d94
        6465000	       645	80001d9c	7ed10113	addi	x2,x2,2029	  x2:0x80007d94  x2=0x80008581
        6475000	       646	80001da0	a0d97793	andi	x15,x18,-1523	 x18:0x00000750 x15=0x00000200
        6485000	       647	80001da4	01014903	lbu	x18,16(x2)	  x2:0x80008581 x18=0x00000000 PA:0x80008591
        6495000	       648	80001da8	01014803	lbu	x16,16(x2)	  x2:0x80008581 x16=0x00000000 PA:0x80008591
        6505000	       649	00000000	00000013	addi	x0,x0,0	  x0:0x00000000
        6515000	       650	80001dac	01010a03	lb	x20,16(x2)	  x2:0x80008581 x20=0x00000000 PA:0x80008591
        6525000	       651	80001db0	00e10823	sb	x14,16(x2)	  x2:0x80008581 x14:0x00000000 PA:0x80008591
        6535000	       652	80001db4	01010303	lb	x6,16(x2)	  x2:0x80008581  x6=0x00000000 PA:0x80008591
        6545000	       653	80001db8	01014c83	lbu	x25,16(x2)	  x2:0x80008581 x25=0x00000000 PA:0x80008591
        6555000	       654	80001dbc	01010583	lb	x11,16(x2)	  x2:0x80008581 x11=0x00000000 PA:0x80008591
        6565000	       655	80001dc0	01014883	lbu	x17,16(x2)	  x2:0x80008581 x17=0x00000000 PA:0x80008591
        6575000	       656	80001dc4	01014383	lbu	x7,16(x2)	  x2:0x80008581  x7=0x00000000 PA:0x80008591
        6585000	       657	80001dc8	40f40333	sub	x6,x8,x15	  x8:0x80009f48 x15:0x00000200  x6=0x80009d48
        6595000	       658	80001dcc	01010b83	lb	x23,16(x2)	  x2:0x80008581 x23=0x00000000 PA:0x80008591
        6605000	       659	80001dd0	ce230993	addi	x19,x6,-798	  x6:0x80009d48 x19=0x80009a2a
        6615000	       660	80001dd4	01010823	sb	x16,16(x2)	  x2:0x80008581 x16:0x00000000 PA:0x80008591
        6625000	       661	80001dd8	00a10823	sb	x10,16(x2)	  x2:0x80008581 x10:0x80009fc4 PA:0x80008591
        6635000	       662	80001ddc	01010083	lb	x1,16(x2)	  x2:0x80008581  x1=0xffffffc4 PA:0x80008591
        6645000	       663	80001de0	d0514713	xori	x14,x2,-763	  x2:0x80008581 x14=0x7fff7884
        6655000	       664	80001de4	00810823	sb	x8,16(x2)	  x2:0x80008581  x8:0x80009f48 PA:0x80008591
        6665000	       665	80001de8	006106a3	sb	x6,13(x2)	  x2:0x80008581  x6:0x80009d48 PA:0x8000858e
        6675000	       666	80001dec	000104a3	sb	x0,9(x2)	  x2:0x80008581  x0:0x00000000 PA:0x8000858a
        6685000	       667	80001df0	419c55b3	sra	x11,x24,x25	 x24:0x00000000 x25:0x00000000 x11=0x00000000
        6695000	       668	80001df4	882c0393	addi	x7,x24,-1918	 x24:0x00000000  x7=0xfffff882
        6705000	       669	80001df8	00b193b3	sll	x7,x3,x11	  x3:0x00000000 x11:0x00000000  x7=0x00000000
        6715000	       670	80001dfc	484447b7	lui	x15,0x48444	 x15=0x48444000
        6725000	       671	80001e00	207c3713	sltiu	x14,x24,519	 x24:0x00000000 x14=0x00000001
        6735000	       672	80001e04	00000013	addi	x0,x0,0	  x0:0x00000000
        6745000	       673	80001e08	bd89e013	ori	x0,x19,-1064	 x19:0x80009a2a
        6755000	       674	80001e0c	03955e63	bge	x10,x25,80001e48	 x10:0x80009fc4 x25:0x00000000
        6765000	       675	80001e10	02ee8463	beq	x29,x14,80001e38	 x29:0x00000008 x14:0x00000001
        6775000	       676	80001e14	41a8d733	sra	x14,x17,x26	 x17:0x00000000 x26:0x00000000 x14=0x00000000
        6785000	       677	80001e18	00b043b3	xor	x7,x0,x11	  x0:0x00000000 x11:0x00000000  x7=0x00000000
        6795000	       678	80001e1c	05e19263	bne	x3,x30,80001e60	  x3:0x00000000 x30:0x00000004
        6805000	       679	00000000	00000013	addi	x0,x0,0	  x0:0x00000000
        6815000	       680	80001e5c	00000013	addi	x0,x0,0	  x0:0x00000000
        6825000	       681	80001e60	9661a693	slti	x13,x3,-1690	  x3:0x00000000 x13=0x00000000
        6835000	       682	80001e64	8d170c13	addi	x24,x14,-1839	 x14:0x00000000 x24=0xfffff8d1
        6845000	       683	80001e68	023bc063	blt	x23,x3,80001e88	 x23:0x00000000  x3:0x00000000
        6855000	       684	80001e6c	02b1cc63	blt	x3,x11,80001ea4	  x3:0x00000000 x11:0x00000000
        6865000	       685	80001e70	bfc2ae17	auipc	x28,0xbfc2a	 x28=0x3fc2be6c
        6875000	       686	80001e74	0335d463	bge	x11,x19,80001e9c	 x11:0x00000000 x19:0x80009a2a
        6885000	       687	00000000	00000013	addi	x0,x0,0	  x0:0x00000000
        6895000	       688	80001e98	00000013	addi	x0,x0,0	  x0:0x00000000
        6905000	       689	80001e9c	614c3c93	sltiu	x25,x24,1556	 x24:0xfffff8d1 x25=0x00000000
        6915000	       690	80001ea0	40c3dd93	srai	x27,x7,0xc	  x7:0x00000000 x27=0x00000000
        6925000	       691	80001ea4	01f0e633	or	x12,x1,x31	  x1:0xffffffc4 x31:0x00000000 x12=0xffffffc4
        6935000	       692	80001ea8	04b8f663	bgeu	x17,x11,80001ef4	 x17:0x00000000 x11:0x00000000
        6945000	       693	00000000	00000013	addi	x0,x0,0	  x0:0x00000000
        6955000	       694	80001ef0	00000013	addi	x0,x0,0	  x0:0x00000000
        6965000	       695	80001ef4	9effb393	sltiu	x7,x31,-1553	 x31:0x00000000  x7=0x00000001
        6975000	       696	80001ef8	01e1b333	sltu	x6,x3,x30	  x3:0x00000000 x30:0x00000004  x6=0x00000001
        6985000	       697	80001efc	a0d32f13	slti	x30,x6,-1523	  x6:0x00000001 x30=0x00000000
        6995000	       698	80001f00	41c2dc33	sra	x24,x5,x28	  x5:0x4ea00000 x28:0x3fc2be6c x24=0x0004ea00
        7005000	       699	80001f04	0114bdb3	sltu	x27,x9,x17	  x9:0x00000000 x17:0x00000000 x27=0x00000000
        7015000	       700	80001f08	c1c8e213	ori	x4,x17,-996	 x17:0x00000000  x4=0xfffffc1c
        7025000	       701	80001f0c	00dcb233	sltu	x4,x25,x13	 x25:0x00000000 x13:0x00000000  x4=0x00000000
        7035000	       702	80001f10	058c6263	bltu	x24,x24,80001f54	 x24:0x0004ea00 x24:0x0004ea00
        7045000	       703	80001f14	00824db3	xor	x27,x4,x8	  x4:0x00000000  x8:0x80009f48 x27=0x80009f48
        7055000	       704	80001f18	41e401b3	sub	x3,x8,x30	  x8:0x80009f48 x30:0x00000000  x3=0x80009f48
        7065000	       705	80001f1c	9408b693	sltiu	x13,x17,-1728	 x17:0x00000000 x13=0x00000001
        7075000	       706	80001f20	055ef063	bgeu	x29,x21,80001f60	 x29:0x00000008 x21:0x00000001
        7085000	       707	00000000	00000013	addi	x0,x0,0	  x0:0x00000000
        7095000	       708	80001f5c	00000013	addi	x0,x0,0	  x0:0x00000000
        7105000	       709	80001f60	012294b3	sll	x9,x5,x18	  x5:0x4ea00000 x18:0x00000000  x9=0x4ea00000
        7115000	       710	80001f64	00442a03	lw	x20,4(x8)	  x8:0x80009f48 x20=0x80000148 PA:0x80009f4c
        7125000	       711	80001f68	01c4f4b3	and	x9,x9,x28	  x9:0x4ea00000 x28:0x3fc2be6c  x9=0x0e800000
        7135000	       712	80001f6c	00000013	addi	x0,x0,0	  x0:0x00000000
        7145000	       713	80001f70	01903033	sltu	x0,x0,x25	  x0:0x00000000 x25:0x00000000
        7155000	       714	80001f74	03c40413	addi	x8,x8,60	  x8:0x80009f48  x8=0x80009f84
        7165000	       715	80001f78	c84d6693	ori	x13,x26,-892	 x26:0x00000000 x13=0xfffffc84
        7175000	       716	80001f7c	0048d333	srl	x6,x17,x4	 x17:0x00000000  x4:0x00000000  x6=0x00000000
        7185000	       717	80001f80	1dd6be13	sltiu	x28,x13,477	 x13:0xfffffc84 x28=0x00000000
        7195000	       718	80001f84	017f6cb3	or	x25,x30,x23	 x30:0x00000000 x23:0x00000000 x25=0x00000000
        7205000	       719	80001f88	014e4ab3	xor	x21,x28,x20	 x28:0x00000000 x20:0x80000148 x21=0x80000148
        7215000	       720	80001f8c	001a0593	addi	x11,x20,1	 x20:0x80000148 x11=0x80000149
        7225000	       721	80001f90	000585e7	jalr	x11,x11,0	 x11:0x80000149 x11=0x80001f90
        7235000	       722	00000000	00000013	addi	x0,x0,0	  x0:0x00000000
        7245000	       723	80000148	00000013	addi	x0,x0,0	  x0:0x00000000
        7255000	       724	8000014c	00008d97	auipc	x27,0x8	 x27=0x80008148
        7265000	       725	80000150	01bd8d93	addi	x27,x27,27	 x27:0x80008148 x27=0x80008163
        7275000	       726	80000154	fb7dcb83	lbu	x23,-73(x27)	 x27:0x80008163 x23=0x00000000 PA:0x8000811a
        7285000	       727	80000158	fbdd8ba3	sb	x29,-73(x27)	 x27:0x80008163 x29:0x00000008 PA:0x8000811a
        7295000	       728	8000015c	04dd8423	sb	x13,72(x27)	 x27:0x80008163 x13:0xfffffc84 PA:0x800081ab
        7305000	       729	80000160	ced5dc37	lui	x24,0xced5d	 x24=0xced5d000
        7315000	       730	80000164	089d9303	lh	x6,137(x27)	 x27:0x80008163  x6=0x00000000 PA:0x800081ec
        7325000	       731	80000168	091d84a3	sb	x17,137(x27)	 x27:0x80008163 x17:0x00000000 PA:0x800081ec
        7335000	       732	8000016c	028d8723	sb	x8,46(x27)	 x27:0x80008163  x8:0x80009f84 PA:0x80008191
        7345000	       733	80000170	e774a593	slti	x11,x9,-393	  x9:0x0e800000 x11=0x00000000
        7355000	       734	80000174	40ced733	sra	x14,x29,x12	 x29:0x00000008 x12:0xffffffc4 x14=0x00000000
        7365000	       735	80000178	f8dd8c03	lb	x24,-115(x27)	 x27:0x80008163 x24=0x00000000 PA:0x800080f0
        7375000	       736	00000000	00000013	addi	x0,x0,0	  x0:0x00000000
        7385000	       737	8000017c	f18dc283	lbu	x5,-232(x27)	 x27:0x80008163  x5=0x00000000 PA:0x8000807b
        7395000	       738	80000180	0fddac03	lw	x24,253(x27)	 x27:0x80008163 x24=0x39000000 PA:0x80008260
        7405000	       739	80000184	0fdd9a83	lh	x21,253(x27)	 x27:0x80008163 x21=0x00000000 PA:0x80008260
        7415000	       740	80000188	0e5d9ea3	sh	x5,253(x27)	 x27:0x80008163  x5:0x00000000 PA:0x80008260
        7425000	       741	8000018c	0fdda483	lw	x9,253(x27)	 x27:0x80008163  x9=0x39000000 PA:0x80008260
        7435000	       742	80000190	0fdd9083	lh	x1,253(x27)	 x27:0x80008163  x1=0x00000000 PA:0x80008260
        7445000	       743	80000194	0ebd8ea3	sb	x11,253(x27)	 x27:0x80008163 x11:0x00000000 PA:0x80008260
        7455000	       744	80000198	01a1bbb3	sltu	x23,x3,x26	  x3:0x80009f48 x26:0x00000000 x23=0x00000000
        7465000	       745	8000019c	0eed9ea3	sh	x14,253(x27)	 x27:0x80008163 x14:0x00000000 PA:0x80008260
        7475000	       746	800001a0	0fdd8203	lb	x4,253(x27)	 x27:0x80008163  x4=0x00000000 PA:0x80008260
        7485000	       747	800001a4	00998e33	add	x28,x19,x9	 x19:0x80009a2a  x9:0x39000000 x28=0xb9009a2a
        7495000	       748	800001a8	0f5daea3	sw	x21,253(x27)	 x27:0x80008163 x21:0x00000000 PA:0x80008260
        7505000	       749	800001ac	008e1b93	slli	x23,x28,0x8	 x28:0xb9009a2a x23=0x009a2a00
        7515000	       750	800001b0	02adcc03	lbu	x24,42(x27)	 x27:0x80008163 x24=0x00000000 PA:0x8000818d
        7525000	       751	800001b4	00008317	auipc	x6,0x8	  x6=0x800081b0
        7535000	       752	800001b8	0cb30313	addi	x6,x6,203	  x6:0x800081b0  x6=0x8000827b
        7545000	       753	800001bc	00000013	addi	x0,x0,0	  x0:0x00000000
        7555000	       754	800001c0	40ec82b3	sub	x5,x25,x14	 x25:0x00000000 x14:0x00000000  x5=0x00000000
        7565000	       755	800001c4	00d60bb3	add	x23,x12,x13	 x12:0xffffffc4 x13:0xfffffc84 x23=0xfffffc48
        7575000	       756	800001c8	41ccd793	srai	x15,x25,0x1c	 x25:0x00000000 x15=0x00000000
        7585000	       757	800001cc	8e4665b7	lui	x11,0x8e466	 x11=0x8e466000
        7595000	       758	800001d0	00734103	lbu	x2,7(x6)	  x6:0x8000827b  x2=0x00000000 PA:0x80008282
        7605000	       759	800001d4	ff034c03	lbu	x24,-16(x6)	  x6:0x8000827b x24=0x00000000 PA:0x8000826b
        7615000	       760	800001d8	00e546b3	xor	x13,x10,x14	 x10:0x80009fc4 x14:0x00000000 x13=0x80009fc4
        7625000	       761	800001dc	3380ca97	auipc	x21,0x3380c	 x21=0xb380c1d8
        7635000	       762	800001e0	ffa30103	lb	x2,-6(x6)	  x6:0x8000827b  x2=0x00000000 PA:0x80008275
        7645000	       763	800001e4	01ed9213	slli	x4,x27,0x1e	 x27:0x80008163  x4=0xc0000000
        7655000	       764	800001e8	ff935c83	lhu	x25,-7(x6)	  x6:0x8000827b x25=0x00000000 PA:0x80008274
        7665000	       765	800001ec	01d303a3	sb	x29,7(x6)	  x6:0x8000827b x29:0x00000008 PA:0x80008282
        7675000	       766	800001f0	0127d193	srli	x3,x15,0x12	 x15:0x00000000  x3=0x00000000
        7685000	       767	800001f4	00f34f03	lbu	x30,15(x6)	  x6:0x8000827b x30=0x00000000 PA:0x8000828a
        7695000	       768	800001f8	01030d83	lb	x27,16(x6)	  x6:0x8000827b x27=0x00000000 PA:0x8000828b
        7705000	       769	800001fc	00910db3	add	x27,x2,x9	  x2:0x00000000  x9:0x39000000 x27=0x39000000
        7715000	       770	80000200	006abfb3	sltu	x31,x21,x6	 x21:0xb380c1d8  x6:0x8000827b x31=0x00000000
        7725000	       771	80000204	6994ea93	ori	x21,x9,1689	  x9:0x39000000 x21=0x39000699
        7735000	       772	80000208	01930623	sb	x25,12(x6)	  x6:0x8000827b x25:0x00000000 PA:0x80008287
        7745000	       773	8000020c	01b04233	xor	x4,x0,x27	  x0:0x00000000 x27:0x39000000  x4=0x39000000
        7755000	       774	80000210	8ad18613	addi	x12,x3,-1875	  x3:0x00000000 x12=0xfffff8ad
        7765000	       775	80000214	0061d633	srl	x12,x3,x6	  x3:0x00000000  x6:0x8000827b x12=0x00000000
        7775000	       776	80000218	00930803	lb	x16,9(x6)	  x6:0x8000827b x16=0x00000000 PA:0x80008284
        7785000	       777	8000021c	00335903	lhu	x18,3(x6)	  x6:0x8000827b x18=0x00000000 PA:0x8000827e
        7795000	       778	80000220	ffc30603	lb	x12,-4(x6)	  x6:0x8000827b x12=0x00000000 PA:0x80008277
        7805000	       779	80000224	019b5a93	srli	x21,x22,0x19	 x22:0x00000000 x21=0x00000000
        7815000	       780	80000228	ff734a83	lbu	x21,-9(x6)	  x6:0x8000827b x21=0x00000000 PA:0x80008272
        7825000	       781	8000022c	00b30c83	lb	x25,11(x6)	  x6:0x8000827b x25=0x00000000 PA:0x80008286
        7835000	       782	80000230	00530323	sb	x5,6(x6)	  x6:0x8000827b  x5:0x00000000 PA:0x80008281
        7845000	       783	80000234	00009b97	auipc	x23,0x9	 x23=0x80009230
        7855000	       784	80000238	8c4b8b93	addi	x23,x23,-1852	 x23:0x80009230 x23=0x80008af4
        7865000	       785	8000023c	fccb9803	lh	x16,-52(x23)	 x23:0x80008af4 x16=0x00000000 PA:0x80008ac0
        7875000	       786	80000240	92ed6993	ori	x19,x26,-1746	 x26:0x00000000 x19=0xfffff92e
        7885000	       787	80000244	02ab9783	lh	x15,42(x23)	 x23:0x80008af4 x15=0x00000000 PA:0x80008b1e
        7895000	       788	80000248	006592b3	sll	x5,x11,x6	 x11:0x8e466000  x6:0x8000827b  x5=0x00000000
        7905000	       789	8000024c	03dbcd03	lbu	x26,61(x23)	 x23:0x80008af4 x26=0x00000000 PA:0x80008b31
        7915000	       790	80000250	feeb80a3	sb	x14,-31(x23)	 x23:0x80008af4 x14:0x00000000 PA:0x80008ad5
        7925000	       791	80000254	410e5093	srai	x1,x28,0x10	 x28:0xb9009a2a  x1=0xffffb900
        7935000	       792	80000258	004b15b3	sll	x11,x22,x4	 x22:0x00000000  x4:0x39000000 x11=0x00000000
        7945000	       793	8000025c	01c4b913	sltiu	x18,x9,28	  x9:0x39000000 x18=0x00000000
        7955000	       794	80000260	adcebf93	sltiu	x31,x29,-1316	 x29:0x00000008 x31=0x00000001
        7965000	       795	80000264	9af9d737	lui	x14,0x9af9d	 x14=0x9af9d000
        7975000	       796	80000268	03eb8fa3	sb	x30,63(x23)	 x23:0x80008af4 x30:0x00000000 PA:0x80008b33
        7985000	       797	8000026c	aee4ba93	sltiu	x21,x9,-1298	  x9:0x39000000 x21=0x00000001
        7995000	       798	80000270	24f8ed93	ori	x27,x17,591	 x17:0x00000000 x27=0x0000024f
        8005000	       799	80000274	fd0b9f83	lh	x31,-48(x23)	 x23:0x80008af4 x31=0x00000000 PA:0x80008ac4
        8015000	       800	80000278	83e57a13	andi	x20,x10,-1986	 x10:0x80009fc4 x20=0x80009804
        8025000	       801	8000027c	40088633	sub	x12,x17,x0	 x17:0x00000000  x0:0x00000000 x12=0x00000000
        8035000	       802	80000280	007a6333	or	x6,x20,x7	 x20:0x80009804  x7:0x00000001  x6=0x80009805
        8045000	       803	80000284	ce53bc13	sltiu	x24,x7,-795	  x7:0x00000001 x24=0x00000001
        8055000	       804	80000288	027b8103	lb	x2,39(x23)	 x23:0x80008af4  x2=0x00000000 PA:0x80008b1b
        8065000	       805	8000028c	00c25493	srli	x9,x4,0xc	  x4:0x39000000  x9=0x00039000
        8075000	       806	80000290	035bc903	lbu	x18,53(x23)	 x23:0x80008af4 x18=0x00000000 PA:0x80008b29
        8085000	       807	80000294	010d7133	and	x2,x26,x16	 x26:0x00000000 x16:0x00000000  x2=0x00000000
        8095000	       808	80000298	009398b3	sll	x17,x7,x9	  x7:0x00000001  x9:0x00039000 x17=0x00000001
        8105000	       809	8000029c	012bc603	lbu	x12,18(x23)	 x23:0x80008af4 x12=0x00000000 PA:0x80008b06
        8115000	       810	800002a0	fedbcf83	lbu	x31,-19(x23)	 x23:0x80008af4 x31=0x00000000 PA:0x80008ae1
        8125000	       811	800002a4	fe1bcd83	lbu	x27,-31(x23)	 x23:0x80008af4 x27=0x00000000 PA:0x80008ad5
        8135000	       812	800002a8	018b8803	lb	x16,24(x23)	 x23:0x80008af4 x16=0x00000000 PA:0x80008b0c
        8145000	       813	800002ac	01169393	slli	x7,x13,0x11	 x13:0x80009fc4  x7=0x3f880000
        8155000	       814	800002b0	fedbc903	lbu	x18,-19(x23)	 x23:0x80008af4 x18=0x00000000 PA:0x80008ae1
        8165000	       815	800002b4	fd7b89a3	sb	x23,-45(x23)	 x23:0x80008af4 x23:0x80008af4 PA:0x80008ac7
        8175000	       816	800002b8	01317db3	and	x27,x2,x19	  x2:0x00000000 x19:0xfffff92e x27=0x00000000
        8185000	       817	800002bc	00ab4933	xor	x18,x22,x10	 x22:0x00000000 x10:0x80009fc4 x18=0x80009fc4
        8195000	       818	800002c0	01c45233	srl	x4,x8,x28	  x8:0x80009f84 x28:0xb9009a2a  x4=0x00200027
        8205000	       819	800002c4	00bb80a3	sb	x11,1(x23)	 x23:0x80008af4 x11:0x00000000 PA:0x80008af5
        8215000	       820	800002c8	010f1313	slli	x6,x30,0x10	 x30:0x00000000  x6=0x00000000
        8225000	       821	800002cc	6e926113	ori	x2,x4,1769	  x4:0x00200027  x2=0x002006ef
        8235000	       822	800002d0	71c87ab7	lui	x21,0x71c87	 x21=0x71c87000
        8245000	       823	800002d4	a2443793	sltiu	x15,x8,-1500	  x8:0x80009f84 x15=0x00000001
        8255000	       824	800002d8	025b8083	lb	x1,37(x23)	 x23:0x80008af4  x1=0x00000000 PA:0x80008b19
        8265000	       825	800002dc	01cb8703	lb	x14,28(x23)	 x23:0x80008af4 x14=0x00000000 PA:0x80008b10
        8275000	       826	800002e0	00000013	addi	x0,x0,0	  x0:0x00000000
        8285000	       827	800002e4	41965fb3	sra	x31,x12,x25	 x12:0x00000000 x25:0x00000000 x31=0x00000000
        8295000	       828	800002e8	016bc603	lbu	x12,22(x23)	 x23:0x80008af4 x12=0x00000000 PA:0x80008b0a
        8305000	       829	800002ec	00329a93	slli	x21,x5,0x3	  x5:0x00000000 x21=0x00000000
        8315000	       830	800002f0	f2b3e793	ori	x15,x7,-213	  x7:0x3f880000 x15=0xffffff2b
        8325000	       831	800002f4	031bc483	lbu	x9,49(x23)	 x23:0x80008af4  x9=0x00000000 PA:0x80008b25
        8335000	       832	800002f8	00009097	auipc	x1,0x9	  x1=0x800092f4
        8345000	       833	800002fc	c6e08093	addi	x1,x1,-914	  x1:0x800092f4  x1=0x80008f62
        8355000	       834	80000300	019cc733	xor	x14,x25,x25	 x25:0x00000000 x25:0x00000000 x14=0x00000000
        8365000	       835	80000304	016081a3	sb	x22,3(x1)	  x1:0x80008f62 x22:0x00000000 PA:0x80008f65
        8375000	       836	80000308	01f6cb33	xor	x22,x13,x31	 x13:0x80009fc4 x31:0x00000000 x22=0x80009fc4
        8385000	       837	8000030c	fd9080a3	sb	x25,-63(x1)	  x1:0x80008f62 x25:0x00000000 PA:0x80008f23
        8395000	       838	80000310	00b2a9b3	slt	x19,x5,x11	  x5:0x00000000 x11:0x00000000 x19=0x00000000
        8405000	       839	80000314	00b83933	sltu	x18,x16,x11	 x16:0x00000000 x11:0x00000000 x18=0x00000000
        8415000	       840	80000318	001e76b3	and	x13,x28,x1	 x28:0xb9009a2a  x1:0x80008f62 x13=0x80008a22
        8425000	       841	8000031c	fdf0cc83	lbu	x25,-33(x1)	  x1:0x80008f62 x25=0x00000000 PA:0x80008f41
        8435000	       842	80000320	9049e013	ori	x0,x19,-1788	 x19:0x00000000
        8445000	       843	80000324	0fd58193	addi	x3,x11,253	 x11:0x00000000  x3=0x000000fd
        8455000	       844	80000328	fd508583	lb	x11,-43(x1)	  x1:0x80008f62 x11=0x00000000 PA:0x80008f37
        8465000	       845	8000032c	00ef3e33	sltu	x28,x30,x14	 x30:0x00000000 x14:0x00000000 x28=0x00000000
        8475000	       846	80000330	01049313	slli	x6,x9,0x10	  x9:0x00000000  x6=0x00000000
        8485000	       847	80000334	ff40d983	lhu	x19,-12(x1)	  x1:0x80008f62 x19=0x00000000 PA:0x80008f56
        8495000	       848	80000338	ff608a23	sb	x22,-12(x1)	  x1:0x80008f62 x22:0x80009fc4 PA:0x80008f56
        8505000	       849	8000033c	01fd1013	slli	x0,x26,0x1f	 x26:0x00000000
        8515000	       850	80000340	03f0c883	lbu	x17,63(x1)	  x1:0x80008f62 x17=0x00000000 PA:0x80008fa1
        8525000	       851	80000344	00109123	sh	x1,2(x1)	  x1:0x80008f62  x1:0x80008f62 PA:0x80008f64
        8535000	       852	80000348	03a08ca3	sb	x26,57(x1)	  x1:0x80008f62 x26:0x00000000 PA:0x80008f9b
        8545000	       853	8000034c	fcb0a123	sw	x11,-62(x1)	  x1:0x80008f62 x11:0x00000000 PA:0x80008f24
        8555000	       854	80000350	00000013	addi	x0,x0,0	  x0:0x00000000
        8565000	       855	80000354	8cef8e13	addi	x28,x31,-1842	 x31:0x00000000 x28=0xfffff8ce
        8575000	       856	80000358	69cb6897	auipc	x17,0x69cb6	 x17=0xe9cb6354
        8585000	       857	8000035c	a8292793	slti	x15,x18,-1406	 x18:0x00000000 x15=0x00000000
        8595000	       858	80000360	a2b83d93	sltiu	x27,x16,-1493	 x16:0x00000000 x27=0x00000001
        8605000	       859	80000364	01e92833	slt	x16,x18,x30	 x18:0x00000000 x30:0x00000000 x16=0x00000000
        8615000	       860	80000368	00cde2b3	or	x5,x27,x12	 x27:0x00000001 x12:0x00000000  x5=0x00000001
        8625000	       861	8000036c	0130ca83	lbu	x21,19(x1)	  x1:0x80008f62 x21=0x00000000 PA:0x80008f75
        8635000	       862	80000370	03309623	sh	x19,44(x1)	  x1:0x80008f62 x19:0x00000000 PA:0x80008f8e
        8645000	       863	80000374	fdd0c283	lbu	x5,-35(x1)	  x1:0x80008f62  x5=0x00000000 PA:0x80008f3f
        8655000	       864	80000378	fc808603	lb	x12,-56(x1)	  x1:0x80008f62 x12=0x00000000 PA:0x80008f2a
        8665000	       865	8000037c	003083a3	sb	x3,7(x1)	  x1:0x80008f62  x3:0x000000fd PA:0x80008f69
        8675000	       866	80000380	018e7c33	and	x24,x28,x24	 x28:0xfffff8ce x24:0x00000001 x24=0x00000000
        8685000	       867	80000384	034080a3	sb	x20,33(x1)	  x1:0x80008f62 x20:0x80009804 PA:0x80008f83
        8695000	       868	80000388	01209c23	sh	x18,24(x1)	  x1:0x80008f62 x18:0x00000000 PA:0x80008f7a
        8705000	       869	8000038c	00008717	auipc	x14,0x8	 x14=0x80008388
        8715000	       870	80000390	0c070713	addi	x14,x14,192	 x14:0x80008388 x14=0x80008448
        8725000	       871	80000394	00008397	auipc	x7,0x8	  x7=0x80008390
        8735000	       872	80000398	2a338393	addi	x7,x7,675	  x7:0x80008390  x7=0x80008633
        8745000	       873	8000039c	00008117	auipc	x2,0x8	  x2=0x80008398
        8755000	       874	800003a0	d7710113	addi	x2,x2,-649	  x2:0x80008398  x2=0x8000810f
        8765000	       875	800003a4	d5a75983	lhu	x19,-678(x14)	 x14:0x80008448 x19=0x00000000 PA:0x800081a2
        8775000	       876	800003a8	09b15d83	lhu	x27,155(x2)	  x2:0x8000810f x27=0x00008400 PA:0x800081aa
        8785000	       877	800003ac	f3c38523	sb	x28,-214(x7)	  x7:0x80008633 x28:0xfffff8ce PA:0x8000855d
        8795000	       878	800003b0	01610283	lb	x5,22(x2)	  x2:0x8000810f  x5=0x00000000 PA:0x80008125
        8805000	       879	800003b4	38870803	lb	x16,904(x14)	 x14:0x80008448 x16=0x00000000 PA:0x800087d0
        8815000	       880	800003b8	02f15a83	lhu	x21,47(x2)	  x2:0x8000810f x21=0x00000000 PA:0x8000813e
        8825000	       881	800003bc	0a614c03	lbu	x24,166(x2)	  x2:0x8000810f x24=0x00000000 PA:0x800081b5
        8835000	       882	800003c0	34070d83	lb	x27,832(x14)	 x14:0x80008448 x27=0x00000000 PA:0x80008788
        8845000	       883	800003c4	0a110323	sb	x1,166(x2)	  x2:0x8000810f  x1:0x80008f62 PA:0x800081b5
        8855000	       884	800003c8	f2c38d03	lb	x26,-212(x7)	  x7:0x80008633 x26=0x00000000 PA:0x8000855f
        8865000	       885	800003cc	ea370183	lb	x3,-349(x14)	 x14:0x80008448  x3=0x00000000 PA:0x800082eb
        8875000	       886	800003d0	da675783	lhu	x15,-602(x14)	 x14:0x80008448 x15=0x00000000 PA:0x800081ee
        8885000	       887	800003d4	f4710d23	sb	x7,-166(x2)	  x2:0x8000810f  x7:0x80008633 PA:0x80008069
        8895000	       888	800003d8	0c1397a3	sh	x1,207(x7)	  x7:0x80008633  x1:0x80008f62 PA:0x80008702
        8905000	       889	800003dc	f8538283	lb	x5,-123(x7)	  x7:0x80008633  x5=0x00000000 PA:0x800085b8
        8915000	       890	800003e0	cf174203	lbu	x4,-783(x14)	 x14:0x80008448  x4=0x00000000 PA:0x80008139
        8925000	       891	800003e4	f7739483	lh	x9,-137(x7)	  x7:0x80008633  x9=0x00000000 PA:0x800085aa
        8935000	       892	800003e8	0b510d23	sb	x21,186(x2)	  x2:0x8000810f x21:0x00000000 PA:0x800081c9
        8945000	       893	800003ec	feb3d083	lhu	x1,-21(x7)	  x7:0x80008633  x1=0x00000000 PA:0x8000861e
        8955000	       894	800003f0	07739a03	lh	x20,119(x7)	  x7:0x80008633 x20=0x00000000 PA:0x800086aa
        8965000	       895	00000000	00000013	addi	x0,x0,0	  x0:0x00000000
        8975000	       896	800003f4	3b474083	lbu	x1,948(x14)	 x14:0x80008448  x1=0x00000000 PA:0x800087fc
        8985000	       897	800003f8	ff310183	lb	x3,-13(x2)	  x2:0x8000810f  x3=0x00000000 PA:0x80008102
        8995000	       898	800003fc	fc539d03	lh	x26,-59(x7)	  x7:0x80008633 x26=0x00000000 PA:0x800085f8
        9005000	       899	80000400	39971623	sh	x25,908(x14)	 x14:0x80008448 x25:0x00000000 PA:0x800087d4
        9015000	       900	80000404	c1b70183	lb	x3,-997(x14)	 x14:0x80008448  x3=0x00000000 PA:0x80008063
        9025000	       901	80000408	00008097	auipc	x1,0x8	  x1=0x80008404
        9035000	       902	8000040c	2f408093	addi	x1,x1,756	  x1:0x80008404  x1=0x800086f8
        9045000	       903	80000410	fe9084a3	sb	x9,-23(x1)	  x1:0x800086f8  x9:0x00000000 PA:0x800086e1
        9055000	       904	80000414	00008b97	auipc	x23,0x8	 x23=0x80008410
        9065000	       905	80000418	149b8b93	addi	x23,x23,329	 x23:0x80008410 x23=0x80008559
        9075000	       906	8000041c	0140c683	lbu	x13,20(x1)	  x1:0x800086f8 x13=0x00000000 PA:0x8000870c
        9085000	       907	80000420	fc9bafa3	sw	x9,-33(x23)	 x23:0x80008559  x9:0x00000000 PA:0x80008538
        9095000	       908	80000424	fdfb9183	lh	x3,-33(x23)	 x23:0x80008559  x3=0x00000000 PA:0x80008538
        9105000	       909	80000428	01b0c383	lbu	x7,27(x1)	  x1:0x800086f8  x7=0x00000000 PA:0x80008713
        9115000	       910	8000042c	0230ce03	lbu	x28,35(x1)	  x1:0x800086f8 x28=0x00000000 PA:0x8000871b
        9125000	       911	80000430	026b8603	lb	x12,38(x23)	 x23:0x80008559 x12=0x00000000 PA:0x8000857f
        9135000	       912	80000434	026bc983	lbu	x19,38(x23)	 x23:0x80008559 x19=0x00000000 PA:0x8000857f
        9145000	       913	80000438	00e0d283	lhu	x5,14(x1)	  x1:0x800086f8  x5=0x00000000 PA:0x80008706
        9155000	       914	8000043c	03208f83	lb	x31,50(x1)	  x1:0x800086f8 x31=0x00000000 PA:0x8000872a
        9165000	       915	00000000	00000013	addi	x0,x0,0	  x0:0x00000000
        9175000	       916	80000440	01fb8383	lb	x7,31(x23)	 x23:0x80008559  x7=0x00000000 PA:0x80008578
        9185000	       917	80000444	02f0ca03	lbu	x20,47(x1)	  x1:0x800086f8 x20=0x00000000 PA:0x80008727
        9195000	       918	80000448	ff208183	lb	x3,-14(x1)	  x1:0x800086f8  x3=0x00000000 PA:0x800086ea
        9205000	       919	8000044c	02fbaf03	lw	x30,47(x23)	 x23:0x80008559 x30=0x00000000 PA:0x80008588
        9215000	       920	80000450	00009d17	auipc	x26,0x9	 x26=0x8000944c
        9225000	       921	80000454	997d0d13	addi	x26,x26,-1641	 x26:0x8000944c x26=0x80008de3
        9235000	       922	80000458	00009d97	auipc	x27,0x9	 x27=0x80009454
        9245000	       923	8000045c	859d8d93	addi	x27,x27,-1959	 x27:0x80009454 x27=0x80008cad
        9255000	       924	80000460	010d0123	sb	x16,2(x26)	 x26:0x80008de3 x16:0x00000000 PA:0x80008de5
        9265000	       925	80000464	f4cd84a3	sb	x12,-183(x27)	 x27:0x80008cad x12:0x00000000 PA:0x80008bf6
        9275000	       926	80000468	f5bdcb03	lbu	x22,-165(x27)	 x27:0x80008cad x22=0x00000000 PA:0x80008c08
        9285000	       927	8000046c	00008a97	auipc	x21,0x8	 x21=0x80008468
        9295000	       928	80000470	4b3a8a93	addi	x21,x21,1203	 x21:0x80008468 x21=0x8000891b
        9305000	       929	80000474	fdfd0703	lb	x14,-33(x26)	 x26:0x80008de3 x14=0x00000000 PA:0x80008dc2
        9315000	       930	80000478	0e1dd703	lhu	x14,225(x27)	 x27:0x80008cad x14=0x00000000 PA:0x80008d8e
        9325000	       931	8000047c	a5ad0203	lb	x4,-1446(x26)	 x26:0x80008de3  x4=0x00000000 PA:0x8000883d
        9335000	       932	80000480	f3dac383	lbu	x7,-195(x21)	 x21:0x8000891b  x7=0x00000000 PA:0x80008858
        9345000	       933	00000000	00000013	addi	x0,x0,0	  x0:0x00000000
        9355000	       934	80000484	f67a98a3	sh	x7,-143(x21)	 x21:0x8000891b  x7:0x00000000 PA:0x8000888c
        9365000	       935	80000488	f65d8083	lb	x1,-155(x27)	 x27:0x80008cad  x1=0x00000000 PA:0x80008c12
        9375000	       936	8000048c	f95d9903	lh	x18,-107(x27)	 x27:0x80008cad x18=0x00000000 PA:0x80008c42
        9385000	       937	80000490	c91d2f83	lw	x31,-879(x26)	 x26:0x80008de3 x31=0x00000000 PA:0x80008a74
        9395000	       938	80000494	f8dadf83	lhu	x31,-115(x21)	 x21:0x8000891b x31=0x00000000 PA:0x800088a8
        9405000	       939	80000498	082d8203	lb	x4,130(x27)	 x27:0x80008cad  x4=0x00000000 PA:0x80008d2f
        9415000	       940	8000049c	fc6a8583	lb	x11,-58(x21)	 x21:0x8000891b x11=0x00000000 PA:0x800088e1
        9425000	       941	800004a0	f0ed8703	lb	x14,-242(x27)	 x27:0x80008cad x14=0x00000000 PA:0x80008bbb
        9435000	       942	800004a4	f45dc803	lbu	x16,-187(x27)	 x27:0x80008cad x16=0x00000000 PA:0x80008bf2
        9445000	       943	800004a8	19cd0603	lb	x12,412(x26)	 x26:0x80008de3 x12=0x00000000 PA:0x80008f7f
        9455000	       944	800004ac	15cd11a3	sh	x28,323(x26)	 x26:0x80008de3 x28:0x00000000 PA:0x80008f26
        9465000	       945	800004b0	094a8803	lb	x16,148(x21)	 x21:0x8000891b x16=0x00000000 PA:0x800089af
        9475000	       946	800004b4	f28dc983	lbu	x19,-216(x27)	 x27:0x80008cad x19=0x00000000 PA:0x80008bd5
        9485000	       947	800004b8	f2aacf03	lbu	x30,-214(x21)	 x21:0x8000891b x30=0x00000000 PA:0x80008845
        9495000	       948	800004bc	0d4dc783	lbu	x15,212(x27)	 x27:0x80008cad x15=0x00000000 PA:0x80008d81
        9505000	       949	800004c0	f6aa9fa3	sh	x10,-129(x21)	 x21:0x8000891b x10:0x80009fc4 PA:0x8000889a
        9515000	       950	800004c4	053d0e23	sb	x19,92(x26)	 x26:0x80008de3 x19:0x00000000 PA:0x80008e3f
        9525000	       951	800004c8	e37d0903	lb	x18,-457(x26)	 x26:0x80008de3 x18=0x00000000 PA:0x80008c1a
        9535000	       952	800004cc	b8dd5903	lhu	x18,-1139(x26)	 x26:0x80008de3 x18=0x00000000 PA:0x80008970
        9545000	       953	800004d0	15ed0623	sb	x30,332(x26)	 x26:0x80008de3 x30:0x00000000 PA:0x80008f2f
        9555000	       954	800004d4	00008117	auipc	x2,0x8	  x2=0x800084d0
        9565000	       955	800004d8	c1110113	addi	x2,x2,-1007	  x2:0x800084d0  x2=0x800080e1
        9575000	       956	800004dc	020104a3	sb	x0,41(x2)	  x2:0x800080e1  x0:0x00000000 PA:0x8000810a
        9585000	       957	800004e0	02414483	lbu	x9,36(x2)	  x2:0x800080e1  x9=0x00000000 PA:0x80008105
        9595000	       958	800004e4	fc110f23	sb	x1,-34(x2)	  x2:0x800080e1  x1:0x00000000 PA:0x800080bf
        9605000	       959	800004e8	4061d313	srai	x6,x3,0x6	  x3:0x00000000  x6=0x00000000
        9615000	       960	800004ec	00e35e13	srli	x28,x6,0xe	  x6:0x00000000 x28=0x00000000
        9625000	       961	800004f0	01fecdb3	xor	x27,x29,x31	 x29:0x00000008 x31:0x00000000 x27=0x00000008
        9635000	       962	800004f4	72d3ba13	sltiu	x20,x7,1837	  x7:0x00000000 x20=0x00000001
        9645000	       963	800004f8	03e14883	lbu	x17,62(x2)	  x2:0x800080e1 x17=0x00000000 PA:0x8000811f
        9655000	       964	800004fc	fdc14583	lbu	x11,-36(x2)	  x2:0x800080e1 x11=0x00000000 PA:0x800080bd
        9665000	       965	80000500	ff610e23	sb	x22,-4(x2)	  x2:0x800080e1 x22:0x00000000 PA:0x800080dd
        9675000	       966	80000504	00c10023	sb	x12,0(x2)	  x2:0x800080e1 x12:0x00000000 PA:0x800080e1
        9685000	       967	80000508	3cf9e837	lui	x16,0x3cf9e	 x16=0x3cf9e000
        9695000	       968	8000050c	fdb12183	lw	x3,-37(x2)	  x2:0x800080e1  x3=0x00000000 PA:0x800080bc
        9705000	       969	80000510	fdb14a83	lbu	x21,-37(x2)	  x2:0x800080e1 x21=0x00000000 PA:0x800080bc
        9715000	       970	80000514	fd010da3	sb	x16,-37(x2)	  x2:0x800080e1 x16:0x3cf9e000 PA:0x800080bc
        9725000	       971	80000518	ff610a83	lb	x21,-10(x2)	  x2:0x800080e1 x21=0x00000000 PA:0x800080d7
        9735000	       972	8000051c	01e14783	lbu	x15,30(x2)	  x2:0x800080e1 x15=0x00000000 PA:0x800080ff
        9745000	       973	80000520	039107a3	sb	x25,47(x2)	  x2:0x800080e1 x25:0x00000000 PA:0x80008110
        9755000	       974	80000524	035107a3	sb	x21,47(x2)	  x2:0x800080e1 x21:0x00000000 PA:0x80008110
        9765000	       975	80000528	fe110ba3	sb	x1,-9(x2)	  x2:0x800080e1  x1:0x00000000 PA:0x800080d8
        9775000	       976	8000052c	fed11a03	lh	x20,-19(x2)	  x2:0x800080e1 x20=0xfffff900 PA:0x800080ce
        9785000	       977	80000530	00e10683	lb	x13,14(x2)	  x2:0x800080e1 x13=0x00000000 PA:0x800080ef
        9795000	       978	80000534	fd710b23	sb	x23,-42(x2)	  x2:0x800080e1 x23:0x80008559 PA:0x800080b7
        9805000	       979	80000538	fe110023	sb	x1,-32(x2)	  x2:0x800080e1  x1:0x00000000 PA:0x800080c1
        9815000	       980	8000053c	00008f17	auipc	x30,0x8	 x30=0x80008538
        9825000	       981	80000540	526f0f13	addi	x30,x30,1318	 x30:0x80008538 x30=0x80008a5e
        9835000	       982	80000544	00009b97	auipc	x23,0x9	 x23=0x80009540
        9845000	       983	80000548	82eb8b93	addi	x23,x23,-2002	 x23:0x80009540 x23=0x80008d6e
        9855000	       984	8000054c	00008717	auipc	x14,0x8	 x14=0x80008548
        9865000	       985	80000550	51b70713	addi	x14,x14,1307	 x14:0x80008548 x14=0x80008a63
        9875000	       986	80000554	006f4483	lbu	x9,6(x30)	 x30:0x80008a5e  x9=0x00000000 PA:0x80008a64
        9885000	       987	80000558	00008197	auipc	x3,0x8	  x3=0x80008554
        9895000	       988	8000055c	68e18193	addi	x3,x3,1678	  x3:0x80008554  x3=0x80008be2
        9905000	       989	80000560	fbe70b03	lb	x22,-66(x14)	 x14:0x80008a63 x22=0x00000000 PA:0x80008a21
        9915000	       990	80000564	013f0423	sb	x19,8(x30)	 x30:0x80008a5e x19:0x00000000 PA:0x80008a66
        9925000	       991	80000568	fc71cb03	lbu	x22,-57(x3)	  x3:0x80008be2 x22=0x00000000 PA:0x80008ba9
        9935000	       992	8000056c	f5abab03	lw	x22,-166(x23)	 x23:0x80008d6e x22=0x00000000 PA:0x80008cc8
        9945000	       993	80000570	ff8f4483	lbu	x9,-8(x30)	 x30:0x80008a5e  x9=0x00000000 PA:0x80008a56
        9955000	       994	80000574	03c1cc03	lbu	x24,60(x3)	  x3:0x80008be2 x24=0x00000000 PA:0x80008c1e
        9965000	       995	80000578	547708a3	sb	x7,1361(x14)	 x14:0x80008a63  x7:0x00000000 PA:0x80008fb4
        9975000	       996	8000057c	f65bcd83	lbu	x27,-155(x23)	 x23:0x80008d6e x27=0x00000000 PA:0x80008cd3
        9985000	       997	80000580	54b71a83	lh	x21,1355(x14)	 x14:0x80008a63 x21=0x00000000 PA:0x80008fae
        9995000	       998	80000584	fe31c583	lbu	x11,-29(x3)	  x3:0x80008be2 x11=0x00000000 PA:0x80008bc5
       10005000	       999	80000588	ff7f09a3	sb	x23,-13(x30)	 x30:0x80008a5e x23:0x80008d6e PA:0x80008a51
       10015000	      1000	8000058c	02118383	lb	x7,33(x3)	  x3:0x80008be2  x7=0x00000000 PA:0x80008c03
       10025000	      1001	80000590	012189a3	sb	x18,19(x3)	  x3:0x80008be2 x18:0x00000000 PA:0x80008bf5
       10035000	      1002	80000594	f2f715a3	sh	x15,-213(x14)	 x14:0x80008a63 x15:0x00000000 PA:0x8000898e
       10045000	      1003	80000598	ff5f4683	lbu	x13,-11(x30)	 x30:0x80008a5e x13=0x00000000 PA:0x80008a53
       10055000	      1004	8000059c	fd518d03	lb	x26,-43(x3)	  x3:0x80008be2 x26=0x00000000 PA:0x80008bb7
       10065000	      1005	800005a0	0bdb8223	sb	x29,164(x23)	 x23:0x80008d6e x29:0x00000008 PA:0x80008e12
       10075000	      1006	800005a4	092bcc03	lbu	x24,146(x23)	 x23:0x80008d6e x24=0x00000000 PA:0x80008e00
       10085000	      1007	800005a8	fe0f0fa3	sb	x0,-1(x30)	 x30:0x80008a5e  x0:0x00000000 PA:0x80008a5d
       10095000	      1008	800005ac	fdab88a3	sb	x26,-47(x23)	 x23:0x80008d6e x26:0x00000000 PA:0x80008d3f
       10105000	      1009	800005b0	24170d03	lb	x26,577(x14)	 x14:0x80008a63 x26=0x00000000 PA:0x80008ca4
       10115000	      1010	800005b4	fe1bcd03	lbu	x26,-31(x23)	 x23:0x80008d6e x26=0x00000000 PA:0x80008d4f
       10125000	      1011	800005b8	2f870d03	lb	x26,760(x14)	 x14:0x80008a63 x26=0x00000000 PA:0x80008d5b
       10135000	      1012	800005bc	00af1c83	lh	x25,10(x30)	 x30:0x80008a5e x25=0x00000000 PA:0x80008a68
       10145000	      1013	800005c0	0deb9d83	lh	x27,222(x23)	 x23:0x80008d6e x27=0x00000000 PA:0x80008e4c
       10155000	      1014	800005c4	09874e03	lbu	x28,152(x14)	 x14:0x80008a63 x28=0x00000000 PA:0x80008afb
       10165000	      1015	800005c8	ff5f4783	lbu	x15,-11(x30)	 x30:0x80008a5e x15=0x00000000 PA:0x80008a53
       10175000	      1016	800005cc	fdb1c203	lbu	x4,-37(x3)	  x3:0x80008be2  x4=0x00000000 PA:0x80008bbd
       10185000	      1017	800005d0	f80b8003	lb	x0,-128(x23)	 x23:0x80008d6e PA:0x80008cee
       10195000	      1018	800005d4	e3771ea3	sh	x23,-451(x14)	 x14:0x80008a63 x23:0x80008d6e PA:0x800088a0
       10205000	      1019	800005d8	00008297	auipc	x5,0x8	  x5=0x800085d4
       10215000	      1020	800005dc	b7428293	addi	x5,x5,-1164	  x5:0x800085d4  x5=0x80008148
       10225000	      1021	800005e0	383fbb17	auipc	x22,0x383fb	 x22=0xb83fb5dc
       10235000	      1022	800005e4	0b528ba3	sb	x21,183(x5)	  x5:0x80008148 x21:0x00000000 PA:0x800081ff
       10245000	      1023	800005e8	74425b37	lui	x22,0x74425	 x22=0x74425000
       10255000	      1024	800005ec	0ce2ce03	lbu	x28,206(x5)	  x5:0x80008148 x28=0x00000000 PA:0x80008216
       10265000	      1025	800005f0	fb229803	lh	x16,-78(x5)	  x5:0x80008148 x16=0x00000000 PA:0x800080fa
       10275000	      1026	800005f4	01f99813	slli	x16,x19,0x1f	 x19:0x00000000 x16=0x00000000
       10285000	      1027	800005f8	fb229b83	lh	x23,-78(x5)	  x5:0x80008148 x23=0x00000000 PA:0x800080fa
       10295000	      1028	800005fc	fa928923	sb	x9,-78(x5)	  x5:0x80008148  x9:0x00000000 PA:0x800080fa
       10305000	      1029	80000600	fb229203	lh	x4,-78(x5)	  x5:0x80008148  x4=0x00000000 PA:0x800080fa
       10315000	      1030	80000604	fd428e03	lb	x28,-44(x5)	  x5:0x80008148 x28=0x00000000 PA:0x8000811c
       10325000	      1031	80000608	fef2cc03	lbu	x24,-17(x5)	  x5:0x80008148 x24=0x00000000 PA:0x80008137
       10335000	      1032	8000060c	08d2c203	lbu	x4,141(x5)	  x5:0x80008148  x4=0x00000000 PA:0x800081d5
       10345000	      1033	80000610	ff729523	sh	x23,-22(x5)	  x5:0x80008148 x23:0x00000000 PA:0x80008132
       10355000	      1034	80000614	f04280a3	sb	x4,-255(x5)	  x5:0x80008148  x4:0x00000000 PA:0x80008049
       10365000	      1035	80000618	004b9593	slli	x11,x23,0x4	 x23:0x00000000 x11=0x00000000
       10375000	      1036	8000061c	fcf28803	lb	x16,-49(x5)	  x5:0x80008148 x16=0x00000000 PA:0x80008117
       10385000	      1037	80000620	14163993	sltiu	x19,x12,321	 x12:0x00000000 x19=0x00000001
       10395000	      1038	80000624	02c2a883	lw	x17,44(x5)	  x5:0x80008148 x17=0x00000000 PA:0x80008174
       10405000	      1039	00000000	00000013	addi	x0,x0,0	  x0:0x00000000
       10415000	      1040	80000628	1668f237	lui	x4,0x1668f	  x4=0x1668f000
       10425000	      1041	8000062c	f4a2cd03	lbu	x26,-182(x5)	  x5:0x80008148 x26=0x00000000 PA:0x80008092
       10435000	      1042	80000630	f4529e23	sh	x5,-164(x5)	  x5:0x80008148  x5:0x80008148 PA:0x800080a4
       10445000	      1043	80000634	f5c29983	lh	x19,-164(x5)	  x5:0x80008148 x19=0xffff8148 PA:0x800080a4
       10455000	      1044	80000638	f5c29b03	lh	x22,-164(x5)	  x5:0x80008148 x22=0xffff8148 PA:0x800080a4
       10465000	      1045	8000063c	f0e29783	lh	x15,-242(x5)	  x5:0x80008148 x15=0x00000000 PA:0x80008056
       10475000	      1046	80000640	00008597	auipc	x11,0x8	 x11=0x8000863c
       10485000	      1047	80000644	53458593	addi	x11,x11,1332	 x11:0x8000863c x11=0x80008b70
       10495000	      1048	80000648	1315ce03	lbu	x28,305(x11)	 x11:0x80008b70 x28=0x00000000 PA:0x80008ca1
       10505000	      1049	00000000	00000013	addi	x0,x0,0	  x0:0x00000000
       10515000	      1050	8000064c	13c588a3	sb	x28,305(x11)	 x11:0x80008b70 x28:0x00000000 PA:0x80008ca1
       10525000	      1051	80000650	404981b3	sub	x3,x19,x4	 x19:0xffff8148  x4:0x1668f000  x3=0xe9969148
       10535000	      1052	80000654	003f38b3	sltu	x17,x30,x3	 x30:0x80008a5e  x3:0xe9969148 x17=0x00000001
       10545000	      1053	80000658	b0f96293	ori	x5,x18,-1265	 x18:0x00000000  x5=0xfffffb0f
       10555000	      1054	8000065c	1315c483	lbu	x9,305(x11)	 x11:0x80008b70  x9=0x00000000 PA:0x80008ca1
       10565000	      1055	80000660	fdb58203	lb	x4,-37(x11)	 x11:0x80008b70  x4=0x00000000 PA:0x80008b4b
       10575000	      1056	80000664	01817db3	and	x27,x2,x24	  x2:0x800080e1 x24:0x00000000 x27=0x00000000
       10585000	      1057	80000668	01aa97b3	sll	x15,x21,x26	 x21:0x00000000 x26:0x00000000 x15=0x00000000
       10595000	      1058	8000066c	46b5cc03	lbu	x24,1131(x11)	 x11:0x80008b70 x24=0x00000000 PA:0x80008fdb
       10605000	      1059	80000670	475585a3	sb	x21,1131(x11)	 x11:0x80008b70 x21:0x00000000 PA:0x80008fdb
       10615000	      1060	80000674	46b58b03	lb	x22,1131(x11)	 x11:0x80008b70 x22=0x00000000 PA:0x80008fdb
       10625000	      1061	80000678	ee8589a3	sb	x8,-269(x11)	 x11:0x80008b70  x8:0x80009f84 PA:0x80008a63
       10635000	      1062	8000067c	ef8589a3	sb	x24,-269(x11)	 x11:0x80008b70 x24:0x00000000 PA:0x80008a63
       10645000	      1063	80000680	011d5f13	srli	x30,x26,0x11	 x26:0x00000000 x30=0x00000000
       10655000	      1064	80000684	efc589a3	sb	x28,-269(x11)	 x11:0x80008b70 x28:0x00000000 PA:0x80008a63
       10665000	      1065	80000688	e185a023	sw	x24,-512(x11)	 x11:0x80008b70 x24:0x00000000 PA:0x80008970
       10675000	      1066	8000068c	00008717	auipc	x14,0x8	 x14=0x80008688
       10685000	      1067	80000690	f5470713	addi	x14,x14,-172	 x14:0x80008688 x14=0x800085dc
       10695000	      1068	80000694	ff872803	lw	x16,-8(x14)	 x14:0x800085dc x16=0x00000000 PA:0x800085d4
       10705000	      1069	80000698	00008897	auipc	x17,0x8	 x17=0x80008694
       10715000	      1070	8000069c	12c88893	addi	x17,x17,300	 x17:0x80008694 x17=0x800087c0
       10725000	      1071	800006a0	00008d17	auipc	x26,0x8	 x26=0x8000869c
       10735000	      1072	800006a4	ceed0d13	addi	x26,x26,-786	 x26:0x8000869c x26=0x8000838a
       10745000	      1073	800006a8	ff570da3	sb	x21,-5(x14)	 x14:0x800085dc x21:0x00000000 PA:0x800085d7
       10755000	      1074	800006ac	ff170f83	lb	x31,-15(x14)	 x14:0x800085dc x31=0x00000000 PA:0x800085cd
       10765000	      1075	800006b0	0368c383	lbu	x7,54(x17)	 x17:0x800087c0  x7=0x00000000 PA:0x800087f6
       10775000	      1076	800006b4	01188023	sb	x17,0(x17)	 x17:0x800087c0 x17:0x800087c0 PA:0x800087c0
       10785000	      1077	800006b8	020d1303	lh	x6,32(x26)	 x26:0x8000838a  x6=0x00000000 PA:0x800083aa
       10795000	      1078	800006bc	00008e17	auipc	x28,0x8	 x28=0x800086b8
       10805000	      1079	800006c0	99be0e13	addi	x28,x28,-1637	 x28:0x800086b8 x28=0x80008053
       10815000	      1080	800006c4	cf7d4803	lbu	x16,-777(x26)	 x26:0x8000838a x16=0x00000000 PA:0x80008081
       10825000	      1081	800006c8	01970323	sb	x25,6(x14)	 x14:0x800085dc x25:0x00000000 PA:0x800085e2
       10835000	      1082	800006cc	f04d1283	lh	x5,-252(x26)	 x26:0x8000838a  x5=0x00000000 PA:0x8000828e
       10845000	      1083	800006d0	fcc8af83	lw	x31,-52(x17)	 x17:0x800087c0 x31=0x00000000 PA:0x8000878c
       10855000	      1084	800006d4	02088fa3	sb	x0,63(x17)	 x17:0x800087c0  x0:0x00000000 PA:0x800087ff
       10865000	      1085	800006d8	00ce0a03	lb	x20,12(x28)	 x28:0x80008053 x20=0x00000000 PA:0x8000805f
       10875000	      1086	800006dc	ffbe1683	lh	x13,-5(x28)	 x28:0x80008053 x13=0x00000000 PA:0x8000804e
       10885000	      1087	800006e0	ff8e0383	lb	x7,-8(x28)	 x28:0x80008053  x7=0x00000000 PA:0x8000804b
       10895000	      1088	800006e4	fe588a83	lb	x21,-27(x17)	 x17:0x800087c0 x21=0x00000000 PA:0x800087a5
       10905000	      1089	00000000	00000013	addi	x0,x0,0	  x0:0x00000000
       10915000	      1090	800006e8	ff570003	lb	x0,-11(x14)	 x14:0x800085dc PA:0x800085d1
       10925000	      1091	800006ec	edfd4203	lbu	x4,-289(x26)	 x26:0x8000838a  x4=0x00000000 PA:0x80008269
       10935000	      1092	800006f0	040e0083	lb	x1,64(x28)	 x28:0x80008053  x1=0x00000000 PA:0x80008093
       10945000	      1093	800006f4	ff68d583	lhu	x11,-10(x17)	 x17:0x800087c0 x11=0x00000000 PA:0x800087b6
       10955000	      1094	800006f8	f85d4a03	lbu	x20,-123(x26)	 x26:0x8000838a x20=0x00000000 PA:0x8000830f
       10965000	      1095	800006fc	ff570b83	lb	x23,-11(x14)	 x14:0x800085dc x23=0x00000000 PA:0x800085d1
       10975000	      1096	80000700	fff70b03	lb	x22,-1(x14)	 x14:0x800085dc x22=0x00000000 PA:0x800085db
       10985000	      1097	80000704	efbd0e23	sb	x27,-260(x26)	 x26:0x8000838a x27:0x00000000 PA:0x80008286
       10995000	      1098	80000708	fbdd0e23	sb	x29,-68(x26)	 x26:0x8000838a x29:0x00000008 PA:0x80008346
       11005000	      1099	8000070c	14bd1023	sh	x11,320(x26)	 x26:0x8000838a x11:0x00000000 PA:0x800084ca
       11015000	      1100	80000710	ff1e0fa3	sb	x17,-1(x28)	 x28:0x80008053 x17:0x800087c0 PA:0x80008052
       11025000	      1101	80000714	00008317	auipc	x6,0x8	  x6=0x80008710
       11035000	      1102	80000718	1a930313	addi	x6,x6,425	  x6:0x80008710  x6=0x800088b9
       11045000	      1103	8000071c	c20df013	andi	x0,x27,-992	 x27:0x00000000
       11055000	      1104	80000720	0160d733	srl	x14,x1,x22	  x1:0x00000000 x22:0x00000000 x14=0x00000000
       11065000	      1105	80000724	08834683	lbu	x13,136(x6)	  x6:0x800088b9 x13=0x00000000 PA:0x80008941
       11075000	      1106	80000728	0bc30623	sb	x28,172(x6)	  x6:0x800088b9 x28:0x80008053 PA:0x80008965
       11085000	      1107	8000072c	015235b3	sltu	x11,x4,x21	  x4:0x00000000 x21:0x00000000 x11=0x00000000
       11095000	      1108	80000730	d9a82093	slti	x1,x16,-614	 x16:0x00000000  x1=0x00000000
       11105000	      1109	80000734	01335d93	srli	x27,x6,0x13	  x6:0x800088b9 x27=0x00001000
       11115000	      1110	80000738	007f9893	slli	x17,x31,0x7	 x31:0x00000000 x17=0x00000000
       11125000	      1111	8000073c	01c30d03	lb	x26,28(x6)	  x6:0x800088b9 x26=0x00000000 PA:0x800088d5
       11135000	      1112	80000740	0e834703	lbu	x14,232(x6)	  x6:0x800088b9 x14=0x00000000 PA:0x800089a1
       11145000	      1113	80000744	72998213	addi	x4,x19,1833	 x19:0xffff8148  x4=0xffff8871
       11155000	      1114	80000748	00285733	srl	x14,x16,x2	 x16:0x00000000  x2:0x800080e1 x14=0x00000000
       11165000	      1115	8000074c	0ae30ba3	sb	x14,183(x6)	  x6:0x800088b9 x14:0x00000000 PA:0x80008970
       11175000	      1116	80000750	40aad133	sra	x2,x21,x10	 x21:0x00000000 x10:0x80009fc4  x2=0x00000000
       11185000	      1117	80000754	0f830a03	lb	x20,248(x6)	  x6:0x800088b9 x20=0x00000000 PA:0x800089b1
       11195000	      1118	80000758	fdf32803	lw	x16,-33(x6)	  x6:0x800088b9 x16=0x9fc40000 PA:0x80008898
       11205000	      1119	8000075c	04735d83	lhu	x27,71(x6)	  x6:0x800088b9 x27=0x00000000 PA:0x80008900
       11215000	      1120	80000760	e089ac13	slti	x24,x19,-504	 x19:0xffff8148 x24=0x00000001
       11225000	      1121	80000764	01911033	sll	x0,x2,x25	  x2:0x00000000 x25:0x00000000
       11235000	      1122	80000768	64f7fc93	andi	x25,x15,1615	 x15:0x00000000 x25=0x00000000
       11245000	      1123	8000076c	00000013	addi	x0,x0,0	  x0:0x00000000
       11255000	      1124	80000770	41b2d493	srai	x9,x5,0x1b	  x5:0x00000000  x9=0x00000000
       11265000	      1125	80000774	404ed033	sra	x0,x29,x4	 x29:0x00000008  x4:0xffff8871
       11275000	      1126	80000778	8e3de013	ori	x0,x27,-1821	 x27:0x00000000
       11285000	      1127	8000077c	03535f83	lhu	x31,53(x6)	  x6:0x800088b9 x31=0x00000000 PA:0x800088ee
       11295000	      1128	80000780	07534b83	lbu	x23,117(x6)	  x6:0x800088b9 x23=0x00000000 PA:0x8000892e
       11305000	      1129	80000784	ff8303a3	sb	x24,-25(x6)	  x6:0x800088b9 x24:0x00000001 PA:0x800088a0
       11315000	      1130	80000788	0e434683	lbu	x13,228(x6)	  x6:0x800088b9 x13=0x00000000 PA:0x8000899d
       11325000	      1131	8000078c	fae34183	lbu	x3,-82(x6)	  x6:0x800088b9  x3=0x00000000 PA:0x80008867
       11335000	      1132	80000790	8ef4b617	auipc	x12,0x8ef4b	 x12=0x0ef4b78c
       11345000	      1133	80000794	0e630c03	lb	x24,230(x6)	  x6:0x800088b9 x24=0x00000000 PA:0x8000899f
       11355000	      1134	80000798	fd332fa3	sw	x19,-33(x6)	  x6:0x800088b9 x19:0xffff8148 PA:0x80008898
       11365000	      1135	8000079c	5bcc4993	xori	x19,x24,1468	 x24:0x00000000 x19=0x000005bc
       11375000	      1136	800007a0	085315a3	sh	x5,139(x6)	  x6:0x800088b9  x5:0x00000000 PA:0x80008944
       11385000	      1137	800007a4	54e10f93	addi	x31,x2,1358	  x2:0x00000000 x31=0x0000054e
       11395000	      1138	800007a8	093316a3	sh	x19,141(x6)	  x6:0x800088b9 x19:0x000005bc PA:0x80008946
       11405000	      1139	800007ac	0a630683	lb	x13,166(x6)	  x6:0x800088b9 x13=0x00000000 PA:0x8000895f
       11415000	      1140	800007b0	f9a30023	sb	x26,-128(x6)	  x6:0x800088b9 x26:0x00000000 PA:0x80008839
       11425000	      1141	800007b4	f8934b03	lbu	x22,-119(x6)	  x6:0x800088b9 x22=0x00000000 PA:0x80008842
       11435000	      1142	800007b8	fa634a03	lbu	x20,-90(x6)	  x6:0x800088b9 x20=0x00000000 PA:0x8000885f
       11445000	      1143	800007bc	0f030603	lb	x12,240(x6)	  x6:0x800088b9 x12=0x00000000 PA:0x800089a9
       11455000	      1144	800007c0	00000013	addi	x0,x0,0	  x0:0x00000000
       11465000	      1145	800007c4	000971b3	and	x3,x18,x0	 x18:0x00000000  x0:0x00000000  x3=0x00000000
       11475000	      1146	800007c8	08535f83	lhu	x31,133(x6)	  x6:0x800088b9 x31=0x00000000 PA:0x8000893e
       11485000	      1147	800007cc	004d1013	slli	x0,x26,0x4	 x26:0x00000000
       11495000	      1148	800007d0	0b934983	lbu	x19,185(x6)	  x6:0x800088b9 x19=0x00000000 PA:0x80008972
       11505000	      1149	800007d4	00008d17	auipc	x26,0x8	 x26=0x800087d0
       11515000	      1150	800007d8	bc8d0d13	addi	x26,x26,-1080	 x26:0x800087d0 x26=0x80008398
       11525000	      1151	800007dc	40c406b3	sub	x13,x8,x12	  x8:0x80009f84 x12:0x00000000 x13=0x80009f84
       11535000	      1152	800007e0	019c8933	add	x18,x25,x25	 x25:0x00000000 x25:0x00000000 x18=0x00000000
       11545000	      1153	800007e4	02cd4c83	lbu	x25,44(x26)	 x26:0x80008398 x25=0x00000000 PA:0x800083c4
       11555000	      1154	800007e8	fc0d5803	lhu	x16,-64(x26)	 x26:0x80008398 x16=0x00000000 PA:0x80008358
       11565000	      1155	800007ec	fc0d1083	lh	x1,-64(x26)	 x26:0x80008398  x1=0x00000000 PA:0x80008358
       11575000	      1156	800007f0	fc0d1c83	lh	x25,-64(x26)	 x26:0x80008398 x25=0x00000000 PA:0x80008358
       11585000	      1157	800007f4	fd4d03a3	sb	x20,-57(x26)	 x26:0x80008398 x20:0x00000000 PA:0x8000835f
       11595000	      1158	800007f8	fcdd03a3	sb	x13,-57(x26)	 x26:0x80008398 x13:0x80009f84 PA:0x8000835f
       11605000	      1159	800007fc	fe7d0da3	sb	x7,-5(x26)	 x26:0x80008398  x7:0x00000000 PA:0x80008393
       11615000	      1160	80000800	c0b78497	auipc	x9,0xc0b78	  x9=0x40b787fc
       11625000	      1161	80000804	ffbd4b03	lbu	x22,-5(x26)	 x26:0x80008398 x22=0x00000000 PA:0x80008393
       11635000	      1162	80000808	fe4d0a03	lb	x20,-28(x26)	 x26:0x80008398 x20=0x00000000 PA:0x8000837c
       11645000	      1163	8000080c	ffad2423	sw	x26,-24(x26)	 x26:0x80008398 x26:0x80008398 PA:0x80008380
       11655000	      1164	80000810	fe8d4c83	lbu	x25,-24(x26)	 x26:0x80008398 x25=0x00000098 PA:0x80008380
       11665000	      1165	80000814	feed2423	sw	x14,-24(x26)	 x26:0x80008398 x14:0x00000000 PA:0x80008380
       11675000	      1166	80000818	004d5383	lhu	x7,4(x26)	 x26:0x80008398  x7=0x00000000 PA:0x8000839c
       11685000	      1167	8000081c	036d1383	lh	x7,54(x26)	 x26:0x80008398  x7=0x00000000 PA:0x800083ce
       11695000	      1168	80000820	036d4783	lbu	x15,54(x26)	 x26:0x80008398 x15=0x00000000 PA:0x800083ce
       11705000	      1169	80000824	029d4983	lbu	x19,41(x26)	 x26:0x80008398 x19=0x00000000 PA:0x800083c1
       11715000	      1170	80000828	029d4383	lbu	x7,41(x26)	 x26:0x80008398  x7=0x00000000 PA:0x800083c1
       11725000	      1171	8000082c	fead0483	lb	x9,-22(x26)	 x26:0x80008398  x9=0x00000000 PA:0x80008382
       11735000	      1172	80000830	fead4583	lbu	x11,-22(x26)	 x26:0x80008398 x11=0x00000000 PA:0x80008382
       11745000	      1173	80000834	fc1d0fa3	sb	x1,-33(x26)	 x26:0x80008398  x1:0x00000000 PA:0x80008377
       11755000	      1174	80000838	00008697	auipc	x13,0x8	 x13=0x80008834
       11765000	      1175	8000083c	16668693	addi	x13,x13,358	 x13:0x80008834 x13=0x8000899a
       11775000	      1176	80000840	0026c183	lbu	x3,2(x13)	 x13:0x8000899a  x3=0x00000000 PA:0x8000899c
       11785000	      1177	80000844	477e2613	slti	x12,x28,1143	 x28:0x80008053 x12=0x00000001
       11795000	      1178	80000848	fca6c083	lbu	x1,-54(x13)	 x13:0x8000899a  x1=0x00000000 PA:0x80008964
       11805000	      1179	8000084c	fc268a03	lb	x20,-62(x13)	 x13:0x8000899a x20=0x00000000 PA:0x8000895c
       11815000	      1180	80000850	ff06df83	lhu	x31,-16(x13)	 x13:0x8000899a x31=0x00000000 PA:0x8000898a
       11825000	      1181	80000854	03768e03	lb	x28,55(x13)	 x13:0x8000899a x28=0x00000000 PA:0x800089d1
       11835000	      1182	80000858	02c69b83	lh	x23,44(x13)	 x13:0x8000899a x23=0x00000000 PA:0x800089c6
       11845000	      1183	8000085c	012686a3	sb	x18,13(x13)	 x13:0x8000899a x18:0x00000000 PA:0x800089a7
       11855000	      1184	80000860	00a6db03	lhu	x22,10(x13)	 x13:0x8000899a x22=0x00000000 PA:0x800089a4
       11865000	      1185	80000864	40b08133	sub	x2,x1,x11	  x1:0x00000000 x11:0x00000000  x2=0x00000000
       11875000	      1186	80000868	01a52333	slt	x6,x10,x26	 x10:0x80009fc4 x26:0x80008398  x6=0x00000000
       11885000	      1187	8000086c	01068823	sb	x16,16(x13)	 x13:0x8000899a x16:0x00000000 PA:0x800089aa
       11895000	      1188	80000870	02768103	lb	x2,39(x13)	 x13:0x8000899a  x2=0x00000000 PA:0x800089c1
       11905000	      1189	80000874	ff16cb03	lbu	x22,-15(x13)	 x13:0x8000899a x22=0x00000000 PA:0x8000898b
       11915000	      1190	80000878	015133b3	sltu	x7,x2,x21	  x2:0x00000000 x21:0x00000000  x7=0x00000000
       11925000	      1191	8000087c	004c48b3	xor	x17,x24,x4	 x24:0x00000000  x4:0xffff8871 x17=0xffff8871
       11935000	      1192	80000880	fe76c203	lbu	x4,-25(x13)	 x13:0x8000899a  x4=0x00000000 PA:0x80008981
       11945000	      1193	80000884	01809793	slli	x15,x1,0x18	  x1:0x00000000 x15=0x00000000
       11955000	      1194	80000888	fd66c883	lbu	x17,-42(x13)	 x13:0x8000899a x17=0x00000000 PA:0x80008970
       11965000	      1195	8000088c	01968003	lb	x0,25(x13)	 x13:0x8000899a PA:0x800089b3
       11975000	      1196	80000890	00070db3	add	x27,x14,x0	 x14:0x00000000  x0:0x00000000 x27=0x00000000
       11985000	      1197	80000894	fe968d03	lb	x26,-23(x13)	 x13:0x8000899a x26=0x00000000 PA:0x80008983
       11995000	      1198	00000000	00000013	addi	x0,x0,0	  x0:0x00000000
       12005000	      1199	80000898	7ba66597	auipc	x11,0x7ba66	 x11=0xfba66894
       12015000	      1200	8000089c	01f391b3	sll	x3,x7,x31	  x7:0x00000000 x31:0x00000000  x3=0x00000000
       12025000	      1201	800008a0	00b6c103	lbu	x2,11(x13)	 x13:0x8000899a  x2=0x00000000 PA:0x800089a5
       12035000	      1202	800008a4	02568c83	lb	x25,37(x13)	 x13:0x8000899a x25=0x00000000 PA:0x800089bf
       12045000	      1203	00000000	00000013	addi	x0,x0,0	  x0:0x00000000
       12055000	      1204	800008a8	01995b13	srli	x22,x18,0x19	 x18:0x00000000 x22=0x00000000
       12065000	      1205	800008ac	0116cd03	lbu	x26,17(x13)	 x13:0x8000899a x26=0x00000000 PA:0x800089ab
       12075000	      1206	800008b0	ff56c483	lbu	x9,-11(x13)	 x13:0x8000899a  x9=0x00000000 PA:0x8000898f
       12085000	      1207	800008b4	ffb68983	lb	x19,-5(x13)	 x13:0x8000899a x19=0x00000000 PA:0x80008995
       12095000	      1208	800008b8	00e68b23	sb	x14,22(x13)	 x13:0x8000899a x14:0x00000000 PA:0x800089b0
       12105000	      1209	800008bc	01368da3	sb	x19,27(x13)	 x13:0x8000899a x19:0x00000000 PA:0x800089b5
       12115000	      1210	800008c0	4087d813	srai	x16,x15,0x8	 x15:0x00000000 x16=0x00000000
       12125000	      1211	800008c4	741d8a13	addi	x20,x27,1857	 x27:0x00000000 x20=0x00000741
       12135000	      1212	800008c8	0156cd83	lbu	x27,21(x13)	 x13:0x8000899a x27=0x00000000 PA:0x800089af
       12145000	      1213	800008cc	a35a1717	auipc	x14,0xa35a1	 x14=0x235a18c8
       12155000	      1214	800008d0	0116b933	sltu	x18,x13,x17	 x13:0x8000899a x17:0x00000000 x18=0x00000000
       12165000	      1215	800008d4	0041c0b3	xor	x1,x3,x4	  x3:0x00000000  x4:0x00000000  x1=0x00000000
       12175000	      1216	800008d8	fd76a923	sw	x23,-46(x13)	 x13:0x8000899a x23:0x00000000 PA:0x8000896c
       12185000	      1217	800008dc	02a6de03	lhu	x28,42(x13)	 x13:0x8000899a x28=0x00000000 PA:0x800089c4
       12195000	      1218	800008e0	b7982393	slti	x7,x16,-1159	 x16:0x00000000  x7=0x00000000
       12205000	      1219	800008e4	01469f83	lh	x31,20(x13)	 x13:0x8000899a x31=0x00000000 PA:0x800089ae
       12215000	      1220	800008e8	00255493	srli	x9,x10,0x2	 x10:0x80009fc4  x9=0x200027f1
       12225000	      1221	800008ec	02e6a303	lw	x6,46(x13)	 x13:0x8000899a  x6=0x00000000 PA:0x800089c8
       12235000	      1222	800008f0	4836ce13	xori	x28,x13,1155	 x13:0x8000899a x28=0x80008d19
       12245000	      1223	800008f4	01568103	lb	x2,21(x13)	 x13:0x8000899a  x2=0x00000000 PA:0x800089af
       12255000	      1224	00000000	00000013	addi	x0,x0,0	  x0:0x00000000
       12265000	      1225	800008f8	03a17c63	bgeu	x2,x26,80000930	  x2:0x00000000 x26:0x00000000
       12275000	      1226	00000000	00000013	addi	x0,x0,0	  x0:0x00000000
       12285000	      1227	8000092c	00000013	addi	x0,x0,0	  x0:0x00000000
       12295000	      1228	80000930	0169e3b3	or	x7,x19,x22	 x19:0x00000000 x22:0x00000000  x7=0x00000000
       12305000	      1229	80000934	3a436ab7	lui	x21,0x3a436	 x21=0x3a436000
       12315000	      1230	80000938	010fc463	blt	x31,x16,80000940	 x31:0x00000000 x16:0x00000000
       12325000	      1231	8000093c	002bd033	srl	x0,x23,x2	 x23:0x00000000  x2:0x00000000
       12335000	      1232	80000940	40298c33	sub	x24,x19,x2	 x19:0x00000000  x2:0x00000000 x24=0x00000000
       12345000	      1233	80000944	5f3fe913	ori	x18,x31,1523	 x31:0x00000000 x18=0x000005f3
       12355000	      1234	80000948	013d6733	or	x14,x26,x19	 x26:0x00000000 x19:0x00000000 x14=0x00000000
       12365000	      1235	8000094c	f0de3813	sltiu	x16,x28,-243	 x28:0x80008d19 x16=0x00000001
       12375000	      1236	80000950	000bca63	blt	x23,x0,80000964	 x23:0x00000000  x0:0x00000000
       12385000	      1237	80000954	2f160c93	addi	x25,x12,753	 x12:0x00000001 x25=0x000002f2
       12395000	      1238	80000958	027c0e63	beq	x24,x7,80000994	 x24:0x00000000  x7:0x00000000
       12405000	      1239	00000000	00000013	addi	x0,x0,0	  x0:0x00000000
       12415000	      1240	80000990	00000013	addi	x0,x0,0	  x0:0x00000000
       12425000	      1241	80000994	012b78b3	and	x17,x22,x18	 x22:0x00000000 x18:0x000005f3 x17=0x00000000
       12435000	      1242	80000998	07954d17	auipc	x26,0x7954	 x26=0x87954994
       12445000	      1243	8000099c	00ca32b3	sltu	x5,x20,x12	 x20:0x00000741 x12:0x00000001  x5=0x00000000
       12455000	      1244	800009a0	03e14a63	blt	x2,x30,800009d4	  x2:0x00000000 x30:0x00000000
       12465000	      1245	800009a4	01b69d33	sll	x26,x13,x27	 x13:0x8000899a x27:0x00000000 x26=0x8000899a
       12475000	      1246	800009a8	d5a5bd17	auipc	x26,0xd5a5b	 x26=0x55a5b9a4
       12485000	      1247	800009ac	59618497	auipc	x9,0x59618	  x9=0xd96189a8
       12495000	      1248	800009b0	00000013	addi	x0,x0,0	  x0:0x00000000
       12505000	      1249	800009b4	00c64e33	xor	x28,x12,x12	 x12:0x00000001 x12:0x00000001 x28=0x00000000
       12515000	      1250	800009b8	bd0c4e37	lui	x28,0xbd0c4	 x28=0xbd0c4000
       12525000	      1251	800009bc	ebc97293	andi	x5,x18,-324	 x18:0x000005f3  x5=0x000004b0
       12535000	      1252	800009c0	01e57233	and	x4,x10,x30	 x10:0x80009fc4 x30:0x00000000  x4=0x00000000
       12545000	      1253	800009c4	0053acb3	slt	x25,x7,x5	  x7:0x00000000  x5:0x000004b0 x25=0x00000001
       12555000	      1254	800009c8	009fde63	bge	x31,x9,800009e4	 x31:0x00000000  x9:0xd96189a8
       12565000	      1255	00000000	00000013	addi	x0,x0,0	  x0:0x00000000
       12575000	      1256	800009e0	00000013	addi	x0,x0,0	  x0:0x00000000
       12585000	      1257	800009e4	02afd263	bge	x31,x10,80000a08	 x31:0x00000000 x10:0x80009fc4
       12595000	      1258	00000000	00000013	addi	x0,x0,0	  x0:0x00000000
       12605000	      1259	80000a04	00000013	addi	x0,x0,0	  x0:0x00000000
       12615000	      1260	80000a08	034d8063	beq	x27,x20,80000a28	 x27:0x00000000 x20:0x00000741
       12625000	      1261	80000a0c	04258b13	addi	x22,x11,66	 x11:0xfba66894 x22=0xfba668d6
       12635000	      1262	80000a10	00540863	beq	x8,x5,80000a20	  x8:0x80009f84  x5:0x000004b0
       12645000	      1263	80000a14	400dd313	srai	x6,x27,0x0	 x27:0x00000000  x6=0x00000000
       12655000	      1264	80000a18	40278db3	sub	x27,x15,x2	 x15:0x00000000  x2:0x00000000 x27=0x00000000
       12665000	      1265	80000a1c	415a87b3	sub	x15,x21,x21	 x21:0x3a436000 x21:0x3a436000 x15=0x00000000
       12675000	      1266	80000a20	41545a13	srai	x20,x8,0x15	  x8:0x80009f84 x20=0xfffffc00
       12685000	      1267	80000a24	014508b3	add	x17,x10,x20	 x10:0x80009fc4 x20:0xfffffc00 x17=0x80009bc4
       12695000	      1268	80000a28	7dc8f313	andi	x6,x17,2012	 x17:0x80009bc4  x6=0x000003c4
       12705000	      1269	80000a2c	02d1dc63	bge	x3,x13,80000a64	  x3:0x00000000 x13:0x8000899a
       12715000	      1270	00000000	00000013	addi	x0,x0,0	  x0:0x00000000
       12725000	      1271	80000a60	00000013	addi	x0,x0,0	  x0:0x00000000
       12735000	      1272	80000a64	00875a63	bge	x14,x8,80000a78	 x14:0x00000000  x8:0x80009f84
       12745000	      1273	00000000	00000013	addi	x0,x0,0	  x0:0x00000000
       12755000	      1274	80000a74	00000013	addi	x0,x0,0	  x0:0x00000000
       12765000	      1275	80000a78	01c791b3	sll	x3,x15,x28	 x15:0x00000000 x28:0xbd0c4000  x3=0x00000000
       12775000	      1276	80000a7c	006623b3	slt	x7,x12,x6	 x12:0x00000001  x6:0x000003c4  x7=0x00000001
       12785000	      1277	80000a80	018d51b3	srl	x3,x26,x24	 x26:0x55a5b9a4 x24:0x00000000  x3=0x55a5b9a4
       12795000	      1278	80000a84	4709aa93	slti	x21,x19,1136	 x19:0x00000000 x21=0x00000001
       12805000	      1279	80000a88	7b223693	sltiu	x13,x4,1970	  x4:0x00000000 x13=0x00000001
       12815000	      1280	80000a8c	00000013	addi	x0,x0,0	  x0:0x00000000
       12825000	      1281	80000a90	00508663	beq	x1,x5,80000a9c	  x1:0x00000000  x5:0x000004b0
       12835000	      1282	80000a94	40c954b3	sra	x9,x18,x12	 x18:0x000005f3 x12:0x00000001  x9=0x000002f9
       12845000	      1283	80000a98	fcaffc13	andi	x24,x31,-54	 x31:0x00000000 x24=0x00000000
       12855000	      1284	80000a9c	a525fa93	andi	x21,x11,-1454	 x11:0xfba66894 x21=0xfba66810
       12865000	      1285	80000aa0	00c9bfb3	sltu	x31,x19,x12	 x19:0x00000000 x12:0x00000001 x31=0x00000001
       12875000	      1286	80000aa4	00ae99b3	sll	x19,x29,x10	 x29:0x00000008 x10:0x80009fc4 x19=0x00000080
       12885000	      1287	80000aa8	01b0c033	xor	x0,x1,x27	  x1:0x00000000 x27:0x00000000
       12895000	      1288	80000aac	17442797	auipc	x15,0x17442	 x15=0x97442aa8
       12905000	      1289	80000ab0	00dcd0b3	srl	x1,x25,x13	 x25:0x00000001 x13:0x00000001  x1=0x00000000
       12915000	      1290	80000ab4	7d91a613	slti	x12,x3,2009	  x3:0x55a5b9a4 x12=0x00000000
       12925000	      1291	80000ab8	d5ac0093	addi	x1,x24,-678	 x24:0x00000000  x1=0xfffffd5a
       12935000	      1292	80000abc	d45a8c13	addi	x24,x21,-699	 x21:0xfba66810 x24=0xfba66555
       12945000	      1293	80000ac0	009c5833	srl	x16,x24,x9	 x24:0xfba66555  x9:0x000002f9 x16=0x0000007d
       12955000	      1294	80000ac4	dbf7f913	andi	x18,x15,-577	 x15:0x97442aa8 x18=0x974428a8
       12965000	      1295	80000ac8	cbbdcc93	xori	x25,x27,-837	 x27:0x00000000 x25=0xfffffcbb
       12975000	      1296	80000acc	003b9c33	sll	x24,x23,x3	 x23:0x00000000  x3:0x55a5b9a4 x24=0x00000000
       12985000	      1297	80000ad0	042fd663	bge	x31,x2,80000b1c	 x31:0x00000001  x2:0x00000000
       12995000	      1298	00000000	00000013	addi	x0,x0,0	  x0:0x00000000
       13005000	      1299	80000b18	00000013	addi	x0,x0,0	  x0:0x00000000
       13015000	      1300	80000b1c	4093d333	sra	x6,x7,x9	  x7:0x00000001  x9:0x000002f9  x6=0x00000000
       13025000	      1301	80000b20	0174bd33	sltu	x26,x9,x23	  x9:0x000002f9 x23:0x00000000 x26=0x00000000
       13035000	      1302	80000b24	0107be33	sltu	x28,x15,x16	 x15:0x97442aa8 x16:0x0000007d x28=0x00000000
       13045000	      1303	80000b28	4153dd93	srai	x27,x7,0x15	  x7:0x00000001 x27=0x00000000
       13055000	      1304	80000b2c	0065d733	srl	x14,x11,x6	 x11:0xfba66894  x6:0x00000000 x14=0xfba66894
       13065000	      1305	80000b30	00c15993	srli	x19,x2,0xc	  x2:0x00000000 x19=0x00000000
       13075000	      1306	80000b34	04091663	bne	x18,x0,80000b80	 x18:0x974428a8  x0:0x00000000
       13085000	      1307	00000000	00000013	addi	x0,x0,0	  x0:0x00000000
       13095000	      1308	80000b7c	00000013	addi	x0,x0,0	  x0:0x00000000
       13105000	      1309	80000b80	005a1463	bne	x20,x5,80000b88	 x20:0xfffffc00  x5:0x000004b0
       13115000	      1310	00000000	00000013	addi	x0,x0,0	  x0:0x00000000
       13125000	      1311	80000b84	00000013	addi	x0,x0,0	  x0:0x00000000
       13135000	      1312	80000b88	00fd8c33	add	x24,x27,x15	 x27:0x00000000 x15:0x97442aa8 x24=0x97442aa8
       13145000	      1313	80000b8c	01661033	sll	x0,x12,x22	 x12:0x00000000 x22:0xfba668d6
       13155000	      1314	80000b90	0034a633	slt	x12,x9,x3	  x9:0x000002f9  x3:0x55a5b9a4 x12=0x00000001
       13165000	      1315	80000b94	01ed7cb3	and	x25,x26,x30	 x26:0x00000000 x30:0x00000000 x25=0x00000000
       13175000	      1316	80000b98	49964717	auipc	x14,0x49964	 x14=0xc9964b94
       13185000	      1317	80000b9c	04164663	blt	x12,x1,80000be8	 x12:0x00000001  x1:0xfffffd5a
       13195000	      1318	80000ba0	02db6a63	bltu	x22,x13,80000bd4	 x22:0xfba668d6 x13:0x00000001
       13205000	      1319	80000ba4	dde3e993	ori	x19,x7,-546	  x7:0x00000001 x19=0xfffffddf
       13215000	      1320	80000ba8	4139d2b3	sra	x5,x19,x19	 x19:0xfffffddf x19:0xfffffddf  x5=0xffffffff
       13225000	      1321	80000bac	01da92b3	sll	x5,x21,x29	 x21:0xfba66810 x29:0x00000008  x5=0xa6681000
       13235000	      1322	80000bb0	40d45693	srai	x13,x8,0xd	  x8:0x80009f84 x13=0xfffc0004
       13245000	      1323	80000bb4	0024f8b3	and	x17,x9,x2	  x9:0x000002f9  x2:0x00000000 x17=0x00000000
       13255000	      1324	80000bb8	8f382713	slti	x14,x16,-1805	 x16:0x0000007d x14=0x00000000
       13265000	      1325	80000bbc	19de4013	xori	x0,x28,413	 x28:0x00000000
       13275000	      1326	80000bc0	41a4d713	srai	x14,x9,0x1a	  x9:0x000002f9 x14=0x00000000
       13285000	      1327	80000bc4	668ebf93	sltiu	x31,x29,1640	 x29:0x00000008 x31=0x00000001
       13295000	      1328	80000bc8	60db8cb7	lui	x25,0x60db8	 x25=0x60db8000
       13305000	      1329	80000bcc	01458c63	beq	x11,x20,80000be4	 x11:0xfba66894 x20:0xfffffc00
       13315000	      1330	80000bd0	01508db3	add	x27,x1,x21	  x1:0xfffffd5a x21:0xfba66810 x27=0xfba6656a
       13325000	      1331	80000bd4	01df8833	add	x16,x31,x29	 x31:0x00000001 x29:0x00000008 x16=0x00000009
       13335000	      1332	80000bd8	0143b833	sltu	x16,x7,x20	  x7:0x00000001 x20:0xfffffc00 x16=0x00000001
       13345000	      1333	80000bdc	0e39f493	andi	x9,x19,227	 x19:0xfffffddf  x9=0x000000c3
       13355000	      1334	80000be0	008128b3	slt	x17,x2,x8	  x2:0x00000000  x8:0x80009f84 x17=0x00000000
       13365000	      1335	80000be4	000b59b3	srl	x19,x22,x0	 x22:0xfba668d6  x0:0x00000000 x19=0xfba668d6
       13375000	      1336	80000be8	00c29613	slli	x12,x5,0xc	  x5:0xa6681000 x12=0x81000000
       13385000	      1337	80000bec	00098bb3	add	x23,x19,x0	 x19:0xfba668d6  x0:0x00000000 x23=0xfba668d6
       13395000	      1338	80000bf0	015c1663	bne	x24,x21,80000bfc	 x24:0x97442aa8 x21:0xfba66810
       13405000	      1339	00000000	00000013	addi	x0,x0,0	  x0:0x00000000
       13415000	      1340	80000bf8	00000013	addi	x0,x0,0	  x0:0x00000000
       13425000	      1341	80000bfc	00346f33	or	x30,x8,x3	  x8:0x80009f84  x3:0x55a5b9a4 x30=0xd5a5bfa4
       13435000	      1342	80000c00	0b494663	blt	x18,x20,80000cac	 x18:0x974428a8 x20:0xfffffc00
       13445000	      1343	00000000	00000013	addi	x0,x0,0	  x0:0x00000000
       13455000	      1344	80000ca8	00000013	addi	x0,x0,0	  x0:0x00000000
       13465000	      1345	80000cac	016febb3	or	x23,x31,x22	 x31:0x00000001 x22:0xfba668d6 x23=0xfba668d7
       13475000	      1346	80000cb0	6aeac693	xori	x13,x21,1710	 x21:0xfba66810 x13=0xfba66ebe
       13485000	      1347	80000cb4	01a839b3	sltu	x19,x16,x26	 x16:0x00000001 x26:0x00000000 x19=0x00000000
       13495000	      1348	80000cb8	41ab8033	sub	x0,x23,x26	 x23:0xfba668d7 x26:0x00000000
       13505000	      1349	80000cbc	411d08b3	sub	x17,x26,x17	 x26:0x00000000 x17:0x00000000 x17=0x00000000
       13515000	      1350	80000cc0	012003b3	add	x7,x0,x18	  x0:0x00000000 x18:0x974428a8  x7=0x974428a8
       13525000	      1351	80000cc4	0188dfb3	srl	x31,x17,x24	 x17:0x00000000 x24:0x97442aa8 x31=0x00000000
       13535000	      1352	80000cc8	bc5f0897	auipc	x17,0xbc5f0	 x17=0x3c5f0cc4
       13545000	      1353	80000ccc	a6753213	sltiu	x4,x10,-1433	 x10:0x80009fc4  x4=0x00000001
       13555000	      1354	80000cd0	03a9f263	bgeu	x19,x26,80000cf4	 x19:0x00000000 x26:0x00000000
       13565000	      1355	00000000	00000013	addi	x0,x0,0	  x0:0x00000000
       13575000	      1356	80000cf0	00000013	addi	x0,x0,0	  x0:0x00000000
       13585000	      1357	80000cf4	49486013	ori	x0,x16,1172	 x16:0x00000001
       13595000	      1358	80000cf8	0497a893	slti	x17,x15,73	 x15:0x97442aa8 x17=0x00000001
       13605000	      1359	80000cfc	8a683393	sltiu	x7,x16,-1882	 x16:0x00000001  x7=0x00000001
       13615000	      1360	80000d00	01f67733	and	x14,x12,x31	 x12:0x81000000 x31:0x00000000 x14=0x00000000
       13625000	      1361	80000d04	01725a63	bge	x4,x23,80000d18	  x4:0x00000001 x23:0xfba668d7
       13635000	      1362	00000000	00000013	addi	x0,x0,0	  x0:0x00000000
       13645000	      1363	80000d14	00000013	addi	x0,x0,0	  x0:0x00000000
       13655000	      1364	80000d18	00cf5c13	srli	x24,x30,0xc	 x30:0xd5a5bfa4 x24=0x000d5a5b
       13665000	      1365	80000d1c	c1268d13	addi	x26,x13,-1006	 x13:0xfba66ebe x26=0xfba66ad0
       13675000	      1366	80000d20	01a972b3	and	x5,x18,x26	 x18:0x974428a8 x26:0xfba66ad0  x5=0x93042880
       13685000	      1367	80000d24	efa66493	ori	x9,x12,-262	 x12:0x81000000  x9=0xfffffefa
       13695000	      1368	80000d28	0147a133	slt	x2,x15,x20	 x15:0x97442aa8 x20:0xfffffc00  x2=0x00000001
       13705000	      1369	80000d2c	00de8e63	beq	x29,x13,80000d48	 x29:0x00000008 x13:0xfba66ebe
       13715000	      1370	80000d30	3f51a017	auipc	x0,0x3f51a	
       13725000	      1371	80000d34	5e208b13	addi	x22,x1,1506	  x1:0xfffffd5a x22=0x0000033c
       13735000	      1372	80000d38	f9a3fc17	auipc	x24,0xf9a3f	 x24=0x79a3fd34
       13745000	      1373	80000d3c	01fef2b3	and	x5,x29,x31	 x29:0x00000008 x31:0x00000000  x5=0x00000000
       13755000	      1374	80000d40	02f2d063	bge	x5,x15,80000d60	  x5:0x00000000 x15:0x97442aa8
       13765000	      1375	00000000	00000013	addi	x0,x0,0	  x0:0x00000000
       13775000	      1376	80000d5c	00000013	addi	x0,x0,0	  x0:0x00000000
       13785000	      1377	80000d60	41a38b33	sub	x22,x7,x26	  x7:0x00000001 x26:0xfba66ad0 x22=0x04599531
       13795000	      1378	80000d64	0012c9b3	xor	x19,x5,x1	  x5:0x00000000  x1:0xfffffd5a x19=0xfffffd5a
       13805000	      1379	80000d68	93520c93	addi	x25,x4,-1739	  x4:0x00000001 x25=0xfffff936
       13815000	      1380	80000d6c	51656813	ori	x16,x10,1302	 x10:0x80009fc4 x16=0x80009fd6
       13825000	      1381	80000d70	011631b3	sltu	x3,x12,x17	 x12:0x81000000 x17:0x00000001  x3=0x00000000
       13835000	      1382	80000d74	17e96c13	ori	x24,x18,382	 x18:0x974428a8 x24=0x974429fe
       13845000	      1383	80000d78	01601913	slli	x18,x0,0x16	  x0:0x00000000 x18=0x00000000
       13855000	      1384	80000d7c	01605d93	srli	x27,x0,0x16	  x0:0x00000000 x27=0x00000000
       13865000	      1385	80000d80	003b1093	slli	x1,x22,0x3	 x22:0x04599531  x1=0x22cca988
       13875000	      1386	80000d84	00b75a13	srli	x20,x14,0xb	 x14:0x00000000 x20=0x00000000
       13885000	      1387	80000d88	034f1c63	bne	x30,x20,80000dc0	 x30:0xd5a5bfa4 x20:0x00000000
       13895000	      1388	00000000	00000013	addi	x0,x0,0	  x0:0x00000000
       13905000	      1389	80000dbc	00000013	addi	x0,x0,0	  x0:0x00000000
       13915000	      1390	80000dc0	01189b93	slli	x23,x17,0x11	 x17:0x00000001 x23=0x00020000
       13925000	      1391	80000dc4	01d63a33	sltu	x20,x12,x29	 x12:0x81000000 x29:0x00000008 x20=0x00000000
       13935000	      1392	80000dc8	03695c63	bge	x18,x22,80000e00	 x18:0x00000000 x22:0x04599531
       13945000	      1393	80000dcc	182fbd37	lui	x26,0x182fb	 x26=0x182fb000
       13955000	      1394	80000dd0	f51a8617	auipc	x12,0xf51a8	 x12=0x751a8dcc
       13965000	      1395	80000dd4	79560213	addi	x4,x12,1941	 x12:0x751a8dcc  x4=0x751a9561
       13975000	      1396	80000dd8	41d4d2b3	sra	x5,x9,x29	  x9:0xfffffefa x29:0x00000008  x5=0xfffffffe
       13985000	      1397	80000ddc	2574aab7	lui	x21,0x2574a	 x21=0x2574a000
       13995000	      1398	80000de0	01bbb6b3	sltu	x13,x23,x27	 x23:0x00020000 x27:0x00000000 x13=0x00000000
       14005000	      1399	80000de4	9c313ab7	lui	x21,0x9c313	 x21=0x9c313000
       14015000	      1400	80000de8	4119d233	sra	x4,x19,x17	 x19:0xfffffd5a x17:0x00000001  x4=0xfffffead
       14025000	      1401	80000dec	00cc0a63	beq	x24,x12,80000e00	 x24:0x974429fe x12:0x751a8dcc
       14035000	      1402	80000df0	02df6263	bltu	x30,x13,80000e14	 x30:0xd5a5bfa4 x13:0x00000000
       14045000	      1403	80000df4	3b6ead13	slti	x26,x29,950	 x29:0x00000008 x26=0x00000001
       14055000	      1404	80000df8	01420a33	add	x20,x4,x20	  x4:0xfffffead x20:0x00000000 x20=0xfffffead
       14065000	      1405	80000dfc	422ccf93	xori	x31,x25,1058	 x25:0xfffff936 x31=0xfffffd14
       14075000	      1406	80000e00	4a952193	slti	x3,x10,1193	 x10:0x80009fc4  x3=0x00000001
       14085000	      1407	80000e04	74944b13	xori	x22,x8,1865	  x8:0x80009f84 x22=0x800098cd
       14095000	      1408	80000e08	0235fe63	bgeu	x11,x3,80000e44	 x11:0xfba66894  x3:0x00000001
       14105000	      1409	00000000	00000013	addi	x0,x0,0	  x0:0x00000000
       14115000	      1410	80000e40	00000013	addi	x0,x0,0	  x0:0x00000000
       14125000	      1411	80000e44	41f65fb3	sra	x31,x12,x31	 x12:0x751a8dcc x31:0xfffffd14 x31=0x00000751
       14135000	      1412	80000e48	02697c63	bgeu	x18,x6,80000e80	 x18:0x00000000  x6:0x00000000
       14145000	      1413	00000000	00000013	addi	x0,x0,0	  x0:0x00000000
       14155000	      1414	80000e7c	00000013	addi	x0,x0,0	  x0:0x00000000
       14165000	      1415	80000e80	a572ed13	ori	x26,x5,-1449	  x5:0xfffffffe x26=0xffffffff
       14175000	      1416	80000e84	61393f13	sltiu	x30,x18,1555	 x18:0x00000000 x30=0x00000001
       14185000	      1417	80000e88	01dd5113	srli	x2,x26,0x1d	 x26:0xffffffff  x2=0x00000007
       14195000	      1418	80000e8c	23a855b7	lui	x11,0x23a85	 x11=0x23a85000
       14205000	      1419	80000e90	02fb9c63	bne	x23,x15,80000ec8	 x23:0x00020000 x15:0x97442aa8
       14215000	      1420	00000000	00000013	addi	x0,x0,0	  x0:0x00000000
       14225000	      1421	80000ec4	00000013	addi	x0,x0,0	  x0:0x00000000
       14235000	      1422	80000ec8	04938663	beq	x7,x9,80000f14	  x7:0x00000001  x9:0xfffffefa
       14245000	      1423	80000ecc	01a45d93	srli	x27,x8,0x1a	  x8:0x80009f84 x27=0x00000020
       14255000	      1424	80000ed0	00519233	sll	x4,x3,x5	  x3:0x00000001  x5:0xfffffffe  x4=0x40000000
       14265000	      1425	80000ed4	00704f33	xor	x30,x0,x7	  x0:0x00000000  x7:0x00000001 x30=0x00000001
       14275000	      1426	80000ed8	bbcf8213	addi	x4,x31,-1092	 x31:0x00000751  x4=0x0000030d
       14285000	      1427	80000edc	40f15db7	lui	x27,0x40f15	 x27=0x40f15000
       14295000	      1428	80000ee0	266ca193	slti	x3,x25,614	 x25:0xfffff936  x3=0x00000001
       14305000	      1429	80000ee4	4100b893	sltiu	x17,x1,1040	  x1:0x22cca988 x17=0x00000000
       14315000	      1430	80000ee8	01ae9593	slli	x11,x29,0x1a	 x29:0x00000008 x11=0x20000000
       14325000	      1431	80000eec	005edd13	srli	x26,x29,0x5	 x29:0x00000008 x26=0x00000000
       14335000	      1432	80000ef0	0034f033	and	x0,x9,x3	  x9:0xfffffefa  x3:0x00000001
       14345000	      1433	80000ef4	e6d3ec93	ori	x25,x7,-403	  x7:0x00000001 x25=0xfffffe6d
       14355000	      1434	80000ef8	004d6233	or	x4,x26,x4	 x26:0x00000000  x4:0x0000030d  x4=0x0000030d
       14365000	      1435	80000efc	5b446217	auipc	x4,0x5b446	  x4=0xdb446ef8
       14375000	      1436	80000f00	bfc03917	auipc	x18,0xbfc03	 x18=0x3fc03efc
       14385000	      1437	80000f04	007f26b3	slt	x13,x30,x7	 x30:0x00000001  x7:0x00000001 x13=0x00000000
       14395000	      1438	80000f08	bc125d17	auipc	x26,0xbc125	 x26=0x3c125f04
       14405000	      1439	80000f0c	74b3c893	xori	x17,x7,1867	  x7:0x00000001 x17=0x0000074a
       14415000	      1440	80000f10	03fb9063	bne	x23,x31,80000f30	 x23:0x00020000 x31:0x00000751
       14425000	      1441	00000000	00000013	addi	x0,x0,0	  x0:0x00000000
       14435000	      1442	80000f2c	00000013	addi	x0,x0,0	  x0:0x00000000
       14445000	      1443	80000f30	ad7f7b93	andi	x23,x30,-1321	 x30:0x00000001 x23=0x00000001
       14455000	      1444	80000f34	415200b3	sub	x1,x4,x21	  x4:0xdb446ef8 x21:0x9c313000  x1=0x3f133ef8
       14465000	      1445	80000f38	01a05c93	srli	x25,x0,0x1a	  x0:0x00000000 x25=0x00000000
       14475000	      1446	80000f3c	0a6162b7	lui	x5,0xa616	  x5=0x0a616000
       14485000	      1447	80000f40	00d3de13	srli	x28,x7,0xd	  x7:0x00000001 x28=0x00000000
       14495000	      1448	80000f44	419c0133	sub	x2,x24,x25	 x24:0x974429fe x25:0x00000000  x2=0x974429fe
       14505000	      1449	80000f48	01fa22b3	slt	x5,x20,x31	 x20:0xfffffead x31:0x00000751  x5=0x00000001
       14515000	      1450	80000f4c	3c8e3393	sltiu	x7,x28,968	 x28:0x00000000  x7=0x00000001
       14525000	      1451	80000f50	01789713	slli	x14,x17,0x17	 x17:0x0000074a x14=0xa5000000
       14535000	      1452	80000f54	00d944b3	xor	x9,x18,x13	 x18:0x3fc03efc x13:0x00000000  x9=0x3fc03efc
       14545000	      1453	80000f58	01d79e63	bne	x15,x29,80000f74	 x15:0x97442aa8 x29:0x00000008
       14555000	      1454	00000000	00000013	addi	x0,x0,0	  x0:0x00000000
       14565000	      1455	80000f70	00000013	addi	x0,x0,0	  x0:0x00000000
       14575000	      1456	80000f74	e6fd6593	ori	x11,x26,-401	 x26:0x3c125f04 x11=0xffffff6f
       14585000	      1457	80000f78	0062e733	or	x14,x5,x6	  x5:0x00000001  x6:0x00000000 x14=0x00000001
       14595000	      1458	80000f7c	b4d58e13	addi	x28,x11,-1203	 x11:0xffffff6f x28=0xfffffabc
       14605000	      1459	80000f80	00557c33	and	x24,x10,x5	 x10:0x80009fc4  x5:0x00000001 x24=0x00000000
       14615000	      1460	80000f84	017b74b3	and	x9,x22,x23	 x22:0x800098cd x23:0x00000001  x9=0x00000001
       14625000	      1461	80000f88	0372e463	bltu	x5,x23,80000fb0	  x5:0x00000001 x23:0x00000001
       14635000	      1462	80000f8c	029f5263	bge	x30,x9,80000fb0	 x30:0x00000001  x9:0x00000001
       14645000	      1463	00000000	00000013	addi	x0,x0,0	  x0:0x00000000
       14655000	      1464	80000fac	00000013	addi	x0,x0,0	  x0:0x00000000
       14665000	      1465	80000fb0	414ed813	srai	x16,x29,0x14	 x29:0x00000008 x16=0x00000000
       14675000	      1466	80000fb4	01d0d663	bge	x1,x29,80000fc0	  x1:0x3f133ef8 x29:0x00000008
       14685000	      1467	00000000	00000013	addi	x0,x0,0	  x0:0x00000000
       14695000	      1468	80000fbc	00000013	addi	x0,x0,0	  x0:0x00000000
       14705000	      1469	80000fc0	32d3fc93	andi	x25,x7,813	  x7:0x00000001 x25=0x00000001
       14715000	      1470	80000fc4	bb737c93	andi	x25,x6,-1097	  x6:0x00000000 x25=0x00000000
       14725000	      1471	80000fc8	01a72033	slt	x0,x14,x26	 x14:0x00000001 x26:0x3c125f04
       14735000	      1472	80000fcc	00be8cb3	add	x25,x29,x11	 x29:0x00000008 x11:0xffffff6f x25=0xffffff77
       14745000	      1473	80000fd0	00000013	addi	x0,x0,0	  x0:0x00000000
       14755000	      1474	80000fd4	0046a4b3	slt	x9,x13,x4	 x13:0x00000000  x4:0xdb446ef8  x9=0x00000000
       14765000	      1475	80000fd8	23f5f913	andi	x18,x11,575	 x11:0xffffff6f x18=0x0000022f
       14775000	      1476	80000fdc	01ef7db3	and	x27,x30,x30	 x30:0x00000001 x30:0x00000001 x27=0x00000001
       14785000	      1477	80000fe0	10f6bd97	auipc	x27,0x10f6b	 x27=0x90f6bfdc
       14795000	      1478	80000fe4	8e6aed13	ori	x26,x21,-1818	 x21:0x9c313000 x26=0xfffff8e6
       14805000	      1479	80000fe8	00a81093	slli	x1,x16,0xa	 x16:0x00000000  x1=0x00000000
       14815000	      1480	80000fec	0eb6bf97	auipc	x31,0xeb6b	 x31=0x8eb6bfe8
       14825000	      1481	80000ff0	0108d3b3	srl	x7,x17,x16	 x17:0x0000074a x16:0x00000000  x7=0x0000074a
       14835000	      1482	80000ff4	00249333	sll	x6,x9,x2	  x9:0x00000000  x2:0x974429fe  x6=0x00000000
       14845000	      1483	80000ff8	03707263	bgeu	x0,x23,8000101c	  x0:0x00000000 x23:0x00000001
       14855000	      1484	80000ffc	00000013	addi	x0,x0,0	  x0:0x00000000
       14865000	      1485	80001000	3b694993	xori	x19,x18,950	 x18:0x0000022f x19=0x00000199
       14875000	      1486	80001004	00734e63	blt	x6,x7,80001020	  x6:0x00000000  x7:0x0000074a
       14885000	      1487	00000000	00000013	addi	x0,x0,0	  x0:0x00000000
       14895000	      1488	8000101c	00000013	addi	x0,x0,0	  x0:0x00000000
       14905000	      1489	80001020	00000013	addi	x0,x0,0	  x0:0x00000000
       14915000	      1490	80001024	0050b133	sltu	x2,x1,x5	  x1:0x00000000  x5:0x00000001  x2=0x00000001
       14925000	      1491	80001028	01f6e463	bltu	x13,x31,80001030	 x13:0x00000000 x31:0x8eb6bfe8
       14935000	      1492	00000000	00000013	addi	x0,x0,0	  x0:0x00000000
       14945000	      1493	8000102c	00000013	addi	x0,x0,0	  x0:0x00000000
       14955000	      1494	80001030	008a5813	srli	x16,x20,0x8	 x20:0xfffffead x16=0x00fffffe
       14965000	      1495	80001034	97696d13	ori	x26,x18,-1674	 x18:0x0000022f x26=0xfffffb7f
       14975000	      1496	80001038	1c246d37	lui	x26,0x1c246	 x26=0x1c246000
       14985000	      1497	8000103c	e4b2ad93	slti	x27,x5,-437	  x5:0x00000001 x27=0x00000000
       14995000	      1498	80001040	40a708b3	sub	x17,x14,x10	 x14:0x00000001 x10:0x80009fc4 x17=0x7fff603d
       15005000	      1499	80001044	e7f0b693	sltiu	x13,x1,-385	  x1:0x00000000 x13=0x00000001
       15015000	      1500	80001048	00d104b3	add	x9,x2,x13	  x2:0x00000001 x13:0x00000001  x9=0x00000002
       15025000	      1501	8000104c	828b6893	ori	x17,x22,-2008	 x22:0x800098cd x17=0xfffff8ed
       15035000	      1502	80001050	13ece113	ori	x2,x25,318	 x25:0xffffff77  x2=0xffffff7f
       15045000	      1503	80001054	013d01b3	add	x3,x26,x19	 x26:0x1c246000 x19:0x00000199  x3=0x1c246199
       15055000	      1504	80001058	01434263	blt	x6,x20,8000105c	  x6:0x00000000 x20:0xfffffead
       15065000	      1505	8000105c	400509b3	sub	x19,x10,x0	 x10:0x80009fc4  x0:0x00000000 x19=0x80009fc4
       15075000	      1506	80001060	01ae4233	xor	x4,x28,x26	 x28:0xfffffabc x26:0x1c246000  x4=0xe3db9abc
       15085000	      1507	80001064	08f2f493	andi	x9,x5,143	  x5:0x00000001  x9=0x00000001
       15095000	      1508	80001068	01ec4863	blt	x24,x30,80001078	 x24:0x00000000 x30:0x00000001
       15105000	      1509	00000000	00000013	addi	x0,x0,0	  x0:0x00000000
       15115000	      1510	80001074	00000013	addi	x0,x0,0	  x0:0x00000000
       15125000	      1511	80001078	2f0d8a93	addi	x21,x27,752	 x27:0x00000000 x21=0x000002f0
       15135000	      1512	8000107c	03df9e63	bne	x31,x29,800010b8	 x31:0x8eb6bfe8 x29:0x00000008
       15145000	      1513	00000000	00000013	addi	x0,x0,0	  x0:0x00000000
       15155000	      1514	800010b4	00000013	addi	x0,x0,0	  x0:0x00000000
       15165000	      1515	800010b8	0346dc63	bge	x13,x20,800010f0	 x13:0x00000001 x20:0xfffffead
       15175000	      1516	00000000	00000013	addi	x0,x0,0	  x0:0x00000000
       15185000	      1517	800010ec	00000013	addi	x0,x0,0	  x0:0x00000000
       15195000	      1518	800010f0	02b3cc63	blt	x7,x11,80001128	  x7:0x0000074a x11:0xffffff6f
       15205000	      1519	800010f4	02edfc63	bgeu	x27,x14,8000112c	 x27:0x00000000 x14:0x00000001
       15215000	      1520	800010f8	00878933	add	x18,x15,x8	 x15:0x97442aa8  x8:0x80009f84 x18=0x1744ca2c
       15225000	      1521	800010fc	016845b3	xor	x11,x16,x22	 x16:0x00fffffe x22:0x800098cd x11=0x80ff6733
       15235000	      1522	80001100	6dcf1637	lui	x12,0x6dcf1	 x12=0x6dcf1000
       15245000	      1523	80001104	405b5b33	sra	x22,x22,x5	 x22:0x800098cd  x5:0x00000001 x22=0xc0004c66
       15255000	      1524	80001108	01f92933	slt	x18,x18,x31	 x18:0x1744ca2c x31:0x8eb6bfe8 x18=0x00000000
       15265000	      1525	8000110c	57bc7237	lui	x4,0x57bc7	  x4=0x57bc7000
       15275000	      1526	80001110	01912933	slt	x18,x2,x25	  x2:0xffffff7f x25:0xffffff77 x18=0x00000000
       15285000	      1527	80001114	0062f0b3	and	x1,x5,x6	  x5:0x00000001  x6:0x00000000  x1=0x00000000
       15295000	      1528	80001118	03154463	blt	x10,x17,80001140	 x10:0x80009fc4 x17:0xfffff8ed
       15305000	      1529	00000000	00000013	addi	x0,x0,0	  x0:0x00000000
       15315000	      1530	8000113c	00000013	addi	x0,x0,0	  x0:0x00000000
       15325000	      1531	80001140	ed8bb493	sltiu	x9,x23,-296	 x23:0x00000001  x9=0x00000001
       15335000	      1532	80001144	00659013	slli	x0,x11,0x6	 x11:0x80ff6733
       15345000	      1533	80001148	00899863	bne	x19,x8,80001158	 x19:0x80009fc4  x8:0x80009f84
       15355000	      1534	00000000	00000013	addi	x0,x0,0	  x0:0x00000000
       15365000	      1535	80001154	00000013	addi	x0,x0,0	  x0:0x00000000
       15375000	      1536	80001158	40aadc13	srai	x24,x21,0xa	 x21:0x000002f0 x24=0x00000000
       15385000	      1537	8000115c	41cd0b33	sub	x22,x26,x28	 x26:0x1c246000 x28:0xfffffabc x22=0x1c246544
       15395000	      1538	80001160	01dbd093	srli	x1,x23,0x1d	 x23:0x00000001  x1=0x00000000
       15405000	      1539	80001164	00febd33	sltu	x26,x29,x15	 x29:0x00000008 x15:0x97442aa8 x26=0x00000001
       15415000	      1540	80001168	414f5093	srai	x1,x30,0x14	 x30:0x00000001  x1=0x00000000
       15425000	      1541	8000116c	033dca63	blt	x27,x19,800011a0	 x27:0x00000000 x19:0x80009fc4
       15435000	      1542	80001170	01161ab3	sll	x21,x12,x17	 x12:0x6dcf1000 x17:0xfffff8ed x21=0xe2000000
       15445000	      1543	80001174	0074ae33	slt	x28,x9,x7	  x9:0x00000001  x7:0x0000074a x28=0x00000001
       15455000	      1544	80001178	03c11463	bne	x2,x28,800011a0	  x2:0xffffff7f x28:0x00000001
       15465000	      1545	00000000	00000013	addi	x0,x0,0	  x0:0x00000000
       15475000	      1546	8000119c	00000013	addi	x0,x0,0	  x0:0x00000000
       15485000	      1547	800011a0	77758897	auipc	x17,0x77758	 x17=0xf775919c
       15495000	      1548	800011a4	00000e97	auipc	x29,0x0	 x29=0x800011a0
       15505000	      1549	800011a8	00ce8e93	addi	x29,x29,12	 x29:0x800011a0 x29=0x800011ac
       15515000	      1550	800011ac	000e8067	jalr	x0,x29,0	 x29:0x800011ac
       15525000	      1551	00000000	00000013	addi	x0,x0,0	  x0:0x00000000
       15535000	      1552	800011ac	00000013	addi	x0,x0,0	  x0:0x00000000
       15545000	      1553	800011b0	00100193	addi	x3,x0,1	  x0:0x00000000  x3=0x00000001
       15555000	      1554	800011b4	00000073	ecall	
       15565000	      1555	800011b8	921cad97	auipc	x27,0x921ca	 x27=0x121cb1b4
