		Time			Cycle	PC		Insn	Decoded instruction	Register and memory contents
          65000	         5	80000004	00000293	addi	x5,x0,0	  x0:0x00000000  x5=0x00000000
          75000	         6	80000008	00000313	addi	x6,x0,0	  x0:0x00000000  x6=0x00000000
          85000	         7	8000000c	00628263	beq	x5,x6,80000010	  x5:0x00000000  x6:0x00000000
          95000	         8	00000000	00000013	addi	x0,x0,0	  x0:0x00000000
         105000	         9	8000000c	00000013	addi	x0,x0,0	  x0:0x00000000
         115000	        10	80000010	00000a97	auipc	x21,0x0	 x21=0x8000000c
         125000	        11	80000014	00ca8a93	addi	x21,x21,12	 x21:0x8000000c x21=0x80000018
         135000	        12	80000018	000a8067	jalr	x0,x21,0	 x21:0x80000018
         145000	        13	00000000	00000013	addi	x0,x0,0	  x0:0x00000000
         155000	        14	80000018	00000013	addi	x0,x0,0	  x0:0x00000000
         165000	        15	8000001c	400005b7	lui	x11,0x40000	 x11=0x40000000
         175000	        16	80000020	10058593	addi	x11,x11,256	 x11:0x40000000 x11=0x40000100
         185000	        17	80000024	00000013	addi	x0,x0,0	  x0:0x00000000
         195000	        18	80000028	0000ad97	auipc	x27,0xa	 x27=0x8000a024
         205000	        19	8000002c	fa0d8d93	addi	x27,x27,-96	 x27:0x8000a024 x27=0x80009fc4
         215000	        20	80000030	00003597	auipc	x11,0x3	 x11=0x8000302c
         225000	        21	80000034	9c458593	addi	x11,x11,-1596	 x11:0x8000302c x11=0x800029f0
         235000	        22	80000038	0015e593	ori	x11,x11,1	 x11:0x800029f0 x11=0x800029f1
         245000	        23	8000003c	00000013	addi	x0,x0,0	  x0:0x00000000
         255000	        24	80000040	00000597	auipc	x11,0x0	 x11=0x8000003c
         265000	        25	80000044	02058593	addi	x11,x11,32	 x11:0x8000003c x11=0x8000005c
         275000	        26	80000048	00000013	addi	x0,x0,0	  x0:0x00000000
         285000	        27	8000004c	00000013	addi	x0,x0,0	  x0:0x00000000
         295000	        28	80000050	000025b7	lui	x11,0x2	 x11=0x00002000
         305000	        29	80000054	80058593	addi	x11,x11,-2048	 x11:0x00002000 x11=0x00001800
         315000	        30	80000058	00000013	addi	x0,x0,0	  x0:0x00000000
         325000	        31	8000005c	00000013	addi	x0,x0,0	  x0:0x00000000
         335000	        32	80000060	00000013	addi	x0,x0,0	  x0:0x00000000
         345000	        33	80000064	800000b7	lui	x1,0x80000	  x1=0x80000000
         355000	        34	80000068	00000113	addi	x2,x0,0	  x0:0x00000000  x2=0x00000000
         365000	        35	8000006c	00000193	addi	x3,x0,0	  x0:0x00000000  x3=0x00000000
         375000	        36	80000070	fba75237	lui	x4,0xfba75	  x4=0xfba75000
         385000	        37	80000074	6cc20213	addi	x4,x4,1740	  x4:0xfba75000  x4=0xfba756cc
         395000	        38	80000078	800002b7	lui	x5,0x80000	  x5=0x80000000
         405000	        39	8000007c	8aef7337	lui	x6,0x8aef7	  x6=0x8aef7000
         415000	        40	80000080	f6b30313	addi	x6,x6,-149	  x6:0x8aef7000  x6=0x8aef6f6b
         425000	        41	80000084	f9fa63b7	lui	x7,0xf9fa6	  x7=0xf9fa6000
         435000	        42	80000088	e0138393	addi	x7,x7,-511	  x7:0xf9fa6000  x7=0xf9fa5e01
         445000	        43	8000008c	00000413	addi	x8,x0,0	  x0:0x00000000  x8=0x00000000
         455000	        44	80000090	800004b7	lui	x9,0x80000	  x9=0x80000000
         465000	        45	80000094	7ef89537	lui	x10,0x7ef89	 x10=0x7ef89000
         475000	        46	80000098	3ff50513	addi	x10,x10,1023	 x10:0x7ef89000 x10=0x7ef893ff
         485000	        47	8000009c	800005b7	lui	x11,0x80000	 x11=0x80000000
         495000	        48	800000a0	b52d8637	lui	x12,0xb52d8	 x12=0xb52d8000
         505000	        49	800000a4	d1a60613	addi	x12,x12,-742	 x12:0xb52d8000 x12=0xb52d7d1a
         515000	        50	800000a8	00700693	addi	x13,x0,7	  x0:0x00000000 x13=0x00000007
         525000	        51	800000ac	f65d0737	lui	x14,0xf65d0	 x14=0xf65d0000
         535000	        52	800000b0	3b870713	addi	x14,x14,952	 x14:0xf65d0000 x14=0xf65d03b8
         545000	        53	800000b4	c6dfc7b7	lui	x15,0xc6dfc	 x15=0xc6dfc000
         555000	        54	800000b8	ce978793	addi	x15,x15,-791	 x15:0xc6dfc000 x15=0xc6dfbce9
         565000	        55	800000bc	00000813	addi	x16,x0,0	  x0:0x00000000 x16=0x00000000
         575000	        56	800000c0	00700893	addi	x17,x0,7	  x0:0x00000000 x17=0x00000007
         585000	        57	800000c4	80000937	lui	x18,0x80000	 x18=0x80000000
         595000	        58	800000c8	00000993	addi	x19,x0,0	  x0:0x00000000 x19=0x00000000
         605000	        59	800000cc	64fd4a37	lui	x20,0x64fd4	 x20=0x64fd4000
         615000	        60	800000d0	428a0a13	addi	x20,x20,1064	 x20:0x64fd4000 x20=0x64fd4428
         625000	        61	800000d4	80000ab7	lui	x21,0x80000	 x21=0x80000000
         635000	        62	800000d8	f62e4b37	lui	x22,0xf62e4	 x22=0xf62e4000
         645000	        63	800000dc	7f9b0b13	addi	x22,x22,2041	 x22:0xf62e4000 x22=0xf62e47f9
         655000	        64	800000e0	80000bb7	lui	x23,0x80000	 x23=0x80000000
         665000	        65	800000e4	80000c37	lui	x24,0x80000	 x24=0x80000000
         675000	        66	800000e8	f9dcfcb7	lui	x25,0xf9dcf	 x25=0xf9dcf000
         685000	        67	800000ec	7efc8c93	addi	x25,x25,2031	 x25:0xf9dcf000 x25=0xf9dcf7ef
         695000	        68	800000f0	b771ed37	lui	x26,0xb771e	 x26=0xb771e000
         705000	        69	800000f4	6c4d0d13	addi	x26,x26,1732	 x26:0xb771e000 x26=0xb771e6c4
         715000	        70	800000f8	00300e13	addi	x28,x0,3	  x0:0x00000000 x28=0x00000003
         725000	        71	800000fc	ad7e0eb7	lui	x29,0xad7e0	 x29=0xad7e0000
         735000	        72	80000100	cf2e8e93	addi	x29,x29,-782	 x29:0xad7e0000 x29=0xad7dfcf2
         745000	        73	80000104	fb8e5f37	lui	x30,0xfb8e5	 x30=0xfb8e5000
         755000	        74	80000108	2f2f0f13	addi	x30,x30,754	 x30:0xfb8e5000 x30=0xfb8e52f2
         765000	        75	8000010c	0000af97	auipc	x31,0xa	 x31=0x8000a108
         775000	        76	80000110	e7cf8f93	addi	x31,x31,-388	 x31:0x8000a108 x31=0x80009f84
         785000	        77	80000114	01968233	add	x4,x13,x25	 x13:0x00000007 x25:0xf9dcf7ef  x4=0xf9dcf7f6
         795000	        78	80000118	00000e97	auipc	x29,0x0	 x29=0x80000114
         805000	        79	8000011c	304e8e93	addi	x29,x29,772	 x29:0x80000114 x29=0x80000418
         815000	        80	80000120	01d4d093	srli	x1,x9,0x1d	  x9:0x80000000  x1=0x00000004
         825000	        81	80000124	41ed0d33	sub	x26,x26,x30	 x26:0xb771e6c4 x30:0xfb8e52f2 x26=0xbbe393d2
         835000	        82	80000128	b9164a37	lui	x20,0xb9164	 x20=0xb9164000
         845000	        83	8000012c	017e42b3	xor	x5,x28,x23	 x28:0x00000003 x23:0x80000000  x5=0x80000003
         855000	        84	80000130	22872793	slti	x15,x14,552	 x14:0xf65d03b8 x15=0x00000001
         865000	        85	80000134	24b64237	lui	x4,0x24b64	  x4=0x24b64000
         875000	        86	80000138	11643337	lui	x6,0x11643	  x6=0x11643000
         885000	        87	8000013c	fdde8e93	addi	x29,x29,-35	 x29:0x80000418 x29=0x800003f5
         895000	        88	80000140	01c7abb3	slt	x23,x15,x28	 x15:0x00000001 x28:0x00000003 x23=0x00000001
         905000	        89	80000144	ecf9cf13	xori	x30,x19,-305	 x19:0x00000000 x30=0xfffffecf
         915000	        90	80000148	023e8667	jalr	x12,x29,35	 x29:0x800003f5 x12=0x80000148
         925000	        91	00000000	00000013	addi	x0,x0,0	  x0:0x00000000
         935000	        92	80000418	00000013	addi	x0,x0,0	  x0:0x00000000
         945000	        93	8000041c	fdcf8f93	addi	x31,x31,-36	 x31:0x80009f84 x31=0x80009f60
         955000	        94	80000420	40e55e13	srai	x28,x10,0xe	 x10:0x7ef893ff x28=0x0001fbe2
         965000	        95	80000424	01de5b33	srl	x22,x28,x29	 x28:0x0001fbe2 x29:0x800003f5 x22=0x00000000
         975000	        96	80000428	00cfa223	sw	x12,4(x31)	 x31:0x80009f60 x12:0x80000148 PA:0x80009f64
         985000	        97	8000042c	01141833	sll	x16,x8,x17	  x8:0x00000000 x17:0x00000007 x16=0x00000000
         995000	        98	80000430	00008117	auipc	x2,0x8	  x2=0x8000842c
        1005000	        99	80000434	2f010113	addi	x2,x2,752	  x2:0x8000842c  x2=0x8000871c
        1015000	       100	80000438	a3011923	sh	x16,-1486(x2)	  x2:0x8000871c x16:0x00000000 PA:0x8000814e
        1025000	       101	8000043c	75b0eb93	ori	x23,x1,1883	  x1:0x00000004 x23=0x0000075f
        1035000	       102	80000440	0f411c03	lh	x24,244(x2)	  x2:0x8000871c x24=0x00003c50 PA:0x80008810
        1045000	       103	80000444	0f415b03	lhu	x22,244(x2)	  x2:0x8000871c x22=0x00003c50 PA:0x80008810
        1055000	       104	80000448	f3b10883	lb	x17,-197(x2)	  x2:0x8000871c x17=0x00000056 PA:0x80008657
        1065000	       105	8000044c	f3b14403	lbu	x8,-197(x2)	  x2:0x8000871c  x8=0x00000056 PA:0x80008657
        1075000	       106	80000450	00f6e1b3	or	x3,x13,x15	 x13:0x00000007 x15:0x00000001  x3=0x00000007
        1085000	       107	80000454	b2512023	sw	x5,-1248(x2)	  x2:0x8000871c  x5:0x80000003 PA:0x8000823c
        1095000	       108	80000458	b8d10a03	lb	x20,-1139(x2)	  x2:0x8000871c x20=0xfffffff5 PA:0x800082a9
        1105000	       109	8000045c	d5212623	sw	x18,-692(x2)	  x2:0x8000871c x18:0x80000000 PA:0x80008468
        1115000	       110	80000460	010d1433	sll	x8,x26,x16	 x26:0xbbe393d2 x16:0x00000000  x8=0xbbe393d2
        1125000	       111	80000464	d4a11623	sh	x10,-692(x2)	  x2:0x8000871c x10:0x7ef893ff PA:0x80008468
        1135000	       112	80000468	0789cb93	xori	x23,x19,120	 x19:0x00000000 x23=0x00000078
        1145000	       113	8000046c	d4c10183	lb	x3,-692(x2)	  x2:0x8000871c  x3=0xffffffff PA:0x80008468
        1155000	       114	80000470	96611683	lh	x13,-1690(x2)	  x2:0x8000871c x13=0xffffd0fd PA:0x80008082
        1165000	       115	80000474	00008117	auipc	x2,0x8	  x2=0x80008470
        1175000	       116	80000478	14910113	addi	x2,x2,329	  x2:0x80008470  x2=0x800085b9
        1185000	       117	8000047c	01f564b3	or	x9,x10,x31	 x10:0x7ef893ff x31:0x80009f60  x9=0xfef89fff
        1195000	       118	80000480	f6610ea3	sb	x6,-131(x2)	  x2:0x800085b9  x6:0x11643000 PA:0x80008536
        1205000	       119	80000484	00978033	add	x0,x15,x9	 x15:0x00000001  x9:0xfef89fff
        1215000	       120	80000488	e668cf13	xori	x30,x17,-410	 x17:0x00000056 x30=0xfffffe30
        1225000	       121	8000048c	9f657193	andi	x3,x10,-1546	 x10:0x7ef893ff  x3=0x7ef891f6
        1235000	       122	80000490	40e95bb3	sra	x23,x18,x14	 x18:0x80000000 x14:0xf65d03b8 x23=0xffffff80
        1245000	       123	80000494	01e95493	srli	x9,x18,0x1e	 x18:0x80000000  x9=0x00000002
        1255000	       124	80000498	0ef12383	lw	x7,239(x2)	  x2:0x800085b9  x7=0x6a5ff28c PA:0x800086a8
        1265000	       125	8000049c	013ceeb3	or	x29,x25,x19	 x25:0xf9dcf7ef x19:0x00000000 x29=0xf9dcf7ef
        1275000	       126	800004a0	0191e533	or	x10,x3,x25	  x3:0x7ef891f6 x25:0xf9dcf7ef x10=0xfffcf7ff
        1285000	       127	800004a4	630177b7	lui	x15,0x63017	 x15=0x63017000
        1295000	       128	800004a8	f9d11283	lh	x5,-99(x2)	  x2:0x800085b9  x5=0x00005b46 PA:0x80008556
        1305000	       129	800004ac	41365713	srai	x14,x12,0x13	 x12:0x80000148 x14=0xfffff000
        1315000	       130	800004b0	01465eb3	srl	x29,x12,x20	 x12:0x80000148 x20:0xfffffff5 x29=0x00000400
        1325000	       131	800004b4	0149b7b3	sltu	x15,x19,x20	 x19:0x00000000 x20:0xfffffff5 x15=0x00000001
        1335000	       132	800004b8	01d6e7b3	or	x15,x13,x29	 x13:0xffffd0fd x29:0x00000400 x15=0xffffd4fd
        1345000	       133	800004bc	ffe10aa3	sb	x30,-11(x2)	  x2:0x800085b9 x30:0xfffffe30 PA:0x800085ae
        1355000	       134	800004c0	06f11403	lh	x8,111(x2)	  x2:0x800085b9  x8=0x00002904 PA:0x80008628
        1365000	       135	800004c4	017f9193	slli	x3,x31,0x17	 x31:0x80009f60  x3=0xb0000000
        1375000	       136	800004c8	4188d633	sra	x12,x17,x24	 x17:0x00000056 x24:0x00003c50 x12=0x00000000
        1385000	       137	800004cc	02511b83	lh	x23,37(x2)	  x2:0x800085b9 x23=0xffffa882 PA:0x800085de
        1395000	       138	800004d0	00aafa33	and	x20,x21,x10	 x21:0x80000000 x10:0xfffcf7ff x20=0x80000000
        1405000	       139	800004d4	fc710f23	sb	x7,-34(x2)	  x2:0x800085b9  x7:0x6a5ff28c PA:0x80008597
        1415000	       140	800004d8	f2df9617	auipc	x12,0xf2df9	 x12=0x72df94d4
        1425000	       141	800004dc	00092a33	slt	x20,x18,x0	 x18:0x80000000  x0:0x00000000 x20=0x00000001
        1435000	       142	800004e0	f79125a3	sw	x25,-149(x2)	  x2:0x800085b9 x25:0xf9dcf7ef PA:0x80008524
        1445000	       143	800004e4	2b192b93	slti	x23,x18,689	 x18:0x80000000 x23=0x00000001
        1455000	       144	800004e8	413708b3	sub	x17,x14,x19	 x14:0xfffff000 x19:0x00000000 x17=0xfffff000
        1465000	       145	800004ec	00000013	addi	x0,x0,0	  x0:0x00000000
        1475000	       146	800004f0	40ecdc33	sra	x24,x25,x14	 x25:0xf9dcf7ef x14:0xfffff000 x24=0xf9dcf7ef
        1485000	       147	800004f4	4b8ca393	slti	x7,x25,1208	 x25:0xf9dcf7ef  x7=0x00000001
        1495000	       148	800004f8	00911d03	lh	x26,9(x2)	  x2:0x800085b9 x26=0x0000571f PA:0x800085c2
        1505000	       149	800004fc	be9a9b37	lui	x22,0xbe9a9	 x22=0xbe9a9000
        1515000	       150	80000500	00d273b3	and	x7,x4,x13	  x4:0x24b64000 x13:0xffffd0fd  x7=0x24b64000
        1525000	       151	80000504	01e770b3	and	x1,x14,x30	 x14:0xfffff000 x30:0xfffffe30  x1=0xfffff000
        1535000	       152	80000508	012e6833	or	x16,x28,x18	 x28:0x0001fbe2 x18:0x80000000 x16=0x8001fbe2
        1545000	       153	8000050c	07f11c83	lh	x25,127(x2)	  x2:0x800085b9 x25=0xffff9a69 PA:0x80008638
        1555000	       154	80000510	0147bd33	sltu	x26,x15,x20	 x15:0xffffd4fd x20:0x00000001 x26=0x00000000
        1565000	       155	80000514	017102a3	sb	x23,5(x2)	  x2:0x800085b9 x23:0x00000001 PA:0x800085be
        1575000	       156	80000518	0d210c23	sb	x18,216(x2)	  x2:0x800085b9 x18:0x80000000 PA:0x80008691
        1585000	       157	8000051c	00008117	auipc	x2,0x8	  x2=0x80008518
        1595000	       158	80000520	d2610113	addi	x2,x2,-730	  x2:0x80008518  x2=0x8000823e
        1605000	       159	80000524	01d10823	sb	x29,16(x2)	  x2:0x8000823e x29:0x00000400 PA:0x8000824e
        1615000	       160	80000528	00000013	addi	x0,x0,0	  x0:0x00000000
        1625000	       161	8000052c	4105d4b3	sra	x9,x11,x16	 x11:0x80000000 x16:0x8001fbe2  x9=0xe0000000
        1635000	       162	80000530	00000013	addi	x0,x0,0	  x0:0x00000000
        1645000	       163	80000534	01c4ca33	xor	x20,x9,x28	  x9:0xe0000000 x28:0x0001fbe2 x20=0xe001fbe2
        1655000	       164	80000538	00112033	slt	x0,x2,x1	  x2:0x8000823e  x1:0xfffff000
        1665000	       165	8000053c	03015683	lhu	x13,48(x2)	  x2:0x8000823e x13=0x0000783d PA:0x8000826e
        1675000	       166	80000540	4704df37	lui	x30,0x4704d	 x30=0x4704d000
        1685000	       167	80000544	26130293	addi	x5,x6,609	  x6:0x11643000  x5=0x11643261
        1695000	       168	80000548	00bcff33	and	x30,x25,x11	 x25:0xffff9a69 x11:0x80000000 x30=0x80000000
        1705000	       169	8000054c	f6c11b23	sh	x12,-138(x2)	  x2:0x8000823e x12:0x72df94d4 PA:0x800081b4
        1715000	       170	80000550	bb89a313	slti	x6,x19,-1096	 x19:0x00000000  x6=0x00000000
        1725000	       171	80000554	00a301b3	add	x3,x6,x10	  x6:0x00000000 x10:0xfffcf7ff  x3=0xfffcf7ff
        1735000	       172	80000558	0a410283	lb	x5,164(x2)	  x2:0x8000823e  x5=0x0000005a PA:0x800082e2
        1745000	       173	00000000	00000013	addi	x0,x0,0	  x0:0x00000000
        1755000	       174	8000055c	005919b3	sll	x19,x18,x5	 x18:0x80000000  x5:0x0000005a x19=0x00000000
        1765000	       175	80000560	00000013	addi	x0,x0,0	  x0:0x00000000
        1775000	       176	80000564	003842b3	xor	x5,x16,x3	 x16:0x8001fbe2  x3:0xfffcf7ff  x5=0x7ffd0c1d
        1785000	       177	80000568	0f9109a3	sb	x25,243(x2)	  x2:0x8000823e x25:0xffff9a69 PA:0x80008331
        1795000	       178	8000056c	045b4593	xori	x11,x22,69	 x22:0xbe9a9000 x11=0xbe9a9045
        1805000	       179	80000570	f8510123	sb	x5,-126(x2)	  x2:0x8000823e  x5:0x7ffd0c1d PA:0x800081c0
        1815000	       180	80000574	01ad5413	srli	x8,x26,0x1a	 x26:0x00000000  x8=0x00000000
        1825000	       181	80000578	00000013	addi	x0,x0,0	  x0:0x00000000
        1835000	       182	8000057c	05e10f03	lb	x30,94(x2)	  x2:0x8000823e x30=0x0000004d PA:0x8000829c
        1845000	       183	80000580	03714683	lbu	x13,55(x2)	  x2:0x8000823e x13=0x000000e4 PA:0x80008275
        1855000	       184	80000584	41875793	srai	x15,x14,0x18	 x14:0xfffff000 x15=0xffffffff
        1865000	       185	80000588	fb8f57b7	lui	x15,0xfb8f5	 x15=0xfb8f5000
        1875000	       186	8000058c	f8f10083	lb	x1,-113(x2)	  x2:0x8000823e  x1=0x00000047 PA:0x800081cd
        1885000	       187	80000590	f8414703	lbu	x14,-124(x2)	  x2:0x8000823e x14=0x000000e8 PA:0x800081c2
        1895000	       188	80000594	d0ac2293	slti	x5,x24,-758	 x24:0xf9dcf7ef  x5=0x00000001
        1905000	       189	80000598	fa3103a3	sb	x3,-89(x2)	  x2:0x8000823e  x3:0xfffcf7ff PA:0x800081e5
        1915000	       190	8000059c	01811d23	sh	x24,26(x2)	  x2:0x8000823e x24:0xf9dcf7ef PA:0x80008258
        1925000	       191	800005a0	07114683	lbu	x13,113(x2)	  x2:0x8000823e x13=0x00000098 PA:0x800082af
        1935000	       192	800005a4	333f7817	auipc	x16,0x333f7	 x16=0xb33f75a0
        1945000	       193	800005a8	fb310083	lb	x1,-77(x2)	  x2:0x8000823e  x1=0xffffffbf PA:0x800081f1
        1955000	       194	800005ac	f2e12603	lw	x12,-210(x2)	  x2:0x8000823e x12=0x23994fd0 PA:0x8000816c
        1965000	       195	800005b0	c7538893	addi	x17,x7,-907	  x7:0x24b64000 x17=0x24b63c75
        1975000	       196	800005b4	f67106a3	sb	x7,-147(x2)	  x2:0x8000823e  x7:0x24b64000 PA:0x800081ab
        1985000	       197	800005b8	06215e03	lhu	x28,98(x2)	  x2:0x8000823e x28=0x0000f14d PA:0x800082a0
        1995000	       198	800005bc	06910f03	lb	x30,105(x2)	  x2:0x8000823e x30=0xffffff8b PA:0x800082a7
        2005000	       199	00000000	00000013	addi	x0,x0,0	  x0:0x00000000
        2015000	       200	800005c0	09e12803	lw	x16,158(x2)	  x2:0x8000823e x16=0xf280ea44 PA:0x800082dc
        2025000	       201	00000000	00000013	addi	x0,x0,0	  x0:0x00000000
        2035000	       202	800005c4	eb186213	ori	x4,x16,-335	 x16:0xf280ea44  x4=0xfffffef5
        2045000	       203	800005c8	04314d03	lbu	x26,67(x2)	  x2:0x8000823e x26=0x000000be PA:0x80008281
        2055000	       204	800005cc	00008917	auipc	x18,0x8	 x18=0x800085c8
        2065000	       205	800005d0	42990913	addi	x18,x18,1065	 x18:0x800085c8 x18=0x800089f1
        2075000	       206	800005d4	00008d17	auipc	x26,0x8	 x26=0x800085d0
        2085000	       207	800005d8	589d0d13	addi	x26,x26,1417	 x26:0x800085d0 x26=0x80008b59
        2095000	       208	800005dc	00008497	auipc	x9,0x8	  x9=0x800085d8
        2105000	       209	800005e0	6f248493	addi	x9,x9,1778	  x9:0x800085d8  x9=0x80008cca
        2115000	       210	800005e4	38290003	lb	x0,898(x18)	 x18:0x800089f1 PA:0x80008d73
        2125000	       211	800005e8	2af90383	lb	x7,687(x18)	 x18:0x800089f1  x7=0x0000003a PA:0x80008ca0
        2135000	       212	800005ec	ff9d1983	lh	x19,-7(x26)	 x26:0x80008b59 x19=0x00000d55 PA:0x80008b52
        2145000	       213	800005f0	0dc484a3	sb	x28,201(x9)	  x9:0x80008cca x28:0x0000f14d PA:0x80008d93
        2155000	       214	800005f4	42890503	lb	x10,1064(x18)	 x18:0x800089f1 x10=0xffffffde PA:0x80008e19
        2165000	       215	800005f8	004d4803	lbu	x16,4(x26)	 x26:0x80008b59 x16=0x0000006e PA:0x80008b5d
        2175000	       216	800005fc	ffad0b83	lb	x23,-6(x26)	 x26:0x80008b59 x23=0x0000000d PA:0x80008b53
        2185000	       217	80000600	075481a3	sb	x21,99(x9)	  x9:0x80008cca x21:0x80000000 PA:0x80008d2d
        2195000	       218	80000604	f9f48aa3	sb	x31,-107(x9)	  x9:0x80008cca x31:0x80009f60 PA:0x80008c5f
        2205000	       219	80000608	011d0023	sb	x17,0(x26)	 x26:0x80008b59 x17:0x24b63c75 PA:0x80008b59
        2215000	       220	8000060c	1de94103	lbu	x2,478(x18)	 x18:0x800089f1  x2=0x00000092 PA:0x80008bcf
        2225000	       221	80000610	f9595503	lhu	x10,-107(x18)	 x18:0x800089f1 x10=0x000051fb PA:0x80008986
        2235000	       222	80000614	3b595b03	lhu	x22,949(x18)	 x18:0x800089f1 x22=0x000035b7 PA:0x80008da6
        2245000	       223	80000618	fe04c883	lbu	x17,-32(x9)	  x9:0x80008cca x17=0x00000008 PA:0x80008caa
        2255000	       224	8000061c	01bd00a3	sb	x27,1(x26)	 x26:0x80008b59 x27:0x80009fc4 PA:0x80008b5a
        2265000	       225	80000620	f3f4c783	lbu	x15,-193(x9)	  x9:0x80008cca x15=0x000000dc PA:0x80008c09
        2275000	       226	80000624	05d91983	lh	x19,93(x18)	 x18:0x800089f1 x19=0x00002402 PA:0x80008a4e
        2285000	       227	80000628	fe7d1ca3	sh	x7,-7(x26)	 x26:0x80008b59  x7:0x0000003a PA:0x80008b52
        2295000	       228	8000062c	f0749c23	sh	x7,-232(x9)	  x9:0x80008cca  x7:0x0000003a PA:0x80008be2
        2305000	       229	80000630	3c590603	lb	x12,965(x18)	 x18:0x800089f1 x12=0x0000006c PA:0x80008db6
        2315000	       230	80000634	f5048e23	sb	x16,-164(x9)	  x9:0x80008cca x16:0x0000006e PA:0x80008c26
        2325000	       231	80000638	f3248c23	sb	x18,-200(x9)	  x9:0x80008cca x18:0x800089f1 PA:0x80008c02
        2335000	       232	8000063c	febd0a23	sb	x11,-12(x26)	 x26:0x80008b59 x11:0xbe9a9045 PA:0x80008b4d
        2345000	       233	80000640	ebc923a3	sw	x28,-345(x18)	 x18:0x800089f1 x28:0x0000f14d PA:0x80008898
        2355000	       234	80000644	007d5703	lhu	x14,7(x26)	 x26:0x80008b59 x14=0x0000fef5 PA:0x80008b60
        2365000	       235	80000648	f62925a3	sw	x2,-149(x18)	 x18:0x800089f1  x2:0x00000092 PA:0x8000895c
        2375000	       236	8000064c	00bd5683	lhu	x13,11(x26)	 x26:0x80008b59 x13=0x0000c15b PA:0x80008b64
        2385000	       237	80000650	00008917	auipc	x18,0x8	 x18=0x8000864c
        2395000	       238	80000654	ed990913	addi	x18,x18,-295	 x18:0x8000864c x18=0x80008525
        2405000	       239	80000658	00008417	auipc	x8,0x8	  x8=0x80008654
        2415000	       240	8000065c	e5440413	addi	x8,x8,-428	  x8:0x80008654  x8=0x800084a8
        2425000	       241	80000660	00008897	auipc	x17,0x8	 x17=0x8000865c
        2435000	       242	80000664	09888893	addi	x17,x17,152	 x17:0x8000865c x17=0x800086f4
        2445000	       243	80000668	00008517	auipc	x10,0x8	 x10=0x80008664
        2455000	       244	8000066c	c8a50513	addi	x10,x10,-886	 x10:0x80008664 x10=0x800082ee
        2465000	       245	80000670	f7a40ba3	sb	x26,-137(x8)	  x8:0x800084a8 x26:0x80008b59 PA:0x8000841f
        2475000	       246	80000674	016884a3	sb	x22,9(x17)	 x17:0x800086f4 x22:0x000035b7 PA:0x800086fd
        2485000	       247	80000678	0ab94c83	lbu	x25,171(x18)	 x18:0x80008525 x25=0x00000017 PA:0x800085d0
        2495000	       248	8000067c	f2144103	lbu	x2,-223(x8)	  x8:0x800084a8  x2=0x000000cf PA:0x800083c9
        2505000	       249	80000680	0008a183	lw	x3,0(x17)	 x17:0x800086f4  x3=0x511f62e9 PA:0x800086f4
        2515000	       250	80000684	fe494d03	lbu	x26,-28(x18)	 x18:0x80008525 x26=0x0000006b PA:0x80008509
        2525000	       251	00000000	00000013	addi	x0,x0,0	  x0:0x00000000
        2535000	       252	80000688	01a89223	sh	x26,4(x17)	 x17:0x800086f4 x26:0x0000006b PA:0x800086f8
        2545000	       253	8000068c	0d990323	sb	x25,198(x18)	 x18:0x80008525 x25:0x00000017 PA:0x800085eb
        2555000	       254	80000690	2fe51e83	lh	x29,766(x10)	 x10:0x800082ee x29=0xffffc1c0 PA:0x800085ec
        2565000	       255	80000694	05a45703	lhu	x14,90(x8)	  x8:0x800084a8 x14=0x0000f87d PA:0x80008502
        2575000	       256	80000698	29c54e83	lbu	x29,668(x10)	 x10:0x800082ee x29=0x0000003c PA:0x8000858a
        2585000	       257	8000069c	ff788e23	sb	x23,-4(x17)	 x17:0x800086f4 x23:0x0000000d PA:0x800086f0
        2595000	       258	800006a0	256502a3	sb	x22,581(x10)	 x10:0x800082ee x22:0x000035b7 PA:0x80008533
        2605000	       259	800006a4	fce44703	lbu	x14,-50(x8)	  x8:0x800084a8 x14=0x000000dc PA:0x80008476
        2615000	       260	800006a8	087906a3	sb	x7,141(x18)	 x18:0x80008525  x7:0x0000003a PA:0x800085b2
        2625000	       261	800006ac	ffc88083	lb	x1,-4(x17)	 x17:0x800086f4  x1=0x0000000d PA:0x800086f0
        2635000	       262	800006b0	00e89083	lh	x1,14(x17)	 x17:0x800086f4  x1=0x00000fc6 PA:0x80008702
        2645000	       263	800006b4	016887a3	sb	x22,15(x17)	 x17:0x800086f4 x22:0x000035b7 PA:0x80008703
        2655000	       264	800006b8	e2e50fa3	sb	x14,-449(x10)	 x10:0x800082ee x14:0x000000dc PA:0x8000812d
        2665000	       265	800006bc	ef150583	lb	x11,-271(x10)	 x10:0x800082ee x11=0xffffff9b PA:0x800081df
        2675000	       266	800006c0	04694683	lbu	x13,70(x18)	 x18:0x80008525 x13=0x000000df PA:0x8000856b
        2685000	       267	800006c4	09e40b03	lb	x22,158(x8)	  x8:0x800084a8 x22=0xffffffe4 PA:0x80008546
        2695000	       268	800006c8	00d88083	lb	x1,13(x17)	 x17:0x800086f4  x1=0x00000028 PA:0x80008701
        2705000	       269	800006cc	0f244803	lbu	x16,242(x8)	  x8:0x800084a8 x16=0x0000009d PA:0x8000859a
        2715000	       270	800006d0	04e94003	lbu	x0,78(x18)	 x18:0x80008525 PA:0x80008573
        2725000	       271	800006d4	ff088983	lb	x19,-16(x17)	 x17:0x800086f4 x19=0x0000004d PA:0x800086e4
        2735000	       272	800006d8	e62504a3	sb	x2,-407(x10)	 x10:0x800082ee  x2:0x000000cf PA:0x80008157
        2745000	       273	800006dc	04245783	lhu	x15,66(x8)	  x8:0x800084a8 x15=0x0000d81e PA:0x800084ea
        2755000	       274	800006e0	00008097	auipc	x1,0x8	  x1=0x800086dc
        2765000	       275	800006e4	a5f08093	addi	x1,x1,-1441	  x1:0x800086dc  x1=0x8000813b
        2775000	       276	800006e8	40c709b3	sub	x19,x14,x12	 x14:0x000000dc x12:0x0000006c x19=0x00000070
        2785000	       277	800006ec	598080a3	sb	x24,1409(x1)	  x1:0x8000813b x24:0xf9dcf7ef PA:0x800086bc
        2795000	       278	800006f0	58e090a3	sh	x14,1409(x1)	  x1:0x8000813b x14:0x000000dc PA:0x800086bc
        2805000	       279	800006f4	01640c33	add	x24,x8,x22	  x8:0x800084a8 x22:0xffffffe4 x24=0x8000848c
        2815000	       280	800006f8	59f09003	lh	x0,1439(x1)	  x1:0x8000813b PA:0x800086da
        2825000	       281	800006fc	003a5733	srl	x14,x20,x3	 x20:0xe001fbe2  x3:0x511f62e9 x14=0x007000fd
        2835000	       282	80000700	58308fa3	sb	x3,1439(x1)	  x1:0x8000813b  x3:0x511f62e9 PA:0x800086da
        2845000	       283	80000704	6b009fa3	sh	x16,1727(x1)	  x1:0x8000813b x16:0x0000009d PA:0x800087fa
        2855000	       284	80000708	6bf0df03	lhu	x30,1727(x1)	  x1:0x8000813b x30=0x0000009d PA:0x800087fa
        2865000	       285	8000070c	50a0c983	lbu	x19,1290(x1)	  x1:0x8000813b x19=0x00000059 PA:0x80008645
        2875000	       286	80000710	01875333	srl	x6,x14,x24	 x14:0x007000fd x24:0x8000848c  x6=0x00000700
        2885000	       287	80000714	51708523	sb	x23,1290(x1)	  x1:0x8000813b x23:0x0000000d PA:0x80008645
        2895000	       288	80000718	0f467913	andi	x18,x12,244	 x12:0x0000006c x18=0x00000064
        2905000	       289	8000071c	01ebacb3	slt	x25,x23,x30	 x23:0x0000000d x30:0x0000009d x25=0x00000001
        2915000	       290	80000720	51908523	sb	x25,1290(x1)	  x1:0x8000813b x25:0x00000001 PA:0x80008645
        2925000	       291	80000724	1fa08183	lb	x3,506(x1)	  x1:0x8000813b  x3=0x0000001a PA:0x80008335
        2935000	       292	00000000	00000013	addi	x0,x0,0	  x0:0x00000000
        2945000	       293	80000728	5a30c403	lbu	x8,1443(x1)	  x1:0x8000813b  x8=0x0000006d PA:0x800086de
        2955000	       294	8000072c	002c3933	sltu	x18,x24,x2	 x24:0x8000848c  x2:0x000000cf x18=0x00000000
        2965000	       295	80000730	5a7091a3	sh	x7,1443(x1)	  x1:0x8000813b  x7:0x0000003a PA:0x800086de
        2975000	       296	80000734	00008b97	auipc	x23,0x8	 x23=0x80008730
        2985000	       297	80000738	1e8b8b93	addi	x23,x23,488	 x23:0x80008730 x23=0x80008918
        2995000	       298	8000073c	00831233	sll	x4,x6,x8	  x6:0x00000700  x8:0x0000006d  x4=0x00e00000
        3005000	       299	80000740	003b8183	lb	x3,3(x23)	 x23:0x80008918  x3=0x0000002a PA:0x8000891b
        3015000	       300	80000744	e160b793	sltiu	x15,x1,-490	  x1:0x8000813b x15=0x00000001
        3025000	       301	80000748	ff4ba003	lw	x0,-12(x23)	 x23:0x80008918 PA:0x8000890c
        3035000	       302	8000074c	c9080b13	addi	x22,x16,-880	 x16:0x0000009d x22=0xfffffd2d
        3045000	       303	80000750	005bc583	lbu	x11,5(x23)	 x23:0x80008918 x11=0x0000003b PA:0x8000891d
        3055000	       304	80000754	010b9623	sh	x16,12(x23)	 x23:0x80008918 x16:0x0000009d PA:0x80008924
        3065000	       305	80000758	ffbbcd03	lbu	x26,-5(x23)	 x23:0x80008918 x26=0x000000da PA:0x80008913
        3075000	       306	8000075c	61fe6093	ori	x1,x28,1567	 x28:0x0000f14d  x1=0x0000f75f
        3085000	       307	80000760	002b9983	lh	x19,2(x23)	 x23:0x80008918 x19=0x00002a21 PA:0x8000891a
        3095000	       308	80000764	f35e2d17	auipc	x26,0xf35e2	 x26=0x735e2760
        3105000	       309	80000768	414900b3	sub	x1,x18,x20	 x18:0x00000000 x20:0xe001fbe2  x1=0x1ffe041e
        3115000	       310	8000076c	000bc683	lbu	x13,0(x23)	 x23:0x80008918 x13=0x0000000f PA:0x80008918
        3125000	       311	80000770	ddfa6413	ori	x8,x20,-545	 x20:0xe001fbe2  x8=0xffffffff
        3135000	       312	80000774	fffb8683	lb	x13,-1(x23)	 x23:0x80008918 x13=0xffffffba PA:0x80008917
        3145000	       313	80000778	00251793	slli	x15,x10,0x2	 x10:0x800082ee x15=0x00020bb8
        3155000	       314	8000077c	00dbc703	lbu	x14,13(x23)	 x23:0x80008918 x14=0x00000000 PA:0x80008925
        3165000	       315	80000780	01d83f33	sltu	x30,x16,x29	 x16:0x0000009d x29:0x0000003c x30=0x00000000
        3175000	       316	80000784	6192fd13	andi	x26,x5,1561	  x5:0x00000001 x26=0x00000001
        3185000	       317	80000788	00a1d833	srl	x16,x3,x10	  x3:0x0000002a x10:0x800082ee x16=0x00000000
        3195000	       318	8000078c	ffdbc103	lbu	x2,-3(x23)	 x23:0x80008918  x2=0x0000000c PA:0x80008915
        3205000	       319	80000790	411c5633	sra	x12,x24,x17	 x24:0x8000848c x17:0x800086f4 x12=0xfffff800
        3215000	       320	80000794	004b80a3	sb	x4,1(x23)	 x23:0x80008918  x4:0x00e00000 PA:0x80008919
        3225000	       321	80000798	fffb8ca3	sb	x31,-7(x23)	 x23:0x80008918 x31:0x80009f60 PA:0x80008911
        3235000	       322	8000079c	5f91f893	andi	x17,x3,1529	  x3:0x0000002a x17=0x00000028
        3245000	       323	800007a0	002b86a3	sb	x2,13(x23)	 x23:0x80008918  x2:0x0000000c PA:0x80008925
        3255000	       324	800007a4	01db9723	sh	x29,14(x23)	 x23:0x80008918 x29:0x0000003c PA:0x80008926
        3265000	       325	800007a8	ffcb9283	lh	x5,-4(x23)	 x23:0x80008918  x5=0x00000cfb PA:0x80008914
        3275000	       326	800007ac	00f4cd33	xor	x26,x9,x15	  x9:0x80008cca x15:0x00020bb8 x26=0x80028772
        3285000	       327	800007b0	00451c93	slli	x25,x10,0x4	 x10:0x800082ee x25=0x00082ee0
        3295000	       328	800007b4	f54bab13	slti	x22,x23,-172	 x23:0x80008918 x22=0x00000001
        3305000	       329	800007b8	00fbcf03	lbu	x30,15(x23)	 x23:0x80008918 x30=0x00000000 PA:0x80008927
        3315000	       330	800007bc	ff4bdc03	lhu	x24,-12(x23)	 x23:0x80008918 x24=0x0000e31e PA:0x8000890c
        3325000	       331	800007c0	ffbb8203	lb	x4,-5(x23)	 x23:0x80008918  x4=0xffffffda PA:0x80008913
        3335000	       332	800007c4	003b9523	sh	x3,10(x23)	 x23:0x80008918  x3:0x0000002a PA:0x80008922
        3345000	       333	800007c8	00000013	addi	x0,x0,0	  x0:0x00000000
        3355000	       334	800007cc	fe8b9e23	sh	x8,-4(x23)	 x23:0x80008918  x8:0xffffffff PA:0x80008914
        3365000	       335	800007d0	01f15733	srl	x14,x2,x31	  x2:0x0000000c x31:0x80009f60 x14=0x0000000c
        3375000	       336	800007d4	86883993	sltiu	x19,x16,-1944	 x16:0x00000000 x19=0x00000001
        3385000	       337	800007d8	fe7b9b23	sh	x7,-10(x23)	 x23:0x80008918  x7:0x0000003a PA:0x8000890e
        3395000	       338	800007dc	00dbc003	lbu	x0,13(x23)	 x23:0x80008918 PA:0x80008925
        3405000	       339	800007e0	2df08513	addi	x10,x1,735	  x1:0x1ffe041e x10=0x1ffe06fd
        3415000	       340	800007e4	01dae233	or	x4,x21,x29	 x21:0x80000000 x29:0x0000003c  x4=0x8000003c
        3425000	       341	800007e8	014644b3	xor	x9,x12,x20	 x12:0xfffff800 x20:0xe001fbe2  x9=0x1ffe03e2
        3435000	       342	800007ec	fffb9d23	sh	x31,-6(x23)	 x23:0x80008918 x31:0x80009f60 PA:0x80008912
        3445000	       343	800007f0	ff9b8683	lb	x13,-7(x23)	 x23:0x80008918 x13=0x00000060 PA:0x80008911
        3455000	       344	800007f4	ff9b8603	lb	x12,-7(x23)	 x23:0x80008918 x12=0x00000060 PA:0x80008911
        3465000	       345	800007f8	00fb8603	lb	x12,15(x23)	 x23:0x80008918 x12=0x00000000 PA:0x80008927
        3475000	       346	800007fc	00008117	auipc	x2,0x8	  x2=0x800087f8
        3485000	       347	80000800	4ce10113	addi	x2,x2,1230	  x2:0x800087f8  x2=0x80008cc6
        3495000	       348	80000804	0ea107a3	sb	x10,239(x2)	  x2:0x80008cc6 x10:0x1ffe06fd PA:0x80008db5
        3505000	       349	80000808	5eb08193	addi	x3,x1,1515	  x1:0x1ffe041e  x3=0x1ffe0a09
        3515000	       350	8000080c	04d10423	sb	x13,72(x2)	  x2:0x80008cc6 x13:0x00000060 PA:0x80008d0e
        3525000	       351	80000810	05b14783	lbu	x15,91(x2)	  x2:0x80008cc6 x15=0x000000ac PA:0x80008d21
        3535000	       352	80000814	8798fa13	andi	x20,x17,-1927	 x17:0x00000028 x20=0x00000028
        3545000	       353	80000818	00000013	addi	x0,x0,0	  x0:0x00000000
        3555000	       354	8000081c	f2314483	lbu	x9,-221(x2)	  x2:0x80008cc6  x9=0x00000092 PA:0x80008be9
        3565000	       355	80000820	dae5a397	auipc	x7,0xdae5a	  x7=0x5ae5a81c
        3575000	       356	80000824	41dddeb3	sra	x29,x27,x29	 x27:0x80009fc4 x29:0x0000003c x29=0xfffffff8
        3585000	       357	80000828	7cda7913	andi	x18,x20,1997	 x20:0x00000028 x18=0x00000008
        3595000	       358	8000082c	09977393	andi	x7,x14,153	 x14:0x0000000c  x7=0x00000008
        3605000	       359	80000830	f3210a23	sb	x18,-204(x2)	  x2:0x80008cc6 x18:0x00000008 PA:0x80008bfa
        3615000	       360	80000834	02514583	lbu	x11,37(x2)	  x2:0x80008cc6 x11=0x00000045 PA:0x80008ceb
        3625000	       361	80000838	0d510aa3	sb	x21,213(x2)	  x2:0x80008cc6 x21:0x80000000 PA:0x80008d9b
        3635000	       362	8000083c	f2d14583	lbu	x11,-211(x2)	  x2:0x80008cc6 x11=0x00000093 PA:0x80008bf3
        3645000	       363	80000840	bfafb293	sltiu	x5,x31,-1030	 x31:0x80009f60  x5=0x00000001
        3655000	       364	80000844	000e32b3	sltu	x5,x28,x0	 x28:0x0000f14d  x0:0x00000000  x5=0x00000000
        3665000	       365	80000848	7db19337	lui	x6,0x7db19	  x6=0x7db19000
        3675000	       366	8000084c	fbb10303	lb	x6,-69(x2)	  x2:0x80008cc6  x6=0xffffffeb PA:0x80008c81
        3685000	       367	80000850	013d5e13	srli	x28,x26,0x13	 x26:0x80028772 x28=0x00001000
        3695000	       368	80000854	01749333	sll	x6,x9,x23	  x9:0x00000092 x23:0x80008918  x6=0x92000000
        3705000	       369	80000858	01a77c33	and	x24,x14,x26	 x14:0x0000000c x26:0x80028772 x24=0x00000000
        3715000	       370	8000085c	05411183	lh	x3,84(x2)	  x2:0x80008cc6  x3=0x00006f5e PA:0x80008d1a
        3725000	       371	80000860	01858233	add	x4,x11,x24	 x11:0x00000093 x24:0x00000000  x4=0x00000093
        3735000	       372	80000864	1b4c7897	auipc	x17,0x1b4c7	 x17=0x9b4c7860
        3745000	       373	80000868	00000013	addi	x0,x0,0	  x0:0x00000000
        3755000	       374	8000086c	eb144693	xori	x13,x8,-335	  x8:0xffffffff x13=0x0000014e
        3765000	       375	80000870	01cb8c33	add	x24,x23,x28	 x23:0x80008918 x28:0x00001000 x24=0x80009918
        3775000	       376	80000874	0b414903	lbu	x18,180(x2)	  x2:0x80008cc6 x18=0x00000025 PA:0x80008d7a
        3785000	       377	00000000	00000013	addi	x0,x0,0	  x0:0x00000000
        3795000	       378	80000878	004943b3	xor	x7,x18,x4	 x18:0x00000025  x4:0x00000093  x7=0x000000b6
        3805000	       379	8000087c	01412b23	sw	x20,22(x2)	  x2:0x80008cc6 x20:0x00000028 PA:0x80008cdc
        3815000	       380	80000880	0fd14c03	lbu	x24,253(x2)	  x2:0x80008cc6 x24=0x00000076 PA:0x80008dc3
        3825000	       381	80000884	d6768b93	addi	x23,x13,-665	 x13:0x0000014e x23=0xfffffeb5
        3835000	       382	80000888	004decb3	or	x25,x27,x4	 x27:0x80009fc4  x4:0x00000093 x25=0x80009fd7
        3845000	       383	8000088c	f9010703	lb	x14,-112(x2)	  x2:0x80008cc6 x14=0x00000077 PA:0x80008c56
        3855000	       384	80000890	06110623	sb	x1,108(x2)	  x2:0x80008cc6  x1:0x1ffe041e PA:0x80008d32
        3865000	       385	80000894	01607a33	and	x20,x0,x22	  x0:0x00000000 x22:0x00000001 x20=0x00000000
        3875000	       386	80000898	400f55b3	sra	x11,x30,x0	 x30:0x00000000  x0:0x00000000 x11=0x00000000
        3885000	       387	8000089c	07010183	lb	x3,112(x2)	  x2:0x80008cc6  x3=0xffffff87 PA:0x80008d36
        3895000	       388	00000000	00000013	addi	x0,x0,0	  x0:0x00000000
        3905000	       389	800008a0	01219b33	sll	x22,x3,x18	  x3:0xffffff87 x18:0x00000025 x22=0xfffff0e0
        3915000	       390	800008a4	fa410ca3	sb	x4,-71(x2)	  x2:0x80008cc6  x4:0x00000093 PA:0x80008c7f
        3925000	       391	800008a8	00c3c233	xor	x4,x7,x12	  x7:0x000000b6 x12:0x00000000  x4=0x000000b6
        3935000	       392	800008ac	81d87e13	andi	x28,x16,-2019	 x16:0x00000000 x28=0x00000000
        3945000	       393	800008b0	00c1ca33	xor	x20,x3,x12	  x3:0xffffff87 x12:0x00000000 x20=0xffffff87
        3955000	       394	800008b4	267b6397	auipc	x7,0x267b6	  x7=0xa67b68b0
        3965000	       395	800008b8	012f1093	slli	x1,x30,0x12	 x30:0x00000000  x1=0x00000000
        3975000	       396	800008bc	f5210503	lb	x10,-174(x2)	  x2:0x80008cc6 x10=0xffffffdd PA:0x80008c18
        3985000	       397	800008c0	0126d893	srli	x17,x13,0x12	 x13:0x0000014e x17=0x00000000
        3995000	       398	800008c4	fa814803	lbu	x16,-88(x2)	  x2:0x80008cc6 x16=0x00000053 PA:0x80008c6e
        4005000	       399	800008c8	00008097	auipc	x1,0x8	  x1=0x800088c4
        4015000	       400	800008cc	81f08093	addi	x1,x1,-2017	  x1:0x800088c4  x1=0x800080e3
        4025000	       401	800008d0	74ff3713	sltiu	x14,x30,1871	 x30:0x00000000 x14=0x00000001
        4035000	       402	800008d4	41ecdf33	sra	x30,x25,x30	 x25:0x80009fd7 x30:0x00000000 x30=0x80009fd7
        4045000	       403	800008d8	fe508d23	sb	x5,-6(x1)	  x1:0x800080e3  x5:0x00000000 PA:0x800080dd
        4055000	       404	800008dc	6386f293	andi	x5,x13,1592	 x13:0x0000014e  x5=0x00000008
        4065000	       405	800008e0	ffa0cb03	lbu	x22,-6(x1)	  x1:0x800080e3 x22=0x00000000 PA:0x800080dd
        4075000	       406	800008e4	ffd08d23	sb	x29,-6(x1)	  x1:0x800080e3 x29:0xfffffff8 PA:0x800080dd
        4085000	       407	800008e8	ff708203	lb	x4,-9(x1)	  x1:0x800080e3  x4=0xffffffac PA:0x800080da
        4095000	       408	800008ec	ff708483	lb	x9,-9(x1)	  x1:0x800080e3  x9=0xffffffac PA:0x800080da
        4105000	       409	800008f0	00408383	lb	x7,4(x1)	  x1:0x800080e3  x7=0x00000076 PA:0x800080e7
        4115000	       410	800008f4	ffd08e03	lb	x28,-3(x1)	  x1:0x800080e3 x28=0xffffffa5 PA:0x800080e0
        4125000	       411	800008f8	db56b613	sltiu	x12,x13,-587	 x13:0x0000014e x12=0x00000001
        4135000	       412	800008fc	ffb09c83	lh	x25,-5(x1)	  x1:0x800080e3 x25=0xffffda82 PA:0x800080de
        4145000	       413	80000900	0060ce83	lbu	x29,6(x1)	  x1:0x800080e3 x29=0x00000030 PA:0x800080e9
        4155000	       414	80000904	01e76933	or	x18,x14,x30	 x14:0x00000001 x30:0x80009fd7 x18=0x80009fd7
        4165000	       415	80000908	414dd313	srai	x6,x27,0x14	 x27:0x80009fc4  x6=0xfffff800
        4175000	       416	8000090c	ff709da3	sh	x23,-5(x1)	  x1:0x800080e3 x23:0xfffffeb5 PA:0x800080de
        4185000	       417	80000910	00d09a03	lh	x20,13(x1)	  x1:0x800080e3 x20=0xffffb002 PA:0x800080f0
        4195000	       418	80000914	00ea8d33	add	x26,x21,x14	 x21:0x80000000 x14:0x00000001 x26=0x80000001
        4205000	       419	80000918	0010db83	lhu	x23,1(x1)	  x1:0x800080e3 x23=0x0000e01e PA:0x800080e4
        4215000	       420	8000091c	00008897	auipc	x17,0x8	 x17=0x80008918
        4225000	       421	80000920	96888893	addi	x17,x17,-1688	 x17:0x80008918 x17=0x80008280
        4235000	       422	80000924	40fddf33	sra	x30,x27,x15	 x27:0x80009fc4 x15:0x000000ac x30=0xfff80009
        4245000	       423	80000928	0079da13	srli	x20,x19,0x7	 x19:0x00000001 x20=0x00000000
        4255000	       424	8000092c	f948ce03	lbu	x28,-108(x17)	 x17:0x80008280 x28=0x00000050 PA:0x80008214
        4265000	       425	80000930	00000013	addi	x0,x0,0	  x0:0x00000000
        4275000	       426	80000934	0027f7b3	and	x15,x15,x2	 x15:0x000000ac  x2:0x80008cc6 x15=0x00000084
        4285000	       427	80000938	08588503	lb	x10,133(x17)	 x17:0x80008280 x10=0x00000041 PA:0x80008305
        4295000	       428	8000093c	d9976b13	ori	x22,x14,-615	 x14:0x00000001 x22=0xfffffd99
        4305000	       429	80000940	0016f133	and	x2,x13,x1	 x13:0x0000014e  x1:0x800080e3  x2=0x00000042
        4315000	       430	80000944	0ed88083	lb	x1,237(x17)	 x17:0x80008280  x1=0x00000003 PA:0x8000836d
        4325000	       431	80000948	0f588aa3	sb	x21,245(x17)	 x17:0x80008280 x21:0x80000000 PA:0x80008375
        4335000	       432	8000094c	20a98013	addi	x0,x19,522	 x19:0x00000001
        4345000	       433	80000950	0a48a103	lw	x2,164(x17)	 x17:0x80008280  x2=0x53d1972d PA:0x80008324
        4355000	       434	80000954	01889cb3	sll	x25,x17,x24	 x17:0x80008280 x24:0x00000076 x25=0xa0000000
        4365000	       435	80000958	05488da3	sb	x20,91(x17)	 x17:0x80008280 x20:0x00000000 PA:0x800082db
        4375000	       436	8000095c	0588ad03	lw	x26,88(x17)	 x17:0x80008280 x26=0x002fd183 PA:0x800082d8
        4385000	       437	80000960	00fbf6b3	and	x13,x23,x15	 x23:0x0000e01e x15:0x00000084 x13=0x00000004
        4395000	       438	80000964	c33103b7	lui	x7,0xc3310	  x7=0xc3310000
        4405000	       439	80000968	01aeaa33	slt	x20,x29,x26	 x29:0x00000030 x26:0x002fd183 x20=0x00000001
        4415000	       440	8000096c	ff0889a3	sb	x16,-13(x17)	 x17:0x80008280 x16:0x00000053 PA:0x80008273
        4425000	       441	80000970	00487433	and	x8,x16,x4	 x16:0x00000053  x4:0xffffffac  x8=0x00000000
        4435000	       442	80000974	fa5880a3	sb	x5,-95(x17)	 x17:0x80008280  x5:0x00000008 PA:0x80008221
        4445000	       443	80000978	40fb5593	srai	x11,x22,0xf	 x22:0xfffffd99 x11=0xffffffff
        4455000	       444	8000097c	001aa533	slt	x10,x21,x1	 x21:0x80000000  x1:0x00000003 x10=0x00000001
        4465000	       445	80000980	1a578a13	addi	x20,x15,421	 x15:0x00000084 x20=0x00000229
        4475000	       446	80000984	0087dbb3	srl	x23,x15,x8	 x15:0x00000084  x8:0x00000000 x23=0x00000084
        4485000	       447	80000988	0188d703	lhu	x14,24(x17)	 x17:0x80008280 x14=0x0000b875 PA:0x80008298
        4495000	       448	8000098c	02289803	lh	x16,34(x17)	 x17:0x80008280 x16=0xffffb048 PA:0x800082a2
        4505000	       449	80000990	f698c703	lbu	x14,-151(x17)	 x17:0x80008280 x14=0x000000ae PA:0x800081e9
        4515000	       450	80000994	00008e97	auipc	x29,0x8	 x29=0x80008990
        4525000	       451	80000998	b0de8e93	addi	x29,x29,-1267	 x29:0x80008990 x29=0x8000849d
        4535000	       452	8000099c	080e8f03	lb	x30,128(x29)	 x29:0x8000849d x30=0xffffffd0 PA:0x8000851d
        4545000	       453	800009a0	01fb7e33	and	x28,x22,x31	 x22:0xfffffd99 x31:0x80009f60 x28=0x80009d00
        4555000	       454	800009a4	c1ba6913	ori	x18,x20,-997	 x20:0x00000229 x18=0xfffffe3b
        4565000	       455	800009a8	080ecb03	lbu	x22,128(x29)	 x29:0x8000849d x22=0x000000d0 PA:0x8000851d
        4575000	       456	800009ac	1d9e8123	sb	x25,450(x29)	 x29:0x8000849d x25:0xa0000000 PA:0x8000865f
        4585000	       457	800009b0	c3dea5a3	sw	x29,-981(x29)	 x29:0x8000849d x29:0x8000849d PA:0x800080c8
        4595000	       458	800009b4	cffe87a3	sb	x31,-785(x29)	 x29:0x8000849d x31:0x80009f60 PA:0x8000818c
        4605000	       459	800009b8	cefe8783	lb	x15,-785(x29)	 x29:0x8000849d x15=0x00000060 PA:0x8000818c
        4615000	       460	00000000	00000013	addi	x0,x0,0	  x0:0x00000000
        4625000	       461	800009bc	cefe9e03	lh	x28,-785(x29)	 x29:0x8000849d x28=0xffffa860 PA:0x8000818c
        4635000	       462	800009c0	0d2ec483	lbu	x9,210(x29)	 x29:0x8000849d  x9=0x000000b3 PA:0x8000856f
        4645000	       463	800009c4	0d2e8d03	lb	x26,210(x29)	 x29:0x8000849d x26=0xffffffb3 PA:0x8000856f
        4655000	       464	800009c8	a48e5637	lui	x12,0xa48e5	 x12=0xa48e5000
        4665000	       465	800009cc	cf053e13	sltiu	x28,x10,-784	 x10:0x00000001 x28=0x00000001
        4675000	       466	800009d0	0d2ec503	lbu	x10,210(x29)	 x29:0x8000849d x10=0x000000b3 PA:0x8000856f
        4685000	       467	800009d4	0d2ec803	lbu	x16,210(x29)	 x29:0x8000849d x16=0x000000b3 PA:0x8000856f
        4695000	       468	800009d8	0d2e8283	lb	x5,210(x29)	 x29:0x8000849d  x5=0xffffffb3 PA:0x8000856f
        4705000	       469	800009dc	7695fc93	andi	x25,x11,1897	 x11:0xffffffff x25=0x00000769
        4715000	       470	800009e0	0d2e8e03	lb	x28,210(x29)	 x29:0x8000849d x28=0xffffffb3 PA:0x8000856f
        4725000	       471	800009e4	0d2e8b83	lb	x23,210(x29)	 x29:0x8000849d x23=0xffffffb3 PA:0x8000856f
        4735000	       472	800009e8	00008617	auipc	x12,0x8	 x12=0x800089e4
        4745000	       473	800009ec	85c60613	addi	x12,x12,-1956	 x12:0x800089e4 x12=0x80008240
        4755000	       474	800009f0	00008097	auipc	x1,0x8	  x1=0x800089ec
        4765000	       475	800009f4	8f808093	addi	x1,x1,-1800	  x1:0x800089ec  x1=0x800082e4
        4775000	       476	800009f8	42460ca3	sb	x4,1081(x12)	 x12:0x80008240  x4:0xffffffac PA:0x80008679
        4785000	       477	800009fc	fe062583	lw	x11,-32(x12)	 x12:0x80008240 x11=0xc53d08b2 PA:0x80008220
        4795000	       478	80000a00	00008297	auipc	x5,0x8	  x5=0x800089fc
        4805000	       479	80000a04	bcc28293	addi	x5,x5,-1076	  x5:0x800089fc  x5=0x800085c8
        4815000	       480	80000a08	f4664883	lbu	x17,-186(x12)	 x12:0x80008240 x17=0x0000009e PA:0x80008186
        4825000	       481	80000a0c	fd209d03	lh	x26,-46(x1)	  x1:0x800082e4 x26=0x00005b5a PA:0x800082b6
        4835000	       482	80000a10	fb42c883	lbu	x17,-76(x5)	  x5:0x800085c8 x17=0x000000bc PA:0x8000857c
        4845000	       483	80000a14	ff908123	sb	x25,-30(x1)	  x1:0x800082e4 x25:0x00000769 PA:0x800082c6
        4855000	       484	80000a18	0ba2d503	lhu	x10,186(x5)	  x5:0x800085c8 x10=0x00006256 PA:0x80008682
        4865000	       485	80000a1c	00808723	sb	x8,14(x1)	  x1:0x800082e4  x8:0x00000000 PA:0x800082f2
        4875000	       486	80000a20	0a228623	sb	x2,172(x5)	  x5:0x800085c8  x2:0x53d1972d PA:0x80008674
        4885000	       487	80000a24	ff40a783	lw	x15,-12(x1)	  x1:0x800082e4 x15=0x002fd183 PA:0x800082d8
        4895000	       488	80000a28	1f360c23	sb	x19,504(x12)	 x12:0x80008240 x19:0x00000001 PA:0x80008438
        4905000	       489	80000a2c	34f600a3	sb	x15,833(x12)	 x12:0x80008240 x15:0x002fd183 PA:0x80008581
        4915000	       490	80000a30	0070c503	lbu	x10,7(x1)	  x1:0x800082e4 x10=0x000000e4 PA:0x800082eb
        4925000	       491	80000a34	4a461a03	lh	x20,1188(x12)	 x12:0x80008240 x20=0x0000294d PA:0x800086e4
        4935000	       492	80000a38	02708803	lb	x16,39(x1)	  x1:0x800082e4 x16=0x0000006d PA:0x8000830b
        4945000	       493	80000a3c	03b28803	lb	x16,59(x5)	  x5:0x800085c8 x16=0xffffff8a PA:0x80008603
        4955000	       494	80000a40	00c0dc03	lhu	x24,12(x1)	  x1:0x800082e4 x24=0x00008172 PA:0x800082f0
        4965000	       495	80000a44	fdf0c503	lbu	x10,-33(x1)	  x1:0x800082e4 x10=0x00000099 PA:0x800082c3
        4975000	       496	80000a48	0be29903	lh	x18,190(x5)	  x5:0x800085c8 x18=0x000049cb PA:0x80008686
        4985000	       497	80000a4c	fc00d883	lhu	x17,-64(x1)	  x1:0x800082e4 x17=0x000009f4 PA:0x800082a4
        4995000	       498	80000a50	43964f03	lbu	x30,1081(x12)	 x12:0x80008240 x30=0x000000ac PA:0x80008679
        5005000	       499	80000a54	33261403	lh	x8,818(x12)	 x12:0x80008240  x8=0xffff9c1d PA:0x80008572
        5015000	       500	80000a58	fe90c383	lbu	x7,-23(x1)	  x1:0x800082e4  x7=0x00000097 PA:0x800082cd
        5025000	       501	80000a5c	58e64403	lbu	x8,1422(x12)	 x12:0x80008240  x8=0x000000d4 PA:0x800087ce
        5035000	       502	80000a60	1b164b03	lbu	x22,433(x12)	 x12:0x80008240 x22=0x00000085 PA:0x800083f1
        5045000	       503	80000a64	0ba2da03	lhu	x20,186(x5)	  x5:0x800085c8 x20=0x00006256 PA:0x80008682
        5055000	       504	80000a68	00008117	auipc	x2,0x8	  x2=0x80008a64
        5065000	       505	80000a6c	08a10113	addi	x2,x2,138	  x2:0x80008a64  x2=0x80008aee
        5075000	       506	80000a70	804aed13	ori	x26,x21,-2044	 x21:0x80000000 x26=0xfffff804
        5085000	       507	80000a74	01bebeb3	sltu	x29,x29,x27	 x29:0x8000849d x27:0x80009fc4 x29=0x00000001
        5095000	       508	80000a78	0120c9b3	xor	x19,x1,x18	  x1:0x800082e4 x18:0x000049cb x19=0x8000cb2f
        5105000	       509	80000a7c	07615e83	lhu	x29,118(x2)	  x2:0x80008aee x29=0x0000c15b PA:0x80008b64
        5115000	       510	80000a80	007475b3	and	x11,x8,x7	  x8:0x000000d4  x7:0x00000097 x11=0x00000094
        5125000	       511	80000a84	0e210403	lb	x8,226(x2)	  x2:0x80008aee  x8=0x0000003e PA:0x80008bd0
        5135000	       512	80000a88	01d10003	lb	x0,29(x2)	  x2:0x80008aee PA:0x80008b0b
        5145000	       513	80000a8c	40010c33	sub	x24,x2,x0	  x2:0x80008aee  x0:0x00000000 x24=0x80008aee
        5155000	       514	80000a90	01279233	sll	x4,x15,x18	 x15:0x002fd183 x18:0x000049cb  x4=0x7e8c1800
        5165000	       515	80000a94	401209b3	sub	x19,x4,x1	  x4:0x7e8c1800  x1:0x800082e4 x19=0xfe8b951c
        5175000	       516	80000a98	003bd813	srli	x16,x23,0x3	 x23:0xffffffb3 x16=0x1ffffff6
        5185000	       517	80000a9c	409802b3	sub	x5,x16,x9	 x16:0x1ffffff6  x9:0x000000b3  x5=0x1fffff43
        5195000	       518	80000aa0	01bba833	slt	x16,x23,x27	 x23:0xffffffb3 x27:0x80009fc4 x16=0x00000000
        5205000	       519	80000aa4	fb914083	lbu	x1,-71(x2)	  x2:0x80008aee  x1=0x00000040 PA:0x80008aa7
        5215000	       520	80000aa8	0fb10ca3	sb	x27,249(x2)	  x2:0x80008aee x27:0x80009fc4 PA:0x80008be7
        5225000	       521	80000aac	01014c83	lbu	x25,16(x2)	  x2:0x80008aee x25=0x000000d0 PA:0x80008afe
        5235000	       522	80000ab0	3a683093	sltiu	x1,x16,934	 x16:0x00000000  x1=0x00000001
        5245000	       523	80000ab4	01336e33	or	x28,x6,x19	  x6:0xfffff800 x19:0xfe8b951c x28=0xfffffd1c
        5255000	       524	80000ab8	07914683	lbu	x13,121(x2)	  x2:0x80008aee x13=0x00000053 PA:0x80008b67
        5265000	       525	80000abc	411e01b3	sub	x3,x28,x17	 x28:0xfffffd1c x17:0x000009f4  x3=0xfffff328
        5275000	       526	80000ac0	f8f26c13	ori	x24,x4,-113	  x4:0x7e8c1800 x24=0xffffff8f
        5285000	       527	80000ac4	08615803	lhu	x16,134(x2)	  x2:0x80008aee x16=0x0000bb74 PA:0x80008b74
        5295000	       528	80000ac8	eaee6d13	ori	x26,x28,-338	 x28:0xfffffd1c x26=0xffffffbe
        5305000	       529	80000acc	fff14b83	lbu	x23,-1(x2)	  x2:0x80008aee x23=0x00000042 PA:0x80008aed
        5315000	       530	00000000	00000013	addi	x0,x0,0	  x0:0x00000000
        5325000	       531	80000ad0	f7710983	lb	x19,-137(x2)	  x2:0x80008aee x19=0xffffffbf PA:0x80008a65
        5335000	       532	80000ad4	08910d03	lb	x26,137(x2)	  x2:0x80008aee x26=0x00000068 PA:0x80008b77
        5345000	       533	80000ad8	f30104a3	sb	x16,-215(x2)	  x2:0x80008aee x16:0x0000bb74 PA:0x80008a17
        5355000	       534	80000adc	0d210e03	lb	x28,210(x2)	  x2:0x80008aee x28=0xfffffffd PA:0x80008bc0
        5365000	       535	80000ae0	013537b3	sltu	x15,x10,x19	 x10:0x00000099 x19:0xffffffbf x15=0x00000001
        5375000	       536	80000ae4	f5d10a23	sb	x29,-172(x2)	  x2:0x80008aee x29:0x0000c15b PA:0x80008a42
        5385000	       537	80000ae8	018cf2b3	and	x5,x25,x24	 x25:0x000000d0 x24:0xffffff8f  x5=0x00000080
        5395000	       538	80000aec	07c11383	lh	x7,124(x2)	  x2:0x80008aee  x7=0xfffff935 PA:0x80008b6a
        5405000	       539	80000af0	00000013	addi	x0,x0,0	  x0:0x00000000
        5415000	       540	80000af4	06310903	lb	x18,99(x2)	  x2:0x80008aee x18=0xffffff90 PA:0x80008b51
        5425000	       541	80000af8	0175b5b3	sltu	x11,x11,x23	 x11:0x00000094 x23:0x00000042 x11=0x00000000
        5435000	       542	80000afc	03b14883	lbu	x17,59(x2)	  x2:0x80008aee x17=0x00000068 PA:0x80008b29
        5445000	       543	00000000	00000013	addi	x0,x0,0	  x0:0x00000000
        5455000	       544	80000b00	0d114b03	lbu	x22,209(x2)	  x2:0x80008aee x22=0x000000d6 PA:0x80008bbf
        5465000	       545	80000b04	43c34493	xori	x9,x6,1084	  x6:0xfffff800  x9=0xfffffc3c
        5475000	       546	80000b08	00ad2e33	slt	x28,x26,x10	 x26:0x00000068 x10:0x00000099 x28=0x00000001
        5485000	       547	80000b0c	2c66f993	andi	x19,x13,710	 x13:0x00000053 x19=0x00000042
        5495000	       548	80000b10	0a710e83	lb	x29,167(x2)	  x2:0x80008aee x29=0x00000051 PA:0x80008b95
        5505000	       549	80000b14	00161593	slli	x11,x12,0x1	 x12:0x80008240 x11=0x00010480
        5515000	       550	80000b18	01dae3b3	or	x7,x21,x29	 x21:0x80000000 x29:0x00000051  x7=0x80000051
        5525000	       551	80000b1c	21e8ed13	ori	x26,x17,542	 x17:0x00000068 x26=0x0000027e
        5535000	       552	80000b20	f2310923	sb	x3,-206(x2)	  x2:0x80008aee  x3:0xfffff328 PA:0x80008a20
        5545000	       553	80000b24	00008197	auipc	x3,0x8	  x3=0x80008b20
        5555000	       554	80000b28	c5318193	addi	x3,x3,-941	  x3:0x80008b20  x3=0x80008773
        5565000	       555	80000b2c	00008f17	auipc	x30,0x8	 x30=0x80008b28
        5575000	       556	80000b30	c5cf0f13	addi	x30,x30,-932	 x30:0x80008b28 x30=0x80008784
        5585000	       557	80000b34	00007c97	auipc	x25,0x7	 x25=0x80007b30
        5595000	       558	80000b38	70ec8c93	addi	x25,x25,1806	 x25:0x80007b30 x25=0x8000823e
        5605000	       559	80000b3c	fcaf1b03	lh	x22,-54(x30)	 x30:0x80008784 x22=0xffffbb16 PA:0x8000874e
        5615000	       560	80000b40	0a7c8da3	sb	x7,187(x25)	 x25:0x8000823e  x7:0x80000051 PA:0x800082f9
        5625000	       561	80000b44	00008497	auipc	x9,0x8	  x9=0x80008b40
        5635000	       562	80000b48	97c48493	addi	x9,x9,-1668	  x9:0x80008b40  x9=0x800084bc
        5645000	       563	80000b4c	f1cc83a3	sb	x28,-249(x25)	 x25:0x8000823e x28:0x00000001 PA:0x80008145
        5655000	       564	80000b50	f0bc86a3	sb	x11,-243(x25)	 x25:0x8000823e x11:0x00010480 PA:0x8000814b
        5665000	       565	80000b54	ff94cd03	lbu	x26,-7(x9)	  x9:0x800084bc x26=0x000000a2 PA:0x800084b5
        5675000	       566	80000b58	032c9823	sh	x18,48(x25)	 x25:0x8000823e x18:0xffffff90 PA:0x8000826e
        5685000	       567	80000b5c	fe81c203	lbu	x4,-24(x3)	  x3:0x80008773  x4=0x00000046 PA:0x8000875b
        5695000	       568	80000b60	fc81c403	lbu	x8,-56(x3)	  x3:0x80008773  x8=0x00000024 PA:0x8000873b
        5705000	       569	80000b64	fcbf0603	lb	x12,-53(x30)	 x30:0x80008784 x12=0xffffffbb PA:0x8000874f
        5715000	       570	80000b68	0a0cc283	lbu	x5,160(x25)	 x25:0x8000823e  x5=0x00000080 PA:0x800082de
        5725000	       571	80000b6c	040f4e83	lbu	x29,64(x30)	 x30:0x80008784 x29=0x0000002d PA:0x800087c4
        5735000	       572	80000b70	00348403	lb	x8,3(x9)	  x9:0x800084bc  x8=0xffffff9d PA:0x800084bf
        5745000	       573	80000b74	014180a3	sb	x20,1(x3)	  x3:0x80008773 x20:0x00006256 PA:0x80008774
        5755000	       574	80000b78	0101ce03	lbu	x28,16(x3)	  x3:0x80008773 x28=0x0000002d PA:0x80008783
        5765000	       575	80000b7c	072c9a03	lh	x20,114(x25)	 x25:0x8000823e x20=0x00007666 PA:0x800082b0
        5775000	       576	80000b80	01049003	lh	x0,16(x9)	  x9:0x800084bc PA:0x800084cc
        5785000	       577	80000b84	00a49383	lh	x7,10(x9)	  x9:0x800084bc  x7=0xffff9711 PA:0x800084c6
        5795000	       578	80000b88	ffbf0683	lb	x13,-5(x30)	 x30:0x80008784 x13=0xffffff90 PA:0x8000877f
        5805000	       579	80000b8c	fcbf0a03	lb	x20,-53(x30)	 x30:0x80008784 x20=0xffffffbb PA:0x8000874f
        5815000	       580	80000b90	ffb18e03	lb	x28,-5(x3)	  x3:0x80008773 x28=0xffffffef PA:0x8000876e
        5825000	       581	80000b94	03df0a03	lb	x20,61(x30)	 x30:0x80008784 x20=0x0000006a PA:0x800087c1
        5835000	       582	80000b98	fabc8503	lb	x10,-85(x25)	 x25:0x8000823e x10=0xffffffae PA:0x800081e9
        5845000	       583	80000b9c	023197a3	sh	x3,47(x3)	  x3:0x80008773  x3:0x80008773 PA:0x800087a2
        5855000	       584	80000ba0	fe6f07a3	sb	x6,-17(x30)	 x30:0x80008784  x6:0xfffff800 PA:0x80008773
        5865000	       585	80000ba4	fff48303	lb	x6,-1(x9)	  x9:0x800084bc  x6=0x0000001c PA:0x800084bb
        5875000	       586	80000ba8	fc3c8923	sb	x3,-46(x25)	 x25:0x8000823e  x3:0x80008773 PA:0x80008210
        5885000	       587	80000bac	ffa48283	lb	x5,-6(x9)	  x9:0x800084bc  x5=0x00000013 PA:0x800084b6
        5895000	       588	80000bb0	00c18a03	lb	x20,12(x3)	  x3:0x80008773 x20=0xffffff90 PA:0x8000877f
        5905000	       589	80000bb4	0eac8fa3	sb	x10,255(x25)	 x25:0x8000823e x10:0xffffffae PA:0x8000833d
        5915000	       590	80000bb8	020f4803	lbu	x16,32(x30)	 x30:0x80008784 x16=0x00000067 PA:0x800087a4
        5925000	       591	80000bbc	f0dc8a03	lb	x20,-243(x25)	 x25:0x8000823e x20=0xffffff80 PA:0x8000814b
        5935000	       592	80000bc0	01af0903	lb	x18,26(x30)	 x30:0x80008784 x18=0x00000069 PA:0x8000879e
        5945000	       593	80000bc4	ffc48923	sb	x28,-14(x9)	  x9:0x800084bc x28:0xffffffef PA:0x800084ae
        5955000	       594	80000bc8	00008b97	auipc	x23,0x8	 x23=0x80008bc4
        5965000	       595	80000bcc	9d3b8b93	addi	x23,x23,-1581	 x23:0x80008bc4 x23=0x80008597
        5975000	       596	80000bd0	f94bcf03	lbu	x30,-108(x23)	 x23:0x80008597 x30=0x000000c4 PA:0x8000852b
        5985000	       597	80000bd4	0dabc803	lbu	x16,218(x23)	 x23:0x80008597 x16=0x000000b6 PA:0x80008671
        5995000	       598	80000bd8	00c1d433	srl	x8,x3,x12	  x3:0x80008773 x12:0xffffffbb  x8=0x00000010
        6005000	       599	80000bdc	a7b3f093	andi	x1,x7,-1413	  x7:0xffff9711  x1=0xffff9211
        6015000	       600	80000be0	04dbab03	lw	x22,77(x23)	 x23:0x80008597 x22=0x5ef4bdbd PA:0x800085e4
        6025000	       601	80000be4	ced28313	addi	x6,x5,-787	  x5:0x00000013  x6=0xfffffd00
        6035000	       602	80000be8	0b5b8103	lb	x2,181(x23)	 x23:0x80008597  x2=0xffffff96 PA:0x8000864c
        6045000	       603	80000bec	154d3f13	sltiu	x30,x26,340	 x26:0x000000a2 x30=0x00000001
        6055000	       604	80000bf0	0b5bd683	lhu	x13,181(x23)	 x23:0x80008597 x13=0x00001d96 PA:0x8000864c
        6065000	       605	80000bf4	0e8b8623	sb	x8,236(x23)	 x23:0x80008597  x8:0x00000010 PA:0x80008683
        6075000	       606	80000bf8	0e1b8623	sb	x1,236(x23)	 x23:0x80008597  x1:0xffff9211 PA:0x80008683
        6085000	       607	80000bfc	0ecb8623	sb	x12,236(x23)	 x23:0x80008597 x12:0xffffffbb PA:0x80008683
        6095000	       608	80000c00	0ecb8203	lb	x4,236(x23)	 x23:0x80008597  x4=0xffffffbb PA:0x80008683
        6105000	       609	80000c04	0f2b8623	sb	x18,236(x23)	 x23:0x80008597 x18:0x00000069 PA:0x80008683
        6115000	       610	80000c08	f30b8883	lb	x17,-208(x23)	 x23:0x80008597 x17=0xffffff97 PA:0x800084c7
        6125000	       611	80000c0c	f30b8403	lb	x8,-208(x23)	 x23:0x80008597  x8=0xffffff97 PA:0x800084c7
        6135000	       612	80000c10	f2fb8823	sb	x15,-208(x23)	 x23:0x80008597 x15:0x00000001 PA:0x800084c7
        6145000	       613	80000c14	0c6bce03	lbu	x28,198(x23)	 x23:0x80008597 x28=0x000000e0 PA:0x8000865d
        6155000	       614	80000c18	0c6bcf03	lbu	x30,198(x23)	 x23:0x80008597 x30=0x000000e0 PA:0x8000865d
        6165000	       615	80000c1c	0c0b8323	sb	x0,198(x23)	 x23:0x80008597  x0:0x00000000 PA:0x8000865d
        6175000	       616	80000c20	0c3b8323	sb	x3,198(x23)	 x23:0x80008597  x3:0x80008773 PA:0x8000865d
        6185000	       617	80000c24	05fbcb03	lbu	x22,95(x23)	 x23:0x80008597 x22=0x0000007c PA:0x800085f6
        6195000	       618	80000c28	00008b17	auipc	x22,0x8	 x22=0x80008c24
        6205000	       619	80000c2c	b9eb0b13	addi	x22,x22,-1122	 x22:0x80008c24 x22=0x800087c2
        6215000	       620	80000c30	008b0f03	lb	x30,8(x22)	 x22:0x800087c2 x30=0xfffffff5 PA:0x800087ca
        6225000	       621	80000c34	018b07a3	sb	x24,15(x22)	 x22:0x800087c2 x24:0xffffff8f PA:0x800087d1
        6235000	       622	80000c38	01e3c3b3	xor	x7,x7,x30	  x7:0xffff9711 x30:0xfffffff5  x7=0x000068e4
        6245000	       623	80000c3c	ffbb1e23	sh	x27,-4(x22)	 x22:0x800087c2 x27:0x80009fc4 PA:0x800087be
        6255000	       624	80000c40	d70a8613	addi	x12,x21,-656	 x21:0x80000000 x12=0x7ffffd70
        6265000	       625	80000c44	fc5b0e03	lb	x28,-59(x22)	 x22:0x800087c2 x28=0xfffffffc PA:0x80008787
        6275000	       626	80000c48	00d0e9b3	or	x19,x1,x13	  x1:0xffff9211 x13:0x00001d96 x19=0xffff9f97
        6285000	       627	80000c4c	014fbeb3	sltu	x29,x31,x20	 x31:0x80009f60 x20:0xffffff80 x29=0x00000001
        6295000	       628	80000c50	fe1b1023	sh	x1,-32(x22)	 x22:0x800087c2  x1:0xffff9211 PA:0x800087a2
        6305000	       629	80000c54	fc6b5883	lhu	x17,-58(x22)	 x22:0x800087c2 x17=0x0000bd94 PA:0x80008788
        6315000	       630	80000c58	fe2b2903	lw	x18,-30(x22)	 x22:0x800087c2 x18=0xf1ecd267 PA:0x800087a4
        6325000	       631	80000c5c	fe8b1723	sh	x8,-18(x22)	 x22:0x800087c2  x8:0xffffff97 PA:0x800087b0
        6335000	       632	80000c60	b53ea993	slti	x19,x29,-1197	 x29:0x00000001 x19=0x00000000
        6345000	       633	80000c64	fc6b2303	lw	x6,-58(x22)	 x22:0x800087c2  x6=0x5b12bd94 PA:0x80008788
        6355000	       634	80000c68	000bd413	srli	x8,x23,0x0	 x23:0x80008597  x8=0x80008597
        6365000	       635	80000c6c	ff9b2523	sw	x25,-22(x22)	 x22:0x800087c2 x25:0x8000823e PA:0x800087ac
        6375000	       636	80000c70	401a89b3	sub	x19,x21,x1	 x21:0x80000000  x1:0xffff9211 x19=0x80006def
        6385000	       637	80000c74	01d3d713	srli	x14,x7,0x1d	  x7:0x000068e4 x14=0x00000000
        6395000	       638	80000c78	40ca5693	srai	x13,x20,0xc	 x20:0xffffff80 x13=0xffffffff
        6405000	       639	80000c7c	02eb0ea3	sb	x14,61(x22)	 x22:0x800087c2 x14:0x00000000 PA:0x800087ff
        6415000	       640	80000c80	00000013	addi	x0,x0,0	  x0:0x00000000
        6425000	       641	80000c84	028b1823	sh	x8,48(x22)	 x22:0x800087c2  x8:0x80008597 PA:0x800087f2
        6435000	       642	80000c88	9870e493	ori	x9,x1,-1657	  x1:0xffff9211  x9=0xfffffb97
        6445000	       643	80000c8c	021b3237	lui	x4,0x21b3	  x4=0x021b3000
        6455000	       644	80000c90	15d9a717	auipc	x14,0x15d9a	 x14=0x95d9ac8c
        6465000	       645	80000c94	40085433	sra	x8,x16,x0	 x16:0x000000b6  x0:0x00000000  x8=0x000000b6
        6475000	       646	80000c98	02cb0623	sb	x12,44(x22)	 x22:0x800087c2 x12:0x7ffffd70 PA:0x800087ee
        6485000	       647	80000c9c	01847933	and	x18,x8,x24	  x8:0x000000b6 x24:0xffffff8f x18=0x00000086
        6495000	       648	80000ca0	036b01a3	sb	x22,35(x22)	 x22:0x800087c2 x22:0x800087c2 PA:0x800087e5
        6505000	       649	80000ca4	af7f4293	xori	x5,x30,-1289	 x30:0xfffffff5  x5=0x00000502
        6515000	       650	80000ca8	010b4083	lbu	x1,16(x22)	 x22:0x800087c2  x1=0x000000ce PA:0x800087d2
        6525000	       651	80000cac	00eb1983	lh	x19,14(x22)	 x22:0x800087c2 x19=0xffff8fb8 PA:0x800087d0
        6535000	       652	80000cb0	038b09a3	sb	x24,51(x22)	 x22:0x800087c2 x24:0xffffff8f PA:0x800087f5
        6545000	       653	80000cb4	035b1f23	sh	x21,62(x22)	 x22:0x800087c2 x21:0x80000000 PA:0x80008800
        6555000	       654	80000cb8	00ec1c33	sll	x24,x24,x14	 x24:0xffffff8f x14:0x95d9ac8c x24=0xfff8f000
        6565000	       655	80000cbc	40360033	sub	x0,x12,x3	 x12:0x7ffffd70  x3:0x80008773
        6575000	       656	80000cc0	40f55eb3	sra	x29,x10,x15	 x10:0xffffffae x15:0x00000001 x29=0xffffffd7
        6585000	       657	80000cc4	fccb0383	lb	x7,-52(x22)	 x22:0x800087c2  x7=0xffffff91 PA:0x8000878e
        6595000	       658	80000cc8	0060c2b3	xor	x5,x1,x6	  x1:0x000000ce  x6:0x5b12bd94  x5=0x5b12bd5a
        6605000	       659	80000ccc	fd8b5003	lhu	x0,-40(x22)	 x22:0x800087c2 PA:0x8000879a
        6615000	       660	80000cd0	00bb1e23	sh	x11,28(x22)	 x22:0x800087c2 x11:0x00010480 PA:0x800087de
        6625000	       661	80000cd4	000b0d03	lb	x26,0(x22)	 x22:0x800087c2 x26=0xffffffd6 PA:0x800087c2
        6635000	       662	80000cd8	025b4583	lbu	x11,37(x22)	 x22:0x800087c2 x11=0x0000007a PA:0x800087e7
        6645000	       663	80000cdc	006b2883	lw	x17,6(x22)	 x22:0x800087c2 x17=0x2bf5964d PA:0x800087c8
        6655000	       664	80000ce0	0643af13	slti	x30,x7,100	  x7:0xffffff91 x30=0x00000001
        6665000	       665	80000ce4	8e743a13	sltiu	x20,x8,-1817	  x8:0x000000b6 x20=0x00000001
        6675000	       666	80000ce8	fd5b4383	lbu	x7,-43(x22)	 x22:0x800087c2  x7=0x000000fe PA:0x80008797
        6685000	       667	80000cec	ff3b1023	sh	x19,-32(x22)	 x22:0x800087c2 x19:0xffff8fb8 PA:0x800087a2
        6695000	       668	80000cf0	00007597	auipc	x11,0x7	 x11=0x80007cec
        6705000	       669	80000cf4	70858593	addi	x11,x11,1800	 x11:0x80007cec x11=0x800083f4
        6715000	       670	80000cf8	ffe58e23	sb	x30,-4(x11)	 x11:0x800083f4 x30:0x00000001 PA:0x800083f0
        6725000	       671	80000cfc	00008317	auipc	x6,0x8	  x6=0x80008cf8
        6735000	       672	80000d00	82230313	addi	x6,x6,-2014	  x6:0x80008cf8  x6=0x8000851a
        6745000	       673	80000d04	00008417	auipc	x8,0x8	  x8=0x80008d00
        6755000	       674	80000d08	9b940413	addi	x8,x8,-1607	  x8:0x80008d00  x8=0x800086b9
        6765000	       675	80000d0c	00459003	lh	x0,4(x11)	 x11:0x800083f4 PA:0x800083f8
        6775000	       676	80000d10	00435a03	lhu	x20,4(x6)	  x6:0x8000851a x20=0x0000bb0d PA:0x8000851e
        6785000	       677	80000d14	fa941d03	lh	x26,-87(x8)	  x8:0x800086b9 x26=0xffff9f00 PA:0x80008662
        6795000	       678	80000d18	00008c97	auipc	x25,0x8	 x25=0x80008d14
        6805000	       679	80000d1c	8e4c8c93	addi	x25,x25,-1820	 x25:0x80008d14 x25=0x800085f8
        6815000	       680	80000d20	0b0c9d03	lh	x26,176(x25)	 x25:0x800085f8 x26=0xfffff28c PA:0x800086a8
        6825000	       681	80000d24	fd334283	lbu	x5,-45(x6)	  x6:0x8000851a  x5=0x000000ce PA:0x800084ed
        6835000	       682	80000d28	dffc8b83	lb	x23,-513(x25)	 x25:0x800085f8 x23=0xffffffe7 PA:0x800083f7
        6845000	       683	80000d2c	04145083	lhu	x1,65(x8)	  x8:0x800086b9  x1=0x00002a46 PA:0x800086fa
        6855000	       684	80000d30	03730883	lb	x17,55(x6)	  x6:0x8000851a x17=0xffffff8b PA:0x80008551
        6865000	       685	80000d34	004307a3	sb	x4,15(x6)	  x6:0x8000851a  x4:0x021b3000 PA:0x80008529
        6875000	       686	80000d38	00b58e03	lb	x28,11(x11)	 x11:0x800083f4 x28=0xffffffaa PA:0x800083ff
        6885000	       687	00000000	00000013	addi	x0,x0,0	  x0:0x00000000
        6895000	       688	80000d3c	b1cccf03	lbu	x30,-1252(x25)	 x25:0x800085f8 x30=0x0000001e PA:0x80008114
        6905000	       689	80000d40	f2b44d03	lbu	x26,-213(x8)	  x8:0x800086b9 x26=0x000000bd PA:0x800085e4
        6915000	       690	80000d44	02544e03	lbu	x28,37(x8)	  x8:0x800086b9 x28=0x0000003a PA:0x800086de
        6925000	       691	80000d48	0a945703	lhu	x14,169(x8)	  x8:0x800086b9 x14=0x00004b3f PA:0x80008762
        6935000	       692	80000d4c	00430423	sb	x4,8(x6)	  x6:0x8000851a  x4:0x021b3000 PA:0x80008522
        6945000	       693	80000d50	ff2cde83	lhu	x29,-14(x25)	 x25:0x800085f8 x29=0x000017fb PA:0x800085ea
        6955000	       694	80000d54	f3640703	lb	x14,-202(x8)	  x8:0x800086b9 x14=0x00000021 PA:0x800085ef
        6965000	       695	80000d58	fe2588a3	sb	x2,-15(x11)	 x11:0x800083f4  x2:0xffffff96 PA:0x800083e5
        6975000	       696	80000d5c	ffd58083	lb	x1,-3(x11)	 x11:0x800083f4  x1=0xffffff85 PA:0x800083f1
        6985000	       697	80000d60	ffd30683	lb	x13,-3(x6)	  x6:0x8000851a x13=0x00000030 PA:0x80008517
        6995000	       698	80000d64	fd330483	lb	x9,-45(x6)	  x6:0x8000851a  x9=0xffffffce PA:0x800084ed
        7005000	       699	80000d68	c9dccb03	lbu	x22,-867(x25)	 x25:0x800085f8 x22=0x0000002c PA:0x80008295
        7015000	       700	80000d6c	00859123	sh	x8,2(x11)	 x11:0x800083f4  x8:0x800086b9 PA:0x800083f6
        7025000	       701	80000d70	a88ca883	lw	x17,-1400(x25)	 x25:0x800085f8 x17=0xd0fd7982 PA:0x80008080
        7035000	       702	80000d74	02134903	lbu	x18,33(x6)	  x6:0x8000851a x18=0x00000022 PA:0x8000853b
        7045000	       703	80000d78	0bd45203	lhu	x4,189(x8)	  x8:0x800086b9  x4=0x00007b75 PA:0x80008776
        7055000	       704	80000d7c	ffb58503	lb	x10,-5(x11)	 x11:0x800083f4 x10=0x0000002d PA:0x800083ef
        7065000	       705	80000d80	ff231683	lh	x13,-14(x6)	  x6:0x8000851a x13=0x00004ba8 PA:0x8000850c
        7075000	       706	80000d84	a89c8383	lb	x7,-1399(x25)	 x25:0x800085f8  x7=0x00000079 PA:0x80008081
        7085000	       707	80000d88	00258e83	lb	x29,2(x11)	 x11:0x800083f4 x29=0xffffffb9 PA:0x800083f6
        7095000	       708	80000d8c	ffe58d03	lb	x26,-2(x11)	 x11:0x800083f4 x26=0x00000029 PA:0x800083f2
        7105000	       709	80000d90	fd431203	lh	x4,-44(x6)	  x6:0x8000851a  x4=0x00001d76 PA:0x800084ee
        7115000	       710	80000d94	00b58723	sb	x11,14(x11)	 x11:0x800083f4 x11:0x800083f4 PA:0x80008402
        7125000	       711	80000d98	02b44103	lbu	x2,43(x8)	  x8:0x800086b9  x2=0x0000004d PA:0x800086e4
        7135000	       712	80000d9c	f9b44983	lbu	x19,-101(x8)	  x8:0x800086b9 x19=0x00000019 PA:0x80008654
        7145000	       713	80000da0	00008897	auipc	x17,0x8	 x17=0x80008d9c
        7155000	       714	80000da4	8b288893	addi	x17,x17,-1870	 x17:0x80008d9c x17=0x8000864e
        7165000	       715	80000da8	00008917	auipc	x18,0x8	 x18=0x80008da4
        7175000	       716	80000dac	94c90913	addi	x18,x18,-1716	 x18:0x80008da4 x18=0x800086f0
        7185000	       717	80000db0	0068aa03	lw	x20,6(x17)	 x17:0x8000864e x20=0x569d6f19 PA:0x80008654
        7195000	       718	80000db4	00007597	auipc	x11,0x7	 x11=0x80007db0
        7205000	       719	80000db8	7f058593	addi	x11,x11,2032	 x11:0x80007db0 x11=0x800085a0
        7215000	       720	80000dbc	00007217	auipc	x4,0x7	  x4=0x80007db8
        7225000	       721	80000dc0	51920213	addi	x4,x4,1305	  x4:0x80007db8  x4=0x800082d1
        7235000	       722	80000dc4	fc190423	sb	x1,-56(x18)	 x18:0x800086f0  x1:0xffffff85 PA:0x800086b8
        7245000	       723	80000dc8	4f9212a3	sh	x25,1253(x4)	  x4:0x800082d1 x25:0x800085f8 PA:0x800087b6
        7255000	       724	80000dcc	f3d88703	lb	x14,-195(x17)	 x17:0x8000864e x14=0xffffffd3 PA:0x8000858b
        7265000	       725	80000dd0	f645cd03	lbu	x26,-156(x11)	 x11:0x800085a0 x26=0x0000005c PA:0x80008504
        7275000	       726	80000dd4	fd895b83	lhu	x23,-40(x18)	 x18:0x800086f0 x23=0x0000e8ff PA:0x800086c8
        7285000	       727	80000dd8	1c121303	lh	x6,449(x4)	  x4:0x800082d1  x6=0xfffff566 PA:0x80008492
        7295000	       728	80000ddc	f8058603	lb	x12,-128(x11)	 x11:0x800085a0 x12=0xffffff8d PA:0x80008520
        7305000	       729	80000de0	40920123	sb	x9,1026(x4)	  x4:0x800082d1  x9:0xffffffce PA:0x800086d3
        7315000	       730	80000de4	0ae59f03	lh	x30,174(x11)	 x11:0x800085a0 x30=0xffffcb77 PA:0x8000864e
        7325000	       731	80000de8	02591123	sh	x5,34(x18)	 x18:0x800086f0  x5:0x000000ce PA:0x80008712
        7335000	       732	80000dec	06a88da3	sb	x10,123(x17)	 x17:0x8000864e x10:0x0000002d PA:0x800086c9
        7345000	       733	80000df0	f01585a3	sb	x1,-245(x11)	 x11:0x800085a0  x1:0xffffff85 PA:0x800084ab
        7355000	       734	80000df4	f605c603	lbu	x12,-160(x11)	 x11:0x800085a0 x12=0x000000ec PA:0x80008500
        7365000	       735	80000df8	52325983	lhu	x19,1315(x4)	  x4:0x800082d1 x19=0x00008f82 PA:0x800087f4
        7375000	       736	80000dfc	03590b03	lb	x22,53(x18)	 x18:0x800086f0 x22=0xffffff99 PA:0x80008725
        7385000	       737	80000e00	0c688ba3	sb	x6,215(x17)	 x17:0x8000864e  x6:0xfffff566 PA:0x80008725
        7395000	       738	80000e04	02a95383	lhu	x7,42(x18)	 x18:0x800086f0  x7=0x00002e48 PA:0x8000871a
        7405000	       739	80000e08	fdc90ea3	sb	x28,-35(x18)	 x18:0x800086f0 x28:0x0000003a PA:0x800086cd
        7415000	       740	80000e0c	0845a483	lw	x9,132(x11)	 x11:0x800085a0  x9=0x24961728 PA:0x80008624
        7425000	       741	80000e10	01020683	lb	x13,16(x4)	  x4:0x800082d1 x13=0xffffff82 PA:0x800082e1
        7435000	       742	80000e14	fe4906a3	sb	x4,-19(x18)	 x18:0x800086f0  x4:0x800082d1 PA:0x800086dd
        7445000	       743	80000e18	06a58f23	sb	x10,126(x11)	 x11:0x800085a0 x10:0x0000002d PA:0x8000861e
        7455000	       744	80000e1c	00190e83	lb	x29,1(x18)	 x18:0x800086f0 x29=0x00000063 PA:0x800086f1
        7465000	       745	80000e20	12f20d03	lb	x26,303(x4)	  x4:0x800082d1 x26=0xffffffde PA:0x80008400
        7475000	       746	80000e24	01794a03	lbu	x20,23(x18)	 x18:0x800086f0 x20=0x000000fe PA:0x80008707
        7485000	       747	80000e28	0665d803	lhu	x16,102(x11)	 x11:0x800085a0 x16=0x0000f310 PA:0x80008606
        7495000	       748	80000e2c	11e20023	sb	x30,256(x4)	  x4:0x800082d1 x30:0xffffcb77 PA:0x800083d1
        7505000	       749	80000e30	f7b89f23	sh	x27,-130(x17)	 x17:0x8000864e x27:0x80009fc4 PA:0x800085cc
        7515000	       750	80000e34	f8758503	lb	x10,-121(x11)	 x11:0x800085a0 x10=0xfffffff9 PA:0x80008527
        7525000	       751	80000e38	fb522fa3	sw	x21,-65(x4)	  x4:0x800082d1 x21:0x80000000 PA:0x80008290
        7535000	       752	80000e3c	28264b13	xori	x22,x12,642	 x12:0x000000ec x22=0x0000026e
        7545000	       753	80000e40	0114e1b3	or	x3,x9,x17	  x9:0x24961728 x17:0x8000864e  x3=0xa496976e
        7555000	       754	80000e44	04926063	bltu	x4,x9,80000e84	  x4:0x800082d1  x9:0x24961728
        7565000	       755	80000e48	00715c93	srli	x25,x2,0x7	  x2:0x0000004d x25=0x00000000
        7575000	       756	80000e4c	00eeb033	sltu	x0,x29,x14	 x29:0x00000063 x14:0xffffffd3
        7585000	       757	80000e50	00000013	addi	x0,x0,0	  x0:0x00000000
        7595000	       758	80000e54	cacdb893	sltiu	x17,x27,-852	 x27:0x80009fc4 x17=0x00000001
        7605000	       759	80000e58	00d358b3	srl	x17,x6,x13	  x6:0xfffff566 x13:0xffffff82 x17=0x3ffffd59
        7615000	       760	80000e5c	af9d5797	auipc	x15,0xaf9d5	 x15=0x2f9d5e58
        7625000	       761	80000e60	00df56b3	srl	x13,x30,x13	 x30:0xffffcb77 x13:0xffffff82 x13=0x3ffff2dd
        7635000	       762	80000e64	0117fa33	and	x20,x15,x17	 x15:0x2f9d5e58 x17:0x3ffffd59 x20=0x2f9d5c58
        7645000	       763	80000e68	040dc663	blt	x27,x0,80000eb4	 x27:0x80009fc4  x0:0x00000000
        7655000	       764	00000000	00000013	addi	x0,x0,0	  x0:0x00000000
        7665000	       765	80000eb0	00000013	addi	x0,x0,0	  x0:0x00000000
        7675000	       766	80000eb4	0032e6b3	or	x13,x5,x3	  x5:0x000000ce  x3:0xa496976e x13=0xa49697ee
        7685000	       767	80000eb8	01189a63	bne	x17,x17,80000ecc	 x17:0x3ffffd59 x17:0x3ffffd59
        7695000	       768	80000ebc	04347463	bgeu	x8,x3,80000f04	  x8:0x800086b9  x3:0xa496976e
        7705000	       769	80000ec0	01e688b3	add	x17,x13,x30	 x13:0xa49697ee x30:0xffffcb77 x17=0xa4966365
        7715000	       770	80000ec4	01f25713	srli	x14,x4,0x1f	  x4:0x800082d1 x14=0x00000001
        7725000	       771	80000ec8	01161263	bne	x12,x17,80000ecc	 x12:0x000000ec x17:0xa4966365
        7735000	       772	00000000	00000013	addi	x0,x0,0	  x0:0x00000000
        7745000	       773	80000ec8	00000013	addi	x0,x0,0	  x0:0x00000000
        7755000	       774	80000ecc	40930033	sub	x0,x6,x9	  x6:0xfffff566  x9:0x24961728
        7765000	       775	80000ed0	e9ff2813	slti	x16,x30,-353	 x30:0xffffcb77 x16=0x00000001
        7775000	       776	80000ed4	00000013	addi	x0,x0,0	  x0:0x00000000
        7785000	       777	80000ed8	02aa4263	blt	x20,x10,80000efc	 x20:0x2f9d5c58 x10:0xfffffff9
        7795000	       778	80000edc	9807c093	xori	x1,x15,-1664	 x15:0x2f9d5e58  x1=0xd062a7d8
        7805000	       779	80000ee0	eed08813	addi	x16,x1,-275	  x1:0xd062a7d8 x16=0xd062a6c5
        7815000	       780	80000ee4	00c5d033	srl	x0,x11,x12	 x11:0x800085a0 x12:0x000000ec
        7825000	       781	80000ee8	00000013	addi	x0,x0,0	  x0:0x00000000
        7835000	       782	80000eec	014683b3	add	x7,x13,x20	 x13:0xa49697ee x20:0x2f9d5c58  x7=0xd433f446
        7845000	       783	80000ef0	01365133	srl	x2,x12,x19	 x12:0x000000ec x19:0x00008f82  x2=0x0000003b
        7855000	       784	80000ef4	769cc213	xori	x4,x25,1897	 x25:0x00000000  x4=0x00000769
        7865000	       785	80000ef8	40c483b3	sub	x7,x9,x12	  x9:0x24961728 x12:0x000000ec  x7=0x2496163c
        7875000	       786	80000efc	0216f263	bgeu	x13,x1,80000f20	 x13:0xa49697ee  x1:0xd062a7d8
        7885000	       787	80000f00	006eee63	bltu	x29,x6,80000f1c	 x29:0x00000063  x6:0xfffff566
        7895000	       788	00000000	00000013	addi	x0,x0,0	  x0:0x00000000
        7905000	       789	80000f18	00000013	addi	x0,x0,0	  x0:0x00000000
        7915000	       790	80000f1c	01f80833	add	x16,x16,x31	 x16:0xd062a6c5 x31:0x80009f60 x16=0x50634625
        7925000	       791	80000f20	00ea03b3	add	x7,x20,x14	 x20:0x2f9d5c58 x14:0x00000001  x7=0x2f9d5c59
        7935000	       792	80000f24	00d45a33	srl	x20,x8,x13	  x8:0x800086b9 x13:0xa49697ee x20=0x00020002
        7945000	       793	80000f28	40ded0b3	sra	x1,x29,x13	 x29:0x00000063 x13:0xa49697ee  x1=0x00000000
        7955000	       794	80000f2c	5cdd6193	ori	x3,x26,1485	 x26:0xffffffde  x3=0xffffffdf
        7965000	       795	80000f30	03920a63	beq	x4,x25,80000f64	  x4:0x00000769 x25:0x00000000
        7975000	       796	80000f34	e4514c13	xori	x24,x2,-443	  x2:0x0000003b x24=0xfffffe7e
        7985000	       797	80000f38	01fb2e33	slt	x28,x22,x31	 x22:0x0000026e x31:0x80009f60 x28=0x00000000
        7995000	       798	80000f3c	400b8b33	sub	x22,x23,x0	 x23:0x0000e8ff  x0:0x00000000 x22=0x0000e8ff
        8005000	       799	80000f40	012b1833	sll	x16,x22,x18	 x22:0x0000e8ff x18:0x800086f0 x16=0xe8ff0000
        8015000	       800	80000f44	c7f2c293	xori	x5,x5,-897	  x5:0x000000ce  x5=0xfffffcb1
        8025000	       801	80000f48	012b7233	and	x4,x22,x18	 x22:0x0000e8ff x18:0x800086f0  x4=0x000080f0
        8035000	       802	80000f4c	f186a837	lui	x16,0xf186a	 x16=0xf186a000
        8045000	       803	80000f50	016ce863	bltu	x25,x22,80000f60	 x25:0x00000000 x22:0x0000e8ff
        8055000	       804	00000000	00000013	addi	x0,x0,0	  x0:0x00000000
        8065000	       805	80000f5c	00000013	addi	x0,x0,0	  x0:0x00000000
        8075000	       806	80000f60	72a48f17	auipc	x30,0x72a48	 x30=0xf2a48f5c
        8085000	       807	80000f64	96593393	sltiu	x7,x18,-1691	 x18:0x800086f0  x7=0x00000001
        8095000	       808	80000f68	40298633	sub	x12,x19,x2	 x19:0x00008f82  x2:0x0000003b x12=0x00008f47
        8105000	       809	80000f6c	50dd8593	addi	x11,x27,1293	 x27:0x80009fc4 x11=0x8000a4d1
        8115000	       810	80000f70	0228dc63	bge	x17,x2,80000fa8	 x17:0xa4966365  x2:0x0000003b
        8125000	       811	80000f74	031e9663	bne	x29,x17,80000fa0	 x29:0x00000063 x17:0xa4966365
        8135000	       812	00000000	00000013	addi	x0,x0,0	  x0:0x00000000
        8145000	       813	80000f9c	00000013	addi	x0,x0,0	  x0:0x00000000
        8155000	       814	80000fa0	01f002b3	add	x5,x0,x31	  x0:0x00000000 x31:0x80009f60  x5=0x80009f60
        8165000	       815	80000fa4	007540b3	xor	x1,x10,x7	 x10:0xfffffff9  x7:0x00000001  x1=0xfffffff8
        8175000	       816	80000fa8	0390ff13	andi	x30,x1,57	  x1:0xfffffff8 x30=0x00000038
        8185000	       817	80000fac	00677263	bgeu	x14,x6,80000fb0	 x14:0x00000001  x6:0xfffff566
        8195000	       818	80000fb0	006a5eb3	srl	x29,x20,x6	 x20:0x00020002  x6:0xfffff566 x29=0x00000800
        8205000	       819	80000fb4	403906b3	sub	x13,x18,x3	 x18:0x800086f0  x3:0xffffffdf x13=0x80008711
        8215000	       820	80000fb8	0b257263	bgeu	x10,x18,8000105c	 x10:0xfffffff9 x18:0x800086f0
        8225000	       821	00000000	00000013	addi	x0,x0,0	  x0:0x00000000
        8235000	       822	80001058	00000013	addi	x0,x0,0	  x0:0x00000000
        8245000	       823	8000105c	0094d433	srl	x8,x9,x9	  x9:0x24961728  x9:0x24961728  x8=0x00249617
        8255000	       824	80001060	01024633	xor	x12,x4,x16	  x4:0x000080f0 x16:0xf186a000 x12=0xf18620f0
        8265000	       825	80001064	a1f8ac93	slti	x25,x17,-1505	 x17:0xa4966365 x25=0x00000001
        8275000	       826	80001068	00a6d413	srli	x8,x13,0xa	 x13:0x80008711  x8=0x00200021
        8285000	       827	8000106c	00d22033	slt	x0,x4,x13	  x4:0x000080f0 x13:0x80008711
        8295000	       828	80001070	000462b3	or	x5,x8,x0	  x8:0x00200021  x0:0x00000000  x5=0x00200021
        8305000	       829	80001074	4f88f213	andi	x4,x17,1272	 x17:0xa4966365  x4=0x00000060
        8315000	       830	80001078	03014663	blt	x2,x16,800010a4	  x2:0x0000003b x16:0xf186a000
        8325000	       831	8000107c	00895833	srl	x16,x18,x8	 x18:0x800086f0  x8:0x00200021 x16=0x40004378
        8335000	       832	80001080	00ba9393	slli	x7,x21,0xb	 x21:0x80000000  x7=0x00000000
        8345000	       833	80001084	04dcf063	bgeu	x25,x13,800010c4	 x25:0x00000001 x13:0x80008711
        8355000	       834	80001088	4170d033	sra	x0,x1,x23	  x1:0xfffffff8 x23:0x0000e8ff
        8365000	       835	8000108c	01010633	add	x12,x2,x16	  x2:0x0000003b x16:0x40004378 x12=0x400043b3
        8375000	       836	80001090	02ea5663	bge	x20,x14,800010bc	 x20:0x00020002 x14:0x00000001
        8385000	       837	00000000	00000013	addi	x0,x0,0	  x0:0x00000000
        8395000	       838	800010b8	00000013	addi	x0,x0,0	  x0:0x00000000
        8405000	       839	800010bc	03988e63	beq	x17,x25,800010f8	 x17:0xa4966365 x25:0x00000001
        8415000	       840	800010c0	b51fbc13	sltiu	x24,x31,-1199	 x31:0x80009f60 x24=0x00000001
        8425000	       841	800010c4	d8553113	sltiu	x2,x10,-635	 x10:0xfffffff9  x2=0x00000000
        8435000	       842	800010c8	0084ab33	slt	x22,x9,x8	  x9:0x24961728  x8:0x00200021 x22=0x00000000
        8445000	       843	800010cc	a4f98013	addi	x0,x19,-1457	 x19:0x00008f82
        8455000	       844	800010d0	2c938b93	addi	x23,x7,713	  x7:0x00000000 x23=0x000002c9
        8465000	       845	800010d4	00f56133	or	x2,x10,x15	 x10:0xfffffff9 x15:0x2f9d5e58  x2=0xfffffff9
        8475000	       846	800010d8	011c59b3	srl	x19,x24,x17	 x24:0x00000001 x17:0xa4966365 x19=0x00000000
        8485000	       847	800010dc	0015e263	bltu	x11,x1,800010e0	 x11:0x8000a4d1  x1:0xfffffff8
        8495000	       848	00000000	00000013	addi	x0,x0,0	  x0:0x00000000
        8505000	       849	800010dc	00000013	addi	x0,x0,0	  x0:0x00000000
        8515000	       850	800010e0	00ff59b3	srl	x19,x30,x15	 x30:0x00000038 x15:0x2f9d5e58 x19=0x00000000
        8525000	       851	800010e4	0109eb33	or	x22,x19,x16	 x19:0x00000000 x16:0x40004378 x22=0x40004378
        8535000	       852	800010e8	7d6c6c93	ori	x25,x24,2006	 x24:0x00000001 x25=0x000007d7
        8545000	       853	800010ec	410e59b3	sra	x19,x28,x16	 x28:0x00000000 x16:0x40004378 x19=0x00000000
        8555000	       854	800010f0	00a25813	srli	x16,x4,0xa	  x4:0x00000060 x16=0x00000000
        8565000	       855	800010f4	414c5093	srai	x1,x24,0x14	 x24:0x00000001  x1=0x00000000
        8575000	       856	800010f8	033d7663	bgeu	x26,x19,80001124	 x26:0xffffffde x19:0x00000000
        8585000	       857	00000000	00000013	addi	x0,x0,0	  x0:0x00000000
        8595000	       858	80001120	00000013	addi	x0,x0,0	  x0:0x00000000
        8605000	       859	80001124	4112d633	sra	x12,x5,x17	  x5:0x00200021 x17:0xa4966365 x12=0x00010001
        8615000	       860	80001128	adc14f37	lui	x30,0xadc14	 x30=0xadc14000
        8625000	       861	8000112c	000d16b3	sll	x13,x26,x0	 x26:0xffffffde  x0:0x00000000 x13=0xffffffde
        8635000	       862	80001130	00556c33	or	x24,x10,x5	 x10:0xfffffff9  x5:0x00200021 x24=0xfffffff9
        8645000	       863	80001134	0142d533	srl	x10,x5,x20	  x5:0x00200021 x20:0x00020002 x10=0x00080008
        8655000	       864	80001138	4da33693	sltiu	x13,x6,1242	  x6:0xfffff566 x13=0x00000000
        8665000	       865	8000113c	006f0263	beq	x30,x6,80001140	 x30:0xadc14000  x6:0xfffff566
        8675000	       866	80001140	00a2d263	bge	x5,x10,80001144	  x5:0x00200021 x10:0x00080008
        8685000	       867	00000000	00000013	addi	x0,x0,0	  x0:0x00000000
        8695000	       868	80001140	00000013	addi	x0,x0,0	  x0:0x00000000
        8705000	       869	80001144	03695c63	bge	x18,x22,8000117c	 x18:0x800086f0 x22:0x40004378
        8715000	       870	80001148	017290b3	sll	x1,x5,x23	  x5:0x00200021 x23:0x000002c9  x1=0x40004200
        8725000	       871	8000114c	0107c733	xor	x14,x15,x16	 x15:0x2f9d5e58 x16:0x00000000 x14=0x2f9d5e58
        8735000	       872	80001150	527273b7	lui	x7,0x52727	  x7=0x52727000
        8745000	       873	80001154	05fc6813	ori	x16,x24,95	 x24:0xfffffff9 x16=0xffffffff
        8755000	       874	80001158	8fe6fe13	andi	x28,x13,-1794	 x13:0x00000000 x28=0x00000000
        8765000	       875	8000115c	87cfa313	slti	x6,x31,-1924	 x31:0x80009f60  x6=0x00000001
        8775000	       876	80001160	411cd093	srai	x1,x25,0x11	 x25:0x000007d7  x1=0x00000000
        8785000	       877	80001164	00f21093	slli	x1,x4,0xf	  x4:0x00000060  x1=0x00300000
        8795000	       878	80001168	4bb26693	ori	x13,x4,1211	  x4:0x00000060 x13=0x000004fb
        8805000	       879	8000116c	015d1e13	slli	x28,x26,0x15	 x26:0xffffffde x28=0xfbc00000
        8815000	       880	80001170	0053f0b3	and	x1,x7,x5	  x7:0x52727000  x5:0x00200021  x1=0x00200000
        8825000	       881	80001174	8ff3a593	slti	x11,x7,-1793	  x7:0x52727000 x11=0x00000000
        8835000	       882	80001178	41dcd593	srai	x11,x25,0x1d	 x25:0x000007d7 x11=0x00000000
        8845000	       883	8000117c	00db92b3	sll	x5,x23,x13	 x23:0x000002c9 x13:0x000004fb  x5=0x48000000
        8855000	       884	80001180	6e7fce13	xori	x28,x31,1767	 x31:0x80009f60 x28=0x80009987
        8865000	       885	80001184	01791c33	sll	x24,x18,x23	 x18:0x800086f0 x23:0x000002c9 x24=0x010de000
        8875000	       886	80001188	0a69fa13	andi	x20,x19,166	 x19:0x00000000 x20=0x00000000
        8885000	       887	8000118c	01d52a33	slt	x20,x10,x29	 x10:0x00080008 x29:0x00000800 x20=0x00000000
        8895000	       888	80001190	f1871737	lui	x14,0xf1871	 x14=0xf1871000
        8905000	       889	80001194	015ef5b3	and	x11,x29,x21	 x29:0x00000800 x21:0x80000000 x11=0x00000000
        8915000	       890	80001198	0008fa33	and	x20,x17,x0	 x17:0xa4966365  x0:0x00000000 x20=0x00000000
        8925000	       891	8000119c	00c58433	add	x8,x11,x12	 x11:0x00000000 x12:0x00010001  x8=0x00010001
        8935000	       892	800011a0	01e19eb3	sll	x29,x3,x30	  x3:0xffffffdf x30:0xadc14000 x29=0xffffffdf
        8945000	       893	800011a4	410b5cb3	sra	x25,x22,x16	 x22:0x40004378 x16:0xffffffff x25=0x00000000
        8955000	       894	800011a8	40b4d613	srai	x12,x9,0xb	  x9:0x24961728 x12=0x000492c2
        8965000	       895	800011ac	54c43513	sltiu	x10,x8,1356	  x8:0x00010001 x10=0x00000000
        8975000	       896	800011b0	00ec13b3	sll	x7,x24,x14	 x24:0x010de000 x14:0xf1871000  x7=0x010de000
        8985000	       897	800011b4	0862ca63	blt	x5,x6,80001248	  x5:0x48000000  x6:0x00000001
        8995000	       898	800011b8	009c12b3	sll	x5,x24,x9	 x24:0x010de000  x9:0x24961728  x5=0x0de00000
        9005000	       899	800011bc	41f25433	sra	x8,x4,x31	  x4:0x00000060 x31:0x80009f60  x8=0x00000060
        9015000	       900	800011c0	01f5b2b3	sltu	x5,x11,x31	 x11:0x00000000 x31:0x80009f60  x5=0x00000001
        9025000	       901	800011c4	00b67cb3	and	x25,x12,x11	 x12:0x000492c2 x11:0x00000000 x25=0x00000000
        9035000	       902	800011c8	40290533	sub	x10,x18,x2	 x18:0x800086f0  x2:0xfffffff9 x10=0x800086f7
        9045000	       903	800011cc	086e8a63	beq	x29,x6,80001260	 x29:0xffffffdf  x6:0x00000001
        9055000	       904	800011d0	002f5613	srli	x12,x30,0x2	 x30:0xadc14000 x12=0x2b705000
        9065000	       905	800011d4	15ce3193	sltiu	x3,x28,348	 x28:0x80009987  x3=0x00000000
        9075000	       906	800011d8	41e285b3	sub	x11,x5,x30	  x5:0x00000001 x30:0xadc14000 x11=0x523ec001
        9085000	       907	800011dc	00008597	auipc	x11,0x8	 x11=0x800091d8
        9095000	       908	800011e0	db958593	addi	x11,x11,-583	 x11:0x800091d8 x11=0x80008f91
        9105000	       909	800011e4	fea598a3	sh	x10,-15(x11)	 x11:0x80008f91 x10:0x800086f7 PA:0x80008f82
        9115000	       910	800011e8	ff15cc83	lbu	x25,-15(x11)	 x11:0x80008f91 x25=0x000000f7 PA:0x80008f82
        9125000	       911	800011ec	fe35d383	lhu	x7,-29(x11)	 x11:0x80008f91  x7=0x00008b1d PA:0x80008f74
        9135000	       912	800011f0	fe35a083	lw	x1,-29(x11)	 x11:0x80008f91  x1=0x227d8b1d PA:0x80008f74
        9145000	       913	800011f4	a902be13	sltiu	x28,x5,-1392	  x5:0x00000001 x28=0x00000001
        9155000	       914	800011f8	fe358203	lb	x4,-29(x11)	 x11:0x80008f91  x4=0x0000001d PA:0x80008f74
        9165000	       915	800011fc	fe35a083	lw	x1,-29(x11)	 x11:0x80008f91  x1=0x227d8b1d PA:0x80008f74
        9175000	       916	80001200	ff659da3	sh	x22,-5(x11)	 x11:0x80008f91 x22:0x40004378 PA:0x80008f8c
        9185000	       917	80001204	5c593997	auipc	x19,0x5c593	 x19=0xdc594200
        9195000	       918	80001208	fe45c083	lbu	x1,-28(x11)	 x11:0x80008f91  x1=0x0000008b PA:0x80008f75
        9205000	       919	8000120c	006c37b3	sltu	x15,x24,x6	 x24:0x010de000  x6:0x00000001 x15=0x00000000
        9215000	       920	80001210	00302833	slt	x16,x0,x3	  x0:0x00000000  x3:0x00000000 x16=0x00000000
        9225000	       921	80001214	9729ec13	ori	x24,x19,-1678	 x19:0xdc594200 x24=0xfffffb72
        9235000	       922	80001218	002543b3	xor	x7,x10,x2	 x10:0x800086f7  x2:0xfffffff9  x7=0x7fff790e
        9245000	       923	8000121c	03f58403	lb	x8,63(x11)	 x11:0x80008f91  x8=0x00000039 PA:0x80008fd0
        9255000	       924	80001220	02058b23	sb	x0,54(x11)	 x11:0x80008f91  x0:0x00000000 PA:0x80008fc7
        9265000	       925	80001224	00000013	addi	x0,x0,0	  x0:0x00000000
        9275000	       926	80001228	00878eb3	add	x29,x15,x8	 x15:0x00000000  x8:0x00000039 x29=0x00000039
        9285000	       927	8000122c	01713333	sltu	x6,x2,x23	  x2:0xfffffff9 x23:0x000002c9  x6=0x00000000
        9295000	       928	80001230	eda8a013	slti	x0,x17,-294	 x17:0xa4966365
        9305000	       929	80001234	000216b3	sll	x13,x4,x0	  x4:0x0000001d  x0:0x00000000 x13=0x0000001d
        9315000	       930	80001238	00000013	addi	x0,x0,0	  x0:0x00000000
        9325000	       931	8000123c	024ac663	blt	x21,x4,80001268	 x21:0x80000000  x4:0x0000001d
        9335000	       932	00000000	00000013	addi	x0,x0,0	  x0:0x00000000
        9345000	       933	80001264	00000013	addi	x0,x0,0	  x0:0x00000000
        9355000	       934	80001268	0158ca33	xor	x20,x17,x21	 x17:0xa4966365 x21:0x80000000 x20=0x24966365
        9365000	       935	8000126c	019cf733	and	x14,x25,x25	 x25:0x000000f7 x25:0x000000f7 x14=0x000000f7
        9375000	       936	80001270	00a39513	slli	x10,x7,0xa	  x7:0x7fff790e x10=0xfde43800
        9385000	       937	80001274	c0870c37	lui	x24,0xc0870	 x24=0xc0870000
        9395000	       938	80001278	00f634b3	sltu	x9,x12,x15	 x12:0x2b705000 x15:0x00000000  x9=0x00000000
        9405000	       939	8000127c	008870b3	and	x1,x16,x8	 x16:0x00000000  x8:0x00000039  x1=0x00000000
        9415000	       940	80001280	01993233	sltu	x4,x18,x25	 x18:0x800086f0 x25:0x000000f7  x4=0x00000000
        9425000	       941	80001284	75f3f193	andi	x3,x7,1887	  x7:0x7fff790e  x3=0x0000010e
        9435000	       942	80001288	0276f663	bgeu	x13,x7,800012b4	 x13:0x0000001d  x7:0x7fff790e
        9445000	       943	8000128c	01ca96b3	sll	x13,x21,x28	 x21:0x80000000 x28:0x00000001 x13=0x00000000
        9455000	       944	80001290	019d4263	blt	x26,x25,80001294	 x26:0xffffffde x25:0x000000f7
        9465000	       945	00000000	00000013	addi	x0,x0,0	  x0:0x00000000
        9475000	       946	80001290	00000013	addi	x0,x0,0	  x0:0x00000000
        9485000	       947	80001294	00ea42b3	xor	x5,x20,x14	 x20:0x24966365 x14:0x000000f7  x5=0x24966392
        9495000	       948	80001298	78288793	addi	x15,x17,1922	 x17:0xa4966365 x15=0xa4966ae7
        9505000	       949	8000129c	018b4533	xor	x10,x22,x24	 x22:0x40004378 x24:0xc0870000 x10=0x80874378
        9515000	       950	800012a0	01ec1cb3	sll	x25,x24,x30	 x24:0xc0870000 x30:0xadc14000 x25=0xc0870000
        9525000	       951	800012a4	04c45063	bge	x8,x12,800012e4	  x8:0x00000039 x12:0x2b705000
        9535000	       952	800012a8	018678b3	and	x17,x12,x24	 x12:0x2b705000 x24:0xc0870000 x17=0x00000000
        9545000	       953	800012ac	01db36b3	sltu	x13,x22,x29	 x22:0x40004378 x29:0x00000039 x13=0x00000000
        9555000	       954	800012b0	00000013	addi	x0,x0,0	  x0:0x00000000
        9565000	       955	800012b4	03945263	bge	x8,x25,800012d8	  x8:0x00000039 x25:0xc0870000
        9575000	       956	00000000	00000013	addi	x0,x0,0	  x0:0x00000000
        9585000	       957	800012d4	00000013	addi	x0,x0,0	  x0:0x00000000
        9595000	       958	800012d8	00cfa4b3	slt	x9,x31,x12	 x31:0x80009f60 x12:0x2b705000  x9=0x00000001
        9605000	       959	800012dc	712e6313	ori	x6,x28,1810	 x28:0x00000001  x6=0x00000713
        9615000	       960	800012e0	456ac213	xori	x4,x21,1110	 x21:0x80000000  x4=0x80000456
        9625000	       961	800012e4	01008eb3	add	x29,x1,x16	  x1:0x00000000 x16:0x00000000 x29=0x00000000
        9635000	       962	800012e8	010a4233	xor	x4,x20,x16	 x20:0x24966365 x16:0x00000000  x4=0x24966365
        9645000	       963	800012ec	01b67533	and	x10,x12,x27	 x12:0x2b705000 x27:0x80009fc4 x10=0x00001000
        9655000	       964	800012f0	001f9793	slli	x15,x31,0x1	 x31:0x80009f60 x15=0x00013ec0
        9665000	       965	800012f4	001a1733	sll	x14,x20,x1	 x20:0x24966365  x1:0x00000000 x14=0x24966365
        9675000	       966	800012f8	5c586a13	ori	x20,x16,1477	 x16:0x00000000 x20=0x000005c5
        9685000	       967	800012fc	19b7dc17	auipc	x24,0x19b7d	 x24=0x99b7e2f8
        9695000	       968	80001300	09351463	bne	x10,x19,80001388	 x10:0x00001000 x19:0xdc594200
        9705000	       969	00000000	00000013	addi	x0,x0,0	  x0:0x00000000
        9715000	       970	80001384	00000013	addi	x0,x0,0	  x0:0x00000000
        9725000	       971	80001388	6a2ac813	xori	x16,x21,1698	 x21:0x80000000 x16=0x800006a2
        9735000	       972	8000138c	46803917	auipc	x18,0x46803	 x18=0xc6804388
        9745000	       973	80001390	002e7733	and	x14,x28,x2	 x28:0x00000001  x2:0xfffffff9 x14=0x00000001
        9755000	       974	80001394	012e0863	beq	x28,x18,800013a4	 x28:0x00000001 x18:0xc6804388
        9765000	       975	80001398	a2d1f093	andi	x1,x3,-1491	  x3:0x0000010e  x1=0x0000000c
        9775000	       976	8000139c	007c6d33	or	x26,x24,x7	 x24:0x99b7e2f8  x7:0x7fff790e x26=0xfffffbfe
        9785000	       977	800013a0	00aa8863	beq	x21,x10,800013b0	 x21:0x80000000 x10:0x00001000
        9795000	       978	800013a4	00b438b3	sltu	x17,x8,x11	  x8:0x00000039 x11:0x80008f91 x17=0x00000001
        9805000	       979	800013a8	98b13413	sltiu	x8,x2,-1653	  x2:0xfffffff9  x8=0x00000000
        9815000	       980	800013ac	007539b3	sltu	x19,x10,x7	 x10:0x00001000  x7:0x7fff790e x19=0x00000001
        9825000	       981	800013b0	01c0fe33	and	x28,x1,x28	  x1:0x0000000c x28:0x00000001 x28=0x00000000
        9835000	       982	800013b4	ae114393	xori	x7,x2,-1311	  x2:0xfffffff9  x7=0x00000518
        9845000	       983	800013b8	028f4093	xori	x1,x30,40	 x30:0xadc14000  x1=0xadc14028
        9855000	       984	800013bc	00e130b3	sltu	x1,x2,x14	  x2:0xfffffff9 x14:0x00000001  x1=0x00000000
        9865000	       985	800013c0	01f58f33	add	x30,x11,x31	 x11:0x80008f91 x31:0x80009f60 x30=0x00012ef1
        9875000	       986	800013c4	0025ea63	bltu	x11,x2,800013d8	 x11:0x80008f91  x2:0xfffffff9
        9885000	       987	00000000	00000013	addi	x0,x0,0	  x0:0x00000000
        9895000	       988	800013d4	00000013	addi	x0,x0,0	  x0:0x00000000
        9905000	       989	800013d8	d3f38793	addi	x15,x7,-705	  x7:0x00000518 x15=0x00000257
        9915000	       990	800013dc	00661413	slli	x8,x12,0x6	 x12:0x2b705000  x8=0xdc140000
        9925000	       991	800013e0	d98d4b37	lui	x22,0xd98d4	 x22=0xd98d4000
        9935000	       992	800013e4	f8118013	addi	x0,x3,-127	  x3:0x0000010e
        9945000	       993	800013e8	01953333	sltu	x6,x10,x25	 x10:0x00001000 x25:0xc0870000  x6=0x00000001
        9955000	       994	800013ec	00000013	addi	x0,x0,0	  x0:0x00000000
        9965000	       995	800013f0	05b0d463	bge	x1,x27,80001438	  x1:0x00000000 x27:0x80009fc4
        9975000	       996	00000000	00000013	addi	x0,x0,0	  x0:0x00000000
        9985000	       997	80001434	00000013	addi	x0,x0,0	  x0:0x00000000
        9995000	       998	80001438	04691663	bne	x18,x6,80001484	 x18:0xc6804388  x6:0x00000001
       10005000	       999	00000000	00000013	addi	x0,x0,0	  x0:0x00000000
       10015000	      1000	80001480	00000013	addi	x0,x0,0	  x0:0x00000000
       10025000	      1001	80001484	0069b2b3	sltu	x5,x19,x6	 x19:0x00000001  x6:0x00000001  x5=0x00000000
       10035000	      1002	80001488	01da72b3	and	x5,x20,x29	 x20:0x000005c5 x29:0x00000000  x5=0x00000000
       10045000	      1003	8000148c	013d6d33	or	x26,x26,x19	 x26:0xfffffbfe x19:0x00000001 x26=0xfffffbff
       10055000	      1004	80001490	00000013	addi	x0,x0,0	  x0:0x00000000
       10065000	      1005	80001494	010ab733	sltu	x14,x21,x16	 x21:0x80000000 x16:0x800006a2 x14=0x00000001
       10075000	      1006	80001498	40a207b3	sub	x15,x4,x10	  x4:0x24966365 x10:0x00001000 x15=0x24965365
       10085000	      1007	8000149c	01828a63	beq	x5,x24,800014b0	  x5:0x00000000 x24:0x99b7e2f8
       10095000	      1008	800014a0	00723433	sltu	x8,x4,x7	  x4:0x24966365  x7:0x00000518  x8=0x00000000
       10105000	      1009	800014a4	00d3e5b3	or	x11,x7,x13	  x7:0x00000518 x13:0x00000000 x11=0x00000518
       10115000	      1010	800014a8	017b5633	srl	x12,x22,x23	 x22:0xd98d4000 x23:0x000002c9 x12=0x006cc6a0
       10125000	      1011	800014ac	76cfaa13	slti	x20,x31,1900	 x31:0x80009f60 x20=0x00000001
       10135000	      1012	800014b0	00845a63	bge	x8,x8,800014c4	  x8:0x00000000  x8:0x00000000
       10145000	      1013	00000000	00000013	addi	x0,x0,0	  x0:0x00000000
       10155000	      1014	800014c0	00000013	addi	x0,x0,0	  x0:0x00000000
       10165000	      1015	800014c4	033e6e63	bltu	x28,x19,80001500	 x28:0x00000000 x19:0x00000001
       10175000	      1016	00000000	00000013	addi	x0,x0,0	  x0:0x00000000
       10185000	      1017	800014fc	00000013	addi	x0,x0,0	  x0:0x00000000
       10195000	      1018	80001500	018c1c33	sll	x24,x24,x24	 x24:0x99b7e2f8 x24:0x99b7e2f8 x24=0xf8000000
       10205000	      1019	80001504	0291c663	blt	x3,x9,80001530	  x3:0x0000010e  x9:0x00000001
       10215000	      1020	80001508	037acc63	blt	x21,x23,80001540	 x21:0x80000000 x23:0x000002c9
       10225000	      1021	00000000	00000013	addi	x0,x0,0	  x0:0x00000000
       10235000	      1022	8000153c	00000013	addi	x0,x0,0	  x0:0x00000000
       10245000	      1023	80001540	383df693	andi	x13,x27,899	 x27:0x80009fc4 x13=0x00000380
       10255000	      1024	80001544	00d97a33	and	x20,x18,x13	 x18:0xc6804388 x13:0x00000380 x20=0x00000380
       10265000	      1025	80001548	40dbdbb3	sra	x23,x23,x13	 x23:0x000002c9 x13:0x00000380 x23=0x000002c9
       10275000	      1026	8000154c	005d1a13	slli	x20,x26,0x5	 x26:0xfffffbff x20=0xffff7fe0
       10285000	      1027	80001550	1955b737	lui	x14,0x1955b	 x14=0x1955b000
       10295000	      1028	80001554	11080813	addi	x16,x16,272	 x16:0x800006a2 x16=0x800007b2
       10305000	      1029	80001558	7e990393	addi	x7,x18,2025	 x18:0xc6804388  x7=0xc6804b71
       10315000	      1030	8000155c	055dd663	bge	x27,x21,800015a8	 x27:0x80009fc4 x21:0x80000000
       10325000	      1031	00000000	00000013	addi	x0,x0,0	  x0:0x00000000
       10335000	      1032	800015a4	00000013	addi	x0,x0,0	  x0:0x00000000
       10345000	      1033	800015a8	4b1afc37	lui	x24,0x4b1af	 x24=0x4b1af000
       10355000	      1034	800015ac	017499b3	sll	x19,x9,x23	  x9:0x00000001 x23:0x000002c9 x19=0x00000200
       10365000	      1035	800015b0	01bca233	slt	x4,x25,x27	 x25:0xc0870000 x27:0x80009fc4  x4=0x00000000
       10375000	      1036	800015b4	03a31663	bne	x6,x26,800015e0	  x6:0x00000001 x26:0xfffffbff
       10385000	      1037	00000000	00000013	addi	x0,x0,0	  x0:0x00000000
       10395000	      1038	800015dc	00000013	addi	x0,x0,0	  x0:0x00000000
       10405000	      1039	800015e0	01f1c263	blt	x3,x31,800015e4	  x3:0x0000010e x31:0x80009f60
       10415000	      1040	800015e4	003b5493	srli	x9,x22,0x3	 x22:0xd98d4000  x9=0x1b31a800
       10425000	      1041	800015e8	5b264b93	xori	x23,x12,1458	 x12:0x006cc6a0 x23=0x006cc312
       10435000	      1042	800015ec	f080b413	sltiu	x8,x1,-248	  x1:0x00000000  x8=0x00000001
       10445000	      1043	800015f0	ea8015b7	lui	x11,0xea801	 x11=0xea801000
       10455000	      1044	800015f4	012097b3	sll	x15,x1,x18	  x1:0x00000000 x18:0xc6804388 x15=0x00000000
       10465000	      1045	800015f8	414b80b3	sub	x1,x23,x20	 x23:0x006cc312 x20:0xffff7fe0  x1=0x006d4332
       10475000	      1046	800015fc	00139eb3	sll	x29,x7,x1	  x7:0xc6804b71  x1:0x006d4332 x29=0x2dc40000
       10485000	      1047	80001600	00989593	slli	x11,x17,0x9	 x17:0x00000001 x11=0x00000200
       10495000	      1048	80001604	d6a7cb93	xori	x23,x15,-662	 x15:0x00000000 x23=0xfffffd6a
       10505000	      1049	80001608	4a3b7e13	andi	x28,x22,1187	 x22:0xd98d4000 x28=0x00000000
       10515000	      1050	8000160c	01d757b3	srl	x15,x14,x29	 x14:0x1955b000 x29:0x2dc40000 x15=0x1955b000
       10525000	      1051	80001610	daacec93	ori	x25,x25,-598	 x25:0xc0870000 x25=0xfffffdaa
       10535000	      1052	80001614	011079b3	and	x19,x0,x17	  x0:0x00000000 x17:0x00000001 x19=0x00000000
       10545000	      1053	80001618	ffa1c413	xori	x8,x3,-6	  x3:0x0000010e  x8=0xfffffef4
       10555000	      1054	8000161c	015f1733	sll	x14,x30,x21	 x30:0x00012ef1 x21:0x80000000 x14=0x00012ef1
       10565000	      1055	80001620	04c48463	beq	x9,x12,80001668	  x9:0x1b31a800 x12:0x006cc6a0
       10575000	      1056	80001624	018a7733	and	x14,x20,x24	 x20:0xffff7fe0 x24:0x4b1af000 x14=0x4b1a7000
       10585000	      1057	80001628	3626b493	sltiu	x9,x13,866	 x13:0x00000380  x9=0x00000000
       10595000	      1058	8000162c	0454e663	bltu	x9,x5,80001678	  x9:0x00000000  x5:0x00000000
       10605000	      1059	80001630	03820a63	beq	x4,x24,80001664	  x4:0x00000000 x24:0x4b1af000
       10615000	      1060	80001634	fa487713	andi	x14,x16,-92	 x16:0x800007b2 x14=0x800007a0
       10625000	      1061	80001638	3a70ee13	ori	x28,x1,935	  x1:0x006d4332 x28=0x006d43b7
       10635000	      1062	8000163c	01d39cb3	sll	x25,x7,x29	  x7:0xc6804b71 x29:0x2dc40000 x25=0xc6804b71
       10645000	      1063	80001640	05b76063	bltu	x14,x27,80001680	 x14:0x800007a0 x27:0x80009fc4
       10655000	      1064	00000000	00000013	addi	x0,x0,0	  x0:0x00000000
       10665000	      1065	8000167c	00000013	addi	x0,x0,0	  x0:0x00000000
       10675000	      1066	80001680	0170d533	srl	x10,x1,x23	  x1:0x006d4332 x23:0xfffffd6a x10=0x00001b50
       10685000	      1067	80001684	01491893	slli	x17,x18,0x14	 x18:0xc6804388 x17=0x38800000
       10695000	      1068	80001688	4016d213	srai	x4,x13,0x1	 x13:0x00000380  x4=0x000001c0
       10705000	      1069	8000168c	21d3e013	ori	x0,x7,541	  x7:0xc6804b71
       10715000	      1070	80001690	04ed8663	beq	x27,x14,800016dc	 x27:0x80009fc4 x14:0x800007a0
       10725000	      1071	80001694	02956663	bltu	x10,x9,800016c0	 x10:0x00001b50  x9:0x00000000
       10735000	      1072	80001698	00eafe63	bgeu	x21,x14,800016b4	 x21:0x80000000 x14:0x800007a0
       10745000	      1073	8000169c	00000013	addi	x0,x0,0	  x0:0x00000000
       10755000	      1074	800016a0	00dcb5b3	sltu	x11,x25,x13	 x25:0xc6804b71 x13:0x00000380 x11=0x00000000
       10765000	      1075	800016a4	4037d0b3	sra	x1,x15,x3	 x15:0x1955b000  x3:0x0000010e  x1=0x00006556
       10775000	      1076	800016a8	00855f13	srli	x30,x10,0x8	 x10:0x00001b50 x30=0x0000001b
       10785000	      1077	800016ac	01347f33	and	x30,x8,x19	  x8:0xfffffef4 x19:0x00000000 x30=0x00000000
       10795000	      1078	800016b0	038c0263	beq	x24,x24,800016d4	 x24:0x4b1af000 x24:0x4b1af000
       10805000	      1079	00000000	00000013	addi	x0,x0,0	  x0:0x00000000
       10815000	      1080	800016d0	00000013	addi	x0,x0,0	  x0:0x00000000
       10825000	      1081	800016d4	8506fcb7	lui	x25,0x8506f	 x25=0x8506f000
       10835000	      1082	800016d8	40e55313	srai	x6,x10,0xe	 x10:0x00001b50  x6=0x00000000
       10845000	      1083	800016dc	007fdcb3	srl	x25,x31,x7	 x31:0x80009f60  x7:0xc6804b71 x25=0x00004000
       10855000	      1084	800016e0	00000013	addi	x0,x0,0	  x0:0x00000000
       10865000	      1085	800016e4	0104b033	sltu	x0,x9,x16	  x9:0x00000000 x16:0x800007b2
       10875000	      1086	800016e8	01b62633	slt	x12,x12,x27	 x12:0x006cc6a0 x27:0x80009fc4 x12=0x00000000
       10885000	      1087	800016ec	8f13a497	auipc	x9,0x8f13a	  x9=0x0f13b6e8
       10895000	      1088	800016f0	016e14b3	sll	x9,x28,x22	 x28:0x006d43b7 x22:0xd98d4000  x9=0x006d43b7
       10905000	      1089	800016f4	05654063	blt	x10,x22,80001734	 x10:0x00001b50 x22:0xd98d4000
       10915000	      1090	800016f8	00744263	blt	x8,x7,800016fc	  x8:0xfffffef4  x7:0xc6804b71
       10925000	      1091	800016fc	01b65663	bge	x12,x27,80001708	 x12:0x00000000 x27:0x80009fc4
       10935000	      1092	00000000	00000013	addi	x0,x0,0	  x0:0x00000000
       10945000	      1093	80001704	00000013	addi	x0,x0,0	  x0:0x00000000
       10955000	      1094	80001708	006e7263	bgeu	x28,x6,8000170c	 x28:0x006d43b7  x6:0x00000000
       10965000	      1095	00000000	00000013	addi	x0,x0,0	  x0:0x00000000
       10975000	      1096	80001708	00000013	addi	x0,x0,0	  x0:0x00000000
       10985000	      1097	8000170c	018c0eb3	add	x29,x24,x24	 x24:0x4b1af000 x24:0x4b1af000 x29=0x9635e000
       10995000	      1098	80001710	04eb8663	beq	x23,x14,8000175c	 x23:0xfffffd6a x14:0x800007a0
       11005000	      1099	80001714	0027e2b3	or	x5,x15,x2	 x15:0x1955b000  x2:0xfffffff9  x5=0xfffffff9
       11015000	      1100	80001718	00000013	addi	x0,x0,0	  x0:0x00000000
       11025000	      1101	8000171c	01005c33	srl	x24,x0,x16	  x0:0x00000000 x16:0x800007b2 x24=0x00000000
       11035000	      1102	80001720	41a757b3	sra	x15,x14,x26	 x14:0x800007a0 x26:0xfffffbff x15=0xffffffff
       11045000	      1103	80001724	01be03b3	add	x7,x28,x27	 x28:0x006d43b7 x27:0x80009fc4  x7=0x806de37b
       11055000	      1104	80001728	05ed9463	bne	x27,x30,80001770	 x27:0x80009fc4 x30:0x00000000
       11065000	      1105	00000000	00000013	addi	x0,x0,0	  x0:0x00000000
       11075000	      1106	8000176c	00000013	addi	x0,x0,0	  x0:0x00000000
       11085000	      1107	80001770	41605733	sra	x14,x0,x22	  x0:0x00000000 x22:0xd98d4000 x14=0x00000000
       11095000	      1108	80001774	00a180b3	add	x1,x3,x10	  x3:0x0000010e x10:0x00001b50  x1=0x00001c5e
       11105000	      1109	80001778	00571263	bne	x14,x5,8000177c	 x14:0x00000000  x5:0xfffffff9
       11115000	      1110	00000000	00000013	addi	x0,x0,0	  x0:0x00000000
       11125000	      1111	80001778	00000013	addi	x0,x0,0	  x0:0x00000000
       11135000	      1112	8000177c	04a78663	beq	x15,x10,800017c8	 x15:0xffffffff x10:0x00001b50
       11145000	      1113	80001780	404dd133	sra	x2,x27,x4	 x27:0x80009fc4  x4:0x000001c0  x2=0x80009fc4
       11155000	      1114	80001784	00c9b8b3	sltu	x17,x19,x12	 x19:0x00000000 x12:0x00000000 x17=0x00000000
       11165000	      1115	80001788	014d6133	or	x2,x26,x20	 x26:0xfffffbff x20:0xffff7fe0  x2=0xffffffff
       11175000	      1116	8000178c	0160a533	slt	x10,x1,x22	  x1:0x00001c5e x22:0xd98d4000 x10=0x00000000
       11185000	      1117	80001790	744299b7	lui	x19,0x74429	 x19=0x74429000
       11195000	      1118	80001794	017bca63	blt	x23,x23,800017a8	 x23:0xfffffd6a x23:0xfffffd6a
       11205000	      1119	80001798	00b26863	bltu	x4,x11,800017a8	  x4:0x000001c0 x11:0x00000000
       11215000	      1120	8000179c	32bdfe93	andi	x29,x27,811	 x27:0x80009fc4 x29=0x00000300
       11225000	      1121	800017a0	03977663	bgeu	x14,x25,800017cc	 x14:0x00000000 x25:0x00004000
       11235000	      1122	800017a4	000cfa63	bgeu	x25,x0,800017b8	 x25:0x00004000  x0:0x00000000
       11245000	      1123	00000000	00000013	addi	x0,x0,0	  x0:0x00000000
       11255000	      1124	800017b4	00000013	addi	x0,x0,0	  x0:0x00000000
       11265000	      1125	800017b8	002e19b3	sll	x19,x28,x2	 x28:0x006d43b7  x2:0xffffffff x19=0x80000000
       11275000	      1126	800017bc	6ef2e013	ori	x0,x5,1775	  x5:0xfffffff9
       11285000	      1127	800017c0	00ff1cb3	sll	x25,x30,x15	 x30:0x00000000 x15:0xffffffff x25=0x00000000
       11295000	      1128	800017c4	00699bb3	sll	x23,x19,x6	 x19:0x80000000  x6:0x00000000 x23=0x80000000
       11305000	      1129	800017c8	00000013	addi	x0,x0,0	  x0:0x00000000
       11315000	      1130	800017cc	00ee8cb3	add	x25,x29,x14	 x29:0x00000300 x14:0x00000000 x25=0x00000300
       11325000	      1131	800017d0	00277863	bgeu	x14,x2,800017e0	 x14:0x00000000  x2:0xffffffff
       11335000	      1132	800017d4	01ce6333	or	x6,x28,x28	 x28:0x006d43b7 x28:0x006d43b7  x6=0x006d43b7
       11345000	      1133	800017d8	41875e13	srai	x28,x14,0x18	 x14:0x00000000 x28=0x00000000
       11355000	      1134	800017dc	059bf063	bgeu	x23,x25,8000181c	 x23:0x80000000 x25:0x00000300
       11365000	      1135	00000000	00000013	addi	x0,x0,0	  x0:0x00000000
       11375000	      1136	80001818	00000013	addi	x0,x0,0	  x0:0x00000000
       11385000	      1137	8000181c	010aa9b3	slt	x19,x21,x16	 x21:0x80000000 x16:0x800007b2 x19=0x00000001
       11395000	      1138	80001820	03687c63	bgeu	x16,x22,80001858	 x16:0x800007b2 x22:0xd98d4000
       11405000	      1139	80001824	3bc3b513	sltiu	x10,x7,956	  x7:0x806de37b x10=0x00000000
       11415000	      1140	80001828	020b7663	bgeu	x22,x0,80001854	 x22:0xd98d4000  x0:0x00000000
       11425000	      1141	00000000	00000013	addi	x0,x0,0	  x0:0x00000000
       11435000	      1142	80001850	00000013	addi	x0,x0,0	  x0:0x00000000
       11445000	      1143	80001854	41ecd893	srai	x17,x25,0x1e	 x25:0x00000300 x17=0x00000000
       11455000	      1144	80001858	969c5197	auipc	x3,0x969c5	  x3=0x169c6854
       11465000	      1145	8000185c	22cda793	slti	x15,x27,556	 x27:0x80009fc4 x15=0x00000001
       11475000	      1146	80001860	0162a4b3	slt	x9,x5,x22	  x5:0xfffffff9 x22:0xd98d4000  x9=0x00000000
       11485000	      1147	80001864	0156a233	slt	x4,x13,x21	 x13:0x00000380 x21:0x80000000  x4=0x00000000
       11495000	      1148	80001868	0024acb3	slt	x25,x9,x2	  x9:0x00000000  x2:0xffffffff x25=0x00000000
       11505000	      1149	8000186c	6e32a293	slti	x5,x5,1763	  x5:0xfffffff9  x5=0x00000001
       11515000	      1150	80001870	015c79b3	and	x19,x24,x21	 x24:0x00000000 x21:0x80000000 x19=0x00000000
       11525000	      1151	80001874	0139ea63	bltu	x19,x19,80001888	 x19:0x00000000 x19:0x00000000
       11535000	      1152	80001878	01a83233	sltu	x4,x16,x26	 x16:0x800007b2 x26:0xfffffbff  x4=0x00000001
       11545000	      1153	8000187c	01006433	or	x8,x0,x16	  x0:0x00000000 x16:0x800007b2  x8=0x800007b2
       11555000	      1154	80001880	40e25c93	srai	x25,x4,0xe	  x4:0x00000001 x25=0x00000000
       11565000	      1155	80001884	1901cd13	xori	x26,x3,400	  x3:0x169c6854 x26=0x169c69c4
       11575000	      1156	80001888	5f2b0097	auipc	x1,0x5f2b0	  x1=0xdf2b1884
       11585000	      1157	8000188c	038b7663	bgeu	x22,x24,800018b8	 x22:0xd98d4000 x24:0x00000000
       11595000	      1158	00000000	00000013	addi	x0,x0,0	  x0:0x00000000
       11605000	      1159	800018b4	00000013	addi	x0,x0,0	  x0:0x00000000
       11615000	      1160	800018b8	419eae93	slti	x29,x29,1049	 x29:0x00000300 x29=0x00000001
       11625000	      1161	800018bc	00fb5c93	srli	x25,x22,0xf	 x22:0xd98d4000 x25=0x0001b31a
       11635000	      1162	800018c0	433258b7	lui	x17,0x43325	 x17=0x43325000
       11645000	      1163	800018c4	01fc9493	slli	x9,x25,0x1f	 x25:0x0001b31a  x9=0x00000000
       11655000	      1164	800018c8	016718b3	sll	x17,x14,x22	 x14:0x00000000 x22:0xd98d4000 x17=0x00000000
       11665000	      1165	800018cc	00f12133	slt	x2,x2,x15	  x2:0xffffffff x15:0x00000001  x2=0x00000001
       11675000	      1166	800018d0	f6f28817	auipc	x16,0xf6f28	 x16=0x76f298cc
       11685000	      1167	800018d4	560ec513	xori	x10,x29,1376	 x29:0x00000001 x10=0x00000561
       11695000	      1168	800018d8	0184f263	bgeu	x9,x24,800018dc	  x9:0x00000000 x24:0x00000000
       11705000	      1169	00000000	00000013	addi	x0,x0,0	  x0:0x00000000
       11715000	      1170	800018d8	00000013	addi	x0,x0,0	  x0:0x00000000
       11725000	      1171	800018dc	00a5d493	srli	x9,x11,0xa	 x11:0x00000000  x9=0x00000000
       11735000	      1172	800018e0	05f47663	bgeu	x8,x31,8000192c	  x8:0x800007b2 x31:0x80009f60
       11745000	      1173	800018e4	01782eb3	slt	x29,x16,x23	 x16:0x76f298cc x23:0x80000000 x29=0x00000000
       11755000	      1174	800018e8	41ddd093	srai	x1,x27,0x1d	 x27:0x80009fc4  x1=0xfffffffc
       11765000	      1175	800018ec	02a34c63	blt	x6,x10,80001924	  x6:0x006d43b7 x10:0x00000561
       11775000	      1176	800018f0	2e14b293	sltiu	x5,x9,737	  x9:0x00000000  x5=0x00000001
       11785000	      1177	800018f4	005abbb3	sltu	x23,x21,x5	 x21:0x80000000  x5:0x00000001 x23=0x00000000
       11795000	      1178	800018f8	01481863	bne	x16,x20,80001908	 x16:0x76f298cc x20:0xffff7fe0
       11805000	      1179	00000000	00000013	addi	x0,x0,0	  x0:0x00000000
       11815000	      1180	80001904	00000013	addi	x0,x0,0	  x0:0x00000000
       11825000	      1181	80001908	0152e4b3	or	x9,x5,x21	  x5:0x00000001 x21:0x80000000  x9=0x80000001
       11835000	      1182	8000190c	44de7b13	andi	x22,x28,1101	 x28:0x00000000 x22=0x00000000
       11845000	      1183	80001910	01915e33	srl	x28,x2,x25	  x2:0x00000001 x25:0x0001b31a x28=0x00000000
       11855000	      1184	80001914	9b2306b7	lui	x13,0x9b230	 x13=0x9b230000
       11865000	      1185	80001918	26213493	sltiu	x9,x2,610	  x2:0x00000001  x9=0x00000001
       11875000	      1186	8000191c	004b1693	slli	x13,x22,0x4	 x22:0x00000000 x13=0x00000000
       11885000	      1187	80001920	00000013	addi	x0,x0,0	  x0:0x00000000
       11895000	      1188	80001924	01595533	srl	x10,x18,x21	 x18:0xc6804388 x21:0x80000000 x10=0xc6804388
       11905000	      1189	80001928	00bd6263	bltu	x26,x11,8000192c	 x26:0x169c69c4 x11:0x00000000
       11915000	      1190	8000192c	40e68133	sub	x2,x13,x14	 x13:0x00000000 x14:0x00000000  x2=0x00000000
       11925000	      1191	80001930	005e1813	slli	x16,x28,0x5	 x28:0x00000000 x16=0x00000000
       11935000	      1192	80001934	011ceb33	or	x22,x25,x17	 x25:0x0001b31a x17:0x00000000 x22=0x0001b31a
       11945000	      1193	80001938	41320333	sub	x6,x4,x19	  x4:0x00000001 x19:0x00000000  x6=0x00000001
       11955000	      1194	8000193c	85308793	addi	x15,x1,-1965	  x1:0xfffffffc x15=0xfffff84f
       11965000	      1195	80001940	402b5413	srai	x8,x22,0x2	 x22:0x0001b31a  x8=0x00006cc6
       11975000	      1196	80001944	013e5093	srli	x1,x28,0x13	 x28:0x00000000  x1=0x00000000
       11985000	      1197	80001948	2b7ab213	sltiu	x4,x21,695	 x21:0x80000000  x4=0x00000000
       11995000	      1198	8000194c	00d2da63	bge	x5,x13,80001960	  x5:0x00000001 x13:0x00000000
       12005000	      1199	00000000	00000013	addi	x0,x0,0	  x0:0x00000000
       12015000	      1200	8000195c	00000013	addi	x0,x0,0	  x0:0x00000000
       12025000	      1201	80001960	05da7663	bgeu	x20,x29,800019ac	 x20:0xffff7fe0 x29:0x00000000
       12035000	      1202	00000000	00000013	addi	x0,x0,0	  x0:0x00000000
       12045000	      1203	800019a8	00000013	addi	x0,x0,0	  x0:0x00000000
       12055000	      1204	800019ac	01a6ca33	xor	x20,x13,x26	 x13:0x00000000 x26:0x169c69c4 x20=0x169c69c4
       12065000	      1205	800019b0	006ed0b3	srl	x1,x29,x6	 x29:0x00000000  x6:0x00000001  x1=0x00000000
       12075000	      1206	800019b4	ece6a213	slti	x4,x13,-306	 x13:0x00000000  x4=0x00000000
       12085000	      1207	800019b8	026e7a63	bgeu	x28,x6,800019ec	 x28:0x00000000  x6:0x00000001
       12095000	      1208	800019bc	014e8c33	add	x24,x29,x20	 x29:0x00000000 x20:0x169c69c4 x24=0x169c69c4
       12105000	      1209	800019c0	01994033	xor	x0,x18,x25	 x18:0xc6804388 x25:0x0001b31a
       12115000	      1210	800019c4	09010b37	lui	x22,0x9010	 x22=0x09010000
       12125000	      1211	800019c8	01ba1813	slli	x16,x20,0x1b	 x20:0x169c69c4 x16=0x20000000
       12135000	      1212	800019cc	0395d663	bge	x11,x25,800019f8	 x11:0x00000000 x25:0x0001b31a
       12145000	      1213	800019d0	41d30033	sub	x0,x6,x29	  x6:0x00000001 x29:0x00000000
       12155000	      1214	800019d4	018bcc33	xor	x24,x23,x24	 x23:0x00000000 x24:0x169c69c4 x24=0x169c69c4
       12165000	      1215	800019d8	002e7263	bgeu	x28,x2,800019dc	 x28:0x00000000  x2:0x00000000
       12175000	      1216	00000000	00000013	addi	x0,x0,0	  x0:0x00000000
       12185000	      1217	800019d8	00000013	addi	x0,x0,0	  x0:0x00000000
       12195000	      1218	800019dc	22e40413	addi	x8,x8,558	  x8:0x00006cc6  x8=0x00006ef4
       12205000	      1219	800019e0	fcf7c113	xori	x2,x15,-49	 x15:0xfffff84f  x2=0x00000780
       12215000	      1220	800019e4	00753b33	sltu	x22,x10,x7	 x10:0xc6804388  x7:0x806de37b x22=0x00000000
       12225000	      1221	800019e8	01b9f333	and	x6,x19,x27	 x19:0x00000000 x27:0x80009fc4  x6=0x00000000
       12235000	      1222	800019ec	016225b3	slt	x11,x4,x22	  x4:0x00000000 x22:0x00000000 x11=0x00000000
       12245000	      1223	800019f0	009fd9b3	srl	x19,x31,x9	 x31:0x80009f60  x9:0x00000001 x19=0x40004fb0
       12255000	      1224	800019f4	28cae1b7	lui	x3,0x28cae	  x3=0x28cae000
       12265000	      1225	800019f8	012471b3	and	x3,x8,x18	  x8:0x00006ef4 x18:0xc6804388  x3=0x00004280
       12275000	      1226	800019fc	00930a63	beq	x6,x9,80001a10	  x6:0x00000000  x9:0x00000001
       12285000	      1227	80001a00	de0a3d13	sltiu	x26,x20,-544	 x20:0x169c69c4 x26=0x00000001
       12295000	      1228	80001a04	022fdc63	bge	x31,x2,80001a3c	 x31:0x80009f60  x2:0x00000780
       12305000	      1229	80001a08	339d3b93	sltiu	x23,x26,825	 x26:0x00000001 x23=0x00000001
       12315000	      1230	80001a0c	01145693	srli	x13,x8,0x11	  x8:0x00006ef4 x13=0x00000000
       12325000	      1231	80001a10	00ab8eb3	add	x29,x23,x10	 x23:0x00000001 x10:0xc6804388 x29=0xc6804389
       12335000	      1232	80001a14	0143b133	sltu	x2,x7,x20	  x7:0x806de37b x20:0x169c69c4  x2=0x00000000
       12345000	      1233	80001a18	00062a33	slt	x20,x12,x0	 x12:0x00000000  x0:0x00000000 x20=0x00000000
       12355000	      1234	80001a1c	00000013	addi	x0,x0,0	  x0:0x00000000
       12365000	      1235	80001a20	014898b3	sll	x17,x17,x20	 x17:0x00000000 x20:0x00000000 x17=0x00000000
       12375000	      1236	80001a24	01629d33	sll	x26,x5,x22	  x5:0x00000001 x22:0x00000000 x26=0x00000001
       12385000	      1237	80001a28	f7cfb393	sltiu	x7,x31,-132	 x31:0x80009f60  x7=0x00000001
       12395000	      1238	80001a2c	005c5093	srli	x1,x24,0x5	 x24:0x169c69c4  x1=0x00b4e34e
       12405000	      1239	80001a30	00000013	addi	x0,x0,0	  x0:0x00000000
       12415000	      1240	80001a34	003eee33	or	x28,x29,x3	 x29:0xc6804389  x3:0x00004280 x28=0xc6804389
       12425000	      1241	80001a38	dd0a3093	sltiu	x1,x20,-560	 x20:0x00000000  x1=0x00000001
       12435000	      1242	80001a3c	0498f663	bgeu	x17,x9,80001a88	 x17:0x00000000  x9:0x00000001
       12445000	      1243	80001a40	93becc13	xori	x24,x29,-1733	 x29:0xc6804389 x24=0x397fbab2
       12455000	      1244	80001a44	1dacac13	slti	x24,x25,474	 x25:0x0001b31a x24=0x00000000
       12465000	      1245	80001a48	2f84bb93	sltiu	x23,x9,760	  x9:0x00000001 x23=0x00000001
       12475000	      1246	80001a4c	01b33b33	sltu	x22,x6,x27	  x6:0x00000000 x27:0x80009fc4 x22=0x00000001
       12485000	      1247	80001a50	00638263	beq	x7,x6,80001a54	  x7:0x00000001  x6:0x00000000
       12495000	      1248	80001a54	e1aec393	xori	x7,x29,-486	 x29:0xc6804389  x7=0x397fbd93
       12505000	      1249	80001a58	00ffc6b3	xor	x13,x31,x15	 x31:0x80009f60 x15:0xfffff84f x13=0x7fff672f
       12515000	      1250	80001a5c	4ec5c113	xori	x2,x11,1260	 x11:0x00000000  x2=0x000004ec
       12525000	      1251	80001a60	bb5d7693	andi	x13,x26,-1099	 x26:0x00000001 x13=0x00000001
       12535000	      1252	80001a64	24970197	auipc	x3,0x24970	  x3=0xa4971a60
       12545000	      1253	80001a68	00e61913	slli	x18,x12,0xe	 x12:0x00000000 x18=0x00000000
       12555000	      1254	80001a6c	f72d8493	addi	x9,x27,-142	 x27:0x80009fc4  x9=0x80009f36
       12565000	      1255	80001a70	25112b93	slti	x23,x2,593	  x2:0x000004ec x23=0x00000000
       12575000	      1256	80001a74	05f3d663	bge	x7,x31,80001ac0	  x7:0x397fbd93 x31:0x80009f60
       12585000	      1257	00000000	00000013	addi	x0,x0,0	  x0:0x00000000
       12595000	      1258	80001abc	00000013	addi	x0,x0,0	  x0:0x00000000
       12605000	      1259	80001ac0	01488633	add	x12,x17,x20	 x17:0x00000000 x20:0x00000000 x12=0x00000000
       12615000	      1260	80001ac4	010b40b3	xor	x1,x22,x16	 x22:0x00000001 x16:0x20000000  x1=0x20000001
       12625000	      1261	80001ac8	00839833	sll	x16,x7,x8	  x7:0x397fbd93  x8:0x00006ef4 x16=0xd9300000
       12635000	      1262	80001acc	01d7ca63	blt	x15,x29,80001ae0	 x15:0xfffff84f x29:0xc6804389
       12645000	      1263	80001ad0	004402b3	add	x5,x8,x4	  x8:0x00006ef4  x4:0x00000000  x5=0x00006ef4
       12655000	      1264	80001ad4	0081cd33	xor	x26,x3,x8	  x3:0xa4971a60  x8:0x00006ef4 x26=0xa4977494
       12665000	      1265	80001ad8	5de56897	auipc	x17,0x5de56	 x17=0xdde57ad4
       12675000	      1266	80001adc	01095213	srli	x4,x18,0x10	 x18:0x00000000  x4=0x00000000
       12685000	      1267	80001ae0	00000013	addi	x0,x0,0	  x0:0x00000000
       12695000	      1268	80001ae4	01d6a213	slti	x4,x13,29	 x13:0x00000001  x4=0x00000001
       12705000	      1269	80001ae8	0047f0b3	and	x1,x15,x4	 x15:0xfffff84f  x4:0x00000001  x1=0x00000001
       12715000	      1270	80001aec	027fcc63	blt	x31,x7,80001b24	 x31:0x80009f60  x7:0x397fbd93
       12725000	      1271	00000000	00000013	addi	x0,x0,0	  x0:0x00000000
       12735000	      1272	80001b20	00000013	addi	x0,x0,0	  x0:0x00000000
       12745000	      1273	80001b24	00d4c433	xor	x8,x9,x13	  x9:0x80009f36 x13:0x00000001  x8=0x80009f37
       12755000	      1274	80001b28	c9493817	auipc	x16,0xc9493	 x16=0x49494b24
       12765000	      1275	80001b2c	e830ec13	ori	x24,x1,-381	  x1:0x00000001 x24=0xfffffe83
       12775000	      1276	80001b30	181012b7	lui	x5,0x18101	  x5=0x18101000
       12785000	      1277	80001b34	01cdc1b3	xor	x3,x27,x28	 x27:0x80009fc4 x28:0xc6804389  x3=0x4680dc4d
       12795000	      1278	80001b38	404b5293	srai	x5,x22,0x4	 x22:0x00000001  x5=0x00000000
       12805000	      1279	80001b3c	011b70b3	and	x1,x22,x17	 x22:0x00000001 x17:0xdde57ad4  x1=0x00000000
       12815000	      1280	80001b40	01231513	slli	x10,x6,0x12	  x6:0x00000000 x10=0x00000000
       12825000	      1281	80001b44	00741913	slli	x18,x8,0x7	  x8:0x80009f37 x18=0x004f9b80
       12835000	      1282	80001b48	5a21e113	ori	x2,x3,1442	  x3:0x4680dc4d  x2=0x4680ddef
       12845000	      1283	80001b4c	004fa603	lw	x12,4(x31)	 x31:0x80009f60 x12=0x80000148 PA:0x80009f64
       12855000	      1284	80001b50	024f8f93	addi	x31,x31,36	 x31:0x80009f60 x31=0x80009f84
       12865000	      1285	80001b54	088a4b13	xori	x22,x20,136	 x20:0x00000000 x22=0x00000088
       12875000	      1286	80001b58	00160d13	addi	x26,x12,1	 x12:0x80000148 x26=0x80000149
       12885000	      1287	80001b5c	000d0d67	jalr	x26,x26,0	 x26:0x80000149 x26=0x80001b5c
       12895000	      1288	00000000	00000013	addi	x0,x0,0	  x0:0x00000000
       12905000	      1289	80000148	00000013	addi	x0,x0,0	  x0:0x00000000
       12915000	      1290	8000014c	00ac64b3	or	x9,x24,x10	 x24:0xfffffe83 x10:0x00000000  x9=0xfffffe83
       12925000	      1291	80000150	80b72693	slti	x13,x14,-2037	 x14:0x00000000 x13=0x00000000
       12935000	      1292	80000154	a80d0413	addi	x8,x26,-1408	 x26:0x80001b5c  x8=0x800015dc
       12945000	      1293	80000158	00002197	auipc	x3,0x2	  x3=0x80002154
       12955000	      1294	8000015c	a0818193	addi	x3,x3,-1528	  x3:0x80002154  x3=0x80001b5c
       12965000	      1295	80000160	18283693	sltiu	x13,x16,386	 x16:0x49494b24 x13=0x00000000
       12975000	      1296	80000164	15218193	addi	x3,x3,338	  x3:0x80001b5c  x3=0x80001cae
       12985000	      1297	80000168	f72d8313	addi	x6,x27,-142	 x27:0x80009fc4  x6=0x80009f36
       12995000	      1298	8000016c	01f45c63	bge	x8,x31,80000184	  x8:0x800015dc x31:0x80009f84
       13005000	      1299	80000170	0194b633	sltu	x12,x9,x25	  x9:0xfffffe83 x25:0x0001b31a x12=0x00000000
       13015000	      1300	80000174	991da013	slti	x0,x27,-1647	 x27:0x80009fc4
       13025000	      1301	80000178	ed142d13	slti	x26,x8,-303	  x8:0x800015dc x26=0x00000001
       13035000	      1302	8000017c	1c9c2d13	slti	x26,x24,457	 x24:0xfffffe83 x26=0x00000001
       13045000	      1303	80000180	4108d6b3	sra	x13,x17,x16	 x17:0xdde57ad4 x16:0x49494b24 x13=0xfdde57ad
       13055000	      1304	80000184	eae18667	jalr	x12,x3,-338	  x3:0x80001cae x12=0x80000184
       13065000	      1305	00000000	00000013	addi	x0,x0,0	  x0:0x00000000
       13075000	      1306	80001b5c	00000013	addi	x0,x0,0	  x0:0x00000000
       13085000	      1307	80001b60	01fc4a63	blt	x24,x31,80001b74	 x24:0xfffffe83 x31:0x80009f84
       13095000	      1308	80001b64	37050393	addi	x7,x10,880	 x10:0x00000000  x7=0x00000370
       13105000	      1309	80001b68	7cfaec37	lui	x24,0x7cfae	 x24=0x7cfae000
       13115000	      1310	80001b6c	0034d293	srli	x5,x9,0x3	  x9:0xfffffe83  x5=0x1fffffd0
       13125000	      1311	80001b70	402e5f13	srai	x30,x28,0x2	 x28:0xc6804389 x30=0xf1a010e2
       13135000	      1312	80001b74	fd8f8f93	addi	x31,x31,-40	 x31:0x80009f84 x31=0x80009f5c
       13145000	      1313	80001b78	00cfa223	sw	x12,4(x31)	 x31:0x80009f5c x12:0x80000184 PA:0x80009f60
       13155000	      1314	80001b7c	12d20413	addi	x8,x4,301	  x4:0x00000001  x8=0x0000012e
       13165000	      1315	80001b80	0103dcb3	srl	x25,x7,x16	  x7:0x00000370 x16:0x49494b24 x25=0x00000037
       13175000	      1316	80001b84	80a6aa17	auipc	x20,0x80a6a	 x20=0x00a6bb80
       13185000	      1317	80001b88	251ab793	sltiu	x15,x21,593	 x21:0x80000000 x15=0x00000000
       13195000	      1318	80001b8c	00007b17	auipc	x22,0x7	 x22=0x80008b88
       13205000	      1319	80001b90	424b0b13	addi	x22,x22,1060	 x22:0x80008b88 x22=0x80008fac
       13215000	      1320	80001b94	00007d17	auipc	x26,0x7	 x26=0x80008b90
       13225000	      1321	80001b98	3fad0d13	addi	x26,x26,1018	 x26:0x80008b90 x26=0x80008f8a
       13235000	      1322	80001b9c	00007e17	auipc	x28,0x7	 x28=0x80008b98
       13245000	      1323	80001ba0	d32e0e13	addi	x28,x28,-718	 x28:0x80008b98 x28=0x800088ca
       13255000	      1324	80001ba4	00007217	auipc	x4,0x7	  x4=0x80008ba0
       13265000	      1325	80001ba8	dac20213	addi	x4,x4,-596	  x4:0x80008ba0  x4=0x8000894c
       13275000	      1326	80001bac	00be0f03	lb	x30,11(x28)	 x28:0x800088ca x30=0x0000006f PA:0x800088d5
       13285000	      1327	80001bb0	43320683	lb	x13,1075(x4)	  x4:0x8000894c x13=0xffffffe2 PA:0x80008d7f
       13295000	      1328	80001bb4	3d820723	sb	x24,974(x4)	  x4:0x8000894c x24:0x7cfae000 PA:0x80008d1a
       13305000	      1329	80001bb8	42821283	lh	x5,1064(x4)	  x4:0x8000894c  x5=0x00007088 PA:0x80008d74
       13315000	      1330	80001bbc	012b4a03	lbu	x20,18(x22)	 x22:0x80008fac x20=0x000000fa PA:0x80008fbe
       13325000	      1331	80001bc0	fe9e0ea3	sb	x9,-3(x28)	 x28:0x800088ca  x9:0xfffffe83 PA:0x800088c7
       13335000	      1332	80001bc4	fe2b02a3	sb	x2,-27(x22)	 x22:0x80008fac  x2:0x4680ddef PA:0x80008f91
       13345000	      1333	80001bc8	ffce5b83	lhu	x23,-4(x28)	 x28:0x800088ca x23=0x00008314 PA:0x800088c6
       13355000	      1334	80001bcc	fd2b1883	lh	x17,-46(x22)	 x22:0x80008fac x17=0x00001cac PA:0x80008f7e
       13365000	      1335	80001bd0	fc7d4103	lbu	x2,-57(x26)	 x26:0x80008f8a  x2=0x000000cf PA:0x80008f51
       13375000	      1336	80001bd4	fc7b0223	sb	x7,-60(x22)	 x22:0x80008fac  x7:0x00000370 PA:0x80008f70
       13385000	      1337	80001bd8	ffbe4f03	lbu	x30,-5(x28)	 x28:0x800088ca x30=0x0000004c PA:0x800088c5
       13395000	      1338	80001bdc	f97d04a3	sb	x23,-119(x26)	 x26:0x80008f8a x23:0x00008314 PA:0x80008f13
       13405000	      1339	80001be0	000e4583	lbu	x11,0(x28)	 x28:0x800088ca x11=0x00000064 PA:0x800088ca
       13415000	      1340	80001be4	65025303	lhu	x6,1616(x4)	  x4:0x8000894c  x6=0x0000f681 PA:0x80008f9c
       13425000	      1341	80001be8	003e0903	lb	x18,3(x28)	 x28:0x800088ca x18=0xffffffff PA:0x800088cd
       13435000	      1342	80001bec	fd6d4983	lbu	x19,-42(x26)	 x26:0x80008f8a x19=0x0000005d PA:0x80008f60
       13445000	      1343	80001bf0	5cb20103	lb	x2,1483(x4)	  x4:0x8000894c  x2=0x00000065 PA:0x80008f17
       13455000	      1344	80001bf4	fc0d00a3	sb	x0,-63(x26)	 x26:0x80008f8a  x0:0x00000000 PA:0x80008f4b
       13465000	      1345	80001bf8	ff6e1303	lh	x6,-10(x28)	 x28:0x800088ca  x6=0x000033cb PA:0x800088c0
       13475000	      1346	80001bfc	ffdd0623	sb	x29,-20(x26)	 x26:0x80008f8a x29:0xc6804389 PA:0x80008f76
       13485000	      1347	80001c00	ffce2d23	sw	x28,-6(x28)	 x28:0x800088ca x28:0x800088ca PA:0x800088c4
       13495000	      1348	80001c04	018d4e83	lbu	x29,24(x26)	 x26:0x80008f8a x29=0x00000087 PA:0x80008fa2
       13505000	      1349	80001c08	f84d4403	lbu	x8,-124(x26)	 x26:0x80008f8a  x8=0x0000002a PA:0x80008f0e
       13515000	      1350	80001c0c	002b1c23	sh	x2,24(x22)	 x22:0x80008fac  x2:0x00000065 PA:0x80008fc4
       13525000	      1351	80001c10	ff2e4903	lbu	x18,-14(x28)	 x28:0x800088ca x18=0x0000003a PA:0x800088bc
       13535000	      1352	80001c14	028b1903	lh	x18,40(x22)	 x22:0x80008fac x18=0x00005057 PA:0x80008fd4
       13545000	      1353	80001c18	5cb20503	lb	x10,1483(x4)	  x4:0x8000894c x10=0x00000065 PA:0x80008f17
       13555000	      1354	80001c1c	028b2703	lw	x14,40(x22)	 x22:0x80008fac x14=0xd4c65057 PA:0x80008fd4
       13565000	      1355	00000000	00000013	addi	x0,x0,0	  x0:0x00000000
       13575000	      1356	80001c20	00ee1323	sh	x14,6(x28)	 x28:0x800088ca x14:0xd4c65057 PA:0x800088d0
       13585000	      1357	80001c24	02fb0e83	lb	x29,47(x22)	 x22:0x80008fac x29=0xffffff90 PA:0x80008fdb
       13595000	      1358	80001c28	27e25803	lhu	x16,638(x4)	  x4:0x8000894c x16=0x000008a0 PA:0x80008bca
       13605000	      1359	80001c2c	fdcd4983	lbu	x19,-36(x26)	 x26:0x80008f8a x19=0x000000dc PA:0x80008f66
       13615000	      1360	80001c30	fffd0b23	sb	x31,-10(x26)	 x26:0x80008f8a x31:0x80009f5c PA:0x80008f80
       13625000	      1361	80001c34	09d204a3	sb	x29,137(x4)	  x4:0x8000894c x29:0xffffff90 PA:0x800089d5
       13635000	      1362	80001c38	005d0283	lb	x5,5(x26)	 x26:0x80008f8a  x5=0x0000006b PA:0x80008f8f
       13645000	      1363	80001c3c	080201a3	sb	x0,131(x4)	  x4:0x8000894c  x0:0x00000000 PA:0x800089cf
       13655000	      1364	80001c40	2e620183	lb	x3,742(x4)	  x4:0x8000894c  x3=0x00000065 PA:0x80008c32
       13665000	      1365	80001c44	00006117	auipc	x2,0x6	  x2=0x80007c40
       13675000	      1366	80001c48	44410113	addi	x2,x2,1092	  x2:0x80007c40  x2=0x80008084
       13685000	      1367	80001c4c	01f79b93	slli	x23,x15,0x1f	 x15:0x00000000 x23=0x00000000
       13695000	      1368	80001c50	00611e03	lh	x28,6(x2)	  x2:0x80008084 x28=0xffffb363 PA:0x8000808a
       13705000	      1369	80001c54	00611a03	lh	x20,6(x2)	  x2:0x80008084 x20=0xffffb363 PA:0x8000808a
       13715000	      1370	80001c58	00611083	lh	x1,6(x2)	  x2:0x80008084  x1=0xffffb363 PA:0x8000808a
       13725000	      1371	80001c5c	01410323	sb	x20,6(x2)	  x2:0x80008084 x20:0xffffb363 PA:0x8000808a
       13735000	      1372	80001c60	00000013	addi	x0,x0,0	  x0:0x00000000
       13745000	      1373	80001c64	00614503	lbu	x10,6(x2)	  x2:0x80008084 x10=0x00000063 PA:0x8000808a
       13755000	      1374	80001c68	00615183	lhu	x3,6(x2)	  x2:0x80008084  x3=0x0000b363 PA:0x8000808a
       13765000	      1375	80001c6c	00614483	lbu	x9,6(x2)	  x2:0x80008084  x9=0x00000063 PA:0x8000808a
       13775000	      1376	80001c70	03914083	lbu	x1,57(x2)	  x2:0x80008084  x1=0x00000050 PA:0x800080bd
       13785000	      1377	80001c74	01815183	lhu	x3,24(x2)	  x2:0x80008084  x3=0x0000842c PA:0x8000809c
       13795000	      1378	80001c78	de182637	lui	x12,0xde182	 x12=0xde182000
       13805000	      1379	80001c7c	01811383	lh	x7,24(x2)	  x2:0x80008084  x7=0xffff842c PA:0x8000809c
       13815000	      1380	80001c80	01815583	lhu	x11,24(x2)	  x2:0x80008084 x11=0x0000842c PA:0x8000809c
       13825000	      1381	80001c84	01a11c23	sh	x26,24(x2)	  x2:0x80008084 x26:0x80008f8a PA:0x8000809c
       13835000	      1382	80001c88	00910c23	sb	x9,24(x2)	  x2:0x80008084  x9:0x00000063 PA:0x8000809c
       13845000	      1383	80001c8c	01eec233	xor	x4,x29,x30	 x29:0xffffff90 x30:0x0000004c  x4=0xffffffdc
       13855000	      1384	80001c90	01815003	lhu	x0,24(x2)	  x2:0x80008084 PA:0x8000809c
       13865000	      1385	80001c94	aa570213	addi	x4,x14,-1371	 x14:0xd4c65057  x4=0xd4c64afc
       13875000	      1386	80001c98	01411c23	sh	x20,24(x2)	  x2:0x80008084 x20:0xffffb363 PA:0x8000809c
       13885000	      1387	80001c9c	01811803	lh	x16,24(x2)	  x2:0x80008084 x16=0xffffb363 PA:0x8000809c
       13895000	      1388	80001ca0	01814583	lbu	x11,24(x2)	  x2:0x80008084 x11=0x00000063 PA:0x8000809c
       13905000	      1389	80001ca4	01814683	lbu	x13,24(x2)	  x2:0x80008084 x13=0x00000063 PA:0x8000809c
       13915000	      1390	80001ca8	c9252393	slti	x7,x10,-878	 x10:0x00000063  x7=0x00000000
       13925000	      1391	80001cac	c006f793	andi	x15,x13,-1024	 x13:0x00000063 x15=0x00000000
       13935000	      1392	80001cb0	00007317	auipc	x6,0x7	  x6=0x80008cac
       13945000	      1393	80001cb4	15930313	addi	x6,x6,345	  x6:0x80008cac  x6=0x80008e05
       13955000	      1394	80001cb8	ffe319a3	sh	x30,-13(x6)	  x6:0x80008e05 x30:0x0000004c PA:0x80008df8
       13965000	      1395	80001cbc	8f9aa893	slti	x17,x21,-1799	 x21:0x80000000 x17=0x00000001
       13975000	      1396	80001cc0	4fb90693	addi	x13,x18,1275	 x18:0x00005057 x13=0x00005552
       13985000	      1397	80001cc4	00630883	lb	x17,6(x6)	  x6:0x80008e05 x17=0x00000025 PA:0x80008e0b
       13995000	      1398	80001cc8	01db4833	xor	x16,x22,x29	 x22:0x80008fac x29:0xffffff90 x16=0x7fff703c
       14005000	      1399	80001ccc	017d1713	slli	x14,x26,0x17	 x26:0x80008f8a x14=0xc5000000
       14015000	      1400	80001cd0	00f31583	lh	x11,15(x6)	  x6:0x80008e05 x11=0xffffbcfe PA:0x80008e14
       14025000	      1401	80001cd4	00430083	lb	x1,4(x6)	  x6:0x80008e05  x1=0xffffff80 PA:0x80008e09
       14035000	      1402	80001cd8	416ebc93	sltiu	x25,x29,1046	 x29:0xffffff90 x25=0x00000000
       14045000	      1403	80001cdc	017c5e13	srli	x28,x24,0x17	 x24:0x7cfae000 x28=0x000000f9
       14055000	      1404	80001ce0	ffc30083	lb	x1,-4(x6)	  x6:0x80008e05  x1=0x00000003 PA:0x80008e01
       14065000	      1405	80001ce4	00000013	addi	x0,x0,0	  x0:0x00000000
       14075000	      1406	80001ce8	001bacb3	slt	x25,x23,x1	 x23:0x00000000  x1:0x00000003 x25=0x00000001
       14085000	      1407	80001cec	00f34183	lbu	x3,15(x6)	  x6:0x80008e05  x3=0x000000fe PA:0x80008e14
       14095000	      1408	80001cf0	000dfc33	and	x24,x27,x0	 x27:0x80009fc4  x0:0x00000000 x24=0x00000000
       14105000	      1409	80001cf4	00e30b03	lb	x22,14(x6)	  x6:0x80008e05 x22=0xffffff96 PA:0x80008e13
       14115000	      1410	80001cf8	ad3c6c13	ori	x24,x24,-1325	 x24:0x00000000 x24=0xfffffad3
       14125000	      1411	80001cfc	0088c4b3	xor	x9,x17,x8	 x17:0x00000025  x8:0x0000002a  x9=0x0000000f
       14135000	      1412	80001d00	ff535d03	lhu	x26,-11(x6)	  x6:0x80008e05 x26=0x00000e94 PA:0x80008dfa
       14145000	      1413	80001d04	017455b3	srl	x11,x8,x23	  x8:0x0000002a x23:0x00000000 x11=0x0000002a
       14155000	      1414	80001d08	41b88733	sub	x14,x17,x27	 x17:0x00000025 x27:0x80009fc4 x14=0x7fff6061
       14165000	      1415	80001d0c	00efb133	sltu	x2,x31,x14	 x31:0x80009f5c x14:0x7fff6061  x2=0x00000000
       14175000	      1416	80001d10	fe430c23	sb	x4,-8(x6)	  x6:0x80008e05  x4:0xd4c64afc PA:0x80008dfd
       14185000	      1417	80001d14	40220d33	sub	x26,x4,x2	  x4:0xd4c64afc  x2:0x00000000 x26=0xd4c64afc
       14195000	      1418	80001d18	00034703	lbu	x14,0(x6)	  x6:0x80008e05 x14=0x00000040 PA:0x80008e05
       14205000	      1419	80001d1c	01f41193	slli	x3,x8,0x1f	  x8:0x0000002a  x3=0x00000000
       14215000	      1420	80001d20	fe830c23	sb	x8,-8(x6)	  x6:0x80008e05  x8:0x0000002a PA:0x80008dfd
       14225000	      1421	80001d24	00d5d113	srli	x2,x11,0xd	 x11:0x0000002a  x2=0x00000000
       14235000	      1422	80001d28	ffe31ba3	sh	x30,-9(x6)	  x6:0x80008e05 x30:0x0000004c PA:0x80008dfc
       14245000	      1423	80001d2c	ffb31783	lh	x15,-5(x6)	  x6:0x80008e05 x15=0x00000391 PA:0x80008e00
       14255000	      1424	80001d30	41305eb3	sra	x29,x0,x19	  x0:0x00000000 x19:0x000000dc x29=0x00000000
       14265000	      1425	80001d34	00830b83	lb	x23,8(x6)	  x6:0x80008e05 x23=0xffffff91 PA:0x80008e0d
       14275000	      1426	80001d38	01615833	srl	x16,x2,x22	  x2:0x00000000 x22:0xffffff96 x16=0x00000000
       14285000	      1427	80001d3c	00934003	lbu	x0,9(x6)	  x6:0x80008e05 PA:0x80008e0e
       14295000	      1428	80001d40	ffc30e83	lb	x29,-4(x6)	  x6:0x80008e05 x29=0x00000003 PA:0x80008e01
       14305000	      1429	80001d44	00364f33	xor	x30,x12,x3	 x12:0xde182000  x3:0x00000000 x30=0xde182000
       14315000	      1430	80001d48	00c30c83	lb	x25,12(x6)	  x6:0x80008e05 x25=0x00000030 PA:0x80008e11
       14325000	      1431	80001d4c	a57a7513	andi	x10,x20,-1449	 x20:0xffffb363 x10=0xffffb243
       14335000	      1432	80001d50	ff634903	lbu	x18,-10(x6)	  x6:0x80008e05 x18=0x0000000e PA:0x80008dfb
       14345000	      1433	80001d54	011323a3	sw	x17,7(x6)	  x6:0x80008e05 x17:0x00000025 PA:0x80008e0c
       14355000	      1434	80001d58	ff531903	lh	x18,-11(x6)	  x6:0x80008e05 x18=0x00000e94 PA:0x80008dfa
       14365000	      1435	80001d5c	01d2f3b3	and	x7,x5,x29	  x5:0x0000006b x29:0x00000003  x7=0x00000003
       14375000	      1436	80001d60	40c3d933	sra	x18,x7,x12	  x7:0x00000003 x12:0xde182000 x18=0x00000003
       14385000	      1437	80001d64	045c3313	sltiu	x6,x24,69	 x24:0xfffffad3  x6=0x00000000
       14395000	      1438	80001d68	40a15313	srai	x6,x2,0xa	  x2:0x00000000  x6=0x00000000
       14405000	      1439	80001d6c	41848833	sub	x16,x9,x24	  x9:0x0000000f x24:0xfffffad3 x16=0x0000053c
       14415000	      1440	80001d70	444faa37	lui	x20,0x444fa	 x20=0x444fa000
       14425000	      1441	80001d74	0227fe63	bgeu	x15,x2,80001db0	 x15:0x00000391  x2:0x00000000
       14435000	      1442	00000000	00000013	addi	x0,x0,0	  x0:0x00000000
       14445000	      1443	80001dac	00000013	addi	x0,x0,0	  x0:0x00000000
       14455000	      1444	80001db0	01092f33	slt	x30,x18,x16	 x18:0x00000003 x16:0x0000053c x30=0x00000001
       14465000	      1445	80001db4	405e0933	sub	x18,x28,x5	 x28:0x000000f9  x5:0x0000006b x18=0x0000008e
       14475000	      1446	80001db8	52730613	addi	x12,x6,1319	  x6:0x00000000 x12=0x00000527
       14485000	      1447	80001dbc	4154dd33	sra	x26,x9,x21	  x9:0x0000000f x21:0x80000000 x26=0x0000000f
       14495000	      1448	80001dc0	01d208b3	add	x17,x4,x29	  x4:0xd4c64afc x29:0x00000003 x17=0xd4c64aff
       14505000	      1449	80001dc4	41985333	sra	x6,x16,x25	 x16:0x0000053c x25:0x00000030  x6=0x00000000
       14515000	      1450	80001dc8	00dd2f33	slt	x30,x26,x13	 x26:0x0000000f x13:0x00005552 x30=0x00000001
       14525000	      1451	80001dcc	fde4c313	xori	x6,x9,-34	  x9:0x0000000f  x6=0xffffffd1
       14535000	      1452	80001dd0	00f32bb3	slt	x23,x6,x15	  x6:0xffffffd1 x15:0x00000391 x23=0x00000001
       14545000	      1453	80001dd4	007ce633	or	x12,x25,x7	 x25:0x00000030  x7:0x00000003 x12=0x00000033
       14555000	      1454	80001dd8	0058b4b3	sltu	x9,x17,x5	 x17:0xd4c64aff  x5:0x0000006b  x9=0x00000000
       14565000	      1455	80001ddc	01db3a33	sltu	x20,x22,x29	 x22:0xffffff96 x29:0x00000003 x20=0x00000000
       14575000	      1456	80001de0	2a6a6a13	ori	x20,x20,678	 x20:0x00000000 x20=0x000002a6
       14585000	      1457	80001de4	00eff3b3	and	x7,x31,x14	 x31:0x80009f5c x14:0x00000040  x7=0x00000040
       14595000	      1458	80001de8	6cc5ab93	slti	x23,x11,1740	 x11:0x0000002a x23=0x00000001
       14605000	      1459	80001dec	b8b78e17	auipc	x28,0xb8b78	 x28=0x38b79de8
       14615000	      1460	80001df0	aa042593	slti	x11,x8,-1376	  x8:0x0000002a x11=0x00000000
       14625000	      1461	80001df4	01c4a233	slt	x4,x9,x28	  x9:0x00000000 x28:0x38b79de8  x4=0x00000001
       14635000	      1462	80001df8	0061d313	srli	x6,x3,0x6	  x3:0x00000000  x6=0x00000000
       14645000	      1463	80001dfc	00000013	addi	x0,x0,0	  x0:0x00000000
       14655000	      1464	80001e00	409a8733	sub	x14,x21,x9	 x21:0x80000000  x9:0x00000000 x14=0x80000000
       14665000	      1465	80001e04	ca2c2413	slti	x8,x24,-862	 x24:0xfffffad3  x8=0x00000001
       14675000	      1466	80001e08	d3603c93	sltiu	x25,x0,-714	  x0:0x00000000 x25=0x00000001
       14685000	      1467	80001e0c	05c61063	bne	x12,x28,80001e4c	 x12:0x00000033 x28:0x38b79de8
       14695000	      1468	00000000	00000013	addi	x0,x0,0	  x0:0x00000000
       14705000	      1469	80001e48	00000013	addi	x0,x0,0	  x0:0x00000000
       14715000	      1470	80001e4c	01b10b33	add	x22,x2,x27	  x2:0x00000000 x27:0x80009fc4 x22=0x80009fc4
       14725000	      1471	80001e50	016ad7b3	srl	x15,x21,x22	 x21:0x80000000 x22:0x80009fc4 x15=0x08000000
       14735000	      1472	80001e54	01fcf663	bgeu	x25,x31,80001e60	 x25:0x00000001 x31:0x80009f5c
       14745000	      1473	80001e58	00feff33	and	x30,x29,x15	 x29:0x00000003 x15:0x08000000 x30=0x00000000
       14755000	      1474	80001e5c	2671b793	sltiu	x15,x3,615	  x3:0x00000000 x15=0x00000001
       14765000	      1475	80001e60	41190e33	sub	x28,x18,x17	 x18:0x0000008e x17:0xd4c64aff x28=0x2b39b58f
       14775000	      1476	80001e64	40ab5933	sra	x18,x22,x10	 x22:0x80009fc4 x10:0xffffb243 x18=0xf00013f8
       14785000	      1477	80001e68	0144f263	bgeu	x9,x20,80001e6c	  x9:0x00000000 x20:0x000002a6
       14795000	      1478	80001e6c	01d45633	srl	x12,x8,x29	  x8:0x00000001 x29:0x00000003 x12=0x00000000
       14805000	      1479	80001e70	032b0a63	beq	x22,x18,80001ea4	 x22:0x80009fc4 x18:0xf00013f8
       14815000	      1480	80001e74	6f7f8e93	addi	x29,x31,1783	 x31:0x80009f5c x29=0x8000a653
       14825000	      1481	80001e78	01dee0b3	or	x1,x29,x29	 x29:0x8000a653 x29:0x8000a653  x1=0x8000a653
       14835000	      1482	80001e7c	05939063	bne	x7,x25,80001ebc	  x7:0x00000040 x25:0x00000001
       14845000	      1483	00000000	00000013	addi	x0,x0,0	  x0:0x00000000
       14855000	      1484	80001eb8	00000013	addi	x0,x0,0	  x0:0x00000000
       14865000	      1485	80001ebc	016a2d33	slt	x26,x20,x22	 x20:0x000002a6 x22:0x80009fc4 x26=0x00000000
       14875000	      1486	80001ec0	c3e1ae93	slti	x29,x3,-962	  x3:0x00000000 x29=0x00000000
       14885000	      1487	80001ec4	09b8a793	slti	x15,x17,155	 x17:0xd4c64aff x15=0x00000001
       14895000	      1488	80001ec8	5ae14993	xori	x19,x2,1454	  x2:0x00000000 x19=0x000005ae
       14905000	      1489	80001ecc	008022b3	slt	x5,x0,x8	  x0:0x00000000  x8:0x00000001  x5=0x00000001
       14915000	      1490	80001ed0	013b3c33	sltu	x24,x22,x19	 x22:0x80009fc4 x19:0x000005ae x24=0x00000000
       14925000	      1491	80001ed4	0143a3b3	slt	x7,x7,x20	  x7:0x00000040 x20:0x000002a6  x7=0x00000001
       14935000	      1492	80001ed8	033ffc63	bgeu	x31,x19,80001f10	 x31:0x80009f5c x19:0x000005ae
       14945000	      1493	00000000	00000013	addi	x0,x0,0	  x0:0x00000000
       14955000	      1494	80001f0c	00000013	addi	x0,x0,0	  x0:0x00000000
       14965000	      1495	80001f10	7e538b93	addi	x23,x7,2021	  x7:0x00000001 x23=0x000007e6
       14975000	      1496	80001f14	0094da63	bge	x9,x9,80001f28	  x9:0x00000000  x9:0x00000000
       14985000	      1497	00000000	00000013	addi	x0,x0,0	  x0:0x00000000
       14995000	      1498	80001f24	00000013	addi	x0,x0,0	  x0:0x00000000
       15005000	      1499	80001f28	00676b33	or	x22,x14,x6	 x14:0x80000000  x6:0x00000000 x22=0x80000000
       15015000	      1500	80001f2c	053e0663	beq	x28,x19,80001f78	 x28:0x2b39b58f x19:0x000005ae
       15025000	      1501	80001f30	007cceb3	xor	x29,x25,x7	 x25:0x00000001  x7:0x00000001 x29=0x00000000
       15035000	      1502	80001f34	b6906613	ori	x12,x0,-1175	  x0:0x00000000 x12=0xfffffb69
       15045000	      1503	80001f38	00000013	addi	x0,x0,0	  x0:0x00000000
       15055000	      1504	80001f3c	3514a113	slti	x2,x9,849	  x9:0x00000000  x2=0x00000001
       15065000	      1505	80001f40	2a1d8593	addi	x11,x27,673	 x27:0x80009fc4 x11=0x8000a265
       15075000	      1506	80001f44	00cf0463	beq	x30,x12,80001f4c	 x30:0x00000000 x12:0xfffffb69
       15085000	      1507	80001f48	015ff333	and	x6,x31,x21	 x31:0x80009f5c x21:0x80000000  x6=0x80000000
       15095000	      1508	80001f4c	41b78933	sub	x18,x15,x27	 x15:0x00000001 x27:0x80009fc4 x18=0x7fff603d
       15105000	      1509	80001f50	01bb8933	add	x18,x23,x27	 x23:0x000007e6 x27:0x80009fc4 x18=0x8000a7aa
       15115000	      1510	80001f54	0020ebb3	or	x23,x1,x2	  x1:0x8000a653  x2:0x00000001 x23=0x8000a653
       15125000	      1511	80001f58	014ef6b3	and	x13,x29,x20	 x29:0x00000000 x20:0x000002a6 x13=0x00000000
       15135000	      1512	80001f5c	4729bc93	sltiu	x25,x19,1138	 x19:0x000005ae x25=0x00000000
       15145000	      1513	80001f60	83348c93	addi	x25,x9,-1997	  x9:0x00000000 x25=0xfffff833
       15155000	      1514	80001f64	419bd613	srai	x12,x23,0x19	 x23:0x8000a653 x12=0xffffffc0
       15165000	      1515	80001f68	00b7cbb3	xor	x23,x15,x11	 x15:0x00000001 x11:0x8000a265 x23=0x8000a264
       15175000	      1516	80001f6c	e297ac13	slti	x24,x15,-471	 x15:0x00000001 x24=0x00000000
       15185000	      1517	80001f70	00e3e5b3	or	x11,x7,x14	  x7:0x00000001 x14:0x80000000 x11=0x80000001
       15195000	      1518	80001f74	01e8a0b3	slt	x1,x17,x30	 x17:0xd4c64aff x30:0x00000000  x1=0x00000001
       15205000	      1519	80001f78	6d1be493	ori	x9,x23,1745	 x23:0x8000a264  x9=0x8000a6f5
       15215000	      1520	80001f7c	016a75b3	and	x11,x20,x22	 x20:0x000002a6 x22:0x80000000 x11=0x00000000
       15225000	      1521	80001f80	03f91a63	bne	x18,x31,80001fb4	 x18:0x8000a7aa x31:0x80009f5c
       15235000	      1522	00000000	00000013	addi	x0,x0,0	  x0:0x00000000
       15245000	      1523	80001fb0	00000013	addi	x0,x0,0	  x0:0x00000000
       15255000	      1524	80001fb4	05e39663	bne	x7,x30,80002000	  x7:0x00000001 x30:0x00000000
       15265000	      1525	00000000	00000013	addi	x0,x0,0	  x0:0x00000000
       15275000	      1526	80001ffc	00000013	addi	x0,x0,0	  x0:0x00000000
       15285000	      1527	80002000	4fcf2737	lui	x14,0x4fcf2	 x14=0x4fcf2000
       15295000	      1528	80002004	7d187bb7	lui	x23,0x7d187	 x23=0x7d187000
       15305000	      1529	80002008	0041e663	bltu	x3,x4,80002014	  x3:0x00000000  x4:0x00000001
       15315000	      1530	00000000	00000013	addi	x0,x0,0	  x0:0x00000000
       15325000	      1531	80002010	00000013	addi	x0,x0,0	  x0:0x00000000
       15335000	      1532	80002014	2d6d2c93	slti	x25,x26,726	 x26:0x00000000 x25=0x00000001
       15345000	      1533	80002018	aac4d6b7	lui	x13,0xaac4d	 x13=0xaac4d000
       15355000	      1534	8000201c	00d1ecb3	or	x25,x3,x13	  x3:0x00000000 x13:0xaac4d000 x25=0xaac4d000
       15365000	      1535	80002020	02aae063	bltu	x21,x10,80002040	 x21:0x80000000 x10:0xffffb243
       15375000	      1536	00000000	00000013	addi	x0,x0,0	  x0:0x00000000
       15385000	      1537	8000203c	00000013	addi	x0,x0,0	  x0:0x00000000
       15395000	      1538	80002040	9dfa3a13	sltiu	x20,x20,-1569	 x20:0x000002a6 x20=0x00000001
       15405000	      1539	80002044	410d8e33	sub	x28,x27,x16	 x27:0x80009fc4 x16:0x0000053c x28=0x80009a88
       15415000	      1540	80002048	cb70f413	andi	x8,x1,-841	  x1:0x00000001  x8=0x00000001
       15425000	      1541	8000204c	0021f533	and	x10,x3,x2	  x3:0x00000000  x2:0x00000001 x10=0x00000000
       15435000	      1542	80002050	dfe37037	lui	x0,0xdfe37	
       15445000	      1543	80002054	721df713	andi	x14,x27,1825	 x27:0x80009fc4 x14=0x00000700
       15455000	      1544	80002058	661cc517	auipc	x10,0x661cc	 x10=0xe61ce054
       15465000	      1545	8000205c	004fa603	lw	x12,4(x31)	 x31:0x80009f5c x12=0x80000184 PA:0x80009f60
       15475000	      1546	80002060	00000013	addi	x0,x0,0	  x0:0x00000000
       15485000	      1547	80002064	018ef533	and	x10,x29,x24	 x29:0x00000000 x24:0x00000000 x10=0x00000000
       15495000	      1548	80002068	028f8f93	addi	x31,x31,40	 x31:0x80009f5c x31=0x80009f84
       15505000	      1549	8000206c	5a0a8893	addi	x17,x21,1440	 x21:0x80000000 x17=0x800005a0
       15515000	      1550	80002070	9a218e97	auipc	x29,0x9a218	 x29=0x1a21a06c
       15525000	      1551	80002074	009cf133	and	x2,x25,x9	 x25:0xaac4d000  x9:0x8000a6f5  x2=0x80008000
       15535000	      1552	80002078	00060613	addi	x12,x12,0	 x12:0x80000184 x12=0x80000184
       15545000	      1553	8000207c	00060667	jalr	x12,x12,0	 x12:0x80000184 x12=0x8000207c
       15555000	      1554	00000000	00000013	addi	x0,x0,0	  x0:0x00000000
       15565000	      1555	80000184	00000013	addi	x0,x0,0	  x0:0x00000000
       15575000	      1556	80000188	00008097	auipc	x1,0x8	  x1=0x80008184
       15585000	      1557	8000018c	06c08093	addi	x1,x1,108	  x1:0x80008184  x1=0x800081f0
       15595000	      1558	80000190	0053f5b3	and	x11,x7,x5	  x7:0x00000001  x5:0x00000001 x11=0x00000001
       15605000	      1559	80000194	ebe080a3	sb	x30,-351(x1)	  x1:0x800081f0 x30:0x00000000 PA:0x80008091
       15615000	      1560	80000198	eac080a3	sb	x12,-351(x1)	  x1:0x800081f0 x12:0x8000207c PA:0x80008091
       15625000	      1561	8000019c	ebb080a3	sb	x27,-351(x1)	  x1:0x800081f0 x27:0x80009fc4 PA:0x80008091
       15635000	      1562	800001a0	40ae59b3	sra	x19,x28,x10	 x28:0x80009a88 x10:0x00000000 x19=0x80009a88
       15645000	      1563	800001a4	ea10c803	lbu	x16,-351(x1)	  x1:0x800081f0 x16=0x000000c4 PA:0x80008091
       15655000	      1564	800001a8	ee527893	andi	x17,x4,-283	  x4:0x00000001 x17=0x00000001
       15665000	      1565	800001ac	22bc4513	xori	x10,x24,555	 x24:0x00000000 x10=0x0000022b
       15675000	      1566	800001b0	ea1080a3	sb	x1,-351(x1)	  x1:0x800081f0  x1:0x800081f0 PA:0x80008091
       15685000	      1567	800001b4	ea108103	lb	x2,-351(x1)	  x1:0x800081f0  x2=0xfffffff0 PA:0x80008091
       15695000	      1568	800001b8	e7a09923	sh	x26,-398(x1)	  x1:0x800081f0 x26:0x00000000 PA:0x80008062
       15705000	      1569	800001bc	e6609923	sh	x6,-398(x1)	  x1:0x800081f0  x6:0x80000000 PA:0x80008062
       15715000	      1570	800001c0	00000013	addi	x0,x0,0	  x0:0x00000000
       15725000	      1571	800001c4	dda7b513	sltiu	x10,x15,-550	 x15:0x00000001 x10=0x00000001
       15735000	      1572	800001c8	e720dc03	lhu	x24,-398(x1)	  x1:0x800081f0 x24=0x00000000 PA:0x80008062
       15745000	      1573	800001cc	2db08603	lb	x12,731(x1)	  x1:0x800081f0 x12=0xffffffb5 PA:0x800084cb
       15755000	      1574	800001d0	f7908c83	lb	x25,-135(x1)	  x1:0x800081f0 x25=0x00000052 PA:0x80008169
       15765000	      1575	800001d4	f6908ca3	sb	x9,-135(x1)	  x1:0x800081f0  x9:0x8000a6f5 PA:0x80008169
       15775000	      1576	800001d8	4780d583	lhu	x11,1144(x1)	  x1:0x800081f0 x11=0x0000f48b PA:0x80008668
       15785000	      1577	800001dc	00009997	auipc	x19,0x9	 x19=0x800091d8
       15795000	      1578	800001e0	c4498993	addi	x19,x19,-956	 x19:0x800091d8 x19=0x80008e1c
       15805000	      1579	800001e4	00009417	auipc	x8,0x9	  x8=0x800091e0
       15815000	      1580	800001e8	97540413	addi	x8,x8,-1675	  x8:0x800091e0  x8=0x80008b55
       15825000	      1581	800001ec	ffb45103	lhu	x2,-5(x8)	  x8:0x80008b55  x2=0x000090ab PA:0x80008b50
       15835000	      1582	800001f0	f4599e23	sh	x5,-164(x19)	 x19:0x80008e1c  x5:0x00000001 PA:0x80008d78
       15845000	      1583	800001f4	a7798ea3	sb	x23,-1411(x19)	 x19:0x80008e1c x23:0x7d187000 PA:0x80008899
       15855000	      1584	800001f8	ff0409a3	sb	x16,-13(x8)	  x8:0x80008b55 x16:0x000000c4 PA:0x80008b48
       15865000	      1585	800001fc	d8498f03	lb	x30,-636(x19)	 x19:0x80008e1c x30=0x0000006e PA:0x80008ba0
       15875000	      1586	80000200	f4b9c003	lbu	x0,-181(x19)	 x19:0x80008e1c PA:0x80008d67
       15885000	      1587	80000204	00440503	lb	x10,4(x8)	  x8:0x80008b55 x10=0x00000075 PA:0x80008b59
       15895000	      1588	80000208	1c098383	lb	x7,448(x19)	 x19:0x80008e1c  x7=0xffffffe8 PA:0x80008fdc
       15905000	      1589	8000020c	fed40923	sb	x13,-14(x8)	  x8:0x80008b55 x13:0xaac4d000 PA:0x80008b47
       15915000	      1590	80000210	00b413a3	sh	x11,7(x8)	  x8:0x80008b55 x11:0x0000f48b PA:0x80008b5c
       15925000	      1591	80000214	00244a03	lbu	x20,2(x8)	  x8:0x80008b55 x20=0x00000031 PA:0x80008b57
       15935000	      1592	80000218	00009217	auipc	x4,0x9	  x4=0x80009214
       15945000	      1593	8000021c	daa20213	addi	x4,x4,-598	  x4:0x80009214  x4=0x80008fbe
       15955000	      1594	80000220	00000013	addi	x0,x0,0	  x0:0x00000000
       15965000	      1595	80000224	def6ac93	slti	x25,x13,-529	 x13:0xaac4d000 x25=0x00000001
       15975000	      1596	80000228	02520f03	lb	x30,37(x4)	  x4:0x80008fbe x30=0xffffffd7 PA:0x80008fe3
       15985000	      1597	8000022c	009d96b3	sll	x13,x27,x9	 x27:0x80009fc4  x9:0x8000a6f5 x13=0xf8800000
       15995000	      1598	80000230	01c340b3	xor	x1,x6,x28	  x6:0x80000000 x28:0x80009a88  x1=0x00009a88
       16005000	      1599	80000234	ff221623	sh	x18,-20(x4)	  x4:0x80008fbe x18:0x8000a7aa PA:0x80008faa
       16015000	      1600	80000238	000f4333	xor	x6,x30,x0	 x30:0xffffffd7  x0:0x00000000  x6=0xffffffd7
       16025000	      1601	8000023c	f5622483	lw	x9,-170(x4)	  x4:0x80008fbe  x9=0x65251728 PA:0x80008f14
       16035000	      1602	80000240	f44203a3	sb	x4,-185(x4)	  x4:0x80008fbe  x4:0x80008fbe PA:0x80008f05
       16045000	      1603	80000244	f3f24283	lbu	x5,-193(x4)	  x4:0x80008fbe  x5=0x000000f1 PA:0x80008efd
       16055000	      1604	80000248	00000013	addi	x0,x0,0	  x0:0x00000000
       16065000	      1605	8000024c	013140b3	xor	x1,x2,x19	  x2:0x000090ab x19:0x80008e1c  x1=0x80001eb7
       16075000	      1606	80000250	af6a0393	addi	x7,x20,-1290	 x20:0x00000031  x7=0xfffffb27
       16085000	      1607	80000254	f0d20703	lb	x14,-243(x4)	  x4:0x80008fbe x14=0x00000028 PA:0x80008ecb
       16095000	      1608	80000258	f6124503	lbu	x10,-159(x4)	  x4:0x80008fbe x10=0x0000002f PA:0x80008f1f
       16105000	      1609	8000025c	172d7813	andi	x16,x26,370	 x26:0x00000000 x16=0x00000000
       16115000	      1610	80000260	0177e933	or	x18,x15,x23	 x15:0x00000001 x23:0x7d187000 x18=0x7d187001
       16125000	      1611	80000264	fff24b03	lbu	x22,-1(x4)	  x4:0x80008fbe x22=0x0000003b PA:0x80008fbd
       16135000	      1612	80000268	01120283	lb	x5,17(x4)	  x4:0x80008fbe  x5=0x00000039 PA:0x80008fcf
       16145000	      1613	8000026c	fa624383	lbu	x7,-90(x4)	  x4:0x80008fbe  x7=0x0000000f PA:0x80008f64
       16155000	      1614	00000000	00000013	addi	x0,x0,0	  x0:0x00000000
       16165000	      1615	80000270	fc720ca3	sb	x7,-39(x4)	  x4:0x80008fbe  x7:0x0000000f PA:0x80008f97
       16175000	      1616	80000274	f4724603	lbu	x12,-185(x4)	  x4:0x80008fbe x12=0x000000be PA:0x80008f05
       16185000	      1617	80000278	01c3f433	and	x8,x7,x28	  x7:0x0000000f x28:0x80009a88  x8=0x00000008
       16195000	      1618	8000027c	00320003	lb	x0,3(x4)	  x4:0x80008fbe PA:0x80008fc1
       16205000	      1619	80000280	ff120e23	sb	x17,-4(x4)	  x4:0x80008fbe x17:0x00000001 PA:0x80008fba
       16215000	      1620	80000284	01571113	slli	x2,x14,0x15	 x14:0x00000028  x2=0x05000000
       16225000	      1621	80000288	f5b20c03	lb	x24,-165(x4)	  x4:0x80008fbe x24=0x00000068 PA:0x80008f19
       16235000	      1622	8000028c	00569593	slli	x11,x13,0x5	 x13:0xf8800000 x11=0x10000000
       16245000	      1623	80000290	01439cb3	sll	x25,x7,x20	  x7:0x0000000f x20:0x00000031 x25=0x001e0000
       16255000	      1624	80000294	f3621783	lh	x15,-202(x4)	  x4:0x80008fbe x15=0xffffcfa3 PA:0x80008ef4
       16265000	      1625	80000298	ffe22403	lw	x8,-2(x4)	  x4:0x80008fbe  x8=0x67fa3bb0 PA:0x80008fbc
       16275000	      1626	8000029c	018ee2b3	or	x5,x29,x24	 x29:0x1a21a06c x24:0x00000068  x5=0x1a21a06c
       16285000	      1627	800002a0	0098d893	srli	x17,x17,0x9	 x17:0x00000001 x17=0x00000000
       16295000	      1628	800002a4	f2f24003	lbu	x0,-209(x4)	  x4:0x80008fbe PA:0x80008eed
       16305000	      1629	800002a8	f72208a3	sb	x18,-143(x4)	  x4:0x80008fbe x18:0x7d187001 PA:0x80008f2f
       16315000	      1630	800002ac	01ad53b3	srl	x7,x26,x26	 x26:0x00000000 x26:0x00000000  x7=0x00000000
       16325000	      1631	800002b0	f8421c03	lh	x24,-124(x4)	  x4:0x80008fbe x24=0x00002552 PA:0x80008f42
       16335000	      1632	800002b4	d64c8937	lui	x18,0xd64c8	 x18=0xd64c8000
       16345000	      1633	800002b8	00029c93	slli	x25,x5,0x0	  x5:0x1a21a06c x25=0x1a21a06c
       16355000	      1634	800002bc	41b25b13	srai	x22,x4,0x1b	  x4:0x80008fbe x22=0xfffffff0
       16365000	      1635	800002c0	00000013	addi	x0,x0,0	  x0:0x00000000
       16375000	      1636	800002c4	b7447b13	andi	x22,x8,-1164	  x8:0x67fa3bb0 x22=0x67fa3b30
       16385000	      1637	800002c8	01744bb3	xor	x23,x8,x23	  x8:0x67fa3bb0 x23:0x7d187000 x23=0x1ae24bb0
       16395000	      1638	800002cc	41abdb93	srai	x23,x23,0x1a	 x23:0x1ae24bb0 x23=0x00000006
       16405000	      1639	800002d0	fc920503	lb	x10,-55(x4)	  x4:0x80008fbe x10=0xffffffdb PA:0x80008f87
       16415000	      1640	800002d4	0103de13	srli	x28,x7,0x10	  x7:0x00000000 x28=0x00000000
       16425000	      1641	800002d8	680b1337	lui	x6,0x680b1	  x6=0x680b1000
       16435000	      1642	800002dc	02324183	lbu	x3,35(x4)	  x4:0x80008fbe  x3=0x000000e3 PA:0x80008fe1
       16445000	      1643	800002e0	f2724783	lbu	x15,-217(x4)	  x4:0x80008fbe x15=0x000000d4 PA:0x80008ee5
       16455000	      1644	800002e4	0130fa13	andi	x20,x1,19	  x1:0x80001eb7 x20=0x00000013
       16465000	      1645	800002e8	fd3ebe93	sltiu	x29,x29,-45	 x29:0x1a21a06c x29=0x00000001
       16475000	      1646	800002ec	fce24c03	lbu	x24,-50(x4)	  x4:0x80008fbe x24=0x00000078 PA:0x80008f8c
       16485000	      1647	800002f0	98b04b13	xori	x22,x0,-1653	  x0:0x00000000 x22=0xfffff98b
       16495000	      1648	800002f4	04c3d463	bge	x7,x12,8000033c	  x7:0x00000000 x12:0x000000be
       16505000	      1649	800002f8	be918c93	addi	x25,x3,-1047	  x3:0x000000e3 x25=0xfffffccc
       16515000	      1650	800002fc	0005b833	sltu	x16,x11,x0	 x11:0x10000000  x0:0x00000000 x16=0x00000000
       16525000	      1651	80000300	01aaba33	sltu	x20,x21,x26	 x21:0x80000000 x26:0x00000000 x20=0x00000000
       16535000	      1652	80000304	030e7a63	bgeu	x28,x16,80000338	 x28:0x00000000 x16:0x00000000
       16545000	      1653	00000000	00000013	addi	x0,x0,0	  x0:0x00000000
       16555000	      1654	80000334	00000013	addi	x0,x0,0	  x0:0x00000000
       16565000	      1655	80000338	00000013	addi	x0,x0,0	  x0:0x00000000
       16575000	      1656	8000033c	4d3feb13	ori	x22,x31,1235	 x31:0x80009f84 x22=0x80009fd7
       16585000	      1657	80000340	f91d2013	slti	x0,x26,-111	 x26:0x00000000
       16595000	      1658	80000344	010a9b33	sll	x22,x21,x16	 x21:0x80000000 x16:0x00000000 x22=0x80000000
       16605000	      1659	80000348	00000797	auipc	x15,0x0	 x15=0x80000344
       16615000	      1660	8000034c	0d478793	addi	x15,x15,212	 x15:0x80000344 x15=0x80000418
       16625000	      1661	80000350	01eef4b3	and	x9,x29,x30	 x29:0x00000001 x30:0xffffffd7  x9=0x00000001
       16635000	      1662	80000354	18c78793	addi	x15,x15,396	 x15:0x80000418 x15=0x800005a4
       16645000	      1663	80000358	01a2cb33	xor	x22,x5,x26	  x5:0x1a21a06c x26:0x00000000 x22=0x1a21a06c
       16655000	      1664	8000035c	0145f833	and	x16,x11,x20	 x11:0x10000000 x20:0x00000000 x16=0x00000000
       16665000	      1665	80000360	0124d213	srli	x4,x9,0x12	  x9:0x00000001  x4=0x00000000
       16675000	      1666	80000364	01320433	add	x8,x4,x19	  x4:0x00000000 x19:0x80008e1c  x8=0x80008e1c
       16685000	      1667	80000368	010e9833	sll	x16,x29,x16	 x29:0x00000001 x16:0x00000000 x16=0x00000001
       16695000	      1668	8000036c	00000013	addi	x0,x0,0	  x0:0x00000000
       16705000	      1669	80000370	008f5893	srli	x17,x30,0x8	 x30:0xffffffd7 x17=0x00ffffff
       16715000	      1670	80000374	015099b3	sll	x19,x1,x21	  x1:0x80001eb7 x21:0x80000000 x19=0x80001eb7
       16725000	      1671	80000378	e7478667	jalr	x12,x15,-396	 x15:0x800005a4 x12=0x80000378
       16735000	      1672	00000000	00000013	addi	x0,x0,0	  x0:0x00000000
       16745000	      1673	80000418	00000013	addi	x0,x0,0	  x0:0x00000000
       16755000	      1674	8000041c	fdcf8f93	addi	x31,x31,-36	 x31:0x80009f84 x31=0x80009f60
       16765000	      1675	80000420	40e55e13	srai	x28,x10,0xe	 x10:0xffffffdb x28=0xffffffff
       16775000	      1676	80000424	01de5b33	srl	x22,x28,x29	 x28:0xffffffff x29:0x00000001 x22=0x7fffffff
       16785000	      1677	80000428	00cfa223	sw	x12,4(x31)	 x31:0x80009f60 x12:0x80000378 PA:0x80009f64
       16795000	      1678	8000042c	01141833	sll	x16,x8,x17	  x8:0x80008e1c x17:0x00ffffff x16=0x00000000
       16805000	      1679	80000430	00008117	auipc	x2,0x8	  x2=0x8000842c
       16815000	      1680	80000434	2f010113	addi	x2,x2,752	  x2:0x8000842c  x2=0x8000871c
       16825000	      1681	80000438	a3011923	sh	x16,-1486(x2)	  x2:0x8000871c x16:0x00000000 PA:0x8000814e
       16835000	      1682	8000043c	75b0eb93	ori	x23,x1,1883	  x1:0x80001eb7 x23=0x80001fff
       16845000	      1683	80000440	0f411c03	lh	x24,244(x2)	  x2:0x8000871c x24=0x00003c50 PA:0x80008810
       16855000	      1684	80000444	0f415b03	lhu	x22,244(x2)	  x2:0x8000871c x22=0x00003c50 PA:0x80008810
       16865000	      1685	80000448	f3b10883	lb	x17,-197(x2)	  x2:0x8000871c x17=0x00000056 PA:0x80008657
       16875000	      1686	8000044c	f3b14403	lbu	x8,-197(x2)	  x2:0x8000871c  x8=0x00000056 PA:0x80008657
       16885000	      1687	80000450	00f6e1b3	or	x3,x13,x15	 x13:0xf8800000 x15:0x800005a4  x3=0xf88005a4
       16895000	      1688	80000454	b2512023	sw	x5,-1248(x2)	  x2:0x8000871c  x5:0x1a21a06c PA:0x8000823c
       16905000	      1689	80000458	b8d10a03	lb	x20,-1139(x2)	  x2:0x8000871c x20=0xfffffff5 PA:0x800082a9
       16915000	      1690	8000045c	d5212623	sw	x18,-692(x2)	  x2:0x8000871c x18:0xd64c8000 PA:0x80008468
       16925000	      1691	80000460	010d1433	sll	x8,x26,x16	 x26:0x00000000 x16:0x00000000  x8=0x00000000
       16935000	      1692	80000464	d4a11623	sh	x10,-692(x2)	  x2:0x8000871c x10:0xffffffdb PA:0x80008468
       16945000	      1693	80000468	0789cb93	xori	x23,x19,120	 x19:0x80001eb7 x23=0x80001ecf
       16955000	      1694	8000046c	d4c10183	lb	x3,-692(x2)	  x2:0x8000871c  x3=0xffffffdb PA:0x80008468
       16965000	      1695	80000470	96611683	lh	x13,-1690(x2)	  x2:0x8000871c x13=0xffffd0fd PA:0x80008082
       16975000	      1696	80000474	00008117	auipc	x2,0x8	  x2=0x80008470
       16985000	      1697	80000478	14910113	addi	x2,x2,329	  x2:0x80008470  x2=0x800085b9
       16995000	      1698	8000047c	01f564b3	or	x9,x10,x31	 x10:0xffffffdb x31:0x80009f60  x9=0xfffffffb
       17005000	      1699	80000480	f6610ea3	sb	x6,-131(x2)	  x2:0x800085b9  x6:0x680b1000 PA:0x80008536
       17015000	      1700	80000484	00978033	add	x0,x15,x9	 x15:0x800005a4  x9:0xfffffffb
       17025000	      1701	80000488	e668cf13	xori	x30,x17,-410	 x17:0x00000056 x30=0xfffffe30
       17035000	      1702	8000048c	9f657193	andi	x3,x10,-1546	 x10:0xffffffdb  x3=0xfffff9d2
       17045000	      1703	80000490	40e95bb3	sra	x23,x18,x14	 x18:0xd64c8000 x14:0x00000028 x23=0xffd64c80
       17055000	      1704	80000494	01e95493	srli	x9,x18,0x1e	 x18:0xd64c8000  x9=0x00000003
       17065000	      1705	80000498	0ef12383	lw	x7,239(x2)	  x2:0x800085b9  x7=0x6a5ff28c PA:0x800086a8
       17075000	      1706	8000049c	013ceeb3	or	x29,x25,x19	 x25:0xfffffccc x19:0x80001eb7 x29=0xfffffeff
       17085000	      1707	800004a0	0191e533	or	x10,x3,x25	  x3:0xfffff9d2 x25:0xfffffccc x10=0xfffffdde
       17095000	      1708	800004a4	630177b7	lui	x15,0x63017	 x15=0x63017000
       17105000	      1709	800004a8	f9d11283	lh	x5,-99(x2)	  x2:0x800085b9  x5=0x00005b46 PA:0x80008556
       17115000	      1710	800004ac	41365713	srai	x14,x12,0x13	 x12:0x80000378 x14=0xfffff000
       17125000	      1711	800004b0	01465eb3	srl	x29,x12,x20	 x12:0x80000378 x20:0xfffffff5 x29=0x00000400
       17135000	      1712	800004b4	0149b7b3	sltu	x15,x19,x20	 x19:0x80001eb7 x20:0xfffffff5 x15=0x00000001
       17145000	      1713	800004b8	01d6e7b3	or	x15,x13,x29	 x13:0xffffd0fd x29:0x00000400 x15=0xffffd4fd
       17155000	      1714	800004bc	ffe10aa3	sb	x30,-11(x2)	  x2:0x800085b9 x30:0xfffffe30 PA:0x800085ae
       17165000	      1715	800004c0	06f11403	lh	x8,111(x2)	  x2:0x800085b9  x8=0x00002904 PA:0x80008628
       17175000	      1716	800004c4	017f9193	slli	x3,x31,0x17	 x31:0x80009f60  x3=0xb0000000
       17185000	      1717	800004c8	4188d633	sra	x12,x17,x24	 x17:0x00000056 x24:0x00003c50 x12=0x00000000
       17195000	      1718	800004cc	02511b83	lh	x23,37(x2)	  x2:0x800085b9 x23=0xffffa882 PA:0x800085de
       17205000	      1719	800004d0	00aafa33	and	x20,x21,x10	 x21:0x80000000 x10:0xfffffdde x20=0x80000000
       17215000	      1720	800004d4	fc710f23	sb	x7,-34(x2)	  x2:0x800085b9  x7:0x6a5ff28c PA:0x80008597
       17225000	      1721	800004d8	f2df9617	auipc	x12,0xf2df9	 x12=0x72df94d4
       17235000	      1722	800004dc	00092a33	slt	x20,x18,x0	 x18:0xd64c8000  x0:0x00000000 x20=0x00000001
       17245000	      1723	800004e0	f79125a3	sw	x25,-149(x2)	  x2:0x800085b9 x25:0xfffffccc PA:0x80008524
       17255000	      1724	800004e4	2b192b93	slti	x23,x18,689	 x18:0xd64c8000 x23=0x00000001
       17265000	      1725	800004e8	413708b3	sub	x17,x14,x19	 x14:0xfffff000 x19:0x80001eb7 x17=0x7fffd149
       17275000	      1726	800004ec	00000013	addi	x0,x0,0	  x0:0x00000000
       17285000	      1727	800004f0	40ecdc33	sra	x24,x25,x14	 x25:0xfffffccc x14:0xfffff000 x24=0xfffffccc
       17295000	      1728	800004f4	4b8ca393	slti	x7,x25,1208	 x25:0xfffffccc  x7=0x00000001
       17305000	      1729	800004f8	00911d03	lh	x26,9(x2)	  x2:0x800085b9 x26=0x0000571f PA:0x800085c2
       17315000	      1730	800004fc	be9a9b37	lui	x22,0xbe9a9	 x22=0xbe9a9000
       17325000	      1731	80000500	00d273b3	and	x7,x4,x13	  x4:0x00000000 x13:0xffffd0fd  x7=0x00000000
       17335000	      1732	80000504	01e770b3	and	x1,x14,x30	 x14:0xfffff000 x30:0xfffffe30  x1=0xfffff000
       17345000	      1733	80000508	012e6833	or	x16,x28,x18	 x28:0xffffffff x18:0xd64c8000 x16=0xffffffff
       17355000	      1734	8000050c	07f11c83	lh	x25,127(x2)	  x2:0x800085b9 x25=0xffff9a69 PA:0x80008638
       17365000	      1735	80000510	0147bd33	sltu	x26,x15,x20	 x15:0xffffd4fd x20:0x00000001 x26=0x00000000
       17375000	      1736	80000514	017102a3	sb	x23,5(x2)	  x2:0x800085b9 x23:0x00000001 PA:0x800085be
       17385000	      1737	80000518	0d210c23	sb	x18,216(x2)	  x2:0x800085b9 x18:0xd64c8000 PA:0x80008691
       17395000	      1738	8000051c	00008117	auipc	x2,0x8	  x2=0x80008518
       17405000	      1739	80000520	d2610113	addi	x2,x2,-730	  x2:0x80008518  x2=0x8000823e
       17415000	      1740	80000524	01d10823	sb	x29,16(x2)	  x2:0x8000823e x29:0x00000400 PA:0x8000824e
       17425000	      1741	80000528	00000013	addi	x0,x0,0	  x0:0x00000000
       17435000	      1742	8000052c	4105d4b3	sra	x9,x11,x16	 x11:0x10000000 x16:0xffffffff  x9=0x00000000
       17445000	      1743	80000530	00000013	addi	x0,x0,0	  x0:0x00000000
       17455000	      1744	80000534	01c4ca33	xor	x20,x9,x28	  x9:0x00000000 x28:0xffffffff x20=0xffffffff
       17465000	      1745	80000538	00112033	slt	x0,x2,x1	  x2:0x8000823e  x1:0xfffff000
       17475000	      1746	8000053c	03015683	lhu	x13,48(x2)	  x2:0x8000823e x13=0x0000ff90 PA:0x8000826e
       17485000	      1747	80000540	4704df37	lui	x30,0x4704d	 x30=0x4704d000
       17495000	      1748	80000544	26130293	addi	x5,x6,609	  x6:0x680b1000  x5=0x680b1261
       17505000	      1749	80000548	00bcff33	and	x30,x25,x11	 x25:0xffff9a69 x11:0x10000000 x30=0x10000000
       17515000	      1750	8000054c	f6c11b23	sh	x12,-138(x2)	  x2:0x8000823e x12:0x72df94d4 PA:0x800081b4
       17525000	      1751	80000550	bb89a313	slti	x6,x19,-1096	 x19:0x80001eb7  x6=0x00000001
       17535000	      1752	80000554	00a301b3	add	x3,x6,x10	  x6:0x00000001 x10:0xfffffdde  x3=0xfffffddf
       17545000	      1753	80000558	0a410283	lb	x5,164(x2)	  x2:0x8000823e  x5=0x0000005a PA:0x800082e2
       17555000	      1754	00000000	00000013	addi	x0,x0,0	  x0:0x00000000
       17565000	      1755	8000055c	005919b3	sll	x19,x18,x5	 x18:0xd64c8000  x5:0x0000005a x19=0x00000000
       17575000	      1756	80000560	00000013	addi	x0,x0,0	  x0:0x00000000
       17585000	      1757	80000564	003842b3	xor	x5,x16,x3	 x16:0xffffffff  x3:0xfffffddf  x5=0x00000220
       17595000	      1758	80000568	0f9109a3	sb	x25,243(x2)	  x2:0x8000823e x25:0xffff9a69 PA:0x80008331
       17605000	      1759	8000056c	045b4593	xori	x11,x22,69	 x22:0xbe9a9000 x11=0xbe9a9045
       17615000	      1760	80000570	f8510123	sb	x5,-126(x2)	  x2:0x8000823e  x5:0x00000220 PA:0x800081c0
       17625000	      1761	80000574	01ad5413	srli	x8,x26,0x1a	 x26:0x00000000  x8=0x00000000
       17635000	      1762	80000578	00000013	addi	x0,x0,0	  x0:0x00000000
       17645000	      1763	8000057c	05e10f03	lb	x30,94(x2)	  x2:0x8000823e x30=0x0000004d PA:0x8000829c
       17655000	      1764	80000580	03714683	lbu	x13,55(x2)	  x2:0x8000823e x13=0x000000e4 PA:0x80008275
       17665000	      1765	80000584	41875793	srai	x15,x14,0x18	 x14:0xfffff000 x15=0xffffffff
       17675000	      1766	80000588	fb8f57b7	lui	x15,0xfb8f5	 x15=0xfb8f5000
       17685000	      1767	8000058c	f8f10083	lb	x1,-113(x2)	  x2:0x8000823e  x1=0x00000047 PA:0x800081cd
       17695000	      1768	80000590	f8414703	lbu	x14,-124(x2)	  x2:0x8000823e x14=0x000000e8 PA:0x800081c2
       17705000	      1769	80000594	d0ac2293	slti	x5,x24,-758	 x24:0xfffffccc  x5=0x00000001
       17715000	      1770	80000598	fa3103a3	sb	x3,-89(x2)	  x2:0x8000823e  x3:0xfffffddf PA:0x800081e5
       17725000	      1771	8000059c	01811d23	sh	x24,26(x2)	  x2:0x8000823e x24:0xfffffccc PA:0x80008258
       17735000	      1772	800005a0	07114683	lbu	x13,113(x2)	  x2:0x8000823e x13=0x00000098 PA:0x800082af
       17745000	      1773	800005a4	333f7817	auipc	x16,0x333f7	 x16=0xb33f75a0
       17755000	      1774	800005a8	fb310083	lb	x1,-77(x2)	  x2:0x8000823e  x1=0xffffffbf PA:0x800081f1
       17765000	      1775	800005ac	f2e12603	lw	x12,-210(x2)	  x2:0x8000823e x12=0x23994fd0 PA:0x8000816c
       17775000	      1776	800005b0	c7538893	addi	x17,x7,-907	  x7:0x00000000 x17=0xfffffc75
       17785000	      1777	800005b4	f67106a3	sb	x7,-147(x2)	  x2:0x8000823e  x7:0x00000000 PA:0x800081ab
       17795000	      1778	800005b8	06215e03	lhu	x28,98(x2)	  x2:0x8000823e x28=0x0000f14d PA:0x800082a0
       17805000	      1779	800005bc	06910f03	lb	x30,105(x2)	  x2:0x8000823e x30=0xffffff8b PA:0x800082a7
       17815000	      1780	00000000	00000013	addi	x0,x0,0	  x0:0x00000000
       17825000	      1781	800005c0	09e12803	lw	x16,158(x2)	  x2:0x8000823e x16=0xf280ea44 PA:0x800082dc
       17835000	      1782	00000000	00000013	addi	x0,x0,0	  x0:0x00000000
       17845000	      1783	800005c4	eb186213	ori	x4,x16,-335	 x16:0xf280ea44  x4=0xfffffef5
       17855000	      1784	800005c8	04314d03	lbu	x26,67(x2)	  x2:0x8000823e x26=0x000000be PA:0x80008281
       17865000	      1785	800005cc	00008917	auipc	x18,0x8	 x18=0x800085c8
       17875000	      1786	800005d0	42990913	addi	x18,x18,1065	 x18:0x800085c8 x18=0x800089f1
       17885000	      1787	800005d4	00008d17	auipc	x26,0x8	 x26=0x800085d0
       17895000	      1788	800005d8	589d0d13	addi	x26,x26,1417	 x26:0x800085d0 x26=0x80008b59
       17905000	      1789	800005dc	00008497	auipc	x9,0x8	  x9=0x800085d8
       17915000	      1790	800005e0	6f248493	addi	x9,x9,1778	  x9:0x800085d8  x9=0x80008cca
       17925000	      1791	800005e4	38290003	lb	x0,898(x18)	 x18:0x800089f1 PA:0x80008d73
       17935000	      1792	800005e8	2af90383	lb	x7,687(x18)	 x18:0x800089f1  x7=0x0000003a PA:0x80008ca0
       17945000	      1793	800005ec	ff9d1983	lh	x19,-7(x26)	 x26:0x80008b59 x19=0x0000003a PA:0x80008b52
       17955000	      1794	800005f0	0dc484a3	sb	x28,201(x9)	  x9:0x80008cca x28:0x0000f14d PA:0x80008d93
       17965000	      1795	800005f4	42890503	lb	x10,1064(x18)	 x18:0x800089f1 x10=0xffffffde PA:0x80008e19
       17975000	      1796	800005f8	004d4803	lbu	x16,4(x26)	 x26:0x80008b59 x16=0x000000f4 PA:0x80008b5d
       17985000	      1797	800005fc	ffad0b83	lb	x23,-6(x26)	 x26:0x80008b59 x23=0x00000000 PA:0x80008b53
       17995000	      1798	80000600	075481a3	sb	x21,99(x9)	  x9:0x80008cca x21:0x80000000 PA:0x80008d2d
       18005000	      1799	80000604	f9f48aa3	sb	x31,-107(x9)	  x9:0x80008cca x31:0x80009f60 PA:0x80008c5f
       18015000	      1800	80000608	011d0023	sb	x17,0(x26)	 x26:0x80008b59 x17:0xfffffc75 PA:0x80008b59
       18025000	      1801	8000060c	1de94103	lbu	x2,478(x18)	 x18:0x800089f1  x2=0x00000092 PA:0x80008bcf
       18035000	      1802	80000610	f9595503	lhu	x10,-107(x18)	 x18:0x800089f1 x10=0x000051fb PA:0x80008986
       18045000	      1803	80000614	3b595b03	lhu	x22,949(x18)	 x18:0x800089f1 x22=0x000035b7 PA:0x80008da6
       18055000	      1804	80000618	fe04c883	lbu	x17,-32(x9)	  x9:0x80008cca x17=0x00000008 PA:0x80008caa
       18065000	      1805	8000061c	01bd00a3	sb	x27,1(x26)	 x26:0x80008b59 x27:0x80009fc4 PA:0x80008b5a
       18075000	      1806	80000620	f3f4c783	lbu	x15,-193(x9)	  x9:0x80008cca x15=0x000000dc PA:0x80008c09
       18085000	      1807	80000624	05d91983	lh	x19,93(x18)	 x18:0x800089f1 x19=0x00002402 PA:0x80008a4e
       18095000	      1808	80000628	fe7d1ca3	sh	x7,-7(x26)	 x26:0x80008b59  x7:0x0000003a PA:0x80008b52
       18105000	      1809	8000062c	f0749c23	sh	x7,-232(x9)	  x9:0x80008cca  x7:0x0000003a PA:0x80008be2
       18115000	      1810	80000630	3c590603	lb	x12,965(x18)	 x18:0x800089f1 x12=0x0000006c PA:0x80008db6
       18125000	      1811	80000634	f5048e23	sb	x16,-164(x9)	  x9:0x80008cca x16:0x000000f4 PA:0x80008c26
       18135000	      1812	80000638	f3248c23	sb	x18,-200(x9)	  x9:0x80008cca x18:0x800089f1 PA:0x80008c02
       18145000	      1813	8000063c	febd0a23	sb	x11,-12(x26)	 x26:0x80008b59 x11:0xbe9a9045 PA:0x80008b4d
       18155000	      1814	80000640	ebc923a3	sw	x28,-345(x18)	 x18:0x800089f1 x28:0x0000f14d PA:0x80008898
       18165000	      1815	80000644	007d5703	lhu	x14,7(x26)	 x26:0x80008b59 x14=0x0000fef5 PA:0x80008b60
       18175000	      1816	80000648	f62925a3	sw	x2,-149(x18)	 x18:0x800089f1  x2:0x00000092 PA:0x8000895c
       18185000	      1817	8000064c	00bd5683	lhu	x13,11(x26)	 x26:0x80008b59 x13=0x0000c15b PA:0x80008b64
       18195000	      1818	80000650	00008917	auipc	x18,0x8	 x18=0x8000864c
       18205000	      1819	80000654	ed990913	addi	x18,x18,-295	 x18:0x8000864c x18=0x80008525
       18215000	      1820	80000658	00008417	auipc	x8,0x8	  x8=0x80008654
       18225000	      1821	8000065c	e5440413	addi	x8,x8,-428	  x8:0x80008654  x8=0x800084a8
       18235000	      1822	80000660	00008897	auipc	x17,0x8	 x17=0x8000865c
       18245000	      1823	80000664	09888893	addi	x17,x17,152	 x17:0x8000865c x17=0x800086f4
       18255000	      1824	80000668	00008517	auipc	x10,0x8	 x10=0x80008664
       18265000	      1825	8000066c	c8a50513	addi	x10,x10,-886	 x10:0x80008664 x10=0x800082ee
       18275000	      1826	80000670	f7a40ba3	sb	x26,-137(x8)	  x8:0x800084a8 x26:0x80008b59 PA:0x8000841f
       18285000	      1827	80000674	016884a3	sb	x22,9(x17)	 x17:0x800086f4 x22:0x000035b7 PA:0x800086fd
       18295000	      1828	80000678	0ab94c83	lbu	x25,171(x18)	 x18:0x80008525 x25=0x00000017 PA:0x800085d0
       18305000	      1829	8000067c	f2144103	lbu	x2,-223(x8)	  x8:0x800084a8  x2=0x000000cf PA:0x800083c9
       18315000	      1830	80000680	0008a183	lw	x3,0(x17)	 x17:0x800086f4  x3=0x511f62e9 PA:0x800086f4
       18325000	      1831	80000684	fe494d03	lbu	x26,-28(x18)	 x18:0x80008525 x26=0x0000006b PA:0x80008509
       18335000	      1832	00000000	00000013	addi	x0,x0,0	  x0:0x00000000
       18345000	      1833	80000688	01a89223	sh	x26,4(x17)	 x17:0x800086f4 x26:0x0000006b PA:0x800086f8
       18355000	      1834	8000068c	0d990323	sb	x25,198(x18)	 x18:0x80008525 x25:0x00000017 PA:0x800085eb
       18365000	      1835	80000690	2fe51e83	lh	x29,766(x10)	 x10:0x800082ee x29=0xffffc1c0 PA:0x800085ec
       18375000	      1836	80000694	05a45703	lhu	x14,90(x8)	  x8:0x800084a8 x14=0x0000f87d PA:0x80008502
       18385000	      1837	80000698	29c54e83	lbu	x29,668(x10)	 x10:0x800082ee x29=0x0000003c PA:0x8000858a
       18395000	      1838	8000069c	ff788e23	sb	x23,-4(x17)	 x17:0x800086f4 x23:0x00000000 PA:0x800086f0
       18405000	      1839	800006a0	256502a3	sb	x22,581(x10)	 x10:0x800082ee x22:0x000035b7 PA:0x80008533
       18415000	      1840	800006a4	fce44703	lbu	x14,-50(x8)	  x8:0x800084a8 x14=0x000000dc PA:0x80008476
       18425000	      1841	800006a8	087906a3	sb	x7,141(x18)	 x18:0x80008525  x7:0x0000003a PA:0x800085b2
       18435000	      1842	800006ac	ffc88083	lb	x1,-4(x17)	 x17:0x800086f4  x1=0x00000000 PA:0x800086f0
       18445000	      1843	800006b0	00e89083	lh	x1,14(x17)	 x17:0x800086f4  x1=0xffffb7c6 PA:0x80008702
       18455000	      1844	800006b4	016887a3	sb	x22,15(x17)	 x17:0x800086f4 x22:0x000035b7 PA:0x80008703
       18465000	      1845	800006b8	e2e50fa3	sb	x14,-449(x10)	 x10:0x800082ee x14:0x000000dc PA:0x8000812d
       18475000	      1846	800006bc	ef150583	lb	x11,-271(x10)	 x10:0x800082ee x11=0xffffff9b PA:0x800081df
       18485000	      1847	800006c0	04694683	lbu	x13,70(x18)	 x18:0x80008525 x13=0x000000df PA:0x8000856b
       18495000	      1848	800006c4	09e40b03	lb	x22,158(x8)	  x8:0x800084a8 x22=0xffffffe4 PA:0x80008546
       18505000	      1849	800006c8	00d88083	lb	x1,13(x17)	 x17:0x800086f4  x1=0x00000028 PA:0x80008701
       18515000	      1850	800006cc	0f244803	lbu	x16,242(x8)	  x8:0x800084a8 x16=0x0000009d PA:0x8000859a
       18525000	      1851	800006d0	04e94003	lbu	x0,78(x18)	 x18:0x80008525 PA:0x80008573
       18535000	      1852	800006d4	ff088983	lb	x19,-16(x17)	 x17:0x800086f4 x19=0x0000004d PA:0x800086e4
       18545000	      1853	800006d8	e62504a3	sb	x2,-407(x10)	 x10:0x800082ee  x2:0x000000cf PA:0x80008157
       18555000	      1854	800006dc	04245783	lhu	x15,66(x8)	  x8:0x800084a8 x15=0x0000d81e PA:0x800084ea
       18565000	      1855	800006e0	00008097	auipc	x1,0x8	  x1=0x800086dc
       18575000	      1856	800006e4	a5f08093	addi	x1,x1,-1441	  x1:0x800086dc  x1=0x8000813b
       18585000	      1857	800006e8	40c709b3	sub	x19,x14,x12	 x14:0x000000dc x12:0x0000006c x19=0x00000070
       18595000	      1858	800006ec	598080a3	sb	x24,1409(x1)	  x1:0x8000813b x24:0xfffffccc PA:0x800086bc
       18605000	      1859	800006f0	58e090a3	sh	x14,1409(x1)	  x1:0x8000813b x14:0x000000dc PA:0x800086bc
       18615000	      1860	800006f4	01640c33	add	x24,x8,x22	  x8:0x800084a8 x22:0xffffffe4 x24=0x8000848c
       18625000	      1861	800006f8	59f09003	lh	x0,1439(x1)	  x1:0x8000813b PA:0x800086da
       18635000	      1862	800006fc	003a5733	srl	x14,x20,x3	 x20:0xffffffff  x3:0x511f62e9 x14=0x007fffff
       18645000	      1863	80000700	58308fa3	sb	x3,1439(x1)	  x1:0x8000813b  x3:0x511f62e9 PA:0x800086da
       18655000	      1864	80000704	6b009fa3	sh	x16,1727(x1)	  x1:0x8000813b x16:0x0000009d PA:0x800087fa
       18665000	      1865	80000708	6bf0df03	lhu	x30,1727(x1)	  x1:0x8000813b x30=0x0000009d PA:0x800087fa
       18675000	      1866	8000070c	50a0c983	lbu	x19,1290(x1)	  x1:0x8000813b x19=0x00000001 PA:0x80008645
       18685000	      1867	80000710	01875333	srl	x6,x14,x24	 x14:0x007fffff x24:0x8000848c  x6=0x000007ff
       18695000	      1868	80000714	51708523	sb	x23,1290(x1)	  x1:0x8000813b x23:0x00000000 PA:0x80008645
       18705000	      1869	80000718	0f467913	andi	x18,x12,244	 x12:0x0000006c x18=0x00000064
       18715000	      1870	8000071c	01ebacb3	slt	x25,x23,x30	 x23:0x00000000 x30:0x0000009d x25=0x00000001
       18725000	      1871	80000720	51908523	sb	x25,1290(x1)	  x1:0x8000813b x25:0x00000001 PA:0x80008645
       18735000	      1872	80000724	1fa08183	lb	x3,506(x1)	  x1:0x8000813b  x3=0x0000001a PA:0x80008335
       18745000	      1873	00000000	00000013	addi	x0,x0,0	  x0:0x00000000
       18755000	      1874	80000728	5a30c403	lbu	x8,1443(x1)	  x1:0x8000813b  x8=0x0000003a PA:0x800086de
       18765000	      1875	8000072c	002c3933	sltu	x18,x24,x2	 x24:0x8000848c  x2:0x000000cf x18=0x00000000
       18775000	      1876	80000730	5a7091a3	sh	x7,1443(x1)	  x1:0x8000813b  x7:0x0000003a PA:0x800086de
       18785000	      1877	80000734	00008b97	auipc	x23,0x8	 x23=0x80008730
       18795000	      1878	80000738	1e8b8b93	addi	x23,x23,488	 x23:0x80008730 x23=0x80008918
       18805000	      1879	8000073c	00831233	sll	x4,x6,x8	  x6:0x000007ff  x8:0x0000003a  x4=0xfc000000
       18815000	      1880	80000740	003b8183	lb	x3,3(x23)	 x23:0x80008918  x3=0x0000002a PA:0x8000891b
       18825000	      1881	80000744	e160b793	sltiu	x15,x1,-490	  x1:0x8000813b x15=0x00000001
       18835000	      1882	80000748	ff4ba003	lw	x0,-12(x23)	 x23:0x80008918 PA:0x8000890c
       18845000	      1883	8000074c	c9080b13	addi	x22,x16,-880	 x16:0x0000009d x22=0xfffffd2d
       18855000	      1884	80000750	005bc583	lbu	x11,5(x23)	 x23:0x80008918 x11=0x0000003b PA:0x8000891d
       18865000	      1885	80000754	010b9623	sh	x16,12(x23)	 x23:0x80008918 x16:0x0000009d PA:0x80008924
       18875000	      1886	80000758	ffbbcd03	lbu	x26,-5(x23)	 x23:0x80008918 x26=0x0000009f PA:0x80008913
       18885000	      1887	8000075c	61fe6093	ori	x1,x28,1567	 x28:0x0000f14d  x1=0x0000f75f
       18895000	      1888	80000760	002b9983	lh	x19,2(x23)	 x23:0x80008918 x19=0x00002a21 PA:0x8000891a
       18905000	      1889	80000764	f35e2d17	auipc	x26,0xf35e2	 x26=0x735e2760
       18915000	      1890	80000768	414900b3	sub	x1,x18,x20	 x18:0x00000000 x20:0xffffffff  x1=0x00000001
       18925000	      1891	8000076c	000bc683	lbu	x13,0(x23)	 x23:0x80008918 x13=0x0000000f PA:0x80008918
       18935000	      1892	80000770	ddfa6413	ori	x8,x20,-545	 x20:0xffffffff  x8=0xffffffff
       18945000	      1893	80000774	fffb8683	lb	x13,-1(x23)	 x23:0x80008918 x13=0xffffffba PA:0x80008917
       18955000	      1894	80000778	00251793	slli	x15,x10,0x2	 x10:0x800082ee x15=0x00020bb8
       18965000	      1895	8000077c	00dbc703	lbu	x14,13(x23)	 x23:0x80008918 x14=0x00000000 PA:0x80008925
       18975000	      1896	80000780	01d83f33	sltu	x30,x16,x29	 x16:0x0000009d x29:0x0000003c x30=0x00000000
       18985000	      1897	80000784	6192fd13	andi	x26,x5,1561	  x5:0x00000001 x26=0x00000001
       18995000	      1898	80000788	00a1d833	srl	x16,x3,x10	  x3:0x0000002a x10:0x800082ee x16=0x00000000
       19005000	      1899	8000078c	ffdbc103	lbu	x2,-3(x23)	 x23:0x80008918  x2=0x000000ff PA:0x80008915
       19015000	      1900	80000790	411c5633	sra	x12,x24,x17	 x24:0x8000848c x17:0x800086f4 x12=0xfffff800
       19025000	      1901	80000794	004b80a3	sb	x4,1(x23)	 x23:0x80008918  x4:0xfc000000 PA:0x80008919
       19035000	      1902	80000798	fffb8ca3	sb	x31,-7(x23)	 x23:0x80008918 x31:0x80009f60 PA:0x80008911
       19045000	      1903	8000079c	5f91f893	andi	x17,x3,1529	  x3:0x0000002a x17=0x00000028
       19055000	      1904	800007a0	002b86a3	sb	x2,13(x23)	 x23:0x80008918  x2:0x000000ff PA:0x80008925
       19065000	      1905	800007a4	01db9723	sh	x29,14(x23)	 x23:0x80008918 x29:0x0000003c PA:0x80008926
       19075000	      1906	800007a8	ffcb9283	lh	x5,-4(x23)	 x23:0x80008918  x5=0xffffffff PA:0x80008914
       19085000	      1907	800007ac	00f4cd33	xor	x26,x9,x15	  x9:0x80008cca x15:0x00020bb8 x26=0x80028772
       19095000	      1908	800007b0	00451c93	slli	x25,x10,0x4	 x10:0x800082ee x25=0x00082ee0
       19105000	      1909	800007b4	f54bab13	slti	x22,x23,-172	 x23:0x80008918 x22=0x00000001
       19115000	      1910	800007b8	00fbcf03	lbu	x30,15(x23)	 x23:0x80008918 x30=0x00000000 PA:0x80008927
       19125000	      1911	800007bc	ff4bdc03	lhu	x24,-12(x23)	 x23:0x80008918 x24=0x0000e31e PA:0x8000890c
       19135000	      1912	800007c0	ffbb8203	lb	x4,-5(x23)	 x23:0x80008918  x4=0xffffff9f PA:0x80008913
       19145000	      1913	800007c4	003b9523	sh	x3,10(x23)	 x23:0x80008918  x3:0x0000002a PA:0x80008922
       19155000	      1914	800007c8	00000013	addi	x0,x0,0	  x0:0x00000000
       19165000	      1915	800007cc	fe8b9e23	sh	x8,-4(x23)	 x23:0x80008918  x8:0xffffffff PA:0x80008914
       19175000	      1916	800007d0	01f15733	srl	x14,x2,x31	  x2:0x000000ff x31:0x80009f60 x14=0x000000ff
       19185000	      1917	800007d4	86883993	sltiu	x19,x16,-1944	 x16:0x00000000 x19=0x00000001
       19195000	      1918	800007d8	fe7b9b23	sh	x7,-10(x23)	 x23:0x80008918  x7:0x0000003a PA:0x8000890e
       19205000	      1919	800007dc	00dbc003	lbu	x0,13(x23)	 x23:0x80008918 PA:0x80008925
       19215000	      1920	800007e0	2df08513	addi	x10,x1,735	  x1:0x00000001 x10=0x000002e0
       19225000	      1921	800007e4	01dae233	or	x4,x21,x29	 x21:0x80000000 x29:0x0000003c  x4=0x8000003c
       19235000	      1922	800007e8	014644b3	xor	x9,x12,x20	 x12:0xfffff800 x20:0xffffffff  x9=0x000007ff
       19245000	      1923	800007ec	fffb9d23	sh	x31,-6(x23)	 x23:0x80008918 x31:0x80009f60 PA:0x80008912
       19255000	      1924	800007f0	ff9b8683	lb	x13,-7(x23)	 x23:0x80008918 x13=0x00000060 PA:0x80008911
       19265000	      1925	800007f4	ff9b8603	lb	x12,-7(x23)	 x23:0x80008918 x12=0x00000060 PA:0x80008911
       19275000	      1926	800007f8	00fb8603	lb	x12,15(x23)	 x23:0x80008918 x12=0x00000000 PA:0x80008927
       19285000	      1927	800007fc	00008117	auipc	x2,0x8	  x2=0x800087f8
       19295000	      1928	80000800	4ce10113	addi	x2,x2,1230	  x2:0x800087f8  x2=0x80008cc6
       19305000	      1929	80000804	0ea107a3	sb	x10,239(x2)	  x2:0x80008cc6 x10:0x000002e0 PA:0x80008db5
       19315000	      1930	80000808	5eb08193	addi	x3,x1,1515	  x1:0x00000001  x3=0x000005ec
       19325000	      1931	8000080c	04d10423	sb	x13,72(x2)	  x2:0x80008cc6 x13:0x00000060 PA:0x80008d0e
       19335000	      1932	80000810	05b14783	lbu	x15,91(x2)	  x2:0x80008cc6 x15=0x000000ac PA:0x80008d21
       19345000	      1933	80000814	8798fa13	andi	x20,x17,-1927	 x17:0x00000028 x20=0x00000028
       19355000	      1934	80000818	00000013	addi	x0,x0,0	  x0:0x00000000
       19365000	      1935	8000081c	f2314483	lbu	x9,-221(x2)	  x2:0x80008cc6  x9=0x00000092 PA:0x80008be9
       19375000	      1936	80000820	dae5a397	auipc	x7,0xdae5a	  x7=0x5ae5a81c
       19385000	      1937	80000824	41dddeb3	sra	x29,x27,x29	 x27:0x80009fc4 x29:0x0000003c x29=0xfffffff8
       19395000	      1938	80000828	7cda7913	andi	x18,x20,1997	 x20:0x00000028 x18=0x00000008
       19405000	      1939	8000082c	09977393	andi	x7,x14,153	 x14:0x000000ff  x7=0x00000099
       19415000	      1940	80000830	f3210a23	sb	x18,-204(x2)	  x2:0x80008cc6 x18:0x00000008 PA:0x80008bfa
       19425000	      1941	80000834	02514583	lbu	x11,37(x2)	  x2:0x80008cc6 x11=0x00000045 PA:0x80008ceb
       19435000	      1942	80000838	0d510aa3	sb	x21,213(x2)	  x2:0x80008cc6 x21:0x80000000 PA:0x80008d9b
       19445000	      1943	8000083c	f2d14583	lbu	x11,-211(x2)	  x2:0x80008cc6 x11=0x00000093 PA:0x80008bf3
       19455000	      1944	80000840	bfafb293	sltiu	x5,x31,-1030	 x31:0x80009f60  x5=0x00000001
       19465000	      1945	80000844	000e32b3	sltu	x5,x28,x0	 x28:0x0000f14d  x0:0x00000000  x5=0x00000000
       19475000	      1946	80000848	7db19337	lui	x6,0x7db19	  x6=0x7db19000
       19485000	      1947	8000084c	fbb10303	lb	x6,-69(x2)	  x2:0x80008cc6  x6=0xffffffeb PA:0x80008c81
       19495000	      1948	80000850	013d5e13	srli	x28,x26,0x13	 x26:0x80028772 x28=0x00001000
       19505000	      1949	80000854	01749333	sll	x6,x9,x23	  x9:0x00000092 x23:0x80008918  x6=0x92000000
       19515000	      1950	80000858	01a77c33	and	x24,x14,x26	 x14:0x000000ff x26:0x80028772 x24=0x00000072
       19525000	      1951	8000085c	05411183	lh	x3,84(x2)	  x2:0x80008cc6  x3=0x00006f00 PA:0x80008d1a
       19535000	      1952	80000860	01858233	add	x4,x11,x24	 x11:0x00000093 x24:0x00000072  x4=0x00000105
       19545000	      1953	80000864	1b4c7897	auipc	x17,0x1b4c7	 x17=0x9b4c7860
       19555000	      1954	80000868	00000013	addi	x0,x0,0	  x0:0x00000000
       19565000	      1955	8000086c	eb144693	xori	x13,x8,-335	  x8:0xffffffff x13=0x0000014e
       19575000	      1956	80000870	01cb8c33	add	x24,x23,x28	 x23:0x80008918 x28:0x00001000 x24=0x80009918
       19585000	      1957	80000874	0b414903	lbu	x18,180(x2)	  x2:0x80008cc6 x18=0x00000025 PA:0x80008d7a
       19595000	      1958	00000000	00000013	addi	x0,x0,0	  x0:0x00000000
       19605000	      1959	80000878	004943b3	xor	x7,x18,x4	 x18:0x00000025  x4:0x00000105  x7=0x00000120
       19615000	      1960	8000087c	01412b23	sw	x20,22(x2)	  x2:0x80008cc6 x20:0x00000028 PA:0x80008cdc
       19625000	      1961	80000880	0fd14c03	lbu	x24,253(x2)	  x2:0x80008cc6 x24=0x00000076 PA:0x80008dc3
       19635000	      1962	80000884	d6768b93	addi	x23,x13,-665	 x13:0x0000014e x23=0xfffffeb5
       19645000	      1963	80000888	004decb3	or	x25,x27,x4	 x27:0x80009fc4  x4:0x00000105 x25=0x80009fc5
       19655000	      1964	8000088c	f9010703	lb	x14,-112(x2)	  x2:0x80008cc6 x14=0x00000077 PA:0x80008c56
       19665000	      1965	80000890	06110623	sb	x1,108(x2)	  x2:0x80008cc6  x1:0x00000001 PA:0x80008d32
       19675000	      1966	80000894	01607a33	and	x20,x0,x22	  x0:0x00000000 x22:0x00000001 x20=0x00000000
       19685000	      1967	80000898	400f55b3	sra	x11,x30,x0	 x30:0x00000000  x0:0x00000000 x11=0x00000000
       19695000	      1968	8000089c	07010183	lb	x3,112(x2)	  x2:0x80008cc6  x3=0xffffff87 PA:0x80008d36
       19705000	      1969	00000000	00000013	addi	x0,x0,0	  x0:0x00000000
       19715000	      1970	800008a0	01219b33	sll	x22,x3,x18	  x3:0xffffff87 x18:0x00000025 x22=0xfffff0e0
       19725000	      1971	800008a4	fa410ca3	sb	x4,-71(x2)	  x2:0x80008cc6  x4:0x00000105 PA:0x80008c7f
       19735000	      1972	800008a8	00c3c233	xor	x4,x7,x12	  x7:0x00000120 x12:0x00000000  x4=0x00000120
       19745000	      1973	800008ac	81d87e13	andi	x28,x16,-2019	 x16:0x00000000 x28=0x00000000
       19755000	      1974	800008b0	00c1ca33	xor	x20,x3,x12	  x3:0xffffff87 x12:0x00000000 x20=0xffffff87
       19765000	      1975	800008b4	267b6397	auipc	x7,0x267b6	  x7=0xa67b68b0
       19775000	      1976	800008b8	012f1093	slli	x1,x30,0x12	 x30:0x00000000  x1=0x00000000
       19785000	      1977	800008bc	f5210503	lb	x10,-174(x2)	  x2:0x80008cc6 x10=0xffffffdd PA:0x80008c18
       19795000	      1978	800008c0	0126d893	srli	x17,x13,0x12	 x13:0x0000014e x17=0x00000000
       19805000	      1979	800008c4	fa814803	lbu	x16,-88(x2)	  x2:0x80008cc6 x16=0x00000053 PA:0x80008c6e
       19815000	      1980	800008c8	00008097	auipc	x1,0x8	  x1=0x800088c4
       19825000	      1981	800008cc	81f08093	addi	x1,x1,-2017	  x1:0x800088c4  x1=0x800080e3
       19835000	      1982	800008d0	74ff3713	sltiu	x14,x30,1871	 x30:0x00000000 x14=0x00000001
       19845000	      1983	800008d4	41ecdf33	sra	x30,x25,x30	 x25:0x80009fc5 x30:0x00000000 x30=0x80009fc5
       19855000	      1984	800008d8	fe508d23	sb	x5,-6(x1)	  x1:0x800080e3  x5:0x00000000 PA:0x800080dd
       19865000	      1985	800008dc	6386f293	andi	x5,x13,1592	 x13:0x0000014e  x5=0x00000008
       19875000	      1986	800008e0	ffa0cb03	lbu	x22,-6(x1)	  x1:0x800080e3 x22=0x00000000 PA:0x800080dd
       19885000	      1987	800008e4	ffd08d23	sb	x29,-6(x1)	  x1:0x800080e3 x29:0xfffffff8 PA:0x800080dd
       19895000	      1988	800008e8	ff708203	lb	x4,-9(x1)	  x1:0x800080e3  x4=0xffffffac PA:0x800080da
       19905000	      1989	800008ec	ff708483	lb	x9,-9(x1)	  x1:0x800080e3  x9=0xffffffac PA:0x800080da
       19915000	      1990	800008f0	00408383	lb	x7,4(x1)	  x1:0x800080e3  x7=0x00000076 PA:0x800080e7
       19925000	      1991	800008f4	ffd08e03	lb	x28,-3(x1)	  x1:0x800080e3 x28=0xffffffa5 PA:0x800080e0
       19935000	      1992	800008f8	db56b613	sltiu	x12,x13,-587	 x13:0x0000014e x12=0x00000001
       19945000	      1993	800008fc	ffb09c83	lh	x25,-5(x1)	  x1:0x800080e3 x25=0xfffffeb5 PA:0x800080de
       19955000	      1994	80000900	0060ce83	lbu	x29,6(x1)	  x1:0x800080e3 x29=0x00000030 PA:0x800080e9
       19965000	      1995	80000904	01e76933	or	x18,x14,x30	 x14:0x00000001 x30:0x80009fc5 x18=0x80009fc5
       19975000	      1996	80000908	414dd313	srai	x6,x27,0x14	 x27:0x80009fc4  x6=0xfffff800
       19985000	      1997	8000090c	ff709da3	sh	x23,-5(x1)	  x1:0x800080e3 x23:0xfffffeb5 PA:0x800080de
       19995000	      1998	80000910	00d09a03	lh	x20,13(x1)	  x1:0x800080e3 x20=0xffffb002 PA:0x800080f0
       20005000	      1999	80000914	00ea8d33	add	x26,x21,x14	 x21:0x80000000 x14:0x00000001 x26=0x80000001
       20015000	      2000	80000918	0010db83	lhu	x23,1(x1)	  x1:0x800080e3 x23=0x0000e01e PA:0x800080e4
       20025000	      2001	8000091c	00008897	auipc	x17,0x8	 x17=0x80008918
       20035000	      2002	80000920	96888893	addi	x17,x17,-1688	 x17:0x80008918 x17=0x80008280
       20045000	      2003	80000924	40fddf33	sra	x30,x27,x15	 x27:0x80009fc4 x15:0x000000ac x30=0xfff80009
       20055000	      2004	80000928	0079da13	srli	x20,x19,0x7	 x19:0x00000001 x20=0x00000000
       20065000	      2005	8000092c	f948ce03	lbu	x28,-108(x17)	 x17:0x80008280 x28=0x00000050 PA:0x80008214
       20075000	      2006	80000930	00000013	addi	x0,x0,0	  x0:0x00000000
       20085000	      2007	80000934	0027f7b3	and	x15,x15,x2	 x15:0x000000ac  x2:0x80008cc6 x15=0x00000084
       20095000	      2008	80000938	08588503	lb	x10,133(x17)	 x17:0x80008280 x10=0x00000041 PA:0x80008305
       20105000	      2009	8000093c	d9976b13	ori	x22,x14,-615	 x14:0x00000001 x22=0xfffffd99
       20115000	      2010	80000940	0016f133	and	x2,x13,x1	 x13:0x0000014e  x1:0x800080e3  x2=0x00000042
       20125000	      2011	80000944	0ed88083	lb	x1,237(x17)	 x17:0x80008280  x1=0x00000003 PA:0x8000836d
       20135000	      2012	80000948	0f588aa3	sb	x21,245(x17)	 x17:0x80008280 x21:0x80000000 PA:0x80008375
       20145000	      2013	8000094c	20a98013	addi	x0,x19,522	 x19:0x00000001
       20155000	      2014	80000950	0a48a103	lw	x2,164(x17)	 x17:0x80008280  x2=0x53d1972d PA:0x80008324
       20165000	      2015	80000954	01889cb3	sll	x25,x17,x24	 x17:0x80008280 x24:0x00000076 x25=0xa0000000
       20175000	      2016	80000958	05488da3	sb	x20,91(x17)	 x17:0x80008280 x20:0x00000000 PA:0x800082db
       20185000	      2017	8000095c	0588ad03	lw	x26,88(x17)	 x17:0x80008280 x26=0x002fd183 PA:0x800082d8
       20195000	      2018	80000960	00fbf6b3	and	x13,x23,x15	 x23:0x0000e01e x15:0x00000084 x13=0x00000004
       20205000	      2019	80000964	c33103b7	lui	x7,0xc3310	  x7=0xc3310000
       20215000	      2020	80000968	01aeaa33	slt	x20,x29,x26	 x29:0x00000030 x26:0x002fd183 x20=0x00000001
       20225000	      2021	8000096c	ff0889a3	sb	x16,-13(x17)	 x17:0x80008280 x16:0x00000053 PA:0x80008273
       20235000	      2022	80000970	00487433	and	x8,x16,x4	 x16:0x00000053  x4:0xffffffac  x8=0x00000000
       20245000	      2023	80000974	fa5880a3	sb	x5,-95(x17)	 x17:0x80008280  x5:0x00000008 PA:0x80008221
       20255000	      2024	80000978	40fb5593	srai	x11,x22,0xf	 x22:0xfffffd99 x11=0xffffffff
       20265000	      2025	8000097c	001aa533	slt	x10,x21,x1	 x21:0x80000000  x1:0x00000003 x10=0x00000001
       20275000	      2026	80000980	1a578a13	addi	x20,x15,421	 x15:0x00000084 x20=0x00000229
       20285000	      2027	80000984	0087dbb3	srl	x23,x15,x8	 x15:0x00000084  x8:0x00000000 x23=0x00000084
       20295000	      2028	80000988	0188d703	lhu	x14,24(x17)	 x17:0x80008280 x14=0x0000b875 PA:0x80008298
       20305000	      2029	8000098c	02289803	lh	x16,34(x17)	 x17:0x80008280 x16=0xffffb048 PA:0x800082a2
       20315000	      2030	80000990	f698c703	lbu	x14,-151(x17)	 x17:0x80008280 x14=0x000000ae PA:0x800081e9
       20325000	      2031	80000994	00008e97	auipc	x29,0x8	 x29=0x80008990
       20335000	      2032	80000998	b0de8e93	addi	x29,x29,-1267	 x29:0x80008990 x29=0x8000849d
       20345000	      2033	8000099c	080e8f03	lb	x30,128(x29)	 x29:0x8000849d x30=0xffffffd0 PA:0x8000851d
       20355000	      2034	800009a0	01fb7e33	and	x28,x22,x31	 x22:0xfffffd99 x31:0x80009f60 x28=0x80009d00
       20365000	      2035	800009a4	c1ba6913	ori	x18,x20,-997	 x20:0x00000229 x18=0xfffffe3b
       20375000	      2036	800009a8	080ecb03	lbu	x22,128(x29)	 x29:0x8000849d x22=0x000000d0 PA:0x8000851d
       20385000	      2037	800009ac	1d9e8123	sb	x25,450(x29)	 x29:0x8000849d x25:0xa0000000 PA:0x8000865f
       20395000	      2038	800009b0	c3dea5a3	sw	x29,-981(x29)	 x29:0x8000849d x29:0x8000849d PA:0x800080c8
       20405000	      2039	800009b4	cffe87a3	sb	x31,-785(x29)	 x29:0x8000849d x31:0x80009f60 PA:0x8000818c
       20415000	      2040	800009b8	cefe8783	lb	x15,-785(x29)	 x29:0x8000849d x15=0x00000060 PA:0x8000818c
       20425000	      2041	00000000	00000013	addi	x0,x0,0	  x0:0x00000000
       20435000	      2042	800009bc	cefe9e03	lh	x28,-785(x29)	 x29:0x8000849d x28=0xffffa860 PA:0x8000818c
       20445000	      2043	800009c0	0d2ec483	lbu	x9,210(x29)	 x29:0x8000849d  x9=0x000000b3 PA:0x8000856f
       20455000	      2044	800009c4	0d2e8d03	lb	x26,210(x29)	 x29:0x8000849d x26=0xffffffb3 PA:0x8000856f
       20465000	      2045	800009c8	a48e5637	lui	x12,0xa48e5	 x12=0xa48e5000
       20475000	      2046	800009cc	cf053e13	sltiu	x28,x10,-784	 x10:0x00000001 x28=0x00000001
       20485000	      2047	800009d0	0d2ec503	lbu	x10,210(x29)	 x29:0x8000849d x10=0x000000b3 PA:0x8000856f
       20495000	      2048	800009d4	0d2ec803	lbu	x16,210(x29)	 x29:0x8000849d x16=0x000000b3 PA:0x8000856f
       20505000	      2049	800009d8	0d2e8283	lb	x5,210(x29)	 x29:0x8000849d  x5=0xffffffb3 PA:0x8000856f
       20515000	      2050	800009dc	7695fc93	andi	x25,x11,1897	 x11:0xffffffff x25=0x00000769
       20525000	      2051	800009e0	0d2e8e03	lb	x28,210(x29)	 x29:0x8000849d x28=0xffffffb3 PA:0x8000856f
       20535000	      2052	800009e4	0d2e8b83	lb	x23,210(x29)	 x29:0x8000849d x23=0xffffffb3 PA:0x8000856f
       20545000	      2053	800009e8	00008617	auipc	x12,0x8	 x12=0x800089e4
       20555000	      2054	800009ec	85c60613	addi	x12,x12,-1956	 x12:0x800089e4 x12=0x80008240
       20565000	      2055	800009f0	00008097	auipc	x1,0x8	  x1=0x800089ec
       20575000	      2056	800009f4	8f808093	addi	x1,x1,-1800	  x1:0x800089ec  x1=0x800082e4
       20585000	      2057	800009f8	42460ca3	sb	x4,1081(x12)	 x12:0x80008240  x4:0xffffffac PA:0x80008679
       20595000	      2058	800009fc	fe062583	lw	x11,-32(x12)	 x12:0x80008240 x11=0xc53d08b2 PA:0x80008220
       20605000	      2059	80000a00	00008297	auipc	x5,0x8	  x5=0x800089fc
       20615000	      2060	80000a04	bcc28293	addi	x5,x5,-1076	  x5:0x800089fc  x5=0x800085c8
       20625000	      2061	80000a08	f4664883	lbu	x17,-186(x12)	 x12:0x80008240 x17=0x0000009e PA:0x80008186
       20635000	      2062	80000a0c	fd209d03	lh	x26,-46(x1)	  x1:0x800082e4 x26=0x00005b5a PA:0x800082b6
       20645000	      2063	80000a10	fb42c883	lbu	x17,-76(x5)	  x5:0x800085c8 x17=0x000000bc PA:0x8000857c
       20655000	      2064	80000a14	ff908123	sb	x25,-30(x1)	  x1:0x800082e4 x25:0x00000769 PA:0x800082c6
       20665000	      2065	80000a18	0ba2d503	lhu	x10,186(x5)	  x5:0x800085c8 x10=0x00006956 PA:0x80008682
       20675000	      2066	80000a1c	00808723	sb	x8,14(x1)	  x1:0x800082e4  x8:0x00000000 PA:0x800082f2
       20685000	      2067	80000a20	0a228623	sb	x2,172(x5)	  x5:0x800085c8  x2:0x53d1972d PA:0x80008674
       20695000	      2068	80000a24	ff40a783	lw	x15,-12(x1)	  x1:0x800082e4 x15=0x002fd183 PA:0x800082d8
       20705000	      2069	80000a28	1f360c23	sb	x19,504(x12)	 x12:0x80008240 x19:0x00000001 PA:0x80008438
       20715000	      2070	80000a2c	34f600a3	sb	x15,833(x12)	 x12:0x80008240 x15:0x002fd183 PA:0x80008581
       20725000	      2071	80000a30	0070c503	lbu	x10,7(x1)	  x1:0x800082e4 x10=0x000000e4 PA:0x800082eb
       20735000	      2072	80000a34	4a461a03	lh	x20,1188(x12)	 x12:0x80008240 x20=0x0000294d PA:0x800086e4
       20745000	      2073	80000a38	02708803	lb	x16,39(x1)	  x1:0x800082e4 x16=0x0000006d PA:0x8000830b
       20755000	      2074	80000a3c	03b28803	lb	x16,59(x5)	  x5:0x800085c8 x16=0xffffff8a PA:0x80008603
       20765000	      2075	80000a40	00c0dc03	lhu	x24,12(x1)	  x1:0x800082e4 x24=0x00008172 PA:0x800082f0
       20775000	      2076	80000a44	fdf0c503	lbu	x10,-33(x1)	  x1:0x800082e4 x10=0x00000099 PA:0x800082c3
       20785000	      2077	80000a48	0be29903	lh	x18,190(x5)	  x5:0x800085c8 x18=0x000049cb PA:0x80008686
       20795000	      2078	80000a4c	fc00d883	lhu	x17,-64(x1)	  x1:0x800082e4 x17=0x000009f4 PA:0x800082a4
       20805000	      2079	80000a50	43964f03	lbu	x30,1081(x12)	 x12:0x80008240 x30=0x000000ac PA:0x80008679
       20815000	      2080	80000a54	33261403	lh	x8,818(x12)	 x12:0x80008240  x8=0xffff9c1d PA:0x80008572
       20825000	      2081	80000a58	fe90c383	lbu	x7,-23(x1)	  x1:0x800082e4  x7=0x00000097 PA:0x800082cd
       20835000	      2082	80000a5c	58e64403	lbu	x8,1422(x12)	 x12:0x80008240  x8=0x000000d4 PA:0x800087ce
       20845000	      2083	80000a60	1b164b03	lbu	x22,433(x12)	 x12:0x80008240 x22=0x00000085 PA:0x800083f1
       20855000	      2084	80000a64	0ba2da03	lhu	x20,186(x5)	  x5:0x800085c8 x20=0x00006956 PA:0x80008682
       20865000	      2085	80000a68	00008117	auipc	x2,0x8	  x2=0x80008a64
       20875000	      2086	80000a6c	08a10113	addi	x2,x2,138	  x2:0x80008a64  x2=0x80008aee
       20885000	      2087	80000a70	804aed13	ori	x26,x21,-2044	 x21:0x80000000 x26=0xfffff804
       20895000	      2088	80000a74	01bebeb3	sltu	x29,x29,x27	 x29:0x8000849d x27:0x80009fc4 x29=0x00000001
       20905000	      2089	80000a78	0120c9b3	xor	x19,x1,x18	  x1:0x800082e4 x18:0x000049cb x19=0x8000cb2f
       20915000	      2090	80000a7c	07615e83	lhu	x29,118(x2)	  x2:0x80008aee x29=0x0000c15b PA:0x80008b64
       20925000	      2091	80000a80	007475b3	and	x11,x8,x7	  x8:0x000000d4  x7:0x00000097 x11=0x00000094
       20935000	      2092	80000a84	0e210403	lb	x8,226(x2)	  x2:0x80008aee  x8=0x0000003e PA:0x80008bd0
       20945000	      2093	80000a88	01d10003	lb	x0,29(x2)	  x2:0x80008aee PA:0x80008b0b
       20955000	      2094	80000a8c	40010c33	sub	x24,x2,x0	  x2:0x80008aee  x0:0x00000000 x24=0x80008aee
       20965000	      2095	80000a90	01279233	sll	x4,x15,x18	 x15:0x002fd183 x18:0x000049cb  x4=0x7e8c1800
       20975000	      2096	80000a94	401209b3	sub	x19,x4,x1	  x4:0x7e8c1800  x1:0x800082e4 x19=0xfe8b951c
       20985000	      2097	80000a98	003bd813	srli	x16,x23,0x3	 x23:0xffffffb3 x16=0x1ffffff6
       20995000	      2098	80000a9c	409802b3	sub	x5,x16,x9	 x16:0x1ffffff6  x9:0x000000b3  x5=0x1fffff43
       21005000	      2099	80000aa0	01bba833	slt	x16,x23,x27	 x23:0xffffffb3 x27:0x80009fc4 x16=0x00000000
       21015000	      2100	80000aa4	fb914083	lbu	x1,-71(x2)	  x2:0x80008aee  x1=0x00000040 PA:0x80008aa7
       21025000	      2101	80000aa8	0fb10ca3	sb	x27,249(x2)	  x2:0x80008aee x27:0x80009fc4 PA:0x80008be7
       21035000	      2102	80000aac	01014c83	lbu	x25,16(x2)	  x2:0x80008aee x25=0x000000d0 PA:0x80008afe
       21045000	      2103	80000ab0	3a683093	sltiu	x1,x16,934	 x16:0x00000000  x1=0x00000001
       21055000	      2104	80000ab4	01336e33	or	x28,x6,x19	  x6:0xfffff800 x19:0xfe8b951c x28=0xfffffd1c
       21065000	      2105	80000ab8	07914683	lbu	x13,121(x2)	  x2:0x80008aee x13=0x00000053 PA:0x80008b67
       21075000	      2106	80000abc	411e01b3	sub	x3,x28,x17	 x28:0xfffffd1c x17:0x000009f4  x3=0xfffff328
       21085000	      2107	80000ac0	f8f26c13	ori	x24,x4,-113	  x4:0x7e8c1800 x24=0xffffff8f
       21095000	      2108	80000ac4	08615803	lhu	x16,134(x2)	  x2:0x80008aee x16=0x0000bb74 PA:0x80008b74
       21105000	      2109	80000ac8	eaee6d13	ori	x26,x28,-338	 x28:0xfffffd1c x26=0xffffffbe
       21115000	      2110	80000acc	fff14b83	lbu	x23,-1(x2)	  x2:0x80008aee x23=0x00000042 PA:0x80008aed
       21125000	      2111	00000000	00000013	addi	x0,x0,0	  x0:0x00000000
       21135000	      2112	80000ad0	f7710983	lb	x19,-137(x2)	  x2:0x80008aee x19=0xffffffbf PA:0x80008a65
       21145000	      2113	80000ad4	08910d03	lb	x26,137(x2)	  x2:0x80008aee x26=0x00000068 PA:0x80008b77
       21155000	      2114	80000ad8	f30104a3	sb	x16,-215(x2)	  x2:0x80008aee x16:0x0000bb74 PA:0x80008a17
       21165000	      2115	80000adc	0d210e03	lb	x28,210(x2)	  x2:0x80008aee x28=0xfffffffd PA:0x80008bc0
       21175000	      2116	80000ae0	013537b3	sltu	x15,x10,x19	 x10:0x00000099 x19:0xffffffbf x15=0x00000001
       21185000	      2117	80000ae4	f5d10a23	sb	x29,-172(x2)	  x2:0x80008aee x29:0x0000c15b PA:0x80008a42
       21195000	      2118	80000ae8	018cf2b3	and	x5,x25,x24	 x25:0x000000d0 x24:0xffffff8f  x5=0x00000080
       21205000	      2119	80000aec	07c11383	lh	x7,124(x2)	  x2:0x80008aee  x7=0xfffff935 PA:0x80008b6a
       21215000	      2120	80000af0	00000013	addi	x0,x0,0	  x0:0x00000000
       21225000	      2121	80000af4	06310903	lb	x18,99(x2)	  x2:0x80008aee x18=0xffffff90 PA:0x80008b51
       21235000	      2122	80000af8	0175b5b3	sltu	x11,x11,x23	 x11:0x00000094 x23:0x00000042 x11=0x00000000
       21245000	      2123	80000afc	03b14883	lbu	x17,59(x2)	  x2:0x80008aee x17=0x00000068 PA:0x80008b29
       21255000	      2124	00000000	00000013	addi	x0,x0,0	  x0:0x00000000
       21265000	      2125	80000b00	0d114b03	lbu	x22,209(x2)	  x2:0x80008aee x22=0x000000d6 PA:0x80008bbf
       21275000	      2126	80000b04	43c34493	xori	x9,x6,1084	  x6:0xfffff800  x9=0xfffffc3c
       21285000	      2127	80000b08	00ad2e33	slt	x28,x26,x10	 x26:0x00000068 x10:0x00000099 x28=0x00000001
       21295000	      2128	80000b0c	2c66f993	andi	x19,x13,710	 x13:0x00000053 x19=0x00000042
       21305000	      2129	80000b10	0a710e83	lb	x29,167(x2)	  x2:0x80008aee x29=0x00000051 PA:0x80008b95
       21315000	      2130	80000b14	00161593	slli	x11,x12,0x1	 x12:0x80008240 x11=0x00010480
       21325000	      2131	80000b18	01dae3b3	or	x7,x21,x29	 x21:0x80000000 x29:0x00000051  x7=0x80000051
       21335000	      2132	80000b1c	21e8ed13	ori	x26,x17,542	 x17:0x00000068 x26=0x0000027e
       21345000	      2133	80000b20	f2310923	sb	x3,-206(x2)	  x2:0x80008aee  x3:0xfffff328 PA:0x80008a20
       21355000	      2134	80000b24	00008197	auipc	x3,0x8	  x3=0x80008b20
       21365000	      2135	80000b28	c5318193	addi	x3,x3,-941	  x3:0x80008b20  x3=0x80008773
       21375000	      2136	80000b2c	00008f17	auipc	x30,0x8	 x30=0x80008b28
       21385000	      2137	80000b30	c5cf0f13	addi	x30,x30,-932	 x30:0x80008b28 x30=0x80008784
       21395000	      2138	80000b34	00007c97	auipc	x25,0x7	 x25=0x80007b30
       21405000	      2139	80000b38	70ec8c93	addi	x25,x25,1806	 x25:0x80007b30 x25=0x8000823e
       21415000	      2140	80000b3c	fcaf1b03	lh	x22,-54(x30)	 x30:0x80008784 x22=0xffffbb16 PA:0x8000874e
       21425000	      2141	80000b40	0a7c8da3	sb	x7,187(x25)	 x25:0x8000823e  x7:0x80000051 PA:0x800082f9
       21435000	      2142	80000b44	00008497	auipc	x9,0x8	  x9=0x80008b40
       21445000	      2143	80000b48	97c48493	addi	x9,x9,-1668	  x9:0x80008b40  x9=0x800084bc
       21455000	      2144	80000b4c	f1cc83a3	sb	x28,-249(x25)	 x25:0x8000823e x28:0x00000001 PA:0x80008145
       21465000	      2145	80000b50	f0bc86a3	sb	x11,-243(x25)	 x25:0x8000823e x11:0x00010480 PA:0x8000814b
       21475000	      2146	80000b54	ff94cd03	lbu	x26,-7(x9)	  x9:0x800084bc x26=0x000000a2 PA:0x800084b5
       21485000	      2147	80000b58	032c9823	sh	x18,48(x25)	 x25:0x8000823e x18:0xffffff90 PA:0x8000826e
       21495000	      2148	80000b5c	fe81c203	lbu	x4,-24(x3)	  x3:0x80008773  x4=0x00000046 PA:0x8000875b
       21505000	      2149	80000b60	fc81c403	lbu	x8,-56(x3)	  x3:0x80008773  x8=0x00000024 PA:0x8000873b
       21515000	      2150	80000b64	fcbf0603	lb	x12,-53(x30)	 x30:0x80008784 x12=0xffffffbb PA:0x8000874f
       21525000	      2151	80000b68	0a0cc283	lbu	x5,160(x25)	 x25:0x8000823e  x5=0x00000080 PA:0x800082de
       21535000	      2152	80000b6c	040f4e83	lbu	x29,64(x30)	 x30:0x80008784 x29=0x0000002d PA:0x800087c4
       21545000	      2153	80000b70	00348403	lb	x8,3(x9)	  x9:0x800084bc  x8=0xffffff9d PA:0x800084bf
       21555000	      2154	80000b74	014180a3	sb	x20,1(x3)	  x3:0x80008773 x20:0x00006956 PA:0x80008774
       21565000	      2155	80000b78	0101ce03	lbu	x28,16(x3)	  x3:0x80008773 x28=0x0000002d PA:0x80008783
       21575000	      2156	80000b7c	072c9a03	lh	x20,114(x25)	 x25:0x8000823e x20=0x00007666 PA:0x800082b0
       21585000	      2157	80000b80	01049003	lh	x0,16(x9)	  x9:0x800084bc PA:0x800084cc
       21595000	      2158	80000b84	00a49383	lh	x7,10(x9)	  x9:0x800084bc  x7=0x00000111 PA:0x800084c6
       21605000	      2159	80000b88	ffbf0683	lb	x13,-5(x30)	 x30:0x80008784 x13=0xffffff90 PA:0x8000877f
       21615000	      2160	80000b8c	fcbf0a03	lb	x20,-53(x30)	 x30:0x80008784 x20=0xffffffbb PA:0x8000874f
       21625000	      2161	80000b90	ffb18e03	lb	x28,-5(x3)	  x3:0x80008773 x28=0xffffffef PA:0x8000876e
       21635000	      2162	80000b94	03df0a03	lb	x20,61(x30)	 x30:0x80008784 x20=0x0000006a PA:0x800087c1
       21645000	      2163	80000b98	fabc8503	lb	x10,-85(x25)	 x25:0x8000823e x10=0xffffffae PA:0x800081e9
       21655000	      2164	80000b9c	023197a3	sh	x3,47(x3)	  x3:0x80008773  x3:0x80008773 PA:0x800087a2
       21665000	      2165	80000ba0	fe6f07a3	sb	x6,-17(x30)	 x30:0x80008784  x6:0xfffff800 PA:0x80008773
       21675000	      2166	80000ba4	fff48303	lb	x6,-1(x9)	  x9:0x800084bc  x6=0x0000001c PA:0x800084bb
       21685000	      2167	80000ba8	fc3c8923	sb	x3,-46(x25)	 x25:0x8000823e  x3:0x80008773 PA:0x80008210
       21695000	      2168	80000bac	ffa48283	lb	x5,-6(x9)	  x9:0x800084bc  x5=0x00000013 PA:0x800084b6
       21705000	      2169	80000bb0	00c18a03	lb	x20,12(x3)	  x3:0x80008773 x20=0xffffff90 PA:0x8000877f
       21715000	      2170	80000bb4	0eac8fa3	sb	x10,255(x25)	 x25:0x8000823e x10:0xffffffae PA:0x8000833d
       21725000	      2171	80000bb8	020f4803	lbu	x16,32(x30)	 x30:0x80008784 x16=0x00000067 PA:0x800087a4
       21735000	      2172	80000bbc	f0dc8a03	lb	x20,-243(x25)	 x25:0x8000823e x20=0xffffff80 PA:0x8000814b
       21745000	      2173	80000bc0	01af0903	lb	x18,26(x30)	 x30:0x80008784 x18=0x00000069 PA:0x8000879e
       21755000	      2174	80000bc4	ffc48923	sb	x28,-14(x9)	  x9:0x800084bc x28:0xffffffef PA:0x800084ae
       21765000	      2175	80000bc8	00008b97	auipc	x23,0x8	 x23=0x80008bc4
       21775000	      2176	80000bcc	9d3b8b93	addi	x23,x23,-1581	 x23:0x80008bc4 x23=0x80008597
       21785000	      2177	80000bd0	f94bcf03	lbu	x30,-108(x23)	 x23:0x80008597 x30=0x000000c4 PA:0x8000852b
       21795000	      2178	80000bd4	0dabc803	lbu	x16,218(x23)	 x23:0x80008597 x16=0x000000b6 PA:0x80008671
       21805000	      2179	80000bd8	00c1d433	srl	x8,x3,x12	  x3:0x80008773 x12:0xffffffbb  x8=0x00000010
       21815000	      2180	80000bdc	a7b3f093	andi	x1,x7,-1413	  x7:0x00000111  x1=0x00000011
       21825000	      2181	80000be0	04dbab03	lw	x22,77(x23)	 x23:0x80008597 x22=0x5ef4bdbd PA:0x800085e4
       21835000	      2182	80000be4	ced28313	addi	x6,x5,-787	  x5:0x00000013  x6=0xfffffd00
       21845000	      2183	80000be8	0b5b8103	lb	x2,181(x23)	 x23:0x80008597  x2=0xffffff96 PA:0x8000864c
       21855000	      2184	80000bec	154d3f13	sltiu	x30,x26,340	 x26:0x000000a2 x30=0x00000001
       21865000	      2185	80000bf0	0b5bd683	lhu	x13,181(x23)	 x23:0x80008597 x13=0x00001d96 PA:0x8000864c
       21875000	      2186	80000bf4	0e8b8623	sb	x8,236(x23)	 x23:0x80008597  x8:0x00000010 PA:0x80008683
       21885000	      2187	80000bf8	0e1b8623	sb	x1,236(x23)	 x23:0x80008597  x1:0x00000011 PA:0x80008683
       21895000	      2188	80000bfc	0ecb8623	sb	x12,236(x23)	 x23:0x80008597 x12:0xffffffbb PA:0x80008683
       21905000	      2189	80000c00	0ecb8203	lb	x4,236(x23)	 x23:0x80008597  x4=0xffffffbb PA:0x80008683
       21915000	      2190	80000c04	0f2b8623	sb	x18,236(x23)	 x23:0x80008597 x18:0x00000069 PA:0x80008683
       21925000	      2191	80000c08	f30b8883	lb	x17,-208(x23)	 x23:0x80008597 x17=0x00000001 PA:0x800084c7
       21935000	      2192	80000c0c	f30b8403	lb	x8,-208(x23)	 x23:0x80008597  x8=0x00000001 PA:0x800084c7
       21945000	      2193	80000c10	f2fb8823	sb	x15,-208(x23)	 x23:0x80008597 x15:0x00000001 PA:0x800084c7
       21955000	      2194	80000c14	0c6bce03	lbu	x28,198(x23)	 x23:0x80008597 x28=0x00000073 PA:0x8000865d
       21965000	      2195	80000c18	0c6bcf03	lbu	x30,198(x23)	 x23:0x80008597 x30=0x00000073 PA:0x8000865d
       21975000	      2196	80000c1c	0c0b8323	sb	x0,198(x23)	 x23:0x80008597  x0:0x00000000 PA:0x8000865d
       21985000	      2197	80000c20	0c3b8323	sb	x3,198(x23)	 x23:0x80008597  x3:0x80008773 PA:0x8000865d
       21995000	      2198	80000c24	05fbcb03	lbu	x22,95(x23)	 x23:0x80008597 x22=0x0000007c PA:0x800085f6
       22005000	      2199	80000c28	00008b17	auipc	x22,0x8	 x22=0x80008c24
       22015000	      2200	80000c2c	b9eb0b13	addi	x22,x22,-1122	 x22:0x80008c24 x22=0x800087c2
       22025000	      2201	80000c30	008b0f03	lb	x30,8(x22)	 x22:0x800087c2 x30=0xfffffff5 PA:0x800087ca
       22035000	      2202	80000c34	018b07a3	sb	x24,15(x22)	 x22:0x800087c2 x24:0xffffff8f PA:0x800087d1
       22045000	      2203	80000c38	01e3c3b3	xor	x7,x7,x30	  x7:0x00000111 x30:0xfffffff5  x7=0xfffffee4
       22055000	      2204	80000c3c	ffbb1e23	sh	x27,-4(x22)	 x22:0x800087c2 x27:0x80009fc4 PA:0x800087be
       22065000	      2205	80000c40	d70a8613	addi	x12,x21,-656	 x21:0x80000000 x12=0x7ffffd70
       22075000	      2206	80000c44	fc5b0e03	lb	x28,-59(x22)	 x22:0x800087c2 x28=0xfffffffc PA:0x80008787
       22085000	      2207	80000c48	00d0e9b3	or	x19,x1,x13	  x1:0x00000011 x13:0x00001d96 x19=0x00001d97
       22095000	      2208	80000c4c	014fbeb3	sltu	x29,x31,x20	 x31:0x80009f60 x20:0xffffff80 x29=0x00000001
       22105000	      2209	80000c50	fe1b1023	sh	x1,-32(x22)	 x22:0x800087c2  x1:0x00000011 PA:0x800087a2
       22115000	      2210	80000c54	fc6b5883	lhu	x17,-58(x22)	 x22:0x800087c2 x17=0x0000bd94 PA:0x80008788
       22125000	      2211	80000c58	fe2b2903	lw	x18,-30(x22)	 x22:0x800087c2 x18=0xf1ecd267 PA:0x800087a4
       22135000	      2212	80000c5c	fe8b1723	sh	x8,-18(x22)	 x22:0x800087c2  x8:0x00000001 PA:0x800087b0
       22145000	      2213	80000c60	b53ea993	slti	x19,x29,-1197	 x29:0x00000001 x19=0x00000000
       22155000	      2214	80000c64	fc6b2303	lw	x6,-58(x22)	 x22:0x800087c2  x6=0x5b12bd94 PA:0x80008788
       22165000	      2215	80000c68	000bd413	srli	x8,x23,0x0	 x23:0x80008597  x8=0x80008597
       22175000	      2216	80000c6c	ff9b2523	sw	x25,-22(x22)	 x22:0x800087c2 x25:0x8000823e PA:0x800087ac
       22185000	      2217	80000c70	401a89b3	sub	x19,x21,x1	 x21:0x80000000  x1:0x00000011 x19=0x7fffffef
       22195000	      2218	80000c74	01d3d713	srli	x14,x7,0x1d	  x7:0xfffffee4 x14=0x00000007
       22205000	      2219	80000c78	40ca5693	srai	x13,x20,0xc	 x20:0xffffff80 x13=0xffffffff
       22215000	      2220	80000c7c	02eb0ea3	sb	x14,61(x22)	 x22:0x800087c2 x14:0x00000007 PA:0x800087ff
       22225000	      2221	80000c80	00000013	addi	x0,x0,0	  x0:0x00000000
       22235000	      2222	80000c84	028b1823	sh	x8,48(x22)	 x22:0x800087c2  x8:0x80008597 PA:0x800087f2
       22245000	      2223	80000c88	9870e493	ori	x9,x1,-1657	  x1:0x00000011  x9=0xfffff997
       22255000	      2224	80000c8c	021b3237	lui	x4,0x21b3	  x4=0x021b3000
       22265000	      2225	80000c90	15d9a717	auipc	x14,0x15d9a	 x14=0x95d9ac8c
       22275000	      2226	80000c94	40085433	sra	x8,x16,x0	 x16:0x000000b6  x0:0x00000000  x8=0x000000b6
       22285000	      2227	80000c98	02cb0623	sb	x12,44(x22)	 x22:0x800087c2 x12:0x7ffffd70 PA:0x800087ee
       22295000	      2228	80000c9c	01847933	and	x18,x8,x24	  x8:0x000000b6 x24:0xffffff8f x18=0x00000086
       22305000	      2229	80000ca0	036b01a3	sb	x22,35(x22)	 x22:0x800087c2 x22:0x800087c2 PA:0x800087e5
       22315000	      2230	80000ca4	af7f4293	xori	x5,x30,-1289	 x30:0xfffffff5  x5=0x00000502
       22325000	      2231	80000ca8	010b4083	lbu	x1,16(x22)	 x22:0x800087c2  x1=0x000000ce PA:0x800087d2
       22335000	      2232	80000cac	00eb1983	lh	x19,14(x22)	 x22:0x800087c2 x19=0xffff8fb8 PA:0x800087d0
       22345000	      2233	80000cb0	038b09a3	sb	x24,51(x22)	 x22:0x800087c2 x24:0xffffff8f PA:0x800087f5
       22355000	      2234	80000cb4	035b1f23	sh	x21,62(x22)	 x22:0x800087c2 x21:0x80000000 PA:0x80008800
       22365000	      2235	80000cb8	00ec1c33	sll	x24,x24,x14	 x24:0xffffff8f x14:0x95d9ac8c x24=0xfff8f000
       22375000	      2236	80000cbc	40360033	sub	x0,x12,x3	 x12:0x7ffffd70  x3:0x80008773
       22385000	      2237	80000cc0	40f55eb3	sra	x29,x10,x15	 x10:0xffffffae x15:0x00000001 x29=0xffffffd7
       22395000	      2238	80000cc4	fccb0383	lb	x7,-52(x22)	 x22:0x800087c2  x7=0xffffff91 PA:0x8000878e
       22405000	      2239	80000cc8	0060c2b3	xor	x5,x1,x6	  x1:0x000000ce  x6:0x5b12bd94  x5=0x5b12bd5a
       22415000	      2240	80000ccc	fd8b5003	lhu	x0,-40(x22)	 x22:0x800087c2 PA:0x8000879a
       22425000	      2241	80000cd0	00bb1e23	sh	x11,28(x22)	 x22:0x800087c2 x11:0x00010480 PA:0x800087de
       22435000	      2242	80000cd4	000b0d03	lb	x26,0(x22)	 x22:0x800087c2 x26=0xffffffd6 PA:0x800087c2
       22445000	      2243	80000cd8	025b4583	lbu	x11,37(x22)	 x22:0x800087c2 x11=0x0000007a PA:0x800087e7
       22455000	      2244	80000cdc	006b2883	lw	x17,6(x22)	 x22:0x800087c2 x17=0x2bf5964d PA:0x800087c8
       22465000	      2245	80000ce0	0643af13	slti	x30,x7,100	  x7:0xffffff91 x30=0x00000001
       22475000	      2246	80000ce4	8e743a13	sltiu	x20,x8,-1817	  x8:0x000000b6 x20=0x00000001
       22485000	      2247	80000ce8	fd5b4383	lbu	x7,-43(x22)	 x22:0x800087c2  x7=0x000000fe PA:0x80008797
       22495000	      2248	80000cec	ff3b1023	sh	x19,-32(x22)	 x22:0x800087c2 x19:0xffff8fb8 PA:0x800087a2
       22505000	      2249	80000cf0	00007597	auipc	x11,0x7	 x11=0x80007cec
       22515000	      2250	80000cf4	70858593	addi	x11,x11,1800	 x11:0x80007cec x11=0x800083f4
       22525000	      2251	80000cf8	ffe58e23	sb	x30,-4(x11)	 x11:0x800083f4 x30:0x00000001 PA:0x800083f0
       22535000	      2252	80000cfc	00008317	auipc	x6,0x8	  x6=0x80008cf8
       22545000	      2253	80000d00	82230313	addi	x6,x6,-2014	  x6:0x80008cf8  x6=0x8000851a
       22555000	      2254	80000d04	00008417	auipc	x8,0x8	  x8=0x80008d00
       22565000	      2255	80000d08	9b940413	addi	x8,x8,-1607	  x8:0x80008d00  x8=0x800086b9
       22575000	      2256	80000d0c	00459003	lh	x0,4(x11)	 x11:0x800083f4 PA:0x800083f8
       22585000	      2257	80000d10	00435a03	lhu	x20,4(x6)	  x6:0x8000851a x20=0x0000bb0d PA:0x8000851e
       22595000	      2258	80000d14	fa941d03	lh	x26,-87(x8)	  x8:0x800086b9 x26=0xffff9f00 PA:0x80008662
       22605000	      2259	80000d18	00008c97	auipc	x25,0x8	 x25=0x80008d14
       22615000	      2260	80000d1c	8e4c8c93	addi	x25,x25,-1820	 x25:0x80008d14 x25=0x800085f8
       22625000	      2261	80000d20	0b0c9d03	lh	x26,176(x25)	 x25:0x800085f8 x26=0xfffff28c PA:0x800086a8
       22635000	      2262	80000d24	fd334283	lbu	x5,-45(x6)	  x6:0x8000851a  x5=0x000000ce PA:0x800084ed
       22645000	      2263	80000d28	dffc8b83	lb	x23,-513(x25)	 x25:0x800085f8 x23=0xffffff86 PA:0x800083f7
       22655000	      2264	80000d2c	04145083	lhu	x1,65(x8)	  x8:0x800086b9  x1=0x00002a46 PA:0x800086fa
       22665000	      2265	80000d30	03730883	lb	x17,55(x6)	  x6:0x8000851a x17=0xffffff8b PA:0x80008551
       22675000	      2266	80000d34	004307a3	sb	x4,15(x6)	  x6:0x8000851a  x4:0x021b3000 PA:0x80008529
       22685000	      2267	80000d38	00b58e03	lb	x28,11(x11)	 x11:0x800083f4 x28=0xffffffaa PA:0x800083ff
       22695000	      2268	00000000	00000013	addi	x0,x0,0	  x0:0x00000000
       22705000	      2269	80000d3c	b1cccf03	lbu	x30,-1252(x25)	 x25:0x800085f8 x30=0x0000001e PA:0x80008114
       22715000	      2270	80000d40	f2b44d03	lbu	x26,-213(x8)	  x8:0x800086b9 x26=0x000000bd PA:0x800085e4
       22725000	      2271	80000d44	02544e03	lbu	x28,37(x8)	  x8:0x800086b9 x28=0x0000003a PA:0x800086de
       22735000	      2272	80000d48	0a945703	lhu	x14,169(x8)	  x8:0x800086b9 x14=0x00004b3f PA:0x80008762
       22745000	      2273	80000d4c	00430423	sb	x4,8(x6)	  x6:0x8000851a  x4:0x021b3000 PA:0x80008522
       22755000	      2274	80000d50	ff2cde83	lhu	x29,-14(x25)	 x25:0x800085f8 x29=0x000017fb PA:0x800085ea
       22765000	      2275	80000d54	f3640703	lb	x14,-202(x8)	  x8:0x800086b9 x14=0x00000021 PA:0x800085ef
       22775000	      2276	80000d58	fe2588a3	sb	x2,-15(x11)	 x11:0x800083f4  x2:0xffffff96 PA:0x800083e5
       22785000	      2277	80000d5c	ffd58083	lb	x1,-3(x11)	 x11:0x800083f4  x1=0xffffff85 PA:0x800083f1
       22795000	      2278	80000d60	ffd30683	lb	x13,-3(x6)	  x6:0x8000851a x13=0x00000030 PA:0x80008517
       22805000	      2279	80000d64	fd330483	lb	x9,-45(x6)	  x6:0x8000851a  x9=0xffffffce PA:0x800084ed
       22815000	      2280	80000d68	c9dccb03	lbu	x22,-867(x25)	 x25:0x800085f8 x22=0x0000002c PA:0x80008295
       22825000	      2281	80000d6c	00859123	sh	x8,2(x11)	 x11:0x800083f4  x8:0x800086b9 PA:0x800083f6
       22835000	      2282	80000d70	a88ca883	lw	x17,-1400(x25)	 x25:0x800085f8 x17=0xd0fd7982 PA:0x80008080
       22845000	      2283	80000d74	02134903	lbu	x18,33(x6)	  x6:0x8000851a x18=0x00000022 PA:0x8000853b
       22855000	      2284	80000d78	0bd45203	lhu	x4,189(x8)	  x8:0x800086b9  x4=0x00007b75 PA:0x80008776
       22865000	      2285	80000d7c	ffb58503	lb	x10,-5(x11)	 x11:0x800083f4 x10=0x0000002d PA:0x800083ef
       22875000	      2286	80000d80	ff231683	lh	x13,-14(x6)	  x6:0x8000851a x13=0x00004ba8 PA:0x8000850c
       22885000	      2287	80000d84	a89c8383	lb	x7,-1399(x25)	 x25:0x800085f8  x7=0x00000079 PA:0x80008081
       22895000	      2288	80000d88	00258e83	lb	x29,2(x11)	 x11:0x800083f4 x29=0xffffffb9 PA:0x800083f6
       22905000	      2289	80000d8c	ffe58d03	lb	x26,-2(x11)	 x11:0x800083f4 x26=0x00000029 PA:0x800083f2
       22915000	      2290	80000d90	fd431203	lh	x4,-44(x6)	  x6:0x8000851a  x4=0x00001d76 PA:0x800084ee
       22925000	      2291	80000d94	00b58723	sb	x11,14(x11)	 x11:0x800083f4 x11:0x800083f4 PA:0x80008402
       22935000	      2292	80000d98	02b44103	lbu	x2,43(x8)	  x8:0x800086b9  x2=0x0000004d PA:0x800086e4
       22945000	      2293	80000d9c	f9b44983	lbu	x19,-101(x8)	  x8:0x800086b9 x19=0x00000019 PA:0x80008654
       22955000	      2294	80000da0	00008897	auipc	x17,0x8	 x17=0x80008d9c
       22965000	      2295	80000da4	8b288893	addi	x17,x17,-1870	 x17:0x80008d9c x17=0x8000864e
       22975000	      2296	80000da8	00008917	auipc	x18,0x8	 x18=0x80008da4
       22985000	      2297	80000dac	94c90913	addi	x18,x18,-1716	 x18:0x80008da4 x18=0x800086f0
       22995000	      2298	80000db0	0068aa03	lw	x20,6(x17)	 x17:0x8000864e x20=0x569d6f19 PA:0x80008654
       23005000	      2299	80000db4	00007597	auipc	x11,0x7	 x11=0x80007db0
       23015000	      2300	80000db8	7f058593	addi	x11,x11,2032	 x11:0x80007db0 x11=0x800085a0
       23025000	      2301	80000dbc	00007217	auipc	x4,0x7	  x4=0x80007db8
       23035000	      2302	80000dc0	51920213	addi	x4,x4,1305	  x4:0x80007db8  x4=0x800082d1
       23045000	      2303	80000dc4	fc190423	sb	x1,-56(x18)	 x18:0x800086f0  x1:0xffffff85 PA:0x800086b8
       23055000	      2304	80000dc8	4f9212a3	sh	x25,1253(x4)	  x4:0x800082d1 x25:0x800085f8 PA:0x800087b6
       23065000	      2305	80000dcc	f3d88703	lb	x14,-195(x17)	 x17:0x8000864e x14=0xffffffd3 PA:0x8000858b
       23075000	      2306	80000dd0	f645cd03	lbu	x26,-156(x11)	 x11:0x800085a0 x26=0x0000005c PA:0x80008504
       23085000	      2307	80000dd4	fd895b83	lhu	x23,-40(x18)	 x18:0x800086f0 x23=0x00002dff PA:0x800086c8
       23095000	      2308	80000dd8	1c121303	lh	x6,449(x4)	  x4:0x800082d1  x6=0xfffff566 PA:0x80008492
       23105000	      2309	80000ddc	f8058603	lb	x12,-128(x11)	 x11:0x800085a0 x12=0xffffff8d PA:0x80008520
       23115000	      2310	80000de0	40920123	sb	x9,1026(x4)	  x4:0x800082d1  x9:0xffffffce PA:0x800086d3
       23125000	      2311	80000de4	0ae59f03	lh	x30,174(x11)	 x11:0x800085a0 x30=0xffffcb77 PA:0x8000864e
       23135000	      2312	80000de8	02591123	sh	x5,34(x18)	 x18:0x800086f0  x5:0x000000ce PA:0x80008712
       23145000	      2313	80000dec	06a88da3	sb	x10,123(x17)	 x17:0x8000864e x10:0x0000002d PA:0x800086c9
       23155000	      2314	80000df0	f01585a3	sb	x1,-245(x11)	 x11:0x800085a0  x1:0xffffff85 PA:0x800084ab
       23165000	      2315	80000df4	f605c603	lbu	x12,-160(x11)	 x11:0x800085a0 x12=0x000000ec PA:0x80008500
       23175000	      2316	80000df8	52325983	lhu	x19,1315(x4)	  x4:0x800082d1 x19=0x00008f82 PA:0x800087f4
       23185000	      2317	80000dfc	03590b03	lb	x22,53(x18)	 x18:0x800086f0 x22=0x00000066 PA:0x80008725
       23195000	      2318	80000e00	0c688ba3	sb	x6,215(x17)	 x17:0x8000864e  x6:0xfffff566 PA:0x80008725
       23205000	      2319	80000e04	02a95383	lhu	x7,42(x18)	 x18:0x800086f0  x7=0x00002e48 PA:0x8000871a
       23215000	      2320	80000e08	fdc90ea3	sb	x28,-35(x18)	 x18:0x800086f0 x28:0x0000003a PA:0x800086cd
       23225000	      2321	80000e0c	0845a483	lw	x9,132(x11)	 x11:0x800085a0  x9=0x24961728 PA:0x80008624
       23235000	      2322	80000e10	01020683	lb	x13,16(x4)	  x4:0x800082d1 x13=0xffffff82 PA:0x800082e1
       23245000	      2323	80000e14	fe4906a3	sb	x4,-19(x18)	 x18:0x800086f0  x4:0x800082d1 PA:0x800086dd
       23255000	      2324	80000e18	06a58f23	sb	x10,126(x11)	 x11:0x800085a0 x10:0x0000002d PA:0x8000861e
       23265000	      2325	80000e1c	00190e83	lb	x29,1(x18)	 x18:0x800086f0 x29=0x00000063 PA:0x800086f1
       23275000	      2326	80000e20	12f20d03	lb	x26,303(x4)	  x4:0x800082d1 x26=0xffffffde PA:0x80008400
       23285000	      2327	80000e24	01794a03	lbu	x20,23(x18)	 x18:0x800086f0 x20=0x000000fe PA:0x80008707
       23295000	      2328	80000e28	0665d803	lhu	x16,102(x11)	 x11:0x800085a0 x16=0x0000f310 PA:0x80008606
       23305000	      2329	80000e2c	11e20023	sb	x30,256(x4)	  x4:0x800082d1 x30:0xffffcb77 PA:0x800083d1
       23315000	      2330	80000e30	f7b89f23	sh	x27,-130(x17)	 x17:0x8000864e x27:0x80009fc4 PA:0x800085cc
       23325000	      2331	80000e34	f8758503	lb	x10,-121(x11)	 x11:0x800085a0 x10=0xffffffff PA:0x80008527
       23335000	      2332	80000e38	fb522fa3	sw	x21,-65(x4)	  x4:0x800082d1 x21:0x80000000 PA:0x80008290
       23345000	      2333	80000e3c	28264b13	xori	x22,x12,642	 x12:0x000000ec x22=0x0000026e
       23355000	      2334	80000e40	0114e1b3	or	x3,x9,x17	  x9:0x24961728 x17:0x8000864e  x3=0xa496976e
       23365000	      2335	80000e44	04926063	bltu	x4,x9,80000e84	  x4:0x800082d1  x9:0x24961728
       23375000	      2336	80000e48	00715c93	srli	x25,x2,0x7	  x2:0x0000004d x25=0x00000000
       23385000	      2337	80000e4c	00eeb033	sltu	x0,x29,x14	 x29:0x00000063 x14:0xffffffd3
       23395000	      2338	80000e50	00000013	addi	x0,x0,0	  x0:0x00000000
       23405000	      2339	80000e54	cacdb893	sltiu	x17,x27,-852	 x27:0x80009fc4 x17=0x00000001
       23415000	      2340	80000e58	00d358b3	srl	x17,x6,x13	  x6:0xfffff566 x13:0xffffff82 x17=0x3ffffd59
       23425000	      2341	80000e5c	af9d5797	auipc	x15,0xaf9d5	 x15=0x2f9d5e58
       23435000	      2342	80000e60	00df56b3	srl	x13,x30,x13	 x30:0xffffcb77 x13:0xffffff82 x13=0x3ffff2dd
       23445000	      2343	80000e64	0117fa33	and	x20,x15,x17	 x15:0x2f9d5e58 x17:0x3ffffd59 x20=0x2f9d5c58
       23455000	      2344	80000e68	040dc663	blt	x27,x0,80000eb4	 x27:0x80009fc4  x0:0x00000000
       23465000	      2345	00000000	00000013	addi	x0,x0,0	  x0:0x00000000
       23475000	      2346	80000eb0	00000013	addi	x0,x0,0	  x0:0x00000000
       23485000	      2347	80000eb4	0032e6b3	or	x13,x5,x3	  x5:0x000000ce  x3:0xa496976e x13=0xa49697ee
       23495000	      2348	80000eb8	01189a63	bne	x17,x17,80000ecc	 x17:0x3ffffd59 x17:0x3ffffd59
       23505000	      2349	80000ebc	04347463	bgeu	x8,x3,80000f04	  x8:0x800086b9  x3:0xa496976e
       23515000	      2350	80000ec0	01e688b3	add	x17,x13,x30	 x13:0xa49697ee x30:0xffffcb77 x17=0xa4966365
       23525000	      2351	80000ec4	01f25713	srli	x14,x4,0x1f	  x4:0x800082d1 x14=0x00000001
       23535000	      2352	80000ec8	01161263	bne	x12,x17,80000ecc	 x12:0x000000ec x17:0xa4966365
       23545000	      2353	00000000	00000013	addi	x0,x0,0	  x0:0x00000000
       23555000	      2354	80000ec8	00000013	addi	x0,x0,0	  x0:0x00000000
       23565000	      2355	80000ecc	40930033	sub	x0,x6,x9	  x6:0xfffff566  x9:0x24961728
       23575000	      2356	80000ed0	e9ff2813	slti	x16,x30,-353	 x30:0xffffcb77 x16=0x00000001
       23585000	      2357	80000ed4	00000013	addi	x0,x0,0	  x0:0x00000000
       23595000	      2358	80000ed8	02aa4263	blt	x20,x10,80000efc	 x20:0x2f9d5c58 x10:0xffffffff
       23605000	      2359	80000edc	9807c093	xori	x1,x15,-1664	 x15:0x2f9d5e58  x1=0xd062a7d8
       23615000	      2360	80000ee0	eed08813	addi	x16,x1,-275	  x1:0xd062a7d8 x16=0xd062a6c5
       23625000	      2361	80000ee4	00c5d033	srl	x0,x11,x12	 x11:0x800085a0 x12:0x000000ec
       23635000	      2362	80000ee8	00000013	addi	x0,x0,0	  x0:0x00000000
       23645000	      2363	80000eec	014683b3	add	x7,x13,x20	 x13:0xa49697ee x20:0x2f9d5c58  x7=0xd433f446
       23655000	      2364	80000ef0	01365133	srl	x2,x12,x19	 x12:0x000000ec x19:0x00008f82  x2=0x0000003b
       23665000	      2365	80000ef4	769cc213	xori	x4,x25,1897	 x25:0x00000000  x4=0x00000769
       23675000	      2366	80000ef8	40c483b3	sub	x7,x9,x12	  x9:0x24961728 x12:0x000000ec  x7=0x2496163c
       23685000	      2367	80000efc	0216f263	bgeu	x13,x1,80000f20	 x13:0xa49697ee  x1:0xd062a7d8
       23695000	      2368	80000f00	006eee63	bltu	x29,x6,80000f1c	 x29:0x00000063  x6:0xfffff566
       23705000	      2369	00000000	00000013	addi	x0,x0,0	  x0:0x00000000
       23715000	      2370	80000f18	00000013	addi	x0,x0,0	  x0:0x00000000
       23725000	      2371	80000f1c	01f80833	add	x16,x16,x31	 x16:0xd062a6c5 x31:0x80009f60 x16=0x50634625
       23735000	      2372	80000f20	00ea03b3	add	x7,x20,x14	 x20:0x2f9d5c58 x14:0x00000001  x7=0x2f9d5c59
       23745000	      2373	80000f24	00d45a33	srl	x20,x8,x13	  x8:0x800086b9 x13:0xa49697ee x20=0x00020002
       23755000	      2374	80000f28	40ded0b3	sra	x1,x29,x13	 x29:0x00000063 x13:0xa49697ee  x1=0x00000000
       23765000	      2375	80000f2c	5cdd6193	ori	x3,x26,1485	 x26:0xffffffde  x3=0xffffffdf
       23775000	      2376	80000f30	03920a63	beq	x4,x25,80000f64	  x4:0x00000769 x25:0x00000000
       23785000	      2377	80000f34	e4514c13	xori	x24,x2,-443	  x2:0x0000003b x24=0xfffffe7e
       23795000	      2378	80000f38	01fb2e33	slt	x28,x22,x31	 x22:0x0000026e x31:0x80009f60 x28=0x00000000
       23805000	      2379	80000f3c	400b8b33	sub	x22,x23,x0	 x23:0x00002dff  x0:0x00000000 x22=0x00002dff
       23815000	      2380	80000f40	012b1833	sll	x16,x22,x18	 x22:0x00002dff x18:0x800086f0 x16=0x2dff0000
       23825000	      2381	80000f44	c7f2c293	xori	x5,x5,-897	  x5:0x000000ce  x5=0xfffffcb1
       23835000	      2382	80000f48	012b7233	and	x4,x22,x18	 x22:0x00002dff x18:0x800086f0  x4=0x000004f0
       23845000	      2383	80000f4c	f186a837	lui	x16,0xf186a	 x16=0xf186a000
       23855000	      2384	80000f50	016ce863	bltu	x25,x22,80000f60	 x25:0x00000000 x22:0x00002dff
       23865000	      2385	00000000	00000013	addi	x0,x0,0	  x0:0x00000000
       23875000	      2386	80000f5c	00000013	addi	x0,x0,0	  x0:0x00000000
       23885000	      2387	80000f60	72a48f17	auipc	x30,0x72a48	 x30=0xf2a48f5c
       23895000	      2388	80000f64	96593393	sltiu	x7,x18,-1691	 x18:0x800086f0  x7=0x00000001
       23905000	      2389	80000f68	40298633	sub	x12,x19,x2	 x19:0x00008f82  x2:0x0000003b x12=0x00008f47
       23915000	      2390	80000f6c	50dd8593	addi	x11,x27,1293	 x27:0x80009fc4 x11=0x8000a4d1
       23925000	      2391	80000f70	0228dc63	bge	x17,x2,80000fa8	 x17:0xa4966365  x2:0x0000003b
       23935000	      2392	80000f74	031e9663	bne	x29,x17,80000fa0	 x29:0x00000063 x17:0xa4966365
       23945000	      2393	00000000	00000013	addi	x0,x0,0	  x0:0x00000000
       23955000	      2394	80000f9c	00000013	addi	x0,x0,0	  x0:0x00000000
       23965000	      2395	80000fa0	01f002b3	add	x5,x0,x31	  x0:0x00000000 x31:0x80009f60  x5=0x80009f60
       23975000	      2396	80000fa4	007540b3	xor	x1,x10,x7	 x10:0xffffffff  x7:0x00000001  x1=0xfffffffe
       23985000	      2397	80000fa8	0390ff13	andi	x30,x1,57	  x1:0xfffffffe x30=0x00000038
       23995000	      2398	80000fac	00677263	bgeu	x14,x6,80000fb0	 x14:0x00000001  x6:0xfffff566
       24005000	      2399	80000fb0	006a5eb3	srl	x29,x20,x6	 x20:0x00020002  x6:0xfffff566 x29=0x00000800
       24015000	      2400	80000fb4	403906b3	sub	x13,x18,x3	 x18:0x800086f0  x3:0xffffffdf x13=0x80008711
       24025000	      2401	80000fb8	0b257263	bgeu	x10,x18,8000105c	 x10:0xffffffff x18:0x800086f0
       24035000	      2402	00000000	00000013	addi	x0,x0,0	  x0:0x00000000
       24045000	      2403	80001058	00000013	addi	x0,x0,0	  x0:0x00000000
       24055000	      2404	8000105c	0094d433	srl	x8,x9,x9	  x9:0x24961728  x9:0x24961728  x8=0x00249617
       24065000	      2405	80001060	01024633	xor	x12,x4,x16	  x4:0x000004f0 x16:0xf186a000 x12=0xf186a4f0
       24075000	      2406	80001064	a1f8ac93	slti	x25,x17,-1505	 x17:0xa4966365 x25=0x00000001
       24085000	      2407	80001068	00a6d413	srli	x8,x13,0xa	 x13:0x80008711  x8=0x00200021
       24095000	      2408	8000106c	00d22033	slt	x0,x4,x13	  x4:0x000004f0 x13:0x80008711
       24105000	      2409	80001070	000462b3	or	x5,x8,x0	  x8:0x00200021  x0:0x00000000  x5=0x00200021
       24115000	      2410	80001074	4f88f213	andi	x4,x17,1272	 x17:0xa4966365  x4=0x00000060
       24125000	      2411	80001078	03014663	blt	x2,x16,800010a4	  x2:0x0000003b x16:0xf186a000
       24135000	      2412	8000107c	00895833	srl	x16,x18,x8	 x18:0x800086f0  x8:0x00200021 x16=0x40004378
       24145000	      2413	80001080	00ba9393	slli	x7,x21,0xb	 x21:0x80000000  x7=0x00000000
       24155000	      2414	80001084	04dcf063	bgeu	x25,x13,800010c4	 x25:0x00000001 x13:0x80008711
       24165000	      2415	80001088	4170d033	sra	x0,x1,x23	  x1:0xfffffffe x23:0x00002dff
       24175000	      2416	8000108c	01010633	add	x12,x2,x16	  x2:0x0000003b x16:0x40004378 x12=0x400043b3
       24185000	      2417	80001090	02ea5663	bge	x20,x14,800010bc	 x20:0x00020002 x14:0x00000001
       24195000	      2418	00000000	00000013	addi	x0,x0,0	  x0:0x00000000
       24205000	      2419	800010b8	00000013	addi	x0,x0,0	  x0:0x00000000
       24215000	      2420	800010bc	03988e63	beq	x17,x25,800010f8	 x17:0xa4966365 x25:0x00000001
       24225000	      2421	800010c0	b51fbc13	sltiu	x24,x31,-1199	 x31:0x80009f60 x24=0x00000001
       24235000	      2422	800010c4	d8553113	sltiu	x2,x10,-635	 x10:0xffffffff  x2=0x00000000
       24245000	      2423	800010c8	0084ab33	slt	x22,x9,x8	  x9:0x24961728  x8:0x00200021 x22=0x00000000
       24255000	      2424	800010cc	a4f98013	addi	x0,x19,-1457	 x19:0x00008f82
       24265000	      2425	800010d0	2c938b93	addi	x23,x7,713	  x7:0x00000000 x23=0x000002c9
       24275000	      2426	800010d4	00f56133	or	x2,x10,x15	 x10:0xffffffff x15:0x2f9d5e58  x2=0xffffffff
       24285000	      2427	800010d8	011c59b3	srl	x19,x24,x17	 x24:0x00000001 x17:0xa4966365 x19=0x00000000
       24295000	      2428	800010dc	0015e263	bltu	x11,x1,800010e0	 x11:0x8000a4d1  x1:0xfffffffe
       24305000	      2429	00000000	00000013	addi	x0,x0,0	  x0:0x00000000
       24315000	      2430	800010dc	00000013	addi	x0,x0,0	  x0:0x00000000
       24325000	      2431	800010e0	00ff59b3	srl	x19,x30,x15	 x30:0x00000038 x15:0x2f9d5e58 x19=0x00000000
       24335000	      2432	800010e4	0109eb33	or	x22,x19,x16	 x19:0x00000000 x16:0x40004378 x22=0x40004378
       24345000	      2433	800010e8	7d6c6c93	ori	x25,x24,2006	 x24:0x00000001 x25=0x000007d7
       24355000	      2434	800010ec	410e59b3	sra	x19,x28,x16	 x28:0x00000000 x16:0x40004378 x19=0x00000000
       24365000	      2435	800010f0	00a25813	srli	x16,x4,0xa	  x4:0x00000060 x16=0x00000000
       24375000	      2436	800010f4	414c5093	srai	x1,x24,0x14	 x24:0x00000001  x1=0x00000000
       24385000	      2437	800010f8	033d7663	bgeu	x26,x19,80001124	 x26:0xffffffde x19:0x00000000
       24395000	      2438	00000000	00000013	addi	x0,x0,0	  x0:0x00000000
       24405000	      2439	80001120	00000013	addi	x0,x0,0	  x0:0x00000000
       24415000	      2440	80001124	4112d633	sra	x12,x5,x17	  x5:0x00200021 x17:0xa4966365 x12=0x00010001
       24425000	      2441	80001128	adc14f37	lui	x30,0xadc14	 x30=0xadc14000
       24435000	      2442	8000112c	000d16b3	sll	x13,x26,x0	 x26:0xffffffde  x0:0x00000000 x13=0xffffffde
       24445000	      2443	80001130	00556c33	or	x24,x10,x5	 x10:0xffffffff  x5:0x00200021 x24=0xffffffff
       24455000	      2444	80001134	0142d533	srl	x10,x5,x20	  x5:0x00200021 x20:0x00020002 x10=0x00080008
       24465000	      2445	80001138	4da33693	sltiu	x13,x6,1242	  x6:0xfffff566 x13=0x00000000
       24475000	      2446	8000113c	006f0263	beq	x30,x6,80001140	 x30:0xadc14000  x6:0xfffff566
       24485000	      2447	80001140	00a2d263	bge	x5,x10,80001144	  x5:0x00200021 x10:0x00080008
       24495000	      2448	00000000	00000013	addi	x0,x0,0	  x0:0x00000000
       24505000	      2449	80001140	00000013	addi	x0,x0,0	  x0:0x00000000
       24515000	      2450	80001144	03695c63	bge	x18,x22,8000117c	 x18:0x800086f0 x22:0x40004378
       24525000	      2451	80001148	017290b3	sll	x1,x5,x23	  x5:0x00200021 x23:0x000002c9  x1=0x40004200
       24535000	      2452	8000114c	0107c733	xor	x14,x15,x16	 x15:0x2f9d5e58 x16:0x00000000 x14=0x2f9d5e58
       24545000	      2453	80001150	527273b7	lui	x7,0x52727	  x7=0x52727000
       24555000	      2454	80001154	05fc6813	ori	x16,x24,95	 x24:0xffffffff x16=0xffffffff
       24565000	      2455	80001158	8fe6fe13	andi	x28,x13,-1794	 x13:0x00000000 x28=0x00000000
       24575000	      2456	8000115c	87cfa313	slti	x6,x31,-1924	 x31:0x80009f60  x6=0x00000001
       24585000	      2457	80001160	411cd093	srai	x1,x25,0x11	 x25:0x000007d7  x1=0x00000000
       24595000	      2458	80001164	00f21093	slli	x1,x4,0xf	  x4:0x00000060  x1=0x00300000
       24605000	      2459	80001168	4bb26693	ori	x13,x4,1211	  x4:0x00000060 x13=0x000004fb
       24615000	      2460	8000116c	015d1e13	slli	x28,x26,0x15	 x26:0xffffffde x28=0xfbc00000
       24625000	      2461	80001170	0053f0b3	and	x1,x7,x5	  x7:0x52727000  x5:0x00200021  x1=0x00200000
       24635000	      2462	80001174	8ff3a593	slti	x11,x7,-1793	  x7:0x52727000 x11=0x00000000
       24645000	      2463	80001178	41dcd593	srai	x11,x25,0x1d	 x25:0x000007d7 x11=0x00000000
       24655000	      2464	8000117c	00db92b3	sll	x5,x23,x13	 x23:0x000002c9 x13:0x000004fb  x5=0x48000000
       24665000	      2465	80001180	6e7fce13	xori	x28,x31,1767	 x31:0x80009f60 x28=0x80009987
       24675000	      2466	80001184	01791c33	sll	x24,x18,x23	 x18:0x800086f0 x23:0x000002c9 x24=0x010de000
       24685000	      2467	80001188	0a69fa13	andi	x20,x19,166	 x19:0x00000000 x20=0x00000000
       24695000	      2468	8000118c	01d52a33	slt	x20,x10,x29	 x10:0x00080008 x29:0x00000800 x20=0x00000000
       24705000	      2469	80001190	f1871737	lui	x14,0xf1871	 x14=0xf1871000
       24715000	      2470	80001194	015ef5b3	and	x11,x29,x21	 x29:0x00000800 x21:0x80000000 x11=0x00000000
       24725000	      2471	80001198	0008fa33	and	x20,x17,x0	 x17:0xa4966365  x0:0x00000000 x20=0x00000000
       24735000	      2472	8000119c	00c58433	add	x8,x11,x12	 x11:0x00000000 x12:0x00010001  x8=0x00010001
       24745000	      2473	800011a0	01e19eb3	sll	x29,x3,x30	  x3:0xffffffdf x30:0xadc14000 x29=0xffffffdf
       24755000	      2474	800011a4	410b5cb3	sra	x25,x22,x16	 x22:0x40004378 x16:0xffffffff x25=0x00000000
       24765000	      2475	800011a8	40b4d613	srai	x12,x9,0xb	  x9:0x24961728 x12=0x000492c2
       24775000	      2476	800011ac	54c43513	sltiu	x10,x8,1356	  x8:0x00010001 x10=0x00000000
       24785000	      2477	800011b0	00ec13b3	sll	x7,x24,x14	 x24:0x010de000 x14:0xf1871000  x7=0x010de000
       24795000	      2478	800011b4	0862ca63	blt	x5,x6,80001248	  x5:0x48000000  x6:0x00000001
       24805000	      2479	800011b8	009c12b3	sll	x5,x24,x9	 x24:0x010de000  x9:0x24961728  x5=0x0de00000
       24815000	      2480	800011bc	41f25433	sra	x8,x4,x31	  x4:0x00000060 x31:0x80009f60  x8=0x00000060
       24825000	      2481	800011c0	01f5b2b3	sltu	x5,x11,x31	 x11:0x00000000 x31:0x80009f60  x5=0x00000001
       24835000	      2482	800011c4	00b67cb3	and	x25,x12,x11	 x12:0x000492c2 x11:0x00000000 x25=0x00000000
       24845000	      2483	800011c8	40290533	sub	x10,x18,x2	 x18:0x800086f0  x2:0xffffffff x10=0x800086f1
       24855000	      2484	800011cc	086e8a63	beq	x29,x6,80001260	 x29:0xffffffdf  x6:0x00000001
       24865000	      2485	800011d0	002f5613	srli	x12,x30,0x2	 x30:0xadc14000 x12=0x2b705000
       24875000	      2486	800011d4	15ce3193	sltiu	x3,x28,348	 x28:0x80009987  x3=0x00000000
       24885000	      2487	800011d8	41e285b3	sub	x11,x5,x30	  x5:0x00000001 x30:0xadc14000 x11=0x523ec001
       24895000	      2488	800011dc	00008597	auipc	x11,0x8	 x11=0x800091d8
       24905000	      2489	800011e0	db958593	addi	x11,x11,-583	 x11:0x800091d8 x11=0x80008f91
       24915000	      2490	800011e4	fea598a3	sh	x10,-15(x11)	 x11:0x80008f91 x10:0x800086f1 PA:0x80008f82
       24925000	      2491	800011e8	ff15cc83	lbu	x25,-15(x11)	 x11:0x80008f91 x25=0x000000f1 PA:0x80008f82
       24935000	      2492	800011ec	fe35d383	lhu	x7,-29(x11)	 x11:0x80008f91  x7=0x00008b1d PA:0x80008f74
       24945000	      2493	800011f0	fe35a083	lw	x1,-29(x11)	 x11:0x80008f91  x1=0x22898b1d PA:0x80008f74
       24955000	      2494	800011f4	a902be13	sltiu	x28,x5,-1392	  x5:0x00000001 x28=0x00000001
       24965000	      2495	800011f8	fe358203	lb	x4,-29(x11)	 x11:0x80008f91  x4=0x0000001d PA:0x80008f74
       24975000	      2496	800011fc	fe35a083	lw	x1,-29(x11)	 x11:0x80008f91  x1=0x22898b1d PA:0x80008f74
       24985000	      2497	80001200	ff659da3	sh	x22,-5(x11)	 x11:0x80008f91 x22:0x40004378 PA:0x80008f8c
       24995000	      2498	80001204	5c593997	auipc	x19,0x5c593	 x19=0xdc594200
       25005000	      2499	80001208	fe45c083	lbu	x1,-28(x11)	 x11:0x80008f91  x1=0x0000008b PA:0x80008f75
       25015000	      2500	8000120c	006c37b3	sltu	x15,x24,x6	 x24:0x010de000  x6:0x00000001 x15=0x00000000
       25025000	      2501	80001210	00302833	slt	x16,x0,x3	  x0:0x00000000  x3:0x00000000 x16=0x00000000
       25035000	      2502	80001214	9729ec13	ori	x24,x19,-1678	 x19:0xdc594200 x24=0xfffffb72
       25045000	      2503	80001218	002543b3	xor	x7,x10,x2	 x10:0x800086f1  x2:0xffffffff  x7=0x7fff790e
       25055000	      2504	8000121c	03f58403	lb	x8,63(x11)	 x11:0x80008f91  x8=0x00000039 PA:0x80008fd0
       25065000	      2505	80001220	02058b23	sb	x0,54(x11)	 x11:0x80008f91  x0:0x00000000 PA:0x80008fc7
       25075000	      2506	80001224	00000013	addi	x0,x0,0	  x0:0x00000000
       25085000	      2507	80001228	00878eb3	add	x29,x15,x8	 x15:0x00000000  x8:0x00000039 x29=0x00000039
       25095000	      2508	8000122c	01713333	sltu	x6,x2,x23	  x2:0xffffffff x23:0x000002c9  x6=0x00000000
       25105000	      2509	80001230	eda8a013	slti	x0,x17,-294	 x17:0xa4966365
       25115000	      2510	80001234	000216b3	sll	x13,x4,x0	  x4:0x0000001d  x0:0x00000000 x13=0x0000001d
       25125000	      2511	80001238	00000013	addi	x0,x0,0	  x0:0x00000000
       25135000	      2512	8000123c	024ac663	blt	x21,x4,80001268	 x21:0x80000000  x4:0x0000001d
       25145000	      2513	00000000	00000013	addi	x0,x0,0	  x0:0x00000000
       25155000	      2514	80001264	00000013	addi	x0,x0,0	  x0:0x00000000
       25165000	      2515	80001268	0158ca33	xor	x20,x17,x21	 x17:0xa4966365 x21:0x80000000 x20=0x24966365
       25175000	      2516	8000126c	019cf733	and	x14,x25,x25	 x25:0x000000f1 x25:0x000000f1 x14=0x000000f1
       25185000	      2517	80001270	00a39513	slli	x10,x7,0xa	  x7:0x7fff790e x10=0xfde43800
       25195000	      2518	80001274	c0870c37	lui	x24,0xc0870	 x24=0xc0870000
       25205000	      2519	80001278	00f634b3	sltu	x9,x12,x15	 x12:0x2b705000 x15:0x00000000  x9=0x00000000
       25215000	      2520	8000127c	008870b3	and	x1,x16,x8	 x16:0x00000000  x8:0x00000039  x1=0x00000000
       25225000	      2521	80001280	01993233	sltu	x4,x18,x25	 x18:0x800086f0 x25:0x000000f1  x4=0x00000000
       25235000	      2522	80001284	75f3f193	andi	x3,x7,1887	  x7:0x7fff790e  x3=0x0000010e
       25245000	      2523	80001288	0276f663	bgeu	x13,x7,800012b4	 x13:0x0000001d  x7:0x7fff790e
       25255000	      2524	8000128c	01ca96b3	sll	x13,x21,x28	 x21:0x80000000 x28:0x00000001 x13=0x00000000
       25265000	      2525	80001290	019d4263	blt	x26,x25,80001294	 x26:0xffffffde x25:0x000000f1
       25275000	      2526	00000000	00000013	addi	x0,x0,0	  x0:0x00000000
       25285000	      2527	80001290	00000013	addi	x0,x0,0	  x0:0x00000000
       25295000	      2528	80001294	00ea42b3	xor	x5,x20,x14	 x20:0x24966365 x14:0x000000f1  x5=0x24966394
       25305000	      2529	80001298	78288793	addi	x15,x17,1922	 x17:0xa4966365 x15=0xa4966ae7
       25315000	      2530	8000129c	018b4533	xor	x10,x22,x24	 x22:0x40004378 x24:0xc0870000 x10=0x80874378
       25325000	      2531	800012a0	01ec1cb3	sll	x25,x24,x30	 x24:0xc0870000 x30:0xadc14000 x25=0xc0870000
       25335000	      2532	800012a4	04c45063	bge	x8,x12,800012e4	  x8:0x00000039 x12:0x2b705000
       25345000	      2533	800012a8	018678b3	and	x17,x12,x24	 x12:0x2b705000 x24:0xc0870000 x17=0x00000000
       25355000	      2534	800012ac	01db36b3	sltu	x13,x22,x29	 x22:0x40004378 x29:0x00000039 x13=0x00000000
       25365000	      2535	800012b0	00000013	addi	x0,x0,0	  x0:0x00000000
       25375000	      2536	800012b4	03945263	bge	x8,x25,800012d8	  x8:0x00000039 x25:0xc0870000
       25385000	      2537	00000000	00000013	addi	x0,x0,0	  x0:0x00000000
       25395000	      2538	800012d4	00000013	addi	x0,x0,0	  x0:0x00000000
       25405000	      2539	800012d8	00cfa4b3	slt	x9,x31,x12	 x31:0x80009f60 x12:0x2b705000  x9=0x00000001
       25415000	      2540	800012dc	712e6313	ori	x6,x28,1810	 x28:0x00000001  x6=0x00000713
       25425000	      2541	800012e0	456ac213	xori	x4,x21,1110	 x21:0x80000000  x4=0x80000456
       25435000	      2542	800012e4	01008eb3	add	x29,x1,x16	  x1:0x00000000 x16:0x00000000 x29=0x00000000
       25445000	      2543	800012e8	010a4233	xor	x4,x20,x16	 x20:0x24966365 x16:0x00000000  x4=0x24966365
       25455000	      2544	800012ec	01b67533	and	x10,x12,x27	 x12:0x2b705000 x27:0x80009fc4 x10=0x00001000
       25465000	      2545	800012f0	001f9793	slli	x15,x31,0x1	 x31:0x80009f60 x15=0x00013ec0
       25475000	      2546	800012f4	001a1733	sll	x14,x20,x1	 x20:0x24966365  x1:0x00000000 x14=0x24966365
       25485000	      2547	800012f8	5c586a13	ori	x20,x16,1477	 x16:0x00000000 x20=0x000005c5
       25495000	      2548	800012fc	19b7dc17	auipc	x24,0x19b7d	 x24=0x99b7e2f8
       25505000	      2549	80001300	09351463	bne	x10,x19,80001388	 x10:0x00001000 x19:0xdc594200
       25515000	      2550	00000000	00000013	addi	x0,x0,0	  x0:0x00000000
       25525000	      2551	80001384	00000013	addi	x0,x0,0	  x0:0x00000000
       25535000	      2552	80001388	6a2ac813	xori	x16,x21,1698	 x21:0x80000000 x16=0x800006a2
       25545000	      2553	8000138c	46803917	auipc	x18,0x46803	 x18=0xc6804388
       25555000	      2554	80001390	002e7733	and	x14,x28,x2	 x28:0x00000001  x2:0xffffffff x14=0x00000001
       25565000	      2555	80001394	012e0863	beq	x28,x18,800013a4	 x28:0x00000001 x18:0xc6804388
       25575000	      2556	80001398	a2d1f093	andi	x1,x3,-1491	  x3:0x0000010e  x1=0x0000000c
       25585000	      2557	8000139c	007c6d33	or	x26,x24,x7	 x24:0x99b7e2f8  x7:0x7fff790e x26=0xfffffbfe
       25595000	      2558	800013a0	00aa8863	beq	x21,x10,800013b0	 x21:0x80000000 x10:0x00001000
       25605000	      2559	800013a4	00b438b3	sltu	x17,x8,x11	  x8:0x00000039 x11:0x80008f91 x17=0x00000001
       25615000	      2560	800013a8	98b13413	sltiu	x8,x2,-1653	  x2:0xffffffff  x8=0x00000000
       25625000	      2561	800013ac	007539b3	sltu	x19,x10,x7	 x10:0x00001000  x7:0x7fff790e x19=0x00000001
       25635000	      2562	800013b0	01c0fe33	and	x28,x1,x28	  x1:0x0000000c x28:0x00000001 x28=0x00000000
       25645000	      2563	800013b4	ae114393	xori	x7,x2,-1311	  x2:0xffffffff  x7=0x0000051e
       25655000	      2564	800013b8	028f4093	xori	x1,x30,40	 x30:0xadc14000  x1=0xadc14028
       25665000	      2565	800013bc	00e130b3	sltu	x1,x2,x14	  x2:0xffffffff x14:0x00000001  x1=0x00000000
       25675000	      2566	800013c0	01f58f33	add	x30,x11,x31	 x11:0x80008f91 x31:0x80009f60 x30=0x00012ef1
       25685000	      2567	800013c4	0025ea63	bltu	x11,x2,800013d8	 x11:0x80008f91  x2:0xffffffff
       25695000	      2568	00000000	00000013	addi	x0,x0,0	  x0:0x00000000
       25705000	      2569	800013d4	00000013	addi	x0,x0,0	  x0:0x00000000
       25715000	      2570	800013d8	d3f38793	addi	x15,x7,-705	  x7:0x0000051e x15=0x0000025d
       25725000	      2571	800013dc	00661413	slli	x8,x12,0x6	 x12:0x2b705000  x8=0xdc140000
       25735000	      2572	800013e0	d98d4b37	lui	x22,0xd98d4	 x22=0xd98d4000
       25745000	      2573	800013e4	f8118013	addi	x0,x3,-127	  x3:0x0000010e
       25755000	      2574	800013e8	01953333	sltu	x6,x10,x25	 x10:0x00001000 x25:0xc0870000  x6=0x00000001
       25765000	      2575	800013ec	00000013	addi	x0,x0,0	  x0:0x00000000
       25775000	      2576	800013f0	05b0d463	bge	x1,x27,80001438	  x1:0x00000000 x27:0x80009fc4
       25785000	      2577	00000000	00000013	addi	x0,x0,0	  x0:0x00000000
       25795000	      2578	80001434	00000013	addi	x0,x0,0	  x0:0x00000000
       25805000	      2579	80001438	04691663	bne	x18,x6,80001484	 x18:0xc6804388  x6:0x00000001
       25815000	      2580	00000000	00000013	addi	x0,x0,0	  x0:0x00000000
       25825000	      2581	80001480	00000013	addi	x0,x0,0	  x0:0x00000000
       25835000	      2582	80001484	0069b2b3	sltu	x5,x19,x6	 x19:0x00000001  x6:0x00000001  x5=0x00000000
       25845000	      2583	80001488	01da72b3	and	x5,x20,x29	 x20:0x000005c5 x29:0x00000000  x5=0x00000000
       25855000	      2584	8000148c	013d6d33	or	x26,x26,x19	 x26:0xfffffbfe x19:0x00000001 x26=0xfffffbff
       25865000	      2585	80001490	00000013	addi	x0,x0,0	  x0:0x00000000
       25875000	      2586	80001494	010ab733	sltu	x14,x21,x16	 x21:0x80000000 x16:0x800006a2 x14=0x00000001
       25885000	      2587	80001498	40a207b3	sub	x15,x4,x10	  x4:0x24966365 x10:0x00001000 x15=0x24965365
       25895000	      2588	8000149c	01828a63	beq	x5,x24,800014b0	  x5:0x00000000 x24:0x99b7e2f8
       25905000	      2589	800014a0	00723433	sltu	x8,x4,x7	  x4:0x24966365  x7:0x0000051e  x8=0x00000000
       25915000	      2590	800014a4	00d3e5b3	or	x11,x7,x13	  x7:0x0000051e x13:0x00000000 x11=0x0000051e
       25925000	      2591	800014a8	017b5633	srl	x12,x22,x23	 x22:0xd98d4000 x23:0x000002c9 x12=0x006cc6a0
       25935000	      2592	800014ac	76cfaa13	slti	x20,x31,1900	 x31:0x80009f60 x20=0x00000001
       25945000	      2593	800014b0	00845a63	bge	x8,x8,800014c4	  x8:0x00000000  x8:0x00000000
       25955000	      2594	00000000	00000013	addi	x0,x0,0	  x0:0x00000000
       25965000	      2595	800014c0	00000013	addi	x0,x0,0	  x0:0x00000000
       25975000	      2596	800014c4	033e6e63	bltu	x28,x19,80001500	 x28:0x00000000 x19:0x00000001
       25985000	      2597	00000000	00000013	addi	x0,x0,0	  x0:0x00000000
       25995000	      2598	800014fc	00000013	addi	x0,x0,0	  x0:0x00000000
       26005000	      2599	80001500	018c1c33	sll	x24,x24,x24	 x24:0x99b7e2f8 x24:0x99b7e2f8 x24=0xf8000000
       26015000	      2600	80001504	0291c663	blt	x3,x9,80001530	  x3:0x0000010e  x9:0x00000001
       26025000	      2601	80001508	037acc63	blt	x21,x23,80001540	 x21:0x80000000 x23:0x000002c9
       26035000	      2602	00000000	00000013	addi	x0,x0,0	  x0:0x00000000
       26045000	      2603	8000153c	00000013	addi	x0,x0,0	  x0:0x00000000
       26055000	      2604	80001540	383df693	andi	x13,x27,899	 x27:0x80009fc4 x13=0x00000380
       26065000	      2605	80001544	00d97a33	and	x20,x18,x13	 x18:0xc6804388 x13:0x00000380 x20=0x00000380
       26075000	      2606	80001548	40dbdbb3	sra	x23,x23,x13	 x23:0x000002c9 x13:0x00000380 x23=0x000002c9
       26085000	      2607	8000154c	005d1a13	slli	x20,x26,0x5	 x26:0xfffffbff x20=0xffff7fe0
       26095000	      2608	80001550	1955b737	lui	x14,0x1955b	 x14=0x1955b000
       26105000	      2609	80001554	11080813	addi	x16,x16,272	 x16:0x800006a2 x16=0x800007b2
       26115000	      2610	80001558	7e990393	addi	x7,x18,2025	 x18:0xc6804388  x7=0xc6804b71
       26125000	      2611	8000155c	055dd663	bge	x27,x21,800015a8	 x27:0x80009fc4 x21:0x80000000
       26135000	      2612	00000000	00000013	addi	x0,x0,0	  x0:0x00000000
       26145000	      2613	800015a4	00000013	addi	x0,x0,0	  x0:0x00000000
       26155000	      2614	800015a8	4b1afc37	lui	x24,0x4b1af	 x24=0x4b1af000
       26165000	      2615	800015ac	017499b3	sll	x19,x9,x23	  x9:0x00000001 x23:0x000002c9 x19=0x00000200
       26175000	      2616	800015b0	01bca233	slt	x4,x25,x27	 x25:0xc0870000 x27:0x80009fc4  x4=0x00000000
       26185000	      2617	800015b4	03a31663	bne	x6,x26,800015e0	  x6:0x00000001 x26:0xfffffbff
       26195000	      2618	00000000	00000013	addi	x0,x0,0	  x0:0x00000000
       26205000	      2619	800015dc	00000013	addi	x0,x0,0	  x0:0x00000000
       26215000	      2620	800015e0	01f1c263	blt	x3,x31,800015e4	  x3:0x0000010e x31:0x80009f60
       26225000	      2621	800015e4	003b5493	srli	x9,x22,0x3	 x22:0xd98d4000  x9=0x1b31a800
       26235000	      2622	800015e8	5b264b93	xori	x23,x12,1458	 x12:0x006cc6a0 x23=0x006cc312
       26245000	      2623	800015ec	f080b413	sltiu	x8,x1,-248	  x1:0x00000000  x8=0x00000001
       26255000	      2624	800015f0	ea8015b7	lui	x11,0xea801	 x11=0xea801000
       26265000	      2625	800015f4	012097b3	sll	x15,x1,x18	  x1:0x00000000 x18:0xc6804388 x15=0x00000000
       26275000	      2626	800015f8	414b80b3	sub	x1,x23,x20	 x23:0x006cc312 x20:0xffff7fe0  x1=0x006d4332
       26285000	      2627	800015fc	00139eb3	sll	x29,x7,x1	  x7:0xc6804b71  x1:0x006d4332 x29=0x2dc40000
       26295000	      2628	80001600	00989593	slli	x11,x17,0x9	 x17:0x00000001 x11=0x00000200
       26305000	      2629	80001604	d6a7cb93	xori	x23,x15,-662	 x15:0x00000000 x23=0xfffffd6a
       26315000	      2630	80001608	4a3b7e13	andi	x28,x22,1187	 x22:0xd98d4000 x28=0x00000000
       26325000	      2631	8000160c	01d757b3	srl	x15,x14,x29	 x14:0x1955b000 x29:0x2dc40000 x15=0x1955b000
       26335000	      2632	80001610	daacec93	ori	x25,x25,-598	 x25:0xc0870000 x25=0xfffffdaa
       26345000	      2633	80001614	011079b3	and	x19,x0,x17	  x0:0x00000000 x17:0x00000001 x19=0x00000000
       26355000	      2634	80001618	ffa1c413	xori	x8,x3,-6	  x3:0x0000010e  x8=0xfffffef4
       26365000	      2635	8000161c	015f1733	sll	x14,x30,x21	 x30:0x00012ef1 x21:0x80000000 x14=0x00012ef1
       26375000	      2636	80001620	04c48463	beq	x9,x12,80001668	  x9:0x1b31a800 x12:0x006cc6a0
       26385000	      2637	80001624	018a7733	and	x14,x20,x24	 x20:0xffff7fe0 x24:0x4b1af000 x14=0x4b1a7000
       26395000	      2638	80001628	3626b493	sltiu	x9,x13,866	 x13:0x00000380  x9=0x00000000
       26405000	      2639	8000162c	0454e663	bltu	x9,x5,80001678	  x9:0x00000000  x5:0x00000000
       26415000	      2640	80001630	03820a63	beq	x4,x24,80001664	  x4:0x00000000 x24:0x4b1af000
       26425000	      2641	80001634	fa487713	andi	x14,x16,-92	 x16:0x800007b2 x14=0x800007a0
       26435000	      2642	80001638	3a70ee13	ori	x28,x1,935	  x1:0x006d4332 x28=0x006d43b7
       26445000	      2643	8000163c	01d39cb3	sll	x25,x7,x29	  x7:0xc6804b71 x29:0x2dc40000 x25=0xc6804b71
       26455000	      2644	80001640	05b76063	bltu	x14,x27,80001680	 x14:0x800007a0 x27:0x80009fc4
       26465000	      2645	00000000	00000013	addi	x0,x0,0	  x0:0x00000000
       26475000	      2646	8000167c	00000013	addi	x0,x0,0	  x0:0x00000000
       26485000	      2647	80001680	0170d533	srl	x10,x1,x23	  x1:0x006d4332 x23:0xfffffd6a x10=0x00001b50
       26495000	      2648	80001684	01491893	slli	x17,x18,0x14	 x18:0xc6804388 x17=0x38800000
       26505000	      2649	80001688	4016d213	srai	x4,x13,0x1	 x13:0x00000380  x4=0x000001c0
       26515000	      2650	8000168c	21d3e013	ori	x0,x7,541	  x7:0xc6804b71
       26525000	      2651	80001690	04ed8663	beq	x27,x14,800016dc	 x27:0x80009fc4 x14:0x800007a0
       26535000	      2652	80001694	02956663	bltu	x10,x9,800016c0	 x10:0x00001b50  x9:0x00000000
       26545000	      2653	80001698	00eafe63	bgeu	x21,x14,800016b4	 x21:0x80000000 x14:0x800007a0
       26555000	      2654	8000169c	00000013	addi	x0,x0,0	  x0:0x00000000
       26565000	      2655	800016a0	00dcb5b3	sltu	x11,x25,x13	 x25:0xc6804b71 x13:0x00000380 x11=0x00000000
       26575000	      2656	800016a4	4037d0b3	sra	x1,x15,x3	 x15:0x1955b000  x3:0x0000010e  x1=0x00006556
       26585000	      2657	800016a8	00855f13	srli	x30,x10,0x8	 x10:0x00001b50 x30=0x0000001b
       26595000	      2658	800016ac	01347f33	and	x30,x8,x19	  x8:0xfffffef4 x19:0x00000000 x30=0x00000000
       26605000	      2659	800016b0	038c0263	beq	x24,x24,800016d4	 x24:0x4b1af000 x24:0x4b1af000
       26615000	      2660	00000000	00000013	addi	x0,x0,0	  x0:0x00000000
       26625000	      2661	800016d0	00000013	addi	x0,x0,0	  x0:0x00000000
       26635000	      2662	800016d4	8506fcb7	lui	x25,0x8506f	 x25=0x8506f000
       26645000	      2663	800016d8	40e55313	srai	x6,x10,0xe	 x10:0x00001b50  x6=0x00000000
       26655000	      2664	800016dc	007fdcb3	srl	x25,x31,x7	 x31:0x80009f60  x7:0xc6804b71 x25=0x00004000
       26665000	      2665	800016e0	00000013	addi	x0,x0,0	  x0:0x00000000
       26675000	      2666	800016e4	0104b033	sltu	x0,x9,x16	  x9:0x00000000 x16:0x800007b2
       26685000	      2667	800016e8	01b62633	slt	x12,x12,x27	 x12:0x006cc6a0 x27:0x80009fc4 x12=0x00000000
       26695000	      2668	800016ec	8f13a497	auipc	x9,0x8f13a	  x9=0x0f13b6e8
       26705000	      2669	800016f0	016e14b3	sll	x9,x28,x22	 x28:0x006d43b7 x22:0xd98d4000  x9=0x006d43b7
       26715000	      2670	800016f4	05654063	blt	x10,x22,80001734	 x10:0x00001b50 x22:0xd98d4000
       26725000	      2671	800016f8	00744263	blt	x8,x7,800016fc	  x8:0xfffffef4  x7:0xc6804b71
       26735000	      2672	800016fc	01b65663	bge	x12,x27,80001708	 x12:0x00000000 x27:0x80009fc4
       26745000	      2673	00000000	00000013	addi	x0,x0,0	  x0:0x00000000
       26755000	      2674	80001704	00000013	addi	x0,x0,0	  x0:0x00000000
       26765000	      2675	80001708	006e7263	bgeu	x28,x6,8000170c	 x28:0x006d43b7  x6:0x00000000
       26775000	      2676	00000000	00000013	addi	x0,x0,0	  x0:0x00000000
       26785000	      2677	80001708	00000013	addi	x0,x0,0	  x0:0x00000000
       26795000	      2678	8000170c	018c0eb3	add	x29,x24,x24	 x24:0x4b1af000 x24:0x4b1af000 x29=0x9635e000
       26805000	      2679	80001710	04eb8663	beq	x23,x14,8000175c	 x23:0xfffffd6a x14:0x800007a0
       26815000	      2680	80001714	0027e2b3	or	x5,x15,x2	 x15:0x1955b000  x2:0xffffffff  x5=0xffffffff
       26825000	      2681	80001718	00000013	addi	x0,x0,0	  x0:0x00000000
       26835000	      2682	8000171c	01005c33	srl	x24,x0,x16	  x0:0x00000000 x16:0x800007b2 x24=0x00000000
       26845000	      2683	80001720	41a757b3	sra	x15,x14,x26	 x14:0x800007a0 x26:0xfffffbff x15=0xffffffff
       26855000	      2684	80001724	01be03b3	add	x7,x28,x27	 x28:0x006d43b7 x27:0x80009fc4  x7=0x806de37b
       26865000	      2685	80001728	05ed9463	bne	x27,x30,80001770	 x27:0x80009fc4 x30:0x00000000
       26875000	      2686	00000000	00000013	addi	x0,x0,0	  x0:0x00000000
       26885000	      2687	8000176c	00000013	addi	x0,x0,0	  x0:0x00000000
       26895000	      2688	80001770	41605733	sra	x14,x0,x22	  x0:0x00000000 x22:0xd98d4000 x14=0x00000000
       26905000	      2689	80001774	00a180b3	add	x1,x3,x10	  x3:0x0000010e x10:0x00001b50  x1=0x00001c5e
       26915000	      2690	80001778	00571263	bne	x14,x5,8000177c	 x14:0x00000000  x5:0xffffffff
       26925000	      2691	00000000	00000013	addi	x0,x0,0	  x0:0x00000000
       26935000	      2692	80001778	00000013	addi	x0,x0,0	  x0:0x00000000
       26945000	      2693	8000177c	04a78663	beq	x15,x10,800017c8	 x15:0xffffffff x10:0x00001b50
       26955000	      2694	80001780	404dd133	sra	x2,x27,x4	 x27:0x80009fc4  x4:0x000001c0  x2=0x80009fc4
       26965000	      2695	80001784	00c9b8b3	sltu	x17,x19,x12	 x19:0x00000000 x12:0x00000000 x17=0x00000000
       26975000	      2696	80001788	014d6133	or	x2,x26,x20	 x26:0xfffffbff x20:0xffff7fe0  x2=0xffffffff
       26985000	      2697	8000178c	0160a533	slt	x10,x1,x22	  x1:0x00001c5e x22:0xd98d4000 x10=0x00000000
       26995000	      2698	80001790	744299b7	lui	x19,0x74429	 x19=0x74429000
       27005000	      2699	80001794	017bca63	blt	x23,x23,800017a8	 x23:0xfffffd6a x23:0xfffffd6a
       27015000	      2700	80001798	00b26863	bltu	x4,x11,800017a8	  x4:0x000001c0 x11:0x00000000
       27025000	      2701	8000179c	32bdfe93	andi	x29,x27,811	 x27:0x80009fc4 x29=0x00000300
       27035000	      2702	800017a0	03977663	bgeu	x14,x25,800017cc	 x14:0x00000000 x25:0x00004000
       27045000	      2703	800017a4	000cfa63	bgeu	x25,x0,800017b8	 x25:0x00004000  x0:0x00000000
       27055000	      2704	00000000	00000013	addi	x0,x0,0	  x0:0x00000000
       27065000	      2705	800017b4	00000013	addi	x0,x0,0	  x0:0x00000000
       27075000	      2706	800017b8	002e19b3	sll	x19,x28,x2	 x28:0x006d43b7  x2:0xffffffff x19=0x80000000
       27085000	      2707	800017bc	6ef2e013	ori	x0,x5,1775	  x5:0xffffffff
       27095000	      2708	800017c0	00ff1cb3	sll	x25,x30,x15	 x30:0x00000000 x15:0xffffffff x25=0x00000000
       27105000	      2709	800017c4	00699bb3	sll	x23,x19,x6	 x19:0x80000000  x6:0x00000000 x23=0x80000000
       27115000	      2710	800017c8	00000013	addi	x0,x0,0	  x0:0x00000000
       27125000	      2711	800017cc	00ee8cb3	add	x25,x29,x14	 x29:0x00000300 x14:0x00000000 x25=0x00000300
       27135000	      2712	800017d0	00277863	bgeu	x14,x2,800017e0	 x14:0x00000000  x2:0xffffffff
       27145000	      2713	800017d4	01ce6333	or	x6,x28,x28	 x28:0x006d43b7 x28:0x006d43b7  x6=0x006d43b7
       27155000	      2714	800017d8	41875e13	srai	x28,x14,0x18	 x14:0x00000000 x28=0x00000000
       27165000	      2715	800017dc	059bf063	bgeu	x23,x25,8000181c	 x23:0x80000000 x25:0x00000300
       27175000	      2716	00000000	00000013	addi	x0,x0,0	  x0:0x00000000
       27185000	      2717	80001818	00000013	addi	x0,x0,0	  x0:0x00000000
       27195000	      2718	8000181c	010aa9b3	slt	x19,x21,x16	 x21:0x80000000 x16:0x800007b2 x19=0x00000001
       27205000	      2719	80001820	03687c63	bgeu	x16,x22,80001858	 x16:0x800007b2 x22:0xd98d4000
       27215000	      2720	80001824	3bc3b513	sltiu	x10,x7,956	  x7:0x806de37b x10=0x00000000
       27225000	      2721	80001828	020b7663	bgeu	x22,x0,80001854	 x22:0xd98d4000  x0:0x00000000
       27235000	      2722	00000000	00000013	addi	x0,x0,0	  x0:0x00000000
       27245000	      2723	80001850	00000013	addi	x0,x0,0	  x0:0x00000000
       27255000	      2724	80001854	41ecd893	srai	x17,x25,0x1e	 x25:0x00000300 x17=0x00000000
       27265000	      2725	80001858	969c5197	auipc	x3,0x969c5	  x3=0x169c6854
       27275000	      2726	8000185c	22cda793	slti	x15,x27,556	 x27:0x80009fc4 x15=0x00000001
       27285000	      2727	80001860	0162a4b3	slt	x9,x5,x22	  x5:0xffffffff x22:0xd98d4000  x9=0x00000000
       27295000	      2728	80001864	0156a233	slt	x4,x13,x21	 x13:0x00000380 x21:0x80000000  x4=0x00000000
       27305000	      2729	80001868	0024acb3	slt	x25,x9,x2	  x9:0x00000000  x2:0xffffffff x25=0x00000000
       27315000	      2730	8000186c	6e32a293	slti	x5,x5,1763	  x5:0xffffffff  x5=0x00000001
       27325000	      2731	80001870	015c79b3	and	x19,x24,x21	 x24:0x00000000 x21:0x80000000 x19=0x00000000
       27335000	      2732	80001874	0139ea63	bltu	x19,x19,80001888	 x19:0x00000000 x19:0x00000000
       27345000	      2733	80001878	01a83233	sltu	x4,x16,x26	 x16:0x800007b2 x26:0xfffffbff  x4=0x00000001
       27355000	      2734	8000187c	01006433	or	x8,x0,x16	  x0:0x00000000 x16:0x800007b2  x8=0x800007b2
       27365000	      2735	80001880	40e25c93	srai	x25,x4,0xe	  x4:0x00000001 x25=0x00000000
       27375000	      2736	80001884	1901cd13	xori	x26,x3,400	  x3:0x169c6854 x26=0x169c69c4
       27385000	      2737	80001888	5f2b0097	auipc	x1,0x5f2b0	  x1=0xdf2b1884
       27395000	      2738	8000188c	038b7663	bgeu	x22,x24,800018b8	 x22:0xd98d4000 x24:0x00000000
       27405000	      2739	00000000	00000013	addi	x0,x0,0	  x0:0x00000000
       27415000	      2740	800018b4	00000013	addi	x0,x0,0	  x0:0x00000000
       27425000	      2741	800018b8	419eae93	slti	x29,x29,1049	 x29:0x00000300 x29=0x00000001
       27435000	      2742	800018bc	00fb5c93	srli	x25,x22,0xf	 x22:0xd98d4000 x25=0x0001b31a
       27445000	      2743	800018c0	433258b7	lui	x17,0x43325	 x17=0x43325000
       27455000	      2744	800018c4	01fc9493	slli	x9,x25,0x1f	 x25:0x0001b31a  x9=0x00000000
       27465000	      2745	800018c8	016718b3	sll	x17,x14,x22	 x14:0x00000000 x22:0xd98d4000 x17=0x00000000
       27475000	      2746	800018cc	00f12133	slt	x2,x2,x15	  x2:0xffffffff x15:0x00000001  x2=0x00000001
       27485000	      2747	800018d0	f6f28817	auipc	x16,0xf6f28	 x16=0x76f298cc
       27495000	      2748	800018d4	560ec513	xori	x10,x29,1376	 x29:0x00000001 x10=0x00000561
       27505000	      2749	800018d8	0184f263	bgeu	x9,x24,800018dc	  x9:0x00000000 x24:0x00000000
       27515000	      2750	00000000	00000013	addi	x0,x0,0	  x0:0x00000000
       27525000	      2751	800018d8	00000013	addi	x0,x0,0	  x0:0x00000000
       27535000	      2752	800018dc	00a5d493	srli	x9,x11,0xa	 x11:0x00000000  x9=0x00000000
       27545000	      2753	800018e0	05f47663	bgeu	x8,x31,8000192c	  x8:0x800007b2 x31:0x80009f60
       27555000	      2754	800018e4	01782eb3	slt	x29,x16,x23	 x16:0x76f298cc x23:0x80000000 x29=0x00000000
       27565000	      2755	800018e8	41ddd093	srai	x1,x27,0x1d	 x27:0x80009fc4  x1=0xfffffffc
       27575000	      2756	800018ec	02a34c63	blt	x6,x10,80001924	  x6:0x006d43b7 x10:0x00000561
       27585000	      2757	800018f0	2e14b293	sltiu	x5,x9,737	  x9:0x00000000  x5=0x00000001
       27595000	      2758	800018f4	005abbb3	sltu	x23,x21,x5	 x21:0x80000000  x5:0x00000001 x23=0x00000000
       27605000	      2759	800018f8	01481863	bne	x16,x20,80001908	 x16:0x76f298cc x20:0xffff7fe0
       27615000	      2760	00000000	00000013	addi	x0,x0,0	  x0:0x00000000
       27625000	      2761	80001904	00000013	addi	x0,x0,0	  x0:0x00000000
       27635000	      2762	80001908	0152e4b3	or	x9,x5,x21	  x5:0x00000001 x21:0x80000000  x9=0x80000001
       27645000	      2763	8000190c	44de7b13	andi	x22,x28,1101	 x28:0x00000000 x22=0x00000000
       27655000	      2764	80001910	01915e33	srl	x28,x2,x25	  x2:0x00000001 x25:0x0001b31a x28=0x00000000
       27665000	      2765	80001914	9b2306b7	lui	x13,0x9b230	 x13=0x9b230000
       27675000	      2766	80001918	26213493	sltiu	x9,x2,610	  x2:0x00000001  x9=0x00000001
       27685000	      2767	8000191c	004b1693	slli	x13,x22,0x4	 x22:0x00000000 x13=0x00000000
       27695000	      2768	80001920	00000013	addi	x0,x0,0	  x0:0x00000000
       27705000	      2769	80001924	01595533	srl	x10,x18,x21	 x18:0xc6804388 x21:0x80000000 x10=0xc6804388
       27715000	      2770	80001928	00bd6263	bltu	x26,x11,8000192c	 x26:0x169c69c4 x11:0x00000000
       27725000	      2771	8000192c	40e68133	sub	x2,x13,x14	 x13:0x00000000 x14:0x00000000  x2=0x00000000
       27735000	      2772	80001930	005e1813	slli	x16,x28,0x5	 x28:0x00000000 x16=0x00000000
       27745000	      2773	80001934	011ceb33	or	x22,x25,x17	 x25:0x0001b31a x17:0x00000000 x22=0x0001b31a
       27755000	      2774	80001938	41320333	sub	x6,x4,x19	  x4:0x00000001 x19:0x00000000  x6=0x00000001
       27765000	      2775	8000193c	85308793	addi	x15,x1,-1965	  x1:0xfffffffc x15=0xfffff84f
       27775000	      2776	80001940	402b5413	srai	x8,x22,0x2	 x22:0x0001b31a  x8=0x00006cc6
       27785000	      2777	80001944	013e5093	srli	x1,x28,0x13	 x28:0x00000000  x1=0x00000000
       27795000	      2778	80001948	2b7ab213	sltiu	x4,x21,695	 x21:0x80000000  x4=0x00000000
       27805000	      2779	8000194c	00d2da63	bge	x5,x13,80001960	  x5:0x00000001 x13:0x00000000
       27815000	      2780	00000000	00000013	addi	x0,x0,0	  x0:0x00000000
       27825000	      2781	8000195c	00000013	addi	x0,x0,0	  x0:0x00000000
       27835000	      2782	80001960	05da7663	bgeu	x20,x29,800019ac	 x20:0xffff7fe0 x29:0x00000000
       27845000	      2783	00000000	00000013	addi	x0,x0,0	  x0:0x00000000
       27855000	      2784	800019a8	00000013	addi	x0,x0,0	  x0:0x00000000
       27865000	      2785	800019ac	01a6ca33	xor	x20,x13,x26	 x13:0x00000000 x26:0x169c69c4 x20=0x169c69c4
       27875000	      2786	800019b0	006ed0b3	srl	x1,x29,x6	 x29:0x00000000  x6:0x00000001  x1=0x00000000
       27885000	      2787	800019b4	ece6a213	slti	x4,x13,-306	 x13:0x00000000  x4=0x00000000
       27895000	      2788	800019b8	026e7a63	bgeu	x28,x6,800019ec	 x28:0x00000000  x6:0x00000001
       27905000	      2789	800019bc	014e8c33	add	x24,x29,x20	 x29:0x00000000 x20:0x169c69c4 x24=0x169c69c4
       27915000	      2790	800019c0	01994033	xor	x0,x18,x25	 x18:0xc6804388 x25:0x0001b31a
       27925000	      2791	800019c4	09010b37	lui	x22,0x9010	 x22=0x09010000
       27935000	      2792	800019c8	01ba1813	slli	x16,x20,0x1b	 x20:0x169c69c4 x16=0x20000000
       27945000	      2793	800019cc	0395d663	bge	x11,x25,800019f8	 x11:0x00000000 x25:0x0001b31a
       27955000	      2794	800019d0	41d30033	sub	x0,x6,x29	  x6:0x00000001 x29:0x00000000
       27965000	      2795	800019d4	018bcc33	xor	x24,x23,x24	 x23:0x00000000 x24:0x169c69c4 x24=0x169c69c4
       27975000	      2796	800019d8	002e7263	bgeu	x28,x2,800019dc	 x28:0x00000000  x2:0x00000000
       27985000	      2797	00000000	00000013	addi	x0,x0,0	  x0:0x00000000
       27995000	      2798	800019d8	00000013	addi	x0,x0,0	  x0:0x00000000
       28005000	      2799	800019dc	22e40413	addi	x8,x8,558	  x8:0x00006cc6  x8=0x00006ef4
       28015000	      2800	800019e0	fcf7c113	xori	x2,x15,-49	 x15:0xfffff84f  x2=0x00000780
       28025000	      2801	800019e4	00753b33	sltu	x22,x10,x7	 x10:0xc6804388  x7:0x806de37b x22=0x00000000
       28035000	      2802	800019e8	01b9f333	and	x6,x19,x27	 x19:0x00000000 x27:0x80009fc4  x6=0x00000000
       28045000	      2803	800019ec	016225b3	slt	x11,x4,x22	  x4:0x00000000 x22:0x00000000 x11=0x00000000
       28055000	      2804	800019f0	009fd9b3	srl	x19,x31,x9	 x31:0x80009f60  x9:0x00000001 x19=0x40004fb0
       28065000	      2805	800019f4	28cae1b7	lui	x3,0x28cae	  x3=0x28cae000
       28075000	      2806	800019f8	012471b3	and	x3,x8,x18	  x8:0x00006ef4 x18:0xc6804388  x3=0x00004280
       28085000	      2807	800019fc	00930a63	beq	x6,x9,80001a10	  x6:0x00000000  x9:0x00000001
       28095000	      2808	80001a00	de0a3d13	sltiu	x26,x20,-544	 x20:0x169c69c4 x26=0x00000001
       28105000	      2809	80001a04	022fdc63	bge	x31,x2,80001a3c	 x31:0x80009f60  x2:0x00000780
       28115000	      2810	80001a08	339d3b93	sltiu	x23,x26,825	 x26:0x00000001 x23=0x00000001
       28125000	      2811	80001a0c	01145693	srli	x13,x8,0x11	  x8:0x00006ef4 x13=0x00000000
       28135000	      2812	80001a10	00ab8eb3	add	x29,x23,x10	 x23:0x00000001 x10:0xc6804388 x29=0xc6804389
       28145000	      2813	80001a14	0143b133	sltu	x2,x7,x20	  x7:0x806de37b x20:0x169c69c4  x2=0x00000000
       28155000	      2814	80001a18	00062a33	slt	x20,x12,x0	 x12:0x00000000  x0:0x00000000 x20=0x00000000
       28165000	      2815	80001a1c	00000013	addi	x0,x0,0	  x0:0x00000000
       28175000	      2816	80001a20	014898b3	sll	x17,x17,x20	 x17:0x00000000 x20:0x00000000 x17=0x00000000
       28185000	      2817	80001a24	01629d33	sll	x26,x5,x22	  x5:0x00000001 x22:0x00000000 x26=0x00000001
       28195000	      2818	80001a28	f7cfb393	sltiu	x7,x31,-132	 x31:0x80009f60  x7=0x00000001
       28205000	      2819	80001a2c	005c5093	srli	x1,x24,0x5	 x24:0x169c69c4  x1=0x00b4e34e
       28215000	      2820	80001a30	00000013	addi	x0,x0,0	  x0:0x00000000
       28225000	      2821	80001a34	003eee33	or	x28,x29,x3	 x29:0xc6804389  x3:0x00004280 x28=0xc6804389
       28235000	      2822	80001a38	dd0a3093	sltiu	x1,x20,-560	 x20:0x00000000  x1=0x00000001
       28245000	      2823	80001a3c	0498f663	bgeu	x17,x9,80001a88	 x17:0x00000000  x9:0x00000001
       28255000	      2824	80001a40	93becc13	xori	x24,x29,-1733	 x29:0xc6804389 x24=0x397fbab2
       28265000	      2825	80001a44	1dacac13	slti	x24,x25,474	 x25:0x0001b31a x24=0x00000000
       28275000	      2826	80001a48	2f84bb93	sltiu	x23,x9,760	  x9:0x00000001 x23=0x00000001
       28285000	      2827	80001a4c	01b33b33	sltu	x22,x6,x27	  x6:0x00000000 x27:0x80009fc4 x22=0x00000001
       28295000	      2828	80001a50	00638263	beq	x7,x6,80001a54	  x7:0x00000001  x6:0x00000000
       28305000	      2829	80001a54	e1aec393	xori	x7,x29,-486	 x29:0xc6804389  x7=0x397fbd93
       28315000	      2830	80001a58	00ffc6b3	xor	x13,x31,x15	 x31:0x80009f60 x15:0xfffff84f x13=0x7fff672f
       28325000	      2831	80001a5c	4ec5c113	xori	x2,x11,1260	 x11:0x00000000  x2=0x000004ec
       28335000	      2832	80001a60	bb5d7693	andi	x13,x26,-1099	 x26:0x00000001 x13=0x00000001
       28345000	      2833	80001a64	24970197	auipc	x3,0x24970	  x3=0xa4971a60
       28355000	      2834	80001a68	00e61913	slli	x18,x12,0xe	 x12:0x00000000 x18=0x00000000
       28365000	      2835	80001a6c	f72d8493	addi	x9,x27,-142	 x27:0x80009fc4  x9=0x80009f36
       28375000	      2836	80001a70	25112b93	slti	x23,x2,593	  x2:0x000004ec x23=0x00000000
       28385000	      2837	80001a74	05f3d663	bge	x7,x31,80001ac0	  x7:0x397fbd93 x31:0x80009f60
       28395000	      2838	00000000	00000013	addi	x0,x0,0	  x0:0x00000000
       28405000	      2839	80001abc	00000013	addi	x0,x0,0	  x0:0x00000000
       28415000	      2840	80001ac0	01488633	add	x12,x17,x20	 x17:0x00000000 x20:0x00000000 x12=0x00000000
       28425000	      2841	80001ac4	010b40b3	xor	x1,x22,x16	 x22:0x00000001 x16:0x20000000  x1=0x20000001
       28435000	      2842	80001ac8	00839833	sll	x16,x7,x8	  x7:0x397fbd93  x8:0x00006ef4 x16=0xd9300000
       28445000	      2843	80001acc	01d7ca63	blt	x15,x29,80001ae0	 x15:0xfffff84f x29:0xc6804389
       28455000	      2844	80001ad0	004402b3	add	x5,x8,x4	  x8:0x00006ef4  x4:0x00000000  x5=0x00006ef4
       28465000	      2845	80001ad4	0081cd33	xor	x26,x3,x8	  x3:0xa4971a60  x8:0x00006ef4 x26=0xa4977494
       28475000	      2846	80001ad8	5de56897	auipc	x17,0x5de56	 x17=0xdde57ad4
       28485000	      2847	80001adc	01095213	srli	x4,x18,0x10	 x18:0x00000000  x4=0x00000000
       28495000	      2848	80001ae0	00000013	addi	x0,x0,0	  x0:0x00000000
       28505000	      2849	80001ae4	01d6a213	slti	x4,x13,29	 x13:0x00000001  x4=0x00000001
       28515000	      2850	80001ae8	0047f0b3	and	x1,x15,x4	 x15:0xfffff84f  x4:0x00000001  x1=0x00000001
       28525000	      2851	80001aec	027fcc63	blt	x31,x7,80001b24	 x31:0x80009f60  x7:0x397fbd93
       28535000	      2852	00000000	00000013	addi	x0,x0,0	  x0:0x00000000
       28545000	      2853	80001b20	00000013	addi	x0,x0,0	  x0:0x00000000
       28555000	      2854	80001b24	00d4c433	xor	x8,x9,x13	  x9:0x80009f36 x13:0x00000001  x8=0x80009f37
       28565000	      2855	80001b28	c9493817	auipc	x16,0xc9493	 x16=0x49494b24
       28575000	      2856	80001b2c	e830ec13	ori	x24,x1,-381	  x1:0x00000001 x24=0xfffffe83
       28585000	      2857	80001b30	181012b7	lui	x5,0x18101	  x5=0x18101000
       28595000	      2858	80001b34	01cdc1b3	xor	x3,x27,x28	 x27:0x80009fc4 x28:0xc6804389  x3=0x4680dc4d
       28605000	      2859	80001b38	404b5293	srai	x5,x22,0x4	 x22:0x00000001  x5=0x00000000
       28615000	      2860	80001b3c	011b70b3	and	x1,x22,x17	 x22:0x00000001 x17:0xdde57ad4  x1=0x00000000
       28625000	      2861	80001b40	01231513	slli	x10,x6,0x12	  x6:0x00000000 x10=0x00000000
       28635000	      2862	80001b44	00741913	slli	x18,x8,0x7	  x8:0x80009f37 x18=0x004f9b80
       28645000	      2863	80001b48	5a21e113	ori	x2,x3,1442	  x3:0x4680dc4d  x2=0x4680ddef
       28655000	      2864	80001b4c	004fa603	lw	x12,4(x31)	 x31:0x80009f60 x12=0x80000378 PA:0x80009f64
       28665000	      2865	80001b50	024f8f93	addi	x31,x31,36	 x31:0x80009f60 x31=0x80009f84
       28675000	      2866	80001b54	088a4b13	xori	x22,x20,136	 x20:0x00000000 x22=0x00000088
       28685000	      2867	80001b58	00160d13	addi	x26,x12,1	 x12:0x80000378 x26=0x80000379
       28695000	      2868	80001b5c	000d0d67	jalr	x26,x26,0	 x26:0x80000379 x26=0x80001b5c
       28705000	      2869	00000000	00000013	addi	x0,x0,0	  x0:0x00000000
       28715000	      2870	80000378	00000013	addi	x0,x0,0	  x0:0x00000000
       28725000	      2871	8000037c	014451b3	srl	x3,x8,x20	  x8:0x80009f37 x20:0x00000000  x3=0x80009f37
       28735000	      2872	80000380	0049e733	or	x14,x19,x4	 x19:0x40004fb0  x4:0x00000001 x14=0x40004fb1
       28745000	      2873	80000384	ba518113	addi	x2,x3,-1115	  x3:0x80009f37  x2=0x80009adc
       28755000	      2874	80000388	40960433	sub	x8,x12,x9	 x12:0x80000378  x9:0x80009f36  x8=0xffff6442
       28765000	      2875	8000038c	f753bb13	sltiu	x22,x7,-139	  x7:0x397fbd93 x22=0x00000001
       28775000	      2876	80000390	50723e13	sltiu	x28,x4,1287	  x4:0x00000001 x28=0x00000001
       28785000	      2877	80000394	5d840c93	addi	x25,x8,1496	  x8:0xffff6442 x25=0xffff6a1a
       28795000	      2878	80000398	649ab713	sltiu	x14,x21,1609	 x21:0x80000000 x14=0x00000000
       28805000	      2879	8000039c	883ab893	sltiu	x17,x21,-1917	 x21:0x80000000 x17=0x00000001
       28815000	      2880	800003a0	0155b8b3	sltu	x17,x11,x21	 x11:0x00000000 x21:0x80000000 x17=0x00000001
       28825000	      2881	800003a4	03604263	blt	x0,x22,800003c8	  x0:0x00000000 x22:0x00000001
       28835000	      2882	00000000	00000013	addi	x0,x0,0	  x0:0x00000000
       28845000	      2883	800003c4	00000013	addi	x0,x0,0	  x0:0x00000000
       28855000	      2884	800003c8	01bcd1b3	srl	x3,x25,x27	 x25:0xffff6a1a x27:0x80009fc4  x3=0x0ffff6a1
       28865000	      2885	800003cc	21172493	slti	x9,x14,529	 x14:0x00000000  x9=0x00000001
       28875000	      2886	800003d0	406c88b3	sub	x17,x25,x6	 x25:0xffff6a1a  x6:0x00000000 x17=0xffff6a1a
       28885000	      2887	800003d4	3ed0f613	andi	x12,x1,1005	  x1:0x00000000 x12=0x00000000
       28895000	      2888	800003d8	033f1463	bne	x30,x19,80000400	 x30:0x00000000 x19:0x40004fb0
       28905000	      2889	00000000	00000013	addi	x0,x0,0	  x0:0x00000000
       28915000	      2890	800003fc	00000013	addi	x0,x0,0	  x0:0x00000000
       28925000	      2891	80000400	40180033	sub	x0,x16,x1	 x16:0x49494b24  x1:0x00000000
       28935000	      2892	80000404	01203133	sltu	x2,x0,x18	  x0:0x00000000 x18:0x004f9b80  x2=0x00000001
       28945000	      2893	80000408	00000a97	auipc	x21,0x0	 x21=0x80000404
       28955000	      2894	8000040c	00ca8a93	addi	x21,x21,12	 x21:0x80000404 x21=0x80000410
       28965000	      2895	80000410	000a8067	jalr	x0,x21,0	 x21:0x80000410
       28975000	      2896	00000000	00000013	addi	x0,x0,0	  x0:0x00000000
       28985000	      2897	80000410	00000013	addi	x0,x0,0	  x0:0x00000000
       28995000	      2898	80000414	00100193	addi	x3,x0,1	  x0:0x00000000  x3=0x00000001
       29005000	      2899	80000418	00000073	ecall	
       29015000	      2900	8000041c	fdcf8f93	addi	x31,x31,-36	 x31:0x80009f84 x31=0x80009f60
