		Time			Cycle	PC		Insn	Decoded instruction	Register and memory contents
          65000	         5	80000004	00000293	addi	x5,x0,0	  x0:0x00000000  x5=0x00000000
          75000	         6	80000008	00000313	addi	x6,x0,0	  x0:0x00000000  x6=0x00000000
          85000	         7	8000000c	00628263	beq	x5,x6,80000010	  x5:0x00000000  x6:0x00000000
          95000	         8	00000000	00000013	addi	x0,x0,0	  x0:0x00000000
         105000	         9	8000000c	00000013	addi	x0,x0,0	  x0:0x00000000
         115000	        10	80000010	00000e17	auipc	x28,0x0	 x28=0x8000000c
         125000	        11	80000014	00ce0e13	addi	x28,x28,12	 x28:0x8000000c x28=0x80000018
         135000	        12	80000018	000e0067	jalr	x0,x28,0	 x28:0x80000018
         145000	        13	00000000	00000013	addi	x0,x0,0	  x0:0x00000000
         155000	        14	80000018	00000013	addi	x0,x0,0	  x0:0x00000000
         165000	        15	8000001c	40000a37	lui	x20,0x40000	 x20=0x40000000
         175000	        16	80000020	100a0a13	addi	x20,x20,256	 x20:0x40000000 x20=0x40000100
         185000	        17	80000024	00000013	addi	x0,x0,0	  x0:0x00000000
         195000	        18	80000028	0000ad97	auipc	x27,0xa	 x27=0x8000a024
         205000	        19	8000002c	fa0d8d93	addi	x27,x27,-96	 x27:0x8000a024 x27=0x80009fc4
         215000	        20	80000030	00002a17	auipc	x20,0x2	 x20=0x8000202c
         225000	        21	80000034	f00a0a13	addi	x20,x20,-256	 x20:0x8000202c x20=0x80001f2c
         235000	        22	80000038	000a6a13	ori	x20,x20,0	 x20:0x80001f2c x20=0x80001f2c
         245000	        23	8000003c	00000013	addi	x0,x0,0	  x0:0x00000000
         255000	        24	80000040	00000a17	auipc	x20,0x0	 x20=0x8000003c
         265000	        25	80000044	020a0a13	addi	x20,x20,32	 x20:0x8000003c x20=0x8000005c
         275000	        26	80000048	00000013	addi	x0,x0,0	  x0:0x00000000
         285000	        27	8000004c	00000013	addi	x0,x0,0	  x0:0x00000000
         295000	        28	80000050	00002a37	lui	x20,0x2	 x20=0x00002000
         305000	        29	80000054	800a0a13	addi	x20,x20,-2048	 x20:0x00002000 x20=0x00001800
         315000	        30	80000058	00000013	addi	x0,x0,0	  x0:0x00000000
         325000	        31	8000005c	00000013	addi	x0,x0,0	  x0:0x00000000
         335000	        32	80000060	55053037	lui	x0,0x55053	
         345000	        33	80000064	7e900013	addi	x0,x0,2025	  x0:0x00000000
         355000	        34	80000068	deb390b7	lui	x1,0xdeb39	  x1=0xdeb39000
         365000	        35	8000006c	ddc08093	addi	x1,x1,-548	  x1:0xdeb39000  x1=0xdeb38ddc
         375000	        36	80000070	80000137	lui	x2,0x80000	  x2=0x80000000
         385000	        37	80000074	00000193	addi	x3,x0,0	  x0:0x00000000  x3=0x00000000
         395000	        38	80000078	00600213	addi	x4,x0,6	  x0:0x00000000  x4=0x00000006
         405000	        39	8000007c	6c84a2b7	lui	x5,0x6c84a	  x5=0x6c84a000
         415000	        40	80000080	fac28293	addi	x5,x5,-84	  x5:0x6c84a000  x5=0x6c849fac
         425000	        41	80000084	80000337	lui	x6,0x80000	  x6=0x80000000
         435000	        42	80000088	ca2553b7	lui	x7,0xca255	  x7=0xca255000
         445000	        43	8000008c	35a38393	addi	x7,x7,858	  x7:0xca255000  x7=0xca25535a
         455000	        44	80000090	f470d437	lui	x8,0xf470d	  x8=0xf470d000
         465000	        45	80000094	5b240413	addi	x8,x8,1458	  x8:0xf470d000  x8=0xf470d5b2
         475000	        46	80000098	00000493	addi	x9,x0,0	  x0:0x00000000  x9=0x00000000
         485000	        47	8000009c	80000537	lui	x10,0x80000	 x10=0x80000000
         495000	        48	800000a0	ff45d5b7	lui	x11,0xff45d	 x11=0xff45d000
         505000	        49	800000a4	d5258593	addi	x11,x11,-686	 x11:0xff45d000 x11=0xff45cd52
         515000	        50	800000a8	00000613	addi	x12,x0,0	  x0:0x00000000 x12=0x00000000
         525000	        51	800000ac	80000737	lui	x14,0x80000	 x14=0x80000000
         535000	        52	800000b0	00000793	addi	x15,x0,0	  x0:0x00000000 x15=0x00000000
         545000	        53	800000b4	f436d837	lui	x16,0xf436d	 x16=0xf436d000
         555000	        54	800000b8	72280813	addi	x16,x16,1826	 x16:0xf436d000 x16=0xf436d722
         565000	        55	800000bc	d50c18b7	lui	x17,0xd50c1	 x17=0xd50c1000
         575000	        56	800000c0	7df88893	addi	x17,x17,2015	 x17:0xd50c1000 x17=0xd50c17df
         585000	        57	800000c4	80000937	lui	x18,0x80000	 x18=0x80000000
         595000	        58	800000c8	f32d79b7	lui	x19,0xf32d7	 x19=0xf32d7000
         605000	        59	800000cc	18b98993	addi	x19,x19,395	 x19:0xf32d7000 x19=0xf32d718b
         615000	        60	800000d0	00300a13	addi	x20,x0,3	  x0:0x00000000 x20=0x00000003
         625000	        61	800000d4	00000a93	addi	x21,x0,0	  x0:0x00000000 x21=0x00000000
         635000	        62	800000d8	fd2c5b37	lui	x22,0xfd2c5	 x22=0xfd2c5000
         645000	        63	800000dc	e09b0b13	addi	x22,x22,-503	 x22:0xfd2c5000 x22=0xfd2c4e09
         655000	        64	800000e0	00200b93	addi	x23,x0,2	  x0:0x00000000 x23=0x00000002
         665000	        65	800000e4	00000c13	addi	x24,x0,0	  x0:0x00000000 x24=0x00000000
         675000	        66	800000e8	00100c93	addi	x25,x0,1	  x0:0x00000000 x25=0x00000001
         685000	        67	800000ec	00100d13	addi	x26,x0,1	  x0:0x00000000 x26=0x00000001
         695000	        68	800000f0	f193de37	lui	x28,0xf193d	 x28=0xf193d000
         705000	        69	800000f4	93ce0e13	addi	x28,x28,-1732	 x28:0xf193d000 x28=0xf193c93c
         715000	        70	800000f8	ecb22eb7	lui	x29,0xecb22	 x29=0xecb22000
         725000	        71	800000fc	203e8e93	addi	x29,x29,515	 x29:0xecb22000 x29=0xecb22203
         735000	        72	80000100	00000f13	addi	x30,x0,0	  x0:0x00000000 x30=0x00000000
         745000	        73	80000104	fcf52fb7	lui	x31,0xfcf52	 x31=0xfcf52000
         755000	        74	80000108	fd6f8f93	addi	x31,x31,-42	 x31:0xfcf52000 x31=0xfcf51fd6
         765000	        75	8000010c	0000a697	auipc	x13,0xa	 x13=0x8000a108
         775000	        76	80000110	e7c68693	addi	x13,x13,-388	 x13:0x8000a108 x13=0x80009f84
         785000	        77	80000114	00009117	auipc	x2,0x9	  x2=0x80009110
         795000	        78	80000118	d1b10113	addi	x2,x2,-741	  x2:0x80009110  x2=0x80008e2b
         805000	        79	8000011c	eba0e413	ori	x8,x1,-326	  x1:0xdeb38ddc  x8=0xfffffffe
         815000	        80	80000120	01e104a3	sb	x30,9(x2)	  x2:0x80008e2b x30:0x00000000 PA:0x80008e34
         825000	        81	80000124	ffc10f83	lb	x31,-4(x2)	  x2:0x80008e2b x31=0x00000000 PA:0x80008e27
         835000	        82	80000128	00a10a03	lb	x20,10(x2)	  x2:0x80008e2b x20=0x00000000 PA:0x80008e35
         845000	        83	8000012c	0def4293	xori	x5,x30,222	 x30:0x00000000  x5=0x000000de
         855000	        84	80000130	00814c83	lbu	x25,8(x2)	  x2:0x80008e2b x25=0x00000000 PA:0x80008e33
         865000	        85	80000134	ff710303	lb	x6,-9(x2)	  x2:0x80008e2b  x6=0x00000000 PA:0x80008e22
         875000	        86	80000138	00410c03	lb	x24,4(x2)	  x2:0x80008e2b x24=0x00000000 PA:0x80008e2f
         885000	        87	8000013c	b141b513	sltiu	x10,x3,-1260	  x3:0x00000000 x10=0x00000001
         895000	        88	80000140	0080b033	sltu	x0,x1,x8	  x1:0xdeb38ddc  x8:0xfffffffe
         905000	        89	80000144	4eb85517	auipc	x10,0x4eb85	 x10=0xceb85140
         915000	        90	80000148	00d10123	sb	x13,2(x2)	  x2:0x80008e2b x13:0x80009f84 PA:0x80008e2d
         925000	        91	8000014c	01181eb3	sll	x29,x16,x17	 x16:0xf436d722 x17:0xd50c17df x29=0x00000000
         935000	        92	80000150	66900593	addi	x11,x0,1641	  x0:0x00000000 x11=0x00000669
         945000	        93	80000154	ff515183	lhu	x3,-11(x2)	  x2:0x80008e2b  x3=0x00000000 PA:0x80008e20
         955000	        94	80000158	002c3c33	sltu	x24,x24,x2	 x24:0x00000000  x2:0x80008e2b x24=0x00000001
         965000	        95	8000015c	fee10b23	sb	x14,-10(x2)	  x2:0x80008e2b x14:0x80000000 PA:0x80008e21
         975000	        96	80000160	00b112a3	sh	x11,5(x2)	  x2:0x80008e2b x11:0x00000669 PA:0x80008e30
         985000	        97	80000164	01584cb3	xor	x25,x16,x21	 x16:0xf436d722 x21:0x00000000 x25=0xf436d722
         995000	        98	80000168	00911483	lh	x9,9(x2)	  x2:0x80008e2b  x9=0x00000000 PA:0x80008e34
        1005000	        99	8000016c	00014e83	lbu	x29,0(x2)	  x2:0x80008e2b x29=0x00000000 PA:0x80008e2b
        1015000	       100	80000170	fea128a3	sw	x10,-15(x2)	  x2:0x80008e2b x10:0xceb85140 PA:0x80008e1c
        1025000	       101	80000174	00c10403	lb	x8,12(x2)	  x2:0x80008e2b  x8=0x00000000 PA:0x80008e37
        1035000	       102	80000178	018cd833	srl	x16,x25,x24	 x25:0xf436d722 x24:0x00000001 x16=0x7a1b6b91
        1045000	       103	8000017c	004e5713	srli	x14,x28,0x4	 x28:0xf193c93c x14=0x0f193c93
        1055000	       104	80000180	00c14403	lbu	x8,12(x2)	  x2:0x80008e2b  x8=0x00000000 PA:0x80008e37
        1065000	       105	80000184	e5383613	sltiu	x12,x16,-429	 x16:0x7a1b6b91 x12=0x00000001
        1075000	       106	80000188	016106a3	sb	x22,13(x2)	  x2:0x80008e2b x22:0xfd2c4e09 PA:0x80008e38
        1085000	       107	8000018c	ff414083	lbu	x1,-12(x2)	  x2:0x80008e2b  x1=0x000000ce PA:0x80008e1f
        1095000	       108	80000190	ffa14c03	lbu	x24,-6(x2)	  x2:0x80008e2b x24=0x00000000 PA:0x80008e25
        1105000	       109	80000194	bab34413	xori	x8,x6,-1109	  x6:0x00000000  x8=0xfffffbab
        1115000	       110	80000198	ffd11a03	lh	x20,-3(x2)	  x2:0x80008e2b x20=0x00000000 PA:0x80008e28
        1125000	       111	8000019c	00000013	addi	x0,x0,0	  x0:0x00000000
        1135000	       112	800001a0	00fba0b3	slt	x1,x23,x15	 x23:0x00000002 x15:0x00000000  x1=0x00000000
        1145000	       113	800001a4	006bceb3	xor	x29,x23,x6	 x23:0x00000002  x6:0x00000000 x29=0x00000002
        1155000	       114	800001a8	fff14703	lbu	x14,-1(x2)	  x2:0x80008e2b x14=0x00000000 PA:0x80008e2a
        1165000	       115	800001ac	ffa10603	lb	x12,-6(x2)	  x2:0x80008e2b x12=0x00000000 PA:0x80008e25
        1175000	       116	800001b0	74a49c17	auipc	x24,0x74a49	 x24=0xf4a491ac
        1185000	       117	800001b4	005dd333	srl	x6,x27,x5	 x27:0x80009fc4  x5:0x000000de  x6=0x00000002
        1195000	       118	800001b8	404ad733	sra	x14,x21,x4	 x21:0x00000000  x4:0x00000006 x14=0x00000000
        1205000	       119	800001bc	00a10023	sb	x10,0(x2)	  x2:0x80008e2b x10:0xceb85140 PA:0x80008e2b
        1215000	       120	800001c0	4a07b993	sltiu	x19,x15,1184	 x15:0x00000000 x19=0x00000001
        1225000	       121	800001c4	006f1593	slli	x11,x30,0x6	 x30:0x00000000 x11=0x00000000
        1235000	       122	800001c8	00396733	or	x14,x18,x3	 x18:0x80000000  x3:0x00000000 x14=0x80000000
        1245000	       123	800001cc	fe210823	sb	x2,-16(x2)	  x2:0x80008e2b  x2:0x80008e2b PA:0x80008e1b
        1255000	       124	800001d0	c4f62713	slti	x14,x12,-945	 x12:0x00000000 x14=0x00000000
        1265000	       125	800001d4	ffa10183	lb	x3,-6(x2)	  x2:0x80008e2b  x3=0x00000000 PA:0x80008e25
        1275000	       126	800001d8	fe110d23	sb	x1,-6(x2)	  x2:0x80008e2b  x1:0x00000000 PA:0x80008e25
        1285000	       127	800001dc	00310623	sb	x3,12(x2)	  x2:0x80008e2b  x3:0x00000000 PA:0x80008e37
        1295000	       128	800001e0	fed10f23	sb	x13,-2(x2)	  x2:0x80008e2b x13:0x80009f84 PA:0x80008e29
        1305000	       129	800001e4	00000013	addi	x0,x0,0	  x0:0x00000000
        1315000	       130	800001e8	ff711583	lh	x11,-9(x2)	  x2:0x80008e2b x11=0x00000000 PA:0x80008e22
        1325000	       131	800001ec	00009117	auipc	x2,0x9	  x2=0x800091e8
        1335000	       132	800001f0	c9f10113	addi	x2,x2,-865	  x2:0x800091e8  x2=0x80008e87
        1345000	       133	800001f4	e4a10a03	lb	x20,-438(x2)	  x2:0x80008e87 x20=0x00000000 PA:0x80008cd1
        1355000	       134	800001f8	b1010c23	sb	x16,-1256(x2)	  x2:0x80008e87 x16:0x7a1b6b91 PA:0x8000899f
        1365000	       135	800001fc	06830c93	addi	x25,x6,104	  x6:0x00000002 x25=0x0000006a
        1375000	       136	80000200	01581fb3	sll	x31,x16,x21	 x16:0x7a1b6b91 x21:0x00000000 x31=0x7a1b6b91
        1385000	       137	80000204	54237c17	auipc	x24,0x54237	 x24=0xd4237200
        1395000	       138	80000208	002e9313	slli	x6,x29,0x2	 x29:0x00000002  x6=0x00000008
        1405000	       139	8000020c	dbd11c83	lh	x25,-579(x2)	  x2:0x80008e87 x25=0x00000000 PA:0x80008c44
        1415000	       140	80000210	014803b3	add	x7,x16,x20	 x16:0x7a1b6b91 x20:0x00000000  x7=0x7a1b6b91
        1425000	       141	80000214	010ebd33	sltu	x26,x29,x16	 x29:0x00000002 x16:0x7a1b6b91 x26=0x00000001
        1435000	       142	80000218	c28128a3	sw	x8,-975(x2)	  x2:0x80008e87  x8:0xfffffbab PA:0x80008ab8
        1445000	       143	8000021c	dcf11803	lh	x16,-561(x2)	  x2:0x80008e87 x16=0x00000000 PA:0x80008c56
        1455000	       144	80000220	ba3128a3	sw	x3,-1103(x2)	  x2:0x80008e87  x3:0x00000000 PA:0x80008a38
        1465000	       145	80000224	00eff433	and	x8,x31,x14	 x31:0x7a1b6b91 x14:0x00000000  x8=0x00000000
        1475000	       146	80000228	419edb33	sra	x22,x29,x25	 x29:0x00000002 x25:0x00000000 x22=0x00000002
        1485000	       147	8000022c	01675633	srl	x12,x14,x22	 x14:0x00000000 x22:0x00000002 x12=0x00000000
        1495000	       148	80000230	f6510323	sb	x5,-154(x2)	  x2:0x80008e87  x5:0x000000de PA:0x80008ded
        1505000	       149	80000234	b99a4413	xori	x8,x20,-1127	 x20:0x00000000  x8=0xfffffb99
        1515000	       150	80000238	0f610b83	lb	x23,246(x2)	  x2:0x80008e87 x23=0x00000000 PA:0x80008f7d
        1525000	       151	8000023c	0cc38993	addi	x19,x7,204	  x7:0x7a1b6b91 x19=0x7a1b6c5d
        1535000	       152	80000240	012f2533	slt	x10,x30,x18	 x30:0x00000000 x18:0x80000000 x10=0x00000000
        1545000	       153	80000244	009b1913	slli	x18,x22,0x9	 x22:0x00000002 x18=0x00000400
        1555000	       154	80000248	a4b10503	lb	x10,-1461(x2)	  x2:0x80008e87 x10=0x00000000 PA:0x800088d2
        1565000	       155	8000024c	ea610723	sb	x6,-338(x2)	  x2:0x80008e87  x6:0x00000008 PA:0x80008d35
        1575000	       156	80000250	de414f83	lbu	x31,-540(x2)	  x2:0x80008e87 x31=0x00000000 PA:0x80008c6b
        1585000	       157	80000254	f7e14383	lbu	x7,-130(x2)	  x2:0x80008e87  x7=0x00000000 PA:0x80008e05
        1595000	       158	80000258	00d88933	add	x18,x17,x13	 x17:0xd50c17df x13:0x80009f84 x18=0x550cb763
        1605000	       159	8000025c	011bd093	srli	x1,x23,0x11	 x23:0x00000000  x1=0x00000000
        1615000	       160	80000260	c6a10b03	lb	x22,-918(x2)	  x2:0x80008e87 x22=0x00000000 PA:0x80008af1
        1625000	       161	00000000	00000013	addi	x0,x0,0	  x0:0x00000000
        1635000	       162	80000264	d5db6313	ori	x6,x22,-675	 x22:0x00000000  x6=0xfffffd5d
        1645000	       163	80000268	0056fab3	and	x21,x13,x5	 x13:0x80009f84  x5:0x000000de x21=0x00000084
        1655000	       164	8000026c	ced14d03	lbu	x26,-787(x2)	  x2:0x80008e87 x26=0x00000000 PA:0x80008b74
        1665000	       165	80000270	008e1813	slli	x16,x28,0x8	 x28:0xf193c93c x16=0x93c93c00
        1675000	       166	80000274	e1d3c793	xori	x15,x7,-483	  x7:0x00000000 x15=0xfffffe1d
        1685000	       167	80000278	15951037	lui	x0,0x15951	
        1695000	       168	8000027c	409107b3	sub	x15,x2,x9	  x2:0x80008e87  x9:0x00000000 x15=0x80008e87
        1705000	       169	80000280	bfd14283	lbu	x5,-1027(x2)	  x2:0x80008e87  x5=0x00000000 PA:0x80008a84
        1715000	       170	80000284	415e55b3	sra	x11,x28,x21	 x28:0xf193c93c x21:0x00000084 x11=0xff193c93
        1725000	       171	80000288	003590b3	sll	x1,x11,x3	 x11:0xff193c93  x3:0x00000000  x1=0xff193c93
        1735000	       172	8000028c	b2710a83	lb	x21,-1241(x2)	  x2:0x80008e87 x21=0x00000000 PA:0x800089ae
        1745000	       173	80000290	f06db493	sltiu	x9,x27,-250	 x27:0x80009fc4  x9=0x00000001
        1755000	       174	80000294	d4810403	lb	x8,-696(x2)	  x2:0x80008e87  x8=0x00000000 PA:0x80008bcf
        1765000	       175	80000298	cec10483	lb	x9,-788(x2)	  x2:0x80008e87  x9=0x00000000 PA:0x80008b73
        1775000	       176	8000029c	00579c13	slli	x24,x15,0x5	 x15:0x80008e87 x24=0x0011d0e0
        1785000	       177	800002a0	00000013	addi	x0,x0,0	  x0:0x00000000
        1795000	       178	800002a4	00796733	or	x14,x18,x7	 x18:0x550cb763  x7:0x00000000 x14=0x550cb763
        1805000	       179	800002a8	018ce7b3	or	x15,x25,x24	 x25:0x00000000 x24:0x0011d0e0 x15=0x0011d0e0
        1815000	       180	800002ac	bf115783	lhu	x15,-1039(x2)	  x2:0x80008e87 x15=0x00000000 PA:0x80008a78
        1825000	       181	800002b0	844c8013	addi	x0,x25,-1980	 x25:0x00000000
        1835000	       182	800002b4	f9a10603	lb	x12,-102(x2)	  x2:0x80008e87 x12=0x00000000 PA:0x80008e21
        1845000	       183	800002b8	08614603	lbu	x12,134(x2)	  x2:0x80008e87 x12=0x00000000 PA:0x80008f0d
        1855000	       184	800002bc	00008717	auipc	x14,0x8	 x14=0x800082b8
        1865000	       185	800002c0	37370713	addi	x14,x14,883	 x14:0x800082b8 x14=0x8000862b
        1875000	       186	800002c4	f8270383	lb	x7,-126(x14)	 x14:0x8000862b  x7=0x00000000 PA:0x800085ad
        1885000	       187	800002c8	008b1f33	sll	x30,x22,x8	 x22:0x00000000  x8:0x00000000 x30=0x00000000
        1895000	       188	800002cc	414302b3	sub	x5,x6,x20	  x6:0xfffffd5d x20:0x00000000  x5=0xfffffd5d
        1905000	       189	800002d0	fbb74603	lbu	x12,-69(x14)	 x14:0x8000862b x12=0x00000000 PA:0x800085e6
        1915000	       190	800002d4	04a74183	lbu	x3,74(x14)	 x14:0x8000862b  x3=0x00000000 PA:0x80008675
        1925000	       191	800002d8	d2f8bc93	sltiu	x25,x17,-721	 x17:0xd50c17df x25=0x00000001
        1935000	       192	800002dc	fe270503	lb	x10,-30(x14)	 x14:0x8000862b x10=0x00000000 PA:0x8000860d
        1945000	       193	800002e0	00ec8c33	add	x24,x25,x14	 x25:0x00000001 x14:0x8000862b x24=0x8000862c
        1955000	       194	800002e4	00000013	addi	x0,x0,0	  x0:0x00000000
        1965000	       195	800002e8	01310a33	add	x20,x2,x19	  x2:0x80008e87 x19:0x7a1b6c5d x20=0xfa1bfae4
        1975000	       196	800002ec	00597133	and	x2,x18,x5	 x18:0x550cb763  x5:0xfffffd5d  x2=0x550cb541
        1985000	       197	800002f0	b2d2ce93	xori	x29,x5,-1235	  x5:0xfffffd5d x29=0x00000670
        1995000	       198	800002f4	f8874083	lbu	x1,-120(x14)	 x14:0x8000862b  x1=0x00000000 PA:0x800085b3
        2005000	       199	800002f8	000017b3	sll	x15,x0,x0	  x0:0x00000000  x0:0x00000000 x15=0x00000000
        2015000	       200	800002fc	f6a70423	sb	x10,-152(x14)	 x14:0x8000862b x10:0x00000000 PA:0x80008593
        2025000	       201	80000300	00c2dab3	srl	x21,x5,x12	  x5:0xfffffd5d x12:0x00000000 x21=0xfffffd5d
        2035000	       202	80000304	0c074083	lbu	x1,192(x14)	 x14:0x8000862b  x1=0x00000000 PA:0x800086eb
        2045000	       203	80000308	f3770103	lb	x2,-201(x14)	 x14:0x8000862b  x2=0x00000000 PA:0x80008562
        2055000	       204	8000030c	eb76ab13	slti	x22,x13,-329	 x13:0x80009f84 x22=0x00000001
        2065000	       205	80000310	01ecd0b3	srl	x1,x25,x30	 x25:0x00000001 x30:0x00000000  x1=0x00000001
        2075000	       206	80000314	0170c0b3	xor	x1,x1,x23	  x1:0x00000001 x23:0x00000000  x1=0x00000001
        2085000	       207	80000318	0fe74883	lbu	x17,254(x14)	 x14:0x8000862b x17=0x00000000 PA:0x80008729
        2095000	       208	8000031c	f15717a3	sh	x21,-241(x14)	 x14:0x8000862b x21:0xfffffd5d PA:0x8000853a
        2105000	       209	80000320	00db1fb3	sll	x31,x22,x13	 x22:0x00000001 x13:0x80009f84 x31=0x00000010
        2115000	       210	80000324	d7ea8493	addi	x9,x21,-642	 x21:0xfffffd5d  x9=0xfffffadb
        2125000	       211	80000328	db282ab7	lui	x21,0xdb282	 x21=0xdb282000
        2135000	       212	8000032c	ffd705a3	sb	x29,-21(x14)	 x14:0x8000862b x29:0x00000670 PA:0x80008616
        2145000	       213	80000330	fb770403	lb	x8,-73(x14)	 x14:0x8000862b  x8=0x00000000 PA:0x800085e2
        2155000	       214	80000334	41730eb3	sub	x29,x6,x23	  x6:0xfffffd5d x23:0x00000000 x29=0xfffffd5d
        2165000	       215	80000338	0f070903	lb	x18,240(x14)	 x14:0x8000862b x18=0x00000000 PA:0x8000871b
        2175000	       216	00000000	00000013	addi	x0,x0,0	  x0:0x00000000
        2185000	       217	8000033c	fb2722a3	sw	x18,-91(x14)	 x14:0x8000862b x18:0x00000000 PA:0x800085d0
        2195000	       218	80000340	02270003	lb	x0,34(x14)	 x14:0x8000862b PA:0x8000864d
        2205000	       219	80000344	fe370323	sb	x3,-26(x14)	 x14:0x8000862b  x3:0x00000000 PA:0x80008611
        2215000	       220	80000348	f1e74983	lbu	x19,-226(x14)	 x14:0x8000862b x19=0x00000000 PA:0x80008549
        2225000	       221	8000034c	01dbb0b3	sltu	x1,x23,x29	 x23:0x00000000 x29:0xfffffd5d  x1=0x00000001
        2235000	       222	80000350	03c722a3	sw	x28,37(x14)	 x14:0x8000862b x28:0xf193c93c PA:0x80008650
        2245000	       223	80000354	09170e23	sb	x17,156(x14)	 x14:0x8000862b x17:0x00000000 PA:0x800086c7
        2255000	       224	80000358	40425c93	srai	x25,x4,0x4	  x4:0x00000006 x25=0x00000000
        2265000	       225	8000035c	08b74583	lbu	x11,139(x14)	 x14:0x8000862b x11=0x00000000 PA:0x800086b6
        2275000	       226	80000360	081705a3	sb	x1,139(x14)	 x14:0x8000862b  x1:0x00000001 PA:0x800086b6
        2285000	       227	80000364	f7670803	lb	x16,-138(x14)	 x14:0x8000862b x16=0x00000000 PA:0x800085a1
        2295000	       228	80000368	00009117	auipc	x2,0x9	  x2=0x80009364
        2305000	       229	8000036c	a1810113	addi	x2,x2,-1512	  x2:0x80009364  x2=0x80008d7c
        2315000	       230	80000370	40d20f33	sub	x30,x4,x13	  x4:0x00000006 x13:0x80009f84 x30=0x7fff6082
        2325000	       231	80000374	7bd7a213	slti	x4,x15,1981	 x15:0x00000000  x4=0x00000001
        2335000	       232	80000378	0fa15b03	lhu	x22,250(x2)	  x2:0x80008d7c x22=0x00000000 PA:0x80008e76
        2345000	       233	8000037c	41075993	srai	x19,x14,0x10	 x14:0x8000862b x19=0xffff8000
        2355000	       234	80000380	00bb5f93	srli	x31,x22,0xb	 x22:0x00000000 x31=0x00000000
        2365000	       235	80000384	c1310583	lb	x11,-1005(x2)	  x2:0x80008d7c x11=0x00000000 PA:0x8000898f
        2375000	       236	00000000	00000013	addi	x0,x0,0	  x0:0x00000000
        2385000	       237	80000388	00bc1033	sll	x0,x24,x11	 x24:0x8000862c x11:0x00000000
        2395000	       238	8000038c	b1110c03	lb	x24,-1263(x2)	  x2:0x80008d7c x24=0x00000000 PA:0x8000888d
        2405000	       239	80000390	fa310283	lb	x5,-93(x2)	  x2:0x80008d7c  x5=0x00000000 PA:0x80008d1f
        2415000	       240	80000394	00687633	and	x12,x16,x6	 x16:0x00000000  x6:0xfffffd5d x12=0x00000000
        2425000	       241	80000398	b2110783	lb	x15,-1247(x2)	  x2:0x80008d7c x15=0x00000000 PA:0x8000889d
        2435000	       242	8000039c	c1012c03	lw	x24,-1008(x2)	  x2:0x80008d7c x24=0x00000000 PA:0x8000898c
        2445000	       243	800003a0	00000013	addi	x0,x0,0	  x0:0x00000000
        2455000	       244	800003a4	cfb105a3	sb	x27,-789(x2)	  x2:0x80008d7c x27:0x80009fc4 PA:0x80008a67
        2465000	       245	800003a8	11d14783	lbu	x15,285(x2)	  x2:0x80008d7c x15=0x00000000 PA:0x80008e99
        2475000	       246	800003ac	00449593	slli	x11,x9,0x4	  x9:0xfffffadb x11=0xffffadb0
        2485000	       247	800003b0	04214283	lbu	x5,66(x2)	  x2:0x80008d7c  x5=0x00000000 PA:0x80008dbe
        2495000	       248	800003b4	00000013	addi	x0,x0,0	  x0:0x00000000
        2505000	       249	800003b8	00000013	addi	x0,x0,0	  x0:0x00000000
        2515000	       250	800003bc	b8514303	lbu	x6,-1147(x2)	  x2:0x80008d7c  x6=0x00000000 PA:0x80008901
        2525000	       251	800003c0	8c85f097	auipc	x1,0x8c85f	  x1=0x0c85f3bc
        2535000	       252	800003c4	c5d10303	lb	x6,-931(x2)	  x2:0x80008d7c  x6=0x00000000 PA:0x800089d9
        2545000	       253	800003c8	d7b5c713	xori	x14,x11,-645	 x11:0xffffadb0 x14=0x000050cb
        2555000	       254	800003cc	0d811a23	sh	x24,212(x2)	  x2:0x80008d7c x24:0x00000000 PA:0x80008e50
        2565000	       255	800003d0	0087dc33	srl	x24,x15,x8	 x15:0x00000000  x8:0x00000000 x24=0x00000000
        2575000	       256	800003d4	bd30cc93	xori	x25,x1,-1069	  x1:0x0c85f3bc x25=0xf37a086f
        2585000	       257	800003d8	01071293	slli	x5,x14,0x10	 x14:0x000050cb  x5=0x50cb0000
        2595000	       258	800003dc	000e8cb3	add	x25,x29,x0	 x29:0xfffffd5d  x0:0x00000000 x25=0xfffffd5d
        2605000	       259	800003e0	01238a33	add	x20,x7,x18	  x7:0x00000000 x18:0x00000000 x20=0x00000000
        2615000	       260	800003e4	0053fcb3	and	x25,x7,x5	  x7:0x00000000  x5:0x50cb0000 x25=0x00000000
        2625000	       261	800003e8	009ad593	srli	x11,x21,0x9	 x21:0xdb282000 x11=0x006d9410
        2635000	       262	800003ec	00ee07b3	add	x15,x28,x14	 x28:0xf193c93c x14:0x000050cb x15=0xf1941a07
        2645000	       263	800003f0	bc412823	sw	x4,-1072(x2)	  x2:0x80008d7c  x4:0x00000001 PA:0x8000894c
        2655000	       264	800003f4	0ed102a3	sb	x13,229(x2)	  x2:0x80008d7c x13:0x80009f84 PA:0x80008e61
        2665000	       265	800003f8	1872ba13	sltiu	x20,x5,391	  x5:0x50cb0000 x20=0x00000000
        2675000	       266	800003fc	af211523	sh	x18,-1302(x2)	  x2:0x80008d7c x18:0x00000000 PA:0x80008866
        2685000	       267	80000400	d58107a3	sb	x24,-689(x2)	  x2:0x80008d7c x24:0x00000000 PA:0x80008acb
        2695000	       268	80000404	00008117	auipc	x2,0x8	  x2=0x80008400
        2705000	       269	80000408	0e610113	addi	x2,x2,230	  x2:0x80008400  x2=0x800084e6
        2715000	       270	8000040c	00415f03	lhu	x30,4(x2)	  x2:0x800084e6 x30=0x00000000 PA:0x800084ea
        2725000	       271	80000410	2bfb11b7	lui	x3,0x2bfb1	  x3=0x2bfb1000
        2735000	       272	80000414	01010903	lb	x18,16(x2)	  x2:0x800084e6 x18=0x00000000 PA:0x800084f6
        2745000	       273	80000418	ff110703	lb	x14,-15(x2)	  x2:0x800084e6 x14=0x00000000 PA:0x800084d7
        2755000	       274	8000041c	00214583	lbu	x11,2(x2)	  x2:0x800084e6 x11=0x00000000 PA:0x800084e8
        2765000	       275	80000420	01d11323	sh	x29,6(x2)	  x2:0x800084e6 x29:0xfffffd5d PA:0x800084ec
        2775000	       276	80000424	0112c733	xor	x14,x5,x17	  x5:0x50cb0000 x17:0x00000000 x14=0x50cb0000
        2785000	       277	80000428	d5f53037	lui	x0,0xd5f53	
        2795000	       278	8000042c	50716c13	ori	x24,x2,1287	  x2:0x800084e6 x24=0x800085e7
        2805000	       279	80000430	004187b3	add	x15,x3,x4	  x3:0x2bfb1000  x4:0x00000001 x15=0x2bfb1001
        2815000	       280	80000434	0042d893	srli	x17,x5,0x4	  x5:0x50cb0000 x17=0x050cb000
        2825000	       281	80000438	00a11323	sh	x10,6(x2)	  x2:0x800084e6 x10:0x00000000 PA:0x800084ec
        2835000	       282	8000043c	00c68b33	add	x22,x13,x12	 x13:0x80009f84 x12:0x00000000 x22=0x80009f84
        2845000	       283	80000440	010441b3	xor	x3,x8,x16	  x8:0x00000000 x16:0x00000000  x3=0x00000000
        2855000	       284	80000444	ffb10e23	sb	x27,-4(x2)	  x2:0x800084e6 x27:0x80009fc4 PA:0x800084e2
        2865000	       285	80000448	ffa10ba3	sb	x26,-9(x2)	  x2:0x800084e6 x26:0x00000000 PA:0x800084dd
        2875000	       286	8000044c	006a5913	srli	x18,x20,0x6	 x20:0x00000000 x18=0x00000000
        2885000	       287	80000450	01247c33	and	x24,x8,x18	  x8:0x00000000 x18:0x00000000 x24=0x00000000
        2895000	       288	80000454	01105a93	srli	x21,x0,0x11	  x0:0x00000000 x21=0x00000000
        2905000	       289	80000458	00731713	slli	x14,x6,0x7	  x6:0x00000000 x14=0x00000000
        2915000	       290	8000045c	00a914b3	sll	x9,x18,x10	 x18:0x00000000 x10:0x00000000  x9=0x00000000
        2925000	       291	80000460	00914a83	lbu	x21,9(x2)	  x2:0x800084e6 x21=0x00000000 PA:0x800084ef
        2935000	       292	80000464	00110123	sb	x1,2(x2)	  x2:0x800084e6  x1:0x0c85f3bc PA:0x800084e8
        2945000	       293	80000468	00810623	sb	x8,12(x2)	  x2:0x800084e6  x8:0x00000000 PA:0x800084f2
        2955000	       294	8000046c	ff210ea3	sb	x18,-3(x2)	  x2:0x800084e6 x18:0x00000000 PA:0x800084e3
        2965000	       295	80000470	00d11bb3	sll	x23,x2,x13	  x2:0x800084e6 x13:0x80009f84 x23=0x00084e60
        2975000	       296	80000474	00c11f83	lh	x31,12(x2)	  x2:0x800084e6 x31=0x00000000 PA:0x800084f2
        2985000	       297	80000478	00015d03	lhu	x26,0(x2)	  x2:0x800084e6 x26=0x00000000 PA:0x800084e6
        2995000	       298	8000047c	00310b83	lb	x23,3(x2)	  x2:0x800084e6 x23=0x00000000 PA:0x800084e9
        3005000	       299	80000480	7ecda5b7	lui	x11,0x7ecda	 x11=0x7ecda000
        3015000	       300	80000484	ffc10483	lb	x9,-4(x2)	  x2:0x800084e6  x9=0xffffffc4 PA:0x800084e2
        3025000	       301	80000488	972f5037	lui	x0,0x972f5	
        3035000	       302	8000048c	ffc15203	lhu	x4,-4(x2)	  x2:0x800084e6  x4=0x000000c4 PA:0x800084e2
        3045000	       303	80000490	ff711a23	sh	x23,-12(x2)	  x2:0x800084e6 x23:0x00000000 PA:0x800084da
        3055000	       304	80000494	00008e97	auipc	x29,0x8	 x29=0x80008490
        3065000	       305	80000498	61fe8e93	addi	x29,x29,1567	 x29:0x80008490 x29=0x80008aaf
        3075000	       306	8000049c	ff2e8483	lb	x9,-14(x29)	 x29:0x80008aaf  x9=0x00000000 PA:0x80008aa1
        3085000	       307	800004a0	ff2ecb83	lbu	x23,-14(x29)	 x29:0x80008aaf x23=0x00000000 PA:0x80008aa1
        3095000	       308	800004a4	00309013	slli	x0,x1,0x3	  x1:0x0c85f3bc
        3105000	       309	800004a8	ff9e8f23	sb	x25,-2(x29)	 x29:0x80008aaf x25:0x00000000 PA:0x80008aad
        3115000	       310	800004ac	ff6ec103	lbu	x2,-10(x29)	 x29:0x80008aaf  x2=0x00000000 PA:0x80008aa5
        3125000	       311	800004b0	ff6e8c83	lb	x25,-10(x29)	 x29:0x80008aaf x25=0x00000000 PA:0x80008aa5
        3135000	       312	800004b4	ff6e8783	lb	x15,-10(x29)	 x29:0x80008aaf x15=0x00000000 PA:0x80008aa5
        3145000	       313	800004b8	ff4ec983	lbu	x19,-12(x29)	 x29:0x80008aaf x19=0x00000000 PA:0x80008aa3
        3155000	       314	800004bc	7286a113	slti	x2,x13,1832	 x13:0x80009f84  x2=0x00000001
        3165000	       315	800004c0	00dcacb3	slt	x25,x25,x13	 x25:0x00000000 x13:0x80009f84 x25=0x00000000
        3175000	       316	800004c4	ff2e8a23	sb	x18,-12(x29)	 x29:0x80008aaf x18:0x00000000 PA:0x80008aa3
        3185000	       317	800004c8	00f5a7b3	slt	x15,x11,x15	 x11:0x7ecda000 x15:0x00000000 x15=0x00000000
        3195000	       318	800004cc	ff0e8aa3	sb	x16,-11(x29)	 x29:0x80008aaf x16:0x00000000 PA:0x80008aa4
        3205000	       319	800004d0	41b15993	srai	x19,x2,0x1b	  x2:0x00000001 x19=0x00000000
        3215000	       320	800004d4	00000013	addi	x0,x0,0	  x0:0x00000000
        3225000	       321	800004d8	ff5edb83	lhu	x23,-11(x29)	 x29:0x80008aaf x23=0x00000000 PA:0x80008aa4
        3235000	       322	800004dc	00008a17	auipc	x20,0x8	 x20=0x800084d8
        3245000	       323	800004e0	093a0a13	addi	x20,x20,147	 x20:0x800084d8 x20=0x8000856b
        3255000	       324	800004e4	fd0a0703	lb	x14,-48(x20)	 x20:0x8000856b x14=0xfffffffd PA:0x8000853b
        3265000	       325	800004e8	fd0a0483	lb	x9,-48(x20)	 x20:0x8000856b  x9=0xfffffffd PA:0x8000853b
        3275000	       326	800004ec	c63a2ea3	sw	x3,-899(x20)	 x20:0x8000856b  x3:0x00000000 PA:0x800081e8
        3285000	       327	800004f0	c24a0f23	sb	x4,-962(x20)	 x20:0x8000856b  x4:0x000000c4 PA:0x800081a9
        3295000	       328	800004f4	bc1a2383	lw	x7,-1087(x20)	 x20:0x8000856b  x7=0x00000000 PA:0x8000812c
        3305000	       329	800004f8	0035beb3	sltu	x29,x11,x3	 x11:0x7ecda000  x3:0x00000000 x29=0x00000000
        3315000	       330	800004fc	00de5033	srl	x0,x28,x13	 x28:0xf193c93c x13:0x80009f84
        3325000	       331	80000500	e3da0e83	lb	x29,-451(x20)	 x20:0x8000856b x29=0x00000000 PA:0x800083a8
        3335000	       332	80000504	13ba1803	lh	x16,315(x20)	 x20:0x8000856b x16=0x00000000 PA:0x800086a6
        3345000	       333	80000508	f68a0e23	sb	x8,-132(x20)	 x20:0x8000856b  x8:0x00000000 PA:0x800084e7
        3355000	       334	8000050c	bf88c113	xori	x2,x17,-1032	 x17:0x050cb000  x2=0xfaf34bf8
        3365000	       335	80000510	ed86bd13	sltiu	x26,x13,-296	 x13:0x80009f84 x26=0x00000001
        3375000	       336	80000514	0b3a0603	lb	x12,179(x20)	 x20:0x8000856b x12=0x00000000 PA:0x8000861e
        3385000	       337	80000518	14fa5c83	lhu	x25,335(x20)	 x20:0x8000856b x25=0x00000000 PA:0x800086ba
        3395000	       338	8000051c	017359b3	srl	x19,x6,x23	  x6:0x00000000 x23:0x00000000 x19=0x00000000
        3405000	       339	80000520	d61a0b23	sb	x1,-650(x20)	 x20:0x8000856b  x1:0x0c85f3bc PA:0x800082e1
        3415000	       340	80000524	d76a0c03	lb	x24,-650(x20)	 x20:0x8000856b x24=0xffffffbc PA:0x800082e1
        3425000	       341	80000528	00008417	auipc	x8,0x8	  x8=0x80008524
        3435000	       342	8000052c	64740413	addi	x8,x8,1607	  x8:0x80008524  x8=0x80008b6b
        3445000	       343	80000530	003422a3	sw	x3,5(x8)	  x8:0x80008b6b  x3:0x00000000 PA:0x80008b70
        3455000	       344	80000534	ff244a83	lbu	x21,-14(x8)	  x8:0x80008b6b x21=0x00000000 PA:0x80008b5d
        3465000	       345	80000538	a2bfaf93	slti	x31,x31,-1493	 x31:0x00000000 x31=0x00000000
        3475000	       346	8000053c	ffa44903	lbu	x18,-6(x8)	  x8:0x80008b6b x18=0x00000000 PA:0x80008b65
        3485000	       347	80000540	ffd40a23	sb	x29,-12(x8)	  x8:0x80008b6b x29:0x00000000 PA:0x80008b5f
        3495000	       348	80000544	00044483	lbu	x9,0(x8)	  x8:0x80008b6b  x9=0x00000000 PA:0x80008b6b
        3505000	       349	80000548	406a00b3	sub	x1,x20,x6	 x20:0x8000856b  x6:0x00000000  x1=0x8000856b
        3515000	       350	8000054c	00940223	sb	x9,4(x8)	  x8:0x80008b6b  x9:0x00000000 PA:0x80008b6f
        3525000	       351	80000550	00140223	sb	x1,4(x8)	  x8:0x80008b6b  x1:0x8000856b PA:0x80008b6f
        3535000	       352	80000554	fe442aa3	sw	x4,-11(x8)	  x8:0x80008b6b  x4:0x000000c4 PA:0x80008b60
        3545000	       353	80000558	ff640a23	sb	x22,-12(x8)	  x8:0x80008b6b x22:0x80009f84 PA:0x80008b5f
        3555000	       354	8000055c	00340883	lb	x17,3(x8)	  x8:0x80008b6b x17=0x00000000 PA:0x80008b6e
        3565000	       355	80000560	ff044383	lbu	x7,-16(x8)	  x8:0x80008b6b  x7=0x00000000 PA:0x80008b5b
        3575000	       356	80000564	476c4613	xori	x12,x24,1142	 x24:0xffffffbc x12=0xfffffbca
        3585000	       357	80000568	ff040783	lb	x15,-16(x8)	  x8:0x80008b6b x15=0x00000000 PA:0x80008b5b
        3595000	       358	8000056c	ff644183	lbu	x3,-10(x8)	  x8:0x80008b6b  x3=0x00000000 PA:0x80008b61
        3605000	       359	80000570	ff644f03	lbu	x30,-10(x8)	  x8:0x80008b6b x30=0x00000000 PA:0x80008b61
        3615000	       360	80000574	01939733	sll	x14,x7,x25	  x7:0x00000000 x25:0x00000000 x14=0x00000000
        3625000	       361	80000578	ff640483	lb	x9,-10(x8)	  x8:0x80008b6b  x9=0x00000000 PA:0x80008b61
        3635000	       362	8000057c	00009217	auipc	x4,0x9	  x4=0x80009578
        3645000	       363	80000580	a4a20213	addi	x4,x4,-1462	  x4:0x80009578  x4=0x80008fc2
        3655000	       364	80000584	87621323	sh	x22,-1946(x4)	  x4:0x80008fc2 x22:0x80009f84 PA:0x80008828
        3665000	       365	80000588	86d22323	sw	x13,-1946(x4)	  x4:0x80008fc2 x13:0x80009f84 PA:0x80008828
        3675000	       366	8000058c	d8e20ba3	sb	x14,-617(x4)	  x4:0x80008fc2 x14:0x00000000 PA:0x80008d59
        3685000	       367	80000590	006b1b93	slli	x23,x22,0x6	 x22:0x80009f84 x23=0x0027e100
        3695000	       368	80000594	cd025603	lhu	x12,-816(x4)	  x4:0x80008fc2 x12=0x00000000 PA:0x80008c92
        3705000	       369	80000598	cc720823	sb	x7,-816(x4)	  x4:0x80008fc2  x7:0x00000000 PA:0x80008c92
        3715000	       370	8000059c	d15200a3	sb	x21,-767(x4)	  x4:0x80008fc2 x21:0x00000000 PA:0x80008cc3
        3725000	       371	800005a0	a7720f23	sb	x23,-1410(x4)	  x4:0x80008fc2 x23:0x0027e100 PA:0x80008a40
        3735000	       372	800005a4	af6201a3	sb	x22,-1309(x4)	  x4:0x80008fc2 x22:0x80009f84 PA:0x80008aa5
        3745000	       373	800005a8	e6424183	lbu	x3,-412(x4)	  x4:0x80008fc2  x3=0x00000000 PA:0x80008e26
        3755000	       374	800005ac	e6421583	lh	x11,-412(x4)	  x4:0x80008fc2 x11=0x00000000 PA:0x80008e26
        3765000	       375	800005b0	c7720783	lb	x15,-905(x4)	  x4:0x80008fc2 x15=0x00000000 PA:0x80008c39
        3775000	       376	800005b4	e7324703	lbu	x14,-397(x4)	  x4:0x80008fc2 x14=0x00000000 PA:0x80008e35
        3785000	       377	800005b8	00008997	auipc	x19,0x8	 x19=0x800085b4
        3795000	       378	800005bc	39798993	addi	x19,x19,919	 x19:0x800085b4 x19=0x8000894b
        3805000	       379	800005c0	ecf9ce83	lbu	x29,-305(x19)	 x19:0x8000894b x29=0x00000000 PA:0x8000881a
        3815000	       380	800005c4	00008417	auipc	x8,0x8	  x8=0x800085c0
        3825000	       381	800005c8	64240413	addi	x8,x8,1602	  x8:0x800085c0  x8=0x80008c02
        3835000	       382	800005cc	00009517	auipc	x10,0x9	 x10=0x800095c8
        3845000	       383	800005d0	a1850513	addi	x10,x10,-1512	 x10:0x800095c8 x10=0x80008fe0
        3855000	       384	800005d4	05798f03	lb	x30,87(x19)	 x19:0x8000894b x30=0x00000000 PA:0x800089a2
        3865000	       385	800005d8	00b44103	lbu	x2,11(x8)	  x8:0x80008c02  x2=0x00000000 PA:0x80008c0d
        3875000	       386	800005dc	a0954c83	lbu	x25,-1527(x10)	 x10:0x80008fe0 x25=0x00000000 PA:0x800089e9
        3885000	       387	00000000	00000013	addi	x0,x0,0	  x0:0x00000000
        3895000	       388	800005e0	fd99d183	lhu	x3,-39(x19)	 x19:0x8000894b  x3=0x00000000 PA:0x80008924
        3905000	       389	800005e4	d4b50c03	lb	x24,-693(x10)	 x10:0x80008fe0 x24=0x00000000 PA:0x80008d2b
        3915000	       390	800005e8	f299a383	lw	x7,-215(x19)	 x19:0x8000894b  x7=0x00000000 PA:0x80008874
        3925000	       391	800005ec	68d98ba3	sb	x13,1687(x19)	 x19:0x8000894b x13:0x80009f84 PA:0x80008fe2
        3935000	       392	800005f0	bc651483	lh	x9,-1082(x10)	 x10:0x80008fe0  x9=0x00000000 PA:0x80008ba6
        3945000	       393	800005f4	b5750ca3	sb	x23,-1191(x10)	 x10:0x80008fe0 x23:0x0027e100 PA:0x80008b39
        3955000	       394	800005f8	a2754003	lbu	x0,-1497(x10)	 x10:0x80008fe0 PA:0x80008a07
        3965000	       395	800005fc	01e40823	sb	x30,16(x8)	  x8:0x80008c02 x30:0x00000000 PA:0x80008c12
        3975000	       396	80000600	00944583	lbu	x11,9(x8)	  x8:0x80008c02 x11=0x00000000 PA:0x80008c0b
        3985000	       397	80000604	00c403a3	sb	x12,7(x8)	  x8:0x80008c02 x12:0x00000000 PA:0x80008c09
        3995000	       398	80000608	01c406a3	sb	x28,13(x8)	  x8:0x80008c02 x28:0xf193c93c PA:0x80008c0f
        4005000	       399	8000060c	ece9c383	lbu	x7,-306(x19)	 x19:0x8000894b  x7=0x00000000 PA:0x80008819
        4015000	       400	80000610	00b44303	lbu	x6,11(x8)	  x8:0x80008c02  x6=0x00000000 PA:0x80008c0d
        4025000	       401	80000614	3de9cc83	lbu	x25,990(x19)	 x19:0x8000894b x25=0x00000000 PA:0x80008d29
        4035000	       402	80000618	980503a3	sb	x0,-1657(x10)	 x10:0x80008fe0  x0:0x00000000 PA:0x80008967
        4045000	       403	8000061c	00e41303	lh	x6,14(x8)	  x8:0x80008c02  x6=0x00000000 PA:0x80008c10
        4055000	       404	80000620	01a42123	sw	x26,2(x8)	  x8:0x80008c02 x26:0x00000001 PA:0x80008c04
        4065000	       405	80000624	1fb99583	lh	x11,507(x19)	 x19:0x8000894b x11=0x00000000 PA:0x80008b46
        4075000	       406	80000628	00640123	sb	x6,2(x8)	  x8:0x80008c02  x6:0x00000000 PA:0x80008c04
        4085000	       407	8000062c	92d50703	lb	x14,-1747(x10)	 x10:0x80008fe0 x14=0x00000000 PA:0x8000890d
        4095000	       408	80000630	fad50803	lb	x16,-83(x10)	 x10:0x80008fe0 x16=0x00000000 PA:0x80008f8d
        4105000	       409	80000634	00008417	auipc	x8,0x8	  x8=0x80008630
        4115000	       410	80000638	3c540413	addi	x8,x8,965	  x8:0x80008630  x8=0x800089f5
        4125000	       411	8000063c	00009b17	auipc	x22,0x9	 x22=0x80009638
        4135000	       412	80000640	954b0b13	addi	x22,x22,-1708	 x22:0x80009638 x22=0x80008f8c
        4145000	       413	80000644	00008717	auipc	x14,0x8	 x14=0x80008640
        4155000	       414	80000648	27f70713	addi	x14,x14,639	 x14:0x80008640 x14=0x800088bf
        4165000	       415	8000064c	feb701a3	sb	x11,-29(x14)	 x14:0x800088bf x11:0x00000000 PA:0x800088a2
        4175000	       416	80000650	f54b4783	lbu	x15,-172(x22)	 x22:0x80008f8c x15=0x00000000 PA:0x80008ee0
        4185000	       417	80000654	f1e44283	lbu	x5,-226(x8)	  x8:0x800089f5  x5=0x00000000 PA:0x80008913
        4195000	       418	80000658	f2cb0903	lb	x18,-212(x22)	 x22:0x80008f8c x18=0x00000000 PA:0x80008eb8
        4205000	       419	8000065c	0fd408a3	sb	x29,241(x8)	  x8:0x800089f5 x29:0x00000000 PA:0x80008ae6
        4215000	       420	80000660	00eb0603	lb	x12,14(x22)	 x22:0x80008f8c x12=0x00000000 PA:0x80008f9a
        4225000	       421	80000664	055b0983	lb	x19,85(x22)	 x22:0x80008f8c x19=0x00000000 PA:0x80008fe1
        4235000	       422	80000668	f5740ca3	sb	x23,-167(x8)	  x8:0x800089f5 x23:0x0027e100 PA:0x8000894e
        4245000	       423	8000066c	fda70f23	sb	x26,-34(x14)	 x14:0x800088bf x26:0x00000001 PA:0x8000889d
        4255000	       424	80000670	f1bb1723	sh	x27,-242(x22)	 x22:0x80008f8c x27:0x80009fc4 PA:0x80008e9a
        4265000	       425	80000674	0e842ba3	sw	x8,247(x8)	  x8:0x800089f5  x8:0x800089f5 PA:0x80008aec
        4275000	       426	80000678	007702a3	sb	x7,5(x14)	 x14:0x800088bf  x7:0x00000000 PA:0x800088c4
        4285000	       427	8000067c	00a70803	lb	x16,10(x14)	 x14:0x800088bf x16=0x00000000 PA:0x800088c9
        4295000	       428	80000680	01575103	lhu	x2,21(x14)	 x14:0x800088bf  x2=0x00000000 PA:0x800088d4
        4305000	       429	80000684	f87b0383	lb	x7,-121(x22)	 x22:0x80008f8c  x7=0x00000000 PA:0x80008f13
        4315000	       430	80000688	f0345e83	lhu	x29,-253(x8)	  x8:0x800089f5 x29=0x00000000 PA:0x800088f8
        4325000	       431	8000068c	059b1c23	sh	x25,88(x22)	 x22:0x80008f8c x25:0x00000000 PA:0x80008fe4
        4335000	       432	80000690	001b4f03	lbu	x30,1(x22)	 x22:0x80008f8c x30=0x00000000 PA:0x80008f8d
        4345000	       433	80000694	f81b0983	lb	x19,-127(x22)	 x22:0x80008f8c x19=0x00000000 PA:0x80008f0d
        4355000	       434	80000698	ff172a83	lw	x21,-15(x14)	 x14:0x800088bf x21=0x00000000 PA:0x800088b0
        4365000	       435	8000069c	00008497	auipc	x9,0x8	  x9=0x80008698
        4375000	       436	800006a0	df248493	addi	x9,x9,-526	  x9:0x80008698  x9=0x8000848a
        4385000	       437	800006a4	0324af03	lw	x30,50(x9)	  x9:0x8000848a x30=0x00000000 PA:0x800084bc
        4395000	       438	800006a8	112fe913	ori	x18,x31,274	 x31:0x00000000 x18=0x00000112
        4405000	       439	800006ac	01849a83	lh	x21,24(x9)	  x9:0x8000848a x21=0x00000000 PA:0x800084a2
        4415000	       440	800006b0	0194c283	lbu	x5,25(x9)	  x9:0x8000848a  x5=0x00000000 PA:0x800084a3
        4425000	       441	800006b4	0074cf03	lbu	x30,7(x9)	  x9:0x8000848a x30=0x00000000 PA:0x80008491
        4435000	       442	800006b8	fd948403	lb	x8,-39(x9)	  x9:0x8000848a  x8=0x00000000 PA:0x80008463
        4445000	       443	800006bc	04910d37	lui	x26,0x4910	 x26=0x04910000
        4455000	       444	800006c0	01c48fa3	sb	x28,31(x9)	  x9:0x8000848a x28:0xf193c93c PA:0x800084a9
        4465000	       445	800006c4	00a4ca83	lbu	x21,10(x9)	  x9:0x8000848a x21=0x00000000 PA:0x80008494
        4475000	       446	800006c8	02b49423	sh	x11,40(x9)	  x9:0x8000848a x11:0x00000000 PA:0x800084b2
        4485000	       447	800006cc	feb4cf83	lbu	x31,-21(x9)	  x9:0x8000848a x31=0x00000000 PA:0x80008475
        4495000	       448	800006d0	007482a3	sb	x7,5(x9)	  x9:0x8000848a  x7:0x00000000 PA:0x8000848f
        4505000	       449	800006d4	017ad013	srli	x0,x21,0x17	 x21:0x00000000
        4515000	       450	800006d8	fcd4c303	lbu	x6,-51(x9)	  x9:0x8000848a  x6=0x00000000 PA:0x80008457
        4525000	       451	800006dc	ff9480a3	sb	x25,-31(x9)	  x9:0x8000848a x25:0x00000000 PA:0x8000846b
        4535000	       452	800006e0	fc64dc83	lhu	x25,-58(x9)	  x9:0x8000848a x25=0x00000000 PA:0x80008450
        4545000	       453	800006e4	ffa48f23	sb	x26,-2(x9)	  x9:0x8000848a x26:0x04910000 PA:0x80008488
        4555000	       454	800006e8	40480f33	sub	x30,x16,x4	 x16:0x00000000  x4:0x80008fc2 x30=0x7fff703e
        4565000	       455	800006ec	00a91713	slli	x14,x18,0xa	 x18:0x00000112 x14=0x00044800
        4575000	       456	800006f0	03d4ce83	lbu	x29,61(x9)	  x9:0x8000848a x29=0x00000000 PA:0x800084c7
        4585000	       457	800006f4	01c8d613	srli	x12,x17,0x1c	 x17:0x00000000 x12=0x00000000
        4595000	       458	800006f8	00bd83b3	add	x7,x27,x11	 x27:0x80009fc4 x11:0x00000000  x7=0x80009fc4
        4605000	       459	800006fc	880dab13	slti	x22,x27,-1920	 x27:0x80009fc4 x22=0x00000001
        4615000	       460	80000700	00a0d593	srli	x11,x1,0xa	  x1:0x8000856b x11=0x00200021
        4625000	       461	80000704	015489a3	sb	x21,19(x9)	  x9:0x8000848a x21:0x00000000 PA:0x8000849d
        4635000	       462	80000708	fd24ab03	lw	x22,-46(x9)	  x9:0x8000848a x22=0x00000000 PA:0x8000845c
        4645000	       463	8000070c	ffa48da3	sb	x26,-5(x9)	  x9:0x8000848a x26:0x04910000 PA:0x80008485
        4655000	       464	80000710	0186d013	srli	x0,x13,0x18	 x13:0x80009f84
        4665000	       465	80000714	01b483a3	sb	x27,7(x9)	  x9:0x8000848a x27:0x80009fc4 PA:0x80008491
        4675000	       466	80000718	00008a97	auipc	x21,0x8	 x21=0x80008714
        4685000	       467	8000071c	142a8a93	addi	x21,x21,322	 x21:0x80008714 x21=0x80008856
        4695000	       468	80000720	4c1aa923	sw	x1,1234(x21)	 x21:0x80008856  x1:0x8000856b PA:0x80008d28
        4705000	       469	80000724	141a83a3	sb	x1,327(x21)	 x21:0x80008856  x1:0x8000856b PA:0x8000899d
        4715000	       470	80000728	00000013	addi	x0,x0,0	  x0:0x00000000
        4725000	       471	8000072c	08aaac83	lw	x25,138(x21)	 x21:0x80008856 x25=0x00000000 PA:0x800088e0
        4735000	       472	80000730	08caa523	sw	x12,138(x21)	 x21:0x80008856 x12:0x00000000 PA:0x800088e0
        4745000	       473	80000734	00855893	srli	x17,x10,0x8	 x10:0x80008fe0 x17=0x0080008f
        4755000	       474	80000738	01593333	sltu	x6,x18,x21	 x18:0x00000112 x21:0x80008856  x6=0x00000001
        4765000	       475	8000073c	08aaa183	lw	x3,138(x21)	 x21:0x80008856  x3=0x00000000 PA:0x800088e0
        4775000	       476	80000740	09ba8523	sb	x27,138(x21)	 x21:0x80008856 x27:0x80009fc4 PA:0x800088e0
        4785000	       477	80000744	06ba8aa3	sb	x11,117(x21)	 x21:0x80008856 x11:0x00200021 PA:0x800088cb
        4795000	       478	80000748	b60c6313	ori	x6,x24,-1184	 x24:0x00000000  x6=0xfffffb60
        4805000	       479	8000074c	00f61393	slli	x7,x12,0xf	 x12:0x00000000  x7=0x00000000
        4815000	       480	80000750	1bfa8903	lb	x18,447(x21)	 x21:0x80008856 x18=0x00000000 PA:0x80008a15
        4825000	       481	80000754	246ad583	lhu	x11,582(x21)	 x21:0x80008856 x11=0x00000000 PA:0x80008a9c
        4835000	       482	80000758	75ea81a3	sb	x30,1859(x21)	 x21:0x80008856 x30:0x7fff703e PA:0x80008f99
        4845000	       483	8000075c	188a9023	sh	x8,384(x21)	 x21:0x80008856  x8:0x00000000 PA:0x800089d6
        4855000	       484	80000760	183a8023	sb	x3,384(x21)	 x21:0x80008856  x3:0x00000000 PA:0x800089d6
        4865000	       485	80000764	6c8a9883	lh	x17,1736(x21)	 x21:0x80008856 x17=0x00000000 PA:0x80008f1e
        4875000	       486	80000768	500a8fa3	sb	x0,1311(x21)	 x21:0x80008856  x0:0x00000000 PA:0x80008d75
        4885000	       487	8000076c	51fa8f83	lb	x31,1311(x21)	 x21:0x80008856 x31=0x00000000 PA:0x80008d75
        4895000	       488	80000770	6e6a8823	sb	x6,1776(x21)	 x21:0x80008856  x6:0xfffffb60 PA:0x80008f46
        4905000	       489	80000774	059ac103	lbu	x2,89(x21)	 x21:0x80008856  x2=0x00000000 PA:0x800088af
        4915000	       490	80000778	200e7413	andi	x8,x28,512	 x28:0xf193c93c  x8=0x00000000
        4925000	       491	8000077c	005a8ba3	sb	x5,23(x21)	 x21:0x80008856  x5:0x00000000 PA:0x8000886d
        4935000	       492	80000780	303a8003	lb	x0,771(x21)	 x21:0x80008856 PA:0x80008b59
        4945000	       493	80000784	00e1fc33	and	x24,x3,x14	  x3:0x00000000 x14:0x00044800 x24=0x00000000
        4955000	       494	80000788	4bfa8583	lb	x11,1215(x21)	 x21:0x80008856 x11=0x00000000 PA:0x80008d15
        4965000	       495	8000078c	00008517	auipc	x10,0x8	 x10=0x80008788
        4975000	       496	80000790	01950513	addi	x10,x10,25	 x10:0x80008788 x10=0x800087a1
        4985000	       497	80000794	01c2d293	srli	x5,x5,0x1c	  x5:0x00000000  x5=0x00000000
        4995000	       498	80000798	fc755903	lhu	x18,-57(x10)	 x10:0x800087a1 x18=0x00000000 PA:0x80008768
        5005000	       499	8000079c	fc751303	lh	x6,-57(x10)	 x10:0x800087a1  x6=0x00000000 PA:0x80008768
        5015000	       500	800007a0	fc754883	lbu	x17,-57(x10)	 x10:0x800087a1 x17=0x00000000 PA:0x80008768
        5025000	       501	800007a4	fc754f83	lbu	x31,-57(x10)	 x10:0x800087a1 x31=0x00000000 PA:0x80008768
        5035000	       502	800007a8	fc755483	lhu	x9,-57(x10)	 x10:0x800087a1  x9=0x00000000 PA:0x80008768
        5045000	       503	800007ac	fc750483	lb	x9,-57(x10)	 x10:0x800087a1  x9=0x00000000 PA:0x80008768
        5055000	       504	800007b0	fc755083	lhu	x1,-57(x10)	 x10:0x800087a1  x1=0x00000000 PA:0x80008768
        5065000	       505	800007b4	fcd513a3	sh	x13,-57(x10)	 x10:0x800087a1 x13:0x80009f84 PA:0x80008768
        5075000	       506	800007b8	fc751583	lh	x11,-57(x10)	 x10:0x800087a1 x11=0xffff9f84 PA:0x80008768
        5085000	       507	800007bc	fd9513a3	sh	x25,-57(x10)	 x10:0x800087a1 x25:0x00000000 PA:0x80008768
        5095000	       508	800007c0	fc151883	lh	x17,-63(x10)	 x10:0x800087a1 x17=0x00000000 PA:0x80008762
        5105000	       509	800007c4	00951c33	sll	x24,x10,x9	 x10:0x800087a1  x9:0x00000000 x24=0x800087a1
        5115000	       510	800007c8	fc150203	lb	x4,-63(x10)	 x10:0x800087a1  x4=0x00000000 PA:0x80008762
        5125000	       511	800007cc	fc150703	lb	x14,-63(x10)	 x10:0x800087a1 x14=0x00000000 PA:0x80008762
        5135000	       512	800007d0	fc150283	lb	x5,-63(x10)	 x10:0x800087a1  x5=0x00000000 PA:0x80008762
        5145000	       513	800007d4	00008c17	auipc	x24,0x8	 x24=0x800087d0
        5155000	       514	800007d8	625c0c13	addi	x24,x24,1573	 x24:0x800087d0 x24=0x80008df5
        5165000	       515	800007dc	07dc0703	lb	x14,125(x24)	 x24:0x80008df5 x14=0x00000000 PA:0x80008e72
        5175000	       516	800007e0	f63c1ca3	sh	x3,-135(x24)	 x24:0x80008df5  x3:0x00000000 PA:0x80008d6e
        5185000	       517	800007e4	be3c0a03	lb	x20,-1053(x24)	 x24:0x80008df5 x20=0x00000000 PA:0x800089d8
        5195000	       518	800007e8	bf6c01a3	sb	x22,-1053(x24)	 x24:0x80008df5 x22:0x00000000 PA:0x800089d8
        5205000	       519	800007ec	beec01a3	sb	x14,-1053(x24)	 x24:0x80008df5 x14:0x00000000 PA:0x800089d8
        5215000	       520	800007f0	be3c2903	lw	x18,-1053(x24)	 x24:0x80008df5 x18=0x00000000 PA:0x800089d8
        5225000	       521	800007f4	b66c0103	lb	x2,-1178(x24)	 x24:0x80008df5  x2=0x00000000 PA:0x8000895b
        5235000	       522	800007f8	0133c533	xor	x10,x7,x19	  x7:0x00000000 x19:0x00000000 x10=0x00000000
        5245000	       523	800007fc	b66c0e83	lb	x29,-1178(x24)	 x24:0x80008df5 x29=0x00000000 PA:0x8000895b
        5255000	       524	80000800	b79c0323	sb	x25,-1178(x24)	 x24:0x80008df5 x25:0x00000000 PA:0x8000895b
        5265000	       525	80000804	b61c0323	sb	x1,-1178(x24)	 x24:0x80008df5  x1:0x00000000 PA:0x8000895b
        5275000	       526	80000808	00c2cf33	xor	x30,x5,x12	  x5:0x00000000 x12:0x00000000 x30=0x00000000
        5285000	       527	8000080c	646467b7	lui	x15,0x64646	 x15=0x64646000
        5295000	       528	80000810	d40c0d03	lb	x26,-704(x24)	 x24:0x80008df5 x26=0x00000000 PA:0x80008b35
        5305000	       529	80000814	d40c4283	lbu	x5,-704(x24)	 x24:0x80008df5  x5=0x00000000 PA:0x80008b35
        5315000	       530	80000818	d40c0083	lb	x1,-704(x24)	 x24:0x80008df5  x1=0x00000000 PA:0x80008b35
        5325000	       531	8000081c	00b52933	slt	x18,x10,x11	 x10:0x00000000 x11:0xffff9f84 x18=0x00000000
        5335000	       532	80000820	00020233	add	x4,x4,x0	  x4:0x00000000  x0:0x00000000  x4=0x00000000
        5345000	       533	80000824	00000013	addi	x0,x0,0	  x0:0x00000000
        5355000	       534	80000828	d40c4403	lbu	x8,-704(x24)	 x24:0x80008df5  x8=0x00000000 PA:0x80008b35
        5365000	       535	8000082c	c13c4a83	lbu	x21,-1005(x24)	 x24:0x80008df5 x21=0x00000000 PA:0x80008a08
        5375000	       536	80000830	c13c4b83	lbu	x23,-1005(x24)	 x24:0x80008df5 x23=0x00000000 PA:0x80008a08
        5385000	       537	80000834	402d5833	sra	x16,x26,x2	 x26:0x00000000  x2:0x00000000 x16=0x00000000
        5395000	       538	80000838	170c0f83	lb	x31,368(x24)	 x24:0x80008df5 x31=0x00000000 PA:0x80008f65
        5405000	       539	8000083c	b75c1083	lh	x1,-1163(x24)	 x24:0x80008df5  x1=0x00000000 PA:0x8000896a
        5415000	       540	00000000	00000013	addi	x0,x0,0	  x0:0x00000000
        5425000	       541	80000840	00008f97	auipc	x31,0x8	 x31=0x8000883c
        5435000	       542	80000844	b23f8f93	addi	x31,x31,-1245	 x31:0x8000883c x31=0x8000835f
        5445000	       543	80000848	febf9ca3	sh	x11,-7(x31)	 x31:0x8000835f x11:0xffff9f84 PA:0x80008358
        5455000	       544	8000084c	00ff8723	sb	x15,14(x31)	 x31:0x8000835f x15:0x64646000 PA:0x8000836d
        5465000	       545	80000850	00efc183	lbu	x3,14(x31)	 x31:0x8000835f  x3=0x00000000 PA:0x8000836d
        5475000	       546	80000854	00dfce83	lbu	x29,13(x31)	 x31:0x8000835f x29=0x00000000 PA:0x8000836c
        5485000	       547	80000858	0000f333	and	x6,x1,x0	  x1:0x00000000  x0:0x00000000  x6=0x00000000
        5495000	       548	8000085c	001f9483	lh	x9,1(x31)	 x31:0x8000835f  x9=0x00000000 PA:0x80008360
        5505000	       549	80000860	01026733	or	x14,x4,x16	  x4:0x00000000 x16:0x00000000 x14=0x00000000
        5515000	       550	80000864	ff4fc703	lbu	x14,-12(x31)	 x31:0x8000835f x14=0x00000000 PA:0x80008353
        5525000	       551	80000868	00bf8903	lb	x18,11(x31)	 x31:0x8000835f x18=0x00000000 PA:0x8000836a
        5535000	       552	8000086c	00bfd883	lhu	x17,11(x31)	 x31:0x8000835f x17=0x00000000 PA:0x8000836a
        5545000	       553	80000870	00bf8183	lb	x3,11(x31)	 x31:0x8000835f  x3=0x00000000 PA:0x8000836a
        5555000	       554	80000874	00ea95b3	sll	x11,x21,x14	 x21:0x00000000 x14:0x00000000 x11=0x00000000
        5565000	       555	80000878	01af95a3	sh	x26,11(x31)	 x31:0x8000835f x26:0x00000000 PA:0x8000836a
        5575000	       556	8000087c	ff4f8f03	lb	x30,-12(x31)	 x31:0x8000835f x30=0x00000000 PA:0x80008353
        5585000	       557	80000880	ff4f8783	lb	x15,-12(x31)	 x31:0x8000835f x15=0x00000000 PA:0x80008353
        5595000	       558	80000884	ff4f8803	lb	x16,-12(x31)	 x31:0x8000835f x16=0x00000000 PA:0x80008353
        5605000	       559	80000888	006f69b3	or	x19,x30,x6	 x30:0x00000000  x6:0x00000000 x19=0x00000000
        5615000	       560	8000088c	ffbf9803	lh	x16,-5(x31)	 x31:0x8000835f x16=0x00000000 PA:0x8000835a
        5625000	       561	80000890	ffbfc803	lbu	x16,-5(x31)	 x31:0x8000835f x16=0x00000000 PA:0x8000835a
        5635000	       562	80000894	00008f97	auipc	x31,0x8	 x31=0x80008890
        5645000	       563	80000898	b14f8f93	addi	x31,x31,-1260	 x31:0x80008890 x31=0x800083a4
        5655000	       564	8000089c	00008597	auipc	x11,0x8	 x11=0x80008898
        5665000	       565	800008a0	f5e58593	addi	x11,x11,-162	 x11:0x80008898 x11=0x800087f6
        5675000	       566	800008a4	00008397	auipc	x7,0x8	  x7=0x800088a0
        5685000	       567	800008a8	9a838393	addi	x7,x7,-1624	  x7:0x800088a0  x7=0x80008248
        5695000	       568	800008ac	1b338103	lb	x2,435(x7)	  x7:0x80008248  x2=0x00000000 PA:0x800083fb
        5705000	       569	00000000	00000013	addi	x0,x0,0	  x0:0x00000000
        5715000	       570	800008b0	00258a83	lb	x21,2(x11)	 x11:0x800087f6 x21=0x00000000 PA:0x800087f8
        5725000	       571	800008b4	f8af88a3	sb	x10,-111(x31)	 x31:0x800083a4 x10:0x00000000 PA:0x80008335
        5735000	       572	800008b8	f0ffcc03	lbu	x24,-241(x31)	 x31:0x800083a4 x24=0x00000000 PA:0x800082b3
        5745000	       573	800008bc	010f82a3	sb	x16,5(x31)	 x31:0x800083a4 x16:0x00000000 PA:0x800083a9
        5755000	       574	800008c0	ef138783	lb	x15,-271(x7)	  x7:0x80008248 x15=0x00000000 PA:0x80008139
        5765000	       575	800008c4	01b586a3	sb	x27,13(x11)	 x11:0x800087f6 x27:0x80009fc4 PA:0x80008803
        5775000	       576	800008c8	09df8783	lb	x15,157(x31)	 x31:0x800083a4 x15=0x00000000 PA:0x80008441
        5785000	       577	800008cc	050386a3	sb	x16,77(x7)	  x7:0x80008248 x16:0x00000000 PA:0x80008295
        5795000	       578	800008d0	0e5f8903	lb	x18,229(x31)	 x31:0x800083a4 x18=0x00000000 PA:0x80008489
        5805000	       579	800008d4	0005dc83	lhu	x25,0(x11)	 x11:0x800087f6 x25=0x00000000 PA:0x800087f6
        5815000	       580	800008d8	00658483	lb	x9,6(x11)	 x11:0x800087f6  x9=0x00000000 PA:0x800087fc
        5825000	       581	800008dc	09c38b03	lb	x22,156(x7)	  x7:0x80008248 x22=0x00000000 PA:0x800082e4
        5835000	       582	800008e0	ffd58a03	lb	x20,-3(x11)	 x11:0x800087f6 x20=0x00000000 PA:0x800087f3
        5845000	       583	800008e4	f63f85a3	sb	x3,-149(x31)	 x31:0x800083a4  x3:0x00000000 PA:0x8000830f
        5855000	       584	800008e8	e3538903	lb	x18,-459(x7)	  x7:0x80008248 x18=0x00000000 PA:0x8000807d
        5865000	       585	800008ec	00008117	auipc	x2,0x8	  x2=0x800088e8
        5875000	       586	800008f0	e2310113	addi	x2,x2,-477	  x2:0x800088e8  x2=0x8000870b
        5885000	       587	800008f4	40525ab3	sra	x21,x4,x5	  x4:0x00000000  x5:0x00000000 x21=0x00000000
        5895000	       588	800008f8	f9b11a83	lh	x21,-101(x2)	  x2:0x8000870b x21=0x00000000 PA:0x800086a6
        5905000	       589	800008fc	f4514503	lbu	x10,-187(x2)	  x2:0x8000870b x10=0x0000003c PA:0x80008650
        5915000	       590	80000900	d5910223	sb	x25,-700(x2)	  x2:0x8000870b x25:0x00000000 PA:0x8000844f
        5925000	       591	80000904	07314083	lbu	x1,115(x2)	  x2:0x8000870b  x1=0x00000000 PA:0x8000877e
        5935000	       592	80000908	c5214f83	lbu	x31,-942(x2)	  x2:0x8000870b x31=0x00000000 PA:0x8000835d
        5945000	       593	8000090c	b0e14a83	lbu	x21,-1266(x2)	  x2:0x8000870b x21=0x00000000 PA:0x80008219
        5955000	       594	80000910	00805993	srli	x19,x0,0x8	  x0:0x00000000 x19=0x00000000
        5965000	       595	80000914	ce311703	lh	x14,-797(x2)	  x2:0x8000870b x14=0x00000000 PA:0x800083ee
        5975000	       596	80000918	a6b10a03	lb	x20,-1429(x2)	  x2:0x8000870b x20=0x00000000 PA:0x80008176
        5985000	       597	8000091c	00ae23b3	slt	x7,x28,x10	 x28:0xf193c93c x10:0x0000003c  x7=0x00000001
        5995000	       598	80000920	40980bb3	sub	x23,x16,x9	 x16:0x00000000  x9:0x00000000 x23=0x00000000
        6005000	       599	80000924	9d915583	lhu	x11,-1575(x2)	  x2:0x8000870b x11=0x00000000 PA:0x800080e4
        6015000	       600	80000928	01fafcb3	and	x25,x21,x31	 x21:0x00000000 x31:0x00000000 x25=0x00000000
        6025000	       601	8000092c	0ab14303	lbu	x6,171(x2)	  x2:0x8000870b  x6=0x00000000 PA:0x800087b6
        6035000	       602	00000000	00000013	addi	x0,x0,0	  x0:0x00000000
        6045000	       603	80000930	d26112a3	sh	x6,-731(x2)	  x2:0x8000870b  x6:0x00000000 PA:0x80008430
        6055000	       604	80000934	fb414583	lbu	x11,-76(x2)	  x2:0x8000870b x11=0x00000000 PA:0x800086bf
        6065000	       605	80000938	c5214a03	lbu	x20,-942(x2)	  x2:0x8000870b x20=0x00000000 PA:0x8000835d
        6075000	       606	8000093c	403c5a33	sra	x20,x24,x3	 x24:0x00000000  x3:0x00000000 x20=0x00000000
        6085000	       607	80000940	04c109a3	sb	x12,83(x2)	  x2:0x8000870b x12:0x00000000 PA:0x8000875e
        6095000	       608	80000944	07d11ea3	sh	x29,125(x2)	  x2:0x8000870b x29:0x00000000 PA:0x80008788
        6105000	       609	80000948	e5c10a23	sb	x28,-428(x2)	  x2:0x8000870b x28:0xf193c93c PA:0x8000855f
        6115000	       610	8000094c	a1b11ea3	sh	x27,-1507(x2)	  x2:0x8000870b x27:0x80009fc4 PA:0x80008128
        6125000	       611	80000950	403cdb93	srai	x23,x25,0x3	 x25:0x00000000 x23=0x00000000
        6135000	       612	80000954	de914483	lbu	x9,-535(x2)	  x2:0x8000870b  x9=0x00000000 PA:0x800084f4
        6145000	       613	80000958	aa314203	lbu	x4,-1373(x2)	  x2:0x8000870b  x4=0x00000000 PA:0x800081ae
        6155000	       614	8000095c	fde14403	lbu	x8,-34(x2)	  x2:0x8000870b  x8=0x00000000 PA:0x800086e9
        6165000	       615	80000960	07bb3213	sltiu	x4,x22,123	 x22:0x00000000  x4=0x00000001
        6175000	       616	80000964	0a610f23	sb	x6,190(x2)	  x2:0x8000870b  x6:0x00000000 PA:0x800087c9
        6185000	       617	80000968	000434b3	sltu	x9,x8,x0	  x8:0x00000000  x0:0x00000000  x9=0x00000000
        6195000	       618	8000096c	de610d03	lb	x26,-538(x2)	  x2:0x8000870b x26=0x00000000 PA:0x800084f1
        6205000	       619	80000970	a4b14083	lbu	x1,-1461(x2)	  x2:0x8000870b  x1=0x00000000 PA:0x80008156
        6215000	       620	80000974	41f90d33	sub	x26,x18,x31	 x18:0x00000000 x31:0x00000000 x26=0x00000000
        6225000	       621	80000978	c9f10503	lb	x10,-865(x2)	  x2:0x8000870b x10=0x00000000 PA:0x800083aa
        6235000	       622	8000097c	c1410783	lb	x15,-1004(x2)	  x2:0x8000870b x15=0x00000000 PA:0x8000831f
        6245000	       623	80000980	00008717	auipc	x14,0x8	 x14=0x8000897c
        6255000	       624	80000984	27070713	addi	x14,x14,624	 x14:0x8000897c x14=0x80008bec
        6265000	       625	80000988	f2d70323	sb	x13,-218(x14)	 x14:0x80008bec x13:0x80009f84 PA:0x80008b12
        6275000	       626	8000098c	03271c03	lh	x24,50(x14)	 x14:0x80008bec x24=0x00000000 PA:0x80008c1e
        6285000	       627	80000990	41935133	sra	x2,x6,x25	  x6:0x00000000 x25:0x00000000  x2=0x00000000
        6295000	       628	80000994	00c58033	add	x0,x11,x12	 x11:0x00000000 x12:0x00000000
        6305000	       629	80000998	0dc71623	sh	x28,204(x14)	 x14:0x80008bec x28:0xf193c93c PA:0x80008cb8
        6315000	       630	8000099c	07774403	lbu	x8,119(x14)	 x14:0x80008bec  x8=0x00000000 PA:0x80008c63
        6325000	       631	800009a0	40df02b3	sub	x5,x30,x13	 x30:0x00000000 x13:0x80009f84  x5=0x7fff607c
        6335000	       632	800009a4	0cb70f83	lb	x31,203(x14)	 x14:0x80008bec x31=0x00000000 PA:0x80008cb7
        6345000	       633	800009a8	00000013	addi	x0,x0,0	  x0:0x00000000
        6355000	       634	800009ac	f4f74d03	lbu	x26,-177(x14)	 x14:0x80008bec x26=0x00000000 PA:0x80008b3b
        6365000	       635	800009b0	05072c03	lw	x24,80(x14)	 x14:0x80008bec x24=0x00000000 PA:0x80008c3c
        6375000	       636	800009b4	000a8bb3	add	x23,x21,x0	 x21:0x00000000  x0:0x00000000 x23=0x00000000
        6385000	       637	800009b8	be7ad337	lui	x6,0xbe7ad	  x6=0xbe7ad000
        6395000	       638	800009bc	f7a70b83	lb	x23,-134(x14)	 x14:0x80008bec x23=0x00000000 PA:0x80008b66
        6405000	       639	800009c0	4102dc97	auipc	x25,0x4102d	 x25=0xc102d9bc
        6415000	       640	800009c4	01b6b0b3	sltu	x1,x13,x27	 x13:0x80009f84 x27:0x80009fc4  x1=0x00000001
        6425000	       641	800009c8	0ca70a03	lb	x20,202(x14)	 x14:0x80008bec x20=0x00000000 PA:0x80008cb6
        6435000	       642	800009cc	668d4a13	xori	x20,x26,1640	 x26:0x00000000 x20=0x00000668
        6445000	       643	800009d0	00219493	slli	x9,x3,0x2	  x3:0x00000000  x9=0x00000000
        6455000	       644	800009d4	f1070e83	lb	x29,-240(x14)	 x14:0x80008bec x29=0x00000000 PA:0x80008afc
        6465000	       645	800009d8	01390eb3	add	x29,x18,x19	 x18:0x00000000 x19:0x00000000 x29=0x00000000
        6475000	       646	800009dc	f5d72a23	sw	x29,-172(x14)	 x14:0x80008bec x29:0x00000000 PA:0x80008b40
        6485000	       647	800009e0	0c2706a3	sb	x2,205(x14)	 x14:0x80008bec  x2:0x00000000 PA:0x80008cb9
        6495000	       648	800009e4	ffe74483	lbu	x9,-2(x14)	 x14:0x80008bec  x9=0x00000000 PA:0x80008bea
        6505000	       649	800009e8	00008297	auipc	x5,0x8	  x5=0x800089e4
        6515000	       650	800009ec	0e728293	addi	x5,x5,231	  x5:0x800089e4  x5=0x80008acb
        6525000	       651	800009f0	00008a97	auipc	x21,0x8	 x21=0x800089ec
        6535000	       652	800009f4	3cba8a93	addi	x21,x21,971	 x21:0x800089ec x21=0x80008db7
        6545000	       653	800009f8	00008417	auipc	x8,0x8	  x8=0x800089f4
        6555000	       654	800009fc	20840413	addi	x8,x8,520	  x8:0x800089f4  x8=0x80008bfc
        6565000	       655	80000a00	00008497	auipc	x9,0x8	  x9=0x800089fc
        6575000	       656	80000a04	39248493	addi	x9,x9,914	  x9:0x800089fc  x9=0x80008d8e
        6585000	       657	80000a08	ffba9803	lh	x16,-5(x21)	 x21:0x80008db7 x16=0x00000000 PA:0x80008db2
        6595000	       658	80000a0c	fde2cc83	lbu	x25,-34(x5)	  x5:0x80008acb x25=0x00000000 PA:0x80008aa9
        6605000	       659	80000a10	27441203	lh	x4,628(x8)	  x8:0x80008bfc  x4=0x00000000 PA:0x80008e70
        6615000	       660	80000a14	007a94a3	sh	x7,9(x21)	 x21:0x80008db7  x7:0x00000001 PA:0x80008dc0
        6625000	       661	80000a18	29544083	lbu	x1,661(x8)	  x8:0x80008bfc  x1=0x00000000 PA:0x80008e91
        6635000	       662	00000000	00000013	addi	x0,x0,0	  x0:0x00000000
        6645000	       663	80000a1c	00008117	auipc	x2,0x8	  x2=0x80008a18
        6655000	       664	80000a20	06310113	addi	x2,x2,99	  x2:0x80008a18  x2=0x80008a7b
        6665000	       665	80000a24	006a82a3	sb	x6,5(x21)	 x21:0x80008db7  x6:0xbe7ad000 PA:0x80008dbc
        6675000	       666	80000a28	fd828203	lb	x4,-40(x5)	  x5:0x80008acb  x4=0x00000000 PA:0x80008aa3
        6685000	       667	80000a2c	000a8603	lb	x12,0(x21)	 x21:0x80008db7 x12=0x00000000 PA:0x80008db7
        6695000	       668	80000a30	ea210f03	lb	x30,-350(x2)	  x2:0x80008a7b x30=0x00000000 PA:0x8000891d
        6705000	       669	80000a34	00ca8503	lb	x10,12(x21)	 x21:0x80008db7 x10=0x00000000 PA:0x80008dc3
        6715000	       670	80000a38	c7849303	lh	x6,-904(x9)	  x9:0x80008d8e  x6=0x00000000 PA:0x80008a06
        6725000	       671	80000a3c	2e540203	lb	x4,741(x8)	  x8:0x80008bfc  x4=0x00000000 PA:0x80008ee1
        6735000	       672	80000a40	1f710323	sb	x23,486(x2)	  x2:0x80008a7b x23:0x00000000 PA:0x80008c61
        6745000	       673	80000a44	ff428c83	lb	x25,-12(x5)	  x5:0x80008acb x25=0x00000000 PA:0x80008abf
        6755000	       674	80000a48	00dacb03	lbu	x22,13(x21)	 x21:0x80008db7 x22=0x00000000 PA:0x80008dc4
        6765000	       675	80000a4c	19045c83	lhu	x25,400(x8)	  x8:0x80008bfc x25=0x00000000 PA:0x80008d8c
        6775000	       676	80000a50	38610f83	lb	x31,902(x2)	  x2:0x80008a7b x31=0x00000000 PA:0x80008e01
        6785000	       677	80000a54	05328023	sb	x19,64(x5)	  x5:0x80008acb x19:0x00000000 PA:0x80008b0b
        6795000	       678	80000a58	b8f48a03	lb	x20,-1137(x9)	  x9:0x80008d8e x20=0x00000000 PA:0x8000891d
        6805000	       679	80000a5c	40f14c03	lbu	x24,1039(x2)	  x2:0x80008a7b x24=0x00000000 PA:0x80008e8a
        6815000	       680	80000a60	df442883	lw	x17,-524(x8)	  x8:0x80008bfc x17=0x00000000 PA:0x800089f0
        6825000	       681	80000a64	e6e483a3	sb	x14,-409(x9)	  x9:0x80008d8e x14:0x80008bec PA:0x80008bf5
        6835000	       682	80000a68	008ac303	lbu	x6,8(x21)	 x21:0x80008db7  x6=0x00000000 PA:0x80008dbf
        6845000	       683	80000a6c	33a404a3	sb	x26,809(x8)	  x8:0x80008bfc x26:0x00000000 PA:0x80008f25
        6855000	       684	80000a70	e5310183	lb	x3,-429(x2)	  x2:0x80008a7b  x3=0x00000000 PA:0x800088ce
        6865000	       685	80000a74	18515c03	lhu	x24,389(x2)	  x2:0x80008a7b x24=0x00000000 PA:0x80008c00
        6875000	       686	80000a78	a934ab23	sw	x19,-1386(x9)	  x9:0x80008d8e x19:0x00000000 PA:0x80008824
        6885000	       687	80000a7c	fd02cd03	lbu	x26,-48(x5)	  x5:0x80008acb x26=0x00000000 PA:0x80008a9b
        6895000	       688	80000a80	553112a3	sh	x19,1349(x2)	  x2:0x80008a7b x19:0x00000000 PA:0x80008fc0
        6905000	       689	80000a84	fdb28183	lb	x3,-37(x5)	  x5:0x80008acb  x3=0x00000000 PA:0x80008aa6
        6915000	       690	80000a88	09548703	lb	x14,149(x9)	  x9:0x80008d8e x14=0x00000000 PA:0x80008e23
        6925000	       691	80000a8c	f6c40303	lb	x6,-148(x8)	  x8:0x80008bfc  x6=0x00000000 PA:0x80008b68
        6935000	       692	80000a90	fd129903	lh	x18,-47(x5)	  x5:0x80008acb x18=0x00000000 PA:0x80008a9c
        6945000	       693	80000a94	ff729203	lh	x4,-9(x5)	  x5:0x80008acb  x4=0x00000000 PA:0x80008ac2
        6955000	       694	80000a98	fffa8b83	lb	x23,-1(x21)	 x21:0x80008db7 x23=0x00000000 PA:0x80008db6
        6965000	       695	80000a9c	d2748983	lb	x19,-729(x9)	  x9:0x80008d8e x19=0x00000000 PA:0x80008ab5
        6975000	       696	80000aa0	fc528783	lb	x15,-59(x5)	  x5:0x80008acb x15=0x00000000 PA:0x80008a90
        6985000	       697	80000aa4	fe144983	lbu	x19,-31(x8)	  x8:0x80008bfc x19=0x00000000 PA:0x80008bdd
        6995000	       698	80000aa8	48c100a3	sb	x12,1153(x2)	  x2:0x80008a7b x12:0x00000000 PA:0x80008efc
        7005000	       699	80000aac	ff42ca03	lbu	x20,-12(x5)	  x5:0x80008acb x20=0x00000000 PA:0x80008abf
        7015000	       700	80000ab0	00000013	addi	x0,x0,0	  x0:0x00000000
        7025000	       701	80000ab4	02569a63	bne	x13,x5,80000ae8	 x13:0x80009f84  x5:0x80008acb
        7035000	       702	00000000	00000013	addi	x0,x0,0	  x0:0x00000000
        7045000	       703	80000ae4	00000013	addi	x0,x0,0	  x0:0x00000000
        7055000	       704	80000ae8	41dbdeb3	sra	x29,x23,x29	 x23:0x00000000 x29:0x00000000 x29=0x00000000
        7065000	       705	80000aec	00000013	addi	x0,x0,0	  x0:0x00000000
        7075000	       706	80000af0	00fd4433	xor	x8,x26,x15	 x26:0x00000000 x15:0x00000000  x8=0x00000000
        7085000	       707	80000af4	00000013	addi	x0,x0,0	  x0:0x00000000
        7095000	       708	80000af8	056dc863	blt	x27,x22,80000b48	 x27:0x80009fc4 x22:0x00000000
        7105000	       709	00000000	00000013	addi	x0,x0,0	  x0:0x00000000
        7115000	       710	80000b44	00000013	addi	x0,x0,0	  x0:0x00000000
        7125000	       711	80000b48	61b94917	auipc	x18,0x61b94	 x18=0xe1b94b44
        7135000	       712	80000b4c	005d8663	beq	x27,x5,80000b58	 x27:0x80009fc4  x5:0x80008acb
        7145000	       713	80000b50	009b8bb3	add	x23,x23,x9	 x23:0x00000000  x9:0x80008d8e x23=0x80008d8e
        7155000	       714	80000b54	00761093	slli	x1,x12,0x7	 x12:0x00000000  x1=0x00000000
        7165000	       715	80000b58	f852d017	auipc	x0,0xf852d	
        7175000	       716	80000b5c	00000013	addi	x0,x0,0	  x0:0x00000000
        7185000	       717	80000b60	402d8fb3	sub	x31,x27,x2	 x27:0x80009fc4  x2:0x80008a7b x31=0x00001549
        7195000	       718	80000b64	08485a63	bge	x16,x4,80000bf8	 x16:0x00000000  x4:0x00000000
        7205000	       719	00000000	00000013	addi	x0,x0,0	  x0:0x00000000
        7215000	       720	80000bf4	00000013	addi	x0,x0,0	  x0:0x00000000
        7225000	       721	80000bf8	04de6463	bltu	x28,x13,80000c40	 x28:0xf193c93c x13:0x80009f84
        7235000	       722	80000bfc	0160ebb3	or	x23,x1,x22	  x1:0x00000000 x22:0x00000000 x23=0x00000000
        7245000	       723	80000c00	018e0463	beq	x28,x24,80000c08	 x28:0xf193c93c x24:0x00000000
        7255000	       724	80000c04	a35053b7	lui	x7,0xa3505	  x7=0xa3505000
        7265000	       725	80000c08	6938f613	andi	x12,x17,1683	 x17:0x00000000 x12=0x00000000
        7275000	       726	80000c0c	dd91f293	andi	x5,x3,-551	  x3:0x00000000  x5=0x00000000
        7285000	       727	80000c10	00fe91b3	sll	x3,x29,x15	 x29:0x00000000 x15:0x00000000  x3=0x00000000
        7295000	       728	80000c14	8c940f13	addi	x30,x8,-1847	  x8:0x00000000 x30=0xfffff8c9
        7305000	       729	80000c18	028ff063	bgeu	x31,x8,80000c38	 x31:0x00001549  x8:0x00000000
        7315000	       730	00000000	00000013	addi	x0,x0,0	  x0:0x00000000
        7325000	       731	80000c34	00000013	addi	x0,x0,0	  x0:0x00000000
        7335000	       732	80000c38	f7f07d37	lui	x26,0xf7f07	 x26=0xf7f07000
        7345000	       733	80000c3c	ce687597	auipc	x11,0xce687	 x11=0x4e687c38
        7355000	       734	80000c40	4154d493	srai	x9,x9,0x15	  x9:0x80008d8e  x9=0xfffffc00
        7365000	       735	80000c44	0042b033	sltu	x0,x5,x4	  x5:0x00000000  x4:0x00000000
        7375000	       736	80000c48	012aa433	slt	x8,x21,x18	 x21:0x80008db7 x18:0xe1b94b44  x8=0x00000001
        7385000	       737	80000c4c	0158d0b3	srl	x1,x17,x21	 x17:0x00000000 x21:0x80008db7  x1=0x00000000
        7395000	       738	80000c50	00417333	and	x6,x2,x4	  x2:0x80008a7b  x4:0x00000000  x6=0x00000000
        7405000	       739	80000c54	00dd0e63	beq	x26,x13,80000c70	 x26:0xf7f07000 x13:0x80009f84
        7415000	       740	80000c58	0167c663	blt	x15,x22,80000c64	 x15:0x00000000 x22:0x00000000
        7425000	       741	80000c5c	304c4513	xori	x10,x24,772	 x24:0x00000000 x10=0x00000304
        7435000	       742	80000c60	049ef863	bgeu	x29,x9,80000cb0	 x29:0x00000000  x9:0xfffffc00
        7445000	       743	80000c64	00c9bcb3	sltu	x25,x19,x12	 x19:0x00000000 x12:0x00000000 x25=0x00000000
        7455000	       744	80000c68	41f9dab3	sra	x21,x19,x31	 x19:0x00000000 x31:0x00001549 x21=0x00000000
        7465000	       745	80000c6c	01346533	or	x10,x8,x19	  x8:0x00000001 x19:0x00000000 x10=0x00000001
        7475000	       746	80000c70	00098663	beq	x19,x0,80000c7c	 x19:0x00000000  x0:0x00000000
        7485000	       747	00000000	00000013	addi	x0,x0,0	  x0:0x00000000
        7495000	       748	80000c78	00000013	addi	x0,x0,0	  x0:0x00000000
        7505000	       749	80000c7c	02dccc63	blt	x25,x13,80000cb4	 x25:0x00000000 x13:0x80009f84
        7515000	       750	80000c80	70826593	ori	x11,x4,1800	  x4:0x00000000 x11=0x00000708
        7525000	       751	80000c84	01e48663	beq	x9,x30,80000c90	  x9:0xfffffc00 x30:0xfffff8c9
        7535000	       752	80000c88	00e6b733	sltu	x14,x13,x14	 x13:0x80009f84 x14:0x00000000 x14=0x00000000
        7545000	       753	80000c8c	01c09663	bne	x1,x28,80000c98	  x1:0x00000000 x28:0xf193c93c
        7555000	       754	00000000	00000013	addi	x0,x0,0	  x0:0x00000000
        7565000	       755	80000c94	00000013	addi	x0,x0,0	  x0:0x00000000
        7575000	       756	80000c98	e2f22d13	slti	x26,x4,-465	  x4:0x00000000 x26=0x00000000
        7585000	       757	80000c9c	9aa52a13	slti	x20,x10,-1622	 x10:0x00000001 x20=0x00000000
        7595000	       758	80000ca0	d7192493	slti	x9,x18,-655	 x18:0xe1b94b44  x9=0x00000001
        7605000	       759	80000ca4	005d4333	xor	x6,x26,x5	 x26:0x00000000  x5:0x00000000  x6=0x00000000
        7615000	       760	80000ca8	4101d9b3	sra	x19,x3,x16	  x3:0x00000000 x16:0x00000000 x19=0x00000000
        7625000	       761	80000cac	5296ab93	slti	x23,x13,1321	 x13:0x80009f84 x23=0x00000001
        7635000	       762	80000cb0	04c0c463	blt	x1,x12,80000cf8	  x1:0x00000000 x12:0x00000000
        7645000	       763	80000cb4	0330fa63	bgeu	x1,x19,80000ce8	  x1:0x00000000 x19:0x00000000
        7655000	       764	00000000	00000013	addi	x0,x0,0	  x0:0x00000000
        7665000	       765	80000ce4	00000013	addi	x0,x0,0	  x0:0x00000000
        7675000	       766	80000ce8	40d780b3	sub	x1,x15,x13	 x15:0x00000000 x13:0x80009f84  x1=0x7fff607c
        7685000	       767	80000cec	00000013	addi	x0,x0,0	  x0:0x00000000
        7695000	       768	80000cf0	c30fc713	xori	x14,x31,-976	 x31:0x00001549 x14=0xffffe979
        7705000	       769	80000cf4	016f2b33	slt	x22,x30,x22	 x30:0xfffff8c9 x22:0x00000000 x22=0x00000001
        7715000	       770	80000cf8	00d5d113	srli	x2,x11,0xd	 x11:0x00000708  x2=0x00000000
        7725000	       771	80000cfc	00adb1b3	sltu	x3,x27,x10	 x27:0x80009fc4 x10:0x00000001  x3=0x00000000
        7735000	       772	80000d00	01c1d9b3	srl	x19,x3,x28	  x3:0x00000000 x28:0xf193c93c x19=0x00000000
        7745000	       773	80000d04	23cac593	xori	x11,x21,572	 x21:0x00000000 x11=0x0000023c
        7755000	       774	80000d08	01cf1a93	slli	x21,x30,0x1c	 x30:0xfffff8c9 x21=0x90000000
        7765000	       775	80000d0c	3f10c513	xori	x10,x1,1009	  x1:0x7fff607c x10=0x7fff638d
        7775000	       776	80000d10	c3323c13	sltiu	x24,x4,-973	  x4:0x00000000 x24=0x00000001
        7785000	       777	80000d14	f9840513	addi	x10,x8,-104	  x8:0x00000001 x10=0xffffff99
        7795000	       778	80000d18	00e39d33	sll	x26,x7,x14	  x7:0xa3505000 x14:0xffffe979 x26=0x00000000
        7805000	       779	80000d1c	41c9d613	srai	x12,x19,0x1c	 x19:0x00000000 x12=0x00000000
        7815000	       780	80000d20	73af6d13	ori	x26,x30,1850	 x30:0xfffff8c9 x26=0xfffffffb
        7825000	       781	80000d24	41ac5533	sra	x10,x24,x26	 x24:0x00000001 x26:0xfffffffb x10=0x00000000
        7835000	       782	80000d28	00000013	addi	x0,x0,0	  x0:0x00000000
        7845000	       783	80000d2c	7cabaf93	slti	x31,x23,1994	 x23:0x00000001 x31=0x00000001
        7855000	       784	80000d30	009c4cb3	xor	x25,x24,x9	 x24:0x00000001  x9:0x00000001 x25=0x00000000
        7865000	       785	80000d34	60f63293	sltiu	x5,x12,1551	 x12:0x00000000  x5=0x00000001
        7875000	       786	80000d38	00000013	addi	x0,x0,0	  x0:0x00000000
        7885000	       787	80000d3c	02fc9063	bne	x25,x15,80000d5c	 x25:0x00000000 x15:0x00000000
        7895000	       788	80000d40	40fe5d33	sra	x26,x28,x15	 x28:0xf193c93c x15:0x00000000 x26=0xf193c93c
        7905000	       789	80000d44	bcbd6213	ori	x4,x26,-1077	 x26:0xf193c93c  x4=0xfffffbff
        7915000	       790	80000d48	02b11c63	bne	x2,x11,80000d80	  x2:0x00000000 x11:0x0000023c
        7925000	       791	00000000	00000013	addi	x0,x0,0	  x0:0x00000000
        7935000	       792	80000d7c	00000013	addi	x0,x0,0	  x0:0x00000000
        7945000	       793	80000d80	02dede63	bge	x29,x13,80000dbc	 x29:0x00000000 x13:0x80009f84
        7955000	       794	00000000	00000013	addi	x0,x0,0	  x0:0x00000000
        7965000	       795	80000db8	00000013	addi	x0,x0,0	  x0:0x00000000
        7975000	       796	80000dbc	01c2f533	and	x10,x5,x28	  x5:0x00000001 x28:0xf193c93c x10=0x00000000
        7985000	       797	80000dc0	b441ec97	auipc	x25,0xb441e	 x25=0x3441edbc
        7995000	       798	80000dc4	00b20863	beq	x4,x11,80000dd4	  x4:0xfffffbff x11:0x0000023c
        8005000	       799	80000dc8	01f35793	srli	x15,x6,0x1f	  x6:0x00000000 x15=0x00000000
        8015000	       800	80000dcc	00145213	srli	x4,x8,0x1	  x8:0x00000001  x4=0x00000000
        8025000	       801	80000dd0	c012b493	sltiu	x9,x5,-1023	  x5:0x00000001  x9=0x00000001
        8035000	       802	80000dd4	a535d137	lui	x2,0xa535d	  x2=0xa535d000
        8045000	       803	80000dd8	0439e463	bltu	x19,x3,80000e20	 x19:0x00000000  x3:0x00000000
        8055000	       804	80000ddc	5c458e93	addi	x29,x11,1476	 x11:0x0000023c x29=0x00000800
        8065000	       805	80000de0	00b05eb3	srl	x29,x0,x11	  x0:0x00000000 x11:0x0000023c x29=0x00000000
        8075000	       806	80000de4	417f5b13	srai	x22,x30,0x17	 x30:0xfffff8c9 x22=0xffffffff
        8085000	       807	80000de8	00d65663	bge	x12,x13,80000df4	 x12:0x00000000 x13:0x80009f84
        8095000	       808	00000000	00000013	addi	x0,x0,0	  x0:0x00000000
        8105000	       809	80000df0	00000013	addi	x0,x0,0	  x0:0x00000000
        8115000	       810	80000df4	9c9f8e93	addi	x29,x31,-1591	 x31:0x00000001 x29=0xfffff9ca
        8125000	       811	80000df8	0183b033	sltu	x0,x7,x24	  x7:0xa3505000 x24:0x00000001
        8135000	       812	80000dfc	00000013	addi	x0,x0,0	  x0:0x00000000
        8145000	       813	80000e00	00729663	bne	x5,x7,80000e0c	  x5:0x00000001  x7:0xa3505000
        8155000	       814	00000000	00000013	addi	x0,x0,0	  x0:0x00000000
        8165000	       815	80000e08	00000013	addi	x0,x0,0	  x0:0x00000000
        8175000	       816	80000e0c	2b0ca413	slti	x8,x25,688	 x25:0x3441edbc  x8=0x00000000
        8185000	       817	80000e10	0192fb33	and	x22,x5,x25	  x5:0x00000001 x25:0x3441edbc x22=0x00000000
        8195000	       818	80000e14	00f813b3	sll	x7,x16,x15	 x16:0x00000000 x15:0x00000000  x7=0x00000000
        8205000	       819	80000e18	01736663	bltu	x6,x23,80000e24	  x6:0x00000000 x23:0x00000001
        8215000	       820	00000000	00000013	addi	x0,x0,0	  x0:0x00000000
        8225000	       821	80000e20	00000013	addi	x0,x0,0	  x0:0x00000000
        8235000	       822	80000e24	00bc6a33	or	x20,x24,x11	 x24:0x00000001 x11:0x0000023c x20=0x0000023d
        8245000	       823	80000e28	01041e63	bne	x8,x16,80000e44	  x8:0x00000000 x16:0x00000000
        8255000	       824	80000e2c	d6ca3897	auipc	x17,0xd6ca3	 x17=0x56ca3e28
        8265000	       825	80000e30	00e4d663	bge	x9,x14,80000e3c	  x9:0x00000001 x14:0xffffe979
        8275000	       826	00000000	00000013	addi	x0,x0,0	  x0:0x00000000
        8285000	       827	80000e38	00000013	addi	x0,x0,0	  x0:0x00000000
        8295000	       828	80000e3c	00a1e233	or	x4,x3,x10	  x3:0x00000000 x10:0x00000000  x4=0x00000000
        8305000	       829	80000e40	017cbb33	sltu	x22,x25,x23	 x25:0x3441edbc x23:0x00000001 x22=0x00000000
        8315000	       830	80000e44	404c55b3	sra	x11,x24,x4	 x24:0x00000001  x4:0x00000000 x11=0x00000001
        8325000	       831	80000e48	009f13b3	sll	x7,x30,x9	 x30:0xfffff8c9  x9:0x00000001  x7=0xfffff192
        8335000	       832	80000e4c	02e27493	andi	x9,x4,46	  x4:0x00000000  x9=0x00000000
        8345000	       833	80000e50	00718233	add	x4,x3,x7	  x3:0x00000000  x7:0xfffff192  x4=0xfffff192
        8355000	       834	80000e54	42aae113	ori	x2,x21,1066	 x21:0x90000000  x2=0x9000042a
        8365000	       835	80000e58	034ac863	blt	x21,x20,80000e88	 x21:0x90000000 x20:0x0000023d
        8375000	       836	00000000	00000013	addi	x0,x0,0	  x0:0x00000000
        8385000	       837	80000e84	00000013	addi	x0,x0,0	  x0:0x00000000
        8395000	       838	80000e88	18cb4213	xori	x4,x22,396	 x22:0x00000000  x4=0x0000018c
        8405000	       839	80000e8c	4047d993	srai	x19,x15,0x4	 x15:0x00000000 x19=0x00000000
        8415000	       840	80000e90	39c49b97	auipc	x23,0x39c49	 x23=0xb9c49e8c
        8425000	       841	80000e94	2ff32013	slti	x0,x6,767	  x6:0x00000000
        8435000	       842	80000e98	01c64663	blt	x12,x28,80000ea4	 x12:0x00000000 x28:0xf193c93c
        8445000	       843	80000e9c	013f7833	and	x16,x30,x19	 x30:0xfffff8c9 x19:0x00000000 x16=0x00000000
        8455000	       844	80000ea0	99c8a513	slti	x10,x17,-1636	 x17:0x56ca3e28 x10=0x00000000
        8465000	       845	80000ea4	01f5f433	and	x8,x11,x31	 x11:0x00000001 x31:0x00000001  x8=0x00000001
        8475000	       846	80000ea8	00a5c2b3	xor	x5,x11,x10	 x11:0x00000001 x10:0x00000000  x5=0x00000001
        8485000	       847	80000eac	000e5463	bge	x28,x0,80000eb4	 x28:0xf193c93c  x0:0x00000000
        8495000	       848	80000eb0	0aebf737	lui	x14,0xaebf	 x14=0x0aebf000
        8505000	       849	80000eb4	0125d413	srli	x8,x11,0x12	 x11:0x00000001  x8=0x00000000
        8515000	       850	80000eb8	066b7c63	bgeu	x22,x6,80000f30	 x22:0x00000000  x6:0x00000000
        8525000	       851	00000000	00000013	addi	x0,x0,0	  x0:0x00000000
        8535000	       852	80000f2c	00000013	addi	x0,x0,0	  x0:0x00000000
        8545000	       853	80000f30	00cad433	srl	x8,x21,x12	 x21:0x90000000 x12:0x00000000  x8=0x90000000
        8555000	       854	80000f34	05b21863	bne	x4,x27,80000f84	  x4:0x0000018c x27:0x80009fc4
        8565000	       855	00000000	00000013	addi	x0,x0,0	  x0:0x00000000
        8575000	       856	80000f80	00000013	addi	x0,x0,0	  x0:0x00000000
        8585000	       857	80000f84	0185d663	bge	x11,x24,80000f90	 x11:0x00000001 x24:0x00000001
        8595000	       858	00000000	00000013	addi	x0,x0,0	  x0:0x00000000
        8605000	       859	80000f8c	00000013	addi	x0,x0,0	  x0:0x00000000
        8615000	       860	80000f90	713bb493	sltiu	x9,x23,1811	 x23:0xb9c49e8c  x9=0x00000000
        8625000	       861	80000f94	00000013	addi	x0,x0,0	  x0:0x00000000
        8635000	       862	80000f98	0342d063	bge	x5,x20,80000fb8	  x5:0x00000001 x20:0x0000023d
        8645000	       863	80000f9c	88868a13	addi	x20,x13,-1912	 x13:0x80009f84 x20=0x8000980c
        8655000	       864	80000fa0	01ff4b33	xor	x22,x30,x31	 x30:0xfffff8c9 x31:0x00000001 x22=0xfffff8c8
        8665000	       865	80000fa4	00a5a9b3	slt	x19,x11,x10	 x11:0x00000001 x10:0x00000000 x19=0x00000000
        8675000	       866	80000fa8	9f566d13	ori	x26,x12,-1547	 x12:0x00000000 x26=0xfffff9f5
        8685000	       867	80000fac	588e2213	slti	x4,x28,1416	 x28:0xf193c93c  x4=0x00000001
        8695000	       868	80000fb0	01af7cb3	and	x25,x30,x26	 x30:0xfffff8c9 x26:0xfffff9f5 x25=0xfffff8c1
        8705000	       869	80000fb4	00000013	addi	x0,x0,0	  x0:0x00000000
        8715000	       870	80000fb8	039e4a63	blt	x28,x25,80000fec	 x28:0xf193c93c x25:0xfffff8c1
        8725000	       871	00000000	00000013	addi	x0,x0,0	  x0:0x00000000
        8735000	       872	80000fe8	00000013	addi	x0,x0,0	  x0:0x00000000
        8745000	       873	80000fec	03bac063	blt	x21,x27,8000100c	 x21:0x90000000 x27:0x80009fc4
        8755000	       874	80000ff0	05b3d463	bge	x7,x27,80001038	  x7:0xfffff192 x27:0x80009fc4
        8765000	       875	00000000	00000013	addi	x0,x0,0	  x0:0x00000000
        8775000	       876	80001034	00000013	addi	x0,x0,0	  x0:0x00000000
        8785000	       877	80001038	40166c13	ori	x24,x12,1025	 x12:0x00000000 x24=0x00000401
        8795000	       878	8000103c	014ef5b3	and	x11,x29,x20	 x29:0xfffff9ca x20:0x8000980c x11=0x80009808
        8805000	       879	80001040	00151b33	sll	x22,x10,x1	 x10:0x00000000  x1:0x7fff607c x22=0x00000000
        8815000	       880	80001044	00196bb3	or	x23,x18,x1	 x18:0xe1b94b44  x1:0x7fff607c x23=0xffff6b7c
        8825000	       881	80001048	8d5ac093	xori	x1,x21,-1835	 x21:0x90000000  x1=0x6ffff8d5
        8835000	       882	8000104c	40195133	sra	x2,x18,x1	 x18:0xe1b94b44  x1:0x6ffff8d5  x2=0xffffff0d
        8845000	       883	80001050	9ac76213	ori	x4,x14,-1620	 x14:0x0aebf000  x4=0xfffff9ac
        8855000	       884	80001054	add18e93	addi	x29,x3,-1315	  x3:0x00000000 x29=0xfffffadd
        8865000	       885	80001058	0c258063	beq	x11,x2,80001118	 x11:0x80009808  x2:0xffffff0d
        8875000	       886	8000105c	00020533	add	x10,x4,x0	  x4:0xfffff9ac  x0:0x00000000 x10=0xfffff9ac
        8885000	       887	80001060	00008317	auipc	x6,0x8	  x6=0x8000905c
        8895000	       888	80001064	b4e30313	addi	x6,x6,-1202	  x6:0x8000905c  x6=0x80008baa
        8905000	       889	80001068	00f34003	lbu	x0,15(x6)	  x6:0x80008baa PA:0x80008bb9
        8915000	       890	8000106c	00008d17	auipc	x26,0x8	 x26=0x80009068
        8925000	       891	80001070	8bfd0d13	addi	x26,x26,-1857	 x26:0x80009068 x26=0x80008927
        8935000	       892	80001074	fe3309a3	sb	x3,-13(x6)	  x6:0x80008baa  x3:0x00000000 PA:0x80008b9d
        8945000	       893	80001078	00008597	auipc	x11,0x8	 x11=0x80009074
        8955000	       894	8000107c	b0f58593	addi	x11,x11,-1265	 x11:0x80009074 x11=0x80008b83
        8965000	       895	80001080	ff8d0ea3	sb	x24,-3(x26)	 x26:0x80008927 x24:0x00000401 PA:0x80008924
        8975000	       896	80001084	0f058f23	sb	x16,254(x11)	 x11:0x80008b83 x16:0x00000000 PA:0x80008c81
        8985000	       897	80001088	ff035883	lhu	x17,-16(x6)	  x6:0x80008baa x17=0x00000000 PA:0x80008b9a
        8995000	       898	8000108c	00830903	lb	x18,8(x6)	  x6:0x80008baa x18=0x00000000 PA:0x80008bb2
        9005000	       899	80001090	07158523	sb	x17,106(x11)	 x11:0x80008b83 x17:0x00000000 PA:0x80008bed
        9015000	       900	80001094	ffcd0783	lb	x15,-4(x26)	 x26:0x80008927 x15=0x00000000 PA:0x80008923
        9025000	       901	80001098	00008517	auipc	x10,0x8	 x10=0x80009094
        9035000	       902	8000109c	8d850513	addi	x10,x10,-1832	 x10:0x80009094 x10=0x8000896c
        9045000	       903	800010a0	ffc30283	lb	x5,-4(x6)	  x6:0x80008baa  x5=0x00000000 PA:0x80008ba6
        9055000	       904	800010a4	010d4603	lbu	x12,16(x26)	 x26:0x80008927 x12=0x00000000 PA:0x80008937
        9065000	       905	800010a8	00fd5c83	lhu	x25,15(x26)	 x26:0x80008927 x25=0x00000000 PA:0x80008936
        9075000	       906	800010ac	e7258323	sb	x18,-410(x11)	 x11:0x80008b83 x18:0x00000000 PA:0x800089e9
        9085000	       907	800010b0	ff031a03	lh	x20,-16(x6)	  x6:0x80008baa x20=0x00000000 PA:0x80008b9a
        9095000	       908	800010b4	00732323	sw	x7,6(x6)	  x6:0x80008baa  x7:0xfffff192 PA:0x80008bb0
        9105000	       909	800010b8	00cd0603	lb	x12,12(x26)	 x26:0x80008927 x12=0x00000000 PA:0x80008933
        9115000	       910	800010bc	4cb50223	sb	x11,1220(x10)	 x10:0x8000896c x11:0x80008b83 PA:0x80008e30
        9125000	       911	800010c0	00b30883	lb	x17,11(x6)	  x6:0x80008baa x17=0x00000000 PA:0x80008bb5
        9135000	       912	800010c4	1e458fa3	sb	x4,511(x11)	 x11:0x80008b83  x4:0xfffff9ac PA:0x80008d82
        9145000	       913	800010c8	60551723	sh	x5,1550(x10)	 x10:0x8000896c  x5:0x00000000 PA:0x80008f7a
        9155000	       914	800010cc	f5d59003	lh	x0,-163(x11)	 x11:0x80008b83 PA:0x80008ae0
        9165000	       915	800010d0	0e258983	lb	x19,226(x11)	 x11:0x80008b83 x19=0x00000000 PA:0x80008c65
        9175000	       916	800010d4	00831f83	lh	x31,8(x6)	  x6:0x80008baa x31=0xffffffff PA:0x80008bb2
        9185000	       917	800010d8	3af598a3	sh	x15,945(x11)	 x11:0x80008b83 x15:0x00000000 PA:0x80008f34
        9195000	       918	800010dc	000d0c83	lb	x25,0(x26)	 x26:0x80008927 x25=0x00000000 PA:0x80008927
        9205000	       919	800010e0	37658203	lb	x4,886(x11)	 x11:0x80008b83  x4=0x00000000 PA:0x80008ef9
        9215000	       920	800010e4	ff1d5183	lhu	x3,-15(x26)	 x26:0x80008927  x3=0x00000000 PA:0x80008918
        9225000	       921	800010e8	03b50b83	lb	x23,59(x10)	 x10:0x8000896c x23=0x00000000 PA:0x800089a7
        9235000	       922	800010ec	fe3d28a3	sw	x3,-15(x26)	 x26:0x80008927  x3:0x00000000 PA:0x80008918
        9245000	       923	800010f0	ff9d2c83	lw	x25,-7(x26)	 x26:0x80008927 x25=0x00000000 PA:0x80008920
        9255000	       924	800010f4	02a50a03	lb	x20,42(x10)	 x10:0x8000896c x20=0x00000000 PA:0x80008996
        9265000	       925	800010f8	21558323	sb	x21,518(x11)	 x11:0x80008b83 x21:0x90000000 PA:0x80008d89
        9275000	       926	800010fc	ff5d4183	lbu	x3,-11(x26)	 x26:0x80008927  x3=0x00000000 PA:0x8000891c
        9285000	       927	80001100	fa850623	sb	x8,-84(x10)	 x10:0x8000896c  x8:0x90000000 PA:0x80008918
        9295000	       928	80001104	01ea4663	blt	x20,x30,80001110	 x20:0x00000000 x30:0xfffff8c9
        9305000	       929	80001108	00e202b3	add	x5,x4,x14	  x4:0x00000000 x14:0x0aebf000  x5=0x0aebf000
        9315000	       930	8000110c	020b4a63	blt	x22,x0,80001140	 x22:0x00000000  x0:0x00000000
        9325000	       931	80001110	405b8033	sub	x0,x23,x5	 x23:0x00000000  x5:0x0aebf000
        9335000	       932	80001114	00000013	addi	x0,x0,0	  x0:0x00000000
        9345000	       933	80001118	003a4333	xor	x6,x20,x3	 x20:0x00000000  x3:0x00000000  x6=0x00000000
        9355000	       934	8000111c	01c84e63	blt	x16,x28,80001138	 x16:0x00000000 x28:0xf193c93c
        9365000	       935	80001120	009f8c33	add	x24,x31,x9	 x31:0xffffffff  x9:0x00000000 x24=0xffffffff
        9375000	       936	80001124	2900e193	ori	x3,x1,656	  x1:0x6ffff8d5  x3=0x6ffffad5
        9385000	       937	80001128	41be5b33	sra	x22,x28,x27	 x28:0xf193c93c x27:0x80009fc4 x22=0xff193c93
        9395000	       938	8000112c	050d0863	beq	x26,x16,8000117c	 x26:0x80008927 x16:0x00000000
        9405000	       939	80001130	4030d8b3	sra	x17,x1,x3	  x1:0x6ffff8d5  x3:0x6ffffad5 x17=0x0000037f
        9415000	       940	80001134	0023a233	slt	x4,x7,x2	  x7:0xfffff192  x2:0xffffff0d  x4=0x00000001
        9425000	       941	80001138	69407b93	andi	x23,x0,1684	  x0:0x00000000 x23=0x00000000
        9435000	       942	8000113c	0001e7b3	or	x15,x3,x0	  x3:0x6ffffad5  x0:0x00000000 x15=0x6ffffad5
        9445000	       943	80001140	40c0dbb3	sra	x23,x1,x12	  x1:0x6ffff8d5 x12:0x00000000 x23=0x6ffff8d5
        9455000	       944	80001144	40db8533	sub	x10,x23,x13	 x23:0x6ffff8d5 x13:0x80009f84 x10=0xefff5951
        9465000	       945	80001148	00a17fb3	and	x31,x2,x10	  x2:0xffffff0d x10:0xefff5951 x31=0xefff5901
        9475000	       946	8000114c	0053f663	bgeu	x7,x5,80001158	  x7:0xfffff192  x5:0x0aebf000
        9485000	       947	00000000	00000013	addi	x0,x0,0	  x0:0x00000000
        9495000	       948	80001154	00000013	addi	x0,x0,0	  x0:0x00000000
        9505000	       949	80001158	d9b27c13	andi	x24,x4,-613	  x4:0x00000001 x24=0x00000001
        9515000	       950	8000115c	e86c4a37	lui	x20,0xe86c4	 x20=0xe86c4000
        9525000	       951	80001160	00195eb3	srl	x29,x18,x1	 x18:0x00000000  x1:0x6ffff8d5 x29=0x00000000
        9535000	       952	80001164	6c0d8893	addi	x17,x27,1728	 x27:0x80009fc4 x17=0x8000a684
        9545000	       953	80001168	000d5cb3	srl	x25,x26,x0	 x26:0x80008927  x0:0x00000000 x25=0x80008927
        9555000	       954	8000116c	01bed233	srl	x4,x29,x27	 x29:0x00000000 x27:0x80009fc4  x4=0x00000000
        9565000	       955	80001170	00b4a0b3	slt	x1,x9,x11	  x9:0x00000000 x11:0x80008b83  x1=0x00000000
        9575000	       956	80001174	00678133	add	x2,x15,x6	 x15:0x6ffffad5  x6:0x00000000  x2=0x6ffffad5
        9585000	       957	80001178	41f55913	srai	x18,x10,0x1f	 x10:0xefff5951 x18=0xffffffff
        9595000	       958	8000117c	02a31e63	bne	x6,x10,800011b8	  x6:0x00000000 x10:0xefff5951
        9605000	       959	00000000	00000013	addi	x0,x0,0	  x0:0x00000000
        9615000	       960	800011b4	00000013	addi	x0,x0,0	  x0:0x00000000
        9625000	       961	800011b8	a7d8ac93	slti	x25,x17,-1411	 x17:0x8000a684 x25=0x00000001
        9635000	       962	800011bc	411b57b3	sra	x15,x22,x17	 x22:0xff193c93 x17:0x8000a684 x15=0xfff193c9
        9645000	       963	800011c0	d6ea6113	ori	x2,x20,-658	 x20:0xe86c4000  x2=0xfffffd6e
        9655000	       964	800011c4	4151d033	sra	x0,x3,x21	  x3:0x6ffffad5 x21:0x90000000
        9665000	       965	800011c8	0097ab33	slt	x22,x15,x9	 x15:0xfff193c9  x9:0x00000000 x22=0x00000001
        9675000	       966	800011cc	00e49663	bne	x9,x14,800011d8	  x9:0x00000000 x14:0x0aebf000
        9685000	       967	00000000	00000013	addi	x0,x0,0	  x0:0x00000000
        9695000	       968	800011d4	00000013	addi	x0,x0,0	  x0:0x00000000
        9705000	       969	800011d8	00ae6333	or	x6,x28,x10	 x28:0xf193c93c x10:0xefff5951  x6=0xffffd97d
        9715000	       970	800011dc	41f003b3	sub	x7,x0,x31	  x0:0x00000000 x31:0xefff5901  x7=0x1000a6ff
        9725000	       971	800011e0	01ca0bb3	add	x23,x20,x28	 x20:0xe86c4000 x28:0xf193c93c x23=0xda00093c
        9735000	       972	800011e4	00089233	sll	x4,x17,x0	 x17:0x8000a684  x0:0x00000000  x4=0x8000a684
        9745000	       973	800011e8	0147d633	srl	x12,x15,x20	 x15:0xfff193c9 x20:0xe86c4000 x12=0xfff193c9
        9755000	       974	800011ec	00b614b3	sll	x9,x12,x11	 x12:0xfff193c9 x11:0x80008b83  x9=0xff8c9e48
        9765000	       975	800011f0	013e45b3	xor	x11,x28,x19	 x28:0xf193c93c x19:0x00000000 x11=0xf193c93c
        9775000	       976	800011f4	4180d4b3	sra	x9,x1,x24	  x1:0x00000000 x24:0x00000001  x9=0x00000000
        9785000	       977	800011f8	004e4bb3	xor	x23,x28,x4	 x28:0xf193c93c  x4:0x8000a684 x23=0x71936fb8
        9795000	       978	800011fc	00b8c9b3	xor	x19,x17,x11	 x17:0x8000a684 x11:0xf193c93c x19=0x71936fb8
        9805000	       979	80001200	01e95e93	srli	x29,x18,0x1e	 x18:0xffffffff x29=0x00000003
        9815000	       980	80001204	00000013	addi	x0,x0,0	  x0:0x00000000
        9825000	       981	80001208	0493d663	bge	x7,x9,80001254	  x7:0x1000a6ff  x9:0x00000000
        9835000	       982	00000000	00000013	addi	x0,x0,0	  x0:0x00000000
        9845000	       983	80001250	00000013	addi	x0,x0,0	  x0:0x00000000
        9855000	       984	80001254	09083793	sltiu	x15,x16,144	 x16:0x00000000 x15=0x00000001
        9865000	       985	80001258	00000013	addi	x0,x0,0	  x0:0x00000000
        9875000	       986	8000125c	00301213	slli	x4,x0,0x3	  x0:0x00000000  x4=0x00000000
        9885000	       987	80001260	01e1f833	and	x16,x3,x30	  x3:0x6ffffad5 x30:0xfffff8c9 x16=0x6ffff8c1
        9895000	       988	80001264	2e9be093	ori	x1,x23,745	 x23:0x71936fb8  x1=0x71936ff9
        9905000	       989	80001268	050a6463	bltu	x20,x16,800012b0	 x20:0xe86c4000 x16:0x6ffff8c1
        9915000	       990	8000126c	00000013	addi	x0,x0,0	  x0:0x00000000
        9925000	       991	80001270	b66f8d17	auipc	x26,0xb66f8	 x26=0x366f926c
        9935000	       992	80001274	eef64893	xori	x17,x12,-273	 x12:0xfff193c9 x17=0x000e6d26
        9945000	       993	80001278	6b4895b7	lui	x11,0x6b489	 x11=0x6b489000
        9955000	       994	8000127c	02225863	bge	x4,x2,800012ac	  x4:0x00000000  x2:0xfffffd6e
        9965000	       995	00000000	00000013	addi	x0,x0,0	  x0:0x00000000
        9975000	       996	800012a8	00000013	addi	x0,x0,0	  x0:0x00000000
        9985000	       997	800012ac	013f05b3	add	x11,x30,x19	 x30:0xfffff8c9 x19:0x71936fb8 x11=0x71936881
        9995000	       998	800012b0	01cb17b3	sll	x15,x22,x28	 x22:0x00000001 x28:0xf193c93c x15=0x10000000
       10005000	       999	800012b4	01092d33	slt	x26,x18,x16	 x18:0xffffffff x16:0x6ffff8c1 x26=0x00000001
       10015000	      1000	800012b8	03c2de63	bge	x5,x28,800012f4	  x5:0x0aebf000 x28:0xf193c93c
       10025000	      1001	00000000	00000013	addi	x0,x0,0	  x0:0x00000000
       10035000	      1002	800012f0	00000013	addi	x0,x0,0	  x0:0x00000000
       10045000	      1003	800012f4	00cf1f93	slli	x31,x30,0xc	 x30:0xfffff8c9 x31=0xff8c9000
       10055000	      1004	800012f8	15956993	ori	x19,x10,345	 x10:0xefff5951 x19=0xefff5959
       10065000	      1005	800012fc	b7fa7093	andi	x1,x20,-1153	 x20:0xe86c4000  x1=0xe86c4000
       10075000	      1006	80001300	00509f93	slli	x31,x1,0x5	  x1:0xe86c4000 x31=0x0d880000
       10085000	      1007	80001304	ccae3493	sltiu	x9,x28,-822	 x28:0xf193c93c  x9=0x00000001
       10095000	      1008	80001308	36864613	xori	x12,x12,872	 x12:0xfff193c9 x12=0xfff190a1
       10105000	      1009	8000130c	010c8663	beq	x25,x16,80001318	 x25:0x00000001 x16:0x6ffff8c1
       10115000	      1010	80001310	40bf51b3	sra	x3,x30,x11	 x30:0xfffff8c9 x11:0x71936881  x3=0xfffffc64
       10125000	      1011	80001314	41805513	srai	x10,x0,0x18	  x0:0x00000000 x10=0x00000000
       10135000	      1012	80001318	40d85933	sra	x18,x16,x13	 x16:0x6ffff8c1 x13:0x80009f84 x18=0x06ffff8c
       10145000	      1013	8000131c	00d878b3	and	x17,x16,x13	 x16:0x6ffff8c1 x13:0x80009f84 x17=0x00009880
       10155000	      1014	80001320	bc432413	slti	x8,x6,-1084	  x6:0xffffd97d  x8=0x00000001
       10165000	      1015	80001324	02abf063	bgeu	x23,x10,80001344	 x23:0x71936fb8 x10:0x00000000
       10175000	      1016	00000000	00000013	addi	x0,x0,0	  x0:0x00000000
       10185000	      1017	80001340	00000013	addi	x0,x0,0	  x0:0x00000000
       10195000	      1018	80001344	00000013	addi	x0,x0,0	  x0:0x00000000
       10205000	      1019	80001348	40be5513	srai	x10,x28,0xb	 x28:0xf193c93c x10=0xfffe3279
       10215000	      1020	8000134c	00947a33	and	x20,x8,x9	  x8:0x00000001  x9:0x00000001 x20=0x00000001
       10225000	      1021	80001350	38faf813	andi	x16,x21,911	 x21:0x90000000 x16=0x00000000
       10235000	      1022	80001354	412688b3	sub	x17,x13,x18	 x13:0x80009f84 x18:0x06ffff8c x17=0x79009ff8
       10245000	      1023	80001358	40135493	srai	x9,x6,0x1	  x6:0xffffd97d  x9=0xffffecbe
       10255000	      1024	8000135c	047af463	bgeu	x21,x7,800013a4	 x21:0x90000000  x7:0x1000a6ff
       10265000	      1025	00000000	00000013	addi	x0,x0,0	  x0:0x00000000
       10275000	      1026	800013a0	00000013	addi	x0,x0,0	  x0:0x00000000
       10285000	      1027	800013a4	0135d293	srli	x5,x11,0x13	 x11:0x71936881  x5=0x00000e32
       10295000	      1028	800013a8	0187a7b3	slt	x15,x15,x24	 x15:0x10000000 x24:0x00000001 x15=0x00000000
       10305000	      1029	800013ac	410e52b3	sra	x5,x28,x16	 x28:0xf193c93c x16:0x00000000  x5=0xf193c93c
       10315000	      1030	800013b0	402ad4b3	sra	x9,x21,x2	 x21:0x90000000  x2:0xfffffd6e  x9=0xfffe4000
       10325000	      1031	800013b4	01c35e93	srli	x29,x6,0x1c	  x6:0xffffd97d x29=0x0000000f
       10335000	      1032	800013b8	01cf5813	srli	x16,x30,0x1c	 x30:0xfffff8c9 x16=0x0000000f
       10345000	      1033	800013bc	8d338c13	addi	x24,x7,-1837	  x7:0x1000a6ff x24=0x10009fd2
       10355000	      1034	800013c0	016a6933	or	x18,x20,x22	 x20:0x00000001 x22:0x00000001 x18=0x00000001
       10365000	      1035	800013c4	41f2deb3	sra	x29,x5,x31	  x5:0xf193c93c x31:0x0d880000 x29=0xf193c93c
       10375000	      1036	800013c8	0085dc33	srl	x24,x11,x8	 x11:0x71936881  x8:0x00000001 x24=0x38c9b440
       10385000	      1037	800013cc	00851613	slli	x12,x10,0x8	 x10:0xfffe3279 x12=0xfe327900
       10395000	      1038	800013d0	019998b3	sll	x17,x19,x25	 x19:0xefff5959 x25:0x00000001 x17=0xdffeb2b2
       10405000	      1039	800013d4	002de9b3	or	x19,x27,x2	 x27:0x80009fc4  x2:0xfffffd6e x19=0xffffffee
       10415000	      1040	800013d8	016ba8b3	slt	x17,x23,x22	 x23:0x71936fb8 x22:0x00000001 x17=0x00000000
       10425000	      1041	800013dc	1037a293	slti	x5,x15,259	 x15:0x00000000  x5=0x00000001
       10435000	      1042	800013e0	00000013	addi	x0,x0,0	  x0:0x00000000
       10445000	      1043	800013e4	0001e0b3	or	x1,x3,x0	  x3:0xfffffc64  x0:0x00000000  x1=0xfffffc64
       10455000	      1044	800013e8	73eca213	slti	x4,x25,1854	 x25:0x00000001  x4=0x00000001
       10465000	      1045	800013ec	f6604817	auipc	x16,0xf6604	 x16=0x766053e8
       10475000	      1046	800013f0	016ad733	srl	x14,x21,x22	 x21:0x90000000 x22:0x00000001 x14=0x48000000
       10485000	      1047	800013f4	00000013	addi	x0,x0,0	  x0:0x00000000
       10495000	      1048	800013f8	016f5313	srli	x6,x30,0x16	 x30:0xfffff8c9  x6=0x000003ff
       10505000	      1049	800013fc	0042d413	srli	x8,x5,0x4	  x5:0x00000001  x8=0x00000000
       10515000	      1050	80001400	01f4f4b3	and	x9,x9,x31	  x9:0xfffe4000 x31:0x0d880000  x9=0x0d880000
       10525000	      1051	80001404	03d7fa63	bgeu	x15,x29,80001438	 x15:0x00000000 x29:0xf193c93c
       10535000	      1052	80001408	4137d313	srai	x6,x15,0x13	 x15:0x00000000  x6=0x00000000
       10545000	      1053	8000140c	00e01213	slli	x4,x0,0xe	  x0:0x00000000  x4=0x00000000
       10555000	      1054	80001410	00e6dab3	srl	x21,x13,x14	 x13:0x80009f84 x14:0x48000000 x21=0x80009f84
       10565000	      1055	80001414	df8e0793	addi	x15,x28,-520	 x28:0xf193c93c x15=0xf193c734
       10575000	      1056	80001418	d780c413	xori	x8,x1,-648	  x1:0xfffffc64  x8=0x0000011c
       10585000	      1057	8000141c	004c5b13	srli	x22,x24,0x4	 x24:0x38c9b440 x22=0x038c9b44
       10595000	      1058	80001420	00a15463	bge	x2,x10,80001428	  x2:0xfffffd6e x10:0xfffe3279
       10605000	      1059	00000000	00000013	addi	x0,x0,0	  x0:0x00000000
       10615000	      1060	80001424	00000013	addi	x0,x0,0	  x0:0x00000000
       10625000	      1061	80001428	01d1af33	slt	x30,x3,x29	  x3:0xfffffc64 x29:0xf193c93c x30=0x00000000
       10635000	      1062	8000142c	40250933	sub	x18,x10,x2	 x10:0xfffe3279  x2:0xfffffd6e x18=0xfffe350b
       10645000	      1063	80001430	000eb333	sltu	x6,x29,x0	 x29:0xf193c93c  x0:0x00000000  x6=0x00000000
       10655000	      1064	80001434	01cbbd33	sltu	x26,x23,x28	 x23:0x71936fb8 x28:0xf193c93c x26=0x00000001
       10665000	      1065	80001438	03a56a63	bltu	x10,x26,8000146c	 x10:0xfffe3279 x26:0x00000001
       10675000	      1066	8000143c	000f68b3	or	x17,x30,x0	 x30:0x00000000  x0:0x00000000 x17=0x00000000
       10685000	      1067	80001440	4115db13	srai	x22,x11,0x11	 x11:0x71936881 x22=0x000038c9
       10695000	      1068	80001444	007cda13	srli	x20,x25,0x7	 x25:0x00000001 x20=0x00000000
       10705000	      1069	80001448	e7758c93	addi	x25,x11,-393	 x11:0x71936881 x25=0x719366f8
       10715000	      1070	8000144c	00fc5533	srl	x10,x24,x15	 x24:0x38c9b440 x15:0xf193c734 x10=0x0000038c
       10725000	      1071	80001450	92c2e113	ori	x2,x5,-1748	  x5:0x00000001  x2=0xfffff92d
       10735000	      1072	80001454	01e9c533	xor	x10,x19,x30	 x19:0xffffffee x30:0x00000000 x10=0xffffffee
       10745000	      1073	80001458	41850c33	sub	x24,x10,x24	 x10:0xffffffee x24:0x38c9b440 x24=0xc7364bae
       10755000	      1074	8000145c	01bd1e63	bne	x26,x27,80001478	 x26:0x00000001 x27:0x80009fc4
       10765000	      1075	00000000	00000013	addi	x0,x0,0	  x0:0x00000000
       10775000	      1076	80001474	00000013	addi	x0,x0,0	  x0:0x00000000
       10785000	      1077	80001478	00000013	addi	x0,x0,0	  x0:0x00000000
       10795000	      1078	8000147c	5709c893	xori	x17,x19,1392	 x19:0xffffffee x17=0xfffffa9e
       10805000	      1079	80001480	0137ccb3	xor	x25,x15,x19	 x15:0xf193c734 x19:0xffffffee x25=0x0e6c38da
       10815000	      1080	80001484	00000013	addi	x0,x0,0	  x0:0x00000000
       10825000	      1081	80001488	52709317	auipc	x6,0x52709	  x6=0xd270a484
       10835000	      1082	8000148c	40465ab3	sra	x21,x12,x4	 x12:0xfe327900  x4:0x00000000 x21=0xfe327900
       10845000	      1083	80001490	0036b0b3	sltu	x1,x13,x3	 x13:0x80009f84  x3:0xfffffc64  x1=0x00000001
       10855000	      1084	80001494	41c9d393	srai	x7,x19,0x1c	 x19:0xffffffee  x7=0xffffffff
       10865000	      1085	80001498	00255c33	srl	x24,x10,x2	 x10:0xffffffee  x2:0xfffff92d x24=0x0007ffff
       10875000	      1086	8000149c	1ccd8393	addi	x7,x27,460	 x27:0x80009fc4  x7=0x8000a190
       10885000	      1087	800014a0	01cea933	slt	x18,x29,x28	 x29:0xf193c93c x28:0xf193c93c x18=0x00000000
       10895000	      1088	800014a4	00fb1cb3	sll	x25,x22,x15	 x22:0x000038c9 x15:0xf193c734 x25=0x8c900000
       10905000	      1089	800014a8	c5bdf413	andi	x8,x27,-933	 x27:0x80009fc4  x8=0x80009c40
       10915000	      1090	800014ac	40645f33	sra	x30,x8,x6	  x8:0x80009c40  x6:0xd270a484 x30=0xf80009c4
       10925000	      1091	800014b0	2e6f7a93	andi	x21,x30,742	 x30:0xf80009c4 x21=0x000000c4
       10935000	      1092	800014b4	4011d1b3	sra	x3,x3,x1	  x3:0xfffffc64  x1:0x00000001  x3=0xfffffe32
       10945000	      1093	800014b8	01011c33	sll	x24,x2,x16	  x2:0xfffff92d x16:0x766053e8 x24=0xfff92d00
       10955000	      1094	800014bc	00ca8533	add	x10,x21,x12	 x21:0x000000c4 x12:0xfe327900 x10=0xfe3279c4
       10965000	      1095	800014c0	ac2d0593	addi	x11,x26,-1342	 x26:0x00000001 x11=0xfffffac3
       10975000	      1096	800014c4	40c604b3	sub	x9,x12,x12	 x12:0xfe327900 x12:0xfe327900  x9=0x00000000
       10985000	      1097	800014c8	02040663	beq	x8,x0,800014f4	  x8:0x80009c40  x0:0x00000000
       10995000	      1098	800014cc	41e0dc33	sra	x24,x1,x30	  x1:0x00000001 x30:0xf80009c4 x24=0x00000000
       11005000	      1099	800014d0	0082de63	bge	x5,x8,800014ec	  x5:0x00000001  x8:0x80009c40
       11015000	      1100	00000000	00000013	addi	x0,x0,0	  x0:0x00000000
       11025000	      1101	800014e8	00000013	addi	x0,x0,0	  x0:0x00000000
       11035000	      1102	800014ec	00996663	bltu	x18,x9,800014f8	 x18:0x00000000  x9:0x00000000
       11045000	      1103	800014f0	00181b33	sll	x22,x16,x1	 x16:0x766053e8  x1:0x00000001 x22=0xecc0a7d0
       11055000	      1104	800014f4	00000013	addi	x0,x0,0	  x0:0x00000000
       11065000	      1105	800014f8	00000013	addi	x0,x0,0	  x0:0x00000000
       11075000	      1106	800014fc	8fc34793	xori	x15,x6,-1796	  x6:0xd270a484 x15=0x2d8f5c78
       11085000	      1107	80001500	00ff5733	srl	x14,x30,x15	 x30:0xf80009c4 x15:0x2d8f5c78 x14=0x000000f8
       11095000	      1108	80001504	e028e997	auipc	x19,0xe028e	 x19=0x6028f500
       11105000	      1109	80001508	01199113	slli	x2,x19,0x11	 x19:0x6028f500  x2=0xea000000
       11115000	      1110	8000150c	01248a33	add	x20,x9,x18	  x9:0x00000000 x18:0x00000000 x20=0x00000000
       11125000	      1111	80001510	001d4c33	xor	x24,x26,x1	 x26:0x00000001  x1:0x00000001 x24=0x00000000
       11135000	      1112	80001514	40695f33	sra	x30,x18,x6	 x18:0x00000000  x6:0xd270a484 x30=0x00000000
       11145000	      1113	80001518	01815c93	srli	x25,x2,0x18	  x2:0xea000000 x25=0x000000ea
       11155000	      1114	8000151c	404250b3	sra	x1,x4,x4	  x4:0x00000000  x4:0x00000000  x1=0x00000000
       11165000	      1115	80001520	01b523b3	slt	x7,x10,x27	 x10:0xfe3279c4 x27:0x80009fc4  x7=0x00000000
       11175000	      1116	80001524	01eed213	srli	x4,x29,0x1e	 x29:0xf193c93c  x4=0x00000003
       11185000	      1117	80001528	138868b7	lui	x17,0x13886	 x17=0x13886000
       11195000	      1118	8000152c	c6ce4917	auipc	x18,0xc6ce4	 x18=0x46ce5528
       11205000	      1119	80001530	01bfe4b3	or	x9,x31,x27	 x31:0x0d880000 x27:0x80009fc4  x9=0x8d889fc4
       11215000	      1120	80001534	01a4fb33	and	x22,x9,x26	  x9:0x8d889fc4 x26:0x00000001 x22=0x00000000
       11225000	      1121	80001538	9fade393	ori	x7,x27,-1542	 x27:0x80009fc4  x7=0xfffffffe
       11235000	      1122	8000153c	0135f663	bgeu	x11,x19,80001548	 x11:0xfffffac3 x19:0x6028f500
       11245000	      1123	00000000	00000013	addi	x0,x0,0	  x0:0x00000000
       11255000	      1124	80001544	00000013	addi	x0,x0,0	  x0:0x00000000
       11265000	      1125	80001548	e72bbb93	sltiu	x23,x23,-398	 x23:0x71936fb8 x23=0x00000001
       11275000	      1126	8000154c	e61fa093	slti	x1,x31,-415	 x31:0x0d880000  x1=0x00000000
       11285000	      1127	80001550	001841b3	xor	x3,x16,x1	 x16:0x766053e8  x1:0x00000000  x3=0x766053e8
       11295000	      1128	80001554	d896a093	slti	x1,x13,-631	 x13:0x80009f84  x1=0x00000001
       11305000	      1129	80001558	00142433	slt	x8,x8,x1	  x8:0x80009c40  x1:0x00000001  x8=0x00000001
       11315000	      1130	8000155c	0032c233	xor	x4,x5,x3	  x5:0x00000001  x3:0x766053e8  x4=0x766053e9
       11325000	      1131	80001560	0043bd33	sltu	x26,x7,x4	  x7:0xfffffffe  x4:0x766053e9 x26=0x00000000
       11335000	      1132	80001564	f701a417	auipc	x8,0xf701a	  x8=0x7701b560
       11345000	      1133	80001568	8f94e793	ori	x15,x9,-1799	  x9:0x8d889fc4 x15=0xfffffffd
       11355000	      1134	8000156c	00150863	beq	x10,x1,8000157c	 x10:0xfe3279c4  x1:0x00000001
       11365000	      1135	80001570	02840063	beq	x8,x8,80001590	  x8:0x7701b560  x8:0x7701b560
       11375000	      1136	00000000	00000013	addi	x0,x0,0	  x0:0x00000000
       11385000	      1137	8000158c	00000013	addi	x0,x0,0	  x0:0x00000000
       11395000	      1138	80001590	00b53633	sltu	x12,x10,x11	 x10:0xfe3279c4 x11:0xfffffac3 x12=0x00000001
       11405000	      1139	80001594	40045393	srai	x7,x8,0x0	  x8:0x7701b560  x7=0x7701b560
       11415000	      1140	80001598	05edc863	blt	x27,x30,800015e8	 x27:0x80009fc4 x30:0x00000000
       11425000	      1141	00000000	00000013	addi	x0,x0,0	  x0:0x00000000
       11435000	      1142	800015e4	00000013	addi	x0,x0,0	  x0:0x00000000
       11445000	      1143	800015e8	03699863	bne	x19,x22,80001618	 x19:0x6028f500 x22:0x00000000
       11455000	      1144	00000000	00000013	addi	x0,x0,0	  x0:0x00000000
       11465000	      1145	80001614	00000013	addi	x0,x0,0	  x0:0x00000000
       11475000	      1146	80001618	b7ed8a13	addi	x20,x27,-1154	 x27:0x80009fc4 x20=0x80009b42
       11485000	      1147	8000161c	405b51b3	sra	x3,x22,x5	 x22:0x00000000  x5:0x00000001  x3=0x00000000
       11495000	      1148	80001620	005639b3	sltu	x19,x12,x5	 x12:0x00000001  x5:0x00000001 x19=0x00000000
       11505000	      1149	80001624	16dba893	slti	x17,x23,365	 x23:0x00000001 x17=0x00000001
       11515000	      1150	80001628	015a7733	and	x14,x20,x21	 x20:0x80009b42 x21:0x000000c4 x14=0x00000040
       11525000	      1151	8000162c	c834a593	slti	x11,x9,-893	  x9:0x8d889fc4 x11=0x00000001
       11535000	      1152	80001630	00c108b3	add	x17,x2,x12	  x2:0xea000000 x12:0x00000001 x17=0xea000001
       11545000	      1153	80001634	05cc4663	blt	x24,x28,80001680	 x24:0x00000000 x28:0xf193c93c
       11555000	      1154	80001638	00fd2fb3	slt	x31,x26,x15	 x26:0x00000000 x15:0xfffffffd x31=0x00000000
       11565000	      1155	8000163c	589d6593	ori	x11,x26,1417	 x26:0x00000000 x11=0x00000589
       11575000	      1156	80001640	e3e4b093	sltiu	x1,x9,-450	  x9:0x8d889fc4  x1=0x00000001
       11585000	      1157	80001644	0086d5b3	srl	x11,x13,x8	 x13:0x80009f84  x8:0x7701b560 x11=0x80009f84
       11595000	      1158	80001648	02ba9a63	bne	x21,x11,8000167c	 x21:0x000000c4 x11:0x80009f84
       11605000	      1159	00000000	00000013	addi	x0,x0,0	  x0:0x00000000
       11615000	      1160	80001678	00000013	addi	x0,x0,0	  x0:0x00000000
       11625000	      1161	8000167c	66a0b013	sltiu	x0,x1,1642	  x1:0x00000001
       11635000	      1162	80001680	008b5313	srli	x6,x22,0x8	 x22:0x00000000  x6=0x00000000
       11645000	      1163	80001684	016c7333	and	x6,x24,x22	 x24:0x00000000 x22:0x00000000  x6=0x00000000
       11655000	      1164	80001688	0304ca63	blt	x9,x16,800016bc	  x9:0x8d889fc4 x16:0x766053e8
       11665000	      1165	00000000	00000013	addi	x0,x0,0	  x0:0x00000000
       11675000	      1166	800016b8	00000013	addi	x0,x0,0	  x0:0x00000000
       11685000	      1167	800016bc	008429b3	slt	x19,x8,x8	  x8:0x7701b560  x8:0x7701b560 x19=0x00000000
       11695000	      1168	800016c0	408fd533	sra	x10,x31,x8	 x31:0x00000000  x8:0x7701b560 x10=0x00000000
       11705000	      1169	800016c4	79facf93	xori	x31,x21,1951	 x21:0x000000c4 x31=0x0000075b
       11715000	      1170	800016c8	00672633	slt	x12,x14,x6	 x14:0x00000040  x6:0x00000000 x12=0x00000000
       11725000	      1171	800016cc	00eea433	slt	x8,x29,x14	 x29:0xf193c93c x14:0x00000040  x8=0x00000001
       11735000	      1172	800016d0	01914e63	blt	x2,x25,800016ec	  x2:0xea000000 x25:0x000000ea
       11745000	      1173	00000000	00000013	addi	x0,x0,0	  x0:0x00000000
       11755000	      1174	800016e8	00000013	addi	x0,x0,0	  x0:0x00000000
       11765000	      1175	800016ec	40efd293	srai	x5,x31,0xe	 x31:0x0000075b  x5=0x00000000
       11775000	      1176	800016f0	01e93933	sltu	x18,x18,x30	 x18:0x46ce5528 x30:0x00000000 x18=0x00000000
       11785000	      1177	800016f4	a29daf93	slti	x31,x27,-1495	 x27:0x80009fc4 x31=0x00000001
       11795000	      1178	800016f8	f8e53413	sltiu	x8,x10,-114	 x10:0x00000000  x8=0x00000001
       11805000	      1179	800016fc	001b8b33	add	x22,x23,x1	 x23:0x00000001  x1:0x00000001 x22=0x00000002
       11815000	      1180	80001700	01cb8eb3	add	x29,x23,x28	 x23:0x00000001 x28:0xf193c93c x29=0xf193c93d
       11825000	      1181	80001704	00019863	bne	x3,x0,80001714	  x3:0x00000000  x0:0x00000000
       11835000	      1182	80001708	22d73317	auipc	x6,0x22d73	  x6=0xa2d74704
       11845000	      1183	8000170c	d439c7b7	lui	x15,0xd439c	 x15=0xd439c000
       11855000	      1184	80001710	400352b3	sra	x5,x6,x0	  x6:0xa2d74704  x0:0x00000000  x5=0xa2d74704
       11865000	      1185	80001714	015c4633	xor	x12,x24,x21	 x24:0x00000000 x21:0x000000c4 x12=0x000000c4
       11875000	      1186	80001718	00579f13	slli	x30,x15,0x5	 x15:0xd439c000 x30=0x87380000
       11885000	      1187	8000171c	55078e93	addi	x29,x15,1360	 x15:0xd439c000 x29=0xd439c550
       11895000	      1188	80001720	026d9063	bne	x27,x6,80001740	 x27:0x80009fc4  x6:0xa2d74704
       11905000	      1189	00000000	00000013	addi	x0,x0,0	  x0:0x00000000
       11915000	      1190	8000173c	00000013	addi	x0,x0,0	  x0:0x00000000
       11925000	      1191	80001740	b14f6b97	auipc	x23,0xb14f6	 x23=0x314f773c
       11935000	      1192	80001744	006ed3b3	srl	x7,x29,x6	 x29:0xd439c550  x6:0xa2d74704  x7=0x0d439c55
       11945000	      1193	80001748	3fe53213	sltiu	x4,x10,1022	 x10:0x00000000  x4=0x00000001
       11955000	      1194	8000174c	41deda93	srai	x21,x29,0x1d	 x29:0xd439c550 x21=0xfffffffe
       11965000	      1195	80001750	017ad333	srl	x6,x21,x23	 x21:0xfffffffe x23:0x314f773c  x6=0x0000000f
       11975000	      1196	80001754	8d18c497	auipc	x9,0x8d18c	  x9=0x0d18d750
       11985000	      1197	80001758	009f9663	bne	x31,x9,80001764	 x31:0x00000001  x9:0x0d18d750
       11995000	      1198	00000000	00000013	addi	x0,x0,0	  x0:0x00000000
       12005000	      1199	80001760	00000013	addi	x0,x0,0	  x0:0x00000000
       12015000	      1200	80001764	05d55863	bge	x10,x29,800017b4	 x10:0x00000000 x29:0xd439c550
       12025000	      1201	00000000	00000013	addi	x0,x0,0	  x0:0x00000000
       12035000	      1202	800017b0	00000013	addi	x0,x0,0	  x0:0x00000000
       12045000	      1203	800017b4	496fc893	xori	x17,x31,1174	 x31:0x00000001 x17=0x00000497
       12055000	      1204	800017b8	01842733	slt	x14,x8,x24	  x8:0x00000001 x24:0x00000000 x14=0x00000000
       12065000	      1205	800017bc	de4df613	andi	x12,x27,-540	 x27:0x80009fc4 x12=0x80009dc4
       12075000	      1206	800017c0	52ee6f17	auipc	x30,0x52ee6	 x30=0xd2ee77bc
       12085000	      1207	800017c4	a15334b7	lui	x9,0xa1533	  x9=0xa1533000
       12095000	      1208	800017c8	00c98833	add	x16,x19,x12	 x19:0x00000000 x12:0x80009dc4 x16=0x80009dc4
       12105000	      1209	800017cc	1a8c7c93	andi	x25,x24,424	 x24:0x00000000 x25=0x00000000
       12115000	      1210	800017d0	71fdba93	sltiu	x21,x27,1823	 x27:0x80009fc4 x21=0x00000000
       12125000	      1211	800017d4	cea57613	andi	x12,x10,-790	 x10:0x00000000 x12=0x00000000
       12135000	      1212	800017d8	005a1193	slli	x3,x20,0x5	 x20:0x80009b42  x3=0x00136840
       12145000	      1213	800017dc	3fc4c213	xori	x4,x9,1020	  x9:0xa1533000  x4=0xa15333fc
       12155000	      1214	800017e0	0585e863	bltu	x11,x24,80001830	 x11:0x80009f84 x24:0x00000000
       12165000	      1215	800017e4	005e8263	beq	x29,x5,800017e8	 x29:0xd439c550  x5:0xa2d74704
       12175000	      1216	800017e8	02198063	beq	x19,x1,80001808	 x19:0x00000000  x1:0x00000001
       12185000	      1217	800017ec	ba3515b7	lui	x11,0xba351	 x11=0xba351000
       12195000	      1218	800017f0	418f5d13	srai	x26,x30,0x18	 x30:0xd2ee77bc x26=0xffffffd2
       12205000	      1219	800017f4	7998ec93	ori	x25,x17,1945	 x17:0x00000497 x25=0x0000079f
       12215000	      1220	800017f8	00655493	srli	x9,x10,0x6	 x10:0x00000000  x9=0x00000000
       12225000	      1221	800017fc	01958a33	add	x20,x11,x25	 x11:0xba351000 x25:0x0000079f x20=0xba35179f
       12235000	      1222	80001800	01f69663	bne	x13,x31,8000180c	 x13:0x80009f84 x31:0x00000001
       12245000	      1223	00000000	00000013	addi	x0,x0,0	  x0:0x00000000
       12255000	      1224	80001808	00000013	addi	x0,x0,0	  x0:0x00000000
       12265000	      1225	8000180c	01bae463	bltu	x21,x27,80001814	 x21:0x00000000 x27:0x80009fc4
       12275000	      1226	00000000	00000013	addi	x0,x0,0	  x0:0x00000000
       12285000	      1227	80001810	00000013	addi	x0,x0,0	  x0:0x00000000
       12295000	      1228	80001814	00c48e63	beq	x9,x12,80001830	  x9:0x00000000 x12:0x00000000
       12305000	      1229	00000000	00000013	addi	x0,x0,0	  x0:0x00000000
       12315000	      1230	8000182c	00000013	addi	x0,x0,0	  x0:0x00000000
       12325000	      1231	80001830	019bd093	srli	x1,x23,0x19	 x23:0x314f773c  x1=0x00000018
       12335000	      1232	80001834	02306e93	ori	x29,x0,35	  x0:0x00000000 x29=0x00000023
       12345000	      1233	80001838	4b172413	slti	x8,x14,1201	 x14:0x00000000  x8=0x00000001
       12355000	      1234	8000183c	4181df33	sra	x30,x3,x24	  x3:0x00136840 x24:0x00000000 x30=0x00136840
       12365000	      1235	80001840	ca83c517	auipc	x10,0xca83c	 x10=0x4a83d83c
       12375000	      1236	80001844	5d9bfb17	auipc	x22,0x5d9bf	 x22=0xdd9c0840
       12385000	      1237	80001848	ff04f537	lui	x10,0xff04f	 x10=0xff04f000
       12395000	      1238	8000184c	9969c013	xori	x0,x19,-1642	 x19:0x00000000
       12405000	      1239	80001850	01f8a933	slt	x18,x17,x31	 x17:0x00000497 x31:0x00000001 x18=0x00000000
       12415000	      1240	80001854	0025d663	bge	x11,x2,80001860	 x11:0xba351000  x2:0xea000000
       12425000	      1241	80001858	01df0f33	add	x30,x30,x29	 x30:0x00136840 x29:0x00000023 x30=0x00136863
       12435000	      1242	8000185c	1b431263	bne	x6,x20,80001a00	  x6:0x0000000f x20:0xba35179f
       12445000	      1243	00000000	00000013	addi	x0,x0,0	  x0:0x00000000
       12455000	      1244	800019fc	00000013	addi	x0,x0,0	  x0:0x00000000
       12465000	      1245	80001a00	fa403b13	sltiu	x22,x0,-92	  x0:0x00000000 x22=0x00000001
       12475000	      1246	80001a04	04ab4863	blt	x22,x10,80001a54	 x22:0x00000001 x10:0xff04f000
       12485000	      1247	80001a08	015eabb3	slt	x23,x29,x21	 x29:0x00000023 x21:0x00000000 x23=0x00000000
       12495000	      1248	80001a0c	776ea293	slti	x5,x29,1910	 x29:0x00000023  x5=0x00000001
       12505000	      1249	80001a10	02e31863	bne	x6,x14,80001a40	  x6:0x0000000f x14:0x00000000
       12515000	      1250	00000000	00000013	addi	x0,x0,0	  x0:0x00000000
       12525000	      1251	80001a3c	00000013	addi	x0,x0,0	  x0:0x00000000
       12535000	      1252	80001a40	00000013	addi	x0,x0,0	  x0:0x00000000
       12545000	      1253	80001a44	baa7ba93	sltiu	x21,x15,-1110	 x15:0xd439c000 x21=0x00000001
       12555000	      1254	80001a48	019c2a33	slt	x20,x24,x25	 x24:0x00000000 x25:0x0000079f x20=0x00000001
       12565000	      1255	80001a4c	b6e6b193	sltiu	x3,x13,-1170	 x13:0x80009f84  x3=0x00000001
       12575000	      1256	80001a50	01e11733	sll	x14,x2,x30	  x2:0xea000000 x30:0x00136863 x14=0x50000000
       12585000	      1257	80001a54	0117bf33	sltu	x30,x15,x17	 x15:0xd439c000 x17:0x00000497 x30=0x00000000
       12595000	      1258	80001a58	0085a133	slt	x2,x11,x8	 x11:0xba351000  x8:0x00000001  x2=0x00000001
       12605000	      1259	80001a5c	405e5613	srai	x12,x28,0x5	 x28:0xf193c93c x12=0xff8c9e49
       12615000	      1260	80001a60	00609663	bne	x1,x6,80001a6c	  x1:0x00000018  x6:0x0000000f
       12625000	      1261	00000000	00000013	addi	x0,x0,0	  x0:0x00000000
       12635000	      1262	80001a68	00000013	addi	x0,x0,0	  x0:0x00000000
       12645000	      1263	80001a6c	023e8a63	beq	x29,x3,80001aa0	 x29:0x00000023  x3:0x00000001
       12655000	      1264	80001a70	01c7e433	or	x8,x15,x28	 x15:0xd439c000 x28:0xf193c93c  x8=0xf5bbc93c
       12665000	      1265	80001a74	b80ae713	ori	x14,x21,-1152	 x21:0x00000001 x14=0xfffffb81
       12675000	      1266	80001a78	40ce5a93	srai	x21,x28,0xc	 x28:0xf193c93c x21=0xffff193c
       12685000	      1267	80001a7c	00518e63	beq	x3,x5,80001a98	  x3:0x00000001  x5:0x00000001
       12695000	      1268	00000000	00000013	addi	x0,x0,0	  x0:0x00000000
       12705000	      1269	80001a94	00000013	addi	x0,x0,0	  x0:0x00000000
       12715000	      1270	80001a98	00fd0663	beq	x26,x15,80001aa4	 x26:0xffffffd2 x15:0xd439c000
       12725000	      1271	80001a9c	0d6d2713	slti	x14,x26,214	 x26:0xffffffd2 x14=0x00000001
       12735000	      1272	80001aa0	0186f263	bgeu	x13,x24,80001aa4	 x13:0x80009f84 x24:0x00000000
       12745000	      1273	00000000	00000013	addi	x0,x0,0	  x0:0x00000000
       12755000	      1274	80001aa0	00000013	addi	x0,x0,0	  x0:0x00000000
       12765000	      1275	80001aa4	004380b3	add	x1,x7,x4	  x7:0x0d439c55  x4:0xa15333fc  x1=0xae96d051
       12775000	      1276	80001aa8	00000e17	auipc	x28,0x0	 x28=0x80001aa4
       12785000	      1277	80001aac	00ce0e13	addi	x28,x28,12	 x28:0x80001aa4 x28=0x80001ab0
       12795000	      1278	80001ab0	000e0067	jalr	x0,x28,0	 x28:0x80001ab0
       12805000	      1279	00000000	00000013	addi	x0,x0,0	  x0:0x00000000
       12815000	      1280	80001ab0	00000013	addi	x0,x0,0	  x0:0x00000000
       12825000	      1281	80001ab4	00100193	addi	x3,x0,1	  x0:0x00000000  x3=0x00000001
       12835000	      1282	80001ab8	00000073	ecall	
       12845000	      1283	80001abc	0037c663	blt	x15,x3,80001ac8	 x15:0xd439c000  x3:0x00000001
