		Time			Cycle	PC		Insn	Decoded instruction	Register and memory contents
          65000	         5	80000004	00000293	addi	x5,x0,0	  x0:0x00000000  x5=0x00000000
          75000	         6	80000008	00000313	addi	x6,x0,0	  x0:0x00000000  x6=0x00000000
          85000	         7	8000000c	00628263	beq	x5,x6,80000010	  x5:0x00000000  x6:0x00000000
          95000	         8	00000000	00000013	addi	x0,x0,0	  x0:0x00000000
         105000	         9	8000000c	00000013	addi	x0,x0,0	  x0:0x00000000
         115000	        10	80000010	00000997	auipc	x19,0x0	 x19=0x8000000c
         125000	        11	80000014	00c98993	addi	x19,x19,12	 x19:0x8000000c x19=0x80000018
         135000	        12	80000018	00098067	jalr	x0,x19,0	 x19:0x80000018
         145000	        13	00000000	00000013	addi	x0,x0,0	  x0:0x00000000
         155000	        14	80000018	00000013	addi	x0,x0,0	  x0:0x00000000
         165000	        15	8000001c	40000837	lui	x16,0x40000	 x16=0x40000000
         175000	        16	80000020	10080813	addi	x16,x16,256	 x16:0x40000000 x16=0x40000100
         185000	        17	80000024	00000013	addi	x0,x0,0	  x0:0x00000000
         195000	        18	80000028	0000a217	auipc	x4,0xa	  x4=0x8000a024
         205000	        19	8000002c	fa020213	addi	x4,x4,-96	  x4:0x8000a024  x4=0x80009fc4
         215000	        20	80000030	00002817	auipc	x16,0x2	 x16=0x8000202c
         225000	        21	80000034	e4080813	addi	x16,x16,-448	 x16:0x8000202c x16=0x80001e6c
         235000	        22	80000038	00086813	ori	x16,x16,0	 x16:0x80001e6c x16=0x80001e6c
         245000	        23	8000003c	00000013	addi	x0,x0,0	  x0:0x00000000
         255000	        24	80000040	00000817	auipc	x16,0x0	 x16=0x8000003c
         265000	        25	80000044	02080813	addi	x16,x16,32	 x16:0x8000003c x16=0x8000005c
         275000	        26	80000048	00000013	addi	x0,x0,0	  x0:0x00000000
         285000	        27	8000004c	00000013	addi	x0,x0,0	  x0:0x00000000
         295000	        28	80000050	00002837	lui	x16,0x2	 x16=0x00002000
         305000	        29	80000054	80080813	addi	x16,x16,-2048	 x16:0x00002000 x16=0x00001800
         315000	        30	80000058	00000013	addi	x0,x0,0	  x0:0x00000000
         325000	        31	8000005c	00000013	addi	x0,x0,0	  x0:0x00000000
         335000	        32	80000060	59dda037	lui	x0,0x59dda	
         345000	        33	80000064	ea600013	addi	x0,x0,-346	  x0:0x00000000
         355000	        34	80000068	730db0b7	lui	x1,0x730db	  x1=0x730db000
         365000	        35	8000006c	78408093	addi	x1,x1,1924	  x1:0x730db000  x1=0x730db784
         375000	        36	80000070	fd394137	lui	x2,0xfd394	  x2=0xfd394000
         385000	        37	80000074	e1010113	addi	x2,x2,-496	  x2:0xfd394000  x2=0xfd393e10
         395000	        38	80000078	00000193	addi	x3,x0,0	  x0:0x00000000  x3=0x00000000
         405000	        39	8000007c	800002b7	lui	x5,0x80000	  x5=0x80000000
         415000	        40	80000080	00000313	addi	x6,x0,0	  x0:0x00000000  x6=0x00000000
         425000	        41	80000084	00400393	addi	x7,x0,4	  x0:0x00000000  x7=0x00000004
         435000	        42	80000088	00100413	addi	x8,x0,1	  x0:0x00000000  x8=0x00000001
         445000	        43	8000008c	00f00513	addi	x10,x0,15	  x0:0x00000000 x10=0x0000000f
         455000	        44	80000090	00000593	addi	x11,x0,0	  x0:0x00000000 x11=0x00000000
         465000	        45	80000094	00c00613	addi	x12,x0,12	  x0:0x00000000 x12=0x0000000c
         475000	        46	80000098	00000693	addi	x13,x0,0	  x0:0x00000000 x13=0x00000000
         485000	        47	8000009c	00000713	addi	x14,x0,0	  x0:0x00000000 x14=0x00000000
         495000	        48	800000a0	17ef17b7	lui	x15,0x17ef1	 x15=0x17ef1000
         505000	        49	800000a4	d6778793	addi	x15,x15,-665	 x15:0x17ef1000 x15=0x17ef0d67
         515000	        50	800000a8	80000837	lui	x16,0x80000	 x16=0x80000000
         525000	        51	800000ac	00300893	addi	x17,x0,3	  x0:0x00000000 x17=0x00000003
         535000	        52	800000b0	fdcd6937	lui	x18,0xfdcd6	 x18=0xfdcd6000
         545000	        53	800000b4	e3790913	addi	x18,x18,-457	 x18:0xfdcd6000 x18=0xfdcd5e37
         555000	        54	800000b8	fb0f99b7	lui	x19,0xfb0f9	 x19=0xfb0f9000
         565000	        55	800000bc	e3d98993	addi	x19,x19,-451	 x19:0xfb0f9000 x19=0xfb0f8e3d
         575000	        56	800000c0	80000a37	lui	x20,0x80000	 x20=0x80000000
         585000	        57	800000c4	00200a93	addi	x21,x0,2	  x0:0x00000000 x21=0x00000002
         595000	        58	800000c8	00000b13	addi	x22,x0,0	  x0:0x00000000 x22=0x00000000
         605000	        59	800000cc	f226dbb7	lui	x23,0xf226d	 x23=0xf226d000
         615000	        60	800000d0	7c1b8b93	addi	x23,x23,1985	 x23:0xf226d000 x23=0xf226d7c1
         625000	        61	800000d4	ffc00c37	lui	x24,0xffc00	 x24=0xffc00000
         635000	        62	800000d8	035c0c13	addi	x24,x24,53	 x24:0xffc00000 x24=0xffc00035
         645000	        63	800000dc	00700c93	addi	x25,x0,7	  x0:0x00000000 x25=0x00000007
         655000	        64	800000e0	80000d37	lui	x26,0x80000	 x26=0x80000000
         665000	        65	800000e4	dacdcdb7	lui	x27,0xdacdc	 x27=0xdacdc000
         675000	        66	800000e8	20fd8d93	addi	x27,x27,527	 x27:0xdacdc000 x27=0xdacdc20f
         685000	        67	800000ec	00000e13	addi	x28,x0,0	  x0:0x00000000 x28=0x00000000
         695000	        68	800000f0	07016eb7	lui	x29,0x7016	 x29=0x07016000
         705000	        69	800000f4	674e8e93	addi	x29,x29,1652	 x29:0x07016000 x29=0x07016674
         715000	        70	800000f8	80000f37	lui	x30,0x80000	 x30=0x80000000
         725000	        71	800000fc	00000f93	addi	x31,x0,0	  x0:0x00000000 x31=0x00000000
         735000	        72	80000100	0000a497	auipc	x9,0xa	  x9=0x8000a0fc
         745000	        73	80000104	e8848493	addi	x9,x9,-376	  x9:0x8000a0fc  x9=0x80009f84
         755000	        74	80000108	00009097	auipc	x1,0x9	  x1=0x80009104
         765000	        75	8000010c	c3308093	addi	x1,x1,-973	  x1:0x80009104  x1=0x80008d37
         775000	        76	80000110	00009f17	auipc	x30,0x9	 x30=0x8000910c
         785000	        77	80000114	8eef0f13	addi	x30,x30,-1810	 x30:0x8000910c x30=0x800089fa
         795000	        78	80000118	00009617	auipc	x12,0x9	 x12=0x80009114
         805000	        79	8000011c	c5d60613	addi	x12,x12,-931	 x12:0x80009114 x12=0x80008d71
         815000	        80	80000120	f8cf4283	lbu	x5,-116(x30)	 x30:0x800089fa  x5=0x00000098 PA:0x80008986
         825000	        81	80000124	0ad0a283	lw	x5,173(x1)	  x1:0x80008d37  x5=0xa10bdc7e PA:0x80008de4
         835000	        82	80000128	00008d97	auipc	x27,0x8	 x27=0x80008124
         845000	        83	8000012c	77fd8d93	addi	x27,x27,1919	 x27:0x80008124 x27=0x800088a3
         855000	        84	80000130	f56f5a03	lhu	x20,-170(x30)	 x30:0x800089fa x20=0x0000ab60 PA:0x80008950
         865000	        85	80000134	0ef62c03	lw	x24,239(x12)	 x12:0x80008d71 x24=0xb1ea44cf PA:0x80008e60
         875000	        86	80000138	fdd0a903	lw	x18,-35(x1)	  x1:0x80008d37 x18=0xf49ac1c7 PA:0x80008d14
         885000	        87	8000013c	f3408803	lb	x16,-204(x1)	  x1:0x80008d37 x16=0xffffffa3 PA:0x80008c6b
         895000	        88	80000140	41ddc783	lbu	x15,1053(x27)	 x27:0x800088a3 x15=0x00000055 PA:0x80008cc0
         905000	        89	80000144	0baf07a3	sb	x26,175(x30)	 x30:0x800089fa x26:0x80000000 PA:0x80008aa9
         915000	        90	80000148	0c764803	lbu	x16,199(x12)	 x12:0x80008d71 x16=0x00000039 PA:0x80008e38
         925000	        91	8000014c	ef3f4b83	lbu	x23,-269(x30)	 x30:0x800089fa x23=0x00000086 PA:0x800088ed
         935000	        92	80000150	342d8ba3	sb	x2,855(x27)	 x27:0x800088a3  x2:0xfd393e10 PA:0x80008bfa
         945000	        93	80000154	f8a08423	sb	x10,-120(x1)	  x1:0x80008d37 x10:0x0000000f PA:0x80008cbf
         955000	        94	80000158	4ebf0103	lb	x2,1259(x30)	 x30:0x800089fa  x2=0xffffffd9 PA:0x80008ee5
         965000	        95	8000015c	35bf0103	lb	x2,859(x30)	 x30:0x800089fa  x2=0x00000000 PA:0x80008d55
         975000	        96	80000160	09d616a3	sh	x29,141(x12)	 x12:0x80008d71 x29:0x07016674 PA:0x80008dfe
         985000	        97	80000164	fdb61383	lh	x7,-37(x12)	 x12:0x80008d71  x7=0x00003c01 PA:0x80008d4c
         995000	        98	80000168	fca08323	sb	x10,-58(x1)	  x1:0x80008d37 x10:0x0000000f PA:0x80008cfd
        1005000	        99	8000016c	f21f4883	lbu	x17,-223(x30)	 x30:0x800089fa x17=0x000000bc PA:0x8000891b
        1015000	       100	80000170	f020ca83	lbu	x21,-254(x1)	  x1:0x80008d37 x21=0x000000b8 PA:0x80008c39
        1025000	       101	80000174	fd7d9b83	lh	x23,-41(x27)	 x27:0x800088a3 x23=0xffffe7ce PA:0x8000887a
        1035000	       102	80000178	0cd08423	sb	x13,200(x1)	  x1:0x80008d37 x13:0x00000000 PA:0x80008dff
        1045000	       103	8000017c	048f5b83	lhu	x23,72(x30)	 x30:0x800089fa x23=0x000018a6 PA:0x80008a42
        1055000	       104	80000180	0ae61aa3	sh	x14,181(x12)	 x12:0x80008d71 x14:0x00000000 PA:0x80008e26
        1065000	       105	80000184	ffed8a83	lb	x21,-2(x27)	 x27:0x800088a3 x21=0x0000000e PA:0x800088a1
        1075000	       106	80000188	fbd618a3	sh	x29,-79(x12)	 x12:0x80008d71 x29:0x07016674 PA:0x80008d22
        1085000	       107	8000018c	fd409ea3	sh	x20,-35(x1)	  x1:0x80008d37 x20:0x0000ab60 PA:0x80008d14
        1095000	       108	80000190	48ef0a23	sb	x14,1172(x30)	 x30:0x800089fa x14:0x00000000 PA:0x80008e8e
        1105000	       109	80000194	02e64503	lbu	x10,46(x12)	 x12:0x80008d71 x10=0x0000002e PA:0x80008d9f
        1115000	       110	80000198	fd360223	sb	x19,-60(x12)	 x12:0x80008d71 x19:0xfb0f8e3d PA:0x80008d35
        1125000	       111	8000019c	f6460da3	sb	x4,-133(x12)	 x12:0x80008d71  x4:0x80009fc4 PA:0x80008cec
        1135000	       112	800001a0	0560c803	lbu	x16,86(x1)	  x1:0x80008d37 x16=0x00000071 PA:0x80008d8d
        1145000	       113	800001a4	483f4003	lbu	x0,1155(x30)	 x30:0x800089fa PA:0x80008e7d
        1155000	       114	800001a8	46fd8523	sb	x15,1130(x27)	 x27:0x800088a3 x15:0x00000055 PA:0x80008d0d
        1165000	       115	800001ac	00008817	auipc	x16,0x8	 x16=0x800081a8
        1175000	       116	800001b0	0d080813	addi	x16,x16,208	 x16:0x800081a8 x16=0x80008278
        1185000	       117	800001b4	00008317	auipc	x6,0x8	  x6=0x800081b0
        1195000	       118	800001b8	0b230313	addi	x6,x6,178	  x6:0x800081b0  x6=0x80008262
        1205000	       119	800001bc	00008b97	auipc	x23,0x8	 x23=0x800081b8
        1215000	       120	800001c0	657b8b93	addi	x23,x23,1623	 x23:0x800081b8 x23=0x8000880f
        1225000	       121	800001c4	43384d03	lbu	x26,1075(x16)	 x16:0x80008278 x26=0x000000b4 PA:0x800086ab
        1235000	       122	800001c8	00008897	auipc	x17,0x8	 x17=0x800081c4
        1245000	       123	800001cc	11a88893	addi	x17,x17,282	 x17:0x800081c4 x17=0x800082de
        1255000	       124	800001d0	05580d83	lb	x27,85(x16)	 x16:0x80008278 x27=0x00000072 PA:0x800082cd
        1265000	       125	800001d4	00008417	auipc	x8,0x8	  x8=0x800081d0
        1275000	       126	800001d8	2a740413	addi	x8,x8,679	  x8:0x800081d0  x8=0x80008477
        1285000	       127	800001dc	01c31423	sh	x28,8(x6)	  x6:0x80008262 x28:0x00000000 PA:0x8000826a
        1295000	       128	800001e0	f6a81d83	lh	x27,-150(x16)	 x16:0x80008278 x27=0xffffa54f PA:0x800081e2
        1305000	       129	800001e4	fdfb8d23	sb	x31,-38(x23)	 x23:0x8000880f x31:0x00000000 PA:0x800087e9
        1315000	       130	800001e8	08530223	sb	x5,132(x6)	  x6:0x80008262  x5:0xa10bdc7e PA:0x800082e6
        1325000	       131	800001ec	03b45083	lhu	x1,59(x8)	  x8:0x80008477  x1=0x0000d7ab PA:0x800084b2
        1335000	       132	800001f0	00388083	lb	x1,3(x17)	 x17:0x800082de  x1=0xffffff9d PA:0x800082e1
        1345000	       133	800001f4	fb2bc003	lbu	x0,-78(x23)	 x23:0x8000880f PA:0x800087c1
        1355000	       134	800001f8	03a44f83	lbu	x31,58(x8)	  x8:0x80008477 x31=0x00000038 PA:0x800084b1
        1365000	       135	800001fc	fec40f03	lb	x30,-20(x8)	  x8:0x80008477 x30=0xffffff81 PA:0x80008463
        1375000	       136	80000200	fea31123	sh	x10,-30(x6)	  x6:0x80008262 x10:0x0000002e PA:0x80008244
        1385000	       137	80000204	ff289083	lh	x1,-14(x17)	 x17:0x800082de  x1=0x00001580 PA:0x800082d0
        1395000	       138	80000208	eea80103	lb	x2,-278(x16)	 x16:0x80008278  x2=0x0000002b PA:0x80008162
        1405000	       139	8000020c	f50bc783	lbu	x15,-176(x23)	 x23:0x8000880f x15=0x000000f5 PA:0x8000875f
        1415000	       140	80000210	fe244603	lbu	x12,-30(x8)	  x8:0x80008477 x12=0x00000073 PA:0x80008459
        1425000	       141	80000214	52084503	lbu	x10,1312(x16)	 x16:0x80008278 x10=0x00000010 PA:0x80008798
        1435000	       142	80000218	ffd8ce83	lbu	x29,-3(x17)	 x17:0x800082de x29=0x00000071 PA:0x800082db
        1445000	       143	8000021c	fd740923	sb	x23,-46(x8)	  x8:0x80008477 x23:0x8000880f PA:0x80008449
        1455000	       144	80000220	02c409a3	sb	x12,51(x8)	  x8:0x80008477 x12:0x00000073 PA:0x800084aa
        1465000	       145	80000224	47480e23	sb	x20,1148(x16)	 x16:0x80008278 x20:0x0000ab60 PA:0x800086f4
        1475000	       146	80000228	4fe80aa3	sb	x30,1269(x16)	 x16:0x80008278 x30:0xffffff81 PA:0x8000876d
        1485000	       147	8000022c	fd5b9a83	lh	x21,-43(x23)	 x23:0x8000880f x21=0x00001f0e PA:0x800087e4
        1495000	       148	80000230	f41b8423	sb	x1,-184(x23)	 x23:0x8000880f  x1:0x00001580 PA:0x80008757
        1505000	       149	80000234	ff188103	lb	x2,-15(x17)	 x17:0x800082de  x2=0xffffff9b PA:0x800082cf
        1515000	       150	80000238	fed34e83	lbu	x29,-19(x6)	  x6:0x80008262 x29=0x000000dc PA:0x8000824f
        1525000	       151	8000023c	fd544603	lbu	x12,-43(x8)	  x8:0x80008477 x12=0x000000dc PA:0x8000844c
        1535000	       152	80000240	ff2b8d23	sb	x18,-6(x23)	 x23:0x8000880f x18:0xf49ac1c7 PA:0x80008809
        1545000	       153	80000244	00f89123	sh	x15,2(x17)	 x17:0x800082de x15:0x000000f5 PA:0x800082e0
        1555000	       154	80000248	febbdb03	lhu	x22,-21(x23)	 x23:0x8000880f x22=0x0000368a PA:0x800087fa
        1565000	       155	8000024c	01530f83	lb	x31,21(x6)	  x6:0x80008262 x31=0x0000000a PA:0x80008277
        1575000	       156	80000250	f0030a23	sb	x0,-236(x6)	  x6:0x80008262  x0:0x00000000 PA:0x80008176
        1585000	       157	80000254	fa235683	lhu	x13,-94(x6)	  x6:0x80008262 x13=0x00002b0b PA:0x80008204
        1595000	       158	80000258	ff3b9783	lh	x15,-13(x23)	 x23:0x8000880f x15=0x00001460 PA:0x80008802
        1605000	       159	8000025c	352802a3	sb	x18,837(x16)	 x16:0x80008278 x18:0xf49ac1c7 PA:0x800085bd
        1615000	       160	80000260	feb401a3	sb	x11,-29(x8)	  x8:0x80008477 x11:0x00000000 PA:0x8000845a
        1625000	       161	80000264	00d88583	lb	x11,13(x17)	 x17:0x800082de x11=0x00000039 PA:0x800082eb
        1635000	       162	80000268	ff189e23	sh	x17,-4(x17)	 x17:0x800082de x17:0x800082de PA:0x800082da
        1645000	       163	8000026c	02d41703	lh	x14,45(x8)	  x8:0x80008477 x14=0xffffaf0d PA:0x800084a4
        1655000	       164	80000270	f59b8ba3	sb	x25,-169(x23)	 x23:0x8000880f x25:0x00000007 PA:0x80008766
        1665000	       165	80000274	36a84e83	lbu	x29,874(x16)	 x16:0x80008278 x29=0x000000d4 PA:0x800085e2
        1675000	       166	80000278	00689a03	lh	x20,6(x17)	 x17:0x800082de x20=0xfffff8e2 PA:0x800082e4
        1685000	       167	8000027c	0d334103	lbu	x2,211(x6)	  x6:0x80008262  x2=0x0000007c PA:0x80008335
        1695000	       168	80000280	00008117	auipc	x2,0x8	  x2=0x8000827c
        1705000	       169	80000284	22310113	addi	x2,x2,547	  x2:0x8000827c  x2=0x8000849f
        1715000	       170	80000288	08510123	sb	x5,130(x2)	  x2:0x8000849f  x5:0xa10bdc7e PA:0x80008521
        1725000	       171	8000028c	115d4313	xori	x6,x26,277	 x26:0x000000b4  x6=0x000001a1
        1735000	       172	80000290	00195033	srl	x0,x18,x1	 x18:0xf49ac1c7  x1:0x00001580
        1745000	       173	80000294	392cf413	andi	x8,x25,914	 x25:0x00000007  x8=0x00000002
        1755000	       174	80000298	9abeea93	ori	x21,x29,-1621	 x29:0x000000d4 x21=0xfffff9ff
        1765000	       175	8000029c	00000013	addi	x0,x0,0	  x0:0x00000000
        1775000	       176	800002a0	41675013	srai	x0,x14,0x16	 x14:0xffffaf0d
        1785000	       177	800002a4	98258013	addi	x0,x11,-1662	 x11:0x00000039
        1795000	       178	800002a8	cb4cf513	andi	x10,x25,-844	 x25:0x00000007 x10=0x00000004
        1805000	       179	800002ac	41045293	srai	x5,x8,0x10	  x8:0x00000002  x5=0x00000000
        1815000	       180	800002b0	a5c4ed93	ori	x27,x9,-1444	  x9:0x80009f84 x27=0xffffffdc
        1825000	       181	800002b4	fa814783	lbu	x15,-88(x2)	  x2:0x8000849f x15=0x0000006a PA:0x80008447
        1835000	       182	800002b8	5854a713	slti	x14,x9,1413	  x9:0x80009f84 x14=0x00000001
        1845000	       183	800002bc	cc636e93	ori	x29,x6,-826	  x6:0x000001a1 x29=0xfffffde7
        1855000	       184	800002c0	0056fc33	and	x24,x13,x5	 x13:0x00002b0b  x5:0x00000000 x24=0x00000000
        1865000	       185	800002c4	fb710a23	sb	x23,-76(x2)	  x2:0x8000849f x23:0x8000880f PA:0x80008453
        1875000	       186	800002c8	6ec23913	sltiu	x18,x4,1772	  x4:0x80009fc4 x18=0x00000000
        1885000	       187	800002cc	419700b3	sub	x1,x14,x25	 x14:0x00000001 x25:0x00000007  x1=0xfffffffa
        1895000	       188	800002d0	00bc9ab3	sll	x21,x25,x11	 x25:0x00000007 x11:0x00000039 x21=0x0e000000
        1905000	       189	800002d4	01b1ea33	or	x20,x3,x27	  x3:0x00000000 x27:0xffffffdc x20=0xffffffdc
        1915000	       190	800002d8	017119a3	sh	x23,19(x2)	  x2:0x8000849f x23:0x8000880f PA:0x800084b2
        1925000	       191	800002dc	ed50be93	sltiu	x29,x1,-299	  x1:0xfffffffa x29=0x00000000
        1935000	       192	800002e0	0c014583	lbu	x11,192(x2)	  x2:0x8000849f x11=0x000000b6 PA:0x8000855f
        1945000	       193	800002e4	01f8e333	or	x6,x17,x31	 x17:0x800082de x31:0x0000000a  x6=0x800082de
        1955000	       194	800002e8	4166da93	srai	x21,x13,0x16	 x13:0x00002b0b x21=0x00000000
        1965000	       195	800002ec	f5010183	lb	x3,-176(x2)	  x2:0x8000849f  x3=0xffffffb5 PA:0x800083ef
        1975000	       196	800002f0	f98112a3	sh	x24,-123(x2)	  x2:0x8000849f x24:0x00000000 PA:0x80008424
        1985000	       197	800002f4	00265a13	srli	x20,x12,0x2	 x12:0x000000dc x20=0x00000037
        1995000	       198	800002f8	0e014a83	lbu	x21,224(x2)	  x2:0x8000849f x21=0x00000070 PA:0x8000857f
        2005000	       199	800002fc	005b0c33	add	x24,x22,x5	 x22:0x0000368a  x5:0x00000000 x24=0x0000368a
        2015000	       200	80000300	00f2ba33	sltu	x20,x5,x15	  x5:0x00000000 x15:0x0000006a x20=0x00000001
        2025000	       201	80000304	45372b13	slti	x22,x14,1107	 x14:0x00000001 x22=0x00000001
        2035000	       202	80000308	f0f15303	lhu	x6,-241(x2)	  x2:0x8000849f  x6=0x00002e08 PA:0x800083ae
        2045000	       203	00000000	00000013	addi	x0,x0,0	  x0:0x00000000
        2055000	       204	8000030c	0060abb3	slt	x23,x1,x6	  x1:0xfffffffa  x6:0x00002e08 x23=0x00000001
        2065000	       205	80000310	04214603	lbu	x12,66(x2)	  x2:0x8000849f x12=0x000000c8 PA:0x800084e1
        2075000	       206	80000314	c93a2d13	slti	x26,x20,-877	 x20:0x00000001 x26=0x00000000
        2085000	       207	80000318	406f8bb3	sub	x23,x31,x6	 x31:0x0000000a  x6:0x00002e08 x23=0xffffd202
        2095000	       208	8000031c	036105a3	sb	x22,43(x2)	  x2:0x8000849f x22:0x00000001 PA:0x800084ca
        2105000	       209	80000320	00009c97	auipc	x25,0x9	 x25=0x8000931c
        2115000	       210	80000324	9e9c8c93	addi	x25,x25,-1559	 x25:0x8000931c x25=0x80008d05
        2125000	       211	80000328	0163d033	srl	x0,x7,x22	  x7:0x00003c01 x22:0x00000001
        2135000	       212	8000032c	010ecb33	xor	x22,x29,x16	 x29:0x00000000 x16:0x80008278 x22=0x80008278
        2145000	       213	80000330	01701c13	slli	x24,x0,0x17	  x0:0x00000000 x24=0x00000000
        2155000	       214	80000334	2c3cd183	lhu	x3,707(x25)	 x25:0x80008d05  x3=0x00001ac7 PA:0x80008fc8
        2165000	       215	80000338	f16c98a3	sh	x22,-239(x25)	 x25:0x80008d05 x22:0x80008278 PA:0x80008c16
        2175000	       216	8000033c	f1cccc03	lbu	x24,-228(x25)	 x25:0x80008d05 x24=0x000000cd PA:0x80008c21
        2185000	       217	80000340	12dcc883	lbu	x17,301(x25)	 x25:0x80008d05 x17=0x0000009f PA:0x80008e32
        2195000	       218	80000344	94753093	sltiu	x1,x10,-1721	 x10:0x00000004  x1=0x00000001
        2205000	       219	80000348	eacc8623	sb	x12,-340(x25)	 x25:0x80008d05 x12:0x000000c8 PA:0x80008bb1
        2215000	       220	8000034c	e89cda83	lhu	x21,-375(x25)	 x25:0x80008d05 x21=0x0000e272 PA:0x80008b8e
        2225000	       221	80000350	ff7c8923	sb	x23,-14(x25)	 x25:0x80008d05 x23:0xffffd202 PA:0x80008cf7
        2235000	       222	80000354	00f76a33	or	x20,x14,x15	 x14:0x00000001 x15:0x0000006a x20=0x0000006b
        2245000	       223	80000358	00654033	xor	x0,x10,x6	 x10:0x00000004  x6:0x00002e08
        2255000	       224	8000035c	0091c133	xor	x2,x3,x9	  x3:0x00001ac7  x9:0x80009f84  x2=0x80008543
        2265000	       225	80000360	d39c9683	lh	x13,-711(x25)	 x25:0x80008d05 x13=0x00003b5b PA:0x80008a3e
        2275000	       226	80000364	a9cac737	lui	x14,0xa9cac	 x14=0xa9cac000
        2285000	       227	80000368	0048d393	srli	x7,x17,0x4	 x17:0x0000009f  x7=0x00000009
        2295000	       228	8000036c	1fec8a83	lb	x21,510(x25)	 x25:0x80008d05 x21=0x0000007d PA:0x80008f03
        2305000	       229	80000370	f17cd803	lhu	x16,-233(x25)	 x25:0x80008d05 x16=0x00004fac PA:0x80008c1c
        2315000	       230	80000374	0071f833	and	x16,x3,x7	  x3:0x00001ac7  x7:0x00000009 x16=0x00000001
        2325000	       231	80000378	015e6f33	or	x30,x28,x21	 x28:0x00000000 x21:0x0000007d x30=0x0000007d
        2335000	       232	8000037c	0069d0b3	srl	x1,x19,x6	 x19:0xfb0f8e3d  x6:0x00002e08  x1=0x00fb0f8e
        2345000	       233	80000380	f9dc9da3	sh	x29,-101(x25)	 x25:0x80008d05 x29:0x00000000 PA:0x80008ca0
        2355000	       234	80000384	db1c8d03	lb	x26,-591(x25)	 x25:0x80008d05 x26=0xffffffab PA:0x80008ab6
        2365000	       235	80000388	04cc9aa3	sh	x12,85(x25)	 x25:0x80008d05 x12:0x000000c8 PA:0x80008d5a
        2375000	       236	8000038c	b69c9f03	lh	x30,-1175(x25)	 x25:0x80008d05 x30=0xffffe9d8 PA:0x8000886e
        2385000	       237	80000390	e66c8c23	sb	x6,-392(x25)	 x25:0x80008d05  x6:0x00002e08 PA:0x80008b7d
        2395000	       238	80000394	00cf9033	sll	x0,x31,x12	 x31:0x0000000a x12:0x000000c8
        2405000	       239	80000398	41a68133	sub	x2,x13,x26	 x13:0x00003b5b x26:0xffffffab  x2=0x00003bb0
        2415000	       240	8000039c	057226b7	lui	x13,0x5722	 x13=0x05722000
        2425000	       241	800003a0	004d8333	add	x6,x27,x4	 x27:0xffffffdc  x4:0x80009fc4  x6=0x80009fa0
        2435000	       242	800003a4	befe6eb7	lui	x29,0xbefe6	 x29=0xbefe6000
        2445000	       243	800003a8	00000013	addi	x0,x0,0	  x0:0x00000000
        2455000	       244	800003ac	6e4e8637	lui	x12,0x6e4e8	 x12=0x6e4e8000
        2465000	       245	800003b0	de2fd337	lui	x6,0xde2fd	  x6=0xde2fd000
        2475000	       246	800003b4	00a80633	add	x12,x16,x10	 x16:0x00000001 x10:0x00000004 x12=0x00000005
        2485000	       247	800003b8	000b4f33	xor	x30,x22,x0	 x22:0x80008278  x0:0x00000000 x30=0x80008278
        2495000	       248	800003bc	00860bb3	add	x23,x12,x8	 x12:0x00000005  x8:0x00000002 x23=0x00000007
        2505000	       249	800003c0	00000013	addi	x0,x0,0	  x0:0x00000000
        2515000	       250	800003c4	00c3e663	bltu	x7,x12,800003d0	  x7:0x00000009 x12:0x00000005
        2525000	       251	800003c8	003825b3	slt	x11,x16,x3	 x16:0x00000001  x3:0x00001ac7 x11=0x00000001
        2535000	       252	800003cc	00000013	addi	x0,x0,0	  x0:0x00000000
        2545000	       253	800003d0	75458c93	addi	x25,x11,1876	 x11:0x00000001 x25=0x00000755
        2555000	       254	800003d4	010ffeb3	and	x29,x31,x16	 x31:0x0000000a x16:0x00000001 x29=0x00000000
        2565000	       255	800003d8	0352f463	bgeu	x5,x21,80000400	  x5:0x00000000 x21:0x0000007d
        2575000	       256	800003dc	01f9bc33	sltu	x24,x19,x31	 x19:0xfb0f8e3d x31:0x0000000a x24=0x00000000
        2585000	       257	800003e0	5d8f73b7	lui	x7,0x5d8f7	  x7=0x5d8f7000
        2595000	       258	800003e4	411e5bb3	sra	x23,x28,x17	 x28:0x00000000 x17:0x0000009f x23=0x00000000
        2605000	       259	800003e8	00231e63	bne	x6,x2,80000404	  x6:0xde2fd000  x2:0x00003bb0
        2615000	       260	00000000	00000013	addi	x0,x0,0	  x0:0x00000000
        2625000	       261	80000400	00000013	addi	x0,x0,0	  x0:0x00000000
        2635000	       262	80000404	00e16cb3	or	x25,x2,x14	  x2:0x00003bb0 x14:0xa9cac000 x25=0xa9cafbb0
        2645000	       263	80000408	ce10d0b7	lui	x1,0xce10d	  x1=0xce10d000
        2655000	       264	8000040c	019068b3	or	x17,x0,x25	  x0:0x00000000 x25:0xa9cafbb0 x17=0xa9cafbb0
        2665000	       265	80000410	0256e063	bltu	x13,x5,80000430	 x13:0x05722000  x5:0x00000000
        2675000	       266	80000414	0020d263	bge	x1,x2,80000418	  x1:0xce10d000  x2:0x00003bb0
        2685000	       267	80000418	599de413	ori	x8,x27,1433	 x27:0xffffffdc  x8=0xffffffdd
        2695000	       268	8000041c	00000013	addi	x0,x0,0	  x0:0x00000000
        2705000	       269	80000420	04b0e263	bltu	x1,x11,80000464	  x1:0xce10d000 x11:0x00000001
        2715000	       270	80000424	00000013	addi	x0,x0,0	  x0:0x00000000
        2725000	       271	80000428	00669d33	sll	x26,x13,x6	 x13:0x05722000  x6:0xde2fd000 x26=0x05722000
        2735000	       272	8000042c	04ae7a63	bgeu	x28,x10,80000480	 x28:0x00000000 x10:0x00000004
        2745000	       273	80000430	6644f917	auipc	x18,0x6644f	 x18=0xe644f42c
        2755000	       274	80000434	01249833	sll	x16,x9,x18	  x9:0x80009f84 x18:0xe644f42c x16=0x09f84000
        2765000	       275	80000438	00000197	auipc	x3,0x0	  x3=0x80000434
        2775000	       276	8000043c	4e818193	addi	x3,x3,1256	  x3:0x80000434  x3=0x8000091c
        2785000	       277	80000440	1e518193	addi	x3,x3,485	  x3:0x8000091c  x3=0x80000b01
        2795000	       278	80000444	78667513	andi	x10,x12,1926	 x12:0x00000005 x10=0x00000004
        2805000	       279	80000448	00b77c63	bgeu	x14,x11,80000460	 x14:0xa9cac000 x11:0x00000001
        2815000	       280	00000000	00000013	addi	x0,x0,0	  x0:0x00000000
        2825000	       281	8000045c	00000013	addi	x0,x0,0	  x0:0x00000000
        2835000	       282	80000460	e1c18a67	jalr	x20,x3,-484	  x3:0x80000b01 x20=0x80000460
        2845000	       283	00000000	00000013	addi	x0,x0,0	  x0:0x00000000
        2855000	       284	8000091c	00000013	addi	x0,x0,0	  x0:0x00000000
        2865000	       285	80000920	00e99113	slli	x2,x19,0xe	 x19:0xfb0f8e3d  x2=0xe38f4000
        2875000	       286	80000924	01159263	bne	x11,x17,80000928	 x11:0x00000001 x17:0xa9cafbb0
        2885000	       287	00000000	00000013	addi	x0,x0,0	  x0:0x00000000
        2895000	       288	80000924	00000013	addi	x0,x0,0	  x0:0x00000000
        2905000	       289	80000928	fe048493	addi	x9,x9,-32	  x9:0x80009f84  x9=0x80009f64
        2915000	       290	8000092c	4e043813	sltiu	x16,x8,1248	  x8:0xffffffdd x16=0x00000000
        2925000	       291	80000930	00556133	or	x2,x10,x5	 x10:0x00000004  x5:0x00000000  x2=0x00000004
        2935000	       292	80000934	0144a223	sw	x20,4(x9)	  x9:0x80009f64 x20:0x80000460 PA:0x80009f68
        2945000	       293	80000938	00231f93	slli	x31,x6,0x2	  x6:0xde2fd000 x31=0x78bf4000
        2955000	       294	8000093c	eb16be93	sltiu	x29,x13,-335	 x13:0x05722000 x29=0x00000001
        2965000	       295	80000940	00000117	auipc	x2,0x0	  x2=0x8000093c
        2975000	       296	80000944	17010113	addi	x2,x2,368	  x2:0x8000093c  x2=0x80000aac
        2985000	       297	80000948	3a94e413	ori	x8,x9,937	  x9:0x80009f64  x8=0x80009fed
        2995000	       298	8000094c	40ce0ab3	sub	x21,x28,x12	 x28:0x00000000 x12:0x00000005 x21=0xfffffffb
        3005000	       299	80000950	1deef793	andi	x15,x29,478	 x29:0x00000001 x15=0x00000000
        3015000	       300	80000954	0122fab3	and	x21,x5,x18	  x5:0x00000000 x18:0xe644f42c x21=0x00000000
        3025000	       301	80000958	cb410113	addi	x2,x2,-844	  x2:0x80000aac  x2=0x80000760
        3035000	       302	8000095c	ea97a313	slti	x6,x15,-343	 x15:0x00000000  x6=0x00000000
        3045000	       303	80000960	003dfeb3	and	x29,x27,x3	 x27:0xffffffdc  x3:0x80000b01 x29=0x80000b00
        3055000	       304	80000964	34c10a67	jalr	x20,x2,844	  x2:0x80000760 x20=0x80000964
        3065000	       305	00000000	00000013	addi	x0,x0,0	  x0:0x00000000
        3075000	       306	80000aac	00000013	addi	x0,x0,0	  x0:0x00000000
        3085000	       307	80000ab0	0126c7b3	xor	x15,x13,x18	 x13:0x05722000 x18:0xe644f42c x15=0xe336d42c
        3095000	       308	80000ab4	00000013	addi	x0,x0,0	  x0:0x00000000
        3105000	       309	80000ab8	01260263	beq	x12,x18,80000abc	 x12:0x00000005 x18:0xe644f42c
        3115000	       310	80000abc	fd448493	addi	x9,x9,-44	  x9:0x80009f64  x9=0x80009f38
        3125000	       311	80000ac0	0144a223	sw	x20,4(x9)	  x9:0x80009f38 x20:0x80000964 PA:0x80009f3c
        3135000	       312	80000ac4	00000013	addi	x0,x0,0	  x0:0x00000000
        3145000	       313	80000ac8	00008d97	auipc	x27,0x8	 x27=0x80008ac4
        3155000	       314	80000acc	273d8d93	addi	x27,x27,627	 x27:0x80008ac4 x27=0x80008d37
        3165000	       315	80000ad0	fffd8883	lb	x17,-1(x27)	 x27:0x80008d37 x17=0xffffff9a PA:0x80008d36
        3175000	       316	80000ad4	00008e97	auipc	x29,0x8	 x29=0x80008ad0
        3185000	       317	80000ad8	428e8e93	addi	x29,x29,1064	 x29:0x80008ad0 x29=0x80008ef8
        3195000	       318	80000adc	00008f17	auipc	x30,0x8	 x30=0x80008ad8
        3205000	       319	80000ae0	428f0f13	addi	x30,x30,1064	 x30:0x80008ad8 x30=0x80008f00
        3215000	       320	80000ae4	fe3d81a3	sb	x3,-29(x27)	 x27:0x80008d37  x3:0x80000b01 PA:0x80008d1a
        3225000	       321	80000ae8	f70f2603	lw	x12,-144(x30)	 x30:0x80008f00 x12=0xcd49b3ab PA:0x80008e70
        3235000	       322	80000aec	00fecb83	lbu	x23,15(x29)	 x29:0x80008ef8 x23=0x0000000e PA:0x80008f07
        3245000	       323	80000af0	fcdd8123	sb	x13,-62(x27)	 x27:0x80008d37 x13:0x05722000 PA:0x80008cf9
        3255000	       324	80000af4	ff0eac03	lw	x24,-16(x29)	 x29:0x80008ef8 x24=0x4349d13a PA:0x80008ee8
        3265000	       325	80000af8	fe8dcd03	lbu	x26,-24(x27)	 x27:0x80008d37 x26=0x00000042 PA:0x80008d1f
        3275000	       326	80000afc	f43f04a3	sb	x3,-183(x30)	 x30:0x80008f00  x3:0x80000b01 PA:0x80008e49
        3285000	       327	80000b00	0bbf0603	lb	x12,187(x30)	 x30:0x80008f00 x12=0x0000000d PA:0x80008fbb
        3295000	       328	80000b04	016e8423	sb	x22,8(x29)	 x29:0x80008ef8 x22:0x80008278 PA:0x80008f00
        3305000	       329	80000b08	f4ef5503	lhu	x10,-178(x30)	 x30:0x80008f00 x10=0x0000b360 PA:0x80008e4e
        3315000	       330	80000b0c	036d97a3	sh	x22,47(x27)	 x27:0x80008d37 x22:0x80008278 PA:0x80008d66
        3325000	       331	80000b10	fa6f5b83	lhu	x23,-90(x30)	 x30:0x80008f00 x23=0x0000e448 PA:0x80008ea6
        3335000	       332	80000b14	009e83a3	sb	x9,7(x29)	 x29:0x80008ef8  x9:0x80009f38 PA:0x80008eff
        3345000	       333	80000b18	fe1e9d23	sh	x1,-6(x29)	 x29:0x80008ef8  x1:0xce10d000 PA:0x80008ef2
        3355000	       334	80000b1c	fecd8083	lb	x1,-20(x27)	 x27:0x80008d37  x1=0x00000066 PA:0x80008d23
        3365000	       335	80000b20	febd8a23	sb	x11,-12(x27)	 x27:0x80008d37 x11:0x00000001 PA:0x80008d2b
        3375000	       336	80000b24	00de85a3	sb	x13,11(x29)	 x29:0x80008ef8 x13:0x05722000 PA:0x80008f03
        3385000	       337	80000b28	ffcf4d03	lbu	x26,-4(x30)	 x30:0x80008f00 x26=0x000000ce PA:0x80008efc
        3395000	       338	80000b2c	fe1d9fa3	sh	x1,-1(x27)	 x27:0x80008d37  x1:0x00000066 PA:0x80008d36
        3405000	       339	80000b30	ffbd8f23	sb	x27,-2(x27)	 x27:0x80008d37 x27:0x80008d37 PA:0x80008d35
        3415000	       340	80000b34	f85f0703	lb	x14,-123(x30)	 x30:0x80008f00 x14=0xfffffff2 PA:0x80008e85
        3425000	       341	80000b38	f25f1323	sh	x5,-218(x30)	 x30:0x80008f00  x5:0x00000000 PA:0x80008e26
        3435000	       342	80000b3c	f63f4503	lbu	x10,-157(x30)	 x30:0x80008f00 x10=0x000000b1 PA:0x80008e63
        3445000	       343	80000b40	08df0903	lb	x18,141(x30)	 x30:0x80008f00 x18=0x00000019 PA:0x80008f8d
        3455000	       344	80000b44	ff0ec883	lbu	x17,-16(x29)	 x29:0x80008ef8 x17=0x0000003a PA:0x80008ee8
        3465000	       345	80000b48	001ec283	lbu	x5,1(x29)	 x29:0x80008ef8  x5=0x00000034 PA:0x80008ef9
        3475000	       346	80000b4c	00008917	auipc	x18,0x8	 x18=0x80008b48
        3485000	       347	80000b50	c6a90913	addi	x18,x18,-918	 x18:0x80008b48 x18=0x800087b2
        3495000	       348	80000b54	00008797	auipc	x15,0x8	 x15=0x80008b50
        3505000	       349	80000b58	a7878793	addi	x15,x15,-1416	 x15:0x80008b50 x15=0x800085c8
        3515000	       350	80000b5c	e2178003	lb	x0,-479(x15)	 x15:0x800085c8 PA:0x800083e9
        3525000	       351	80000b60	03291e23	sh	x18,60(x18)	 x18:0x800087b2 x18:0x800087b2 PA:0x800087ee
        3535000	       352	80000b64	14078b83	lb	x23,320(x15)	 x15:0x800085c8 x23=0xffffffce PA:0x80008708
        3545000	       353	80000b68	fe1901a3	sb	x1,-29(x18)	 x18:0x800087b2  x1:0x00000066 PA:0x80008795
        3555000	       354	80000b6c	ce578803	lb	x16,-795(x15)	 x15:0x800085c8 x16=0xffffffc6 PA:0x800082ad
        3565000	       355	80000b70	ff790ba3	sb	x23,-9(x18)	 x18:0x800087b2 x23:0xffffffce PA:0x800087a9
        3575000	       356	80000b74	ff990083	lb	x1,-7(x18)	 x18:0x800087b2  x1=0xffffffc9 PA:0x800087ab
        3585000	       357	80000b78	eb07cc83	lbu	x25,-336(x15)	 x15:0x800085c8 x25=0x00000024 PA:0x80008478
        3595000	       358	80000b7c	00494f83	lbu	x31,4(x18)	 x18:0x800087b2 x31=0x00000093 PA:0x800087b6
        3605000	       359	80000b80	0a679b83	lh	x23,166(x15)	 x15:0x800085c8 x23=0xffffc90a PA:0x8000866e
        3615000	       360	80000b84	009904a3	sb	x9,9(x18)	 x18:0x800087b2  x9:0x80009f38 PA:0x800087bb
        3625000	       361	80000b88	d9a78f23	sb	x26,-610(x15)	 x15:0x800085c8 x26:0x000000ce PA:0x80008366
        3635000	       362	80000b8c	01d90c03	lb	x24,29(x18)	 x18:0x800087b2 x24=0x00000052 PA:0x800087cf
        3645000	       363	80000b90	dec7aa23	sw	x12,-524(x15)	 x15:0x800085c8 x12:0x0000000d PA:0x800083bc
        3655000	       364	80000b94	02495283	lhu	x5,36(x18)	 x18:0x800087b2  x5=0x00006f92 PA:0x800087d6
        3665000	       365	80000b98	e3d78323	sb	x29,-474(x15)	 x15:0x800085c8 x29:0x80008ef8 PA:0x800083ee
        3675000	       366	80000b9c	00008097	auipc	x1,0x8	  x1=0x80008b98
        3685000	       367	80000ba0	08508093	addi	x1,x1,133	  x1:0x80008b98  x1=0x80008c1d
        3695000	       368	80000ba4	0a20c783	lbu	x15,162(x1)	  x1:0x80008c1d x15=0x0000000f PA:0x80008cbf
        3705000	       369	80000ba8	0a20c803	lbu	x16,162(x1)	  x1:0x80008c1d x16=0x0000000f PA:0x80008cbf
        3715000	       370	80000bac	0a208183	lb	x3,162(x1)	  x1:0x80008c1d  x3=0x0000000f PA:0x80008cbf
        3725000	       371	80000bb0	0a208803	lb	x16,162(x1)	  x1:0x80008c1d x16=0x0000000f PA:0x80008cbf
        3735000	       372	80000bb4	0a108123	sb	x1,162(x1)	  x1:0x80008c1d  x1:0x80008c1d PA:0x80008cbf
        3745000	       373	80000bb8	0a208883	lb	x17,162(x1)	  x1:0x80008c1d x17=0x0000001d PA:0x80008cbf
        3755000	       374	80000bbc	0a20cb03	lbu	x22,162(x1)	  x1:0x80008c1d x22=0x0000001d PA:0x80008cbf
        3765000	       375	80000bc0	008e0ab3	add	x21,x28,x8	 x28:0x00000000  x8:0x80009fed x21=0x80009fed
        3775000	       376	80000bc4	2bdfc793	xori	x15,x31,701	 x31:0x00000093 x15=0x0000022e
        3785000	       377	80000bc8	0a20c503	lbu	x10,162(x1)	  x1:0x80008c1d x10=0x0000001d PA:0x80008cbf
        3795000	       378	80000bcc	0a208883	lb	x17,162(x1)	  x1:0x80008c1d x17=0x0000001d PA:0x80008cbf
        3805000	       379	80000bd0	0bb08123	sb	x27,162(x1)	  x1:0x80008c1d x27:0x80008d37 PA:0x80008cbf
        3815000	       380	80000bd4	00008117	auipc	x2,0x8	  x2=0x80008bd0
        3825000	       381	80000bd8	1cc10113	addi	x2,x2,460	  x2:0x80008bd0  x2=0x80008d9c
        3835000	       382	80000bdc	fc614683	lbu	x13,-58(x2)	  x2:0x80008d9c x13=0x00000001 PA:0x80008d62
        3845000	       383	80000be0	fd314683	lbu	x13,-45(x2)	  x2:0x80008d9c x13=0x00000032 PA:0x80008d6f
        3855000	       384	80000be4	03f10f83	lb	x31,63(x2)	  x2:0x80008d9c x31=0x00000077 PA:0x80008ddb
        3865000	       385	80000be8	405d58b3	sra	x17,x26,x5	 x26:0x000000ce  x5:0x00006f92 x17=0x00000000
        3875000	       386	80000bec	00050933	add	x18,x10,x0	 x10:0x0000001d  x0:0x00000000 x18=0x0000001d
        3885000	       387	80000bf0	00305cb3	srl	x25,x0,x3	  x0:0x00000000  x3:0x0000000f x25=0x00000000
        3895000	       388	80000bf4	fe814703	lbu	x14,-24(x2)	  x2:0x80008d9c x14=0x00000085 PA:0x80008d84
        3905000	       389	80000bf8	fe311723	sh	x3,-18(x2)	  x2:0x80008d9c  x3:0x0000000f PA:0x80008d8a
        3915000	       390	80000bfc	fef10c03	lb	x24,-17(x2)	  x2:0x80008d9c x24=0x00000000 PA:0x80008d8b
        3925000	       391	80000c00	7ee84613	xori	x12,x16,2030	 x16:0x0000000f x12=0x000007e1
        3935000	       392	80000c04	fcb10b83	lb	x23,-53(x2)	  x2:0x80008d9c x23=0xffffff82 PA:0x80008d67
        3945000	       393	80000c08	03111e23	sh	x17,60(x2)	  x2:0x80008d9c x17:0x00000000 PA:0x80008dd8
        3955000	       394	80000c0c	01510183	lb	x3,21(x2)	  x2:0x80008d9c  x3=0x00000000 PA:0x80008db1
        3965000	       395	80000c10	0160dab3	srl	x21,x1,x22	  x1:0x80008c1d x22:0x0000001d x21=0x00000004
        3975000	       396	80000c14	02e11e23	sh	x14,60(x2)	  x2:0x80008d9c x14:0x00000085 PA:0x80008dd8
        3985000	       397	80000c18	03b14603	lbu	x12,59(x2)	  x2:0x80008d9c x12=0x000000e1 PA:0x80008dd7
        3995000	       398	80000c1c	00110903	lb	x18,1(x2)	  x2:0x80008d9c x18=0xffffffbf PA:0x80008d9d
        4005000	       399	80000c20	00ba13b3	sll	x7,x20,x11	 x20:0x80000964 x11:0x00000001  x7=0x000012c8
        4015000	       400	80000c24	012e6f33	or	x30,x28,x18	 x28:0x00000000 x18:0xffffffbf x30=0xffffffbf
        4025000	       401	80000c28	01c10b23	sb	x28,22(x2)	  x2:0x80008d9c x28:0x00000000 PA:0x80008db2
        4035000	       402	80000c2c	01389933	sll	x18,x17,x19	 x17:0x00000000 x19:0xfb0f8e3d x18=0x00000000
        4045000	       403	80000c30	41d55cb3	sra	x25,x10,x29	 x10:0x0000001d x29:0x80008ef8 x25=0x00000000
        4055000	       404	80000c34	016fdb13	srli	x22,x31,0x16	 x31:0x00000077 x22=0x00000000
        4065000	       405	80000c38	feb14c83	lbu	x25,-21(x2)	  x2:0x80008d9c x25=0x00000090 PA:0x80008d87
        4075000	       406	80000c3c	40a10eb3	sub	x29,x2,x10	  x2:0x80008d9c x10:0x0000001d x29=0x80008d7f
        4085000	       407	80000c40	ffe15b83	lhu	x23,-2(x2)	  x2:0x80008d9c x23=0x000027bd PA:0x80008d9a
        4095000	       408	80000c44	013104a3	sb	x19,9(x2)	  x2:0x80008d9c x19:0xfb0f8e3d PA:0x80008da5
        4105000	       409	80000c48	003feeb3	or	x29,x31,x3	 x31:0x00000077  x3:0x00000000 x29=0x00000077
        4115000	       410	80000c4c	034100a3	sb	x20,33(x2)	  x2:0x80008d9c x20:0x80000964 PA:0x80008dbd
        4125000	       411	80000c50	fee11303	lh	x6,-18(x2)	  x2:0x80008d9c  x6=0x0000000f PA:0x80008d8a
        4135000	       412	80000c54	01b88533	add	x10,x17,x27	 x17:0x00000000 x27:0x80008d37 x10=0x80008d37
        4145000	       413	80000c58	fd214383	lbu	x7,-46(x2)	  x2:0x80008d9c  x7=0x00000004 PA:0x80008d6e
        4155000	       414	80000c5c	fcc14003	lbu	x0,-52(x2)	  x2:0x80008d9c PA:0x80008d68
        4165000	       415	80000c60	01e307b3	add	x15,x6,x30	  x6:0x0000000f x30:0xffffffbf x15=0xffffffce
        4175000	       416	80000c64	01fb9fb3	sll	x31,x23,x31	 x23:0x000027bd x31:0x00000077 x31=0xde800000
        4185000	       417	80000c68	40425533	sra	x10,x4,x4	  x4:0x80009fc4  x4:0x80009fc4 x10=0xf80009fc
        4195000	       418	80000c6c	fe910aa3	sb	x9,-11(x2)	  x2:0x80008d9c  x9:0x80009f38 PA:0x80008d91
        4205000	       419	80000c70	40105033	sra	x0,x0,x1	  x0:0x00000000  x1:0x80008c1d
        4215000	       420	80000c74	01815783	lhu	x15,24(x2)	  x2:0x80008d9c x15=0x000047c3 PA:0x80008db4
        4225000	       421	80000c78	fe614c03	lbu	x24,-26(x2)	  x2:0x80008d9c x24=0x0000008f PA:0x80008d82
        4235000	       422	80000c7c	0011a5b3	slt	x11,x3,x1	  x3:0x00000000  x1:0x80008c1d x11=0x00000000
        4245000	       423	80000c80	02110783	lb	x15,33(x2)	  x2:0x80008d9c x15=0x00000064 PA:0x80008dbd
        4255000	       424	80000c84	46c9f393	andi	x7,x19,1132	 x19:0xfb0f8e3d  x7=0x0000042c
        4265000	       425	80000c88	4014d693	srai	x13,x9,0x1	  x9:0x80009f38 x13=0xc0004f9c
        4275000	       426	80000c8c	ff510683	lb	x13,-11(x2)	  x2:0x80008d9c x13=0x00000038 PA:0x80008d91
        4285000	       427	80000c90	01011523	sh	x16,10(x2)	  x2:0x80008d9c x16:0x0000000f PA:0x80008da6
        4295000	       428	80000c94	01f23eb3	sltu	x29,x4,x31	  x4:0x80009fc4 x31:0xde800000 x29=0x00000001
        4305000	       429	80000c98	50368913	addi	x18,x13,1283	 x13:0x00000038 x18=0x0000053b
        4315000	       430	80000c9c	02611e83	lh	x29,38(x2)	  x2:0x80008d9c x29=0x00001795 PA:0x80008dc2
        4325000	       431	80000ca0	7a082693	slti	x13,x16,1952	 x16:0x0000000f x13=0x00000001
        4335000	       432	80000ca4	ff615e83	lhu	x29,-10(x2)	  x2:0x80008d9c x29=0x00003eb0 PA:0x80008d92
        4345000	       433	80000ca8	00007097	auipc	x1,0x7	  x1=0x80007ca4
        4355000	       434	80000cac	7e908093	addi	x1,x1,2025	  x1:0x80007ca4  x1=0x8000848d
        4365000	       435	80000cb0	014f7933	and	x18,x30,x20	 x30:0xffffffbf x20:0x80000964 x18=0x80000924
        4375000	       436	80000cb4	f2e0c283	lbu	x5,-210(x1)	  x1:0x8000848d  x5=0x0000008c PA:0x800083bb
        4385000	       437	80000cb8	415352b3	sra	x5,x6,x21	  x6:0x0000000f x21:0x00000004  x5=0x00000000
        4395000	       438	80000cbc	f3f08723	sb	x31,-210(x1)	  x1:0x8000848d x31:0xde800000 PA:0x800083bb
        4405000	       439	80000cc0	f2e0c883	lbu	x17,-210(x1)	  x1:0x8000848d x17=0x00000000 PA:0x800083bb
        4415000	       440	80000cc4	f2e0c103	lbu	x2,-210(x1)	  x1:0x8000848d  x2=0x00000000 PA:0x800083bb
        4425000	       441	80000cc8	f2e08783	lb	x15,-210(x1)	  x1:0x8000848d x15=0x00000000 PA:0x800083bb
        4435000	       442	80000ccc	f180ce83	lbu	x29,-232(x1)	  x1:0x8000848d x29=0x0000004d PA:0x800083a5
        4445000	       443	80000cd0	f1e08c23	sb	x30,-232(x1)	  x1:0x8000848d x30:0xffffffbf PA:0x800083a5
        4455000	       444	80000cd4	a2708c13	addi	x24,x1,-1497	  x1:0x8000848d x24=0x80007eb4
        4465000	       445	80000cd8	0ff0a183	lw	x3,255(x1)	  x1:0x8000848d  x3=0xd36fbdf2 PA:0x8000858c
        4475000	       446	80000cdc	f4109303	lh	x6,-191(x1)	  x1:0x8000848d  x6=0x00007788 PA:0x800083ce
        4485000	       447	80000ce0	7aab4593	xori	x11,x22,1962	 x22:0x00000000 x11=0x000007aa
        4495000	       448	80000ce4	f40080a3	sb	x0,-191(x1)	  x1:0x8000848d  x0:0x00000000 PA:0x800083ce
        4505000	       449	80000ce8	00008197	auipc	x3,0x8	  x3=0x80008ce4
        4515000	       450	80000cec	c9918193	addi	x3,x3,-871	  x3:0x80008ce4  x3=0x8000897d
        4525000	       451	80000cf0	00008b17	auipc	x22,0x8	 x22=0x80008cec
        4535000	       452	80000cf4	f9db0b13	addi	x22,x22,-99	 x22:0x80008cec x22=0x80008c89
        4545000	       453	80000cf8	00008e17	auipc	x28,0x8	 x28=0x80008cf4
        4555000	       454	80000cfc	fe8e0e13	addi	x28,x28,-24	 x28:0x80008cf4 x28=0x80008cdc
        4565000	       455	80000d00	fe6b1ba3	sh	x6,-9(x22)	 x22:0x80008c89  x6:0x00007788 PA:0x80008c80
        4575000	       456	80000d04	feae0f23	sb	x10,-2(x28)	 x28:0x80008cdc x10:0xf80009fc PA:0x80008cda
        4585000	       457	80000d08	00fe4103	lbu	x2,15(x28)	 x28:0x80008cdc  x2=0x0000001c PA:0x80008ceb
        4595000	       458	80000d0c	00008917	auipc	x18,0x8	 x18=0x80008d08
        4605000	       459	80000d10	27690913	addi	x18,x18,630	 x18:0x80008d08 x18=0x80008f7e
        4615000	       460	80000d14	00008797	auipc	x15,0x8	 x15=0x80008d10
        4625000	       461	80000d18	2c578793	addi	x15,x15,709	 x15:0x80008d10 x15=0x80008fd5
        4635000	       462	80000d1c	002e1c83	lh	x25,2(x28)	 x28:0x80008cdc x25=0xffff9ab4 PA:0x80008cde
        4645000	       463	80000d20	c7c7c703	lbu	x14,-900(x15)	 x15:0x80008fd5 x14=0x0000007f PA:0x80008c51
        4655000	       464	80000d24	fcd18803	lb	x16,-51(x3)	  x3:0x8000897d x16=0x00000003 PA:0x8000894a
        4665000	       465	80000d28	dcf7da03	lhu	x20,-561(x15)	 x15:0x80008fd5 x20=0x00003d17 PA:0x80008da4
        4675000	       466	80000d2c	00fe4383	lbu	x7,15(x28)	 x28:0x80008cdc  x7=0x0000001c PA:0x80008ceb
        4685000	       467	80000d30	ff490583	lb	x11,-12(x18)	 x18:0x80008f7e x11=0xffffffe8 PA:0x80008f72
        4695000	       468	80000d34	ff1b0a23	sb	x17,-12(x22)	 x22:0x80008c89 x17:0x00000000 PA:0x80008c7d
        4705000	       469	80000d38	03d1d703	lhu	x14,61(x3)	  x3:0x8000897d x14=0x0000a48e PA:0x800089ba
        4715000	       470	80000d3c	013b0423	sb	x19,8(x22)	 x22:0x80008c89 x19:0xfb0f8e3d PA:0x80008c91
        4725000	       471	80000d40	00218e23	sb	x2,28(x3)	  x3:0x8000897d  x2:0x0000001c PA:0x80008999
        4735000	       472	80000d44	00c904a3	sb	x12,9(x18)	 x18:0x80008f7e x12:0x000000e1 PA:0x80008f87
        4745000	       473	80000d48	fe7e0b23	sb	x7,-10(x28)	 x28:0x80008cdc  x7:0x0000001c PA:0x80008cd2
        4755000	       474	80000d4c	02f18a23	sb	x15,52(x3)	  x3:0x8000897d x15:0x80008fd5 PA:0x800089b1
        4765000	       475	80000d50	febe1b23	sh	x11,-10(x28)	 x28:0x80008cdc x11:0xffffffe8 PA:0x80008cd2
        4775000	       476	80000d54	02f18103	lb	x2,47(x3)	  x3:0x8000897d  x2=0x00000053 PA:0x800089ac
        4785000	       477	80000d58	e0f7cf83	lbu	x31,-497(x15)	 x15:0x80008fd5 x31=0x0000007e PA:0x80008de4
        4795000	       478	80000d5c	c1078f03	lb	x30,-1008(x15)	 x15:0x80008fd5 x30=0xffffffbd PA:0x80008be5
        4805000	       479	80000d60	000e2c03	lw	x24,0(x28)	 x28:0x80008cdc x24=0x9ab4a211 PA:0x80008cdc
        4815000	       480	80000d64	00a95583	lhu	x11,10(x18)	 x18:0x80008f7e x11=0x0000570d PA:0x80008f88
        4825000	       481	80000d68	ff190c03	lb	x24,-15(x18)	 x18:0x80008f7e x24=0xffffffa0 PA:0x80008f6f
        4835000	       482	80000d6c	003b0b83	lb	x23,3(x22)	 x22:0x80008c89 x23=0xffffffaf PA:0x80008c8c
        4845000	       483	80000d70	00895e83	lhu	x29,8(x18)	 x18:0x80008f7e x29=0x0000e1f2 PA:0x80008f86
        4855000	       484	80000d74	fe01cd83	lbu	x27,-32(x3)	  x3:0x8000897d x27=0x00000089 PA:0x8000895d
        4865000	       485	80000d78	a867c703	lbu	x14,-1402(x15)	 x15:0x80008fd5 x14=0x00000093 PA:0x80008a5b
        4875000	       486	80000d7c	ff51d883	lhu	x17,-11(x3)	  x3:0x8000897d x17=0x000069b8 PA:0x80008972
        4885000	       487	80000d80	ff390403	lb	x8,-13(x18)	 x18:0x80008f7e  x8=0xffffff95 PA:0x80008f71
        4895000	       488	80000d84	ff290e83	lb	x29,-14(x18)	 x18:0x80008f7e x29=0x00000041 PA:0x80008f70
        4905000	       489	80000d88	ffcb0303	lb	x6,-4(x22)	 x22:0x80008c89  x6=0xffffffce PA:0x80008c85
        4915000	       490	80000d8c	ff690ba3	sb	x22,-9(x18)	 x18:0x80008f7e x22:0x80008c89 PA:0x80008f75
        4925000	       491	80000d90	fdc1c103	lbu	x2,-36(x3)	  x3:0x8000897d  x2=0x000000a1 PA:0x80008959
        4935000	       492	80000d94	ff990ba3	sb	x25,-9(x18)	 x18:0x80008f7e x25:0xffff9ab4 PA:0x80008f75
        4945000	       493	80000d98	ff9b1f83	lh	x31,-7(x22)	 x22:0x80008c89 x31=0x00003961 PA:0x80008c82
        4955000	       494	80000d9c	003e0d03	lb	x26,3(x28)	 x28:0x80008cdc x26=0xffffff9a PA:0x80008cdf
        4965000	       495	80000da0	016e06a3	sb	x22,13(x28)	 x28:0x80008cdc x22:0x80008c89 PA:0x80008ce9
        4975000	       496	80000da4	ffb94383	lbu	x7,-5(x18)	 x18:0x80008f7e  x7=0x000000c5 PA:0x80008f79
        4985000	       497	80000da8	fcf18583	lb	x11,-49(x3)	  x3:0x8000897d x11=0x00000019 PA:0x8000894c
        4995000	       498	80000dac	00008117	auipc	x2,0x8	  x2=0x80008da8
        5005000	       499	80000db0	f9810113	addi	x2,x2,-104	  x2:0x80008da8  x2=0x80008d40
        5015000	       500	80000db4	00314283	lbu	x5,3(x2)	  x2:0x80008d40  x5=0x000000cd PA:0x80008d43
        5025000	       501	80000db8	fec10923	sb	x12,-14(x2)	  x2:0x80008d40 x12:0x000000e1 PA:0x80008d32
        5035000	       502	80000dbc	00812a83	lw	x21,8(x2)	  x2:0x80008d40 x21=0x936f44bf PA:0x80008d48
        5045000	       503	80000dc0	01a29633	sll	x12,x5,x26	  x5:0x000000cd x26:0xffffff9a x12=0x34000000
        5055000	       504	80000dc4	004383b3	add	x7,x7,x4	  x7:0x000000c5  x4:0x80009fc4  x7=0x8000a089
        5065000	       505	80000dc8	01b10323	sb	x27,6(x2)	  x2:0x80008d40 x27:0x00000089 PA:0x80008d46
        5075000	       506	80000dcc	008101a3	sb	x8,3(x2)	  x2:0x80008d40  x8:0xffffff95 PA:0x80008d43
        5085000	       507	80000dd0	fff10383	lb	x7,-1(x2)	  x2:0x80008d40  x7=0x00000061 PA:0x80008d3f
        5095000	       508	80000dd4	01911d33	sll	x26,x2,x25	  x2:0x80008d40 x25:0xffff9ab4 x26=0xd4000000
        5105000	       509	80000dd8	00714f03	lbu	x30,7(x2)	  x2:0x80008d40 x30=0x000000a7 PA:0x80008d47
        5115000	       510	80000ddc	ff810383	lb	x7,-8(x2)	  x2:0x80008d40  x7=0xfffffffe PA:0x80008d38
        5125000	       511	80000de0	01e100a3	sb	x30,1(x2)	  x2:0x80008d40 x30:0x000000a7 PA:0x80008d41
        5135000	       512	80000de4	ff611b03	lh	x22,-10(x2)	  x2:0x80008d40 x22=0x00000066 PA:0x80008d36
        5145000	       513	80000de8	86ba4293	xori	x5,x20,-1941	 x20:0x00003d17  x5=0xffffc57c
        5155000	       514	80000dec	002107a3	sb	x2,15(x2)	  x2:0x80008d40  x2:0x80008d40 PA:0x80008d4f
        5165000	       515	80000df0	01bf5d93	srli	x27,x30,0x1b	 x30:0x000000a7 x27=0x00000000
        5175000	       516	80000df4	40845b13	srai	x22,x8,0x8	  x8:0xffffff95 x22=0xffffffff
        5185000	       517	80000df8	ff214b03	lbu	x22,-14(x2)	  x2:0x80008d40 x22=0x000000e1 PA:0x80008d32
        5195000	       518	80000dfc	0143cbb3	xor	x23,x7,x20	  x7:0xfffffffe x20:0x00003d17 x23=0xffffc2e9
        5205000	       519	80000e00	00314803	lbu	x16,3(x2)	  x2:0x80008d40 x16=0x00000095 PA:0x80008d43
        5215000	       520	00000000	00000013	addi	x0,x0,0	  x0:0x00000000
        5225000	       521	80000e04	41065533	sra	x10,x12,x16	 x12:0x34000000 x16:0x00000095 x10=0x000001a0
        5235000	       522	80000e08	0050a533	slt	x10,x1,x5	  x1:0x8000848d  x5:0xffffc57c x10=0x00000001
        5245000	       523	80000e0c	00e34633	xor	x12,x6,x14	  x6:0xffffffce x14:0x00000093 x12=0xffffff5d
        5255000	       524	80000e10	7879bc97	auipc	x25,0x7879b	 x25=0xf879be0c
        5265000	       525	80000e14	00310883	lb	x17,3(x2)	  x2:0x80008d40 x17=0xffffff95 PA:0x80008d43
        5275000	       526	80000e18	4131db13	srai	x22,x3,0x13	  x3:0x8000897d x22=0xfffff000
        5285000	       527	80000e1c	ff111c23	sh	x17,-8(x2)	  x2:0x80008d40 x17:0xffffff95 PA:0x80008d38
        5295000	       528	80000e20	00b10a03	lb	x20,11(x2)	  x2:0x80008d40 x20=0xffffff93 PA:0x80008d4b
        5305000	       529	80000e24	00311823	sh	x3,16(x2)	  x2:0x80008d40  x3:0x8000897d PA:0x80008d50
        5315000	       530	80000e28	00b14803	lbu	x16,11(x2)	  x2:0x80008d40 x16=0x00000093 PA:0x80008d4b
        5325000	       531	80000e2c	00007117	auipc	x2,0x7	  x2=0x80007e28
        5335000	       532	80000e30	3b610113	addi	x2,x2,950	  x2:0x80007e28  x2=0x800081de
        5345000	       533	80000e34	ee5dfa93	andi	x21,x27,-283	 x27:0x00000000 x21=0x00000000
        5355000	       534	80000e38	f5714903	lbu	x18,-169(x2)	  x2:0x800081de x18=0x0000001f PA:0x80008135
        5365000	       535	80000e3c	158c2293	slti	x5,x24,344	 x24:0xffffffa0  x5=0x00000001
        5375000	       536	80000e40	00000013	addi	x0,x0,0	  x0:0x00000000
        5385000	       537	80000e44	013a86b3	add	x13,x21,x19	 x21:0x00000000 x19:0xfb0f8e3d x13=0xfb0f8e3d
        5395000	       538	80000e48	41258933	sub	x18,x11,x18	 x11:0x00000019 x18:0x0000001f x18=0xfffffffa
        5405000	       539	80000e4c	00000013	addi	x0,x0,0	  x0:0x00000000
        5415000	       540	80000e50	04712923	sw	x7,82(x2)	  x2:0x800081de  x7:0xfffffffe PA:0x80008230
        5425000	       541	80000e54	00ff1db3	sll	x27,x30,x15	 x30:0x000000a7 x15:0x80008fd5 x27=0x14e00000
        5435000	       542	80000e58	0053cf33	xor	x30,x7,x5	  x7:0xfffffffe  x5:0x00000001 x30=0xffffffff
        5445000	       543	80000e5c	01d3fc33	and	x24,x7,x29	  x7:0xfffffffe x29:0x00000041 x24=0x00000040
        5455000	       544	80000e60	f2514e03	lbu	x28,-219(x2)	  x2:0x800081de x28=0x000000cc PA:0x80008103
        5465000	       545	80000e64	f56f2713	slti	x14,x30,-170	 x30:0xffffffff x14=0x00000000
        5475000	       546	80000e68	e2088b97	auipc	x23,0xe2088	 x23=0x62088e64
        5485000	       547	80000e6c	0ab14503	lbu	x10,171(x2)	  x2:0x800081de x10=0x00000055 PA:0x80008289
        5495000	       548	80000e70	0b35ed93	ori	x27,x11,179	 x11:0x00000019 x27=0x000000bb
        5505000	       549	80000e74	2924c813	xori	x16,x9,658	  x9:0x80009f38 x16=0x80009daa
        5515000	       550	80000e78	01c84d33	xor	x26,x16,x28	 x16:0x80009daa x28:0x000000cc x26=0x80009d66
        5525000	       551	80000e7c	02914883	lbu	x17,41(x2)	  x2:0x800081de x17=0x0000005a PA:0x80008207
        5535000	       552	80000e80	0be10e03	lb	x28,190(x2)	  x2:0x800081de x28=0xffffff81 PA:0x8000829c
        5545000	       553	80000e84	0061c0b3	xor	x1,x3,x6	  x3:0x8000897d  x6:0xffffffce  x1=0x7fff76b3
        5555000	       554	80000e88	01f22eb3	slt	x29,x4,x31	  x4:0x80009fc4 x31:0x00003961 x29=0x00000001
        5565000	       555	80000e8c	fba12303	lw	x6,-70(x2)	  x2:0x800081de  x6=0x93ca432c PA:0x80008198
        5575000	       556	80000e90	01c79713	slli	x14,x15,0x1c	 x15:0x80008fd5 x14=0x50000000
        5585000	       557	80000e94	38df6337	lui	x6,0x38df6	  x6=0x38df6000
        5595000	       558	80000e98	006b2e33	slt	x28,x22,x6	 x22:0xfffff000  x6:0x38df6000 x28=0x00000001
        5605000	       559	80000e9c	05114283	lbu	x5,81(x2)	  x2:0x800081de  x5=0x0000005f PA:0x8000822f
        5615000	       560	80000ea0	5496cf93	xori	x31,x13,1353	 x13:0xfb0f8e3d x31=0xfb0f8b74
        5625000	       561	80000ea4	0c010fa3	sb	x0,223(x2)	  x2:0x800081de  x0:0x00000000 PA:0x800082bd
        5635000	       562	80000ea8	fee12003	lw	x0,-18(x2)	  x2:0x800081de PA:0x800081cc
        5645000	       563	80000eac	00007797	auipc	x15,0x7	 x15=0x80007ea8
        5655000	       564	80000eb0	24f78793	addi	x15,x15,591	 x15:0x80007ea8 x15=0x800080f7
        5665000	       565	80000eb4	3e978e23	sb	x9,1020(x15)	 x15:0x800080f7  x9:0x80009f38 PA:0x800084f3
        5675000	       566	80000eb8	5f47c603	lbu	x12,1524(x15)	 x15:0x800080f7 x12=0x00000024 PA:0x800086eb
        5685000	       567	80000ebc	027cce13	xori	x28,x25,39	 x25:0xf879be0c x28=0xf879be2b
        5695000	       568	80000ec0	1c878823	sb	x8,464(x15)	 x15:0x800080f7  x8:0xffffff95 PA:0x800082c7
        5705000	       569	80000ec4	21a78083	lb	x1,538(x15)	 x15:0x800080f7  x1=0x00000001 PA:0x80008311
        5715000	       570	80000ec8	6eb78c83	lb	x25,1771(x15)	 x15:0x800080f7 x25=0xffffff97 PA:0x800087e2
        5725000	       571	80000ecc	6eb7cc03	lbu	x24,1771(x15)	 x15:0x800080f7 x24=0x00000097 PA:0x800087e2
        5735000	       572	80000ed0	00bb5713	srli	x14,x22,0xb	 x22:0xfffff000 x14=0x001ffffe
        5745000	       573	80000ed4	01e79513	slli	x10,x15,0x1e	 x15:0x800080f7 x10=0xc0000000
        5755000	       574	80000ed8	1d27ca03	lbu	x20,466(x15)	 x15:0x800080f7 x20=0x00000033 PA:0x800082c9
        5765000	       575	80000edc	0066cab3	xor	x21,x13,x6	 x13:0xfb0f8e3d  x6:0x38df6000 x21=0xc3d0ee3d
        5775000	       576	80000ee0	5737d903	lhu	x18,1395(x15)	 x15:0x800080f7 x18=0x000008d0 PA:0x8000866a
        5785000	       577	80000ee4	fc978583	lb	x11,-55(x15)	 x15:0x800080f7 x11=0x00000066 PA:0x800080c0
        5795000	       578	80000ee8	6ae7cd03	lbu	x26,1710(x15)	 x15:0x800080f7 x26=0x00000077 PA:0x800087a5
        5805000	       579	80000eec	f9178603	lb	x12,-111(x15)	 x15:0x800080f7 x12=0x00000019 PA:0x80008088
        5815000	       580	80000ef0	40375e93	srai	x29,x14,0x3	 x14:0x001ffffe x29=0x0003ffff
        5825000	       581	80000ef4	f957a8a3	sw	x21,-111(x15)	 x15:0x800080f7 x21:0xc3d0ee3d PA:0x80008088
        5835000	       582	80000ef8	24278e83	lb	x29,578(x15)	 x15:0x800080f7 x29=0x0000006c PA:0x80008339
        5845000	       583	00000000	00000013	addi	x0,x0,0	  x0:0x00000000
        5855000	       584	80000efc	01d38fb3	add	x31,x7,x29	  x7:0xfffffffe x29:0x0000006c x31=0x0000006a
        5865000	       585	80000f00	24278e03	lb	x28,578(x15)	 x15:0x800080f7 x28=0x0000006c PA:0x80008339
        5875000	       586	80000f04	00008717	auipc	x14,0x8	 x14=0x80008f00
        5885000	       587	80000f08	fc870713	addi	x14,x14,-56	 x14:0x80008f00 x14=0x80008ec8
        5895000	       588	80000f0c	00008897	auipc	x17,0x8	 x17=0x80008f08
        5905000	       589	80000f10	a4488893	addi	x17,x17,-1468	 x17:0x80008f08 x17=0x8000894c
        5915000	       590	80000f14	00770d03	lb	x26,7(x14)	 x14:0x80008ec8 x26=0x00000056 PA:0x80008ecf
        5925000	       591	80000f18	00008a17	auipc	x20,0x8	 x20=0x80008f14
        5935000	       592	80000f1c	d54a0a13	addi	x20,x20,-684	 x20:0x80008f14 x20=0x80008c68
        5945000	       593	80000f20	d9fa0ea3	sb	x31,-611(x20)	 x20:0x80008c68 x31:0x0000006a PA:0x80008a05
        5955000	       594	80000f24	00008e97	auipc	x29,0x8	 x29=0x80008f20
        5965000	       595	80000f28	941e8e93	addi	x29,x29,-1727	 x29:0x80008f20 x29=0x80008861
        5975000	       596	80000f2c	00970783	lb	x15,9(x14)	 x14:0x80008ec8 x15=0xffffff92 PA:0x80008ed1
        5985000	       597	80000f30	00988223	sb	x9,4(x17)	 x17:0x8000894c  x9:0x80009f38 PA:0x80008950
        5995000	       598	80000f34	168a5383	lhu	x7,360(x20)	 x20:0x80008c68  x7=0x00006dd1 PA:0x80008dd0
        6005000	       599	80000f38	00bec303	lbu	x6,11(x29)	 x29:0x80008861  x6=0x0000007c PA:0x8000886c
        6015000	       600	80000f3c	0b1a2823	sw	x17,176(x20)	 x20:0x80008c68 x17:0x8000894c PA:0x80008d18
        6025000	       601	80000f40	006887a3	sb	x6,15(x17)	 x17:0x8000894c  x6:0x0000007c PA:0x8000895b
        6035000	       602	80000f44	ffc70c83	lb	x25,-4(x14)	 x14:0x80008ec8 x25=0xffffff92 PA:0x80008ec4
        6045000	       603	80000f48	13fa1323	sh	x31,294(x20)	 x20:0x80008c68 x31:0x0000006a PA:0x80008d8e
        6055000	       604	80000f4c	00008917	auipc	x18,0x8	 x18=0x80008f48
        6065000	       605	80000f50	99790913	addi	x18,x18,-1641	 x18:0x80008f48 x18=0x800088df
        6075000	       606	80000f54	360a1303	lh	x6,864(x20)	 x20:0x80008c68  x6=0x00001ac7 PA:0x80008fc8
        6085000	       607	80000f58	ff671503	lh	x10,-10(x14)	 x14:0x80008ec8 x10=0xffff869c PA:0x80008ebe
        6095000	       608	80000f5c	ffaec003	lbu	x0,-6(x29)	 x29:0x80008861 PA:0x8000885b
        6105000	       609	80000f60	fde885a3	sb	x30,-53(x17)	 x17:0x8000894c x30:0xffffffff PA:0x80008917
        6115000	       610	80000f64	01be90a3	sh	x27,1(x29)	 x29:0x80008861 x27:0x000000bb PA:0x80008862
        6125000	       611	80000f68	e30a1303	lh	x6,-464(x20)	 x20:0x80008c68  x6=0xffffa907 PA:0x80008a98
        6135000	       612	80000f6c	ffbed403	lhu	x8,-5(x29)	 x29:0x80008861  x8=0x00007373 PA:0x8000885c
        6145000	       613	00000000	00000013	addi	x0,x0,0	  x0:0x00000000
        6155000	       614	80000f70	fe8928a3	sw	x8,-15(x18)	 x18:0x800088df  x8:0x00007373 PA:0x800088d0
        6165000	       615	80000f74	fe489523	sh	x4,-22(x17)	 x17:0x8000894c  x4:0x80009fc4 PA:0x80008936
        6175000	       616	80000f78	00791803	lh	x16,7(x18)	 x18:0x800088df x16=0x000027bf PA:0x800088e6
        6185000	       617	80000f7c	d9ca1783	lh	x15,-612(x20)	 x20:0x80008c68 x15=0x00006aae PA:0x80008a04
        6195000	       618	80000f80	02b8c603	lbu	x12,43(x17)	 x17:0x8000894c x12=0x00000099 PA:0x80008977
        6205000	       619	80000f84	241a4103	lbu	x2,577(x20)	 x20:0x80008c68  x2=0x00000026 PA:0x80008ea9
        6215000	       620	80000f88	00a8cd83	lbu	x27,10(x17)	 x17:0x8000894c x27=0x0000004b PA:0x80008956
        6225000	       621	80000f8c	0a0a2b83	lw	x23,160(x20)	 x20:0x80008c68 x23=0x4a30ba6e PA:0x80008d08
        6235000	       622	80000f90	ffcec183	lbu	x3,-4(x29)	 x29:0x80008861  x3=0x00000073 PA:0x8000885d
        6245000	       623	80000f94	00a94683	lbu	x13,10(x18)	 x18:0x800088df x13=0x00000000 PA:0x800088e9
        6255000	       624	80000f98	01d88b23	sb	x29,22(x17)	 x17:0x8000894c x29:0x80008861 PA:0x80008962
        6265000	       625	80000f9c	00d94f03	lbu	x30,13(x18)	 x18:0x800088df x30=0x000000ee PA:0x800088ec
        6275000	       626	80000fa0	010ea5a3	sw	x16,11(x29)	 x29:0x80008861 x16:0x000027bf PA:0x8000886c
        6285000	       627	80000fa4	ffcecc83	lbu	x25,-4(x29)	 x29:0x80008861 x25=0x00000073 PA:0x8000885d
        6295000	       628	80000fa8	ffb95803	lhu	x16,-5(x18)	 x18:0x800088df x16=0x0000e4c3 PA:0x800088da
        6305000	       629	80000fac	ff774d83	lbu	x27,-9(x14)	 x14:0x80008ec8 x27=0x00000086 PA:0x80008ebf
        6315000	       630	80000fb0	ff58c283	lbu	x5,-11(x17)	 x17:0x8000894c  x5=0x0000005a PA:0x80008941
        6325000	       631	80000fb4	00275783	lhu	x15,2(x14)	 x14:0x80008ec8 x15=0x00007d43 PA:0x80008eca
        6335000	       632	80000fb8	34ba1e23	sh	x11,860(x20)	 x20:0x80008c68 x11:0x00000066 PA:0x80008fc4
        6345000	       633	80000fbc	ffcece03	lbu	x28,-4(x29)	 x29:0x80008861 x28=0x00000073 PA:0x8000885d
        6355000	       634	80000fc0	03b8c803	lbu	x16,59(x17)	 x17:0x8000894c x16=0x00000053 PA:0x80008987
        6365000	       635	80000fc4	00f90123	sb	x15,2(x18)	 x18:0x800088df x15:0x00007d43 PA:0x800088e1
        6375000	       636	80000fc8	00008f17	auipc	x30,0x8	 x30=0x80008fc4
        6385000	       637	80000fcc	021f0f13	addi	x30,x30,33	 x30:0x80008fc4 x30=0x80008fe5
        6395000	       638	80000fd0	95bf14a3	sh	x27,-1719(x30)	 x30:0x80008fe5 x27:0x00000086 PA:0x8000892e
        6405000	       639	80000fd4	901f5603	lhu	x12,-1791(x30)	 x30:0x80008fe5 x12=0x000027bf PA:0x800088e6
        6415000	       640	80000fd8	2c66c637	lui	x12,0x2c66c	 x12=0x2c66c000
        6425000	       641	80000fdc	b65e3393	sltiu	x7,x28,-1179	 x28:0x00000073  x7=0x00000001
        6435000	       642	80000fe0	4011dc33	sra	x24,x3,x1	  x3:0x00000073  x1:0x00000001 x24=0x00000039
        6445000	       643	80000fe4	40855d33	sra	x26,x10,x8	 x10:0xffff869c  x8:0x00007373 x26=0xffffffff
        6455000	       644	80000fe8	00000013	addi	x0,x0,0	  x0:0x00000000
        6465000	       645	80000fec	01e7a2b3	slt	x5,x15,x30	 x15:0x00007d43 x30:0x80008fe5  x5=0x00000000
        6475000	       646	80000ff0	00532833	slt	x16,x6,x5	  x6:0xffffa907  x5:0x00000000 x16=0x00000001
        6485000	       647	80000ff4	ab60cd17	auipc	x26,0xab60c	 x26=0x2b60cff0
        6495000	       648	80000ff8	9f39f5b7	lui	x11,0x9f39f	 x11=0x9f39f000
        6505000	       649	80000ffc	d4af27a3	sw	x10,-689(x30)	 x30:0x80008fe5 x10:0xffff869c PA:0x80008d34
        6515000	       650	80001000	c46f4383	lbu	x7,-954(x30)	 x30:0x80008fe5  x7=0x000000d7 PA:0x80008c2b
        6525000	       651	80001004	eeef0c03	lb	x24,-274(x30)	 x30:0x80008fe5 x24=0xffffff88 PA:0x80008ed3
        6535000	       652	80001008	8dbf1a83	lh	x21,-1829(x30)	 x30:0x80008fe5 x21=0xffff950b PA:0x800088c0
        6545000	       653	8000100c	a37f4183	lbu	x3,-1481(x30)	 x30:0x80008fe5  x3=0x000000b2 PA:0x80008a1c
        6555000	       654	80001010	010cdd93	srli	x27,x25,0x10	 x25:0x00000073 x27=0x00000000
        6565000	       655	80001014	01b152b3	srl	x5,x2,x27	  x2:0x00000026 x27:0x00000000  x5=0x00000026
        6575000	       656	80001018	8acf0003	lb	x0,-1876(x30)	 x30:0x80008fe5 PA:0x80008891
        6585000	       657	8000101c	31b04913	xori	x18,x0,795	  x0:0x00000000 x18=0x0000031b
        6595000	       658	80001020	ef6f0603	lb	x12,-266(x30)	 x30:0x80008fe5 x12=0x0000001c PA:0x80008edb
        6605000	       659	80001024	a19f0aa3	sb	x25,-1515(x30)	 x30:0x80008fe5 x25:0x00000073 PA:0x800089fa
        6615000	       660	80001028	0047b0b3	sltu	x1,x15,x4	 x15:0x00007d43  x4:0x80009fc4  x1=0x00000001
        6625000	       661	8000102c	00d5d713	srli	x14,x11,0xd	 x11:0x9f39f000 x14=0x0004f9cf
        6635000	       662	80001030	a4df0b23	sb	x13,-1450(x30)	 x30:0x80008fe5 x13:0x00000000 PA:0x80008a3b
        6645000	       663	80001034	00000013	addi	x0,x0,0	  x0:0x00000000
        6655000	       664	80001038	ac7f0da3	sb	x7,-1317(x30)	 x30:0x80008fe5  x7:0x000000d7 PA:0x80008ac0
        6665000	       665	8000103c	a0f24297	auipc	x5,0xa0f24	  x5=0x20f25038
        6675000	       666	80001040	00000013	addi	x0,x0,0	  x0:0x00000000
        6685000	       667	80001044	00c7a2b3	slt	x5,x15,x12	 x15:0x00007d43 x12:0x0000001c  x5=0x00000000
        6695000	       668	80001048	a7df1583	lh	x11,-1411(x30)	 x30:0x80008fe5 x11=0x0000648e PA:0x80008a62
        6705000	       669	8000104c	00c9b8b3	sltu	x17,x19,x12	 x19:0xfb0f8e3d x12:0x0000001c x17=0x00000000
        6715000	       670	80001050	01909c13	slli	x24,x1,0x19	  x1:0x00000001 x24=0x02000000
        6725000	       671	80001054	f15f27a3	sw	x21,-241(x30)	 x30:0x80008fe5 x21:0xffff950b PA:0x80008ef4
        6735000	       672	80001058	015e78b3	and	x17,x28,x21	 x28:0x00000073 x21:0xffff950b x17=0x00000003
        6745000	       673	8000105c	0140b633	sltu	x12,x1,x20	  x1:0x00000001 x20:0x80008c68 x12=0x00000001
        6755000	       674	80001060	b4616313	ori	x6,x2,-1210	  x2:0x00000026  x6=0xfffffb66
        6765000	       675	80001064	aa6f0da3	sb	x6,-1349(x30)	 x30:0x80008fe5  x6:0xfffffb66 PA:0x80008aa0
        6775000	       676	80001068	dd1b4893	xori	x17,x22,-559	 x22:0xfffff000 x17=0x00000dd1
        6785000	       677	8000106c	f7353a17	auipc	x20,0xf7353	 x20=0x77354068
        6795000	       678	80001070	01411513	slli	x10,x2,0x14	  x2:0x00000026 x10=0x02600000
        6805000	       679	80001074	0135a3b3	slt	x7,x11,x19	 x11:0x0000648e x19:0xfb0f8e3d  x7=0x00000000
        6815000	       680	80001078	0045f633	and	x12,x11,x4	 x11:0x0000648e  x4:0x80009fc4 x12=0x00000484
        6825000	       681	8000107c	ee0f0f83	lb	x31,-288(x30)	 x30:0x80008fe5 x31=0xffffffa7 PA:0x80008ec5
        6835000	       682	80001080	a22dba13	sltiu	x20,x27,-1502	 x27:0x00000000 x20=0x00000001
        6845000	       683	80001084	019113b3	sll	x7,x2,x25	  x2:0x00000026 x25:0x00000073  x7=0x01300000
        6855000	       684	80001088	cb7f1a03	lh	x20,-841(x30)	 x30:0x80008fe5 x20=0xffffc9c8 PA:0x80008c9c
        6865000	       685	8000108c	00008e97	auipc	x29,0x8	 x29=0x80009088
        6875000	       686	80001090	f54e8e93	addi	x29,x29,-172	 x29:0x80009088 x29=0x80008fdc
        6885000	       687	80001094	fd1e81a3	sb	x17,-61(x29)	 x29:0x80008fdc x17:0x00000dd1 PA:0x80008f9f
        6895000	       688	80001098	00008a97	auipc	x21,0x8	 x21=0x80009094
        6905000	       689	8000109c	a2ca8a93	addi	x21,x21,-1492	 x21:0x80009094 x21=0x80008ac0
        6915000	       690	800010a0	016a8183	lb	x3,22(x21)	 x21:0x80008ac0  x3=0xffffffa2 PA:0x80008ad6
        6925000	       691	800010a4	00008517	auipc	x10,0x8	 x10=0x800090a0
        6935000	       692	800010a8	85450513	addi	x10,x10,-1964	 x10:0x800090a0 x10=0x800088f4
        6945000	       693	800010ac	00ae8d83	lb	x27,10(x29)	 x29:0x80008fdc x27=0x0000002e PA:0x80008fe6
        6955000	       694	800010b0	00008c17	auipc	x24,0x8	 x24=0x800090ac
        6965000	       695	800010b4	b09c0c13	addi	x24,x24,-1271	 x24:0x800090ac x24=0x80008bb5
        6975000	       696	800010b8	00008097	auipc	x1,0x8	  x1=0x800090b4
        6985000	       697	800010bc	c4508093	addi	x1,x1,-955	  x1:0x800090b4  x1=0x80008cf9
        6995000	       698	800010c0	02d08523	sb	x13,42(x1)	  x1:0x80008cf9 x13:0x00000000 PA:0x80008d23
        7005000	       699	800010c4	03aa9a03	lh	x20,58(x21)	 x21:0x80008ac0 x20=0x00007849 PA:0x80008afa
        7015000	       700	800010c8	fe0a8aa3	sb	x0,-11(x21)	 x21:0x80008ac0  x0:0x00000000 PA:0x80008ab5
        7025000	       701	800010cc	f0fc29a3	sw	x15,-237(x24)	 x24:0x80008bb5 x15:0x00007d43 PA:0x80008ac8
        7035000	       702	800010d0	033ac883	lbu	x17,51(x21)	 x21:0x80008ac0 x17=0x00000082 PA:0x80008af3
        7045000	       703	800010d4	fc054c83	lbu	x25,-64(x10)	 x10:0x800088f4 x25=0x000000df PA:0x800088b4
        7055000	       704	800010d8	092c4003	lbu	x0,146(x24)	 x24:0x80008bb5 PA:0x80008c47
        7065000	       705	800010dc	f52c04a3	sb	x18,-183(x24)	 x24:0x80008bb5 x18:0x0000031b PA:0x80008afe
        7075000	       706	800010e0	fd6e9923	sh	x22,-46(x29)	 x29:0x80008fdc x22:0xfffff000 PA:0x80008fae
        7085000	       707	800010e4	fe852403	lw	x8,-24(x10)	 x10:0x800088f4  x8=0xa9ac988d PA:0x800088dc
        7095000	       708	800010e8	01a51583	lh	x11,26(x10)	 x10:0x800088f4 x11=0x00007a68 PA:0x8000890e
        7105000	       709	800010ec	00aa8b03	lb	x22,10(x21)	 x21:0x80008ac0 x22=0x00000000 PA:0x80008aca
        7115000	       710	800010f0	03a0cf03	lbu	x30,58(x1)	  x1:0x80008cf9 x30=0x000000a4 PA:0x80008d33
        7125000	       711	800010f4	000ede03	lhu	x28,0(x29)	 x29:0x80008fdc x28=0x0000028b PA:0x80008fdc
        7135000	       712	800010f8	018a8fa3	sb	x24,31(x21)	 x21:0x80008ac0 x24:0x80008bb5 PA:0x80008adf
        7145000	       713	800010fc	0d1c5e03	lhu	x28,209(x24)	 x24:0x80008bb5 x28=0x0000fbbf PA:0x80008c86
        7155000	       714	80001100	fc6ea823	sw	x6,-48(x29)	 x29:0x80008fdc  x6:0xfffffb66 PA:0x80008fac
        7165000	       715	80001104	fdb50603	lb	x12,-37(x10)	 x10:0x800088f4 x12=0x00000055 PA:0x800088cf
        7175000	       716	80001108	008ad303	lhu	x6,8(x21)	 x21:0x80008ac0  x6=0x00007d43 PA:0x80008ac8
        7185000	       717	8000110c	fcb08803	lb	x16,-53(x1)	  x1:0x80008cf9 x16=0xfffffff9 PA:0x80008cc4
        7195000	       718	80001110	fcb08a03	lb	x20,-53(x1)	  x1:0x80008cf9 x20=0xfffffff9 PA:0x80008cc4
        7205000	       719	80001114	ffd54103	lbu	x2,-3(x10)	 x10:0x800088f4  x2=0x000000bb PA:0x800088f1
        7215000	       720	80001118	fdeedf03	lhu	x30,-34(x29)	 x29:0x80008fdc x30=0x00000dbe PA:0x80008fba
        7225000	       721	8000111c	0b8c4303	lbu	x6,184(x24)	 x24:0x80008bb5  x6=0x000000c3 PA:0x80008c6d
        7235000	       722	80001120	fcb0c903	lbu	x18,-53(x1)	  x1:0x80008cf9 x18=0x000000f9 PA:0x80008cc4
        7245000	       723	80001124	016a8d83	lb	x27,22(x21)	 x21:0x80008ac0 x27=0xffffffa2 PA:0x80008ad6
        7255000	       724	00000000	00000013	addi	x0,x0,0	  x0:0x00000000
        7265000	       725	80001128	07bc0783	lb	x15,123(x24)	 x24:0x80008bb5 x15=0xffffffad PA:0x80008c30
        7275000	       726	8000112c	fc4e8ea3	sb	x4,-35(x29)	 x29:0x80008fdc  x4:0x80009fc4 PA:0x80008fb9
        7285000	       727	80001130	00008897	auipc	x17,0x8	 x17=0x8000912c
        7295000	       728	80001134	c5488893	addi	x17,x17,-940	 x17:0x8000912c x17=0x80008d80
        7305000	       729	80001138	08b88383	lb	x7,139(x17)	 x17:0x80008d80  x7=0x0000002d PA:0x80008e0b
        7315000	       730	8000113c	6890fd13	andi	x26,x1,1673	  x1:0x80008cf9 x26=0x00000489
        7325000	       731	80001140	3d5c4f13	xori	x30,x24,981	 x24:0x80008bb5 x30=0x80008860
        7335000	       732	80001144	0de88223	sb	x30,196(x17)	 x17:0x80008d80 x30:0x80008860 PA:0x80008e44
        7345000	       733	80001148	010fa0b3	slt	x1,x31,x16	 x31:0xffffffa7 x16:0xfffffff9  x1=0x00000001
        7355000	       734	8000114c	417b0833	sub	x16,x22,x23	 x22:0x00000000 x23:0x4a30ba6e x16=0xb5cf4592
        7365000	       735	80001150	01f32eb3	slt	x29,x6,x31	  x6:0x000000c3 x31:0xffffffa7 x29=0x00000000
        7375000	       736	80001154	4185da33	sra	x20,x11,x24	 x11:0x00007a68 x24:0x80008bb5 x20=0x00000000
        7385000	       737	80001158	01eb8133	add	x2,x23,x30	 x23:0x4a30ba6e x30:0x80008860  x2=0xca3142ce
        7395000	       738	8000115c	00000013	addi	x0,x0,0	  x0:0x00000000
        7405000	       739	80001160	41d00e33	sub	x28,x0,x29	  x0:0x00000000 x29:0x00000000 x28=0x00000000
        7415000	       740	80001164	84ec8817	auipc	x16,0x84ec8	 x16=0x04ec9160
        7425000	       741	80001168	0e48ac23	sw	x4,248(x17)	 x17:0x80008d80  x4:0x80009fc4 PA:0x80008e78
        7435000	       742	8000116c	0d888523	sb	x24,202(x17)	 x17:0x80008d80 x24:0x80008bb5 PA:0x80008e4a
        7445000	       743	80001170	0e689d23	sh	x6,250(x17)	 x17:0x80008d80  x6:0x000000c3 PA:0x80008e7a
        7455000	       744	80001174	0318c303	lbu	x6,49(x17)	 x17:0x80008d80  x6=0x00000000 PA:0x80008db1
        7465000	       745	80001178	075883a3	sb	x21,103(x17)	 x17:0x80008d80 x21:0x80008ac0 PA:0x80008de7
        7475000	       746	8000117c	f4c8c703	lbu	x14,-180(x17)	 x17:0x80008d80 x14=0x000000ed PA:0x80008ccc
        7485000	       747	80001180	f3388e83	lb	x29,-205(x17)	 x17:0x80008d80 x29=0xffffff98 PA:0x80008cb3
        7495000	       748	80001184	8af28593	addi	x11,x5,-1873	  x5:0x00000000 x11=0xfffff8af
        7505000	       749	80001188	dfc1c193	xori	x3,x3,-516	  x3:0xffffffa2  x3=0x0000025e
        7515000	       750	8000118c	f4888403	lb	x8,-184(x17)	 x17:0x80008d80  x8=0x00000035 PA:0x80008cc8
        7525000	       751	80001190	979bcb13	xori	x22,x23,-1671	 x23:0x4a30ba6e x22=0xb5cf4317
        7535000	       752	80001194	80cd2a93	slti	x21,x26,-2036	 x26:0x00000489 x21=0x00000000
        7545000	       753	80001198	70edad93	slti	x27,x27,1806	 x27:0xffffffa2 x27=0x00000001
        7555000	       754	8000119c	f6689c23	sh	x6,-136(x17)	 x17:0x80008d80  x6:0x00000000 PA:0x80008cf8
        7565000	       755	800011a0	f8988da3	sb	x9,-101(x17)	 x17:0x80008d80  x9:0x80009f38 PA:0x80008d1b
        7575000	       756	800011a4	f0188403	lb	x8,-255(x17)	 x17:0x80008d80  x8=0x00000077 PA:0x80008c81
        7585000	       757	800011a8	02a8aa23	sw	x10,52(x17)	 x17:0x80008d80 x10:0x800088f4 PA:0x80008db4
        7595000	       758	800011ac	0b88c383	lbu	x7,184(x17)	 x17:0x80008d80  x7=0x00000039 PA:0x80008e38
        7605000	       759	800011b0	f448dc03	lhu	x24,-188(x17)	 x17:0x80008d80 x24=0x0000cff9 PA:0x80008cc4
        7615000	       760	800011b4	00cf56b3	srl	x13,x30,x12	 x30:0x80008860 x12:0x00000055 x13=0x00000400
        7625000	       761	800011b8	a0b9d837	lui	x16,0xa0b9d	 x16=0xa0b9d000
        7635000	       762	800011bc	01688d03	lb	x26,22(x17)	 x17:0x80008d80 x26=0xfffffffd PA:0x80008d96
        7645000	       763	800011c0	f018cc83	lbu	x25,-255(x17)	 x17:0x80008d80 x25=0x00000077 PA:0x80008c81
        7655000	       764	800011c4	0418c103	lbu	x2,65(x17)	 x17:0x80008d80  x2=0x000000b9 PA:0x80008dc1
        7665000	       765	800011c8	05c8db83	lhu	x23,92(x17)	 x17:0x80008d80 x23=0x0000e19e PA:0x80008ddc
        7675000	       766	800011cc	03b8cd83	lbu	x27,59(x17)	 x17:0x80008d80 x27=0x00000065 PA:0x80008dbb
        7685000	       767	800011d0	0c988783	lb	x15,201(x17)	 x17:0x80008d80 x15=0x00000001 PA:0x80008e49
        7695000	       768	800011d4	01f89a23	sh	x31,20(x17)	 x17:0x80008d80 x31:0xffffffa7 PA:0x80008d94
        7705000	       769	800011d8	41c1db93	srai	x23,x3,0x1c	  x3:0x0000025e x23=0x00000000
        7715000	       770	800011dc	f138c583	lbu	x11,-237(x17)	 x17:0x80008d80 x11=0x0000003d PA:0x80008c93
        7725000	       771	800011e0	00007797	auipc	x15,0x7	 x15=0x800081dc
        7735000	       772	800011e4	00f78793	addi	x15,x15,15	 x15:0x800081dc x15=0x800081eb
        7745000	       773	800011e8	f4c7a6a3	sw	x12,-179(x15)	 x15:0x800081eb x12:0x00000055 PA:0x80008138
        7755000	       774	800011ec	61d78f23	sb	x29,1566(x15)	 x15:0x800081eb x29:0xffffff98 PA:0x80008809
        7765000	       775	800011f0	1597af83	lw	x31,345(x15)	 x15:0x800081eb x31=0x569f2b5b PA:0x80008344
        7775000	       776	800011f4	4a478c83	lb	x25,1188(x15)	 x15:0x800081eb x25=0x0000007a PA:0x8000868f
        7785000	       777	800011f8	00f7cd03	lbu	x26,15(x15)	 x15:0x800081eb x26=0x000000e5 PA:0x800081fa
        7795000	       778	800011fc	0ad7ce83	lbu	x29,173(x15)	 x15:0x800081eb x29=0x0000005f PA:0x80008298
        7805000	       779	80001200	ad5cb813	sltiu	x16,x25,-1323	 x25:0x0000007a x16=0x00000001
        7815000	       780	80001204	57b79d03	lh	x26,1403(x15)	 x15:0x800081eb x26=0x00006807 PA:0x80008766
        7825000	       781	80001208	f1478383	lb	x7,-236(x15)	 x15:0x800081eb  x7=0x00000019 PA:0x800080ff
        7835000	       782	8000120c	5ee78803	lb	x16,1518(x15)	 x15:0x800081eb x16=0xffffff9f PA:0x800087d9
        7845000	       783	80001210	5ee7ce03	lbu	x28,1518(x15)	 x15:0x800081eb x28=0x0000009f PA:0x800087d9
        7855000	       784	80001214	5ee7c103	lbu	x2,1518(x15)	 x15:0x800081eb  x2=0x0000009f PA:0x800087d9
        7865000	       785	00000000	00000013	addi	x0,x0,0	  x0:0x00000000
        7875000	       786	80001218	3e278e83	lb	x29,994(x15)	 x15:0x800081eb x29=0xffffff9c PA:0x800085cd
        7885000	       787	00000000	00000013	addi	x0,x0,0	  x0:0x00000000
        7895000	       788	8000121c	4bd78303	lb	x6,1213(x15)	 x15:0x800081eb  x6=0x0000005b PA:0x800086a8
        7905000	       789	80001220	00007897	auipc	x17,0x7	 x17=0x8000821c
        7915000	       790	80001224	66e88893	addi	x17,x17,1646	 x17:0x8000821c x17=0x8000888a
        7925000	       791	80001228	00008317	auipc	x6,0x8	  x6=0x80009224
        7935000	       792	8000122c	cfe30313	addi	x6,x6,-770	  x6:0x80009224  x6=0x80008f22
        7945000	       793	80001230	01930123	sb	x25,2(x6)	  x6:0x80008f22 x25:0x0000007a PA:0x80008f24
        7955000	       794	80001234	00008617	auipc	x12,0x8	 x12=0x80009230
        7965000	       795	80001238	cb160613	addi	x12,x12,-847	 x12:0x80009230 x12=0x80008ee1
        7975000	       796	8000123c	ffb65b83	lhu	x23,-5(x12)	 x12:0x80008ee1 x23=0x0000c155 PA:0x80008edc
        7985000	       797	80001240	ffc8d503	lhu	x10,-4(x17)	 x17:0x8000888a x10=0x00001bd6 PA:0x80008886
        7995000	       798	80001244	01a616a3	sh	x26,13(x12)	 x12:0x80008ee1 x26:0x00006807 PA:0x80008eee
        8005000	       799	80001248	fea309a3	sb	x10,-13(x6)	  x6:0x80008f22 x10:0x00001bd6 PA:0x80008f15
        8015000	       800	8000124c	00d30903	lb	x18,13(x6)	  x6:0x80008f22 x18=0x00000053 PA:0x80008f2f
        8025000	       801	80001250	ff560903	lb	x18,-11(x12)	 x12:0x80008ee1 x18=0x00000034 PA:0x80008ed6
        8035000	       802	80001254	01034d83	lbu	x27,16(x6)	  x6:0x80008f22 x27=0x000000ab PA:0x80008f32
        8045000	       803	80001258	ffd34c03	lbu	x24,-3(x6)	  x6:0x80008f22 x24=0x00000002 PA:0x80008f1f
        8055000	       804	8000125c	01d882a3	sb	x29,5(x17)	 x17:0x8000888a x29:0xffffff9c PA:0x8000888f
        8065000	       805	80001260	00235803	lhu	x16,2(x6)	  x6:0x80008f22 x16=0x0000127a PA:0x80008f24
        8075000	       806	80001264	00c64a83	lbu	x21,12(x12)	 x12:0x80008ee1 x21=0x000000c1 PA:0x80008eed
        8085000	       807	80001268	00b8cb83	lbu	x23,11(x17)	 x17:0x8000888a x23=0x000000b7 PA:0x80008895
        8095000	       808	8000126c	00864783	lbu	x15,8(x12)	 x12:0x80008ee1 x15=0x000000d1 PA:0x80008ee9
        8105000	       809	80001270	00e8a403	lw	x8,14(x17)	 x17:0x8000888a  x8=0x4afcd8d2 PA:0x80008898
        8115000	       810	80001274	fee61ea3	sh	x14,-3(x12)	 x12:0x80008ee1 x14:0x000000ed PA:0x80008ede
        8125000	       811	80001278	00d61183	lh	x3,13(x12)	 x12:0x80008ee1  x3=0x00006807 PA:0x80008eee
        8135000	       812	8000127c	00530c03	lb	x24,5(x6)	  x6:0x80008f22 x24=0xfffffffa PA:0x80008f27
        8145000	       813	80001280	ff464283	lbu	x5,-12(x12)	 x12:0x80008ee1  x5=0x00000069 PA:0x80008ed5
        8155000	       814	80001284	ffc34183	lbu	x3,-4(x6)	  x6:0x80008f22  x3=0x000000dc PA:0x80008f1e
        8165000	       815	80001288	ffe8c083	lbu	x1,-2(x17)	 x17:0x8000888a  x1=0x00000073 PA:0x80008888
        8175000	       816	8000128c	01130123	sb	x17,2(x6)	  x6:0x80008f22 x17:0x8000888a PA:0x80008f24
        8185000	       817	80001290	00007117	auipc	x2,0x7	  x2=0x8000828c
        8195000	       818	80001294	f8510113	addi	x2,x2,-123	  x2:0x8000828c  x2=0x80008211
        8205000	       819	80001298	fdd11e03	lh	x28,-35(x2)	  x2:0x80008211 x28=0xffffc558 PA:0x800081ee
        8215000	       820	00000000	00000013	addi	x0,x0,0	  x0:0x00000000
        8225000	       821	8000129c	01c10783	lb	x15,28(x2)	  x2:0x80008211 x15=0x0000003b PA:0x8000822d
        8235000	       822	800012a0	00226a33	or	x20,x4,x2	  x4:0x80009fc4  x2:0x80008211 x20=0x80009fd5
        8245000	       823	800012a4	ee23ee13	ori	x28,x7,-286	  x7:0x00000019 x28=0xfffffefb
        8255000	       824	800012a8	94db76b7	lui	x13,0x94db7	 x13=0x94db7000
        8265000	       825	800012ac	00e100a3	sb	x14,1(x2)	  x2:0x80008211 x14:0x000000ed PA:0x80008212
        8275000	       826	800012b0	012110a3	sh	x18,1(x2)	  x2:0x80008211 x18:0x00000034 PA:0x80008212
        8285000	       827	800012b4	406508b3	sub	x17,x10,x6	 x10:0x00001bd6  x6:0x80008f22 x17=0x7fff8cb4
        8295000	       828	800012b8	40ced793	srai	x15,x29,0xc	 x29:0xffffff9c x15=0xffffffff
        8305000	       829	800012bc	00795293	srli	x5,x18,0x7	 x18:0x00000034  x5=0x00000000
        8315000	       830	800012c0	03915503	lhu	x10,57(x2)	  x2:0x80008211 x10=0x00004934 PA:0x8000824a
        8325000	       831	800012c4	04010383	lb	x7,64(x2)	  x2:0x80008211  x7=0xffffffe6 PA:0x80008251
        8335000	       832	800012c8	fff11283	lh	x5,-1(x2)	  x2:0x80008211  x5=0xffff8684 PA:0x80008210
        8345000	       833	800012cc	fff15e03	lhu	x28,-1(x2)	  x2:0x80008211 x28=0x00008684 PA:0x80008210
        8355000	       834	800012d0	00510da3	sb	x5,27(x2)	  x2:0x80008211  x5:0xffff8684 PA:0x8000822c
        8365000	       835	800012d4	03b15f83	lhu	x31,59(x2)	  x2:0x80008211 x31=0x00005e21 PA:0x8000824c
        8375000	       836	800012d8	fc111403	lh	x8,-63(x2)	  x2:0x80008211  x8=0xffffe014 PA:0x800081d2
        8385000	       837	800012dc	fc114b83	lbu	x23,-63(x2)	  x2:0x80008211 x23=0x00000014 PA:0x800081d2
        8395000	       838	800012e0	a0476f13	ori	x30,x14,-1532	 x14:0x000000ed x30=0xfffffaed
        8405000	       839	800012e4	fc114683	lbu	x13,-63(x2)	  x2:0x80008211 x13=0x00000014 PA:0x800081d2
        8415000	       840	800012e8	02110123	sb	x1,34(x2)	  x2:0x80008211  x1:0x00000073 PA:0x80008233
        8425000	       841	800012ec	03a10083	lb	x1,58(x2)	  x2:0x80008211  x1=0x00000049 PA:0x8000824b
        8435000	       842	800012f0	00007917	auipc	x18,0x7	 x18=0x800082ec
        8445000	       843	800012f4	78f90913	addi	x18,x18,1935	 x18:0x800082ec x18=0x80008a7b
        8455000	       844	800012f8	06094183	lbu	x3,96(x18)	 x18:0x80008a7b  x3=0x00000014 PA:0x80008adb
        8465000	       845	800012fc	013ed333	srl	x6,x29,x19	 x29:0xffffff9c x19:0xfb0f8e3d  x6=0x00000007
        8475000	       846	80001300	0d191d83	lh	x27,209(x18)	 x18:0x80008a7b x27=0xffffbed2 PA:0x80008b4c
        8485000	       847	80001304	04e90223	sb	x14,68(x18)	 x18:0x80008a7b x14:0x000000ed PA:0x80008abf
        8495000	       848	80001308	b912a113	slti	x2,x5,-1135	  x5:0xffff8684  x2=0x00000001
        8505000	       849	8000130c	04494003	lbu	x0,68(x18)	 x18:0x80008a7b PA:0x80008abf
        8515000	       850	80001310	40645eb3	sra	x29,x8,x6	  x8:0xffffe014  x6:0x00000007 x29=0xffffffc0
        8525000	       851	80001314	04494083	lbu	x1,68(x18)	 x18:0x80008a7b  x1=0x000000ed PA:0x80008abf
        8535000	       852	80001318	087909a3	sb	x7,147(x18)	 x18:0x80008a7b  x7:0xffffffe6 PA:0x80008b0e
        8545000	       853	8000131c	09394a83	lbu	x21,147(x18)	 x18:0x80008a7b x21=0x000000e6 PA:0x80008b0e
        8555000	       854	80001320	016b05b3	add	x11,x22,x22	 x22:0xb5cf4317 x22:0xb5cf4317 x11=0x6b9e862e
        8565000	       855	80001324	09390c03	lb	x24,147(x18)	 x18:0x80008a7b x24=0xffffffe6 PA:0x80008b0e
        8575000	       856	80001328	fa394683	lbu	x13,-93(x18)	 x18:0x80008a7b x13=0x00000034 PA:0x80008a1e
        8585000	       857	8000132c	fa391503	lh	x10,-93(x18)	 x18:0x80008a7b x10=0xfffff334 PA:0x80008a1e
        8595000	       858	80001330	fa394403	lbu	x8,-93(x18)	 x18:0x80008a7b  x8=0x00000034 PA:0x80008a1e
        8605000	       859	80001334	fa390683	lb	x13,-93(x18)	 x18:0x80008a7b x13=0x00000034 PA:0x80008a1e
        8615000	       860	80001338	faf911a3	sh	x15,-93(x18)	 x18:0x80008a7b x15:0xffffffff PA:0x80008a1e
        8625000	       861	8000133c	f8894783	lbu	x15,-120(x18)	 x18:0x80008a7b x15=0x00000005 PA:0x80008a03
        8635000	       862	80001340	f8890e83	lb	x29,-120(x18)	 x18:0x80008a7b x29=0x00000005 PA:0x80008a03
        8645000	       863	80001344	01c1bd93	sltiu	x27,x3,28	  x3:0x00000014 x27=0x00000001
        8655000	       864	80001348	7ba7ce93	xori	x29,x15,1978	 x15:0x00000005 x29=0x000007bf
        8665000	       865	8000134c	040c4463	blt	x24,x0,80001394	 x24:0xffffffe6  x0:0x00000000
        8675000	       866	00000000	00000013	addi	x0,x0,0	  x0:0x00000000
        8685000	       867	80001390	00000013	addi	x0,x0,0	  x0:0x00000000
        8695000	       868	80001394	99c13b13	sltiu	x22,x2,-1636	  x2:0x00000001 x22=0x00000001
        8705000	       869	80001398	00f27eb3	and	x29,x4,x15	  x4:0x80009fc4 x15:0x00000005 x29=0x00000004
        8715000	       870	8000139c	41018db3	sub	x27,x3,x16	  x3:0x00000014 x16:0x0000127a x27=0xffffed9a
        8725000	       871	800013a0	032afe63	bgeu	x21,x18,800013dc	 x21:0x000000e6 x18:0x80008a7b
        8735000	       872	800013a4	59900a13	addi	x20,x0,1433	  x0:0x00000000 x20=0x00000599
        8745000	       873	800013a8	030d5263	bge	x26,x16,800013cc	 x26:0x00006807 x16:0x0000127a
        8755000	       874	00000000	00000013	addi	x0,x0,0	  x0:0x00000000
        8765000	       875	800013c8	00000013	addi	x0,x0,0	  x0:0x00000000
        8775000	       876	800013cc	40d45433	sra	x8,x8,x13	  x8:0x00000034 x13:0x00000034  x8=0x00000000
        8785000	       877	800013d0	04cbf063	bgeu	x23,x12,80001410	 x23:0x00000014 x12:0x80008ee1
        8795000	       878	800013d4	001cd933	srl	x18,x25,x1	 x25:0x0000007a  x1:0x000000ed x18=0x00000000
        8805000	       879	800013d8	33cb7313	andi	x6,x22,828	 x22:0x00000001  x6=0x00000000
        8815000	       880	800013dc	00000013	addi	x0,x0,0	  x0:0x00000000
        8825000	       881	800013e0	a83b3a93	sltiu	x21,x22,-1405	 x22:0x00000001 x21=0x00000001
        8835000	       882	800013e4	71c87a93	andi	x21,x16,1820	 x16:0x0000127a x21=0x00000218
        8845000	       883	800013e8	85b7fe93	andi	x29,x15,-1957	 x15:0x00000005 x29=0x00000001
        8855000	       884	800013ec	01f4f2b3	and	x5,x9,x31	  x9:0x80009f38 x31:0x00005e21  x5=0x00001e20
        8865000	       885	800013f0	187c3093	sltiu	x1,x24,391	 x24:0xffffffe6  x1=0x00000000
        8875000	       886	800013f4	40320933	sub	x18,x4,x3	  x4:0x80009fc4  x3:0x00000014 x18=0x80009fb0
        8885000	       887	800013f8	0129c7b3	xor	x15,x19,x18	 x19:0xfb0f8e3d x18:0x80009fb0 x15=0x7b0f118d
        8895000	       888	800013fc	00000013	addi	x0,x0,0	  x0:0x00000000
        8905000	       889	80001400	02a19263	bne	x3,x10,80001424	  x3:0x00000014 x10:0xfffff334
        8915000	       890	00000000	00000013	addi	x0,x0,0	  x0:0x00000000
        8925000	       891	80001420	00000013	addi	x0,x0,0	  x0:0x00000000
        8935000	       892	80001424	0189c0b3	xor	x1,x19,x24	 x19:0xfb0f8e3d x24:0xffffffe6  x1=0x04f071db
        8945000	       893	80001428	f9778313	addi	x6,x15,-105	 x15:0x7b0f118d  x6=0x7b0f1124
        8955000	       894	8000142c	f6d9b5b7	lui	x11,0xf6d9b	 x11=0xf6d9b000
        8965000	       895	80001430	00317e33	and	x28,x2,x3	  x2:0x00000001  x3:0x00000014 x28=0x00000000
        8975000	       896	80001434	03061063	bne	x12,x16,80001454	 x12:0x80008ee1 x16:0x0000127a
        8985000	       897	00000000	00000013	addi	x0,x0,0	  x0:0x00000000
        8995000	       898	80001450	00000013	addi	x0,x0,0	  x0:0x00000000
        9005000	       899	80001454	00fcaf33	slt	x30,x25,x15	 x25:0x0000007a x15:0x7b0f118d x30=0x00000001
        9015000	       900	80001458	00d57d33	and	x26,x10,x13	 x10:0xfffff334 x13:0x00000034 x26=0x00000034
        9025000	       901	8000145c	00514f33	xor	x30,x2,x5	  x2:0x00000001  x5:0x00001e20 x30=0x00001e21
        9035000	       902	80001460	412350b3	sra	x1,x6,x18	  x6:0x7b0f1124 x18:0x80009fb0  x1=0x00007b0f
        9045000	       903	80001464	010297b3	sll	x15,x5,x16	  x5:0x00001e20 x16:0x0000127a x15=0x80000000
        9055000	       904	80001468	6649f513	andi	x10,x19,1636	 x19:0xfb0f8e3d x10=0x00000624
        9065000	       905	8000146c	418cd533	sra	x10,x25,x24	 x25:0x0000007a x24:0xffffffe6 x10=0x00000001
        9075000	       906	80001470	403355b3	sra	x11,x6,x3	  x6:0x7b0f1124  x3:0x00000014 x11=0x000007b0
        9085000	       907	80001474	00189293	slli	x5,x17,0x1	 x17:0x7fff8cb4  x5=0xffff1968
        9095000	       908	80001478	401d5693	srai	x13,x26,0x1	 x26:0x00000034 x13=0x0000001a
        9105000	       909	8000147c	01129663	bne	x5,x17,80001488	  x5:0xffff1968 x17:0x7fff8cb4
        9115000	       910	00000000	00000013	addi	x0,x0,0	  x0:0x00000000
        9125000	       911	80001484	00000013	addi	x0,x0,0	  x0:0x00000000
        9135000	       912	80001488	4d3ce413	ori	x8,x25,1235	 x25:0x0000007a  x8=0x000004fb
        9145000	       913	8000148c	03bb7c63	bgeu	x22,x27,800014c4	 x22:0x00000001 x27:0xffffed9a
        9155000	       914	80001490	00138033	add	x0,x7,x1	  x7:0xffffffe6  x1:0x00007b0f
        9165000	       915	80001494	01151663	bne	x10,x17,800014a0	 x10:0x00000001 x17:0x7fff8cb4
        9175000	       916	00000000	00000013	addi	x0,x0,0	  x0:0x00000000
        9185000	       917	8000149c	00000013	addi	x0,x0,0	  x0:0x00000000
        9195000	       918	800014a0	40385e13	srai	x28,x16,0x3	 x16:0x0000127a x28=0x0000024f
        9205000	       919	800014a4	017b6033	or	x0,x22,x23	 x22:0x00000001 x23:0x00000014
        9215000	       920	800014a8	e7cdbcb7	lui	x25,0xe7cdb	 x25=0xe7cdb000
        9225000	       921	800014ac	002def33	or	x30,x27,x2	 x27:0xffffed9a  x2:0x00000001 x30=0xffffed9b
        9235000	       922	800014b0	5ec9cc37	lui	x24,0x5ec9c	 x24=0x5ec9c000
        9245000	       923	800014b4	00735513	srli	x10,x6,0x7	  x6:0x7b0f1124 x10=0x00f61e22
        9255000	       924	800014b8	01bd76b3	and	x13,x26,x27	 x26:0x00000034 x27:0xffffed9a x13=0x00000010
        9265000	       925	800014bc	013c22b3	slt	x5,x24,x19	 x24:0x5ec9c000 x19:0xfb0f8e3d  x5=0x00000000
        9275000	       926	800014c0	0088d8b3	srl	x17,x17,x8	 x17:0x7fff8cb4  x8:0x000004fb x17=0x0000000f
        9285000	       927	800014c4	00039c93	slli	x25,x7,0x0	  x7:0xffffffe6 x25=0xffffffe6
        9295000	       928	800014c8	01226263	bltu	x4,x18,800014cc	  x4:0x80009fc4 x18:0x80009fb0
        9305000	       929	800014cc	21e86a93	ori	x21,x16,542	 x16:0x0000127a x21=0x0000127e
        9315000	       930	800014d0	29f86d13	ori	x26,x16,671	 x16:0x0000127a x26=0x000012ff
        9325000	       931	800014d4	0051a833	slt	x16,x3,x5	  x3:0x00000014  x5:0x00000000 x16=0x00000000
        9335000	       932	800014d8	8fdede37	lui	x28,0x8fded	 x28=0x8fded000
        9345000	       933	800014dc	009a9eb3	sll	x29,x21,x9	 x21:0x0000127e  x9:0x80009f38 x29=0x7e000000
        9355000	       934	800014e0	021b8863	beq	x23,x1,80001510	 x23:0x00000014  x1:0x00007b0f
        9365000	       935	800014e4	4c4eb113	sltiu	x2,x29,1220	 x29:0x7e000000  x2=0x00000000
        9375000	       936	800014e8	5a4327b7	lui	x15,0x5a432	 x15=0x5a432000
        9385000	       937	800014ec	7f2f6413	ori	x8,x30,2034	 x30:0xffffed9b  x8=0xffffeffb
        9395000	       938	800014f0	00000013	addi	x0,x0,0	  x0:0x00000000
        9405000	       939	800014f4	01d8d193	srli	x3,x17,0x1d	 x17:0x0000000f  x3=0x00000000
        9415000	       940	800014f8	010d8863	beq	x27,x16,80001508	 x27:0xffffed9a x16:0x00000000
        9425000	       941	800014fc	4029d8b3	sra	x17,x19,x2	 x19:0xfb0f8e3d  x2:0x00000000 x17=0xfb0f8e3d
        9435000	       942	80001500	2cadb313	sltiu	x6,x27,714	 x27:0xffffed9a  x6=0x00000000
        9445000	       943	80001504	4155d433	sra	x8,x11,x21	 x11:0x000007b0 x21:0x0000127e  x8=0x00000000
        9455000	       944	80001508	03674863	blt	x14,x22,80001538	 x14:0x000000ed x22:0x00000001
        9465000	       945	8000150c	4060dd33	sra	x26,x1,x6	  x1:0x00007b0f  x6:0x00000000 x26=0x00007b0f
        9475000	       946	80001510	00ad72b3	and	x5,x26,x10	 x26:0x00007b0f x10:0x00f61e22  x5=0x00001a02
        9485000	       947	80001514	00000013	addi	x0,x0,0	  x0:0x00000000
        9495000	       948	80001518	01545193	srli	x3,x8,0x15	  x8:0x00000000  x3=0x00000000
        9505000	       949	8000151c	8343ad93	slti	x27,x7,-1996	  x7:0xffffffe6 x27=0x00000000
        9515000	       950	80001520	01141193	slli	x3,x8,0x11	  x8:0x00000000  x3=0x00000000
        9525000	       951	80001524	0156a6b3	slt	x13,x13,x21	 x13:0x00000010 x21:0x0000127e x13=0x00000001
        9535000	       952	80001528	606c2693	slti	x13,x24,1542	 x24:0x5ec9c000 x13=0x00000000
        9545000	       953	8000152c	00b9b7b3	sltu	x15,x19,x11	 x19:0xfb0f8e3d x11:0x000007b0 x15=0x00000000
        9555000	       954	80001530	03b7c863	blt	x15,x27,80001560	 x15:0x00000000 x27:0x00000000
        9565000	       955	80001534	40d90b33	sub	x22,x18,x13	 x18:0x80009fb0 x13:0x00000000 x22=0x80009fb0
        9575000	       956	80001538	15d78e13	addi	x28,x15,349	 x15:0x00000000 x28=0x0000015d
        9585000	       957	8000153c	41cdd2b3	sra	x5,x27,x28	 x27:0x00000000 x28:0x0000015d  x5=0x00000000
        9595000	       958	80001540	010fa1b3	slt	x3,x31,x16	 x31:0x00005e21 x16:0x00000000  x3=0x00000000
        9605000	       959	80001544	05d5e263	bltu	x11,x29,80001588	 x11:0x000007b0 x29:0x7e000000
        9615000	       960	00000000	00000013	addi	x0,x0,0	  x0:0x00000000
        9625000	       961	80001584	00000013	addi	x0,x0,0	  x0:0x00000000
        9635000	       962	80001588	012676b3	and	x13,x12,x18	 x12:0x80008ee1 x18:0x80009fb0 x13=0x80008ea0
        9645000	       963	8000158c	00a8dd93	srli	x27,x17,0xa	 x17:0xfb0f8e3d x27=0x003ec3e3
        9655000	       964	80001590	41fc5333	sra	x6,x24,x31	 x24:0x5ec9c000 x31:0x00005e21  x6=0x2f64e000
        9665000	       965	80001594	403cd433	sra	x8,x25,x3	 x25:0xffffffe6  x3:0x00000000  x8=0xffffffe6
        9675000	       966	80001598	a2578e93	addi	x29,x15,-1499	 x15:0x00000000 x29=0xfffffa25
        9685000	       967	8000159c	da5de417	auipc	x8,0xda5de	  x8=0x5a5df598
        9695000	       968	800015a0	abeb2f13	slti	x30,x22,-1346	 x22:0x80009fb0 x30=0x00000001
        9705000	       969	800015a4	01c05bb3	srl	x23,x0,x28	  x0:0x00000000 x28:0x0000015d x23=0x00000000
        9715000	       970	800015a8	01ccba93	sltiu	x21,x25,28	 x25:0xffffffe6 x21=0x00000000
        9725000	       971	800015ac	009b3833	sltu	x16,x22,x9	 x22:0x80009fb0  x9:0x80009f38 x16=0x00000000
        9735000	       972	800015b0	41bbde33	sra	x28,x23,x27	 x23:0x00000000 x27:0x003ec3e3 x28=0x00000000
        9745000	       973	800015b4	00ca48b3	xor	x17,x20,x12	 x20:0x00000599 x12:0x80008ee1 x17=0x80008b78
        9755000	       974	800015b8	41a75a33	sra	x20,x14,x26	 x14:0x000000ed x26:0x00007b0f x20=0x00000000
        9765000	       975	800015bc	ad14f013	andi	x0,x9,-1327	  x9:0x80009f38
        9775000	       976	800015c0	00da5c93	srli	x25,x20,0xd	 x20:0x00000000 x25=0x00000000
        9785000	       977	800015c4	016c2c33	slt	x24,x24,x22	 x24:0x5ec9c000 x22:0x80009fb0 x24=0x00000000
        9795000	       978	800015c8	00000013	addi	x0,x0,0	  x0:0x00000000
        9805000	       979	800015cc	1abde893	ori	x17,x27,427	 x27:0x003ec3e3 x17=0x003ec3eb
        9815000	       980	800015d0	00d44c63	blt	x8,x13,800015e8	  x8:0x5a5df598 x13:0x80008ea0
        9825000	       981	800015d4	013bca63	blt	x23,x19,800015e8	 x23:0x00000000 x19:0xfb0f8e3d
        9835000	       982	800015d8	01699933	sll	x18,x19,x22	 x19:0xfb0f8e3d x22:0x80009fb0 x18=0x8e3d0000
        9845000	       983	800015dc	01063433	sltu	x8,x12,x16	 x12:0x80008ee1 x16:0x00000000  x8=0x00000000
        9855000	       984	800015e0	01439193	slli	x3,x7,0x14	  x7:0xffffffe6  x3=0xfe600000
        9865000	       985	800015e4	01dd4a63	blt	x26,x29,800015f8	 x26:0x00007b0f x29:0xfffffa25
        9875000	       986	800015e8	415a5033	sra	x0,x20,x21	 x20:0x00000000 x21:0x00000000
        9885000	       987	800015ec	018d9a33	sll	x20,x27,x24	 x27:0x003ec3e3 x24:0x00000000 x20=0x003ec3e3
        9895000	       988	800015f0	0292e663	bltu	x5,x9,8000161c	  x5:0x00000000  x9:0x80009f38
        9905000	       989	00000000	00000013	addi	x0,x0,0	  x0:0x00000000
        9915000	       990	80001618	00000013	addi	x0,x0,0	  x0:0x00000000
        9925000	       991	8000161c	a7bec5b7	lui	x11,0xa7bec	 x11=0xa7bec000
        9935000	       992	80001620	4e882637	lui	x12,0x4e882	 x12=0x4e882000
        9945000	       993	80001624	dcfc3c13	sltiu	x24,x24,-561	 x24:0x00000000 x24=0x00000001
        9955000	       994	80001628	002b0d33	add	x26,x22,x2	 x22:0x80009fb0  x2:0x00000000 x26=0x80009fb0
        9965000	       995	8000162c	40b0d0b3	sra	x1,x1,x11	  x1:0x00007b0f x11:0xa7bec000  x1=0x00007b0f
        9975000	       996	80001630	002c9393	slli	x7,x25,0x2	 x25:0x00000000  x7=0x00000000
        9985000	       997	80001634	41115f93	srai	x31,x2,0x11	  x2:0x00000000 x31=0x00000000
        9995000	       998	80001638	0071d513	srli	x10,x3,0x7	  x3:0xfe600000 x10=0x01fcc000
       10005000	       999	8000163c	00d715b3	sll	x11,x14,x13	 x14:0x000000ed x13:0x80008ea0 x11=0x000000ed
       10015000	      1000	80001640	01d23933	sltu	x18,x4,x29	  x4:0x80009fc4 x29:0xfffffa25 x18=0x00000001
       10025000	      1001	80001644	bbc2a113	slti	x2,x5,-1092	  x5:0x00000000  x2=0x00000000
       10035000	      1002	80001648	8d147013	andi	x0,x8,-1839	  x8:0x00000000
       10045000	      1003	8000164c	01594c63	blt	x18,x21,80001664	 x18:0x00000001 x21:0x00000000
       10055000	      1004	80001650	00749b93	slli	x23,x9,0x7	  x9:0x80009f38 x23=0x004f9c00
       10065000	      1005	80001654	418e83b3	sub	x7,x29,x24	 x29:0xfffffa25 x24:0x00000001  x7=0xfffffa24
       10075000	      1006	80001658	03328a63	beq	x5,x19,8000168c	  x5:0x00000000 x19:0xfb0f8e3d
       10085000	      1007	8000165c	01567e63	bgeu	x12,x21,80001678	 x12:0x4e882000 x21:0x00000000
       10095000	      1008	00000000	00000013	addi	x0,x0,0	  x0:0x00000000
       10105000	      1009	80001674	00000013	addi	x0,x0,0	  x0:0x00000000
       10115000	      1010	80001678	a07bff93	andi	x31,x23,-1529	 x23:0x004f9c00 x31=0x004f9800
       10125000	      1011	8000167c	3ddc0c93	addi	x25,x24,989	 x24:0x00000001 x25=0x000003de
       10135000	      1012	80001680	41395f13	srai	x30,x18,0x13	 x18:0x00000001 x30=0x00000000
       10145000	      1013	80001684	00d01a13	slli	x20,x0,0xd	  x0:0x00000000 x20=0x00000000
       10155000	      1014	80001688	cfaefb37	lui	x22,0xcfaef	 x22=0xcfaef000
       10165000	      1015	8000168c	3244cc13	xori	x24,x9,804	  x9:0x80009f38 x24=0x80009c1c
       10175000	      1016	80001690	fcabad13	slti	x26,x23,-54	 x23:0x004f9c00 x26=0x00000000
       10185000	      1017	80001694	01a88333	add	x6,x17,x26	 x17:0x003ec3eb x26:0x00000000  x6=0x003ec3eb
       10195000	      1018	80001698	007ffb33	and	x22,x31,x7	 x31:0x004f9800  x7:0xfffffa24 x22=0x004f9800
       10205000	      1019	8000169c	00cd20b3	slt	x1,x26,x12	 x26:0x00000000 x12:0x4e882000  x1=0x00000001
       10215000	      1020	800016a0	02eef863	bgeu	x29,x14,800016d0	 x29:0xfffffa25 x14:0x000000ed
       10225000	      1021	00000000	00000013	addi	x0,x0,0	  x0:0x00000000
       10235000	      1022	800016cc	00000013	addi	x0,x0,0	  x0:0x00000000
       10245000	      1023	800016d0	01f1b3b3	sltu	x7,x3,x31	  x3:0xfe600000 x31:0x004f9800  x7=0x00000000
       10255000	      1024	800016d4	00f66333	or	x6,x12,x15	 x12:0x4e882000 x15:0x00000000  x6=0x4e882000
       10265000	      1025	800016d8	011d3933	sltu	x18,x26,x17	 x26:0x00000000 x17:0x003ec3eb x18=0x00000001
       10275000	      1026	800016dc	005116b3	sll	x13,x2,x5	  x2:0x00000000  x5:0x00000000 x13=0x00000000
       10285000	      1027	800016e0	006b1333	sll	x6,x22,x6	 x22:0x004f9800  x6:0x4e882000  x6=0x004f9800
       10295000	      1028	800016e4	00000013	addi	x0,x0,0	  x0:0x00000000
       10305000	      1029	800016e8	0025de93	srli	x29,x11,0x2	 x11:0x000000ed x29=0x0000003b
       10315000	      1030	800016ec	40e9de93	srai	x29,x19,0xe	 x19:0xfb0f8e3d x29=0xffffec3e
       10325000	      1031	800016f0	66196d13	ori	x26,x18,1633	 x18:0x00000001 x26=0x00000661
       10335000	      1032	800016f4	4175d813	srai	x16,x11,0x17	 x11:0x000000ed x16=0x00000000
       10345000	      1033	800016f8	03d0ee63	bltu	x1,x29,80001734	  x1:0x00000001 x29:0xffffec3e
       10355000	      1034	00000000	00000013	addi	x0,x0,0	  x0:0x00000000
       10365000	      1035	80001730	00000013	addi	x0,x0,0	  x0:0x00000000
       10375000	      1036	80001734	114eb713	sltiu	x14,x29,276	 x29:0xffffec3e x14=0x00000000
       10385000	      1037	80001738	15f0a297	auipc	x5,0x15f0a	  x5=0x95f0b734
       10395000	      1038	8000173c	00000013	addi	x0,x0,0	  x0:0x00000000
       10405000	      1039	80001740	00dfdb33	srl	x22,x31,x13	 x31:0x004f9800 x13:0x00000000 x22=0x004f9800
       10415000	      1040	80001744	01e81813	slli	x16,x16,0x1e	 x16:0x00000000 x16=0x00000000
       10425000	      1041	80001748	03409863	bne	x1,x20,80001778	  x1:0x00000001 x20:0x00000000
       10435000	      1042	00000000	00000013	addi	x0,x0,0	  x0:0x00000000
       10445000	      1043	80001774	00000013	addi	x0,x0,0	  x0:0x00000000
       10455000	      1044	80001778	005a21b3	slt	x3,x20,x5	 x20:0x00000000  x5:0x95f0b734  x3=0x00000000
       10465000	      1045	8000177c	002af933	and	x18,x21,x2	 x21:0x00000000  x2:0x00000000 x18=0x00000000
       10475000	      1046	80001780	f7c52193	slti	x3,x10,-132	 x10:0x01fcc000  x3=0x00000000
       10485000	      1047	80001784	41cf5733	sra	x14,x30,x28	 x30:0x00000000 x28:0x00000000 x14=0x00000000
       10495000	      1048	80001788	014b77b3	and	x15,x22,x20	 x22:0x004f9800 x20:0x00000000 x15=0x00000000
       10505000	      1049	8000178c	017bceb7	lui	x29,0x17bc	 x29=0x017bc000
       10515000	      1050	80001790	01037863	bgeu	x6,x16,800017a0	  x6:0x004f9800 x16:0x00000000
       10525000	      1051	00000000	00000013	addi	x0,x0,0	  x0:0x00000000
       10535000	      1052	8000179c	00000013	addi	x0,x0,0	  x0:0x00000000
       10545000	      1053	800017a0	2de02513	slti	x10,x0,734	  x0:0x00000000 x10=0x00000001
       10555000	      1054	800017a4	03165c63	bge	x12,x17,800017dc	 x12:0x4e882000 x17:0x003ec3eb
       10565000	      1055	00000000	00000013	addi	x0,x0,0	  x0:0x00000000
       10575000	      1056	800017d8	00000013	addi	x0,x0,0	  x0:0x00000000
       10585000	      1057	800017dc	01022933	slt	x18,x4,x16	  x4:0x80009fc4 x16:0x00000000 x18=0x00000001
       10595000	      1058	800017e0	02b38263	beq	x7,x11,80001804	  x7:0x00000000 x11:0x000000ed
       10605000	      1059	800017e4	405ddfb3	sra	x31,x27,x5	 x27:0x003ec3e3  x5:0x95f0b734 x31=0x00000003
       10615000	      1060	800017e8	4559a013	slti	x0,x19,1109	 x19:0xfb0f8e3d
       10625000	      1061	800017ec	05b58063	beq	x11,x27,8000182c	 x11:0x000000ed x27:0x003ec3e3
       10635000	      1062	800017f0	01590933	add	x18,x18,x21	 x18:0x00000001 x21:0x00000000 x18=0x00000001
       10645000	      1063	800017f4	00234033	xor	x0,x6,x2	  x6:0x004f9800  x2:0x00000000
       10655000	      1064	800017f8	40995713	srai	x14,x18,0x9	 x18:0x00000001 x14=0x00000000
       10665000	      1065	800017fc	00000013	addi	x0,x0,0	  x0:0x00000000
       10675000	      1066	80001800	04d50063	beq	x10,x13,80001840	 x10:0x00000001 x13:0x00000000
       10685000	      1067	80001804	002e1193	slli	x3,x28,0x2	 x28:0x00000000  x3=0x00000000
       10695000	      1068	80001808	7c054a93	xori	x21,x10,1984	 x10:0x00000001 x21=0x000007c1
       10705000	      1069	8000180c	0154cb33	xor	x22,x9,x21	  x9:0x80009f38 x21:0x000007c1 x22=0x800098f9
       10715000	      1070	80001810	92d8af13	slti	x30,x17,-1747	 x17:0x003ec3eb x30=0x00000000
       10725000	      1071	80001814	00005393	srli	x7,x0,0x0	  x0:0x00000000  x7=0x00000000
       10735000	      1072	80001818	0156ebb3	or	x23,x13,x21	 x13:0x00000000 x21:0x000007c1 x23=0x000007c1
       10745000	      1073	8000181c	02b69a63	bne	x13,x11,80001850	 x13:0x00000000 x11:0x000000ed
       10755000	      1074	00000000	00000013	addi	x0,x0,0	  x0:0x00000000
       10765000	      1075	8000184c	00000013	addi	x0,x0,0	  x0:0x00000000
       10775000	      1076	80001850	00b4cfb3	xor	x31,x9,x11	  x9:0x80009f38 x11:0x000000ed x31=0x80009fd5
       10785000	      1077	80001854	0092bab3	sltu	x21,x5,x9	  x5:0x95f0b734  x9:0x80009f38 x21=0x00000000
       10795000	      1078	80001858	03ed9863	bne	x27,x30,80001888	 x27:0x003ec3e3 x30:0x00000000
       10805000	      1079	00000000	00000013	addi	x0,x0,0	  x0:0x00000000
       10815000	      1080	80001884	00000013	addi	x0,x0,0	  x0:0x00000000
       10825000	      1081	80001888	0197d263	bge	x15,x25,8000188c	 x15:0x00000000 x25:0x000003de
       10835000	      1082	8000188c	a4a37017	auipc	x0,0xa4a37	
       10845000	      1083	80001890	091f4b13	xori	x22,x30,145	 x30:0x00000000 x22=0x00000091
       10855000	      1084	80001894	00650c33	add	x24,x10,x6	 x10:0x00000001  x6:0x004f9800 x24=0x004f9801
       10865000	      1085	80001898	03387a63	bgeu	x16,x19,800018cc	 x16:0x00000000 x19:0xfb0f8e3d
       10875000	      1086	8000189c	41aa8db3	sub	x27,x21,x26	 x21:0x00000000 x26:0x00000661 x27=0xfffff99f
       10885000	      1087	800018a0	00735863	bge	x6,x7,800018b0	  x6:0x004f9800  x7:0x00000000
       10895000	      1088	00000000	00000013	addi	x0,x0,0	  x0:0x00000000
       10905000	      1089	800018ac	00000013	addi	x0,x0,0	  x0:0x00000000
       10915000	      1090	800018b0	04174463	blt	x14,x1,800018f8	 x14:0x00000000  x1:0x00000001
       10925000	      1091	00000000	00000013	addi	x0,x0,0	  x0:0x00000000
       10935000	      1092	800018f4	00000013	addi	x0,x0,0	  x0:0x00000000
       10945000	      1093	800018f8	00000013	addi	x0,x0,0	  x0:0x00000000
       10955000	      1094	800018fc	000d2ab3	slt	x21,x26,x0	 x26:0x00000661  x0:0x00000000 x21=0x00000000
       10965000	      1095	80001900	00000013	addi	x0,x0,0	  x0:0x00000000
       10975000	      1096	80001904	674bb8b7	lui	x17,0x674bb	 x17=0x674bb000
       10985000	      1097	80001908	0080e663	bltu	x1,x8,80001914	  x1:0x00000001  x8:0x00000000
       10995000	      1098	8000190c	a97e7cb7	lui	x25,0xa97e7	 x25=0xa97e7000
       11005000	      1099	80001910	01a2fd33	and	x26,x5,x26	  x5:0x95f0b734 x26:0x00000661 x26=0x00000620
       11015000	      1100	80001914	292df513	andi	x10,x27,658	 x27:0xfffff99f x10=0x00000092
       11025000	      1101	80001918	17bc7037	lui	x0,0x17bc7	
       11035000	      1102	8000191c	40eb0133	sub	x2,x22,x14	 x22:0x00000091 x14:0x00000000  x2=0x00000091
       11045000	      1103	80001920	f9842f13	slti	x30,x8,-104	  x8:0x00000000 x30=0x00000000
       11055000	      1104	80001924	00a51333	sll	x6,x10,x10	 x10:0x00000092 x10:0x00000092  x6=0x02480000
       11065000	      1105	80001928	01b7a0b3	slt	x1,x15,x27	 x15:0x00000000 x27:0xfffff99f  x1=0x00000000
       11075000	      1106	8000192c	0114c663	blt	x9,x17,80001938	  x9:0x80009f38 x17:0x674bb000
       11085000	      1107	00000000	00000013	addi	x0,x0,0	  x0:0x00000000
       11095000	      1108	80001934	00000013	addi	x0,x0,0	  x0:0x00000000
       11105000	      1109	80001938	a6233793	sltiu	x15,x6,-1438	  x6:0x02480000 x15=0x00000001
       11115000	      1110	8000193c	00c575b3	and	x11,x10,x12	 x10:0x00000092 x12:0x4e882000 x11=0x00000000
       11125000	      1111	80001940	40c35db3	sra	x27,x6,x12	  x6:0x02480000 x12:0x4e882000 x27=0x02480000
       11135000	      1112	80001944	001bd863	bge	x23,x1,80001954	 x23:0x000007c1  x1:0x00000000
       11145000	      1113	00000000	00000013	addi	x0,x0,0	  x0:0x00000000
       11155000	      1114	80001950	00000013	addi	x0,x0,0	  x0:0x00000000
       11165000	      1115	80001954	7bff7913	andi	x18,x30,1983	 x30:0x00000000 x18=0x00000000
       11175000	      1116	80001958	26e48f93	addi	x31,x9,622	  x9:0x80009f38 x31=0x8000a1a6
       11185000	      1117	8000195c	40e688b3	sub	x17,x13,x14	 x13:0x00000000 x14:0x00000000 x17=0x00000000
       11195000	      1118	80001960	77abf513	andi	x10,x23,1914	 x23:0x000007c1 x10=0x00000740
       11205000	      1119	80001964	0254c263	blt	x9,x5,80001988	  x9:0x80009f38  x5:0x95f0b734
       11215000	      1120	00000000	00000013	addi	x0,x0,0	  x0:0x00000000
       11225000	      1121	80001984	00000013	addi	x0,x0,0	  x0:0x00000000
       11235000	      1122	80001988	01bfe863	bltu	x31,x27,80001998	 x31:0x8000a1a6 x27:0x02480000
       11245000	      1123	8000198c	02faea63	bltu	x21,x15,800019c0	 x21:0x00000000 x15:0x00000001
       11255000	      1124	00000000	00000013	addi	x0,x0,0	  x0:0x00000000
       11265000	      1125	800019bc	00000013	addi	x0,x0,0	  x0:0x00000000
       11275000	      1126	800019c0	c953f0b7	lui	x1,0xc953f	  x1=0xc953f000
       11285000	      1127	800019c4	c6f0ab93	slti	x23,x1,-913	  x1:0xc953f000 x23=0x00000001
       11295000	      1128	800019c8	41c35833	sra	x16,x6,x28	  x6:0x02480000 x28:0x00000000 x16=0x02480000
       11305000	      1129	800019cc	40e70933	sub	x18,x14,x14	 x14:0x00000000 x14:0x00000000 x18=0x00000000
       11315000	      1130	800019d0	5a68ee17	auipc	x28,0x5a68e	 x28=0xda68f9cc
       11325000	      1131	800019d4	01eef933	and	x18,x29,x30	 x29:0x017bc000 x30:0x00000000 x18=0x00000000
       11335000	      1132	800019d8	0315d263	bge	x11,x17,800019fc	 x11:0x00000000 x17:0x00000000
       11345000	      1133	00000000	00000013	addi	x0,x0,0	  x0:0x00000000
       11355000	      1134	800019f8	00000013	addi	x0,x0,0	  x0:0x00000000
       11365000	      1135	800019fc	193eb713	sltiu	x14,x29,403	 x29:0x017bc000 x14=0x00000000
       11375000	      1136	80001a00	02a04863	blt	x0,x10,80001a30	  x0:0x00000000 x10:0x00000740
       11385000	      1137	00000000	00000013	addi	x0,x0,0	  x0:0x00000000
       11395000	      1138	80001a2c	00000013	addi	x0,x0,0	  x0:0x00000000
       11405000	      1139	80001a30	e7373513	sltiu	x10,x14,-397	 x14:0x00000000 x10=0x00000001
       11415000	      1140	80001a34	0128e5b3	or	x11,x17,x18	 x17:0x00000000 x18:0x00000000 x11=0x00000000
       11425000	      1141	80001a38	41f1dfb3	sra	x31,x3,x31	  x3:0x00000000 x31:0x8000a1a6 x31=0x00000000
       11435000	      1142	80001a3c	00ef5a63	bge	x30,x14,80001a50	 x30:0x00000000 x14:0x00000000
       11445000	      1143	00000000	00000013	addi	x0,x0,0	  x0:0x00000000
       11455000	      1144	80001a4c	00000013	addi	x0,x0,0	  x0:0x00000000
       11465000	      1145	80001a50	c30cc813	xori	x16,x25,-976	 x25:0xa97e7000 x16=0x56818c30
       11475000	      1146	80001a54	00b19093	slli	x1,x3,0xb	  x3:0x00000000  x1=0x00000000
       11485000	      1147	80001a58	5834f393	andi	x7,x9,1411	  x9:0x80009f38  x7=0x00000500
       11495000	      1148	80001a5c	008e3933	sltu	x18,x28,x8	 x28:0xda68f9cc  x8:0x00000000 x18=0x00000000
       11505000	      1149	80001a60	8f81cb13	xori	x22,x3,-1800	  x3:0x00000000 x22=0xfffff8f8
       11515000	      1150	80001a64	414cde33	sra	x28,x25,x20	 x25:0xa97e7000 x20:0x00000000 x28=0xa97e7000
       11525000	      1151	80001a68	018b4a33	xor	x20,x22,x24	 x22:0xfffff8f8 x24:0x004f9801 x20=0xffb060f9
       11535000	      1152	80001a6c	11b75263	bge	x14,x27,80001b70	 x14:0x00000000 x27:0x02480000
       11545000	      1153	80001a70	40fa8db3	sub	x27,x21,x15	 x21:0x00000000 x15:0x00000001 x27=0xffffffff
       11555000	      1154	80001a74	00007c17	auipc	x24,0x7	 x24=0x80008a70
       11565000	      1155	80001a78	99cc0c13	addi	x24,x24,-1636	 x24:0x80008a70 x24=0x8000840c
       11575000	      1156	80001a7c	405c2423	sw	x5,1032(x24)	 x24:0x8000840c  x5:0x95f0b734 PA:0x80008814
       11585000	      1157	80001a80	dd0c2883	lw	x17,-560(x24)	 x24:0x8000840c x17=0xb2346ca9 PA:0x800081dc
       11595000	      1158	80001a84	01d010b3	sll	x1,x0,x29	  x0:0x00000000 x29:0x017bc000  x1=0x00000000
       11605000	      1159	80001a88	f20c4083	lbu	x1,-224(x24)	 x24:0x8000840c  x1=0x00000012 PA:0x8000832c
       11615000	      1160	80001a8c	2aec1223	sh	x14,676(x24)	 x24:0x8000840c x14:0x00000000 PA:0x800086b0
       11625000	      1161	80001a90	e21c0083	lb	x1,-479(x24)	 x24:0x8000840c  x1=0x0000003b PA:0x8000822d
       11635000	      1162	80001a94	d06c4503	lbu	x10,-762(x24)	 x24:0x8000840c x10=0x00000043 PA:0x80008112
       11645000	      1163	80001a98	0037da33	srl	x20,x15,x3	 x15:0x00000001  x3:0x00000000 x20=0x00000001
       11655000	      1164	80001a9c	3af72093	slti	x1,x14,943	 x14:0x00000000  x1=0x00000001
       11665000	      1165	80001aa0	c66c4883	lbu	x17,-922(x24)	 x24:0x8000840c x17=0x0000003e PA:0x80008072
       11675000	      1166	80001aa4	1a9c0d83	lb	x27,425(x24)	 x24:0x8000840c x27=0x00000022 PA:0x800085b5
       11685000	      1167	80001aa8	32ec0903	lb	x18,814(x24)	 x24:0x8000840c x18=0xffffffb0 PA:0x8000873a
       11695000	      1168	80001aac	08bc0d03	lb	x26,139(x24)	 x24:0x8000840c x26=0x00000078 PA:0x80008497
       11705000	      1169	80001ab0	017b68b3	or	x17,x22,x23	 x22:0xfffff8f8 x23:0x00000001 x17=0xfffff8f9
       11715000	      1170	80001ab4	085c4683	lbu	x13,133(x24)	 x24:0x8000840c x13=0x0000008b PA:0x80008491
       11725000	      1171	80001ab8	00acd313	srli	x6,x25,0xa	 x25:0xa97e7000  x6=0x002a5f9c
       11735000	      1172	80001abc	41920d33	sub	x26,x4,x25	  x4:0x80009fc4 x25:0xa97e7000 x26=0xd6822fc4
       11745000	      1173	80001ac0	2d9c1623	sh	x25,716(x24)	 x24:0x8000840c x25:0xa97e7000 PA:0x800086d8
       11755000	      1174	80001ac4	d98c1e83	lh	x29,-616(x24)	 x24:0x8000840c x29=0xffffe39c PA:0x800081a4
       11765000	      1175	00000000	00000013	addi	x0,x0,0	  x0:0x00000000
       11775000	      1176	80001ac8	45d18c93	addi	x25,x3,1117	  x3:0x00000000 x25=0x0000045d
       11785000	      1177	80001acc	e4f30093	addi	x1,x6,-433	  x6:0x002a5f9c  x1=0x002a5deb
       11795000	      1178	80001ad0	00fc42b3	xor	x5,x24,x15	 x24:0x8000840c x15:0x00000001  x5=0x8000840d
       11805000	      1179	80001ad4	00772e33	slt	x28,x14,x7	 x14:0x00000000  x7:0x00000500 x28=0x00000001
       11815000	      1180	80001ad8	ba8ff013	andi	x0,x31,-1112	 x31:0x00000000
       11825000	      1181	80001adc	07ee0a93	addi	x21,x28,126	 x28:0x00000001 x21=0x0000007f
       11835000	      1182	80001ae0	41c98b33	sub	x22,x19,x28	 x19:0xfb0f8e3d x28:0x00000001 x22=0xfb0f8e3c
       11845000	      1183	80001ae4	0093eab3	or	x21,x7,x9	  x7:0x00000500  x9:0x80009f38 x21=0x80009f38
       11855000	      1184	80001ae8	cb8c1f83	lh	x31,-840(x24)	 x24:0x8000840c x31=0x00003774 PA:0x800080c4
       11865000	      1185	80001aec	17bc0b03	lb	x22,379(x24)	 x24:0x8000840c x22=0x00000012 PA:0x80008587
       11875000	      1186	80001af0	382c0603	lb	x12,898(x24)	 x24:0x8000840c x12=0xffffffb1 PA:0x8000878e
       11885000	      1187	80001af4	37cc0e03	lb	x28,892(x24)	 x24:0x8000840c x28=0xffffffb1 PA:0x80008788
       11895000	      1188	80001af8	00095d33	srl	x26,x18,x0	 x18:0xffffffb0  x0:0x00000000 x26=0xffffffb0
       11905000	      1189	80001afc	f2ac5603	lhu	x12,-214(x24)	 x24:0x8000840c x12=0x00000723 PA:0x80008336
       11915000	      1190	80001b00	ce8c0d03	lb	x26,-792(x24)	 x24:0x8000840c x26=0x0000004a PA:0x800080f4
       11925000	      1191	80001b04	cd3c4d83	lbu	x27,-813(x24)	 x24:0x8000840c x27=0x00000015 PA:0x800080df
       11935000	      1192	80001b08	30bc0783	lb	x15,779(x24)	 x24:0x8000840c x15=0x00000020 PA:0x80008717
       11945000	      1193	80001b0c	cc8c4b03	lbu	x22,-824(x24)	 x24:0x8000840c x22=0x000000bf PA:0x800080d4
       11955000	      1194	80001b10	d2cc0aa3	sb	x12,-715(x24)	 x24:0x8000840c x12:0x00000723 PA:0x80008141
       11965000	      1195	80001b14	00da8933	add	x18,x21,x13	 x21:0x80009f38 x13:0x0000008b x18=0x80009fc3
       11975000	      1196	80001b18	00000013	addi	x0,x0,0	  x0:0x00000000
       11985000	      1197	80001b1c	ff4c5903	lhu	x18,-12(x24)	 x24:0x8000840c x18=0x000079e7 PA:0x80008400
       11995000	      1198	80001b20	0a8c5b83	lhu	x23,168(x24)	 x24:0x8000840c x23=0x00005909 PA:0x800084b4
       12005000	      1199	80001b24	0048b833	sltu	x16,x17,x4	 x17:0xfffff8f9  x4:0x80009fc4 x16=0x00000000
       12015000	      1200	80001b28	018c56b3	srl	x13,x24,x24	 x24:0x8000840c x24:0x8000840c x13=0x00080008
       12025000	      1201	80001b2c	c3764f93	xori	x31,x12,-969	 x12:0x00000723 x31=0xfffffb14
       12035000	      1202	80001b30	010197b3	sll	x15,x3,x16	  x3:0x00000000 x16:0x00000000 x15=0x00000000
       12045000	      1203	80001b34	00000013	addi	x0,x0,0	  x0:0x00000000
       12055000	      1204	80001b38	42c43693	sltiu	x13,x8,1068	  x8:0x00000000 x13=0x00000001
       12065000	      1205	80001b3c	408c0333	sub	x6,x24,x8	 x24:0x8000840c  x8:0x00000000  x6=0x8000840c
       12075000	      1206	80001b40	019f8cb3	add	x25,x31,x25	 x31:0xfffffb14 x25:0x0000045d x25=0xffffff71
       12085000	      1207	80001b44	387c0ba3	sb	x7,919(x24)	 x24:0x8000840c  x7:0x00000500 PA:0x800087a3
       12095000	      1208	80001b48	febc02a3	sb	x11,-27(x24)	 x24:0x8000840c x11:0x00000000 PA:0x800083f1
       12105000	      1209	80001b4c	0050b733	sltu	x14,x1,x5	  x1:0x002a5deb  x5:0x8000840d x14=0x00000001
       12115000	      1210	80001b50	01539f33	sll	x30,x7,x21	  x7:0x00000500 x21:0x80009f38 x30=0x00000000
       12125000	      1211	80001b54	010febb3	or	x23,x31,x16	 x31:0xfffffb14 x16:0x00000000 x23=0xfffffb14
       12135000	      1212	80001b58	f2304413	xori	x8,x0,-221	  x0:0x00000000  x8=0xffffff23
       12145000	      1213	80001b5c	03ab0e63	beq	x22,x26,80001b98	 x22:0x000000bf x26:0x0000004a
       12155000	      1214	80001b60	02998263	beq	x19,x9,80001b84	 x19:0xfb0f8e3d  x9:0x80009f38
       12165000	      1215	80001b64	00000013	addi	x0,x0,0	  x0:0x00000000
       12175000	      1216	80001b68	00c55e63	bge	x10,x12,80001b84	 x10:0x00000043 x12:0x00000723
       12185000	      1217	80001b6c	41db8e33	sub	x28,x23,x29	 x23:0xfffffb14 x29:0xffffe39c x28=0x00001778
       12195000	      1218	80001b70	037a6a63	bltu	x20,x23,80001ba4	 x20:0x00000001 x23:0xfffffb14
       12205000	      1219	00000000	00000013	addi	x0,x0,0	  x0:0x00000000
       12215000	      1220	80001ba0	00000013	addi	x0,x0,0	  x0:0x00000000
       12225000	      1221	80001ba4	41ff8933	sub	x18,x31,x31	 x31:0xfffffb14 x31:0xfffffb14 x18=0x00000000
       12235000	      1222	80001ba8	00098c33	add	x24,x19,x0	 x19:0xfb0f8e3d  x0:0x00000000 x24=0xfb0f8e3d
       12245000	      1223	80001bac	00944933	xor	x18,x8,x9	  x8:0xffffff23  x9:0x80009f38 x18=0x7fff601b
       12255000	      1224	80001bb0	0ca56293	ori	x5,x10,202	 x10:0x00000043  x5=0x000000cb
       12265000	      1225	80001bb4	019f1613	slli	x12,x30,0x19	 x30:0x00000000 x12=0x00000000
       12275000	      1226	80001bb8	0153ec63	bltu	x7,x21,80001bd0	  x7:0x00000500 x21:0x80009f38
       12285000	      1227	00000000	00000013	addi	x0,x0,0	  x0:0x00000000
       12295000	      1228	80001bcc	00000013	addi	x0,x0,0	  x0:0x00000000
       12305000	      1229	80001bd0	05ab8463	beq	x23,x26,80001c18	 x23:0xfffffb14 x26:0x0000004a
       12315000	      1230	80001bd4	0050c133	xor	x2,x1,x5	  x1:0x002a5deb  x5:0x000000cb  x2=0x002a5d20
       12325000	      1231	80001bd8	004b9a63	bne	x23,x4,80001bec	 x23:0xfffffb14  x4:0x80009fc4
       12335000	      1232	00000000	00000013	addi	x0,x0,0	  x0:0x00000000
       12345000	      1233	80001be8	00000013	addi	x0,x0,0	  x0:0x00000000
       12355000	      1234	80001bec	007e4d33	xor	x26,x28,x7	 x28:0x00001778  x7:0x00000500 x26=0x00001278
       12365000	      1235	80001bf0	017b6e33	or	x28,x22,x23	 x22:0x000000bf x23:0xfffffb14 x28=0xfffffbbf
       12375000	      1236	80001bf4	013d6ab3	or	x21,x26,x19	 x26:0x00001278 x19:0xfb0f8e3d x21=0xfb0f9e7d
       12385000	      1237	80001bf8	91dc3f13	sltiu	x30,x24,-1763	 x24:0xfb0f8e3d x30=0x00000001
       12395000	      1238	80001bfc	05207063	bgeu	x0,x18,80001c3c	  x0:0x00000000 x18:0x7fff601b
       12405000	      1239	80001c00	0010d263	bge	x1,x1,80001c04	  x1:0x002a5deb  x1:0x002a5deb
       12415000	      1240	00000000	00000013	addi	x0,x0,0	  x0:0x00000000
       12425000	      1241	80001c00	00000013	addi	x0,x0,0	  x0:0x00000000
       12435000	      1242	80001c04	b8e32613	slti	x12,x6,-1138	  x6:0x8000840c x12=0x00000001
       12445000	      1243	80001c08	0486e463	bltu	x13,x8,80001c50	 x13:0x00000001  x8:0xffffff23
       12455000	      1244	00000000	00000013	addi	x0,x0,0	  x0:0x00000000
       12465000	      1245	80001c4c	00000013	addi	x0,x0,0	  x0:0x00000000
       12475000	      1246	80001c50	41065513	srai	x10,x12,0x10	 x12:0x00000001 x10=0x00000000
       12485000	      1247	80001c54	01985a93	srli	x21,x16,0x19	 x16:0x00000000 x21=0x00000000
       12495000	      1248	80001c58	00907663	bgeu	x0,x9,80001c64	  x0:0x00000000  x9:0x80009f38
       12505000	      1249	80001c5c	031b5863	bge	x22,x17,80001c8c	 x22:0x000000bf x17:0xfffff8f9
       12515000	      1250	00000000	00000013	addi	x0,x0,0	  x0:0x00000000
       12525000	      1251	80001c88	00000013	addi	x0,x0,0	  x0:0x00000000
       12535000	      1252	80001c8c	0080df93	srli	x31,x1,0x8	  x1:0x002a5deb x31=0x00002a5d
       12545000	      1253	80001c90	00c71293	slli	x5,x14,0xc	 x14:0x00000001  x5=0x00001000
       12555000	      1254	80001c94	043bf263	bgeu	x23,x3,80001cd8	 x23:0xfffffb14  x3:0x00000000
       12565000	      1255	00000000	00000013	addi	x0,x0,0	  x0:0x00000000
       12575000	      1256	80001cd4	00000013	addi	x0,x0,0	  x0:0x00000000
       12585000	      1257	80001cd8	0086d693	srli	x13,x13,0x8	 x13:0x00000001 x13=0x00000000
       12595000	      1258	80001cdc	00356733	or	x14,x10,x3	 x10:0x00000000  x3:0x00000000 x14=0x00000000
       12605000	      1259	80001ce0	00ed9e63	bne	x27,x14,80001cfc	 x27:0x00000015 x14:0x00000000
       12615000	      1260	00000000	00000013	addi	x0,x0,0	  x0:0x00000000
       12625000	      1261	80001cf8	00000013	addi	x0,x0,0	  x0:0x00000000
       12635000	      1262	80001cfc	00a3db33	srl	x22,x7,x10	  x7:0x00000500 x10:0x00000000 x22=0x00000500
       12645000	      1263	80001d00	4955f813	andi	x16,x11,1173	 x11:0x00000000 x16=0x00000000
       12655000	      1264	80001d04	d546ae93	slti	x29,x13,-684	 x13:0x00000000 x29=0x00000000
       12665000	      1265	80001d08	00192733	slt	x14,x18,x1	 x18:0x7fff601b  x1:0x002a5deb x14=0x00000000
       12675000	      1266	80001d0c	00d55393	srli	x7,x10,0xd	 x10:0x00000000  x7=0x00000000
       12685000	      1267	80001d10	00000013	addi	x0,x0,0	  x0:0x00000000
       12695000	      1268	80001d14	1312a393	slti	x7,x5,305	  x5:0x00001000  x7=0x00000000
       12705000	      1269	80001d18	00301e13	slli	x28,x0,0x3	  x0:0x00000000 x28=0x00000000
       12715000	      1270	80001d1c	61f0c913	xori	x18,x1,1567	  x1:0x002a5deb x18=0x002a5bf4
       12725000	      1271	80001d20	52c10a17	auipc	x20,0x52c10	 x20=0xd2c11d1c
       12735000	      1272	80001d24	00fd5293	srli	x5,x26,0xf	 x26:0x00001278  x5=0x00000000
       12745000	      1273	80001d28	0031fc33	and	x24,x3,x3	  x3:0x00000000  x3:0x00000000 x24=0x00000000
       12755000	      1274	80001d2c	6b17b913	sltiu	x18,x15,1713	 x15:0x00000000 x18=0x00000001
       12765000	      1275	80001d30	0cec4713	xori	x14,x24,206	 x24:0x00000000 x14=0x000000ce
       12775000	      1276	80001d34	01f0bab3	sltu	x21,x1,x31	  x1:0x002a5deb x31:0x00002a5d x21=0x00000000
       12785000	      1277	80001d38	010efb33	and	x22,x29,x16	 x29:0x00000000 x16:0x00000000 x22=0x00000000
       12795000	      1278	80001d3c	0122a933	slt	x18,x5,x18	  x5:0x00000000 x18:0x00000001 x18=0x00000001
       12805000	      1279	80001d40	04f31063	bne	x6,x15,80001d80	  x6:0x8000840c x15:0x00000000
       12815000	      1280	00000000	00000013	addi	x0,x0,0	  x0:0x00000000
       12825000	      1281	80001d7c	00000013	addi	x0,x0,0	  x0:0x00000000
       12835000	      1282	80001d80	00859413	slli	x8,x11,0x8	 x11:0x00000000  x8=0x00000000
       12845000	      1283	80001d84	4061df13	srai	x30,x3,0x6	  x3:0x00000000 x30=0x00000000
       12855000	      1284	80001d88	9379f313	andi	x6,x19,-1737	 x19:0xfb0f8e3d  x6=0xfb0f8835
       12865000	      1285	80001d8c	f8f2db97	auipc	x23,0xf8f2d	 x23=0x78f2ed88
       12875000	      1286	80001d90	30aaa093	slti	x1,x21,778	 x21:0x00000000  x1=0x00000001
       12885000	      1287	80001d94	a5e3c313	xori	x6,x7,-1442	  x7:0x00000000  x6=0xfffffa5e
       12895000	      1288	80001d98	406bda33	sra	x20,x23,x6	 x23:0x78f2ed88  x6:0xfffffa5e x20=0x00000001
       12905000	      1289	80001d9c	01b65a63	bge	x12,x27,80001db0	 x12:0x00000001 x27:0x00000015
       12915000	      1290	80001da0	00300833	add	x16,x0,x3	  x0:0x00000000  x3:0x00000000 x16=0x00000000
       12925000	      1291	80001da4	1ffa0c13	addi	x24,x20,511	 x20:0x00000001 x24=0x00000200
       12935000	      1292	80001da8	0149f3b3	and	x7,x19,x20	 x19:0xfb0f8e3d x20:0x00000001  x7=0x00000001
       12945000	      1293	80001dac	00f89db3	sll	x27,x17,x15	 x17:0xfffff8f9 x15:0x00000000 x27=0xfffff8f9
       12955000	      1294	80001db0	0055fe33	and	x28,x11,x5	 x11:0x00000000  x5:0x00000000 x28=0x00000000
       12965000	      1295	80001db4	0989fc13	andi	x24,x19,152	 x19:0xfb0f8e3d x24=0x00000018
       12975000	      1296	80001db8	dbebb393	sltiu	x7,x23,-578	 x23:0x78f2ed88  x7=0x00000001
       12985000	      1297	80001dbc	66da0293	addi	x5,x20,1645	 x20:0x00000001  x5=0x0000066e
       12995000	      1298	80001dc0	01191c13	slli	x24,x18,0x11	 x18:0x00000001 x24=0x00020000
       13005000	      1299	80001dc4	0019dcb3	srl	x25,x19,x1	 x19:0xfb0f8e3d  x1:0x00000001 x25=0x7d87c71e
       13015000	      1300	80001dc8	006e37b3	sltu	x15,x28,x6	 x28:0x00000000  x6:0xfffffa5e x15=0x00000001
       13025000	      1301	80001dcc	0010dc13	srli	x24,x1,0x1	  x1:0x00000001 x24=0x00000000
       13035000	      1302	80001dd0	410207b3	sub	x15,x4,x16	  x4:0x80009fc4 x16:0x00000000 x15=0x80009fc4
       13045000	      1303	80001dd4	402885b3	sub	x11,x17,x2	 x17:0xfffff8f9  x2:0x002a5d20 x11=0xffd59bd9
       13055000	      1304	80001dd8	1b640893	addi	x17,x8,438	  x8:0x00000000 x17=0x000001b6
       13065000	      1305	80001ddc	9a59eb13	ori	x22,x19,-1627	 x19:0xfb0f8e3d x22=0xffffffbd
       13075000	      1306	80001de0	056f7463	bgeu	x30,x22,80001e28	 x30:0x00000000 x22:0xffffffbd
       13085000	      1307	80001de4	3667ca37	lui	x20,0x3667c	 x20=0x3667c000
       13095000	      1308	80001de8	013c7863	bgeu	x24,x19,80001df8	 x24:0x00000000 x19:0xfb0f8e3d
       13105000	      1309	80001dec	0153d533	srl	x10,x7,x21	  x7:0x00000001 x21:0x00000000 x10=0x00000001
       13115000	      1310	80001df0	008de8b3	or	x17,x27,x8	 x27:0xfffff8f9  x8:0x00000000 x17=0xfffff8f9
       13125000	      1311	80001df4	551b6817	auipc	x16,0x551b6	 x16=0xd51b7df0
       13135000	      1312	80001df8	03a07c63	bgeu	x0,x26,80001e30	  x0:0x00000000 x26:0x00001278
       13145000	      1313	80001dfc	00315793	srli	x15,x2,0x3	  x2:0x002a5d20 x15=0x00054ba4
       13155000	      1314	80001e00	00bac033	xor	x0,x21,x11	 x21:0x00000000 x11:0xffd59bd9
       13165000	      1315	80001e04	41720d33	sub	x26,x4,x23	  x4:0x80009fc4 x23:0x78f2ed88 x26=0x070db23c
       13175000	      1316	80001e08	414352b3	sra	x5,x6,x20	  x6:0xfffffa5e x20:0x3667c000  x5=0xfffffa5e
       13185000	      1317	80001e0c	de9be713	ori	x14,x23,-535	 x23:0x78f2ed88 x14=0xfffffde9
       13195000	      1318	80001e10	01235f13	srli	x30,x6,0x12	  x6:0xfffffa5e x30=0x00003fff
       13205000	      1319	80001e14	00f78e63	beq	x15,x15,80001e30	 x15:0x00054ba4 x15:0x00054ba4
       13215000	      1320	00000000	00000013	addi	x0,x0,0	  x0:0x00000000
       13225000	      1321	80001e2c	00000013	addi	x0,x0,0	  x0:0x00000000
       13235000	      1322	80001e30	7c8dcc13	xori	x24,x27,1992	 x27:0xfffff8f9 x24=0xffffff31
       13245000	      1323	80001e34	0044aa03	lw	x20,4(x9)	  x9:0x80009f38 x20=0x80000964 PA:0x80009f3c
       13255000	      1324	80001e38	00e61193	slli	x3,x12,0xe	 x12:0x00000001  x3=0x00004000
       13265000	      1325	80001e3c	614d4e93	xori	x29,x26,1556	 x26:0x070db23c x29=0x070db428
       13275000	      1326	80001e40	01f14433	xor	x8,x2,x31	  x2:0x002a5d20 x31:0x00002a5d  x8=0x002a777d
       13285000	      1327	80001e44	02c48493	addi	x9,x9,44	  x9:0x80009f38  x9=0x80009f64
       13295000	      1328	80001e48	4b3ee813	ori	x16,x29,1203	 x29:0x070db428 x16=0x070db4bb
       13305000	      1329	80001e4c	a8cc7cb7	lui	x25,0xa8cc7	 x25=0xa8cc7000
       13315000	      1330	80001e50	db966f37	lui	x30,0xdb966	 x30=0xdb966000
       13325000	      1331	80001e54	da784617	auipc	x12,0xda784	 x12=0x5a785e50
       13335000	      1332	80001e58	000a0093	addi	x1,x20,0	 x20:0x80000964  x1=0x80000964
       13345000	      1333	80001e5c	000080e7	jalr	x1,x1,0	  x1:0x80000964  x1=0x80001e5c
       13355000	      1334	00000000	00000013	addi	x0,x0,0	  x0:0x00000000
       13365000	      1335	80000964	00000013	addi	x0,x0,0	  x0:0x00000000
       13375000	      1336	80000968	411055b3	sra	x11,x0,x17	  x0:0x00000000 x17:0xfffff8f9 x11=0x00000000
       13385000	      1337	8000096c	00a59c33	sll	x24,x11,x10	 x11:0x00000000 x10:0x00000001 x24=0x00000000
       13395000	      1338	80000970	41ae0eb3	sub	x29,x28,x26	 x28:0x00000000 x26:0x070db23c x29=0xf8f24dc4
       13405000	      1339	80000974	004ef533	and	x10,x29,x4	 x29:0xf8f24dc4  x4:0x80009fc4 x10=0x80000dc4
       13415000	      1340	80000978	40fe5633	sra	x12,x28,x15	 x28:0x00000000 x15:0x00054ba4 x12=0x00000000
       13425000	      1341	8000097c	b918cb93	xori	x23,x17,-1135	 x17:0xfffff8f9 x23=0x00000368
       13435000	      1342	80000980	00000013	addi	x0,x0,0	  x0:0x00000000
       13445000	      1343	80000984	41f75913	srai	x18,x14,0x1f	 x14:0xfffffde9 x18=0xffffffff
       13455000	      1344	80000988	011cc3b3	xor	x7,x25,x17	 x25:0xa8cc7000 x17:0xfffff8f9  x7=0x573388f9
       13465000	      1345	8000098c	cff3f193	andi	x3,x7,-769	  x7:0x573388f9  x3=0x573388f9
       13475000	      1346	80000990	12000a6f	jal	x20,80000990	 x20=0x80000990
       13485000	      1347	00000000	00000013	addi	x0,x0,0	  x0:0x00000000
       13495000	      1348	80000aac	00000013	addi	x0,x0,0	  x0:0x00000000
       13505000	      1349	80000ab0	0126c7b3	xor	x15,x13,x18	 x13:0x00000000 x18:0xffffffff x15=0xffffffff
       13515000	      1350	80000ab4	00000013	addi	x0,x0,0	  x0:0x00000000
       13525000	      1351	80000ab8	01260263	beq	x12,x18,80000abc	 x12:0x00000000 x18:0xffffffff
       13535000	      1352	80000abc	fd448493	addi	x9,x9,-44	  x9:0x80009f64  x9=0x80009f38
       13545000	      1353	80000ac0	0144a223	sw	x20,4(x9)	  x9:0x80009f38 x20:0x80000990 PA:0x80009f3c
       13555000	      1354	80000ac4	00000013	addi	x0,x0,0	  x0:0x00000000
       13565000	      1355	80000ac8	00008d97	auipc	x27,0x8	 x27=0x80008ac4
       13575000	      1356	80000acc	273d8d93	addi	x27,x27,627	 x27:0x80008ac4 x27=0x80008d37
       13585000	      1357	80000ad0	fffd8883	lb	x17,-1(x27)	 x27:0x80008d37 x17=0xffffffff PA:0x80008d36
       13595000	      1358	80000ad4	00008e97	auipc	x29,0x8	 x29=0x80008ad0
       13605000	      1359	80000ad8	428e8e93	addi	x29,x29,1064	 x29:0x80008ad0 x29=0x80008ef8
       13615000	      1360	80000adc	00008f17	auipc	x30,0x8	 x30=0x80008ad8
       13625000	      1361	80000ae0	428f0f13	addi	x30,x30,1064	 x30:0x80008ad8 x30=0x80008f00
       13635000	      1362	80000ae4	fe3d81a3	sb	x3,-29(x27)	 x27:0x80008d37  x3:0x573388f9 PA:0x80008d1a
       13645000	      1363	80000ae8	f70f2603	lw	x12,-144(x30)	 x30:0x80008f00 x12=0xcd49b3ab PA:0x80008e70
       13655000	      1364	80000aec	00fecb83	lbu	x23,15(x29)	 x29:0x80008ef8 x23=0x0000000e PA:0x80008f07
       13665000	      1365	80000af0	fcdd8123	sb	x13,-62(x27)	 x27:0x80008d37 x13:0x00000000 PA:0x80008cf9
       13675000	      1366	80000af4	ff0eac03	lw	x24,-16(x29)	 x29:0x80008ef8 x24=0x4349d13a PA:0x80008ee8
       13685000	      1367	80000af8	fe8dcd03	lbu	x26,-24(x27)	 x27:0x80008d37 x26=0x00000042 PA:0x80008d1f
       13695000	      1368	80000afc	f43f04a3	sb	x3,-183(x30)	 x30:0x80008f00  x3:0x573388f9 PA:0x80008e49
       13705000	      1369	80000b00	0bbf0603	lb	x12,187(x30)	 x30:0x80008f00 x12=0x0000000d PA:0x80008fbb
       13715000	      1370	80000b04	016e8423	sb	x22,8(x29)	 x29:0x80008ef8 x22:0xffffffbd PA:0x80008f00
       13725000	      1371	80000b08	f4ef5503	lhu	x10,-178(x30)	 x30:0x80008f00 x10=0x0000b360 PA:0x80008e4e
       13735000	      1372	80000b0c	036d97a3	sh	x22,47(x27)	 x27:0x80008d37 x22:0xffffffbd PA:0x80008d66
       13745000	      1373	80000b10	fa6f5b83	lhu	x23,-90(x30)	 x30:0x80008f00 x23=0x0000e448 PA:0x80008ea6
       13755000	      1374	80000b14	009e83a3	sb	x9,7(x29)	 x29:0x80008ef8  x9:0x80009f38 PA:0x80008eff
       13765000	      1375	80000b18	fe1e9d23	sh	x1,-6(x29)	 x29:0x80008ef8  x1:0x80001e5c PA:0x80008ef2
       13775000	      1376	80000b1c	fecd8083	lb	x1,-20(x27)	 x27:0x80008d37  x1=0x00000000 PA:0x80008d23
       13785000	      1377	80000b20	febd8a23	sb	x11,-12(x27)	 x27:0x80008d37 x11:0x00000000 PA:0x80008d2b
       13795000	      1378	80000b24	00de85a3	sb	x13,11(x29)	 x29:0x80008ef8 x13:0x00000000 PA:0x80008f03
       13805000	      1379	80000b28	ffcf4d03	lbu	x26,-4(x30)	 x30:0x80008f00 x26=0x000000ce PA:0x80008efc
       13815000	      1380	80000b2c	fe1d9fa3	sh	x1,-1(x27)	 x27:0x80008d37  x1:0x00000000 PA:0x80008d36
       13825000	      1381	80000b30	ffbd8f23	sb	x27,-2(x27)	 x27:0x80008d37 x27:0x80008d37 PA:0x80008d35
       13835000	      1382	80000b34	f85f0703	lb	x14,-123(x30)	 x30:0x80008f00 x14=0xfffffff2 PA:0x80008e85
       13845000	      1383	80000b38	f25f1323	sh	x5,-218(x30)	 x30:0x80008f00  x5:0xfffffa5e PA:0x80008e26
       13855000	      1384	80000b3c	f63f4503	lbu	x10,-157(x30)	 x30:0x80008f00 x10=0x000000b1 PA:0x80008e63
       13865000	      1385	80000b40	08df0903	lb	x18,141(x30)	 x30:0x80008f00 x18=0x00000019 PA:0x80008f8d
       13875000	      1386	80000b44	ff0ec883	lbu	x17,-16(x29)	 x29:0x80008ef8 x17=0x0000003a PA:0x80008ee8
       13885000	      1387	80000b48	001ec283	lbu	x5,1(x29)	 x29:0x80008ef8  x5=0x00000034 PA:0x80008ef9
       13895000	      1388	80000b4c	00008917	auipc	x18,0x8	 x18=0x80008b48
       13905000	      1389	80000b50	c6a90913	addi	x18,x18,-918	 x18:0x80008b48 x18=0x800087b2
       13915000	      1390	80000b54	00008797	auipc	x15,0x8	 x15=0x80008b50
       13925000	      1391	80000b58	a7878793	addi	x15,x15,-1416	 x15:0x80008b50 x15=0x800085c8
       13935000	      1392	80000b5c	e2178003	lb	x0,-479(x15)	 x15:0x800085c8 PA:0x800083e9
       13945000	      1393	80000b60	03291e23	sh	x18,60(x18)	 x18:0x800087b2 x18:0x800087b2 PA:0x800087ee
       13955000	      1394	80000b64	14078b83	lb	x23,320(x15)	 x15:0x800085c8 x23=0xffffffce PA:0x80008708
       13965000	      1395	80000b68	fe1901a3	sb	x1,-29(x18)	 x18:0x800087b2  x1:0x00000000 PA:0x80008795
       13975000	      1396	80000b6c	ce578803	lb	x16,-795(x15)	 x15:0x800085c8 x16=0xffffffc6 PA:0x800082ad
       13985000	      1397	80000b70	ff790ba3	sb	x23,-9(x18)	 x18:0x800087b2 x23:0xffffffce PA:0x800087a9
       13995000	      1398	80000b74	ff990083	lb	x1,-7(x18)	 x18:0x800087b2  x1=0xffffffc9 PA:0x800087ab
       14005000	      1399	80000b78	eb07cc83	lbu	x25,-336(x15)	 x15:0x800085c8 x25=0x00000024 PA:0x80008478
       14015000	      1400	80000b7c	00494f83	lbu	x31,4(x18)	 x18:0x800087b2 x31=0x00000093 PA:0x800087b6
       14025000	      1401	80000b80	0a679b83	lh	x23,166(x15)	 x15:0x800085c8 x23=0xffffc90a PA:0x8000866e
       14035000	      1402	80000b84	009904a3	sb	x9,9(x18)	 x18:0x800087b2  x9:0x80009f38 PA:0x800087bb
       14045000	      1403	80000b88	d9a78f23	sb	x26,-610(x15)	 x15:0x800085c8 x26:0x000000ce PA:0x80008366
       14055000	      1404	80000b8c	01d90c03	lb	x24,29(x18)	 x18:0x800087b2 x24=0x00000052 PA:0x800087cf
       14065000	      1405	80000b90	dec7aa23	sw	x12,-524(x15)	 x15:0x800085c8 x12:0x0000000d PA:0x800083bc
       14075000	      1406	80000b94	02495283	lhu	x5,36(x18)	 x18:0x800087b2  x5=0x00006f92 PA:0x800087d6
       14085000	      1407	80000b98	e3d78323	sb	x29,-474(x15)	 x15:0x800085c8 x29:0x80008ef8 PA:0x800083ee
       14095000	      1408	80000b9c	00008097	auipc	x1,0x8	  x1=0x80008b98
       14105000	      1409	80000ba0	08508093	addi	x1,x1,133	  x1:0x80008b98  x1=0x80008c1d
       14115000	      1410	80000ba4	0a20c783	lbu	x15,162(x1)	  x1:0x80008c1d x15=0x00000037 PA:0x80008cbf
       14125000	      1411	80000ba8	0a20c803	lbu	x16,162(x1)	  x1:0x80008c1d x16=0x00000037 PA:0x80008cbf
       14135000	      1412	80000bac	0a208183	lb	x3,162(x1)	  x1:0x80008c1d  x3=0x00000037 PA:0x80008cbf
       14145000	      1413	80000bb0	0a208803	lb	x16,162(x1)	  x1:0x80008c1d x16=0x00000037 PA:0x80008cbf
       14155000	      1414	80000bb4	0a108123	sb	x1,162(x1)	  x1:0x80008c1d  x1:0x80008c1d PA:0x80008cbf
       14165000	      1415	80000bb8	0a208883	lb	x17,162(x1)	  x1:0x80008c1d x17=0x0000001d PA:0x80008cbf
       14175000	      1416	80000bbc	0a20cb03	lbu	x22,162(x1)	  x1:0x80008c1d x22=0x0000001d PA:0x80008cbf
       14185000	      1417	80000bc0	008e0ab3	add	x21,x28,x8	 x28:0x00000000  x8:0x002a777d x21=0x002a777d
       14195000	      1418	80000bc4	2bdfc793	xori	x15,x31,701	 x31:0x00000093 x15=0x0000022e
       14205000	      1419	80000bc8	0a20c503	lbu	x10,162(x1)	  x1:0x80008c1d x10=0x0000001d PA:0x80008cbf
       14215000	      1420	80000bcc	0a208883	lb	x17,162(x1)	  x1:0x80008c1d x17=0x0000001d PA:0x80008cbf
       14225000	      1421	80000bd0	0bb08123	sb	x27,162(x1)	  x1:0x80008c1d x27:0x80008d37 PA:0x80008cbf
       14235000	      1422	80000bd4	00008117	auipc	x2,0x8	  x2=0x80008bd0
       14245000	      1423	80000bd8	1cc10113	addi	x2,x2,460	  x2:0x80008bd0  x2=0x80008d9c
       14255000	      1424	80000bdc	fc614683	lbu	x13,-58(x2)	  x2:0x80008d9c x13=0x00000001 PA:0x80008d62
       14265000	      1425	80000be0	fd314683	lbu	x13,-45(x2)	  x2:0x80008d9c x13=0x00000032 PA:0x80008d6f
       14275000	      1426	80000be4	03f10f83	lb	x31,63(x2)	  x2:0x80008d9c x31=0x00000077 PA:0x80008ddb
       14285000	      1427	80000be8	405d58b3	sra	x17,x26,x5	 x26:0x000000ce  x5:0x00006f92 x17=0x00000000
       14295000	      1428	80000bec	00050933	add	x18,x10,x0	 x10:0x0000001d  x0:0x00000000 x18=0x0000001d
       14305000	      1429	80000bf0	00305cb3	srl	x25,x0,x3	  x0:0x00000000  x3:0x00000037 x25=0x00000000
       14315000	      1430	80000bf4	fe814703	lbu	x14,-24(x2)	  x2:0x80008d9c x14=0x00000085 PA:0x80008d84
       14325000	      1431	80000bf8	fe311723	sh	x3,-18(x2)	  x2:0x80008d9c  x3:0x00000037 PA:0x80008d8a
       14335000	      1432	80000bfc	fef10c03	lb	x24,-17(x2)	  x2:0x80008d9c x24=0x00000000 PA:0x80008d8b
       14345000	      1433	80000c00	7ee84613	xori	x12,x16,2030	 x16:0x00000037 x12=0x000007d9
       14355000	      1434	80000c04	fcb10b83	lb	x23,-53(x2)	  x2:0x80008d9c x23=0xffffffff PA:0x80008d67
       14365000	      1435	80000c08	03111e23	sh	x17,60(x2)	  x2:0x80008d9c x17:0x00000000 PA:0x80008dd8
       14375000	      1436	80000c0c	01510183	lb	x3,21(x2)	  x2:0x80008d9c  x3=0x00000000 PA:0x80008db1
       14385000	      1437	80000c10	0160dab3	srl	x21,x1,x22	  x1:0x80008c1d x22:0x0000001d x21=0x00000004
       14395000	      1438	80000c14	02e11e23	sh	x14,60(x2)	  x2:0x80008d9c x14:0x00000085 PA:0x80008dd8
       14405000	      1439	80000c18	03b14603	lbu	x12,59(x2)	  x2:0x80008d9c x12=0x000000e1 PA:0x80008dd7
       14415000	      1440	80000c1c	00110903	lb	x18,1(x2)	  x2:0x80008d9c x18=0xffffffbf PA:0x80008d9d
       14425000	      1441	80000c20	00ba13b3	sll	x7,x20,x11	 x20:0x80000990 x11:0x00000000  x7=0x80000990
       14435000	      1442	80000c24	012e6f33	or	x30,x28,x18	 x28:0x00000000 x18:0xffffffbf x30=0xffffffbf
       14445000	      1443	80000c28	01c10b23	sb	x28,22(x2)	  x2:0x80008d9c x28:0x00000000 PA:0x80008db2
       14455000	      1444	80000c2c	01389933	sll	x18,x17,x19	 x17:0x00000000 x19:0xfb0f8e3d x18=0x00000000
       14465000	      1445	80000c30	41d55cb3	sra	x25,x10,x29	 x10:0x0000001d x29:0x80008ef8 x25=0x00000000
       14475000	      1446	80000c34	016fdb13	srli	x22,x31,0x16	 x31:0x00000077 x22=0x00000000
       14485000	      1447	80000c38	feb14c83	lbu	x25,-21(x2)	  x2:0x80008d9c x25=0x00000090 PA:0x80008d87
       14495000	      1448	80000c3c	40a10eb3	sub	x29,x2,x10	  x2:0x80008d9c x10:0x0000001d x29=0x80008d7f
       14505000	      1449	80000c40	ffe15b83	lhu	x23,-2(x2)	  x2:0x80008d9c x23=0x000027bd PA:0x80008d9a
       14515000	      1450	80000c44	013104a3	sb	x19,9(x2)	  x2:0x80008d9c x19:0xfb0f8e3d PA:0x80008da5
       14525000	      1451	80000c48	003feeb3	or	x29,x31,x3	 x31:0x00000077  x3:0x00000000 x29=0x00000077
       14535000	      1452	80000c4c	034100a3	sb	x20,33(x2)	  x2:0x80008d9c x20:0x80000990 PA:0x80008dbd
       14545000	      1453	80000c50	fee11303	lh	x6,-18(x2)	  x2:0x80008d9c  x6=0x00000037 PA:0x80008d8a
       14555000	      1454	80000c54	01b88533	add	x10,x17,x27	 x17:0x00000000 x27:0x80008d37 x10=0x80008d37
       14565000	      1455	80000c58	fd214383	lbu	x7,-46(x2)	  x2:0x80008d9c  x7=0x00000004 PA:0x80008d6e
       14575000	      1456	80000c5c	fcc14003	lbu	x0,-52(x2)	  x2:0x80008d9c PA:0x80008d68
       14585000	      1457	80000c60	01e307b3	add	x15,x6,x30	  x6:0x00000037 x30:0xffffffbf x15=0xfffffff6
       14595000	      1458	80000c64	01fb9fb3	sll	x31,x23,x31	 x23:0x000027bd x31:0x00000077 x31=0xde800000
       14605000	      1459	80000c68	40425533	sra	x10,x4,x4	  x4:0x80009fc4  x4:0x80009fc4 x10=0xf80009fc
       14615000	      1460	80000c6c	fe910aa3	sb	x9,-11(x2)	  x2:0x80008d9c  x9:0x80009f38 PA:0x80008d91
       14625000	      1461	80000c70	40105033	sra	x0,x0,x1	  x0:0x00000000  x1:0x80008c1d
       14635000	      1462	80000c74	01815783	lhu	x15,24(x2)	  x2:0x80008d9c x15=0x000088f4 PA:0x80008db4
       14645000	      1463	80000c78	fe614c03	lbu	x24,-26(x2)	  x2:0x80008d9c x24=0x0000008f PA:0x80008d82
       14655000	      1464	80000c7c	0011a5b3	slt	x11,x3,x1	  x3:0x00000000  x1:0x80008c1d x11=0x00000000
       14665000	      1465	80000c80	02110783	lb	x15,33(x2)	  x2:0x80008d9c x15=0xffffff90 PA:0x80008dbd
       14675000	      1466	80000c84	46c9f393	andi	x7,x19,1132	 x19:0xfb0f8e3d  x7=0x0000042c
       14685000	      1467	80000c88	4014d693	srai	x13,x9,0x1	  x9:0x80009f38 x13=0xc0004f9c
       14695000	      1468	80000c8c	ff510683	lb	x13,-11(x2)	  x2:0x80008d9c x13=0x00000038 PA:0x80008d91
       14705000	      1469	80000c90	01011523	sh	x16,10(x2)	  x2:0x80008d9c x16:0x00000037 PA:0x80008da6
       14715000	      1470	80000c94	01f23eb3	sltu	x29,x4,x31	  x4:0x80009fc4 x31:0xde800000 x29=0x00000001
       14725000	      1471	80000c98	50368913	addi	x18,x13,1283	 x13:0x00000038 x18=0x0000053b
       14735000	      1472	80000c9c	02611e83	lh	x29,38(x2)	  x2:0x80008d9c x29=0x00001795 PA:0x80008dc2
       14745000	      1473	80000ca0	7a082693	slti	x13,x16,1952	 x16:0x00000037 x13=0x00000001
       14755000	      1474	80000ca4	ff615e83	lhu	x29,-10(x2)	  x2:0x80008d9c x29=0x00003eb0 PA:0x80008d92
       14765000	      1475	80000ca8	00007097	auipc	x1,0x7	  x1=0x80007ca4
       14775000	      1476	80000cac	7e908093	addi	x1,x1,2025	  x1:0x80007ca4  x1=0x8000848d
       14785000	      1477	80000cb0	014f7933	and	x18,x30,x20	 x30:0xffffffbf x20:0x80000990 x18=0x80000990
       14795000	      1478	80000cb4	f2e0c283	lbu	x5,-210(x1)	  x1:0x8000848d  x5=0x00000000 PA:0x800083bb
       14805000	      1479	80000cb8	415352b3	sra	x5,x6,x21	  x6:0x00000037 x21:0x00000004  x5=0x00000003
       14815000	      1480	80000cbc	f3f08723	sb	x31,-210(x1)	  x1:0x8000848d x31:0xde800000 PA:0x800083bb
       14825000	      1481	80000cc0	f2e0c883	lbu	x17,-210(x1)	  x1:0x8000848d x17=0x00000000 PA:0x800083bb
       14835000	      1482	80000cc4	f2e0c103	lbu	x2,-210(x1)	  x1:0x8000848d  x2=0x00000000 PA:0x800083bb
       14845000	      1483	80000cc8	f2e08783	lb	x15,-210(x1)	  x1:0x8000848d x15=0x00000000 PA:0x800083bb
       14855000	      1484	80000ccc	f180ce83	lbu	x29,-232(x1)	  x1:0x8000848d x29=0x000000bf PA:0x800083a5
       14865000	      1485	80000cd0	f1e08c23	sb	x30,-232(x1)	  x1:0x8000848d x30:0xffffffbf PA:0x800083a5
       14875000	      1486	80000cd4	a2708c13	addi	x24,x1,-1497	  x1:0x8000848d x24=0x80007eb4
       14885000	      1487	80000cd8	0ff0a183	lw	x3,255(x1)	  x1:0x8000848d  x3=0xd36fbdf2 PA:0x8000858c
       14895000	      1488	80000cdc	f4109303	lh	x6,-191(x1)	  x1:0x8000848d  x6=0x00007700 PA:0x800083ce
       14905000	      1489	80000ce0	7aab4593	xori	x11,x22,1962	 x22:0x00000000 x11=0x000007aa
       14915000	      1490	80000ce4	f40080a3	sb	x0,-191(x1)	  x1:0x8000848d  x0:0x00000000 PA:0x800083ce
       14925000	      1491	80000ce8	00008197	auipc	x3,0x8	  x3=0x80008ce4
       14935000	      1492	80000cec	c9918193	addi	x3,x3,-871	  x3:0x80008ce4  x3=0x8000897d
       14945000	      1493	80000cf0	00008b17	auipc	x22,0x8	 x22=0x80008cec
       14955000	      1494	80000cf4	f9db0b13	addi	x22,x22,-99	 x22:0x80008cec x22=0x80008c89
       14965000	      1495	80000cf8	00008e17	auipc	x28,0x8	 x28=0x80008cf4
       14975000	      1496	80000cfc	fe8e0e13	addi	x28,x28,-24	 x28:0x80008cf4 x28=0x80008cdc
       14985000	      1497	80000d00	fe6b1ba3	sh	x6,-9(x22)	 x22:0x80008c89  x6:0x00007700 PA:0x80008c80
       14995000	      1498	80000d04	feae0f23	sb	x10,-2(x28)	 x28:0x80008cdc x10:0xf80009fc PA:0x80008cda
       15005000	      1499	80000d08	00fe4103	lbu	x2,15(x28)	 x28:0x80008cdc  x2=0x0000001c PA:0x80008ceb
       15015000	      1500	80000d0c	00008917	auipc	x18,0x8	 x18=0x80008d08
       15025000	      1501	80000d10	27690913	addi	x18,x18,630	 x18:0x80008d08 x18=0x80008f7e
       15035000	      1502	80000d14	00008797	auipc	x15,0x8	 x15=0x80008d10
       15045000	      1503	80000d18	2c578793	addi	x15,x15,709	 x15:0x80008d10 x15=0x80008fd5
       15055000	      1504	80000d1c	002e1c83	lh	x25,2(x28)	 x28:0x80008cdc x25=0xffff9ab4 PA:0x80008cde
       15065000	      1505	80000d20	c7c7c703	lbu	x14,-900(x15)	 x15:0x80008fd5 x14=0x0000007f PA:0x80008c51
       15075000	      1506	80000d24	fcd18803	lb	x16,-51(x3)	  x3:0x8000897d x16=0x00000003 PA:0x8000894a
       15085000	      1507	80000d28	dcf7da03	lhu	x20,-561(x15)	 x15:0x80008fd5 x20=0x00003d17 PA:0x80008da4
       15095000	      1508	80000d2c	00fe4383	lbu	x7,15(x28)	 x28:0x80008cdc  x7=0x0000001c PA:0x80008ceb
       15105000	      1509	80000d30	ff490583	lb	x11,-12(x18)	 x18:0x80008f7e x11=0xffffffe8 PA:0x80008f72
       15115000	      1510	80000d34	ff1b0a23	sb	x17,-12(x22)	 x22:0x80008c89 x17:0x00000000 PA:0x80008c7d
       15125000	      1511	80000d38	03d1d703	lhu	x14,61(x3)	  x3:0x8000897d x14=0x0000a48e PA:0x800089ba
       15135000	      1512	80000d3c	013b0423	sb	x19,8(x22)	 x22:0x80008c89 x19:0xfb0f8e3d PA:0x80008c91
       15145000	      1513	80000d40	00218e23	sb	x2,28(x3)	  x3:0x8000897d  x2:0x0000001c PA:0x80008999
       15155000	      1514	80000d44	00c904a3	sb	x12,9(x18)	 x18:0x80008f7e x12:0x000000e1 PA:0x80008f87
       15165000	      1515	80000d48	fe7e0b23	sb	x7,-10(x28)	 x28:0x80008cdc  x7:0x0000001c PA:0x80008cd2
       15175000	      1516	80000d4c	02f18a23	sb	x15,52(x3)	  x3:0x8000897d x15:0x80008fd5 PA:0x800089b1
       15185000	      1517	80000d50	febe1b23	sh	x11,-10(x28)	 x28:0x80008cdc x11:0xffffffe8 PA:0x80008cd2
       15195000	      1518	80000d54	02f18103	lb	x2,47(x3)	  x3:0x8000897d  x2=0x00000053 PA:0x800089ac
       15205000	      1519	80000d58	e0f7cf83	lbu	x31,-497(x15)	 x15:0x80008fd5 x31=0x0000007e PA:0x80008de4
       15215000	      1520	80000d5c	c1078f03	lb	x30,-1008(x15)	 x15:0x80008fd5 x30=0xffffffbd PA:0x80008be5
       15225000	      1521	80000d60	000e2c03	lw	x24,0(x28)	 x28:0x80008cdc x24=0x9ab4a211 PA:0x80008cdc
       15235000	      1522	80000d64	00a95583	lhu	x11,10(x18)	 x18:0x80008f7e x11=0x0000570d PA:0x80008f88
       15245000	      1523	80000d68	ff190c03	lb	x24,-15(x18)	 x18:0x80008f7e x24=0xffffffa0 PA:0x80008f6f
       15255000	      1524	80000d6c	003b0b83	lb	x23,3(x22)	 x22:0x80008c89 x23=0xffffffaf PA:0x80008c8c
       15265000	      1525	80000d70	00895e83	lhu	x29,8(x18)	 x18:0x80008f7e x29=0x0000e1f2 PA:0x80008f86
       15275000	      1526	80000d74	fe01cd83	lbu	x27,-32(x3)	  x3:0x8000897d x27=0x00000089 PA:0x8000895d
       15285000	      1527	80000d78	a867c703	lbu	x14,-1402(x15)	 x15:0x80008fd5 x14=0x00000093 PA:0x80008a5b
       15295000	      1528	80000d7c	ff51d883	lhu	x17,-11(x3)	  x3:0x8000897d x17=0x000069b8 PA:0x80008972
       15305000	      1529	80000d80	ff390403	lb	x8,-13(x18)	 x18:0x80008f7e  x8=0xffffff95 PA:0x80008f71
       15315000	      1530	80000d84	ff290e83	lb	x29,-14(x18)	 x18:0x80008f7e x29=0x00000041 PA:0x80008f70
       15325000	      1531	80000d88	ffcb0303	lb	x6,-4(x22)	 x22:0x80008c89  x6=0xffffffce PA:0x80008c85
       15335000	      1532	80000d8c	ff690ba3	sb	x22,-9(x18)	 x18:0x80008f7e x22:0x80008c89 PA:0x80008f75
       15345000	      1533	80000d90	fdc1c103	lbu	x2,-36(x3)	  x3:0x8000897d  x2=0x000000a1 PA:0x80008959
       15355000	      1534	80000d94	ff990ba3	sb	x25,-9(x18)	 x18:0x80008f7e x25:0xffff9ab4 PA:0x80008f75
       15365000	      1535	80000d98	ff9b1f83	lh	x31,-7(x22)	 x22:0x80008c89 x31=0x00003961 PA:0x80008c82
       15375000	      1536	80000d9c	003e0d03	lb	x26,3(x28)	 x28:0x80008cdc x26=0xffffff9a PA:0x80008cdf
       15385000	      1537	80000da0	016e06a3	sb	x22,13(x28)	 x28:0x80008cdc x22:0x80008c89 PA:0x80008ce9
       15395000	      1538	80000da4	ffb94383	lbu	x7,-5(x18)	 x18:0x80008f7e  x7=0x000000c5 PA:0x80008f79
       15405000	      1539	80000da8	fcf18583	lb	x11,-49(x3)	  x3:0x8000897d x11=0x00000019 PA:0x8000894c
       15415000	      1540	80000dac	00008117	auipc	x2,0x8	  x2=0x80008da8
       15425000	      1541	80000db0	f9810113	addi	x2,x2,-104	  x2:0x80008da8  x2=0x80008d40
       15435000	      1542	80000db4	00314283	lbu	x5,3(x2)	  x2:0x80008d40  x5=0x00000095 PA:0x80008d43
       15445000	      1543	80000db8	fec10923	sb	x12,-14(x2)	  x2:0x80008d40 x12:0x000000e1 PA:0x80008d32
       15455000	      1544	80000dbc	00812a83	lw	x21,8(x2)	  x2:0x80008d40 x21=0x936f44bf PA:0x80008d48
       15465000	      1545	80000dc0	01a29633	sll	x12,x5,x26	  x5:0x00000095 x26:0xffffff9a x12=0x54000000
       15475000	      1546	80000dc4	004383b3	add	x7,x7,x4	  x7:0x000000c5  x4:0x80009fc4  x7=0x8000a089
       15485000	      1547	80000dc8	01b10323	sb	x27,6(x2)	  x2:0x80008d40 x27:0x00000089 PA:0x80008d46
       15495000	      1548	80000dcc	008101a3	sb	x8,3(x2)	  x2:0x80008d40  x8:0xffffff95 PA:0x80008d43
       15505000	      1549	80000dd0	fff10383	lb	x7,-1(x2)	  x2:0x80008d40  x7=0x00000061 PA:0x80008d3f
       15515000	      1550	80000dd4	01911d33	sll	x26,x2,x25	  x2:0x80008d40 x25:0xffff9ab4 x26=0xd4000000
       15525000	      1551	80000dd8	00714f03	lbu	x30,7(x2)	  x2:0x80008d40 x30=0x000000a7 PA:0x80008d47
       15535000	      1552	80000ddc	ff810383	lb	x7,-8(x2)	  x2:0x80008d40  x7=0xffffff95 PA:0x80008d38
       15545000	      1553	80000de0	01e100a3	sb	x30,1(x2)	  x2:0x80008d40 x30:0x000000a7 PA:0x80008d41
       15555000	      1554	80000de4	ff611b03	lh	x22,-10(x2)	  x2:0x80008d40 x22=0x00000000 PA:0x80008d36
       15565000	      1555	80000de8	86ba4293	xori	x5,x20,-1941	 x20:0x00003d17  x5=0xffffc57c
       15575000	      1556	80000dec	002107a3	sb	x2,15(x2)	  x2:0x80008d40  x2:0x80008d40 PA:0x80008d4f
       15585000	      1557	80000df0	01bf5d93	srli	x27,x30,0x1b	 x30:0x000000a7 x27=0x00000000
       15595000	      1558	80000df4	40845b13	srai	x22,x8,0x8	  x8:0xffffff95 x22=0xffffffff
       15605000	      1559	80000df8	ff214b03	lbu	x22,-14(x2)	  x2:0x80008d40 x22=0x000000e1 PA:0x80008d32
       15615000	      1560	80000dfc	0143cbb3	xor	x23,x7,x20	  x7:0xffffff95 x20:0x00003d17 x23=0xffffc282
       15625000	      1561	80000e00	00314803	lbu	x16,3(x2)	  x2:0x80008d40 x16=0x00000095 PA:0x80008d43
       15635000	      1562	00000000	00000013	addi	x0,x0,0	  x0:0x00000000
       15645000	      1563	80000e04	41065533	sra	x10,x12,x16	 x12:0x54000000 x16:0x00000095 x10=0x000002a0
       15655000	      1564	80000e08	0050a533	slt	x10,x1,x5	  x1:0x8000848d  x5:0xffffc57c x10=0x00000001
       15665000	      1565	80000e0c	00e34633	xor	x12,x6,x14	  x6:0xffffffce x14:0x00000093 x12=0xffffff5d
       15675000	      1566	80000e10	7879bc97	auipc	x25,0x7879b	 x25=0xf879be0c
       15685000	      1567	80000e14	00310883	lb	x17,3(x2)	  x2:0x80008d40 x17=0xffffff95 PA:0x80008d43
       15695000	      1568	80000e18	4131db13	srai	x22,x3,0x13	  x3:0x8000897d x22=0xfffff000
       15705000	      1569	80000e1c	ff111c23	sh	x17,-8(x2)	  x2:0x80008d40 x17:0xffffff95 PA:0x80008d38
       15715000	      1570	80000e20	00b10a03	lb	x20,11(x2)	  x2:0x80008d40 x20=0xffffff93 PA:0x80008d4b
       15725000	      1571	80000e24	00311823	sh	x3,16(x2)	  x2:0x80008d40  x3:0x8000897d PA:0x80008d50
       15735000	      1572	80000e28	00b14803	lbu	x16,11(x2)	  x2:0x80008d40 x16=0x00000093 PA:0x80008d4b
       15745000	      1573	80000e2c	00007117	auipc	x2,0x7	  x2=0x80007e28
       15755000	      1574	80000e30	3b610113	addi	x2,x2,950	  x2:0x80007e28  x2=0x800081de
       15765000	      1575	80000e34	ee5dfa93	andi	x21,x27,-283	 x27:0x00000000 x21=0x00000000
       15775000	      1576	80000e38	f5714903	lbu	x18,-169(x2)	  x2:0x800081de x18=0x0000001f PA:0x80008135
       15785000	      1577	80000e3c	158c2293	slti	x5,x24,344	 x24:0xffffffa0  x5=0x00000001
       15795000	      1578	80000e40	00000013	addi	x0,x0,0	  x0:0x00000000
       15805000	      1579	80000e44	013a86b3	add	x13,x21,x19	 x21:0x00000000 x19:0xfb0f8e3d x13=0xfb0f8e3d
       15815000	      1580	80000e48	41258933	sub	x18,x11,x18	 x11:0x00000019 x18:0x0000001f x18=0xfffffffa
       15825000	      1581	80000e4c	00000013	addi	x0,x0,0	  x0:0x00000000
       15835000	      1582	80000e50	04712923	sw	x7,82(x2)	  x2:0x800081de  x7:0xffffff95 PA:0x80008230
       15845000	      1583	80000e54	00ff1db3	sll	x27,x30,x15	 x30:0x000000a7 x15:0x80008fd5 x27=0x14e00000
       15855000	      1584	80000e58	0053cf33	xor	x30,x7,x5	  x7:0xffffff95  x5:0x00000001 x30=0xffffff94
       15865000	      1585	80000e5c	01d3fc33	and	x24,x7,x29	  x7:0xffffff95 x29:0x00000041 x24=0x00000001
       15875000	      1586	80000e60	f2514e03	lbu	x28,-219(x2)	  x2:0x800081de x28=0x000000cc PA:0x80008103
       15885000	      1587	80000e64	f56f2713	slti	x14,x30,-170	 x30:0xffffff94 x14=0x00000000
       15895000	      1588	80000e68	e2088b97	auipc	x23,0xe2088	 x23=0x62088e64
       15905000	      1589	80000e6c	0ab14503	lbu	x10,171(x2)	  x2:0x800081de x10=0x00000055 PA:0x80008289
       15915000	      1590	80000e70	0b35ed93	ori	x27,x11,179	 x11:0x00000019 x27=0x000000bb
       15925000	      1591	80000e74	2924c813	xori	x16,x9,658	  x9:0x80009f38 x16=0x80009daa
       15935000	      1592	80000e78	01c84d33	xor	x26,x16,x28	 x16:0x80009daa x28:0x000000cc x26=0x80009d66
       15945000	      1593	80000e7c	02914883	lbu	x17,41(x2)	  x2:0x800081de x17=0x0000005a PA:0x80008207
       15955000	      1594	80000e80	0be10e03	lb	x28,190(x2)	  x2:0x800081de x28=0xffffff81 PA:0x8000829c
       15965000	      1595	80000e84	0061c0b3	xor	x1,x3,x6	  x3:0x8000897d  x6:0xffffffce  x1=0x7fff76b3
       15975000	      1596	80000e88	01f22eb3	slt	x29,x4,x31	  x4:0x80009fc4 x31:0x00003961 x29=0x00000001
       15985000	      1597	80000e8c	fba12303	lw	x6,-70(x2)	  x2:0x800081de  x6=0x93ca432c PA:0x80008198
       15995000	      1598	80000e90	01c79713	slli	x14,x15,0x1c	 x15:0x80008fd5 x14=0x50000000
       16005000	      1599	80000e94	38df6337	lui	x6,0x38df6	  x6=0x38df6000
       16015000	      1600	80000e98	006b2e33	slt	x28,x22,x6	 x22:0xfffff000  x6:0x38df6000 x28=0x00000001
       16025000	      1601	80000e9c	05114283	lbu	x5,81(x2)	  x2:0x800081de  x5=0x0000005f PA:0x8000822f
       16035000	      1602	80000ea0	5496cf93	xori	x31,x13,1353	 x13:0xfb0f8e3d x31=0xfb0f8b74
       16045000	      1603	80000ea4	0c010fa3	sb	x0,223(x2)	  x2:0x800081de  x0:0x00000000 PA:0x800082bd
       16055000	      1604	80000ea8	fee12003	lw	x0,-18(x2)	  x2:0x800081de PA:0x800081cc
       16065000	      1605	80000eac	00007797	auipc	x15,0x7	 x15=0x80007ea8
       16075000	      1606	80000eb0	24f78793	addi	x15,x15,591	 x15:0x80007ea8 x15=0x800080f7
       16085000	      1607	80000eb4	3e978e23	sb	x9,1020(x15)	 x15:0x800080f7  x9:0x80009f38 PA:0x800084f3
       16095000	      1608	80000eb8	5f47c603	lbu	x12,1524(x15)	 x15:0x800080f7 x12=0x00000024 PA:0x800086eb
       16105000	      1609	80000ebc	027cce13	xori	x28,x25,39	 x25:0xf879be0c x28=0xf879be2b
       16115000	      1610	80000ec0	1c878823	sb	x8,464(x15)	 x15:0x800080f7  x8:0xffffff95 PA:0x800082c7
       16125000	      1611	80000ec4	21a78083	lb	x1,538(x15)	 x15:0x800080f7  x1=0x00000001 PA:0x80008311
       16135000	      1612	80000ec8	6eb78c83	lb	x25,1771(x15)	 x15:0x800080f7 x25=0xffffff97 PA:0x800087e2
       16145000	      1613	80000ecc	6eb7cc03	lbu	x24,1771(x15)	 x15:0x800080f7 x24=0x00000097 PA:0x800087e2
       16155000	      1614	80000ed0	00bb5713	srli	x14,x22,0xb	 x22:0xfffff000 x14=0x001ffffe
       16165000	      1615	80000ed4	01e79513	slli	x10,x15,0x1e	 x15:0x800080f7 x10=0xc0000000
       16175000	      1616	80000ed8	1d27ca03	lbu	x20,466(x15)	 x15:0x800080f7 x20=0x00000033 PA:0x800082c9
       16185000	      1617	80000edc	0066cab3	xor	x21,x13,x6	 x13:0xfb0f8e3d  x6:0x38df6000 x21=0xc3d0ee3d
       16195000	      1618	80000ee0	5737d903	lhu	x18,1395(x15)	 x15:0x800080f7 x18=0x000008d0 PA:0x8000866a
       16205000	      1619	80000ee4	fc978583	lb	x11,-55(x15)	 x15:0x800080f7 x11=0x00000066 PA:0x800080c0
       16215000	      1620	80000ee8	6ae7cd03	lbu	x26,1710(x15)	 x15:0x800080f7 x26=0x00000077 PA:0x800087a5
       16225000	      1621	80000eec	f9178603	lb	x12,-111(x15)	 x15:0x800080f7 x12=0x0000003d PA:0x80008088
       16235000	      1622	80000ef0	40375e93	srai	x29,x14,0x3	 x14:0x001ffffe x29=0x0003ffff
       16245000	      1623	80000ef4	f957a8a3	sw	x21,-111(x15)	 x15:0x800080f7 x21:0xc3d0ee3d PA:0x80008088
       16255000	      1624	80000ef8	24278e83	lb	x29,578(x15)	 x15:0x800080f7 x29=0x0000006c PA:0x80008339
       16265000	      1625	00000000	00000013	addi	x0,x0,0	  x0:0x00000000
       16275000	      1626	80000efc	01d38fb3	add	x31,x7,x29	  x7:0xffffff95 x29:0x0000006c x31=0x00000001
       16285000	      1627	80000f00	24278e03	lb	x28,578(x15)	 x15:0x800080f7 x28=0x0000006c PA:0x80008339
       16295000	      1628	80000f04	00008717	auipc	x14,0x8	 x14=0x80008f00
       16305000	      1629	80000f08	fc870713	addi	x14,x14,-56	 x14:0x80008f00 x14=0x80008ec8
       16315000	      1630	80000f0c	00008897	auipc	x17,0x8	 x17=0x80008f08
       16325000	      1631	80000f10	a4488893	addi	x17,x17,-1468	 x17:0x80008f08 x17=0x8000894c
       16335000	      1632	80000f14	00770d03	lb	x26,7(x14)	 x14:0x80008ec8 x26=0x00000056 PA:0x80008ecf
       16345000	      1633	80000f18	00008a17	auipc	x20,0x8	 x20=0x80008f14
       16355000	      1634	80000f1c	d54a0a13	addi	x20,x20,-684	 x20:0x80008f14 x20=0x80008c68
       16365000	      1635	80000f20	d9fa0ea3	sb	x31,-611(x20)	 x20:0x80008c68 x31:0x00000001 PA:0x80008a05
       16375000	      1636	80000f24	00008e97	auipc	x29,0x8	 x29=0x80008f20
       16385000	      1637	80000f28	941e8e93	addi	x29,x29,-1727	 x29:0x80008f20 x29=0x80008861
       16395000	      1638	80000f2c	00970783	lb	x15,9(x14)	 x14:0x80008ec8 x15=0xffffff92 PA:0x80008ed1
       16405000	      1639	80000f30	00988223	sb	x9,4(x17)	 x17:0x8000894c  x9:0x80009f38 PA:0x80008950
       16415000	      1640	80000f34	168a5383	lhu	x7,360(x20)	 x20:0x80008c68  x7=0x00006dd1 PA:0x80008dd0
       16425000	      1641	80000f38	00bec303	lbu	x6,11(x29)	 x29:0x80008861  x6=0x000000bf PA:0x8000886c
       16435000	      1642	80000f3c	0b1a2823	sw	x17,176(x20)	 x20:0x80008c68 x17:0x8000894c PA:0x80008d18
       16445000	      1643	80000f40	006887a3	sb	x6,15(x17)	 x17:0x8000894c  x6:0x000000bf PA:0x8000895b
       16455000	      1644	80000f44	ffc70c83	lb	x25,-4(x14)	 x14:0x80008ec8 x25=0xffffff92 PA:0x80008ec4
       16465000	      1645	80000f48	13fa1323	sh	x31,294(x20)	 x20:0x80008c68 x31:0x00000001 PA:0x80008d8e
       16475000	      1646	80000f4c	00008917	auipc	x18,0x8	 x18=0x80008f48
       16485000	      1647	80000f50	99790913	addi	x18,x18,-1641	 x18:0x80008f48 x18=0x800088df
       16495000	      1648	80000f54	360a1303	lh	x6,864(x20)	 x20:0x80008c68  x6=0x00001ac7 PA:0x80008fc8
       16505000	      1649	80000f58	ff671503	lh	x10,-10(x14)	 x14:0x80008ec8 x10=0xffff869c PA:0x80008ebe
       16515000	      1650	80000f5c	ffaec003	lbu	x0,-6(x29)	 x29:0x80008861 PA:0x8000885b
       16525000	      1651	80000f60	fde885a3	sb	x30,-53(x17)	 x17:0x8000894c x30:0xffffff94 PA:0x80008917
       16535000	      1652	80000f64	01be90a3	sh	x27,1(x29)	 x29:0x80008861 x27:0x000000bb PA:0x80008862
       16545000	      1653	80000f68	e30a1303	lh	x6,-464(x20)	 x20:0x80008c68  x6=0xffffa907 PA:0x80008a98
       16555000	      1654	80000f6c	ffbed403	lhu	x8,-5(x29)	 x29:0x80008861  x8=0x00007373 PA:0x8000885c
       16565000	      1655	00000000	00000013	addi	x0,x0,0	  x0:0x00000000
       16575000	      1656	80000f70	fe8928a3	sw	x8,-15(x18)	 x18:0x800088df  x8:0x00007373 PA:0x800088d0
       16585000	      1657	80000f74	fe489523	sh	x4,-22(x17)	 x17:0x8000894c  x4:0x80009fc4 PA:0x80008936
       16595000	      1658	80000f78	00791803	lh	x16,7(x18)	 x18:0x800088df x16=0x000027bf PA:0x800088e6
       16605000	      1659	80000f7c	d9ca1783	lh	x15,-612(x20)	 x20:0x80008c68 x15=0x000001ae PA:0x80008a04
       16615000	      1660	80000f80	02b8c603	lbu	x12,43(x17)	 x17:0x8000894c x12=0x00000099 PA:0x80008977
       16625000	      1661	80000f84	241a4103	lbu	x2,577(x20)	 x20:0x80008c68  x2=0x00000026 PA:0x80008ea9
       16635000	      1662	80000f88	00a8cd83	lbu	x27,10(x17)	 x17:0x8000894c x27=0x0000004b PA:0x80008956
       16645000	      1663	80000f8c	0a0a2b83	lw	x23,160(x20)	 x20:0x80008c68 x23=0x4a30ba6e PA:0x80008d08
       16655000	      1664	80000f90	ffcec183	lbu	x3,-4(x29)	 x29:0x80008861  x3=0x00000073 PA:0x8000885d
       16665000	      1665	80000f94	00a94683	lbu	x13,10(x18)	 x18:0x800088df x13=0x00000000 PA:0x800088e9
       16675000	      1666	80000f98	01d88b23	sb	x29,22(x17)	 x17:0x8000894c x29:0x80008861 PA:0x80008962
       16685000	      1667	80000f9c	00d94f03	lbu	x30,13(x18)	 x18:0x800088df x30=0x000000ee PA:0x800088ec
       16695000	      1668	80000fa0	010ea5a3	sw	x16,11(x29)	 x29:0x80008861 x16:0x000027bf PA:0x8000886c
       16705000	      1669	80000fa4	ffcecc83	lbu	x25,-4(x29)	 x29:0x80008861 x25=0x00000073 PA:0x8000885d
       16715000	      1670	80000fa8	ffb95803	lhu	x16,-5(x18)	 x18:0x800088df x16=0x0000e4c3 PA:0x800088da
       16725000	      1671	80000fac	ff774d83	lbu	x27,-9(x14)	 x14:0x80008ec8 x27=0x00000086 PA:0x80008ebf
       16735000	      1672	80000fb0	ff58c283	lbu	x5,-11(x17)	 x17:0x8000894c  x5=0x0000005a PA:0x80008941
       16745000	      1673	80000fb4	00275783	lhu	x15,2(x14)	 x14:0x80008ec8 x15=0x00007d43 PA:0x80008eca
       16755000	      1674	80000fb8	34ba1e23	sh	x11,860(x20)	 x20:0x80008c68 x11:0x00000066 PA:0x80008fc4
       16765000	      1675	80000fbc	ffcece03	lbu	x28,-4(x29)	 x29:0x80008861 x28=0x00000073 PA:0x8000885d
       16775000	      1676	80000fc0	03b8c803	lbu	x16,59(x17)	 x17:0x8000894c x16=0x00000053 PA:0x80008987
       16785000	      1677	80000fc4	00f90123	sb	x15,2(x18)	 x18:0x800088df x15:0x00007d43 PA:0x800088e1
       16795000	      1678	80000fc8	00008f17	auipc	x30,0x8	 x30=0x80008fc4
       16805000	      1679	80000fcc	021f0f13	addi	x30,x30,33	 x30:0x80008fc4 x30=0x80008fe5
       16815000	      1680	80000fd0	95bf14a3	sh	x27,-1719(x30)	 x30:0x80008fe5 x27:0x00000086 PA:0x8000892e
       16825000	      1681	80000fd4	901f5603	lhu	x12,-1791(x30)	 x30:0x80008fe5 x12=0x000027bf PA:0x800088e6
       16835000	      1682	80000fd8	2c66c637	lui	x12,0x2c66c	 x12=0x2c66c000
       16845000	      1683	80000fdc	b65e3393	sltiu	x7,x28,-1179	 x28:0x00000073  x7=0x00000001
       16855000	      1684	80000fe0	4011dc33	sra	x24,x3,x1	  x3:0x00000073  x1:0x00000001 x24=0x00000039
       16865000	      1685	80000fe4	40855d33	sra	x26,x10,x8	 x10:0xffff869c  x8:0x00007373 x26=0xffffffff
       16875000	      1686	80000fe8	00000013	addi	x0,x0,0	  x0:0x00000000
       16885000	      1687	80000fec	01e7a2b3	slt	x5,x15,x30	 x15:0x00007d43 x30:0x80008fe5  x5=0x00000000
       16895000	      1688	80000ff0	00532833	slt	x16,x6,x5	  x6:0xffffa907  x5:0x00000000 x16=0x00000001
       16905000	      1689	80000ff4	ab60cd17	auipc	x26,0xab60c	 x26=0x2b60cff0
       16915000	      1690	80000ff8	9f39f5b7	lui	x11,0x9f39f	 x11=0x9f39f000
       16925000	      1691	80000ffc	d4af27a3	sw	x10,-689(x30)	 x30:0x80008fe5 x10:0xffff869c PA:0x80008d34
       16935000	      1692	80001000	c46f4383	lbu	x7,-954(x30)	 x30:0x80008fe5  x7=0x000000d7 PA:0x80008c2b
       16945000	      1693	80001004	eeef0c03	lb	x24,-274(x30)	 x30:0x80008fe5 x24=0xffffff88 PA:0x80008ed3
       16955000	      1694	80001008	8dbf1a83	lh	x21,-1829(x30)	 x30:0x80008fe5 x21=0xffff950b PA:0x800088c0
       16965000	      1695	8000100c	a37f4183	lbu	x3,-1481(x30)	 x30:0x80008fe5  x3=0x000000b2 PA:0x80008a1c
       16975000	      1696	80001010	010cdd93	srli	x27,x25,0x10	 x25:0x00000073 x27=0x00000000
       16985000	      1697	80001014	01b152b3	srl	x5,x2,x27	  x2:0x00000026 x27:0x00000000  x5=0x00000026
       16995000	      1698	80001018	8acf0003	lb	x0,-1876(x30)	 x30:0x80008fe5 PA:0x80008891
       17005000	      1699	8000101c	31b04913	xori	x18,x0,795	  x0:0x00000000 x18=0x0000031b
       17015000	      1700	80001020	ef6f0603	lb	x12,-266(x30)	 x30:0x80008fe5 x12=0x0000001c PA:0x80008edb
       17025000	      1701	80001024	a19f0aa3	sb	x25,-1515(x30)	 x30:0x80008fe5 x25:0x00000073 PA:0x800089fa
       17035000	      1702	80001028	0047b0b3	sltu	x1,x15,x4	 x15:0x00007d43  x4:0x80009fc4  x1=0x00000001
       17045000	      1703	8000102c	00d5d713	srli	x14,x11,0xd	 x11:0x9f39f000 x14=0x0004f9cf
       17055000	      1704	80001030	a4df0b23	sb	x13,-1450(x30)	 x30:0x80008fe5 x13:0x00000000 PA:0x80008a3b
       17065000	      1705	80001034	00000013	addi	x0,x0,0	  x0:0x00000000
       17075000	      1706	80001038	ac7f0da3	sb	x7,-1317(x30)	 x30:0x80008fe5  x7:0x000000d7 PA:0x80008ac0
       17085000	      1707	8000103c	a0f24297	auipc	x5,0xa0f24	  x5=0x20f25038
       17095000	      1708	80001040	00000013	addi	x0,x0,0	  x0:0x00000000
       17105000	      1709	80001044	00c7a2b3	slt	x5,x15,x12	 x15:0x00007d43 x12:0x0000001c  x5=0x00000000
       17115000	      1710	80001048	a7df1583	lh	x11,-1411(x30)	 x30:0x80008fe5 x11=0x0000648e PA:0x80008a62
       17125000	      1711	8000104c	00c9b8b3	sltu	x17,x19,x12	 x19:0xfb0f8e3d x12:0x0000001c x17=0x00000000
       17135000	      1712	80001050	01909c13	slli	x24,x1,0x19	  x1:0x00000001 x24=0x02000000
       17145000	      1713	80001054	f15f27a3	sw	x21,-241(x30)	 x30:0x80008fe5 x21:0xffff950b PA:0x80008ef4
       17155000	      1714	80001058	015e78b3	and	x17,x28,x21	 x28:0x00000073 x21:0xffff950b x17=0x00000003
       17165000	      1715	8000105c	0140b633	sltu	x12,x1,x20	  x1:0x00000001 x20:0x80008c68 x12=0x00000001
       17175000	      1716	80001060	b4616313	ori	x6,x2,-1210	  x2:0x00000026  x6=0xfffffb66
       17185000	      1717	80001064	aa6f0da3	sb	x6,-1349(x30)	 x30:0x80008fe5  x6:0xfffffb66 PA:0x80008aa0
       17195000	      1718	80001068	dd1b4893	xori	x17,x22,-559	 x22:0xfffff000 x17=0x00000dd1
       17205000	      1719	8000106c	f7353a17	auipc	x20,0xf7353	 x20=0x77354068
       17215000	      1720	80001070	01411513	slli	x10,x2,0x14	  x2:0x00000026 x10=0x02600000
       17225000	      1721	80001074	0135a3b3	slt	x7,x11,x19	 x11:0x0000648e x19:0xfb0f8e3d  x7=0x00000000
       17235000	      1722	80001078	0045f633	and	x12,x11,x4	 x11:0x0000648e  x4:0x80009fc4 x12=0x00000484
       17245000	      1723	8000107c	ee0f0f83	lb	x31,-288(x30)	 x30:0x80008fe5 x31=0xffffffa7 PA:0x80008ec5
       17255000	      1724	80001080	a22dba13	sltiu	x20,x27,-1502	 x27:0x00000000 x20=0x00000001
       17265000	      1725	80001084	019113b3	sll	x7,x2,x25	  x2:0x00000026 x25:0x00000073  x7=0x01300000
       17275000	      1726	80001088	cb7f1a03	lh	x20,-841(x30)	 x30:0x80008fe5 x20=0xffffc9c8 PA:0x80008c9c
       17285000	      1727	8000108c	00008e97	auipc	x29,0x8	 x29=0x80009088
       17295000	      1728	80001090	f54e8e93	addi	x29,x29,-172	 x29:0x80009088 x29=0x80008fdc
       17305000	      1729	80001094	fd1e81a3	sb	x17,-61(x29)	 x29:0x80008fdc x17:0x00000dd1 PA:0x80008f9f
       17315000	      1730	80001098	00008a97	auipc	x21,0x8	 x21=0x80009094
       17325000	      1731	8000109c	a2ca8a93	addi	x21,x21,-1492	 x21:0x80009094 x21=0x80008ac0
       17335000	      1732	800010a0	016a8183	lb	x3,22(x21)	 x21:0x80008ac0  x3=0xffffffa2 PA:0x80008ad6
       17345000	      1733	800010a4	00008517	auipc	x10,0x8	 x10=0x800090a0
       17355000	      1734	800010a8	85450513	addi	x10,x10,-1964	 x10:0x800090a0 x10=0x800088f4
       17365000	      1735	800010ac	00ae8d83	lb	x27,10(x29)	 x29:0x80008fdc x27=0x0000002e PA:0x80008fe6
       17375000	      1736	800010b0	00008c17	auipc	x24,0x8	 x24=0x800090ac
       17385000	      1737	800010b4	b09c0c13	addi	x24,x24,-1271	 x24:0x800090ac x24=0x80008bb5
       17395000	      1738	800010b8	00008097	auipc	x1,0x8	  x1=0x800090b4
       17405000	      1739	800010bc	c4508093	addi	x1,x1,-955	  x1:0x800090b4  x1=0x80008cf9
       17415000	      1740	800010c0	02d08523	sb	x13,42(x1)	  x1:0x80008cf9 x13:0x00000000 PA:0x80008d23
       17425000	      1741	800010c4	03aa9a03	lh	x20,58(x21)	 x21:0x80008ac0 x20=0x00007849 PA:0x80008afa
       17435000	      1742	800010c8	fe0a8aa3	sb	x0,-11(x21)	 x21:0x80008ac0  x0:0x00000000 PA:0x80008ab5
       17445000	      1743	800010cc	f0fc29a3	sw	x15,-237(x24)	 x24:0x80008bb5 x15:0x00007d43 PA:0x80008ac8
       17455000	      1744	800010d0	033ac883	lbu	x17,51(x21)	 x21:0x80008ac0 x17=0x00000082 PA:0x80008af3
       17465000	      1745	800010d4	fc054c83	lbu	x25,-64(x10)	 x10:0x800088f4 x25=0x000000df PA:0x800088b4
       17475000	      1746	800010d8	092c4003	lbu	x0,146(x24)	 x24:0x80008bb5 PA:0x80008c47
       17485000	      1747	800010dc	f52c04a3	sb	x18,-183(x24)	 x24:0x80008bb5 x18:0x0000031b PA:0x80008afe
       17495000	      1748	800010e0	fd6e9923	sh	x22,-46(x29)	 x29:0x80008fdc x22:0xfffff000 PA:0x80008fae
       17505000	      1749	800010e4	fe852403	lw	x8,-24(x10)	 x10:0x800088f4  x8=0xa9ac988d PA:0x800088dc
       17515000	      1750	800010e8	01a51583	lh	x11,26(x10)	 x10:0x800088f4 x11=0x00007a68 PA:0x8000890e
       17525000	      1751	800010ec	00aa8b03	lb	x22,10(x21)	 x21:0x80008ac0 x22=0x00000000 PA:0x80008aca
       17535000	      1752	800010f0	03a0cf03	lbu	x30,58(x1)	  x1:0x80008cf9 x30=0x000000a4 PA:0x80008d33
       17545000	      1753	800010f4	000ede03	lhu	x28,0(x29)	 x29:0x80008fdc x28=0x0000028b PA:0x80008fdc
       17555000	      1754	800010f8	018a8fa3	sb	x24,31(x21)	 x21:0x80008ac0 x24:0x80008bb5 PA:0x80008adf
       17565000	      1755	800010fc	0d1c5e03	lhu	x28,209(x24)	 x24:0x80008bb5 x28=0x0000fbbf PA:0x80008c86
       17575000	      1756	80001100	fc6ea823	sw	x6,-48(x29)	 x29:0x80008fdc  x6:0xfffffb66 PA:0x80008fac
       17585000	      1757	80001104	fdb50603	lb	x12,-37(x10)	 x10:0x800088f4 x12=0x00000055 PA:0x800088cf
       17595000	      1758	80001108	008ad303	lhu	x6,8(x21)	 x21:0x80008ac0  x6=0x00007d43 PA:0x80008ac8
       17605000	      1759	8000110c	fcb08803	lb	x16,-53(x1)	  x1:0x80008cf9 x16=0xfffffff9 PA:0x80008cc4
       17615000	      1760	80001110	fcb08a03	lb	x20,-53(x1)	  x1:0x80008cf9 x20=0xfffffff9 PA:0x80008cc4
       17625000	      1761	80001114	ffd54103	lbu	x2,-3(x10)	 x10:0x800088f4  x2=0x000000bb PA:0x800088f1
       17635000	      1762	80001118	fdeedf03	lhu	x30,-34(x29)	 x29:0x80008fdc x30=0x00000dbe PA:0x80008fba
       17645000	      1763	8000111c	0b8c4303	lbu	x6,184(x24)	 x24:0x80008bb5  x6=0x000000c3 PA:0x80008c6d
       17655000	      1764	80001120	fcb0c903	lbu	x18,-53(x1)	  x1:0x80008cf9 x18=0x000000f9 PA:0x80008cc4
       17665000	      1765	80001124	016a8d83	lb	x27,22(x21)	 x21:0x80008ac0 x27=0xffffffa2 PA:0x80008ad6
       17675000	      1766	00000000	00000013	addi	x0,x0,0	  x0:0x00000000
       17685000	      1767	80001128	07bc0783	lb	x15,123(x24)	 x24:0x80008bb5 x15=0xffffffad PA:0x80008c30
       17695000	      1768	8000112c	fc4e8ea3	sb	x4,-35(x29)	 x29:0x80008fdc  x4:0x80009fc4 PA:0x80008fb9
       17705000	      1769	80001130	00008897	auipc	x17,0x8	 x17=0x8000912c
       17715000	      1770	80001134	c5488893	addi	x17,x17,-940	 x17:0x8000912c x17=0x80008d80
       17725000	      1771	80001138	08b88383	lb	x7,139(x17)	 x17:0x80008d80  x7=0x0000002d PA:0x80008e0b
       17735000	      1772	8000113c	6890fd13	andi	x26,x1,1673	  x1:0x80008cf9 x26=0x00000489
       17745000	      1773	80001140	3d5c4f13	xori	x30,x24,981	 x24:0x80008bb5 x30=0x80008860
       17755000	      1774	80001144	0de88223	sb	x30,196(x17)	 x17:0x80008d80 x30:0x80008860 PA:0x80008e44
       17765000	      1775	80001148	010fa0b3	slt	x1,x31,x16	 x31:0xffffffa7 x16:0xfffffff9  x1=0x00000001
       17775000	      1776	8000114c	417b0833	sub	x16,x22,x23	 x22:0x00000000 x23:0x4a30ba6e x16=0xb5cf4592
       17785000	      1777	80001150	01f32eb3	slt	x29,x6,x31	  x6:0x000000c3 x31:0xffffffa7 x29=0x00000000
       17795000	      1778	80001154	4185da33	sra	x20,x11,x24	 x11:0x00007a68 x24:0x80008bb5 x20=0x00000000
       17805000	      1779	80001158	01eb8133	add	x2,x23,x30	 x23:0x4a30ba6e x30:0x80008860  x2=0xca3142ce
       17815000	      1780	8000115c	00000013	addi	x0,x0,0	  x0:0x00000000
       17825000	      1781	80001160	41d00e33	sub	x28,x0,x29	  x0:0x00000000 x29:0x00000000 x28=0x00000000
       17835000	      1782	80001164	84ec8817	auipc	x16,0x84ec8	 x16=0x04ec9160
       17845000	      1783	80001168	0e48ac23	sw	x4,248(x17)	 x17:0x80008d80  x4:0x80009fc4 PA:0x80008e78
       17855000	      1784	8000116c	0d888523	sb	x24,202(x17)	 x17:0x80008d80 x24:0x80008bb5 PA:0x80008e4a
       17865000	      1785	80001170	0e689d23	sh	x6,250(x17)	 x17:0x80008d80  x6:0x000000c3 PA:0x80008e7a
       17875000	      1786	80001174	0318c303	lbu	x6,49(x17)	 x17:0x80008d80  x6=0x00000000 PA:0x80008db1
       17885000	      1787	80001178	075883a3	sb	x21,103(x17)	 x17:0x80008d80 x21:0x80008ac0 PA:0x80008de7
       17895000	      1788	8000117c	f4c8c703	lbu	x14,-180(x17)	 x17:0x80008d80 x14=0x000000ed PA:0x80008ccc
       17905000	      1789	80001180	f3388e83	lb	x29,-205(x17)	 x17:0x80008d80 x29=0xffffff98 PA:0x80008cb3
       17915000	      1790	80001184	8af28593	addi	x11,x5,-1873	  x5:0x00000000 x11=0xfffff8af
       17925000	      1791	80001188	dfc1c193	xori	x3,x3,-516	  x3:0xffffffa2  x3=0x0000025e
       17935000	      1792	8000118c	f4888403	lb	x8,-184(x17)	 x17:0x80008d80  x8=0x00000035 PA:0x80008cc8
       17945000	      1793	80001190	979bcb13	xori	x22,x23,-1671	 x23:0x4a30ba6e x22=0xb5cf4317
       17955000	      1794	80001194	80cd2a93	slti	x21,x26,-2036	 x26:0x00000489 x21=0x00000000
       17965000	      1795	80001198	70edad93	slti	x27,x27,1806	 x27:0xffffffa2 x27=0x00000001
       17975000	      1796	8000119c	f6689c23	sh	x6,-136(x17)	 x17:0x80008d80  x6:0x00000000 PA:0x80008cf8
       17985000	      1797	800011a0	f8988da3	sb	x9,-101(x17)	 x17:0x80008d80  x9:0x80009f38 PA:0x80008d1b
       17995000	      1798	800011a4	f0188403	lb	x8,-255(x17)	 x17:0x80008d80  x8=0x00000077 PA:0x80008c81
       18005000	      1799	800011a8	02a8aa23	sw	x10,52(x17)	 x17:0x80008d80 x10:0x800088f4 PA:0x80008db4
       18015000	      1800	800011ac	0b88c383	lbu	x7,184(x17)	 x17:0x80008d80  x7=0x00000039 PA:0x80008e38
       18025000	      1801	800011b0	f448dc03	lhu	x24,-188(x17)	 x17:0x80008d80 x24=0x0000cff9 PA:0x80008cc4
       18035000	      1802	800011b4	00cf56b3	srl	x13,x30,x12	 x30:0x80008860 x12:0x00000055 x13=0x00000400
       18045000	      1803	800011b8	a0b9d837	lui	x16,0xa0b9d	 x16=0xa0b9d000
       18055000	      1804	800011bc	01688d03	lb	x26,22(x17)	 x17:0x80008d80 x26=0xfffffffd PA:0x80008d96
       18065000	      1805	800011c0	f018cc83	lbu	x25,-255(x17)	 x17:0x80008d80 x25=0x00000077 PA:0x80008c81
       18075000	      1806	800011c4	0418c103	lbu	x2,65(x17)	 x17:0x80008d80  x2=0x000000b9 PA:0x80008dc1
       18085000	      1807	800011c8	05c8db83	lhu	x23,92(x17)	 x17:0x80008d80 x23=0x0000e19e PA:0x80008ddc
       18095000	      1808	800011cc	03b8cd83	lbu	x27,59(x17)	 x17:0x80008d80 x27=0x00000065 PA:0x80008dbb
       18105000	      1809	800011d0	0c988783	lb	x15,201(x17)	 x17:0x80008d80 x15=0xfffffff9 PA:0x80008e49
       18115000	      1810	800011d4	01f89a23	sh	x31,20(x17)	 x17:0x80008d80 x31:0xffffffa7 PA:0x80008d94
       18125000	      1811	800011d8	41c1db93	srai	x23,x3,0x1c	  x3:0x0000025e x23=0x00000000
       18135000	      1812	800011dc	f138c583	lbu	x11,-237(x17)	 x17:0x80008d80 x11=0x0000003d PA:0x80008c93
       18145000	      1813	800011e0	00007797	auipc	x15,0x7	 x15=0x800081dc
       18155000	      1814	800011e4	00f78793	addi	x15,x15,15	 x15:0x800081dc x15=0x800081eb
       18165000	      1815	800011e8	f4c7a6a3	sw	x12,-179(x15)	 x15:0x800081eb x12:0x00000055 PA:0x80008138
       18175000	      1816	800011ec	61d78f23	sb	x29,1566(x15)	 x15:0x800081eb x29:0xffffff98 PA:0x80008809
       18185000	      1817	800011f0	1597af83	lw	x31,345(x15)	 x15:0x800081eb x31=0x569f2b5b PA:0x80008344
       18195000	      1818	800011f4	4a478c83	lb	x25,1188(x15)	 x15:0x800081eb x25=0x0000007a PA:0x8000868f
       18205000	      1819	800011f8	00f7cd03	lbu	x26,15(x15)	 x15:0x800081eb x26=0x000000e5 PA:0x800081fa
       18215000	      1820	800011fc	0ad7ce83	lbu	x29,173(x15)	 x15:0x800081eb x29=0x0000005f PA:0x80008298
       18225000	      1821	80001200	ad5cb813	sltiu	x16,x25,-1323	 x25:0x0000007a x16=0x00000001
       18235000	      1822	80001204	57b79d03	lh	x26,1403(x15)	 x15:0x800081eb x26=0x00006807 PA:0x80008766
       18245000	      1823	80001208	f1478383	lb	x7,-236(x15)	 x15:0x800081eb  x7=0x00000019 PA:0x800080ff
       18255000	      1824	8000120c	5ee78803	lb	x16,1518(x15)	 x15:0x800081eb x16=0xffffff9f PA:0x800087d9
       18265000	      1825	80001210	5ee7ce03	lbu	x28,1518(x15)	 x15:0x800081eb x28=0x0000009f PA:0x800087d9
       18275000	      1826	80001214	5ee7c103	lbu	x2,1518(x15)	 x15:0x800081eb  x2=0x0000009f PA:0x800087d9
       18285000	      1827	00000000	00000013	addi	x0,x0,0	  x0:0x00000000
       18295000	      1828	80001218	3e278e83	lb	x29,994(x15)	 x15:0x800081eb x29=0xffffff9c PA:0x800085cd
       18305000	      1829	00000000	00000013	addi	x0,x0,0	  x0:0x00000000
       18315000	      1830	8000121c	4bd78303	lb	x6,1213(x15)	 x15:0x800081eb  x6=0x0000005b PA:0x800086a8
       18325000	      1831	80001220	00007897	auipc	x17,0x7	 x17=0x8000821c
       18335000	      1832	80001224	66e88893	addi	x17,x17,1646	 x17:0x8000821c x17=0x8000888a
       18345000	      1833	80001228	00008317	auipc	x6,0x8	  x6=0x80009224
       18355000	      1834	8000122c	cfe30313	addi	x6,x6,-770	  x6:0x80009224  x6=0x80008f22
       18365000	      1835	80001230	01930123	sb	x25,2(x6)	  x6:0x80008f22 x25:0x0000007a PA:0x80008f24
       18375000	      1836	80001234	00008617	auipc	x12,0x8	 x12=0x80009230
       18385000	      1837	80001238	cb160613	addi	x12,x12,-847	 x12:0x80009230 x12=0x80008ee1
       18395000	      1838	8000123c	ffb65b83	lhu	x23,-5(x12)	 x12:0x80008ee1 x23=0x0000c155 PA:0x80008edc
       18405000	      1839	80001240	ffc8d503	lhu	x10,-4(x17)	 x17:0x8000888a x10=0x00001bd6 PA:0x80008886
       18415000	      1840	80001244	01a616a3	sh	x26,13(x12)	 x12:0x80008ee1 x26:0x00006807 PA:0x80008eee
       18425000	      1841	80001248	fea309a3	sb	x10,-13(x6)	  x6:0x80008f22 x10:0x00001bd6 PA:0x80008f15
       18435000	      1842	8000124c	00d30903	lb	x18,13(x6)	  x6:0x80008f22 x18=0x00000053 PA:0x80008f2f
       18445000	      1843	80001250	ff560903	lb	x18,-11(x12)	 x12:0x80008ee1 x18=0x00000034 PA:0x80008ed6
       18455000	      1844	80001254	01034d83	lbu	x27,16(x6)	  x6:0x80008f22 x27=0x000000ab PA:0x80008f32
       18465000	      1845	80001258	ffd34c03	lbu	x24,-3(x6)	  x6:0x80008f22 x24=0x00000002 PA:0x80008f1f
       18475000	      1846	8000125c	01d882a3	sb	x29,5(x17)	 x17:0x8000888a x29:0xffffff9c PA:0x8000888f
       18485000	      1847	80001260	00235803	lhu	x16,2(x6)	  x6:0x80008f22 x16=0x0000127a PA:0x80008f24
       18495000	      1848	80001264	00c64a83	lbu	x21,12(x12)	 x12:0x80008ee1 x21=0x000000c1 PA:0x80008eed
       18505000	      1849	80001268	00b8cb83	lbu	x23,11(x17)	 x17:0x8000888a x23=0x000000b7 PA:0x80008895
       18515000	      1850	8000126c	00864783	lbu	x15,8(x12)	 x12:0x80008ee1 x15=0x000000d1 PA:0x80008ee9
       18525000	      1851	80001270	00e8a403	lw	x8,14(x17)	 x17:0x8000888a  x8=0x4afcd8d2 PA:0x80008898
       18535000	      1852	80001274	fee61ea3	sh	x14,-3(x12)	 x12:0x80008ee1 x14:0x000000ed PA:0x80008ede
       18545000	      1853	80001278	00d61183	lh	x3,13(x12)	 x12:0x80008ee1  x3=0x00006807 PA:0x80008eee
       18555000	      1854	8000127c	00530c03	lb	x24,5(x6)	  x6:0x80008f22 x24=0xfffffffa PA:0x80008f27
       18565000	      1855	80001280	ff464283	lbu	x5,-12(x12)	 x12:0x80008ee1  x5=0x00000069 PA:0x80008ed5
       18575000	      1856	80001284	ffc34183	lbu	x3,-4(x6)	  x6:0x80008f22  x3=0x000000dc PA:0x80008f1e
       18585000	      1857	80001288	ffe8c083	lbu	x1,-2(x17)	 x17:0x8000888a  x1=0x00000073 PA:0x80008888
       18595000	      1858	8000128c	01130123	sb	x17,2(x6)	  x6:0x80008f22 x17:0x8000888a PA:0x80008f24
       18605000	      1859	80001290	00007117	auipc	x2,0x7	  x2=0x8000828c
       18615000	      1860	80001294	f8510113	addi	x2,x2,-123	  x2:0x8000828c  x2=0x80008211
       18625000	      1861	80001298	fdd11e03	lh	x28,-35(x2)	  x2:0x80008211 x28=0xffffc558 PA:0x800081ee
       18635000	      1862	00000000	00000013	addi	x0,x0,0	  x0:0x00000000
       18645000	      1863	8000129c	01c10783	lb	x15,28(x2)	  x2:0x80008211 x15=0x0000003b PA:0x8000822d
       18655000	      1864	800012a0	00226a33	or	x20,x4,x2	  x4:0x80009fc4  x2:0x80008211 x20=0x80009fd5
       18665000	      1865	800012a4	ee23ee13	ori	x28,x7,-286	  x7:0x00000019 x28=0xfffffefb
       18675000	      1866	800012a8	94db76b7	lui	x13,0x94db7	 x13=0x94db7000
       18685000	      1867	800012ac	00e100a3	sb	x14,1(x2)	  x2:0x80008211 x14:0x000000ed PA:0x80008212
       18695000	      1868	800012b0	012110a3	sh	x18,1(x2)	  x2:0x80008211 x18:0x00000034 PA:0x80008212
       18705000	      1869	800012b4	406508b3	sub	x17,x10,x6	 x10:0x00001bd6  x6:0x80008f22 x17=0x7fff8cb4
       18715000	      1870	800012b8	40ced793	srai	x15,x29,0xc	 x29:0xffffff9c x15=0xffffffff
       18725000	      1871	800012bc	00795293	srli	x5,x18,0x7	 x18:0x00000034  x5=0x00000000
       18735000	      1872	800012c0	03915503	lhu	x10,57(x2)	  x2:0x80008211 x10=0x00004934 PA:0x8000824a
       18745000	      1873	800012c4	04010383	lb	x7,64(x2)	  x2:0x80008211  x7=0xffffffe6 PA:0x80008251
       18755000	      1874	800012c8	fff11283	lh	x5,-1(x2)	  x2:0x80008211  x5=0xffff8684 PA:0x80008210
       18765000	      1875	800012cc	fff15e03	lhu	x28,-1(x2)	  x2:0x80008211 x28=0x00008684 PA:0x80008210
       18775000	      1876	800012d0	00510da3	sb	x5,27(x2)	  x2:0x80008211  x5:0xffff8684 PA:0x8000822c
       18785000	      1877	800012d4	03b15f83	lhu	x31,59(x2)	  x2:0x80008211 x31=0x00005e21 PA:0x8000824c
       18795000	      1878	800012d8	fc111403	lh	x8,-63(x2)	  x2:0x80008211  x8=0xffffe014 PA:0x800081d2
       18805000	      1879	800012dc	fc114b83	lbu	x23,-63(x2)	  x2:0x80008211 x23=0x00000014 PA:0x800081d2
       18815000	      1880	800012e0	a0476f13	ori	x30,x14,-1532	 x14:0x000000ed x30=0xfffffaed
       18825000	      1881	800012e4	fc114683	lbu	x13,-63(x2)	  x2:0x80008211 x13=0x00000014 PA:0x800081d2
       18835000	      1882	800012e8	02110123	sb	x1,34(x2)	  x2:0x80008211  x1:0x00000073 PA:0x80008233
       18845000	      1883	800012ec	03a10083	lb	x1,58(x2)	  x2:0x80008211  x1=0x00000049 PA:0x8000824b
       18855000	      1884	800012f0	00007917	auipc	x18,0x7	 x18=0x800082ec
       18865000	      1885	800012f4	78f90913	addi	x18,x18,1935	 x18:0x800082ec x18=0x80008a7b
       18875000	      1886	800012f8	06094183	lbu	x3,96(x18)	 x18:0x80008a7b  x3=0x00000014 PA:0x80008adb
       18885000	      1887	800012fc	013ed333	srl	x6,x29,x19	 x29:0xffffff9c x19:0xfb0f8e3d  x6=0x00000007
       18895000	      1888	80001300	0d191d83	lh	x27,209(x18)	 x18:0x80008a7b x27=0xffffbed2 PA:0x80008b4c
       18905000	      1889	80001304	04e90223	sb	x14,68(x18)	 x18:0x80008a7b x14:0x000000ed PA:0x80008abf
       18915000	      1890	80001308	b912a113	slti	x2,x5,-1135	  x5:0xffff8684  x2=0x00000001
       18925000	      1891	8000130c	04494003	lbu	x0,68(x18)	 x18:0x80008a7b PA:0x80008abf
       18935000	      1892	80001310	40645eb3	sra	x29,x8,x6	  x8:0xffffe014  x6:0x00000007 x29=0xffffffc0
       18945000	      1893	80001314	04494083	lbu	x1,68(x18)	 x18:0x80008a7b  x1=0x000000ed PA:0x80008abf
       18955000	      1894	80001318	087909a3	sb	x7,147(x18)	 x18:0x80008a7b  x7:0xffffffe6 PA:0x80008b0e
       18965000	      1895	8000131c	09394a83	lbu	x21,147(x18)	 x18:0x80008a7b x21=0x000000e6 PA:0x80008b0e
       18975000	      1896	80001320	016b05b3	add	x11,x22,x22	 x22:0xb5cf4317 x22:0xb5cf4317 x11=0x6b9e862e
       18985000	      1897	80001324	09390c03	lb	x24,147(x18)	 x18:0x80008a7b x24=0xffffffe6 PA:0x80008b0e
       18995000	      1898	80001328	fa394683	lbu	x13,-93(x18)	 x18:0x80008a7b x13=0x000000ff PA:0x80008a1e
       19005000	      1899	8000132c	fa391503	lh	x10,-93(x18)	 x18:0x80008a7b x10=0xffffffff PA:0x80008a1e
       19015000	      1900	80001330	fa394403	lbu	x8,-93(x18)	 x18:0x80008a7b  x8=0x000000ff PA:0x80008a1e
       19025000	      1901	80001334	fa390683	lb	x13,-93(x18)	 x18:0x80008a7b x13=0xffffffff PA:0x80008a1e
       19035000	      1902	80001338	faf911a3	sh	x15,-93(x18)	 x18:0x80008a7b x15:0xffffffff PA:0x80008a1e
       19045000	      1903	8000133c	f8894783	lbu	x15,-120(x18)	 x18:0x80008a7b x15=0x00000005 PA:0x80008a03
       19055000	      1904	80001340	f8890e83	lb	x29,-120(x18)	 x18:0x80008a7b x29=0x00000005 PA:0x80008a03
       19065000	      1905	80001344	01c1bd93	sltiu	x27,x3,28	  x3:0x00000014 x27=0x00000001
       19075000	      1906	80001348	7ba7ce93	xori	x29,x15,1978	 x15:0x00000005 x29=0x000007bf
       19085000	      1907	8000134c	040c4463	blt	x24,x0,80001394	 x24:0xffffffe6  x0:0x00000000
       19095000	      1908	00000000	00000013	addi	x0,x0,0	  x0:0x00000000
       19105000	      1909	80001390	00000013	addi	x0,x0,0	  x0:0x00000000
       19115000	      1910	80001394	99c13b13	sltiu	x22,x2,-1636	  x2:0x00000001 x22=0x00000001
       19125000	      1911	80001398	00f27eb3	and	x29,x4,x15	  x4:0x80009fc4 x15:0x00000005 x29=0x00000004
       19135000	      1912	8000139c	41018db3	sub	x27,x3,x16	  x3:0x00000014 x16:0x0000127a x27=0xffffed9a
       19145000	      1913	800013a0	032afe63	bgeu	x21,x18,800013dc	 x21:0x000000e6 x18:0x80008a7b
       19155000	      1914	800013a4	59900a13	addi	x20,x0,1433	  x0:0x00000000 x20=0x00000599
       19165000	      1915	800013a8	030d5263	bge	x26,x16,800013cc	 x26:0x00006807 x16:0x0000127a
       19175000	      1916	00000000	00000013	addi	x0,x0,0	  x0:0x00000000
       19185000	      1917	800013c8	00000013	addi	x0,x0,0	  x0:0x00000000
       19195000	      1918	800013cc	40d45433	sra	x8,x8,x13	  x8:0x000000ff x13:0xffffffff  x8=0x00000000
       19205000	      1919	800013d0	04cbf063	bgeu	x23,x12,80001410	 x23:0x00000014 x12:0x80008ee1
       19215000	      1920	800013d4	001cd933	srl	x18,x25,x1	 x25:0x0000007a  x1:0x000000ed x18=0x00000000
       19225000	      1921	800013d8	33cb7313	andi	x6,x22,828	 x22:0x00000001  x6=0x00000000
       19235000	      1922	800013dc	00000013	addi	x0,x0,0	  x0:0x00000000
       19245000	      1923	800013e0	a83b3a93	sltiu	x21,x22,-1405	 x22:0x00000001 x21=0x00000001
       19255000	      1924	800013e4	71c87a93	andi	x21,x16,1820	 x16:0x0000127a x21=0x00000218
       19265000	      1925	800013e8	85b7fe93	andi	x29,x15,-1957	 x15:0x00000005 x29=0x00000001
       19275000	      1926	800013ec	01f4f2b3	and	x5,x9,x31	  x9:0x80009f38 x31:0x00005e21  x5=0x00001e20
       19285000	      1927	800013f0	187c3093	sltiu	x1,x24,391	 x24:0xffffffe6  x1=0x00000000
       19295000	      1928	800013f4	40320933	sub	x18,x4,x3	  x4:0x80009fc4  x3:0x00000014 x18=0x80009fb0
       19305000	      1929	800013f8	0129c7b3	xor	x15,x19,x18	 x19:0xfb0f8e3d x18:0x80009fb0 x15=0x7b0f118d
       19315000	      1930	800013fc	00000013	addi	x0,x0,0	  x0:0x00000000
       19325000	      1931	80001400	02a19263	bne	x3,x10,80001424	  x3:0x00000014 x10:0xffffffff
       19335000	      1932	00000000	00000013	addi	x0,x0,0	  x0:0x00000000
       19345000	      1933	80001420	00000013	addi	x0,x0,0	  x0:0x00000000
       19355000	      1934	80001424	0189c0b3	xor	x1,x19,x24	 x19:0xfb0f8e3d x24:0xffffffe6  x1=0x04f071db
       19365000	      1935	80001428	f9778313	addi	x6,x15,-105	 x15:0x7b0f118d  x6=0x7b0f1124
       19375000	      1936	8000142c	f6d9b5b7	lui	x11,0xf6d9b	 x11=0xf6d9b000
       19385000	      1937	80001430	00317e33	and	x28,x2,x3	  x2:0x00000001  x3:0x00000014 x28=0x00000000
       19395000	      1938	80001434	03061063	bne	x12,x16,80001454	 x12:0x80008ee1 x16:0x0000127a
       19405000	      1939	00000000	00000013	addi	x0,x0,0	  x0:0x00000000
       19415000	      1940	80001450	00000013	addi	x0,x0,0	  x0:0x00000000
       19425000	      1941	80001454	00fcaf33	slt	x30,x25,x15	 x25:0x0000007a x15:0x7b0f118d x30=0x00000001
       19435000	      1942	80001458	00d57d33	and	x26,x10,x13	 x10:0xffffffff x13:0xffffffff x26=0xffffffff
       19445000	      1943	8000145c	00514f33	xor	x30,x2,x5	  x2:0x00000001  x5:0x00001e20 x30=0x00001e21
       19455000	      1944	80001460	412350b3	sra	x1,x6,x18	  x6:0x7b0f1124 x18:0x80009fb0  x1=0x00007b0f
       19465000	      1945	80001464	010297b3	sll	x15,x5,x16	  x5:0x00001e20 x16:0x0000127a x15=0x80000000
       19475000	      1946	80001468	6649f513	andi	x10,x19,1636	 x19:0xfb0f8e3d x10=0x00000624
       19485000	      1947	8000146c	418cd533	sra	x10,x25,x24	 x25:0x0000007a x24:0xffffffe6 x10=0x00000001
       19495000	      1948	80001470	403355b3	sra	x11,x6,x3	  x6:0x7b0f1124  x3:0x00000014 x11=0x000007b0
       19505000	      1949	80001474	00189293	slli	x5,x17,0x1	 x17:0x7fff8cb4  x5=0xffff1968
       19515000	      1950	80001478	401d5693	srai	x13,x26,0x1	 x26:0xffffffff x13=0xffffffff
       19525000	      1951	8000147c	01129663	bne	x5,x17,80001488	  x5:0xffff1968 x17:0x7fff8cb4
       19535000	      1952	00000000	00000013	addi	x0,x0,0	  x0:0x00000000
       19545000	      1953	80001484	00000013	addi	x0,x0,0	  x0:0x00000000
       19555000	      1954	80001488	4d3ce413	ori	x8,x25,1235	 x25:0x0000007a  x8=0x000004fb
       19565000	      1955	8000148c	03bb7c63	bgeu	x22,x27,800014c4	 x22:0x00000001 x27:0xffffed9a
       19575000	      1956	80001490	00138033	add	x0,x7,x1	  x7:0xffffffe6  x1:0x00007b0f
       19585000	      1957	80001494	01151663	bne	x10,x17,800014a0	 x10:0x00000001 x17:0x7fff8cb4
       19595000	      1958	00000000	00000013	addi	x0,x0,0	  x0:0x00000000
       19605000	      1959	8000149c	00000013	addi	x0,x0,0	  x0:0x00000000
       19615000	      1960	800014a0	40385e13	srai	x28,x16,0x3	 x16:0x0000127a x28=0x0000024f
       19625000	      1961	800014a4	017b6033	or	x0,x22,x23	 x22:0x00000001 x23:0x00000014
       19635000	      1962	800014a8	e7cdbcb7	lui	x25,0xe7cdb	 x25=0xe7cdb000
       19645000	      1963	800014ac	002def33	or	x30,x27,x2	 x27:0xffffed9a  x2:0x00000001 x30=0xffffed9b
       19655000	      1964	800014b0	5ec9cc37	lui	x24,0x5ec9c	 x24=0x5ec9c000
       19665000	      1965	800014b4	00735513	srli	x10,x6,0x7	  x6:0x7b0f1124 x10=0x00f61e22
       19675000	      1966	800014b8	01bd76b3	and	x13,x26,x27	 x26:0xffffffff x27:0xffffed9a x13=0xffffed9a
       19685000	      1967	800014bc	013c22b3	slt	x5,x24,x19	 x24:0x5ec9c000 x19:0xfb0f8e3d  x5=0x00000000
       19695000	      1968	800014c0	0088d8b3	srl	x17,x17,x8	 x17:0x7fff8cb4  x8:0x000004fb x17=0x0000000f
       19705000	      1969	800014c4	00039c93	slli	x25,x7,0x0	  x7:0xffffffe6 x25=0xffffffe6
       19715000	      1970	800014c8	01226263	bltu	x4,x18,800014cc	  x4:0x80009fc4 x18:0x80009fb0
       19725000	      1971	800014cc	21e86a93	ori	x21,x16,542	 x16:0x0000127a x21=0x0000127e
       19735000	      1972	800014d0	29f86d13	ori	x26,x16,671	 x16:0x0000127a x26=0x000012ff
       19745000	      1973	800014d4	0051a833	slt	x16,x3,x5	  x3:0x00000014  x5:0x00000000 x16=0x00000000
       19755000	      1974	800014d8	8fdede37	lui	x28,0x8fded	 x28=0x8fded000
       19765000	      1975	800014dc	009a9eb3	sll	x29,x21,x9	 x21:0x0000127e  x9:0x80009f38 x29=0x7e000000
       19775000	      1976	800014e0	021b8863	beq	x23,x1,80001510	 x23:0x00000014  x1:0x00007b0f
       19785000	      1977	800014e4	4c4eb113	sltiu	x2,x29,1220	 x29:0x7e000000  x2=0x00000000
       19795000	      1978	800014e8	5a4327b7	lui	x15,0x5a432	 x15=0x5a432000
       19805000	      1979	800014ec	7f2f6413	ori	x8,x30,2034	 x30:0xffffed9b  x8=0xffffeffb
       19815000	      1980	800014f0	00000013	addi	x0,x0,0	  x0:0x00000000
       19825000	      1981	800014f4	01d8d193	srli	x3,x17,0x1d	 x17:0x0000000f  x3=0x00000000
       19835000	      1982	800014f8	010d8863	beq	x27,x16,80001508	 x27:0xffffed9a x16:0x00000000
       19845000	      1983	800014fc	4029d8b3	sra	x17,x19,x2	 x19:0xfb0f8e3d  x2:0x00000000 x17=0xfb0f8e3d
       19855000	      1984	80001500	2cadb313	sltiu	x6,x27,714	 x27:0xffffed9a  x6=0x00000000
       19865000	      1985	80001504	4155d433	sra	x8,x11,x21	 x11:0x000007b0 x21:0x0000127e  x8=0x00000000
       19875000	      1986	80001508	03674863	blt	x14,x22,80001538	 x14:0x000000ed x22:0x00000001
       19885000	      1987	8000150c	4060dd33	sra	x26,x1,x6	  x1:0x00007b0f  x6:0x00000000 x26=0x00007b0f
       19895000	      1988	80001510	00ad72b3	and	x5,x26,x10	 x26:0x00007b0f x10:0x00f61e22  x5=0x00001a02
       19905000	      1989	80001514	00000013	addi	x0,x0,0	  x0:0x00000000
       19915000	      1990	80001518	01545193	srli	x3,x8,0x15	  x8:0x00000000  x3=0x00000000
       19925000	      1991	8000151c	8343ad93	slti	x27,x7,-1996	  x7:0xffffffe6 x27=0x00000000
       19935000	      1992	80001520	01141193	slli	x3,x8,0x11	  x8:0x00000000  x3=0x00000000
       19945000	      1993	80001524	0156a6b3	slt	x13,x13,x21	 x13:0xffffed9a x21:0x0000127e x13=0x00000001
       19955000	      1994	80001528	606c2693	slti	x13,x24,1542	 x24:0x5ec9c000 x13=0x00000000
       19965000	      1995	8000152c	00b9b7b3	sltu	x15,x19,x11	 x19:0xfb0f8e3d x11:0x000007b0 x15=0x00000000
       19975000	      1996	80001530	03b7c863	blt	x15,x27,80001560	 x15:0x00000000 x27:0x00000000
       19985000	      1997	80001534	40d90b33	sub	x22,x18,x13	 x18:0x80009fb0 x13:0x00000000 x22=0x80009fb0
       19995000	      1998	80001538	15d78e13	addi	x28,x15,349	 x15:0x00000000 x28=0x0000015d
       20005000	      1999	8000153c	41cdd2b3	sra	x5,x27,x28	 x27:0x00000000 x28:0x0000015d  x5=0x00000000
       20015000	      2000	80001540	010fa1b3	slt	x3,x31,x16	 x31:0x00005e21 x16:0x00000000  x3=0x00000000
       20025000	      2001	80001544	05d5e263	bltu	x11,x29,80001588	 x11:0x000007b0 x29:0x7e000000
       20035000	      2002	00000000	00000013	addi	x0,x0,0	  x0:0x00000000
       20045000	      2003	80001584	00000013	addi	x0,x0,0	  x0:0x00000000
       20055000	      2004	80001588	012676b3	and	x13,x12,x18	 x12:0x80008ee1 x18:0x80009fb0 x13=0x80008ea0
       20065000	      2005	8000158c	00a8dd93	srli	x27,x17,0xa	 x17:0xfb0f8e3d x27=0x003ec3e3
       20075000	      2006	80001590	41fc5333	sra	x6,x24,x31	 x24:0x5ec9c000 x31:0x00005e21  x6=0x2f64e000
       20085000	      2007	80001594	403cd433	sra	x8,x25,x3	 x25:0xffffffe6  x3:0x00000000  x8=0xffffffe6
       20095000	      2008	80001598	a2578e93	addi	x29,x15,-1499	 x15:0x00000000 x29=0xfffffa25
       20105000	      2009	8000159c	da5de417	auipc	x8,0xda5de	  x8=0x5a5df598
       20115000	      2010	800015a0	abeb2f13	slti	x30,x22,-1346	 x22:0x80009fb0 x30=0x00000001
       20125000	      2011	800015a4	01c05bb3	srl	x23,x0,x28	  x0:0x00000000 x28:0x0000015d x23=0x00000000
       20135000	      2012	800015a8	01ccba93	sltiu	x21,x25,28	 x25:0xffffffe6 x21=0x00000000
       20145000	      2013	800015ac	009b3833	sltu	x16,x22,x9	 x22:0x80009fb0  x9:0x80009f38 x16=0x00000000
       20155000	      2014	800015b0	41bbde33	sra	x28,x23,x27	 x23:0x00000000 x27:0x003ec3e3 x28=0x00000000
       20165000	      2015	800015b4	00ca48b3	xor	x17,x20,x12	 x20:0x00000599 x12:0x80008ee1 x17=0x80008b78
       20175000	      2016	800015b8	41a75a33	sra	x20,x14,x26	 x14:0x000000ed x26:0x00007b0f x20=0x00000000
       20185000	      2017	800015bc	ad14f013	andi	x0,x9,-1327	  x9:0x80009f38
       20195000	      2018	800015c0	00da5c93	srli	x25,x20,0xd	 x20:0x00000000 x25=0x00000000
       20205000	      2019	800015c4	016c2c33	slt	x24,x24,x22	 x24:0x5ec9c000 x22:0x80009fb0 x24=0x00000000
       20215000	      2020	800015c8	00000013	addi	x0,x0,0	  x0:0x00000000
       20225000	      2021	800015cc	1abde893	ori	x17,x27,427	 x27:0x003ec3e3 x17=0x003ec3eb
       20235000	      2022	800015d0	00d44c63	blt	x8,x13,800015e8	  x8:0x5a5df598 x13:0x80008ea0
       20245000	      2023	800015d4	013bca63	blt	x23,x19,800015e8	 x23:0x00000000 x19:0xfb0f8e3d
       20255000	      2024	800015d8	01699933	sll	x18,x19,x22	 x19:0xfb0f8e3d x22:0x80009fb0 x18=0x8e3d0000
       20265000	      2025	800015dc	01063433	sltu	x8,x12,x16	 x12:0x80008ee1 x16:0x00000000  x8=0x00000000
       20275000	      2026	800015e0	01439193	slli	x3,x7,0x14	  x7:0xffffffe6  x3=0xfe600000
       20285000	      2027	800015e4	01dd4a63	blt	x26,x29,800015f8	 x26:0x00007b0f x29:0xfffffa25
       20295000	      2028	800015e8	415a5033	sra	x0,x20,x21	 x20:0x00000000 x21:0x00000000
       20305000	      2029	800015ec	018d9a33	sll	x20,x27,x24	 x27:0x003ec3e3 x24:0x00000000 x20=0x003ec3e3
       20315000	      2030	800015f0	0292e663	bltu	x5,x9,8000161c	  x5:0x00000000  x9:0x80009f38
       20325000	      2031	00000000	00000013	addi	x0,x0,0	  x0:0x00000000
       20335000	      2032	80001618	00000013	addi	x0,x0,0	  x0:0x00000000
       20345000	      2033	8000161c	a7bec5b7	lui	x11,0xa7bec	 x11=0xa7bec000
       20355000	      2034	80001620	4e882637	lui	x12,0x4e882	 x12=0x4e882000
       20365000	      2035	80001624	dcfc3c13	sltiu	x24,x24,-561	 x24:0x00000000 x24=0x00000001
       20375000	      2036	80001628	002b0d33	add	x26,x22,x2	 x22:0x80009fb0  x2:0x00000000 x26=0x80009fb0
       20385000	      2037	8000162c	40b0d0b3	sra	x1,x1,x11	  x1:0x00007b0f x11:0xa7bec000  x1=0x00007b0f
       20395000	      2038	80001630	002c9393	slli	x7,x25,0x2	 x25:0x00000000  x7=0x00000000
       20405000	      2039	80001634	41115f93	srai	x31,x2,0x11	  x2:0x00000000 x31=0x00000000
       20415000	      2040	80001638	0071d513	srli	x10,x3,0x7	  x3:0xfe600000 x10=0x01fcc000
       20425000	      2041	8000163c	00d715b3	sll	x11,x14,x13	 x14:0x000000ed x13:0x80008ea0 x11=0x000000ed
       20435000	      2042	80001640	01d23933	sltu	x18,x4,x29	  x4:0x80009fc4 x29:0xfffffa25 x18=0x00000001
       20445000	      2043	80001644	bbc2a113	slti	x2,x5,-1092	  x5:0x00000000  x2=0x00000000
       20455000	      2044	80001648	8d147013	andi	x0,x8,-1839	  x8:0x00000000
       20465000	      2045	8000164c	01594c63	blt	x18,x21,80001664	 x18:0x00000001 x21:0x00000000
       20475000	      2046	80001650	00749b93	slli	x23,x9,0x7	  x9:0x80009f38 x23=0x004f9c00
       20485000	      2047	80001654	418e83b3	sub	x7,x29,x24	 x29:0xfffffa25 x24:0x00000001  x7=0xfffffa24
       20495000	      2048	80001658	03328a63	beq	x5,x19,8000168c	  x5:0x00000000 x19:0xfb0f8e3d
       20505000	      2049	8000165c	01567e63	bgeu	x12,x21,80001678	 x12:0x4e882000 x21:0x00000000
       20515000	      2050	00000000	00000013	addi	x0,x0,0	  x0:0x00000000
       20525000	      2051	80001674	00000013	addi	x0,x0,0	  x0:0x00000000
       20535000	      2052	80001678	a07bff93	andi	x31,x23,-1529	 x23:0x004f9c00 x31=0x004f9800
       20545000	      2053	8000167c	3ddc0c93	addi	x25,x24,989	 x24:0x00000001 x25=0x000003de
       20555000	      2054	80001680	41395f13	srai	x30,x18,0x13	 x18:0x00000001 x30=0x00000000
       20565000	      2055	80001684	00d01a13	slli	x20,x0,0xd	  x0:0x00000000 x20=0x00000000
       20575000	      2056	80001688	cfaefb37	lui	x22,0xcfaef	 x22=0xcfaef000
       20585000	      2057	8000168c	3244cc13	xori	x24,x9,804	  x9:0x80009f38 x24=0x80009c1c
       20595000	      2058	80001690	fcabad13	slti	x26,x23,-54	 x23:0x004f9c00 x26=0x00000000
       20605000	      2059	80001694	01a88333	add	x6,x17,x26	 x17:0x003ec3eb x26:0x00000000  x6=0x003ec3eb
       20615000	      2060	80001698	007ffb33	and	x22,x31,x7	 x31:0x004f9800  x7:0xfffffa24 x22=0x004f9800
       20625000	      2061	8000169c	00cd20b3	slt	x1,x26,x12	 x26:0x00000000 x12:0x4e882000  x1=0x00000001
       20635000	      2062	800016a0	02eef863	bgeu	x29,x14,800016d0	 x29:0xfffffa25 x14:0x000000ed
       20645000	      2063	00000000	00000013	addi	x0,x0,0	  x0:0x00000000
       20655000	      2064	800016cc	00000013	addi	x0,x0,0	  x0:0x00000000
       20665000	      2065	800016d0	01f1b3b3	sltu	x7,x3,x31	  x3:0xfe600000 x31:0x004f9800  x7=0x00000000
       20675000	      2066	800016d4	00f66333	or	x6,x12,x15	 x12:0x4e882000 x15:0x00000000  x6=0x4e882000
       20685000	      2067	800016d8	011d3933	sltu	x18,x26,x17	 x26:0x00000000 x17:0x003ec3eb x18=0x00000001
       20695000	      2068	800016dc	005116b3	sll	x13,x2,x5	  x2:0x00000000  x5:0x00000000 x13=0x00000000
       20705000	      2069	800016e0	006b1333	sll	x6,x22,x6	 x22:0x004f9800  x6:0x4e882000  x6=0x004f9800
       20715000	      2070	800016e4	00000013	addi	x0,x0,0	  x0:0x00000000
       20725000	      2071	800016e8	0025de93	srli	x29,x11,0x2	 x11:0x000000ed x29=0x0000003b
       20735000	      2072	800016ec	40e9de93	srai	x29,x19,0xe	 x19:0xfb0f8e3d x29=0xffffec3e
       20745000	      2073	800016f0	66196d13	ori	x26,x18,1633	 x18:0x00000001 x26=0x00000661
       20755000	      2074	800016f4	4175d813	srai	x16,x11,0x17	 x11:0x000000ed x16=0x00000000
       20765000	      2075	800016f8	03d0ee63	bltu	x1,x29,80001734	  x1:0x00000001 x29:0xffffec3e
       20775000	      2076	00000000	00000013	addi	x0,x0,0	  x0:0x00000000
       20785000	      2077	80001730	00000013	addi	x0,x0,0	  x0:0x00000000
       20795000	      2078	80001734	114eb713	sltiu	x14,x29,276	 x29:0xffffec3e x14=0x00000000
       20805000	      2079	80001738	15f0a297	auipc	x5,0x15f0a	  x5=0x95f0b734
       20815000	      2080	8000173c	00000013	addi	x0,x0,0	  x0:0x00000000
       20825000	      2081	80001740	00dfdb33	srl	x22,x31,x13	 x31:0x004f9800 x13:0x00000000 x22=0x004f9800
       20835000	      2082	80001744	01e81813	slli	x16,x16,0x1e	 x16:0x00000000 x16=0x00000000
       20845000	      2083	80001748	03409863	bne	x1,x20,80001778	  x1:0x00000001 x20:0x00000000
       20855000	      2084	00000000	00000013	addi	x0,x0,0	  x0:0x00000000
       20865000	      2085	80001774	00000013	addi	x0,x0,0	  x0:0x00000000
       20875000	      2086	80001778	005a21b3	slt	x3,x20,x5	 x20:0x00000000  x5:0x95f0b734  x3=0x00000000
       20885000	      2087	8000177c	002af933	and	x18,x21,x2	 x21:0x00000000  x2:0x00000000 x18=0x00000000
       20895000	      2088	80001780	f7c52193	slti	x3,x10,-132	 x10:0x01fcc000  x3=0x00000000
       20905000	      2089	80001784	41cf5733	sra	x14,x30,x28	 x30:0x00000000 x28:0x00000000 x14=0x00000000
       20915000	      2090	80001788	014b77b3	and	x15,x22,x20	 x22:0x004f9800 x20:0x00000000 x15=0x00000000
       20925000	      2091	8000178c	017bceb7	lui	x29,0x17bc	 x29=0x017bc000
       20935000	      2092	80001790	01037863	bgeu	x6,x16,800017a0	  x6:0x004f9800 x16:0x00000000
       20945000	      2093	00000000	00000013	addi	x0,x0,0	  x0:0x00000000
       20955000	      2094	8000179c	00000013	addi	x0,x0,0	  x0:0x00000000
       20965000	      2095	800017a0	2de02513	slti	x10,x0,734	  x0:0x00000000 x10=0x00000001
       20975000	      2096	800017a4	03165c63	bge	x12,x17,800017dc	 x12:0x4e882000 x17:0x003ec3eb
       20985000	      2097	00000000	00000013	addi	x0,x0,0	  x0:0x00000000
       20995000	      2098	800017d8	00000013	addi	x0,x0,0	  x0:0x00000000
       21005000	      2099	800017dc	01022933	slt	x18,x4,x16	  x4:0x80009fc4 x16:0x00000000 x18=0x00000001
       21015000	      2100	800017e0	02b38263	beq	x7,x11,80001804	  x7:0x00000000 x11:0x000000ed
       21025000	      2101	800017e4	405ddfb3	sra	x31,x27,x5	 x27:0x003ec3e3  x5:0x95f0b734 x31=0x00000003
       21035000	      2102	800017e8	4559a013	slti	x0,x19,1109	 x19:0xfb0f8e3d
       21045000	      2103	800017ec	05b58063	beq	x11,x27,8000182c	 x11:0x000000ed x27:0x003ec3e3
       21055000	      2104	800017f0	01590933	add	x18,x18,x21	 x18:0x00000001 x21:0x00000000 x18=0x00000001
       21065000	      2105	800017f4	00234033	xor	x0,x6,x2	  x6:0x004f9800  x2:0x00000000
       21075000	      2106	800017f8	40995713	srai	x14,x18,0x9	 x18:0x00000001 x14=0x00000000
       21085000	      2107	800017fc	00000013	addi	x0,x0,0	  x0:0x00000000
       21095000	      2108	80001800	04d50063	beq	x10,x13,80001840	 x10:0x00000001 x13:0x00000000
       21105000	      2109	80001804	002e1193	slli	x3,x28,0x2	 x28:0x00000000  x3=0x00000000
       21115000	      2110	80001808	7c054a93	xori	x21,x10,1984	 x10:0x00000001 x21=0x000007c1
       21125000	      2111	8000180c	0154cb33	xor	x22,x9,x21	  x9:0x80009f38 x21:0x000007c1 x22=0x800098f9
       21135000	      2112	80001810	92d8af13	slti	x30,x17,-1747	 x17:0x003ec3eb x30=0x00000000
       21145000	      2113	80001814	00005393	srli	x7,x0,0x0	  x0:0x00000000  x7=0x00000000
       21155000	      2114	80001818	0156ebb3	or	x23,x13,x21	 x13:0x00000000 x21:0x000007c1 x23=0x000007c1
       21165000	      2115	8000181c	02b69a63	bne	x13,x11,80001850	 x13:0x00000000 x11:0x000000ed
       21175000	      2116	00000000	00000013	addi	x0,x0,0	  x0:0x00000000
       21185000	      2117	8000184c	00000013	addi	x0,x0,0	  x0:0x00000000
       21195000	      2118	80001850	00b4cfb3	xor	x31,x9,x11	  x9:0x80009f38 x11:0x000000ed x31=0x80009fd5
       21205000	      2119	80001854	0092bab3	sltu	x21,x5,x9	  x5:0x95f0b734  x9:0x80009f38 x21=0x00000000
       21215000	      2120	80001858	03ed9863	bne	x27,x30,80001888	 x27:0x003ec3e3 x30:0x00000000
       21225000	      2121	00000000	00000013	addi	x0,x0,0	  x0:0x00000000
       21235000	      2122	80001884	00000013	addi	x0,x0,0	  x0:0x00000000
       21245000	      2123	80001888	0197d263	bge	x15,x25,8000188c	 x15:0x00000000 x25:0x000003de
       21255000	      2124	8000188c	a4a37017	auipc	x0,0xa4a37	
       21265000	      2125	80001890	091f4b13	xori	x22,x30,145	 x30:0x00000000 x22=0x00000091
       21275000	      2126	80001894	00650c33	add	x24,x10,x6	 x10:0x00000001  x6:0x004f9800 x24=0x004f9801
       21285000	      2127	80001898	03387a63	bgeu	x16,x19,800018cc	 x16:0x00000000 x19:0xfb0f8e3d
       21295000	      2128	8000189c	41aa8db3	sub	x27,x21,x26	 x21:0x00000000 x26:0x00000661 x27=0xfffff99f
       21305000	      2129	800018a0	00735863	bge	x6,x7,800018b0	  x6:0x004f9800  x7:0x00000000
       21315000	      2130	00000000	00000013	addi	x0,x0,0	  x0:0x00000000
       21325000	      2131	800018ac	00000013	addi	x0,x0,0	  x0:0x00000000
       21335000	      2132	800018b0	04174463	blt	x14,x1,800018f8	 x14:0x00000000  x1:0x00000001
       21345000	      2133	00000000	00000013	addi	x0,x0,0	  x0:0x00000000
       21355000	      2134	800018f4	00000013	addi	x0,x0,0	  x0:0x00000000
       21365000	      2135	800018f8	00000013	addi	x0,x0,0	  x0:0x00000000
       21375000	      2136	800018fc	000d2ab3	slt	x21,x26,x0	 x26:0x00000661  x0:0x00000000 x21=0x00000000
       21385000	      2137	80001900	00000013	addi	x0,x0,0	  x0:0x00000000
       21395000	      2138	80001904	674bb8b7	lui	x17,0x674bb	 x17=0x674bb000
       21405000	      2139	80001908	0080e663	bltu	x1,x8,80001914	  x1:0x00000001  x8:0x00000000
       21415000	      2140	8000190c	a97e7cb7	lui	x25,0xa97e7	 x25=0xa97e7000
       21425000	      2141	80001910	01a2fd33	and	x26,x5,x26	  x5:0x95f0b734 x26:0x00000661 x26=0x00000620
       21435000	      2142	80001914	292df513	andi	x10,x27,658	 x27:0xfffff99f x10=0x00000092
       21445000	      2143	80001918	17bc7037	lui	x0,0x17bc7	
       21455000	      2144	8000191c	40eb0133	sub	x2,x22,x14	 x22:0x00000091 x14:0x00000000  x2=0x00000091
       21465000	      2145	80001920	f9842f13	slti	x30,x8,-104	  x8:0x00000000 x30=0x00000000
       21475000	      2146	80001924	00a51333	sll	x6,x10,x10	 x10:0x00000092 x10:0x00000092  x6=0x02480000
       21485000	      2147	80001928	01b7a0b3	slt	x1,x15,x27	 x15:0x00000000 x27:0xfffff99f  x1=0x00000000
       21495000	      2148	8000192c	0114c663	blt	x9,x17,80001938	  x9:0x80009f38 x17:0x674bb000
       21505000	      2149	00000000	00000013	addi	x0,x0,0	  x0:0x00000000
       21515000	      2150	80001934	00000013	addi	x0,x0,0	  x0:0x00000000
       21525000	      2151	80001938	a6233793	sltiu	x15,x6,-1438	  x6:0x02480000 x15=0x00000001
       21535000	      2152	8000193c	00c575b3	and	x11,x10,x12	 x10:0x00000092 x12:0x4e882000 x11=0x00000000
       21545000	      2153	80001940	40c35db3	sra	x27,x6,x12	  x6:0x02480000 x12:0x4e882000 x27=0x02480000
       21555000	      2154	80001944	001bd863	bge	x23,x1,80001954	 x23:0x000007c1  x1:0x00000000
       21565000	      2155	00000000	00000013	addi	x0,x0,0	  x0:0x00000000
       21575000	      2156	80001950	00000013	addi	x0,x0,0	  x0:0x00000000
       21585000	      2157	80001954	7bff7913	andi	x18,x30,1983	 x30:0x00000000 x18=0x00000000
       21595000	      2158	80001958	26e48f93	addi	x31,x9,622	  x9:0x80009f38 x31=0x8000a1a6
       21605000	      2159	8000195c	40e688b3	sub	x17,x13,x14	 x13:0x00000000 x14:0x00000000 x17=0x00000000
       21615000	      2160	80001960	77abf513	andi	x10,x23,1914	 x23:0x000007c1 x10=0x00000740
       21625000	      2161	80001964	0254c263	blt	x9,x5,80001988	  x9:0x80009f38  x5:0x95f0b734
       21635000	      2162	00000000	00000013	addi	x0,x0,0	  x0:0x00000000
       21645000	      2163	80001984	00000013	addi	x0,x0,0	  x0:0x00000000
       21655000	      2164	80001988	01bfe863	bltu	x31,x27,80001998	 x31:0x8000a1a6 x27:0x02480000
       21665000	      2165	8000198c	02faea63	bltu	x21,x15,800019c0	 x21:0x00000000 x15:0x00000001
       21675000	      2166	00000000	00000013	addi	x0,x0,0	  x0:0x00000000
       21685000	      2167	800019bc	00000013	addi	x0,x0,0	  x0:0x00000000
       21695000	      2168	800019c0	c953f0b7	lui	x1,0xc953f	  x1=0xc953f000
       21705000	      2169	800019c4	c6f0ab93	slti	x23,x1,-913	  x1:0xc953f000 x23=0x00000001
       21715000	      2170	800019c8	41c35833	sra	x16,x6,x28	  x6:0x02480000 x28:0x00000000 x16=0x02480000
       21725000	      2171	800019cc	40e70933	sub	x18,x14,x14	 x14:0x00000000 x14:0x00000000 x18=0x00000000
       21735000	      2172	800019d0	5a68ee17	auipc	x28,0x5a68e	 x28=0xda68f9cc
       21745000	      2173	800019d4	01eef933	and	x18,x29,x30	 x29:0x017bc000 x30:0x00000000 x18=0x00000000
       21755000	      2174	800019d8	0315d263	bge	x11,x17,800019fc	 x11:0x00000000 x17:0x00000000
       21765000	      2175	00000000	00000013	addi	x0,x0,0	  x0:0x00000000
       21775000	      2176	800019f8	00000013	addi	x0,x0,0	  x0:0x00000000
       21785000	      2177	800019fc	193eb713	sltiu	x14,x29,403	 x29:0x017bc000 x14=0x00000000
       21795000	      2178	80001a00	02a04863	blt	x0,x10,80001a30	  x0:0x00000000 x10:0x00000740
       21805000	      2179	00000000	00000013	addi	x0,x0,0	  x0:0x00000000
       21815000	      2180	80001a2c	00000013	addi	x0,x0,0	  x0:0x00000000
       21825000	      2181	80001a30	e7373513	sltiu	x10,x14,-397	 x14:0x00000000 x10=0x00000001
       21835000	      2182	80001a34	0128e5b3	or	x11,x17,x18	 x17:0x00000000 x18:0x00000000 x11=0x00000000
       21845000	      2183	80001a38	41f1dfb3	sra	x31,x3,x31	  x3:0x00000000 x31:0x8000a1a6 x31=0x00000000
       21855000	      2184	80001a3c	00ef5a63	bge	x30,x14,80001a50	 x30:0x00000000 x14:0x00000000
       21865000	      2185	00000000	00000013	addi	x0,x0,0	  x0:0x00000000
       21875000	      2186	80001a4c	00000013	addi	x0,x0,0	  x0:0x00000000
       21885000	      2187	80001a50	c30cc813	xori	x16,x25,-976	 x25:0xa97e7000 x16=0x56818c30
       21895000	      2188	80001a54	00b19093	slli	x1,x3,0xb	  x3:0x00000000  x1=0x00000000
       21905000	      2189	80001a58	5834f393	andi	x7,x9,1411	  x9:0x80009f38  x7=0x00000500
       21915000	      2190	80001a5c	008e3933	sltu	x18,x28,x8	 x28:0xda68f9cc  x8:0x00000000 x18=0x00000000
       21925000	      2191	80001a60	8f81cb13	xori	x22,x3,-1800	  x3:0x00000000 x22=0xfffff8f8
       21935000	      2192	80001a64	414cde33	sra	x28,x25,x20	 x25:0xa97e7000 x20:0x00000000 x28=0xa97e7000
       21945000	      2193	80001a68	018b4a33	xor	x20,x22,x24	 x22:0xfffff8f8 x24:0x004f9801 x20=0xffb060f9
       21955000	      2194	80001a6c	11b75263	bge	x14,x27,80001b70	 x14:0x00000000 x27:0x02480000
       21965000	      2195	80001a70	40fa8db3	sub	x27,x21,x15	 x21:0x00000000 x15:0x00000001 x27=0xffffffff
       21975000	      2196	80001a74	00007c17	auipc	x24,0x7	 x24=0x80008a70
       21985000	      2197	80001a78	99cc0c13	addi	x24,x24,-1636	 x24:0x80008a70 x24=0x8000840c
       21995000	      2198	80001a7c	405c2423	sw	x5,1032(x24)	 x24:0x8000840c  x5:0x95f0b734 PA:0x80008814
       22005000	      2199	80001a80	dd0c2883	lw	x17,-560(x24)	 x24:0x8000840c x17=0xb2346ca9 PA:0x800081dc
       22015000	      2200	80001a84	01d010b3	sll	x1,x0,x29	  x0:0x00000000 x29:0x017bc000  x1=0x00000000
       22025000	      2201	80001a88	f20c4083	lbu	x1,-224(x24)	 x24:0x8000840c  x1=0x00000012 PA:0x8000832c
       22035000	      2202	80001a8c	2aec1223	sh	x14,676(x24)	 x24:0x8000840c x14:0x00000000 PA:0x800086b0
       22045000	      2203	80001a90	e21c0083	lb	x1,-479(x24)	 x24:0x8000840c  x1=0x0000003b PA:0x8000822d
       22055000	      2204	80001a94	d06c4503	lbu	x10,-762(x24)	 x24:0x8000840c x10=0x00000043 PA:0x80008112
       22065000	      2205	80001a98	0037da33	srl	x20,x15,x3	 x15:0x00000001  x3:0x00000000 x20=0x00000001
       22075000	      2206	80001a9c	3af72093	slti	x1,x14,943	 x14:0x00000000  x1=0x00000001
       22085000	      2207	80001aa0	c66c4883	lbu	x17,-922(x24)	 x24:0x8000840c x17=0x0000003e PA:0x80008072
       22095000	      2208	80001aa4	1a9c0d83	lb	x27,425(x24)	 x24:0x8000840c x27=0x00000022 PA:0x800085b5
       22105000	      2209	80001aa8	32ec0903	lb	x18,814(x24)	 x24:0x8000840c x18=0xffffffb0 PA:0x8000873a
       22115000	      2210	80001aac	08bc0d03	lb	x26,139(x24)	 x24:0x8000840c x26=0x00000078 PA:0x80008497
       22125000	      2211	80001ab0	017b68b3	or	x17,x22,x23	 x22:0xfffff8f8 x23:0x00000001 x17=0xfffff8f9
       22135000	      2212	80001ab4	085c4683	lbu	x13,133(x24)	 x24:0x8000840c x13=0x0000008b PA:0x80008491
       22145000	      2213	80001ab8	00acd313	srli	x6,x25,0xa	 x25:0xa97e7000  x6=0x002a5f9c
       22155000	      2214	80001abc	41920d33	sub	x26,x4,x25	  x4:0x80009fc4 x25:0xa97e7000 x26=0xd6822fc4
       22165000	      2215	80001ac0	2d9c1623	sh	x25,716(x24)	 x24:0x8000840c x25:0xa97e7000 PA:0x800086d8
       22175000	      2216	80001ac4	d98c1e83	lh	x29,-616(x24)	 x24:0x8000840c x29=0xffffe39c PA:0x800081a4
       22185000	      2217	00000000	00000013	addi	x0,x0,0	  x0:0x00000000
       22195000	      2218	80001ac8	45d18c93	addi	x25,x3,1117	  x3:0x00000000 x25=0x0000045d
       22205000	      2219	80001acc	e4f30093	addi	x1,x6,-433	  x6:0x002a5f9c  x1=0x002a5deb
       22215000	      2220	80001ad0	00fc42b3	xor	x5,x24,x15	 x24:0x8000840c x15:0x00000001  x5=0x8000840d
       22225000	      2221	80001ad4	00772e33	slt	x28,x14,x7	 x14:0x00000000  x7:0x00000500 x28=0x00000001
       22235000	      2222	80001ad8	ba8ff013	andi	x0,x31,-1112	 x31:0x00000000
       22245000	      2223	80001adc	07ee0a93	addi	x21,x28,126	 x28:0x00000001 x21=0x0000007f
       22255000	      2224	80001ae0	41c98b33	sub	x22,x19,x28	 x19:0xfb0f8e3d x28:0x00000001 x22=0xfb0f8e3c
       22265000	      2225	80001ae4	0093eab3	or	x21,x7,x9	  x7:0x00000500  x9:0x80009f38 x21=0x80009f38
       22275000	      2226	80001ae8	cb8c1f83	lh	x31,-840(x24)	 x24:0x8000840c x31=0x00003774 PA:0x800080c4
       22285000	      2227	80001aec	17bc0b03	lb	x22,379(x24)	 x24:0x8000840c x22=0x00000012 PA:0x80008587
       22295000	      2228	80001af0	382c0603	lb	x12,898(x24)	 x24:0x8000840c x12=0xffffffb1 PA:0x8000878e
       22305000	      2229	80001af4	37cc0e03	lb	x28,892(x24)	 x24:0x8000840c x28=0xffffffb1 PA:0x80008788
       22315000	      2230	80001af8	00095d33	srl	x26,x18,x0	 x18:0xffffffb0  x0:0x00000000 x26=0xffffffb0
       22325000	      2231	80001afc	f2ac5603	lhu	x12,-214(x24)	 x24:0x8000840c x12=0x00000723 PA:0x80008336
       22335000	      2232	80001b00	ce8c0d03	lb	x26,-792(x24)	 x24:0x8000840c x26=0x0000004a PA:0x800080f4
       22345000	      2233	80001b04	cd3c4d83	lbu	x27,-813(x24)	 x24:0x8000840c x27=0x00000015 PA:0x800080df
       22355000	      2234	80001b08	30bc0783	lb	x15,779(x24)	 x24:0x8000840c x15=0x00000020 PA:0x80008717
       22365000	      2235	80001b0c	cc8c4b03	lbu	x22,-824(x24)	 x24:0x8000840c x22=0x000000bf PA:0x800080d4
       22375000	      2236	80001b10	d2cc0aa3	sb	x12,-715(x24)	 x24:0x8000840c x12:0x00000723 PA:0x80008141
       22385000	      2237	80001b14	00da8933	add	x18,x21,x13	 x21:0x80009f38 x13:0x0000008b x18=0x80009fc3
       22395000	      2238	80001b18	00000013	addi	x0,x0,0	  x0:0x00000000
       22405000	      2239	80001b1c	ff4c5903	lhu	x18,-12(x24)	 x24:0x8000840c x18=0x000079e7 PA:0x80008400
       22415000	      2240	80001b20	0a8c5b83	lhu	x23,168(x24)	 x24:0x8000840c x23=0x00005909 PA:0x800084b4
       22425000	      2241	80001b24	0048b833	sltu	x16,x17,x4	 x17:0xfffff8f9  x4:0x80009fc4 x16=0x00000000
       22435000	      2242	80001b28	018c56b3	srl	x13,x24,x24	 x24:0x8000840c x24:0x8000840c x13=0x00080008
       22445000	      2243	80001b2c	c3764f93	xori	x31,x12,-969	 x12:0x00000723 x31=0xfffffb14
       22455000	      2244	80001b30	010197b3	sll	x15,x3,x16	  x3:0x00000000 x16:0x00000000 x15=0x00000000
       22465000	      2245	80001b34	00000013	addi	x0,x0,0	  x0:0x00000000
       22475000	      2246	80001b38	42c43693	sltiu	x13,x8,1068	  x8:0x00000000 x13=0x00000001
       22485000	      2247	80001b3c	408c0333	sub	x6,x24,x8	 x24:0x8000840c  x8:0x00000000  x6=0x8000840c
       22495000	      2248	80001b40	019f8cb3	add	x25,x31,x25	 x31:0xfffffb14 x25:0x0000045d x25=0xffffff71
       22505000	      2249	80001b44	387c0ba3	sb	x7,919(x24)	 x24:0x8000840c  x7:0x00000500 PA:0x800087a3
       22515000	      2250	80001b48	febc02a3	sb	x11,-27(x24)	 x24:0x8000840c x11:0x00000000 PA:0x800083f1
       22525000	      2251	80001b4c	0050b733	sltu	x14,x1,x5	  x1:0x002a5deb  x5:0x8000840d x14=0x00000001
       22535000	      2252	80001b50	01539f33	sll	x30,x7,x21	  x7:0x00000500 x21:0x80009f38 x30=0x00000000
       22545000	      2253	80001b54	010febb3	or	x23,x31,x16	 x31:0xfffffb14 x16:0x00000000 x23=0xfffffb14
       22555000	      2254	80001b58	f2304413	xori	x8,x0,-221	  x0:0x00000000  x8=0xffffff23
       22565000	      2255	80001b5c	03ab0e63	beq	x22,x26,80001b98	 x22:0x000000bf x26:0x0000004a
       22575000	      2256	80001b60	02998263	beq	x19,x9,80001b84	 x19:0xfb0f8e3d  x9:0x80009f38
       22585000	      2257	80001b64	00000013	addi	x0,x0,0	  x0:0x00000000
       22595000	      2258	80001b68	00c55e63	bge	x10,x12,80001b84	 x10:0x00000043 x12:0x00000723
       22605000	      2259	80001b6c	41db8e33	sub	x28,x23,x29	 x23:0xfffffb14 x29:0xffffe39c x28=0x00001778
       22615000	      2260	80001b70	037a6a63	bltu	x20,x23,80001ba4	 x20:0x00000001 x23:0xfffffb14
       22625000	      2261	00000000	00000013	addi	x0,x0,0	  x0:0x00000000
       22635000	      2262	80001ba0	00000013	addi	x0,x0,0	  x0:0x00000000
       22645000	      2263	80001ba4	41ff8933	sub	x18,x31,x31	 x31:0xfffffb14 x31:0xfffffb14 x18=0x00000000
       22655000	      2264	80001ba8	00098c33	add	x24,x19,x0	 x19:0xfb0f8e3d  x0:0x00000000 x24=0xfb0f8e3d
       22665000	      2265	80001bac	00944933	xor	x18,x8,x9	  x8:0xffffff23  x9:0x80009f38 x18=0x7fff601b
       22675000	      2266	80001bb0	0ca56293	ori	x5,x10,202	 x10:0x00000043  x5=0x000000cb
       22685000	      2267	80001bb4	019f1613	slli	x12,x30,0x19	 x30:0x00000000 x12=0x00000000
       22695000	      2268	80001bb8	0153ec63	bltu	x7,x21,80001bd0	  x7:0x00000500 x21:0x80009f38
       22705000	      2269	00000000	00000013	addi	x0,x0,0	  x0:0x00000000
       22715000	      2270	80001bcc	00000013	addi	x0,x0,0	  x0:0x00000000
       22725000	      2271	80001bd0	05ab8463	beq	x23,x26,80001c18	 x23:0xfffffb14 x26:0x0000004a
       22735000	      2272	80001bd4	0050c133	xor	x2,x1,x5	  x1:0x002a5deb  x5:0x000000cb  x2=0x002a5d20
       22745000	      2273	80001bd8	004b9a63	bne	x23,x4,80001bec	 x23:0xfffffb14  x4:0x80009fc4
       22755000	      2274	00000000	00000013	addi	x0,x0,0	  x0:0x00000000
       22765000	      2275	80001be8	00000013	addi	x0,x0,0	  x0:0x00000000
       22775000	      2276	80001bec	007e4d33	xor	x26,x28,x7	 x28:0x00001778  x7:0x00000500 x26=0x00001278
       22785000	      2277	80001bf0	017b6e33	or	x28,x22,x23	 x22:0x000000bf x23:0xfffffb14 x28=0xfffffbbf
       22795000	      2278	80001bf4	013d6ab3	or	x21,x26,x19	 x26:0x00001278 x19:0xfb0f8e3d x21=0xfb0f9e7d
       22805000	      2279	80001bf8	91dc3f13	sltiu	x30,x24,-1763	 x24:0xfb0f8e3d x30=0x00000001
       22815000	      2280	80001bfc	05207063	bgeu	x0,x18,80001c3c	  x0:0x00000000 x18:0x7fff601b
       22825000	      2281	80001c00	0010d263	bge	x1,x1,80001c04	  x1:0x002a5deb  x1:0x002a5deb
       22835000	      2282	00000000	00000013	addi	x0,x0,0	  x0:0x00000000
       22845000	      2283	80001c00	00000013	addi	x0,x0,0	  x0:0x00000000
       22855000	      2284	80001c04	b8e32613	slti	x12,x6,-1138	  x6:0x8000840c x12=0x00000001
       22865000	      2285	80001c08	0486e463	bltu	x13,x8,80001c50	 x13:0x00000001  x8:0xffffff23
       22875000	      2286	00000000	00000013	addi	x0,x0,0	  x0:0x00000000
       22885000	      2287	80001c4c	00000013	addi	x0,x0,0	  x0:0x00000000
       22895000	      2288	80001c50	41065513	srai	x10,x12,0x10	 x12:0x00000001 x10=0x00000000
       22905000	      2289	80001c54	01985a93	srli	x21,x16,0x19	 x16:0x00000000 x21=0x00000000
       22915000	      2290	80001c58	00907663	bgeu	x0,x9,80001c64	  x0:0x00000000  x9:0x80009f38
       22925000	      2291	80001c5c	031b5863	bge	x22,x17,80001c8c	 x22:0x000000bf x17:0xfffff8f9
       22935000	      2292	00000000	00000013	addi	x0,x0,0	  x0:0x00000000
       22945000	      2293	80001c88	00000013	addi	x0,x0,0	  x0:0x00000000
       22955000	      2294	80001c8c	0080df93	srli	x31,x1,0x8	  x1:0x002a5deb x31=0x00002a5d
       22965000	      2295	80001c90	00c71293	slli	x5,x14,0xc	 x14:0x00000001  x5=0x00001000
       22975000	      2296	80001c94	043bf263	bgeu	x23,x3,80001cd8	 x23:0xfffffb14  x3:0x00000000
       22985000	      2297	00000000	00000013	addi	x0,x0,0	  x0:0x00000000
       22995000	      2298	80001cd4	00000013	addi	x0,x0,0	  x0:0x00000000
       23005000	      2299	80001cd8	0086d693	srli	x13,x13,0x8	 x13:0x00000001 x13=0x00000000
       23015000	      2300	80001cdc	00356733	or	x14,x10,x3	 x10:0x00000000  x3:0x00000000 x14=0x00000000
       23025000	      2301	80001ce0	00ed9e63	bne	x27,x14,80001cfc	 x27:0x00000015 x14:0x00000000
       23035000	      2302	00000000	00000013	addi	x0,x0,0	  x0:0x00000000
       23045000	      2303	80001cf8	00000013	addi	x0,x0,0	  x0:0x00000000
       23055000	      2304	80001cfc	00a3db33	srl	x22,x7,x10	  x7:0x00000500 x10:0x00000000 x22=0x00000500
       23065000	      2305	80001d00	4955f813	andi	x16,x11,1173	 x11:0x00000000 x16=0x00000000
       23075000	      2306	80001d04	d546ae93	slti	x29,x13,-684	 x13:0x00000000 x29=0x00000000
       23085000	      2307	80001d08	00192733	slt	x14,x18,x1	 x18:0x7fff601b  x1:0x002a5deb x14=0x00000000
       23095000	      2308	80001d0c	00d55393	srli	x7,x10,0xd	 x10:0x00000000  x7=0x00000000
       23105000	      2309	80001d10	00000013	addi	x0,x0,0	  x0:0x00000000
       23115000	      2310	80001d14	1312a393	slti	x7,x5,305	  x5:0x00001000  x7=0x00000000
       23125000	      2311	80001d18	00301e13	slli	x28,x0,0x3	  x0:0x00000000 x28=0x00000000
       23135000	      2312	80001d1c	61f0c913	xori	x18,x1,1567	  x1:0x002a5deb x18=0x002a5bf4
       23145000	      2313	80001d20	52c10a17	auipc	x20,0x52c10	 x20=0xd2c11d1c
       23155000	      2314	80001d24	00fd5293	srli	x5,x26,0xf	 x26:0x00001278  x5=0x00000000
       23165000	      2315	80001d28	0031fc33	and	x24,x3,x3	  x3:0x00000000  x3:0x00000000 x24=0x00000000
       23175000	      2316	80001d2c	6b17b913	sltiu	x18,x15,1713	 x15:0x00000000 x18=0x00000001
       23185000	      2317	80001d30	0cec4713	xori	x14,x24,206	 x24:0x00000000 x14=0x000000ce
       23195000	      2318	80001d34	01f0bab3	sltu	x21,x1,x31	  x1:0x002a5deb x31:0x00002a5d x21=0x00000000
       23205000	      2319	80001d38	010efb33	and	x22,x29,x16	 x29:0x00000000 x16:0x00000000 x22=0x00000000
       23215000	      2320	80001d3c	0122a933	slt	x18,x5,x18	  x5:0x00000000 x18:0x00000001 x18=0x00000001
       23225000	      2321	80001d40	04f31063	bne	x6,x15,80001d80	  x6:0x8000840c x15:0x00000000
       23235000	      2322	00000000	00000013	addi	x0,x0,0	  x0:0x00000000
       23245000	      2323	80001d7c	00000013	addi	x0,x0,0	  x0:0x00000000
       23255000	      2324	80001d80	00859413	slli	x8,x11,0x8	 x11:0x00000000  x8=0x00000000
       23265000	      2325	80001d84	4061df13	srai	x30,x3,0x6	  x3:0x00000000 x30=0x00000000
       23275000	      2326	80001d88	9379f313	andi	x6,x19,-1737	 x19:0xfb0f8e3d  x6=0xfb0f8835
       23285000	      2327	80001d8c	f8f2db97	auipc	x23,0xf8f2d	 x23=0x78f2ed88
       23295000	      2328	80001d90	30aaa093	slti	x1,x21,778	 x21:0x00000000  x1=0x00000001
       23305000	      2329	80001d94	a5e3c313	xori	x6,x7,-1442	  x7:0x00000000  x6=0xfffffa5e
       23315000	      2330	80001d98	406bda33	sra	x20,x23,x6	 x23:0x78f2ed88  x6:0xfffffa5e x20=0x00000001
       23325000	      2331	80001d9c	01b65a63	bge	x12,x27,80001db0	 x12:0x00000001 x27:0x00000015
       23335000	      2332	80001da0	00300833	add	x16,x0,x3	  x0:0x00000000  x3:0x00000000 x16=0x00000000
       23345000	      2333	80001da4	1ffa0c13	addi	x24,x20,511	 x20:0x00000001 x24=0x00000200
       23355000	      2334	80001da8	0149f3b3	and	x7,x19,x20	 x19:0xfb0f8e3d x20:0x00000001  x7=0x00000001
       23365000	      2335	80001dac	00f89db3	sll	x27,x17,x15	 x17:0xfffff8f9 x15:0x00000000 x27=0xfffff8f9
       23375000	      2336	80001db0	0055fe33	and	x28,x11,x5	 x11:0x00000000  x5:0x00000000 x28=0x00000000
       23385000	      2337	80001db4	0989fc13	andi	x24,x19,152	 x19:0xfb0f8e3d x24=0x00000018
       23395000	      2338	80001db8	dbebb393	sltiu	x7,x23,-578	 x23:0x78f2ed88  x7=0x00000001
       23405000	      2339	80001dbc	66da0293	addi	x5,x20,1645	 x20:0x00000001  x5=0x0000066e
       23415000	      2340	80001dc0	01191c13	slli	x24,x18,0x11	 x18:0x00000001 x24=0x00020000
       23425000	      2341	80001dc4	0019dcb3	srl	x25,x19,x1	 x19:0xfb0f8e3d  x1:0x00000001 x25=0x7d87c71e
       23435000	      2342	80001dc8	006e37b3	sltu	x15,x28,x6	 x28:0x00000000  x6:0xfffffa5e x15=0x00000001
       23445000	      2343	80001dcc	0010dc13	srli	x24,x1,0x1	  x1:0x00000001 x24=0x00000000
       23455000	      2344	80001dd0	410207b3	sub	x15,x4,x16	  x4:0x80009fc4 x16:0x00000000 x15=0x80009fc4
       23465000	      2345	80001dd4	402885b3	sub	x11,x17,x2	 x17:0xfffff8f9  x2:0x002a5d20 x11=0xffd59bd9
       23475000	      2346	80001dd8	1b640893	addi	x17,x8,438	  x8:0x00000000 x17=0x000001b6
       23485000	      2347	80001ddc	9a59eb13	ori	x22,x19,-1627	 x19:0xfb0f8e3d x22=0xffffffbd
       23495000	      2348	80001de0	056f7463	bgeu	x30,x22,80001e28	 x30:0x00000000 x22:0xffffffbd
       23505000	      2349	80001de4	3667ca37	lui	x20,0x3667c	 x20=0x3667c000
       23515000	      2350	80001de8	013c7863	bgeu	x24,x19,80001df8	 x24:0x00000000 x19:0xfb0f8e3d
       23525000	      2351	80001dec	0153d533	srl	x10,x7,x21	  x7:0x00000001 x21:0x00000000 x10=0x00000001
       23535000	      2352	80001df0	008de8b3	or	x17,x27,x8	 x27:0xfffff8f9  x8:0x00000000 x17=0xfffff8f9
       23545000	      2353	80001df4	551b6817	auipc	x16,0x551b6	 x16=0xd51b7df0
       23555000	      2354	80001df8	03a07c63	bgeu	x0,x26,80001e30	  x0:0x00000000 x26:0x00001278
       23565000	      2355	80001dfc	00315793	srli	x15,x2,0x3	  x2:0x002a5d20 x15=0x00054ba4
       23575000	      2356	80001e00	00bac033	xor	x0,x21,x11	 x21:0x00000000 x11:0xffd59bd9
       23585000	      2357	80001e04	41720d33	sub	x26,x4,x23	  x4:0x80009fc4 x23:0x78f2ed88 x26=0x070db23c
       23595000	      2358	80001e08	414352b3	sra	x5,x6,x20	  x6:0xfffffa5e x20:0x3667c000  x5=0xfffffa5e
       23605000	      2359	80001e0c	de9be713	ori	x14,x23,-535	 x23:0x78f2ed88 x14=0xfffffde9
       23615000	      2360	80001e10	01235f13	srli	x30,x6,0x12	  x6:0xfffffa5e x30=0x00003fff
       23625000	      2361	80001e14	00f78e63	beq	x15,x15,80001e30	 x15:0x00054ba4 x15:0x00054ba4
       23635000	      2362	00000000	00000013	addi	x0,x0,0	  x0:0x00000000
       23645000	      2363	80001e2c	00000013	addi	x0,x0,0	  x0:0x00000000
       23655000	      2364	80001e30	7c8dcc13	xori	x24,x27,1992	 x27:0xfffff8f9 x24=0xffffff31
       23665000	      2365	80001e34	0044aa03	lw	x20,4(x9)	  x9:0x80009f38 x20=0x80000990 PA:0x80009f3c
       23675000	      2366	80001e38	00e61193	slli	x3,x12,0xe	 x12:0x00000001  x3=0x00004000
       23685000	      2367	80001e3c	614d4e93	xori	x29,x26,1556	 x26:0x070db23c x29=0x070db428
       23695000	      2368	80001e40	01f14433	xor	x8,x2,x31	  x2:0x002a5d20 x31:0x00002a5d  x8=0x002a777d
       23705000	      2369	80001e44	02c48493	addi	x9,x9,44	  x9:0x80009f38  x9=0x80009f64
       23715000	      2370	80001e48	4b3ee813	ori	x16,x29,1203	 x29:0x070db428 x16=0x070db4bb
       23725000	      2371	80001e4c	a8cc7cb7	lui	x25,0xa8cc7	 x25=0xa8cc7000
       23735000	      2372	80001e50	db966f37	lui	x30,0xdb966	 x30=0xdb966000
       23745000	      2373	80001e54	da784617	auipc	x12,0xda784	 x12=0x5a785e50
       23755000	      2374	80001e58	000a0093	addi	x1,x20,0	 x20:0x80000990  x1=0x80000990
       23765000	      2375	80001e5c	000080e7	jalr	x1,x1,0	  x1:0x80000990  x1=0x80001e5c
       23775000	      2376	00000000	00000013	addi	x0,x0,0	  x0:0x00000000
       23785000	      2377	80000990	00000013	addi	x0,x0,0	  x0:0x00000000
       23795000	      2378	80000994	00000013	addi	x0,x0,0	  x0:0x00000000
       23805000	      2379	80000998	6e662393	slti	x7,x12,1766	 x12:0x5a785e50  x7=0x00000000
       23815000	      2380	8000099c	46773697	auipc	x13,0x46773	 x13=0xc6773998
       23825000	      2381	800009a0	009f9033	sll	x0,x31,x9	 x31:0x00002a5d  x9:0x80009f64
       23835000	      2382	800009a4	28e96013	ori	x0,x18,654	 x18:0x00000001
       23845000	      2383	800009a8	27153113	sltiu	x2,x10,625	 x10:0x00000001  x2=0x00000001
       23855000	      2384	800009ac	189df393	andi	x7,x27,393	 x27:0xfffff8f9  x7=0x00000089
       23865000	      2385	800009b0	ed4fbb93	sltiu	x23,x31,-300	 x31:0x00002a5d x23=0x00000001
       23875000	      2386	800009b4	00000013	addi	x0,x0,0	  x0:0x00000000
       23885000	      2387	800009b8	70e1ac37	lui	x24,0x70e1a	 x24=0x70e1a000
       23895000	      2388	800009bc	01f85c33	srl	x24,x16,x31	 x16:0x070db4bb x31:0x00002a5d x24=0x00000000
       23905000	      2389	800009c0	c6f10b37	lui	x22,0xc6f10	 x22=0xc6f10000
       23915000	      2390	800009c4	00a8cb33	xor	x22,x17,x10	 x17:0xfffff8f9 x10:0x00000001 x22=0xfffff8f8
       23925000	      2391	800009c8	00923433	sltu	x8,x4,x9	  x4:0x80009fc4  x9:0x80009f64  x8=0x00000000
       23935000	      2392	800009cc	01c87f33	and	x30,x16,x28	 x16:0x070db4bb x28:0x00000000 x30=0x00000000
       23945000	      2393	800009d0	01aa63b3	or	x7,x20,x26	 x20:0x80000990 x26:0x070db23c  x7=0x870dbbbc
       23955000	      2394	800009d4	86a2c693	xori	x13,x5,-1942	  x5:0xfffffa5e x13=0x00000234
       23965000	      2395	800009d8	7957b693	sltiu	x13,x15,1941	 x15:0x00054ba4 x13=0x00000000
       23975000	      2396	800009dc	04557663	bgeu	x10,x5,80000a28	 x10:0x00000001  x5:0xfffffa5e
       23985000	      2397	800009e0	2744fc93	andi	x25,x9,628	  x9:0x80009f64 x25=0x00000264
       23995000	      2398	800009e4	41c3da13	srai	x20,x7,0x1c	  x7:0x870dbbbc x20=0xfffffff8
       24005000	      2399	800009e8	032cea63	bltu	x25,x18,80000a1c	 x25:0x00000264 x18:0x00000001
       24015000	      2400	800009ec	03b6f663	bgeu	x13,x27,80000a18	 x13:0x00000000 x27:0xfffff8f9
       24025000	      2401	800009f0	40a10833	sub	x16,x2,x10	  x2:0x00000001 x10:0x00000001 x16=0x00000000
       24035000	      2402	800009f4	00707733	and	x14,x0,x7	  x0:0x00000000  x7:0x870dbbbc x14=0x00000000
       24045000	      2403	800009f8	af1f7693	andi	x13,x30,-1295	 x30:0x00000000 x13=0x00000000
       24055000	      2404	800009fc	007a5893	srli	x17,x20,0x7	 x20:0xfffffff8 x17=0x01ffffff
       24065000	      2405	80000a00	02a29463	bne	x5,x10,80000a28	  x5:0xfffffa5e x10:0x00000001
       24075000	      2406	00000000	00000013	addi	x0,x0,0	  x0:0x00000000
       24085000	      2407	80000a24	00000013	addi	x0,x0,0	  x0:0x00000000
       24095000	      2408	80000a28	00000013	addi	x0,x0,0	  x0:0x00000000
       24105000	      2409	80000a2c	002ddc93	srli	x25,x27,0x2	 x27:0xfffff8f9 x25=0x3ffffe3e
       24115000	      2410	80000a30	014966b3	or	x13,x18,x20	 x18:0x00000001 x20:0xfffffff8 x13=0xfffffff9
       24125000	      2411	80000a34	40b6d833	sra	x16,x13,x11	 x13:0xfffffff9 x11:0xffd59bd9 x16=0xffffffff
       24135000	      2412	80000a38	0058d633	srl	x12,x17,x5	 x17:0x01ffffff  x5:0xfffffa5e x12=0x00000000
       24145000	      2413	80000a3c	98510d93	addi	x27,x2,-1659	  x2:0x00000001 x27=0xfffff986
       24155000	      2414	80000a40	41ca8f33	sub	x30,x21,x28	 x21:0x00000000 x28:0x00000000 x30=0x00000000
       24165000	      2415	80000a44	01095b13	srli	x22,x18,0x10	 x18:0x00000001 x22=0x00000000
       24175000	      2416	80000a48	0441f063	bgeu	x3,x4,80000a88	  x3:0x00004000  x4:0x80009fc4
       24185000	      2417	80000a4c	ed3ee937	lui	x18,0xed3ee	 x18=0xed3ee000
       24195000	      2418	80000a50	be9cc093	xori	x1,x25,-1047	 x25:0x3ffffe3e  x1=0xc00005d7
       24205000	      2419	80000a54	01c7d3b7	lui	x7,0x1c7d	  x7=0x01c7d000
       24215000	      2420	80000a58	03ca5863	bge	x20,x28,80000a88	 x20:0xfffffff8 x28:0x00000000
       24225000	      2421	80000a5c	406adf33	sra	x30,x21,x6	 x21:0x00000000  x6:0xfffffa5e x30=0x00000000
       24235000	      2422	80000a60	00b61d33	sll	x26,x12,x11	 x12:0x00000000 x11:0xffd59bd9 x26=0x00000000
       24245000	      2423	80000a64	01740bb3	add	x23,x8,x23	  x8:0x00000000 x23:0x00000001 x23=0x00000001
       24255000	      2424	80000a68	03825063	bge	x4,x24,80000a88	  x4:0x80009fc4 x24:0x00000000
       24265000	      2425	80000a6c	0055e463	bltu	x11,x5,80000a74	 x11:0xffd59bd9  x5:0xfffffa5e
       24275000	      2426	00000000	00000013	addi	x0,x0,0	  x0:0x00000000
       24285000	      2427	80000a70	00000013	addi	x0,x0,0	  x0:0x00000000
       24295000	      2428	80000a74	00ac5263	bge	x24,x10,80000a78	 x24:0x00000000 x10:0x00000001
       24305000	      2429	80000a78	40dcd893	srai	x17,x25,0xd	 x25:0x3ffffe3e x17=0x0001ffff
       24315000	      2430	80000a7c	00000013	addi	x0,x0,0	  x0:0x00000000
       24325000	      2431	80000a80	01aedcb3	srl	x25,x29,x26	 x29:0x070db428 x26:0x00000000 x25=0x070db428
       24335000	      2432	80000a84	4089df13	srai	x30,x19,0x8	 x19:0xfb0f8e3d x30=0xfffb0f8e
       24345000	      2433	80000a88	011bd813	srli	x16,x23,0x11	 x23:0x00000001 x16=0x00000000
       24355000	      2434	80000a8c	0044aa03	lw	x20,4(x9)	  x9:0x80009f64 x20=0x80000460 PA:0x80009f68
       24365000	      2435	00000000	00000013	addi	x0,x0,0	  x0:0x00000000
       24375000	      2436	80000a90	004a3ab3	sltu	x21,x20,x4	 x20:0x80000460  x4:0x80009fc4 x21=0x00000001
       24385000	      2437	80000a94	02048493	addi	x9,x9,32	  x9:0x80009f64  x9=0x80009f84
       24395000	      2438	80000a98	01578733	add	x14,x15,x21	 x15:0x00054ba4 x21:0x00000001 x14=0x00054ba5
       24405000	      2439	80000a9c	b7fdd6b7	lui	x13,0xb7fdd	 x13=0xb7fdd000
       24415000	      2440	80000aa0	40e7d513	srai	x10,x15,0xe	 x15:0x00054ba4 x10=0x00000015
       24425000	      2441	80000aa4	79eea193	slti	x3,x29,1950	 x29:0x070db428  x3=0x00000000
       24435000	      2442	80000aa8	001a0393	addi	x7,x20,1	 x20:0x80000460  x7=0x80000461
       24445000	      2443	80000aac	000383e7	jalr	x7,x7,0	  x7:0x80000461  x7=0x80000aac
       24455000	      2444	00000000	00000013	addi	x0,x0,0	  x0:0x00000000
       24465000	      2445	80000460	00000013	addi	x0,x0,0	  x0:0x00000000
       24475000	      2446	80000464	51f26b13	ori	x22,x4,1311	  x4:0x80009fc4 x22=0x80009fdf
       24485000	      2447	80000468	00000013	addi	x0,x0,0	  x0:0x00000000
       24495000	      2448	8000046c	0155dc63	bge	x11,x21,80000484	 x11:0xffd59bd9 x21:0x00000001
       24505000	      2449	80000470	00e7f2b3	and	x5,x15,x14	 x15:0x00054ba4 x14:0x00054ba5  x5=0x00054ba4
       24515000	      2450	80000474	008ccd33	xor	x26,x25,x8	 x25:0x070db428  x8:0x00000000 x26=0x070db428
       24525000	      2451	80000478	00cb4b33	xor	x22,x22,x12	 x22:0x80009fdf x12:0x00000000 x22=0x80009fdf
       24535000	      2452	8000047c	8b424e13	xori	x28,x4,-1868	  x4:0x80009fc4 x28=0x7fff6770
       24545000	      2453	80000480	ccd8f413	andi	x8,x17,-819	 x17:0x0001ffff  x8=0x0001fccd
       24555000	      2454	80000484	02310463	beq	x2,x3,800004ac	  x2:0x00000001  x3:0x00000000
       24565000	      2455	80000488	7fc22813	slti	x16,x4,2044	  x4:0x80009fc4 x16=0x00000001
       24575000	      2456	8000048c	0399d263	bge	x19,x25,800004b0	 x19:0xfb0f8e3d x25:0x070db428
       24585000	      2457	80000490	025bc463	blt	x23,x5,800004b8	 x23:0x00000001  x5:0x00054ba4
       24595000	      2458	00000000	00000013	addi	x0,x0,0	  x0:0x00000000
       24605000	      2459	800004b4	00000013	addi	x0,x0,0	  x0:0x00000000
       24615000	      2460	800004b8	00131d93	slli	x27,x6,0x1	  x6:0xfffffa5e x27=0xfffff4bc
       24625000	      2461	800004bc	670ec913	xori	x18,x29,1648	 x29:0x070db428 x18=0x070db258
       24635000	      2462	800004c0	017bd263	bge	x23,x23,800004c4	 x23:0x00000001 x23:0x00000001
       24645000	      2463	00000000	00000013	addi	x0,x0,0	  x0:0x00000000
       24655000	      2464	800004c0	00000013	addi	x0,x0,0	  x0:0x00000000
       24665000	      2465	800004c4	01a96863	bltu	x18,x26,800004d4	 x18:0x070db258 x26:0x070db428
       24675000	      2466	00000000	00000013	addi	x0,x0,0	  x0:0x00000000
       24685000	      2467	800004d0	00000013	addi	x0,x0,0	  x0:0x00000000
       24695000	      2468	800004d4	006cec33	or	x24,x25,x6	 x25:0x070db428  x6:0xfffffa5e x24=0xfffffe7e
       24705000	      2469	800004d8	01d77eb3	and	x29,x14,x29	 x14:0x00054ba5 x29:0x070db428 x29=0x00050020
       24715000	      2470	800004dc	3bd1bf93	sltiu	x31,x3,957	  x3:0x00000000 x31=0x00000001
       24725000	      2471	800004e0	00967c33	and	x24,x12,x9	 x12:0x00000000  x9:0x80009f84 x24=0x00000000
       24735000	      2472	800004e4	4005dc13	srai	x24,x11,0x0	 x11:0xffd59bd9 x24=0xffd59bd9
       24745000	      2473	800004e8	00008117	auipc	x2,0x8	  x2=0x800084e4
       24755000	      2474	800004ec	bb010113	addi	x2,x2,-1104	  x2:0x800084e4  x2=0x80008094
       24765000	      2475	800004f0	fd114e83	lbu	x29,-47(x2)	  x2:0x80008094 x29=0x000000b4 PA:0x80008065
       24775000	      2476	800004f4	fdf10a83	lb	x21,-33(x2)	  x2:0x80008094 x21=0x00000075 PA:0x80008073
       24785000	      2477	800004f8	fdf10003	lb	x0,-33(x2)	  x2:0x80008094 PA:0x80008073
       24795000	      2478	800004fc	0147a7b3	slt	x15,x15,x20	 x15:0x00054ba4 x20:0x80000460 x15=0x00000000
       24805000	      2479	80000500	ffc15b03	lhu	x22,-4(x2)	  x2:0x80008094 x22=0x0000d40f PA:0x80008090
       24815000	      2480	80000504	726ee393	ori	x7,x29,1830	 x29:0x000000b4  x7=0x000007b6
       24825000	      2481	80000508	00010b83	lb	x23,0(x2)	  x2:0x80008094 x23=0xffffffad PA:0x80008094
       24835000	      2482	8000050c	00000013	addi	x0,x0,0	  x0:0x00000000
       24845000	      2483	80000510	fe914a83	lbu	x21,-23(x2)	  x2:0x80008094 x21=0x000000e0 PA:0x8000807d
       24855000	      2484	80000514	fe910803	lb	x16,-23(x2)	  x2:0x80008094 x16=0xffffffe0 PA:0x8000807d
       24865000	      2485	80000518	20537413	andi	x8,x6,517	  x6:0xfffffa5e  x8=0x00000204
       24875000	      2486	8000051c	01d10d83	lb	x27,29(x2)	  x2:0x80008094 x27=0x0000006c PA:0x800080b1
       24885000	      2487	80000520	00310ea3	sb	x3,29(x2)	  x2:0x80008094  x3:0x00000000 PA:0x800080b1
       24895000	      2488	80000524	01d10183	lb	x3,29(x2)	  x2:0x80008094  x3=0x00000000 PA:0x800080b1
       24905000	      2489	80000528	01d10283	lb	x5,29(x2)	  x2:0x80008094  x5=0x00000000 PA:0x800080b1
       24915000	      2490	8000052c	01d14c83	lbu	x25,29(x2)	  x2:0x80008094 x25=0x00000000 PA:0x800080b1
       24925000	      2491	00000000	00000013	addi	x0,x0,0	  x0:0x00000000
       24935000	      2492	80000530	01910ea3	sb	x25,29(x2)	  x2:0x80008094 x25:0x00000000 PA:0x800080b1
       24945000	      2493	80000534	01d14083	lbu	x1,29(x2)	  x2:0x80008094  x1=0x00000000 PA:0x800080b1
       24955000	      2494	80000538	01b10a03	lb	x20,27(x2)	  x2:0x80008094 x20=0xffffffea PA:0x800080af
       24965000	      2495	8000053c	01b14b03	lbu	x22,27(x2)	  x2:0x80008094 x22=0x000000ea PA:0x800080af
       24975000	      2496	80000540	ff314783	lbu	x15,-13(x2)	  x2:0x80008094 x15=0x000000e1 PA:0x80008087
       24985000	      2497	80000544	ffe109a3	sb	x30,-13(x2)	  x2:0x80008094 x30:0xfffb0f8e PA:0x80008087
       24995000	      2498	80000548	ffc109a3	sb	x28,-13(x2)	  x2:0x80008094 x28:0x7fff6770 PA:0x80008087
       25005000	      2499	8000054c	00256a33	or	x20,x10,x2	 x10:0x00000015  x2:0x80008094 x20=0x80008095
       25015000	      2500	80000550	000e0863	beq	x28,x0,80000560	 x28:0x7fff6770  x0:0x00000000
       25025000	      2501	80000554	00000013	addi	x0,x0,0	  x0:0x00000000
       25035000	      2502	80000558	0134e463	bltu	x9,x19,80000560	  x9:0x80009f84 x19:0xfb0f8e3d
       25045000	      2503	00000000	00000013	addi	x0,x0,0	  x0:0x00000000
       25055000	      2504	8000055c	00000013	addi	x0,x0,0	  x0:0x00000000
       25065000	      2505	80000560	01c10863	beq	x2,x28,80000570	  x2:0x80008094 x28:0x7fff6770
       25075000	      2506	80000564	00301a63	bne	x0,x3,80000578	  x0:0x00000000  x3:0x00000000
       25085000	      2507	80000568	0045c033	xor	x0,x11,x4	 x11:0xffd59bd9  x4:0x80009fc4
       25095000	      2508	8000056c	bb887813	andi	x16,x16,-1096	 x16:0xffffffe0 x16=0xfffffba0
       25105000	      2509	80000570	01737733	and	x14,x6,x23	  x6:0xfffffa5e x23:0xffffffad x14=0xfffffa0c
       25115000	      2510	80000574	00509fb3	sll	x31,x1,x5	  x1:0x00000000  x5:0x00000000 x31=0x00000000
       25125000	      2511	80000578	04997663	bgeu	x18,x9,800005c4	 x18:0x070db258  x9:0x80009f84
       25135000	      2512	8000057c	01697eb3	and	x29,x18,x22	 x18:0x070db258 x22:0x000000ea x29=0x00000048
       25145000	      2513	80000580	012b7463	bgeu	x22,x18,80000588	 x22:0x000000ea x18:0x070db258
       25155000	      2514	80000584	0105bdb3	sltu	x27,x11,x16	 x11:0xffd59bd9 x16:0xfffffba0 x27=0x00000001
       25165000	      2515	80000588	018c8463	beq	x25,x24,80000590	 x25:0x00000000 x24:0xffd59bd9
       25175000	      2516	8000058c	012bca63	blt	x23,x18,800005a0	 x23:0xffffffad x18:0x070db258
       25185000	      2517	00000000	00000013	addi	x0,x0,0	  x0:0x00000000
       25195000	      2518	8000059c	00000013	addi	x0,x0,0	  x0:0x00000000
       25205000	      2519	800005a0	0066d193	srli	x3,x13,0x6	 x13:0xb7fdd000  x3=0x02dff740
       25215000	      2520	800005a4	7c1ec317	auipc	x6,0x7c1ec	  x6=0xfc1ec5a0
       25225000	      2521	800005a8	7ce3c413	xori	x8,x7,1998	  x7:0x000007b6  x8=0x00000078
       25235000	      2522	800005ac	03c67263	bgeu	x12,x28,800005d0	 x12:0x00000000 x28:0x7fff6770
       25245000	      2523	800005b0	eee4bf13	sltiu	x30,x9,-274	  x9:0x80009f84 x30=0x00000001
       25255000	      2524	800005b4	01fe9313	slli	x6,x29,0x1f	 x29:0x00000048  x6=0x00000000
       25265000	      2525	800005b8	04f2d663	bge	x5,x15,80000604	  x5:0x00000000 x15:0x000000e1
       25275000	      2526	800005bc	00f31b13	slli	x22,x6,0xf	  x6:0x00000000 x22=0x00000000
       25285000	      2527	800005c0	00612cb3	slt	x25,x2,x6	  x2:0x80008094  x6:0x00000000 x25=0x00000001
       25295000	      2528	800005c4	004e1913	slli	x18,x28,0x4	 x28:0x7fff6770 x18=0xfff67700
       25305000	      2529	800005c8	0094d3b3	srl	x7,x9,x9	  x9:0x80009f84  x9:0x80009f84  x7=0x080009f8
       25315000	      2530	800005cc	01e3e663	bltu	x7,x30,800005d8	  x7:0x080009f8 x30:0x00000001
       25325000	      2531	800005d0	00d99733	sll	x14,x19,x13	 x19:0xfb0f8e3d x13:0xb7fdd000 x14=0xfb0f8e3d
       25335000	      2532	800005d4	f2334593	xori	x11,x6,-221	  x6:0x00000000 x11=0xffffff23
       25345000	      2533	800005d8	009d1433	sll	x8,x26,x9	 x26:0x070db428  x9:0x80009f84  x8=0x70db4280
       25355000	      2534	800005dc	00532b33	slt	x22,x6,x5	  x6:0x00000000  x5:0x00000000 x22=0x00000000
       25365000	      2535	800005e0	00000013	addi	x0,x0,0	  x0:0x00000000
       25375000	      2536	800005e4	000a9113	slli	x2,x21,0x0	 x21:0x000000e0  x2=0x000000e0
       25385000	      2537	800005e8	0190a8b3	slt	x17,x1,x25	  x1:0x00000000 x25:0x00000001 x17=0x00000001
       25395000	      2538	800005ec	ee0c6193	ori	x3,x24,-288	 x24:0xffd59bd9  x3=0xfffffff9
       25405000	      2539	800005f0	000987b3	add	x15,x19,x0	 x19:0xfb0f8e3d  x0:0x00000000 x15=0xfb0f8e3d
       25415000	      2540	800005f4	c202e893	ori	x17,x5,-992	  x5:0x00000000 x17=0xfffffc20
       25425000	      2541	800005f8	008ff133	and	x2,x31,x8	 x31:0x00000000  x8:0x70db4280  x2=0x00000000
       25435000	      2542	800005fc	01259a93	slli	x21,x11,0x12	 x11:0xffffff23 x21=0xfc8c0000
       25445000	      2543	80000600	d341c593	xori	x11,x3,-716	  x3:0xfffffff9 x11=0x000002cd
       25455000	      2544	80000604	40765333	sra	x6,x12,x7	 x12:0x00000000  x7:0x080009f8  x6=0x00000000
       25465000	      2545	80000608	98ba4093	xori	x1,x20,-1653	 x20:0x80008095  x1=0x7fff791e
       25475000	      2546	8000060c	4d670f17	auipc	x30,0x4d670	 x30=0xcd670608
       25485000	      2547	80000610	e65e7013	andi	x0,x28,-411	 x28:0x7fff6770
       25495000	      2548	80000614	297c0b93	addi	x23,x24,663	 x24:0xffd59bd9 x23=0xffd59e70
       25505000	      2549	80000618	00000013	addi	x0,x0,0	  x0:0x00000000
       25515000	      2550	8000061c	00ebd793	srli	x15,x23,0xe	 x23:0xffd59e70 x15=0x0003ff56
       25525000	      2551	80000620	0190da33	srl	x20,x1,x25	  x1:0x7fff791e x25:0x00000001 x20=0x3fffbc8f
       25535000	      2552	80000624	74cecb93	xori	x23,x29,1868	 x29:0x00000048 x23=0x00000704
       25545000	      2553	80000628	0186ceb3	xor	x29,x13,x24	 x13:0xb7fdd000 x24:0xffd59bd9 x29=0x48284bd9
       25555000	      2554	8000062c	f3132c93	slti	x25,x6,-207	  x6:0x00000000 x25=0x00000000
       25565000	      2555	80000630	44cfee97	auipc	x29,0x44cfe	 x29=0xc4cfe62c
       25575000	      2556	80000634	02e1f463	bgeu	x3,x14,8000065c	  x3:0xfffffff9 x14:0xfb0f8e3d
       25585000	      2557	00000000	00000013	addi	x0,x0,0	  x0:0x00000000
       25595000	      2558	80000658	00000013	addi	x0,x0,0	  x0:0x00000000
       25605000	      2559	8000065c	40055e33	sra	x28,x10,x0	 x10:0x00000015  x0:0x00000000 x28=0x00000015
       25615000	      2560	80000660	22026c13	ori	x24,x4,544	  x4:0x80009fc4 x24=0x80009fe4
       25625000	      2561	80000664	013b1393	slli	x7,x22,0x13	 x22:0x00000000  x7=0x00000000
       25635000	      2562	80000668	0051f1b3	and	x3,x3,x5	  x3:0xfffffff9  x5:0x00000000  x3=0x00000000
       25645000	      2563	8000066c	11404113	xori	x2,x0,276	  x0:0x00000000  x2=0x00000114
       25655000	      2564	80000670	03b19e63	bne	x3,x27,800006ac	  x3:0x00000000 x27:0x00000001
       25665000	      2565	00000000	00000013	addi	x0,x0,0	  x0:0x00000000
       25675000	      2566	800006a8	00000013	addi	x0,x0,0	  x0:0x00000000
       25685000	      2567	800006ac	b6b68c93	addi	x25,x13,-1173	 x13:0xb7fdd000 x25=0xb7fdcb6b
       25695000	      2568	800006b0	00e2fd33	and	x26,x5,x14	  x5:0x00000000 x14:0xfb0f8e3d x26=0x00000000
       25705000	      2569	800006b4	010ad863	bge	x21,x16,800006c4	 x21:0xfc8c0000 x16:0xfffffba0
       25715000	      2570	800006b8	4e7a2713	slti	x14,x20,1255	 x20:0x3fffbc8f x14=0x00000000
       25725000	      2571	800006bc	00ea7663	bgeu	x20,x14,800006c8	 x20:0x3fffbc8f x14:0x00000000
       25735000	      2572	00000000	00000013	addi	x0,x0,0	  x0:0x00000000
       25745000	      2573	800006c4	00000013	addi	x0,x0,0	  x0:0x00000000
       25755000	      2574	800006c8	e19b8cb7	lui	x25,0xe19b8	 x25=0xe19b8000
       25765000	      2575	800006cc	e243ba13	sltiu	x20,x7,-476	  x7:0x00000000 x20=0x00000001
       25775000	      2576	800006d0	015fda63	bge	x31,x21,800006e4	 x31:0x00000000 x21:0xfc8c0000
       25785000	      2577	00000000	00000013	addi	x0,x0,0	  x0:0x00000000
       25795000	      2578	800006e0	00000013	addi	x0,x0,0	  x0:0x00000000
       25805000	      2579	800006e4	c9c6ba13	sltiu	x20,x13,-868	 x13:0xb7fdd000 x20=0x00000001
       25815000	      2580	800006e8	00609593	slli	x11,x1,0x6	  x1:0x7fff791e x11=0xffde4780
       25825000	      2581	800006ec	b27e9897	auipc	x17,0xb27e9	 x17=0x327e96e8
       25835000	      2582	800006f0	00fc1013	slli	x0,x24,0xf	 x24:0x80009fe4
       25845000	      2583	800006f4	41ed5093	srai	x1,x26,0x1e	 x26:0x00000000  x1=0x00000000
       25855000	      2584	800006f8	48a62537	lui	x10,0x48a62	 x10=0x48a62000
       25865000	      2585	800006fc	0157e033	or	x0,x15,x21	 x15:0x0003ff56 x21:0xfc8c0000
       25875000	      2586	80000700	00fdb6b3	sltu	x13,x27,x15	 x27:0x00000001 x15:0x0003ff56 x13=0x00000001
       25885000	      2587	80000704	0208dc63	bge	x17,x0,8000073c	 x17:0x327e96e8  x0:0x00000000
       25895000	      2588	00000000	00000013	addi	x0,x0,0	  x0:0x00000000
       25905000	      2589	80000738	00000013	addi	x0,x0,0	  x0:0x00000000
       25915000	      2590	8000073c	414b8db3	sub	x27,x23,x20	 x23:0x00000704 x20:0x00000001 x27=0x00000703
       25925000	      2591	80000740	b4f90093	addi	x1,x18,-1201	 x18:0xfff67700  x1=0xfff6724f
       25935000	      2592	80000744	40b25393	srai	x7,x4,0xb	  x4:0x80009fc4  x7=0xfff00013
       25945000	      2593	80000748	013cee63	bltu	x25,x19,80000764	 x25:0xe19b8000 x19:0xfb0f8e3d
       25955000	      2594	00000000	00000013	addi	x0,x0,0	  x0:0x00000000
       25965000	      2595	80000760	00000013	addi	x0,x0,0	  x0:0x00000000
       25975000	      2596	80000764	f3a6f313	andi	x6,x13,-198	 x13:0x00000001  x6=0x00000000
       25985000	      2597	80000768	03731e63	bne	x6,x23,800007a4	  x6:0x00000000 x23:0x00000704
       25995000	      2598	00000000	00000013	addi	x0,x0,0	  x0:0x00000000
       26005000	      2599	800007a0	00000013	addi	x0,x0,0	  x0:0x00000000
       26015000	      2600	800007a4	01554933	xor	x18,x10,x21	 x10:0x48a62000 x21:0xfc8c0000 x18=0xb42a2000
       26025000	      2601	800007a8	00000013	addi	x0,x0,0	  x0:0x00000000
       26035000	      2602	800007ac	01369f13	slli	x30,x13,0x13	 x13:0x00000001 x30=0x00080000
       26045000	      2603	800007b0	00c56a33	or	x20,x10,x12	 x10:0x48a62000 x12:0x00000000 x20=0x48a62000
       26055000	      2604	800007b4	5838c513	xori	x10,x17,1411	 x17:0x327e96e8 x10=0x327e936b
       26065000	      2605	800007b8	00826fb3	or	x31,x4,x8	  x4:0x80009fc4  x8:0x70db4280 x31=0xf0dbdfc4
       26075000	      2606	800007bc	01efcc63	blt	x31,x30,800007d4	 x31:0xf0dbdfc4 x30:0x00080000
       26085000	      2607	00000000	00000013	addi	x0,x0,0	  x0:0x00000000
       26095000	      2608	800007d0	00000013	addi	x0,x0,0	  x0:0x00000000
       26105000	      2609	800007d4	018a5413	srli	x8,x20,0x18	 x20:0x48a62000  x8=0x00000048
       26115000	      2610	800007d8	0102e463	bltu	x5,x16,800007e0	  x5:0x00000000 x16:0xfffffba0
       26125000	      2611	00000000	00000013	addi	x0,x0,0	  x0:0x00000000
       26135000	      2612	800007dc	00000013	addi	x0,x0,0	  x0:0x00000000
       26145000	      2613	800007e0	01210463	beq	x2,x18,800007e8	  x2:0x00000114 x18:0xb42a2000
       26155000	      2614	800007e4	01a601b3	add	x3,x12,x26	 x12:0x00000000 x26:0x00000000  x3=0x00000000
       26165000	      2615	800007e8	1b396013	ori	x0,x18,435	 x18:0xb42a2000
       26175000	      2616	800007ec	9c2a8f93	addi	x31,x21,-1598	 x21:0xfc8c0000 x31=0xfc8bf9c2
       26185000	      2617	800007f0	a2e1cd93	xori	x27,x3,-1490	  x3:0x00000000 x27=0xfffffa2e
       26195000	      2618	800007f4	410f0d33	sub	x26,x30,x16	 x30:0x00080000 x16:0xfffffba0 x26=0x00080460
       26205000	      2619	800007f8	00326e33	or	x28,x4,x3	  x4:0x80009fc4  x3:0x00000000 x28=0x80009fc4
       26215000	      2620	800007fc	00b43a33	sltu	x20,x8,x11	  x8:0x00000048 x11:0xffde4780 x20=0x00000001
       26225000	      2621	80000800	d68b6e93	ori	x29,x22,-664	 x22:0x00000000 x29=0xfffffd68
       26235000	      2622	80000804	4106da33	sra	x20,x13,x16	 x13:0x00000001 x16:0xfffffba0 x20=0x00000001
       26245000	      2623	80000808	403ade33	sra	x28,x21,x3	 x21:0xfc8c0000  x3:0x00000000 x28=0xfc8c0000
       26255000	      2624	8000080c	01455f93	srli	x31,x10,0x14	 x10:0x327e936b x31=0x00000327
       26265000	      2625	80000810	c7f8f317	auipc	x6,0xc7f8f	  x6=0x47f8f80c
       26275000	      2626	80000814	01551a63	bne	x10,x21,80000828	 x10:0x327e936b x21:0xfc8c0000
       26285000	      2627	00000000	00000013	addi	x0,x0,0	  x0:0x00000000
       26295000	      2628	80000824	00000013	addi	x0,x0,0	  x0:0x00000000
       26305000	      2629	80000828	258c4c93	xori	x25,x24,600	 x24:0x80009fe4 x25=0x80009dbc
       26315000	      2630	8000082c	066a6c63	bltu	x20,x6,800008a4	 x20:0x00000001  x6:0x47f8f80c
       26325000	      2631	00000000	00000013	addi	x0,x0,0	  x0:0x00000000
       26335000	      2632	800008a0	00000013	addi	x0,x0,0	  x0:0x00000000
       26345000	      2633	800008a4	01446db3	or	x27,x8,x20	  x8:0x00000048 x20:0x00000001 x27=0x00000049
       26355000	      2634	800008a8	4fd3e913	ori	x18,x7,1277	  x7:0xfff00013 x18=0xfff004ff
       26365000	      2635	800008ac	01cce633	or	x12,x25,x28	 x25:0x80009dbc x28:0xfc8c0000 x12=0xfc8c9dbc
       26375000	      2636	800008b0	01ad4fb3	xor	x31,x26,x26	 x26:0x00080460 x26:0x00080460 x31=0x00000000
       26385000	      2637	800008b4	40af8333	sub	x6,x31,x10	 x31:0x00000000 x10:0x327e936b  x6=0xcd816c95
       26395000	      2638	800008b8	48bd4a93	xori	x21,x26,1163	 x26:0x00080460 x21=0x000800eb
       26405000	      2639	800008bc	00000013	addi	x0,x0,0	  x0:0x00000000
       26415000	      2640	800008c0	00000013	addi	x0,x0,0	  x0:0x00000000
       26425000	      2641	800008c4	00f1b2b3	sltu	x5,x3,x15	  x3:0x00000000 x15:0x0003ff56  x5=0x00000001
       26435000	      2642	800008c8	01905c13	srli	x24,x0,0x19	  x0:0x00000000 x24=0x00000000
       26445000	      2643	800008cc	015c1d13	slli	x26,x24,0x15	 x24:0x00000000 x26=0x00000000
       26455000	      2644	800008d0	70da3093	sltiu	x1,x20,1805	 x20:0x00000001  x1=0x00000001
       26465000	      2645	800008d4	01dedfb3	srl	x31,x29,x29	 x29:0xfffffd68 x29:0xfffffd68 x31=0x00fffffd
       26475000	      2646	800008d8	c82e2c37	lui	x24,0xc82e2	 x24=0xc82e2000
       26485000	      2647	800008dc	001b1b13	slli	x22,x22,0x1	 x22:0x00000000 x22=0x00000000
       26495000	      2648	800008e0	f055fe93	andi	x29,x11,-251	 x11:0xffde4780 x29=0xffde4700
       26505000	      2649	800008e4	410bac13	slti	x24,x23,1040	 x23:0x00000704 x24=0x00000000
       26515000	      2650	800008e8	00395713	srli	x14,x18,0x3	 x18:0xfff004ff x14=0x1ffe009f
       26525000	      2651	800008ec	01ee8e63	beq	x29,x30,80000908	 x29:0xffde4700 x30:0x00080000
       26535000	      2652	800008f0	19bf5bb7	lui	x23,0x19bf5	 x23=0x19bf5000
       26545000	      2653	800008f4	01f75593	srli	x11,x14,0x1f	 x14:0x1ffe009f x11=0x00000000
       26555000	      2654	800008f8	a23cd8b7	lui	x17,0xa23cd	 x17=0xa23cd000
       26565000	      2655	800008fc	a1fe6413	ori	x8,x28,-1505	 x28:0xfc8c0000  x8=0xfffffa1f
       26575000	      2656	80000900	01dfa6b3	slt	x13,x31,x29	 x31:0x00fffffd x29:0xffde4700 x13=0x00000000
       26585000	      2657	80000904	008332b3	sltu	x5,x6,x8	  x6:0xcd816c95  x8:0xfffffa1f  x5=0x00000001
       26595000	      2658	80000908	01d75e33	srl	x28,x14,x29	 x14:0x1ffe009f x29:0xffde4700 x28=0x1ffe009f
       26605000	      2659	8000090c	00000997	auipc	x19,0x0	 x19=0x80000908
       26615000	      2660	80000910	00c98993	addi	x19,x19,12	 x19:0x80000908 x19=0x80000914
       26625000	      2661	80000914	00098067	jalr	x0,x19,0	 x19:0x80000914
       26635000	      2662	00000000	00000013	addi	x0,x0,0	  x0:0x00000000
       26645000	      2663	80000914	00000013	addi	x0,x0,0	  x0:0x00000000
       26655000	      2664	80000918	00100193	addi	x3,x0,1	  x0:0x00000000  x3=0x00000001
       26665000	      2665	8000091c	00000073	ecall	
       26675000	      2666	80000920	00e99113	slli	x2,x19,0xe	 x19:0x80000914  x2=0x02450000
