		Time			Cycle	PC		Insn	Decoded instruction	Register and memory contents
          65000	         5	80000004	00000293	addi	x5,x0,0	  x0:0x00000000  x5=0x00000000
          75000	         6	80000008	00000313	addi	x6,x0,0	  x0:0x00000000  x6=0x00000000
          85000	         7	8000000c	00628263	beq	x5,x6,80000010	  x5:0x00000000  x6:0x00000000
          95000	         8	00000000	00000013	addi	x0,x0,0	  x0:0x00000000
         105000	         9	8000000c	00000013	addi	x0,x0,0	  x0:0x00000000
         115000	        10	80000010	00000c17	auipc	x24,0x0	 x24=0x8000000c
         125000	        11	80000014	00cc0c13	addi	x24,x24,12	 x24:0x8000000c x24=0x80000018
         135000	        12	80000018	000c0067	jalr	x0,x24,0	 x24:0x80000018
         145000	        13	00000000	00000013	addi	x0,x0,0	  x0:0x00000000
         155000	        14	80000018	00000013	addi	x0,x0,0	  x0:0x00000000
         165000	        15	8000001c	40000737	lui	x14,0x40000	 x14=0x40000000
         175000	        16	80000020	10070713	addi	x14,x14,256	 x14:0x40000000 x14=0x40000100
         185000	        17	80000024	00000013	addi	x0,x0,0	  x0:0x00000000
         195000	        18	80000028	0000a897	auipc	x17,0xa	 x17=0x8000a024
         205000	        19	8000002c	fa088893	addi	x17,x17,-96	 x17:0x8000a024 x17=0x80009fc4
         215000	        20	80000030	00003717	auipc	x14,0x3	 x14=0x8000302c
         225000	        21	80000034	80470713	addi	x14,x14,-2044	 x14:0x8000302c x14=0x80002830
         235000	        22	80000038	00176713	ori	x14,x14,1	 x14:0x80002830 x14=0x80002831
         245000	        23	8000003c	00000013	addi	x0,x0,0	  x0:0x00000000
         255000	        24	80000040	00000717	auipc	x14,0x0	 x14=0x8000003c
         265000	        25	80000044	02070713	addi	x14,x14,32	 x14:0x8000003c x14=0x8000005c
         275000	        26	80000048	00000013	addi	x0,x0,0	  x0:0x00000000
         285000	        27	8000004c	00000013	addi	x0,x0,0	  x0:0x00000000
         295000	        28	80000050	00002737	lui	x14,0x2	 x14=0x00002000
         305000	        29	80000054	80070713	addi	x14,x14,-2048	 x14:0x00002000 x14=0x00001800
         315000	        30	80000058	00000013	addi	x0,x0,0	  x0:0x00000000
         325000	        31	8000005c	00000013	addi	x0,x0,0	  x0:0x00000000
         335000	        32	80000060	9e39f037	lui	x0,0x9e39f	
         345000	        33	80000064	e9a00013	addi	x0,x0,-358	  x0:0x00000000
         355000	        34	80000068	f6f440b7	lui	x1,0xf6f44	  x1=0xf6f44000
         365000	        35	8000006c	93e08093	addi	x1,x1,-1730	  x1:0xf6f44000  x1=0xf6f4393e
         375000	        36	80000070	f202e137	lui	x2,0xf202e	  x2=0xf202e000
         385000	        37	80000074	ac710113	addi	x2,x2,-1337	  x2:0xf202e000  x2=0xf202dac7
         395000	        38	80000078	f35001b7	lui	x3,0xf3500	  x3=0xf3500000
         405000	        39	8000007c	06018193	addi	x3,x3,96	  x3:0xf3500000  x3=0xf3500060
         415000	        40	80000080	00000213	addi	x4,x0,0	  x0:0x00000000  x4=0x00000000
         425000	        41	80000084	0f5462b7	lui	x5,0xf546	  x5=0x0f546000
         435000	        42	80000088	bc528293	addi	x5,x5,-1083	  x5:0x0f546000  x5=0x0f545bc5
         445000	        43	8000008c	0338b337	lui	x6,0x338b	  x6=0x0338b000
         455000	        44	80000090	1c430313	addi	x6,x6,452	  x6:0x0338b000  x6=0x0338b1c4
         465000	        45	80000094	4fb8c3b7	lui	x7,0x4fb8c	  x7=0x4fb8c000
         475000	        46	80000098	12638393	addi	x7,x7,294	  x7:0x4fb8c000  x7=0x4fb8c126
         485000	        47	8000009c	00000413	addi	x8,x0,0	  x0:0x00000000  x8=0x00000000
         495000	        48	800000a0	0e4f34b7	lui	x9,0xe4f3	  x9=0x0e4f3000
         505000	        49	800000a4	7f648493	addi	x9,x9,2038	  x9:0x0e4f3000  x9=0x0e4f37f6
         515000	        50	800000a8	00600513	addi	x10,x0,6	  x0:0x00000000 x10=0x00000006
         525000	        51	800000ac	00000593	addi	x11,x0,0	  x0:0x00000000 x11=0x00000000
         535000	        52	800000b0	80000637	lui	x12,0x80000	 x12=0x80000000
         545000	        53	800000b4	80000737	lui	x14,0x80000	 x14=0x80000000
         555000	        54	800000b8	00800793	addi	x15,x0,8	  x0:0x00000000 x15=0x00000008
         565000	        55	800000bc	00000813	addi	x16,x0,0	  x0:0x00000000 x16=0x00000000
         575000	        56	800000c0	00000913	addi	x18,x0,0	  x0:0x00000000 x18=0x00000000
         585000	        57	800000c4	f9a689b7	lui	x19,0xf9a68	 x19=0xf9a68000
         595000	        58	800000c8	8fe98993	addi	x19,x19,-1794	 x19:0xf9a68000 x19=0xf9a678fe
         605000	        59	800000cc	f7ccba37	lui	x20,0xf7ccb	 x20=0xf7ccb000
         615000	        60	800000d0	7c6a0a13	addi	x20,x20,1990	 x20:0xf7ccb000 x20=0xf7ccb7c6
         625000	        61	800000d4	80000ab7	lui	x21,0x80000	 x21=0x80000000
         635000	        62	800000d8	80000b37	lui	x22,0x80000	 x22=0x80000000
         645000	        63	800000dc	00100b93	addi	x23,x0,1	  x0:0x00000000 x23=0x00000001
         655000	        64	800000e0	80000c37	lui	x24,0x80000	 x24=0x80000000
         665000	        65	800000e4	00000c93	addi	x25,x0,0	  x0:0x00000000 x25=0x00000000
         675000	        66	800000e8	00d00d13	addi	x26,x0,13	  x0:0x00000000 x26=0x0000000d
         685000	        67	800000ec	00000d93	addi	x27,x0,0	  x0:0x00000000 x27=0x00000000
         695000	        68	800000f0	f328ce37	lui	x28,0xf328c	 x28=0xf328c000
         705000	        69	800000f4	07be0e13	addi	x28,x28,123	 x28:0xf328c000 x28=0xf328c07b
         715000	        70	800000f8	c3938eb7	lui	x29,0xc3938	 x29=0xc3938000
         725000	        71	800000fc	6f7e8e93	addi	x29,x29,1783	 x29:0xc3938000 x29=0xc39386f7
         735000	        72	80000100	ae82ff37	lui	x30,0xae82f	 x30=0xae82f000
         745000	        73	80000104	4daf0f13	addi	x30,x30,1242	 x30:0xae82f000 x30=0xae82f4da
         755000	        74	80000108	80000fb7	lui	x31,0x80000	 x31=0x80000000
         765000	        75	8000010c	0000a697	auipc	x13,0xa	 x13=0x8000a108
         775000	        76	80000110	e7c68693	addi	x13,x13,-388	 x13:0x8000a108 x13=0x80009f84
         785000	        77	80000114	00008f97	auipc	x31,0x8	 x31=0x80008110
         795000	        78	80000118	305f8f93	addi	x31,x31,773	 x31:0x80008110 x31=0x80008415
         805000	        79	8000011c	001f9103	lh	x2,1(x31)	 x31:0x80008415  x2=0x00000000 PA:0x80008416
         815000	        80	80000120	00bfa703	lw	x14,11(x31)	 x31:0x80008415 x14=0x00000000 PA:0x80008420
         825000	        81	80000124	ff5f8203	lb	x4,-11(x31)	 x31:0x80008415  x4=0x00000000 PA:0x8000840a
         835000	        82	00000000	00000013	addi	x0,x0,0	  x0:0x00000000
         845000	        83	80000128	fe4f9aa3	sh	x4,-11(x31)	 x31:0x80008415  x4:0x00000000 PA:0x8000840a
         855000	        84	8000012c	ff5fd103	lhu	x2,-11(x31)	 x31:0x80008415  x2=0x00000000 PA:0x8000840a
         865000	        85	80000130	00cf8103	lb	x2,12(x31)	 x31:0x80008415  x2=0x00000000 PA:0x80008421
         875000	        86	80000134	00cf8603	lb	x12,12(x31)	 x31:0x80008415 x12=0x00000000 PA:0x80008421
         885000	        87	80000138	01177333	and	x6,x14,x17	 x14:0x00000000 x17:0x80009fc4  x6=0x00000000
         895000	        88	8000013c	fecf8c23	sb	x12,-8(x31)	 x31:0x80008415 x12:0x00000000 PA:0x8000840d
         905000	        89	80000140	000fc303	lbu	x6,0(x31)	 x31:0x80008415  x6=0x00000000 PA:0x80008415
         915000	        90	80000144	000f8d03	lb	x26,0(x31)	 x31:0x80008415 x26=0x00000000 PA:0x80008415
         925000	        91	80000148	000fc603	lbu	x12,0(x31)	 x31:0x80008415 x12=0x00000000 PA:0x80008415
         935000	        92	8000014c	00af8283	lb	x5,10(x31)	 x31:0x80008415  x5=0x00000000 PA:0x8000841f
         945000	        93	80000150	ff6f8923	sb	x22,-14(x31)	 x31:0x80008415 x22:0x80000000 PA:0x80008407
         955000	        94	80000154	c2ad9337	lui	x6,0xc2ad9	  x6=0xc2ad9000
         965000	        95	80000158	009fcb83	lbu	x23,9(x31)	 x31:0x80008415 x23=0x00000000 PA:0x8000841e
         975000	        96	8000015c	001efb33	and	x22,x29,x1	 x29:0xc39386f7  x1:0xf6f4393e x22=0xc2900036
         985000	        97	80000160	004f8523	sb	x4,10(x31)	 x31:0x80008415  x4:0x00000000 PA:0x8000841f
         995000	        98	80000164	ff9f9903	lh	x18,-7(x31)	 x31:0x80008415 x18=0x00000000 PA:0x8000840e
        1005000	        99	80000168	00008217	auipc	x4,0x8	  x4=0x80008164
        1015000	       100	8000016c	66420213	addi	x4,x4,1636	  x4:0x80008164  x4=0x800087c8
        1025000	       101	80000170	02920e83	lb	x29,41(x4)	  x4:0x800087c8 x29=0x00000000 PA:0x800087f1
        1035000	       102	80000174	01289b33	sll	x22,x17,x18	 x17:0x80009fc4 x18:0x00000000 x22=0x80009fc4
        1045000	       103	80000178	9bef8493	addi	x9,x31,-1602	 x31:0x80008415  x9=0x80007dd3
        1055000	       104	8000017c	2ad50293	addi	x5,x10,685	 x10:0x00000006  x5=0x000002b3
        1065000	       105	80000180	01a24483	lbu	x9,26(x4)	  x4:0x800087c8  x9=0x00000000 PA:0x800087e2
        1075000	       106	80000184	fec20903	lb	x18,-20(x4)	  x4:0x800087c8 x18=0x00000000 PA:0x800087b4
        1085000	       107	80000188	008205a3	sb	x8,11(x4)	  x4:0x800087c8  x8:0x00000000 PA:0x800087d3
        1095000	       108	8000018c	01cf4333	xor	x6,x30,x28	 x30:0xae82f4da x28:0xf328c07b  x6=0x5daa34a1
        1105000	       109	80000190	9a562017	auipc	x0,0x9a562	
        1115000	       110	80000194	03924e03	lbu	x28,57(x4)	  x4:0x800087c8 x28=0x00000000 PA:0x80008801
        1125000	       111	80000198	4170dd33	sra	x26,x1,x23	  x1:0xf6f4393e x23:0x00000000 x26=0xf6f4393e
        1135000	       112	8000019c	0016b333	sltu	x6,x13,x1	 x13:0x80009f84  x1:0xf6f4393e  x6=0x00000001
        1145000	       113	800001a0	ee0f6613	ori	x12,x30,-288	 x30:0xae82f4da x12=0xfffffefa
        1155000	       114	800001a4	00a24903	lbu	x18,10(x4)	  x4:0x800087c8 x18=0x00000000 PA:0x800087d2
        1165000	       115	800001a8	01720023	sb	x23,0(x4)	  x4:0x800087c8 x23:0x00000000 PA:0x800087c8
        1175000	       116	800001ac	02824a03	lbu	x20,40(x4)	  x4:0x800087c8 x20=0x00000000 PA:0x800087f0
        1185000	       117	800001b0	00295c93	srli	x25,x18,0x2	 x18:0x00000000 x25=0x00000000
        1195000	       118	800001b4	631f7493	andi	x9,x30,1585	 x30:0xae82f4da  x9=0x00000410
        1205000	       119	800001b8	fe625e83	lhu	x29,-26(x4)	  x4:0x800087c8 x29=0x00000000 PA:0x800087ae
        1215000	       120	800001bc	fed21823	sh	x13,-16(x4)	  x4:0x800087c8 x13:0x80009f84 PA:0x800087b8
        1225000	       121	800001c0	03e25183	lhu	x3,62(x4)	  x4:0x800087c8  x3=0x00000000 PA:0x80008806
        1235000	       122	800001c4	fdb20b83	lb	x23,-37(x4)	  x4:0x800087c8 x23=0x00000000 PA:0x800087a3
        1245000	       123	00000000	00000013	addi	x0,x0,0	  x0:0x00000000
        1255000	       124	800001c8	41718b33	sub	x22,x3,x23	  x3:0x00000000 x23:0x00000000 x22=0x00000000
        1265000	       125	800001cc	d5768713	addi	x14,x13,-681	 x13:0x80009f84 x14=0x80009cdb
        1275000	       126	800001d0	01a21483	lh	x9,26(x4)	  x4:0x800087c8  x9=0x00000000 PA:0x800087e2
        1285000	       127	800001d4	fc1208a3	sb	x1,-47(x4)	  x4:0x800087c8  x1:0xf6f4393e PA:0x80008799
        1295000	       128	800001d8	ff320ca3	sb	x19,-7(x4)	  x4:0x800087c8 x19:0xf9a678fe PA:0x800087c1
        1305000	       129	800001dc	00235a33	srl	x20,x6,x2	  x6:0x00000001  x2:0x00000000 x20=0x00000001
        1315000	       130	800001e0	ff920ba3	sb	x25,-9(x4)	  x4:0x800087c8 x25:0x00000000 PA:0x800087bf
        1325000	       131	800001e4	81528d37	lui	x26,0x81528	 x26=0x81528000
        1335000	       132	800001e8	03924183	lbu	x3,57(x4)	  x4:0x800087c8  x3=0x00000000 PA:0x80008801
        1345000	       133	800001ec	4b2e6193	ori	x3,x28,1202	 x28:0x00000000  x3=0x000004b2
        1355000	       134	800001f0	03920fa3	sb	x25,63(x4)	  x4:0x800087c8 x25:0x00000000 PA:0x80008807
        1365000	       135	800001f4	00003533	sltu	x10,x0,x0	  x0:0x00000000  x0:0x00000000 x10=0x00000000
        1375000	       136	800001f8	02421923	sh	x4,50(x4)	  x4:0x800087c8  x4:0x800087c8 PA:0x800087fa
        1385000	       137	800001fc	005cc833	xor	x16,x25,x5	 x25:0x00000000  x5:0x000002b3 x16=0x000002b3
        1395000	       138	80000200	04021b83	lh	x23,64(x4)	  x4:0x800087c8 x23=0x00000000 PA:0x80008808
        1405000	       139	80000204	fd8206a3	sb	x24,-51(x4)	  x4:0x800087c8 x24:0x80000000 PA:0x80008795
        1415000	       140	80000208	401b8cb3	sub	x25,x23,x1	 x23:0x00000000  x1:0xf6f4393e x25=0x090bc6c2
        1425000	       141	8000020c	feb205a3	sb	x11,-21(x4)	  x4:0x800087c8 x11:0x00000000 PA:0x800087b3
        1435000	       142	80000210	ffd24983	lbu	x19,-3(x4)	  x4:0x800087c8 x19=0x00000000 PA:0x800087c5
        1445000	       143	80000214	00420723	sb	x4,14(x4)	  x4:0x800087c8  x4:0x800087c8 PA:0x800087d6
        1455000	       144	80000218	02e24403	lbu	x8,46(x4)	  x4:0x800087c8  x8=0x00000000 PA:0x800087f6
        1465000	       145	8000021c	fee22223	sw	x14,-28(x4)	  x4:0x800087c8 x14:0x80009cdb PA:0x800087ac
        1475000	       146	80000220	00620f23	sb	x6,30(x4)	  x4:0x800087c8  x6:0x00000001 PA:0x800087e6
        1485000	       147	80000224	fca25703	lhu	x14,-54(x4)	  x4:0x800087c8 x14=0x00000000 PA:0x80008792
        1495000	       148	80000228	00008d97	auipc	x27,0x8	 x27=0x80008224
        1505000	       149	8000022c	ed9d8d93	addi	x27,x27,-295	 x27:0x80008224 x27=0x800080fd
        1515000	       150	80000230	414bde93	srai	x29,x23,0x14	 x23:0x00000000 x29=0x00000000
        1525000	       151	80000234	fdcda1a3	sw	x28,-61(x27)	 x27:0x800080fd x28:0x00000000 PA:0x800080c0
        1535000	       152	80000238	fc2d81a3	sb	x2,-61(x27)	 x27:0x800080fd  x2:0x00000000 PA:0x800080c0
        1545000	       153	8000023c	39a2d297	auipc	x5,0x39a2d	  x5=0xb9a2d238
        1555000	       154	80000240	fc7d81a3	sb	x7,-61(x27)	 x27:0x800080fd  x7:0x4fb8c126 PA:0x800080c0
        1565000	       155	80000244	fc3d8b03	lb	x22,-61(x27)	 x27:0x800080fd x22=0x00000026 PA:0x800080c0
        1575000	       156	80000248	fc3ddf83	lhu	x31,-61(x27)	 x27:0x800080fd x31=0x00000026 PA:0x800080c0
        1585000	       157	8000024c	fc3d9e03	lh	x28,-61(x27)	 x27:0x800080fd x28=0x00000026 PA:0x800080c0
        1595000	       158	80000250	01b3d513	srli	x10,x7,0x1b	  x7:0x4fb8c126 x10=0x00000009
        1605000	       159	80000254	fc3da583	lw	x11,-61(x27)	 x27:0x800080fd x11=0x00000026 PA:0x800080c0
        1615000	       160	80000258	fced91a3	sh	x14,-61(x27)	 x27:0x800080fd x14:0x00000000 PA:0x800080c0
        1625000	       161	8000025c	fc3d9b83	lh	x23,-61(x27)	 x27:0x800080fd x23=0x00000000 PA:0x800080c0
        1635000	       162	80000260	fc3dd783	lhu	x15,-61(x27)	 x27:0x800080fd x15=0x00000000 PA:0x800080c0
        1645000	       163	80000264	00292b33	slt	x22,x18,x2	 x18:0x00000000  x2:0x00000000 x22=0x00000000
        1655000	       164	80000268	fc3dc103	lbu	x2,-61(x27)	 x27:0x800080fd  x2=0x00000000 PA:0x800080c0
        1665000	       165	8000026c	fcfd91a3	sh	x15,-61(x27)	 x27:0x800080fd x15:0x00000000 PA:0x800080c0
        1675000	       166	80000270	fcdd81a3	sb	x13,-61(x27)	 x27:0x800080fd x13:0x80009f84 PA:0x800080c0
        1685000	       167	80000274	00009f17	auipc	x30,0x9	 x30=0x80009270
        1695000	       168	80000278	a6bf0f13	addi	x30,x30,-1429	 x30:0x80009270 x30=0x80008cdb
        1705000	       169	8000027c	009f13a3	sh	x9,7(x30)	 x30:0x80008cdb  x9:0x00000000 PA:0x80008ce2
        1715000	       170	80000280	008f1da3	sh	x8,27(x30)	 x30:0x80008cdb  x8:0x00000000 PA:0x80008cf6
        1725000	       171	80000284	00009d17	auipc	x26,0x9	 x26=0x80009280
        1735000	       172	80000288	c30d0d13	addi	x26,x26,-976	 x26:0x80009280 x26=0x80008eb0
        1745000	       173	8000028c	00009717	auipc	x14,0x9	 x14=0x80009288
        1755000	       174	80000290	87570713	addi	x14,x14,-1931	 x14:0x80009288 x14=0x80008afd
        1765000	       175	80000294	08e70b83	lb	x23,142(x14)	 x14:0x80008afd x23=0x00000000 PA:0x80008b8b
        1775000	       176	80000298	00008997	auipc	x19,0x8	 x19=0x80008294
        1785000	       177	8000029c	76698993	addi	x19,x19,1894	 x19:0x80008294 x19=0x800089fa
        1795000	       178	800002a0	51198603	lb	x12,1297(x19)	 x19:0x800089fa x12=0x00000000 PA:0x80008f0b
        1805000	       179	800002a4	53898a83	lb	x21,1336(x19)	 x19:0x800089fa x21=0x00000000 PA:0x80008f32
        1815000	       180	800002a8	0f870183	lb	x3,248(x14)	 x14:0x80008afd  x3=0x00000000 PA:0x80008bf5
        1825000	       181	800002ac	fad70c23	sb	x13,-72(x14)	 x14:0x80008afd x13:0x80009f84 PA:0x80008ab5
        1835000	       182	800002b0	018d0ca3	sb	x24,25(x26)	 x26:0x80008eb0 x24:0x80000000 PA:0x80008ec9
        1845000	       183	800002b4	014f0b83	lb	x23,20(x30)	 x30:0x80008cdb x23=0x00000000 PA:0x80008cef
        1855000	       184	800002b8	01df5783	lhu	x15,29(x30)	 x30:0x80008cdb x15=0x00000000 PA:0x80008cf8
        1865000	       185	800002bc	19499b23	sh	x20,406(x19)	 x19:0x800089fa x20:0x00000001 PA:0x80008b90
        1875000	       186	800002c0	fe074383	lbu	x7,-32(x14)	 x14:0x80008afd  x7=0x00000000 PA:0x80008add
        1885000	       187	800002c4	f6f71a03	lh	x20,-145(x14)	 x14:0x80008afd x20=0x00000000 PA:0x80008a6c
        1895000	       188	800002c8	007d0a83	lb	x21,7(x26)	 x26:0x80008eb0 x21=0x00000000 PA:0x80008eb7
        1905000	       189	800002cc	ffff0003	lb	x0,-1(x30)	 x30:0x80008cdb PA:0x80008cda
        1915000	       190	800002d0	031f08a3	sb	x17,49(x30)	 x30:0x80008cdb x17:0x80009fc4 PA:0x80008d0c
        1925000	       191	800002d4	f9c70503	lb	x10,-100(x14)	 x14:0x80008afd x10=0x00000000 PA:0x80008a99
        1935000	       192	800002d8	fffd0b83	lb	x23,-1(x26)	 x26:0x80008eb0 x23=0x00000000 PA:0x80008eaf
        1945000	       193	800002dc	23c983a3	sb	x28,551(x19)	 x19:0x800089fa x28:0x00000026 PA:0x80008c21
        1955000	       194	800002e0	02070d83	lb	x27,32(x14)	 x14:0x80008afd x27=0x00000000 PA:0x80008b1d
        1965000	       195	800002e4	fc4d0c23	sb	x4,-40(x26)	 x26:0x80008eb0  x4:0x800087c8 PA:0x80008e88
        1975000	       196	800002e8	01cd09a3	sb	x28,19(x26)	 x26:0x80008eb0 x28:0x00000026 PA:0x80008ec3
        1985000	       197	800002ec	52998e23	sb	x9,1340(x19)	 x19:0x800089fa  x9:0x00000000 PA:0x80008f36
        1995000	       198	800002f0	03970123	sb	x25,34(x14)	 x14:0x80008afd x25:0x090bc6c2 PA:0x80008b1f
        2005000	       199	800002f4	f45716a3	sh	x5,-179(x14)	 x14:0x80008afd  x5:0xb9a2d238 PA:0x80008a4a
        2015000	       200	800002f8	fdbf14a3	sh	x27,-55(x30)	 x30:0x80008cdb x27:0x00000000 PA:0x80008ca4
        2025000	       201	800002fc	0fb70083	lb	x1,251(x14)	 x14:0x80008afd  x1=0x00000000 PA:0x80008bf8
        2035000	       202	80000300	002f4303	lbu	x6,2(x30)	 x30:0x80008cdb  x6=0x00000000 PA:0x80008cdd
        2045000	       203	80000304	ff1d2623	sw	x17,-20(x26)	 x26:0x80008eb0 x17:0x80009fc4 PA:0x80008e9c
        2055000	       204	80000308	f6498aa3	sb	x4,-139(x19)	 x19:0x800089fa  x4:0x800087c8 PA:0x8000896f
        2065000	       205	8000030c	eef9c183	lbu	x3,-273(x19)	 x19:0x800089fa  x3=0x00000000 PA:0x800088e9
        2075000	       206	80000310	00008717	auipc	x14,0x8	 x14=0x8000830c
        2085000	       207	80000314	70970713	addi	x14,x14,1801	 x14:0x8000830c x14=0x80008a15
        2095000	       208	80000318	00170283	lb	x5,1(x14)	 x14:0x80008a15  x5=0x00000000 PA:0x80008a16
        2105000	       209	8000031c	fed70b23	sb	x13,-10(x14)	 x14:0x80008a15 x13:0x80009f84 PA:0x80008a0b
        2115000	       210	80000320	00009317	auipc	x6,0x9	  x6=0x8000931c
        2125000	       211	80000324	c4030313	addi	x6,x6,-960	  x6:0x8000931c  x6=0x80008f5c
        2135000	       212	80000328	ff775103	lhu	x2,-9(x14)	 x14:0x80008a15  x2=0x00000000 PA:0x80008a0c
        2145000	       213	8000032c	ffb74a03	lbu	x20,-5(x14)	 x14:0x80008a15 x20=0x00000000 PA:0x80008a10
        2155000	       214	80000330	ffe74603	lbu	x12,-2(x14)	 x14:0x80008a15 x12=0x00000000 PA:0x80008a13
        2165000	       215	80000334	00874483	lbu	x9,8(x14)	 x14:0x80008a15  x9=0x00000000 PA:0x80008a1d
        2175000	       216	80000338	ffc70b03	lb	x22,-4(x14)	 x14:0x80008a15 x22=0x00000000 PA:0x80008a11
        2185000	       217	8000033c	00832103	lw	x2,8(x6)	  x6:0x80008f5c  x2=0x00000000 PA:0x80008f64
        2195000	       218	80000340	fef70ea3	sb	x15,-3(x14)	 x14:0x80008a15 x15:0x00000000 PA:0x80008a12
        2205000	       219	80000344	00a30f83	lb	x31,10(x6)	  x6:0x80008f5c x31=0x00000000 PA:0x80008f66
        2215000	       220	80000348	fec30ea3	sb	x12,-3(x6)	  x6:0x80008f5c x12:0x00000000 PA:0x80008f59
        2225000	       221	8000034c	ff734403	lbu	x8,-9(x6)	  x6:0x80008f5c  x8=0x00000000 PA:0x80008f53
        2235000	       222	80000350	00d71e83	lh	x29,13(x14)	 x14:0x80008a15 x29=0x00000000 PA:0x80008a22
        2245000	       223	80000354	ff4309a3	sb	x20,-13(x6)	  x6:0x80008f5c x20:0x00000000 PA:0x80008f4f
        2255000	       224	80000358	00170423	sb	x1,8(x14)	 x14:0x80008a15  x1:0x00000000 PA:0x80008a1d
        2265000	       225	8000035c	00009117	auipc	x2,0x9	  x2=0x80009358
        2275000	       226	80000360	c0a10113	addi	x2,x2,-1014	  x2:0x80009358  x2=0x80008f62
        2285000	       227	80000364	892f7013	andi	x0,x30,-1902	 x30:0x80008cdb
        2295000	       228	80000368	00314e03	lbu	x28,3(x2)	  x2:0x80008f62 x28=0x00000000 PA:0x80008f65
        2305000	       229	8000036c	00314383	lbu	x7,3(x2)	  x2:0x80008f62  x7=0x00000000 PA:0x80008f65
        2315000	       230	80000370	00314303	lbu	x6,3(x2)	  x2:0x80008f62  x6=0x00000000 PA:0x80008f65
        2325000	       231	80000374	0199b533	sltu	x10,x19,x25	 x19:0x800089fa x25:0x090bc6c2 x10=0x00000000
        2335000	       232	80000378	01723033	sltu	x0,x4,x23	  x4:0x800087c8 x23:0x00000000
        2345000	       233	8000037c	003101a3	sb	x3,3(x2)	  x2:0x80008f62  x3:0x00000000 PA:0x80008f65
        2355000	       234	80000380	00310303	lb	x6,3(x2)	  x2:0x80008f62  x6=0x00000000 PA:0x80008f65
        2365000	       235	80000384	00314203	lbu	x4,3(x2)	  x2:0x80008f62  x4=0x00000000 PA:0x80008f65
        2375000	       236	80000388	00c6c2b3	xor	x5,x13,x12	 x13:0x80009f84 x12:0x00000000  x5=0x80009f84
        2385000	       237	8000038c	00310d03	lb	x26,3(x2)	  x2:0x80008f62 x26=0x00000000 PA:0x80008f65
        2395000	       238	80000390	0055eeb3	or	x29,x11,x5	 x11:0x00000026  x5:0x80009f84 x29=0x80009fa6
        2405000	       239	80000394	01569e93	slli	x29,x13,0x15	 x13:0x80009f84 x29=0xf0800000
        2415000	       240	80000398	00e10203	lb	x4,14(x2)	  x2:0x80008f62  x4=0x00000000 PA:0x80008f70
        2425000	       241	8000039c	01e10723	sb	x30,14(x2)	  x2:0x80008f62 x30:0x80008cdb PA:0x80008f70
        2435000	       242	800003a0	ff110e83	lb	x29,-15(x2)	  x2:0x80008f62 x29=0x00000000 PA:0x80008f53
        2445000	       243	800003a4	ff1108a3	sb	x17,-15(x2)	  x2:0x80008f62 x17:0x80009fc4 PA:0x80008f53
        2455000	       244	800003a8	ff110783	lb	x15,-15(x2)	  x2:0x80008f62 x15=0xffffffc4 PA:0x80008f53
        2465000	       245	800003ac	ffe10fa3	sb	x30,-1(x2)	  x2:0x80008f62 x30:0x80008cdb PA:0x80008f61
        2475000	       246	800003b0	fff14d03	lbu	x26,-1(x2)	  x2:0x80008f62 x26=0x000000db PA:0x80008f61
        2485000	       247	800003b4	ff110c83	lb	x25,-15(x2)	  x2:0x80008f62 x25=0xffffffc4 PA:0x80008f53
        2495000	       248	800003b8	8e024993	xori	x19,x4,-1824	  x4:0x00000000 x19=0xfffff8e0
        2505000	       249	800003bc	01014403	lbu	x8,16(x2)	  x2:0x80008f62  x8=0x00000000 PA:0x80008f72
        2515000	       250	800003c0	01014d83	lbu	x27,16(x2)	  x2:0x80008f62 x27=0x00000000 PA:0x80008f72
        2525000	       251	800003c4	00008d17	auipc	x26,0x8	 x26=0x800083c0
        2535000	       252	800003c8	4fdd0d13	addi	x26,x26,1277	 x26:0x800083c0 x26=0x800088bd
        2545000	       253	800003cc	00008117	auipc	x2,0x8	  x2=0x800083c8
        2555000	       254	800003d0	4df10113	addi	x2,x2,1247	  x2:0x800083c8  x2=0x800088a7
        2565000	       255	800003d4	5d514d83	lbu	x27,1493(x2)	  x2:0x800088a7 x27=0x00000000 PA:0x80008e7c
        2575000	       256	800003d8	00009917	auipc	x18,0x9	 x18=0x800093d4
        2585000	       257	800003dc	93890913	addi	x18,x18,-1736	 x18:0x800093d4 x18=0x80008d0c
        2595000	       258	800003e0	ff9d4b83	lbu	x23,-7(x26)	 x26:0x800088bd x23=0x00000000 PA:0x800088b6
        2605000	       259	800003e4	00009497	auipc	x9,0x9	  x9=0x800093e0
        2615000	       260	800003e8	b5c48493	addi	x9,x9,-1188	  x9:0x800093e0  x9=0x80008f3c
        2625000	       261	800003ec	04114a03	lbu	x20,65(x2)	  x2:0x800088a7 x20=0x00000000 PA:0x800088e8
        2635000	       262	800003f0	fead0823	sb	x10,-16(x26)	 x26:0x800088bd x10:0x00000000 PA:0x800088ad
        2645000	       263	800003f4	e3d49f23	sh	x29,-450(x9)	  x9:0x80008f3c x29:0x00000000 PA:0x80008d7a
        2655000	       264	800003f8	00009817	auipc	x16,0x9	 x16=0x800093f4
        2665000	       265	800003fc	bb680813	addi	x16,x16,-1098	 x16:0x800093f4 x16=0x80008faa
        2675000	       266	80000400	025809a3	sb	x5,51(x16)	 x16:0x80008faa  x5:0x80009f84 PA:0x80008fdd
        2685000	       267	80000404	fe4d0f23	sb	x4,-2(x26)	 x26:0x800088bd  x4:0x00000000 PA:0x800088bb
        2695000	       268	80000408	f7990b83	lb	x23,-135(x18)	 x18:0x80008d0c x23=0x00000000 PA:0x80008c85
        2705000	       269	8000040c	ffed4603	lbu	x12,-2(x26)	 x26:0x800088bd x12=0x00000000 PA:0x800088bb
        2715000	       270	80000410	ff7d0b83	lb	x23,-9(x26)	 x26:0x800088bd x23=0x00000000 PA:0x800088b4
        2725000	       271	80000414	00f84203	lbu	x4,15(x16)	 x16:0x80008faa  x4=0x00000000 PA:0x80008fb9
        2735000	       272	80000418	91448fa3	sb	x20,-1761(x9)	  x9:0x80008f3c x20:0x00000000 PA:0x8000885b
        2745000	       273	8000041c	0f691123	sh	x22,226(x18)	 x18:0x80008d0c x22:0x00000000 PA:0x80008dee
        2755000	       274	80000420	fffd4e03	lbu	x28,-1(x26)	 x26:0x800088bd x28=0x00000000 PA:0x800088bc
        2765000	       275	80000424	00080c83	lb	x25,0(x16)	 x16:0x80008faa x25=0x00000000 PA:0x80008faa
        2775000	       276	80000428	fce91783	lh	x15,-50(x18)	 x18:0x80008d0c x15=0x00000000 PA:0x80008cda
        2785000	       277	8000042c	ffcd4383	lbu	x7,-4(x26)	 x26:0x800088bd  x7=0x00000000 PA:0x800088b9
        2795000	       278	80000430	00291f23	sh	x2,30(x18)	 x18:0x80008d0c  x2:0x800088a7 PA:0x80008d2a
        2805000	       279	80000434	009105a3	sb	x9,11(x2)	  x2:0x800088a7  x9:0x80008f3c PA:0x800088b2
        2815000	       280	80000438	ff8807a3	sb	x24,-17(x16)	 x16:0x80008faa x24:0x80000000 PA:0x80008f99
        2825000	       281	8000043c	57b15e03	lhu	x28,1403(x2)	  x2:0x800088a7 x28=0x00000000 PA:0x80008e22
        2835000	       282	80000440	09a904a3	sb	x26,137(x18)	 x18:0x80008d0c x26:0x800088bd PA:0x80008d95
        2845000	       283	80000444	fda90123	sb	x26,-62(x18)	 x18:0x80008d0c x26:0x800088bd PA:0x80008cce
        2855000	       284	80000448	a334c383	lbu	x7,-1485(x9)	  x9:0x80008f3c  x7=0x000000c8 PA:0x8000896f
        2865000	       285	8000044c	f8590a03	lb	x20,-123(x18)	 x18:0x80008d0c x20=0x00000000 PA:0x80008c91
        2875000	       286	80000450	00cd0b83	lb	x23,12(x26)	 x26:0x800088bd x23=0x00000000 PA:0x800088c9
        2885000	       287	80000454	ffe81e83	lh	x29,-2(x16)	 x16:0x80008faa x29=0x00000000 PA:0x80008fa8
        2895000	       288	80000458	c0849203	lh	x4,-1016(x9)	  x9:0x80008f3c  x4=0x00000000 PA:0x80008b44
        2905000	       289	8000045c	4ef100a3	sb	x15,1249(x2)	  x2:0x800088a7 x15:0x00000000 PA:0x80008d88
        2915000	       290	80000460	02f84f83	lbu	x31,47(x16)	 x16:0x80008faa x31=0x00000000 PA:0x80008fd9
        2925000	       291	80000464	67b14e03	lbu	x28,1659(x2)	  x2:0x800088a7 x28=0x00000000 PA:0x80008f22
        2935000	       292	80000468	0aa905a3	sb	x10,171(x18)	 x18:0x80008d0c x10:0x00000000 PA:0x80008db7
        2945000	       293	8000046c	fd682703	lw	x14,-42(x16)	 x16:0x80008faa x14=0x00000000 PA:0x80008f80
        2955000	       294	80000470	00091e83	lh	x29,0(x18)	 x18:0x80008d0c x29=0x000000c4 PA:0x80008d0c
        2965000	       295	80000474	34514383	lbu	x7,837(x2)	  x2:0x800088a7  x7=0x00000000 PA:0x80008bec
        2975000	       296	80000478	c1e49503	lh	x10,-994(x9)	  x9:0x80008f3c x10=0x00000000 PA:0x80008b5a
        2985000	       297	8000047c	00008217	auipc	x4,0x8	  x4=0x80008478
        2995000	       298	80000480	d0c20213	addi	x4,x4,-756	  x4:0x80008478  x4=0x80008184
        3005000	       299	80000484	00008297	auipc	x5,0x8	  x5=0x80008480
        3015000	       300	80000488	d6e28293	addi	x5,x5,-658	  x5:0x80008480  x5=0x800081ee
        3025000	       301	8000048c	fd72c083	lbu	x1,-41(x5)	  x5:0x800081ee  x1=0x00000000 PA:0x800081c5
        3035000	       302	00000000	00000013	addi	x0,x0,0	  x0:0x00000000
        3045000	       303	80000490	00008a97	auipc	x21,0x8	 x21=0x8000848c
        3055000	       304	80000494	043a8a93	addi	x21,x21,67	 x21:0x8000848c x21=0x800084cf
        3065000	       305	80000498	fd9283a3	sb	x25,-57(x5)	  x5:0x800081ee x25:0x00000000 PA:0x800081b5
        3075000	       306	8000049c	fe421d23	sh	x4,-6(x4)	  x4:0x80008184  x4:0x80008184 PA:0x8000817e
        3085000	       307	800004a0	00008917	auipc	x18,0x8	 x18=0x8000849c
        3095000	       308	800004a4	f5990913	addi	x18,x18,-167	 x18:0x8000849c x18=0x800083f5
        3105000	       309	800004a8	fe8a8603	lb	x12,-24(x21)	 x21:0x800084cf x12=0x00000000 PA:0x800084b7
        3115000	       310	800004ac	ff920da3	sb	x25,-5(x4)	  x4:0x80008184 x25:0x00000000 PA:0x8000817f
        3125000	       311	800004b0	01a90fa3	sb	x26,31(x18)	 x18:0x800083f5 x26:0x800088bd PA:0x80008414
        3135000	       312	800004b4	fe42ca03	lbu	x20,-28(x5)	  x5:0x800081ee x20=0x00000000 PA:0x800081d2
        3145000	       313	800004b8	00008417	auipc	x8,0x8	  x8=0x800084b4
        3155000	       314	800004bc	21240413	addi	x8,x8,530	  x8:0x800084b4  x8=0x800086c6
        3165000	       315	800004c0	ff320a23	sb	x19,-12(x4)	  x4:0x80008184 x19:0xfffff8e0 PA:0x80008178
        3175000	       316	800004c4	00f24583	lbu	x11,15(x4)	  x4:0x80008184 x11=0x00000000 PA:0x80008193
        3185000	       317	800004c8	b8f44b03	lbu	x22,-1137(x8)	  x8:0x800086c6 x22=0x00000000 PA:0x80008255
        3195000	       318	800004cc	01e90c23	sb	x30,24(x18)	 x18:0x800083f5 x30:0x80008cdb PA:0x8000840d
        3205000	       319	800004d0	00e24e83	lbu	x29,14(x4)	  x4:0x80008184 x29=0x00000000 PA:0x80008192
        3215000	       320	800004d4	03ba9183	lh	x3,59(x21)	 x21:0x800084cf  x3=0x00000000 PA:0x8000850a
        3225000	       321	800004d8	02c91ea3	sh	x12,61(x18)	 x18:0x800083f5 x12:0x00000000 PA:0x80008432
        3235000	       322	800004dc	00b92a03	lw	x20,11(x18)	 x18:0x800083f5 x20=0x00000000 PA:0x80008400
        3245000	       323	800004e0	ab8401a3	sb	x24,-1373(x8)	  x8:0x800086c6 x24:0x80000000 PA:0x80008169
        3255000	       324	800004e4	fd2a92a3	sh	x18,-59(x21)	 x21:0x800084cf x18:0x800083f5 PA:0x80008494
        3265000	       325	800004e8	01b20623	sb	x27,12(x4)	  x4:0x80008184 x27:0x00000000 PA:0x80008190
        3275000	       326	800004ec	bd740603	lb	x12,-1065(x8)	  x8:0x800086c6 x12=0x00000000 PA:0x8000829d
        3285000	       327	800004f0	03890603	lb	x12,56(x18)	 x18:0x800083f5 x12=0x00000000 PA:0x8000842d
        3295000	       328	800004f4	a7f40f03	lb	x30,-1409(x8)	  x8:0x800086c6 x30=0x00000000 PA:0x80008145
        3305000	       329	800004f8	028a8c83	lb	x25,40(x21)	 x21:0x800084cf x25=0x00000000 PA:0x800084f7
        3315000	       330	800004fc	cb744f83	lbu	x31,-841(x8)	  x8:0x800086c6 x31=0x00000000 PA:0x8000837d
        3325000	       331	80000500	fdd95f03	lhu	x30,-35(x18)	 x18:0x800083f5 x30=0x00000000 PA:0x800083d2
        3335000	       332	80000504	01a20123	sb	x26,2(x4)	  x4:0x80008184 x26:0x800088bd PA:0x80008186
        3345000	       333	80000508	001aa603	lw	x12,1(x21)	 x21:0x800084cf x12=0x00000000 PA:0x800084d0
        3355000	       334	8000050c	01a2a103	lw	x2,26(x5)	  x5:0x800081ee  x2=0x00000000 PA:0x80008208
        3365000	       335	80000510	03794e03	lbu	x28,55(x18)	 x18:0x800083f5 x28=0x00000000 PA:0x8000842c
        3375000	       336	80000514	033a84a3	sb	x19,41(x21)	 x21:0x800084cf x19:0xfffff8e0 PA:0x800084f8
        3385000	       337	80000518	fd02d603	lhu	x12,-48(x5)	  x5:0x800081ee x12=0x00000000 PA:0x800081be
        3395000	       338	8000051c	fd0ac603	lbu	x12,-48(x21)	 x21:0x800084cf x12=0x00000000 PA:0x8000849f
        3405000	       339	80000520	d7845083	lhu	x1,-648(x8)	  x8:0x800086c6  x1=0x00000000 PA:0x8000843e
        3415000	       340	80000524	a0542723	sw	x5,-1522(x8)	  x8:0x800086c6  x5:0x800081ee PA:0x800080d4
        3425000	       341	80000528	fd328503	lb	x10,-45(x5)	  x5:0x800081ee x10=0x00000000 PA:0x800081c1
        3435000	       342	8000052c	01b22023	sw	x27,0(x4)	  x4:0x80008184 x27:0x00000000 PA:0x80008184
        3445000	       343	80000530	01f22423	sw	x31,8(x4)	  x4:0x80008184 x31:0x00000000 PA:0x8000818c
        3455000	       344	80000534	fd390503	lb	x10,-45(x18)	 x18:0x800083f5 x10=0x00000000 PA:0x800083c8
        3465000	       345	80000538	ff422c23	sw	x20,-8(x4)	  x4:0x80008184 x20:0x00000000 PA:0x8000817c
        3475000	       346	8000053c	02aac083	lbu	x1,42(x21)	 x21:0x800084cf  x1=0x00000000 PA:0x800084f9
        3485000	       347	80000540	c1645303	lhu	x6,-1002(x8)	  x8:0x800086c6  x6=0x00000000 PA:0x800082dc
        3495000	       348	80000544	ffa2ab03	lw	x22,-6(x5)	  x5:0x800081ee x22=0x00000000 PA:0x800081e8
        3505000	       349	80000548	c1b44f83	lbu	x31,-997(x8)	  x8:0x800086c6 x31=0x00000000 PA:0x800082e1
        3515000	       350	8000054c	00008297	auipc	x5,0x8	  x5=0x80008548
        3525000	       351	80000550	b3528293	addi	x5,x5,-1227	  x5:0x80008548  x5=0x8000807d
        3535000	       352	80000554	6b428e23	sb	x20,1724(x5)	  x5:0x8000807d x20:0x00000000 PA:0x80008739
        3545000	       353	80000558	00c72433	slt	x8,x14,x12	 x14:0x00000000 x12:0x00000000  x8=0x00000000
        3555000	       354	8000055c	72c2cd83	lbu	x27,1836(x5)	  x5:0x8000807d x27=0x00000000 PA:0x800087a9
        3565000	       355	80000560	0e628503	lb	x10,230(x5)	  x5:0x8000807d x10=0x00000000 PA:0x80008163
        3575000	       356	80000564	00fec933	xor	x18,x29,x15	 x29:0x00000000 x15:0x00000000 x18=0x00000000
        3585000	       357	80000568	21628303	lb	x6,534(x5)	  x5:0x8000807d  x6=0x00000000 PA:0x80008293
        3595000	       358	8000056c	2162cb83	lbu	x23,534(x5)	  x5:0x8000807d x23=0x00000000 PA:0x80008293
        3605000	       359	80000570	00b28d23	sb	x11,26(x5)	  x5:0x8000807d x11:0x00000000 PA:0x80008097
        3615000	       360	80000574	70d28903	lb	x18,1805(x5)	  x5:0x8000807d x18=0x00000000 PA:0x8000878a
        3625000	       361	80000578	4a528483	lb	x9,1189(x5)	  x5:0x8000807d  x9=0x00000000 PA:0x80008522
        3635000	       362	8000057c	6792d583	lhu	x11,1657(x5)	  x5:0x8000807d x11=0x00000000 PA:0x800086f6
        3645000	       363	80000580	21928303	lb	x6,537(x5)	  x5:0x8000807d  x6=0x00000000 PA:0x80008296
        3655000	       364	00000000	00000013	addi	x0,x0,0	  x0:0x00000000
        3665000	       365	80000584	64628ea3	sb	x6,1629(x5)	  x5:0x8000807d  x6:0x00000000 PA:0x800086da
        3675000	       366	80000588	72e28803	lb	x16,1838(x5)	  x5:0x8000807d x16=0x00000000 PA:0x800087ab
        3685000	       367	8000058c	72e2c383	lbu	x7,1838(x5)	  x5:0x8000807d  x7=0x00000000 PA:0x800087ab
        3695000	       368	80000590	23128383	lb	x7,561(x5)	  x5:0x8000807d  x7=0x00000000 PA:0x800082ae
        3705000	       369	80000594	343296a3	sh	x3,845(x5)	  x5:0x8000807d  x3:0x00000000 PA:0x800083ca
        3715000	       370	80000598	3e728da3	sb	x7,1019(x5)	  x5:0x8000807d  x7:0x00000000 PA:0x80008478
        3725000	       371	8000059c	59a289a3	sb	x26,1427(x5)	  x5:0x8000807d x26:0x800088bd PA:0x80008610
        3735000	       372	800005a0	58b299a3	sh	x11,1427(x5)	  x5:0x8000807d x11:0x00000000 PA:0x80008610
        3745000	       373	800005a4	59328383	lb	x7,1427(x5)	  x5:0x8000807d  x7=0x00000000 PA:0x80008610
        3755000	       374	800005a8	00008a17	auipc	x20,0x8	 x20=0x800085a4
        3765000	       375	800005ac	680a0a13	addi	x20,x20,1664	 x20:0x800085a4 x20=0x80008c24
        3775000	       376	800005b0	00f03e33	sltu	x28,x0,x15	  x0:0x00000000 x15:0x00000000 x28=0x00000000
        3785000	       377	800005b4	7fd95937	lui	x18,0x7fd95	 x18=0x7fd95000
        3795000	       378	800005b8	012a4d83	lbu	x27,18(x20)	 x20:0x80008c24 x27=0x00000000 PA:0x80008c36
        3805000	       379	800005bc	ffea4e03	lbu	x28,-2(x20)	 x20:0x80008c24 x28=0x00000000 PA:0x80008c22
        3815000	       380	800005c0	e09a0983	lb	x19,-503(x20)	 x20:0x80008c24 x19=0x00000000 PA:0x80008a2d
        3825000	       381	800005c4	412f8d33	sub	x26,x31,x18	 x31:0x00000000 x18:0x7fd95000 x26=0x8026b000
        3835000	       382	800005c8	f9aa5403	lhu	x8,-102(x20)	 x20:0x80008c24  x8=0x00000000 PA:0x80008bbe
        3845000	       383	800005cc	002b52b3	srl	x5,x22,x2	 x22:0x00000000  x2:0x00000000  x5=0x00000000
        3855000	       384	800005d0	0114fbb3	and	x23,x9,x17	  x9:0x00000000 x17:0x80009fc4 x23=0x00000000
        3865000	       385	800005d4	2aba4583	lbu	x11,683(x20)	 x20:0x80008c24 x11=0x00000000 PA:0x80008ecf
        3875000	       386	800005d8	efba0383	lb	x7,-261(x20)	 x20:0x80008c24  x7=0xffffffc2 PA:0x80008b1f
        3885000	       387	800005dc	36ca09a3	sb	x12,883(x20)	 x20:0x80008c24 x12:0x00000000 PA:0x80008f97
        3895000	       388	800005e0	102a02a3	sb	x2,261(x20)	 x20:0x80008c24  x2:0x00000000 PA:0x80008d29
        3905000	       389	800005e4	260a1023	sh	x0,608(x20)	 x20:0x80008c24  x0:0x00000000 PA:0x80008e84
        3915000	       390	800005e8	f5320593	addi	x11,x4,-173	  x4:0x80008184 x11=0x800080d7
        3925000	       391	800005ec	390a5d03	lhu	x26,912(x20)	 x20:0x80008c24 x26=0x00000000 PA:0x80008fb4
        3935000	       392	800005f0	00fd9f33	sll	x30,x27,x15	 x27:0x00000000 x15:0x00000000 x30=0x00000000
        3945000	       393	800005f4	401f0db3	sub	x27,x30,x1	 x30:0x00000000  x1:0x00000000 x27=0x00000000
        3955000	       394	800005f8	01898db3	add	x27,x19,x24	 x19:0x00000000 x24:0x80000000 x27=0x80000000
        3965000	       395	800005fc	c7ca2423	sw	x28,-920(x20)	 x20:0x80008c24 x28:0x00000000 PA:0x8000888c
        3975000	       396	80000600	00681013	slli	x0,x16,0x6	 x16:0x00000000
        3985000	       397	80000604	39ca4b83	lbu	x23,924(x20)	 x20:0x80008c24 x23=0x00000000 PA:0x80008fc0
        3995000	       398	80000608	366a4803	lbu	x16,870(x20)	 x20:0x80008c24 x16=0x00000000 PA:0x80008f8a
        4005000	       399	8000060c	211a09a3	sb	x17,531(x20)	 x20:0x80008c24 x17:0x80009fc4 PA:0x80008e37
        4015000	       400	80000610	31da01a3	sb	x29,771(x20)	 x20:0x80008c24 x29:0x00000000 PA:0x80008f27
        4025000	       401	80000614	00615b33	srl	x22,x2,x6	  x2:0x00000000  x6:0x00000000 x22=0x00000000
        4035000	       402	80000618	f7aa0583	lb	x11,-134(x20)	 x20:0x80008c24 x11=0x00000000 PA:0x80008b9e
        4045000	       403	8000061c	01724fb3	xor	x31,x4,x23	  x4:0x80008184 x23:0x00000000 x31=0x80008184
        4055000	       404	80000620	c43a0423	sb	x3,-952(x20)	 x20:0x80008c24  x3:0x00000000 PA:0x8000886c
        4065000	       405	80000624	01feb333	sltu	x6,x29,x31	 x29:0x00000000 x31:0x80008184  x6=0x00000001
        4075000	       406	80000628	e13a0b03	lb	x22,-493(x20)	 x20:0x80008c24 x22=0x00000000 PA:0x80008a37
        4085000	       407	8000062c	107a0623	sb	x7,268(x20)	 x20:0x80008c24  x7:0xffffffc2 PA:0x80008d30
        4095000	       408	80000630	0000cbb3	xor	x23,x1,x0	  x1:0x00000000  x0:0x00000000 x23=0x00000000
        4105000	       409	80000634	4096d313	srai	x6,x13,0x9	 x13:0x80009f84  x6=0xffc0004f
        4115000	       410	80000638	f0ba0403	lb	x8,-245(x20)	 x20:0x80008c24  x8=0x00000000 PA:0x80008b2f
        4125000	       411	00000000	00000013	addi	x0,x0,0	  x0:0x00000000
        4135000	       412	8000063c	00863933	sltu	x18,x12,x8	 x12:0x00000000  x8:0x00000000 x18=0x00000000
        4145000	       413	80000640	ca2a4183	lbu	x3,-862(x20)	 x20:0x80008c24  x3=0x00000000 PA:0x800088c6
        4155000	       414	80000644	35f44a93	xori	x21,x8,863	  x8:0x00000000 x21=0x0000035f
        4165000	       415	80000648	edbdb513	sltiu	x10,x27,-293	 x27:0x80000000 x10=0x00000001
        4175000	       416	8000064c	01a69333	sll	x6,x13,x26	 x13:0x80009f84 x26:0x00000000  x6=0x80009f84
        4185000	       417	80000650	010d91b3	sll	x3,x27,x16	 x27:0x80000000 x16:0x00000000  x3=0x80000000
        4195000	       418	80000654	18da0003	lb	x0,397(x20)	 x20:0x80008c24 PA:0x80008db1
        4205000	       419	80000658	00ac05b3	add	x11,x24,x10	 x24:0x80000000 x10:0x00000001 x11=0x80000001
        4215000	       420	8000065c	dffae417	auipc	x8,0xdffae	  x8=0x5ffae658
        4225000	       421	80000660	008864b3	or	x9,x16,x8	 x16:0x00000000  x8:0x5ffae658  x9=0x5ffae658
        4235000	       422	80000664	0125f4b3	and	x9,x11,x18	 x11:0x80000001 x18:0x00000000  x9=0x00000000
        4245000	       423	80000668	0197efb3	or	x31,x15,x25	 x15:0x00000000 x25:0x00000000 x31=0x00000000
        4255000	       424	8000066c	113a4283	lbu	x5,275(x20)	 x20:0x80008c24  x5=0x00000000 PA:0x80008d37
        4265000	       425	80000670	00008117	auipc	x2,0x8	  x2=0x8000866c
        4275000	       426	80000674	20610113	addi	x2,x2,518	  x2:0x8000866c  x2=0x80008872
        4285000	       427	80000678	ff3100a3	sb	x19,-31(x2)	  x2:0x80008872 x19:0x00000000 PA:0x80008853
        4295000	       428	8000067c	0b2c3817	auipc	x16,0xb2c3	 x16=0x8b2c3678
        4305000	       429	80000680	00a803b3	add	x7,x16,x10	 x16:0x8b2c3678 x10:0x00000001  x7=0x8b2c3679
        4315000	       430	80000684	fe110783	lb	x15,-31(x2)	  x2:0x80008872 x15=0x00000000 PA:0x80008853
        4325000	       431	80000688	fe110a03	lb	x20,-31(x2)	  x2:0x80008872 x20=0x00000000 PA:0x80008853
        4335000	       432	8000068c	fe7100a3	sb	x7,-31(x2)	  x2:0x80008872  x7:0x8b2c3679 PA:0x80008853
        4345000	       433	80000690	ff4100a3	sb	x20,-31(x2)	  x2:0x80008872 x20:0x00000000 PA:0x80008853
        4355000	       434	80000694	fe110203	lb	x4,-31(x2)	  x2:0x80008872  x4=0x00000000 PA:0x80008853
        4365000	       435	80000698	fe110b83	lb	x23,-31(x2)	  x2:0x80008872 x23=0x00000000 PA:0x80008853
        4375000	       436	8000069c	fe114d03	lbu	x26,-31(x2)	  x2:0x80008872 x26=0x00000000 PA:0x80008853
        4385000	       437	800006a0	41f65db3	sra	x27,x12,x31	 x12:0x00000000 x31:0x00000000 x27=0x00000000
        4395000	       438	800006a4	fe114e03	lbu	x28,-31(x2)	  x2:0x80008872 x28=0x00000000 PA:0x80008853
        4405000	       439	800006a8	fe110303	lb	x6,-31(x2)	  x2:0x80008872  x6=0x00000000 PA:0x80008853
        4415000	       440	800006ac	fe110d83	lb	x27,-31(x2)	  x2:0x80008872 x27=0x00000000 PA:0x80008853
        4425000	       441	800006b0	fe114f83	lbu	x31,-31(x2)	  x2:0x80008872 x31=0x00000000 PA:0x80008853
        4435000	       442	800006b4	01c78933	add	x18,x15,x28	 x15:0x00000000 x28:0x00000000 x18=0x00000000
        4445000	       443	800006b8	fe114e03	lbu	x28,-31(x2)	  x2:0x80008872 x28=0x00000000 PA:0x80008853
        4455000	       444	800006bc	fe110703	lb	x14,-31(x2)	  x2:0x80008872 x14=0x00000000 PA:0x80008853
        4465000	       445	800006c0	fd910303	lb	x6,-39(x2)	  x2:0x80008872  x6=0x00000000 PA:0x8000884b
        4475000	       446	800006c4	fd914b03	lbu	x22,-39(x2)	  x2:0x80008872 x22=0x00000000 PA:0x8000884b
        4485000	       447	800006c8	a4177e13	andi	x28,x14,-1471	 x14:0x00000000 x28=0x00000000
        4495000	       448	800006cc	ff8102a3	sb	x24,-27(x2)	  x2:0x80008872 x24:0x80000000 PA:0x80008857
        4505000	       449	800006d0	ff8102a3	sb	x24,-27(x2)	  x2:0x80008872 x24:0x80000000 PA:0x80008857
        4515000	       450	800006d4	00008b97	auipc	x23,0x8	 x23=0x800086d0
        4525000	       451	800006d8	23eb8b93	addi	x23,x23,574	 x23:0x800086d0 x23=0x8000890e
        4535000	       452	800006dc	00008117	auipc	x2,0x8	  x2=0x800086d8
        4545000	       453	800006e0	7bd10113	addi	x2,x2,1981	  x2:0x800086d8  x2=0x80008e95
        4555000	       454	800006e4	00008997	auipc	x19,0x8	 x19=0x800086e0
        4565000	       455	800006e8	67998993	addi	x19,x19,1657	 x19:0x800086e0 x19=0x80008d59
        4575000	       456	800006ec	003b85a3	sb	x3,11(x23)	 x23:0x8000890e  x3:0x80000000 PA:0x80008919
        4585000	       457	800006f0	04c98d83	lb	x27,76(x19)	 x19:0x80008d59 x27=0x00000000 PA:0x80008da5
        4595000	       458	800006f4	fca108a3	sb	x10,-47(x2)	  x2:0x80008e95 x10:0x00000001 PA:0x80008e66
        4605000	       459	800006f8	0eab8c23	sb	x10,248(x23)	 x23:0x8000890e x10:0x00000001 PA:0x80008a06
        4615000	       460	800006fc	02914e83	lbu	x29,41(x2)	  x2:0x80008e95 x29=0x00000000 PA:0x80008ebe
        4625000	       461	80000700	0c29cf83	lbu	x31,194(x19)	 x19:0x80008d59 x31=0x00000000 PA:0x80008e1b
        4635000	       462	80000704	042b9303	lh	x6,66(x23)	 x23:0x8000890e  x6=0x00000000 PA:0x80008950
        4645000	       463	00000000	00000013	addi	x0,x0,0	  x0:0x00000000
        4655000	       464	80000708	f869cf83	lbu	x31,-122(x19)	 x19:0x80008d59 x31=0x00000000 PA:0x80008cdf
        4665000	       465	8000070c	02f15003	lhu	x0,47(x2)	  x2:0x80008e95 PA:0x80008ec4
        4675000	       466	80000710	f90bce03	lbu	x28,-112(x23)	 x23:0x8000890e x28=0x00000000 PA:0x8000889e
        4685000	       467	80000714	f6cb8d03	lb	x26,-148(x23)	 x23:0x8000890e x26=0x00000000 PA:0x8000887a
        4695000	       468	80000718	03e98b03	lb	x22,62(x19)	 x19:0x80008d59 x22=0x00000000 PA:0x80008d97
        4705000	       469	8000071c	045b8203	lb	x4,69(x23)	 x23:0x8000890e  x4=0x00000000 PA:0x80008953
        4715000	       470	80000720	09d98423	sb	x29,136(x19)	 x19:0x80008d59 x29:0x00000000 PA:0x80008de1
        4725000	       471	80000724	fc1b8083	lb	x1,-63(x23)	 x23:0x8000890e  x1=0x00000000 PA:0x800088cf
        4735000	       472	00000000	00000013	addi	x0,x0,0	  x0:0x00000000
        4745000	       473	80000728	00111803	lh	x16,1(x2)	  x2:0x80008e95 x16=0x00000000 PA:0x80008e96
        4755000	       474	8000072c	094bd783	lhu	x15,148(x23)	 x23:0x8000890e x15=0x00000000 PA:0x800089a2
        4765000	       475	80000730	fd110583	lb	x11,-47(x2)	  x2:0x80008e95 x11=0x00000001 PA:0x80008e66
        4775000	       476	80000734	fc110603	lb	x12,-63(x2)	  x2:0x80008e95 x12=0x00000000 PA:0x80008e56
        4785000	       477	80000738	00008117	auipc	x2,0x8	  x2=0x80008734
        4795000	       478	8000073c	2b010113	addi	x2,x2,688	  x2:0x80008734  x2=0x800089e4
        4805000	       479	80000740	829ba993	slti	x19,x23,-2007	 x23:0x8000890e x19=0x00000001
        4815000	       480	80000744	01c21d93	slli	x27,x4,0x1c	  x4:0x00000000 x27=0x00000000
        4825000	       481	80000748	405bdd93	srai	x27,x23,0x5	 x23:0x8000890e x27=0xfc000448
        4835000	       482	8000074c	002421b3	slt	x3,x8,x2	  x8:0x5ffae658  x2:0x800089e4  x3=0x00000000
        4845000	       483	80000750	00c101a3	sb	x12,3(x2)	  x2:0x800089e4 x12:0x00000000 PA:0x800089e7
        4855000	       484	80000754	01a07ab3	and	x21,x0,x26	  x0:0x00000000 x26:0x00000000 x21=0x00000000
        4865000	       485	80000758	f90f0e13	addi	x28,x30,-112	 x30:0x00000000 x28=0xffffff90
        4875000	       486	8000075c	0131e4b3	or	x9,x3,x19	  x3:0x00000000 x19:0x00000001  x9=0x00000001
        4885000	       487	80000760	ff310e03	lb	x28,-13(x2)	  x2:0x800089e4 x28=0x00000000 PA:0x800089d7
        4895000	       488	80000764	00000013	addi	x0,x0,0	  x0:0x00000000
        4905000	       489	80000768	00e8d933	srl	x18,x17,x14	 x17:0x80009fc4 x14:0x00000000 x18=0x80009fc4
        4915000	       490	8000076c	12ad3b13	sltiu	x22,x26,298	 x26:0x00000000 x22=0x00000001
        4925000	       491	80000770	016505b3	add	x11,x10,x22	 x10:0x00000001 x22:0x00000001 x11=0x00000002
        4935000	       492	80000774	000a4033	xor	x0,x20,x0	 x20:0x00000000  x0:0x00000000
        4945000	       493	80000778	00510483	lb	x9,5(x2)	  x2:0x800089e4  x9=0x00000000 PA:0x800089e9
        4955000	       494	8000077c	fe311e23	sh	x3,-4(x2)	  x2:0x800089e4  x3:0x00000000 PA:0x800089e0
        4965000	       495	80000780	40115493	srai	x9,x2,0x1	  x2:0x800089e4  x9=0xc00044f2
        4975000	       496	80000784	00811423	sh	x8,8(x2)	  x2:0x800089e4  x8:0x5ffae658 PA:0x800089ec
        4985000	       497	80000788	40b7dbb3	sra	x23,x15,x11	 x15:0x00000000 x11:0x00000002 x23=0x00000000
        4995000	       498	8000078c	006c3db3	sltu	x27,x24,x6	 x24:0x80000000  x6:0x00000000 x27=0x00000000
        5005000	       499	80000790	0f41b613	sltiu	x12,x3,244	  x3:0x00000000 x12=0x00000001
        5015000	       500	80000794	010101a3	sb	x16,3(x2)	  x2:0x800089e4 x16:0x00000000 PA:0x800089e7
        5025000	       501	80000798	ff015c83	lhu	x25,-16(x2)	  x2:0x800089e4 x25=0x00000000 PA:0x800089d4
        5035000	       502	8000079c	08774593	xori	x11,x14,135	 x14:0x00000000 x11=0x00000087
        5045000	       503	800007a0	005e7633	and	x12,x28,x5	 x28:0x00000000  x5:0x00000000 x12=0x00000000
        5055000	       504	800007a4	fe110ba3	sb	x1,-9(x2)	  x2:0x800089e4  x1:0x00000000 PA:0x800089db
        5065000	       505	800007a8	410a02b3	sub	x5,x20,x16	 x20:0x00000000 x16:0x00000000  x5=0x00000000
        5075000	       506	800007ac	ffc10ca3	sb	x28,-7(x2)	  x2:0x800089e4 x28:0x00000000 PA:0x800089dd
        5085000	       507	800007b0	01821f93	slli	x31,x4,0x18	  x4:0x00000000 x31=0x00000000
        5095000	       508	800007b4	f2074193	xori	x3,x14,-224	 x14:0x00000000  x3=0xffffff20
        5105000	       509	800007b8	01e4e5b3	or	x11,x9,x30	  x9:0xc00044f2 x30:0x00000000 x11=0xc00044f2
        5115000	       510	800007bc	ffb14903	lbu	x18,-5(x2)	  x2:0x800089e4 x18=0x00000000 PA:0x800089df
        5125000	       511	800007c0	ff310303	lb	x6,-13(x2)	  x2:0x800089e4  x6=0x00000000 PA:0x800089d7
        5135000	       512	800007c4	00529813	slli	x16,x5,0x5	  x5:0x00000000 x16=0x00000000
        5145000	       513	800007c8	001befb3	or	x31,x23,x1	 x23:0x00000000  x1:0x00000000 x31=0x00000000
        5155000	       514	800007cc	00b10203	lb	x4,11(x2)	  x2:0x800089e4  x4=0x00000000 PA:0x800089ef
        5165000	       515	800007d0	6ec9eab7	lui	x21,0x6ec9e	 x21=0x6ec9e000
        5175000	       516	800007d4	004819b3	sll	x19,x16,x4	 x16:0x00000000  x4:0x00000000 x19=0x00000000
        5185000	       517	800007d8	eef78e13	addi	x28,x15,-273	 x15:0x00000000 x28=0xfffffeef
        5195000	       518	800007dc	414c5eb3	sra	x29,x24,x20	 x24:0x80000000 x20:0x00000000 x29=0x80000000
        5205000	       519	800007e0	00000013	addi	x0,x0,0	  x0:0x00000000
        5215000	       520	800007e4	0079ff33	and	x30,x19,x7	 x19:0x00000000  x7:0x8b2c3679 x30=0x00000000
        5225000	       521	800007e8	015106a3	sb	x21,13(x2)	  x2:0x800089e4 x21:0x6ec9e000 PA:0x800089f1
        5235000	       522	800007ec	ff514b83	lbu	x23,-11(x2)	  x2:0x800089e4 x23=0x00000000 PA:0x800089d9
        5245000	       523	800007f0	00714d83	lbu	x27,7(x2)	  x2:0x800089e4 x27=0x00000000 PA:0x800089eb
        5255000	       524	800007f4	00008117	auipc	x2,0x8	  x2=0x800087f0
        5265000	       525	800007f8	fb310113	addi	x2,x2,-77	  x2:0x800087f0  x2=0x800087a3
        5275000	       526	800007fc	5e9c0413	addi	x8,x24,1513	 x24:0x80000000  x8=0x800005e9
        5285000	       527	80000800	8bc58b93	addi	x23,x11,-1860	 x11:0xc00044f2 x23=0xc0003dae
        5295000	       528	80000804	fca14f03	lbu	x30,-54(x2)	  x2:0x800087a3 x30=0x00000000 PA:0x8000876d
        5305000	       529	80000808	01dd0db3	add	x27,x26,x29	 x26:0x00000000 x29:0x80000000 x27=0x80000000
        5315000	       530	8000080c	4163d613	srai	x12,x7,0x16	  x7:0x8b2c3679 x12=0xfffffe2c
        5325000	       531	80000810	fc7103a3	sb	x7,-57(x2)	  x2:0x800087a3  x7:0x8b2c3679 PA:0x8000876a
        5335000	       532	80000814	fd7118a3	sh	x23,-47(x2)	  x2:0x800087a3 x23:0xc0003dae PA:0x80008774
        5345000	       533	80000818	fd010c83	lb	x25,-48(x2)	  x2:0x800087a3 x25=0x00000000 PA:0x80008773
        5355000	       534	8000081c	fd310283	lb	x5,-45(x2)	  x2:0x800087a3  x5=0x00000000 PA:0x80008776
        5365000	       535	80000820	00000013	addi	x0,x0,0	  x0:0x00000000
        5375000	       536	80000824	07e77293	andi	x5,x14,126	 x14:0x00000000  x5=0x00000000
        5385000	       537	80000828	f36c3a93	sltiu	x21,x24,-202	 x24:0x80000000 x21=0x00000001
        5395000	       538	8000082c	0030a633	slt	x12,x1,x3	  x1:0x00000000  x3:0xffffff20 x12=0x00000000
        5405000	       539	80000830	0104b0b3	sltu	x1,x9,x16	  x9:0xc00044f2 x16:0x00000000  x1=0x00000000
        5415000	       540	80000834	010042b3	xor	x5,x0,x16	  x0:0x00000000 x16:0x00000000  x5=0x00000000
        5425000	       541	80000838	01b985b3	add	x11,x19,x27	 x19:0x00000000 x27:0x80000000 x11=0x80000000
        5435000	       542	8000083c	fef10b23	sb	x15,-10(x2)	  x2:0x800087a3 x15:0x00000000 PA:0x80008799
        5445000	       543	80000840	008119a3	sh	x8,19(x2)	  x2:0x800087a3  x8:0x800005e9 PA:0x800087b6
        5455000	       544	80000844	f10f6db7	lui	x27,0xf10f6	 x27=0xf10f6000
        5465000	       545	80000848	ff2128a3	sw	x18,-15(x2)	  x2:0x800087a3 x18:0x00000000 PA:0x80008794
        5475000	       546	8000084c	fe810a83	lb	x21,-24(x2)	  x2:0x800087a3 x21=0x00000000 PA:0x8000878b
        5485000	       547	80000850	6becfb93	andi	x23,x25,1726	 x25:0x00000000 x23=0x00000000
        5495000	       548	80000854	00000013	addi	x0,x0,0	  x0:0x00000000
        5505000	       549	80000858	0059a933	slt	x18,x19,x5	 x19:0x00000000  x5:0x00000000 x18=0x00000000
        5515000	       550	8000085c	40a4dfb3	sra	x31,x9,x10	  x9:0xc00044f2 x10:0x00000001 x31=0xe0002279
        5525000	       551	80000860	01515703	lhu	x14,21(x2)	  x2:0x800087a3 x14=0x00009f84 PA:0x800087b8
        5535000	       552	80000864	03212aa3	sw	x18,53(x2)	  x2:0x800087a3 x18:0x00000000 PA:0x800087d8
        5545000	       553	80000868	03310403	lb	x8,51(x2)	  x2:0x800087a3  x8=0xffffffc8 PA:0x800087d6
        5555000	       554	8000086c	03e14183	lbu	x3,62(x2)	  x2:0x800087a3  x3=0x00000000 PA:0x800087e1
        5565000	       555	80000870	48f04d13	xori	x26,x0,1167	  x0:0x00000000 x26=0x0000048f
        5575000	       556	80000874	0059a5b3	slt	x11,x19,x5	 x19:0x00000000  x5:0x00000000 x11=0x00000000
        5585000	       557	80000878	fe410c23	sb	x4,-8(x2)	  x2:0x800087a3  x4:0x00000000 PA:0x8000879b
        5595000	       558	8000087c	00d185b3	add	x11,x3,x13	  x3:0x00000000 x13:0x80009f84 x11=0x80009f84
        5605000	       559	80000880	01c14503	lbu	x10,28(x2)	  x2:0x800087a3 x10=0x00000000 PA:0x800087bf
        5615000	       560	80000884	e834ba93	sltiu	x21,x9,-381	  x9:0xc00044f2 x21=0x00000001
        5625000	       561	80000888	007ad093	srli	x1,x21,0x7	 x21:0x00000001  x1=0x00000000
        5635000	       562	8000088c	00000013	addi	x0,x0,0	  x0:0x00000000
        5645000	       563	80000890	1c626393	ori	x7,x4,454	  x4:0x00000000  x7=0x000001c6
        5655000	       564	80000894	04a10023	sb	x10,64(x2)	  x2:0x800087a3 x10:0x00000000 PA:0x800087e3
        5665000	       565	80000898	00008117	auipc	x2,0x8	  x2=0x80008894
        5675000	       566	8000089c	f4210113	addi	x2,x2,-190	  x2:0x80008894  x2=0x800087d6
        5685000	       567	800008a0	ff611903	lh	x18,-10(x2)	  x2:0x800087d6 x18=0x00000000 PA:0x800087cc
        5695000	       568	800008a4	ff611903	lh	x18,-10(x2)	  x2:0x800087d6 x18=0x00000000 PA:0x800087cc
        5705000	       569	800008a8	ff612283	lw	x5,-10(x2)	  x2:0x800087d6  x5=0x00000000 PA:0x800087cc
        5715000	       570	800008ac	ff611703	lh	x14,-10(x2)	  x2:0x800087d6 x14=0x00000000 PA:0x800087cc
        5725000	       571	800008b0	ff615783	lhu	x15,-10(x2)	  x2:0x800087d6 x15=0x00000000 PA:0x800087cc
        5735000	       572	800008b4	ff614f03	lbu	x30,-10(x2)	  x2:0x800087d6 x30=0x00000000 PA:0x800087cc
        5745000	       573	800008b8	ff615203	lhu	x4,-10(x2)	  x2:0x800087d6  x4=0x00000000 PA:0x800087cc
        5755000	       574	800008bc	ff610f03	lb	x30,-10(x2)	  x2:0x800087d6 x30=0x00000000 PA:0x800087cc
        5765000	       575	800008c0	fe310b23	sb	x3,-10(x2)	  x2:0x800087d6  x3:0x00000000 PA:0x800087cc
        5775000	       576	800008c4	0105b533	sltu	x10,x11,x16	 x11:0x80009f84 x16:0x00000000 x10=0x00000000
        5785000	       577	800008c8	00010b83	lb	x23,0(x2)	  x2:0x800087d6 x23=0xffffffc8 PA:0x800087d6
        5795000	       578	800008cc	4014dab3	sra	x21,x9,x1	  x9:0xc00044f2  x1:0x00000000 x21=0xc00044f2
        5805000	       579	800008d0	00010483	lb	x9,0(x2)	  x2:0x800087d6  x9=0xffffffc8 PA:0x800087d6
        5815000	       580	800008d4	01f10023	sb	x31,0(x2)	  x2:0x800087d6 x31:0xe0002279 PA:0x800087d6
        5825000	       581	800008d8	3db01db7	lui	x27,0x3db01	 x27=0x3db01000
        5835000	       582	800008dc	00014b03	lbu	x22,0(x2)	  x2:0x800087d6 x22=0x00000079 PA:0x800087d6
        5845000	       583	800008e0	01a10023	sb	x26,0(x2)	  x2:0x800087d6 x26:0x0000048f PA:0x800087d6
        5855000	       584	800008e4	01511023	sh	x21,0(x2)	  x2:0x800087d6 x21:0xc00044f2 PA:0x800087d6
        5865000	       585	800008e8	00008b97	auipc	x23,0x8	 x23=0x800088e4
        5875000	       586	800008ec	152b8b93	addi	x23,x23,338	 x23:0x800088e4 x23=0x80008a36
        5885000	       587	800008f0	022b9423	sh	x2,40(x23)	 x23:0x80008a36  x2:0x800087d6 PA:0x80008a5e
        5895000	       588	800008f4	0028b3b3	sltu	x7,x17,x2	 x17:0x80009fc4  x2:0x800087d6  x7=0x00000000
        5905000	       589	800008f8	fdfb8f83	lb	x31,-33(x23)	 x23:0x80008a36 x31=0x00000000 PA:0x80008a15
        5915000	       590	800008fc	010bce83	lbu	x29,16(x23)	 x23:0x80008a36 x29=0x00000000 PA:0x80008a46
        5925000	       591	80000900	3ccdf413	andi	x8,x27,972	 x27:0x3db01000  x8=0x00000000
        5935000	       592	80000904	01c71993	slli	x19,x14,0x1c	 x14:0x00000000 x19=0x00000000
        5945000	       593	80000908	00000013	addi	x0,x0,0	  x0:0x00000000
        5955000	       594	8000090c	01b45033	srl	x0,x8,x27	  x8:0x00000000 x27:0x3db01000
        5965000	       595	80000910	d65c6a13	ori	x20,x24,-667	 x24:0x80000000 x20=0xfffffd65
        5975000	       596	80000914	00000013	addi	x0,x0,0	  x0:0x00000000
        5985000	       597	80000918	fe1b8383	lb	x7,-31(x23)	 x23:0x80008a36  x7=0x00000000 PA:0x80008a17
        5995000	       598	8000091c	b89c4593	xori	x11,x24,-1143	 x24:0x80000000 x11=0x7ffffb89
        6005000	       599	80000920	01892f33	slt	x30,x18,x24	 x18:0x00000000 x24:0x80000000 x30=0x00000000
        6015000	       600	80000924	00fb8ca3	sb	x15,25(x23)	 x23:0x80008a36 x15:0x00000000 PA:0x80008a4f
        6025000	       601	80000928	ff7b8923	sb	x23,-14(x23)	 x23:0x80008a36 x23:0x80008a36 PA:0x80008a28
        6035000	       602	8000092c	01f5da93	srli	x21,x11,0x1f	 x11:0x7ffffb89 x21=0x00000000
        6045000	       603	80000930	fe3b8083	lb	x1,-29(x23)	 x23:0x80008a36  x1=0x00000000 PA:0x80008a19
        6055000	       604	80000934	03bbc083	lbu	x1,59(x23)	 x23:0x80008a36  x1=0x00000000 PA:0x80008a71
        6065000	       605	80000938	5cca7a13	andi	x20,x20,1484	 x20:0xfffffd65 x20=0x00000544
        6075000	       606	8000093c	00c8fb33	and	x22,x17,x12	 x17:0x80009fc4 x12:0x00000000 x22=0x00000000
        6085000	       607	80000940	8b1eef93	ori	x31,x29,-1871	 x29:0x00000000 x31=0xfffff8b1
        6095000	       608	80000944	fd6b8b03	lb	x22,-42(x23)	 x23:0x80008a36 x22=0x00000000 PA:0x80008a0c
        6105000	       609	80000948	fc1b8103	lb	x2,-63(x23)	 x23:0x80008a36  x2=0x00000000 PA:0x800089f7
        6115000	       610	8000094c	00f28d33	add	x26,x5,x15	  x5:0x00000000 x15:0x00000000 x26=0x00000000
        6125000	       611	80000950	f535c013	xori	x0,x11,-173	 x11:0x7ffffb89
        6135000	       612	80000954	ffebc383	lbu	x7,-2(x23)	 x23:0x80008a36  x7=0x00000000 PA:0x80008a34
        6145000	       613	80000958	4966fc93	andi	x25,x13,1174	 x13:0x80009f84 x25=0x00000484
        6155000	       614	8000095c	fcebc383	lbu	x7,-50(x23)	 x23:0x80008a36  x7=0x00000000 PA:0x80008a04
        6165000	       615	80000960	01a02033	slt	x0,x0,x26	  x0:0x00000000 x26:0x00000000
        6175000	       616	80000964	40e30233	sub	x4,x6,x14	  x6:0x00000000 x14:0x00000000  x4=0x00000000
        6185000	       617	80000968	004f9433	sll	x8,x31,x4	 x31:0xfffff8b1  x4:0x00000000  x8=0xfffff8b1
        6195000	       618	8000096c	025b8ea3	sb	x5,61(x23)	 x23:0x80008a36  x5:0x00000000 PA:0x80008a73
        6205000	       619	80000970	fccb8703	lb	x14,-52(x23)	 x23:0x80008a36 x14=0x00000000 PA:0x80008a02
        6215000	       620	80000974	00abcd33	xor	x26,x23,x10	 x23:0x80008a36 x10:0x00000000 x26=0x80008a36
        6225000	       621	80000978	fdeb9e23	sh	x30,-36(x23)	 x23:0x80008a36 x30:0x00000000 PA:0x80008a12
        6235000	       622	8000097c	fdbb8583	lb	x11,-37(x23)	 x23:0x80008a36 x11=0x00000000 PA:0x80008a11
        6245000	       623	80000980	b1a9d997	auipc	x19,0xb1a9d	 x19=0x31a9d97c
        6255000	       624	80000984	015b8283	lb	x5,21(x23)	 x23:0x80008a36  x5=0xffffffd2 PA:0x80008a4b
        6265000	       625	80000988	fcab9423	sh	x10,-56(x23)	 x23:0x80008a36 x10:0x00000000 PA:0x800089fe
        6275000	       626	8000098c	fc3b8f83	lb	x31,-61(x23)	 x23:0x80008a36 x31=0x00000000 PA:0x800089f9
        6285000	       627	80000990	41e55633	sra	x12,x10,x30	 x10:0x00000000 x30:0x00000000 x12=0x00000000
        6295000	       628	80000994	017e0ab3	add	x21,x28,x23	 x28:0xfffffeef x23:0x80008a36 x21=0x80008925
        6305000	       629	80000998	00efd013	srli	x0,x31,0xe	 x31:0x00000000
        6315000	       630	8000099c	fefb8a83	lb	x21,-17(x23)	 x23:0x80008a36 x21=0x00000000 PA:0x80008a25
        6325000	       631	800009a0	41e5db13	srai	x22,x11,0x1e	 x11:0x00000000 x22=0x00000000
        6335000	       632	800009a4	011b8003	lb	x0,17(x23)	 x23:0x80008a36 PA:0x80008a47
        6345000	       633	800009a8	012cc533	xor	x10,x25,x18	 x25:0x00000484 x18:0x00000000 x10=0x00000484
        6355000	       634	800009ac	ff5b8783	lb	x15,-11(x23)	 x23:0x80008a36 x15=0x00000000 PA:0x80008a2b
        6365000	       635	800009b0	011f8ab3	add	x21,x31,x17	 x31:0x00000000 x17:0x80009fc4 x21=0x80009fc4
        6375000	       636	800009b4	01d4c863	blt	x9,x29,800009c4	  x9:0xffffffc8 x29:0x00000000
        6385000	       637	00000000	00000013	addi	x0,x0,0	  x0:0x00000000
        6395000	       638	800009c0	00000013	addi	x0,x0,0	  x0:0x00000000
        6405000	       639	800009c4	012bdf33	srl	x30,x23,x18	 x23:0x80008a36 x18:0x00000000 x30=0x80008a36
        6415000	       640	800009c8	031ada63	bge	x21,x17,800009fc	 x21:0x80009fc4 x17:0x80009fc4
        6425000	       641	00000000	00000013	addi	x0,x0,0	  x0:0x00000000
        6435000	       642	800009f8	00000013	addi	x0,x0,0	  x0:0x00000000
        6445000	       643	800009fc	00981813	slli	x16,x16,0x9	 x16:0x00000000 x16=0x00000000
        6455000	       644	80000a00	33d12113	slti	x2,x2,829	  x2:0x00000000  x2=0x00000001
        6465000	       645	80000a04	00000013	addi	x0,x0,0	  x0:0x00000000
        6475000	       646	80000a08	000f0ab3	add	x21,x30,x0	 x30:0x80008a36  x0:0x00000000 x21=0x80008a36
        6485000	       647	80000a0c	40f85cb3	sra	x25,x16,x15	 x16:0x00000000 x15:0x00000000 x25=0x00000000
        6495000	       648	80000a10	01577833	and	x16,x14,x21	 x14:0x00000000 x21:0x80008a36 x16=0x00000000
        6505000	       649	80000a14	c1efe413	ori	x8,x31,-994	 x31:0x00000000  x8=0xfffffc1e
        6515000	       650	80000a18	0032d993	srli	x19,x5,0x3	  x5:0xffffffd2 x19=0x1ffffffa
        6525000	       651	80000a1c	03a81e63	bne	x16,x26,80000a58	 x16:0x00000000 x26:0x80008a36
        6535000	       652	00000000	00000013	addi	x0,x0,0	  x0:0x00000000
        6545000	       653	80000a54	00000013	addi	x0,x0,0	  x0:0x00000000
        6555000	       654	80000a58	4a37c813	xori	x16,x15,1187	 x15:0x00000000 x16=0x000004a3
        6565000	       655	80000a5c	00723133	sltu	x2,x4,x7	  x4:0x00000000  x7:0x00000000  x2=0x00000000
        6575000	       656	80000a60	415edcb3	sra	x25,x29,x21	 x29:0x00000000 x21:0x80008a36 x25=0x00000000
        6585000	       657	80000a64	572db193	sltiu	x3,x27,1394	 x27:0x3db01000  x3=0x00000000
        6595000	       658	80000a68	03770e63	beq	x14,x23,80000aa4	 x14:0x00000000 x23:0x80008a36
        6605000	       659	80000a6c	00271093	slli	x1,x14,0x2	 x14:0x00000000  x1=0x00000000
        6615000	       660	80000a70	00e5d5b3	srl	x11,x11,x14	 x11:0x00000000 x14:0x00000000 x11=0x00000000
        6625000	       661	80000a74	0138d7b3	srl	x15,x17,x19	 x17:0x80009fc4 x19:0x1ffffffa x15=0x00000020
        6635000	       662	80000a78	0105f333	and	x6,x11,x16	 x11:0x00000000 x16:0x000004a3  x6=0x00000000
        6645000	       663	80000a7c	0293ee63	bltu	x7,x9,80000ab8	  x7:0x00000000  x9:0xffffffc8
        6655000	       664	00000000	00000013	addi	x0,x0,0	  x0:0x00000000
        6665000	       665	80000ab4	00000013	addi	x0,x0,0	  x0:0x00000000
        6675000	       666	80000ab8	01ef9a93	slli	x21,x31,0x1e	 x31:0x00000000 x21=0x00000000
        6685000	       667	80000abc	90c6d017	auipc	x0,0x90c6d	
        6695000	       668	80000ac0	0482c263	blt	x5,x8,80000b04	  x5:0xffffffd2  x8:0xfffffc1e
        6705000	       669	80000ac4	003f12b3	sll	x5,x30,x3	 x30:0x80008a36  x3:0x00000000  x5=0x80008a36
        6715000	       670	80000ac8	02c57063	bgeu	x10,x12,80000ae8	 x10:0x00000484 x12:0x00000000
        6725000	       671	00000000	00000013	addi	x0,x0,0	  x0:0x00000000
        6735000	       672	80000ae4	00000013	addi	x0,x0,0	  x0:0x00000000
        6745000	       673	80000ae8	31c96a93	ori	x21,x18,796	 x18:0x00000000 x21=0x0000031c
        6755000	       674	80000aec	0119bb33	sltu	x22,x19,x17	 x19:0x1ffffffa x17:0x80009fc4 x22=0x00000001
        6765000	       675	80000af0	41ced293	srai	x5,x29,0x1c	 x29:0x00000000  x5=0x00000000
        6775000	       676	80000af4	a2af6793	ori	x15,x30,-1494	 x30:0x80008a36 x15=0xfffffa3e
        6785000	       677	80000af8	01b18863	beq	x3,x27,80000b08	  x3:0x00000000 x27:0x3db01000
        6795000	       678	80000afc	41175793	srai	x15,x14,0x11	 x14:0x00000000 x15=0x00000000
        6805000	       679	80000b00	00ed1333	sll	x6,x26,x14	 x26:0x80008a36 x14:0x00000000  x6=0x80008a36
        6815000	       680	80000b04	0094eeb3	or	x29,x9,x9	  x9:0xffffffc8  x9:0xffffffc8 x29=0xffffffc8
        6825000	       681	80000b08	01c6d633	srl	x12,x13,x28	 x13:0x80009f84 x28:0xfffffeef x12=0x00010001
        6835000	       682	80000b0c	01165cb3	srl	x25,x12,x17	 x12:0x00010001 x17:0x80009fc4 x25=0x00001000
        6845000	       683	80000b10	00f09493	slli	x9,x1,0xf	  x1:0x00000000  x9=0x00000000
        6855000	       684	80000b14	01806433	or	x8,x0,x24	  x0:0x00000000 x24:0x80000000  x8=0x80000000
        6865000	       685	80000b18	9cebcf13	xori	x30,x23,-1586	 x23:0x80008a36 x30=0x7fff73f8
        6875000	       686	80000b1c	412c5233	sra	x4,x24,x18	 x24:0x80000000 x18:0x00000000  x4=0x80000000
        6885000	       687	80000b20	0098b133	sltu	x2,x17,x9	 x17:0x80009fc4  x9:0x00000000  x2=0x00000000
        6895000	       688	80000b24	01809663	bne	x1,x24,80000b30	  x1:0x00000000 x24:0x80000000
        6905000	       689	00000000	00000013	addi	x0,x0,0	  x0:0x00000000
        6915000	       690	80000b2c	00000013	addi	x0,x0,0	  x0:0x00000000
        6925000	       691	80000b30	000472b3	and	x5,x8,x0	  x8:0x80000000  x0:0x00000000  x5=0x00000000
        6935000	       692	80000b34	00000013	addi	x0,x0,0	  x0:0x00000000
        6945000	       693	80000b38	00cf9433	sll	x8,x31,x12	 x31:0x00000000 x12:0x00010001  x8=0x00000000
        6955000	       694	80000b3c	a2793713	sltiu	x14,x18,-1497	 x18:0x00000000 x14=0x00000001
        6965000	       695	80000b40	04d1b513	sltiu	x10,x3,77	  x3:0x00000000 x10=0x00000001
        6975000	       696	80000b44	85fec713	xori	x14,x29,-1953	 x29:0xffffffc8 x14=0x00000797
        6985000	       697	80000b48	022be863	bltu	x23,x2,80000b78	 x23:0x80008a36  x2:0x00000000
        6995000	       698	80000b4c	0129e233	or	x4,x19,x18	 x19:0x1ffffffa x18:0x00000000  x4=0x1ffffffa
        7005000	       699	80000b50	8b39c593	xori	x11,x19,-1869	 x19:0x1ffffffa x11=0xe0000749
        7015000	       700	80000b54	00aae663	bltu	x21,x10,80000b60	 x21:0x0000031c x10:0x00000001
        7025000	       701	80000b58	497c8913	addi	x18,x25,1175	 x25:0x00001000 x18=0x00001497
        7035000	       702	80000b5c	00c94333	xor	x6,x18,x12	 x18:0x00001497 x12:0x00010001  x6=0x00011496
        7045000	       703	80000b60	00fd7633	and	x12,x26,x15	 x26:0x80008a36 x15:0x00000000 x12=0x00000000
        7055000	       704	80000b64	00218033	add	x0,x3,x2	  x3:0x00000000  x2:0x00000000
        7065000	       705	80000b68	406c8833	sub	x16,x25,x6	 x25:0x00001000  x6:0x00011496 x16=0xfffefb6a
        7075000	       706	80000b6c	6e943797	auipc	x15,0x6e943	 x15=0xee943b68
        7085000	       707	80000b70	fea58317	auipc	x6,0xfea58	  x6=0x7ea58b6c
        7095000	       708	80000b74	00000013	addi	x0,x0,0	  x0:0x00000000
        7105000	       709	80000b78	f7c62193	slti	x3,x12,-132	 x12:0x00000000  x3=0x00000000
        7115000	       710	80000b7c	00c85793	srli	x15,x16,0xc	 x16:0xfffefb6a x15=0x000fffef
        7125000	       711	80000b80	01996e63	bltu	x18,x25,80000b9c	 x18:0x00001497 x25:0x00001000
        7135000	       712	80000b84	c547c3b7	lui	x7,0xc547c	  x7=0xc547c000
        7145000	       713	80000b88	01351c93	slli	x25,x10,0x13	 x10:0x00000001 x25=0x00080000
        7155000	       714	80000b8c	004f7a33	and	x20,x30,x4	 x30:0x7fff73f8  x4:0x1ffffffa x20=0x1fff73f8
        7165000	       715	80000b90	017751b3	srl	x3,x14,x23	 x14:0x00000797 x23:0x80008a36  x3=0x00000000
        7175000	       716	80000b94	414f0eb3	sub	x29,x30,x20	 x30:0x7fff73f8 x20:0x1fff73f8 x29=0x60000000
        7185000	       717	80000b98	f8b55d97	auipc	x27,0xf8b55	 x27=0x78b55b94
        7195000	       718	80000b9c	00531e33	sll	x28,x6,x5	  x6:0x7ea58b6c  x5:0x00000000 x28=0x7ea58b6c
        7205000	       719	80000ba0	4f98c093	xori	x1,x17,1273	 x17:0x80009fc4  x1=0x80009b3d
        7215000	       720	80000ba4	00205f13	srli	x30,x0,0x2	  x0:0x00000000 x30=0x00000000
        7225000	       721	80000ba8	00004533	xor	x10,x0,x0	  x0:0x00000000  x0:0x00000000 x10=0x00000000
        7235000	       722	80000bac	038dc663	blt	x27,x24,80000bd8	 x27:0x78b55b94 x24:0x80000000
        7245000	       723	80000bb0	41e157b3	sra	x15,x2,x30	  x2:0x00000000 x30:0x00000000 x15=0x00000000
        7255000	       724	80000bb4	dde76b13	ori	x22,x14,-546	 x14:0x00000797 x22=0xffffffdf
        7265000	       725	80000bb8	0a8ea937	lui	x18,0xa8ea	 x18=0x0a8ea000
        7275000	       726	80000bbc	9cae12b7	lui	x5,0x9cae1	  x5=0x9cae1000
        7285000	       727	80000bc0	01d9ab13	slti	x22,x19,29	 x19:0x1ffffffa x22=0x00000000
        7295000	       728	80000bc4	00214533	xor	x10,x2,x2	  x2:0x00000000  x2:0x00000000 x10=0x00000000
        7305000	       729	80000bc8	e2d13093	sltiu	x1,x2,-467	  x2:0x00000000  x1=0x00000001
        7315000	       730	80000bcc	001260b3	or	x1,x4,x1	  x4:0x1ffffffa  x1:0x00000001  x1=0x1ffffffb
        7325000	       731	80000bd0	007a5333	srl	x6,x20,x7	 x20:0x1fff73f8  x7:0xc547c000  x6=0x1fff73f8
        7335000	       732	80000bd4	01c11713	slli	x14,x2,0x1c	  x2:0x00000000 x14=0x00000000
        7345000	       733	80000bd8	0fbf8063	beq	x31,x27,80000cb8	 x31:0x00000000 x27:0x78b55b94
        7355000	       734	80000bdc	22fee393	ori	x7,x29,559	 x29:0x60000000  x7=0x6000022f
        7365000	       735	80000be0	0e3b7663	bgeu	x22,x3,80000ccc	 x22:0x00000000  x3:0x00000000
        7375000	       736	00000000	00000013	addi	x0,x0,0	  x0:0x00000000
        7385000	       737	80000cc8	00000013	addi	x0,x0,0	  x0:0x00000000
        7395000	       738	80000ccc	01d27eb3	and	x29,x4,x29	  x4:0x1ffffffa x29:0x60000000 x29=0x00000000
        7405000	       739	80000cd0	002ace63	blt	x21,x2,80000cec	 x21:0x0000031c  x2:0x00000000
        7415000	       740	80000cd4	0126d113	srli	x2,x13,0x12	 x13:0x80009f84  x2=0x00002000
        7425000	       741	80000cd8	7f58cb13	xori	x22,x17,2037	 x17:0x80009fc4 x22=0x80009831
        7435000	       742	80000cdc	00000013	addi	x0,x0,0	  x0:0x00000000
        7445000	       743	80000ce0	015aa0b3	slt	x1,x21,x21	 x21:0x0000031c x21:0x0000031c  x1=0x00000000
        7455000	       744	80000ce4	4bea0993	addi	x19,x20,1214	 x20:0x1fff73f8 x19=0x1fff78b6
        7465000	       745	80000ce8	00679463	bne	x15,x6,80000cf0	 x15:0x00000000  x6:0x1fff73f8
        7475000	       746	00000000	00000013	addi	x0,x0,0	  x0:0x00000000
        7485000	       747	80000cec	00000013	addi	x0,x0,0	  x0:0x00000000
        7495000	       748	80000cf0	413cd113	srai	x2,x25,0x13	 x25:0x00080000  x2=0x00000001
        7505000	       749	80000cf4	00f42db3	slt	x27,x8,x15	  x8:0x00000000 x15:0x00000000 x27=0x00000000
        7515000	       750	80000cf8	f94ae617	auipc	x12,0xf94ae	 x12=0x794aecf4
        7525000	       751	80000cfc	00b51a63	bne	x10,x11,80000d10	 x10:0x00000000 x11:0xe0000749
        7535000	       752	00000000	00000013	addi	x0,x0,0	  x0:0x00000000
        7545000	       753	80000d0c	00000013	addi	x0,x0,0	  x0:0x00000000
        7555000	       754	80000d10	a5294213	xori	x4,x18,-1454	 x18:0x0a8ea000  x4=0xf5715a52
        7565000	       755	80000d14	014fdeb3	srl	x29,x31,x20	 x31:0x00000000 x20:0x1fff73f8 x29=0x00000000
        7575000	       756	80000d18	41855133	sra	x2,x10,x24	 x10:0x00000000 x24:0x80000000  x2=0x00000000
        7585000	       757	80000d1c	005399b3	sll	x19,x7,x5	  x7:0x6000022f  x5:0x9cae1000 x19=0x6000022f
        7595000	       758	80000d20	0125aeb3	slt	x29,x11,x18	 x11:0xe0000749 x18:0x0a8ea000 x29=0x00000001
        7605000	       759	80000d24	00851413	slli	x8,x10,0x8	 x10:0x00000000  x8=0x00000000
        7615000	       760	80000d28	5d3a7913	andi	x18,x20,1491	 x20:0x1fff73f8 x18=0x000001d0
        7625000	       761	80000d2c	0129fe63	bgeu	x19,x18,80000d48	 x19:0x6000022f x18:0x000001d0
        7635000	       762	00000000	00000013	addi	x0,x0,0	  x0:0x00000000
        7645000	       763	80000d44	00000013	addi	x0,x0,0	  x0:0x00000000
        7655000	       764	80000d48	00e2d7b3	srl	x15,x5,x14	  x5:0x9cae1000 x14:0x00000000 x15=0x9cae1000
        7665000	       765	80000d4c	05894263	blt	x18,x24,80000d90	 x18:0x000001d0 x24:0x80000000
        7675000	       766	80000d50	01125f13	srli	x30,x4,0x11	  x4:0xf5715a52 x30=0x00007ab8
        7685000	       767	80000d54	00f01ab3	sll	x21,x0,x15	  x0:0x00000000 x15:0x9cae1000 x21=0x00000000
        7695000	       768	80000d58	7565cc93	xori	x25,x11,1878	 x11:0xe0000749 x25=0xe000001f
        7705000	       769	80000d5c	72231d37	lui	x26,0x72231	 x26=0x72231000
        7715000	       770	80000d60	b49b0e13	addi	x28,x22,-1207	 x22:0x80009831 x28=0x8000937a
        7725000	       771	80000d64	41978033	sub	x0,x15,x25	 x15:0x9cae1000 x25:0xe000001f
        7735000	       772	80000d68	41badeb3	sra	x29,x21,x27	 x21:0x00000000 x27:0x00000000 x29=0x00000000
        7745000	       773	80000d6c	019b4733	xor	x14,x22,x25	 x22:0x80009831 x25:0xe000001f x14=0x6000982e
        7755000	       774	80000d70	41a60e33	sub	x28,x12,x26	 x12:0x794aecf4 x26:0x72231000 x28=0x0727dcf4
        7765000	       775	80000d74	01ad5413	srli	x8,x26,0x1a	 x26:0x72231000  x8=0x0000001c
        7775000	       776	80000d78	0155e433	or	x8,x11,x21	 x11:0xe0000749 x21:0x00000000  x8=0xe0000749
        7785000	       777	80000d7c	a77e5b17	auipc	x22,0xa77e5	 x22=0x277e5d78
        7795000	       778	80000d80	00ad39b3	sltu	x19,x26,x10	 x26:0x72231000 x10:0x00000000 x19=0x00000000
        7805000	       779	80000d84	40f6df13	srai	x30,x13,0xf	 x13:0x80009f84 x30=0xffff0001
        7815000	       780	80000d88	d7035cb7	lui	x25,0xd7035	 x25=0xd7035000
        7825000	       781	80000d8c	7e2af797	auipc	x15,0x7e2af	 x15=0xfe2afd88
        7835000	       782	80000d90	00099f93	slli	x31,x19,0x0	 x19:0x00000000 x31=0x00000000
        7845000	       783	80000d94	00000013	addi	x0,x0,0	  x0:0x00000000
        7855000	       784	80000d98	013b1ab3	sll	x21,x22,x19	 x22:0x277e5d78 x19:0x00000000 x21=0x277e5d78
        7865000	       785	80000d9c	02610063	beq	x2,x6,80000dbc	  x2:0x00000000  x6:0x1fff73f8
        7875000	       786	80000da0	6bc56313	ori	x6,x10,1724	 x10:0x00000000  x6=0x000006bc
        7885000	       787	80000da4	00c3d013	srli	x0,x7,0xc	  x7:0x6000022f
        7895000	       788	80000da8	84664b13	xori	x22,x12,-1978	 x12:0x794aecf4 x22=0x86b514b2
        7905000	       789	80000dac	00000013	addi	x0,x0,0	  x0:0x00000000
        7915000	       790	80000db0	0057ec63	bltu	x15,x5,80000dc8	 x15:0xfe2afd88  x5:0x9cae1000
        7925000	       791	80000db4	93256237	lui	x4,0x93256	  x4=0x93256000
        7935000	       792	80000db8	0a0efd93	andi	x27,x29,160	 x29:0x00000000 x27=0x00000000
        7945000	       793	80000dbc	00f5b7b3	sltu	x15,x11,x15	 x11:0xe0000749 x15:0xfe2afd88 x15=0x00000001
        7955000	       794	80000dc0	007becb3	or	x25,x23,x7	 x23:0x80008a36  x7:0x6000022f x25=0xe0008a3f
        7965000	       795	80000dc4	00096a33	or	x20,x18,x0	 x18:0x000001d0  x0:0x00000000 x20=0x000001d0
        7975000	       796	80000dc8	03b58863	beq	x11,x27,80000df8	 x11:0xe0000749 x27:0x00000000
        7985000	       797	80000dcc	01a92833	slt	x16,x18,x26	 x18:0x000001d0 x26:0x72231000 x16=0x00000001
        7995000	       798	80000dd0	cce2ae13	slti	x28,x5,-818	  x5:0x9cae1000 x28=0x00000001
        8005000	       799	80000dd4	83b34a93	xori	x21,x6,-1989	  x6:0x000006bc x21=0xfffffe87
        8015000	       800	80000dd8	9ddbdc97	auipc	x25,0x9ddbd	 x25=0x1ddbddd4
        8025000	       801	80000ddc	00000013	addi	x0,x0,0	  x0:0x00000000
        8035000	       802	80000de0	0060dab3	srl	x21,x1,x6	  x1:0x00000000  x6:0x000006bc x21=0x00000000
        8045000	       803	80000de4	10628337	lui	x6,0x10628	  x6=0x10628000
        8055000	       804	80000de8	00270eb3	add	x29,x14,x2	 x14:0x6000982e  x2:0x00000000 x29=0x6000982e
        8065000	       805	80000dec	4076d413	srai	x8,x13,0x7	 x13:0x80009f84  x8=0xff00013f
        8075000	       806	80000df0	01d5d9b3	srl	x19,x11,x29	 x11:0xe0000749 x29:0x6000982e x19=0x00038000
        8085000	       807	80000df4	02f7ee63	bltu	x15,x15,80000e30	 x15:0x00000001 x15:0x00000001
        8095000	       808	80000df8	019872b3	and	x5,x16,x25	 x16:0x00000001 x25:0x1ddbddd4  x5=0x00000000
        8105000	       809	80000dfc	00579733	sll	x14,x15,x5	 x15:0x00000001  x5:0x00000000 x14=0x00000001
        8115000	       810	80000e00	40595833	sra	x16,x18,x5	 x18:0x000001d0  x5:0x00000000 x16=0x000001d0
        8125000	       811	80000e04	93c76f93	ori	x31,x14,-1732	 x14:0x00000001 x31=0xfffff93d
        8135000	       812	80000e08	00962bb3	slt	x23,x12,x9	 x12:0x794aecf4  x9:0x00000000 x23=0x00000000
        8145000	       813	80000e0c	40f3de33	sra	x28,x7,x15	  x7:0x6000022f x15:0x00000001 x28=0x30000117
        8155000	       814	80000e10	0043fe63	bgeu	x7,x4,80000e2c	  x7:0x6000022f  x4:0x93256000
        8165000	       815	80000e14	011e91b3	sll	x3,x29,x17	 x29:0x6000982e x17:0x80009fc4  x3=0x000982e0
        8175000	       816	80000e18	00cd2333	slt	x6,x26,x12	 x26:0x72231000 x12:0x794aecf4  x6=0x00000001
        8185000	       817	80000e1c	4058de13	srai	x28,x17,0x5	 x17:0x80009fc4 x28=0xfc0004fe
        8195000	       818	80000e20	016909b3	add	x19,x18,x22	 x18:0x000001d0 x22:0x86b514b2 x19=0x86b51682
        8205000	       819	80000e24	00000013	addi	x0,x0,0	  x0:0x00000000
        8215000	       820	80000e28	01e7fdb3	and	x27,x15,x30	 x15:0x00000001 x30:0xffff0001 x27=0x00000001
        8225000	       821	80000e2c	00000013	addi	x0,x0,0	  x0:0x00000000
        8235000	       822	80000e30	00000013	addi	x0,x0,0	  x0:0x00000000
        8245000	       823	80000e34	40218413	addi	x8,x3,1026	  x3:0x000982e0  x8=0x000986e2
        8255000	       824	80000e38	bb1d3193	sltiu	x3,x26,-1103	 x26:0x72231000  x3=0x00000001
        8265000	       825	80000e3c	013bb033	sltu	x0,x23,x19	 x23:0x00000000 x19:0x86b51682
        8275000	       826	80000e40	00a6de33	srl	x28,x13,x10	 x13:0x80009f84 x10:0x00000000 x28=0x80009f84
        8285000	       827	80000e44	000a1ab3	sll	x21,x20,x0	 x20:0x000001d0  x0:0x00000000 x21=0x000001d0
        8295000	       828	80000e48	70fbb513	sltiu	x10,x23,1807	 x23:0x00000000 x10=0x00000001
        8305000	       829	80000e4c	a3caa513	slti	x10,x21,-1476	 x21:0x000001d0 x10=0x00000000
        8315000	       830	80000e50	0195a333	slt	x6,x11,x25	 x11:0xe0000749 x25:0x1ddbddd4  x6=0x00000001
        8325000	       831	80000e54	02214063	blt	x2,x2,80000e74	  x2:0x00000000  x2:0x00000000
        8335000	       832	80000e58	05330463	beq	x6,x19,80000ea0	  x6:0x00000001 x19:0x86b51682
        8345000	       833	80000e5c	00288d33	add	x26,x17,x2	 x17:0x80009fc4  x2:0x00000000 x26=0x80009fc4
        8355000	       834	80000e60	0031ce63	blt	x3,x3,80000e7c	  x3:0x00000001  x3:0x00000001
        8365000	       835	80000e64	05881263	bne	x16,x24,80000ea8	 x16:0x000001d0 x24:0x80000000
        8375000	       836	00000000	00000013	addi	x0,x0,0	  x0:0x00000000
        8385000	       837	80000ea4	00000013	addi	x0,x0,0	  x0:0x00000000
        8395000	       838	80000ea8	4103d433	sra	x8,x7,x16	  x7:0x6000022f x16:0x000001d0  x8=0x00006000
        8405000	       839	80000eac	401f5993	srai	x19,x30,0x1	 x30:0xffff0001 x19=0xffff8000
        8415000	       840	80000eb0	41850833	sub	x16,x10,x24	 x10:0x00000000 x24:0x80000000 x16=0x80000000
        8425000	       841	80000eb4	e6143e17	auipc	x28,0xe6143	 x28=0x66143eb0
        8435000	       842	80000eb8	d2b32493	slti	x9,x6,-725	  x6:0x00000001  x9=0x00000000
        8445000	       843	80000ebc	410bd9b3	sra	x19,x23,x16	 x23:0x00000000 x16:0x80000000 x19=0x00000000
        8455000	       844	80000ec0	40018eb3	sub	x29,x3,x0	  x3:0x00000001  x0:0x00000000 x29=0x00000001
        8465000	       845	80000ec4	0a38f863	bgeu	x17,x3,80000f74	 x17:0x80009fc4  x3:0x00000001
        8475000	       846	00000000	00000013	addi	x0,x0,0	  x0:0x00000000
        8485000	       847	80000f70	00000013	addi	x0,x0,0	  x0:0x00000000
        8495000	       848	80000f74	999fb313	sltiu	x6,x31,-1639	 x31:0xfffff93d  x6=0x00000001
        8505000	       849	80000f78	9d37be13	sltiu	x28,x15,-1581	 x15:0x00000001 x28=0x00000001
        8515000	       850	80000f7c	e2b82a13	slti	x20,x16,-469	 x16:0x80000000 x20=0x00000001
        8525000	       851	80000f80	006e0863	beq	x28,x6,80000f90	 x28:0x00000001  x6:0x00000001
        8535000	       852	00000000	00000013	addi	x0,x0,0	  x0:0x00000000
        8545000	       853	80000f8c	00000013	addi	x0,x0,0	  x0:0x00000000
        8555000	       854	80000f90	3e878b93	addi	x23,x15,1000	 x15:0x00000001 x23=0x000003e9
        8565000	       855	80000f94	03380063	beq	x16,x19,80000fb4	 x16:0x80000000 x19:0x00000000
        8575000	       856	80000f98	008597b3	sll	x15,x11,x8	 x11:0xe0000749  x8:0x00006000 x15=0xe0000749
        8585000	       857	80000f9c	005551b3	srl	x3,x10,x5	 x10:0x00000000  x5:0x00000000  x3=0x00000000
        8595000	       858	80000fa0	00486833	or	x16,x16,x4	 x16:0x80000000  x4:0x93256000 x16=0x93256000
        8605000	       859	80000fa4	0258c663	blt	x17,x5,80000fd0	 x17:0x80009fc4  x5:0x00000000
        8615000	       860	00000000	00000013	addi	x0,x0,0	  x0:0x00000000
        8625000	       861	80000fcc	00000013	addi	x0,x0,0	  x0:0x00000000
        8635000	       862	80000fd0	adaf3f93	sltiu	x31,x30,-1318	 x30:0xffff0001 x31=0x00000001
        8645000	       863	80000fd4	8a3a0113	addi	x2,x20,-1885	 x20:0x00000001  x2=0xfffff8a4
        8655000	       864	80000fd8	a43d7593	andi	x11,x26,-1469	 x26:0x80009fc4 x11=0x80009a40
        8665000	       865	80000fdc	41cc09b3	sub	x19,x24,x28	 x24:0x80000000 x28:0x00000001 x19=0x7fffffff
        8675000	       866	80000fe0	008e8863	beq	x29,x8,80000ff0	 x29:0x00000001  x8:0x00006000
        8685000	       867	80000fe4	00576f33	or	x30,x14,x5	 x14:0x00000001  x5:0x00000000 x30=0x00000001
        8695000	       868	80000fe8	41f5d293	srai	x5,x11,0x1f	 x11:0x80009a40  x5=0xffffffff
        8705000	       869	80000fec	006f9813	slli	x16,x31,0x6	 x31:0x00000001 x16=0x00000040
        8715000	       870	80000ff0	01b344b3	xor	x9,x6,x27	  x6:0x00000001 x27:0x00000001  x9=0x00000000
        8725000	       871	80000ff4	6c6a0113	addi	x2,x20,1734	 x20:0x00000001  x2=0x000006c7
        8735000	       872	80000ff8	005a3bb3	sltu	x23,x20,x5	 x20:0x00000001  x5:0xffffffff x23=0x00000001
        8745000	       873	80000ffc	02f3fe63	bgeu	x7,x15,80001038	  x7:0x6000022f x15:0xe0000749
        8755000	       874	80001000	31f9e813	ori	x16,x19,799	 x19:0x7fffffff x16=0x7fffffff
        8765000	       875	80001004	3215e013	ori	x0,x11,801	 x11:0x80009a40
        8775000	       876	80001008	004f6a63	bltu	x30,x4,8000101c	 x30:0x00000001  x4:0x93256000
        8785000	       877	00000000	00000013	addi	x0,x0,0	  x0:0x00000000
        8795000	       878	80001018	00000013	addi	x0,x0,0	  x0:0x00000000
        8805000	       879	8000101c	00000013	addi	x0,x0,0	  x0:0x00000000
        8815000	       880	80001020	00000013	addi	x0,x0,0	  x0:0x00000000
        8825000	       881	80001024	01814833	xor	x16,x2,x24	  x2:0x000006c7 x24:0x80000000 x16=0x800006c7
        8835000	       882	80001028	b0e1c113	xori	x2,x3,-1266	  x3:0x00000000  x2=0xfffffb0e
        8845000	       883	8000102c	01039e13	slli	x28,x7,0x10	  x7:0x6000022f x28=0x022f0000
        8855000	       884	80001030	afbfa193	slti	x3,x31,-1285	 x31:0x00000001  x3=0x00000000
        8865000	       885	80001034	03c2e063	bltu	x5,x28,80001054	  x5:0xffffffff x28:0x022f0000
        8875000	       886	80001038	5a133113	sltiu	x2,x6,1441	  x6:0x00000001  x2=0x00000001
        8885000	       887	8000103c	0385d663	bge	x11,x24,80001068	 x11:0x80009a40 x24:0x80000000
        8895000	       888	00000000	00000013	addi	x0,x0,0	  x0:0x00000000
        8905000	       889	80001064	00000013	addi	x0,x0,0	  x0:0x00000000
        8915000	       890	80001068	010ce733	or	x14,x25,x16	 x25:0x1ddbddd4 x16:0x800006c7 x14=0x9ddbdfd7
        8925000	       891	8000106c	0011d093	srli	x1,x3,0x1	  x3:0x00000000  x1=0x00000000
        8935000	       892	80001070	7e49b613	sltiu	x12,x19,2020	 x19:0x7fffffff x12=0x00000000
        8945000	       893	80001074	00d8e833	or	x16,x17,x13	 x17:0x80009fc4 x13:0x80009f84 x16=0x80009fc4
        8955000	       894	80001078	03f55a63	bge	x10,x31,800010ac	 x10:0x00000000 x31:0x00000001
        8965000	       895	8000107c	7dc18b13	addi	x22,x3,2012	  x3:0x00000000 x22=0x000007dc
        8975000	       896	80001080	01241993	slli	x19,x8,0x12	  x8:0x00006000 x19=0x80000000
        8985000	       897	80001084	008abfb3	sltu	x31,x21,x8	 x21:0x000001d0  x8:0x00006000 x31=0x00000001
        8995000	       898	80001088	01087f33	and	x30,x16,x16	 x16:0x80009fc4 x16:0x80009fc4 x30=0x80009fc4
        9005000	       899	8000108c	012175b3	and	x11,x2,x18	  x2:0x00000001 x18:0x000001d0 x11=0x00000000
        9015000	       900	80001090	409c81b3	sub	x3,x25,x9	 x25:0x1ddbddd4  x9:0x00000000  x3=0x1ddbddd4
        9025000	       901	80001094	41b10d33	sub	x26,x2,x27	  x2:0x00000001 x27:0x00000001 x26=0x00000000
        9035000	       902	80001098	04b88263	beq	x17,x11,800010dc	 x17:0x80009fc4 x11:0x00000000
        9045000	       903	8000109c	465a6f93	ori	x31,x20,1125	 x20:0x00000001 x31=0x00000465
        9055000	       904	800010a0	e2bd0417	auipc	x8,0xe2bd0	  x8=0x62bd109c
        9065000	       905	800010a4	00ac9e13	slli	x28,x25,0xa	 x25:0x1ddbddd4 x28=0x6f775000
        9075000	       906	800010a8	055a9663	bne	x21,x21,800010f4	 x21:0x000001d0 x21:0x000001d0
        9085000	       907	800010ac	008f8133	add	x2,x31,x8	 x31:0x00000465  x8:0x62bd109c  x2=0x62bd1501
        9095000	       908	800010b0	53e3e817	auipc	x16,0x53e3e	 x16=0xd3e3f0ac
        9105000	       909	800010b4	a8c0ff93	andi	x31,x1,-1396	  x1:0x00000000 x31=0x00000000
        9115000	       910	800010b8	01015d93	srli	x27,x2,0x10	  x2:0x62bd1501 x27=0x000062bd
        9125000	       911	800010bc	c541e493	ori	x9,x3,-940	  x3:0x1ddbddd4  x9=0xfffffdd4
        9135000	       912	800010c0	8d157e93	andi	x29,x10,-1839	 x10:0x00000000 x29=0x00000000
        9145000	       913	800010c4	001a9463	bne	x21,x1,800010cc	 x21:0x000001d0  x1:0x00000000
        9155000	       914	00000000	00000013	addi	x0,x0,0	  x0:0x00000000
        9165000	       915	800010c8	00000013	addi	x0,x0,0	  x0:0x00000000
        9175000	       916	800010cc	01ee63b3	or	x7,x28,x30	 x28:0x6f775000 x30:0x80009fc4  x7=0xef77dfc4
        9185000	       917	800010d0	c9ebff93	andi	x31,x23,-866	 x23:0x00000001 x31=0x00000000
        9195000	       918	800010d4	7c7fb193	sltiu	x3,x31,1991	 x31:0x00000000  x3=0x00000001
        9205000	       919	800010d8	03428063	beq	x5,x20,800010f8	  x5:0xffffffff x20:0x00000001
        9215000	       920	800010dc	40bedd33	sra	x26,x29,x11	 x29:0x00000000 x11:0x00000000 x26=0x00000000
        9225000	       921	800010e0	c9ef3813	sltiu	x16,x30,-866	 x30:0x80009fc4 x16=0x00000001
        9235000	       922	800010e4	018d3ab3	sltu	x21,x26,x24	 x26:0x00000000 x24:0x80000000 x21=0x00000001
        9245000	       923	800010e8	2d909eb7	lui	x29,0x2d909	 x29=0x2d909000
        9255000	       924	800010ec	00d71513	slli	x10,x14,0xd	 x14:0x9ddbdfd7 x10=0x7bfae000
        9265000	       925	800010f0	02bd7063	bgeu	x26,x11,80001110	 x26:0x00000000 x11:0x00000000
        9275000	       926	00000000	00000013	addi	x0,x0,0	  x0:0x00000000
        9285000	       927	8000110c	00000013	addi	x0,x0,0	  x0:0x00000000
        9295000	       928	80001110	9d4e6b13	ori	x22,x28,-1580	 x28:0x6f775000 x22=0xfffff9d4
        9305000	       929	80001114	00c61433	sll	x8,x12,x12	 x12:0x00000000 x12:0x00000000  x8=0x00000000
        9315000	       930	80001118	00251db3	sll	x27,x10,x2	 x10:0x7bfae000  x2:0x62bd1501 x27=0xf7f5c000
        9325000	       931	8000111c	00d9e633	or	x12,x19,x13	 x19:0x80000000 x13:0x80009f84 x12=0x80009f84
        9335000	       932	80001120	4144d493	srai	x9,x9,0x14	  x9:0xfffffdd4  x9=0xffffffff
        9345000	       933	80001124	011ed4b3	srl	x9,x29,x17	 x29:0x2d909000 x17:0x80009fc4  x9=0x02d90900
        9355000	       934	80001128	c75aa493	slti	x9,x21,-907	 x21:0x00000001  x9=0x00000000
        9365000	       935	8000112c	01d58f33	add	x30,x11,x29	 x11:0x00000000 x29:0x2d909000 x30=0x2d909000
        9375000	       936	80001130	01d5ddb3	srl	x27,x11,x29	 x11:0x00000000 x29:0x2d909000 x27=0x00000000
        9385000	       937	80001134	014a2433	slt	x8,x20,x20	 x20:0x00000001 x20:0x00000001  x8=0x00000000
        9395000	       938	80001138	01275333	srl	x6,x14,x18	 x14:0x9ddbdfd7 x18:0x000001d0  x6=0x00009ddb
        9405000	       939	8000113c	016d1d33	sll	x26,x26,x22	 x26:0x00000000 x22:0xfffff9d4 x26=0x00000000
        9415000	       940	80001140	c2e70d13	addi	x26,x14,-978	 x14:0x9ddbdfd7 x26=0x9ddbdc05
        9425000	       941	80001144	8f94ac93	slti	x25,x9,-1799	  x9:0x00000000 x25=0x00000000
        9435000	       942	80001148	b4bfc293	xori	x5,x31,-1205	 x31:0x00000000  x5=0xfffffb4b
        9445000	       943	8000114c	00f85833	srl	x16,x16,x15	 x16:0x00000001 x15:0xe0000749 x16=0x00000000
        9455000	       944	80001150	00aed633	srl	x12,x29,x10	 x29:0x2d909000 x10:0x7bfae000 x12=0x2d909000
        9465000	       945	80001154	03956863	bltu	x10,x25,80001184	 x10:0x7bfae000 x25:0x00000000
        9475000	       946	80001158	fa9b7093	andi	x1,x22,-87	 x22:0xfffff9d4  x1=0xfffff980
        9485000	       947	8000115c	01749db3	sll	x27,x9,x23	  x9:0x00000000 x23:0x00000001 x27=0x00000000
        9495000	       948	80001160	ae3b0213	addi	x4,x22,-1309	 x22:0xfffff9d4  x4=0xfffff4b7
        9505000	       949	80001164	0164ed33	or	x26,x9,x22	  x9:0x00000000 x22:0xfffff9d4 x26=0xfffff9d4
        9515000	       950	80001168	9fd9de97	auipc	x29,0x9fd9d	 x29=0x1fd9e164
        9525000	       951	8000116c	01336f33	or	x30,x6,x19	  x6:0x00009ddb x19:0x80000000 x30=0x80009ddb
        9535000	       952	80001170	000a8a33	add	x20,x21,x0	 x21:0x00000001  x0:0x00000000 x20=0x00000001
        9545000	       953	80001174	b95e6493	ori	x9,x28,-1131	 x28:0x6f775000  x9=0xfffffb95
        9555000	       954	80001178	005e6733	or	x14,x28,x5	 x28:0x6f775000  x5:0xfffffb4b x14=0xfffffb4b
        9565000	       955	8000117c	01934fb3	xor	x31,x6,x25	  x6:0x00009ddb x25:0x00000000 x31=0x00009ddb
        9575000	       956	80001180	40670b33	sub	x22,x14,x6	 x14:0xfffffb4b  x6:0x00009ddb x22=0xffff5d70
        9585000	       957	80001184	361bcdb7	lui	x27,0x361bc	 x27=0x361bc000
        9595000	       958	80001188	04da6463	bltu	x20,x13,800011d0	 x20:0x00000001 x13:0x80009f84
        9605000	       959	00000000	00000013	addi	x0,x0,0	  x0:0x00000000
        9615000	       960	800011cc	00000013	addi	x0,x0,0	  x0:0x00000000
        9625000	       961	800011d0	0a6da393	slti	x7,x27,166	 x27:0x361bc000  x7=0x00000000
        9635000	       962	800011d4	0182b233	sltu	x4,x5,x24	  x5:0xfffffb4b x24:0x80000000  x4=0x00000000
        9645000	       963	800011d8	00c47933	and	x18,x8,x12	  x8:0x00000000 x12:0x2d909000 x18=0x00000000
        9655000	       964	800011dc	01d0f663	bgeu	x1,x29,800011e8	  x1:0xfffff980 x29:0x1fd9e164
        9665000	       965	00000000	00000013	addi	x0,x0,0	  x0:0x00000000
        9675000	       966	800011e4	00000013	addi	x0,x0,0	  x0:0x00000000
        9685000	       967	800011e8	c315e813	ori	x16,x11,-975	 x11:0x00000000 x16=0xfffffc31
        9695000	       968	800011ec	03ee6e63	bltu	x28,x30,80001228	 x28:0x6f775000 x30:0x80009ddb
        9705000	       969	00000000	00000013	addi	x0,x0,0	  x0:0x00000000
        9715000	       970	80001224	00000013	addi	x0,x0,0	  x0:0x00000000
        9725000	       971	80001228	0116aa33	slt	x20,x13,x17	 x13:0x80009f84 x17:0x80009fc4 x20=0x00000001
        9735000	       972	8000122c	022dce63	blt	x27,x2,80001268	 x27:0x361bc000  x2:0x62bd1501
        9745000	       973	00000000	00000013	addi	x0,x0,0	  x0:0x00000000
        9755000	       974	80001264	00000013	addi	x0,x0,0	  x0:0x00000000
        9765000	       975	80001268	06707e63	bgeu	x0,x7,800012e4	  x0:0x00000000  x7:0x00000000
        9775000	       976	00000000	00000013	addi	x0,x0,0	  x0:0x00000000
        9785000	       977	800012e0	00000013	addi	x0,x0,0	  x0:0x00000000
        9795000	       978	800012e4	01c59e33	sll	x28,x11,x28	 x11:0x00000000 x28:0x6f775000 x28=0x00000000
        9805000	       979	800012e8	0131c933	xor	x18,x3,x19	  x3:0x00000001 x19:0x80000000 x18=0x80000001
        9815000	       980	800012ec	000f8863	beq	x31,x0,800012fc	 x31:0x00009ddb  x0:0x00000000
        9825000	       981	800012f0	036a4063	blt	x20,x22,80001310	 x20:0x00000001 x22:0xffff5d70
        9835000	       982	800012f4	2214df17	auipc	x30,0x2214d	 x30=0xa214e2f0
        9845000	       983	800012f8	0187d7b3	srl	x15,x15,x24	 x15:0xe0000749 x24:0x80000000 x15=0xe0000749
        9855000	       984	800012fc	4297bf93	sltiu	x31,x15,1065	 x15:0xe0000749 x31=0x00000000
        9865000	       985	80001300	008800b3	add	x1,x16,x8	 x16:0xfffffc31  x8:0x00000000  x1=0xfffffc31
        9875000	       986	80001304	016d4e63	blt	x26,x22,80001320	 x26:0xfffff9d4 x22:0xffff5d70
        9885000	       987	80001308	00e9ebb3	or	x23,x19,x14	 x19:0x80000000 x14:0xfffffb4b x23=0xfffffb4b
        9895000	       988	8000130c	0182deb3	srl	x29,x5,x24	  x5:0xfffffb4b x24:0x80000000 x29=0xfffffb4b
        9905000	       989	80001310	01cd9663	bne	x27,x28,8000131c	 x27:0x361bc000 x28:0x00000000
        9915000	       990	00000000	00000013	addi	x0,x0,0	  x0:0x00000000
        9925000	       991	80001318	00000013	addi	x0,x0,0	  x0:0x00000000
        9935000	       992	8000131c	0194ad33	slt	x26,x9,x25	  x9:0xfffffb95 x25:0x00000000 x26=0x00000001
        9945000	       993	80001320	9e3f7513	andi	x10,x30,-1565	 x30:0xa214e2f0 x10=0xa214e0e0
        9955000	       994	80001324	00f94d33	xor	x26,x18,x15	 x18:0x80000001 x15:0xe0000749 x26=0x60000748
        9965000	       995	80001328	018afa33	and	x20,x21,x24	 x21:0x00000001 x24:0x80000000 x20=0x00000000
        9975000	       996	8000132c	ad393713	sltiu	x14,x18,-1325	 x18:0x80000001 x14=0x00000001
        9985000	       997	80001330	d8be4993	xori	x19,x28,-629	 x28:0x00000000 x19=0xfffffd8b
        9995000	       998	80001334	89f9fc93	andi	x25,x19,-1889	 x19:0xfffffd8b x25=0xfffff88b
       10005000	       999	80001338	014b7b33	and	x22,x22,x20	 x22:0xffff5d70 x20:0x00000000 x22=0x00000000
       10015000	      1000	8000133c	00cec4b3	xor	x9,x29,x12	 x29:0xfffffb4b x12:0x2d909000  x9=0xd26f6b4b
       10025000	      1001	80001340	4026d613	srai	x12,x13,0x2	 x13:0x80009f84 x12=0xe00027e1
       10035000	      1002	80001344	41465413	srai	x8,x12,0x14	 x12:0xe00027e1  x8=0xfffffe00
       10045000	      1003	80001348	2ef17b13	andi	x22,x2,751	  x2:0x62bd1501 x22=0x00000001
       10055000	      1004	8000134c	01b9d593	srli	x11,x19,0x1b	 x19:0xfffffd8b x11=0x0000001f
       10065000	      1005	80001350	004a4733	xor	x14,x20,x4	 x20:0x00000000  x4:0x00000000 x14=0x00000000
       10075000	      1006	80001354	01068d33	add	x26,x13,x16	 x13:0x80009f84 x16:0xfffffc31 x26=0x80009bb5
       10085000	      1007	80001358	00000013	addi	x0,x0,0	  x0:0x00000000
       10095000	      1008	8000135c	01f44db3	xor	x27,x8,x31	  x8:0xfffffe00 x31:0x00000000 x27=0xfffffe00
       10105000	      1009	80001360	3e740193	addi	x3,x8,999	  x8:0xfffffe00  x3=0x000001e7
       10115000	      1010	80001364	0239c063	blt	x19,x3,80001384	 x19:0xfffffd8b  x3:0x000001e7
       10125000	      1011	00000000	00000013	addi	x0,x0,0	  x0:0x00000000
       10135000	      1012	80001380	00000013	addi	x0,x0,0	  x0:0x00000000
       10145000	      1013	80001384	01da8933	add	x18,x21,x29	 x21:0x00000001 x29:0xfffffb4b x18=0xfffffb4c
       10155000	      1014	80001388	01aa7133	and	x2,x20,x26	 x20:0x00000000 x26:0x80009bb5  x2=0x00000000
       10165000	      1015	8000138c	01f88bb3	add	x23,x17,x31	 x17:0x80009fc4 x31:0x00000000 x23=0x80009fc4
       10175000	      1016	80001390	d2ed9b97	auipc	x23,0xd2ed9	 x23=0x52eda38c
       10185000	      1017	80001394	4124d433	sra	x8,x9,x18	  x9:0xd26f6b4b x18:0xfffffb4c  x8=0xfffd26f6
       10195000	      1018	80001398	005bfeb3	and	x29,x23,x5	 x23:0x52eda38c  x5:0xfffffb4b x29=0x52eda308
       10205000	      1019	8000139c	01fab533	sltu	x10,x21,x31	 x21:0x00000001 x31:0x00000000 x10=0x00000000
       10215000	      1020	800013a0	00cdf9b3	and	x19,x27,x12	 x27:0xfffffe00 x12:0xe00027e1 x19=0xe0002600
       10225000	      1021	800013a4	02cce863	bltu	x25,x12,800013d4	 x25:0xfffff88b x12:0xe00027e1
       10235000	      1022	800013a8	684cf813	andi	x16,x25,1668	 x25:0xfffff88b x16=0x00000080
       10245000	      1023	800013ac	00dc2eb3	slt	x29,x24,x13	 x24:0x80000000 x13:0x80009f84 x29=0x00000001
       10255000	      1024	800013b0	04445263	bge	x8,x4,800013f4	  x8:0xfffd26f6  x4:0x00000000
       10265000	      1025	800013b4	0129d863	bge	x19,x18,800013c4	 x19:0xe0002600 x18:0xfffffb4c
       10275000	      1026	800013b8	004edb13	srli	x22,x29,0x4	 x29:0x00000001 x22=0x00000000
       10285000	      1027	800013bc	7b262313	slti	x6,x12,1970	 x12:0xe00027e1  x6=0x00000001
       10295000	      1028	800013c0	efee2e93	slti	x29,x28,-258	 x28:0x00000000 x29=0x00000000
       10305000	      1029	800013c4	00000013	addi	x0,x0,0	  x0:0x00000000
       10315000	      1030	800013c8	4e323a93	sltiu	x21,x4,1251	  x4:0x00000000 x21=0x00000001
       10325000	      1031	800013cc	00016633	or	x12,x2,x0	  x2:0x00000000  x0:0x00000000 x12=0x00000000
       10335000	      1032	800013d0	4ebca993	slti	x19,x25,1259	 x25:0xfffff88b x19=0x00000001
       10345000	      1033	800013d4	018871b3	and	x3,x16,x24	 x16:0x00000080 x24:0x80000000  x3=0x00000000
       10355000	      1034	800013d8	005591b3	sll	x3,x11,x5	 x11:0x0000001f  x5:0xfffffb4b  x3=0x0000f800
       10365000	      1035	800013dc	01d5bfb3	sltu	x31,x11,x29	 x11:0x0000001f x29:0x00000000 x31=0x00000000
       10375000	      1036	800013e0	4ad20713	addi	x14,x4,1197	  x4:0x00000000 x14=0x000004ad
       10385000	      1037	800013e4	f048e413	ori	x8,x17,-252	 x17:0x80009fc4  x8=0xffffffc4
       10395000	      1038	800013e8	00cc3fb3	sltu	x31,x24,x12	 x24:0x80000000 x12:0x00000000 x31=0x00000000
       10405000	      1039	800013ec	410b5593	srai	x11,x22,0x10	 x22:0x00000000 x11=0x00000000
       10415000	      1040	800013f0	4092d033	sra	x0,x5,x9	  x5:0xfffffb4b  x9:0xd26f6b4b
       10425000	      1041	800013f4	fcbbc9b7	lui	x19,0xfcbbc	 x19=0xfcbbc000
       10435000	      1042	800013f8	00b194b3	sll	x9,x3,x11	  x3:0x0000f800 x11:0x00000000  x9=0x0000f800
       10445000	      1043	800013fc	00525ab3	srl	x21,x4,x5	  x4:0x00000000  x5:0xfffffb4b x21=0x00000000
       10455000	      1044	80001400	6ae0fd13	andi	x26,x1,1710	  x1:0xfffffc31 x26=0x00000420
       10465000	      1045	80001404	00000013	addi	x0,x0,0	  x0:0x00000000
       10475000	      1046	80001408	41ecd633	sra	x12,x25,x30	 x25:0xfffff88b x30:0xa214e2f0 x12=0xffffffff
       10485000	      1047	8000140c	4008d0b3	sra	x1,x17,x0	 x17:0x80009fc4  x0:0x00000000  x1=0x80009fc4
       10495000	      1048	80001410	00f22f33	slt	x30,x4,x15	  x4:0x00000000 x15:0xe0000749 x30=0x00000000
       10505000	      1049	80001414	85577113	andi	x2,x14,-1963	 x14:0x000004ad  x2=0x00000005
       10515000	      1050	80001418	0092e233	or	x4,x5,x9	  x5:0xfffffb4b  x9:0x0000f800  x4=0xfffffb4b
       10525000	      1051	8000141c	40975113	srai	x2,x14,0x9	 x14:0x000004ad  x2=0x00000002
       10535000	      1052	80001420	41668ab3	sub	x21,x13,x22	 x13:0x80009f84 x22:0x00000000 x21=0x80009f84
       10545000	      1053	80001424	40718e33	sub	x28,x3,x7	  x3:0x0000f800  x7:0x00000000 x28=0x0000f800
       10555000	      1054	80001428	01edd0b3	srl	x1,x27,x30	 x27:0xfffffe00 x30:0x00000000  x1=0xfffffe00
       10565000	      1055	8000142c	8ca1e593	ori	x11,x3,-1846	  x3:0x0000f800 x11=0xfffff8ca
       10575000	      1056	80001430	00000013	addi	x0,x0,0	  x0:0x00000000
       10585000	      1057	80001434	00207fb3	and	x31,x0,x2	  x0:0x00000000  x2:0x00000002 x31=0x00000000
       10595000	      1058	80001438	0144d433	srl	x8,x9,x20	  x9:0x0000f800 x20:0x00000000  x8=0x0000f800
       10605000	      1059	8000143c	40875133	sra	x2,x14,x8	 x14:0x000004ad  x8:0x0000f800  x2=0x000004ad
       10615000	      1060	80001440	018b0663	beq	x22,x24,8000144c	 x22:0x00000000 x24:0x80000000
       10625000	      1061	80001444	00798733	add	x14,x19,x7	 x19:0xfcbbc000  x7:0x00000000 x14=0xfcbbc000
       10635000	      1062	80001448	90090513	addi	x10,x18,-1792	 x18:0xfffffb4c x10=0xfffff44c
       10645000	      1063	8000144c	d8d22f13	slti	x30,x4,-627	  x4:0xfffffb4b x30=0x00000001
       10655000	      1064	80001450	058cf263	bgeu	x25,x24,80001494	 x25:0xfffff88b x24:0x80000000
       10665000	      1065	00000000	00000013	addi	x0,x0,0	  x0:0x00000000
       10675000	      1066	80001490	00000013	addi	x0,x0,0	  x0:0x00000000
       10685000	      1067	80001494	25b3c213	xori	x4,x7,603	  x7:0x00000000  x4=0x0000025b
       10695000	      1068	80001498	0c9f3193	sltiu	x3,x30,201	 x30:0x00000001  x3=0x00000001
       10705000	      1069	8000149c	40155593	srai	x11,x10,0x1	 x10:0xfffff44c x11=0xfffffa26
       10715000	      1070	800014a0	0057b533	sltu	x10,x15,x5	 x15:0xe0000749  x5:0xfffffb4b x10=0x00000001
       10725000	      1071	800014a4	08467f13	andi	x30,x12,132	 x12:0xffffffff x30=0x00000084
       10735000	      1072	800014a8	00c1cf33	xor	x30,x3,x12	  x3:0x00000001 x12:0xffffffff x30=0xfffffffe
       10745000	      1073	800014ac	01e40633	add	x12,x8,x30	  x8:0x0000f800 x30:0xfffffffe x12=0x0000f7fe
       10755000	      1074	800014b0	00639313	slli	x6,x7,0x6	  x7:0x00000000  x6=0x00000000
       10765000	      1075	800014b4	a1136413	ori	x8,x6,-1519	  x6:0x00000000  x8=0xfffffa11
       10775000	      1076	800014b8	00894eb3	xor	x29,x18,x8	 x18:0xfffffb4c  x8:0xfffffa11 x29=0x0000015d
       10785000	      1077	800014bc	012bde93	srli	x29,x23,0x12	 x23:0x52eda38c x29=0x000014bb
       10795000	      1078	800014c0	01365d33	srl	x26,x12,x19	 x12:0x0000f7fe x19:0xfcbbc000 x26=0x0000f7fe
       10805000	      1079	800014c4	019870b3	and	x1,x16,x25	 x16:0x00000080 x25:0xfffff88b  x1=0x00000080
       10815000	      1080	800014c8	5e3f3113	sltiu	x2,x30,1507	 x30:0xfffffffe  x2=0x00000000
       10825000	      1081	800014cc	6bea4b93	xori	x23,x20,1726	 x20:0x00000000 x23=0x000006be
       10835000	      1082	800014d0	01385093	srli	x1,x16,0x13	 x16:0x00000080  x1=0x00000000
       10845000	      1083	800014d4	02699e63	bne	x19,x6,80001510	 x19:0xfcbbc000  x6:0x00000000
       10855000	      1084	00000000	00000013	addi	x0,x0,0	  x0:0x00000000
       10865000	      1085	8000150c	00000013	addi	x0,x0,0	  x0:0x00000000
       10875000	      1086	80001510	02510663	beq	x2,x5,8000153c	  x2:0x00000000  x5:0xfffffb4b
       10885000	      1087	80001514	01dece63	blt	x29,x29,80001530	 x29:0x000014bb x29:0x000014bb
       10895000	      1088	80001518	00651533	sll	x10,x10,x6	 x10:0x00000001  x6:0x00000000 x10=0x00000001
       10905000	      1089	8000151c	0063fb33	and	x22,x7,x6	  x7:0x00000000  x6:0x00000000 x22=0x00000000
       10915000	      1090	80001520	012b2b33	slt	x22,x22,x18	 x22:0x00000000 x18:0xfffffb4c x22=0x00000000
       10925000	      1091	80001524	403e8f33	sub	x30,x29,x3	 x29:0x000014bb  x3:0x00000001 x30=0x000014ba
       10935000	      1092	80001528	41a4de13	srai	x28,x9,0x1a	  x9:0x0000f800 x28=0x00000000
       10945000	      1093	8000152c	019e7433	and	x8,x28,x25	 x28:0x00000000 x25:0xfffff88b  x8=0x00000000
       10955000	      1094	80001530	ee4fad93	slti	x27,x31,-284	 x31:0x00000000 x27=0x00000000
       10965000	      1095	80001534	01604fb3	xor	x31,x0,x22	  x0:0x00000000 x22:0x00000000 x31=0x00000000
       10975000	      1096	80001538	010ec463	blt	x29,x16,80001540	 x29:0x000014bb x16:0x00000080
       10985000	      1097	8000153c	00fbddb3	srl	x27,x23,x15	 x23:0x000006be x15:0xe0000749 x27=0x00000003
       10995000	      1098	80001540	0d932313	slti	x6,x6,217	  x6:0x00000000  x6=0x00000001
       11005000	      1099	80001544	e8107b13	andi	x22,x0,-383	  x0:0x00000000 x22=0x00000000
       11015000	      1100	80001548	00000013	addi	x0,x0,0	  x0:0x00000000
       11025000	      1101	8000154c	11d17593	andi	x11,x2,285	  x2:0x00000000 x11=0x00000000
       11035000	      1102	80001550	0214fa63	bgeu	x9,x1,80001584	  x9:0x0000f800  x1:0x00000000
       11045000	      1103	00000000	00000013	addi	x0,x0,0	  x0:0x00000000
       11055000	      1104	80001580	00000013	addi	x0,x0,0	  x0:0x00000000
       11065000	      1105	80001584	c64a2cb7	lui	x25,0xc64a2	 x25=0xc64a2000
       11075000	      1106	80001588	009d2833	slt	x16,x26,x9	 x26:0x0000f7fe  x9:0x0000f800 x16=0x00000001
       11085000	      1107	8000158c	009b1d13	slli	x26,x22,0x9	 x22:0x00000000 x26=0x00000000
       11095000	      1108	80001590	05cbae13	slti	x28,x23,92	 x23:0x000006be x28=0x00000000
       11105000	      1109	80001594	00d30db3	add	x27,x6,x13	  x6:0x00000001 x13:0x80009f84 x27=0x80009f85
       11115000	      1110	80001598	00a77e33	and	x28,x14,x10	 x14:0xfcbbc000 x10:0x00000001 x28=0x00000000
       11125000	      1111	8000159c	01315463	bge	x2,x19,800015a4	  x2:0x00000000 x19:0xfcbbc000
       11135000	      1112	00000000	00000013	addi	x0,x0,0	  x0:0x00000000
       11145000	      1113	800015a0	00000013	addi	x0,x0,0	  x0:0x00000000
       11155000	      1114	800015a4	d2bcb413	sltiu	x8,x25,-725	 x25:0xc64a2000  x8=0x00000001
       11165000	      1115	800015a8	00000c17	auipc	x24,0x0	 x24=0x800015a4
       11175000	      1116	800015ac	00cc0c13	addi	x24,x24,12	 x24:0x800015a4 x24=0x800015b0
       11185000	      1117	800015b0	000c0067	jalr	x0,x24,0	 x24:0x800015b0
       11195000	      1118	00000000	00000013	addi	x0,x0,0	  x0:0x00000000
       11205000	      1119	800015b0	00000013	addi	x0,x0,0	  x0:0x00000000
       11215000	      1120	800015b4	00100193	addi	x3,x0,1	  x0:0x00000000  x3=0x00000001
       11225000	      1121	800015b8	00000073	ecall	
       11235000	      1122	800015bc	ab55c713	xori	x14,x11,-1355	 x11:0x00000000 x14=0xfffffab5
