		Time			Cycle	PC		Insn	Decoded instruction	Register and memory contents
          65000	         5	80000004	00000293	addi	x5,x0,0	  x0:0x00000000  x5=0x00000000
          75000	         6	80000008	00000313	addi	x6,x0,0	  x0:0x00000000  x6=0x00000000
          85000	         7	8000000c	00628263	beq	x5,x6,80000010	  x5:0x00000000  x6:0x00000000
          95000	         8	00000000	00000013	addi	x0,x0,0	  x0:0x00000000
         105000	         9	8000000c	00000013	addi	x0,x0,0	  x0:0x00000000
         115000	        10	80000010	00000917	auipc	x18,0x0	 x18=0x8000000c
         125000	        11	80000014	00c90913	addi	x18,x18,12	 x18:0x8000000c x18=0x80000018
         135000	        12	80000018	00090067	jalr	x0,x18,0	 x18:0x80000018
         145000	        13	00000000	00000013	addi	x0,x0,0	  x0:0x00000000
         155000	        14	80000018	00000013	addi	x0,x0,0	  x0:0x00000000
         165000	        15	8000001c	40000cb7	lui	x25,0x40000	 x25=0x40000000
         175000	        16	80000020	100c8c93	addi	x25,x25,256	 x25:0x40000000 x25=0x40000100
         185000	        17	80000024	00000013	addi	x0,x0,0	  x0:0x00000000
         195000	        18	80000028	0000a417	auipc	x8,0xa	  x8=0x8000a024
         205000	        19	8000002c	fa040413	addi	x8,x8,-96	  x8:0x8000a024  x8=0x80009fc4
         215000	        20	80000030	00002c97	auipc	x25,0x2	 x25=0x8000202c
         225000	        21	80000034	5f4c8c93	addi	x25,x25,1524	 x25:0x8000202c x25=0x80002620
         235000	        22	80000038	001cec93	ori	x25,x25,1	 x25:0x80002620 x25=0x80002621
         245000	        23	8000003c	00000013	addi	x0,x0,0	  x0:0x00000000
         255000	        24	80000040	00000c97	auipc	x25,0x0	 x25=0x8000003c
         265000	        25	80000044	020c8c93	addi	x25,x25,32	 x25:0x8000003c x25=0x8000005c
         275000	        26	80000048	00000013	addi	x0,x0,0	  x0:0x00000000
         285000	        27	8000004c	00000013	addi	x0,x0,0	  x0:0x00000000
         295000	        28	80000050	00002cb7	lui	x25,0x2	 x25=0x00002000
         305000	        29	80000054	800c8c93	addi	x25,x25,-2048	 x25:0x00002000 x25=0x00001800
         315000	        30	80000058	00000013	addi	x0,x0,0	  x0:0x00000000
         325000	        31	8000005c	00000013	addi	x0,x0,0	  x0:0x00000000
         335000	        32	80000060	00000013	addi	x0,x0,0	  x0:0x00000000
         345000	        33	80000064	00200093	addi	x1,x0,2	  x0:0x00000000  x1=0x00000002
         355000	        34	80000068	00800113	addi	x2,x0,8	  x0:0x00000000  x2=0x00000008
         365000	        35	8000006c	00000193	addi	x3,x0,0	  x0:0x00000000  x3=0x00000000
         375000	        36	80000070	00000213	addi	x4,x0,0	  x0:0x00000000  x4=0x00000000
         385000	        37	80000074	47c1a2b7	lui	x5,0x47c1a	  x5=0x47c1a000
         395000	        38	80000078	60a28293	addi	x5,x5,1546	  x5:0x47c1a000  x5=0x47c1a60a
         405000	        39	8000007c	80000337	lui	x6,0x80000	  x6=0x80000000
         415000	        40	80000080	800003b7	lui	x7,0x80000	  x7=0x80000000
         425000	        41	80000084	f4e924b7	lui	x9,0xf4e92	  x9=0xf4e92000
         435000	        42	80000088	e2448493	addi	x9,x9,-476	  x9:0xf4e92000  x9=0xf4e91e24
         445000	        43	8000008c	f2ad5537	lui	x10,0xf2ad5	 x10=0xf2ad5000
         455000	        44	80000090	b0950513	addi	x10,x10,-1271	 x10:0xf2ad5000 x10=0xf2ad4b09
         465000	        45	80000094	f2c185b7	lui	x11,0xf2c18	 x11=0xf2c18000
         475000	        46	80000098	c8c58593	addi	x11,x11,-884	 x11:0xf2c18000 x11=0xf2c17c8c
         485000	        47	8000009c	00900613	addi	x12,x0,9	  x0:0x00000000 x12=0x00000009
         495000	        48	800000a0	800006b7	lui	x13,0x80000	 x13=0x80000000
         505000	        49	800000a4	00000713	addi	x14,x0,0	  x0:0x00000000 x14=0x00000000
         515000	        50	800000a8	fdf917b7	lui	x15,0xfdf91	 x15=0xfdf91000
         525000	        51	800000ac	3ff78793	addi	x15,x15,1023	 x15:0xfdf91000 x15=0xfdf913ff
         535000	        52	800000b0	00600813	addi	x16,x0,6	  x0:0x00000000 x16=0x00000006
         545000	        53	800000b4	f237b8b7	lui	x17,0xf237b	 x17=0xf237b000
         555000	        54	800000b8	6f388893	addi	x17,x17,1779	 x17:0xf237b000 x17=0xf237b6f3
         565000	        55	800000bc	ff454937	lui	x18,0xff454	 x18=0xff454000
         575000	        56	800000c0	6c090913	addi	x18,x18,1728	 x18:0xff454000 x18=0xff4546c0
         585000	        57	800000c4	00700993	addi	x19,x0,7	  x0:0x00000000 x19=0x00000007
         595000	        58	800000c8	00000a13	addi	x20,x0,0	  x0:0x00000000 x20=0x00000000
         605000	        59	800000cc	fcff8ab7	lui	x21,0xfcff8	 x21=0xfcff8000
         615000	        60	800000d0	d3ca8a93	addi	x21,x21,-708	 x21:0xfcff8000 x21=0xfcff7d3c
         625000	        61	800000d4	00000b13	addi	x22,x0,0	  x0:0x00000000 x22=0x00000000
         635000	        62	800000d8	00700b93	addi	x23,x0,7	  x0:0x00000000 x23=0x00000007
         645000	        63	800000dc	f69abc37	lui	x24,0xf69ab	 x24=0xf69ab000
         655000	        64	800000e0	92cc0c13	addi	x24,x24,-1748	 x24:0xf69ab000 x24=0xf69aa92c
         665000	        65	800000e4	c708acb7	lui	x25,0xc708a	 x25=0xc708a000
         675000	        66	800000e8	935c8c93	addi	x25,x25,-1739	 x25:0xc708a000 x25=0xc7089935
         685000	        67	800000ec	f50e8d37	lui	x26,0xf50e8	 x26=0xf50e8000
         695000	        68	800000f0	8a8d0d13	addi	x26,x26,-1880	 x26:0xf50e8000 x26=0xf50e78a8
         705000	        69	800000f4	00f00d93	addi	x27,x0,15	  x0:0x00000000 x27=0x0000000f
         715000	        70	800000f8	00000e13	addi	x28,x0,0	  x0:0x00000000 x28=0x00000000
         725000	        71	800000fc	f587ef37	lui	x30,0xf587e	 x30=0xf587e000
         735000	        72	80000100	fa6f0f13	addi	x30,x30,-90	 x30:0xf587e000 x30=0xf587dfa6
         745000	        73	80000104	80000fb7	lui	x31,0x80000	 x31=0x80000000
         755000	        74	80000108	0000ae97	auipc	x29,0xa	 x29=0x8000a104
         765000	        75	8000010c	e80e8e93	addi	x29,x29,-384	 x29:0x8000a104 x29=0x80009f84
         775000	        76	80000110	00009117	auipc	x2,0x9	  x2=0x8000910c
         785000	        77	80000114	d8210113	addi	x2,x2,-638	  x2:0x8000910c  x2=0x80008e8e
         795000	        78	80000118	002bd8b3	srl	x17,x23,x2	 x23:0x00000007  x2:0x80008e8e x17=0x00000000
         805000	        79	8000011c	00000013	addi	x0,x0,0	  x0:0x00000000
         815000	        80	80000120	3374cb93	xori	x23,x9,823	  x9:0xf4e91e24 x23=0xf4e91d13
         825000	        81	80000124	6706ad93	slti	x27,x13,1648	 x13:0x80000000 x27=0x00000001
         835000	        82	80000128	005d1733	sll	x14,x26,x5	 x26:0xf50e78a8  x5:0x47c1a60a x14=0x39e2a000
         845000	        83	8000012c	41b75b13	srai	x22,x14,0x1b	 x14:0x39e2a000 x22=0x00000007
         855000	        84	80000130	01a5d6b3	srl	x13,x11,x26	 x11:0xf2c17c8c x26:0xf50e78a8 x13=0x00f2c17c
         865000	        85	80000134	001157b3	srl	x15,x2,x1	  x2:0x80008e8e  x1:0x00000002 x15=0x200023a3
         875000	        86	80000138	7ae83493	sltiu	x9,x16,1966	 x16:0x00000006  x9=0x00000001
         885000	        87	8000013c	38f0fb93	andi	x23,x1,911	  x1:0x00000002 x23=0x00000002
         895000	        88	80000140	01e14d03	lbu	x26,30(x2)	  x2:0x80008e8e x26=0x00000000 PA:0x80008eac
         905000	        89	80000144	39fff193	andi	x3,x31,927	 x31:0x80000000  x3=0x00000000
         915000	        90	80000148	43fde393	ori	x7,x27,1087	 x27:0x00000001  x7=0x0000043f
         925000	        91	8000014c	008a0a33	add	x20,x20,x8	 x20:0x00000000  x8:0x80009fc4 x20=0x80009fc4
         935000	        92	80000150	01c3dc13	srli	x24,x7,0x1c	  x7:0x0000043f x24=0x00000000
         945000	        93	80000154	40a988b3	sub	x17,x19,x10	 x19:0x00000007 x10:0xf2ad4b09 x17=0x0d52b4fe
         955000	        94	80000158	011fefb3	or	x31,x31,x17	 x31:0x80000000 x17:0x0d52b4fe x31=0x8d52b4fe
         965000	        95	8000015c	4144d733	sra	x14,x9,x20	  x9:0x00000001 x20:0x80009fc4 x14=0x00000000
         975000	        96	80000160	61774f93	xori	x31,x14,1559	 x14:0x00000000 x31=0x00000617
         985000	        97	80000164	02314a83	lbu	x21,35(x2)	  x2:0x80008e8e x21=0x00000000 PA:0x80008eb1
         995000	        98	80000168	fe310383	lb	x7,-29(x2)	  x2:0x80008e8e  x7=0x00000000 PA:0x80008e71
        1005000	        99	8000016c	41bbd3b3	sra	x7,x23,x27	 x23:0x00000002 x27:0x00000001  x7=0x00000001
        1015000	       100	80000170	004e3cb3	sltu	x25,x28,x4	 x28:0x00000000  x4:0x00000000 x25=0x00000000
        1025000	       101	80000174	415a84b3	sub	x9,x21,x21	 x21:0x00000000 x21:0x00000000  x9=0x00000000
        1035000	       102	80000178	014a8317	auipc	x6,0x14a8	  x6=0x814a8174
        1045000	       103	8000017c	00f2e2b3	or	x5,x5,x15	  x5:0x47c1a60a x15:0x200023a3  x5=0x67c1a7ab
        1055000	       104	80000180	01802033	slt	x0,x0,x24	  x0:0x00000000 x24:0x00000000
        1065000	       105	80000184	012d2ab3	slt	x21,x26,x18	 x26:0x00000000 x18:0xff4546c0 x21=0x00000000
        1075000	       106	80000188	ff314203	lbu	x4,-13(x2)	  x2:0x80008e8e  x4=0x00000000 PA:0x80008e81
        1085000	       107	8000018c	fcc10383	lb	x7,-52(x2)	  x2:0x80008e8e  x7=0x00000000 PA:0x80008e5a
        1095000	       108	80000190	00d6ba33	sltu	x20,x13,x13	 x13:0x00f2c17c x13:0x00f2c17c x20=0x00000000
        1105000	       109	80000194	ffa12703	lw	x14,-6(x2)	  x2:0x80008e8e x14=0x00000000 PA:0x80008e88
        1115000	       110	80000198	047b3613	sltiu	x12,x22,71	 x22:0x00000007 x12=0x00000001
        1125000	       111	8000019c	fe211423	sh	x2,-24(x2)	  x2:0x80008e8e  x2:0x80008e8e PA:0x80008e76
        1135000	       112	800001a0	fce15a03	lhu	x20,-50(x2)	  x2:0x80008e8e x20=0x00000000 PA:0x80008e5c
        1145000	       113	800001a4	40580033	sub	x0,x16,x5	 x16:0x00000006  x5:0x67c1a7ab
        1155000	       114	800001a8	ff514483	lbu	x9,-11(x2)	  x2:0x80008e8e  x9=0x00000000 PA:0x80008e83
        1165000	       115	800001ac	fed10203	lb	x4,-19(x2)	  x2:0x80008e8e  x4=0x00000000 PA:0x80008e7b
        1175000	       116	800001b0	02114b03	lbu	x22,33(x2)	  x2:0x80008e8e x22=0x00000000 PA:0x80008eaf
        1185000	       117	800001b4	00008a97	auipc	x21,0x8	 x21=0x800081b0
        1195000	       118	800001b8	e9ba8a93	addi	x21,x21,-357	 x21:0x800081b0 x21=0x8000804b
        1205000	       119	800001bc	00008317	auipc	x6,0x8	  x6=0x800081b8
        1215000	       120	800001c0	64b30313	addi	x6,x6,1611	  x6:0x800081b8  x6=0x80008803
        1225000	       121	800001c4	00008717	auipc	x14,0x8	 x14=0x800081c0
        1235000	       122	800001c8	3b470713	addi	x14,x14,948	 x14:0x800081c0 x14=0x80008574
        1245000	       123	800001cc	00008217	auipc	x4,0x8	  x4=0x800081c8
        1255000	       124	800001d0	3a020213	addi	x4,x4,928	  x4:0x800081c8  x4=0x80008568
        1265000	       125	800001d4	ff030283	lb	x5,-16(x6)	  x6:0x80008803  x5=0x00000000 PA:0x800087f3
        1275000	       126	800001d8	f7421083	lh	x1,-140(x4)	  x4:0x80008568  x1=0x00000000 PA:0x800084dc
        1285000	       127	800001dc	ff574a03	lbu	x20,-11(x14)	 x14:0x80008574 x20=0x00000000 PA:0x80008569
        1295000	       128	800001e0	00e311a3	sh	x14,3(x6)	  x6:0x80008803 x14:0x80008574 PA:0x80008806
        1305000	       129	800001e4	4fca8323	sb	x28,1254(x21)	 x21:0x8000804b x28:0x00000000 PA:0x80008531
        1315000	       130	800001e8	0cc22583	lw	x11,204(x4)	  x4:0x80008568 x11=0x00000000 PA:0x80008634
        1325000	       131	800001ec	53fa80a3	sb	x31,1313(x21)	 x21:0x8000804b x31:0x00000617 PA:0x8000856c
        1335000	       132	800001f0	00a30683	lb	x13,10(x6)	  x6:0x80008803 x13=0x00000000 PA:0x8000880d
        1345000	       133	800001f4	00b70603	lb	x12,11(x14)	 x14:0x80008574 x12=0x00000000 PA:0x8000857f
        1355000	       134	800001f8	3eea8e23	sb	x14,1020(x21)	 x21:0x8000804b x14:0x80008574 PA:0x80008447
        1365000	       135	800001fc	010704a3	sb	x16,9(x14)	 x14:0x80008574 x16:0x00000006 PA:0x8000857d
        1375000	       136	80000200	0b524e03	lbu	x28,181(x4)	  x4:0x80008568 x28=0x00000000 PA:0x8000861d
        1385000	       137	80000204	01a700a3	sb	x26,1(x14)	 x14:0x80008574 x26:0x00000000 PA:0x80008575
        1395000	       138	80000208	f0425383	lhu	x7,-252(x4)	  x4:0x80008568  x7=0x00000000 PA:0x8000846c
        1405000	       139	8000020c	03020e03	lb	x28,48(x4)	  x4:0x80008568 x28=0x00000000 PA:0x80008598
        1415000	       140	80000210	00c75c83	lhu	x25,12(x14)	 x14:0x80008574 x25=0x00000000 PA:0x80008580
        1425000	       141	80000214	160ac683	lbu	x13,352(x21)	 x21:0x8000804b x13=0x00000000 PA:0x800081ab
        1435000	       142	80000218	f7621023	sh	x22,-160(x4)	  x4:0x80008568 x22:0x00000000 PA:0x800084c8
        1445000	       143	8000021c	00f307a3	sb	x15,15(x6)	  x6:0x80008803 x15:0x200023a3 PA:0x80008812
        1455000	       144	80000220	f0124383	lbu	x7,-255(x4)	  x4:0x80008568  x7=0x00000000 PA:0x80008469
        1465000	       145	80000224	00c74683	lbu	x13,12(x14)	 x14:0x80008574 x13=0x00000000 PA:0x80008580
        1475000	       146	80000228	300a8a03	lb	x20,768(x21)	 x21:0x8000804b x20=0x00000000 PA:0x8000834b
        1485000	       147	8000022c	39eac283	lbu	x5,926(x21)	 x21:0x8000804b  x5=0x00000000 PA:0x800083e9
        1495000	       148	80000230	ff474d83	lbu	x27,-12(x14)	 x14:0x80008574 x27=0x00000000 PA:0x80008568
        1505000	       149	80000234	ff234f83	lbu	x31,-14(x6)	  x6:0x80008803 x31=0x00000000 PA:0x800087f5
        1515000	       150	80000238	f4924503	lbu	x10,-183(x4)	  x4:0x80008568 x10=0x00000000 PA:0x800084b1
        1525000	       151	8000023c	3deac683	lbu	x13,990(x21)	 x21:0x8000804b x13=0x00000000 PA:0x80008429
        1535000	       152	80000240	0cf20723	sb	x15,206(x4)	  x4:0x80008568 x15:0x200023a3 PA:0x80008636
        1545000	       153	80000244	01270123	sb	x18,2(x14)	 x14:0x80008574 x18:0xff4546c0 PA:0x80008576
        1555000	       154	80000248	0e1aa883	lw	x17,225(x21)	 x21:0x8000804b x17=0x00000000 PA:0x8000812c
        1565000	       155	00000000	00000013	addi	x0,x0,0	  x0:0x00000000
        1575000	       156	8000024c	451a9783	lh	x15,1105(x21)	 x21:0x8000804b x15=0x00000000 PA:0x8000849c
        1585000	       157	80000250	ffa75783	lhu	x15,-6(x14)	 x14:0x80008574 x15=0x00000000 PA:0x8000856e
        1595000	       158	80000254	0ec20103	lb	x2,236(x4)	  x4:0x80008568  x2=0x00000000 PA:0x80008654
        1605000	       159	80000258	00008597	auipc	x11,0x8	 x11=0x80008254
        1615000	       160	8000025c	f2258593	addi	x11,x11,-222	 x11:0x80008254 x11=0x80008176
        1625000	       161	80000260	00008c97	auipc	x25,0x8	 x25=0x8000825c
        1635000	       162	80000264	4acc8c93	addi	x25,x25,1196	 x25:0x8000825c x25=0x80008708
        1645000	       163	80000268	00008717	auipc	x14,0x8	 x14=0x80008264
        1655000	       164	8000026c	13170713	addi	x14,x14,305	 x14:0x80008264 x14=0x80008395
        1665000	       165	80000270	fc058f83	lb	x31,-64(x11)	 x11:0x80008176 x31=0x00000000 PA:0x80008136
        1675000	       166	80000274	f2ac9b03	lh	x22,-214(x25)	 x25:0x80008708 x22=0x00000000 PA:0x80008632
        1685000	       167	80000278	fb8c8d03	lb	x26,-72(x25)	 x25:0x80008708 x26=0x00000000 PA:0x800086c0
        1695000	       168	8000027c	f385da83	lhu	x21,-200(x11)	 x11:0x80008176 x21=0x00000000 PA:0x800080ae
        1705000	       169	80000280	0e0c8083	lb	x1,224(x25)	 x25:0x80008708  x1=0x00000000 PA:0x800087e8
        1715000	       170	80000284	f13cc883	lbu	x17,-237(x25)	 x25:0x80008708 x17=0x00000000 PA:0x8000861b
        1725000	       171	80000288	ffb71203	lh	x4,-5(x14)	 x14:0x80008395  x4=0x00000000 PA:0x80008390
        1735000	       172	8000028c	f3d70623	sb	x29,-212(x14)	 x14:0x80008395 x29:0x80009f84 PA:0x800082c1
        1745000	       173	80000290	0e959623	sh	x9,236(x11)	 x11:0x80008176  x9:0x00000000 PA:0x80008262
        1755000	       174	80000294	f81cc983	lbu	x19,-127(x25)	 x25:0x80008708 x19=0x00000000 PA:0x80008689
        1765000	       175	80000298	fdc70183	lb	x3,-36(x14)	 x14:0x80008395  x3=0x00000000 PA:0x80008371
        1775000	       176	8000029c	fb658da3	sb	x22,-69(x11)	 x11:0x80008176 x22:0x00000000 PA:0x80008131
        1785000	       177	800002a0	f235c383	lbu	x7,-221(x11)	 x11:0x80008176  x7=0x00000000 PA:0x80008099
        1795000	       178	800002a4	0a975883	lhu	x17,169(x14)	 x14:0x80008395 x17=0x00000000 PA:0x8000843e
        1805000	       179	800002a8	0345c783	lbu	x15,52(x11)	 x11:0x80008176 x15=0x00000000 PA:0x800081aa
        1815000	       180	800002ac	00870483	lb	x9,8(x14)	 x14:0x80008395  x9=0x00000000 PA:0x8000839d
        1825000	       181	800002b0	056c8f23	sb	x22,94(x25)	 x25:0x80008708 x22:0x00000000 PA:0x80008766
        1835000	       182	800002b4	f9274283	lbu	x5,-110(x14)	 x14:0x80008395  x5=0x00000000 PA:0x80008327
        1845000	       183	800002b8	ff558723	sb	x21,-18(x11)	 x11:0x80008176 x21:0x00000000 PA:0x80008164
        1855000	       184	800002bc	00008697	auipc	x13,0x8	 x13=0x800082b8
        1865000	       185	800002c0	20a68693	addi	x13,x13,522	 x13:0x800082b8 x13=0x800084c2
        1875000	       186	800002c4	00008a17	auipc	x20,0x8	 x20=0x800082c0
        1885000	       187	800002c8	04aa0a13	addi	x20,x20,74	 x20:0x800082c0 x20=0x8000830a
        1895000	       188	800002cc	00008497	auipc	x9,0x8	  x9=0x800082c8
        1905000	       189	800002d0	df848493	addi	x9,x9,-520	  x9:0x800082c8  x9=0x800080c0
        1915000	       190	800002d4	00008297	auipc	x5,0x8	  x5=0x800082d0
        1925000	       191	800002d8	25b28293	addi	x5,x5,603	  x5:0x800082d0  x5=0x8000852b
        1935000	       192	800002dc	fc82aca3	sw	x8,-39(x5)	  x5:0x8000852b  x8:0x80009fc4 PA:0x80008504
        1945000	       193	800002e0	6d749723	sh	x23,1742(x9)	  x9:0x800080c0 x23:0x00000002 PA:0x8000878e
        1955000	       194	800002e4	f1368203	lb	x4,-237(x13)	 x13:0x800084c2  x4=0x00000000 PA:0x800083d5
        1965000	       195	800002e8	14c488a3	sb	x12,337(x9)	  x9:0x800080c0 x12:0x00000000 PA:0x80008211
        1975000	       196	800002ec	044688a3	sb	x4,81(x13)	 x13:0x800084c2  x4:0x00000000 PA:0x80008513
        1985000	       197	800002f0	0a0682a3	sb	x0,165(x13)	 x13:0x800084c2  x0:0x00000000 PA:0x80008567
        1995000	       198	800002f4	fd848623	sb	x24,-52(x9)	  x9:0x800080c0 x24:0x00000000 PA:0x8000808c
        2005000	       199	800002f8	02329a83	lh	x21,35(x5)	  x5:0x8000852b x21=0x00000000 PA:0x8000854e
        2015000	       200	800002fc	23348c03	lb	x24,563(x9)	  x9:0x800080c0 x24=0x00000000 PA:0x800082f3
        2025000	       201	80000300	6bd48c23	sb	x29,1720(x9)	  x9:0x800080c0 x29:0x80009f84 PA:0x80008778
        2035000	       202	80000304	14aa1323	sh	x10,326(x20)	 x20:0x8000830a x10:0x00000000 PA:0x80008450
        2045000	       203	80000308	0b868523	sb	x24,170(x13)	 x13:0x800084c2 x24:0x00000000 PA:0x8000856c
        2055000	       204	8000030c	f0769a23	sh	x7,-236(x13)	 x13:0x800084c2  x7:0x00000000 PA:0x800083d6
        2065000	       205	80000310	d71a0703	lb	x14,-655(x20)	 x20:0x8000830a x14=0x00000000 PA:0x8000807b
        2075000	       206	80000314	fef289a3	sb	x15,-13(x5)	  x5:0x8000852b x15:0x00000000 PA:0x8000851e
        2085000	       207	80000318	fe728083	lb	x1,-25(x5)	  x5:0x8000852b  x1=0x00000000 PA:0x80008512
        2095000	       208	8000031c	08d681a3	sb	x13,131(x13)	 x13:0x800084c2 x13:0x800084c2 PA:0x80008545
        2105000	       209	80000320	15948003	lb	x0,345(x9)	  x9:0x800080c0 PA:0x80008219
        2115000	       210	80000324	16ba0a23	sb	x11,372(x20)	 x20:0x8000830a x11:0x80008176 PA:0x8000847e
        2125000	       211	80000328	71b48503	lb	x10,1819(x9)	  x9:0x800080c0 x10=0x00000000 PA:0x800087db
        2135000	       212	8000032c	fc268603	lb	x12,-62(x13)	 x13:0x800084c2 x12=0x00000000 PA:0x80008484
        2145000	       213	80000330	0d16c383	lbu	x7,209(x13)	 x13:0x800084c2  x7=0x00000000 PA:0x80008593
        2155000	       214	80000334	05368083	lb	x1,83(x13)	 x13:0x800084c2  x1=0x00000000 PA:0x80008515
        2165000	       215	80000338	473a0003	lb	x0,1139(x20)	 x20:0x8000830a PA:0x8000877d
        2175000	       216	8000033c	0042cb83	lbu	x23,4(x5)	  x5:0x8000852b x23=0x00000000 PA:0x8000852f
        2185000	       217	80000340	32548b03	lb	x22,805(x9)	  x9:0x800080c0 x22=0x00000000 PA:0x800083e5
        2195000	       218	80000344	5224d183	lhu	x3,1314(x9)	  x9:0x800080c0  x3=0x00000000 PA:0x800085e2
        2205000	       219	80000348	4b6a0083	lb	x1,1206(x20)	 x20:0x8000830a  x1=0x00000000 PA:0x800087c0
        2215000	       220	00000000	00000013	addi	x0,x0,0	  x0:0x00000000
        2225000	       221	8000034c	00009317	auipc	x6,0x9	  x6=0x80009348
        2235000	       222	80000350	86830313	addi	x6,x6,-1944	  x6:0x80009348  x6=0x80008bb0
        2245000	       223	80000354	f4b34603	lbu	x12,-181(x6)	  x6:0x80008bb0 x12=0x00000000 PA:0x80008afb
        2255000	       224	80000358	f5934103	lbu	x2,-167(x6)	  x6:0x80008bb0  x2=0x00000000 PA:0x80008b09
        2265000	       225	8000035c	35ed6693	ori	x13,x26,862	 x26:0x00000000 x13=0x0000035e
        2275000	       226	80000360	06832d83	lw	x27,104(x6)	  x6:0x80008bb0 x27=0x00000000 PA:0x80008c18
        2285000	       227	80000364	fc130283	lb	x5,-63(x6)	  x6:0x80008bb0  x5=0x00000000 PA:0x80008b71
        2295000	       228	80000368	408fc113	xori	x2,x31,1032	 x31:0x00000000  x2=0x00000408
        2305000	       229	8000036c	01cc4633	xor	x12,x24,x28	 x24:0x00000000 x28:0x00000000 x12=0x00000000
        2315000	       230	80000370	41448ab3	sub	x21,x9,x20	  x9:0x800080c0 x20:0x8000830a x21=0xfffffdb6
        2325000	       231	80000374	fff30a03	lb	x20,-1(x6)	  x6:0x80008bb0 x20=0x00000000 PA:0x80008baf
        2335000	       232	80000378	01030603	lb	x12,16(x6)	  x6:0x80008bb0 x12=0x00000000 PA:0x80008bc0
        2345000	       233	8000037c	0cf30983	lb	x19,207(x6)	  x6:0x80008bb0 x19=0x00000000 PA:0x80008c7f
        2355000	       234	80000380	0bf34d83	lbu	x27,191(x6)	  x6:0x80008bb0 x27=0x00000000 PA:0x80008c6f
        2365000	       235	80000384	cd80f513	andi	x10,x1,-808	  x1:0x00000000 x10=0x00000000
        2375000	       236	80000388	f6934f83	lbu	x31,-151(x6)	  x6:0x80008bb0 x31=0x00000000 PA:0x80008b19
        2385000	       237	8000038c	41645897	auipc	x17,0x41645	 x17=0xc1645388
        2395000	       238	80000390	02134c03	lbu	x24,33(x6)	  x6:0x80008bb0 x24=0x00000000 PA:0x80008bd1
        2405000	       239	80000394	07d30da3	sb	x29,123(x6)	  x6:0x80008bb0 x29:0x80009f84 PA:0x80008c2b
        2415000	       240	80000398	06130483	lb	x9,97(x6)	  x6:0x80008bb0  x9=0x00000000 PA:0x80008c11
        2425000	       241	8000039c	06e30283	lb	x5,110(x6)	  x6:0x80008bb0  x5=0x00000000 PA:0x80008c1e
        2435000	       242	800003a0	5c00c013	xori	x0,x1,1472	  x1:0x00000000
        2445000	       243	800003a4	00c8df93	srli	x31,x17,0xc	 x17:0xc1645388 x31=0x000c1645
        2455000	       244	800003a8	01eb03b3	add	x7,x22,x30	 x22:0x00000000 x30:0xf587dfa6  x7=0xf587dfa6
        2465000	       245	800003ac	fef34383	lbu	x7,-17(x6)	  x6:0x80008bb0  x7=0x00000000 PA:0x80008b9f
        2475000	       246	00000000	00000013	addi	x0,x0,0	  x0:0x00000000
        2485000	       247	800003b0	0079dc33	srl	x24,x19,x7	 x19:0x00000000  x7:0x00000000 x24=0x00000000
        2495000	       248	800003b4	01a3e733	or	x14,x7,x26	  x7:0x00000000 x26:0x00000000 x14=0x00000000
        2505000	       249	800003b8	f753e013	ori	x0,x7,-139	  x7:0x00000000
        2515000	       250	800003bc	04434983	lbu	x19,68(x6)	  x6:0x80008bb0 x19=0x00000000 PA:0x80008bf4
        2525000	       251	800003c0	41205033	sra	x0,x0,x18	  x0:0x00000000 x18:0xff4546c0
        2535000	       252	800003c4	627e7d13	andi	x26,x28,1575	 x28:0x00000000 x26=0x00000000
        2545000	       253	800003c8	418d4293	xori	x5,x26,1048	 x26:0x00000000  x5=0x00000418
        2555000	       254	800003cc	01addf13	srli	x30,x27,0x1a	 x27:0x00000000 x30=0x00000000
        2565000	       255	800003d0	0b934b83	lbu	x23,185(x6)	  x6:0x80008bb0 x23=0x00000000 PA:0x80008c69
        2575000	       256	800003d4	4fb0e7b7	lui	x15,0x4fb0e	 x15=0x4fb0e000
        2585000	       257	800003d8	f8330883	lb	x17,-125(x6)	  x6:0x80008bb0 x17=0x00000000 PA:0x80008b33
        2595000	       258	800003dc	01321633	sll	x12,x4,x19	  x4:0x00000000 x19:0x00000000 x12=0x00000000
        2605000	       259	800003e0	0a930b03	lb	x22,169(x6)	  x6:0x80008bb0 x22=0x00000000 PA:0x80008c59
        2615000	       260	800003e4	07235c83	lhu	x25,114(x6)	  x6:0x80008bb0 x25=0x00000000 PA:0x80008c22
        2625000	       261	800003e8	fc926c93	ori	x25,x4,-55	  x4:0x00000000 x25=0xffffffc9
        2635000	       262	800003ec	fa1308a3	sb	x1,-79(x6)	  x6:0x80008bb0  x1:0x00000000 PA:0x80008b61
        2645000	       263	800003f0	00008697	auipc	x13,0x8	 x13=0x800083ec
        2655000	       264	800003f4	f9368693	addi	x13,x13,-109	 x13:0x800083ec x13=0x8000837f
        2665000	       265	800003f8	04c68c03	lb	x24,76(x13)	 x13:0x8000837f x24=0x00000000 PA:0x800083cb
        2675000	       266	800003fc	05c68203	lb	x4,92(x13)	 x13:0x8000837f  x4=0x00000000 PA:0x800083db
        2685000	       267	80000400	fef69583	lh	x11,-17(x13)	 x13:0x8000837f x11=0x00000000 PA:0x8000836e
        2695000	       268	80000404	9d296d93	ori	x27,x18,-1582	 x18:0xff4546c0 x27=0xffffffd2
        2705000	       269	80000408	01dcb233	sltu	x4,x25,x29	 x25:0xffffffc9 x29:0x80009f84  x4=0x00000000
        2715000	       270	8000040c	0716d383	lhu	x7,113(x13)	 x13:0x8000837f  x7=0x00000000 PA:0x800083f0
        2725000	       271	80000410	0126fab3	and	x21,x13,x18	 x13:0x8000837f x18:0xff4546c0 x21=0x80000240
        2735000	       272	80000414	01559f93	slli	x31,x11,0x15	 x11:0x00000000 x31=0x00000000
        2745000	       273	80000418	a42a0313	addi	x6,x20,-1470	 x20:0x00000000  x6=0xfffffa42
        2755000	       274	8000041c	fb96a603	lw	x12,-71(x13)	 x13:0x8000837f x12=0x00000000 PA:0x80008338
        2765000	       275	80000420	07b6c783	lbu	x15,123(x13)	 x13:0x8000837f x15=0x00000000 PA:0x800083fa
        2775000	       276	80000424	0ac694a3	sh	x12,169(x13)	 x13:0x8000837f x12:0x00000000 PA:0x80008428
        2785000	       277	80000428	0dd6c103	lbu	x2,221(x13)	 x13:0x8000837f  x2=0x00000000 PA:0x8000845c
        2795000	       278	8000042c	0012bfb3	sltu	x31,x5,x1	  x5:0x00000418  x1:0x00000000 x31=0x00000000
        2805000	       279	80000430	f066cb83	lbu	x23,-250(x13)	 x13:0x8000837f x23=0x00000000 PA:0x80008285
        2815000	       280	80000434	f9f6d703	lhu	x14,-97(x13)	 x13:0x8000837f x14=0x00000000 PA:0x8000831e
        2825000	       281	80000438	74a7ac13	slti	x24,x15,1866	 x15:0x00000000 x24=0x00000001
        2835000	       282	8000043c	00039e33	sll	x28,x7,x0	  x7:0x00000000  x0:0x00000000 x28=0x00000000
        2845000	       283	80000440	41798c33	sub	x24,x19,x23	 x19:0x00000000 x23:0x00000000 x24=0x00000000
        2855000	       284	80000444	ff817113	andi	x2,x2,-8	  x2:0x00000000  x2=0x00000000
        2865000	       285	80000448	01eb9093	slli	x1,x23,0x1e	 x23:0x00000000  x1=0x00000000
        2875000	       286	8000044c	0df6c603	lbu	x12,223(x13)	 x13:0x8000837f x12=0x00000000 PA:0x8000845e
        2885000	       287	80000450	014e1bb3	sll	x23,x28,x20	 x28:0x00000000 x20:0x00000000 x23=0x00000000
        2895000	       288	80000454	014b8333	add	x6,x23,x20	 x23:0x00000000 x20:0x00000000  x6=0x00000000
        2905000	       289	80000458	f486cf83	lbu	x31,-184(x13)	 x13:0x8000837f x31=0x00000000 PA:0x800082c7
        2915000	       290	8000045c	82a86393	ori	x7,x16,-2006	 x16:0x00000006  x7=0xfffff82e
        2925000	       291	80000460	0111ba33	sltu	x20,x3,x17	  x3:0x00000000 x17:0x00000000 x20=0x00000000
        2935000	       292	80000464	0dc6aca3	sw	x28,217(x13)	 x13:0x8000837f x28:0x00000000 PA:0x80008458
        2945000	       293	80000468	40755013	srai	x0,x10,0x7	 x10:0x00000000
        2955000	       294	8000046c	443e4493	xori	x9,x28,1091	 x28:0x00000000  x9=0x00000443
        2965000	       295	80000470	04968ca3	sb	x9,89(x13)	 x13:0x8000837f  x9:0x00000443 PA:0x800083d8
        2975000	       296	80000474	fd468983	lb	x19,-44(x13)	 x13:0x8000837f x19=0x00000000 PA:0x80008353
        2985000	       297	80000478	0116a603	lw	x12,17(x13)	 x13:0x8000837f x12=0x00000000 PA:0x80008390
        2995000	       298	8000047c	0c96db83	lhu	x23,201(x13)	 x13:0x8000837f x23=0x00000000 PA:0x80008448
        3005000	       299	80000480	00008117	auipc	x2,0x8	  x2=0x8000847c
        3015000	       300	80000484	52510113	addi	x2,x2,1317	  x2:0x8000847c  x2=0x800089a1
        3025000	       301	80000488	00315c83	lhu	x25,3(x2)	  x2:0x800089a1 x25=0x00000000 PA:0x800089a4
        3035000	       302	8000048c	3970f893	andi	x17,x1,919	  x1:0x00000000 x17=0x00000000
        3045000	       303	80000490	03b129a3	sw	x27,51(x2)	  x2:0x800089a1 x27:0xffffffd2 PA:0x800089d4
        3055000	       304	80000494	01311283	lh	x5,19(x2)	  x2:0x800089a1  x5=0x00000000 PA:0x800089b4
        3065000	       305	80000498	40858cb3	sub	x25,x11,x8	 x11:0x00000000  x8:0x80009fc4 x25=0x7fff603c
        3075000	       306	8000049c	00f118a3	sh	x15,17(x2)	  x2:0x800089a1 x15:0x00000000 PA:0x800089b2
        3085000	       307	800004a0	fe311e03	lh	x28,-29(x2)	  x2:0x800089a1 x28=0x00000000 PA:0x80008984
        3095000	       308	800004a4	b6404813	xori	x16,x0,-1180	  x0:0x00000000 x16=0xfffffb64
        3105000	       309	800004a8	8e2eef93	ori	x31,x29,-1822	 x29:0x80009f84 x31=0xffffffe6
        3115000	       310	800004ac	fd414183	lbu	x3,-44(x2)	  x2:0x800089a1  x3=0x00000000 PA:0x80008975
        3125000	       311	800004b0	4f74f893	andi	x17,x9,1271	  x9:0x00000443 x17=0x00000443
        3135000	       312	800004b4	02810283	lb	x5,40(x2)	  x2:0x800089a1  x5=0x00000000 PA:0x800089c9
        3145000	       313	800004b8	02810383	lb	x7,40(x2)	  x2:0x800089a1  x7=0x00000000 PA:0x800089c9
        3155000	       314	800004bc	02810b83	lb	x23,40(x2)	  x2:0x800089a1 x23=0x00000000 PA:0x800089c9
        3165000	       315	800004c0	ffb11c03	lh	x24,-5(x2)	  x2:0x800089a1 x24=0x00000000 PA:0x8000899c
        3175000	       316	800004c4	fec14383	lbu	x7,-20(x2)	  x2:0x800089a1  x7=0x00000000 PA:0x8000898d
        3185000	       317	800004c8	00008697	auipc	x13,0x8	 x13=0x800084c4
        3195000	       318	800004cc	fdb68693	addi	x13,x13,-37	 x13:0x800084c4 x13=0x8000849f
        3205000	       319	800004d0	00ee3333	sltu	x6,x28,x14	 x28:0x00000000 x14:0x00000000  x6=0x00000000
        3215000	       320	800004d4	01c68c83	lb	x25,28(x13)	 x13:0x8000849f x25=0x00000000 PA:0x800084bb
        3225000	       321	800004d8	01c6c283	lbu	x5,28(x13)	 x13:0x8000849f  x5=0x00000000 PA:0x800084bb
        3235000	       322	800004dc	03b6c503	lbu	x10,59(x13)	 x13:0x8000849f x10=0x00000000 PA:0x800084da
        3245000	       323	800004e0	01a6c783	lbu	x15,26(x13)	 x13:0x8000849f x15=0x00000000 PA:0x800084b9
        3255000	       324	800004e4	01168f83	lb	x31,17(x13)	 x13:0x8000849f x31=0x00000000 PA:0x800084b0
        3265000	       325	800004e8	fc06cc83	lbu	x25,-64(x13)	 x13:0x8000849f x25=0x00000000 PA:0x8000845f
        3275000	       326	800004ec	fef6d283	lhu	x5,-17(x13)	 x13:0x8000849f  x5=0x00000000 PA:0x8000848e
        3285000	       327	800004f0	02668083	lb	x1,38(x13)	 x13:0x8000849f  x1=0x00000000 PA:0x800084c5
        3295000	       328	800004f4	02068323	sb	x0,38(x13)	 x13:0x8000849f  x0:0x00000000 PA:0x800084c5
        3305000	       329	800004f8	91bd6cb7	lui	x25,0x91bd6	 x25=0x91bd6000
        3315000	       330	800004fc	02668323	sb	x6,38(x13)	 x13:0x8000849f  x6:0x00000000 PA:0x800084c5
        3325000	       331	80000500	02668c83	lb	x25,38(x13)	 x13:0x8000849f x25=0x00000000 PA:0x800084c5
        3335000	       332	80000504	00008117	auipc	x2,0x8	  x2=0x80008500
        3345000	       333	80000508	0f510113	addi	x2,x2,245	  x2:0x80008500  x2=0x800085f5
        3355000	       334	8000050c	00c10d83	lb	x27,12(x2)	  x2:0x800085f5 x27=0x00000000 PA:0x80008601
        3365000	       335	80000510	00810b83	lb	x23,8(x2)	  x2:0x800085f5 x23=0x00000000 PA:0x800085fd
        3375000	       336	80000514	00f10683	lb	x13,15(x2)	  x2:0x800085f5 x13=0x00000000 PA:0x80008604
        3385000	       337	80000518	013107a3	sb	x19,15(x2)	  x2:0x800085f5 x19:0x00000000 PA:0x80008604
        3395000	       338	8000051c	415d0f33	sub	x30,x26,x21	 x26:0x00000000 x21:0x80000240 x30=0x7ffffdc0
        3405000	       339	80000520	00f14203	lbu	x4,15(x2)	  x2:0x800085f5  x4=0x00000000 PA:0x80008604
        3415000	       340	80000524	ffb12d83	lw	x27,-5(x2)	  x2:0x800085f5 x27=0x00000000 PA:0x800085f0
        3425000	       341	80000528	00533633	sltu	x12,x6,x5	  x6:0x00000000  x5:0x00000000 x12=0x00000000
        3435000	       342	8000052c	8178e213	ori	x4,x17,-2025	 x17:0x00000443  x4=0xfffffc57
        3445000	       343	80000530	97ff5db7	lui	x27,0x97ff5	 x27=0x97ff5000
        3455000	       344	80000534	00b10303	lb	x6,11(x2)	  x2:0x800085f5  x6=0x00000000 PA:0x80008600
        3465000	       345	80000538	00b14b03	lbu	x22,11(x2)	  x2:0x800085f5 x22=0x00000000 PA:0x80008600
        3475000	       346	8000053c	00b14203	lbu	x4,11(x2)	  x2:0x800085f5  x4=0x00000000 PA:0x80008600
        3485000	       347	80000540	01e022b3	slt	x5,x0,x30	  x0:0x00000000 x30:0x7ffffdc0  x5=0x00000001
        3495000	       348	80000544	00e10083	lb	x1,14(x2)	  x2:0x800085f5  x1=0x00000000 PA:0x80008603
        3505000	       349	80000548	00710783	lb	x15,7(x2)	  x2:0x800085f5 x15=0x00000000 PA:0x800085fc
        3515000	       350	8000054c	019123a3	sw	x25,7(x2)	  x2:0x800085f5 x25:0x00000000 PA:0x800085fc
        3525000	       351	80000550	01010383	lb	x7,16(x2)	  x2:0x800085f5  x7=0x00000000 PA:0x80008605
        3535000	       352	80000554	00a14b03	lbu	x22,10(x2)	  x2:0x800085f5 x22=0x00000000 PA:0x800085ff
        3545000	       353	80000558	00d11303	lh	x6,13(x2)	  x2:0x800085f5  x6=0x00000000 PA:0x80008602
        3555000	       354	8000055c	002107a3	sb	x2,15(x2)	  x2:0x800085f5  x2:0x800085f5 PA:0x80008604
        3565000	       355	80000560	ff810da3	sb	x24,-5(x2)	  x2:0x800085f5 x24:0x00000000 PA:0x800085f0
        3575000	       356	80000564	ff214383	lbu	x7,-14(x2)	  x2:0x800085f5  x7=0x00000000 PA:0x800085e7
        3585000	       357	80000568	b18cf197	auipc	x3,0xb18cf	  x3=0x318cf564
        3595000	       358	8000056c	05cc0863	beq	x24,x28,800005bc	 x24:0x00000000 x28:0x00000000
        3605000	       359	00000000	00000013	addi	x0,x0,0	  x0:0x00000000
        3615000	       360	800005b8	00000013	addi	x0,x0,0	  x0:0x00000000
        3625000	       361	800005bc	40c0da93	srai	x21,x1,0xc	  x1:0x00000000 x21=0x00000000
        3635000	       362	800005c0	00029513	slli	x10,x5,0x0	  x5:0x00000001 x10=0x00000001
        3645000	       363	800005c4	03fe0a63	beq	x28,x31,800005f8	 x28:0x00000000 x31:0x00000000
        3655000	       364	00000000	00000013	addi	x0,x0,0	  x0:0x00000000
        3665000	       365	800005f4	00000013	addi	x0,x0,0	  x0:0x00000000
        3675000	       366	800005f8	0b5bfe63	bgeu	x23,x21,800006b4	 x23:0x00000000 x21:0x00000000
        3685000	       367	00000000	00000013	addi	x0,x0,0	  x0:0x00000000
        3695000	       368	800006b0	00000013	addi	x0,x0,0	  x0:0x00000000
        3705000	       369	800006b4	3a8ec613	xori	x12,x29,936	 x29:0x80009f84 x12=0x80009c2c
        3715000	       370	800006b8	00f18833	add	x16,x3,x15	  x3:0x318cf564 x15:0x00000000 x16=0x318cf564
        3725000	       371	800006bc	01fb9193	slli	x3,x23,0x1f	 x23:0x00000000  x3=0x00000000
        3735000	       372	800006c0	004fd513	srli	x10,x31,0x4	 x31:0x00000000 x10=0x00000000
        3745000	       373	800006c4	00d92333	slt	x6,x18,x13	 x18:0xff4546c0 x13:0x00000000  x6=0x00000001
        3755000	       374	800006c8	06c4c793	xori	x15,x9,108	  x9:0x00000443 x15=0x0000042f
        3765000	       375	800006cc	00000013	addi	x0,x0,0	  x0:0x00000000
        3775000	       376	800006d0	9022ec93	ori	x25,x5,-1790	  x5:0x00000001 x25=0xfffff903
        3785000	       377	800006d4	00008e17	auipc	x28,0x8	 x28=0x800086d0
        3795000	       378	800006d8	e75e0e13	addi	x28,x28,-395	 x28:0x800086d0 x28=0x80008545
        3805000	       379	800006dc	40a08833	sub	x16,x1,x10	  x1:0x00000000 x10:0x00000000 x16=0x00000000
        3815000	       380	800006e0	d5fe2f83	lw	x31,-673(x28)	 x28:0x80008545 x31=0x00000000 PA:0x800082a4
        3825000	       381	800006e4	0f5e5583	lhu	x11,245(x28)	 x28:0x80008545 x11=0x00000000 PA:0x8000863a
        3835000	       382	800006e8	0f5e0003	lb	x0,245(x28)	 x28:0x80008545 PA:0x8000863a
        3845000	       383	800006ec	111e0803	lb	x16,273(x28)	 x28:0x80008545 x16=0x00000000 PA:0x80008656
        3855000	       384	800006f0	e8be5703	lhu	x14,-373(x28)	 x28:0x80008545 x14=0x00000000 PA:0x800083d0
        3865000	       385	800006f4	e8be5183	lhu	x3,-373(x28)	 x28:0x80008545  x3=0x00000000 PA:0x800083d0
        3875000	       386	00000000	00000013	addi	x0,x0,0	  x0:0x00000000
        3885000	       387	800006f8	003b4d33	xor	x26,x22,x3	 x22:0x00000000  x3:0x00000000 x26=0x00000000
        3895000	       388	800006fc	2c9e11a3	sh	x9,707(x28)	 x28:0x80008545  x9:0x00000443 PA:0x80008808
        3905000	       389	80000700	01259fb3	sll	x31,x11,x18	 x11:0x00000000 x18:0xff4546c0 x31=0x00000000
        3915000	       390	80000704	ce8e0303	lb	x6,-792(x28)	 x28:0x80008545  x6=0x00000000 PA:0x8000822d
        3925000	       391	80000708	c71e13a3	sh	x17,-921(x28)	 x28:0x80008545 x17:0x00000443 PA:0x800081ac
        3935000	       392	8000070c	00000013	addi	x0,x0,0	  x0:0x00000000
        3945000	       393	80000710	09ce4b03	lbu	x22,156(x28)	 x28:0x80008545 x22=0x00000000 PA:0x800085e1
        3955000	       394	00000000	00000013	addi	x0,x0,0	  x0:0x00000000
        3965000	       395	80000714	d76e0803	lb	x16,-650(x28)	 x28:0x80008545 x16=0x00000000 PA:0x800082bb
        3975000	       396	80000718	002a0533	add	x10,x20,x2	 x20:0x00000000  x2:0x800085f5 x10=0x800085f5
        3985000	       397	8000071c	01dc8663	beq	x25,x29,80000728	 x25:0xfffff903 x29:0x80009f84
        3995000	       398	80000720	ca52c293	xori	x5,x5,-859	  x5:0x00000001  x5=0xfffffca4
        4005000	       399	80000724	00000013	addi	x0,x0,0	  x0:0x00000000
        4015000	       400	80000728	11dc1a97	auipc	x21,0x11dc1	 x21=0x91dc1724
        4025000	       401	8000072c	01f7f463	bgeu	x15,x31,80000734	 x15:0x0000042f x31:0x00000000
        4035000	       402	00000000	00000013	addi	x0,x0,0	  x0:0x00000000
        4045000	       403	80000730	00000013	addi	x0,x0,0	  x0:0x00000000
        4055000	       404	80000734	02dafa63	bgeu	x21,x13,80000768	 x21:0x91dc1724 x13:0x00000000
        4065000	       405	00000000	00000013	addi	x0,x0,0	  x0:0x00000000
        4075000	       406	80000764	00000013	addi	x0,x0,0	  x0:0x00000000
        4085000	       407	80000768	011c24b3	slt	x9,x24,x17	 x24:0x00000000 x17:0x00000443  x9=0x00000001
        4095000	       408	8000076c	cfb17c13	andi	x24,x2,-773	  x2:0x800085f5 x24=0x800084f1
        4105000	       409	80000770	a2324197	auipc	x3,0xa2324	  x3=0x2232476c
        4115000	       410	80000774	00307b33	and	x22,x0,x3	  x0:0x00000000  x3:0x2232476c x22=0x00000000
        4125000	       411	80000778	002a4663	blt	x20,x2,80000784	 x20:0x00000000  x2:0x800085f5
        4135000	       412	8000077c	0210c863	blt	x1,x1,800007ac	  x1:0x00000000  x1:0x00000000
        4145000	       413	80000780	01bc4a63	blt	x24,x27,80000794	 x24:0x800084f1 x27:0x97ff5000
        4155000	       414	00000000	00000013	addi	x0,x0,0	  x0:0x00000000
        4165000	       415	80000790	00000013	addi	x0,x0,0	  x0:0x00000000
        4175000	       416	80000794	1bc57c13	andi	x24,x10,444	 x10:0x800085f5 x24=0x000001b4
        4185000	       417	80000798	fb34cb93	xori	x23,x9,-77	  x9:0x00000001 x23=0xffffffb2
        4195000	       418	8000079c	00aa07b3	add	x15,x20,x10	 x20:0x00000000 x10:0x800085f5 x15=0x800085f5
        4205000	       419	800007a0	c7554893	xori	x17,x10,-907	 x10:0x800085f5 x17=0x7fff7980
        4215000	       420	800007a4	01ff67b3	or	x15,x30,x31	 x30:0x7ffffdc0 x31:0x00000000 x15=0x7ffffdc0
        4225000	       421	800007a8	f2917a13	andi	x20,x2,-215	  x2:0x800085f5 x20=0x80008521
        4235000	       422	800007ac	01a65e63	bge	x12,x26,800007c8	 x12:0x80009c2c x26:0x00000000
        4245000	       423	800007b0	00000013	addi	x0,x0,0	  x0:0x00000000
        4255000	       424	800007b4	442be213	ori	x4,x23,1090	 x23:0xffffffb2  x4=0xfffffff2
        4265000	       425	800007b8	7cdd6317	auipc	x6,0x7cdd6	  x6=0xfcdd67b4
        4275000	       426	800007bc	41425e33	sra	x28,x4,x20	  x4:0xfffffff2 x20:0x80008521 x28=0xfffffff9
        4285000	       427	800007c0	012747b3	xor	x15,x14,x18	 x14:0x00000000 x18:0xff4546c0 x15=0xff4546c0
        4295000	       428	800007c4	fe2d0f13	addi	x30,x26,-30	 x26:0x00000000 x30=0xffffffe2
        4305000	       429	800007c8	41380ab3	sub	x21,x16,x19	 x16:0x00000000 x19:0x00000000 x21=0x00000000
        4315000	       430	800007cc	05e1d063	bge	x3,x30,8000080c	  x3:0x2232476c x30:0xffffffe2
        4325000	       431	00000000	00000013	addi	x0,x0,0	  x0:0x00000000
        4335000	       432	80000808	00000013	addi	x0,x0,0	  x0:0x00000000
        4345000	       433	8000080c	41c0db33	sra	x22,x1,x28	  x1:0x00000000 x28:0xfffffff9 x22=0x00000000
        4355000	       434	80000810	01b62233	slt	x4,x12,x27	 x12:0x80009c2c x27:0x97ff5000  x4=0x00000001
        4365000	       435	80000814	00000013	addi	x0,x0,0	  x0:0x00000000
        4375000	       436	80000818	00f77c63	bgeu	x14,x15,80000830	 x14:0x00000000 x15:0xff4546c0
        4385000	       437	8000081c	6ed96693	ori	x13,x18,1773	 x18:0xff4546c0 x13=0xff4546ed
        4395000	       438	80000820	d54da793	slti	x15,x27,-684	 x27:0x97ff5000 x15=0x00000001
        4405000	       439	80000824	00000013	addi	x0,x0,0	  x0:0x00000000
        4415000	       440	80000828	000bd733	srl	x14,x23,x0	 x23:0xffffffb2  x0:0x00000000 x14=0xffffffb2
        4425000	       441	8000082c	00dbcbb3	xor	x23,x23,x13	 x23:0xffffffb2 x13:0xff4546ed x23=0x00bab95f
        4435000	       442	80000830	65c817b7	lui	x15,0x65c81	 x15=0x65c81000
        4445000	       443	80000834	d524af93	slti	x31,x9,-686	  x9:0x00000001 x31=0x00000000
        4455000	       444	80000838	40055993	srai	x19,x10,0x0	 x10:0x800085f5 x19=0x800085f5
        4465000	       445	8000083c	041a4663	blt	x20,x1,80000888	 x20:0x80008521  x1:0x00000000
        4475000	       446	00000000	00000013	addi	x0,x0,0	  x0:0x00000000
        4485000	       447	80000884	00000013	addi	x0,x0,0	  x0:0x00000000
        4495000	       448	80000888	03079c63	bne	x15,x16,800008c0	 x15:0x65c81000 x16:0x00000000
        4505000	       449	00000000	00000013	addi	x0,x0,0	  x0:0x00000000
        4515000	       450	800008bc	00000013	addi	x0,x0,0	  x0:0x00000000
        4525000	       451	800008c0	40f9d333	sra	x6,x19,x15	 x19:0x800085f5 x15:0x65c81000  x6=0x800085f5
        4535000	       452	800008c4	0063bf33	sltu	x30,x7,x6	  x7:0x00000000  x6:0x800085f5 x30=0x00000001
        4545000	       453	800008c8	013a5f93	srli	x31,x20,0x13	 x20:0x80008521 x31=0x00001000
        4555000	       454	800008cc	6f812213	slti	x4,x2,1784	  x2:0x800085f5  x4=0x00000001
        4565000	       455	800008d0	01e58463	beq	x11,x30,800008d8	 x11:0x00000000 x30:0x00000001
        4575000	       456	800008d4	058cc863	blt	x25,x24,80000924	 x25:0xfffff903 x24:0x000001b4
        4585000	       457	00000000	00000013	addi	x0,x0,0	  x0:0x00000000
        4595000	       458	80000920	00000013	addi	x0,x0,0	  x0:0x00000000
        4605000	       459	80000924	01607533	and	x10,x0,x22	  x0:0x00000000 x22:0x00000000 x10=0x00000000
        4615000	       460	80000928	02ccce63	blt	x25,x12,80000964	 x25:0xfffff903 x12:0x80009c2c
        4625000	       461	8000092c	d71efc13	andi	x24,x29,-655	 x29:0x80009f84 x24=0x80009d00
        4635000	       462	80000930	00558f33	add	x30,x11,x5	 x11:0x00000000  x5:0xfffffca4 x30=0xfffffca4
        4645000	       463	80000934	414304b3	sub	x9,x6,x20	  x6:0x800085f5 x20:0x80008521  x9=0x000000d4
        4655000	       464	80000938	0125ccb3	xor	x25,x11,x18	 x11:0x00000000 x18:0xff4546c0 x25=0xff4546c0
        4665000	       465	8000093c	2eabe493	ori	x9,x23,746	 x23:0x00bab95f  x9=0x00babbff
        4675000	       466	80000940	bb634713	xori	x14,x6,-1098	  x6:0x800085f5 x14=0x7fff7e43
        4685000	       467	80000944	6d446797	auipc	x15,0x6d446	 x15=0xed446940
        4695000	       468	80000948	01129813	slli	x16,x5,0x11	  x5:0xfffffca4 x16=0xf9480000
        4705000	       469	8000094c	01ed0a63	beq	x26,x30,80000960	 x26:0x00000000 x30:0xfffffca4
        4715000	       470	80000950	00be37b3	sltu	x15,x28,x11	 x28:0xfffffff9 x11:0x00000000 x15=0x00000000
        4725000	       471	80000954	02478063	beq	x15,x4,80000974	 x15:0x00000000  x4:0x00000001
        4735000	       472	80000958	3c0cf793	andi	x15,x25,960	 x25:0xff4546c0 x15=0x000002c0
        4745000	       473	8000095c	01ecad33	slt	x26,x25,x30	 x25:0xff4546c0 x30:0xfffffca4 x26=0x00000001
        4755000	       474	80000960	c9396893	ori	x17,x18,-877	 x18:0xff4546c0 x17=0xfffffed3
        4765000	       475	80000964	0154f463	bgeu	x9,x21,8000096c	  x9:0x00babbff x21:0x00000000
        4775000	       476	00000000	00000013	addi	x0,x0,0	  x0:0x00000000
        4785000	       477	80000968	00000013	addi	x0,x0,0	  x0:0x00000000
        4795000	       478	8000096c	99b3ff93	andi	x31,x7,-1637	  x7:0x00000000 x31=0x00000000
        4805000	       479	80000970	00231e63	bne	x6,x2,8000098c	  x6:0x800085f5  x2:0x800085f5
        4815000	       480	80000974	63104c37	lui	x24,0x63104	 x24=0x63104000
        4825000	       481	80000978	00cd1d13	slli	x26,x26,0xc	 x26:0x00000001 x26=0x00001000
        4835000	       482	8000097c	2d444b93	xori	x23,x8,724	  x8:0x80009fc4 x23=0x80009d10
        4845000	       483	80000980	01f18e63	beq	x3,x31,8000099c	  x3:0x2232476c x31:0x00000000
        4855000	       484	80000984	028b7863	bgeu	x22,x8,800009b4	 x22:0x00000000  x8:0x80009fc4
        4865000	       485	80000988	01c164b3	or	x9,x2,x28	  x2:0x800085f5 x28:0xfffffff9  x9=0xfffffffd
        4875000	       486	8000098c	005d8663	beq	x27,x5,80000998	 x27:0x97ff5000  x5:0xfffffca4
        4885000	       487	80000990	047ef463	bgeu	x29,x7,800009d8	 x29:0x80009f84  x7:0x00000000
        4895000	       488	00000000	00000013	addi	x0,x0,0	  x0:0x00000000
        4905000	       489	800009d4	00000013	addi	x0,x0,0	  x0:0x00000000
        4915000	       490	800009d8	000805b3	add	x11,x16,x0	 x16:0xf9480000  x0:0x00000000 x11=0xf9480000
        4925000	       491	800009dc	41d152b3	sra	x5,x2,x29	  x2:0x800085f5 x29:0x80009f84  x5=0xf800085f
        4935000	       492	800009e0	010704b3	add	x9,x14,x16	 x14:0x7fff7e43 x16:0xf9480000  x9=0x79477e43
        4945000	       493	800009e4	0129f4b3	and	x9,x19,x18	 x19:0x800085f5 x18:0xff4546c0  x9=0x800004c0
        4955000	       494	800009e8	a0b44593	xori	x11,x8,-1525	  x8:0x80009fc4 x11=0x7fff65cf
        4965000	       495	800009ec	e685e9b7	lui	x19,0xe685e	 x19=0xe685e000
        4975000	       496	800009f0	02c78463	beq	x15,x12,80000a18	 x15:0x000002c0 x12:0x80009c2c
        4985000	       497	800009f4	00f3f233	and	x4,x7,x15	  x7:0x00000000 x15:0x000002c0  x4=0x00000000
        4995000	       498	800009f8	400b58b3	sra	x17,x22,x0	 x22:0x00000000  x0:0x00000000 x17=0x00000000
        5005000	       499	800009fc	7c606013	ori	x0,x0,1990	  x0:0x00000000
        5015000	       500	80000a00	01c82a33	slt	x20,x16,x28	 x16:0xf9480000 x28:0xfffffff9 x20=0x00000001
        5025000	       501	80000a04	009477b3	and	x15,x8,x9	  x8:0x80009fc4  x9:0x800004c0 x15=0x800004c0
        5035000	       502	80000a08	40815813	srai	x16,x2,0x8	  x2:0x800085f5 x16=0xff800085
        5045000	       503	80000a0c	9b3e8a93	addi	x21,x29,-1613	 x29:0x80009f84 x21=0x80009937
        5055000	       504	80000a10	8c926837	lui	x16,0x8c926	 x16=0x8c926000
        5065000	       505	80000a14	02dcf063	bgeu	x25,x13,80000a34	 x25:0xff4546c0 x13:0xff4546ed
        5075000	       506	80000a18	01a49593	slli	x11,x9,0x1a	  x9:0x800004c0 x11=0x00000000
        5085000	       507	80000a1c	00878d33	add	x26,x15,x8	 x15:0x800004c0  x8:0x80009fc4 x26=0x0000a484
        5095000	       508	80000a20	01e6a833	slt	x16,x13,x30	 x13:0xff4546ed x30:0xfffffca4 x16=0x00000001
        5105000	       509	80000a24	406d8bb3	sub	x23,x27,x6	 x27:0x97ff5000  x6:0x800085f5 x23=0x17feca0b
        5115000	       510	80000a28	aa4f0f93	addi	x31,x30,-1372	 x30:0xfffffca4 x31=0xfffff748
        5125000	       511	80000a2c	00e88463	beq	x17,x14,80000a34	 x17:0x00000000 x14:0x7fff7e43
        5135000	       512	80000a30	007c6233	or	x4,x24,x7	 x24:0x63104000  x7:0x00000000  x4=0x63104000
        5145000	       513	80000a34	007bd663	bge	x23,x7,80000a40	 x23:0x17feca0b  x7:0x00000000
        5155000	       514	00000000	00000013	addi	x0,x0,0	  x0:0x00000000
        5165000	       515	80000a3c	00000013	addi	x0,x0,0	  x0:0x00000000
        5175000	       516	80000a40	01728863	beq	x5,x23,80000a50	  x5:0xf800085f x23:0x17feca0b
        5185000	       517	80000a44	00835a93	srli	x21,x6,0x8	  x6:0x800085f5 x21=0x00800085
        5195000	       518	80000a48	010f03b3	add	x7,x30,x16	 x30:0xfffffca4 x16:0x00000001  x7=0xfffffca5
        5205000	       519	80000a4c	09189663	bne	x17,x17,80000ad8	 x17:0x00000000 x17:0x00000000
        5215000	       520	80000a50	09de0263	beq	x28,x29,80000ad4	 x28:0xfffffff9 x29:0x80009f84
        5225000	       521	80000a54	0191ba33	sltu	x20,x3,x25	  x3:0x2232476c x25:0xff4546c0 x20=0x00000001
        5235000	       522	80000a58	06a28c63	beq	x5,x10,80000ad0	  x5:0xf800085f x10:0x00000000
        5245000	       523	80000a5c	00008097	auipc	x1,0x8	  x1=0x80008a58
        5255000	       524	80000a60	95a08093	addi	x1,x1,-1702	  x1:0x80008a58  x1=0x800083b2
        5265000	       525	80000a64	fe208e03	lb	x28,-30(x1)	  x1:0x800083b2 x28=0x00000000 PA:0x80008394
        5275000	       526	80000a68	00008b97	auipc	x23,0x8	 x23=0x80008a64
        5285000	       527	80000a6c	bf7b8b93	addi	x23,x23,-1033	 x23:0x80008a64 x23=0x8000865b
        5295000	       528	80000a70	ff60cb03	lbu	x22,-10(x1)	  x1:0x800083b2 x22=0x00000000 PA:0x800083a8
        5305000	       529	80000a74	f93bd583	lhu	x11,-109(x23)	 x23:0x8000865b x11=0x00000000 PA:0x800085ee
        5315000	       530	80000a78	00007a97	auipc	x21,0x7	 x21=0x80007a74
        5325000	       531	80000a7c	673a8a93	addi	x21,x21,1651	 x21:0x80007a74 x21=0x800080e7
        5335000	       532	80000a80	03309a23	sh	x19,52(x1)	  x1:0x800083b2 x19:0xe685e000 PA:0x800083e6
        5345000	       533	80000a84	2aba9ca3	sh	x11,697(x21)	 x21:0x800080e7 x11:0x00000000 PA:0x800083a0
        5355000	       534	80000a88	9fdbc003	lbu	x0,-1539(x23)	 x23:0x8000865b PA:0x80008058
        5365000	       535	80000a8c	20aacf83	lbu	x31,522(x21)	 x21:0x800080e7 x31=0x00000000 PA:0x800082f1
        5375000	       536	00000000	00000013	addi	x0,x0,0	  x0:0x00000000
        5385000	       537	80000a90	01f0c283	lbu	x5,31(x1)	  x1:0x800083b2  x5=0x00000000 PA:0x800083d1
        5395000	       538	80000a94	fca082a3	sb	x10,-59(x1)	  x1:0x800083b2 x10:0x00000000 PA:0x80008377
        5405000	       539	80000a98	15ab8803	lb	x16,346(x23)	 x23:0x8000865b x16=0x00000000 PA:0x800087b5
        5415000	       540	80000a9c	fd80d503	lhu	x10,-40(x1)	  x1:0x800083b2 x10=0x00000000 PA:0x8000838a
        5425000	       541	80000aa0	0100c303	lbu	x6,16(x1)	  x1:0x800083b2  x6=0x00000000 PA:0x800083c2
        5435000	       542	80000aa4	076b8b03	lb	x22,118(x23)	 x23:0x8000865b x22=0x00000000 PA:0x800086d1
        5445000	       543	80000aa8	fca0cb03	lbu	x22,-54(x1)	  x1:0x800083b2 x22=0x00000000 PA:0x8000837c
        5455000	       544	80000aac	0eebce03	lbu	x28,238(x23)	 x23:0x8000865b x28=0x00000000 PA:0x80008749
        5465000	       545	80000ab0	356a8383	lb	x7,854(x21)	 x21:0x800080e7  x7=0x00000000 PA:0x8000843d
        5475000	       546	80000ab4	02c08da3	sb	x12,59(x1)	  x1:0x800083b2 x12:0x80009c2c PA:0x800083ed
        5485000	       547	80000ab8	676ac983	lbu	x19,1654(x21)	 x21:0x800080e7 x19=0x00000000 PA:0x8000875d
        5495000	       548	80000abc	13ab8ba3	sb	x26,311(x23)	 x23:0x8000865b x26:0x0000a484 PA:0x80008792
        5505000	       549	80000ac0	f71a8f83	lb	x31,-143(x21)	 x21:0x800080e7 x31=0x00000000 PA:0x80008058
        5515000	       550	80000ac4	170a8483	lb	x9,368(x21)	 x21:0x800080e7  x9=0x00000000 PA:0x80008257
        5525000	       551	80000ac8	113bcf83	lbu	x31,275(x23)	 x23:0x8000865b x31=0x00000000 PA:0x8000876e
        5535000	       552	80000acc	a166ee13	ori	x28,x13,-1514	 x13:0xff4546ed x28=0xfffffeff
        5545000	       553	80000ad0	0193e0b3	or	x1,x7,x25	  x7:0x00000000 x25:0xff4546c0  x1=0xff4546c0
        5555000	       554	80000ad4	d0bc2c93	slti	x25,x24,-757	 x24:0x63104000 x25=0x00000000
        5565000	       555	80000ad8	c5e75b37	lui	x22,0xc5e75	 x22=0xc5e75000
        5575000	       556	80000adc	68b07713	andi	x14,x0,1675	  x0:0x00000000 x14=0x00000000
        5585000	       557	80000ae0	033f6c63	bltu	x30,x19,80000b18	 x30:0xfffffca4 x19:0x00000000
        5595000	       558	80000ae4	00653f33	sltu	x30,x10,x6	 x10:0x00000000  x6:0x00000000 x30=0x00000000
        5605000	       559	80000ae8	40aa8ab3	sub	x21,x21,x10	 x21:0x800080e7 x10:0x00000000 x21=0x800080e7
        5615000	       560	80000aec	00329f13	slli	x30,x5,0x3	  x5:0x00000000 x30=0x00000000
        5625000	       561	80000af0	410bd213	srai	x4,x23,0x10	 x23:0x8000865b  x4=0xffff8000
        5635000	       562	80000af4	73a26317	auipc	x6,0x73a26	  x6=0xf3a26af0
        5645000	       563	80000af8	01329793	slli	x15,x5,0x13	  x5:0x00000000 x15=0x00000000
        5655000	       564	80000afc	013e4533	xor	x10,x28,x19	 x28:0xfffffeff x19:0x00000000 x10=0xfffffeff
        5665000	       565	80000b00	00fd1113	slli	x2,x26,0xf	 x26:0x0000a484  x2=0x52420000
        5675000	       566	80000b04	01e2f3b3	and	x7,x5,x30	  x5:0x00000000 x30:0x00000000  x7=0x00000000
        5685000	       567	80000b08	41b55a13	srai	x20,x10,0x1b	 x10:0xfffffeff x20=0xffffffff
        5695000	       568	80000b0c	05a29463	bne	x5,x26,80000b54	  x5:0x00000000 x26:0x0000a484
        5705000	       569	00000000	00000013	addi	x0,x0,0	  x0:0x00000000
        5715000	       570	80000b50	00000013	addi	x0,x0,0	  x0:0x00000000
        5725000	       571	80000b54	052af463	bgeu	x21,x18,80000b9c	 x21:0x800080e7 x18:0xff4546c0
        5735000	       572	80000b58	614fab13	slti	x22,x31,1556	 x31:0x00000000 x22=0x00000001
        5745000	       573	80000b5c	0119e1b3	or	x3,x19,x17	 x19:0x00000000 x17:0x00000000  x3=0x00000000
        5755000	       574	80000b60	0071d113	srli	x2,x3,0x7	  x3:0x00000000  x2=0x00000000
        5765000	       575	80000b64	006f9033	sll	x0,x31,x6	 x31:0x00000000  x6:0xf3a26af0
        5775000	       576	80000b68	412703b3	sub	x7,x14,x18	 x14:0x00000000 x18:0xff4546c0  x7=0x00bab940
        5785000	       577	80000b6c	00b556b3	srl	x13,x10,x11	 x10:0xfffffeff x11:0x00000000 x13=0xfffffeff
        5795000	       578	80000b70	21744593	xori	x11,x8,535	  x8:0x80009fc4 x11=0x80009dd3
        5805000	       579	80000b74	e1e96c13	ori	x24,x18,-482	 x18:0xff4546c0 x24=0xfffffede
        5815000	       580	80000b78	009d05b3	add	x11,x26,x9	 x26:0x0000a484  x9:0x00000000 x11=0x0000a484
        5825000	       581	80000b7c	0199ca63	blt	x19,x25,80000b90	 x19:0x00000000 x25:0x00000000
        5835000	       582	80000b80	f734a313	slti	x6,x9,-141	  x9:0x00000000  x6=0x00000000
        5845000	       583	80000b84	00109e13	slli	x28,x1,0x1	  x1:0xff4546c0 x28=0xfe8a8d80
        5855000	       584	80000b88	01ed49b3	xor	x19,x26,x30	 x26:0x0000a484 x30:0x00000000 x19=0x0000a484
        5865000	       585	80000b8c	d211cf13	xori	x30,x3,-735	  x3:0x00000000 x30=0xfffffd21
        5875000	       586	80000b90	017a10b3	sll	x1,x20,x23	 x20:0xffffffff x23:0x8000865b  x1=0xf8000000
        5885000	       587	80000b94	0103d133	srl	x2,x7,x16	  x7:0x00bab940 x16:0x00000000  x2=0x00bab940
        5895000	       588	80000b98	018ad033	srl	x0,x21,x24	 x21:0x800080e7 x24:0xfffffede
        5905000	       589	80000b9c	00cb63b3	or	x7,x22,x12	 x22:0x00000001 x12:0x80009c2c  x7=0x80009c2d
        5915000	       590	80000ba0	0143d8b3	srl	x17,x7,x20	  x7:0x80009c2d x20:0xffffffff x17=0x00000001
        5925000	       591	80000ba4	00638663	beq	x7,x6,80000bb0	  x7:0x80009c2d  x6:0x00000000
        5935000	       592	80000ba8	412485b3	sub	x11,x9,x18	  x9:0x00000000 x18:0xff4546c0 x11=0x00bab940
        5945000	       593	80000bac	40fc8fb3	sub	x31,x25,x15	 x25:0x00000000 x15:0x00000000 x31=0x00000000
        5955000	       594	80000bb0	010730b3	sltu	x1,x14,x16	 x14:0x00000000 x16:0x00000000  x1=0x00000000
        5965000	       595	80000bb4	0555d863	bge	x11,x21,80000c04	 x11:0x00bab940 x21:0x800080e7
        5975000	       596	00000000	00000013	addi	x0,x0,0	  x0:0x00000000
        5985000	       597	80000c00	00000013	addi	x0,x0,0	  x0:0x00000000
        5995000	       598	80000c04	006a7f33	and	x30,x20,x6	 x20:0xffffffff  x6:0x00000000 x30=0x00000000
        6005000	       599	80000c08	75ec0b93	addi	x23,x24,1886	 x24:0xfffffede x23=0x0000063c
        6015000	       600	80000c0c	d7873313	sltiu	x6,x14,-648	 x14:0x00000000  x6=0x00000001
        6025000	       601	80000c10	01b41463	bne	x8,x27,80000c18	  x8:0x80009fc4 x27:0x97ff5000
        6035000	       602	00000000	00000013	addi	x0,x0,0	  x0:0x00000000
        6045000	       603	80000c14	00000013	addi	x0,x0,0	  x0:0x00000000
        6055000	       604	80000c18	00634fb3	xor	x31,x6,x6	  x6:0x00000001  x6:0x00000001 x31=0x00000000
        6065000	       605	80000c1c	f37b2c13	slti	x24,x22,-201	 x22:0x00000001 x24=0x00000000
        6075000	       606	80000c20	018ed313	srli	x6,x29,0x18	 x29:0x80009f84  x6=0x00000080
        6085000	       607	80000c24	009d7c63	bgeu	x26,x9,80000c3c	 x26:0x0000a484  x9:0x00000000
        6095000	       608	00000000	00000013	addi	x0,x0,0	  x0:0x00000000
        6105000	       609	80000c38	00000013	addi	x0,x0,0	  x0:0x00000000
        6115000	       610	80000c3c	db8d3393	sltiu	x7,x26,-584	 x26:0x0000a484  x7=0x00000001
        6125000	       611	80000c40	019c8ab3	add	x21,x25,x25	 x25:0x00000000 x25:0x00000000 x21=0x00000000
        6135000	       612	80000c44	0130a6b3	slt	x13,x1,x19	  x1:0x00000000 x19:0x0000a484 x13=0x00000001
        6145000	       613	80000c48	41825633	sra	x12,x4,x24	  x4:0xffff8000 x24:0x00000000 x12=0xffff8000
        6155000	       614	80000c4c	156ae897	auipc	x17,0x156ae	 x17=0x956aec48
        6165000	       615	80000c50	011d5663	bge	x26,x17,80000c5c	 x26:0x0000a484 x17:0x956aec48
        6175000	       616	00000000	00000013	addi	x0,x0,0	  x0:0x00000000
        6185000	       617	80000c58	00000013	addi	x0,x0,0	  x0:0x00000000
        6195000	       618	80000c5c	00000013	addi	x0,x0,0	  x0:0x00000000
        6205000	       619	80000c60	0128df33	srl	x30,x17,x18	 x17:0x956aec48 x18:0xff4546c0 x30=0x956aec48
        6215000	       620	80000c64	01669f33	sll	x30,x13,x22	 x13:0x00000001 x22:0x00000001 x30=0x00000002
        6225000	       621	80000c68	417add13	srai	x26,x21,0x17	 x21:0x00000000 x26=0x00000000
        6235000	       622	80000c6c	013ae233	or	x4,x21,x19	 x21:0x00000000 x19:0x0000a484  x4=0x0000a484
        6245000	       623	80000c70	9b592713	slti	x14,x18,-1611	 x18:0xff4546c0 x14=0x00000001
        6255000	       624	80000c74	406e08b3	sub	x17,x28,x6	 x28:0xfe8a8d80  x6:0x00000080 x17=0xfe8a8d00
        6265000	       625	80000c78	01904663	blt	x0,x25,80000c84	  x0:0x00000000 x25:0x00000000
        6275000	       626	80000c7c	01684c63	blt	x16,x22,80000c94	 x16:0x00000000 x22:0x00000001
        6285000	       627	00000000	00000013	addi	x0,x0,0	  x0:0x00000000
        6295000	       628	80000c90	00000013	addi	x0,x0,0	  x0:0x00000000
        6305000	       629	80000c94	58e4e397	auipc	x7,0x58e4e	  x7=0xd8e4ec90
        6315000	       630	80000c98	343ccb93	xori	x23,x25,835	 x25:0x00000000 x23=0x00000343
        6325000	       631	80000c9c	00f33133	sltu	x2,x6,x15	  x6:0x00000080 x15:0x00000000  x2=0x00000000
        6335000	       632	80000ca0	da52b393	sltiu	x7,x5,-603	  x5:0x00000000  x7=0x00000001
        6345000	       633	80000ca4	d118f813	andi	x16,x17,-751	 x17:0xfe8a8d00 x16=0xfe8a8d00
        6355000	       634	80000ca8	00ebc333	xor	x6,x23,x14	 x23:0x00000343 x14:0x00000001  x6=0x00000342
        6365000	       635	80000cac	0121bdb3	sltu	x27,x3,x18	  x3:0x00000000 x18:0xff4546c0 x27=0x00000001
        6375000	       636	80000cb0	01e34e63	blt	x6,x30,80000ccc	  x6:0x00000342 x30:0x00000002
        6385000	       637	80000cb4	00000013	addi	x0,x0,0	  x0:0x00000000
        6395000	       638	80000cb8	c50cc193	xori	x3,x25,-944	 x25:0x00000000  x3=0xfffffc50
        6405000	       639	80000cbc	01675d93	srli	x27,x14,0x16	 x14:0x00000001 x27=0x00000000
        6415000	       640	80000cc0	023f6e63	bltu	x30,x3,80000cfc	 x30:0x00000002  x3:0xfffffc50
        6425000	       641	00000000	00000013	addi	x0,x0,0	  x0:0x00000000
        6435000	       642	80000cf8	00000013	addi	x0,x0,0	  x0:0x00000000
        6445000	       643	80000cfc	40c0d393	srai	x7,x1,0xc	  x1:0x00000000  x7=0x00000000
        6455000	       644	80000d00	61f23513	sltiu	x10,x4,1567	  x4:0x0000a484 x10=0x00000000
        6465000	       645	80000d04	41b407b3	sub	x15,x8,x27	  x8:0x80009fc4 x27:0x00000000 x15=0x80009fc4
        6475000	       646	80000d08	030d4463	blt	x26,x16,80000d30	 x26:0x00000000 x16:0xfe8a8d00
        6485000	       647	80000d0c	abe86313	ori	x6,x16,-1346	 x16:0xfe8a8d00  x6=0xffffffbe
        6495000	       648	80000d10	407e5693	srai	x13,x28,0x7	 x28:0xfe8a8d80 x13=0xfffd151b
        6505000	       649	80000d14	a614f493	andi	x9,x9,-1439	  x9:0x00000000  x9=0x00000000
        6515000	       650	80000d18	d7faf713	andi	x14,x21,-641	 x21:0x00000000 x14=0x00000000
        6525000	       651	80000d1c	dc443f13	sltiu	x30,x8,-572	  x8:0x80009fc4 x30=0x00000001
        6535000	       652	80000d20	01e6d213	srli	x4,x13,0x1e	 x13:0xfffd151b  x4=0x00000003
        6545000	       653	80000d24	034d0a63	beq	x26,x20,80000d58	 x26:0x00000000 x20:0xffffffff
        6555000	       654	80000d28	005ad4b3	srl	x9,x21,x5	 x21:0x00000000  x5:0x00000000  x9=0x00000000
        6565000	       655	80000d2c	41d68d33	sub	x26,x13,x29	 x13:0xfffd151b x29:0x80009f84 x26=0x7ffc7597
        6575000	       656	80000d30	0009de13	srli	x28,x19,0x0	 x19:0x0000a484 x28=0x0000a484
        6585000	       657	80000d34	01a71e13	slli	x28,x14,0x1a	 x14:0x00000000 x28=0x00000000
        6595000	       658	80000d38	3dd68817	auipc	x16,0x3dd68	 x16=0xbdd68d34
        6605000	       659	80000d3c	41cc5013	srai	x0,x24,0x1c	 x24:0x00000000
        6615000	       660	80000d40	002c22b3	slt	x5,x24,x2	 x24:0x00000000  x2:0x00000000  x5=0x00000000
        6625000	       661	80000d44	c36357b7	lui	x15,0xc3635	 x15=0xc3635000
        6635000	       662	80000d48	0007c3b3	xor	x7,x15,x0	 x15:0xc3635000  x0:0x00000000  x7=0xc3635000
        6645000	       663	80000d4c	41565ab3	sra	x21,x12,x21	 x12:0xffff8000 x21:0x00000000 x21=0xffff8000
        6655000	       664	80000d50	4076d093	srai	x1,x13,0x7	 x13:0xfffd151b  x1=0xfffffa2a
        6665000	       665	80000d54	005c97b3	sll	x15,x25,x5	 x25:0x00000000  x5:0x00000000 x15=0x00000000
        6675000	       666	80000d58	05aaf863	bgeu	x21,x26,80000da8	 x21:0xffff8000 x26:0x7ffc7597
        6685000	       667	00000000	00000013	addi	x0,x0,0	  x0:0x00000000
        6695000	       668	80000da4	00000013	addi	x0,x0,0	  x0:0x00000000
        6705000	       669	80000da8	6cc44e13	xori	x28,x8,1740	  x8:0x80009fc4 x28=0x80009908
        6715000	       670	80000dac	01b79b13	slli	x22,x15,0x1b	 x15:0x00000000 x22=0x00000000
        6725000	       671	80000db0	414802b3	sub	x5,x16,x20	 x16:0xbdd68d34 x20:0xffffffff  x5=0xbdd68d35
        6735000	       672	80000db4	fab7d097	auipc	x1,0xfab7d	  x1=0x7ab7ddb0
        6745000	       673	80000db8	01776663	bltu	x14,x23,80000dc4	 x14:0x00000000 x23:0x00000343
        6755000	       674	00000000	00000013	addi	x0,x0,0	  x0:0x00000000
        6765000	       675	80000dc0	00000013	addi	x0,x0,0	  x0:0x00000000
        6775000	       676	80000dc4	03e57263	bgeu	x10,x30,80000de8	 x10:0x00000000 x30:0x00000001
        6785000	       677	80000dc8	01c0d6b3	srl	x13,x1,x28	  x1:0x7ab7ddb0 x28:0x80009908 x13=0x007ab7dd
        6795000	       678	80000dcc	4d836b93	ori	x23,x6,1240	  x6:0xffffffbe x23=0xfffffffe
        6805000	       679	80000dd0	00924463	blt	x4,x9,80000dd8	  x4:0x00000003  x9:0x00000000
        6815000	       680	80000dd4	01cf0a63	beq	x30,x28,80000de8	 x30:0x00000001 x28:0x80009908
        6825000	       681	80000dd8	00519e33	sll	x28,x3,x5	  x3:0xfffffc50  x5:0xbdd68d35 x28=0x8a000000
        6835000	       682	80000ddc	eb03ad93	slti	x27,x7,-336	  x7:0xc3635000 x27=0x00000001
        6845000	       683	80000de0	bf78bd93	sltiu	x27,x17,-1033	 x17:0xfe8a8d00 x27=0x00000001
        6855000	       684	80000de4	5111cc93	xori	x25,x3,1297	  x3:0xfffffc50 x25=0xfffff941
        6865000	       685	80000de8	0016d193	srli	x3,x13,0x1	 x13:0x007ab7dd  x3=0x003d5bee
        6875000	       686	80000dec	00000917	auipc	x18,0x0	 x18=0x80000de8
        6885000	       687	80000df0	00c90913	addi	x18,x18,12	 x18:0x80000de8 x18=0x80000df4
        6895000	       688	80000df4	00090067	jalr	x0,x18,0	 x18:0x80000df4
        6905000	       689	00000000	00000013	addi	x0,x0,0	  x0:0x00000000
        6915000	       690	80000df4	00000013	addi	x0,x0,0	  x0:0x00000000
        6925000	       691	80000df8	00100193	addi	x3,x0,1	  x0:0x00000000  x3=0x00000001
        6935000	       692	80000dfc	00000073	ecall	
        6945000	       693	80000e00	016c1463	bne	x24,x22,80000e08	 x24:0x00000000 x22:0x00000000
