		Time			Cycle	PC		Insn	Decoded instruction	Register and memory contents
          65000	         5	80000004	00000293	addi	x5,x0,0	  x0:0x00000000  x5=0x00000000
          75000	         6	80000008	00000313	addi	x6,x0,0	  x0:0x00000000  x6=0x00000000
          85000	         7	8000000c	00628263	beq	x5,x6,80000010	  x5:0x00000000  x6:0x00000000
          95000	         8	00000000	00000013	addi	x0,x0,0	  x0:0x00000000
         105000	         9	8000000c	00000013	addi	x0,x0,0	  x0:0x00000000
         115000	        10	80000010	00000517	auipc	x10,0x0	 x10=0x8000000c
         125000	        11	80000014	00c50513	addi	x10,x10,12	 x10:0x8000000c x10=0x80000018
         135000	        12	80000018	00050067	jalr	x0,x10,0	 x10:0x80000018
         145000	        13	00000000	00000013	addi	x0,x0,0	  x0:0x00000000
         155000	        14	80000018	00000013	addi	x0,x0,0	  x0:0x00000000
         165000	        15	8000001c	40000eb7	lui	x29,0x40000	 x29=0x40000000
         175000	        16	80000020	100e8e93	addi	x29,x29,256	 x29:0x40000000 x29=0x40000100
         185000	        17	80000024	00000013	addi	x0,x0,0	  x0:0x00000000
         195000	        18	80000028	0000af97	auipc	x31,0xa	 x31=0x8000a024
         205000	        19	8000002c	fa0f8f93	addi	x31,x31,-96	 x31:0x8000a024 x31=0x80009fc4
         215000	        20	80000030	00002e97	auipc	x29,0x2	 x29=0x8000202c
         225000	        21	80000034	dd4e8e93	addi	x29,x29,-556	 x29:0x8000202c x29=0x80001e00
         235000	        22	80000038	000eee93	ori	x29,x29,0	 x29:0x80001e00 x29=0x80001e00
         245000	        23	8000003c	00000013	addi	x0,x0,0	  x0:0x00000000
         255000	        24	80000040	00000e97	auipc	x29,0x0	 x29=0x8000003c
         265000	        25	80000044	020e8e93	addi	x29,x29,32	 x29:0x8000003c x29=0x8000005c
         275000	        26	80000048	00000013	addi	x0,x0,0	  x0:0x00000000
         285000	        27	8000004c	00000013	addi	x0,x0,0	  x0:0x00000000
         295000	        28	80000050	00002eb7	lui	x29,0x2	 x29=0x00002000
         305000	        29	80000054	800e8e93	addi	x29,x29,-2048	 x29:0x00002000 x29=0x00001800
         315000	        30	80000058	00000013	addi	x0,x0,0	  x0:0x00000000
         325000	        31	8000005c	00000013	addi	x0,x0,0	  x0:0x00000000
         335000	        32	80000060	80000037	lui	x0,0x80000	
         345000	        33	80000064	00000013	addi	x0,x0,0	  x0:0x00000000
         355000	        34	80000068	00700093	addi	x1,x0,7	  x0:0x00000000  x1=0x00000007
         365000	        35	8000006c	80000137	lui	x2,0x80000	  x2=0x80000000
         375000	        36	80000070	00000193	addi	x3,x0,0	  x0:0x00000000  x3=0x00000000
         385000	        37	80000074	00000213	addi	x4,x0,0	  x0:0x00000000  x4=0x00000000
         395000	        38	80000078	800002b7	lui	x5,0x80000	  x5=0x80000000
         405000	        39	8000007c	80000337	lui	x6,0x80000	  x6=0x80000000
         415000	        40	80000080	b0f273b7	lui	x7,0xb0f27	  x7=0xb0f27000
         425000	        41	80000084	ad338393	addi	x7,x7,-1325	  x7:0xb0f27000  x7=0xb0f26ad3
         435000	        42	80000088	f602b437	lui	x8,0xf602b	  x8=0xf602b000
         445000	        43	8000008c	d1940413	addi	x8,x8,-743	  x8:0xf602b000  x8=0xf602ad19
         455000	        44	80000090	6e5144b7	lui	x9,0x6e514	  x9=0x6e514000
         465000	        45	80000094	43e48493	addi	x9,x9,1086	  x9:0x6e514000  x9=0x6e51443e
         475000	        46	80000098	4a8e1537	lui	x10,0x4a8e1	 x10=0x4a8e1000
         485000	        47	8000009c	3b550513	addi	x10,x10,949	 x10:0x4a8e1000 x10=0x4a8e13b5
         495000	        48	800000a0	00100613	addi	x12,x0,1	  x0:0x00000000 x12=0x00000001
         505000	        49	800000a4	96e886b7	lui	x13,0x96e88	 x13=0x96e88000
         515000	        50	800000a8	18468693	addi	x13,x13,388	 x13:0x96e88000 x13=0x96e88184
         525000	        51	800000ac	ad24d737	lui	x14,0xad24d	 x14=0xad24d000
         535000	        52	800000b0	10b70713	addi	x14,x14,267	 x14:0xad24d000 x14=0xad24d10b
         545000	        53	800000b4	00000793	addi	x15,x0,0	  x0:0x00000000 x15=0x00000000
         555000	        54	800000b8	d98bd837	lui	x16,0xd98bd	 x16=0xd98bd000
         565000	        55	800000bc	22280813	addi	x16,x16,546	 x16:0xd98bd000 x16=0xd98bd222
         575000	        56	800000c0	00000893	addi	x17,x0,0	  x0:0x00000000 x17=0x00000000
         585000	        57	800000c4	00000913	addi	x18,x0,0	  x0:0x00000000 x18=0x00000000
         595000	        58	800000c8	800009b7	lui	x19,0x80000	 x19=0x80000000
         605000	        59	800000cc	00000a13	addi	x20,x0,0	  x0:0x00000000 x20=0x00000000
         615000	        60	800000d0	80000ab7	lui	x21,0x80000	 x21=0x80000000
         625000	        61	800000d4	80000b37	lui	x22,0x80000	 x22=0x80000000
         635000	        62	800000d8	5bddfbb7	lui	x23,0x5bddf	 x23=0x5bddf000
         645000	        63	800000dc	fc1b8b93	addi	x23,x23,-63	 x23:0x5bddf000 x23=0x5bddefc1
         655000	        64	800000e0	80000c37	lui	x24,0x80000	 x24=0x80000000
         665000	        65	800000e4	00e00c93	addi	x25,x0,14	  x0:0x00000000 x25=0x0000000e
         675000	        66	800000e8	f76a4d37	lui	x26,0xf76a4	 x26=0xf76a4000
         685000	        67	800000ec	db6d0d13	addi	x26,x26,-586	 x26:0xf76a4000 x26=0xf76a3db6
         695000	        68	800000f0	00000d93	addi	x27,x0,0	  x0:0x00000000 x27=0x00000000
         705000	        69	800000f4	00d00e13	addi	x28,x0,13	  x0:0x00000000 x28=0x0000000d
         715000	        70	800000f8	b65f3eb7	lui	x29,0xb65f3	 x29=0xb65f3000
         725000	        71	800000fc	979e8e93	addi	x29,x29,-1671	 x29:0xb65f3000 x29=0xb65f2979
         735000	        72	80000100	3f104f37	lui	x30,0x3f104	 x30=0x3f104000
         745000	        73	80000104	34cf0f13	addi	x30,x30,844	 x30:0x3f104000 x30=0x3f10434c
         755000	        74	80000108	0000a597	auipc	x11,0xa	 x11=0x8000a104
         765000	        75	8000010c	e8058593	addi	x11,x11,-384	 x11:0x8000a104 x11=0x80009f84
         775000	        76	80000110	00009317	auipc	x6,0x9	  x6=0x8000910c
         785000	        77	80000114	bcf30313	addi	x6,x6,-1073	  x6:0x8000910c  x6=0x80008cdb
         795000	        78	80000118	c6931b03	lh	x22,-919(x6)	  x6:0x80008cdb x22=0xffffa958 PA:0x80008944
         805000	        79	8000011c	df834c83	lbu	x25,-520(x6)	  x6:0x80008cdb x25=0x00000017 PA:0x80008ad3
         815000	        80	80000120	fcf30423	sb	x15,-56(x6)	  x6:0x80008cdb x15:0x00000000 PA:0x80008ca3
         825000	        81	80000124	e9a30803	lb	x16,-358(x6)	  x6:0x80008cdb x16=0x00000048 PA:0x80008b75
         835000	        82	80000128	011139b3	sltu	x19,x2,x17	  x2:0x80000000 x17:0x00000000 x19=0x00000000
         845000	        83	8000012c	b6334903	lbu	x18,-1181(x6)	  x6:0x80008cdb x18=0x0000003a PA:0x8000883e
         855000	        84	80000130	00144a33	xor	x20,x8,x1	  x8:0xf602ad19  x1:0x00000007 x20=0xf602ad1e
         865000	        85	80000134	f7f35083	lhu	x1,-129(x6)	  x6:0x80008cdb  x1=0x000077ac PA:0x80008c5a
         875000	        86	80000138	e06dee13	ori	x28,x27,-506	 x27:0x00000000 x28=0xfffffe06
         885000	        87	8000013c	41c806b3	sub	x13,x16,x28	 x16:0x00000048 x28:0xfffffe06 x13=0x00000242
         895000	        88	80000140	015c18b3	sll	x17,x24,x21	 x24:0x80000000 x21:0x80000000 x17=0x80000000
         905000	        89	80000144	fbe311a3	sh	x30,-93(x6)	  x6:0x80008cdb x30:0x3f10434c PA:0x80008c7e
         915000	        90	80000148	0eb310a3	sh	x11,225(x6)	  x6:0x80008cdb x11:0x80009f84 PA:0x80008dbc
         925000	        91	8000014c	77968493	addi	x9,x13,1913	 x13:0x00000242  x9=0x000009bb
         935000	        92	80000150	f5334e03	lbu	x28,-173(x6)	  x6:0x80008cdb x28=0x000000e4 PA:0x80008c2e
         945000	        93	80000154	729be193	ori	x3,x23,1833	 x23:0x5bddefc1  x3=0x5bddefe9
         955000	        94	80000158	6629e013	ori	x0,x19,1634	 x19:0x00000000
         965000	        95	8000015c	07030ba3	sb	x16,119(x6)	  x6:0x80008cdb x16:0x00000048 PA:0x80008d52
         975000	        96	80000160	094a52b7	lui	x5,0x94a5	  x5=0x094a5000
         985000	        97	80000164	3b368717	auipc	x14,0x3b368	 x14=0xbb368160
         995000	        98	80000168	00292433	slt	x8,x18,x2	 x18:0x0000003a  x2:0x80000000  x8=0x00000000
        1005000	        99	8000016c	007924b3	slt	x9,x18,x7	 x18:0x0000003a  x7:0xb0f26ad3  x9=0x00000000
        1015000	       100	80000170	1e034803	lbu	x16,480(x6)	  x6:0x80008cdb x16=0x00000015 PA:0x80008ebb
        1025000	       101	80000174	edb29937	lui	x18,0xedb29	 x18=0xedb29000
        1035000	       102	80000178	ff328913	addi	x18,x5,-13	  x5:0x094a5000 x18=0x094a4ff3
        1045000	       103	8000017c	d3f30d03	lb	x26,-705(x6)	  x6:0x80008cdb x26=0x00000050 PA:0x80008a1a
        1055000	       104	80000180	b102c393	xori	x7,x5,-1264	  x5:0x094a5000  x7=0xf6b5ab10
        1065000	       105	80000184	2e331d83	lh	x27,739(x6)	  x6:0x80008cdb x27=0x000016a1 PA:0x80008fbe
        1075000	       106	80000188	15432ea3	sw	x20,349(x6)	  x6:0x80008cdb x20:0xf602ad1e PA:0x80008e38
        1085000	       107	8000018c	00008497	auipc	x9,0x8	  x9=0x80008188
        1095000	       108	80000190	60148493	addi	x9,x9,1537	  x9:0x80008188  x9=0x80008789
        1105000	       109	80000194	06848003	lb	x0,104(x9)	  x9:0x80008789 PA:0x800087f1
        1115000	       110	80000198	07c48423	sb	x28,104(x9)	  x9:0x80008789 x28:0x000000e4 PA:0x800087f1
        1125000	       111	8000019c	85b67b13	andi	x22,x12,-1957	 x12:0x00000001 x22=0x00000001
        1135000	       112	800001a0	06e48423	sb	x14,104(x9)	  x9:0x80008789 x14:0xbb368160 PA:0x800087f1
        1145000	       113	800001a4	06848e83	lb	x29,104(x9)	  x9:0x80008789 x29=0x00000060 PA:0x800087f1
        1155000	       114	800001a8	01122f33	slt	x30,x4,x17	  x4:0x00000000 x17:0x80000000 x30=0x00000000
        1165000	       115	800001ac	06848183	lb	x3,104(x9)	  x9:0x80008789  x3=0x00000060 PA:0x800087f1
        1175000	       116	00000000	00000013	addi	x0,x0,0	  x0:0x00000000
        1185000	       117	800001b0	06348423	sb	x3,104(x9)	  x9:0x80008789  x3:0x00000060 PA:0x800087f1
        1195000	       118	800001b4	0684c183	lbu	x3,104(x9)	  x9:0x80008789  x3=0x00000060 PA:0x800087f1
        1205000	       119	800001b8	06848e03	lb	x28,104(x9)	  x9:0x80008789 x28=0x00000060 PA:0x800087f1
        1215000	       120	800001bc	06048423	sb	x0,104(x9)	  x9:0x80008789  x0:0x00000000 PA:0x800087f1
        1225000	       121	800001c0	06848a83	lb	x21,104(x9)	  x9:0x80008789 x21=0x00000000 PA:0x800087f1
        1235000	       122	800001c4	06848703	lb	x14,104(x9)	  x9:0x80008789 x14=0x00000000 PA:0x800087f1
        1245000	       123	800001c8	06648423	sb	x6,104(x9)	  x9:0x80008789  x6:0x80008cdb PA:0x800087f1
        1255000	       124	800001cc	06848103	lb	x2,104(x9)	  x9:0x80008789  x2=0xffffffdb PA:0x800087f1
        1265000	       125	800001d0	06e48423	sb	x14,104(x9)	  x9:0x80008789 x14:0x00000000 PA:0x800087f1
        1275000	       126	800001d4	07d48423	sb	x29,104(x9)	  x9:0x80008789 x29:0x00000060 PA:0x800087f1
        1285000	       127	800001d8	06848b03	lb	x22,104(x9)	  x9:0x80008789 x22=0x00000060 PA:0x800087f1
        1295000	       128	800001dc	06848703	lb	x14,104(x9)	  x9:0x80008789 x14=0x00000060 PA:0x800087f1
        1305000	       129	800001e0	06d48423	sb	x13,104(x9)	  x9:0x80008789 x13:0x00000242 PA:0x800087f1
        1315000	       130	800001e4	00009697	auipc	x13,0x9	 x13=0x800091e0
        1325000	       131	800001e8	93168693	addi	x13,x13,-1743	 x13:0x800091e0 x13=0x80008b11
        1335000	       132	800001ec	ffb6aba3	sw	x27,-9(x13)	 x13:0x80008b11 x27:0x000016a1 PA:0x80008b08
        1345000	       133	800001f0	ff769903	lh	x18,-9(x13)	 x13:0x80008b11 x18=0x000016a1 PA:0x80008b08
        1355000	       134	800001f4	ff76d883	lhu	x17,-9(x13)	 x13:0x80008b11 x17=0x000016a1 PA:0x80008b08
        1365000	       135	800001f8	ff768c83	lb	x25,-9(x13)	 x13:0x80008b11 x25=0xffffffa1 PA:0x80008b08
        1375000	       136	800001fc	b6af0393	addi	x7,x30,-1174	 x30:0x00000000  x7=0xfffffb6a
        1385000	       137	80000200	ff76a903	lw	x18,-9(x13)	 x13:0x80008b11 x18=0x000016a1 PA:0x80008b08
        1395000	       138	80000204	ff76d783	lhu	x15,-9(x13)	 x13:0x80008b11 x15=0x000016a1 PA:0x80008b08
        1405000	       139	80000208	ff269ba3	sh	x18,-9(x13)	 x13:0x80008b11 x18:0x000016a1 PA:0x80008b08
        1415000	       140	8000020c	ff76d703	lhu	x14,-9(x13)	 x13:0x80008b11 x14=0x000016a1 PA:0x80008b08
        1425000	       141	80000210	fec68ba3	sb	x12,-9(x13)	 x13:0x80008b11 x12:0x00000001 PA:0x80008b08
        1435000	       142	80000214	fe26aba3	sw	x2,-9(x13)	 x13:0x80008b11  x2:0xffffffdb PA:0x80008b08
        1445000	       143	80000218	ffb6aba3	sw	x27,-9(x13)	 x13:0x80008b11 x27:0x000016a1 PA:0x80008b08
        1455000	       144	8000021c	ff26aba3	sw	x18,-9(x13)	 x13:0x80008b11 x18:0x000016a1 PA:0x80008b08
        1465000	       145	80000220	ff76aa03	lw	x20,-9(x13)	 x13:0x80008b11 x20=0x000016a1 PA:0x80008b08
        1475000	       146	80000224	ff76dd83	lhu	x27,-9(x13)	 x13:0x80008b11 x27=0x000016a1 PA:0x80008b08
        1485000	       147	80000228	00009f17	auipc	x30,0x9	 x30=0x80009224
        1495000	       148	8000022c	914f0f13	addi	x30,x30,-1772	 x30:0x80009224 x30=0x80008b38
        1505000	       149	80000230	01a5ceb3	xor	x29,x11,x26	 x11:0x80009f84 x26:0x00000050 x29=0x80009fd4
        1515000	       150	80000234	ff5f0c23	sb	x21,-8(x30)	 x30:0x80008b38 x21:0x00000000 PA:0x80008b30
        1525000	       151	80000238	ff8f1d83	lh	x27,-8(x30)	 x30:0x80008b38 x27=0x00001a00 PA:0x80008b30
        1535000	       152	8000023c	ff6f1383	lh	x7,-10(x30)	 x30:0x80008b38  x7=0x00006728 PA:0x80008b2e
        1545000	       153	80000240	009f03a3	sb	x9,7(x30)	 x30:0x80008b38  x9:0x80008789 PA:0x80008b3f
        1555000	       154	80000244	011f0023	sb	x17,0(x30)	 x30:0x80008b38 x17:0x000016a1 PA:0x80008b38
        1565000	       155	80000248	000f1483	lh	x9,0(x30)	 x30:0x80008b38  x9=0xffffb3a1 PA:0x80008b38
        1575000	       156	8000024c	000f0103	lb	x2,0(x30)	 x30:0x80008b38  x2=0xffffffa1 PA:0x80008b38
        1585000	       157	80000250	ff4f5683	lhu	x13,-12(x30)	 x30:0x80008b38 x13=0x00003090 PA:0x80008b2c
        1595000	       158	80000254	ffff1a23	sh	x31,-12(x30)	 x30:0x80008b38 x31:0x80009fc4 PA:0x80008b2c
        1605000	       159	80000258	006f00a3	sb	x6,1(x30)	 x30:0x80008b38  x6:0x80008cdb PA:0x80008b39
        1615000	       160	8000025c	010f1223	sh	x16,4(x30)	 x30:0x80008b38 x16:0x00000015 PA:0x80008b3c
        1625000	       161	80000260	010f4083	lbu	x1,16(x30)	 x30:0x80008b38  x1=0x00000022 PA:0x80008b48
        1635000	       162	80000264	015f02a3	sb	x21,5(x30)	 x30:0x80008b38 x21:0x00000000 PA:0x80008b3d
        1645000	       163	80000268	010f0323	sb	x16,6(x30)	 x30:0x80008b38 x16:0x00000015 PA:0x80008b3e
        1655000	       164	8000026c	ffef5e03	lhu	x28,-2(x30)	 x30:0x80008b38 x28=0x000048ad PA:0x80008b36
        1665000	       165	80000270	08fa7113	andi	x2,x20,143	 x20:0x000016a1  x2=0x00000081
        1675000	       166	80000274	ff6f0c03	lb	x24,-10(x30)	 x30:0x80008b38 x24=0x00000028 PA:0x80008b2e
        1685000	       167	80000278	ffaf1a03	lh	x20,-6(x30)	 x30:0x80008b38 x20=0x00001b34 PA:0x80008b32
        1695000	       168	8000027c	006f1203	lh	x4,6(x30)	 x30:0x80008b38  x4=0xffff8915 PA:0x80008b3e
        1705000	       169	80000280	00008117	auipc	x2,0x8	  x2=0x8000827c
        1715000	       170	80000284	06f10113	addi	x2,x2,111	  x2:0x8000827c  x2=0x800082eb
        1725000	       171	80000288	00c10723	sb	x12,14(x2)	  x2:0x800082eb x12:0x00000001 PA:0x800082f9
        1735000	       172	8000028c	00e14203	lbu	x4,14(x2)	  x2:0x800082eb  x4=0x00000001 PA:0x800082f9
        1745000	       173	80000290	ff010603	lb	x12,-16(x2)	  x2:0x800082eb x12=0xffffffa6 PA:0x800082db
        1755000	       174	80000294	ff014e83	lbu	x29,-16(x2)	  x2:0x800082eb x29=0x000000a6 PA:0x800082db
        1765000	       175	80000298	0077be33	sltu	x28,x15,x7	 x15:0x000016a1  x7:0x00006728 x28=0x00000001
        1775000	       176	8000029c	4d4fa913	slti	x18,x31,1236	 x31:0x80009fc4 x18=0x00000001
        1785000	       177	800002a0	fea10823	sb	x10,-16(x2)	  x2:0x800082eb x10:0x4a8e13b5 PA:0x800082db
        1795000	       178	800002a4	01d10123	sb	x29,2(x2)	  x2:0x800082eb x29:0x000000a6 PA:0x800082ed
        1805000	       179	800002a8	00214403	lbu	x8,2(x2)	  x2:0x800082eb  x8=0x000000a6 PA:0x800082ed
        1815000	       180	800002ac	00a4dd13	srli	x26,x9,0xa	  x9:0xffffb3a1 x26=0x003fffec
        1825000	       181	800002b0	00214303	lbu	x6,2(x2)	  x2:0x800082eb  x6=0x000000a6 PA:0x800082ed
        1835000	       182	800002b4	00210a03	lb	x20,2(x2)	  x2:0x800082eb x20=0xffffffa6 PA:0x800082ed
        1845000	       183	800002b8	c5f5aa93	slti	x21,x11,-929	 x11:0x80009f84 x21=0x00000001
        1855000	       184	800002bc	00214783	lbu	x15,2(x2)	  x2:0x800082eb x15=0x000000a6 PA:0x800082ed
        1865000	       185	800002c0	00214803	lbu	x16,2(x2)	  x2:0x800082eb x16=0x000000a6 PA:0x800082ed
        1875000	       186	800002c4	00210c03	lb	x24,2(x2)	  x2:0x800082eb x24=0xffffffa6 PA:0x800082ed
        1885000	       187	800002c8	00214403	lbu	x8,2(x2)	  x2:0x800082eb  x8=0x000000a6 PA:0x800082ed
        1895000	       188	800002cc	00210c03	lb	x24,2(x2)	  x2:0x800082eb x24=0xffffffa6 PA:0x800082ed
        1905000	       189	800002d0	ff614083	lbu	x1,-10(x2)	  x2:0x800082eb  x1=0x0000001a PA:0x800082e1
        1915000	       190	800002d4	dce3f937	lui	x18,0xdce3f	 x18=0xdce3f000
        1925000	       191	800002d8	0097cd33	xor	x26,x15,x9	 x15:0x000000a6  x9:0xffffb3a1 x26=0xffffb307
        1935000	       192	800002dc	ff614483	lbu	x9,-10(x2)	  x2:0x800082eb  x9=0x0000001a PA:0x800082e1
        1945000	       193	800002e0	00714883	lbu	x17,7(x2)	  x2:0x800082eb x17=0x000000c5 PA:0x800082f2
        1955000	       194	800002e4	001019b3	sll	x19,x0,x1	  x0:0x00000000  x1:0x0000001a x19=0x00000000
        1965000	       195	800002e8	002113a3	sh	x2,7(x2)	  x2:0x800082eb  x2:0x800082eb PA:0x800082f2
        1975000	       196	800002ec	ff814a83	lbu	x21,-8(x2)	  x2:0x800082eb x21=0x0000001c PA:0x800082e3
        1985000	       197	800002f0	00d122a3	sw	x13,5(x2)	  x2:0x800082eb x13:0x00003090 PA:0x800082f0
        1995000	       198	800002f4	00009697	auipc	x13,0x9	 x13=0x800092f0
        2005000	       199	800002f8	9a068693	addi	x13,x13,-1632	 x13:0x800092f0 x13=0x80008c90
        2015000	       200	800002fc	00008197	auipc	x3,0x8	  x3=0x800082f8
        2025000	       201	80000300	61118193	addi	x3,x3,1553	  x3:0x800082f8  x3=0x80008909
        2035000	       202	80000304	00009b97	auipc	x23,0x9	 x23=0x80009300
        2045000	       203	80000308	91bb8b93	addi	x23,x23,-1765	 x23:0x80009300 x23=0x80008c1b
        2055000	       204	8000030c	ff718d23	sb	x23,-6(x3)	  x3:0x80008909 x23:0x80008c1b PA:0x80008903
        2065000	       205	80000310	00008e17	auipc	x28,0x8	 x28=0x8000830c
        2075000	       206	80000314	6f3e0e13	addi	x28,x28,1779	 x28:0x8000830c x28=0x800089ff
        2085000	       207	80000318	0096c603	lbu	x12,9(x13)	 x13:0x80008c90 x12=0x00000090 PA:0x80008c99
        2095000	       208	8000031c	00818a83	lb	x21,8(x3)	  x3:0x80008909 x21=0x00000048 PA:0x80008911
        2105000	       209	80000320	1bebc083	lbu	x1,446(x23)	 x23:0x80008c1b  x1=0x00000073 PA:0x80008dd9
        2115000	       210	80000324	00a6d983	lhu	x19,10(x13)	 x13:0x80008c90 x19=0x0000f779 PA:0x80008c9a
        2125000	       211	80000328	da6b8c03	lb	x24,-602(x23)	 x23:0x80008c1b x24=0x00000004 PA:0x800089c1
        2135000	       212	8000032c	fcde03a3	sb	x13,-57(x28)	 x28:0x800089ff x13:0x80008c90 PA:0x800089c6
        2145000	       213	80000330	ff268a83	lb	x21,-14(x13)	 x13:0x80008c90 x21=0x0000003d PA:0x80008c82
        2155000	       214	80000334	fff1d483	lhu	x9,-1(x3)	  x3:0x80008909  x9=0x0000a78f PA:0x80008908
        2165000	       215	80000338	1c6b8e83	lb	x29,454(x23)	 x23:0x80008c1b x29=0x00000058 PA:0x80008de1
        2175000	       216	8000033c	019681a3	sb	x25,3(x13)	 x13:0x80008c90 x25:0xffffffa1 PA:0x80008c93
        2185000	       217	80000340	38eb8303	lb	x6,910(x23)	 x23:0x80008c1b  x6=0x0000007a PA:0x80008fa9
        2195000	       218	80000344	fec68d23	sb	x12,-6(x13)	 x13:0x80008c90 x12:0x00000090 PA:0x80008c8a
        2205000	       219	80000348	ffa18703	lb	x14,-6(x3)	  x3:0x80008909 x14=0x0000001b PA:0x80008903
        2215000	       220	8000034c	f86e4a03	lbu	x20,-122(x28)	 x28:0x800089ff x20=0x00000099 PA:0x80008985
        2225000	       221	80000350	0021cc03	lbu	x24,2(x3)	  x3:0x80008909 x24=0x000000f2 PA:0x8000890b
        2235000	       222	80000354	ffa1c883	lbu	x17,-6(x3)	  x3:0x80008909 x17=0x0000001b PA:0x80008903
        2245000	       223	80000358	e4ab98a3	sh	x10,-431(x23)	 x23:0x80008c1b x10:0x4a8e13b5 PA:0x80008a6c
        2255000	       224	8000035c	dffbc703	lbu	x14,-513(x23)	 x23:0x80008c1b x14=0x00000050 PA:0x80008a1a
        2265000	       225	80000360	00068f03	lb	x30,0(x13)	 x13:0x80008c90 x30=0x00000036 PA:0x80008c90
        2275000	       226	80000364	039e5283	lhu	x5,57(x28)	 x28:0x800089ff  x5=0x00003fd7 PA:0x80008a38
        2285000	       227	80000368	fe168ca3	sb	x1,-7(x13)	 x13:0x80008c90  x1:0x00000073 PA:0x80008c89
        2295000	       228	8000036c	ff41c483	lbu	x9,-12(x3)	  x3:0x80008909  x9=0x00000016 PA:0x800088fd
        2305000	       229	80000370	ff568a03	lb	x20,-11(x13)	 x13:0x80008c90 x20=0xffffffd7 PA:0x80008c85
        2315000	       230	80000374	0adbc283	lbu	x5,173(x23)	 x23:0x80008c1b  x5=0x000000c8 PA:0x80008cc8
        2325000	       231	80000378	f5ee4103	lbu	x2,-162(x28)	 x28:0x800089ff  x2=0x000000e6 PA:0x8000895d
        2335000	       232	8000037c	ff069403	lh	x8,-16(x13)	 x13:0x80008c90  x8=0x00006662 PA:0x80008c80
        2345000	       233	80000380	00f194a3	sh	x15,9(x3)	  x3:0x80008909 x15:0x000000a6 PA:0x80008912
        2355000	       234	80000384	015e1903	lh	x18,21(x28)	 x28:0x800089ff x18=0x000069c5 PA:0x80008a14
        2365000	       235	80000388	00008117	auipc	x2,0x8	  x2=0x80008384
        2375000	       236	8000038c	79710113	addi	x2,x2,1943	  x2:0x80008384  x2=0x80008b1b
        2385000	       237	80000390	013a1bb3	sll	x23,x20,x19	 x20:0xffffffd7 x19:0x0000f779 x23=0xae000000
        2395000	       238	80000394	fd214b83	lbu	x23,-46(x2)	  x2:0x80008b1b x23=0x000000eb PA:0x80008aed
        2405000	       239	80000398	c834a093	slti	x1,x9,-893	  x9:0x00000016  x1=0x00000000
        2415000	       240	8000039c	01e12bb3	slt	x23,x2,x30	  x2:0x80008b1b x30:0x00000036 x23=0x00000001
        2425000	       241	800003a0	44314283	lbu	x5,1091(x2)	  x2:0x80008b1b  x5=0x000000fd PA:0x80008f5e
        2435000	       242	800003a4	ff514c03	lbu	x24,-11(x2)	  x2:0x80008b1b x24=0x0000008a PA:0x80008b10
        2445000	       243	800003a8	e4c111a3	sh	x12,-445(x2)	  x2:0x80008b1b x12:0x00000090 PA:0x8000895e
        2455000	       244	800003ac	b6d5bc93	sltiu	x25,x11,-1171	 x11:0x80009f84 x25=0x00000001
        2465000	       245	800003b0	f7911283	lh	x5,-135(x2)	  x2:0x80008b1b  x5=0x00003ebb PA:0x80008a94
        2475000	       246	800003b4	f674a893	slti	x17,x9,-153	  x9:0x00000016 x17=0x00000000
        2485000	       247	800003b8	1d514e83	lbu	x29,469(x2)	  x2:0x80008b1b x29=0x000000c5 PA:0x80008cf0
        2495000	       248	800003bc	4a6124a3	sw	x6,1193(x2)	  x2:0x80008b1b  x6:0x0000007a PA:0x80008fc4
        2505000	       249	800003c0	0e414d03	lbu	x26,228(x2)	  x2:0x80008b1b x26=0x0000006e PA:0x80008bff
        2515000	       250	800003c4	0032b733	sltu	x14,x5,x3	  x5:0x00003ebb  x3:0x80008909 x14=0x00000001
        2525000	       251	800003c8	1cf11f03	lh	x30,463(x2)	  x2:0x80008b1b x30=0xffffa10d PA:0x80008cea
        2535000	       252	800003cc	01b9dc33	srl	x24,x19,x27	 x19:0x0000f779 x27:0x00001a00 x24=0x0000f779
        2545000	       253	800003d0	04810c23	sb	x8,88(x2)	  x2:0x80008b1b  x8:0x00006662 PA:0x80008b73
        2555000	       254	800003d4	fc511783	lh	x15,-59(x2)	  x2:0x80008b1b x15=0xffffd5f1 PA:0x80008ae0
        2565000	       255	800003d8	2e35e213	ori	x4,x11,739	 x11:0x80009f84  x4=0x80009fe7
        2575000	       256	800003dc	16410e23	sb	x4,380(x2)	  x2:0x80008b1b  x4:0x80009fe7 PA:0x80008c97
        2585000	       257	800003e0	10a10403	lb	x8,266(x2)	  x2:0x80008b1b  x8=0x00000022 PA:0x80008c25
        2595000	       258	800003e4	003fe9b3	or	x19,x31,x3	 x31:0x80009fc4  x3:0x80008909 x19=0x80009fcd
        2605000	       259	800003e8	005e1733	sll	x14,x28,x5	 x28:0x800089ff  x5:0x00003ebb x14=0xf8000000
        2615000	       260	800003ec	01d14903	lbu	x18,29(x2)	  x2:0x80008b1b x18=0x000000a1 PA:0x80008b38
        2625000	       261	800003f0	1a7dc293	xori	x5,x27,423	 x27:0x00001a00  x5=0x00001ba7
        2635000	       262	800003f4	4108dd33	sra	x26,x17,x16	 x17:0x00000000 x16:0x000000a6 x26=0x00000000
        2645000	       263	800003f8	00b7ee33	or	x28,x15,x11	 x15:0xffffd5f1 x11:0x80009f84 x28=0xffffdff5
        2655000	       264	800003fc	414b5293	srai	x5,x22,0x14	 x22:0x00000060  x5=0x00000000
        2665000	       265	80000400	df810a83	lb	x21,-520(x2)	  x2:0x80008b1b x21=0x00000000 PA:0x80008913
        2675000	       266	80000404	07d15783	lhu	x15,125(x2)	  x2:0x80008b1b x15=0x00008f2e PA:0x80008b98
        2685000	       267	80000408	4cc10903	lb	x18,1228(x2)	  x2:0x80008b1b x18=0xffffffd8 PA:0x80008fe7
        2695000	       268	8000040c	29610283	lb	x5,662(x2)	  x2:0x80008b1b  x5=0xffffffcf PA:0x80008db1
        2705000	       269	80000410	43614903	lbu	x18,1078(x2)	  x2:0x80008b1b x18=0x0000006d PA:0x80008f51
        2715000	       270	80000414	7f888f13	addi	x30,x17,2040	 x17:0x00000000 x30=0x000007f8
        2725000	       271	80000418	37b11083	lh	x1,891(x2)	  x2:0x80008b1b  x1=0x00002132 PA:0x80008e96
        2735000	       272	8000041c	0cd3b493	sltiu	x9,x7,205	  x7:0x00006728  x9=0x00000000
        2745000	       273	80000420	0046a8b3	slt	x17,x13,x4	 x13:0x80008c90  x4:0x80009fe7 x17=0x00000001
        2755000	       274	80000424	01d57d33	and	x26,x10,x29	 x10:0x4a8e13b5 x29:0x000000c5 x26=0x00000085
        2765000	       275	80000428	0ba10d23	sb	x26,186(x2)	  x2:0x80008b1b x26:0x00000085 PA:0x80008bd5
        2775000	       276	8000042c	271103a3	sb	x17,615(x2)	  x2:0x80008b1b x17:0x00000001 PA:0x80008d82
        2785000	       277	80000430	e3d15903	lhu	x18,-451(x2)	  x2:0x80008b1b x18=0x0000297d PA:0x80008958
        2795000	       278	80000434	0ab14f03	lbu	x30,171(x2)	  x2:0x80008b1b x30=0x00000058 PA:0x80008bc6
        2805000	       279	80000438	e4315683	lhu	x13,-445(x2)	  x2:0x80008b1b x13=0x00000090 PA:0x8000895e
        2815000	       280	8000043c	e2410ba3	sb	x4,-457(x2)	  x2:0x80008b1b  x4:0x80009fe7 PA:0x80008952
        2825000	       281	80000440	dff14603	lbu	x12,-513(x2)	  x2:0x80008b1b x12=0x00000093 PA:0x8000891a
        2835000	       282	80000444	006a2c33	slt	x24,x20,x6	 x20:0xffffffd7  x6:0x0000007a x24=0x00000001
        2845000	       283	80000448	49710703	lb	x14,1175(x2)	  x2:0x80008b1b x14=0x0000002a PA:0x80008fb2
        2855000	       284	8000044c	ac7db493	sltiu	x9,x27,-1337	 x27:0x00001a00  x9=0x00000001
        2865000	       285	80000450	0086a1b3	slt	x3,x13,x8	 x13:0x00000090  x8:0x00000022  x3=0x00000000
        2875000	       286	80000454	d0c126a3	sw	x12,-755(x2)	  x2:0x80008b1b x12:0x00000093 PA:0x80008828
        2885000	       287	80000458	0d6112a3	sh	x22,197(x2)	  x2:0x80008b1b x22:0x00000060 PA:0x80008be0
        2895000	       288	8000045c	00009117	auipc	x2,0x9	  x2=0x80009458
        2905000	       289	80000460	a1310113	addi	x2,x2,-1517	  x2:0x80009458  x2=0x80008e6b
        2915000	       290	80000464	01510123	sb	x21,2(x2)	  x2:0x80008e6b x21:0x00000000 PA:0x80008e6d
        2925000	       291	80000468	00ca0233	add	x4,x20,x12	 x20:0xffffffd7 x12:0x00000093  x4=0x0000006a
        2935000	       292	8000046c	79117f13	andi	x30,x2,1937	  x2:0x80008e6b x30=0x00000601
        2945000	       293	80000470	fc510523	sb	x5,-54(x2)	  x2:0x80008e6b  x5:0xffffffcf PA:0x80008e35
        2955000	       294	80000474	41dd5e33	sra	x28,x26,x29	 x26:0x00000085 x29:0x000000c5 x28=0x00000004
        2965000	       295	80000478	00512483	lw	x9,5(x2)	  x2:0x80008e6b  x9=0x7c5383da PA:0x80008e70
        2975000	       296	8000047c	4077d833	sra	x16,x15,x7	 x15:0x00008f2e  x7:0x00006728 x16=0x0000008f
        2985000	       297	80000480	fc810203	lb	x4,-56(x2)	  x2:0x80008e6b  x4=0xffffffcd PA:0x80008e33
        2995000	       298	80000484	01112403	lw	x8,17(x2)	  x2:0x80008e6b  x8=0xcfae6167 PA:0x80008e7c
        3005000	       299	80000488	02d14003	lbu	x0,45(x2)	  x2:0x80008e6b PA:0x80008e98
        3015000	       300	8000048c	004a8f33	add	x30,x21,x4	 x21:0x00000000  x4:0xffffffcd x30=0xffffffcd
        3025000	       301	80000490	00fa8733	add	x14,x21,x15	 x21:0x00000000 x15:0x00008f2e x14=0x00008f2e
        3035000	       302	80000494	92c0bc93	sltiu	x25,x1,-1748	  x1:0x00002132 x25=0x00000001
        3045000	       303	80000498	9aaf7613	andi	x12,x30,-1622	 x30:0xffffffcd x12=0xfffff988
        3055000	       304	8000049c	409082b3	sub	x5,x1,x9	  x1:0x00002132  x9:0x7c5383da  x5=0x83ac9d58
        3065000	       305	800004a0	7d9b6b93	ori	x23,x22,2009	 x22:0x00000060 x23=0x000007f9
        3075000	       306	800004a4	55c99437	lui	x8,0x55c99	  x8=0x55c99000
        3085000	       307	800004a8	fde10903	lb	x18,-34(x2)	  x2:0x80008e6b x18=0xffffffeb PA:0x80008e49
        3095000	       308	800004ac	01450cb3	add	x25,x10,x20	 x10:0x4a8e13b5 x20:0xffffffd7 x25=0x4a8e138c
        3105000	       309	800004b0	407b5db3	sra	x27,x22,x7	 x22:0x00000060  x7:0x00006728 x27=0x00000000
        3115000	       310	800004b4	b0c5ee13	ori	x28,x11,-1268	 x11:0x80009f84 x28=0xffffff8c
        3125000	       311	800004b8	2ecbc493	xori	x9,x23,748	 x23:0x000007f9  x9=0x00000515
        3135000	       312	800004bc	5f51bdb7	lui	x27,0x5f51b	 x27=0x5f51b000
        3145000	       313	800004c0	ff511783	lh	x15,-11(x2)	  x2:0x80008e6b x15=0xffffc9f9 PA:0x80008e60
        3155000	       314	800004c4	0140e233	or	x4,x1,x20	  x1:0x00002132 x20:0xffffffd7  x4=0xfffffff7
        3165000	       315	800004c8	019cd013	srli	x0,x25,0x19	 x25:0x4a8e138c
        3175000	       316	800004cc	2a22ca13	xori	x20,x5,674	  x5:0x83ac9d58 x20=0x83ac9ffa
        3185000	       317	800004d0	01b11aa3	sh	x27,21(x2)	  x2:0x80008e6b x27:0x5f51b000 PA:0x80008e80
        3195000	       318	800004d4	02e10723	sb	x14,46(x2)	  x2:0x80008e6b x14:0x00008f2e PA:0x80008e99
        3205000	       319	800004d8	0ff97d13	andi	x26,x18,255	 x18:0xffffffeb x26=0x000000eb
        3215000	       320	800004dc	00d11e03	lh	x28,13(x2)	  x2:0x80008e6b x28=0xffffe6d9 PA:0x80008e78
        3225000	       321	800004e0	00008697	auipc	x13,0x8	 x13=0x800084dc
        3235000	       322	800004e4	33468693	addi	x13,x13,820	 x13:0x800084dc x13=0x80008810
        3245000	       323	800004e8	00008197	auipc	x3,0x8	  x3=0x800084e4
        3255000	       324	800004ec	f5c18193	addi	x3,x3,-164	  x3:0x800084e4  x3=0x80008440
        3265000	       325	800004f0	00008217	auipc	x4,0x8	  x4=0x800084ec
        3275000	       326	800004f4	d7420213	addi	x4,x4,-652	  x4:0x800084ec  x4=0x80008260
        3285000	       327	800004f8	ff66cb83	lbu	x23,-10(x13)	 x13:0x80008810 x23=0x0000004c PA:0x80008806
        3295000	       328	800004fc	00469803	lh	x16,4(x13)	 x13:0x80008810 x16=0xffff903d PA:0x80008814
        3305000	       329	80000500	fe468fa3	sb	x4,-1(x13)	 x13:0x80008810  x4:0x80008260 PA:0x8000880f
        3315000	       330	80000504	1a51c803	lbu	x16,421(x3)	  x3:0x80008440 x16=0x000000df PA:0x800085e5
        3325000	       331	80000508	dfc1d983	lhu	x19,-516(x3)	  x3:0x80008440 x19=0x00007547 PA:0x8000823c
        3335000	       332	8000050c	1e219f03	lh	x30,482(x3)	  x3:0x80008440 x30=0x0000073f PA:0x80008622
        3345000	       333	80000510	ffb6c703	lbu	x14,-5(x13)	 x13:0x80008810 x14=0x0000007e PA:0x8000880b
        3355000	       334	80000514	01369323	sh	x19,6(x13)	 x13:0x80008810 x19:0x00007547 PA:0x80008816
        3365000	       335	80000518	0e524d03	lbu	x26,229(x4)	  x4:0x80008260 x26=0x00000088 PA:0x80008345
        3375000	       336	8000051c	efb18623	sb	x27,-276(x3)	  x3:0x80008440 x27:0x5f51b000 PA:0x8000832c
        3385000	       337	80000520	2f819883	lh	x17,760(x3)	  x3:0x80008440 x17=0x000065fd PA:0x80008738
        3395000	       338	80000524	f3d21123	sh	x29,-222(x4)	  x4:0x80008260 x29:0x000000c5 PA:0x80008182
        3405000	       339	80000528	00669603	lh	x12,6(x13)	 x13:0x80008810 x12=0x00007547 PA:0x80008816
        3415000	       340	8000052c	ff269d83	lh	x27,-14(x13)	 x13:0x80008810 x27=0x00004885 PA:0x80008802
        3425000	       341	80000530	d8418483	lb	x9,-636(x3)	  x3:0x80008440  x9=0xffffffe6 PA:0x800081c4
        3435000	       342	80000534	f2b21023	sh	x11,-224(x4)	  x4:0x80008260 x11:0x80009f84 PA:0x80008180
        3445000	       343	80000538	05820d23	sb	x24,90(x4)	  x4:0x80008260 x24:0x00000001 PA:0x800082ba
        3455000	       344	8000053c	0f220d03	lb	x26,242(x4)	  x4:0x80008260 x26=0xfffffffd PA:0x80008352
        3465000	       345	80000540	ffb6c783	lbu	x15,-5(x13)	 x13:0x80008810 x15=0x0000007e PA:0x8000880b
        3475000	       346	80000544	f4a24983	lbu	x19,-182(x4)	  x4:0x80008260 x19=0x0000008d PA:0x800081aa
        3485000	       347	80000548	ff468a03	lb	x20,-12(x13)	 x13:0x80008810 x20=0x00000027 PA:0x80008804
        3495000	       348	8000054c	fff6c003	lbu	x0,-1(x13)	 x13:0x80008810 PA:0x8000880f
        3505000	       349	80000550	05721123	sh	x23,66(x4)	  x4:0x80008260 x23:0x0000004c PA:0x800082a2
        3515000	       350	80000554	00009817	auipc	x16,0x9	 x16=0x80009550
        3525000	       351	80000558	82880813	addi	x16,x16,-2008	 x16:0x80009550 x16=0x80008d78
        3535000	       352	8000055c	00008417	auipc	x8,0x8	  x8=0x80008558
        3545000	       353	80000560	67340413	addi	x8,x8,1651	  x8:0x80008558  x8=0x80008bcb
        3555000	       354	80000564	00884e03	lbu	x28,8(x16)	 x16:0x80008d78 x28=0x000000e2 PA:0x80008d80
        3565000	       355	80000568	35345883	lhu	x17,851(x8)	  x8:0x80008bcb x17=0x0000eed0 PA:0x80008f1e
        3575000	       356	8000056c	00008b17	auipc	x22,0x8	 x22=0x80008568
        3585000	       357	80000570	5c4b0b13	addi	x22,x22,1476	 x22:0x80008568 x22=0x80008b2c
        3595000	       358	80000574	00db0903	lb	x18,13(x22)	 x22:0x80008b2c x18=0xffffffdb PA:0x80008b39
        3605000	       359	80000578	00cb1183	lh	x3,12(x22)	 x22:0x80008b2c  x3=0xffffdba1 PA:0x80008b38
        3615000	       360	8000057c	e3444c03	lbu	x24,-460(x8)	  x8:0x80008bcb x24=0x000000f6 PA:0x800089ff
        3625000	       361	80000580	006b5103	lhu	x2,6(x22)	 x22:0x80008b2c  x2=0x00001b34 PA:0x80008b32
        3635000	       362	80000584	010800a3	sb	x16,1(x16)	 x16:0x80008d78 x16:0x80008d78 PA:0x80008d79
        3645000	       363	80000588	00009797	auipc	x15,0x9	 x15=0x80009584
        3655000	       364	8000058c	99578793	addi	x15,x15,-1643	 x15:0x80009584 x15=0x80008f19
        3665000	       365	80000590	ff5b0d03	lb	x26,-11(x22)	 x22:0x80008b2c x26=0x00000009 PA:0x80008b21
        3675000	       366	80000594	fff80e83	lb	x29,-1(x16)	 x16:0x80008d78 x29=0x0000000c PA:0x80008d77
        3685000	       367	80000598	ffab1a03	lh	x20,-6(x22)	 x22:0x80008b2c x20=0xffffc293 PA:0x80008b26
        3695000	       368	8000059c	f9278a03	lb	x20,-110(x15)	 x15:0x80008f19 x20=0x00000037 PA:0x80008eab
        3705000	       369	800005a0	ff580483	lb	x9,-11(x16)	 x16:0x80008d78  x9=0x00000041 PA:0x80008d6d
        3715000	       370	800005a4	d9044483	lbu	x9,-624(x8)	  x8:0x80008bcb  x9=0x000000a4 PA:0x8000895b
        3725000	       371	800005a8	00a84483	lbu	x9,10(x16)	 x16:0x80008d78  x9=0x00000001 PA:0x80008d82
        3735000	       372	800005ac	ff8b2883	lw	x17,-8(x22)	 x22:0x80008b2c x17=0xc2936b2b PA:0x80008b24
        3745000	       373	800005b0	00b802a3	sb	x11,5(x16)	 x16:0x80008d78 x11:0x80009f84 PA:0x80008d7d
        3755000	       374	800005b4	fd3782a3	sb	x19,-59(x15)	 x15:0x80008f19 x19:0x0000008d PA:0x80008ede
        3765000	       375	800005b8	00784983	lbu	x19,7(x16)	 x16:0x80008d78 x19=0x000000c3 PA:0x80008d7f
        3775000	       376	00000000	00000013	addi	x0,x0,0	  x0:0x00000000
        3785000	       377	800005bc	05344e03	lbu	x28,83(x8)	  x8:0x80008bcb x28=0x000000a3 PA:0x80008c1e
        3795000	       378	800005c0	ff9b0b83	lb	x23,-7(x22)	 x22:0x80008b2c x23=0x0000006b PA:0x80008b25
        3805000	       379	800005c4	22444483	lbu	x9,548(x8)	  x8:0x80008bcb  x9=0x0000003d PA:0x80008def
        3815000	       380	800005c8	f9078aa3	sb	x16,-107(x15)	 x15:0x80008f19 x16:0x80008d78 PA:0x80008eae
        3825000	       381	800005cc	00eb5c83	lhu	x25,14(x22)	 x22:0x80008b2c x25=0x0000b650 PA:0x80008b3a
        3835000	       382	800005d0	faf783a3	sb	x15,-89(x15)	 x15:0x80008f19 x15:0x80008f19 PA:0x80008ec0
        3845000	       383	800005d4	f9e7cd03	lbu	x26,-98(x15)	 x15:0x80008f19 x26=0x000000c3 PA:0x80008eb7
        3855000	       384	00000000	00000013	addi	x0,x0,0	  x0:0x00000000
        3865000	       385	800005d8	07a78ea3	sb	x26,125(x15)	 x15:0x80008f19 x26:0x000000c3 PA:0x80008f96
        3875000	       386	800005dc	0ca782a3	sb	x10,197(x15)	 x15:0x80008f19 x10:0x4a8e13b5 PA:0x80008fde
        3885000	       387	800005e0	ff6b1683	lh	x13,-10(x22)	 x22:0x80008b2c x13=0xffffb805 PA:0x80008b22
        3895000	       388	800005e4	ffa78d03	lb	x26,-6(x15)	 x15:0x80008f19 x26=0xfffffff9 PA:0x80008f13
        3905000	       389	800005e8	00008b97	auipc	x23,0x8	 x23=0x800085e4
        3915000	       390	800005ec	fa1b8b93	addi	x23,x23,-95	 x23:0x800085e4 x23=0x80008585
        3925000	       391	800005f0	00008d97	auipc	x27,0x8	 x27=0x800085ec
        3935000	       392	800005f4	0e9d8d93	addi	x27,x27,233	 x27:0x800085ec x27=0x800086d5
        3945000	       393	800005f8	023b8f23	sb	x3,62(x23)	 x23:0x80008585  x3:0xffffdba1 PA:0x800085c3
        3955000	       394	800005fc	074d8e83	lb	x29,116(x27)	 x27:0x800086d5 x29=0x0000003c PA:0x80008749
        3965000	       395	80000600	015bc183	lbu	x3,21(x23)	 x23:0x80008585  x3=0x000000fe PA:0x8000859a
        3975000	       396	80000604	00008917	auipc	x18,0x8	 x18=0x80008600
        3985000	       397	80000608	bf890913	addi	x18,x18,-1032	 x18:0x80008600 x18=0x800081f8
        3995000	       398	8000060c	f28d8683	lb	x13,-216(x27)	 x27:0x800086d5 x13=0xffffffe2 PA:0x800085fd
        4005000	       399	80000610	fe8b8983	lb	x19,-24(x23)	 x23:0x80008585 x19=0xffffff99 PA:0x8000856d
        4015000	       400	80000614	00094c03	lbu	x24,0(x18)	 x18:0x800081f8 x24=0x000000ed PA:0x800081f8
        4025000	       401	80000618	c3dd9e83	lh	x29,-963(x27)	 x27:0x800086d5 x29=0xffffc9e6 PA:0x80008312
        4035000	       402	8000061c	00db8c23	sb	x13,24(x23)	 x23:0x80008585 x13:0xffffffe2 PA:0x8000859d
        4045000	       403	80000620	00790a83	lb	x21,7(x18)	 x18:0x800081f8 x21=0xffffffc8 PA:0x800081ff
        4055000	       404	80000624	efcdce83	lbu	x29,-260(x27)	 x27:0x800086d5 x29=0x000000ef PA:0x800085d1
        4065000	       405	80000628	d63d8c23	sb	x3,-648(x27)	 x27:0x800086d5  x3:0x000000fe PA:0x8000844d
        4075000	       406	8000062c	a13dcf03	lbu	x30,-1517(x27)	 x27:0x800086d5 x30=0x000000eb PA:0x800080e8
        4085000	       407	80000630	fff90fa3	sb	x31,-1(x18)	 x18:0x800081f8 x31:0x80009fc4 PA:0x800081f7
        4095000	       408	80000634	00991223	sh	x9,4(x18)	 x18:0x800081f8  x9:0x0000003d PA:0x800081fc
        4105000	       409	80000638	014b8f23	sb	x20,30(x23)	 x23:0x80008585 x20:0x00000037 PA:0x800085a3
        4115000	       410	8000063c	002901a3	sb	x2,3(x18)	 x18:0x800081f8  x2:0x00001b34 PA:0x800081fb
        4125000	       411	80000640	ae4d8283	lb	x5,-1308(x27)	 x27:0x800086d5  x5=0xffffffa1 PA:0x800081b9
        4135000	       412	80000644	017bc803	lbu	x16,23(x23)	 x23:0x80008585 x16=0x000000af PA:0x8000859c
        4145000	       413	80000648	018b8203	lb	x4,24(x23)	 x23:0x80008585  x4=0xffffffe2 PA:0x8000859d
        4155000	       414	8000064c	fe890c23	sb	x8,-8(x18)	 x18:0x800081f8  x8:0x80008bcb PA:0x800081f0
        4165000	       415	80000650	d64d94a3	sh	x4,-663(x27)	 x27:0x800086d5  x4:0xffffffe2 PA:0x8000843e
        4175000	       416	80000654	d82d9da3	sh	x2,-613(x27)	 x27:0x800086d5  x2:0x00001b34 PA:0x80008470
        4185000	       417	80000658	00008117	auipc	x2,0x8	  x2=0x80008654
        4195000	       418	8000065c	ce810113	addi	x2,x2,-792	  x2:0x80008654  x2=0x8000833c
        4205000	       419	80000660	01738eb3	add	x29,x7,x23	  x7:0x00006728 x23:0x80008585 x29=0x8000ecad
        4215000	       420	80000664	00f61a33	sll	x20,x12,x15	 x12:0x00007547 x15:0x80008f19 x20=0x8e000000
        4225000	       421	80000668	01888db3	add	x27,x17,x24	 x17:0xc2936b2b x24:0x000000ed x27=0xc2936c18
        4235000	       422	8000066c	014157b3	srl	x15,x2,x20	  x2:0x8000833c x20:0x8e000000 x15=0x8000833c
        4245000	       423	80000670	ff510a03	lb	x20,-11(x2)	  x2:0x8000833c x20=0xffffff89 PA:0x80008331
        4255000	       424	80000674	ffc10923	sb	x28,-14(x2)	  x2:0x8000833c x28:0x000000a3 PA:0x8000832e
        4265000	       425	80000678	fe211e23	sh	x2,-4(x2)	  x2:0x8000833c  x2:0x8000833c PA:0x80008338
        4275000	       426	8000067c	ff615903	lhu	x18,-10(x2)	  x2:0x8000833c x18=0x00003889 PA:0x80008332
        4285000	       427	80000680	0160d813	srli	x16,x1,0x16	  x1:0x00002132 x16=0x00000000
        4295000	       428	80000684	00d14483	lbu	x9,13(x2)	  x2:0x8000833c  x9=0x0000003e PA:0x80008349
        4305000	       429	80000688	00610203	lb	x4,6(x2)	  x2:0x8000833c  x4=0xffffff9b PA:0x80008342
        4315000	       430	00000000	00000013	addi	x0,x0,0	  x0:0x00000000
        4325000	       431	8000068c	00410823	sb	x4,16(x2)	  x2:0x8000833c  x4:0xffffff9b PA:0x8000834c
        4335000	       432	80000690	ff811a03	lh	x20,-8(x2)	  x2:0x8000833c x20=0x00005752 PA:0x80008334
        4345000	       433	80000694	ff215803	lhu	x16,-14(x2)	  x2:0x8000833c x16=0x00007ba3 PA:0x8000832e
        4355000	       434	80000698	0012df33	srl	x30,x5,x1	  x5:0xffffffa1  x1:0x00002132 x30=0x00003fff
        4365000	       435	8000069c	01d2e7b3	or	x15,x5,x29	  x5:0xffffffa1 x29:0x8000ecad x15=0xffffffad
        4375000	       436	800006a0	01837c33	and	x24,x6,x24	  x6:0x0000007a x24:0x000000ed x24=0x00000068
        4385000	       437	800006a4	00011703	lh	x14,0(x2)	  x2:0x8000833c x14=0xffffd27e PA:0x8000833c
        4395000	       438	800006a8	00d14083	lbu	x1,13(x2)	  x2:0x8000833c  x1=0x0000003e PA:0x80008349
        4405000	       439	800006ac	019fb333	sltu	x6,x31,x25	 x31:0x80009fc4 x25:0x0000b650  x6=0x00000000
        4415000	       440	800006b0	00b14703	lbu	x14,11(x2)	  x2:0x8000833c x14=0x00000053 PA:0x80008347
        4425000	       441	800006b4	27680cb7	lui	x25,0x27680	 x25=0x27680000
        4435000	       442	800006b8	00e14183	lbu	x3,14(x2)	  x2:0x8000833c  x3=0x000000df PA:0x8000834a
        4445000	       443	800006bc	001106a3	sb	x1,13(x2)	  x2:0x8000833c  x1:0x0000003e PA:0x80008349
        4455000	       444	800006c0	ffb10183	lb	x3,-5(x2)	  x2:0x8000833c  x3=0xffffffd0 PA:0x80008337
        4465000	       445	800006c4	00008c97	auipc	x25,0x8	 x25=0x800086c0
        4475000	       446	800006c8	37bc8c93	addi	x25,x25,891	 x25:0x800086c0 x25=0x80008a3b
        4485000	       447	800006cc	f62c8123	sb	x2,-158(x25)	 x25:0x80008a3b  x2:0x8000833c PA:0x8000899d
        4495000	       448	800006d0	00009717	auipc	x14,0x9	 x14=0x800096cc
        4505000	       449	800006d4	8c670713	addi	x14,x14,-1850	 x14:0x800096cc x14=0x80008f92
        4515000	       450	800006d8	f8fc8f23	sb	x15,-98(x25)	 x25:0x80008a3b x15:0xffffffad PA:0x800089d9
        4525000	       451	800006dc	f16c8203	lb	x4,-234(x25)	 x25:0x80008a3b  x4=0x00000059 PA:0x80008951
        4535000	       452	800006e0	00008317	auipc	x6,0x8	  x6=0x800086dc
        4545000	       453	800006e4	79830313	addi	x6,x6,1944	  x6:0x800086dc  x6=0x80008e74
        4555000	       454	800006e8	00c71283	lh	x5,12(x14)	 x14:0x80008f92  x5=0xffffa8fc PA:0x80008f9e
        4565000	       455	800006ec	f19ccf03	lbu	x30,-231(x25)	 x25:0x80008a3b x30=0x0000005c PA:0x80008954
        4575000	       456	800006f0	02c34283	lbu	x5,44(x6)	  x6:0x80008e74  x5=0x00000058 PA:0x80008ea0
        4585000	       457	800006f4	03d31b23	sh	x29,54(x6)	  x6:0x80008e74 x29:0x8000ecad PA:0x80008eaa
        4595000	       458	800006f8	0eac99a3	sh	x10,243(x25)	 x25:0x80008a3b x10:0x4a8e13b5 PA:0x80008b2e
        4605000	       459	800006fc	00170783	lb	x15,1(x14)	 x14:0x80008f92 x15=0x00000040 PA:0x80008f93
        4615000	       460	80000700	ff534d03	lbu	x26,-11(x6)	  x6:0x80008e74 x26=0x00000042 PA:0x80008e69
        4625000	       461	80000704	00974983	lbu	x19,9(x14)	 x14:0x80008f92 x19=0x00000021 PA:0x80008f9b
        4635000	       462	80000708	fe7c8a83	lb	x21,-25(x25)	 x25:0x80008a3b x21=0x0000006c PA:0x80008a22
        4645000	       463	8000070c	fe334283	lbu	x5,-29(x6)	  x6:0x80008e74  x5=0x000000ac PA:0x80008e57
        4655000	       464	80000710	ffa75083	lhu	x1,-6(x14)	 x14:0x80008f92  x1=0x0000f3f2 PA:0x80008f8c
        4665000	       465	80000714	099c8603	lb	x12,153(x25)	 x25:0x80008a3b x12=0x00000002 PA:0x80008ad4
        4675000	       466	80000718	fc9302a3	sb	x9,-59(x6)	  x6:0x80008e74  x9:0x0000003e PA:0x80008e39
        4685000	       467	8000071c	f34c8383	lb	x7,-204(x25)	 x25:0x80008a3b  x7=0xffffffa8 PA:0x8000896f
        4695000	       468	80000720	ffd70803	lb	x16,-3(x14)	 x14:0x80008f92 x16=0x00000034 PA:0x80008f8f
        4705000	       469	80000724	03734683	lbu	x13,55(x6)	  x6:0x80008e74 x13=0x000000ec PA:0x80008eab
        4715000	       470	80000728	00008617	auipc	x12,0x8	 x12=0x80008724
        4725000	       471	8000072c	42e60613	addi	x12,x12,1070	 x12:0x80008724 x12=0x80008b52
        4735000	       472	80000730	00008417	auipc	x8,0x8	  x8=0x8000872c
        4745000	       473	80000734	60640413	addi	x8,x8,1542	  x8:0x8000872c  x8=0x80008d32
        4755000	       474	80000738	00008d97	auipc	x27,0x8	 x27=0x80008734
        4765000	       475	8000073c	1bfd8d93	addi	x27,x27,447	 x27:0x80008734 x27=0x800088f3
        4775000	       476	80000740	0b160323	sb	x17,166(x12)	 x12:0x80008b52 x17:0xc2936b2b PA:0x80008bf8
        4785000	       477	80000744	00008297	auipc	x5,0x8	  x5=0x80008740
        4795000	       478	80000748	1df28293	addi	x5,x5,479	  x5:0x80008740  x5=0x8000891f
        4805000	       479	8000074c	18c60f03	lb	x30,396(x12)	 x12:0x80008b52 x30=0xfffffff3 PA:0x80008cde
        4815000	       480	80000750	1e028a03	lb	x20,480(x5)	  x5:0x8000891f x20=0x0000006b PA:0x80008aff
        4825000	       481	80000754	fc8d8aa3	sb	x8,-43(x27)	 x27:0x800088f3  x8:0x80008d32 PA:0x800088c8
        4835000	       482	80000758	00140b03	lb	x22,1(x8)	  x8:0x80008d32 x22=0xffffffef PA:0x80008d33
        4845000	       483	8000075c	41128923	sb	x17,1042(x5)	  x5:0x8000891f x17:0xc2936b2b PA:0x80008d31
        4855000	       484	80000760	004dcb03	lbu	x22,4(x27)	 x27:0x800088f3 x22=0x0000003c PA:0x800088f7
        4865000	       485	80000764	45329d03	lh	x26,1107(x5)	  x5:0x8000891f x26=0x000007fe PA:0x80008d72
        4875000	       486	80000768	00ad8623	sb	x10,12(x27)	 x27:0x800088f3 x10:0x4a8e13b5 PA:0x800088ff
        4885000	       487	8000076c	60c2c183	lbu	x3,1548(x5)	  x5:0x8000891f  x3=0x00000042 PA:0x80008f2b
        4895000	       488	80000770	03dddd03	lhu	x26,61(x27)	 x27:0x800088f3 x26=0x00004f7c PA:0x80008930
        4905000	       489	80000774	40228903	lb	x18,1026(x5)	  x5:0x8000891f x18=0xffffffe4 PA:0x80008d21
        4915000	       490	80000778	e9164d03	lbu	x26,-367(x12)	 x12:0x80008b52 x26=0x000000e6 PA:0x800089e3
        4925000	       491	8000077c	ff040c03	lb	x24,-16(x8)	  x8:0x80008d32 x24=0xffffffe8 PA:0x80008d22
        4935000	       492	80000780	1e1601a3	sb	x1,483(x12)	 x12:0x80008b52  x1:0x0000f3f2 PA:0x80008d35
        4945000	       493	80000784	1d22c203	lbu	x4,466(x5)	  x5:0x8000891f  x4=0x000000d4 PA:0x80008af1
        4955000	       494	80000788	ffd44683	lbu	x13,-3(x8)	  x8:0x80008d32 x13=0x000000d8 PA:0x80008d2f
        4965000	       495	8000078c	4742a2a3	sw	x20,1125(x5)	  x5:0x8000891f x20:0x0000006b PA:0x80008d84
        4975000	       496	80000790	52c28e83	lb	x29,1324(x5)	  x5:0x8000891f x29=0xffffffe0 PA:0x80008e4b
        4985000	       497	80000794	fd0d87a3	sb	x16,-49(x27)	 x27:0x800088f3 x16:0x00000034 PA:0x800088c2
        4995000	       498	80000798	0ec602a3	sb	x12,229(x12)	 x12:0x80008b52 x12:0x80008b52 PA:0x80008c37
        5005000	       499	8000079c	fffd8ca3	sb	x31,-7(x27)	 x27:0x800088f3 x31:0x80009fc4 PA:0x800088ec
        5015000	       500	800007a0	5b029ba3	sh	x16,1463(x5)	  x5:0x8000891f x16:0x00000034 PA:0x80008ed6
        5025000	       501	800007a4	ffa44c83	lbu	x25,-6(x8)	  x8:0x80008d32 x25=0x00000032 PA:0x80008d2c
        5035000	       502	800007a8	1fb64683	lbu	x13,507(x12)	 x12:0x80008b52 x13=0x00000003 PA:0x80008d4d
        5045000	       503	800007ac	00b405a3	sb	x11,11(x8)	  x8:0x80008d32 x11:0x80009f84 PA:0x80008d3d
        5055000	       504	800007b0	00008717	auipc	x14,0x8	 x14=0x800087ac
        5065000	       505	800007b4	7a370713	addi	x14,x14,1955	 x14:0x800087ac x14=0x80008f4f
        5075000	       506	800007b8	eb870b83	lb	x23,-328(x14)	 x14:0x80008f4f x23=0xffffff89 PA:0x80008e07
        5085000	       507	800007bc	eb870b03	lb	x22,-328(x14)	 x14:0x80008f4f x22=0xffffff89 PA:0x80008e07
        5095000	       508	800007c0	d6870c83	lb	x25,-664(x14)	 x14:0x80008f4f x25=0xffffffd7 PA:0x80008cb7
        5105000	       509	800007c4	d6870c03	lb	x24,-664(x14)	 x14:0x80008f4f x24=0xffffffd7 PA:0x80008cb7
        5115000	       510	800007c8	b25716a3	sh	x5,-1235(x14)	 x14:0x80008f4f  x5:0x8000891f PA:0x80008a7c
        5125000	       511	800007cc	01049c33	sll	x24,x9,x16	  x9:0x0000003e x16:0x00000034 x24=0x03e00000
        5135000	       512	800007d0	36bb3393	sltiu	x7,x22,875	 x22:0xffffff89  x7=0x00000000
        5145000	       513	800007d4	02970d03	lb	x26,41(x14)	 x14:0x80008f4f x26=0x00000067 PA:0x80008f78
        5155000	       514	800007d8	ae474903	lbu	x18,-1308(x14)	 x14:0x80008f4f x18=0x000000d1 PA:0x80008a33
        5165000	       515	800007dc	dee70523	sb	x14,-534(x14)	 x14:0x80008f4f x14:0x80008f4f PA:0x80008d39
        5175000	       516	800007e0	dea74683	lbu	x13,-534(x14)	 x14:0x80008f4f x13=0x0000004f PA:0x80008d39
        5185000	       517	800007e4	db070ca3	sb	x16,-583(x14)	 x14:0x80008f4f x16:0x00000034 PA:0x80008d08
        5195000	       518	800007e8	da472ca3	sw	x4,-583(x14)	 x14:0x80008f4f  x4:0x000000d4 PA:0x80008d08
        5205000	       519	800007ec	dbd70ca3	sb	x29,-583(x14)	 x14:0x80008f4f x29:0xffffffe0 PA:0x80008d08
        5215000	       520	800007f0	00008317	auipc	x6,0x8	  x6=0x800087ec
        5225000	       521	800007f4	bc830313	addi	x6,x6,-1080	  x6:0x800087ec  x6=0x800083b4
        5235000	       522	800007f8	01c32e23	sw	x28,28(x6)	  x6:0x800083b4 x28:0x000000a3 PA:0x800083d0
        5245000	       523	800007fc	fed301a3	sb	x13,-29(x6)	  x6:0x800083b4 x13:0x0000004f PA:0x80008397
        5255000	       524	80000800	fe130e23	sb	x1,-4(x6)	  x6:0x800083b4  x1:0x0000f3f2 PA:0x800083b0
        5265000	       525	80000804	52d44e93	xori	x29,x8,1325	  x8:0x80008d32 x29=0x8000881f
        5275000	       526	80000808	01e040b3	xor	x1,x0,x30	  x0:0x00000000 x30:0xfffffff3  x1=0xfffffff3
        5285000	       527	8000080c	013fc933	xor	x18,x31,x19	 x31:0x80009fc4 x19:0x00000021 x18=0x80009fe5
        5295000	       528	80000810	fd231903	lh	x18,-46(x6)	  x6:0x800083b4 x18=0x00006e5e PA:0x80008386
        5305000	       529	80000814	ffb30f03	lb	x30,-5(x6)	  x6:0x800083b4 x30=0xffffffd1 PA:0x800083af
        5315000	       530	80000818	fc934383	lbu	x7,-55(x6)	  x6:0x800083b4  x7=0x00000037 PA:0x8000837d
        5325000	       531	8000081c	41475093	srai	x1,x14,0x14	 x14:0x80008f4f  x1=0xfffff800
        5335000	       532	80000820	fff31923	sh	x31,-14(x6)	  x6:0x800083b4 x31:0x80009fc4 PA:0x800083a6
        5345000	       533	80000824	41125413	srai	x8,x4,0x11	  x4:0x000000d4  x8=0x00000000
        5355000	       534	80000828	01c27db3	and	x27,x4,x28	  x4:0x000000d4 x28:0x000000a3 x27=0x00000080
        5365000	       535	8000082c	03235603	lhu	x12,50(x6)	  x6:0x800083b4 x12=0x00003132 PA:0x800083e6
        5375000	       536	80000830	fe330ca3	sb	x3,-7(x6)	  x6:0x800083b4  x3:0x00000042 PA:0x800083ad
        5385000	       537	80000834	c4a004b7	lui	x9,0xc4a00	  x9=0xc4a00000
        5395000	       538	80000838	03934003	lbu	x0,57(x6)	  x6:0x800083b4 PA:0x800083ed
        5405000	       539	8000083c	02f30603	lb	x12,47(x6)	  x6:0x800083b4 x12=0x0000001b PA:0x800083e3
        5415000	       540	80000840	fda30aa3	sb	x26,-43(x6)	  x6:0x800083b4 x26:0x00000067 PA:0x80008389
        5425000	       541	80000844	010dca33	xor	x20,x27,x16	 x27:0x00000080 x16:0x00000034 x20=0x000000b4
        5435000	       542	80000848	03035e83	lhu	x29,48(x6)	  x6:0x800083b4 x29=0x00009238 PA:0x800083e4
        5445000	       543	8000084c	00a30ca3	sb	x10,25(x6)	  x6:0x800083b4 x10:0x4a8e13b5 PA:0x800083cd
        5455000	       544	80000850	feb34f03	lbu	x30,-21(x6)	  x6:0x800083b4 x30=0x000000cb PA:0x8000839f
        5465000	       545	80000854	03734683	lbu	x13,55(x6)	  x6:0x800083b4 x13=0x00000037 PA:0x800083eb
        5475000	       546	80000858	02e31783	lh	x15,46(x6)	  x6:0x800083b4 x15=0x00001b67 PA:0x800083e2
        5485000	       547	8000085c	ffb31d23	sh	x27,-6(x6)	  x6:0x800083b4 x27:0x00000080 PA:0x800083ae
        5495000	       548	80000860	015c2e33	slt	x28,x24,x21	 x24:0x03e00000 x21:0x0000006c x28=0x00000000
        5505000	       549	80000864	2acae613	ori	x12,x21,684	 x21:0x0000006c x12=0x000002ec
        5515000	       550	80000868	ff730f03	lb	x30,-9(x6)	  x6:0x800083b4 x30=0xffffffee PA:0x800083ab
        5525000	       551	8000086c	fd534e83	lbu	x29,-43(x6)	  x6:0x800083b4 x29=0x00000067 PA:0x80008389
        5535000	       552	80000870	68752c13	slti	x24,x10,1671	 x10:0x4a8e13b5 x24=0x00000000
        5545000	       553	80000874	010ec633	xor	x12,x29,x16	 x29:0x00000067 x16:0x00000034 x12=0x00000053
        5555000	       554	80000878	04032903	lw	x18,64(x6)	  x6:0x800083b4 x18=0x3b0f0191 PA:0x800083f4
        5565000	       555	8000087c	01430003	lb	x0,20(x6)	  x6:0x800083b4 PA:0x800083c8
        5575000	       556	80000880	00761e33	sll	x28,x12,x7	 x12:0x00000053  x7:0x00000037 x28=0x29800000
        5585000	       557	80000884	018ed393	srli	x7,x29,0x18	 x29:0x00000067  x7=0x00000000
        5595000	       558	80000888	fe934983	lbu	x19,-23(x6)	  x6:0x800083b4 x19=0x00000089 PA:0x8000839d
        5605000	       559	8000088c	ff630883	lb	x17,-10(x6)	  x6:0x800083b4 x17=0xffffffe8 PA:0x800083aa
        5615000	       560	80000890	000c1693	slli	x13,x24,0x0	 x24:0x00000000 x13=0x00000000
        5625000	       561	80000894	0020ec63	bltu	x1,x2,800008ac	  x1:0xfffff800  x2:0x8000833c
        5635000	       562	80000898	01aef033	and	x0,x29,x26	 x29:0x00000067 x26:0x00000067
        5645000	       563	8000089c	00000013	addi	x0,x0,0	  x0:0x00000000
        5655000	       564	800008a0	83890897	auipc	x17,0x83890	 x17=0x0389089c
        5665000	       565	800008a4	e8a2ac93	slti	x25,x5,-374	  x5:0x8000891f x25=0x00000001
        5675000	       566	800008a8	2e645b97	auipc	x23,0x2e645	 x23=0xae6458a4
        5685000	       567	800008ac	41d504b3	sub	x9,x10,x29	 x10:0x4a8e13b5 x29:0x00000067  x9=0x4a8e134e
        5695000	       568	800008b0	ee81f997	auipc	x19,0xee81f	 x19=0x6e81f8ac
        5705000	       569	800008b4	40fbd093	srai	x1,x23,0xf	 x23:0xae6458a4  x1=0xffff5cc8
        5715000	       570	800008b8	0193da63	bge	x7,x25,800008cc	  x7:0x00000000 x25:0x00000001
        5725000	       571	800008bc	02ba4263	blt	x20,x11,800008e0	 x20:0x000000b4 x11:0x80009f84
        5735000	       572	800008c0	01051193	slli	x3,x10,0x10	 x10:0x4a8e13b5  x3=0x13b50000
        5745000	       573	800008c4	0054d213	srli	x4,x9,0x5	  x9:0x4a8e134e  x4=0x0254709a
        5755000	       574	800008c8	00000013	addi	x0,x0,0	  x0:0x00000000
        5765000	       575	800008cc	08d46a13	ori	x20,x8,141	  x8:0x00000000 x20=0x0000008d
        5775000	       576	800008d0	eaf1b693	sltiu	x13,x3,-337	  x3:0x13b50000 x13=0x00000001
        5785000	       577	800008d4	00085e33	srl	x28,x16,x0	 x16:0x00000034  x0:0x00000000 x28=0x00000034
        5795000	       578	800008d8	050e4863	blt	x28,x16,80000928	 x28:0x00000034 x16:0x00000034
        5805000	       579	800008dc	4140da13	srai	x20,x1,0x14	  x1:0xffff5cc8 x20=0xffffffff
        5815000	       580	800008e0	40f80933	sub	x18,x16,x15	 x16:0x00000034 x15:0x00001b67 x18=0xffffe4cd
        5825000	       581	800008e4	03d68663	beq	x13,x29,80000910	 x13:0x00000001 x29:0x00000067
        5835000	       582	800008e8	bb6d3217	auipc	x4,0xbb6d3	  x4=0x3b6d38e4
        5845000	       583	800008ec	046d0663	beq	x26,x6,80000938	 x26:0x00000067  x6:0x800083b4
        5855000	       584	800008f0	a1556d13	ori	x26,x10,-1515	 x10:0x4a8e13b5 x26=0xfffffbb5
        5865000	       585	800008f4	007a1bb3	sll	x23,x20,x7	 x20:0xffffffff  x7:0x00000000 x23=0xffffffff
        5875000	       586	800008f8	01e6d993	srli	x19,x13,0x1e	 x13:0x00000001 x19=0x00000000
        5885000	       587	800008fc	005909b3	add	x19,x18,x5	 x18:0xffffe4cd  x5:0x8000891f x19=0x80006dec
        5895000	       588	80000900	f220f037	lui	x0,0xf220f	
        5905000	       589	80000904	4093d113	srai	x2,x7,0x9	  x7:0x00000000  x2=0x00000000
        5915000	       590	80000908	01e6d113	srli	x2,x13,0x1e	 x13:0x00000001  x2=0x00000000
        5925000	       591	8000090c	01eb4263	blt	x22,x30,80000910	 x22:0xffffff89 x30:0xffffffee
        5935000	       592	00000000	00000013	addi	x0,x0,0	  x0:0x00000000
        5945000	       593	8000090c	00000013	addi	x0,x0,0	  x0:0x00000000
        5955000	       594	80000910	03aa1c63	bne	x20,x26,80000948	 x20:0xffffffff x26:0xfffffbb5
        5965000	       595	00000000	00000013	addi	x0,x0,0	  x0:0x00000000
        5975000	       596	80000944	00000013	addi	x0,x0,0	  x0:0x00000000
        5985000	       597	80000948	016d8263	beq	x27,x22,8000094c	 x27:0x00000080 x22:0xffffff89
        5995000	       598	8000094c	00bac333	xor	x6,x21,x11	 x21:0x0000006c x11:0x80009f84  x6=0x80009fe8
        6005000	       599	80000950	3f0aa013	slti	x0,x21,1008	 x21:0x0000006c
        6015000	       600	80000954	02eb5663	bge	x22,x14,80000980	 x22:0xffffff89 x14:0x80008f4f
        6025000	       601	00000000	00000013	addi	x0,x0,0	  x0:0x00000000
        6035000	       602	8000097c	00000013	addi	x0,x0,0	  x0:0x00000000
        6045000	       603	80000980	38784b93	xori	x23,x16,903	 x16:0x00000034 x23=0x000003b3
        6055000	       604	80000984	0128a833	slt	x16,x17,x18	 x17:0x0389089c x18:0xffffe4cd x16=0x00000000
        6065000	       605	80000988	400a5e13	srai	x28,x20,0x0	 x20:0xffffffff x28=0xffffffff
        6075000	       606	8000098c	2c7e4693	xori	x13,x28,711	 x28:0xffffffff x13=0xfffffd38
        6085000	       607	80000990	012ecb33	xor	x22,x29,x18	 x29:0x00000067 x18:0xffffe4cd x22=0xffffe4aa
        6095000	       608	80000994	01c627b3	slt	x15,x12,x28	 x12:0x00000053 x28:0xffffffff x15=0x00000000
        6105000	       609	80000998	015c8db7	lui	x27,0x15c8	 x27=0x015c8000
        6115000	       610	8000099c	015b1313	slli	x6,x22,0x15	 x22:0xffffe4aa  x6=0x95400000
        6125000	       611	800009a0	018ccf33	xor	x30,x25,x24	 x25:0x00000001 x24:0x00000000 x30=0x00000001
        6135000	       612	800009a4	00f73433	sltu	x8,x14,x15	 x14:0x80008f4f x15:0x00000000  x8=0x00000000
        6145000	       613	800009a8	66a4a493	slti	x9,x9,1642	  x9:0x4a8e134e  x9=0x00000000
        6155000	       614	800009ac	41a65d33	sra	x26,x12,x26	 x12:0x00000053 x26:0xfffffbb5 x26=0x00000000
        6165000	       615	800009b0	02a1dc63	bge	x3,x10,800009e8	  x3:0x13b50000 x10:0x4a8e13b5
        6175000	       616	800009b4	2f3c2093	slti	x1,x24,755	 x24:0x00000000  x1=0x00000001
        6185000	       617	800009b8	115f1a63	bne	x30,x21,80000acc	 x30:0x00000001 x21:0x0000006c
        6195000	       618	00000000	00000013	addi	x0,x0,0	  x0:0x00000000
        6205000	       619	80000ac8	00000013	addi	x0,x0,0	  x0:0x00000000
        6215000	       620	80000acc	02ff0863	beq	x30,x15,80000afc	 x30:0x00000001 x15:0x00000000
        6225000	       621	80000ad0	0390d263	bge	x1,x25,80000af4	  x1:0x00000001 x25:0x00000001
        6235000	       622	00000000	00000013	addi	x0,x0,0	  x0:0x00000000
        6245000	       623	80000af0	00000013	addi	x0,x0,0	  x0:0x00000000
        6255000	       624	80000af4	00866663	bltu	x12,x8,80000b00	 x12:0x00000053  x8:0x00000000
        6265000	       625	80000af8	008c9233	sll	x4,x25,x8	 x25:0x00000001  x8:0x00000000  x4=0x00000001
        6275000	       626	80000afc	06367a63	bgeu	x12,x3,80000b70	 x12:0x00000053  x3:0x13b50000
        6285000	       627	80000b00	08cb9c63	bne	x23,x12,80000b98	 x23:0x000003b3 x12:0x00000053
        6295000	       628	00000000	00000013	addi	x0,x0,0	  x0:0x00000000
        6305000	       629	80000b94	00000013	addi	x0,x0,0	  x0:0x00000000
        6315000	       630	80000b98	02559c63	bne	x11,x5,80000bd0	 x11:0x80009f84  x5:0x8000891f
        6325000	       631	00000000	00000013	addi	x0,x0,0	  x0:0x00000000
        6335000	       632	80000bcc	00000013	addi	x0,x0,0	  x0:0x00000000
        6345000	       633	80000bd0	0149dc63	bge	x19,x20,80000be8	 x19:0x80006dec x20:0xffffffff
        6355000	       634	80000bd4	2569c917	auipc	x18,0x2569c	 x18=0xa569cbd0
        6365000	       635	80000bd8	414ad313	srai	x6,x21,0x14	 x21:0x0000006c  x6=0x00000000
        6375000	       636	80000bdc	002e5c13	srli	x24,x28,0x2	 x28:0xffffffff x24=0x3fffffff
        6385000	       637	80000be0	40a28733	sub	x14,x5,x10	  x5:0x8000891f x10:0x4a8e13b5 x14=0x3572756a
        6395000	       638	80000be4	9f373313	sltiu	x6,x14,-1549	 x14:0x3572756a  x6=0x00000001
        6405000	       639	80000be8	01a3f3b3	and	x7,x7,x26	  x7:0x00000000 x26:0x00000000  x7=0x00000000
        6415000	       640	80000bec	9a1cab93	slti	x23,x25,-1631	 x25:0x00000001 x23=0x00000000
        6425000	       641	80000bf0	014de333	or	x6,x27,x20	 x27:0x015c8000 x20:0xffffffff  x6=0xffffffff
        6435000	       642	80000bf4	00b1f663	bgeu	x3,x11,80000c00	  x3:0x13b50000 x11:0x80009f84
        6445000	       643	80000bf8	82d5d217	auipc	x4,0x82d5d	  x4=0x02d5dbf4
        6455000	       644	80000bfc	0226e263	bltu	x13,x2,80000c20	 x13:0xfffffd38  x2:0x00000000
        6465000	       645	80000c00	05e4c263	blt	x9,x30,80000c44	  x9:0x00000000 x30:0x00000001
        6475000	       646	00000000	00000013	addi	x0,x0,0	  x0:0x00000000
        6485000	       647	80000c40	00000013	addi	x0,x0,0	  x0:0x00000000
        6495000	       648	80000c44	40680bb3	sub	x23,x16,x6	 x16:0x00000000  x6:0xffffffff x23=0x00000001
        6505000	       649	80000c48	c85fb713	sltiu	x14,x31,-891	 x31:0x80009fc4 x14=0x00000001
        6515000	       650	80000c4c	00351263	bne	x10,x3,80000c50	 x10:0x4a8e13b5  x3:0x13b50000
        6525000	       651	00000000	00000013	addi	x0,x0,0	  x0:0x00000000
        6535000	       652	80000c4c	00000013	addi	x0,x0,0	  x0:0x00000000
        6545000	       653	80000c50	32122637	lui	x12,0x32122	 x12=0x32122000
        6555000	       654	80000c54	e2ea0493	addi	x9,x20,-466	 x20:0xffffffff  x9=0xfffffe2d
        6565000	       655	80000c58	264cfa13	andi	x20,x25,612	 x25:0x00000001 x20=0x00000000
        6575000	       656	80000c5c	01091213	slli	x4,x18,0x10	 x18:0xa569cbd0  x4=0xcbd00000
        6585000	       657	80000c60	8df5fd93	andi	x27,x11,-1825	 x11:0x80009f84 x27=0x80009884
        6595000	       658	80000c64	00ac6733	or	x14,x24,x10	 x24:0x3fffffff x10:0x4a8e13b5 x14=0x7fffffff
        6605000	       659	80000c68	0059b233	sltu	x4,x19,x5	 x19:0x80006dec  x5:0x8000891f  x4=0x00000001
        6615000	       660	80000c6c	02451663	bne	x10,x4,80000c98	 x10:0x4a8e13b5  x4:0x00000001
        6625000	       661	00000000	00000013	addi	x0,x0,0	  x0:0x00000000
        6635000	       662	80000c94	00000013	addi	x0,x0,0	  x0:0x00000000
        6645000	       663	80000c98	00d44133	xor	x2,x8,x13	  x8:0x00000000 x13:0xfffffd38  x2=0xfffffd38
        6655000	       664	80000c9c	01879263	bne	x15,x24,80000ca0	 x15:0x00000000 x24:0x3fffffff
        6665000	       665	00000000	00000013	addi	x0,x0,0	  x0:0x00000000
        6675000	       666	80000c9c	00000013	addi	x0,x0,0	  x0:0x00000000
        6685000	       667	80000ca0	417fd413	srai	x8,x31,0x17	 x31:0x80009fc4  x8=0xffffff00
        6695000	       668	80000ca4	6f5d8613	addi	x12,x27,1781	 x27:0x80009884 x12=0x80009f79
        6705000	       669	80000ca8	01b99233	sll	x4,x19,x27	 x19:0x80006dec x27:0x80009884  x4=0x0006dec0
        6715000	       670	80000cac	8ff71d37	lui	x26,0x8ff71	 x26=0x8ff71000
        6725000	       671	80000cb0	35b4e993	ori	x19,x9,859	  x9:0xfffffe2d x19=0xffffff7f
        6735000	       672	80000cb4	019a5413	srli	x8,x20,0x19	 x20:0x00000000  x8=0x00000000
        6745000	       673	80000cb8	015bba33	sltu	x20,x23,x21	 x23:0x00000001 x21:0x0000006c x20=0x00000001
        6755000	       674	80000cbc	0017de93	srli	x29,x15,0x1	 x15:0x00000000 x29=0x00000000
        6765000	       675	80000cc0	a5678037	lui	x0,0xa5678	
        6775000	       676	80000cc4	9a20a993	slti	x19,x1,-1630	  x1:0x00000001 x19=0x00000000
        6785000	       677	80000cc8	0efc8263	beq	x25,x15,80000dac	 x25:0x00000001 x15:0x00000000
        6795000	       678	80000ccc	00000013	addi	x0,x0,0	  x0:0x00000000
        6805000	       679	80000cd0	00a0dd93	srli	x27,x1,0xa	  x1:0x00000001 x27=0x00000000
        6815000	       680	80000cd4	40268233	sub	x4,x13,x2	 x13:0xfffffd38  x2:0xfffffd38  x4=0x00000000
        6825000	       681	80000cd8	0e0f8063	beq	x31,x0,80000db8	 x31:0x80009fc4  x0:0x00000000
        6835000	       682	80000cdc	41365e93	srai	x29,x12,0x13	 x12:0x80009f79 x29=0xfffff000
        6845000	       683	80000ce0	012222b3	slt	x5,x4,x18	  x4:0x00000000 x18:0xa569cbd0  x5=0x00000000
        6855000	       684	80000ce4	01596db3	or	x27,x18,x21	 x18:0xa569cbd0 x21:0x0000006c x27=0xa569cbfc
        6865000	       685	80000ce8	0c05fc63	bgeu	x11,x0,80000dc0	 x11:0x80009f84  x0:0x00000000
        6875000	       686	00000000	00000013	addi	x0,x0,0	  x0:0x00000000
        6885000	       687	80000dbc	00000013	addi	x0,x0,0	  x0:0x00000000
        6895000	       688	80000dc0	0170c6b3	xor	x13,x1,x23	  x1:0x00000001 x23:0x00000001 x13=0x00000000
        6905000	       689	80000dc4	015cda63	bge	x25,x21,80000dd8	 x25:0x00000001 x21:0x0000006c
        6915000	       690	80000dc8	004437b3	sltu	x15,x8,x4	  x8:0x00000000  x4:0x00000000 x15=0x00000000
        6925000	       691	80000dcc	41edb493	sltiu	x9,x27,1054	 x27:0xa569cbfc  x9=0x00000000
        6935000	       692	80000dd0	83f77213	andi	x4,x14,-1985	 x14:0x7fffffff  x4=0x7ffff83f
        6945000	       693	80000dd4	0016ee63	bltu	x13,x1,80000df0	 x13:0x00000000  x1:0x00000001
        6955000	       694	00000000	00000013	addi	x0,x0,0	  x0:0x00000000
        6965000	       695	80000dec	00000013	addi	x0,x0,0	  x0:0x00000000
        6975000	       696	80000df0	41508c33	sub	x24,x1,x21	  x1:0x00000001 x21:0x0000006c x24=0xffffff95
        6985000	       697	80000df4	01d4d213	srli	x4,x9,0x1d	  x9:0x00000000  x4=0x00000000
        6995000	       698	80000df8	01e116b3	sll	x13,x2,x30	  x2:0xfffffd38 x30:0x00000001 x13=0xfffffa70
        7005000	       699	80000dfc	00000013	addi	x0,x0,0	  x0:0x00000000
        7015000	       700	80000e00	05d9c463	blt	x19,x29,80000e48	 x19:0x00000000 x29:0xfffff000
        7025000	       701	80000e04	4082d493	srai	x9,x5,0x8	  x5:0x00000000  x9=0x00000000
        7035000	       702	80000e08	00000013	addi	x0,x0,0	  x0:0x00000000
        7045000	       703	80000e0c	00060663	beq	x12,x0,80000e18	 x12:0x80009f79  x0:0x00000000
        7055000	       704	80000e10	7a1b6393	ori	x7,x22,1953	 x22:0xffffe4aa  x7=0xffffe7ab
        7065000	       705	80000e14	01989813	slli	x16,x17,0x19	 x17:0x0389089c x16=0x38000000
        7075000	       706	80000e18	03b3ec63	bltu	x7,x27,80000e50	  x7:0xffffe7ab x27:0xa569cbfc
        7085000	       707	80000e1c	2a208e13	addi	x28,x1,674	  x1:0x00000001 x28=0x000002a3
        7095000	       708	80000e20	014513b3	sll	x7,x10,x20	 x10:0x4a8e13b5 x20:0x00000001  x7=0x951c276a
        7105000	       709	80000e24	0169a4b3	slt	x9,x19,x22	 x19:0x00000000 x22:0xffffe4aa  x9=0x00000000
        7115000	       710	80000e28	04105263	bge	x0,x1,80000e6c	  x0:0x00000000  x1:0x00000001
        7125000	       711	80000e2c	019d9933	sll	x18,x27,x25	 x27:0xa569cbfc x25:0x00000001 x18=0x4ad397f8
        7135000	       712	80000e30	40610cb3	sub	x25,x2,x6	  x2:0xfffffd38  x6:0xffffffff x25=0xfffffd39
        7145000	       713	80000e34	010d5933	srl	x18,x26,x16	 x26:0x8ff71000 x16:0x38000000 x18=0x8ff71000
        7155000	       714	80000e38	0165c333	xor	x6,x11,x22	 x11:0x80009f84 x22:0xffffe4aa  x6=0x7fff7b2e
        7165000	       715	80000e3c	03d3e263	bltu	x7,x29,80000e60	  x7:0x951c276a x29:0xfffff000
        7175000	       716	00000000	00000013	addi	x0,x0,0	  x0:0x00000000
        7185000	       717	80000e5c	00000013	addi	x0,x0,0	  x0:0x00000000
        7195000	       718	80000e60	00188b33	add	x22,x17,x1	 x17:0x0389089c  x1:0x00000001 x22=0x0389089d
        7205000	       719	80000e64	01cbd033	srl	x0,x23,x28	 x23:0x00000001 x28:0x000002a3
        7215000	       720	80000e68	00ed6e33	or	x28,x26,x14	 x26:0x8ff71000 x14:0x7fffffff x28=0xffffffff
        7225000	       721	80000e6c	01669c33	sll	x24,x13,x22	 x13:0xfffffa70 x22:0x0389089d x24=0x00000000
        7235000	       722	80000e70	01f08c33	add	x24,x1,x31	  x1:0x00000001 x31:0x80009fc4 x24=0x80009fc5
        7245000	       723	80000e74	036b4263	blt	x22,x22,80000e98	 x22:0x0389089d x22:0x0389089d
        7255000	       724	80000e78	00000013	addi	x0,x0,0	  x0:0x00000000
        7265000	       725	80000e7c	00dd7a63	bgeu	x26,x13,80000e90	 x26:0x8ff71000 x13:0xfffffa70
        7275000	       726	80000e80	01435193	srli	x3,x6,0x14	  x6:0x7fff7b2e  x3=0x000007ff
        7285000	       727	80000e84	043f0863	beq	x30,x3,80000ed4	 x30:0x00000001  x3:0x000007ff
        7295000	       728	80000e88	f1f1c693	xori	x13,x3,-225	  x3:0x000007ff x13=0xfffff8e0
        7305000	       729	80000e8c	006c97b3	sll	x15,x25,x6	 x25:0xfffffd39  x6:0x7fff7b2e x15=0xff4e4000
        7315000	       730	80000e90	df7bb613	sltiu	x12,x23,-521	 x23:0x00000001 x12=0x00000001
        7325000	       731	80000e94	00b19c63	bne	x3,x11,80000eac	  x3:0x000007ff x11:0x80009f84
        7335000	       732	00000000	00000013	addi	x0,x0,0	  x0:0x00000000
        7345000	       733	80000ea8	00000013	addi	x0,x0,0	  x0:0x00000000
        7355000	       734	80000eac	7a0119b7	lui	x19,0x7a011	 x19=0x7a011000
        7365000	       735	80000eb0	7e888093	addi	x1,x17,2024	 x17:0x0389089c  x1=0x03891084
        7375000	       736	80000eb4	01841413	slli	x8,x8,0x18	  x8:0x00000000  x8=0x00000000
        7385000	       737	80000eb8	737f6193	ori	x3,x30,1847	 x30:0x00000001  x3=0x00000737
        7395000	       738	80000ebc	005b9933	sll	x18,x23,x5	 x23:0x00000001  x5:0x00000000 x18=0x00000001
        7405000	       739	80000ec0	413ad433	sra	x8,x21,x19	 x21:0x0000006c x19:0x7a011000  x8=0x0000006c
        7415000	       740	80000ec4	4157dc33	sra	x24,x15,x21	 x15:0xff4e4000 x21:0x0000006c x24=0xfffff4e4
        7425000	       741	80000ec8	d6e07237	lui	x4,0xd6e07	  x4=0xd6e07000
        7435000	       742	80000ecc	40e95333	sra	x6,x18,x14	 x18:0x00000001 x14:0x7fffffff  x6=0x00000000
        7445000	       743	80000ed0	c405f993	andi	x19,x11,-960	 x11:0x80009f84 x19=0x80009c00
        7455000	       744	80000ed4	39fbf697	auipc	x13,0x39fbf	 x13=0xb9fbfed0
        7465000	       745	80000ed8	6c602d93	slti	x27,x0,1734	  x0:0x00000000 x27=0x00000001
        7475000	       746	80000edc	01bdbab3	sltu	x21,x27,x27	 x27:0x00000001 x27:0x00000001 x21=0x00000000
        7485000	       747	80000ee0	ea056e13	ori	x28,x10,-352	 x10:0x4a8e13b5 x28=0xffffffb5
        7495000	       748	80000ee4	00b350b3	srl	x1,x6,x11	  x6:0x00000000 x11:0x80009f84  x1=0x00000000
        7505000	       749	80000ee8	0006de93	srli	x29,x13,0x0	 x13:0xb9fbfed0 x29=0xb9fbfed0
        7515000	       750	80000eec	00d59863	bne	x11,x13,80000efc	 x11:0x80009f84 x13:0xb9fbfed0
        7525000	       751	00000000	00000013	addi	x0,x0,0	  x0:0x00000000
        7535000	       752	80000ef8	00000013	addi	x0,x0,0	  x0:0x00000000
        7545000	       753	80000efc	00ca5cb3	srl	x25,x20,x12	 x20:0x00000001 x12:0x00000001 x25=0x00000000
        7555000	       754	80000f00	00a42f33	slt	x30,x8,x10	  x8:0x0000006c x10:0x4a8e13b5 x30=0x00000001
        7565000	       755	80000f04	00e49663	bne	x9,x14,80000f10	  x9:0x00000000 x14:0x7fffffff
        7575000	       756	00000000	00000013	addi	x0,x0,0	  x0:0x00000000
        7585000	       757	80000f0c	00000013	addi	x0,x0,0	  x0:0x00000000
        7595000	       758	80000f10	c7b69697	auipc	x13,0xc7b69	 x13=0x47b69f0c
        7605000	       759	80000f14	dbb2c113	xori	x2,x5,-581	  x5:0x00000000  x2=0xfffffdbb
        7615000	       760	80000f18	031bdc63	bge	x23,x17,80000f50	 x23:0x00000001 x17:0x0389089c
        7625000	       761	80000f1c	bce6f813	andi	x16,x13,-1074	 x13:0x47b69f0c x16=0x47b69b0c
        7635000	       762	80000f20	f70d4713	xori	x14,x26,-144	 x26:0x8ff71000 x14=0x7008ef70
        7645000	       763	80000f24	97ff6113	ori	x2,x30,-1665	 x30:0x00000001  x2=0xfffff97f
        7655000	       764	80000f28	48485c17	auipc	x24,0x48485	 x24=0xc8485f24
        7665000	       765	80000f2c	2fd32d17	auipc	x26,0x2fd32	 x26=0xafd32f28
        7675000	       766	80000f30	00d6d263	bge	x13,x13,80000f34	 x13:0x47b69f0c x13:0x47b69f0c
        7685000	       767	00000000	00000013	addi	x0,x0,0	  x0:0x00000000
        7695000	       768	80000f30	00000013	addi	x0,x0,0	  x0:0x00000000
        7705000	       769	80000f34	018fa033	slt	x0,x31,x24	 x31:0x80009fc4 x24:0xc8485f24
        7715000	       770	80000f38	ab0b8a17	auipc	x20,0xab0b8	 x20=0x2b0b8f34
        7725000	       771	80000f3c	99aee693	ori	x13,x29,-1638	 x29:0xb9fbfed0 x13=0xffffffda
        7735000	       772	80000f40	3968bc13	sltiu	x24,x17,918	 x17:0x0389089c x24=0x00000000
        7745000	       773	80000f44	04586463	bltu	x16,x5,80000f8c	 x16:0x47b69b0c  x5:0x00000000
        7755000	       774	80000f48	da5f7113	andi	x2,x30,-603	 x30:0x00000001  x2=0x00000001
        7765000	       775	80000f4c	c181c6b7	lui	x13,0xc181c	 x13=0xc181c000
        7775000	       776	80000f50	28aa7b13	andi	x22,x20,650	 x20:0x2b0b8f34 x22=0x00000200
        7785000	       777	80000f54	a17e4cb7	lui	x25,0xa17e4	 x25=0xa17e4000
        7795000	       778	80000f58	001172b3	and	x5,x2,x1	  x2:0x00000001  x1:0x00000000  x5=0x00000000
        7805000	       779	80000f5c	022b5263	bge	x22,x2,80000f80	 x22:0x00000200  x2:0x00000001
        7815000	       780	00000000	00000013	addi	x0,x0,0	  x0:0x00000000
        7825000	       781	80000f7c	00000013	addi	x0,x0,0	  x0:0x00000000
        7835000	       782	80000f80	ba4e4b93	xori	x23,x28,-1116	 x28:0xffffffb5 x23=0x00000411
        7845000	       783	80000f84	022ff663	bgeu	x31,x2,80000fb0	 x31:0x80009fc4  x2:0x00000001
        7855000	       784	00000000	00000013	addi	x0,x0,0	  x0:0x00000000
        7865000	       785	80000fac	00000013	addi	x0,x0,0	  x0:0x00000000
        7875000	       786	80000fb0	039c9663	bne	x25,x25,80000fdc	 x25:0xa17e4000 x25:0xa17e4000
        7885000	       787	80000fb4	05466263	bltu	x12,x20,80000ff8	 x12:0x00000001 x20:0x2b0b8f34
        7895000	       788	00000000	00000013	addi	x0,x0,0	  x0:0x00000000
        7905000	       789	80000ff4	00000013	addi	x0,x0,0	  x0:0x00000000
        7915000	       790	80000ff8	005a6233	or	x4,x20,x5	 x20:0x2b0b8f34  x5:0x00000000  x4=0x2b0b8f34
        7925000	       791	80000ffc	01a59893	slli	x17,x11,0x1a	 x11:0x80009f84 x17=0x10000000
        7935000	       792	80001000	002b8ab3	add	x21,x23,x2	 x23:0x00000411  x2:0x00000001 x21=0x00000412
        7945000	       793	80001004	00dead33	slt	x26,x29,x13	 x29:0xb9fbfed0 x13:0xc181c000 x26=0x00000001
        7955000	       794	80001008	00f164b3	or	x9,x2,x15	  x2:0x00000001 x15:0xff4e4000  x9=0xff4e4001
        7965000	       795	8000100c	02475263	bge	x14,x4,80001030	 x14:0x7008ef70  x4:0x2b0b8f34
        7975000	       796	00000000	00000013	addi	x0,x0,0	  x0:0x00000000
        7985000	       797	8000102c	00000013	addi	x0,x0,0	  x0:0x00000000
        7995000	       798	80001030	017cc333	xor	x6,x25,x23	 x25:0xa17e4000 x23:0x00000411  x6=0xa17e4411
        8005000	       799	80001034	fbcd5d37	lui	x26,0xfbcd5	 x26=0xfbcd5000
        8015000	       800	80001038	008650b3	srl	x1,x12,x8	 x12:0x00000001  x8:0x0000006c  x1=0x00000000
        8025000	       801	8000103c	0d9bee63	bltu	x23,x25,80001118	 x23:0x00000411 x25:0xa17e4000
        8035000	       802	00000000	00000013	addi	x0,x0,0	  x0:0x00000000
        8045000	       803	80001114	00000013	addi	x0,x0,0	  x0:0x00000000
        8055000	       804	80001118	034c4263	blt	x24,x20,8000113c	 x24:0x00000000 x20:0x2b0b8f34
        8065000	       805	00000000	00000013	addi	x0,x0,0	  x0:0x00000000
        8075000	       806	80001138	00000013	addi	x0,x0,0	  x0:0x00000000
        8085000	       807	8000113c	01c2ee33	or	x28,x5,x28	  x5:0x00000000 x28:0xffffffb5 x28=0xffffffb5
        8095000	       808	80001140	00426433	or	x8,x4,x4	  x4:0x2b0b8f34  x4:0x2b0b8f34  x8=0x2b0b8f34
        8105000	       809	80001144	d1f33113	sltiu	x2,x6,-737	  x6:0xa17e4411  x2=0x00000001
        8115000	       810	80001148	03baec63	bltu	x21,x27,80001180	 x21:0x00000412 x27:0x00000001
        8125000	       811	8000114c	4a0b3a97	auipc	x21,0x4a0b3	 x21=0xca0b4148
        8135000	       812	80001150	ef5f9117	auipc	x2,0xef5f9	  x2=0x6f5fa14c
        8145000	       813	80001154	70b86393	ori	x7,x16,1803	 x16:0x47b69b0c  x7=0x47b69f0f
        8155000	       814	80001158	01f90663	beq	x18,x31,80001164	 x18:0x00000001 x31:0x80009fc4
        8165000	       815	8000115c	00c54e33	xor	x28,x10,x12	 x10:0x4a8e13b5 x12:0x00000001 x28=0x4a8e13b4
        8175000	       816	80001160	013b5693	srli	x13,x22,0x13	 x22:0x00000200 x13=0x00000000
        8185000	       817	80001164	004cd1b3	srl	x3,x25,x4	 x25:0xa17e4000  x4:0x2b0b8f34  x3=0x00000a17
        8195000	       818	80001168	00bb7c33	and	x24,x22,x11	 x22:0x00000200 x11:0x80009f84 x24=0x00000200
        8205000	       819	8000116c	e797cf13	xori	x30,x15,-391	 x15:0xff4e4000 x30=0x00b1be79
        8215000	       820	80001170	24f88e97	auipc	x29,0x24f88	 x29=0xa4f8916c
        8225000	       821	80001174	03405863	bge	x0,x20,800011a4	  x0:0x00000000 x20:0x2b0b8f34
        8235000	       822	80001178	001357b3	srl	x15,x6,x1	  x6:0xa17e4411  x1:0x00000000 x15=0xa17e4411
        8245000	       823	8000117c	01185b93	srli	x23,x16,0x11	 x16:0x47b69b0c x23=0x000023db
        8255000	       824	80001180	03678193	addi	x3,x15,54	 x15:0xa17e4411  x3=0xa17e4447
        8265000	       825	80001184	e9c4da17	auipc	x20,0xe9c4d	 x20=0x69c4e180
        8275000	       826	80001188	40635ab3	sra	x21,x6,x6	  x6:0xa17e4411  x6:0xa17e4411 x21=0xffffd0bf
        8285000	       827	8000118c	051dc463	blt	x27,x17,800011d4	 x27:0x00000001 x17:0x10000000
        8295000	       828	00000000	00000013	addi	x0,x0,0	  x0:0x00000000
        8305000	       829	800011d0	00000013	addi	x0,x0,0	  x0:0x00000000
        8315000	       830	800011d4	0188c4b3	xor	x9,x17,x24	 x17:0x10000000 x24:0x00000200  x9=0x10000200
        8325000	       831	800011d8	00bd7033	and	x0,x26,x11	 x26:0xfbcd5000 x11:0x80009f84
        8335000	       832	800011dc	02ded663	bge	x29,x13,80001208	 x29:0xa4f8916c x13:0x00000000
        8345000	       833	800011e0	00a05db3	srl	x27,x0,x10	  x0:0x00000000 x10:0x4a8e13b5 x27=0x00000000
        8355000	       834	800011e4	011f66b3	or	x13,x30,x17	 x30:0x00b1be79 x17:0x10000000 x13=0x10b1be79
        8365000	       835	800011e8	002d9c93	slli	x25,x27,0x2	 x27:0x00000000 x25=0x00000000
        8375000	       836	800011ec	00000013	addi	x0,x0,0	  x0:0x00000000
        8385000	       837	800011f0	05918263	beq	x3,x25,80001234	  x3:0xa17e4447 x25:0x00000000
        8395000	       838	800011f4	00637133	and	x2,x6,x6	  x6:0xa17e4411  x6:0xa17e4411  x2=0xa17e4411
        8405000	       839	800011f8	02ffd263	bge	x31,x15,8000121c	 x31:0x80009fc4 x15:0xa17e4411
        8415000	       840	800011fc	03d80263	beq	x16,x29,80001220	 x16:0x47b69b0c x29:0xa4f8916c
        8425000	       841	80001200	0009bf33	sltu	x30,x19,x0	 x19:0x80009c00  x0:0x00000000 x30=0x00000000
        8435000	       842	80001204	9fad4f13	xori	x30,x26,-1542	 x26:0xfbcd5000 x30=0x0432a9fa
        8445000	       843	80001208	64437eb7	lui	x29,0x64437	 x29=0x64437000
        8455000	       844	8000120c	015909b3	add	x19,x18,x21	 x18:0x00000001 x21:0xffffd0bf x19=0xffffd0c0
        8465000	       845	80001210	0519f017	auipc	x0,0x519f	
        8475000	       846	80001214	d463d417	auipc	x8,0xd463d	  x8=0x5463e210
        8485000	       847	80001218	0073db33	srl	x22,x7,x7	  x7:0x47b69f0f  x7:0x47b69f0f x22=0x00008f6d
        8495000	       848	8000121c	01c98133	add	x2,x19,x28	 x19:0xffffd0c0 x28:0x4a8e13b4  x2=0x4a8de474
        8505000	       849	80001220	9b3bd3b7	lui	x7,0x9b3bd	  x7=0x9b3bd000
        8515000	       850	80001224	07acb993	sltiu	x19,x25,122	 x25:0x00000000 x19=0x00000001
        8525000	       851	80001228	a0167913	andi	x18,x12,-1535	 x12:0x00000001 x18=0x00000001
        8535000	       852	8000122c	009c1333	sll	x6,x24,x9	 x24:0x00000200  x9:0x10000200  x6=0x00000200
        8545000	       853	80001230	004c5c13	srli	x24,x24,0x4	 x24:0x00000200 x24=0x00000020
        8555000	       854	80001234	032ef263	bgeu	x29,x18,80001258	 x29:0x64437000 x18:0x00000001
        8565000	       855	00000000	00000013	addi	x0,x0,0	  x0:0x00000000
        8575000	       856	80001254	00000013	addi	x0,x0,0	  x0:0x00000000
        8585000	       857	80001258	7535aa13	slti	x20,x11,1875	 x11:0x80009f84 x20=0x00000001
        8595000	       858	8000125c	01d1ad33	slt	x26,x3,x29	  x3:0xa17e4447 x29:0x64437000 x26=0x00000001
        8605000	       859	80001260	0118eab3	or	x21,x17,x17	 x17:0x10000000 x17:0x10000000 x21=0x10000000
        8615000	       860	80001264	01a11793	slli	x15,x2,0x1a	  x2:0x4a8de474 x15=0xd0000000
        8625000	       861	80001268	027eec63	bltu	x29,x7,800012a0	 x29:0x64437000  x7:0x9b3bd000
        8635000	       862	00000000	00000013	addi	x0,x0,0	  x0:0x00000000
        8645000	       863	8000129c	00000013	addi	x0,x0,0	  x0:0x00000000
        8655000	       864	800012a0	012d29b3	slt	x19,x26,x18	 x26:0x00000001 x18:0x00000001 x19=0x00000000
        8665000	       865	800012a4	0074e333	or	x6,x9,x7	  x9:0x10000200  x7:0x9b3bd000  x6=0x9b3bd200
        8675000	       866	800012a8	002b3033	sltu	x0,x22,x2	 x22:0x00008f6d  x2:0x4a8de474
        8685000	       867	800012ac	015db7b3	sltu	x15,x27,x21	 x27:0x00000000 x21:0x10000000 x15=0x00000001
        8695000	       868	800012b0	00868833	add	x16,x13,x8	 x13:0x10b1be79  x8:0x5463e210 x16=0x6515a089
        8705000	       869	800012b4	00e75693	srli	x13,x14,0xe	 x14:0x7008ef70 x13=0x0001c023
        8715000	       870	800012b8	400801b3	sub	x3,x16,x0	 x16:0x6515a089  x0:0x00000000  x3=0x6515a089
        8725000	       871	800012bc	00581b93	slli	x23,x16,0x5	 x16:0x6515a089 x23=0xa2b41120
        8735000	       872	800012c0	01b74c63	blt	x14,x27,800012d8	 x14:0x7008ef70 x27:0x00000000
        8745000	       873	800012c4	3dcf6a13	ori	x20,x30,988	 x30:0x0432a9fa x20=0x0432abfe
        8755000	       874	800012c8	02bd4713	xori	x14,x26,43	 x26:0x00000001 x14=0x0000002a
        8765000	       875	800012cc	01badd33	srl	x26,x21,x27	 x21:0x10000000 x27:0x00000000 x26=0x10000000
        8775000	       876	800012d0	01a3e133	or	x2,x7,x26	  x7:0x9b3bd000 x26:0x10000000  x2=0x9b3bd000
        8785000	       877	800012d4	00f6cd33	xor	x26,x13,x15	 x13:0x0001c023 x15:0x00000001 x26=0x0001c022
        8795000	       878	800012d8	0172c263	blt	x5,x23,800012dc	  x5:0x00000000 x23:0xa2b41120
        8805000	       879	800012dc	41b308b3	sub	x17,x6,x27	  x6:0x9b3bd200 x27:0x00000000 x17=0x9b3bd200
        8815000	       880	800012e0	001f67b3	or	x15,x30,x1	 x30:0x0432a9fa  x1:0x00000000 x15=0x0432a9fa
        8825000	       881	800012e4	05e5e863	bltu	x11,x30,80001334	 x11:0x80009f84 x30:0x0432a9fa
        8835000	       882	800012e8	0021cc63	blt	x3,x2,80001300	  x3:0x6515a089  x2:0x9b3bd000
        8845000	       883	800012ec	7a562297	auipc	x5,0x7a562	  x5=0xfa5632e8
        8855000	       884	800012f0	008de1b3	or	x3,x27,x8	 x27:0x00000000  x8:0x5463e210  x3=0x5463e210
        8865000	       885	800012f4	5ca9b193	sltiu	x3,x19,1482	 x19:0x00000000  x3=0x00000001
        8875000	       886	800012f8	004e11b3	sll	x3,x28,x4	 x28:0x4a8e13b4  x4:0x2b0b8f34  x3=0x3b400000
        8885000	       887	800012fc	37af9737	lui	x14,0x37af9	 x14=0x37af9000
        8895000	       888	80001300	01cbb7b3	sltu	x15,x23,x28	 x23:0xa2b41120 x28:0x4a8e13b4 x15=0x00000000
        8905000	       889	80001304	00000013	addi	x0,x0,0	  x0:0x00000000
        8915000	       890	80001308	41acd813	srai	x16,x25,0x1a	 x25:0x00000000 x16=0x00000000
        8925000	       891	8000130c	0afd4e13	xori	x28,x26,175	 x26:0x0001c022 x28=0x0001c08d
        8935000	       892	80001310	41ff5a33	sra	x20,x30,x31	 x30:0x0432a9fa x31:0x80009fc4 x20=0x00432a9f
        8945000	       893	80001314	01da40b3	xor	x1,x20,x29	 x20:0x00432a9f x29:0x64437000  x1=0x64005a9f
        8955000	       894	80001318	c5f33f13	sltiu	x30,x6,-929	  x6:0x9b3bd200 x30=0x00000001
        8965000	       895	8000131c	01655eb3	srl	x29,x10,x22	 x10:0x4a8e13b5 x22:0x00008f6d x29=0x00025470
        8975000	       896	80001320	ca1bed13	ori	x26,x23,-863	 x23:0xa2b41120 x26=0xfffffda1
        8985000	       897	80001324	41885813	srai	x16,x16,0x18	 x16:0x00000000 x16=0x00000000
        8995000	       898	80001328	00656663	bltu	x10,x6,80001334	 x10:0x4a8e13b5  x6:0x9b3bd200
        9005000	       899	00000000	00000013	addi	x0,x0,0	  x0:0x00000000
        9015000	       900	80001330	00000013	addi	x0,x0,0	  x0:0x00000000
        9025000	       901	80001334	41150833	sub	x16,x10,x17	 x10:0x4a8e13b5 x17:0x9b3bd200 x16=0xaf5241b5
        9035000	       902	80001338	0007bf33	sltu	x30,x15,x0	 x15:0x00000000  x0:0x00000000 x30=0x00000000
        9045000	       903	8000133c	00007e17	auipc	x28,0x7	 x28=0x80008338
        9055000	       904	80001340	7a5e0e13	addi	x28,x28,1957	 x28:0x80008338 x28=0x80008add
        9065000	       905	80001344	0fce0a83	lb	x21,252(x28)	 x28:0x80008add x21=0xfffffff3 PA:0x80008bd9
        9075000	       906	80001348	00008d17	auipc	x26,0x8	 x26=0x80009344
        9085000	       907	8000134c	afad0d13	addi	x26,x26,-1286	 x26:0x80009344 x26=0x80008e3e
        9095000	       908	80001350	00007197	auipc	x3,0x7	  x3=0x8000834c
        9105000	       909	80001354	58f18193	addi	x3,x3,1423	  x3:0x8000834c  x3=0x800088db
        9115000	       910	80001358	00008297	auipc	x5,0x8	  x5=0x80009354
        9125000	       911	8000135c	a6528293	addi	x5,x5,-1435	  x5:0x80009354  x5=0x80008db9
        9135000	       912	80001360	f05d4b83	lbu	x23,-251(x26)	 x26:0x80008e3e x23=0x00000055 PA:0x80008d43
        9145000	       913	80001364	ff919703	lh	x14,-7(x3)	  x3:0x800088db x14=0xfffffd1b PA:0x800088d4
        9155000	       914	80001368	ffa18f03	lb	x30,-6(x3)	  x3:0x800088db x30=0xfffffffd PA:0x800088d5
        9165000	       915	8000136c	f8d282a3	sb	x13,-123(x5)	  x5:0x80008db9 x13:0x0001c023 PA:0x80008d3e
        9175000	       916	80001370	f28e4103	lbu	x2,-216(x28)	 x28:0x80008add  x2=0x000000dd PA:0x80008a05
        9185000	       917	80001374	00008917	auipc	x18,0x8	 x18=0x80009370
        9195000	       918	80001378	b1190913	addi	x18,x18,-1263	 x18:0x80009370 x18=0x80008e81
        9205000	       919	8000137c	02de0e23	sb	x13,60(x28)	 x28:0x80008add x13:0x0001c023 PA:0x80008b19
        9215000	       920	80001380	fd790a03	lb	x20,-41(x18)	 x18:0x80008e81 x20=0xffffffef PA:0x80008e58
        9225000	       921	80001384	005194a3	sh	x5,9(x3)	  x3:0x800088db  x5:0x80008db9 PA:0x800088e4
        9235000	       922	80001388	febd0603	lb	x12,-21(x26)	 x26:0x80008e3e x12=0xffffff93 PA:0x80008e29
        9245000	       923	8000138c	4d3e4603	lbu	x12,1235(x28)	 x28:0x80008add x12=0x0000007c PA:0x80008fb0
        9255000	       924	80001390	0101cd83	lbu	x27,16(x3)	  x3:0x800088db x27=0x000000f4 PA:0x800088eb
        9265000	       925	80001394	0902c003	lbu	x0,144(x5)	  x5:0x80008db9 PA:0x80008e49
        9275000	       926	80001398	235e0723	sb	x21,558(x28)	 x28:0x80008add x21:0xfffffff3 PA:0x80008d0b
        9285000	       927	8000139c	f3828f23	sb	x24,-194(x5)	  x5:0x80008db9 x24:0x00000020 PA:0x80008cf7
        9295000	       928	800013a0	063d4603	lbu	x12,99(x26)	 x26:0x80008e3e x12=0x00000013 PA:0x80008ea1
        9305000	       929	800013a4	feb91e83	lh	x29,-21(x18)	 x18:0x80008e81 x29=0x000000c5 PA:0x80008e6c
        9315000	       930	800013a8	fb8e4383	lbu	x7,-72(x28)	 x28:0x80008add  x7=0x0000003e PA:0x80008a95
        9325000	       931	800013ac	ff218603	lb	x12,-14(x3)	  x3:0x800088db x12=0xffffffaf PA:0x800088cd
        9335000	       932	800013b0	0cdd0aa3	sb	x13,213(x26)	 x26:0x80008e3e x13:0x0001c023 PA:0x80008f13
        9345000	       933	800013b4	f6cd1e83	lh	x29,-148(x26)	 x26:0x80008e3e x29=0xffffa293 PA:0x80008daa
        9355000	       934	800013b8	dd5e1d83	lh	x27,-555(x28)	 x28:0x80008add x27=0x000070b8 PA:0x800088b2
        9365000	       935	800013bc	fce94983	lbu	x19,-50(x18)	 x18:0x80008e81 x19=0x0000009c PA:0x80008e4f
        9375000	       936	800013c0	04b2ae83	lw	x29,75(x5)	  x5:0x80008db9 x29=0x89c779d3 PA:0x80008e04
        9385000	       937	00000000	00000013	addi	x0,x0,0	  x0:0x00000000
        9395000	       938	800013c4	03d908a3	sb	x29,49(x18)	 x18:0x80008e81 x29:0x89c779d3 PA:0x80008eb2
        9405000	       939	800013c8	00319383	lh	x7,3(x3)	  x3:0x800088db  x7=0x00007a4b PA:0x800088de
        9415000	       940	800013cc	00c18203	lb	x4,12(x3)	  x3:0x800088db  x4=0xffffff8f PA:0x800088e7
        9425000	       941	800013d0	0e8281a3	sb	x8,227(x5)	  x5:0x80008db9  x8:0x5463e210 PA:0x80008e9c
        9435000	       942	800013d4	0862c803	lbu	x16,134(x5)	  x5:0x80008db9 x16=0x000000b6 PA:0x80008e3f
        9445000	       943	800013d8	fd2d0da3	sb	x18,-37(x26)	 x26:0x80008e3e x18:0x80008e81 PA:0x80008e19
        9455000	       944	800013dc	009e0883	lb	x17,9(x28)	 x28:0x80008add x17=0xfffffff5 PA:0x80008ae6
        9465000	       945	800013e0	ff41c603	lbu	x12,-12(x3)	  x3:0x800088db x12=0x000000e9 PA:0x800088cf
        9475000	       946	800013e4	00b2da83	lhu	x21,11(x5)	  x5:0x80008db9 x21=0x0000d5d7 PA:0x80008dc4
        9485000	       947	800013e8	362e0623	sb	x2,876(x28)	 x28:0x80008add  x2:0x000000dd PA:0x80008e49
        9495000	       948	800013ec	00690e83	lb	x29,6(x18)	 x18:0x80008e81 x29=0xffffffd3 PA:0x80008e87
        9505000	       949	800013f0	4b3e11a3	sh	x19,1187(x28)	 x28:0x80008add x19:0x0000009c PA:0x80008f80
        9515000	       950	800013f4	00b1cc83	lbu	x25,11(x3)	  x3:0x800088db x25=0x000000ff PA:0x800088e6
        9525000	       951	800013f8	fa1d1423	sh	x1,-88(x26)	 x26:0x80008e3e  x1:0x64005a9f PA:0x80008de6
        9535000	       952	800013fc	01235433	srl	x8,x6,x18	  x6:0x9b3bd200 x18:0x80008e81  x8=0x4d9de900
        9545000	       953	80001400	e2b0f813	andi	x16,x1,-469	  x1:0x64005a9f x16=0x64005a0b
        9555000	       954	80001404	3a556093	ori	x1,x10,933	 x10:0x4a8e13b5  x1=0x4a8e13b5
        9565000	       955	80001408	40ccdcb3	sra	x25,x25,x12	 x25:0x000000ff x12:0x000000e9 x25=0x00000000
        9575000	       956	8000140c	03225c63	bge	x4,x18,80001444	  x4:0xffffff8f x18:0x80008e81
        9585000	       957	00000000	00000013	addi	x0,x0,0	  x0:0x00000000
        9595000	       958	80001440	00000013	addi	x0,x0,0	  x0:0x00000000
        9605000	       959	80001444	010adb93	srli	x23,x21,0x10	 x21:0x0000d5d7 x23=0x00000000
        9615000	       960	80001448	4542c393	xori	x7,x5,1108	  x5:0x80008db9  x7=0x800089ed
        9625000	       961	8000144c	41f7d313	srai	x6,x15,0x1f	 x15:0x00000000  x6=0x00000000
        9635000	       962	80001450	01328333	add	x6,x5,x19	  x5:0x80008db9 x19:0x0000009c  x6=0x80008e55
        9645000	       963	80001454	01248c33	add	x24,x9,x18	  x9:0x10000200 x18:0x80008e81 x24=0x90009081
        9655000	       964	80001458	4f43e813	ori	x16,x7,1268	  x7:0x800089ed x16=0x80008dfd
        9665000	       965	8000145c	01545013	srli	x0,x8,0x15	  x8:0x4d9de900
        9675000	       966	80001460	01471313	slli	x6,x14,0x14	 x14:0xfffffd1b  x6=0xd1b00000
        9685000	       967	80001464	408b5633	sra	x12,x22,x8	 x22:0x00008f6d  x8:0x4d9de900 x12=0x00008f6d
        9695000	       968	80001468	00000b17	auipc	x22,0x0	 x22=0x80001464
        9705000	       969	8000146c	3b0b0b13	addi	x22,x22,944	 x22:0x80001464 x22=0x80001814
        9715000	       970	80001470	018fdc13	srli	x24,x31,0x18	 x31:0x80009fc4 x24=0x00000080
        9725000	       971	80001474	0b9b0b13	addi	x22,x22,185	 x22:0x80001814 x22=0x800018cd
        9735000	       972	80001478	01089193	slli	x3,x17,0x10	 x17:0xfffffff5  x3=0xfff50000
        9745000	       973	8000147c	f47b00e7	jalr	x1,x22,-185	 x22:0x800018cd  x1=0x8000147c
        9755000	       974	00000000	00000013	addi	x0,x0,0	  x0:0x00000000
        9765000	       975	80001814	00000013	addi	x0,x0,0	  x0:0x00000000
        9775000	       976	80001818	002a7db3	and	x27,x20,x2	 x20:0xffffffef  x2:0x000000dd x27=0x000000cd
        9785000	       977	8000181c	7663d997	auipc	x19,0x7663d	 x19=0xf663e818
        9795000	       978	80001820	00000013	addi	x0,x0,0	  x0:0x00000000
        9805000	       979	80001824	fd858593	addi	x11,x11,-40	 x11:0x80009f84 x11=0x80009f5c
        9815000	       980	80001828	1eadd837	lui	x16,0x1eadd	 x16=0x1eadd000
        9825000	       981	8000182c	00fcd793	srli	x15,x25,0xf	 x25:0x00000000 x15=0x00000000
        9835000	       982	80001830	0015a223	sw	x1,4(x11)	 x11:0x80009f5c  x1:0x8000147c PA:0x80009f60
        9845000	       983	80001834	dfba8f13	addi	x30,x21,-517	 x21:0x0000d5d7 x30=0x0000d3d2
        9855000	       984	80001838	724f4913	xori	x18,x30,1828	 x30:0x0000d3d2 x18=0x0000d4f6
        9865000	       985	8000183c	40a9fc13	andi	x24,x19,1034	 x19:0xf663e818 x24=0x00000008
        9875000	       986	80001840	cf6c2493	slti	x9,x24,-778	 x24:0x00000008  x9=0x00000000
        9885000	       987	80001844	412ad9b3	sra	x19,x21,x18	 x21:0x0000d5d7 x18:0x0000d4f6 x19=0x00000000
        9895000	       988	80001848	00000397	auipc	x7,0x0	  x7=0x80001844
        9905000	       989	8000184c	1c038393	addi	x7,x7,448	  x7:0x80001844  x7=0x80001a04
        9915000	       990	80001850	3dfa6113	ori	x2,x20,991	 x20:0xffffffef  x2=0xffffffff
        9925000	       991	80001854	00f45b33	srl	x22,x8,x15	  x8:0x4d9de900 x15:0x00000000 x22=0x4d9de900
        9935000	       992	80001858	f3e38393	addi	x7,x7,-194	  x7:0x80001a04  x7=0x80001942
        9945000	       993	8000185c	011caab3	slt	x21,x25,x17	 x25:0x00000000 x17:0xfffffff5 x21=0x00000000
        9955000	       994	80001860	01a160b3	or	x1,x2,x26	  x2:0xffffffff x26:0x80008e3e  x1=0xffffffff
        9965000	       995	80001864	010dbb33	sltu	x22,x27,x16	 x27:0x000000cd x16:0x1eadd000 x22=0x00000001
        9975000	       996	80001868	00e39a63	bne	x7,x14,8000187c	  x7:0x80001942 x14:0xfffffd1b
        9985000	       997	00000000	00000013	addi	x0,x0,0	  x0:0x00000000
        9995000	       998	80001878	00000013	addi	x0,x0,0	  x0:0x00000000
       10005000	       999	8000187c	0c3380e7	jalr	x1,x7,195	  x7:0x80001942  x1=0x8000187c
       10015000	      1000	00000000	00000013	addi	x0,x0,0	  x0:0x00000000
       10025000	      1001	80001a04	00000013	addi	x0,x0,0	  x0:0x00000000
       10035000	      1002	80001a08	01804033	xor	x0,x0,x24	  x0:0x00000000 x24:0x00000008
       10045000	      1003	80001a0c	707b7a93	andi	x21,x22,1799	 x22:0x00000001 x21=0x00000001
       10055000	      1004	80001a10	00d75733	srl	x14,x14,x13	 x14:0xfffffd1b x13:0x0001c023 x14=0x1fffffa3
       10065000	      1005	80001a14	00318933	add	x18,x3,x3	  x3:0xfff50000  x3:0xfff50000 x18=0xffea0000
       10075000	      1006	80001a18	fd058593	addi	x11,x11,-48	 x11:0x80009f5c x11=0x80009f2c
       10085000	      1007	80001a1c	0015a223	sw	x1,4(x11)	 x11:0x80009f2c  x1:0x8000187c PA:0x80009f30
       10095000	      1008	80001a20	017c6433	or	x8,x24,x23	 x24:0x00000008 x23:0x00000000  x8=0x00000008
       10105000	      1009	80001a24	00007217	auipc	x4,0x7	  x4=0x80008a20
       10115000	      1010	80001a28	8c020213	addi	x4,x4,-1856	  x4:0x80008a20  x4=0x800082e0
       10125000	      1011	80001a2c	00007c97	auipc	x25,0x7	 x25=0x80008a28
       10135000	      1012	80001a30	d81c8c93	addi	x25,x25,-639	 x25:0x80008a28 x25=0x800087a9
       10145000	      1013	80001a34	00007d97	auipc	x27,0x7	 x27=0x80008a30
       10155000	      1014	80001a38	b97d8d93	addi	x27,x27,-1129	 x27:0x80008a30 x27=0x800085c7
       10165000	      1015	80001a3c	aaccc903	lbu	x18,-1364(x25)	 x25:0x800087a9 x18=0x000000c6 PA:0x80008255
       10175000	      1016	80001a40	c38dc783	lbu	x15,-968(x27)	 x27:0x800085c7 x15=0x000000c8 PA:0x800081ff
       10185000	      1017	80001a44	01d21223	sh	x29,4(x4)	  x4:0x800082e0 x29:0xffffffd3 PA:0x800082e4
       10195000	      1018	80001a48	8ebc8b23	sb	x11,-1802(x25)	 x25:0x800087a9 x11:0x80009f2c PA:0x8000809f
       10205000	      1019	80001a4c	00007297	auipc	x5,0x7	  x5=0x80008a48
       10215000	      1020	80001a50	8ea28293	addi	x5,x5,-1814	  x5:0x80008a48  x5=0x80008332
       10225000	      1021	80001a54	ff328103	lb	x2,-13(x5)	  x5:0x80008332  x2=0xfffffff5 PA:0x80008325
       10235000	      1022	80001a58	00f20403	lb	x8,15(x4)	  x4:0x800082e0  x8=0xffffff8a PA:0x800082ef
       10245000	      1023	80001a5c	fe428923	sb	x4,-14(x5)	  x5:0x80008332  x4:0x800082e0 PA:0x80008324
       10255000	      1024	80001a60	ef8d8b03	lb	x22,-264(x27)	 x27:0x800085c7 x22=0x0000002e PA:0x800084bf
       10265000	      1025	80001a64	ff72c383	lbu	x7,-9(x5)	  x5:0x80008332  x7=0x0000001c PA:0x80008329
       10275000	      1026	80001a68	ffb20803	lb	x16,-5(x4)	  x4:0x800082e0 x16=0xffffffb5 PA:0x800082db
       10285000	      1027	80001a6c	00f28383	lb	x7,15(x5)	  x5:0x80008332  x7=0xffffffc9 PA:0x80008341
       10295000	      1028	80001a70	eeec8123	sb	x14,-286(x25)	 x25:0x800087a9 x14:0x1fffffa3 PA:0x8000868b
       10305000	      1029	80001a74	b21d9a03	lh	x20,-1247(x27)	 x27:0x800085c7 x20=0xffffcfeb PA:0x800080e8
       10315000	      1030	80001a78	0032c683	lbu	x13,3(x5)	  x5:0x80008332 x13=0x00000057 PA:0x80008335
       10325000	      1031	80001a7c	afccc103	lbu	x2,-1284(x25)	 x25:0x800087a9  x2=0x000000a1 PA:0x800082a5
       10335000	      1032	80001a80	ff124483	lbu	x9,-15(x4)	  x4:0x800082e0  x9=0x00000076 PA:0x800082d1
       10345000	      1033	80001a84	c1cd8f23	sb	x28,-994(x27)	 x27:0x800085c7 x28:0x80008add PA:0x800081e5
       10355000	      1034	80001a88	00f2cb83	lbu	x23,15(x5)	  x5:0x80008332 x23=0x000000c9 PA:0x80008341
       10365000	      1035	80001a8c	ff924103	lbu	x2,-7(x4)	  x4:0x800082e0  x2=0x0000000a PA:0x800082d9
       10375000	      1036	80001a90	ff020883	lb	x17,-16(x4)	  x4:0x800082e0 x17=0xffffffe5 PA:0x800082d0
       10385000	      1037	80001a94	ffe2d603	lhu	x12,-2(x5)	  x5:0x80008332 x12=0x00008992 PA:0x80008330
       10395000	      1038	80001a98	00920603	lb	x12,9(x4)	  x4:0x800082e0 x12=0xffffffd5 PA:0x800082e9
       10405000	      1039	80001a9c	97ec8f23	sb	x30,-1666(x25)	 x25:0x800087a9 x30:0x0000d3d2 PA:0x80008127
       10415000	      1040	80001aa0	0092c903	lbu	x18,9(x5)	  x5:0x80008332 x18=0x0000005a PA:0x8000833b
       10425000	      1041	00000000	00000013	addi	x0,x0,0	  x0:0x00000000
       10435000	      1042	80001aa4	d12c85a3	sb	x18,-757(x25)	 x25:0x800087a9 x18:0x0000005a PA:0x800084b4
       10445000	      1043	80001aa8	0a0d8723	sb	x0,174(x27)	 x27:0x800085c7  x0:0x00000000 PA:0x80008675
       10455000	      1044	80001aac	00007d97	auipc	x27,0x7	 x27=0x80008aa8
       10465000	      1045	80001ab0	dcad8d93	addi	x27,x27,-566	 x27:0x80008aa8 x27=0x80008872
       10475000	      1046	80001ab4	1afd9523	sh	x15,426(x27)	 x27:0x80008872 x15:0x000000c8 PA:0x80008a1c
       10485000	      1047	80001ab8	1aadc483	lbu	x9,426(x27)	 x27:0x80008872  x9=0x000000c8 PA:0x80008a1c
       10495000	      1048	80001abc	00555733	srl	x14,x10,x5	 x10:0x4a8e13b5  x5:0x80008332 x14=0x000012a3
       10505000	      1049	80001ac0	1b1da523	sw	x17,426(x27)	 x27:0x80008872 x17:0xffffffe5 PA:0x80008a1c
       10515000	      1050	80001ac4	1aad8603	lb	x12,426(x27)	 x27:0x80008872 x12=0xffffffe5 PA:0x80008a1c
       10525000	      1051	80001ac8	1aada083	lw	x1,426(x27)	 x27:0x80008872  x1=0xffffffe5 PA:0x80008a1c
       10535000	      1052	80001acc	1bfda523	sw	x31,426(x27)	 x27:0x80008872 x31:0x80009fc4 PA:0x80008a1c
       10545000	      1053	80001ad0	157d8903	lb	x18,343(x27)	 x27:0x80008872 x18=0xffffff92 PA:0x800089c9
       10555000	      1054	80001ad4	157dc203	lbu	x4,343(x27)	 x27:0x80008872  x4=0x00000092 PA:0x800089c9
       10565000	      1055	80001ad8	4b4dc483	lbu	x9,1204(x27)	 x27:0x80008872  x9=0x0000007e PA:0x80008d26
       10575000	      1056	80001adc	01b272b3	and	x5,x4,x27	  x4:0x00000092 x27:0x80008872  x5=0x00000012
       10585000	      1057	80001ae0	64db3713	sltiu	x14,x22,1613	 x22:0x0000002e x14=0x00000001
       10595000	      1058	80001ae4	1b4d80a3	sb	x20,417(x27)	 x27:0x80008872 x20:0xffffcfeb PA:0x80008a13
       10605000	      1059	80001ae8	1a1d8983	lb	x19,417(x27)	 x27:0x80008872 x19=0xffffffeb PA:0x80008a13
       10615000	      1060	80001aec	4dfdc403	lbu	x8,1247(x27)	 x27:0x80008872  x8=0x00000038 PA:0x80008d51
       10625000	      1061	80001af0	4dfd8703	lb	x14,1247(x27)	 x27:0x80008872 x14=0x00000038 PA:0x80008d51
       10635000	      1062	80001af4	4d5d8fa3	sb	x21,1247(x27)	 x27:0x80008872 x21:0x00000001 PA:0x80008d51
       10645000	      1063	80001af8	290dd303	lhu	x6,656(x27)	 x27:0x80008872  x6=0x0000f30e PA:0x80008b02
       10655000	      1064	80001afc	613d8303	lb	x6,1555(x27)	 x27:0x80008872  x6=0xffffffbe PA:0x80008e85
       10665000	      1065	00000000	00000013	addi	x0,x0,0	  x0:0x00000000
       10675000	      1066	80001b00	746dda83	lhu	x21,1862(x27)	 x27:0x80008872 x21=0x00004e59 PA:0x80008fb8
       10685000	      1067	80001b04	744da323	sw	x4,1862(x27)	 x27:0x80008872  x4:0x00000092 PA:0x80008fb8
       10695000	      1068	80001b08	309dcc83	lbu	x25,777(x27)	 x27:0x80008872 x25=0x000000a0 PA:0x80008b7b
       10705000	      1069	80001b0c	01c3f233	and	x4,x7,x28	  x7:0xffffffc9 x28:0x80008add  x4=0x80008ac9
       10715000	      1070	80001b10	01011a63	bne	x2,x16,80001b24	  x2:0x0000000a x16:0xffffffb5
       10725000	      1071	00000000	00000013	addi	x0,x0,0	  x0:0x00000000
       10735000	      1072	80001b20	00000013	addi	x0,x0,0	  x0:0x00000000
       10745000	      1073	80001b24	0190e933	or	x18,x1,x25	  x1:0xffffffe5 x25:0x000000a0 x18=0xffffffe5
       10755000	      1074	80001b28	00273033	sltu	x0,x14,x2	 x14:0x00000038  x2:0x0000000a
       10765000	      1075	80001b2c	737fce17	auipc	x28,0x737fc	 x28=0xf37fdb28
       10775000	      1076	80001b30	415cd093	srai	x1,x25,0x15	 x25:0x000000a0  x1=0x00000000
       10785000	      1077	80001b34	40775633	sra	x12,x14,x7	 x14:0x00000038  x7:0xffffffc9 x12=0x00000000
       10795000	      1078	80001b38	89c3de97	auipc	x29,0x89c3d	 x29=0x09c3eb34
       10805000	      1079	80001b3c	02b1d463	bge	x3,x11,80001b64	  x3:0xfff50000 x11:0x80009f2c
       10815000	      1080	00000000	00000013	addi	x0,x0,0	  x0:0x00000000
       10825000	      1081	80001b60	00000013	addi	x0,x0,0	  x0:0x00000000
       10835000	      1082	80001b64	001a8e63	beq	x21,x1,80001b80	 x21:0x00004e59  x1:0x00000000
       10845000	      1083	80001b68	0118d993	srli	x19,x17,0x11	 x17:0xffffffe5 x19=0x00007fff
       10855000	      1084	80001b6c	00000013	addi	x0,x0,0	  x0:0x00000000
       10865000	      1085	80001b70	042a4263	blt	x20,x2,80001bb4	 x20:0xffffcfeb  x2:0x0000000a
       10875000	      1086	00000000	00000013	addi	x0,x0,0	  x0:0x00000000
       10885000	      1087	80001bb0	00000013	addi	x0,x0,0	  x0:0x00000000
       10895000	      1088	80001bb4	18c88e13	addi	x28,x17,396	 x17:0xffffffe5 x28=0x00000171
       10905000	      1089	80001bb8	017dacb3	slt	x25,x27,x23	 x27:0x80008872 x23:0x000000c9 x25=0x00000001
       10915000	      1090	80001bbc	00000013	addi	x0,x0,0	  x0:0x00000000
       10925000	      1091	80001bc0	00c11693	slli	x13,x2,0xc	  x2:0x0000000a x13=0x0000a000
       10935000	      1092	80001bc4	00dda3b3	slt	x7,x27,x13	 x27:0x80008872 x13:0x0000a000  x7=0x00000001
       10945000	      1093	80001bc8	01f4a6b3	slt	x13,x9,x31	  x9:0x0000007e x31:0x80009fc4 x13=0x00000000
       10955000	      1094	80001bcc	413a5193	srai	x3,x20,0x13	 x20:0xffffcfeb  x3=0xffffffff
       10965000	      1095	80001bd0	41c451b3	sra	x3,x8,x28	  x8:0x00000038 x28:0x00000171  x3=0x00000000
       10975000	      1096	80001bd4	01c16e33	or	x28,x2,x28	  x2:0x0000000a x28:0x00000171 x28=0x0000017b
       10985000	      1097	80001bd8	00000013	addi	x0,x0,0	  x0:0x00000000
       10995000	      1098	80001bdc	00f27e33	and	x28,x4,x15	  x4:0x80008ac9 x15:0x000000c8 x28=0x000000c8
       11005000	      1099	80001be0	5eb57493	andi	x9,x10,1515	 x10:0x4a8e13b5  x9=0x000001a1
       11015000	      1100	80001be4	b55e6d93	ori	x27,x28,-1195	 x28:0x000000c8 x27=0xfffffbdd
       11025000	      1101	80001be8	017e0a33	add	x20,x28,x23	 x28:0x000000c8 x23:0x000000c9 x20=0x00000191
       11035000	      1102	80001bec	01286a13	ori	x20,x16,18	 x16:0xffffffb5 x20=0xffffffb7
       11045000	      1103	80001bf0	41ef0133	sub	x2,x30,x30	 x30:0x0000d3d2 x30:0x0000d3d2  x2=0x00000000
       11055000	      1104	80001bf4	005e8663	beq	x29,x5,80001c00	 x29:0x09c3eb34  x5:0x00000012
       11065000	      1105	80001bf8	01d5d733	srl	x14,x11,x29	 x11:0x80009f2c x29:0x09c3eb34 x14=0x00000800
       11075000	      1106	80001bfc	01c45db3	srl	x27,x8,x28	  x8:0x00000038 x28:0x000000c8 x27=0x00000000
       11085000	      1107	80001c00	40d259b3	sra	x19,x4,x13	  x4:0x80008ac9 x13:0x00000000 x19=0x80008ac9
       11095000	      1108	80001c04	68f57293	andi	x5,x10,1679	 x10:0x4a8e13b5  x5=0x00000285
       11105000	      1109	80001c08	290a8e13	addi	x28,x21,656	 x21:0x00004e59 x28=0x000050e9
       11115000	      1110	80001c0c	01b12e33	slt	x28,x2,x27	  x2:0x00000000 x27:0x00000000 x28=0x00000000
       11125000	      1111	80001c10	40a95d93	srai	x27,x18,0xa	 x18:0xffffffe5 x27=0xffffffff
       11135000	      1112	80001c14	01059813	slli	x16,x11,0x10	 x11:0x80009f2c x16=0x9f2c0000
       11145000	      1113	80001c18	01eaf333	and	x6,x21,x30	 x21:0x00004e59 x30:0x0000d3d2  x6=0x00004250
       11155000	      1114	80001c1c	403f2713	slti	x14,x30,1027	 x30:0x0000d3d2 x14=0x00000000
       11165000	      1115	80001c20	03125063	bge	x4,x17,80001c40	  x4:0x80008ac9 x17:0xffffffe5
       11175000	      1116	80001c24	8def9397	auipc	x7,0x8def9	  x7=0x0defac20
       11185000	      1117	80001c28	00f90263	beq	x18,x15,80001c2c	 x18:0xffffffe5 x15:0x000000c8
       11195000	      1118	80001c2c	05b95263	bge	x18,x27,80001c70	 x18:0xffffffe5 x27:0xffffffff
       11205000	      1119	80001c30	40090133	sub	x2,x18,x0	 x18:0xffffffe5  x0:0x00000000  x2=0xffffffe5
       11215000	      1120	80001c34	00854bb3	xor	x23,x10,x8	 x10:0x4a8e13b5  x8:0x00000038 x23=0x4a8e138d
       11225000	      1121	80001c38	a9efe013	ori	x0,x31,-1378	 x31:0x80009fc4
       11235000	      1122	80001c3c	2871abb7	lui	x23,0x2871a	 x23=0x2871a000
       11245000	      1123	80001c40	05300663	beq	x0,x19,80001c8c	  x0:0x00000000 x19:0x80008ac9
       11255000	      1124	80001c44	0134f263	bgeu	x9,x19,80001c48	  x9:0x000001a1 x19:0x80008ac9
       11265000	      1125	80001c48	04450663	beq	x10,x4,80001c94	 x10:0x4a8e13b5  x4:0x80008ac9
       11275000	      1126	80001c4c	00000013	addi	x0,x0,0	  x0:0x00000000
       11285000	      1127	80001c50	00000013	addi	x0,x0,0	  x0:0x00000000
       11295000	      1128	80001c54	41b40d33	sub	x26,x8,x27	  x8:0x00000038 x27:0xffffffff x26=0x00000039
       11305000	      1129	80001c58	018ae9b3	or	x19,x21,x24	 x21:0x00004e59 x24:0x00000008 x19=0x00004e59
       11315000	      1130	80001c5c	0183c3b3	xor	x7,x7,x24	  x7:0x0defac20 x24:0x00000008  x7=0x0defac28
       11325000	      1131	80001c60	283fcb93	xori	x23,x31,643	 x31:0x80009fc4 x23=0x80009d47
       11335000	      1132	80001c64	00558133	add	x2,x11,x5	 x11:0x80009f2c  x5:0x00000285  x2=0x8000a1b1
       11345000	      1133	80001c68	00000013	addi	x0,x0,0	  x0:0x00000000
       11355000	      1134	80001c6c	00dee9b3	or	x19,x29,x13	 x29:0x09c3eb34 x13:0x00000000 x19=0x09c3eb34
       11365000	      1135	80001c70	61d1f413	andi	x8,x3,1565	  x3:0x00000000  x8=0x00000000
       11375000	      1136	80001c74	01ca5663	bge	x20,x28,80001c80	 x20:0xffffffb7 x28:0x00000000
       11385000	      1137	80001c78	006ce2b3	or	x5,x25,x6	 x25:0x00000001  x6:0x00004250  x5=0x00004251
       11395000	      1138	80001c7c	637e7393	andi	x7,x28,1591	 x28:0x00000000  x7=0x00000000
       11405000	      1139	80001c80	552b8613	addi	x12,x23,1362	 x23:0x80009d47 x12=0x8000a299
       11415000	      1140	80001c84	04a40063	beq	x8,x10,80001cc4	  x8:0x00000000 x10:0x4a8e13b5
       11425000	      1141	80001c88	05d47663	bgeu	x8,x29,80001cd4	  x8:0x00000000 x29:0x09c3eb34
       11435000	      1142	80001c8c	01f752b3	srl	x5,x14,x31	 x14:0x00000000 x31:0x80009fc4  x5=0x00000000
       11445000	      1143	80001c90	40a45213	srai	x4,x8,0xa	  x8:0x00000000  x4=0x00000000
       11455000	      1144	80001c94	012eee63	bltu	x29,x18,80001cb0	 x29:0x09c3eb34 x18:0xffffffe5
       11465000	      1145	00000000	00000013	addi	x0,x0,0	  x0:0x00000000
       11475000	      1146	80001cac	00000013	addi	x0,x0,0	  x0:0x00000000
       11485000	      1147	80001cb0	dc86ee13	ori	x28,x13,-568	 x13:0x00000000 x28=0xfffffdc8
       11495000	      1148	80001cb4	d74a6a93	ori	x21,x20,-652	 x20:0xffffffb7 x21=0xfffffff7
       11505000	      1149	80001cb8	00c27863	bgeu	x4,x12,80001cc8	  x4:0x00000000 x12:0x8000a299
       11515000	      1150	80001cbc	00c79d93	slli	x27,x15,0xc	 x15:0x000000c8 x27=0x000c8000
       11525000	      1151	80001cc0	00a3aa33	slt	x20,x7,x10	  x7:0x00000000 x10:0x4a8e13b5 x20=0x00000001
       11535000	      1152	80001cc4	05f34c17	auipc	x24,0x5f34	 x24=0x85f35cc0
       11545000	      1153	80001cc8	d29bd217	auipc	x4,0xd29bd	  x4=0x529becc4
       11555000	      1154	80001ccc	11ef6463	bltu	x30,x30,80001dd4	 x30:0x0000d3d2 x30:0x0000d3d2
       11565000	      1155	80001cd0	01f022b3	slt	x5,x0,x31	  x0:0x00000000 x31:0x80009fc4  x5=0x00000000
       11575000	      1156	80001cd4	016a41b3	xor	x3,x20,x22	 x20:0x00000001 x22:0x0000002e  x3=0x0000002f
       11585000	      1157	80001cd8	199bf817	auipc	x16,0x199bf	 x16=0x999c0cd4
       11595000	      1158	80001cdc	00000013	addi	x0,x0,0	  x0:0x00000000
       11605000	      1159	80001ce0	00007097	auipc	x1,0x7	  x1=0x80008cdc
       11615000	      1160	80001ce4	04c08093	addi	x1,x1,76	  x1:0x80008cdc  x1=0x80008d28
       11625000	      1161	80001ce8	11dc0e17	auipc	x28,0x11dc0	 x28=0x91dc1ce4
       11635000	      1162	80001cec	00408e03	lb	x28,4(x1)	  x1:0x80008d28 x28=0x00000032 PA:0x80008d2c
       11645000	      1163	80001cf0	01008c03	lb	x24,16(x1)	  x1:0x80008d28 x24=0x00000015 PA:0x80008d38
       11655000	      1164	80001cf4	fee088a3	sb	x14,-15(x1)	  x1:0x80008d28 x14:0x00000000 PA:0x80008d19
       11665000	      1165	80001cf8	b2388c37	lui	x24,0xb2388	 x24=0xb2388000
       11675000	      1166	80001cfc	0100db03	lhu	x22,16(x1)	  x1:0x80008d28 x22=0x00004f15 PA:0x80008d38
       11685000	      1167	80001d00	0010c383	lbu	x7,1(x1)	  x1:0x80008d28  x7=0x0000001e PA:0x80008d29
       11695000	      1168	80001d04	416a2493	slti	x9,x20,1046	 x20:0x00000001  x9=0x00000001
       11705000	      1169	80001d08	0010cd03	lbu	x26,1(x1)	  x1:0x80008d28 x26=0x0000001e PA:0x80008d29
       11715000	      1170	80001d0c	0000d003	lhu	x0,0(x1)	  x1:0x80008d28 PA:0x80008d28
       11725000	      1171	80001d10	ffd0ca03	lbu	x20,-3(x1)	  x1:0x80008d28 x20=0x00000025 PA:0x80008d25
       11735000	      1172	80001d14	2231f693	andi	x13,x3,547	  x3:0x0000002f x13=0x00000023
       11745000	      1173	80001d18	00b08403	lb	x8,11(x1)	  x1:0x80008d28  x8=0xffffffef PA:0x80008d33
       11755000	      1174	80001d1c	01308223	sb	x19,4(x1)	  x1:0x80008d28 x19:0x09c3eb34 PA:0x80008d2c
       11765000	      1175	80001d20	00f08a03	lb	x20,15(x1)	  x1:0x80008d28 x20=0xffffffe5 PA:0x80008d37
       11775000	      1176	80001d24	00000013	addi	x0,x0,0	  x0:0x00000000
       11785000	      1177	80001d28	01d92833	slt	x16,x18,x29	 x18:0xffffffe5 x29:0x09c3eb34 x16=0x00000001
       11795000	      1178	80001d2c	ffd08ba3	sb	x29,-9(x1)	  x1:0x80008d28 x29:0x09c3eb34 PA:0x80008d1f
       11805000	      1179	80001d30	cde753b7	lui	x7,0xcde75	  x7=0xcde75000
       11815000	      1180	80001d34	ffb0cf03	lbu	x30,-5(x1)	  x1:0x80008d28 x30=0x00000093 PA:0x80008d23
       11825000	      1181	80001d38	ff208da3	sb	x18,-5(x1)	  x1:0x80008d28 x18:0xffffffe5 PA:0x80008d23
       11835000	      1182	80001d3c	00808103	lb	x2,8(x1)	  x1:0x80008d28  x2=0xffffffde PA:0x80008d30
       11845000	      1183	80001d40	ff909e23	sh	x25,-4(x1)	  x1:0x80008d28 x25:0x00000001 PA:0x80008d24
       11855000	      1184	80001d44	0070c903	lbu	x18,7(x1)	  x1:0x80008d28 x18=0x000000d8 PA:0x80008d2f
       11865000	      1185	80001d48	00d09723	sh	x13,14(x1)	  x1:0x80008d28 x13:0x00000023 PA:0x80008d36
       11875000	      1186	80001d4c	413f0eb3	sub	x29,x30,x19	 x30:0x00000093 x19:0x09c3eb34 x29=0xf63c155f
       11885000	      1187	80001d50	416d5a33	sra	x20,x26,x22	 x26:0x0000001e x22:0x00004f15 x20=0x00000000
       11895000	      1188	80001d54	3607a893	slti	x17,x15,864	 x15:0x000000c8 x17=0x00000001
       11905000	      1189	80001d58	0040a103	lw	x2,4(x1)	  x1:0x80008d28  x2=0xd8563b34 PA:0x80008d2c
       11915000	      1190	80001d5c	00d0a223	sw	x13,4(x1)	  x1:0x80008d28 x13:0x00000023 PA:0x80008d2c
       11925000	      1191	80001d60	00808103	lb	x2,8(x1)	  x1:0x80008d28  x2=0xffffffde PA:0x80008d30
       11935000	      1192	80001d64	0113c333	xor	x6,x7,x17	  x7:0xcde75000 x17:0x00000001  x6=0xcde75001
       11945000	      1193	80001d68	b9c86937	lui	x18,0xb9c86	 x18=0xb9c86000
       11955000	      1194	80001d6c	00000013	addi	x0,x0,0	  x0:0x00000000
       11965000	      1195	80001d70	ff50c783	lbu	x15,-11(x1)	  x1:0x80008d28 x15=0x000000ab PA:0x80008d1d
       11975000	      1196	80001d74	ff00d003	lhu	x0,-16(x1)	  x1:0x80008d28 PA:0x80008d18
       11985000	      1197	80001d78	01bd2333	slt	x6,x26,x27	 x26:0x0000001e x27:0x000c8000  x6=0x00000001
       11995000	      1198	80001d7c	1660dbb7	lui	x23,0x1660d	 x23=0x1660d000
       12005000	      1199	80001d80	ff008f23	sb	x16,-2(x1)	  x1:0x80008d28 x16:0x00000001 PA:0x80008d26
       12015000	      1200	80001d84	ff608a03	lb	x20,-10(x1)	  x1:0x80008d28 x20=0x0000007a PA:0x80008d1e
       12025000	      1201	80001d88	400bda13	srai	x20,x23,0x0	 x23:0x1660d000 x20=0x1660d000
       12035000	      1202	80001d8c	bd868137	lui	x2,0xbd868	  x2=0xbd868000
       12045000	      1203	80001d90	414b08b3	sub	x17,x22,x20	 x22:0x00004f15 x20:0x1660d000 x17=0xe99f7f15
       12055000	      1204	80001d94	fec08ba3	sb	x12,-9(x1)	  x1:0x80008d28 x12:0x8000a299 PA:0x80008d1f
       12065000	      1205	80001d98	01d769b3	or	x19,x14,x29	 x14:0x00000000 x29:0xf63c155f x19=0xf63c155f
       12075000	      1206	80001d9c	ff108823	sb	x17,-16(x1)	  x1:0x80008d28 x17:0xe99f7f15 PA:0x80008d18
       12085000	      1207	80001da0	01f34433	xor	x8,x6,x31	  x6:0x00000001 x31:0x80009fc4  x8=0x80009fc5
       12095000	      1208	80001da4	027d7863	bgeu	x26,x7,80001dd4	 x26:0x0000001e  x7:0xcde75000
       12105000	      1209	80001da8	02266663	bltu	x12,x2,80001dd4	 x12:0x8000a299  x2:0xbd868000
       12115000	      1210	00000000	00000013	addi	x0,x0,0	  x0:0x00000000
       12125000	      1211	80001dd0	00000013	addi	x0,x0,0	  x0:0x00000000
       12135000	      1212	80001dd4	008f2133	slt	x2,x30,x8	 x30:0x00000093  x8:0x80009fc5  x2=0x00000000
       12145000	      1213	80001dd8	41355193	srai	x3,x10,0x13	 x10:0x4a8e13b5  x3=0x00000951
       12155000	      1214	80001ddc	0045a083	lw	x1,4(x11)	 x11:0x80009f2c  x1=0x8000187c PA:0x80009f30
       12165000	      1215	80001de0	012f1e93	slli	x29,x30,0x12	 x30:0x00000093 x29=0x024c0000
       12175000	      1216	80001de4	03058593	addi	x11,x11,48	 x11:0x80009f2c x11=0x80009f5c
       12185000	      1217	80001de8	01315193	srli	x3,x2,0x13	  x2:0x00000000  x3=0x00000000
       12195000	      1218	80001dec	00108293	addi	x5,x1,1	  x1:0x8000187c  x5=0x8000187d
       12205000	      1219	80001df0	000282e7	jalr	x5,x5,0	  x5:0x8000187d  x5=0x80001df0
       12215000	      1220	00000000	00000013	addi	x0,x0,0	  x0:0x00000000
       12225000	      1221	8000187c	00000013	addi	x0,x0,0	  x0:0x00000000
       12235000	      1222	80001880	01327263	bgeu	x4,x19,80001884	  x4:0x529becc4 x19:0xf63c155f
       12245000	      1223	80001884	02999263	bne	x19,x9,800018a8	 x19:0xf63c155f  x9:0x00000001
       12255000	      1224	00000000	00000013	addi	x0,x0,0	  x0:0x00000000
       12265000	      1225	800018a4	00000013	addi	x0,x0,0	  x0:0x00000000
       12275000	      1226	800018a8	40638733	sub	x14,x7,x6	  x7:0xcde75000  x6:0x00000001 x14=0xcde74fff
       12285000	      1227	800018ac	c8cab913	sltiu	x18,x21,-884	 x21:0xfffffff7 x18=0x00000000
       12295000	      1228	800018b0	01088bb3	add	x23,x17,x16	 x17:0xe99f7f15 x16:0x00000001 x23=0xe99f7f16
       12305000	      1229	800018b4	41e05a33	sra	x20,x0,x30	  x0:0x00000000 x30:0x00000093 x20=0x00000000
       12315000	      1230	800018b8	0063fd33	and	x26,x7,x6	  x7:0xcde75000  x6:0x00000001 x26=0x00000000
       12325000	      1231	800018bc	01355a63	bge	x10,x19,800018d0	 x10:0x4a8e13b5 x19:0xf63c155f
       12335000	      1232	00000000	00000013	addi	x0,x0,0	  x0:0x00000000
       12345000	      1233	800018cc	00000013	addi	x0,x0,0	  x0:0x00000000
       12355000	      1234	800018d0	02456263	bltu	x10,x4,800018f4	 x10:0x4a8e13b5  x4:0x529becc4
       12365000	      1235	00000000	00000013	addi	x0,x0,0	  x0:0x00000000
       12375000	      1236	800018f0	00000013	addi	x0,x0,0	  x0:0x00000000
       12385000	      1237	800018f4	410f52b3	sra	x5,x30,x16	 x30:0x00000093 x16:0x00000001  x5=0x00000049
       12395000	      1238	800018f8	00c5dcb3	srl	x25,x11,x12	 x11:0x80009f5c x12:0x8000a299 x25=0x00000040
       12405000	      1239	800018fc	0371f263	bgeu	x3,x23,80001920	  x3:0x00000000 x23:0xe99f7f16
       12415000	      1240	80001900	01e3f0b3	and	x1,x7,x30	  x7:0xcde75000 x30:0x00000093  x1=0x00000000
       12425000	      1241	80001904	011dd113	srli	x2,x27,0x11	 x27:0x000c8000  x2=0x00000006
       12435000	      1242	80001908	01260a33	add	x20,x12,x18	 x12:0x8000a299 x18:0x00000000 x20=0x8000a299
       12445000	      1243	8000190c	41a7db13	srai	x22,x15,0x1a	 x15:0x000000ab x22=0x00000000
       12455000	      1244	80001910	00000013	addi	x0,x0,0	  x0:0x00000000
       12465000	      1245	80001914	00cf3eb3	sltu	x29,x30,x12	 x30:0x00000093 x12:0x8000a299 x29=0x00000001
       12475000	      1246	80001918	c60e2e13	slti	x28,x28,-928	 x28:0x00000032 x28=0x00000000
       12485000	      1247	8000191c	01b27e33	and	x28,x4,x27	  x4:0x529becc4 x27:0x000c8000 x28=0x00088000
       12495000	      1248	80001920	9dd3e113	ori	x2,x7,-1571	  x7:0xcde75000  x2=0xfffff9dd
       12505000	      1249	80001924	04589463	bne	x17,x5,8000196c	 x17:0xe99f7f15  x5:0x00000049
       12515000	      1250	00000000	00000013	addi	x0,x0,0	  x0:0x00000000
       12525000	      1251	80001968	00000013	addi	x0,x0,0	  x0:0x00000000
       12535000	      1252	8000196c	03cb8863	beq	x23,x28,8000199c	 x23:0xe99f7f16 x28:0x00088000
       12545000	      1253	80001970	01e46c63	bltu	x8,x30,80001988	  x8:0x80009fc5 x30:0x00000093
       12555000	      1254	80001974	403586b3	sub	x13,x11,x3	 x11:0x80009f5c  x3:0x00000000 x13=0x80009f5c
       12565000	      1255	80001978	014436b3	sltu	x13,x8,x20	  x8:0x80009fc5 x20:0x8000a299 x13=0x00000001
       12575000	      1256	8000197c	0331da63	bge	x3,x19,800019b0	  x3:0x00000000 x19:0xf63c155f
       12585000	      1257	00000000	00000013	addi	x0,x0,0	  x0:0x00000000
       12595000	      1258	800019ac	00000013	addi	x0,x0,0	  x0:0x00000000
       12605000	      1259	800019b0	ccf3b813	sltiu	x16,x7,-817	  x7:0xcde75000 x16=0x00000001
       12615000	      1260	800019b4	00621e63	bne	x4,x6,800019d0	  x4:0x529becc4  x6:0x00000001
       12625000	      1261	00000000	00000013	addi	x0,x0,0	  x0:0x00000000
       12635000	      1262	800019cc	00000013	addi	x0,x0,0	  x0:0x00000000
       12645000	      1263	800019d0	40c25e13	srai	x28,x4,0xc	  x4:0x529becc4 x28=0x000529be
       12655000	      1264	800019d4	0045a083	lw	x1,4(x11)	 x11:0x80009f5c  x1=0x8000147c PA:0x80009f60
       12665000	      1265	800019d8	004f2a33	slt	x20,x30,x4	 x30:0x00000093  x4:0x529becc4 x20=0x00000001
       12675000	      1266	800019dc	00be9e13	slli	x28,x29,0xb	 x29:0x00000001 x28=0x00000800
       12685000	      1267	800019e0	015a21b3	slt	x3,x20,x21	 x20:0x00000001 x21:0xfffffff7  x3=0x00000000
       12695000	      1268	800019e4	00000013	addi	x0,x0,0	  x0:0x00000000
       12705000	      1269	800019e8	005b86b3	add	x13,x23,x5	 x23:0xe99f7f16  x5:0x00000049 x13=0xe99f7f5f
       12715000	      1270	800019ec	02858593	addi	x11,x11,40	 x11:0x80009f5c x11=0x80009f84
       12725000	      1271	800019f0	40090933	sub	x18,x18,x0	 x18:0x00000000  x0:0x00000000 x18=0x00000000
       12735000	      1272	800019f4	0140b133	sltu	x2,x1,x20	  x1:0x8000147c x20:0x00000001  x2=0x00000000
       12745000	      1273	800019f8	f95ab193	sltiu	x3,x21,-107	 x21:0xfffffff7  x3=0x00000000
       12755000	      1274	800019fc	01a25e93	srli	x29,x4,0x1a	  x4:0x529becc4 x29=0x00000014
       12765000	      1275	80001a00	00108e13	addi	x28,x1,1	  x1:0x8000147c x28=0x8000147d
       12775000	      1276	80001a04	000e0e67	jalr	x28,x28,0	 x28:0x8000147d x28=0x80001a04
       12785000	      1277	00000000	00000013	addi	x0,x0,0	  x0:0x00000000
       12795000	      1278	8000147c	00000013	addi	x0,x0,0	  x0:0x00000000
       12805000	      1279	80001480	4413f717	auipc	x14,0x4413f	 x14=0xc414047c
       12815000	      1280	80001484	97028993	addi	x19,x5,-1680	  x5:0x00000049 x19=0xfffff9b9
       12825000	      1281	80001488	00d28e63	beq	x5,x13,800014a4	  x5:0x00000049 x13:0xe99f7f5f
       12835000	      1282	8000148c	0048e263	bltu	x17,x4,80001490	 x17:0xe99f7f15  x4:0x529becc4
       12845000	      1283	80001490	7f73ab17	auipc	x22,0x7f73a	 x22=0xff73b48c
       12855000	      1284	80001494	013847b3	xor	x15,x16,x19	 x16:0x00000001 x19:0xfffff9b9 x15=0xfffff9b8
       12865000	      1285	80001498	01a76bb3	or	x23,x14,x26	 x14:0xc414047c x26:0x00000000 x23=0xc414047c
       12875000	      1286	8000149c	01e27b33	and	x22,x4,x30	  x4:0x529becc4 x30:0x00000093 x22=0x00000080
       12885000	      1287	800014a0	00a74933	xor	x18,x14,x10	 x14:0xc414047c x10:0x4a8e13b5 x18=0x8e9a17c9
       12895000	      1288	800014a4	41a05993	srai	x19,x0,0x1a	  x0:0x00000000 x19=0x00000000
       12905000	      1289	800014a8	0195d813	srli	x16,x11,0x19	 x11:0x80009f84 x16=0x00000040
       12915000	      1290	800014ac	4097d693	srai	x13,x15,0x9	 x15:0xfffff9b8 x13=0xfffffffc
       12925000	      1291	800014b0	03c50263	beq	x10,x28,800014d4	 x10:0x4a8e13b5 x28:0x80001a04
       12935000	      1292	800014b4	04224263	blt	x4,x2,800014f8	  x4:0x529becc4  x2:0x00000000
       12945000	      1293	800014b8	00ce5263	bge	x28,x12,800014bc	 x28:0x80001a04 x12:0x8000a299
       12955000	      1294	800014bc	4010da93	srai	x21,x1,0x1	  x1:0x8000147c x21=0xc0000a3e
       12965000	      1295	800014c0	00c220b3	slt	x1,x4,x12	  x4:0x529becc4 x12:0x8000a299  x1=0x00000000
       12975000	      1296	800014c4	019bd233	srl	x4,x23,x25	 x23:0xc414047c x25:0x00000040  x4=0xc414047c
       12985000	      1297	800014c8	416b5cb3	sra	x25,x22,x22	 x22:0x00000080 x22:0x00000080 x25=0x00000080
       12995000	      1298	800014cc	017aad33	slt	x26,x21,x23	 x21:0xc0000a3e x23:0xc414047c x26=0x00000001
       13005000	      1299	800014d0	59460c97	auipc	x25,0x59460	 x25=0xd94614cc
       13015000	      1300	800014d4	00dfc433	xor	x8,x31,x13	 x31:0x80009fc4 x13:0xfffffffc  x8=0x7fff6038
       13025000	      1301	800014d8	01077733	and	x14,x14,x16	 x14:0xc414047c x16:0x00000040 x14=0x00000040
       13035000	      1302	800014dc	04f9d863	bge	x19,x15,8000152c	 x19:0x00000000 x15:0xfffff9b8
       13045000	      1303	00000000	00000013	addi	x0,x0,0	  x0:0x00000000
       13055000	      1304	80001528	00000013	addi	x0,x0,0	  x0:0x00000000
       13065000	      1305	8000152c	01d732b3	sltu	x5,x14,x29	 x14:0x00000040 x29:0x00000014  x5=0x00000000
       13075000	      1306	80001530	30417813	andi	x16,x2,772	  x2:0x00000000 x16=0x00000000
       13085000	      1307	80001534	00be1c93	slli	x25,x28,0xb	 x28:0x80001a04 x25=0x00d02000
       13095000	      1308	80001538	41145b13	srai	x22,x8,0x11	  x8:0x7fff6038 x22=0x00003fff
       13105000	      1309	8000153c	00ad2733	slt	x14,x26,x10	 x26:0x00000001 x10:0x4a8e13b5 x14=0x00000001
       13115000	      1310	80001540	410cd633	sra	x12,x25,x16	 x25:0x00d02000 x16:0x00000000 x12=0x00d02000
       13125000	      1311	80001544	f6531f37	lui	x30,0xf6531	 x30=0xf6531000
       13135000	      1312	80001548	00000013	addi	x0,x0,0	  x0:0x00000000
       13145000	      1313	8000154c	40ee5093	srai	x1,x28,0xe	 x28:0x80001a04  x1=0xfffe0000
       13155000	      1314	80001550	86ffc493	xori	x9,x31,-1937	 x31:0x80009fc4  x9=0x7fff67ab
       13165000	      1315	80001554	007fb3b3	sltu	x7,x31,x7	 x31:0x80009fc4  x7:0xcde75000  x7=0x00000001
       13175000	      1316	80001558	003abf33	sltu	x30,x21,x3	 x21:0xc0000a3e  x3:0x00000000 x30=0x00000000
       13185000	      1317	8000155c	001f4f33	xor	x30,x30,x1	 x30:0x00000000  x1:0xfffe0000 x30=0xfffe0000
       13195000	      1318	80001560	89456213	ori	x4,x10,-1900	 x10:0x4a8e13b5  x4=0xfffffbb5
       13205000	      1319	80001564	014ef133	and	x2,x29,x20	 x29:0x00000014 x20:0x00000001  x2=0x00000000
       13215000	      1320	80001568	26aba713	slti	x14,x23,618	 x23:0xc414047c x14=0x00000001
       13225000	      1321	8000156c	02d7f263	bgeu	x15,x13,80001590	 x15:0xfffff9b8 x13:0xfffffffc
       13235000	      1322	80001570	3e8dfb13	andi	x22,x27,1000	 x27:0x000c8000 x22=0x00000000
       13245000	      1323	80001574	00a8d863	bge	x17,x10,80001584	 x17:0xe99f7f15 x10:0x4a8e13b5
       13255000	      1324	80001578	018c5e33	srl	x28,x24,x24	 x24:0xb2388000 x24:0xb2388000 x28=0xb2388000
       13265000	      1325	8000157c	038ce663	bltu	x25,x24,800015a8	 x25:0x00d02000 x24:0xb2388000
       13275000	      1326	00000000	00000013	addi	x0,x0,0	  x0:0x00000000
       13285000	      1327	800015a4	00000013	addi	x0,x0,0	  x0:0x00000000
       13295000	      1328	800015a8	01c95c33	srl	x24,x18,x28	 x18:0x8e9a17c9 x28:0xb2388000 x24=0x8e9a17c9
       13305000	      1329	800015ac	3742c213	xori	x4,x5,884	  x5:0x00000000  x4=0x00000374
       13315000	      1330	800015b0	b378a417	auipc	x8,0xb378a	  x8=0x3378b5ac
       13325000	      1331	800015b4	02241663	bne	x8,x2,800015e0	  x8:0x3378b5ac  x2:0x00000000
       13335000	      1332	00000000	00000013	addi	x0,x0,0	  x0:0x00000000
       13345000	      1333	800015dc	00000013	addi	x0,x0,0	  x0:0x00000000
       13355000	      1334	800015e0	b5ff7d13	andi	x26,x30,-1185	 x30:0xfffe0000 x26=0xfffe0000
       13365000	      1335	800015e4	00c6a4b3	slt	x9,x13,x12	 x13:0xfffffffc x12:0x00d02000  x9=0x00000001
       13375000	      1336	800015e8	015954b3	srl	x9,x18,x21	 x18:0x8e9a17c9 x21:0xc0000a3e  x9=0x00000002
       13385000	      1337	800015ec	0179fa63	bgeu	x19,x23,80001600	 x19:0x00000000 x23:0xc414047c
       13395000	      1338	800015f0	bcfd9f37	lui	x30,0xbcfd9	 x30=0xbcfd9000
       13405000	      1339	800015f4	02f54863	blt	x10,x15,80001624	 x10:0x4a8e13b5 x15:0xfffff9b8
       13415000	      1340	800015f8	403f8eb3	sub	x29,x31,x3	 x31:0x80009fc4  x3:0x00000000 x29=0x80009fc4
       13425000	      1341	800015fc	018c6333	or	x6,x24,x24	 x24:0x8e9a17c9 x24:0x8e9a17c9  x6=0x8e9a17c9
       13435000	      1342	80001600	2bdb3193	sltiu	x3,x22,701	 x22:0x00000000  x3=0x00000001
       13445000	      1343	80001604	7e638713	addi	x14,x7,2022	  x7:0x00000001 x14=0x000007e7
       13455000	      1344	80001608	016d53b3	srl	x7,x26,x22	 x26:0xfffe0000 x22:0x00000000  x7=0xfffe0000
       13465000	      1345	8000160c	405c54b3	sra	x9,x24,x5	 x24:0x8e9a17c9  x5:0x00000000  x9=0x8e9a17c9
       13475000	      1346	80001610	0143d663	bge	x7,x20,8000161c	  x7:0xfffe0000 x20:0x00000001
       13485000	      1347	80001614	02b6c263	blt	x13,x11,80001638	 x13:0xfffffffc x11:0x80009f84
       13495000	      1348	80001618	8df32c17	auipc	x24,0x8df32	 x24=0x0df33614
       13505000	      1349	8000161c	03d44263	blt	x8,x29,80001640	  x8:0x3378b5ac x29:0x80009fc4
       13515000	      1350	80001620	01a98933	add	x18,x19,x26	 x19:0x00000000 x26:0xfffe0000 x18=0xfffe0000
       13525000	      1351	80001624	048b7263	bgeu	x22,x8,80001668	 x22:0x00000000  x8:0x3378b5ac
       13535000	      1352	80001628	00000013	addi	x0,x0,0	  x0:0x00000000
       13545000	      1353	8000162c	2b02c313	xori	x6,x5,688	  x5:0x00000000  x6=0x000002b0
       13555000	      1354	80001630	00163e33	sltu	x28,x12,x1	 x12:0x00d02000  x1:0xfffe0000 x28=0x00000001
       13565000	      1355	80001634	7e75a613	slti	x12,x11,2023	 x11:0x80009f84 x12=0x00000001
       13575000	      1356	80001638	41410c33	sub	x24,x2,x20	  x2:0x00000000 x20:0x00000001 x24=0xffffffff
       13585000	      1357	8000163c	01497833	and	x16,x18,x20	 x18:0xfffe0000 x20:0x00000001 x16=0x00000000
       13595000	      1358	80001640	033a1263	bne	x20,x19,80001664	 x20:0x00000001 x19:0x00000000
       13605000	      1359	00000000	00000013	addi	x0,x0,0	  x0:0x00000000
       13615000	      1360	80001660	00000013	addi	x0,x0,0	  x0:0x00000000
       13625000	      1361	80001664	0148b8b3	sltu	x17,x17,x20	 x17:0xe99f7f15 x20:0x00000001 x17=0x00000000
       13635000	      1362	80001668	012b6333	or	x6,x22,x18	 x22:0x00000000 x18:0xfffe0000  x6=0xfffe0000
       13645000	      1363	8000166c	de486b93	ori	x23,x16,-540	 x16:0x00000000 x23=0xfffffde4
       13655000	      1364	80001670	e1402e13	slti	x28,x0,-492	  x0:0x00000000 x28=0x00000000
       13665000	      1365	80001674	a065be13	sltiu	x28,x11,-1530	 x11:0x80009f84 x28=0x00000001
       13675000	      1366	80001678	013729b3	slt	x19,x14,x19	 x14:0x000007e7 x19:0x00000000 x19=0x00000000
       13685000	      1367	8000167c	00000013	addi	x0,x0,0	  x0:0x00000000
       13695000	      1368	80001680	fd497213	andi	x4,x18,-44	 x18:0xfffe0000  x4=0xfffe0000
       13705000	      1369	80001684	01bd5613	srli	x12,x26,0x1b	 x26:0xfffe0000 x12=0x0000001f
       13715000	      1370	80001688	c3a47eb7	lui	x29,0xc3a47	 x29=0xc3a47000
       13725000	      1371	8000168c	019f1c13	slli	x24,x30,0x19	 x30:0xbcfd9000 x24=0x00000000
       13735000	      1372	80001690	4d9d8417	auipc	x8,0x4d9d8	  x8=0xcd9d968c
       13745000	      1373	80001694	015e74b3	and	x9,x28,x21	 x28:0x00000001 x21:0xc0000a3e  x9=0x00000000
       13755000	      1374	80001698	e91cab17	auipc	x22,0xe91ca	 x22=0x691cb694
       13765000	      1375	8000169c	00b1b6b3	sltu	x13,x3,x11	  x3:0x00000001 x11:0x80009f84 x13=0x00000001
       13775000	      1376	800016a0	00899093	slli	x1,x19,0x8	 x19:0x00000000  x1=0x00000000
       13785000	      1377	800016a4	00f6bf33	sltu	x30,x13,x15	 x13:0x00000001 x15:0xfffff9b8 x30=0x00000001
       13795000	      1378	800016a8	01e0e6b3	or	x13,x1,x30	  x1:0x00000000 x30:0x00000001 x13=0x00000001
       13805000	      1379	800016ac	f0303c93	sltiu	x25,x0,-253	  x0:0x00000000 x25=0x00000001
       13815000	      1380	800016b0	84044037	lui	x0,0x84044	
       13825000	      1381	800016b4	00d0bf33	sltu	x30,x1,x13	  x1:0x00000000 x13:0x00000001 x30=0x00000001
       13835000	      1382	800016b8	00079c63	bne	x15,x0,800016d0	 x15:0xfffff9b8  x0:0x00000000
       13845000	      1383	00000000	00000013	addi	x0,x0,0	  x0:0x00000000
       13855000	      1384	800016cc	00000013	addi	x0,x0,0	  x0:0x00000000
       13865000	      1385	800016d0	0146e263	bltu	x13,x20,800016d4	 x13:0x00000001 x20:0x00000001
       13875000	      1386	800016d4	00b25663	bge	x4,x11,800016e0	  x4:0xfffe0000 x11:0x80009f84
       13885000	      1387	00000000	00000013	addi	x0,x0,0	  x0:0x00000000
       13895000	      1388	800016dc	00000013	addi	x0,x0,0	  x0:0x00000000
       13905000	      1389	800016e0	0165a733	slt	x14,x11,x22	 x11:0x80009f84 x22:0x691cb694 x14=0x00000001
       13915000	      1390	800016e4	715ae993	ori	x19,x21,1813	 x21:0xc0000a3e x19=0xc0000f3f
       13925000	      1391	800016e8	03c8cc63	blt	x17,x28,80001720	 x17:0x00000000 x28:0x00000001
       13935000	      1392	00000000	00000013	addi	x0,x0,0	  x0:0x00000000
       13945000	      1393	8000171c	00000013	addi	x0,x0,0	  x0:0x00000000
       13955000	      1394	80001720	0278ec63	bltu	x17,x7,80001758	 x17:0x00000000  x7:0xfffe0000
       13965000	      1395	00000000	00000013	addi	x0,x0,0	  x0:0x00000000
       13975000	      1396	80001754	00000013	addi	x0,x0,0	  x0:0x00000000
       13985000	      1397	80001758	016e1733	sll	x14,x28,x22	 x28:0x00000001 x22:0x691cb694 x14=0x00100000
       13995000	      1398	8000175c	014ea2b3	slt	x5,x29,x20	 x29:0xc3a47000 x20:0x00000001  x5=0x00000001
       14005000	      1399	80001760	00074e33	xor	x28,x14,x0	 x14:0x00100000  x0:0x00000000 x28=0x00100000
       14015000	      1400	80001764	018c3f33	sltu	x30,x24,x24	 x24:0x00000000 x24:0x00000000 x30=0x00000000
       14025000	      1401	80001768	a2b4f693	andi	x13,x9,-1493	  x9:0x00000000 x13=0x00000000
       14035000	      1402	8000176c	9d16a813	slti	x16,x13,-1583	 x13:0x00000000 x16=0x00000000
       14045000	      1403	80001770	0ad9a913	slti	x18,x19,173	 x19:0xc0000f3f x18=0x00000001
       14055000	      1404	80001774	00895e33	srl	x28,x18,x8	 x18:0x00000001  x8:0xcd9d968c x28=0x00000000
       14065000	      1405	80001778	ea2afd93	andi	x27,x21,-350	 x21:0xc0000a3e x27=0xc0000a22
       14075000	      1406	8000177c	00000013	addi	x0,x0,0	  x0:0x00000000
       14085000	      1407	80001780	56553693	sltiu	x13,x10,1381	 x10:0x4a8e13b5 x13=0x00000000
       14095000	      1408	80001784	0001deb3	srl	x29,x3,x0	  x3:0x00000001  x0:0x00000000 x29=0x00000001
       14105000	      1409	80001788	41dadcb3	sra	x25,x21,x29	 x21:0xc0000a3e x29:0x00000001 x25=0xe000051f
       14115000	      1410	8000178c	41678ab3	sub	x21,x15,x22	 x15:0xfffff9b8 x22:0x691cb694 x21=0x96e34324
       14125000	      1411	80001790	00888263	beq	x17,x8,80001794	 x17:0x00000000  x8:0xcd9d968c
       14135000	      1412	80001794	00d06733	or	x14,x0,x13	  x0:0x00000000 x13:0x00000000 x14=0x00000000
       14145000	      1413	80001798	ad84f993	andi	x19,x9,-1320	  x9:0x00000000 x19=0x00000000
       14155000	      1414	8000179c	02c58263	beq	x11,x12,800017c0	 x11:0x80009f84 x12:0x0000001f
       14165000	      1415	800017a0	40da0f33	sub	x30,x20,x13	 x20:0x00000001 x13:0x00000000 x30=0x00000001
       14175000	      1416	800017a4	004c5863	bge	x24,x4,800017b4	 x24:0x00000000  x4:0xfffe0000
       14185000	      1417	00000000	00000013	addi	x0,x0,0	  x0:0x00000000
       14195000	      1418	800017b0	00000013	addi	x0,x0,0	  x0:0x00000000
       14205000	      1419	800017b4	a8d8b937	lui	x18,0xa8d8b	 x18=0xa8d8b000
       14215000	      1420	800017b8	00000013	addi	x0,x0,0	  x0:0x00000000
       14225000	      1421	800017bc	7ae66193	ori	x3,x12,1966	 x12:0x0000001f  x3=0x000007bf
       14235000	      1422	800017c0	886d3913	sltiu	x18,x26,-1914	 x26:0xfffe0000 x18=0x00000001
       14245000	      1423	800017c4	002da133	slt	x2,x27,x2	 x27:0xc0000a22  x2:0x00000000  x2=0x00000001
       14255000	      1424	800017c8	01a36233	or	x4,x6,x26	  x6:0xfffe0000 x26:0xfffe0000  x4=0xfffe0000
       14265000	      1425	800017cc	01f65433	srl	x8,x12,x31	 x12:0x0000001f x31:0x80009fc4  x8=0x00000001
       14275000	      1426	800017d0	9178c317	auipc	x6,0x9178c	  x6=0x1178d7cc
       14285000	      1427	800017d4	41da5733	sra	x14,x20,x29	 x20:0x00000001 x29:0x00000001 x14=0x00000000
       14295000	      1428	800017d8	012e5133	srl	x2,x28,x18	 x28:0x00000000 x18:0x00000001  x2=0x00000000
       14305000	      1429	800017dc	39b0f393	andi	x7,x1,923	  x1:0x00000000  x7=0x00000000
       14315000	      1430	800017e0	404c5833	sra	x16,x24,x4	 x24:0x00000000  x4:0xfffe0000 x16=0x00000000
       14325000	      1431	800017e4	01228e63	beq	x5,x18,80001800	  x5:0x00000001 x18:0x00000001
       14335000	      1432	00000000	00000013	addi	x0,x0,0	  x0:0x00000000
       14345000	      1433	800017fc	00000013	addi	x0,x0,0	  x0:0x00000000
       14355000	      1434	80001800	0015c3b3	xor	x7,x11,x1	 x11:0x80009f84  x1:0x00000000  x7=0x80009f84
       14365000	      1435	80001804	00000517	auipc	x10,0x0	 x10=0x80001800
       14375000	      1436	80001808	00c50513	addi	x10,x10,12	 x10:0x80001800 x10=0x8000180c
       14385000	      1437	8000180c	00050067	jalr	x0,x10,0	 x10:0x8000180c
       14395000	      1438	00000000	00000013	addi	x0,x0,0	  x0:0x00000000
       14405000	      1439	8000180c	00000013	addi	x0,x0,0	  x0:0x00000000
       14415000	      1440	80001810	00100193	addi	x3,x0,1	  x0:0x00000000  x3=0x00000001
       14425000	      1441	80001814	00000073	ecall	
       14435000	      1442	80001818	002a7db3	and	x27,x20,x2	 x20:0x00000001  x2:0x00000000 x27=0x00000000
