		Time			Cycle	PC		Insn	Decoded instruction	Register and memory contents
          65000	         5	80000004	00000293	addi	x5,x0,0	  x0:0x00000000  x5=0x00000000
          75000	         6	80000008	00000313	addi	x6,x0,0	  x0:0x00000000  x6=0x00000000
          85000	         7	8000000c	00628263	beq	x5,x6,80000010	  x5:0x00000000  x6:0x00000000
          95000	         8	00000000	00000013	addi	x0,x0,0	  x0:0x00000000
         105000	         9	8000000c	00000013	addi	x0,x0,0	  x0:0x00000000
         115000	        10	80000010	00000b17	auipc	x22,0x0	 x22=0x8000000c
         125000	        11	80000014	00cb0b13	addi	x22,x22,12	 x22:0x8000000c x22=0x80000018
         135000	        12	80000018	000b0067	jalr	x0,x22,0	 x22:0x80000018
         145000	        13	00000000	00000013	addi	x0,x0,0	  x0:0x00000000
         155000	        14	80000018	00000013	addi	x0,x0,0	  x0:0x00000000
         165000	        15	8000001c	40000737	lui	x14,0x40000	 x14=0x40000000
         175000	        16	80000020	10070713	addi	x14,x14,256	 x14:0x40000000 x14=0x40000100
         185000	        17	80000024	00000013	addi	x0,x0,0	  x0:0x00000000
         195000	        18	80000028	0000a397	auipc	x7,0xa	  x7=0x8000a024
         205000	        19	8000002c	fa038393	addi	x7,x7,-96	  x7:0x8000a024  x7=0x80009fc4
         215000	        20	80000030	00002717	auipc	x14,0x2	 x14=0x8000202c
         225000	        21	80000034	e1870713	addi	x14,x14,-488	 x14:0x8000202c x14=0x80001e44
         235000	        22	80000038	00076713	ori	x14,x14,0	 x14:0x80001e44 x14=0x80001e44
         245000	        23	8000003c	00000013	addi	x0,x0,0	  x0:0x00000000
         255000	        24	80000040	00000717	auipc	x14,0x0	 x14=0x8000003c
         265000	        25	80000044	02070713	addi	x14,x14,32	 x14:0x8000003c x14=0x8000005c
         275000	        26	80000048	00000013	addi	x0,x0,0	  x0:0x00000000
         285000	        27	8000004c	00000013	addi	x0,x0,0	  x0:0x00000000
         295000	        28	80000050	00002737	lui	x14,0x2	 x14=0x00002000
         305000	        29	80000054	80070713	addi	x14,x14,-2048	 x14:0x00002000 x14=0x00001800
         315000	        30	80000058	00000013	addi	x0,x0,0	  x0:0x00000000
         325000	        31	8000005c	00000013	addi	x0,x0,0	  x0:0x00000000
         335000	        32	80000060	80000037	lui	x0,0x80000	
         345000	        33	80000064	00000013	addi	x0,x0,0	  x0:0x00000000
         355000	        34	80000068	f9a0c0b7	lui	x1,0xf9a0c	  x1=0xf9a0c000
         365000	        35	8000006c	8f408093	addi	x1,x1,-1804	  x1:0xf9a0c000  x1=0xf9a0b8f4
         375000	        36	80000070	d841b137	lui	x2,0xd841b	  x2=0xd841b000
         385000	        37	80000074	2dc10113	addi	x2,x2,732	  x2:0xd841b000  x2=0xd841b2dc
         395000	        38	80000078	800001b7	lui	x3,0x80000	  x3=0x80000000
         405000	        39	8000007c	00800213	addi	x4,x0,8	  x0:0x00000000  x4=0x00000008
         415000	        40	80000080	00000293	addi	x5,x0,0	  x0:0x00000000  x5=0x00000000
         425000	        41	80000084	f87c3337	lui	x6,0xf87c3	  x6=0xf87c3000
         435000	        42	80000088	c4c30313	addi	x6,x6,-948	  x6:0xf87c3000  x6=0xf87c2c4c
         445000	        43	8000008c	00000413	addi	x8,x0,0	  x0:0x00000000  x8=0x00000000
         455000	        44	80000090	f46a04b7	lui	x9,0xf46a0	  x9=0xf46a0000
         465000	        45	80000094	75348493	addi	x9,x9,1875	  x9:0xf46a0000  x9=0xf46a0753
         475000	        46	80000098	800005b7	lui	x11,0x80000	 x11=0x80000000
         485000	        47	8000009c	00000613	addi	x12,x0,0	  x0:0x00000000 x12=0x00000000
         495000	        48	800000a0	373136b7	lui	x13,0x37313	 x13=0x37313000
         505000	        49	800000a4	a3968693	addi	x13,x13,-1479	 x13:0x37313000 x13=0x37312a39
         515000	        50	800000a8	f828a737	lui	x14,0xf828a	 x14=0xf828a000
         525000	        51	800000ac	4ff70713	addi	x14,x14,1279	 x14:0xf828a000 x14=0xf828a4ff
         535000	        52	800000b0	f4def7b7	lui	x15,0xf4def	 x15=0xf4def000
         545000	        53	800000b4	f2278793	addi	x15,x15,-222	 x15:0xf4def000 x15=0xf4deef22
         555000	        54	800000b8	00800813	addi	x16,x0,8	  x0:0x00000000 x16=0x00000008
         565000	        55	800000bc	646668b7	lui	x17,0x64666	 x17=0x64666000
         575000	        56	800000c0	36d88893	addi	x17,x17,877	 x17:0x64666000 x17=0x6466636d
         585000	        57	800000c4	00000913	addi	x18,x0,0	  x0:0x00000000 x18=0x00000000
         595000	        58	800000c8	f92cf9b7	lui	x19,0xf92cf	 x19=0xf92cf000
         605000	        59	800000cc	a7998993	addi	x19,x19,-1415	 x19:0xf92cf000 x19=0xf92cea79
         615000	        60	800000d0	7d0bda37	lui	x20,0x7d0bd	 x20=0x7d0bd000
         625000	        61	800000d4	33fa0a13	addi	x20,x20,831	 x20:0x7d0bd000 x20=0x7d0bd33f
         635000	        62	800000d8	f3debab7	lui	x21,0xf3deb	 x21=0xf3deb000
         645000	        63	800000dc	473a8a93	addi	x21,x21,1139	 x21:0xf3deb000 x21=0xf3deb473
         655000	        64	800000e0	80000b37	lui	x22,0x80000	 x22=0x80000000
         665000	        65	800000e4	00000b93	addi	x23,x0,0	  x0:0x00000000 x23=0x00000000
         675000	        66	800000e8	00500c13	addi	x24,x0,5	  x0:0x00000000 x24=0x00000005
         685000	        67	800000ec	fc541cb7	lui	x25,0xfc541	 x25=0xfc541000
         695000	        68	800000f0	011c8c93	addi	x25,x25,17	 x25:0xfc541000 x25=0xfc541011
         705000	        69	800000f4	00000d13	addi	x26,x0,0	  x0:0x00000000 x26=0x00000000
         715000	        70	800000f8	fdfcddb7	lui	x27,0xfdfcd	 x27=0xfdfcd000
         725000	        71	800000fc	ff2d8d93	addi	x27,x27,-14	 x27:0xfdfcd000 x27=0xfdfccff2
         735000	        72	80000100	f731de37	lui	x28,0xf731d	 x28=0xf731d000
         745000	        73	80000104	370e0e13	addi	x28,x28,880	 x28:0xf731d000 x28=0xf731d370
         755000	        74	80000108	80000eb7	lui	x29,0x80000	 x29=0x80000000
         765000	        75	8000010c	00000f13	addi	x30,x0,0	  x0:0x00000000 x30=0x00000000
         775000	        76	80000110	80000fb7	lui	x31,0x80000	 x31=0x80000000
         785000	        77	80000114	0000a517	auipc	x10,0xa	 x10=0x8000a110
         795000	        78	80000118	e7450513	addi	x10,x10,-396	 x10:0x8000a110 x10=0x80009f84
         805000	        79	8000011c	00008a97	auipc	x21,0x8	 x21=0x80008118
         815000	        80	80000120	511a8a93	addi	x21,x21,1297	 x21:0x80008118 x21=0x80008629
         825000	        81	80000124	f73a84a3	sb	x19,-151(x21)	 x21:0x80008629 x19:0xf92cea79 PA:0x80008592
         835000	        82	80000128	d9cac103	lbu	x2,-612(x21)	 x21:0x80008629  x2=0x0000007e PA:0x800083c5
         845000	        83	8000012c	01ba91a3	sh	x27,3(x21)	 x21:0x80008629 x27:0xfdfccff2 PA:0x8000862c
         855000	        84	80000130	b27aa803	lw	x16,-1241(x21)	 x21:0x80008629 x16=0x08090a0b PA:0x80008150
         865000	        85	80000134	a32a88a3	sb	x18,-1487(x21)	 x21:0x80008629 x18:0x00000000 PA:0x8000805a
         875000	        86	80000138	00e0deb3	srl	x29,x1,x14	  x1:0xf9a0b8f4 x14:0xf828a4ff x29=0x00000001
         885000	        87	8000013c	a50a8803	lb	x16,-1456(x21)	 x21:0x80008629 x16=0x00000032 PA:0x80008079
         895000	        88	80000140	00435a33	srl	x20,x6,x4	  x6:0xf87c2c4c  x4:0x00000008 x20=0x00f87c2c
         905000	        89	80000144	21c87013	andi	x0,x16,540	 x16:0x00000032
         915000	        90	80000148	00f44333	xor	x6,x8,x15	  x8:0x00000000 x15:0xf4deef22  x6=0xf4deef22
         925000	        91	8000014c	a91a8723	sb	x17,-1394(x21)	 x21:0x80008629 x17:0x6466636d PA:0x800080b7
         935000	        92	80000150	83064293	xori	x5,x12,-2000	 x12:0x00000000  x5=0xfffff830
         945000	        93	80000154	bc6a8923	sb	x6,-1070(x21)	 x21:0x80008629  x6:0xf4deef22 PA:0x800081fb
         955000	        94	80000158	052ac683	lbu	x13,82(x21)	 x21:0x80008629 x13=0x00000030 PA:0x8000867b
         965000	        95	8000015c	9cb7e113	ori	x2,x15,-1589	 x15:0xf4deef22  x2=0xffffffeb
         975000	        96	80000160	013a65b3	or	x11,x20,x19	 x20:0x00f87c2c x19:0xf92cea79 x11=0xf9fcfe7d
         985000	        97	80000164	a8df7013	andi	x0,x30,-1395	 x30:0x00000000
         995000	        98	80000168	a76a8ea3	sb	x22,-1411(x21)	 x21:0x80008629 x22:0x80000000 PA:0x800080a6
        1005000	        99	8000016c	99b23137	lui	x2,0x99b23	  x2=0x99b23000
        1015000	       100	80000170	40f8d993	srai	x19,x17,0xf	 x17:0x6466636d x19=0x0000c8cc
        1025000	       101	80000174	0b6ac703	lbu	x14,182(x21)	 x21:0x80008629 x14=0x00000094 PA:0x800086df
        1035000	       102	80000178	d37ac283	lbu	x5,-713(x21)	 x21:0x80008629  x5=0x0000001b PA:0x80008360
        1045000	       103	8000017c	cbba8223	sb	x27,-860(x21)	 x21:0x80008629 x27:0xfdfccff2 PA:0x800082cd
        1055000	       104	80000180	008a1693	slli	x13,x20,0x8	 x20:0x00f87c2c x13=0xf87c2c00
        1065000	       105	80000184	ef4a8883	lb	x17,-268(x21)	 x21:0x80008629 x17=0xffffffd6 PA:0x8000851d
        1075000	       106	80000188	0c3a8523	sb	x3,202(x21)	 x21:0x80008629  x3:0x80000000 PA:0x800086f3
        1085000	       107	8000018c	00422cb3	slt	x25,x4,x4	  x4:0x00000008  x4:0x00000008 x25=0x00000000
        1095000	       108	80000190	f5caa1a3	sw	x28,-189(x21)	 x21:0x80008629 x28:0xf731d370 PA:0x8000856c
        1105000	       109	80000194	b98a8703	lb	x14,-1128(x21)	 x21:0x80008629 x14=0x0000007a PA:0x800081c1
        1115000	       110	80000198	cc48b313	sltiu	x6,x17,-828	 x17:0xffffffd6  x6=0x00000000
        1125000	       111	8000019c	40718133	sub	x2,x3,x7	  x3:0x80000000  x7:0x80009fc4  x2=0xffff603c
        1135000	       112	800001a0	172a8023	sb	x18,352(x21)	 x21:0x80008629 x18:0x00000000 PA:0x80008789
        1145000	       113	800001a4	0a8a8483	lb	x9,168(x21)	 x21:0x80008629  x9=0xffffff8a PA:0x800086d1
        1155000	       114	800001a8	41c2d793	srai	x15,x5,0x1c	  x5:0x0000001b x15=0x00000000
        1165000	       115	800001ac	00025793	srli	x15,x4,0x0	  x4:0x00000008 x15=0x00000008
        1175000	       116	800001b0	117a9083	lh	x1,279(x21)	 x21:0x80008629  x1=0xfffffafb PA:0x80008740
        1185000	       117	800001b4	d62ac483	lbu	x9,-670(x21)	 x21:0x80008629  x9=0x00000040 PA:0x8000838b
        1195000	       118	00000000	00000013	addi	x0,x0,0	  x0:0x00000000
        1205000	       119	800001b8	6e9e8713	addi	x14,x29,1769	 x29:0x00000001 x14=0x000006ea
        1215000	       120	800001bc	d98a8103	lb	x2,-616(x21)	 x21:0x80008629  x2=0x0000007a PA:0x800083c1
        1225000	       121	800001c0	01442c33	slt	x24,x8,x20	  x8:0x00000000 x20:0x00f87c2c x24=0x00000001
        1235000	       122	800001c4	409755b3	sra	x11,x14,x9	 x14:0x000006ea  x9:0x00000040 x11=0x000006ea
        1245000	       123	800001c8	00981c93	slli	x25,x16,0x9	 x16:0x00000032 x25=0x00006400
        1255000	       124	800001cc	cd040e93	addi	x29,x8,-816	  x8:0x00000000 x29=0xfffffcd0
        1265000	       125	800001d0	003a8c23	sb	x3,24(x21)	 x21:0x80008629  x3:0x80000000 PA:0x80008641
        1275000	       126	800001d4	07740913	addi	x18,x8,119	  x8:0x00000000 x18=0x00000077
        1285000	       127	800001d8	ebaa8023	sb	x26,-352(x21)	 x21:0x80008629 x26:0x00000000 PA:0x800084c9
        1295000	       128	800001dc	c08acf03	lbu	x30,-1016(x21)	 x21:0x80008629 x30=0x000000ea PA:0x80008231
        1305000	       129	800001e0	d38ac183	lbu	x3,-712(x21)	 x21:0x80008629  x3=0x0000001a PA:0x80008361
        1315000	       130	800001e4	0109b0b3	sltu	x1,x19,x16	 x19:0x0000c8cc x16:0x00000032  x1=0x00000000
        1325000	       131	800001e8	c72a8683	lb	x13,-910(x21)	 x21:0x80008629 x13=0x00000050 PA:0x8000829b
        1335000	       132	800001ec	da1ad603	lhu	x12,-607(x21)	 x21:0x80008629 x12=0x00008081 PA:0x800083ca
        1345000	       133	800001f0	c91a87a3	sb	x17,-881(x21)	 x21:0x80008629 x17:0xffffffd6 PA:0x800082b8
        1355000	       134	800001f4	b0ba8da3	sb	x11,-1253(x21)	 x21:0x80008629 x11:0x000006ea PA:0x80008144
        1365000	       135	800001f8	00008e97	auipc	x29,0x8	 x29=0x800081f4
        1375000	       136	800001fc	1f0e8e93	addi	x29,x29,496	 x29:0x800081f4 x29=0x800083e4
        1385000	       137	80000200	41758433	sub	x8,x11,x23	 x11:0x000006ea x23:0x00000000  x8=0x000006ea
        1395000	       138	80000204	00ead633	srl	x12,x21,x14	 x21:0x80008629 x14:0x000006ea x12=0x00200021
        1405000	       139	80000208	000e9583	lh	x11,0(x29)	 x29:0x800083e4 x11=0xffff9e9f PA:0x800083e4
        1415000	       140	8000020c	cb634293	xori	x5,x6,-842	  x6:0x00000000  x5=0xfffffcb6
        1425000	       141	80000210	014e86a3	sb	x20,13(x29)	 x29:0x800083e4 x20:0x00f87c2c PA:0x800083f1
        1435000	       142	80000214	2ff76493	ori	x9,x14,767	 x14:0x000006ea  x9=0x000006ff
        1445000	       143	80000218	75f1a413	slti	x8,x3,1887	  x3:0x0000001a  x8=0x00000001
        1455000	       144	8000021c	016922b3	slt	x5,x18,x22	 x18:0x00000077 x22:0x80000000  x5=0x00000000
        1465000	       145	80000220	014aef33	or	x30,x21,x20	 x21:0x80008629 x20:0x00f87c2c x30=0x80f8fe2d
        1475000	       146	80000224	ff5e8303	lb	x6,-11(x29)	 x29:0x800083e4  x6=0xffffff92 PA:0x800083d9
        1485000	       147	80000228	ff3e8783	lb	x15,-13(x29)	 x29:0x800083e4 x15=0xffffff8c PA:0x800083d7
        1495000	       148	8000022c	d35ce113	ori	x2,x25,-715	 x25:0x00006400  x2=0xfffffd35
        1505000	       149	80000230	01c5e733	or	x14,x11,x28	 x11:0xffff9e9f x28:0xf731d370 x14=0xffffdfff
        1515000	       150	80000234	01f574b3	and	x9,x10,x31	 x10:0x80009f84 x31:0x80000000  x9=0x80000000
        1525000	       151	80000238	010ed703	lhu	x14,16(x29)	 x29:0x800083e4 x14=0x0000aeaf PA:0x800083f4
        1535000	       152	8000023c	00a09593	slli	x11,x1,0xa	  x1:0x00000000 x11=0x00000000
        1545000	       153	80000240	b0d68313	addi	x6,x13,-1267	 x13:0x00000050  x6=0xfffffb5d
        1555000	       154	80000244	00fe9423	sh	x15,8(x29)	 x29:0x800083e4 x15:0xffffff8c PA:0x800083ec
        1565000	       155	80000248	000ec403	lbu	x8,0(x29)	 x29:0x800083e4  x8=0x0000009f PA:0x800083e4
        1575000	       156	8000024c	012e1db3	sll	x27,x28,x18	 x28:0xf731d370 x18:0x00000077 x27=0xb8000000
        1585000	       157	80000250	ff6e8d23	sb	x22,-6(x29)	 x29:0x800083e4 x22:0x80000000 PA:0x800083de
        1595000	       158	80000254	0156adb3	slt	x27,x13,x21	 x13:0x00000050 x21:0x80008629 x27=0x00000000
        1605000	       159	80000258	ff8e9f23	sh	x24,-2(x29)	 x29:0x800083e4 x24:0x00000001 PA:0x800083e2
        1615000	       160	8000025c	005e9623	sh	x5,12(x29)	 x29:0x800083e4  x5:0x00000000 PA:0x800083f0
        1625000	       161	80000260	013e9323	sh	x19,6(x29)	 x29:0x800083e4 x19:0x0000c8cc PA:0x800083ea
        1635000	       162	80000264	ffae9003	lh	x0,-6(x29)	 x29:0x800083e4 PA:0x800083de
        1645000	       163	80000268	007034b3	sltu	x9,x0,x7	  x0:0x00000000  x7:0x80009fc4  x9=0x00000001
        1655000	       164	8000026c	00de8703	lb	x14,13(x29)	 x29:0x800083e4 x14=0x00000000 PA:0x800083f1
        1665000	       165	80000270	00730933	add	x18,x6,x7	  x6:0xfffffb5d  x7:0x80009fc4 x18=0x80009b21
        1675000	       166	80000274	014e81a3	sb	x20,3(x29)	 x29:0x800083e4 x20:0x00f87c2c PA:0x800083e7
        1685000	       167	80000278	3c393593	sltiu	x11,x18,963	 x18:0x80009b21 x11=0x00000000
        1695000	       168	8000027c	002faf33	slt	x30,x31,x2	 x31:0x80000000  x2:0xfffffd35 x30=0x00000001
        1705000	       169	80000280	010d5133	srl	x2,x26,x16	 x26:0x00000000 x16:0x00000032  x2=0x00000000
        1715000	       170	80000284	e2aab593	sltiu	x11,x21,-470	 x21:0x80008629 x11=0x00000001
        1725000	       171	80000288	014e8223	sb	x20,4(x29)	 x29:0x800083e4 x20:0x00f87c2c PA:0x800083e8
        1735000	       172	8000028c	00b75a33	srl	x20,x14,x11	 x14:0x00000000 x11:0x00000001 x20=0x00000000
        1745000	       173	80000290	20c07797	auipc	x15,0x20c07	 x15=0xa0c0728c
        1755000	       174	80000294	00000013	addi	x0,x0,0	  x0:0x00000000
        1765000	       175	80000298	01c191b3	sll	x3,x3,x28	  x3:0x0000001a x28:0xf731d370  x3=0x001a0000
        1775000	       176	8000029c	011ea023	sw	x17,0(x29)	 x29:0x800083e4 x17:0xffffffd6 PA:0x800083e4
        1785000	       177	800002a0	d014e893	ori	x17,x9,-767	  x9:0x00000001 x17=0xfffffd01
        1795000	       178	800002a4	e6e7af13	slti	x30,x15,-402	 x15:0xa0c0728c x30=0x00000001
        1805000	       179	800002a8	006e81a3	sb	x6,3(x29)	 x29:0x800083e4  x6:0xfffffb5d PA:0x800083e7
        1815000	       180	800002ac	ff4ec103	lbu	x2,-12(x29)	 x29:0x800083e4  x2=0x00000093 PA:0x800083d8
        1825000	       181	00000000	00000013	addi	x0,x0,0	  x0:0x00000000
        1835000	       182	800002b0	17813093	sltiu	x1,x2,376	  x2:0x00000093  x1=0x00000001
        1845000	       183	800002b4	ff3ec283	lbu	x5,-13(x29)	 x29:0x800083e4  x5=0x0000008c PA:0x800083d7
        1855000	       184	800002b8	00008a97	auipc	x21,0x8	 x21=0x800082b4
        1865000	       185	800002bc	791a8a93	addi	x21,x21,1937	 x21:0x800082b4 x21=0x80008a45
        1875000	       186	800002c0	263a9fa3	sh	x3,639(x21)	 x21:0x80008a45  x3:0x001a0000 PA:0x80008cc4
        1885000	       187	800002c4	260aafa3	sw	x0,639(x21)	 x21:0x80008a45  x0:0x00000000 PA:0x80008cc4
        1895000	       188	800002c8	27faaf83	lw	x31,639(x21)	 x21:0x80008a45 x31=0x00000000 PA:0x80008cc4
        1905000	       189	00000000	00000013	addi	x0,x0,0	  x0:0x00000000
        1915000	       190	800002cc	27fad403	lhu	x8,639(x21)	 x21:0x80008a45  x8=0x00000000 PA:0x80008cc4
        1925000	       191	800002d0	26ea8fa3	sb	x14,639(x21)	 x21:0x80008a45 x14:0x00000000 PA:0x80008cc4
        1935000	       192	800002d4	19ba8c83	lb	x25,411(x21)	 x21:0x80008a45 x25=0xffffffcb PA:0x80008be0
        1945000	       193	800002d8	19ba9683	lh	x13,411(x21)	 x21:0x80008a45 x13=0xffffcacb PA:0x80008be0
        1955000	       194	800002dc	19ba9983	lh	x19,411(x21)	 x21:0x80008a45 x19=0xffffcacb PA:0x80008be0
        1965000	       195	800002e0	531a9f03	lh	x30,1329(x21)	 x21:0x80008a45 x30=0x00005c5d PA:0x80008f76
        1975000	       196	800002e4	531ac883	lbu	x17,1329(x21)	 x21:0x80008a45 x17=0x0000005d PA:0x80008f76
        1985000	       197	00000000	00000013	addi	x0,x0,0	  x0:0x00000000
        1995000	       198	800002e8	531a9d03	lh	x26,1329(x21)	 x21:0x80008a45 x26=0x00005c5d PA:0x80008f76
        2005000	       199	800002ec	1f978c93	addi	x25,x15,505	 x15:0xa0c0728c x25=0xa0c07485
        2015000	       200	800002f0	531a8e03	lb	x28,1329(x21)	 x21:0x80008a45 x28=0x0000005d PA:0x80008f76
        2025000	       201	800002f4	531ad783	lhu	x15,1329(x21)	 x21:0x80008a45 x15=0x00005c5d PA:0x80008f76
        2035000	       202	800002f8	531a8483	lb	x9,1329(x21)	 x21:0x80008a45  x9=0x0000005d PA:0x80008f76
        2045000	       203	800002fc	54ca8983	lb	x19,1356(x21)	 x21:0x80008a45 x19=0x0000007a PA:0x80008f91
        2055000	       204	80000300	54fa8623	sb	x15,1356(x21)	 x21:0x80008a45 x15:0x00005c5d PA:0x80008f91
        2065000	       205	80000304	54cac903	lbu	x18,1356(x21)	 x21:0x80008a45 x18=0x0000005d PA:0x80008f91
        2075000	       206	80000308	54cac003	lbu	x0,1356(x21)	 x21:0x80008a45 PA:0x80008f91
        2085000	       207	8000030c	00008417	auipc	x8,0x8	  x8=0x80008308
        2095000	       208	80000310	22440413	addi	x8,x8,548	  x8:0x80008308  x8=0x8000852c
        2105000	       209	80000314	ff640ba3	sb	x22,-9(x8)	  x8:0x8000852c x22:0x80000000 PA:0x80008523
        2115000	       210	80000318	fef40ba3	sb	x15,-9(x8)	  x8:0x8000852c x15:0x00005c5d PA:0x80008523
        2125000	       211	8000031c	ff740d03	lb	x26,-9(x8)	  x8:0x8000852c x26=0x0000005d PA:0x80008523
        2135000	       212	80000320	ff744e83	lbu	x29,-9(x8)	  x8:0x8000852c x29=0x0000005d PA:0x80008523
        2145000	       213	80000324	835be893	ori	x17,x23,-1995	 x23:0x00000000 x17=0xfffff835
        2155000	       214	80000328	02842823	sw	x8,48(x8)	  x8:0x8000852c  x8:0x8000852c PA:0x8000855c
        2165000	       215	8000032c	0b740c83	lb	x25,183(x8)	  x8:0x8000852c x25=0xffffff98 PA:0x800085e3
        2175000	       216	80000330	0ac40ba3	sb	x12,183(x8)	  x8:0x8000852c x12:0x00200021 PA:0x800085e3
        2185000	       217	80000334	0a740ba3	sb	x7,183(x8)	  x8:0x8000852c  x7:0x80009fc4 PA:0x800085e3
        2195000	       218	80000338	0b744d03	lbu	x26,183(x8)	  x8:0x8000852c x26=0x000000c4 PA:0x800085e3
        2205000	       219	8000033c	0b740083	lb	x1,183(x8)	  x8:0x8000852c  x1=0xffffffc4 PA:0x800085e3
        2215000	       220	80000340	0bf41e23	sh	x31,188(x8)	  x8:0x8000852c x31:0x00000000 PA:0x800085e8
        2225000	       221	80000344	00849033	sll	x0,x9,x8	  x9:0x0000005d  x8:0x8000852c
        2235000	       222	80000348	f1040b83	lb	x23,-240(x8)	  x8:0x8000852c x23=0xfffffff7 PA:0x8000843c
        2245000	       223	8000034c	00195933	srl	x18,x18,x1	 x18:0x0000005d  x1:0xffffffc4 x18=0x00000005
        2255000	       224	80000350	f1042c83	lw	x25,-240(x8)	  x8:0x8000852c x25=0xf4f5f6f7 PA:0x8000843c
        2265000	       225	80000354	00008117	auipc	x2,0x8	  x2=0x80008350
        2275000	       226	80000358	1f610113	addi	x2,x2,502	  x2:0x80008350  x2=0x80008546
        2285000	       227	8000035c	0cc11203	lh	x4,204(x2)	  x2:0x80008546  x4=0xffffc8c9 PA:0x80008612
        2295000	       228	80000360	ff910aa3	sb	x25,-11(x2)	  x2:0x80008546 x25:0xf4f5f6f7 PA:0x8000853b
        2305000	       229	80000364	0f912323	sw	x25,230(x2)	  x2:0x80008546 x25:0xf4f5f6f7 PA:0x8000862c
        2315000	       230	80000368	01388233	add	x4,x17,x19	 x17:0xfffff835 x19:0x0000007a  x4=0xfffff8af
        2325000	       231	8000036c	0e611f03	lh	x30,230(x2)	  x2:0x80008546 x30=0xfffff6f7 PA:0x8000862c
        2335000	       232	80000370	00c11a23	sh	x12,20(x2)	  x2:0x80008546 x12:0x00200021 PA:0x8000855a
        2345000	       233	80000374	7bec39b7	lui	x19,0x7bec3	 x19=0x7bec3000
        2355000	       234	80000378	f8212d83	lw	x27,-126(x2)	  x2:0x80008546 x27=0x80810083 PA:0x800084c8
        2365000	       235	8000037c	40eb8cb3	sub	x25,x23,x14	 x23:0xfffffff7 x14:0x00000000 x25=0xfffffff7
        2375000	       236	80000380	f8215183	lhu	x3,-126(x2)	  x2:0x80008546  x3=0x00000083 PA:0x800084c8
        2385000	       237	80000384	08074093	xori	x1,x14,128	 x14:0x00000000  x1=0x00000080
        2395000	       238	80000388	f8211f03	lh	x30,-126(x2)	  x2:0x80008546 x30=0x00000083 PA:0x800084c8
        2405000	       239	8000038c	09b14403	lbu	x8,155(x2)	  x2:0x80008546  x8=0x0000009a PA:0x800085e1
        2415000	       240	80000390	5001ba13	sltiu	x20,x3,1280	  x3:0x00000083 x20=0x00000001
        2425000	       241	80000394	09b10083	lb	x1,155(x2)	  x2:0x80008546  x1=0xffffff9a PA:0x800085e1
        2435000	       242	00000000	00000013	addi	x0,x0,0	  x0:0x00000000
        2445000	       243	80000398	00009697	auipc	x13,0x9	 x13=0x80009394
        2455000	       244	8000039c	ab668693	addi	x13,x13,-1354	 x13:0x80009394 x13=0x80008e4a
        2465000	       245	800003a0	00009797	auipc	x15,0x9	 x15=0x8000939c
        2475000	       246	800003a4	86f78793	addi	x15,x15,-1937	 x15:0x8000939c x15=0x80008c0b
        2485000	       247	800003a8	fc379aa3	sh	x3,-43(x15)	 x15:0x80008c0b  x3:0x00000083 PA:0x80008be0
        2495000	       248	800003ac	00009d17	auipc	x26,0x9	 x26=0x800093a8
        2505000	       249	800003b0	beed0d13	addi	x26,x26,-1042	 x26:0x800093a8 x26=0x80008f96
        2515000	       250	800003b4	0696c903	lbu	x18,105(x13)	 x13:0x80008e4a x18=0x00000098 PA:0x80008eb3
        2525000	       251	800003b8	09469183	lh	x3,148(x13)	 x13:0x80008e4a  x3=0xffffc4c5 PA:0x80008ede
        2535000	       252	800003bc	ff878083	lb	x1,-8(x15)	 x15:0x80008c0b  x1=0xffffffe8 PA:0x80008c03
        2545000	       253	800003c0	009d4283	lbu	x5,9(x26)	 x26:0x80008f96  x5=0x00000084 PA:0x80008f9f
        2555000	       254	800003c4	00ad1983	lh	x19,10(x26)	 x26:0x80008f96 x19=0xffff8a8b PA:0x80008fa0
        2565000	       255	800003c8	0ca6ca83	lbu	x21,202(x13)	 x13:0x80008e4a x21=0x000000ff PA:0x80008f14
        2575000	       256	800003cc	fe56c203	lbu	x4,-27(x13)	 x13:0x80008e4a  x4=0x00000014 PA:0x80008e2f
        2585000	       257	800003d0	fec7c883	lbu	x17,-20(x15)	 x15:0x80008c0b x17=0x000000dc PA:0x80008bf7
        2595000	       258	800003d4	fe06cb83	lbu	x23,-32(x13)	 x13:0x80008e4a x23=0x00000011 PA:0x80008e2a
        2605000	       259	800003d8	02379603	lh	x12,35(x15)	 x15:0x80008c0b x12=0x00001415 PA:0x80008c2e
        2615000	       260	800003dc	ffdd2d23	sw	x29,-6(x26)	 x26:0x80008f96 x29:0x0000005d PA:0x80008f90
        2625000	       261	800003e0	002d1823	sh	x2,16(x26)	 x26:0x80008f96  x2:0x80008546 PA:0x80008fa6
        2635000	       262	800003e4	ff478a03	lb	x20,-12(x15)	 x15:0x80008c0b x20=0xffffffe4 PA:0x80008bff
        2645000	       263	800003e8	0b16c903	lbu	x18,177(x13)	 x13:0x80008e4a x18=0x000000e0 PA:0x80008efb
        2655000	       264	800003ec	04e6d883	lhu	x17,78(x13)	 x13:0x80008e4a x17=0x00008283 PA:0x80008e98
        2665000	       265	800003f0	02478623	sb	x4,44(x15)	 x15:0x80008c0b  x4:0x00000014 PA:0x80008c37
        2675000	       266	800003f4	0327c903	lbu	x18,50(x15)	 x15:0x80008c0b x18=0x00000026 PA:0x80008c3d
        2685000	       267	800003f8	04f68aa3	sb	x15,85(x13)	 x13:0x80008e4a x15:0x80008c0b PA:0x80008e9f
        2695000	       268	800003fc	fee7c803	lbu	x16,-18(x15)	 x15:0x80008c0b x16=0x000000e2 PA:0x80008bf9
        2705000	       269	80000400	00bd0d83	lb	x27,11(x26)	 x26:0x80008f96 x27=0xffffff8a PA:0x80008fa1
        2715000	       270	80000404	00008297	auipc	x5,0x8	  x5=0x80008400
        2725000	       271	80000408	6c828293	addi	x5,x5,1736	  x5:0x80008400  x5=0x80008ac8
        2735000	       272	8000040c	00009d97	auipc	x27,0x9	 x27=0x80009408
        2745000	       273	80000410	884d8d93	addi	x27,x27,-1916	 x27:0x80009408 x27=0x80008c8c
        2755000	       274	80000414	00008a97	auipc	x21,0x8	 x21=0x80008410
        2765000	       275	80000418	5bca8a93	addi	x21,x21,1468	 x21:0x80008410 x21=0x800089cc
        2775000	       276	8000041c	f532c703	lbu	x14,-173(x5)	  x5:0x80008ac8 x14=0x00000000 PA:0x80008a1b
        2785000	       277	80000420	f37ace83	lbu	x29,-201(x21)	 x21:0x800089cc x29=0x000000e8 PA:0x80008903
        2795000	       278	80000424	002d83a3	sb	x2,7(x27)	 x27:0x80008c8c  x2:0x80008546 PA:0x80008c93
        2805000	       279	80000428	00008597	auipc	x11,0x8	 x11=0x80008424
        2815000	       280	8000042c	51058593	addi	x11,x11,1296	 x11:0x80008424 x11=0x80008934
        2825000	       281	80000430	01dd87a3	sb	x29,15(x27)	 x27:0x80008c8c x29:0x000000e8 PA:0x80008c9b
        2835000	       282	80000434	02aa8ca3	sb	x10,57(x21)	 x21:0x800089cc x10:0x80009f84 PA:0x80008a05
        2845000	       283	80000438	ff7d8f83	lb	x31,-9(x27)	 x27:0x80008c8c x31=0x00000068 PA:0x80008c83
        2855000	       284	8000043c	62f5cf83	lbu	x31,1583(x11)	 x11:0x80008934 x31=0x00000048 PA:0x80008f63
        2865000	       285	80000440	1d958ba3	sb	x25,471(x11)	 x11:0x80008934 x25:0xfffffff7 PA:0x80008b0b
        2875000	       286	80000444	f7e29303	lh	x6,-130(x5)	  x5:0x80008ac8  x6=0x00002c2d PA:0x80008a46
        2885000	       287	80000448	00008997	auipc	x19,0x8	 x19=0x80008444
        2895000	       288	8000044c	5fc98993	addi	x19,x19,1532	 x19:0x80008444 x19=0x80008a40
        2905000	       289	80000450	f8728f83	lb	x31,-121(x5)	  x5:0x80008ac8 x31=0x00000034 PA:0x80008a4f
        2915000	       290	80000454	02328ea3	sb	x3,61(x5)	  x5:0x80008ac8  x3:0xffffc4c5 PA:0x80008b05
        2925000	       291	80000458	fc2982a3	sb	x2,-59(x19)	 x19:0x80008a40  x2:0x80008546 PA:0x80008a05
        2935000	       292	8000045c	fecdae23	sw	x12,-4(x27)	 x27:0x80008c8c x12:0x00001415 PA:0x80008c88
        2945000	       293	80000460	ffea8703	lb	x14,-2(x21)	 x21:0x800089cc x14=0xffffffb1 PA:0x800089ca
        2955000	       294	80000464	fb329e23	sh	x19,-68(x5)	  x5:0x80008ac8 x19:0x80008a40 PA:0x80008a84
        2965000	       295	80000468	f1629a03	lh	x20,-234(x5)	  x5:0x80008ac8 x20=0xffffc4c5 PA:0x800089de
        2975000	       296	8000046c	1f35c803	lbu	x16,499(x11)	 x11:0x80008934 x16=0x0000000c PA:0x80008b27
        2985000	       297	80000470	013d9423	sh	x19,8(x27)	 x27:0x80008c8c x19:0x80008a40 PA:0x80008c94
        2995000	       298	80000474	feed8a23	sb	x14,-12(x27)	 x27:0x80008c8c x14:0xffffffb1 PA:0x80008c80
        3005000	       299	80000478	02e2dd03	lhu	x26,46(x5)	  x5:0x80008ac8 x26=0x0000dcdd PA:0x80008af6
        3015000	       300	8000047c	0949d083	lhu	x1,148(x19)	 x19:0x80008a40  x1=0x0000bebf PA:0x80008ad4
        3025000	       301	80000480	0662cc03	lbu	x24,102(x5)	  x5:0x80008ac8 x24=0x00000015 PA:0x80008b2e
        3035000	       302	80000484	f7eac183	lbu	x3,-130(x21)	 x21:0x800089cc  x3=0x00000031 PA:0x8000894a
        3045000	       303	80000488	016d85a3	sb	x22,11(x27)	 x27:0x80008c8c x22:0x80000000 PA:0x80008c97
        3055000	       304	8000048c	f3899923	sh	x24,-206(x19)	 x19:0x80008a40 x24:0x00000015 PA:0x80008972
        3065000	       305	80000490	3cc58003	lb	x0,972(x11)	 x11:0x80008934 PA:0x80008d00
        3075000	       306	80000494	083981a3	sb	x3,131(x19)	 x19:0x80008a40  x3:0x00000031 PA:0x80008ac3
        3085000	       307	80000498	fbb5cb83	lbu	x23,-69(x11)	 x11:0x80008934 x23=0x000000d4 PA:0x800088ef
        3095000	       308	8000049c	3b8583a3	sb	x24,935(x11)	 x11:0x80008934 x24:0x00000015 PA:0x80008cdb
        3105000	       309	800004a0	07ea8523	sb	x30,106(x21)	 x21:0x800089cc x30:0x00000083 PA:0x80008a36
        3115000	       310	800004a4	009d8003	lb	x0,9(x27)	 x27:0x80008c8c PA:0x80008c95
        3125000	       311	800004a8	fcb98ba3	sb	x11,-41(x19)	 x19:0x80008a40 x11:0x80008934 PA:0x80008a17
        3135000	       312	800004ac	0602d683	lhu	x13,96(x5)	  x5:0x80008ac8 x13=0x00001213 PA:0x80008b28
        3145000	       313	800004b0	1c659303	lh	x6,454(x11)	 x11:0x80008934  x6=0xffffe0e1 PA:0x80008afa
        3155000	       314	800004b4	fadace03	lbu	x28,-83(x21)	 x21:0x800089cc x28=0x00000062 PA:0x80008979
        3165000	       315	800004b8	129586a3	sb	x9,301(x11)	 x11:0x80008934  x9:0x0000005d PA:0x80008a61
        3175000	       316	800004bc	f5b9c403	lbu	x8,-165(x19)	 x19:0x80008a40  x8=0x00000080 PA:0x8000899b
        3185000	       317	800004c0	f62a8c03	lb	x24,-158(x21)	 x21:0x800089cc x24=0x00000015 PA:0x8000892e
        3195000	       318	800004c4	00ed8083	lb	x1,14(x27)	 x27:0x80008c8c  x1=0xffffff81 PA:0x80008c9a
        3205000	       319	800004c8	5d458e23	sb	x20,1500(x11)	 x11:0x80008934 x20:0xffffc4c5 PA:0x80008f10
        3215000	       320	800004cc	5a85ad03	lw	x26,1448(x11)	 x11:0x80008934 x26=0xc4c5c6c7 PA:0x80008edc
        3225000	       321	800004d0	0912ce03	lbu	x28,145(x5)	  x5:0x80008ac8 x28=0x00000042 PA:0x80008b59
        3235000	       322	800004d4	ff0dc703	lbu	x14,-16(x27)	 x27:0x80008c8c x14=0x00000067 PA:0x80008c7c
        3245000	       323	800004d8	0209c883	lbu	x17,32(x19)	 x19:0x80008a40 x17=0x0000004b PA:0x80008a60
        3255000	       324	800004dc	033acc83	lbu	x25,51(x21)	 x21:0x800089cc x25=0x000000e4 PA:0x800089ff
        3265000	       325	800004e0	00008117	auipc	x2,0x8	  x2=0x800084dc
        3275000	       326	800004e4	f2b10113	addi	x2,x2,-213	  x2:0x800084dc  x2=0x80008407
        3285000	       327	800004e8	06714d03	lbu	x26,103(x2)	  x2:0x80008407 x26=0x00000025 PA:0x8000846e
        3295000	       328	800004ec	f6410d23	sb	x4,-134(x2)	  x2:0x80008407  x4:0x00000014 PA:0x80008381
        3305000	       329	800004f0	009eebb3	or	x23,x29,x9	 x29:0x000000e8  x9:0x0000005d x23=0x000000fd
        3315000	       330	800004f4	41eb80b3	sub	x1,x23,x30	 x23:0x000000fd x30:0x00000083  x1=0x0000007a
        3325000	       331	800004f8	001db0b3	sltu	x1,x27,x1	 x27:0x80008c8c  x1:0x0000007a  x1=0x00000000
        3335000	       332	800004fc	007bd293	srli	x5,x23,0x7	 x23:0x000000fd  x5=0x00000001
        3345000	       333	80000500	05c10883	lb	x17,92(x2)	  x2:0x80008407 x17=0x00000018 PA:0x80008463
        3355000	       334	80000504	cff10893	addi	x17,x2,-769	  x2:0x80008407 x17=0x80008106
        3365000	       335	80000508	ffb104a3	sb	x27,-23(x2)	  x2:0x80008407 x27:0x80008c8c PA:0x800083f0
        3375000	       336	8000050c	f5814e83	lbu	x29,-168(x2)	  x2:0x80008407 x29=0x00000014 PA:0x8000835f
        3385000	       337	80000510	41725a13	srai	x20,x4,0x17	  x4:0x00000014 x20=0x00000000
        3395000	       338	80000514	fec11ca3	sh	x12,-7(x2)	  x2:0x80008407 x12:0x00001415 PA:0x80008400
        3405000	       339	80000518	f28114a3	sh	x8,-215(x2)	  x2:0x80008407  x8:0x00000080 PA:0x80008330
        3415000	       340	8000051c	0169d9b3	srl	x19,x19,x22	 x19:0x80008a40 x22:0x80000000 x19=0x80008a40
        3425000	       341	80000520	41d1d813	srai	x16,x3,0x1d	  x3:0x00000031 x16=0x00000000
        3435000	       342	80000524	f6a10583	lb	x11,-150(x2)	  x2:0x80008407 x11=0x0000002a PA:0x80008371
        3445000	       343	80000528	f5311983	lh	x19,-173(x2)	  x2:0x80008407 x19=0x00001011 PA:0x8000835a
        3455000	       344	8000052c	02e10303	lb	x6,46(x2)	  x2:0x80008407  x6=0xffffffee PA:0x80008435
        3465000	       345	80000530	0b512883	lw	x17,181(x2)	  x2:0x80008407 x17=0x74757677 PA:0x800084bc
        3475000	       346	80000534	09810ea3	sb	x24,157(x2)	  x2:0x80008407 x24:0x00000015 PA:0x800084a4
        3485000	       347	80000538	00010783	lb	x15,0(x2)	  x2:0x80008407 x15=0xffffffbc PA:0x80008407
        3495000	       348	8000053c	fa214d03	lbu	x26,-94(x2)	  x2:0x80008407 x26=0x00000062 PA:0x800083a9
        3505000	       349	80000540	fd810b23	sb	x24,-42(x2)	  x2:0x80008407 x24:0x00000015 PA:0x800083dd
        3515000	       350	80000544	00e11da3	sh	x14,27(x2)	  x2:0x80008407 x14:0x00000067 PA:0x80008422
        3525000	       351	80000548	08910c23	sb	x9,152(x2)	  x2:0x80008407  x9:0x0000005d PA:0x8000849f
        3535000	       352	8000054c	0ee10703	lb	x14,238(x2)	  x2:0x80008407 x14=0xffffffae PA:0x800084f5
        3545000	       353	80000550	f8210c23	sb	x2,-104(x2)	  x2:0x80008407  x2:0x80008407 PA:0x8000839f
        3555000	       354	80000554	f7715d83	lhu	x27,-137(x2)	  x2:0x80008407 x27=0x00003435 PA:0x8000837e
        3565000	       355	80000558	f90117a3	sh	x16,-113(x2)	  x2:0x80008407 x16:0x00000000 PA:0x80008396
        3575000	       356	8000055c	0fd15c03	lhu	x24,253(x2)	  x2:0x80008407 x24=0x0000bebf PA:0x80008504
        3585000	       357	80000560	0ec14903	lbu	x18,236(x2)	  x2:0x80008407 x18=0x000000a8 PA:0x800084f3
        3595000	       358	80000564	ef668a97	auipc	x21,0xef668	 x21=0x6f668560
        3605000	       359	80000568	f0814d83	lbu	x27,-248(x2)	  x2:0x80008407 x27=0x000000c4 PA:0x8000830f
        3615000	       360	8000056c	09714e83	lbu	x29,151(x2)	  x2:0x80008407 x29=0x00000055 PA:0x8000849e
        3625000	       361	80000570	06e10c23	sb	x14,120(x2)	  x2:0x80008407 x14:0xffffffae PA:0x8000847f
        3635000	       362	80000574	001e2833	slt	x16,x28,x1	 x28:0x00000042  x1:0x00000000 x16=0x00000000
        3645000	       363	80000578	8874ae13	slti	x28,x9,-1913	  x9:0x0000005d x28=0x00000000
        3655000	       364	8000057c	fca101a3	sb	x10,-61(x2)	  x2:0x80008407 x10:0x80009f84 PA:0x800083ca
        3665000	       365	80000580	00008c17	auipc	x24,0x8	 x24=0x8000857c
        3675000	       366	80000584	b70c0c13	addi	x24,x24,-1168	 x24:0x8000857c x24=0x800080ec
        3685000	       367	80000588	00008417	auipc	x8,0x8	  x8=0x80008584
        3695000	       368	8000058c	1a640413	addi	x8,x8,422	  x8:0x80008584  x8=0x8000872a
        3705000	       369	80000590	00008e17	auipc	x28,0x8	 x28=0x8000858c
        3715000	       370	80000594	d1ae0e13	addi	x28,x28,-742	 x28:0x8000858c x28=0x800082a6
        3725000	       371	80000598	e72e1f83	lh	x31,-398(x28)	 x28:0x800082a6 x31=0xffffd2d3 PA:0x80008118
        3735000	       372	8000059c	e0840ba3	sb	x8,-489(x8)	  x8:0x8000872a  x8:0x8000872a PA:0x80008541
        3745000	       373	800005a0	09fe4603	lbu	x12,159(x28)	 x28:0x800082a6 x12=0x000000fe PA:0x80008345
        3755000	       374	800005a4	0bd40303	lb	x6,189(x8)	  x8:0x8000872a  x6=0xffffff9c PA:0x800087e7
        3765000	       375	800005a8	0fdc4a83	lbu	x21,253(x24)	 x24:0x800080ec x21=0x000000a2 PA:0x800081e9
        3775000	       376	800005ac	04741623	sh	x7,76(x8)	  x8:0x8000872a  x7:0x80009fc4 PA:0x80008776
        3785000	       377	800005b0	24ee1223	sh	x14,580(x28)	 x28:0x800082a6 x14:0xffffffae PA:0x800084ea
        3795000	       378	800005b4	184c1823	sh	x4,400(x24)	 x24:0x800080ec  x4:0x00000014 PA:0x8000827c
        3805000	       379	800005b8	259e4003	lbu	x0,601(x28)	 x28:0x800082a6 PA:0x800084ff
        3815000	       380	800005bc	e5a40183	lb	x3,-422(x8)	  x8:0x8000872a  x3=0x0000003f PA:0x80008584
        3825000	       381	800005c0	c5c44483	lbu	x9,-932(x8)	  x8:0x8000872a  x9=0x0000003d PA:0x80008386
        3835000	       382	800005c4	4c3e4b83	lbu	x23,1219(x28)	 x28:0x800082a6 x23=0x00000022 PA:0x80008769
        3845000	       383	800005c8	bf540003	lb	x0,-1035(x8)	  x8:0x8000872a PA:0x8000831f
        3855000	       384	800005cc	3acc5483	lhu	x9,940(x24)	 x24:0x800080ec  x9=0x00005253 PA:0x80008498
        3865000	       385	800005d0	394e05a3	sb	x20,907(x28)	 x28:0x800082a6 x20:0x00000000 PA:0x80008631
        3875000	       386	800005d4	0ebc0423	sb	x11,232(x24)	 x24:0x800080ec x11:0x0000002a PA:0x800081d4
        3885000	       387	800005d8	184c0ca3	sb	x4,409(x24)	 x24:0x800080ec  x4:0x00000014 PA:0x80008285
        3895000	       388	800005dc	4a4c2483	lw	x9,1188(x24)	 x24:0x800080ec  x9=0x48794a4b PA:0x80008590
        3905000	       389	800005e0	f0ee0d83	lb	x27,-242(x28)	 x28:0x800082a6 x27=0x0000006f PA:0x800081b4
        3915000	       390	800005e4	e70e0583	lb	x11,-400(x28)	 x28:0x800082a6 x11=0xffffffcd PA:0x80008116
        3925000	       391	800005e8	ce640023	sb	x6,-800(x8)	  x8:0x8000872a  x6:0xffffff9c PA:0x8000840a
        3935000	       392	800005ec	476c5583	lhu	x11,1142(x24)	 x24:0x800080ec x11=0x00001819 PA:0x80008562
        3945000	       393	800005f0	1d3e4803	lbu	x16,467(x28)	 x28:0x800082a6 x16=0x00000032 PA:0x80008479
        3955000	       394	800005f4	f5c40903	lb	x18,-164(x8)	  x8:0x8000872a x18=0x0000003d PA:0x80008686
        3965000	       395	800005f8	e1642d83	lw	x27,-490(x8)	  x8:0x8000872a x27=0xf8f92afb PA:0x80008540
        3975000	       396	800005fc	dd440923	sb	x20,-558(x8)	  x8:0x8000872a x20:0x00000000 PA:0x800084fc
        3985000	       397	80000600	366c4483	lbu	x9,870(x24)	 x24:0x800080ec  x9=0x00000009 PA:0x80008452
        3995000	       398	80000604	f5fe08a3	sb	x31,-175(x28)	 x28:0x800082a6 x31:0xffffd2d3 PA:0x800081f7
        4005000	       399	80000608	00008717	auipc	x14,0x8	 x14=0x80008604
        4015000	       400	8000060c	fcd70713	addi	x14,x14,-51	 x14:0x80008604 x14=0x800085d1
        4025000	       401	80000610	00008117	auipc	x2,0x8	  x2=0x8000860c
        4035000	       402	80000614	e9410113	addi	x2,x2,-364	  x2:0x8000860c  x2=0x800084a0
        4045000	       403	80000618	00008f97	auipc	x31,0x8	 x31=0x80008614
        4055000	       404	8000061c	c32f8f93	addi	x31,x31,-974	 x31:0x80008614 x31=0x80008246
        4065000	       405	80000620	f5e74e83	lbu	x29,-162(x14)	 x14:0x800085d1 x29=0x000000e4 PA:0x8000852f
        4075000	       406	80000624	f34f8323	sb	x20,-218(x31)	 x31:0x80008246 x20:0x00000000 PA:0x8000816c
        4085000	       407	80000628	cd671ea3	sh	x22,-803(x14)	 x14:0x800085d1 x22:0x80000000 PA:0x800082ae
        4095000	       408	8000062c	0a2f8783	lb	x15,162(x31)	 x31:0x80008246 x15=0xffffffa3 PA:0x800082e8
        4105000	       409	80000630	dfe71ea3	sh	x30,-515(x14)	 x14:0x800085d1 x30:0x00000083 PA:0x800083ce
        4115000	       410	80000634	fc810da3	sb	x8,-37(x2)	  x2:0x800084a0  x8:0x8000872a PA:0x8000847b
        4125000	       411	80000638	fbd71b83	lh	x23,-67(x14)	 x14:0x800085d1 x23=0x00004445 PA:0x8000858e
        4135000	       412	8000063c	f59f8283	lb	x5,-167(x31)	 x31:0x80008246  x5=0x00000054 PA:0x8000819f
        4145000	       413	80000640	fb414a03	lbu	x20,-76(x2)	  x2:0x800084a0 x20=0x0000000f PA:0x80008454
        4155000	       414	80000644	f0f75f03	lhu	x30,-241(x14)	 x14:0x800085d1 x30=0x00009a9b PA:0x800084e0
        4165000	       415	80000648	e07719a3	sh	x7,-493(x14)	 x14:0x800085d1  x7:0x80009fc4 PA:0x800083e4
        4175000	       416	8000064c	f27f8303	lb	x6,-217(x31)	 x31:0x80008246  x6=0x00000026 PA:0x8000816d
        4185000	       417	80000650	f28fc283	lbu	x5,-216(x31)	 x31:0x80008246  x5=0x00000025 PA:0x8000816e
        4195000	       418	80000654	01b14803	lbu	x16,27(x2)	  x2:0x800084a0 x16=0x00000070 PA:0x800084bb
        4205000	       419	80000658	f76fa323	sw	x22,-154(x31)	 x31:0x80008246 x22:0x80000000 PA:0x800081ac
        4215000	       420	8000065c	f5311423	sh	x19,-184(x2)	  x2:0x800084a0 x19:0x00001011 PA:0x800083e8
        4225000	       421	80000660	ad970f23	sb	x25,-1314(x14)	 x14:0x800085d1 x25:0x000000e4 PA:0x800080af
        4235000	       422	80000664	f6410e03	lb	x28,-156(x2)	  x2:0x800084a0 x28=0xffffffbf PA:0x80008404
        4245000	       423	80000668	fac15d83	lhu	x27,-84(x2)	  x2:0x800084a0 x27=0x00000607 PA:0x8000844c
        4255000	       424	8000066c	fc7fcf03	lbu	x30,-57(x31)	 x31:0x80008246 x30=0x000000c6 PA:0x8000820d
        4265000	       425	80000670	13775f03	lhu	x30,311(x14)	 x14:0x800085d1 x30=0x0000c2c3 PA:0x80008708
        4275000	       426	80000674	fe8f9d03	lh	x26,-24(x31)	 x31:0x80008246 x26=0xffffe4e5 PA:0x8000822e
        4285000	       427	80000678	0ef10403	lb	x8,239(x2)	  x2:0x800084a0  x8=0x00000044 PA:0x8000858f
        4295000	       428	8000067c	078f8623	sb	x24,108(x31)	 x31:0x80008246 x24:0x800080ec PA:0x800082b2
        4305000	       429	80000680	c2470803	lb	x16,-988(x14)	 x14:0x800085d1 x16=0xffffffae PA:0x800081f5
        4315000	       430	80000684	fd9f87a3	sb	x25,-49(x31)	 x31:0x80008246 x25:0x000000e4 PA:0x80008215
        4325000	       431	80000688	0ec70303	lb	x6,236(x14)	 x14:0x800085d1  x6=0x00000076 PA:0x800086bd
        4335000	       432	8000068c	ff614903	lbu	x18,-10(x2)	  x2:0x800084a0 x18=0x0000004d PA:0x80008496
        4345000	       433	80000690	00008417	auipc	x8,0x8	  x8=0x8000868c
        4355000	       434	80000694	e4640413	addi	x8,x8,-442	  x8:0x8000868c  x8=0x800084d2
        4365000	       435	80000698	0165feb3	and	x29,x11,x22	 x11:0x00001819 x22:0x80000000 x29=0x00000000
        4375000	       436	8000069c	01ed1793	slli	x15,x26,0x1e	 x26:0xffffe4e5 x15=0x40000000
        4385000	       437	800006a0	00000013	addi	x0,x0,0	  x0:0x00000000
        4395000	       438	800006a4	067402a3	sb	x7,101(x8)	  x8:0x800084d2  x7:0x80009fc4 PA:0x80008537
        4405000	       439	800006a8	0b144b83	lbu	x23,177(x8)	  x8:0x800084d2 x23=0x00000038 PA:0x80008583
        4415000	       440	800006ac	00601333	sll	x6,x0,x6	  x0:0x00000000  x6:0x00000076  x6=0x00000000
        4425000	       441	800006b0	e1040da3	sb	x16,-485(x8)	  x8:0x800084d2 x16:0xffffffae PA:0x800082ed
        4435000	       442	800006b4	87138793	addi	x15,x7,-1935	  x7:0x80009fc4 x15=0x80009835
        4445000	       443	800006b8	c8e400a3	sb	x14,-895(x8)	  x8:0x800084d2 x14:0x800085d1 PA:0x80008153
        4455000	       444	800006bc	08340303	lb	x6,131(x8)	  x8:0x800084d2  x6=0x0000000e PA:0x80008555
        4465000	       445	800006c0	fb340b23	sb	x19,-74(x8)	  x8:0x800084d2 x19:0x00001011 PA:0x80008488
        4475000	       446	800006c4	00d892b3	sll	x5,x17,x13	 x17:0x74757677 x13:0x00001213  x5=0xb3b80000
        4485000	       447	800006c8	e7544803	lbu	x16,-395(x8)	  x8:0x800084d2 x16=0x000000fc PA:0x80008347
        4495000	       448	800006cc	fcc45483	lhu	x9,-52(x8)	  x8:0x800084d2  x9=0x00005d55 PA:0x8000849e
        4505000	       449	800006d0	c7c45003	lhu	x0,-900(x8)	  x8:0x800084d2 PA:0x8000814e
        4515000	       450	800006d4	00a65e33	srl	x28,x12,x10	 x12:0x000000fe x10:0x80009f84 x28=0x0000000f
        4525000	       451	800006d8	01b8ff33	and	x30,x17,x27	 x17:0x74757677 x27:0x00000607 x30=0x00000607
        4535000	       452	800006dc	016dd933	srl	x18,x27,x22	 x27:0x00000607 x22:0x80000000 x18=0x00000607
        4545000	       453	800006e0	eaf4ef13	ori	x30,x9,-337	  x9:0x00005d55 x30=0xffffffff
        4555000	       454	800006e4	0026ce33	xor	x28,x13,x2	 x13:0x00001213  x2:0x800084a0 x28=0x800096b3
        4565000	       455	800006e8	01b77333	and	x6,x14,x27	 x14:0x800085d1 x27:0x00000607  x6=0x00000401
        4575000	       456	800006ec	e1540b23	sb	x21,-490(x8)	  x8:0x800084d2 x21:0x000000a2 PA:0x800082e8
        4585000	       457	800006f0	e7f44703	lbu	x14,-385(x8)	  x8:0x800084d2 x14=0x0000000a PA:0x80008351
        4595000	       458	800006f4	bd944a83	lbu	x21,-1063(x8)	  x8:0x800084d2 x21=0x00000060 PA:0x800080ab
        4605000	       459	800006f8	e456f113	andi	x2,x13,-443	 x13:0x00001213  x2=0x00001201
        4615000	       460	800006fc	00ffbab3	sltu	x21,x31,x15	 x31:0x80008246 x15:0x80009835 x21=0x00000001
        4625000	       461	80000700	0ea45103	lhu	x2,234(x8)	  x8:0x800084d2  x2=0x00007677 PA:0x800085bc
        4635000	       462	80000704	b868f993	andi	x19,x17,-1146	 x17:0x74757677 x19=0x74757206
        4645000	       463	80000708	01d282b3	add	x5,x5,x29	  x5:0xb3b80000 x29:0x00000000  x5=0xb3b80000
        4655000	       464	8000070c	00000013	addi	x0,x0,0	  x0:0x00000000
        4665000	       465	80000710	0031e4b3	or	x9,x3,x3	  x3:0x0000003f  x3:0x0000003f  x9=0x0000003f
        4675000	       466	80000714	00438db3	add	x27,x7,x4	  x7:0x80009fc4  x4:0x00000014 x27=0x80009fd8
        4685000	       467	80000718	00000013	addi	x0,x0,0	  x0:0x00000000
        4695000	       468	8000071c	001f78b3	and	x17,x30,x1	 x30:0xffffffff  x1:0x00000000 x17=0x00000000
        4705000	       469	80000720	40f455b3	sra	x11,x8,x15	  x8:0x800084d2 x15:0x80009835 x11=0xfffffc00
        4715000	       470	80000724	01117e33	and	x28,x2,x17	  x2:0x00007677 x17:0x00000000 x28=0x00000000
        4725000	       471	80000728	35c53993	sltiu	x19,x10,860	 x10:0x80009f84 x19=0x00000000
        4735000	       472	8000072c	c5045703	lhu	x14,-944(x8)	  x8:0x800084d2 x14=0x0000d8d9 PA:0x80008122
        4745000	       473	80000730	02841823	sh	x8,48(x8)	  x8:0x800084d2  x8:0x800084d2 PA:0x80008502
        4755000	       474	80000734	400dd493	srai	x9,x27,0x0	 x27:0x80009fd8  x9=0x80009fd8
        4765000	       475	80000738	367fa813	slti	x16,x31,871	 x31:0x80008246 x16=0x00000001
        4775000	       476	8000073c	b7c44103	lbu	x2,-1156(x8)	  x8:0x800084d2  x2=0x00000005 PA:0x8000804e
        4785000	       477	80000740	e5341c23	sh	x19,-424(x8)	  x8:0x800084d2 x19:0x00000000 PA:0x8000832a
        4795000	       478	80000744	00008117	auipc	x2,0x8	  x2=0x80008740
        4805000	       479	80000748	e0d10113	addi	x2,x2,-499	  x2:0x80008740  x2=0x8000854d
        4815000	       480	8000074c	f7514983	lbu	x19,-139(x2)	  x2:0x8000854d x19=0x00000079 PA:0x800084c2
        4825000	       481	80000750	f1210d23	sb	x18,-230(x2)	  x2:0x8000854d x18:0x00000607 PA:0x80008467
        4835000	       482	80000754	450e3a93	sltiu	x21,x28,1104	 x28:0x00000000 x21=0x00000001
        4845000	       483	80000758	418257b3	sra	x15,x4,x24	  x4:0x00000014 x24:0x800080ec x15=0x00000000
        4855000	       484	8000075c	79e33d13	sltiu	x26,x6,1950	  x6:0x00000401 x26=0x00000001
        4865000	       485	80000760	6f1dad93	slti	x27,x27,1777	 x27:0x80009fd8 x27=0x00000001
        4875000	       486	80000764	fcf15403	lhu	x8,-49(x2)	  x2:0x8000854d  x8=0x0000d6d7 PA:0x8000851c
        4885000	       487	80000768	5921f793	andi	x15,x3,1426	  x3:0x0000003f x15=0x00000012
        4895000	       488	8000076c	01d99433	sll	x8,x19,x29	 x19:0x00000079 x29:0x00000000  x8=0x00000079
        4905000	       489	80000770	fb014a83	lbu	x21,-80(x2)	  x2:0x8000854d x21=0x000000b6 PA:0x800084fd
        4915000	       490	80000774	f3d125a3	sw	x29,-213(x2)	  x2:0x8000854d x29:0x00000000 PA:0x80008478
        4925000	       491	80000778	fe214783	lbu	x15,-30(x2)	  x2:0x8000854d x15=0x000000e4 PA:0x8000852f
        4935000	       492	8000077c	fd310583	lb	x11,-45(x2)	  x2:0x8000854d x11=0xffffffdb PA:0x80008520
        4945000	       493	80000780	f0410703	lb	x14,-252(x2)	  x2:0x8000854d x14=0x0000000a PA:0x80008451
        4955000	       494	80000784	cf3bc993	xori	x19,x23,-781	 x23:0x00000038 x19=0xfffffccb
        4965000	       495	80000788	00542e33	slt	x28,x8,x5	  x8:0x00000079  x5:0xb3b80000 x28=0x00000000
        4975000	       496	8000078c	879f8493	addi	x9,x31,-1927	 x31:0x80008246  x9=0x80007abf
        4985000	       497	80000790	015306b3	add	x13,x6,x21	  x6:0x00000401 x21:0x000000b6 x13=0x000004b7
        4995000	       498	80000794	0128df33	srl	x30,x17,x18	 x17:0x00000000 x18:0x00000607 x30=0x00000000
        5005000	       499	80000798	01783733	sltu	x14,x16,x23	 x16:0x00000001 x23:0x00000038 x14=0x00000001
        5015000	       500	8000079c	01895eb3	srl	x29,x18,x24	 x18:0x00000607 x24:0x800080ec x29=0x00000000
        5025000	       501	800007a0	09711f83	lh	x31,151(x2)	  x2:0x8000854d x31=0xffff9e9f PA:0x800085e4
        5035000	       502	800007a4	167aa813	slti	x16,x21,359	 x21:0x000000b6 x16=0x00000001
        5045000	       503	800007a8	01541cb3	sll	x25,x8,x21	  x8:0x00000079 x21:0x000000b6 x25=0x1e400000
        5055000	       504	800007ac	0e711d03	lh	x26,231(x2)	  x2:0x8000854d x26=0xffffeeef PA:0x80008634
        5065000	       505	800007b0	f0214a03	lbu	x20,-254(x2)	  x2:0x8000854d x20=0x00000004 PA:0x8000844f
        5075000	       506	800007b4	3d2e6c13	ori	x24,x28,978	 x28:0x00000000 x24=0x000003d2
        5085000	       507	800007b8	04210d83	lb	x27,66(x2)	  x2:0x8000854d x27=0x00000044 PA:0x8000858f
        5095000	       508	800007bc	f6a14483	lbu	x9,-150(x2)	  x2:0x8000854d  x9=0x0000006c PA:0x800084b7
        5105000	       509	800007c0	fc510a23	sb	x5,-44(x2)	  x2:0x8000854d  x5:0xb3b80000 PA:0x80008521
        5115000	       510	800007c4	02810e83	lb	x29,40(x2)	  x2:0x8000854d x29=0x0000002e PA:0x80008575
        5125000	       511	800007c8	05c10d83	lb	x27,92(x2)	  x2:0x8000854d x27=0x00000062 PA:0x800085a9
        5135000	       512	800007cc	01e111a3	sh	x30,3(x2)	  x2:0x8000854d x30:0x00000000 PA:0x80008550
        5145000	       513	800007d0	40bad693	srai	x13,x21,0xb	 x21:0x000000b6 x13=0x00000000
        5155000	       514	800007d4	24d10c13	addi	x24,x2,589	  x2:0x8000854d x24=0x8000879a
        5165000	       515	800007d8	0c712a03	lw	x20,199(x2)	  x2:0x8000854d x20=0xcccdcecf PA:0x80008614
        5175000	       516	800007dc	2c444193	xori	x3,x8,708	  x8:0x00000079  x3=0x000002bd
        5185000	       517	800007e0	6669a293	slti	x5,x19,1638	 x19:0xfffffccb  x5=0x00000001
        5195000	       518	800007e4	9478b0b7	lui	x1,0x9478b	  x1=0x9478b000
        5205000	       519	800007e8	e4ac6413	ori	x8,x24,-438	 x24:0x8000879a  x8=0xffffffda
        5215000	       520	800007ec	f5c11ca3	sh	x28,-167(x2)	  x2:0x8000854d x28:0x00000000 PA:0x800084a6
        5225000	       521	800007f0	01383cb3	sltu	x25,x16,x19	 x16:0x00000001 x19:0xfffffccb x25=0x00000001
        5235000	       522	800007f4	0b312f83	lw	x31,179(x2)	  x2:0x8000854d x31=0xb8b9babb PA:0x80008600
        5245000	       523	800007f8	f7a10683	lb	x13,-134(x2)	  x2:0x8000854d x13=0x0000007c PA:0x800084c7
        5255000	       524	800007fc	f1b12783	lw	x15,-229(x2)	  x2:0x8000854d x15=0x20212223 PA:0x80008468
        5265000	       525	80000800	05c14283	lbu	x5,92(x2)	  x2:0x8000854d  x5=0x00000062 PA:0x800085a9
        5275000	       526	80000804	00008d97	auipc	x27,0x8	 x27=0x80008800
        5285000	       527	80000808	fc4d8d93	addi	x27,x27,-60	 x27:0x80008800 x27=0x800087c4
        5295000	       528	8000080c	004d81a3	sb	x4,3(x27)	 x27:0x800087c4  x4:0x00000014 PA:0x800087c7
        5305000	       529	80000810	ff3d8c23	sb	x19,-8(x27)	 x27:0x800087c4 x19:0xfffffccb PA:0x800087bc
        5315000	       530	80000814	fe6d9c23	sh	x6,-8(x27)	 x27:0x800087c4  x6:0x00000401 PA:0x800087bc
        5325000	       531	80000818	01c84eb3	xor	x29,x16,x28	 x16:0x00000001 x28:0x00000000 x29=0x00000001
        5335000	       532	8000081c	01c5d293	srli	x5,x11,0x1c	 x11:0xffffffdb  x5=0x0000000f
        5345000	       533	80000820	002ea0b3	slt	x1,x29,x2	 x29:0x00000001  x2:0x8000854d  x1=0x00000000
        5355000	       534	80000824	ff8d9283	lh	x5,-8(x27)	 x27:0x800087c4  x5=0x00000401 PA:0x800087bc
        5365000	       535	80000828	ff4dd783	lhu	x15,-12(x27)	 x27:0x800087c4 x15=0x00007273 PA:0x800087b8
        5375000	       536	8000082c	ff9d9a23	sh	x25,-12(x27)	 x27:0x800087c4 x25:0x00000001 PA:0x800087b8
        5385000	       537	80000830	ff4d8c03	lb	x24,-12(x27)	 x27:0x800087c4 x24=0x00000001 PA:0x800087b8
        5395000	       538	80000834	ff4dd903	lhu	x18,-12(x27)	 x27:0x800087c4 x18=0x00000001 PA:0x800087b8
        5405000	       539	80000838	ff4d8a03	lb	x20,-12(x27)	 x27:0x800087c4 x20=0x00000001 PA:0x800087b8
        5415000	       540	8000083c	ff2d8a23	sb	x18,-12(x27)	 x27:0x800087c4 x18:0x00000001 PA:0x800087b8
        5425000	       541	80000840	ff4dca03	lbu	x20,-12(x27)	 x27:0x800087c4 x20=0x00000001 PA:0x800087b8
        5435000	       542	80000844	136e8893	addi	x17,x29,310	 x29:0x00000001 x17=0x00000137
        5445000	       543	80000848	01b3de13	srli	x28,x7,0x1b	  x7:0x80009fc4 x28=0x00000010
        5455000	       544	8000084c	ffcdaa23	sw	x28,-12(x27)	 x27:0x800087c4 x28:0x00000010 PA:0x800087b8
        5465000	       545	80000850	ff4ddc03	lhu	x24,-12(x27)	 x27:0x800087c4 x24=0x00000010 PA:0x800087b8
        5475000	       546	80000854	ff4d8c03	lb	x24,-12(x27)	 x27:0x800087c4 x24=0x00000010 PA:0x800087b8
        5485000	       547	80000858	012f5693	srli	x13,x30,0x12	 x30:0x00000000 x13=0x00000000
        5495000	       548	8000085c	1fb16913	ori	x18,x2,507	  x2:0x8000854d x18=0x800085ff
        5505000	       549	80000860	fecd9a23	sh	x12,-12(x27)	 x27:0x800087c4 x12:0x000000fe PA:0x800087b8
        5515000	       550	80000864	ff4da903	lw	x18,-12(x27)	 x27:0x800087c4 x18=0x000000fe PA:0x800087b8
        5525000	       551	80000868	00008197	auipc	x3,0x8	  x3=0x80008864
        5535000	       552	8000086c	f8118193	addi	x3,x3,-127	  x3:0x80008864  x3=0x800087e5
        5545000	       553	80000870	00008317	auipc	x6,0x8	  x6=0x8000886c
        5555000	       554	80000874	dd930313	addi	x6,x6,-551	  x6:0x8000886c  x6=0x80008645
        5565000	       555	80000878	00008217	auipc	x4,0x8	  x4=0x80008874
        5575000	       556	8000087c	9dc20213	addi	x4,x4,-1572	  x4:0x80008874  x4=0x80008250
        5585000	       557	80000880	fca18b23	sb	x10,-42(x3)	  x3:0x800087e5 x10:0x80009f84 PA:0x800087bb
        5595000	       558	80000884	ff120b83	lb	x23,-15(x4)	  x4:0x80008250 x23=0xfffffffa PA:0x80008241
        5605000	       559	80000888	11234c83	lbu	x25,274(x6)	  x6:0x80008645 x25=0x0000000c PA:0x80008757
        5615000	       560	8000088c	00e21783	lh	x15,14(x4)	  x4:0x80008250 x15=0x00001415 PA:0x8000825e
        5625000	       561	80000890	fc6190a3	sh	x6,-63(x3)	  x3:0x800087e5  x6:0x80008645 PA:0x800087a6
        5635000	       562	80000894	00625703	lhu	x14,6(x4)	  x4:0x80008250 x14=0x00000c0d PA:0x80008256
        5645000	       563	00000000	00000013	addi	x0,x0,0	  x0:0x00000000
        5655000	       564	80000898	fee18d03	lb	x26,-18(x3)	  x3:0x800087e5 x26=0xffffff88 PA:0x800087d3
        5665000	       565	8000089c	aa135583	lhu	x11,-1375(x6)	  x6:0x80008645 x11=0x00009c9d PA:0x800080e6
        5675000	       566	800008a0	ff3208a3	sb	x19,-15(x4)	  x4:0x80008250 x19:0xfffffccb PA:0x80008241
        5685000	       567	800008a4	fe118023	sb	x1,-32(x3)	  x3:0x800087e5  x1:0x00000000 PA:0x800087c5
        5695000	       568	800008a8	00124a03	lbu	x20,1(x4)	  x4:0x80008250 x20=0x0000000a PA:0x80008251
        5705000	       569	800008ac	11530c03	lb	x24,277(x6)	  x6:0x80008645 x24=0x00000011 PA:0x8000875a
        5715000	       570	800008b0	01b18903	lb	x18,27(x3)	  x3:0x800087e5 x18=0xffffffbb PA:0x80008800
        5725000	       571	800008b4	ff719b83	lh	x23,-9(x3)	  x3:0x800087e5 x23=0xffff9697 PA:0x800087dc
        5735000	       572	800008b8	01d22823	sw	x29,16(x4)	  x4:0x80008250 x29:0x00000001 PA:0x80008260
        5745000	       573	800008bc	b7630903	lb	x18,-1162(x6)	  x6:0x80008645 x18=0x00000070 PA:0x800081bb
        5755000	       574	800008c0	018201a3	sb	x24,3(x4)	  x4:0x80008250 x24:0x00000011 PA:0x80008253
        5765000	       575	800008c4	fc918023	sb	x9,-64(x3)	  x3:0x800087e5  x9:0x0000006c PA:0x800087a5
        5775000	       576	800008c8	fca1c583	lbu	x11,-54(x3)	  x3:0x800087e5 x11=0x00000064 PA:0x800087af
        5785000	       577	800008cc	00735403	lhu	x8,7(x6)	  x6:0x80008645  x8=0x00000607 PA:0x8000864c
        5795000	       578	00000000	00000013	addi	x0,x0,0	  x0:0x00000000
        5805000	       579	800008d0	a0830103	lb	x2,-1528(x6)	  x6:0x80008645  x2=0x00000006 PA:0x8000804d
        5815000	       580	800008d4	00924d03	lbu	x26,9(x4)	  x4:0x80008250 x26=0x00000012 PA:0x80008259
        5825000	       581	800008d8	ff331803	lh	x16,-13(x6)	  x6:0x80008645 x16=0xfffff2f3 PA:0x80008638
        5835000	       582	800008dc	fee1cb83	lbu	x23,-18(x3)	  x3:0x800087e5 x23=0x00000088 PA:0x800087d3
        5845000	       583	800008e0	13030a03	lb	x20,304(x6)	  x6:0x80008645 x20=0x0000002e PA:0x80008775
        5855000	       584	800008e4	ff820a23	sb	x24,-12(x4)	  x4:0x80008250 x24:0x00000011 PA:0x80008244
        5865000	       585	800008e8	d2d30423	sb	x13,-728(x6)	  x6:0x80008645 x13:0x00000000 PA:0x8000836d
        5875000	       586	800008ec	b0e301a3	sb	x14,-1277(x6)	  x6:0x80008645 x14:0x00000c0d PA:0x80008148
        5885000	       587	800008f0	00008117	auipc	x2,0x8	  x2=0x800088ec
        5895000	       588	800008f4	6f310113	addi	x2,x2,1779	  x2:0x800088ec  x2=0x80008fdf
        5905000	       589	800008f8	fc710283	lb	x5,-57(x2)	  x2:0x80008fdf  x5=0x00000046 PA:0x80008fa6
        5915000	       590	800008fc	01580833	add	x16,x16,x21	 x16:0xfffff2f3 x21:0x000000b6 x16=0xfffff3a9
        5925000	       591	80000900	010b64b3	or	x9,x22,x16	 x22:0x80000000 x16:0xfffff3a9  x9=0xfffff3a9
        5935000	       592	80000904	ff311703	lh	x14,-13(x2)	  x2:0x80008fdf x14=0xffffb8b9 PA:0x80008fd2
        5945000	       593	80000908	fef10303	lb	x6,-17(x2)	  x2:0x80008fdf  x6=0xffffffb5 PA:0x80008fce
        5955000	       594	8000090c	01b11013	slli	x0,x2,0x1b	  x2:0x80008fdf
        5965000	       595	80000910	fd311003	lh	x0,-45(x2)	  x2:0x80008fdf PA:0x80008fb2
        5975000	       596	80000914	006111a3	sh	x6,3(x2)	  x2:0x80008fdf  x6:0xffffffb5 PA:0x80008fe2
        5985000	       597	80000918	ffd10983	lb	x19,-3(x2)	  x2:0x80008fdf x19=0xffffffc7 PA:0x80008fdc
        5995000	       598	8000091c	fc110223	sb	x1,-60(x2)	  x2:0x80008fdf  x1:0x00000000 PA:0x80008fa3
        6005000	       599	80000920	fdc101a3	sb	x28,-61(x2)	  x2:0x80008fdf x28:0x00000010 PA:0x80008fa2
        6015000	       600	80000924	fd3119a3	sh	x19,-45(x2)	  x2:0x80008fdf x19:0xffffffc7 PA:0x80008fb2
        6025000	       601	80000928	00410183	lb	x3,4(x2)	  x2:0x80008fdf  x3=0xffffffff PA:0x80008fe3
        6035000	       602	8000092c	ff010f23	sb	x16,-2(x2)	  x2:0x80008fdf x16:0xfffff3a9 PA:0x80008fdd
        6045000	       603	80000930	ffe10f03	lb	x30,-2(x2)	  x2:0x80008fdf x30=0xffffffa9 PA:0x80008fdd
        6055000	       604	80000934	ff110f23	sb	x17,-2(x2)	  x2:0x80008fdf x17:0x00000137 PA:0x80008fdd
        6065000	       605	80000938	49e78a97	auipc	x21,0x49e78	 x21=0xc9e78934
        6075000	       606	8000093c	fdc14703	lbu	x14,-36(x2)	  x2:0x80008fdf x14=0x000000a0 PA:0x80008fbb
        6085000	       607	80000940	ff614783	lbu	x15,-10(x2)	  x2:0x80008fdf x15=0x000000be PA:0x80008fd5
        6095000	       608	80000944	f3bf8293	addi	x5,x31,-197	 x31:0xb8b9babb  x5=0xb8b9b9f6
        6105000	       609	80000948	ff614203	lbu	x4,-10(x2)	  x2:0x80008fdf  x4=0x000000be PA:0x80008fd5
        6115000	       610	8000094c	00008597	auipc	x11,0x8	 x11=0x80008948
        6125000	       611	80000950	c6558593	addi	x11,x11,-923	 x11:0x80008948 x11=0x800085ad
        6135000	       612	80000954	00008a97	auipc	x21,0x8	 x21=0x80008950
        6145000	       613	80000958	934a8a93	addi	x21,x21,-1740	 x21:0x80008950 x21=0x80008284
        6155000	       614	8000095c	00008c97	auipc	x25,0x8	 x25=0x80008958
        6165000	       615	80000960	eacc8c93	addi	x25,x25,-340	 x25:0x80008958 x25=0x80008804
        6175000	       616	80000964	00008d97	auipc	x27,0x8	 x27=0x80008960
        6185000	       617	80000968	d55d8d93	addi	x27,x27,-683	 x27:0x80008960 x27=0x800086b5
        6195000	       618	8000096c	0d6d8603	lb	x12,214(x27)	 x27:0x800086b5 x12=0x00000040 PA:0x8000878b
        6205000	       619	80000970	ff858aa3	sb	x24,-11(x11)	 x11:0x800085ad x24:0x00000011 PA:0x800085a2
        6215000	       620	80000974	fe8dc183	lbu	x3,-24(x27)	 x27:0x800086b5  x3=0x00000056 PA:0x8000869d
        6225000	       621	80000978	f59c8b83	lb	x23,-167(x25)	 x25:0x80008804 x23=0x00000016 PA:0x8000875d
        6235000	       622	8000097c	fe2a8da3	sb	x2,-5(x21)	 x21:0x80008284  x2:0x80008fdf PA:0x8000827f
        6245000	       623	80000980	f1acd803	lhu	x16,-230(x25)	 x25:0x80008804 x16=0x0000d4d5 PA:0x8000871e
        6255000	       624	80000984	095d99a3	sh	x21,147(x27)	 x27:0x800086b5 x21:0x80008284 PA:0x80008748
        6265000	       625	80000988	008a8b83	lb	x23,8(x21)	 x21:0x80008284 x23=0x00000047 PA:0x8000828c
        6275000	       626	00000000	00000013	addi	x0,x0,0	  x0:0x00000000
        6285000	       627	8000098c	ff758903	lb	x18,-9(x11)	 x11:0x800085ad x18=0x0000005f PA:0x800085a4
        6295000	       628	80000990	ff3ac403	lbu	x8,-13(x21)	 x21:0x80008284  x8=0x0000002c PA:0x80008277
        6305000	       629	80000994	fb1c8183	lb	x3,-79(x25)	 x25:0x80008804  x3=0x0000006e PA:0x800087b5
        6315000	       630	80000998	f50d8483	lb	x9,-176(x27)	 x27:0x800086b5  x9=0xffffffbe PA:0x80008605
        6325000	       631	8000099c	0065c903	lbu	x18,6(x11)	 x11:0x800085ad x18=0x00000068 PA:0x800085b3
        6335000	       632	800009a0	007a8f83	lb	x31,7(x21)	 x21:0x80008284 x31=0x00000040 PA:0x8000828b
        6345000	       633	800009a4	ff4a8703	lb	x14,-12(x21)	 x21:0x80008284 x14=0x00000033 PA:0x80008278
        6355000	       634	800009a8	f6fd8a03	lb	x20,-145(x27)	 x27:0x800086b5 x20=0xffffffdf PA:0x80008624
        6365000	       635	800009ac	f60c82a3	sb	x0,-155(x25)	 x25:0x80008804  x0:0x00000000 PA:0x80008769
        6375000	       636	800009b0	ff7a8a03	lb	x20,-9(x21)	 x21:0x80008284 x20=0x00000030 PA:0x8000827b
        6385000	       637	800009b4	ff85ce03	lbu	x28,-8(x11)	 x11:0x800085ad x28=0x0000005e PA:0x800085a5
        6395000	       638	800009b8	f60d8f03	lb	x30,-160(x27)	 x27:0x800086b5 x30=0xffffffce PA:0x80008615
        6405000	       639	800009bc	f71d8223	sb	x17,-156(x27)	 x27:0x800086b5 x17:0x00000137 PA:0x80008619
        6415000	       640	800009c0	fb8c8603	lb	x12,-72(x25)	 x25:0x80008804 x12=0x00000001 PA:0x800087bc
        6425000	       641	800009c4	ff95d903	lhu	x18,-7(x11)	 x11:0x800085ad x18=0x00005c5d PA:0x800085a6
        6435000	       642	800009c8	00fc8003	lb	x0,15(x25)	 x25:0x80008804 PA:0x80008813
        6445000	       643	800009cc	ff959983	lh	x19,-7(x11)	 x11:0x800085ad x19=0x00005c5d PA:0x800085a6
        6455000	       644	800009d0	00008597	auipc	x11,0x8	 x11=0x800089cc
        6465000	       645	800009d4	2e158593	addi	x11,x11,737	 x11:0x800089cc x11=0x80008cad
        6475000	       646	800009d8	1125cf83	lbu	x31,274(x11)	 x11:0x80008cad x31=0x000000a4 PA:0x80008dbf
        6485000	       647	800009dc	1125ca03	lbu	x20,274(x11)	 x11:0x80008cad x20=0x000000a4 PA:0x80008dbf
        6495000	       648	800009e0	1c05a5a3	sw	x0,459(x11)	 x11:0x80008cad  x0:0x00000000 PA:0x80008e78
        6505000	       649	800009e4	1dd5a5a3	sw	x29,459(x11)	 x11:0x80008cad x29:0x00000001 PA:0x80008e78
        6515000	       650	800009e8	1cb58c03	lb	x24,459(x11)	 x11:0x80008cad x24=0x00000001 PA:0x80008e78
        6525000	       651	800009ec	bdf593a3	sh	x31,-1081(x11)	 x11:0x80008cad x31:0x000000a4 PA:0x80008874
        6535000	       652	800009f0	01db7db3	and	x27,x22,x29	 x22:0x80000000 x29:0x00000001 x27=0x00000000
        6545000	       653	800009f4	f1258703	lb	x14,-238(x11)	 x11:0x80008cad x14=0xffffffa4 PA:0x80008bbf
        6555000	       654	800009f8	dba58f83	lb	x31,-582(x11)	 x11:0x80008cad x31=0x0000004c PA:0x80008a67
        6565000	       655	800009fc	dba58d03	lb	x26,-582(x11)	 x11:0x80008cad x26=0x0000004c PA:0x80008a67
        6575000	       656	80000a00	e5dc4813	xori	x16,x24,-419	 x24:0x00000001 x16=0xfffffe5c
        6585000	       657	80000a04	dba5c083	lbu	x1,-582(x11)	 x11:0x80008cad  x1=0x0000004c PA:0x80008a67
        6595000	       658	80000a08	f3a58783	lb	x15,-198(x11)	 x11:0x80008cad x15=0xffffffcc PA:0x80008be7
        6605000	       659	80000a0c	f2858d23	sb	x8,-198(x11)	 x11:0x80008cad  x8:0x0000002c PA:0x80008be7
        6615000	       660	80000a10	f3a58d03	lb	x26,-198(x11)	 x11:0x80008cad x26=0x0000002c PA:0x80008be7
        6625000	       661	80000a14	40ccd1b3	sra	x3,x25,x12	 x25:0x80008804 x12:0x00000001  x3=0xc0004402
        6635000	       662	80000a18	f3a58a03	lb	x20,-198(x11)	 x11:0x80008cad x20=0x0000002c PA:0x80008be7
        6645000	       663	80000a1c	00008b97	auipc	x23,0x8	 x23=0x80008a18
        6655000	       664	80000a20	507b8b93	addi	x23,x23,1287	 x23:0x80008a18 x23=0x80008f1f
        6665000	       665	80000a24	c67c9a97	auipc	x21,0xc67c9	 x21=0x467c9a20
        6675000	       666	80000a28	0027c9b3	xor	x19,x15,x2	 x15:0xffffffcc  x2:0x80008fdf x19=0x7fff7013
        6685000	       667	80000a2c	008077b3	and	x15,x0,x8	  x0:0x00000000  x8:0x0000002c x15=0x00000000
        6695000	       668	80000a30	0cea2a13	slti	x20,x20,206	 x20:0x0000002c x20=0x00000001
        6705000	       669	80000a34	006fb833	sltu	x16,x31,x6	 x31:0x0000004c  x6:0xffffffb5 x16=0x00000001
        6715000	       670	80000a38	f68b8623	sb	x8,-148(x23)	 x23:0x80008f1f  x8:0x0000002c PA:0x80008e8b
        6725000	       671	80000a3c	f5eb8f23	sb	x30,-162(x23)	 x23:0x80008f1f x30:0xffffffce PA:0x80008e7d
        6735000	       672	80000a40	007f6fb3	or	x31,x30,x7	 x30:0xffffffce  x7:0x80009fc4 x31=0xffffffce
        6745000	       673	80000a44	038bce03	lbu	x28,56(x23)	 x23:0x80008f1f x28=0x0000003c PA:0x80008f57
        6755000	       674	80000a48	00366733	or	x14,x12,x3	 x12:0x00000001  x3:0xc0004402 x14=0xc0004403
        6765000	       675	80000a4c	0075ae33	slt	x28,x11,x7	 x11:0x80008cad  x7:0x80009fc4 x28=0x00000001
        6775000	       676	80000a50	f86b8483	lb	x9,-122(x23)	 x23:0x80008f1f  x9=0xffffff8e PA:0x80008ea5
        6785000	       677	80000a54	01c91913	slli	x18,x18,0x1c	 x18:0x00005c5d x18=0xd0000000
        6795000	       678	80000a58	40d25933	sra	x18,x4,x13	  x4:0x000000be x13:0x00000000 x18=0x000000be
        6805000	       679	80000a5c	014bc003	lbu	x0,20(x23)	 x23:0x80008f1f PA:0x80008f33
        6815000	       680	80000a60	001b9983	lh	x19,1(x23)	 x23:0x80008f1f x19=0x00000a0b PA:0x80008f20
        6825000	       681	80000a64	f91bd783	lhu	x15,-111(x23)	 x23:0x80008f1f x15=0x00009a9b PA:0x80008eb0
        6835000	       682	80000a68	9dc8b893	sltiu	x17,x17,-1572	 x17:0x00000137 x17=0x00000001
        6845000	       683	80000a6c	41575933	sra	x18,x14,x21	 x14:0xc0004403 x21:0x467c9a20 x18=0xc0004403
        6855000	       684	80000a70	02ab8783	lb	x15,42(x23)	 x23:0x80008f1f x15=0x00000032 PA:0x80008f49
        6865000	       685	00000000	00000013	addi	x0,x0,0	  x0:0x00000000
        6875000	       686	80000a74	5ef87893	andi	x17,x16,1519	 x16:0x00000001 x17=0x00000001
        6885000	       687	80000a78	db90a7b7	lui	x15,0xdb90a	 x15=0xdb90a000
        6895000	       688	80000a7c	41795eb3	sra	x29,x18,x23	 x18:0xc0004403 x23:0x80008f1f x29=0xffffffff
        6905000	       689	80000a80	01b41713	slli	x14,x8,0x1b	  x8:0x0000002c x14=0x60000000
        6915000	       690	80000a84	f3abc203	lbu	x4,-198(x23)	 x23:0x80008f1f  x4=0x00000042 PA:0x80008e59
        6925000	       691	80000a88	46d57293	andi	x5,x10,1133	 x10:0x80009f84  x5=0x00000404
        6935000	       692	80000a8c	41365793	srai	x15,x12,0x13	 x12:0x00000001 x15=0x00000000
        6945000	       693	80000a90	f93b86a3	sb	x19,-115(x23)	 x23:0x80008f1f x19:0x00000a0b PA:0x80008eac
        6955000	       694	80000a94	fc9ba583	lw	x11,-55(x23)	 x23:0x80008f1f x11=0xd0d1d2d3 PA:0x80008ee8
        6965000	       695	80000a98	00000013	addi	x0,x0,0	  x0:0x00000000
        6975000	       696	80000a9c	00219e13	slli	x28,x3,0x2	  x3:0xc0004402 x28=0x00011008
        6985000	       697	80000aa0	f1db8223	sb	x29,-252(x23)	 x23:0x80008f1f x29:0xffffffff PA:0x80008e23
        6995000	       698	80000aa4	019e1233	sll	x4,x28,x25	 x28:0x00011008 x25:0x80008804  x4=0x00110080
        7005000	       699	80000aa8	f7802d93	slti	x27,x0,-136	  x0:0x00000000 x27=0x00000000
        7015000	       700	80000aac	9d9d8a13	addi	x20,x27,-1575	 x27:0x00000000 x20=0xfffff9d9
        7025000	       701	80000ab0	01f2dab3	srl	x21,x5,x31	  x5:0x00000404 x31:0xffffffce x21=0x00000000
        7035000	       702	80000ab4	067b8783	lb	x15,103(x23)	 x23:0x80008f1f x15=0x0000006d PA:0x80008f86
        7045000	       703	80000ab8	00008297	auipc	x5,0x8	  x5=0x80008ab4
        7055000	       704	80000abc	49028293	addi	x5,x5,1168	  x5:0x80008ab4  x5=0x80008f44
        7065000	       705	80000ac0	00008217	auipc	x4,0x8	  x4=0x80008abc
        7075000	       706	80000ac4	20720213	addi	x4,x4,519	  x4:0x80008abc  x4=0x80008cc3
        7085000	       707	80000ac8	a9e28f23	sb	x30,-1378(x5)	  x5:0x80008f44 x30:0xffffffce PA:0x800089e2
        7095000	       708	80000acc	00008817	auipc	x16,0x8	 x16=0x80008ac8
        7105000	       709	80000ad0	2a380813	addi	x16,x16,675	 x16:0x80008ac8 x16=0x80008d6b
        7115000	       710	80000ad4	03480303	lb	x6,52(x16)	 x16:0x80008d6b  x6=0xffffff84 PA:0x80008d9f
        7125000	       711	80000ad8	00008617	auipc	x12,0x8	 x12=0x80008ad4
        7135000	       712	80000adc	fb060613	addi	x12,x12,-80	 x12:0x80008ad4 x12=0x80008a84
        7145000	       713	80000ae0	a012c303	lbu	x6,-1535(x5)	  x5:0x80008f44  x6=0x0000002e PA:0x80008945
        7155000	       714	80000ae4	01d61323	sh	x29,6(x12)	 x12:0x80008a84 x29:0xffffffff PA:0x80008a8a
        7165000	       715	80000ae8	00721d03	lh	x26,7(x4)	  x4:0x80008cc3 x26=0xffffb0b1 PA:0x80008cca
        7175000	       716	80000aec	c5028ba3	sb	x16,-937(x5)	  x5:0x80008f44 x16:0x80008d6b PA:0x80008b9b
        7185000	       717	80000af0	f4684783	lbu	x15,-186(x16)	 x16:0x80008d6b x15=0x0000009a PA:0x80008cb1
        7195000	       718	80000af4	ffd64083	lbu	x1,-3(x12)	 x12:0x80008a84  x1=0x0000006a PA:0x80008a81
        7205000	       719	80000af8	c2328003	lb	x0,-989(x5)	  x5:0x80008f44 PA:0x80008b67
        7215000	       720	80000afc	00560f83	lb	x31,5(x12)	 x12:0x80008a84 x31=0x00000072 PA:0x80008a89
        7225000	       721	80000b00	00120183	lb	x3,1(x4)	  x4:0x80008cc3  x3=0x00000000 PA:0x80008cc4
        7235000	       722	80000b04	f792c103	lbu	x2,-135(x5)	  x5:0x80008f44  x2=0x000000a6 PA:0x80008ebd
        7245000	       723	80000b08	01920623	sb	x25,12(x4)	  x4:0x80008cc3 x25:0x80008804 PA:0x80008ccf
        7255000	       724	80000b0c	00020523	sb	x0,10(x4)	  x4:0x80008cc3  x0:0x00000000 PA:0x80008ccd
        7265000	       725	80000b10	9cf28ba3	sb	x15,-1577(x5)	  x5:0x80008f44 x15:0x0000009a PA:0x8000891b
        7275000	       726	80000b14	02880223	sb	x8,36(x16)	 x16:0x80008d6b  x8:0x0000002c PA:0x80008d8f
        7285000	       727	80000b18	ab629103	lh	x2,-1354(x5)	  x5:0x80008f44  x2=0xffffe0e1 PA:0x800089fa
        7295000	       728	80000b1c	90a29f83	lh	x31,-1782(x5)	  x5:0x80008f44 x31=0x00003435 PA:0x8000884e
        7305000	       729	80000b20	01462423	sw	x20,8(x12)	 x12:0x80008a84 x20:0xfffff9d9 PA:0x80008a8c
        7315000	       730	80000b24	ff120103	lb	x2,-15(x4)	  x4:0x80008cc3  x2=0xffffff9f PA:0x80008cb4
        7325000	       731	80000b28	00e60623	sb	x14,12(x12)	 x12:0x80008a84 x14:0x60000000 PA:0x80008a90
        7335000	       732	80000b2c	00d202a3	sb	x13,5(x4)	  x4:0x80008cc3 x13:0x00000000 PA:0x80008cc8
        7345000	       733	80000b30	ff360ca3	sb	x19,-7(x12)	 x12:0x80008a84 x19:0x00000a0b PA:0x80008a7d
        7355000	       734	80000b34	fbc84583	lbu	x11,-68(x16)	 x16:0x80008d6b x11=0x0000000c PA:0x80008d27
        7365000	       735	80000b38	a5a2d983	lhu	x19,-1446(x5)	  x5:0x80008f44 x19=0x00008485 PA:0x8000899e
        7375000	       736	80000b3c	fe260a23	sb	x2,-12(x12)	 x12:0x80008a84  x2:0xffffff9f PA:0x80008a78
        7385000	       737	80000b40	00720723	sb	x7,14(x4)	  x4:0x80008cc3  x7:0x80009fc4 PA:0x80008cd1
        7395000	       738	80000b44	b032c303	lbu	x6,-1277(x5)	  x5:0x80008f44  x6=0x0000002c PA:0x80008a47
        7405000	       739	80000b48	f2484d03	lbu	x26,-220(x16)	 x16:0x80008d6b x26=0x00000074 PA:0x80008c8f
        7415000	       740	80000b4c	01064403	lbu	x8,16(x12)	 x12:0x80008a84  x8=0x0000007f PA:0x80008a94
        7425000	       741	80000b50	00a20023	sb	x10,0(x4)	  x4:0x80008cc3 x10:0x80009f84 PA:0x80008cc3
        7435000	       742	80000b54	00c1d463	bge	x3,x12,80000b5c	  x3:0x00000000 x12:0x80008a84
        7445000	       743	00000000	00000013	addi	x0,x0,0	  x0:0x00000000
        7455000	       744	80000b58	00000013	addi	x0,x0,0	  x0:0x00000000
        7465000	       745	80000b5c	00f29db3	sll	x27,x5,x15	  x5:0x80008f44 x15:0x0000009a x27=0x10000000
        7475000	       746	80000b60	00909413	slli	x8,x1,0x9	  x1:0x0000006a  x8=0x0000d400
        7485000	       747	80000b64	002045b3	xor	x11,x0,x2	  x0:0x00000000  x2:0xffffff9f x11=0xffffff9f
        7495000	       748	80000b68	017f4a63	blt	x30,x23,80000b7c	 x30:0xffffffce x23:0x80008f1f
        7505000	       749	80000b6c	57e5b013	sltiu	x0,x11,1406	 x11:0xffffff9f
        7515000	       750	80000b70	0182bf33	sltu	x30,x5,x24	  x5:0x80008f44 x24:0x00000001 x30=0x00000000
        7525000	       751	80000b74	d6187493	andi	x9,x16,-671	 x16:0x80008d6b  x9=0x80008d61
        7535000	       752	80000b78	01c91713	slli	x14,x18,0x1c	 x18:0xc0004403 x14=0x30000000
        7545000	       753	80000b7c	00bf5133	srl	x2,x30,x11	 x30:0x00000000 x11:0xffffff9f  x2=0x00000000
        7555000	       754	80000b80	007ade93	srli	x29,x21,0x7	 x21:0x00000000 x29=0x00000000
        7565000	       755	80000b84	03808463	beq	x1,x24,80000bac	  x1:0x0000006a x24:0x00000001
        7575000	       756	80000b88	0cfb5217	auipc	x4,0xcfb5	  x4=0x8cfb5b84
        7585000	       757	80000b8c	00000013	addi	x0,x0,0	  x0:0x00000000
        7595000	       758	80000b90	016bd133	srl	x2,x23,x22	 x23:0x80008f1f x22:0x80000000  x2=0x80008f1f
        7605000	       759	80000b94	2e0b6d93	ori	x27,x22,736	 x22:0x80000000 x27=0x800002e0
        7615000	       760	80000b98	009bf0b3	and	x1,x23,x9	 x23:0x80008f1f  x9:0x80008d61  x1=0x80008d01
        7625000	       761	80000b9c	00241893	slli	x17,x8,0x2	  x8:0x0000d400 x17=0x00035000
        7635000	       762	80000ba0	00c552b3	srl	x5,x10,x12	 x10:0x80009f84 x12:0x80008a84  x5=0x080009f8
        7645000	       763	80000ba4	01f644b3	xor	x9,x12,x31	 x12:0x80008a84 x31:0x00003435  x9=0x8000beb1
        7655000	       764	80000ba8	0139a0b3	slt	x1,x19,x19	 x19:0x00008485 x19:0x00008485  x1=0x00000000
        7665000	       765	80000bac	16ef70b7	lui	x1,0x16ef7	  x1=0x16ef7000
        7675000	       766	80000bb0	016c1633	sll	x12,x24,x22	 x24:0x00000001 x22:0x80000000 x12=0x00000001
        7685000	       767	80000bb4	404fd1b3	sra	x3,x31,x4	 x31:0x00003435  x4:0x8cfb5b84  x3=0x00000343
        7695000	       768	80000bb8	0045e1b3	or	x3,x11,x4	 x11:0xffffff9f  x4:0x8cfb5b84  x3=0xffffff9f
        7705000	       769	80000bbc	052d4263	blt	x26,x18,80000c00	 x26:0x00000074 x18:0xc0004403
        7715000	       770	80000bc0	00190863	beq	x18,x1,80000bd0	 x18:0xc0004403  x1:0x16ef7000
        7725000	       771	80000bc4	019c08b3	add	x17,x24,x25	 x24:0x00000001 x25:0x80008804 x17=0x80008805
        7735000	       772	80000bc8	04ba0463	beq	x20,x11,80000c10	 x20:0xfffff9d9 x11:0xffffff9f
        7745000	       773	80000bcc	04290463	beq	x18,x2,80000c14	 x18:0xc0004403  x2:0x80008f1f
        7755000	       774	80000bd0	4d033713	sltiu	x14,x6,1232	  x6:0x0000002c x14=0x00000001
        7765000	       775	80000bd4	52fb8213	addi	x4,x23,1327	 x23:0x80008f1f  x4=0x8000944e
        7775000	       776	80000bd8	13bb5db7	lui	x27,0x13bb5	 x27=0x13bb5000
        7785000	       777	80000bdc	03435a63	bge	x6,x20,80000c10	  x6:0x0000002c x20:0xfffff9d9
        7795000	       778	00000000	00000013	addi	x0,x0,0	  x0:0x00000000
        7805000	       779	80000c0c	00000013	addi	x0,x0,0	  x0:0x00000000
        7815000	       780	80000c10	2f5a4d97	auipc	x27,0x2f5a4	 x27=0xaf5a4c0c
        7825000	       781	80000c14	0121d433	srl	x8,x3,x18	  x3:0xffffff9f x18:0xc0004403  x8=0x1ffffff3
        7835000	       782	80000c18	00a45693	srli	x13,x8,0xa	  x8:0x1ffffff3 x13=0x0007ffff
        7845000	       783	80000c1c	004dccb3	xor	x25,x27,x4	 x27:0xaf5a4c0c  x4:0x8000944e x25=0x2f5ad842
        7855000	       784	80000c20	6364dc17	auipc	x24,0x6364d	 x24=0xe364dc1c
        7865000	       785	80000c24	b76d2213	slti	x4,x26,-1162	 x26:0x00000074  x4=0x00000000
        7875000	       786	80000c28	02d0ca63	blt	x1,x13,80000c5c	  x1:0x16ef7000 x13:0x0007ffff
        7885000	       787	80000c2c	40ddd993	srai	x19,x27,0xd	 x27:0xaf5a4c0c x19=0xfffd7ad2
        7895000	       788	80000c30	98128793	addi	x15,x5,-1663	  x5:0x080009f8 x15=0x08000379
        7905000	       789	80000c34	040a5063	bge	x20,x0,80000c74	 x20:0xfffff9d9  x0:0x00000000
        7915000	       790	80000c38	00d45b93	srli	x23,x8,0xd	  x8:0x1ffffff3 x23=0x0000ffff
        7925000	       791	80000c3c	00e3b833	sltu	x16,x7,x14	  x7:0x80009fc4 x14:0x00000001 x16=0x00000000
        7935000	       792	80000c40	03a31463	bne	x6,x26,80000c68	  x6:0x0000002c x26:0x00000074
        7945000	       793	00000000	00000013	addi	x0,x0,0	  x0:0x00000000
        7955000	       794	80000c64	00000013	addi	x0,x0,0	  x0:0x00000000
        7965000	       795	80000c68	40830333	sub	x6,x6,x8	  x6:0x0000002c  x8:0x1ffffff3  x6=0xe0000039
        7975000	       796	80000c6c	859ef293	andi	x5,x29,-1959	 x29:0x00000000  x5=0x00000000
        7985000	       797	80000c70	00b42db3	slt	x27,x8,x11	  x8:0x1ffffff3 x11:0xffffff9f x27=0x00000000
        7995000	       798	80000c74	01b429b3	slt	x19,x8,x27	  x8:0x1ffffff3 x27:0x00000000 x19=0x00000000
        8005000	       799	80000c78	057b6463	bltu	x22,x23,80000cc0	 x22:0x80000000 x23:0x0000ffff
        8015000	       800	80000c7c	07712e13	slti	x28,x2,119	  x2:0x80008f1f x28=0x00000001
        8025000	       801	80000c80	04b8f263	bgeu	x17,x11,80000cc4	 x17:0x80008805 x11:0xffffff9f
        8035000	       802	80000c84	40375d93	srai	x27,x14,0x3	 x14:0x00000001 x27=0x00000000
        8045000	       803	80000c88	03890c63	beq	x18,x24,80000cc0	 x18:0xc0004403 x24:0xe364dc1c
        8055000	       804	80000c8c	04210063	beq	x2,x2,80000ccc	  x2:0x80008f1f  x2:0x80008f1f
        8065000	       805	00000000	00000013	addi	x0,x0,0	  x0:0x00000000
        8075000	       806	80000cc8	00000013	addi	x0,x0,0	  x0:0x00000000
        8085000	       807	80000ccc	1e293797	auipc	x15,0x1e293	 x15=0x9e293cc8
        8095000	       808	80000cd0	01af6633	or	x12,x30,x26	 x30:0x00000000 x26:0x00000074 x12=0x00000074
        8105000	       809	80000cd4	01818e33	add	x28,x3,x24	  x3:0xffffff9f x24:0xe364dc1c x28=0xe364dbbb
        8115000	       810	80000cd8	01721233	sll	x4,x4,x23	  x4:0x00000000 x23:0x0000ffff  x4=0x00000000
        8125000	       811	80000cdc	00181263	bne	x16,x1,80000ce0	 x16:0x00000000  x1:0x16ef7000
        8135000	       812	00000000	00000013	addi	x0,x0,0	  x0:0x00000000
        8145000	       813	80000cdc	00000013	addi	x0,x0,0	  x0:0x00000000
        8155000	       814	80000ce0	00b436b3	sltu	x13,x8,x11	  x8:0x1ffffff3 x11:0xffffff9f x13=0x00000001
        8165000	       815	80000ce4	00000013	addi	x0,x0,0	  x0:0x00000000
        8175000	       816	80000ce8	c0670993	addi	x19,x14,-1018	 x14:0x00000001 x19=0xfffffc07
        8185000	       817	80000cec	00000013	addi	x0,x0,0	  x0:0x00000000
        8195000	       818	80000cf0	afa5f593	andi	x11,x11,-1286	 x11:0xffffff9f x11=0xfffffa9a
        8205000	       819	80000cf4	b9546293	ori	x5,x8,-1131	  x8:0x1ffffff3  x5=0xfffffff7
        8215000	       820	80000cf8	03ede263	bltu	x27,x30,80000d1c	 x27:0x00000000 x30:0x00000000
        8225000	       821	80000cfc	01415013	srli	x0,x2,0x14	  x2:0x80008f1f
        8235000	       822	80000d00	ffc4e713	ori	x14,x9,-4	  x9:0x8000beb1 x14=0xfffffffd
        8245000	       823	80000d04	01285b93	srli	x23,x16,0x12	 x16:0x00000000 x23=0x00000000
        8255000	       824	80000d08	03af9063	bne	x31,x26,80000d28	 x31:0x00003435 x26:0x00000074
        8265000	       825	00000000	00000013	addi	x0,x0,0	  x0:0x00000000
        8275000	       826	80000d24	00000013	addi	x0,x0,0	  x0:0x00000000
        8285000	       827	80000d28	0e55a913	slti	x18,x11,229	 x11:0xfffffa9a x18=0x00000001
        8295000	       828	80000d2c	00c75663	bge	x14,x12,80000d38	 x14:0xfffffffd x12:0x00000074
        8305000	       829	80000d30	4148d193	srai	x3,x17,0x14	 x17:0x80008805  x3=0xfffff800
        8315000	       830	80000d34	40d25db3	sra	x27,x4,x13	  x4:0x00000000 x13:0x00000001 x27=0x00000000
        8325000	       831	80000d38	00c93433	sltu	x8,x18,x12	 x18:0x00000001 x12:0x00000074  x8=0x00000001
        8335000	       832	80000d3c	007b4ab3	xor	x21,x22,x7	 x22:0x80000000  x7:0x80009fc4 x21=0x00009fc4
        8345000	       833	80000d40	ad77ed37	lui	x26,0xad77e	 x26=0xad77e000
        8355000	       834	80000d44	00000013	addi	x0,x0,0	  x0:0x00000000
        8365000	       835	80000d48	00073d33	sltu	x26,x14,x0	 x14:0xfffffffd  x0:0x00000000 x26=0x00000000
        8375000	       836	80000d4c	418c5913	srai	x18,x24,0x18	 x24:0xe364dc1c x18=0xffffffe3
        8385000	       837	80000d50	d4a9db97	auipc	x23,0xd4a9d	 x23=0x54a9dd4c
        8395000	       838	80000d54	33557113	andi	x2,x10,821	 x10:0x80009f84  x2=0x00000304
        8405000	       839	80000d58	d7dc8913	addi	x18,x25,-643	 x25:0x2f5ad842 x18=0x2f5ad5bf
        8415000	       840	80000d5c	4023d733	sra	x14,x7,x2	  x7:0x80009fc4  x2:0x00000304 x14=0xf80009fc
        8425000	       841	80000d60	02d58263	beq	x11,x13,80000d84	 x11:0xfffffa9a x13:0x00000001
        8435000	       842	80000d64	f0a8b893	sltiu	x17,x17,-246	 x17:0x80008805 x17=0x00000001
        8445000	       843	80000d68	41085cb3	sra	x25,x16,x16	 x16:0x00000000 x16:0x00000000 x25=0x00000000
        8455000	       844	80000d6c	0106d213	srli	x4,x13,0x10	 x13:0x00000001  x4=0x00000000
        8465000	       845	80000d70	64e10c93	addi	x25,x2,1614	  x2:0x00000304 x25=0x00000952
        8475000	       846	80000d74	01f1ddb3	srl	x27,x3,x31	  x3:0xfffff800 x31:0x00003435 x27=0x000007ff
        8485000	       847	80000d78	0101feb3	and	x29,x3,x16	  x3:0xfffff800 x16:0x00000000 x29=0x00000000
        8495000	       848	80000d7c	01b55663	bge	x10,x27,80000d88	 x10:0x80009f84 x27:0x000007ff
        8505000	       849	80000d80	01276f33	or	x30,x14,x18	 x14:0xf80009fc x18:0x2f5ad5bf x30=0xff5addff
        8515000	       850	80000d84	7107e313	ori	x6,x15,1808	 x15:0x9e293cc8  x6=0x9e293fd8
        8525000	       851	80000d88	415b5e93	srai	x29,x22,0x15	 x22:0x80000000 x29=0xfffffc00
        8535000	       852	80000d8c	05e09263	bne	x1,x30,80000dd0	  x1:0x16ef7000 x30:0xff5addff
        8545000	       853	00000000	00000013	addi	x0,x0,0	  x0:0x00000000
        8555000	       854	80000dcc	00000013	addi	x0,x0,0	  x0:0x00000000
        8565000	       855	80000dd0	00807eb3	and	x29,x0,x8	  x0:0x00000000  x8:0x00000001 x29=0x00000000
        8575000	       856	80000dd4	00000013	addi	x0,x0,0	  x0:0x00000000
        8585000	       857	80000dd8	00de0f33	add	x30,x28,x13	 x28:0xe364dbbb x13:0x00000001 x30=0xe364dbbc
        8595000	       858	80000ddc	0d5bae13	slti	x28,x23,213	 x23:0x54a9dd4c x28=0x00000000
        8605000	       859	80000de0	00cbebb3	or	x23,x23,x12	 x23:0x54a9dd4c x12:0x00000074 x23=0x54a9dd7c
        8615000	       860	80000de4	96283e17	auipc	x28,0x96283	 x28=0x16283de0
        8625000	       861	80000de8	0523c463	blt	x7,x18,80000e30	  x7:0x80009fc4 x18:0x2f5ad5bf
        8635000	       862	00000000	00000013	addi	x0,x0,0	  x0:0x00000000
        8645000	       863	80000e2c	00000013	addi	x0,x0,0	  x0:0x00000000
        8655000	       864	80000e30	04110063	beq	x2,x1,80000e70	  x2:0x00000304  x1:0x16ef7000
        8665000	       865	80000e34	2fba8293	addi	x5,x21,763	 x21:0x00009fc4  x5=0x0000a2bf
        8675000	       866	80000e38	02284e63	blt	x16,x2,80000e74	 x16:0x00000000  x2:0x00000304
        8685000	       867	00000000	00000013	addi	x0,x0,0	  x0:0x00000000
        8695000	       868	80000e70	00000013	addi	x0,x0,0	  x0:0x00000000
        8705000	       869	80000e74	011b9433	sll	x8,x23,x17	 x23:0x54a9dd7c x17:0x00000001  x8=0xa953baf8
        8715000	       870	80000e78	40bc5793	srai	x15,x24,0xb	 x24:0xe364dc1c x15=0xfffc6c9b
        8725000	       871	80000e7c	0250ea63	bltu	x1,x5,80000eb0	  x1:0x16ef7000  x5:0x0000a2bf
        8735000	       872	80000e80	419b5c37	lui	x24,0x419b5	 x24=0x419b5000
        8745000	       873	80000e84	40ee8e33	sub	x28,x29,x14	 x29:0x00000000 x14:0xf80009fc x28=0x07fff604
        8755000	       874	80000e88	00e9e663	bltu	x19,x14,80000e94	 x19:0xfffffc07 x14:0xf80009fc
        8765000	       875	80000e8c	051b7063	bgeu	x22,x17,80000ecc	 x22:0x80000000 x17:0x00000001
        8775000	       876	00000000	00000013	addi	x0,x0,0	  x0:0x00000000
        8785000	       877	80000ec8	00000013	addi	x0,x0,0	  x0:0x00000000
        8795000	       878	80000ecc	017d1d93	slli	x27,x26,0x17	 x26:0x00000000 x27=0x00000000
        8805000	       879	80000ed0	0057d913	srli	x18,x15,0x5	 x15:0xfffc6c9b x18=0x07ffe364
        8815000	       880	80000ed4	0737fa63	bgeu	x15,x19,80000f48	 x15:0xfffc6c9b x19:0xfffffc07
        8825000	       881	80000ed8	00e30c33	add	x24,x6,x14	  x6:0x9e293fd8 x14:0xf80009fc x24=0x962949d4
        8835000	       882	80000edc	befb0d13	addi	x26,x22,-1041	 x22:0x80000000 x26=0x7ffffbef
        8845000	       883	80000ee0	0182dd33	srl	x26,x5,x24	  x5:0x0000a2bf x24:0x962949d4 x26=0x00000000
        8855000	       884	80000ee4	fcab8b93	addi	x23,x23,-54	 x23:0x54a9dd7c x23=0x54a9dd46
        8865000	       885	80000ee8	000e71b3	and	x3,x28,x0	 x28:0x07fff604  x0:0x00000000  x3=0x00000000
        8875000	       886	80000eec	c4fe4893	xori	x17,x28,-945	 x28:0x07fff604 x17=0xf8000a4b
        8885000	       887	80000ef0	40d004b3	sub	x9,x0,x13	  x0:0x00000000 x13:0x00000001  x9=0xffffffff
        8895000	       888	80000ef4	cc28f293	andi	x5,x17,-830	 x17:0xf8000a4b  x5=0xf8000842
        8905000	       889	80000ef8	40a8de33	sra	x28,x17,x10	 x17:0xf8000a4b x10:0x80009f84 x28=0xff8000a4
        8915000	       890	80000efc	063f7c63	bgeu	x30,x3,80000f74	 x30:0xe364dbbc  x3:0x00000000
        8925000	       891	00000000	00000013	addi	x0,x0,0	  x0:0x00000000
        8935000	       892	80000f70	00000013	addi	x0,x0,0	  x0:0x00000000
        8945000	       893	80000f74	028fda63	bge	x31,x8,80000fa8	 x31:0x00003435  x8:0xa953baf8
        8955000	       894	00000000	00000013	addi	x0,x0,0	  x0:0x00000000
        8965000	       895	80000fa4	00000013	addi	x0,x0,0	  x0:0x00000000
        8975000	       896	80000fa8	b225ac13	slti	x24,x11,-1246	 x11:0xfffffa9a x24=0x00000001
        8985000	       897	80000fac	00c19f33	sll	x30,x3,x12	  x3:0x00000000 x12:0x00000074 x30=0x00000000
        8995000	       898	80000fb0	01c6b5b3	sltu	x11,x13,x28	 x13:0x00000001 x28:0xff8000a4 x11=0x00000001
        9005000	       899	80000fb4	b596f817	auipc	x16,0xb596f	 x16=0x3596ffb0
        9015000	       900	80000fb8	013f1bb3	sll	x23,x30,x19	 x30:0x00000000 x19:0xfffffc07 x23=0x00000000
        9025000	       901	80000fbc	01686e63	bltu	x16,x22,80000fd8	 x16:0x3596ffb0 x22:0x80000000
        9035000	       902	00000000	00000013	addi	x0,x0,0	  x0:0x00000000
        9045000	       903	80000fd4	00000013	addi	x0,x0,0	  x0:0x00000000
        9055000	       904	80000fd8	01790fb3	add	x31,x18,x23	 x18:0x07ffe364 x23:0x00000000 x31=0x07ffe364
        9065000	       905	80000fdc	2090bb93	sltiu	x23,x1,521	  x1:0x16ef7000 x23=0x00000000
        9075000	       906	80000fe0	07806263	bltu	x0,x24,80001044	  x0:0x00000000 x24:0x00000001
        9085000	       907	00000000	00000013	addi	x0,x0,0	  x0:0x00000000
        9095000	       908	80001040	00000013	addi	x0,x0,0	  x0:0x00000000
        9105000	       909	80001044	00282433	slt	x8,x16,x2	 x16:0x3596ffb0  x2:0x00000304  x8=0x00000000
        9115000	       910	80001048	05ddf663	bgeu	x27,x29,80001094	 x27:0x00000000 x29:0x00000000
        9125000	       911	00000000	00000013	addi	x0,x0,0	  x0:0x00000000
        9135000	       912	80001090	00000013	addi	x0,x0,0	  x0:0x00000000
        9145000	       913	80001094	412654b3	sra	x9,x12,x18	 x12:0x00000074 x18:0x07ffe364  x9=0x00000007
        9155000	       914	80001098	d2a6f693	andi	x13,x13,-726	 x13:0x00000001 x13=0x00000000
        9165000	       915	8000109c	0126d293	srli	x5,x13,0x12	 x13:0x00000000  x5=0x00000000
        9175000	       916	800010a0	41bc51b3	sra	x3,x24,x27	 x24:0x00000001 x27:0x00000000  x3=0x00000001
        9185000	       917	800010a4	41a70433	sub	x8,x14,x26	 x14:0xf80009fc x26:0x00000000  x8=0xf80009fc
        9195000	       918	800010a8	013d9433	sll	x8,x27,x19	 x27:0x00000000 x19:0xfffffc07  x8=0x00000000
        9205000	       919	800010ac	09767263	bgeu	x12,x23,80001130	 x12:0x00000074 x23:0x00000000
        9215000	       920	00000000	00000013	addi	x0,x0,0	  x0:0x00000000
        9225000	       921	8000112c	00000013	addi	x0,x0,0	  x0:0x00000000
        9235000	       922	80001130	01c94833	xor	x16,x18,x28	 x18:0x07ffe364 x28:0xff8000a4 x16=0xf87fe3c0
        9245000	       923	80001134	14ddab93	slti	x23,x27,333	 x27:0x00000000 x23=0x00000001
        9255000	       924	80001138	00000013	addi	x0,x0,0	  x0:0x00000000
        9265000	       925	8000113c	00de5233	srl	x4,x28,x13	 x28:0xff8000a4 x13:0x00000000  x4=0xff8000a4
        9275000	       926	80001140	3bac7d13	andi	x26,x24,954	 x24:0x00000001 x26=0x00000000
        9285000	       927	80001144	f354ed13	ori	x26,x9,-203	  x9:0x00000007 x26=0xffffff37
        9295000	       928	80001148	02097a17	auipc	x20,0x2097	 x20=0x82098144
        9305000	       929	8000114c	00a07633	and	x12,x0,x10	  x0:0x00000000 x10:0x80009f84 x12=0x00000000
        9315000	       930	80001150	f3fdf017	auipc	x0,0xf3fdf	
        9325000	       931	80001154	01ac1f13	slli	x30,x24,0x1a	 x24:0x00000001 x30=0x04000000
        9335000	       932	80001158	a033fa93	andi	x21,x7,-1533	  x7:0x80009fc4 x21=0x80009a00
        9345000	       933	8000115c	039b8263	beq	x23,x25,80001180	 x23:0x00000001 x25:0x00000952
        9355000	       934	80001160	0002c263	blt	x5,x0,80001164	  x5:0x00000000  x0:0x00000000
        9365000	       935	80001164	2534d817	auipc	x16,0x2534d	 x16=0xa534e160
        9375000	       936	80001168	40ecda13	srai	x20,x25,0xe	 x25:0x00000952 x20=0x00000000
        9385000	       937	8000116c	40780d33	sub	x26,x16,x7	 x16:0xa534e160  x7:0x80009fc4 x26=0x2534419c
        9395000	       938	80001170	be7c1217	auipc	x4,0xbe7c1	  x4=0x3e7c216c
        9405000	       939	80001174	488334b7	lui	x9,0x48833	  x9=0x48833000
        9415000	       940	80001178	05f59063	bne	x11,x31,800011b8	 x11:0x00000001 x31:0x07ffe364
        9425000	       941	00000000	00000013	addi	x0,x0,0	  x0:0x00000000
        9435000	       942	800011b4	00000013	addi	x0,x0,0	  x0:0x00000000
        9445000	       943	800011b8	01ff3f33	sltu	x30,x30,x31	 x30:0x04000000 x31:0x07ffe364 x30=0x00000001
        9455000	       944	800011bc	8e4abb93	sltiu	x23,x21,-1820	 x21:0x80009a00 x23=0x00000001
        9465000	       945	800011c0	7b014e17	auipc	x28,0x7b014	 x28=0xfb0151bc
        9475000	       946	800011c4	cec2a893	slti	x17,x5,-788	  x5:0x00000000 x17=0x00000000
        9485000	       947	800011c8	01895263	bge	x18,x24,800011cc	 x18:0x07ffe364 x24:0x00000001
        9495000	       948	00000000	00000013	addi	x0,x0,0	  x0:0x00000000
        9505000	       949	800011c8	00000013	addi	x0,x0,0	  x0:0x00000000
        9515000	       950	800011cc	01617cb3	and	x25,x2,x22	  x2:0x00000304 x22:0x80000000 x25=0x00000000
        9525000	       951	800011d0	046e8463	beq	x29,x6,80001218	 x29:0x00000000  x6:0x9e293fd8
        9535000	       952	800011d4	006b5f33	srl	x30,x22,x6	 x22:0x80000000  x6:0x9e293fd8 x30=0x00000080
        9545000	       953	800011d8	04036463	bltu	x6,x0,80001220	  x6:0x9e293fd8  x0:0x00000000
        9555000	       954	800011dc	c776be93	sltiu	x29,x13,-905	 x13:0x00000000 x29=0x00000001
        9565000	       955	800011e0	0f8a4893	xori	x17,x20,248	 x20:0x00000000 x17=0x000000f8
        9575000	       956	800011e4	40765d13	srai	x26,x12,0x7	 x12:0x00000000 x26=0x00000000
        9585000	       957	800011e8	0379f713	andi	x14,x19,55	 x19:0xfffffc07 x14=0x00000007
        9595000	       958	800011ec	00000013	addi	x0,x0,0	  x0:0x00000000
        9605000	       959	800011f0	d9bea113	slti	x2,x29,-613	 x29:0x00000001  x2=0x00000000
        9615000	       960	800011f4	0061da93	srli	x21,x3,0x6	  x3:0x00000001 x21=0x00000000
        9625000	       961	800011f8	1d057f13	andi	x30,x10,464	 x10:0x80009f84 x30=0x00000180
        9635000	       962	800011fc	01599e13	slli	x28,x19,0x15	 x19:0xfffffc07 x28=0x80e00000
        9645000	       963	80001200	01826d33	or	x26,x4,x24	  x4:0x3e7c216c x24:0x00000001 x26=0x3e7c216d
        9655000	       964	80001204	40c28eb3	sub	x29,x5,x12	  x5:0x00000000 x12:0x00000000 x29=0x00000000
        9665000	       965	80001208	41acdd93	srai	x27,x25,0x1a	 x25:0x00000000 x27=0x00000000
        9675000	       966	8000120c	0087f9b3	and	x19,x15,x8	 x15:0xfffc6c9b  x8:0x00000000 x19=0x00000000
        9685000	       967	80001210	01888c33	add	x24,x17,x24	 x17:0x000000f8 x24:0x00000001 x24=0x000000f9
        9695000	       968	80001214	01d9ccb3	xor	x25,x19,x29	 x19:0x00000000 x29:0x00000000 x25=0x00000000
        9705000	       969	80001218	f38c4c13	xori	x24,x24,-200	 x24:0x000000f9 x24=0xffffffc1
        9715000	       970	8000121c	00fc9663	bne	x25,x15,80001228	 x25:0x00000000 x15:0xfffc6c9b
        9725000	       971	00000000	00000013	addi	x0,x0,0	  x0:0x00000000
        9735000	       972	80001224	00000013	addi	x0,x0,0	  x0:0x00000000
        9745000	       973	80001228	012c8733	add	x14,x25,x18	 x25:0x00000000 x18:0x07ffe364 x14=0x07ffe364
        9755000	       974	8000122c	009316b3	sll	x13,x6,x9	  x6:0x9e293fd8  x9:0x48833000 x13=0x9e293fd8
        9765000	       975	80001230	010a00b3	add	x1,x20,x16	 x20:0x00000000 x16:0xa534e160  x1=0xa534e160
        9775000	       976	80001234	001bda33	srl	x20,x23,x1	 x23:0x00000001  x1:0xa534e160 x20=0x00000001
        9785000	       977	80001238	030fd063	bge	x31,x16,80001258	 x31:0x07ffe364 x16:0xa534e160
        9795000	       978	00000000	00000013	addi	x0,x0,0	  x0:0x00000000
        9805000	       979	80001254	00000013	addi	x0,x0,0	  x0:0x00000000
        9815000	       980	80001258	00e76bb3	or	x23,x14,x14	 x14:0x07ffe364 x14:0x07ffe364 x23=0x07ffe364
        9825000	       981	8000125c	4d9f6913	ori	x18,x30,1241	 x30:0x00000180 x18=0x000005d9
        9835000	       982	80001260	0136b433	sltu	x8,x13,x19	 x13:0x9e293fd8 x19:0x00000000  x8=0x00000000
        9845000	       983	80001264	006f6863	bltu	x30,x6,80001274	 x30:0x00000180  x6:0x9e293fd8
        9855000	       984	00000000	00000013	addi	x0,x0,0	  x0:0x00000000
        9865000	       985	80001270	00000013	addi	x0,x0,0	  x0:0x00000000
        9875000	       986	80001274	401e0bb3	sub	x23,x28,x1	 x28:0x80e00000  x1:0xa534e160 x23=0xdbab1ea0
        9885000	       987	80001278	00ba9263	bne	x21,x11,8000127c	 x21:0x00000000 x11:0x00000001
        9895000	       988	00000000	00000013	addi	x0,x0,0	  x0:0x00000000
        9905000	       989	80001278	00000013	addi	x0,x0,0	  x0:0x00000000
        9915000	       990	8000127c	fd51f293	andi	x5,x3,-43	  x3:0x00000001  x5=0x00000001
        9925000	       991	80001280	41f95733	sra	x14,x18,x31	 x18:0x000005d9 x31:0x07ffe364 x14=0x0000005d
        9935000	       992	80001284	011d5913	srli	x18,x26,0x11	 x26:0x3e7c216d x18=0x00001f3e
        9945000	       993	80001288	00c3d863	bge	x7,x12,80001298	  x7:0x80009fc4 x12:0x00000000
        9955000	       994	8000128c	01cfc2b3	xor	x5,x31,x28	 x31:0x07ffe364 x28:0x80e00000  x5=0x871fe364
        9965000	       995	80001290	41e8d093	srai	x1,x17,0x1e	 x17:0x000000f8  x1=0x00000000
        9975000	       996	80001294	0d606063	bltu	x0,x22,80001354	  x0:0x00000000 x22:0x80000000
        9985000	       997	00000000	00000013	addi	x0,x0,0	  x0:0x00000000
        9995000	       998	80001350	00000013	addi	x0,x0,0	  x0:0x00000000
       10005000	       999	80001354	002c7c33	and	x24,x24,x2	 x24:0xffffffc1  x2:0x00000000 x24=0x00000000
       10015000	      1000	80001358	0353dc63	bge	x7,x21,80001390	  x7:0x80009fc4 x21:0x00000000
       10025000	      1001	8000135c	011dd833	srl	x16,x27,x17	 x27:0x00000000 x17:0x000000f8 x16=0x00000000
       10035000	      1002	80001360	0431f463	bgeu	x3,x3,800013a8	  x3:0x00000001  x3:0x00000001
       10045000	      1003	00000000	00000013	addi	x0,x0,0	  x0:0x00000000
       10055000	      1004	800013a4	00000013	addi	x0,x0,0	  x0:0x00000000
       10065000	      1005	800013a8	02cdc463	blt	x27,x12,800013d0	 x27:0x00000000 x12:0x00000000
       10075000	      1006	800013ac	0076a8b3	slt	x17,x13,x7	 x13:0x9e293fd8  x7:0x80009fc4 x17=0x00000000
       10085000	      1007	800013b0	054ae463	bltu	x21,x20,800013f8	 x21:0x00000000 x20:0x00000001
       10095000	      1008	00000000	00000013	addi	x0,x0,0	  x0:0x00000000
       10105000	      1009	800013f4	00000013	addi	x0,x0,0	  x0:0x00000000
       10115000	      1010	800013f8	012a4db3	xor	x27,x20,x18	 x20:0x00000001 x18:0x00001f3e x27=0x00001f3f
       10125000	      1011	800013fc	01f39e93	slli	x29,x7,0x1f	  x7:0x80009fc4 x29=0x00000000
       10135000	      1012	80001400	028aea63	bltu	x21,x8,80001434	 x21:0x00000000  x8:0x00000000
       10145000	      1013	80001404	76ec4c13	xori	x24,x24,1902	 x24:0x00000000 x24=0x0000076e
       10155000	      1014	80001408	0137ea97	auipc	x21,0x137e	 x21=0x8137f404
       10165000	      1015	8000140c	eb634813	xori	x16,x6,-330	  x6:0x9e293fd8 x16=0x61d6c16e
       10175000	      1016	80001410	31b8fc13	andi	x24,x17,795	 x17:0x00000000 x24=0x00000000
       10185000	      1017	80001414	00d2f6b3	and	x13,x5,x13	  x5:0x871fe364 x13:0x9e293fd8 x13=0x86092340
       10195000	      1018	80001418	01a33833	sltu	x16,x6,x26	  x6:0x9e293fd8 x26:0x3e7c216d x16=0x00000000
       10205000	      1019	8000141c	0458c263	blt	x17,x5,80001460	 x17:0x00000000  x5:0x871fe364
       10215000	      1020	80001420	00a7da93	srli	x21,x15,0xa	 x15:0xfffc6c9b x21=0x003fff1b
       10225000	      1021	80001424	01ce8133	add	x2,x29,x28	 x29:0x00000000 x28:0x80e00000  x2=0x80e00000
       10235000	      1022	80001428	00845e63	bge	x8,x8,80001444	  x8:0x00000000  x8:0x00000000
       10245000	      1023	00000000	00000013	addi	x0,x0,0	  x0:0x00000000
       10255000	      1024	80001440	00000013	addi	x0,x0,0	  x0:0x00000000
       10265000	      1025	80001444	41c25333	sra	x6,x4,x28	  x4:0x3e7c216c x28:0x80e00000  x6=0x3e7c216c
       10275000	      1026	80001448	01ea9a63	bne	x21,x30,8000145c	 x21:0x003fff1b x30:0x00000180
       10285000	      1027	00000000	00000013	addi	x0,x0,0	  x0:0x00000000
       10295000	      1028	80001458	00000013	addi	x0,x0,0	  x0:0x00000000
       10305000	      1029	8000145c	8092e497	auipc	x9,0x8092e	  x9=0x0092f458
       10315000	      1030	80001460	00a7edb3	or	x27,x15,x10	 x15:0xfffc6c9b x10:0x80009f84 x27=0xfffcff9f
       10325000	      1031	80001464	41f55433	sra	x8,x10,x31	 x10:0x80009f84 x31:0x07ffe364  x8=0xf80009f8
       10335000	      1032	80001468	40bed913	srai	x18,x29,0xb	 x29:0x00000000 x18=0x00000000
       10345000	      1033	8000146c	00000013	addi	x0,x0,0	  x0:0x00000000
       10355000	      1034	80001470	c00bf593	andi	x11,x23,-1024	 x23:0xdbab1ea0 x11=0xdbab1c00
       10365000	      1035	80001474	01fe8833	add	x16,x29,x31	 x29:0x00000000 x31:0x07ffe364 x16=0x07ffe364
       10375000	      1036	80001478	00087bb3	and	x23,x16,x0	 x16:0x07ffe364  x0:0x00000000 x23=0x00000000
       10385000	      1037	8000147c	4111d813	srai	x16,x3,0x11	  x3:0x00000001 x16=0x00000000
       10395000	      1038	80001480	010bfd33	and	x26,x23,x16	 x23:0x00000000 x16:0x00000000 x26=0x00000000
       10405000	      1039	80001484	00e35593	srli	x11,x6,0xe	  x6:0x3e7c216c x11=0x0000f9f0
       10415000	      1040	80001488	04e5c063	blt	x11,x14,800014c8	 x11:0x0000f9f0 x14:0x0000005d
       10425000	      1041	8000148c	40a80eb3	sub	x29,x16,x10	 x16:0x00000000 x10:0x80009f84 x29=0x7fff607c
       10435000	      1042	80001490	53327413	andi	x8,x4,1331	  x4:0x3e7c216c  x8=0x00000120
       10445000	      1043	80001494	9cbc4f17	auipc	x30,0x9cbc4	 x30=0x1cbc5490
       10455000	      1044	80001498	381f4e13	xori	x28,x30,897	 x30:0x1cbc5490 x28=0x1cbc5711
       10465000	      1045	8000149c	cf197813	andi	x16,x18,-783	 x18:0x00000000 x16=0x00000000
       10475000	      1046	800014a0	04736663	bltu	x6,x7,800014ec	  x6:0x3e7c216c  x7:0x80009fc4
       10485000	      1047	00000000	00000013	addi	x0,x0,0	  x0:0x00000000
       10495000	      1048	800014e8	00000013	addi	x0,x0,0	  x0:0x00000000
       10505000	      1049	800014ec	211aeb93	ori	x23,x21,529	 x21:0x003fff1b x23=0x003fff1b
       10515000	      1050	800014f0	80dacab7	lui	x21,0x80dac	 x21=0x80dac000
       10525000	      1051	800014f4	03c59a63	bne	x11,x28,80001528	 x11:0x0000f9f0 x28:0x1cbc5711
       10535000	      1052	00000000	00000013	addi	x0,x0,0	  x0:0x00000000
       10545000	      1053	80001524	00000013	addi	x0,x0,0	  x0:0x00000000
       10555000	      1054	80001528	0099f663	bgeu	x19,x9,80001534	 x19:0x00000000  x9:0x0092f458
       10565000	      1055	8000152c	7c857d13	andi	x26,x10,1992	 x10:0x80009f84 x26=0x00000780
       10575000	      1056	80001530	031dcc63	blt	x27,x17,80001568	 x27:0xfffcff9f x17:0x00000000
       10585000	      1057	00000000	00000013	addi	x0,x0,0	  x0:0x00000000
       10595000	      1058	80001564	00000013	addi	x0,x0,0	  x0:0x00000000
       10605000	      1059	80001568	40695633	sra	x12,x18,x6	 x18:0x00000000  x6:0x3e7c216c x12=0x00000000
       10615000	      1060	8000156c	40acde13	srai	x28,x25,0xa	 x25:0x00000000 x28=0x00000000
       10625000	      1061	80001570	009837b3	sltu	x15,x16,x9	 x16:0x00000000  x9:0x0092f458 x15=0x00000001
       10635000	      1062	80001574	02e58463	beq	x11,x14,8000159c	 x11:0x0000f9f0 x14:0x0000005d
       10645000	      1063	80001578	05a78263	beq	x15,x26,800015bc	 x15:0x00000001 x26:0x00000780
       10655000	      1064	8000157c	01b67663	bgeu	x12,x27,80001588	 x12:0x00000000 x27:0xfffcff9f
       10665000	      1065	80001580	00147333	and	x6,x8,x1	  x8:0x00000120  x1:0x00000000  x6=0x00000000
       10675000	      1066	80001584	011092b3	sll	x5,x1,x17	  x1:0x00000000 x17:0x00000000  x5=0x00000000
       10685000	      1067	80001588	413e84b3	sub	x9,x29,x19	 x29:0x7fff607c x19:0x00000000  x9=0x7fff607c
       10695000	      1068	8000158c	05b5d463	bge	x11,x27,800015d4	 x11:0x0000f9f0 x27:0xfffcff9f
       10705000	      1069	00000000	00000013	addi	x0,x0,0	  x0:0x00000000
       10715000	      1070	800015d0	00000013	addi	x0,x0,0	  x0:0x00000000
       10725000	      1071	800015d4	4157d793	srai	x15,x15,0x15	 x15:0x00000001 x15=0x00000000
       10735000	      1072	800015d8	02698a63	beq	x19,x6,8000160c	 x19:0x00000000  x6:0x00000000
       10745000	      1073	00000000	00000013	addi	x0,x0,0	  x0:0x00000000
       10755000	      1074	80001608	00000013	addi	x0,x0,0	  x0:0x00000000
       10765000	      1075	8000160c	0138b1b3	sltu	x3,x17,x19	 x17:0x00000000 x19:0x00000000  x3=0x00000000
       10775000	      1076	80001610	418dde93	srai	x29,x27,0x18	 x27:0xfffcff9f x29=0xffffffff
       10785000	      1077	80001614	013936b3	sltu	x13,x18,x19	 x18:0x00000000 x19:0x00000000 x13=0x00000000
       10795000	      1078	80001618	01ef7a63	bgeu	x30,x30,8000162c	 x30:0x1cbc5490 x30:0x1cbc5490
       10805000	      1079	00000000	00000013	addi	x0,x0,0	  x0:0x00000000
       10815000	      1080	80001628	00000013	addi	x0,x0,0	  x0:0x00000000
       10825000	      1081	8000162c	05ba1063	bne	x20,x27,8000166c	 x20:0x00000001 x27:0xfffcff9f
       10835000	      1082	00000000	00000013	addi	x0,x0,0	  x0:0x00000000
       10845000	      1083	80001668	00000013	addi	x0,x0,0	  x0:0x00000000
       10855000	      1084	8000166c	004cb5b3	sltu	x11,x25,x4	 x25:0x00000000  x4:0x3e7c216c x11=0x00000001
       10865000	      1085	80001670	008d5013	srli	x0,x26,0x8	 x26:0x00000780
       10875000	      1086	80001674	a4994693	xori	x13,x18,-1463	 x18:0x00000000 x13=0xfffffa49
       10885000	      1087	80001678	000ac263	blt	x21,x0,8000167c	 x21:0x80dac000  x0:0x00000000
       10895000	      1088	00000000	00000013	addi	x0,x0,0	  x0:0x00000000
       10905000	      1089	80001678	00000013	addi	x0,x0,0	  x0:0x00000000
       10915000	      1090	8000167c	2b2c0d13	addi	x26,x24,690	 x24:0x00000000 x26=0x000002b2
       10925000	      1091	80001680	005ffbb3	and	x23,x31,x5	 x31:0x07ffe364  x5:0x00000000 x23=0x00000000
       10935000	      1092	80001684	04461263	bne	x12,x4,800016c8	 x12:0x00000000  x4:0x3e7c216c
       10945000	      1093	00000000	00000013	addi	x0,x0,0	  x0:0x00000000
       10955000	      1094	800016c4	00000013	addi	x0,x0,0	  x0:0x00000000
       10965000	      1095	800016c8	011cdd33	srl	x26,x25,x17	 x25:0x00000000 x17:0x00000000 x26=0x00000000
       10975000	      1096	800016cc	05241663	bne	x8,x18,80001718	  x8:0x00000120 x18:0x00000000
       10985000	      1097	00000000	00000013	addi	x0,x0,0	  x0:0x00000000
       10995000	      1098	80001714	00000013	addi	x0,x0,0	  x0:0x00000000
       11005000	      1099	80001718	0148a233	slt	x4,x17,x20	 x17:0x00000000 x20:0x00000001  x4=0x00000001
       11015000	      1100	8000171c	01786863	bltu	x16,x23,8000172c	 x16:0x00000000 x23:0x00000000
       11025000	      1101	80001720	00d4ceb3	xor	x29,x9,x13	  x9:0x7fff607c x13:0xfffffa49 x29=0x80009a35
       11035000	      1102	80001724	fc1cc493	xori	x9,x25,-63	 x25:0x00000000  x9=0xffffffc1
       11045000	      1103	80001728	00000013	addi	x0,x0,0	  x0:0x00000000
       11055000	      1104	8000172c	b4bac837	lui	x16,0xb4bac	 x16=0xb4bac000
       11065000	      1105	80001730	41613993	sltiu	x19,x2,1046	  x2:0x80e00000 x19=0x00000000
       11075000	      1106	80001734	69e48797	auipc	x15,0x69e48	 x15=0xe9e49730
       11085000	      1107	80001738	01825493	srli	x9,x4,0x18	  x4:0x00000001  x9=0x00000000
       11095000	      1108	8000173c	ede3ac93	slti	x25,x7,-290	  x7:0x80009fc4 x25=0x00000001
       11105000	      1109	80001740	058d6463	bltu	x26,x24,80001788	 x26:0x00000000 x24:0x00000000
       11115000	      1110	80001744	006efe33	and	x28,x29,x6	 x29:0x80009a35  x6:0x00000000 x28=0x00000000
       11125000	      1111	80001748	40700033	sub	x0,x0,x7	  x0:0x00000000  x7:0x80009fc4
       11135000	      1112	8000174c	699a2613	slti	x12,x20,1689	 x20:0x00000001 x12=0x00000001
       11145000	      1113	80001750	031afe63	bgeu	x21,x17,8000178c	 x21:0x80dac000 x17:0x00000000
       11155000	      1114	00000000	00000013	addi	x0,x0,0	  x0:0x00000000
       11165000	      1115	80001788	00000013	addi	x0,x0,0	  x0:0x00000000
       11175000	      1116	8000178c	019667b3	or	x15,x12,x25	 x12:0x00000001 x25:0x00000001 x15=0x00000001
       11185000	      1117	80001790	8e02c497	auipc	x9,0x8e02c	  x9=0x0e02d78c
       11195000	      1118	80001794	02845463	bge	x8,x8,800017bc	  x8:0x00000120  x8:0x00000120
       11205000	      1119	00000000	00000013	addi	x0,x0,0	  x0:0x00000000
       11215000	      1120	800017b8	00000013	addi	x0,x0,0	  x0:0x00000000
       11225000	      1121	800017bc	00cfee63	bltu	x31,x12,800017d8	 x31:0x07ffe364 x12:0x00000001
       11235000	      1122	800017c0	00000013	addi	x0,x0,0	  x0:0x00000000
       11245000	      1123	800017c4	007fc663	blt	x31,x7,800017d0	 x31:0x07ffe364  x7:0x80009fc4
       11255000	      1124	800017c8	41800733	sub	x14,x0,x24	  x0:0x00000000 x24:0x00000000 x14=0x00000000
       11265000	      1125	800017cc	05908263	beq	x1,x25,80001810	  x1:0x00000000 x25:0x00000001
       11275000	      1126	800017d0	025b1c63	bne	x22,x5,80001808	 x22:0x80000000  x5:0x00000000
       11285000	      1127	00000000	00000013	addi	x0,x0,0	  x0:0x00000000
       11295000	      1128	80001804	00000013	addi	x0,x0,0	  x0:0x00000000
       11305000	      1129	80001808	01674033	xor	x0,x14,x22	 x14:0x00000000 x22:0x80000000
       11315000	      1130	8000180c	01898993	addi	x19,x19,24	 x19:0x00000000 x19=0x00000018
       11325000	      1131	80001810	01bb5413	srli	x8,x22,0x1b	 x22:0x80000000  x8=0x00000010
       11335000	      1132	80001814	059d0063	beq	x26,x25,80001854	 x26:0x00000000 x25:0x00000001
       11345000	      1133	80001818	01da5633	srl	x12,x20,x29	 x20:0x00000001 x29:0x80009a35 x12=0x00000000
       11355000	      1134	8000181c	02a59a63	bne	x11,x10,80001850	 x11:0x00000001 x10:0x80009f84
       11365000	      1135	00000000	00000013	addi	x0,x0,0	  x0:0x00000000
       11375000	      1136	8000184c	00000013	addi	x0,x0,0	  x0:0x00000000
       11385000	      1137	80001850	b215c793	xori	x15,x11,-1247	 x11:0x00000001 x15=0xfffffb20
       11395000	      1138	80001854	03767a63	bgeu	x12,x23,80001888	 x12:0x00000000 x23:0x00000000
       11405000	      1139	00000000	00000013	addi	x0,x0,0	  x0:0x00000000
       11415000	      1140	80001884	00000013	addi	x0,x0,0	  x0:0x00000000
       11425000	      1141	80001888	41fbd313	srai	x6,x23,0x1f	 x23:0x00000000  x6=0x00000000
       11435000	      1142	8000188c	01fc99b3	sll	x19,x25,x31	 x25:0x00000001 x31:0x07ffe364 x19=0x00000010
       11445000	      1143	80001890	05ab0263	beq	x22,x26,800018d4	 x22:0x80000000 x26:0x00000000
       11455000	      1144	80001894	0ecc3717	auipc	x14,0xecc3	 x14=0x8ecc4890
       11465000	      1145	80001898	afdcb193	sltiu	x3,x25,-1283	 x25:0x00000001  x3=0x00000001
       11475000	      1146	8000189c	400e56b3	sra	x13,x28,x0	 x28:0x00000000  x0:0x00000000 x13=0x00000000
       11485000	      1147	800018a0	789f7713	andi	x14,x30,1929	 x30:0x1cbc5490 x14=0x00000480
       11495000	      1148	800018a4	6f460613	addi	x12,x12,1780	 x12:0x00000000 x12=0x000006f4
       11505000	      1149	800018a8	0150de33	srl	x28,x1,x21	  x1:0x00000000 x21:0x80dac000 x28=0x00000000
       11515000	      1150	800018ac	03d31263	bne	x6,x29,800018d0	  x6:0x00000000 x29:0x80009a35
       11525000	      1151	00000000	00000013	addi	x0,x0,0	  x0:0x00000000
       11535000	      1152	800018cc	00000013	addi	x0,x0,0	  x0:0x00000000
       11545000	      1153	800018d0	0182ad33	slt	x26,x5,x24	  x5:0x00000000 x24:0x00000000 x26=0x00000000
       11555000	      1154	800018d4	009ac933	xor	x18,x21,x9	 x21:0x80dac000  x9:0x0e02d78c x18=0x8ed8178c
       11565000	      1155	800018d8	0062bc93	sltiu	x25,x5,6	  x5:0x00000000 x25=0x00000001
       11575000	      1156	800018dc	01708463	beq	x1,x23,800018e4	  x1:0x00000000 x23:0x00000000
       11585000	      1157	00000000	00000013	addi	x0,x0,0	  x0:0x00000000
       11595000	      1158	800018e0	00000013	addi	x0,x0,0	  x0:0x00000000
       11605000	      1159	800018e4	f212f993	andi	x19,x5,-223	  x5:0x00000000 x19=0x00000000
       11615000	      1160	800018e8	00000b17	auipc	x22,0x0	 x22=0x800018e4
       11625000	      1161	800018ec	00cb0b13	addi	x22,x22,12	 x22:0x800018e4 x22=0x800018f0
       11635000	      1162	800018f0	000b0067	jalr	x0,x22,0	 x22:0x800018f0
       11645000	      1163	00000000	00000013	addi	x0,x0,0	  x0:0x00000000
       11655000	      1164	800018f0	00000013	addi	x0,x0,0	  x0:0x00000000
       11665000	      1165	800018f4	00100193	addi	x3,x0,1	  x0:0x00000000  x3=0x00000001
       11675000	      1166	800018f8	00000073	ecall	
       11685000	      1167	800018fc	01a89eb3	sll	x29,x17,x26	 x17:0x00000000 x26:0x00000000 x29=0x00000000
