		Time			Cycle	PC		Insn	Decoded instruction	Register and memory contents
          65000	         5	80000004	00000293	addi	x5,x0,0	  x0:0x00000000  x5=0x00000000
          75000	         6	80000008	00000313	addi	x6,x0,0	  x0:0x00000000  x6=0x00000000
          85000	         7	8000000c	00628263	beq	x5,x6,80000010	  x5:0x00000000  x6:0x00000000
          95000	         8	00000000	00000013	addi	x0,x0,0	  x0:0x00000000
         105000	         9	8000000c	00000013	addi	x0,x0,0	  x0:0x00000000
         115000	        10	80000010	00000c97	auipc	x25,0x0	 x25=0x8000000c
         125000	        11	80000014	00cc8c93	addi	x25,x25,12	 x25:0x8000000c x25=0x80000018
         135000	        12	80000018	000c8067	jalr	x0,x25,0	 x25:0x80000018
         145000	        13	00000000	00000013	addi	x0,x0,0	  x0:0x00000000
         155000	        14	80000018	00000013	addi	x0,x0,0	  x0:0x00000000
         165000	        15	8000001c	40000137	lui	x2,0x40000	  x2=0x40000000
         175000	        16	80000020	10010113	addi	x2,x2,256	  x2:0x40000000  x2=0x40000100
         185000	        17	80000024	00000013	addi	x0,x0,0	  x0:0x00000000
         195000	        18	80000028	0000aa17	auipc	x20,0xa	 x20=0x8000a024
         205000	        19	8000002c	fa0a0a13	addi	x20,x20,-96	 x20:0x8000a024 x20=0x80009fc4
         215000	        20	80000030	00002117	auipc	x2,0x2	  x2=0x8000202c
         225000	        21	80000034	e9010113	addi	x2,x2,-368	  x2:0x8000202c  x2=0x80001ebc
         235000	        22	80000038	00016113	ori	x2,x2,0	  x2:0x80001ebc  x2=0x80001ebc
         245000	        23	8000003c	00000013	addi	x0,x0,0	  x0:0x00000000
         255000	        24	80000040	00000117	auipc	x2,0x0	  x2=0x8000003c
         265000	        25	80000044	02010113	addi	x2,x2,32	  x2:0x8000003c  x2=0x8000005c
         275000	        26	80000048	00000013	addi	x0,x0,0	  x0:0x00000000
         285000	        27	8000004c	00000013	addi	x0,x0,0	  x0:0x00000000
         295000	        28	80000050	00002137	lui	x2,0x2	  x2=0x00002000
         305000	        29	80000054	80010113	addi	x2,x2,-2048	  x2:0x00002000  x2=0x00001800
         315000	        30	80000058	00000013	addi	x0,x0,0	  x0:0x00000000
         325000	        31	8000005c	00000013	addi	x0,x0,0	  x0:0x00000000
         335000	        32	80000060	00000013	addi	x0,x0,0	  x0:0x00000000
         345000	        33	80000064	00c00093	addi	x1,x0,12	  x0:0x00000000  x1=0x0000000c
         355000	        34	80000068	c0e2e137	lui	x2,0xc0e2e	  x2=0xc0e2e000
         365000	        35	8000006c	e7b10113	addi	x2,x2,-389	  x2:0xc0e2e000  x2=0xc0e2de7b
         375000	        36	80000070	800001b7	lui	x3,0x80000	  x3=0x80000000
         385000	        37	80000074	eb7d8237	lui	x4,0xeb7d8	  x4=0xeb7d8000
         395000	        38	80000078	e7a20213	addi	x4,x4,-390	  x4:0xeb7d8000  x4=0xeb7d7e7a
         405000	        39	8000007c	00000293	addi	x5,x0,0	  x0:0x00000000  x5=0x00000000
         415000	        40	80000080	00000313	addi	x6,x0,0	  x0:0x00000000  x6=0x00000000
         425000	        41	80000084	f29093b7	lui	x7,0xf2909	  x7=0xf2909000
         435000	        42	80000088	a6838393	addi	x7,x7,-1432	  x7:0xf2909000  x7=0xf2908a68
         445000	        43	8000008c	fb314437	lui	x8,0xfb314	  x8=0xfb314000
         455000	        44	80000090	79340413	addi	x8,x8,1939	  x8:0xfb314000  x8=0xfb314793
         465000	        45	80000094	00900493	addi	x9,x0,9	  x0:0x00000000  x9=0x00000009
         475000	        46	80000098	f9c97537	lui	x10,0xf9c97	 x10=0xf9c97000
         485000	        47	8000009c	77650513	addi	x10,x10,1910	 x10:0xf9c97000 x10=0xf9c97776
         495000	        48	800000a0	00000593	addi	x11,x0,0	  x0:0x00000000 x11=0x00000000
         505000	        49	800000a4	70874637	lui	x12,0x70874	 x12=0x70874000
         515000	        50	800000a8	1ee60613	addi	x12,x12,494	 x12:0x70874000 x12=0x708741ee
         525000	        51	800000ac	ff30c6b7	lui	x13,0xff30c	 x13=0xff30c000
         535000	        52	800000b0	2c568693	addi	x13,x13,709	 x13:0xff30c000 x13=0xff30c2c5
         545000	        53	800000b4	b702b737	lui	x14,0xb702b	 x14=0xb702b000
         555000	        54	800000b8	9d970713	addi	x14,x14,-1575	 x14:0xb702b000 x14=0xb702a9d9
         565000	        55	800000bc	fe7207b7	lui	x15,0xfe720	 x15=0xfe720000
         575000	        56	800000c0	bea78793	addi	x15,x15,-1046	 x15:0xfe720000 x15=0xfe71fbea
         585000	        57	800000c4	80000837	lui	x16,0x80000	 x16=0x80000000
         595000	        58	800000c8	00d00893	addi	x17,x0,13	  x0:0x00000000 x17=0x0000000d
         605000	        59	800000cc	80000937	lui	x18,0x80000	 x18=0x80000000
         615000	        60	800000d0	800009b7	lui	x19,0x80000	 x19=0x80000000
         625000	        61	800000d4	1b318ab7	lui	x21,0x1b318	 x21=0x1b318000
         635000	        62	800000d8	804a8a93	addi	x21,x21,-2044	 x21:0x1b318000 x21=0x1b317804
         645000	        63	800000dc	a2905b37	lui	x22,0xa2905	 x22=0xa2905000
         655000	        64	800000e0	7e2b0b13	addi	x22,x22,2018	 x22:0xa2905000 x22=0xa29057e2
         665000	        65	800000e4	00000b93	addi	x23,x0,0	  x0:0x00000000 x23=0x00000000
         675000	        66	800000e8	80000c37	lui	x24,0x80000	 x24=0x80000000
         685000	        67	800000ec	80000cb7	lui	x25,0x80000	 x25=0x80000000
         695000	        68	800000f0	fd35cd37	lui	x26,0xfd35c	 x26=0xfd35c000
         705000	        69	800000f4	e5cd0d13	addi	x26,x26,-420	 x26:0xfd35c000 x26=0xfd35be5c
         715000	        70	800000f8	ab6cddb7	lui	x27,0xab6cd	 x27=0xab6cd000
         725000	        71	800000fc	b8dd8d93	addi	x27,x27,-1139	 x27:0xab6cd000 x27=0xab6ccb8d
         735000	        72	80000100	a964de37	lui	x28,0xa964d	 x28=0xa964d000
         745000	        73	80000104	0aae0e13	addi	x28,x28,170	 x28:0xa964d000 x28=0xa964d0aa
         755000	        74	80000108	0ae93f37	lui	x30,0xae93	 x30=0x0ae93000
         765000	        75	8000010c	feaf0f13	addi	x30,x30,-22	 x30:0x0ae93000 x30=0x0ae92fea
         775000	        76	80000110	00300f93	addi	x31,x0,3	  x0:0x00000000 x31=0x00000003
         785000	        77	80000114	0000ae97	auipc	x29,0xa	 x29=0x8000a110
         795000	        78	80000118	e74e8e93	addi	x29,x29,-396	 x29:0x8000a110 x29=0x80009f84
         805000	        79	8000011c	00001997	auipc	x19,0x1	 x19=0x80001118
         815000	        80	80000120	b1c98993	addi	x19,x19,-1252	 x19:0x80001118 x19=0x80000c34
         825000	        81	80000124	015acab3	xor	x21,x21,x21	 x21:0x1b317804 x21:0x1b317804 x21=0x00000000
         835000	        82	80000128	edf98993	addi	x19,x19,-289	 x19:0x80000c34 x19=0x80000b13
         845000	        83	8000012c	012b5a63	bge	x22,x18,80000140	 x22:0xa29057e2 x18:0x80000000
         855000	        84	00000000	00000013	addi	x0,x0,0	  x0:0x00000000
         865000	        85	8000013c	00000013	addi	x0,x0,0	  x0:0x00000000
         875000	        86	80000140	121989e7	jalr	x19,x19,289	 x19:0x80000b13 x19=0x80000140
         885000	        87	00000000	00000013	addi	x0,x0,0	  x0:0x00000000
         895000	        88	80000c34	00000013	addi	x0,x0,0	  x0:0x00000000
         905000	        89	80000c38	00000013	addi	x0,x0,0	  x0:0x00000000
         915000	        90	80000c3c	01570263	beq	x14,x21,80000c40	 x14:0xb702a9d9 x21:0x00000000
         925000	        91	80000c40	ff4e8e93	addi	x29,x29,-12	 x29:0x80009f84 x29=0x80009f78
         935000	        92	80000c44	407dd193	srai	x3,x27,0x7	 x27:0xab6ccb8d  x3=0xff56d997
         945000	        93	80000c48	70956c13	ori	x24,x10,1801	 x10:0xf9c97776 x24=0xf9c9777f
         955000	        94	80000c4c	013ea223	sw	x19,4(x29)	 x29:0x80009f78 x19:0x80000140 PA:0x80009f7c
         965000	        95	80000c50	0070d493	srli	x9,x1,0x7	  x1:0x0000000c  x9=0x00000000
         975000	        96	80000c54	92747013	andi	x0,x8,-1753	  x8:0xfb314793
         985000	        97	80000c58	00008317	auipc	x6,0x8	  x6=0x80008c54
         995000	        98	80000c5c	9fd30313	addi	x6,x6,-1539	  x6:0x80008c54  x6=0x80008651
        1005000	        99	80000c60	00534583	lbu	x11,5(x6)	  x6:0x80008651 x11=0x00000000 PA:0x80008656
        1015000	       100	80000c64	018302a3	sb	x24,5(x6)	  x6:0x80008651 x24:0xf9c9777f PA:0x80008656
        1025000	       101	80000c68	00534903	lbu	x18,5(x6)	  x6:0x80008651 x18=0x0000007f PA:0x80008656
        1035000	       102	80000c6c	00534083	lbu	x1,5(x6)	  x6:0x80008651  x1=0x0000007f PA:0x80008656
        1045000	       103	80000c70	00c30583	lb	x11,12(x6)	  x6:0x80008651 x11=0x00000000 PA:0x8000865d
        1055000	       104	80000c74	01b30423	sb	x27,8(x6)	  x6:0x80008651 x27:0xab6ccb8d PA:0x80008659
        1065000	       105	80000c78	00830403	lb	x8,8(x6)	  x6:0x80008651  x8=0xffffff8d PA:0x80008659
        1075000	       106	00000000	00000013	addi	x0,x0,0	  x0:0x00000000
        1085000	       107	80000c7c	00830983	lb	x19,8(x6)	  x6:0x80008651 x19=0xffffff8d PA:0x80008659
        1095000	       108	80000c80	00834b83	lbu	x23,8(x6)	  x6:0x80008651 x23=0x0000008d PA:0x80008659
        1105000	       109	80000c84	01b0b433	sltu	x8,x1,x27	  x1:0x0000007f x27:0xab6ccb8d  x8=0x00000001
        1115000	       110	80000c88	7318db17	auipc	x22,0x7318d	 x22=0xf318dc84
        1125000	       111	80000c8c	00c30423	sb	x12,8(x6)	  x6:0x80008651 x12:0x708741ee PA:0x80008659
        1135000	       112	80000c90	005090b3	sll	x1,x1,x5	  x1:0x0000007f  x5:0x00000000  x1=0x0000007f
        1145000	       113	80000c94	00830783	lb	x15,8(x6)	  x6:0x80008651 x15=0xffffffee PA:0x80008659
        1155000	       114	80000c98	00135783	lhu	x15,1(x6)	  x6:0x80008651 x15=0x00000000 PA:0x80008652
        1165000	       115	80000c9c	002300a3	sb	x2,1(x6)	  x6:0x80008651  x2:0xc0e2de7b PA:0x80008652
        1175000	       116	80000ca0	00134503	lbu	x10,1(x6)	  x6:0x80008651 x10=0x0000007b PA:0x80008652
        1185000	       117	80000ca4	00131803	lh	x16,1(x6)	  x6:0x80008651 x16=0x0000007b PA:0x80008652
        1195000	       118	80000ca8	00131983	lh	x19,1(x6)	  x6:0x80008651 x19=0x0000007b PA:0x80008652
        1205000	       119	80000cac	00131483	lh	x9,1(x6)	  x6:0x80008651  x9=0x0000007b PA:0x80008652
        1215000	       120	80000cb0	007f8433	add	x8,x31,x7	 x31:0x00000003  x7:0xf2908a68  x8=0xf2908a6b
        1225000	       121	80000cb4	013300a3	sb	x19,1(x6)	  x6:0x80008651 x19:0x0000007b PA:0x80008652
        1235000	       122	80000cb8	00134483	lbu	x9,1(x6)	  x6:0x80008651  x9=0x0000007b PA:0x80008652
        1245000	       123	80000cbc	00131b03	lh	x22,1(x6)	  x6:0x80008651 x22=0x0000007b PA:0x80008652
        1255000	       124	80000cc0	00008117	auipc	x2,0x8	  x2=0x80008cbc
        1265000	       125	80000cc4	e8510113	addi	x2,x2,-379	  x2:0x80008cbc  x2=0x80008b41
        1275000	       126	80000cc8	02c10803	lb	x16,44(x2)	  x2:0x80008b41 x16=0x00000000 PA:0x80008b6d
        1285000	       127	80000ccc	1c1f9697	auipc	x13,0x1c1f9	 x13=0x9c1f9cc8
        1295000	       128	80000cd0	20266013	ori	x0,x12,514	 x12:0x708741ee
        1305000	       129	80000cd4	01e9f4b3	and	x9,x19,x30	 x19:0x0000007b x30:0x0ae92fea  x9=0x0000006a
        1315000	       130	80000cd8	41aa0933	sub	x18,x20,x26	 x20:0x80009fc4 x26:0xfd35be5c x18=0x82cae168
        1325000	       131	80000cdc	02c11aa3	sh	x12,53(x2)	  x2:0x80008b41 x12:0x708741ee PA:0x80008b76
        1335000	       132	80000ce0	015ffbb3	and	x23,x31,x21	 x31:0x00000003 x21:0x00000000 x23=0x00000000
        1345000	       133	80000ce4	ff110583	lb	x11,-15(x2)	  x2:0x80008b41 x11=0x00000000 PA:0x80008b32
        1355000	       134	00000000	00000013	addi	x0,x0,0	  x0:0x00000000
        1365000	       135	80000ce8	02b11da3	sh	x11,59(x2)	  x2:0x80008b41 x11:0x00000000 PA:0x80008b7c
        1375000	       136	80000cec	01f71a93	slli	x21,x14,0x1f	 x14:0xb702a9d9 x21=0x80000000
        1385000	       137	80000cf0	fd610403	lb	x8,-42(x2)	  x2:0x80008b41  x8=0x00000000 PA:0x80008b17
        1395000	       138	00000000	00000013	addi	x0,x0,0	  x0:0x00000000
        1405000	       139	80000cf4	fe810e03	lb	x28,-24(x2)	  x2:0x80008b41 x28=0x00000000 PA:0x80008b29
        1415000	       140	80000cf8	04d10023	sb	x13,64(x2)	  x2:0x80008b41 x13:0x9c1f9cc8 PA:0x80008b81
        1425000	       141	80000cfc	b8392993	slti	x19,x18,-1149	 x18:0x82cae168 x19=0x00000001
        1435000	       142	80000d00	019e2733	slt	x14,x28,x25	 x28:0x00000000 x25:0x80000000 x14=0x00000000
        1445000	       143	80000d04	411f8233	sub	x4,x31,x17	 x31:0x00000003 x17:0x0000000d  x4=0xfffffff6
        1455000	       144	80000d08	41608bb3	sub	x23,x1,x22	  x1:0x0000007f x22:0x0000007b x23=0x00000004
        1465000	       145	80000d0c	017c9c33	sll	x24,x25,x23	 x25:0x80000000 x23:0x00000004 x24=0x00000000
        1475000	       146	80000d10	fd710723	sb	x23,-50(x2)	  x2:0x80008b41 x23:0x00000004 PA:0x80008b0f
        1485000	       147	80000d14	40b2dd13	srai	x26,x5,0xb	  x5:0x00000000 x26=0x00000000
        1495000	       148	80000d18	40075733	sra	x14,x14,x0	 x14:0x00000000  x0:0x00000000 x14=0x00000000
        1505000	       149	80000d1c	02a10a23	sb	x10,52(x2)	  x2:0x80008b41 x10:0x0000007b PA:0x80008b75
        1515000	       150	80000d20	a4c08c37	lui	x24,0xa4c08	 x24=0xa4c08000
        1525000	       151	80000d24	020104a3	sb	x0,41(x2)	  x2:0x80008b41  x0:0x00000000 PA:0x80008b6a
        1535000	       152	80000d28	01ee3b33	sltu	x22,x28,x30	 x28:0x00000000 x30:0x0ae92fea x22=0x00000001
        1545000	       153	80000d2c	9ab88a93	addi	x21,x17,-1621	 x17:0x0000000d x21=0xfffff9b8
        1555000	       154	80000d30	fdc10683	lb	x13,-36(x2)	  x2:0x80008b41 x13=0x00000000 PA:0x80008b1d
        1565000	       155	80000d34	fcb12903	lw	x18,-53(x2)	  x2:0x80008b41 x18=0x04000000 PA:0x80008b0c
        1575000	       156	80000d38	0130d9b3	srl	x19,x1,x19	  x1:0x0000007f x19:0x00000001 x19=0x0000003f
        1585000	       157	80000d3c	00d10f03	lb	x30,13(x2)	  x2:0x80008b41 x30=0x00000000 PA:0x80008b4e
        1595000	       158	80000d40	13568a93	addi	x21,x13,309	 x13:0x00000000 x21=0x00000135
        1605000	       159	80000d44	fc210823	sb	x2,-48(x2)	  x2:0x80008b41  x2:0x80008b41 PA:0x80008b11
        1615000	       160	80000d48	17423493	sltiu	x9,x4,372	  x4:0xfffffff6  x9=0x00000000
        1625000	       161	80000d4c	feb10923	sb	x11,-14(x2)	  x2:0x80008b41 x11:0x00000000 PA:0x80008b33
        1635000	       162	80000d50	00008097	auipc	x1,0x8	  x1=0x80008d4c
        1645000	       163	80000d54	ad908093	addi	x1,x1,-1319	  x1:0x80008d4c  x1=0x80008825
        1655000	       164	80000d58	00008917	auipc	x18,0x8	 x18=0x80008d54
        1665000	       165	80000d5c	f8690913	addi	x18,x18,-122	 x18:0x80008d54 x18=0x80008cda
        1675000	       166	80000d60	00008797	auipc	x15,0x8	 x15=0x80008d5c
        1685000	       167	80000d64	cd178793	addi	x15,x15,-815	 x15:0x80008d5c x15=0x80008a2d
        1695000	       168	80000d68	fd7781a3	sb	x23,-61(x15)	 x15:0x80008a2d x23:0x00000004 PA:0x800089f0
        1705000	       169	80000d6c	03894483	lbu	x9,56(x18)	 x18:0x80008cda  x9=0x00000000 PA:0x80008d12
        1715000	       170	80000d70	fdb7a483	lw	x9,-37(x15)	 x15:0x80008a2d  x9=0x00000000 PA:0x80008a08
        1725000	       171	80000d74	05809ca3	sh	x24,89(x1)	  x1:0x80008825 x24:0xa4c08000 PA:0x8000887e
        1735000	       172	80000d78	ff678c03	lb	x24,-10(x15)	 x15:0x80008a2d x24=0x00000000 PA:0x80008a23
        1745000	       173	80000d7c	fe97d383	lhu	x7,-23(x15)	 x15:0x80008a2d  x7=0x00000000 PA:0x80008a16
        1755000	       174	80000d80	fcf90003	lb	x0,-49(x18)	 x18:0x80008cda PA:0x80008ca9
        1765000	       175	80000d84	0600c683	lbu	x13,96(x1)	  x1:0x80008825 x13=0x00000000 PA:0x80008885
        1775000	       176	80000d88	03a95183	lhu	x3,58(x18)	 x18:0x80008cda  x3=0x00000000 PA:0x80008d14
        1785000	       177	80000d8c	ffd90b03	lb	x22,-3(x18)	 x18:0x80008cda x22=0x00000000 PA:0x80008cd7
        1795000	       178	80000d90	0fa0c503	lbu	x10,250(x1)	  x1:0x80008825 x10=0x00000000 PA:0x8000891f
        1805000	       179	80000d94	fce91103	lh	x2,-50(x18)	 x18:0x80008cda  x2=0x00000000 PA:0x80008ca8
        1815000	       180	80000d98	02b94f83	lbu	x31,43(x18)	 x18:0x80008cda x31=0x00000000 PA:0x80008d05
        1825000	       181	80000d9c	fc278d23	sb	x2,-38(x15)	 x15:0x80008a2d  x2:0x00000000 PA:0x80008a07
        1835000	       182	80000da0	01594c03	lbu	x24,21(x18)	 x18:0x80008cda x24=0x00000000 PA:0x80008cef
        1845000	       183	80000da4	ff60c283	lbu	x5,-10(x1)	  x1:0x80008825  x5=0x00000000 PA:0x8000881b
        1855000	       184	80000da8	06c08d83	lb	x27,108(x1)	  x1:0x80008825 x27=0x00000000 PA:0x80008891
        1865000	       185	80000dac	0552c463	blt	x5,x21,80000df4	  x5:0x00000000 x21:0x00000135
        1875000	       186	00000000	00000013	addi	x0,x0,0	  x0:0x00000000
        1885000	       187	80000df0	00000013	addi	x0,x0,0	  x0:0x00000000
        1895000	       188	80000df4	00000013	addi	x0,x0,0	  x0:0x00000000
        1905000	       189	80000df8	01865a63	bge	x12,x24,80000e0c	 x12:0x708741ee x24:0x00000000
        1915000	       190	00000000	00000013	addi	x0,x0,0	  x0:0x00000000
        1925000	       191	80000e08	00000013	addi	x0,x0,0	  x0:0x00000000
        1935000	       192	80000e0c	40c38c33	sub	x24,x7,x12	  x7:0x00000000 x12:0x708741ee x24=0x8f78be12
        1945000	       193	80000e10	01a6c933	xor	x18,x13,x26	 x13:0x00000000 x26:0x00000000 x18=0x00000000
        1955000	       194	80000e14	00d9ad33	slt	x26,x19,x13	 x19:0x0000003f x13:0x00000000 x26=0x00000000
        1965000	       195	80000e18	ab626513	ori	x10,x4,-1354	  x4:0xfffffff6 x10=0xfffffff6
        1975000	       196	80000e1c	04d4f663	bgeu	x9,x13,80000e68	  x9:0x00000000 x13:0x00000000
        1985000	       197	00000000	00000013	addi	x0,x0,0	  x0:0x00000000
        1995000	       198	80000e64	00000013	addi	x0,x0,0	  x0:0x00000000
        2005000	       199	80000e68	00950d33	add	x26,x10,x9	 x10:0xfffffff6  x9:0x00000000 x26=0xfffffff6
        2015000	       200	80000e6c	04188593	addi	x11,x17,65	 x17:0x0000000d x11=0x0000004e
        2025000	       201	80000e70	01d843b3	xor	x7,x16,x29	 x16:0x00000000 x29:0x80009f78  x7=0x80009f78
        2035000	       202	80000e74	89a8c513	xori	x10,x17,-1894	 x17:0x0000000d x10=0xfffff897
        2045000	       203	80000e78	03d2fa63	bgeu	x5,x29,80000eac	  x5:0x00000000 x29:0x80009f78
        2055000	       204	80000e7c	01431413	slli	x8,x6,0x14	  x6:0x80008651  x8=0x65100000
        2065000	       205	80000e80	00bdc6b3	xor	x13,x27,x11	 x27:0x00000000 x11:0x0000004e x13=0x0000004e
        2075000	       206	80000e84	009b6663	bltu	x22,x9,80000e90	 x22:0x00000000  x9:0x00000000
        2085000	       207	80000e88	01c36663	bltu	x6,x28,80000e94	  x6:0x80008651 x28:0x00000000
        2095000	       208	80000e8c	00a06c33	or	x24,x0,x10	  x0:0x00000000 x10:0xfffff897 x24=0xfffff897
        2105000	       209	80000e90	015722b3	slt	x5,x14,x21	 x14:0x00000000 x21:0x00000135  x5=0x00000001
        2115000	       210	80000e94	00349d93	slli	x27,x9,0x3	  x9:0x00000000 x27=0x00000000
        2125000	       211	80000e98	012ea2b3	slt	x5,x29,x18	 x29:0x80009f78 x18:0x00000000  x5=0x00000001
        2135000	       212	80000e9c	00c93633	sltu	x12,x18,x12	 x18:0x00000000 x12:0x708741ee x12=0x00000001
        2145000	       213	80000ea0	00000013	addi	x0,x0,0	  x0:0x00000000
        2155000	       214	80000ea4	00e3fb33	and	x22,x7,x14	  x7:0x80009f78 x14:0x00000000 x22=0x00000000
        2165000	       215	80000ea8	0189e733	or	x14,x19,x24	 x19:0x0000003f x24:0xfffff897 x14=0xfffff8bf
        2175000	       216	80000eac	96744a97	auipc	x21,0x96744	 x21=0x16744ea8
        2185000	       217	80000eb0	0252dc63	bge	x5,x5,80000ee8	  x5:0x00000001  x5:0x00000001
        2195000	       218	00000000	00000013	addi	x0,x0,0	  x0:0x00000000
        2205000	       219	80000ee4	00000013	addi	x0,x0,0	  x0:0x00000000
        2215000	       220	80000ee8	979f3113	sltiu	x2,x30,-1671	 x30:0x00000000  x2=0x00000001
        2225000	       221	80000eec	f4ac4413	xori	x8,x24,-182	 x24:0xfffff897  x8=0x000007dd
        2235000	       222	80000ef0	14860313	addi	x6,x12,328	 x12:0x00000001  x6=0x00000149
        2245000	       223	80000ef4	00dee033	or	x0,x29,x13	 x29:0x80009f78 x13:0x0000004e
        2255000	       224	80000ef8	0296ee63	bltu	x13,x9,80000f34	 x13:0x0000004e  x9:0x00000000
        2265000	       225	80000efc	40a807b3	sub	x15,x16,x10	 x16:0x00000000 x10:0xfffff897 x15=0x00000769
        2275000	       226	80000f00	b14bbc13	sltiu	x24,x23,-1260	 x23:0x00000004 x24=0x00000001
        2285000	       227	80000f04	033a9a63	bne	x21,x19,80000f38	 x21:0x16744ea8 x19:0x0000003f
        2295000	       228	00000000	00000013	addi	x0,x0,0	  x0:0x00000000
        2305000	       229	80000f34	00000013	addi	x0,x0,0	  x0:0x00000000
        2315000	       230	80000f38	5b0ab893	sltiu	x17,x21,1456	 x21:0x16744ea8 x17=0x00000000
        2325000	       231	80000f3c	00404bb3	xor	x23,x0,x4	  x0:0x00000000  x4:0xfffffff6 x23=0xfffffff6
        2335000	       232	80000f40	41445bb3	sra	x23,x8,x20	  x8:0x000007dd x20:0x80009fc4 x23=0x0000007d
        2345000	       233	80000f44	015f0c33	add	x24,x30,x21	 x30:0x00000000 x21:0x16744ea8 x24=0x16744ea8
        2355000	       234	80000f48	05d81463	bne	x16,x29,80000f90	 x16:0x00000000 x29:0x80009f78
        2365000	       235	00000000	00000013	addi	x0,x0,0	  x0:0x00000000
        2375000	       236	80000f8c	00000013	addi	x0,x0,0	  x0:0x00000000
        2385000	       237	80000f90	0360ea63	bltu	x1,x22,80000fc4	  x1:0x80008825 x22:0x00000000
        2395000	       238	80000f94	01870033	add	x0,x14,x24	 x14:0xfffff8bf x24:0x16744ea8
        2405000	       239	80000f98	016cc663	blt	x25,x22,80000fa4	 x25:0x80000000 x22:0x00000000
        2415000	       240	00000000	00000013	addi	x0,x0,0	  x0:0x00000000
        2425000	       241	80000fa0	00000013	addi	x0,x0,0	  x0:0x00000000
        2435000	       242	80000fa4	0172ac33	slt	x24,x5,x23	  x5:0x00000001 x23:0x0000007d x24=0x00000001
        2445000	       243	80000fa8	006c44b3	xor	x9,x24,x6	 x24:0x00000001  x6:0x00000149  x9=0x00000148
        2455000	       244	80000fac	02c56e63	bltu	x10,x12,80000fe8	 x10:0xfffff897 x12:0x00000001
        2465000	       245	80000fb0	002e9db3	sll	x27,x29,x2	 x29:0x80009f78  x2:0x00000001 x27=0x00013ef0
        2475000	       246	80000fb4	a0870013	addi	x0,x14,-1528	 x14:0xfffff8bf
        2485000	       247	80000fb8	0061b033	sltu	x0,x3,x6	  x3:0x00000000  x6:0x00000149
        2495000	       248	80000fbc	4042d1b3	sra	x3,x5,x4	  x5:0x00000001  x4:0xfffffff6  x3=0x00000000
        2505000	       249	80000fc0	009506b3	add	x13,x10,x9	 x10:0xfffff897  x9:0x00000148 x13=0xfffff9df
        2515000	       250	80000fc4	00546433	or	x8,x8,x5	  x8:0x000007dd  x5:0x00000001  x8=0x000007dd
        2525000	       251	80000fc8	40ead3b3	sra	x7,x21,x14	 x21:0x16744ea8 x14:0xfffff8bf  x7=0x00000000
        2535000	       252	80000fcc	007af3b3	and	x7,x21,x7	 x21:0x16744ea8  x7:0x00000000  x7=0x00000000
        2545000	       253	80000fd0	0156cbb3	xor	x23,x13,x21	 x13:0xfffff9df x21:0x16744ea8 x23=0xe98bb777
        2555000	       254	80000fd4	004606b3	add	x13,x12,x4	 x12:0x00000001  x4:0xfffffff6 x13=0xfffffff7
        2565000	       255	80000fd8	013c6a63	bltu	x24,x19,80000fec	 x24:0x00000001 x19:0x0000003f
        2575000	       256	00000000	00000013	addi	x0,x0,0	  x0:0x00000000
        2585000	       257	80000fe8	00000013	addi	x0,x0,0	  x0:0x00000000
        2595000	       258	80000fec	014a6c63	bltu	x20,x20,80001004	 x20:0x80009fc4 x20:0x80009fc4
        2605000	       259	80000ff0	02f17263	bgeu	x2,x15,80001014	  x2:0x00000001 x15:0x00000769
        2615000	       260	80000ff4	01bf75b3	and	x11,x30,x27	 x30:0x00000000 x27:0x00013ef0 x11=0x00000000
        2625000	       261	80000ff8	01756663	bltu	x10,x23,80001004	 x10:0xfffff897 x23:0xe98bb777
        2635000	       262	80000ffc	f3b13793	sltiu	x15,x2,-197	  x2:0x00000001 x15=0x00000001
        2645000	       263	80001000	9b6deb93	ori	x23,x27,-1610	 x27:0x00013ef0 x23=0xfffffff6
        2655000	       264	80001004	40830333	sub	x6,x6,x8	  x6:0x00000149  x8:0x000007dd  x6=0xfffff96c
        2665000	       265	80001008	0058ea63	bltu	x17,x5,8000101c	 x17:0x00000000  x5:0x00000001
        2675000	       266	00000000	00000013	addi	x0,x0,0	  x0:0x00000000
        2685000	       267	80001018	00000013	addi	x0,x0,0	  x0:0x00000000
        2695000	       268	8000101c	004c51b3	srl	x3,x24,x4	 x24:0x00000001  x4:0xfffffff6  x3=0x00000000
        2705000	       269	80001020	009d64b3	or	x9,x26,x9	 x26:0xfffffff6  x9:0x00000148  x9=0xfffffffe
        2715000	       270	80001024	004ea983	lw	x19,4(x29)	 x29:0x80009f78 x19=0x80000140 PA:0x80009f7c
        2725000	       271	80001028	003b6533	or	x10,x22,x3	 x22:0x00000000  x3:0x00000000 x10=0x00000000
        2735000	       272	8000102c	59d22b13	slti	x22,x4,1437	  x4:0xfffffff6 x22=0x00000001
        2745000	       273	80001030	40788033	sub	x0,x17,x7	 x17:0x00000000  x7:0x00000000
        2755000	       274	80001034	00ce8e93	addi	x29,x29,12	 x29:0x80009f78 x29=0x80009f84
        2765000	       275	80001038	0052e7b3	or	x15,x5,x5	  x5:0x00000001  x5:0x00000001 x15=0x00000001
        2775000	       276	8000103c	01cef5b3	and	x11,x29,x28	 x29:0x80009f84 x28:0x00000000 x11=0x00000000
        2785000	       277	80001040	37d62e13	slti	x28,x12,893	 x12:0x00000001 x28=0x00000001
        2795000	       278	80001044	00198d13	addi	x26,x19,1	 x19:0x80000140 x26=0x80000141
        2805000	       279	80001048	000d0d67	jalr	x26,x26,0	 x26:0x80000141 x26=0x80001048
        2815000	       280	00000000	00000013	addi	x0,x0,0	  x0:0x00000000
        2825000	       281	80000140	00000013	addi	x0,x0,0	  x0:0x00000000
        2835000	       282	80000144	00009617	auipc	x12,0x9	 x12=0x80009140
        2845000	       283	80000148	8c860613	addi	x12,x12,-1848	 x12:0x80009140 x12=0x80008a08
        2855000	       284	8000014c	ff760ca3	sb	x23,-7(x12)	 x12:0x80008a08 x23:0xfffffff6 PA:0x80008a01
        2865000	       285	80000150	ff960903	lb	x18,-7(x12)	 x12:0x80008a08 x18=0xfffffff6 PA:0x80008a01
        2875000	       286	80000154	00000013	addi	x0,x0,0	  x0:0x00000000
        2885000	       287	80000158	ff964283	lbu	x5,-7(x12)	 x12:0x80008a08  x5=0x000000f6 PA:0x80008a01
        2895000	       288	8000015c	ffa61e03	lh	x28,-6(x12)	 x12:0x80008a08 x28=0x00000000 PA:0x80008a02
        2905000	       289	80000160	01dd3e33	sltu	x28,x26,x29	 x26:0x80001048 x29:0x80009f84 x28=0x00000001
        2915000	       290	80000164	b7ca4713	xori	x14,x20,-1156	 x20:0x80009fc4 x14=0x7fff64b8
        2925000	       291	80000168	40d15713	srai	x14,x2,0xd	  x2:0x00000001 x14=0x00000000
        2935000	       292	8000016c	fea61d23	sh	x10,-6(x12)	 x12:0x80008a08 x10:0x00000000 PA:0x80008a02
        2945000	       293	80000170	ff861d23	sh	x24,-6(x12)	 x12:0x80008a08 x24:0x00000001 PA:0x80008a02
        2955000	       294	80000174	00862203	lw	x4,8(x12)	 x12:0x80008a08  x4=0x00000000 PA:0x80008a10
        2965000	       295	80000178	01661423	sh	x22,8(x12)	 x12:0x80008a08 x22:0x00000001 PA:0x80008a10
        2975000	       296	8000017c	ff860d83	lb	x27,-8(x12)	 x12:0x80008a08 x27=0x00000000 PA:0x80008a00
        2985000	       297	80000180	ffa62c23	sw	x26,-8(x12)	 x12:0x80008a08 x26:0x80001048 PA:0x80008a00
        2995000	       298	80000184	ff462823	sw	x20,-16(x12)	 x12:0x80008a08 x20:0x80009fc4 PA:0x800089f8
        3005000	       299	80000188	b2f2b093	sltiu	x1,x5,-1233	  x5:0x000000f6  x1=0x00000001
        3015000	       300	8000018c	008b3bb3	sltu	x23,x22,x8	 x22:0x00000001  x8:0x000007dd x23=0x00000001
        3025000	       301	80000190	018cd213	srli	x4,x25,0x18	 x25:0x80000000  x4=0x00000080
        3035000	       302	80000194	fff60ba3	sb	x31,-9(x12)	 x12:0x80008a08 x31:0x00000000 PA:0x800089ff
        3045000	       303	80000198	feb60823	sb	x11,-16(x12)	 x12:0x80008a08 x11:0x00000000 PA:0x800089f8
        3055000	       304	8000019c	00009d17	auipc	x26,0x9	 x26=0x80009198
        3065000	       305	800001a0	9b8d0d13	addi	x26,x26,-1608	 x26:0x80009198 x26=0x80008b50
        3075000	       306	800001a4	004d2503	lw	x10,4(x26)	 x26:0x80008b50 x10=0x00000000 PA:0x80008b54
        3085000	       307	800001a8	01a7d213	srli	x4,x15,0x1a	 x15:0x00000001  x4=0x00000000
        3095000	       308	800001ac	01fd0723	sb	x31,14(x26)	 x26:0x80008b50 x31:0x00000000 PA:0x80008b5e
        3105000	       309	800001b0	ff9d0aa3	sb	x25,-11(x26)	 x26:0x80008b50 x25:0x80000000 PA:0x80008b45
        3115000	       310	800001b4	ff5d4a83	lbu	x21,-11(x26)	 x26:0x80008b50 x21=0x00000000 PA:0x80008b45
        3125000	       311	800001b8	004d5d83	lhu	x27,4(x26)	 x26:0x80008b50 x27=0x00000000 PA:0x80008b54
        3135000	       312	800001bc	010d0223	sb	x16,4(x26)	 x26:0x80008b50 x16:0x00000000 PA:0x80008b54
        3145000	       313	800001c0	fe1d2a23	sw	x1,-12(x26)	 x26:0x80008b50  x1:0x00000001 PA:0x80008b44
        3155000	       314	800001c4	fef57813	andi	x16,x10,-17	 x10:0x00000000 x16=0x00000000
        3165000	       315	800001c8	ff4d1683	lh	x13,-12(x26)	 x26:0x80008b50 x13=0x00000001 PA:0x80008b44
        3175000	       316	800001cc	01dd0723	sb	x29,14(x26)	 x26:0x80008b50 x29:0x80009f84 PA:0x80008b5e
        3185000	       317	800001d0	ffbd1d23	sh	x27,-6(x26)	 x26:0x80008b50 x27:0x00000000 PA:0x80008b4a
        3195000	       318	800001d4	41d6d6b3	sra	x13,x13,x29	 x13:0x00000001 x29:0x80009f84 x13=0x00000000
        3205000	       319	800001d8	00e2b633	sltu	x12,x5,x14	  x5:0x000000f6 x14:0x00000000 x12=0x00000000
        3215000	       320	800001dc	00243433	sltu	x8,x8,x2	  x8:0x000007dd  x2:0x00000001  x8=0x00000000
        3225000	       321	800001e0	ff4d4f83	lbu	x31,-12(x26)	 x26:0x80008b50 x31=0x00000001 PA:0x80008b44
        3235000	       322	800001e4	ff3d4783	lbu	x15,-13(x26)	 x26:0x80008b50 x15=0x00000000 PA:0x80008b43
        3245000	       323	800001e8	00009617	auipc	x12,0x9	 x12=0x800091e4
        3255000	       324	800001ec	d1f60613	addi	x12,x12,-737	 x12:0x800091e4 x12=0x80008f03
        3265000	       325	800001f0	de8d8493	addi	x9,x27,-536	 x27:0x00000000  x9=0xfffffde8
        3275000	       326	800001f4	724dc913	xori	x18,x27,1828	 x27:0x00000000 x18=0x00000724
        3285000	       327	800001f8	35f64317	auipc	x6,0x35f64	  x6=0xb5f641f4
        3295000	       328	800001fc	00361b33	sll	x22,x12,x3	 x12:0x80008f03  x3:0x00000000 x22=0x80008f03
        3305000	       329	80000200	02965783	lhu	x15,41(x12)	 x12:0x80008f03 x15=0x00000000 PA:0x80008f2c
        3315000	       330	80000204	0d3620a3	sw	x19,193(x12)	 x12:0x80008f03 x19:0x80000140 PA:0x80008fc4
        3325000	       331	80000208	fcb60d23	sb	x11,-38(x12)	 x12:0x80008f03 x11:0x00000000 PA:0x80008edd
        3335000	       332	8000020c	d155a913	slti	x18,x11,-747	 x11:0x00000000 x18=0x00000000
        3345000	       333	80000210	fff60c03	lb	x24,-1(x12)	 x12:0x80008f03 x24=0x00000000 PA:0x80008f02
        3355000	       334	80000214	f9760c23	sb	x23,-104(x12)	 x12:0x80008f03 x23:0x00000001 PA:0x80008e9b
        3365000	       335	80000218	698c7d93	andi	x27,x24,1688	 x24:0x00000000 x27=0x00000000
        3375000	       336	8000021c	01eca333	slt	x6,x25,x30	 x25:0x80000000 x30:0x00000000  x6=0x00000001
        3385000	       337	80000220	00cd7233	and	x4,x26,x12	 x26:0x80008b50 x12:0x80008f03  x4=0x80008b00
        3395000	       338	80000224	f8d622a3	sw	x13,-123(x12)	 x12:0x80008f03 x13:0x00000000 PA:0x80008e88
        3405000	       339	80000228	00000013	addi	x0,x0,0	  x0:0x00000000
        3415000	       340	8000022c	01d7fbb3	and	x23,x15,x29	 x15:0x00000000 x29:0x80009f84 x23=0x00000000
        3425000	       341	80000230	008779b3	and	x19,x14,x8	 x14:0x00000000  x8:0x00000000 x19=0x00000000
        3435000	       342	80000234	06860883	lb	x17,104(x12)	 x12:0x80008f03 x17=0x00000000 PA:0x80008f6b
        3445000	       343	80000238	0183d8b3	srl	x17,x7,x24	  x7:0x00000000 x24:0x00000000 x17=0x00000000
        3455000	       344	8000023c	08264783	lbu	x15,130(x12)	 x12:0x80008f03 x15=0x00000000 PA:0x80008f85
        3465000	       345	80000240	03860e23	sb	x24,60(x12)	 x12:0x80008f03 x24:0x00000000 PA:0x80008f3f
        3475000	       346	80000244	00261fa3	sh	x2,31(x12)	 x12:0x80008f03  x2:0x00000001 PA:0x80008f22
        3485000	       347	80000248	0d260e23	sb	x18,220(x12)	 x12:0x80008f03 x18:0x00000000 PA:0x80008fdf
        3495000	       348	8000024c	fc760983	lb	x19,-57(x12)	 x12:0x80008f03 x19=0x00000000 PA:0x80008eca
        3505000	       349	80000250	0e060683	lb	x13,224(x12)	 x12:0x80008f03 x13=0x00000000 PA:0x80008fe3
        3515000	       350	80000254	0b460503	lb	x10,180(x12)	 x12:0x80008f03 x10=0x00000000 PA:0x80008fb7
        3525000	       351	80000258	0d460d23	sb	x20,218(x12)	 x12:0x80008f03 x20:0x80009fc4 PA:0x80008fdd
        3535000	       352	8000025c	40be0e33	sub	x28,x28,x11	 x28:0x00000001 x11:0x00000000 x28=0x00000001
        3545000	       353	80000260	01e5a233	slt	x4,x11,x30	 x11:0x00000000 x30:0x00000000  x4=0x00000000
        3555000	       354	80000264	ffe613a3	sh	x30,-25(x12)	 x12:0x80008f03 x30:0x00000000 PA:0x80008eea
        3565000	       355	80000268	08d60203	lb	x4,141(x12)	 x12:0x80008f03  x4=0x00000000 PA:0x80008f90
        3575000	       356	00000000	00000013	addi	x0,x0,0	  x0:0x00000000
        3585000	       357	8000026c	004cb5b3	sltu	x11,x25,x4	 x25:0x80000000  x4:0x00000000 x11=0x00000000
        3595000	       358	80000270	f6260ba3	sb	x2,-137(x12)	 x12:0x80008f03  x2:0x00000001 PA:0x80008e7a
        3605000	       359	80000274	7f790593	addi	x11,x18,2039	 x18:0x00000000 x11=0x000007f7
        3615000	       360	80000278	0c2605a3	sb	x2,203(x12)	 x12:0x80008f03  x2:0x00000001 PA:0x80008fce
        3625000	       361	8000027c	ffa47c13	andi	x24,x8,-6	  x8:0x00000000 x24=0x00000000
        3635000	       362	80000280	00000013	addi	x0,x0,0	  x0:0x00000000
        3645000	       363	80000284	008bf4b3	and	x9,x23,x8	 x23:0x00000000  x8:0x00000000  x9=0x00000000
        3655000	       364	80000288	c592d4b7	lui	x9,0xc592d	  x9=0xc592d000
        3665000	       365	8000028c	03e614a3	sh	x30,41(x12)	 x12:0x80008f03 x30:0x00000000 PA:0x80008f2c
        3675000	       366	80000290	37a74913	xori	x18,x14,890	 x14:0x00000000 x18=0x0000037a
        3685000	       367	80000294	f2160e23	sb	x1,-196(x12)	 x12:0x80008f03  x1:0x00000001 PA:0x80008e3f
        3695000	       368	80000298	c35e7113	andi	x2,x28,-971	 x28:0x00000001  x2=0x00000001
        3705000	       369	8000029c	fe561783	lh	x15,-27(x12)	 x12:0x80008f03 x15=0x00000000 PA:0x80008ee8
        3715000	       370	800002a0	e2866893	ori	x17,x12,-472	 x12:0x80008f03 x17=0xffffff2b
        3725000	       371	800002a4	f9f60103	lb	x2,-97(x12)	 x12:0x80008f03  x2=0x00000000 PA:0x80008ea2
        3735000	       372	800002a8	01eb3333	sltu	x6,x22,x30	 x22:0x80008f03 x30:0x00000000  x6=0x00000000
        3745000	       373	800002ac	01dfd0b3	srl	x1,x31,x29	 x31:0x00000001 x29:0x80009f84  x1=0x00000000
        3755000	       374	800002b0	7b2b5997	auipc	x19,0x7b2b5	 x19=0xfb2b52ac
        3765000	       375	800002b4	00565c13	srli	x24,x12,0x5	 x12:0x80008f03 x24=0x04000478
        3775000	       376	800002b8	f5260523	sb	x18,-182(x12)	 x12:0x80008f03 x18:0x0000037a PA:0x80008e4d
        3785000	       377	800002bc	00008a97	auipc	x21,0x8	 x21=0x800082b8
        3795000	       378	800002c0	0e6a8a93	addi	x21,x21,230	 x21:0x800082b8 x21=0x8000839e
        3805000	       379	800002c4	00008617	auipc	x12,0x8	 x12=0x800082c0
        3815000	       380	800002c8	ffb60613	addi	x12,x12,-5	 x12:0x800082c0 x12=0x800082bb
        3825000	       381	800002cc	00008b17	auipc	x22,0x8	 x22=0x800082c8
        3835000	       382	800002d0	155b0b13	addi	x22,x22,341	 x22:0x800082c8 x22=0x8000841d
        3845000	       383	800002d4	fcba85a3	sb	x11,-53(x21)	 x21:0x8000839e x11:0x000007f7 PA:0x80008369
        3855000	       384	800002d8	0e6b16a3	sh	x6,237(x22)	 x22:0x8000841d  x6:0x00000000 PA:0x8000850a
        3865000	       385	800002dc	0eab4b83	lbu	x23,234(x22)	 x22:0x8000841d x23=0x00000000 PA:0x80008507
        3875000	       386	800002e0	01f60403	lb	x8,31(x12)	 x12:0x800082bb  x8=0x00000000 PA:0x800082da
        3885000	       387	800002e4	fdeac683	lbu	x13,-34(x21)	 x21:0x8000839e x13=0x00000000 PA:0x8000837c
        3895000	       388	800002e8	fcb60b23	sb	x11,-42(x12)	 x12:0x800082bb x11:0x000007f7 PA:0x80008291
        3905000	       389	800002ec	00008917	auipc	x18,0x8	 x18=0x800082e8
        3915000	       390	800002f0	f9090913	addi	x18,x18,-112	 x18:0x800082e8 x18=0x80008278
        3925000	       391	800002f4	015acf83	lbu	x31,21(x21)	 x21:0x8000839e x31=0x00000000 PA:0x800083b3
        3935000	       392	800002f8	021a8883	lb	x17,33(x21)	 x21:0x8000839e x17=0x00000000 PA:0x800083bf
        3945000	       393	800002fc	ff561383	lh	x7,-11(x12)	 x12:0x800082bb  x7=0x00000000 PA:0x800082b0
        3955000	       394	80000300	072b4503	lbu	x10,114(x22)	 x22:0x8000841d x10=0x00000000 PA:0x8000848f
        3965000	       395	80000304	fec909a3	sb	x12,-13(x18)	 x18:0x80008278 x12:0x800082bb PA:0x8000826b
        3975000	       396	80000308	0eab0ba3	sb	x10,247(x22)	 x22:0x8000841d x10:0x00000000 PA:0x80008514
        3985000	       397	8000030c	01564703	lbu	x14,21(x12)	 x12:0x800082bb x14=0x00000000 PA:0x800082d0
        3995000	       398	80000310	fa1b1503	lh	x10,-95(x22)	 x22:0x8000841d x10=0x00000000 PA:0x800083be
        4005000	       399	80000314	01090783	lb	x15,16(x18)	 x18:0x80008278 x15=0x00000000 PA:0x80008288
        4015000	       400	80000318	0d6b4583	lbu	x11,214(x22)	 x22:0x8000841d x11=0x00000000 PA:0x800084f3
        4025000	       401	8000031c	ff095183	lhu	x3,-16(x18)	 x18:0x80008278  x3=0x00000000 PA:0x80008268
        4035000	       402	80000320	feea8ca3	sb	x14,-7(x21)	 x21:0x8000839e x14:0x00000000 PA:0x80008397
        4045000	       403	80000324	fe891b23	sh	x8,-10(x18)	 x18:0x80008278  x8:0x00000000 PA:0x8000826e
        4055000	       404	80000328	f62b0c03	lb	x24,-158(x22)	 x22:0x8000841d x24=0x00000000 PA:0x8000837f
        4065000	       405	8000032c	ff2607a3	sb	x18,-17(x12)	 x12:0x800082bb x18:0x80008278 PA:0x800082aa
        4075000	       406	80000330	070b0083	lb	x1,112(x22)	 x22:0x8000841d  x1=0x00000000 PA:0x8000848d
        4085000	       407	80000334	020ac083	lbu	x1,32(x21)	 x21:0x8000839e  x1=0x00000000 PA:0x800083be
        4095000	       408	80000338	f04b1ba3	sh	x4,-233(x22)	 x22:0x8000841d  x4:0x00000000 PA:0x80008334
        4105000	       409	8000033c	013a8683	lb	x13,19(x21)	 x21:0x8000839e x13=0x00000000 PA:0x800083b1
        4115000	       410	80000340	fcca9503	lh	x10,-52(x21)	 x21:0x8000839e x10=0x00000000 PA:0x8000836a
        4125000	       411	80000344	fe390823	sb	x3,-16(x18)	 x18:0x80008278  x3:0x00000000 PA:0x80008268
        4135000	       412	80000348	036ad383	lhu	x7,54(x21)	 x21:0x8000839e  x7=0x00000000 PA:0x800083d4
        4145000	       413	8000034c	00260103	lb	x2,2(x12)	 x12:0x800082bb  x2=0x00000000 PA:0x800082bd
        4155000	       414	80000350	0f7b4883	lbu	x17,247(x22)	 x22:0x8000841d x17=0x00000000 PA:0x80008514
        4165000	       415	80000354	fc661ba3	sh	x6,-41(x12)	 x12:0x800082bb  x6:0x00000000 PA:0x80008292
        4175000	       416	80000358	fc3acc03	lbu	x24,-61(x21)	 x21:0x8000839e x24=0x00000000 PA:0x80008361
        4185000	       417	8000035c	00008417	auipc	x8,0x8	  x8=0x80008358
        4195000	       418	80000360	1d040413	addi	x8,x8,464	  x8:0x80008358  x8=0x80008528
        4205000	       419	80000364	7a4b1837	lui	x16,0x7a4b1	 x16=0x7a4b1000
        4215000	       420	80000368	e77408a3	sb	x23,-399(x8)	  x8:0x80008528 x23:0x00000000 PA:0x80008399
        4225000	       421	8000036c	009c9293	slli	x5,x25,0x9	 x25:0x80000000  x5=0x00000000
        4235000	       422	80000370	41f3d233	sra	x4,x7,x31	  x7:0x00000000 x31:0x00000000  x4=0x00000000
        4245000	       423	80000374	01019633	sll	x12,x3,x16	  x3:0x00000000 x16:0x7a4b1000 x12=0x00000000
        4255000	       424	80000378	00ee1e13	slli	x28,x28,0xe	 x28:0x00000001 x28=0x00004000
        4265000	       425	8000037c	15e400a3	sb	x30,321(x8)	  x8:0x80008528 x30:0x00000000 PA:0x80008669
        4275000	       426	80000380	e1e40483	lb	x9,-482(x8)	  x8:0x80008528  x9=0x00000000 PA:0x80008346
        4285000	       427	80000384	13641203	lh	x4,310(x8)	  x8:0x80008528  x4=0x00000000 PA:0x8000865e
        4295000	       428	80000388	03141b23	sh	x17,54(x8)	  x8:0x80008528 x17:0x00000000 PA:0x8000855e
        4305000	       429	8000038c	09256113	ori	x2,x10,146	 x10:0x00000000  x2=0x00000092
        4315000	       430	80000390	0177ad33	slt	x26,x15,x23	 x15:0x00000000 x23:0x00000000 x26=0x00000000
        4325000	       431	80000394	00cdbc33	sltu	x24,x27,x12	 x27:0x00000000 x12:0x00000000 x24=0x00000000
        4335000	       432	80000398	0170e1b3	or	x3,x1,x23	  x1:0x00000000 x23:0x00000000  x3=0x00000000
        4345000	       433	8000039c	001a6533	or	x10,x20,x1	 x20:0x80009fc4  x1:0x00000000 x10=0x80009fc4
        4355000	       434	800003a0	8252b393	sltiu	x7,x5,-2011	  x5:0x00000000  x7=0x00000001
        4365000	       435	800003a4	d7f40ba3	sb	x31,-649(x8)	  x8:0x80008528 x31:0x00000000 PA:0x8000829f
        4375000	       436	800003a8	f164b493	sltiu	x9,x9,-234	  x9:0x00000000  x9=0x00000001
        4385000	       437	800003ac	d889a393	slti	x7,x19,-632	 x19:0xfb2b52ac  x7=0x00000001
        4395000	       438	800003b0	00ed0d33	add	x26,x26,x14	 x26:0x00000000 x14:0x00000000 x26=0x00000000
        4405000	       439	800003b4	01e3c1b3	xor	x3,x7,x30	  x7:0x00000001 x30:0x00000000  x3=0x00000001
        4415000	       440	800003b8	00000013	addi	x0,x0,0	  x0:0x00000000
        4425000	       441	800003bc	d1c44883	lbu	x17,-740(x8)	  x8:0x80008528 x17=0x00000000 PA:0x80008244
        4435000	       442	800003c0	003a68b3	or	x17,x20,x3	 x20:0x80009fc4  x3:0x00000001 x17=0x80009fc5
        4445000	       443	800003c4	00ae9213	slli	x4,x29,0xa	 x29:0x80009f84  x4=0x027e1000
        4455000	       444	800003c8	b7944903	lbu	x18,-1159(x8)	  x8:0x80008528 x18=0x00000000 PA:0x800080a1
        4465000	       445	800003cc	bd645803	lhu	x16,-1066(x8)	  x8:0x80008528 x16=0x00000000 PA:0x800080fe
        4475000	       446	800003d0	17244703	lbu	x14,370(x8)	  x8:0x80008528 x14=0x00000000 PA:0x8000869a
        4485000	       447	800003d4	cc245983	lhu	x19,-830(x8)	  x8:0x80008528 x19=0x00000000 PA:0x800081ea
        4495000	       448	800003d8	6d1cf797	auipc	x15,0x6d1cf	 x15=0xed1cf3d4
        4505000	       449	800003dc	40ad54b3	sra	x9,x26,x10	 x26:0x00000000 x10:0x80009fc4  x9=0x00000000
        4515000	       450	800003e0	ce540003	lb	x0,-795(x8)	  x8:0x80008528 PA:0x8000820d
        4525000	       451	800003e4	d5e41b03	lh	x22,-674(x8)	  x8:0x80008528 x22=0x00000000 PA:0x80008286
        4535000	       452	800003e8	00000013	addi	x0,x0,0	  x0:0x00000000
        4545000	       453	800003ec	17f44103	lbu	x2,383(x8)	  x8:0x80008528  x2=0x00000000 PA:0x800086a7
        4555000	       454	800003f0	c7841423	sh	x24,-920(x8)	  x8:0x80008528 x24:0x00000000 PA:0x80008190
        4565000	       455	800003f4	0031dc13	srli	x24,x3,0x3	  x3:0x00000001 x24=0x00000000
        4575000	       456	800003f8	8ce36497	auipc	x9,0x8ce36	  x9=0x0ce363f4
        4585000	       457	800003fc	07141323	sh	x17,102(x8)	  x8:0x80008528 x17:0x80009fc5 PA:0x8000858e
        4595000	       458	80000400	643a72b7	lui	x5,0x643a7	  x5=0x643a7000
        4605000	       459	80000404	00000013	addi	x0,x0,0	  x0:0x00000000
        4615000	       460	80000408	e630f693	andi	x13,x1,-413	  x1:0x00000000 x13=0x00000000
        4625000	       461	8000040c	ed140aa3	sb	x17,-299(x8)	  x8:0x80008528 x17:0x80009fc5 PA:0x800083fd
        4635000	       462	80000410	00d75bb3	srl	x23,x14,x13	 x14:0x00000000 x13:0x00000000 x23=0x00000000
        4645000	       463	80000414	018fd3b3	srl	x7,x31,x24	 x31:0x00000000 x24:0x00000000  x7=0x00000000
        4655000	       464	80000418	d8940503	lb	x10,-631(x8)	  x8:0x80008528 x10=0x00000000 PA:0x800082b1
        4665000	       465	8000041c	d5d40803	lb	x16,-675(x8)	  x8:0x80008528 x16=0x00000000 PA:0x80008285
        4675000	       466	80000420	40a7d013	srai	x0,x15,0xa	 x15:0xed1cf3d4
        4685000	       467	80000424	f7c40da3	sb	x28,-133(x8)	  x8:0x80008528 x28:0x00004000 PA:0x800084a3
        4695000	       468	80000428	00008817	auipc	x16,0x8	 x16=0x80008424
        4705000	       469	8000042c	2f880813	addi	x16,x16,760	 x16:0x80008424 x16=0x8000871c
        4715000	       470	80000430	00580b03	lb	x22,5(x16)	 x16:0x8000871c x22=0x00000000 PA:0x80008721
        4725000	       471	80000434	00602e33	slt	x28,x0,x6	  x0:0x00000000  x6:0x00000000 x28=0x00000000
        4735000	       472	80000438	fef80b03	lb	x22,-17(x16)	 x16:0x8000871c x22=0x00000000 PA:0x8000870b
        4745000	       473	8000043c	ff3807a3	sb	x19,-17(x16)	 x16:0x8000871c x19:0x00000000 PA:0x8000870b
        4755000	       474	80000440	a96ead93	slti	x27,x29,-1386	 x29:0x80009f84 x27=0x00000001
        4765000	       475	80000444	76f54593	xori	x11,x10,1903	 x10:0x00000000 x11=0x0000076f
        4775000	       476	80000448	fe180203	lb	x4,-31(x16)	 x16:0x8000871c  x4=0x00000000 PA:0x800086fd
        4785000	       477	8000044c	410d50b3	sra	x1,x26,x16	 x26:0x00000000 x16:0x8000871c  x1=0x00000000
        4795000	       478	80000450	fc081723	sh	x0,-50(x16)	 x16:0x8000871c  x0:0x00000000 PA:0x800086ea
        4805000	       479	80000454	0049bbb3	sltu	x23,x19,x4	 x19:0x00000000  x4:0x00000000 x23=0x00000000
        4815000	       480	80000458	fe980b83	lb	x23,-23(x16)	 x16:0x8000871c x23=0x00000000 PA:0x80008705
        4825000	       481	8000045c	fe984483	lbu	x9,-23(x16)	 x16:0x8000871c  x9=0x00000000 PA:0x80008705
        4835000	       482	00000000	00000013	addi	x0,x0,0	  x0:0x00000000
        4845000	       483	80000460	fe984703	lbu	x14,-23(x16)	 x16:0x8000871c x14=0x00000000 PA:0x80008705
        4855000	       484	80000464	fe984783	lbu	x15,-23(x16)	 x16:0x8000871c x15=0x00000000 PA:0x80008705
        4865000	       485	80000468	cb874213	xori	x4,x14,-840	 x14:0x00000000  x4=0xfffffcb8
        4875000	       486	8000046c	fe980283	lb	x5,-23(x16)	 x16:0x8000871c  x5=0x00000000 PA:0x80008705
        4885000	       487	80000470	00481883	lh	x17,4(x16)	 x16:0x8000871c x17=0x00000000 PA:0x80008720
        4895000	       488	80000474	00008917	auipc	x18,0x8	 x18=0x80008470
        4905000	       489	80000478	d1c90913	addi	x18,x18,-740	 x18:0x80008470 x18=0x8000818c
        4915000	       490	8000047c	61794d83	lbu	x27,1559(x18)	 x18:0x8000818c x27=0x00000000 PA:0x800087a3
        4925000	       491	80000480	5a990e03	lb	x28,1449(x18)	 x18:0x8000818c x28=0x00000000 PA:0x80008735
        4935000	       492	80000484	40a92223	sw	x10,1028(x18)	 x18:0x8000818c x10:0x00000000 PA:0x80008590
        4945000	       493	80000488	27891d83	lh	x27,632(x18)	 x18:0x8000818c x27=0x00000000 PA:0x80008404
        4955000	       494	8000048c	5140d237	lui	x4,0x5140d	  x4=0x5140d000
        4965000	       495	80000490	00f7d833	srl	x16,x15,x15	 x15:0x00000000 x15:0x00000000 x16=0x00000000
        4975000	       496	80000494	edb904a3	sb	x27,-311(x18)	 x18:0x8000818c x27:0x00000000 PA:0x80008055
        4985000	       497	80000498	4db90003	lb	x0,1243(x18)	 x18:0x8000818c PA:0x80008667
        4995000	       498	8000049c	014e8f33	add	x30,x29,x20	 x29:0x80009f84 x20:0x80009fc4 x30=0x00013f48
        5005000	       499	800004a0	418a5093	srai	x1,x20,0x18	 x20:0x80009fc4  x1=0xffffff80
        5015000	       500	800004a4	400d0633	sub	x12,x26,x0	 x26:0x00000000  x0:0x00000000 x12=0x00000000
        5025000	       501	800004a8	0171de33	srl	x28,x3,x23	  x3:0x00000001 x23:0x00000000 x28=0x00000001
        5035000	       502	800004ac	23e91403	lh	x8,574(x18)	 x18:0x8000818c  x8=0x00000000 PA:0x800083ca
        5045000	       503	800004b0	3cf94003	lbu	x0,975(x18)	 x18:0x8000818c PA:0x8000855b
        5055000	       504	800004b4	f0490403	lb	x8,-252(x18)	 x18:0x8000818c  x8=0x00000000 PA:0x80008090
        5065000	       505	800004b8	3ed94783	lbu	x15,1005(x18)	 x18:0x8000818c x15=0x00000000 PA:0x80008579
        5075000	       506	800004bc	502909a3	sb	x2,1299(x18)	 x18:0x8000818c  x2:0x00000000 PA:0x8000869f
        5085000	       507	800004c0	45290083	lb	x1,1106(x18)	 x18:0x8000818c  x1=0x00000000 PA:0x800085de
        5095000	       508	800004c4	02c95a83	lhu	x21,44(x18)	 x18:0x8000818c x21=0x00000000 PA:0x800081b8
        5105000	       509	800004c8	01c32d33	slt	x26,x6,x28	  x6:0x00000000 x28:0x00000001 x26=0x00000001
        5115000	       510	800004cc	3f492423	sw	x20,1000(x18)	 x18:0x8000818c x20:0x80009fc4 PA:0x80008574
        5125000	       511	800004d0	26b1f193	andi	x3,x3,619	  x3:0x00000001  x3=0x00000001
        5135000	       512	800004d4	37090123	sb	x16,866(x18)	 x18:0x8000818c x16:0x00000000 PA:0x800084ee
        5145000	       513	800004d8	28295783	lhu	x15,642(x18)	 x18:0x8000818c x15=0x00000000 PA:0x8000840e
        5155000	       514	800004dc	00000013	addi	x0,x0,0	  x0:0x00000000
        5165000	       515	800004e0	007ae0b3	or	x1,x21,x7	 x21:0x00000000  x7:0x00000000  x1=0x00000000
        5175000	       516	800004e4	f8c91383	lh	x7,-116(x18)	 x18:0x8000818c  x7=0x00000000 PA:0x80008118
        5185000	       517	800004e8	0f890a83	lb	x21,248(x18)	 x18:0x8000818c x21=0x00000000 PA:0x80008284
        5195000	       518	800004ec	49890323	sb	x24,1158(x18)	 x18:0x8000818c x24:0x00000000 PA:0x80008612
        5205000	       519	800004f0	5334c537	lui	x10,0x5334c	 x10=0x5334c000
        5215000	       520	800004f4	06f94e03	lbu	x28,111(x18)	 x18:0x8000818c x28=0x00000000 PA:0x800081fb
        5225000	       521	800004f8	00008997	auipc	x19,0x8	 x19=0x800084f4
        5235000	       522	800004fc	cf898993	addi	x19,x19,-776	 x19:0x800084f4 x19=0x800081ec
        5245000	       523	80000500	00008b17	auipc	x22,0x8	 x22=0x800084fc
        5255000	       524	80000504	c75b0b13	addi	x22,x22,-907	 x22:0x800084fc x22=0x80008171
        5265000	       525	80000508	fc998023	sb	x9,-64(x19)	 x19:0x800081ec  x9:0x00000000 PA:0x800081ac
        5275000	       526	8000050c	3d0b4003	lbu	x0,976(x22)	 x22:0x80008171 PA:0x80008541
        5285000	       527	80000510	fc499e03	lh	x28,-60(x19)	 x19:0x800081ec x28=0x00000000 PA:0x800081b0
        5295000	       528	80000514	545b5603	lhu	x12,1349(x22)	 x22:0x80008171 x12=0x00000000 PA:0x800086b6
        5305000	       529	00000000	00000013	addi	x0,x0,0	  x0:0x00000000
        5315000	       530	80000518	18cb01a3	sb	x12,387(x22)	 x22:0x80008171 x12:0x00000000 PA:0x800082f4
        5325000	       531	8000051c	0e298ea3	sb	x2,253(x19)	 x19:0x800081ec  x2:0x00000000 PA:0x800082e9
        5335000	       532	80000520	06199323	sh	x1,102(x19)	 x19:0x800081ec  x1:0x00000000 PA:0x80008252
        5345000	       533	80000524	0adb0423	sb	x13,168(x22)	 x22:0x80008171 x13:0x00000000 PA:0x80008219
        5355000	       534	80000528	08a98303	lb	x6,138(x19)	 x19:0x800081ec  x6=0x00000000 PA:0x80008276
        5365000	       535	8000052c	2e7b2783	lw	x15,743(x22)	 x22:0x80008171 x15=0x00000000 PA:0x80008458
        5375000	       536	80000530	f0299383	lh	x7,-254(x19)	 x19:0x800081ec  x7=0x00000000 PA:0x800080ee
        5385000	       537	80000534	f1bb0303	lb	x6,-229(x22)	 x22:0x80008171  x6=0x00000000 PA:0x8000808c
        5395000	       538	80000538	00008f17	auipc	x30,0x8	 x30=0x80008534
        5405000	       539	8000053c	d85f0f13	addi	x30,x30,-635	 x30:0x80008534 x30=0x800082b9
        5415000	       540	80000540	00008817	auipc	x16,0x8	 x16=0x8000853c
        5425000	       541	80000544	cb280813	addi	x16,x16,-846	 x16:0x8000853c x16=0x800081ee
        5435000	       542	80000548	fb1f0d03	lb	x26,-79(x30)	 x30:0x800082b9 x26=0x00000000 PA:0x8000826a
        5445000	       543	8000054c	0a8f0aa3	sb	x8,181(x30)	 x30:0x800082b9  x8:0x00000000 PA:0x8000836e
        5455000	       544	80000550	06a82c03	lw	x24,106(x16)	 x16:0x800081ee x24=0x00000000 PA:0x80008258
        5465000	       545	80000554	00008997	auipc	x19,0x8	 x19=0x80008550
        5475000	       546	80000558	f3798993	addi	x19,x19,-201	 x19:0x80008550 x19=0x80008487
        5485000	       547	8000055c	f5581c23	sh	x21,-168(x16)	 x16:0x800081ee x21:0x00000000 PA:0x80008146
        5495000	       548	80000560	02c98083	lb	x1,44(x19)	 x19:0x80008487  x1=0x00000000 PA:0x800084b3
        5505000	       549	80000564	f9f80f23	sb	x31,-98(x16)	 x16:0x800081ee x31:0x00000000 PA:0x8000818c
        5515000	       550	80000568	0b3f01a3	sb	x19,163(x30)	 x30:0x800082b9 x19:0x80008487 PA:0x8000835c
        5525000	       551	8000056c	ffa98123	sb	x26,-30(x19)	 x19:0x80008487 x26:0x00000000 PA:0x80008469
        5535000	       552	80000570	04c85e03	lhu	x28,76(x16)	 x16:0x800081ee x28=0x00000000 PA:0x8000823a
        5545000	       553	80000574	fd5f0303	lb	x6,-43(x30)	 x30:0x800082b9  x6=0x00000000 PA:0x8000828e
        5555000	       554	80000578	0369aaa3	sw	x22,53(x19)	 x19:0x80008487 x22:0x80008171 PA:0x800084bc
        5565000	       555	8000057c	fc681483	lh	x9,-58(x16)	 x16:0x800081ee  x9=0x00000000 PA:0x800081b4
        5575000	       556	80000580	ffbf1ba3	sh	x27,-9(x30)	 x30:0x800082b9 x27:0x00000000 PA:0x800082b0
        5585000	       557	80000584	fda9c403	lbu	x8,-38(x19)	 x19:0x80008487  x8=0x00000000 PA:0x80008461
        5595000	       558	80000588	066f4603	lbu	x12,102(x30)	 x30:0x800082b9 x12=0x00000000 PA:0x8000831f
        5605000	       559	8000058c	fdf80b83	lb	x23,-33(x16)	 x16:0x800081ee x23=0x00000000 PA:0x800081cd
        5615000	       560	80000590	f16f4d03	lbu	x26,-234(x30)	 x30:0x800082b9 x26=0x00000000 PA:0x800081cf
        5625000	       561	80000594	f6080d23	sb	x0,-134(x16)	 x16:0x800081ee  x0:0x00000000 PA:0x80008168
        5635000	       562	80000598	f81f5d03	lhu	x26,-127(x30)	 x30:0x800082b9 x26=0x00000000 PA:0x8000823a
        5645000	       563	8000059c	01e98b83	lb	x23,30(x19)	 x19:0x80008487 x23=0x00000000 PA:0x800084a5
        5655000	       564	800005a0	01b98d83	lb	x27,27(x19)	 x19:0x80008487 x27=0x00000000 PA:0x800084a2
        5665000	       565	800005a4	fec84083	lbu	x1,-20(x16)	 x16:0x800081ee  x1=0x00000000 PA:0x800081da
        5675000	       566	800005a8	03898683	lb	x13,56(x19)	 x19:0x80008487 x13=0xffffff80 PA:0x800084bf
        5685000	       567	800005ac	00299aa3	sh	x2,21(x19)	 x19:0x80008487  x2:0x00000000 PA:0x8000849c
        5695000	       568	800005b0	f9d80aa3	sb	x29,-107(x16)	 x16:0x800081ee x29:0x80009f84 PA:0x80008183
        5705000	       569	800005b4	fc79c683	lbu	x13,-57(x19)	 x19:0x80008487 x13=0x00000000 PA:0x8000844e
        5715000	       570	800005b8	4187dc33	sra	x24,x15,x24	 x15:0x00000000 x24:0x00000000 x24=0x00000000
        5725000	       571	800005bc	3c3ef293	andi	x5,x29,963	 x29:0x80009f84  x5=0x00000380
        5735000	       572	800005c0	edf9e037	lui	x0,0xedf9e	
        5745000	       573	800005c4	00d74c63	blt	x14,x13,800005dc	 x14:0x00000000 x13:0x00000000
        5755000	       574	800005c8	005d5693	srli	x13,x26,0x5	 x26:0x00000000 x13=0x00000000
        5765000	       575	800005cc	01575b13	srli	x22,x14,0x15	 x14:0x00000000 x22=0x00000000
        5775000	       576	800005d0	03118c63	beq	x3,x17,80000608	  x3:0x00000001 x17:0x00000000
        5785000	       577	800005d4	0020b4b3	sltu	x9,x1,x2	  x1:0x00000000  x2:0x00000000  x9=0x00000000
        5795000	       578	800005d8	c929ed13	ori	x26,x19,-878	 x19:0x80008487 x26=0xfffffc97
        5805000	       579	800005dc	41e95ab3	sra	x21,x18,x30	 x18:0x8000818c x30:0x800082b9 x21=0xffffffc0
        5815000	       580	800005e0	6cf2ed97	auipc	x27,0x6cf2e	 x27=0xecf2e5dc
        5825000	       581	800005e4	000676b3	and	x13,x12,x0	 x12:0x00000000  x0:0x00000000 x13=0x00000000
        5835000	       582	800005e8	40a681b3	sub	x3,x13,x10	 x13:0x00000000 x10:0x5334c000  x3=0xaccb4000
        5845000	       583	800005ec	01717663	bgeu	x2,x23,800005f8	  x2:0x00000000 x23:0x00000000
        5855000	       584	00000000	00000013	addi	x0,x0,0	  x0:0x00000000
        5865000	       585	800005f4	00000013	addi	x0,x0,0	  x0:0x00000000
        5875000	       586	800005f8	006ce263	bltu	x25,x6,800005fc	 x25:0x80000000  x6:0x00000000
        5885000	       587	800005fc	b8934893	xori	x17,x6,-1143	  x6:0x00000000 x17=0xfffffb89
        5895000	       588	80000600	548e2197	auipc	x3,0x548e2	  x3=0xd48e25fc
        5905000	       589	80000604	02500863	beq	x0,x5,80000634	  x0:0x00000000  x5:0x00000380
        5915000	       590	80000608	00f59b93	slli	x23,x11,0xf	 x11:0x0000076f x23=0x03b78000
        5925000	       591	8000060c	01772b33	slt	x22,x14,x23	 x14:0x00000000 x23:0x03b78000 x22=0x00000001
        5935000	       592	80000610	04ab7263	bgeu	x22,x10,80000654	 x22:0x00000001 x10:0x5334c000
        5945000	       593	80000614	01da5433	srl	x8,x20,x29	 x20:0x80009fc4 x29:0x80009f84  x8=0x080009fc
        5955000	       594	80000618	00000013	addi	x0,x0,0	  x0:0x00000000
        5965000	       595	8000061c	014ea1b3	slt	x3,x29,x20	 x29:0x80009f84 x20:0x80009fc4  x3=0x00000001
        5975000	       596	80000620	004d22b3	slt	x5,x26,x4	 x26:0xfffffc97  x4:0x5140d000  x5=0x00000001
        5985000	       597	80000624	017d83b3	add	x7,x27,x23	 x27:0xecf2e5dc x23:0x03b78000  x7=0xf0aa65dc
        5995000	       598	80000628	00c35033	srl	x0,x6,x12	  x6:0x00000000 x12:0x00000000
        6005000	       599	8000062c	04c57863	bgeu	x10,x12,8000067c	 x10:0x5334c000 x12:0x00000000
        6015000	       600	00000000	00000013	addi	x0,x0,0	  x0:0x00000000
        6025000	       601	80000678	00000013	addi	x0,x0,0	  x0:0x00000000
        6035000	       602	8000067c	03896663	bltu	x18,x24,800006a8	 x18:0x8000818c x24:0x00000000
        6045000	       603	80000680	4d65e793	ori	x15,x11,1238	 x11:0x0000076f x15=0x000007ff
        6055000	       604	80000684	00ca0e63	beq	x20,x12,800006a0	 x20:0x80009fc4 x12:0x00000000
        6065000	       605	80000688	01ac1c33	sll	x24,x24,x26	 x24:0x00000000 x26:0xfffffc97 x24=0x00000000
        6075000	       606	8000068c	01fe94b3	sll	x9,x29,x31	 x29:0x80009f84 x31:0x00000000  x9=0x80009f84
        6085000	       607	80000690	001e2633	slt	x12,x28,x1	 x28:0x00000000  x1:0x00000000 x12=0x00000000
        6095000	       608	80000694	04996663	bltu	x18,x9,800006e0	 x18:0x8000818c  x9:0x80009f84
        6105000	       609	00000000	00000013	addi	x0,x0,0	  x0:0x00000000
        6115000	       610	800006dc	00000013	addi	x0,x0,0	  x0:0x00000000
        6125000	       611	800006e0	ce9a7e13	andi	x28,x20,-791	 x20:0x80009fc4 x28=0x80009cc0
        6135000	       612	800006e4	011e21b3	slt	x3,x28,x17	 x28:0x80009cc0 x17:0xfffffb89  x3=0x00000001
        6145000	       613	800006e8	0159c133	xor	x2,x19,x21	 x19:0x80008487 x21:0xffffffc0  x2=0x7fff7b47
        6155000	       614	800006ec	00051a63	bne	x10,x0,80000700	 x10:0x5334c000  x0:0x00000000
        6165000	       615	00000000	00000013	addi	x0,x0,0	  x0:0x00000000
        6175000	       616	800006fc	00000013	addi	x0,x0,0	  x0:0x00000000
        6185000	       617	80000700	fdfe2d13	slti	x26,x28,-33	 x28:0x80009cc0 x26=0x00000001
        6195000	       618	80000704	7c10c713	xori	x14,x1,1985	  x1:0x00000000 x14=0x000007c1
        6205000	       619	80000708	02449463	bne	x9,x4,80000730	  x9:0x80009f84  x4:0x5140d000
        6215000	       620	00000000	00000013	addi	x0,x0,0	  x0:0x00000000
        6225000	       621	8000072c	00000013	addi	x0,x0,0	  x0:0x00000000
        6235000	       622	80000730	03a8d463	bge	x17,x26,80000758	 x17:0xfffffb89 x26:0x00000001
        6245000	       623	80000734	041b6063	bltu	x22,x1,80000774	 x22:0x00000001  x1:0x00000000
        6255000	       624	80000738	022fd063	bge	x31,x2,80000758	 x31:0x00000000  x2:0x7fff7b47
        6265000	       625	8000073c	007e6463	bltu	x28,x7,80000744	 x28:0x80009cc0  x7:0xf0aa65dc
        6275000	       626	00000000	00000013	addi	x0,x0,0	  x0:0x00000000
        6285000	       627	80000740	00000013	addi	x0,x0,0	  x0:0x00000000
        6295000	       628	80000744	00a1eb33	or	x22,x3,x10	  x3:0x00000001 x10:0x5334c000 x22=0x5334c001
        6305000	       629	80000748	006b3ab3	sltu	x21,x22,x6	 x22:0x5334c001  x6:0x00000000 x21=0x00000000
        6315000	       630	8000074c	0872c263	blt	x5,x7,800007d0	  x5:0x00000001  x7:0xf0aa65dc
        6325000	       631	80000750	00875993	srli	x19,x14,0x8	 x14:0x000007c1 x19=0x00000007
        6335000	       632	80000754	0374d663	bge	x9,x23,80000780	  x9:0x80009f84 x23:0x03b78000
        6345000	       633	80000758	fee76c17	auipc	x24,0xfee76	 x24=0x7ee76754
        6355000	       634	8000075c	0155dc63	bge	x11,x21,80000774	 x11:0x0000076f x21:0x00000000
        6365000	       635	00000000	00000013	addi	x0,x0,0	  x0:0x00000000
        6375000	       636	80000770	00000013	addi	x0,x0,0	  x0:0x00000000
        6385000	       637	80000774	00929433	sll	x8,x5,x9	  x5:0x00000001  x9:0x80009f84  x8=0x00000010
        6395000	       638	80000778	0005d833	srl	x16,x11,x0	 x11:0x0000076f  x0:0x00000000 x16=0x0000076f
        6405000	       639	8000077c	010fb233	sltu	x4,x31,x16	 x31:0x00000000 x16:0x0000076f  x4=0x00000001
        6415000	       640	80000780	960a7db7	lui	x27,0x960a7	 x27=0x960a7000
        6425000	       641	80000784	01795813	srli	x16,x18,0x17	 x18:0x8000818c x16=0x00000100
        6435000	       642	80000788	00000013	addi	x0,x0,0	  x0:0x00000000
        6445000	       643	8000078c	00001f17	auipc	x30,0x1	 x30=0x80001788
        6455000	       644	80000790	8c0f0f13	addi	x30,x30,-1856	 x30:0x80001788 x30=0x80001048
        6465000	       645	80000794	dc5f1c37	lui	x24,0xdc5f1	 x24=0xdc5f1000
        6475000	       646	80000798	000acfb3	xor	x31,x21,x0	 x21:0x00000000  x0:0x00000000 x31=0x00000000
        6485000	       647	8000079c	008b1d13	slli	x26,x22,0x8	 x22:0x5334c001 x26=0x34c00100
        6495000	       648	800007a0	36ff0f13	addi	x30,x30,879	 x30:0x80001048 x30=0x800013b7
        6505000	       649	800007a4	5fd98913	addi	x18,x19,1533	 x19:0x00000007 x18=0x00000604
        6515000	       650	800007a8	000cdb33	srl	x22,x25,x0	 x25:0x80000000  x0:0x00000000 x22=0x80000000
        6525000	       651	800007ac	40d90833	sub	x16,x18,x13	 x18:0x00000604 x13:0x00000000 x16=0x00000604
        6535000	       652	800007b0	01e36463	bltu	x6,x30,800007b8	  x6:0x00000000 x30:0x800013b7
        6545000	       653	00000000	00000013	addi	x0,x0,0	  x0:0x00000000
        6555000	       654	800007b4	00000013	addi	x0,x0,0	  x0:0x00000000
        6565000	       655	800007b8	c91f09e7	jalr	x19,x30,-879	 x30:0x800013b7 x19=0x800007b8
        6575000	       656	00000000	00000013	addi	x0,x0,0	  x0:0x00000000
        6585000	       657	80001048	00000013	addi	x0,x0,0	  x0:0x00000000
        6595000	       658	8000104c	fc0e8e93	addi	x29,x29,-64	 x29:0x80009f84 x29=0x80009f44
        6605000	       659	80001050	413e51b3	sra	x3,x28,x19	 x28:0x80009cc0 x19:0x800007b8  x3=0xffffff80
        6615000	       660	80001054	4006d033	sra	x0,x13,x0	 x13:0x00000000  x0:0x00000000
        6625000	       661	80001058	00000013	addi	x0,x0,0	  x0:0x00000000
        6635000	       662	8000105c	013ea223	sw	x19,4(x29)	 x29:0x80009f44 x19:0x800007b8 PA:0x80009f48
        6645000	       663	80001060	017ac3b3	xor	x7,x21,x23	 x21:0x00000000 x23:0x03b78000  x7=0x03b78000
        6655000	       664	80001064	016fee33	or	x28,x31,x22	 x31:0x00000000 x22:0x80000000 x28=0x80000000
        6665000	       665	80001068	00007417	auipc	x8,0x7	  x8=0x80008064
        6675000	       666	8000106c	62940413	addi	x8,x8,1577	  x8:0x80008064  x8=0x8000868d
        6685000	       667	80001070	02e414a3	sh	x14,41(x8)	  x8:0x8000868d x14:0x000007c1 PA:0x800086b6
        6695000	       668	80001074	02945b03	lhu	x22,41(x8)	  x8:0x8000868d x22=0x000007c1 PA:0x800086b6
        6705000	       669	80001078	01147833	and	x16,x8,x17	  x8:0x8000868d x17:0xfffffb89 x16=0x80008289
        6715000	       670	8000107c	02f414a3	sh	x15,41(x8)	  x8:0x8000868d x15:0x000007ff PA:0x800086b6
        6725000	       671	80001080	02f414a3	sh	x15,41(x8)	  x8:0x8000868d x15:0x000007ff PA:0x800086b6
        6735000	       672	80001084	02940c03	lb	x24,41(x8)	  x8:0x8000868d x24=0xffffffff PA:0x800086b6
        6745000	       673	80001088	02945103	lhu	x2,41(x8)	  x8:0x8000868d  x2=0x000007ff PA:0x800086b6
        6755000	       674	00000000	00000013	addi	x0,x0,0	  x0:0x00000000
        6765000	       675	8000108c	4f517e13	andi	x28,x2,1269	  x2:0x000007ff x28=0x000004f5
        6775000	       676	80001090	02941b03	lh	x22,41(x8)	  x8:0x8000868d x22=0x000007ff PA:0x800086b6
        6785000	       677	80001094	02e414a3	sh	x14,41(x8)	  x8:0x8000868d x14:0x000007c1 PA:0x800086b6
        6795000	       678	80001098	028404a3	sb	x8,41(x8)	  x8:0x8000868d  x8:0x8000868d PA:0x800086b6
        6805000	       679	8000109c	00240183	lb	x3,2(x8)	  x8:0x8000868d  x3=0x00000000 PA:0x8000868f
        6815000	       680	800010a0	00240f03	lb	x30,2(x8)	  x8:0x8000868d x30=0x00000000 PA:0x8000868f
        6825000	       681	800010a4	01340123	sb	x19,2(x8)	  x8:0x8000868d x19:0x800007b8 PA:0x8000868f
        6835000	       682	800010a8	00244d83	lbu	x27,2(x8)	  x8:0x8000868d x27=0x000000b8 PA:0x8000868f
        6845000	       683	800010ac	01984b33	xor	x22,x16,x25	 x16:0x80008289 x25:0x80000000 x22=0x00008289
        6855000	       684	800010b0	00244903	lbu	x18,2(x8)	  x8:0x8000868d x18=0x000000b8 PA:0x8000868f
        6865000	       685	800010b4	00240803	lb	x16,2(x8)	  x8:0x8000868d x16=0xffffffb8 PA:0x8000868f
        6875000	       686	800010b8	00244303	lbu	x6,2(x8)	  x8:0x8000868d  x6=0x000000b8 PA:0x8000868f
        6885000	       687	800010bc	00040123	sb	x0,2(x8)	  x8:0x8000868d  x0:0x00000000 PA:0x8000868f
        6895000	       688	800010c0	01540123	sb	x21,2(x8)	  x8:0x8000868d x21:0x00000000 PA:0x8000868f
        6905000	       689	800010c4	00240583	lb	x11,2(x8)	  x8:0x8000868d x11=0x00000000 PA:0x8000868f
        6915000	       690	800010c8	02744483	lbu	x9,39(x8)	  x8:0x8000868d  x9=0x00000000 PA:0x800086b4
        6925000	       691	800010cc	00008997	auipc	x19,0x8	 x19=0x800090c8
        6935000	       692	800010d0	8bf98993	addi	x19,x19,-1857	 x19:0x800090c8 x19=0x80008987
        6945000	       693	800010d4	00098423	sb	x0,8(x19)	 x19:0x80008987  x0:0x00000000 PA:0x8000898f
        6955000	       694	800010d8	0089cb83	lbu	x23,8(x19)	 x19:0x80008987 x23=0x00000000 PA:0x8000898f
        6965000	       695	800010dc	ff69ce03	lbu	x28,-10(x19)	 x19:0x80008987 x28=0x00000000 PA:0x8000897d
        6975000	       696	800010e0	ff69c603	lbu	x12,-10(x19)	 x19:0x80008987 x12=0x00000000 PA:0x8000897d
        6985000	       697	800010e4	7c917d13	andi	x26,x2,1993	  x2:0x000007ff x26=0x000007c9
        6995000	       698	800010e8	4ee982a3	sb	x14,1253(x19)	 x19:0x80008987 x14:0x000007c1 PA:0x80008e6c
        7005000	       699	800010ec	4f0982a3	sb	x16,1253(x19)	 x19:0x80008987 x16:0xffffffb8 PA:0x80008e6c
        7015000	       700	800010f0	f4698c23	sb	x6,-168(x19)	 x19:0x80008987  x6:0x000000b8 PA:0x800088df
        7025000	       701	800010f4	96af7017	auipc	x0,0x96af7	
        7035000	       702	800010f8	4b89c303	lbu	x6,1208(x19)	 x19:0x80008987  x6=0x00000001 PA:0x80008e3f
        7045000	       703	800010fc	f5e98623	sb	x30,-180(x19)	 x19:0x80008987 x30:0x00000000 PA:0x800088d3
        7055000	       704	80001100	358997a3	sh	x24,847(x19)	 x19:0x80008987 x24:0xffffffff PA:0x80008cd6
        7065000	       705	80001104	67fc8b13	addi	x22,x25,1663	 x25:0x80000000 x22=0x8000067f
        7075000	       706	80001108	6529cf03	lbu	x30,1618(x19)	 x19:0x80008987 x30=0x00000000 PA:0x80008fd9
        7085000	       707	8000110c	65298403	lb	x8,1618(x19)	 x19:0x80008987  x8=0x00000000 PA:0x80008fd9
        7095000	       708	80001110	411651b3	sra	x3,x12,x17	 x12:0x00000000 x17:0xfffffb89  x3=0x00000000
        7105000	       709	80001114	65298103	lb	x2,1618(x19)	 x19:0x80008987  x2=0x00000000 PA:0x80008fd9
        7115000	       710	80001118	82b18413	addi	x8,x3,-2005	  x3:0x00000000  x8=0xfffff82b
        7125000	       711	8000111c	6529ca83	lbu	x21,1618(x19)	 x19:0x80008987 x21=0x00000000 PA:0x80008fd9
        7135000	       712	80001120	6529c283	lbu	x5,1618(x19)	 x19:0x80008987  x5=0x00000000 PA:0x80008fd9
        7145000	       713	80001124	57f994a3	sh	x31,1385(x19)	 x19:0x80008987 x31:0x00000000 PA:0x80008ef0
        7155000	       714	80001128	00007317	auipc	x6,0x7	  x6=0x80008124
        7165000	       715	8000112c	5ea30313	addi	x6,x6,1514	  x6:0x80008124  x6=0x8000870e
        7175000	       716	80001130	f9930e03	lb	x28,-103(x6)	  x6:0x8000870e x28=0x00000000 PA:0x800086a7
        7185000	       717	80001134	06431a23	sh	x4,116(x6)	  x6:0x8000870e  x4:0x00000001 PA:0x80008782
        7195000	       718	80001138	01ca36b3	sltu	x13,x20,x28	 x20:0x80009fc4 x28:0x00000000 x13=0x00000000
        7205000	       719	8000113c	08734403	lbu	x8,135(x6)	  x6:0x8000870e  x8=0x00000000 PA:0x80008795
        7215000	       720	80001140	04430123	sb	x4,66(x6)	  x6:0x8000870e  x4:0x00000001 PA:0x80008750
        7225000	       721	80001144	009d9533	sll	x10,x27,x9	 x27:0x000000b8  x9:0x00000000 x10=0x000000b8
        7235000	       722	80001148	0100bc33	sltu	x24,x1,x16	  x1:0x00000000 x16:0xffffffb8 x24=0x00000001
        7245000	       723	8000114c	014a24b3	slt	x9,x20,x20	 x20:0x80009fc4 x20:0x80009fc4  x9=0x00000000
        7255000	       724	80001150	01ccb3b3	sltu	x7,x25,x28	 x25:0x80000000 x28:0x00000000  x7=0x00000000
        7265000	       725	80001154	01737433	and	x8,x6,x23	  x6:0x8000870e x23:0x00000000  x8=0x00000000
        7275000	       726	80001158	0d330723	sb	x19,206(x6)	  x6:0x8000870e x19:0x80008987 PA:0x800087dc
        7285000	       727	8000115c	04931a23	sh	x9,84(x6)	  x6:0x8000870e  x9:0x00000000 PA:0x80008762
        7295000	       728	80001160	fbf30883	lb	x17,-65(x6)	  x6:0x8000870e x17=0x00000000 PA:0x800086cd
        7305000	       729	80001164	01497d33	and	x26,x18,x20	 x18:0x000000b8 x20:0x80009fc4 x26=0x00000080
        7315000	       730	80001168	29468597	auipc	x11,0x29468	 x11=0xa9469164
        7325000	       731	8000116c	06431b23	sh	x4,118(x6)	  x6:0x8000870e  x4:0x00000001 PA:0x80008784
        7335000	       732	80001170	c067fd13	andi	x26,x15,-1018	 x15:0x000007ff x26=0x00000406
        7345000	       733	80001174	04c30023	sb	x12,64(x6)	  x6:0x8000870e x12:0x00000000 PA:0x8000874e
        7355000	       734	80001178	07c32523	sw	x28,106(x6)	  x6:0x8000870e x28:0x00000000 PA:0x80008778
        7365000	       735	8000117c	ceee0613	addi	x12,x28,-786	 x28:0x00000000 x12=0xfffffcee
        7375000	       736	80001180	01d97ab3	and	x21,x18,x29	 x18:0x000000b8 x29:0x80009f44 x21=0x00000000
        7385000	       737	80001184	01d5d6b3	srl	x13,x11,x29	 x11:0xa9469164 x29:0x80009f44 x13=0x0a946916
        7395000	       738	80001188	0b634b03	lbu	x22,182(x6)	  x6:0x8000870e x22=0x00000000 PA:0x800087c4
        7405000	       739	8000118c	5051bd93	sltiu	x27,x3,1285	  x3:0x00000000 x27=0x00000001
        7415000	       740	80001190	fda34983	lbu	x19,-38(x6)	  x6:0x8000870e x19=0x00000000 PA:0x800086e8
        7425000	       741	80001194	017360b3	or	x1,x6,x23	  x6:0x8000870e x23:0x00000000  x1=0x8000870e
        7435000	       742	80001198	4836f813	andi	x16,x13,1155	 x13:0x0a946916 x16=0x00000002
        7445000	       743	8000119c	09130923	sb	x17,146(x6)	  x6:0x8000870e x17:0x00000000 PA:0x800087a0
        7455000	       744	800011a0	f4930b83	lb	x23,-183(x6)	  x6:0x8000870e x23=0x00000000 PA:0x80008657
        7465000	       745	00000000	00000013	addi	x0,x0,0	  x0:0x00000000
        7475000	       746	800011a4	01cbf7b3	and	x15,x23,x28	 x23:0x00000000 x28:0x00000000 x15=0x00000000
        7485000	       747	800011a8	fba30c23	sb	x26,-72(x6)	  x6:0x8000870e x26:0x00000406 PA:0x800086c6
        7495000	       748	800011ac	03930ba3	sb	x25,55(x6)	  x6:0x8000870e x25:0x80000000 PA:0x80008745
        7505000	       749	800011b0	f2930283	lb	x5,-215(x6)	  x6:0x8000870e  x5=0x00000000 PA:0x80008637
        7515000	       750	00000000	00000013	addi	x0,x0,0	  x0:0x00000000
        7525000	       751	800011b4	0c534183	lbu	x3,197(x6)	  x6:0x8000870e  x3=0x00000000 PA:0x800087d3
        7535000	       752	800011b8	f1a35283	lhu	x5,-230(x6)	  x6:0x8000870e  x5=0x00000000 PA:0x80008628
        7545000	       753	800011bc	0f430ea3	sb	x20,253(x6)	  x6:0x8000870e x20:0x80009fc4 PA:0x8000880b
        7555000	       754	800011c0	0a730203	lb	x4,167(x6)	  x6:0x8000870e  x4=0x00000000 PA:0x800087b5
        7565000	       755	800011c4	f4334a83	lbu	x21,-189(x6)	  x6:0x8000870e x21=0x00000000 PA:0x80008651
        7575000	       756	800011c8	ff3302a3	sb	x19,-27(x6)	  x6:0x8000870e x19:0x00000000 PA:0x800086f3
        7585000	       757	800011cc	ffb30183	lb	x3,-5(x6)	  x6:0x8000870e  x3=0x00000000 PA:0x80008709
        7595000	       758	800011d0	016f8433	add	x8,x31,x22	 x31:0x00000000 x22:0x00000000  x8=0x00000000
        7605000	       759	800011d4	014af833	and	x16,x21,x20	 x21:0x00000000 x20:0x80009fc4 x16=0x00000000
        7615000	       760	800011d8	0a430083	lb	x1,164(x6)	  x6:0x8000870e  x1=0x00000000 PA:0x800087b2
        7625000	       761	800011dc	01bb5713	srli	x14,x22,0x1b	 x22:0x00000000 x14=0x00000000
        7635000	       762	800011e0	07d34783	lbu	x15,125(x6)	  x6:0x8000870e x15=0x00000000 PA:0x8000878b
        7645000	       763	800011e4	4152d2b3	sra	x5,x5,x21	  x5:0x00000000 x21:0x00000000  x5=0x00000000
        7655000	       764	800011e8	00f32923	sw	x15,18(x6)	  x6:0x8000870e x15:0x00000000 PA:0x80008720
        7665000	       765	800011ec	f8c30883	lb	x17,-116(x6)	  x6:0x8000870e x17=0x00000000 PA:0x8000869a
        7675000	       766	00000000	00000013	addi	x0,x0,0	  x0:0x00000000
        7685000	       767	800011f0	7318f693	andi	x13,x17,1841	 x17:0x00000000 x13=0x00000000
        7695000	       768	800011f4	00c41213	slli	x4,x8,0xc	  x8:0x00000000  x4=0x00000000
        7705000	       769	800011f8	9b24f213	andi	x4,x9,-1614	  x9:0x00000000  x4=0x00000000
        7715000	       770	800011fc	004f8933	add	x18,x31,x4	 x31:0x00000000  x4:0x00000000 x18=0x00000000
        7725000	       771	80001200	015c5613	srli	x12,x24,0x15	 x24:0x00000001 x12=0x00000000
        7735000	       772	80001204	69235197	auipc	x3,0x69235	  x3=0xe9236200
        7745000	       773	80001208	0130ffb3	and	x31,x1,x19	  x1:0x00000000 x19:0x00000000 x31=0x00000000
        7755000	       774	8000120c	f5d307a3	sb	x29,-177(x6)	  x6:0x8000870e x29:0x80009f44 PA:0x8000865d
        7765000	       775	80001210	f9b32b23	sw	x27,-106(x6)	  x6:0x8000870e x27:0x00000001 PA:0x800086a4
        7775000	       776	80001214	00008117	auipc	x2,0x8	  x2=0x80009210
        7785000	       777	80001218	c4f10113	addi	x2,x2,-945	  x2:0x80009210  x2=0x80008e5f
        7795000	       778	8000121c	8df3cb13	xori	x22,x7,-1825	  x7:0x00000000 x22=0xfffff8df
        7805000	       779	80001220	00410b83	lb	x23,4(x2)	  x2:0x80008e5f x23=0x00000000 PA:0x80008e63
        7815000	       780	80001224	00414803	lbu	x16,4(x2)	  x2:0x80008e5f x16=0x00000000 PA:0x80008e63
        7825000	       781	80001228	00d14c03	lbu	x24,13(x2)	  x2:0x80008e5f x24=0x000000b8 PA:0x80008e6c
        7835000	       782	8000122c	405756b3	sra	x13,x14,x5	 x14:0x00000000  x5:0x00000000 x13=0x00000000
        7845000	       783	80001230	011304b3	add	x9,x6,x17	  x6:0x8000870e x17:0x00000000  x9=0x8000870e
        7855000	       784	80001234	00c126a3	sw	x12,13(x2)	  x2:0x80008e5f x12:0x00000000 PA:0x80008e6c
        7865000	       785	80001238	016126a3	sw	x22,13(x2)	  x2:0x80008e5f x22:0xfffff8df PA:0x80008e6c
        7875000	       786	8000123c	011117a3	sh	x17,15(x2)	  x2:0x80008e5f x17:0x00000000 PA:0x80008e6e
        7885000	       787	80001240	012107a3	sb	x18,15(x2)	  x2:0x80008e5f x18:0x00000000 PA:0x80008e6e
        7895000	       788	80001244	00d671b3	and	x3,x12,x13	 x12:0x00000000 x13:0x00000000  x3=0x00000000
        7905000	       789	80001248	fff15903	lhu	x18,-1(x2)	  x2:0x80008e5f x18=0x00000000 PA:0x80008e5e
        7915000	       790	8000124c	00b10023	sb	x11,0(x2)	  x2:0x80008e5f x11:0xa9469164 PA:0x80008e5f
        7925000	       791	80001250	00210023	sb	x2,0(x2)	  x2:0x80008e5f  x2:0x80008e5f PA:0x80008e5f
        7935000	       792	80001254	00b10023	sb	x11,0(x2)	  x2:0x80008e5f x11:0xa9469164 PA:0x80008e5f
        7945000	       793	80001258	19f806b7	lui	x13,0x19f80	 x13=0x19f80000
        7955000	       794	8000125c	fe410a23	sb	x4,-12(x2)	  x2:0x80008e5f  x4:0x00000000 PA:0x80008e53
        7965000	       795	80001260	ff511583	lh	x11,-11(x2)	  x2:0x80008e5f x11=0x00000000 PA:0x80008e54
        7975000	       796	80001264	00007997	auipc	x19,0x7	 x19=0x80008260
        7985000	       797	80001268	54298993	addi	x19,x19,1346	 x19:0x80008260 x19=0x800087a2
        7995000	       798	8000126c	3d200113	addi	x2,x0,978	  x0:0x00000000  x2=0x000003d2
        8005000	       799	80001270	0057e933	or	x18,x15,x5	 x15:0x00000000  x5:0x00000000 x18=0x00000000
        8015000	       800	80001274	012b0533	add	x10,x22,x18	 x22:0xfffff8df x18:0x00000000 x10=0xfffff8df
        8025000	       801	80001278	e059c483	lbu	x9,-507(x19)	 x19:0x800087a2  x9=0x00000000 PA:0x800085a7
        8035000	       802	8000127c	e3698803	lb	x16,-458(x19)	 x19:0x800087a2 x16=0x00000000 PA:0x800085d8
        8045000	       803	80001280	d3498083	lb	x1,-716(x19)	 x19:0x800087a2  x1=0x00000000 PA:0x800084d6
        8055000	       804	80001284	4096dab3	sra	x21,x13,x9	 x13:0x19f80000  x9:0x00000000 x21=0x19f80000
        8065000	       805	80001288	d6c9dd03	lhu	x26,-660(x19)	 x19:0x800087a2 x26=0x00000000 PA:0x8000850e
        8075000	       806	8000128c	0bc6e113	ori	x2,x13,188	 x13:0x19f80000  x2=0x19f800bc
        8085000	       807	80001290	9079c303	lbu	x6,-1785(x19)	 x19:0x800087a2  x6=0x00000000 PA:0x800080a9
        8095000	       808	80001294	eba98a83	lb	x21,-326(x19)	 x19:0x800087a2 x21=0x00000000 PA:0x8000865c
        8105000	       809	80001298	f029cd83	lbu	x27,-254(x19)	 x19:0x800087a2 x27=0x00000001 PA:0x800086a4
        8115000	       810	8000129c	c3d9ad23	sw	x29,-966(x19)	 x19:0x800087a2 x29:0x80009f44 PA:0x800083dc
        8125000	       811	800012a0	d849d083	lhu	x1,-636(x19)	 x19:0x800087a2  x1=0x00000000 PA:0x80008526
        8135000	       812	800012a4	002f2a93	slti	x21,x30,2	 x30:0x00000000 x21=0x00000001
        8145000	       813	800012a8	2e597b37	lui	x22,0x2e597	 x22=0x2e597000
        8155000	       814	800012ac	06f9c503	lbu	x10,111(x19)	 x19:0x800087a2 x10=0x00000000 PA:0x80008811
        8165000	       815	800012b0	ada98ca3	sb	x26,-1319(x19)	 x19:0x800087a2 x26:0x00000000 PA:0x8000827b
        8175000	       816	800012b4	fdc9c883	lbu	x17,-36(x19)	 x19:0x800087a2 x17=0x00000000 PA:0x8000877e
        8185000	       817	800012b8	a97c8813	addi	x16,x25,-1385	 x25:0x80000000 x16=0x7ffffa97
        8195000	       818	800012bc	5e2457b7	lui	x15,0x5e245	 x15=0x5e245000
        8205000	       819	800012c0	c9eccb13	xori	x22,x25,-866	 x25:0x80000000 x22=0x7ffffc9e
        8215000	       820	800012c4	413c0733	sub	x14,x24,x19	 x24:0x000000b8 x19:0x800087a2 x14=0x7fff7916
        8225000	       821	800012c8	d59982a3	sb	x25,-699(x19)	 x19:0x800087a2 x25:0x80000000 PA:0x800084e7
        8235000	       822	800012cc	e1b98283	lb	x5,-485(x19)	 x19:0x800087a2  x5=0x00000000 PA:0x800085bd
        8245000	       823	800012d0	01561893	slli	x17,x12,0x15	 x12:0x00000000 x17=0x00000000
        8255000	       824	800012d4	c821cd17	auipc	x26,0xc821c	 x26=0x4821d2d0
        8265000	       825	800012d8	c7d99b23	sh	x29,-906(x19)	 x19:0x800087a2 x29:0x80009f44 PA:0x80008418
        8275000	       826	800012dc	01df15b3	sll	x11,x30,x29	 x30:0x00000000 x29:0x80009f44 x11=0x00000000
        8285000	       827	800012e0	86978d93	addi	x27,x15,-1943	 x15:0x5e245000 x27=0x5e244869
        8295000	       828	800012e4	00feac33	slt	x24,x29,x15	 x29:0x80009f44 x15:0x5e245000 x24=0x00000001
        8305000	       829	800012e8	e7799823	sh	x23,-400(x19)	 x19:0x800087a2 x23:0x00000000 PA:0x80008612
        8315000	       830	800012ec	bfd80b37	lui	x22,0xbfd80	 x22=0xbfd80000
        8325000	       831	800012f0	01695f93	srli	x31,x18,0x16	 x18:0x00000000 x31=0x00000000
        8335000	       832	800012f4	cff9a323	sw	x31,-794(x19)	 x19:0x800087a2 x31:0x00000000 PA:0x80008488
        8345000	       833	800012f8	005cee33	or	x28,x25,x5	 x25:0x80000000  x5:0x00000000 x28=0x80000000
        8355000	       834	800012fc	8e8981a3	sb	x8,-1821(x19)	 x19:0x800087a2  x8:0x00000000 PA:0x80008085
        8365000	       835	80001300	bcd9c603	lbu	x12,-1075(x19)	 x19:0x800087a2 x12=0x00000000 PA:0x8000836f
        8375000	       836	80001304	8e89d083	lhu	x1,-1816(x19)	 x19:0x800087a2  x1=0x00000000 PA:0x8000808a
        8385000	       837	80001308	6ebd3b97	auipc	x23,0x6ebd3	 x23=0xeebd4304
        8395000	       838	8000130c	fb7981a3	sb	x23,-93(x19)	 x19:0x800087a2 x23:0xeebd4304 PA:0x80008745
        8405000	       839	80001310	a3499303	lh	x6,-1484(x19)	 x19:0x800087a2  x6=0x00000000 PA:0x800081d6
        8415000	       840	80001314	ecfd0913	addi	x18,x26,-305	 x26:0x4821d2d0 x18=0x4821d19f
        8425000	       841	80001318	407ed1b3	sra	x3,x29,x7	 x29:0x80009f44  x7:0x00000000  x3=0x80009f44
        8435000	       842	8000131c	015a5533	srl	x10,x20,x21	 x20:0x80009fc4 x21:0x00000001 x10=0x40004fe2
        8445000	       843	80001320	d289cc03	lbu	x24,-728(x19)	 x19:0x800087a2 x24=0x00000000 PA:0x800084ca
        8455000	       844	80001324	405cd6b3	sra	x13,x25,x5	 x25:0x80000000  x5:0x00000000 x13=0x80000000
        8465000	       845	80001328	016e5633	srl	x12,x28,x22	 x28:0x80000000 x22:0xbfd80000 x12=0x80000000
        8475000	       846	8000132c	de598483	lb	x9,-539(x19)	 x19:0x800087a2  x9=0x00000000 PA:0x80008587
        8485000	       847	80001330	b0d9c683	lbu	x13,-1267(x19)	 x19:0x800087a2 x13=0x00000000 PA:0x800082af
        8495000	       848	80001334	00007217	auipc	x4,0x7	  x4=0x80008330
        8505000	       849	80001338	38320213	addi	x4,x4,899	  x4:0x80008330  x4=0x800086b3
        8515000	       850	8000133c	01b91b13	slli	x22,x18,0x1b	 x18:0x4821d19f x22=0xf8000000
        8525000	       851	80001340	e9b25483	lhu	x9,-357(x4)	  x4:0x800086b3  x9=0x00000000 PA:0x8000854e
        8535000	       852	80001344	fda24683	lbu	x13,-38(x4)	  x4:0x800086b3 x13=0x00000000 PA:0x8000868d
        8545000	       853	80001348	11321783	lh	x15,275(x4)	  x4:0x800086b3 x15=0x00000000 PA:0x800087c6
        8555000	       854	8000134c	0005d1b3	srl	x3,x11,x0	 x11:0x00000000  x0:0x00000000  x3=0x00000000
        8565000	       855	80001350	b5424583	lbu	x11,-1196(x4)	  x4:0x800086b3 x11=0x00000000 PA:0x80008207
        8575000	       856	80001354	0ff2c817	auipc	x16,0xff2c	 x16=0x8ff2d350
        8585000	       857	80001358	00fca2b3	slt	x5,x25,x15	 x25:0x80000000 x15:0x00000000  x5=0x00000001
        8595000	       858	8000135c	40a5dbb3	sra	x23,x11,x10	 x11:0x00000000 x10:0x40004fe2 x23=0x00000000
        8605000	       859	80001360	0dc20823	sb	x28,208(x4)	  x4:0x800086b3 x28:0x80000000 PA:0x80008783
        8615000	       860	80001364	403ad793	srai	x15,x21,0x3	 x21:0x00000001 x15=0x00000000
        8625000	       861	80001368	29627593	andi	x11,x4,662	  x4:0x800086b3 x11=0x00000292
        8635000	       862	8000136c	01212db3	slt	x27,x2,x18	  x2:0x19f800bc x18:0x4821d19f x27=0x00000001
        8645000	       863	80001370	7f702293	slti	x5,x0,2039	  x0:0x00000000  x5=0x00000001
        8655000	       864	80001374	08024783	lbu	x15,128(x4)	  x4:0x800086b3 x15=0x00000000 PA:0x80008733
        8665000	       865	80001378	42e8e893	ori	x17,x17,1070	 x17:0x00000000 x17=0x0000042e
        8675000	       866	8000137c	0a020623	sb	x0,172(x4)	  x4:0x800086b3  x0:0x00000000 PA:0x8000875f
        8685000	       867	80001380	fba24583	lbu	x11,-70(x4)	  x4:0x800086b3 x11=0x00000000 PA:0x8000866d
        8695000	       868	80001384	015b1c33	sll	x24,x22,x21	 x22:0xf8000000 x21:0x00000001 x24=0xf0000000
        8705000	       869	80001388	ad920f83	lb	x31,-1319(x4)	  x4:0x800086b3 x31=0x00000000 PA:0x8000818c
        8715000	       870	8000138c	9fa20783	lb	x15,-1542(x4)	  x4:0x800086b3 x15=0x00000000 PA:0x800080ad
        8725000	       871	80001390	e8925e03	lhu	x28,-375(x4)	  x4:0x800086b3 x28=0x00000000 PA:0x8000853c
        8735000	       872	80001394	e53b6017	auipc	x0,0xe53b6	
        8745000	       873	80001398	aa0215a3	sh	x0,-1365(x4)	  x4:0x800086b3  x0:0x00000000 PA:0x8000815e
        8755000	       874	8000139c	00b7fc33	and	x24,x15,x11	 x15:0x00000000 x11:0x00000000 x24=0x00000000
        8765000	       875	800013a0	41c389b3	sub	x19,x7,x28	  x7:0x00000000 x28:0x00000000 x19=0x00000000
        8775000	       876	800013a4	0def4513	xori	x10,x30,222	 x30:0x00000000 x10=0x000000de
        8785000	       877	800013a8	03620403	lb	x8,54(x4)	  x4:0x800086b3  x8=0x00000000 PA:0x800086e9
        8795000	       878	800013ac	a0f21503	lh	x10,-1521(x4)	  x4:0x800086b3 x10=0x00000000 PA:0x800080c2
        8805000	       879	00000000	00000013	addi	x0,x0,0	  x0:0x00000000
        8815000	       880	800013b0	dcabce13	xori	x28,x23,-566	 x23:0x00000000 x28=0xfffffdca
        8825000	       881	800013b4	f8924803	lbu	x16,-119(x4)	  x4:0x800086b3 x16=0x00000000 PA:0x8000863c
        8835000	       882	800013b8	012a3fb3	sltu	x31,x20,x18	 x20:0x80009fc4 x18:0x4821d19f x31=0x00000000
        8845000	       883	800013bc	1e984d93	xori	x27,x16,489	 x16:0x00000000 x27=0x000001e9
        8855000	       884	800013c0	009af2b3	and	x5,x21,x9	 x21:0x00000001  x9:0x00000000  x5=0x00000000
        8865000	       885	800013c4	04521683	lh	x13,69(x4)	  x4:0x800086b3 x13=0x00000000 PA:0x800086f8
        8875000	       886	800013c8	e6e20523	sb	x14,-406(x4)	  x4:0x800086b3 x14:0x7fff7916 PA:0x8000851d
        8885000	       887	800013cc	75704313	xori	x6,x0,1879	  x0:0x00000000  x6=0x00000757
        8895000	       888	800013d0	01561b33	sll	x22,x12,x21	 x12:0x80000000 x21:0x00000001 x22=0x00000000
        8905000	       889	800013d4	d7a8c093	xori	x1,x17,-646	 x17:0x0000042e  x1=0xfffff954
        8915000	       890	800013d8	9cd207a3	sb	x13,-1585(x4)	  x4:0x800086b3 x13:0x00000000 PA:0x80008082
        8925000	       891	800013dc	f3c215a3	sh	x28,-213(x4)	  x4:0x800086b3 x28:0xfffffdca PA:0x800085de
        8935000	       892	800013e0	4b5bf537	lui	x10,0x4b5bf	 x10=0x4b5bf000
        8945000	       893	800013e4	0159b9b3	sltu	x19,x19,x21	 x19:0x00000000 x21:0x00000001 x19=0x00000001
        8955000	       894	800013e8	012a4c33	xor	x24,x20,x18	 x20:0x80009fc4 x18:0x4821d19f x24=0xc8214e5b
        8965000	       895	800013ec	0bb24903	lbu	x18,187(x4)	  x4:0x800086b3 x18=0x00000000 PA:0x8000876e
        8975000	       896	800013f0	dcd208a3	sb	x13,-559(x4)	  x4:0x800086b3 x13:0x00000000 PA:0x80008484
        8985000	       897	800013f4	00008497	auipc	x9,0x8	  x9=0x800093f0
        8995000	       898	800013f8	ae348493	addi	x9,x9,-1309	  x9:0x800093f0  x9=0x80008ed3
        9005000	       899	800013fc	00007897	auipc	x17,0x7	 x17=0x800083f8
        9015000	       900	80001400	59188893	addi	x17,x17,1425	 x17:0x800083f8 x17=0x80008989
        9025000	       901	80001404	ffe48003	lb	x0,-2(x9)	  x9:0x80008ed3 PA:0x80008ed1
        9035000	       902	80001408	03088f03	lb	x30,48(x17)	 x17:0x80008989 x30=0x00000000 PA:0x800089b9
        9045000	       903	8000140c	00007797	auipc	x15,0x7	 x15=0x80008408
        9055000	       904	80001410	41578793	addi	x15,x15,1045	 x15:0x80008408 x15=0x8000881d
        9065000	       905	80001414	00007a97	auipc	x21,0x7	 x21=0x80008410
        9075000	       906	80001418	781a8a93	addi	x21,x21,1921	 x21:0x80008410 x21=0x80008b91
        9085000	       907	8000141c	00008e17	auipc	x28,0x8	 x28=0x80009418
        9095000	       908	80001420	a82e0e13	addi	x28,x28,-1406	 x28:0x80009418 x28=0x80008e9a
        9105000	       909	80001424	ff648b03	lb	x22,-10(x9)	  x9:0x80008ed3 x22=0x00000000 PA:0x80008ec9
        9115000	       910	80001428	fe389383	lh	x7,-29(x17)	 x17:0x80008989  x7=0x00000000 PA:0x8000896c
        9125000	       911	8000142c	040e0183	lb	x3,64(x28)	 x28:0x80008e9a  x3=0x00000000 PA:0x80008eda
        9135000	       912	80001430	fa5ac983	lbu	x19,-91(x21)	 x21:0x80008b91 x19=0x00000000 PA:0x80008b36
        9145000	       913	80001434	2acacd83	lbu	x27,684(x21)	 x21:0x80008b91 x27=0x00000000 PA:0x80008e3d
        9155000	       914	80001438	01288403	lb	x8,18(x17)	 x17:0x80008989  x8=0x00000000 PA:0x8000899b
        9165000	       915	8000143c	fe0499a3	sh	x0,-13(x9)	  x9:0x80008ed3  x0:0x00000000 PA:0x80008ec6
        9175000	       916	80001440	ffb7cf03	lbu	x30,-5(x15)	 x15:0x8000881d x30=0x00000000 PA:0x80008818
        9185000	       917	80001444	fd789f03	lh	x30,-41(x17)	 x17:0x80008989 x30=0x00000000 PA:0x80008960
        9195000	       918	80001448	20ca8183	lb	x3,524(x21)	 x21:0x80008b91  x3=0x00000000 PA:0x80008d9d
        9205000	       919	8000144c	02de4d83	lbu	x27,45(x28)	 x28:0x80008e9a x27=0x00000000 PA:0x80008ec7
        9215000	       920	80001450	fee48a23	sb	x14,-12(x9)	  x9:0x80008ed3 x14:0x7fff7916 PA:0x80008ec7
        9225000	       921	80001454	03de4803	lbu	x16,61(x28)	 x28:0x80008e9a x16=0x00000000 PA:0x80008ed7
        9235000	       922	80001458	2aea8ea3	sb	x14,701(x21)	 x21:0x80008b91 x14:0x7fff7916 PA:0x80008e4e
        9245000	       923	8000145c	019781a3	sb	x25,3(x15)	 x15:0x8000881d x25:0x80000000 PA:0x80008820
        9255000	       924	80001460	f9dac403	lbu	x8,-99(x21)	 x21:0x80008b91  x8=0x00000000 PA:0x80008b2e
        9265000	       925	80001464	02688603	lb	x12,38(x17)	 x17:0x80008989 x12=0x00000000 PA:0x800089af
        9275000	       926	80001468	018e5b83	lhu	x23,24(x28)	 x28:0x80008e9a x23=0x00000000 PA:0x80008eb2
        9285000	       927	8000146c	ff94a103	lw	x2,-7(x9)	  x9:0x80008ed3  x2=0x00000000 PA:0x80008ecc
        9295000	       928	80001470	fcb89f03	lh	x30,-53(x17)	 x17:0x80008989 x30=0x00000000 PA:0x80008954
        9305000	       929	80001474	ff488723	sb	x20,-18(x17)	 x17:0x80008989 x20:0x80009fc4 PA:0x80008977
        9315000	       930	80001478	dbeac103	lbu	x2,-578(x21)	 x21:0x80008b91  x2=0x00000000 PA:0x8000894f
        9325000	       931	8000147c	03a88683	lb	x13,58(x17)	 x17:0x80008989 x13=0x00000000 PA:0x800089c3
        9335000	       932	80001480	02fe06a3	sb	x15,45(x28)	 x28:0x80008e9a x15:0x8000881d PA:0x80008ec7
        9345000	       933	80001484	208a8223	sb	x8,516(x21)	 x21:0x80008b91  x8:0x00000000 PA:0x80008d95
        9355000	       934	80001488	ce8a8f23	sb	x8,-770(x21)	 x21:0x80008b91  x8:0x00000000 PA:0x8000888f
        9365000	       935	8000148c	00678803	lb	x16,6(x15)	 x15:0x8000881d x16=0x00000000 PA:0x80008823
        9375000	       936	80001490	ff87afa3	sw	x24,-1(x15)	 x15:0x8000881d x24:0xc8214e5b PA:0x8000881c
        9385000	       937	80001494	2c2a95a3	sh	x2,715(x21)	 x21:0x80008b91  x2:0x00000000 PA:0x80008e5c
        9395000	       938	80001498	fdfe0ea3	sb	x31,-35(x28)	 x28:0x80008e9a x31:0x00000000 PA:0x80008e77
        9405000	       939	8000149c	355a8b23	sb	x21,854(x21)	 x21:0x80008b91 x21:0x80008b91 PA:0x80008ee7
        9415000	       940	800014a0	001485a3	sb	x1,11(x9)	  x9:0x80008ed3  x1:0xfffff954 PA:0x80008ede
        9425000	       941	800014a4	0198d503	lhu	x10,25(x17)	 x17:0x80008989 x10=0x00000000 PA:0x800089a2
        9435000	       942	800014a8	00578383	lb	x7,5(x15)	 x15:0x8000881d  x7=0x00000000 PA:0x80008822
        9445000	       943	800014ac	00007d17	auipc	x26,0x7	 x26=0x800084a8
        9455000	       944	800014b0	33ad0d13	addi	x26,x26,826	 x26:0x800084a8 x26=0x800087e2
        9465000	       945	800014b4	006d5203	lhu	x4,6(x26)	 x26:0x800087e2  x4=0x00000000 PA:0x800087e8
        9475000	       946	800014b8	016d0223	sb	x22,4(x26)	 x26:0x800087e2 x22:0x00000000 PA:0x800087e6
        9485000	       947	800014bc	afbb0a93	addi	x21,x22,-1285	 x22:0x00000000 x21=0xfffffafb
        9495000	       948	800014c0	723fafb7	lui	x31,0x723fa	 x31=0x723fa000
        9505000	       949	800014c4	ff4d4103	lbu	x2,-12(x26)	 x26:0x800087e2  x2=0x00000000 PA:0x800087d6
        9515000	       950	800014c8	fffd1a23	sh	x31,-12(x26)	 x26:0x800087e2 x31:0x723fa000 PA:0x800087d6
        9525000	       951	800014cc	00ad1383	lh	x7,10(x26)	 x26:0x800087e2  x7=0x00000000 PA:0x800087ec
        9535000	       952	800014d0	00ad0603	lb	x12,10(x26)	 x26:0x800087e2 x12=0x00000000 PA:0x800087ec
        9545000	       953	800014d4	000d5f03	lhu	x30,0(x26)	 x26:0x800087e2 x30=0x00000000 PA:0x800087e2
        9555000	       954	800014d8	004d1203	lh	x4,4(x26)	 x26:0x800087e2  x4=0x00000000 PA:0x800087e6
        9565000	       955	00000000	00000013	addi	x0,x0,0	  x0:0x00000000
        9575000	       956	800014dc	004d5f03	lhu	x30,4(x26)	 x26:0x800087e2 x30=0x00000000 PA:0x800087e6
        9585000	       957	800014e0	25f00093	addi	x1,x0,607	  x0:0x00000000  x1=0x0000025f
        9595000	       958	800014e4	004d1903	lh	x18,4(x26)	 x26:0x800087e2 x18=0x00000000 PA:0x800087e6
        9605000	       959	800014e8	01cd1723	sh	x28,14(x26)	 x26:0x800087e2 x28:0x80008e9a PA:0x800087f0
        9615000	       960	800014ec	008d4c03	lbu	x24,8(x26)	 x26:0x800087e2 x24=0x00000000 PA:0x800087ea
        9625000	       961	800014f0	008d4203	lbu	x4,8(x26)	 x26:0x800087e2  x4=0x00000000 PA:0x800087ea
        9635000	       962	800014f4	008d0903	lb	x18,8(x26)	 x26:0x800087e2 x18=0x00000000 PA:0x800087ea
        9645000	       963	800014f8	ff7d0f83	lb	x31,-9(x26)	 x26:0x800087e2 x31=0x00000000 PA:0x800087d9
        9655000	       964	800014fc	fedd0ba3	sb	x13,-9(x26)	 x26:0x800087e2 x13:0x00000000 PA:0x800087d9
        9665000	       965	80001500	ff6d1283	lh	x5,-10(x26)	 x26:0x800087e2  x5=0x00000000 PA:0x800087d8
        9675000	       966	80001504	7504e1b7	lui	x3,0x7504e	  x3=0x7504e000
        9685000	       967	80001508	002d4b03	lbu	x22,2(x26)	 x26:0x800087e2 x22=0x00000000 PA:0x800087e4
        9695000	       968	8000150c	fffd0103	lb	x2,-1(x26)	 x26:0x800087e2  x2=0x00000000 PA:0x800087e1
        9705000	       969	80001510	00007497	auipc	x9,0x7	  x9=0x8000850c
        9715000	       970	80001514	7fa48493	addi	x9,x9,2042	  x9:0x8000850c  x9=0x80008d06
        9725000	       971	80001518	ba748083	lb	x1,-1113(x9)	  x9:0x80008d06  x1=0x00000000 PA:0x800088ad
        9735000	       972	8000151c	00007997	auipc	x19,0x7	 x19=0x80008518
        9745000	       973	80001520	33a98993	addi	x19,x19,826	 x19:0x80008518 x19=0x80008852
        9755000	       974	80001524	29c48c23	sb	x28,664(x9)	  x9:0x80008d06 x28:0x80008e9a PA:0x80008f9e
        9765000	       975	80001528	00007f97	auipc	x31,0x7	 x31=0x80008524
        9775000	       976	8000152c	6f0f8f93	addi	x31,x31,1776	 x31:0x80008524 x31=0x80008c14
        9785000	       977	80001530	bab48783	lb	x15,-1109(x9)	  x9:0x80008d06 x15=0x00000000 PA:0x800088b1
        9795000	       978	80001534	06398283	lb	x5,99(x19)	 x19:0x80008852  x5=0x00000000 PA:0x800088b5
        9805000	       979	80001538	00008d97	auipc	x27,0x8	 x27=0x80009534
        9815000	       980	8000153c	935d8d93	addi	x27,x27,-1739	 x27:0x80009534 x27=0x80008e69
        9825000	       981	80001540	fc1f87a3	sb	x1,-49(x31)	 x31:0x80008c14  x1:0x00000000 PA:0x80008be3
        9835000	       982	80001544	0ca9a003	lw	x0,202(x19)	 x19:0x80008852 PA:0x8000891c
        9845000	       983	80001548	184487a3	sb	x4,399(x9)	  x9:0x80008d06  x4:0x00000000 PA:0x80008e95
        9855000	       984	8000154c	03bf8203	lb	x4,59(x31)	 x31:0x80008c14  x4=0x00000000 PA:0x80008c4f
        9865000	       985	80001550	02df8e23	sb	x13,60(x31)	 x31:0x80008c14 x13:0x00000000 PA:0x80008c50
        9875000	       986	80001554	b76488a3	sb	x22,-1167(x9)	  x9:0x80008d06 x22:0x00000000 PA:0x80008877
        9885000	       987	80001558	00007897	auipc	x17,0x7	 x17=0x80008554
        9895000	       988	8000155c	51488893	addi	x17,x17,1300	 x17:0x80008554 x17=0x80008a68
        9905000	       989	80001560	ff2d8a23	sb	x18,-12(x27)	 x27:0x80008e69 x18:0x00000000 PA:0x80008e5d
        9915000	       990	80001564	0fe8d283	lhu	x5,254(x17)	 x17:0x80008a68  x5=0x00000000 PA:0x80008b66
        9925000	       991	80001568	05898ba3	sb	x24,87(x19)	 x19:0x80008852 x24:0x00000000 PA:0x800088a9
        9935000	       992	8000156c	f7a8d203	lhu	x4,-134(x17)	 x17:0x80008a68  x4=0x00000000 PA:0x800089e2
        9945000	       993	80001570	ff2f8323	sb	x18,-26(x31)	 x31:0x80008c14 x18:0x00000000 PA:0x80008bfa
        9955000	       994	80001574	ff7d9183	lh	x3,-9(x27)	 x27:0x80008e69  x3=0x00000000 PA:0x80008e60
        9965000	       995	80001578	f7c885a3	sb	x28,-149(x17)	 x17:0x80008a68 x28:0x80008e9a PA:0x800089d3
        9975000	       996	8000157c	0ca48783	lb	x15,202(x9)	  x9:0x80008d06 x15=0x00000000 PA:0x80008dd0
        9985000	       997	80001580	ff6f85a3	sb	x22,-21(x31)	 x31:0x80008c14 x22:0x00000000 PA:0x80008bff
        9995000	       998	80001584	d1048c23	sb	x16,-744(x9)	  x9:0x80008d06 x16:0x00000000 PA:0x80008a1e
       10005000	       999	80001588	ff8dc183	lbu	x3,-8(x27)	 x27:0x80008e69  x3=0x00000000 PA:0x80008e61
       10015000	      1000	8000158c	0e49d303	lhu	x6,228(x19)	 x19:0x80008852  x6=0x00000000 PA:0x80008936
       10025000	      1001	80001590	01f98ca3	sb	x31,25(x19)	 x19:0x80008852 x31:0x80008c14 PA:0x8000886b
       10035000	      1002	80001594	016f9383	lh	x7,22(x31)	 x31:0x80008c14  x7=0x00000000 PA:0x80008c2a
       10045000	      1003	80001598	1e2483a3	sb	x2,487(x9)	  x9:0x80008d06  x2:0x00000000 PA:0x80008eed
       10055000	      1004	8000159c	fd8fde03	lhu	x28,-40(x31)	 x31:0x80008c14 x28=0x00000000 PA:0x80008bec
       10065000	      1005	800015a0	02098aa3	sb	x0,53(x19)	 x19:0x80008852  x0:0x00000000 PA:0x80008887
       10075000	      1006	800015a4	07048523	sb	x16,106(x9)	  x9:0x80008d06 x16:0x00000000 PA:0x80008d70
       10085000	      1007	800015a8	ff0d8603	lb	x12,-16(x27)	 x27:0x80008e69 x12=0x00000000 PA:0x80008e59
       10095000	      1008	800015ac	0f298aa3	sb	x18,245(x19)	 x19:0x80008852 x18:0x00000000 PA:0x80008947
       10105000	      1009	800015b0	c7a4d383	lhu	x7,-902(x9)	  x9:0x80008d06  x7=0x00000000 PA:0x80008980
       10115000	      1010	800015b4	f4d88683	lb	x13,-179(x17)	 x17:0x80008a68 x13=0x00000000 PA:0x800089b5
       10125000	      1011	800015b8	00cdcd03	lbu	x26,12(x27)	 x27:0x80008e69 x26=0x00000000 PA:0x80008e75
       10135000	      1012	800015bc	007dc203	lbu	x4,7(x27)	 x27:0x80008e69  x4=0x00000000 PA:0x80008e70
       10145000	      1013	800015c0	0cc88083	lb	x1,204(x17)	 x17:0x80008a68  x1=0x00000000 PA:0x80008b34
       10155000	      1014	800015c4	00007197	auipc	x3,0x7	  x3=0x800085c0
       10165000	      1015	800015c8	7d218193	addi	x3,x3,2002	  x3:0x800085c0  x3=0x80008d92
       10175000	      1016	800015cc	00000013	addi	x0,x0,0	  x0:0x00000000
       10185000	      1017	800015d0	017567b3	or	x15,x10,x23	 x10:0x00000000 x23:0x00000000 x15=0x00000000
       10195000	      1018	800015d4	ff619483	lh	x9,-10(x3)	  x3:0x80008d92  x9=0x00000000 PA:0x80008d88
       10205000	      1019	800015d8	018790b3	sll	x1,x15,x24	 x15:0x00000000 x24:0x00000000  x1=0x00000000
       10215000	      1020	800015dc	00d32813	slti	x16,x6,13	  x6:0x00000000 x16=0x00000001
       10225000	      1021	800015e0	004c17b3	sll	x15,x24,x4	 x24:0x00000000  x4:0x00000000 x15=0x00000000
       10235000	      1022	800015e4	089ba113	slti	x2,x23,137	 x23:0x00000000  x2=0x00000001
       10245000	      1023	800015e8	ff41da83	lhu	x21,-12(x3)	  x3:0x80008d92 x21=0x00000000 PA:0x80008d86
       10255000	      1024	800015ec	007f1d33	sll	x26,x30,x7	 x30:0x00000000  x7:0x00000000 x26=0x00000000
       10265000	      1025	800015f0	019c7f33	and	x30,x24,x25	 x24:0x00000000 x25:0x80000000 x30=0x00000000
       10275000	      1026	800015f4	ffd19923	sh	x29,-14(x3)	  x3:0x80008d92 x29:0x80009f44 PA:0x80008d84
       10285000	      1027	800015f8	0031cb83	lbu	x23,3(x3)	  x3:0x80008d92 x23=0x00000000 PA:0x80008d95
       10295000	      1028	800015fc	40d25493	srai	x9,x4,0xd	  x4:0x00000000  x9=0x00000000
       10305000	      1029	80001600	00018303	lb	x6,0(x3)	  x3:0x80008d92  x6=0x00000000 PA:0x80008d92
       10315000	      1030	80001604	d883db37	lui	x22,0xd883d	 x22=0xd883d000
       10325000	      1031	80001608	004d2533	slt	x10,x26,x4	 x26:0x00000000  x4:0x00000000 x10=0x00000000
       10335000	      1032	8000160c	ff41d503	lhu	x10,-12(x3)	  x3:0x80008d92 x10=0x00000000 PA:0x80008d86
       10345000	      1033	80001610	4ad94137	lui	x2,0x4ad94	  x2=0x4ad94000
       10355000	      1034	80001614	ffc18f83	lb	x31,-4(x3)	  x3:0x80008d92 x31=0x00000000 PA:0x80008d8e
       10365000	      1035	80001618	00000013	addi	x0,x0,0	  x0:0x00000000
       10375000	      1036	8000161c	013184a3	sb	x19,9(x3)	  x3:0x80008d92 x19:0x80008852 PA:0x80008d9b
       10385000	      1037	80001620	0c9ee813	ori	x16,x29,201	 x29:0x80009f44 x16=0x80009fcd
       10395000	      1038	80001624	01bc9f13	slli	x30,x25,0x1b	 x25:0x80000000 x30=0x00000000
       10405000	      1039	80001628	28e9ea93	ori	x21,x19,654	 x19:0x80008852 x21=0x80008ade
       10415000	      1040	8000162c	ff219583	lh	x11,-14(x3)	  x3:0x80008d92 x11=0xffff9f44 PA:0x80008d84
       10425000	      1041	80001630	0066eab3	or	x21,x13,x6	 x13:0x00000000  x6:0x00000000 x21=0x00000000
       10435000	      1042	80001634	01794333	xor	x6,x18,x23	 x18:0x00000000 x23:0x00000000  x6=0x00000000
       10445000	      1043	80001638	00000013	addi	x0,x0,0	  x0:0x00000000
       10455000	      1044	8000163c	9ff97593	andi	x11,x18,-1537	 x18:0x00000000 x11=0x00000000
       10465000	      1045	80001640	ffb18a23	sb	x27,-12(x3)	  x3:0x80008d92 x27:0x80008e69 PA:0x80008d86
       10475000	      1046	80001644	00b1cd03	lbu	x26,11(x3)	  x3:0x80008d92 x26=0x00000000 PA:0x80008d9d
       10485000	      1047	80001648	0005f0b3	and	x1,x11,x0	 x11:0x00000000  x0:0x00000000  x1=0x00000000
       10495000	      1048	8000164c	fe718a23	sb	x7,-12(x3)	  x3:0x80008d92  x7:0x00000000 PA:0x80008d86
       10505000	      1049	80001650	ffb1c203	lbu	x4,-5(x3)	  x3:0x80008d92  x4=0x00000000 PA:0x80008d8d
       10515000	      1050	80001654	71ef4b93	xori	x23,x30,1822	 x30:0x00000000 x23=0x0000071e
       10525000	      1051	80001658	4be96e37	lui	x28,0x4be96	 x28=0x4be96000
       10535000	      1052	8000165c	03b78263	beq	x15,x27,80001680	 x15:0x00000000 x27:0x80008e69
       10545000	      1053	80001660	01253833	sltu	x16,x10,x18	 x10:0x00000000 x18:0x00000000 x16=0x00000000
       10555000	      1054	80001664	00781413	slli	x8,x16,0x7	 x16:0x00000000  x8=0x00000000
       10565000	      1055	80001668	013059b3	srl	x19,x0,x19	  x0:0x00000000 x19:0x80008852 x19=0x00000000
       10575000	      1056	8000166c	005ce263	bltu	x25,x5,80001670	 x25:0x80000000  x5:0x00000000
       10585000	      1057	80001670	97a5f493	andi	x9,x11,-1670	 x11:0x00000000  x9=0x00000000
       10595000	      1058	80001674	cd218537	lui	x10,0xcd218	 x10=0xcd218000
       10605000	      1059	80001678	408d5b33	sra	x22,x26,x8	 x26:0x00000000  x8:0x00000000 x22=0x00000000
       10615000	      1060	8000167c	00c06233	or	x4,x0,x12	  x0:0x00000000 x12:0x00000000  x4=0x00000000
       10625000	      1061	80001680	026afa63	bgeu	x21,x6,800016b4	 x21:0x00000000  x6:0x00000000
       10635000	      1062	00000000	00000013	addi	x0,x0,0	  x0:0x00000000
       10645000	      1063	800016b0	00000013	addi	x0,x0,0	  x0:0x00000000
       10655000	      1064	800016b4	034cf063	bgeu	x25,x20,800016d4	 x25:0x80000000 x20:0x80009fc4
       10665000	      1065	800016b8	30666c13	ori	x24,x12,774	 x12:0x00000000 x24=0x00000306
       10675000	      1066	800016bc	40c15793	srai	x15,x2,0xc	  x2:0x4ad94000 x15=0x0004ad94
       10685000	      1067	800016c0	0151dab3	srl	x21,x3,x21	  x3:0x80008d92 x21:0x00000000 x21=0x80008d92
       10695000	      1068	800016c4	0504c663	blt	x9,x16,80001710	  x9:0x00000000 x16:0x00000000
       10705000	      1069	800016c8	9bb40e13	addi	x28,x8,-1605	  x8:0x00000000 x28=0xfffff9bb
       10715000	      1070	800016cc	01159793	slli	x15,x11,0x11	 x11:0x00000000 x15=0x00000000
       10725000	      1071	800016d0	00000013	addi	x0,x0,0	  x0:0x00000000
       10735000	      1072	800016d4	ef32d517	auipc	x10,0xef32d	 x10=0x6f32e6d0
       10745000	      1073	800016d8	0ea62917	auipc	x18,0xea62	 x18=0x8ea636d4
       10755000	      1074	800016dc	003ed733	srl	x14,x29,x3	 x29:0x80009f44  x3:0x80008d92 x14=0x00002000
       10765000	      1075	800016e0	bf07b513	sltiu	x10,x15,-1040	 x15:0x00000000 x10=0x00000001
       10775000	      1076	800016e4	01d0fb33	and	x22,x1,x29	  x1:0x00000000 x29:0x80009f44 x22=0x00000000
       10785000	      1077	800016e8	61da4893	xori	x17,x20,1565	 x20:0x80009fc4 x17=0x800099d9
       10795000	      1078	800016ec	0033d033	srl	x0,x7,x3	  x7:0x00000000  x3:0x80008d92
       10805000	      1079	800016f0	01ceb833	sltu	x16,x29,x28	 x29:0x80009f44 x28:0xfffff9bb x16=0x00000001
       10815000	      1080	800016f4	0193ff33	and	x30,x7,x25	  x7:0x00000000 x25:0x80000000 x30=0x00000000
       10825000	      1081	800016f8	188e8b93	addi	x23,x29,392	 x29:0x80009f44 x23=0x8000a0cc
       10835000	      1082	800016fc	034be663	bltu	x23,x20,80001728	 x23:0x8000a0cc x20:0x80009fc4
       10845000	      1083	80001700	54113193	sltiu	x3,x2,1345	  x2:0x4ad94000  x3=0x00000000
       10855000	      1084	80001704	ce0a3b13	sltiu	x22,x20,-800	 x20:0x80009fc4 x22=0x00000001
       10865000	      1085	80001708	0136d663	bge	x13,x19,80001714	 x13:0x00000000 x19:0x00000000
       10875000	      1086	00000000	00000013	addi	x0,x0,0	  x0:0x00000000
       10885000	      1087	80001710	00000013	addi	x0,x0,0	  x0:0x00000000
       10895000	      1088	80001714	03db8e63	beq	x23,x29,80001750	 x23:0x8000a0cc x29:0x80009f44
       10905000	      1089	80001718	001e4533	xor	x10,x28,x1	 x28:0xfffff9bb  x1:0x00000000 x10=0xfffff9bb
       10915000	      1090	8000171c	01609393	slli	x7,x1,0x16	  x1:0x00000000  x7=0x00000000
       10925000	      1091	80001720	0136ce33	xor	x28,x13,x19	 x13:0x00000000 x19:0x00000000 x28=0x00000000
       10935000	      1092	80001724	012f4633	xor	x12,x30,x18	 x30:0x00000000 x18:0x8ea636d4 x12=0x8ea636d4
       10945000	      1093	80001728	013a6333	or	x6,x20,x19	 x20:0x80009fc4 x19:0x00000000  x6=0x80009fc4
       10955000	      1094	8000172c	00765333	srl	x6,x12,x7	 x12:0x8ea636d4  x7:0x00000000  x6=0x8ea636d4
       10965000	      1095	80001730	01511613	slli	x12,x2,0x15	  x2:0x4ad94000 x12=0x00000000
       10975000	      1096	80001734	01dc26b3	slt	x13,x24,x29	 x24:0x00000306 x29:0x80009f44 x13=0x00000000
       10985000	      1097	80001738	0158e5b3	or	x11,x17,x21	 x17:0x800099d9 x21:0x80008d92 x11=0x80009ddb
       10995000	      1098	8000173c	0406d063	bge	x13,x0,8000177c	 x13:0x00000000  x0:0x00000000
       11005000	      1099	00000000	00000013	addi	x0,x0,0	  x0:0x00000000
       11015000	      1100	80001778	00000013	addi	x0,x0,0	  x0:0x00000000
       11025000	      1101	8000177c	01961d33	sll	x26,x12,x25	 x12:0x00000000 x25:0x80000000 x26=0x00000000
       11035000	      1102	80001780	03ce6663	bltu	x28,x28,800017ac	 x28:0x00000000 x28:0x00000000
       11045000	      1103	80001784	004fefb3	or	x31,x31,x4	 x31:0x00000000  x4:0x00000000 x31=0x00000000
       11055000	      1104	80001788	c9674313	xori	x6,x14,-874	 x14:0x00002000  x6=0xffffdc96
       11065000	      1105	8000178c	001c98b3	sll	x17,x25,x1	 x25:0x80000000  x1:0x00000000 x17=0x80000000
       11075000	      1106	80001790	41e1d313	srai	x6,x3,0x1e	  x3:0x00000000  x6=0x00000000
       11085000	      1107	80001794	d5c20f37	lui	x30,0xd5c20	 x30=0xd5c20000
       11095000	      1108	80001798	01880db3	add	x27,x16,x24	 x16:0x00000001 x24:0x00000306 x27=0x00000307
       11105000	      1109	8000179c	8d16fe37	lui	x28,0x8d16f	 x28=0x8d16f000
       11115000	      1110	800017a0	02844463	blt	x8,x8,800017c8	  x8:0x00000000  x8:0x00000000
       11125000	      1111	800017a4	0046dd33	srl	x26,x13,x4	 x13:0x00000000  x4:0x00000000 x26=0x00000000
       11135000	      1112	800017a8	12198393	addi	x7,x19,289	 x19:0x00000000  x7=0x00000121
       11145000	      1113	800017ac	6daf7b93	andi	x23,x30,1754	 x30:0xd5c20000 x23=0x00000000
       11155000	      1114	800017b0	31f86293	ori	x5,x16,799	 x16:0x00000001  x5=0x0000031f
       11165000	      1115	800017b4	00a92d33	slt	x26,x18,x10	 x18:0x8ea636d4 x10:0xfffff9bb x26=0x00000001
       11175000	      1116	800017b8	0156e463	bltu	x13,x21,800017c0	 x13:0x00000000 x21:0x80008d92
       11185000	      1117	00000000	00000013	addi	x0,x0,0	  x0:0x00000000
       11195000	      1118	800017bc	00000013	addi	x0,x0,0	  x0:0x00000000
       11205000	      1119	800017c0	0379f463	bgeu	x19,x23,800017e8	 x19:0x00000000 x23:0x00000000
       11215000	      1120	00000000	00000013	addi	x0,x0,0	  x0:0x00000000
       11225000	      1121	800017e4	00000013	addi	x0,x0,0	  x0:0x00000000
       11235000	      1122	800017e8	cb366993	ori	x19,x12,-845	 x12:0x00000000 x19=0xfffffcb3
       11245000	      1123	800017ec	c3561497	auipc	x9,0xc3561	  x9=0x435627e8
       11255000	      1124	800017f0	00f89113	slli	x2,x17,0xf	 x17:0x80000000  x2=0x00000000
       11265000	      1125	800017f4	009f2133	slt	x2,x30,x9	 x30:0xd5c20000  x9:0x435627e8  x2=0x00000001
       11275000	      1126	800017f8	b114f9b7	lui	x19,0xb114f	 x19=0xb114f000
       11285000	      1127	800017fc	00000013	addi	x0,x0,0	  x0:0x00000000
       11295000	      1128	80001800	51324393	xori	x7,x4,1299	  x4:0x00000000  x7=0x00000513
       11305000	      1129	80001804	40600db3	sub	x27,x0,x6	  x0:0x00000000  x6:0x00000000 x27=0x00000000
       11315000	      1130	80001808	41fa8133	sub	x2,x21,x31	 x21:0x80008d92 x31:0x00000000  x2=0x80008d92
       11325000	      1131	8000180c	0183f733	and	x14,x7,x24	  x7:0x00000513 x24:0x00000306 x14=0x00000102
       11335000	      1132	80001810	04006463	bltu	x0,x0,80001858	  x0:0x00000000  x0:0x00000000
       11345000	      1133	80001814	00c237b3	sltu	x15,x4,x12	  x4:0x00000000 x12:0x00000000 x15=0x00000000
       11355000	      1134	80001818	0015b433	sltu	x8,x11,x1	 x11:0x80009ddb  x1:0x00000000  x8=0x00000000
       11365000	      1135	8000181c	25748437	lui	x8,0x25748	  x8=0x25748000
       11375000	      1136	80001820	d598c093	xori	x1,x17,-679	 x17:0x80000000  x1=0x7ffffd59
       11385000	      1137	80001824	46332897	auipc	x17,0x46332	 x17=0xc6333820
       11395000	      1138	80001828	455ac613	xori	x12,x21,1109	 x21:0x80008d92 x12=0x800089c7
       11405000	      1139	8000182c	02e51663	bne	x10,x14,80001858	 x10:0xfffff9bb x14:0x00000102
       11415000	      1140	00000000	00000013	addi	x0,x0,0	  x0:0x00000000
       11425000	      1141	80001854	00000013	addi	x0,x0,0	  x0:0x00000000
       11435000	      1142	80001858	0079c433	xor	x8,x19,x7	 x19:0xb114f000  x7:0x00000513  x8=0xb114f513
       11445000	      1143	8000185c	031c6e63	bltu	x24,x17,80001898	 x24:0x00000306 x17:0xc6333820
       11455000	      1144	00000000	00000013	addi	x0,x0,0	  x0:0x00000000
       11465000	      1145	80001894	00000013	addi	x0,x0,0	  x0:0x00000000
       11475000	      1146	80001898	4064d433	sra	x8,x9,x6	  x9:0x435627e8  x6:0x00000000  x8=0x435627e8
       11485000	      1147	8000189c	00f82db3	slt	x27,x16,x15	 x16:0x00000001 x15:0x00000000 x27=0x00000000
       11495000	      1148	800018a0	41375233	sra	x4,x14,x19	 x14:0x00000102 x19:0xb114f000  x4=0x00000102
       11505000	      1149	800018a4	4d603e13	sltiu	x28,x0,1238	  x0:0x00000000 x28=0x00000001
       11515000	      1150	800018a8	490e1617	auipc	x12,0x490e1	 x12=0xc90e28a4
       11525000	      1151	800018ac	01225533	srl	x10,x4,x18	  x4:0x00000102 x18:0x8ea636d4 x10=0x00000000
       11535000	      1152	800018b0	01b16433	or	x8,x2,x27	  x2:0x80008d92 x27:0x00000000  x8=0x80008d92
       11545000	      1153	800018b4	01c9a633	slt	x12,x19,x28	 x19:0xb114f000 x28:0x00000001 x12=0x00000001
       11555000	      1154	800018b8	00096bb3	or	x23,x18,x0	 x18:0x8ea636d4  x0:0x00000000 x23=0x8ea636d4
       11565000	      1155	800018bc	03d38663	beq	x7,x29,800018e8	  x7:0x00000513 x29:0x80009f44
       11575000	      1156	800018c0	b9940f93	addi	x31,x8,-1127	  x8:0x80008d92 x31=0x8000892b
       11585000	      1157	800018c4	02555063	bge	x10,x5,800018e4	 x10:0x00000000  x5:0x0000031f
       11595000	      1158	800018c8	01afc1b3	xor	x3,x31,x26	 x31:0x8000892b x26:0x00000001  x3=0x8000892a
       11605000	      1159	800018cc	b67fdc17	auipc	x24,0xb67fd	 x24=0x367fe8c8
       11615000	      1160	800018d0	407ad7b3	sra	x15,x21,x7	 x21:0x80008d92  x7:0x00000513 x15=0xfffff000
       11625000	      1161	800018d4	013cd663	bge	x25,x19,800018e0	 x25:0x80000000 x19:0xb114f000
       11635000	      1162	800018d8	00000013	addi	x0,x0,0	  x0:0x00000000
       11645000	      1163	800018dc	b7985397	auipc	x7,0xb7985	  x7=0x379868d8
       11655000	      1164	800018e0	60403c13	sltiu	x24,x0,1540	  x0:0x00000000 x24=0x00000001
       11665000	      1165	800018e4	a5e33437	lui	x8,0xa5e33	  x8=0xa5e33000
       11675000	      1166	800018e8	0b6fde63	bge	x31,x22,800019a4	 x31:0x8000892b x22:0x00000001
       11685000	      1167	800018ec	b0c6eb93	ori	x23,x13,-1268	 x13:0x00000000 x23=0xfffffb0c
       11695000	      1168	800018f0	003042b3	xor	x5,x0,x3	  x0:0x00000000  x3:0x8000892a  x5=0x8000892a
       11705000	      1169	800018f4	5b433393	sltiu	x7,x6,1460	  x6:0x00000000  x7=0x00000001
       11715000	      1170	800018f8	014323b3	slt	x7,x6,x20	  x6:0x00000000 x20:0x80009fc4  x7=0x00000000
       11725000	      1171	800018fc	0bec8063	beq	x25,x30,8000199c	 x25:0x80000000 x30:0xd5c20000
       11735000	      1172	80001900	01eb37b3	sltu	x15,x22,x30	 x22:0x00000001 x30:0xd5c20000 x15=0x00000001
       11745000	      1173	80001904	01c65213	srli	x4,x12,0x1c	 x12:0x00000001  x4=0x00000000
       11755000	      1174	80001908	01a74b33	xor	x22,x14,x26	 x14:0x00000102 x26:0x00000001 x22=0x00000103
       11765000	      1175	8000190c	009862b3	or	x5,x16,x9	 x16:0x00000001  x9:0x435627e8  x5=0x435627e9
       11775000	      1176	80001910	41740333	sub	x6,x8,x23	  x8:0xa5e33000 x23:0xfffffb0c  x6=0xa5e334f4
       11785000	      1177	80001914	007000b3	add	x1,x0,x7	  x0:0x00000000  x7:0x00000000  x1=0x00000000
       11795000	      1178	80001918	0bacf463	bgeu	x25,x26,800019c0	 x25:0x80000000 x26:0x00000001
       11805000	      1179	00000000	00000013	addi	x0,x0,0	  x0:0x00000000
       11815000	      1180	800019bc	00000013	addi	x0,x0,0	  x0:0x00000000
       11825000	      1181	800019c0	00218733	add	x14,x3,x2	  x3:0x8000892a  x2:0x80008d92 x14=0x000116bc
       11835000	      1182	800019c4	b9e54e13	xori	x28,x10,-1122	 x10:0x00000000 x28=0xfffffb9e
       11845000	      1183	800019c8	005ec1b3	xor	x3,x29,x5	 x29:0x80009f44  x5:0x435627e9  x3=0xc356b8ad
       11855000	      1184	800019cc	019c8463	beq	x25,x25,800019d4	 x25:0x80000000 x25:0x80000000
       11865000	      1185	00000000	00000013	addi	x0,x0,0	  x0:0x00000000
       11875000	      1186	800019d0	00000013	addi	x0,x0,0	  x0:0x00000000
       11885000	      1187	800019d4	6a504113	xori	x2,x0,1701	  x0:0x00000000  x2=0x000006a5
       11895000	      1188	800019d8	010cbdb3	sltu	x27,x25,x16	 x25:0x80000000 x16:0x00000001 x27=0x00000000
       11905000	      1189	800019dc	3d4ca813	slti	x16,x25,980	 x25:0x80000000 x16=0x00000001
       11915000	      1190	800019e0	41acd593	srai	x11,x25,0x1a	 x25:0x80000000 x11=0xffffffe0
       11925000	      1191	800019e4	00a2a2b3	slt	x5,x5,x10	  x5:0x435627e9 x10:0x00000000  x5=0x00000000
       11935000	      1192	800019e8	00007e17	auipc	x28,0x7	 x28=0x800089e4
       11945000	      1193	800019ec	b7fe0e13	addi	x28,x28,-1153	 x28:0x800089e4 x28=0x80008563
       11955000	      1194	800019f0	00007497	auipc	x9,0x7	  x9=0x800089ec
       11965000	      1195	800019f4	96048493	addi	x9,x9,-1696	  x9:0x800089ec  x9=0x8000834c
       11975000	      1196	800019f8	02fe0923	sb	x15,50(x28)	 x28:0x80008563 x15:0x00000001 PA:0x80008595
       11985000	      1197	800019fc	0f34c103	lbu	x2,243(x9)	  x9:0x8000834c  x2=0x00000000 PA:0x8000843f
       11995000	      1198	80001a00	00007917	auipc	x18,0x7	 x18=0x800089fc
       12005000	      1199	80001a04	c4f90913	addi	x18,x18,-945	 x18:0x800089fc x18=0x8000864b
       12015000	      1200	80001a08	fede2703	lw	x14,-19(x28)	 x28:0x80008563 x14=0x00000000 PA:0x80008550
       12025000	      1201	80001a0c	01a94183	lbu	x3,26(x18)	 x18:0x8000864b  x3=0x00000000 PA:0x80008665
       12035000	      1202	80001a10	fd094f83	lbu	x31,-48(x18)	 x18:0x8000864b x31=0x00000000 PA:0x8000861b
       12045000	      1203	80001a14	feee0683	lb	x13,-18(x28)	 x28:0x80008563 x13=0x00000000 PA:0x80008551
       12055000	      1204	80001a18	00006617	auipc	x12,0x6	 x12=0x80007a14
       12065000	      1205	80001a1c	7a460613	addi	x12,x12,1956	 x12:0x80007a14 x12=0x800081b8
       12075000	      1206	80001a20	008e0923	sb	x8,18(x28)	 x28:0x80008563  x8:0xa5e33000 PA:0x80008575
       12085000	      1207	80001a24	0c248983	lb	x19,194(x9)	  x9:0x8000834c x19=0x00000000 PA:0x8000840e
       12095000	      1208	80001a28	00560883	lb	x17,5(x12)	 x12:0x800081b8 x17=0x00000000 PA:0x800081bd
       12105000	      1209	80001a2c	01595b83	lhu	x23,21(x18)	 x18:0x8000864b x23=0x00000000 PA:0x80008660
       12115000	      1210	80001a30	0c348503	lb	x10,195(x9)	  x9:0x8000834c x10=0x00000000 PA:0x8000840f
       12125000	      1211	80001a34	fdae4183	lbu	x3,-38(x28)	 x28:0x80008563  x3=0x00000000 PA:0x8000853d
       12135000	      1212	80001a38	00462103	lw	x2,4(x12)	 x12:0x800081b8  x2=0x00000000 PA:0x800081bc
       12145000	      1213	80001a3c	fcd48623	sb	x13,-52(x9)	  x9:0x8000834c x13:0x00000000 PA:0x80008318
       12155000	      1214	80001a40	f964cc03	lbu	x24,-106(x9)	  x9:0x8000834c x24=0x00000000 PA:0x800082e2
       12165000	      1215	80001a44	ffb90d23	sb	x27,-6(x18)	 x18:0x8000864b x27:0x00000000 PA:0x80008645
       12175000	      1216	80001a48	01de0003	lb	x0,29(x28)	 x28:0x80008563 PA:0x80008580
       12185000	      1217	80001a4c	01490183	lb	x3,20(x18)	 x18:0x8000864b  x3=0x00000000 PA:0x8000865f
       12195000	      1218	00000000	00000013	addi	x0,x0,0	  x0:0x00000000
       12205000	      1219	80001a50	f2348a83	lb	x21,-221(x9)	  x9:0x8000834c x21=0x00000000 PA:0x8000826f
       12215000	      1220	80001a54	00364c03	lbu	x24,3(x12)	 x12:0x800081b8 x24=0x00000000 PA:0x800081bb
       12225000	      1221	80001a58	00760b03	lb	x22,7(x12)	 x12:0x800081b8 x22=0x00000000 PA:0x800081bf
       12235000	      1222	80001a5c	ff961f23	sh	x25,-2(x12)	 x12:0x800081b8 x25:0x80000000 PA:0x800081b6
       12245000	      1223	80001a60	ffd64083	lbu	x1,-3(x12)	 x12:0x800081b8  x1=0x00000000 PA:0x800081b5
       12255000	      1224	80001a64	fe890023	sb	x8,-32(x18)	 x18:0x8000864b  x8:0xa5e33000 PA:0x8000862b
       12265000	      1225	80001a68	feee4183	lbu	x3,-18(x28)	 x28:0x80008563  x3=0x00000000 PA:0x80008551
       12275000	      1226	80001a6c	01761523	sh	x23,10(x12)	 x12:0x800081b8 x23:0x00000000 PA:0x800081c2
       12285000	      1227	80001a70	033e4f83	lbu	x31,51(x28)	 x28:0x80008563 x31=0x00000000 PA:0x80008596
       12295000	      1228	80001a74	f5b49523	sh	x27,-182(x9)	  x9:0x8000834c x27:0x00000000 PA:0x80008296
       12305000	      1229	80001a78	00265f03	lhu	x30,2(x12)	 x12:0x800081b8 x30=0x00000000 PA:0x800081ba
       12315000	      1230	80001a7c	0df48803	lb	x16,223(x9)	  x9:0x8000834c x16=0x00000000 PA:0x8000842b
       12325000	      1231	80001a80	00462c03	lw	x24,4(x12)	 x12:0x800081b8 x24=0x00000000 PA:0x800081bc
       12335000	      1232	80001a84	c7760793	addi	x15,x12,-905	 x12:0x800081b8 x15=0x80007e2f
       12345000	      1233	80001a88	0082cfb3	xor	x31,x5,x8	  x5:0x00000000  x8:0xa5e33000 x31=0xa5e33000
       12355000	      1234	80001a8c	0103f5b3	and	x11,x7,x16	  x7:0x00000000 x16:0x00000000 x11=0x00000000
       12365000	      1235	80001a90	0306ab13	slti	x22,x13,48	 x13:0x00000000 x22=0x00000001
       12375000	      1236	80001a94	01667033	and	x0,x12,x22	 x12:0x800081b8 x22:0x00000001
       12385000	      1237	80001a98	01367ab3	and	x21,x12,x19	 x12:0x800081b8 x19:0x00000000 x21=0x00000000
       12395000	      1238	80001a9c	00e16663	bltu	x2,x14,80001aa8	  x2:0x00000000 x14:0x00000000
       12405000	      1239	80001aa0	015a40b3	xor	x1,x20,x21	 x20:0x80009fc4 x21:0x00000000  x1=0x80009fc4
       12415000	      1240	80001aa4	0027f463	bgeu	x15,x2,80001aac	 x15:0x80007e2f  x2:0x00000000
       12425000	      1241	00000000	00000013	addi	x0,x0,0	  x0:0x00000000
       12435000	      1242	80001aa8	00000013	addi	x0,x0,0	  x0:0x00000000
       12445000	      1243	80001aac	00000013	addi	x0,x0,0	  x0:0x00000000
       12455000	      1244	80001ab0	a1a54593	xori	x11,x10,-1510	 x10:0x00000000 x11=0xfffffa1a
       12465000	      1245	80001ab4	004de4b3	or	x9,x27,x4	 x27:0x00000000  x4:0x00000000  x9=0x00000000
       12475000	      1246	80001ab8	02b01a63	bne	x0,x11,80001aec	  x0:0x00000000 x11:0xfffffa1a
       12485000	      1247	00000000	00000013	addi	x0,x0,0	  x0:0x00000000
       12495000	      1248	80001ae8	00000013	addi	x0,x0,0	  x0:0x00000000
       12505000	      1249	80001aec	008d9013	slli	x0,x27,0x8	 x27:0x00000000
       12515000	      1250	80001af0	373e8913	addi	x18,x29,883	 x29:0x80009f44 x18=0x8000a2b7
       12525000	      1251	80001af4	0103f233	and	x4,x7,x16	  x7:0x00000000 x16:0x00000000  x4=0x00000000
       12535000	      1252	80001af8	c55d7493	andi	x9,x26,-939	 x26:0x00000001  x9=0x00000001
       12545000	      1253	80001afc	01291193	slli	x3,x18,0x12	 x18:0x8000a2b7  x3=0x8adc0000
       12555000	      1254	80001b00	003d0893	addi	x17,x26,3	 x26:0x00000001 x17=0x00000004
       12565000	      1255	80001b04	00fb9493	slli	x9,x23,0xf	 x23:0x00000000  x9=0x00000000
       12575000	      1256	80001b08	411bd513	srai	x10,x23,0x11	 x23:0x00000000 x10=0x00000000
       12585000	      1257	80001b0c	032d9063	bne	x27,x18,80001b2c	 x27:0x00000000 x18:0x8000a2b7
       12595000	      1258	00000000	00000013	addi	x0,x0,0	  x0:0x00000000
       12605000	      1259	80001b28	00000013	addi	x0,x0,0	  x0:0x00000000
       12615000	      1260	80001b2c	dd752f17	auipc	x30,0xdd752	 x30=0x5d753b28
       12625000	      1261	80001b30	df412893	slti	x17,x2,-524	  x2:0x00000000 x17=0x00000000
       12635000	      1262	80001b34	009aa1b3	slt	x3,x21,x9	 x21:0x00000000  x9:0x00000000  x3=0x00000000
       12645000	      1263	80001b38	04d28263	beq	x5,x13,80001b7c	  x5:0x00000000 x13:0x00000000
       12655000	      1264	00000000	00000013	addi	x0,x0,0	  x0:0x00000000
       12665000	      1265	80001b78	00000013	addi	x0,x0,0	  x0:0x00000000
       12675000	      1266	80001b7c	003e41b3	xor	x3,x28,x3	 x28:0x80008563  x3:0x00000000  x3=0x80008563
       12685000	      1267	80001b80	c53820b7	lui	x1,0xc5382	  x1=0xc5382000
       12695000	      1268	80001b84	d48db713	sltiu	x14,x27,-696	 x27:0x00000000 x14=0x00000001
       12705000	      1269	80001b88	00169b13	slli	x22,x13,0x1	 x13:0x00000000 x22=0x00000000
       12715000	      1270	80001b8c	41fddd13	srai	x26,x27,0x1f	 x27:0x00000000 x26=0x00000000
       12725000	      1271	80001b90	40d68633	sub	x12,x13,x13	 x13:0x00000000 x13:0x00000000 x12=0x00000000
       12735000	      1272	80001b94	00000013	addi	x0,x0,0	  x0:0x00000000
       12745000	      1273	80001b98	d13ba093	slti	x1,x23,-749	 x23:0x00000000  x1=0x00000000
       12755000	      1274	80001b9c	0363e263	bltu	x7,x22,80001bc0	  x7:0x00000000 x22:0x00000000
       12765000	      1275	80001ba0	015abf33	sltu	x30,x21,x21	 x21:0x00000000 x21:0x00000000 x30=0x00000000
       12775000	      1276	80001ba4	0147aab3	slt	x21,x15,x20	 x15:0x80007e2f x20:0x80009fc4 x21=0x00000001
       12785000	      1277	80001ba8	03830863	beq	x6,x24,80001bd8	  x6:0xa5e334f4 x24:0x00000000
       12795000	      1278	80001bac	015e0663	beq	x28,x21,80001bb8	 x28:0x80008563 x21:0x00000001
       12805000	      1279	80001bb0	00000013	addi	x0,x0,0	  x0:0x00000000
       12815000	      1280	80001bb4	02dd5663	bge	x26,x13,80001be0	 x26:0x00000000 x13:0x00000000
       12825000	      1281	00000000	00000013	addi	x0,x0,0	  x0:0x00000000
       12835000	      1282	80001bdc	00000013	addi	x0,x0,0	  x0:0x00000000
       12845000	      1283	80001be0	01eed8b3	srl	x17,x29,x30	 x29:0x80009f44 x30:0x00000000 x17=0x80009f44
       12855000	      1284	80001be4	00019313	slli	x6,x3,0x0	  x3:0x80008563  x6=0x80008563
       12865000	      1285	80001be8	0008afb3	slt	x31,x17,x0	 x17:0x80009f44  x0:0x00000000 x31=0x00000001
       12875000	      1286	80001bec	00fc5493	srli	x9,x24,0xf	 x24:0x00000000  x9=0x00000000
       12885000	      1287	80001bf0	062ab437	lui	x8,0x62ab	  x8=0x062ab000
       12895000	      1288	80001bf4	01b93f33	sltu	x30,x18,x27	 x18:0x8000a2b7 x27:0x00000000 x30=0x00000000
       12905000	      1289	80001bf8	04b50463	beq	x10,x11,80001c40	 x10:0x00000000 x11:0xfffffa1a
       12915000	      1290	80001bfc	022f7e63	bgeu	x30,x2,80001c38	 x30:0x00000000  x2:0x00000000
       12925000	      1291	00000000	00000013	addi	x0,x0,0	  x0:0x00000000
       12935000	      1292	80001c34	00000013	addi	x0,x0,0	  x0:0x00000000
       12945000	      1293	80001c38	01c128b3	slt	x17,x2,x28	  x2:0x00000000 x28:0x80008563 x17=0x00000000
       12955000	      1294	80001c3c	01881293	slli	x5,x16,0x18	 x16:0x00000000  x5=0x00000000
       12965000	      1295	80001c40	682508b7	lui	x17,0x68250	 x17=0x68250000
       12975000	      1296	80001c44	03319663	bne	x3,x19,80001c70	  x3:0x80008563 x19:0x00000000
       12985000	      1297	00000000	00000013	addi	x0,x0,0	  x0:0x00000000
       12995000	      1298	80001c6c	00000013	addi	x0,x0,0	  x0:0x00000000
       13005000	      1299	80001c70	009c4233	xor	x4,x24,x9	 x24:0x00000000  x9:0x00000000  x4=0x00000000
       13015000	      1300	80001c74	d4972b37	lui	x22,0xd4972	 x22=0xd4972000
       13025000	      1301	80001c78	04af5463	bge	x30,x10,80001cc0	 x30:0x00000000 x10:0x00000000
       13035000	      1302	00000000	00000013	addi	x0,x0,0	  x0:0x00000000
       13045000	      1303	80001cbc	00000013	addi	x0,x0,0	  x0:0x00000000
       13055000	      1304	80001cc0	44f58d13	addi	x26,x11,1103	 x11:0xfffffa1a x26=0xfffffe69
       13065000	      1305	80001cc4	41e6d713	srai	x14,x13,0x1e	 x13:0x00000000 x14=0x00000000
       13075000	      1306	80001cc8	00000013	addi	x0,x0,0	  x0:0x00000000
       13085000	      1307	80001ccc	c0066c37	lui	x24,0xc0066	 x24=0xc0066000
       13095000	      1308	80001cd0	bee4f893	andi	x17,x9,-1042	  x9:0x00000000 x17=0x00000000
       13105000	      1309	80001cd4	9e6fc193	xori	x3,x31,-1562	 x31:0x00000001  x3=0xfffff9e7
       13115000	      1310	80001cd8	00ece663	bltu	x25,x14,80001ce4	 x25:0x80000000 x14:0x00000000
       13125000	      1311	80001cdc	fd75b293	sltiu	x5,x11,-41	 x11:0xfffffa1a  x5=0x00000001
       13135000	      1312	80001ce0	00000013	addi	x0,x0,0	  x0:0x00000000
       13145000	      1313	80001ce4	fb2c8013	addi	x0,x25,-78	 x25:0x80000000
       13155000	      1314	80001ce8	00000013	addi	x0,x0,0	  x0:0x00000000
       13165000	      1315	80001cec	0385d663	bge	x11,x24,80001d18	 x11:0xfffffa1a x24:0xc0066000
       13175000	      1316	00000000	00000013	addi	x0,x0,0	  x0:0x00000000
       13185000	      1317	80001d14	00000013	addi	x0,x0,0	  x0:0x00000000
       13195000	      1318	80001d18	41235f33	sra	x30,x6,x18	  x6:0x80008563 x18:0x8000a2b7 x30=0xffffff00
       13205000	      1319	80001d1c	02b94663	blt	x18,x11,80001d48	 x18:0x8000a2b7 x11:0xfffffa1a
       13215000	      1320	00000000	00000013	addi	x0,x0,0	  x0:0x00000000
       13225000	      1321	80001d44	00000013	addi	x0,x0,0	  x0:0x00000000
       13235000	      1322	80001d48	01e8c463	blt	x17,x30,80001d50	 x17:0x00000000 x30:0xffffff00
       13245000	      1323	80001d4c	00000013	addi	x0,x0,0	  x0:0x00000000
       13255000	      1324	80001d50	01715833	srl	x16,x2,x23	  x2:0x00000000 x23:0x00000000 x16=0x00000000
       13265000	      1325	80001d54	412b82b3	sub	x5,x23,x18	 x23:0x00000000 x18:0x8000a2b7  x5=0x7fff5d49
       13275000	      1326	80001d58	0134cdb3	xor	x27,x9,x19	  x9:0x00000000 x19:0x00000000 x27=0x00000000
       13285000	      1327	80001d5c	00000013	addi	x0,x0,0	  x0:0x00000000
       13295000	      1328	80001d60	00d96db3	or	x27,x18,x13	 x18:0x8000a2b7 x13:0x00000000 x27=0x8000a2b7
       13305000	      1329	80001d64	8a72fc13	andi	x24,x5,-1881	  x5:0x7fff5d49 x24=0x7fff5801
       13315000	      1330	80001d68	f5ba8013	addi	x0,x21,-165	 x21:0x00000001
       13325000	      1331	80001d6c	001edbb3	srl	x23,x29,x1	 x29:0x80009f44  x1:0x00000000 x23=0x80009f44
       13335000	      1332	80001d70	012976b3	and	x13,x18,x18	 x18:0x8000a2b7 x18:0x8000a2b7 x13=0x8000a2b7
       13345000	      1333	80001d74	025f7463	bgeu	x30,x5,80001d9c	 x30:0xffffff00  x5:0x7fff5d49
       13355000	      1334	00000000	00000013	addi	x0,x0,0	  x0:0x00000000
       13365000	      1335	80001d98	00000013	addi	x0,x0,0	  x0:0x00000000
       13375000	      1336	80001d9c	04f29263	bne	x5,x15,80001de0	  x5:0x7fff5d49 x15:0x80007e2f
       13385000	      1337	00000000	00000013	addi	x0,x0,0	  x0:0x00000000
       13395000	      1338	80001ddc	00000013	addi	x0,x0,0	  x0:0x00000000
       13405000	      1339	80001de0	01aa04b3	add	x9,x20,x26	 x20:0x80009fc4 x26:0xfffffe69  x9=0x80009e2d
       13415000	      1340	80001de4	027c6863	bltu	x24,x7,80001e14	 x24:0x7fff5801  x7:0x00000000
       13425000	      1341	80001de8	02f88663	beq	x17,x15,80001e14	 x17:0x00000000 x15:0x80007e2f
       13435000	      1342	80001dec	58886213	ori	x4,x16,1416	 x16:0x00000000  x4=0x00000588
       13445000	      1343	80001df0	03ae4263	blt	x28,x26,80001e14	 x28:0x80008563 x26:0xfffffe69
       13455000	      1344	00000000	00000013	addi	x0,x0,0	  x0:0x00000000
       13465000	      1345	80001e10	00000013	addi	x0,x0,0	  x0:0x00000000
       13475000	      1346	80001e14	05b60463	beq	x12,x27,80001e5c	 x12:0x00000000 x27:0x8000a2b7
       13485000	      1347	80001e18	59fae193	ori	x3,x21,1439	 x21:0x00000001  x3=0x0000059f
       13495000	      1348	80001e1c	01673d33	sltu	x26,x14,x22	 x14:0x00000000 x22:0xd4972000 x26=0x00000001
       13505000	      1349	80001e20	d6c9b493	sltiu	x9,x19,-660	 x19:0x00000000  x9=0x00000001
       13515000	      1350	80001e24	052ed063	bge	x29,x18,80001e64	 x29:0x80009f44 x18:0x8000a2b7
       13525000	      1351	80001e28	015b0263	beq	x22,x21,80001e2c	 x22:0xd4972000 x21:0x00000001
       13535000	      1352	80001e2c	40430933	sub	x18,x6,x4	  x6:0x80008563  x4:0x00000588 x18=0x80007fdb
       13545000	      1353	80001e30	043bc463	blt	x23,x3,80001e78	 x23:0x80009f44  x3:0x0000059f
       13555000	      1354	00000000	00000013	addi	x0,x0,0	  x0:0x00000000
       13565000	      1355	80001e74	00000013	addi	x0,x0,0	  x0:0x00000000
       13575000	      1356	80001e78	01306263	bltu	x0,x19,80001e7c	  x0:0x00000000 x19:0x00000000
       13585000	      1357	80001e7c	9bccbd13	sltiu	x26,x25,-1604	 x25:0x80000000 x26=0x00000001
       13595000	      1358	80001e80	bfd4ef13	ori	x30,x9,-1027	  x9:0x00000001 x30=0xfffffbfd
       13605000	      1359	80001e84	01cb5213	srli	x4,x22,0x1c	 x22:0xd4972000  x4=0x0000000d
       13615000	      1360	80001e88	417bdc33	sra	x24,x23,x23	 x23:0x80009f44 x23:0x80009f44 x24=0xf80009f4
       13625000	      1361	80001e8c	004ea983	lw	x19,4(x29)	 x29:0x80009f44 x19=0x800007b8 PA:0x80009f48
       13635000	      1362	80001e90	00e520b3	slt	x1,x10,x14	 x10:0x00000000 x14:0x00000000  x1=0x00000000
       13645000	      1363	80001e94	01a8fb33	and	x22,x17,x26	 x17:0x00000000 x26:0x00000001 x22=0x00000000
       13655000	      1364	80001e98	040e8e93	addi	x29,x29,64	 x29:0x80009f44 x29=0x80009f84
       13665000	      1365	80001e9c	013034b3	sltu	x9,x0,x19	  x0:0x00000000 x19:0x800007b8  x9=0x00000001
       13675000	      1366	80001ea0	00000013	addi	x0,x0,0	  x0:0x00000000
       13685000	      1367	80001ea4	41785513	srai	x10,x16,0x17	 x16:0x00000000 x10=0x00000000
       13695000	      1368	80001ea8	00098993	addi	x19,x19,0	 x19:0x800007b8 x19=0x800007b8
       13705000	      1369	80001eac	000989e7	jalr	x19,x19,0	 x19:0x800007b8 x19=0x80001eac
       13715000	      1370	00000000	00000013	addi	x0,x0,0	  x0:0x00000000
       13725000	      1371	800007b8	00000013	addi	x0,x0,0	  x0:0x00000000
       13735000	      1372	800007bc	0242d863	bge	x5,x4,800007ec	  x5:0x7fff5d49  x4:0x0000000d
       13745000	      1373	00000000	00000013	addi	x0,x0,0	  x0:0x00000000
       13755000	      1374	800007e8	00000013	addi	x0,x0,0	  x0:0x00000000
       13765000	      1375	800007ec	03116a63	bltu	x2,x17,80000820	  x2:0x00000000 x17:0x00000000
       13775000	      1376	800007f0	005fd933	srl	x18,x31,x5	 x31:0x00000001  x5:0x7fff5d49 x18=0x00000000
       13785000	      1377	800007f4	01b815b3	sll	x11,x16,x27	 x16:0x00000000 x27:0x8000a2b7 x11=0x00000000
       13795000	      1378	800007f8	016dd613	srli	x12,x27,0x16	 x27:0x8000a2b7 x12=0x00000200
       13805000	      1379	800007fc	01a555b3	srl	x11,x10,x26	 x10:0x00000000 x26:0x00000001 x11=0x00000000
       13815000	      1380	80000800	00a10a63	beq	x2,x10,80000814	  x2:0x00000000 x10:0x00000000
       13825000	      1381	00000000	00000013	addi	x0,x0,0	  x0:0x00000000
       13835000	      1382	80000810	00000013	addi	x0,x0,0	  x0:0x00000000
       13845000	      1383	80000814	80de8193	addi	x3,x29,-2035	 x29:0x80009f84  x3=0x80009791
       13855000	      1384	80000818	7b0c2893	slti	x17,x24,1968	 x24:0xf80009f4 x17=0x00000001
       13865000	      1385	8000081c	01d094b3	sll	x9,x1,x29	  x1:0x00000000 x29:0x80009f84  x9=0x00000000
       13875000	      1386	80000820	916cc813	xori	x16,x25,-1770	 x25:0x80000000 x16=0x7ffff916
       13885000	      1387	80000824	01a8e733	or	x14,x17,x26	 x17:0x00000001 x26:0x00000001 x14=0x00000001
       13895000	      1388	80000828	01fadab3	srl	x21,x21,x31	 x21:0x00000001 x31:0x00000001 x21=0x00000000
       13905000	      1389	8000082c	018f8e33	add	x28,x31,x24	 x31:0x00000001 x24:0xf80009f4 x28=0xf80009f5
       13915000	      1390	80000830	00ad1463	bne	x26,x10,80000838	 x26:0x00000001 x10:0x00000000
       13925000	      1391	00000000	00000013	addi	x0,x0,0	  x0:0x00000000
       13935000	      1392	80000834	00000013	addi	x0,x0,0	  x0:0x00000000
       13945000	      1393	80000838	03e30063	beq	x6,x30,80000858	  x6:0x80008563 x30:0xfffffbfd
       13955000	      1394	8000083c	b89a2493	slti	x9,x20,-1143	 x20:0x80009fc4  x9=0x00000001
       13965000	      1395	80000840	40920e33	sub	x28,x4,x9	  x4:0x0000000d  x9:0x00000001 x28=0x0000000c
       13975000	      1396	80000844	05fde063	bltu	x27,x31,80000884	 x27:0x8000a2b7 x31:0x00000001
       13985000	      1397	80000848	01bc7793	andi	x15,x24,27	 x24:0xf80009f4 x15=0x00000010
       13995000	      1398	8000084c	40625733	sra	x14,x4,x6	  x4:0x0000000d  x6:0x80008563 x14=0x00000001
       14005000	      1399	80000850	00d66663	bltu	x12,x13,8000085c	 x12:0x00000200 x13:0x8000a2b7
       14015000	      1400	00000000	00000013	addi	x0,x0,0	  x0:0x00000000
       14025000	      1401	80000858	00000013	addi	x0,x0,0	  x0:0x00000000
       14035000	      1402	8000085c	005b0f93	addi	x31,x22,5	 x22:0x00000000 x31=0x00000005
       14045000	      1403	80000860	13a8c193	xori	x3,x17,314	 x17:0x00000001  x3=0x0000013b
       14055000	      1404	80000864	09024713	xori	x14,x4,144	  x4:0x0000000d x14=0x0000009d
       14065000	      1405	80000868	03c07063	bgeu	x0,x28,80000888	  x0:0x00000000 x28:0x0000000c
       14075000	      1406	8000086c	019b39b3	sltu	x19,x22,x25	 x22:0x00000000 x25:0x80000000 x19=0x00000001
       14085000	      1407	80000870	01d96bb3	or	x23,x18,x29	 x18:0x00000000 x29:0x80009f84 x23=0x80009f84
       14095000	      1408	80000874	0153f9b3	and	x19,x7,x21	  x7:0x00000000 x21:0x00000000 x19=0x00000000
       14105000	      1409	80000878	6936e093	ori	x1,x13,1683	 x13:0x8000a2b7  x1=0x8000a6b7
       14115000	      1410	8000087c	00000013	addi	x0,x0,0	  x0:0x00000000
       14125000	      1411	80000880	e3a9f793	andi	x15,x19,-454	 x19:0x00000000 x15=0x00000000
       14135000	      1412	80000884	0727dab7	lui	x21,0x727d	 x21=0x0727d000
       14145000	      1413	80000888	0125f333	and	x6,x11,x18	 x11:0x00000000 x18:0x00000000  x6=0x00000000
       14155000	      1414	8000088c	00000013	addi	x0,x0,0	  x0:0x00000000
       14165000	      1415	80000890	e611dd17	auipc	x26,0xe611d	 x26=0x6611d88c
       14175000	      1416	80000894	009f1313	slli	x6,x30,0x9	 x30:0xfffffbfd  x6=0xfff7fa00
       14185000	      1417	80000898	05315663	bge	x2,x19,800008e4	  x2:0x00000000 x19:0x00000000
       14195000	      1418	00000000	00000013	addi	x0,x0,0	  x0:0x00000000
       14205000	      1419	800008e0	00000013	addi	x0,x0,0	  x0:0x00000000
       14215000	      1420	800008e4	8baac293	xori	x5,x21,-1862	 x21:0x0727d000  x5=0xf8d828ba
       14225000	      1421	800008e8	03750263	beq	x10,x23,8000090c	 x10:0x00000000 x23:0x80009f84
       14235000	      1422	800008ec	0036bfb3	sltu	x31,x13,x3	 x13:0x8000a2b7  x3:0x0000013b x31=0x00000000
       14245000	      1423	800008f0	02a71863	bne	x14,x10,80000920	 x14:0x0000009d x10:0x00000000
       14255000	      1424	00000000	00000013	addi	x0,x0,0	  x0:0x00000000
       14265000	      1425	8000091c	00000013	addi	x0,x0,0	  x0:0x00000000
       14275000	      1426	80000920	70603313	sltiu	x6,x0,1798	  x0:0x00000000  x6=0x00000001
       14285000	      1427	80000924	43d0c013	xori	x0,x1,1085	  x1:0x8000a6b7
       14295000	      1428	80000928	05009063	bne	x1,x16,80000968	  x1:0x8000a6b7 x16:0x7ffff916
       14305000	      1429	00000000	00000013	addi	x0,x0,0	  x0:0x00000000
       14315000	      1430	80000964	00000013	addi	x0,x0,0	  x0:0x00000000
       14325000	      1431	80000968	7a16d0b7	lui	x1,0x7a16d	  x1=0x7a16d000
       14335000	      1432	8000096c	40b60433	sub	x8,x12,x11	 x12:0x00000200 x11:0x00000000  x8=0x00000200
       14345000	      1433	80000970	00cfd533	srl	x10,x31,x12	 x31:0x00000000 x12:0x00000200 x10=0x00000000
       14355000	      1434	80000974	413082b3	sub	x5,x1,x19	  x1:0x7a16d000 x19:0x00000000  x5=0x7a16d000
       14365000	      1435	80000978	401dd133	sra	x2,x27,x1	 x27:0x8000a2b7  x1:0x7a16d000  x2=0x8000a2b7
       14375000	      1436	8000097c	019e1bb3	sll	x23,x28,x25	 x28:0x0000000c x25:0x80000000 x23=0x0000000c
       14385000	      1437	80000980	0063ac33	slt	x24,x7,x6	  x7:0x00000000  x6:0x00000001 x24=0x00000001
       14395000	      1438	80000984	68c18193	addi	x3,x3,1676	  x3:0x0000013b  x3=0x000007c7
       14405000	      1439	80000988	010b0833	add	x16,x22,x16	 x22:0x00000000 x16:0x7ffff916 x16=0x7ffff916
       14415000	      1440	8000098c	00361593	slli	x11,x12,0x3	 x12:0x00000200 x11=0x00001000
       14425000	      1441	80000990	01ad1c63	bne	x26,x26,800009a8	 x26:0x6611d88c x26:0x6611d88c
       14435000	      1442	80000994	01591663	bne	x18,x21,800009a0	 x18:0x00000000 x21:0x0727d000
       14445000	      1443	00000000	00000013	addi	x0,x0,0	  x0:0x00000000
       14455000	      1444	8000099c	00000013	addi	x0,x0,0	  x0:0x00000000
       14465000	      1445	800009a0	0034fe63	bgeu	x9,x3,800009bc	  x9:0x00000001  x3:0x000007c7
       14475000	      1446	800009a4	689cb893	sltiu	x17,x25,1673	 x25:0x80000000 x17=0x00000000
       14485000	      1447	800009a8	40740733	sub	x14,x8,x7	  x8:0x00000200  x7:0x00000000 x14=0x00000200
       14495000	      1448	800009ac	005004b3	add	x9,x0,x5	  x0:0x00000000  x5:0x7a16d000  x9=0x7a16d000
       14505000	      1449	800009b0	00000013	addi	x0,x0,0	  x0:0x00000000
       14515000	      1450	800009b4	b791b517	auipc	x10,0xb791b	 x10=0x3791b9b0
       14525000	      1451	800009b8	81f83013	sltiu	x0,x16,-2017	 x16:0x7ffff916
       14535000	      1452	800009bc	41404793	xori	x15,x0,1044	  x0:0x00000000 x15=0x00000414
       14545000	      1453	800009c0	00000013	addi	x0,x0,0	  x0:0x00000000
       14555000	      1454	800009c4	000c7db3	and	x27,x24,x0	 x24:0x00000001  x0:0x00000000 x27=0x00000000
       14565000	      1455	800009c8	c6a16713	ori	x14,x2,-918	  x2:0x8000a2b7 x14=0xfffffeff
       14575000	      1456	800009cc	798ce613	ori	x12,x25,1944	 x25:0x80000000 x12=0x80000798
       14585000	      1457	800009d0	00000a97	auipc	x21,0x0	 x21=0x800009cc
       14595000	      1458	800009d4	268a8a93	addi	x21,x21,616	 x21:0x800009cc x21=0x80000c34
       14605000	      1459	800009d8	3e8a8a93	addi	x21,x21,1000	 x21:0x80000c34 x21=0x8000101c
       14615000	      1460	800009dc	013e5613	srli	x12,x28,0x13	 x28:0x0000000c x12=0x00000000
       14625000	      1461	800009e0	714ee813	ori	x16,x29,1812	 x29:0x80009f84 x16=0x80009f94
       14635000	      1462	800009e4	41d700b3	sub	x1,x14,x29	 x14:0xfffffeff x29:0x80009f84  x1=0x7fff5f7b
       14645000	      1463	800009e8	00000013	addi	x0,x0,0	  x0:0x00000000
       14655000	      1464	800009ec	016e9113	slli	x2,x29,0x16	 x29:0x80009f84  x2=0xe1000000
       14665000	      1465	800009f0	c18a89e7	jalr	x19,x21,-1000	 x21:0x8000101c x19=0x800009f0
       14675000	      1466	00000000	00000013	addi	x0,x0,0	  x0:0x00000000
       14685000	      1467	80000c34	00000013	addi	x0,x0,0	  x0:0x00000000
       14695000	      1468	80000c38	00000013	addi	x0,x0,0	  x0:0x00000000
       14705000	      1469	80000c3c	01570263	beq	x14,x21,80000c40	 x14:0xfffffeff x21:0x8000101c
       14715000	      1470	80000c40	ff4e8e93	addi	x29,x29,-12	 x29:0x80009f84 x29=0x80009f78
       14725000	      1471	80000c44	407dd193	srai	x3,x27,0x7	 x27:0x00000000  x3=0x00000000
       14735000	      1472	80000c48	70956c13	ori	x24,x10,1801	 x10:0x3791b9b0 x24=0x3791bfb9
       14745000	      1473	80000c4c	013ea223	sw	x19,4(x29)	 x29:0x80009f78 x19:0x800009f0 PA:0x80009f7c
       14755000	      1474	80000c50	0070d493	srli	x9,x1,0x7	  x1:0x7fff5f7b  x9=0x00fffebe
       14765000	      1475	80000c54	92747013	andi	x0,x8,-1753	  x8:0x00000200
       14775000	      1476	80000c58	00008317	auipc	x6,0x8	  x6=0x80008c54
       14785000	      1477	80000c5c	9fd30313	addi	x6,x6,-1539	  x6:0x80008c54  x6=0x80008651
       14795000	      1478	80000c60	00534583	lbu	x11,5(x6)	  x6:0x80008651 x11=0x0000007f PA:0x80008656
       14805000	      1479	80000c64	018302a3	sb	x24,5(x6)	  x6:0x80008651 x24:0x3791bfb9 PA:0x80008656
       14815000	      1480	80000c68	00534903	lbu	x18,5(x6)	  x6:0x80008651 x18=0x000000b9 PA:0x80008656
       14825000	      1481	80000c6c	00534083	lbu	x1,5(x6)	  x6:0x80008651  x1=0x000000b9 PA:0x80008656
       14835000	      1482	80000c70	00c30583	lb	x11,12(x6)	  x6:0x80008651 x11=0x00000044 PA:0x8000865d
       14845000	      1483	80000c74	01b30423	sb	x27,8(x6)	  x6:0x80008651 x27:0x00000000 PA:0x80008659
       14855000	      1484	80000c78	00830403	lb	x8,8(x6)	  x6:0x80008651  x8=0x00000000 PA:0x80008659
       14865000	      1485	00000000	00000013	addi	x0,x0,0	  x0:0x00000000
       14875000	      1486	80000c7c	00830983	lb	x19,8(x6)	  x6:0x80008651 x19=0x00000000 PA:0x80008659
       14885000	      1487	80000c80	00834b83	lbu	x23,8(x6)	  x6:0x80008651 x23=0x00000000 PA:0x80008659
       14895000	      1488	80000c84	01b0b433	sltu	x8,x1,x27	  x1:0x000000b9 x27:0x00000000  x8=0x00000000
       14905000	      1489	80000c88	7318db17	auipc	x22,0x7318d	 x22=0xf318dc84
       14915000	      1490	80000c8c	00c30423	sb	x12,8(x6)	  x6:0x80008651 x12:0x00000000 PA:0x80008659
       14925000	      1491	80000c90	005090b3	sll	x1,x1,x5	  x1:0x000000b9  x5:0x7a16d000  x1=0x000000b9
       14935000	      1492	80000c94	00830783	lb	x15,8(x6)	  x6:0x80008651 x15=0x00000000 PA:0x80008659
       14945000	      1493	80000c98	00135783	lhu	x15,1(x6)	  x6:0x80008651 x15=0x0000007b PA:0x80008652
       14955000	      1494	80000c9c	002300a3	sb	x2,1(x6)	  x6:0x80008651  x2:0xe1000000 PA:0x80008652
       14965000	      1495	80000ca0	00134503	lbu	x10,1(x6)	  x6:0x80008651 x10=0x00000000 PA:0x80008652
       14975000	      1496	80000ca4	00131803	lh	x16,1(x6)	  x6:0x80008651 x16=0x00000000 PA:0x80008652
       14985000	      1497	80000ca8	00131983	lh	x19,1(x6)	  x6:0x80008651 x19=0x00000000 PA:0x80008652
       14995000	      1498	80000cac	00131483	lh	x9,1(x6)	  x6:0x80008651  x9=0x00000000 PA:0x80008652
       15005000	      1499	80000cb0	007f8433	add	x8,x31,x7	 x31:0x00000000  x7:0x00000000  x8=0x00000000
       15015000	      1500	80000cb4	013300a3	sb	x19,1(x6)	  x6:0x80008651 x19:0x00000000 PA:0x80008652
       15025000	      1501	80000cb8	00134483	lbu	x9,1(x6)	  x6:0x80008651  x9=0x00000000 PA:0x80008652
       15035000	      1502	80000cbc	00131b03	lh	x22,1(x6)	  x6:0x80008651 x22=0x00000000 PA:0x80008652
       15045000	      1503	80000cc0	00008117	auipc	x2,0x8	  x2=0x80008cbc
       15055000	      1504	80000cc4	e8510113	addi	x2,x2,-379	  x2:0x80008cbc  x2=0x80008b41
       15065000	      1505	80000cc8	02c10803	lb	x16,44(x2)	  x2:0x80008b41 x16=0x00000000 PA:0x80008b6d
       15075000	      1506	80000ccc	1c1f9697	auipc	x13,0x1c1f9	 x13=0x9c1f9cc8
       15085000	      1507	80000cd0	20266013	ori	x0,x12,514	 x12:0x00000000
       15095000	      1508	80000cd4	01e9f4b3	and	x9,x19,x30	 x19:0x00000000 x30:0xfffffbfd  x9=0x00000000
       15105000	      1509	80000cd8	41aa0933	sub	x18,x20,x26	 x20:0x80009fc4 x26:0x6611d88c x18=0x19eec738
       15115000	      1510	80000cdc	02c11aa3	sh	x12,53(x2)	  x2:0x80008b41 x12:0x00000000 PA:0x80008b76
       15125000	      1511	80000ce0	015ffbb3	and	x23,x31,x21	 x31:0x00000000 x21:0x8000101c x23=0x00000000
       15135000	      1512	80000ce4	ff110583	lb	x11,-15(x2)	  x2:0x80008b41 x11=0x00000000 PA:0x80008b32
       15145000	      1513	00000000	00000013	addi	x0,x0,0	  x0:0x00000000
       15155000	      1514	80000ce8	02b11da3	sh	x11,59(x2)	  x2:0x80008b41 x11:0x00000000 PA:0x80008b7c
       15165000	      1515	80000cec	01f71a93	slli	x21,x14,0x1f	 x14:0xfffffeff x21=0x80000000
       15175000	      1516	80000cf0	fd610403	lb	x8,-42(x2)	  x2:0x80008b41  x8=0x00000000 PA:0x80008b17
       15185000	      1517	00000000	00000013	addi	x0,x0,0	  x0:0x00000000
       15195000	      1518	80000cf4	fe810e03	lb	x28,-24(x2)	  x2:0x80008b41 x28=0x00000000 PA:0x80008b29
       15205000	      1519	80000cf8	04d10023	sb	x13,64(x2)	  x2:0x80008b41 x13:0x9c1f9cc8 PA:0x80008b81
       15215000	      1520	80000cfc	b8392993	slti	x19,x18,-1149	 x18:0x19eec738 x19=0x00000000
       15225000	      1521	80000d00	019e2733	slt	x14,x28,x25	 x28:0x00000000 x25:0x80000000 x14=0x00000000
       15235000	      1522	80000d04	411f8233	sub	x4,x31,x17	 x31:0x00000000 x17:0x00000000  x4=0x00000000
       15245000	      1523	80000d08	41608bb3	sub	x23,x1,x22	  x1:0x000000b9 x22:0x00000000 x23=0x000000b9
       15255000	      1524	80000d0c	017c9c33	sll	x24,x25,x23	 x25:0x80000000 x23:0x000000b9 x24=0x00000000
       15265000	      1525	80000d10	fd710723	sb	x23,-50(x2)	  x2:0x80008b41 x23:0x000000b9 PA:0x80008b0f
       15275000	      1526	80000d14	40b2dd13	srai	x26,x5,0xb	  x5:0x7a16d000 x26=0x000f42da
       15285000	      1527	80000d18	40075733	sra	x14,x14,x0	 x14:0x00000000  x0:0x00000000 x14=0x00000000
       15295000	      1528	80000d1c	02a10a23	sb	x10,52(x2)	  x2:0x80008b41 x10:0x00000000 PA:0x80008b75
       15305000	      1529	80000d20	a4c08c37	lui	x24,0xa4c08	 x24=0xa4c08000
       15315000	      1530	80000d24	020104a3	sb	x0,41(x2)	  x2:0x80008b41  x0:0x00000000 PA:0x80008b6a
       15325000	      1531	80000d28	01ee3b33	sltu	x22,x28,x30	 x28:0x00000000 x30:0xfffffbfd x22=0x00000001
       15335000	      1532	80000d2c	9ab88a93	addi	x21,x17,-1621	 x17:0x00000000 x21=0xfffff9ab
       15345000	      1533	80000d30	fdc10683	lb	x13,-36(x2)	  x2:0x80008b41 x13=0x00000000 PA:0x80008b1d
       15355000	      1534	80000d34	fcb12903	lw	x18,-53(x2)	  x2:0x80008b41 x18=0xb9000000 PA:0x80008b0c
       15365000	      1535	80000d38	0130d9b3	srl	x19,x1,x19	  x1:0x000000b9 x19:0x00000000 x19=0x000000b9
       15375000	      1536	80000d3c	00d10f03	lb	x30,13(x2)	  x2:0x80008b41 x30=0x00000000 PA:0x80008b4e
       15385000	      1537	80000d40	13568a93	addi	x21,x13,309	 x13:0x00000000 x21=0x00000135
       15395000	      1538	80000d44	fc210823	sb	x2,-48(x2)	  x2:0x80008b41  x2:0x80008b41 PA:0x80008b11
       15405000	      1539	80000d48	17423493	sltiu	x9,x4,372	  x4:0x00000000  x9=0x00000001
       15415000	      1540	80000d4c	feb10923	sb	x11,-14(x2)	  x2:0x80008b41 x11:0x00000000 PA:0x80008b33
       15425000	      1541	80000d50	00008097	auipc	x1,0x8	  x1=0x80008d4c
       15435000	      1542	80000d54	ad908093	addi	x1,x1,-1319	  x1:0x80008d4c  x1=0x80008825
       15445000	      1543	80000d58	00008917	auipc	x18,0x8	 x18=0x80008d54
       15455000	      1544	80000d5c	f8690913	addi	x18,x18,-122	 x18:0x80008d54 x18=0x80008cda
       15465000	      1545	80000d60	00008797	auipc	x15,0x8	 x15=0x80008d5c
       15475000	      1546	80000d64	cd178793	addi	x15,x15,-815	 x15:0x80008d5c x15=0x80008a2d
       15485000	      1547	80000d68	fd7781a3	sb	x23,-61(x15)	 x15:0x80008a2d x23:0x000000b9 PA:0x800089f0
       15495000	      1548	80000d6c	03894483	lbu	x9,56(x18)	 x18:0x80008cda  x9=0x00000000 PA:0x80008d12
       15505000	      1549	80000d70	fdb7a483	lw	x9,-37(x15)	 x15:0x80008a2d  x9=0x00000000 PA:0x80008a08
       15515000	      1550	80000d74	05809ca3	sh	x24,89(x1)	  x1:0x80008825 x24:0xa4c08000 PA:0x8000887e
       15525000	      1551	80000d78	ff678c03	lb	x24,-10(x15)	 x15:0x80008a2d x24=0x00000000 PA:0x80008a23
       15535000	      1552	80000d7c	fe97d383	lhu	x7,-23(x15)	 x15:0x80008a2d  x7=0x00000000 PA:0x80008a16
       15545000	      1553	80000d80	fcf90003	lb	x0,-49(x18)	 x18:0x80008cda PA:0x80008ca9
       15555000	      1554	80000d84	0600c683	lbu	x13,96(x1)	  x1:0x80008825 x13=0x00000000 PA:0x80008885
       15565000	      1555	80000d88	03a95183	lhu	x3,58(x18)	 x18:0x80008cda  x3=0x00000000 PA:0x80008d14
       15575000	      1556	80000d8c	ffd90b03	lb	x22,-3(x18)	 x18:0x80008cda x22=0xffffffff PA:0x80008cd7
       15585000	      1557	80000d90	0fa0c503	lbu	x10,250(x1)	  x1:0x80008825 x10=0x00000000 PA:0x8000891f
       15595000	      1558	80000d94	fce91103	lh	x2,-50(x18)	 x18:0x80008cda  x2=0x00000000 PA:0x80008ca8
       15605000	      1559	80000d98	02b94f83	lbu	x31,43(x18)	 x18:0x80008cda x31=0x00000000 PA:0x80008d05
       15615000	      1560	80000d9c	fc278d23	sb	x2,-38(x15)	 x15:0x80008a2d  x2:0x00000000 PA:0x80008a07
       15625000	      1561	80000da0	01594c03	lbu	x24,21(x18)	 x18:0x80008cda x24=0x00000000 PA:0x80008cef
       15635000	      1562	80000da4	ff60c283	lbu	x5,-10(x1)	  x1:0x80008825  x5=0x00000000 PA:0x8000881b
       15645000	      1563	80000da8	06c08d83	lb	x27,108(x1)	  x1:0x80008825 x27=0x00000000 PA:0x80008891
       15655000	      1564	80000dac	0552c463	blt	x5,x21,80000df4	  x5:0x00000000 x21:0x00000135
       15665000	      1565	00000000	00000013	addi	x0,x0,0	  x0:0x00000000
       15675000	      1566	80000df0	00000013	addi	x0,x0,0	  x0:0x00000000
       15685000	      1567	80000df4	00000013	addi	x0,x0,0	  x0:0x00000000
       15695000	      1568	80000df8	01865a63	bge	x12,x24,80000e0c	 x12:0x00000000 x24:0x00000000
       15705000	      1569	00000000	00000013	addi	x0,x0,0	  x0:0x00000000
       15715000	      1570	80000e08	00000013	addi	x0,x0,0	  x0:0x00000000
       15725000	      1571	80000e0c	40c38c33	sub	x24,x7,x12	  x7:0x00000000 x12:0x00000000 x24=0x00000000
       15735000	      1572	80000e10	01a6c933	xor	x18,x13,x26	 x13:0x00000000 x26:0x000f42da x18=0x000f42da
       15745000	      1573	80000e14	00d9ad33	slt	x26,x19,x13	 x19:0x000000b9 x13:0x00000000 x26=0x00000000
       15755000	      1574	80000e18	ab626513	ori	x10,x4,-1354	  x4:0x00000000 x10=0xfffffab6
       15765000	      1575	80000e1c	04d4f663	bgeu	x9,x13,80000e68	  x9:0x00000000 x13:0x00000000
       15775000	      1576	00000000	00000013	addi	x0,x0,0	  x0:0x00000000
       15785000	      1577	80000e64	00000013	addi	x0,x0,0	  x0:0x00000000
       15795000	      1578	80000e68	00950d33	add	x26,x10,x9	 x10:0xfffffab6  x9:0x00000000 x26=0xfffffab6
       15805000	      1579	80000e6c	04188593	addi	x11,x17,65	 x17:0x00000000 x11=0x00000041
       15815000	      1580	80000e70	01d843b3	xor	x7,x16,x29	 x16:0x00000000 x29:0x80009f78  x7=0x80009f78
       15825000	      1581	80000e74	89a8c513	xori	x10,x17,-1894	 x17:0x00000000 x10=0xfffff89a
       15835000	      1582	80000e78	03d2fa63	bgeu	x5,x29,80000eac	  x5:0x00000000 x29:0x80009f78
       15845000	      1583	80000e7c	01431413	slli	x8,x6,0x14	  x6:0x80008651  x8=0x65100000
       15855000	      1584	80000e80	00bdc6b3	xor	x13,x27,x11	 x27:0x00000000 x11:0x00000041 x13=0x00000041
       15865000	      1585	80000e84	009b6663	bltu	x22,x9,80000e90	 x22:0xffffffff  x9:0x00000000
       15875000	      1586	80000e88	01c36663	bltu	x6,x28,80000e94	  x6:0x80008651 x28:0x00000000
       15885000	      1587	80000e8c	00a06c33	or	x24,x0,x10	  x0:0x00000000 x10:0xfffff89a x24=0xfffff89a
       15895000	      1588	80000e90	015722b3	slt	x5,x14,x21	 x14:0x00000000 x21:0x00000135  x5=0x00000001
       15905000	      1589	80000e94	00349d93	slli	x27,x9,0x3	  x9:0x00000000 x27=0x00000000
       15915000	      1590	80000e98	012ea2b3	slt	x5,x29,x18	 x29:0x80009f78 x18:0x000f42da  x5=0x00000001
       15925000	      1591	80000e9c	00c93633	sltu	x12,x18,x12	 x18:0x000f42da x12:0x00000000 x12=0x00000000
       15935000	      1592	80000ea0	00000013	addi	x0,x0,0	  x0:0x00000000
       15945000	      1593	80000ea4	00e3fb33	and	x22,x7,x14	  x7:0x80009f78 x14:0x00000000 x22=0x00000000
       15955000	      1594	80000ea8	0189e733	or	x14,x19,x24	 x19:0x000000b9 x24:0xfffff89a x14=0xfffff8bb
       15965000	      1595	80000eac	96744a97	auipc	x21,0x96744	 x21=0x16744ea8
       15975000	      1596	80000eb0	0252dc63	bge	x5,x5,80000ee8	  x5:0x00000001  x5:0x00000001
       15985000	      1597	00000000	00000013	addi	x0,x0,0	  x0:0x00000000
       15995000	      1598	80000ee4	00000013	addi	x0,x0,0	  x0:0x00000000
       16005000	      1599	80000ee8	979f3113	sltiu	x2,x30,-1671	 x30:0x00000000  x2=0x00000001
       16015000	      1600	80000eec	f4ac4413	xori	x8,x24,-182	 x24:0xfffff89a  x8=0x000007d0
       16025000	      1601	80000ef0	14860313	addi	x6,x12,328	 x12:0x00000000  x6=0x00000148
       16035000	      1602	80000ef4	00dee033	or	x0,x29,x13	 x29:0x80009f78 x13:0x00000041
       16045000	      1603	80000ef8	0296ee63	bltu	x13,x9,80000f34	 x13:0x00000041  x9:0x00000000
       16055000	      1604	80000efc	40a807b3	sub	x15,x16,x10	 x16:0x00000000 x10:0xfffff89a x15=0x00000766
       16065000	      1605	80000f00	b14bbc13	sltiu	x24,x23,-1260	 x23:0x000000b9 x24=0x00000001
       16075000	      1606	80000f04	033a9a63	bne	x21,x19,80000f38	 x21:0x16744ea8 x19:0x000000b9
       16085000	      1607	00000000	00000013	addi	x0,x0,0	  x0:0x00000000
       16095000	      1608	80000f34	00000013	addi	x0,x0,0	  x0:0x00000000
       16105000	      1609	80000f38	5b0ab893	sltiu	x17,x21,1456	 x21:0x16744ea8 x17=0x00000000
       16115000	      1610	80000f3c	00404bb3	xor	x23,x0,x4	  x0:0x00000000  x4:0x00000000 x23=0x00000000
       16125000	      1611	80000f40	41445bb3	sra	x23,x8,x20	  x8:0x000007d0 x20:0x80009fc4 x23=0x0000007d
       16135000	      1612	80000f44	015f0c33	add	x24,x30,x21	 x30:0x00000000 x21:0x16744ea8 x24=0x16744ea8
       16145000	      1613	80000f48	05d81463	bne	x16,x29,80000f90	 x16:0x00000000 x29:0x80009f78
       16155000	      1614	00000000	00000013	addi	x0,x0,0	  x0:0x00000000
       16165000	      1615	80000f8c	00000013	addi	x0,x0,0	  x0:0x00000000
       16175000	      1616	80000f90	0360ea63	bltu	x1,x22,80000fc4	  x1:0x80008825 x22:0x00000000
       16185000	      1617	80000f94	01870033	add	x0,x14,x24	 x14:0xfffff8bb x24:0x16744ea8
       16195000	      1618	80000f98	016cc663	blt	x25,x22,80000fa4	 x25:0x80000000 x22:0x00000000
       16205000	      1619	00000000	00000013	addi	x0,x0,0	  x0:0x00000000
       16215000	      1620	80000fa0	00000013	addi	x0,x0,0	  x0:0x00000000
       16225000	      1621	80000fa4	0172ac33	slt	x24,x5,x23	  x5:0x00000001 x23:0x0000007d x24=0x00000001
       16235000	      1622	80000fa8	006c44b3	xor	x9,x24,x6	 x24:0x00000001  x6:0x00000148  x9=0x00000149
       16245000	      1623	80000fac	02c56e63	bltu	x10,x12,80000fe8	 x10:0xfffff89a x12:0x00000000
       16255000	      1624	80000fb0	002e9db3	sll	x27,x29,x2	 x29:0x80009f78  x2:0x00000001 x27=0x00013ef0
       16265000	      1625	80000fb4	a0870013	addi	x0,x14,-1528	 x14:0xfffff8bb
       16275000	      1626	80000fb8	0061b033	sltu	x0,x3,x6	  x3:0x00000000  x6:0x00000148
       16285000	      1627	80000fbc	4042d1b3	sra	x3,x5,x4	  x5:0x00000001  x4:0x00000000  x3=0x00000001
       16295000	      1628	80000fc0	009506b3	add	x13,x10,x9	 x10:0xfffff89a  x9:0x00000149 x13=0xfffff9e3
       16305000	      1629	80000fc4	00546433	or	x8,x8,x5	  x8:0x000007d0  x5:0x00000001  x8=0x000007d1
       16315000	      1630	80000fc8	40ead3b3	sra	x7,x21,x14	 x21:0x16744ea8 x14:0xfffff8bb  x7=0x00000002
       16325000	      1631	80000fcc	007af3b3	and	x7,x21,x7	 x21:0x16744ea8  x7:0x00000002  x7=0x00000000
       16335000	      1632	80000fd0	0156cbb3	xor	x23,x13,x21	 x13:0xfffff9e3 x21:0x16744ea8 x23=0xe98bb74b
       16345000	      1633	80000fd4	004606b3	add	x13,x12,x4	 x12:0x00000000  x4:0x00000000 x13=0x00000000
       16355000	      1634	80000fd8	013c6a63	bltu	x24,x19,80000fec	 x24:0x00000001 x19:0x000000b9
       16365000	      1635	00000000	00000013	addi	x0,x0,0	  x0:0x00000000
       16375000	      1636	80000fe8	00000013	addi	x0,x0,0	  x0:0x00000000
       16385000	      1637	80000fec	014a6c63	bltu	x20,x20,80001004	 x20:0x80009fc4 x20:0x80009fc4
       16395000	      1638	80000ff0	02f17263	bgeu	x2,x15,80001014	  x2:0x00000001 x15:0x00000766
       16405000	      1639	80000ff4	01bf75b3	and	x11,x30,x27	 x30:0x00000000 x27:0x00013ef0 x11=0x00000000
       16415000	      1640	80000ff8	01756663	bltu	x10,x23,80001004	 x10:0xfffff89a x23:0xe98bb74b
       16425000	      1641	80000ffc	f3b13793	sltiu	x15,x2,-197	  x2:0x00000001 x15=0x00000001
       16435000	      1642	80001000	9b6deb93	ori	x23,x27,-1610	 x27:0x00013ef0 x23=0xfffffff6
       16445000	      1643	80001004	40830333	sub	x6,x6,x8	  x6:0x00000148  x8:0x000007d1  x6=0xfffff977
       16455000	      1644	80001008	0058ea63	bltu	x17,x5,8000101c	 x17:0x00000000  x5:0x00000001
       16465000	      1645	00000000	00000013	addi	x0,x0,0	  x0:0x00000000
       16475000	      1646	80001018	00000013	addi	x0,x0,0	  x0:0x00000000
       16485000	      1647	8000101c	004c51b3	srl	x3,x24,x4	 x24:0x00000001  x4:0x00000000  x3=0x00000001
       16495000	      1648	80001020	009d64b3	or	x9,x26,x9	 x26:0xfffffab6  x9:0x00000149  x9=0xfffffbff
       16505000	      1649	80001024	004ea983	lw	x19,4(x29)	 x29:0x80009f78 x19=0x800009f0 PA:0x80009f7c
       16515000	      1650	80001028	003b6533	or	x10,x22,x3	 x22:0x00000000  x3:0x00000001 x10=0x00000001
       16525000	      1651	8000102c	59d22b13	slti	x22,x4,1437	  x4:0x00000000 x22=0x00000001
       16535000	      1652	80001030	40788033	sub	x0,x17,x7	 x17:0x00000000  x7:0x00000000
       16545000	      1653	80001034	00ce8e93	addi	x29,x29,12	 x29:0x80009f78 x29=0x80009f84
       16555000	      1654	80001038	0052e7b3	or	x15,x5,x5	  x5:0x00000001  x5:0x00000001 x15=0x00000001
       16565000	      1655	8000103c	01cef5b3	and	x11,x29,x28	 x29:0x80009f84 x28:0x00000000 x11=0x00000000
       16575000	      1656	80001040	37d62e13	slti	x28,x12,893	 x12:0x00000000 x28=0x00000001
       16585000	      1657	80001044	00198d13	addi	x26,x19,1	 x19:0x800009f0 x26=0x800009f1
       16595000	      1658	80001048	000d0d67	jalr	x26,x26,0	 x26:0x800009f1 x26=0x80001048
       16605000	      1659	00000000	00000013	addi	x0,x0,0	  x0:0x00000000
       16615000	      1660	800009f0	00000013	addi	x0,x0,0	  x0:0x00000000
       16625000	      1661	800009f4	550ab913	sltiu	x18,x21,1360	 x21:0x16744ea8 x18=0x00000000
       16635000	      1662	800009f8	99afa1b7	lui	x3,0x99afa	  x3=0x99afa000
       16645000	      1663	800009fc	0108ac33	slt	x24,x17,x16	 x17:0x00000000 x16:0x00000000 x24=0x00000000
       16655000	      1664	80000a00	0103ce63	blt	x7,x16,80000a1c	  x7:0x00000000 x16:0x00000000
       16665000	      1665	80000a04	9c71f993	andi	x19,x3,-1593	  x3:0x99afa000 x19=0x99afa000
       16675000	      1666	80000a08	4016d713	srai	x14,x13,0x1	 x13:0x00000000 x14=0x00000000
       16685000	      1667	80000a0c	6469b017	auipc	x0,0x6469b	
       16695000	      1668	80000a10	6688ad97	auipc	x27,0x6688a	 x27=0xe688aa0c
       16705000	      1669	80000a14	40658bb3	sub	x23,x11,x6	 x11:0x00000000  x6:0xfffff977 x23=0x00000689
       16715000	      1670	80000a18	791c0493	addi	x9,x24,1937	 x24:0x00000000  x9=0x00000791
       16725000	      1671	80000a1c	03b5e463	bltu	x11,x27,80000a44	 x11:0x00000000 x27:0xe688aa0c
       16735000	      1672	00000000	00000013	addi	x0,x0,0	  x0:0x00000000
       16745000	      1673	80000a40	00000013	addi	x0,x0,0	  x0:0x00000000
       16755000	      1674	80000a44	01685fb3	srl	x31,x16,x22	 x16:0x00000000 x22:0x00000001 x31=0x00000000
       16765000	      1675	80000a48	01e35a93	srli	x21,x6,0x1e	  x6:0xfffff977 x21=0x00000003
       16775000	      1676	80000a4c	9a221f17	auipc	x30,0x9a221	 x30=0x1a221a48
       16785000	      1677	80000a50	402bd833	sra	x16,x23,x2	 x23:0x00000689  x2:0x00000001 x16=0x00000344
       16795000	      1678	80000a54	005c4033	xor	x0,x24,x5	 x24:0x00000000  x5:0x00000001
       16805000	      1679	80000a58	407056b3	sra	x13,x0,x7	  x0:0x00000000  x7:0x00000000 x13=0x00000000
       16815000	      1680	80000a5c	03b7d863	bge	x15,x27,80000a8c	 x15:0x00000001 x27:0xe688aa0c
       16825000	      1681	00000000	00000013	addi	x0,x0,0	  x0:0x00000000
       16835000	      1682	80000a88	00000013	addi	x0,x0,0	  x0:0x00000000
       16845000	      1683	80000a8c	1f267337	lui	x6,0x1f267	  x6=0x1f267000
       16855000	      1684	80000a90	008cd493	srli	x9,x25,0x8	 x25:0x80000000  x9=0x00800000
       16865000	      1685	80000a94	03956c63	bltu	x10,x25,80000acc	 x10:0x00000001 x25:0x80000000
       16875000	      1686	00000000	00000013	addi	x0,x0,0	  x0:0x00000000
       16885000	      1687	80000ac8	00000013	addi	x0,x0,0	  x0:0x00000000
       16895000	      1688	80000acc	00f1d313	srli	x6,x3,0xf	  x3:0x99afa000  x6=0x0001335f
       16905000	      1689	80000ad0	02026263	bltu	x4,x0,80000af4	  x4:0x00000000  x0:0x00000000
       16915000	      1690	80000ad4	0086a3b3	slt	x7,x13,x8	 x13:0x00000000  x8:0x000007d1  x7=0x00000001
       16925000	      1691	80000ad8	00121c63	bne	x4,x1,80000af0	  x4:0x00000000  x1:0x80008825
       16935000	      1692	00000000	00000013	addi	x0,x0,0	  x0:0x00000000
       16945000	      1693	80000aec	00000013	addi	x0,x0,0	  x0:0x00000000
       16955000	      1694	80000af0	003b4463	blt	x22,x3,80000af8	 x22:0x00000001  x3:0x99afa000
       16965000	      1695	80000af4	05f5e063	bltu	x11,x31,80000b34	 x11:0x00000000 x31:0x00000000
       16975000	      1696	80000af8	01a12c33	slt	x24,x2,x26	  x2:0x00000001 x26:0x80001048 x24=0x00000000
       16985000	      1697	80000afc	26456a93	ori	x21,x10,612	 x10:0x00000001 x21=0x00000265
       16995000	      1698	80000b00	402e5113	srai	x2,x28,0x2	 x28:0x00000001  x2=0x00000000
       17005000	      1699	80000b04	02e9d863	bge	x19,x14,80000b34	 x19:0x99afa000 x14:0x00000000
       17015000	      1700	80000b08	043fd263	bge	x31,x3,80000b4c	 x31:0x00000000  x3:0x99afa000
       17025000	      1701	00000000	00000013	addi	x0,x0,0	  x0:0x00000000
       17035000	      1702	80000b48	00000013	addi	x0,x0,0	  x0:0x00000000
       17045000	      1703	80000b4c	01b41013	slli	x0,x8,0x1b	  x8:0x000007d1
       17055000	      1704	80000b50	010b3133	sltu	x2,x22,x16	 x22:0x00000001 x16:0x00000344  x2=0x00000001
       17065000	      1705	80000b54	02b38663	beq	x7,x11,80000b80	  x7:0x00000001 x11:0x00000000
       17075000	      1706	80000b58	da02f993	andi	x19,x5,-608	  x5:0x00000001 x19=0x00000000
       17085000	      1707	80000b5c	9df77c13	andi	x24,x14,-1569	 x14:0x00000000 x24=0x00000000
       17095000	      1708	80000b60	0192da63	bge	x5,x25,80000b74	  x5:0x00000001 x25:0x80000000
       17105000	      1709	00000000	00000013	addi	x0,x0,0	  x0:0x00000000
       17115000	      1710	80000b70	00000013	addi	x0,x0,0	  x0:0x00000000
       17125000	      1711	80000b74	01040663	beq	x8,x16,80000b80	  x8:0x000007d1 x16:0x00000344
       17135000	      1712	80000b78	110d2713	slti	x14,x26,272	 x26:0x80001048 x14=0x00000001
       17145000	      1713	80000b7c	4160f393	andi	x7,x1,1046	  x1:0x80008825  x7=0x00000004
       17155000	      1714	80000b80	01190263	beq	x18,x17,80000b84	 x18:0x00000000 x17:0x00000000
       17165000	      1715	00000000	00000013	addi	x0,x0,0	  x0:0x00000000
       17175000	      1716	80000b80	00000013	addi	x0,x0,0	  x0:0x00000000
       17185000	      1717	80000b84	ef111d17	auipc	x26,0xef111	 x26=0x6f111b80
       17195000	      1718	80000b88	037fc063	blt	x31,x23,80000ba8	 x31:0x00000000 x23:0x00000689
       17205000	      1719	00000000	00000013	addi	x0,x0,0	  x0:0x00000000
       17215000	      1720	80000ba4	00000013	addi	x0,x0,0	  x0:0x00000000
       17225000	      1721	80000ba8	03939063	bne	x7,x25,80000bc8	  x7:0x00000004 x25:0x80000000
       17235000	      1722	00000000	00000013	addi	x0,x0,0	  x0:0x00000000
       17245000	      1723	80000bc4	00000013	addi	x0,x0,0	  x0:0x00000000
       17255000	      1724	80000bc8	04760463	beq	x12,x7,80000c10	 x12:0x00000000  x7:0x00000004
       17265000	      1725	80000bcc	00c59ab3	sll	x21,x11,x12	 x11:0x00000000 x12:0x00000000 x21=0x00000000
       17275000	      1726	80000bd0	01d994b3	sll	x9,x19,x29	 x19:0x00000000 x29:0x80009f84  x9=0x00000000
       17285000	      1727	80000bd4	68aefb93	andi	x23,x29,1674	 x29:0x80009f84 x23=0x00000680
       17295000	      1728	80000bd8	11663113	sltiu	x2,x12,278	 x12:0x00000000  x2=0x00000001
       17305000	      1729	80000bdc	00005e63	bge	x0,x0,80000bf8	  x0:0x00000000  x0:0x00000000
       17315000	      1730	00000000	00000013	addi	x0,x0,0	  x0:0x00000000
       17325000	      1731	80000bf4	00000013	addi	x0,x0,0	  x0:0x00000000
       17335000	      1732	80000bf8	019f1d93	slli	x27,x30,0x19	 x30:0x1a221a48 x27=0x90000000
       17345000	      1733	80000bfc	015aec63	bltu	x21,x21,80000c14	 x21:0x00000000 x21:0x00000000
       17355000	      1734	80000c00	0027cfb3	xor	x31,x15,x2	 x15:0x00000001  x2:0x00000001 x31=0x00000000
       17365000	      1735	80000c04	22c0f893	andi	x17,x1,556	  x1:0x80008825 x17=0x00000024
       17375000	      1736	80000c08	40ff81b3	sub	x3,x31,x15	 x31:0x00000000 x15:0x00000001  x3=0xffffffff
       17385000	      1737	80000c0c	3b180393	addi	x7,x16,945	 x16:0x00000344  x7=0x000006f5
       17395000	      1738	80000c10	00a95463	bge	x18,x10,80000c18	 x18:0x00000000 x10:0x00000001
       17405000	      1739	80000c14	0064a433	slt	x8,x9,x6	  x9:0x00000000  x6:0x0001335f  x8=0x00000001
       17415000	      1740	80000c18	01644463	blt	x8,x22,80000c20	  x8:0x00000001 x22:0x00000001
       17425000	      1741	80000c1c	01b0e233	or	x4,x1,x27	  x1:0x80008825 x27:0x90000000  x4=0x90008825
       17435000	      1742	80000c20	41965693	srai	x13,x12,0x19	 x12:0x00000000 x13=0x00000000
       17445000	      1743	80000c24	00000c97	auipc	x25,0x0	 x25=0x80000c20
       17455000	      1744	80000c28	00cc8c93	addi	x25,x25,12	 x25:0x80000c20 x25=0x80000c2c
       17465000	      1745	80000c2c	000c8067	jalr	x0,x25,0	 x25:0x80000c2c
       17475000	      1746	00000000	00000013	addi	x0,x0,0	  x0:0x00000000
       17485000	      1747	80000c2c	00000013	addi	x0,x0,0	  x0:0x00000000
       17495000	      1748	80000c30	00100193	addi	x3,x0,1	  x0:0x00000000  x3=0x00000001
       17505000	      1749	80000c34	00000073	ecall	
       17515000	      1750	80000c38	00000013	addi	x0,x0,0	  x0:0x00000000
