		Time			Cycle	PC		Insn	Decoded instruction	Register and memory contents
          65000	         5	80000004	00000293	addi	x5,x0,0	  x0:0x00000000  x5=0x00000000
          75000	         6	80000008	00000313	addi	x6,x0,0	  x0:0x00000000  x6=0x00000000
          85000	         7	8000000c	00628263	beq	x5,x6,80000010	  x5:0x00000000  x6:0x00000000
          95000	         8	00000000	00000013	addi	x0,x0,0	  x0:0x00000000
         105000	         9	8000000c	00000013	addi	x0,x0,0	  x0:0x00000000
         115000	        10	80000010	00000a17	auipc	x20,0x0	 x20=0x8000000c
         125000	        11	80000014	00ca0a13	addi	x20,x20,12	 x20:0x8000000c x20=0x80000018
         135000	        12	80000018	000a0067	jalr	x0,x20,0	 x20:0x80000018
         145000	        13	00000000	00000013	addi	x0,x0,0	  x0:0x00000000
         155000	        14	80000018	00000013	addi	x0,x0,0	  x0:0x00000000
         165000	        15	8000001c	40000eb7	lui	x29,0x40000	 x29=0x40000000
         175000	        16	80000020	100e8e93	addi	x29,x29,256	 x29:0x40000000 x29=0x40000100
         185000	        17	80000024	00000013	addi	x0,x0,0	  x0:0x00000000
         195000	        18	80000028	0000ac97	auipc	x25,0xa	 x25=0x8000a024
         205000	        19	8000002c	fa0c8c93	addi	x25,x25,-96	 x25:0x8000a024 x25=0x80009fc4
         215000	        20	80000030	00002e97	auipc	x29,0x2	 x29=0x8000202c
         225000	        21	80000034	e7ce8e93	addi	x29,x29,-388	 x29:0x8000202c x29=0x80001ea8
         235000	        22	80000038	000eee93	ori	x29,x29,0	 x29:0x80001ea8 x29=0x80001ea8
         245000	        23	8000003c	00000013	addi	x0,x0,0	  x0:0x00000000
         255000	        24	80000040	00000e97	auipc	x29,0x0	 x29=0x8000003c
         265000	        25	80000044	020e8e93	addi	x29,x29,32	 x29:0x8000003c x29=0x8000005c
         275000	        26	80000048	00000013	addi	x0,x0,0	  x0:0x00000000
         285000	        27	8000004c	00000013	addi	x0,x0,0	  x0:0x00000000
         295000	        28	80000050	00002eb7	lui	x29,0x2	 x29=0x00002000
         305000	        29	80000054	800e8e93	addi	x29,x29,-2048	 x29:0x00002000 x29=0x00001800
         315000	        30	80000058	00000013	addi	x0,x0,0	  x0:0x00000000
         325000	        31	8000005c	00000013	addi	x0,x0,0	  x0:0x00000000
         335000	        32	80000060	80000037	lui	x0,0x80000	
         345000	        33	80000064	00000013	addi	x0,x0,0	  x0:0x00000000
         355000	        34	80000068	c2a3e0b7	lui	x1,0xc2a3e	  x1=0xc2a3e000
         365000	        35	8000006c	ba308093	addi	x1,x1,-1117	  x1:0xc2a3e000  x1=0xc2a3dba3
         375000	        36	80000070	00000113	addi	x2,x0,0	  x0:0x00000000  x2=0x00000000
         385000	        37	80000074	f72d11b7	lui	x3,0xf72d1	  x3=0xf72d1000
         395000	        38	80000078	ae418193	addi	x3,x3,-1308	  x3:0xf72d1000  x3=0xf72d0ae4
         405000	        39	8000007c	00000213	addi	x4,x0,0	  x0:0x00000000  x4=0x00000000
         415000	        40	80000080	f05f72b7	lui	x5,0xf05f7	  x5=0xf05f7000
         425000	        41	80000084	9aa28293	addi	x5,x5,-1622	  x5:0xf05f7000  x5=0xf05f69aa
         435000	        42	80000088	00200313	addi	x6,x0,2	  x0:0x00000000  x6=0x00000002
         445000	        43	8000008c	800003b7	lui	x7,0x80000	  x7=0x80000000
         455000	        44	80000090	f6865437	lui	x8,0xf6865	  x8=0xf6865000
         465000	        45	80000094	6c340413	addi	x8,x8,1731	  x8:0xf6865000  x8=0xf68656c3
         475000	        46	80000098	d333d4b7	lui	x9,0xd333d	  x9=0xd333d000
         485000	        47	8000009c	0a948493	addi	x9,x9,169	  x9:0xd333d000  x9=0xd333d0a9
         495000	        48	800000a0	f3ded537	lui	x10,0xf3ded	 x10=0xf3ded000
         505000	        49	800000a4	49450513	addi	x10,x10,1172	 x10:0xf3ded000 x10=0xf3ded494
         515000	        50	800000a8	800005b7	lui	x11,0x80000	 x11=0x80000000
         525000	        51	800000ac	00e00693	addi	x13,x0,14	  x0:0x00000000 x13=0x0000000e
         535000	        52	800000b0	fa327737	lui	x14,0xfa327	 x14=0xfa327000
         545000	        53	800000b4	ae570713	addi	x14,x14,-1307	 x14:0xfa327000 x14=0xfa326ae5
         555000	        54	800000b8	f8bcf7b7	lui	x15,0xf8bcf	 x15=0xf8bcf000
         565000	        55	800000bc	9c978793	addi	x15,x15,-1591	 x15:0xf8bcf000 x15=0xf8bce9c9
         575000	        56	800000c0	00000813	addi	x16,x0,0	  x0:0x00000000 x16=0x00000000
         585000	        57	800000c4	800008b7	lui	x17,0x80000	 x17=0x80000000
         595000	        58	800000c8	80000937	lui	x18,0x80000	 x18=0x80000000
         605000	        59	800000cc	800009b7	lui	x19,0x80000	 x19=0x80000000
         615000	        60	800000d0	00400a13	addi	x20,x0,4	  x0:0x00000000 x20=0x00000004
         625000	        61	800000d4	80000ab7	lui	x21,0x80000	 x21=0x80000000
         635000	        62	800000d8	aee11b37	lui	x22,0xaee11	 x22=0xaee11000
         645000	        63	800000dc	d93b0b13	addi	x22,x22,-621	 x22:0xaee11000 x22=0xaee10d93
         655000	        64	800000e0	80000bb7	lui	x23,0x80000	 x23=0x80000000
         665000	        65	800000e4	708b0c37	lui	x24,0x708b0	 x24=0x708b0000
         675000	        66	800000e8	bdfc0c13	addi	x24,x24,-1057	 x24:0x708b0000 x24=0x708afbdf
         685000	        67	800000ec	00000d13	addi	x26,x0,0	  x0:0x00000000 x26=0x00000000
         695000	        68	800000f0	d585bdb7	lui	x27,0xd585b	 x27=0xd585b000
         705000	        69	800000f4	9bcd8d93	addi	x27,x27,-1604	 x27:0xd585b000 x27=0xd585a9bc
         715000	        70	800000f8	00000e13	addi	x28,x0,0	  x0:0x00000000 x28=0x00000000
         725000	        71	800000fc	fec8beb7	lui	x29,0xfec8b	 x29=0xfec8b000
         735000	        72	80000100	250e8e93	addi	x29,x29,592	 x29:0xfec8b000 x29=0xfec8b250
         745000	        73	80000104	00000f13	addi	x30,x0,0	  x0:0x00000000 x30=0x00000000
         755000	        74	80000108	80000fb7	lui	x31,0x80000	 x31=0x80000000
         765000	        75	8000010c	0000a617	auipc	x12,0xa	 x12=0x8000a108
         775000	        76	80000110	e7c60613	addi	x12,x12,-388	 x12:0x8000a108 x12=0x80009f84
         785000	        77	80000114	00000013	addi	x0,x0,0	  x0:0x00000000
         795000	        78	80000118	00002b97	auipc	x23,0x2	 x23=0x80002114
         805000	        79	8000011c	a64b8b93	addi	x23,x23,-1436	 x23:0x80002114 x23=0x80001b78
         815000	        80	80000120	1dec6213	ori	x4,x24,478	 x24:0x708afbdf  x4=0x708afbdf
         825000	        81	80000124	d76b8b93	addi	x23,x23,-650	 x23:0x80001b78 x23=0x800018ee
         835000	        82	80000128	010e3eb3	sltu	x29,x28,x16	 x28:0x00000000 x16:0x00000000 x29=0x00000000
         845000	        83	8000012c	00a48333	add	x6,x9,x10	  x9:0xd333d0a9 x10:0xf3ded494  x6=0xc712a53d
         855000	        84	80000130	003e1333	sll	x6,x28,x3	 x28:0x00000000  x3:0xf72d0ae4  x6=0x00000000
         865000	        85	80000134	2d8f6e13	ori	x28,x30,728	 x30:0x00000000 x28=0x000002d8
         875000	        86	80000138	28bb80e7	jalr	x1,x23,651	 x23:0x800018ee  x1=0x80000138
         885000	        87	00000000	00000013	addi	x0,x0,0	  x0:0x00000000
         895000	        88	80001b78	00000013	addi	x0,x0,0	  x0:0x00000000
         905000	        89	80001b7c	00970b33	add	x22,x14,x9	 x14:0xfa326ae5  x9:0xd333d0a9 x22=0xcd663b8e
         915000	        90	80001b80	013cd463	bge	x25,x19,80001b88	 x25:0x80009fc4 x19:0x80000000
         925000	        91	00000000	00000013	addi	x0,x0,0	  x0:0x00000000
         935000	        92	80001b84	00000013	addi	x0,x0,0	  x0:0x00000000
         945000	        93	80001b88	fe060613	addi	x12,x12,-32	 x12:0x80009f84 x12=0x80009f64
         955000	        94	80001b8c	c3caef97	auipc	x31,0xc3cae	 x31=0x43cafb88
         965000	        95	80001b90	00162223	sw	x1,4(x12)	 x12:0x80009f64  x1:0x80000138 PA:0x80009f68
         975000	        96	80001b94	0028f533	and	x10,x17,x2	 x17:0x80000000  x2:0x00000000 x10=0x00000000
         985000	        97	80001b98	4c580d93	addi	x27,x16,1221	 x16:0x00000000 x27=0x000004c5
         995000	        98	80001b9c	00007117	auipc	x2,0x7	  x2=0x80008b98
        1005000	        99	80001ba0	30310113	addi	x2,x2,771	  x2:0x80008b98  x2=0x80008e9b
        1015000	       100	80001ba4	14610e83	lb	x29,326(x2)	  x2:0x80008e9b x29=0xffffffc8 PA:0x80008fe1
        1025000	       101	80001ba8	40250c33	sub	x24,x10,x2	 x10:0x00000000  x2:0x80008e9b x24=0x7fff7165
        1035000	       102	80001bac	b5f10523	sb	x31,-1206(x2)	  x2:0x80008e9b x31:0x43cafb88 PA:0x800089e5
        1045000	       103	80001bb0	06d10b23	sb	x13,118(x2)	  x2:0x80008e9b x13:0x0000000e PA:0x80008f11
        1055000	       104	80001bb4	016b05b3	add	x11,x22,x22	 x22:0xcd663b8e x22:0xcd663b8e x11=0x9acc771c
        1065000	       105	80001bb8	626b0d93	addi	x27,x22,1574	 x22:0xcd663b8e x27=0xcd6641b4
        1075000	       106	80001bbc	69904d93	xori	x27,x0,1689	  x0:0x00000000 x27=0x00000699
        1085000	       107	80001bc0	d52107a3	sb	x18,-689(x2)	  x2:0x80008e9b x18:0x80000000 PA:0x80008bea
        1095000	       108	80001bc4	85554513	xori	x10,x10,-1963	 x10:0x00000000 x10=0xfffff855
        1105000	       109	80001bc8	af715703	lhu	x14,-1289(x2)	  x2:0x80008e9b x14=0x00005b3a PA:0x80008992
        1115000	       110	80001bcc	570fe793	ori	x15,x31,1392	 x31:0x43cafb88 x15=0x43cafff8
        1125000	       111	80001bd0	41045813	srai	x16,x8,0x10	  x8:0xf68656c3 x16=0xfffff686
        1135000	       112	80001bd4	99410da3	sb	x20,-1637(x2)	  x2:0x80008e9b x20:0x00000004 PA:0x80008836
        1145000	       113	80001bd8	adb15f03	lhu	x30,-1317(x2)	  x2:0x80008e9b x30=0x0000409c PA:0x80008976
        1155000	       114	80001bdc	00f130b3	sltu	x1,x2,x15	  x2:0x80008e9b x15:0x43cafff8  x1=0x00000000
        1165000	       115	80001be0	004dd4b3	srl	x9,x27,x4	 x27:0x00000699  x4:0x708afbdf  x9=0x00000000
        1175000	       116	80001be4	13610383	lb	x7,310(x2)	  x2:0x80008e9b  x7=0xffffff85 PA:0x80008fd1
        1185000	       117	80001be8	0ee14383	lbu	x7,238(x2)	  x2:0x80008e9b  x7=0x000000a6 PA:0x80008f89
        1195000	       118	80001bec	fc614303	lbu	x6,-58(x2)	  x2:0x80008e9b  x6=0x000000c6 PA:0x80008e61
        1205000	       119	80001bf0	b9d10c23	sb	x29,-1128(x2)	  x2:0x80008e9b x29:0xffffffc8 PA:0x80008a33
        1215000	       120	80001bf4	00641293	slli	x5,x8,0x6	  x8:0xf68656c3  x5=0xa195b0c0
        1225000	       121	80001bf8	af710123	sb	x23,-1310(x2)	  x2:0x80008e9b x23:0x800018ee PA:0x8000897d
        1235000	       122	80001bfc	0a614003	lbu	x0,166(x2)	  x2:0x80008e9b PA:0x80008f41
        1245000	       123	80001c00	06110923	sb	x1,114(x2)	  x2:0x80008e9b  x1:0x00000000 PA:0x80008f0d
        1255000	       124	80001c04	e2d12a83	lw	x21,-467(x2)	  x2:0x80008e9b x21=0x7da2355d PA:0x80008cc8
        1265000	       125	80001c08	0131cbb3	xor	x23,x3,x19	  x3:0xf72d0ae4 x19:0x80000000 x23=0x772d0ae4
        1275000	       126	80001c0c	00491493	slli	x9,x18,0x4	 x18:0x80000000  x9=0x00000000
        1285000	       127	80001c10	010e9333	sll	x6,x29,x16	 x29:0xffffffc8 x16:0xfffff686  x6=0xfffff200
        1295000	       128	80001c14	f2c10403	lb	x8,-212(x2)	  x2:0x80008e9b  x8=0x00000022 PA:0x80008dc7
        1305000	       129	80001c18	ada10f03	lb	x30,-1318(x2)	  x2:0x80008e9b x30=0xffffff96 PA:0x80008975
        1315000	       130	80001c1c	00007a97	auipc	x21,0x7	 x21=0x80008c18
        1325000	       131	80001c20	354a8a93	addi	x21,x21,852	 x21:0x80008c18 x21=0x80008f6c
        1335000	       132	80001c24	00007d17	auipc	x26,0x7	 x26=0x80008c20
        1345000	       133	80001c28	0cbd0d13	addi	x26,x26,203	 x26:0x80008c20 x26=0x80008ceb
        1355000	       134	80001c2c	ff7d5503	lhu	x10,-9(x26)	 x26:0x80008ceb x10=0x0000a297 PA:0x80008ce2
        1365000	       135	80001c30	ff7a8283	lb	x5,-9(x21)	 x21:0x80008f6c  x5=0x0000003d PA:0x80008f63
        1375000	       136	80001c34	fe7d0923	sb	x7,-14(x26)	 x26:0x80008ceb  x7:0x000000a6 PA:0x80008cdd
        1385000	       137	80001c38	fe1d0823	sb	x1,-16(x26)	 x26:0x80008ceb  x1:0x00000000 PA:0x80008cdb
        1395000	       138	80001c3c	00da81a3	sb	x13,3(x21)	 x21:0x80008f6c x13:0x0000000e PA:0x80008f6f
        1405000	       139	80001c40	ff4d4f83	lbu	x31,-12(x26)	 x26:0x80008ceb x31=0x0000006f PA:0x80008cdf
        1415000	       140	80001c44	01ca9723	sh	x28,14(x21)	 x21:0x80008f6c x28:0x000002d8 PA:0x80008f7a
        1425000	       141	80001c48	ff9a8303	lb	x6,-7(x21)	 x21:0x80008f6c  x6=0xffffffbe PA:0x80008f65
        1435000	       142	80001c4c	014a82a3	sb	x20,5(x21)	 x21:0x80008f6c x20:0x00000004 PA:0x80008f71
        1445000	       143	80001c50	00ed0903	lb	x18,14(x26)	 x26:0x80008ceb x18=0x0000007a PA:0x80008cf9
        1455000	       144	80001c54	00007117	auipc	x2,0x7	  x2=0x80008c50
        1465000	       145	80001c58	24d10113	addi	x2,x2,589	  x2:0x80008c50  x2=0x80008e9d
        1475000	       146	80001c5c	fe710a23	sb	x7,-12(x2)	  x2:0x80008e9d  x7:0x000000a6 PA:0x80008e91
        1485000	       147	80001c60	ff810283	lb	x5,-8(x2)	  x2:0x80008e9d  x5=0xfffffff7 PA:0x80008e95
        1495000	       148	80001c64	6479f693	andi	x13,x19,1607	 x19:0x80000000 x13=0x00000000
        1505000	       149	80001c68	01a103a3	sb	x26,7(x2)	  x2:0x80008e9d x26:0x80008ceb PA:0x80008ea4
        1515000	       150	80001c6c	ff214e83	lbu	x29,-14(x2)	  x2:0x80008e9d x29=0x0000002c PA:0x80008e8f
        1525000	       151	80001c70	014c7ab3	and	x21,x24,x20	 x24:0x7fff7165 x20:0x00000004 x21=0x00000004
        1535000	       152	80001c74	01014e83	lbu	x29,16(x2)	  x2:0x80008e9d x29=0x000000c5 PA:0x80008ead
        1545000	       153	80001c78	01010e03	lb	x28,16(x2)	  x2:0x80008e9d x28=0xffffffc5 PA:0x80008ead
        1555000	       154	80001c7c	01410823	sb	x20,16(x2)	  x2:0x80008e9d x20:0x00000004 PA:0x80008ead
        1565000	       155	80001c80	01010503	lb	x10,16(x2)	  x2:0x80008e9d x10=0x00000004 PA:0x80008ead
        1575000	       156	80001c84	40475b33	sra	x22,x14,x4	 x14:0x00005b3a  x4:0x708afbdf x22=0x00000000
        1585000	       157	80001c88	01d7a933	slt	x18,x15,x29	 x15:0x43cafff8 x29:0x000000c5 x18=0x00000000
        1595000	       158	80001c8c	019117a3	sh	x25,15(x2)	  x2:0x80008e9d x25:0x80009fc4 PA:0x80008eac
        1605000	       159	80001c90	00f15203	lhu	x4,15(x2)	  x2:0x80008e9d  x4=0x00009fc4 PA:0x80008eac
        1615000	       160	80001c94	002568b3	or	x17,x10,x2	 x10:0x00000004  x2:0x80008e9d x17=0x80008e9d
        1625000	       161	80001c98	5fde8917	auipc	x18,0x5fde8	 x18=0xdfde9c94
        1635000	       162	80001c9c	00515f03	lhu	x30,5(x2)	  x2:0x80008e9d x30=0x0000a0bf PA:0x80008ea2
        1645000	       163	80001ca0	00514683	lbu	x13,5(x2)	  x2:0x80008e9d x13=0x000000bf PA:0x80008ea2
        1655000	       164	80001ca4	01010b03	lb	x22,16(x2)	  x2:0x80008e9d x22=0xffffff9f PA:0x80008ead
        1665000	       165	80001ca8	258e6493	ori	x9,x28,600	 x28:0xffffffc5  x9=0xffffffdd
        1675000	       166	80001cac	01014c03	lbu	x24,16(x2)	  x2:0x80008e9d x24=0x0000009f PA:0x80008ead
        1685000	       167	80001cb0	ffc10203	lb	x4,-4(x2)	  x2:0x80008e9d  x4=0x00000014 PA:0x80008e99
        1695000	       168	80001cb4	017127a3	sw	x23,15(x2)	  x2:0x80008e9d x23:0x772d0ae4 PA:0x80008eac
        1705000	       169	80001cb8	03064863	blt	x12,x16,80001ce8	 x12:0x80009f64 x16:0xfffff686
        1715000	       170	00000000	00000013	addi	x0,x0,0	  x0:0x00000000
        1725000	       171	80001ce4	00000013	addi	x0,x0,0	  x0:0x00000000
        1735000	       172	80001ce8	01091093	slli	x1,x18,0x10	 x18:0xdfde9c94  x1=0x9c940000
        1745000	       173	80001cec	0078d463	bge	x17,x7,80001cf4	 x17:0x80008e9d  x7:0x000000a6
        1755000	       174	80001cf0	009d7463	bgeu	x26,x9,80001cf8	 x26:0x80008ceb  x9:0xffffffdd
        1765000	       175	80001cf4	90dcb193	sltiu	x3,x25,-1779	 x25:0x80009fc4  x3=0x00000001
        1775000	       176	80001cf8	013d8ab3	add	x21,x27,x19	 x27:0x00000699 x19:0x80000000 x21=0x80000699
        1785000	       177	80001cfc	11e24bb7	lui	x23,0x11e24	 x23=0x11e24000
        1795000	       178	80001d00	020a4063	blt	x20,x0,80001d20	 x20:0x00000004  x0:0x00000000
        1805000	       179	80001d04	030b4863	blt	x22,x16,80001d34	 x22:0xffffff9f x16:0xfffff686
        1815000	       180	80001d08	7e1fec13	ori	x24,x31,2017	 x31:0x0000006f x24=0x000007ef
        1825000	       181	80001d0c	011fc313	xori	x6,x31,17	 x31:0x0000006f  x6=0x0000007e
        1835000	       182	80001d10	006097b3	sll	x15,x1,x6	  x1:0x9c940000  x6:0x0000007e x15=0x00000000
        1845000	       183	80001d14	04a81863	bne	x16,x10,80001d64	 x16:0xfffff686 x10:0x00000004
        1855000	       184	00000000	00000013	addi	x0,x0,0	  x0:0x00000000
        1865000	       185	80001d60	00000013	addi	x0,x0,0	  x0:0x00000000
        1875000	       186	80001d64	3167e113	ori	x2,x15,790	 x15:0x00000000  x2=0x00000316
        1885000	       187	80001d68	01113eb3	sltu	x29,x2,x17	  x2:0x00000316 x17:0x80008e9d x29=0x00000001
        1895000	       188	80001d6c	604b0093	addi	x1,x22,1540	 x22:0xffffff9f  x1=0x000005a3
        1905000	       189	80001d70	00ced213	srli	x4,x29,0xc	 x29:0x00000001  x4=0x00000000
        1915000	       190	80001d74	367cc213	xori	x4,x25,871	 x25:0x80009fc4  x4=0x80009ca3
        1925000	       191	80001d78	0005d593	srli	x11,x11,0x0	 x11:0x9acc771c x11=0x9acc771c
        1935000	       192	80001d7c	f064bd93	sltiu	x27,x9,-250	  x9:0xffffffdd x27=0x00000000
        1945000	       193	80001d80	40a4d7b3	sra	x15,x9,x10	  x9:0xffffffdd x10:0x00000004 x15=0xfffffffd
        1955000	       194	80001d84	02c5f463	bgeu	x11,x12,80001dac	 x11:0x9acc771c x12:0x80009f64
        1965000	       195	00000000	00000013	addi	x0,x0,0	  x0:0x00000000
        1975000	       196	80001da8	00000013	addi	x0,x0,0	  x0:0x00000000
        1985000	       197	80001dac	00d0af33	slt	x30,x1,x13	  x1:0x000005a3 x13:0x000000bf x30=0x00000000
        1995000	       198	80001db0	d1eec813	xori	x16,x29,-738	 x29:0x00000001 x16=0xfffffd1f
        2005000	       199	80001db4	d835e297	auipc	x5,0xd835e	  x5=0x5835fdb0
        2015000	       200	80001db8	01c370b3	and	x1,x6,x28	  x6:0x0000007e x28:0xffffffc5  x1=0x00000044
        2025000	       201	80001dbc	01f58a63	beq	x11,x31,80001dd0	 x11:0x9acc771c x31:0x0000006f
        2035000	       202	80001dc0	016da733	slt	x14,x27,x22	 x27:0x00000000 x22:0xffffff9f x14=0x00000000
        2045000	       203	80001dc4	03511063	bne	x2,x21,80001de4	  x2:0x00000316 x21:0x80000699
        2055000	       204	00000000	00000013	addi	x0,x0,0	  x0:0x00000000
        2065000	       205	80001de0	00000013	addi	x0,x0,0	  x0:0x00000000
        2075000	       206	80001de4	23bd71b7	lui	x3,0x23bd7	  x3=0x23bd7000
        2085000	       207	80001de8	01c0b533	sltu	x10,x1,x28	  x1:0x00000044 x28:0xffffffc5 x10=0x00000001
        2095000	       208	80001dec	01ee0233	add	x4,x28,x30	 x28:0xffffffc5 x30:0x00000000  x4=0xffffffc5
        2105000	       209	80001df0	ebbc6717	auipc	x14,0xebbc6	 x14=0x6bbc7dec
        2115000	       210	80001df4	00e71a63	bne	x14,x14,80001e08	 x14:0x6bbc7dec x14:0x6bbc7dec
        2125000	       211	80001df8	019c9893	slli	x17,x25,0x19	 x25:0x80009fc4 x17=0x88000000
        2135000	       212	80001dfc	e4e62993	slti	x19,x12,-434	 x12:0x80009f64 x19=0x00000001
        2145000	       213	80001e00	00000013	addi	x0,x0,0	  x0:0x00000000
        2155000	       214	80001e04	040e7463	bgeu	x28,x0,80001e4c	 x28:0xffffffc5  x0:0x00000000
        2165000	       215	00000000	00000013	addi	x0,x0,0	  x0:0x00000000
        2175000	       216	80001e48	00000013	addi	x0,x0,0	  x0:0x00000000
        2185000	       217	80001e4c	0022e2b3	or	x5,x5,x2	  x5:0x5835fdb0  x2:0x00000316  x5=0x5835ffb6
        2195000	       218	80001e50	35d7e913	ori	x18,x15,861	 x15:0xfffffffd x18=0xfffffffd
        2205000	       219	80001e54	00b92f33	slt	x30,x18,x11	 x18:0xfffffffd x11:0x9acc771c x30=0x00000000
        2215000	       220	80001e58	01fe9c63	bne	x29,x31,80001e70	 x29:0x00000001 x31:0x0000006f
        2225000	       221	00000000	00000013	addi	x0,x0,0	  x0:0x00000000
        2235000	       222	80001e6c	00000013	addi	x0,x0,0	  x0:0x00000000
        2245000	       223	80001e70	00b36c33	or	x24,x6,x11	  x6:0x0000007e x11:0x9acc771c x24=0x9acc777e
        2255000	       224	80001e74	01ccd233	srl	x4,x25,x28	 x25:0x80009fc4 x28:0xffffffc5  x4=0x040004fe
        2265000	       225	80001e78	00462083	lw	x1,4(x12)	 x12:0x80009f64  x1=0x80000138 PA:0x80009f68
        2275000	       226	80001e7c	41f25433	sra	x8,x4,x31	  x4:0x040004fe x31:0x0000006f  x8=0x00000800
        2285000	       227	80001e80	13e64713	xori	x14,x12,318	 x12:0x80009f64 x14=0x80009e5a
        2295000	       228	80001e84	02060613	addi	x12,x12,32	 x12:0x80009f64 x12=0x80009f84
        2305000	       229	80001e88	01e29e13	slli	x28,x5,0x1e	  x5:0x5835ffb6 x28=0x80000000
        2315000	       230	80001e8c	1b243e13	sltiu	x28,x8,434	  x8:0x00000800 x28=0x00000000
        2325000	       231	80001e90	401d5113	srai	x2,x26,0x1	 x26:0x80008ceb  x2=0xc0004675
        2335000	       232	80001e94	00108313	addi	x6,x1,1	  x1:0x80000138  x6=0x80000139
        2345000	       233	80001e98	00030367	jalr	x6,x6,0	  x6:0x80000139  x6=0x80001e98
        2355000	       234	00000000	00000013	addi	x0,x0,0	  x0:0x00000000
        2365000	       235	80000138	00000013	addi	x0,x0,0	  x0:0x00000000
        2375000	       236	8000013c	00009217	auipc	x4,0x9	  x4=0x80009138
        2385000	       237	80000140	ded20213	addi	x4,x4,-531	  x4:0x80009138  x4=0x80008f25
        2395000	       238	80000144	001f39b3	sltu	x19,x30,x1	 x30:0x00000000  x1:0x80000138 x19=0x00000001
        2405000	       239	80000148	df722183	lw	x3,-521(x4)	  x4:0x80008f25  x3=0x80b468f4 PA:0x80008d1c
        2415000	       240	8000014c	f9f20783	lb	x15,-97(x4)	  x4:0x80008f25 x15=0xffffff83 PA:0x80008ec4
        2425000	       241	80000150	018aec33	or	x24,x21,x24	 x21:0x80000699 x24:0x9acc777e x24=0x9acc77ff
        2435000	       242	80000154	0b024883	lbu	x17,176(x4)	  x4:0x80008f25 x17=0x00000085 PA:0x80008fd5
        2445000	       243	80000158	41358bb3	sub	x23,x11,x19	 x11:0x9acc771c x19:0x00000001 x23=0x9acc771b
        2455000	       244	8000015c	4067d593	srai	x11,x15,0x6	 x15:0xffffff83 x11=0xfffffffe
        2465000	       245	80000160	a5220b23	sb	x18,-1450(x4)	  x4:0x80008f25 x18:0xfffffffd PA:0x8000897b
        2475000	       246	80000164	014a0533	add	x10,x20,x20	 x20:0x00000004 x20:0x00000004 x10=0x00000008
        2485000	       247	80000168	96c212a3	sh	x12,-1691(x4)	  x4:0x80008f25 x12:0x80009f84 PA:0x8000888a
        2495000	       248	8000016c	0ab00113	addi	x2,x0,171	  x0:0x00000000  x2=0x000000ab
        2505000	       249	80000170	01211b13	slli	x22,x2,0x12	  x2:0x000000ab x22=0x02ac0000
        2515000	       250	80000174	41c155b3	sra	x11,x2,x28	  x2:0x000000ab x28:0x00000000 x11=0x000000ab
        2525000	       251	80000178	858d2417	auipc	x8,0x858d2	  x8=0x058d2174
        2535000	       252	8000017c	91724f83	lbu	x31,-1769(x4)	  x4:0x80008f25 x31=0x000000e8 PA:0x8000883c
        2545000	       253	80000180	d6424d03	lbu	x26,-668(x4)	  x4:0x80008f25 x26=0x000000cb PA:0x80008c89
        2555000	       254	80000184	0176f333	and	x6,x13,x23	 x13:0x000000bf x23:0x9acc771b  x6=0x0000001b
        2565000	       255	80000188	b19227a3	sw	x25,-1265(x4)	  x4:0x80008f25 x25:0x80009fc4 PA:0x80008a34
        2575000	       256	8000018c	f5388113	addi	x2,x17,-173	 x17:0x00000085  x2=0xffffffd8
        2585000	       257	80000190	9f525983	lhu	x19,-1547(x4)	  x4:0x80008f25 x19=0x0000071a PA:0x8000891a
        2595000	       258	80000194	40dd5713	srai	x14,x26,0xd	 x26:0x000000cb x14=0x00000000
        2605000	       259	80000198	e4c204a3	sb	x12,-439(x4)	  x4:0x80008f25 x12:0x80009f84 PA:0x80008d6e
        2615000	       260	8000019c	41b15793	srai	x15,x2,0x1b	  x2:0xffffffd8 x15=0xffffffff
        2625000	       261	800001a0	bdd24d83	lbu	x27,-1059(x4)	  x4:0x80008f25 x27=0x000000a3 PA:0x80008b02
        2635000	       262	800001a4	c9a20523	sb	x26,-886(x4)	  x4:0x80008f25 x26:0x000000cb PA:0x80008baf
        2645000	       263	800001a8	01f2c0b3	xor	x1,x5,x31	  x5:0x5835ffb6 x31:0x000000e8  x1=0x5835ff5e
        2655000	       264	800001ac	08121683	lh	x13,129(x4)	  x4:0x80008f25 x13=0x00001f86 PA:0x80008fa6
        2665000	       265	800001b0	099202a3	sb	x25,133(x4)	  x4:0x80008f25 x25:0x80009fc4 PA:0x80008faa
        2675000	       266	800001b4	01de9f93	slli	x31,x29,0x1d	 x29:0x00000001 x31=0x20000000
        2685000	       267	800001b8	b0d20623	sb	x13,-1268(x4)	  x4:0x80008f25 x13:0x00001f86 PA:0x80008a31
        2695000	       268	800001bc	de524903	lbu	x18,-539(x4)	  x4:0x80008f25 x18=0x000000de PA:0x80008d0a
        2705000	       269	800001c0	ebe24f83	lbu	x31,-322(x4)	  x4:0x80008f25 x31=0x000000e1 PA:0x80008de3
        2715000	       270	800001c4	97520ea3	sb	x21,-1667(x4)	  x4:0x80008f25 x21:0x80000699 PA:0x800088a2
        2725000	       271	800001c8	01122533	slt	x10,x4,x17	  x4:0x80008f25 x17:0x00000085 x10=0x00000001
        2735000	       272	800001cc	ffe20883	lb	x17,-2(x4)	  x4:0x80008f25 x17=0xffffffac PA:0x80008f23
        2745000	       273	800001d0	e8a20403	lb	x8,-374(x4)	  x4:0x80008f25  x8=0xffffffbd PA:0x80008daf
        2755000	       274	800001d4	40ab0bb3	sub	x23,x22,x10	 x22:0x02ac0000 x10:0x00000001 x23=0x02abffff
        2765000	       275	800001d8	d9f25483	lhu	x9,-609(x4)	  x4:0x80008f25  x9=0x00000d62 PA:0x80008cc4
        2775000	       276	800001dc	f4824703	lbu	x14,-184(x4)	  x4:0x80008f25 x14=0x000000ec PA:0x80008e6d
        2785000	       277	800001e0	f0320023	sb	x3,-256(x4)	  x4:0x80008f25  x3:0x80b468f4 PA:0x80008e25
        2795000	       278	800001e4	f0c212a3	sh	x12,-251(x4)	  x4:0x80008f25 x12:0x80009f84 PA:0x80008e2a
        2805000	       279	800001e8	c0e24783	lbu	x15,-1010(x4)	  x4:0x80008f25 x15=0x000000fa PA:0x80008b33
        2815000	       280	800001ec	c2b22d03	lw	x26,-981(x4)	  x4:0x80008f25 x26=0xec92fbe2 PA:0x80008b50
        2825000	       281	800001f0	304f0b13	addi	x22,x30,772	 x30:0x00000000 x22=0x00000304
        2835000	       282	800001f4	25f6b593	sltiu	x11,x13,607	 x13:0x00001f86 x11=0x00000000
        2845000	       283	800001f8	ac024783	lbu	x15,-1344(x4)	  x4:0x80008f25 x15=0x00000088 PA:0x800089e5
        2855000	       284	800001fc	a8c24383	lbu	x7,-1396(x4)	  x4:0x80008f25  x7=0x00000066 PA:0x800089b1
        2865000	       285	80000200	40e65db3	sra	x27,x12,x14	 x12:0x80009f84 x14:0x000000ec x27=0xfff80009
        2875000	       286	80000204	067201a3	sb	x7,99(x4)	  x4:0x80008f25  x7:0x00000066 PA:0x80008f88
        2885000	       287	80000208	735250b7	lui	x1,0x73525	  x1=0x73525000
        2895000	       288	8000020c	c6125883	lhu	x17,-927(x4)	  x4:0x80008f25 x17=0x0000d7a7 PA:0x80008b86
        2905000	       289	80000210	00008697	auipc	x13,0x8	 x13=0x8000820c
        2915000	       290	80000214	16368693	addi	x13,x13,355	 x13:0x8000820c x13=0x8000836f
        2925000	       291	80000218	fd66c983	lbu	x19,-42(x13)	 x13:0x8000836f x19=0x000000f8 PA:0x80008345
        2935000	       292	8000021c	fe569983	lh	x19,-27(x13)	 x13:0x8000836f x19=0xfffffd76 PA:0x80008354
        2945000	       293	80000220	00008097	auipc	x1,0x8	  x1=0x8000821c
        2955000	       294	80000224	20308093	addi	x1,x1,515	  x1:0x8000821c  x1=0x8000841f
        2965000	       295	80000228	03b6cf83	lbu	x31,59(x13)	 x13:0x8000836f x31=0x00000005 PA:0x800083aa
        2975000	       296	8000022c	f320cb83	lbu	x23,-206(x1)	  x1:0x8000841f x23=0x00000010 PA:0x80008351
        2985000	       297	80000230	34a0ce03	lbu	x28,842(x1)	  x1:0x8000841f x28=0x00000062 PA:0x80008769
        2995000	       298	80000234	03e6c303	lbu	x6,62(x13)	 x13:0x8000836f  x6=0x00000063 PA:0x800083ad
        3005000	       299	80000238	d6208223	sb	x2,-668(x1)	  x1:0x8000841f  x2:0xffffffd8 PA:0x80008183
        3015000	       300	8000023c	fe56cf83	lbu	x31,-27(x13)	 x13:0x8000836f x31=0x00000076 PA:0x80008354
        3025000	       301	80000240	00f6d583	lhu	x11,15(x13)	 x13:0x8000836f x11=0x0000f6a2 PA:0x8000837e
        3035000	       302	80000244	cba0c383	lbu	x7,-838(x1)	  x1:0x8000841f  x7=0x000000bb PA:0x800080d9
        3045000	       303	80000248	00168323	sb	x1,6(x13)	 x13:0x8000836f  x1:0x8000841f PA:0x80008375
        3055000	       304	8000024c	0026c803	lbu	x16,2(x13)	 x13:0x8000836f x16=0x0000003a PA:0x80008371
        3065000	       305	80000250	f3408983	lb	x19,-204(x1)	  x1:0x8000841f x19=0xffffff9f PA:0x80008353
        3075000	       306	80000254	00f6cb03	lbu	x22,15(x13)	 x13:0x8000836f x22=0x000000a2 PA:0x8000837e
        3085000	       307	80000258	d5f0d183	lhu	x3,-673(x1)	  x1:0x8000841f  x3=0x000092cf PA:0x8000817e
        3095000	       308	8000025c	00008817	auipc	x16,0x8	 x16=0x80008258
        3105000	       309	80000260	6b480813	addi	x16,x16,1716	 x16:0x80008258 x16=0x8000890c
        3115000	       310	80000264	40835d33	sra	x26,x6,x8	  x6:0x00000063  x8:0xffffffbd x26=0x00000000
        3125000	       311	80000268	f4082223	sw	x0,-188(x16)	 x16:0x8000890c  x0:0x00000000 PA:0x80008850
        3135000	       312	8000026c	c33e8113	addi	x2,x29,-973	 x29:0x00000001  x2=0xfffffc34
        3145000	       313	80000270	f4482583	lw	x11,-188(x16)	 x16:0x8000890c x11=0x00000000 PA:0x80008850
        3155000	       314	80000274	01e80323	sb	x30,6(x16)	 x16:0x8000890c x30:0x00000000 PA:0x80008912
        3165000	       315	80000278	01c80323	sb	x28,6(x16)	 x16:0x8000890c x28:0x00000062 PA:0x80008912
        3175000	       316	8000027c	84e28b13	addi	x22,x5,-1970	  x5:0x5835ffb6 x22=0x5835f804
        3185000	       317	80000280	00c8c133	xor	x2,x17,x12	 x17:0x0000d7a7 x12:0x80009f84  x2=0x80004823
        3195000	       318	80000284	02282c23	sw	x2,56(x16)	 x16:0x8000890c  x2:0x80004823 PA:0x80008944
        3205000	       319	80000288	02481b03	lh	x22,36(x16)	 x16:0x8000890c x22=0x00004398 PA:0x80008930
        3215000	       320	8000028c	098e8117	auipc	x2,0x98e8	  x2=0x898e8288
        3225000	       321	80000290	f7580903	lb	x18,-139(x16)	 x16:0x8000890c x18=0x00000066 PA:0x80008881
        3235000	       322	80000294	417b58b3	sra	x17,x22,x23	 x22:0x00004398 x23:0x00000010 x17=0x00000000
        3245000	       323	80000298	f7584d03	lbu	x26,-139(x16)	 x16:0x8000890c x26=0x00000066 PA:0x80008881
        3255000	       324	8000029c	f7584203	lbu	x4,-139(x16)	 x16:0x8000890c  x4=0x00000066 PA:0x80008881
        3265000	       325	800002a0	f7281183	lh	x3,-142(x16)	 x16:0x8000890c  x3=0x00007811 PA:0x8000887e
        3275000	       326	800002a4	f7281203	lh	x4,-142(x16)	 x16:0x8000890c  x4=0x00007811 PA:0x8000887e
        3285000	       327	800002a8	40845b33	sra	x22,x8,x8	  x8:0xffffffbd  x8:0xffffffbd x22=0xffffffff
        3295000	       328	800002ac	f6281923	sh	x2,-142(x16)	 x16:0x8000890c  x2:0x898e8288 PA:0x8000887e
        3305000	       329	800002b0	01dcd033	srl	x0,x25,x29	 x25:0x80009fc4 x29:0x00000001
        3315000	       330	800002b4	c5188493	addi	x9,x17,-943	 x17:0x00000000  x9=0xfffffc51
        3325000	       331	800002b8	40da08b3	sub	x17,x20,x13	 x20:0x00000004 x13:0x8000836f x17=0x7fff7c95
        3335000	       332	800002bc	008ed3b3	srl	x7,x29,x8	 x29:0x00000001  x8:0xffffffbd  x7=0x00000000
        3345000	       333	800002c0	53678693	addi	x13,x15,1334	 x15:0x00000088 x13=0x000005be
        3355000	       334	800002c4	018bb1b3	sltu	x3,x23,x24	 x23:0x00000010 x24:0x9acc77ff  x3=0x00000001
        3365000	       335	800002c8	0002b433	sltu	x8,x5,x0	  x5:0x5835ffb6  x0:0x00000000  x8=0x00000000
        3375000	       336	800002cc	8807b493	sltiu	x9,x15,-1920	 x15:0x00000088  x9=0x00000001
        3385000	       337	800002d0	0671f263	bgeu	x3,x7,80000334	  x3:0x00000001  x7:0x00000000
        3395000	       338	00000000	00000013	addi	x0,x0,0	  x0:0x00000000
        3405000	       339	80000330	00000013	addi	x0,x0,0	  x0:0x00000000
        3415000	       340	80000334	015a5913	srli	x18,x20,0x15	 x20:0x00000004 x18=0x00000000
        3425000	       341	80000338	00000013	addi	x0,x0,0	  x0:0x00000000
        3435000	       342	8000033c	05e66863	bltu	x12,x30,8000038c	 x12:0x80009f84 x30:0x00000000
        3445000	       343	80000340	4018d293	srai	x5,x17,0x1	 x17:0x7fff7c95  x5=0x3fffbe4a
        3455000	       344	80000344	40f08233	sub	x4,x1,x15	  x1:0x8000841f x15:0x00000088  x4=0x80008397
        3465000	       345	80000348	02fd1e63	bne	x26,x15,80000384	 x26:0x00000066 x15:0x00000088
        3475000	       346	00000000	00000013	addi	x0,x0,0	  x0:0x00000000
        3485000	       347	80000380	00000013	addi	x0,x0,0	  x0:0x00000000
        3495000	       348	80000384	00000013	addi	x0,x0,0	  x0:0x00000000
        3505000	       349	80000388	00c74233	xor	x4,x14,x12	 x14:0x000000ec x12:0x80009f84  x4=0x80009f68
        3515000	       350	8000038c	01d45013	srli	x0,x8,0x1d	  x8:0x00000000
        3525000	       351	80000390	27913297	auipc	x5,0x27913	  x5=0xa791338c
        3535000	       352	80000394	006bb1b3	sltu	x3,x23,x6	 x23:0x00000010  x6:0x00000063  x3=0x00000001
        3545000	       353	80000398	ff7f8213	addi	x4,x31,-9	 x31:0x00000076  x4=0x0000006d
        3555000	       354	8000039c	045b6063	bltu	x22,x5,800003dc	 x22:0xffffffff  x5:0xa791338c
        3565000	       355	800003a0	00000013	addi	x0,x0,0	  x0:0x00000000
        3575000	       356	800003a4	40bf00b3	sub	x1,x30,x11	 x30:0x00000000 x11:0x00000000  x1=0x00000000
        3585000	       357	800003a8	2cf7a193	slti	x3,x15,719	 x15:0x00000088  x3=0x00000001
        3595000	       358	800003ac	01a662b3	or	x5,x12,x26	 x12:0x80009f84 x26:0x00000066  x5=0x80009fe6
        3605000	       359	800003b0	54660c13	addi	x24,x12,1350	 x12:0x80009f84 x24=0x8000a4ca
        3615000	       360	800003b4	03b97463	bgeu	x18,x27,800003dc	 x18:0x00000000 x27:0xfff80009
        3625000	       361	800003b8	007a5863	bge	x20,x7,800003c8	 x20:0x00000004  x7:0x00000000
        3635000	       362	00000000	00000013	addi	x0,x0,0	  x0:0x00000000
        3645000	       363	800003c4	00000013	addi	x0,x0,0	  x0:0x00000000
        3655000	       364	800003c8	00a32933	slt	x18,x6,x10	  x6:0x00000063 x10:0x00000001 x18=0x00000000
        3665000	       365	800003cc	00ad07b3	add	x15,x26,x10	 x26:0x00000066 x10:0x00000001 x15=0x00000067
        3675000	       366	800003d0	0050dfb3	srl	x31,x1,x5	  x1:0x00000000  x5:0x80009fe6 x31=0x00000000
        3685000	       367	800003d4	01c54863	blt	x10,x28,800003e4	 x10:0x00000001 x28:0x00000062
        3695000	       368	00000000	00000013	addi	x0,x0,0	  x0:0x00000000
        3705000	       369	800003e0	00000013	addi	x0,x0,0	  x0:0x00000000
        3715000	       370	800003e4	03a40863	beq	x8,x26,80000414	  x8:0x00000000 x26:0x00000066
        3725000	       371	800003e8	41ac5413	srai	x8,x24,0x1a	 x24:0x8000a4ca  x8=0xffffffe0
        3735000	       372	800003ec	a15f6393	ori	x7,x30,-1515	 x30:0x00000000  x7=0xfffffa15
        3745000	       373	800003f0	025e6063	bltu	x28,x5,80000410	 x28:0x00000062  x5:0x80009fe6
        3755000	       374	00000000	00000013	addi	x0,x0,0	  x0:0x00000000
        3765000	       375	8000040c	00000013	addi	x0,x0,0	  x0:0x00000000
        3775000	       376	80000410	0148dc63	bge	x17,x20,80000428	 x17:0x7fff7c95 x20:0x00000004
        3785000	       377	00000000	00000013	addi	x0,x0,0	  x0:0x00000000
        3795000	       378	80000424	00000013	addi	x0,x0,0	  x0:0x00000000
        3805000	       379	80000428	04626663	bltu	x4,x6,80000474	  x4:0x0000006d  x6:0x00000063
        3815000	       380	8000042c	00000013	addi	x0,x0,0	  x0:0x00000000
        3825000	       381	80000430	00ea4463	blt	x20,x14,80000438	 x20:0x00000004 x14:0x000000ec
        3835000	       382	00000000	00000013	addi	x0,x0,0	  x0:0x00000000
        3845000	       383	80000434	00000013	addi	x0,x0,0	  x0:0x00000000
        3855000	       384	80000438	4097d393	srai	x7,x15,0x9	 x15:0x00000067  x7=0x00000000
        3865000	       385	8000043c	19ce2513	slti	x10,x28,412	 x28:0x00000062 x10=0x00000001
        3875000	       386	80000440	4aa28413	addi	x8,x5,1194	  x5:0x80009fe6  x8=0x8000a490
        3885000	       387	80000444	ebd6a193	slti	x3,x13,-323	 x13:0x000005be  x3=0x00000000
        3895000	       388	80000448	01fcc463	blt	x25,x31,80000450	 x25:0x80009fc4 x31:0x00000000
        3905000	       389	00000000	00000013	addi	x0,x0,0	  x0:0x00000000
        3915000	       390	8000044c	00000013	addi	x0,x0,0	  x0:0x00000000
        3925000	       391	80000450	01dfcfb3	xor	x31,x31,x29	 x31:0x00000000 x29:0x00000001 x31=0x00000001
        3935000	       392	80000454	03cc7c63	bgeu	x24,x28,8000048c	 x24:0x8000a4ca x28:0x00000062
        3945000	       393	00000000	00000013	addi	x0,x0,0	  x0:0x00000000
        3955000	       394	80000488	00000013	addi	x0,x0,0	  x0:0x00000000
        3965000	       395	8000048c	3036c393	xori	x7,x13,771	 x13:0x000005be  x7=0x000006bd
        3975000	       396	80000490	e4307313	andi	x6,x0,-445	  x0:0x00000000  x6=0x00000000
        3985000	       397	80000494	00000a17	auipc	x20,0x0	 x20=0x80000490
        3995000	       398	80000498	00ca0a13	addi	x20,x20,12	 x20:0x80000490 x20=0x8000049c
        4005000	       399	8000049c	000a0067	jalr	x0,x20,0	 x20:0x8000049c
        4015000	       400	00000000	00000013	addi	x0,x0,0	  x0:0x00000000
        4025000	       401	8000049c	00000013	addi	x0,x0,0	  x0:0x00000000
        4035000	       402	800004a0	00100193	addi	x3,x0,1	  x0:0x00000000  x3=0x00000001
        4045000	       403	800004a4	00000073	ecall	
        4055000	       404	800004a8	fe060613	addi	x12,x12,-32	 x12:0x80009f84 x12=0x80009f64
