		Time			Cycle	PC		Insn	Decoded instruction	Register and memory contents
          65000	         5	80000004	00000293	addi	x5,x0,0	  x0:0x00000000  x5=0x00000000
          75000	         6	80000008	00000313	addi	x6,x0,0	  x0:0x00000000  x6=0x00000000
          85000	         7	8000000c	00628263	beq	x5,x6,80000010	  x5:0x00000000  x6:0x00000000
          95000	         8	00000000	00000013	addi	x0,x0,0	  x0:0x00000000
         105000	         9	8000000c	00000013	addi	x0,x0,0	  x0:0x00000000
         115000	        10	80000010	00000d97	auipc	x27,0x0	 x27=0x8000000c
         125000	        11	80000014	00cd8d93	addi	x27,x27,12	 x27:0x8000000c x27=0x80000018
         135000	        12	80000018	000d8067	jalr	x0,x27,0	 x27:0x80000018
         145000	        13	00000000	00000013	addi	x0,x0,0	  x0:0x00000000
         155000	        14	80000018	00000013	addi	x0,x0,0	  x0:0x00000000
         165000	        15	8000001c	40000e37	lui	x28,0x40000	 x28=0x40000000
         175000	        16	80000020	100e0e13	addi	x28,x28,256	 x28:0x40000000 x28=0x40000100
         185000	        17	80000024	00000013	addi	x0,x0,0	  x0:0x00000000
         195000	        18	80000028	0000a817	auipc	x16,0xa	 x16=0x8000a024
         205000	        19	8000002c	fa080813	addi	x16,x16,-96	 x16:0x8000a024 x16=0x80009fc4
         215000	        20	80000030	00002e17	auipc	x28,0x2	 x28=0x8000202c
         225000	        21	80000034	df0e0e13	addi	x28,x28,-528	 x28:0x8000202c x28=0x80001e1c
         235000	        22	80000038	000e6e13	ori	x28,x28,0	 x28:0x80001e1c x28=0x80001e1c
         245000	        23	8000003c	00000013	addi	x0,x0,0	  x0:0x00000000
         255000	        24	80000040	00000e17	auipc	x28,0x0	 x28=0x8000003c
         265000	        25	80000044	020e0e13	addi	x28,x28,32	 x28:0x8000003c x28=0x8000005c
         275000	        26	80000048	00000013	addi	x0,x0,0	  x0:0x00000000
         285000	        27	8000004c	00000013	addi	x0,x0,0	  x0:0x00000000
         295000	        28	80000050	00002e37	lui	x28,0x2	 x28=0x00002000
         305000	        29	80000054	800e0e13	addi	x28,x28,-2048	 x28:0x00002000 x28=0x00001800
         315000	        30	80000058	00000013	addi	x0,x0,0	  x0:0x00000000
         325000	        31	8000005c	00000013	addi	x0,x0,0	  x0:0x00000000
         335000	        32	80000060	00000013	addi	x0,x0,0	  x0:0x00000000
         345000	        33	80000064	f16e00b7	lui	x1,0xf16e0	  x1=0xf16e0000
         355000	        34	80000068	ed508093	addi	x1,x1,-299	  x1:0xf16e0000  x1=0xf16dfed5
         365000	        35	8000006c	80000137	lui	x2,0x80000	  x2=0x80000000
         375000	        36	80000070	00000193	addi	x3,x0,0	  x0:0x00000000  x3=0x00000000
         385000	        37	80000074	a74b8237	lui	x4,0xa74b8	  x4=0xa74b8000
         395000	        38	80000078	bc520213	addi	x4,x4,-1083	  x4:0xa74b8000  x4=0xa74b7bc5
         405000	        39	8000007c	f45c12b7	lui	x5,0xf45c1	  x5=0xf45c1000
         415000	        40	80000080	a3328293	addi	x5,x5,-1485	  x5:0xf45c1000  x5=0xf45c0a33
         425000	        41	80000084	00000313	addi	x6,x0,0	  x0:0x00000000  x6=0x00000000
         435000	        42	80000088	380473b7	lui	x7,0x38047	  x7=0x38047000
         445000	        43	8000008c	90438393	addi	x7,x7,-1788	  x7:0x38047000  x7=0x38046904
         455000	        44	80000090	00000413	addi	x8,x0,0	  x0:0x00000000  x8=0x00000000
         465000	        45	80000094	feee34b7	lui	x9,0xfeee3	  x9=0xfeee3000
         475000	        46	80000098	e1b48493	addi	x9,x9,-485	  x9:0xfeee3000  x9=0xfeee2e1b
         485000	        47	8000009c	f06e1537	lui	x10,0xf06e1	 x10=0xf06e1000
         495000	        48	800000a0	6b650513	addi	x10,x10,1718	 x10:0xf06e1000 x10=0xf06e16b6
         505000	        49	800000a4	6bb485b7	lui	x11,0x6bb48	 x11=0x6bb48000
         515000	        50	800000a8	f3558593	addi	x11,x11,-203	 x11:0x6bb48000 x11=0x6bb47f35
         525000	        51	800000ac	976a16b7	lui	x13,0x976a1	 x13=0x976a1000
         535000	        52	800000b0	cb968693	addi	x13,x13,-839	 x13:0x976a1000 x13=0x976a0cb9
         545000	        53	800000b4	f28f4737	lui	x14,0xf28f4	 x14=0xf28f4000
         555000	        54	800000b8	aa670713	addi	x14,x14,-1370	 x14:0xf28f4000 x14=0xf28f3aa6
         565000	        55	800000bc	00000793	addi	x15,x0,0	  x0:0x00000000 x15=0x00000000
         575000	        56	800000c0	438b08b7	lui	x17,0x438b0	 x17=0x438b0000
         585000	        57	800000c4	5a688893	addi	x17,x17,1446	 x17:0x438b0000 x17=0x438b05a6
         595000	        58	800000c8	00000913	addi	x18,x0,0	  x0:0x00000000 x18=0x00000000
         605000	        59	800000cc	00000993	addi	x19,x0,0	  x0:0x00000000 x19=0x00000000
         615000	        60	800000d0	fdfa7a37	lui	x20,0xfdfa7	 x20=0xfdfa7000
         625000	        61	800000d4	465a0a13	addi	x20,x20,1125	 x20:0xfdfa7000 x20=0xfdfa7465
         635000	        62	800000d8	80000ab7	lui	x21,0x80000	 x21=0x80000000
         645000	        63	800000dc	f4f2eb37	lui	x22,0xf4f2e	 x22=0xf4f2e000
         655000	        64	800000e0	ea4b0b13	addi	x22,x22,-348	 x22:0xf4f2e000 x22=0xf4f2dea4
         665000	        65	800000e4	80000bb7	lui	x23,0x80000	 x23=0x80000000
         675000	        66	800000e8	fa644c37	lui	x24,0xfa644	 x24=0xfa644000
         685000	        67	800000ec	f07c0c13	addi	x24,x24,-249	 x24:0xfa644000 x24=0xfa643f07
         695000	        68	800000f0	00000c93	addi	x25,x0,0	  x0:0x00000000 x25=0x00000000
         705000	        69	800000f4	ffe85d37	lui	x26,0xffe85	 x26=0xffe85000
         715000	        70	800000f8	a09d0d13	addi	x26,x26,-1527	 x26:0xffe85000 x26=0xffe84a09
         725000	        71	800000fc	00500d93	addi	x27,x0,5	  x0:0x00000000 x27=0x00000005
         735000	        72	80000100	00300e13	addi	x28,x0,3	  x0:0x00000000 x28=0x00000003
         745000	        73	80000104	f59b3eb7	lui	x29,0xf59b3	 x29=0xf59b3000
         755000	        74	80000108	82ce8e93	addi	x29,x29,-2004	 x29:0xf59b3000 x29=0xf59b282c
         765000	        75	8000010c	30cf4f37	lui	x30,0x30cf4	 x30=0x30cf4000
         775000	        76	80000110	934f0f13	addi	x30,x30,-1740	 x30:0x30cf4000 x30=0x30cf3934
         785000	        77	80000114	f2842fb7	lui	x31,0xf2842	 x31=0xf2842000
         795000	        78	80000118	281f8f93	addi	x31,x31,641	 x31:0xf2842000 x31=0xf2842281
         805000	        79	8000011c	0000a617	auipc	x12,0xa	 x12=0x8000a118
         815000	        80	80000120	e6c60613	addi	x12,x12,-404	 x12:0x8000a118 x12=0x80009f84
         825000	        81	80000124	002f7c33	and	x24,x30,x2	 x30:0x30cf3934  x2:0x80000000 x24=0x00000000
         835000	        82	80000128	00000e97	auipc	x29,0x0	 x29=0x80000124
         845000	        83	8000012c	7b8e8e93	addi	x29,x29,1976	 x29:0x80000124 x29=0x800008dc
         855000	        84	80000130	0157d213	srli	x4,x15,0x15	 x15:0x00000000  x4=0x00000000
         865000	        85	80000134	2c5e8e93	addi	x29,x29,709	 x29:0x800008dc x29=0x80000ba1
         875000	        86	80000138	00000013	addi	x0,x0,0	  x0:0x00000000
         885000	        87	8000013c	400f5b13	srai	x22,x30,0x0	 x30:0x30cf3934 x22=0x30cf3934
         895000	        88	80000140	009d0663	beq	x26,x9,8000014c	 x26:0xffe84a09  x9:0xfeee2e1b
         905000	        89	80000144	754f4513	xori	x10,x30,1876	 x30:0x30cf3934 x10=0x30cf3e60
         915000	        90	80000148	00000013	addi	x0,x0,0	  x0:0x00000000
         925000	        91	8000014c	d3ce80e7	jalr	x1,x29,-708	 x29:0x80000ba1  x1=0x8000014c
         935000	        92	00000000	00000013	addi	x0,x0,0	  x0:0x00000000
         945000	        93	800008dc	00000013	addi	x0,x0,0	  x0:0x00000000
         955000	        94	800008e0	24be4f13	xori	x30,x28,587	 x28:0x00000003 x30=0x00000248
         965000	        95	800008e4	00633533	sltu	x10,x6,x6	  x6:0x00000000  x6:0x00000000 x10=0x00000000
         975000	        96	800008e8	018d9413	slli	x8,x27,0x18	 x27:0x00000005  x8=0x05000000
         985000	        97	800008ec	00000013	addi	x0,x0,0	  x0:0x00000000
         995000	        98	800008f0	4091d393	srai	x7,x3,0x9	  x3:0x00000000  x7=0x00000000
        1005000	        99	800008f4	b92cbc13	sltiu	x24,x25,-1134	 x25:0x00000000 x24=0x00000001
        1015000	       100	800008f8	ff060613	addi	x12,x12,-16	 x12:0x80009f84 x12=0x80009f74
        1025000	       101	800008fc	006b3133	sltu	x2,x22,x6	 x22:0x30cf3934  x6:0x00000000  x2=0x00000000
        1035000	       102	80000900	00162223	sw	x1,4(x12)	 x12:0x80009f74  x1:0x8000014c PA:0x80009f78
        1045000	       103	80000904	015309b3	add	x19,x6,x21	  x6:0x00000000 x21:0x80000000 x19=0x80000000
        1055000	       104	80000908	00007217	auipc	x4,0x7	  x4=0x80007904
        1065000	       105	8000090c	7e820213	addi	x4,x4,2024	  x4:0x80007904  x4=0x800080ec
        1075000	       106	80000910	ff822e83	lw	x29,-8(x4)	  x4:0x800080ec x29=0x9c9d9e9f PA:0x800080e4
        1085000	       107	80000914	02c24103	lbu	x2,44(x4)	  x4:0x800080ec  x2=0x000000d3 PA:0x80008118
        1095000	       108	80000918	00008417	auipc	x8,0x8	  x8=0x80008914
        1105000	       109	8000091c	a0140413	addi	x8,x8,-1535	  x8:0x80008914  x8=0x80008315
        1115000	       110	80000920	fe920823	sb	x9,-16(x4)	  x4:0x800080ec  x9:0xfeee2e1b PA:0x800080dc
        1125000	       111	80000924	fe240123	sb	x2,-30(x8)	  x8:0x80008315  x2:0x000000d3 PA:0x800082f7
        1135000	       112	80000928	0b342f03	lw	x30,179(x8)	  x8:0x80008315 x30=0x80818283 PA:0x800083c8
        1145000	       113	8000092c	01121723	sh	x17,14(x4)	  x4:0x800080ec x17:0x438b05a6 PA:0x800080fa
        1155000	       114	80000930	f9744883	lbu	x17,-105(x8)	  x8:0x80008315 x17=0x00000067 PA:0x800082ac
        1165000	       115	80000934	03824e03	lbu	x28,56(x4)	  x4:0x800080ec x28=0x000000df PA:0x80008124
        1175000	       116	80000938	ffa40e83	lb	x29,-6(x8)	  x8:0x80008315 x29=0xffffffc4 PA:0x8000830f
        1185000	       117	8000093c	fe421423	sh	x4,-24(x4)	  x4:0x800080ec  x4:0x800080ec PA:0x800080d4
        1195000	       118	80000940	06b425a3	sw	x11,107(x8)	  x8:0x80008315 x11:0x6bb47f35 PA:0x80008380
        1205000	       119	80000944	fdb24a03	lbu	x20,-37(x4)	  x4:0x800080ec x20=0x0000007c PA:0x800080c7
        1215000	       120	80000948	00020823	sb	x0,16(x4)	  x4:0x800080ec  x0:0x00000000 PA:0x800080fc
        1225000	       121	8000094c	02320283	lb	x5,35(x4)	  x4:0x800080ec  x5=0xffffffc4 PA:0x8000810f
        1235000	       122	80000950	061413a3	sh	x1,103(x8)	  x8:0x80008315  x1:0x8000014c PA:0x8000837c
        1245000	       123	80000954	02620ca3	sb	x6,57(x4)	  x4:0x800080ec  x6:0x00000000 PA:0x80008125
        1255000	       124	80000958	00008c97	auipc	x25,0x8	 x25=0x80008954
        1265000	       125	8000095c	f7ec8c93	addi	x25,x25,-130	 x25:0x80008954 x25=0x800088d2
        1275000	       126	80000960	01cc9a83	lh	x21,28(x25)	 x25:0x800088d2 x21=0xffffd4d5 PA:0x800088ee
        1285000	       127	80000964	01cc8d03	lb	x26,28(x25)	 x25:0x800088d2 x26=0xffffffd5 PA:0x800088ee
        1295000	       128	80000968	006441b3	xor	x3,x8,x6	  x8:0x80008315  x6:0x00000000  x3=0x80008315
        1305000	       129	8000096c	01ccc903	lbu	x18,28(x25)	 x25:0x800088d2 x18=0x000000d5 PA:0x800088ee
        1315000	       130	80000970	01dc8e23	sb	x29,28(x25)	 x25:0x800088d2 x29:0xffffffc4 PA:0x800088ee
        1325000	       131	80000974	01cc8883	lb	x17,28(x25)	 x25:0x800088d2 x17=0xffffffc4 PA:0x800088ee
        1335000	       132	80000978	01cccf83	lbu	x31,28(x25)	 x25:0x800088d2 x31=0x000000c4 PA:0x800088ee
        1345000	       133	8000097c	005c8e23	sb	x5,28(x25)	 x25:0x800088d2  x5:0xffffffc4 PA:0x800088ee
        1355000	       134	80000980	01cc9583	lh	x11,28(x25)	 x25:0x800088d2 x11=0xffffd4c4 PA:0x800088ee
        1365000	       135	80000984	00ee1733	sll	x14,x28,x14	 x28:0x000000df x14:0xf28f3aa6 x14=0x000037c0
        1375000	       136	80000988	41455913	srai	x18,x10,0x14	 x10:0x00000000 x18=0x00000000
        1385000	       137	8000098c	fc0c8ca3	sb	x0,-39(x25)	 x25:0x800088d2  x0:0x00000000 PA:0x800088ab
        1395000	       138	80000990	fd9cc283	lbu	x5,-39(x25)	 x25:0x800088d2  x5=0x00000000 PA:0x800088ab
        1405000	       139	80000994	fd9c8ca3	sb	x25,-39(x25)	 x25:0x800088d2 x25:0x800088d2 PA:0x800088ab
        1415000	       140	80000998	fc8c8ca3	sb	x8,-39(x25)	 x25:0x800088d2  x8:0x80008315 PA:0x800088ab
        1425000	       141	8000099c	00499e93	slli	x29,x19,0x4	 x19:0x80000000 x29=0x00000000
        1435000	       142	800009a0	41e7df13	srai	x30,x15,0x1e	 x15:0x00000000 x30=0x00000000
        1445000	       143	800009a4	fd9cc383	lbu	x7,-39(x25)	 x25:0x800088d2  x7=0x00000015 PA:0x800088ab
        1455000	       144	800009a8	01608233	add	x4,x1,x22	  x1:0x8000014c x22:0x30cf3934  x4=0xb0cf3a80
        1465000	       145	800009ac	fd6c8ca3	sb	x22,-39(x25)	 x25:0x800088d2 x22:0x30cf3934 PA:0x800088ab
        1475000	       146	800009b0	00008117	auipc	x2,0x8	  x2=0x800089ac
        1485000	       147	800009b4	44b10113	addi	x2,x2,1099	  x2:0x800089ac  x2=0x80008df7
        1495000	       148	800009b8	00e451b3	srl	x3,x8,x14	  x8:0x80008315 x14:0x000037c0  x3=0x80008315
        1505000	       149	800009bc	e6014f83	lbu	x31,-416(x2)	  x2:0x80008df7 x31=0x0000003c PA:0x80008c57
        1515000	       150	800009c0	e6010583	lb	x11,-416(x2)	  x2:0x80008df7 x11=0x0000003c PA:0x80008c57
        1525000	       151	800009c4	e6010283	lb	x5,-416(x2)	  x2:0x80008df7  x5=0x0000003c PA:0x80008c57
        1535000	       152	800009c8	00379d13	slli	x26,x15,0x3	 x15:0x00000000 x26=0x00000000
        1545000	       153	800009cc	e7610023	sb	x22,-416(x2)	  x2:0x80008df7 x22:0x30cf3934 PA:0x80008c57
        1555000	       154	800009d0	e4c53013	sltiu	x0,x10,-436	 x10:0x00000000
        1565000	       155	800009d4	e6014083	lbu	x1,-416(x2)	  x2:0x80008df7  x1=0x00000034 PA:0x80008c57
        1575000	       156	00000000	00000013	addi	x0,x0,0	  x0:0x00000000
        1585000	       157	800009d8	001598b3	sll	x17,x11,x1	 x11:0x0000003c  x1:0x00000034 x17=0x03c00000
        1595000	       158	800009dc	da814d03	lbu	x26,-600(x2)	  x2:0x80008df7 x26=0x00000084 PA:0x80008b9f
        1605000	       159	800009e0	da310423	sb	x3,-600(x2)	  x2:0x80008df7  x3:0x80008315 PA:0x80008b9f
        1615000	       160	800009e4	da814083	lbu	x1,-600(x2)	  x2:0x80008df7  x1=0x00000015 PA:0x80008b9f
        1625000	       161	800009e8	da810583	lb	x11,-600(x2)	  x2:0x80008df7 x11=0x00000015 PA:0x80008b9f
        1635000	       162	00000000	00000013	addi	x0,x0,0	  x0:0x00000000
        1645000	       163	800009ec	e2b14c83	lbu	x25,-469(x2)	  x2:0x80008df7 x25=0x00000009 PA:0x80008c22
        1655000	       164	800009f0	e2b11c83	lh	x25,-469(x2)	  x2:0x80008df7 x25=0x00000809 PA:0x80008c22
        1665000	       165	800009f4	e3c115a3	sh	x28,-469(x2)	  x2:0x80008df7 x28:0x000000df PA:0x80008c22
        1675000	       166	800009f8	e2b14c03	lbu	x24,-469(x2)	  x2:0x80008df7 x24=0x000000df PA:0x80008c22
        1685000	       167	800009fc	e2b11183	lh	x3,-469(x2)	  x2:0x80008df7  x3=0x000000df PA:0x80008c22
        1695000	       168	80000a00	e2b10e03	lb	x28,-469(x2)	  x2:0x80008df7 x28=0xffffffdf PA:0x80008c22
        1705000	       169	80000a04	e2b10f83	lb	x31,-469(x2)	  x2:0x80008df7 x31=0xffffffdf PA:0x80008c22
        1715000	       170	00000000	00000013	addi	x0,x0,0	  x0:0x00000000
        1725000	       171	80000a08	417f89b3	sub	x19,x31,x23	 x31:0xffffffdf x23:0x80000000 x19=0x7fffffdf
        1735000	       172	80000a0c	e2b11203	lh	x4,-469(x2)	  x2:0x80008df7  x4=0x000000df PA:0x80008c22
        1745000	       173	80000a10	b12e7d17	auipc	x26,0xb12e7	 x26=0x312e7a0c
        1755000	       174	80000a14	bbf11a03	lh	x20,-1089(x2)	  x2:0x80008df7 x20=0xffff9c9d PA:0x800089b6
        1765000	       175	80000a18	bbf11f03	lh	x30,-1089(x2)	  x2:0x80008df7 x30=0xffff9c9d PA:0x800089b6
        1775000	       176	80000a1c	00008a97	auipc	x21,0x8	 x21=0x80008a18
        1785000	       177	80000a20	271a8a93	addi	x21,x21,625	 x21:0x80008a18 x21=0x80008c89
        1795000	       178	80000a24	9c16e693	ori	x13,x13,-1599	 x13:0x976a0cb9 x13=0xfffffdf9
        1805000	       179	80000a28	00000013	addi	x0,x0,0	  x0:0x00000000
        1815000	       180	80000a2c	0073a433	slt	x8,x7,x7	  x7:0x00000015  x7:0x00000015  x8=0x00000000
        1825000	       181	80000a30	007a8583	lb	x11,7(x21)	 x21:0x80008c89 x11=0x0000007b PA:0x80008c90
        1835000	       182	80000a34	00daa3a3	sw	x13,7(x21)	 x21:0x80008c89 x13:0xfffffdf9 PA:0x80008c90
        1845000	       183	80000a38	00da8f03	lb	x30,13(x21)	 x21:0x80008c89 x30=0x0000007d PA:0x80008c96
        1855000	       184	80000a3c	003ad503	lhu	x10,3(x21)	 x21:0x80008c89 x10=0x00007677 PA:0x80008c8c
        1865000	       185	80000a40	00cac983	lbu	x19,12(x21)	 x21:0x80008c89 x19=0x0000007e PA:0x80008c95
        1875000	       186	80000a44	41e35193	srai	x3,x6,0x1e	  x6:0x00000000  x3=0x00000000
        1885000	       187	80000a48	00000013	addi	x0,x0,0	  x0:0x00000000
        1895000	       188	80000a4c	006ebf33	sltu	x30,x29,x6	 x29:0x00000000  x6:0x00000000 x30=0x00000000
        1905000	       189	80000a50	410309b3	sub	x19,x6,x16	  x6:0x00000000 x16:0x80009fc4 x19=0x7fff603c
        1915000	       190	80000a54	ff6ac983	lbu	x19,-10(x21)	 x21:0x80008c89 x19=0x00000064 PA:0x80008c7f
        1925000	       191	80000a58	00baa5a3	sw	x11,11(x21)	 x21:0x80008c89 x11:0x0000007b PA:0x80008c94
        1935000	       192	80000a5c	fe5a9da3	sh	x5,-5(x21)	 x21:0x80008c89  x5:0x0000003c PA:0x80008c84
        1945000	       193	80000a60	9e680b93	addi	x23,x16,-1562	 x16:0x80009fc4 x23=0x800099aa
        1955000	       194	80000a64	01231fb3	sll	x31,x6,x18	  x6:0x00000000 x18:0x00000000 x31=0x00000000
        1965000	       195	80000a68	014fc2b3	xor	x5,x31,x20	 x31:0x00000000 x20:0xffff9c9d  x5=0xffff9c9d
        1975000	       196	80000a6c	ffbad683	lhu	x13,-5(x21)	 x21:0x80008c89 x13=0x0000003c PA:0x80008c84
        1985000	       197	80000a70	ffca8083	lb	x1,-4(x21)	 x21:0x80008c89  x1=0x00000000 PA:0x80008c85
        1995000	       198	80000a74	007695b3	sll	x11,x13,x7	 x13:0x0000003c  x7:0x00000015 x11=0x07800000
        2005000	       199	80000a78	008a80a3	sb	x8,1(x21)	 x21:0x80008c89  x8:0x00000000 PA:0x80008c8a
        2015000	       200	80000a7c	ff3ad083	lhu	x1,-13(x21)	 x21:0x80008c89  x1=0x00006667 PA:0x80008c7c
        2025000	       201	00000000	00000013	addi	x0,x0,0	  x0:0x00000000
        2035000	       202	80000a80	40908b33	sub	x22,x1,x9	  x1:0x00006667  x9:0xfeee2e1b x22=0x0112384c
        2045000	       203	80000a84	ff9a9a03	lh	x20,-7(x21)	 x21:0x80008c89 x20=0x00006869 PA:0x80008c82
        2055000	       204	80000a88	40c15593	srai	x11,x2,0xc	  x2:0x80008df7 x11=0xfff80008
        2065000	       205	80000a8c	ffdac203	lbu	x4,-3(x21)	 x21:0x80008c89  x4=0x0000006d PA:0x80008c86
        2075000	       206	80000a90	01ea80a3	sb	x30,1(x21)	 x21:0x80008c89 x30:0x00000000 PA:0x80008c8a
        2085000	       207	80000a94	ff7a8aa3	sb	x23,-11(x21)	 x21:0x80008c89 x23:0x800099aa PA:0x80008c7e
        2095000	       208	80000a98	ff9ac883	lbu	x17,-7(x21)	 x21:0x80008c89 x17=0x00000069 PA:0x80008c82
        2105000	       209	80000a9c	01282b33	slt	x22,x16,x18	 x16:0x80009fc4 x18:0x00000000 x22=0x00000001
        2115000	       210	80000aa0	a2776b93	ori	x23,x14,-1497	 x14:0x000037c0 x23=0xffffffe7
        2125000	       211	80000aa4	003a8623	sb	x3,12(x21)	 x21:0x80008c89  x3:0x00000000 PA:0x80008c95
        2135000	       212	80000aa8	006ace83	lbu	x29,6(x21)	 x21:0x80008c89 x29=0x00000074 PA:0x80008c8f
        2145000	       213	80000aac	006ac503	lbu	x10,6(x21)	 x21:0x80008c89 x10=0x00000074 PA:0x80008c8f
        2155000	       214	80000ab0	4c69f413	andi	x8,x19,1222	 x19:0x00000064  x8=0x00000044
        2165000	       215	80000ab4	ffaacc83	lbu	x25,-6(x21)	 x21:0x80008c89 x25=0x00000068 PA:0x80008c83
        2175000	       216	00000000	00000013	addi	x0,x0,0	  x0:0x00000000
        2185000	       217	80000ab8	00fcacb3	slt	x25,x25,x15	 x25:0x00000068 x15:0x00000000 x25=0x00000000
        2195000	       218	80000abc	fe7a9ca3	sh	x7,-7(x21)	 x21:0x80008c89  x7:0x00000015 PA:0x80008c82
        2205000	       219	80000ac0	fe4a8f23	sb	x4,-2(x21)	 x21:0x80008c89  x4:0x0000006d PA:0x80008c87
        2215000	       220	80000ac4	42b45b37	lui	x22,0x42b45	 x22=0x42b45000
        2225000	       221	80000ac8	fffac483	lbu	x9,-1(x21)	 x21:0x80008c89  x9=0x00000073 PA:0x80008c88
        2235000	       222	80000acc	ff7aaba3	sw	x23,-9(x21)	 x21:0x80008c89 x23:0xffffffe7 PA:0x80008c80
        2245000	       223	80000ad0	005a9c03	lh	x24,5(x21)	 x21:0x80008c89 x24=0x00007475 PA:0x80008c8e
        2255000	       224	80000ad4	005ea233	slt	x4,x29,x5	 x29:0x00000074  x5:0xffff9c9d  x4=0x00000000
        2265000	       225	80000ad8	00ea8123	sb	x14,2(x21)	 x21:0x80008c89 x14:0x000037c0 PA:0x80008c8b
        2275000	       226	80000adc	ff4ac403	lbu	x8,-12(x21)	 x21:0x80008c89  x8=0x00000066 PA:0x80008c7d
        2285000	       227	80000ae0	00ea8483	lb	x9,14(x21)	 x21:0x80008c89  x9=0x00000000 PA:0x80008c97
        2295000	       228	80000ae4	00008a97	auipc	x21,0x8	 x21=0x80008ae0
        2305000	       229	80000ae8	093a8a93	addi	x21,x21,147	 x21:0x80008ae0 x21=0x80008b73
        2315000	       230	80000aec	00008197	auipc	x3,0x8	  x3=0x80008ae8
        2325000	       231	80000af0	29918193	addi	x3,x3,665	  x3:0x80008ae8  x3=0x80008d81
        2335000	       232	80000af4	00008f17	auipc	x30,0x8	 x30=0x80008af0
        2345000	       233	80000af8	e37f0f13	addi	x30,x30,-457	 x30:0x80008af0 x30=0x80008927
        2355000	       234	80000afc	00eac483	lbu	x9,14(x21)	 x21:0x80008b73  x9=0x0000006a PA:0x80008b81
        2365000	       235	80000b00	e4c18903	lb	x18,-436(x3)	  x3:0x80008d81 x18=0xffffffb6 PA:0x80008bcd
        2375000	       236	80000b04	063f0323	sb	x3,102(x30)	 x30:0x80008927  x3:0x80008d81 PA:0x8000898d
        2385000	       237	80000b08	00ba8383	lb	x7,11(x21)	 x21:0x80008b73  x7=0x00000065 PA:0x80008b7e
        2395000	       238	80000b0c	e681cb83	lbu	x23,-408(x3)	  x3:0x80008d81 x23=0x000000d2 PA:0x80008be9
        2405000	       239	80000b10	00008897	auipc	x17,0x8	 x17=0x80008b0c
        2415000	       240	80000b14	0c488893	addi	x17,x17,196	 x17:0x80008b0c x17=0x80008bd0
        2425000	       241	80000b18	b8118e23	sb	x1,-1124(x3)	  x3:0x80008d81  x1:0x00006667 PA:0x8000891d
        2435000	       242	80000b1c	ffdacf83	lbu	x31,-3(x21)	 x21:0x80008b73 x31=0x0000005b PA:0x80008b70
        2445000	       243	80000b20	009f5d03	lhu	x26,9(x30)	 x30:0x80008927 x26=0x00001a1b PA:0x80008930
        2455000	       244	80000b24	f99f0383	lb	x7,-103(x30)	 x30:0x80008927  x7=0xffffffab PA:0x800088c0
        2465000	       245	80000b28	035f1403	lh	x8,53(x30)	 x30:0x80008927  x8=0x00004647 PA:0x8000895c
        2475000	       246	80000b2c	df988583	lb	x11,-519(x17)	 x17:0x80008bd0 x11=0xffffffb2 PA:0x800089c9
        2485000	       247	80000b30	ad218aa3	sb	x18,-1323(x3)	  x3:0x80008d81 x18:0xffffffb6 PA:0x80008856
        2495000	       248	80000b34	fc2f0023	sb	x2,-64(x30)	 x30:0x80008927  x2:0x80008df7 PA:0x800088e7
        2505000	       249	80000b38	00dade03	lhu	x28,13(x21)	 x21:0x80008b73 x28=0x00006a6b PA:0x80008b80
        2515000	       250	80000b3c	0c1f1283	lh	x5,193(x30)	 x30:0x80008927  x5=0xffffd2d3 PA:0x800089e8
        2525000	       251	80000b40	de088a23	sb	x0,-524(x17)	 x17:0x80008bd0  x0:0x00000000 PA:0x800089c4
        2535000	       252	80000b44	f5f19d03	lh	x26,-161(x3)	  x3:0x80008d81 x26=0xffffcacb PA:0x80008ce0
        2545000	       253	80000b48	aee18783	lb	x15,-1298(x3)	  x3:0x80008d81 x15=0x00000054 PA:0x8000886f
        2555000	       254	80000b4c	fd7f0b23	sb	x23,-42(x30)	 x30:0x80008927 x23:0x000000d2 PA:0x800088fd
        2565000	       255	80000b50	2ab8c583	lbu	x11,683(x17)	 x17:0x80008bd0 x11=0x00000060 PA:0x80008e7b
        2575000	       256	80000b54	1d418503	lb	x10,468(x3)	  x3:0x80008d81 x10=0x0000003e PA:0x80008f55
        2585000	       257	80000b58	03ef14a3	sh	x30,41(x30)	 x30:0x80008927 x30:0x80008927 PA:0x80008950
        2595000	       258	80000b5c	1bc89103	lh	x2,444(x17)	 x17:0x80008bd0  x2=0x00007677 PA:0x80008d8c
        2605000	       259	00000000	00000013	addi	x0,x0,0	  x0:0x00000000
        2615000	       260	80000b60	002a8403	lb	x8,2(x21)	 x21:0x80008b73  x8=0x0000005e PA:0x80008b75
        2625000	       261	80000b64	f5af4c03	lbu	x24,-166(x30)	 x30:0x80008927 x24=0x0000006a PA:0x80008881
        2635000	       262	80000b68	3d988383	lb	x7,985(x17)	 x17:0x80008bd0  x7=0xffffff92 PA:0x80008fa9
        2645000	       263	80000b6c	00008117	auipc	x2,0x8	  x2=0x80008b68
        2655000	       264	80000b70	1bb10113	addi	x2,x2,443	  x2:0x80008b68  x2=0x80008d23
        2665000	       265	80000b74	00711f03	lh	x30,7(x2)	  x2:0x80008d23 x30=0x00001011 PA:0x80008d2a
        2675000	       266	80000b78	00c103a3	sb	x12,7(x2)	  x2:0x80008d23 x12:0x80009f74 PA:0x80008d2a
        2685000	       267	80000b7c	004113a3	sh	x4,7(x2)	  x2:0x80008d23  x4:0x00000000 PA:0x80008d2a
        2695000	       268	80000b80	017e8f33	add	x30,x29,x23	 x29:0x00000074 x23:0x000000d2 x30=0x00000146
        2705000	       269	80000b84	ecd78513	addi	x10,x15,-307	 x15:0x00000054 x10=0xffffff21
        2715000	       270	80000b88	ff210823	sb	x18,-16(x2)	  x2:0x80008d23 x18:0xffffffb6 PA:0x80008d13
        2725000	       271	80000b8c	00bdc7b3	xor	x15,x27,x11	 x27:0x00000005 x11:0x00000060 x15=0x00000065
        2735000	       272	80000b90	ff014183	lbu	x3,-16(x2)	  x2:0x80008d23  x3=0x000000b6 PA:0x80008d13
        2745000	       273	80000b94	ff110823	sb	x17,-16(x2)	  x2:0x80008d23 x17:0x80008bd0 PA:0x80008d13
        2755000	       274	80000b98	ff010203	lb	x4,-16(x2)	  x2:0x80008d23  x4=0xffffffd0 PA:0x80008d13
        2765000	       275	80000b9c	00910583	lb	x11,9(x2)	  x2:0x80008d23 x11=0x00000017 PA:0x80008d2c
        2775000	       276	80000ba0	00914983	lbu	x19,9(x2)	  x2:0x80008d23 x19=0x00000017 PA:0x80008d2c
        2785000	       277	80000ba4	00914a83	lbu	x21,9(x2)	  x2:0x80008d23 x21=0x00000017 PA:0x80008d2c
        2795000	       278	80000ba8	00910483	lb	x9,9(x2)	  x2:0x80008d23  x9=0x00000017 PA:0x80008d2c
        2805000	       279	80000bac	00008597	auipc	x11,0x8	 x11=0x80008ba8
        2815000	       280	80000bb0	ffe58593	addi	x11,x11,-2	 x11:0x80008ba8 x11=0x80008ba6
        2825000	       281	80000bb4	00008897	auipc	x17,0x8	 x17=0x80008bb0
        2835000	       282	80000bb8	dc788893	addi	x17,x17,-569	 x17:0x80008bb0 x17=0x80008977
        2845000	       283	80000bbc	00008917	auipc	x18,0x8	 x18=0x80008bb8
        2855000	       284	80000bc0	e0890913	addi	x18,x18,-504	 x18:0x80008bb8 x18=0x800089c0
        2865000	       285	80000bc4	fe588823	sb	x5,-16(x17)	 x17:0x80008977  x5:0xffffd2d3 PA:0x80008967
        2875000	       286	80000bc8	f3a91f03	lh	x30,-198(x18)	 x18:0x800089c0 x30=0xffffe0e1 PA:0x800088fa
        2885000	       287	80000bcc	01c88a03	lb	x20,28(x17)	 x17:0x80008977 x20=0x00000078 PA:0x80008993
        2895000	       288	80000bd0	00008317	auipc	x6,0x8	  x6=0x80008bcc
        2905000	       289	80000bd4	14e30313	addi	x6,x6,334	  x6:0x80008bcc  x6=0x80008d1a
        2915000	       290	80000bd8	01295b03	lhu	x22,18(x18)	 x18:0x800089c0 x22=0x0000b8b9 PA:0x800089d2
        2925000	       291	80000bdc	00008e17	auipc	x28,0x8	 x28=0x80008bd8
        2935000	       292	80000be0	dd8e0e13	addi	x28,x28,-552	 x28:0x80008bd8 x28=0x800089b0
        2945000	       293	80000be4	0145ca83	lbu	x21,20(x11)	 x11:0x80008ba6 x21=0x000000a1 PA:0x80008bba
        2955000	       294	80000be8	0f2906a3	sb	x18,237(x18)	 x18:0x800089c0 x18:0x800089c0 PA:0x80008aad
        2965000	       295	80000bec	00588003	lb	x0,5(x17)	 x17:0x80008977 PA:0x8000897c
        2975000	       296	80000bf0	172e4b03	lbu	x22,370(x28)	 x28:0x800089b0 x22=0x00000009 PA:0x80008b22
        2985000	       297	80000bf4	0cb30483	lb	x9,203(x6)	  x6:0x80008d1a  x9=0xffffffce PA:0x80008de5
        2995000	       298	80000bf8	fc488203	lb	x4,-60(x17)	 x17:0x80008977  x4=0x00000020 PA:0x8000893b
        3005000	       299	80000bfc	fcd909a3	sb	x13,-45(x18)	 x18:0x800089c0 x13:0x0000003c PA:0x80008993
        3015000	       300	80000c00	03e31403	lh	x8,62(x6)	  x6:0x80008d1a  x8=0x00004243 PA:0x80008d58
        3025000	       301	80000c04	f7b90483	lb	x9,-133(x18)	 x18:0x800089c0  x9=0x00000020 PA:0x8000893b
        3035000	       302	80000c08	f6a30e83	lb	x29,-150(x6)	  x6:0x80008d1a x29=0x0000003c PA:0x80008c84
        3045000	       303	80000c0c	00a59503	lh	x10,10(x11)	 x11:0x80008ba6 x10=0xffff9a9b PA:0x80008bb0
        3055000	       304	80000c10	410e4383	lbu	x7,1040(x28)	 x28:0x800089b0  x7=0x000000ab PA:0x80008dc0
        3065000	       305	80000c14	249e0d03	lb	x26,585(x28)	 x28:0x800089b0 x26=0xffffffe2 PA:0x80008bf9
        3075000	       306	80000c18	00088f83	lb	x31,0(x17)	 x17:0x80008977 x31=0x0000005c PA:0x80008977
        3085000	       307	80000c1c	01392a23	sw	x19,20(x18)	 x18:0x800089c0 x19:0x00000017 PA:0x800089d4
        3095000	       308	80000c20	fe75c183	lbu	x3,-25(x11)	 x11:0x80008ba6  x3=0x00000076 PA:0x80008b8d
        3105000	       309	80000c24	fde58e23	sb	x30,-36(x11)	 x11:0x80008ba6 x30:0xffffe0e1 PA:0x80008b82
        3115000	       310	80000c28	06a31f03	lh	x30,106(x6)	  x6:0x80008d1a x30=0x00006e6f PA:0x80008d84
        3125000	       311	80000c2c	044e0023	sb	x4,64(x28)	 x28:0x800089b0  x4:0x00000020 PA:0x800089f0
        3135000	       312	80000c30	f5532923	sw	x21,-174(x6)	  x6:0x80008d1a x21:0x000000a1 PA:0x80008c6c
        3145000	       313	80000c34	fb1903a3	sb	x17,-89(x18)	 x18:0x800089c0 x17:0x80008977 PA:0x80008967
        3155000	       314	80000c38	fd958123	sb	x25,-62(x11)	 x11:0x80008ba6 x25:0x00000000 PA:0x80008b68
        3165000	       315	80000c3c	f7295783	lhu	x15,-142(x18)	 x18:0x800089c0 x15=0x00001819 PA:0x80008932
        3175000	       316	80000c40	03a88c03	lb	x24,58(x17)	 x17:0x80008977 x24=0xffffff9a PA:0x800089b1
        3185000	       317	80000c44	ff390683	lb	x13,-13(x18)	 x18:0x800089c0 x13=0xffffff98 PA:0x800089b3
        3195000	       318	80000c48	0165a723	sw	x22,14(x11)	 x11:0x80008ba6 x22:0x00000009 PA:0x80008bb4
        3205000	       319	80000c4c	136e1503	lh	x10,310(x28)	 x28:0x800089b0 x10=0xffffcccd PA:0x80008ae6
        3215000	       320	80000c50	ecce03a3	sb	x12,-313(x28)	 x28:0x800089b0 x12:0x80009f74 PA:0x80008877
        3225000	       321	80000c54	00008117	auipc	x2,0x8	  x2=0x80008c50
        3235000	       322	80000c58	87210113	addi	x2,x2,-1934	  x2:0x80008c50  x2=0x800084c2
        3245000	       323	80000c5c	00008b97	auipc	x23,0x8	 x23=0x80008c58
        3255000	       324	80000c60	985b8b93	addi	x23,x23,-1659	 x23:0x80008c58 x23=0x800085dd
        3265000	       325	80000c64	fce11423	sh	x14,-56(x2)	  x2:0x800084c2 x14:0x000037c0 PA:0x8000848a
        3275000	       326	80000c68	022bcf03	lbu	x30,34(x23)	 x23:0x800085dd x30=0x000000b4 PA:0x800085ff
        3285000	       327	80000c6c	00d10c03	lb	x24,13(x2)	  x2:0x800084c2 x24=0xffffff84 PA:0x800084cf
        3295000	       328	80000c70	b0bba303	lw	x6,-1269(x23)	 x23:0x800085dd  x6=0xa0a1a2a3 PA:0x800080e8
        3305000	       329	80000c74	fdc11e03	lh	x28,-36(x2)	  x2:0x800084c2 x28=0x00005455 PA:0x8000849e
        3315000	       330	80000c78	03310183	lb	x3,51(x2)	  x2:0x800084c2  x3=0xffffffae PA:0x800084f5
        3325000	       331	80000c7c	12cb8b23	sb	x12,310(x23)	 x23:0x800085dd x12:0x80009f74 PA:0x80008713
        3335000	       332	80000c80	fd615003	lhu	x0,-42(x2)	  x2:0x800084c2 PA:0x80008498
        3345000	       333	80000c84	b0dbd703	lhu	x14,-1267(x23)	 x23:0x800085dd x14=0x0000a0a1 PA:0x800080ea
        3355000	       334	80000c88	03210683	lb	x13,50(x2)	  x2:0x800084c2 x13=0xffffffaf PA:0x800084f4
        3365000	       335	80000c8c	102b8003	lb	x0,258(x23)	 x23:0x800085dd PA:0x800086df
        3375000	       336	80000c90	01114403	lbu	x8,17(x2)	  x2:0x800084c2  x8=0x00000088 PA:0x800084d3
        3385000	       337	80000c94	082b8303	lb	x6,130(x23)	 x23:0x800085dd  x6=0x00000014 PA:0x8000865f
        3395000	       338	80000c98	00008117	auipc	x2,0x8	  x2=0x80008c94
        3405000	       339	80000c9c	9df10113	addi	x2,x2,-1569	  x2:0x80008c94  x2=0x80008673
        3415000	       340	80000ca0	40425013	srai	x0,x4,0x4	  x4:0x00000020
        3425000	       341	80000ca4	f9410403	lb	x8,-108(x2)	  x2:0x80008673  x8=0xffffffbc PA:0x80008607
        3435000	       342	80000ca8	f4410683	lb	x13,-188(x2)	  x2:0x80008673 x13=0x0000006c PA:0x800085b7
        3445000	       343	80000cac	fca14b83	lbu	x23,-54(x2)	  x2:0x80008673 x23=0x000000f6 PA:0x8000863d
        3455000	       344	80000cb0	f2a10083	lb	x1,-214(x2)	  x2:0x80008673  x1=0x00000056 PA:0x8000859d
        3465000	       345	80000cb4	cb513b93	sltiu	x23,x2,-843	  x2:0x80008673 x23=0x00000001
        3475000	       346	80000cb8	f6510b83	lb	x23,-155(x2)	  x2:0x80008673 x23=0xffffff93 PA:0x800085d8
        3485000	       347	80000cbc	40155a33	sra	x20,x10,x1	 x10:0xffffcccd  x1:0x00000056 x20=0xffffffff
        3495000	       348	80000cc0	06e14203	lbu	x4,110(x2)	  x2:0x80008673  x4=0x0000009a PA:0x800086e1
        3505000	       349	80000cc4	6ce73693	sltiu	x13,x14,1742	 x14:0x0000a0a1 x13=0x00000000
        3515000	       350	80000cc8	fe810fa3	sb	x8,-1(x2)	  x2:0x80008673  x8:0xffffffbc PA:0x80008672
        3525000	       351	80000ccc	419bda93	srai	x21,x23,0x19	 x23:0xffffff93 x21=0xffffffff
        3535000	       352	80000cd0	f8b11703	lh	x14,-117(x2)	  x2:0x80008673 x14=0xffffb4b5 PA:0x800085fe
        3545000	       353	80000cd4	f9014a83	lbu	x21,-112(x2)	  x2:0x80008673 x21=0x000000b8 PA:0x80008603
        3555000	       354	80000cd8	0f310583	lb	x11,243(x2)	  x2:0x80008673 x11=0x0000001d PA:0x80008766
        3565000	       355	00000000	00000013	addi	x0,x0,0	  x0:0x00000000
        3575000	       356	80000cdc	f2b10483	lb	x9,-213(x2)	  x2:0x80008673  x9=0x00000055 PA:0x8000859e
        3585000	       357	80000ce0	b7108d17	auipc	x26,0xb7108	 x26=0x37108cdc
        3595000	       358	80000ce4	0a610a03	lb	x20,166(x2)	  x2:0x80008673 x20=0xffffffd2 PA:0x80008719
        3605000	       359	80000ce8	40d6d0b3	sra	x1,x13,x13	 x13:0x00000000 x13:0x00000000  x1=0x00000000
        3615000	       360	80000cec	0c4108a3	sb	x4,209(x2)	  x2:0x80008673  x4:0x0000009a PA:0x80008744
        3625000	       361	80000cf0	0d214c03	lbu	x24,210(x2)	  x2:0x80008673 x24=0x000000fe PA:0x80008745
        3635000	       362	80000cf4	08614883	lbu	x17,134(x2)	  x2:0x80008673 x17=0x000000b2 PA:0x800086f9
        3645000	       363	80000cf8	b7f1b297	auipc	x5,0xb7f1b	  x5=0x37f1bcf4
        3655000	       364	80000cfc	09a11aa3	sh	x26,149(x2)	  x2:0x80008673 x26:0x37108cdc PA:0x80008708
        3665000	       365	80000d00	009daa33	slt	x20,x27,x9	 x27:0x00000005  x9:0x00000055 x20=0x00000001
        3675000	       366	80000d04	f09102a3	sb	x9,-251(x2)	  x2:0x80008673  x9:0x00000055 PA:0x80008578
        3685000	       367	80000d08	0d714b03	lbu	x22,215(x2)	  x2:0x80008673 x22=0x00000001 PA:0x8000874a
        3695000	       368	80000d0c	fec10da3	sb	x12,-5(x2)	  x2:0x80008673 x12:0x80009f74 PA:0x8000866e
        3705000	       369	80000d10	020111a3	sh	x0,35(x2)	  x2:0x80008673  x0:0x00000000 PA:0x80008696
        3715000	       370	80000d14	fe814303	lbu	x6,-24(x2)	  x2:0x80008673  x6=0x00000010 PA:0x8000865b
        3725000	       371	80000d18	014e74b3	and	x9,x28,x20	 x28:0x00005455 x20:0x00000001  x9=0x00000001
        3735000	       372	80000d1c	a0823a13	sltiu	x20,x4,-1528	  x4:0x0000009a x20=0x00000001
        3745000	       373	80000d20	28913713	sltiu	x14,x2,649	  x2:0x80008673 x14=0x00000000
        3755000	       374	80000d24	f2114083	lbu	x1,-223(x2)	  x2:0x80008673  x1=0x0000004f PA:0x80008594
        3765000	       375	80000d28	e05d27b7	lui	x15,0xe05d2	 x15=0xe05d2000
        3775000	       376	80000d2c	f6310723	sb	x3,-146(x2)	  x2:0x80008673  x3:0xffffffae PA:0x800085e1
        3785000	       377	80000d30	00008117	auipc	x2,0x8	  x2=0x80008d2c
        3795000	       378	80000d34	fca10113	addi	x2,x2,-54	  x2:0x80008d2c  x2=0x80008cf6
        3805000	       379	80000d38	0109d933	srl	x18,x19,x16	 x19:0x00000017 x16:0x80009fc4 x18=0x00000001
        3815000	       380	80000d3c	f6a10723	sb	x10,-146(x2)	  x2:0x80008cf6 x10:0xffffcccd PA:0x80008c64
        3825000	       381	80000d40	ce77ae13	slti	x28,x15,-793	 x15:0xe05d2000 x28=0x00000001
        3835000	       382	80000d44	fd411f23	sh	x20,-34(x2)	  x2:0x80008cf6 x20:0x00000001 PA:0x80008cd4
        3845000	       383	80000d48	02710c83	lb	x25,39(x2)	  x2:0x80008cf6 x25=0x00000006 PA:0x80008d1d
        3855000	       384	80000d4c	f7f100a3	sb	x31,-159(x2)	  x2:0x80008cf6 x31:0x0000005c PA:0x80008c57
        3865000	       385	80000d50	00149693	slli	x13,x9,0x1	  x9:0x00000001 x13=0x00000002
        3875000	       386	80000d54	06210e23	sb	x2,124(x2)	  x2:0x80008cf6  x2:0x80008cf6 PA:0x80008d72
        3885000	       387	80000d58	001006b3	add	x13,x0,x1	  x0:0x00000000  x1:0x0000004f x13=0x0000004f
        3895000	       388	80000d5c	01d5feb3	and	x29,x11,x29	 x11:0x0000001d x29:0x0000003c x29=0x0000001c
        3905000	       389	80000d60	fe910723	sb	x9,-18(x2)	  x2:0x80008cf6  x9:0x00000001 PA:0x80008ce4
        3915000	       390	80000d64	ffd11a23	sh	x29,-12(x2)	  x2:0x80008cf6 x29:0x0000001c PA:0x80008cea
        3925000	       391	80000d68	0cd14a83	lbu	x21,205(x2)	  x2:0x80008cf6 x21=0x000000a8 PA:0x80008dc3
        3935000	       392	80000d6c	41985b93	srai	x23,x16,0x19	 x16:0x80009fc4 x23=0xffffffc0
        3945000	       393	80000d70	01410eb3	add	x29,x2,x20	  x2:0x80008cf6 x20:0x00000001 x29=0x80008cf7
        3955000	       394	80000d74	007c00b3	add	x1,x24,x7	 x24:0x000000fe  x7:0x000000ab  x1=0x000001a9
        3965000	       395	80000d78	00803ab3	sltu	x21,x0,x8	  x0:0x00000000  x8:0xffffffbc x21=0x00000001
        3975000	       396	80000d7c	75426093	ori	x1,x4,1876	  x4:0x0000009a  x1=0x000007de
        3985000	       397	80000d80	0dd14983	lbu	x19,221(x2)	  x2:0x80008cf6 x19=0x000000b8 PA:0x80008dd3
        3995000	       398	80000d84	584c2e13	slti	x28,x24,1412	 x24:0x000000fe x28=0x00000001
        4005000	       399	80000d88	008f9713	slli	x14,x31,0x8	 x31:0x0000005c x14=0x00005c00
        4015000	       400	80000d8c	036109a3	sb	x22,51(x2)	  x2:0x80008cf6 x22:0x00000001 PA:0x80008d29
        4025000	       401	80000d90	40fedf13	srai	x30,x29,0xf	 x29:0x80008cf7 x30=0xffff0001
        4035000	       402	80000d94	04d10f03	lb	x30,77(x2)	  x2:0x80008cf6 x30=0x00000028 PA:0x80008d43
        4045000	       403	80000d98	0d711a23	sh	x23,212(x2)	  x2:0x80008cf6 x23:0xffffffc0 PA:0x80008dca
        4055000	       404	80000d9c	0161bbb3	sltu	x23,x3,x22	  x3:0xffffffae x22:0x00000001 x23=0x00000000
        4065000	       405	80000da0	012b5593	srli	x11,x22,0x12	 x22:0x00000001 x11=0x00000000
        4075000	       406	80000da4	00314703	lbu	x14,3(x2)	  x2:0x80008cf6 x14=0x000000e2 PA:0x80008cf9
        4085000	       407	80000da8	072106a3	sb	x18,109(x2)	  x2:0x80008cf6 x18:0x00000001 PA:0x80008d63
        4095000	       408	80000dac	f5b10b23	sb	x27,-170(x2)	  x2:0x80008cf6 x27:0x00000005 PA:0x80008c4c
        4105000	       409	80000db0	03210c83	lb	x25,50(x2)	  x2:0x80008cf6 x25=0x00000013 PA:0x80008d28
        4115000	       410	80000db4	00b667b3	or	x15,x12,x11	 x12:0x80009f74 x11:0x00000000 x15=0x80009f74
        4125000	       411	80000db8	09410903	lb	x18,148(x2)	  x2:0x80008cf6 x18=0x00000071 PA:0x80008d8a
        4135000	       412	80000dbc	013c3e13	sltiu	x28,x24,19	 x24:0x000000fe x28=0x00000000
        4145000	       413	80000dc0	04a11923	sh	x10,82(x2)	  x2:0x80008cf6 x10:0xffffcccd PA:0x80008d48
        4155000	       414	80000dc4	01010923	sb	x16,18(x2)	  x2:0x80008cf6 x16:0x80009fc4 PA:0x80008d08
        4165000	       415	80000dc8	0f011903	lh	x18,240(x2)	  x2:0x80008cf6 x18=0xffffcccd PA:0x80008de6
        4175000	       416	80000dcc	03b10f03	lb	x30,59(x2)	  x2:0x80008cf6 x30=0x0000001a PA:0x80008d31
        4185000	       417	80000dd0	f6815503	lhu	x10,-152(x2)	  x2:0x80008cf6 x10=0x00004445 PA:0x80008c5e
        4195000	       418	00000000	00000013	addi	x0,x0,0	  x0:0x00000000
        4205000	       419	80000dd4	08a11523	sh	x10,138(x2)	  x2:0x80008cf6 x10:0x00004445 PA:0x80008d80
        4215000	       420	80000dd8	0d714403	lbu	x8,215(x2)	  x2:0x80008cf6  x8=0x000000b6 PA:0x80008dcd
        4225000	       421	80000ddc	00008497	auipc	x9,0x8	  x9=0x80008dd8
        4235000	       422	80000de0	b6f48493	addi	x9,x9,-1169	  x9:0x80008dd8  x9=0x80008947
        4245000	       423	80000de4	f2148623	sb	x1,-212(x9)	  x9:0x80008947  x1:0x000007de PA:0x80008873
        4255000	       424	80000de8	f304ca03	lbu	x20,-208(x9)	  x9:0x80008947 x20=0x00000074 PA:0x80008877
        4265000	       425	80000dec	0b248903	lb	x18,178(x9)	  x9:0x80008947 x18=0xffffffe2 PA:0x800089f9
        4275000	       426	00000000	00000013	addi	x0,x0,0	  x0:0x00000000
        4285000	       427	80000df0	0f249fa3	sh	x18,255(x9)	  x9:0x80008947 x18:0xffffffe2 PA:0x80008a46
        4295000	       428	80000df4	f1b4c903	lbu	x18,-229(x9)	  x9:0x80008947 x18=0x00000049 PA:0x80008862
        4305000	       429	80000df8	09b486a3	sb	x27,141(x9)	  x9:0x80008947 x27:0x00000005 PA:0x800089d4
        4315000	       430	80000dfc	00fff1b3	and	x3,x31,x15	 x31:0x0000005c x15:0x80009f74  x3=0x00000054
        4325000	       431	80000e00	0000beb3	sltu	x29,x1,x0	  x1:0x000007de  x0:0x00000000 x29=0x00000000
        4335000	       432	80000e04	0a548223	sb	x5,164(x9)	  x9:0x80008947  x5:0x37f1bcf4 PA:0x800089eb
        4345000	       433	80000e08	40e55193	srai	x3,x10,0xe	 x10:0x00004445  x3=0x00000001
        4355000	       434	80000e0c	0c74c703	lbu	x14,199(x9)	  x9:0x80008947 x14=0x000000f5 PA:0x80008a0e
        4365000	       435	80000e10	008546b3	xor	x13,x10,x8	 x10:0x00004445  x8:0x000000b6 x13=0x000044f3
        4375000	       436	80000e14	f3a48583	lb	x11,-198(x9)	  x9:0x80008947 x11=0x0000006a PA:0x80008881
        4385000	       437	80000e18	0cd48e23	sb	x13,220(x9)	  x9:0x80008947 x13:0x000044f3 PA:0x80008a23
        4395000	       438	80000e1c	f3b4d183	lhu	x3,-197(x9)	  x9:0x80008947  x3=0x00006869 PA:0x80008882
        4405000	       439	80000e20	014d6ab3	or	x21,x26,x20	 x26:0x37108cdc x20:0x00000074 x21=0x37108cfc
        4415000	       440	80000e24	00000013	addi	x0,x0,0	  x0:0x00000000
        4425000	       441	80000e28	4081deb3	sra	x29,x3,x8	  x3:0x00006869  x8:0x000000b6 x29=0x00000000
        4435000	       442	80000e2c	ff3efe93	andi	x29,x29,-13	 x29:0x00000000 x29=0x00000000
        4445000	       443	80000e30	d810b237	lui	x4,0xd810b	  x4=0xd810b000
        4455000	       444	80000e34	01235c93	srli	x25,x6,0x12	  x6:0x00000010 x25=0x00000000
        4465000	       445	80000e38	fac48723	sb	x12,-82(x9)	  x9:0x80008947 x12:0x80009f74 PA:0x800088f5
        4475000	       446	80000e3c	f2248303	lb	x6,-222(x9)	  x9:0x80008947  x6=0x00000052 PA:0x80008869
        4485000	       447	80000e40	40d0d5b3	sra	x11,x1,x13	  x1:0x000007de x13:0x000044f3 x11=0x00000000
        4495000	       448	80000e44	f6048583	lb	x11,-160(x9)	  x9:0x80008947 x11=0xffffff8c PA:0x800088a7
        4505000	       449	80000e48	7a3fa6b7	lui	x13,0x7a3fa	 x13=0x7a3fa000
        4515000	       450	80000e4c	00ccee63	bltu	x25,x12,80000e68	 x25:0x00000000 x12:0x80009f74
        4525000	       451	00000000	00000013	addi	x0,x0,0	  x0:0x00000000
        4535000	       452	80000e64	00000013	addi	x0,x0,0	  x0:0x00000000
        4545000	       453	80000e68	df43fa93	andi	x21,x7,-524	  x7:0x000000ab x21=0x000000a0
        4555000	       454	80000e6c	78847bb7	lui	x23,0x78847	 x23=0x78847000
        4565000	       455	80000e70	003df263	bgeu	x27,x3,80000e74	 x27:0x00000005  x3:0x00006869
        4575000	       456	80000e74	4158de93	srai	x29,x17,0x15	 x17:0x000000b2 x29=0x00000000
        4585000	       457	80000e78	48292317	auipc	x6,0x48292	  x6=0xc8292e74
        4595000	       458	80000e7c	bf936717	auipc	x14,0xbf936	 x14=0x3f936e78
        4605000	       459	80000e80	01035a13	srli	x20,x6,0x10	  x6:0xc8292e74 x20=0x0000c829
        4615000	       460	80000e84	0009f3b3	and	x7,x19,x0	 x19:0x000000b8  x0:0x00000000  x7=0x00000000
        4625000	       461	80000e88	352af493	andi	x9,x21,850	 x21:0x000000a0  x9=0x00000000
        4635000	       462	80000e8c	00eeb3b3	sltu	x7,x29,x14	 x29:0x00000000 x14:0x3f936e78  x7=0x00000001
        4645000	       463	80000e90	000ddb13	srli	x22,x27,0x0	 x27:0x00000005 x22=0x00000005
        4655000	       464	80000e94	417d5bb3	sra	x23,x26,x23	 x26:0x37108cdc x23:0x78847000 x23=0x37108cdc
        4665000	       465	80000e98	b60aa513	slti	x10,x21,-1184	 x21:0x000000a0 x10=0x00000000
        4675000	       466	80000e9c	b3332a93	slti	x21,x6,-1229	  x6:0xc8292e74 x21=0x00000001
        4685000	       467	80000ea0	00000013	addi	x0,x0,0	  x0:0x00000000
        4695000	       468	80000ea4	fab6e0b7	lui	x1,0xfab6e	  x1=0xfab6e000
        4705000	       469	80000ea8	000d5793	srli	x15,x26,0x0	 x26:0x37108cdc x15=0x37108cdc
        4715000	       470	80000eac	0182abb3	slt	x23,x5,x24	  x5:0x37f1bcf4 x24:0x000000fe x23=0x00000000
        4725000	       471	80000eb0	00a0d9b3	srl	x19,x1,x10	  x1:0xfab6e000 x10:0x00000000 x19=0xfab6e000
        4735000	       472	80000eb4	00f24133	xor	x2,x4,x15	  x4:0xd810b000 x15:0x37108cdc  x2=0xef003cdc
        4745000	       473	80000eb8	005edd13	srli	x26,x29,0x5	 x29:0x00000000 x26=0x00000000
        4755000	       474	80000ebc	be554c93	xori	x25,x10,-1051	 x10:0x00000000 x25=0xfffffbe5
        4765000	       475	80000ec0	00885ab3	srl	x21,x16,x8	 x16:0x80009fc4  x8:0x000000b6 x21=0x00000200
        4775000	       476	80000ec4	016dd113	srli	x2,x27,0x16	 x27:0x00000005  x2=0x00000000
        4785000	       477	80000ec8	d44956b7	lui	x13,0xd4495	 x13=0xd4495000
        4795000	       478	80000ecc	ea170093	addi	x1,x14,-351	 x14:0x3f936e78  x1=0x3f936d19
        4805000	       479	80000ed0	676c3993	sltiu	x19,x24,1654	 x24:0x000000fe x19=0x00000001
        4815000	       480	80000ed4	dd8dca97	auipc	x21,0xdd8dc	 x21=0x5d8dced0
        4825000	       481	80000ed8	01edf863	bgeu	x27,x30,80000ee8	 x27:0x00000005 x30:0x0000001a
        4835000	       482	80000edc	01323b33	sltu	x22,x4,x19	  x4:0xd810b000 x19:0x00000001 x22=0x00000000
        4845000	       483	80000ee0	2aa5f137	lui	x2,0x2aa5f	  x2=0x2aa5f000
        4855000	       484	80000ee4	65907a13	andi	x20,x0,1625	  x0:0x00000000 x20=0x00000000
        4865000	       485	80000ee8	02eae263	bltu	x21,x14,80000f0c	 x21:0x5d8dced0 x14:0x3f936e78
        4875000	       486	80000eec	84074e93	xori	x29,x14,-1984	 x14:0x3f936e78 x29=0xc06c9638
        4885000	       487	80000ef0	01060eb3	add	x29,x12,x16	 x12:0x80009f74 x16:0x80009fc4 x29=0x00013f38
        4895000	       488	80000ef4	df0ae213	ori	x4,x21,-528	 x21:0x5d8dced0  x4=0xfffffff0
        4905000	       489	80000ef8	00fe04b3	add	x9,x28,x15	 x28:0x00000000 x15:0x37108cdc  x9=0x37108cdc
        4915000	       490	80000efc	00000013	addi	x0,x0,0	  x0:0x00000000
        4925000	       491	80000f00	0522e663	bltu	x5,x18,80000f4c	  x5:0x37f1bcf4 x18:0x00000049
        4935000	       492	80000f04	3d0caa13	slti	x20,x25,976	 x25:0xfffffbe5 x20=0x00000001
        4945000	       493	80000f08	00bbcd33	xor	x26,x23,x11	 x23:0x00000000 x11:0xffffff8c x26=0xffffff8c
        4955000	       494	80000f0c	006e9e63	bne	x29,x6,80000f28	 x29:0x00013f38  x6:0xc8292e74
        4965000	       495	00000000	00000013	addi	x0,x0,0	  x0:0x00000000
        4975000	       496	80000f24	00000013	addi	x0,x0,0	  x0:0x00000000
        4985000	       497	80000f28	01ff6bb3	or	x23,x30,x31	 x30:0x0000001a x31:0x0000005c x23=0x0000005e
        4995000	       498	80000f2c	012fc993	xori	x19,x31,18	 x31:0x0000005c x19=0x0000004e
        5005000	       499	80000f30	00000013	addi	x0,x0,0	  x0:0x00000000
        5015000	       500	80000f34	008bdeb3	srl	x29,x23,x8	 x23:0x0000005e  x8:0x000000b6 x29=0x00000000
        5025000	       501	80000f38	726bff13	andi	x30,x23,1830	 x23:0x0000005e x30=0x00000006
        5035000	       502	80000f3c	4119dd33	sra	x26,x19,x17	 x19:0x0000004e x17:0x000000b2 x26=0x00000000
        5045000	       503	80000f40	416a5493	srai	x9,x20,0x16	 x20:0x00000001  x9=0x00000000
        5055000	       504	80000f44	b7c3ff13	andi	x30,x7,-1156	  x7:0x00000001 x30=0x00000000
        5065000	       505	80000f48	02bdc863	blt	x27,x11,80000f78	 x27:0x00000005 x11:0xffffff8c
        5075000	       506	80000f4c	00751293	slli	x5,x10,0x7	 x10:0x00000000  x5=0x00000000
        5085000	       507	80000f50	01e2e463	bltu	x5,x30,80000f58	  x5:0x00000000 x30:0x00000000
        5095000	       508	80000f54	01908d33	add	x26,x1,x25	  x1:0x3f936d19 x25:0xfffffbe5 x26=0x3f9368fe
        5105000	       509	80000f58	416ad413	srai	x8,x21,0x16	 x21:0x5d8dced0  x8=0x00000176
        5115000	       510	80000f5c	02cc5063	bge	x24,x12,80000f7c	 x24:0x000000fe x12:0x80009f74
        5125000	       511	00000000	00000013	addi	x0,x0,0	  x0:0x00000000
        5135000	       512	80000f78	00000013	addi	x0,x0,0	  x0:0x00000000
        5145000	       513	80000f7c	f928ff13	andi	x30,x17,-110	 x17:0x000000b2 x30=0x00000092
        5155000	       514	80000f80	00e9dd33	srl	x26,x19,x14	 x19:0x0000004e x14:0x3f936e78 x26=0x00000000
        5165000	       515	80000f84	0030f663	bgeu	x1,x3,80000f90	  x1:0x3f936d19  x3:0x00006869
        5175000	       516	00000000	00000013	addi	x0,x0,0	  x0:0x00000000
        5185000	       517	80000f8c	00000013	addi	x0,x0,0	  x0:0x00000000
        5195000	       518	80000f90	4020db33	sra	x22,x1,x2	  x1:0x3f936d19  x2:0x2aa5f000 x22=0x3f936d19
        5205000	       519	80000f94	7ded6b13	ori	x22,x26,2014	 x26:0x00000000 x22=0x000007de
        5215000	       520	80000f98	00050463	beq	x10,x0,80000fa0	 x10:0x00000000  x0:0x00000000
        5225000	       521	00000000	00000013	addi	x0,x0,0	  x0:0x00000000
        5235000	       522	80000f9c	00000013	addi	x0,x0,0	  x0:0x00000000
        5245000	       523	80000fa0	00000013	addi	x0,x0,0	  x0:0x00000000
        5255000	       524	80000fa4	04e5d063	bge	x11,x14,80000fe4	 x11:0xffffff8c x14:0x3f936e78
        5265000	       525	80000fa8	40b70933	sub	x18,x14,x11	 x14:0x3f936e78 x11:0xffffff8c x18=0x3f936eec
        5275000	       526	80000fac	41c15993	srai	x19,x2,0x1c	  x2:0x2aa5f000 x19=0x00000002
        5285000	       527	80000fb0	009cca63	blt	x25,x9,80000fc4	 x25:0xfffffbe5  x9:0x00000000
        5295000	       528	00000000	00000013	addi	x0,x0,0	  x0:0x00000000
        5305000	       529	80000fc0	00000013	addi	x0,x0,0	  x0:0x00000000
        5315000	       530	80000fc4	03e3c263	blt	x7,x30,80000fe8	  x7:0x00000001 x30:0x00000092
        5325000	       531	00000000	00000013	addi	x0,x0,0	  x0:0x00000000
        5335000	       532	80000fe4	00000013	addi	x0,x0,0	  x0:0x00000000
        5345000	       533	80000fe8	3ad54493	xori	x9,x10,941	 x10:0x00000000  x9=0x000003ad
        5355000	       534	80000fec	f76a2713	slti	x14,x20,-138	 x20:0x00000001 x14=0x00000000
        5365000	       535	80000ff0	0067ce33	xor	x28,x15,x6	 x15:0x37108cdc  x6:0xc8292e74 x28=0xff39a2a8
        5375000	       536	80000ff4	018a3fb3	sltu	x31,x20,x24	 x20:0x00000001 x24:0x000000fe x31=0x00000001
        5385000	       537	80000ff8	02836e63	bltu	x6,x8,80001034	  x6:0xc8292e74  x8:0x00000176
        5395000	       538	80000ffc	001840b3	xor	x1,x16,x1	 x16:0x80009fc4  x1:0x3f936d19  x1=0xbf93f2dd
        5405000	       539	80001000	edb55f37	lui	x30,0xedb55	 x30=0xedb55000
        5415000	       540	80001004	41cbd9b3	sra	x19,x23,x28	 x23:0x0000005e x28:0xff39a2a8 x19=0x00000000
        5425000	       541	80001008	00ebe8b3	or	x17,x23,x14	 x23:0x0000005e x14:0x00000000 x17=0x0000005e
        5435000	       542	8000100c	410d5bb3	sra	x23,x26,x16	 x26:0x00000000 x16:0x80009fc4 x23=0x00000000
        5445000	       543	80001010	ff287f37	lui	x30,0xff287	 x30=0xff287000
        5455000	       544	80001014	4127de33	sra	x28,x15,x18	 x15:0x37108cdc x18:0x3f936eec x28=0x00037108
        5465000	       545	80001018	00b768b3	or	x17,x14,x11	 x14:0x00000000 x11:0xffffff8c x17=0xffffff8c
        5475000	       546	8000101c	0153a6b3	slt	x13,x7,x21	  x7:0x00000001 x21:0x5d8dced0 x13=0x00000001
        5485000	       547	80001020	03539263	bne	x7,x21,80001044	  x7:0x00000001 x21:0x5d8dced0
        5495000	       548	00000000	00000013	addi	x0,x0,0	  x0:0x00000000
        5505000	       549	80001040	00000013	addi	x0,x0,0	  x0:0x00000000
        5515000	       550	80001044	41320733	sub	x14,x4,x19	  x4:0xfffffff0 x19:0x00000000 x14=0xfffffff0
        5525000	       551	80001048	00000013	addi	x0,x0,0	  x0:0x00000000
        5535000	       552	8000104c	ed0b6513	ori	x10,x22,-304	 x22:0x000007de x10=0xffffffde
        5545000	       553	80001050	4ebe1d37	lui	x26,0x4ebe1	 x26=0x4ebe1000
        5555000	       554	80001054	41c20bb3	sub	x23,x4,x28	  x4:0xfffffff0 x28:0x00037108 x23=0xfffc8ee8
        5565000	       555	80001058	471b8a13	addi	x20,x23,1137	 x23:0xfffc8ee8 x20=0xfffc9359
        5575000	       556	8000105c	05e56663	bltu	x10,x30,800010a8	 x10:0xffffffde x30:0xff287000
        5585000	       557	80001060	00f53d33	sltu	x26,x10,x15	 x10:0xffffffde x15:0x37108cdc x26=0x00000000
        5595000	       558	80001064	00145eb3	srl	x29,x8,x1	  x8:0x00000176  x1:0xbf93f2dd x29=0x00000000
        5605000	       559	80001068	04d5d663	bge	x11,x13,800010b4	 x11:0xffffff8c x13:0x00000001
        5615000	       560	8000106c	0132b333	sltu	x6,x5,x19	  x5:0x00000000 x19:0x00000000  x6=0x00000000
        5625000	       561	80001070	003d54b3	srl	x9,x26,x3	 x26:0x00000000  x3:0x00006869  x9=0x00000000
        5635000	       562	80001074	ddd44913	xori	x18,x8,-547	  x8:0x00000176 x18=0xfffffcab
        5645000	       563	80001078	00000013	addi	x0,x0,0	  x0:0x00000000
        5655000	       564	8000107c	41c7d3b3	sra	x7,x15,x28	 x15:0x37108cdc x28:0x00037108  x7=0x0037108c
        5665000	       565	80001080	4091d493	srai	x9,x3,0x9	  x3:0x00006869  x9=0x00000034
        5675000	       566	80001084	00031333	sll	x6,x6,x0	  x6:0x00000000  x0:0x00000000  x6=0x00000000
        5685000	       567	80001088	01c0a033	slt	x0,x1,x28	  x1:0xbf93f2dd x28:0x00037108
        5695000	       568	8000108c	01d64263	blt	x12,x29,80001090	 x12:0x80009f74 x29:0x00000000
        5705000	       569	00000000	00000013	addi	x0,x0,0	  x0:0x00000000
        5715000	       570	8000108c	00000013	addi	x0,x0,0	  x0:0x00000000
        5725000	       571	80001090	009b9893	slli	x17,x23,0x9	 x23:0xfffc8ee8 x17=0xf91dd000
        5735000	       572	80001094	00b42c33	slt	x24,x8,x11	  x8:0x00000176 x11:0xffffff8c x24=0x00000000
        5745000	       573	80001098	401dd393	srai	x7,x27,0x1	 x27:0x00000005  x7=0x00000002
        5755000	       574	8000109c	00c91993	slli	x19,x18,0xc	 x18:0xfffffcab x19=0xffcab000
        5765000	       575	800010a0	05d7c493	xori	x9,x15,93	 x15:0x37108cdc  x9=0x37108c81
        5775000	       576	800010a4	33c92913	slti	x18,x18,828	 x18:0xfffffcab x18=0x00000001
        5785000	       577	800010a8	01608e63	beq	x1,x22,800010c4	  x1:0xbf93f2dd x22:0x000007de
        5795000	       578	800010ac	40c48b33	sub	x22,x9,x12	  x9:0x37108c81 x12:0x80009f74 x22=0xb70fed0d
        5805000	       579	800010b0	12eb7793	andi	x15,x22,302	 x22:0xb70fed0d x15=0x0000010c
        5815000	       580	800010b4	00000013	addi	x0,x0,0	  x0:0x00000000
        5825000	       581	800010b8	01b3bfb3	sltu	x31,x7,x27	  x7:0x00000002 x27:0x00000005 x31=0x00000001
        5835000	       582	800010bc	d92fa1b7	lui	x3,0xd92fa	  x3=0xd92fa000
        5845000	       583	800010c0	009fd4b3	srl	x9,x31,x9	 x31:0x00000001  x9:0x37108c81  x9=0x00000000
        5855000	       584	800010c4	4abb8f93	addi	x31,x23,1195	 x23:0xfffc8ee8 x31=0xfffc9393
        5865000	       585	800010c8	01e0c663	blt	x1,x30,800010d4	  x1:0xbf93f2dd x30:0xff287000
        5875000	       586	00000000	00000013	addi	x0,x0,0	  x0:0x00000000
        5885000	       587	800010d0	00000013	addi	x0,x0,0	  x0:0x00000000
        5895000	       588	800010d4	032de263	bltu	x27,x18,800010f8	 x27:0x00000005 x18:0x00000001
        5905000	       589	800010d8	030ae863	bltu	x21,x16,80001108	 x21:0x5d8dced0 x16:0x80009fc4
        5915000	       590	00000000	00000013	addi	x0,x0,0	  x0:0x00000000
        5925000	       591	80001104	00000013	addi	x0,x0,0	  x0:0x00000000
        5935000	       592	80001108	037fd463	bge	x31,x23,80001130	 x31:0xfffc9393 x23:0xfffc8ee8
        5945000	       593	00000000	00000013	addi	x0,x0,0	  x0:0x00000000
        5955000	       594	8000112c	00000013	addi	x0,x0,0	  x0:0x00000000
        5965000	       595	80001130	00e9c0b3	xor	x1,x19,x14	 x19:0xffcab000 x14:0xfffffff0  x1=0x00354ff0
        5975000	       596	80001134	fa3f0c93	addi	x25,x30,-93	 x30:0xff287000 x25=0xff286fa3
        5985000	       597	80001138	03f66263	bltu	x12,x31,8000115c	 x12:0x80009f74 x31:0xfffc9393
        5995000	       598	00000000	00000013	addi	x0,x0,0	  x0:0x00000000
        6005000	       599	80001158	00000013	addi	x0,x0,0	  x0:0x00000000
        6015000	       600	8000115c	018018b3	sll	x17,x0,x24	  x0:0x00000000 x24:0x00000000 x17=0x00000000
        6025000	       601	80001160	02d89263	bne	x17,x13,80001184	 x17:0x00000000 x13:0x00000001
        6035000	       602	00000000	00000013	addi	x0,x0,0	  x0:0x00000000
        6045000	       603	80001180	00000013	addi	x0,x0,0	  x0:0x00000000
        6055000	       604	80001184	01bc6bb3	or	x23,x24,x27	 x24:0x00000000 x27:0x00000005 x23=0x00000005
        6065000	       605	80001188	01274663	blt	x14,x18,80001194	 x14:0xfffffff0 x18:0x00000001
        6075000	       606	00000000	00000013	addi	x0,x0,0	  x0:0x00000000
        6085000	       607	80001190	00000013	addi	x0,x0,0	  x0:0x00000000
        6095000	       608	80001194	005e5863	bge	x28,x5,800011a4	 x28:0x00037108  x5:0x00000000
        6105000	       609	00000000	00000013	addi	x0,x0,0	  x0:0x00000000
        6115000	       610	800011a0	00000013	addi	x0,x0,0	  x0:0x00000000
        6125000	       611	800011a4	05b97663	bgeu	x18,x27,800011f0	 x18:0x00000001 x27:0x00000005
        6135000	       612	800011a8	006dc233	xor	x4,x27,x6	 x27:0x00000005  x6:0x00000000  x4=0x00000005
        6145000	       613	800011ac	00000013	addi	x0,x0,0	  x0:0x00000000
        6155000	       614	800011b0	0244ce63	blt	x9,x4,800011ec	  x9:0x00000000  x4:0x00000005
        6165000	       615	00000000	00000013	addi	x0,x0,0	  x0:0x00000000
        6175000	       616	800011e8	00000013	addi	x0,x0,0	  x0:0x00000000
        6185000	       617	800011ec	0123e1b3	or	x3,x7,x18	  x7:0x00000002 x18:0x00000001  x3=0x00000003
        6195000	       618	800011f0	2b4ff913	andi	x18,x31,692	 x31:0xfffc9393 x18=0x00000290
        6205000	       619	800011f4	00e8ae33	slt	x28,x17,x14	 x17:0x00000000 x14:0xfffffff0 x28=0x00000000
        6215000	       620	800011f8	c1b16293	ori	x5,x2,-997	  x2:0x2aa5f000  x5=0xfffffc1b
        6225000	       621	800011fc	dadca093	slti	x1,x25,-595	 x25:0xff286fa3  x1=0x00000001
        6235000	       622	80001200	edb38313	addi	x6,x7,-293	  x7:0x00000002  x6=0xfffffedd
        6245000	       623	80001204	41995193	srai	x3,x18,0x19	 x18:0x00000290  x3=0x00000000
        6255000	       624	80001208	00572d33	slt	x26,x14,x5	 x14:0xfffffff0  x5:0xfffffc1b x26=0x00000000
        6265000	       625	8000120c	003f31b3	sltu	x3,x30,x3	 x30:0xff287000  x3:0x00000000  x3=0x00000000
        6275000	       626	80001210	410cdf33	sra	x30,x25,x16	 x25:0xff286fa3 x16:0x80009fc4 x30=0xfff286fa
        6285000	       627	80001214	013bdeb3	srl	x29,x23,x19	 x23:0x00000005 x19:0xffcab000 x29=0x00000005
        6295000	       628	80001218	009f95b3	sll	x11,x31,x9	 x31:0xfffc9393  x9:0x00000000 x11=0xfffc9393
        6305000	       629	8000121c	00b779b3	and	x19,x14,x11	 x14:0xfffffff0 x11:0xfffc9393 x19=0xfffc9390
        6315000	       630	80001220	01bcccb3	xor	x25,x25,x27	 x25:0xff286fa3 x27:0x00000005 x25=0xff286fa6
        6325000	       631	80001224	4076d433	sra	x8,x13,x7	 x13:0x00000001  x7:0x00000002  x8=0x00000000
        6335000	       632	80001228	a8aee437	lui	x8,0xa8aee	  x8=0xa8aee000
        6345000	       633	8000122c	009e1663	bne	x28,x9,80001238	 x28:0x00000000  x9:0x00000000
        6355000	       634	80001230	017ad463	bge	x21,x23,80001238	 x21:0x5d8dced0 x23:0x00000005
        6365000	       635	00000000	00000013	addi	x0,x0,0	  x0:0x00000000
        6375000	       636	80001234	00000013	addi	x0,x0,0	  x0:0x00000000
        6385000	       637	80001238	012f1e63	bne	x30,x18,80001254	 x30:0xfff286fa x18:0x00000290
        6395000	       638	00000000	00000013	addi	x0,x0,0	  x0:0x00000000
        6405000	       639	80001250	00000013	addi	x0,x0,0	  x0:0x00000000
        6415000	       640	80001254	50316b93	ori	x23,x2,1283	  x2:0x2aa5f000 x23=0x2aa5f503
        6425000	       641	80001258	013f9033	sll	x0,x31,x19	 x31:0xfffc9393 x19:0xfffc9390
        6435000	       642	8000125c	00419533	sll	x10,x3,x4	  x3:0x00000000  x4:0x00000005 x10=0x00000000
        6445000	       643	80001260	009fd893	srli	x17,x31,0x9	 x31:0xfffc9393 x17=0x007ffe49
        6455000	       644	80001264	98018993	addi	x19,x3,-1664	  x3:0x00000000 x19=0xfffff980
        6465000	       645	80001268	0044a0b3	slt	x1,x9,x4	  x9:0x00000000  x4:0x00000005  x1=0x00000001
        6475000	       646	8000126c	00ca62b3	or	x5,x20,x12	 x20:0xfffc9359 x12:0x80009f74  x5=0xfffc9f7d
        6485000	       647	80001270	019a24b3	slt	x9,x20,x25	 x20:0xfffc9359 x25:0xff286fa6  x9=0x00000000
        6495000	       648	80001274	00000013	addi	x0,x0,0	  x0:0x00000000
        6505000	       649	80001278	c0cc0437	lui	x8,0xc0cc0	  x8=0xc0cc0000
        6515000	       650	8000127c	a20e4393	xori	x7,x28,-1504	 x28:0x00000000  x7=0xfffffa20
        6525000	       651	80001280	00b3a333	slt	x6,x7,x11	  x7:0xfffffa20 x11:0xfffc9393  x6=0x00000000
        6535000	       652	80001284	04b48063	beq	x9,x11,800012c4	  x9:0x00000000 x11:0xfffc9393
        6545000	       653	80001288	41efd793	srai	x15,x31,0x1e	 x31:0xfffc9393 x15=0xffffffff
        6555000	       654	8000128c	0100d663	bge	x1,x16,80001298	  x1:0x00000001 x16:0x80009fc4
        6565000	       655	00000000	00000013	addi	x0,x0,0	  x0:0x00000000
        6575000	       656	80001294	00000013	addi	x0,x0,0	  x0:0x00000000
        6585000	       657	80001298	4013da33	sra	x20,x7,x1	  x7:0xfffffa20  x1:0x00000001 x20=0xfffffd10
        6595000	       658	8000129c	402c81b3	sub	x3,x25,x2	 x25:0xff286fa6  x2:0x2aa5f000  x3=0xd4827fa6
        6605000	       659	800012a0	308aac13	slti	x24,x21,776	 x21:0x5d8dced0 x24=0x00000000
        6615000	       660	800012a4	00fa98b3	sll	x17,x21,x15	 x21:0x5d8dced0 x15:0xffffffff x17=0x00000000
        6625000	       661	800012a8	04c75663	bge	x14,x12,800012f4	 x14:0xfffffff0 x12:0x80009f74
        6635000	       662	00000000	00000013	addi	x0,x0,0	  x0:0x00000000
        6645000	       663	800012f0	00000013	addi	x0,x0,0	  x0:0x00000000
        6655000	       664	800012f4	4a8aa713	slti	x14,x21,1192	 x21:0x5d8dced0 x14=0x00000000
        6665000	       665	800012f8	1b178117	auipc	x2,0x1b178	  x2=0x9b1792f4
        6675000	       666	800012fc	00000013	addi	x0,x0,0	  x0:0x00000000
        6685000	       667	80001300	02b38863	beq	x7,x11,80001330	  x7:0xfffffa20 x11:0xfffc9393
        6695000	       668	80001304	40c75d13	srai	x26,x14,0xc	 x14:0x00000000 x26=0x00000000
        6705000	       669	80001308	875a0f17	auipc	x30,0x875a0	 x30=0x075a1304
        6715000	       670	8000130c	05f21663	bne	x4,x31,80001358	  x4:0x00000005 x31:0xfffc9393
        6725000	       671	00000000	00000013	addi	x0,x0,0	  x0:0x00000000
        6735000	       672	80001354	00000013	addi	x0,x0,0	  x0:0x00000000
        6745000	       673	80001358	0414f663	bgeu	x9,x1,800013a4	  x9:0x00000000  x1:0x00000001
        6755000	       674	8000135c	a1c3e113	ori	x2,x7,-1508	  x7:0xfffffa20  x2=0xfffffa3c
        6765000	       675	80001360	012b8263	beq	x23,x18,80001364	 x23:0x2aa5f503 x18:0x00000290
        6775000	       676	80001364	01d79b93	slli	x23,x15,0x1d	 x15:0xffffffff x23=0xe0000000
        6785000	       677	80001368	402a5913	srai	x18,x20,0x2	 x20:0xfffffd10 x18=0xffffff44
        6795000	       678	8000136c	007beab3	or	x21,x23,x7	 x23:0xe0000000  x7:0xfffffa20 x21=0xfffffa20
        6805000	       679	80001370	e8a47317	auipc	x6,0xe8a47	  x6=0x68a4836c
        6815000	       680	80001374	49f962b7	lui	x5,0x49f96	  x5=0x49f96000
        6825000	       681	80001378	005755b3	srl	x11,x14,x5	 x14:0x00000000  x5:0x49f96000 x11=0x00000000
        6835000	       682	8000137c	05b7f063	bgeu	x15,x27,800013bc	 x15:0xffffffff x27:0x00000005
        6845000	       683	00000000	00000013	addi	x0,x0,0	  x0:0x00000000
        6855000	       684	800013b8	00000013	addi	x0,x0,0	  x0:0x00000000
        6865000	       685	800013bc	01857cb3	and	x25,x10,x24	 x10:0x00000000 x24:0x00000000 x25=0x00000000
        6875000	       686	800013c0	001f26b3	slt	x13,x30,x1	 x30:0x075a1304  x1:0x00000001 x13=0x00000000
        6885000	       687	800013c4	c08c3413	sltiu	x8,x24,-1016	 x24:0x00000000  x8=0x00000001
        6895000	       688	800013c8	000f0d33	add	x26,x30,x0	 x30:0x075a1304  x0:0x00000000 x26=0x075a1304
        6905000	       689	800013cc	0151f263	bgeu	x3,x21,800013d0	  x3:0xd4827fa6 x21:0xfffffa20
        6915000	       690	800013d0	014a2eb3	slt	x29,x20,x20	 x20:0xfffffd10 x20:0xfffffd10 x29=0x00000000
        6925000	       691	800013d4	41995e33	sra	x28,x18,x25	 x18:0xffffff44 x25:0x00000000 x28=0xffffff44
        6935000	       692	800013d8	0376d263	bge	x13,x23,800013fc	 x13:0x00000000 x23:0xe0000000
        6945000	       693	00000000	00000013	addi	x0,x0,0	  x0:0x00000000
        6955000	       694	800013f8	00000013	addi	x0,x0,0	  x0:0x00000000
        6965000	       695	800013fc	00da1a13	slli	x20,x20,0xd	 x20:0xfffffd10 x20=0xffa20000
        6975000	       696	80001400	010cdb93	srli	x23,x25,0x10	 x25:0x00000000 x23=0x00000000
        6985000	       697	80001404	012d28b3	slt	x17,x26,x18	 x26:0x075a1304 x18:0xffffff44 x17=0x00000000
        6995000	       698	80001408	01013233	sltu	x4,x2,x16	  x2:0xfffffa3c x16:0x80009fc4  x4=0x00000000
        7005000	       699	8000140c	042ec863	blt	x29,x2,8000145c	 x29:0x00000000  x2:0xfffffa3c
        7015000	       700	80001410	01c1ee63	bltu	x3,x28,8000142c	  x3:0xd4827fa6 x28:0xffffff44
        7025000	       701	00000000	00000013	addi	x0,x0,0	  x0:0x00000000
        7035000	       702	80001428	00000013	addi	x0,x0,0	  x0:0x00000000
        7045000	       703	8000142c	01d93fb3	sltu	x31,x18,x29	 x18:0xffffff44 x29:0x00000000 x31=0x00000000
        7055000	       704	80001430	01cb7d33	and	x26,x22,x28	 x22:0xb70fed0d x28:0xffffff44 x26=0xb70fed04
        7065000	       705	80001434	6786e893	ori	x17,x13,1656	 x13:0x00000000 x17=0x00000678
        7075000	       706	80001438	016f9733	sll	x14,x31,x22	 x31:0x00000000 x22:0xb70fed0d x14=0x00000000
        7085000	       707	8000143c	01095a63	bge	x18,x16,80001450	 x18:0xffffff44 x16:0x80009fc4
        7095000	       708	00000000	00000013	addi	x0,x0,0	  x0:0x00000000
        7105000	       709	8000144c	00000013	addi	x0,x0,0	  x0:0x00000000
        7115000	       710	80001450	f82b40b7	lui	x1,0xf82b4	  x1=0xf82b4000
        7125000	       711	80001454	00cabeb3	sltu	x29,x21,x12	 x21:0xfffffa20 x12:0x80009f74 x29=0x00000000
        7135000	       712	80001458	4040dfb3	sra	x31,x1,x4	  x1:0xf82b4000  x4:0x00000000 x31=0xf82b4000
        7145000	       713	8000145c	00be5733	srl	x14,x28,x11	 x28:0xffffff44 x11:0x00000000 x14=0xffffff44
        7155000	       714	80001460	0173c1b3	xor	x3,x7,x23	  x7:0xfffffa20 x23:0x00000000  x3=0xfffffa20
        7165000	       715	80001464	082fe513	ori	x10,x31,130	 x31:0xf82b4000 x10=0xf82b4082
        7175000	       716	80001468	b43ea393	slti	x7,x29,-1213	 x29:0x00000000  x7=0x00000000
        7185000	       717	8000146c	40975913	srai	x18,x14,0x9	 x14:0xffffff44 x18=0xffffffff
        7195000	       718	80001470	a4c3f913	andi	x18,x7,-1460	  x7:0x00000000 x18=0x00000000
        7205000	       719	80001474	41315993	srai	x19,x2,0x13	  x2:0xfffffa3c x19=0xffffffff
        7215000	       720	80001478	01b55f93	srli	x31,x10,0x1b	 x10:0xf82b4082 x31=0x0000001f
        7225000	       721	8000147c	0108deb3	srl	x29,x17,x16	 x17:0x00000678 x16:0x80009fc4 x29=0x00000067
        7235000	       722	80001480	00ef1113	slli	x2,x30,0xe	 x30:0x075a1304  x2=0x84c10000
        7245000	       723	80001484	84c10893	addi	x17,x2,-1972	  x2:0x84c10000 x17=0x84c0f84c
        7255000	       724	80001488	015cb433	sltu	x8,x25,x21	 x25:0x00000000 x21:0xfffffa20  x8=0x00000001
        7265000	       725	8000148c	0083ee63	bltu	x7,x8,800014a8	  x7:0x00000000  x8:0x00000001
        7275000	       726	00000000	00000013	addi	x0,x0,0	  x0:0x00000000
        7285000	       727	800014a4	00000013	addi	x0,x0,0	  x0:0x00000000
        7295000	       728	800014a8	f8d96a93	ori	x21,x18,-115	 x18:0x00000000 x21=0xffffff8d
        7305000	       729	800014ac	e2000493	addi	x9,x0,-480	  x0:0x00000000  x9=0xfffffe20
        7315000	       730	800014b0	002990b3	sll	x1,x19,x2	 x19:0xffffffff  x2:0x84c10000  x1=0xffffffff
        7325000	       731	800014b4	029af263	bgeu	x21,x9,800014d8	 x21:0xffffff8d  x9:0xfffffe20
        7335000	       732	00000000	00000013	addi	x0,x0,0	  x0:0x00000000
        7345000	       733	800014d4	00000013	addi	x0,x0,0	  x0:0x00000000
        7355000	       734	800014d8	01a244b3	xor	x9,x4,x26	  x4:0x00000000 x26:0xb70fed04  x9=0xb70fed04
        7365000	       735	800014dc	0021db93	srli	x23,x3,0x2	  x3:0xfffffa20 x23=0x3ffffe88
        7375000	       736	800014e0	dc24c413	xori	x8,x9,-574	  x9:0xb70fed04  x8=0x48f010c6
        7385000	       737	800014e4	75a13313	sltiu	x6,x2,1882	  x2:0x84c10000  x6=0x00000000
        7395000	       738	800014e8	03157c63	bgeu	x10,x17,80001520	 x10:0xf82b4082 x17:0x84c0f84c
        7405000	       739	00000000	00000013	addi	x0,x0,0	  x0:0x00000000
        7415000	       740	8000151c	00000013	addi	x0,x0,0	  x0:0x00000000
        7425000	       741	80001520	3aa57e93	andi	x29,x10,938	 x10:0xf82b4082 x29=0x00000082
        7435000	       742	80001524	009cdc13	srli	x24,x25,0x9	 x25:0x00000000 x24=0x00000000
        7445000	       743	80001528	3e7ff997	auipc	x19,0x3e7ff	 x19=0xbe800524
        7455000	       744	8000152c	00007117	auipc	x2,0x7	  x2=0x80008528
        7465000	       745	80001530	c0210113	addi	x2,x2,-1022	  x2:0x80008528  x2=0x8000812a
        7475000	       746	80001534	02110f03	lb	x30,33(x2)	  x2:0x8000812a x30=0x00000000 PA:0x8000814b
        7485000	       747	80001538	02110e83	lb	x29,33(x2)	  x2:0x8000812a x29=0x00000000 PA:0x8000814b
        7495000	       748	8000153c	fdc15e03	lhu	x28,-36(x2)	  x2:0x8000812a x28=0x0000bcbd PA:0x80008106
        7505000	       749	00000000	00000013	addi	x0,x0,0	  x0:0x00000000
        7515000	       750	80001540	fdc10b83	lb	x23,-36(x2)	  x2:0x8000812a x23=0xffffffbd PA:0x80008106
        7525000	       751	80001544	fdc14283	lbu	x5,-36(x2)	  x2:0x8000812a  x5=0x000000bd PA:0x80008106
        7535000	       752	80001548	02314983	lbu	x19,35(x2)	  x2:0x8000812a x19=0x00000006 PA:0x8000814d
        7545000	       753	8000154c	02310e03	lb	x28,35(x2)	  x2:0x8000812a x28=0x00000006 PA:0x8000814d
        7555000	       754	80001550	03b10d03	lb	x26,59(x2)	  x2:0x8000812a x26=0x0000001e PA:0x80008165
        7565000	       755	80001554	03014903	lbu	x18,48(x2)	  x2:0x8000812a x18=0x00000011 PA:0x8000815a
        7575000	       756	80001558	03014e03	lbu	x28,48(x2)	  x2:0x8000812a x28=0x00000011 PA:0x8000815a
        7585000	       757	8000155c	03210823	sb	x18,48(x2)	  x2:0x8000812a x18:0x00000011 PA:0x8000815a
        7595000	       758	80001560	fe010b03	lb	x22,-32(x2)	  x2:0x8000812a x22=0xffffffc1 PA:0x8000810a
        7605000	       759	80001564	fe014283	lbu	x5,-32(x2)	  x2:0x8000812a  x5=0x000000c1 PA:0x8000810a
        7615000	       760	80001568	fe010023	sb	x0,-32(x2)	  x2:0x8000812a  x0:0x00000000 PA:0x8000810a
        7625000	       761	8000156c	fe011e03	lh	x28,-32(x2)	  x2:0x8000812a x28=0xffffc000 PA:0x8000810a
        7635000	       762	80001570	91380c93	addi	x25,x16,-1773	 x16:0x80009fc4 x25=0x800098d7
        7645000	       763	80001574	ff211023	sh	x18,-32(x2)	  x2:0x8000812a x18:0x00000011 PA:0x8000810a
        7655000	       764	80001578	fe015f83	lhu	x31,-32(x2)	  x2:0x8000812a x31=0x00000011 PA:0x8000810a
        7665000	       765	8000157c	019288b3	add	x17,x5,x25	  x5:0x000000c1 x25:0x800098d7 x17=0x80009998
        7675000	       766	80001580	3b9e3213	sltiu	x4,x28,953	 x28:0xffffc000  x4=0x00000000
        7685000	       767	80001584	8fb90e13	addi	x28,x18,-1797	 x18:0x00000011 x28=0xfffff90c
        7695000	       768	80001588	014d9463	bne	x27,x20,80001590	 x27:0x00000005 x20:0xffa20000
        7705000	       769	00000000	00000013	addi	x0,x0,0	  x0:0x00000000
        7715000	       770	8000158c	00000013	addi	x0,x0,0	  x0:0x00000000
        7725000	       771	80001590	2ed2ed13	ori	x26,x5,749	  x5:0x000000c1 x26=0x000002ed
        7735000	       772	80001594	00462083	lw	x1,4(x12)	 x12:0x80009f74  x1=0x8000014c PA:0x80009f78
        7745000	       773	80001598	01060613	addi	x12,x12,16	 x12:0x80009f74 x12=0x80009f84
        7755000	       774	8000159c	01da3333	sltu	x6,x20,x29	 x20:0xffa20000 x29:0x00000000  x6=0x00000000
        7765000	       775	800015a0	00ad29b3	slt	x19,x26,x10	 x26:0x000002ed x10:0xf82b4082 x19=0x00000000
        7775000	       776	800015a4	00000013	addi	x0,x0,0	  x0:0x00000000
        7785000	       777	800015a8	01f19c33	sll	x24,x3,x31	  x3:0xfffffa20 x31:0x00000011 x24=0xf4400000
        7795000	       778	800015ac	284e8113	addi	x2,x29,644	 x29:0x00000000  x2=0x00000284
        7805000	       779	800015b0	6eefaf93	slti	x31,x31,1774	 x31:0x00000011 x31=0x00000001
        7815000	       780	800015b4	419bdbb3	sra	x23,x23,x25	 x23:0xffffffbd x25:0x800098d7 x23=0xffffffff
        7825000	       781	800015b8	ffd3de17	auipc	x28,0xffd3d	 x28=0x7fd3e5b4
        7835000	       782	800015bc	945ffe97	auipc	x29,0x945ff	 x29=0x146005b8
        7845000	       783	800015c0	00108213	addi	x4,x1,1	  x1:0x8000014c  x4=0x8000014d
        7855000	       784	800015c4	00020267	jalr	x4,x4,0	  x4:0x8000014d  x4=0x800015c4
        7865000	       785	00000000	00000013	addi	x0,x0,0	  x0:0x00000000
        7875000	       786	8000014c	00000013	addi	x0,x0,0	  x0:0x00000000
        7885000	       787	80000150	00008117	auipc	x2,0x8	  x2=0x8000814c
        7895000	       788	80000154	2ff10113	addi	x2,x2,767	  x2:0x8000814c  x2=0x8000844b
        7905000	       789	80000158	41fa88b3	sub	x17,x21,x31	 x21:0xffffff8d x31:0x00000001 x17=0xffffff8c
        7915000	       790	8000015c	03610983	lb	x19,54(x2)	  x2:0x8000844b x19=0x0000003a PA:0x80008481
        7925000	       791	80000160	07c10423	sb	x28,104(x2)	  x2:0x8000844b x28:0x7fd3e5b4 PA:0x800084b3
        7935000	       792	80000164	06b10423	sb	x11,104(x2)	  x2:0x8000844b x11:0x00000000 PA:0x800084b3
        7945000	       793	80000168	011298b3	sll	x17,x5,x17	  x5:0x000000c1 x17:0xffffff8c x17=0x000c1000
        7955000	       794	8000016c	06814503	lbu	x10,104(x2)	  x2:0x8000844b x10=0x00000000 PA:0x800084b3
        7965000	       795	80000170	f8010683	lb	x13,-128(x2)	  x2:0x8000844b x13=0xffffff80 PA:0x800083cb
        7975000	       796	80000174	09a10383	lb	x7,154(x2)	  x2:0x8000844b  x7=0xffffff9e PA:0x800084e5
        7985000	       797	80000178	fcb104a3	sb	x11,-55(x2)	  x2:0x8000844b x11:0x00000000 PA:0x80008414
        7995000	       798	8000017c	001a9893	slli	x17,x21,0x1	 x21:0xffffff8d x17=0xffffff1a
        8005000	       799	80000180	ba39f993	andi	x19,x19,-1117	 x19:0x0000003a x19=0x00000022
        8015000	       800	80000184	0e812ea3	sw	x8,253(x2)	  x2:0x8000844b  x8:0x48f010c6 PA:0x80008548
        8025000	       801	80000188	f5814a83	lbu	x21,-168(x2)	  x2:0x8000844b x21=0x00000058 PA:0x800083a3
        8035000	       802	8000018c	006345b3	xor	x11,x6,x6	  x6:0x00000000  x6:0x00000000 x11=0x00000000
        8045000	       803	80000190	00000013	addi	x0,x0,0	  x0:0x00000000
        8055000	       804	80000194	f8e10983	lb	x19,-114(x2)	  x2:0x8000844b x19=0xffffff92 PA:0x800083d9
        8065000	       805	80000198	00008217	auipc	x4,0x8	  x4=0x80008194
        8075000	       806	8000019c	fc420213	addi	x4,x4,-60	  x4:0x80008194  x4=0x80008158
        8085000	       807	800001a0	00008517	auipc	x10,0x8	 x10=0x8000819c
        8095000	       808	800001a4	4f150513	addi	x10,x10,1265	 x10:0x8000819c x10=0x8000868d
        8105000	       809	800001a8	00008097	auipc	x1,0x8	  x1=0x800081a4
        8115000	       810	800001ac	10108093	addi	x1,x1,257	  x1:0x800081a4  x1=0x800082a5
        8125000	       811	800001b0	fe650223	sb	x6,-28(x10)	 x10:0x8000868d  x6:0x00000000 PA:0x80008671
        8135000	       812	800001b4	ff108403	lb	x8,-15(x1)	  x1:0x800082a5  x8=0x0000004d PA:0x80008296
        8145000	       813	800001b8	01020f83	lb	x31,16(x4)	  x4:0x80008158 x31=0x00000023 PA:0x80008168
        8155000	       814	800001bc	00024a83	lbu	x21,0(x4)	  x4:0x80008158 x21=0x00000013 PA:0x80008158
        8165000	       815	800001c0	00d08f03	lb	x30,13(x1)	  x1:0x800082a5 x30=0x00000069 PA:0x800082b2
        8175000	       816	800001c4	08250b23	sb	x2,150(x10)	 x10:0x8000868d  x2:0x8000844b PA:0x80008723
        8185000	       817	800001c8	ff80c003	lbu	x0,-8(x1)	  x1:0x800082a5 PA:0x8000829d
        8195000	       818	800001cc	00008997	auipc	x19,0x8	 x19=0x800081c8
        8205000	       819	800001d0	1ab98993	addi	x19,x19,427	 x19:0x800081c8 x19=0x80008373
        8215000	       820	800001d4	00c98303	lb	x6,12(x19)	 x19:0x80008373  x6=0x00000034 PA:0x8000837f
        8225000	       821	800001d8	0c554c03	lbu	x24,197(x10)	 x10:0x8000868d x24=0x00000009 PA:0x80008752
        8235000	       822	800001dc	00d9dc83	lhu	x25,13(x19)	 x19:0x80008373 x25=0x00007f35 PA:0x80008380
        8245000	       823	800001e0	00e21323	sh	x14,6(x4)	  x4:0x80008158 x14:0xffffff44 PA:0x8000815e
        8255000	       824	800001e4	ffe08a83	lb	x21,-2(x1)	  x1:0x800082a5 x21=0x00000058 PA:0x800082a3
        8265000	       825	800001e8	0050c383	lbu	x7,5(x1)	  x1:0x800082a5  x7=0x00000061 PA:0x800082aa
        8275000	       826	800001ec	fe698ca3	sb	x6,-7(x19)	 x19:0x80008373  x6:0x00000034 PA:0x8000836c
        8285000	       827	800001f0	00520723	sb	x5,14(x4)	  x4:0x80008158  x5:0x000000c1 PA:0x80008166
        8295000	       828	800001f4	01755583	lhu	x11,23(x10)	 x10:0x8000868d x11=0x00005e5f PA:0x800086a4
        8305000	       829	800001f8	ff708fa3	sb	x23,-1(x1)	  x1:0x800082a5 x23:0xffffffff PA:0x800082a4
        8315000	       830	800001fc	01b20323	sb	x27,6(x4)	  x4:0x80008158 x27:0x00000005 PA:0x8000815e
        8325000	       831	80000200	007983a3	sb	x7,7(x19)	 x19:0x80008373  x7:0x00000061 PA:0x8000837a
        8335000	       832	80000204	01b994a3	sh	x27,9(x19)	 x19:0x80008373 x27:0x00000005 PA:0x8000837c
        8345000	       833	80000208	ff920a83	lb	x21,-7(x4)	  x4:0x80008158 x21=0x0000000a PA:0x80008151
        8355000	       834	00000000	00000013	addi	x0,x0,0	  x0:0x00000000
        8365000	       835	8000020c	0f550923	sb	x21,242(x10)	 x10:0x8000868d x21:0x0000000a PA:0x8000877f
        8375000	       836	80000210	ffe24003	lbu	x0,-2(x4)	  x4:0x80008158 PA:0x80008156
        8385000	       837	80000214	00698f83	lb	x31,6(x19)	 x19:0x80008373 x31=0x00000032 PA:0x80008379
        8395000	       838	80000218	00b20383	lb	x7,11(x4)	  x4:0x80008158  x7=0x00000018 PA:0x80008163
        8405000	       839	8000021c	00a9c583	lbu	x11,10(x19)	 x19:0x80008373 x11=0x00000000 PA:0x8000837d
        8415000	       840	80000220	0de54d03	lbu	x26,222(x10)	 x10:0x8000868d x26=0x00000020 PA:0x8000876b
        8425000	       841	00000000	00000013	addi	x0,x0,0	  x0:0x00000000
        8435000	       842	80000224	ffa21703	lh	x14,-6(x4)	  x4:0x80008158 x14=0x00000809 PA:0x80008152
        8445000	       843	80000228	f9150b23	sb	x17,-106(x10)	 x10:0x8000868d x17:0xffffff1a PA:0x80008623
        8455000	       844	8000022c	fe750183	lb	x3,-25(x10)	 x10:0x8000868d  x3=0x0000002f PA:0x80008674
        8465000	       845	80000230	ffd24a83	lbu	x21,-3(x4)	  x4:0x80008158 x21=0x0000000e PA:0x80008155
        8475000	       846	80000234	08554283	lbu	x5,133(x10)	 x10:0x8000868d  x5=0x000000c9 PA:0x80008712
        8485000	       847	80000238	f5b51e83	lh	x29,-165(x10)	 x10:0x8000868d x29=0xffffa2a3 PA:0x800085e8
        8495000	       848	8000023c	00008b17	auipc	x22,0x8	 x22=0x80008238
        8505000	       849	80000240	f11b0b13	addi	x22,x22,-239	 x22:0x80008238 x22=0x80008149
        8515000	       850	80000244	00db0e03	lb	x28,13(x22)	 x22:0x80008149 x28=0x0000000d PA:0x80008156
        8525000	       851	80000248	025b5103	lhu	x2,37(x22)	 x22:0x80008149  x2=0x00002425 PA:0x8000816e
        8535000	       852	8000024c	fceb0903	lb	x18,-50(x22)	 x22:0x80008149 x18=0xffffffcc PA:0x80008117
        8545000	       853	80000250	fdcb4083	lbu	x1,-36(x22)	 x22:0x80008149  x1=0x00000000 PA:0x80008125
        8555000	       854	80000254	03ab0d23	sb	x26,58(x22)	 x22:0x80008149 x26:0x00000020 PA:0x80008183
        8565000	       855	80000258	037b0823	sb	x23,48(x22)	 x22:0x80008149 x23:0xffffffff PA:0x80008179
        8575000	       856	8000025c	fd2b0503	lb	x10,-46(x22)	 x22:0x80008149 x10=0xffffffd0 PA:0x8000811b
        8585000	       857	80000260	fe1b27a3	sw	x1,-17(x22)	 x22:0x80008149  x1:0x00000000 PA:0x80008138
        8595000	       858	80000264	ff7b27a3	sw	x23,-17(x22)	 x22:0x80008149 x23:0xffffffff PA:0x80008138
        8605000	       859	80000268	00e67133	and	x2,x12,x14	 x12:0x80009f84 x14:0x00000809  x2=0x00000800
        8615000	       860	8000026c	00ab0d23	sb	x10,26(x22)	 x22:0x80008149 x10:0xffffffd0 PA:0x80008163
        8625000	       861	80000270	01db0d23	sb	x29,26(x22)	 x22:0x80008149 x29:0xffffa2a3 PA:0x80008163
        8635000	       862	80000274	00008117	auipc	x2,0x8	  x2=0x80008270
        8645000	       863	80000278	fad10113	addi	x2,x2,-83	  x2:0x80008270  x2=0x8000821d
        8655000	       864	8000027c	0003e033	or	x0,x7,x0	  x7:0x00000018  x0:0x00000000
        8665000	       865	80000280	0159d013	srli	x0,x19,0x15	 x19:0x80008373
        8675000	       866	80000284	0177e4b3	or	x9,x15,x23	 x15:0xffffffff x23:0xffffffff  x9=0xffffffff
        8685000	       867	80000288	ff315d03	lhu	x26,-13(x2)	  x2:0x8000821d x26=0x0000cacb PA:0x80008210
        8695000	       868	00000000	00000013	addi	x0,x0,0	  x0:0x00000000
        8705000	       869	8000028c	01a106a3	sb	x26,13(x2)	  x2:0x8000821d x26:0x0000cacb PA:0x8000822a
        8715000	       870	80000290	0072d493	srli	x9,x5,0x7	  x5:0x000000c9  x9=0x00000001
        8725000	       871	80000294	415ed8b3	sra	x17,x29,x21	 x29:0xffffa2a3 x21:0x0000000e x17=0xfffffffe
        8735000	       872	80000298	e1fcb513	sltiu	x10,x25,-481	 x25:0x00007f35 x10=0x00000001
        8745000	       873	8000029c	ff712503	lw	x10,-9(x2)	  x2:0x8000821d x10=0xcccdcecf PA:0x80008214
        8755000	       874	800002a0	da102a93	slti	x21,x0,-607	  x0:0x00000000 x21=0x00000000
        8765000	       875	800002a4	009489b3	add	x19,x9,x9	  x9:0x00000001  x9:0x00000001 x19=0x00000002
        8775000	       876	800002a8	016100a3	sb	x22,1(x2)	  x2:0x8000821d x22:0x80008149 PA:0x8000821e
        8785000	       877	800002ac	ffd10f83	lb	x31,-3(x2)	  x2:0x8000821d x31=0xffffffd1 PA:0x8000821a
        8795000	       878	800002b0	ff410383	lb	x7,-12(x2)	  x2:0x8000821d  x7=0xffffffca PA:0x80008211
        8805000	       879	800002b4	00814e83	lbu	x29,8(x2)	  x2:0x8000821d x29=0x000000de PA:0x80008225
        8815000	       880	800002b8	01010523	sb	x16,10(x2)	  x2:0x8000821d x16:0x80009fc4 PA:0x80008227
        8825000	       881	800002bc	fee10da3	sb	x14,-5(x2)	  x2:0x8000821d x14:0x00000809 PA:0x80008218
        8835000	       882	800002c0	01f117a3	sh	x31,15(x2)	  x2:0x8000821d x31:0xffffffd1 PA:0x8000822c
        8845000	       883	800002c4	c95f6b97	auipc	x23,0xc95f6	 x23=0x495f62c0
        8855000	       884	800002c8	00d8a033	slt	x0,x17,x13	 x17:0xfffffffe x13:0xffffff80
        8865000	       885	800002cc	ff0118a3	sh	x16,-15(x2)	  x2:0x8000821d x16:0x80009fc4 PA:0x8000820e
        8875000	       886	800002d0	00c14683	lbu	x13,12(x2)	  x2:0x8000821d x13=0x000000e2 PA:0x80008229
        8885000	       887	800002d4	01995b33	srl	x22,x18,x25	 x18:0xffffffcc x25:0x00007f35 x22=0x000007ff
        8895000	       888	800002d8	00314903	lbu	x18,3(x2)	  x2:0x8000821d x18=0x000000db PA:0x80008220
        8905000	       889	800002dc	afb109b7	lui	x19,0xafb10	 x19=0xafb10000
        8915000	       890	800002e0	01fa1e33	sll	x28,x20,x31	 x20:0xffa20000 x31:0xffffffd1 x28=0x00000000
        8925000	       891	800002e4	00314703	lbu	x14,3(x2)	  x2:0x8000821d x14=0x000000db PA:0x80008220
        8935000	       892	800002e8	40d603b3	sub	x7,x12,x13	 x12:0x80009f84 x13:0x000000e2  x7=0x80009ea2
        8945000	       893	800002ec	0039eeb3	or	x29,x19,x3	 x19:0xafb10000  x3:0x0000002f x29=0xafb1002f
        8955000	       894	800002f0	b71c6e37	lui	x28,0xb71c6	 x28=0xb71c6000
        8965000	       895	800002f4	0057cab3	xor	x21,x15,x5	 x15:0xffffffff  x5:0x000000c9 x21=0xffffff36
        8975000	       896	800002f8	ff511583	lh	x11,-11(x2)	  x2:0x8000821d x11=0xffffc8c9 PA:0x80008212
        8985000	       897	800002fc	ffa14383	lbu	x7,-6(x2)	  x2:0x8000821d  x7=0x000000cc PA:0x80008217
        8995000	       898	80000300	01025c13	srli	x24,x4,0x10	  x4:0x80008158 x24=0x00008000
        9005000	       899	80000304	01a9ec33	or	x24,x19,x26	 x19:0xafb10000 x26:0x0000cacb x24=0xafb1cacb
        9015000	       900	80000308	fe810823	sb	x8,-16(x2)	  x2:0x8000821d  x8:0x0000004d PA:0x8000820d
        9025000	       901	8000030c	00010883	lb	x17,0(x2)	  x2:0x8000821d x17=0xffffffd6 PA:0x8000821d
        9035000	       902	80000310	00877e33	and	x28,x14,x8	 x14:0x000000db  x8:0x0000004d x28=0x00000049
        9045000	       903	80000314	ffd10ea3	sb	x29,-3(x2)	  x2:0x8000821d x29:0xafb1002f PA:0x8000821a
        9055000	       904	80000318	00514e83	lbu	x29,5(x2)	  x2:0x8000821d x29=0x000000d9 PA:0x80008222
        9065000	       905	8000031c	ff915203	lhu	x4,-7(x2)	  x2:0x8000821d  x4=0x0000cccd PA:0x80008216
        9075000	       906	00000000	00000013	addi	x0,x0,0	  x0:0x00000000
        9085000	       907	80000320	00414083	lbu	x1,4(x2)	  x2:0x8000821d  x1=0x000000da PA:0x80008221
        9095000	       908	80000324	01ee72b3	and	x5,x28,x30	 x28:0x00000049 x30:0x00000069  x5=0x00000049
        9105000	       909	80000328	00310423	sb	x3,8(x2)	  x2:0x8000821d  x3:0x0000002f PA:0x80008225
        9115000	       910	8000032c	415352b3	sra	x5,x6,x21	  x6:0x00000034 x21:0xffffff36  x5=0x00000000
        9125000	       911	80000330	ff410583	lb	x11,-12(x2)	  x2:0x8000821d x11=0xffffffca PA:0x80008211
        9135000	       912	80000334	00915183	lhu	x3,9(x2)	  x2:0x8000821d  x3=0x0000c4dd PA:0x80008226
        9145000	       913	80000338	00009897	auipc	x17,0x9	 x17=0x80009334
        9155000	       914	8000033c	a2288893	addi	x17,x17,-1502	 x17:0x80009334 x17=0x80008d56
        9165000	       915	80000340	0e489023	sh	x4,224(x17)	 x17:0x80008d56  x4:0x0000cccd PA:0x80008e36
        9175000	       916	80000344	00009c17	auipc	x24,0x9	 x24=0x80009340
        9185000	       917	80000348	c8bc0c13	addi	x24,x24,-885	 x24:0x80009340 x24=0x80008fcb
        9195000	       918	8000034c	b40c4683	lbu	x13,-1216(x24)	 x24:0x80008fcb x13=0x000000f0 PA:0x80008b0b
        9205000	       919	80000350	d40c4303	lbu	x6,-704(x24)	 x24:0x80008fcb  x6=0x000000f0 PA:0x80008d0b
        9215000	       920	80000354	00009f17	auipc	x30,0x9	 x30=0x80009350
        9225000	       921	80000358	884f0f13	addi	x30,x30,-1916	 x30:0x80009350 x30=0x80008bd4
        9235000	       922	8000035c	bfec0723	sb	x30,-1042(x24)	 x24:0x80008fcb x30:0x80008bd4 PA:0x80008bb9
        9245000	       923	80000360	0b2f1303	lh	x6,178(x30)	 x30:0x80008bd4  x6=0x00006d6d PA:0x80008c86
        9255000	       924	80000364	f6988fa3	sb	x9,-129(x17)	 x17:0x80008d56  x9:0x00000001 PA:0x80008cd5
        9265000	       925	80000368	06e88783	lb	x15,110(x17)	 x17:0x80008d56 x15=0xffffffaf PA:0x80008dc4
        9275000	       926	8000036c	00009e97	auipc	x29,0x9	 x29=0x80009368
        9285000	       927	80000370	880e8e93	addi	x29,x29,-1920	 x29:0x80009368 x29=0x80008be8
        9295000	       928	80000374	fe2ed403	lhu	x8,-30(x29)	 x29:0x80008be8  x8=0x0000b0b1 PA:0x80008bca
        9305000	       929	80000378	e30f2423	sw	x16,-472(x30)	 x30:0x80008bd4 x16:0x80009fc4 PA:0x800089fc
        9315000	       930	8000037c	09088f83	lb	x31,144(x17)	 x17:0x80008d56 x31=0xffffffcd PA:0x80008de6
        9325000	       931	80000380	f06f2223	sw	x6,-252(x30)	 x30:0x80008bd4  x6:0x00006d6d PA:0x80008ad8
        9335000	       932	80000384	007e8503	lb	x10,7(x29)	 x29:0x80008be8 x10=0xffffffd4 PA:0x80008bef
        9345000	       933	80000388	b94c0b03	lb	x22,-1132(x24)	 x24:0x80008fcb x22=0x00000044 PA:0x80008b5f
        9355000	       934	8000038c	f9d88d03	lb	x26,-99(x17)	 x17:0x80008d56 x26=0xffffffd8 PA:0x80008cf3
        9365000	       935	80000390	07d88f83	lb	x31,125(x17)	 x17:0x80008d56 x31=0xffffffb8 PA:0x80008dd3
        9375000	       936	80000394	d0ec0383	lb	x7,-754(x24)	 x24:0x80008fcb  x7=0xffffffc2 PA:0x80008cd9
        9385000	       937	80000398	fe2e82a3	sb	x2,-27(x29)	 x29:0x80008be8  x2:0x8000821d PA:0x80008bcd
        9395000	       938	8000039c	07f88683	lb	x13,127(x17)	 x17:0x80008d56 x13=0xffffffbe PA:0x80008dd5
        9405000	       939	800003a0	ff8f2223	sw	x24,-28(x30)	 x30:0x80008bd4 x24:0x80008fcb PA:0x80008bb8
        9415000	       940	800003a4	8f0c4d03	lbu	x26,-1808(x24)	 x24:0x80008fcb x26=0x000000a0 PA:0x800088bb
        9425000	       941	800003a8	cd1f4d03	lbu	x26,-815(x30)	 x30:0x80008bd4 x26=0x0000008e PA:0x800088a5
        9435000	       942	800003ac	326f5d03	lhu	x26,806(x30)	 x30:0x80008bd4 x26=0x0000e0e1 PA:0x80008efa
        9445000	       943	800003b0	f878cc83	lbu	x25,-121(x17)	 x17:0x80008d56 x25=0x000000c6 PA:0x80008cdd
        9455000	       944	800003b4	0ae89e23	sh	x14,188(x17)	 x17:0x80008d56 x14:0x000000db PA:0x80008e12
        9465000	       945	800003b8	09f88f23	sb	x31,158(x17)	 x17:0x80008d56 x31:0xffffffb8 PA:0x80008df4
        9475000	       946	800003bc	033e8d03	lb	x26,51(x29)	 x29:0x80008be8 x26=0x00000000 PA:0x80008c1b
        9485000	       947	800003c0	a34c0f23	sb	x20,-1474(x24)	 x24:0x80008fcb x20:0xffa20000 PA:0x80008a09
        9495000	       948	800003c4	f07f4683	lbu	x13,-249(x30)	 x30:0x80008bd4 x13=0x00000000 PA:0x80008adb
        9505000	       949	800003c8	fecec383	lbu	x7,-20(x29)	 x29:0x80008be8  x7=0x000000bf PA:0x80008bd4
        9515000	       950	800003cc	84ec4a83	lbu	x21,-1970(x24)	 x24:0x80008fcb x21=0x00000002 PA:0x80008819
        9525000	       951	800003d0	f38f1d03	lh	x26,-200(x30)	 x30:0x80008bd4 x26=0xfffff6f7 PA:0x80008b0c
        9535000	       952	800003d4	fc8e8723	sb	x8,-50(x29)	 x29:0x80008be8  x8:0x0000b0b1 PA:0x80008bb6
        9545000	       953	800003d8	02585a63	bge	x16,x5,8000040c	 x16:0x80009fc4  x5:0x00000000
        9555000	       954	800003dc	011c2bb3	slt	x23,x24,x17	 x24:0x80008fcb x17:0x80008d56 x23=0x00000000
        9565000	       955	800003e0	03cede63	bge	x29,x28,8000041c	 x29:0x80008be8 x28:0x00000049
        9575000	       956	800003e4	0047c333	xor	x6,x15,x4	 x15:0xffffffaf  x4:0x0000cccd  x6=0xffff3362
        9585000	       957	800003e8	419d09b3	sub	x19,x26,x25	 x26:0xfffff6f7 x25:0x000000c6 x19=0xfffff631
        9595000	       958	800003ec	c3dc8793	addi	x15,x25,-963	 x25:0x000000c6 x15=0xfffffd03
        9605000	       959	800003f0	019ca7b3	slt	x15,x25,x25	 x25:0x000000c6 x25:0x000000c6 x15=0x00000000
        9615000	       960	800003f4	4044d313	srai	x6,x9,0x4	  x9:0x00000001  x6=0x00000000
        9625000	       961	800003f8	039d7863	bgeu	x26,x25,80000428	 x26:0xfffff6f7 x25:0x000000c6
        9635000	       962	00000000	00000013	addi	x0,x0,0	  x0:0x00000000
        9645000	       963	80000424	00000013	addi	x0,x0,0	  x0:0x00000000
        9655000	       964	80000428	80028593	addi	x11,x5,-2048	  x5:0x00000000 x11=0xfffff800
        9665000	       965	8000042c	01c58933	add	x18,x11,x28	 x11:0xfffff800 x28:0x00000049 x18=0xfffff849
        9675000	       966	80000430	05bb8063	beq	x23,x27,80000470	 x23:0x00000000 x27:0x00000005
        9685000	       967	80000434	049c1463	bne	x24,x9,8000047c	 x24:0x80008fcb  x9:0x00000001
        9695000	       968	00000000	00000013	addi	x0,x0,0	  x0:0x00000000
        9705000	       969	80000478	00000013	addi	x0,x0,0	  x0:0x00000000
        9715000	       970	8000047c	40230a33	sub	x20,x6,x2	  x6:0x00000000  x2:0x8000821d x20=0x7fff7de3
        9725000	       971	80000480	011491b3	sll	x3,x9,x17	  x9:0x00000001 x17:0x80008d56  x3=0x00400000
        9735000	       972	80000484	41e15393	srai	x7,x2,0x1e	  x2:0x8000821d  x7=0xfffffffe
        9745000	       973	80000488	017dbab3	sltu	x21,x27,x23	 x27:0x00000005 x23:0x00000000 x21=0x00000000
        9755000	       974	8000048c	bef9e513	ori	x10,x19,-1041	 x19:0xfffff631 x10=0xffffffff
        9765000	       975	80000490	00bed913	srli	x18,x29,0xb	 x29:0x80008be8 x18=0x00100011
        9775000	       976	80000494	5545b913	sltiu	x18,x11,1364	 x11:0xfffff800 x18=0x00000000
        9785000	       977	80000498	74f92397	auipc	x7,0x74f92	  x7=0xf4f92494
        9795000	       978	8000049c	00135133	srl	x2,x6,x1	  x6:0x00000000  x1:0x000000da  x2=0x00000000
        9805000	       979	800004a0	0187a033	slt	x0,x15,x24	 x15:0x00000000 x24:0x80008fcb
        9815000	       980	800004a4	41cad533	sra	x10,x21,x28	 x21:0x00000000 x28:0x00000049 x10=0x00000000
        9825000	       981	800004a8	00000013	addi	x0,x0,0	  x0:0x00000000
        9835000	       982	800004ac	03c18863	beq	x3,x28,800004dc	  x3:0x00400000 x28:0x00000049
        9845000	       983	800004b0	f8ce8593	addi	x11,x29,-116	 x29:0x80008be8 x11=0x80008b74
        9855000	       984	800004b4	00000013	addi	x0,x0,0	  x0:0x00000000
        9865000	       985	800004b8	55107697	auipc	x13,0x55107	 x13=0xd51074b4
        9875000	       986	800004bc	0088ac33	slt	x24,x17,x8	 x17:0x80008d56  x8:0x0000b0b1 x24=0x00000001
        9885000	       987	800004c0	00457713	andi	x14,x10,4	 x10:0x00000000 x14=0x00000000
        9895000	       988	800004c4	01020e33	add	x28,x4,x16	  x4:0x0000cccd x16:0x80009fc4 x28=0x80016c91
        9905000	       989	800004c8	4009d713	srai	x14,x19,0x0	 x19:0xfffff631 x14=0xfffff631
        9915000	       990	800004cc	00146663	bltu	x8,x1,800004d8	  x8:0x0000b0b1  x1:0x000000da
        9925000	       991	800004d0	41f35913	srai	x18,x6,0x1f	  x6:0x00000000 x18=0x00000000
        9935000	       992	800004d4	d236e317	auipc	x6,0xd236e	  x6=0x5236e4d0
        9945000	       993	800004d8	129fc493	xori	x9,x31,297	 x31:0xffffffb8  x9=0xfffffe91
        9955000	       994	800004dc	041bd263	bge	x23,x1,80000520	 x23:0x00000000  x1:0x000000da
        9965000	       995	800004e0	36473513	sltiu	x10,x14,868	 x14:0xfffff631 x10=0x00000000
        9975000	       996	800004e4	b8aa5417	auipc	x8,0xb8aa5	  x8=0x38aa54e0
        9985000	       997	800004e8	01a7a1b3	slt	x3,x15,x26	 x15:0x00000000 x26:0xfffff6f7  x3=0x00000000
        9995000	       998	800004ec	27127a97	auipc	x21,0x27127	 x21=0xa71274e8
       10005000	       999	800004f0	41eb06b3	sub	x13,x22,x30	 x22:0x00000044 x30:0x80008bd4 x13=0x7fff7470
       10015000	      1000	800004f4	013acd33	xor	x26,x21,x19	 x21:0xa71274e8 x19:0xfffff631 x26=0x58ed82d9
       10025000	      1001	800004f8	00e97333	and	x6,x18,x14	 x18:0x00000000 x14:0xfffff631  x6=0x00000000
       10035000	      1002	800004fc	a476e213	ori	x4,x13,-1465	 x13:0x7fff7470  x4=0xfffffe77
       10045000	      1003	80000500	01305cb3	srl	x25,x0,x19	  x0:0x00000000 x19:0xfffff631 x25=0x00000000
       10055000	      1004	80000504	018aa5b3	slt	x11,x21,x24	 x21:0xa71274e8 x24:0x00000001 x11=0x00000001
       10065000	      1005	80000508	6ad76113	ori	x2,x14,1709	 x14:0xfffff631  x2=0xfffff6bd
       10075000	      1006	8000050c	005e8d33	add	x26,x29,x5	 x29:0x80008be8  x5:0x00000000 x26=0x80008be8
       10085000	      1007	80000510	008e1263	bne	x28,x8,80000514	 x28:0x80016c91  x8:0x38aa54e0
       10095000	      1008	00000000	00000013	addi	x0,x0,0	  x0:0x00000000
       10105000	      1009	80000510	00000013	addi	x0,x0,0	  x0:0x00000000
       10115000	      1010	80000514	6cb37b97	auipc	x23,0x6cb37	 x23=0xecb37510
       10125000	      1011	80000518	053c7863	bgeu	x24,x19,80000568	 x24:0x00000001 x19:0xfffff631
       10135000	      1012	8000051c	01dc0d33	add	x26,x24,x29	 x24:0x00000001 x29:0x80008be8 x26=0x80008be9
       10145000	      1013	80000520	0194ce63	blt	x9,x25,8000053c	  x9:0xfffffe91 x25:0x00000000
       10155000	      1014	00000000	00000013	addi	x0,x0,0	  x0:0x00000000
       10165000	      1015	80000538	00000013	addi	x0,x0,0	  x0:0x00000000
       10175000	      1016	8000053c	00d9ffb3	and	x31,x19,x13	 x19:0xfffff631 x13:0x7fff7470 x31=0x7fff7430
       10185000	      1017	80000540	038fda63	bge	x31,x24,80000574	 x31:0x7fff7430 x24:0x00000001
       10195000	      1018	00000000	00000013	addi	x0,x0,0	  x0:0x00000000
       10205000	      1019	80000570	00000013	addi	x0,x0,0	  x0:0x00000000
       10215000	      1020	80000574	00069693	slli	x13,x13,0x0	 x13:0x7fff7470 x13=0x7fff7470
       10225000	      1021	80000578	00e71993	slli	x19,x14,0xe	 x14:0xfffff631 x19=0xfd8c4000
       10235000	      1022	8000057c	b0852897	auipc	x17,0xb0852	 x17=0x30852578
       10245000	      1023	80000580	00001a17	auipc	x20,0x1	 x20=0x8000157c
       10255000	      1024	80000584	048a0a13	addi	x20,x20,72	 x20:0x8000157c x20=0x800015c4
       10265000	      1025	80000588	355a0a13	addi	x20,x20,853	 x20:0x800015c4 x20=0x80001919
       10275000	      1026	8000058c	2a327f93	andi	x31,x4,675	  x4:0xfffffe77 x31=0x00000223
       10285000	      1027	80000590	007f8bb3	add	x23,x31,x7	 x31:0x00000223  x7:0xf4f92494 x23=0xf4f926b7
       10295000	      1028	80000594	97d88b93	addi	x23,x17,-1667	 x17:0x30852578 x23=0x30851ef5
       10305000	      1029	80000598	caba00e7	jalr	x1,x20,-853	 x20:0x80001919  x1=0x80000598
       10315000	      1030	00000000	00000013	addi	x0,x0,0	  x0:0x00000000
       10325000	      1031	800015c4	00000013	addi	x0,x0,0	  x0:0x00000000
       10335000	      1032	800015c8	00a06463	bltu	x0,x10,800015d0	  x0:0x00000000 x10:0x00000000
       10345000	      1033	800015cc	011f9293	slli	x5,x31,0x11	 x31:0x00000223  x5=0x04460000
       10355000	      1034	800015d0	ff460613	addi	x12,x12,-12	 x12:0x80009f84 x12=0x80009f78
       10365000	      1035	800015d4	01b8d7b3	srl	x15,x17,x27	 x17:0x30852578 x27:0x00000005 x15=0x0184292b
       10375000	      1036	800015d8	00162223	sw	x1,4(x12)	 x12:0x80009f78  x1:0x80000598 PA:0x80009f7c
       10385000	      1037	800015dc	007e72b3	and	x5,x28,x7	 x28:0x80016c91  x7:0xf4f92494  x5=0x80012490
       10395000	      1038	800015e0	00007117	auipc	x2,0x7	  x2=0x800085dc
       10405000	      1039	800015e4	25f10113	addi	x2,x2,607	  x2:0x800085dc  x2=0x8000883b
       10415000	      1040	800015e8	550be293	ori	x5,x23,1360	 x23:0x30851ef5  x5=0x30851ff5
       10425000	      1041	800015ec	02b11f83	lh	x31,43(x2)	  x2:0x8000883b x31=0x00004c4d PA:0x80008866
       10435000	      1042	800015f0	49814883	lbu	x17,1176(x2)	  x2:0x8000883b x17=0x000000b8 PA:0x80008cd3
       10445000	      1043	800015f4	ec04ba13	sltiu	x20,x9,-320	  x9:0xfffffe91 x20=0x00000001
       10455000	      1044	800015f8	403ed9b3	sra	x19,x29,x3	 x29:0x80008be8  x3:0x00000000 x19=0x80008be8
       10465000	      1045	800015fc	28d105a3	sb	x13,651(x2)	  x2:0x8000883b x13:0x7fff7470 PA:0x80008ac6
       10475000	      1046	80001600	402d89b3	sub	x19,x27,x2	 x27:0x00000005  x2:0x8000883b x19=0x7fff77ca
       10485000	      1047	80001604	35810e23	sb	x24,860(x2)	  x2:0x8000883b x24:0x00000001 PA:0x80008b97
       10495000	      1048	80001608	f2e12013	slti	x0,x2,-210	  x2:0x8000883b
       10505000	      1049	8000160c	0009e2b3	or	x5,x19,x0	 x19:0x7fff77ca  x0:0x00000000  x5=0x7fff77ca
       10515000	      1050	80001610	77a119a3	sh	x26,1907(x2)	  x2:0x8000883b x26:0x80008be9 PA:0x80008fae
       10525000	      1051	80001614	25010ba3	sb	x16,599(x2)	  x2:0x8000883b x16:0x80009fc4 PA:0x80008a92
       10535000	      1052	80001618	0ec10003	lb	x0,236(x2)	  x2:0x8000883b PA:0x80008927
       10545000	      1053	8000161c	1ea14003	lbu	x0,490(x2)	  x2:0x8000883b PA:0x80008a25
       10555000	      1054	80001620	28210883	lb	x17,642(x2)	  x2:0x8000883b x17=0xffffffa6 PA:0x80008abd
       10565000	      1055	80001624	005b88b3	add	x17,x23,x5	 x23:0x30851ef5  x5:0x7fff77ca x17=0xb08496bf
       10575000	      1056	80001628	5be14e83	lbu	x29,1470(x2)	  x2:0x8000883b x29=0x000000e2 PA:0x80008df9
       10585000	      1057	8000162c	009c9b93	slli	x23,x25,0x9	 x25:0x00000000 x23=0x00000000
       10595000	      1058	80001630	0ae14883	lbu	x17,174(x2)	  x2:0x8000883b x17=0x000000d2 PA:0x800088e9
       10605000	      1059	80001634	37f10023	sb	x31,864(x2)	  x2:0x8000883b x31:0x00004c4d PA:0x80008b9b
       10615000	      1060	80001638	0045a7b3	slt	x15,x11,x4	 x11:0x00000001  x4:0xfffffe77 x15=0x00000000
       10625000	      1061	8000163c	a2eac213	xori	x4,x21,-1490	 x21:0xa71274e8  x4=0x58ed8ec6
       10635000	      1062	80001640	46d10183	lb	x3,1133(x2)	  x2:0x8000883b  x3=0xffffff93 PA:0x80008ca8
       10645000	      1063	80001644	01fcf0b3	and	x1,x25,x31	 x25:0x00000000 x31:0x00004c4d  x1=0x00000000
       10655000	      1064	80001648	29714583	lbu	x11,663(x2)	  x2:0x8000883b x11=0x000000b9 PA:0x80008ad2
       10665000	      1065	8000164c	001e14b3	sll	x9,x28,x1	 x28:0x80016c91  x1:0x00000000  x9=0x80016c91
       10675000	      1066	80001650	5eb61397	auipc	x7,0x5eb61	  x7=0xdeb6264c
       10685000	      1067	80001654	76052a93	slti	x21,x10,1888	 x10:0x00000000 x21=0x00000001
       10695000	      1068	80001658	01014783	lbu	x15,16(x2)	  x2:0x8000883b x15=0x00000030 PA:0x8000884b
       10705000	      1069	8000165c	41d55933	sra	x18,x10,x29	 x10:0x00000000 x29:0x000000e2 x18=0x00000000
       10715000	      1070	80001660	34915703	lhu	x14,841(x2)	  x2:0x8000883b x14=0x00006e6f PA:0x80008b84
       10725000	      1071	80001664	41be86b3	sub	x13,x29,x27	 x29:0x000000e2 x27:0x00000005 x13=0x000000dd
       10735000	      1072	80001668	40b058b3	sra	x17,x0,x11	  x0:0x00000000 x11:0x000000b9 x17=0x00000000
       10745000	      1073	8000166c	00000013	addi	x0,x0,0	  x0:0x00000000
       10755000	      1074	80001670	0a610683	lb	x13,166(x2)	  x2:0x8000883b x13=0xffffffca PA:0x800088e1
       10765000	      1075	80001674	014f9eb3	sll	x29,x31,x20	 x31:0x00004c4d x20:0x00000001 x29=0x0000989a
       10775000	      1076	80001678	3c4112a3	sh	x4,965(x2)	  x2:0x8000883b  x4:0x58ed8ec6 PA:0x80008c00
       10785000	      1077	8000167c	09714483	lbu	x9,151(x2)	  x2:0x8000883b  x9=0x000000b9 PA:0x800088d2
       10795000	      1078	80001680	0be10023	sb	x30,160(x2)	  x2:0x8000883b x30:0x80008bd4 PA:0x800088db
       10805000	      1079	80001684	01e7e2b3	or	x5,x15,x30	 x15:0x00000030 x30:0x80008bd4  x5=0x80008bf4
       10815000	      1080	80001688	400e88b3	sub	x17,x29,x0	 x29:0x0000989a  x0:0x00000000 x17=0x0000989a
       10825000	      1081	8000168c	41814003	lbu	x0,1048(x2)	  x2:0x8000883b PA:0x80008c53
       10835000	      1082	80001690	00ffd093	srli	x1,x31,0xf	 x31:0x00004c4d  x1=0x00000000
       10845000	      1083	80001694	6c011ba3	sh	x0,1751(x2)	  x2:0x8000883b  x0:0x00000000 PA:0x80008f12
       10855000	      1084	80001698	3d0f0a93	addi	x21,x30,976	 x30:0x80008bd4 x21=0x80008fa4
       10865000	      1085	8000169c	334e8293	addi	x5,x29,820	 x29:0x0000989a  x5=0x00009bce
       10875000	      1086	800016a0	00f0d533	srl	x10,x1,x15	  x1:0x00000000 x15:0x00000030 x10=0x00000000
       10885000	      1087	800016a4	29e122a3	sw	x30,645(x2)	  x2:0x8000883b x30:0x80008bd4 PA:0x80008ac0
       10895000	      1088	800016a8	78512283	lw	x5,1925(x2)	  x2:0x8000883b  x5=0xa8a9aaab PA:0x80008fc0
       10905000	      1089	800016ac	24d12703	lw	x14,589(x2)	  x2:0x8000883b x14=0x70717273 PA:0x80008a88
       10915000	      1090	800016b0	017c71b3	and	x3,x24,x23	 x24:0x00000001 x23:0x00000000  x3=0x00000000
       10925000	      1091	800016b4	60a10483	lb	x9,1546(x2)	  x2:0x8000883b  x9=0x0000002e PA:0x80008e45
       10935000	      1092	800016b8	017c5593	srli	x11,x24,0x17	 x24:0x00000001 x11=0x00000000
       10945000	      1093	800016bc	40410d23	sb	x4,1050(x2)	  x2:0x8000883b  x4:0x58ed8ec6 PA:0x80008c55
       10955000	      1094	800016c0	12f15503	lhu	x10,303(x2)	  x2:0x8000883b x10=0x00005051 PA:0x8000896a
       10965000	      1095	800016c4	00007f17	auipc	x30,0x7	 x30=0x800086c0
       10975000	      1096	800016c8	03cf0f13	addi	x30,x30,60	 x30:0x800086c0 x30=0x800086fc
       10985000	      1097	800016cc	ff0f4a83	lbu	x21,-16(x30)	 x30:0x800086fc x21=0x000000a7 PA:0x800086ec
       10995000	      1098	800016d0	a7cefd13	andi	x26,x29,-1412	 x29:0x0000989a x26=0x00009818
       11005000	      1099	800016d4	fe1f08a3	sb	x1,-15(x30)	 x30:0x800086fc  x1:0x00000000 PA:0x800086ed
       11015000	      1100	800016d8	ff1f4783	lbu	x15,-15(x30)	 x30:0x800086fc x15=0x00000000 PA:0x800086ed
       11025000	      1101	800016dc	007f01a3	sb	x7,3(x30)	 x30:0x800086fc  x7:0xdeb6264c PA:0x800086ff
       11035000	      1102	800016e0	003f0683	lb	x13,3(x30)	 x30:0x800086fc x13=0x0000004c PA:0x800086ff
       11045000	      1103	800016e4	94a7ce93	xori	x29,x15,-1718	 x15:0x00000000 x29=0xfffff94a
       11055000	      1104	800016e8	003f4783	lbu	x15,3(x30)	 x30:0x800086fc x15=0x0000004c PA:0x800086ff
       11065000	      1105	800016ec	9b182d13	slti	x26,x16,-1615	 x16:0x80009fc4 x26=0x00000001
       11075000	      1106	800016f0	5e9d4513	xori	x10,x26,1513	 x26:0x00000001 x10=0x000005e8
       11085000	      1107	800016f4	ff4f2483	lw	x9,-12(x30)	 x30:0x800086fc  x9=0xa8a9aaab PA:0x800086f0
       11095000	      1108	800016f8	9d90ea93	ori	x21,x1,-1575	  x1:0x00000000 x21=0xfffff9d9
       11105000	      1109	800016fc	ff2f0ca3	sb	x18,-7(x30)	 x30:0x800086fc x18:0x00000000 PA:0x800086f5
       11115000	      1110	80001700	0024d533	srl	x10,x9,x2	  x9:0xa8a9aaab  x2:0x8000883b x10=0x00000015
       11125000	      1111	80001704	feff0ca3	sb	x15,-7(x30)	 x30:0x800086fc x15:0x0000004c PA:0x800086f5
       11135000	      1112	80001708	ff0f5983	lhu	x19,-16(x30)	 x30:0x800086fc x19=0x000000a7 PA:0x800086ec
       11145000	      1113	8000170c	d4136393	ori	x7,x6,-703	  x6:0x00000000  x7=0xfffffd41
       11155000	      1114	80001710	010f4d03	lbu	x26,16(x30)	 x30:0x800086fc x26=0x000000c7 PA:0x8000870c
       11165000	      1115	80001714	00007217	auipc	x4,0x7	  x4=0x80008710
       11175000	      1116	80001718	a4520213	addi	x4,x4,-1467	  x4:0x80008710  x4=0x80008155
       11185000	      1117	8000171c	012d9cb3	sll	x25,x27,x18	 x27:0x00000005 x18:0x00000000 x25=0x00000005
       11195000	      1118	80001720	00d25d03	lhu	x26,13(x4)	  x4:0x80008155 x26=0x0000a319 PA:0x80008162
       11205000	      1119	80001724	00d21a03	lh	x20,13(x4)	  x4:0x80008155 x20=0xffffa319 PA:0x80008162
       11215000	      1120	80001728	016206a3	sb	x22,13(x4)	  x4:0x80008155 x22:0x00000044 PA:0x80008162
       11225000	      1121	8000172c	00d20a83	lb	x21,13(x4)	  x4:0x80008155 x21=0x00000044 PA:0x80008162
       11235000	      1122	80001730	fc624513	xori	x10,x4,-58	  x4:0x80008155 x10=0x7fff7e93
       11245000	      1123	80001734	008cc733	xor	x14,x25,x8	 x25:0x00000005  x8:0x38aa54e0 x14=0x38aa54e5
       11255000	      1124	80001738	00d25503	lhu	x10,13(x4)	  x4:0x80008155 x10=0x0000a344 PA:0x80008162
       11265000	      1125	8000173c	00d20383	lb	x7,13(x4)	  x4:0x80008155  x7=0x00000044 PA:0x80008162
       11275000	      1126	80001740	00d20483	lb	x9,13(x4)	  x4:0x80008155  x9=0x00000044 PA:0x80008162
       11285000	      1127	80001744	00cb5913	srli	x18,x22,0xc	 x22:0x00000044 x18=0x00000000
       11295000	      1128	80001748	00d20f03	lb	x30,13(x4)	  x4:0x80008155 x30=0x00000044 PA:0x80008162
       11305000	      1129	8000174c	00520e83	lb	x29,5(x4)	  x4:0x80008155 x29=0x00000011 PA:0x8000815a
       11315000	      1130	80001750	00521503	lh	x10,5(x4)	  x4:0x80008155 x10=0x00001011 PA:0x8000815a
       11325000	      1131	80001754	40e759b3	sra	x19,x14,x14	 x14:0x38aa54e5 x14:0x38aa54e5 x19=0x01c552a7
       11335000	      1132	80001758	fccaac37	lui	x24,0xfccaa	 x24=0xfccaa000
       11345000	      1133	8000175c	015212a3	sh	x21,5(x4)	  x4:0x80008155 x21:0x00000044 PA:0x8000815a
       11355000	      1134	80001760	00521e03	lh	x28,5(x4)	  x4:0x80008155 x28=0x00000044 PA:0x8000815a
       11365000	      1135	80001764	40cc84b3	sub	x9,x25,x12	 x25:0x00000005 x12:0x80009f78  x9=0x7fff608d
       11375000	      1136	80001768	fff24283	lbu	x5,-1(x4)	  x4:0x80008155  x5=0x0000000f PA:0x80008154
       11385000	      1137	8000176c	00007997	auipc	x19,0x7	 x19=0x80008768
       11395000	      1138	80001770	f0698993	addi	x19,x19,-250	 x19:0x80008768 x19=0x8000866e
       11405000	      1139	80001774	fe59c483	lbu	x9,-27(x19)	 x19:0x8000866e  x9=0x00000008 PA:0x80008653
       11415000	      1140	80001778	014b5f13	srli	x30,x22,0x14	 x22:0x00000044 x30=0x00000000
       11425000	      1141	8000177c	fd89ce03	lbu	x28,-40(x19)	 x19:0x8000866e x28=0x000000fd PA:0x80008646
       11435000	      1142	80001780	012d7433	and	x8,x26,x18	 x26:0x0000a319 x18:0x00000000  x8=0x00000000
       11445000	      1143	80001784	fec9db03	lhu	x22,-20(x19)	 x19:0x8000866e x22=0x00001011 PA:0x8000865a
       11455000	      1144	80001788	0149d003	lhu	x0,20(x19)	 x19:0x8000866e PA:0x80008682
       11465000	      1145	8000178c	01c40733	add	x14,x8,x28	  x8:0x00000000 x28:0x000000fd x14=0x000000fd
       11475000	      1146	80001790	ff998923	sb	x25,-14(x19)	 x19:0x8000866e x25:0x00000005 PA:0x80008660
       11485000	      1147	80001794	00000013	addi	x0,x0,0	  x0:0x00000000
       11495000	      1148	80001798	00e99503	lh	x10,14(x19)	 x19:0x8000866e x10=0x00003637 PA:0x8000867c
       11505000	      1149	8000179c	fc8981a3	sb	x8,-61(x19)	 x19:0x8000866e  x8:0x00000000 PA:0x80008631
       11515000	      1150	800017a0	01976d33	or	x26,x14,x25	 x14:0x000000fd x25:0x00000005 x26=0x000000fd
       11525000	      1151	800017a4	fc498fa3	sb	x4,-33(x19)	 x19:0x8000866e  x4:0x80008155 PA:0x8000864d
       11535000	      1152	800017a8	aa5ae393	ori	x7,x21,-1371	 x21:0x00000044  x7=0xfffffae5
       11545000	      1153	800017ac	00b9c503	lbu	x10,11(x19)	 x19:0x8000866e x10=0x00000032 PA:0x80008679
       11555000	      1154	800017b0	0389ca83	lbu	x21,56(x19)	 x19:0x8000866e x21=0x0000005d PA:0x800086a6
       11565000	      1155	800017b4	00d118b3	sll	x17,x2,x13	  x2:0x8000883b x13:0x0000004c x17=0x0883b000
       11575000	      1156	800017b8	40b1dab3	sra	x21,x3,x11	  x3:0x00000000 x11:0x00000000 x21=0x00000000
       11585000	      1157	800017bc	417bd5b3	sra	x11,x23,x23	 x23:0x00000000 x23:0x00000000 x11=0x00000000
       11595000	      1158	800017c0	03298da3	sb	x18,59(x19)	 x19:0x8000866e x18:0x00000000 PA:0x800086a9
       11605000	      1159	800017c4	2fd48793	addi	x15,x9,765	  x9:0x00000008 x15=0x00000305
       11615000	      1160	800017c8	01a99f03	lh	x30,26(x19)	 x19:0x8000866e x30=0x00004243 PA:0x80008688
       11625000	      1161	800017cc	c3572a13	slti	x20,x14,-971	 x14:0x000000fd x20=0x00000000
       11635000	      1162	800017d0	fe5988a3	sb	x5,-15(x19)	 x19:0x8000866e  x5:0x0000000f PA:0x8000865f
       11645000	      1163	800017d4	5f233093	sltiu	x1,x6,1522	  x6:0x00000000  x1=0x00000001
       11655000	      1164	800017d8	02c9dc03	lhu	x24,44(x19)	 x19:0x8000866e x24=0x00005051 PA:0x8000869a
       11665000	      1165	800017dc	03b986a3	sb	x27,45(x19)	 x19:0x8000866e x27:0x00000005 PA:0x8000869b
       11675000	      1166	800017e0	02a9db03	lhu	x22,42(x19)	 x19:0x8000866e x22=0x00005253 PA:0x80008698
       11685000	      1167	800017e4	fd3988a3	sb	x19,-47(x19)	 x19:0x8000866e x19:0x8000866e PA:0x8000863f
       11695000	      1168	800017e8	a5db8f93	addi	x31,x23,-1443	 x23:0x00000000 x31=0xfffffa5d
       11705000	      1169	800017ec	f88ef893	andi	x17,x29,-120	 x29:0x00000011 x17=0x00000000
       11715000	      1170	800017f0	7610bc13	sltiu	x24,x1,1889	  x1:0x00000001 x24=0x00000001
       11725000	      1171	800017f4	fe19ce83	lbu	x29,-31(x19)	 x19:0x8000866e x29=0x00000004 PA:0x8000864f
       11735000	      1172	800017f8	fda9a003	lw	x0,-38(x19)	 x19:0x8000866e PA:0x80008648
       11745000	      1173	800017fc	0029a123	sw	x2,2(x19)	 x19:0x8000866e  x2:0x8000883b PA:0x80008670
       11755000	      1174	80001800	c4843893	sltiu	x17,x8,-952	  x8:0x00000000 x17=0x00000001
       11765000	      1175	80001804	01f9ce83	lbu	x29,31(x19)	 x19:0x8000866e x29=0x00000046 PA:0x8000868d
       11775000	      1176	80001808	5e444593	xori	x11,x8,1508	  x8:0x00000000 x11=0x000005e4
       11785000	      1177	8000180c	1010a293	slti	x5,x1,257	  x1:0x00000001  x5=0x00000001
       11795000	      1178	80001810	fea98123	sb	x10,-30(x19)	 x19:0x8000866e x10:0x00000032 PA:0x80008650
       11805000	      1179	80001814	36a70b13	addi	x22,x14,874	 x14:0x000000fd x22=0x00000467
       11815000	      1180	80001818	0289ce03	lbu	x28,40(x19)	 x19:0x8000866e x28=0x00000000 PA:0x80008696
       11825000	      1181	8000181c	410256b3	sra	x13,x4,x16	  x4:0x80008155 x16:0x80009fc4 x13=0xf8000815
       11835000	      1182	80001820	00a5b5b3	sltu	x11,x11,x10	 x11:0x000005e4 x10:0x00000032 x11=0x00000000
       11845000	      1183	80001824	ffd98903	lb	x18,-3(x19)	 x19:0x8000866e x18=0x00000020 PA:0x8000866b
       11855000	      1184	80001828	00007c97	auipc	x25,0x7	 x25=0x80008824
       11865000	      1185	8000182c	e72c8c93	addi	x25,x25,-398	 x25:0x80008824 x25=0x80008696
       11875000	      1186	80001830	00007197	auipc	x3,0x7	  x3=0x8000882c
       11885000	      1187	80001834	d6018193	addi	x3,x3,-672	  x3:0x8000882c  x3=0x8000858c
       11895000	      1188	80001838	008c85a3	sb	x8,11(x25)	 x25:0x80008696  x8:0x00000000 PA:0x800086a1
       11905000	      1189	8000183c	00007717	auipc	x14,0x7	 x14=0x80008838
       11915000	      1190	80001840	ba970713	addi	x14,x14,-1111	 x14:0x80008838 x14=0x800083e1
       11925000	      1191	80001844	f2770383	lb	x7,-217(x14)	 x14:0x800083e1  x7=0xffffffc3 PA:0x80008308
       11935000	      1192	00000000	00000013	addi	x0,x0,0	  x0:0x00000000
       11945000	      1193	80001848	007187a3	sb	x7,15(x3)	  x3:0x8000858c  x7:0xffffffc3 PA:0x8000859b
       11955000	      1194	8000184c	00007a97	auipc	x21,0x7	 x21=0x80008848
       11965000	      1195	80001850	c9da8a93	addi	x21,x21,-867	 x21:0x80008848 x21=0x800084e5
       11975000	      1196	80001854	009cc303	lbu	x6,9(x25)	 x25:0x80008696  x6=0x00000054 PA:0x8000869f
       11985000	      1197	80001858	c41ac103	lbu	x2,-959(x21)	 x21:0x800084e5  x2=0x000000dd PA:0x80008126
       11995000	      1198	8000185c	0f1a85a3	sb	x17,235(x21)	 x21:0x800084e5 x17:0x00000001 PA:0x800085d0
       12005000	      1199	80001860	002ca323	sw	x2,6(x25)	 x25:0x80008696  x2:0x000000dd PA:0x8000869c
       12015000	      1200	80001864	01bc8223	sb	x27,4(x25)	 x25:0x80008696 x27:0x00000005 PA:0x8000869a
       12025000	      1201	80001868	0ee74c03	lbu	x24,238(x14)	 x14:0x800083e1 x24=0x00000084 PA:0x800084cf
       12035000	      1202	8000186c	0111c303	lbu	x6,17(x3)	  x3:0x8000858c  x6=0x00000056 PA:0x8000859d
       12045000	      1203	80001870	faf71d03	lh	x26,-81(x14)	 x14:0x800083e1 x26=0x00004a4b PA:0x80008390
       12055000	      1204	80001874	fcf74003	lbu	x0,-49(x14)	 x14:0x800083e1 PA:0x800083b0
       12065000	      1205	80001878	042c8023	sb	x2,64(x25)	 x25:0x80008696  x2:0x000000dd PA:0x800086d6
       12075000	      1206	8000187c	00007217	auipc	x4,0x7	  x4=0x80008878
       12085000	      1207	80001880	81520213	addi	x4,x4,-2027	  x4:0x80008878  x4=0x8000808d
       12095000	      1208	80001884	cb2a8023	sb	x18,-864(x21)	 x21:0x800084e5 x18:0x00000020 PA:0x80008185
       12105000	      1209	80001888	0c474003	lbu	x0,196(x14)	 x14:0x800083e1 PA:0x800084a5
       12115000	      1210	8000188c	fd024c03	lbu	x24,-48(x4)	  x4:0x8000808d x24=0x00000016 PA:0x8000805d
       12125000	      1211	80001890	fea19e03	lh	x28,-22(x3)	  x3:0x8000858c x28=0x00002c2d PA:0x80008576
       12135000	      1212	80001894	03a1d583	lhu	x11,58(x3)	  x3:0x8000858c x11=0x00007c7d PA:0x800085c6
       12145000	      1213	80001898	fff21303	lh	x6,-1(x4)	  x4:0x8000808d  x6=0x00004647 PA:0x8000808c
       12155000	      1214	8000189c	fc921e03	lh	x28,-55(x4)	  x4:0x8000808d x28=0x00000c0d PA:0x80008056
       12165000	      1215	800018a0	03719223	sh	x23,36(x3)	  x3:0x8000858c x23:0x00000000 PA:0x800085b0
       12175000	      1216	800018a4	fed1c483	lbu	x9,-19(x3)	  x3:0x8000858c  x9=0x00000032 PA:0x80008579
       12185000	      1217	800018a8	01dcc683	lbu	x13,29(x25)	 x25:0x80008696 x13=0x00000068 PA:0x800086b3
       12195000	      1218	800018ac	023c8083	lb	x1,35(x25)	 x25:0x80008696  x1=0x00000072 PA:0x800086b9
       12205000	      1219	00000000	00000013	addi	x0,x0,0	  x0:0x00000000
       12215000	      1220	800018b0	fe118403	lb	x8,-31(x3)	  x3:0x8000858c  x8=0x00000026 PA:0x8000856d
       12225000	      1221	800018b4	fe218883	lb	x17,-30(x3)	  x3:0x8000858c x17=0x00000025 PA:0x8000856e
       12235000	      1222	800018b8	03a70403	lb	x8,58(x14)	 x14:0x800083e1  x8=0xffffffd0 PA:0x8000841b
       12245000	      1223	800018bc	fe374e83	lbu	x29,-29(x14)	 x14:0x800083e1 x29=0x0000007f PA:0x800083c4
       12255000	      1224	800018c0	01a24283	lbu	x5,26(x4)	  x4:0x8000808d  x5=0x0000005c PA:0x800080a7
       12265000	      1225	800018c4	015c8ea3	sb	x21,29(x25)	 x25:0x80008696 x21:0x800084e5 PA:0x800086b3
       12275000	      1226	800018c8	02220383	lb	x7,34(x4)	  x4:0x8000808d  x7=0x00000064 PA:0x800080af
       12285000	      1227	800018cc	02f22ba3	sw	x15,55(x4)	  x4:0x8000808d x15:0x00000305 PA:0x800080c4
       12295000	      1228	800018d0	fef1cf03	lbu	x30,-17(x3)	  x3:0x8000858c x30=0x00000030 PA:0x8000857b
       12305000	      1229	800018d4	da0ac483	lbu	x9,-608(x21)	 x21:0x800084e5  x9=0x0000003e PA:0x80008285
       12315000	      1230	800018d8	bd5ac903	lbu	x18,-1067(x21)	 x21:0x800084e5 x18=0x00000071 PA:0x800080ba
       12325000	      1231	800018dc	f9e70083	lb	x1,-98(x14)	 x14:0x800083e1  x1=0x00000034 PA:0x8000837f
       12335000	      1232	800018e0	025c8aa3	sb	x5,53(x25)	 x25:0x80008696  x5:0x0000005c PA:0x800086cb
       12345000	      1233	800018e4	fb272fa3	sw	x18,-65(x14)	 x14:0x800083e1 x18:0x00000071 PA:0x800083a0
       12355000	      1234	800018e8	fd218983	lb	x19,-46(x3)	  x3:0x8000858c x19=0x00000015 PA:0x8000855e
       12365000	      1235	800018ec	f1a70b03	lb	x22,-230(x14)	 x14:0x800083e1 x22=0xffffffb0 PA:0x800082fb
       12375000	      1236	800018f0	fc4c81a3	sb	x4,-61(x25)	 x25:0x80008696  x4:0x8000808d PA:0x80008659
       12385000	      1237	800018f4	005ace03	lbu	x28,5(x21)	 x21:0x800084e5 x28=0x000000a1 PA:0x800084ea
       12395000	      1238	800018f8	08da9da3	sh	x13,155(x21)	 x21:0x800084e5 x13:0x00000068 PA:0x80008580
       12405000	      1239	800018fc	03e0ca63	blt	x1,x30,80001930	  x1:0x00000034 x30:0x00000030
       12415000	      1240	80001900	40ff03b3	sub	x7,x30,x15	 x30:0x00000030 x15:0x00000305  x7=0xfffffd2b
       12425000	      1241	80001904	b3478093	addi	x1,x15,-1228	 x15:0x00000305  x1=0xfffffe39
       12435000	      1242	80001908	8c6ffa13	andi	x20,x31,-1850	 x31:0xfffffa5d x20=0xfffff844
       12445000	      1243	8000190c	0fe74593	xori	x11,x14,254	 x14:0x800083e1 x11=0x8000831f
       12455000	      1244	80001910	173ef793	andi	x15,x29,371	 x29:0x0000007f x15=0x00000073
       12465000	      1245	80001914	00cfe2b3	or	x5,x31,x12	 x31:0xfffffa5d x12:0x80009f78  x5=0xffffff7d
       12475000	      1246	80001918	61c5b197	auipc	x3,0x61c5b	  x3=0xe1c5c914
       12485000	      1247	8000191c	00000013	addi	x0,x0,0	  x0:0x00000000
       12495000	      1248	80001920	b6512993	slti	x19,x2,-1179	  x2:0x000000dd x19=0x00000000
       12505000	      1249	80001924	b9b11517	auipc	x10,0xb9b11	 x10=0x39b12920
       12515000	      1250	80001928	01754663	blt	x10,x23,80001934	 x10:0x39b12920 x23:0x00000000
       12525000	      1251	8000192c	00000013	addi	x0,x0,0	  x0:0x00000000
       12535000	      1252	80001930	63d0a713	slti	x14,x1,1597	  x1:0xfffffe39 x14=0x00000001
       12545000	      1253	80001934	009548b3	xor	x17,x10,x9	 x10:0x39b12920  x9:0x0000003e x17=0x39b1291e
       12555000	      1254	80001938	b9bd2597	auipc	x11,0xb9bd2	 x11=0x39bd3934
       12565000	      1255	8000193c	3cd9cd13	xori	x26,x19,973	 x19:0x00000000 x26=0x000003cd
       12575000	      1256	80001940	b2197e13	andi	x28,x18,-1247	 x18:0x00000071 x28=0x00000021
       12585000	      1257	80001944	881e0093	addi	x1,x28,-1919	 x28:0x00000021  x1=0xfffff8a2
       12595000	      1258	80001948	00007397	auipc	x7,0x7	  x7=0x80008944
       12605000	      1259	8000194c	23738393	addi	x7,x7,567	  x7:0x80008944  x7=0x80008b7b
       12615000	      1260	80001950	00007c97	auipc	x25,0x7	 x25=0x8000894c
       12625000	      1261	80001954	f49c8c93	addi	x25,x25,-183	 x25:0x8000894c x25=0x80008895
       12635000	      1262	80001958	d5d38a03	lb	x20,-675(x7)	  x7:0x80008b7b x20=0xffffffc3 PA:0x800088d8
       12645000	      1263	8000195c	16f38783	lb	x15,367(x7)	  x7:0x80008b7b x15=0x0000001c PA:0x80008cea
       12655000	      1264	80001960	03fcc003	lbu	x0,63(x25)	 x25:0x80008895 PA:0x800088d4
       12665000	      1265	80001964	cd73ce83	lbu	x29,-809(x7)	  x7:0x80008b7b x29=0x00000039 PA:0x80008852
       12675000	      1266	80001968	ce83a0a3	sw	x8,-799(x7)	  x7:0x80008b7b  x8:0xffffffd0 PA:0x8000885c
       12685000	      1267	8000196c	0a43ce03	lbu	x28,164(x7)	  x7:0x80008b7b x28=0x00000004 PA:0x80008c1f
       12695000	      1268	80001970	010c8223	sb	x16,4(x25)	 x25:0x80008895 x16:0x80009fc4 PA:0x80008899
       12705000	      1269	80001974	45f38703	lb	x14,1119(x7)	  x7:0x80008b7b x14=0xffffffc1 PA:0x80008fda
       12715000	      1270	80001978	03bc8e23	sb	x27,60(x25)	 x25:0x80008895 x27:0x00000005 PA:0x800088d1
       12725000	      1271	8000197c	1683c903	lbu	x18,360(x7)	  x7:0x80008b7b x18=0x000000c8 PA:0x80008ce3
       12735000	      1272	80001980	039c8823	sb	x25,48(x25)	 x25:0x80008895 x25:0x80008895 PA:0x800088c5
       12745000	      1273	80001984	d253a083	lw	x1,-731(x7)	  x7:0x80008b7b  x1=0x88898a8b PA:0x800088a0
       12755000	      1274	00000000	00000013	addi	x0,x0,0	  x0:0x00000000
       12765000	      1275	80001988	fe1c8483	lb	x9,-31(x25)	 x25:0x80008895  x9=0x0000005d PA:0x80008876
       12775000	      1276	8000198c	1bf39003	lh	x0,447(x7)	  x7:0x80008b7b PA:0x80008d3a
       12785000	      1277	80001990	00000013	addi	x0,x0,0	  x0:0x00000000
       12795000	      1278	80001994	40645c33	sra	x24,x8,x6	  x8:0xffffffd0  x6:0x00004647 x24=0xffffffff
       12805000	      1279	80001998	9e86ca13	xori	x20,x13,-1560	 x13:0x00000068 x20=0xfffff980
       12815000	      1280	8000199c	0014e1b3	or	x3,x9,x1	  x9:0x0000005d  x1:0x88898a8b  x3=0x88898adf
       12825000	      1281	800019a0	0119d933	srl	x18,x19,x17	 x19:0x00000000 x17:0x39b1291e x18=0x00000000
       12835000	      1282	800019a4	2f738b93	addi	x23,x7,759	  x7:0x80008b7b x23=0x80008e72
       12845000	      1283	800019a8	43a24ab7	lui	x21,0x43a24	 x21=0x43a24000
       12855000	      1284	800019ac	6293fd13	andi	x26,x7,1577	  x7:0x80008b7b x26=0x00000229
       12865000	      1285	800019b0	95e24f17	auipc	x30,0x95e24	 x30=0x15e259ac
       12875000	      1286	800019b4	b0714a13	xori	x20,x2,-1273	  x2:0x000000dd x20=0xfffffbda
       12885000	      1287	800019b8	91bcfa93	andi	x21,x25,-1765	 x25:0x80008895 x21=0x80008811
       12895000	      1288	800019bc	000e0033	add	x0,x28,x0	 x28:0x00000004  x0:0x00000000
       12905000	      1289	800019c0	01e38663	beq	x7,x30,800019cc	  x7:0x80008b7b x30:0x15e259ac
       12915000	      1290	800019c4	ae8f0317	auipc	x6,0xae8f0	  x6=0x2e8f19c0
       12925000	      1291	800019c8	00a89013	slli	x0,x17,0xa	 x17:0x39b1291e
       12935000	      1292	800019cc	00d41493	slli	x9,x8,0xd	  x8:0xffffffd0  x9=0xfffa0000
       12945000	      1293	800019d0	019e65b3	or	x11,x28,x25	 x28:0x00000004 x25:0x80008895 x11=0x80008895
       12955000	      1294	800019d4	00621e93	slli	x29,x4,0x6	  x4:0x8000808d x29=0x00202340
       12965000	      1295	800019d8	96feba13	sltiu	x20,x29,-1681	 x29:0x00202340 x20=0x00000001
       12975000	      1296	800019dc	01fd5d33	srl	x26,x26,x31	 x26:0x00000229 x31:0xfffffa5d x26=0x00000000
       12985000	      1297	800019e0	aa534d13	xori	x26,x6,-1371	  x6:0x2e8f19c0 x26=0xd170e365
       12995000	      1298	800019e4	02ab7e63	bgeu	x22,x10,80001a20	 x22:0xffffffb0 x10:0x39b12920
       13005000	      1299	00000000	00000013	addi	x0,x0,0	  x0:0x00000000
       13015000	      1300	80001a1c	00000013	addi	x0,x0,0	  x0:0x00000000
       13025000	      1301	80001a20	6d512213	slti	x4,x2,1749	  x2:0x000000dd  x4=0x00000001
       13035000	      1302	80001a24	e92f0393	addi	x7,x30,-366	 x30:0x15e259ac  x7=0x15e2583e
       13045000	      1303	80001a28	0127db93	srli	x23,x15,0x12	 x15:0x0000001c x23=0x00000000
       13055000	      1304	80001a2c	01aca733	slt	x14,x25,x26	 x25:0x80008895 x26:0xd170e365 x14=0x00000001
       13065000	      1305	80001a30	26fc6093	ori	x1,x24,623	 x24:0xffffffff  x1=0xffffffff
       13075000	      1306	80001a34	01ffa733	slt	x14,x31,x31	 x31:0xfffffa5d x31:0xfffffa5d x14=0x00000000
       13085000	      1307	80001a38	24777c13	andi	x24,x14,583	 x14:0x00000000 x24=0x00000000
       13095000	      1308	80001a3c	41cad313	srai	x6,x21,0x1c	 x21:0x80008811  x6=0xfffffff8
       13105000	      1309	80001a40	03e81863	bne	x16,x30,80001a70	 x16:0x80009fc4 x30:0x15e259ac
       13115000	      1310	00000000	00000013	addi	x0,x0,0	  x0:0x00000000
       13125000	      1311	80001a6c	00000013	addi	x0,x0,0	  x0:0x00000000
       13135000	      1312	80001a70	01447f33	and	x30,x8,x20	  x8:0xffffffd0 x20:0x00000001 x30=0x00000000
       13145000	      1313	80001a74	00ac3c33	sltu	x24,x24,x10	 x24:0x00000000 x10:0x39b12920 x24=0x00000001
       13155000	      1314	80001a78	5c254c13	xori	x24,x10,1474	 x10:0x39b12920 x24=0x39b12ce2
       13165000	      1315	80001a7c	dfbe4593	xori	x11,x28,-517	 x28:0x00000004 x11=0xfffffdff
       13175000	      1316	80001a80	0079b6b3	sltu	x13,x19,x7	 x19:0x00000000  x7:0x15e2583e x13=0x00000001
       13185000	      1317	80001a84	0199acb3	slt	x25,x19,x25	 x19:0x00000000 x25:0x80008895 x25=0x00000000
       13195000	      1318	80001a88	01a38bb3	add	x23,x7,x26	  x7:0x15e2583e x26:0xd170e365 x23=0xe7533ba3
       13205000	      1319	80001a8c	00628fb3	add	x31,x5,x6	  x5:0xffffff7d  x6:0xfffffff8 x31=0xffffff75
       13215000	      1320	80001a90	017d3133	sltu	x2,x26,x23	 x26:0xd170e365 x23:0xe7533ba3  x2=0x00000001
       13225000	      1321	80001a94	00595fb3	srl	x31,x18,x5	 x18:0x00000000  x5:0xffffff7d x31=0x00000000
       13235000	      1322	80001a98	02f6ea63	bltu	x13,x15,80001acc	 x13:0x00000001 x15:0x0000001c
       13245000	      1323	00000000	00000013	addi	x0,x0,0	  x0:0x00000000
       13255000	      1324	80001ac8	00000013	addi	x0,x0,0	  x0:0x00000000
       13265000	      1325	80001acc	036e8863	beq	x29,x22,80001afc	 x29:0x00202340 x22:0xffffffb0
       13275000	      1326	80001ad0	40a45733	sra	x14,x8,x10	  x8:0xffffffd0 x10:0x39b12920 x14=0xffffffd0
       13285000	      1327	80001ad4	416f53b3	sra	x7,x30,x22	 x30:0x00000000 x22:0xffffffb0  x7=0x00000000
       13295000	      1328	80001ad8	03a38c63	beq	x7,x26,80001b10	  x7:0x00000000 x26:0xd170e365
       13305000	      1329	80001adc	0060fe33	and	x28,x1,x6	  x1:0xffffffff  x6:0xfffffff8 x28=0xfffffff8
       13315000	      1330	80001ae0	00e057b3	srl	x15,x0,x14	  x0:0x00000000 x14:0xffffffd0 x15=0x00000000
       13325000	      1331	80001ae4	01239a33	sll	x20,x7,x18	  x7:0x00000000 x18:0x00000000 x20=0x00000000
       13335000	      1332	80001ae8	03f0d263	bge	x1,x31,80001b0c	  x1:0xffffffff x31:0x00000000
       13345000	      1333	80001aec	05259063	bne	x11,x18,80001b2c	 x11:0xfffffdff x18:0x00000000
       13355000	      1334	00000000	00000013	addi	x0,x0,0	  x0:0x00000000
       13365000	      1335	80001b28	00000013	addi	x0,x0,0	  x0:0x00000000
       13375000	      1336	80001b2c	05279863	bne	x15,x18,80001b7c	 x15:0x00000000 x18:0x00000000
       13385000	      1337	80001b30	03b54863	blt	x10,x27,80001b60	 x10:0x39b12920 x27:0x00000005
       13395000	      1338	80001b34	00eb4233	xor	x4,x22,x14	 x22:0xffffffb0 x14:0xffffffd0  x4=0x00000060
       13405000	      1339	80001b38	01c802b3	add	x5,x16,x28	 x16:0x80009fc4 x28:0xfffffff8  x5=0x80009fbc
       13415000	      1340	80001b3c	2b363413	sltiu	x8,x12,691	 x12:0x80009f78  x8=0x00000000
       13425000	      1341	80001b40	00e81f13	slli	x30,x16,0xe	 x16:0x80009fc4 x30=0x27f10000
       13435000	      1342	80001b44	983fb137	lui	x2,0x983fb	  x2=0x983fb000
       13445000	      1343	80001b48	40c982b3	sub	x5,x19,x12	 x19:0x00000000 x12:0x80009f78  x5=0x7fff6088
       13455000	      1344	80001b4c	00321533	sll	x10,x4,x3	  x4:0x00000060  x3:0x88898adf x10=0x00000000
       13465000	      1345	80001b50	024d8e63	beq	x27,x4,80001b8c	 x27:0x00000005  x4:0x00000060
       13475000	      1346	80001b54	41435ab3	sra	x21,x6,x20	  x6:0xfffffff8 x20:0x00000000 x21=0xfffffff8
       13485000	      1347	80001b58	01a0a333	slt	x6,x1,x26	  x1:0xffffffff x26:0xd170e365  x6=0x00000000
       13495000	      1348	80001b5c	00000013	addi	x0,x0,0	  x0:0x00000000
       13505000	      1349	80001b60	4100de13	srai	x28,x1,0x10	  x1:0xffffffff x28=0xffffffff
       13515000	      1350	80001b64	00cc10b3	sll	x1,x24,x12	 x24:0x39b12ce2 x12:0x80009f78  x1=0xe2000000
       13525000	      1351	80001b68	ce3a8913	addi	x18,x21,-797	 x21:0xfffffff8 x18=0xfffffcdb
       13535000	      1352	80001b6c	c4fc0c13	addi	x24,x24,-945	 x24:0x39b12ce2 x24=0x39b12931
       13545000	      1353	80001b70	013a9793	slli	x15,x21,0x13	 x21:0xfffffff8 x15=0xffc00000
       13555000	      1354	80001b74	b9a7a713	slti	x14,x15,-1126	 x15:0xffc00000 x14=0x00000001
       13565000	      1355	80001b78	001f4463	blt	x30,x1,80001b80	 x30:0x27f10000  x1:0xe2000000
       13575000	      1356	80001b7c	e5d50a17	auipc	x20,0xe5d50	 x20=0x65d51b78
       13585000	      1357	80001b80	d1657097	auipc	x1,0xd1657	  x1=0x51658b7c
       13595000	      1358	80001b84	9dfbec13	ori	x24,x23,-1569	 x23:0xe7533ba3 x24=0xfffffbff
       13605000	      1359	80001b88	003d00b3	add	x1,x26,x3	 x26:0xd170e365  x3:0x88898adf  x1=0x59fa6e44
       13615000	      1360	80001b8c	008d9793	slli	x15,x27,0x8	 x27:0x00000005 x15=0x00000500
       13625000	      1361	80001b90	8e49ae93	slti	x29,x19,-1820	 x19:0x00000000 x29=0x00000000
       13635000	      1362	80001b94	013c5bb3	srl	x23,x24,x19	 x24:0xfffffbff x19:0x00000000 x23=0xfffffbff
       13645000	      1363	80001b98	01e99113	slli	x2,x19,0x1e	 x19:0x00000000  x2=0x00000000
       13655000	      1364	80001b9c	007f76b3	and	x13,x30,x7	 x30:0x27f10000  x7:0x00000000 x13=0x00000000
       13665000	      1365	80001ba0	71c8cf13	xori	x30,x17,1820	 x17:0x39b1291e x30=0x39b12e02
       13675000	      1366	80001ba4	36fa7413	andi	x8,x20,879	 x20:0x65d51b78  x8=0x00000368
       13685000	      1367	80001ba8	00b5fc63	bgeu	x11,x11,80001bc0	 x11:0xfffffdff x11:0xfffffdff
       13695000	      1368	00000000	00000013	addi	x0,x0,0	  x0:0x00000000
       13705000	      1369	80001bbc	00000013	addi	x0,x0,0	  x0:0x00000000
       13715000	      1370	80001bc0	00e81313	slli	x6,x16,0xe	 x16:0x80009fc4  x6=0x27f10000
       13725000	      1371	80001bc4	c3270093	addi	x1,x14,-974	 x14:0x00000001  x1=0xfffffc33
       13735000	      1372	80001bc8	0152f863	bgeu	x5,x21,80001bd8	  x5:0x7fff6088 x21:0xfffffff8
       13745000	      1373	80001bcc	1d464c93	xori	x25,x12,468	 x12:0x80009f78 x25=0x80009eac
       13755000	      1374	80001bd0	40455f13	srai	x30,x10,0x4	 x10:0x00000000 x30=0x00000000
       13765000	      1375	80001bd4	054f7463	bgeu	x30,x20,80001c1c	 x30:0x00000000 x20:0x65d51b78
       13775000	      1376	80001bd8	9a8d0213	addi	x4,x26,-1624	 x26:0xd170e365  x4=0xd170dd0d
       13785000	      1377	80001bdc	eba7b313	sltiu	x6,x15,-326	 x15:0x00000500  x6=0x00000001
       13795000	      1378	80001be0	013d1693	slli	x13,x26,0x13	 x26:0xd170e365 x13=0x1b280000
       13805000	      1379	80001be4	dd420c37	lui	x24,0xdd420	 x24=0xdd420000
       13815000	      1380	80001be8	00534cb3	xor	x25,x6,x5	  x6:0x00000001  x5:0x7fff6088 x25=0x7fff6089
       13825000	      1381	80001bec	01b50f33	add	x30,x10,x27	 x10:0x00000000 x27:0x00000005 x30=0x00000005
       13835000	      1382	80001bf0	0139ec63	bltu	x19,x19,80001c08	 x19:0x00000000 x19:0x00000000
       13845000	      1383	80001bf4	0024fe33	and	x28,x9,x2	  x9:0xfffa0000  x2:0x00000000 x28=0x00000000
       13855000	      1384	80001bf8	0049c8b3	xor	x17,x19,x4	 x19:0x00000000  x4:0xd170dd0d x17=0xd170dd0d
       13865000	      1385	80001bfc	01f3ef33	or	x30,x7,x31	  x7:0x00000000 x31:0x00000000 x30=0x00000000
       13875000	      1386	80001c00	00d64ab3	xor	x21,x12,x13	 x12:0x80009f78 x13:0x1b280000 x21=0x9b289f78
       13885000	      1387	80001c04	04791863	bne	x18,x7,80001c54	 x18:0xfffffcdb  x7:0x00000000
       13895000	      1388	00000000	00000013	addi	x0,x0,0	  x0:0x00000000
       13905000	      1389	80001c50	00000013	addi	x0,x0,0	  x0:0x00000000
       13915000	      1390	80001c54	41b28f33	sub	x30,x5,x27	  x5:0x7fff6088 x27:0x00000005 x30=0x7fff6083
       13925000	      1391	80001c58	01fbdeb3	srl	x29,x23,x31	 x23:0xfffffbff x31:0x00000000 x29=0xfffffbff
       13935000	      1392	80001c5c	9fc7ad17	auipc	x26,0x9fc7a	 x26=0x1fc7bc58
       13945000	      1393	80001c60	005e8d33	add	x26,x29,x5	 x29:0xfffffbff  x5:0x7fff6088 x26=0x7fff5c87
       13955000	      1394	80001c64	e5b36737	lui	x14,0xe5b36	 x14=0xe5b36000
       13965000	      1395	80001c68	8f287437	lui	x8,0x8f287	  x8=0x8f287000
       13975000	      1396	80001c6c	02050863	beq	x10,x0,80001c9c	 x10:0x00000000  x0:0x00000000
       13985000	      1397	00000000	00000013	addi	x0,x0,0	  x0:0x00000000
       13995000	      1398	80001c98	00000013	addi	x0,x0,0	  x0:0x00000000
       14005000	      1399	80001c9c	01559313	slli	x6,x11,0x15	 x11:0xfffffdff  x6=0xbfe00000
       14015000	      1400	80001ca0	016a7c63	bgeu	x20,x22,80001cb8	 x20:0x65d51b78 x22:0xffffffb0
       14025000	      1401	80001ca4	7fd0c597	auipc	x11,0x7fd0c	 x11=0xffd0dca0
       14035000	      1402	80001ca8	015196b3	sll	x13,x3,x21	  x3:0x88898adf x21:0x9b289f78 x13=0xdf000000
       14045000	      1403	80001cac	41b00e33	sub	x28,x0,x27	  x0:0x00000000 x27:0x00000005 x28=0xfffffffb
       14055000	      1404	80001cb0	0080d233	srl	x4,x1,x8	  x1:0xfffffc33  x8:0x8f287000  x4=0xfffffc33
       14065000	      1405	80001cb4	1838a213	slti	x4,x17,387	 x17:0xd170dd0d  x4=0x00000001
       14075000	      1406	80001cb8	fca7fe13	andi	x28,x15,-54	 x15:0x00000500 x28=0x00000500
       14085000	      1407	80001cbc	4d1a2213	slti	x4,x20,1233	 x20:0x65d51b78  x4=0x00000000
       14095000	      1408	80001cc0	0070fe63	bgeu	x1,x7,80001cdc	  x1:0xfffffc33  x7:0x00000000
       14105000	      1409	00000000	00000013	addi	x0,x0,0	  x0:0x00000000
       14115000	      1410	80001cd8	00000013	addi	x0,x0,0	  x0:0x00000000
       14125000	      1411	80001cdc	006f5e63	bge	x30,x6,80001cf8	 x30:0x7fff6083  x6:0xbfe00000
       14135000	      1412	00000000	00000013	addi	x0,x0,0	  x0:0x00000000
       14145000	      1413	80001cf4	00000013	addi	x0,x0,0	  x0:0x00000000
       14155000	      1414	80001cf8	41235ab3	sra	x21,x6,x18	  x6:0xbfe00000 x18:0xfffffcdb x21=0xfffffff7
       14165000	      1415	80001cfc	035cc863	blt	x25,x21,80001d2c	 x25:0x7fff6089 x21:0xfffffff7
       14175000	      1416	80001d00	03e39e63	bne	x7,x30,80001d3c	  x7:0x00000000 x30:0x7fff6083
       14185000	      1417	00000000	00000013	addi	x0,x0,0	  x0:0x00000000
       14195000	      1418	80001d38	00000013	addi	x0,x0,0	  x0:0x00000000
       14205000	      1419	80001d3c	b3b3a197	auipc	x3,0xb3b3a	  x3=0x33b3bd38
       14215000	      1420	80001d40	4163df13	srai	x30,x7,0x16	  x7:0x00000000 x30=0x00000000
       14225000	      1421	80001d44	03251063	bne	x10,x18,80001d64	 x10:0x00000000 x18:0xfffffcdb
       14235000	      1422	00000000	00000013	addi	x0,x0,0	  x0:0x00000000
       14245000	      1423	80001d60	00000013	addi	x0,x0,0	  x0:0x00000000
       14255000	      1424	80001d64	013143b3	xor	x7,x2,x19	  x2:0x00000000 x19:0x00000000  x7=0x00000000
       14265000	      1425	80001d68	401d4d17	auipc	x26,0x401d4	 x26=0xc01d5d64
       14275000	      1426	80001d6c	01761933	sll	x18,x12,x23	 x12:0x80009f78 x23:0xfffffbff x18=0x00000000
       14285000	      1427	80001d70	005c1f93	slli	x31,x24,0x5	 x24:0xdd420000 x31=0xa8400000
       14295000	      1428	80001d74	01180333	add	x6,x16,x17	 x16:0x80009fc4 x17:0xd170dd0d  x6=0x51717cd1
       14305000	      1429	80001d78	015eccb3	xor	x25,x29,x21	 x29:0xfffffbff x21:0xfffffff7 x25=0x00000408
       14315000	      1430	80001d7c	01fb7f33	and	x30,x22,x31	 x22:0xffffffb0 x31:0xa8400000 x30=0xa8400000
       14325000	      1431	80001d80	01c92ab3	slt	x21,x18,x28	 x18:0x00000000 x28:0x00000500 x21=0x00000001
       14335000	      1432	80001d84	40dc8333	sub	x6,x25,x13	 x25:0x00000408 x13:0xdf000000  x6=0x21000408
       14345000	      1433	80001d88	00355c63	bge	x10,x3,80001da0	 x10:0x00000000  x3:0x33b3bd38
       14355000	      1434	80001d8c	03b0d463	bge	x1,x27,80001db4	  x1:0xfffffc33 x27:0x00000005
       14365000	      1435	80001d90	03955c63	bge	x10,x25,80001dc8	 x10:0x00000000 x25:0x00000408
       14375000	      1436	80001d94	32632c93	slti	x25,x6,806	  x6:0x21000408 x25=0x00000000
       14385000	      1437	80001d98	36a915b7	lui	x11,0x36a91	 x11=0x36a91000
       14395000	      1438	80001d9c	41915fb3	sra	x31,x2,x25	  x2:0x00000000 x25:0x00000000 x31=0x00000000
       14405000	      1439	80001da0	01f26333	or	x6,x4,x31	  x4:0x00000000 x31:0x00000000  x6=0x00000000
       14415000	      1440	80001da4	99fa6593	ori	x11,x20,-1633	 x20:0x65d51b78 x11=0xfffffbff
       14425000	      1441	80001da8	003b59b3	srl	x19,x22,x3	 x22:0xffffffb0  x3:0x33b3bd38 x19=0x000000ff
       14435000	      1442	80001dac	029f4c63	blt	x30,x9,80001de4	 x30:0xa8400000  x9:0xfffa0000
       14445000	      1443	00000000	00000013	addi	x0,x0,0	  x0:0x00000000
       14455000	      1444	80001de0	00000013	addi	x0,x0,0	  x0:0x00000000
       14465000	      1445	80001de4	40ca8b33	sub	x22,x21,x12	 x21:0x00000001 x12:0x80009f78 x22=0x7fff6089
       14475000	      1446	80001de8	0099dbb3	srl	x23,x19,x9	 x19:0x000000ff  x9:0xfffa0000 x23=0x000000ff
       14485000	      1447	80001dec	00462083	lw	x1,4(x12)	 x12:0x80009f78  x1=0x80000598 PA:0x80009f7c
       14495000	      1448	80001df0	00c60613	addi	x12,x12,12	 x12:0x80009f78 x12=0x80009f84
       14505000	      1449	80001df4	e6f40913	addi	x18,x8,-401	  x8:0x8f287000 x18=0x8f286e6f
       14515000	      1450	80001df8	003adc13	srli	x24,x21,0x3	 x21:0x00000001 x24=0x00000000
       14525000	      1451	80001dfc	6c8aa313	slti	x6,x21,1736	 x21:0x00000001  x6=0x00000001
       14535000	      1452	80001e00	01511193	slli	x3,x2,0x15	  x2:0x00000000  x3=0x00000000
       14545000	      1453	80001e04	0014f033	and	x0,x9,x1	  x9:0xfffa0000  x1:0x80000598
       14555000	      1454	80001e08	00108293	addi	x5,x1,1	  x1:0x80000598  x5=0x80000599
       14565000	      1455	80001e0c	000282e7	jalr	x5,x5,0	  x5:0x80000599  x5=0x80001e0c
       14575000	      1456	00000000	00000013	addi	x0,x0,0	  x0:0x00000000
       14585000	      1457	80000598	00000013	addi	x0,x0,0	  x0:0x00000000
       14595000	      1458	8000059c	00ff01b3	add	x3,x30,x15	 x30:0xa8400000 x15:0x00000500  x3=0xa8400500
       14605000	      1459	800005a0	40ca87b3	sub	x15,x21,x12	 x21:0x00000001 x12:0x80009f84 x15=0x7fff607d
       14615000	      1460	800005a4	8e408013	addi	x0,x1,-1820	  x1:0x80000598
       14625000	      1461	800005a8	026a5263	bge	x20,x6,800005cc	 x20:0x65d51b78  x6:0x00000001
       14635000	      1462	00000000	00000013	addi	x0,x0,0	  x0:0x00000000
       14645000	      1463	800005c8	00000013	addi	x0,x0,0	  x0:0x00000000
       14655000	      1464	800005cc	1122de63	bge	x5,x18,800006e8	  x5:0x80001e0c x18:0x8f286e6f
       14665000	      1465	800005d0	2cc1bb93	sltiu	x23,x3,716	  x3:0xa8400500 x23=0x00000000
       14675000	      1466	800005d4	17b08c93	addi	x25,x1,379	  x1:0x80000598 x25=0x80000713
       14685000	      1467	800005d8	01c119b3	sll	x19,x2,x28	  x2:0x00000000 x28:0x00000500 x19=0x00000000
       14695000	      1468	800005dc	01bc5d33	srl	x26,x24,x27	 x24:0x00000000 x27:0x00000005 x26=0x00000000
       14705000	      1469	800005e0	bd160713	addi	x14,x12,-1071	 x12:0x80009f84 x14=0x80009b55
       14715000	      1470	800005e4	0020e0b3	or	x1,x1,x2	  x1:0x80000598  x2:0x00000000  x1=0x80000598
       14725000	      1471	800005e8	00009117	auipc	x2,0x9	  x2=0x800095e4
       14735000	      1472	800005ec	87f10113	addi	x2,x2,-1921	  x2:0x800095e4  x2=0x80008e63
       14745000	      1473	800005f0	019c4f33	xor	x30,x24,x25	 x24:0x00000000 x25:0x80000713 x30=0x80000713
       14755000	      1474	800005f4	00000013	addi	x0,x0,0	  x0:0x00000000
       14765000	      1475	800005f8	edb115a3	sh	x27,-309(x2)	  x2:0x80008e63 x27:0x00000005 PA:0x80008d2e
       14775000	      1476	800005fc	f6814c03	lbu	x24,-152(x2)	  x2:0x80008e63 x24=0x000000ff PA:0x80008dcb
       14785000	      1477	80000600	005bf433	and	x8,x23,x5	 x23:0x00000000  x5:0x80001e0c  x8=0x00000000
       14795000	      1478	80000604	06114a03	lbu	x20,97(x2)	  x2:0x80008e63 x20=0x000000af PA:0x80008ec4
       14805000	      1479	80000608	e0f11d03	lh	x26,-497(x2)	  x2:0x80008e63 x26=0x00005859 PA:0x80008c72
       14815000	      1480	8000060c	b8c14a03	lbu	x20,-1140(x2)	  x2:0x80008e63 x20=0x000000d4 PA:0x800089ef
       14825000	      1481	80000610	dd311383	lh	x7,-557(x2)	  x2:0x80008e63  x7=0x00001c1d PA:0x80008c36
       14835000	      1482	80000614	00a90c33	add	x24,x18,x10	 x18:0x8f286e6f x10:0x00000000 x24=0x8f286e6f
       14845000	      1483	80000618	fec100a3	sb	x12,-31(x2)	  x2:0x80008e63 x12:0x80009f84 PA:0x80008e44
       14855000	      1484	8000061c	00409333	sll	x6,x1,x4	  x1:0x80000598  x4:0x00000000  x6=0x80000598
       14865000	      1485	80000620	ae711903	lh	x18,-1305(x2)	  x2:0x80008e63 x18=0x00003031 PA:0x8000894a
       14875000	      1486	80000624	00228533	add	x10,x5,x2	  x5:0x80001e0c  x2:0x80008e63 x10=0x0000ac6f
       14885000	      1487	80000628	002aeab3	or	x21,x21,x2	 x21:0x00000001  x2:0x80008e63 x21=0x80008e63
       14895000	      1488	8000062c	11e14203	lbu	x4,286(x2)	  x2:0x80008e63  x4=0x0000006a PA:0x80008f81
       14905000	      1489	80000630	022107a3	sb	x2,47(x2)	  x2:0x80008e63  x2:0x80008e63 PA:0x80008e92
       14915000	      1490	80000634	9c111283	lh	x5,-1599(x2)	  x2:0x80008e63  x5=0x00000e0f PA:0x80008824
       14925000	      1491	80000638	9df10223	sb	x31,-1596(x2)	  x2:0x80008e63 x31:0x00000000 PA:0x80008827
       14935000	      1492	8000063c	d7f82b93	slti	x23,x16,-641	 x16:0x80009fc4 x23=0x00000001
       14945000	      1493	80000640	9a793513	sltiu	x10,x18,-1625	 x18:0x00003031 x10=0x00000001
       14955000	      1494	80000644	df414203	lbu	x4,-524(x2)	  x2:0x80008e63  x4=0x0000005c PA:0x80008c57
       14965000	      1495	80000648	f1210223	sb	x18,-252(x2)	  x2:0x80008e63 x18:0x00003031 PA:0x80008d67
       14975000	      1496	8000064c	d6214183	lbu	x3,-670(x2)	  x2:0x80008e63  x3=0x000000ae PA:0x80008bc5
       14985000	      1497	80000650	f4614183	lbu	x3,-186(x2)	  x2:0x80008e63  x3=0x00000092 PA:0x80008da9
       14995000	      1498	80000654	00af87b3	add	x15,x31,x10	 x31:0x00000000 x10:0x00000001 x15=0x00000001
       15005000	      1499	80000658	01bc3533	sltu	x10,x24,x27	 x24:0x8f286e6f x27:0x00000005 x10=0x00000000
       15015000	      1500	8000065c	018c3d33	sltu	x26,x24,x24	 x24:0x8f286e6f x24:0x8f286e6f x26=0x00000000
       15025000	      1501	80000660	e6411da3	sh	x4,-389(x2)	  x2:0x80008e63  x4:0x0000005c PA:0x80008cde
       15035000	      1502	80000664	01d40c33	add	x24,x8,x29	  x8:0x00000000 x29:0xfffffbff x24=0xfffffbff
       15045000	      1503	80000668	c84106a3	sb	x4,-883(x2)	  x2:0x80008e63  x4:0x0000005c PA:0x80008af0
       15055000	      1504	8000066c	40ec8233	sub	x4,x25,x14	 x25:0x80000713 x14:0x80009b55  x4=0xffff6bbe
       15065000	      1505	80000670	00efd193	srli	x3,x31,0xe	 x31:0x00000000  x3=0x00000000
       15075000	      1506	80000674	00c65193	srli	x3,x12,0xc	 x12:0x80009f84  x3=0x00080009
       15085000	      1507	80000678	f1314583	lbu	x11,-237(x2)	  x2:0x80008e63 x11=0x0000005d PA:0x80008d76
       15095000	      1508	8000067c	f1410aa3	sb	x20,-235(x2)	  x2:0x80008e63 x20:0x000000d4 PA:0x80008d78
       15105000	      1509	80000680	409c5433	sra	x8,x24,x9	 x24:0xfffffbff  x9:0xfffa0000  x8=0xfffffbff
       15115000	      1510	80000684	ca711483	lh	x9,-857(x2)	  x2:0x80008e63  x9=0xfffff0f1 PA:0x80008b0a
       15125000	      1511	80000688	f9010323	sb	x16,-122(x2)	  x2:0x80008e63 x16:0x80009fc4 PA:0x80008de9
       15135000	      1512	8000068c	ce414f83	lbu	x31,-796(x2)	  x2:0x80008e63 x31=0x0000002c PA:0x80008b47
       15145000	      1513	80000690	00259a13	slli	x20,x11,0x2	 x11:0x0000005d x20=0x00000174
       15155000	      1514	80000694	00201d33	sll	x26,x0,x2	  x0:0x00000000  x2:0x80008e63 x26=0x00000000
       15165000	      1515	80000698	233a6513	ori	x10,x20,563	 x20:0x00000174 x10=0x00000377
       15175000	      1516	8000069c	01f651b3	srl	x3,x12,x31	 x12:0x80009f84 x31:0x0000002c  x3=0x00080009
       15185000	      1517	800006a0	0d311083	lh	x1,211(x2)	  x2:0x80008e63  x1=0x00001c1d PA:0x80008f36
       15195000	      1518	800006a4	0151bc33	sltu	x24,x3,x21	  x3:0x00080009 x21:0x80008e63 x24=0x00000001
       15205000	      1519	800006a8	00c8d5b3	srl	x11,x17,x12	 x17:0xd170dd0d x12:0x80009f84 x11=0x0d170dd0
       15215000	      1520	800006ac	4a23f237	lui	x4,0x4a23f	  x4=0x4a23f000
       15225000	      1521	800006b0	c8912f83	lw	x31,-887(x2)	  x2:0x80008e63 x31=0xd4d5d6d7 PA:0x80008aec
       15235000	      1522	800006b4	14911ba3	sh	x9,343(x2)	  x2:0x80008e63  x9:0xfffff0f1 PA:0x80008fba
       15245000	      1523	800006b8	00000013	addi	x0,x0,0	  x0:0x00000000
       15255000	      1524	800006bc	0064c0b3	xor	x1,x9,x6	  x9:0xfffff0f1  x6:0x80000598  x1=0x7ffff569
       15265000	      1525	800006c0	4086d693	srai	x13,x13,0x8	 x13:0xdf000000 x13=0xffdf0000
       15275000	      1526	800006c4	2b2c3193	sltiu	x3,x24,690	 x24:0x00000001  x3=0x00000001
       15285000	      1527	800006c8	034bc663	blt	x23,x20,800006f4	 x23:0x00000001 x20:0x00000174
       15295000	      1528	00000000	00000013	addi	x0,x0,0	  x0:0x00000000
       15305000	      1529	800006f0	00000013	addi	x0,x0,0	  x0:0x00000000
       15315000	      1530	800006f4	b3687213	andi	x4,x16,-1226	 x16:0x80009fc4  x4=0x80009b04
       15325000	      1531	800006f8	01020263	beq	x4,x16,800006fc	  x4:0x80009b04 x16:0x80009fc4
       15335000	      1532	800006fc	63466093	ori	x1,x12,1588	 x12:0x80009f84  x1=0x80009fb4
       15345000	      1533	80000700	1394c113	xori	x2,x9,313	  x9:0xfffff0f1  x2=0xfffff1c8
       15355000	      1534	80000704	015960b3	or	x1,x18,x21	 x18:0x00003031 x21:0x80008e63  x1=0x8000be73
       15365000	      1535	80000708	005d9233	sll	x4,x27,x5	 x27:0x00000005  x5:0x00000e0f  x4=0x00028000
       15375000	      1536	8000070c	03e27a63	bgeu	x4,x30,80000740	  x4:0x00028000 x30:0x80000713
       15385000	      1537	80000710	019536b3	sltu	x13,x10,x25	 x10:0x00000377 x25:0x80000713 x13=0x00000001
       15395000	      1538	80000714	00a1d3b3	srl	x7,x3,x10	  x3:0x00000001 x10:0x00000377  x7=0x00000000
       15405000	      1539	80000718	404dd593	srai	x11,x27,0x4	 x27:0x00000005 x11=0x00000000
       15415000	      1540	8000071c	b5593d13	sltiu	x26,x18,-1195	 x18:0x00003031 x26=0x00000001
       15425000	      1541	80000720	0134feb3	and	x29,x9,x19	  x9:0xfffff0f1 x19:0x00000000 x29=0x00000000
       15435000	      1542	80000724	01e526b3	slt	x13,x10,x30	 x10:0x00000377 x30:0x80000713 x13=0x00000000
       15445000	      1543	80000728	01da9893	slli	x17,x21,0x1d	 x21:0x80008e63 x17=0x60000000
       15455000	      1544	8000072c	01c4fc63	bgeu	x9,x28,80000744	  x9:0xfffff0f1 x28:0x00000500
       15465000	      1545	00000000	00000013	addi	x0,x0,0	  x0:0x00000000
       15475000	      1546	80000740	00000013	addi	x0,x0,0	  x0:0x00000000
       15485000	      1547	80000744	04fb7663	bgeu	x22,x15,80000790	 x22:0x7fff6089 x15:0x00000001
       15495000	      1548	00000000	00000013	addi	x0,x0,0	  x0:0x00000000
       15505000	      1549	8000078c	00000013	addi	x0,x0,0	  x0:0x00000000
       15515000	      1550	80000790	00ec2933	slt	x18,x24,x14	 x24:0x00000001 x14:0x80009b55 x18=0x00000000
       15525000	      1551	80000794	051f5463	bge	x30,x17,800007dc	 x30:0x80000713 x17:0x60000000
       15535000	      1552	80000798	00527cb3	and	x25,x4,x5	  x4:0x00028000  x5:0x00000e0f x25=0x00000000
       15545000	      1553	8000079c	01282a33	slt	x20,x16,x18	 x16:0x80009fc4 x18:0x00000000 x20=0x00000001
       15555000	      1554	800007a0	403157b3	sra	x15,x2,x3	  x2:0xfffff1c8  x3:0x00000001 x15=0xfffff8e4
       15565000	      1555	800007a4	0069a9b3	slt	x19,x19,x6	 x19:0x00000000  x6:0x80000598 x19=0x00000000
       15575000	      1556	800007a8	04d46063	bltu	x8,x13,800007e8	  x8:0xfffffbff x13:0x00000000
       15585000	      1557	800007ac	010203b3	add	x7,x4,x16	  x4:0x00028000 x16:0x80009fc4  x7=0x80031fc4
       15595000	      1558	800007b0	83dc7a37	lui	x20,0x83dc7	 x20=0x83dc7000
       15605000	      1559	800007b4	01812533	slt	x10,x2,x24	  x2:0xfffff1c8 x24:0x00000001 x10=0x00000001
       15615000	      1560	800007b8	07fcc393	xori	x7,x25,127	 x25:0x00000000  x7=0x0000007f
       15625000	      1561	800007bc	00000013	addi	x0,x0,0	  x0:0x00000000
       15635000	      1562	800007c0	412d0133	sub	x2,x26,x18	 x26:0x00000001 x18:0x00000000  x2=0x00000001
       15645000	      1563	800007c4	00d6d0b3	srl	x1,x13,x13	 x13:0x00000000 x13:0x00000000  x1=0x00000000
       15655000	      1564	800007c8	41dfd513	srai	x10,x31,0x1d	 x31:0xd4d5d6d7 x10=0xfffffffe
       15665000	      1565	800007cc	41a254b3	sra	x9,x4,x26	  x4:0x00028000 x26:0x00000001  x9=0x00014000
       15675000	      1566	800007d0	41095ab3	sra	x21,x18,x16	 x18:0x00000000 x16:0x80009fc4 x21=0x00000000
       15685000	      1567	800007d4	03a25063	bge	x4,x26,800007f4	  x4:0x00028000 x26:0x00000001
       15695000	      1568	00000000	00000013	addi	x0,x0,0	  x0:0x00000000
       15705000	      1569	800007f0	00000013	addi	x0,x0,0	  x0:0x00000000
       15715000	      1570	800007f4	dd5e9a97	auipc	x21,0xdd5e9	 x21=0x5d5e97f0
       15725000	      1571	800007f8	e03f6013	ori	x0,x30,-509	 x30:0x80000713
       15735000	      1572	800007fc	6842f2b7	lui	x5,0x6842f	  x5=0x6842f000
       15745000	      1573	80000800	0128de13	srli	x28,x17,0x12	 x17:0x60000000 x28=0x00001800
       15755000	      1574	80000804	01b85033	srl	x0,x16,x27	 x16:0x80009fc4 x27:0x00000005
       15765000	      1575	80000808	4e628537	lui	x10,0x4e628	 x10=0x4e628000
       15775000	      1576	8000080c	003bb3b3	sltu	x7,x23,x3	 x23:0x00000001  x3:0x00000001  x7=0x00000000
       15785000	      1577	80000810	bf516f93	ori	x31,x2,-1035	  x2:0x00000001 x31=0xfffffbf5
       15795000	      1578	80000814	02fb6863	bltu	x22,x15,80000844	 x22:0x7fff6089 x15:0xfffff8e4
       15805000	      1579	00000000	00000013	addi	x0,x0,0	  x0:0x00000000
       15815000	      1580	80000840	00000013	addi	x0,x0,0	  x0:0x00000000
       15825000	      1581	80000844	00a01a63	bne	x0,x10,80000858	  x0:0x00000000 x10:0x4e628000
       15835000	      1582	00000000	00000013	addi	x0,x0,0	  x0:0x00000000
       15845000	      1583	80000854	00000013	addi	x0,x0,0	  x0:0x00000000
       15855000	      1584	80000858	63f4bb13	sltiu	x22,x9,1599	  x9:0x00014000 x22=0x00000000
       15865000	      1585	8000085c	cb049397	auipc	x7,0xcb049	  x7=0x4b049858
       15875000	      1586	80000860	19ef4037	lui	x0,0x19ef4	
       15885000	      1587	80000864	00000013	addi	x0,x0,0	  x0:0x00000000
       15895000	      1588	80000868	05350663	beq	x10,x19,800008b4	 x10:0x4e628000 x19:0x00000000
       15905000	      1589	8000086c	01508533	add	x10,x1,x21	  x1:0x00000000 x21:0x5d5e97f0 x10=0x5d5e97f0
       15915000	      1590	80000870	00f51fb3	sll	x31,x10,x15	 x10:0x5d5e97f0 x15:0xfffff8e4 x31=0xd5e97f00
       15925000	      1591	80000874	01aac233	xor	x4,x21,x26	 x21:0x5d5e97f0 x26:0x00000001  x4=0x5d5e97f1
       15935000	      1592	80000878	00c01293	slli	x5,x0,0xc	  x0:0x00000000  x5=0x00000000
       15945000	      1593	8000087c	222fca13	xori	x20,x31,546	 x31:0xd5e97f00 x20=0xd5e97d22
       15955000	      1594	80000880	0065fa33	and	x20,x11,x6	 x11:0x00000000  x6:0x80000598 x20=0x00000000
       15965000	      1595	80000884	0166df13	srli	x30,x13,0x16	 x13:0x00000000 x30=0x00000000
       15975000	      1596	80000888	00e6ff33	and	x30,x13,x14	 x13:0x00000000 x14:0x80009b55 x30=0x00000000
       15985000	      1597	8000088c	83c40293	addi	x5,x8,-1988	  x8:0xfffffbff  x5=0xfffff43b
       15995000	      1598	80000890	03d07a63	bgeu	x0,x29,800008c4	  x0:0x00000000 x29:0x00000000
       16005000	      1599	00000000	00000013	addi	x0,x0,0	  x0:0x00000000
       16015000	      1600	800008c0	00000013	addi	x0,x0,0	  x0:0x00000000
       16025000	      1601	800008c4	00c11f13	slli	x30,x2,0xc	  x2:0x00000001 x30=0x00001000
       16035000	      1602	800008c8	00cab533	sltu	x10,x21,x12	 x21:0x5d5e97f0 x12:0x80009f84 x10=0x00000001
       16045000	      1603	800008cc	00000d97	auipc	x27,0x0	 x27=0x800008c8
       16055000	      1604	800008d0	00cd8d93	addi	x27,x27,12	 x27:0x800008c8 x27=0x800008d4
       16065000	      1605	800008d4	000d8067	jalr	x0,x27,0	 x27:0x800008d4
       16075000	      1606	00000000	00000013	addi	x0,x0,0	  x0:0x00000000
       16085000	      1607	800008d4	00000013	addi	x0,x0,0	  x0:0x00000000
       16095000	      1608	800008d8	00100193	addi	x3,x0,1	  x0:0x00000000  x3=0x00000001
       16105000	      1609	800008dc	00000073	ecall	
       16115000	      1610	800008e0	24be4f13	xori	x30,x28,587	 x28:0x00001800 x30=0x00001a4b
