		Time			Cycle	PC		Insn	Decoded instruction	Register and memory contents
          65000	         5	80000004	00000293	addi	x5,x0,0	  x0:0x00000000  x5=0x00000000
          75000	         6	80000008	00000313	addi	x6,x0,0	  x0:0x00000000  x6=0x00000000
          85000	         7	8000000c	00628263	beq	x5,x6,80000010	  x5:0x00000000  x6:0x00000000
          95000	         8	00000000	00000013	addi	x0,x0,0	  x0:0x00000000
         105000	         9	8000000c	00000013	addi	x0,x0,0	  x0:0x00000000
         115000	        10	80000010	00000097	auipc	x1,0x0	  x1=0x8000000c
         125000	        11	80000014	00c08093	addi	x1,x1,12	  x1:0x8000000c  x1=0x80000018
         135000	        12	80000018	00008067	jalr	x0,x1,0	  x1:0x80000018
         145000	        13	00000000	00000013	addi	x0,x0,0	  x0:0x00000000
         155000	        14	80000018	00000013	addi	x0,x0,0	  x0:0x00000000
         165000	        15	8000001c	40000fb7	lui	x31,0x40000	 x31=0x40000000
         175000	        16	80000020	100f8f93	addi	x31,x31,256	 x31:0x40000000 x31=0x40000100
         185000	        17	80000024	00000013	addi	x0,x0,0	  x0:0x00000000
         195000	        18	80000028	0000a697	auipc	x13,0xa	 x13=0x8000a024
         205000	        19	8000002c	fa068693	addi	x13,x13,-96	 x13:0x8000a024 x13=0x80009fc4
         215000	        20	80000030	00002f97	auipc	x31,0x2	 x31=0x8000202c
         225000	        21	80000034	d70f8f93	addi	x31,x31,-656	 x31:0x8000202c x31=0x80001d9c
         235000	        22	80000038	000fef93	ori	x31,x31,0	 x31:0x80001d9c x31=0x80001d9c
         245000	        23	8000003c	00000013	addi	x0,x0,0	  x0:0x00000000
         255000	        24	80000040	00000f97	auipc	x31,0x0	 x31=0x8000003c
         265000	        25	80000044	020f8f93	addi	x31,x31,32	 x31:0x8000003c x31=0x8000005c
         275000	        26	80000048	00000013	addi	x0,x0,0	  x0:0x00000000
         285000	        27	8000004c	00000013	addi	x0,x0,0	  x0:0x00000000
         295000	        28	80000050	00002fb7	lui	x31,0x2	 x31=0x00002000
         305000	        29	80000054	800f8f93	addi	x31,x31,-2048	 x31:0x00002000 x31=0x00001800
         315000	        30	80000058	00000013	addi	x0,x0,0	  x0:0x00000000
         325000	        31	8000005c	00000013	addi	x0,x0,0	  x0:0x00000000
         335000	        32	80000060	80000037	lui	x0,0x80000	
         345000	        33	80000064	00000013	addi	x0,x0,0	  x0:0x00000000
         355000	        34	80000068	6a3800b7	lui	x1,0x6a380	  x1=0x6a380000
         365000	        35	8000006c	95a08093	addi	x1,x1,-1702	  x1:0x6a380000  x1=0x6a37f95a
         375000	        36	80000070	64abb137	lui	x2,0x64abb	  x2=0x64abb000
         385000	        37	80000074	a8410113	addi	x2,x2,-1404	  x2:0x64abb000  x2=0x64abaa84
         395000	        38	80000078	f25fb1b7	lui	x3,0xf25fb	  x3=0xf25fb000
         405000	        39	8000007c	b6b18193	addi	x3,x3,-1173	  x3:0xf25fb000  x3=0xf25fab6b
         415000	        40	80000080	b614e237	lui	x4,0xb614e	  x4=0xb614e000
         425000	        41	80000084	ca220213	addi	x4,x4,-862	  x4:0xb614e000  x4=0xb614dca2
         435000	        42	80000088	800002b7	lui	x5,0x80000	  x5=0x80000000
         445000	        43	8000008c	00c00313	addi	x6,x0,12	  x0:0x00000000  x6=0x0000000c
         455000	        44	80000090	fdbca3b7	lui	x7,0xfdbca	  x7=0xfdbca000
         465000	        45	80000094	c8e38393	addi	x7,x7,-882	  x7:0xfdbca000  x7=0xfdbc9c8e
         475000	        46	80000098	fc634437	lui	x8,0xfc634	  x8=0xfc634000
         485000	        47	8000009c	e6940413	addi	x8,x8,-407	  x8:0xfc634000  x8=0xfc633e69
         495000	        48	800000a0	00000493	addi	x9,x0,0	  x0:0x00000000  x9=0x00000000
         505000	        49	800000a4	80000537	lui	x10,0x80000	 x10=0x80000000
         515000	        50	800000a8	00e00593	addi	x11,x0,14	  x0:0x00000000 x11=0x0000000e
         525000	        51	800000ac	80000737	lui	x14,0x80000	 x14=0x80000000
         535000	        52	800000b0	00900793	addi	x15,x0,9	  x0:0x00000000 x15=0x00000009
         545000	        53	800000b4	00000813	addi	x16,x0,0	  x0:0x00000000 x16=0x00000000
         555000	        54	800000b8	fe5858b7	lui	x17,0xfe585	 x17=0xfe585000
         565000	        55	800000bc	5d988893	addi	x17,x17,1497	 x17:0xfe585000 x17=0xfe5855d9
         575000	        56	800000c0	1490a937	lui	x18,0x1490a	 x18=0x1490a000
         585000	        57	800000c4	ec690913	addi	x18,x18,-314	 x18:0x1490a000 x18=0x14909ec6
         595000	        58	800000c8	00800993	addi	x19,x0,8	  x0:0x00000000 x19=0x00000008
         605000	        59	800000cc	d4776a37	lui	x20,0xd4776	 x20=0xd4776000
         615000	        60	800000d0	daea0a13	addi	x20,x20,-594	 x20:0xd4776000 x20=0xd4775dae
         625000	        61	800000d4	f6fe9ab7	lui	x21,0xf6fe9	 x21=0xf6fe9000
         635000	        62	800000d8	089a8a93	addi	x21,x21,137	 x21:0xf6fe9000 x21=0xf6fe9089
         645000	        63	800000dc	f308ab37	lui	x22,0xf308a	 x22=0xf308a000
         655000	        64	800000e0	ba3b0b13	addi	x22,x22,-1117	 x22:0xf308a000 x22=0xf3089ba3
         665000	        65	800000e4	80000bb7	lui	x23,0x80000	 x23=0x80000000
         675000	        66	800000e8	00c00c13	addi	x24,x0,12	  x0:0x00000000 x24=0x0000000c
         685000	        67	800000ec	00000c93	addi	x25,x0,0	  x0:0x00000000 x25=0x00000000
         695000	        68	800000f0	bb3bad37	lui	x26,0xbb3ba	 x26=0xbb3ba000
         705000	        69	800000f4	b31d0d13	addi	x26,x26,-1231	 x26:0xbb3ba000 x26=0xbb3b9b31
         715000	        70	800000f8	00000d93	addi	x27,x0,0	  x0:0x00000000 x27=0x00000000
         725000	        71	800000fc	00300e13	addi	x28,x0,3	  x0:0x00000000 x28=0x00000003
         735000	        72	80000100	00600e93	addi	x29,x0,6	  x0:0x00000000 x29=0x00000006
         745000	        73	80000104	f662cf37	lui	x30,0xf662c	 x30=0xf662c000
         755000	        74	80000108	233f0f13	addi	x30,x30,563	 x30:0xf662c000 x30=0xf662c233
         765000	        75	8000010c	80000fb7	lui	x31,0x80000	 x31=0x80000000
         775000	        76	80000110	0000a617	auipc	x12,0xa	 x12=0x8000a10c
         785000	        77	80000114	e7860613	addi	x12,x12,-392	 x12:0x8000a10c x12=0x80009f84
         795000	        78	80000118	00001d97	auipc	x27,0x1	 x27=0x80001114
         805000	        79	8000011c	540d8d93	addi	x27,x27,1344	 x27:0x80001114 x27=0x80001654
         815000	        80	80000120	c2747c13	andi	x24,x8,-985	  x8:0xfc633e69 x24=0xfc633c21
         825000	        81	80000124	35ed8d93	addi	x27,x27,862	 x27:0x80001654 x27=0x800019b2
         835000	        82	80000128	00705293	srli	x5,x0,0x7	  x0:0x00000000  x5=0x00000000
         845000	        83	8000012c	01e5e863	bltu	x11,x30,8000013c	 x11:0x0000000e x30:0xf662c233
         855000	        84	00000000	00000013	addi	x0,x0,0	  x0:0x00000000
         865000	        85	80000138	00000013	addi	x0,x0,0	  x0:0x00000000
         875000	        86	8000013c	ca2d8367	jalr	x6,x27,-862	 x27:0x800019b2  x6=0x8000013c
         885000	        87	00000000	00000013	addi	x0,x0,0	  x0:0x00000000
         895000	        88	80001654	00000013	addi	x0,x0,0	  x0:0x00000000
         905000	        89	80001658	0001fd33	and	x26,x3,x0	  x3:0xf25fab6b  x0:0x00000000 x26=0x00000000
         915000	        90	8000165c	00af7263	bgeu	x30,x10,80001660	 x30:0xf662c233 x10:0x80000000
         925000	        91	00000000	00000013	addi	x0,x0,0	  x0:0x00000000
         935000	        92	8000165c	00000013	addi	x0,x0,0	  x0:0x00000000
         945000	        93	80001660	ff060613	addi	x12,x12,-16	 x12:0x80009f84 x12=0x80009f74
         955000	        94	80001664	00662223	sw	x6,4(x12)	 x12:0x80009f74  x6:0x8000013c PA:0x80009f78
         965000	        95	80001668	008e5db3	srl	x27,x28,x8	 x28:0x00000003  x8:0xfc633e69 x27=0x00000000
         975000	        96	8000166c	416cd033	sra	x0,x25,x22	 x25:0x00000000 x22:0xf3089ba3
         985000	        97	80001670	00007717	auipc	x14,0x7	 x14=0x8000866c
         995000	        98	80001674	d5570713	addi	x14,x14,-683	 x14:0x8000866c x14=0x800083c1
        1005000	        99	80001678	005994b3	sll	x9,x19,x5	 x19:0x00000008  x5:0x00000000  x9=0x00000008
        1015000	       100	8000167c	00372a33	slt	x20,x14,x3	 x14:0x800083c1  x3:0xf25fab6b x20=0x00000001
        1025000	       101	80001680	01952cb3	slt	x25,x10,x25	 x10:0x80000000 x25:0x00000000 x25=0x00000001
        1035000	       102	80001684	00c55b93	srli	x23,x10,0xc	 x10:0x80000000 x23=0x00080000
        1045000	       103	80001688	00000013	addi	x0,x0,0	  x0:0x00000000
        1055000	       104	8000168c	00074803	lbu	x16,0(x14)	 x14:0x800083c1 x16=0x0000007a PA:0x800083c1
        1065000	       105	80001690	ffd71a03	lh	x20,-3(x14)	 x14:0x800083c1 x20=0x00007475 PA:0x800083be
        1075000	       106	80001694	e6cbe193	ori	x3,x23,-404	 x23:0x00080000  x3=0xfffffe6c
        1085000	       107	80001698	00870283	lb	x5,8(x14)	 x14:0x800083c1  x5=0xffffff82 PA:0x800083c9
        1095000	       108	8000169c	29383993	sltiu	x19,x16,659	 x16:0x0000007a x19=0x00000001
        1105000	       109	800016a0	ff370803	lb	x16,-13(x14)	 x14:0x800083c1 x16=0x0000006f PA:0x800083b4
        1115000	       110	800016a4	40d05a93	srai	x21,x0,0xd	  x0:0x00000000 x21=0x00000000
        1125000	       111	800016a8	ff274b83	lbu	x23,-14(x14)	 x14:0x800083c1 x23=0x00000068 PA:0x800083b3
        1135000	       112	800016ac	00d713a3	sh	x13,7(x14)	 x14:0x800083c1 x13:0x80009fc4 PA:0x800083c8
        1145000	       113	800016b0	00ef5b13	srli	x22,x30,0xe	 x30:0xf662c233 x22=0x0003d98b
        1155000	       114	800016b4	00a70783	lb	x15,10(x14)	 x14:0x800083c1 x15=0xffffff80 PA:0x800083cb
        1165000	       115	800016b8	00b9b533	sltu	x10,x19,x11	 x19:0x00000001 x11:0x0000000e x10=0x00000001
        1175000	       116	800016bc	6bb0a193	slti	x3,x1,1723	  x1:0x6a37f95a  x3=0x00000000
        1185000	       117	800016c0	ff770823	sb	x23,-16(x14)	 x14:0x800083c1 x23:0x00000068 PA:0x800083b1
        1195000	       118	800016c4	00670e03	lb	x28,6(x14)	 x14:0x800083c1 x28=0x0000007c PA:0x800083c7
        1205000	       119	800016c8	ffa74483	lbu	x9,-6(x14)	 x14:0x800083c1  x9=0x00000070 PA:0x800083bb
        1215000	       120	800016cc	01426533	or	x10,x4,x20	  x4:0xb614dca2 x20:0x00007475 x10=0xb614fcf7
        1225000	       121	800016d0	01ea2bb3	slt	x23,x20,x30	 x20:0x00007475 x30:0xf662c233 x23=0x00000000
        1235000	       122	800016d4	ebc06493	ori	x9,x0,-324	  x0:0x00000000  x9=0xfffffebc
        1245000	       123	800016d8	00a74203	lbu	x4,10(x14)	 x14:0x800083c1  x4=0x00000080 PA:0x800083cb
        1255000	       124	800016dc	ff870d03	lb	x26,-8(x14)	 x14:0x800083c1 x26=0x00000072 PA:0x800083b9
        1265000	       125	800016e0	ff6719a3	sh	x22,-13(x14)	 x14:0x800083c1 x22:0x0003d98b PA:0x800083b4
        1275000	       126	800016e4	00007d97	auipc	x27,0x7	 x27=0x800086e0
        1285000	       127	800016e8	e69d8d93	addi	x27,x27,-407	 x27:0x800086e0 x27=0x80008549
        1295000	       128	800016ec	00007397	auipc	x7,0x7	  x7=0x800086e8
        1305000	       129	800016f0	97938393	addi	x7,x7,-1671	  x7:0x800086e8  x7=0x80008061
        1315000	       130	800016f4	f44dc903	lbu	x18,-188(x27)	 x27:0x80008549 x18=0x00000046 PA:0x8000848d
        1325000	       131	800016f8	00007f17	auipc	x30,0x7	 x30=0x800086f4
        1335000	       132	800016fc	da6f0f13	addi	x30,x30,-602	 x30:0x800086f4 x30=0x8000849a
        1345000	       133	80001700	fea3c883	lbu	x17,-22(x7)	  x7:0x80008061 x17=0x00000000 PA:0x8000804b
        1355000	       134	80001704	00cf5503	lhu	x10,12(x30)	 x30:0x8000849a x10=0x00005c5d PA:0x800084a6
        1365000	       135	80001708	f15d8003	lb	x0,-235(x27)	 x27:0x80008549 PA:0x8000845e
        1375000	       136	8000170c	ffdf0903	lb	x18,-3(x30)	 x30:0x8000849a x18=0x0000004c PA:0x80008497
        1385000	       137	80001710	fe93c483	lbu	x9,-23(x7)	  x7:0x80008061  x9=0x00000001 PA:0x8000804a
        1395000	       138	80001714	ffcf4d03	lbu	x26,-4(x30)	 x30:0x8000849a x26=0x0000004d PA:0x80008496
        1405000	       139	80001718	02b38283	lb	x5,43(x7)	  x7:0x80008061  x5=0x00000047 PA:0x8000808c
        1415000	       140	8000171c	f8ed8e03	lb	x28,-114(x27)	 x27:0x80008549 x28=0xffffff8c PA:0x800084d7
        1425000	       141	80001720	00007317	auipc	x6,0x7	  x6=0x8000871c
        1435000	       142	80001724	d5b30313	addi	x6,x6,-677	  x6:0x8000871c  x6=0x80008477
        1445000	       143	80001728	be530503	lb	x10,-1051(x6)	  x6:0x80008477 x10=0x00000017 PA:0x8000805c
        1455000	       144	8000172c	0193d183	lhu	x3,25(x7)	  x7:0x80008061  x3=0x00003031 PA:0x8000807a
        1465000	       145	80001730	31630883	lb	x17,790(x6)	  x6:0x80008477 x17=0x00000046 PA:0x8000878d
        1475000	       146	80001734	00bf0423	sb	x11,8(x30)	 x30:0x8000849a x11:0x0000000e PA:0x800084a2
        1485000	       147	80001738	03338123	sb	x19,34(x7)	  x7:0x80008061 x19:0x00000001 PA:0x80008083
        1495000	       148	8000173c	f3030583	lb	x11,-208(x6)	  x6:0x80008477 x11=0x0000005c PA:0x800083a7
        1505000	       149	80001740	ffc38c23	sb	x28,-8(x7)	  x7:0x80008061 x28:0xffffff8c PA:0x80008059
        1515000	       150	80001744	f76d9aa3	sh	x22,-139(x27)	 x27:0x80008549 x22:0x0003d98b PA:0x800084be
        1525000	       151	80001748	ff3f0783	lb	x15,-13(x30)	 x30:0x8000849a x15=0x00000046 PA:0x8000848d
        1535000	       152	00000000	00000013	addi	x0,x0,0	  x0:0x00000000
        1545000	       153	8000174c	20f30023	sb	x15,512(x6)	  x6:0x80008477 x15:0x00000046 PA:0x80008677
        1555000	       154	80001750	f5a30123	sb	x26,-190(x6)	  x6:0x80008477 x26:0x0000004d PA:0x800083b9
        1565000	       155	80001754	f90d8503	lb	x10,-112(x27)	 x27:0x80008549 x10=0xffffff92 PA:0x800084d9
        1575000	       156	80001758	00bf0423	sb	x11,8(x30)	 x30:0x8000849a x11:0x0000005c PA:0x800084a2
        1585000	       157	8000175c	00838183	lb	x3,8(x7)	  x7:0x80008061  x3=0x00000022 PA:0x80008069
        1595000	       158	80001760	c6834283	lbu	x5,-920(x6)	  x6:0x80008477  x5=0x00000094 PA:0x800080df
        1605000	       159	80001764	00007117	auipc	x2,0x7	  x2=0x80008760
        1615000	       160	80001768	18a10113	addi	x2,x2,394	  x2:0x80008760  x2=0x800088ea
        1625000	       161	8000176c	40d45f93	srai	x31,x8,0xd	  x8:0xfc633e69 x31=0xffffe319
        1635000	       162	80001770	00410483	lb	x9,4(x2)	  x2:0x800088ea  x9=0xffffffd5 PA:0x800088ee
        1645000	       163	80001774	01107bb3	and	x23,x0,x17	  x0:0x00000000 x17:0x00000046 x23=0x00000000
        1655000	       164	80001778	ffa11803	lh	x16,-6(x2)	  x2:0x800088ea x16=0xffffcecf PA:0x800088e4
        1665000	       165	8000177c	ffa15b83	lhu	x23,-6(x2)	  x2:0x800088ea x23=0x0000cecf PA:0x800088e4
        1675000	       166	80001780	40835f13	srai	x30,x6,0x8	  x6:0x80008477 x30=0xff800084
        1685000	       167	80001784	00d10a83	lb	x21,13(x2)	  x2:0x800088ea x21=0xffffffdc PA:0x800088f7
        1695000	       168	80001788	00910e03	lb	x28,9(x2)	  x2:0x800088ea x28=0xffffffd8 PA:0x800088f3
        1705000	       169	8000178c	014168b3	or	x17,x2,x20	  x2:0x800088ea x20:0x00007475 x17=0x8000fcff
        1715000	       170	80001790	719cbd93	sltiu	x27,x25,1817	 x25:0x00000001 x27=0x00000001
        1725000	       171	80001794	8deeb797	auipc	x15,0x8deeb	 x15=0x0deec790
        1735000	       172	80001798	002dd213	srli	x4,x27,0x2	 x27:0x00000001  x4=0x00000000
        1745000	       173	8000179c	017c5bb3	srl	x23,x24,x23	 x24:0xfc633c21 x23:0x0000cecf x23=0x0001f8c6
        1755000	       174	800017a0	4080d933	sra	x18,x1,x8	  x1:0x6a37f95a  x8:0xfc633e69 x18=0x00351bfc
        1765000	       175	800017a4	0119db13	srli	x22,x19,0x11	 x19:0x00000001 x22=0x00000000
        1775000	       176	800017a8	445df217	auipc	x4,0x445df	  x4=0xc45e07a4
        1785000	       177	800017ac	40a0d5b3	sra	x11,x1,x10	  x1:0x6a37f95a x10:0xffffff92 x11=0x00001a8d
        1795000	       178	800017b0	e13bb917	auipc	x18,0xe13bb	 x18=0x613bc7ac
        1805000	       179	800017b4	ff2108a3	sb	x18,-15(x2)	  x2:0x800088ea x18:0x613bc7ac PA:0x800088db
        1815000	       180	800017b8	fff14f03	lbu	x30,-1(x2)	  x2:0x800088ea x30=0x000000d2 PA:0x800088e9
        1825000	       181	800017bc	dfcdb2b7	lui	x5,0xdfcdb	  x5=0xdfcdb000
        1835000	       182	800017c0	ff510d03	lb	x26,-11(x2)	  x2:0x800088ea x26=0xffffffc4 PA:0x800088df
        1845000	       183	800017c4	fe010d23	sb	x0,-6(x2)	  x2:0x800088ea  x0:0x00000000 PA:0x800088e4
        1855000	       184	800017c8	002107a3	sb	x2,15(x2)	  x2:0x800088ea  x2:0x800088ea PA:0x800088f9
        1865000	       185	800017cc	00007d97	auipc	x27,0x7	 x27=0x800087c8
        1875000	       186	800017d0	d75d8d93	addi	x27,x27,-651	 x27:0x800087c8 x27=0x8000853d
        1885000	       187	800017d4	0b3d9c83	lh	x25,179(x27)	 x27:0x8000853d x25=0xffffaaab PA:0x800085f0
        1895000	       188	800017d8	00000013	addi	x0,x0,0	  x0:0x00000000
        1905000	       189	800017dc	0bdd89a3	sb	x29,179(x27)	 x27:0x8000853d x29:0x00000006 PA:0x800085f0
        1915000	       190	800017e0	01ed8183	lb	x3,30(x27)	 x27:0x8000853d  x3=0x00000010 PA:0x8000855b
        1925000	       191	800017e4	018d8f23	sb	x24,30(x27)	 x27:0x8000853d x24:0xfc633c21 PA:0x8000855b
        1935000	       192	800017e8	01ed8883	lb	x17,30(x27)	 x27:0x8000853d x17=0x00000021 PA:0x8000855b
        1945000	       193	800017ec	009d8f23	sb	x9,30(x27)	 x27:0x8000853d  x9:0xffffffd5 PA:0x8000855b
        1955000	       194	800017f0	264dc903	lbu	x18,612(x27)	 x27:0x8000853d x18=0x0000005a PA:0x800087a1
        1965000	       195	800017f4	264d8e03	lb	x28,612(x27)	 x27:0x8000853d x28=0x0000005a PA:0x800087a1
        1975000	       196	800017f8	264d8b03	lb	x22,612(x27)	 x27:0x8000853d x22=0x0000005a PA:0x800087a1
        1985000	       197	800017fc	c1bd9483	lh	x9,-997(x27)	 x27:0x8000853d  x9=0x00001213 PA:0x80008158
        1995000	       198	80001800	c1bdc483	lbu	x9,-997(x27)	 x27:0x8000853d  x9=0x00000013 PA:0x80008158
        2005000	       199	80001804	7a5f6f13	ori	x30,x30,1957	 x30:0x000000d2 x30=0x000007f7
        2015000	       200	80001808	c1bd8183	lb	x3,-997(x27)	 x27:0x8000853d  x3=0x00000013 PA:0x80008158
        2025000	       201	8000180c	401c59b3	sra	x19,x24,x1	 x24:0xfc633c21  x1:0x6a37f95a x19=0xffffffff
        2035000	       202	80001810	bafd8923	sb	x15,-1102(x27)	 x27:0x8000853d x15:0x0deec790 PA:0x800080ef
        2045000	       203	80001814	ba3d8923	sb	x3,-1102(x27)	 x27:0x8000853d  x3:0x00000013 PA:0x800080ef
        2055000	       204	80001818	bb2dc203	lbu	x4,-1102(x27)	 x27:0x8000853d  x4=0x00000013 PA:0x800080ef
        2065000	       205	8000181c	bb2dc283	lbu	x5,-1102(x27)	 x27:0x8000853d  x5=0x00000013 PA:0x800080ef
        2075000	       206	80001820	bbdd8923	sb	x29,-1102(x27)	 x27:0x8000853d x29:0x00000006 PA:0x800080ef
        2085000	       207	80001824	bb2d8a03	lb	x20,-1102(x27)	 x27:0x8000853d x20=0x00000006 PA:0x800080ef
        2095000	       208	80001828	baad8923	sb	x10,-1102(x27)	 x27:0x8000853d x10:0xffffff92 PA:0x800080ef
        2105000	       209	8000182c	bb2d8f03	lb	x30,-1102(x27)	 x27:0x8000853d x30=0xffffff92 PA:0x800080ef
        2115000	       210	80001830	411c83b3	sub	x7,x25,x17	 x25:0xffffaaab x17:0x00000021  x7=0xffffaa8a
        2125000	       211	80001834	00bc1533	sll	x10,x24,x11	 x24:0xfc633c21 x11:0x00001a8d x10=0x67842000
        2135000	       212	80001838	40655b13	srai	x22,x10,0x6	 x10:0x67842000 x22=0x019e1080
        2145000	       213	8000183c	016f1933	sll	x18,x30,x22	 x30:0xffffff92 x22:0x019e1080 x18=0xffffff92
        2155000	       214	80001840	012a1c63	bne	x20,x18,80001858	 x20:0x00000006 x18:0xffffff92
        2165000	       215	00000000	00000013	addi	x0,x0,0	  x0:0x00000000
        2175000	       216	80001854	00000013	addi	x0,x0,0	  x0:0x00000000
        2185000	       217	80001858	d87b2913	slti	x18,x22,-633	 x22:0x019e1080 x18=0x00000000
        2195000	       218	8000185c	4b6ecb13	xori	x22,x29,1206	 x29:0x00000006 x22=0x000004b0
        2205000	       219	80001860	0184cfb3	xor	x31,x9,x24	  x9:0x00000013 x24:0xfc633c21 x31=0xfc633c32
        2215000	       220	80001864	03dee663	bltu	x29,x29,80001890	 x29:0x00000006 x29:0x00000006
        2225000	       221	80001868	00000013	addi	x0,x0,0	  x0:0x00000000
        2235000	       222	8000186c	406c0533	sub	x10,x24,x6	 x24:0xfc633c21  x6:0x80008477 x10=0x7c62b7aa
        2245000	       223	80001870	02901c63	bne	x0,x9,800018a8	  x0:0x00000000  x9:0x00000013
        2255000	       224	00000000	00000013	addi	x0,x0,0	  x0:0x00000000
        2265000	       225	800018a4	00000013	addi	x0,x0,0	  x0:0x00000000
        2275000	       226	800018a8	00fd54b3	srl	x9,x26,x15	 x26:0xffffffc4 x15:0x0deec790  x9=0x0000ffff
        2285000	       227	800018ac	05a29263	bne	x5,x26,800018f0	  x5:0x00000013 x26:0xffffffc4
        2295000	       228	00000000	00000013	addi	x0,x0,0	  x0:0x00000000
        2305000	       229	800018ec	00000013	addi	x0,x0,0	  x0:0x00000000
        2315000	       230	800018f0	01e50333	add	x6,x10,x30	 x10:0x7c62b7aa x30:0xffffff92  x6=0x7c62b73c
        2325000	       231	800018f4	00b1dcb3	srl	x25,x3,x11	  x3:0x00000013 x11:0x00001a8d x25=0x00000000
        2335000	       232	800018f8	00d9e7b3	or	x15,x19,x13	 x19:0xffffffff x13:0x80009fc4 x15=0xffffffff
        2345000	       233	800018fc	000ba7b3	slt	x15,x23,x0	 x23:0x0001f8c6  x0:0x00000000 x15=0x00000000
        2355000	       234	80001900	01bafd33	and	x26,x21,x27	 x21:0xffffffdc x27:0x8000853d x26=0x8000851c
        2365000	       235	80001904	01389413	slli	x8,x17,0x13	 x17:0x00000021  x8=0x01080000
        2375000	       236	80001908	41a95b13	srai	x22,x18,0x1a	 x18:0x00000000 x22=0x00000000
        2385000	       237	8000190c	01999293	slli	x5,x19,0x19	 x19:0xffffffff  x5=0xfe000000
        2395000	       238	80001910	52bc0813	addi	x16,x24,1323	 x24:0xfc633c21 x16=0xfc63414c
        2405000	       239	80001914	f96e8f17	auipc	x30,0xf96e8	 x30=0x796e9910
        2415000	       240	80001918	00ff4263	blt	x30,x15,8000191c	 x30:0x796e9910 x15:0x00000000
        2425000	       241	8000191c	05e3f463	bgeu	x7,x30,80001964	  x7:0xffffaa8a x30:0x796e9910
        2435000	       242	00000000	00000013	addi	x0,x0,0	  x0:0x00000000
        2445000	       243	80001960	00000013	addi	x0,x0,0	  x0:0x00000000
        2455000	       244	80001964	00000013	addi	x0,x0,0	  x0:0x00000000
        2465000	       245	80001968	1e76ca93	xori	x21,x13,487	 x13:0x80009fc4 x21=0x80009e23
        2475000	       246	8000196c	a6fbe513	ori	x10,x23,-1425	 x23:0x0001f8c6 x10=0xfffffaef
        2485000	       247	80001970	01605b13	srli	x22,x0,0x16	  x0:0x00000000 x22=0x00000000
        2495000	       248	80001974	41185ab3	sra	x21,x16,x17	 x16:0xfc63414c x17:0x00000021 x21=0xfe31a0a6
        2505000	       249	80001978	7bab7f13	andi	x30,x22,1978	 x22:0x00000000 x30=0x00000000
        2515000	       250	8000197c	017ba033	slt	x0,x23,x23	 x23:0x0001f8c6 x23:0x0001f8c6
        2525000	       251	80001980	0066d533	srl	x10,x13,x6	 x13:0x80009fc4  x6:0x7c62b73c x10=0x00000008
        2535000	       252	80001984	0b3c5c63	bge	x24,x19,80001a3c	 x24:0xfc633c21 x19:0xffffffff
        2545000	       253	80001988	3dd9f313	andi	x6,x19,989	 x19:0xffffffff  x6=0x000003dd
        2555000	       254	8000198c	00489ab3	sll	x21,x17,x4	 x17:0x00000021  x4:0x00000013 x21=0x01080000
        2565000	       255	80001990	a58e2e93	slti	x29,x28,-1448	 x28:0x0000005a x29=0x00000000
        2575000	       256	80001994	015cda13	srli	x20,x25,0x15	 x25:0x00000000 x20=0x00000000
        2585000	       257	80001998	08044313	xori	x6,x8,128	  x8:0x01080000  x6=0x01080080
        2595000	       258	8000199c	0a2b4663	blt	x22,x2,80001a48	 x22:0x00000000  x2:0x800088ea
        2605000	       259	800019a0	00007d17	auipc	x26,0x7	 x26=0x8000899c
        2615000	       260	800019a4	51fd0d13	addi	x26,x26,1311	 x26:0x8000899c x26=0x80008ebb
        2625000	       261	800019a8	f5ad0623	sb	x26,-180(x26)	 x26:0x80008ebb x26:0x80008ebb PA:0x80008e07
        2635000	       262	800019ac	00a83033	sltu	x0,x16,x10	 x16:0xfc63414c x10:0x00000008
        2645000	       263	800019b0	f4cd0783	lb	x15,-180(x26)	 x26:0x80008ebb x15=0xffffffbb PA:0x80008e07
        2655000	       264	800019b4	f57d0623	sb	x23,-180(x26)	 x26:0x80008ebb x23:0x0001f8c6 PA:0x80008e07
        2665000	       265	800019b8	f51d0623	sb	x17,-180(x26)	 x26:0x80008ebb x17:0x00000021 PA:0x80008e07
        2675000	       266	800019bc	0a5d0123	sb	x5,162(x26)	 x26:0x80008ebb  x5:0xfe000000 PA:0x80008f5d
        2685000	       267	800019c0	0a2d0403	lb	x8,162(x26)	 x26:0x80008ebb  x8=0x00000000 PA:0x80008f5d
        2695000	       268	800019c4	006da4b3	slt	x9,x27,x6	 x27:0x8000853d  x6:0x01080080  x9=0x00000001
        2705000	       269	800019c8	e4f28b37	lui	x22,0xe4f28	 x22=0xe4f28000
        2715000	       270	800019cc	9f3d1703	lh	x14,-1549(x26)	 x26:0x80008ebb x14=0xffff9495 PA:0x800088ae
        2725000	       271	800019d0	9ebd09a3	sb	x11,-1549(x26)	 x26:0x80008ebb x11:0x00001a8d PA:0x800088ae
        2735000	       272	800019d4	dafd0d23	sb	x15,-582(x26)	 x26:0x80008ebb x15:0xffffffbb PA:0x80008c75
        2745000	       273	800019d8	e3dd1483	lh	x9,-451(x26)	 x26:0x80008ebb  x9=0xffffe2e3 PA:0x80008cf8
        2755000	       274	800019dc	5ad81a37	lui	x20,0x5ad81	 x20=0x5ad81000
        2765000	       275	800019e0	bb3d1aa3	sh	x19,-1099(x26)	 x26:0x80008ebb x19:0xffffffff PA:0x80008a70
        2775000	       276	800019e4	a3340413	addi	x8,x8,-1485	  x8:0x00000000  x8=0xfffffa33
        2785000	       277	800019e8	c5ad4e83	lbu	x29,-934(x26)	 x26:0x80008ebb x29=0x000000fe PA:0x80008b15
        2795000	       278	800019ec	c5ad4b03	lbu	x22,-934(x26)	 x26:0x80008ebb x22=0x000000fe PA:0x80008b15
        2805000	       279	800019f0	9f0d0c23	sb	x16,-1544(x26)	 x26:0x80008ebb x16:0xfc63414c PA:0x800088b3
        2815000	       280	800019f4	9e3d0c23	sb	x3,-1544(x26)	 x26:0x80008ebb  x3:0x00000013 PA:0x800088b3
        2825000	       281	800019f8	9f8d0903	lb	x18,-1544(x26)	 x26:0x80008ebb x18=0x00000013 PA:0x800088b3
        2835000	       282	800019fc	07fd13a3	sh	x31,103(x26)	 x26:0x80008ebb x31:0xfc633c32 PA:0x80008f22
        2845000	       283	80001a00	8bd10e13	addi	x28,x2,-1859	  x2:0x800088ea x28=0x800081a7
        2855000	       284	80001a04	003391b3	sll	x3,x7,x3	  x7:0xffffaa8a  x3:0x00000013  x3=0x54500000
        2865000	       285	80001a08	c84d4283	lbu	x5,-892(x26)	 x26:0x80008ebb  x5=0x00000024 PA:0x80008b3f
        2875000	       286	80001a0c	248f7713	andi	x14,x30,584	 x30:0x00000000 x14=0x00000000
        2885000	       287	80001a10	0390e063	bltu	x1,x25,80001a30	  x1:0x6a37f95a x25:0x00000000
        2895000	       288	80001a14	03b48863	beq	x9,x27,80001a44	  x9:0xffffe2e3 x27:0x8000853d
        2905000	       289	80001a18	01d473b3	and	x7,x8,x29	  x8:0xfffffa33 x29:0x000000fe  x7=0x00000032
        2915000	       290	80001a1c	77482c37	lui	x24,0x77482	 x24=0x77482000
        2925000	       291	80001a20	029a9663	bne	x21,x9,80001a4c	 x21:0x01080000  x9:0xffffe2e3
        2935000	       292	00000000	00000013	addi	x0,x0,0	  x0:0x00000000
        2945000	       293	80001a48	00000013	addi	x0,x0,0	  x0:0x00000000
        2955000	       294	80001a4c	033e4063	blt	x28,x19,80001a6c	 x28:0x800081a7 x19:0xffffffff
        2965000	       295	00000000	00000013	addi	x0,x0,0	  x0:0x00000000
        2975000	       296	80001a68	00000013	addi	x0,x0,0	  x0:0x00000000
        2985000	       297	80001a6c	00efc433	xor	x8,x31,x14	 x31:0xfc633c32 x14:0x00000000  x8=0xfc633c32
        2995000	       298	80001a70	7b0548b7	lui	x17,0x7b054	 x17=0x7b054000
        3005000	       299	80001a74	0314ea63	bltu	x9,x17,80001aa8	  x9:0xffffe2e3 x17:0x7b054000
        3015000	       300	80001a78	00ba3d33	sltu	x26,x20,x11	 x20:0x5ad81000 x11:0x00001a8d x26=0x00000000
        3025000	       301	80001a7c	41765933	sra	x18,x12,x23	 x12:0x80009f74 x23:0x0001f8c6 x18=0xfe00027d
        3035000	       302	80001a80	015a2f33	slt	x30,x20,x21	 x20:0x5ad81000 x21:0x01080000 x30=0x00000000
        3045000	       303	80001a84	9fab2713	slti	x14,x22,-1542	 x22:0x000000fe x14=0x00000000
        3055000	       304	80001a88	411e5f13	srai	x30,x28,0x11	 x28:0x800081a7 x30=0xffffc000
        3065000	       305	80001a8c	3ee08217	auipc	x4,0x3ee08	  x4=0xbee09a88
        3075000	       306	80001a90	7cc82e13	slti	x28,x16,1996	 x16:0xfc63414c x28=0x00000001
        3085000	       307	80001a94	408b5433	sra	x8,x22,x8	 x22:0x000000fe  x8:0xfc633c32  x8=0x00000000
        3095000	       308	80001a98	01b71493	slli	x9,x14,0x1b	 x14:0x00000000  x9=0x00000000
        3105000	       309	80001a9c	03a15e63	bge	x2,x26,80001ad8	  x2:0x800088ea x26:0x00000000
        3115000	       310	80001aa0	01011f33	sll	x30,x2,x16	  x2:0x800088ea x16:0xfc63414c x30=0x088ea000
        3125000	       311	80001aa4	94a80f93	addi	x31,x16,-1718	 x16:0xfc63414c x31=0xfc633a96
        3135000	       312	80001aa8	001ba9b3	slt	x19,x23,x1	 x23:0x0001f8c6  x1:0x6a37f95a x19=0x00000001
        3145000	       313	80001aac	01a47933	and	x18,x8,x26	  x8:0x00000000 x26:0x00000000 x18=0x00000000
        3155000	       314	80001ab0	0173de63	bge	x7,x23,80001acc	  x7:0x00000032 x23:0x0001f8c6
        3165000	       315	80001ab4	01ae5193	srli	x3,x28,0x1a	 x28:0x00000001  x3=0x00000000
        3175000	       316	80001ab8	b014c797	auipc	x15,0xb014c	 x15=0x3014dab4
        3185000	       317	80001abc	037a6063	bltu	x20,x23,80001adc	 x20:0x5ad81000 x23:0x0001f8c6
        3195000	       318	80001ac0	caf53313	sltiu	x6,x10,-849	 x10:0x00000008  x6=0x00000001
        3205000	       319	80001ac4	8c18d7b7	lui	x15,0x8c18d	 x15=0x8c18d000
        3215000	       320	80001ac8	00a6c833	xor	x16,x13,x10	 x13:0x80009fc4 x10:0x00000008 x16=0x80009fcc
        3225000	       321	80001acc	99120d13	addi	x26,x4,-1647	  x4:0xbee09a88 x26=0xbee09419
        3235000	       322	80001ad0	229c4d13	xori	x26,x24,553	 x24:0x77482000 x26=0x77482229
        3245000	       323	80001ad4	014d7db3	and	x27,x26,x20	 x26:0x77482229 x20:0x5ad81000 x27=0x52480000
        3255000	       324	80001ad8	01731263	bne	x6,x23,80001adc	  x6:0x00000001 x23:0x0001f8c6
        3265000	       325	00000000	00000013	addi	x0,x0,0	  x0:0x00000000
        3275000	       326	80001ad8	00000013	addi	x0,x0,0	  x0:0x00000000
        3285000	       327	80001adc	037a8e63	beq	x21,x23,80001b18	 x21:0x01080000 x23:0x0001f8c6
        3295000	       328	80001ae0	00000013	addi	x0,x0,0	  x0:0x00000000
        3305000	       329	80001ae4	e7768bb7	lui	x23,0xe7768	 x23=0xe7768000
        3315000	       330	80001ae8	40c8dcb3	sra	x25,x17,x12	 x17:0x7b054000 x12:0x80009f74 x25=0x000007b0
        3325000	       331	80001aec	0309e663	bltu	x19,x16,80001b18	 x19:0x00000001 x16:0x80009fcc
        3335000	       332	00000000	00000013	addi	x0,x0,0	  x0:0x00000000
        3345000	       333	80001b14	00000013	addi	x0,x0,0	  x0:0x00000000
        3355000	       334	80001b18	a777b593	sltiu	x11,x15,-1417	 x15:0x8c18d000 x11=0x00000001
        3365000	       335	80001b1c	03068213	addi	x4,x13,48	 x13:0x80009fc4  x4=0x80009ff4
        3375000	       336	80001b20	401ad813	srai	x16,x21,0x1	 x21:0x01080000 x16=0x00840000
        3385000	       337	80001b24	954a8997	auipc	x19,0x954a8	 x19=0x154a9b20
        3395000	       338	80001b28	5fe4cd93	xori	x27,x9,1534	  x9:0x00000000 x27=0x000005fe
        3405000	       339	80001b2c	40e681b3	sub	x3,x13,x14	 x13:0x80009fc4 x14:0x00000000  x3=0x80009fc4
        3415000	       340	80001b30	40bb55b3	sra	x11,x22,x11	 x22:0x000000fe x11:0x00000001 x11=0x0000007f
        3425000	       341	80001b34	022c0063	beq	x24,x2,80001b54	 x24:0x77482000  x2:0x800088ea
        3435000	       342	80001b38	01097eb3	and	x29,x18,x16	 x18:0x00000000 x16:0x00840000 x29=0x00000000
        3445000	       343	80001b3c	e76a29b7	lui	x19,0xe76a2	 x19=0xe76a2000
        3455000	       344	80001b40	8fe0c3b7	lui	x7,0x8fe0c	  x7=0x8fe0c000
        3465000	       345	80001b44	3dd2cb13	xori	x22,x5,989	  x5:0x00000024 x22=0x000003f9
        3475000	       346	80001b48	cf452237	lui	x4,0xcf452	  x4=0xcf452000
        3485000	       347	80001b4c	006f7c63	bgeu	x30,x6,80001b64	 x30:0x088ea000  x6:0x00000001
        3495000	       348	00000000	00000013	addi	x0,x0,0	  x0:0x00000000
        3505000	       349	80001b60	00000013	addi	x0,x0,0	  x0:0x00000000
        3515000	       350	80001b64	40bf0ab3	sub	x21,x30,x11	 x30:0x088ea000 x11:0x0000007f x21=0x088e9f81
        3525000	       351	80001b68	00bfb4b3	sltu	x9,x31,x11	 x31:0xfc633a96 x11:0x0000007f  x9=0x00000000
        3535000	       352	80001b6c	028fcc63	blt	x31,x8,80001ba4	 x31:0xfc633a96  x8:0x00000000
        3545000	       353	00000000	00000013	addi	x0,x0,0	  x0:0x00000000
        3555000	       354	80001ba0	00000013	addi	x0,x0,0	  x0:0x00000000
        3565000	       355	80001ba4	01eb1a33	sll	x20,x22,x30	 x22:0x000003f9 x30:0x088ea000 x20=0x000003f9
        3575000	       356	80001ba8	00061333	sll	x6,x12,x0	 x12:0x80009f74  x0:0x00000000  x6=0x80009f74
        3585000	       357	80001bac	8e27c793	xori	x15,x15,-1822	 x15:0x8c18d000 x15=0x73e728e2
        3595000	       358	80001bb0	41405013	srai	x0,x0,0x14	  x0:0x00000000
        3605000	       359	80001bb4	0123d1b3	srl	x3,x7,x18	  x7:0x8fe0c000 x18:0x00000000  x3=0x8fe0c000
        3615000	       360	80001bb8	41155f13	srai	x30,x10,0x11	 x10:0x00000008 x30=0x00000000
        3625000	       361	80001bbc	0105b133	sltu	x2,x11,x16	 x11:0x0000007f x16:0x00840000  x2=0x00000001
        3635000	       362	80001bc0	012bb733	sltu	x14,x23,x18	 x23:0xe7768000 x18:0x00000000 x14=0x00000000
        3645000	       363	80001bc4	006be863	bltu	x23,x6,80001bd4	 x23:0xe7768000  x6:0x80009f74
        3655000	       364	80001bc8	db1c8193	addi	x3,x25,-591	 x25:0x000007b0  x3=0x00000561
        3665000	       365	80001bcc	b990ee13	ori	x28,x1,-1127	  x1:0x6a37f95a x28=0xfffffbdb
        3675000	       366	80001bd0	41e65893	srai	x17,x12,0x1e	 x12:0x80009f74 x17=0xfffffffe
        3685000	       367	80001bd4	01532133	slt	x2,x6,x21	  x6:0x80009f74 x21:0x088e9f81  x2=0x00000001
        3695000	       368	80001bd8	414205b3	sub	x11,x4,x20	  x4:0xcf452000 x20:0x000003f9 x11=0xcf451c07
        3705000	       369	80001bdc	04899263	bne	x19,x8,80001c20	 x19:0xe76a2000  x8:0x00000000
        3715000	       370	00000000	00000013	addi	x0,x0,0	  x0:0x00000000
        3725000	       371	80001c1c	00000013	addi	x0,x0,0	  x0:0x00000000
        3735000	       372	80001c20	02670a63	beq	x14,x6,80001c54	 x14:0x00000000  x6:0x80009f74
        3745000	       373	80001c24	01abd433	srl	x8,x23,x26	 x23:0xe7768000 x26:0x77482229  x8=0x0073bb40
        3755000	       374	80001c28	471b6113	ori	x2,x22,1137	 x22:0x000003f9  x2=0x000007f9
        3765000	       375	80001c2c	e8400113	addi	x2,x0,-380	  x0:0x00000000  x2=0xfffffe84
        3775000	       376	80001c30	00a54c63	blt	x10,x10,80001c48	 x10:0x00000008 x10:0x00000008
        3785000	       377	80001c34	00929e13	slli	x28,x5,0x9	  x5:0x00000024 x28=0x00004800
        3795000	       378	80001c38	00e79ab3	sll	x21,x15,x14	 x15:0x73e728e2 x14:0x00000000 x21=0x73e728e2
        3805000	       379	80001c3c	017ef233	and	x4,x29,x23	 x29:0x00000000 x23:0xe7768000  x4=0x00000000
        3815000	       380	80001c40	04e84063	blt	x16,x14,80001c80	 x16:0x00840000 x14:0x00000000
        3825000	       381	80001c44	01dc75b3	and	x11,x24,x29	 x24:0x77482000 x29:0x00000000 x11=0x00000000
        3835000	       382	80001c48	01619eb3	sll	x29,x3,x22	  x3:0x00000561 x22:0x000003f9 x29=0xc2000000
        3845000	       383	80001c4c	40ccd513	srai	x10,x25,0xc	 x25:0x000007b0 x10=0x00000000
        3855000	       384	80001c50	9cc0a5b7	lui	x11,0x9cc0a	 x11=0x9cc0a000
        3865000	       385	80001c54	fe505537	lui	x10,0xfe505	 x10=0xfe505000
        3875000	       386	80001c58	a560de37	lui	x28,0xa560d	 x28=0xa560d000
        3885000	       387	80001c5c	00508a33	add	x20,x1,x5	  x1:0x6a37f95a  x5:0x00000024 x20=0x6a37f97e
        3895000	       388	80001c60	025af063	bgeu	x21,x5,80001c80	 x21:0x73e728e2  x5:0x00000024
        3905000	       389	00000000	00000013	addi	x0,x0,0	  x0:0x00000000
        3915000	       390	80001c7c	00000013	addi	x0,x0,0	  x0:0x00000000
        3925000	       391	80001c80	00000013	addi	x0,x0,0	  x0:0x00000000
        3935000	       392	80001c84	58d33c13	sltiu	x24,x6,1421	  x6:0x80009f74 x24=0x00000000
        3945000	       393	80001c88	05746c63	bltu	x8,x23,80001ce0	  x8:0x0073bb40 x23:0xe7768000
        3955000	       394	00000000	00000013	addi	x0,x0,0	  x0:0x00000000
        3965000	       395	80001cdc	00000013	addi	x0,x0,0	  x0:0x00000000
        3975000	       396	80001ce0	00569d93	slli	x27,x13,0x5	 x13:0x80009fc4 x27=0x0013f880
        3985000	       397	80001ce4	00659113	slli	x2,x11,0x6	 x11:0x9cc0a000  x2=0x30280000
        3995000	       398	80001ce8	00000013	addi	x0,x0,0	  x0:0x00000000
        4005000	       399	80001cec	00db6b33	or	x22,x22,x13	 x22:0x000003f9 x13:0x80009fc4 x22=0x80009ffd
        4015000	       400	80001cf0	01b991b3	sll	x3,x19,x27	 x19:0xe76a2000 x27:0x0013f880  x3=0xe76a2000
        4025000	       401	80001cf4	4067d7b3	sra	x15,x15,x6	 x15:0x73e728e2  x6:0x80009f74 x15=0x0000073e
        4035000	       402	80001cf8	74946393	ori	x7,x8,1865	  x8:0x0073bb40  x7=0x0073bf49
        4045000	       403	80001cfc	691d2813	slti	x16,x26,1681	 x26:0x77482229 x16=0x00000000
        4055000	       404	80001d00	031b5a63	bge	x22,x17,80001d34	 x22:0x80009ffd x17:0xfffffffe
        4065000	       405	80001d04	40855ab3	sra	x21,x10,x8	 x10:0xfe505000  x8:0x0073bb40 x21=0xfe505000
        4075000	       406	80001d08	00a998b3	sll	x17,x19,x10	 x19:0xe76a2000 x10:0xfe505000 x17=0xe76a2000
        4085000	       407	80001d0c	47e60813	addi	x16,x12,1150	 x12:0x80009f74 x16=0x8000a3f2
        4095000	       408	80001d10	04a4f663	bgeu	x9,x10,80001d5c	  x9:0x00000000 x10:0xfe505000
        4105000	       409	80001d14	0404d263	bge	x9,x0,80001d58	  x9:0x00000000  x0:0x00000000
        4115000	       410	00000000	00000013	addi	x0,x0,0	  x0:0x00000000
        4125000	       411	80001d54	00000013	addi	x0,x0,0	  x0:0x00000000
        4135000	       412	80001d58	00d58863	beq	x11,x13,80001d68	 x11:0x9cc0a000 x13:0x80009fc4
        4145000	       413	80001d5c	77f5e293	ori	x5,x11,1919	 x11:0x9cc0a000  x5=0x9cc0a77f
        4155000	       414	80001d60	6996cf93	xori	x31,x13,1689	 x13:0x80009fc4 x31=0x8000995d
        4165000	       415	80001d64	784a0337	lui	x6,0x784a0	  x6=0x784a0000
        4175000	       416	80001d68	01041d93	slli	x27,x8,0x10	  x8:0x0073bb40 x27=0xbb400000
        4185000	       417	80001d6c	00462303	lw	x6,4(x12)	 x12:0x80009f74  x6=0x8000013c PA:0x80009f78
        4195000	       418	80001d70	00af6233	or	x4,x30,x10	 x30:0x00000000 x10:0xfe505000  x4=0xfe505000
        4205000	       419	80001d74	0046de93	srli	x29,x13,0x4	 x13:0x80009fc4 x29=0x080009fc
        4215000	       420	80001d78	6a66e813	ori	x16,x13,1702	 x13:0x80009fc4 x16=0x80009fe6
        4225000	       421	80001d7c	01060613	addi	x12,x12,16	 x12:0x80009f74 x12=0x80009f84
        4235000	       422	80001d80	017c41b3	xor	x3,x24,x23	 x24:0x00000000 x23:0xe7768000  x3=0xe7768000
        4245000	       423	80001d84	01b6b8b3	sltu	x17,x13,x27	 x13:0x80009fc4 x27:0xbb400000 x17=0x00000001
        4255000	       424	80001d88	00030f13	addi	x30,x6,0	  x6:0x8000013c x30=0x8000013c
        4265000	       425	80001d8c	000f0f67	jalr	x30,x30,0	 x30:0x8000013c x30=0x80001d8c
        4275000	       426	00000000	00000013	addi	x0,x0,0	  x0:0x00000000
        4285000	       427	8000013c	00000013	addi	x0,x0,0	  x0:0x00000000
        4295000	       428	80000140	00009e97	auipc	x29,0x9	 x29=0x8000913c
        4305000	       429	80000144	d8be8e93	addi	x29,x29,-629	 x29:0x8000913c x29=0x80008ec7
        4315000	       430	80000148	abeec803	lbu	x16,-1346(x29)	 x29:0x80008ec7 x16=0x0000006e PA:0x80008985
        4325000	       431	8000014c	00009397	auipc	x7,0x9	  x7=0x80009148
        4335000	       432	80000150	b1e38393	addi	x7,x7,-1250	  x7:0x80009148  x7=0x80008c66
        4345000	       433	80000154	bf5ed583	lhu	x11,-1035(x29)	 x29:0x80008ec7 x11=0x0000a6a7 PA:0x80008abc
        4355000	       434	80000158	c94ec503	lbu	x10,-876(x29)	 x29:0x80008ec7 x10=0x00000040 PA:0x80008b5b
        4365000	       435	8000015c	26838303	lb	x6,616(x7)	  x7:0x80008c66  x6=0xffffffb5 PA:0x80008ece
        4375000	       436	80000160	f03e8823	sb	x3,-240(x29)	 x29:0x80008ec7  x3:0xe7768000 PA:0x80008dd7
        4385000	       437	80000164	d15ec783	lbu	x15,-747(x29)	 x29:0x80008ec7 x15=0x000000c7 PA:0x80008bdc
        4395000	       438	80000168	d47e9ca3	sh	x7,-679(x29)	 x29:0x80008ec7  x7:0x80008c66 PA:0x80008c20
        4405000	       439	8000016c	f5f38483	lb	x9,-161(x7)	  x7:0x80008c66  x9=0xffffffae PA:0x80008bc5
        4415000	       440	80000170	054e8483	lb	x9,84(x29)	 x29:0x80008ec7  x9=0x00000000 PA:0x80008f1b
        4425000	       441	80000174	fdeec883	lbu	x17,-34(x29)	 x29:0x80008ec7 x17=0x0000008e PA:0x80008ea5
        4435000	       442	80000178	d793cd03	lbu	x26,-647(x7)	  x7:0x80008c66 x26=0x000000c4 PA:0x800089df
        4445000	       443	8000017c	c1738f03	lb	x30,-1001(x7)	  x7:0x80008c66 x30=0x00000066 PA:0x8000887d
        4455000	       444	80000180	fc7eaaa3	sw	x7,-43(x29)	 x29:0x80008ec7  x7:0x80008c66 PA:0x80008e9c
        4465000	       445	80000184	3383da03	lhu	x20,824(x7)	  x7:0x80008c66 x20=0x00008485 PA:0x80008f9e
        4475000	       446	80000188	de43de03	lhu	x28,-540(x7)	  x7:0x80008c66 x28=0x00003031 PA:0x80008a4a
        4485000	       447	8000018c	d08e8183	lb	x3,-760(x29)	 x29:0x80008ec7  x3=0xffffffb4 PA:0x80008bcf
        4495000	       448	80000190	0f039c23	sh	x16,248(x7)	  x7:0x80008c66 x16:0x0000006e PA:0x80008d5e
        4505000	       449	80000194	00009f17	auipc	x30,0x9	 x30=0x80009190
        4515000	       450	80000198	a4ff0f13	addi	x30,x30,-1457	 x30:0x80009190 x30=0x80008bdf
        4525000	       451	8000019c	00009997	auipc	x19,0x9	 x19=0x80009198
        4535000	       452	800001a0	98498993	addi	x19,x19,-1660	 x19:0x80009198 x19=0x80008b1c
        4545000	       453	800001a4	ff198283	lb	x5,-15(x19)	 x19:0x80008b1c  x5=0xfffffff6 PA:0x80008b0d
        4555000	       454	800001a8	00cf4183	lbu	x3,12(x30)	 x30:0x80008bdf  x3=0x000000d0 PA:0x80008beb
        4565000	       455	800001ac	00f98403	lb	x8,15(x19)	 x19:0x80008b1c  x8=0x00000010 PA:0x80008b2b
        4575000	       456	800001b0	00009c97	auipc	x25,0x9	 x25=0x800091ac
        4585000	       457	800001b4	b17c8c93	addi	x25,x25,-1257	 x25:0x800091ac x25=0x80008cc3
        4595000	       458	800001b8	ff698703	lb	x14,-10(x19)	 x19:0x80008b1c x14=0xfffffff9 PA:0x80008b12
        4605000	       459	800001bc	01098823	sb	x16,16(x19)	 x19:0x80008b1c x16:0x0000006e PA:0x80008b2c
        4615000	       460	800001c0	00c9c883	lbu	x17,12(x19)	 x19:0x80008b1c x17=0x00000013 PA:0x80008b28
        4625000	       461	800001c4	00009597	auipc	x11,0x9	 x11=0x800091c0
        4635000	       462	800001c8	bb658593	addi	x11,x11,-1098	 x11:0x800091c0 x11=0x80008d76
        4645000	       463	800001cc	0079cf83	lbu	x31,7(x19)	 x19:0x80008b1c x31=0x00000008 PA:0x80008b23
        4655000	       464	800001d0	0235ce03	lbu	x28,35(x11)	 x11:0x80008d76 x28=0x00000082 PA:0x80008d99
        4665000	       465	800001d4	febc99a3	sh	x11,-13(x25)	 x25:0x80008cc3 x11:0x80008d76 PA:0x80008cb6
        4675000	       466	800001d8	ff3f0783	lb	x15,-13(x30)	 x30:0x80008bdf x15=0xffffffb9 PA:0x80008bd2
        4685000	       467	800001dc	00af0203	lb	x4,10(x30)	 x30:0x80008bdf  x4=0xffffffd2 PA:0x80008be9
        4695000	       468	800001e0	009f1183	lh	x3,9(x30)	 x30:0x80008bdf  x3=0xffffd2d3 PA:0x80008be8
        4705000	       469	00000000	00000013	addi	x0,x0,0	  x0:0x00000000
        4715000	       470	800001e4	fe3585a3	sb	x3,-21(x11)	 x11:0x80008d76  x3:0xffffd2d3 PA:0x80008d61
        4725000	       471	800001e8	000c8383	lb	x7,0(x25)	 x25:0x80008cc3  x7=0xffffffa8 PA:0x80008cc3
        4735000	       472	800001ec	ff998b03	lb	x22,-7(x19)	 x19:0x80008b1c x22=0xfffffffe PA:0x80008b15
        4745000	       473	800001f0	013c8723	sb	x19,14(x25)	 x25:0x80008cc3 x19:0x80008b1c PA:0x80008cd1
        4755000	       474	800001f4	f4358aa3	sb	x3,-171(x11)	 x11:0x80008d76  x3:0xffffd2d3 PA:0x80008ccb
        4765000	       475	800001f8	ff0cc903	lbu	x18,-16(x25)	 x25:0x80008cc3 x18=0x00000098 PA:0x80008cb3
        4775000	       476	800001fc	002f4903	lbu	x18,2(x30)	 x30:0x80008bdf x18=0x000000ca PA:0x80008be1
        4785000	       477	80000200	ffef4e03	lbu	x28,-2(x30)	 x30:0x80008bdf x28=0x000000c6 PA:0x80008bdd
        4795000	       478	80000204	ff2ccd03	lbu	x26,-14(x25)	 x25:0x80008cc3 x26=0x0000009e PA:0x80008cb5
        4805000	       479	80000208	002ccb83	lbu	x23,2(x25)	 x25:0x80008cc3 x23=0x000000ae PA:0x80008cc5
        4815000	       480	8000020c	01a985a3	sb	x26,11(x19)	 x19:0x80008b1c x26:0x0000009e PA:0x80008b27
        4825000	       481	80000210	01799623	sh	x23,12(x19)	 x19:0x80008b1c x23:0x000000ae PA:0x80008b28
        4835000	       482	80000214	ff0cce03	lbu	x28,-16(x25)	 x25:0x80008cc3 x28=0x00000098 PA:0x80008cb3
        4845000	       483	80000218	0f55c703	lbu	x14,245(x11)	 x11:0x80008d76 x14=0x00000050 PA:0x80008e6b
        4855000	       484	8000021c	007cc103	lbu	x2,7(x25)	 x25:0x80008cc3  x2=0x000000b1 PA:0x80008cca
        4865000	       485	80000220	0a758783	lb	x15,167(x11)	 x11:0x80008d76 x15=0x00000006 PA:0x80008e1d
        4875000	       486	80000224	00009497	auipc	x9,0x9	  x9=0x80009220
        4885000	       487	80000228	9f648493	addi	x9,x9,-1546	  x9:0x80009220  x9=0x80008c16
        4895000	       488	8000022c	ffe48ca3	sb	x30,-7(x9)	  x9:0x80008c16 x30:0x80008bdf PA:0x80008c0f
        4905000	       489	80000230	4042d2b3	sra	x5,x5,x4	  x5:0xfffffff6  x4:0xffffffd2  x5=0xffffffff
        4915000	       490	80000234	ffa48ca3	sb	x26,-7(x9)	  x9:0x80008c16 x26:0x0000009e PA:0x80008c0f
        4925000	       491	80000238	fe348ca3	sb	x3,-7(x9)	  x9:0x80008c16  x3:0xffffd2d3 PA:0x80008c0f
        4935000	       492	8000023c	ff94c583	lbu	x11,-7(x9)	  x9:0x80008c16 x11=0x000000d3 PA:0x80008c0f
        4945000	       493	80000240	02a4ce03	lbu	x28,42(x9)	  x9:0x80008c16 x28=0x0000002b PA:0x80008c40
        4955000	       494	80000244	02a4c183	lbu	x3,42(x9)	  x9:0x80008c16  x3=0x0000002b PA:0x80008c40
        4965000	       495	80000248	007e15b3	sll	x11,x28,x7	 x28:0x0000002b  x7:0xffffffa8 x11=0x00002b00
        4975000	       496	8000024c	02a48883	lb	x17,42(x9)	  x9:0x80008c16 x17=0x0000002b PA:0x80008c40
        4985000	       497	80000250	41e65f33	sra	x30,x12,x30	 x12:0x80009f84 x30:0x80008bdf x30=0xffffffff
        4995000	       498	80000254	00ddd993	srli	x19,x27,0xd	 x27:0xbb400000 x19=0x0005da00
        5005000	       499	80000258	c274b517	auipc	x10,0xc274b	 x10=0x4274b254
        5015000	       500	8000025c	02a4ce03	lbu	x28,42(x9)	  x9:0x80008c16 x28=0x0000002b PA:0x80008c40
        5025000	       501	80000260	fd24db03	lhu	x22,-46(x9)	  x9:0x80008c16 x22=0x0000d2d3 PA:0x80008be8
        5035000	       502	80000264	fd24c103	lbu	x2,-46(x9)	  x9:0x80008c16  x2=0x000000d3 PA:0x80008be8
        5045000	       503	80000268	fd949923	sh	x25,-46(x9)	  x9:0x80008c16 x25:0x80008cc3 PA:0x80008be8
        5055000	       504	8000026c	fdf4a923	sw	x31,-46(x9)	  x9:0x80008c16 x31:0x00000008 PA:0x80008be8
        5065000	       505	80000270	fd24ca83	lbu	x21,-46(x9)	  x9:0x80008c16 x21=0x00000008 PA:0x80008be8
        5075000	       506	80000274	fc749923	sh	x7,-46(x9)	  x9:0x80008c16  x7:0xffffffa8 PA:0x80008be8
        5085000	       507	80000278	415e51b3	sra	x3,x28,x21	 x28:0x0000002b x21:0x00000008  x3=0x00000000
        5095000	       508	8000027c	fd24a003	lw	x0,-46(x9)	  x9:0x80008c16 PA:0x80008be8
        5105000	       509	80000280	fda48023	sb	x26,-64(x9)	  x9:0x80008c16 x26:0x0000009e PA:0x80008bd6
        5115000	       510	80000284	00008e97	auipc	x29,0x8	 x29=0x80008280
        5125000	       511	80000288	037e8e93	addi	x29,x29,55	 x29:0x80008280 x29=0x800082b7
        5135000	       512	8000028c	33780d13	addi	x26,x16,823	 x16:0x0000006e x26=0x000003a5
        5145000	       513	80000290	001e9703	lh	x14,1(x29)	 x29:0x800082b7 x14=0x00007273 PA:0x800082b8
        5155000	       514	80000294	24c9e293	ori	x5,x19,588	 x19:0x0005da00  x5=0x0005da4c
        5165000	       515	80000298	f422aa37	lui	x20,0xf422a	 x20=0xf422a000
        5175000	       516	8000029c	00000013	addi	x0,x0,0	  x0:0x00000000
        5185000	       517	800002a0	bad26013	ori	x0,x4,-1107	  x4:0xffffffd2
        5195000	       518	800002a4	00ce8f03	lb	x30,12(x29)	 x29:0x800082b7 x30=0x00000078 PA:0x800082c3
        5205000	       519	800002a8	a8c4af13	slti	x30,x9,-1396	  x9:0x80008c16 x30=0x00000001
        5215000	       520	800002ac	73884497	auipc	x9,0x73884	  x9=0xf38842a8
        5225000	       521	800002b0	003714b3	sll	x9,x14,x3	 x14:0x00007273  x3:0x00000000  x9=0x00007273
        5235000	       522	800002b4	004ecf03	lbu	x30,4(x29)	 x29:0x800082b7 x30=0x00000070 PA:0x800082bb
        5245000	       523	800002b8	b8600293	addi	x5,x0,-1146	  x0:0x00000000  x5=0xfffffb86
        5255000	       524	800002bc	005e9d03	lh	x26,5(x29)	 x29:0x800082b7 x26=0x00007677 PA:0x800082bc
        5265000	       525	800002c0	fece9ea3	sh	x12,-3(x29)	 x29:0x800082b7 x12:0x80009f84 PA:0x800082b4
        5275000	       526	800002c4	01b15233	srl	x4,x2,x27	  x2:0x000000d3 x27:0xbb400000  x4=0x000000d3
        5285000	       527	800002c8	401c5013	srai	x0,x24,0x1	 x24:0x00000000
        5295000	       528	800002cc	00de9b83	lh	x23,13(x29)	 x29:0x800082b7 x23=0x00007e7f PA:0x800082c4
        5305000	       529	800002d0	ff1e8d23	sb	x17,-6(x29)	 x29:0x800082b7 x17:0x0000002b PA:0x800082b1
        5315000	       530	800002d4	010ec703	lbu	x14,16(x29)	 x29:0x800082b7 x14=0x0000007c PA:0x800082c7
        5325000	       531	800002d8	005eaf03	lw	x30,5(x29)	 x29:0x800082b7 x30=0x74757677 PA:0x800082bc
        5335000	       532	800002dc	ffaec183	lbu	x3,-6(x29)	 x29:0x800082b7  x3=0x0000002b PA:0x800082b1
        5345000	       533	800002e0	41e153b3	sra	x7,x2,x30	  x2:0x000000d3 x30:0x74757677  x7=0x00000000
        5355000	       534	800002e4	40955f13	srai	x30,x10,0x9	 x10:0x4274b254 x30=0x00213a59
        5365000	       535	800002e8	fffe9103	lh	x2,-1(x29)	 x29:0x800082b7  x2=0x00006c6d PA:0x800082b6
        5375000	       536	800002ec	00009117	auipc	x2,0x9	  x2=0x800092e8
        5385000	       537	800002f0	bb210113	addi	x2,x2,-1102	  x2:0x800092e8  x2=0x80008e9a
        5395000	       538	800002f4	000e52b3	srl	x5,x28,x0	 x28:0x0000002b  x0:0x00000000  x5=0x0000002b
        5405000	       539	800002f8	ff212803	lw	x16,-14(x2)	  x2:0x80008e9a x16=0x74757677 PA:0x80008e8c
        5415000	       540	800002fc	009102a3	sb	x9,5(x2)	  x2:0x80008e9a  x9:0x00007273 PA:0x80008e9f
        5425000	       541	80000300	00510f83	lb	x31,5(x2)	  x2:0x80008e9a x31=0x00000073 PA:0x80008e9f
        5435000	       542	80000304	00f102a3	sb	x15,5(x2)	  x2:0x80008e9a x15:0x00000006 PA:0x80008e9f
        5445000	       543	80000308	ffd10d83	lb	x27,-3(x2)	  x2:0x80008e9a x27=0x0000007c PA:0x80008e97
        5455000	       544	8000030c	ff610ea3	sb	x22,-3(x2)	  x2:0x80008e9a x22:0x0000d2d3 PA:0x80008e97
        5465000	       545	80000310	ff714783	lbu	x15,-9(x2)	  x2:0x80008e9a x15=0x0000007a PA:0x80008e91
        5475000	       546	80000314	ff810ba3	sb	x24,-9(x2)	  x2:0x80008e9a x24:0x00000000 PA:0x80008e91
        5485000	       547	80000318	fec109a3	sb	x12,-13(x2)	  x2:0x80008e9a x12:0x80009f84 PA:0x80008e8d
        5495000	       548	8000031c	005106a3	sb	x5,13(x2)	  x2:0x80008e9a  x5:0x0000002b PA:0x80008ea7
        5505000	       549	80000320	000106a3	sb	x0,13(x2)	  x2:0x80008e9a  x0:0x00000000 PA:0x80008ea7
        5515000	       550	80000324	00810a83	lb	x21,8(x2)	  x2:0x80008e9a x21=0xffffff89 PA:0x80008ea2
        5525000	       551	80000328	00815f03	lhu	x30,8(x2)	  x2:0x80008e9a x30=0x00008889 PA:0x80008ea2
        5535000	       552	8000032c	00811283	lh	x5,8(x2)	  x2:0x80008e9a  x5=0xffff8889 PA:0x80008ea2
        5545000	       553	80000330	00011423	sh	x0,8(x2)	  x2:0x80008e9a  x0:0x00000000 PA:0x80008ea2
        5555000	       554	80000334	00815903	lhu	x18,8(x2)	  x2:0x80008e9a x18=0x00000000 PA:0x80008ea2
        5565000	       555	80000338	58322f13	slti	x30,x4,1411	  x4:0x000000d3 x30=0x00000001
        5575000	       556	8000033c	0b494c63	blt	x18,x20,800003f4	 x18:0x00000000 x20:0xf422a000
        5585000	       557	80000340	414253b3	sra	x7,x4,x20	  x4:0x000000d3 x20:0xf422a000  x7=0x000000d3
        5595000	       558	80000344	d86aa397	auipc	x7,0xd86aa	  x7=0x586aa340
        5605000	       559	80000348	403409b3	sub	x19,x8,x3	  x8:0x00000010  x3:0x0000002b x19=0xffffffe5
        5615000	       560	8000034c	122da813	slti	x16,x27,290	 x27:0x0000007c x16=0x00000001
        5625000	       561	80000350	00009397	auipc	x7,0x9	  x7=0x8000934c
        5635000	       562	80000354	b7e38393	addi	x7,x7,-1154	  x7:0x8000934c  x7=0x80008eca
        5645000	       563	80000358	a42af913	andi	x18,x21,-1470	 x21:0xffffff89 x18=0xfffffa00
        5655000	       564	8000035c	c4038823	sb	x0,-944(x7)	  x7:0x80008eca  x0:0x00000000 PA:0x80008b1a
        5665000	       565	80000360	f3b38b03	lb	x22,-197(x7)	  x7:0x80008eca x22=0xffffffee PA:0x80008e05
        5675000	       566	80000364	d8938b03	lb	x22,-631(x7)	  x7:0x80008eca x22=0x00000038 PA:0x80008c53
        5685000	       567	80000368	a3238c03	lb	x24,-1486(x7)	  x7:0x80008eca x24=0xffffffe7 PA:0x800088fc
        5695000	       568	8000036c	a6b38da3	sb	x11,-1413(x7)	  x7:0x80008eca x11:0x00002b00 PA:0x80008945
        5705000	       569	80000370	00b66533	or	x10,x12,x11	 x12:0x80009f84 x11:0x00002b00 x10=0x8000bf84
        5715000	       570	80000374	e3d3ce03	lbu	x28,-451(x7)	  x7:0x80008eca x28=0x000000ec PA:0x80008d07
        5725000	       571	80000378	0182bfb3	sltu	x31,x5,x24	  x5:0xffff8889 x24:0xffffffe7 x31=0x00000001
        5735000	       572	8000037c	e0838b03	lb	x22,-504(x7)	  x7:0x80008eca x22=0xffffffb9 PA:0x80008cd2
        5745000	       573	80000380	a6038323	sb	x0,-1434(x7)	  x7:0x80008eca  x0:0x00000000 PA:0x80008930
        5755000	       574	80000384	0142a333	slt	x6,x5,x20	  x5:0xffff8889 x20:0xf422a000  x6=0x00000000
        5765000	       575	80000388	05839483	lh	x9,88(x7)	  x7:0x80008eca  x9=0x00003c32 PA:0x80008f22
        5775000	       576	8000038c	08b38a83	lb	x21,139(x7)	  x7:0x80008eca x21=0x0000003e PA:0x80008f55
        5785000	       577	80000390	002c2333	slt	x6,x24,x2	 x24:0xffffffe7  x2:0x80008e9a  x6=0x00000000
        5795000	       578	80000394	9de3de03	lhu	x28,-1570(x7)	  x7:0x80008eca x28=0x00009293 PA:0x800088a8
        5805000	       579	80000398	00078933	add	x18,x15,x0	 x15:0x0000007a  x0:0x00000000 x18=0x0000007a
        5815000	       580	8000039c	d413ce03	lbu	x28,-703(x7)	  x7:0x80008eca x28=0x000000f0 PA:0x80008c0b
        5825000	       581	800003a0	419e8433	sub	x8,x29,x25	 x29:0x800082b7 x25:0x80008cc3  x8=0xfffff5f4
        5835000	       582	800003a4	f20384a3	sb	x0,-215(x7)	  x7:0x80008eca  x0:0x00000000 PA:0x80008df3
        5845000	       583	800003a8	0f4384a3	sb	x20,233(x7)	  x7:0x80008eca x20:0xf422a000 PA:0x80008fb3
        5855000	       584	800003ac	003da9b3	slt	x19,x27,x3	 x27:0x0000007c  x3:0x0000002b x19=0x00000000
        5865000	       585	800003b0	dbb38b83	lb	x23,-581(x7)	  x7:0x80008eca x23=0x0000006e PA:0x80008c85
        5875000	       586	800003b4	fa438483	lb	x9,-92(x7)	  x7:0x80008eca  x9=0x00000055 PA:0x80008e6e
        5885000	       587	800003b8	f42388a3	sb	x2,-175(x7)	  x7:0x80008eca  x2:0x80008e9a PA:0x80008e1b
        5895000	       588	800003bc	01224d33	xor	x26,x4,x18	  x4:0x000000d3 x18:0x0000007a x26=0x000000a9
        5905000	       589	800003c0	00c82bb3	slt	x23,x16,x12	 x16:0x00000001 x12:0x80009f84 x23=0x00000000
        5915000	       590	800003c4	e913c203	lbu	x4,-367(x7)	  x7:0x80008eca  x4=0x00000040 PA:0x80008d5b
        5925000	       591	800003c8	bd248f13	addi	x30,x9,-1070	  x9:0x00000055 x30=0xfffffc27
        5935000	       592	800003cc	ff838f03	lb	x30,-8(x7)	  x7:0x80008eca x30=0xffffffa9 PA:0x80008ec2
        5945000	       593	800003d0	0fd39023	sh	x29,224(x7)	  x7:0x80008eca x29:0x800082b7 PA:0x80008faa
        5955000	       594	800003d4	d2d38a83	lb	x21,-723(x7)	  x7:0x80008eca x21=0xffffffdc PA:0x80008bf7
        5965000	       595	800003d8	fcb3ca03	lbu	x20,-53(x7)	  x7:0x80008eca x20=0x0000007e PA:0x80008e95
        5975000	       596	800003dc	e2d38ca3	sb	x13,-455(x7)	  x7:0x80008eca x13:0x80009fc4 PA:0x80008d03
        5985000	       597	800003e0	e743c183	lbu	x3,-396(x7)	  x7:0x80008eca  x3=0x00000025 PA:0x80008d3e
        5995000	       598	800003e4	d8738b83	lb	x23,-633(x7)	  x7:0x80008eca x23=0x0000003a PA:0x80008c51
        6005000	       599	800003e8	00d0c233	xor	x4,x1,x13	  x1:0x6a37f95a x13:0x80009fc4  x4=0xea37669e
        6015000	       600	800003ec	0349de63	bge	x19,x20,80000428	 x19:0x00000000 x20:0x0000007e
        6025000	       601	800003f0	056b4463	blt	x22,x22,80000438	 x22:0xffffffb9 x22:0xffffffb9
        6035000	       602	800003f4	574fcc93	xori	x25,x31,1396	 x31:0x00000001 x25=0x00000575
        6045000	       603	800003f8	039dea63	bltu	x27,x25,8000042c	 x27:0x0000007c x25:0x00000575
        6055000	       604	00000000	00000013	addi	x0,x0,0	  x0:0x00000000
        6065000	       605	80000428	00000013	addi	x0,x0,0	  x0:0x00000000
        6075000	       606	8000042c	208b1c97	auipc	x25,0x208b1	 x25=0xa08b1428
        6085000	       607	80000430	c5400b13	addi	x22,x0,-940	  x0:0x00000000 x22=0xfffffc54
        6095000	       608	80000434	787c8113	addi	x2,x25,1927	 x25:0xa08b1428  x2=0xa08b1baf
        6105000	       609	80000438	011b1593	slli	x11,x22,0x11	 x22:0xfffffc54 x11=0xf8a80000
        6115000	       610	8000043c	01585e33	srl	x28,x16,x21	 x16:0x00000001 x21:0xffffffdc x28=0x00000000
        6125000	       611	80000440	02324263	blt	x4,x3,80000464	  x4:0xea37669e  x3:0x00000025
        6135000	       612	00000000	00000013	addi	x0,x0,0	  x0:0x00000000
        6145000	       613	80000460	00000013	addi	x0,x0,0	  x0:0x00000000
        6155000	       614	80000464	01af5c63	bge	x30,x26,8000047c	 x30:0xffffffa9 x26:0x000000a9
        6165000	       615	80000468	00501bb3	sll	x23,x0,x5	  x0:0x00000000  x5:0xffff8889 x23=0x00000000
        6175000	       616	8000046c	00f25d13	srli	x26,x4,0xf	  x4:0xea37669e x26=0x0001d46e
        6185000	       617	80000470	e2cb2513	slti	x10,x22,-468	 x22:0xfffffc54 x10=0x00000001
        6195000	       618	80000474	018d9793	slli	x15,x27,0x18	 x27:0x0000007c x15=0x7c000000
        6205000	       619	80000478	00390fb3	add	x31,x18,x3	 x18:0x0000007a  x3:0x00000025 x31=0x0000009f
        6215000	       620	8000047c	f0cd7013	andi	x0,x26,-244	 x26:0x0001d46e
        6225000	       621	80000480	00f17ab3	and	x21,x2,x15	  x2:0xa08b1baf x15:0x7c000000 x21=0x20000000
        6235000	       622	80000484	01d2d4b3	srl	x9,x5,x29	  x5:0xffff8889 x29:0x800082b7  x9=0x000001ff
        6245000	       623	80000488	00549033	sll	x0,x9,x5	  x9:0x000001ff  x5:0xffff8889
        6255000	       624	8000048c	406cd5b3	sra	x11,x25,x6	 x25:0xa08b1428  x6:0x00000000 x11=0xa08b1428
        6265000	       625	80000490	00000013	addi	x0,x0,0	  x0:0x00000000
        6275000	       626	80000494	00d103b3	add	x7,x2,x13	  x2:0xa08b1baf x13:0x80009fc4  x7=0x208bbb73
        6285000	       627	80000498	40698233	sub	x4,x19,x6	 x19:0x00000000  x6:0x00000000  x4=0x00000000
        6295000	       628	8000049c	04714063	blt	x2,x7,800004dc	  x2:0xa08b1baf  x7:0x208bbb73
        6305000	       629	00000000	00000013	addi	x0,x0,0	  x0:0x00000000
        6315000	       630	800004d8	00000013	addi	x0,x0,0	  x0:0x00000000
        6325000	       631	800004dc	00a10663	beq	x2,x10,800004e8	  x2:0xa08b1baf x10:0x00000001
        6335000	       632	800004e0	41788a33	sub	x20,x17,x23	 x17:0x0000002b x23:0x00000000 x20=0x0000002b
        6345000	       633	800004e4	417bd833	sra	x16,x23,x23	 x23:0x00000000 x23:0x00000000 x16=0x00000000
        6355000	       634	800004e8	854abcb7	lui	x25,0x854ab	 x25=0x854ab000
        6365000	       635	800004ec	0076a733	slt	x14,x13,x7	 x13:0x80009fc4  x7:0x208bbb73 x14=0x00000001
        6375000	       636	800004f0	019fac33	slt	x24,x31,x25	 x31:0x0000009f x25:0x854ab000 x24=0x00000000
        6385000	       637	800004f4	00ad0fb3	add	x31,x26,x10	 x26:0x0001d46e x10:0x00000001 x31=0x0001d46f
        6395000	       638	800004f8	d4b8c937	lui	x18,0xd4b8c	 x18=0xd4b8c000
        6405000	       639	800004fc	024b0a63	beq	x22,x4,80000530	 x22:0xfffffc54  x4:0x00000000
        6415000	       640	80000500	193f6493	ori	x9,x30,403	 x30:0xffffffa9  x9=0xffffffbb
        6425000	       641	80000504	4a1de497	auipc	x9,0x4a1de	  x9=0xca1de500
        6435000	       642	80000508	04b80863	beq	x16,x11,80000558	 x16:0x00000000 x11:0xa08b1428
        6445000	       643	8000050c	01fd7333	and	x6,x26,x31	 x26:0x0001d46e x31:0x0001d46f  x6=0x0001d46e
        6455000	       644	80000510	00000013	addi	x0,x0,0	  x0:0x00000000
        6465000	       645	80000514	c5cf9597	auipc	x11,0xc5cf9	 x11=0x45cf9510
        6475000	       646	80000518	01e4aa33	slt	x20,x9,x30	  x9:0xca1de500 x30:0xffffffa9 x20=0x00000001
        6485000	       647	8000051c	0405e263	bltu	x11,x0,80000560	 x11:0x45cf9510  x0:0x00000000
        6495000	       648	80000520	0189adb3	slt	x27,x19,x24	 x19:0x00000000 x24:0x00000000 x27=0x00000000
        6505000	       649	80000524	4094a037	lui	x0,0x4094a	
        6515000	       650	80000528	02931a63	bne	x6,x9,8000055c	  x6:0x0001d46e  x9:0xca1de500
        6525000	       651	00000000	00000013	addi	x0,x0,0	  x0:0x00000000
        6535000	       652	80000558	00000013	addi	x0,x0,0	  x0:0x00000000
        6545000	       653	8000055c	40a05793	srai	x15,x0,0xa	  x0:0x00000000 x15=0x00000000
        6555000	       654	80000560	0092d133	srl	x2,x5,x9	  x5:0xffff8889  x9:0xca1de500  x2=0xffff8889
        6565000	       655	80000564	00681e63	bne	x16,x6,80000580	 x16:0x00000000  x6:0x0001d46e
        6575000	       656	00000000	00000013	addi	x0,x0,0	  x0:0x00000000
        6585000	       657	8000057c	00000013	addi	x0,x0,0	  x0:0x00000000
        6595000	       658	80000580	0198d013	srli	x0,x17,0x19	 x17:0x0000002b
        6605000	       659	80000584	00000013	addi	x0,x0,0	  x0:0x00000000
        6615000	       660	80000588	41e95fb3	sra	x31,x18,x30	 x18:0xd4b8c000 x30:0xffffffa9 x31=0xffea5c60
        6625000	       661	8000058c	06c81e63	bne	x16,x12,80000608	 x16:0x00000000 x12:0x80009f84
        6635000	       662	00000000	00000013	addi	x0,x0,0	  x0:0x00000000
        6645000	       663	80000604	00000013	addi	x0,x0,0	  x0:0x00000000
        6655000	       664	80000608	01aa8733	add	x14,x21,x26	 x21:0x20000000 x26:0x0001d46e x14=0x2001d46e
        6665000	       665	8000060c	4038d3b3	sra	x7,x17,x3	 x17:0x0000002b  x3:0x00000025  x7=0x00000001
        6675000	       666	80000610	01875233	srl	x4,x14,x24	 x14:0x2001d46e x24:0x00000000  x4=0x2001d46e
        6685000	       667	80000614	877fa793	slti	x15,x31,-1929	 x31:0xffea5c60 x15=0x00000001
        6695000	       668	80000618	004ab333	sltu	x6,x21,x4	 x21:0x20000000  x4:0x2001d46e  x6=0x00000001
        6705000	       669	8000061c	01bdee33	or	x28,x27,x27	 x27:0x00000000 x27:0x00000000 x28=0x00000000
        6715000	       670	80000620	cbf50d93	addi	x27,x10,-833	 x10:0x00000001 x27=0xfffffcc0
        6725000	       671	80000624	00189513	slli	x10,x17,0x1	 x17:0x0000002b x10=0x00000056
        6735000	       672	80000628	0057da93	srli	x21,x15,0x5	 x15:0x00000001 x21=0x00000000
        6745000	       673	8000062c	009a4c33	xor	x24,x20,x9	 x20:0x00000001  x9:0xca1de500 x24=0xca1de501
        6755000	       674	80000630	0029af33	slt	x30,x19,x2	 x19:0x00000000  x2:0xffff8889 x30=0x00000000
        6765000	       675	80000634	0136de33	srl	x28,x13,x19	 x13:0x80009fc4 x19:0x00000000 x28=0x80009fc4
        6775000	       676	80000638	45acc793	xori	x15,x25,1114	 x25:0x854ab000 x15=0x854ab45a
        6785000	       677	8000063c	008e61b3	or	x3,x28,x8	 x28:0x80009fc4  x8:0xfffff5f4  x3=0xfffffff4
        6795000	       678	80000640	03b0c263	blt	x1,x27,80000664	  x1:0x6a37f95a x27:0xfffffcc0
        6805000	       679	80000644	29ba7313	andi	x6,x20,667	 x20:0x00000001  x6=0x00000001
        6815000	       680	80000648	41848733	sub	x14,x9,x24	  x9:0xca1de500 x24:0xca1de501 x14=0xffffffff
        6825000	       681	8000064c	05256063	bltu	x10,x18,8000068c	 x10:0x00000056 x18:0xd4b8c000
        6835000	       682	00000000	00000013	addi	x0,x0,0	  x0:0x00000000
        6845000	       683	80000688	00000013	addi	x0,x0,0	  x0:0x00000000
        6855000	       684	8000068c	7a524513	xori	x10,x4,1957	  x4:0x2001d46e x10=0x2001d3cb
        6865000	       685	80000690	00309893	slli	x17,x1,0x3	  x1:0x6a37f95a x17=0x51bfcad0
        6875000	       686	80000694	015bd513	srli	x10,x23,0x15	 x23:0x00000000 x10=0x00000000
        6885000	       687	80000698	0114cb93	xori	x23,x9,17	  x9:0xca1de500 x23=0xca1de511
        6895000	       688	8000069c	00330263	beq	x6,x3,800006a0	  x6:0x00000001  x3:0xfffffff4
        6905000	       689	800006a0	412704b3	sub	x9,x14,x18	 x14:0xffffffff x18:0xd4b8c000  x9=0x2b473fff
        6915000	       690	800006a4	4086dd13	srai	x26,x13,0x8	 x13:0x80009fc4 x26=0xff80009f
        6925000	       691	800006a8	d2ca9e37	lui	x28,0xd2ca9	 x28=0xd2ca9000
        6935000	       692	800006ac	00a302b3	add	x5,x6,x10	  x6:0x00000001 x10:0x00000000  x5=0x00000001
        6945000	       693	800006b0	ee7a2213	slti	x4,x20,-281	 x20:0x00000001  x4=0x00000000
        6955000	       694	800006b4	01fdb3b3	sltu	x7,x27,x31	 x27:0xfffffcc0 x31:0xffea5c60  x7=0x00000000
        6965000	       695	800006b8	413254b3	sra	x9,x4,x19	  x4:0x00000000 x19:0x00000000  x9=0x00000000
        6975000	       696	800006bc	6bc32d13	slti	x26,x6,1724	  x6:0x00000001 x26=0x00000001
        6985000	       697	800006c0	40f35c13	srai	x24,x6,0xf	  x6:0x00000001 x24=0x00000000
        6995000	       698	800006c4	3094bc37	lui	x24,0x3094b	 x24=0x3094b000
        7005000	       699	800006c8	40788b33	sub	x22,x17,x7	 x17:0x51bfcad0  x7:0x00000000 x22=0x51bfcad0
        7015000	       700	800006cc	05b26463	bltu	x4,x27,80000714	  x4:0x00000000 x27:0xfffffcc0
        7025000	       701	00000000	00000013	addi	x0,x0,0	  x0:0x00000000
        7035000	       702	80000710	00000013	addi	x0,x0,0	  x0:0x00000000
        7045000	       703	80000714	7003a393	slti	x7,x7,1792	  x7:0x00000000  x7=0x00000001
        7055000	       704	80000718	04019063	bne	x3,x0,80000758	  x3:0xfffffff4  x0:0x00000000
        7065000	       705	00000000	00000013	addi	x0,x0,0	  x0:0x00000000
        7075000	       706	80000754	00000013	addi	x0,x0,0	  x0:0x00000000
        7085000	       707	80000758	6ee83793	sltiu	x15,x16,1774	 x16:0x00000000 x15=0x00000001
        7095000	       708	8000075c	b3743813	sltiu	x16,x8,-1225	  x8:0xfffff5f4 x16=0x00000001
        7105000	       709	80000760	00c72cb3	slt	x25,x14,x12	 x14:0xffffffff x12:0x80009f84 x25=0x00000000
        7115000	       710	80000764	01944f93	xori	x31,x8,25	  x8:0xfffff5f4 x31=0xfffff5ed
        7125000	       711	80000768	031e4e63	blt	x28,x17,800007a4	 x28:0xd2ca9000 x17:0x51bfcad0
        7135000	       712	00000000	00000013	addi	x0,x0,0	  x0:0x00000000
        7145000	       713	800007a0	00000013	addi	x0,x0,0	  x0:0x00000000
        7155000	       714	800007a4	2313f393	andi	x7,x7,561	  x7:0x00000001  x7=0x00000001
        7165000	       715	800007a8	06cde463	bltu	x27,x12,80000810	 x27:0xfffffcc0 x12:0x80009f84
        7175000	       716	800007ac	00a83b33	sltu	x22,x16,x10	 x16:0x00000001 x10:0x00000000 x22=0x00000000
        7185000	       717	800007b0	c3563413	sltiu	x8,x12,-971	 x12:0x80009f84  x8=0x00000001
        7195000	       718	800007b4	41cb5d33	sra	x26,x22,x28	 x22:0x00000000 x28:0xd2ca9000 x26=0x00000000
        7205000	       719	800007b8	01711263	bne	x2,x23,800007bc	  x2:0xffff8889 x23:0xca1de511
        7215000	       720	00000000	00000013	addi	x0,x0,0	  x0:0x00000000
        7225000	       721	800007b8	00000013	addi	x0,x0,0	  x0:0x00000000
        7235000	       722	800007bc	00ac5333	srl	x6,x24,x10	 x24:0x3094b000 x10:0x00000000  x6=0x3094b000
        7245000	       723	800007c0	00409e33	sll	x28,x1,x4	  x1:0x6a37f95a  x4:0x00000000 x28=0x6a37f95a
        7255000	       724	800007c4	006f68b3	or	x17,x30,x6	 x30:0x00000000  x6:0x3094b000 x17=0x3094b000
        7265000	       725	800007c8	00a2a433	slt	x8,x5,x10	  x5:0x00000001 x10:0x00000000  x8=0x00000000
        7275000	       726	800007cc	31337413	andi	x8,x6,787	  x6:0x3094b000  x8=0x00000000
        7285000	       727	800007d0	00000597	auipc	x11,0x0	 x11=0x800007cc
        7295000	       728	800007d4	0b058593	addi	x11,x11,176	 x11:0x800007cc x11=0x8000087c
        7305000	       729	800007d8	00f7db13	srli	x22,x15,0xf	 x15:0x00000001 x22=0x00000000
        7315000	       730	800007dc	cfe58913	addi	x18,x11,-770	 x11:0x8000087c x18=0x8000057a
        7325000	       731	800007e0	3f8ee797	auipc	x15,0x3f8ee	 x15=0xbf8ee7dc
        7335000	       732	800007e4	01ce3533	sltu	x10,x28,x28	 x28:0x6a37f95a x28:0x6a37f95a x10=0x00000000
        7345000	       733	800007e8	eaf58593	addi	x11,x11,-337	 x11:0x8000087c x11=0x8000072b
        7355000	       734	800007ec	00000013	addi	x0,x0,0	  x0:0x00000000
        7365000	       735	800007f0	15158367	jalr	x6,x11,337	 x11:0x8000072b  x6=0x800007f0
        7375000	       736	00000000	00000013	addi	x0,x0,0	  x0:0x00000000
        7385000	       737	8000087c	00000013	addi	x0,x0,0	  x0:0x00000000
        7395000	       738	80000880	4ee48c93	addi	x25,x9,1262	  x9:0x00000000 x25=0x000004ee
        7405000	       739	80000884	fe460613	addi	x12,x12,-28	 x12:0x80009f84 x12=0x80009f68
        7415000	       740	80000888	41cb5213	srai	x4,x22,0x1c	 x22:0x00000000  x4=0x00000000
        7425000	       741	8000088c	00662223	sw	x6,4(x12)	 x12:0x80009f68  x6:0x800007f0 PA:0x80009f6c
        7435000	       742	80000890	00a50233	add	x4,x10,x10	 x10:0x00000000 x10:0x00000000  x4=0x00000000
        7445000	       743	80000894	35b02f13	slti	x30,x0,859	  x0:0x00000000 x30=0x00000001
        7455000	       744	80000898	015f9f33	sll	x30,x31,x21	 x31:0xfffff5ed x21:0x00000000 x30=0xfffff5ed
        7465000	       745	8000089c	01ef3e33	sltu	x28,x30,x30	 x30:0xfffff5ed x30:0xfffff5ed x28=0x00000000
        7475000	       746	800008a0	11b16a13	ori	x20,x2,283	  x2:0xffff8889 x20=0xffff899b
        7485000	       747	800008a4	0c08f113	andi	x2,x17,192	 x17:0x3094b000  x2=0x00000000
        7495000	       748	800008a8	01c4d413	srli	x8,x9,0x1c	  x9:0x00000000  x8=0x00000000
        7505000	       749	800008ac	0006d533	srl	x10,x13,x0	 x13:0x80009fc4  x0:0x00000000 x10=0x80009fc4
        7515000	       750	800008b0	00008c97	auipc	x25,0x8	 x25=0x800088ac
        7525000	       751	800008b4	9bec8c93	addi	x25,x25,-1602	 x25:0x800088ac x25=0x8000826a
        7535000	       752	800008b8	ffbc8c03	lb	x24,-5(x25)	 x25:0x8000826a x24=0x0000001e PA:0x80008265
        7545000	       753	800008bc	fe3c8da3	sb	x3,-5(x25)	 x25:0x8000826a  x3:0xfffffff4 PA:0x80008265
        7555000	       754	800008c0	41b1d213	srai	x4,x3,0x1b	  x3:0xfffffff4  x4=0xffffffff
        7565000	       755	800008c4	00fc9623	sh	x15,12(x25)	 x25:0x8000826a x15:0xbf8ee7dc PA:0x80008276
        7575000	       756	800008c8	00cc9f03	lh	x30,12(x25)	 x25:0x8000826a x30=0xffffe7dc PA:0x80008276
        7585000	       757	800008cc	017c8223	sb	x23,4(x25)	 x25:0x8000826a x23:0xca1de511 PA:0x8000826e
        7595000	       758	800008d0	015723b3	slt	x7,x14,x21	 x14:0xffffffff x21:0x00000000  x7=0x00000001
        7605000	       759	800008d4	e39fce93	xori	x29,x31,-455	 x31:0xfffff5ed x29=0x00000bd4
        7615000	       760	800008d8	00d71d93	slli	x27,x14,0xd	 x14:0xffffffff x27=0xffffe000
        7625000	       761	800008dc	0087a233	slt	x4,x15,x8	 x15:0xbf8ee7dc  x8:0x00000000  x4=0x00000001
        7635000	       762	800008e0	004c9703	lh	x14,4(x25)	 x25:0x8000826a x14=0x00002411 PA:0x8000826e
        7645000	       763	800008e4	011c82a3	sb	x17,5(x25)	 x25:0x8000826a x17:0x3094b000 PA:0x8000826f
        7655000	       764	800008e8	00bc82a3	sb	x11,5(x25)	 x25:0x8000826a x11:0x8000072b PA:0x8000826f
        7665000	       765	800008ec	fe5c8ca3	sb	x5,-7(x25)	 x25:0x8000826a  x5:0x00000001 PA:0x80008263
        7675000	       766	800008f0	46c96413	ori	x8,x18,1132	 x18:0x8000057a  x8=0x8000057e
        7685000	       767	800008f4	ff9cc403	lbu	x8,-7(x25)	 x25:0x8000826a  x8=0x00000001 PA:0x80008263
        7695000	       768	800008f8	009034b3	sltu	x9,x0,x9	  x0:0x00000000  x9:0x00000000  x9=0x00000000
        7705000	       769	800008fc	ff3cc403	lbu	x8,-13(x25)	 x25:0x8000826a  x8=0x00000016 PA:0x8000825d
        7715000	       770	80000900	ff3c8203	lb	x4,-13(x25)	 x25:0x8000826a  x4=0x00000016 PA:0x8000825d
        7725000	       771	80000904	ff3c8f03	lb	x30,-13(x25)	 x25:0x8000826a x30=0x00000016 PA:0x8000825d
        7735000	       772	80000908	00dc87a3	sb	x13,15(x25)	 x25:0x8000826a x13:0x80009fc4 PA:0x80008279
        7745000	       773	8000090c	00fcc203	lbu	x4,15(x25)	 x25:0x8000826a  x4=0x000000c4 PA:0x80008279
        7755000	       774	80000910	ffcc8783	lb	x15,-4(x25)	 x25:0x8000826a x15=0x0000001d PA:0x80008266
        7765000	       775	80000914	ff7cc903	lbu	x18,-9(x25)	 x25:0x8000826a x18=0x0000001a PA:0x80008261
        7775000	       776	80000918	00008117	auipc	x2,0x8	  x2=0x80008914
        7785000	       777	8000091c	09d10113	addi	x2,x2,157	  x2:0x80008914  x2=0x800089b1
        7795000	       778	80000920	0133f233	and	x4,x7,x19	  x7:0x00000001 x19:0x00000000  x4=0x00000000
        7805000	       779	80000924	00110483	lb	x9,1(x2)	  x2:0x800089b1  x9=0xffffff99 PA:0x800089b2
        7815000	       780	80000928	00110c03	lb	x24,1(x2)	  x2:0x800089b1 x24=0xffffff99 PA:0x800089b2
        7825000	       781	8000092c	41398433	sub	x8,x19,x19	 x19:0x00000000 x19:0x00000000  x8=0x00000000
        7835000	       782	80000930	40af54b3	sra	x9,x30,x10	 x30:0x00000016 x10:0x80009fc4  x9=0x00000001
        7845000	       783	80000934	fc60fe13	andi	x28,x1,-58	  x1:0x6a37f95a x28=0x6a37f942
        7855000	       784	80000938	00410f83	lb	x31,4(x2)	  x2:0x800089b1 x31=0xffffff9e PA:0x800089b5
        7865000	       785	8000093c	ffb11303	lh	x6,-5(x2)	  x2:0x800089b1  x6=0xffff9697 PA:0x800089ac
        7875000	       786	80000940	00910003	lb	x0,9(x2)	  x2:0x800089b1 PA:0x800089ba
        7885000	       787	80000944	eb58a913	slti	x18,x17,-331	 x17:0x3094b000 x18=0x00000000
        7895000	       788	80000948	00810a03	lb	x20,8(x2)	  x2:0x800089b1 x20=0xffffffa2 PA:0x800089b9
        7905000	       789	8000094c	01caad33	slt	x26,x21,x28	 x21:0x00000000 x28:0x6a37f942 x26=0x00000001
        7915000	       790	80000950	00acdc13	srli	x24,x25,0xa	 x25:0x8000826a x24=0x00200020
        7925000	       791	80000954	01e8c4b3	xor	x9,x17,x30	 x17:0x3094b000 x30:0x00000016  x9=0x3094b016
        7935000	       792	80000958	00410203	lb	x4,4(x2)	  x2:0x800089b1  x4=0xffffff9e PA:0x800089b5
        7945000	       793	8000095c	0036aa33	slt	x20,x13,x3	 x13:0x80009fc4  x3:0xfffffff4 x20=0x00000001
        7955000	       794	80000960	00210e03	lb	x28,2(x2)	  x2:0x800089b1 x28=0xffffff98 PA:0x800089b3
        7965000	       795	80000964	ff210783	lb	x15,-14(x2)	  x2:0x800089b1 x15=0xffffff88 PA:0x800089a3
        7975000	       796	80000968	00810483	lb	x9,8(x2)	  x2:0x800089b1  x9=0xffffffa2 PA:0x800089b9
        7985000	       797	8000096c	ff210503	lb	x10,-14(x2)	  x2:0x800089b1 x10=0xffffff88 PA:0x800089a3
        7995000	       798	80000970	00319533	sll	x10,x3,x3	  x3:0xfffffff4  x3:0xfffffff4 x10=0xff400000
        8005000	       799	80000974	93632d93	slti	x27,x6,-1738	  x6:0xffff9697 x27=0x00000001
        8015000	       800	80000978	670ef813	andi	x16,x29,1648	 x29:0x00000bd4 x16=0x00000250
        8025000	       801	8000097c	0ff85c37	lui	x24,0xff85	 x24=0x0ff85000
        8035000	       802	80000980	ff810703	lb	x14,-8(x2)	  x2:0x800089b1 x14=0xffffff92 PA:0x800089a9
        8045000	       803	80000984	c2b6e013	ori	x0,x13,-981	 x13:0x80009fc4
        8055000	       804	80000988	fe910923	sb	x9,-14(x2)	  x2:0x800089b1  x9:0xffffffa2 PA:0x800089a3
        8065000	       805	8000098c	821e7393	andi	x7,x28,-2015	 x28:0xffffff98  x7=0xfffff800
        8075000	       806	80000990	267e7513	andi	x10,x28,615	 x28:0xffffff98 x10=0x00000200
        8085000	       807	80000994	ff210823	sb	x18,-16(x2)	  x2:0x800089b1 x18:0x00000000 PA:0x800089a1
        8095000	       808	80000998	00414d83	lbu	x27,4(x2)	  x2:0x800089b1 x27=0x0000009e PA:0x800089b5
        8105000	       809	8000099c	00814e03	lbu	x28,8(x2)	  x2:0x800089b1 x28=0x000000a2 PA:0x800089b9
        8115000	       810	800009a0	ffb14d83	lbu	x27,-5(x2)	  x2:0x800089b1 x27=0x00000097 PA:0x800089ac
        8125000	       811	800009a4	ff614583	lbu	x11,-10(x2)	  x2:0x800089b1 x11=0x0000008c PA:0x800089a7
        8135000	       812	800009a8	018b1db3	sll	x27,x22,x24	 x22:0x00000000 x24:0x0ff85000 x27=0x00000000
        8145000	       813	800009ac	00000013	addi	x0,x0,0	  x0:0x00000000
        8155000	       814	800009b0	00b12f83	lw	x31,11(x2)	  x2:0x800089b1 x31=0xa4a5a6a7 PA:0x800089bc
        8165000	       815	800009b4	0111feb3	and	x29,x3,x17	  x3:0xfffffff4 x17:0x3094b000 x29=0x3094b000
        8175000	       816	800009b8	00c10a83	lb	x21,12(x2)	  x2:0x800089b1 x21=0xffffffa6 PA:0x800089bd
        8185000	       817	800009bc	00008997	auipc	x19,0x8	 x19=0x800089b8
        8195000	       818	800009c0	af398993	addi	x19,x19,-1293	 x19:0x800089b8 x19=0x800084ab
        8205000	       819	800009c4	41e1d793	srai	x15,x3,0x1e	  x3:0xfffffff4 x15=0xffffffff
        8215000	       820	800009c8	40035293	srai	x5,x6,0x0	  x6:0xffff9697  x5=0xffff9697
        8225000	       821	800009cc	01b9dc83	lhu	x25,27(x19)	 x19:0x800084ab x25=0x00007c7d PA:0x800084c6
        8235000	       822	800009d0	a308f217	auipc	x4,0xa308f	  x4=0x2308f9cc
        8245000	       823	800009d4	007b0393	addi	x7,x22,7	 x22:0x00000000  x7=0x00000007
        8255000	       824	800009d8	4008d433	sra	x8,x17,x0	 x17:0x3094b000  x0:0x00000000  x8=0x3094b000
        8265000	       825	800009dc	ffa98103	lb	x2,-6(x19)	 x19:0x800084ab  x2=0x0000005e PA:0x800084a5
        8275000	       826	800009e0	001a9313	slli	x6,x21,0x1	 x21:0xffffffa6  x6=0xffffff4c
        8285000	       827	800009e4	1ce5ba93	sltiu	x21,x11,462	 x11:0x0000008c x21=0x00000001
        8295000	       828	800009e8	02171f97	auipc	x31,0x2171	 x31=0x821719e4
        8305000	       829	800009ec	dee78d37	lui	x26,0xdee78	 x26=0xdee78000
        8315000	       830	800009f0	fe898d23	sb	x8,-6(x19)	 x19:0x800084ab  x8:0x3094b000 PA:0x800084a5
        8325000	       831	800009f4	00555333	srl	x6,x10,x5	 x10:0x00000200  x5:0xffff9697  x6=0x00000000
        8335000	       832	800009f8	02f9dd83	lhu	x27,47(x19)	 x19:0x800084ab x27=0x00009091 PA:0x800084da
        8345000	       833	800009fc	fd49c383	lbu	x7,-44(x19)	 x19:0x800084ab  x7=0x00000034 PA:0x8000847f
        8355000	       834	80000a00	01898323	sb	x24,6(x19)	 x19:0x800084ab x24:0x0ff85000 PA:0x800084b1
        8365000	       835	80000a04	00000013	addi	x0,x0,0	  x0:0x00000000
        8375000	       836	80000a08	bb8e3313	sltiu	x6,x28,-1096	 x28:0x000000a2  x6=0x00000001
        8385000	       837	80000a0c	fd29a4a3	sw	x18,-55(x19)	 x19:0x800084ab x18:0x00000000 PA:0x80008474
        8395000	       838	80000a10	fc398823	sb	x3,-48(x19)	 x19:0x800084ab  x3:0xfffffff4 PA:0x8000847b
        8405000	       839	80000a14	fe698423	sb	x6,-24(x19)	 x19:0x800084ab  x6:0x00000001 PA:0x80008493
        8415000	       840	80000a18	1a93c593	xori	x11,x7,425	  x7:0x00000034 x11=0x0000019d
        8425000	       841	80000a1c	fc7985a3	sb	x7,-53(x19)	 x19:0x800084ab  x7:0x00000034 PA:0x80008476
        8435000	       842	80000a20	fe198323	sb	x1,-26(x19)	 x19:0x800084ab  x1:0x6a37f95a PA:0x80008491
        8445000	       843	80000a24	f21fcf93	xori	x31,x31,-223	 x31:0x821719e4 x31=0x7de8e6c5
        8455000	       844	80000a28	fe19a403	lw	x8,-31(x19)	 x19:0x800084ab  x8=0x44454647 PA:0x8000848c
        8465000	       845	80000a2c	0319de83	lhu	x29,49(x19)	 x19:0x800084ab x29=0x00009697 PA:0x800084dc
        8475000	       846	80000a30	0176e533	or	x10,x13,x23	 x13:0x80009fc4 x23:0xca1de511 x10=0xca1dffd5
        8485000	       847	80000a34	fde98a23	sb	x30,-44(x19)	 x19:0x800084ab x30:0x00000016 PA:0x8000847f
        8495000	       848	80000a38	00000013	addi	x0,x0,0	  x0:0x00000000
        8505000	       849	80000a3c	6f5b0b13	addi	x22,x22,1781	 x22:0x00000000 x22=0x000006f5
        8515000	       850	80000a40	fe99a583	lw	x11,-23(x19)	 x19:0x800084ab x11=0x4c4d4e4f PA:0x80008494
        8525000	       851	80000a44	0110ce33	xor	x28,x1,x17	  x1:0x6a37f95a x17:0x3094b000 x28=0x5aa3495a
        8535000	       852	80000a48	0379cd83	lbu	x27,55(x19)	 x19:0x800084ab x27=0x00000099 PA:0x800084e2
        8545000	       853	80000a4c	fc498b83	lb	x23,-60(x19)	 x19:0x800084ab x23=0x00000024 PA:0x8000846f
        8555000	       854	80000a50	00008117	auipc	x2,0x8	  x2=0x80008a4c
        8565000	       855	80000a54	d9a10113	addi	x2,x2,-614	  x2:0x80008a4c  x2=0x800087e6
        8575000	       856	80000a58	f5710da3	sb	x23,-165(x2)	  x2:0x800087e6 x23:0x00000024 PA:0x80008741
        8585000	       857	80000a5c	4d3c4193	xori	x3,x24,1235	 x24:0x0ff85000  x3=0x0ff854d3
        8595000	       858	80000a60	01002e33	slt	x28,x0,x16	  x0:0x00000000 x16:0x00000250 x28=0x00000001
        8605000	       859	80000a64	f4510ca3	sb	x5,-167(x2)	  x2:0x800087e6  x5:0xffff9697 PA:0x8000873f
        8615000	       860	80000a68	fb914b03	lbu	x22,-71(x2)	  x2:0x800087e6 x22=0x00000054 PA:0x8000879f
        8625000	       861	80000a6c	fb910503	lb	x10,-71(x2)	  x2:0x800087e6 x10=0x00000054 PA:0x8000879f
        8635000	       862	80000a70	fb910d03	lb	x26,-71(x2)	  x2:0x800087e6 x26=0x00000054 PA:0x8000879f
        8645000	       863	80000a74	fb914f83	lbu	x31,-71(x2)	  x2:0x800087e6 x31=0x00000054 PA:0x8000879f
        8655000	       864	80000a78	f2011283	lh	x5,-224(x2)	  x2:0x800087e6  x5=0xffffbcbd PA:0x80008706
        8665000	       865	80000a7c	f2710023	sb	x7,-224(x2)	  x2:0x800087e6  x7:0x00000034 PA:0x80008706
        8675000	       866	80000a80	f2610023	sb	x6,-224(x2)	  x2:0x800087e6  x6:0x00000001 PA:0x80008706
        8685000	       867	80000a84	f3914583	lbu	x11,-199(x2)	  x2:0x800087e6 x11=0x000000d4 PA:0x8000871f
        8695000	       868	80000a88	f3910f03	lb	x30,-199(x2)	  x2:0x800087e6 x30=0xffffffd4 PA:0x8000871f
        8705000	       869	80000a8c	f3914903	lbu	x18,-199(x2)	  x2:0x800087e6 x18=0x000000d4 PA:0x8000871f
        8715000	       870	80000a90	f0f107a3	sb	x15,-241(x2)	  x2:0x800087e6 x15:0xffffffff PA:0x800086f5
        8725000	       871	80000a94	f8a12e03	lw	x28,-118(x2)	  x2:0x800087e6 x28=0x28292a2b PA:0x80008770
        8735000	       872	80000a98	f8a11883	lh	x17,-118(x2)	  x2:0x800087e6 x17=0x00002a2b PA:0x80008770
        8745000	       873	80000a9c	40e9d033	sra	x0,x19,x14	 x19:0x800084ab x14:0xffffff92
        8755000	       874	80000aa0	f8212523	sw	x2,-118(x2)	  x2:0x800087e6  x2:0x800087e6 PA:0x80008770
        8765000	       875	80000aa4	f8a10a03	lb	x20,-118(x2)	  x2:0x800087e6 x20=0xffffffe6 PA:0x80008770
        8775000	       876	80000aa8	f8a12e03	lw	x28,-118(x2)	  x2:0x800087e6 x28=0x800087e6 PA:0x80008770
        8785000	       877	80000aac	f8511523	sh	x5,-118(x2)	  x2:0x800087e6  x5:0xffffbcbd PA:0x80008770
        8795000	       878	80000ab0	00008817	auipc	x16,0x8	 x16=0x80008aac
        8805000	       879	80000ab4	a9e80813	addi	x16,x16,-1378	 x16:0x80008aac x16=0x8000854a
        8815000	       880	80000ab8	00007d17	auipc	x26,0x7	 x26=0x80007ab4
        8825000	       881	80000abc	7d5d0d13	addi	x26,x26,2005	 x26:0x80007ab4 x26=0x80008289
        8835000	       882	80000ac0	13280ea3	sb	x18,317(x16)	 x16:0x8000854a x18:0x000000d4 PA:0x80008687
        8845000	       883	80000ac4	00007297	auipc	x5,0x7	  x5=0x80007ac0
        8855000	       884	80000ac8	78628293	addi	x5,x5,1926	  x5:0x80007ac0  x5=0x80008246
        8865000	       885	80000acc	15580223	sb	x21,324(x16)	 x16:0x8000854a x21:0x00000001 PA:0x8000868e
        8875000	       886	80000ad0	ffc29c23	sh	x28,-8(x5)	  x5:0x80008246 x28:0x800087e6 PA:0x8000823e
        8885000	       887	80000ad4	00728b03	lb	x22,7(x5)	  x5:0x80008246 x22=0x00000006 PA:0x8000824d
        8895000	       888	80000ad8	013d0023	sb	x19,0(x26)	 x26:0x80008289 x19:0x800084ab PA:0x80008289
        8905000	       889	80000adc	00a29f83	lh	x31,10(x5)	  x5:0x80008246 x31=0x00000a0b PA:0x80008250
        8915000	       890	80000ae0	015d15a3	sh	x21,11(x26)	 x26:0x80008289 x21:0x00000001 PA:0x80008294
        8925000	       891	80000ae4	018d2fa3	sw	x24,31(x26)	 x26:0x80008289 x24:0x0ff85000 PA:0x800082a8
        8935000	       892	80000ae8	005d0c03	lb	x24,5(x26)	 x26:0x80008289 x24=0x00000045 PA:0x8000828e
        8945000	       893	80000aec	21b80da3	sb	x27,539(x16)	 x16:0x8000854a x27:0x00000099 PA:0x80008765
        8955000	       894	80000af0	fdbd4c83	lbu	x25,-37(x26)	 x26:0x80008289 x25=0x0000001f PA:0x80008264
        8965000	       895	80000af4	00029b03	lh	x22,0(x5)	  x5:0x80008246 x22=0xfffffcfd PA:0x80008246
        8975000	       896	80000af8	e6980da3	sb	x9,-389(x16)	 x16:0x8000854a  x9:0xffffffa2 PA:0x800083c5
        8985000	       897	80000afc	ffd2c983	lbu	x19,-3(x5)	  x5:0x80008246 x19=0x000000f8 PA:0x80008243
        8995000	       898	80000b00	fff28303	lb	x6,-1(x5)	  x5:0x80008246  x6=0xfffffffe PA:0x80008245
        9005000	       899	80000b04	cbc80c83	lb	x25,-836(x16)	 x16:0x8000854a x25=0xffffffbd PA:0x80008206
        9015000	       900	80000b08	ff1d4783	lbu	x15,-15(x26)	 x26:0x80008289 x15=0x00000031 PA:0x8000827a
        9025000	       901	80000b0c	01a28223	sb	x26,4(x5)	  x5:0x80008246 x26:0x80008289 PA:0x8000824a
        9035000	       902	80000b10	fcdd1a83	lh	x21,-51(x26)	 x26:0x80008289 x21=0x00000c0d PA:0x80008256
        9045000	       903	80000b14	ff0d4783	lbu	x15,-16(x26)	 x26:0x80008289 x15=0x000000c4 PA:0x80008279
        9055000	       904	80000b18	ff228ba3	sb	x18,-9(x5)	  x5:0x80008246 x18:0x000000d4 PA:0x8000823d
        9065000	       905	80000b1c	00007797	auipc	x15,0x7	 x15=0x80007b18
        9075000	       906	80000b20	6d378793	addi	x15,x15,1747	 x15:0x80007b18 x15=0x800081eb
        9085000	       907	80000b24	2bc78803	lb	x16,700(x15)	 x15:0x800081eb x16=0x0000005c PA:0x800084a7
        9095000	       908	80000b28	f9e78883	lb	x17,-98(x15)	 x15:0x800081eb x17=0x00000042 PA:0x80008189
        9105000	       909	80000b2c	f9e78803	lb	x16,-98(x15)	 x15:0x800081eb x16=0x00000042 PA:0x80008189
        9115000	       910	80000b30	f9e78283	lb	x5,-98(x15)	 x15:0x800081eb  x5=0x00000042 PA:0x80008189
        9125000	       911	80000b34	f9e7cd03	lbu	x26,-98(x15)	 x15:0x800081eb x26=0x00000042 PA:0x80008189
        9135000	       912	80000b38	f9e78983	lb	x19,-98(x15)	 x15:0x800081eb x19=0x00000042 PA:0x80008189
        9145000	       913	80000b3c	f9f78f23	sb	x31,-98(x15)	 x15:0x800081eb x31:0x00000a0b PA:0x80008189
        9155000	       914	80000b40	0037d383	lhu	x7,3(x15)	 x15:0x800081eb  x7=0x0000a4a5 PA:0x800081ee
        9165000	       915	80000b44	f3a78983	lb	x19,-198(x15)	 x15:0x800081eb x19=0xffffffde PA:0x80008125
        9175000	       916	80000b48	f3a7ca83	lbu	x21,-198(x15)	 x15:0x800081eb x21=0x000000de PA:0x80008125
        9185000	       917	80000b4c	edc78923	sb	x28,-302(x15)	 x15:0x800081eb x28:0x800087e6 PA:0x800080bd
        9195000	       918	80000b50	ed27c703	lbu	x14,-302(x15)	 x15:0x800081eb x14=0x000000e6 PA:0x800080bd
        9205000	       919	80000b54	0148da13	srli	x20,x17,0x14	 x17:0x00000042 x20=0x00000000
        9215000	       920	80000b58	ed27c383	lbu	x7,-302(x15)	 x15:0x800081eb  x7=0x000000e6 PA:0x800080bd
        9225000	       921	80000b5c	2c278003	lb	x0,706(x15)	 x15:0x800081eb PA:0x800084ad
        9235000	       922	80000b60	1de78fa3	sb	x30,479(x15)	 x15:0x800081eb x30:0xffffffd4 PA:0x800083ca
        9245000	       923	80000b64	4f778003	lb	x0,1271(x15)	 x15:0x800081eb PA:0x800086e2
        9255000	       924	80000b68	4f77cf03	lbu	x30,1271(x15)	 x15:0x800081eb x30=0x00000099 PA:0x800086e2
        9265000	       925	80000b6c	1ef78423	sb	x15,488(x15)	 x15:0x800081eb x15:0x800081eb PA:0x800083d3
        9275000	       926	80000b70	1e878c03	lb	x24,488(x15)	 x15:0x800081eb x24=0xffffffeb PA:0x800083d3
        9285000	       927	80000b74	00008497	auipc	x9,0x8	  x9=0x80008b70
        9295000	       928	80000b78	dc348493	addi	x9,x9,-573	  x9:0x80008b70  x9=0x80008933
        9305000	       929	80000b7c	fe34ca83	lbu	x21,-29(x9)	  x9:0x80008933 x21=0x000000fd PA:0x80008916
        9315000	       930	80000b80	00137e33	and	x28,x6,x1	  x6:0xfffffffe  x1:0x6a37f95a x28=0x6a37f95a
        9325000	       931	80000b84	03c48223	sb	x28,36(x9)	  x9:0x80008933 x28:0x6a37f95a PA:0x80008957
        9335000	       932	80000b88	01e4ce03	lbu	x28,30(x9)	  x9:0x80008933 x28=0x0000003a PA:0x80008951
        9345000	       933	80000b8c	fea48023	sb	x10,-32(x9)	  x9:0x80008933 x10:0x00000054 PA:0x80008913
        9355000	       934	80000b90	002f6733	or	x14,x30,x2	 x30:0x00000099  x2:0x800087e6 x14=0x800087ff
        9365000	       935	80000b94	41990833	sub	x16,x18,x25	 x18:0x000000d4 x25:0xffffffbd x16=0x00000117
        9375000	       936	80000b98	00000013	addi	x0,x0,0	  x0:0x00000000
        9385000	       937	80000b9c	01c69193	slli	x3,x13,0x1c	 x13:0x80009fc4  x3=0x40000000
        9395000	       938	80000ba0	004dff33	and	x30,x27,x4	 x27:0x00000099  x4:0x2308f9cc x30=0x00000088
        9405000	       939	80000ba4	01448a03	lb	x20,20(x9)	  x9:0x80008933 x20=0x0000002c PA:0x80008947
        9415000	       940	80000ba8	0179dd13	srli	x26,x19,0x17	 x19:0xffffffde x26=0x000001ff
        9425000	       941	80000bac	647ebf13	sltiu	x30,x29,1607	 x29:0x00009697 x30=0x00000000
        9435000	       942	80000bb0	ff3484a3	sb	x19,-23(x9)	  x9:0x80008933 x19:0xffffffde PA:0x8000891c
        9445000	       943	80000bb4	fe6482a3	sb	x6,-27(x9)	  x9:0x80008933  x6:0xfffffffe PA:0x80008918
        9455000	       944	80000bb8	fe24c903	lbu	x18,-30(x9)	  x9:0x80008933 x18=0x000000fe PA:0x80008915
        9465000	       945	00000000	00000013	addi	x0,x0,0	  x0:0x00000000
        9475000	       946	80000bbc	0124c903	lbu	x18,18(x9)	  x9:0x80008933 x18=0x00000000 PA:0x80008945
        9485000	       947	80000bc0	01da1a93	slli	x21,x20,0x1d	 x20:0x0000002c x21=0x80000000
        9495000	       948	80000bc4	017bd533	srl	x10,x23,x23	 x23:0x00000024 x23:0x00000024 x10=0x00000002
        9505000	       949	80000bc8	105dfb93	andi	x23,x27,261	 x27:0x00000099 x23=0x00000001
        9515000	       950	80000bcc	35537593	andi	x11,x6,853	  x6:0xfffffffe x11=0x00000354
        9525000	       951	80000bd0	01648183	lb	x3,22(x9)	  x9:0x80008933  x3=0x00000032 PA:0x80008949
        9535000	       952	00000000	00000013	addi	x0,x0,0	  x0:0x00000000
        9545000	       953	80000bd4	01418333	add	x6,x3,x20	  x3:0x00000032 x20:0x0000002c  x6=0x0000005e
        9555000	       954	80000bd8	01a5e233	or	x4,x11,x26	 x11:0x00000354 x26:0x000001ff  x4=0x000003ff
        9565000	       955	80000bdc	013aa9b3	slt	x19,x21,x19	 x21:0x80000000 x19:0xffffffde x19=0x00000001
        9575000	       956	80000be0	ff348a23	sb	x19,-12(x9)	  x9:0x80008933 x19:0x00000001 PA:0x80008927
        9585000	       957	80000be4	00709233	sll	x4,x1,x7	  x1:0x6a37f95a  x7:0x000000e6  x4=0x8dfe5680
        9595000	       958	80000be8	fc94d883	lhu	x17,-55(x9)	  x9:0x80008933 x17=0x0000e6e7 PA:0x800088fc
        9605000	       959	80000bec	fc648f83	lb	x31,-58(x9)	  x9:0x80008933 x31=0xffffffea PA:0x800088f9
        9615000	       960	80000bf0	fd349d83	lh	x27,-45(x9)	  x9:0x80008933 x27=0xffffeced PA:0x80008906
        9625000	       961	80000bf4	00000013	addi	x0,x0,0	  x0:0x00000000
        9635000	       962	80000bf8	01f5a9b3	slt	x19,x11,x31	 x11:0x00000354 x31:0xffffffea x19=0x00000000
        9645000	       963	80000bfc	03648423	sb	x22,40(x9)	  x9:0x80008933 x22:0xfffffcfd PA:0x8000895b
        9655000	       964	80000c00	02548c23	sb	x5,56(x9)	  x9:0x80008933  x5:0x00000042 PA:0x8000896b
        9665000	       965	80000c04	0194a6a3	sw	x25,13(x9)	  x9:0x80008933 x25:0xffffffbd PA:0x80008940
        9675000	       966	80000c08	483c8393	addi	x7,x25,1155	 x25:0xffffffbd  x7=0x00000440
        9685000	       967	80000c0c	03c48883	lb	x17,60(x9)	  x9:0x80008933 x17=0x00000054 PA:0x8000896f
        9695000	       968	80000c10	03048523	sb	x16,42(x9)	  x9:0x80008933 x16:0x00000117 PA:0x8000895d
        9705000	       969	80000c14	03949583	lh	x11,57(x9)	  x9:0x80008933 x11=0x00005657 PA:0x8000896c
        9715000	       970	80000c18	00a6fd33	and	x26,x13,x10	 x13:0x80009fc4 x10:0x00000002 x26=0x00000000
        9725000	       971	80000c1c	bfb82c13	slti	x24,x16,-1029	 x16:0x00000117 x24=0x00000000
        9735000	       972	80000c20	ffc48023	sb	x28,-32(x9)	  x9:0x80008933 x28:0x0000003a PA:0x80008913
        9745000	       973	80000c24	03b4c703	lbu	x14,59(x9)	  x9:0x80008933 x14=0x00000055 PA:0x8000896e
        9755000	       974	80000c28	f5b3a793	slti	x15,x7,-165	  x7:0x00000440 x15=0x00000000
        9765000	       975	80000c2c	fe14a283	lw	x5,-31(x9)	  x9:0x80008933  x5=0xfcfdfeff PA:0x80008914
        9775000	       976	80000c30	fdf4d583	lhu	x11,-33(x9)	  x9:0x80008933 x11=0x00003af9 PA:0x80008912
        9785000	       977	80000c34	0024cc83	lbu	x25,2(x9)	  x9:0x80008933 x25=0x0000001e PA:0x80008935
        9795000	       978	80000c38	4089d393	srai	x7,x19,0x8	 x19:0x00000000  x7=0x00000000
        9805000	       979	80000c3c	00d23eb3	sltu	x29,x4,x13	  x4:0x8dfe5680 x13:0x80009fc4 x29=0x00000000
        9815000	       980	80000c40	6c84ba97	auipc	x21,0x6c84b	 x21=0xec84bc3c
        9825000	       981	80000c44	fe448e03	lb	x28,-28(x9)	  x9:0x80008933 x28=0xfffffffc PA:0x80008917
        9835000	       982	80000c48	fe148ea3	sb	x1,-3(x9)	  x9:0x80008933  x1:0x6a37f95a PA:0x80008930
        9845000	       983	80000c4c	01a67833	and	x16,x12,x26	 x12:0x80009f68 x26:0x00000000 x16=0x00000000
        9855000	       984	80000c50	ffc4cf83	lbu	x31,-4(x9)	  x9:0x80008933 x31=0x00000014 PA:0x8000892f
        9865000	       985	80000c54	00008d17	auipc	x26,0x8	 x26=0x80008c50
        9875000	       986	80000c58	dd4d0d13	addi	x26,x26,-556	 x26:0x80008c50 x26=0x80008a24
        9885000	       987	80000c5c	00008e17	auipc	x28,0x8	 x28=0x80008c58
        9895000	       988	80000c60	2cce0e13	addi	x28,x28,716	 x28:0x80008c58 x28=0x80008f24
        9905000	       989	80000c64	00008997	auipc	x19,0x8	 x19=0x80008c60
        9915000	       990	80000c68	c4398993	addi	x19,x19,-957	 x19:0x80008c60 x19=0x800088a3
        9925000	       991	80000c6c	fed9db83	lhu	x23,-19(x19)	 x19:0x800088a3 x23=0x00007a7b PA:0x80008890
        9935000	       992	80000c70	024989a3	sb	x4,51(x19)	 x19:0x800088a3  x4:0x8dfe5680 PA:0x800088d6
        9945000	       993	80000c74	00008297	auipc	x5,0x8	  x5=0x80008c70
        9955000	       994	80000c78	13928293	addi	x5,x5,313	  x5:0x80008c70  x5=0x80008da9
        9965000	       995	80000c7c	e67e4103	lbu	x2,-409(x28)	 x28:0x80008f24  x2=0x00000070 PA:0x80008d8b
        9975000	       996	80000c80	00008897	auipc	x17,0x8	 x17=0x80008c7c
        9985000	       997	80000c84	d7588893	addi	x17,x17,-651	 x17:0x80008c7c x17=0x800089f1
        9995000	       998	80000c88	02898003	lb	x0,40(x19)	 x19:0x800088a3 PA:0x800088cb
       10005000	       999	80000c8c	fffd4403	lbu	x8,-1(x26)	 x26:0x80008a24  x8=0x00000008 PA:0x80008a23
       10015000	      1000	80000c90	2bd8cb03	lbu	x22,701(x17)	 x17:0x800089f1 x22=0x00000095 PA:0x80008cae
       10025000	      1001	80000c94	ff7999a3	sh	x23,-13(x19)	 x19:0x800088a3 x23:0x00007a7b PA:0x80008896
       10035000	      1002	80000c98	c8628103	lb	x2,-890(x5)	  x5:0x80008da9  x2=0x00000014 PA:0x80008a2f
       10045000	      1003	80000c9c	deee1783	lh	x15,-530(x28)	 x28:0x80008f24 x15=0xfffff8f9 PA:0x80008d12
       10055000	      1004	80000ca0	041e0483	lb	x9,65(x28)	 x28:0x80008f24  x9=0x0000004e PA:0x80008f65
       10065000	      1005	80000ca4	ff8d4e83	lbu	x29,-8(x26)	 x26:0x80008a24 x29=0x00000007 PA:0x80008a1c
       10075000	      1006	80000ca8	fe4d1823	sh	x4,-16(x26)	 x26:0x80008a24  x4:0x8dfe5680 PA:0x80008a14
       10085000	      1007	80000cac	010d07a3	sb	x16,15(x26)	 x26:0x80008a24 x16:0x00000000 PA:0x80008a33
       10095000	      1008	80000cb0	fca8ada3	sw	x10,-37(x17)	 x17:0x800089f1 x10:0x00000002 PA:0x800089cc
       10105000	      1009	80000cb4	d4928023	sb	x9,-704(x5)	  x5:0x80008da9  x9:0x0000004e PA:0x80008ae9
       10115000	      1010	80000cb8	c75e4a83	lbu	x21,-907(x28)	 x28:0x80008f24 x21=0x00000082 PA:0x80008b99
       10125000	      1011	80000cbc	038993a3	sh	x24,39(x19)	 x19:0x800088a3 x24:0x00000000 PA:0x800088ca
       10135000	      1012	80000cc0	2228c403	lbu	x8,546(x17)	 x17:0x800089f1  x8=0x000000f8 PA:0x80008c13
       10145000	      1013	80000cc4	ff6d4383	lbu	x7,-10(x26)	 x26:0x80008a24  x7=0x00000001 PA:0x80008a1a
       10155000	      1014	80000cc8	fca989a3	sb	x10,-45(x19)	 x19:0x800088a3 x10:0x00000002 PA:0x80008876
       10165000	      1015	80000ccc	f7e882a3	sb	x30,-155(x17)	 x17:0x800089f1 x30:0x00000000 PA:0x80008956
       10175000	      1016	80000cd0	0772d783	lhu	x15,119(x5)	  x5:0x80008da9 x15=0x00000a0b PA:0x80008e20
       10185000	      1017	80000cd4	b4d28aa3	sb	x13,-1195(x5)	  x5:0x80008da9 x13:0x80009fc4 PA:0x800088fe
       10195000	      1018	80000cd8	ac0e1d23	sh	x0,-1318(x28)	 x28:0x80008f24  x0:0x00000000 PA:0x800089fe
       10205000	      1019	80000cdc	10128003	lb	x0,257(x5)	  x5:0x80008da9 PA:0x80008eaa
       10215000	      1020	80000ce0	02f9c783	lbu	x15,47(x19)	 x19:0x800088a3 x15=0x000000b9 PA:0x800088d2
       10225000	      1021	80000ce4	ff3892a3	sh	x19,-27(x17)	 x17:0x800089f1 x19:0x800088a3 PA:0x800089d6
       10235000	      1022	80000ce8	ffad5e83	lhu	x29,-6(x26)	 x26:0x80008a24 x29=0x00000405 PA:0x80008a1e
       10245000	      1023	80000cec	43a887a3	sb	x26,1071(x17)	 x17:0x800089f1 x26:0x80008a24 PA:0x80008e20
       10255000	      1024	80000cf0	0149cc83	lbu	x25,20(x19)	 x19:0x800088a3 x25=0x0000009c PA:0x800088b7
       10265000	      1025	80000cf4	0698db83	lhu	x23,105(x17)	 x17:0x800089f1 x23=0x00004041 PA:0x80008a5a
       10275000	      1026	80000cf8	fce2c483	lbu	x9,-50(x5)	  x5:0x80008da9  x9=0x0000005c PA:0x80008d77
       10285000	      1027	80000cfc	00e993a3	sh	x14,7(x19)	 x19:0x800088a3 x14:0x00000055 PA:0x800088aa
       10295000	      1028	80000d00	c6c28e23	sb	x12,-900(x5)	  x5:0x80008da9 x12:0x80009f68 PA:0x80008a25
       10305000	      1029	80000d04	e80e1723	sh	x0,-370(x28)	 x28:0x80008f24  x0:0x00000000 PA:0x80008db2
       10315000	      1030	80000d08	fe19dc83	lhu	x25,-31(x19)	 x19:0x800088a3 x25=0x00006e6f PA:0x80008884
       10325000	      1031	80000d0c	00007e17	auipc	x28,0x7	 x28=0x80007d08
       10335000	      1032	80000d10	3a1e0e13	addi	x28,x28,929	 x28:0x80007d08 x28=0x800080a9
       10345000	      1033	80000d14	fa5e1583	lh	x11,-91(x28)	 x28:0x800080a9 x11=0x00000405 PA:0x8000804e
       10355000	      1034	80000d18	012e12a3	sh	x18,5(x28)	 x28:0x800080a9 x18:0x00000000 PA:0x800080ae
       10365000	      1035	80000d1c	005e5503	lhu	x10,5(x28)	 x28:0x800080a9 x10=0x00000000 PA:0x800080ae
       10375000	      1036	80000d20	ff2e4d83	lbu	x27,-14(x28)	 x28:0x800080a9 x27=0x00000050 PA:0x8000809b
       10385000	      1037	80000d24	06de4f83	lbu	x31,109(x28)	 x28:0x800080a9 x31=0x000000cd PA:0x80008116
       10395000	      1038	80000d28	06de1503	lh	x10,109(x28)	 x28:0x800080a9 x10=0xffffcccd PA:0x80008116
       10405000	      1039	80000d2c	06de5a83	lhu	x21,109(x28)	 x28:0x800080a9 x21=0x0000cccd PA:0x80008116
       10415000	      1040	80000d30	059e0723	sb	x25,78(x28)	 x28:0x800080a9 x25:0x00006e6f PA:0x800080f7
       10425000	      1041	80000d34	b2083d13	sltiu	x26,x16,-1248	 x16:0x00000000 x26=0x00000001
       10435000	      1042	80000d38	00000013	addi	x0,x0,0	  x0:0x00000000
       10445000	      1043	80000d3c	fb6e0aa3	sb	x22,-75(x28)	 x28:0x800080a9 x22:0x00000095 PA:0x8000805e
       10455000	      1044	80000d40	fb5e1883	lh	x17,-75(x28)	 x28:0x800080a9 x17=0x00001495 PA:0x8000805e
       10465000	      1045	80000d44	013e4903	lbu	x18,19(x28)	 x28:0x800080a9 x18=0x00000077 PA:0x800080bc
       10475000	      1046	80000d48	008e29a3	sw	x8,19(x28)	 x28:0x800080a9  x8:0x000000f8 PA:0x800080bc
       10485000	      1047	80000d4c	4156db13	srai	x22,x13,0x15	 x13:0x80009fc4 x22=0xfffffc00
       10495000	      1048	80000d50	0a5e4c03	lbu	x24,165(x28)	 x28:0x800080a9 x24=0x00000005 PA:0x8000814e
       10505000	      1049	80000d54	00008d97	auipc	x27,0x8	 x27=0x80008d50
       10515000	      1050	80000d58	f86d8d93	addi	x27,x27,-122	 x27:0x80008d50 x27=0x80008cd6
       10525000	      1051	80000d5c	00008e97	auipc	x29,0x8	 x29=0x80008d58
       10535000	      1052	80000d60	d2ee8e93	addi	x29,x29,-722	 x29:0x80008d58 x29=0x80008a86
       10545000	      1053	80000d64	00008a17	auipc	x20,0x8	 x20=0x80008d60
       10555000	      1054	80000d68	1b7a0a13	addi	x20,x20,439	 x20:0x80008d60 x20=0x80008f17
       10565000	      1055	80000d6c	f2bd9923	sh	x11,-206(x27)	 x27:0x80008cd6 x11:0x00000405 PA:0x80008c08
       10575000	      1056	80000d70	043e8883	lb	x17,67(x29)	 x29:0x80008a86 x17=0xffffffb2 PA:0x80008ac9
       10585000	      1057	80000d74	00008217	auipc	x4,0x8	  x4=0x80008d70
       10595000	      1058	80000d78	18c20213	addi	x4,x4,396	  x4:0x80008d70  x4=0x80008efc
       10605000	      1059	80000d7c	ff3a0b23	sb	x19,-10(x20)	 x20:0x80008f17 x19:0x800088a3 PA:0x80008f0d
       10615000	      1060	80000d80	fea20823	sb	x10,-16(x4)	  x4:0x80008efc x10:0xffffcccd PA:0x80008eec
       10625000	      1061	80000d84	0e6d9403	lh	x8,230(x27)	 x27:0x80008cd6  x8=0xffffa6a7 PA:0x80008dbc
       10635000	      1062	80000d88	09aea183	lw	x3,154(x29)	 x29:0x80008a86  x3=0x08090a0b PA:0x80008b20
       10645000	      1063	80000d8c	03ea0b03	lb	x22,62(x20)	 x20:0x80008f17 x22=0x0000003e PA:0x80008f55
       10655000	      1064	80000d90	fce25003	lhu	x0,-50(x4)	  x4:0x80008efc PA:0x80008eca
       10665000	      1065	80000d94	f24d9f23	sh	x4,-194(x27)	 x27:0x80008cd6  x4:0x80008efc PA:0x80008c14
       10675000	      1066	80000d98	02c25d03	lhu	x26,44(x4)	  x4:0x80008efc x26=0x00001213 PA:0x80008f28
       10685000	      1067	80000d9c	fc8a13a3	sh	x8,-57(x20)	 x20:0x80008f17  x8:0xffffa6a7 PA:0x80008ede
       10695000	      1068	80000da0	fc4e85a3	sb	x4,-53(x29)	 x29:0x80008a86  x4:0x80008efc PA:0x80008a51
       10705000	      1069	80000da4	ff3e8ba3	sb	x19,-9(x29)	 x29:0x80008a86 x19:0x800088a3 PA:0x80008a7d
       10715000	      1070	80000da8	f51d8483	lb	x9,-175(x27)	 x27:0x80008cd6  x9=0x0000000c PA:0x80008c27
       10725000	      1071	80000dac	fc224383	lbu	x7,-62(x4)	  x4:0x80008efc  x7=0x000000a5 PA:0x80008ebe
       10735000	      1072	80000db0	0a0ec883	lbu	x17,160(x29)	 x29:0x80008a86 x17=0x0000000d PA:0x80008b26
       10745000	      1073	80000db4	ff3a08a3	sb	x19,-15(x20)	 x20:0x80008f17 x19:0x800088a3 PA:0x80008f08
       10755000	      1074	80000db8	ffc21103	lh	x2,-4(x4)	  x4:0x80008efc  x2=0xffffe2e3 PA:0x80008ef8
       10765000	      1075	80000dbc	f2ed9d03	lh	x26,-210(x27)	 x27:0x80008cd6 x26=0xffffeeef PA:0x80008c04
       10775000	      1076	00000000	00000013	addi	x0,x0,0	  x0:0x00000000
       10785000	      1077	80000dc0	f7ad8923	sb	x26,-142(x27)	 x27:0x80008cd6 x26:0xffffeeef PA:0x80008c48
       10795000	      1078	80000dc4	02e20303	lb	x6,46(x4)	  x4:0x80008efc  x6=0x00000011 PA:0x80008f2a
       10805000	      1079	80000dc8	028e9883	lh	x17,40(x29)	 x29:0x80008a86 x17=0xffff9495 PA:0x80008aae
       10815000	      1080	80000dcc	012d87a3	sb	x18,15(x27)	 x27:0x80008cd6 x18:0x00000077 PA:0x80008ce5
       10825000	      1081	80000dd0	00f20403	lb	x8,15(x4)	  x4:0x80008efc  x8=0xfffffff0 PA:0x80008f0b
       10835000	      1082	80000dd4	004a0f03	lb	x30,4(x20)	 x20:0x80008f17 x30=0x00000000 PA:0x80008f1b
       10845000	      1083	80000dd8	fd8a4303	lbu	x6,-40(x20)	 x20:0x80008f17  x6=0x000000d4 PA:0x80008eef
       10855000	      1084	80000ddc	f88d8fa3	sb	x8,-97(x27)	 x27:0x80008cd6  x8:0xfffffff0 PA:0x80008c75
       10865000	      1085	80000de0	04522023	sw	x5,64(x4)	  x4:0x80008efc  x5:0x80008da9 PA:0x80008f3c
       10875000	      1086	80000de4	f49e8883	lb	x17,-183(x29)	 x29:0x80008a86 x17=0x00000000 PA:0x800089cf
       10885000	      1087	80000de8	fe2e9303	lh	x6,-30(x29)	 x29:0x80008a86  x6=0x00005253 PA:0x80008a68
       10895000	      1088	80000dec	00008d17	auipc	x26,0x8	 x26=0x80008de8
       10905000	      1089	80000df0	05dd0d13	addi	x26,x26,93	 x26:0x80008de8 x26=0x80008e45
       10915000	      1090	80000df4	00008197	auipc	x3,0x8	  x3=0x80008df0
       10925000	      1091	80000df8	b9718193	addi	x3,x3,-1129	  x3:0x80008df0  x3=0x80008987
       10935000	      1092	80000dfc	03f1c003	lbu	x0,63(x3)	  x3:0x80008987 PA:0x800089c6
       10945000	      1093	80000e00	00008297	auipc	x5,0x8	  x5=0x80008dfc
       10955000	      1094	80000e04	b0728293	addi	x5,x5,-1273	  x5:0x80008dfc  x5=0x80008903
       10965000	      1095	80000e08	fd9d01a3	sb	x25,-61(x26)	 x26:0x80008e45 x25:0x00006e6f PA:0x80008e08
       10975000	      1096	80000e0c	00008817	auipc	x16,0x8	 x16=0x80008e08
       10985000	      1097	80000e10	0c180813	addi	x16,x16,193	 x16:0x80008e08 x16=0x80008ec9
       10995000	      1098	80000e14	fb328923	sb	x19,-78(x5)	  x5:0x80008903 x19:0x800088a3 PA:0x800088b5
       11005000	      1099	80000e18	0792c003	lbu	x0,121(x5)	  x5:0x80008903 PA:0x8000897c
       11015000	      1100	80000e1c	0bb2ce03	lbu	x28,187(x5)	  x5:0x80008903 x28=0x000000a5 PA:0x800089be
       11025000	      1101	80000e20	01a80523	sb	x26,10(x16)	 x16:0x80008ec9 x26:0x80008e45 PA:0x80008ed3
       11035000	      1102	80000e24	fe6196a3	sh	x6,-19(x3)	  x3:0x80008987  x6:0x00005253 PA:0x80008974
       11045000	      1103	80000e28	00484003	lbu	x0,4(x16)	 x16:0x80008ec9 PA:0x80008ecd
       11055000	      1104	80000e2c	feed4e83	lbu	x29,-18(x26)	 x26:0x80008e45 x29=0x00000018 PA:0x80008e33
       11065000	      1105	80000e30	fe0d4c83	lbu	x25,-32(x26)	 x26:0x80008e45 x25=0x0000000e PA:0x80008e25
       11075000	      1106	80000e34	01e806a3	sb	x30,13(x16)	 x16:0x80008ec9 x30:0x00000000 PA:0x80008ed6
       11085000	      1107	80000e38	fc41cd83	lbu	x27,-60(x3)	  x3:0x80008987 x27=0x00000030 PA:0x8000894b
       11095000	      1108	80000e3c	07d29aa3	sh	x29,117(x5)	  x5:0x80008903 x29:0x00000018 PA:0x80008978
       11105000	      1109	80000e40	00580a83	lb	x21,5(x16)	 x16:0x80008ec9 x21=0xffffffb5 PA:0x80008ece
       11115000	      1110	80000e44	fe81ca83	lbu	x21,-24(x3)	  x3:0x80008987 x21=0x00000054 PA:0x8000896f
       11125000	      1111	80000e48	09728e23	sb	x23,156(x5)	  x5:0x80008903 x23:0x00004041 PA:0x8000899f
       11135000	      1112	80000e4c	0c7298a3	sh	x7,209(x5)	  x5:0x80008903  x7:0x000000a5 PA:0x800089d4
       11145000	      1113	80000e50	036d4f03	lbu	x30,54(x26)	 x26:0x80008e45 x30=0x00000060 PA:0x80008e7b
       11155000	      1114	80000e54	ffb81403	lh	x8,-5(x16)	 x16:0x80008ec9  x8=0xffffaeaf PA:0x80008ec4
       11165000	      1115	80000e58	ff385a83	lhu	x21,-13(x16)	 x16:0x80008ec9 x21=0x0000a6a7 PA:0x80008ebc
       11175000	      1116	80000e5c	021191a3	sh	x1,35(x3)	  x3:0x80008987  x1:0x6a37f95a PA:0x800089aa
       11185000	      1117	80000e60	07c2c103	lbu	x2,124(x5)	  x5:0x80008903  x2=0x00000064 PA:0x8000897f
       11195000	      1118	80000e64	00ad0703	lb	x14,10(x26)	 x26:0x80008e45 x14=0x00000034 PA:0x80008e4f
       11205000	      1119	80000e68	ff981a83	lh	x21,-7(x16)	 x16:0x80008ec9 x21=0xffffa8a9 PA:0x80008ec2
       11215000	      1120	80000e6c	ff118623	sb	x17,-20(x3)	  x3:0x80008987 x17:0x00000000 PA:0x80008973
       11225000	      1121	80000e70	00980823	sb	x9,16(x16)	 x16:0x80008ec9  x9:0x0000000c PA:0x80008ed9
       11235000	      1122	80000e74	032188a3	sb	x18,49(x3)	  x3:0x80008987 x18:0x00000077 PA:0x800089b8
       11245000	      1123	80000e78	fc5d4d83	lbu	x27,-59(x26)	 x26:0x80008e45 x27=0x000000f1 PA:0x80008e0a
       11255000	      1124	80000e7c	fe32cd83	lbu	x27,-29(x5)	  x5:0x80008903 x27=0x000000cd PA:0x800088e6
       11265000	      1125	80000e80	00f18f03	lb	x30,15(x3)	  x3:0x80008987 x30=0x0000007d PA:0x80008996
       11275000	      1126	80000e84	0fb28203	lb	x4,251(x5)	  x5:0x80008903  x4=0x00000000 PA:0x800089fe
       11285000	      1127	80000e88	03b19fa3	sh	x27,63(x3)	  x3:0x80008987 x27:0x000000cd PA:0x800089c6
       11295000	      1128	80000e8c	ff41cd83	lbu	x27,-12(x3)	  x3:0x80008987 x27=0x00000060 PA:0x8000897b
       11305000	      1129	80000e90	ff581a83	lh	x21,-11(x16)	 x16:0x80008ec9 x21=0xffffa4a5 PA:0x80008ebe
       11315000	      1130	80000e94	ff4d0983	lb	x19,-12(x26)	 x26:0x80008e45 x19=0x00000022 PA:0x80008e39
       11325000	      1131	80000e98	f4b29ca3	sh	x11,-167(x5)	  x5:0x80008903 x11:0x00000405 PA:0x8000885c
       11335000	      1132	80000e9c	06e3a393	slti	x7,x7,110	  x7:0x000000a5  x7=0x00000000
       11345000	      1133	80000ea0	404687b3	sub	x15,x13,x4	 x13:0x80009fc4  x4:0x00000000 x15=0x80009fc4
       11355000	      1134	80000ea4	dbb198b7	lui	x17,0xdbb19	 x17=0xdbb19000
       11365000	      1135	80000ea8	d3310a13	addi	x20,x2,-717	  x2:0x00000064 x20=0xfffffd97
       11375000	      1136	80000eac	00900933	add	x18,x0,x9	  x0:0x00000000  x9:0x0000000c x18=0x0000000c
       11385000	      1137	80000eb0	41b6db93	srai	x23,x13,0x1b	 x13:0x80009fc4 x23=0xfffffff0
       11395000	      1138	80000eb4	0161f463	bgeu	x3,x22,80000ebc	  x3:0x80008987 x22:0x0000003e
       11405000	      1139	00000000	00000013	addi	x0,x0,0	  x0:0x00000000
       11415000	      1140	80000eb8	00000013	addi	x0,x0,0	  x0:0x00000000
       11425000	      1141	80000ebc	00e05c63	bge	x0,x14,80000ed4	  x0:0x00000000 x14:0x00000034
       11435000	      1142	80000ec0	30472e13	slti	x28,x14,772	 x14:0x00000034 x28=0x00000001
       11445000	      1143	80000ec4	6d9cbe13	sltiu	x28,x25,1753	 x25:0x0000000e x28=0x00000001
       11455000	      1144	80000ec8	01993f33	sltu	x30,x18,x25	 x18:0x0000000c x25:0x0000000e x30=0x00000001
       11465000	      1145	80000ecc	fe3ab037	lui	x0,0xfe3ab	
       11475000	      1146	80000ed0	a4490e13	addi	x28,x18,-1468	 x18:0x0000000c x28=0xfffffa50
       11485000	      1147	80000ed4	509c2c93	slti	x25,x24,1289	 x24:0x00000005 x25=0x00000001
       11495000	      1148	80000ed8	0179e9b3	or	x19,x19,x23	 x19:0x00000022 x23:0xfffffff0 x19=0xfffffff2
       11505000	      1149	80000edc	02ad5863	bge	x26,x10,80000f0c	 x26:0x80008e45 x10:0xffffcccd
       11515000	      1150	80000ee0	00e39663	bne	x7,x14,80000eec	  x7:0x00000000 x14:0x00000034
       11525000	      1151	00000000	00000013	addi	x0,x0,0	  x0:0x00000000
       11535000	      1152	80000ee8	00000013	addi	x0,x0,0	  x0:0x00000000
       11545000	      1153	80000eec	005dd3b3	srl	x7,x27,x5	 x27:0x00000060  x5:0x80008903  x7=0x0000000c
       11555000	      1154	80000ef0	00d39463	bne	x7,x13,80000ef8	  x7:0x0000000c x13:0x80009fc4
       11565000	      1155	00000000	00000013	addi	x0,x0,0	  x0:0x00000000
       11575000	      1156	80000ef4	00000013	addi	x0,x0,0	  x0:0x00000000
       11585000	      1157	80000ef8	0184f333	and	x6,x9,x24	  x9:0x0000000c x24:0x00000005  x6=0x00000004
       11595000	      1158	80000efc	00b5d913	srli	x18,x11,0xb	 x11:0x00000405 x18=0x00000000
       11605000	      1159	80000f00	00825793	srli	x15,x4,0x8	  x4:0x00000000 x15=0x00000000
       11615000	      1160	80000f04	01c944b3	xor	x9,x18,x28	 x18:0x00000000 x28:0xfffffa50  x9=0xfffffa50
       11625000	      1161	80000f08	0b07b193	sltiu	x3,x15,176	 x15:0x00000000  x3=0x00000001
       11635000	      1162	80000f0c	015fb2b3	sltu	x5,x31,x21	 x31:0x000000cd x21:0xffffa4a5  x5=0x00000001
       11645000	      1163	80000f10	0191e233	or	x4,x3,x25	  x3:0x00000001 x25:0x00000001  x4=0x00000001
       11655000	      1164	80000f14	0120fbb3	and	x23,x1,x18	  x1:0x6a37f95a x18:0x00000000 x23=0x00000000
       11665000	      1165	80000f18	3689cb13	xori	x22,x19,872	 x19:0xfffffff2 x22=0xfffffc9a
       11675000	      1166	80000f1c	008b31b3	sltu	x3,x22,x8	 x22:0xfffffc9a  x8:0xffffaeaf  x3=0x00000000
       11685000	      1167	80000f20	01a95313	srli	x6,x18,0x1a	 x18:0x00000000  x6=0x00000000
       11695000	      1168	80000f24	eae07993	andi	x19,x0,-338	  x0:0x00000000 x19=0x00000000
       11705000	      1169	80000f28	1409ae93	slti	x29,x19,320	 x19:0x00000000 x29=0x00000001
       11715000	      1170	80000f2c	00fb15b3	sll	x11,x22,x15	 x22:0xfffffc9a x15:0x00000000 x11=0xfffffc9a
       11725000	      1171	80000f30	004c7e63	bgeu	x24,x4,80000f4c	 x24:0x00000005  x4:0x00000001
       11735000	      1172	00000000	00000013	addi	x0,x0,0	  x0:0x00000000
       11745000	      1173	80000f48	00000013	addi	x0,x0,0	  x0:0x00000000
       11755000	      1174	80000f4c	01d0aab3	slt	x21,x1,x29	  x1:0x6a37f95a x29:0x00000001 x21=0x00000000
       11765000	      1175	80000f50	01dcd213	srli	x4,x25,0x1d	 x25:0x00000001  x4=0x00000000
       11775000	      1176	80000f54	00000013	addi	x0,x0,0	  x0:0x00000000
       11785000	      1177	80000f58	01ca92b3	sll	x5,x21,x28	 x21:0x00000000 x28:0xfffffa50  x5=0x00000000
       11795000	      1178	80000f5c	00000013	addi	x0,x0,0	  x0:0x00000000
       11805000	      1179	80000f60	2291fe93	andi	x29,x3,553	  x3:0x00000000 x29=0x00000000
       11815000	      1180	80000f64	00736ab3	or	x21,x6,x7	  x6:0x00000000  x7:0x0000000c x21=0x0000000c
       11825000	      1181	80000f68	1d3b2113	slti	x2,x22,467	 x22:0xfffffc9a  x2=0x00000001
       11835000	      1182	80000f6c	4192d8b3	sra	x17,x5,x25	  x5:0x00000000 x25:0x00000001 x17=0x00000000
       11845000	      1183	80000f70	00866463	bltu	x12,x8,80000f78	 x12:0x80009f68  x8:0xffffaeaf
       11855000	      1184	00000000	00000013	addi	x0,x0,0	  x0:0x00000000
       11865000	      1185	80000f74	00000013	addi	x0,x0,0	  x0:0x00000000
       11875000	      1186	80000f78	dc034293	xori	x5,x6,-576	  x6:0x00000000  x5=0xfffffdc0
       11885000	      1187	80000f7c	013958b3	srl	x17,x18,x19	 x18:0x00000000 x19:0x00000000 x17=0x00000000
       11895000	      1188	80000f80	007ff663	bgeu	x31,x7,80000f8c	 x31:0x000000cd  x7:0x0000000c
       11905000	      1189	00000000	00000013	addi	x0,x0,0	  x0:0x00000000
       11915000	      1190	80000f88	00000013	addi	x0,x0,0	  x0:0x00000000
       11925000	      1191	80000f8c	006af233	and	x4,x21,x6	 x21:0x0000000c  x6:0x00000000  x4=0x00000000
       11935000	      1192	80000f90	009368b3	or	x17,x6,x9	  x6:0x00000000  x9:0xfffffa50 x17=0xfffffa50
       11945000	      1193	80000f94	5e7294b7	lui	x9,0x5e729	  x9=0x5e729000
       11955000	      1194	80000f98	01f9efb3	or	x31,x19,x31	 x19:0x00000000 x31:0x000000cd x31=0x000000cd
       11965000	      1195	80000f9c	093e3c93	sltiu	x25,x28,147	 x28:0xfffffa50 x25=0x00000000
       11975000	      1196	80000fa0	005bbc33	sltu	x24,x23,x5	 x23:0x00000000  x5:0xfffffdc0 x24=0x00000001
       11985000	      1197	80000fa4	f8f34193	xori	x3,x6,-113	  x6:0x00000000  x3=0xffffff8f
       11995000	      1198	80000fa8	1072bd97	auipc	x27,0x1072b	 x27=0x9072bfa4
       12005000	      1199	80000fac	01ae1fb3	sll	x31,x28,x26	 x28:0xfffffa50 x26:0x80008e45 x31=0xffff4a00
       12015000	      1200	80000fb0	00b12333	slt	x6,x2,x11	  x2:0x00000001 x11:0xfffffc9a  x6=0x00000000
       12025000	      1201	80000fb4	02d2dc63	bge	x5,x13,80000fec	  x5:0xfffffdc0 x13:0x80009fc4
       12035000	      1202	00000000	00000013	addi	x0,x0,0	  x0:0x00000000
       12045000	      1203	80000fe8	00000013	addi	x0,x0,0	  x0:0x00000000
       12055000	      1204	80000fec	01ae88b3	add	x17,x29,x26	 x29:0x00000000 x26:0x80008e45 x17=0x80008e45
       12065000	      1205	80000ff0	03d7c463	blt	x15,x29,80001018	 x15:0x00000000 x29:0x00000000
       12075000	      1206	80000ff4	5baf9fb7	lui	x31,0x5baf9	 x31=0x5baf9000
       12085000	      1207	80000ff8	05eff063	bgeu	x31,x30,80001038	 x31:0x5baf9000 x30:0x00000001
       12095000	      1208	00000000	00000013	addi	x0,x0,0	  x0:0x00000000
       12105000	      1209	80001034	00000013	addi	x0,x0,0	  x0:0x00000000
       12115000	      1210	80001038	00209793	slli	x15,x1,0x2	  x1:0x6a37f95a x15=0xa8dfe568
       12125000	      1211	8000103c	00d5d113	srli	x2,x11,0xd	 x11:0xfffffc9a  x2=0x0007ffff
       12135000	      1212	80001040	001cc733	xor	x14,x25,x1	 x25:0x00000000  x1:0x6a37f95a x14=0x6a37f95a
       12145000	      1213	80001044	414c5913	srai	x18,x24,0x14	 x24:0x00000001 x18=0x00000000
       12155000	      1214	80001048	00a7a333	slt	x6,x15,x10	 x15:0xa8dfe568 x10:0xffffcccd  x6=0x00000001
       12165000	      1215	8000104c	00695993	srli	x19,x18,0x6	 x18:0x00000000 x19=0x00000000
       12175000	      1216	80001050	006488b3	add	x17,x9,x6	  x9:0x5e729000  x6:0x00000001 x17=0x5e729001
       12185000	      1217	80001054	414dd133	sra	x2,x27,x20	 x27:0x9072bfa4 x20:0xfffffd97  x2=0xffffff20
       12195000	      1218	80001058	bf88c593	xori	x11,x17,-1032	 x17:0x5e729001 x11=0xa18d6bf9
       12205000	      1219	8000105c	40e552b3	sra	x5,x10,x14	 x10:0xffffcccd x14:0x6a37f95a  x5=0xffffffff
       12215000	      1220	80001060	ca834e13	xori	x28,x6,-856	  x6:0x00000001 x28=0xfffffca9
       12225000	      1221	80001064	41ab5433	sra	x8,x22,x26	 x22:0xfffffc9a x26:0x80008e45  x8=0xffffffe4
       12235000	      1222	80001068	8709aeb7	lui	x29,0x8709a	 x29=0x8709a000
       12245000	      1223	8000106c	014b4833	xor	x16,x22,x20	 x22:0xfffffc9a x20:0xfffffd97 x16=0x0000010d
       12255000	      1224	80001070	75cc7893	andi	x17,x24,1884	 x24:0x00000001 x17=0x00000000
       12265000	      1225	80001074	91cf4d13	xori	x26,x30,-1764	 x30:0x00000001 x26=0xfffff91d
       12275000	      1226	80001078	408c87b3	sub	x15,x25,x8	 x25:0x00000000  x8:0xffffffe4 x15=0x0000001c
       12285000	      1227	8000107c	4d2c4ab7	lui	x21,0x4d2c4	 x21=0x4d2c4000
       12295000	      1228	80001080	81a04313	xori	x6,x0,-2022	  x0:0x00000000  x6=0xfffff81a
       12305000	      1229	80001084	00000013	addi	x0,x0,0	  x0:0x00000000
       12315000	      1230	80001088	a7e47e13	andi	x28,x8,-1410	  x8:0xffffffe4 x28=0xfffffa64
       12325000	      1231	8000108c	014c5b33	srl	x22,x24,x20	 x24:0x00000001 x20:0xfffffd97 x22=0x00000000
       12335000	      1232	80001090	00ee5213	srli	x4,x28,0xe	 x28:0xfffffa64  x4=0x0003ffff
       12345000	      1233	80001094	003cf1b3	and	x3,x25,x3	 x25:0x00000000  x3:0xffffff8f  x3=0x00000000
       12355000	      1234	80001098	01a28c63	beq	x5,x26,800010b0	  x5:0xffffffff x26:0xfffff91d
       12365000	      1235	8000109c	01b9df13	srli	x30,x19,0x1b	 x19:0x00000000 x30=0x00000000
       12375000	      1236	800010a0	40efda13	srai	x20,x31,0xe	 x31:0x5baf9000 x20=0x00016ebe
       12385000	      1237	800010a4	01af7333	and	x6,x30,x26	 x30:0x00000000 x26:0xfffff91d  x6=0x00000000
       12395000	      1238	800010a8	07892713	slti	x14,x18,120	 x18:0x00000000 x14=0x00000001
       12405000	      1239	800010ac	01e72db3	slt	x27,x14,x30	 x14:0x00000001 x30:0x00000000 x27=0x00000000
       12415000	      1240	800010b0	40a284b3	sub	x9,x5,x10	  x5:0xffffffff x10:0xffffcccd  x9=0x00003332
       12425000	      1241	800010b4	9df8ab93	slti	x23,x17,-1569	 x17:0x00000000 x23=0x00000000
       12435000	      1242	800010b8	00000013	addi	x0,x0,0	  x0:0x00000000
       12445000	      1243	800010bc	00000013	addi	x0,x0,0	  x0:0x00000000
       12455000	      1244	800010c0	05ef7863	bgeu	x30,x30,80001110	 x30:0x00000000 x30:0x00000000
       12465000	      1245	00000000	00000013	addi	x0,x0,0	  x0:0x00000000
       12475000	      1246	8000110c	00000013	addi	x0,x0,0	  x0:0x00000000
       12485000	      1247	80001110	41565833	sra	x16,x12,x21	 x12:0x80009f68 x21:0x4d2c4000 x16=0x80009f68
       12495000	      1248	80001114	007653b3	srl	x7,x12,x7	 x12:0x80009f68  x7:0x0000000c  x7=0x00080009
       12505000	      1249	80001118	02be6463	bltu	x28,x11,80001140	 x28:0xfffffa64 x11:0xa18d6bf9
       12515000	      1250	8000111c	03571e63	bne	x14,x21,80001158	 x14:0x00000001 x21:0x4d2c4000
       12525000	      1251	00000000	00000013	addi	x0,x0,0	  x0:0x00000000
       12535000	      1252	80001154	00000013	addi	x0,x0,0	  x0:0x00000000
       12545000	      1253	80001158	4fcecb13	xori	x22,x29,1276	 x29:0x8709a000 x22=0x8709a4fc
       12555000	      1254	8000115c	fb9ec817	auipc	x16,0xfb9ec	 x16=0x7b9ed158
       12565000	      1255	80001160	01109a33	sll	x20,x1,x17	  x1:0x6a37f95a x17:0x00000000 x20=0x6a37f95a
       12575000	      1256	80001164	00830133	add	x2,x6,x8	  x6:0x00000000  x8:0xffffffe4  x2=0xffffffe4
       12585000	      1257	80001168	00134c63	blt	x6,x1,80001180	  x6:0x00000000  x1:0x6a37f95a
       12595000	      1258	00000000	00000013	addi	x0,x0,0	  x0:0x00000000
       12605000	      1259	8000117c	00000013	addi	x0,x0,0	  x0:0x00000000
       12615000	      1260	80001180	357c3a13	sltiu	x20,x24,855	 x24:0x00000001 x20=0x00000001
       12625000	      1261	80001184	01b50133	add	x2,x10,x27	 x10:0xffffcccd x27:0x00000000  x2=0xffffcccd
       12635000	      1262	80001188	00109c33	sll	x24,x1,x1	  x1:0x6a37f95a  x1:0x6a37f95a x24=0x68000000
       12645000	      1263	8000118c	025b1663	bne	x22,x5,800011b8	 x22:0x8709a4fc  x5:0xffffffff
       12655000	      1264	00000000	00000013	addi	x0,x0,0	  x0:0x00000000
       12665000	      1265	800011b4	00000013	addi	x0,x0,0	  x0:0x00000000
       12675000	      1266	800011b8	01b95a13	srli	x20,x18,0x1b	 x18:0x00000000 x20=0x00000000
       12685000	      1267	800011bc	019d6a33	or	x20,x26,x25	 x26:0xfffff91d x25:0x00000000 x20=0xfffff91d
       12695000	      1268	800011c0	00526863	bltu	x4,x5,800011d0	  x4:0x0003ffff  x5:0xffffffff
       12705000	      1269	00000000	00000013	addi	x0,x0,0	  x0:0x00000000
       12715000	      1270	800011cc	00000013	addi	x0,x0,0	  x0:0x00000000
       12725000	      1271	800011d0	018ed033	srl	x0,x29,x24	 x29:0x8709a000 x24:0x68000000
       12735000	      1272	800011d4	21c148b7	lui	x17,0x21c14	 x17=0x21c14000
       12745000	      1273	800011d8	413d8db3	sub	x27,x27,x19	 x27:0x00000000 x19:0x00000000 x27=0x00000000
       12755000	      1274	800011dc	015eaf33	slt	x30,x29,x21	 x29:0x8709a000 x21:0x4d2c4000 x30=0x00000001
       12765000	      1275	800011e0	005e5013	srli	x0,x28,0x5	 x28:0xfffffa64
       12775000	      1276	800011e4	40265213	srai	x4,x12,0x2	 x12:0x80009f68  x4=0xe00027da
       12785000	      1277	800011e8	01cc0fb3	add	x31,x24,x28	 x24:0x68000000 x28:0xfffffa64 x31=0x67fffa64
       12795000	      1278	800011ec	d486c017	auipc	x0,0xd486c	
       12805000	      1279	800011f0	0320f863	bgeu	x1,x18,80001220	  x1:0x6a37f95a x18:0x00000000
       12815000	      1280	00000000	00000013	addi	x0,x0,0	  x0:0x00000000
       12825000	      1281	8000121c	00000013	addi	x0,x0,0	  x0:0x00000000
       12835000	      1282	80001220	8ac0a297	auipc	x5,0x8ac0a	  x5=0x0ac0b21c
       12845000	      1283	80001224	2909f013	andi	x0,x19,656	 x19:0x00000000
       12855000	      1284	80001228	00581813	slli	x16,x16,0x5	 x16:0x7b9ed158 x16=0x73da2b00
       12865000	      1285	8000122c	01207663	bgeu	x0,x18,80001238	  x0:0x00000000 x18:0x00000000
       12875000	      1286	00000000	00000013	addi	x0,x0,0	  x0:0x00000000
       12885000	      1287	80001234	00000013	addi	x0,x0,0	  x0:0x00000000
       12895000	      1288	80001238	ed004993	xori	x19,x0,-304	  x0:0x00000000 x19=0xfffffed0
       12905000	      1289	8000123c	011aa5b3	slt	x11,x21,x17	 x21:0x4d2c4000 x17:0x21c14000 x11=0x00000000
       12915000	      1290	80001240	013ad493	srli	x9,x21,0x13	 x21:0x4d2c4000  x9=0x000009a5
       12925000	      1291	80001244	00388ab3	add	x21,x17,x3	 x17:0x21c14000  x3:0x00000000 x21=0x21c14000
       12935000	      1292	80001248	00f398b3	sll	x17,x7,x15	  x7:0x00080009 x15:0x0000001c x17=0x90000000
       12945000	      1293	8000124c	0068fe63	bgeu	x17,x6,80001268	 x17:0x90000000  x6:0x00000000
       12955000	      1294	00000000	00000013	addi	x0,x0,0	  x0:0x00000000
       12965000	      1295	80001264	00000013	addi	x0,x0,0	  x0:0x00000000
       12975000	      1296	80001268	00fe8133	add	x2,x29,x15	 x29:0x8709a000 x15:0x0000001c  x2=0x8709a01c
       12985000	      1297	8000126c	41a78db3	sub	x27,x15,x26	 x15:0x0000001c x26:0xfffff91d x27=0x000006ff
       12995000	      1298	80001270	00785263	bge	x16,x7,80001274	 x16:0x73da2b00  x7:0x00080009
       13005000	      1299	00000000	00000013	addi	x0,x0,0	  x0:0x00000000
       13015000	      1300	80001270	00000013	addi	x0,x0,0	  x0:0x00000000
       13025000	      1301	80001274	013de863	bltu	x27,x19,80001284	 x27:0x000006ff x19:0xfffffed0
       13035000	      1302	00000000	00000013	addi	x0,x0,0	  x0:0x00000000
       13045000	      1303	80001280	00000013	addi	x0,x0,0	  x0:0x00000000
       13055000	      1304	80001284	8a114413	xori	x8,x2,-1887	  x2:0x8709a01c  x8=0x78f658bd
       13065000	      1305	80001288	9a4fcb93	xori	x23,x31,-1628	 x31:0x67fffa64 x23=0x980003c0
       13075000	      1306	8000128c	7dda7713	andi	x14,x20,2013	 x20:0xfffff91d x14=0x0000011d
       13085000	      1307	80001290	017da7b3	slt	x15,x27,x23	 x27:0x000006ff x23:0x980003c0 x15=0x00000000
       13095000	      1308	80001294	3a3e4313	xori	x6,x28,931	 x28:0xfffffa64  x6=0xfffff9c7
       13105000	      1309	80001298	07010393	addi	x7,x2,112	  x2:0x8709a01c  x7=0x8709a08c
       13115000	      1310	8000129c	03d77e63	bgeu	x14,x29,800012d8	 x14:0x0000011d x29:0x8709a000
       13125000	      1311	800012a0	00000013	addi	x0,x0,0	  x0:0x00000000
       13135000	      1312	800012a4	9a0a6393	ori	x7,x20,-1632	 x20:0xfffff91d  x7=0xfffff9bd
       13145000	      1313	800012a8	3d114913	xori	x18,x2,977	  x2:0x8709a01c x18=0x8709a3cd
       13155000	      1314	800012ac	01b014b3	sll	x9,x0,x27	  x0:0x00000000 x27:0x000006ff  x9=0x00000000
       13165000	      1315	800012b0	463c6e13	ori	x28,x24,1123	 x24:0x68000000 x28=0x68000463
       13175000	      1316	800012b4	00f21413	slli	x8,x4,0xf	  x4:0xe00027da  x8=0x13ed0000
       13185000	      1317	800012b8	00029d93	slli	x27,x5,0x0	  x5:0x0ac0b21c x27=0x0ac0b21c
       13195000	      1318	800012bc	04f0c863	blt	x1,x15,8000130c	  x1:0x6a37f95a x15:0x00000000
       13205000	      1319	800012c0	36e7af13	slti	x30,x15,878	 x15:0x00000000 x30=0x00000001
       13215000	      1320	800012c4	1f147b13	andi	x22,x8,497	  x8:0x13ed0000 x22=0x00000000
       13225000	      1321	800012c8	00b03e33	sltu	x28,x0,x11	  x0:0x00000000 x11:0x00000000 x28=0x00000000
       13235000	      1322	800012cc	00000013	addi	x0,x0,0	  x0:0x00000000
       13245000	      1323	800012d0	0082a533	slt	x10,x5,x8	  x5:0x0ac0b21c  x8:0x13ed0000 x10=0x00000001
       13255000	      1324	800012d4	0094e463	bltu	x9,x9,800012dc	  x9:0x00000000  x9:0x00000000
       13265000	      1325	800012d8	00369033	sll	x0,x13,x3	 x13:0x80009fc4  x3:0x00000000
       13275000	      1326	800012dc	01b43fb3	sltu	x31,x8,x27	  x8:0x13ed0000 x27:0x0ac0b21c x31=0x00000000
       13285000	      1327	800012e0	01300433	add	x8,x0,x19	  x0:0x00000000 x19:0xfffffed0  x8=0xfffffed0
       13295000	      1328	800012e4	00a4d833	srl	x16,x9,x10	  x9:0x00000000 x10:0x00000001 x16=0x00000000
       13305000	      1329	800012e8	3c012597	auipc	x11,0x3c012	 x11=0xbc0132e4
       13315000	      1330	800012ec	001787b3	add	x15,x15,x1	 x15:0x00000000  x1:0x6a37f95a x15=0x6a37f95a
       13325000	      1331	800012f0	00100463	beq	x0,x1,800012f8	  x0:0x00000000  x1:0x6a37f95a
       13335000	      1332	800012f4	010a5db3	srl	x27,x20,x16	 x20:0xfffff91d x16:0x00000000 x27=0xfffff91d
       13345000	      1333	800012f8	01c91cb3	sll	x25,x18,x28	 x18:0x8709a3cd x28:0x00000000 x25=0x8709a3cd
       13355000	      1334	800012fc	22d64f13	xori	x30,x12,557	 x12:0x80009f68 x30=0x80009d45
       13365000	      1335	80001300	01d15913	srli	x18,x2,0x1d	  x2:0x8709a01c x18=0x00000004
       13375000	      1336	80001304	019f58b3	srl	x17,x30,x25	 x30:0x80009d45 x25:0x8709a3cd x17=0x00040004
       13385000	      1337	80001308	00000013	addi	x0,x0,0	  x0:0x00000000
       13395000	      1338	8000130c	373e7b93	andi	x23,x28,883	 x28:0x00000000 x23=0x00000000
       13405000	      1339	80001310	002d8133	add	x2,x27,x2	 x27:0xfffff91d  x2:0x8709a01c  x2=0x87099939
       13415000	      1340	80001314	f5106293	ori	x5,x0,-175	  x0:0x00000000  x5=0xffffff51
       13425000	      1341	80001318	d2297413	andi	x8,x18,-734	 x18:0x00000004  x8=0x00000000
       13435000	      1342	8000131c	007a9b33	sll	x22,x21,x7	 x21:0x21c14000  x7:0xfffff9bd x22=0x00000000
       13445000	      1343	80001320	f2df7b13	andi	x22,x30,-211	 x30:0x80009d45 x22=0x80009d05
       13455000	      1344	80001324	41b95713	srai	x14,x18,0x1b	 x18:0x00000004 x14=0x00000000
       13465000	      1345	80001328	4186d3b3	sra	x7,x13,x24	 x13:0x80009fc4 x24:0x68000000  x7=0x80009fc4
       13475000	      1346	8000132c	042f0463	beq	x30,x2,80001374	 x30:0x80009d45  x2:0x87099939
       13485000	      1347	80001330	0228ec63	bltu	x17,x2,80001368	 x17:0x00040004  x2:0x87099939
       13495000	      1348	00000000	00000013	addi	x0,x0,0	  x0:0x00000000
       13505000	      1349	80001364	00000013	addi	x0,x0,0	  x0:0x00000000
       13515000	      1350	80001368	deb7ec93	ori	x25,x15,-533	 x15:0x6a37f95a x25=0xfffffdfb
       13525000	      1351	8000136c	b59777b7	lui	x15,0xb5977	 x15=0xb5977000
       13535000	      1352	80001370	d367ba93	sltiu	x21,x15,-714	 x15:0xb5977000 x21=0x00000001
       13545000	      1353	80001374	0389f863	bgeu	x19,x24,800013a4	 x19:0xfffffed0 x24:0x68000000
       13555000	      1354	00000000	00000013	addi	x0,x0,0	  x0:0x00000000
       13565000	      1355	800013a0	00000013	addi	x0,x0,0	  x0:0x00000000
       13575000	      1356	800013a4	008dd493	srli	x9,x27,0x8	 x27:0xfffff91d  x9=0x00fffff9
       13585000	      1357	800013a8	40845d93	srai	x27,x8,0x8	  x8:0x00000000 x27=0x00000000
       13595000	      1358	800013ac	01215c33	srl	x24,x2,x18	  x2:0x87099939 x18:0x00000004 x24=0x08709993
       13605000	      1359	800013b0	5353d597	auipc	x11,0x5353d	 x11=0xd353e3ac
       13615000	      1360	800013b4	40da0333	sub	x6,x20,x13	 x20:0xfffff91d x13:0x80009fc4  x6=0x7fff5959
       13625000	      1361	800013b8	05b2c463	blt	x5,x27,80001400	  x5:0xffffff51 x27:0x00000000
       13635000	      1362	00000000	00000013	addi	x0,x0,0	  x0:0x00000000
       13645000	      1363	800013fc	00000013	addi	x0,x0,0	  x0:0x00000000
       13655000	      1364	80001400	002d5cb3	srl	x25,x26,x2	 x26:0xfffff91d  x2:0x87099939 x25=0x0000007f
       13665000	      1365	80001404	61126f13	ori	x30,x4,1553	  x4:0xe00027da x30=0xe00027db
       13675000	      1366	80001408	413e5a93	srai	x21,x28,0x13	 x28:0x00000000 x21=0x00000000
       13685000	      1367	8000140c	81a53a93	sltiu	x21,x10,-2022	 x10:0x00000001 x21=0x00000001
       13695000	      1368	80001410	0085d013	srli	x0,x11,0x8	 x11:0xd353e3ac
       13705000	      1369	80001414	019d5e63	bge	x26,x25,80001430	 x26:0xfffff91d x25:0x0000007f
       13715000	      1370	80001418	fc05fb97	auipc	x23,0xfc05f	 x23=0x7c060414
       13725000	      1371	8000141c	5c795717	auipc	x14,0x5c795	 x14=0xdc796418
       13735000	      1372	80001420	0115d493	srli	x9,x11,0x11	 x11:0xd353e3ac  x9=0x000069a9
       13745000	      1373	80001424	0009ceb3	xor	x29,x19,x0	 x19:0xfffffed0  x0:0x00000000 x29=0xfffffed0
       13755000	      1374	80001428	01d9a1b3	slt	x3,x19,x29	 x19:0xfffffed0 x29:0xfffffed0  x3=0x00000000
       13765000	      1375	8000142c	007f7233	and	x4,x30,x7	 x30:0xe00027db  x7:0x80009fc4  x4=0x800007c0
       13775000	      1376	80001430	41c054b3	sra	x9,x0,x28	  x0:0x00000000 x28:0x00000000  x9=0x00000000
       13785000	      1377	80001434	40305113	srai	x2,x0,0x3	  x0:0x00000000  x2=0x00000000
       13795000	      1378	80001438	020ac463	blt	x21,x0,80001460	 x21:0x00000001  x0:0x00000000
       13805000	      1379	8000143c	00ab5863	bge	x22,x10,8000144c	 x22:0x80009d05 x10:0x00000001
       13815000	      1380	80001440	00e865b3	or	x11,x16,x14	 x16:0x00000000 x14:0xdc796418 x11=0xdc796418
       13825000	      1381	80001444	06fe47b7	lui	x15,0x6fe4	 x15=0x06fe4000
       13835000	      1382	80001448	cc592993	slti	x19,x18,-827	 x18:0x00000004 x19=0x00000000
       13845000	      1383	8000144c	00a0db13	srli	x22,x1,0xa	  x1:0x6a37f95a x22=0x001a8dfe
       13855000	      1384	80001450	01fc2bb3	slt	x23,x24,x31	 x24:0x08709993 x31:0x00000000 x23=0x00000000
       13865000	      1385	80001454	d0c4f213	andi	x4,x9,-756	  x9:0x00000000  x4=0x00000000
       13875000	      1386	80001458	dcee6f13	ori	x30,x28,-562	 x28:0x00000000 x30=0xfffffdce
       13885000	      1387	8000145c	2fbd7e93	andi	x29,x26,763	 x26:0xfffff91d x29=0x00000019
       13895000	      1388	80001460	00ed6863	bltu	x26,x14,80001470	 x26:0xfffff91d x14:0xdc796418
       13905000	      1389	80001464	01e8a533	slt	x10,x17,x30	 x17:0x00040004 x30:0xfffffdce x10=0x00000000
       13915000	      1390	80001468	012a7eb3	and	x29,x20,x18	 x20:0xfffff91d x18:0x00000004 x29=0x00000004
       13925000	      1391	8000146c	001c9db3	sll	x27,x25,x1	 x25:0x0000007f  x1:0x6a37f95a x27=0xfc000000
       13935000	      1392	80001470	01149593	slli	x11,x9,0x11	  x9:0x00000000 x11=0x00000000
       13945000	      1393	80001474	3ff86993	ori	x19,x16,1023	 x16:0x00000000 x19=0x000003ff
       13955000	      1394	80001478	004bc863	blt	x23,x4,80001488	 x23:0x00000000  x4:0x00000000
       13965000	      1395	8000147c	013e8b33	add	x22,x29,x19	 x29:0x00000004 x19:0x000003ff x22=0x00000403
       13975000	      1396	80001480	00222ab3	slt	x21,x4,x2	  x4:0x00000000  x2:0x00000000 x21=0x00000000
       13985000	      1397	80001484	0192b433	sltu	x8,x5,x25	  x5:0xffffff51 x25:0x0000007f  x8=0x00000000
       13995000	      1398	80001488	f0897c93	andi	x25,x18,-248	 x18:0x00000004 x25=0x00000000
       14005000	      1399	8000148c	76dc2793	slti	x15,x24,1901	 x24:0x08709993 x15=0x00000000
       14015000	      1400	80001490	03737063	bgeu	x6,x23,800014b0	  x6:0x7fff5959 x23:0x00000000
       14025000	      1401	00000000	00000013	addi	x0,x0,0	  x0:0x00000000
       14035000	      1402	800014ac	00000013	addi	x0,x0,0	  x0:0x00000000
       14045000	      1403	800014b0	63048493	addi	x9,x9,1584	  x9:0x00000000  x9=0x00000630
       14055000	      1404	800014b4	40995733	sra	x14,x18,x9	 x18:0x00000004  x9:0x00000630 x14=0x00000000
       14065000	      1405	800014b8	00008297	auipc	x5,0x8	  x5=0x800094b4
       14075000	      1406	800014bc	a5128293	addi	x5,x5,-1455	  x5:0x800094b4  x5=0x80008f05
       14085000	      1407	800014c0	009def33	or	x30,x27,x9	 x27:0xfc000000  x9:0x00000630 x30=0xfc000630
       14095000	      1408	800014c4	00775ab3	srl	x21,x14,x7	 x14:0x00000000  x7:0x80009fc4 x21=0x00000000
       14105000	      1409	800014c8	b9fa3737	lui	x14,0xb9fa3	 x14=0xb9fa3000
       14115000	      1410	800014cc	2a422037	lui	x0,0x2a422	
       14125000	      1411	800014d0	019b6cb3	or	x25,x22,x25	 x22:0x00000403 x25:0x00000000 x25=0x00000403
       14135000	      1412	800014d4	4056d593	srai	x11,x13,0x5	 x13:0x80009fc4 x11=0xfc0004fe
       14145000	      1413	800014d8	00000013	addi	x0,x0,0	  x0:0x00000000
       14155000	      1414	800014dc	013b44b3	xor	x9,x22,x19	 x22:0x00000403 x19:0x000003ff  x9=0x000007fc
       14165000	      1415	800014e0	40075413	srai	x8,x14,0x0	 x14:0xb9fa3000  x8=0xb9fa3000
       14175000	      1416	800014e4	016e0a33	add	x20,x28,x22	 x28:0x00000000 x22:0x00000403 x20=0x00000403
       14185000	      1417	800014e8	ff32c883	lbu	x17,-13(x5)	  x5:0x80008f05 x17=0x000000e3 PA:0x80008ef8
       14195000	      1418	800014ec	01d2a7a3	sw	x29,15(x5)	  x5:0x80008f05 x29:0x00000004 PA:0x80008f14
       14205000	      1419	800014f0	c1ed2a97	auipc	x21,0xc1ed2	 x21=0x41ed34ec
       14215000	      1420	800014f4	f9f22013	slti	x0,x4,-97	  x4:0x00000000
       14225000	      1421	800014f8	00928383	lb	x7,9(x5)	  x5:0x80008f05  x7=0xfffffff5 PA:0x80008f0e
       14235000	      1422	800014fc	fec28d23	sb	x12,-6(x5)	  x5:0x80008f05 x12:0x80009f68 PA:0x80008eff
       14245000	      1423	80001500	ff42c783	lbu	x15,-12(x5)	  x5:0x80008f05 x15=0x000000e2 PA:0x80008ef9
       14255000	      1424	80001504	ffe28b03	lb	x22,-2(x5)	  x5:0x80008f05 x22=0xffffffe8 PA:0x80008f03
       14265000	      1425	80001508	0ce8ca93	xori	x21,x17,206	 x17:0x000000e3 x21=0x0000002d
       14275000	      1426	8000150c	00b29003	lh	x0,11(x5)	  x5:0x80008f05 PA:0x80008f10
       14285000	      1427	80001510	ff929703	lh	x14,-7(x5)	  x5:0x80008f05 x14=0x000068e5 PA:0x80008efe
       14295000	      1428	80001514	0096ce33	xor	x28,x13,x9	 x13:0x80009fc4  x9:0x000007fc x28=0x80009838
       14305000	      1429	80001518	00a28023	sb	x10,0(x5)	  x5:0x80008f05 x10:0x00000000 PA:0x80008f05
       14315000	      1430	8000151c	00e28c83	lb	x25,14(x5)	  x5:0x80008f05 x25=0xfffffff8 PA:0x80008f13
       14325000	      1431	80001520	7b7c6597	auipc	x11,0x7b7c6	 x11=0xfb7c751c
       14335000	      1432	80001524	008be233	or	x4,x23,x8	 x23:0x00000000  x8:0xb9fa3000  x4=0xb9fa3000
       14345000	      1433	80001528	fed28ea3	sb	x13,-3(x5)	  x5:0x80008f05 x13:0x80009fc4 PA:0x80008f02
       14355000	      1434	8000152c	01ba8bb3	add	x23,x21,x27	 x21:0x0000002d x27:0xfc000000 x23=0xfc00002d
       14365000	      1435	80001530	ff52c383	lbu	x7,-11(x5)	  x5:0x80008f05  x7=0x000000e1 PA:0x80008efa
       14375000	      1436	80001534	ff529c83	lh	x25,-11(x5)	  x5:0x80008f05 x25=0xffffe0e1 PA:0x80008efa
       14385000	      1437	80001538	a535c193	xori	x3,x11,-1453	 x11:0xfb7c751c  x3=0x04838f4f
       14395000	      1438	8000153c	7d504f13	xori	x30,x0,2005	  x0:0x00000000 x30=0x000007d5
       14405000	      1439	80001540	336124b7	lui	x9,0x33612	  x9=0x33612000
       14415000	      1440	80001544	ff82c583	lbu	x11,-8(x5)	  x5:0x80008f05 x11=0x000000e6 PA:0x80008efd
       14425000	      1441	80001548	fff28923	sb	x31,-14(x5)	  x5:0x80008f05 x31:0x00000000 PA:0x80008ef7
       14435000	      1442	8000154c	417f5493	srai	x9,x30,0x17	 x30:0x000007d5  x9=0x00000000
       14445000	      1443	80001550	41bc5ab3	sra	x21,x24,x27	 x24:0x08709993 x27:0xfc000000 x21=0x08709993
       14455000	      1444	80001554	004cdf33	srl	x30,x25,x4	 x25:0xffffe0e1  x4:0xb9fa3000 x30=0xffffe0e1
       14465000	      1445	80001558	00000013	addi	x0,x0,0	  x0:0x00000000
       14475000	      1446	8000155c	01f94033	xor	x0,x18,x31	 x18:0x00000004 x31:0x00000000
       14485000	      1447	80001560	34a48993	addi	x19,x9,842	  x9:0x00000000 x19=0x0000034a
       14495000	      1448	80001564	ffd2cb83	lbu	x23,-3(x5)	  x5:0x80008f05 x23=0x000000c4 PA:0x80008f02
       14505000	      1449	80001568	fef28f23	sb	x15,-2(x5)	  x5:0x80008f05 x15:0x000000e2 PA:0x80008f03
       14515000	      1450	8000156c	00630233	add	x4,x6,x6	  x6:0x7fff5959  x6:0x7fff5959  x4=0xfffeb2b2
       14525000	      1451	80001570	ff52cf03	lbu	x30,-11(x5)	  x5:0x80008f05 x30=0x000000e1 PA:0x80008efa
       14535000	      1452	80001574	01b25c33	srl	x24,x4,x27	  x4:0xfffeb2b2 x27:0xfc000000 x24=0xfffeb2b2
       14545000	      1453	80001578	00c2cc83	lbu	x25,12(x5)	  x5:0x80008f05 x25=0x000000fa PA:0x80008f11
       14555000	      1454	8000157c	ff02c783	lbu	x15,-16(x5)	  x5:0x80008f05 x15=0x000000de PA:0x80008ef5
       14565000	      1455	80001580	0122cbb3	xor	x23,x5,x18	  x5:0x80008f05 x18:0x00000004 x23=0x80008f01
       14575000	      1456	80001584	039acc63	blt	x21,x25,800015bc	 x21:0x08709993 x25:0x000000fa
       14585000	      1457	80001588	7f860837	lui	x16,0x7f860	 x16=0x7f860000
       14595000	      1458	8000158c	009e9033	sll	x0,x29,x9	 x29:0x00000004  x9:0x00000000
       14605000	      1459	80001590	01a75533	srl	x10,x14,x26	 x14:0x000068e5 x26:0xfffff91d x10=0x00000000
       14615000	      1460	80001594	e7d12993	slti	x19,x2,-387	  x2:0x00000000 x19=0x00000000
       14625000	      1461	80001598	92cdcb13	xori	x22,x27,-1748	 x27:0xfc000000 x22=0x03fff92c
       14635000	      1462	8000159c	01848333	add	x6,x9,x24	  x9:0x00000000 x24:0xfffeb2b2  x6=0xfffeb2b2
       14645000	      1463	800015a0	0133cc33	xor	x24,x7,x19	  x7:0x000000e1 x19:0x00000000 x24=0x000000e1
       14655000	      1464	800015a4	87d68513	addi	x10,x13,-1923	 x13:0x80009fc4 x10=0x80009841
       14665000	      1465	800015a8	5698e813	ori	x16,x17,1385	 x17:0x000000e3 x16=0x000005eb
       14675000	      1466	800015ac	03f6f663	bgeu	x13,x31,800015d8	 x13:0x80009fc4 x31:0x00000000
       14685000	      1467	00000000	00000013	addi	x0,x0,0	  x0:0x00000000
       14695000	      1468	800015d4	00000013	addi	x0,x0,0	  x0:0x00000000
       14705000	      1469	800015d8	bfd33d13	sltiu	x26,x6,-1027	  x6:0xfffeb2b2 x26=0x00000001
       14715000	      1470	800015dc	0068d4b3	srl	x9,x17,x6	 x17:0x000000e3  x6:0xfffeb2b2  x9=0x00000000
       14725000	      1471	800015e0	69128817	auipc	x16,0x69128	 x16=0xe91295dc
       14735000	      1472	800015e4	013b7f33	and	x30,x22,x19	 x22:0x03fff92c x19:0x00000000 x30=0x00000000
       14745000	      1473	800015e8	40195033	sra	x0,x18,x1	 x18:0x00000004  x1:0x6a37f95a
       14755000	      1474	800015ec	0032fc63	bgeu	x5,x3,80001604	  x5:0x80008f05  x3:0x04838f4f
       14765000	      1475	00000000	00000013	addi	x0,x0,0	  x0:0x00000000
       14775000	      1476	80001600	00000013	addi	x0,x0,0	  x0:0x00000000
       14785000	      1477	80001604	50b5f297	auipc	x5,0x50b5f	  x5=0xd0b60600
       14795000	      1478	80001608	24dc6a37	lui	x20,0x24dc6	 x20=0x24dc6000
       14805000	      1479	8000160c	01c235b3	sltu	x11,x4,x28	  x4:0xfffeb2b2 x28:0x80009838 x11=0x00000000
       14815000	      1480	80001610	01057c63	bgeu	x10,x16,80001628	 x10:0x80009841 x16:0xe91295dc
       14825000	      1481	80001614	00e275b3	and	x11,x4,x14	  x4:0xfffeb2b2 x14:0x000068e5 x11=0x000020a0
       14835000	      1482	80001618	91e50c13	addi	x24,x10,-1762	 x10:0x80009841 x24=0x8000915f
       14845000	      1483	8000161c	00fe9663	bne	x29,x15,80001628	 x29:0x00000004 x15:0x000000de
       14855000	      1484	00000000	00000013	addi	x0,x0,0	  x0:0x00000000
       14865000	      1485	80001624	00000013	addi	x0,x0,0	  x0:0x00000000
       14875000	      1486	80001628	0057ec33	or	x24,x15,x5	 x15:0x000000de  x5:0xd0b60600 x24=0xd0b606de
       14885000	      1487	8000162c	01121e13	slli	x28,x4,0x11	  x4:0xfffeb2b2 x28=0x65640000
       14895000	      1488	80001630	00462303	lw	x6,4(x12)	 x12:0x80009f68  x6=0x800007f0 PA:0x80009f6c
       14905000	      1489	80001634	01829e13	slli	x28,x5,0x18	  x5:0xd0b60600 x28=0x00000000
       14915000	      1490	80001638	40a20a33	sub	x20,x4,x10	  x4:0xfffeb2b2 x10:0x80009841 x20=0x7ffe1a71
       14925000	      1491	8000163c	017ddd33	srl	x26,x27,x23	 x27:0xfc000000 x23:0x80008f01 x26=0x7e000000
       14935000	      1492	80001640	bd352e13	slti	x28,x10,-1069	 x10:0x80009841 x28=0x00000001
       14945000	      1493	80001644	01c60613	addi	x12,x12,28	 x12:0x80009f68 x12=0x80009f84
       14955000	      1494	80001648	c999b193	sltiu	x3,x19,-871	 x19:0x00000000  x3=0x00000001
       14965000	      1495	8000164c	20198c13	addi	x24,x19,513	 x19:0x00000000 x24=0x00000201
       14975000	      1496	80001650	00130793	addi	x15,x6,1	  x6:0x800007f0 x15=0x800007f1
       14985000	      1497	80001654	000787e7	jalr	x15,x15,0	 x15:0x800007f1 x15=0x80001654
       14995000	      1498	00000000	00000013	addi	x0,x0,0	  x0:0x00000000
       15005000	      1499	800007f0	00000013	addi	x0,x0,0	  x0:0x00000000
       15015000	      1500	800007f4	00065993	srli	x19,x12,0x0	 x12:0x80009f84 x19=0x80009f84
       15025000	      1501	800007f8	01fd7d33	and	x26,x26,x31	 x26:0x7e000000 x31:0x00000000 x26=0x00000000
       15035000	      1502	800007fc	53cfaa13	slti	x20,x31,1340	 x31:0x00000000 x20=0x00000001
       15045000	      1503	80000800	37def237	lui	x4,0x37def	  x4=0x37def000
       15055000	      1504	80000804	036c1a63	bne	x24,x22,80000838	 x24:0x00000201 x22:0x03fff92c
       15065000	      1505	00000000	00000013	addi	x0,x0,0	  x0:0x00000000
       15075000	      1506	80000834	00000013	addi	x0,x0,0	  x0:0x00000000
       15085000	      1507	80000838	fb6a2293	slti	x5,x20,-74	 x20:0x00000001  x5=0x00000000
       15095000	      1508	8000083c	00906433	or	x8,x0,x9	  x0:0x00000000  x9:0x00000000  x8=0x00000000
       15105000	      1509	80000840	035de463	bltu	x27,x21,80000868	 x27:0xfc000000 x21:0x08709993
       15115000	      1510	80000844	407f8bb3	sub	x23,x31,x7	 x31:0x00000000  x7:0x000000e1 x23=0xffffff1f
       15125000	      1511	80000848	40cdd8b3	sra	x17,x27,x12	 x27:0xfc000000 x12:0x80009f84 x17=0xffc00000
       15135000	      1512	8000084c	d6b40297	auipc	x5,0xd6b40	  x5=0x56b40848
       15145000	      1513	80000850	00932833	slt	x16,x6,x9	  x6:0x800007f0  x9:0x00000000 x16=0x00000001
       15155000	      1514	80000854	07758293	addi	x5,x11,119	 x11:0x000020a0  x5=0x00002117
       15165000	      1515	80000858	324b3913	sltiu	x18,x22,804	 x22:0x03fff92c x18=0x00000000
       15175000	      1516	8000085c	00000013	addi	x0,x0,0	  x0:0x00000000
       15185000	      1517	80000860	00bf5833	srl	x16,x30,x11	 x30:0x00000000 x11:0x000020a0 x16=0x00000000
       15195000	      1518	80000864	00000013	addi	x0,x0,0	  x0:0x00000000
       15205000	      1519	80000868	88c46813	ori	x16,x8,-1908	  x8:0x00000000 x16=0xfffff88c
       15215000	      1520	8000086c	00000097	auipc	x1,0x0	  x1=0x80000868
       15225000	      1521	80000870	00c08093	addi	x1,x1,12	  x1:0x80000868  x1=0x80000874
       15235000	      1522	80000874	00008067	jalr	x0,x1,0	  x1:0x80000874
       15245000	      1523	00000000	00000013	addi	x0,x0,0	  x0:0x00000000
       15255000	      1524	80000874	00000013	addi	x0,x0,0	  x0:0x00000000
       15265000	      1525	80000878	00100193	addi	x3,x0,1	  x0:0x00000000  x3=0x00000001
       15275000	      1526	8000087c	00000073	ecall	
       15285000	      1527	80000880	4ee48c93	addi	x25,x9,1262	  x9:0x00000000 x25=0x000004ee
