		Time			Cycle	PC		Insn	Decoded instruction	Register and memory contents
          65000	         5	80000004	00000293	addi	x5,x0,0	  x0:0x00000000  x5=0x00000000
          75000	         6	80000008	00000313	addi	x6,x0,0	  x0:0x00000000  x6=0x00000000
          85000	         7	8000000c	00628263	beq	x5,x6,80000010	  x5:0x00000000  x6:0x00000000
          95000	         8	00000000	00000013	addi	x0,x0,0	  x0:0x00000000
         105000	         9	8000000c	00000013	addi	x0,x0,0	  x0:0x00000000
         115000	        10	80000010	00000d97	auipc	x27,0x0	 x27=0x8000000c
         125000	        11	80000014	00cd8d93	addi	x27,x27,12	 x27:0x8000000c x27=0x80000018
         135000	        12	80000018	000d8067	jalr	x0,x27,0	 x27:0x80000018
         145000	        13	00000000	00000013	addi	x0,x0,0	  x0:0x00000000
         155000	        14	80000018	00000013	addi	x0,x0,0	  x0:0x00000000
         165000	        15	8000001c	400003b7	lui	x7,0x40000	  x7=0x40000000
         175000	        16	80000020	10038393	addi	x7,x7,256	  x7:0x40000000  x7=0x40000100
         185000	        17	80000024	00000013	addi	x0,x0,0	  x0:0x00000000
         195000	        18	80000028	0000ac97	auipc	x25,0xa	 x25=0x8000a024
         205000	        19	8000002c	fa0c8c93	addi	x25,x25,-96	 x25:0x8000a024 x25=0x80009fc4
         215000	        20	80000030	00002397	auipc	x7,0x2	  x7=0x8000202c
         225000	        21	80000034	ec838393	addi	x7,x7,-312	  x7:0x8000202c  x7=0x80001ef4
         235000	        22	80000038	0003e393	ori	x7,x7,0	  x7:0x80001ef4  x7=0x80001ef4
         245000	        23	8000003c	00000013	addi	x0,x0,0	  x0:0x00000000
         255000	        24	80000040	00000397	auipc	x7,0x0	  x7=0x8000003c
         265000	        25	80000044	02038393	addi	x7,x7,32	  x7:0x8000003c  x7=0x8000005c
         275000	        26	80000048	00000013	addi	x0,x0,0	  x0:0x00000000
         285000	        27	8000004c	00000013	addi	x0,x0,0	  x0:0x00000000
         295000	        28	80000050	000023b7	lui	x7,0x2	  x7=0x00002000
         305000	        29	80000054	80038393	addi	x7,x7,-2048	  x7:0x00002000  x7=0x00001800
         315000	        30	80000058	00000013	addi	x0,x0,0	  x0:0x00000000
         325000	        31	8000005c	00000013	addi	x0,x0,0	  x0:0x00000000
         335000	        32	80000060	9671c037	lui	x0,0x9671c	
         345000	        33	80000064	b2a00013	addi	x0,x0,-1238	  x0:0x00000000
         355000	        34	80000068	00700093	addi	x1,x0,7	  x0:0x00000000  x1=0x00000007
         365000	        35	8000006c	64a74137	lui	x2,0x64a74	  x2=0x64a74000
         375000	        36	80000070	34910113	addi	x2,x2,841	  x2:0x64a74000  x2=0x64a74349
         385000	        37	80000074	00000193	addi	x3,x0,0	  x0:0x00000000  x3=0x00000000
         395000	        38	80000078	00000213	addi	x4,x0,0	  x0:0x00000000  x4=0x00000000
         405000	        39	8000007c	800002b7	lui	x5,0x80000	  x5=0x80000000
         415000	        40	80000080	00000313	addi	x6,x0,0	  x0:0x00000000  x6=0x00000000
         425000	        41	80000084	fa6923b7	lui	x7,0xfa692	  x7=0xfa692000
         435000	        42	80000088	a8538393	addi	x7,x7,-1403	  x7:0xfa692000  x7=0xfa691a85
         445000	        43	8000008c	80000437	lui	x8,0x80000	  x8=0x80000000
         455000	        44	80000090	00000493	addi	x9,x0,0	  x0:0x00000000  x9=0x00000000
         465000	        45	80000094	00100513	addi	x10,x0,1	  x0:0x00000000 x10=0x00000001
         475000	        46	80000098	00000593	addi	x11,x0,0	  x0:0x00000000 x11=0x00000000
         485000	        47	8000009c	00c00613	addi	x12,x0,12	  x0:0x00000000 x12=0x0000000c
         495000	        48	800000a0	800006b7	lui	x13,0x80000	 x13=0x80000000
         505000	        49	800000a4	fdd8a737	lui	x14,0xfdd8a	 x14=0xfdd8a000
         515000	        50	800000a8	fa970713	addi	x14,x14,-87	 x14:0xfdd8a000 x14=0xfdd89fa9
         525000	        51	800000ac	fd8047b7	lui	x15,0xfd804	 x15=0xfd804000
         535000	        52	800000b0	52578793	addi	x15,x15,1317	 x15:0xfd804000 x15=0xfd804525
         545000	        53	800000b4	fbe8a837	lui	x16,0xfbe8a	 x16=0xfbe8a000
         555000	        54	800000b8	62c80813	addi	x16,x16,1580	 x16:0xfbe8a000 x16=0xfbe8a62c
         565000	        55	800000bc	800008b7	lui	x17,0x80000	 x17=0x80000000
         575000	        56	800000c0	f8451937	lui	x18,0xf8451	 x18=0xf8451000
         585000	        57	800000c4	97790913	addi	x18,x18,-1673	 x18:0xf8451000 x18=0xf8450977
         595000	        58	800000c8	fe8709b7	lui	x19,0xfe870	 x19=0xfe870000
         605000	        59	800000cc	75498993	addi	x19,x19,1876	 x19:0xfe870000 x19=0xfe870754
         615000	        60	800000d0	80000a37	lui	x20,0x80000	 x20=0x80000000
         625000	        61	800000d4	80000ab7	lui	x21,0x80000	 x21=0x80000000
         635000	        62	800000d8	fb94eb37	lui	x22,0xfb94e	 x22=0xfb94e000
         645000	        63	800000dc	afab0b13	addi	x22,x22,-1286	 x22:0xfb94e000 x22=0xfb94dafa
         655000	        64	800000e0	00b00c13	addi	x24,x0,11	  x0:0x00000000 x24=0x0000000b
         665000	        65	800000e4	00a00d13	addi	x26,x0,10	  x0:0x00000000 x26=0x0000000a
         675000	        66	800000e8	00e00d93	addi	x27,x0,14	  x0:0x00000000 x27=0x0000000e
         685000	        67	800000ec	00000e13	addi	x28,x0,0	  x0:0x00000000 x28=0x00000000
         695000	        68	800000f0	fa1d8eb7	lui	x29,0xfa1d8	 x29=0xfa1d8000
         705000	        69	800000f4	870e8e93	addi	x29,x29,-1936	 x29:0xfa1d8000 x29=0xfa1d7870
         715000	        70	800000f8	80000f37	lui	x30,0x80000	 x30=0x80000000
         725000	        71	800000fc	00b00f93	addi	x31,x0,11	  x0:0x00000000 x31=0x0000000b
         735000	        72	80000100	0000ab97	auipc	x23,0xa	 x23=0x8000a0fc
         745000	        73	80000104	e88b8b93	addi	x23,x23,-376	 x23:0x8000a0fc x23=0x80009f84
         755000	        74	80000108	00009897	auipc	x17,0x9	 x17=0x80009104
         765000	        75	8000010c	aa388893	addi	x17,x17,-1373	 x17:0x80009104 x17=0x80008ba7
         775000	        76	80000110	00009697	auipc	x13,0x9	 x13=0x8000910c
         785000	        77	80000114	c3e68693	addi	x13,x13,-962	 x13:0x8000910c x13=0x80008d4a
         795000	        78	80000118	f378cd03	lbu	x26,-201(x17)	 x17:0x80008ba7 x26=0x00000000 PA:0x80008ade
         805000	        79	8000011c	01468c03	lb	x24,20(x13)	 x13:0x80008d4a x24=0x00000000 PA:0x80008d5e
         815000	        80	80000120	0fb88903	lb	x18,251(x17)	 x17:0x80008ba7 x18=0x00000000 PA:0x80008ca2
         825000	        81	80000124	00009217	auipc	x4,0x9	  x4=0x80009120
         835000	        82	80000128	bcd20213	addi	x4,x4,-1075	  x4:0x80009120  x4=0x80008ced
         845000	        83	8000012c	fbd21e03	lh	x28,-67(x4)	  x4:0x80008ced x28=0x00000000 PA:0x80008caa
         855000	        84	80000130	00009f17	auipc	x30,0x9	 x30=0x8000912c
         865000	        85	80000134	e16f0f13	addi	x30,x30,-490	 x30:0x8000912c x30=0x80008f42
         875000	        86	80000138	07d88a23	sb	x29,116(x17)	 x17:0x80008ba7 x29:0xfa1d7870 PA:0x80008c1b
         885000	        87	8000013c	fda6ce03	lbu	x28,-38(x13)	 x13:0x80008d4a x28=0x00000000 PA:0x80008d24
         895000	        88	80000140	00009797	auipc	x15,0x9	 x15=0x8000913c
         905000	        89	80000144	d5d78793	addi	x15,x15,-675	 x15:0x8000913c x15=0x80008e99
         915000	        90	80000148	feb78a23	sb	x11,-12(x15)	 x15:0x80008e99 x11:0x00000000 PA:0x80008e8d
         925000	        91	8000014c	f63f0d03	lb	x26,-157(x30)	 x30:0x80008f42 x26=0x00000000 PA:0x80008ea5
         935000	        92	00000000	00000013	addi	x0,x0,0	  x0:0x00000000
         945000	        93	80000150	03a24703	lbu	x14,58(x4)	  x4:0x80008ced x14=0x00000000 PA:0x80008d27
         955000	        94	80000154	fa0f1323	sh	x0,-90(x30)	 x30:0x80008f42  x0:0x00000000 PA:0x80008ee8
         965000	        95	80000158	fae213a3	sh	x14,-89(x4)	  x4:0x80008ced x14:0x00000000 PA:0x80008c94
         975000	        96	8000015c	ff26ae03	lw	x28,-14(x13)	 x13:0x80008d4a x28=0x00000000 PA:0x80008d3c
         985000	        97	80000160	01568a23	sb	x21,20(x13)	 x13:0x80008d4a x21:0x80000000 PA:0x80008d5e
         995000	        98	80000164	f148c903	lbu	x18,-236(x17)	 x17:0x80008ba7 x18=0x00000000 PA:0x80008abb
        1005000	        99	80000168	f3524503	lbu	x10,-203(x4)	  x4:0x80008ced x10=0x00000000 PA:0x80008c22
        1015000	       100	00000000	00000013	addi	x0,x0,0	  x0:0x00000000
        1025000	       101	8000016c	f4a88f83	lb	x31,-182(x17)	 x17:0x80008ba7 x31=0x00000000 PA:0x80008af1
        1035000	       102	80000170	03168aa3	sb	x17,53(x13)	 x13:0x80008d4a x17:0x80008ba7 PA:0x80008d7f
        1045000	       103	80000174	02578723	sb	x5,46(x15)	 x15:0x80008e99  x5:0x80000000 PA:0x80008ec7
        1055000	       104	80000178	0256c403	lbu	x8,37(x13)	 x13:0x80008d4a  x8=0x00000000 PA:0x80008d6f
        1065000	       105	8000017c	fda78003	lb	x0,-38(x15)	 x15:0x80008e99 PA:0x80008e73
        1075000	       106	80000180	0037d403	lhu	x8,3(x15)	 x15:0x80008e99  x8=0x00000000 PA:0x80008e9c
        1085000	       107	80000184	fe5f4803	lbu	x16,-27(x30)	 x30:0x80008f42 x16=0x00000000 PA:0x80008f27
        1095000	       108	80000188	f7120c23	sb	x17,-136(x4)	  x4:0x80008ced x17:0x80008ba7 PA:0x80008c65
        1105000	       109	8000018c	fb188b23	sb	x17,-74(x17)	 x17:0x80008ba7 x17:0x80008ba7 PA:0x80008b5d
        1115000	       110	80000190	f0125503	lhu	x10,-255(x4)	  x4:0x80008ced x10=0x00000000 PA:0x80008bee
        1125000	       111	80000194	ff6f5703	lhu	x14,-10(x30)	 x30:0x80008f42 x14=0x00000000 PA:0x80008f38
        1135000	       112	80000198	0a388703	lb	x14,163(x17)	 x17:0x80008ba7 x14=0x00000000 PA:0x80008c4a
        1145000	       113	8000019c	fea7c603	lbu	x12,-22(x15)	 x15:0x80008e99 x12=0x00000000 PA:0x80008e83
        1155000	       114	800001a0	fe368ba3	sb	x3,-9(x13)	 x13:0x80008d4a  x3:0x00000000 PA:0x80008d41
        1165000	       115	800001a4	f0989303	lh	x6,-247(x17)	 x17:0x80008ba7  x6=0x00000000 PA:0x80008ab0
        1175000	       116	800001a8	00e6a903	lw	x18,14(x13)	 x13:0x80008d4a x18=0x00000000 PA:0x80008d58
        1185000	       117	800001ac	fdf7dc03	lhu	x24,-33(x15)	 x15:0x80008e99 x24=0x00000000 PA:0x80008e78
        1195000	       118	800001b0	04820b03	lb	x22,72(x4)	  x4:0x80008ced x22=0x00000000 PA:0x80008d35
        1205000	       119	800001b4	f0d881a3	sb	x13,-253(x17)	 x17:0x80008ba7 x13:0x80008d4a PA:0x80008aaa
        1215000	       120	800001b8	ff46d183	lhu	x3,-12(x13)	 x13:0x80008d4a  x3=0x00000000 PA:0x80008d3e
        1225000	       121	800001bc	00578523	sb	x5,10(x15)	 x15:0x80008e99  x5:0x80000000 PA:0x80008ea3
        1235000	       122	800001c0	03878a23	sb	x24,52(x15)	 x15:0x80008e99 x24:0x00000000 PA:0x80008ecd
        1245000	       123	800001c4	087f07a3	sb	x7,143(x30)	 x30:0x80008f42  x7:0xfa691a85 PA:0x80008fd1
        1255000	       124	800001c8	fc768623	sb	x7,-52(x13)	 x13:0x80008d4a  x7:0xfa691a85 PA:0x80008d16
        1265000	       125	800001cc	00008c17	auipc	x24,0x8	 x24=0x800081c8
        1275000	       126	800001d0	022c0c13	addi	x24,x24,34	 x24:0x800081c8 x24=0x800081ea
        1285000	       127	800001d4	ff8c0203	lb	x4,-8(x24)	 x24:0x800081ea  x4=0x00000000 PA:0x800081e2
        1295000	       128	800001d8	005c0283	lb	x5,5(x24)	 x24:0x800081ea  x5=0x00000000 PA:0x800081ef
        1305000	       129	800001dc	4a8e3293	sltiu	x5,x28,1192	 x28:0x00000000  x5=0x00000001
        1315000	       130	800001e0	101da413	slti	x8,x27,257	 x27:0x0000000e  x8=0x00000001
        1325000	       131	800001e4	41e38a33	sub	x20,x7,x30	  x7:0xfa691a85 x30:0x80008f42 x20=0x7a688b43
        1335000	       132	800001e8	905dcd13	xori	x26,x27,-1787	 x27:0x0000000e x26=0xfffff90b
        1345000	       133	800001ec	5bd2e013	ori	x0,x5,1469	  x5:0x00000001
        1355000	       134	800001f0	017b3ab3	sltu	x21,x22,x23	 x22:0x00000000 x23:0x80009f84 x21=0x00000001
        1365000	       135	800001f4	400b5813	srai	x16,x22,0x0	 x22:0x00000000 x16=0x00000000
        1375000	       136	800001f8	000c5d03	lhu	x26,0(x24)	 x24:0x800081ea x26=0x00000000 PA:0x800081ea
        1385000	       137	800001fc	01223eb3	sltu	x29,x4,x18	  x4:0x00000000 x18:0x00000000 x29=0x00000000
        1395000	       138	80000200	40c58533	sub	x10,x11,x12	 x11:0x00000000 x12:0x00000000 x10=0x00000000
        1405000	       139	80000204	ff0c0383	lb	x7,-16(x24)	 x24:0x800081ea  x7=0x00000000 PA:0x800081da
        1415000	       140	80000208	00bb45b3	xor	x11,x22,x11	 x22:0x00000000 x11:0x00000000 x11=0x00000000
        1425000	       141	8000020c	ffcc5e83	lhu	x29,-4(x24)	 x24:0x800081ea x29=0x00000000 PA:0x800081e6
        1435000	       142	80000210	ff8c0c23	sb	x24,-8(x24)	 x24:0x800081ea x24:0x800081ea PA:0x800081e2
        1445000	       143	80000214	3f433613	sltiu	x12,x6,1012	  x6:0x00000000 x12=0x00000001
        1455000	       144	80000218	00000013	addi	x0,x0,0	  x0:0x00000000
        1465000	       145	8000021c	ff2c0823	sb	x18,-16(x24)	 x24:0x800081ea x18:0x00000000 PA:0x800081da
        1475000	       146	80000220	00ba71b3	and	x3,x20,x11	 x20:0x7a688b43 x11:0x00000000  x3=0x00000000
        1485000	       147	80000224	fe2c0b23	sb	x2,-10(x24)	 x24:0x800081ea  x2:0x64a74349 PA:0x800081e0
        1495000	       148	80000228	ffec5f83	lhu	x31,-2(x24)	 x24:0x800081ea x31=0x00000000 PA:0x800081e8
        1505000	       149	8000022c	00241733	sll	x14,x8,x2	  x8:0x00000001  x2:0x64a74349 x14=0x00000200
        1515000	       150	80000230	001c0303	lb	x6,1(x24)	 x24:0x800081ea  x6=0x00000000 PA:0x800081eb
        1525000	       151	80000234	c155f193	andi	x3,x11,-1003	 x11:0x00000000  x3=0x00000000
        1535000	       152	80000238	368b7313	andi	x6,x22,872	 x22:0x00000000  x6=0x00000000
        1545000	       153	8000023c	01506e33	or	x28,x0,x21	  x0:0x00000000 x21:0x00000001 x28=0x00000001
        1555000	       154	80000240	00a50533	add	x10,x10,x10	 x10:0x00000000 x10:0x00000000 x10=0x00000000
        1565000	       155	80000244	40208d33	sub	x26,x1,x2	  x1:0x00000007  x2:0x64a74349 x26=0x9b58bcbe
        1575000	       156	80000248	6e470593	addi	x11,x14,1764	 x14:0x00000200 x11=0x000008e4
        1585000	       157	8000024c	016994b3	sll	x9,x19,x22	 x19:0xfe870754 x22:0x00000000  x9=0xfe870754
        1595000	       158	80000250	ff6c5203	lhu	x4,-10(x24)	 x24:0x800081ea  x4=0x00000049 PA:0x800081e0
        1605000	       159	80000254	a3613f93	sltiu	x31,x2,-1482	  x2:0x64a74349 x31=0x00000001
        1615000	       160	80000258	00ec4083	lbu	x1,14(x24)	 x24:0x800081ea  x1=0x00000000 PA:0x800081f8
        1625000	       161	8000025c	013c9593	slli	x11,x25,0x13	 x25:0x80009fc4 x11=0xfe200000
        1635000	       162	80000260	ff7c0c23	sb	x23,-8(x24)	 x24:0x800081ea x23:0x80009f84 PA:0x800081e2
        1645000	       163	80000264	004c7533	and	x10,x24,x4	 x24:0x800081ea  x4:0x00000049 x10=0x00000048
        1655000	       164	80000268	00fddeb3	srl	x29,x27,x15	 x27:0x0000000e x15:0x80008e99 x29=0x00000000
        1665000	       165	8000026c	013542b3	xor	x5,x10,x19	 x10:0x00000048 x19:0xfe870754  x5=0xfe87071c
        1675000	       166	80000270	ff2c1d23	sh	x18,-6(x24)	 x24:0x800081ea x18:0x00000000 PA:0x800081e4
        1685000	       167	80000274	00008f17	auipc	x30,0x8	 x30=0x80008270
        1695000	       168	80000278	589f0f13	addi	x30,x30,1417	 x30:0x80008270 x30=0x800087f9
        1705000	       169	8000027c	fe4f17a3	sh	x4,-17(x30)	 x30:0x800087f9  x4:0x00000049 PA:0x800087e8
        1715000	       170	80000280	fedf4c03	lbu	x24,-19(x30)	 x30:0x800087f9 x24=0x00000000 PA:0x800087e6
        1725000	       171	80000284	ffcf0483	lb	x9,-4(x30)	 x30:0x800087f9  x9=0x00000000 PA:0x800087f5
        1735000	       172	80000288	ff8f16a3	sh	x24,-19(x30)	 x30:0x800087f9 x24:0x00000000 PA:0x800087e6
        1745000	       173	8000028c	00ff03a3	sb	x15,7(x30)	 x30:0x800087f9 x15:0x80008e99 PA:0x80008800
        1755000	       174	80000290	007f0e83	lb	x29,7(x30)	 x30:0x800087f9 x29=0xffffff99 PA:0x80008800
        1765000	       175	80000294	fe0f18a3	sh	x0,-15(x30)	 x30:0x800087f9  x0:0x00000000 PA:0x800087ea
        1775000	       176	80000298	ff1f4603	lbu	x12,-15(x30)	 x30:0x800087f9 x12=0x00000000 PA:0x800087ea
        1785000	       177	8000029c	ff1f0b03	lb	x22,-15(x30)	 x30:0x800087f9 x22=0x00000000 PA:0x800087ea
        1795000	       178	800002a0	018f0523	sb	x24,10(x30)	 x30:0x800087f9 x24:0x00000000 PA:0x80008803
        1805000	       179	800002a4	009f0523	sb	x9,10(x30)	 x30:0x800087f9  x9:0x00000000 PA:0x80008803
        1815000	       180	800002a8	007f5983	lhu	x19,7(x30)	 x30:0x800087f9 x19=0x00000099 PA:0x80008800
        1825000	       181	800002ac	fe8f0a83	lb	x21,-24(x30)	 x30:0x800087f9 x21=0x00000000 PA:0x800087e1
        1835000	       182	800002b0	3d946b13	ori	x22,x8,985	  x8:0x00000001 x22=0x000003d9
        1845000	       183	800002b4	fe8f4303	lbu	x6,-24(x30)	 x30:0x800087f9  x6=0x00000000 PA:0x800087e1
        1855000	       184	800002b8	012f4703	lbu	x14,18(x30)	 x30:0x800087f9 x14=0x00000000 PA:0x8000880b
        1865000	       185	800002bc	fdff2703	lw	x14,-33(x30)	 x30:0x800087f9 x14=0x00000000 PA:0x800087d8
        1875000	       186	800002c0	fd8f0fa3	sb	x24,-33(x30)	 x30:0x800087f9 x24:0x00000000 PA:0x800087d8
        1885000	       187	800002c4	fc6f0283	lb	x5,-58(x30)	 x30:0x800087f9  x5=0x00000000 PA:0x800087bf
        1895000	       188	800002c8	00008997	auipc	x19,0x8	 x19=0x800082c4
        1905000	       189	800002cc	34398993	addi	x19,x19,835	 x19:0x800082c4 x19=0x80008607
        1915000	       190	800002d0	0a098a83	lb	x21,160(x19)	 x19:0x80008607 x21=0x00000000 PA:0x800086a7
        1925000	       191	800002d4	00008d17	auipc	x26,0x8	 x26=0x800082d0
        1935000	       192	800002d8	eb5d0d13	addi	x26,x26,-331	 x26:0x800082d0 x26=0x80008185
        1945000	       193	800002dc	f0a9cf83	lbu	x31,-246(x19)	 x19:0x80008607 x31=0x00000000 PA:0x80008511
        1955000	       194	800002e0	00008397	auipc	x7,0x8	  x7=0x800082dc
        1965000	       195	800002e4	e1738393	addi	x7,x7,-489	  x7:0x800082dc  x7=0x800080f3
        1975000	       196	800002e8	f5b9c483	lbu	x9,-165(x19)	 x19:0x80008607  x9=0x00000000 PA:0x80008562
        1985000	       197	800002ec	fa398003	lb	x0,-93(x19)	 x19:0x80008607 PA:0x800085aa
        1995000	       198	800002f0	0c539da3	sh	x5,219(x7)	  x7:0x800080f3  x5:0x00000000 PA:0x800081ce
        2005000	       199	800002f4	00008f17	auipc	x30,0x8	 x30=0x800082f0
        2015000	       200	800002f8	1a5f0f13	addi	x30,x30,421	 x30:0x800082f0 x30=0x80008495
        2025000	       201	800002fc	f0f9a8a3	sw	x15,-239(x19)	 x19:0x80008607 x15:0x80008e99 PA:0x80008518
        2035000	       202	80000300	0653c583	lbu	x11,101(x7)	  x7:0x800080f3 x11=0x00000000 PA:0x80008158
        2045000	       203	80000304	430d05a3	sb	x16,1067(x26)	 x26:0x80008185 x16:0x00000000 PA:0x800085b0
        2055000	       204	80000308	00008617	auipc	x12,0x8	 x12=0x80008304
        2065000	       205	8000030c	1c460613	addi	x12,x12,452	 x12:0x80008304 x12=0x800084c8
        2075000	       206	80000310	fdff4f83	lbu	x31,-33(x30)	 x30:0x80008495 x31=0x00000000 PA:0x80008474
        2085000	       207	80000314	fd1f0ea3	sb	x17,-35(x30)	 x30:0x80008495 x17:0x80008ba7 PA:0x80008472
        2095000	       208	80000318	f3f9d103	lhu	x2,-193(x19)	 x19:0x80008607  x2=0x00000000 PA:0x80008546
        2105000	       209	8000031c	034f0483	lb	x9,52(x30)	 x30:0x80008495  x9=0x00000000 PA:0x800084c9
        2115000	       210	80000320	0903c083	lbu	x1,144(x7)	  x7:0x800080f3  x1=0x00000000 PA:0x80008183
        2125000	       211	80000324	04638523	sb	x6,74(x7)	  x7:0x800080f3  x6:0x00000000 PA:0x8000813d
        2135000	       212	80000328	015f4583	lbu	x11,21(x30)	 x30:0x80008495 x11=0x00000000 PA:0x800084aa
        2145000	       213	8000032c	03938303	lb	x6,57(x7)	  x7:0x800080f3  x6=0x00000000 PA:0x8000812c
        2155000	       214	80000330	febf2403	lw	x8,-21(x30)	 x30:0x80008495  x8=0x00000000 PA:0x80008480
        2165000	       215	80000334	11cd0803	lb	x16,284(x26)	 x26:0x80008185 x16=0x00000000 PA:0x800082a1
        2175000	       216	80000338	00060483	lb	x9,0(x12)	 x12:0x800084c8  x9=0x00000000 PA:0x800084c8
        2185000	       217	8000033c	01cf4503	lbu	x10,28(x30)	 x30:0x80008495 x10=0x00000000 PA:0x800084b1
        2195000	       218	80000340	ffa60823	sb	x26,-16(x12)	 x12:0x800084c8 x26:0x80008185 PA:0x800084b8
        2205000	       219	80000344	fc3f2283	lw	x5,-61(x30)	 x30:0x80008495  x5=0x00000000 PA:0x80008458
        2215000	       220	80000348	0729c683	lbu	x13,114(x19)	 x19:0x80008607 x13=0x00000000 PA:0x80008679
        2225000	       221	8000034c	065d4003	lbu	x0,101(x26)	 x26:0x80008185 PA:0x800081ea
        2235000	       222	80000350	036f4183	lbu	x3,54(x30)	 x30:0x80008495  x3=0x00000000 PA:0x800084cb
        2245000	       223	80000354	519d0883	lb	x17,1305(x26)	 x26:0x80008185 x17=0x00000000 PA:0x8000869e
        2255000	       224	80000358	f2f98c23	sb	x15,-200(x19)	 x19:0x80008607 x15:0x80008e99 PA:0x8000853f
        2265000	       225	8000035c	20fd2703	lw	x14,527(x26)	 x26:0x80008185 x14=0x00000000 PA:0x80008394
        2275000	       226	80000360	34bd4683	lbu	x13,843(x26)	 x26:0x80008185 x13=0x00000000 PA:0x800084d0
        2285000	       227	80000364	07e38e03	lb	x28,126(x7)	  x7:0x800080f3 x28=0x00000000 PA:0x80008171
        2295000	       228	80000368	00964a03	lbu	x20,9(x12)	 x12:0x800084c8 x20=0x00000000 PA:0x800084d1
        2305000	       229	8000036c	f4039ba3	sh	x0,-169(x7)	  x7:0x800080f3  x0:0x00000000 PA:0x8000804a
        2315000	       230	80000370	1b9d0483	lb	x9,441(x26)	 x26:0x80008185  x9=0x00000000 PA:0x8000833e
        2325000	       231	80000374	ff361f23	sh	x19,-2(x12)	 x12:0x800084c8 x19:0x80008607 PA:0x800084c6
        2335000	       232	80000378	03198503	lb	x10,49(x19)	 x19:0x80008607 x10=0x00000000 PA:0x80008638
        2345000	       233	8000037c	ff064883	lbu	x17,-16(x12)	 x12:0x800084c8 x17=0x00000085 PA:0x800084b8
        2355000	       234	80000380	fe460ba3	sb	x4,-9(x12)	 x12:0x800084c8  x4:0x00000049 PA:0x800084bf
        2365000	       235	80000384	632d23a3	sw	x18,1575(x26)	 x26:0x80008185 x18:0x00000000 PA:0x800087ac
        2375000	       236	80000388	1f9d10a3	sh	x25,481(x26)	 x26:0x80008185 x25:0x80009fc4 PA:0x80008366
        2385000	       237	8000038c	fc0f4783	lbu	x15,-64(x30)	 x30:0x80008495 x15=0x00000000 PA:0x80008455
        2395000	       238	80000390	f6d3aca3	sw	x13,-135(x7)	  x7:0x800080f3 x13:0x00000000 PA:0x8000806c
        2405000	       239	80000394	05d98c23	sb	x29,88(x19)	 x19:0x80008607 x29:0xffffff99 PA:0x8000865f
        2415000	       240	80000398	015d0f23	sb	x21,30(x26)	 x26:0x80008185 x21:0x00000000 PA:0x800081a3
        2425000	       241	8000039c	febf0323	sb	x11,-26(x30)	 x30:0x80008495 x11:0x00000000 PA:0x8000847b
        2435000	       242	800003a0	00009b17	auipc	x22,0x9	 x22=0x8000939c
        2445000	       243	800003a4	9bfb0b13	addi	x22,x22,-1601	 x22:0x8000939c x22=0x80008d5b
        2455000	       244	800003a8	ff5b1103	lh	x2,-11(x22)	 x22:0x80008d5b  x2=0x00000000 PA:0x80008d50
        2465000	       245	800003ac	0057e4b3	or	x9,x15,x5	 x15:0x00000000  x5:0x00000000  x9=0x00000000
        2475000	       246	800003b0	403cd593	srai	x11,x25,0x3	 x25:0x80009fc4 x11=0xf00013f8
        2485000	       247	800003b4	41eb0833	sub	x16,x22,x30	 x22:0x80008d5b x30:0x80008495 x16=0x000008c6
        2495000	       248	800003b8	ff5b0603	lb	x12,-11(x22)	 x22:0x80008d5b x12=0x00000000 PA:0x80008d50
        2505000	       249	800003bc	000b0203	lb	x4,0(x22)	 x22:0x80008d5b  x4=0x00000000 PA:0x80008d5b
        2515000	       250	00000000	00000013	addi	x0,x0,0	  x0:0x00000000
        2525000	       251	800003c0	004b4183	lbu	x3,4(x22)	 x22:0x80008d5b  x3=0x00000000 PA:0x80008d5f
        2535000	       252	800003c4	00506933	or	x18,x0,x5	  x0:0x00000000  x5:0x00000000 x18=0x00000000
        2545000	       253	800003c8	004b4a83	lbu	x21,4(x22)	 x22:0x80008d5b x21=0x00000000 PA:0x80008d5f
        2555000	       254	800003cc	011b0223	sb	x17,4(x22)	 x22:0x80008d5b x17:0x00000085 PA:0x80008d5f
        2565000	       255	800003d0	ff8b0e03	lb	x28,-8(x22)	 x22:0x80008d5b x28=0x00000000 PA:0x80008d53
        2575000	       256	800003d4	00cb4403	lbu	x8,12(x22)	 x22:0x80008d5b  x8=0x00000000 PA:0x80008d67
        2585000	       257	800003d8	007b1183	lh	x3,7(x22)	 x22:0x80008d5b  x3=0x00000000 PA:0x80008d62
        2595000	       258	800003dc	002a5393	srli	x7,x20,0x2	 x20:0x00000000  x7=0x00000000
        2605000	       259	800003e0	fffb5903	lhu	x18,-1(x22)	 x22:0x80008d5b x18=0x00000000 PA:0x80008d5a
        2615000	       260	800003e4	ff9b4e83	lbu	x29,-7(x22)	 x22:0x80008d5b x29=0x00000000 PA:0x80008d54
        2625000	       261	800003e8	005b0f03	lb	x30,5(x22)	 x22:0x80008d5b x30=0x00000000 PA:0x80008d60
        2635000	       262	800003ec	00000013	addi	x0,x0,0	  x0:0x00000000
        2645000	       263	800003f0	01db22a3	sw	x29,5(x22)	 x22:0x80008d5b x29:0x00000000 PA:0x80008d60
        2655000	       264	800003f4	00009817	auipc	x16,0x9	 x16=0x800093f0
        2665000	       265	800003f8	a5180813	addi	x16,x16,-1455	 x16:0x800093f0 x16=0x80008e41
        2675000	       266	800003fc	f9780683	lb	x13,-105(x16)	 x16:0x80008e41 x13=0x00000000 PA:0x80008dd8
        2685000	       267	80000400	413701b3	sub	x3,x14,x19	 x14:0x00000000 x19:0x80008607  x3=0x7fff79f9
        2695000	       268	80000404	f9784083	lbu	x1,-105(x16)	 x16:0x80008e41  x1=0x00000000 PA:0x80008dd8
        2705000	       269	80000408	feb81fa3	sh	x11,-1(x16)	 x16:0x80008e41 x11:0xf00013f8 PA:0x80008e40
        2715000	       270	8000040c	fff84483	lbu	x9,-1(x16)	 x16:0x80008e41  x9=0x000000f8 PA:0x80008e40
        2725000	       271	80000410	f2680923	sb	x6,-206(x16)	 x16:0x80008e41  x6:0x00000000 PA:0x80008d73
        2735000	       272	80000414	f8984403	lbu	x8,-119(x16)	 x16:0x80008e41  x8=0x00000000 PA:0x80008dca
        2745000	       273	80000418	0f382003	lw	x0,243(x16)	 x16:0x80008e41 PA:0x80008f34
        2755000	       274	8000041c	f0d80723	sb	x13,-242(x16)	 x16:0x80008e41 x13:0x00000000 PA:0x80008d4f
        2765000	       275	80000420	f0e80503	lb	x10,-242(x16)	 x16:0x80008e41 x10=0x00000000 PA:0x80008d4f
        2775000	       276	80000424	0f4829a3	sw	x20,243(x16)	 x16:0x80008e41 x20:0x00000000 PA:0x80008f34
        2785000	       277	80000428	fec84203	lbu	x4,-20(x16)	 x16:0x80008e41  x4=0x00000000 PA:0x80008e2d
        2795000	       278	8000042c	fec84e03	lbu	x28,-20(x16)	 x16:0x80008e41 x28=0x00000000 PA:0x80008e2d
        2805000	       279	80000430	03584403	lbu	x8,53(x16)	 x16:0x80008e41  x8=0x00000000 PA:0x80008e76
        2815000	       280	80000434	00008697	auipc	x13,0x8	 x13=0x80008430
        2825000	       281	80000438	4a268693	addi	x13,x13,1186	 x13:0x80008430 x13=0x800088d2
        2835000	       282	8000043c	03269203	lh	x4,50(x13)	 x13:0x800088d2  x4=0x00000000 PA:0x80008904
        2845000	       283	80000440	00008597	auipc	x11,0x8	 x11=0x8000843c
        2855000	       284	80000444	51158593	addi	x11,x11,1297	 x11:0x8000843c x11=0x8000894d
        2865000	       285	80000448	0bf5ab03	lw	x22,191(x11)	 x11:0x8000894d x22=0x00000000 PA:0x80008a0c
        2875000	       286	8000044c	0135d383	lhu	x7,19(x11)	 x11:0x8000894d  x7=0x00000000 PA:0x80008960
        2885000	       287	80000450	0c158023	sb	x1,192(x11)	 x11:0x8000894d  x1:0x00000000 PA:0x80008a0d
        2895000	       288	80000454	02668f23	sb	x6,62(x13)	 x13:0x800088d2  x6:0x00000000 PA:0x80008910
        2905000	       289	80000458	ff158623	sb	x17,-20(x11)	 x11:0x8000894d x17:0x00000085 PA:0x80008939
        2915000	       290	8000045c	08759e83	lh	x29,135(x11)	 x11:0x8000894d x29=0x00000000 PA:0x800089d4
        2925000	       291	80000460	03469103	lh	x2,52(x13)	 x13:0x800088d2  x2=0x00000000 PA:0x80008906
        2935000	       292	80000464	f7058a03	lb	x20,-144(x11)	 x11:0x8000894d x20=0x00000000 PA:0x800088bd
        2945000	       293	80000468	fc269c23	sh	x2,-40(x13)	 x13:0x800088d2  x2:0x00000000 PA:0x800088aa
        2955000	       294	8000046c	fe869023	sh	x8,-32(x13)	 x13:0x800088d2  x8:0x00000000 PA:0x800088b2
        2965000	       295	80000470	f775a303	lw	x6,-137(x11)	 x11:0x8000894d  x6=0x00000000 PA:0x800088c4
        2975000	       296	80000474	03268923	sb	x18,50(x13)	 x13:0x800088d2 x18:0x00000000 PA:0x80008904
        2985000	       297	80000478	ff758ea3	sb	x23,-3(x11)	 x11:0x8000894d x23:0x80009f84 PA:0x8000894a
        2995000	       298	8000047c	fd458003	lb	x0,-44(x11)	 x11:0x8000894d PA:0x80008921
        3005000	       299	80000480	f115a9a3	sw	x17,-237(x11)	 x11:0x8000894d x17:0x00000085 PA:0x80008860
        3015000	       300	80000484	00008d17	auipc	x26,0x8	 x26=0x80008480
        3025000	       301	80000488	e76d0d13	addi	x26,x26,-394	 x26:0x80008480 x26=0x800082f6
        3035000	       302	8000048c	40768f33	sub	x30,x13,x7	 x13:0x800088d2  x7:0x00000000 x30=0x800088d2
        3045000	       303	80000490	febd0523	sb	x11,-22(x26)	 x26:0x800082f6 x11:0x8000894d PA:0x800082e0
        3055000	       304	80000494	407b5513	srai	x10,x22,0x7	 x22:0x00000000 x10=0x00000000
        3065000	       305	80000498	038d1383	lh	x7,56(x26)	 x26:0x800082f6  x7=0x00000000 PA:0x8000832e
        3075000	       306	8000049c	fe1d1623	sh	x1,-20(x26)	 x26:0x800082f6  x1:0x00000000 PA:0x800082e2
        3085000	       307	800004a0	017675b3	and	x11,x12,x23	 x12:0x00000000 x23:0x80009f84 x11=0x00000000
        3095000	       308	800004a4	011e9933	sll	x18,x29,x17	 x29:0x00000000 x17:0x00000085 x18=0x00000000
        3105000	       309	800004a8	007f9b13	slli	x22,x31,0x7	 x31:0x00000000 x22=0x00000000
        3115000	       310	800004ac	fc9d4383	lbu	x7,-55(x26)	 x26:0x800082f6  x7=0x00000000 PA:0x800082bf
        3125000	       311	800004b0	014061b3	or	x3,x0,x20	  x0:0x00000000 x20:0x00000000  x3=0x00000000
        3135000	       312	800004b4	00694233	xor	x4,x18,x6	 x18:0x00000000  x6:0x00000000  x4=0x00000000
        3145000	       313	800004b8	5e78f593	andi	x11,x17,1511	 x17:0x00000085 x11=0x00000085
        3155000	       314	800004bc	01fd6a33	or	x20,x26,x31	 x26:0x800082f6 x31:0x00000000 x20=0x800082f6
        3165000	       315	800004c0	0189a133	slt	x2,x19,x24	 x19:0x80008607 x24:0x00000000  x2=0x00000001
        3175000	       316	800004c4	42027a13	andi	x20,x4,1056	  x4:0x00000000 x20=0x00000000
        3185000	       317	800004c8	ff7d4f83	lbu	x31,-9(x26)	 x26:0x800082f6 x31=0x00000000 PA:0x800082ed
        3195000	       318	800004cc	8889ea97	auipc	x21,0x8889e	 x21=0x0889e4c8
        3205000	       319	800004d0	007ecfb3	xor	x31,x29,x7	 x29:0x00000000  x7:0x00000000 x31=0x00000000
        3215000	       320	800004d4	bb84a913	slti	x18,x9,-1096	  x9:0x000000f8 x18=0x00000000
        3225000	       321	800004d8	fe7d0503	lb	x10,-25(x26)	 x26:0x800082f6 x10=0x00000000 PA:0x800082dd
        3235000	       322	800004dc	fc7d4c03	lbu	x24,-57(x26)	 x26:0x800082f6 x24=0x00000000 PA:0x800082bd
        3245000	       323	800004e0	ffad5a03	lhu	x20,-6(x26)	 x26:0x800082f6 x20=0x00000000 PA:0x800082f0
        3255000	       324	800004e4	4919aa93	slti	x21,x19,1169	 x19:0x80008607 x21=0x00000001
        3265000	       325	800004e8	01725293	srli	x5,x4,0x17	  x4:0x00000000  x5=0x00000000
        3275000	       326	800004ec	1daffc13	andi	x24,x31,474	 x31:0x00000000 x24=0x00000000
        3285000	       327	800004f0	018d1803	lh	x16,24(x26)	 x26:0x800082f6 x16=0x00000000 PA:0x8000830e
        3295000	       328	800004f4	fe0d1403	lh	x8,-32(x26)	 x26:0x800082f6  x8=0x00000000 PA:0x800082d6
        3305000	       329	800004f8	5643a913	slti	x18,x7,1380	  x7:0x00000000 x18=0x00000001
        3315000	       330	800004fc	00339713	slli	x14,x7,0x3	  x7:0x00000000 x14=0x00000000
        3325000	       331	80000500	05d1b613	sltiu	x12,x3,93	  x3:0x00000000 x12=0x00000001
        3335000	       332	80000504	ff5d1623	sh	x21,-20(x26)	 x26:0x800082f6 x21:0x00000001 PA:0x800082e2
        3345000	       333	80000508	41118eb3	sub	x29,x3,x17	  x3:0x00000000 x17:0x00000085 x29=0xffffff7b
        3355000	       334	8000050c	96c63313	sltiu	x6,x12,-1684	 x12:0x00000001  x6=0x00000001
        3365000	       335	80000510	0e6af063	bgeu	x21,x6,800005f0	 x21:0x00000001  x6:0x00000001
        3375000	       336	00000000	00000013	addi	x0,x0,0	  x0:0x00000000
        3385000	       337	800005ec	00000013	addi	x0,x0,0	  x0:0x00000000
        3395000	       338	800005f0	00000013	addi	x0,x0,0	  x0:0x00000000
        3405000	       339	800005f4	013756b3	srl	x13,x14,x19	 x14:0x00000000 x19:0x80008607 x13=0x00000000
        3415000	       340	800005f8	40a45f13	srai	x30,x8,0xa	  x8:0x00000000 x30=0x00000000
        3425000	       341	800005fc	c153b593	sltiu	x11,x7,-1003	  x7:0x00000000 x11=0x00000001
        3435000	       342	80000600	809cb693	sltiu	x13,x25,-2039	 x25:0x80009fc4 x13=0x00000001
        3445000	       343	80000604	41ffd713	srai	x14,x31,0x1f	 x31:0x00000000 x14=0x00000000
        3455000	       344	80000608	05e6f263	bgeu	x13,x30,8000064c	 x13:0x00000001 x30:0x00000000
        3465000	       345	00000000	00000013	addi	x0,x0,0	  x0:0x00000000
        3475000	       346	80000648	00000013	addi	x0,x0,0	  x0:0x00000000
        3485000	       347	8000064c	015b93b3	sll	x7,x23,x21	 x23:0x80009f84 x21:0x00000001  x7=0x00013f08
        3495000	       348	80000650	01029e93	slli	x29,x5,0x10	  x5:0x00000000 x29=0x00000000
        3505000	       349	80000654	41a1d793	srai	x15,x3,0x1a	  x3:0x00000000 x15=0x00000000
        3515000	       350	80000658	02a37263	bgeu	x6,x10,8000067c	  x6:0x00000001 x10:0x00000000
        3525000	       351	00000000	00000013	addi	x0,x0,0	  x0:0x00000000
        3535000	       352	80000678	00000013	addi	x0,x0,0	  x0:0x00000000
        3545000	       353	8000067c	00261813	slli	x16,x12,0x2	 x12:0x00000001 x16=0x00000004
        3555000	       354	80000680	05a10263	beq	x2,x26,800006c4	  x2:0x00000001 x26:0x800082f6
        3565000	       355	80000684	028d6e63	bltu	x26,x8,800006c0	 x26:0x800082f6  x8:0x00000000
        3575000	       356	80000688	007b1c63	bne	x22,x7,800006a0	 x22:0x00000000  x7:0x00013f08
        3585000	       357	00000000	00000013	addi	x0,x0,0	  x0:0x00000000
        3595000	       358	8000069c	00000013	addi	x0,x0,0	  x0:0x00000000
        3605000	       359	800006a0	00f95793	srli	x15,x18,0xf	 x18:0x00000001 x15=0x00000000
        3615000	       360	800006a4	6190b413	sltiu	x8,x1,1561	  x1:0x00000000  x8=0x00000001
        3625000	       361	800006a8	00994633	xor	x12,x18,x9	 x18:0x00000001  x9:0x000000f8 x12=0x000000f9
        3635000	       362	800006ac	00b24eb3	xor	x29,x4,x11	  x4:0x00000000 x11:0x00000001 x29=0x00000001
        3645000	       363	800006b0	01f51f13	slli	x30,x10,0x1f	 x10:0x00000000 x30=0x00000000
        3655000	       364	800006b4	102b6913	ori	x18,x22,258	 x22:0x00000000 x18=0x00000102
        3665000	       365	800006b8	019d7f33	and	x30,x26,x25	 x26:0x800082f6 x25:0x80009fc4 x30=0x800082c4
        3675000	       366	800006bc	00b59013	slli	x0,x11,0xb	 x11:0x00000001
        3685000	       367	800006c0	001c7233	and	x4,x24,x1	 x24:0x00000000  x1:0x00000000  x4=0x00000000
        3695000	       368	800006c4	05d1e663	bltu	x3,x29,80000710	  x3:0x00000000 x29:0x00000001
        3705000	       369	00000000	00000013	addi	x0,x0,0	  x0:0x00000000
        3715000	       370	8000070c	00000013	addi	x0,x0,0	  x0:0x00000000
        3725000	       371	80000710	018617b3	sll	x15,x12,x24	 x12:0x000000f9 x24:0x00000000 x15=0x000000f9
        3735000	       372	80000714	02cb8393	addi	x7,x23,44	 x23:0x80009f84  x7=0x80009fb0
        3745000	       373	80000718	02844663	blt	x8,x8,80000744	  x8:0x00000001  x8:0x00000001
        3755000	       374	8000071c	3fc57037	lui	x0,0x3fc57	
        3765000	       375	80000720	01fcb4b3	sltu	x9,x25,x31	 x25:0x80009fc4 x31:0x00000000  x9=0x00000000
        3775000	       376	80000724	413fda13	srai	x20,x31,0x13	 x31:0x00000000 x20=0x00000000
        3785000	       377	80000728	ece2b013	sltiu	x0,x5,-306	  x5:0x00000000
        3795000	       378	8000072c	c70f8113	addi	x2,x31,-912	 x31:0x00000000  x2=0xfffffc70
        3805000	       379	80000730	01f06863	bltu	x0,x31,80000740	  x0:0x00000000 x31:0x00000000
        3815000	       380	80000734	041ef063	bgeu	x29,x1,80000774	 x29:0x00000001  x1:0x00000000
        3825000	       381	00000000	00000013	addi	x0,x0,0	  x0:0x00000000
        3835000	       382	80000770	00000013	addi	x0,x0,0	  x0:0x00000000
        3845000	       383	80000774	010186b3	add	x13,x3,x16	  x3:0x00000000 x16:0x00000004 x13=0x00000004
        3855000	       384	80000778	01037733	and	x14,x6,x16	  x6:0x00000001 x16:0x00000004 x14=0x00000000
        3865000	       385	8000077c	01112ab3	slt	x21,x2,x17	  x2:0xfffffc70 x17:0x00000085 x21=0x00000001
        3875000	       386	80000780	01d482b3	add	x5,x9,x29	  x9:0x00000000 x29:0x00000001  x5=0x00000001
        3885000	       387	80000784	014712b3	sll	x5,x14,x20	 x14:0x00000000 x20:0x00000000  x5=0x00000000
        3895000	       388	80000788	40d65593	srai	x11,x12,0xd	 x12:0x000000f9 x11=0x00000000
        3905000	       389	8000078c	00b2b633	sltu	x12,x5,x11	  x5:0x00000000 x11:0x00000000 x12=0x00000000
        3915000	       390	80000790	9b22f0b7	lui	x1,0x9b22f	  x1=0x9b22f000
        3925000	       391	80000794	d7b7e593	ori	x11,x15,-645	 x15:0x000000f9 x11=0xfffffdfb
        3935000	       392	80000798	e3d8e013	ori	x0,x17,-451	 x17:0x00000085
        3945000	       393	8000079c	00007863	bgeu	x0,x0,800007ac	  x0:0x00000000  x0:0x00000000
        3955000	       394	00000000	00000013	addi	x0,x0,0	  x0:0x00000000
        3965000	       395	800007a8	00000013	addi	x0,x0,0	  x0:0x00000000
        3975000	       396	800007ac	6f5a3293	sltiu	x5,x20,1781	 x20:0x00000000  x5=0x00000001
        3985000	       397	800007b0	00a2c4b3	xor	x9,x5,x10	  x5:0x00000001 x10:0x00000000  x9=0x00000001
        3995000	       398	800007b4	040d8663	beq	x27,x0,80000800	 x27:0x0000000e  x0:0x00000000
        4005000	       399	800007b8	ee7e7eb7	lui	x29,0xee7e7	 x29=0xee7e7000
        4015000	       400	800007bc	00973333	sltu	x6,x14,x9	 x14:0x00000000  x9:0x00000001  x6=0x00000001
        4025000	       401	800007c0	41246a13	ori	x20,x8,1042	  x8:0x00000001 x20=0x00000413
        4035000	       402	800007c4	28624e93	xori	x29,x4,646	  x4:0x00000000 x29=0x00000286
        4045000	       403	800007c8	0176a733	slt	x14,x13,x23	 x13:0x00000004 x23:0x80009f84 x14=0x00000000
        4055000	       404	800007cc	03c10063	beq	x2,x28,800007ec	  x2:0xfffffc70 x28:0x00000000
        4065000	       405	800007d0	00c775b3	and	x11,x14,x12	 x14:0x00000000 x12:0x00000000 x11=0x00000000
        4075000	       406	800007d4	00255a33	srl	x20,x10,x2	 x10:0x00000000  x2:0xfffffc70 x20=0x00000000
        4085000	       407	800007d8	036f7263	bgeu	x30,x22,800007fc	 x30:0x800082c4 x22:0x00000000
        4095000	       408	00000000	00000013	addi	x0,x0,0	  x0:0x00000000
        4105000	       409	800007f8	00000013	addi	x0,x0,0	  x0:0x00000000
        4115000	       410	800007fc	005ada13	srli	x20,x21,0x5	 x21:0x00000001 x20=0x00000000
        4125000	       411	80000800	43a51017	auipc	x0,0x43a51	
        4135000	       412	80000804	86b9d3b7	lui	x7,0x86b9d	  x7=0x86b9d000
        4145000	       413	80000808	abdda193	slti	x3,x27,-1347	 x27:0x0000000e  x3=0x00000000
        4155000	       414	8000080c	00000f97	auipc	x31,0x0	 x31=0x80000808
        4165000	       415	80000810	3d8f8f93	addi	x31,x31,984	 x31:0x80000808 x31=0x80000be0
        4175000	       416	80000814	00000013	addi	x0,x0,0	  x0:0x00000000
        4185000	       417	80000818	f96f8f93	addi	x31,x31,-106	 x31:0x80000be0 x31=0x80000b76
        4195000	       418	8000081c	19d1a393	slti	x7,x3,413	  x3:0x00000000  x7=0x00000001
        4205000	       419	80000820	013b0663	beq	x22,x19,8000082c	 x22:0x00000000 x19:0x80008607
        4215000	       420	80000824	00bf3d33	sltu	x26,x30,x11	 x30:0x800082c4 x11:0x00000000 x26=0x00000000
        4225000	       421	80000828	012ac433	xor	x8,x21,x18	 x21:0x00000001 x18:0x00000102  x8=0x00000103
        4235000	       422	8000082c	06af80e7	jalr	x1,x31,106	 x31:0x80000b76  x1=0x8000082c
        4245000	       423	00000000	00000013	addi	x0,x0,0	  x0:0x00000000
        4255000	       424	80000be0	00000013	addi	x0,x0,0	  x0:0x00000000
        4265000	       425	80000be4	404ed917	auipc	x18,0x404ed	 x18=0xc04edbe0
        4275000	       426	80000be8	259bb213	sltiu	x4,x23,601	 x23:0x80009f84  x4=0x00000000
        4285000	       427	80000bec	006c8863	beq	x25,x6,80000bfc	 x25:0x80009fc4  x6:0x00000001
        4295000	       428	80000bf0	34270e93	addi	x29,x14,834	 x14:0x00000000 x29=0x00000342
        4305000	       429	80000bf4	000da233	slt	x4,x27,x0	 x27:0x0000000e  x0:0x00000000  x4=0x00000000
        4315000	       430	80000bf8	00879e13	slli	x28,x15,0x8	 x15:0x000000f9 x28=0x0000f900
        4325000	       431	80000bfc	fc8b8b93	addi	x23,x23,-56	 x23:0x80009f84 x23=0x80009f4c
        4335000	       432	80000c00	00256933	or	x18,x10,x2	 x10:0x00000000  x2:0xfffffc70 x18=0xfffffc70
        4345000	       433	80000c04	001ba223	sw	x1,4(x23)	 x23:0x80009f4c  x1:0x8000082c PA:0x80009f50
        4355000	       434	80000c08	0137d6b3	srl	x13,x15,x19	 x15:0x000000f9 x19:0x80008607 x13=0x00000001
        4365000	       435	80000c0c	01b2fc33	and	x24,x5,x27	  x5:0x00000001 x27:0x0000000e x24=0x00000000
        4375000	       436	80000c10	41258633	sub	x12,x11,x18	 x11:0x00000000 x18:0xfffffc70 x12=0x00000390
        4385000	       437	80000c14	654cf693	andi	x13,x25,1620	 x25:0x80009fc4 x13=0x00000644
        4395000	       438	80000c18	009bbeb3	sltu	x29,x23,x9	 x23:0x80009f4c  x9:0x00000001 x29=0x00000000
        4405000	       439	80000c1c	01cbe2b3	or	x5,x23,x28	 x23:0x80009f4c x28:0x0000f900  x5=0x8000ff4c
        4415000	       440	80000c20	40acd413	srai	x8,x25,0xa	 x25:0x80009fc4  x8=0xffe00027
        4425000	       441	80000c24	00199d13	slli	x26,x19,0x1	 x19:0x80008607 x26=0x00010c0e
        4435000	       442	80000c28	84240193	addi	x3,x8,-1982	  x8:0xffe00027  x3=0xffdff869
        4445000	       443	80000c2c	721bbc37	lui	x24,0x721bb	 x24=0x721bb000
        4455000	       444	80000c30	345000ef	jal	x1,80000c30	  x1=0x80000c30
        4465000	       445	00000000	00000013	addi	x0,x0,0	  x0:0x00000000
        4475000	       446	80001770	00000013	addi	x0,x0,0	  x0:0x00000000
        4485000	       447	80001774	97243993	sltiu	x19,x8,-1678	  x8:0xffe00027 x19=0x00000001
        4495000	       448	80001778	00000013	addi	x0,x0,0	  x0:0x00000000
        4505000	       449	8000177c	ff8b8b93	addi	x23,x23,-8	 x23:0x80009f4c x23=0x80009f44
        4515000	       450	80001780	0145b633	sltu	x12,x11,x20	 x11:0x00000000 x20:0x00000000 x12=0x00000000
        4525000	       451	80001784	0005d733	srl	x14,x11,x0	 x11:0x00000000  x0:0x00000000 x14=0x00000000
        4535000	       452	80001788	0169f833	and	x16,x19,x22	 x19:0x00000001 x22:0x00000000 x16=0x00000000
        4545000	       453	8000178c	9e110413	addi	x8,x2,-1567	  x2:0xfffffc70  x8=0xfffff651
        4555000	       454	80001790	15e82197	auipc	x3,0x15e82	  x3=0x95e8378c
        4565000	       455	80001794	ea632b13	slti	x22,x6,-346	  x6:0x00000001 x22=0x00000000
        4575000	       456	80001798	001ba223	sw	x1,4(x23)	 x23:0x80009f44  x1:0x80000c30 PA:0x80009f48
        4585000	       457	8000179c	41cddb13	srai	x22,x27,0x1c	 x27:0x0000000e x22=0x00000000
        4595000	       458	800017a0	c435ef93	ori	x31,x11,-957	 x11:0x00000000 x31=0xfffffc43
        4605000	       459	800017a4	00007c17	auipc	x24,0x7	 x24=0x800087a0
        4615000	       460	800017a8	0d8c0c13	addi	x24,x24,216	 x24:0x800087a0 x24=0x80008878
        4625000	       461	800017ac	0edc1123	sh	x13,226(x24)	 x24:0x80008878 x13:0x00000644 PA:0x8000895a
        4635000	       462	800017b0	b6f96893	ori	x17,x18,-1169	 x18:0xfffffc70 x17=0xffffff7f
        4645000	       463	800017b4	06cc0ba3	sb	x12,119(x24)	 x24:0x80008878 x12:0x00000000 PA:0x800088ef
        4655000	       464	800017b8	077c4d03	lbu	x26,119(x24)	 x24:0x80008878 x26=0x00000000 PA:0x800088ef
        4665000	       465	800017bc	077c4583	lbu	x11,119(x24)	 x24:0x80008878 x11=0x00000000 PA:0x800088ef
        4675000	       466	800017c0	077c0a83	lb	x21,119(x24)	 x24:0x80008878 x21=0x00000000 PA:0x800088ef
        4685000	       467	800017c4	0eac4983	lbu	x19,234(x24)	 x24:0x80008878 x19=0x00000000 PA:0x80008962
        4695000	       468	800017c8	0eac5983	lhu	x19,234(x24)	 x24:0x80008878 x19=0x00000000 PA:0x80008962
        4705000	       469	800017cc	000b4633	xor	x12,x22,x0	 x22:0x00000000  x0:0x00000000 x12=0x00000000
        4715000	       470	800017d0	0eac0503	lb	x10,234(x24)	 x24:0x80008878 x10=0x00000000 PA:0x80008962
        4725000	       471	00000000	00000013	addi	x0,x0,0	  x0:0x00000000
        4735000	       472	800017d4	0eac4503	lbu	x10,234(x24)	 x24:0x80008878 x10=0x00000000 PA:0x80008962
        4745000	       473	800017d8	0f6c1523	sh	x22,234(x24)	 x24:0x80008878 x22:0x00000000 PA:0x80008962
        4755000	       474	800017dc	0eac5803	lhu	x16,234(x24)	 x24:0x80008878 x16=0x00000000 PA:0x80008962
        4765000	       475	800017e0	0f6c0523	sb	x22,234(x24)	 x24:0x80008878 x22:0x00000000 PA:0x80008962
        4775000	       476	800017e4	ff5c0f83	lb	x31,-11(x24)	 x24:0x80008878 x31=0x00000000 PA:0x8000886d
        4785000	       477	800017e8	ff5c4e83	lbu	x29,-11(x24)	 x24:0x80008878 x29=0x00000000 PA:0x8000886d
        4795000	       478	800017ec	fffc0aa3	sb	x31,-11(x24)	 x24:0x80008878 x31:0x00000000 PA:0x8000886d
        4805000	       479	800017f0	00007117	auipc	x2,0x7	  x2=0x800087ec
        4815000	       480	800017f4	19310113	addi	x2,x2,403	  x2:0x800087ec  x2=0x8000897f
        4825000	       481	800017f8	00007997	auipc	x19,0x7	 x19=0x800087f4
        4835000	       482	800017fc	28b98993	addi	x19,x19,651	 x19:0x800087f4 x19=0x80008a7f
        4845000	       483	80001800	00007617	auipc	x12,0x7	 x12=0x800087fc
        4855000	       484	80001804	34860613	addi	x12,x12,840	 x12:0x800087fc x12=0x80008b44
        4865000	       485	80001808	fd498403	lb	x8,-44(x19)	 x19:0x80008a7f  x8=0x00000000 PA:0x80008a53
        4875000	       486	8000180c	047603a3	sb	x7,71(x12)	 x12:0x80008b44  x7:0x00000001 PA:0x80008b8b
        4885000	       487	80001810	0c79ca03	lbu	x20,199(x19)	 x19:0x80008a7f x20=0x00000000 PA:0x80008b46
        4895000	       488	80001814	f319a183	lw	x3,-207(x19)	 x19:0x80008a7f  x3=0x00000000 PA:0x800089b0
        4905000	       489	80001818	00007297	auipc	x5,0x7	  x5=0x80008814
        4915000	       490	8000181c	4c528293	addi	x5,x5,1221	  x5:0x80008814  x5=0x80008cd9
        4925000	       491	80001820	fe364a03	lbu	x20,-29(x12)	 x12:0x80008b44 x20=0x00000000 PA:0x80008b27
        4935000	       492	80001824	ff214883	lbu	x17,-14(x2)	  x2:0x8000897f x17=0x00000000 PA:0x80008971
        4945000	       493	80001828	fcb29683	lh	x13,-53(x5)	  x5:0x80008cd9 x13=0x00000000 PA:0x80008ca4
        4955000	       494	8000182c	ffe98d03	lb	x26,-2(x19)	 x19:0x80008a7f x26=0x00000000 PA:0x80008a7d
        4965000	       495	80001830	09764383	lbu	x7,151(x12)	 x12:0x80008b44  x7=0x00000000 PA:0x80008bdb
        4975000	       496	80001834	f1164203	lbu	x4,-239(x12)	 x12:0x80008b44  x4=0x00000000 PA:0x80008a55
        4985000	       497	80001838	00f2df03	lhu	x30,15(x5)	  x5:0x80008cd9 x30=0x00000000 PA:0x80008ce8
        4995000	       498	8000183c	f4a98a83	lb	x21,-182(x19)	 x19:0x80008a7f x21=0x00000000 PA:0x800089c9
        5005000	       499	80001840	ffb286a3	sb	x27,-19(x5)	  x5:0x80008cd9 x27:0x0000000e PA:0x80008cc6
        5015000	       500	80001844	f6260a83	lb	x21,-158(x12)	 x12:0x80008b44 x21=0x00000000 PA:0x80008aa6
        5025000	       501	80001848	01c124a3	sw	x28,9(x2)	  x2:0x8000897f x28:0x0000f900 PA:0x80008988
        5035000	       502	8000184c	0b29c183	lbu	x3,178(x19)	 x19:0x80008a7f  x3=0x00000000 PA:0x80008b31
        5045000	       503	80001850	00e98a03	lb	x20,14(x19)	 x19:0x80008a7f x20=0x00000000 PA:0x80008a8d
        5055000	       504	80001854	fd92d003	lhu	x0,-39(x5)	  x5:0x80008cd9 PA:0x80008cb2
        5065000	       505	80001858	01698a83	lb	x21,22(x19)	 x19:0x80008a7f x21=0x00000000 PA:0x80008a95
        5075000	       506	8000185c	01a28f83	lb	x31,26(x5)	  x5:0x80008cd9 x31=0x00000000 PA:0x80008cf3
        5085000	       507	80001860	0bb64e03	lbu	x28,187(x12)	 x12:0x80008b44 x28=0x00000000 PA:0x80008bff
        5095000	       508	80001864	00414583	lbu	x11,4(x2)	  x2:0x8000897f x11=0x00000000 PA:0x80008983
        5105000	       509	80001868	fd661583	lh	x11,-42(x12)	 x12:0x80008b44 x11=0x00000000 PA:0x80008b1a
        5115000	       510	8000186c	fce2c083	lbu	x1,-50(x5)	  x5:0x80008cd9  x1=0x00000000 PA:0x80008ca7
        5125000	       511	80001870	f0b60b03	lb	x22,-245(x12)	 x12:0x80008b44 x22=0x00000000 PA:0x80008a4f
        5135000	       512	80001874	fe611ca3	sh	x6,-7(x2)	  x2:0x8000897f  x6:0x00000001 PA:0x80008978
        5145000	       513	80001878	0072c583	lbu	x11,7(x5)	  x5:0x80008cd9 x11=0x00000000 PA:0x80008ce0
        5155000	       514	8000187c	0d462a83	lw	x21,212(x12)	 x12:0x80008b44 x21=0x70000000 PA:0x80008c18
        5165000	       515	00000000	00000013	addi	x0,x0,0	  x0:0x00000000
        5175000	       516	80001880	015117a3	sh	x21,15(x2)	  x2:0x8000897f x21:0x70000000 PA:0x8000898e
        5185000	       517	80001884	ff999a03	lh	x20,-7(x19)	 x19:0x80008a7f x20=0x00000000 PA:0x80008a78
        5195000	       518	80001888	01b2a203	lw	x4,27(x5)	  x5:0x80008cd9  x4=0x00000000 PA:0x80008cf4
        5205000	       519	8000188c	fae60ba3	sb	x14,-73(x12)	 x12:0x80008b44 x14:0x00000000 PA:0x80008afb
        5215000	       520	80001890	00c98503	lb	x10,12(x19)	 x19:0x80008a7f x10=0x00000000 PA:0x80008a8b
        5225000	       521	80001894	006122a3	sw	x6,5(x2)	  x2:0x8000897f  x6:0x00000001 PA:0x80008984
        5235000	       522	80001898	00007f97	auipc	x31,0x7	 x31=0x80008894
        5245000	       523	8000189c	220f8f93	addi	x31,x31,544	 x31:0x80008894 x31=0x80008ab4
        5255000	       524	800018a0	00007217	auipc	x4,0x7	  x4=0x8000889c
        5265000	       525	800018a4	3c120213	addi	x4,x4,961	  x4:0x8000889c  x4=0x80008c5d
        5275000	       526	800018a8	45ef8e23	sb	x30,1116(x31)	 x31:0x80008ab4 x30:0x00000000 PA:0x80008f10
        5285000	       527	800018ac	dddfc603	lbu	x12,-547(x31)	 x31:0x80008ab4 x12=0x00000000 PA:0x80008891
        5295000	       528	800018b0	da0fce03	lbu	x28,-608(x31)	 x31:0x80008ab4 x28=0x00000000 PA:0x80008854
        5305000	       529	800018b4	e2af9e83	lh	x29,-470(x31)	 x31:0x80008ab4 x29=0x00000000 PA:0x800088de
        5315000	       530	800018b8	ffa20503	lb	x10,-6(x4)	  x4:0x80008c5d x10=0x00000000 PA:0x80008c57
        5325000	       531	800018bc	00121c03	lh	x24,1(x4)	  x4:0x80008c5d x24=0x00000000 PA:0x80008c5e
        5335000	       532	800018c0	ff921703	lh	x14,-7(x4)	  x4:0x80008c5d x14=0x00000000 PA:0x80008c56
        5345000	       533	800018c4	4b8f9403	lh	x8,1208(x31)	 x31:0x80008ab4  x8=0x00000000 PA:0x80008f6c
        5355000	       534	800018c8	e7ef8123	sb	x30,-414(x31)	 x31:0x80008ab4 x30:0x00000000 PA:0x80008916
        5365000	       535	800018cc	00d21d03	lh	x26,13(x4)	  x4:0x80008c5d x26=0x00000000 PA:0x80008c6a
        5375000	       536	800018d0	01720823	sb	x23,16(x4)	  x4:0x80008c5d x23:0x80009f44 PA:0x80008c6d
        5385000	       537	800018d4	dc3f9a23	sh	x3,-556(x31)	 x31:0x80008ab4  x3:0x00000000 PA:0x80008888
        5395000	       538	800018d8	ff721683	lh	x13,-9(x4)	  x4:0x80008c5d x13=0x00000000 PA:0x80008c54
        5405000	       539	800018dc	fff20b03	lb	x22,-1(x4)	  x4:0x80008c5d x22=0x00000000 PA:0x80008c5c
        5415000	       540	800018e0	d6ffcb03	lbu	x22,-657(x31)	 x31:0x80008ab4 x22=0x00000000 PA:0x80008823
        5425000	       541	800018e4	3eff8403	lb	x8,1007(x31)	 x31:0x80008ab4  x8=0x00000000 PA:0x80008ea3
        5435000	       542	800018e8	00e20083	lb	x1,14(x4)	  x4:0x80008c5d  x1=0x00000000 PA:0x80008c6b
        5445000	       543	800018ec	14cf9a83	lh	x21,332(x31)	 x31:0x80008ab4 x21=0x00000000 PA:0x80008c00
        5455000	       544	800018f0	ff320ca3	sb	x19,-7(x4)	  x4:0x80008c5d x19:0x80008a7f PA:0x80008c56
        5465000	       545	800018f4	00007c17	auipc	x24,0x7	 x24=0x800088f0
        5475000	       546	800018f8	68ac0c13	addi	x24,x24,1674	 x24:0x800088f0 x24=0x80008f7a
        5485000	       547	800018fc	02dc0f23	sb	x13,62(x24)	 x24:0x80008f7a x13:0x00000000 PA:0x80008fb8
        5495000	       548	80001900	016e6f33	or	x30,x28,x22	 x28:0x00000000 x22:0x00000000 x30=0x00000000
        5505000	       549	80001904	f48c08a3	sb	x8,-175(x24)	 x24:0x80008f7a  x8:0x00000000 PA:0x80008ecb
        5515000	       550	80001908	738d6413	ori	x8,x26,1848	 x26:0x00000000  x8=0x00000738
        5525000	       551	8000190c	f23c07a3	sb	x3,-209(x24)	 x24:0x80008f7a  x3:0x00000000 PA:0x80008ea9
        5535000	       552	80001910	f24c0a03	lb	x20,-220(x24)	 x24:0x80008f7a x20=0x00000000 PA:0x80008e9e
        5545000	       553	80001914	01e342b3	xor	x5,x6,x30	  x6:0x00000001 x30:0x00000000  x5=0x00000001
        5555000	       554	80001918	7cd30613	addi	x12,x6,1997	  x6:0x00000001 x12=0x000007ce
        5565000	       555	8000191c	10713413	sltiu	x8,x2,263	  x2:0x8000897f  x8=0x00000000
        5575000	       556	80001920	f40c0aa3	sb	x0,-171(x24)	 x24:0x80008f7a  x0:0x00000000 PA:0x80008ecf
        5585000	       557	80001924	00000013	addi	x0,x0,0	  x0:0x00000000
        5595000	       558	80001928	011682b3	add	x5,x13,x17	 x13:0x00000000 x17:0x00000000  x5=0x00000000
        5605000	       559	8000192c	00788eb3	add	x29,x17,x7	 x17:0x00000000  x7:0x00000000 x29=0x00000000
        5615000	       560	80001930	017fe9b3	or	x19,x31,x23	 x31:0x80008ab4 x23:0x80009f44 x19=0x80009ff4
        5625000	       561	80001934	05fc4e83	lbu	x29,95(x24)	 x24:0x80008f7a x29=0x00000000 PA:0x80008fd9
        5635000	       562	80001938	ec02fa93	andi	x21,x5,-320	  x5:0x00000000 x21=0x00000000
        5645000	       563	8000193c	414ed3b3	sra	x7,x29,x20	 x29:0x00000000 x20:0x00000000  x7=0x00000000
        5655000	       564	80001940	3ffaba93	sltiu	x21,x21,1023	 x21:0x00000000 x21=0x00000001
        5665000	       565	80001944	0094d093	srli	x1,x9,0x9	  x9:0x00000001  x1=0x00000000
        5675000	       566	80001948	65380513	addi	x10,x16,1619	 x16:0x00000000 x10=0x00000653
        5685000	       567	8000194c	010a47b3	xor	x15,x20,x16	 x20:0x00000000 x16:0x00000000 x15=0x00000000
        5695000	       568	80001950	00a29f33	sll	x30,x5,x10	  x5:0x00000000 x10:0x00000653 x30=0x00000000
        5705000	       569	80001954	aa5c2a93	slti	x21,x24,-1371	 x24:0x80008f7a x21=0x00000001
        5715000	       570	80001958	ef015437	lui	x8,0xef015	  x8=0xef015000
        5725000	       571	8000195c	fd0c03a3	sb	x16,-57(x24)	 x24:0x80008f7a x16:0x00000000 PA:0x80008f41
        5735000	       572	80001960	f01c4503	lbu	x10,-255(x24)	 x24:0x80008f7a x10=0x00000000 PA:0x80008e7b
        5745000	       573	80001964	bc16e393	ori	x7,x13,-1087	 x13:0x00000000  x7=0xfffffbc1
        5755000	       574	80001968	597ae793	ori	x15,x21,1431	 x21:0x00000001 x15=0x00000597
        5765000	       575	8000196c	01ed44b3	xor	x9,x26,x30	 x26:0x00000000 x30:0x00000000  x9=0x00000000
        5775000	       576	80001970	038c09a3	sb	x24,51(x24)	 x24:0x80008f7a x24:0x80008f7a PA:0x80008fad
        5785000	       577	80001974	adcc0613	addi	x12,x24,-1316	 x24:0x80008f7a x12=0x80008a56
        5795000	       578	80001978	ff5c4603	lbu	x12,-11(x24)	 x24:0x80008f7a x12=0x00000000 PA:0x80008f6f
        5805000	       579	8000197c	409cd333	sra	x6,x25,x9	 x25:0x80009fc4  x9:0x00000000  x6=0x80009fc4
        5815000	       580	80001980	401b02b3	sub	x5,x22,x1	 x22:0x00000000  x1:0x00000000  x5=0x00000000
        5825000	       581	80001984	009c0183	lb	x3,9(x24)	 x24:0x80008f7a  x3=0x00000000 PA:0x80008f83
        5835000	       582	80001988	046c2523	sw	x6,74(x24)	 x24:0x80008f7a  x6:0x80009fc4 PA:0x80008fc4
        5845000	       583	8000198c	b1738e13	addi	x28,x7,-1257	  x7:0xfffffbc1 x28=0xfffff6d8
        5855000	       584	80001990	044c4e83	lbu	x29,68(x24)	 x24:0x80008f7a x29=0x00000000 PA:0x80008fbe
        5865000	       585	80001994	00007897	auipc	x17,0x7	 x17=0x80008990
        5875000	       586	80001998	20888893	addi	x17,x17,520	 x17:0x80008990 x17=0x80008b98
        5885000	       587	8000199c	00888683	lb	x13,8(x17)	 x17:0x80008b98 x13=0x00000000 PA:0x80008ba0
        5895000	       588	800019a0	018885a3	sb	x24,11(x17)	 x17:0x80008b98 x24:0x80008f7a PA:0x80008ba3
        5905000	       589	800019a4	001ed393	srli	x7,x29,0x1	 x29:0x00000000  x7=0x00000000
        5915000	       590	800019a8	00b88c03	lb	x24,11(x17)	 x17:0x80008b98 x24=0x0000007a PA:0x80008ba3
        5925000	       591	800019ac	fe53e993	ori	x19,x7,-27	  x7:0x00000000 x19=0xffffffe5
        5935000	       592	800019b0	00b88483	lb	x9,11(x17)	 x17:0x80008b98  x9=0x0000007a PA:0x80008ba3
        5945000	       593	800019b4	01b885a3	sb	x27,11(x17)	 x17:0x80008b98 x27:0x0000000e PA:0x80008ba3
        5955000	       594	800019b8	019885a3	sb	x25,11(x17)	 x17:0x80008b98 x25:0x80009fc4 PA:0x80008ba3
        5965000	       595	800019bc	00b88e03	lb	x28,11(x17)	 x17:0x80008b98 x28=0xffffffc4 PA:0x80008ba3
        5975000	       596	800019c0	002a6633	or	x12,x20,x2	 x20:0x00000000  x2:0x8000897f x12=0x8000897f
        5985000	       597	800019c4	01f885a3	sb	x31,11(x17)	 x17:0x80008b98 x31:0x80008ab4 PA:0x80008ba3
        5995000	       598	800019c8	01ef00b3	add	x1,x30,x30	 x30:0x00000000 x30:0x00000000  x1=0x00000000
        6005000	       599	800019cc	009885a3	sb	x9,11(x17)	 x17:0x80008b98  x9:0x0000007a PA:0x80008ba3
        6015000	       600	800019d0	83167f37	lui	x30,0x83167	 x30=0x83167000
        6025000	       601	800019d4	00b8c503	lbu	x10,11(x17)	 x17:0x80008b98 x10=0x0000007a PA:0x80008ba3
        6035000	       602	800019d8	015d17b3	sll	x15,x26,x21	 x26:0x00000000 x21:0x00000001 x15=0x00000000
        6045000	       603	800019dc	01b88123	sb	x27,2(x17)	 x17:0x80008b98 x27:0x0000000e PA:0x80008b9a
        6055000	       604	800019e0	ff289783	lh	x15,-14(x17)	 x17:0x80008b98 x15=0x00000100 PA:0x80008b8a
        6065000	       605	800019e4	ff288103	lb	x2,-14(x17)	 x17:0x80008b98  x2=0x00000000 PA:0x80008b8a
        6075000	       606	800019e8	d3696193	ori	x3,x18,-714	 x18:0xfffffc70  x3=0xfffffd76
        6085000	       607	800019ec	ff489983	lh	x19,-12(x17)	 x17:0x80008b98 x19=0x00000000 PA:0x80008b8c
        6095000	       608	800019f0	feb8aa23	sw	x11,-12(x17)	 x17:0x80008b98 x11:0x00000000 PA:0x80008b8c
        6105000	       609	800019f4	0442e463	bltu	x5,x4,80001a3c	  x5:0x00000000  x4:0x80008c5d
        6115000	       610	00000000	00000013	addi	x0,x0,0	  x0:0x00000000
        6125000	       611	80001a38	00000013	addi	x0,x0,0	  x0:0x00000000
        6135000	       612	80001a3c	41d80233	sub	x4,x16,x29	 x16:0x00000000 x29:0x00000000  x4=0x00000000
        6145000	       613	80001a40	0036da93	srli	x21,x13,0x3	 x13:0x00000000 x21=0x00000000
        6155000	       614	80001a44	00d220b3	slt	x1,x4,x13	  x4:0x00000000 x13:0x00000000  x1=0x00000000
        6165000	       615	80001a48	0083d033	srl	x0,x7,x8	  x7:0x00000000  x8:0xef015000
        6175000	       616	80001a4c	0266d263	bge	x13,x6,80001a70	 x13:0x00000000  x6:0x80009fc4
        6185000	       617	00000000	00000013	addi	x0,x0,0	  x0:0x00000000
        6195000	       618	80001a6c	00000013	addi	x0,x0,0	  x0:0x00000000
        6205000	       619	80001a70	ea284393	xori	x7,x16,-350	 x16:0x00000000  x7=0xfffffea2
        6215000	       620	80001a74	00000013	addi	x0,x0,0	  x0:0x00000000
        6225000	       621	80001a78	1300ee93	ori	x29,x1,304	  x1:0x00000000 x29=0x00000130
        6235000	       622	80001a7c	6147b437	lui	x8,0x6147b	  x8=0x6147b000
        6245000	       623	80001a80	003b8333	add	x6,x23,x3	 x23:0x80009f44  x3:0xfffffd76  x6=0x80009cba
        6255000	       624	80001a84	01349c63	bne	x9,x19,80001a9c	  x9:0x0000007a x19:0x00000000
        6265000	       625	00000000	00000013	addi	x0,x0,0	  x0:0x00000000
        6275000	       626	80001a98	00000013	addi	x0,x0,0	  x0:0x00000000
        6285000	       627	80001a9c	099e6d13	ori	x26,x28,153	 x28:0xffffffc4 x26=0xffffffdd
        6295000	       628	80001aa0	030a8063	beq	x21,x16,80001ac0	 x21:0x00000000 x16:0x00000000
        6305000	       629	00000000	00000013	addi	x0,x0,0	  x0:0x00000000
        6315000	       630	80001abc	00000013	addi	x0,x0,0	  x0:0x00000000
        6325000	       631	80001ac0	405d0c33	sub	x24,x26,x5	 x26:0xffffffdd  x5:0x00000000 x24=0xffffffdd
        6335000	       632	80001ac4	1b238c13	addi	x24,x7,434	  x7:0xfffffea2 x24=0x00000054
        6345000	       633	80001ac8	405f0433	sub	x8,x30,x5	 x30:0x83167000  x5:0x00000000  x8=0x83167000
        6355000	       634	80001acc	ebd94a93	xori	x21,x18,-323	 x18:0xfffffc70 x21=0x000002cd
        6365000	       635	80001ad0	00c34ab3	xor	x21,x6,x12	  x6:0x80009cba x12:0x8000897f x21=0x000015c5
        6375000	       636	80001ad4	01499a33	sll	x20,x19,x20	 x19:0x00000000 x20:0x00000000 x20=0x00000000
        6385000	       637	80001ad8	2ec61a17	auipc	x20,0x2ec61	 x20=0xaec62ad4
        6395000	       638	80001adc	0162a033	slt	x0,x5,x22	  x5:0x00000000 x22:0x00000000
        6405000	       639	80001ae0	a368be13	sltiu	x28,x17,-1482	 x17:0x80008b98 x28=0x00000001
        6415000	       640	80001ae4	006bf2b3	and	x5,x23,x6	 x23:0x80009f44  x6:0x80009cba  x5=0x80009c00
        6425000	       641	80001ae8	015b2ab3	slt	x21,x22,x21	 x22:0x00000000 x21:0x000015c5 x21=0x00000001
        6435000	       642	80001aec	00000013	addi	x0,x0,0	  x0:0x00000000
        6445000	       643	80001af0	0130bab3	sltu	x21,x1,x19	  x1:0x00000000 x19:0x00000000 x21=0x00000000
        6455000	       644	80001af4	410a81b3	sub	x3,x21,x16	 x21:0x00000000 x16:0x00000000  x3=0x00000000
        6465000	       645	80001af8	48dc8e13	addi	x28,x25,1165	 x25:0x80009fc4 x28=0x8000a451
        6475000	       646	80001afc	5e892a13	slti	x20,x18,1512	 x18:0xfffffc70 x20=0x00000001
        6485000	       647	80001b00	00920d33	add	x26,x4,x9	  x4:0x00000000  x9:0x0000007a x26=0x0000007a
        6495000	       648	80001b04	00092eb3	slt	x29,x18,x0	 x18:0xfffffc70  x0:0x00000000 x29=0x00000001
        6505000	       649	80001b08	00000013	addi	x0,x0,0	  x0:0x00000000
        6515000	       650	80001b0c	00e83fb3	sltu	x31,x16,x14	 x16:0x00000000 x14:0x00000000 x31=0x00000000
        6525000	       651	80001b10	414dd713	srai	x14,x27,0x14	 x27:0x0000000e x14=0x00000000
        6535000	       652	80001b14	00000013	addi	x0,x0,0	  x0:0x00000000
        6545000	       653	80001b18	7dcf3b13	sltiu	x22,x30,2012	 x30:0x83167000 x22=0x00000000
        6555000	       654	80001b1c	0094c533	xor	x10,x9,x9	  x9:0x0000007a  x9:0x0000007a x10=0x00000000
        6565000	       655	80001b20	7a375a37	lui	x20,0x7a375	 x20=0x7a375000
        6575000	       656	80001b24	04105263	bge	x0,x1,80001b68	  x0:0x00000000  x1:0x00000000
        6585000	       657	00000000	00000013	addi	x0,x0,0	  x0:0x00000000
        6595000	       658	80001b64	00000013	addi	x0,x0,0	  x0:0x00000000
        6605000	       659	80001b68	016df933	and	x18,x27,x22	 x27:0x0000000e x22:0x00000000 x18=0x00000000
        6615000	       660	80001b6c	001ca4b3	slt	x9,x25,x1	 x25:0x80009fc4  x1:0x00000000  x9=0x00000001
        6625000	       661	80001b70	01066833	or	x16,x12,x16	 x12:0x8000897f x16:0x00000000 x16=0x8000897f
        6635000	       662	80001b74	013edf13	srli	x30,x29,0x13	 x29:0x00000001 x30=0x00000000
        6645000	       663	80001b78	0088a9b3	slt	x19,x17,x8	 x17:0x80008b98  x8:0x83167000 x19=0x00000001
        6655000	       664	80001b7c	fc924013	xori	x0,x4,-55	  x4:0x00000000
        6665000	       665	80001b80	40bb0333	sub	x6,x22,x11	 x22:0x00000000 x11:0x00000000  x6=0x00000000
        6675000	       666	80001b84	4df02f13	slti	x30,x0,1247	  x0:0x00000000 x30=0x00000001
        6685000	       667	80001b88	016946b3	xor	x13,x18,x22	 x18:0x00000000 x22:0x00000000 x13=0x00000000
        6695000	       668	80001b8c	d9e1cc13	xori	x24,x3,-610	  x3:0x00000000 x24=0xfffffd9e
        6705000	       669	80001b90	01381a93	slli	x21,x16,0x13	 x16:0x8000897f x21=0x4bf80000
        6715000	       670	80001b94	bd1da213	slti	x4,x27,-1071	 x27:0x0000000e  x4=0x00000000
        6725000	       671	80001b98	67dabd13	sltiu	x26,x21,1661	 x21:0x4bf80000 x26=0x00000000
        6735000	       672	80001b9c	43894b13	xori	x22,x18,1080	 x18:0x00000000 x22=0x00000438
        6745000	       673	80001ba0	40af0c33	sub	x24,x30,x10	 x30:0x00000001 x10:0x00000000 x24=0x00000001
        6755000	       674	80001ba4	41d3d293	srai	x5,x7,0x1d	  x7:0xfffffea2  x5=0xffffffff
        6765000	       675	80001ba8	bec20f93	addi	x31,x4,-1044	  x4:0x00000000 x31=0xfffffbec
        6775000	       676	80001bac	6f534713	xori	x14,x6,1781	  x6:0x00000000 x14=0x000006f5
        6785000	       677	80001bb0	030b5263	bge	x22,x16,80001bd4	 x22:0x00000438 x16:0x8000897f
        6795000	       678	00000000	00000013	addi	x0,x0,0	  x0:0x00000000
        6805000	       679	80001bd0	00000013	addi	x0,x0,0	  x0:0x00000000
        6815000	       680	80001bd4	00000013	addi	x0,x0,0	  x0:0x00000000
        6825000	       681	80001bd8	05054063	blt	x10,x16,80001c18	 x10:0x00000000 x16:0x8000897f
        6835000	       682	80001bdc	40e384b3	sub	x9,x7,x14	  x7:0xfffffea2 x14:0x000006f5  x9=0xfffff7ad
        6845000	       683	80001be0	01a41a13	slli	x20,x8,0x1a	  x8:0x83167000 x20=0x00000000
        6855000	       684	80001be4	010913b3	sll	x7,x18,x16	 x18:0x00000000 x16:0x8000897f  x7=0x00000000
        6865000	       685	80001be8	0163b233	sltu	x4,x7,x22	  x7:0x00000000 x22:0x00000438  x4=0x00000001
        6875000	       686	80001bec	01b07e63	bgeu	x0,x27,80001c08	  x0:0x00000000 x27:0x0000000e
        6885000	       687	80001bf0	01329663	bne	x5,x19,80001bfc	  x5:0xffffffff x19:0x00000001
        6895000	       688	00000000	00000013	addi	x0,x0,0	  x0:0x00000000
        6905000	       689	80001bf8	00000013	addi	x0,x0,0	  x0:0x00000000
        6915000	       690	80001bfc	005c7eb3	and	x29,x24,x5	 x24:0x00000001  x5:0xffffffff x29=0x00000001
        6925000	       691	80001c00	35737817	auipc	x16,0x35737	 x16=0xb5738bfc
        6935000	       692	80001c04	00b69793	slli	x15,x13,0xb	 x13:0x00000000 x15=0x00000000
        6945000	       693	80001c08	971d6f13	ori	x30,x26,-1679	 x26:0x00000000 x30=0xfffff971
        6955000	       694	80001c0c	0138c5b3	xor	x11,x17,x19	 x17:0x80008b98 x19:0x00000001 x11=0x80008b99
        6965000	       695	80001c10	00045533	srl	x10,x8,x0	  x8:0x83167000  x0:0x00000000 x10=0x83167000
        6975000	       696	80001c14	015c4263	blt	x24,x21,80001c18	 x24:0x00000001 x21:0x4bf80000
        6985000	       697	00000000	00000013	addi	x0,x0,0	  x0:0x00000000
        6995000	       698	80001c14	00000013	addi	x0,x0,0	  x0:0x00000000
        7005000	       699	80001c18	01011a33	sll	x20,x2,x16	  x2:0x00000000 x16:0xb5738bfc x20=0x00000000
        7015000	       700	80001c1c	0130f9b3	and	x19,x1,x19	  x1:0x00000000 x19:0x00000001 x19=0x00000000
        7025000	       701	80001c20	019d57b3	srl	x15,x26,x25	 x26:0x00000000 x25:0x80009fc4 x15=0x00000000
        7035000	       702	80001c24	017e0263	beq	x28,x23,80001c28	 x28:0x8000a451 x23:0x80009f44
        7045000	       703	80001c28	01f70d33	add	x26,x14,x31	 x14:0x000006f5 x31:0xfffffbec x26=0x000002e1
        7055000	       704	80001c2c	0358e863	bltu	x17,x21,80001c5c	 x17:0x80008b98 x21:0x4bf80000
        7065000	       705	80001c30	bd9ef693	andi	x13,x29,-1063	 x29:0x00000001 x13=0x00000001
        7075000	       706	80001c34	01541513	slli	x10,x8,0x15	  x8:0x83167000 x10=0x00000000
        7085000	       707	80001c38	01681013	slli	x0,x16,0x16	 x16:0xb5738bfc
        7095000	       708	80001c3c	e94cf593	andi	x11,x25,-364	 x25:0x80009fc4 x11=0x80009e84
        7105000	       709	80001c40	012c3e33	sltu	x28,x24,x18	 x24:0x00000001 x18:0x00000000 x28=0x00000000
        7115000	       710	80001c44	00a5de63	bge	x11,x10,80001c60	 x11:0x80009e84 x10:0x00000000
        7125000	       711	80001c48	01b09333	sll	x6,x1,x27	  x1:0x00000000 x27:0x0000000e  x6=0x00000000
        7135000	       712	80001c4c	01d29493	slli	x9,x5,0x1d	  x5:0xffffffff  x9=0xe0000000
        7145000	       713	80001c50	40b60533	sub	x10,x12,x11	 x12:0x8000897f x11:0x80009e84 x10=0xffffeafb
        7155000	       714	80001c54	020b5663	bge	x22,x0,80001c80	 x22:0x00000438  x0:0x00000000
        7165000	       715	00000000	00000013	addi	x0,x0,0	  x0:0x00000000
        7175000	       716	80001c7c	00000013	addi	x0,x0,0	  x0:0x00000000
        7185000	       717	80001c80	89146493	ori	x9,x8,-1903	  x8:0x83167000  x9=0xfffff891
        7195000	       718	80001c84	00f0ff33	and	x30,x1,x15	  x1:0x00000000 x15:0x00000000 x30=0x00000000
        7205000	       719	80001c88	60f58193	addi	x3,x11,1551	 x11:0x80009e84  x3=0x8000a493
        7215000	       720	80001c8c	00cb9c63	bne	x23,x12,80001ca4	 x23:0x80009f44 x12:0x8000897f
        7225000	       721	00000000	00000013	addi	x0,x0,0	  x0:0x00000000
        7235000	       722	80001ca0	00000013	addi	x0,x0,0	  x0:0x00000000
        7245000	       723	80001ca4	d7952693	slti	x13,x10,-647	 x10:0xffffeafb x13=0x00000001
        7255000	       724	80001ca8	00549733	sll	x14,x9,x5	  x9:0xfffff891  x5:0xffffffff x14=0x80000000
        7265000	       725	80001cac	003308b3	add	x17,x6,x3	  x6:0x00000000  x3:0x8000a493 x17=0x8000a493
        7275000	       726	80001cb0	41498733	sub	x14,x19,x20	 x19:0x00000000 x20:0x00000000 x14=0x00000000
        7285000	       727	80001cb4	012a5ab3	srl	x21,x20,x18	 x20:0x00000000 x18:0x00000000 x21=0x00000000
        7295000	       728	80001cb8	02c0f263	bgeu	x1,x12,80001cdc	  x1:0x00000000 x12:0x8000897f
        7305000	       729	80001cbc	0002b733	sltu	x14,x5,x0	  x5:0xffffffff  x0:0x00000000 x14=0x00000000
        7315000	       730	80001cc0	046334b7	lui	x9,0x4633	  x9=0x04633000
        7325000	       731	80001cc4	ed6186b7	lui	x13,0xed618	 x13=0xed618000
        7335000	       732	80001cc8	006158b3	srl	x17,x2,x6	  x2:0x00000000  x6:0x00000000 x17=0x00000000
        7345000	       733	80001ccc	e04c7193	andi	x3,x24,-508	 x24:0x00000001  x3=0x00000000
        7355000	       734	80001cd0	2f537893	andi	x17,x6,757	  x6:0x00000000 x17=0x00000000
        7365000	       735	80001cd4	01d61533	sll	x10,x12,x29	 x12:0x8000897f x29:0x00000001 x10=0x000112fe
        7375000	       736	80001cd8	8cf92293	slti	x5,x18,-1841	 x18:0x00000000  x5=0x00000000
        7385000	       737	80001cdc	0060c433	xor	x8,x1,x6	  x1:0x00000000  x6:0x00000000  x8=0x00000000
        7395000	       738	80001ce0	417bd613	srai	x12,x23,0x17	 x23:0x80009f44 x12=0xffffff00
        7405000	       739	80001ce4	006e28b3	slt	x17,x28,x6	 x28:0x00000000  x6:0x00000000 x17=0x00000000
        7415000	       740	80001ce8	0354e863	bltu	x9,x21,80001d18	  x9:0x04633000 x21:0x00000000
        7425000	       741	80001cec	006e1c63	bne	x28,x6,80001d04	 x28:0x00000000  x6:0x00000000
        7435000	       742	80001cf0	01145fb3	srl	x31,x8,x17	  x8:0x00000000 x17:0x00000000 x31=0x00000000
        7445000	       743	80001cf4	4082de33	sra	x28,x5,x8	  x5:0x00000000  x8:0x00000000 x28=0x00000000
        7455000	       744	80001cf8	00100eb3	add	x29,x0,x1	  x0:0x00000000  x1:0x00000000 x29=0x00000000
        7465000	       745	80001cfc	00133633	sltu	x12,x6,x1	  x6:0x00000000  x1:0x00000000 x12=0x00000000
        7475000	       746	80001d00	41ac0833	sub	x16,x24,x26	 x24:0x00000001 x26:0x000002e1 x16=0xfffffd20
        7485000	       747	80001d04	01e98663	beq	x19,x30,80001d10	 x19:0x00000000 x30:0x00000000
        7495000	       748	00000000	00000013	addi	x0,x0,0	  x0:0x00000000
        7505000	       749	80001d0c	00000013	addi	x0,x0,0	  x0:0x00000000
        7515000	       750	80001d10	019ccfb3	xor	x31,x25,x25	 x25:0x80009fc4 x25:0x80009fc4 x31=0x00000000
        7525000	       751	80001d14	40a18a33	sub	x20,x3,x10	  x3:0x00000000 x10:0x000112fe x20=0xfffeed02
        7535000	       752	80001d18	413ed133	sra	x2,x29,x19	 x29:0x00000000 x19:0x00000000  x2=0x00000000
        7545000	       753	80001d1c	00000013	addi	x0,x0,0	  x0:0x00000000
        7555000	       754	80001d20	fac6ba93	sltiu	x21,x13,-84	 x13:0xed618000 x21=0x00000001
        7565000	       755	80001d24	a6f9c913	xori	x18,x19,-1425	 x19:0x00000000 x18=0xfffffa6f
        7575000	       756	80001d28	b80b6713	ori	x14,x22,-1152	 x22:0x00000438 x14=0xffffffb8
        7585000	       757	80001d2c	42f6f713	andi	x14,x13,1071	 x13:0xed618000 x14=0x00000000
        7595000	       758	80001d30	03a0d263	bge	x1,x26,80001d54	  x1:0x00000000 x26:0x000002e1
        7605000	       759	80001d34	0066d293	srli	x5,x13,0x6	 x13:0xed618000  x5=0x03b58600
        7615000	       760	80001d38	0023d3b3	srl	x7,x7,x2	  x7:0x00000000  x2:0x00000000  x7=0x00000000
        7625000	       761	80001d3c	7414fa13	andi	x20,x9,1857	  x9:0x04633000 x20=0x00000000
        7635000	       762	80001d40	004fa3b3	slt	x7,x31,x4	 x31:0x00000000  x4:0x00000001  x7=0x00000001
        7645000	       763	80001d44	01203933	sltu	x18,x0,x18	  x0:0x00000000 x18:0xfffffa6f x18=0x00000001
        7655000	       764	80001d48	d8b77613	andi	x12,x14,-629	 x14:0x00000000 x12=0x00000000
        7665000	       765	80001d4c	020df063	bgeu	x27,x0,80001d6c	 x27:0x0000000e  x0:0x00000000
        7675000	       766	00000000	00000013	addi	x0,x0,0	  x0:0x00000000
        7685000	       767	80001d68	00000013	addi	x0,x0,0	  x0:0x00000000
        7695000	       768	80001d6c	00d43a33	sltu	x20,x8,x13	  x8:0x00000000 x13:0xed618000 x20=0x00000001
        7705000	       769	80001d70	000b1a63	bne	x22,x0,80001d84	 x22:0x00000438  x0:0x00000000
        7715000	       770	00000000	00000013	addi	x0,x0,0	  x0:0x00000000
        7725000	       771	80001d80	00000013	addi	x0,x0,0	  x0:0x00000000
        7735000	       772	80001d84	4cc74393	xori	x7,x14,1228	 x14:0x00000000  x7=0x000004cc
        7745000	       773	80001d88	0089a333	slt	x6,x19,x8	 x19:0x00000000  x8:0x00000000  x6=0x00000000
        7755000	       774	80001d8c	0982ec63	bltu	x5,x24,80001e24	  x5:0x03b58600 x24:0x00000001
        7765000	       775	80001d90	00007117	auipc	x2,0x7	  x2=0x80008d8c
        7775000	       776	80001d94	c7210113	addi	x2,x2,-910	  x2:0x80008d8c  x2=0x800089fe
        7785000	       777	80001d98	00b14303	lbu	x6,11(x2)	  x2:0x800089fe  x6=0x00000000 PA:0x80008a09
        7795000	       778	80001d9c	c1793493	sltiu	x9,x18,-1001	 x18:0x00000001  x9=0x00000001
        7805000	       779	80001da0	0007dc13	srli	x24,x15,0x0	 x15:0x00000000 x24=0x00000000
        7815000	       780	80001da4	00714f03	lbu	x30,7(x2)	  x2:0x800089fe x30=0x00000000 PA:0x80008a05
        7825000	       781	80001da8	fc314883	lbu	x17,-61(x2)	  x2:0x800089fe x17=0x00000000 PA:0x800089c1
        7835000	       782	00000000	00000013	addi	x0,x0,0	  x0:0x00000000
        7845000	       783	80001dac	03112923	sw	x17,50(x2)	  x2:0x800089fe x17:0x00000000 PA:0x80008a30
        7855000	       784	80001db0	00bd5793	srli	x15,x26,0xb	 x26:0x000002e1 x15=0x00000000
        7865000	       785	80001db4	fd410c03	lb	x24,-44(x2)	  x2:0x800089fe x24=0x00000000 PA:0x800089d2
        7875000	       786	80001db8	e920a713	slti	x14,x1,-366	  x1:0x00000000 x14=0x00000000
        7885000	       787	80001dbc	00000013	addi	x0,x0,0	  x0:0x00000000
        7895000	       788	80001dc0	8840e813	ori	x16,x1,-1916	  x1:0x00000000 x16=0xfffff884
        7905000	       789	80001dc4	fd114903	lbu	x18,-47(x2)	  x2:0x800089fe x18=0x00000000 PA:0x800089cf
        7915000	       790	80001dc8	00615f83	lhu	x31,6(x2)	  x2:0x800089fe x31=0x00000000 PA:0x80008a04
        7925000	       791	80001dcc	0a59e393	ori	x7,x19,165	 x19:0x00000000  x7=0x000000a5
        7935000	       792	80001dd0	fe911723	sh	x9,-18(x2)	  x2:0x800089fe  x9:0x00000001 PA:0x800089ec
        7945000	       793	80001dd4	4011d213	srai	x4,x3,0x1	  x3:0x00000000  x4=0x00000000
        7955000	       794	80001dd8	02710f83	lb	x31,39(x2)	  x2:0x800089fe x31=0x00000000 PA:0x80008a25
        7965000	       795	80001ddc	fde11e23	sh	x30,-36(x2)	  x2:0x800089fe x30:0x00000000 PA:0x800089da
        7975000	       796	80001de0	ffe12083	lw	x1,-2(x2)	  x2:0x800089fe  x1=0x00000000 PA:0x800089fc
        7985000	       797	80001de4	40be0c33	sub	x24,x28,x11	 x28:0x00000000 x11:0x80009e84 x24=0x7fff617c
        7995000	       798	80001de8	fcd14683	lbu	x13,-51(x2)	  x2:0x800089fe x13=0x00000000 PA:0x800089cb
        8005000	       799	80001dec	fea14a03	lbu	x20,-22(x2)	  x2:0x800089fe x20=0x00000000 PA:0x800089e8
        8015000	       800	00000000	00000013	addi	x0,x0,0	  x0:0x00000000
        8025000	       801	80001df0	01410883	lb	x17,20(x2)	  x2:0x800089fe x17=0x00000000 PA:0x80008a12
        8035000	       802	80001df4	43e67a93	andi	x21,x12,1086	 x12:0x00000000 x21=0x00000000
        8045000	       803	80001df8	01010ba3	sb	x16,23(x2)	  x2:0x800089fe x16:0xfffff884 PA:0x80008a15
        8055000	       804	80001dfc	03a14b03	lbu	x22,58(x2)	  x2:0x800089fe x22=0x00000000 PA:0x80008a38
        8065000	       805	80001e00	03f14983	lbu	x19,63(x2)	  x2:0x800089fe x19=0x00000000 PA:0x80008a3d
        8075000	       806	80001e04	01c97e63	bgeu	x18,x28,80001e20	 x18:0x00000000 x28:0x00000000
        8085000	       807	00000000	00000013	addi	x0,x0,0	  x0:0x00000000
        8095000	       808	80001e1c	00000013	addi	x0,x0,0	  x0:0x00000000
        8105000	       809	80001e20	00765263	bge	x12,x7,80001e24	 x12:0x00000000  x7:0x000000a5
        8115000	       810	80001e24	d5ef7697	auipc	x13,0xd5ef7	 x13=0x55ef8e20
        8125000	       811	80001e28	05789463	bne	x17,x23,80001e70	 x17:0x00000000 x23:0x80009f44
        8135000	       812	00000000	00000013	addi	x0,x0,0	  x0:0x00000000
        8145000	       813	80001e6c	00000013	addi	x0,x0,0	  x0:0x00000000
        8155000	       814	80001e70	01375913	srli	x18,x14,0x13	 x14:0x00000000 x18=0x00000000
        8165000	       815	80001e74	000165b3	or	x11,x2,x0	  x2:0x800089fe  x0:0x00000000 x11=0x800089fe
        8175000	       816	80001e78	00aafe33	and	x28,x21,x10	 x21:0x00000000 x10:0x000112fe x28=0x00000000
        8185000	       817	80001e7c	81977b13	andi	x22,x14,-2023	 x14:0x00000000 x22=0x00000000
        8195000	       818	80001e80	00d49133	sll	x2,x9,x13	  x9:0x00000001 x13:0x55ef8e20  x2=0x00000001
        8205000	       819	80001e84	1d3e2213	slti	x4,x28,467	 x28:0x00000000  x4=0x00000001
        8215000	       820	80001e88	00c75663	bge	x14,x12,80001e94	 x14:0x00000000 x12:0x00000000
        8225000	       821	00000000	00000013	addi	x0,x0,0	  x0:0x00000000
        8235000	       822	80001e90	00000013	addi	x0,x0,0	  x0:0x00000000
        8245000	       823	80001e94	02546293	ori	x5,x8,37	  x8:0x00000000  x5=0x00000025
        8255000	       824	80001e98	00dc5293	srli	x5,x24,0xd	 x24:0x7fff617c  x5=0x0003fffb
        8265000	       825	80001e9c	479b2e13	slti	x28,x22,1145	 x22:0x00000000 x28=0x00000001
        8275000	       826	80001ea0	0040d113	srli	x2,x1,0x4	  x1:0x00000000  x2=0x00000000
        8285000	       827	80001ea4	3c7179b7	lui	x19,0x3c717	 x19=0x3c717000
        8295000	       828	80001ea8	412655b3	sra	x11,x12,x18	 x12:0x00000000 x18:0x00000000 x11=0x00000000
        8305000	       829	80001eac	00a2ab33	slt	x22,x5,x10	  x5:0x0003fffb x10:0x000112fe x22=0x00000000
        8315000	       830	80001eb0	31c7aeb7	lui	x29,0x31c7a	 x29=0x31c7a000
        8325000	       831	80001eb4	cb69c013	xori	x0,x19,-842	 x19:0x3c717000
        8335000	       832	80001eb8	0079afb3	slt	x31,x19,x7	 x19:0x3c717000  x7:0x000000a5 x31=0x00000000
        8345000	       833	80001ebc	29e54013	xori	x0,x10,670	 x10:0x000112fe
        8355000	       834	80001ec0	004ba083	lw	x1,4(x23)	 x23:0x80009f44  x1=0x80000c30 PA:0x80009f48
        8365000	       835	80001ec4	f067fb17	auipc	x22,0xf067f	 x22=0x70680ec0
        8375000	       836	80001ec8	000ad5b3	srl	x11,x21,x0	 x21:0x00000000  x0:0x00000000 x11=0x00000000
        8385000	       837	80001ecc	008b8b93	addi	x23,x23,8	 x23:0x80009f44 x23=0x80009f4c
        8395000	       838	80001ed0	90b90fb7	lui	x31,0x90b90	 x31=0x90b90000
        8405000	       839	80001ed4	00cae833	or	x16,x21,x12	 x21:0x00000000 x12:0x00000000 x16=0x00000000
        8415000	       840	80001ed8	c1b88793	addi	x15,x17,-997	 x17:0x00000000 x15=0xfffffc1b
        8425000	       841	80001edc	5adcfa13	andi	x20,x25,1453	 x25:0x80009fc4 x20=0x00000584
        8435000	       842	80001ee0	00108113	addi	x2,x1,1	  x1:0x80000c30  x2=0x80000c31
        8445000	       843	80001ee4	00010167	jalr	x2,x2,0	  x2:0x80000c31  x2=0x80001ee4
        8455000	       844	00000000	00000013	addi	x0,x0,0	  x0:0x00000000
        8465000	       845	80000c30	00000013	addi	x0,x0,0	  x0:0x00000000
        8475000	       846	80000c34	00008997	auipc	x19,0x8	 x19=0x80008c30
        8485000	       847	80000c38	1ce98993	addi	x19,x19,462	 x19:0x80008c30 x19=0x80008dfe
        8495000	       848	80000c3c	ffb98003	lb	x0,-5(x19)	 x19:0x80008dfe PA:0x80008df9
        8505000	       849	80000c40	0169c883	lbu	x17,22(x19)	 x19:0x80008dfe x17=0x00000000 PA:0x80008e14
        8515000	       850	80000c44	00008917	auipc	x18,0x8	 x18=0x80008c40
        8525000	       851	80000c48	2f490913	addi	x18,x18,756	 x18:0x80008c40 x18=0x80008f34
        8535000	       852	80000c4c	01390223	sb	x19,4(x18)	 x18:0x80008f34 x19:0x80008dfe PA:0x80008f38
        8545000	       853	80000c50	ffb90883	lb	x17,-5(x18)	 x18:0x80008f34 x17=0x00000000 PA:0x80008f2f
        8555000	       854	80000c54	fff94a03	lbu	x20,-1(x18)	 x18:0x80008f34 x20=0x00000000 PA:0x80008f33
        8565000	       855	80000c58	02898a03	lb	x20,40(x19)	 x19:0x80008dfe x20=0x00000000 PA:0x80008e26
        8575000	       856	80000c5c	01d9c303	lbu	x6,29(x19)	 x19:0x80008dfe  x6=0x00000000 PA:0x80008e1b
        8585000	       857	80000c60	00994803	lbu	x16,9(x18)	 x18:0x80008f34 x16=0x00000000 PA:0x80008f3d
        8595000	       858	80000c64	00a91303	lh	x6,10(x18)	 x18:0x80008f34  x6=0x00000000 PA:0x80008f3e
        8605000	       859	80000c68	01699223	sh	x22,4(x19)	 x19:0x80008dfe x22:0x70680ec0 PA:0x80008e02
        8615000	       860	80000c6c	01090523	sb	x16,10(x18)	 x18:0x80008f34 x16:0x00000000 PA:0x80008f3e
        8625000	       861	80000c70	0159ca83	lbu	x21,21(x19)	 x19:0x80008dfe x21=0x00000000 PA:0x80008e13
        8635000	       862	80000c74	00490783	lb	x15,4(x18)	 x18:0x80008f34 x15=0xfffffffe PA:0x80008f38
        8645000	       863	80000c78	03698da3	sb	x22,59(x19)	 x19:0x80008dfe x22:0x70680ec0 PA:0x80008e39
        8655000	       864	80000c7c	fee90923	sb	x14,-14(x18)	 x18:0x80008f34 x14:0x00000000 PA:0x80008f26
        8665000	       865	80000c80	00007117	auipc	x2,0x7	  x2=0x80007c7c
        8675000	       866	80000c84	4a610113	addi	x2,x2,1190	  x2:0x80007c7c  x2=0x80008122
        8685000	       867	80000c88	15212303	lw	x6,338(x2)	  x2:0x80008122  x6=0x00000000 PA:0x80008274
        8695000	       868	80000c8c	3a8104a3	sb	x8,937(x2)	  x2:0x80008122  x8:0x00000000 PA:0x800084cb
        8705000	       869	80000c90	0b110683	lb	x13,177(x2)	  x2:0x80008122 x13=0x00000000 PA:0x800081d3
        8715000	       870	80000c94	26114983	lbu	x19,609(x2)	  x2:0x80008122 x19=0x00000000 PA:0x80008383
        8725000	       871	80000c98	62f10603	lb	x12,1583(x2)	  x2:0x80008122 x12=0x00000000 PA:0x80008751
        8735000	       872	80000c9c	01d9d513	srli	x10,x19,0x1d	 x19:0x00000000 x10=0x00000000
        8745000	       873	80000ca0	4c811f23	sh	x8,1246(x2)	  x2:0x80008122  x8:0x00000000 PA:0x80008600
        8755000	       874	80000ca4	4de10d03	lb	x26,1246(x2)	  x2:0x80008122 x26=0x00000000 PA:0x80008600
        8765000	       875	80000ca8	5d610503	lb	x10,1494(x2)	  x2:0x80008122 x10=0x00000000 PA:0x800086f8
        8775000	       876	80000cac	01269233	sll	x4,x13,x18	 x13:0x00000000 x18:0x80008f34  x4=0x00000000
        8785000	       877	80000cb0	46a10303	lb	x6,1130(x2)	  x2:0x80008122  x6=0x00000000 PA:0x8000858c
        8795000	       878	80000cb4	61b14603	lbu	x12,1563(x2)	  x2:0x80008122 x12=0x00000000 PA:0x8000873d
        8805000	       879	80000cb8	1a611d03	lh	x26,422(x2)	  x2:0x80008122 x26=0x00000000 PA:0x800082c8
        8815000	       880	80000cbc	3e015383	lhu	x7,992(x2)	  x2:0x80008122  x7=0x00000000 PA:0x80008502
        8825000	       881	80000cc0	55b14383	lbu	x7,1371(x2)	  x2:0x80008122  x7=0x00000000 PA:0x8000867d
        8835000	       882	80000cc4	ab70fe93	andi	x29,x1,-1353	  x1:0x80000c30 x29=0x80000830
        8845000	       883	80000cc8	55b10e03	lb	x28,1371(x2)	  x2:0x80008122 x28=0x00000000 PA:0x8000867d
        8855000	       884	80000ccc	2aa12e03	lw	x28,682(x2)	  x2:0x80008122 x28=0x00000000 PA:0x800083cc
        8865000	       885	80000cd0	0f114783	lbu	x15,241(x2)	  x2:0x80008122 x15=0x00000000 PA:0x80008213
        8875000	       886	80000cd4	2b211323	sh	x18,678(x2)	  x2:0x80008122 x18:0x80008f34 PA:0x800083c8
        8885000	       887	80000cd8	3a410d03	lb	x26,932(x2)	  x2:0x80008122 x26=0x00000007 PA:0x800084c6
        8895000	       888	80000cdc	00008117	auipc	x2,0x8	  x2=0x80008cd8
        8905000	       889	80000ce0	93610113	addi	x2,x2,-1738	  x2:0x80008cd8  x2=0x8000860e
        8915000	       890	80000ce4	c959e893	ori	x17,x19,-875	 x19:0x00000000 x17=0xfffffc95
        8925000	       891	80000ce8	fd16a497	auipc	x9,0xfd16a	  x9=0x7d16ace4
        8935000	       892	80000cec	3e066993	ori	x19,x12,992	 x12:0x00000000 x19=0x000003e0
        8945000	       893	80000cf0	06e11c23	sh	x14,120(x2)	  x2:0x8000860e x14:0x00000000 PA:0x80008686
        8955000	       894	80000cf4	e3b11123	sh	x27,-478(x2)	  x2:0x8000860e x27:0x0000000e PA:0x80008430
        8965000	       895	80000cf8	00309533	sll	x10,x1,x3	  x1:0x80000c30  x3:0x00000000 x10=0x80000c30
        8975000	       896	80000cfc	b0811203	lh	x4,-1272(x2)	  x2:0x8000860e  x4=0x00000000 PA:0x80008116
        8985000	       897	80000d00	b62100a3	sb	x2,-1183(x2)	  x2:0x8000860e  x2:0x8000860e PA:0x8000816f
        8995000	       898	80000d04	012a43b3	xor	x7,x20,x18	 x20:0x00000000 x18:0x80008f34  x7=0x80008f34
        9005000	       899	80000d08	1b328e13	addi	x28,x5,435	  x5:0x0003fffb x28=0x000401ae
        9015000	       900	80000d0c	011e9993	slli	x19,x29,0x11	 x29:0x80000830 x19=0x10600000
        9025000	       901	80000d10	bf310ea3	sb	x19,-1027(x2)	  x2:0x8000860e x19:0x10600000 PA:0x8000820b
        9035000	       902	80000d14	ad612b03	lw	x22,-1322(x2)	  x2:0x8000860e x22=0x00000000 PA:0x800080e4
        9045000	       903	80000d18	ec810923	sb	x8,-302(x2)	  x2:0x8000860e  x8:0x00000000 PA:0x800084e0
        9055000	       904	80000d1c	494b2393	slti	x7,x22,1172	 x22:0x00000000  x7=0x00000001
        9065000	       905	80000d20	ab914e83	lbu	x29,-1351(x2)	  x2:0x8000860e x29=0x00000000 PA:0x800080c7
        9075000	       906	80000d24	586b7417	auipc	x8,0x586b7	  x8=0xd86b7d20
        9085000	       907	80000d28	09f14983	lbu	x19,159(x2)	  x2:0x8000860e x19=0x00000000 PA:0x800086ad
        9095000	       908	80000d2c	8dee2a13	slti	x20,x28,-1826	 x28:0x000401ae x20=0x00000000
        9105000	       909	80000d30	0e615e03	lhu	x28,230(x2)	  x2:0x8000860e x28=0x00000000 PA:0x800086f4
        9115000	       910	80000d34	da812d23	sw	x8,-582(x2)	  x2:0x8000860e  x8:0xd86b7d20 PA:0x800083c8
        9125000	       911	80000d38	7f5401b7	lui	x3,0x7f540	  x3=0x7f540000
        9135000	       912	80000d3c	14fd8693	addi	x13,x27,335	 x27:0x0000000e x13=0x0000015d
        9145000	       913	80000d40	04310603	lb	x12,67(x2)	  x2:0x8000860e x12=0x00000000 PA:0x80008651
        9155000	       914	80000d44	0e240513	addi	x10,x8,226	  x8:0xd86b7d20 x10=0xd86b7e02
        9165000	       915	80000d48	40dd8733	sub	x14,x27,x13	 x27:0x0000000e x13:0x0000015d x14=0xfffffeb1
        9175000	       916	80000d4c	15b96793	ori	x15,x18,347	 x18:0x80008f34 x15=0x80008f7f
        9185000	       917	80000d50	00000013	addi	x0,x0,0	  x0:0x00000000
        9195000	       918	80000d54	ccd10683	lb	x13,-819(x2)	  x2:0x8000860e x13=0x00000000 PA:0x800082db
        9205000	       919	80000d58	010106b3	add	x13,x2,x16	  x2:0x8000860e x16:0x00000000 x13=0x8000860e
        9215000	       920	80000d5c	ba710c23	sb	x7,-1096(x2)	  x2:0x8000860e  x7:0x00000001 PA:0x800081c6
        9225000	       921	80000d60	52c86613	ori	x12,x16,1324	 x16:0x00000000 x12=0x0000052c
        9235000	       922	80000d64	19114803	lbu	x16,401(x2)	  x2:0x8000860e x16=0x00000000 PA:0x8000879f
        9245000	       923	80000d68	009923b3	slt	x7,x18,x9	 x18:0x80008f34  x9:0x7d16ace4  x7=0x00000001
        9255000	       924	80000d6c	01ccf3b3	and	x7,x25,x28	 x25:0x80009fc4 x28:0x00000000  x7=0x00000000
        9265000	       925	80000d70	1e514e83	lbu	x29,485(x2)	  x2:0x8000860e x29=0x00000000 PA:0x800087f3
        9275000	       926	80000d74	b1b14903	lbu	x18,-1253(x2)	  x2:0x8000860e x18=0x00000000 PA:0x80008129
        9285000	       927	80000d78	daf100a3	sb	x15,-607(x2)	  x2:0x8000860e x15:0x80008f7f PA:0x800083af
        9295000	       928	80000d7c	00000013	addi	x0,x0,0	  x0:0x00000000
        9305000	       929	80000d80	1f815883	lhu	x17,504(x2)	  x2:0x8000860e x17=0x00000000 PA:0x80008806
        9315000	       930	80000d84	b0312323	sw	x3,-1274(x2)	  x2:0x8000860e  x3:0x7f540000 PA:0x80008114
        9325000	       931	80000d88	a9c11d03	lh	x26,-1380(x2)	  x2:0x8000860e x26=0x00000000 PA:0x800080aa
        9335000	       932	80000d8c	da510a83	lb	x21,-603(x2)	  x2:0x8000860e x21=0x00000000 PA:0x800083b3
        9345000	       933	80000d90	01b7e6b3	or	x13,x15,x27	 x15:0x80008f7f x27:0x0000000e x13=0x80008f7f
        9355000	       934	80000d94	dcb10a03	lb	x20,-565(x2)	  x2:0x8000860e x20=0x00000000 PA:0x800083d9
        9365000	       935	80000d98	e3611503	lh	x10,-458(x2)	  x2:0x8000860e x10=0x00000000 PA:0x80008444
        9375000	       936	80000d9c	00d22533	slt	x10,x4,x13	  x4:0x00000000 x13:0x80008f7f x10=0x00000000
        9385000	       937	80000da0	07514383	lbu	x7,117(x2)	  x2:0x8000860e  x7=0x00000000 PA:0x80008683
        9395000	       938	80000da4	ec212323	sw	x2,-314(x2)	  x2:0x8000860e  x2:0x8000860e PA:0x800084d4
        9405000	       939	80000da8	00007c17	auipc	x24,0x7	 x24=0x80007da4
        9415000	       940	80000dac	6b0c0c13	addi	x24,x24,1712	 x24:0x80007da4 x24=0x80008454
        9425000	       941	80000db0	00008097	auipc	x1,0x8	  x1=0x80008dac
        9435000	       942	80000db4	81808093	addi	x1,x1,-2024	  x1:0x80008dac  x1=0x800085c4
        9445000	       943	80000db8	00bc4b03	lbu	x22,11(x24)	 x24:0x80008454 x22=0x00000000 PA:0x8000845f
        9455000	       944	80000dbc	00007517	auipc	x10,0x7	 x10=0x80007db8
        9465000	       945	80000dc0	37050513	addi	x10,x10,880	 x10:0x80007db8 x10=0x80008128
        9475000	       946	80000dc4	00007217	auipc	x4,0x7	  x4=0x80007dc0
        9485000	       947	80000dc8	43e20213	addi	x4,x4,1086	  x4:0x80007dc0  x4=0x800081fe
        9495000	       948	80000dcc	00007897	auipc	x17,0x7	 x17=0x80007dc8
        9505000	       949	80000dd0	37688893	addi	x17,x17,886	 x17:0x80007dc8 x17=0x8000813e
        9515000	       950	80000dd4	1e1086a3	sb	x1,493(x1)	  x1:0x800085c4  x1:0x800085c4 PA:0x800087b1
        9525000	       951	80000dd8	01188183	lb	x3,17(x17)	 x17:0x8000813e  x3=0x00000000 PA:0x8000814f
        9535000	       952	80000ddc	011084a3	sb	x17,9(x1)	  x1:0x800085c4 x17:0x8000813e PA:0x800085cd
        9545000	       953	80000de0	ff920ca3	sb	x25,-7(x4)	  x4:0x800081fe x25:0x80009fc4 PA:0x800081f7
        9555000	       954	80000de4	02188f83	lb	x31,33(x17)	 x17:0x8000813e x31=0x00000000 PA:0x8000815f
        9565000	       955	80000de8	f9050ea3	sb	x16,-99(x10)	 x10:0x80008128 x16:0x00000000 PA:0x800080c5
        9575000	       956	80000dec	57d54e83	lbu	x29,1405(x10)	 x10:0x80008128 x29=0x00000000 PA:0x800086a5
        9585000	       957	80000df0	fe708f83	lb	x31,-25(x1)	  x1:0x800085c4 x31=0x00000000 PA:0x800085ab
        9595000	       958	80000df4	fd78c183	lbu	x3,-41(x17)	 x17:0x8000813e  x3=0x00000000 PA:0x80008115
        9605000	       959	80000df8	006c4303	lbu	x6,6(x24)	 x24:0x80008454  x6=0x00000000 PA:0x8000845a
        9615000	       960	80000dfc	02420ea3	sb	x4,61(x4)	  x4:0x800081fe  x4:0x800081fe PA:0x8000823b
        9625000	       961	80000e00	e1d08303	lb	x6,-483(x1)	  x1:0x800085c4  x6=0x00000000 PA:0x800083e1
        9635000	       962	80000e04	0480d303	lhu	x6,72(x1)	  x1:0x800085c4  x6=0x00000000 PA:0x8000860c
        9645000	       963	80000e08	01e25a83	lhu	x21,30(x4)	  x4:0x800081fe x21=0x00000000 PA:0x8000821c
        9655000	       964	80000e0c	08908003	lb	x0,137(x1)	  x1:0x800085c4 PA:0x8000864d
        9665000	       965	80000e10	fc48c283	lbu	x5,-60(x17)	 x17:0x8000813e  x5=0x00000000 PA:0x80008102
        9675000	       966	80000e14	67a506a3	sb	x26,1645(x10)	 x10:0x80008128 x26:0x00000000 PA:0x80008795
        9685000	       967	80000e18	02d20423	sb	x13,40(x4)	  x4:0x800081fe x13:0x80008f7f PA:0x80008226
        9695000	       968	80000e1c	02089483	lh	x9,32(x17)	 x17:0x8000813e  x9=0x00000000 PA:0x8000815e
        9705000	       969	80000e20	00a22283	lw	x5,10(x4)	  x4:0x800081fe  x5=0x00000000 PA:0x80008208
        9715000	       970	80000e24	003c0683	lb	x13,3(x24)	 x24:0x80008454 x13=0x00000000 PA:0x80008457
        9725000	       971	80000e28	ff8c4f83	lbu	x31,-8(x24)	 x24:0x80008454 x31=0x00000000 PA:0x8000844c
        9735000	       972	80000e2c	b4908103	lb	x2,-1207(x1)	  x1:0x800085c4  x2=0x00000000 PA:0x8000810d
        9745000	       973	80000e30	0368a323	sw	x22,38(x17)	 x17:0x8000813e x22:0x00000000 PA:0x80008164
        9755000	       974	80000e34	ff420f83	lb	x31,-12(x4)	  x4:0x800081fe x31=0x00000000 PA:0x800081f2
        9765000	       975	80000e38	021887a3	sb	x1,47(x17)	 x17:0x8000813e  x1:0x800085c4 PA:0x8000816d
        9775000	       976	80000e3c	26354903	lbu	x18,611(x10)	 x10:0x80008128 x18=0x00000000 PA:0x8000838b
        9785000	       977	80000e40	003c0f03	lb	x30,3(x24)	 x24:0x80008454 x30=0x00000000 PA:0x80008457
        9795000	       978	80000e44	04f08f03	lb	x30,79(x1)	  x1:0x800085c4 x30=0x00000000 PA:0x80008613
        9805000	       979	80000e48	47452103	lw	x2,1140(x10)	 x10:0x80008128  x2=0x00000000 PA:0x8000859c
        9815000	       980	80000e4c	154504a3	sb	x20,329(x10)	 x10:0x80008128 x20:0x00000000 PA:0x80008271
        9825000	       981	80000e50	03a887a3	sb	x26,47(x17)	 x17:0x8000813e x26:0x00000000 PA:0x8000816d
        9835000	       982	80000e54	fd821323	sh	x24,-58(x4)	  x4:0x800081fe x24:0x80008454 PA:0x800081c4
        9845000	       983	80000e58	6bd50803	lb	x16,1725(x10)	 x10:0x80008128 x16=0x00000000 PA:0x800087e5
        9855000	       984	80000e5c	fda51423	sh	x26,-56(x10)	 x10:0x80008128 x26:0x00000000 PA:0x800080f0
        9865000	       985	80000e60	fefc08a3	sb	x15,-15(x24)	 x24:0x80008454 x15:0x80008f7f PA:0x80008445
        9875000	       986	80000e64	fdb20383	lb	x7,-37(x4)	  x4:0x800081fe  x7=0x00000000 PA:0x800081d9
        9885000	       987	80000e68	01621003	lh	x0,22(x4)	  x4:0x800081fe PA:0x80008214
        9895000	       988	80000e6c	b31081a3	sb	x17,-1245(x1)	  x1:0x800085c4 x17:0x8000813e PA:0x800080e7
        9905000	       989	80000e70	1ee08283	lb	x5,494(x1)	  x1:0x800085c4  x5=0x00000000 PA:0x800087b2
        9915000	       990	80000e74	51a502a3	sb	x26,1285(x10)	 x10:0x80008128 x26:0x00000000 PA:0x8000862d
        9925000	       991	80000e78	011c1823	sh	x17,16(x24)	 x24:0x80008454 x17:0x8000813e PA:0x80008464
        9935000	       992	80000e7c	fc221003	lh	x0,-62(x4)	  x4:0x800081fe PA:0x800081c0
        9945000	       993	80000e80	ff488e83	lb	x29,-12(x17)	 x17:0x8000813e x29=0x00000000 PA:0x80008132
        9955000	       994	80000e84	56150fa3	sb	x1,1407(x10)	 x10:0x80008128  x1:0x800085c4 PA:0x800086a7
        9965000	       995	80000e88	00008197	auipc	x3,0x8	  x3=0x80008e84
        9975000	       996	80000e8c	e7818193	addi	x3,x3,-392	  x3:0x80008e84  x3=0x80008cfc
        9985000	       997	80000e90	fbb03e13	sltiu	x28,x0,-69	  x0:0x00000000 x28=0x00000001
        9995000	       998	80000e94	efcb8f13	addi	x30,x23,-260	 x23:0x80009f4c x30=0x80009e48
       10005000	       999	80000e98	c5b19823	sh	x27,-944(x3)	  x3:0x80008cfc x27:0x0000000e PA:0x8000894c
       10015000	      1000	80000e9c	c0f1cc03	lbu	x24,-1009(x3)	  x3:0x80008cfc x24=0x00000000 PA:0x8000890b
       10025000	      1001	80000ea0	013dcb33	xor	x22,x27,x19	 x27:0x0000000e x19:0x00000000 x22=0x0000000e
       10035000	      1002	80000ea4	e8c18123	sb	x12,-382(x3)	  x3:0x80008cfc x12:0x0000052c PA:0x80008b7e
       10045000	      1003	80000ea8	b90c4293	xori	x5,x24,-1136	 x24:0x00000000  x5=0xfffffb90
       10055000	      1004	80000eac	d0e1c103	lbu	x2,-754(x3)	  x3:0x80008cfc  x2=0x00000000 PA:0x80008a0a
       10065000	      1005	80000eb0	40bd5f13	srai	x30,x26,0xb	 x26:0x00000000 x30=0x00000000
       10075000	      1006	80000eb4	e591cf83	lbu	x31,-423(x3)	  x3:0x80008cfc x31=0x00000000 PA:0x80008b55
       10085000	      1007	80000eb8	0097c433	xor	x8,x15,x9	 x15:0x80008f7f  x9:0x00000000  x8=0x80008f7f
       10095000	      1008	80000ebc	f0f18f23	sb	x15,-226(x3)	  x3:0x80008cfc x15:0x80008f7f PA:0x80008c1a
       10105000	      1009	80000ec0	018703b3	add	x7,x14,x24	 x14:0xfffffeb1 x24:0x00000000  x7=0xfffffeb1
       10115000	      1010	80000ec4	29319323	sh	x19,646(x3)	  x3:0x80008cfc x19:0x00000000 PA:0x80008f82
       10125000	      1011	80000ec8	417ed633	sra	x12,x29,x23	 x29:0x00000000 x23:0x80009f4c x12=0x00000000
       10135000	      1012	80000ecc	d6b18923	sb	x11,-654(x3)	  x3:0x80008cfc x11:0x00000000 PA:0x80008a6e
       10145000	      1013	80000ed0	013d1093	slli	x1,x26,0x13	 x26:0x00000000  x1=0x00000000
       10155000	      1014	80000ed4	001bb9b3	sltu	x19,x23,x1	 x23:0x80009f4c  x1:0x00000000 x19=0x00000000
       10165000	      1015	80000ed8	959b0493	addi	x9,x22,-1703	 x22:0x0000000e  x9=0xfffff967
       10175000	      1016	80000edc	00000013	addi	x0,x0,0	  x0:0x00000000
       10185000	      1017	80000ee0	c4818523	sb	x8,-950(x3)	  x3:0x80008cfc  x8:0x80008f7f PA:0x80008946
       10195000	      1018	80000ee4	002c1a13	slli	x20,x24,0x2	 x24:0x00000000 x20=0x00000000
       10205000	      1019	80000ee8	fdd18083	lb	x1,-35(x3)	  x3:0x80008cfc  x1=0x00000000 PA:0x80008cd9
       10215000	      1020	80000eec	f471c503	lbu	x10,-185(x3)	  x3:0x80008cfc x10=0x00000000 PA:0x80008c43
       10225000	      1021	80000ef0	f5718ca3	sb	x23,-167(x3)	  x3:0x80008cfc x23:0x80009f4c PA:0x80008c55
       10235000	      1022	80000ef4	0081b933	sltu	x18,x3,x8	  x3:0x80008cfc  x8:0x80008f7f x18=0x00000001
       10245000	      1023	80000ef8	019cd993	srli	x19,x25,0x19	 x25:0x80009fc4 x19=0x00000040
       10255000	      1024	80000efc	f6c19403	lh	x8,-148(x3)	  x3:0x80008cfc  x8=0x00000000 PA:0x80008c68
       10265000	      1025	80000f00	d4b18503	lb	x10,-693(x3)	  x3:0x80008cfc x10=0x00000000 PA:0x80008a47
       10275000	      1026	80000f04	cf819823	sh	x24,-784(x3)	  x3:0x80008cfc x24:0x00000000 PA:0x800089ec
       10285000	      1027	80000f08	f4418683	lb	x13,-188(x3)	  x3:0x80008cfc x13=0x00000000 PA:0x80008c40
       10295000	      1028	80000f0c	3c7f0f13	addi	x30,x30,967	 x30:0x00000000 x30=0x000003c7
       10305000	      1029	80000f10	01b6b3b3	sltu	x7,x13,x27	 x13:0x00000000 x27:0x0000000e  x7=0x00000001
       10315000	      1030	80000f14	17f18203	lb	x4,383(x3)	  x3:0x80008cfc  x4=0x00000000 PA:0x80008e7b
       10325000	      1031	80000f18	00b8d613	srli	x12,x17,0xb	 x17:0x8000813e x12=0x00100010
       10335000	      1032	80000f1c	b30182a3	sb	x16,-1243(x3)	  x3:0x80008cfc x16:0x00000000 PA:0x80008821
       10345000	      1033	80000f20	00007117	auipc	x2,0x7	  x2=0x80007f1c
       10355000	      1034	80000f24	75610113	addi	x2,x2,1878	  x2:0x80007f1c  x2=0x80008672
       10365000	      1035	80000f28	fc5101a3	sb	x5,-61(x2)	  x2:0x80008672  x5:0xfffffb90 PA:0x80008635
       10375000	      1036	80000f2c	ff914003	lbu	x0,-7(x2)	  x2:0x80008672 PA:0x8000866b
       10385000	      1037	80000f30	fe714803	lbu	x16,-25(x2)	  x2:0x80008672 x16=0x00000000 PA:0x80008659
       10395000	      1038	80000f34	fd2106a3	sb	x18,-51(x2)	  x2:0x80008672 x18:0x00000001 PA:0x8000863f
       10405000	      1039	80000f38	fcd10783	lb	x15,-51(x2)	  x2:0x80008672 x15=0x00000001 PA:0x8000863f
       10415000	      1040	80000f3c	fcd10583	lb	x11,-51(x2)	  x2:0x80008672 x11=0x00000001 PA:0x8000863f
       10425000	      1041	80000f40	fcd14883	lbu	x17,-51(x2)	  x2:0x80008672 x17=0x00000001 PA:0x8000863f
       10435000	      1042	80000f44	fca10783	lb	x15,-54(x2)	  x2:0x80008672 x15=0x00000000 PA:0x8000863c
       10445000	      1043	80000f48	0194c333	xor	x6,x9,x25	  x9:0xfffff967 x25:0x80009fc4  x6=0x7fff66a3
       10455000	      1044	80000f4c	412952b3	sra	x5,x18,x18	 x18:0x00000001 x18:0x00000001  x5=0x00000000
       10465000	      1045	80000f50	fdf10003	lb	x0,-33(x2)	  x2:0x80008672 PA:0x80008651
       10475000	      1046	80000f54	01bc3033	sltu	x0,x24,x27	 x24:0x00000000 x27:0x0000000e
       10485000	      1047	80000f58	01d10983	lb	x19,29(x2)	  x2:0x80008672 x19=0x00000000 PA:0x8000868f
       10495000	      1048	80000f5c	fc611523	sh	x6,-54(x2)	  x2:0x80008672  x6:0x7fff66a3 PA:0x8000863c
       10505000	      1049	80000f60	03014883	lbu	x17,48(x2)	  x2:0x80008672 x17=0x00000000 PA:0x800086a2
       10515000	      1050	80000f64	ff911823	sh	x25,-16(x2)	  x2:0x80008672 x25:0x80009fc4 PA:0x80008662
       10525000	      1051	80000f68	ff014283	lbu	x5,-16(x2)	  x2:0x80008672  x5=0x000000c4 PA:0x80008662
       10535000	      1052	80000f6c	02910183	lb	x3,41(x2)	  x2:0x80008672  x3=0x00000000 PA:0x8000869b
       10545000	      1053	00000000	00000013	addi	x0,x0,0	  x0:0x00000000
       10555000	      1054	80000f70	fc3107a3	sb	x3,-49(x2)	  x2:0x80008672  x3:0x00000000 PA:0x80008641
       10565000	      1055	80000f74	fcf10f03	lb	x30,-49(x2)	  x2:0x80008672 x30=0x00000000 PA:0x80008641
       10575000	      1056	80000f78	fd6107a3	sb	x22,-49(x2)	  x2:0x80008672 x22:0x0000000e PA:0x80008641
       10585000	      1057	80000f7c	00007e17	auipc	x28,0x7	 x28=0x80007f78
       10595000	      1058	80000f80	1b4e0e13	addi	x28,x28,436	 x28:0x80007f78 x28=0x8000812c
       10605000	      1059	80000f84	005e4683	lbu	x13,5(x28)	 x28:0x8000812c x13=0x00000000 PA:0x80008131
       10615000	      1060	80000f88	0132b3b3	sltu	x7,x5,x19	  x5:0x000000c4 x19:0x00000000  x7=0x00000000
       10625000	      1061	80000f8c	0102db13	srli	x22,x5,0x10	  x5:0x000000c4 x22=0x00000000
       10635000	      1062	80000f90	006e1f83	lh	x31,6(x28)	 x28:0x8000812c x31=0x00000000 PA:0x80008132
       10645000	      1063	80000f94	007e4c03	lbu	x24,7(x28)	 x28:0x8000812c x24=0x00000000 PA:0x80008133
       10655000	      1064	80000f98	00599133	sll	x2,x19,x5	 x19:0x00000000  x5:0x000000c4  x2=0x00000000
       10665000	      1065	80000f9c	00fe0203	lb	x4,15(x28)	 x28:0x8000812c  x4=0x00000000 PA:0x8000813b
       10675000	      1066	80000fa0	01be07a3	sb	x27,15(x28)	 x28:0x8000812c x27:0x0000000e PA:0x8000813b
       10685000	      1067	80000fa4	00a08733	add	x14,x1,x10	  x1:0x00000000 x10:0x00000000 x14=0x00000000
       10695000	      1068	80000fa8	004fdb33	srl	x22,x31,x4	 x31:0x00000000  x4:0x00000000 x22=0x00000000
       10705000	      1069	80000fac	01ee07a3	sb	x30,15(x28)	 x28:0x8000812c x30:0x00000000 PA:0x8000813b
       10715000	      1070	80000fb0	416a5293	srai	x5,x20,0x16	 x20:0x00000000  x5=0x00000000
       10725000	      1071	80000fb4	008e2823	sw	x8,16(x28)	 x28:0x8000812c  x8:0x00000000 PA:0x8000813c
       10735000	      1072	80000fb8	412d88b3	sub	x17,x27,x18	 x27:0x0000000e x18:0x00000001 x17=0x0000000d
       10745000	      1073	80000fbc	01de0123	sb	x29,2(x28)	 x28:0x8000812c x29:0x00000000 PA:0x8000812e
       10755000	      1074	80000fc0	4002d693	srai	x13,x5,0x0	  x5:0x00000000 x13=0x00000000
       10765000	      1075	80000fc4	f1252193	slti	x3,x10,-238	 x10:0x00000000  x3=0x00000000
       10775000	      1076	80000fc8	01217d33	and	x26,x2,x18	  x2:0x00000000 x18:0x00000001 x26=0x00000000
       10785000	      1077	80000fcc	007e4403	lbu	x8,7(x28)	 x28:0x8000812c  x8=0x00000000 PA:0x80008133
       10795000	      1078	80000fd0	af473393	sltiu	x7,x14,-1292	 x14:0x00000000  x7=0x00000001
       10805000	      1079	80000fd4	c251e593	ori	x11,x3,-987	  x3:0x00000000 x11=0xfffffc25
       10815000	      1080	80000fd8	002aad33	slt	x26,x21,x2	 x21:0x00000000  x2:0x00000000 x26=0x00000000
       10825000	      1081	80000fdc	006e0983	lb	x19,6(x28)	 x28:0x8000812c x19=0x00000000 PA:0x80008132
       10835000	      1082	80000fe0	010778b3	and	x17,x14,x16	 x14:0x00000000 x16:0x00000000 x17=0x00000000
       10845000	      1083	80000fe4	40a05633	sra	x12,x0,x10	  x0:0x00000000 x10:0x00000000 x12=0x00000000
       10855000	      1084	80000fe8	004e5303	lhu	x6,4(x28)	 x28:0x8000812c  x6=0x00000000 PA:0x80008130
       10865000	      1085	80000fec	005e2223	sw	x5,4(x28)	 x28:0x8000812c  x5:0x00000000 PA:0x80008130
       10875000	      1086	80000ff0	014e0323	sb	x20,6(x28)	 x28:0x8000812c x20:0x00000000 PA:0x80008132
       10885000	      1087	80000ff4	01ae02a3	sb	x26,5(x28)	 x28:0x8000812c x26:0x00000000 PA:0x80008131
       10895000	      1088	80000ff8	fede1b23	sh	x13,-10(x28)	 x28:0x8000812c x13:0x00000000 PA:0x80008122
       10905000	      1089	80000ffc	ff1e1923	sh	x17,-14(x28)	 x28:0x8000812c x17:0x00000000 PA:0x8000811e
       10915000	      1090	80001000	ff5e4303	lbu	x6,-11(x28)	 x28:0x8000812c  x6=0x00000000 PA:0x80008121
       10925000	      1091	80001004	005d6d33	or	x26,x26,x5	 x26:0x00000000  x5:0x00000000 x26=0x00000000
       10935000	      1092	80001008	fe6e0b23	sb	x6,-10(x28)	 x28:0x8000812c  x6:0x00000000 PA:0x80008122
       10945000	      1093	8000100c	006e5403	lhu	x8,6(x28)	 x28:0x8000812c  x8=0x00000000 PA:0x80008132
       10955000	      1094	80001010	9ecdba93	sltiu	x21,x27,-1556	 x27:0x0000000e x21=0x00000001
       10965000	      1095	80001014	ff3e4683	lbu	x13,-13(x28)	 x28:0x8000812c x13=0x00000000 PA:0x8000811f
       10975000	      1096	80001018	7ef9b613	sltiu	x12,x19,2031	 x19:0x00000000 x12=0x00000001
       10985000	      1097	8000101c	00571393	slli	x7,x14,0x5	 x14:0x00000000  x7=0x00000000
       10995000	      1098	80001020	00a982b3	add	x5,x19,x10	 x19:0x00000000 x10:0x00000000  x5=0x00000000
       11005000	      1099	80001024	a3e47d13	andi	x26,x8,-1474	  x8:0x00000000 x26=0x00000000
       11015000	      1100	80001028	ff9e4103	lbu	x2,-7(x28)	 x28:0x8000812c  x2=0x00000000 PA:0x80008125
       11025000	      1101	8000102c	0002c333	xor	x6,x5,x0	  x5:0x00000000  x0:0x00000000  x6=0x00000000
       11035000	      1102	80001030	83423193	sltiu	x3,x4,-1996	  x4:0x00000000  x3=0x00000001
       11045000	      1103	80001034	00e767b3	or	x15,x14,x14	 x14:0x00000000 x14:0x00000000 x15=0x00000000
       11055000	      1104	80001038	004e5183	lhu	x3,4(x28)	 x28:0x8000812c  x3=0x00000000 PA:0x80008130
       11065000	      1105	8000103c	01828b33	add	x22,x5,x24	  x5:0x00000000 x24:0x00000000 x22=0x00000000
       11075000	      1106	80001040	00b142b3	xor	x5,x2,x11	  x2:0x00000000 x11:0xfffffc25  x5=0xfffffc25
       11085000	      1107	80001044	f0cd6113	ori	x2,x26,-244	 x26:0x00000000  x2=0xffffff0c
       11095000	      1108	80001048	00de0983	lb	x19,13(x28)	 x28:0x8000812c x19=0x00000000 PA:0x80008139
       11105000	      1109	8000104c	bca450b7	lui	x1,0xbca45	  x1=0xbca45000
       11115000	      1110	80001050	007e0803	lb	x16,7(x28)	 x28:0x8000812c x16=0x00000000 PA:0x80008133
       11125000	      1111	80001054	bf527093	andi	x1,x4,-1035	  x4:0x00000000  x1=0x00000000
       11135000	      1112	80001058	000e07a3	sb	x0,15(x28)	 x28:0x8000812c  x0:0x00000000 PA:0x8000813b
       11145000	      1113	8000105c	00008817	auipc	x16,0x8	 x16=0x80009058
       11155000	      1114	80001060	8c580813	addi	x16,x16,-1851	 x16:0x80009058 x16=0x8000891d
       11165000	      1115	80001064	07a80d23	sb	x26,122(x16)	 x16:0x8000891d x26:0x00000000 PA:0x80008997
       11175000	      1116	80001068	00008d17	auipc	x26,0x8	 x26=0x80009064
       11185000	      1117	8000106c	f7fd0d13	addi	x26,x26,-129	 x26:0x80009064 x26=0x80008fe3
       11195000	      1118	80001070	00007617	auipc	x12,0x7	 x12=0x8000806c
       11205000	      1119	80001074	7fc60613	addi	x12,x12,2044	 x12:0x8000806c x12=0x80008868
       11215000	      1120	80001078	f7680103	lb	x2,-138(x16)	 x16:0x8000891d  x2=0x00000000 PA:0x80008893
       11225000	      1121	8000107c	00008b17	auipc	x22,0x8	 x22=0x80009078
       11235000	      1122	80001080	d5eb0b13	addi	x22,x22,-674	 x22:0x80009078 x22=0x80008dd6
       11245000	      1123	80001084	fffd1203	lh	x4,-1(x26)	 x26:0x80008fe3  x4=0x00000000 PA:0x80008fe2
       11255000	      1124	80001088	02db4e03	lbu	x28,45(x22)	 x22:0x80008dd6 x28=0x0000000e PA:0x80008e03
       11265000	      1125	8000108c	f3382483	lw	x9,-205(x16)	 x16:0x8000891d  x9=0x00000000 PA:0x80008850
       11275000	      1126	80001090	00008e97	auipc	x29,0x8	 x29=0x8000908c
       11285000	      1127	80001094	be3e8e93	addi	x29,x29,-1053	 x29:0x8000908c x29=0x80008c6f
       11295000	      1128	80001098	ff0b0f03	lb	x30,-16(x22)	 x22:0x80008dd6 x30=0x00000000 PA:0x80008dc6
       11305000	      1129	8000109c	fe265003	lhu	x0,-30(x12)	 x12:0x80008868 PA:0x8000884a
       11315000	      1130	800010a0	000d4703	lbu	x14,0(x26)	 x26:0x80008fe3 x14=0x00000000 PA:0x80008fe3
       11325000	      1131	800010a4	ff0d4103	lbu	x2,-16(x26)	 x26:0x80008fe3  x2=0x00000000 PA:0x80008fd3
       11335000	      1132	800010a8	0ce80923	sb	x14,210(x16)	 x16:0x8000891d x14:0x00000000 PA:0x800089ef
       11345000	      1133	800010ac	ff761523	sh	x23,-22(x12)	 x12:0x80008868 x23:0x80009f4c PA:0x80008852
       11355000	      1134	800010b0	047ed283	lhu	x5,71(x29)	 x29:0x80008c6f  x5=0x00000000 PA:0x80008cb6
       11365000	      1135	800010b4	ffdb06a3	sb	x29,-19(x22)	 x22:0x80008dd6 x29:0x80008c6f PA:0x80008dc3
       11375000	      1136	800010b8	ffcd0a03	lb	x20,-4(x26)	 x26:0x80008fe3 x20=0x00000000 PA:0x80008fdf
       11385000	      1137	800010bc	f55800a3	sb	x21,-191(x16)	 x16:0x8000891d x21:0x00000001 PA:0x8000885e
       11395000	      1138	800010c0	01560823	sb	x21,16(x12)	 x12:0x80008868 x21:0x00000001 PA:0x80008878
       11405000	      1139	800010c4	007e8283	lb	x5,7(x29)	 x29:0x80008c6f  x5=0x00000000 PA:0x80008c76
       11415000	      1140	800010c8	022b4783	lbu	x15,34(x22)	 x22:0x80008dd6 x15=0x00000000 PA:0x80008df8
       11425000	      1141	800010cc	007b0f83	lb	x31,7(x22)	 x22:0x80008dd6 x31=0x00000000 PA:0x80008ddd
       11435000	      1142	800010d0	0f880123	sb	x24,226(x16)	 x16:0x8000891d x24:0x00000000 PA:0x800089ff
       11445000	      1143	800010d4	024b1283	lh	x5,36(x22)	 x22:0x80008dd6  x5=0x00000000 PA:0x80008dfa
       11455000	      1144	800010d8	0af81403	lh	x8,175(x16)	 x16:0x8000891d  x8=0x00000000 PA:0x800089cc
       11465000	      1145	800010dc	fe661623	sh	x6,-20(x12)	 x12:0x80008868  x6:0x00000000 PA:0x80008854
       11475000	      1146	800010e0	fe260da3	sb	x2,-5(x12)	 x12:0x80008868  x2:0x00000000 PA:0x80008863
       11485000	      1147	800010e4	ff6d0e23	sb	x22,-4(x26)	 x26:0x80008fe3 x22:0x80008dd6 PA:0x80008fdf
       11495000	      1148	800010e8	0be80203	lb	x4,190(x16)	 x16:0x8000891d  x4=0x00000000 PA:0x800089db
       11505000	      1149	800010ec	01eb0483	lb	x9,30(x22)	 x22:0x80008dd6  x9=0x00000000 PA:0x80008df4
       11515000	      1150	800010f0	f1be8ca3	sb	x27,-231(x29)	 x29:0x80008c6f x27:0x0000000e PA:0x80008b88
       11525000	      1151	800010f4	fe4d08a3	sb	x4,-15(x26)	 x26:0x80008fe3  x4:0x00000000 PA:0x80008fd4
       11535000	      1152	800010f8	000d4003	lbu	x0,0(x26)	 x26:0x80008fe3 PA:0x80008fe3
       11545000	      1153	800010fc	ffad0283	lb	x5,-6(x26)	 x26:0x80008fe3  x5=0x00000000 PA:0x80008fdd
       11555000	      1154	80001100	fa4e90a3	sh	x4,-95(x29)	 x29:0x80008c6f  x4:0x00000000 PA:0x80008c10
       11565000	      1155	80001104	030b2923	sw	x16,50(x22)	 x22:0x80008dd6 x16:0x8000891d PA:0x80008e08
       11575000	      1156	80001108	03360283	lb	x5,51(x12)	 x12:0x80008868  x5=0x00000000 PA:0x8000889b
       11585000	      1157	8000110c	002b2123	sw	x2,2(x22)	 x22:0x80008dd6  x2:0x00000000 PA:0x80008dd8
       11595000	      1158	80001110	07284203	lbu	x4,114(x16)	 x16:0x8000891d  x4=0x00000000 PA:0x8000898f
       11605000	      1159	80001114	03660f23	sb	x22,62(x12)	 x12:0x80008868 x22:0x80008dd6 PA:0x800088a6
       11615000	      1160	80001118	f3880503	lb	x10,-200(x16)	 x16:0x8000891d x10=0x00000000 PA:0x80008855
       11625000	      1161	8000111c	f9ce8323	sb	x28,-122(x29)	 x29:0x80008c6f x28:0x0000000e PA:0x80008bf5
       11635000	      1162	80001120	00a908b3	add	x17,x18,x10	 x18:0x00000001 x10:0x00000000 x17=0x00000001
       11645000	      1163	80001124	0100d113	srli	x2,x1,0x10	  x1:0x00000000  x2=0x00000000
       11655000	      1164	80001128	4092dd13	srai	x26,x5,0x9	  x5:0x00000000 x26=0x00000000
       11665000	      1165	8000112c	e165f797	auipc	x15,0xe165f	 x15=0x61660128
       11675000	      1166	80001130	03f98863	beq	x19,x31,80001160	 x19:0x00000000 x31:0x00000000
       11685000	      1167	00000000	00000013	addi	x0,x0,0	  x0:0x00000000
       11695000	      1168	8000115c	00000013	addi	x0,x0,0	  x0:0x00000000
       11705000	      1169	80001160	1ee6aa13	slti	x20,x13,494	 x13:0x00000000 x20=0x00000001
       11715000	      1170	80001164	00bfce33	xor	x28,x31,x11	 x31:0x00000000 x11:0xfffffc25 x28=0xfffffc25
       11725000	      1171	80001168	04f50863	beq	x10,x15,800011b8	 x10:0x00000000 x15:0x61660128
       11735000	      1172	8000116c	8dd33293	sltiu	x5,x6,-1827	  x6:0x00000000  x5=0x00000001
       11745000	      1173	80001170	0014ff33	and	x30,x9,x1	  x9:0x00000000  x1:0x00000000 x30=0x00000000
       11755000	      1174	80001174	03128263	beq	x5,x17,80001198	  x5:0x00000001 x17:0x00000001
       11765000	      1175	00000000	00000013	addi	x0,x0,0	  x0:0x00000000
       11775000	      1176	80001194	00000013	addi	x0,x0,0	  x0:0x00000000
       11785000	      1177	80001198	032d8463	beq	x27,x18,800011c0	 x27:0x0000000e x18:0x00000001
       11795000	      1178	8000119c	01aa1c33	sll	x24,x20,x26	 x20:0x00000001 x26:0x00000000 x24=0x00000001
       11805000	      1179	800011a0	01052b33	slt	x22,x10,x16	 x10:0x00000000 x16:0x8000891d x22=0x00000000
       11815000	      1180	800011a4	ae7ee793	ori	x15,x29,-1305	 x29:0x80008c6f x15=0xfffffeef
       11825000	      1181	800011a8	49234b13	xori	x22,x6,1170	  x6:0x00000000 x22=0x00000492
       11835000	      1182	800011ac	01c01293	slli	x5,x0,0x1c	  x0:0x00000000  x5=0x00000000
       11845000	      1183	800011b0	01655a13	srli	x20,x10,0x16	 x10:0x00000000 x20=0x00000000
       11855000	      1184	800011b4	03b58463	beq	x11,x27,800011dc	 x11:0xfffffc25 x27:0x0000000e
       11865000	      1185	800011b8	ce5dfe93	andi	x29,x27,-795	 x27:0x0000000e x29=0x00000004
       11875000	      1186	800011bc	01c93933	sltu	x18,x18,x28	 x18:0x00000001 x28:0xfffffc25 x18=0x00000001
       11885000	      1187	800011c0	00000013	addi	x0,x0,0	  x0:0x00000000
       11895000	      1188	800011c4	fef32f93	slti	x31,x6,-17	  x6:0x00000000 x31=0x00000000
       11905000	      1189	800011c8	01c1c0b3	xor	x1,x3,x28	  x3:0x00000000 x28:0xfffffc25  x1=0xfffffc25
       11915000	      1190	800011cc	0365ca63	blt	x11,x22,80001200	 x11:0xfffffc25 x22:0x00000492
       11925000	      1191	00000000	00000013	addi	x0,x0,0	  x0:0x00000000
       11935000	      1192	800011fc	00000013	addi	x0,x0,0	  x0:0x00000000
       11945000	      1193	80001200	0345f063	bgeu	x11,x20,80001220	 x11:0xfffffc25 x20:0x00000000
       11955000	      1194	00000000	00000013	addi	x0,x0,0	  x0:0x00000000
       11965000	      1195	8000121c	00000013	addi	x0,x0,0	  x0:0x00000000
       11975000	      1196	80001220	77ad5937	lui	x18,0x77ad5	 x18=0x77ad5000
       11985000	      1197	80001224	404d8433	sub	x8,x27,x4	 x27:0x0000000e  x4:0x00000000  x8=0x0000000e
       11995000	      1198	80001228	01af1f93	slli	x31,x30,0x1a	 x30:0x00000000 x31=0x00000000
       12005000	      1199	8000122c	05784663	blt	x16,x23,80001278	 x16:0x8000891d x23:0x80009f4c
       12015000	      1200	00000000	00000013	addi	x0,x0,0	  x0:0x00000000
       12025000	      1201	80001274	00000013	addi	x0,x0,0	  x0:0x00000000
       12035000	      1202	80001278	40a35d33	sra	x26,x6,x10	  x6:0x00000000 x10:0x00000000 x26=0x00000000
       12045000	      1203	8000127c	85fde593	ori	x11,x27,-1953	 x27:0x0000000e x11=0xfffff85f
       12055000	      1204	80001280	03237e63	bgeu	x6,x18,800012bc	  x6:0x00000000 x18:0x77ad5000
       12065000	      1205	80001284	fabde693	ori	x13,x27,-85	 x27:0x0000000e x13=0xffffffaf
       12075000	      1206	80001288	01cd5693	srli	x13,x26,0x1c	 x26:0x00000000 x13=0x00000000
       12085000	      1207	8000128c	01a65033	srl	x0,x12,x26	 x12:0x80008868 x26:0x00000000
       12095000	      1208	80001290	efb5a937	lui	x18,0xefb5a	 x18=0xefb5a000
       12105000	      1209	80001294	65913793	sltiu	x15,x2,1625	  x2:0x00000000 x15=0x00000001
       12115000	      1210	80001298	01b55a13	srli	x20,x10,0x1b	 x10:0x00000000 x20=0x00000000
       12125000	      1211	8000129c	cc30bc13	sltiu	x24,x1,-829	  x1:0xfffffc25 x24=0x00000001
       12135000	      1212	800012a0	01df4263	blt	x30,x29,800012a4	 x30:0x00000000 x29:0x00000004
       12145000	      1213	00000000	00000013	addi	x0,x0,0	  x0:0x00000000
       12155000	      1214	800012a0	00000013	addi	x0,x0,0	  x0:0x00000000
       12165000	      1215	800012a4	000c7833	and	x16,x24,x0	 x24:0x00000001  x0:0x00000000 x16=0x00000000
       12175000	      1216	800012a8	413fd433	sra	x8,x31,x19	 x31:0x00000000 x19:0x00000000  x8=0x00000000
       12185000	      1217	800012ac	035e8263	beq	x29,x21,800012d0	 x29:0x00000004 x21:0x00000001
       12195000	      1218	800012b0	bffe3b13	sltiu	x22,x28,-1025	 x28:0xfffffc25 x22=0x00000000
       12205000	      1219	800012b4	01dee2b3	or	x5,x29,x29	 x29:0x00000004 x29:0x00000004  x5=0x00000004
       12215000	      1220	800012b8	01169893	slli	x17,x13,0x11	 x13:0x00000000 x17=0x00000000
       12225000	      1221	800012bc	01cb32b3	sltu	x5,x22,x28	 x22:0x00000000 x28:0xfffffc25  x5=0x00000001
       12235000	      1222	800012c0	02561863	bne	x12,x5,800012f0	 x12:0x80008868  x5:0x00000001
       12245000	      1223	00000000	00000013	addi	x0,x0,0	  x0:0x00000000
       12255000	      1224	800012ec	00000013	addi	x0,x0,0	  x0:0x00000000
       12265000	      1225	800012f0	01b657b3	srl	x15,x12,x27	 x12:0x80008868 x27:0x0000000e x15=0x00020002
       12275000	      1226	800012f4	7716c393	xori	x7,x13,1905	 x13:0x00000000  x7=0x00000771
       12285000	      1227	800012f8	01231f13	slli	x30,x6,0x12	  x6:0x00000000 x30=0x00000000
       12295000	      1228	800012fc	0050c2b3	xor	x5,x1,x5	  x1:0xfffffc25  x5:0x00000001  x5=0xfffffc24
       12305000	      1229	80001300	00f7e7b3	or	x15,x15,x15	 x15:0x00020002 x15:0x00020002 x15=0x00020002
       12315000	      1230	80001304	68f08293	addi	x5,x1,1679	  x1:0xfffffc25  x5=0x000002b4
       12325000	      1231	80001308	faa70413	addi	x8,x14,-86	 x14:0x00000000  x8=0xffffffaa
       12335000	      1232	8000130c	b3db6093	ori	x1,x22,-1219	 x22:0x00000000  x1=0xfffffb3d
       12345000	      1233	80001310	01a1aa33	slt	x20,x3,x26	  x3:0x00000000 x26:0x00000000 x20=0x00000000
       12355000	      1234	80001314	fe5f04b7	lui	x9,0xfe5f0	  x9=0xfe5f0000
       12365000	      1235	80001318	61f88793	addi	x15,x17,1567	 x17:0x00000000 x15=0x0000061f
       12375000	      1236	8000131c	89efb193	sltiu	x3,x31,-1890	 x31:0x00000000  x3=0x00000001
       12385000	      1237	80001320	4025da93	srai	x21,x11,0x2	 x11:0xfffff85f x21=0xfffffe17
       12395000	      1238	80001324	b7fb8393	addi	x7,x23,-1153	 x23:0x80009f4c  x7=0x80009acb
       12405000	      1239	80001328	54f96793	ori	x15,x18,1359	 x18:0xefb5a000 x15=0xefb5a54f
       12415000	      1240	8000132c	5c8a8513	addi	x10,x21,1480	 x21:0xfffffe17 x10=0x000003df
       12425000	      1241	80001330	51ebee13	ori	x28,x23,1310	 x23:0x80009f4c x28=0x80009f5e
       12435000	      1242	80001334	024a7e63	bgeu	x20,x4,80001370	 x20:0x00000000  x4:0x00000000
       12445000	      1243	00000000	00000013	addi	x0,x0,0	  x0:0x00000000
       12455000	      1244	8000136c	00000013	addi	x0,x0,0	  x0:0x00000000
       12465000	      1245	80001370	032c9e63	bne	x25,x18,800013ac	 x25:0x80009fc4 x18:0xefb5a000
       12475000	      1246	00000000	00000013	addi	x0,x0,0	  x0:0x00000000
       12485000	      1247	800013a8	00000013	addi	x0,x0,0	  x0:0x00000000
       12495000	      1248	800013ac	d2e6ff93	andi	x31,x13,-722	 x13:0x00000000 x31=0x00000000
       12505000	      1249	800013b0	02e7c063	blt	x15,x14,800013d0	 x15:0xefb5a54f x14:0x00000000
       12515000	      1250	00000000	00000013	addi	x0,x0,0	  x0:0x00000000
       12525000	      1251	800013cc	00000013	addi	x0,x0,0	  x0:0x00000000
       12535000	      1252	800013d0	0081f263	bgeu	x3,x8,800013d4	  x3:0x00000001  x8:0xffffffaa
       12545000	      1253	800013d4	03939863	bne	x7,x25,80001404	  x7:0x80009acb x25:0x80009fc4
       12555000	      1254	00000000	00000013	addi	x0,x0,0	  x0:0x00000000
       12565000	      1255	80001400	00000013	addi	x0,x0,0	  x0:0x00000000
       12575000	      1256	80001404	007ee033	or	x0,x29,x7	 x29:0x00000004  x7:0x80009acb
       12585000	      1257	80001408	08f39463	bne	x7,x15,80001490	  x7:0x80009acb x15:0xefb5a54f
       12595000	      1258	00000000	00000013	addi	x0,x0,0	  x0:0x00000000
       12605000	      1259	8000148c	00000013	addi	x0,x0,0	  x0:0x00000000
       12615000	      1260	80001490	0116a3b3	slt	x7,x13,x17	 x13:0x00000000 x17:0x00000000  x7=0x00000000
       12625000	      1261	80001494	4056d893	srai	x17,x13,0x5	 x13:0x00000000 x17=0x00000000
       12635000	      1262	80001498	00425813	srli	x16,x4,0x4	  x4:0x00000000 x16=0x00000000
       12645000	      1263	8000149c	046c0663	beq	x24,x6,800014e8	 x24:0x00000001  x6:0x00000000
       12655000	      1264	800014a0	0319e263	bltu	x19,x17,800014c4	 x19:0x00000000 x17:0x00000000
       12665000	      1265	800014a4	411dde33	sra	x28,x27,x17	 x27:0x0000000e x17:0x00000000 x28=0x0000000e
       12675000	      1266	800014a8	4044d333	sra	x6,x9,x4	  x9:0xfe5f0000  x4:0x00000000  x6=0xfe5f0000
       12685000	      1267	800014ac	f68bee93	ori	x29,x23,-152	 x23:0x80009f4c x29=0xffffff6c
       12695000	      1268	800014b0	62431e17	auipc	x28,0x62431	 x28=0xe24324ac
       12705000	      1269	800014b4	6957a593	slti	x11,x15,1685	 x15:0xefb5a54f x11=0x00000001
       12715000	      1270	800014b8	dc778a13	addi	x20,x15,-569	 x15:0xefb5a54f x20=0xefb5a316
       12725000	      1271	800014bc	01e682b3	add	x5,x13,x30	 x13:0x00000000 x30:0x00000000  x5=0x00000000
       12735000	      1272	800014c0	cf2af537	lui	x10,0xcf2af	 x10=0xcf2af000
       12745000	      1273	800014c4	41045113	srai	x2,x8,0x10	  x8:0xffffffaa  x2=0xffffffff
       12755000	      1274	800014c8	00000013	addi	x0,x0,0	  x0:0x00000000
       12765000	      1275	800014cc	00c6dab3	srl	x21,x13,x12	 x13:0x00000000 x12:0x80008868 x21=0x00000000
       12775000	      1276	800014d0	c713ef93	ori	x31,x7,-911	  x7:0x00000000 x31=0xfffffc71
       12785000	      1277	800014d4	5fcc99b7	lui	x19,0x5fcc9	 x19=0x5fcc9000
       12795000	      1278	800014d8	171ef1b7	lui	x3,0x171ef	  x3=0x171ef000
       12805000	      1279	800014dc	00a69433	sll	x8,x13,x10	 x13:0x00000000 x10:0xcf2af000  x8=0x00000000
       12815000	      1280	800014e0	f8178613	addi	x12,x15,-127	 x15:0xefb5a54f x12=0xefb5a4d0
       12825000	      1281	800014e4	00bf0eb3	add	x29,x30,x11	 x30:0x00000000 x11:0x00000001 x29=0x00000001
       12835000	      1282	800014e8	6d218513	addi	x10,x3,1746	  x3:0x171ef000 x10=0x171ef6d2
       12845000	      1283	800014ec	01b59233	sll	x4,x11,x27	 x11:0x00000001 x27:0x0000000e  x4=0x00004000
       12855000	      1284	800014f0	bbf84693	xori	x13,x16,-1089	 x16:0x00000000 x13=0xfffffbbf
       12865000	      1285	800014f4	010137b3	sltu	x15,x2,x16	  x2:0xffffffff x16:0x00000000 x15=0x00000000
       12875000	      1286	800014f8	00be1213	slli	x4,x28,0xb	 x28:0xe24324ac  x4=0x19256000
       12885000	      1287	800014fc	010f88b3	add	x17,x31,x16	 x31:0xfffffc71 x16:0x00000000 x17=0xfffffc71
       12895000	      1288	80001500	030dde63	bge	x27,x16,8000153c	 x27:0x0000000e x16:0x00000000
       12905000	      1289	00000000	00000013	addi	x0,x0,0	  x0:0x00000000
       12915000	      1290	80001538	00000013	addi	x0,x0,0	  x0:0x00000000
       12925000	      1291	8000153c	01db7133	and	x2,x22,x29	 x22:0x00000000 x29:0x00000001  x2=0x00000000
       12935000	      1292	80001540	01e40033	add	x0,x8,x30	  x8:0x00000000 x30:0x00000000
       12945000	      1293	80001544	03351a63	bne	x10,x19,80001578	 x10:0x171ef6d2 x19:0x5fcc9000
       12955000	      1294	00000000	00000013	addi	x0,x0,0	  x0:0x00000000
       12965000	      1295	80001574	00000013	addi	x0,x0,0	  x0:0x00000000
       12975000	      1296	80001578	0192c133	xor	x2,x5,x25	  x5:0x00000000 x25:0x80009fc4  x2=0x80009fc4
       12985000	      1297	8000157c	55af8e97	auipc	x29,0x55af8	 x29=0xd5af9578
       12995000	      1298	80001580	01b25f93	srli	x31,x4,0x1b	  x4:0x19256000 x31=0x00000003
       13005000	      1299	80001584	003f32b3	sltu	x5,x30,x3	 x30:0x00000000  x3:0x171ef000  x5=0x00000001
       13015000	      1300	80001588	02158c63	beq	x11,x1,800015c0	 x11:0x00000001  x1:0xfffffb3d
       13025000	      1301	8000158c	e033e113	ori	x2,x7,-509	  x7:0x00000000  x2=0xfffffe03
       13035000	      1302	80001590	79248213	addi	x4,x9,1938	  x9:0xfe5f0000  x4=0xfe5f0792
       13045000	      1303	80001594	010820b3	slt	x1,x16,x16	 x16:0x00000000 x16:0x00000000  x1=0x00000000
       13055000	      1304	80001598	034a5063	bge	x20,x20,800015b8	 x20:0xefb5a316 x20:0xefb5a316
       13065000	      1305	00000000	00000013	addi	x0,x0,0	  x0:0x00000000
       13075000	      1306	800015b4	00000013	addi	x0,x0,0	  x0:0x00000000
       13085000	      1307	800015b8	41fc84b3	sub	x9,x25,x31	 x25:0x80009fc4 x31:0x00000003  x9=0x80009fc1
       13095000	      1308	800015bc	01b1da93	srli	x21,x3,0x1b	  x3:0x171ef000 x21=0x00000002
       13105000	      1309	800015c0	00e25a93	srli	x21,x4,0xe	  x4:0xfe5f0792 x21=0x0003f97c
       13115000	      1310	800015c4	002a53b3	srl	x7,x20,x2	 x20:0xefb5a316  x2:0xfffffe03  x7=0x1df6b462
       13125000	      1311	800015c8	5aa94013	xori	x0,x18,1450	 x18:0xefb5a000
       13135000	      1312	800015cc	00c81263	bne	x16,x12,800015d0	 x16:0x00000000 x12:0xefb5a4d0
       13145000	      1313	00000000	00000013	addi	x0,x0,0	  x0:0x00000000
       13155000	      1314	800015cc	00000013	addi	x0,x0,0	  x0:0x00000000
       13165000	      1315	800015d0	b83e7713	andi	x14,x28,-1149	 x28:0xe24324ac x14=0xe2432080
       13175000	      1316	800015d4	41515b33	sra	x22,x2,x21	  x2:0xfffffe03 x21:0x0003f97c x22=0xffffffff
       13185000	      1317	800015d8	00000013	addi	x0,x0,0	  x0:0x00000000
       13195000	      1318	800015dc	029bf863	bgeu	x23,x9,8000160c	 x23:0x80009f4c  x9:0x80009fc1
       13205000	      1319	800015e0	dc45c813	xori	x16,x11,-572	 x11:0x00000001 x16=0xfffffdc5
       13215000	      1320	800015e4	01107933	and	x18,x0,x17	  x0:0x00000000 x17:0xfffffc71 x18=0x00000000
       13225000	      1321	800015e8	70233993	sltiu	x19,x6,1794	  x6:0xfe5f0000 x19=0x00000000
       13235000	      1322	800015ec	41f6d733	sra	x14,x13,x31	 x13:0xfffffbbf x31:0x00000003 x14=0xffffff77
       13245000	      1323	800015f0	08cfa493	slti	x9,x31,140	 x31:0x00000003  x9=0x00000001
       13255000	      1324	800015f4	02445463	bge	x8,x4,8000161c	  x8:0x00000000  x4:0xfe5f0792
       13265000	      1325	00000000	00000013	addi	x0,x0,0	  x0:0x00000000
       13275000	      1326	80001618	00000013	addi	x0,x0,0	  x0:0x00000000
       13285000	      1327	8000161c	03d21e63	bne	x4,x29,80001658	  x4:0xfe5f0792 x29:0xd5af9578
       13295000	      1328	00000000	00000013	addi	x0,x0,0	  x0:0x00000000
       13305000	      1329	80001654	00000013	addi	x0,x0,0	  x0:0x00000000
       13315000	      1330	80001658	03fe4e63	blt	x28,x31,80001694	 x28:0xe24324ac x31:0x00000003
       13325000	      1331	00000000	00000013	addi	x0,x0,0	  x0:0x00000000
       13335000	      1332	80001690	00000013	addi	x0,x0,0	  x0:0x00000000
       13345000	      1333	80001694	01255613	srli	x12,x10,0x12	 x10:0x171ef6d2 x12=0x000005c7
       13355000	      1334	80001698	03d68063	beq	x13,x29,800016b8	 x13:0xfffffbbf x29:0xd5af9578
       13365000	      1335	8000169c	404958b3	sra	x17,x18,x4	 x18:0x00000000  x4:0xfe5f0792 x17=0x00000000
       13375000	      1336	800016a0	40678633	sub	x12,x15,x6	 x15:0x00000000  x6:0xfe5f0000 x12=0x01a10000
       13385000	      1337	800016a4	e1e32817	auipc	x16,0xe1e32	 x16=0x61e336a0
       13395000	      1338	800016a8	01fef6b3	and	x13,x29,x31	 x29:0xd5af9578 x31:0x00000003 x13=0x00000000
       13405000	      1339	800016ac	008fffb3	and	x31,x31,x8	 x31:0x00000003  x8:0x00000000 x31=0x00000000
       13415000	      1340	800016b0	00da0433	add	x8,x20,x13	 x20:0xefb5a316 x13:0x00000000  x8=0xefb5a316
       13425000	      1341	800016b4	011750b3	srl	x1,x14,x17	 x14:0xffffff77 x17:0x00000000  x1=0xffffff77
       13435000	      1342	800016b8	009f5193	srli	x3,x30,0x9	 x30:0x00000000  x3=0x00000000
       13445000	      1343	800016bc	012daab3	slt	x21,x27,x18	 x27:0x0000000e x18:0x00000000 x21=0x00000000
       13455000	      1344	800016c0	00f44533	xor	x10,x8,x15	  x8:0xefb5a316 x15:0x00000000 x10=0xefb5a316
       13465000	      1345	800016c4	01078b33	add	x22,x15,x16	 x15:0x00000000 x16:0x61e336a0 x22=0x61e336a0
       13475000	      1346	800016c8	410c5713	srai	x14,x24,0x10	 x24:0x00000001 x14=0x00000000
       13485000	      1347	800016cc	a5ea1337	lui	x6,0xa5ea1	  x6=0xa5ea1000
       13495000	      1348	800016d0	01220833	add	x16,x4,x18	  x4:0xfe5f0792 x18:0x00000000 x16=0xfe5f0792
       13505000	      1349	800016d4	40edd233	sra	x4,x27,x14	 x27:0x0000000e x14:0x00000000  x4=0x0000000e
       13515000	      1350	800016d8	02a2d263	bge	x5,x10,800016fc	  x5:0x00000001 x10:0xefb5a316
       13525000	      1351	00000000	00000013	addi	x0,x0,0	  x0:0x00000000
       13535000	      1352	800016f8	00000013	addi	x0,x0,0	  x0:0x00000000
       13545000	      1353	800016fc	01aadd13	srli	x26,x21,0x1a	 x21:0x00000000 x26=0x00000000
       13555000	      1354	80001700	0151f133	and	x2,x3,x21	  x3:0x00000000 x21:0x00000000  x2=0x00000000
       13565000	      1355	80001704	002d12b3	sll	x5,x26,x2	 x26:0x00000000  x2:0x00000000  x5=0x00000000
       13575000	      1356	80001708	4daf6613	ori	x12,x30,1242	 x30:0x00000000 x12=0x000004da
       13585000	      1357	8000170c	01612ab3	slt	x21,x2,x22	  x2:0x00000000 x22:0x61e336a0 x21=0x00000001
       13595000	      1358	80001710	01700263	beq	x0,x23,80001714	  x0:0x00000000 x23:0x80009f4c
       13605000	      1359	80001714	00446233	or	x4,x8,x4	  x8:0xefb5a316  x4:0x0000000e  x4=0xefb5a31e
       13615000	      1360	80001718	f09ee613	ori	x12,x29,-247	 x29:0xd5af9578 x12=0xffffff79
       13625000	      1361	8000171c	6c50e497	auipc	x9,0x6c50e	  x9=0xec50f718
       13635000	      1362	80001720	2e51ae37	lui	x28,0x2e51a	 x28=0x2e51a000
       13645000	      1363	80001724	01ee3d33	sltu	x26,x28,x30	 x28:0x2e51a000 x30:0x00000000 x26=0x00000000
       13655000	      1364	80001728	011b8c63	beq	x23,x17,80001740	 x23:0x80009f4c x17:0x00000000
       13665000	      1365	8000172c	426bf893	andi	x17,x23,1062	 x23:0x80009f4c x17=0x00000404
       13675000	      1366	80001730	01c4be33	sltu	x28,x9,x28	  x9:0xec50f718 x28:0x2e51a000 x28=0x00000000
       13685000	      1367	80001734	c3283613	sltiu	x12,x16,-974	 x16:0xfe5f0792 x12=0x00000001
       13695000	      1368	80001738	203f7613	andi	x12,x30,515	 x30:0x00000000 x12=0x00000000
       13705000	      1369	8000173c	000d0b33	add	x22,x26,x0	 x26:0x00000000  x0:0x00000000 x22=0x00000000
       13715000	      1370	80001740	40430733	sub	x14,x6,x4	  x6:0xa5ea1000  x4:0xefb5a31e x14=0xb6346ce2
       13725000	      1371	80001744	00a33eb3	sltu	x29,x6,x10	  x6:0xa5ea1000 x10:0xefb5a316 x29=0x00000001
       13735000	      1372	80001748	003f1633	sll	x12,x30,x3	 x30:0x00000000  x3:0x00000000 x12=0x00000000
       13745000	      1373	8000174c	004ba083	lw	x1,4(x23)	 x23:0x80009f4c  x1=0x8000082c PA:0x80009f50
       13755000	      1374	80001750	00000013	addi	x0,x0,0	  x0:0x00000000
       13765000	      1375	80001754	00e20fb3	add	x31,x4,x14	  x4:0xefb5a31e x14:0xb6346ce2 x31=0xa5ea1000
       13775000	      1376	80001758	018b8833	add	x16,x23,x24	 x23:0x80009f4c x24:0x00000001 x16=0x80009f4d
       13785000	      1377	8000175c	00371a13	slli	x20,x14,0x3	 x14:0xb6346ce2 x20=0xb1a36710
       13795000	      1378	80001760	038b8b93	addi	x23,x23,56	 x23:0x80009f4c x23=0x80009f84
       13805000	      1379	80001764	027aaf37	lui	x30,0x27aa	 x30=0x027aa000
       13815000	      1380	80001768	00430133	add	x2,x6,x4	  x6:0xa5ea1000  x4:0xefb5a31e  x2=0x959fb31e
       13825000	      1381	8000176c	00008a13	addi	x20,x1,0	  x1:0x8000082c x20=0x8000082c
       13835000	      1382	80001770	000a0a67	jalr	x20,x20,0	 x20:0x8000082c x20=0x80001770
       13845000	      1383	00000000	00000013	addi	x0,x0,0	  x0:0x00000000
       13855000	      1384	8000082c	00000013	addi	x0,x0,0	  x0:0x00000000
       13865000	      1385	80000830	aa37bf93	sltiu	x31,x15,-1373	 x15:0x00000000 x31=0x00000001
       13875000	      1386	80000834	bb0eb937	lui	x18,0xbb0eb	 x18=0xbb0eb000
       13885000	      1387	80000838	01aadd33	srl	x26,x21,x26	 x21:0x00000001 x26:0x00000000 x26=0x00000001
       13895000	      1388	8000083c	88f3a893	slti	x17,x7,-1905	  x7:0x1df6b462 x17=0x00000000
       13905000	      1389	80000840	01343c33	sltu	x24,x8,x19	  x8:0xefb5a316 x19:0x00000000 x24=0x00000000
       13915000	      1390	80000844	cf843713	sltiu	x14,x8,-776	  x8:0xefb5a316 x14=0x00000001
       13925000	      1391	80000848	5406e297	auipc	x5,0x5406e	  x5=0xd406e844
       13935000	      1392	8000084c	01fd1a63	bne	x26,x31,80000860	 x26:0x00000001 x31:0x00000001
       13945000	      1393	80000850	00f2b5b3	sltu	x11,x5,x15	  x5:0xd406e844 x15:0x00000000 x11=0x00000000
       13955000	      1394	80000854	4ec52013	slti	x0,x10,1260	 x10:0xefb5a316
       13965000	      1395	80000858	66ce2e97	auipc	x29,0x66ce2	 x29=0xe6ce2854
       13975000	      1396	8000085c	0155e8b3	or	x17,x11,x21	 x11:0x00000000 x21:0x00000001 x17=0x00000001
       13985000	      1397	80000860	2f3ae513	ori	x10,x21,755	 x21:0x00000001 x10=0x000002f3
       13995000	      1398	80000864	00000013	addi	x0,x0,0	  x0:0x00000000
       14005000	      1399	80000868	01ce90b3	sll	x1,x29,x28	 x29:0xe6ce2854 x28:0x00000000  x1=0xe6ce2854
       14015000	      1400	8000086c	01625fb3	srl	x31,x4,x22	  x4:0xefb5a31e x22:0x00000000 x31=0xefb5a31e
       14025000	      1401	80000870	6fbe8f13	addi	x30,x29,1787	 x29:0xe6ce2854 x30=0xe6ce2f4f
       14035000	      1402	80000874	52618513	addi	x10,x3,1318	  x3:0x00000000 x10=0x00000526
       14045000	      1403	80000878	4034de13	srai	x28,x9,0x3	  x9:0xec50f718 x28=0xfd8a1ee3
       14055000	      1404	8000087c	93e3ab17	auipc	x22,0x93e3a	 x22=0x13e3a878
       14065000	      1405	80000880	01766e33	or	x28,x12,x23	 x12:0x00000000 x23:0x80009f84 x28=0x80009f84
       14075000	      1406	80000884	ab6b2a13	slti	x20,x22,-1354	 x22:0x13e3a878 x20=0x00000000
       14085000	      1407	80000888	36ff0417	auipc	x8,0x36ff0	  x8=0xb6ff0884
       14095000	      1408	8000088c	0532d263	bge	x5,x19,800008d0	  x5:0xd406e844 x19:0x00000000
       14105000	      1409	80000890	013e8833	add	x16,x29,x19	 x29:0xe6ce2854 x19:0x00000000 x16=0xe6ce2854
       14115000	      1410	80000894	0037e3b3	or	x7,x15,x3	 x15:0x00000000  x3:0x00000000  x7=0x00000000
       14125000	      1411	80000898	01c0fc63	bgeu	x1,x28,800008b0	  x1:0xe6ce2854 x28:0x80009f84
       14135000	      1412	00000000	00000013	addi	x0,x0,0	  x0:0x00000000
       14145000	      1413	800008ac	00000013	addi	x0,x0,0	  x0:0x00000000
       14155000	      1414	800008b0	792eef93	ori	x31,x29,1938	 x29:0xe6ce2854 x31=0xe6ce2fd6
       14165000	      1415	800008b4	0117d593	srli	x11,x15,0x11	 x15:0x00000000 x11=0x00000000
       14175000	      1416	800008b8	f780e313	ori	x6,x1,-136	  x1:0xe6ce2854  x6=0xffffff7c
       14185000	      1417	800008bc	50ed2893	slti	x17,x26,1294	 x26:0x00000001 x17=0x00000001
       14195000	      1418	800008c0	01d0d193	srli	x3,x1,0x1d	  x1:0xe6ce2854  x3=0x00000007
       14205000	      1419	800008c4	46433e13	sltiu	x28,x6,1124	  x6:0xffffff7c x28=0x00000000
       14215000	      1420	800008c8	00000013	addi	x0,x0,0	  x0:0x00000000
       14225000	      1421	800008cc	402e8e33	sub	x28,x29,x2	 x29:0xe6ce2854  x2:0x959fb31e x28=0x512e7536
       14235000	      1422	800008d0	02124663	blt	x4,x1,800008fc	  x4:0xefb5a31e  x1:0xe6ce2854
       14245000	      1423	800008d4	027cce63	blt	x25,x7,80000910	 x25:0x80009fc4  x7:0x00000000
       14255000	      1424	00000000	00000013	addi	x0,x0,0	  x0:0x00000000
       14265000	      1425	8000090c	00000013	addi	x0,x0,0	  x0:0x00000000
       14275000	      1426	80000910	012b8333	add	x6,x23,x18	 x23:0x80009f84 x18:0xbb0eb000  x6=0x3b0f4f84
       14285000	      1427	80000914	d2b92c13	slti	x24,x18,-725	 x18:0xbb0eb000 x24=0x00000001
       14295000	      1428	80000918	01967863	bgeu	x12,x25,80000928	 x12:0x00000000 x25:0x80009fc4
       14305000	      1429	8000091c	0184e6b3	or	x13,x9,x24	  x9:0xec50f718 x24:0x00000001 x13=0xec50f719
       14315000	      1430	80000920	48d38a13	addi	x20,x7,1165	  x7:0x00000000 x20=0x0000048d
       14325000	      1431	80000924	87b78a93	addi	x21,x15,-1925	 x15:0x00000000 x21=0xfffff87b
       14335000	      1432	80000928	0071c4b3	xor	x9,x3,x7	  x3:0x00000007  x7:0x00000000  x9=0x00000007
       14345000	      1433	8000092c	40e4d593	srai	x11,x9,0xe	  x9:0x00000007 x11=0x00000000
       14355000	      1434	80000930	aa13fa93	andi	x21,x7,-1375	  x7:0x00000000 x21=0x00000000
       14365000	      1435	80000934	62c9ea93	ori	x21,x19,1580	 x19:0x00000000 x21=0x0000062c
       14375000	      1436	80000938	0165ae33	slt	x28,x11,x22	 x11:0x00000000 x22:0x13e3a878 x28=0x00000001
       14385000	      1437	8000093c	010c3433	sltu	x8,x24,x16	 x24:0x00000001 x16:0xe6ce2854  x8=0x00000001
       14395000	      1438	80000940	f61c2617	auipc	x12,0xf61c2	 x12=0x761c293c
       14405000	      1439	80000944	004a4633	xor	x12,x20,x4	 x20:0x0000048d  x4:0xefb5a31e x12=0xefb5a793
       14415000	      1440	80000948	09a48063	beq	x9,x26,800009c8	  x9:0x00000007 x26:0x00000001
       14425000	      1441	8000094c	288df293	andi	x5,x27,648	 x27:0x0000000e  x5=0x00000008
       14435000	      1442	80000950	b4f8fb13	andi	x22,x17,-1201	 x17:0x00000001 x22=0x00000001
       14445000	      1443	80000954	00445793	srli	x15,x8,0x4	  x8:0x00000001 x15=0x00000000
       14455000	      1444	80000958	00000a17	auipc	x20,0x0	 x20=0x80000954
       14465000	      1445	8000095c	28ca0a13	addi	x20,x20,652	 x20:0x80000954 x20=0x80000be0
       14475000	      1446	80000960	0dd77e17	auipc	x28,0xdd77	 x28=0x8dd7795c
       14485000	      1447	80000964	e9da0a13	addi	x20,x20,-355	 x20:0x80000be0 x20=0x80000a7d
       14495000	      1448	80000968	014195b3	sll	x11,x3,x20	  x3:0x00000007 x20:0x80000a7d x11=0xe0000000
       14505000	      1449	8000096c	01450f33	add	x30,x10,x20	 x10:0x00000526 x20:0x80000a7d x30=0x80000fa3
       14515000	      1450	80000970	1fd70b13	addi	x22,x14,509	 x14:0x00000001 x22=0x000001fe
       14525000	      1451	80000974	01c4dd33	srl	x26,x9,x28	  x9:0x00000007 x28:0x8dd7795c x26=0x00000000
       14535000	      1452	80000978	0f0abb37	lui	x22,0xf0ab	 x22=0x0f0ab000
       14545000	      1453	8000097c	00567463	bgeu	x12,x5,80000984	 x12:0xefb5a793  x5:0x00000008
       14555000	      1454	00000000	00000013	addi	x0,x0,0	  x0:0x00000000
       14565000	      1455	80000980	00000013	addi	x0,x0,0	  x0:0x00000000
       14575000	      1456	80000984	163a00e7	jalr	x1,x20,355	 x20:0x80000a7d  x1=0x80000984
       14585000	      1457	00000000	00000013	addi	x0,x0,0	  x0:0x00000000
       14595000	      1458	80000be0	00000013	addi	x0,x0,0	  x0:0x00000000
       14605000	      1459	80000be4	404ed917	auipc	x18,0x404ed	 x18=0xc04edbe0
       14615000	      1460	80000be8	259bb213	sltiu	x4,x23,601	 x23:0x80009f84  x4=0x00000000
       14625000	      1461	80000bec	006c8863	beq	x25,x6,80000bfc	 x25:0x80009fc4  x6:0x3b0f4f84
       14635000	      1462	80000bf0	34270e93	addi	x29,x14,834	 x14:0x00000001 x29=0x00000343
       14645000	      1463	80000bf4	000da233	slt	x4,x27,x0	 x27:0x0000000e  x0:0x00000000  x4=0x00000000
       14655000	      1464	80000bf8	00879e13	slli	x28,x15,0x8	 x15:0x00000000 x28=0x00000000
       14665000	      1465	80000bfc	fc8b8b93	addi	x23,x23,-56	 x23:0x80009f84 x23=0x80009f4c
       14675000	      1466	80000c00	00256933	or	x18,x10,x2	 x10:0x00000526  x2:0x959fb31e x18=0x959fb73e
       14685000	      1467	80000c04	001ba223	sw	x1,4(x23)	 x23:0x80009f4c  x1:0x80000984 PA:0x80009f50
       14695000	      1468	80000c08	0137d6b3	srl	x13,x15,x19	 x15:0x00000000 x19:0x00000000 x13=0x00000000
       14705000	      1469	80000c0c	01b2fc33	and	x24,x5,x27	  x5:0x00000008 x27:0x0000000e x24=0x00000008
       14715000	      1470	80000c10	41258633	sub	x12,x11,x18	 x11:0xe0000000 x18:0x959fb73e x12=0x4a6048c2
       14725000	      1471	80000c14	654cf693	andi	x13,x25,1620	 x25:0x80009fc4 x13=0x00000644
       14735000	      1472	80000c18	009bbeb3	sltu	x29,x23,x9	 x23:0x80009f4c  x9:0x00000007 x29=0x00000000
       14745000	      1473	80000c1c	01cbe2b3	or	x5,x23,x28	 x23:0x80009f4c x28:0x00000000  x5=0x80009f4c
       14755000	      1474	80000c20	40acd413	srai	x8,x25,0xa	 x25:0x80009fc4  x8=0xffe00027
       14765000	      1475	80000c24	00199d13	slli	x26,x19,0x1	 x19:0x00000000 x26=0x00000000
       14775000	      1476	80000c28	84240193	addi	x3,x8,-1982	  x8:0xffe00027  x3=0xffdff869
       14785000	      1477	80000c2c	721bbc37	lui	x24,0x721bb	 x24=0x721bb000
       14795000	      1478	80000c30	345000ef	jal	x1,80000c30	  x1=0x80000c30
       14805000	      1479	00000000	00000013	addi	x0,x0,0	  x0:0x00000000
       14815000	      1480	80001770	00000013	addi	x0,x0,0	  x0:0x00000000
       14825000	      1481	80001774	97243993	sltiu	x19,x8,-1678	  x8:0xffe00027 x19=0x00000001
       14835000	      1482	80001778	00000013	addi	x0,x0,0	  x0:0x00000000
       14845000	      1483	8000177c	ff8b8b93	addi	x23,x23,-8	 x23:0x80009f4c x23=0x80009f44
       14855000	      1484	80001780	0145b633	sltu	x12,x11,x20	 x11:0xe0000000 x20:0x80000a7d x12=0x00000000
       14865000	      1485	80001784	0005d733	srl	x14,x11,x0	 x11:0xe0000000  x0:0x00000000 x14=0xe0000000
       14875000	      1486	80001788	0169f833	and	x16,x19,x22	 x19:0x00000001 x22:0x0f0ab000 x16=0x00000000
       14885000	      1487	8000178c	9e110413	addi	x8,x2,-1567	  x2:0x959fb31e  x8=0x959facff
       14895000	      1488	80001790	15e82197	auipc	x3,0x15e82	  x3=0x95e8378c
       14905000	      1489	80001794	ea632b13	slti	x22,x6,-346	  x6:0x3b0f4f84 x22=0x00000000
       14915000	      1490	80001798	001ba223	sw	x1,4(x23)	 x23:0x80009f44  x1:0x80000c30 PA:0x80009f48
       14925000	      1491	8000179c	41cddb13	srai	x22,x27,0x1c	 x27:0x0000000e x22=0x00000000
       14935000	      1492	800017a0	c435ef93	ori	x31,x11,-957	 x11:0xe0000000 x31=0xfffffc43
       14945000	      1493	800017a4	00007c17	auipc	x24,0x7	 x24=0x800087a0
       14955000	      1494	800017a8	0d8c0c13	addi	x24,x24,216	 x24:0x800087a0 x24=0x80008878
       14965000	      1495	800017ac	0edc1123	sh	x13,226(x24)	 x24:0x80008878 x13:0x00000644 PA:0x8000895a
       14975000	      1496	800017b0	b6f96893	ori	x17,x18,-1169	 x18:0x959fb73e x17=0xffffff7f
       14985000	      1497	800017b4	06cc0ba3	sb	x12,119(x24)	 x24:0x80008878 x12:0x00000000 PA:0x800088ef
       14995000	      1498	800017b8	077c4d03	lbu	x26,119(x24)	 x24:0x80008878 x26=0x00000000 PA:0x800088ef
       15005000	      1499	800017bc	077c4583	lbu	x11,119(x24)	 x24:0x80008878 x11=0x00000000 PA:0x800088ef
       15015000	      1500	800017c0	077c0a83	lb	x21,119(x24)	 x24:0x80008878 x21=0x00000000 PA:0x800088ef
       15025000	      1501	800017c4	0eac4983	lbu	x19,234(x24)	 x24:0x80008878 x19=0x00000000 PA:0x80008962
       15035000	      1502	800017c8	0eac5983	lhu	x19,234(x24)	 x24:0x80008878 x19=0x00000000 PA:0x80008962
       15045000	      1503	800017cc	000b4633	xor	x12,x22,x0	 x22:0x00000000  x0:0x00000000 x12=0x00000000
       15055000	      1504	800017d0	0eac0503	lb	x10,234(x24)	 x24:0x80008878 x10=0x00000000 PA:0x80008962
       15065000	      1505	00000000	00000013	addi	x0,x0,0	  x0:0x00000000
       15075000	      1506	800017d4	0eac4503	lbu	x10,234(x24)	 x24:0x80008878 x10=0x00000000 PA:0x80008962
       15085000	      1507	800017d8	0f6c1523	sh	x22,234(x24)	 x24:0x80008878 x22:0x00000000 PA:0x80008962
       15095000	      1508	800017dc	0eac5803	lhu	x16,234(x24)	 x24:0x80008878 x16=0x00000000 PA:0x80008962
       15105000	      1509	800017e0	0f6c0523	sb	x22,234(x24)	 x24:0x80008878 x22:0x00000000 PA:0x80008962
       15115000	      1510	800017e4	ff5c0f83	lb	x31,-11(x24)	 x24:0x80008878 x31=0x00000000 PA:0x8000886d
       15125000	      1511	800017e8	ff5c4e83	lbu	x29,-11(x24)	 x24:0x80008878 x29=0x00000000 PA:0x8000886d
       15135000	      1512	800017ec	fffc0aa3	sb	x31,-11(x24)	 x24:0x80008878 x31:0x00000000 PA:0x8000886d
       15145000	      1513	800017f0	00007117	auipc	x2,0x7	  x2=0x800087ec
       15155000	      1514	800017f4	19310113	addi	x2,x2,403	  x2:0x800087ec  x2=0x8000897f
       15165000	      1515	800017f8	00007997	auipc	x19,0x7	 x19=0x800087f4
       15175000	      1516	800017fc	28b98993	addi	x19,x19,651	 x19:0x800087f4 x19=0x80008a7f
       15185000	      1517	80001800	00007617	auipc	x12,0x7	 x12=0x800087fc
       15195000	      1518	80001804	34860613	addi	x12,x12,840	 x12:0x800087fc x12=0x80008b44
       15205000	      1519	80001808	fd498403	lb	x8,-44(x19)	 x19:0x80008a7f  x8=0x00000000 PA:0x80008a53
       15215000	      1520	8000180c	047603a3	sb	x7,71(x12)	 x12:0x80008b44  x7:0x00000000 PA:0x80008b8b
       15225000	      1521	80001810	0c79ca03	lbu	x20,199(x19)	 x19:0x80008a7f x20=0x00000000 PA:0x80008b46
       15235000	      1522	80001814	f319a183	lw	x3,-207(x19)	 x19:0x80008a7f  x3=0x00000000 PA:0x800089b0
       15245000	      1523	80001818	00007297	auipc	x5,0x7	  x5=0x80008814
       15255000	      1524	8000181c	4c528293	addi	x5,x5,1221	  x5:0x80008814  x5=0x80008cd9
       15265000	      1525	80001820	fe364a03	lbu	x20,-29(x12)	 x12:0x80008b44 x20=0x00000000 PA:0x80008b27
       15275000	      1526	80001824	ff214883	lbu	x17,-14(x2)	  x2:0x8000897f x17=0x00000000 PA:0x80008971
       15285000	      1527	80001828	fcb29683	lh	x13,-53(x5)	  x5:0x80008cd9 x13=0x00000000 PA:0x80008ca4
       15295000	      1528	8000182c	ffe98d03	lb	x26,-2(x19)	 x19:0x80008a7f x26=0x00000000 PA:0x80008a7d
       15305000	      1529	80001830	09764383	lbu	x7,151(x12)	 x12:0x80008b44  x7=0x00000000 PA:0x80008bdb
       15315000	      1530	80001834	f1164203	lbu	x4,-239(x12)	 x12:0x80008b44  x4=0x00000000 PA:0x80008a55
       15325000	      1531	80001838	00f2df03	lhu	x30,15(x5)	  x5:0x80008cd9 x30=0x00000000 PA:0x80008ce8
       15335000	      1532	8000183c	f4a98a83	lb	x21,-182(x19)	 x19:0x80008a7f x21=0x00000000 PA:0x800089c9
       15345000	      1533	80001840	ffb286a3	sb	x27,-19(x5)	  x5:0x80008cd9 x27:0x0000000e PA:0x80008cc6
       15355000	      1534	80001844	f6260a83	lb	x21,-158(x12)	 x12:0x80008b44 x21=0x00000000 PA:0x80008aa6
       15365000	      1535	80001848	01c124a3	sw	x28,9(x2)	  x2:0x8000897f x28:0x00000000 PA:0x80008988
       15375000	      1536	8000184c	0b29c183	lbu	x3,178(x19)	 x19:0x80008a7f  x3=0x00000000 PA:0x80008b31
       15385000	      1537	80001850	00e98a03	lb	x20,14(x19)	 x19:0x80008a7f x20=0x00000000 PA:0x80008a8d
       15395000	      1538	80001854	fd92d003	lhu	x0,-39(x5)	  x5:0x80008cd9 PA:0x80008cb2
       15405000	      1539	80001858	01698a83	lb	x21,22(x19)	 x19:0x80008a7f x21=0x00000000 PA:0x80008a95
       15415000	      1540	8000185c	01a28f83	lb	x31,26(x5)	  x5:0x80008cd9 x31=0x00000000 PA:0x80008cf3
       15425000	      1541	80001860	0bb64e03	lbu	x28,187(x12)	 x12:0x80008b44 x28=0x00000000 PA:0x80008bff
       15435000	      1542	80001864	00414583	lbu	x11,4(x2)	  x2:0x8000897f x11=0x00000000 PA:0x80008983
       15445000	      1543	80001868	fd661583	lh	x11,-42(x12)	 x12:0x80008b44 x11=0x00000000 PA:0x80008b1a
       15455000	      1544	8000186c	fce2c083	lbu	x1,-50(x5)	  x5:0x80008cd9  x1=0x00000000 PA:0x80008ca7
       15465000	      1545	80001870	f0b60b03	lb	x22,-245(x12)	 x12:0x80008b44 x22=0x00000000 PA:0x80008a4f
       15475000	      1546	80001874	fe611ca3	sh	x6,-7(x2)	  x2:0x8000897f  x6:0x3b0f4f84 PA:0x80008978
       15485000	      1547	80001878	0072c583	lbu	x11,7(x5)	  x5:0x80008cd9 x11=0x00000000 PA:0x80008ce0
       15495000	      1548	8000187c	0d462a83	lw	x21,212(x12)	 x12:0x80008b44 x21=0x707f0000 PA:0x80008c18
       15505000	      1549	00000000	00000013	addi	x0,x0,0	  x0:0x00000000
       15515000	      1550	80001880	015117a3	sh	x21,15(x2)	  x2:0x8000897f x21:0x707f0000 PA:0x8000898e
       15525000	      1551	80001884	ff999a03	lh	x20,-7(x19)	 x19:0x80008a7f x20=0x00000000 PA:0x80008a78
       15535000	      1552	80001888	01b2a203	lw	x4,27(x5)	  x5:0x80008cd9  x4=0x00000000 PA:0x80008cf4
       15545000	      1553	8000188c	fae60ba3	sb	x14,-73(x12)	 x12:0x80008b44 x14:0xe0000000 PA:0x80008afb
       15555000	      1554	80001890	00c98503	lb	x10,12(x19)	 x19:0x80008a7f x10=0x00000000 PA:0x80008a8b
       15565000	      1555	80001894	006122a3	sw	x6,5(x2)	  x2:0x8000897f  x6:0x3b0f4f84 PA:0x80008984
       15575000	      1556	80001898	00007f97	auipc	x31,0x7	 x31=0x80008894
       15585000	      1557	8000189c	220f8f93	addi	x31,x31,544	 x31:0x80008894 x31=0x80008ab4
       15595000	      1558	800018a0	00007217	auipc	x4,0x7	  x4=0x8000889c
       15605000	      1559	800018a4	3c120213	addi	x4,x4,961	  x4:0x8000889c  x4=0x80008c5d
       15615000	      1560	800018a8	45ef8e23	sb	x30,1116(x31)	 x31:0x80008ab4 x30:0x00000000 PA:0x80008f10
       15625000	      1561	800018ac	dddfc603	lbu	x12,-547(x31)	 x31:0x80008ab4 x12=0x00000000 PA:0x80008891
       15635000	      1562	800018b0	da0fce03	lbu	x28,-608(x31)	 x31:0x80008ab4 x28=0x00000000 PA:0x80008854
       15645000	      1563	800018b4	e2af9e83	lh	x29,-470(x31)	 x31:0x80008ab4 x29=0x00000000 PA:0x800088de
       15655000	      1564	800018b8	ffa20503	lb	x10,-6(x4)	  x4:0x80008c5d x10=0x00000000 PA:0x80008c57
       15665000	      1565	800018bc	00121c03	lh	x24,1(x4)	  x4:0x80008c5d x24=0x00000000 PA:0x80008c5e
       15675000	      1566	800018c0	ff921703	lh	x14,-7(x4)	  x4:0x80008c5d x14=0x0000007f PA:0x80008c56
       15685000	      1567	800018c4	4b8f9403	lh	x8,1208(x31)	 x31:0x80008ab4  x8=0x00000000 PA:0x80008f6c
       15695000	      1568	800018c8	e7ef8123	sb	x30,-414(x31)	 x31:0x80008ab4 x30:0x00000000 PA:0x80008916
       15705000	      1569	800018cc	00d21d03	lh	x26,13(x4)	  x4:0x80008c5d x26=0x00000000 PA:0x80008c6a
       15715000	      1570	800018d0	01720823	sb	x23,16(x4)	  x4:0x80008c5d x23:0x80009f44 PA:0x80008c6d
       15725000	      1571	800018d4	dc3f9a23	sh	x3,-556(x31)	 x31:0x80008ab4  x3:0x00000000 PA:0x80008888
       15735000	      1572	800018d8	ff721683	lh	x13,-9(x4)	  x4:0x80008c5d x13=0x00004c00 PA:0x80008c54
       15745000	      1573	800018dc	fff20b03	lb	x22,-1(x4)	  x4:0x80008c5d x22=0x00000000 PA:0x80008c5c
       15755000	      1574	800018e0	d6ffcb03	lbu	x22,-657(x31)	 x31:0x80008ab4 x22=0x00000000 PA:0x80008823
       15765000	      1575	800018e4	3eff8403	lb	x8,1007(x31)	 x31:0x80008ab4  x8=0x00000000 PA:0x80008ea3
       15775000	      1576	800018e8	00e20083	lb	x1,14(x4)	  x4:0x80008c5d  x1=0x00000000 PA:0x80008c6b
       15785000	      1577	800018ec	14cf9a83	lh	x21,332(x31)	 x31:0x80008ab4 x21=0x00000000 PA:0x80008c00
       15795000	      1578	800018f0	ff320ca3	sb	x19,-7(x4)	  x4:0x80008c5d x19:0x80008a7f PA:0x80008c56
       15805000	      1579	800018f4	00007c17	auipc	x24,0x7	 x24=0x800088f0
       15815000	      1580	800018f8	68ac0c13	addi	x24,x24,1674	 x24:0x800088f0 x24=0x80008f7a
       15825000	      1581	800018fc	02dc0f23	sb	x13,62(x24)	 x24:0x80008f7a x13:0x00004c00 PA:0x80008fb8
       15835000	      1582	80001900	016e6f33	or	x30,x28,x22	 x28:0x00000000 x22:0x00000000 x30=0x00000000
       15845000	      1583	80001904	f48c08a3	sb	x8,-175(x24)	 x24:0x80008f7a  x8:0x00000000 PA:0x80008ecb
       15855000	      1584	80001908	738d6413	ori	x8,x26,1848	 x26:0x00000000  x8=0x00000738
       15865000	      1585	8000190c	f23c07a3	sb	x3,-209(x24)	 x24:0x80008f7a  x3:0x00000000 PA:0x80008ea9
       15875000	      1586	80001910	f24c0a03	lb	x20,-220(x24)	 x24:0x80008f7a x20=0x00000000 PA:0x80008e9e
       15885000	      1587	80001914	01e342b3	xor	x5,x6,x30	  x6:0x3b0f4f84 x30:0x00000000  x5=0x3b0f4f84
       15895000	      1588	80001918	7cd30613	addi	x12,x6,1997	  x6:0x3b0f4f84 x12=0x3b0f5751
       15905000	      1589	8000191c	10713413	sltiu	x8,x2,263	  x2:0x8000897f  x8=0x00000000
       15915000	      1590	80001920	f40c0aa3	sb	x0,-171(x24)	 x24:0x80008f7a  x0:0x00000000 PA:0x80008ecf
       15925000	      1591	80001924	00000013	addi	x0,x0,0	  x0:0x00000000
       15935000	      1592	80001928	011682b3	add	x5,x13,x17	 x13:0x00004c00 x17:0x00000000  x5=0x00004c00
       15945000	      1593	8000192c	00788eb3	add	x29,x17,x7	 x17:0x00000000  x7:0x00000000 x29=0x00000000
       15955000	      1594	80001930	017fe9b3	or	x19,x31,x23	 x31:0x80008ab4 x23:0x80009f44 x19=0x80009ff4
       15965000	      1595	80001934	05fc4e83	lbu	x29,95(x24)	 x24:0x80008f7a x29=0x00000000 PA:0x80008fd9
       15975000	      1596	80001938	ec02fa93	andi	x21,x5,-320	  x5:0x00004c00 x21=0x00004c00
       15985000	      1597	8000193c	414ed3b3	sra	x7,x29,x20	 x29:0x00000000 x20:0x00000000  x7=0x00000000
       15995000	      1598	80001940	3ffaba93	sltiu	x21,x21,1023	 x21:0x00004c00 x21=0x00000000
       16005000	      1599	80001944	0094d093	srli	x1,x9,0x9	  x9:0x00000007  x1=0x00000000
       16015000	      1600	80001948	65380513	addi	x10,x16,1619	 x16:0x00000000 x10=0x00000653
       16025000	      1601	8000194c	010a47b3	xor	x15,x20,x16	 x20:0x00000000 x16:0x00000000 x15=0x00000000
       16035000	      1602	80001950	00a29f33	sll	x30,x5,x10	  x5:0x00004c00 x10:0x00000653 x30=0x60000000
       16045000	      1603	80001954	aa5c2a93	slti	x21,x24,-1371	 x24:0x80008f7a x21=0x00000001
       16055000	      1604	80001958	ef015437	lui	x8,0xef015	  x8=0xef015000
       16065000	      1605	8000195c	fd0c03a3	sb	x16,-57(x24)	 x24:0x80008f7a x16:0x00000000 PA:0x80008f41
       16075000	      1606	80001960	f01c4503	lbu	x10,-255(x24)	 x24:0x80008f7a x10=0x00000000 PA:0x80008e7b
       16085000	      1607	80001964	bc16e393	ori	x7,x13,-1087	 x13:0x00004c00  x7=0xffffffc1
       16095000	      1608	80001968	597ae793	ori	x15,x21,1431	 x21:0x00000001 x15=0x00000597
       16105000	      1609	8000196c	01ed44b3	xor	x9,x26,x30	 x26:0x00000000 x30:0x60000000  x9=0x60000000
       16115000	      1610	80001970	038c09a3	sb	x24,51(x24)	 x24:0x80008f7a x24:0x80008f7a PA:0x80008fad
       16125000	      1611	80001974	adcc0613	addi	x12,x24,-1316	 x24:0x80008f7a x12=0x80008a56
       16135000	      1612	80001978	ff5c4603	lbu	x12,-11(x24)	 x24:0x80008f7a x12=0x00000000 PA:0x80008f6f
       16145000	      1613	8000197c	409cd333	sra	x6,x25,x9	 x25:0x80009fc4  x9:0x60000000  x6=0x80009fc4
       16155000	      1614	80001980	401b02b3	sub	x5,x22,x1	 x22:0x00000000  x1:0x00000000  x5=0x00000000
       16165000	      1615	80001984	009c0183	lb	x3,9(x24)	 x24:0x80008f7a  x3=0x00000000 PA:0x80008f83
       16175000	      1616	80001988	046c2523	sw	x6,74(x24)	 x24:0x80008f7a  x6:0x80009fc4 PA:0x80008fc4
       16185000	      1617	8000198c	b1738e13	addi	x28,x7,-1257	  x7:0xffffffc1 x28=0xfffffad8
       16195000	      1618	80001990	044c4e83	lbu	x29,68(x24)	 x24:0x80008f7a x29=0x00000000 PA:0x80008fbe
       16205000	      1619	80001994	00007897	auipc	x17,0x7	 x17=0x80008990
       16215000	      1620	80001998	20888893	addi	x17,x17,520	 x17:0x80008990 x17=0x80008b98
       16225000	      1621	8000199c	00888683	lb	x13,8(x17)	 x17:0x80008b98 x13=0x00000000 PA:0x80008ba0
       16235000	      1622	800019a0	018885a3	sb	x24,11(x17)	 x17:0x80008b98 x24:0x80008f7a PA:0x80008ba3
       16245000	      1623	800019a4	001ed393	srli	x7,x29,0x1	 x29:0x00000000  x7=0x00000000
       16255000	      1624	800019a8	00b88c03	lb	x24,11(x17)	 x17:0x80008b98 x24=0x0000007a PA:0x80008ba3
       16265000	      1625	800019ac	fe53e993	ori	x19,x7,-27	  x7:0x00000000 x19=0xffffffe5
       16275000	      1626	800019b0	00b88483	lb	x9,11(x17)	 x17:0x80008b98  x9=0x0000007a PA:0x80008ba3
       16285000	      1627	800019b4	01b885a3	sb	x27,11(x17)	 x17:0x80008b98 x27:0x0000000e PA:0x80008ba3
       16295000	      1628	800019b8	019885a3	sb	x25,11(x17)	 x17:0x80008b98 x25:0x80009fc4 PA:0x80008ba3
       16305000	      1629	800019bc	00b88e03	lb	x28,11(x17)	 x17:0x80008b98 x28=0xffffffc4 PA:0x80008ba3
       16315000	      1630	800019c0	002a6633	or	x12,x20,x2	 x20:0x00000000  x2:0x8000897f x12=0x8000897f
       16325000	      1631	800019c4	01f885a3	sb	x31,11(x17)	 x17:0x80008b98 x31:0x80008ab4 PA:0x80008ba3
       16335000	      1632	800019c8	01ef00b3	add	x1,x30,x30	 x30:0x60000000 x30:0x60000000  x1=0xc0000000
       16345000	      1633	800019cc	009885a3	sb	x9,11(x17)	 x17:0x80008b98  x9:0x0000007a PA:0x80008ba3
       16355000	      1634	800019d0	83167f37	lui	x30,0x83167	 x30=0x83167000
       16365000	      1635	800019d4	00b8c503	lbu	x10,11(x17)	 x17:0x80008b98 x10=0x0000007a PA:0x80008ba3
       16375000	      1636	800019d8	015d17b3	sll	x15,x26,x21	 x26:0x00000000 x21:0x00000001 x15=0x00000000
       16385000	      1637	800019dc	01b88123	sb	x27,2(x17)	 x17:0x80008b98 x27:0x0000000e PA:0x80008b9a
       16395000	      1638	800019e0	ff289783	lh	x15,-14(x17)	 x17:0x80008b98 x15=0x00000000 PA:0x80008b8a
       16405000	      1639	800019e4	ff288103	lb	x2,-14(x17)	 x17:0x80008b98  x2=0x00000000 PA:0x80008b8a
       16415000	      1640	800019e8	d3696193	ori	x3,x18,-714	 x18:0x959fb73e  x3=0xffffff3e
       16425000	      1641	800019ec	ff489983	lh	x19,-12(x17)	 x17:0x80008b98 x19=0x00000000 PA:0x80008b8c
       16435000	      1642	800019f0	feb8aa23	sw	x11,-12(x17)	 x17:0x80008b98 x11:0x00000000 PA:0x80008b8c
       16445000	      1643	800019f4	0442e463	bltu	x5,x4,80001a3c	  x5:0x00000000  x4:0x80008c5d
       16455000	      1644	00000000	00000013	addi	x0,x0,0	  x0:0x00000000
       16465000	      1645	80001a38	00000013	addi	x0,x0,0	  x0:0x00000000
       16475000	      1646	80001a3c	41d80233	sub	x4,x16,x29	 x16:0x00000000 x29:0x00000000  x4=0x00000000
       16485000	      1647	80001a40	0036da93	srli	x21,x13,0x3	 x13:0x00000000 x21=0x00000000
       16495000	      1648	80001a44	00d220b3	slt	x1,x4,x13	  x4:0x00000000 x13:0x00000000  x1=0x00000000
       16505000	      1649	80001a48	0083d033	srl	x0,x7,x8	  x7:0x00000000  x8:0xef015000
       16515000	      1650	80001a4c	0266d263	bge	x13,x6,80001a70	 x13:0x00000000  x6:0x80009fc4
       16525000	      1651	00000000	00000013	addi	x0,x0,0	  x0:0x00000000
       16535000	      1652	80001a6c	00000013	addi	x0,x0,0	  x0:0x00000000
       16545000	      1653	80001a70	ea284393	xori	x7,x16,-350	 x16:0x00000000  x7=0xfffffea2
       16555000	      1654	80001a74	00000013	addi	x0,x0,0	  x0:0x00000000
       16565000	      1655	80001a78	1300ee93	ori	x29,x1,304	  x1:0x00000000 x29=0x00000130
       16575000	      1656	80001a7c	6147b437	lui	x8,0x6147b	  x8=0x6147b000
       16585000	      1657	80001a80	003b8333	add	x6,x23,x3	 x23:0x80009f44  x3:0xffffff3e  x6=0x80009e82
       16595000	      1658	80001a84	01349c63	bne	x9,x19,80001a9c	  x9:0x0000007a x19:0x00000000
       16605000	      1659	00000000	00000013	addi	x0,x0,0	  x0:0x00000000
       16615000	      1660	80001a98	00000013	addi	x0,x0,0	  x0:0x00000000
       16625000	      1661	80001a9c	099e6d13	ori	x26,x28,153	 x28:0xffffffc4 x26=0xffffffdd
       16635000	      1662	80001aa0	030a8063	beq	x21,x16,80001ac0	 x21:0x00000000 x16:0x00000000
       16645000	      1663	00000000	00000013	addi	x0,x0,0	  x0:0x00000000
       16655000	      1664	80001abc	00000013	addi	x0,x0,0	  x0:0x00000000
       16665000	      1665	80001ac0	405d0c33	sub	x24,x26,x5	 x26:0xffffffdd  x5:0x00000000 x24=0xffffffdd
       16675000	      1666	80001ac4	1b238c13	addi	x24,x7,434	  x7:0xfffffea2 x24=0x00000054
       16685000	      1667	80001ac8	405f0433	sub	x8,x30,x5	 x30:0x83167000  x5:0x00000000  x8=0x83167000
       16695000	      1668	80001acc	ebd94a93	xori	x21,x18,-323	 x18:0x959fb73e x21=0x6a604983
       16705000	      1669	80001ad0	00c34ab3	xor	x21,x6,x12	  x6:0x80009e82 x12:0x8000897f x21=0x000017fd
       16715000	      1670	80001ad4	01499a33	sll	x20,x19,x20	 x19:0x00000000 x20:0x00000000 x20=0x00000000
       16725000	      1671	80001ad8	2ec61a17	auipc	x20,0x2ec61	 x20=0xaec62ad4
       16735000	      1672	80001adc	0162a033	slt	x0,x5,x22	  x5:0x00000000 x22:0x00000000
       16745000	      1673	80001ae0	a368be13	sltiu	x28,x17,-1482	 x17:0x80008b98 x28=0x00000001
       16755000	      1674	80001ae4	006bf2b3	and	x5,x23,x6	 x23:0x80009f44  x6:0x80009e82  x5=0x80009e00
       16765000	      1675	80001ae8	015b2ab3	slt	x21,x22,x21	 x22:0x00000000 x21:0x000017fd x21=0x00000001
       16775000	      1676	80001aec	00000013	addi	x0,x0,0	  x0:0x00000000
       16785000	      1677	80001af0	0130bab3	sltu	x21,x1,x19	  x1:0x00000000 x19:0x00000000 x21=0x00000000
       16795000	      1678	80001af4	410a81b3	sub	x3,x21,x16	 x21:0x00000000 x16:0x00000000  x3=0x00000000
       16805000	      1679	80001af8	48dc8e13	addi	x28,x25,1165	 x25:0x80009fc4 x28=0x8000a451
       16815000	      1680	80001afc	5e892a13	slti	x20,x18,1512	 x18:0x959fb73e x20=0x00000001
       16825000	      1681	80001b00	00920d33	add	x26,x4,x9	  x4:0x00000000  x9:0x0000007a x26=0x0000007a
       16835000	      1682	80001b04	00092eb3	slt	x29,x18,x0	 x18:0x959fb73e  x0:0x00000000 x29=0x00000001
       16845000	      1683	80001b08	00000013	addi	x0,x0,0	  x0:0x00000000
       16855000	      1684	80001b0c	00e83fb3	sltu	x31,x16,x14	 x16:0x00000000 x14:0x0000007f x31=0x00000001
       16865000	      1685	80001b10	414dd713	srai	x14,x27,0x14	 x27:0x0000000e x14=0x00000000
       16875000	      1686	80001b14	00000013	addi	x0,x0,0	  x0:0x00000000
       16885000	      1687	80001b18	7dcf3b13	sltiu	x22,x30,2012	 x30:0x83167000 x22=0x00000000
       16895000	      1688	80001b1c	0094c533	xor	x10,x9,x9	  x9:0x0000007a  x9:0x0000007a x10=0x00000000
       16905000	      1689	80001b20	7a375a37	lui	x20,0x7a375	 x20=0x7a375000
       16915000	      1690	80001b24	04105263	bge	x0,x1,80001b68	  x0:0x00000000  x1:0x00000000
       16925000	      1691	00000000	00000013	addi	x0,x0,0	  x0:0x00000000
       16935000	      1692	80001b64	00000013	addi	x0,x0,0	  x0:0x00000000
       16945000	      1693	80001b68	016df933	and	x18,x27,x22	 x27:0x0000000e x22:0x00000000 x18=0x00000000
       16955000	      1694	80001b6c	001ca4b3	slt	x9,x25,x1	 x25:0x80009fc4  x1:0x00000000  x9=0x00000001
       16965000	      1695	80001b70	01066833	or	x16,x12,x16	 x12:0x8000897f x16:0x00000000 x16=0x8000897f
       16975000	      1696	80001b74	013edf13	srli	x30,x29,0x13	 x29:0x00000001 x30=0x00000000
       16985000	      1697	80001b78	0088a9b3	slt	x19,x17,x8	 x17:0x80008b98  x8:0x83167000 x19=0x00000001
       16995000	      1698	80001b7c	fc924013	xori	x0,x4,-55	  x4:0x00000000
       17005000	      1699	80001b80	40bb0333	sub	x6,x22,x11	 x22:0x00000000 x11:0x00000000  x6=0x00000000
       17015000	      1700	80001b84	4df02f13	slti	x30,x0,1247	  x0:0x00000000 x30=0x00000001
       17025000	      1701	80001b88	016946b3	xor	x13,x18,x22	 x18:0x00000000 x22:0x00000000 x13=0x00000000
       17035000	      1702	80001b8c	d9e1cc13	xori	x24,x3,-610	  x3:0x00000000 x24=0xfffffd9e
       17045000	      1703	80001b90	01381a93	slli	x21,x16,0x13	 x16:0x8000897f x21=0x4bf80000
       17055000	      1704	80001b94	bd1da213	slti	x4,x27,-1071	 x27:0x0000000e  x4=0x00000000
       17065000	      1705	80001b98	67dabd13	sltiu	x26,x21,1661	 x21:0x4bf80000 x26=0x00000000
       17075000	      1706	80001b9c	43894b13	xori	x22,x18,1080	 x18:0x00000000 x22=0x00000438
       17085000	      1707	80001ba0	40af0c33	sub	x24,x30,x10	 x30:0x00000001 x10:0x00000000 x24=0x00000001
       17095000	      1708	80001ba4	41d3d293	srai	x5,x7,0x1d	  x7:0xfffffea2  x5=0xffffffff
       17105000	      1709	80001ba8	bec20f93	addi	x31,x4,-1044	  x4:0x00000000 x31=0xfffffbec
       17115000	      1710	80001bac	6f534713	xori	x14,x6,1781	  x6:0x00000000 x14=0x000006f5
       17125000	      1711	80001bb0	030b5263	bge	x22,x16,80001bd4	 x22:0x00000438 x16:0x8000897f
       17135000	      1712	00000000	00000013	addi	x0,x0,0	  x0:0x00000000
       17145000	      1713	80001bd0	00000013	addi	x0,x0,0	  x0:0x00000000
       17155000	      1714	80001bd4	00000013	addi	x0,x0,0	  x0:0x00000000
       17165000	      1715	80001bd8	05054063	blt	x10,x16,80001c18	 x10:0x00000000 x16:0x8000897f
       17175000	      1716	80001bdc	40e384b3	sub	x9,x7,x14	  x7:0xfffffea2 x14:0x000006f5  x9=0xfffff7ad
       17185000	      1717	80001be0	01a41a13	slli	x20,x8,0x1a	  x8:0x83167000 x20=0x00000000
       17195000	      1718	80001be4	010913b3	sll	x7,x18,x16	 x18:0x00000000 x16:0x8000897f  x7=0x00000000
       17205000	      1719	80001be8	0163b233	sltu	x4,x7,x22	  x7:0x00000000 x22:0x00000438  x4=0x00000001
       17215000	      1720	80001bec	01b07e63	bgeu	x0,x27,80001c08	  x0:0x00000000 x27:0x0000000e
       17225000	      1721	80001bf0	01329663	bne	x5,x19,80001bfc	  x5:0xffffffff x19:0x00000001
       17235000	      1722	00000000	00000013	addi	x0,x0,0	  x0:0x00000000
       17245000	      1723	80001bf8	00000013	addi	x0,x0,0	  x0:0x00000000
       17255000	      1724	80001bfc	005c7eb3	and	x29,x24,x5	 x24:0x00000001  x5:0xffffffff x29=0x00000001
       17265000	      1725	80001c00	35737817	auipc	x16,0x35737	 x16=0xb5738bfc
       17275000	      1726	80001c04	00b69793	slli	x15,x13,0xb	 x13:0x00000000 x15=0x00000000
       17285000	      1727	80001c08	971d6f13	ori	x30,x26,-1679	 x26:0x00000000 x30=0xfffff971
       17295000	      1728	80001c0c	0138c5b3	xor	x11,x17,x19	 x17:0x80008b98 x19:0x00000001 x11=0x80008b99
       17305000	      1729	80001c10	00045533	srl	x10,x8,x0	  x8:0x83167000  x0:0x00000000 x10=0x83167000
       17315000	      1730	80001c14	015c4263	blt	x24,x21,80001c18	 x24:0x00000001 x21:0x4bf80000
       17325000	      1731	00000000	00000013	addi	x0,x0,0	  x0:0x00000000
       17335000	      1732	80001c14	00000013	addi	x0,x0,0	  x0:0x00000000
       17345000	      1733	80001c18	01011a33	sll	x20,x2,x16	  x2:0x00000000 x16:0xb5738bfc x20=0x00000000
       17355000	      1734	80001c1c	0130f9b3	and	x19,x1,x19	  x1:0x00000000 x19:0x00000001 x19=0x00000000
       17365000	      1735	80001c20	019d57b3	srl	x15,x26,x25	 x26:0x00000000 x25:0x80009fc4 x15=0x00000000
       17375000	      1736	80001c24	017e0263	beq	x28,x23,80001c28	 x28:0x8000a451 x23:0x80009f44
       17385000	      1737	80001c28	01f70d33	add	x26,x14,x31	 x14:0x000006f5 x31:0xfffffbec x26=0x000002e1
       17395000	      1738	80001c2c	0358e863	bltu	x17,x21,80001c5c	 x17:0x80008b98 x21:0x4bf80000
       17405000	      1739	80001c30	bd9ef693	andi	x13,x29,-1063	 x29:0x00000001 x13=0x00000001
       17415000	      1740	80001c34	01541513	slli	x10,x8,0x15	  x8:0x83167000 x10=0x00000000
       17425000	      1741	80001c38	01681013	slli	x0,x16,0x16	 x16:0xb5738bfc
       17435000	      1742	80001c3c	e94cf593	andi	x11,x25,-364	 x25:0x80009fc4 x11=0x80009e84
       17445000	      1743	80001c40	012c3e33	sltu	x28,x24,x18	 x24:0x00000001 x18:0x00000000 x28=0x00000000
       17455000	      1744	80001c44	00a5de63	bge	x11,x10,80001c60	 x11:0x80009e84 x10:0x00000000
       17465000	      1745	80001c48	01b09333	sll	x6,x1,x27	  x1:0x00000000 x27:0x0000000e  x6=0x00000000
       17475000	      1746	80001c4c	01d29493	slli	x9,x5,0x1d	  x5:0xffffffff  x9=0xe0000000
       17485000	      1747	80001c50	40b60533	sub	x10,x12,x11	 x12:0x8000897f x11:0x80009e84 x10=0xffffeafb
       17495000	      1748	80001c54	020b5663	bge	x22,x0,80001c80	 x22:0x00000438  x0:0x00000000
       17505000	      1749	00000000	00000013	addi	x0,x0,0	  x0:0x00000000
       17515000	      1750	80001c7c	00000013	addi	x0,x0,0	  x0:0x00000000
       17525000	      1751	80001c80	89146493	ori	x9,x8,-1903	  x8:0x83167000  x9=0xfffff891
       17535000	      1752	80001c84	00f0ff33	and	x30,x1,x15	  x1:0x00000000 x15:0x00000000 x30=0x00000000
       17545000	      1753	80001c88	60f58193	addi	x3,x11,1551	 x11:0x80009e84  x3=0x8000a493
       17555000	      1754	80001c8c	00cb9c63	bne	x23,x12,80001ca4	 x23:0x80009f44 x12:0x8000897f
       17565000	      1755	00000000	00000013	addi	x0,x0,0	  x0:0x00000000
       17575000	      1756	80001ca0	00000013	addi	x0,x0,0	  x0:0x00000000
       17585000	      1757	80001ca4	d7952693	slti	x13,x10,-647	 x10:0xffffeafb x13=0x00000001
       17595000	      1758	80001ca8	00549733	sll	x14,x9,x5	  x9:0xfffff891  x5:0xffffffff x14=0x80000000
       17605000	      1759	80001cac	003308b3	add	x17,x6,x3	  x6:0x00000000  x3:0x8000a493 x17=0x8000a493
       17615000	      1760	80001cb0	41498733	sub	x14,x19,x20	 x19:0x00000000 x20:0x00000000 x14=0x00000000
       17625000	      1761	80001cb4	012a5ab3	srl	x21,x20,x18	 x20:0x00000000 x18:0x00000000 x21=0x00000000
       17635000	      1762	80001cb8	02c0f263	bgeu	x1,x12,80001cdc	  x1:0x00000000 x12:0x8000897f
       17645000	      1763	80001cbc	0002b733	sltu	x14,x5,x0	  x5:0xffffffff  x0:0x00000000 x14=0x00000000
       17655000	      1764	80001cc0	046334b7	lui	x9,0x4633	  x9=0x04633000
       17665000	      1765	80001cc4	ed6186b7	lui	x13,0xed618	 x13=0xed618000
       17675000	      1766	80001cc8	006158b3	srl	x17,x2,x6	  x2:0x00000000  x6:0x00000000 x17=0x00000000
       17685000	      1767	80001ccc	e04c7193	andi	x3,x24,-508	 x24:0x00000001  x3=0x00000000
       17695000	      1768	80001cd0	2f537893	andi	x17,x6,757	  x6:0x00000000 x17=0x00000000
       17705000	      1769	80001cd4	01d61533	sll	x10,x12,x29	 x12:0x8000897f x29:0x00000001 x10=0x000112fe
       17715000	      1770	80001cd8	8cf92293	slti	x5,x18,-1841	 x18:0x00000000  x5=0x00000000
       17725000	      1771	80001cdc	0060c433	xor	x8,x1,x6	  x1:0x00000000  x6:0x00000000  x8=0x00000000
       17735000	      1772	80001ce0	417bd613	srai	x12,x23,0x17	 x23:0x80009f44 x12=0xffffff00
       17745000	      1773	80001ce4	006e28b3	slt	x17,x28,x6	 x28:0x00000000  x6:0x00000000 x17=0x00000000
       17755000	      1774	80001ce8	0354e863	bltu	x9,x21,80001d18	  x9:0x04633000 x21:0x00000000
       17765000	      1775	80001cec	006e1c63	bne	x28,x6,80001d04	 x28:0x00000000  x6:0x00000000
       17775000	      1776	80001cf0	01145fb3	srl	x31,x8,x17	  x8:0x00000000 x17:0x00000000 x31=0x00000000
       17785000	      1777	80001cf4	4082de33	sra	x28,x5,x8	  x5:0x00000000  x8:0x00000000 x28=0x00000000
       17795000	      1778	80001cf8	00100eb3	add	x29,x0,x1	  x0:0x00000000  x1:0x00000000 x29=0x00000000
       17805000	      1779	80001cfc	00133633	sltu	x12,x6,x1	  x6:0x00000000  x1:0x00000000 x12=0x00000000
       17815000	      1780	80001d00	41ac0833	sub	x16,x24,x26	 x24:0x00000001 x26:0x000002e1 x16=0xfffffd20
       17825000	      1781	80001d04	01e98663	beq	x19,x30,80001d10	 x19:0x00000000 x30:0x00000000
       17835000	      1782	00000000	00000013	addi	x0,x0,0	  x0:0x00000000
       17845000	      1783	80001d0c	00000013	addi	x0,x0,0	  x0:0x00000000
       17855000	      1784	80001d10	019ccfb3	xor	x31,x25,x25	 x25:0x80009fc4 x25:0x80009fc4 x31=0x00000000
       17865000	      1785	80001d14	40a18a33	sub	x20,x3,x10	  x3:0x00000000 x10:0x000112fe x20=0xfffeed02
       17875000	      1786	80001d18	413ed133	sra	x2,x29,x19	 x29:0x00000000 x19:0x00000000  x2=0x00000000
       17885000	      1787	80001d1c	00000013	addi	x0,x0,0	  x0:0x00000000
       17895000	      1788	80001d20	fac6ba93	sltiu	x21,x13,-84	 x13:0xed618000 x21=0x00000001
       17905000	      1789	80001d24	a6f9c913	xori	x18,x19,-1425	 x19:0x00000000 x18=0xfffffa6f
       17915000	      1790	80001d28	b80b6713	ori	x14,x22,-1152	 x22:0x00000438 x14=0xffffffb8
       17925000	      1791	80001d2c	42f6f713	andi	x14,x13,1071	 x13:0xed618000 x14=0x00000000
       17935000	      1792	80001d30	03a0d263	bge	x1,x26,80001d54	  x1:0x00000000 x26:0x000002e1
       17945000	      1793	80001d34	0066d293	srli	x5,x13,0x6	 x13:0xed618000  x5=0x03b58600
       17955000	      1794	80001d38	0023d3b3	srl	x7,x7,x2	  x7:0x00000000  x2:0x00000000  x7=0x00000000
       17965000	      1795	80001d3c	7414fa13	andi	x20,x9,1857	  x9:0x04633000 x20=0x00000000
       17975000	      1796	80001d40	004fa3b3	slt	x7,x31,x4	 x31:0x00000000  x4:0x00000001  x7=0x00000001
       17985000	      1797	80001d44	01203933	sltu	x18,x0,x18	  x0:0x00000000 x18:0xfffffa6f x18=0x00000001
       17995000	      1798	80001d48	d8b77613	andi	x12,x14,-629	 x14:0x00000000 x12=0x00000000
       18005000	      1799	80001d4c	020df063	bgeu	x27,x0,80001d6c	 x27:0x0000000e  x0:0x00000000
       18015000	      1800	00000000	00000013	addi	x0,x0,0	  x0:0x00000000
       18025000	      1801	80001d68	00000013	addi	x0,x0,0	  x0:0x00000000
       18035000	      1802	80001d6c	00d43a33	sltu	x20,x8,x13	  x8:0x00000000 x13:0xed618000 x20=0x00000001
       18045000	      1803	80001d70	000b1a63	bne	x22,x0,80001d84	 x22:0x00000438  x0:0x00000000
       18055000	      1804	00000000	00000013	addi	x0,x0,0	  x0:0x00000000
       18065000	      1805	80001d80	00000013	addi	x0,x0,0	  x0:0x00000000
       18075000	      1806	80001d84	4cc74393	xori	x7,x14,1228	 x14:0x00000000  x7=0x000004cc
       18085000	      1807	80001d88	0089a333	slt	x6,x19,x8	 x19:0x00000000  x8:0x00000000  x6=0x00000000
       18095000	      1808	80001d8c	0982ec63	bltu	x5,x24,80001e24	  x5:0x03b58600 x24:0x00000001
       18105000	      1809	80001d90	00007117	auipc	x2,0x7	  x2=0x80008d8c
       18115000	      1810	80001d94	c7210113	addi	x2,x2,-910	  x2:0x80008d8c  x2=0x800089fe
       18125000	      1811	80001d98	00b14303	lbu	x6,11(x2)	  x2:0x800089fe  x6=0x00000000 PA:0x80008a09
       18135000	      1812	80001d9c	c1793493	sltiu	x9,x18,-1001	 x18:0x00000001  x9=0x00000001
       18145000	      1813	80001da0	0007dc13	srli	x24,x15,0x0	 x15:0x00000000 x24=0x00000000
       18155000	      1814	80001da4	00714f03	lbu	x30,7(x2)	  x2:0x800089fe x30=0x00000000 PA:0x80008a05
       18165000	      1815	80001da8	fc314883	lbu	x17,-61(x2)	  x2:0x800089fe x17=0x00000000 PA:0x800089c1
       18175000	      1816	00000000	00000013	addi	x0,x0,0	  x0:0x00000000
       18185000	      1817	80001dac	03112923	sw	x17,50(x2)	  x2:0x800089fe x17:0x00000000 PA:0x80008a30
       18195000	      1818	80001db0	00bd5793	srli	x15,x26,0xb	 x26:0x000002e1 x15=0x00000000
       18205000	      1819	80001db4	fd410c03	lb	x24,-44(x2)	  x2:0x800089fe x24=0x00000000 PA:0x800089d2
       18215000	      1820	80001db8	e920a713	slti	x14,x1,-366	  x1:0x00000000 x14=0x00000000
       18225000	      1821	80001dbc	00000013	addi	x0,x0,0	  x0:0x00000000
       18235000	      1822	80001dc0	8840e813	ori	x16,x1,-1916	  x1:0x00000000 x16=0xfffff884
       18245000	      1823	80001dc4	fd114903	lbu	x18,-47(x2)	  x2:0x800089fe x18=0x00000000 PA:0x800089cf
       18255000	      1824	80001dc8	00615f83	lhu	x31,6(x2)	  x2:0x800089fe x31=0x00000000 PA:0x80008a04
       18265000	      1825	80001dcc	0a59e393	ori	x7,x19,165	 x19:0x00000000  x7=0x000000a5
       18275000	      1826	80001dd0	fe911723	sh	x9,-18(x2)	  x2:0x800089fe  x9:0x00000001 PA:0x800089ec
       18285000	      1827	80001dd4	4011d213	srai	x4,x3,0x1	  x3:0x00000000  x4=0x00000000
       18295000	      1828	80001dd8	02710f83	lb	x31,39(x2)	  x2:0x800089fe x31=0x00000000 PA:0x80008a25
       18305000	      1829	80001ddc	fde11e23	sh	x30,-36(x2)	  x2:0x800089fe x30:0x00000000 PA:0x800089da
       18315000	      1830	80001de0	ffe12083	lw	x1,-2(x2)	  x2:0x800089fe  x1=0x00000000 PA:0x800089fc
       18325000	      1831	80001de4	40be0c33	sub	x24,x28,x11	 x28:0x00000000 x11:0x80009e84 x24=0x7fff617c
       18335000	      1832	80001de8	fcd14683	lbu	x13,-51(x2)	  x2:0x800089fe x13=0x00000000 PA:0x800089cb
       18345000	      1833	80001dec	fea14a03	lbu	x20,-22(x2)	  x2:0x800089fe x20=0x00000000 PA:0x800089e8
       18355000	      1834	00000000	00000013	addi	x0,x0,0	  x0:0x00000000
       18365000	      1835	80001df0	01410883	lb	x17,20(x2)	  x2:0x800089fe x17=0x00000000 PA:0x80008a12
       18375000	      1836	80001df4	43e67a93	andi	x21,x12,1086	 x12:0x00000000 x21=0x00000000
       18385000	      1837	80001df8	01010ba3	sb	x16,23(x2)	  x2:0x800089fe x16:0xfffff884 PA:0x80008a15
       18395000	      1838	80001dfc	03a14b03	lbu	x22,58(x2)	  x2:0x800089fe x22=0x00000000 PA:0x80008a38
       18405000	      1839	80001e00	03f14983	lbu	x19,63(x2)	  x2:0x800089fe x19=0x00000000 PA:0x80008a3d
       18415000	      1840	80001e04	01c97e63	bgeu	x18,x28,80001e20	 x18:0x00000000 x28:0x00000000
       18425000	      1841	00000000	00000013	addi	x0,x0,0	  x0:0x00000000
       18435000	      1842	80001e1c	00000013	addi	x0,x0,0	  x0:0x00000000
       18445000	      1843	80001e20	00765263	bge	x12,x7,80001e24	 x12:0x00000000  x7:0x000000a5
       18455000	      1844	80001e24	d5ef7697	auipc	x13,0xd5ef7	 x13=0x55ef8e20
       18465000	      1845	80001e28	05789463	bne	x17,x23,80001e70	 x17:0x00000000 x23:0x80009f44
       18475000	      1846	00000000	00000013	addi	x0,x0,0	  x0:0x00000000
       18485000	      1847	80001e6c	00000013	addi	x0,x0,0	  x0:0x00000000
       18495000	      1848	80001e70	01375913	srli	x18,x14,0x13	 x14:0x00000000 x18=0x00000000
       18505000	      1849	80001e74	000165b3	or	x11,x2,x0	  x2:0x800089fe  x0:0x00000000 x11=0x800089fe
       18515000	      1850	80001e78	00aafe33	and	x28,x21,x10	 x21:0x00000000 x10:0x000112fe x28=0x00000000
       18525000	      1851	80001e7c	81977b13	andi	x22,x14,-2023	 x14:0x00000000 x22=0x00000000
       18535000	      1852	80001e80	00d49133	sll	x2,x9,x13	  x9:0x00000001 x13:0x55ef8e20  x2=0x00000001
       18545000	      1853	80001e84	1d3e2213	slti	x4,x28,467	 x28:0x00000000  x4=0x00000001
       18555000	      1854	80001e88	00c75663	bge	x14,x12,80001e94	 x14:0x00000000 x12:0x00000000
       18565000	      1855	00000000	00000013	addi	x0,x0,0	  x0:0x00000000
       18575000	      1856	80001e90	00000013	addi	x0,x0,0	  x0:0x00000000
       18585000	      1857	80001e94	02546293	ori	x5,x8,37	  x8:0x00000000  x5=0x00000025
       18595000	      1858	80001e98	00dc5293	srli	x5,x24,0xd	 x24:0x7fff617c  x5=0x0003fffb
       18605000	      1859	80001e9c	479b2e13	slti	x28,x22,1145	 x22:0x00000000 x28=0x00000001
       18615000	      1860	80001ea0	0040d113	srli	x2,x1,0x4	  x1:0x00000000  x2=0x00000000
       18625000	      1861	80001ea4	3c7179b7	lui	x19,0x3c717	 x19=0x3c717000
       18635000	      1862	80001ea8	412655b3	sra	x11,x12,x18	 x12:0x00000000 x18:0x00000000 x11=0x00000000
       18645000	      1863	80001eac	00a2ab33	slt	x22,x5,x10	  x5:0x0003fffb x10:0x000112fe x22=0x00000000
       18655000	      1864	80001eb0	31c7aeb7	lui	x29,0x31c7a	 x29=0x31c7a000
       18665000	      1865	80001eb4	cb69c013	xori	x0,x19,-842	 x19:0x3c717000
       18675000	      1866	80001eb8	0079afb3	slt	x31,x19,x7	 x19:0x3c717000  x7:0x000000a5 x31=0x00000000
       18685000	      1867	80001ebc	29e54013	xori	x0,x10,670	 x10:0x000112fe
       18695000	      1868	80001ec0	004ba083	lw	x1,4(x23)	 x23:0x80009f44  x1=0x80000c30 PA:0x80009f48
       18705000	      1869	80001ec4	f067fb17	auipc	x22,0xf067f	 x22=0x70680ec0
       18715000	      1870	80001ec8	000ad5b3	srl	x11,x21,x0	 x21:0x00000000  x0:0x00000000 x11=0x00000000
       18725000	      1871	80001ecc	008b8b93	addi	x23,x23,8	 x23:0x80009f44 x23=0x80009f4c
       18735000	      1872	80001ed0	90b90fb7	lui	x31,0x90b90	 x31=0x90b90000
       18745000	      1873	80001ed4	00cae833	or	x16,x21,x12	 x21:0x00000000 x12:0x00000000 x16=0x00000000
       18755000	      1874	80001ed8	c1b88793	addi	x15,x17,-997	 x17:0x00000000 x15=0xfffffc1b
       18765000	      1875	80001edc	5adcfa13	andi	x20,x25,1453	 x25:0x80009fc4 x20=0x00000584
       18775000	      1876	80001ee0	00108113	addi	x2,x1,1	  x1:0x80000c30  x2=0x80000c31
       18785000	      1877	80001ee4	00010167	jalr	x2,x2,0	  x2:0x80000c31  x2=0x80001ee4
       18795000	      1878	00000000	00000013	addi	x0,x0,0	  x0:0x00000000
       18805000	      1879	80000c30	00000013	addi	x0,x0,0	  x0:0x00000000
       18815000	      1880	80000c34	00008997	auipc	x19,0x8	 x19=0x80008c30
       18825000	      1881	80000c38	1ce98993	addi	x19,x19,462	 x19:0x80008c30 x19=0x80008dfe
       18835000	      1882	80000c3c	ffb98003	lb	x0,-5(x19)	 x19:0x80008dfe PA:0x80008df9
       18845000	      1883	80000c40	0169c883	lbu	x17,22(x19)	 x19:0x80008dfe x17=0x00000000 PA:0x80008e14
       18855000	      1884	80000c44	00008917	auipc	x18,0x8	 x18=0x80008c40
       18865000	      1885	80000c48	2f490913	addi	x18,x18,756	 x18:0x80008c40 x18=0x80008f34
       18875000	      1886	80000c4c	01390223	sb	x19,4(x18)	 x18:0x80008f34 x19:0x80008dfe PA:0x80008f38
       18885000	      1887	80000c50	ffb90883	lb	x17,-5(x18)	 x18:0x80008f34 x17=0x00000000 PA:0x80008f2f
       18895000	      1888	80000c54	fff94a03	lbu	x20,-1(x18)	 x18:0x80008f34 x20=0x00000000 PA:0x80008f33
       18905000	      1889	80000c58	02898a03	lb	x20,40(x19)	 x19:0x80008dfe x20=0x00000000 PA:0x80008e26
       18915000	      1890	80000c5c	01d9c303	lbu	x6,29(x19)	 x19:0x80008dfe  x6=0x00000000 PA:0x80008e1b
       18925000	      1891	80000c60	00994803	lbu	x16,9(x18)	 x18:0x80008f34 x16=0x00000000 PA:0x80008f3d
       18935000	      1892	80000c64	00a91303	lh	x6,10(x18)	 x18:0x80008f34  x6=0x00000000 PA:0x80008f3e
       18945000	      1893	80000c68	01699223	sh	x22,4(x19)	 x19:0x80008dfe x22:0x70680ec0 PA:0x80008e02
       18955000	      1894	80000c6c	01090523	sb	x16,10(x18)	 x18:0x80008f34 x16:0x00000000 PA:0x80008f3e
       18965000	      1895	80000c70	0159ca83	lbu	x21,21(x19)	 x19:0x80008dfe x21=0x00000000 PA:0x80008e13
       18975000	      1896	80000c74	00490783	lb	x15,4(x18)	 x18:0x80008f34 x15=0xfffffffe PA:0x80008f38
       18985000	      1897	80000c78	03698da3	sb	x22,59(x19)	 x19:0x80008dfe x22:0x70680ec0 PA:0x80008e39
       18995000	      1898	80000c7c	fee90923	sb	x14,-14(x18)	 x18:0x80008f34 x14:0x00000000 PA:0x80008f26
       19005000	      1899	80000c80	00007117	auipc	x2,0x7	  x2=0x80007c7c
       19015000	      1900	80000c84	4a610113	addi	x2,x2,1190	  x2:0x80007c7c  x2=0x80008122
       19025000	      1901	80000c88	15212303	lw	x6,338(x2)	  x2:0x80008122  x6=0x00000000 PA:0x80008274
       19035000	      1902	80000c8c	3a8104a3	sb	x8,937(x2)	  x2:0x80008122  x8:0x00000000 PA:0x800084cb
       19045000	      1903	80000c90	0b110683	lb	x13,177(x2)	  x2:0x80008122 x13=0x00000000 PA:0x800081d3
       19055000	      1904	80000c94	26114983	lbu	x19,609(x2)	  x2:0x80008122 x19=0x00000000 PA:0x80008383
       19065000	      1905	80000c98	62f10603	lb	x12,1583(x2)	  x2:0x80008122 x12=0x00000000 PA:0x80008751
       19075000	      1906	80000c9c	01d9d513	srli	x10,x19,0x1d	 x19:0x00000000 x10=0x00000000
       19085000	      1907	80000ca0	4c811f23	sh	x8,1246(x2)	  x2:0x80008122  x8:0x00000000 PA:0x80008600
       19095000	      1908	80000ca4	4de10d03	lb	x26,1246(x2)	  x2:0x80008122 x26=0x00000000 PA:0x80008600
       19105000	      1909	80000ca8	5d610503	lb	x10,1494(x2)	  x2:0x80008122 x10=0x00000000 PA:0x800086f8
       19115000	      1910	80000cac	01269233	sll	x4,x13,x18	 x13:0x00000000 x18:0x80008f34  x4=0x00000000
       19125000	      1911	80000cb0	46a10303	lb	x6,1130(x2)	  x2:0x80008122  x6=0x00000000 PA:0x8000858c
       19135000	      1912	80000cb4	61b14603	lbu	x12,1563(x2)	  x2:0x80008122 x12=0x00000000 PA:0x8000873d
       19145000	      1913	80000cb8	1a611d03	lh	x26,422(x2)	  x2:0x80008122 x26=0x00000000 PA:0x800082c8
       19155000	      1914	80000cbc	3e015383	lhu	x7,992(x2)	  x2:0x80008122  x7=0x00000000 PA:0x80008502
       19165000	      1915	80000cc0	55b14383	lbu	x7,1371(x2)	  x2:0x80008122  x7=0x00000000 PA:0x8000867d
       19175000	      1916	80000cc4	ab70fe93	andi	x29,x1,-1353	  x1:0x80000c30 x29=0x80000830
       19185000	      1917	80000cc8	55b10e03	lb	x28,1371(x2)	  x2:0x80008122 x28=0x00000000 PA:0x8000867d
       19195000	      1918	80000ccc	2aa12e03	lw	x28,682(x2)	  x2:0x80008122 x28=0x00000000 PA:0x800083cc
       19205000	      1919	80000cd0	0f114783	lbu	x15,241(x2)	  x2:0x80008122 x15=0x00000000 PA:0x80008213
       19215000	      1920	80000cd4	2b211323	sh	x18,678(x2)	  x2:0x80008122 x18:0x80008f34 PA:0x800083c8
       19225000	      1921	80000cd8	3a410d03	lb	x26,932(x2)	  x2:0x80008122 x26=0x00000007 PA:0x800084c6
       19235000	      1922	80000cdc	00008117	auipc	x2,0x8	  x2=0x80008cd8
       19245000	      1923	80000ce0	93610113	addi	x2,x2,-1738	  x2:0x80008cd8  x2=0x8000860e
       19255000	      1924	80000ce4	c959e893	ori	x17,x19,-875	 x19:0x00000000 x17=0xfffffc95
       19265000	      1925	80000ce8	fd16a497	auipc	x9,0xfd16a	  x9=0x7d16ace4
       19275000	      1926	80000cec	3e066993	ori	x19,x12,992	 x12:0x00000000 x19=0x000003e0
       19285000	      1927	80000cf0	06e11c23	sh	x14,120(x2)	  x2:0x8000860e x14:0x00000000 PA:0x80008686
       19295000	      1928	80000cf4	e3b11123	sh	x27,-478(x2)	  x2:0x8000860e x27:0x0000000e PA:0x80008430
       19305000	      1929	80000cf8	00309533	sll	x10,x1,x3	  x1:0x80000c30  x3:0x00000000 x10=0x80000c30
       19315000	      1930	80000cfc	b0811203	lh	x4,-1272(x2)	  x2:0x8000860e  x4=0x00007f54 PA:0x80008116
       19325000	      1931	80000d00	b62100a3	sb	x2,-1183(x2)	  x2:0x8000860e  x2:0x8000860e PA:0x8000816f
       19335000	      1932	80000d04	012a43b3	xor	x7,x20,x18	 x20:0x00000000 x18:0x80008f34  x7=0x80008f34
       19345000	      1933	80000d08	1b328e13	addi	x28,x5,435	  x5:0x0003fffb x28=0x000401ae
       19355000	      1934	80000d0c	011e9993	slli	x19,x29,0x11	 x29:0x80000830 x19=0x10600000
       19365000	      1935	80000d10	bf310ea3	sb	x19,-1027(x2)	  x2:0x8000860e x19:0x10600000 PA:0x8000820b
       19375000	      1936	80000d14	ad612b03	lw	x22,-1322(x2)	  x2:0x8000860e x22=0x3e000000 PA:0x800080e4
       19385000	      1937	80000d18	ec810923	sb	x8,-302(x2)	  x2:0x8000860e  x8:0x00000000 PA:0x800084e0
       19395000	      1938	80000d1c	494b2393	slti	x7,x22,1172	 x22:0x3e000000  x7=0x00000000
       19405000	      1939	80000d20	ab914e83	lbu	x29,-1351(x2)	  x2:0x8000860e x29=0x00000000 PA:0x800080c7
       19415000	      1940	80000d24	586b7417	auipc	x8,0x586b7	  x8=0xd86b7d20
       19425000	      1941	80000d28	09f14983	lbu	x19,159(x2)	  x2:0x8000860e x19=0x00000000 PA:0x800086ad
       19435000	      1942	80000d2c	8dee2a13	slti	x20,x28,-1826	 x28:0x000401ae x20=0x00000000
       19445000	      1943	80000d30	0e615e03	lhu	x28,230(x2)	  x2:0x8000860e x28=0x00000000 PA:0x800086f4
       19455000	      1944	80000d34	da812d23	sw	x8,-582(x2)	  x2:0x8000860e  x8:0xd86b7d20 PA:0x800083c8
       19465000	      1945	80000d38	7f5401b7	lui	x3,0x7f540	  x3=0x7f540000
       19475000	      1946	80000d3c	14fd8693	addi	x13,x27,335	 x27:0x0000000e x13=0x0000015d
       19485000	      1947	80000d40	04310603	lb	x12,67(x2)	  x2:0x8000860e x12=0x00000000 PA:0x80008651
       19495000	      1948	80000d44	0e240513	addi	x10,x8,226	  x8:0xd86b7d20 x10=0xd86b7e02
       19505000	      1949	80000d48	40dd8733	sub	x14,x27,x13	 x27:0x0000000e x13:0x0000015d x14=0xfffffeb1
       19515000	      1950	80000d4c	15b96793	ori	x15,x18,347	 x18:0x80008f34 x15=0x80008f7f
       19525000	      1951	80000d50	00000013	addi	x0,x0,0	  x0:0x00000000
       19535000	      1952	80000d54	ccd10683	lb	x13,-819(x2)	  x2:0x8000860e x13=0x00000000 PA:0x800082db
       19545000	      1953	80000d58	010106b3	add	x13,x2,x16	  x2:0x8000860e x16:0x00000000 x13=0x8000860e
       19555000	      1954	80000d5c	ba710c23	sb	x7,-1096(x2)	  x2:0x8000860e  x7:0x00000000 PA:0x800081c6
       19565000	      1955	80000d60	52c86613	ori	x12,x16,1324	 x16:0x00000000 x12=0x0000052c
       19575000	      1956	80000d64	19114803	lbu	x16,401(x2)	  x2:0x8000860e x16=0x00000000 PA:0x8000879f
       19585000	      1957	80000d68	009923b3	slt	x7,x18,x9	 x18:0x80008f34  x9:0x7d16ace4  x7=0x00000001
       19595000	      1958	80000d6c	01ccf3b3	and	x7,x25,x28	 x25:0x80009fc4 x28:0x00000000  x7=0x00000000
       19605000	      1959	80000d70	1e514e83	lbu	x29,485(x2)	  x2:0x8000860e x29=0x00000000 PA:0x800087f3
       19615000	      1960	80000d74	b1b14903	lbu	x18,-1253(x2)	  x2:0x8000860e x18=0x00000000 PA:0x80008129
       19625000	      1961	80000d78	daf100a3	sb	x15,-607(x2)	  x2:0x8000860e x15:0x80008f7f PA:0x800083af
       19635000	      1962	80000d7c	00000013	addi	x0,x0,0	  x0:0x00000000
       19645000	      1963	80000d80	1f815883	lhu	x17,504(x2)	  x2:0x8000860e x17=0x00000000 PA:0x80008806
       19655000	      1964	80000d84	b0312323	sw	x3,-1274(x2)	  x2:0x8000860e  x3:0x7f540000 PA:0x80008114
       19665000	      1965	80000d88	a9c11d03	lh	x26,-1380(x2)	  x2:0x8000860e x26=0x00000000 PA:0x800080aa
       19675000	      1966	80000d8c	da510a83	lb	x21,-603(x2)	  x2:0x8000860e x21=0x00000000 PA:0x800083b3
       19685000	      1967	80000d90	01b7e6b3	or	x13,x15,x27	 x15:0x80008f7f x27:0x0000000e x13=0x80008f7f
       19695000	      1968	80000d94	dcb10a03	lb	x20,-565(x2)	  x2:0x8000860e x20=0x00000000 PA:0x800083d9
       19705000	      1969	80000d98	e3611503	lh	x10,-458(x2)	  x2:0x8000860e x10=0x00007f00 PA:0x80008444
       19715000	      1970	80000d9c	00d22533	slt	x10,x4,x13	  x4:0x00007f54 x13:0x80008f7f x10=0x00000000
       19725000	      1971	80000da0	07514383	lbu	x7,117(x2)	  x2:0x8000860e  x7=0x00000000 PA:0x80008683
       19735000	      1972	80000da4	ec212323	sw	x2,-314(x2)	  x2:0x8000860e  x2:0x8000860e PA:0x800084d4
       19745000	      1973	80000da8	00007c17	auipc	x24,0x7	 x24=0x80007da4
       19755000	      1974	80000dac	6b0c0c13	addi	x24,x24,1712	 x24:0x80007da4 x24=0x80008454
       19765000	      1975	80000db0	00008097	auipc	x1,0x8	  x1=0x80008dac
       19775000	      1976	80000db4	81808093	addi	x1,x1,-2024	  x1:0x80008dac  x1=0x800085c4
       19785000	      1977	80000db8	00bc4b03	lbu	x22,11(x24)	 x24:0x80008454 x22=0x00000000 PA:0x8000845f
       19795000	      1978	80000dbc	00007517	auipc	x10,0x7	 x10=0x80007db8
       19805000	      1979	80000dc0	37050513	addi	x10,x10,880	 x10:0x80007db8 x10=0x80008128
       19815000	      1980	80000dc4	00007217	auipc	x4,0x7	  x4=0x80007dc0
       19825000	      1981	80000dc8	43e20213	addi	x4,x4,1086	  x4:0x80007dc0  x4=0x800081fe
       19835000	      1982	80000dcc	00007897	auipc	x17,0x7	 x17=0x80007dc8
       19845000	      1983	80000dd0	37688893	addi	x17,x17,886	 x17:0x80007dc8 x17=0x8000813e
       19855000	      1984	80000dd4	1e1086a3	sb	x1,493(x1)	  x1:0x800085c4  x1:0x800085c4 PA:0x800087b1
       19865000	      1985	80000dd8	01188183	lb	x3,17(x17)	 x17:0x8000813e  x3=0x00000000 PA:0x8000814f
       19875000	      1986	80000ddc	011084a3	sb	x17,9(x1)	  x1:0x800085c4 x17:0x8000813e PA:0x800085cd
       19885000	      1987	80000de0	ff920ca3	sb	x25,-7(x4)	  x4:0x800081fe x25:0x80009fc4 PA:0x800081f7
       19895000	      1988	80000de4	02188f83	lb	x31,33(x17)	 x17:0x8000813e x31=0x00000000 PA:0x8000815f
       19905000	      1989	80000de8	f9050ea3	sb	x16,-99(x10)	 x10:0x80008128 x16:0x00000000 PA:0x800080c5
       19915000	      1990	80000dec	57d54e83	lbu	x29,1405(x10)	 x10:0x80008128 x29=0x00000000 PA:0x800086a5
       19925000	      1991	80000df0	fe708f83	lb	x31,-25(x1)	  x1:0x800085c4 x31=0x00000000 PA:0x800085ab
       19935000	      1992	80000df4	fd78c183	lbu	x3,-41(x17)	 x17:0x8000813e  x3=0x00000000 PA:0x80008115
       19945000	      1993	80000df8	006c4303	lbu	x6,6(x24)	 x24:0x80008454  x6=0x00000000 PA:0x8000845a
       19955000	      1994	80000dfc	02420ea3	sb	x4,61(x4)	  x4:0x800081fe  x4:0x800081fe PA:0x8000823b
       19965000	      1995	80000e00	e1d08303	lb	x6,-483(x1)	  x1:0x800085c4  x6=0x00000000 PA:0x800083e1
       19975000	      1996	80000e04	0480d303	lhu	x6,72(x1)	  x1:0x800085c4  x6=0x00000000 PA:0x8000860c
       19985000	      1997	80000e08	01e25a83	lhu	x21,30(x4)	  x4:0x800081fe x21=0x00000000 PA:0x8000821c
       19995000	      1998	80000e0c	08908003	lb	x0,137(x1)	  x1:0x800085c4 PA:0x8000864d
       20005000	      1999	80000e10	fc48c283	lbu	x5,-60(x17)	 x17:0x8000813e  x5=0x00000000 PA:0x80008102
       20015000	      2000	80000e14	67a506a3	sb	x26,1645(x10)	 x10:0x80008128 x26:0x00000000 PA:0x80008795
       20025000	      2001	80000e18	02d20423	sb	x13,40(x4)	  x4:0x800081fe x13:0x80008f7f PA:0x80008226
       20035000	      2002	80000e1c	02089483	lh	x9,32(x17)	 x17:0x8000813e  x9=0x00000000 PA:0x8000815e
       20045000	      2003	80000e20	00a22283	lw	x5,10(x4)	  x4:0x800081fe  x5=0x00000000 PA:0x80008208
       20055000	      2004	80000e24	003c0683	lb	x13,3(x24)	 x24:0x80008454 x13=0x00000000 PA:0x80008457
       20065000	      2005	80000e28	ff8c4f83	lbu	x31,-8(x24)	 x24:0x80008454 x31=0x00000000 PA:0x8000844c
       20075000	      2006	80000e2c	b4908103	lb	x2,-1207(x1)	  x1:0x800085c4  x2=0x00000000 PA:0x8000810d
       20085000	      2007	80000e30	0368a323	sw	x22,38(x17)	 x17:0x8000813e x22:0x00000000 PA:0x80008164
       20095000	      2008	80000e34	ff420f83	lb	x31,-12(x4)	  x4:0x800081fe x31=0x00000000 PA:0x800081f2
       20105000	      2009	80000e38	021887a3	sb	x1,47(x17)	 x17:0x8000813e  x1:0x800085c4 PA:0x8000816d
       20115000	      2010	80000e3c	26354903	lbu	x18,611(x10)	 x10:0x80008128 x18=0x00000000 PA:0x8000838b
       20125000	      2011	80000e40	003c0f03	lb	x30,3(x24)	 x24:0x80008454 x30=0x00000000 PA:0x80008457
       20135000	      2012	80000e44	04f08f03	lb	x30,79(x1)	  x1:0x800085c4 x30=0x00000000 PA:0x80008613
       20145000	      2013	80000e48	47452103	lw	x2,1140(x10)	 x10:0x80008128  x2=0x00000000 PA:0x8000859c
       20155000	      2014	80000e4c	154504a3	sb	x20,329(x10)	 x10:0x80008128 x20:0x00000000 PA:0x80008271
       20165000	      2015	80000e50	03a887a3	sb	x26,47(x17)	 x17:0x8000813e x26:0x00000000 PA:0x8000816d
       20175000	      2016	80000e54	fd821323	sh	x24,-58(x4)	  x4:0x800081fe x24:0x80008454 PA:0x800081c4
       20185000	      2017	80000e58	6bd50803	lb	x16,1725(x10)	 x10:0x80008128 x16=0x00000000 PA:0x800087e5
       20195000	      2018	80000e5c	fda51423	sh	x26,-56(x10)	 x10:0x80008128 x26:0x00000000 PA:0x800080f0
       20205000	      2019	80000e60	fefc08a3	sb	x15,-15(x24)	 x24:0x80008454 x15:0x80008f7f PA:0x80008445
       20215000	      2020	80000e64	fdb20383	lb	x7,-37(x4)	  x4:0x800081fe  x7=0x00000000 PA:0x800081d9
       20225000	      2021	80000e68	01621003	lh	x0,22(x4)	  x4:0x800081fe PA:0x80008214
       20235000	      2022	80000e6c	b31081a3	sb	x17,-1245(x1)	  x1:0x800085c4 x17:0x8000813e PA:0x800080e7
       20245000	      2023	80000e70	1ee08283	lb	x5,494(x1)	  x1:0x800085c4  x5=0x00000000 PA:0x800087b2
       20255000	      2024	80000e74	51a502a3	sb	x26,1285(x10)	 x10:0x80008128 x26:0x00000000 PA:0x8000862d
       20265000	      2025	80000e78	011c1823	sh	x17,16(x24)	 x24:0x80008454 x17:0x8000813e PA:0x80008464
       20275000	      2026	80000e7c	fc221003	lh	x0,-62(x4)	  x4:0x800081fe PA:0x800081c0
       20285000	      2027	80000e80	ff488e83	lb	x29,-12(x17)	 x17:0x8000813e x29=0x00000000 PA:0x80008132
       20295000	      2028	80000e84	56150fa3	sb	x1,1407(x10)	 x10:0x80008128  x1:0x800085c4 PA:0x800086a7
       20305000	      2029	80000e88	00008197	auipc	x3,0x8	  x3=0x80008e84
       20315000	      2030	80000e8c	e7818193	addi	x3,x3,-392	  x3:0x80008e84  x3=0x80008cfc
       20325000	      2031	80000e90	fbb03e13	sltiu	x28,x0,-69	  x0:0x00000000 x28=0x00000001
       20335000	      2032	80000e94	efcb8f13	addi	x30,x23,-260	 x23:0x80009f4c x30=0x80009e48
       20345000	      2033	80000e98	c5b19823	sh	x27,-944(x3)	  x3:0x80008cfc x27:0x0000000e PA:0x8000894c
       20355000	      2034	80000e9c	c0f1cc03	lbu	x24,-1009(x3)	  x3:0x80008cfc x24=0x00000000 PA:0x8000890b
       20365000	      2035	80000ea0	013dcb33	xor	x22,x27,x19	 x27:0x0000000e x19:0x00000000 x22=0x0000000e
       20375000	      2036	80000ea4	e8c18123	sb	x12,-382(x3)	  x3:0x80008cfc x12:0x0000052c PA:0x80008b7e
       20385000	      2037	80000ea8	b90c4293	xori	x5,x24,-1136	 x24:0x00000000  x5=0xfffffb90
       20395000	      2038	80000eac	d0e1c103	lbu	x2,-754(x3)	  x3:0x80008cfc  x2=0x00000000 PA:0x80008a0a
       20405000	      2039	80000eb0	40bd5f13	srai	x30,x26,0xb	 x26:0x00000000 x30=0x00000000
       20415000	      2040	80000eb4	e591cf83	lbu	x31,-423(x3)	  x3:0x80008cfc x31=0x00000000 PA:0x80008b55
       20425000	      2041	80000eb8	0097c433	xor	x8,x15,x9	 x15:0x80008f7f  x9:0x00000000  x8=0x80008f7f
       20435000	      2042	80000ebc	f0f18f23	sb	x15,-226(x3)	  x3:0x80008cfc x15:0x80008f7f PA:0x80008c1a
       20445000	      2043	80000ec0	018703b3	add	x7,x14,x24	 x14:0xfffffeb1 x24:0x00000000  x7=0xfffffeb1
       20455000	      2044	80000ec4	29319323	sh	x19,646(x3)	  x3:0x80008cfc x19:0x00000000 PA:0x80008f82
       20465000	      2045	80000ec8	417ed633	sra	x12,x29,x23	 x29:0x00000000 x23:0x80009f4c x12=0x00000000
       20475000	      2046	80000ecc	d6b18923	sb	x11,-654(x3)	  x3:0x80008cfc x11:0x00000000 PA:0x80008a6e
       20485000	      2047	80000ed0	013d1093	slli	x1,x26,0x13	 x26:0x00000000  x1=0x00000000
       20495000	      2048	80000ed4	001bb9b3	sltu	x19,x23,x1	 x23:0x80009f4c  x1:0x00000000 x19=0x00000000
       20505000	      2049	80000ed8	959b0493	addi	x9,x22,-1703	 x22:0x0000000e  x9=0xfffff967
       20515000	      2050	80000edc	00000013	addi	x0,x0,0	  x0:0x00000000
       20525000	      2051	80000ee0	c4818523	sb	x8,-950(x3)	  x3:0x80008cfc  x8:0x80008f7f PA:0x80008946
       20535000	      2052	80000ee4	002c1a13	slli	x20,x24,0x2	 x24:0x00000000 x20=0x00000000
       20545000	      2053	80000ee8	fdd18083	lb	x1,-35(x3)	  x3:0x80008cfc  x1=0x00000000 PA:0x80008cd9
       20555000	      2054	80000eec	f471c503	lbu	x10,-185(x3)	  x3:0x80008cfc x10=0x00000000 PA:0x80008c43
       20565000	      2055	80000ef0	f5718ca3	sb	x23,-167(x3)	  x3:0x80008cfc x23:0x80009f4c PA:0x80008c55
       20575000	      2056	80000ef4	0081b933	sltu	x18,x3,x8	  x3:0x80008cfc  x8:0x80008f7f x18=0x00000001
       20585000	      2057	80000ef8	019cd993	srli	x19,x25,0x19	 x25:0x80009fc4 x19=0x00000040
       20595000	      2058	80000efc	f6c19403	lh	x8,-148(x3)	  x3:0x80008cfc  x8=0x00000000 PA:0x80008c68
       20605000	      2059	80000f00	d4b18503	lb	x10,-693(x3)	  x3:0x80008cfc x10=0x00000000 PA:0x80008a47
       20615000	      2060	80000f04	cf819823	sh	x24,-784(x3)	  x3:0x80008cfc x24:0x00000000 PA:0x800089ec
       20625000	      2061	80000f08	f4418683	lb	x13,-188(x3)	  x3:0x80008cfc x13=0x00000000 PA:0x80008c40
       20635000	      2062	80000f0c	3c7f0f13	addi	x30,x30,967	 x30:0x00000000 x30=0x000003c7
       20645000	      2063	80000f10	01b6b3b3	sltu	x7,x13,x27	 x13:0x00000000 x27:0x0000000e  x7=0x00000001
       20655000	      2064	80000f14	17f18203	lb	x4,383(x3)	  x3:0x80008cfc  x4=0x00000000 PA:0x80008e7b
       20665000	      2065	80000f18	00b8d613	srli	x12,x17,0xb	 x17:0x8000813e x12=0x00100010
       20675000	      2066	80000f1c	b30182a3	sb	x16,-1243(x3)	  x3:0x80008cfc x16:0x00000000 PA:0x80008821
       20685000	      2067	80000f20	00007117	auipc	x2,0x7	  x2=0x80007f1c
       20695000	      2068	80000f24	75610113	addi	x2,x2,1878	  x2:0x80007f1c  x2=0x80008672
       20705000	      2069	80000f28	fc5101a3	sb	x5,-61(x2)	  x2:0x80008672  x5:0xfffffb90 PA:0x80008635
       20715000	      2070	80000f2c	ff914003	lbu	x0,-7(x2)	  x2:0x80008672 PA:0x8000866b
       20725000	      2071	80000f30	fe714803	lbu	x16,-25(x2)	  x2:0x80008672 x16=0x00000000 PA:0x80008659
       20735000	      2072	80000f34	fd2106a3	sb	x18,-51(x2)	  x2:0x80008672 x18:0x00000001 PA:0x8000863f
       20745000	      2073	80000f38	fcd10783	lb	x15,-51(x2)	  x2:0x80008672 x15=0x00000001 PA:0x8000863f
       20755000	      2074	80000f3c	fcd10583	lb	x11,-51(x2)	  x2:0x80008672 x11=0x00000001 PA:0x8000863f
       20765000	      2075	80000f40	fcd14883	lbu	x17,-51(x2)	  x2:0x80008672 x17=0x00000001 PA:0x8000863f
       20775000	      2076	80000f44	fca10783	lb	x15,-54(x2)	  x2:0x80008672 x15=0xffffffa3 PA:0x8000863c
       20785000	      2077	80000f48	0194c333	xor	x6,x9,x25	  x9:0xfffff967 x25:0x80009fc4  x6=0x7fff66a3
       20795000	      2078	80000f4c	412952b3	sra	x5,x18,x18	 x18:0x00000001 x18:0x00000001  x5=0x00000000
       20805000	      2079	80000f50	fdf10003	lb	x0,-33(x2)	  x2:0x80008672 PA:0x80008651
       20815000	      2080	80000f54	01bc3033	sltu	x0,x24,x27	 x24:0x00000000 x27:0x0000000e
       20825000	      2081	80000f58	01d10983	lb	x19,29(x2)	  x2:0x80008672 x19=0x00000000 PA:0x8000868f
       20835000	      2082	80000f5c	fc611523	sh	x6,-54(x2)	  x2:0x80008672  x6:0x7fff66a3 PA:0x8000863c
       20845000	      2083	80000f60	03014883	lbu	x17,48(x2)	  x2:0x80008672 x17=0x00000000 PA:0x800086a2
       20855000	      2084	80000f64	ff911823	sh	x25,-16(x2)	  x2:0x80008672 x25:0x80009fc4 PA:0x80008662
       20865000	      2085	80000f68	ff014283	lbu	x5,-16(x2)	  x2:0x80008672  x5=0x000000c4 PA:0x80008662
       20875000	      2086	80000f6c	02910183	lb	x3,41(x2)	  x2:0x80008672  x3=0x00000000 PA:0x8000869b
       20885000	      2087	00000000	00000013	addi	x0,x0,0	  x0:0x00000000
       20895000	      2088	80000f70	fc3107a3	sb	x3,-49(x2)	  x2:0x80008672  x3:0x00000000 PA:0x80008641
       20905000	      2089	80000f74	fcf10f03	lb	x30,-49(x2)	  x2:0x80008672 x30=0x00000000 PA:0x80008641
       20915000	      2090	80000f78	fd6107a3	sb	x22,-49(x2)	  x2:0x80008672 x22:0x0000000e PA:0x80008641
       20925000	      2091	80000f7c	00007e17	auipc	x28,0x7	 x28=0x80007f78
       20935000	      2092	80000f80	1b4e0e13	addi	x28,x28,436	 x28:0x80007f78 x28=0x8000812c
       20945000	      2093	80000f84	005e4683	lbu	x13,5(x28)	 x28:0x8000812c x13=0x00000000 PA:0x80008131
       20955000	      2094	80000f88	0132b3b3	sltu	x7,x5,x19	  x5:0x000000c4 x19:0x00000000  x7=0x00000000
       20965000	      2095	80000f8c	0102db13	srli	x22,x5,0x10	  x5:0x000000c4 x22=0x00000000
       20975000	      2096	80000f90	006e1f83	lh	x31,6(x28)	 x28:0x8000812c x31=0x00000000 PA:0x80008132
       20985000	      2097	80000f94	007e4c03	lbu	x24,7(x28)	 x28:0x8000812c x24=0x00000000 PA:0x80008133
       20995000	      2098	80000f98	00599133	sll	x2,x19,x5	 x19:0x00000000  x5:0x000000c4  x2=0x00000000
       21005000	      2099	80000f9c	00fe0203	lb	x4,15(x28)	 x28:0x8000812c  x4=0x00000000 PA:0x8000813b
       21015000	      2100	80000fa0	01be07a3	sb	x27,15(x28)	 x28:0x8000812c x27:0x0000000e PA:0x8000813b
       21025000	      2101	80000fa4	00a08733	add	x14,x1,x10	  x1:0x00000000 x10:0x00000000 x14=0x00000000
       21035000	      2102	80000fa8	004fdb33	srl	x22,x31,x4	 x31:0x00000000  x4:0x00000000 x22=0x00000000
       21045000	      2103	80000fac	01ee07a3	sb	x30,15(x28)	 x28:0x8000812c x30:0x00000000 PA:0x8000813b
       21055000	      2104	80000fb0	416a5293	srai	x5,x20,0x16	 x20:0x00000000  x5=0x00000000
       21065000	      2105	80000fb4	008e2823	sw	x8,16(x28)	 x28:0x8000812c  x8:0x00000000 PA:0x8000813c
       21075000	      2106	80000fb8	412d88b3	sub	x17,x27,x18	 x27:0x0000000e x18:0x00000001 x17=0x0000000d
       21085000	      2107	80000fbc	01de0123	sb	x29,2(x28)	 x28:0x8000812c x29:0x00000000 PA:0x8000812e
       21095000	      2108	80000fc0	4002d693	srai	x13,x5,0x0	  x5:0x00000000 x13=0x00000000
       21105000	      2109	80000fc4	f1252193	slti	x3,x10,-238	 x10:0x00000000  x3=0x00000000
       21115000	      2110	80000fc8	01217d33	and	x26,x2,x18	  x2:0x00000000 x18:0x00000001 x26=0x00000000
       21125000	      2111	80000fcc	007e4403	lbu	x8,7(x28)	 x28:0x8000812c  x8=0x00000000 PA:0x80008133
       21135000	      2112	80000fd0	af473393	sltiu	x7,x14,-1292	 x14:0x00000000  x7=0x00000001
       21145000	      2113	80000fd4	c251e593	ori	x11,x3,-987	  x3:0x00000000 x11=0xfffffc25
       21155000	      2114	80000fd8	002aad33	slt	x26,x21,x2	 x21:0x00000000  x2:0x00000000 x26=0x00000000
       21165000	      2115	80000fdc	006e0983	lb	x19,6(x28)	 x28:0x8000812c x19=0x00000000 PA:0x80008132
       21175000	      2116	80000fe0	010778b3	and	x17,x14,x16	 x14:0x00000000 x16:0x00000000 x17=0x00000000
       21185000	      2117	80000fe4	40a05633	sra	x12,x0,x10	  x0:0x00000000 x10:0x00000000 x12=0x00000000
       21195000	      2118	80000fe8	004e5303	lhu	x6,4(x28)	 x28:0x8000812c  x6=0x00000000 PA:0x80008130
       21205000	      2119	80000fec	005e2223	sw	x5,4(x28)	 x28:0x8000812c  x5:0x00000000 PA:0x80008130
       21215000	      2120	80000ff0	014e0323	sb	x20,6(x28)	 x28:0x8000812c x20:0x00000000 PA:0x80008132
       21225000	      2121	80000ff4	01ae02a3	sb	x26,5(x28)	 x28:0x8000812c x26:0x00000000 PA:0x80008131
       21235000	      2122	80000ff8	fede1b23	sh	x13,-10(x28)	 x28:0x8000812c x13:0x00000000 PA:0x80008122
       21245000	      2123	80000ffc	ff1e1923	sh	x17,-14(x28)	 x28:0x8000812c x17:0x00000000 PA:0x8000811e
       21255000	      2124	80001000	ff5e4303	lbu	x6,-11(x28)	 x28:0x8000812c  x6=0x00000000 PA:0x80008121
       21265000	      2125	80001004	005d6d33	or	x26,x26,x5	 x26:0x00000000  x5:0x00000000 x26=0x00000000
       21275000	      2126	80001008	fe6e0b23	sb	x6,-10(x28)	 x28:0x8000812c  x6:0x00000000 PA:0x80008122
       21285000	      2127	8000100c	006e5403	lhu	x8,6(x28)	 x28:0x8000812c  x8=0x00000000 PA:0x80008132
       21295000	      2128	80001010	9ecdba93	sltiu	x21,x27,-1556	 x27:0x0000000e x21=0x00000001
       21305000	      2129	80001014	ff3e4683	lbu	x13,-13(x28)	 x28:0x8000812c x13=0x00000000 PA:0x8000811f
       21315000	      2130	80001018	7ef9b613	sltiu	x12,x19,2031	 x19:0x00000000 x12=0x00000001
       21325000	      2131	8000101c	00571393	slli	x7,x14,0x5	 x14:0x00000000  x7=0x00000000
       21335000	      2132	80001020	00a982b3	add	x5,x19,x10	 x19:0x00000000 x10:0x00000000  x5=0x00000000
       21345000	      2133	80001024	a3e47d13	andi	x26,x8,-1474	  x8:0x00000000 x26=0x00000000
       21355000	      2134	80001028	ff9e4103	lbu	x2,-7(x28)	 x28:0x8000812c  x2=0x00000000 PA:0x80008125
       21365000	      2135	8000102c	0002c333	xor	x6,x5,x0	  x5:0x00000000  x0:0x00000000  x6=0x00000000
       21375000	      2136	80001030	83423193	sltiu	x3,x4,-1996	  x4:0x00000000  x3=0x00000001
       21385000	      2137	80001034	00e767b3	or	x15,x14,x14	 x14:0x00000000 x14:0x00000000 x15=0x00000000
       21395000	      2138	80001038	004e5183	lhu	x3,4(x28)	 x28:0x8000812c  x3=0x00000000 PA:0x80008130
       21405000	      2139	8000103c	01828b33	add	x22,x5,x24	  x5:0x00000000 x24:0x00000000 x22=0x00000000
       21415000	      2140	80001040	00b142b3	xor	x5,x2,x11	  x2:0x00000000 x11:0xfffffc25  x5=0xfffffc25
       21425000	      2141	80001044	f0cd6113	ori	x2,x26,-244	 x26:0x00000000  x2=0xffffff0c
       21435000	      2142	80001048	00de0983	lb	x19,13(x28)	 x28:0x8000812c x19=0x00000000 PA:0x80008139
       21445000	      2143	8000104c	bca450b7	lui	x1,0xbca45	  x1=0xbca45000
       21455000	      2144	80001050	007e0803	lb	x16,7(x28)	 x28:0x8000812c x16=0x00000000 PA:0x80008133
       21465000	      2145	80001054	bf527093	andi	x1,x4,-1035	  x4:0x00000000  x1=0x00000000
       21475000	      2146	80001058	000e07a3	sb	x0,15(x28)	 x28:0x8000812c  x0:0x00000000 PA:0x8000813b
       21485000	      2147	8000105c	00008817	auipc	x16,0x8	 x16=0x80009058
       21495000	      2148	80001060	8c580813	addi	x16,x16,-1851	 x16:0x80009058 x16=0x8000891d
       21505000	      2149	80001064	07a80d23	sb	x26,122(x16)	 x16:0x8000891d x26:0x00000000 PA:0x80008997
       21515000	      2150	80001068	00008d17	auipc	x26,0x8	 x26=0x80009064
       21525000	      2151	8000106c	f7fd0d13	addi	x26,x26,-129	 x26:0x80009064 x26=0x80008fe3
       21535000	      2152	80001070	00007617	auipc	x12,0x7	 x12=0x8000806c
       21545000	      2153	80001074	7fc60613	addi	x12,x12,2044	 x12:0x8000806c x12=0x80008868
       21555000	      2154	80001078	f7680103	lb	x2,-138(x16)	 x16:0x8000891d  x2=0x00000000 PA:0x80008893
       21565000	      2155	8000107c	00008b17	auipc	x22,0x8	 x22=0x80009078
       21575000	      2156	80001080	d5eb0b13	addi	x22,x22,-674	 x22:0x80009078 x22=0x80008dd6
       21585000	      2157	80001084	fffd1203	lh	x4,-1(x26)	 x26:0x80008fe3  x4=0x00000000 PA:0x80008fe2
       21595000	      2158	80001088	02db4e03	lbu	x28,45(x22)	 x22:0x80008dd6 x28=0x0000000e PA:0x80008e03
       21605000	      2159	8000108c	f3382483	lw	x9,-205(x16)	 x16:0x8000891d  x9=0x9f4c0000 PA:0x80008850
       21615000	      2160	80001090	00008e97	auipc	x29,0x8	 x29=0x8000908c
       21625000	      2161	80001094	be3e8e93	addi	x29,x29,-1053	 x29:0x8000908c x29=0x80008c6f
       21635000	      2162	80001098	ff0b0f03	lb	x30,-16(x22)	 x22:0x80008dd6 x30=0x00000000 PA:0x80008dc6
       21645000	      2163	8000109c	fe265003	lhu	x0,-30(x12)	 x12:0x80008868 PA:0x8000884a
       21655000	      2164	800010a0	000d4703	lbu	x14,0(x26)	 x26:0x80008fe3 x14=0x00000000 PA:0x80008fe3
       21665000	      2165	800010a4	ff0d4103	lbu	x2,-16(x26)	 x26:0x80008fe3  x2=0x00000000 PA:0x80008fd3
       21675000	      2166	800010a8	0ce80923	sb	x14,210(x16)	 x16:0x8000891d x14:0x00000000 PA:0x800089ef
       21685000	      2167	800010ac	ff761523	sh	x23,-22(x12)	 x12:0x80008868 x23:0x80009f4c PA:0x80008852
       21695000	      2168	800010b0	047ed283	lhu	x5,71(x29)	 x29:0x80008c6f  x5=0x00000000 PA:0x80008cb6
       21705000	      2169	800010b4	ffdb06a3	sb	x29,-19(x22)	 x22:0x80008dd6 x29:0x80008c6f PA:0x80008dc3
       21715000	      2170	800010b8	ffcd0a03	lb	x20,-4(x26)	 x26:0x80008fe3 x20=0xffffffd6 PA:0x80008fdf
       21725000	      2171	800010bc	f55800a3	sb	x21,-191(x16)	 x16:0x8000891d x21:0x00000001 PA:0x8000885e
       21735000	      2172	800010c0	01560823	sb	x21,16(x12)	 x12:0x80008868 x21:0x00000001 PA:0x80008878
       21745000	      2173	800010c4	007e8283	lb	x5,7(x29)	 x29:0x80008c6f  x5=0x00000000 PA:0x80008c76
       21755000	      2174	800010c8	022b4783	lbu	x15,34(x22)	 x22:0x80008dd6 x15=0x00000000 PA:0x80008df8
       21765000	      2175	800010cc	007b0f83	lb	x31,7(x22)	 x22:0x80008dd6 x31=0x00000000 PA:0x80008ddd
       21775000	      2176	800010d0	0f880123	sb	x24,226(x16)	 x16:0x8000891d x24:0x00000000 PA:0x800089ff
       21785000	      2177	800010d4	024b1283	lh	x5,36(x22)	 x22:0x80008dd6  x5=0x00000000 PA:0x80008dfa
       21795000	      2178	800010d8	0af81403	lh	x8,175(x16)	 x16:0x8000891d  x8=0x00000000 PA:0x800089cc
       21805000	      2179	800010dc	fe661623	sh	x6,-20(x12)	 x12:0x80008868  x6:0x00000000 PA:0x80008854
       21815000	      2180	800010e0	fe260da3	sb	x2,-5(x12)	 x12:0x80008868  x2:0x00000000 PA:0x80008863
       21825000	      2181	800010e4	ff6d0e23	sb	x22,-4(x26)	 x26:0x80008fe3 x22:0x80008dd6 PA:0x80008fdf
       21835000	      2182	800010e8	0be80203	lb	x4,190(x16)	 x16:0x8000891d  x4=0x00000000 PA:0x800089db
       21845000	      2183	800010ec	01eb0483	lb	x9,30(x22)	 x22:0x80008dd6  x9=0x00000000 PA:0x80008df4
       21855000	      2184	800010f0	f1be8ca3	sb	x27,-231(x29)	 x29:0x80008c6f x27:0x0000000e PA:0x80008b88
       21865000	      2185	800010f4	fe4d08a3	sb	x4,-15(x26)	 x26:0x80008fe3  x4:0x00000000 PA:0x80008fd4
       21875000	      2186	800010f8	000d4003	lbu	x0,0(x26)	 x26:0x80008fe3 PA:0x80008fe3
       21885000	      2187	800010fc	ffad0283	lb	x5,-6(x26)	 x26:0x80008fe3  x5=0x00000000 PA:0x80008fdd
       21895000	      2188	80001100	fa4e90a3	sh	x4,-95(x29)	 x29:0x80008c6f  x4:0x00000000 PA:0x80008c10
       21905000	      2189	80001104	030b2923	sw	x16,50(x22)	 x22:0x80008dd6 x16:0x8000891d PA:0x80008e08
       21915000	      2190	80001108	03360283	lb	x5,51(x12)	 x12:0x80008868  x5=0x00000000 PA:0x8000889b
       21925000	      2191	8000110c	002b2123	sw	x2,2(x22)	 x22:0x80008dd6  x2:0x00000000 PA:0x80008dd8
       21935000	      2192	80001110	07284203	lbu	x4,114(x16)	 x16:0x8000891d  x4=0x00000000 PA:0x8000898f
       21945000	      2193	80001114	03660f23	sb	x22,62(x12)	 x12:0x80008868 x22:0x80008dd6 PA:0x800088a6
       21955000	      2194	80001118	f3880503	lb	x10,-200(x16)	 x16:0x8000891d x10=0x00000000 PA:0x80008855
       21965000	      2195	8000111c	f9ce8323	sb	x28,-122(x29)	 x29:0x80008c6f x28:0x0000000e PA:0x80008bf5
       21975000	      2196	80001120	00a908b3	add	x17,x18,x10	 x18:0x00000001 x10:0x00000000 x17=0x00000001
       21985000	      2197	80001124	0100d113	srli	x2,x1,0x10	  x1:0x00000000  x2=0x00000000
       21995000	      2198	80001128	4092dd13	srai	x26,x5,0x9	  x5:0x00000000 x26=0x00000000
       22005000	      2199	8000112c	e165f797	auipc	x15,0xe165f	 x15=0x61660128
       22015000	      2200	80001130	03f98863	beq	x19,x31,80001160	 x19:0x00000000 x31:0x00000000
       22025000	      2201	00000000	00000013	addi	x0,x0,0	  x0:0x00000000
       22035000	      2202	8000115c	00000013	addi	x0,x0,0	  x0:0x00000000
       22045000	      2203	80001160	1ee6aa13	slti	x20,x13,494	 x13:0x00000000 x20=0x00000001
       22055000	      2204	80001164	00bfce33	xor	x28,x31,x11	 x31:0x00000000 x11:0xfffffc25 x28=0xfffffc25
       22065000	      2205	80001168	04f50863	beq	x10,x15,800011b8	 x10:0x00000000 x15:0x61660128
       22075000	      2206	8000116c	8dd33293	sltiu	x5,x6,-1827	  x6:0x00000000  x5=0x00000001
       22085000	      2207	80001170	0014ff33	and	x30,x9,x1	  x9:0x00000000  x1:0x00000000 x30=0x00000000
       22095000	      2208	80001174	03128263	beq	x5,x17,80001198	  x5:0x00000001 x17:0x00000001
       22105000	      2209	00000000	00000013	addi	x0,x0,0	  x0:0x00000000
       22115000	      2210	80001194	00000013	addi	x0,x0,0	  x0:0x00000000
       22125000	      2211	80001198	032d8463	beq	x27,x18,800011c0	 x27:0x0000000e x18:0x00000001
       22135000	      2212	8000119c	01aa1c33	sll	x24,x20,x26	 x20:0x00000001 x26:0x00000000 x24=0x00000001
       22145000	      2213	800011a0	01052b33	slt	x22,x10,x16	 x10:0x00000000 x16:0x8000891d x22=0x00000000
       22155000	      2214	800011a4	ae7ee793	ori	x15,x29,-1305	 x29:0x80008c6f x15=0xfffffeef
       22165000	      2215	800011a8	49234b13	xori	x22,x6,1170	  x6:0x00000000 x22=0x00000492
       22175000	      2216	800011ac	01c01293	slli	x5,x0,0x1c	  x0:0x00000000  x5=0x00000000
       22185000	      2217	800011b0	01655a13	srli	x20,x10,0x16	 x10:0x00000000 x20=0x00000000
       22195000	      2218	800011b4	03b58463	beq	x11,x27,800011dc	 x11:0xfffffc25 x27:0x0000000e
       22205000	      2219	800011b8	ce5dfe93	andi	x29,x27,-795	 x27:0x0000000e x29=0x00000004
       22215000	      2220	800011bc	01c93933	sltu	x18,x18,x28	 x18:0x00000001 x28:0xfffffc25 x18=0x00000001
       22225000	      2221	800011c0	00000013	addi	x0,x0,0	  x0:0x00000000
       22235000	      2222	800011c4	fef32f93	slti	x31,x6,-17	  x6:0x00000000 x31=0x00000000
       22245000	      2223	800011c8	01c1c0b3	xor	x1,x3,x28	  x3:0x00000000 x28:0xfffffc25  x1=0xfffffc25
       22255000	      2224	800011cc	0365ca63	blt	x11,x22,80001200	 x11:0xfffffc25 x22:0x00000492
       22265000	      2225	00000000	00000013	addi	x0,x0,0	  x0:0x00000000
       22275000	      2226	800011fc	00000013	addi	x0,x0,0	  x0:0x00000000
       22285000	      2227	80001200	0345f063	bgeu	x11,x20,80001220	 x11:0xfffffc25 x20:0x00000000
       22295000	      2228	00000000	00000013	addi	x0,x0,0	  x0:0x00000000
       22305000	      2229	8000121c	00000013	addi	x0,x0,0	  x0:0x00000000
       22315000	      2230	80001220	77ad5937	lui	x18,0x77ad5	 x18=0x77ad5000
       22325000	      2231	80001224	404d8433	sub	x8,x27,x4	 x27:0x0000000e  x4:0x00000000  x8=0x0000000e
       22335000	      2232	80001228	01af1f93	slli	x31,x30,0x1a	 x30:0x00000000 x31=0x00000000
       22345000	      2233	8000122c	05784663	blt	x16,x23,80001278	 x16:0x8000891d x23:0x80009f4c
       22355000	      2234	00000000	00000013	addi	x0,x0,0	  x0:0x00000000
       22365000	      2235	80001274	00000013	addi	x0,x0,0	  x0:0x00000000
       22375000	      2236	80001278	40a35d33	sra	x26,x6,x10	  x6:0x00000000 x10:0x00000000 x26=0x00000000
       22385000	      2237	8000127c	85fde593	ori	x11,x27,-1953	 x27:0x0000000e x11=0xfffff85f
       22395000	      2238	80001280	03237e63	bgeu	x6,x18,800012bc	  x6:0x00000000 x18:0x77ad5000
       22405000	      2239	80001284	fabde693	ori	x13,x27,-85	 x27:0x0000000e x13=0xffffffaf
       22415000	      2240	80001288	01cd5693	srli	x13,x26,0x1c	 x26:0x00000000 x13=0x00000000
       22425000	      2241	8000128c	01a65033	srl	x0,x12,x26	 x12:0x80008868 x26:0x00000000
       22435000	      2242	80001290	efb5a937	lui	x18,0xefb5a	 x18=0xefb5a000
       22445000	      2243	80001294	65913793	sltiu	x15,x2,1625	  x2:0x00000000 x15=0x00000001
       22455000	      2244	80001298	01b55a13	srli	x20,x10,0x1b	 x10:0x00000000 x20=0x00000000
       22465000	      2245	8000129c	cc30bc13	sltiu	x24,x1,-829	  x1:0xfffffc25 x24=0x00000001
       22475000	      2246	800012a0	01df4263	blt	x30,x29,800012a4	 x30:0x00000000 x29:0x00000004
       22485000	      2247	00000000	00000013	addi	x0,x0,0	  x0:0x00000000
       22495000	      2248	800012a0	00000013	addi	x0,x0,0	  x0:0x00000000
       22505000	      2249	800012a4	000c7833	and	x16,x24,x0	 x24:0x00000001  x0:0x00000000 x16=0x00000000
       22515000	      2250	800012a8	413fd433	sra	x8,x31,x19	 x31:0x00000000 x19:0x00000000  x8=0x00000000
       22525000	      2251	800012ac	035e8263	beq	x29,x21,800012d0	 x29:0x00000004 x21:0x00000001
       22535000	      2252	800012b0	bffe3b13	sltiu	x22,x28,-1025	 x28:0xfffffc25 x22=0x00000000
       22545000	      2253	800012b4	01dee2b3	or	x5,x29,x29	 x29:0x00000004 x29:0x00000004  x5=0x00000004
       22555000	      2254	800012b8	01169893	slli	x17,x13,0x11	 x13:0x00000000 x17=0x00000000
       22565000	      2255	800012bc	01cb32b3	sltu	x5,x22,x28	 x22:0x00000000 x28:0xfffffc25  x5=0x00000001
       22575000	      2256	800012c0	02561863	bne	x12,x5,800012f0	 x12:0x80008868  x5:0x00000001
       22585000	      2257	00000000	00000013	addi	x0,x0,0	  x0:0x00000000
       22595000	      2258	800012ec	00000013	addi	x0,x0,0	  x0:0x00000000
       22605000	      2259	800012f0	01b657b3	srl	x15,x12,x27	 x12:0x80008868 x27:0x0000000e x15=0x00020002
       22615000	      2260	800012f4	7716c393	xori	x7,x13,1905	 x13:0x00000000  x7=0x00000771
       22625000	      2261	800012f8	01231f13	slli	x30,x6,0x12	  x6:0x00000000 x30=0x00000000
       22635000	      2262	800012fc	0050c2b3	xor	x5,x1,x5	  x1:0xfffffc25  x5:0x00000001  x5=0xfffffc24
       22645000	      2263	80001300	00f7e7b3	or	x15,x15,x15	 x15:0x00020002 x15:0x00020002 x15=0x00020002
       22655000	      2264	80001304	68f08293	addi	x5,x1,1679	  x1:0xfffffc25  x5=0x000002b4
       22665000	      2265	80001308	faa70413	addi	x8,x14,-86	 x14:0x00000000  x8=0xffffffaa
       22675000	      2266	8000130c	b3db6093	ori	x1,x22,-1219	 x22:0x00000000  x1=0xfffffb3d
       22685000	      2267	80001310	01a1aa33	slt	x20,x3,x26	  x3:0x00000000 x26:0x00000000 x20=0x00000000
       22695000	      2268	80001314	fe5f04b7	lui	x9,0xfe5f0	  x9=0xfe5f0000
       22705000	      2269	80001318	61f88793	addi	x15,x17,1567	 x17:0x00000000 x15=0x0000061f
       22715000	      2270	8000131c	89efb193	sltiu	x3,x31,-1890	 x31:0x00000000  x3=0x00000001
       22725000	      2271	80001320	4025da93	srai	x21,x11,0x2	 x11:0xfffff85f x21=0xfffffe17
       22735000	      2272	80001324	b7fb8393	addi	x7,x23,-1153	 x23:0x80009f4c  x7=0x80009acb
       22745000	      2273	80001328	54f96793	ori	x15,x18,1359	 x18:0xefb5a000 x15=0xefb5a54f
       22755000	      2274	8000132c	5c8a8513	addi	x10,x21,1480	 x21:0xfffffe17 x10=0x000003df
       22765000	      2275	80001330	51ebee13	ori	x28,x23,1310	 x23:0x80009f4c x28=0x80009f5e
       22775000	      2276	80001334	024a7e63	bgeu	x20,x4,80001370	 x20:0x00000000  x4:0x00000000
       22785000	      2277	00000000	00000013	addi	x0,x0,0	  x0:0x00000000
       22795000	      2278	8000136c	00000013	addi	x0,x0,0	  x0:0x00000000
       22805000	      2279	80001370	032c9e63	bne	x25,x18,800013ac	 x25:0x80009fc4 x18:0xefb5a000
       22815000	      2280	00000000	00000013	addi	x0,x0,0	  x0:0x00000000
       22825000	      2281	800013a8	00000013	addi	x0,x0,0	  x0:0x00000000
       22835000	      2282	800013ac	d2e6ff93	andi	x31,x13,-722	 x13:0x00000000 x31=0x00000000
       22845000	      2283	800013b0	02e7c063	blt	x15,x14,800013d0	 x15:0xefb5a54f x14:0x00000000
       22855000	      2284	00000000	00000013	addi	x0,x0,0	  x0:0x00000000
       22865000	      2285	800013cc	00000013	addi	x0,x0,0	  x0:0x00000000
       22875000	      2286	800013d0	0081f263	bgeu	x3,x8,800013d4	  x3:0x00000001  x8:0xffffffaa
       22885000	      2287	800013d4	03939863	bne	x7,x25,80001404	  x7:0x80009acb x25:0x80009fc4
       22895000	      2288	00000000	00000013	addi	x0,x0,0	  x0:0x00000000
       22905000	      2289	80001400	00000013	addi	x0,x0,0	  x0:0x00000000
       22915000	      2290	80001404	007ee033	or	x0,x29,x7	 x29:0x00000004  x7:0x80009acb
       22925000	      2291	80001408	08f39463	bne	x7,x15,80001490	  x7:0x80009acb x15:0xefb5a54f
       22935000	      2292	00000000	00000013	addi	x0,x0,0	  x0:0x00000000
       22945000	      2293	8000148c	00000013	addi	x0,x0,0	  x0:0x00000000
       22955000	      2294	80001490	0116a3b3	slt	x7,x13,x17	 x13:0x00000000 x17:0x00000000  x7=0x00000000
       22965000	      2295	80001494	4056d893	srai	x17,x13,0x5	 x13:0x00000000 x17=0x00000000
       22975000	      2296	80001498	00425813	srli	x16,x4,0x4	  x4:0x00000000 x16=0x00000000
       22985000	      2297	8000149c	046c0663	beq	x24,x6,800014e8	 x24:0x00000001  x6:0x00000000
       22995000	      2298	800014a0	0319e263	bltu	x19,x17,800014c4	 x19:0x00000000 x17:0x00000000
       23005000	      2299	800014a4	411dde33	sra	x28,x27,x17	 x27:0x0000000e x17:0x00000000 x28=0x0000000e
       23015000	      2300	800014a8	4044d333	sra	x6,x9,x4	  x9:0xfe5f0000  x4:0x00000000  x6=0xfe5f0000
       23025000	      2301	800014ac	f68bee93	ori	x29,x23,-152	 x23:0x80009f4c x29=0xffffff6c
       23035000	      2302	800014b0	62431e17	auipc	x28,0x62431	 x28=0xe24324ac
       23045000	      2303	800014b4	6957a593	slti	x11,x15,1685	 x15:0xefb5a54f x11=0x00000001
       23055000	      2304	800014b8	dc778a13	addi	x20,x15,-569	 x15:0xefb5a54f x20=0xefb5a316
       23065000	      2305	800014bc	01e682b3	add	x5,x13,x30	 x13:0x00000000 x30:0x00000000  x5=0x00000000
       23075000	      2306	800014c0	cf2af537	lui	x10,0xcf2af	 x10=0xcf2af000
       23085000	      2307	800014c4	41045113	srai	x2,x8,0x10	  x8:0xffffffaa  x2=0xffffffff
       23095000	      2308	800014c8	00000013	addi	x0,x0,0	  x0:0x00000000
       23105000	      2309	800014cc	00c6dab3	srl	x21,x13,x12	 x13:0x00000000 x12:0x80008868 x21=0x00000000
       23115000	      2310	800014d0	c713ef93	ori	x31,x7,-911	  x7:0x00000000 x31=0xfffffc71
       23125000	      2311	800014d4	5fcc99b7	lui	x19,0x5fcc9	 x19=0x5fcc9000
       23135000	      2312	800014d8	171ef1b7	lui	x3,0x171ef	  x3=0x171ef000
       23145000	      2313	800014dc	00a69433	sll	x8,x13,x10	 x13:0x00000000 x10:0xcf2af000  x8=0x00000000
       23155000	      2314	800014e0	f8178613	addi	x12,x15,-127	 x15:0xefb5a54f x12=0xefb5a4d0
       23165000	      2315	800014e4	00bf0eb3	add	x29,x30,x11	 x30:0x00000000 x11:0x00000001 x29=0x00000001
       23175000	      2316	800014e8	6d218513	addi	x10,x3,1746	  x3:0x171ef000 x10=0x171ef6d2
       23185000	      2317	800014ec	01b59233	sll	x4,x11,x27	 x11:0x00000001 x27:0x0000000e  x4=0x00004000
       23195000	      2318	800014f0	bbf84693	xori	x13,x16,-1089	 x16:0x00000000 x13=0xfffffbbf
       23205000	      2319	800014f4	010137b3	sltu	x15,x2,x16	  x2:0xffffffff x16:0x00000000 x15=0x00000000
       23215000	      2320	800014f8	00be1213	slli	x4,x28,0xb	 x28:0xe24324ac  x4=0x19256000
       23225000	      2321	800014fc	010f88b3	add	x17,x31,x16	 x31:0xfffffc71 x16:0x00000000 x17=0xfffffc71
       23235000	      2322	80001500	030dde63	bge	x27,x16,8000153c	 x27:0x0000000e x16:0x00000000
       23245000	      2323	00000000	00000013	addi	x0,x0,0	  x0:0x00000000
       23255000	      2324	80001538	00000013	addi	x0,x0,0	  x0:0x00000000
       23265000	      2325	8000153c	01db7133	and	x2,x22,x29	 x22:0x00000000 x29:0x00000001  x2=0x00000000
       23275000	      2326	80001540	01e40033	add	x0,x8,x30	  x8:0x00000000 x30:0x00000000
       23285000	      2327	80001544	03351a63	bne	x10,x19,80001578	 x10:0x171ef6d2 x19:0x5fcc9000
       23295000	      2328	00000000	00000013	addi	x0,x0,0	  x0:0x00000000
       23305000	      2329	80001574	00000013	addi	x0,x0,0	  x0:0x00000000
       23315000	      2330	80001578	0192c133	xor	x2,x5,x25	  x5:0x00000000 x25:0x80009fc4  x2=0x80009fc4
       23325000	      2331	8000157c	55af8e97	auipc	x29,0x55af8	 x29=0xd5af9578
       23335000	      2332	80001580	01b25f93	srli	x31,x4,0x1b	  x4:0x19256000 x31=0x00000003
       23345000	      2333	80001584	003f32b3	sltu	x5,x30,x3	 x30:0x00000000  x3:0x171ef000  x5=0x00000001
       23355000	      2334	80001588	02158c63	beq	x11,x1,800015c0	 x11:0x00000001  x1:0xfffffb3d
       23365000	      2335	8000158c	e033e113	ori	x2,x7,-509	  x7:0x00000000  x2=0xfffffe03
       23375000	      2336	80001590	79248213	addi	x4,x9,1938	  x9:0xfe5f0000  x4=0xfe5f0792
       23385000	      2337	80001594	010820b3	slt	x1,x16,x16	 x16:0x00000000 x16:0x00000000  x1=0x00000000
       23395000	      2338	80001598	034a5063	bge	x20,x20,800015b8	 x20:0xefb5a316 x20:0xefb5a316
       23405000	      2339	00000000	00000013	addi	x0,x0,0	  x0:0x00000000
       23415000	      2340	800015b4	00000013	addi	x0,x0,0	  x0:0x00000000
       23425000	      2341	800015b8	41fc84b3	sub	x9,x25,x31	 x25:0x80009fc4 x31:0x00000003  x9=0x80009fc1
       23435000	      2342	800015bc	01b1da93	srli	x21,x3,0x1b	  x3:0x171ef000 x21=0x00000002
       23445000	      2343	800015c0	00e25a93	srli	x21,x4,0xe	  x4:0xfe5f0792 x21=0x0003f97c
       23455000	      2344	800015c4	002a53b3	srl	x7,x20,x2	 x20:0xefb5a316  x2:0xfffffe03  x7=0x1df6b462
       23465000	      2345	800015c8	5aa94013	xori	x0,x18,1450	 x18:0xefb5a000
       23475000	      2346	800015cc	00c81263	bne	x16,x12,800015d0	 x16:0x00000000 x12:0xefb5a4d0
       23485000	      2347	00000000	00000013	addi	x0,x0,0	  x0:0x00000000
       23495000	      2348	800015cc	00000013	addi	x0,x0,0	  x0:0x00000000
       23505000	      2349	800015d0	b83e7713	andi	x14,x28,-1149	 x28:0xe24324ac x14=0xe2432080
       23515000	      2350	800015d4	41515b33	sra	x22,x2,x21	  x2:0xfffffe03 x21:0x0003f97c x22=0xffffffff
       23525000	      2351	800015d8	00000013	addi	x0,x0,0	  x0:0x00000000
       23535000	      2352	800015dc	029bf863	bgeu	x23,x9,8000160c	 x23:0x80009f4c  x9:0x80009fc1
       23545000	      2353	800015e0	dc45c813	xori	x16,x11,-572	 x11:0x00000001 x16=0xfffffdc5
       23555000	      2354	800015e4	01107933	and	x18,x0,x17	  x0:0x00000000 x17:0xfffffc71 x18=0x00000000
       23565000	      2355	800015e8	70233993	sltiu	x19,x6,1794	  x6:0xfe5f0000 x19=0x00000000
       23575000	      2356	800015ec	41f6d733	sra	x14,x13,x31	 x13:0xfffffbbf x31:0x00000003 x14=0xffffff77
       23585000	      2357	800015f0	08cfa493	slti	x9,x31,140	 x31:0x00000003  x9=0x00000001
       23595000	      2358	800015f4	02445463	bge	x8,x4,8000161c	  x8:0x00000000  x4:0xfe5f0792
       23605000	      2359	00000000	00000013	addi	x0,x0,0	  x0:0x00000000
       23615000	      2360	80001618	00000013	addi	x0,x0,0	  x0:0x00000000
       23625000	      2361	8000161c	03d21e63	bne	x4,x29,80001658	  x4:0xfe5f0792 x29:0xd5af9578
       23635000	      2362	00000000	00000013	addi	x0,x0,0	  x0:0x00000000
       23645000	      2363	80001654	00000013	addi	x0,x0,0	  x0:0x00000000
       23655000	      2364	80001658	03fe4e63	blt	x28,x31,80001694	 x28:0xe24324ac x31:0x00000003
       23665000	      2365	00000000	00000013	addi	x0,x0,0	  x0:0x00000000
       23675000	      2366	80001690	00000013	addi	x0,x0,0	  x0:0x00000000
       23685000	      2367	80001694	01255613	srli	x12,x10,0x12	 x10:0x171ef6d2 x12=0x000005c7
       23695000	      2368	80001698	03d68063	beq	x13,x29,800016b8	 x13:0xfffffbbf x29:0xd5af9578
       23705000	      2369	8000169c	404958b3	sra	x17,x18,x4	 x18:0x00000000  x4:0xfe5f0792 x17=0x00000000
       23715000	      2370	800016a0	40678633	sub	x12,x15,x6	 x15:0x00000000  x6:0xfe5f0000 x12=0x01a10000
       23725000	      2371	800016a4	e1e32817	auipc	x16,0xe1e32	 x16=0x61e336a0
       23735000	      2372	800016a8	01fef6b3	and	x13,x29,x31	 x29:0xd5af9578 x31:0x00000003 x13=0x00000000
       23745000	      2373	800016ac	008fffb3	and	x31,x31,x8	 x31:0x00000003  x8:0x00000000 x31=0x00000000
       23755000	      2374	800016b0	00da0433	add	x8,x20,x13	 x20:0xefb5a316 x13:0x00000000  x8=0xefb5a316
       23765000	      2375	800016b4	011750b3	srl	x1,x14,x17	 x14:0xffffff77 x17:0x00000000  x1=0xffffff77
       23775000	      2376	800016b8	009f5193	srli	x3,x30,0x9	 x30:0x00000000  x3=0x00000000
       23785000	      2377	800016bc	012daab3	slt	x21,x27,x18	 x27:0x0000000e x18:0x00000000 x21=0x00000000
       23795000	      2378	800016c0	00f44533	xor	x10,x8,x15	  x8:0xefb5a316 x15:0x00000000 x10=0xefb5a316
       23805000	      2379	800016c4	01078b33	add	x22,x15,x16	 x15:0x00000000 x16:0x61e336a0 x22=0x61e336a0
       23815000	      2380	800016c8	410c5713	srai	x14,x24,0x10	 x24:0x00000001 x14=0x00000000
       23825000	      2381	800016cc	a5ea1337	lui	x6,0xa5ea1	  x6=0xa5ea1000
       23835000	      2382	800016d0	01220833	add	x16,x4,x18	  x4:0xfe5f0792 x18:0x00000000 x16=0xfe5f0792
       23845000	      2383	800016d4	40edd233	sra	x4,x27,x14	 x27:0x0000000e x14:0x00000000  x4=0x0000000e
       23855000	      2384	800016d8	02a2d263	bge	x5,x10,800016fc	  x5:0x00000001 x10:0xefb5a316
       23865000	      2385	00000000	00000013	addi	x0,x0,0	  x0:0x00000000
       23875000	      2386	800016f8	00000013	addi	x0,x0,0	  x0:0x00000000
       23885000	      2387	800016fc	01aadd13	srli	x26,x21,0x1a	 x21:0x00000000 x26=0x00000000
       23895000	      2388	80001700	0151f133	and	x2,x3,x21	  x3:0x00000000 x21:0x00000000  x2=0x00000000
       23905000	      2389	80001704	002d12b3	sll	x5,x26,x2	 x26:0x00000000  x2:0x00000000  x5=0x00000000
       23915000	      2390	80001708	4daf6613	ori	x12,x30,1242	 x30:0x00000000 x12=0x000004da
       23925000	      2391	8000170c	01612ab3	slt	x21,x2,x22	  x2:0x00000000 x22:0x61e336a0 x21=0x00000001
       23935000	      2392	80001710	01700263	beq	x0,x23,80001714	  x0:0x00000000 x23:0x80009f4c
       23945000	      2393	80001714	00446233	or	x4,x8,x4	  x8:0xefb5a316  x4:0x0000000e  x4=0xefb5a31e
       23955000	      2394	80001718	f09ee613	ori	x12,x29,-247	 x29:0xd5af9578 x12=0xffffff79
       23965000	      2395	8000171c	6c50e497	auipc	x9,0x6c50e	  x9=0xec50f718
       23975000	      2396	80001720	2e51ae37	lui	x28,0x2e51a	 x28=0x2e51a000
       23985000	      2397	80001724	01ee3d33	sltu	x26,x28,x30	 x28:0x2e51a000 x30:0x00000000 x26=0x00000000
       23995000	      2398	80001728	011b8c63	beq	x23,x17,80001740	 x23:0x80009f4c x17:0x00000000
       24005000	      2399	8000172c	426bf893	andi	x17,x23,1062	 x23:0x80009f4c x17=0x00000404
       24015000	      2400	80001730	01c4be33	sltu	x28,x9,x28	  x9:0xec50f718 x28:0x2e51a000 x28=0x00000000
       24025000	      2401	80001734	c3283613	sltiu	x12,x16,-974	 x16:0xfe5f0792 x12=0x00000001
       24035000	      2402	80001738	203f7613	andi	x12,x30,515	 x30:0x00000000 x12=0x00000000
       24045000	      2403	8000173c	000d0b33	add	x22,x26,x0	 x26:0x00000000  x0:0x00000000 x22=0x00000000
       24055000	      2404	80001740	40430733	sub	x14,x6,x4	  x6:0xa5ea1000  x4:0xefb5a31e x14=0xb6346ce2
       24065000	      2405	80001744	00a33eb3	sltu	x29,x6,x10	  x6:0xa5ea1000 x10:0xefb5a316 x29=0x00000001
       24075000	      2406	80001748	003f1633	sll	x12,x30,x3	 x30:0x00000000  x3:0x00000000 x12=0x00000000
       24085000	      2407	8000174c	004ba083	lw	x1,4(x23)	 x23:0x80009f4c  x1=0x80000984 PA:0x80009f50
       24095000	      2408	80001750	00000013	addi	x0,x0,0	  x0:0x00000000
       24105000	      2409	80001754	00e20fb3	add	x31,x4,x14	  x4:0xefb5a31e x14:0xb6346ce2 x31=0xa5ea1000
       24115000	      2410	80001758	018b8833	add	x16,x23,x24	 x23:0x80009f4c x24:0x00000001 x16=0x80009f4d
       24125000	      2411	8000175c	00371a13	slli	x20,x14,0x3	 x14:0xb6346ce2 x20=0xb1a36710
       24135000	      2412	80001760	038b8b93	addi	x23,x23,56	 x23:0x80009f4c x23=0x80009f84
       24145000	      2413	80001764	027aaf37	lui	x30,0x27aa	 x30=0x027aa000
       24155000	      2414	80001768	00430133	add	x2,x6,x4	  x6:0xa5ea1000  x4:0xefb5a31e  x2=0x959fb31e
       24165000	      2415	8000176c	00008a13	addi	x20,x1,0	  x1:0x80000984 x20=0x80000984
       24175000	      2416	80001770	000a0a67	jalr	x20,x20,0	 x20:0x80000984 x20=0x80001770
       24185000	      2417	00000000	00000013	addi	x0,x0,0	  x0:0x00000000
       24195000	      2418	80000984	00000013	addi	x0,x0,0	  x0:0x00000000
       24205000	      2419	80000988	04921863	bne	x4,x9,800009d8	  x4:0xefb5a31e  x9:0xec50f718
       24215000	      2420	00000000	00000013	addi	x0,x0,0	  x0:0x00000000
       24225000	      2421	800009d4	00000013	addi	x0,x0,0	  x0:0x00000000
       24235000	      2422	800009d8	005e0c33	add	x24,x28,x5	 x28:0x00000000  x5:0x00000000 x24=0x00000000
       24245000	      2423	800009dc	00ebdf33	srl	x30,x23,x14	 x23:0x80009f84 x14:0xb6346ce2 x30=0x200027e1
       24255000	      2424	800009e0	01d0b833	sltu	x16,x1,x29	  x1:0x80000984 x29:0x00000001 x16=0x00000000
       24265000	      2425	800009e4	00e86133	or	x2,x16,x14	 x16:0x00000000 x14:0xb6346ce2  x2=0xb6346ce2
       24275000	      2426	800009e8	8b213593	sltiu	x11,x2,-1870	  x2:0xb6346ce2 x11=0x00000001
       24285000	      2427	800009ec	1b367993	andi	x19,x12,435	 x12:0x00000000 x19=0x00000000
       24295000	      2428	800009f0	2b65a013	slti	x0,x11,694	 x11:0x00000001
       24305000	      2429	800009f4	4fc34313	xori	x6,x6,1276	  x6:0xa5ea1000  x6=0xa5ea14fc
       24315000	      2430	800009f8	004d5413	srli	x8,x26,0x4	 x26:0x00000000  x8=0x00000000
       24325000	      2431	800009fc	fa823617	auipc	x12,0xfa823	 x12=0x7a8239f8
       24335000	      2432	80000a00	01cf40b3	xor	x1,x30,x28	 x30:0x200027e1 x28:0x00000000  x1=0x200027e1
       24345000	      2433	80000a04	400e5293	srai	x5,x28,0x0	 x28:0x00000000  x5=0x00000000
       24355000	      2434	80000a08	007441b3	xor	x3,x8,x7	  x8:0x00000000  x7:0x1df6b462  x3=0x1df6b462
       24365000	      2435	80000a0c	05557663	bgeu	x10,x21,80000a58	 x10:0xefb5a316 x21:0x00000001
       24375000	      2436	00000000	00000013	addi	x0,x0,0	  x0:0x00000000
       24385000	      2437	80000a54	00000013	addi	x0,x0,0	  x0:0x00000000
       24395000	      2438	80000a58	01571f93	slli	x31,x14,0x15	 x14:0xb6346ce2 x31=0x9c400000
       24405000	      2439	80000a5c	0180f5b3	and	x11,x1,x24	  x1:0x200027e1 x24:0x00000000 x11=0x00000000
       24415000	      2440	80000a60	00638933	add	x18,x7,x6	  x7:0x1df6b462  x6:0xa5ea14fc x18=0xc3e0c95e
       24425000	      2441	80000a64	cb278813	addi	x16,x15,-846	 x15:0x00000000 x16=0xfffffcb2
       24435000	      2442	80000a68	03308263	beq	x1,x19,80000a8c	  x1:0x200027e1 x19:0x00000000
       24445000	      2443	80000a6c	012d8863	beq	x27,x18,80000a7c	 x27:0x0000000e x18:0xc3e0c95e
       24455000	      2444	80000a70	02f94663	blt	x18,x15,80000a9c	 x18:0xc3e0c95e x15:0x00000000
       24465000	      2445	00000000	00000013	addi	x0,x0,0	  x0:0x00000000
       24475000	      2446	80000a98	00000013	addi	x0,x0,0	  x0:0x00000000
       24485000	      2447	80000a9c	a442b097	auipc	x1,0xa442b	  x1=0x2442ba98
       24495000	      2448	80000aa0	01d35593	srli	x11,x6,0x1d	  x6:0xa5ea14fc x11=0x00000005
       24505000	      2449	80000aa4	40f808b3	sub	x17,x16,x15	 x16:0xfffffcb2 x15:0x00000000 x17=0xfffffcb2
       24515000	      2450	80000aa8	00dad733	srl	x14,x21,x13	 x21:0x00000001 x13:0x00000000 x14=0x00000001
       24525000	      2451	80000aac	00000013	addi	x0,x0,0	  x0:0x00000000
       24535000	      2452	80000ab0	01ac5e63	bge	x24,x26,80000acc	 x24:0x00000000 x26:0x00000000
       24545000	      2453	00000000	00000013	addi	x0,x0,0	  x0:0x00000000
       24555000	      2454	80000ac8	00000013	addi	x0,x0,0	  x0:0x00000000
       24565000	      2455	80000acc	0172df33	srl	x30,x5,x23	  x5:0x00000000 x23:0x80009f84 x30=0x00000000
       24575000	      2456	80000ad0	01f2e733	or	x14,x5,x31	  x5:0x00000000 x31:0x9c400000 x14=0x9c400000
       24585000	      2457	80000ad4	05d60263	beq	x12,x29,80000b18	 x12:0x7a8239f8 x29:0x00000001
       24595000	      2458	80000ad8	41c9dc33	sra	x24,x19,x28	 x19:0x00000000 x28:0x00000000 x24=0x00000000
       24605000	      2459	80000adc	02335663	bge	x6,x3,80000b08	  x6:0xa5ea14fc  x3:0x1df6b462
       24615000	      2460	80000ae0	001ded33	or	x26,x27,x1	 x27:0x0000000e  x1:0x2442ba98 x26=0x2442ba9e
       24625000	      2461	80000ae4	01598ab3	add	x21,x19,x21	 x19:0x00000000 x21:0x00000001 x21=0x00000001
       24635000	      2462	80000ae8	40b05b33	sra	x22,x0,x11	  x0:0x00000000 x11:0x00000005 x22=0x00000000
       24645000	      2463	80000aec	001dd463	bge	x27,x1,80000af4	 x27:0x0000000e  x1:0x2442ba98
       24655000	      2464	80000af0	017d2e33	slt	x28,x26,x23	 x26:0x2442ba9e x23:0x80009f84 x28=0x00000000
       24665000	      2465	80000af4	028cf263	bgeu	x25,x8,80000b18	 x25:0x80009fc4  x8:0x00000000
       24675000	      2466	00000000	00000013	addi	x0,x0,0	  x0:0x00000000
       24685000	      2467	80000b14	00000013	addi	x0,x0,0	  x0:0x00000000
       24695000	      2468	80000b18	4196d613	srai	x12,x13,0x19	 x13:0x00000000 x12=0x00000000
       24705000	      2469	80000b1c	40f10d33	sub	x26,x2,x15	  x2:0xb6346ce2 x15:0x00000000 x26=0xb6346ce2
       24715000	      2470	80000b20	009e6333	or	x6,x28,x9	 x28:0x00000000  x9:0xec50f718  x6=0xec50f718
       24725000	      2471	80000b24	00a383b3	add	x7,x7,x10	  x7:0x1df6b462 x10:0xefb5a316  x7=0x0dac5778
       24735000	      2472	80000b28	eaff0f93	addi	x31,x30,-337	 x30:0x00000000 x31=0xfffffeaf
       24745000	      2473	80000b2c	a9f7b713	sltiu	x14,x15,-1377	 x15:0x00000000 x14=0x00000001
       24755000	      2474	80000b30	017b1b13	slli	x22,x22,0x17	 x22:0x00000000 x22=0x00000000
       24765000	      2475	80000b34	03026c63	bltu	x4,x16,80000b6c	  x4:0xefb5a31e x16:0xfffffcb2
       24775000	      2476	00000000	00000013	addi	x0,x0,0	  x0:0x00000000
       24785000	      2477	80000b68	00000013	addi	x0,x0,0	  x0:0x00000000
       24795000	      2478	80000b6c	0366f663	bgeu	x13,x22,80000b98	 x13:0x00000000 x22:0x00000000
       24805000	      2479	00000000	00000013	addi	x0,x0,0	  x0:0x00000000
       24815000	      2480	80000b94	00000013	addi	x0,x0,0	  x0:0x00000000
       24825000	      2481	80000b98	02987a63	bgeu	x16,x9,80000bcc	 x16:0xfffffcb2  x9:0xec50f718
       24835000	      2482	00000000	00000013	addi	x0,x0,0	  x0:0x00000000
       24845000	      2483	80000bc8	00000013	addi	x0,x0,0	  x0:0x00000000
       24855000	      2484	80000bcc	01c2fd33	and	x26,x5,x28	  x5:0x00000000 x28:0x00000000 x26=0x00000000
       24865000	      2485	80000bd0	00000d97	auipc	x27,0x0	 x27=0x80000bcc
       24875000	      2486	80000bd4	00cd8d93	addi	x27,x27,12	 x27:0x80000bcc x27=0x80000bd8
       24885000	      2487	80000bd8	000d8067	jalr	x0,x27,0	 x27:0x80000bd8
       24895000	      2488	00000000	00000013	addi	x0,x0,0	  x0:0x00000000
       24905000	      2489	80000bd8	00000013	addi	x0,x0,0	  x0:0x00000000
       24915000	      2490	80000bdc	00100193	addi	x3,x0,1	  x0:0x00000000  x3=0x00000001
       24925000	      2491	80000be0	00000073	ecall	
       24935000	      2492	80000be4	404ed917	auipc	x18,0x404ed	 x18=0xc04edbe0
