		Time			Cycle	PC		Insn	Decoded instruction	Register and memory contents
          65000	         5	80000004	00000293	addi	x5,x0,0	  x0:0x00000000  x5=0x00000000
          75000	         6	80000008	00000313	addi	x6,x0,0	  x0:0x00000000  x6=0x00000000
          85000	         7	8000000c	00628263	beq	x5,x6,80000010	  x5:0x00000000  x6:0x00000000
          95000	         8	00000000	00000013	addi	x0,x0,0	  x0:0x00000000
         105000	         9	8000000c	00000013	addi	x0,x0,0	  x0:0x00000000
         115000	        10	80000010	00000d17	auipc	x26,0x0	 x26=0x8000000c
         125000	        11	80000014	00cd0d13	addi	x26,x26,12	 x26:0x8000000c x26=0x80000018
         135000	        12	80000018	000d0067	jalr	x0,x26,0	 x26:0x80000018
         145000	        13	00000000	00000013	addi	x0,x0,0	  x0:0x00000000
         155000	        14	80000018	00000013	addi	x0,x0,0	  x0:0x00000000
         165000	        15	8000001c	40000b37	lui	x22,0x40000	 x22=0x40000000
         175000	        16	80000020	100b0b13	addi	x22,x22,256	 x22:0x40000000 x22=0x40000100
         185000	        17	80000024	00000013	addi	x0,x0,0	  x0:0x00000000
         195000	        18	80000028	0000a397	auipc	x7,0xa	  x7=0x8000a024
         205000	        19	8000002c	fa038393	addi	x7,x7,-96	  x7:0x8000a024  x7=0x80009fc4
         215000	        20	80000030	00003b17	auipc	x22,0x3	 x22=0x8000302c
         225000	        21	80000034	864b0b13	addi	x22,x22,-1948	 x22:0x8000302c x22=0x80002890
         235000	        22	80000038	001b6b13	ori	x22,x22,1	 x22:0x80002890 x22=0x80002891
         245000	        23	8000003c	00000013	addi	x0,x0,0	  x0:0x00000000
         255000	        24	80000040	00000b17	auipc	x22,0x0	 x22=0x8000003c
         265000	        25	80000044	020b0b13	addi	x22,x22,32	 x22:0x8000003c x22=0x8000005c
         275000	        26	80000048	00000013	addi	x0,x0,0	  x0:0x00000000
         285000	        27	8000004c	00000013	addi	x0,x0,0	  x0:0x00000000
         295000	        28	80000050	00002b37	lui	x22,0x2	 x22=0x00002000
         305000	        29	80000054	800b0b13	addi	x22,x22,-2048	 x22:0x00002000 x22=0x00001800
         315000	        30	80000058	00000013	addi	x0,x0,0	  x0:0x00000000
         325000	        31	8000005c	00000013	addi	x0,x0,0	  x0:0x00000000
         335000	        32	80000060	9ddb7037	lui	x0,0x9ddb7	
         345000	        33	80000064	b0700013	addi	x0,x0,-1273	  x0:0x00000000
         355000	        34	80000068	800000b7	lui	x1,0x80000	  x1=0x80000000
         365000	        35	8000006c	f5823137	lui	x2,0xf5823	  x2=0xf5823000
         375000	        36	80000070	52b10113	addi	x2,x2,1323	  x2:0xf5823000  x2=0xf582352b
         385000	        37	80000074	96fae1b7	lui	x3,0x96fae	  x3=0x96fae000
         395000	        38	80000078	a1d18193	addi	x3,x3,-1507	  x3:0x96fae000  x3=0x96fada1d
         405000	        39	8000007c	f43c7237	lui	x4,0xf43c7	  x4=0xf43c7000
         415000	        40	80000080	a3d20213	addi	x4,x4,-1475	  x4:0xf43c7000  x4=0xf43c6a3d
         425000	        41	80000084	00000293	addi	x5,x0,0	  x0:0x00000000  x5=0x00000000
         435000	        42	80000088	fa391337	lui	x6,0xfa391	  x6=0xfa391000
         445000	        43	8000008c	0da30313	addi	x6,x6,218	  x6:0xfa391000  x6=0xfa3910da
         455000	        44	80000090	00000413	addi	x8,x0,0	  x0:0x00000000  x8=0x00000000
         465000	        45	80000094	00e00493	addi	x9,x0,14	  x0:0x00000000  x9=0x0000000e
         475000	        46	80000098	fe549537	lui	x10,0xfe549	 x10=0xfe549000
         485000	        47	8000009c	3dc50513	addi	x10,x10,988	 x10:0xfe549000 x10=0xfe5493dc
         495000	        48	800000a0	00000593	addi	x11,x0,0	  x0:0x00000000 x11=0x00000000
         505000	        49	800000a4	00f00613	addi	x12,x0,15	  x0:0x00000000 x12=0x0000000f
         515000	        50	800000a8	00000713	addi	x14,x0,0	  x0:0x00000000 x14=0x00000000
         525000	        51	800000ac	00e00793	addi	x15,x0,14	  x0:0x00000000 x15=0x0000000e
         535000	        52	800000b0	c1a91837	lui	x16,0xc1a91	 x16=0xc1a91000
         545000	        53	800000b4	58080813	addi	x16,x16,1408	 x16:0xc1a91000 x16=0xc1a91580
         555000	        54	800000b8	00e00893	addi	x17,x0,14	  x0:0x00000000 x17=0x0000000e
         565000	        55	800000bc	00a00913	addi	x18,x0,10	  x0:0x00000000 x18=0x0000000a
         575000	        56	800000c0	800009b7	lui	x19,0x80000	 x19=0x80000000
         585000	        57	800000c4	f8402a37	lui	x20,0xf8402	 x20=0xf8402000
         595000	        58	800000c8	530a0a13	addi	x20,x20,1328	 x20:0xf8402000 x20=0xf8402530
         605000	        59	800000cc	00400a93	addi	x21,x0,4	  x0:0x00000000 x21=0x00000004
         615000	        60	800000d0	00200b13	addi	x22,x0,2	  x0:0x00000000 x22=0x00000002
         625000	        61	800000d4	00000b93	addi	x23,x0,0	  x0:0x00000000 x23=0x00000000
         635000	        62	800000d8	00a00c13	addi	x24,x0,10	  x0:0x00000000 x24=0x0000000a
         645000	        63	800000dc	00500c93	addi	x25,x0,5	  x0:0x00000000 x25=0x00000005
         655000	        64	800000e0	3c239d37	lui	x26,0x3c239	 x26=0x3c239000
         665000	        65	800000e4	5b0d0d13	addi	x26,x26,1456	 x26:0x3c239000 x26=0x3c2395b0
         675000	        66	800000e8	80000db7	lui	x27,0x80000	 x27=0x80000000
         685000	        67	800000ec	a2d85e37	lui	x28,0xa2d85	 x28=0xa2d85000
         695000	        68	800000f0	18be0e13	addi	x28,x28,395	 x28:0xa2d85000 x28=0xa2d8518b
         705000	        69	800000f4	00600e93	addi	x29,x0,6	  x0:0x00000000 x29=0x00000006
         715000	        70	800000f8	f8e36f37	lui	x30,0xf8e36	 x30=0xf8e36000
         725000	        71	800000fc	f6cf0f13	addi	x30,x30,-148	 x30:0xf8e36000 x30=0xf8e35f6c
         735000	        72	80000100	80000fb7	lui	x31,0x80000	 x31=0x80000000
         745000	        73	80000104	0000a697	auipc	x13,0xa	 x13=0x8000a100
         755000	        74	80000108	e8468693	addi	x13,x13,-380	 x13:0x8000a100 x13=0x80009f84
         765000	        75	8000010c	00008f17	auipc	x30,0x8	 x30=0x80008108
         775000	        76	80000110	28ef0f13	addi	x30,x30,654	 x30:0x80008108 x30=0x80008396
         785000	        77	80000114	f0560c93	addi	x25,x12,-251	 x12:0x0000000f x25=0xffffff14
         795000	        78	80000118	fe6f2803	lw	x16,-26(x30)	 x30:0x80008396 x16=0x00000000 PA:0x8000837c
         805000	        79	8000011c	fe6f1703	lh	x14,-26(x30)	 x30:0x80008396 x14=0x00000000 PA:0x8000837c
         815000	        80	80000120	fe6f5b03	lhu	x22,-26(x30)	 x30:0x80008396 x22=0x00000000 PA:0x8000837c
         825000	        81	80000124	fe6f0503	lb	x10,-26(x30)	 x30:0x80008396 x10=0x00000000 PA:0x8000837c
         835000	        82	80000128	fe6f2503	lw	x10,-26(x30)	 x30:0x80008396 x10=0x00000000 PA:0x8000837c
         845000	        83	8000012c	fe9f0f83	lb	x31,-23(x30)	 x30:0x80008396 x31=0x00000000 PA:0x8000837f
         855000	        84	80000130	fe9f4703	lbu	x14,-23(x30)	 x30:0x80008396 x14=0x00000000 PA:0x8000837f
         865000	        85	80000134	fe9f0e03	lb	x28,-23(x30)	 x30:0x80008396 x28=0x00000000 PA:0x8000837f
         875000	        86	80000138	fe9f4a03	lbu	x20,-23(x30)	 x30:0x80008396 x20=0x00000000 PA:0x8000837f
         885000	        87	8000013c	408051b3	sra	x3,x0,x8	  x0:0x00000000  x8:0x00000000  x3=0x00000000
         895000	        88	80000140	fe1f04a3	sb	x1,-23(x30)	 x30:0x80008396  x1:0x80000000 PA:0x8000837f
         905000	        89	80000144	fe28b8b7	lui	x17,0xfe28b	 x17=0xfe28b000
         915000	        90	80000148	01df0b03	lb	x22,29(x30)	 x30:0x80008396 x22=0x00000000 PA:0x800083b3
         925000	        91	8000014c	01df0403	lb	x8,29(x30)	 x30:0x80008396  x8=0x00000000 PA:0x800083b3
         935000	        92	80000150	00ef1703	lh	x14,14(x30)	 x30:0x80008396 x14=0x00000000 PA:0x800083a4
         945000	        93	80000154	00cf0723	sb	x12,14(x30)	 x30:0x80008396 x12:0x0000000f PA:0x800083a4
         955000	        94	80000158	00008117	auipc	x2,0x8	  x2=0x80008154
         965000	        95	8000015c	f2110113	addi	x2,x2,-223	  x2:0x80008154  x2=0x80008075
         975000	        96	80000160	00110b03	lb	x22,1(x2)	  x2:0x80008075 x22=0x00000000 PA:0x80008076
         985000	        97	00000000	00000013	addi	x0,x0,0	  x0:0x00000000
         995000	        98	80000164	ff610a23	sb	x22,-12(x2)	  x2:0x80008075 x22:0x00000000 PA:0x80008069
        1005000	        99	80000168	00515d83	lhu	x27,5(x2)	  x2:0x80008075 x27=0x00000000 PA:0x8000807a
        1015000	       100	8000016c	fea10f23	sb	x10,-2(x2)	  x2:0x80008075 x10:0x00000000 PA:0x80008073
        1025000	       101	80000170	00010223	sb	x0,4(x2)	  x2:0x80008075  x0:0x00000000 PA:0x80008079
        1035000	       102	80000174	00a14703	lbu	x14,10(x2)	  x2:0x80008075 x14=0x00000000 PA:0x8000807f
        1045000	       103	80000178	00359013	slli	x0,x11,0x3	 x11:0x00000000
        1055000	       104	8000017c	01909593	slli	x11,x1,0x19	  x1:0x80000000 x11=0x00000000
        1065000	       105	80000180	00a10723	sb	x10,14(x2)	  x2:0x80008075 x10:0x00000000 PA:0x80008083
        1075000	       106	80000184	00f10303	lb	x6,15(x2)	  x2:0x80008075  x6=0x00000000 PA:0x80008084
        1085000	       107	80000188	00d16733	or	x14,x2,x13	  x2:0x80008075 x13:0x80009f84 x14=0x80009ff5
        1095000	       108	8000018c	fe512da3	sw	x5,-5(x2)	  x2:0x80008075  x5:0x00000000 PA:0x80008070
        1105000	       109	80000190	ff712583	lw	x11,-9(x2)	  x2:0x80008075 x11=0x00000000 PA:0x8000806c
        1115000	       110	80000194	eb9eea13	ori	x20,x29,-327	 x29:0x00000006 x20=0xfffffebf
        1125000	       111	80000198	00c10983	lb	x19,12(x2)	  x2:0x80008075 x19=0x00000000 PA:0x80008081
        1135000	       112	8000019c	00b11703	lh	x14,11(x2)	  x2:0x80008075 x14=0x00000000 PA:0x80008080
        1145000	       113	800001a0	ff312a83	lw	x21,-13(x2)	  x2:0x80008075 x21=0x00000000 PA:0x80008068
        1155000	       114	800001a4	00711b83	lh	x23,7(x2)	  x2:0x80008075 x23=0x00000000 PA:0x8000807c
        1165000	       115	800001a8	8cc4ec93	ori	x25,x9,-1844	  x9:0x0000000e x25=0xfffff8ce
        1175000	       116	800001ac	01a10823	sb	x26,16(x2)	  x2:0x80008075 x26:0x3c2395b0 PA:0x80008085
        1185000	       117	800001b0	fe810e23	sb	x8,-4(x2)	  x2:0x80008075  x8:0x00000000 PA:0x80008071
        1195000	       118	800001b4	feb10f23	sb	x11,-2(x2)	  x2:0x80008075 x11:0x00000000 PA:0x80008073
        1205000	       119	800001b8	00e10283	lb	x5,14(x2)	  x2:0x80008075  x5=0x00000000 PA:0x80008083
        1215000	       120	800001bc	c9c14e97	auipc	x29,0xc9c14	 x29=0x49c141b8
        1225000	       121	800001c0	00014883	lbu	x17,0(x2)	  x2:0x80008075 x17=0x00000000 PA:0x80008075
        1235000	       122	800001c4	00312583	lw	x11,3(x2)	  x2:0x80008075 x11=0x00000000 PA:0x80008078
        1245000	       123	800001c8	9ed7f417	auipc	x8,0x9ed7f	  x8=0x1ed7f1c4
        1255000	       124	800001cc	1a7bf5b7	lui	x11,0x1a7bf	 x11=0x1a7bf000
        1265000	       125	800001d0	00655f13	srli	x30,x10,0x6	 x10:0x00000000 x30=0x00000000
        1275000	       126	800001d4	00da5813	srli	x16,x20,0xd	 x20:0xfffffebf x16=0x0007ffff
        1285000	       127	800001d8	365fe293	ori	x5,x31,869	 x31:0x00000000  x5=0x00000365
        1295000	       128	800001dc	00b29233	sll	x4,x5,x11	  x5:0x00000365 x11:0x1a7bf000  x4=0x00000365
        1305000	       129	800001e0	01baaab3	slt	x21,x21,x27	 x21:0x00000000 x27:0x00000000 x21=0x00000000
        1315000	       130	800001e4	ff510503	lb	x10,-11(x2)	  x2:0x80008075 x10=0x00000000 PA:0x8000806a
        1325000	       131	800001e8	ffe10a23	sb	x30,-12(x2)	  x2:0x80008075 x30:0x00000000 PA:0x80008069
        1335000	       132	800001ec	01dc34b3	sltu	x9,x24,x29	 x24:0x0000000a x29:0x49c141b8  x9=0x00000001
        1345000	       133	800001f0	007e3733	sltu	x14,x28,x7	 x28:0x00000000  x7:0x80009fc4 x14=0x00000001
        1355000	       134	800001f4	ffa10fa3	sb	x26,-1(x2)	  x2:0x80008075 x26:0x3c2395b0 PA:0x80008074
        1365000	       135	800001f8	fea10b23	sb	x10,-10(x2)	  x2:0x80008075 x10:0x00000000 PA:0x8000806b
        1375000	       136	800001fc	ff712f03	lw	x30,-9(x2)	  x2:0x80008075 x30=0x00000000 PA:0x8000806c
        1385000	       137	80000200	401e02b3	sub	x5,x28,x1	 x28:0x00000000  x1:0x80000000  x5=0x80000000
        1395000	       138	80000204	01e7db13	srli	x22,x15,0x1e	 x15:0x0000000e x22=0x00000000
        1405000	       139	80000208	00010f03	lb	x30,0(x2)	  x2:0x80008075 x30=0x00000000 PA:0x80008075
        1415000	       140	8000020c	00b14803	lbu	x16,11(x2)	  x2:0x80008075 x16=0x00000000 PA:0x80008080
        1425000	       141	80000210	c88f0313	addi	x6,x30,-888	 x30:0x00000000  x6=0xfffffc88
        1435000	       142	80000214	012c5893	srli	x17,x24,0x12	 x24:0x0000000a x17=0x00000000
        1445000	       143	80000218	00414f83	lbu	x31,4(x2)	  x2:0x80008075 x31=0x00000000 PA:0x80008079
        1455000	       144	8000021c	00008917	auipc	x18,0x8	 x18=0x80008218
        1465000	       145	80000220	f2590913	addi	x18,x18,-219	 x18:0x80008218 x18=0x8000813d
        1475000	       146	80000224	00008a97	auipc	x21,0x8	 x21=0x80008220
        1485000	       147	80000228	2d9a8a93	addi	x21,x21,729	 x21:0x80008220 x21=0x800084f9
        1495000	       148	8000022c	f7e916a3	sh	x30,-147(x18)	 x18:0x8000813d x30:0x00000000 PA:0x800080aa
        1505000	       149	80000230	008a8703	lb	x14,8(x21)	 x21:0x800084f9 x14=0x00000000 PA:0x80008501
        1515000	       150	80000234	03ba90a3	sh	x27,33(x21)	 x21:0x800084f9 x27:0x00000000 PA:0x8000851a
        1525000	       151	80000238	fc7a9ca3	sh	x7,-39(x21)	 x21:0x800084f9  x7:0x80009fc4 PA:0x800084d2
        1535000	       152	8000023c	026a8283	lb	x5,38(x21)	 x21:0x800084f9  x5=0x00000000 PA:0x8000851f
        1545000	       153	80000240	fc9ac083	lbu	x1,-55(x21)	 x21:0x800084f9  x1=0x00000000 PA:0x800084c2
        1555000	       154	80000244	f1c94503	lbu	x10,-228(x18)	 x18:0x8000813d x10=0x00000000 PA:0x80008059
        1565000	       155	80000248	037a8ca3	sb	x23,57(x21)	 x21:0x800084f9 x23:0x00000000 PA:0x80008532
        1575000	       156	8000024c	ff6a8a03	lb	x20,-10(x21)	 x21:0x800084f9 x20=0x00000000 PA:0x800084ef
        1585000	       157	80000250	f9694283	lbu	x5,-106(x18)	 x18:0x8000813d  x5=0x00000000 PA:0x800080d3
        1595000	       158	80000254	fe6aafa3	sw	x6,-1(x21)	 x21:0x800084f9  x6:0xfffffc88 PA:0x800084f8
        1605000	       159	80000258	00690603	lb	x12,6(x18)	 x18:0x8000813d x12=0x00000000 PA:0x80008143
        1615000	       160	8000025c	ff8a8b03	lb	x22,-8(x21)	 x21:0x800084f9 x22=0x00000000 PA:0x800084f1
        1625000	       161	80000260	04595103	lhu	x2,69(x18)	 x18:0x8000813d  x2=0x00000000 PA:0x80008182
        1635000	       162	00000000	00000013	addi	x0,x0,0	  x0:0x00000000
        1645000	       163	80000264	04290a03	lb	x20,66(x18)	 x18:0x8000813d x20=0x00000000 PA:0x8000817f
        1655000	       164	80000268	00da8623	sb	x13,12(x21)	 x21:0x800084f9 x13:0x80009f84 PA:0x80008505
        1665000	       165	8000026c	00008117	auipc	x2,0x8	  x2=0x80008268
        1675000	       166	80000270	66210113	addi	x2,x2,1634	  x2:0x80008268  x2=0x800088ca
        1685000	       167	80000274	00a25b33	srl	x22,x4,x10	  x4:0x00000365 x10:0x00000000 x22=0x00000365
        1695000	       168	80000278	00b2bf33	sltu	x30,x5,x11	  x5:0x00000000 x11:0x1a7bf000 x30=0x00000001
        1705000	       169	8000027c	04010283	lb	x5,64(x2)	  x2:0x800088ca  x5=0x00000000 PA:0x8000890a
        1715000	       170	80000280	6c610503	lb	x10,1734(x2)	  x2:0x800088ca x10=0x00000000 PA:0x80008f90
        1725000	       171	80000284	01cd9a33	sll	x20,x27,x28	 x27:0x00000000 x28:0x00000000 x20=0x00000000
        1735000	       172	80000288	15f11d23	sh	x31,346(x2)	  x2:0x800088ca x31:0x00000000 PA:0x80008a24
        1745000	       173	8000028c	01e1c533	xor	x10,x3,x30	  x3:0x00000000 x30:0x00000001 x10=0x00000001
        1755000	       174	80000290	f9714583	lbu	x11,-105(x2)	  x2:0x800088ca x11=0x00000000 PA:0x80008861
        1765000	       175	80000294	5b815183	lhu	x3,1464(x2)	  x2:0x800088ca  x3=0x00000000 PA:0x80008e82
        1775000	       176	80000298	55610b83	lb	x23,1366(x2)	  x2:0x800088ca x23=0x00000000 PA:0x80008e20
        1785000	       177	8000029c	5a310003	lb	x0,1443(x2)	  x2:0x800088ca PA:0x80008e6d
        1795000	       178	800002a0	3f710f23	sb	x23,1022(x2)	  x2:0x800088ca x23:0x00000000 PA:0x80008cc8
        1805000	       179	800002a4	012847b3	xor	x15,x16,x18	 x16:0x00000000 x18:0x8000813d x15=0x8000813d
        1815000	       180	800002a8	6b7100a3	sb	x23,1697(x2)	  x2:0x800088ca x23:0x00000000 PA:0x80008f6b
        1825000	       181	800002ac	00064eb3	xor	x29,x12,x0	 x12:0x00000000  x0:0x00000000 x29=0x00000000
        1835000	       182	800002b0	008e47b3	xor	x15,x28,x8	 x28:0x00000000  x8:0x1ed7f1c4 x15=0x1ed7f1c4
        1845000	       183	800002b4	6fb10723	sb	x27,1774(x2)	  x2:0x800088ca x27:0x00000000 PA:0x80008fb8
        1855000	       184	800002b8	4025db13	srai	x22,x11,0x2	 x11:0x00000000 x22=0x00000000
        1865000	       185	800002bc	00281b33	sll	x22,x16,x2	 x16:0x00000000  x2:0x800088ca x22=0x00000000
        1875000	       186	800002c0	01a39413	slli	x8,x7,0x1a	  x7:0x80009fc4  x8=0x10000000
        1885000	       187	800002c4	10a15703	lhu	x14,266(x2)	  x2:0x800088ca x14=0x00000000 PA:0x800089d4
        1895000	       188	800002c8	00008897	auipc	x17,0x8	 x17=0x800082c4
        1905000	       189	800002cc	2b188893	addi	x17,x17,689	 x17:0x800082c4 x17=0x80008575
        1915000	       190	800002d0	fea88e23	sb	x10,-4(x17)	 x17:0x80008575 x10:0x00000001 PA:0x80008571
        1925000	       191	800002d4	01fcd533	srl	x10,x25,x31	 x25:0xfffff8ce x31:0x00000000 x10=0xfffff8ce
        1935000	       192	800002d8	64fbcb13	xori	x22,x23,1615	 x23:0x00000000 x22=0x0000064f
        1945000	       193	800002dc	00c8cb83	lbu	x23,12(x17)	 x17:0x80008575 x23=0x00000000 PA:0x80008581
        1955000	       194	800002e0	016897a3	sh	x22,15(x17)	 x17:0x80008575 x22:0x0000064f PA:0x80008584
        1965000	       195	800002e4	00188603	lb	x12,1(x17)	 x17:0x80008575 x12=0x00000000 PA:0x80008576
        1975000	       196	800002e8	00d8d783	lhu	x15,13(x17)	 x17:0x80008575 x15=0x00000000 PA:0x80008582
        1985000	       197	800002ec	b5b14e93	xori	x29,x2,-1189	  x2:0x800088ca x29=0x7fff7391
        1995000	       198	800002f0	00688003	lb	x0,6(x17)	 x17:0x80008575 PA:0x8000857b
        2005000	       199	800002f4	fe18aba3	sw	x1,-9(x17)	 x17:0x80008575  x1:0x00000000 PA:0x8000856c
        2015000	       200	800002f8	00c3a9b3	slt	x19,x7,x12	  x7:0x80009fc4 x12:0x00000000 x19=0x00000001
        2025000	       201	800002fc	fe188923	sb	x1,-14(x17)	 x17:0x80008575  x1:0x00000000 PA:0x80008567
        2035000	       202	80000300	005a7533	and	x10,x20,x5	 x20:0x00000000  x5:0x00000000 x10=0x00000000
        2045000	       203	80000304	01688323	sb	x22,6(x17)	 x17:0x80008575 x22:0x0000064f PA:0x8000857b
        2055000	       204	80000308	db27ef37	lui	x30,0xdb27e	 x30=0xdb27e000
        2065000	       205	8000030c	6d288493	addi	x9,x17,1746	 x17:0x80008575  x9=0x80008c47
        2075000	       206	80000310	0138a1a3	sw	x19,3(x17)	 x17:0x80008575 x19:0x00000001 PA:0x80008578
        2085000	       207	80000314	ff78ae03	lw	x28,-9(x17)	 x17:0x80008575 x28=0x00000000 PA:0x8000856c
        2095000	       208	80000318	01f88823	sb	x31,16(x17)	 x17:0x80008575 x31:0x00000000 PA:0x80008585
        2105000	       209	8000031c	ffa8c103	lbu	x2,-6(x17)	 x17:0x80008575  x2=0x00000000 PA:0x8000856f
        2115000	       210	00000000	00000013	addi	x0,x0,0	  x0:0x00000000
        2125000	       211	80000320	42316e13	ori	x28,x2,1059	  x2:0x00000000 x28=0x00000423
        2135000	       212	80000324	ffd8d183	lhu	x3,-3(x17)	 x17:0x80008575  x3=0x00000000 PA:0x80008572
        2145000	       213	80000328	417d5c13	srai	x24,x26,0x17	 x26:0x3c2395b0 x24=0x00000078
        2155000	       214	8000032c	41875093	srai	x1,x14,0x18	 x14:0x00000000  x1=0x00000000
        2165000	       215	80000330	ffc8c083	lbu	x1,-4(x17)	 x17:0x80008575  x1=0x00000001 PA:0x80008571
        2175000	       216	80000334	0068cb83	lbu	x23,6(x17)	 x17:0x80008575 x23=0x00000000 PA:0x8000857b
        2185000	       217	80000338	ff288b83	lb	x23,-14(x17)	 x17:0x80008575 x23=0x00000000 PA:0x80008567
        2195000	       218	8000033c	01f15733	srl	x14,x2,x31	  x2:0x00000000 x31:0x00000000 x14=0x00000000
        2205000	       219	80000340	ffe8ca03	lbu	x20,-2(x17)	 x17:0x80008575 x20=0x00000000 PA:0x80008573
        2215000	       220	80000344	00288703	lb	x14,2(x17)	 x17:0x80008575 x14=0x00000000 PA:0x80008577
        2225000	       221	80000348	ffd8dc83	lhu	x25,-3(x17)	 x17:0x80008575 x25=0x00000000 PA:0x80008572
        2235000	       222	00000000	00000013	addi	x0,x0,0	  x0:0x00000000
        2245000	       223	8000034c	ccecb593	sltiu	x11,x25,-818	 x25:0x00000000 x11=0x00000001
        2255000	       224	80000350	0098c983	lbu	x19,9(x17)	 x17:0x80008575 x19=0x00000000 PA:0x8000857e
        2265000	       225	80000354	ffb88ba3	sb	x27,-9(x17)	 x17:0x80008575 x27:0x00000000 PA:0x8000856c
        2275000	       226	80000358	ffd8d283	lhu	x5,-3(x17)	 x17:0x80008575  x5=0x00000000 PA:0x80008572
        2285000	       227	8000035c	0088cb83	lbu	x23,8(x17)	 x17:0x80008575 x23=0x00000000 PA:0x8000857d
        2295000	       228	80000360	00188523	sb	x1,10(x17)	 x17:0x80008575  x1:0x00000001 PA:0x8000857f
        2305000	       229	80000364	410f5913	srai	x18,x30,0x10	 x30:0xdb27e000 x18=0xffffdb27
        2315000	       230	80000368	4188d033	sra	x0,x17,x24	 x17:0x80008575 x24:0x00000078
        2325000	       231	8000036c	f20ed337	lui	x6,0xf20ed	  x6=0xf20ed000
        2335000	       232	80000370	ff688923	sb	x22,-14(x17)	 x17:0x80008575 x22:0x0000064f PA:0x80008567
        2345000	       233	80000374	bfa97193	andi	x3,x18,-1030	 x18:0xffffdb27  x3=0xffffdb22
        2355000	       234	80000378	ff48c083	lbu	x1,-12(x17)	 x17:0x80008575  x1=0x00000000 PA:0x80008569
        2365000	       235	8000037c	fcd63b13	sltiu	x22,x12,-51	 x12:0x00000000 x22=0x00000001
        2375000	       236	80000380	e92bb193	sltiu	x3,x23,-366	 x23:0x00000000  x3=0x00000001
        2385000	       237	80000384	015887a3	sb	x21,15(x17)	 x17:0x80008575 x21:0x800084f9 PA:0x80008584
        2395000	       238	80000388	fed88923	sb	x13,-14(x17)	 x17:0x80008575 x13:0x80009f84 PA:0x80008567
        2405000	       239	8000038c	00008e97	auipc	x29,0x8	 x29=0x80008388
        2415000	       240	80000390	10ce8e93	addi	x29,x29,268	 x29:0x80008388 x29=0x80008494
        2425000	       241	80000394	fbae9983	lh	x19,-70(x29)	 x29:0x80008494 x19=0x00000000 PA:0x8000844e
        2435000	       242	80000398	fa5e8d23	sb	x5,-70(x29)	 x29:0x80008494  x5:0x00000000 PA:0x8000844e
        2445000	       243	8000039c	faae8d23	sb	x10,-70(x29)	 x29:0x80008494 x10:0x00000000 PA:0x8000844e
        2455000	       244	800003a0	0ece86a3	sb	x12,237(x29)	 x29:0x80008494 x12:0x00000000 PA:0x80008581
        2465000	       245	800003a4	01be8c03	lb	x24,27(x29)	 x29:0x80008494 x24=0x00000000 PA:0x800084af
        2475000	       246	800003a8	0d9e8983	lb	x19,217(x29)	 x29:0x80008494 x19=0x00000000 PA:0x8000856d
        2485000	       247	800003ac	0d9e8f03	lb	x30,217(x29)	 x29:0x80008494 x30=0x00000000 PA:0x8000856d
        2495000	       248	800003b0	0c4e8ca3	sb	x4,217(x29)	 x29:0x80008494  x4:0x00000365 PA:0x8000856d
        2505000	       249	800003b4	00cc1c93	slli	x25,x24,0xc	 x24:0x00000000 x25=0x00000000
        2515000	       250	800003b8	0d9ec303	lbu	x6,217(x29)	 x29:0x80008494  x6=0x00000065 PA:0x8000856d
        2525000	       251	800003bc	0d9e8703	lb	x14,217(x29)	 x29:0x80008494 x14=0x00000065 PA:0x8000856d
        2535000	       252	800003c0	fd7e9523	sh	x23,-54(x29)	 x29:0x80008494 x23:0x00000000 PA:0x8000845e
        2545000	       253	800003c4	fd6e8523	sb	x22,-54(x29)	 x29:0x80008494 x22:0x00000001 PA:0x8000845e
        2555000	       254	800003c8	0d0ecc03	lbu	x24,208(x29)	 x29:0x80008494 x24=0x00000000 PA:0x80008564
        2565000	       255	800003cc	fb1e8a83	lb	x21,-79(x29)	 x29:0x80008494 x21=0x00000000 PA:0x80008445
        2575000	       256	800003d0	0d2e88a3	sb	x18,209(x29)	 x29:0x80008494 x18:0xffffdb27 PA:0x80008565
        2585000	       257	800003d4	0dfe88a3	sb	x31,209(x29)	 x29:0x80008494 x31:0x00000000 PA:0x80008565
        2595000	       258	800003d8	0d1ecc03	lbu	x24,209(x29)	 x29:0x80008494 x24=0x00000000 PA:0x80008565
        2605000	       259	800003dc	00008917	auipc	x18,0x8	 x18=0x800083d8
        2615000	       260	800003e0	ff590913	addi	x18,x18,-11	 x18:0x800083d8 x18=0x800083cd
        2625000	       261	800003e4	0c290b83	lb	x23,194(x18)	 x18:0x800083cd x23=0x00000000 PA:0x8000848f
        2635000	       262	800003e8	00008a97	auipc	x21,0x8	 x21=0x800083e4
        2645000	       263	800003ec	2d9a8a93	addi	x21,x21,729	 x21:0x800083e4 x21=0x800086bd
        2655000	       264	800003f0	00008e97	auipc	x29,0x8	 x29=0x800083ec
        2665000	       265	800003f4	04fe8e93	addi	x29,x29,79	 x29:0x800083ec x29=0x8000843b
        2675000	       266	800003f8	f1e90423	sb	x30,-248(x18)	 x18:0x800083cd x30:0x00000000 PA:0x800082d5
        2685000	       267	800003fc	00008297	auipc	x5,0x8	  x5=0x800083f8
        2695000	       268	80000400	e8728293	addi	x5,x5,-377	  x5:0x800083f8  x5=0x8000827f
        2705000	       269	80000404	fffeaaa3	sw	x31,-11(x29)	 x29:0x8000843b x31:0x00000000 PA:0x80008430
        2715000	       270	80000408	fea90083	lb	x1,-22(x18)	 x18:0x800083cd  x1=0x00000000 PA:0x800083b7
        2725000	       271	8000040c	002e95a3	sh	x2,11(x29)	 x29:0x8000843b  x2:0x00000000 PA:0x80008446
        2735000	       272	80000410	031a8303	lb	x6,49(x21)	 x21:0x800086bd  x6=0x00000000 PA:0x800086ee
        2745000	       273	80000414	ffbec103	lbu	x2,-5(x29)	 x29:0x8000843b  x2=0x00000000 PA:0x80008436
        2755000	       274	80000418	f2c28f83	lb	x31,-212(x5)	  x5:0x8000827f x31=0x00000000 PA:0x800081ab
        2765000	       275	8000041c	f9328703	lb	x14,-109(x5)	  x5:0x8000827f x14=0x00000000 PA:0x80008212
        2775000	       276	80000420	fd1a8b03	lb	x22,-47(x21)	 x21:0x800086bd x22=0x00000000 PA:0x8000868e
        2785000	       277	80000424	005ea183	lw	x3,5(x29)	 x29:0x8000843b  x3=0x00000000 PA:0x80008440
        2795000	       278	80000428	00bedc03	lhu	x24,11(x29)	 x29:0x8000843b x24=0x00000000 PA:0x80008446
        2805000	       279	8000042c	4cb2a6a3	sw	x11,1229(x5)	  x5:0x8000827f x11:0x00000001 PA:0x8000874c
        2815000	       280	80000430	f8794583	lbu	x11,-121(x18)	 x18:0x800083cd x11=0x00000000 PA:0x80008354
        2825000	       281	80000434	ef128c03	lb	x24,-271(x5)	  x5:0x8000827f x24=0x00000000 PA:0x80008170
        2835000	       282	80000438	ff4e8483	lb	x9,-12(x29)	 x29:0x8000843b  x9=0x00000000 PA:0x8000842f
        2845000	       283	8000043c	019e93a3	sh	x25,7(x29)	 x29:0x8000843b x25:0x00000000 PA:0x80008442
        2855000	       284	80000440	dc92a203	lw	x4,-567(x5)	  x5:0x8000827f  x4=0x00000000 PA:0x80008048
        2865000	       285	80000444	f4a92da3	sw	x10,-165(x18)	 x18:0x800083cd x10:0x00000000 PA:0x80008328
        2875000	       286	80000448	ffbe9483	lh	x9,-5(x29)	 x29:0x8000843b  x9=0x00000000 PA:0x80008436
        2885000	       287	8000044c	00aa8923	sb	x10,18(x21)	 x21:0x800086bd x10:0x00000000 PA:0x800086cf
        2895000	       288	80000450	f1191b03	lh	x22,-239(x18)	 x18:0x800083cd x22=0x00000000 PA:0x800082de
        2905000	       289	80000454	007ecc83	lbu	x25,7(x29)	 x29:0x8000843b x25=0x00000000 PA:0x80008442
        2915000	       290	80000458	2f12c303	lbu	x6,753(x5)	  x5:0x8000827f  x6=0x00000000 PA:0x80008570
        2925000	       291	8000045c	04d90823	sb	x13,80(x18)	 x18:0x800083cd x13:0x80009f84 PA:0x8000841d
        2935000	       292	80000460	010ec203	lbu	x4,16(x29)	 x29:0x8000843b  x4=0x00000000 PA:0x8000844b
        2945000	       293	80000464	ebb29aa3	sh	x27,-331(x5)	  x5:0x8000827f x27:0x00000000 PA:0x80008134
        2955000	       294	80000468	039a9003	lh	x0,57(x21)	 x21:0x800086bd PA:0x800086f6
        2965000	       295	8000046c	28b28623	sb	x11,652(x5)	  x5:0x8000827f x11:0x00000000 PA:0x8000850b
        2975000	       296	80000470	01da8483	lb	x9,29(x21)	 x21:0x800086bd  x9=0x00000000 PA:0x800086da
        2985000	       297	80000474	018fe4b3	or	x9,x31,x24	 x31:0x00000000 x24:0x00000000  x9=0x00000000
        2995000	       298	80000478	00729213	slli	x4,x5,0x7	  x5:0x8000827f  x4=0x00413f80
        3005000	       299	8000047c	04270797	auipc	x15,0x4270	 x15=0x84270478
        3015000	       300	80000480	7314b493	sltiu	x9,x9,1841	  x9:0x00000000  x9=0x00000001
        3025000	       301	80000484	a619f7b7	lui	x15,0xa619f	 x15=0xa619f000
        3035000	       302	80000488	40c90413	addi	x8,x18,1036	 x18:0x800083cd  x8=0x800087d9
        3045000	       303	8000048c	00000013	addi	x0,x0,0	  x0:0x00000000
        3055000	       304	80000490	41f75993	srai	x19,x14,0x1f	 x14:0x00000000 x19=0x00000000
        3065000	       305	80000494	00f07263	bgeu	x0,x15,80000498	  x0:0x00000000 x15:0xa619f000
        3075000	       306	80000498	e256bf13	sltiu	x30,x13,-475	 x13:0x80009f84 x30=0x00000001
        3085000	       307	8000049c	ecfb4113	xori	x2,x22,-305	 x22:0x00000000  x2=0xfffffecf
        3095000	       308	800004a0	00065e13	srli	x28,x12,0x0	 x12:0x00000000 x28=0x00000000
        3105000	       309	800004a4	413fda93	srai	x21,x31,0x13	 x31:0x00000000 x21=0x00000000
        3115000	       310	800004a8	3b34e593	ori	x11,x9,947	  x9:0x00000001 x11=0x000003b3
        3125000	       311	800004ac	04679063	bne	x15,x6,800004ec	 x15:0xa619f000  x6:0x00000000
        3135000	       312	00000000	00000013	addi	x0,x0,0	  x0:0x00000000
        3145000	       313	800004e8	00000013	addi	x0,x0,0	  x0:0x00000000
        3155000	       314	800004ec	00a3f2b3	and	x5,x7,x10	  x7:0x80009fc4 x10:0x00000000  x5=0x00000000
        3165000	       315	800004f0	00e76cb3	or	x25,x14,x14	 x14:0x00000000 x14:0x00000000 x25=0x00000000
        3175000	       316	800004f4	0176c433	xor	x8,x13,x23	 x13:0x80009f84 x23:0x00000000  x8=0x80009f84
        3185000	       317	800004f8	0011c7b3	xor	x15,x3,x1	  x3:0x00000000  x1:0x00000000 x15=0x00000000
        3195000	       318	800004fc	00b5abb3	slt	x23,x11,x11	 x11:0x000003b3 x11:0x000003b3 x23=0x00000000
        3205000	       319	80000500	245c6a13	ori	x20,x24,581	 x24:0x00000000 x20=0x00000245
        3215000	       320	80000504	41c705b3	sub	x11,x14,x28	 x14:0x00000000 x28:0x00000000 x11=0x00000000
        3225000	       321	80000508	01f14e33	xor	x28,x2,x31	  x2:0xfffffecf x31:0x00000000 x28=0xfffffecf
        3235000	       322	8000050c	41ec5413	srai	x8,x24,0x1e	 x24:0x00000000  x8=0x00000000
        3245000	       323	80000510	6d5d2413	slti	x8,x26,1749	 x26:0x3c2395b0  x8=0x00000000
        3255000	       324	80000514	bdfb4613	xori	x12,x22,-1057	 x22:0x00000000 x12=0xfffffbdf
        3265000	       325	80000518	a45f3593	sltiu	x11,x30,-1467	 x30:0x00000001 x11=0x00000001
        3275000	       326	8000051c	41ba08b3	sub	x17,x20,x27	 x20:0x00000245 x27:0x00000000 x17=0x00000245
        3285000	       327	80000520	00000013	addi	x0,x0,0	  x0:0x00000000
        3295000	       328	80000524	002b7233	and	x4,x22,x2	 x22:0x00000000  x2:0xfffffecf  x4=0x00000000
        3305000	       329	80000528	055c9663	bne	x25,x21,80000574	 x25:0x00000000 x21:0x00000000
        3315000	       330	8000052c	e684ca13	xori	x20,x9,-408	  x9:0x00000001 x20=0xfffffe69
        3325000	       331	80000530	00c0aeb3	slt	x29,x1,x12	  x1:0x00000000 x12:0xfffffbdf x29=0x00000000
        3335000	       332	80000534	6b6c6217	auipc	x4,0x6b6c6	  x4=0xeb6c6530
        3345000	       333	80000538	b4d6c813	xori	x16,x13,-1203	 x13:0x80009f84 x16=0x7fff64c9
        3355000	       334	8000053c	00bfc333	xor	x6,x31,x11	 x31:0x00000000 x11:0x00000001  x6=0x00000001
        3365000	       335	80000540	02a90263	beq	x18,x10,80000564	 x18:0x800083cd x10:0x00000000
        3375000	       336	80000544	00c9b4b3	sltu	x9,x19,x12	 x19:0x00000000 x12:0xfffffbdf  x9=0x00000001
        3385000	       337	80000548	4445ea13	ori	x20,x11,1092	 x11:0x00000001 x20=0x00000445
        3395000	       338	8000054c	1d65b993	sltiu	x19,x11,470	 x11:0x00000001 x19=0x00000001
        3405000	       339	80000550	00c987b3	add	x15,x19,x12	 x19:0x00000001 x12:0xfffffbdf x15=0xfffffbe0
        3415000	       340	80000554	01f97833	and	x16,x18,x31	 x18:0x800083cd x31:0x00000000 x16=0x00000000
        3425000	       341	80000558	41100233	sub	x4,x0,x17	  x0:0x00000000 x17:0x00000245  x4=0xfffffdbb
        3435000	       342	8000055c	0143dc63	bge	x7,x20,80000574	  x7:0x80009fc4 x20:0x00000445
        3445000	       343	80000560	01314633	xor	x12,x2,x19	  x2:0xfffffecf x19:0x00000001 x12=0xfffffece
        3455000	       344	80000564	0107ee13	ori	x28,x15,16	 x15:0xfffffbe0 x28=0xfffffbf0
        3465000	       345	80000568	002d8ab3	add	x21,x27,x2	 x27:0x00000000  x2:0xfffffecf x21=0xfffffecf
        3475000	       346	8000056c	e9153f93	sltiu	x31,x10,-367	 x10:0x00000000 x31=0x00000001
        3485000	       347	80000570	76ae2193	slti	x3,x28,1898	 x28:0xfffffbf0  x3=0x00000001
        3495000	       348	80000574	05e13297	auipc	x5,0x5e13	  x5=0x85e13570
        3505000	       349	80000578	0418ec13	ori	x24,x17,65	 x17:0x00000245 x24=0x00000245
        3515000	       350	8000057c	00c3dab3	srl	x21,x7,x12	  x7:0x80009fc4 x12:0xfffffece x21=0x00020002
        3525000	       351	80000580	006b5013	srli	x0,x22,0x6	 x22:0x00000000
        3535000	       352	80000584	abaf8d93	addi	x27,x31,-1350	 x31:0x00000001 x27=0xfffffabb
        3545000	       353	80000588	00001217	auipc	x4,0x1	  x4=0x80001584
        3555000	       354	8000058c	9f020213	addi	x4,x4,-1552	  x4:0x80001584  x4=0x80000f74
        3565000	       355	80000590	e1320bb7	lui	x23,0xe1320	 x23=0xe1320000
        3575000	       356	80000594	ed920213	addi	x4,x4,-295	  x4:0x80000f74  x4=0x80000e4d
        3585000	       357	80000598	00f04e33	xor	x28,x0,x15	  x0:0x00000000 x15:0xfffffbe0 x28=0xfffffbe0
        3595000	       358	8000059c	01f7f5b3	and	x11,x15,x31	 x15:0xfffffbe0 x31:0x00000001 x11=0x00000000
        3605000	       359	800005a0	84e54d93	xori	x27,x10,-1970	 x10:0x00000000 x27=0xfffff84e
        3615000	       360	800005a4	0179be33	sltu	x28,x19,x23	 x19:0x00000001 x23:0xe1320000 x28=0x00000001
        3625000	       361	800005a8	17bb7293	andi	x5,x22,379	 x22:0x00000000  x5=0x00000000
        3635000	       362	800005ac	127200e7	jalr	x1,x4,295	  x4:0x80000e4d  x1=0x800005ac
        3645000	       363	00000000	00000013	addi	x0,x0,0	  x0:0x00000000
        3655000	       364	80000f74	00000013	addi	x0,x0,0	  x0:0x00000000
        3665000	       365	80000f78	00a57863	bgeu	x10,x10,80000f88	 x10:0x00000000 x10:0x00000000
        3675000	       366	00000000	00000013	addi	x0,x0,0	  x0:0x00000000
        3685000	       367	80000f84	00000013	addi	x0,x0,0	  x0:0x00000000
        3695000	       368	80000f88	ff468693	addi	x13,x13,-12	 x13:0x80009f84 x13=0x80009f78
        3705000	       369	80000f8c	00434fb3	xor	x31,x6,x4	  x6:0x00000001  x4:0x80000e4d x31=0x80000e4c
        3715000	       370	80000f90	004e7db3	and	x27,x28,x4	 x28:0x00000001  x4:0x80000e4d x27=0x00000001
        3725000	       371	80000f94	0016a223	sw	x1,4(x13)	 x13:0x80009f78  x1:0x800005ac PA:0x80009f7c
        3735000	       372	80000f98	341fedb7	lui	x27,0x341fe	 x27=0x341fe000
        3745000	       373	80000f9c	ba6a3213	sltiu	x4,x20,-1114	 x20:0x00000445  x4=0x00000001
        3755000	       374	80000fa0	c3f86a93	ori	x21,x16,-961	 x16:0x00000000 x21=0xfffffc3f
        3765000	       375	80000fa4	01b0d013	srli	x0,x1,0x1b	  x1:0x800005ac
        3775000	       376	80000fa8	00008117	auipc	x2,0x8	  x2=0x80008fa4
        3785000	       377	80000fac	fc710113	addi	x2,x2,-57	  x2:0x80008fa4  x2=0x80008f6b
        3795000	       378	80000fb0	ffe14803	lbu	x16,-2(x2)	  x2:0x80008f6b x16=0x00000000 PA:0x80008f69
        3805000	       379	80000fb4	fe110f23	sb	x1,-2(x2)	  x2:0x80008f6b  x1:0x800005ac PA:0x80008f69
        3815000	       380	80000fb8	ffe14503	lbu	x10,-2(x2)	  x2:0x80008f6b x10=0x000000ac PA:0x80008f69
        3825000	       381	80000fbc	ffa10f23	sb	x26,-2(x2)	  x2:0x80008f6b x26:0x3c2395b0 PA:0x80008f69
        3835000	       382	80000fc0	ffe14283	lbu	x5,-2(x2)	  x2:0x80008f6b  x5=0x000000b0 PA:0x80008f69
        3845000	       383	80000fc4	ffb10f23	sb	x27,-2(x2)	  x2:0x80008f6b x27:0x341fe000 PA:0x80008f69
        3855000	       384	80000fc8	ffe14803	lbu	x16,-2(x2)	  x2:0x80008f6b x16=0x00000000 PA:0x80008f69
        3865000	       385	80000fcc	ffe10083	lb	x1,-2(x2)	  x2:0x80008f6b  x1=0x00000000 PA:0x80008f69
        3875000	       386	80000fd0	fe310f23	sb	x3,-2(x2)	  x2:0x80008f6b  x3:0x00000001 PA:0x80008f69
        3885000	       387	80000fd4	00fcaf33	slt	x30,x25,x15	 x25:0x00000000 x15:0xfffffbe0 x30=0x00000000
        3895000	       388	80000fd8	ff110f23	sb	x17,-2(x2)	  x2:0x80008f6b x17:0x00000245 PA:0x80008f69
        3905000	       389	80000fdc	00008c97	auipc	x25,0x8	 x25=0x80008fd8
        3915000	       390	80000fe0	c2ac8c93	addi	x25,x25,-982	 x25:0x80008fd8 x25=0x80008c02
        3925000	       391	80000fe4	00008c17	auipc	x24,0x8	 x24=0x80008fe0
        3935000	       392	80000fe8	de7c0c13	addi	x24,x24,-537	 x24:0x80008fe0 x24=0x80008dc7
        3945000	       393	80000fec	ffbc4003	lbu	x0,-5(x24)	 x24:0x80008dc7 PA:0x80008dc2
        3955000	       394	80000ff0	f15c89a3	sb	x21,-237(x25)	 x25:0x80008c02 x21:0xfffffc3f PA:0x80008b15
        3965000	       395	80000ff4	06ac8023	sb	x10,96(x25)	 x25:0x80008c02 x10:0x000000ac PA:0x80008c62
        3975000	       396	80000ff8	ffbc0783	lb	x15,-5(x24)	 x24:0x80008dc7 x15=0x00000000 PA:0x80008dc2
        3985000	       397	80000ffc	041cce83	lbu	x29,65(x25)	 x25:0x80008c02 x29=0x00000000 PA:0x80008c43
        3995000	       398	80001000	ff1c0da3	sb	x17,-5(x24)	 x24:0x80008dc7 x17:0x00000245 PA:0x80008dc2
        4005000	       399	80001004	fcac8f03	lb	x30,-54(x25)	 x25:0x80008c02 x30=0x00000000 PA:0x80008bcc
        4015000	       400	80001008	f7ac9903	lh	x18,-134(x25)	 x25:0x80008c02 x18=0x00000000 PA:0x80008b7c
        4025000	       401	8000100c	006c0203	lb	x4,6(x24)	 x24:0x80008dc7  x4=0x00000000 PA:0x80008dcd
        4035000	       402	80001010	f5dc8a03	lb	x20,-163(x25)	 x25:0x80008c02 x20=0x00000000 PA:0x80008b5f
        4045000	       403	80001014	fafc8183	lb	x3,-81(x25)	 x25:0x80008c02  x3=0x00000000 PA:0x80008bb1
        4055000	       404	80001018	febc19a3	sh	x11,-13(x24)	 x24:0x80008dc7 x11:0x00000000 PA:0x80008dba
        4065000	       405	8000101c	0d3c8a83	lb	x21,211(x25)	 x25:0x80008c02 x21=0x00000000 PA:0x80008cd5
        4075000	       406	80001020	00ec8483	lb	x9,14(x25)	 x25:0x80008c02  x9=0x00000000 PA:0x80008c10
        4085000	       407	80001024	00008b97	auipc	x23,0x8	 x23=0x80009020
        4095000	       408	80001028	823b8b93	addi	x23,x23,-2013	 x23:0x80009020 x23=0x80008843
        4105000	       409	8000102c	0115cfb3	xor	x31,x11,x17	 x11:0x00000000 x17:0x00000245 x31=0x00000245
        4115000	       410	80001030	ff6b9fa3	sh	x22,-1(x23)	 x23:0x80008843 x22:0x00000000 PA:0x80008842
        4125000	       411	80001034	00fb8903	lb	x18,15(x23)	 x23:0x80008843 x18=0x00000000 PA:0x80008852
        4135000	       412	00000000	00000013	addi	x0,x0,0	  x0:0x00000000
        4145000	       413	80001038	ff2b8e03	lb	x28,-14(x23)	 x23:0x80008843 x28=0x00000000 PA:0x80008835
        4155000	       414	8000103c	01224fb3	xor	x31,x4,x18	  x4:0x00000000 x18:0x00000000 x31=0x00000000
        4165000	       415	80001040	00c614b3	sll	x9,x12,x12	 x12:0xfffffece x12:0xfffffece  x9=0xffb38000
        4175000	       416	80001044	01cb86a3	sb	x28,13(x23)	 x23:0x80008843 x28:0x00000000 PA:0x80008850
        4185000	       417	80001048	ffcbc183	lbu	x3,-4(x23)	 x23:0x80008843  x3=0x00000000 PA:0x8000883f
        4195000	       418	8000104c	00d719b3	sll	x19,x14,x13	 x14:0x00000000 x13:0x80009f78 x19=0x00000000
        4205000	       419	80001050	0035d793	srli	x15,x11,0x3	 x11:0x00000000 x15=0x00000000
        4215000	       420	80001054	005929b3	slt	x19,x18,x5	 x18:0x00000000  x5:0x000000b0 x19=0x00000001
        4225000	       421	80001058	ff7b8a23	sb	x23,-12(x23)	 x23:0x80008843 x23:0x80008843 PA:0x80008837
        4235000	       422	8000105c	00744333	xor	x6,x8,x7	  x8:0x00000000  x7:0x80009fc4  x6=0x80009fc4
        4245000	       423	80001060	010c1cb3	sll	x25,x24,x16	 x24:0x80008dc7 x16:0x00000000 x25=0x80008dc7
        4255000	       424	80001064	0010fb33	and	x22,x1,x1	  x1:0x00000000  x1:0x00000000 x22=0x00000000
        4265000	       425	80001068	fe4b8b23	sb	x4,-10(x23)	 x23:0x80008843  x4:0x00000000 PA:0x80008839
        4275000	       426	8000106c	009b86a3	sb	x9,13(x23)	 x23:0x80008843  x9:0xffb38000 PA:0x80008850
        4285000	       427	80001070	00000013	addi	x0,x0,0	  x0:0x00000000
        4295000	       428	80001074	002bca03	lbu	x20,2(x23)	 x23:0x80008843 x20=0x00000000 PA:0x80008845
        4305000	       429	80001078	019ba6a3	sw	x25,13(x23)	 x23:0x80008843 x25:0x80008dc7 PA:0x80008850
        4315000	       430	8000107c	006cd593	srli	x11,x25,0x6	 x25:0x80008dc7 x11=0x02000237
        4325000	       431	80001080	41888013	addi	x0,x17,1048	 x17:0x00000245
        4335000	       432	80001084	000a8333	add	x6,x21,x0	 x21:0x00000000  x0:0x00000000  x6=0x00000000
        4345000	       433	80001088	01951733	sll	x14,x10,x25	 x10:0x000000ac x25:0x80008dc7 x14=0x00005600
        4355000	       434	8000108c	006bc083	lbu	x1,6(x23)	 x23:0x80008843  x1=0x00000000 PA:0x80008849
        4365000	       435	80001090	00affeb3	and	x29,x31,x10	 x31:0x00000000 x10:0x000000ac x29=0x00000000
        4375000	       436	80001094	ff9b9983	lh	x19,-7(x23)	 x23:0x80008843 x19=0x00000000 PA:0x8000883c
        4385000	       437	80001098	0125d5b3	srl	x11,x11,x18	 x11:0x02000237 x18:0x00000000 x11=0x02000237
        4395000	       438	8000109c	7fea6993	ori	x19,x20,2046	 x20:0x00000000 x19=0x000007fe
        4405000	       439	800010a0	00eb84a3	sb	x14,9(x23)	 x23:0x80008843 x14:0x00005600 PA:0x8000884c
        4415000	       440	800010a4	93e96913	ori	x18,x18,-1730	 x18:0x00000000 x18=0xfffff93e
        4425000	       441	800010a8	fedb8fa3	sb	x13,-1(x23)	 x23:0x80008843 x13:0x80009f78 PA:0x80008842
        4435000	       442	800010ac	003bc303	lbu	x6,3(x23)	 x23:0x80008843  x6=0x00000000 PA:0x80008846
        4445000	       443	800010b0	004b8c83	lb	x25,4(x23)	 x23:0x80008843 x25=0x00000000 PA:0x80008847
        4455000	       444	800010b4	ff2bca03	lbu	x20,-14(x23)	 x23:0x80008843 x20=0x00000000 PA:0x80008835
        4465000	       445	800010b8	fffbdf83	lhu	x31,-1(x23)	 x23:0x80008843 x31=0x00000078 PA:0x80008842
        4475000	       446	800010bc	40900ab3	sub	x21,x0,x9	  x0:0x00000000  x9:0xffb38000 x21=0x004c8000
        4485000	       447	800010c0	ffcbce03	lbu	x28,-4(x23)	 x23:0x80008843 x28=0x00000000 PA:0x8000883f
        4495000	       448	800010c4	00000013	addi	x0,x0,0	  x0:0x00000000
        4505000	       449	800010c8	007b8623	sb	x7,12(x23)	 x23:0x80008843  x7:0x80009fc4 PA:0x8000884f
        4515000	       450	800010cc	00dbd403	lhu	x8,13(x23)	 x23:0x80008843  x8=0x00008dc7 PA:0x80008850
        4525000	       451	800010d0	00008c17	auipc	x24,0x8	 x24=0x800090cc
        4535000	       452	800010d4	d85c0c13	addi	x24,x24,-635	 x24:0x800090cc x24=0x80008e51
        4545000	       453	800010d8	00008c97	auipc	x25,0x8	 x25=0x800090d4
        4555000	       454	800010dc	d49c8c93	addi	x25,x25,-695	 x25:0x800090d4 x25=0x80008e1d
        4565000	       455	800010e0	f54c0603	lb	x12,-172(x24)	 x24:0x80008e51 x12=0x00000000 PA:0x80008da5
        4575000	       456	800010e4	146c0283	lb	x5,326(x24)	 x24:0x80008e51  x5=0x00000000 PA:0x80008f97
        4585000	       457	800010e8	f5bc85a3	sb	x27,-181(x25)	 x25:0x80008e1d x27:0x341fe000 PA:0x80008d68
        4595000	       458	800010ec	07cc84a3	sb	x28,105(x25)	 x25:0x80008e1d x28:0x00000000 PA:0x80008e86
        4605000	       459	800010f0	d83c2583	lw	x11,-637(x24)	 x24:0x80008e51 x11=0x00000000 PA:0x80008bd4
        4615000	       460	800010f4	012c8d23	sb	x18,26(x25)	 x25:0x80008e1d x18:0xfffff93e PA:0x80008e37
        4625000	       461	800010f8	fd9c8923	sb	x25,-46(x25)	 x25:0x80008e1d x25:0x80008e1d PA:0x80008def
        4635000	       462	800010fc	147c4b03	lbu	x22,327(x24)	 x24:0x80008e51 x22=0x00000000 PA:0x80008f98
        4645000	       463	80001100	ac7c2e83	lw	x29,-1337(x24)	 x24:0x80008e51 x29=0x00000000 PA:0x80008918
        4655000	       464	80001104	f9bca7a3	sw	x27,-113(x25)	 x25:0x80008e1d x27:0x341fe000 PA:0x80008dac
        4665000	       465	80001108	fcec8283	lb	x5,-50(x25)	 x25:0x80008e1d  x5=0x00000000 PA:0x80008deb
        4675000	       466	8000110c	d68c4083	lbu	x1,-664(x24)	 x24:0x80008e51  x1=0x00000000 PA:0x80008bb9
        4685000	       467	80001110	f39cc703	lbu	x14,-199(x25)	 x25:0x80008e1d x14=0x00000000 PA:0x80008d56
        4695000	       468	80001114	fb4c4903	lbu	x18,-76(x24)	 x24:0x80008e51 x18=0x00000000 PA:0x80008e05
        4705000	       469	80001118	027cd183	lhu	x3,39(x25)	 x25:0x80008e1d  x3=0x00000000 PA:0x80008e44
        4715000	       470	8000111c	0c1c8703	lb	x14,193(x25)	 x25:0x80008e1d x14=0x00000000 PA:0x80008ede
        4725000	       471	80001120	f91c1503	lh	x10,-111(x24)	 x24:0x80008e51 x10=0x00000000 PA:0x80008de2
        4735000	       472	80001124	f5cc4703	lbu	x14,-164(x24)	 x24:0x80008e51 x14=0x000000e0 PA:0x80008dad
        4745000	       473	80001128	00007117	auipc	x2,0x7	  x2=0x80008124
        4755000	       474	8000112c	4f410113	addi	x2,x2,1268	  x2:0x80008124  x2=0x80008618
        4765000	       475	80001130	cde6e793	ori	x15,x13,-802	 x13:0x80009f78 x15=0xfffffffe
        4775000	       476	80001134	f7910ba3	sb	x25,-137(x2)	  x2:0x80008618 x25:0x80008e1d PA:0x8000858f
        4785000	       477	80001138	b7f82d93	slti	x27,x16,-1153	 x16:0x00000000 x27=0x00000000
        4795000	       478	8000113c	01b8f2b3	and	x5,x17,x27	 x17:0x00000245 x27:0x00000000  x5=0x00000000
        4805000	       479	80001140	00fa9213	slli	x4,x21,0xf	 x21:0x004c8000  x4=0x40000000
        4815000	       480	80001144	cdb14f83	lbu	x31,-805(x2)	  x2:0x80008618 x31=0x00000000 PA:0x800082f3
        4825000	       481	80001148	00000013	addi	x0,x0,0	  x0:0x00000000
        4835000	       482	8000114c	40468eb3	sub	x29,x13,x4	 x13:0x80009f78  x4:0x40000000 x29=0x40009f78
        4845000	       483	80001150	f0e14f03	lbu	x30,-242(x2)	  x2:0x80008618 x30=0x00000000 PA:0x80008526
        4855000	       484	80001154	01bc9413	slli	x8,x25,0x1b	 x25:0x80008e1d  x8=0xe8000000
        4865000	       485	80001158	00000013	addi	x0,x0,0	  x0:0x00000000
        4875000	       486	8000115c	02615e03	lhu	x28,38(x2)	  x2:0x80008618 x28=0x00000000 PA:0x8000863e
        4885000	       487	80001160	c0314883	lbu	x17,-1021(x2)	  x2:0x80008618 x17=0x00000000 PA:0x8000821b
        4895000	       488	80001164	c1a104a3	sb	x26,-1015(x2)	  x2:0x80008618 x26:0x3c2395b0 PA:0x80008221
        4905000	       489	80001168	0179ac33	slt	x24,x19,x23	 x19:0x000007fe x23:0x80008843 x24=0x00000000
        4915000	       490	8000116c	cc310203	lb	x4,-829(x2)	  x2:0x80008618  x4=0x00000000 PA:0x800082db
        4925000	       491	80001170	1e210c03	lb	x24,482(x2)	  x2:0x80008618 x24=0x00000000 PA:0x800087fa
        4935000	       492	80001174	00fdc833	xor	x16,x27,x15	 x27:0x00000000 x15:0xfffffffe x16=0xfffffffe
        4945000	       493	80001178	0d593593	sltiu	x11,x18,213	 x18:0x00000000 x11=0x00000001
        4955000	       494	8000117c	04110d23	sb	x1,90(x2)	  x2:0x80008618  x1:0x00000000 PA:0x80008672
        4965000	       495	80001180	40ef5a13	srai	x20,x30,0xe	 x30:0x00000000 x20=0x00000000
        4975000	       496	80001184	03b10823	sb	x27,48(x2)	  x2:0x80008618 x27:0x00000000 PA:0x80008648
        4985000	       497	80001188	968634b7	lui	x9,0x96863	  x9=0x96863000
        4995000	       498	8000118c	e0023893	sltiu	x17,x4,-512	  x4:0x00000000 x17=0x00000001
        5005000	       499	80001190	006104a3	sb	x6,9(x2)	  x2:0x80008618  x6:0x00000000 PA:0x80008621
        5015000	       500	80001194	a3110fa3	sb	x17,-1473(x2)	  x2:0x80008618 x17:0x00000001 PA:0x80008057
        5025000	       501	80001198	b2d10b03	lb	x22,-1235(x2)	  x2:0x80008618 x22=0x00000000 PA:0x80008145
        5035000	       502	8000119c	0de15703	lhu	x14,222(x2)	  x2:0x80008618 x14=0x00000000 PA:0x800086f6
        5045000	       503	800011a0	dc312223	sw	x3,-572(x2)	  x2:0x80008618  x3:0x00000000 PA:0x800083dc
        5055000	       504	800011a4	d7e1bb13	sltiu	x22,x3,-642	  x3:0x00000000 x22=0x00000001
        5065000	       505	800011a8	ab810623	sb	x24,-1364(x2)	  x2:0x80008618 x24:0x00000000 PA:0x800080c4
        5075000	       506	800011ac	008c54b3	srl	x9,x24,x8	 x24:0x00000000  x8:0xe8000000  x9=0x00000000
        5085000	       507	800011b0	0b514283	lbu	x5,181(x2)	  x2:0x80008618  x5=0x00000000 PA:0x800086cd
        5095000	       508	800011b4	b3410283	lb	x5,-1228(x2)	  x2:0x80008618  x5=0x00000000 PA:0x8000814c
        5105000	       509	800011b8	a8a14b83	lbu	x23,-1398(x2)	  x2:0x80008618 x23=0x00000000 PA:0x800080a2
        5115000	       510	800011bc	0dd14b83	lbu	x23,221(x2)	  x2:0x80008618 x23=0x00000000 PA:0x800086f5
        5125000	       511	800011c0	b0514c03	lbu	x24,-1275(x2)	  x2:0x80008618 x24=0x00000000 PA:0x8000811d
        5135000	       512	800011c4	12e10583	lb	x11,302(x2)	  x2:0x80008618 x11=0x00000000 PA:0x80008746
        5145000	       513	00000000	00000013	addi	x0,x0,0	  x0:0x00000000
        5155000	       514	800011c8	d8b98893	addi	x17,x19,-629	 x19:0x000007fe x17=0x00000589
        5165000	       515	800011cc	7e71c613	xori	x12,x3,2023	  x3:0x00000000 x12=0x000007e7
        5175000	       516	800011d0	05a14b03	lbu	x22,90(x2)	  x2:0x80008618 x22=0x00000000 PA:0x80008672
        5185000	       517	800011d4	008c7733	and	x14,x24,x8	 x24:0x00000000  x8:0xe8000000 x14=0x00000000
        5195000	       518	800011d8	b3012e83	lw	x29,-1232(x2)	  x2:0x80008618 x29=0x00000000 PA:0x80008148
        5205000	       519	800011dc	dec108a3	sb	x12,-527(x2)	  x2:0x80008618 x12:0x000007e7 PA:0x80008409
        5215000	       520	800011e0	00007a97	auipc	x21,0x7	 x21=0x800081dc
        5225000	       521	800011e4	235a8a93	addi	x21,x21,565	 x21:0x800081dc x21=0x80008411
        5235000	       522	800011e8	ff1ace03	lbu	x28,-15(x21)	 x21:0x80008411 x28=0x00000000 PA:0x80008402
        5245000	       523	800011ec	00000013	addi	x0,x0,0	  x0:0x00000000
        5255000	       524	800011f0	ff1adc83	lhu	x25,-15(x21)	 x21:0x80008411 x25=0x00000000 PA:0x80008402
        5265000	       525	800011f4	fffa8c23	sb	x31,-8(x21)	 x21:0x80008411 x31:0x00000000 PA:0x80008409
        5275000	       526	800011f8	fe6a8b23	sb	x6,-10(x21)	 x21:0x80008411  x6:0x00000000 PA:0x80008407
        5285000	       527	800011fc	5662e193	ori	x3,x5,1382	  x5:0x00000000  x3=0x00000566
        5295000	       528	80001200	fe0a8b23	sb	x0,-10(x21)	 x21:0x80008411  x0:0x00000000 PA:0x80008407
        5305000	       529	80001204	feda8b23	sb	x13,-10(x21)	 x21:0x80008411 x13:0x80009f78 PA:0x80008407
        5315000	       530	80001208	01aa8023	sb	x26,0(x21)	 x21:0x80008411 x26:0x3c2395b0 PA:0x80008411
        5325000	       531	8000120c	004ac083	lbu	x1,4(x21)	 x21:0x80008411  x1=0x00000000 PA:0x80008415
        5335000	       532	80001210	004ac883	lbu	x17,4(x21)	 x21:0x80008411 x17=0x00000000 PA:0x80008415
        5345000	       533	80001214	24f9c213	xori	x4,x19,591	 x19:0x000007fe  x4=0x000005b1
        5355000	       534	80001218	ff5ad603	lhu	x12,-11(x21)	 x21:0x80008411 x12=0x00007800 PA:0x80008406
        5365000	       535	8000121c	ff2a8a23	sb	x18,-12(x21)	 x21:0x80008411 x18:0x00000000 PA:0x80008405
        5375000	       536	80001220	171e3937	lui	x18,0x171e3	 x18=0x171e3000
        5385000	       537	80001224	01da1993	slli	x19,x20,0x1d	 x20:0x00000000 x19=0x00000000
        5395000	       538	80001228	f5b6cb13	xori	x22,x13,-165	 x13:0x80009f78 x22=0x7fff6023
        5405000	       539	8000122c	fffa8d83	lb	x27,-1(x21)	 x21:0x80008411 x27=0x00000000 PA:0x80008410
        5415000	       540	80001230	00008a17	auipc	x20,0x8	 x20=0x8000922c
        5425000	       541	80001234	a6aa0a13	addi	x20,x20,-1430	 x20:0x8000922c x20=0x80008c96
        5435000	       542	80001238	00007817	auipc	x16,0x7	 x16=0x80008234
        5445000	       543	8000123c	72680813	addi	x16,x16,1830	 x16:0x80008234 x16=0x8000895a
        5455000	       544	80001240	00008797	auipc	x15,0x8	 x15=0x8000923c
        5465000	       545	80001244	8c278793	addi	x15,x15,-1854	 x15:0x8000923c x15=0x80008afe
        5475000	       546	80001248	00008e17	auipc	x28,0x8	 x28=0x80009244
        5485000	       547	8000124c	bcce0e13	addi	x28,x28,-1076	 x28:0x80009244 x28=0x80008e10
        5495000	       548	80001250	2b578483	lb	x9,693(x15)	 x15:0x80008afe  x9=0x00000000 PA:0x80008db3
        5505000	       549	80001254	f997c403	lbu	x8,-103(x15)	 x15:0x80008afe  x8=0x00000000 PA:0x80008a97
        5515000	       550	80001258	006a1403	lh	x8,6(x20)	 x20:0x80008c96  x8=0x00000000 PA:0x80008c9c
        5525000	       551	8000125c	ff8a5983	lhu	x19,-8(x20)	 x20:0x80008c96 x19=0x00000000 PA:0x80008c8e
        5535000	       552	80001260	00008b97	auipc	x23,0x8	 x23=0x8000925c
        5545000	       553	80001264	ce4b8b93	addi	x23,x23,-796	 x23:0x8000925c x23=0x80008f40
        5555000	       554	80001268	e727cf03	lbu	x30,-398(x15)	 x15:0x80008afe x30=0x00000000 PA:0x80008970
        5565000	       555	8000126c	0a7e1123	sh	x7,162(x28)	 x28:0x80008e10  x7:0x80009fc4 PA:0x80008eb2
        5575000	       556	80001270	07478f83	lb	x31,116(x15)	 x15:0x80008afe x31=0x00000000 PA:0x80008b72
        5585000	       557	80001274	ef080e83	lb	x29,-272(x16)	 x16:0x8000895a x29=0x00000000 PA:0x8000884a
        5595000	       558	80001278	f3fe4f03	lbu	x30,-193(x28)	 x28:0x80008e10 x30=0x00000000 PA:0x80008d4f
        5605000	       559	8000127c	1a180123	sb	x1,418(x16)	 x16:0x8000895a  x1:0x00000000 PA:0x80008afc
        5615000	       560	80001280	62e84983	lbu	x19,1582(x16)	 x16:0x8000895a x19=0x00000000 PA:0x80008f88
        5625000	       561	80001284	ffeb9f23	sh	x30,-2(x23)	 x23:0x80008f40 x30:0x00000000 PA:0x80008f3e
        5635000	       562	80001288	077e4503	lbu	x10,119(x28)	 x28:0x80008e10 x10=0x00000000 PA:0x80008e87
        5645000	       563	8000128c	599803a3	sb	x25,1415(x16)	 x16:0x8000895a x25:0x00000000 PA:0x80008ee1
        5655000	       564	80001290	01ab85a3	sb	x26,11(x23)	 x23:0x80008f40 x26:0x3c2395b0 PA:0x80008f4b
        5665000	       565	80001294	ff7a0103	lb	x2,-9(x20)	 x20:0x80008c96  x2=0x00000000 PA:0x80008c8d
        5675000	       566	80001298	078e2c03	lw	x24,120(x28)	 x28:0x80008e10 x24=0x00000000 PA:0x80008e88
        5685000	       567	8000129c	003b8d83	lb	x27,3(x23)	 x23:0x80008f40 x27=0x00000000 PA:0x80008f43
        5695000	       568	800012a0	ff7a0203	lb	x4,-9(x20)	 x20:0x80008c96  x4=0x00000000 PA:0x80008c8d
        5705000	       569	800012a4	e267cc03	lbu	x24,-474(x15)	 x15:0x80008afe x24=0x00000000 PA:0x80008924
        5715000	       570	800012a8	ff0a0da3	sb	x16,-5(x20)	 x20:0x80008c96 x16:0x8000895a PA:0x80008c91
        5725000	       571	800012ac	38682c83	lw	x25,902(x16)	 x16:0x8000895a x25=0x00000000 PA:0x80008ce0
        5735000	       572	800012b0	ff5b8a83	lb	x21,-11(x23)	 x23:0x80008f40 x21=0x00000000 PA:0x80008f35
        5745000	       573	800012b4	4c579723	sh	x5,1230(x15)	 x15:0x80008afe  x5:0x00000000 PA:0x80008fcc
        5755000	       574	800012b8	35584583	lbu	x11,853(x16)	 x16:0x8000895a x11=0x00000000 PA:0x80008caf
        5765000	       575	800012bc	07ce4903	lbu	x18,124(x28)	 x28:0x80008e10 x18=0x00000000 PA:0x80008e8c
        5775000	       576	800012c0	fd7e0823	sb	x23,-48(x28)	 x28:0x80008e10 x23:0x80008f40 PA:0x80008de0
        5785000	       577	800012c4	ff1b8ea3	sb	x17,-3(x23)	 x23:0x80008f40 x17:0x00000000 PA:0x80008f3d
        5795000	       578	800012c8	08d78ca3	sb	x13,153(x15)	 x15:0x80008afe x13:0x80009f78 PA:0x80008b97
        5805000	       579	800012cc	41f84d83	lbu	x27,1055(x16)	 x16:0x8000895a x27=0x00000000 PA:0x80008d79
        5815000	       580	800012d0	003b8603	lb	x12,3(x23)	 x23:0x80008f40 x12=0x00000000 PA:0x80008f43
        5825000	       581	800012d4	ffea1903	lh	x18,-2(x20)	 x20:0x80008c96 x18=0x00000000 PA:0x80008c94
        5835000	       582	800012d8	27778623	sb	x23,620(x15)	 x15:0x80008afe x23:0x80008f40 PA:0x80008d6a
        5845000	       583	800012dc	06ee07a3	sb	x14,111(x28)	 x28:0x80008e10 x14:0x00000000 PA:0x80008e7f
        5855000	       584	800012e0	f4c85083	lhu	x1,-180(x16)	 x16:0x8000895a  x1=0x00000000 PA:0x800088a6
        5865000	       585	800012e4	011a1823	sh	x17,16(x20)	 x20:0x80008c96 x17:0x00000000 PA:0x80008ca6
        5875000	       586	800012e8	4b682903	lw	x18,1206(x16)	 x16:0x8000895a x18=0x00000000 PA:0x80008e10
        5885000	       587	800012ec	00fa4903	lbu	x18,15(x20)	 x20:0x80008c96 x18=0x00000000 PA:0x80008ca5
        5895000	       588	800012f0	f89e4183	lbu	x3,-119(x28)	 x28:0x80008e10  x3=0x00000000 PA:0x80008d99
        5905000	       589	800012f4	ff7a0983	lb	x19,-9(x20)	 x20:0x80008c96 x19=0x00000000 PA:0x80008c8d
        5915000	       590	800012f8	083e4d83	lbu	x27,131(x28)	 x28:0x80008e10 x27=0x00000000 PA:0x80008e93
        5925000	       591	800012fc	00ba4883	lbu	x17,11(x20)	 x20:0x80008c96 x17=0x00000000 PA:0x80008ca1
        5935000	       592	80001300	00008117	auipc	x2,0x8	  x2=0x800092fc
        5945000	       593	80001304	82b10113	addi	x2,x2,-2005	  x2:0x800092fc  x2=0x80008b27
        5955000	       594	80001308	01a78fb3	add	x31,x15,x26	 x15:0x80008afe x26:0x3c2395b0 x31=0xbc2420ae
        5965000	       595	8000130c	41dc88b3	sub	x17,x25,x29	 x25:0x00000000 x29:0x00000000 x17=0x00000000
        5975000	       596	80001310	13410c23	sb	x20,312(x2)	  x2:0x80008b27 x20:0x80008c96 PA:0x80008c5f
        5985000	       597	80001314	40b15783	lhu	x15,1035(x2)	  x2:0x80008b27 x15=0x00000000 PA:0x80008f32
        5995000	       598	80001318	30d10203	lb	x4,781(x2)	  x2:0x80008b27  x4=0x00000000 PA:0x80008e34
        6005000	       599	8000131c	e9c14d83	lbu	x27,-356(x2)	  x2:0x80008b27 x27=0x00000000 PA:0x800089c3
        6015000	       600	80001320	764e70b7	lui	x1,0x764e7	  x1=0x764e7000
        6025000	       601	80001324	30610b03	lb	x22,774(x2)	  x2:0x80008b27 x22=0x00000000 PA:0x80008e2d
        6035000	       602	80001328	3a3a4813	xori	x16,x20,931	 x20:0x80008c96 x16=0x80008f35
        6045000	       603	8000132c	d1e10b03	lb	x22,-738(x2)	  x2:0x80008b27 x22=0x00000000 PA:0x80008845
        6055000	       604	80001330	e2210883	lb	x17,-478(x2)	  x2:0x80008b27 x17=0x00000000 PA:0x80008949
        6065000	       605	80001334	4d581ab7	lui	x21,0x4d581	 x21=0x4d581000
        6075000	       606	80001338	14b116a3	sh	x11,333(x2)	  x2:0x80008b27 x11:0x00000000 PA:0x80008c74
        6085000	       607	8000133c	323104a3	sb	x3,809(x2)	  x2:0x80008b27  x3:0x00000000 PA:0x80008e50
        6095000	       608	80001340	010670b3	and	x1,x12,x16	 x12:0x00000000 x16:0x80008f35  x1=0x00000000
        6105000	       609	80001344	01c0eab3	or	x21,x1,x28	  x1:0x00000000 x28:0x80008e10 x21=0x80008e10
        6115000	       610	80001348	d1510c23	sb	x21,-744(x2)	  x2:0x80008b27 x21:0x80008e10 PA:0x8000883f
        6125000	       611	8000134c	f38116a3	sh	x24,-211(x2)	  x2:0x80008b27 x24:0x00000000 PA:0x80008a54
        6135000	       612	80001350	cbfb1f97	auipc	x31,0xcbfb1	 x31=0x4bfb234c
        6145000	       613	80001354	00000013	addi	x0,x0,0	  x0:0x00000000
        6155000	       614	80001358	4b315c03	lhu	x24,1203(x2)	  x2:0x80008b27 x24=0x00000000 PA:0x80008fda
        6165000	       615	8000135c	22814903	lbu	x18,552(x2)	  x2:0x80008b27 x18=0x00000000 PA:0x80008d4f
        6175000	       616	80001360	ee9b8197	auipc	x3,0xee9b8	  x3=0x6e9b935c
        6185000	       617	80001364	e5e10a83	lb	x21,-418(x2)	  x2:0x80008b27 x21=0x00000000 PA:0x80008985
        6195000	       618	80001368	00007897	auipc	x17,0x7	 x17=0x80008364
        6205000	       619	8000136c	55788893	addi	x17,x17,1367	 x17:0x80008364 x17=0x800088bb
        6215000	       620	80001370	00008e17	auipc	x28,0x8	 x28=0x8000936c
        6225000	       621	80001374	8dae0e13	addi	x28,x28,-1830	 x28:0x8000936c x28=0x80008c46
        6235000	       622	80001378	ff188803	lb	x16,-15(x17)	 x17:0x800088bb x16=0x00000000 PA:0x800088ac
        6245000	       623	8000137c	00008217	auipc	x4,0x8	  x4=0x80009378
        6255000	       624	80001380	9be20213	addi	x4,x4,-1602	  x4:0x80009378  x4=0x80008d36
        6265000	       625	80001384	00007097	auipc	x1,0x7	  x1=0x80008380
        6275000	       626	80001388	52208093	addi	x1,x1,1314	  x1:0x80008380  x1=0x800088a2
        6285000	       627	8000138c	00007a17	auipc	x20,0x7	 x20=0x80008388
        6295000	       628	80001390	535a0a13	addi	x20,x20,1333	 x20:0x80008388 x20=0x800088bd
        6305000	       629	80001394	00888a83	lb	x21,8(x17)	 x17:0x800088bb x21=0x00000000 PA:0x800088c3
        6315000	       630	80001398	004a0b03	lb	x22,4(x20)	 x20:0x800088bd x22=0x00000000 PA:0x800088c1
        6325000	       631	8000139c	fd40a123	sw	x20,-62(x1)	  x1:0x800088a2 x20:0x800088bd PA:0x80008864
        6335000	       632	800013a0	003a1603	lh	x12,3(x20)	 x20:0x800088bd x12=0x00000000 PA:0x800088c0
        6345000	       633	800013a4	00e20e83	lb	x29,14(x4)	  x4:0x80008d36 x29=0x00000000 PA:0x80008d44
        6355000	       634	800013a8	3e80c903	lbu	x18,1000(x1)	  x1:0x800088a2 x18=0x00000000 PA:0x80008c8a
        6365000	       635	800013ac	00520983	lb	x19,5(x4)	  x4:0x80008d36 x19=0x00000000 PA:0x80008d3b
        6375000	       636	800013b0	00b20403	lb	x8,11(x4)	  x4:0x80008d36  x8=0x00000000 PA:0x80008d41
        6385000	       637	800013b4	01020b83	lb	x23,16(x4)	  x4:0x80008d36 x23=0x00000000 PA:0x80008d46
        6395000	       638	800013b8	01e20623	sb	x30,12(x4)	  x4:0x80008d36 x30:0x00000000 PA:0x80008d42
        6405000	       639	800013bc	007e0483	lb	x9,7(x28)	 x28:0x80008c46  x9=0x00000000 PA:0x80008c4d
        6415000	       640	800013c0	ff288003	lb	x0,-14(x17)	 x17:0x800088bb PA:0x800088ad
        6425000	       641	800013c4	53908da3	sb	x25,1339(x1)	  x1:0x800088a2 x25:0x00000000 PA:0x80008ddd
        6435000	       642	800013c8	ffa89da3	sh	x26,-5(x17)	 x17:0x800088bb x26:0x3c2395b0 PA:0x800088b6
        6445000	       643	800013cc	00a20223	sb	x10,4(x4)	  x4:0x80008d36 x10:0x00000000 PA:0x80008d3a
        6455000	       644	800013d0	010897a3	sh	x16,15(x17)	 x17:0x800088bb x16:0x00000000 PA:0x800088ca
        6465000	       645	800013d4	008a0783	lb	x15,8(x20)	 x20:0x800088bd x15=0x00000000 PA:0x800088c5
        6475000	       646	800013d8	005e0583	lb	x11,5(x28)	 x28:0x80008c46 x11=0x00000000 PA:0x80008c4b
        6485000	       647	800013dc	001e0003	lb	x0,1(x28)	 x28:0x80008c46 PA:0x80008c47
        6495000	       648	800013e0	ffda2fa3	sw	x29,-1(x20)	 x20:0x800088bd x29:0x00000000 PA:0x800088bc
        6505000	       649	800013e4	00324003	lbu	x0,3(x4)	  x4:0x80008d36 PA:0x80008d39
        6515000	       650	800013e8	00288403	lb	x8,2(x17)	 x17:0x800088bb  x8=0x00000000 PA:0x800088bd
        6525000	       651	800013ec	007e4b83	lbu	x23,7(x28)	 x28:0x80008c46 x23=0x00000000 PA:0x80008c4d
        6535000	       652	800013f0	40908fa3	sb	x9,1055(x1)	  x1:0x800088a2  x9:0x00000000 PA:0x80008cc1
        6545000	       653	800013f4	0038d183	lhu	x3,3(x17)	 x17:0x800088bb  x3=0x00000000 PA:0x800088be
        6555000	       654	800013f8	005a5783	lhu	x15,5(x20)	 x20:0x800088bd x15=0x00000000 PA:0x800088c2
        6565000	       655	800013fc	00ae5e83	lhu	x29,10(x28)	 x28:0x80008c46 x29=0x00000000 PA:0x80008c50
        6575000	       656	80001400	01088c03	lb	x24,16(x17)	 x17:0x800088bb x24=0x00000000 PA:0x800088cb
        6585000	       657	80001404	011e1723	sh	x17,14(x28)	 x28:0x80008c46 x17:0x800088bb PA:0x80008c54
        6595000	       658	80001408	00c88783	lb	x15,12(x17)	 x17:0x800088bb x15=0x00000000 PA:0x800088c7
        6605000	       659	8000140c	ff224403	lbu	x8,-14(x4)	  x4:0x80008d36  x8=0x00000000 PA:0x80008d28
        6615000	       660	80001410	5060c003	lbu	x0,1286(x1)	  x1:0x800088a2 PA:0x80008da8
        6625000	       661	80001414	00320a83	lb	x21,3(x4)	  x4:0x80008d36 x21=0x00000000 PA:0x80008d39
        6635000	       662	80001418	fe3a0aa3	sb	x3,-11(x20)	 x20:0x800088bd  x3:0x00000000 PA:0x800088b2
        6645000	       663	8000141c	6180d503	lhu	x10,1560(x1)	  x1:0x800088a2 x10=0x00000000 PA:0x80008eba
        6655000	       664	80001420	007e4303	lbu	x6,7(x28)	 x28:0x80008c46  x6=0x00000000 PA:0x80008c4d
        6665000	       665	80001424	ff820da3	sb	x24,-5(x4)	  x4:0x80008d36 x24:0x00000000 PA:0x80008d31
        6675000	       666	80001428	00007e97	auipc	x29,0x7	 x29=0x80008424
        6685000	       667	8000142c	179e8e93	addi	x29,x29,377	 x29:0x80008424 x29=0x8000859d
        6695000	       668	80001430	ff6ec003	lbu	x0,-10(x29)	 x29:0x8000859d PA:0x80008593
        6705000	       669	80001434	00007617	auipc	x12,0x7	 x12=0x80008430
        6715000	       670	80001438	f8660613	addi	x12,x12,-122	 x12:0x80008430 x12=0x800083b6
        6725000	       671	8000143c	00007f17	auipc	x30,0x7	 x30=0x80008438
        6735000	       672	80001440	ca0f0f13	addi	x30,x30,-864	 x30:0x80008438 x30=0x800080d8
        6745000	       673	80001444	f9af1103	lh	x2,-102(x30)	 x30:0x800080d8  x2=0x00000000 PA:0x80008072
        6755000	       674	80001448	005ec703	lbu	x14,5(x29)	 x29:0x8000859d x14=0x00000000 PA:0x800085a2
        6765000	       675	8000144c	019f0883	lb	x17,25(x30)	 x30:0x800080d8 x17=0x00000000 PA:0x800080f1
        6775000	       676	80001450	ff5ec203	lbu	x4,-11(x29)	 x29:0x8000859d  x4=0x00000000 PA:0x80008592
        6785000	       677	80001454	009e8023	sb	x9,0(x29)	 x29:0x8000859d  x9:0x00000000 PA:0x8000859d
        6795000	       678	80001458	fca609a3	sb	x10,-45(x12)	 x12:0x800083b6 x10:0x00000000 PA:0x80008389
        6805000	       679	8000145c	fa6f0923	sb	x6,-78(x30)	 x30:0x800080d8  x6:0x00000000 PA:0x8000808a
        6815000	       680	80001460	febeaba3	sw	x11,-9(x29)	 x29:0x8000859d x11:0x00000000 PA:0x80008594
        6825000	       681	80001464	fdd601a3	sb	x29,-61(x12)	 x12:0x800083b6 x29:0x8000859d PA:0x80008379
        6835000	       682	80001468	03262403	lw	x8,50(x12)	 x12:0x800083b6  x8=0x00000000 PA:0x800083e8
        6845000	       683	8000146c	064f4883	lbu	x17,100(x30)	 x30:0x800080d8 x17=0x00000000 PA:0x8000813c
        6855000	       684	80001470	007e82a3	sb	x7,5(x29)	 x29:0x8000859d  x7:0x80009fc4 PA:0x800085a2
        6865000	       685	80001474	088f2403	lw	x8,136(x30)	 x30:0x800080d8  x8=0x00000000 PA:0x80008160
        6875000	       686	80001478	fec61c83	lh	x25,-20(x12)	 x12:0x800083b6 x25=0x00000000 PA:0x800083a2
        6885000	       687	8000147c	01861a23	sh	x24,20(x12)	 x12:0x800083b6 x24:0x00000000 PA:0x800083ca
        6895000	       688	80001480	02e61283	lh	x5,46(x12)	 x12:0x800083b6  x5=0x00000000 PA:0x800083e4
        6905000	       689	80001484	081f4e03	lbu	x28,129(x30)	 x30:0x800080d8 x28=0x00000000 PA:0x80008159
        6915000	       690	80001488	00fe80a3	sb	x15,1(x29)	 x29:0x8000859d x15:0x00000000 PA:0x8000859e
        6925000	       691	8000148c	00007e17	auipc	x28,0x7	 x28=0x80008488
        6935000	       692	80001490	c9de0e13	addi	x28,x28,-867	 x28:0x80008488 x28=0x80008125
        6945000	       693	80001494	03ce0f23	sb	x28,62(x28)	 x28:0x80008125 x28:0x80008125 PA:0x80008163
        6955000	       694	80001498	fd5e0623	sb	x21,-52(x28)	 x28:0x80008125 x21:0x00000000 PA:0x800080f1
        6965000	       695	8000149c	ff0e0e83	lb	x29,-16(x28)	 x28:0x80008125 x29=0x00000000 PA:0x80008115
        6975000	       696	800014a0	ff0e0e83	lb	x29,-16(x28)	 x28:0x80008125 x29=0x00000000 PA:0x80008115
        6985000	       697	00000000	00000013	addi	x0,x0,0	  x0:0x00000000
        6995000	       698	800014a4	ffde0823	sb	x29,-16(x28)	 x28:0x80008125 x29:0x00000000 PA:0x80008115
        7005000	       699	800014a8	31ecaa13	slti	x20,x25,798	 x25:0x00000000 x20=0x00000001
        7015000	       700	800014ac	03ee0203	lb	x4,62(x28)	 x28:0x80008125  x4=0x00000025 PA:0x80008163
        7025000	       701	800014b0	ff9e5b03	lhu	x22,-7(x28)	 x28:0x80008125 x22=0x00000000 PA:0x8000811e
        7035000	       702	800014b4	ff9e5783	lhu	x15,-7(x28)	 x28:0x80008125 x15=0x00000000 PA:0x8000811e
        7045000	       703	800014b8	00ae4e83	lbu	x29,10(x28)	 x28:0x80008125 x29=0x00000000 PA:0x8000812f
        7055000	       704	800014bc	ff6e0c03	lb	x24,-10(x28)	 x28:0x80008125 x24=0x00000000 PA:0x8000811b
        7065000	       705	800014c0	ffce0b23	sb	x28,-10(x28)	 x28:0x80008125 x28:0x80008125 PA:0x8000811b
        7075000	       706	800014c4	004e0883	lb	x17,4(x28)	 x28:0x80008125 x17=0x00000000 PA:0x80008129
        7085000	       707	800014c8	015e0223	sb	x21,4(x28)	 x28:0x80008125 x21:0x00000000 PA:0x80008129
        7095000	       708	800014cc	00ce0223	sb	x12,4(x28)	 x28:0x80008125 x12:0x800083b6 PA:0x80008129
        7105000	       709	800014d0	004e0183	lb	x3,4(x28)	 x28:0x80008125  x3=0xffffffb6 PA:0x80008129
        7115000	       710	00000000	00000013	addi	x0,x0,0	  x0:0x00000000
        7125000	       711	800014d4	00321893	slli	x17,x4,0x3	  x4:0x00000025 x17=0x00000128
        7135000	       712	800014d8	400b5b13	srai	x22,x22,0x0	 x22:0x00000000 x22=0x00000000
        7145000	       713	800014dc	efa1c913	xori	x18,x3,-262	  x3:0xffffffb6 x18=0x0000014c
        7155000	       714	800014e0	fe5e0523	sb	x5,-22(x28)	 x28:0x80008125  x5:0x00000000 PA:0x8000810f
        7165000	       715	800014e4	fd1e0883	lb	x17,-47(x28)	 x28:0x80008125 x17=0x00000000 PA:0x800080f6
        7175000	       716	800014e8	fc4e0983	lb	x19,-60(x28)	 x28:0x80008125 x19=0x00000000 PA:0x800080e9
        7185000	       717	800014ec	fc4e0b03	lb	x22,-60(x28)	 x28:0x80008125 x22=0x00000000 PA:0x800080e9
        7195000	       718	800014f0	fcce0403	lb	x8,-52(x28)	 x28:0x80008125  x8=0x00000000 PA:0x800080f1
        7205000	       719	800014f4	00007897	auipc	x17,0x7	 x17=0x800084f0
        7215000	       720	800014f8	dd588893	addi	x17,x17,-555	 x17:0x800084f0 x17=0x800082c5
        7225000	       721	800014fc	00c8c703	lbu	x14,12(x17)	 x17:0x800082c5 x14=0x00000000 PA:0x800082d1
        7235000	       722	80001500	00c88283	lb	x5,12(x17)	 x17:0x800082c5  x5=0x00000000 PA:0x800082d1
        7245000	       723	80001504	01fc9193	slli	x3,x25,0x1f	 x25:0x00000000  x3=0x00000000
        7255000	       724	80001508	fec8a9a3	sw	x12,-13(x17)	 x17:0x800082c5 x12:0x800083b6 PA:0x800082b8
        7265000	       725	8000150c	00388003	lb	x0,3(x17)	 x17:0x800082c5 PA:0x800082c8
        7275000	       726	80001510	ff98db03	lhu	x22,-7(x17)	 x17:0x800082c5 x22=0x00000000 PA:0x800082be
        7285000	       727	80001514	97e06b93	ori	x23,x0,-1666	  x0:0x00000000 x23=0xfffff97e
        7295000	       728	80001518	0108ca03	lbu	x20,16(x17)	 x17:0x800082c5 x20=0x00000000 PA:0x800082d5
        7305000	       729	8000151c	0108cc03	lbu	x24,16(x17)	 x17:0x800082c5 x24=0x00000000 PA:0x800082d5
        7315000	       730	80001520	00388823	sb	x3,16(x17)	 x17:0x800082c5  x3:0x00000000 PA:0x800082d5
        7325000	       731	80001524	ff488103	lb	x2,-12(x17)	 x17:0x800082c5  x2=0xffffff83 PA:0x800082b9
        7335000	       732	80001528	ff888b83	lb	x23,-8(x17)	 x17:0x800082c5 x23=0x00000000 PA:0x800082bd
        7345000	       733	8000152c	ffe8c503	lbu	x10,-2(x17)	 x17:0x800082c5 x10=0x00000000 PA:0x800082c3
        7355000	       734	80001530	ffe8cc83	lbu	x25,-2(x17)	 x17:0x800082c5 x25=0x00000000 PA:0x800082c3
        7365000	       735	80001534	ffe8c483	lbu	x9,-2(x17)	 x17:0x800082c5  x9=0x00000000 PA:0x800082c3
        7375000	       736	80001538	018bca33	xor	x20,x23,x24	 x23:0x00000000 x24:0x00000000 x20=0x00000000
        7385000	       737	8000153c	ff988f23	sb	x25,-2(x17)	 x17:0x800082c5 x25:0x00000000 PA:0x800082c3
        7395000	       738	80001540	ff28cd83	lbu	x27,-14(x17)	 x17:0x800082c5 x27=0x00000000 PA:0x800082b7
        7405000	       739	80001544	00f89703	lh	x14,15(x17)	 x17:0x800082c5 x14=0x00000000 PA:0x800082d4
        7415000	       740	80001548	0168a733	slt	x14,x17,x22	 x17:0x800082c5 x22:0x00000000 x14=0x00000001
        7425000	       741	8000154c	31e03593	sltiu	x11,x0,798	  x0:0x00000000 x11=0x00000001
        7435000	       742	80001550	a4ffa193	slti	x3,x31,-1457	 x31:0x4bfb234c  x3=0x00000000
        7445000	       743	80001554	00d8a7a3	sw	x13,15(x17)	 x17:0x800082c5 x13:0x80009f78 PA:0x800082d4
        7455000	       744	80001558	0004c633	xor	x12,x9,x0	  x9:0x00000000  x0:0x00000000 x12=0x00000000
        7465000	       745	8000155c	00c887a3	sb	x12,15(x17)	 x17:0x800082c5 x12:0x00000000 PA:0x800082d4
        7475000	       746	80001560	00d89c83	lh	x25,13(x17)	 x17:0x800082c5 x25=0x00000000 PA:0x800082d2
        7485000	       747	80001564	e5893493	sltiu	x9,x18,-424	 x18:0x0000014c  x9=0x00000001
        7495000	       748	80001568	40448133	sub	x2,x9,x4	  x9:0x00000001  x4:0x00000025  x2=0xffffffdc
        7505000	       749	8000156c	009d3f33	sltu	x30,x26,x9	 x26:0x3c2395b0  x9:0x00000001 x30=0x00000000
        7515000	       750	80001570	02685663	bge	x16,x6,8000159c	 x16:0x00000000  x6:0x00000000
        7525000	       751	00000000	00000013	addi	x0,x0,0	  x0:0x00000000
        7535000	       752	80001598	00000013	addi	x0,x0,0	  x0:0x00000000
        7545000	       753	8000159c	41ff0e33	sub	x28,x30,x31	 x30:0x00000000 x31:0x4bfb234c x28=0xb404dcb4
        7555000	       754	800015a0	01eff5b3	and	x11,x31,x30	 x31:0x4bfb234c x30:0x00000000 x11=0x00000000
        7565000	       755	800015a4	4187d2b3	sra	x5,x15,x24	 x15:0x00000000 x24:0x00000000  x5=0x00000000
        7575000	       756	800015a8	00b31413	slli	x8,x6,0xb	  x6:0x00000000  x8=0x00000000
        7585000	       757	800015ac	01d4f5b3	and	x11,x9,x29	  x9:0x00000001 x29:0x00000000 x11=0x00000000
        7595000	       758	800015b0	00e88733	add	x14,x17,x14	 x17:0x800082c5 x14:0x00000001 x14=0x800082c6
        7605000	       759	800015b4	01156863	bltu	x10,x17,800015c4	 x10:0x00000000 x17:0x800082c5
        7615000	       760	00000000	00000013	addi	x0,x0,0	  x0:0x00000000
        7625000	       761	800015c0	00000013	addi	x0,x0,0	  x0:0x00000000
        7635000	       762	800015c4	83683b17	auipc	x22,0x83683	 x22=0x036845c0
        7645000	       763	800015c8	40870f33	sub	x30,x14,x8	 x14:0x800082c6  x8:0x00000000 x30=0x800082c6
        7655000	       764	800015cc	c3f57813	andi	x16,x10,-961	 x10:0x00000000 x16=0x00000000
        7665000	       765	800015d0	01966233	or	x4,x12,x25	 x12:0x00000000 x25:0x00000000  x4=0x00000000
        7675000	       766	800015d4	009b1a63	bne	x22,x9,800015e8	 x22:0x036845c0  x9:0x00000001
        7685000	       767	00000000	00000013	addi	x0,x0,0	  x0:0x00000000
        7695000	       768	800015e4	00000013	addi	x0,x0,0	  x0:0x00000000
        7705000	       769	800015e8	01769713	slli	x14,x13,0x17	 x13:0x80009f78 x14=0xbc000000
        7715000	       770	800015ec	54f52293	slti	x5,x10,1359	 x10:0x00000000  x5=0x00000001
        7725000	       771	800015f0	000ace33	xor	x28,x21,x0	 x21:0x00000000  x0:0x00000000 x28=0x00000000
        7735000	       772	800015f4	b24a2213	slti	x4,x20,-1244	 x20:0x00000000  x4=0x00000000
        7745000	       773	800015f8	002e4033	xor	x0,x28,x2	 x28:0x00000000  x2:0xffffffdc
        7755000	       774	800015fc	6b651897	auipc	x17,0x6b651	 x17=0xeb6525f8
        7765000	       775	80001600	033d9e63	bne	x27,x19,8000163c	 x27:0x00000000 x19:0x00000000
        7775000	       776	80001604	edb11e17	auipc	x28,0xedb11	 x28=0x6db12600
        7785000	       777	80001608	0153c9b3	xor	x19,x7,x21	  x7:0x80009fc4 x21:0x00000000 x19=0x80009fc4
        7795000	       778	8000160c	40785413	srai	x8,x16,0x7	 x16:0x00000000  x8=0x00000000
        7805000	       779	80001610	01975033	srl	x0,x14,x25	 x14:0xbc000000 x25:0x00000000
        7815000	       780	80001614	01796433	or	x8,x18,x23	 x18:0x0000014c x23:0x00000000  x8=0x0000014c
        7825000	       781	80001618	00bc1933	sll	x18,x24,x11	 x24:0x00000000 x11:0x00000000 x18=0x00000000
        7835000	       782	8000161c	01d19333	sll	x6,x3,x29	  x3:0x00000000 x29:0x00000000  x6=0x00000000
        7845000	       783	80001620	ddf76997	auipc	x19,0xddf76	 x19=0x5df7761c
        7855000	       784	80001624	00941093	slli	x1,x8,0x9	  x8:0x0000014c  x1=0x00029800
        7865000	       785	80001628	08073f13	sltiu	x30,x14,128	 x14:0xbc000000 x30=0x00000000
        7875000	       786	8000162c	40a8ddb3	sra	x27,x17,x10	 x17:0xeb6525f8 x10:0x00000000 x27=0xeb6525f8
        7885000	       787	80001630	40da5f13	srai	x30,x20,0xd	 x20:0x00000000 x30=0x00000000
        7895000	       788	80001634	017c04b3	add	x9,x24,x23	 x24:0x00000000 x23:0x00000000  x9=0x00000000
        7905000	       789	80001638	008c18b3	sll	x17,x24,x8	 x24:0x00000000  x8:0x0000014c x17=0x00000000
        7915000	       790	8000163c	0099ba33	sltu	x20,x19,x9	 x19:0x5df7761c  x9:0x00000000 x20=0x00000000
        7925000	       791	80001640	01f51533	sll	x10,x10,x31	 x10:0x00000000 x31:0x4bfb234c x10=0x00000000
        7935000	       792	80001644	01e4e533	or	x10,x9,x30	  x9:0x00000000 x30:0x00000000 x10=0x00000000
        7945000	       793	80001648	84d8cb13	xori	x22,x17,-1971	 x17:0x00000000 x22=0xfffff84d
        7955000	       794	8000164c	128bb593	sltiu	x11,x23,296	 x23:0x00000000 x11=0x00000001
        7965000	       795	80001650	03bb0863	beq	x22,x27,80001680	 x22:0xfffff84d x27:0xeb6525f8
        7975000	       796	80001654	49d6b213	sltiu	x4,x13,1181	 x13:0x80009f78  x4=0x00000000
        7985000	       797	80001658	011c5d93	srli	x27,x24,0x11	 x24:0x00000000 x27=0x00000000
        7995000	       798	8000165c	a2a6b913	sltiu	x18,x13,-1494	 x13:0x80009f78 x18=0x00000001
        8005000	       799	80001660	406801b3	sub	x3,x16,x6	 x16:0x00000000  x6:0x00000000  x3=0x00000000
        8015000	       800	80001664	41f559b3	sra	x19,x10,x31	 x10:0x00000000 x31:0x4bfb234c x19=0x00000000
        8025000	       801	80001668	01227fb3	and	x31,x4,x18	  x4:0x00000000 x18:0x00000001 x31=0x00000000
        8035000	       802	8000166c	0167a433	slt	x8,x15,x22	 x15:0x00000000 x22:0xfffff84d  x8=0x00000000
        8045000	       803	80001670	410a0b33	sub	x22,x20,x16	 x20:0x00000000 x16:0x00000000 x22=0x00000000
        8055000	       804	80001674	00000013	addi	x0,x0,0	  x0:0x00000000
        8065000	       805	80001678	01414db3	xor	x27,x2,x20	  x2:0xffffffdc x20:0x00000000 x27=0xffffffdc
        8075000	       806	8000167c	416dd413	srai	x8,x27,0x16	 x27:0xffffffdc  x8=0xffffffff
        8085000	       807	80001680	a16b1897	auipc	x17,0xa16b1	 x17=0x216b267c
        8095000	       808	80001684	ed066e13	ori	x28,x12,-304	 x12:0x00000000 x28=0xfffffed0
        8105000	       809	80001688	051cf663	bgeu	x25,x17,800016d4	 x25:0x00000000 x17:0x216b267c
        8115000	       810	8000168c	4ab5fa13	andi	x20,x11,1195	 x11:0x00000001 x20=0x00000001
        8125000	       811	80001690	c0cc84b7	lui	x9,0xc0cc8	  x9=0xc0cc8000
        8135000	       812	80001694	02af6663	bltu	x30,x10,800016c0	 x30:0x00000000 x10:0x00000000
        8145000	       813	80001698	3c94d917	auipc	x18,0x3c94d	 x18=0xbc94e694
        8155000	       814	8000169c	000f5493	srli	x9,x30,0x0	 x30:0x00000000  x9=0x00000000
        8165000	       815	800016a0	00f9eeb3	or	x29,x19,x15	 x19:0x00000000 x15:0x00000000 x29=0x00000000
        8175000	       816	800016a4	0117c033	xor	x0,x15,x17	 x15:0x00000000 x17:0x216b267c
        8185000	       817	800016a8	01749db3	sll	x27,x9,x23	  x9:0x00000000 x23:0x00000000 x27=0x00000000
        8195000	       818	800016ac	03a58063	beq	x11,x26,800016cc	 x11:0x00000001 x26:0x3c2395b0
        8205000	       819	800016b0	01871e63	bne	x14,x24,800016cc	 x14:0xbc000000 x24:0x00000000
        8215000	       820	00000000	00000013	addi	x0,x0,0	  x0:0x00000000
        8225000	       821	800016c8	00000013	addi	x0,x0,0	  x0:0x00000000
        8235000	       822	800016cc	05d17263	bgeu	x2,x29,80001710	  x2:0xffffffdc x29:0x00000000
        8245000	       823	00000000	00000013	addi	x0,x0,0	  x0:0x00000000
        8255000	       824	8000170c	00000013	addi	x0,x0,0	  x0:0x00000000
        8265000	       825	80001710	0145dc13	srli	x24,x11,0x14	 x11:0x00000001 x24=0x00000000
        8275000	       826	80001714	00f0a4b3	slt	x9,x1,x15	  x1:0x00029800 x15:0x00000000  x9=0x00000000
        8285000	       827	80001718	5b310713	addi	x14,x2,1459	  x2:0xffffffdc x14=0x0000058f
        8295000	       828	8000171c	017cd633	srl	x12,x25,x23	 x25:0x00000000 x23:0x00000000 x12=0x00000000
        8305000	       829	80001720	ef852c93	slti	x25,x10,-264	 x10:0x00000000 x25=0x00000000
        8315000	       830	80001724	00d4e233	or	x4,x9,x13	  x9:0x00000000 x13:0x80009f78  x4=0x80009f78
        8325000	       831	80001728	03c59863	bne	x11,x28,80001758	 x11:0x00000001 x28:0xfffffed0
        8335000	       832	00000000	00000013	addi	x0,x0,0	  x0:0x00000000
        8345000	       833	80001754	00000013	addi	x0,x0,0	  x0:0x00000000
        8355000	       834	80001758	19b3f313	andi	x6,x7,411	  x7:0x80009fc4  x6=0x00000180
        8365000	       835	8000175c	01d1c463	blt	x3,x29,80001764	  x3:0x00000000 x29:0x00000000
        8375000	       836	80001760	059c9263	bne	x25,x25,800017a4	 x25:0x00000000 x25:0x00000000
        8385000	       837	80001764	00925863	bge	x4,x9,80001774	  x4:0x80009f78  x9:0x00000000
        8395000	       838	80001768	019fbc33	sltu	x24,x31,x25	 x31:0x00000000 x25:0x00000000 x24=0x00000000
        8405000	       839	8000176c	01061913	slli	x18,x12,0x10	 x12:0x00000000 x18=0x00000000
        8415000	       840	80001770	004e9eb3	sll	x29,x29,x4	 x29:0x00000000  x4:0x80009f78 x29=0x00000000
        8425000	       841	80001774	00000013	addi	x0,x0,0	  x0:0x00000000
        8435000	       842	80001778	35bf01b7	lui	x3,0x35bf0	  x3=0x35bf0000
        8445000	       843	8000177c	010dfa33	and	x20,x27,x16	 x27:0x00000000 x16:0x00000000 x20=0x00000000
        8455000	       844	80001780	003eb7b3	sltu	x15,x29,x3	 x29:0x00000000  x3:0x35bf0000 x15=0x00000001
        8465000	       845	80001784	817fe413	ori	x8,x31,-2025	 x31:0x00000000  x8=0xfffff817
        8475000	       846	80001788	f6db7913	andi	x18,x22,-147	 x22:0x00000000 x18=0x00000000
        8485000	       847	8000178c	412b5633	sra	x12,x22,x18	 x22:0x00000000 x18:0x00000000 x12=0x00000000
        8495000	       848	80001790	40e58533	sub	x10,x11,x14	 x11:0x00000001 x14:0x0000058f x10=0xfffffa72
        8505000	       849	80001794	40cdda33	sra	x20,x27,x12	 x27:0x00000000 x12:0x00000000 x20=0x00000000
        8515000	       850	80001798	00766333	or	x6,x12,x7	 x12:0x00000000  x7:0x80009fc4  x6=0x80009fc4
        8525000	       851	8000179c	41afd593	srai	x11,x31,0x1a	 x31:0x00000000 x11=0x00000000
        8535000	       852	800017a0	8d9a6893	ori	x17,x20,-1831	 x20:0x00000000 x17=0xfffff8d9
        8545000	       853	800017a4	015df663	bgeu	x27,x21,800017b0	 x27:0x00000000 x21:0x00000000
        8555000	       854	00000000	00000013	addi	x0,x0,0	  x0:0x00000000
        8565000	       855	800017ac	00000013	addi	x0,x0,0	  x0:0x00000000
        8575000	       856	800017b0	30566a13	ori	x20,x12,773	 x12:0x00000000 x20=0x00000305
        8585000	       857	800017b4	00975413	srli	x8,x14,0x9	 x14:0x0000058f  x8=0x00000002
        8595000	       858	800017b8	0084bdb3	sltu	x27,x9,x8	  x9:0x00000000  x8:0x00000002 x27=0x00000001
        8605000	       859	800017bc	628d6ab7	lui	x21,0x628d6	 x21=0x628d6000
        8615000	       860	800017c0	6d380c13	addi	x24,x16,1747	 x16:0x00000000 x24=0x000006d3
        8625000	       861	800017c4	01ae7263	bgeu	x28,x26,800017c8	 x28:0xfffffed0 x26:0x3c2395b0
        8635000	       862	00000000	00000013	addi	x0,x0,0	  x0:0x00000000
        8645000	       863	800017c4	00000013	addi	x0,x0,0	  x0:0x00000000
        8655000	       864	800017c8	016c0e33	add	x28,x24,x22	 x24:0x000006d3 x22:0x00000000 x28=0x000006d3
        8665000	       865	800017cc	b0faf113	andi	x2,x21,-1265	 x21:0x628d6000  x2=0x628d6000
        8675000	       866	800017d0	00f93ab3	sltu	x21,x18,x15	 x18:0x00000000 x15:0x00000001 x21=0x00000001
        8685000	       867	800017d4	8d532f93	slti	x31,x6,-1835	  x6:0x80009fc4 x31=0x00000001
        8695000	       868	800017d8	00007117	auipc	x2,0x7	  x2=0x800087d4
        8705000	       869	800017dc	0c510113	addi	x2,x2,197	  x2:0x800087d4  x2=0x80008899
        8715000	       870	800017e0	007624b3	slt	x9,x12,x7	 x12:0x00000000  x7:0x80009fc4  x9=0x00000000
        8725000	       871	800017e4	3b610603	lb	x12,950(x2)	  x2:0x80008899 x12=0x00000000 PA:0x80008c4f
        8735000	       872	800017e8	718ff193	andi	x3,x31,1816	 x31:0x00000001  x3=0x00000000
        8745000	       873	800017ec	6b010e23	sb	x16,1724(x2)	  x2:0x80008899 x16:0x00000000 PA:0x80008f55
        8755000	       874	800017f0	769ae297	auipc	x5,0x769ae	  x5=0xf69af7ec
        8765000	       875	800017f4	6ba10e23	sb	x26,1724(x2)	  x2:0x80008899 x26:0x3c2395b0 PA:0x80008f55
        8775000	       876	800017f8	24b127a3	sw	x11,591(x2)	  x2:0x80008899 x11:0x00000000 PA:0x80008ae8
        8785000	       877	800017fc	467114a3	sh	x7,1129(x2)	  x2:0x80008899  x7:0x80009fc4 PA:0x80008d02
        8795000	       878	80001800	56c14c83	lbu	x25,1388(x2)	  x2:0x80008899 x25=0x00000000 PA:0x80008e05
        8805000	       879	80001804	01aeec13	ori	x24,x29,26	 x29:0x00000000 x24=0x0000001a
        8815000	       880	80001808	41695b33	sra	x22,x18,x22	 x18:0x00000000 x22:0x00000000 x22=0x00000000
        8825000	       881	8000180c	57910623	sb	x25,1388(x2)	  x2:0x80008899 x25:0x00000000 PA:0x80008e05
        8835000	       882	80001810	06410ba3	sb	x4,119(x2)	  x2:0x80008899  x4:0x80009f78 PA:0x80008910
        8845000	       883	80001814	3453bb13	sltiu	x22,x7,837	  x7:0x80009fc4 x22=0x00000000
        8855000	       884	80001818	72010883	lb	x17,1824(x2)	  x2:0x80008899 x17=0x00000000 PA:0x80008fb9
        8865000	       885	8000181c	6f810e23	sb	x24,1788(x2)	  x2:0x80008899 x24:0x0000001a PA:0x80008f95
        8875000	       886	80001820	a3658d93	addi	x27,x11,-1482	 x11:0x00000000 x27=0xfffffa36
        8885000	       887	80001824	6fc10303	lb	x6,1788(x2)	  x2:0x80008899  x6=0x0000001a PA:0x80008f95
        8895000	       888	80001828	27e11ea3	sh	x30,637(x2)	  x2:0x80008899 x30:0x00000000 PA:0x80008b16
        8905000	       889	8000182c	3ac10c83	lb	x25,940(x2)	  x2:0x80008899 x25=0x00000000 PA:0x80008c45
        8915000	       890	80001830	01df1eb3	sll	x29,x30,x29	 x30:0x00000000 x29:0x00000000 x29=0x00000000
        8925000	       891	80001834	02279463	bne	x15,x2,8000185c	 x15:0x00000001  x2:0x80008899
        8935000	       892	00000000	00000013	addi	x0,x0,0	  x0:0x00000000
        8945000	       893	80001858	00000013	addi	x0,x0,0	  x0:0x00000000
        8955000	       894	8000185c	4247c413	xori	x8,x15,1060	 x15:0x00000001  x8=0x00000425
        8965000	       895	80001860	40c4ddb3	sra	x27,x9,x12	  x9:0x00000000 x12:0x00000000 x27=0x00000000
        8975000	       896	80001864	472ee793	ori	x15,x29,1138	 x29:0x00000000 x15=0x00000472
        8985000	       897	80001868	00a198b3	sll	x17,x3,x10	  x3:0x00000000 x10:0xfffffa72 x17=0x00000000
        8995000	       898	8000186c	00445e33	srl	x28,x8,x4	  x8:0x00000425  x4:0x80009f78 x28=0x00000000
        9005000	       899	80001870	008a7eb3	and	x29,x20,x8	 x20:0x00000305  x8:0x00000425 x29=0x00000005
        9015000	       900	80001874	006fda93	srli	x21,x31,0x6	 x31:0x00000001 x21=0x00000000
        9025000	       901	80001878	6c345817	auipc	x16,0x6c345	 x16=0xec346874
        9035000	       902	8000187c	00809663	bne	x1,x8,80001888	  x1:0x00029800  x8:0x00000425
        9045000	       903	00000000	00000013	addi	x0,x0,0	  x0:0x00000000
        9055000	       904	80001884	00000013	addi	x0,x0,0	  x0:0x00000000
        9065000	       905	80001888	2e594493	xori	x9,x18,741	 x18:0x00000000  x9=0x000002e5
        9075000	       906	8000188c	a93d6c93	ori	x25,x26,-1389	 x26:0x3c2395b0 x25=0xffffffb3
        9085000	       907	80001890	40f6d933	sra	x18,x13,x15	 x13:0x80009f78 x15:0x00000472 x18=0xffffe000
        9095000	       908	80001894	d030ab13	slti	x22,x1,-765	  x1:0x00029800 x22=0x00000000
        9105000	       909	80001898	40b50033	sub	x0,x10,x11	 x10:0xfffffa72 x11:0x00000000
        9115000	       910	8000189c	00ddbb33	sltu	x22,x27,x13	 x27:0x00000000 x13:0x80009f78 x22=0x00000001
        9125000	       911	800018a0	3bd0ae13	slti	x28,x1,957	  x1:0x00029800 x28=0x00000000
        9135000	       912	800018a4	96be7513	andi	x10,x28,-1685	 x28:0x00000000 x10=0x00000000
        9145000	       913	800018a8	00881193	slli	x3,x16,0x8	 x16:0xec346874  x3=0x34687400
        9155000	       914	800018ac	005a5893	srli	x17,x20,0x5	 x20:0x00000305 x17=0x00000018
        9165000	       915	800018b0	01ffd863	bge	x31,x31,800018c0	 x31:0x00000001 x31:0x00000001
        9175000	       916	00000000	00000013	addi	x0,x0,0	  x0:0x00000000
        9185000	       917	800018bc	00000013	addi	x0,x0,0	  x0:0x00000000
        9195000	       918	800018c0	ac8ff0ef	jal	x1,800018c0	  x1=0x800018c0
        9205000	       919	00000000	00000013	addi	x0,x0,0	  x0:0x00000000
        9215000	       920	80000b84	00000013	addi	x0,x0,0	  x0:0x00000000
        9225000	       921	80000b88	018e78b3	and	x17,x28,x24	 x28:0x00000000 x24:0x0000001a x17=0x00000000
        9235000	       922	80000b8c	6141c313	xori	x6,x3,1556	  x3:0x34687400  x6=0x34687214
        9245000	       923	80000b90	00000013	addi	x0,x0,0	  x0:0x00000000
        9255000	       924	80000b94	00dedf93	srli	x31,x29,0xd	 x29:0x00000005 x31=0x00000000
        9265000	       925	80000b98	43e8ae13	slti	x28,x17,1086	 x17:0x00000000 x28=0x00000001
        9275000	       926	80000b9c	00dcf1b3	and	x3,x25,x13	 x25:0xffffffb3 x13:0x80009f78  x3=0x80009f30
        9285000	       927	80000ba0	00539463	bne	x7,x5,80000ba8	  x7:0x80009fc4  x5:0xf69af7ec
        9295000	       928	00000000	00000013	addi	x0,x0,0	  x0:0x00000000
        9305000	       929	80000ba4	00000013	addi	x0,x0,0	  x0:0x00000000
        9315000	       930	80000ba8	fc868693	addi	x13,x13,-56	 x13:0x80009f78 x13=0x80009f40
        9325000	       931	80000bac	40985813	srai	x16,x16,0x9	 x16:0xec346874 x16=0xfff61a34
        9335000	       932	80000bb0	0016a223	sw	x1,4(x13)	 x13:0x80009f40  x1:0x800018c0 PA:0x80009f44
        9345000	       933	80000bb4	2cc27117	auipc	x2,0x2cc27	  x2=0xacc27bb0
        9355000	       934	80000bb8	408e0133	sub	x2,x28,x8	 x28:0x00000001  x8:0x00000425  x2=0xfffffbdc
        9365000	       935	80000bbc	00008117	auipc	x2,0x8	  x2=0x80008bb8
        9375000	       936	80000bc0	ece10113	addi	x2,x2,-306	  x2:0x80008bb8  x2=0x80008a86
        9385000	       937	80000bc4	d9914803	lbu	x16,-615(x2)	  x2:0x80008a86 x16=0x00000000 PA:0x8000881f
        9395000	       938	00000000	00000013	addi	x0,x0,0	  x0:0x00000000
        9405000	       939	80000bc8	35011183	lh	x3,848(x2)	  x2:0x80008a86  x3=0x00000000 PA:0x80008dd6
        9415000	       940	80000bcc	52df7713	andi	x14,x30,1325	 x30:0x00000000 x14=0x00000000
        9425000	       941	80000bd0	fcd105a3	sb	x13,-53(x2)	  x2:0x80008a86 x13:0x80009f40 PA:0x80008a51
        9435000	       942	80000bd4	def14303	lbu	x6,-529(x2)	  x2:0x80008a86  x6=0x00000000 PA:0x80008875
        9445000	       943	80000bd8	fcf14983	lbu	x19,-49(x2)	  x2:0x80008a86 x19=0x00000000 PA:0x80008a55
        9455000	       944	80000bdc	00df4233	xor	x4,x30,x13	 x30:0x00000000 x13:0x80009f40  x4=0x80009f40
        9465000	       945	80000be0	0011abb3	slt	x23,x3,x1	  x3:0x00000000  x1:0x800018c0 x23=0x00000000
        9475000	       946	80000be4	00510c83	lb	x25,5(x2)	  x2:0x80008a86 x25=0x00000000 PA:0x80008a8b
        9485000	       947	80000be8	52710483	lb	x9,1319(x2)	  x2:0x80008a86  x9=0x00000000 PA:0x80008fad
        9495000	       948	80000bec	25710d23	sb	x23,602(x2)	  x2:0x80008a86 x23:0x00000000 PA:0x80008ce0
        9505000	       949	80000bf0	e8a90713	addi	x14,x18,-374	 x18:0xffffe000 x14=0xffffde8a
        9515000	       950	80000bf4	1e014b83	lbu	x23,480(x2)	  x2:0x80008a86 x23=0x00000000 PA:0x80008c66
        9525000	       951	80000bf8	4122dcb3	sra	x25,x5,x18	  x5:0xf69af7ec x18:0xffffe000 x25=0xf69af7ec
        9535000	       952	80000bfc	eab108a3	sb	x11,-335(x2)	  x2:0x80008a86 x11:0x00000000 PA:0x80008937
        9545000	       953	80000c00	00000013	addi	x0,x0,0	  x0:0x00000000
        9555000	       954	80000c04	dae11603	lh	x12,-594(x2)	  x2:0x80008a86 x12=0x00000000 PA:0x80008834
        9565000	       955	80000c08	47c98093	addi	x1,x19,1148	 x19:0x00000000  x1=0x0000047c
        9575000	       956	80000c0c	00cff7b3	and	x15,x31,x12	 x31:0x00000000 x12:0x00000000 x15=0x00000000
        9585000	       957	80000c10	54b11823	sh	x11,1360(x2)	  x2:0x80008a86 x11:0x00000000 PA:0x80008fd6
        9595000	       958	80000c14	4c8106a3	sb	x8,1229(x2)	  x2:0x80008a86  x8:0x00000425 PA:0x80008f53
        9605000	       959	80000c18	0115d333	srl	x6,x11,x17	 x11:0x00000000 x17:0x00000000  x6=0x00000000
        9615000	       960	80000c1c	4b014b03	lbu	x22,1200(x2)	  x2:0x80008a86 x22=0x00000000 PA:0x80008f36
        9625000	       961	80000c20	02014603	lbu	x12,32(x2)	  x2:0x80008a86 x12=0x00000000 PA:0x80008aa6
        9635000	       962	80000c24	403104a3	sb	x3,1033(x2)	  x2:0x80008a86  x3:0x00000000 PA:0x80008e8f
        9645000	       963	80000c28	ede15c03	lhu	x24,-290(x2)	  x2:0x80008a86 x24=0x00000000 PA:0x80008964
        9655000	       964	80000c2c	40310a33	sub	x20,x2,x3	  x2:0x80008a86  x3:0x00000000 x20=0x80008a86
        9665000	       965	80000c30	e2310f03	lb	x30,-477(x2)	  x2:0x80008a86 x30=0x00000000 PA:0x800088a9
        9675000	       966	80000c34	16e10583	lb	x11,366(x2)	  x2:0x80008a86 x11=0x00000000 PA:0x80008bf4
        9685000	       967	80000c38	38510e03	lb	x28,901(x2)	  x2:0x80008a86 x28=0x00000000 PA:0x80008e0b
        9695000	       968	80000c3c	4c211723	sh	x2,1230(x2)	  x2:0x80008a86  x2:0x80008a86 PA:0x80008f54
        9705000	       969	80000c40	dcd10083	lb	x1,-563(x2)	  x2:0x80008a86  x1=0xffffff80 PA:0x80008853
        9715000	       970	80000c44	00cb9493	slli	x9,x23,0xc	 x23:0x00000000  x9=0x00000000
        9725000	       971	80000c48	11015c03	lhu	x24,272(x2)	  x2:0x80008a86 x24=0x00007800 PA:0x80008b96
        9735000	       972	80000c4c	4b514003	lbu	x0,1205(x2)	  x2:0x80008a86 PA:0x80008f3b
        9745000	       973	80000c50	400387b3	sub	x15,x7,x0	  x7:0x80009fc4  x0:0x00000000 x15=0x80009fc4
        9755000	       974	80000c54	3ed10883	lb	x17,1005(x2)	  x2:0x80008a86 x17=0x00000000 PA:0x80008e73
        9765000	       975	80000c58	00008a97	auipc	x21,0x8	 x21=0x80008c54
        9775000	       976	80000c5c	afea8a93	addi	x21,x21,-1282	 x21:0x80008c54 x21=0x80008752
        9785000	       977	80000c60	0a3ac583	lbu	x11,163(x21)	 x21:0x80008752 x11=0x00000000 PA:0x800087f5
        9795000	       978	80000c64	069a8603	lb	x12,105(x21)	 x21:0x80008752 x12=0x00000000 PA:0x800087bb
        9805000	       979	80000c68	0a0ada03	lhu	x20,160(x21)	 x21:0x80008752 x20=0x00000000 PA:0x800087f2
        9815000	       980	80000c6c	0b5a8023	sb	x21,160(x21)	 x21:0x80008752 x21:0x80008752 PA:0x800087f2
        9825000	       981	80000c70	0b5a8023	sb	x21,160(x21)	 x21:0x80008752 x21:0x80008752 PA:0x800087f2
        9835000	       982	80000c74	067cff93	andi	x31,x25,103	 x25:0xf69af7ec x31=0x00000064
        9845000	       983	80000c78	0a0a9e83	lh	x29,160(x21)	 x21:0x80008752 x29=0x00000052 PA:0x800087f2
        9855000	       984	80000c7c	0a0a9103	lh	x2,160(x21)	 x21:0x80008752  x2=0x00000052 PA:0x800087f2
        9865000	       985	80000c80	0a8a8023	sb	x8,160(x21)	 x21:0x80008752  x8:0x00000425 PA:0x800087f2
        9875000	       986	80000c84	33302f37	lui	x30,0x33302	 x30=0x33302000
        9885000	       987	80000c88	045a8c83	lb	x25,69(x21)	 x21:0x80008752 x25=0x00000000 PA:0x80008797
        9895000	       988	80000c8c	050a82a3	sb	x16,69(x21)	 x21:0x80008752 x16:0x00000000 PA:0x80008797
        9905000	       989	80000c90	074a83a3	sb	x20,103(x21)	 x21:0x80008752 x20:0x00000000 PA:0x800087b9
        9915000	       990	80000c94	067a8e83	lb	x29,103(x21)	 x21:0x80008752 x29=0x00000000 PA:0x800087b9
        9925000	       991	80000c98	07fa9b23	sh	x31,118(x21)	 x21:0x80008752 x31:0x00000064 PA:0x800087c8
        9935000	       992	80000c9c	ea187eb7	lui	x29,0xea187	 x29=0xea187000
        9945000	       993	80000ca0	0104f9b3	and	x19,x9,x16	  x9:0x00000000 x16:0x00000000 x19=0x00000000
        9955000	       994	80000ca4	12cabc93	sltiu	x25,x21,300	 x21:0x80008752 x25=0x00000000
        9965000	       995	80000ca8	fb1a8f83	lb	x31,-79(x21)	 x21:0x80008752 x31=0x00000000 PA:0x80008703
        9975000	       996	80000cac	00ab1233	sll	x4,x22,x10	 x22:0x00000000 x10:0x00000000  x4=0x00000000
        9985000	       997	80000cb0	017a8703	lb	x14,23(x21)	 x21:0x80008752 x14=0x00000000 PA:0x80008769
        9995000	       998	80000cb4	f2aa8fa3	sb	x10,-193(x21)	 x21:0x80008752 x10:0x00000000 PA:0x80008691
       10005000	       999	80000cb8	f33a85a3	sb	x19,-213(x21)	 x21:0x80008752 x19:0x00000000 PA:0x8000867d
       10015000	      1000	80000cbc	65b1e217	auipc	x4,0x65b1e	  x4=0xe5b1ecb8
       10025000	      1001	80000cc0	fe3acc03	lbu	x24,-29(x21)	 x21:0x80008752 x24=0x00000000 PA:0x80008735
       10035000	      1002	80000cc4	02ba9823	sh	x11,48(x21)	 x21:0x80008752 x11:0x00000000 PA:0x80008782
       10045000	      1003	80000cc8	522b4213	xori	x4,x22,1314	 x22:0x00000000  x4=0x00000522
       10055000	      1004	80000ccc	8b658c13	addi	x24,x11,-1866	 x11:0x00000000 x24=0xfffff8b6
       10065000	      1005	80000cd0	fffdadb7	lui	x27,0xfffda	 x27=0xfffda000
       10075000	      1006	80000cd4	013d88b3	add	x17,x27,x19	 x27:0xfffda000 x19:0x00000000 x17=0xfffda000
       10085000	      1007	80000cd8	008a7263	bgeu	x20,x8,80000cdc	 x20:0x00000000  x8:0x00000425
       10095000	      1008	80000cdc	cb6d3593	sltiu	x11,x26,-842	 x26:0x3c2395b0 x11=0x00000001
       10105000	      1009	80000ce0	01a6f8b3	and	x17,x13,x26	 x13:0x80009f40 x26:0x3c2395b0 x17=0x00009500
       10115000	      1010	80000ce4	00008f17	auipc	x30,0x8	 x30=0x80008ce0
       10125000	      1011	80000ce8	145f0f13	addi	x30,x30,325	 x30:0x80008ce0 x30=0x80008e25
       10135000	      1012	80000cec	00008a17	auipc	x20,0x8	 x20=0x80008ce8
       10145000	      1013	80000cf0	f21a0a13	addi	x20,x20,-223	 x20:0x80008ce8 x20=0x80008c09
       10155000	      1014	80000cf4	00008997	auipc	x19,0x8	 x19=0x80008cf0
       10165000	      1015	80000cf8	c4898993	addi	x19,x19,-952	 x19:0x80008cf0 x19=0x80008938
       10175000	      1016	80000cfc	f2df5803	lhu	x16,-211(x30)	 x30:0x80008e25 x16=0x00000000 PA:0x80008d52
       10185000	      1017	80000d00	004a4c83	lbu	x25,4(x20)	 x20:0x80008c09 x25=0x00000000 PA:0x80008c0d
       10195000	      1018	80000d04	ff2a4503	lbu	x10,-14(x20)	 x20:0x80008c09 x10=0x00000000 PA:0x80008bfb
       10205000	      1019	80000d08	00008c17	auipc	x24,0x8	 x24=0x80008d04
       10215000	      1020	80000d0c	0c4c0c13	addi	x24,x24,196	 x24:0x80008d04 x24=0x80008dc8
       10225000	      1021	80000d10	fc098ca3	sb	x0,-39(x19)	 x19:0x80008938  x0:0x00000000 PA:0x80008911
       10235000	      1022	80000d14	0259ce83	lbu	x29,37(x19)	 x19:0x80008938 x29=0x00000000 PA:0x8000895d
       10245000	      1023	80000d18	0e9f0403	lb	x8,233(x30)	 x30:0x80008e25  x8=0x00000000 PA:0x80008f0e
       10255000	      1024	80000d1c	00e9de83	lhu	x29,14(x19)	 x19:0x80008938 x29=0x00000000 PA:0x80008946
       10265000	      1025	80000d20	081f5b83	lhu	x23,129(x30)	 x30:0x80008e25 x23=0x00000000 PA:0x80008ea6
       10275000	      1026	80000d24	0b8c1223	sh	x24,164(x24)	 x24:0x80008dc8 x24:0x80008dc8 PA:0x80008e6c
       10285000	      1027	80000d28	ff4c0483	lb	x9,-12(x24)	 x24:0x80008dc8  x9=0x00000000 PA:0x80008dbc
       10295000	      1028	80000d2c	feb98fa3	sb	x11,-1(x19)	 x19:0x80008938 x11:0x00000001 PA:0x80008937
       10305000	      1029	80000d30	fabf21a3	sw	x11,-93(x30)	 x30:0x80008e25 x11:0x00000001 PA:0x80008dc8
       10315000	      1030	80000d34	f21c1d23	sh	x1,-198(x24)	 x24:0x80008dc8  x1:0xffffff80 PA:0x80008d02
       10325000	      1031	80000d38	ffd9a023	sw	x29,-32(x19)	 x19:0x80008938 x29:0x00000000 PA:0x80008918
       10335000	      1032	80000d3c	fe29d583	lhu	x11,-30(x19)	 x19:0x80008938 x11=0x00000000 PA:0x8000891a
       10345000	      1033	80000d40	f0af4b83	lbu	x23,-246(x30)	 x30:0x80008e25 x23=0x00000000 PA:0x80008d2f
       10355000	      1034	80000d44	ff699083	lh	x1,-10(x19)	 x19:0x80008938  x1=0x00000000 PA:0x8000892e
       10365000	      1035	80000d48	fb9f08a3	sb	x25,-79(x30)	 x30:0x80008e25 x25:0x00000000 PA:0x80008dd6
       10375000	      1036	80000d4c	002a0423	sb	x2,8(x20)	 x20:0x80008c09  x2:0x00000052 PA:0x80008c11
       10385000	      1037	80000d50	056c0c83	lb	x25,86(x24)	 x24:0x80008dc8 x25=0x00000000 PA:0x80008e1e
       10395000	      1038	80000d54	010a4e83	lbu	x29,16(x20)	 x20:0x80008c09 x29=0x00000000 PA:0x80008c19
       10405000	      1039	80000d58	0abf0d23	sb	x11,186(x30)	 x30:0x80008e25 x11:0x00000000 PA:0x80008edf
       10415000	      1040	80000d5c	fe4984a3	sb	x4,-23(x19)	 x19:0x80008938  x4:0x00000522 PA:0x80008921
       10425000	      1041	80000d60	f76c0e03	lb	x28,-138(x24)	 x24:0x80008dc8 x28=0x00000000 PA:0x80008d3e
       10435000	      1042	80000d64	ffea0703	lb	x14,-2(x20)	 x20:0x80008c09 x14=0x00000000 PA:0x80008c07
       10445000	      1043	80000d68	f45f19a3	sh	x5,-173(x30)	 x30:0x80008e25  x5:0xf69af7ec PA:0x80008d78
       10455000	      1044	80000d6c	0b3c0483	lb	x9,179(x24)	 x24:0x80008dc8  x9=0x00000000 PA:0x80008e7b
       10465000	      1045	80000d70	febc00a3	sb	x11,-31(x24)	 x24:0x80008dc8 x11:0x00000000 PA:0x80008da9
       10475000	      1046	80000d74	ff59cb03	lbu	x22,-11(x19)	 x19:0x80008938 x22=0x00000000 PA:0x8000892d
       10485000	      1047	80000d78	0003f533	and	x10,x7,x0	  x7:0x80009fc4  x0:0x00000000 x10=0x00000000
       10495000	      1048	80000d7c	4098d313	srai	x6,x17,0x9	 x17:0x00009500  x6=0x0000004a
       10505000	      1049	80000d80	00004c33	xor	x24,x0,x0	  x0:0x00000000  x0:0x00000000 x24=0x00000000
       10515000	      1050	80000d84	5f0dc497	auipc	x9,0x5f0dc	  x9=0xdf0dcd80
       10525000	      1051	80000d88	01179863	bne	x15,x17,80000d98	 x15:0x80009fc4 x17:0x00009500
       10535000	      1052	00000000	00000013	addi	x0,x0,0	  x0:0x00000000
       10545000	      1053	80000d94	00000013	addi	x0,x0,0	  x0:0x00000000
       10555000	      1054	80000d98	d6910513	addi	x10,x2,-663	  x2:0x00000052 x10=0xfffffdbb
       10565000	      1055	80000d9c	010568b3	or	x17,x10,x16	 x10:0xfffffdbb x16:0x00000000 x17=0xfffffdbb
       10575000	      1056	80000da0	012e84b3	add	x9,x29,x18	 x29:0x00000000 x18:0xffffe000  x9=0xffffe000
       10585000	      1057	80000da4	00311633	sll	x12,x2,x3	  x2:0x00000052  x3:0x00000000 x12=0x00000052
       10595000	      1058	80000da8	0046f2b3	and	x5,x13,x4	 x13:0x80009f40  x4:0x00000522  x5=0x00000500
       10605000	      1059	80000dac	ac7abf93	sltiu	x31,x21,-1337	 x21:0x80008752 x31=0x00000001
       10615000	      1060	80000db0	01e63e33	sltu	x28,x12,x30	 x12:0x00000052 x30:0x80008e25 x28=0x00000001
       10625000	      1061	80000db4	011389b3	add	x19,x7,x17	  x7:0x80009fc4 x17:0xfffffdbb x19=0x80009d7f
       10635000	      1062	80000db8	416158b3	sra	x17,x2,x22	  x2:0x00000052 x22:0x00000000 x17=0x00000052
       10645000	      1063	80000dbc	02af9463	bne	x31,x10,80000de4	 x31:0x00000001 x10:0xfffffdbb
       10655000	      1064	00000000	00000013	addi	x0,x0,0	  x0:0x00000000
       10665000	      1065	80000de0	00000013	addi	x0,x0,0	  x0:0x00000000
       10675000	      1066	80000de4	0169de63	bge	x19,x22,80000e00	 x19:0x80009d7f x22:0x00000000
       10685000	      1067	80000de8	0188ac33	slt	x24,x17,x24	 x17:0x00000052 x24:0x00000000 x24=0x00000000
       10695000	      1068	80000dec	40bed5b3	sra	x11,x29,x11	 x29:0x00000000 x11:0x00000000 x11=0x00000000
       10705000	      1069	80000df0	00a3c633	xor	x12,x7,x10	  x7:0x80009fc4 x10:0xfffffdbb x12=0x7fff627f
       10715000	      1070	80000df4	0195c0b3	xor	x1,x11,x25	 x11:0x00000000 x25:0x00000000  x1=0x00000000
       10725000	      1071	80000df8	c6792013	slti	x0,x18,-921	 x18:0xffffe000
       10735000	      1072	80000dfc	e06d2d97	auipc	x27,0xe06d2	 x27=0x606d2df8
       10745000	      1073	80000e00	0153feb3	and	x29,x7,x21	  x7:0x80009fc4 x21:0x80008752 x29=0x80008740
       10755000	      1074	80000e04	038a4263	blt	x20,x24,80000e28	 x20:0x80008c09 x24:0x00000000
       10765000	      1075	00000000	00000013	addi	x0,x0,0	  x0:0x00000000
       10775000	      1076	80000e24	00000013	addi	x0,x0,0	  x0:0x00000000
       10785000	      1077	80000e28	01764c63	blt	x12,x23,80000e40	 x12:0x7fff627f x23:0x00000000
       10795000	      1078	80000e2c	b884eb13	ori	x22,x9,-1144	  x9:0xffffe000 x22=0xfffffb88
       10805000	      1079	80000e30	01e3a333	slt	x6,x7,x30	  x7:0x80009fc4 x30:0x80008e25  x6=0x00000000
       10815000	      1080	80000e34	ac9c2613	slti	x12,x24,-1335	 x24:0x00000000 x12=0x00000000
       10825000	      1081	80000e38	003fdc63	bge	x31,x3,80000e50	 x31:0x00000001  x3:0x00000000
       10835000	      1082	00000000	00000013	addi	x0,x0,0	  x0:0x00000000
       10845000	      1083	80000e4c	00000013	addi	x0,x0,0	  x0:0x00000000
       10855000	      1084	80000e50	03a04a63	blt	x0,x26,80000e84	  x0:0x00000000 x26:0x3c2395b0
       10865000	      1085	00000000	00000013	addi	x0,x0,0	  x0:0x00000000
       10875000	      1086	80000e80	00000013	addi	x0,x0,0	  x0:0x00000000
       10885000	      1087	80000e84	44192b13	slti	x22,x18,1089	 x18:0xffffe000 x22=0x00000001
       10895000	      1088	80000e88	000ea8b3	slt	x17,x29,x0	 x29:0x80008740  x0:0x00000000 x17=0x00000001
       10905000	      1089	80000e8c	0170da33	srl	x20,x1,x23	  x1:0x00000000 x23:0x00000000 x20=0x00000000
       10915000	      1090	80000e90	019d1e13	slli	x28,x26,0x19	 x26:0x3c2395b0 x28=0x60000000
       10925000	      1091	80000e94	1be20093	addi	x1,x4,446	  x4:0x00000522  x1=0x000006e0
       10935000	      1092	80000e98	4037d293	srai	x5,x15,0x3	 x15:0x80009fc4  x5=0xf00013f8
       10945000	      1093	80000e9c	00000013	addi	x0,x0,0	  x0:0x00000000
       10955000	      1094	80000ea0	419d0eb3	sub	x29,x26,x25	 x26:0x3c2395b0 x25:0x00000000 x29=0x3c2395b0
       10965000	      1095	80000ea4	f4fd3993	sltiu	x19,x26,-177	 x26:0x3c2395b0 x19=0x00000001
       10975000	      1096	80000ea8	01f28a33	add	x20,x5,x31	  x5:0xf00013f8 x31:0x00000001 x20=0xf00013f9
       10985000	      1097	80000eac	01a2cab3	xor	x21,x5,x26	  x5:0xf00013f8 x26:0x3c2395b0 x21=0xcc238648
       10995000	      1098	80000eb0	4c3f0d93	addi	x27,x30,1219	 x30:0x80008e25 x27=0x800092e8
       11005000	      1099	80000eb4	4011de33	sra	x28,x3,x1	  x3:0x00000000  x1:0x000006e0 x28=0x00000000
       11015000	      1100	80000eb8	017b9113	slli	x2,x23,0x17	 x23:0x00000000  x2=0x00000000
       11025000	      1101	80000ebc	01cf9c63	bne	x31,x28,80000ed4	 x31:0x00000001 x28:0x00000000
       11035000	      1102	00000000	00000013	addi	x0,x0,0	  x0:0x00000000
       11045000	      1103	80000ed0	00000013	addi	x0,x0,0	  x0:0x00000000
       11055000	      1104	80000ed4	4f3e0413	addi	x8,x28,1267	 x28:0x00000000  x8=0x000004f3
       11065000	      1105	80000ed8	0075f8b3	and	x17,x11,x7	 x11:0x00000000  x7:0x80009fc4 x17=0x00000000
       11075000	      1106	80000edc	01abfe63	bgeu	x23,x26,80000ef8	 x23:0x00000000 x26:0x3c2395b0
       11085000	      1107	80000ee0	015ce533	or	x10,x25,x21	 x25:0x00000000 x21:0xcc238648 x10=0xcc238648
       11095000	      1108	80000ee4	415005b3	sub	x11,x0,x21	  x0:0x00000000 x21:0xcc238648 x11=0x33dc79b8
       11105000	      1109	80000ee8	a27e0a17	auipc	x20,0xa27e0	 x20=0x227e0ee4
       11115000	      1110	80000eec	00c10533	add	x10,x2,x12	  x2:0x00000000 x12:0x00000000 x10=0x00000000
       11125000	      1111	80000ef0	017e8263	beq	x29,x23,80000ef4	 x29:0x3c2395b0 x23:0x00000000
       11135000	      1112	80000ef4	0363ee63	bltu	x7,x22,80000f30	  x7:0x80009fc4 x22:0x00000001
       11145000	      1113	80000ef8	04f44463	blt	x8,x15,80000f40	  x8:0x000004f3 x15:0x80009fc4
       11155000	      1114	80000efc	02f21863	bne	x4,x15,80000f2c	  x4:0x00000522 x15:0x80009fc4
       11165000	      1115	00000000	00000013	addi	x0,x0,0	  x0:0x00000000
       11175000	      1116	80000f28	00000013	addi	x0,x0,0	  x0:0x00000000
       11185000	      1117	80000f2c	40b10433	sub	x8,x2,x11	  x2:0x00000000 x11:0x33dc79b8  x8=0xcc238648
       11195000	      1118	80000f30	00000013	addi	x0,x0,0	  x0:0x00000000
       11205000	      1119	80000f34	1b7f2293	slti	x5,x30,439	 x30:0x80008e25  x5=0x00000001
       11215000	      1120	80000f38	5ee1d037	lui	x0,0x5ee1d	
       11225000	      1121	80000f3c	019b5593	srli	x11,x22,0x19	 x22:0x00000001 x11=0x00000000
       11235000	      1122	80000f40	014d0663	beq	x26,x20,80000f4c	 x26:0x3c2395b0 x20:0x227e0ee4
       11245000	      1123	80000f44	00bd0463	beq	x26,x11,80000f4c	 x26:0x3c2395b0 x11:0x00000000
       11255000	      1124	80000f48	7d868e93	addi	x29,x13,2008	 x13:0x80009f40 x29=0x8000a718
       11265000	      1125	80000f4c	00a7b233	sltu	x4,x15,x10	 x15:0x80009fc4 x10:0x00000000  x4=0x00000000
       11275000	      1126	80000f50	00000013	addi	x0,x0,0	  x0:0x00000000
       11285000	      1127	80000f54	00c75813	srli	x16,x14,0xc	 x14:0x00000000 x16=0x00000000
       11295000	      1128	80000f58	0046a083	lw	x1,4(x13)	 x13:0x80009f40  x1=0x800018c0 PA:0x80009f44
       11305000	      1129	80000f5c	41d288b3	sub	x17,x5,x29	  x5:0x00000001 x29:0x8000a718 x17=0x7fff58e9
       11315000	      1130	80000f60	00ecbab3	sltu	x21,x25,x14	 x25:0x00000000 x14:0x00000000 x21=0x00000000
       11325000	      1131	80000f64	03868693	addi	x13,x13,56	 x13:0x80009f40 x13=0x80009f78
       11335000	      1132	80000f68	58f44317	auipc	x6,0x58f44	  x6=0xd8f44f64
       11345000	      1133	80000f6c	01bacc33	xor	x24,x21,x27	 x21:0x00000000 x27:0x800092e8 x24=0x800092e8
       11355000	      1134	80000f70	00108113	addi	x2,x1,1	  x1:0x800018c0  x2=0x800018c1
       11365000	      1135	80000f74	00010167	jalr	x2,x2,0	  x2:0x800018c1  x2=0x80000f74
       11375000	      1136	00000000	00000013	addi	x0,x0,0	  x0:0x00000000
       11385000	      1137	800018c0	00000013	addi	x0,x0,0	  x0:0x00000000
       11395000	      1138	800018c4	00a8d893	srli	x17,x17,0xa	 x17:0x7fff58e9 x17=0x001fffd6
       11405000	      1139	800018c8	0a440c93	addi	x25,x8,164	  x8:0xcc238648 x25=0xcc2386ec
       11415000	      1140	800018cc	0047e7b3	or	x15,x15,x4	 x15:0x80009fc4  x4:0x00000000 x15=0x80009fc4
       11425000	      1141	800018d0	0144a2b3	slt	x5,x9,x20	  x9:0xffffe000 x20:0x227e0ee4  x5=0x00000001
       11435000	      1142	800018d4	00095663	bge	x18,x0,800018e0	 x18:0xffffe000  x0:0x00000000
       11445000	      1143	800018d8	01b489b3	add	x19,x9,x27	  x9:0xffffe000 x27:0x800092e8 x19=0x800072e8
       11455000	      1144	800018dc	00eb4fb3	xor	x31,x22,x14	 x22:0x00000001 x14:0x00000000 x31=0x00000001
       11465000	      1145	800018e0	8bd8a313	slti	x6,x17,-1859	 x17:0x001fffd6  x6=0x00000000
       11475000	      1146	800018e4	011c9c33	sll	x24,x25,x17	 x25:0xcc2386ec x17:0x001fffd6 x24=0xbb000000
       11485000	      1147	800018e8	01effe63	bgeu	x31,x30,80001904	 x31:0x00000001 x30:0x80008e25
       11495000	      1148	800018ec	38db2793	slti	x15,x22,909	 x22:0x00000001 x15=0x00000001
       11505000	      1149	800018f0	00415663	bge	x2,x4,800018fc	  x2:0x80000f74  x4:0x00000000
       11515000	      1150	800018f4	74dfb093	sltiu	x1,x31,1869	 x31:0x00000001  x1=0x00000001
       11525000	      1151	800018f8	00c3f933	and	x18,x7,x12	  x7:0x80009fc4 x12:0x00000000 x18=0x00000000
       11535000	      1152	800018fc	01dc7233	and	x4,x24,x29	 x24:0xbb000000 x29:0x8000a718  x4=0x80000000
       11545000	      1153	80001900	411150b3	sra	x1,x2,x17	  x2:0x80000f74 x17:0x001fffd6  x1=0xfffffe00
       11555000	      1154	80001904	008dda13	srli	x20,x27,0x8	 x27:0x800092e8 x20=0x00800092
       11565000	      1155	80001908	012ff0b3	and	x1,x31,x18	 x31:0x00000001 x18:0x00000000  x1=0x00000000
       11575000	      1156	8000190c	00258263	beq	x11,x2,80001910	 x11:0x00000000  x2:0x80000f74
       11585000	      1157	80001910	01306a63	bltu	x0,x19,80001924	  x0:0x00000000 x19:0x800072e8
       11595000	      1158	00000000	00000013	addi	x0,x0,0	  x0:0x00000000
       11605000	      1159	80001920	00000013	addi	x0,x0,0	  x0:0x00000000
       11615000	      1160	80001924	4103d333	sra	x6,x7,x16	  x7:0x80009fc4 x16:0x00000000  x6=0x80009fc4
       11625000	      1161	80001928	0207d863	bge	x15,x0,80001958	 x15:0x00000001  x0:0x00000000
       11635000	      1162	00000000	00000013	addi	x0,x0,0	  x0:0x00000000
       11645000	      1163	80001954	00000013	addi	x0,x0,0	  x0:0x00000000
       11655000	      1164	80001958	04171663	bne	x14,x1,800019a4	 x14:0x00000000  x1:0x00000000
       11665000	      1165	8000195c	01478733	add	x14,x15,x20	 x15:0x00000001 x20:0x00800092 x14=0x00800093
       11675000	      1166	80001960	5faff413	andi	x8,x31,1530	 x31:0x00000001  x8=0x00000000
       11685000	      1167	80001964	00000013	addi	x0,x0,0	  x0:0x00000000
       11695000	      1168	80001968	3ce54213	xori	x4,x10,974	 x10:0x00000000  x4=0x000003ce
       11705000	      1169	8000196c	030cf463	bgeu	x25,x16,80001994	 x25:0xcc2386ec x16:0x00000000
       11715000	      1170	00000000	00000013	addi	x0,x0,0	  x0:0x00000000
       11725000	      1171	80001990	00000013	addi	x0,x0,0	  x0:0x00000000
       11735000	      1172	80001994	003e7ab3	and	x21,x28,x3	 x28:0x00000000  x3:0x00000000 x21=0x00000000
       11745000	      1173	80001998	b7e2b413	sltiu	x8,x5,-1154	  x5:0x00000001  x8=0x00000001
       11755000	      1174	8000199c	fc07b293	sltiu	x5,x15,-64	 x15:0x00000001  x5=0x00000001
       11765000	      1175	800019a0	940ca513	slti	x10,x25,-1728	 x25:0xcc2386ec x10=0x00000001
       11775000	      1176	800019a4	024d4463	blt	x26,x4,800019cc	 x26:0x3c2395b0  x4:0x000003ce
       11785000	      1177	800019a8	40620a33	sub	x20,x4,x6	  x4:0x000003ce  x6:0x80009fc4 x20=0x7fff640a
       11795000	      1178	800019ac	63ea2f13	slti	x30,x20,1598	 x20:0x7fff640a x30=0x00000000
       11805000	      1179	800019b0	01bd4a33	xor	x20,x26,x27	 x26:0x3c2395b0 x27:0x800092e8 x20=0xbc230758
       11815000	      1180	800019b4	05123093	sltiu	x1,x4,81	  x4:0x000003ce  x1=0x00000000
       11825000	      1181	800019b8	00039663	bne	x7,x0,800019c4	  x7:0x80009fc4  x0:0x00000000
       11835000	      1182	00000000	00000013	addi	x0,x0,0	  x0:0x00000000
       11845000	      1183	800019c0	00000013	addi	x0,x0,0	  x0:0x00000000
       11855000	      1184	800019c4	0279f863	bgeu	x19,x7,800019f4	 x19:0x800072e8  x7:0x80009fc4
       11865000	      1185	800019c8	00b62ab3	slt	x21,x12,x11	 x12:0x00000000 x11:0x00000000 x21=0x00000000
       11875000	      1186	800019cc	00695a63	bge	x18,x6,800019e0	 x18:0x00000000  x6:0x80009fc4
       11885000	      1187	00000000	00000013	addi	x0,x0,0	  x0:0x00000000
       11895000	      1188	800019dc	00000013	addi	x0,x0,0	  x0:0x00000000
       11905000	      1189	800019e0	03ad7663	bgeu	x26,x26,80001a0c	 x26:0x3c2395b0 x26:0x3c2395b0
       11915000	      1190	00000000	00000013	addi	x0,x0,0	  x0:0x00000000
       11925000	      1191	80001a08	00000013	addi	x0,x0,0	  x0:0x00000000
       11935000	      1192	80001a0c	03b05263	bge	x0,x27,80001a30	  x0:0x00000000 x27:0x800092e8
       11945000	      1193	00000000	00000013	addi	x0,x0,0	  x0:0x00000000
       11955000	      1194	80001a2c	00000013	addi	x0,x0,0	  x0:0x00000000
       11965000	      1195	80001a30	0167de93	srli	x29,x15,0x16	 x15:0x00000001 x29=0x00000000
       11975000	      1196	80001a34	ab496013	ori	x0,x18,-1356	 x18:0x00000000
       11985000	      1197	80001a38	2e146e17	auipc	x28,0x2e146	 x28=0xae147a34
       11995000	      1198	80001a3c	41f4e013	ori	x0,x9,1055	  x9:0xffffe000
       12005000	      1199	80001a40	01c15993	srli	x19,x2,0x1c	  x2:0x80000f74 x19=0x00000008
       12015000	      1200	80001a44	012d61b3	or	x3,x26,x18	 x26:0x3c2395b0 x18:0x00000000  x3=0x3c2395b0
       12025000	      1201	80001a48	9905b213	sltiu	x4,x11,-1648	 x11:0x00000000  x4=0x00000001
       12035000	      1202	80001a4c	01816133	or	x2,x2,x24	  x2:0x80000f74 x24:0xbb000000  x2=0xbb000f74
       12045000	      1203	80001a50	01669fb3	sll	x31,x13,x22	 x13:0x80009f78 x22:0x00000001 x31=0x00013ef0
       12055000	      1204	80001a54	40b2df13	srai	x30,x5,0xb	  x5:0x00000001 x30=0x00000000
       12065000	      1205	80001a58	0046eeb3	or	x29,x13,x4	 x13:0x80009f78  x4:0x00000001 x29=0x80009f79
       12075000	      1206	80001a5c	00234863	blt	x6,x2,80001a6c	  x6:0x80009fc4  x2:0xbb000f74
       12085000	      1207	00000000	00000013	addi	x0,x0,0	  x0:0x00000000
       12095000	      1208	80001a68	00000013	addi	x0,x0,0	  x0:0x00000000
       12105000	      1209	80001a6c	00000013	addi	x0,x0,0	  x0:0x00000000
       12115000	      1210	80001a70	03938263	beq	x7,x25,80001a94	  x7:0x80009fc4 x25:0xcc2386ec
       12125000	      1211	80001a74	15310893	addi	x17,x2,339	  x2:0xbb000f74 x17=0xbb0010c7
       12135000	      1212	80001a78	40485c93	srai	x25,x16,0x4	 x16:0x00000000 x25=0x00000000
       12145000	      1213	80001a7c	00000013	addi	x0,x0,0	  x0:0x00000000
       12155000	      1214	80001a80	010b6eb3	or	x29,x22,x16	 x22:0x00000001 x16:0x00000000 x29=0x00000001
       12165000	      1215	80001a84	00b77463	bgeu	x14,x11,80001a8c	 x14:0x00800093 x11:0x00000000
       12175000	      1216	00000000	00000013	addi	x0,x0,0	  x0:0x00000000
       12185000	      1217	80001a88	00000013	addi	x0,x0,0	  x0:0x00000000
       12195000	      1218	80001a8c	019612b3	sll	x5,x12,x25	 x12:0x00000000 x25:0x00000000  x5=0x00000000
       12205000	      1219	80001a90	01d51113	slli	x2,x10,0x1d	 x10:0x00000001  x2=0x20000000
       12215000	      1220	80001a94	0008db93	srli	x23,x17,0x0	 x17:0xbb0010c7 x23=0xbb0010c7
       12225000	      1221	80001a98	ff013013	sltiu	x0,x2,-16	  x2:0x20000000
       12235000	      1222	80001a9c	04fc0663	beq	x24,x15,80001ae8	 x24:0xbb000000 x15:0x00000001
       12245000	      1223	80001aa0	00000013	addi	x0,x0,0	  x0:0x00000000
       12255000	      1224	80001aa4	4190d9b3	sra	x19,x1,x25	  x1:0x00000000 x25:0x00000000 x19=0x00000000
       12265000	      1225	80001aa8	018ca233	slt	x4,x25,x24	 x25:0x00000000 x24:0xbb000000  x4=0x00000000
       12275000	      1226	80001aac	02639663	bne	x7,x6,80001ad8	  x7:0x80009fc4  x6:0x80009fc4
       12285000	      1227	80001ab0	03c9fa63	bgeu	x19,x28,80001ae4	 x19:0x00000000 x28:0xae147a34
       12295000	      1228	80001ab4	40065813	srai	x16,x12,0x0	 x12:0x00000000 x16=0x00000000
       12305000	      1229	80001ab8	c792f193	andi	x3,x5,-903	  x5:0x00000000  x3=0x00000000
       12315000	      1230	80001abc	01ac1f33	sll	x30,x24,x26	 x24:0xbb000000 x26:0x3c2395b0 x30=0x00000000
       12325000	      1231	80001ac0	0135ff33	and	x30,x11,x19	 x11:0x00000000 x19:0x00000000 x30=0x00000000
       12335000	      1232	80001ac4	02976063	bltu	x14,x9,80001ae4	 x14:0x00800093  x9:0xffffe000
       12345000	      1233	00000000	00000013	addi	x0,x0,0	  x0:0x00000000
       12355000	      1234	80001ae0	00000013	addi	x0,x0,0	  x0:0x00000000
       12365000	      1235	80001ae4	32568793	addi	x15,x13,805	 x13:0x80009f78 x15=0x8000a29d
       12375000	      1236	80001ae8	cbc96213	ori	x4,x18,-836	 x18:0x00000000  x4=0xfffffcbc
       12385000	      1237	80001aec	3e168593	addi	x11,x13,993	 x13:0x80009f78 x11=0x8000a359
       12395000	      1238	80001af0	34f16b17	auipc	x22,0x34f16	 x22=0xb4f17aec
       12405000	      1239	80001af4	03690463	beq	x18,x22,80001b1c	 x18:0x00000000 x22:0xb4f17aec
       12415000	      1240	80001af8	01641a63	bne	x8,x22,80001b0c	  x8:0x00000001 x22:0xb4f17aec
       12425000	      1241	00000000	00000013	addi	x0,x0,0	  x0:0x00000000
       12435000	      1242	80001b08	00000013	addi	x0,x0,0	  x0:0x00000000
       12445000	      1243	80001b0c	414b8133	sub	x2,x23,x20	 x23:0xbb0010c7 x20:0xbc230758  x2=0xfedd096f
       12455000	      1244	80001b10	358bfa13	andi	x20,x23,856	 x23:0xbb0010c7 x20=0x00000040
       12465000	      1245	80001b14	30cb0f17	auipc	x30,0x30cb0	 x30=0xb0cb1b10
       12475000	      1246	80001b18	c14b1d97	auipc	x27,0xc14b1	 x27=0x414b2b14
       12485000	      1247	80001b1c	00457833	and	x16,x10,x4	 x10:0x00000001  x4:0xfffffcbc x16=0x00000000
       12495000	      1248	80001b20	010cd9b3	srl	x19,x25,x16	 x25:0x00000000 x16:0x00000000 x19=0x00000000
       12505000	      1249	80001b24	124dc413	xori	x8,x27,292	 x27:0x414b2b14  x8=0x414b2a30
       12515000	      1250	80001b28	a85ba893	slti	x17,x23,-1403	 x23:0xbb0010c7 x17=0x00000001
       12525000	      1251	80001b2c	00fcc663	blt	x25,x15,80001b38	 x25:0x00000000 x15:0x8000a29d
       12535000	      1252	80001b30	00d36433	or	x8,x6,x13	  x6:0x80009fc4 x13:0x80009f78  x8=0x80009ffc
       12545000	      1253	80001b34	50b52113	slti	x2,x10,1291	 x10:0x00000001  x2=0x00000001
       12555000	      1254	80001b38	017b5663	bge	x22,x23,80001b44	 x22:0xb4f17aec x23:0xbb0010c7
       12565000	      1255	80001b3c	02196263	bltu	x18,x1,80001b60	 x18:0x00000000  x1:0x00000000
       12575000	      1256	80001b40	012fe463	bltu	x31,x18,80001b48	 x31:0x00013ef0 x18:0x00000000
       12585000	      1257	80001b44	0e6c8863	beq	x25,x6,80001c34	 x25:0x00000000  x6:0x80009fc4
       12595000	      1258	80001b48	efd9ed93	ori	x27,x19,-259	 x19:0x00000000 x27=0xfffffefd
       12605000	      1259	80001b4c	010d01b3	add	x3,x26,x16	 x26:0x3c2395b0 x16:0x00000000  x3=0x3c2395b0
       12615000	      1260	80001b50	d0f00293	addi	x5,x0,-753	  x0:0x00000000  x5=0xfffffd0f
       12625000	      1261	80001b54	01ad74b3	and	x9,x26,x26	 x26:0x3c2395b0 x26:0x3c2395b0  x9=0x3c2395b0
       12635000	      1262	80001b58	c1403f13	sltiu	x30,x0,-1004	  x0:0x00000000 x30=0x00000001
       12645000	      1263	80001b5c	0bcefa63	bgeu	x29,x28,80001c10	 x29:0x00000001 x28:0xae147a34
       12655000	      1264	80001b60	0070e233	or	x4,x1,x7	  x1:0x00000000  x7:0x80009fc4  x4=0x80009fc4
       12665000	      1265	80001b64	00007897	auipc	x17,0x7	 x17=0x80008b60
       12675000	      1266	80001b68	d9d88893	addi	x17,x17,-611	 x17:0x80008b60 x17=0x800088fd
       12685000	      1267	80001b6c	06b8c303	lbu	x6,107(x17)	 x17:0x800088fd  x6=0x00000000 PA:0x80008968
       12695000	      1268	80001b70	0095df33	srl	x30,x11,x9	 x11:0x8000a359  x9:0x3c2395b0 x30=0x00008000
       12705000	      1269	80001b74	0e688403	lb	x8,230(x17)	 x17:0x800088fd  x8=0x00000000 PA:0x800089e3
       12715000	      1270	80001b78	00f8c103	lbu	x2,15(x17)	 x17:0x800088fd  x2=0x00000000 PA:0x8000890c
       12725000	      1271	80001b7c	016a6eb3	or	x29,x20,x22	 x20:0x00000040 x22:0xb4f17aec x29=0xb4f17aec
       12735000	      1272	80001b80	0a9895a3	sh	x9,171(x17)	 x17:0x800088fd  x9:0x3c2395b0 PA:0x800089a8
       12745000	      1273	80001b84	01a1d433	srl	x8,x3,x26	  x3:0x3c2395b0 x26:0x3c2395b0  x8=0x00003c23
       12755000	      1274	80001b88	01635193	srli	x3,x6,0x16	  x6:0x00000000  x3=0x00000000
       12765000	      1275	80001b8c	fbc8c503	lbu	x10,-68(x17)	 x17:0x800088fd x10=0x00000000 PA:0x800088b9
       12775000	      1276	80001b90	00de7033	and	x0,x28,x13	 x28:0xae147a34 x13:0x80009f78
       12785000	      1277	80001b94	00000013	addi	x0,x0,0	  x0:0x00000000
       12795000	      1278	80001b98	410b8e33	sub	x28,x23,x16	 x23:0xbb0010c7 x16:0x00000000 x28=0xbb0010c7
       12805000	      1279	80001b9c	4daa8193	addi	x3,x21,1242	 x21:0x00000000  x3=0x000004da
       12815000	      1280	80001ba0	413dde93	srai	x29,x27,0x13	 x27:0xfffffefd x29=0xffffffff
       12825000	      1281	80001ba4	59a5b993	sltiu	x19,x11,1434	 x11:0x8000a359 x19=0x00000000
       12835000	      1282	80001ba8	00000013	addi	x0,x0,0	  x0:0x00000000
       12845000	      1283	80001bac	003b2933	slt	x18,x22,x3	 x22:0xb4f17aec  x3:0x000004da x18=0x00000001
       12855000	      1284	80001bb0	41445713	srai	x14,x8,0x14	  x8:0x00003c23 x14=0x00000000
       12865000	      1285	80001bb4	0111ec33	or	x24,x3,x17	  x3:0x000004da x17:0x800088fd x24=0x80008cff
       12875000	      1286	80001bb8	b4772993	slti	x19,x14,-1209	 x14:0x00000000 x19=0x00000000
       12885000	      1287	80001bbc	00000013	addi	x0,x0,0	  x0:0x00000000
       12895000	      1288	80001bc0	00e39c13	slli	x24,x7,0xe	  x7:0x80009fc4 x24=0x27f10000
       12905000	      1289	80001bc4	4026da33	sra	x20,x13,x2	 x13:0x80009f78  x2:0x00000000 x20=0x80009f78
       12915000	      1290	80001bc8	0668c903	lbu	x18,102(x17)	 x17:0x800088fd x18=0x00000000 PA:0x80008963
       12925000	      1291	80001bcc	ffb892a3	sh	x27,-27(x17)	 x17:0x800088fd x27:0xfffffefd PA:0x800088e2
       12935000	      1292	80001bd0	f3888803	lb	x16,-200(x17)	 x17:0x800088fd x16=0x00000000 PA:0x80008835
       12945000	      1293	80001bd4	00e97533	and	x10,x18,x14	 x18:0x00000000 x14:0x00000000 x10=0x00000000
       12955000	      1294	80001bd8	41f35a93	srai	x21,x6,0x1f	  x6:0x00000000 x21=0x00000000
       12965000	      1295	80001bdc	09488e83	lb	x29,148(x17)	 x17:0x800088fd x29=0x00000000 PA:0x80008991
       12975000	      1296	80001be0	f3789aa3	sh	x23,-203(x17)	 x17:0x800088fd x23:0xbb0010c7 PA:0x80008832
       12985000	      1297	80001be4	40305a33	sra	x20,x0,x3	  x0:0x00000000  x3:0x000004da x20=0x00000000
       12995000	      1298	80001be8	00de65b3	or	x11,x28,x13	 x28:0xbb0010c7 x13:0x80009f78 x11=0xbb009fff
       13005000	      1299	80001bec	43042093	slti	x1,x8,1072	  x8:0x00003c23  x1=0x00000000
       13015000	      1300	80001bf0	f3388c83	lb	x25,-205(x17)	 x17:0x800088fd x25=0x00000000 PA:0x80008830
       13025000	      1301	80001bf4	006ec1b3	xor	x3,x29,x6	 x29:0x00000000  x6:0x00000000  x3=0x00000000
       13035000	      1302	80001bf8	7862ec13	ori	x24,x5,1926	  x5:0xfffffd0f x24=0xffffff8f
       13045000	      1303	80001bfc	f6488503	lb	x10,-156(x17)	 x17:0x800088fd x10=0x00000000 PA:0x80008861
       13055000	      1304	80001c00	0428c503	lbu	x10,66(x17)	 x17:0x800088fd x10=0x00000000 PA:0x8000893f
       13065000	      1305	80001c04	f87a7e93	andi	x29,x20,-121	 x20:0x00000000 x29=0x00000000
       13075000	      1306	80001c08	f9a8ce03	lbu	x28,-102(x17)	 x17:0x800088fd x28=0x00000000 PA:0x80008897
       13085000	      1307	80001c0c	f6d8d903	lhu	x18,-147(x17)	 x17:0x800088fd x18=0x00000000 PA:0x8000886a
       13095000	      1308	80001c10	00000013	addi	x0,x0,0	  x0:0x00000000
       13105000	      1309	80001c14	0ca4cc63	blt	x9,x10,80001cec	  x9:0x3c2395b0 x10:0x00000000
       13115000	      1310	80001c18	01cdfe63	bgeu	x27,x28,80001c34	 x27:0xfffffefd x28:0x00000000
       13125000	      1311	00000000	00000013	addi	x0,x0,0	  x0:0x00000000
       13135000	      1312	80001c30	00000013	addi	x0,x0,0	  x0:0x00000000
       13145000	      1313	80001c34	26423993	sltiu	x19,x4,612	  x4:0x80009fc4 x19=0x00000000
       13155000	      1314	80001c38	01485663	bge	x16,x20,80001c44	 x16:0x00000000 x20:0x00000000
       13165000	      1315	00000000	00000013	addi	x0,x0,0	  x0:0x00000000
       13175000	      1316	80001c40	00000013	addi	x0,x0,0	  x0:0x00000000
       13185000	      1317	80001c44	403a54b3	sra	x9,x20,x3	 x20:0x00000000  x3:0x00000000  x9=0x00000000
       13195000	      1318	80001c48	7a268813	addi	x16,x13,1954	 x13:0x80009f78 x16=0x8000a71a
       13205000	      1319	80001c4c	41f2ddb3	sra	x27,x5,x31	  x5:0xfffffd0f x31:0x00013ef0 x27=0xffffffff
       13215000	      1320	80001c50	00007117	auipc	x2,0x7	  x2=0x80008c4c
       13225000	      1321	80001c54	81610113	addi	x2,x2,-2026	  x2:0x80008c4c  x2=0x80008462
       13235000	      1322	80001c58	00b6efb3	or	x31,x13,x11	 x13:0x80009f78 x11:0xbb009fff x31=0xbb009fff
       13245000	      1323	80001c5c	01e0c833	xor	x16,x1,x30	  x1:0x00000000 x30:0x00008000 x16=0x00008000
       13255000	      1324	80001c60	323c8213	addi	x4,x25,803	 x25:0x00000000  x4=0x00000323
       13265000	      1325	80001c64	c75c6b93	ori	x23,x24,-907	 x24:0xffffff8f x23=0xffffffff
       13275000	      1326	80001c68	41bafe93	andi	x29,x21,1051	 x21:0x00000000 x29=0x00000000
       13285000	      1327	80001c6c	83fbd7b7	lui	x15,0x83fbd	 x15=0x83fbd000
       13295000	      1328	80001c70	ff210903	lb	x18,-14(x2)	  x2:0x80008462 x18=0x00000000 PA:0x80008454
       13305000	      1329	80001c74	011769b3	or	x19,x14,x17	 x14:0x00000000 x17:0x800088fd x19=0x800088fd
       13315000	      1330	80001c78	00114583	lbu	x11,1(x2)	  x2:0x80008462 x11=0x00000000 PA:0x80008463
       13325000	      1331	80001c7c	00c67433	and	x8,x12,x12	 x12:0x00000000 x12:0x00000000  x8=0x00000000
       13335000	      1332	80001c80	41638933	sub	x18,x7,x22	  x7:0x80009fc4 x22:0xb4f17aec x18=0xcb0f24d8
       13345000	      1333	80001c84	02c11023	sh	x12,32(x2)	  x2:0x80008462 x12:0x00000000 PA:0x80008482
       13355000	      1334	80001c88	1fcb3793	sltiu	x15,x22,508	 x22:0xb4f17aec x15=0x00000000
       13365000	      1335	80001c8c	8b490d93	addi	x27,x18,-1868	 x18:0xcb0f24d8 x27=0xcb0f1d8c
       13375000	      1336	80001c90	01312923	sw	x19,18(x2)	  x2:0x80008462 x19:0x800088fd PA:0x80008474
       13385000	      1337	80001c94	fd514003	lbu	x0,-43(x2)	  x2:0x80008462 PA:0x80008437
       13395000	      1338	80001c98	00da5793	srli	x15,x20,0xd	 x20:0x00000000 x15=0x00000000
       13405000	      1339	80001c9c	01c16b33	or	x22,x2,x28	  x2:0x80008462 x28:0x00000000 x22=0x80008462
       13415000	      1340	80001ca0	0130b433	sltu	x8,x1,x19	  x1:0x00000000 x19:0x800088fd  x8=0x00000001
       13425000	      1341	80001ca4	40afd993	srai	x19,x31,0xa	 x31:0xbb009fff x19=0xffeec027
       13435000	      1342	80001ca8	fdc15303	lhu	x6,-36(x2)	  x2:0x80008462  x6=0x00000000 PA:0x8000843e
       13445000	      1343	80001cac	03d11923	sh	x29,50(x2)	  x2:0x80008462 x29:0x00000000 PA:0x80008494
       13455000	      1344	80001cb0	ff514083	lbu	x1,-11(x2)	  x2:0x80008462  x1=0x00000000 PA:0x80008457
       13465000	      1345	80001cb4	018888b3	add	x17,x17,x24	 x17:0x800088fd x24:0xffffff8f x17=0x8000888c
       13475000	      1346	80001cb8	002e39b3	sltu	x19,x28,x2	 x28:0x00000000  x2:0x80008462 x19=0x00000001
       13485000	      1347	80001cbc	b82c6713	ori	x14,x24,-1150	 x24:0xffffff8f x14=0xffffff8f
       13495000	      1348	80001cc0	00015d83	lhu	x27,0(x2)	  x2:0x80008462 x27=0x00000000 PA:0x80008462
       13505000	      1349	80001cc4	78d0cc13	xori	x24,x1,1933	  x1:0x00000000 x24=0x0000078d
       13515000	      1350	80001cc8	fdb103a3	sb	x27,-57(x2)	  x2:0x80008462 x27:0x00000000 PA:0x80008429
       13525000	      1351	80001ccc	00a09b33	sll	x22,x1,x10	  x1:0x00000000 x10:0x00000000 x22=0x00000000
       13535000	      1352	80001cd0	01abee33	or	x28,x23,x26	 x23:0xffffffff x26:0x3c2395b0 x28=0xffffffff
       13545000	      1353	80001cd4	00410803	lb	x16,4(x2)	  x2:0x80008462 x16=0x00000000 PA:0x80008466
       13555000	      1354	80001cd8	606ac913	xori	x18,x21,1542	 x21:0x00000000 x18=0x00000606
       13565000	      1355	80001cdc	36030d93	addi	x27,x6,864	  x6:0x00000000 x27=0x00000360
       13575000	      1356	80001ce0	fdd10583	lb	x11,-35(x2)	  x2:0x80008462 x11=0x00000000 PA:0x8000843f
       13585000	      1357	80001ce4	2fa32613	slti	x12,x6,762	  x6:0x00000000 x12=0x00000001
       13595000	      1358	80001ce8	011e72b3	and	x5,x28,x17	 x28:0xffffffff x17:0x8000888c  x5=0x8000888c
       13605000	      1359	80001cec	00285313	srli	x6,x16,0x2	 x16:0x00000000  x6=0x00000000
       13615000	      1360	80001cf0	ae4d6113	ori	x2,x26,-1308	 x26:0x3c2395b0  x2=0xfffffff4
       13625000	      1361	80001cf4	2da98913	addi	x18,x19,730	 x19:0x00000001 x18=0x000002db
       13635000	      1362	80001cf8	182927b7	lui	x15,0x18292	 x15=0x18292000
       13645000	      1363	80001cfc	97ed3913	sltiu	x18,x26,-1666	 x26:0x3c2395b0 x18=0x00000001
       13655000	      1364	80001d00	38872e13	slti	x28,x14,904	 x14:0xffffff8f x28=0x00000001
       13665000	      1365	80001d04	484d27b7	lui	x15,0x484d2	 x15=0x484d2000
       13675000	      1366	80001d08	41de5633	sra	x12,x28,x29	 x28:0x00000001 x29:0x00000000 x12=0x00000001
       13685000	      1367	80001d0c	dfb30313	addi	x6,x6,-517	  x6:0x00000000  x6=0xfffffdfb
       13695000	      1368	80001d10	0125b2b3	sltu	x5,x11,x18	 x11:0x00000000 x18:0x00000001  x5=0x00000001
       13705000	      1369	80001d14	a26c7893	andi	x17,x24,-1498	 x24:0x0000078d x17=0x00000204
       13715000	      1370	80001d18	5ce06993	ori	x19,x0,1486	  x0:0x00000000 x19=0x000005ce
       13725000	      1371	80001d1c	d16a5bb7	lui	x23,0xd16a5	 x23=0xd16a5000
       13735000	      1372	80001d20	004eb9b3	sltu	x19,x29,x4	 x29:0x00000000  x4:0x00000323 x19=0x00000001
       13745000	      1373	80001d24	04d7c893	xori	x17,x15,77	 x15:0x484d2000 x17=0x484d204d
       13755000	      1374	80001d28	00c39ab3	sll	x21,x7,x12	  x7:0x80009fc4 x12:0x00000001 x21=0x00013f88
       13765000	      1375	80001d2c	012aaa33	slt	x20,x21,x18	 x21:0x00013f88 x18:0x00000001 x20=0x00000000
       13775000	      1376	80001d30	01445b93	srli	x23,x8,0x14	  x8:0x00000001 x23=0x00000000
       13785000	      1377	80001d34	01961d93	slli	x27,x12,0x19	 x12:0x00000001 x27=0x02000000
       13795000	      1378	80001d38	00000013	addi	x0,x0,0	  x0:0x00000000
       13805000	      1379	80001d3c	00ca70b3	and	x1,x20,x12	 x20:0x00000000 x12:0x00000001  x1=0x00000000
       13815000	      1380	80001d40	0340c663	blt	x1,x20,80001d6c	  x1:0x00000000 x20:0x00000000
       13825000	      1381	80001d44	01f6d4b3	srl	x9,x13,x31	 x13:0x80009f78 x31:0xbb009fff  x9=0x00000001
       13835000	      1382	80001d48	c2c5ecb7	lui	x25,0xc2c5e	 x25=0xc2c5e000
       13845000	      1383	80001d4c	01e7a633	slt	x12,x15,x30	 x15:0x484d2000 x30:0x00008000 x12=0x00000000
       13855000	      1384	80001d50	414489b3	sub	x19,x9,x20	  x9:0x00000001 x20:0x00000000 x19=0x00000001
       13865000	      1385	80001d54	574b8593	addi	x11,x23,1396	 x23:0x00000000 x11=0x00000574
       13875000	      1386	80001d58	1de90193	addi	x3,x18,478	 x18:0x00000001  x3=0x000001df
       13885000	      1387	80001d5c	00937eb3	and	x29,x6,x9	  x6:0xfffffdfb  x9:0x00000001 x29=0x00000001
       13895000	      1388	80001d60	00e27333	and	x6,x4,x14	  x4:0x00000323 x14:0xffffff8f  x6=0x00000303
       13905000	      1389	80001d64	01e3fc33	and	x24,x7,x30	  x7:0x80009fc4 x30:0x00008000 x24=0x00008000
       13915000	      1390	80001d68	e3c74193	xori	x3,x14,-452	 x14:0xffffff8f  x3=0x000001b3
       13925000	      1391	80001d6c	01369863	bne	x13,x19,80001d7c	 x13:0x80009f78 x19:0x00000001
       13935000	      1392	00000000	00000013	addi	x0,x0,0	  x0:0x00000000
       13945000	      1393	80001d78	00000013	addi	x0,x0,0	  x0:0x00000000
       13955000	      1394	80001d7c	2823ac93	slti	x25,x7,642	  x7:0x80009fc4 x25=0x00000001
       13965000	      1395	80001d80	410102b3	sub	x5,x2,x16	  x2:0xfffffff4 x16:0x00000000  x5=0xfffffff4
       13975000	      1396	80001d84	409152b3	sra	x5,x2,x9	  x2:0xfffffff4  x9:0x00000001  x5=0xfffffffa
       13985000	      1397	80001d88	0094c333	xor	x6,x9,x9	  x9:0x00000001  x9:0x00000001  x6=0x00000000
       13995000	      1398	80001d8c	00538a63	beq	x7,x5,80001da0	  x7:0x80009fc4  x5:0xfffffffa
       14005000	      1399	80001d90	5a863213	sltiu	x4,x12,1448	 x12:0x00000000  x4=0x00000001
       14015000	      1400	80001d94	03cec863	blt	x29,x28,80001dc4	 x29:0x00000001 x28:0x00000001
       14025000	      1401	80001d98	00161863	bne	x12,x1,80001da8	 x12:0x00000000  x1:0x00000000
       14035000	      1402	80001d9c	00f2f533	and	x10,x5,x15	  x5:0xfffffffa x15:0x484d2000 x10=0x484d2000
       14045000	      1403	80001da0	018a7cb3	and	x25,x20,x24	 x20:0x00000000 x24:0x00008000 x25=0x00000000
       14055000	      1404	80001da4	00b3d113	srli	x2,x7,0xb	  x7:0x80009fc4  x2=0x00100013
       14065000	      1405	80001da8	01449793	slli	x15,x9,0x14	  x9:0x00000001 x15=0x00100000
       14075000	      1406	80001dac	409ad293	srai	x5,x21,0x9	 x21:0x00013f88  x5=0x0000009f
       14085000	      1407	80001db0	2682af93	slti	x31,x5,616	  x5:0x0000009f x31=0x00000001
       14095000	      1408	80001db4	01e71c93	slli	x25,x14,0x1e	 x14:0xffffff8f x25=0xc0000000
       14105000	      1409	80001db8	b8ea6893	ori	x17,x20,-1138	 x20:0x00000000 x17=0xfffffb8e
       14115000	      1410	80001dbc	0208fb97	auipc	x23,0x208f	 x23=0x82090db8
       14125000	      1411	80001dc0	01d94f33	xor	x30,x18,x29	 x18:0x00000001 x29:0x00000001 x30=0x00000000
       14135000	      1412	80001dc4	0195c263	blt	x11,x25,80001dc8	 x11:0x00000574 x25:0xc0000000
       14145000	      1413	80001dc8	007b9cb3	sll	x25,x23,x7	 x23:0x82090db8  x7:0x80009fc4 x25=0x2090db80
       14155000	      1414	80001dcc	58268893	addi	x17,x13,1410	 x13:0x80009f78 x17=0x8000a4fa
       14165000	      1415	80001dd0	005bd933	srl	x18,x23,x5	 x23:0x82090db8  x5:0x0000009f x18=0x00000001
       14175000	      1416	80001dd4	01b2f7b3	and	x15,x5,x27	  x5:0x0000009f x27:0x02000000 x15=0x00000000
       14185000	      1417	80001dd8	00905cb3	srl	x25,x0,x9	  x0:0x00000000  x9:0x00000001 x25=0x00000000
       14195000	      1418	80001ddc	f3603b17	auipc	x22,0xf3603	 x22=0x73604dd8
       14205000	      1419	80001de0	00d3e8b3	or	x17,x7,x13	  x7:0x80009fc4 x13:0x80009f78 x17=0x80009ffc
       14215000	      1420	80001de4	409c5c33	sra	x24,x24,x9	 x24:0x00008000  x9:0x00000001 x24=0x00004000
       14225000	      1421	80001de8	01702ab3	slt	x21,x0,x23	  x0:0x00000000 x23:0x82090db8 x21=0x00000000
       14235000	      1422	80001dec	00d9d533	srl	x10,x19,x13	 x19:0x00000001 x13:0x80009f78 x10=0x00000000
       14245000	      1423	80001df0	c8ec2093	slti	x1,x24,-882	 x24:0x00004000  x1=0x00000000
       14255000	      1424	80001df4	01144263	blt	x8,x17,80001df8	  x8:0x00000001 x17:0x80009ffc
       14265000	      1425	80001df8	40c658b3	sra	x17,x12,x12	 x12:0x00000000 x12:0x00000000 x17=0x00000000
       14275000	      1426	80001dfc	00000013	addi	x0,x0,0	  x0:0x00000000
       14285000	      1427	80001e00	40a05493	srai	x9,x0,0xa	  x0:0x00000000  x9=0x00000000
       14295000	      1428	80001e04	0353d263	bge	x7,x21,80001e28	  x7:0x80009fc4 x21:0x00000000
       14305000	      1429	80001e08	018cb1b3	sltu	x3,x25,x24	 x25:0x00000000 x24:0x00004000  x3=0x00000001
       14315000	      1430	80001e0c	48f10f93	addi	x31,x2,1167	  x2:0x00100013 x31=0x001004a2
       14325000	      1431	80001e10	0193d593	srli	x11,x7,0x19	  x7:0x80009fc4 x11=0x00000040
       14335000	      1432	80001e14	03cc1463	bne	x24,x28,80001e3c	 x24:0x00004000 x28:0x00000001
       14345000	      1433	00000000	00000013	addi	x0,x0,0	  x0:0x00000000
       14355000	      1434	80001e38	00000013	addi	x0,x0,0	  x0:0x00000000
       14365000	      1435	80001e3c	01e47cb3	and	x25,x8,x30	  x8:0x00000001 x30:0x00000000 x25=0x00000000
       14375000	      1436	80001e40	01c7a633	slt	x12,x15,x28	 x15:0x00000000 x28:0x00000001 x12=0x00000001
       14385000	      1437	80001e44	4079d113	srai	x2,x19,0x7	 x19:0x00000001  x2=0x00000000
       14395000	      1438	80001e48	401f8433	sub	x8,x31,x1	 x31:0x001004a2  x1:0x00000000  x8=0x001004a2
       14405000	      1439	80001e4c	000d4eb3	xor	x29,x26,x0	 x26:0x3c2395b0  x0:0x00000000 x29=0x3c2395b0
       14415000	      1440	80001e50	00e7f263	bgeu	x15,x14,80001e54	 x15:0x00000000 x14:0xffffff8f
       14425000	      1441	80001e54	00351663	bne	x10,x3,80001e60	 x10:0x00000000  x3:0x00000001
       14435000	      1442	00000000	00000013	addi	x0,x0,0	  x0:0x00000000
       14445000	      1443	80001e5c	00000013	addi	x0,x0,0	  x0:0x00000000
       14455000	      1444	80001e60	01817a63	bgeu	x2,x24,80001e74	  x2:0x00000000 x24:0x00004000
       14465000	      1445	80001e64	98894137	lui	x2,0x98894	  x2=0x98894000
       14475000	      1446	80001e68	05e51263	bne	x10,x30,80001eac	 x10:0x00000000 x30:0x00000000
       14485000	      1447	80001e6c	00b09113	slli	x2,x1,0xb	  x1:0x00000000  x2=0x00000000
       14495000	      1448	80001e70	00e322b3	slt	x5,x6,x14	  x6:0x00000000 x14:0xffffff8f  x5=0x00000000
       14505000	      1449	80001e74	03a98263	beq	x19,x26,80001e98	 x19:0x00000001 x26:0x3c2395b0
       14515000	      1450	80001e78	00d7d593	srli	x11,x15,0xd	 x15:0x00000000 x11=0x00000000
       14525000	      1451	80001e7c	01dd3cb3	sltu	x25,x26,x29	 x26:0x3c2395b0 x29:0x3c2395b0 x25=0x00000000
       14535000	      1452	80001e80	030f4a63	blt	x30,x16,80001eb4	 x30:0x00000000 x16:0x00000000
       14545000	      1453	80001e84	41740fb3	sub	x31,x8,x23	  x8:0x001004a2 x23:0x82090db8 x31=0x7e06f6ea
       14555000	      1454	80001e88	e2126d93	ori	x27,x4,-479	  x4:0x00000001 x27=0xfffffe21
       14565000	      1455	80001e8c	00258863	beq	x11,x2,80001e9c	 x11:0x00000000  x2:0x00000000
       14575000	      1456	00000000	00000013	addi	x0,x0,0	  x0:0x00000000
       14585000	      1457	80001e98	00000013	addi	x0,x0,0	  x0:0x00000000
       14595000	      1458	80001e9c	00994233	xor	x4,x18,x9	 x18:0x00000001  x9:0x00000000  x4=0x00000001
       14605000	      1459	80001ea0	0032b033	sltu	x0,x5,x3	  x5:0x00000000  x3:0x00000001
       14615000	      1460	80001ea4	01ee2a33	slt	x20,x28,x30	 x28:0x00000001 x30:0x00000000 x20=0x00000000
       14625000	      1461	80001ea8	930cc213	xori	x4,x25,-1744	 x25:0x00000000  x4=0xfffff930
       14635000	      1462	80001eac	0015d663	bge	x11,x1,80001eb8	 x11:0x00000000  x1:0x00000000
       14645000	      1463	00000000	00000013	addi	x0,x0,0	  x0:0x00000000
       14655000	      1464	80001eb4	00000013	addi	x0,x0,0	  x0:0x00000000
       14665000	      1465	80001eb8	001fe663	bltu	x31,x1,80001ec4	 x31:0x7e06f6ea  x1:0x00000000
       14675000	      1466	80001ebc	00a67463	bgeu	x12,x10,80001ec4	 x12:0x00000001 x10:0x00000000
       14685000	      1467	00000000	00000013	addi	x0,x0,0	  x0:0x00000000
       14695000	      1468	80001ec0	00000013	addi	x0,x0,0	  x0:0x00000000
       14705000	      1469	80001ec4	01a4d7b3	srl	x15,x9,x26	  x9:0x00000000 x26:0x3c2395b0 x15=0x00000000
       14715000	      1470	80001ec8	b3b97f13	andi	x30,x18,-1221	 x18:0x00000001 x30=0x00000001
       14725000	      1471	80001ecc	ca253837	lui	x16,0xca253	 x16=0xca253000
       14735000	      1472	80001ed0	01fe1993	slli	x19,x28,0x1f	 x28:0x00000001 x19=0x80000000
       14745000	      1473	80001ed4	01e4aa33	slt	x20,x9,x30	  x9:0x00000000 x30:0x00000001 x20=0x00000001
       14755000	      1474	80001ed8	01ab3633	sltu	x12,x22,x26	 x22:0x73604dd8 x26:0x3c2395b0 x12=0x00000000
       14765000	      1475	80001edc	014e6e63	bltu	x28,x20,80001ef8	 x28:0x00000001 x20:0x00000001
       14775000	      1476	80001ee0	0150a733	slt	x14,x1,x21	  x1:0x00000000 x21:0x00000000 x14=0x00000000
       14785000	      1477	80001ee4	01941a63	bne	x8,x25,80001ef8	  x8:0x001004a2 x25:0x00000000
       14795000	      1478	00000000	00000013	addi	x0,x0,0	  x0:0x00000000
       14805000	      1479	80001ef4	00000013	addi	x0,x0,0	  x0:0x00000000
       14815000	      1480	80001ef8	8925b893	sltiu	x17,x11,-1902	 x11:0x00000000 x17=0x00000001
       14825000	      1481	80001efc	01f55513	srli	x10,x10,0x1f	 x10:0x00000000 x10=0x00000000
       14835000	      1482	80001f00	41f8d913	srai	x18,x17,0x1f	 x17:0x00000001 x18=0x00000000
       14845000	      1483	80001f04	0046a083	lw	x1,4(x13)	 x13:0x80009f78  x1=0x800005ac PA:0x80009f7c
       14855000	      1484	80001f08	00c68693	addi	x13,x13,12	 x13:0x80009f78 x13=0x80009f84
       14865000	      1485	80001f0c	3d7bc137	lui	x2,0x3d7bc	  x2=0x3d7bc000
       14875000	      1486	80001f10	00008e13	addi	x28,x1,0	  x1:0x800005ac x28=0x800005ac
       14885000	      1487	80001f14	000e0e67	jalr	x28,x28,0	 x28:0x800005ac x28=0x80001f14
       14895000	      1488	00000000	00000013	addi	x0,x0,0	  x0:0x00000000
       14905000	      1489	800005ac	00000013	addi	x0,x0,0	  x0:0x00000000
       14915000	      1490	800005b0	013d99b3	sll	x19,x27,x19	 x27:0xfffffe21 x19:0x80000000 x19=0xfffffe21
       14925000	      1491	800005b4	01855713	srli	x14,x10,0x18	 x10:0x00000000 x14=0x00000000
       14935000	      1492	800005b8	00429833	sll	x16,x5,x4	  x5:0x00000000  x4:0xfffff930 x16=0x00000000
       14945000	      1493	800005bc	015b5593	srli	x11,x22,0x15	 x22:0x73604dd8 x11=0x0000039b
       14955000	      1494	800005c0	008d5d93	srli	x27,x26,0x8	 x26:0x3c2395b0 x27=0x003c2395
       14965000	      1495	800005c4	f155b293	sltiu	x5,x11,-235	 x11:0x0000039b  x5=0x00000001
       14975000	      1496	800005c8	c0ca4213	xori	x4,x20,-1012	 x20:0x00000001  x4=0xfffffc0d
       14985000	      1497	800005cc	a0333793	sltiu	x15,x6,-1533	  x6:0x00000000 x15=0x00000001
       14995000	      1498	800005d0	61c62117	auipc	x2,0x61c62	  x2=0xe1c625cc
       15005000	      1499	800005d4	011111b3	sll	x3,x2,x17	  x2:0xe1c625cc x17:0x00000001  x3=0xc38c4b98
       15015000	      1500	800005d8	010a5663	bge	x20,x16,800005e4	 x20:0x00000001 x16:0x00000000
       15025000	      1501	00000000	00000013	addi	x0,x0,0	  x0:0x00000000
       15035000	      1502	800005e0	00000013	addi	x0,x0,0	  x0:0x00000000
       15045000	      1503	800005e4	01c19a63	bne	x3,x28,800005f8	  x3:0xc38c4b98 x28:0x80001f14
       15055000	      1504	00000000	00000013	addi	x0,x0,0	  x0:0x00000000
       15065000	      1505	800005f4	00000013	addi	x0,x0,0	  x0:0x00000000
       15075000	      1506	800005f8	00000013	addi	x0,x0,0	  x0:0x00000000
       15085000	      1507	800005fc	0692ea63	bltu	x5,x9,80000670	  x5:0x00000001  x9:0x00000000
       15095000	      1508	80000600	0a954063	blt	x10,x9,800006a0	 x10:0x00000000  x9:0x00000000
       15105000	      1509	80000604	00008117	auipc	x2,0x8	  x2=0x80008600
       15115000	      1510	80000608	e9810113	addi	x2,x2,-360	  x2:0x80008600  x2=0x80008498
       15125000	      1511	8000060c	dbb14483	lbu	x9,-581(x2)	  x2:0x80008498  x9=0x00000000 PA:0x80008253
       15135000	      1512	80000610	00c1acb3	slt	x25,x3,x12	  x3:0xc38c4b98 x12:0x00000000 x25=0x00000001
       15145000	      1513	80000614	44d2c613	xori	x12,x5,1101	  x5:0x00000001 x12=0x0000044c
       15155000	      1514	80000618	09e11123	sh	x30,130(x2)	  x2:0x80008498 x30:0x00000001 PA:0x8000851a
       15165000	      1515	8000061c	bd710a03	lb	x20,-1065(x2)	  x2:0x80008498 x20=0x00000000 PA:0x8000806f
       15175000	      1516	80000620	0151e0b3	or	x1,x3,x21	  x3:0xc38c4b98 x21:0x00000000  x1=0xc38c4b98
       15185000	      1517	80000624	016805b3	add	x11,x16,x22	 x16:0x00000000 x22:0x73604dd8 x11=0x73604dd8
       15195000	      1518	80000628	006011b3	sll	x3,x0,x6	  x0:0x00000000  x6:0x00000000  x3=0x00000000
       15205000	      1519	8000062c	bd710803	lb	x16,-1065(x2)	  x2:0x80008498 x16=0x00000000 PA:0x8000806f
       15215000	      1520	80000630	e2910e83	lb	x29,-471(x2)	  x2:0x80008498 x29=0x00000000 PA:0x800082c1
       15225000	      1521	80000634	e67c0493	addi	x9,x24,-409	 x24:0x00004000  x9=0x00003e67
       15235000	      1522	80000638	ff012d83	lw	x27,-16(x2)	  x2:0x80008498 x27=0x00000000 PA:0x80008488
       15245000	      1523	8000063c	dab14483	lbu	x9,-597(x2)	  x2:0x80008498  x9=0x00000000 PA:0x80008243
       15255000	      1524	80000640	dab14503	lbu	x10,-597(x2)	  x2:0x80008498 x10=0x00000000 PA:0x80008243
       15265000	      1525	80000644	34810ca3	sb	x8,857(x2)	  x2:0x80008498  x8:0x001004a2 PA:0x800087f1
       15275000	      1526	80000648	bb510983	lb	x19,-1099(x2)	  x2:0x80008498 x19=0x00000000 PA:0x8000804d
       15285000	      1527	8000064c	dd415c83	lhu	x25,-556(x2)	  x2:0x80008498 x25=0x00000000 PA:0x8000826c
       15295000	      1528	80000650	dc510a23	sb	x5,-556(x2)	  x2:0x80008498  x5:0x00000001 PA:0x8000826c
       15305000	      1529	80000654	c6c15303	lhu	x6,-916(x2)	  x2:0x80008498  x6=0x00000000 PA:0x80008104
       15315000	      1530	80000658	cde14903	lbu	x18,-802(x2)	  x2:0x80008498 x18=0x00000000 PA:0x80008176
       15325000	      1531	8000065c	e5bcf993	andi	x19,x25,-421	 x25:0x00000000 x19=0x00000000
       15335000	      1532	80000660	75a53313	sltiu	x6,x10,1882	 x10:0x00000000  x6=0x00000001
       15345000	      1533	80000664	01001413	slli	x8,x0,0x10	  x0:0x00000000  x8=0x00000000
       15355000	      1534	80000668	03cfe063	bltu	x31,x28,80000688	 x31:0x7e06f6ea x28:0x80001f14
       15365000	      1535	00000000	00000013	addi	x0,x0,0	  x0:0x00000000
       15375000	      1536	80000684	00000013	addi	x0,x0,0	  x0:0x00000000
       15385000	      1537	80000688	00baa0b3	slt	x1,x21,x11	 x21:0x00000000 x11:0x73604dd8  x1=0x00000001
       15395000	      1538	8000068c	0366c463	blt	x13,x22,800006b4	 x13:0x80009f84 x22:0x73604dd8
       15405000	      1539	00000000	00000013	addi	x0,x0,0	  x0:0x00000000
       15415000	      1540	800006b0	00000013	addi	x0,x0,0	  x0:0x00000000
       15425000	      1541	800006b4	4653b513	sltiu	x10,x7,1125	  x7:0x80009fc4 x10=0x00000000
       15435000	      1542	800006b8	1ed4ce93	xori	x29,x9,493	  x9:0x00000000 x29=0x000001ed
       15445000	      1543	800006bc	738fd537	lui	x10,0x738fd	 x10=0x738fd000
       15455000	      1544	800006c0	036f6063	bltu	x30,x22,800006e0	 x30:0x00000001 x22:0x73604dd8
       15465000	      1545	00000000	00000013	addi	x0,x0,0	  x0:0x00000000
       15475000	      1546	800006dc	00000013	addi	x0,x0,0	  x0:0x00000000
       15485000	      1547	800006e0	015a67b3	or	x15,x20,x21	 x20:0x00000000 x21:0x00000000 x15=0x00000000
       15495000	      1548	800006e4	0159d433	srl	x8,x19,x21	 x19:0x00000000 x21:0x00000000  x8=0x00000000
       15505000	      1549	800006e8	004d7733	and	x14,x26,x4	 x26:0x3c2395b0  x4:0xfffffc0d x14=0x3c239400
       15515000	      1550	800006ec	01a0e8b3	or	x17,x1,x26	  x1:0x00000001 x26:0x3c2395b0 x17=0x3c2395b1
       15525000	      1551	800006f0	00d44e63	blt	x8,x13,8000070c	  x8:0x00000000 x13:0x80009f84
       15535000	      1552	800006f4	01d97e63	bgeu	x18,x29,80000710	 x18:0x00000000 x29:0x000001ed
       15545000	      1553	800006f8	87f6ee13	ori	x28,x13,-1921	 x13:0x80009f84 x28=0xffffffff
       15555000	      1554	800006fc	012b19b3	sll	x19,x22,x18	 x22:0x73604dd8 x18:0x00000000 x19=0x73604dd8
       15565000	      1555	80000700	40e007b3	sub	x15,x0,x14	  x0:0x00000000 x14:0x3c239400 x15=0xc3dc6c00
       15575000	      1556	80000704	01e99233	sll	x4,x19,x30	 x19:0x73604dd8 x30:0x00000001  x4=0xe6c09bb0
       15585000	      1557	80000708	01afc933	xor	x18,x31,x26	 x31:0x7e06f6ea x26:0x3c2395b0 x18=0x4225635a
       15595000	      1558	8000070c	4e8ce317	auipc	x6,0x4e8ce	  x6=0xce8ce708
       15605000	      1559	80000710	01fd90b3	sll	x1,x27,x31	 x27:0x00000000 x31:0x7e06f6ea  x1=0x00000000
       15615000	      1560	80000714	36f32b93	slti	x23,x6,879	  x6:0xce8ce708 x23=0x00000001
       15625000	      1561	80000718	05610063	beq	x2,x22,80000758	  x2:0x80008498 x22:0x73604dd8
       15635000	      1562	8000071c	04e6d063	bge	x13,x14,8000075c	 x13:0x80009f84 x14:0x3c239400
       15645000	      1563	80000720	c2fce993	ori	x19,x25,-977	 x25:0x00000000 x19=0xfffffc2f
       15655000	      1564	80000724	04437463	bgeu	x6,x4,8000076c	  x6:0xce8ce708  x4:0xe6c09bb0
       15665000	      1565	80000728	404b5313	srai	x6,x22,0x4	 x22:0x73604dd8  x6=0x073604dd
       15675000	      1566	8000072c	0183d013	srli	x0,x7,0x18	  x7:0x80009fc4
       15685000	      1567	80000730	008199b3	sll	x19,x3,x8	  x3:0x00000000  x8:0x00000000 x19=0x00000000
       15695000	      1568	80000734	4031db13	srai	x22,x3,0x3	  x3:0x00000000 x22=0x00000000
       15705000	      1569	80000738	02269a63	bne	x13,x2,8000076c	 x13:0x80009f84  x2:0x80008498
       15715000	      1570	00000000	00000013	addi	x0,x0,0	  x0:0x00000000
       15725000	      1571	80000768	00000013	addi	x0,x0,0	  x0:0x00000000
       15735000	      1572	8000076c	40a751b3	sra	x3,x14,x10	 x14:0x3c239400 x10:0x738fd000  x3=0x3c239400
       15745000	      1573	80000770	41e90633	sub	x12,x18,x30	 x18:0x4225635a x30:0x00000001 x12=0x42256359
       15755000	      1574	80000774	347ce193	ori	x3,x25,839	 x25:0x00000000  x3=0x00000347
       15765000	      1575	80000778	01c787b3	add	x15,x15,x28	 x15:0xc3dc6c00 x28:0xffffffff x15=0xc3dc6bff
       15775000	      1576	8000077c	01936fb3	or	x31,x6,x25	  x6:0x073604dd x25:0x00000000 x31=0x073604dd
       15785000	      1577	80000780	40f8d7b3	sra	x15,x17,x15	 x17:0x3c2395b1 x15:0xc3dc6bff x15=0x00000000
       15795000	      1578	80000784	63302e93	slti	x29,x0,1587	  x0:0x00000000 x29=0x00000001
       15805000	      1579	80000788	018684b3	add	x9,x13,x24	 x13:0x80009f84 x24:0x00004000  x9=0x8000df84
       15815000	      1580	8000078c	01044e33	xor	x28,x8,x16	  x8:0x00000000 x16:0x00000000 x28=0x00000000
       15825000	      1581	80000790	05b2d063	bge	x5,x27,800007d0	  x5:0x00000001 x27:0x00000000
       15835000	      1582	00000000	00000013	addi	x0,x0,0	  x0:0x00000000
       15845000	      1583	800007cc	00000013	addi	x0,x0,0	  x0:0x00000000
       15855000	      1584	800007d0	005aa833	slt	x16,x21,x5	 x21:0x00000000  x5:0x00000001 x16=0x00000001
       15865000	      1585	800007d4	023d8663	beq	x27,x3,80000800	 x27:0x00000000  x3:0x00000347
       15875000	      1586	800007d8	4afae717	auipc	x14,0x4afae	 x14=0xcafae7d4
       15885000	      1587	800007dc	002d5493	srli	x9,x26,0x2	 x26:0x3c2395b0  x9=0x0f08e56c
       15895000	      1588	800007e0	00e5ee63	bltu	x11,x14,800007fc	 x11:0x73604dd8 x14:0xcafae7d4
       15905000	      1589	00000000	00000013	addi	x0,x0,0	  x0:0x00000000
       15915000	      1590	800007f8	00000013	addi	x0,x0,0	  x0:0x00000000
       15925000	      1591	800007fc	4daa3993	sltiu	x19,x20,1242	 x20:0x00000000 x19=0x00000001
       15935000	      1592	80000800	00181a93	slli	x21,x16,0x1	 x16:0x00000001 x21=0x00000002
       15945000	      1593	80000804	69e560b7	lui	x1,0x69e56	  x1=0x69e56000
       15955000	      1594	80000808	03eb6a63	bltu	x22,x30,8000083c	 x22:0x00000000 x30:0x00000001
       15965000	      1595	00000000	00000013	addi	x0,x0,0	  x0:0x00000000
       15975000	      1596	80000838	00000013	addi	x0,x0,0	  x0:0x00000000
       15985000	      1597	8000083c	29776913	ori	x18,x14,663	 x14:0xcafae7d4 x18=0xcafae7d7
       15995000	      1598	80000840	8c370493	addi	x9,x14,-1853	 x14:0xcafae7d4  x9=0xcafae097
       16005000	      1599	80000844	00571633	sll	x12,x14,x5	 x14:0xcafae7d4  x5:0x00000001 x12=0x95f5cfa8
       16015000	      1600	80000848	001f4cb3	xor	x25,x30,x1	 x30:0x00000001  x1:0x69e56000 x25=0x69e56001
       16025000	      1601	8000084c	01fb3cb3	sltu	x25,x22,x31	 x22:0x00000000 x31:0x073604dd x25=0x00000001
       16035000	      1602	80000850	3365f913	andi	x18,x11,822	 x11:0x73604dd8 x18=0x00000110
       16045000	      1603	80000854	1149f263	bgeu	x19,x20,80000958	 x19:0x00000001 x20:0x00000000
       16055000	      1604	00000000	00000013	addi	x0,x0,0	  x0:0x00000000
       16065000	      1605	80000954	00000013	addi	x0,x0,0	  x0:0x00000000
       16075000	      1606	80000958	04aae063	bltu	x21,x10,80000998	 x21:0x00000002 x10:0x738fd000
       16085000	      1607	00000000	00000013	addi	x0,x0,0	  x0:0x00000000
       16095000	      1608	80000994	00000013	addi	x0,x0,0	  x0:0x00000000
       16105000	      1609	80000998	41b208b3	sub	x17,x4,x27	  x4:0xe6c09bb0 x27:0x00000000 x17=0xe6c09bb0
       16115000	      1610	8000099c	019f1613	slli	x12,x30,0x19	 x30:0x00000001 x12=0x02000000
       16125000	      1611	800009a0	021a1e63	bne	x20,x1,800009dc	 x20:0x00000000  x1:0x69e56000
       16135000	      1612	00000000	00000013	addi	x0,x0,0	  x0:0x00000000
       16145000	      1613	800009d8	00000013	addi	x0,x0,0	  x0:0x00000000
       16155000	      1614	800009dc	03a9c863	blt	x19,x26,80000a0c	 x19:0x00000001 x26:0x3c2395b0
       16165000	      1615	00000000	00000013	addi	x0,x0,0	  x0:0x00000000
       16175000	      1616	80000a08	00000013	addi	x0,x0,0	  x0:0x00000000
       16185000	      1617	80000a0c	00145413	srli	x8,x8,0x1	  x8:0x00000000  x8=0x00000000
       16195000	      1618	80000a10	01605263	bge	x0,x22,80000a14	  x0:0x00000000 x22:0x00000000
       16205000	      1619	00000000	00000013	addi	x0,x0,0	  x0:0x00000000
       16215000	      1620	80000a10	00000013	addi	x0,x0,0	  x0:0x00000000
       16225000	      1621	80000a14	186dbb17	auipc	x22,0x186db	 x22=0x986dba10
       16235000	      1622	80000a18	00edb2b3	sltu	x5,x27,x14	 x27:0x00000000 x14:0xcafae7d4  x5=0x00000001
       16245000	      1623	80000a1c	12fd7293	andi	x5,x26,303	 x26:0x3c2395b0  x5=0x00000120
       16255000	      1624	80000a20	f8614a97	auipc	x21,0xf8614	 x21=0x78614a1c
       16265000	      1625	80000a24	021d8863	beq	x27,x1,80000a54	 x27:0x00000000  x1:0x69e56000
       16275000	      1626	80000a28	01264133	xor	x2,x12,x18	 x12:0x02000000 x18:0x00000110  x2=0x02000110
       16285000	      1627	80000a2c	017b3f33	sltu	x30,x22,x23	 x22:0x986dba10 x23:0x00000001 x30=0x00000000
       16295000	      1628	80000a30	00e27c33	and	x24,x4,x14	  x4:0xe6c09bb0 x14:0xcafae7d4 x24=0xc2c08390
       16305000	      1629	80000a34	01764a63	blt	x12,x23,80000a48	 x12:0x02000000 x23:0x00000001
       16315000	      1630	80000a38	014f4e63	blt	x30,x20,80000a54	 x30:0x00000000 x20:0x00000000
       16325000	      1631	80000a3c	9a6df9b7	lui	x19,0x9a6df	 x19=0x9a6df000
       16335000	      1632	80000a40	e0ce2a13	slti	x20,x28,-500	 x28:0x00000000 x20=0x00000000
       16345000	      1633	80000a44	380e7f13	andi	x30,x28,896	 x28:0x00000000 x30=0x00000000
       16355000	      1634	80000a48	03d47e63	bgeu	x8,x29,80000a84	  x8:0x00000000 x29:0x00000001
       16365000	      1635	80000a4c	01fde663	bltu	x27,x31,80000a58	 x27:0x00000000 x31:0x073604dd
       16375000	      1636	00000000	00000013	addi	x0,x0,0	  x0:0x00000000
       16385000	      1637	80000a54	00000013	addi	x0,x0,0	  x0:0x00000000
       16395000	      1638	80000a58	54942f37	lui	x30,0x54942	 x30=0x54942000
       16405000	      1639	80000a5c	40df5033	sra	x0,x30,x13	 x30:0x54942000 x13:0x80009f84
       16415000	      1640	80000a60	01cefe63	bgeu	x29,x28,80000a7c	 x29:0x00000001 x28:0x00000000
       16425000	      1641	00000000	00000013	addi	x0,x0,0	  x0:0x00000000
       16435000	      1642	80000a78	00000013	addi	x0,x0,0	  x0:0x00000000
       16445000	      1643	80000a7c	38094793	xori	x15,x18,896	 x18:0x00000110 x15=0x00000290
       16455000	      1644	80000a80	03ee8663	beq	x29,x30,80000aac	 x29:0x00000001 x30:0x54942000
       16465000	      1645	80000a84	b8e34713	xori	x14,x6,-1138	  x6:0x073604dd x14=0xf8c9ff53
       16475000	      1646	80000a88	01ceae33	slt	x28,x29,x28	 x29:0x00000001 x28:0x00000000 x28=0x00000000
       16485000	      1647	80000a8c	00e42333	slt	x6,x8,x14	  x8:0x00000000 x14:0xf8c9ff53  x6=0x00000000
       16495000	      1648	80000a90	4d825a97	auipc	x21,0x4d825	 x21=0xcd825a8c
       16505000	      1649	80000a94	e9cea913	slti	x18,x29,-356	 x29:0x00000001 x18=0x00000000
       16515000	      1650	80000a98	04201063	bne	x0,x2,80000ad8	  x0:0x00000000  x2:0x02000110
       16525000	      1651	00000000	00000013	addi	x0,x0,0	  x0:0x00000000
       16535000	      1652	80000ad4	00000013	addi	x0,x0,0	  x0:0x00000000
       16545000	      1653	80000ad8	93bc0317	auipc	x6,0x93bc0	  x6=0x13bc0ad4
       16555000	      1654	80000adc	01dd9133	sll	x2,x27,x29	 x27:0x00000000 x29:0x00000001  x2=0x00000000
       16565000	      1655	80000ae0	00c72bb3	slt	x23,x14,x12	 x14:0xf8c9ff53 x12:0x02000000 x23=0x00000001
       16575000	      1656	80000ae4	87117493	andi	x9,x2,-1935	  x2:0x00000000  x9=0x00000000
       16585000	      1657	80000ae8	01494b33	xor	x22,x18,x20	 x18:0x00000000 x20:0x00000000 x22=0x00000000
       16595000	      1658	80000aec	05bde063	bltu	x27,x27,80000b2c	 x27:0x00000000 x27:0x00000000
       16605000	      1659	80000af0	01905bb3	srl	x23,x0,x25	  x0:0x00000000 x25:0x00000001 x23=0x00000000
       16615000	      1660	80000af4	01f94ab3	xor	x21,x18,x31	 x18:0x00000000 x31:0x073604dd x21=0x073604dd
       16625000	      1661	80000af8	01834a33	xor	x20,x6,x24	  x6:0x13bc0ad4 x24:0xc2c08390 x20=0xd17c8944
       16635000	      1662	80000afc	033e4a63	blt	x28,x19,80000b30	 x28:0x00000000 x19:0x9a6df000
       16645000	      1663	80000b00	01f65213	srli	x4,x12,0x1f	 x12:0x02000000  x4=0x00000000
       16655000	      1664	80000b04	01f41193	slli	x3,x8,0x1f	  x8:0x00000000  x3=0x00000000
       16665000	      1665	80000b08	02adc063	blt	x27,x10,80000b28	 x27:0x00000000 x10:0x738fd000
       16675000	      1666	00000000	00000013	addi	x0,x0,0	  x0:0x00000000
       16685000	      1667	80000b24	00000013	addi	x0,x0,0	  x0:0x00000000
       16695000	      1668	80000b28	41c309b3	sub	x19,x6,x28	  x6:0x13bc0ad4 x28:0x00000000 x19=0x13bc0ad4
       16705000	      1669	80000b2c	01a07bb3	and	x23,x0,x26	  x0:0x00000000 x26:0x3c2395b0 x23=0x00000000
       16715000	      1670	80000b30	76e0b593	sltiu	x11,x1,1902	  x1:0x69e56000 x11=0x00000000
       16725000	      1671	80000b34	00867c63	bgeu	x12,x8,80000b4c	 x12:0x02000000  x8:0x00000000
       16735000	      1672	00000000	00000013	addi	x0,x0,0	  x0:0x00000000
       16745000	      1673	80000b48	00000013	addi	x0,x0,0	  x0:0x00000000
       16755000	      1674	80000b4c	f7fef013	andi	x0,x29,-129	 x29:0x00000001
       16765000	      1675	80000b50	252cab93	slti	x23,x25,594	 x25:0x00000001 x23=0x00000001
       16775000	      1676	80000b54	016dc0b3	xor	x1,x27,x22	 x27:0x00000000 x22:0x00000000  x1=0x00000000
       16785000	      1677	80000b58	016f11b3	sll	x3,x30,x22	 x30:0x54942000 x22:0x00000000  x3=0x54942000
       16795000	      1678	80000b5c	017bc833	xor	x16,x23,x23	 x23:0x00000001 x23:0x00000001 x16=0x00000000
       16805000	      1679	80000b60	7b8d0313	addi	x6,x26,1976	 x26:0x3c2395b0  x6=0x3c239d68
       16815000	      1680	80000b64	43aa8293	addi	x5,x21,1082	 x21:0x073604dd  x5=0x07360917
       16825000	      1681	80000b68	409bd093	srai	x1,x23,0x9	 x23:0x00000001  x1=0x00000000
       16835000	      1682	80000b6c	007032b3	sltu	x5,x0,x7	  x0:0x00000000  x7:0x80009fc4  x5=0x00000001
       16845000	      1683	80000b70	00000013	addi	x0,x0,0	  x0:0x00000000
       16855000	      1684	80000b74	00000d17	auipc	x26,0x0	 x26=0x80000b70
       16865000	      1685	80000b78	00cd0d13	addi	x26,x26,12	 x26:0x80000b70 x26=0x80000b7c
       16875000	      1686	80000b7c	000d0067	jalr	x0,x26,0	 x26:0x80000b7c
       16885000	      1687	00000000	00000013	addi	x0,x0,0	  x0:0x00000000
       16895000	      1688	80000b7c	00000013	addi	x0,x0,0	  x0:0x00000000
       16905000	      1689	80000b80	00100193	addi	x3,x0,1	  x0:0x00000000  x3=0x00000001
       16915000	      1690	80000b84	00000073	ecall	
       16925000	      1691	80000b88	018e78b3	and	x17,x28,x24	 x28:0x00000000 x24:0xc2c08390 x17=0x00000000
