		Time			Cycle	PC		Insn	Decoded instruction	Register and memory contents
          65000	         5	80000004	00000293	addi	x5,x0,0	  x0:0x00000000  x5=0x00000000
          75000	         6	80000008	00000313	addi	x6,x0,0	  x0:0x00000000  x6=0x00000000
          85000	         7	8000000c	00628263	beq	x5,x6,80000010	  x5:0x00000000  x6:0x00000000
          95000	         8	00000000	00000013	addi	x0,x0,0	  x0:0x00000000
         105000	         9	8000000c	00000013	addi	x0,x0,0	  x0:0x00000000
         115000	        10	80000010	00000717	auipc	x14,0x0	 x14=0x8000000c
         125000	        11	80000014	00c70713	addi	x14,x14,12	 x14:0x8000000c x14=0x80000018
         135000	        12	80000018	00070067	jalr	x0,x14,0	 x14:0x80000018
         145000	        13	00000000	00000013	addi	x0,x0,0	  x0:0x00000000
         155000	        14	80000018	00000013	addi	x0,x0,0	  x0:0x00000000
         165000	        15	8000001c	40000f37	lui	x30,0x40000	 x30=0x40000000
         175000	        16	80000020	100f0f13	addi	x30,x30,256	 x30:0x40000000 x30=0x40000100
         185000	        17	80000024	00000013	addi	x0,x0,0	  x0:0x00000000
         195000	        18	80000028	0000a417	auipc	x8,0xa	  x8=0x8000a024
         205000	        19	8000002c	fa040413	addi	x8,x8,-96	  x8:0x8000a024  x8=0x80009fc4
         215000	        20	80000030	00003f17	auipc	x30,0x3	 x30=0x8000302c
         225000	        21	80000034	904f0f13	addi	x30,x30,-1788	 x30:0x8000302c x30=0x80002930
         235000	        22	80000038	001f6f13	ori	x30,x30,1	 x30:0x80002930 x30=0x80002931
         245000	        23	8000003c	00000013	addi	x0,x0,0	  x0:0x00000000
         255000	        24	80000040	00000f17	auipc	x30,0x0	 x30=0x8000003c
         265000	        25	80000044	020f0f13	addi	x30,x30,32	 x30:0x8000003c x30=0x8000005c
         275000	        26	80000048	00000013	addi	x0,x0,0	  x0:0x00000000
         285000	        27	8000004c	00000013	addi	x0,x0,0	  x0:0x00000000
         295000	        28	80000050	00002f37	lui	x30,0x2	 x30=0x00002000
         305000	        29	80000054	800f0f13	addi	x30,x30,-2048	 x30:0x00002000 x30=0x00001800
         315000	        30	80000058	00000013	addi	x0,x0,0	  x0:0x00000000
         325000	        31	8000005c	00000013	addi	x0,x0,0	  x0:0x00000000
         335000	        32	80000060	53454037	lui	x0,0x53454	
         345000	        33	80000064	70f00013	addi	x0,x0,1807	  x0:0x00000000
         355000	        34	80000068	00000093	addi	x1,x0,0	  x0:0x00000000  x1=0x00000000
         365000	        35	8000006c	80000137	lui	x2,0x80000	  x2=0x80000000
         375000	        36	80000070	00000193	addi	x3,x0,0	  x0:0x00000000  x3=0x00000000
         385000	        37	80000074	00000213	addi	x4,x0,0	  x0:0x00000000  x4=0x00000000
         395000	        38	80000078	00600313	addi	x6,x0,6	  x0:0x00000000  x6=0x00000006
         405000	        39	8000007c	fd32b3b7	lui	x7,0xfd32b	  x7=0xfd32b000
         415000	        40	80000080	4e338393	addi	x7,x7,1251	  x7:0xfd32b000  x7=0xfd32b4e3
         425000	        41	80000084	00000493	addi	x9,x0,0	  x0:0x00000000  x9=0x00000000
         435000	        42	80000088	00000513	addi	x10,x0,0	  x0:0x00000000 x10=0x00000000
         445000	        43	8000008c	00100593	addi	x11,x0,1	  x0:0x00000000 x11=0x00000001
         455000	        44	80000090	00000613	addi	x12,x0,0	  x0:0x00000000 x12=0x00000000
         465000	        45	80000094	00000693	addi	x13,x0,0	  x0:0x00000000 x13=0x00000000
         475000	        46	80000098	ffa9b737	lui	x14,0xffa9b	 x14=0xffa9b000
         485000	        47	8000009c	f9370713	addi	x14,x14,-109	 x14:0xffa9b000 x14=0xffa9af93
         495000	        48	800000a0	00000793	addi	x15,x0,0	  x0:0x00000000 x15=0x00000000
         505000	        49	800000a4	00000813	addi	x16,x0,0	  x0:0x00000000 x16=0x00000000
         515000	        50	800000a8	00c00893	addi	x17,x0,12	  x0:0x00000000 x17=0x0000000c
         525000	        51	800000ac	80000937	lui	x18,0x80000	 x18=0x80000000
         535000	        52	800000b0	3dcb79b7	lui	x19,0x3dcb7	 x19=0x3dcb7000
         545000	        53	800000b4	b6a98993	addi	x19,x19,-1174	 x19:0x3dcb7000 x19=0x3dcb6b6a
         555000	        54	800000b8	f9ed3a37	lui	x20,0xf9ed3	 x20=0xf9ed3000
         565000	        55	800000bc	5b5a0a13	addi	x20,x20,1461	 x20:0xf9ed3000 x20=0xf9ed35b5
         575000	        56	800000c0	00000a93	addi	x21,x0,0	  x0:0x00000000 x21=0x00000000
         585000	        57	800000c4	80000b37	lui	x22,0x80000	 x22=0x80000000
         595000	        58	800000c8	00b00b93	addi	x23,x0,11	  x0:0x00000000 x23=0x0000000b
         605000	        59	800000cc	00200c13	addi	x24,x0,2	  x0:0x00000000 x24=0x00000002
         615000	        60	800000d0	c34fecb7	lui	x25,0xc34fe	 x25=0xc34fe000
         625000	        61	800000d4	af7c8c93	addi	x25,x25,-1289	 x25:0xc34fe000 x25=0xc34fdaf7
         635000	        62	800000d8	00000d13	addi	x26,x0,0	  x0:0x00000000 x26=0x00000000
         645000	        63	800000dc	80000db7	lui	x27,0x80000	 x27=0x80000000
         655000	        64	800000e0	7cefee37	lui	x28,0x7cefe	 x28=0x7cefe000
         665000	        65	800000e4	affe0e13	addi	x28,x28,-1281	 x28:0x7cefe000 x28=0x7cefdaff
         675000	        66	800000e8	80000eb7	lui	x29,0x80000	 x29=0x80000000
         685000	        67	800000ec	528eff37	lui	x30,0x528ef	 x30=0x528ef000
         695000	        68	800000f0	1e3f0f13	addi	x30,x30,483	 x30:0x528ef000 x30=0x528ef1e3
         705000	        69	800000f4	fe6ebfb7	lui	x31,0xfe6eb	 x31=0xfe6eb000
         715000	        70	800000f8	c9ef8f93	addi	x31,x31,-866	 x31:0xfe6eb000 x31=0xfe6eac9e
         725000	        71	800000fc	0000a297	auipc	x5,0xa	  x5=0x8000a0f8
         735000	        72	80000100	e8c28293	addi	x5,x5,-372	  x5:0x8000a0f8  x5=0x80009f84
         745000	        73	80000104	00008117	auipc	x2,0x8	  x2=0x80008100
         755000	        74	80000108	17110113	addi	x2,x2,369	  x2:0x80008100  x2=0x80008271
         765000	        75	8000010c	41eb8f33	sub	x30,x23,x30	 x23:0x0000000b x30:0x528ef1e3 x30=0xad710e28
         775000	        76	80000110	fb4108a3	sb	x20,-79(x2)	  x2:0x80008271 x20:0xf9ed35b5 PA:0x80008222
         785000	        77	80000114	f11114a3	sh	x17,-247(x2)	  x2:0x80008271 x17:0x0000000c PA:0x8000817a
         795000	        78	80000118	00bc9693	slli	x13,x25,0xb	 x25:0xc34fdaf7 x13=0x7ed7b800
         805000	        79	8000011c	40c280b3	sub	x1,x5,x12	  x5:0x80009f84 x12:0x00000000  x1=0x80009f84
         815000	        80	80000120	11210d83	lb	x27,274(x2)	  x2:0x80008271 x27=0x00000000 PA:0x80008383
         825000	        81	80000124	fbe90813	addi	x16,x18,-66	 x18:0x80000000 x16=0x7fffffbe
         835000	        82	80000128	3300d597	auipc	x11,0x3300d	 x11=0xb300d124
         845000	        83	8000012c	25014c83	lbu	x25,592(x2)	  x2:0x80008271 x25=0x000000c6 PA:0x800084c1
         855000	        84	00000000	00000013	addi	x0,x0,0	  x0:0x00000000
         865000	        85	80000130	417cd333	sra	x6,x25,x23	 x25:0x000000c6 x23:0x0000000b  x6=0x00000000
         875000	        86	80000134	19911a83	lh	x21,409(x2)	  x2:0x80008271 x21=0xffff9f9d PA:0x8000840a
         885000	        87	80000138	0ce14783	lbu	x15,206(x2)	  x2:0x80008271 x15=0x000000c0 PA:0x8000833f
         895000	        88	8000013c	35e10483	lb	x9,862(x2)	  x2:0x80008271  x9=0xffffffe6 PA:0x800085cf
         905000	        89	80000140	00ed55b3	srl	x11,x26,x14	 x26:0x00000000 x14:0xffa9af93 x11=0x00000000
         915000	        90	80000144	007fc6b3	xor	x13,x31,x7	 x31:0xfe6eac9e  x7:0xfd32b4e3 x13=0x035c187d
         925000	        91	80000148	4a2fb593	sltiu	x11,x31,1186	 x31:0xfe6eac9e x11=0x00000000
         935000	        92	8000014c	9c9c3817	auipc	x16,0x9c9c3	 x16=0x1c9c3148
         945000	        93	80000150	00000013	addi	x0,x0,0	  x0:0x00000000
         955000	        94	80000154	10ca8013	addi	x0,x21,268	 x21:0xffff9f9d
         965000	        95	80000158	09814c03	lbu	x24,152(x2)	  x2:0x80008271 x24=0x000000a0 PA:0x80008309
         975000	        96	8000015c	02510d23	sb	x5,58(x2)	  x2:0x80008271  x5:0x80009f84 PA:0x800082ab
         985000	        97	80000160	007fc033	xor	x0,x31,x7	 x31:0xfe6eac9e  x7:0xfd32b4e3
         995000	        98	80000164	29715c03	lhu	x24,663(x2)	  x2:0x80008271 x24=0x0000db93 PA:0x80008508
        1005000	        99	80000168	00000013	addi	x0,x0,0	  x0:0x00000000
        1015000	       100	8000016c	00fb5e13	srli	x28,x22,0xf	 x22:0x80000000 x28=0x00010000
        1025000	       101	80000170	41255b13	srai	x22,x10,0x12	 x10:0x00000000 x22=0x00000000
        1035000	       102	80000174	06214783	lbu	x15,98(x2)	  x2:0x80008271 x15=0x00000054 PA:0x800082d3
        1045000	       103	80000178	00008e97	auipc	x29,0x8	 x29=0x80008174
        1055000	       104	8000017c	24ae8e93	addi	x29,x29,586	 x29:0x80008174 x29=0x800083be
        1065000	       105	80000180	408fd613	srai	x12,x31,0x8	 x31:0xfe6eac9e x12=0xfffe6eac
        1075000	       106	80000184	41aeaf83	lw	x31,1050(x29)	 x29:0x800083be x31=0x78a34cf0 PA:0x800087d8
        1085000	       107	80000188	41aec103	lbu	x2,1050(x29)	 x29:0x800083be  x2=0x000000f0 PA:0x800087d8
        1095000	       108	8000018c	419ead23	sw	x25,1050(x29)	 x29:0x800083be x25:0x000000c6 PA:0x800087d8
        1105000	       109	80000190	408e8d23	sb	x8,1050(x29)	 x29:0x800083be  x8:0x80009fc4 PA:0x800087d8
        1115000	       110	80000194	41aec583	lbu	x11,1050(x29)	 x29:0x800083be x11=0x000000c4 PA:0x800087d8
        1125000	       111	80000198	409e8d23	sb	x9,1050(x29)	 x29:0x800083be  x9:0xffffffe6 PA:0x800087d8
        1135000	       112	8000019c	41ee9d23	sh	x30,1050(x29)	 x29:0x800083be x30:0xad710e28 PA:0x800087d8
        1145000	       113	800001a0	41ae9983	lh	x19,1050(x29)	 x29:0x800083be x19=0x00000e28 PA:0x800087d8
        1155000	       114	800001a4	41ae9083	lh	x1,1050(x29)	 x29:0x800083be  x1=0x00000e28 PA:0x800087d8
        1165000	       115	800001a8	41ae8a03	lb	x20,1050(x29)	 x29:0x800083be x20=0x00000028 PA:0x800087d8
        1175000	       116	800001ac	41aec103	lbu	x2,1050(x29)	 x29:0x800083be  x2=0x00000028 PA:0x800087d8
        1185000	       117	800001b0	405ead23	sw	x5,1050(x29)	 x29:0x800083be  x5:0x80009f84 PA:0x800087d8
        1195000	       118	800001b4	41ae9a83	lh	x21,1050(x29)	 x29:0x800083be x21=0xffff9f84 PA:0x800087d8
        1205000	       119	800001b8	41aec003	lbu	x0,1050(x29)	 x29:0x800083be PA:0x800087d8
        1215000	       120	800001bc	f0be8483	lb	x9,-245(x29)	 x29:0x800083be  x9=0x00000057 PA:0x800082c9
        1225000	       121	800001c0	f10e85a3	sb	x16,-245(x29)	 x29:0x800083be x16:0x1c9c3148 PA:0x800082c9
        1235000	       122	800001c4	f0be8183	lb	x3,-245(x29)	 x29:0x800083be  x3=0x00000048 PA:0x800082c9
        1245000	       123	800001c8	f0be8f83	lb	x31,-245(x29)	 x29:0x800083be x31=0x00000048 PA:0x800082c9
        1255000	       124	800001cc	f0be8103	lb	x2,-245(x29)	 x29:0x800083be  x2=0x00000048 PA:0x800082c9
        1265000	       125	800001d0	00008b17	auipc	x22,0x8	 x22=0x800081cc
        1275000	       126	800001d4	5cfb0b13	addi	x22,x22,1487	 x22:0x800081cc x22=0x8000879b
        1285000	       127	800001d8	00008617	auipc	x12,0x8	 x12=0x800081d4
        1295000	       128	800001dc	3a860613	addi	x12,x12,936	 x12:0x800081d4 x12=0x8000857c
        1305000	       129	800001e0	00008c17	auipc	x24,0x8	 x24=0x800081dc
        1315000	       130	800001e4	468c0c13	addi	x24,x24,1128	 x24:0x800081dc x24=0x80008644
        1325000	       131	800001e8	00008597	auipc	x11,0x8	 x11=0x800081e4
        1335000	       132	800001ec	06458593	addi	x11,x11,100	 x11:0x800081e4 x11=0x80008248
        1345000	       133	800001f0	00008697	auipc	x13,0x8	 x13=0x800081ec
        1355000	       134	800001f4	28068693	addi	x13,x13,640	 x13:0x800081ec x13=0x8000846c
        1365000	       135	800001f8	07b5cd83	lbu	x27,123(x11)	 x11:0x80008248 x27=0x00000032 PA:0x800082c3
        1375000	       136	800001fc	fff60303	lb	x6,-1(x12)	 x12:0x8000857c  x6=0xffffffcf PA:0x8000857b
        1385000	       137	80000200	f435cc83	lbu	x25,-189(x11)	 x11:0x80008248 x25=0x00000033 PA:0x8000818b
        1395000	       138	80000204	fe7b0123	sb	x7,-30(x22)	 x22:0x8000879b  x7:0xfd32b4e3 PA:0x8000877d
        1405000	       139	80000208	f976c203	lbu	x4,-105(x13)	 x13:0x8000846c  x4=0x0000008e PA:0x80008403
        1415000	       140	8000020c	04cc0983	lb	x19,76(x24)	 x24:0x80008644 x19=0xffffffff PA:0x80008690
        1425000	       141	80000210	f0d5ce83	lbu	x29,-243(x11)	 x11:0x80008248 x29=0x000000b8 PA:0x80008155
        1435000	       142	80000214	fa8c09a3	sb	x8,-77(x24)	 x24:0x80008644  x8:0x80009fc4 PA:0x800085f7
        1445000	       143	80000218	f53c0503	lb	x10,-173(x24)	 x24:0x80008644 x10=0xffffff9c PA:0x80008597
        1455000	       144	8000021c	034b4003	lbu	x0,52(x22)	 x22:0x8000879b PA:0x800087cf
        1465000	       145	80000220	fc460883	lb	x17,-60(x12)	 x12:0x8000857c x17=0xffffff99 PA:0x80008540
        1475000	       146	80000224	0d0683a3	sb	x16,199(x13)	 x13:0x8000846c x16:0x1c9c3148 PA:0x80008533
        1485000	       147	80000228	0cc64783	lbu	x15,204(x12)	 x12:0x8000857c x15=0x0000007e PA:0x80008648
        1495000	       148	8000022c	0be5ca03	lbu	x20,190(x11)	 x11:0x80008248 x20=0x00000043 PA:0x80008306
        1505000	       149	80000230	fe269083	lh	x1,-30(x13)	 x13:0x8000846c  x1=0xffffa7c6 PA:0x8000844e
        1515000	       150	80000234	fb768483	lb	x9,-73(x13)	 x13:0x8000846c  x9=0x00000022 PA:0x80008423
        1525000	       151	80000238	036b09a3	sb	x22,51(x22)	 x22:0x8000879b x22:0x8000879b PA:0x800087ce
        1535000	       152	8000023c	0dec1103	lh	x2,222(x24)	 x24:0x80008644  x2=0x0000676a PA:0x80008722
        1545000	       153	80000240	f2f68e03	lb	x28,-209(x13)	 x13:0x8000846c x28=0x00000052 PA:0x8000839b
        1555000	       154	80000244	f24c1383	lh	x7,-220(x24)	 x24:0x80008644  x7=0xffffe904 PA:0x80008568
        1565000	       155	80000248	02eb0e83	lb	x29,46(x22)	 x22:0x8000879b x29=0x00000049 PA:0x800087c9
        1575000	       156	8000024c	00a68f03	lb	x30,10(x13)	 x13:0x8000846c x30=0x00000067 PA:0x80008476
        1585000	       157	80000250	0b160483	lb	x9,177(x12)	 x12:0x8000857c  x9=0xffffffb3 PA:0x8000862d
        1595000	       158	80000254	0a861383	lh	x7,168(x12)	 x12:0x8000857c  x7=0x00005b68 PA:0x80008624
        1605000	       159	80000258	f4364803	lbu	x16,-189(x12)	 x12:0x8000857c x16=0x00000063 PA:0x800084bf
        1615000	       160	8000025c	07258303	lb	x6,114(x11)	 x11:0x80008248  x6=0xffffff9c PA:0x800082ba
        1625000	       161	80000260	f18c09a3	sb	x24,-237(x24)	 x24:0x80008644 x24:0x80008644 PA:0x80008557
        1635000	       162	80000264	03661f03	lh	x30,54(x12)	 x12:0x8000857c x30=0x0000418e PA:0x800085b2
        1645000	       163	80000268	0dd58623	sb	x29,204(x11)	 x11:0x80008248 x29:0x00000049 PA:0x80008314
        1655000	       164	8000026c	fe8b4883	lbu	x17,-24(x22)	 x22:0x8000879b x17=0x00000005 PA:0x80008783
        1665000	       165	80000270	f1c58903	lb	x18,-228(x11)	 x11:0x80008248 x18=0xffffffc4 PA:0x80008164
        1675000	       166	80000274	a98411b7	lui	x3,0xa9841	  x3=0xa9841000
        1685000	       167	80000278	0776c463	blt	x13,x23,800002e0	 x13:0x8000846c x23:0x0000000b
        1695000	       168	00000000	00000013	addi	x0,x0,0	  x0:0x00000000
        1705000	       169	800002dc	00000013	addi	x0,x0,0	  x0:0x00000000
        1715000	       170	800002e0	014665b3	or	x11,x12,x20	 x12:0x8000857c x20:0x00000043 x11=0x8000857f
        1725000	       171	800002e4	04e44e63	blt	x8,x14,80000340	  x8:0x80009fc4 x14:0xffa9af93
        1735000	       172	00000000	00000013	addi	x0,x0,0	  x0:0x00000000
        1745000	       173	8000033c	00000013	addi	x0,x0,0	  x0:0x00000000
        1755000	       174	80000340	ea2efd37	lui	x26,0xea2ef	 x26=0xea2ef000
        1765000	       175	80000344	04429263	bne	x5,x4,80000388	  x5:0x80009f84  x4:0x0000008e
        1775000	       176	00000000	00000013	addi	x0,x0,0	  x0:0x00000000
        1785000	       177	80000384	00000013	addi	x0,x0,0	  x0:0x00000000
        1795000	       178	80000388	00000013	addi	x0,x0,0	  x0:0x00000000
        1805000	       179	8000038c	407b0bb3	sub	x23,x22,x7	 x22:0x8000879b  x7:0x00005b68 x23=0x80002c33
        1815000	       180	80000390	00000717	auipc	x14,0x0	 x14=0x8000038c
        1825000	       181	80000394	00c70713	addi	x14,x14,12	 x14:0x8000038c x14=0x80000398
        1835000	       182	80000398	00070067	jalr	x0,x14,0	 x14:0x80000398
        1845000	       183	00000000	00000013	addi	x0,x0,0	  x0:0x00000000
        1855000	       184	80000398	00000013	addi	x0,x0,0	  x0:0x00000000
        1865000	       185	8000039c	00100193	addi	x3,x0,1	  x0:0x00000000  x3=0x00000001
        1875000	       186	800003a0	00000073	ecall	
        1885000	       187	800003a4	fec28293	addi	x5,x5,-20	  x5:0x80009f84  x5=0x80009f70
