		Time			Cycle	PC		Insn	Decoded instruction	Register and memory contents
          65000	         5	80000004	00000293	addi	x5,x0,0	  x0:0x00000000  x5=0x00000000
          75000	         6	80000008	00000313	addi	x6,x0,0	  x0:0x00000000  x6=0x00000000
          85000	         7	8000000c	00628263	beq	x5,x6,80000010	  x5:0x00000000  x6:0x00000000
          95000	         8	00000000	00000013	addi	x0,x0,0	  x0:0x00000000
         105000	         9	8000000c	00000013	addi	x0,x0,0	  x0:0x00000000
         115000	        10	80000010	00000497	auipc	x9,0x0	  x9=0x8000000c
         125000	        11	80000014	00c48493	addi	x9,x9,12	  x9:0x8000000c  x9=0x80000018
         135000	        12	80000018	00048067	jalr	x0,x9,0	  x9:0x80000018
         145000	        13	00000000	00000013	addi	x0,x0,0	  x0:0x00000000
         155000	        14	80000018	00000013	addi	x0,x0,0	  x0:0x00000000
         165000	        15	8000001c	40000837	lui	x16,0x40000	 x16=0x40000000
         175000	        16	80000020	10080813	addi	x16,x16,256	 x16:0x40000000 x16=0x40000100
         185000	        17	80000024	00000013	addi	x0,x0,0	  x0:0x00000000
         195000	        18	80000028	0000af17	auipc	x30,0xa	 x30=0x8000a024
         205000	        19	8000002c	fa0f0f13	addi	x30,x30,-96	 x30:0x8000a024 x30=0x80009fc4
         215000	        20	80000030	00002817	auipc	x16,0x2	 x16=0x8000202c
         225000	        21	80000034	76480813	addi	x16,x16,1892	 x16:0x8000202c x16=0x80002790
         235000	        22	80000038	00186813	ori	x16,x16,1	 x16:0x80002790 x16=0x80002791
         245000	        23	8000003c	00000013	addi	x0,x0,0	  x0:0x00000000
         255000	        24	80000040	00000817	auipc	x16,0x0	 x16=0x8000003c
         265000	        25	80000044	02080813	addi	x16,x16,32	 x16:0x8000003c x16=0x8000005c
         275000	        26	80000048	00000013	addi	x0,x0,0	  x0:0x00000000
         285000	        27	8000004c	00000013	addi	x0,x0,0	  x0:0x00000000
         295000	        28	80000050	00002837	lui	x16,0x2	 x16=0x00002000
         305000	        29	80000054	80080813	addi	x16,x16,-2048	 x16:0x00002000 x16=0x00001800
         315000	        30	80000058	00000013	addi	x0,x0,0	  x0:0x00000000
         325000	        31	8000005c	00000013	addi	x0,x0,0	  x0:0x00000000
         335000	        32	80000060	00700013	addi	x0,x0,7	  x0:0x00000000
         345000	        33	80000064	c669f0b7	lui	x1,0xc669f	  x1=0xc669f000
         355000	        34	80000068	69108093	addi	x1,x1,1681	  x1:0xc669f000  x1=0xc669f691
         365000	        35	8000006c	00000113	addi	x2,x0,0	  x0:0x00000000  x2=0x00000000
         375000	        36	80000070	69db01b7	lui	x3,0x69db0	  x3=0x69db0000
         385000	        37	80000074	16e18193	addi	x3,x3,366	  x3:0x69db0000  x3=0x69db016e
         395000	        38	80000078	fd979237	lui	x4,0xfd979	  x4=0xfd979000
         405000	        39	8000007c	43420213	addi	x4,x4,1076	  x4:0xfd979000  x4=0xfd979434
         415000	        40	80000080	00e00293	addi	x5,x0,14	  x0:0x00000000  x5=0x0000000e
         425000	        41	80000084	00500313	addi	x6,x0,5	  x0:0x00000000  x6=0x00000005
         435000	        42	80000088	fb4023b7	lui	x7,0xfb402	  x7=0xfb402000
         445000	        43	8000008c	9c638393	addi	x7,x7,-1594	  x7:0xfb402000  x7=0xfb4019c6
         455000	        44	80000090	00000413	addi	x8,x0,0	  x0:0x00000000  x8=0x00000000
         465000	        45	80000094	00000493	addi	x9,x0,0	  x0:0x00000000  x9=0x00000000
         475000	        46	80000098	00b00593	addi	x11,x0,11	  x0:0x00000000 x11=0x0000000b
         485000	        47	8000009c	00100613	addi	x12,x0,1	  x0:0x00000000 x12=0x00000001
         495000	        48	800000a0	ed24e6b7	lui	x13,0xed24e	 x13=0xed24e000
         505000	        49	800000a4	5a968693	addi	x13,x13,1449	 x13:0xed24e000 x13=0xed24e5a9
         515000	        50	800000a8	80000737	lui	x14,0x80000	 x14=0x80000000
         525000	        51	800000ac	00000793	addi	x15,x0,0	  x0:0x00000000 x15=0x00000000
         535000	        52	800000b0	12928837	lui	x16,0x12928	 x16=0x12928000
         545000	        53	800000b4	b4680813	addi	x16,x16,-1210	 x16:0x12928000 x16=0x12927b46
         555000	        54	800000b8	00800893	addi	x17,x0,8	  x0:0x00000000 x17=0x00000008
         565000	        55	800000bc	f092a937	lui	x18,0xf092a	 x18=0xf092a000
         575000	        56	800000c0	28690913	addi	x18,x18,646	 x18:0xf092a000 x18=0xf092a286
         585000	        57	800000c4	00000993	addi	x19,x0,0	  x0:0x00000000 x19=0x00000000
         595000	        58	800000c8	00d00a13	addi	x20,x0,13	  x0:0x00000000 x20=0x0000000d
         605000	        59	800000cc	235a8ab7	lui	x21,0x235a8	 x21=0x235a8000
         615000	        60	800000d0	970a8a93	addi	x21,x21,-1680	 x21:0x235a8000 x21=0x235a7970
         625000	        61	800000d4	97ce5b37	lui	x22,0x97ce5	 x22=0x97ce5000
         635000	        62	800000d8	4dcb0b13	addi	x22,x22,1244	 x22:0x97ce5000 x22=0x97ce54dc
         645000	        63	800000dc	00000b93	addi	x23,x0,0	  x0:0x00000000 x23=0x00000000
         655000	        64	800000e0	00200c13	addi	x24,x0,2	  x0:0x00000000 x24=0x00000002
         665000	        65	800000e4	00d00c93	addi	x25,x0,13	  x0:0x00000000 x25=0x0000000d
         675000	        66	800000e8	f1ab9d37	lui	x26,0xf1ab9	 x26=0xf1ab9000
         685000	        67	800000ec	6a8d0d13	addi	x26,x26,1704	 x26:0xf1ab9000 x26=0xf1ab96a8
         695000	        68	800000f0	fcb04db7	lui	x27,0xfcb04	 x27=0xfcb04000
         705000	        69	800000f4	cadd8d93	addi	x27,x27,-851	 x27:0xfcb04000 x27=0xfcb03cad
         715000	        70	800000f8	a7902e37	lui	x28,0xa7902	 x28=0xa7902000
         725000	        71	800000fc	6f3e0e13	addi	x28,x28,1779	 x28:0xa7902000 x28=0xa79026f3
         735000	        72	80000100	f6b90eb7	lui	x29,0xf6b90	 x29=0xf6b90000
         745000	        73	80000104	9f3e8e93	addi	x29,x29,-1549	 x29:0xf6b90000 x29=0xf6b8f9f3
         755000	        74	80000108	f7b4cfb7	lui	x31,0xf7b4c	 x31=0xf7b4c000
         765000	        75	8000010c	9dbf8f93	addi	x31,x31,-1573	 x31:0xf7b4c000 x31=0xf7b4b9db
         775000	        76	80000110	0000a517	auipc	x10,0xa	 x10=0x8000a10c
         785000	        77	80000114	e7850513	addi	x10,x10,-392	 x10:0x8000a10c x10=0x80009f84
         795000	        78	80000118	001d43b3	xor	x7,x26,x1	 x26:0xf1ab96a8  x1:0xc669f691  x7=0x37c26039
         805000	        79	8000011c	00001697	auipc	x13,0x1	 x13=0x80001118
         815000	        80	80000120	27868693	addi	x13,x13,632	 x13:0x80001118 x13=0x80001390
         825000	        81	80000124	07668693	addi	x13,x13,118	 x13:0x80001390 x13=0x80001406
         835000	        82	80000128	00cc1813	slli	x16,x24,0xc	 x24:0x00000002 x16=0x00002000
         845000	        83	8000012c	01459333	sll	x6,x11,x20	 x11:0x0000000b x20:0x0000000d  x6=0x00016000
         855000	        84	80000130	00cb1bb3	sll	x23,x22,x12	 x22:0x97ce54dc x12:0x00000001 x23=0x2f9ca9b8
         865000	        85	80000134	3e402397	auipc	x7,0x3e402	  x7=0xbe402130
         875000	        86	80000138	00259863	bne	x11,x2,80000148	 x11:0x0000000b  x2:0x00000000
         885000	        87	00000000	00000013	addi	x0,x0,0	  x0:0x00000000
         895000	        88	80000144	00000013	addi	x0,x0,0	  x0:0x00000000
         905000	        89	80000148	f8b680e7	jalr	x1,x13,-117	 x13:0x80001406  x1=0x80000148
         915000	        90	00000000	00000013	addi	x0,x0,0	  x0:0x00000000
         925000	        91	80001390	00000013	addi	x0,x0,0	  x0:0x00000000
         935000	        92	80001394	4078d7b3	sra	x15,x17,x7	 x17:0x00000008  x7:0xbe402130 x15=0x00000000
         945000	        93	80001398	417c5d33	sra	x26,x24,x23	 x24:0x00000002 x23:0x2f9ca9b8 x26=0x00000000
         955000	        94	8000139c	01ed1bb3	sll	x23,x26,x30	 x26:0x00000000 x30:0x80009fc4 x23=0x00000000
         965000	        95	800013a0	00326463	bltu	x4,x3,800013a8	  x4:0xfd979434  x3:0x69db016e
         975000	        96	800013a4	00000013	addi	x0,x0,0	  x0:0x00000000
         985000	        97	800013a8	fd050513	addi	x10,x10,-48	 x10:0x80009f84 x10=0x80009f54
         995000	        98	800013ac	00598633	add	x12,x19,x5	 x19:0x00000000  x5:0x0000000e x12=0x0000000e
        1005000	        99	800013b0	00000013	addi	x0,x0,0	  x0:0x00000000
        1015000	       100	800013b4	00152223	sw	x1,4(x10)	 x10:0x80009f54  x1:0x80000148 PA:0x80009f58
        1025000	       101	800013b8	be893213	sltiu	x4,x18,-1048	 x18:0xf092a286  x4=0x00000001
        1035000	       102	800013bc	183c6313	ori	x6,x24,387	 x24:0x00000002  x6=0x00000183
        1045000	       103	800013c0	00007317	auipc	x6,0x7	  x6=0x800083bc
        1055000	       104	800013c4	77530313	addi	x6,x6,1909	  x6:0x800083bc  x6=0x80008b31
        1065000	       105	800013c8	00a90033	add	x0,x18,x10	 x18:0xf092a286 x10:0x80009f54
        1075000	       106	800013cc	00a312a3	sh	x10,5(x6)	  x6:0x80008b31 x10:0x80009f54 PA:0x80008b36
        1085000	       107	800013d0	00830d83	lb	x27,8(x6)	  x6:0x80008b31 x27=0x00000030 PA:0x80008b39
        1095000	       108	800013d4	00a77cb3	and	x25,x14,x10	 x14:0x80000000 x10:0x80009f54 x25=0x80000000
        1105000	       109	800013d8	b652ea37	lui	x20,0xb652e	 x20=0xb652e000
        1115000	       110	800013dc	001310a3	sh	x1,1(x6)	  x6:0x80008b31  x1:0x80000148 PA:0x80008b32
        1125000	       111	800013e0	00530183	lb	x3,5(x6)	  x6:0x80008b31  x3=0x00000054 PA:0x80008b36
        1135000	       112	800013e4	7418ed93	ori	x27,x17,1857	 x17:0x00000008 x27=0x00000749
        1145000	       113	800013e8	00a56db3	or	x27,x10,x10	 x10:0x80009f54 x10:0x80009f54 x27=0x80009f54
        1155000	       114	800013ec	9b2e2c93	slti	x25,x28,-1614	 x28:0xa79026f3 x25=0x00000001
        1165000	       115	800013f0	4fc0a5b7	lui	x11,0x4fc0a	 x11=0x4fc0a000
        1175000	       116	800013f4	419cde93	srai	x29,x25,0x19	 x25:0x00000001 x29=0x00000000
        1185000	       117	800013f8	0169dc93	srli	x25,x19,0x16	 x19:0x00000000 x25=0x00000000
        1195000	       118	800013fc	ffb31903	lh	x18,-5(x6)	  x6:0x80008b31 x18=0xfffff406 PA:0x80008b2c
        1205000	       119	00000000	00000013	addi	x0,x0,0	  x0:0x00000000
        1215000	       120	80001400	012e1093	slli	x1,x28,0x12	 x28:0xa79026f3  x1=0x9bcc0000
        1225000	       121	80001404	fff31283	lh	x5,-1(x6)	  x6:0x80008b31  x5=0x000043df PA:0x80008b30
        1235000	       122	80001408	ffa34083	lbu	x1,-6(x6)	  x6:0x80008b31  x1=0x00000020 PA:0x80008b2b
        1245000	       123	00000000	00000013	addi	x0,x0,0	  x0:0x00000000
        1255000	       124	8000140c	5e164a93	xori	x21,x12,1505	 x12:0x0000000e x21=0x000005ef
        1265000	       125	80001410	ff930703	lb	x14,-7(x6)	  x6:0x80008b31 x14=0x00000042 PA:0x80008b2a
        1275000	       126	80001414	00c35e33	srl	x28,x6,x12	  x6:0x80008b31 x12:0x0000000e x28=0x00020002
        1285000	       127	80001418	01f323a3	sw	x31,7(x6)	  x6:0x80008b31 x31:0xf7b4b9db PA:0x80008b38
        1295000	       128	8000141c	1fb02597	auipc	x11,0x1fb02	 x11=0x9fb03418
        1305000	       129	80001420	00219a33	sll	x20,x3,x2	  x3:0x00000054  x2:0x00000000 x20=0x00000054
        1315000	       130	80001424	00c30783	lb	x15,12(x6)	  x6:0x80008b31 x15=0xffffff90 PA:0x80008b3d
        1325000	       131	80001428	fee32fa3	sw	x14,-1(x6)	  x6:0x80008b31 x14:0x00000042 PA:0x80008b30
        1335000	       132	8000142c	015d1833	sll	x16,x26,x21	 x26:0x00000000 x21:0x000005ef x16=0x00000000
        1345000	       133	80001430	01030803	lb	x16,16(x6)	  x6:0x80008b31 x16=0x0000006d PA:0x80008b41
        1355000	       134	80001434	ff830783	lb	x15,-8(x6)	  x6:0x80008b31 x15=0x00000075 PA:0x80008b29
        1365000	       135	80001438	00541d93	slli	x27,x8,0x5	  x8:0x00000000 x27=0x00000000
        1375000	       136	8000143c	ffd34a03	lbu	x20,-3(x6)	  x6:0x80008b31 x20=0x000000c9 PA:0x80008b2e
        1385000	       137	80001440	00d35703	lhu	x14,13(x6)	  x6:0x80008b31 x14=0x0000674b PA:0x80008b3e
        1395000	       138	80001444	ffd34703	lbu	x14,-3(x6)	  x6:0x80008b31 x14=0x000000c9 PA:0x80008b2e
        1405000	       139	80001448	fef30aa3	sb	x15,-11(x6)	  x6:0x80008b31 x15:0x00000075 PA:0x80008b26
        1415000	       140	8000144c	fff31da3	sh	x31,-5(x6)	  x6:0x80008b31 x31:0xf7b4b9db PA:0x80008b2c
        1425000	       141	80001450	0146e933	or	x18,x13,x20	 x13:0x80001406 x20:0x000000c9 x18=0x800014cf
        1435000	       142	80001454	fff30a23	sb	x31,-12(x6)	  x6:0x80008b31 x31:0xf7b4b9db PA:0x80008b25
        1445000	       143	80001458	00007697	auipc	x13,0x7	 x13=0x80008454
        1455000	       144	8000145c	75168693	addi	x13,x13,1873	 x13:0x80008454 x13=0x80008ba5
        1465000	       145	80001460	8c9d3e93	sltiu	x29,x26,-1847	 x26:0x00000000 x29=0x00000001
        1475000	       146	80001464	00327733	and	x14,x4,x3	  x4:0x00000001  x3:0x00000054 x14=0x00000000
        1485000	       147	80001468	0666c783	lbu	x15,102(x13)	 x13:0x80008ba5 x15=0x000000f6 PA:0x80008c0b
        1495000	       148	8000146c	01168ca3	sb	x17,25(x13)	 x13:0x80008ba5 x17:0x00000008 PA:0x80008bbe
        1505000	       149	80001470	03b69e83	lh	x29,59(x13)	 x13:0x80008ba5 x29=0xffffb04c PA:0x80008be0
        1515000	       150	80001474	01ebd1b3	srl	x3,x23,x30	 x23:0x00000000 x30:0x80009fc4  x3=0x00000000
        1525000	       151	80001478	01515c93	srli	x25,x2,0x15	  x2:0x00000000 x25=0x00000000
        1535000	       152	8000147c	7494c393	xori	x7,x9,1865	  x9:0x00000000  x7=0x00000749
        1545000	       153	80001480	0db68323	sb	x27,198(x13)	 x13:0x80008ba5 x27:0x00000000 PA:0x80008c6b
        1555000	       154	80001484	f5668d83	lb	x27,-170(x13)	 x13:0x80008ba5 x27=0x00000050 PA:0x80008afb
        1565000	       155	80001488	f8068f23	sb	x0,-98(x13)	 x13:0x80008ba5  x0:0x00000000 PA:0x80008b43
        1575000	       156	8000148c	007cde93	srli	x29,x25,0x7	 x25:0x00000000 x29=0x00000000
        1585000	       157	80001490	00897433	and	x8,x18,x8	 x18:0x800014cf  x8:0x00000000  x8=0x00000000
        1595000	       158	80001494	4066de13	srai	x28,x13,0x6	 x13:0x80008ba5 x28=0xfe00022e
        1605000	       159	80001498	fa868ea3	sb	x8,-67(x13)	 x13:0x80008ba5  x8:0x00000000 PA:0x80008b62
        1615000	       160	8000149c	750a3e13	sltiu	x28,x20,1872	 x20:0x000000c9 x28=0x00000001
        1625000	       161	800014a0	75ca3913	sltiu	x18,x20,1884	 x20:0x000000c9 x18=0x00000001
        1635000	       162	800014a4	0b668583	lb	x11,182(x13)	 x13:0x80008ba5 x11=0xffffffde PA:0x80008c5b
        1645000	       163	800014a8	01fd1933	sll	x18,x26,x31	 x26:0x00000000 x31:0xf7b4b9db x18=0x00000000
        1655000	       164	800014ac	08268123	sb	x2,130(x13)	 x13:0x80008ba5  x2:0x00000000 PA:0x80008c27
        1665000	       165	800014b0	006abe33	sltu	x28,x21,x6	 x21:0x000005ef  x6:0x80008b31 x28=0x00000001
        1675000	       166	800014b4	0e368983	lb	x19,227(x13)	 x13:0x80008ba5 x19=0xfffffffc PA:0x80008c88
        1685000	       167	800014b8	014b1993	slli	x19,x22,0x14	 x22:0x97ce54dc x19=0x4dc00000
        1695000	       168	800014bc	4155dd13	srai	x26,x11,0x15	 x11:0xffffffde x26=0xffffffff
        1705000	       169	800014c0	fcc6aba3	sw	x12,-41(x13)	 x13:0x80008ba5 x12:0x0000000e PA:0x80008b7c
        1715000	       170	800014c4	0dc68723	sb	x28,206(x13)	 x13:0x80008ba5 x28:0x00000001 PA:0x80008c73
        1725000	       171	800014c8	f446ca03	lbu	x20,-188(x13)	 x13:0x80008ba5 x20=0x000000b3 PA:0x80008ae9
        1735000	       172	800014cc	010690a3	sh	x16,1(x13)	 x13:0x80008ba5 x16:0x0000006d PA:0x80008ba6
        1745000	       173	800014d0	f4a68a83	lb	x21,-182(x13)	 x13:0x80008ba5 x21=0x0000000e PA:0x80008aef
        1755000	       174	800014d4	06e68a03	lb	x20,110(x13)	 x13:0x80008ba5 x20=0x00000075 PA:0x80008c13
        1765000	       175	800014d8	f7969ba3	sh	x25,-137(x13)	 x13:0x80008ba5 x25:0x00000000 PA:0x80008b1c
        1775000	       176	800014dc	00000013	addi	x0,x0,0	  x0:0x00000000
        1785000	       177	800014e0	fdb69e03	lh	x28,-37(x13)	 x13:0x80008ba5 x28=0xffffee7b PA:0x80008b80
        1795000	       178	800014e4	fb668723	sb	x22,-82(x13)	 x13:0x80008ba5 x22:0x97ce54dc PA:0x80008b53
        1805000	       179	800014e8	a5d9b713	sltiu	x14,x19,-1443	 x19:0x4dc00000 x14=0x00000001
        1815000	       180	800014ec	0f568e23	sb	x21,252(x13)	 x13:0x80008ba5 x21:0x0000000e PA:0x80008ca1
        1825000	       181	800014f0	0092a8b3	slt	x17,x5,x9	  x5:0x000043df  x9:0x00000000 x17=0x00000000
        1835000	       182	800014f4	40d85db3	sra	x27,x16,x13	 x16:0x0000006d x13:0x80008ba5 x27=0x00000003
        1845000	       183	800014f8	06868703	lb	x14,104(x13)	 x13:0x80008ba5 x14=0x00000025 PA:0x80008c0d
        1855000	       184	800014fc	fb668983	lb	x19,-74(x13)	 x13:0x80008ba5 x19=0x00000013 PA:0x80008b5b
        1865000	       185	80001500	00126433	or	x8,x4,x1	  x4:0x00000001  x1:0x00000020  x8=0x00000021
        1875000	       186	80001504	fc268c03	lb	x24,-62(x13)	 x13:0x80008ba5 x24=0xffffffcc PA:0x80008b67
        1885000	       187	80001508	08d6ca03	lbu	x20,141(x13)	 x13:0x80008ba5 x20=0x00000051 PA:0x80008c32
        1895000	       188	8000150c	018f2933	slt	x18,x30,x24	 x30:0x80009fc4 x24:0xffffffcc x18=0x00000001
        1905000	       189	80001510	059b2d93	slti	x27,x22,89	 x22:0x97ce54dc x27=0x00000001
        1915000	       190	80001514	f8e69fa3	sh	x14,-97(x13)	 x13:0x80008ba5 x14:0x00000025 PA:0x80008b44
        1925000	       191	80001518	00007917	auipc	x18,0x7	 x18=0x80008514
        1935000	       192	8000151c	f6690913	addi	x18,x18,-154	 x18:0x80008514 x18=0x8000847a
        1945000	       193	80001520	00007797	auipc	x15,0x7	 x15=0x8000851c
        1955000	       194	80001524	ec778793	addi	x15,x15,-313	 x15:0x8000851c x15=0x800083e3
        1965000	       195	80001528	00007a97	auipc	x21,0x7	 x21=0x80008524
        1975000	       196	8000152c	2a1a8a93	addi	x21,x21,673	 x21:0x80008524 x21=0x800087c5
        1985000	       197	80001530	f9994b03	lbu	x22,-103(x18)	 x18:0x8000847a x22=0x00000039 PA:0x80008413
        1995000	       198	80001534	022a8403	lb	x8,34(x21)	 x21:0x800087c5  x8=0xffffffd5 PA:0x800087e7
        2005000	       199	80001538	fab94303	lbu	x6,-85(x18)	 x18:0x8000847a  x6=0x000000a5 PA:0x80008425
        2015000	       200	8000153c	01a783a3	sb	x26,7(x15)	 x15:0x800083e3 x26:0xffffffff PA:0x800083ea
        2025000	       201	80001540	ffda8723	sb	x29,-18(x21)	 x21:0x800087c5 x29:0x00000000 PA:0x800087b3
        2035000	       202	80001544	035a9c83	lh	x25,53(x21)	 x21:0x800087c5 x25=0x00007be2 PA:0x800087fa
        2045000	       203	80001548	fb894c83	lbu	x25,-72(x18)	 x18:0x8000847a x25=0x00000042 PA:0x80008432
        2055000	       204	8000154c	0c3902a3	sb	x3,197(x18)	 x18:0x8000847a  x3:0x00000000 PA:0x8000853f
        2065000	       205	80001550	ff478d83	lb	x27,-12(x15)	 x15:0x800083e3 x27=0xffffffd7 PA:0x800083d7
        2075000	       206	80001554	00278103	lb	x2,2(x15)	 x15:0x800083e3  x2=0xffffff91 PA:0x800083e5
        2085000	       207	80001558	0f095583	lhu	x11,240(x18)	 x18:0x8000847a x11=0x0000f566 PA:0x8000856a
        2095000	       208	8000155c	037a8203	lb	x4,55(x21)	 x21:0x800087c5  x4=0xffffffd0 PA:0x800087fc
        2105000	       209	80001560	0af94203	lbu	x4,175(x18)	 x18:0x8000847a  x4=0x0000005e PA:0x80008529
        2115000	       210	80001564	fc2a8083	lb	x1,-62(x21)	 x21:0x800087c5  x1=0xffffff9a PA:0x80008787
        2125000	       211	80001568	01578723	sb	x21,14(x15)	 x15:0x800083e3 x21:0x800087c5 PA:0x800083f1
        2135000	       212	8000156c	ff478923	sb	x20,-14(x15)	 x15:0x800083e3 x20:0x00000051 PA:0x800083d5
        2145000	       213	80001570	019a9ca3	sh	x25,25(x21)	 x21:0x800087c5 x25:0x00000042 PA:0x800087de
        2155000	       214	80001574	00007a17	auipc	x20,0x7	 x20=0x80008570
        2165000	       215	80001578	ef8a0a13	addi	x20,x20,-264	 x20:0x80008570 x20=0x80008468
        2175000	       216	8000157c	028a0ca3	sb	x8,57(x20)	 x20:0x80008468  x8:0xffffffd5 PA:0x800084a1
        2185000	       217	80001580	027a0ca3	sb	x7,57(x20)	 x20:0x80008468  x7:0x00000749 PA:0x800084a1
        2195000	       218	80001584	039a0e83	lb	x29,57(x20)	 x20:0x80008468 x29=0x00000049 PA:0x800084a1
        2205000	       219	80001588	039a4903	lbu	x18,57(x20)	 x20:0x80008468 x18=0x00000049 PA:0x800084a1
        2215000	       220	8000158c	037a0ca3	sb	x23,57(x20)	 x20:0x80008468 x23:0x00000000 PA:0x800084a1
        2225000	       221	80001590	03ba0ca3	sb	x27,57(x20)	 x20:0x80008468 x27:0xffffffd7 PA:0x800084a1
        2235000	       222	80001594	039a0003	lb	x0,57(x20)	 x20:0x80008468 PA:0x800084a1
        2245000	       223	80001598	02ca0ca3	sb	x12,57(x20)	 x20:0x80008468 x12:0x0000000e PA:0x800084a1
        2255000	       224	8000159c	03ba0ca3	sb	x27,57(x20)	 x20:0x80008468 x27:0xffffffd7 PA:0x800084a1
        2265000	       225	800015a0	039a4983	lbu	x19,57(x20)	 x20:0x80008468 x19=0x000000d7 PA:0x800084a1
        2275000	       226	800015a4	00902333	slt	x6,x0,x9	  x0:0x00000000  x9:0x00000000  x6=0x00000000
        2285000	       227	800015a8	034a0ca3	sb	x20,57(x20)	 x20:0x80008468 x20:0x80008468 PA:0x800084a1
        2295000	       228	800015ac	00007a97	auipc	x21,0x7	 x21=0x800085a8
        2305000	       229	800015b0	cf1a8a93	addi	x21,x21,-783	 x21:0x800085a8 x21=0x80008299
        2315000	       230	800015b4	ffda9ca3	sh	x29,-7(x21)	 x21:0x80008299 x29:0x00000049 PA:0x80008292
        2325000	       231	800015b8	ff0a8603	lb	x12,-16(x21)	 x21:0x80008299 x12=0xffffffd7 PA:0x80008289
        2335000	       232	800015bc	01fa8823	sb	x31,16(x21)	 x21:0x80008299 x31:0xf7b4b9db PA:0x800082a9
        2345000	       233	800015c0	00b09933	sll	x18,x1,x11	  x1:0xffffff9a x11:0x0000f566 x18=0xffffe680
        2355000	       234	800015c4	87a16e13	ori	x28,x2,-1926	  x2:0xffffff91 x28=0xfffffffb
        2365000	       235	800015c8	01c675b3	and	x11,x12,x28	 x12:0xffffffd7 x28:0xfffffffb x11=0xffffffd3
        2375000	       236	800015cc	40ec5d13	srai	x26,x24,0xe	 x24:0xffffffcc x26=0xffffffff
        2385000	       237	800015d0	ffda8b23	sb	x29,-10(x21)	 x21:0x80008299 x29:0x00000049 PA:0x8000828f
        2395000	       238	800015d4	01ba8823	sb	x27,16(x21)	 x21:0x80008299 x27:0xffffffd7 PA:0x800082a9
        2405000	       239	800015d8	0e1b7693	andi	x13,x22,225	 x22:0x00000039 x13=0x00000021
        2415000	       240	800015dc	01dd01b3	add	x3,x26,x29	 x26:0xffffffff x29:0x00000049  x3=0x00000048
        2425000	       241	800015e0	0121b733	sltu	x14,x3,x18	  x3:0x00000048 x18:0xffffe680 x14=0x00000001
        2435000	       242	800015e4	0129aeb3	slt	x29,x19,x18	 x19:0x000000d7 x18:0xffffe680 x29=0x00000000
        2445000	       243	800015e8	ff2acb83	lbu	x23,-14(x21)	 x21:0x80008299 x23=0x000000af PA:0x8000828b
        2455000	       244	800015ec	41095713	srai	x14,x18,0x10	 x18:0xffffe680 x14=0xffffffff
        2465000	       245	800015f0	00000013	addi	x0,x0,0	  x0:0x00000000
        2475000	       246	800015f4	406650b3	sra	x1,x12,x6	 x12:0xffffffd7  x6:0x00000000  x1=0xffffffd7
        2485000	       247	800015f8	ff4ac683	lbu	x13,-12(x21)	 x21:0x80008299 x13=0x00000020 PA:0x8000828d
        2495000	       248	800015fc	400555b3	sra	x11,x10,x0	 x10:0x80009f54  x0:0x00000000 x11=0x80009f54
        2505000	       249	80001600	00d682b3	add	x5,x13,x13	 x13:0x00000020 x13:0x00000020  x5=0x00000040
        2515000	       250	80001604	00f09193	slli	x3,x1,0xf	  x1:0xffffffd7  x3=0xffeb8000
        2525000	       251	80001608	ff8aafa3	sw	x24,-1(x21)	 x21:0x80008299 x24:0xffffffcc PA:0x80008298
        2535000	       252	8000160c	017b46b3	xor	x13,x22,x23	 x22:0x00000039 x23:0x000000af x13=0x00000096
        2545000	       253	80001610	ff5a9783	lh	x15,-11(x21)	 x21:0x80008299 x15=0x00004905 PA:0x8000828e
        2555000	       254	80001614	32792237	lui	x4,0x32792	  x4=0x32792000
        2565000	       255	80001618	27240593	addi	x11,x8,626	  x8:0xffffffd5 x11=0x00000247
        2575000	       256	8000161c	ff0ac383	lbu	x7,-16(x21)	 x21:0x80008299  x7=0x000000d7 PA:0x80008289
        2585000	       257	80001620	770cb313	sltiu	x6,x25,1904	 x25:0x00000042  x6=0x00000001
        2595000	       258	80001624	0129c933	xor	x18,x19,x18	 x19:0x000000d7 x18:0xffffe680 x18=0xffffe657
        2605000	       259	80001628	e0d4ee13	ori	x28,x9,-499	  x9:0x00000000 x28=0xfffffe0d
        2615000	       260	8000162c	00485613	srli	x12,x16,0x4	 x16:0x0000006d x12=0x00000006
        2625000	       261	80001630	5eeef013	andi	x0,x29,1518	 x29:0x00000000
        2635000	       262	80001634	003ad683	lhu	x13,3(x21)	 x21:0x80008299 x13=0x000097e9 PA:0x8000829c
        2645000	       263	80001638	00c015b3	sll	x11,x0,x12	  x0:0x00000000 x12:0x00000006 x11=0x00000000
        2655000	       264	8000163c	01e89893	slli	x17,x17,0x1e	 x17:0x00000000 x17=0x00000000
        2665000	       265	80001640	cf8d33b7	lui	x7,0xcf8d3	  x7=0xcf8d3000
        2675000	       266	80001644	84ed7713	andi	x14,x26,-1970	 x26:0xffffffff x14=0xfffff84e
        2685000	       267	80001648	0005d9b3	srl	x19,x11,x0	 x11:0x00000000  x0:0x00000000 x19=0x00000000
        2695000	       268	8000164c	00f16833	or	x16,x2,x15	  x2:0xffffff91 x15:0x00004905 x16=0xffffff95
        2705000	       269	80001650	00ea8023	sb	x14,0(x21)	 x21:0x80008299 x14:0xfffff84e PA:0x80008299
        2715000	       270	80001654	fffad003	lhu	x0,-1(x21)	 x21:0x80008299 PA:0x80008298
        2725000	       271	80001658	00d987b3	add	x15,x19,x13	 x19:0x00000000 x13:0x000097e9 x15=0x000097e9
        2735000	       272	8000165c	ffd5e813	ori	x16,x11,-3	 x11:0x00000000 x16=0xfffffffd
        2745000	       273	80001660	ff6ac203	lbu	x4,-10(x21)	 x21:0x80008299  x4=0x00000049 PA:0x8000828f
        2755000	       274	80001664	ff7ada03	lhu	x20,-9(x21)	 x21:0x80008299 x20=0x00008500 PA:0x80008290
        2765000	       275	80001668	ffba8883	lb	x17,-5(x21)	 x21:0x80008299 x17=0x0000005c PA:0x80008294
        2775000	       276	8000166c	00007697	auipc	x13,0x7	 x13=0x80008668
        2785000	       277	80001670	03368693	addi	x13,x13,51	 x13:0x80008668 x13=0x8000869b
        2795000	       278	80001674	01a68123	sb	x26,2(x13)	 x13:0x8000869b x26:0xffffffff PA:0x8000869d
        2805000	       279	80001678	01569ca3	sh	x21,25(x13)	 x13:0x8000869b x21:0x80008299 PA:0x800086b4
        2815000	       280	8000167c	fd36c883	lbu	x17,-45(x13)	 x13:0x8000869b x17=0x000000aa PA:0x8000866e
        2825000	       281	80001680	fd36c303	lbu	x6,-45(x13)	 x13:0x8000869b  x6=0x000000aa PA:0x8000866e
        2835000	       282	80001684	fd36d883	lhu	x17,-45(x13)	 x13:0x8000869b x17=0x00006faa PA:0x8000866e
        2845000	       283	80001688	fd36ca03	lbu	x20,-45(x13)	 x13:0x8000869b x20=0x000000aa PA:0x8000866e
        2855000	       284	8000168c	fd769003	lh	x0,-41(x13)	 x13:0x8000869b PA:0x80008672
        2865000	       285	80001690	00d68823	sb	x13,16(x13)	 x13:0x8000869b x13:0x8000869b PA:0x800086ab
        2875000	       286	80001694	0106c883	lbu	x17,16(x13)	 x13:0x8000869b x17=0x0000009b PA:0x800086ab
        2885000	       287	80001698	02f6d183	lhu	x3,47(x13)	 x13:0x8000869b  x3=0x0000b9fe PA:0x800086ca
        2895000	       288	8000169c	41795713	srai	x14,x18,0x17	 x18:0xffffe657 x14=0xffffffff
        2905000	       289	800016a0	02668b03	lb	x22,38(x13)	 x13:0x8000869b x22=0x00000007 PA:0x800086c1
        2915000	       290	800016a4	02768823	sb	x7,48(x13)	 x13:0x8000869b  x7:0xcf8d3000 PA:0x800086cb
        2925000	       291	800016a8	03068083	lb	x1,48(x13)	 x13:0x8000869b  x1=0x00000000 PA:0x800086cb
        2935000	       292	800016ac	fcb68723	sb	x11,-50(x13)	 x13:0x8000869b x11:0x00000000 PA:0x80008669
        2945000	       293	800016b0	fe46c203	lbu	x4,-28(x13)	 x13:0x8000869b  x4=0x000000e4 PA:0x8000867f
        2955000	       294	800016b4	fd768023	sb	x23,-64(x13)	 x13:0x8000869b x23:0x000000af PA:0x8000865b
        2965000	       295	800016b8	0196c383	lbu	x7,25(x13)	 x13:0x8000869b  x7=0x00000099 PA:0x800086b4
        2975000	       296	800016bc	0136aca3	sw	x19,25(x13)	 x13:0x8000869b x19:0x00000000 PA:0x800086b4
        2985000	       297	800016c0	00007b17	auipc	x22,0x7	 x22=0x800086bc
        2995000	       298	800016c4	d48b0b13	addi	x22,x22,-696	 x22:0x800086bc x22=0x80008404
        3005000	       299	800016c8	00007597	auipc	x11,0x7	 x11=0x800086c4
        3015000	       300	800016cc	9a758593	addi	x11,x11,-1625	 x11:0x800086c4 x11=0x8000806b
        3025000	       301	800016d0	6715cd83	lbu	x27,1649(x11)	 x11:0x8000806b x27=0x00000051 PA:0x800086dc
        3035000	       302	800016d4	00007117	auipc	x2,0x7	  x2=0x800086d0
        3045000	       303	800016d8	e1510113	addi	x2,x2,-491	  x2:0x800086d0  x2=0x800084e5
        3055000	       304	800016dc	00a104a3	sb	x10,9(x2)	  x2:0x800084e5 x10:0x80009f54 PA:0x800084ee
        3065000	       305	800016e0	000102a3	sb	x0,5(x2)	  x2:0x800084e5  x0:0x00000000 PA:0x800084ea
        3075000	       306	800016e4	70b585a3	sb	x11,1803(x11)	 x11:0x8000806b x11:0x8000806b PA:0x80008776
        3085000	       307	800016e8	0aa58da3	sb	x10,187(x11)	 x11:0x8000806b x10:0x80009f54 PA:0x80008126
        3095000	       308	800016ec	fefb0203	lb	x4,-17(x22)	 x22:0x80008404  x4=0xffffffb5 PA:0x800083f3
        3105000	       309	800016f0	ebcb08a3	sb	x28,-335(x22)	 x22:0x80008404 x28:0xfffffe0d PA:0x800082b5
        3115000	       310	800016f4	d41b4203	lbu	x4,-703(x22)	 x22:0x80008404  x4=0x000000d4 PA:0x80008145
        3125000	       311	800016f8	75a58123	sb	x26,1858(x11)	 x11:0x8000806b x26:0xffffffff PA:0x800087ad
        3135000	       312	800016fc	00d113a3	sh	x13,7(x2)	  x2:0x800084e5 x13:0x8000869b PA:0x800084ec
        3145000	       313	80001700	14a5ce03	lbu	x28,330(x11)	 x11:0x8000806b x28=0x000000e3 PA:0x800081b5
        3155000	       314	80001704	00414203	lbu	x4,4(x2)	  x2:0x800084e5  x4=0x000000d6 PA:0x800084e9
        3165000	       315	80001708	009b4b83	lbu	x23,9(x22)	 x22:0x80008404 x23=0x00000049 PA:0x8000840d
        3175000	       316	8000170c	d41b0903	lb	x18,-703(x22)	 x22:0x80008404 x18=0xffffffd4 PA:0x80008145
        3185000	       317	80001710	01b59e03	lh	x28,27(x11)	 x11:0x8000806b x28=0x00006bf5 PA:0x80008086
        3195000	       318	80001714	0e2b4183	lbu	x3,226(x22)	 x22:0x80008404  x3=0x0000005d PA:0x800084e6
        3205000	       319	80001718	fe610a23	sb	x6,-12(x2)	  x2:0x800084e5  x6:0x000000aa PA:0x800084d9
        3215000	       320	8000171c	ff311403	lh	x8,-13(x2)	  x2:0x800084e5  x8=0xffffaa13 PA:0x800084d8
        3225000	       321	80001720	4172d713	srai	x14,x5,0x17	  x5:0x00000040 x14=0x00000000
        3235000	       322	80001724	00f41b13	slli	x22,x8,0xf	  x8:0xffffaa13 x22=0xd5098000
        3245000	       323	80001728	012b90b3	sll	x1,x23,x18	 x23:0x00000049 x18:0xffffffd4  x1=0x04900000
        3255000	       324	8000172c	942a2613	slti	x12,x20,-1726	 x20:0x000000aa x12=0x00000000
        3265000	       325	80001730	f50d3593	sltiu	x11,x26,-176	 x26:0xffffffff x11=0x00000000
        3275000	       326	80001734	006eea33	or	x20,x29,x6	 x29:0x00000000  x6:0x000000aa x20=0x000000aa
        3285000	       327	80001738	2c390a93	addi	x21,x18,707	 x18:0xffffffd4 x21=0x00000297
        3295000	       328	8000173c	05e5e263	bltu	x11,x30,80001780	 x11:0x00000000 x30:0x80009fc4
        3305000	       329	00000000	00000013	addi	x0,x0,0	  x0:0x00000000
        3315000	       330	8000177c	00000013	addi	x0,x0,0	  x0:0x00000000
        3325000	       331	80001780	01055d13	srli	x26,x10,0x10	 x10:0x80009f54 x26=0x00008000
        3335000	       332	80001784	01618863	beq	x3,x22,80001794	  x3:0x0000005d x22:0xd5098000
        3345000	       333	80001788	35baf993	andi	x19,x21,859	 x21:0x00000297 x19=0x00000213
        3355000	       334	8000178c	40768233	sub	x4,x13,x7	 x13:0x8000869b  x7:0x00000099  x4=0x80008602
        3365000	       335	80001790	1c94aa13	slti	x20,x9,457	  x9:0x00000000 x20=0x00000001
        3375000	       336	80001794	015bcb33	xor	x22,x23,x21	 x23:0x00000049 x21:0x00000297 x22=0x000002de
        3385000	       337	80001798	010d1633	sll	x12,x26,x16	 x26:0x00008000 x16:0xfffffffd x12=0x00000000
        3395000	       338	8000179c	4d1340b7	lui	x1,0x4d134	  x1=0x4d134000
        3405000	       339	800017a0	01e59193	slli	x3,x11,0x1e	 x11:0x00000000  x3=0x00000000
        3415000	       340	800017a4	41b1d0b3	sra	x1,x3,x27	  x3:0x00000000 x27:0x00000051  x1=0x00000000
        3425000	       341	800017a8	0b9b0793	addi	x15,x22,185	 x22:0x000002de x15=0x00000397
        3435000	       342	800017ac	021ac663	blt	x21,x1,800017d8	 x21:0x00000297  x1:0x00000000
        3445000	       343	800017b0	c3900913	addi	x18,x0,-967	  x0:0x00000000 x18=0xfffffc39
        3455000	       344	800017b4	00bbf2b3	and	x5,x23,x11	 x23:0x00000049 x11:0x00000000  x5=0x00000000
        3465000	       345	800017b8	416fb713	sltiu	x14,x31,1046	 x31:0xf7b4b9db x14=0x00000000
        3475000	       346	800017bc	251a7117	auipc	x2,0x251a7	  x2=0xa51a87b8
        3485000	       347	800017c0	00000013	addi	x0,x0,0	  x0:0x00000000
        3495000	       348	800017c4	771cb897	auipc	x17,0x771cb	 x17=0xf71cc7c0
        3505000	       349	800017c8	8970a193	slti	x3,x1,-1897	  x1:0x00000000  x3=0x00000000
        3515000	       350	800017cc	7183bc13	sltiu	x24,x7,1816	  x7:0x00000099 x24=0x00000001
        3525000	       351	800017d0	016df733	and	x14,x27,x22	 x27:0x00000051 x22:0x000002de x14=0x00000050
        3535000	       352	800017d4	411a0cb3	sub	x25,x20,x17	 x20:0x00000001 x17:0xf71cc7c0 x25=0x08e33841
        3545000	       353	800017d8	9c9d6f93	ori	x31,x26,-1591	 x26:0x00008000 x31=0xfffff9c9
        3555000	       354	800017dc	404b57b3	sra	x15,x22,x4	 x22:0x000002de  x4:0x80008602 x15=0x000000b7
        3565000	       355	800017e0	01855213	srli	x4,x10,0x18	 x10:0x80009f54  x4=0x00000080
        3575000	       356	800017e4	01a77663	bgeu	x14,x26,800017f0	 x14:0x00000050 x26:0x00008000
        3585000	       357	800017e8	f9a4a213	slti	x4,x9,-102	  x9:0x00000000  x4=0x00000000
        3595000	       358	800017ec	288ffe93	andi	x29,x31,648	 x31:0xfffff9c9 x29=0x00000088
        3605000	       359	800017f0	014267b3	or	x15,x4,x20	  x4:0x00000000 x20:0x00000001 x15=0x00000001
        3615000	       360	800017f4	e5f88d93	addi	x27,x17,-417	 x17:0xf71cc7c0 x27=0xf71cc61f
        3625000	       361	800017f8	04cc7263	bgeu	x24,x12,8000183c	 x24:0x00000001 x12:0x00000000
        3635000	       362	00000000	00000013	addi	x0,x0,0	  x0:0x00000000
        3645000	       363	80001838	00000013	addi	x0,x0,0	  x0:0x00000000
        3655000	       364	8000183c	04f90263	beq	x18,x15,80001880	 x18:0xfffffc39 x15:0x00000001
        3665000	       365	80001840	7a482c13	slti	x24,x16,1956	 x16:0xfffffffd x24=0x00000001
        3675000	       366	80001844	5ea05bb7	lui	x23,0x5ea05	 x23=0x5ea05000
        3685000	       367	80001848	7bbdf993	andi	x19,x27,1979	 x27:0xf71cc61f x19=0x0000061b
        3695000	       368	8000184c	05b95663	bge	x18,x27,80001898	 x18:0xfffffc39 x27:0xf71cc61f
        3705000	       369	00000000	00000013	addi	x0,x0,0	  x0:0x00000000
        3715000	       370	80001894	00000013	addi	x0,x0,0	  x0:0x00000000
        3725000	       371	80001898	016f02b3	add	x5,x30,x22	 x30:0x80009fc4 x22:0x000002de  x5=0x8000a2a2
        3735000	       372	8000189c	63710d13	addi	x26,x2,1591	  x2:0xa51a87b8 x26=0xa51a8def
        3745000	       373	800018a0	058af663	bgeu	x21,x24,800018ec	 x21:0x00000297 x24:0x00000001
        3755000	       374	00000000	00000013	addi	x0,x0,0	  x0:0x00000000
        3765000	       375	800018e8	00000013	addi	x0,x0,0	  x0:0x00000000
        3775000	       376	800018ec	5ba9e613	ori	x12,x19,1466	 x19:0x0000061b x12=0x000007bb
        3785000	       377	800018f0	02381c63	bne	x16,x3,80001928	 x16:0xfffffffd  x3:0x00000000
        3795000	       378	00000000	00000013	addi	x0,x0,0	  x0:0x00000000
        3805000	       379	80001924	00000013	addi	x0,x0,0	  x0:0x00000000
        3815000	       380	80001928	00f11233	sll	x4,x2,x15	  x2:0xa51a87b8 x15:0x00000001  x4=0x4a350f70
        3825000	       381	8000192c	01b39a63	bne	x7,x27,80001940	  x7:0x00000099 x27:0xf71cc61f
        3835000	       382	00000000	00000013	addi	x0,x0,0	  x0:0x00000000
        3845000	       383	8000193c	00000013	addi	x0,x0,0	  x0:0x00000000
        3855000	       384	80001940	0497f063	bgeu	x15,x9,80001980	 x15:0x00000001  x9:0x00000000
        3865000	       385	00000000	00000013	addi	x0,x0,0	  x0:0x00000000
        3875000	       386	8000197c	00000013	addi	x0,x0,0	  x0:0x00000000
        3885000	       387	80001980	00f37863	bgeu	x6,x15,80001990	  x6:0x000000aa x15:0x00000001
        3895000	       388	00000000	00000013	addi	x0,x0,0	  x0:0x00000000
        3905000	       389	8000198c	00000013	addi	x0,x0,0	  x0:0x00000000
        3915000	       390	80001990	01a91113	slli	x2,x18,0x1a	 x18:0xfffffc39  x2=0xe4000000
        3925000	       391	80001994	01cbdc13	srli	x24,x23,0x1c	 x23:0x5ea05000 x24=0x00000005
        3935000	       392	80001998	0c9f9063	bne	x31,x9,80001a58	 x31:0xfffff9c9  x9:0x00000000
        3945000	       393	00000000	00000013	addi	x0,x0,0	  x0:0x00000000
        3955000	       394	80001a54	00000013	addi	x0,x0,0	  x0:0x00000000
        3965000	       395	80001a58	f60ac893	xori	x17,x21,-160	 x21:0x00000297 x17=0xfffffdf7
        3975000	       396	80001a5c	d6f6a037	lui	x0,0xd6f6a	
        3985000	       397	80001a60	92a3bc13	sltiu	x24,x7,-1750	  x7:0x00000099 x24=0x00000001
        3995000	       398	80001a64	03df7863	bgeu	x30,x29,80001a94	 x30:0x80009fc4 x29:0x00000088
        4005000	       399	00000000	00000013	addi	x0,x0,0	  x0:0x00000000
        4015000	       400	80001a90	00000013	addi	x0,x0,0	  x0:0x00000000
        4025000	       401	80001a94	87c20193	addi	x3,x4,-1924	  x4:0x4a350f70  x3=0x4a3507ec
        4035000	       402	80001a98	0167dcb3	srl	x25,x15,x22	 x15:0x00000001 x22:0x000002de x25=0x00000000
        4045000	       403	80001a9c	00aa39b3	sltu	x19,x20,x10	 x20:0x00000001 x10:0x80009f54 x19=0x00000001
        4055000	       404	80001aa0	01f74833	xor	x16,x14,x31	 x14:0x00000050 x31:0xfffff9c9 x16=0xfffff999
        4065000	       405	80001aa4	001a8233	add	x4,x21,x1	 x21:0x00000297  x1:0x00000000  x4=0x00000297
        4075000	       406	80001aa8	00150a63	beq	x10,x1,80001abc	 x10:0x80009f54  x1:0x00000000
        4085000	       407	80001aac	317db713	sltiu	x14,x27,791	 x27:0xf71cc61f x14=0x00000000
        4095000	       408	80001ab0	04a40d13	addi	x26,x8,74	  x8:0xffffaa13 x26=0xffffaa5d
        4105000	       409	80001ab4	8a79aa13	slti	x20,x19,-1881	 x19:0x00000001 x20=0x00000000
        4115000	       410	80001ab8	2395be13	sltiu	x28,x11,569	 x11:0x00000000 x28=0x00000001
        4125000	       411	80001abc	004fd733	srl	x14,x31,x4	 x31:0xfffff9c9  x4:0x00000297 x14=0x000001ff
        4135000	       412	80001ac0	29526e97	auipc	x29,0x29526	 x29=0xa9527abc
        4145000	       413	80001ac4	6ff07113	andi	x2,x0,1791	  x0:0x00000000  x2=0x00000000
        4155000	       414	80001ac8	00000013	addi	x0,x0,0	  x0:0x00000000
        4165000	       415	80001acc	a2b2ca13	xori	x20,x5,-1493	  x5:0x8000a2a2 x20=0x7fff5889
        4175000	       416	80001ad0	908736b7	lui	x13,0x90873	 x13=0x90873000
        4185000	       417	80001ad4	01c20133	add	x2,x4,x28	  x4:0x00000297 x28:0x00000001  x2=0x00000298
        4195000	       418	80001ad8	03fe1463	bne	x28,x31,80001b00	 x28:0x00000001 x31:0xfffff9c9
        4205000	       419	00000000	00000013	addi	x0,x0,0	  x0:0x00000000
        4215000	       420	80001afc	00000013	addi	x0,x0,0	  x0:0x00000000
        4225000	       421	80001b00	4109deb3	sra	x29,x19,x16	 x19:0x00000001 x16:0xfffff999 x29=0x00000000
        4235000	       422	80001b04	00000013	addi	x0,x0,0	  x0:0x00000000
        4245000	       423	80001b08	a2c7ef93	ori	x31,x15,-1492	 x15:0x00000001 x31=0xfffffa2d
        4255000	       424	80001b0c	40b65293	srai	x5,x12,0xb	 x12:0x000007bb  x5=0x00000000
        4265000	       425	80001b10	00ba5d13	srli	x26,x20,0xb	 x20:0x7fff5889 x26=0x000fffeb
        4275000	       426	80001b14	00d0e6b3	or	x13,x1,x13	  x1:0x00000000 x13:0x90873000 x13=0x90873000
        4285000	       427	80001b18	04a60263	beq	x12,x10,80001b5c	 x12:0x000007bb x10:0x80009f54
        4295000	       428	80001b1c	00b42eb3	slt	x29,x8,x11	  x8:0xffffaa13 x11:0x00000000 x29=0x00000001
        4305000	       429	80001b20	51616a13	ori	x20,x2,1302	  x2:0x00000298 x20=0x0000079e
        4315000	       430	80001b24	01d93233	sltu	x4,x18,x29	 x18:0xfffffc39 x29:0x00000001  x4=0x00000000
        4325000	       431	80001b28	3c258993	addi	x19,x11,962	 x11:0x00000000 x19=0x000003c2
        4335000	       432	80001b2c	ed9c37b7	lui	x15,0xed9c3	 x15=0xed9c3000
        4345000	       433	80001b30	eeb7f617	auipc	x12,0xeeb7f	 x12=0x6eb80b2c
        4355000	       434	80001b34	0ceb9597	auipc	x11,0xceb9	 x11=0x8cebab30
        4365000	       435	80001b38	00985d93	srli	x27,x16,0x9	 x16:0xfffff999 x27=0x007ffffc
        4375000	       436	80001b3c	01df5d93	srli	x27,x30,0x1d	 x30:0x80009fc4 x27=0x00000004
        4385000	       437	80001b40	000488b3	add	x17,x9,x0	  x9:0x00000000  x0:0x00000000 x17=0x00000000
        4395000	       438	80001b44	01509693	slli	x13,x1,0x15	  x1:0x00000000 x13=0x00000000
        4405000	       439	80001b48	bd170813	addi	x16,x14,-1071	 x14:0x000001ff x16=0xfffffdd0
        4415000	       440	80001b4c	0417f663	bgeu	x15,x1,80001b98	 x15:0xed9c3000  x1:0x00000000
        4425000	       441	00000000	00000013	addi	x0,x0,0	  x0:0x00000000
        4435000	       442	80001b94	00000013	addi	x0,x0,0	  x0:0x00000000
        4445000	       443	80001b98	41b10ab3	sub	x21,x2,x27	  x2:0x00000298 x27:0x00000004 x21=0x00000294
        4455000	       444	80001b9c	00e7fe63	bgeu	x15,x14,80001bb8	 x15:0xed9c3000 x14:0x000001ff
        4465000	       445	00000000	00000013	addi	x0,x0,0	  x0:0x00000000
        4475000	       446	80001bb4	00000013	addi	x0,x0,0	  x0:0x00000000
        4485000	       447	80001bb8	02850e63	beq	x10,x8,80001bf4	 x10:0x80009f54  x8:0xffffaa13
        4495000	       448	80001bbc	014097b3	sll	x15,x1,x20	  x1:0x00000000 x20:0x0000079e x15=0x00000000
        4505000	       449	80001bc0	00a6abb3	slt	x23,x13,x10	 x13:0x00000000 x10:0x80009f54 x23=0x00000000
        4515000	       450	80001bc4	7d7a8593	addi	x11,x21,2007	 x21:0x00000294 x11=0x00000a6b
        4525000	       451	80001bc8	00656a63	bltu	x10,x6,80001bdc	 x10:0x80009f54  x6:0x000000aa
        4535000	       452	80001bcc	fc8f0c97	auipc	x25,0xfc8f0	 x25=0x7c8f1bc8
        4545000	       453	80001bd0	00000013	addi	x0,x0,0	  x0:0x00000000
        4555000	       454	80001bd4	dd29c213	xori	x4,x19,-558	 x19:0x000003c2  x4=0xfffffe10
        4565000	       455	80001bd8	1a4c8093	addi	x1,x25,420	 x25:0x7c8f1bc8  x1=0x7c8f1d6c
        4575000	       456	80001bdc	d8184a93	xori	x21,x16,-639	 x16:0xfffffdd0 x21=0x00000051
        4585000	       457	80001be0	01b08333	add	x6,x1,x27	  x1:0x7c8f1d6c x27:0x00000004  x6=0x7c8f1d70
        4595000	       458	80001be4	008058b3	srl	x17,x0,x8	  x0:0x00000000  x8:0xffffaa13 x17=0x00000000
        4605000	       459	80001be8	3f785317	auipc	x6,0x3f785	  x6=0xbf786be4
        4615000	       460	80001bec	404d5993	srai	x19,x26,0x4	 x26:0x000fffeb x19=0x0000fffe
        4625000	       461	80001bf0	007e5913	srli	x18,x28,0x7	 x28:0x00000001 x18=0x00000000
        4635000	       462	80001bf4	0104e933	or	x18,x9,x16	  x9:0x00000000 x16:0xfffffdd0 x18=0xfffffdd0
        4645000	       463	80001bf8	04ee7263	bgeu	x28,x14,80001c3c	 x28:0x00000001 x14:0x000001ff
        4655000	       464	80001bfc	05340663	beq	x8,x19,80001c48	  x8:0xffffaa13 x19:0x0000fffe
        4665000	       465	80001c00	00bccd33	xor	x26,x25,x11	 x25:0x7c8f1bc8 x11:0x00000a6b x26=0x7c8f11a3
        4675000	       466	80001c04	572ff413	andi	x8,x31,1394	 x31:0xfffffa2d  x8=0x00000020
        4685000	       467	80001c08	00bb02b3	add	x5,x22,x11	 x22:0x000002de x11:0x00000a6b  x5=0x00000d49
        4695000	       468	80001c0c	00dd19b3	sll	x19,x26,x13	 x26:0x7c8f11a3 x13:0x00000000 x19=0x7c8f11a3
        4705000	       469	80001c10	0140f6b3	and	x13,x1,x20	  x1:0x7c8f1d6c x20:0x0000079e x13=0x0000050c
        4715000	       470	80001c14	003b4ab3	xor	x21,x22,x3	 x22:0x000002de  x3:0x4a3507ec x21=0x4a350532
        4725000	       471	80001c18	00b69863	bne	x13,x11,80001c28	 x13:0x0000050c x11:0x00000a6b
        4735000	       472	00000000	00000013	addi	x0,x0,0	  x0:0x00000000
        4745000	       473	80001c24	00000013	addi	x0,x0,0	  x0:0x00000000
        4755000	       474	80001c28	192f0a93	addi	x21,x30,402	 x30:0x80009fc4 x21=0x8000a156
        4765000	       475	80001c2c	00fb33b3	sltu	x7,x22,x15	 x22:0x000002de x15:0x00000000  x7=0x00000000
        4775000	       476	80001c30	302a7c17	auipc	x24,0x302a7	 x24=0xb02a8c2c
        4785000	       477	80001c34	043b0663	beq	x22,x3,80001c80	 x22:0x000002de  x3:0x4a3507ec
        4795000	       478	80001c38	42a52593	slti	x11,x10,1066	 x10:0x80009f54 x11=0x00000001
        4805000	       479	80001c3c	02584863	blt	x16,x5,80001c6c	 x16:0xfffffdd0  x5:0x00000d49
        4815000	       480	00000000	00000013	addi	x0,x0,0	  x0:0x00000000
        4825000	       481	80001c68	00000013	addi	x0,x0,0	  x0:0x00000000
        4835000	       482	80001c6c	714f7e37	lui	x28,0x714f7	 x28=0x714f7000
        4845000	       483	80001c70	9f7f6113	ori	x2,x30,-1545	 x30:0x80009fc4  x2=0xfffffff7
        4855000	       484	80001c74	05684663	blt	x16,x22,80001cc0	 x16:0xfffffdd0 x22:0x000002de
        4865000	       485	00000000	00000013	addi	x0,x0,0	  x0:0x00000000
        4875000	       486	80001cbc	00000013	addi	x0,x0,0	  x0:0x00000000
        4885000	       487	80001cc0	0da19c63	bne	x3,x26,80001d98	  x3:0x4a3507ec x26:0x7c8f11a3
        4895000	       488	00000000	00000013	addi	x0,x0,0	  x0:0x00000000
        4905000	       489	80001d94	00000013	addi	x0,x0,0	  x0:0x00000000
        4915000	       490	80001d98	04dd6663	bltu	x26,x13,80001de4	 x26:0x7c8f11a3 x13:0x0000050c
        4925000	       491	80001d9c	0000feb3	and	x29,x1,x0	  x1:0x7c8f1d6c  x0:0x00000000 x29=0x00000000
        4935000	       492	80001da0	03d85663	bge	x16,x29,80001dcc	 x16:0xfffffdd0 x29:0x00000000
        4945000	       493	80001da4	bf00c113	xori	x2,x1,-1040	  x1:0x7c8f1d6c  x2=0x8370e69c
        4955000	       494	80001da8	40410fb3	sub	x31,x2,x4	  x2:0x8370e69c  x4:0xfffffe10 x31=0x8370e88c
        4965000	       495	80001dac	00000013	addi	x0,x0,0	  x0:0x00000000
        4975000	       496	80001db0	0f467c37	lui	x24,0xf467	 x24=0x0f467000
        4985000	       497	80001db4	00bed613	srli	x12,x29,0xb	 x29:0x00000000 x12=0x00000000
        4995000	       498	80001db8	37a2f937	lui	x18,0x37a2f	 x18=0x37a2f000
        5005000	       499	80001dbc	00e39733	sll	x14,x7,x14	  x7:0x00000000 x14:0x000001ff x14=0x00000000
        5015000	       500	80001dc0	01b2fb33	and	x22,x5,x27	  x5:0x00000d49 x27:0x00000004 x22=0x00000000
        5025000	       501	80001dc4	8d0d5b17	auipc	x22,0x8d0d5	 x22=0x0d0d6dc0
        5035000	       502	80001dc8	00683fb3	sltu	x31,x16,x6	 x16:0xfffffdd0  x6:0xbf786be4 x31=0x00000000
        5045000	       503	80001dcc	03749263	bne	x9,x23,80001df0	  x9:0x00000000 x23:0x00000000
        5055000	       504	80001dd0	00000013	addi	x0,x0,0	  x0:0x00000000
        5065000	       505	80001dd4	01e23e33	sltu	x28,x4,x30	  x4:0xfffffe10 x30:0x80009fc4 x28=0x00000000
        5075000	       506	80001dd8	013fd033	srl	x0,x31,x19	 x31:0x00000000 x19:0x7c8f11a3
        5085000	       507	80001ddc	a5972993	slti	x19,x14,-1447	 x14:0x00000000 x19=0x00000000
        5095000	       508	80001de0	00926863	bltu	x4,x9,80001df0	  x4:0xfffffe10  x9:0x00000000
        5105000	       509	80001de4	710d3113	sltiu	x2,x26,1808	 x26:0x7c8f11a3  x2=0x00000000
        5115000	       510	80001de8	003e27b3	slt	x15,x28,x3	 x28:0x00000000  x3:0x4a3507ec x15=0x00000001
        5125000	       511	80001dec	01acc263	blt	x25,x26,80001df0	 x25:0x7c8f1bc8 x26:0x7c8f11a3
        5135000	       512	80001df0	7e0c6a93	ori	x21,x24,2016	 x24:0x0f467000 x21=0x0f4677e0
        5145000	       513	80001df4	00452083	lw	x1,4(x10)	 x10:0x80009f54  x1=0x80000148 PA:0x80009f58
        5155000	       514	80001df8	1ec84913	xori	x18,x16,492	 x16:0xfffffdd0 x18=0xfffffc3c
        5165000	       515	80001dfc	40818b33	sub	x22,x3,x8	  x3:0x4a3507ec  x8:0x00000020 x22=0x4a3507cc
        5175000	       516	80001e00	01d42833	slt	x16,x8,x29	  x8:0x00000020 x29:0x00000000 x16=0x00000000
        5185000	       517	80001e04	000c1233	sll	x4,x24,x0	 x24:0x0f467000  x0:0x00000000  x4=0x0f467000
        5195000	       518	80001e08	00eba233	slt	x4,x23,x14	 x23:0x00000000 x14:0x00000000  x4=0x00000000
        5205000	       519	80001e0c	017adfb3	srl	x31,x21,x23	 x21:0x0f4677e0 x23:0x00000000 x31=0x0f4677e0
        5215000	       520	80001e10	03050513	addi	x10,x10,48	 x10:0x80009f54 x10=0x80009f84
        5225000	       521	80001e14	36cb8f93	addi	x31,x23,876	 x23:0x00000000 x31=0x0000036c
        5235000	       522	80001e18	00108193	addi	x3,x1,1	  x1:0x80000148  x3=0x80000149
        5245000	       523	80001e1c	000181e7	jalr	x3,x3,0	  x3:0x80000149  x3=0x80001e1c
        5255000	       524	00000000	00000013	addi	x0,x0,0	  x0:0x00000000
        5265000	       525	80000148	00000013	addi	x0,x0,0	  x0:0x00000000
        5275000	       526	8000014c	00008e97	auipc	x29,0x8	 x29=0x80008148
        5285000	       527	80000150	70ce8e93	addi	x29,x29,1804	 x29:0x80008148 x29=0x80008854
        5295000	       528	80000154	5faedb83	lhu	x23,1530(x29)	 x29:0x80008854 x23=0x0000d157 PA:0x80008e4e
        5305000	       529	80000158	00a4bbb3	sltu	x23,x9,x10	  x9:0x00000000 x10:0x80009f84 x23=0x00000001
        5315000	       530	8000015c	0016bfb3	sltu	x31,x13,x1	 x13:0x0000050c  x1:0x80000148 x31=0x00000001
        5325000	       531	80000160	8db7cb93	xori	x23,x15,-1829	 x15:0x00000001 x23=0xfffff8da
        5335000	       532	80000164	01189893	slli	x17,x17,0x11	 x17:0x00000000 x17=0x00000000
        5345000	       533	80000168	0bce9083	lh	x1,188(x29)	 x29:0x80008854  x1=0xffff84a4 PA:0x80008910
        5355000	       534	8000016c	41fbd313	srai	x6,x23,0x1f	 x23:0xfffff8da  x6=0xffffffff
        5365000	       535	80000170	4bde8f83	lb	x31,1213(x29)	 x29:0x80008854 x31=0x00000013 PA:0x80008d11
        5375000	       536	80000174	01cb8133	add	x2,x23,x28	 x23:0xfffff8da x28:0x00000000  x2=0xfffff8da
        5385000	       537	80000178	0045cbb3	xor	x23,x11,x4	 x11:0x00000001  x4:0x00000000 x23=0x00000001
        5395000	       538	8000017c	51feaa23	sw	x31,1300(x29)	 x29:0x80008854 x31:0x00000013 PA:0x80008d68
        5405000	       539	80000180	0184c833	xor	x16,x9,x24	  x9:0x00000000 x24:0x0f467000 x16=0x0f467000
        5415000	       540	80000184	4cde8703	lb	x14,1229(x29)	 x29:0x80008854 x14=0xffffffa0 PA:0x80008d21
        5425000	       541	80000188	01cef8b3	and	x17,x29,x28	 x29:0x80008854 x28:0x00000000 x17=0x00000000
        5435000	       542	8000018c	40b807b3	sub	x15,x16,x11	 x16:0x0f467000 x11:0x00000001 x15=0x0f466fff
        5445000	       543	80000190	5faecd83	lbu	x27,1530(x29)	 x29:0x80008854 x27=0x00000057 PA:0x80008e4e
        5455000	       544	80000194	787ea623	sw	x7,1932(x29)	 x29:0x80008854  x7:0x00000000 PA:0x80008fe0
        5465000	       545	80000198	002b7b33	and	x22,x22,x2	 x22:0x4a3507cc  x2:0xfffff8da x22=0x4a3500c8
        5475000	       546	8000019c	26060817	auipc	x16,0x26060	 x16=0xa6060198
        5485000	       547	800001a0	65c58c93	addi	x25,x11,1628	 x11:0x00000001 x25=0x0000065d
        5495000	       548	800001a4	406b89b3	sub	x19,x23,x6	 x23:0x00000001  x6:0xffffffff x19=0x00000002
        5505000	       549	800001a8	4dee8ca3	sb	x30,1241(x29)	 x29:0x80008854 x30:0x80009fc4 PA:0x80008d2d
        5515000	       550	800001ac	8b1b2593	slti	x11,x22,-1871	 x22:0x4a3500c8 x11=0x00000000
        5525000	       551	800001b0	bcf302b7	lui	x5,0xbcf30	  x5=0xbcf30000
        5535000	       552	800001b4	0183ac33	slt	x24,x7,x24	  x7:0x00000000 x24:0x0f467000 x24=0x00000001
        5545000	       553	800001b8	447e8da3	sb	x7,1115(x29)	 x29:0x80008854  x7:0x00000000 PA:0x80008caf
        5555000	       554	800001bc	188e89a3	sb	x8,403(x29)	 x29:0x80008854  x8:0x00000020 PA:0x800089e7
        5565000	       555	800001c0	37dec083	lbu	x1,893(x29)	 x29:0x80008854  x1=0x00000093 PA:0x80008bd1
        5575000	       556	800001c4	28be8923	sb	x11,658(x29)	 x29:0x80008854 x11:0x00000000 PA:0x80008ae6
        5585000	       557	800001c8	0030d093	srli	x1,x1,0x3	  x1:0x00000093  x1=0x00000012
        5595000	       558	800001cc	4068dc13	srai	x24,x17,0x6	 x17:0x00000000 x24=0x00000000
        5605000	       559	800001d0	a8e1fe13	andi	x28,x3,-1394	  x3:0x80001e1c x28=0x80001a0c
        5615000	       560	800001d4	706e8423	sb	x6,1800(x29)	 x29:0x80008854  x6:0xffffffff PA:0x80008f5c
        5625000	       561	800001d8	41e0de13	srai	x28,x1,0x1e	  x1:0x00000012 x28=0x00000000
        5635000	       562	800001dc	7fc42713	slti	x14,x8,2044	  x8:0x00000020 x14=0x00000001
        5645000	       563	800001e0	00000013	addi	x0,x0,0	  x0:0x00000000
        5655000	       564	800001e4	36dec083	lbu	x1,877(x29)	 x29:0x80008854  x1=0x000000d3 PA:0x80008bc1
        5665000	       565	00000000	00000013	addi	x0,x0,0	  x0:0x00000000
        5675000	       566	800001e8	00008c17	auipc	x24,0x8	 x24=0x800081e4
        5685000	       567	800001ec	036c0c13	addi	x24,x24,54	 x24:0x800081e4 x24=0x8000821a
        5695000	       568	800001f0	00008d17	auipc	x26,0x8	 x26=0x800081ec
        5705000	       569	800001f4	0e6d0d13	addi	x26,x26,230	 x26:0x800081ec x26=0x800082d2
        5715000	       570	800001f8	ff8c1b83	lh	x23,-8(x24)	 x24:0x8000821a x23=0x00003ab9 PA:0x80008212
        5725000	       571	800001fc	00008697	auipc	x13,0x8	 x13=0x800081f8
        5735000	       572	80000200	56a68693	addi	x13,x13,1386	 x13:0x800081f8 x13=0x80008762
        5745000	       573	80000204	00008997	auipc	x19,0x8	 x19=0x80008200
        5755000	       574	80000208	1bd98993	addi	x19,x19,445	 x19:0x80008200 x19=0x800083bd
        5765000	       575	8000020c	0b098083	lb	x1,176(x19)	 x19:0x800083bd  x1=0x0000006f PA:0x8000846d
        5775000	       576	80000210	0789cf83	lbu	x31,120(x19)	 x19:0x800083bd x31=0x00000089 PA:0x80008435
        5785000	       577	80000214	0406de83	lhu	x29,64(x13)	 x13:0x80008762 x29=0x000028a0 PA:0x800087a2
        5795000	       578	80000218	ffec1a03	lh	x20,-2(x24)	 x24:0x8000821a x20=0x00006d41 PA:0x80008218
        5805000	       579	8000021c	00008317	auipc	x6,0x8	  x6=0x80008218
        5815000	       580	80000220	38d30313	addi	x6,x6,909	  x6:0x80008218  x6=0x800085a5
        5825000	       581	80000224	feb6a723	sw	x11,-18(x13)	 x13:0x80008762 x11:0x00000000 PA:0x80008750
        5835000	       582	80000228	0b698523	sb	x22,170(x19)	 x19:0x800083bd x22:0x4a3500c8 PA:0x80008467
        5845000	       583	8000022c	00b31c83	lh	x25,11(x6)	  x6:0x800085a5 x25=0x00000e88 PA:0x800085b0
        5855000	       584	80000230	028310a3	sh	x8,33(x6)	  x6:0x800085a5  x8:0x00000020 PA:0x800085c6
        5865000	       585	80000234	fcd30283	lb	x5,-51(x6)	  x6:0x800085a5  x5=0xffffffa2 PA:0x80008572
        5875000	       586	80000238	fc9d0783	lb	x15,-55(x26)	 x26:0x800082d2 x15=0xffffffff PA:0x8000829b
        5885000	       587	8000023c	fd9d0a23	sb	x25,-44(x26)	 x26:0x800082d2 x25:0x00000e88 PA:0x800082a6
        5895000	       588	80000240	01b682a3	sb	x27,5(x13)	 x13:0x80008762 x27:0x00000057 PA:0x80008767
        5905000	       589	80000244	f3e996a3	sh	x30,-211(x19)	 x19:0x800083bd x30:0x80009fc4 PA:0x800082ea
        5915000	       590	80000248	0136c583	lbu	x11,19(x13)	 x13:0x80008762 x11=0x0000007f PA:0x80008775
        5925000	       591	8000024c	008c02a3	sb	x8,5(x24)	 x24:0x8000821a  x8:0x00000020 PA:0x8000821f
        5935000	       592	80000250	031317a3	sh	x17,47(x6)	  x6:0x800085a5 x17:0x00000000 PA:0x800085d4
        5945000	       593	80000254	0cf990a3	sh	x15,193(x19)	 x19:0x800083bd x15:0xffffffff PA:0x8000847e
        5955000	       594	80000258	00fd0903	lb	x18,15(x26)	 x26:0x800082d2 x18=0xffffffd2 PA:0x800082e1
        5965000	       595	00000000	00000013	addi	x0,x0,0	  x0:0x00000000
        5975000	       596	8000025c	fd2688a3	sb	x18,-47(x13)	 x13:0x80008762 x18:0xffffffd2 PA:0x80008733
        5985000	       597	80000260	013d0fa3	sb	x19,31(x26)	 x26:0x800082d2 x19:0x800083bd PA:0x800082f1
        5995000	       598	80000264	004d4583	lbu	x11,4(x26)	 x26:0x800082d2 x11=0x00000059 PA:0x800082d6
        6005000	       599	80000268	ff7c4083	lbu	x1,-9(x24)	 x24:0x8000821a  x1=0x00000017 PA:0x80008211
        6015000	       600	8000026c	06c9ce83	lbu	x29,108(x19)	 x19:0x800083bd x29=0x00000050 PA:0x80008429
        6025000	       601	80000270	fda30a03	lb	x20,-38(x6)	  x6:0x800085a5 x20=0xffffffb5 PA:0x8000857f
        6035000	       602	80000274	f719cf83	lbu	x31,-143(x19)	 x19:0x800083bd x31=0x0000007b PA:0x8000832e
        6045000	       603	80000278	ff0c0ba3	sb	x16,-9(x24)	 x24:0x8000821a x16:0xa6060198 PA:0x80008211
        6055000	       604	8000027c	009c0f83	lb	x31,9(x24)	 x24:0x8000821a x31=0xffffffe2 PA:0x80008223
        6065000	       605	80000280	ff6c4083	lbu	x1,-10(x24)	 x24:0x8000821a  x1=0x00000099 PA:0x80008210
        6075000	       606	80000284	00dc0a83	lb	x21,13(x24)	 x24:0x8000821a x21=0x0000003c PA:0x80008227
        6085000	       607	80000288	00268ca3	sb	x2,25(x13)	 x13:0x80008762  x2:0xfffff8da PA:0x8000877b
        6095000	       608	8000028c	ffbc2f23	sw	x27,-2(x24)	 x24:0x8000821a x27:0x00000057 PA:0x80008218
        6105000	       609	80000290	f0a9cc83	lbu	x25,-246(x19)	 x19:0x800083bd x25=0x00000023 PA:0x800082c7
        6115000	       610	80000294	01730223	sb	x23,4(x6)	  x6:0x800085a5 x23:0x00003ab9 PA:0x800085a9
        6125000	       611	80000298	00008697	auipc	x13,0x8	 x13=0x80008294
        6135000	       612	8000029c	6be68693	addi	x13,x13,1726	 x13:0x80008294 x13=0x80008952
        6145000	       613	800002a0	5c568283	lb	x5,1477(x13)	 x13:0x80008952  x5=0xffffffd9 PA:0x80008f17
        6155000	       614	800002a4	1c768103	lb	x2,455(x13)	 x13:0x80008952  x2=0x0000007e PA:0x80008b19
        6165000	       615	800002a8	1c768583	lb	x11,455(x13)	 x13:0x80008952 x11=0x0000007e PA:0x80008b19
        6175000	       616	800002ac	03b68ea3	sb	x27,61(x13)	 x13:0x80008952 x27:0x00000057 PA:0x8000898f
        6185000	       617	800002b0	39b68aa3	sb	x27,917(x13)	 x13:0x80008952 x27:0x00000057 PA:0x80008ce7
        6195000	       618	800002b4	30168fa3	sb	x1,799(x13)	 x13:0x80008952  x1:0x00000099 PA:0x80008c71
        6205000	       619	800002b8	3e16c603	lbu	x12,993(x13)	 x13:0x80008952 x12=0x00000007 PA:0x80008d33
        6215000	       620	800002bc	3f3680a3	sb	x19,993(x13)	 x13:0x80008952 x19:0x800083bd PA:0x80008d33
        6225000	       621	800002c0	3e16ce03	lbu	x28,993(x13)	 x13:0x80008952 x28=0x000000bd PA:0x80008d33
        6235000	       622	800002c4	00cedbb3	srl	x23,x29,x12	 x29:0x00000050 x12:0x00000007 x23=0x00000000
        6245000	       623	800002c8	3e16ca83	lbu	x21,993(x13)	 x13:0x80008952 x21=0x000000bd PA:0x80008d33
        6255000	       624	800002cc	3e168883	lb	x17,993(x13)	 x13:0x80008952 x17=0xffffffbd PA:0x80008d33
        6265000	       625	800002d0	3fe680a3	sb	x30,993(x13)	 x13:0x80008952 x30:0x80009fc4 PA:0x80008d33
        6275000	       626	800002d4	25b686a3	sb	x27,589(x13)	 x13:0x80008952 x27:0x00000057 PA:0x80008b9f
        6285000	       627	800002d8	24d68a83	lb	x21,589(x13)	 x13:0x80008952 x21=0x00000057 PA:0x80008b9f
        6295000	       628	800002dc	42769023	sh	x7,1056(x13)	 x13:0x80008952  x7:0x00000000 PA:0x80008d72
        6305000	       629	800002e0	5c06cf83	lbu	x31,1472(x13)	 x13:0x80008952 x31=0x00000060 PA:0x80008f12
        6315000	       630	800002e4	5c069b03	lh	x22,1472(x13)	 x13:0x80008952 x22=0x00004e60 PA:0x80008f12
        6325000	       631	800002e8	5ca68023	sb	x10,1472(x13)	 x13:0x80008952 x10:0x80009f84 PA:0x80008f12
        6335000	       632	800002ec	5cf69023	sh	x15,1472(x13)	 x13:0x80008952 x15:0xffffffff PA:0x80008f12
        6345000	       633	800002f0	5c568023	sb	x5,1472(x13)	 x13:0x80008952  x5:0xffffffd9 PA:0x80008f12
        6355000	       634	800002f4	00008897	auipc	x17,0x8	 x17=0x800082f0
        6365000	       635	800002f8	ee488893	addi	x17,x17,-284	 x17:0x800082f0 x17=0x800081d4
        6375000	       636	800002fc	00008217	auipc	x4,0x8	  x4=0x800082f8
        6385000	       637	80000300	db020213	addi	x4,x4,-592	  x4:0x800082f8  x4=0x800080a8
        6395000	       638	80000304	00008817	auipc	x16,0x8	 x16=0x80008300
        6405000	       639	80000308	f3e80813	addi	x16,x16,-194	 x16:0x80008300 x16=0x8000823e
        6415000	       640	8000030c	00008117	auipc	x2,0x8	  x2=0x80008308
        6425000	       641	80000310	2fb10113	addi	x2,x2,763	  x2:0x80008308  x2=0x80008603
        6435000	       642	80000314	fc524a83	lbu	x21,-59(x4)	  x4:0x800080a8 x21=0x000000f0 PA:0x8000806d
        6445000	       643	80000318	ffb88a83	lb	x21,-5(x17)	 x17:0x800081d4 x21=0xffffffe5 PA:0x800081cf
        6455000	       644	8000031c	10914c83	lbu	x25,265(x2)	  x2:0x80008603 x25=0x000000b3 PA:0x8000870c
        6465000	       645	80000320	f6d84283	lbu	x5,-147(x16)	 x16:0x8000823e  x5=0x000000cc PA:0x800081ab
        6475000	       646	80000324	0318c183	lbu	x3,49(x17)	 x17:0x800081d4  x3=0x0000004f PA:0x80008205
        6485000	       647	80000328	ab210fa3	sb	x18,-1345(x2)	  x2:0x80008603 x18:0xffffffd2 PA:0x800080c2
        6495000	       648	8000032c	1a110d23	sb	x1,442(x2)	  x2:0x80008603  x1:0x00000099 PA:0x800087bd
        6505000	       649	80000330	01988183	lb	x3,25(x17)	 x17:0x800081d4  x3=0x00000077 PA:0x800081ed
        6515000	       650	80000334	03221283	lh	x5,50(x4)	  x4:0x800080a8  x5=0x0000753c PA:0x800080da
        6525000	       651	80000338	01b8c383	lbu	x7,27(x17)	 x17:0x800081d4  x7=0x00000013 PA:0x800081ef
        6535000	       652	8000033c	ffc20903	lb	x18,-4(x4)	  x4:0x800080a8 x18=0x00000056 PA:0x800080a4
        6545000	       653	80000340	d5710a23	sb	x23,-684(x2)	  x2:0x80008603 x23:0x00000000 PA:0x80008357
        6555000	       654	80000344	0ba84183	lbu	x3,186(x16)	 x16:0x8000823e  x3=0x000000ed PA:0x800082f8
        6565000	       655	80000348	0fa81b83	lh	x23,250(x16)	 x16:0x8000823e x23=0x00002651 PA:0x80008338
        6575000	       656	8000034c	03f880a3	sb	x31,33(x17)	 x17:0x800081d4 x31:0x00000060 PA:0x800081f5
        6585000	       657	80000350	00825b03	lhu	x22,8(x4)	  x4:0x800080a8 x22=0x0000d488 PA:0x800080b0
        6595000	       658	80000354	02f24283	lbu	x5,47(x4)	  x4:0x800080a8  x5=0x0000001e PA:0x800080d7
        6605000	       659	00000000	00000013	addi	x0,x0,0	  x0:0x00000000
        6615000	       660	80000358	10510ca3	sb	x5,281(x2)	  x2:0x80008603  x5:0x0000001e PA:0x8000871c
        6625000	       661	8000035c	fdb81c23	sh	x27,-40(x16)	 x16:0x8000823e x27:0x00000057 PA:0x80008216
        6635000	       662	80000360	0a814903	lbu	x18,168(x2)	  x2:0x80008603 x18=0x0000009b PA:0x800086ab
        6645000	       663	80000364	fd621e03	lh	x28,-42(x4)	  x4:0x800080a8 x28=0x00007cbf PA:0x8000807e
        6655000	       664	80000368	fca80b03	lb	x22,-54(x16)	 x16:0x8000823e x22=0x00000008 PA:0x80008208
        6665000	       665	8000036c	ed212ca3	sw	x18,-295(x2)	  x2:0x80008603 x18:0x0000009b PA:0x800084dc
        6675000	       666	80000370	c0014c03	lbu	x24,-1024(x2)	  x2:0x80008603 x24=0x00000023 PA:0x80008203
        6685000	       667	80000374	11a14083	lbu	x1,282(x2)	  x2:0x80008603  x1=0x000000bd PA:0x8000871d
        6695000	       668	80000378	007889a3	sb	x7,19(x17)	 x17:0x800081d4  x7:0x00000013 PA:0x800081e7
        6705000	       669	8000037c	fed881a3	sb	x13,-29(x17)	 x17:0x800081d4 x13:0x80008952 PA:0x800081b7
        6715000	       670	80000380	02a201a3	sb	x10,35(x4)	  x4:0x800080a8 x10:0x80009f84 PA:0x800080cb
        6725000	       671	80000384	fee206a3	sb	x14,-19(x4)	  x4:0x800080a8 x14:0x00000001 PA:0x80008095
        6735000	       672	80000388	ffa8cb83	lbu	x23,-6(x17)	 x17:0x800081d4 x23=0x00000031 PA:0x800081ce
        6745000	       673	8000038c	f1980903	lb	x18,-231(x16)	 x16:0x8000823e x18=0xfffffff3 PA:0x80008157
        6755000	       674	80000390	01988003	lb	x0,25(x17)	 x17:0x800081d4 PA:0x800081ed
        6765000	       675	80000394	02f20d03	lb	x26,47(x4)	  x4:0x800080a8 x26=0x0000001e PA:0x800080d7
        6775000	       676	80000398	f1880923	sb	x24,-238(x16)	 x16:0x8000823e x24:0x00000023 PA:0x80008150
        6785000	       677	8000039c	1ef10603	lb	x12,495(x2)	  x2:0x80008603 x12=0x00000036 PA:0x800087f2
        6795000	       678	800003a0	0a280e83	lb	x29,162(x16)	 x16:0x8000823e x29=0x0000005a PA:0x800082e0
        6805000	       679	800003a4	00008717	auipc	x14,0x8	 x14=0x800083a0
        6815000	       680	800003a8	46e70713	addi	x14,x14,1134	 x14:0x800083a0 x14=0x8000880e
        6825000	       681	800003ac	00570903	lb	x18,5(x14)	 x14:0x8000880e x18=0xffffff89 PA:0x80008813
        6835000	       682	800003b0	00570e03	lb	x28,5(x14)	 x14:0x8000880e x28=0xffffff89 PA:0x80008813
        6845000	       683	800003b4	410a0db3	sub	x27,x20,x16	 x20:0xffffffb5 x16:0x8000823e x27=0x7fff7d77
        6855000	       684	800003b8	6217ec93	ori	x25,x15,1569	 x15:0xffffffff x25=0xffffffff
        6865000	       685	800003bc	f6374c83	lbu	x25,-157(x14)	 x14:0x8000880e x25=0x0000002d PA:0x80008771
        6875000	       686	800003c0	f2371923	sh	x3,-206(x14)	 x14:0x8000880e  x3:0x000000ed PA:0x80008740
        6885000	       687	800003c4	f3271923	sh	x18,-206(x14)	 x14:0x8000880e x18:0xffffff89 PA:0x80008740
        6895000	       688	800003c8	f2070923	sb	x0,-206(x14)	 x14:0x8000880e  x0:0x00000000 PA:0x80008740
        6905000	       689	800003cc	019a21b3	slt	x3,x20,x25	 x20:0xffffffb5 x25:0x0000002d  x3=0x00000001
        6915000	       690	800003d0	fa725637	lui	x12,0xfa725	 x12=0xfa725000
        6925000	       691	800003d4	f8571c23	sh	x5,-104(x14)	 x14:0x8000880e  x5:0x0000001e PA:0x800087a6
        6935000	       692	800003d8	f9874383	lbu	x7,-104(x14)	 x14:0x8000880e  x7=0x0000001e PA:0x800087a6
        6945000	       693	800003dc	00c76c33	or	x24,x14,x12	 x14:0x8000880e x12:0xfa725000 x24=0xfa72d80e
        6955000	       694	800003e0	f9871f83	lh	x31,-104(x14)	 x14:0x8000880e x31=0x0000001e PA:0x800087a6
        6965000	       695	800003e4	f0374903	lbu	x18,-253(x14)	 x14:0x8000880e x18=0x00000092 PA:0x80008711
        6975000	       696	800003e8	f6c71623	sh	x12,-148(x14)	 x14:0x8000880e x12:0xfa725000 PA:0x8000877a
        6985000	       697	800003ec	409ad613	srai	x12,x21,0x9	 x21:0xffffffe5 x12=0xffffffff
        6995000	       698	800003f0	f3e75d83	lhu	x27,-194(x14)	 x14:0x8000880e x27=0x0000aff1 PA:0x8000874c
        7005000	       699	800003f4	f3c74403	lbu	x8,-196(x14)	 x14:0x8000880e  x8=0x000000de PA:0x8000874a
        7015000	       700	800003f8	f2771e23	sh	x7,-196(x14)	 x14:0x8000880e  x7:0x0000001e PA:0x8000874a
        7025000	       701	800003fc	f15702a3	sb	x21,-251(x14)	 x14:0x8000880e x21:0xffffffe5 PA:0x80008713
        7035000	       702	80000400	00000013	addi	x0,x0,0	  x0:0x00000000
        7045000	       703	80000404	f0474283	lbu	x5,-252(x14)	 x14:0x8000880e  x5=0x000000bc PA:0x80008712
        7055000	       704	80000408	00008b17	auipc	x22,0x8	 x22=0x80008404
        7065000	       705	8000040c	de3b0b13	addi	x22,x22,-541	 x22:0x80008404 x22=0x800081e7
        7075000	       706	80000410	03e2f093	andi	x1,x5,62	  x5:0x000000bc  x1=0x0000003c
        7085000	       707	80000414	404a5d13	srai	x26,x20,0x4	 x20:0xffffffb5 x26=0xfffffffb
        7095000	       708	80000418	01e501b3	add	x3,x10,x30	 x10:0x80009f84 x30:0x80009fc4  x3=0x00013f48
        7105000	       709	8000041c	f93b4e03	lbu	x28,-109(x22)	 x22:0x800081e7 x28=0x000000cc PA:0x8000817a
        7115000	       710	80000420	d7b8fe13	andi	x28,x17,-645	 x17:0x800081d4 x28=0x80008150
        7125000	       711	80000424	01d19bb3	sll	x23,x3,x29	  x3:0x00013f48 x29:0x0000005a x23=0x20000000
        7135000	       712	80000428	075b14a3	sh	x21,105(x22)	 x22:0x800081e7 x21:0xffffffe5 PA:0x80008250
        7145000	       713	8000042c	9737b637	lui	x12,0x9737b	 x12=0x9737b000
        7155000	       714	80000430	f34b0883	lb	x17,-204(x22)	 x22:0x800081e7 x17=0x00000069 PA:0x8000811b
        7165000	       715	00000000	00000013	addi	x0,x0,0	  x0:0x00000000
        7175000	       716	80000434	29f8f113	andi	x2,x17,671	 x17:0x00000069  x2=0x00000009
        7185000	       717	80000438	412d8913	addi	x18,x27,1042	 x27:0x0000aff1 x18=0x0000b403
        7195000	       718	8000043c	3f75ea97	auipc	x21,0x3f75e	 x21=0xbf75e438
        7205000	       719	80000440	00041413	slli	x8,x8,0x0	  x8:0x000000de  x8=0x000000de
        7215000	       720	80000444	0e0b0283	lb	x5,224(x22)	 x22:0x800081e7  x5=0x00000023 PA:0x800082c7
        7225000	       721	80000448	f7eb0823	sb	x30,-144(x22)	 x22:0x800081e7 x30:0x80009fc4 PA:0x80008157
        7235000	       722	8000044c	0129d093	srli	x1,x19,0x12	 x19:0x800083bd  x1=0x00002000
        7245000	       723	80000450	0cfb5003	lhu	x0,207(x22)	 x22:0x800081e7 PA:0x800082b6
        7255000	       724	80000454	046b0903	lb	x18,70(x22)	 x22:0x800081e7 x18=0x00000054 PA:0x8000822d
        7265000	       725	80000458	00262a33	slt	x20,x12,x2	 x12:0x9737b000  x2:0x00000009 x20=0x00000001
        7275000	       726	8000045c	09ab4083	lbu	x1,154(x22)	 x22:0x800081e7  x1=0x00000030 PA:0x80008281
        7285000	       727	80000460	f30b4583	lbu	x11,-208(x22)	 x22:0x800081e7 x11=0x00000090 PA:0x80008117
        7295000	       728	80000464	018e63b3	or	x7,x28,x24	 x28:0x80008150 x24:0xfa72d80e  x7=0xfa72d95e
        7305000	       729	80000468	40a3dd93	srai	x27,x7,0xa	  x7:0xfa72d95e x27=0xfffe9cb6
        7315000	       730	8000046c	41c80e33	sub	x28,x16,x28	 x16:0x8000823e x28:0x80008150 x28=0x000000ee
        7325000	       731	80000470	0c3b5203	lhu	x4,195(x22)	 x22:0x800081e7  x4=0x0000717c PA:0x800082aa
        7335000	       732	80000474	f62b0183	lb	x3,-158(x22)	 x22:0x800081e7  x3=0x0000005b PA:0x80008149
        7345000	       733	80000478	045b2183	lw	x3,69(x22)	 x22:0x800081e7  x3=0x756854c3 PA:0x8000822c
        7355000	       734	8000047c	d5d8bdb7	lui	x27,0xd5d8b	 x27=0xd5d8b000
        7365000	       735	80000480	02db1da3	sh	x13,59(x22)	 x22:0x800081e7 x13:0x80008952 PA:0x80008222
        7375000	       736	80000484	f22b0e23	sb	x2,-196(x22)	 x22:0x800081e7  x2:0x00000009 PA:0x80008123
        7385000	       737	80000488	066b4103	lbu	x2,102(x22)	 x22:0x800081e7  x2=0x00000074 PA:0x8000824d
        7395000	       738	8000048c	a797fb93	andi	x23,x15,-1415	 x15:0xffffffff x23=0xfffffa79
        7405000	       739	80000490	f11b2383	lw	x7,-239(x22)	 x22:0x800081e7  x7=0xb621d0ad PA:0x800080f8
        7415000	       740	80000494	0b3b0803	lb	x16,179(x22)	 x22:0x800081e7 x16=0xffffffff PA:0x8000829a
        7425000	       741	00000000	00000013	addi	x0,x0,0	  x0:0x00000000
        7435000	       742	80000498	ff0b0783	lb	x15,-16(x22)	 x22:0x800081e7 x15=0x00000055 PA:0x800081d7
        7445000	       743	8000049c	06eb0b23	sb	x14,118(x22)	 x22:0x800081e7 x14:0x8000880e PA:0x8000825d
        7455000	       744	800004a0	032b15a3	sh	x18,43(x22)	 x22:0x800081e7 x18:0x00000054 PA:0x80008212
        7465000	       745	800004a4	fbfb22a3	sw	x31,-91(x22)	 x22:0x800081e7 x31:0x0000001e PA:0x8000818c
        7475000	       746	800004a8	fa6b4c83	lbu	x25,-90(x22)	 x22:0x800081e7 x25=0x00000000 PA:0x8000818d
        7485000	       747	800004ac	0acb4283	lbu	x5,172(x22)	 x22:0x800081e7  x5=0x00000000 PA:0x80008293
        7495000	       748	800004b0	08db2d03	lw	x26,141(x22)	 x22:0x800081e7 x26=0x96a61e5a PA:0x80008274
        7505000	       749	00000000	00000013	addi	x0,x0,0	  x0:0x00000000
        7515000	       750	800004b4	01a11613	slli	x12,x2,0x1a	  x2:0x00000074 x12=0xd0000000
        7525000	       751	800004b8	060b09a3	sb	x0,115(x22)	 x22:0x800081e7  x0:0x00000000 PA:0x8000825a
        7535000	       752	800004bc	00008197	auipc	x3,0x8	  x3=0x800084b8
        7545000	       753	800004c0	1d718193	addi	x3,x3,471	  x3:0x800084b8  x3=0x8000868f
        7555000	       754	800004c4	00008217	auipc	x4,0x8	  x4=0x800084c0
        7565000	       755	800004c8	f4a20213	addi	x4,x4,-182	  x4:0x800084c0  x4=0x8000840a
        7575000	       756	800004cc	00008c17	auipc	x24,0x8	 x24=0x800084c8
        7585000	       757	800004d0	1edc0c13	addi	x24,x24,493	 x24:0x800084c8 x24=0x800086b5
        7595000	       758	800004d4	00008d17	auipc	x26,0x8	 x26=0x800084d0
        7605000	       759	800004d8	de8d0d13	addi	x26,x26,-536	 x26:0x800084d0 x26=0x800082b8
        7615000	       760	800004dc	ff4c4083	lbu	x1,-12(x24)	 x24:0x800086b5  x1=0x00000019 PA:0x800086a9
        7625000	       761	800004e0	ff1c1da3	sh	x17,-5(x24)	 x24:0x800086b5 x17:0x00000069 PA:0x800086b0
        7635000	       762	800004e4	00a22883	lw	x17,10(x4)	  x4:0x8000840a x17=0x1e39940f PA:0x80008414
        7645000	       763	800004e8	ff820083	lb	x1,-8(x4)	  x4:0x8000840a  x1=0x0000001a PA:0x80008402
        7655000	       764	800004ec	ff9c4a83	lbu	x21,-7(x24)	 x24:0x800086b5 x21=0x0000006c PA:0x800086ae
        7665000	       765	800004f0	fe3d1d23	sh	x3,-6(x26)	 x26:0x800082b8  x3:0x8000868f PA:0x800082b2
        7675000	       766	800004f4	ffc25683	lhu	x13,-4(x4)	  x4:0x8000840a x13=0x00003324 PA:0x80008406
        7685000	       767	800004f8	016d0723	sb	x22,14(x26)	 x26:0x800082b8 x22:0x800081e7 PA:0x800082c6
        7695000	       768	800004fc	ffac4603	lbu	x12,-6(x24)	 x24:0x800086b5 x12=0x00000075 PA:0x800086af
        7705000	       769	80000500	fffd0e83	lb	x29,-1(x26)	 x26:0x800082b8 x29=0x00000034 PA:0x800082b7
        7715000	       770	80000504	ffcc0823	sb	x28,-16(x24)	 x24:0x800086b5 x28:0x000000ee PA:0x800086a5
        7725000	       771	80000508	00b1c083	lbu	x1,11(x3)	  x3:0x8000868f  x1=0x0000001f PA:0x8000869a
        7735000	       772	8000050c	00ec0403	lb	x8,14(x24)	 x24:0x800086b5  x8=0xffffffeb PA:0x800086c3
        7745000	       773	80000510	feb18b23	sb	x11,-10(x3)	  x3:0x8000868f x11:0x00000090 PA:0x80008685
        7755000	       774	80000514	00724003	lbu	x0,7(x4)	  x4:0x8000840a PA:0x80008411
        7765000	       775	80000518	00719403	lh	x8,7(x3)	  x3:0x8000868f  x8=0xfffff67e PA:0x80008696
        7775000	       776	8000051c	ff3d4803	lbu	x16,-13(x26)	 x26:0x800082b8 x16=0x00000071 PA:0x800082ab
        7785000	       777	80000520	00bd0803	lb	x16,11(x26)	 x26:0x800082b8 x16=0xffffffa0 PA:0x800082c3
        7795000	       778	80000524	ff620e83	lb	x29,-10(x4)	  x4:0x8000840a x29=0xffffff82 PA:0x80008400
        7805000	       779	80000528	001d06a3	sb	x1,13(x26)	 x26:0x800082b8  x1:0x0000001f PA:0x800082c5
        7815000	       780	8000052c	017196a3	sh	x23,13(x3)	  x3:0x8000868f x23:0xfffffa79 PA:0x8000869c
        7825000	       781	80000530	ff5d4803	lbu	x16,-11(x26)	 x26:0x800082b8 x16=0x000000a5 PA:0x800082ad
        7835000	       782	80000534	00018423	sb	x0,8(x3)	  x3:0x8000868f  x0:0x00000000 PA:0x80008697
        7845000	       783	80000538	ff2c0983	lb	x19,-14(x24)	 x24:0x800086b5 x19=0x00000059 PA:0x800086a7
        7855000	       784	8000053c	007d0083	lb	x1,7(x26)	 x26:0x800082b8  x1=0x0000004c PA:0x800082bf
        7865000	       785	80000540	ff11ab83	lw	x23,-15(x3)	  x3:0x8000868f x23=0xaf471736 PA:0x80008680
        7875000	       786	80000544	00ec0803	lb	x16,14(x24)	 x24:0x800086b5 x16=0xffffffeb PA:0x800086c3
        7885000	       787	00000000	00000013	addi	x0,x0,0	  x0:0x00000000
        7895000	       788	80000548	01021523	sh	x16,10(x4)	  x4:0x8000840a x16:0xffffffeb PA:0x80008414
        7905000	       789	8000054c	406eda93	srai	x21,x29,0x6	 x29:0xffffff82 x21=0xfffffffe
        7915000	       790	80000550	04351263	bne	x10,x3,80000594	 x10:0x80009f84  x3:0x8000868f
        7925000	       791	00000000	00000013	addi	x0,x0,0	  x0:0x00000000
        7935000	       792	80000590	00000013	addi	x0,x0,0	  x0:0x00000000
        7945000	       793	80000594	ce518f97	auipc	x31,0xce518	 x31=0x4e518590
        7955000	       794	80000598	00285313	srli	x6,x16,0x2	 x16:0xffffffeb  x6=0x3ffffffa
        7965000	       795	8000059c	01355913	srli	x18,x10,0x13	 x10:0x80009f84 x18=0x00001000
        7975000	       796	800005a0	031ce863	bltu	x25,x17,800005d0	 x25:0x00000000 x17:0x1e39940f
        7985000	       797	00000000	00000013	addi	x0,x0,0	  x0:0x00000000
        7995000	       798	800005cc	00000013	addi	x0,x0,0	  x0:0x00000000
        8005000	       799	800005d0	00378fb3	add	x31,x15,x3	 x15:0x00000055  x3:0x8000868f x31=0x800086e4
        8015000	       800	800005d4	01fe1a63	bne	x28,x31,800005e8	 x28:0x000000ee x31:0x800086e4
        8025000	       801	00000000	00000013	addi	x0,x0,0	  x0:0x00000000
        8035000	       802	800005e4	00000013	addi	x0,x0,0	  x0:0x00000000
        8045000	       803	800005e8	4025da93	srai	x21,x11,0x2	 x11:0x00000090 x21=0x00000024
        8055000	       804	800005ec	00bd6cb3	or	x25,x26,x11	 x26:0x800082b8 x11:0x00000090 x25=0x800082b8
        8065000	       805	800005f0	499ab797	auipc	x15,0x499ab	 x15=0xc99ab5ec
        8075000	       806	800005f4	0381e463	bltu	x3,x24,8000061c	  x3:0x8000868f x24:0x800086b5
        8085000	       807	00000000	00000013	addi	x0,x0,0	  x0:0x00000000
        8095000	       808	80000618	00000013	addi	x0,x0,0	  x0:0x00000000
        8105000	       809	8000061c	03e17263	bgeu	x2,x30,80000640	  x2:0x00000074 x30:0x80009fc4
        8115000	       810	80000620	00ff8d33	add	x26,x31,x15	 x31:0x800086e4 x15:0xc99ab5ec x26=0x499b3cd0
        8125000	       811	80000624	006a07b3	add	x15,x20,x6	 x20:0x00000001  x6:0x3ffffffa x15=0x3ffffffb
        8135000	       812	80000628	01adfe33	and	x28,x27,x26	 x27:0xd5d8b000 x26:0x499b3cd0 x28=0x41983000
        8145000	       813	8000062c	65316e13	ori	x28,x2,1619	  x2:0x00000074 x28=0x00000677
        8155000	       814	80000630	00a0c133	xor	x2,x1,x10	  x1:0x0000004c x10:0x80009f84  x2=0x80009fc8
        8165000	       815	80000634	0284e863	bltu	x9,x8,80000664	  x9:0x00000000  x8:0xfffff67e
        8175000	       816	00000000	00000013	addi	x0,x0,0	  x0:0x00000000
        8185000	       817	80000660	00000013	addi	x0,x0,0	  x0:0x00000000
        8195000	       818	80000664	00485393	srli	x7,x16,0x4	 x16:0xffffffeb  x7=0x0ffffffe
        8205000	       819	80000668	86c03293	sltiu	x5,x0,-1940	  x0:0x00000000  x5=0x00000001
        8215000	       820	8000066c	9bb3c697	auipc	x13,0x9bb3c	 x13=0x1bb3c668
        8225000	       821	80000670	03d56463	bltu	x10,x29,80000698	 x10:0x80009f84 x29:0xffffff82
        8235000	       822	00000000	00000013	addi	x0,x0,0	  x0:0x00000000
        8245000	       823	80000694	00000013	addi	x0,x0,0	  x0:0x00000000
        8255000	       824	80000698	41410033	sub	x0,x2,x20	  x2:0x80009fc8 x20:0x00000001
        8265000	       825	8000069c	00c33bb3	sltu	x23,x6,x12	  x6:0x3ffffffa x12:0x00000075 x23=0x00000000
        8275000	       826	800006a0	00e7fab3	and	x21,x15,x14	 x15:0x3ffffffb x14:0x8000880e x21=0x0000880a
        8285000	       827	800006a4	406689b3	sub	x19,x13,x6	 x13:0x1bb3c668  x6:0x3ffffffa x19=0xdbb3c66e
        8295000	       828	800006a8	4acba113	slti	x2,x23,1196	 x23:0x00000000  x2=0x00000001
        8305000	       829	800006ac	012141b3	xor	x3,x2,x18	  x2:0x00000001 x18:0x00001000  x3=0x00001001
        8315000	       830	800006b0	6e47c313	xori	x6,x15,1764	 x15:0x3ffffffb  x6=0x3ffff91f
        8325000	       831	800006b4	e82b6713	ori	x14,x22,-382	 x22:0x800081e7 x14=0xffffffe7
        8335000	       832	800006b8	0af66937	lui	x18,0xaf66	 x18=0x0af66000
        8345000	       833	800006bc	015e9c93	slli	x25,x29,0x15	 x29:0xffffff82 x25=0xf0400000
        8355000	       834	800006c0	016f6463	bltu	x30,x22,800006c8	 x30:0x80009fc4 x22:0x800081e7
        8365000	       835	800006c4	01e36c33	or	x24,x6,x30	  x6:0x3ffff91f x30:0x80009fc4 x24=0xbfffffdf
        8375000	       836	800006c8	007609b3	add	x19,x12,x7	 x12:0x00000075  x7:0x0ffffffe x19=0x10000073
        8385000	       837	800006cc	00da1133	sll	x2,x20,x13	 x20:0x00000001 x13:0x1bb3c668  x2=0x00000100
        8395000	       838	800006d0	01b7c663	blt	x15,x27,800006dc	 x15:0x3ffffffb x27:0xd5d8b000
        8405000	       839	800006d4	416e8833	sub	x16,x29,x22	 x29:0xffffff82 x22:0x800081e7 x16=0x7fff7d9b
        8415000	       840	800006d8	01bb85b3	add	x11,x23,x27	 x23:0x00000000 x27:0xd5d8b000 x11=0xd5d8b000
        8425000	       841	800006dc	0189ccb3	xor	x25,x19,x24	 x19:0x10000073 x24:0xbfffffdf x25=0xafffffac
        8435000	       842	800006e0	014e6c63	bltu	x28,x20,800006f8	 x28:0x00000677 x20:0x00000001
        8445000	       843	800006e4	02b8e863	bltu	x17,x11,80000714	 x17:0x1e39940f x11:0xd5d8b000
        8455000	       844	00000000	00000013	addi	x0,x0,0	  x0:0x00000000
        8465000	       845	80000710	00000013	addi	x0,x0,0	  x0:0x00000000
        8475000	       846	80000714	00b8fdb3	and	x27,x17,x11	 x17:0x1e39940f x11:0xd5d8b000 x27=0x14189000
        8485000	       847	80000718	05ff8463	beq	x31,x31,80000760	 x31:0x800086e4 x31:0x800086e4
        8495000	       848	00000000	00000013	addi	x0,x0,0	  x0:0x00000000
        8505000	       849	8000075c	00000013	addi	x0,x0,0	  x0:0x00000000
        8515000	       850	80000760	0116fa33	and	x20,x13,x17	 x13:0x1bb3c668 x17:0x1e39940f x20=0x1a318408
        8525000	       851	80000764	037ce663	bltu	x25,x23,80000790	 x25:0xafffffac x23:0x00000000
        8535000	       852	80000768	22913597	auipc	x11,0x22913	 x11=0xa2913764
        8545000	       853	8000076c	40a881b3	sub	x3,x17,x10	 x17:0x1e39940f x10:0x80009f84  x3=0x9e38f48b
        8555000	       854	80000770	40965913	srai	x18,x12,0x9	 x12:0x00000075 x18=0x00000000
        8565000	       855	80000774	a095c413	xori	x8,x11,-1527	 x11:0xa2913764  x8=0x5d6ecd6d
        8575000	       856	80000778	0443d863	bge	x7,x4,800007c8	  x7:0x0ffffffe  x4:0x8000840a
        8585000	       857	00000000	00000013	addi	x0,x0,0	  x0:0x00000000
        8595000	       858	800007c4	00000013	addi	x0,x0,0	  x0:0x00000000
        8605000	       859	800007c8	00ddccb3	xor	x25,x27,x13	 x27:0x14189000 x13:0x1bb3c668 x25=0x0fab5668
        8615000	       860	800007cc	02f82713	slti	x14,x16,47	 x16:0x7fff7d9b x14=0x00000000
        8625000	       861	800007d0	03e79e63	bne	x15,x30,8000080c	 x15:0x3ffffffb x30:0x80009fc4
        8635000	       862	00000000	00000013	addi	x0,x0,0	  x0:0x00000000
        8645000	       863	80000808	00000013	addi	x0,x0,0	  x0:0x00000000
        8655000	       864	8000080c	01573433	sltu	x8,x14,x21	 x14:0x00000000 x21:0x0000880a  x8=0x00000001
        8665000	       865	80000810	00d96263	bltu	x18,x13,80000814	 x18:0x00000000 x13:0x1bb3c668
        8675000	       866	00000000	00000013	addi	x0,x0,0	  x0:0x00000000
        8685000	       867	80000810	00000013	addi	x0,x0,0	  x0:0x00000000
        8695000	       868	80000814	05811c63	bne	x2,x24,8000086c	  x2:0x00000100 x24:0xbfffffdf
        8705000	       869	00000000	00000013	addi	x0,x0,0	  x0:0x00000000
        8715000	       870	80000868	00000013	addi	x0,x0,0	  x0:0x00000000
        8725000	       871	8000086c	40608e33	sub	x28,x1,x6	  x1:0x0000004c  x6:0x3ffff91f x28=0xc000072d
        8735000	       872	80000870	d4203393	sltiu	x7,x0,-702	  x0:0x00000000  x7=0x00000001
        8745000	       873	80000874	a197f437	lui	x8,0xa197f	  x8=0xa197f000
        8755000	       874	80000878	41d5db93	srai	x23,x11,0x1d	 x11:0xa2913764 x23=0xfffffffd
        8765000	       875	8000087c	1d2d6f93	ori	x31,x26,466	 x26:0x499b3cd0 x31=0x499b3dd2
        8775000	       876	80000880	008ce263	bltu	x25,x8,80000884	 x25:0x0fab5668  x8:0xa197f000
        8785000	       877	00000000	00000013	addi	x0,x0,0	  x0:0x00000000
        8795000	       878	80000880	00000013	addi	x0,x0,0	  x0:0x00000000
        8805000	       879	80000884	2a12cf93	xori	x31,x5,673	  x5:0x00000001 x31=0x000002a0
        8815000	       880	80000888	0161dd33	srl	x26,x3,x22	  x3:0x9e38f48b x22:0x800081e7 x26=0x013c71e9
        8825000	       881	8000088c	05f18063	beq	x3,x31,800008cc	  x3:0x9e38f48b x31:0x000002a0
        8835000	       882	80000890	a20c7e13	andi	x28,x24,-1504	 x24:0xbfffffdf x28=0xbffffa00
        8845000	       883	80000894	a9bce093	ori	x1,x25,-1381	 x25:0x0fab5668  x1=0xfffffefb
        8855000	       884	80000898	421cc737	lui	x14,0x421cc	 x14=0x421cc000
        8865000	       885	8000089c	41fa56b3	sra	x13,x20,x31	 x20:0x1a318408 x31:0x000002a0 x13=0x1a318408
        8875000	       886	800008a0	0490c663	blt	x1,x9,800008ec	  x1:0xfffffefb  x9:0x00000000
        8885000	       887	00000000	00000013	addi	x0,x0,0	  x0:0x00000000
        8895000	       888	800008e8	00000013	addi	x0,x0,0	  x0:0x00000000
        8905000	       889	800008ec	008d6bb3	or	x23,x26,x8	 x26:0x013c71e9  x8:0xa197f000 x23=0xa1bff1e9
        8915000	       890	800008f0	2e982913	slti	x18,x16,745	 x16:0x7fff7d9b x18=0x00000000
        8925000	       891	800008f4	405959b3	sra	x19,x18,x5	 x18:0x00000000  x5:0x00000001 x19=0x00000000
        8935000	       892	800008f8	00e21b33	sll	x22,x4,x14	  x4:0x8000840a x14:0x421cc000 x22=0x8000840a
        8945000	       893	800008fc	e5dbec13	ori	x24,x23,-419	 x23:0xa1bff1e9 x24=0xfffffffd
        8955000	       894	80000900	77c18c93	addi	x25,x3,1916	  x3:0x9e38f48b x25=0x9e38fc07
        8965000	       895	80000904	b14b7f93	andi	x31,x22,-1260	 x22:0x8000840a x31=0x80008000
        8975000	       896	80000908	927c2713	slti	x14,x24,-1753	 x24:0xfffffffd x14=0x00000000
        8985000	       897	8000090c	a2f5b193	sltiu	x3,x11,-1489	 x11:0xa2913764  x3=0x00000001
        8995000	       898	80000910	7c2e4c93	xori	x25,x28,1986	 x28:0xbffffa00 x25=0xbffffdc2
        9005000	       899	80000914	04bebd13	sltiu	x26,x29,75	 x29:0xffffff82 x26=0x00000000
        9015000	       900	80000918	0028a6b3	slt	x13,x17,x2	 x17:0x1e39940f  x2:0x00000100 x13=0x00000000
        9025000	       901	8000091c	031d6663	bltu	x26,x17,80000948	 x26:0x00000000 x17:0x1e39940f
        9035000	       902	00000000	00000013	addi	x0,x0,0	  x0:0x00000000
        9045000	       903	80000944	00000013	addi	x0,x0,0	  x0:0x00000000
        9055000	       904	80000948	07d4f663	bgeu	x9,x29,800009b4	  x9:0x00000000 x29:0xffffff82
        9065000	       905	8000094c	011dd133	srl	x2,x27,x17	 x27:0x14189000 x17:0x1e39940f  x2=0x00002831
        9075000	       906	80000950	d889f013	andi	x0,x19,-632	 x19:0x00000000
        9085000	       907	80000954	006423b3	slt	x7,x8,x6	  x8:0xa197f000  x6:0x3ffff91f  x7=0x00000001
        9095000	       908	80000958	00650463	beq	x10,x6,80000960	 x10:0x80009f84  x6:0x3ffff91f
        9105000	       909	8000095c	00000013	addi	x0,x0,0	  x0:0x00000000
        9115000	       910	80000960	07895e63	bge	x18,x24,800009dc	 x18:0x00000000 x24:0xfffffffd
        9125000	       911	00000000	00000013	addi	x0,x0,0	  x0:0x00000000
        9135000	       912	800009d8	00000013	addi	x0,x0,0	  x0:0x00000000
        9145000	       913	800009dc	41c7da33	sra	x20,x15,x28	 x15:0x3ffffffb x28:0xbffffa00 x20=0x3ffffffb
        9155000	       914	800009e0	41c35893	srai	x17,x6,0x1c	  x6:0x3ffff91f x17=0x00000003
        9165000	       915	800009e4	00022e33	slt	x28,x4,x0	  x4:0x8000840a  x0:0x00000000 x28=0x00000001
        9175000	       916	800009e8	009477b3	and	x15,x8,x9	  x8:0xa197f000  x9:0x00000000 x15=0x00000000
        9185000	       917	800009ec	00acda63	bge	x25,x10,80000a00	 x25:0xbffffdc2 x10:0x80009f84
        9195000	       918	00000000	00000013	addi	x0,x0,0	  x0:0x00000000
        9205000	       919	800009fc	00000013	addi	x0,x0,0	  x0:0x00000000
        9215000	       920	80000a00	02a26263	bltu	x4,x10,80000a24	  x4:0x8000840a x10:0x80009f84
        9225000	       921	00000000	00000013	addi	x0,x0,0	  x0:0x00000000
        9235000	       922	80000a20	00000013	addi	x0,x0,0	  x0:0x00000000
        9245000	       923	80000a24	2e853a13	sltiu	x20,x10,744	 x10:0x80009f84 x20=0x00000000
        9255000	       924	80000a28	089ffab7	lui	x21,0x89ff	 x21=0x089ff000
        9265000	       925	80000a2c	43997693	andi	x13,x18,1081	 x18:0x00000000 x13=0x00000000
        9275000	       926	80000a30	13e07993	andi	x19,x0,318	  x0:0x00000000 x19=0x00000000
        9285000	       927	80000a34	09c2c337	lui	x6,0x9c2c	  x6=0x09c2c000
        9295000	       928	80000a38	00b91613	slli	x12,x18,0xb	 x18:0x00000000 x12=0x00000000
        9305000	       929	80000a3c	01de2c33	slt	x24,x28,x29	 x28:0x00000001 x29:0xffffff82 x24=0x00000000
        9315000	       930	80000a40	035af863	bgeu	x21,x21,80000a70	 x21:0x089ff000 x21:0x089ff000
        9325000	       931	00000000	00000013	addi	x0,x0,0	  x0:0x00000000
        9335000	       932	80000a6c	00000013	addi	x0,x0,0	  x0:0x00000000
        9345000	       933	80000a70	00fe66b3	or	x13,x28,x15	 x28:0x00000001 x15:0x00000000 x13=0x00000001
        9355000	       934	80000a74	40a188b3	sub	x17,x3,x10	  x3:0x00000001 x10:0x80009f84 x17=0x7fff607d
        9365000	       935	80000a78	d81eae93	slti	x29,x29,-639	 x29:0xffffff82 x29=0x00000000
        9375000	       936	80000a7c	0537e263	bltu	x15,x19,80000ac0	 x15:0x00000000 x19:0x00000000
        9385000	       937	80000a80	01087933	and	x18,x16,x16	 x16:0x7fff7d9b x16:0x7fff7d9b x18=0x7fff7d9b
        9395000	       938	80000a84	9fa9b193	sltiu	x3,x19,-1542	 x19:0x00000000  x3=0x00000001
        9405000	       939	80000a88	069c8413	addi	x8,x25,105	 x25:0xbffffdc2  x8=0xbffffe2b
        9415000	       940	80000a8c	2e670193	addi	x3,x14,742	 x14:0x00000000  x3=0x000002e6
        9425000	       941	80000a90	01110263	beq	x2,x17,80000a94	  x2:0x00002831 x17:0x7fff607d
        9435000	       942	80000a94	00a06a63	bltu	x0,x10,80000aa8	  x0:0x00000000 x10:0x80009f84
        9445000	       943	00000000	00000013	addi	x0,x0,0	  x0:0x00000000
        9455000	       944	80000aa4	00000013	addi	x0,x0,0	  x0:0x00000000
        9465000	       945	80000aa8	010e0b33	add	x22,x28,x16	 x28:0x00000001 x16:0x7fff7d9b x22=0x7fff7d9c
        9475000	       946	80000aac	413fd9b3	sra	x19,x31,x19	 x31:0x80008000 x19:0x00000000 x19=0x80008000
        9485000	       947	80000ab0	013d9a93	slli	x21,x27,0x13	 x27:0x14189000 x21=0x80000000
        9495000	       948	80000ab4	02c61463	bne	x12,x12,80000adc	 x12:0x00000000 x12:0x00000000
        9505000	       949	80000ab8	41a70333	sub	x6,x14,x26	 x14:0x00000000 x26:0x00000000  x6=0x00000000
        9515000	       950	80000abc	00da79b3	and	x19,x20,x13	 x20:0x00000000 x13:0x00000001 x19=0x00000000
        9525000	       951	80000ac0	014cd463	bge	x25,x20,80000ac8	 x25:0xbffffdc2 x20:0x00000000
        9535000	       952	80000ac4	00b0e133	or	x2,x1,x11	  x1:0xfffffefb x11:0xa2913764  x2=0xffffffff
        9545000	       953	80000ac8	41afd033	sra	x0,x31,x26	 x31:0x80008000 x26:0x00000000
        9555000	       954	80000acc	00ca78b3	and	x17,x20,x12	 x20:0x00000000 x12:0x00000000 x17=0x00000000
        9565000	       955	80000ad0	0113c663	blt	x7,x17,80000adc	  x7:0x00000001 x17:0x00000000
        9575000	       956	80000ad4	b8deec13	ori	x24,x29,-1139	 x29:0x00000000 x24=0xfffffb8d
        9585000	       957	80000ad8	fb643397	auipc	x7,0xfb643	  x7=0x7b643ad4
        9595000	       958	80000adc	0c2e4e63	blt	x28,x2,80000bb8	 x28:0x00000001  x2:0xffffffff
        9605000	       959	80000ae0	0d3f9463	bne	x31,x19,80000ba8	 x31:0x80008000 x19:0x00000000
        9615000	       960	00000000	00000013	addi	x0,x0,0	  x0:0x00000000
        9625000	       961	80000ba4	00000013	addi	x0,x0,0	  x0:0x00000000
        9635000	       962	80000ba8	01a3c933	xor	x18,x7,x26	  x7:0x7b643ad4 x26:0x00000000 x18=0x7b643ad4
        9645000	       963	80000bac	301c3c93	sltiu	x25,x24,769	 x24:0xfffffb8d x25=0x00000000
        9655000	       964	80000bb0	017891b3	sll	x3,x17,x23	 x17:0x00000000 x23:0xa1bff1e9  x3=0x00000000
        9665000	       965	80000bb4	05b65263	bge	x12,x27,80000bf8	 x12:0x00000000 x27:0x14189000
        9675000	       966	80000bb8	faf22193	slti	x3,x4,-81	  x4:0x8000840a  x3=0x00000001
        9685000	       967	80000bbc	01125b13	srli	x22,x4,0x11	  x4:0x8000840a x22=0x00004000
        9695000	       968	80000bc0	0104fa63	bgeu	x9,x16,80000bd4	  x9:0x00000000 x16:0x7fff7d9b
        9705000	       969	80000bc4	4168d133	sra	x2,x17,x22	 x17:0x00000000 x22:0x00004000  x2=0x00000000
        9715000	       970	80000bc8	40bd8733	sub	x14,x27,x11	 x27:0x14189000 x11:0xa2913764 x14=0x7187589c
        9725000	       971	80000bcc	014980b3	add	x1,x19,x20	 x19:0x00000000 x20:0x00000000  x1=0x00000000
        9735000	       972	80000bd0	00000013	addi	x0,x0,0	  x0:0x00000000
        9745000	       973	80000bd4	5b66fe13	andi	x28,x13,1462	 x13:0x00000001 x28=0x00000000
        9755000	       974	80000bd8	73e27113	andi	x2,x4,1854	  x4:0x8000840a  x2=0x0000040a
        9765000	       975	80000bdc	41be56b3	sra	x13,x28,x27	 x28:0x00000000 x27:0x14189000 x13=0x00000000
        9775000	       976	80000be0	b1642013	slti	x0,x8,-1258	  x8:0xbffffe2b
        9785000	       977	80000be4	007efd33	and	x26,x29,x7	 x29:0x00000000  x7:0x7b643ad4 x26=0x00000000
        9795000	       978	80000be8	018a28b3	slt	x17,x20,x24	 x20:0x00000000 x24:0xfffffb8d x17=0x00000000
        9805000	       979	80000bec	01aa7ab3	and	x21,x20,x26	 x20:0x00000000 x26:0x00000000 x21=0x00000000
        9815000	       980	80000bf0	06aa4d93	xori	x27,x20,106	 x20:0x00000000 x27=0x0000006a
        9825000	       981	80000bf4	282ff897	auipc	x17,0x282ff	 x17=0xa82ffbf0
        9835000	       982	80000bf8	04811063	bne	x2,x8,80000c38	  x2:0x0000040a  x8:0xbffffe2b
        9845000	       983	00000000	00000013	addi	x0,x0,0	  x0:0x00000000
        9855000	       984	80000c34	00000013	addi	x0,x0,0	  x0:0x00000000
        9865000	       985	80000c38	eaef5e97	auipc	x29,0xeaef5	 x29=0x6aef5c34
        9875000	       986	80000c3c	017873b3	and	x7,x16,x23	 x16:0x7fff7d9b x23:0xa1bff1e9  x7=0x21bf7189
        9885000	       987	80000c40	0225d263	bge	x11,x2,80000c64	 x11:0xa2913764  x2:0x0000040a
        9895000	       988	80000c44	771af913	andi	x18,x21,1905	 x21:0x00000000 x18=0x00000000
        9905000	       989	80000c48	64932913	slti	x18,x6,1609	  x6:0x00000000 x18=0x00000001
        9915000	       990	80000c4c	001a40b3	xor	x1,x20,x1	 x20:0x00000000  x1:0x00000000  x1=0x00000000
        9925000	       991	80000c50	01ba5833	srl	x16,x20,x27	 x20:0x00000000 x27:0x0000006a x16=0x00000000
        9935000	       992	80000c54	c3237013	andi	x0,x6,-974	  x6:0x00000000
        9945000	       993	80000c58	008c9a63	bne	x25,x8,80000c6c	 x25:0x00000000  x8:0xbffffe2b
        9955000	       994	00000000	00000013	addi	x0,x0,0	  x0:0x00000000
        9965000	       995	80000c68	00000013	addi	x0,x0,0	  x0:0x00000000
        9975000	       996	80000c6c	01b5fc33	and	x24,x11,x27	 x11:0xa2913764 x27:0x0000006a x24=0x00000060
        9985000	       997	80000c70	00000497	auipc	x9,0x0	  x9=0x80000c6c
        9995000	       998	80000c74	00c48493	addi	x9,x9,12	  x9:0x80000c6c  x9=0x80000c78
       10005000	       999	80000c78	00048067	jalr	x0,x9,0	  x9:0x80000c78
       10015000	      1000	00000000	00000013	addi	x0,x0,0	  x0:0x00000000
       10025000	      1001	80000c78	00000013	addi	x0,x0,0	  x0:0x00000000
       10035000	      1002	80000c7c	00100193	addi	x3,x0,1	  x0:0x00000000  x3=0x00000001
       10045000	      1003	80000c80	00000073	ecall	
       10055000	      1004	80000c84	4609bc93	sltiu	x25,x19,1120	 x19:0x00000000 x25=0x00000001
