		Time			Cycle	PC		Insn	Decoded instruction	Register and memory contents
          65000	         5	80000004	00000293	addi	x5,x0,0	  x0:0x00000000  x5=0x00000000
          75000	         6	80000008	00000313	addi	x6,x0,0	  x0:0x00000000  x6=0x00000000
          85000	         7	8000000c	00628263	beq	x5,x6,80000010	  x5:0x00000000  x6:0x00000000
          95000	         8	00000000	00000013	addi	x0,x0,0	  x0:0x00000000
         105000	         9	8000000c	00000013	addi	x0,x0,0	  x0:0x00000000
         115000	        10	80000010	00000e97	auipc	x29,0x0	 x29=0x8000000c
         125000	        11	80000014	00ce8e93	addi	x29,x29,12	 x29:0x8000000c x29=0x80000018
         135000	        12	80000018	000e8067	jalr	x0,x29,0	 x29:0x80000018
         145000	        13	00000000	00000013	addi	x0,x0,0	  x0:0x00000000
         155000	        14	80000018	00000013	addi	x0,x0,0	  x0:0x00000000
         165000	        15	8000001c	40000937	lui	x18,0x40000	 x18=0x40000000
         175000	        16	80000020	10090913	addi	x18,x18,256	 x18:0x40000000 x18=0x40000100
         185000	        17	80000024	00000013	addi	x0,x0,0	  x0:0x00000000
         195000	        18	80000028	0000a297	auipc	x5,0xa	  x5=0x8000a024
         205000	        19	8000002c	fa028293	addi	x5,x5,-96	  x5:0x8000a024  x5=0x80009fc4
         215000	        20	80000030	00002917	auipc	x18,0x2	 x18=0x8000202c
         225000	        21	80000034	7e490913	addi	x18,x18,2020	 x18:0x8000202c x18=0x80002810
         235000	        22	80000038	00196913	ori	x18,x18,1	 x18:0x80002810 x18=0x80002811
         245000	        23	8000003c	00000013	addi	x0,x0,0	  x0:0x00000000
         255000	        24	80000040	00000917	auipc	x18,0x0	 x18=0x8000003c
         265000	        25	80000044	02090913	addi	x18,x18,32	 x18:0x8000003c x18=0x8000005c
         275000	        26	80000048	00000013	addi	x0,x0,0	  x0:0x00000000
         285000	        27	8000004c	00000013	addi	x0,x0,0	  x0:0x00000000
         295000	        28	80000050	00002937	lui	x18,0x2	 x18=0x00002000
         305000	        29	80000054	80090913	addi	x18,x18,-2048	 x18:0x00002000 x18=0x00001800
         315000	        30	80000058	00000013	addi	x0,x0,0	  x0:0x00000000
         325000	        31	8000005c	00000013	addi	x0,x0,0	  x0:0x00000000
         335000	        32	80000060	00000013	addi	x0,x0,0	  x0:0x00000000
         345000	        33	80000064	f86070b7	lui	x1,0xf8607	  x1=0xf8607000
         355000	        34	80000068	85c08093	addi	x1,x1,-1956	  x1:0xf8607000  x1=0xf860685c
         365000	        35	8000006c	f2e01137	lui	x2,0xf2e01	  x2=0xf2e01000
         375000	        36	80000070	2ec10113	addi	x2,x2,748	  x2:0xf2e01000  x2=0xf2e012ec
         385000	        37	80000074	00300193	addi	x3,x0,3	  x0:0x00000000  x3=0x00000003
         395000	        38	80000078	00a00213	addi	x4,x0,10	  x0:0x00000000  x4=0x0000000a
         405000	        39	8000007c	80000337	lui	x6,0x80000	  x6=0x80000000
         415000	        40	80000080	00000393	addi	x7,x0,0	  x0:0x00000000  x7=0x00000000
         425000	        41	80000084	00e00413	addi	x8,x0,14	  x0:0x00000000  x8=0x0000000e
         435000	        42	80000088	00000493	addi	x9,x0,0	  x0:0x00000000  x9=0x00000000
         445000	        43	8000008c	fe179537	lui	x10,0xfe179	 x10=0xfe179000
         455000	        44	80000090	9c650513	addi	x10,x10,-1594	 x10:0xfe179000 x10=0xfe1789c6
         465000	        45	80000094	f55535b7	lui	x11,0xf5553	 x11=0xf5553000
         475000	        46	80000098	44558593	addi	x11,x11,1093	 x11:0xf5553000 x11=0xf5553445
         485000	        47	8000009c	00000613	addi	x12,x0,0	  x0:0x00000000 x12=0x00000000
         495000	        48	800000a0	f7a0f6b7	lui	x13,0xf7a0f	 x13=0xf7a0f000
         505000	        49	800000a4	63668693	addi	x13,x13,1590	 x13:0xf7a0f000 x13=0xf7a0f636
         515000	        50	800000a8	80000737	lui	x14,0x80000	 x14=0x80000000
         525000	        51	800000ac	5edff7b7	lui	x15,0x5edff	 x15=0x5edff000
         535000	        52	800000b0	44b78793	addi	x15,x15,1099	 x15:0x5edff000 x15=0x5edff44b
         545000	        53	800000b4	d64e1837	lui	x16,0xd64e1	 x16=0xd64e1000
         555000	        54	800000b8	59880813	addi	x16,x16,1432	 x16:0xd64e1000 x16=0xd64e1598
         565000	        55	800000bc	26d228b7	lui	x17,0x26d22	 x17=0x26d22000
         575000	        56	800000c0	a4288893	addi	x17,x17,-1470	 x17:0x26d22000 x17=0x26d21a42
         585000	        57	800000c4	00000913	addi	x18,x0,0	  x0:0x00000000 x18=0x00000000
         595000	        58	800000c8	00000993	addi	x19,x0,0	  x0:0x00000000 x19=0x00000000
         605000	        59	800000cc	f8df0a37	lui	x20,0xf8df0	 x20=0xf8df0000
         615000	        60	800000d0	15fa0a13	addi	x20,x20,351	 x20:0xf8df0000 x20=0xf8df015f
         625000	        61	800000d4	f36e0ab7	lui	x21,0xf36e0	 x21=0xf36e0000
         635000	        62	800000d8	025a8a93	addi	x21,x21,37	 x21:0xf36e0000 x21=0xf36e0025
         645000	        63	800000dc	00100b13	addi	x22,x0,1	  x0:0x00000000 x22=0x00000001
         655000	        64	800000e0	f10efbb7	lui	x23,0xf10ef	 x23=0xf10ef000
         665000	        65	800000e4	f3fb8b93	addi	x23,x23,-193	 x23:0xf10ef000 x23=0xf10eef3f
         675000	        66	800000e8	00000c13	addi	x24,x0,0	  x0:0x00000000 x24=0x00000000
         685000	        67	800000ec	00000c93	addi	x25,x0,0	  x0:0x00000000 x25=0x00000000
         695000	        68	800000f0	00a00d13	addi	x26,x0,10	  x0:0x00000000 x26=0x0000000a
         705000	        69	800000f4	00000d93	addi	x27,x0,0	  x0:0x00000000 x27=0x00000000
         715000	        70	800000f8	e0d3eeb7	lui	x29,0xe0d3e	 x29=0xe0d3e000
         725000	        71	800000fc	436e8e93	addi	x29,x29,1078	 x29:0xe0d3e000 x29=0xe0d3e436
         735000	        72	80000100	f05cbf37	lui	x30,0xf05cb	 x30=0xf05cb000
         745000	        73	80000104	91df0f13	addi	x30,x30,-1763	 x30:0xf05cb000 x30=0xf05ca91d
         755000	        74	80000108	00500f93	addi	x31,x0,5	  x0:0x00000000 x31=0x00000005
         765000	        75	8000010c	0000ae17	auipc	x28,0xa	 x28=0x8000a108
         775000	        76	80000110	e7ce0e13	addi	x28,x28,-388	 x28:0x8000a108 x28=0x80009f84
         785000	        77	80000114	00008317	auipc	x6,0x8	  x6=0x80008110
         795000	        78	80000118	21d30313	addi	x6,x6,541	  x6:0x80008110  x6=0x8000832d
         805000	        79	8000011c	fd1323a3	sw	x17,-57(x6)	  x6:0x8000832d x17:0x26d21a42 PA:0x800082f4
         815000	        80	80000120	d222bf93	sltiu	x31,x5,-734	  x5:0x80009fc4 x31=0x00000001
         825000	        81	80000124	42f93913	sltiu	x18,x18,1071	 x18:0x00000000 x18=0x00000001
         835000	        82	80000128	fd030c83	lb	x25,-48(x6)	  x6:0x8000832d x25=0x00000000 PA:0x800082fd
         845000	        83	8000012c	3bf83093	sltiu	x1,x16,959	 x16:0xd64e1598  x1=0x00000000
         855000	        84	80000130	01d48c33	add	x24,x9,x29	  x9:0x00000000 x29:0xe0d3e436 x24=0xe0d3e436
         865000	        85	80000134	fec30323	sb	x12,-26(x6)	  x6:0x8000832d x12:0x00000000 PA:0x80008313
         875000	        86	80000138	01332103	lw	x2,19(x6)	  x6:0x8000832d  x2=0x00000000 PA:0x80008340
         885000	        87	8000013c	fff35f03	lhu	x30,-1(x6)	  x6:0x8000832d x30=0x00000000 PA:0x8000832c
         895000	        88	80000140	02e30323	sb	x14,38(x6)	  x6:0x8000832d x14:0x80000000 PA:0x80008353
         905000	        89	80000144	03f30003	lb	x0,63(x6)	  x6:0x8000832d PA:0x8000836c
         915000	        90	80000148	03030123	sb	x16,34(x6)	  x6:0x8000832d x16:0xd64e1598 PA:0x8000834f
         925000	        91	8000014c	00830ba3	sb	x8,23(x6)	  x6:0x8000832d  x8:0x0000000e PA:0x80008344
         935000	        92	80000150	01e34703	lbu	x14,30(x6)	  x6:0x8000832d x14=0x00000000 PA:0x8000834b
         945000	        93	80000154	011f1513	slli	x10,x30,0x11	 x30:0x00000000 x10=0x00000000
         955000	        94	80000158	0013e4b3	or	x9,x7,x1	  x7:0x00000000  x1:0x00000000  x9=0x00000000
         965000	        95	8000015c	fc630623	sb	x6,-52(x6)	  x6:0x8000832d  x6:0x8000832d PA:0x800082f9
         975000	        96	80000160	011cb933	sltu	x18,x25,x17	 x25:0x00000000 x17:0x26d21a42 x18=0x00000001
         985000	        97	80000164	02830203	lb	x4,40(x6)	  x6:0x8000832d  x4=0x00000000 PA:0x80008355
         995000	        98	80000168	fcf32203	lw	x4,-49(x6)	  x6:0x8000832d  x4=0x00000000 PA:0x800082fc
        1005000	        99	8000016c	fde34d03	lbu	x26,-34(x6)	  x6:0x8000832d x26=0x00000000 PA:0x8000830b
        1015000	       100	80000170	6bc56737	lui	x14,0x6bc56	 x14=0x6bc56000
        1025000	       101	80000174	fce30f83	lb	x31,-50(x6)	  x6:0x8000832d x31=0x00000000 PA:0x800082fb
        1035000	       102	80000178	fc434403	lbu	x8,-60(x6)	  x6:0x8000832d  x8=0x00000000 PA:0x800082f1
        1045000	       103	8000017c	00afc7b3	xor	x15,x31,x10	 x31:0x00000000 x10:0x00000000 x15=0x00000000
        1055000	       104	80000180	03d30c83	lb	x25,61(x6)	  x6:0x8000832d x25=0x00000000 PA:0x8000836a
        1065000	       105	80000184	00630483	lb	x9,6(x6)	  x6:0x8000832d  x9=0x00000000 PA:0x80008333
        1075000	       106	80000188	ff230503	lb	x10,-14(x6)	  x6:0x8000832d x10=0x00000000 PA:0x8000831f
        1085000	       107	8000018c	41fdd933	sra	x18,x27,x31	 x27:0x00000000 x31:0x00000000 x18=0x00000000
        1095000	       108	80000190	e5b9aa13	slti	x20,x19,-421	 x19:0x00000000 x20=0x00000000
        1105000	       109	80000194	03735b03	lhu	x22,55(x6)	  x6:0x8000832d x22=0x00000000 PA:0x80008364
        1115000	       110	80000198	00008817	auipc	x16,0x8	 x16=0x80008194
        1125000	       111	8000019c	1dc80813	addi	x16,x16,476	 x16:0x80008194 x16=0x80008370
        1135000	       112	800001a0	ff480623	sb	x20,-20(x16)	 x16:0x80008370 x20:0x00000000 PA:0x8000835c
        1145000	       113	800001a4	ff280aa3	sb	x18,-11(x16)	 x16:0x80008370 x18:0x00000000 PA:0x80008365
        1155000	       114	800001a8	007b6f33	or	x30,x22,x7	 x22:0x00000000  x7:0x00000000 x30=0x00000000
        1165000	       115	800001ac	406eda93	srai	x21,x29,0x6	 x29:0xe0d3e436 x21=0xff834f90
        1175000	       116	800001b0	fe880aa3	sb	x8,-11(x16)	 x16:0x80008370  x8:0x00000000 PA:0x80008365
        1185000	       117	800001b4	ff584d83	lbu	x27,-11(x16)	 x16:0x80008370 x27=0x00000000 PA:0x80008365
        1195000	       118	800001b8	ff580a83	lb	x21,-11(x16)	 x16:0x80008370 x21=0x00000000 PA:0x80008365
        1205000	       119	00000000	00000013	addi	x0,x0,0	  x0:0x00000000
        1215000	       120	800001bc	ff580d03	lb	x26,-11(x16)	 x16:0x80008370 x26=0x00000000 PA:0x80008365
        1225000	       121	800001c0	ff584503	lbu	x10,-11(x16)	 x16:0x80008370 x10=0x00000000 PA:0x80008365
        1235000	       122	800001c4	ff580083	lb	x1,-11(x16)	 x16:0x80008370  x1=0x00000000 PA:0x80008365
        1245000	       123	800001c8	ff580583	lb	x11,-11(x16)	 x16:0x80008370 x11=0x00000000 PA:0x80008365
        1255000	       124	800001cc	ff580083	lb	x1,-11(x16)	 x16:0x80008370  x1=0x00000000 PA:0x80008365
        1265000	       125	800001d0	fe580aa3	sb	x5,-11(x16)	 x16:0x80008370  x5:0x80009fc4 PA:0x80008365
        1275000	       126	800001d4	fee80aa3	sb	x14,-11(x16)	 x16:0x80008370 x14:0x6bc56000 PA:0x80008365
        1285000	       127	800001d8	01184403	lbu	x8,17(x16)	 x16:0x80008370  x8=0x00000000 PA:0x80008381
        1295000	       128	800001dc	fe481603	lh	x12,-28(x16)	 x16:0x80008370 x12=0x00000000 PA:0x80008354
        1305000	       129	800001e0	fe481983	lh	x19,-28(x16)	 x16:0x80008370 x19=0x00000000 PA:0x80008354
        1315000	       130	00000000	00000013	addi	x0,x0,0	  x0:0x00000000
        1325000	       131	800001e4	033802a3	sb	x19,37(x16)	 x16:0x80008370 x19:0x00000000 PA:0x80008395
        1335000	       132	800001e8	02584083	lbu	x1,37(x16)	 x16:0x80008370  x1=0x00000000 PA:0x80008395
        1345000	       133	800001ec	030802a3	sb	x16,37(x16)	 x16:0x80008370 x16:0x80008370 PA:0x80008395
        1355000	       134	800001f0	02580b83	lb	x23,37(x16)	 x16:0x80008370 x23=0x00000070 PA:0x80008395
        1365000	       135	800001f4	00008a97	auipc	x21,0x8	 x21=0x800081f0
        1375000	       136	800001f8	683a8a93	addi	x21,x21,1667	 x21:0x800081f0 x21=0x80008873
        1385000	       137	800001fc	00009617	auipc	x12,0x9	 x12=0x800091f8
        1395000	       138	80000200	a0360613	addi	x12,x12,-1533	 x12:0x800091f8 x12=0x80008bfb
        1405000	       139	80000204	fdb61c83	lh	x25,-37(x12)	 x12:0x80008bfb x25=0x00000000 PA:0x80008bd6
        1415000	       140	80000208	00008d17	auipc	x26,0x8	 x26=0x80008204
        1425000	       141	8000020c	7e2d0d13	addi	x26,x26,2018	 x26:0x80008204 x26=0x800089e6
        1435000	       142	80000210	028a97a3	sh	x8,47(x21)	 x21:0x80008873  x8:0x00000000 PA:0x800088a2
        1445000	       143	80000214	02c64003	lbu	x0,44(x12)	 x12:0x80008bfb PA:0x80008c27
        1455000	       144	80000218	25ed1d83	lh	x27,606(x26)	 x26:0x800089e6 x27=0x00000000 PA:0x80008c44
        1465000	       145	8000021c	ffca8183	lb	x3,-4(x21)	 x21:0x80008873  x3=0x00000000 PA:0x8000886f
        1475000	       146	80000220	f01d05a3	sb	x1,-245(x26)	 x26:0x800089e6  x1:0x00000000 PA:0x800088f1
        1485000	       147	80000224	596d01a3	sb	x22,1411(x26)	 x26:0x800089e6 x22:0x00000000 PA:0x80008f69
        1495000	       148	80000228	fdaac583	lbu	x11,-38(x21)	 x21:0x80008873 x11=0x00000000 PA:0x8000884d
        1505000	       149	8000022c	00e64503	lbu	x10,14(x12)	 x12:0x80008bfb x10=0x00000000 PA:0x80008c09
        1515000	       150	80000230	09cd0b03	lb	x22,156(x26)	 x26:0x800089e6 x22=0x00000000 PA:0x80008a82
        1525000	       151	80000234	ff960983	lb	x19,-7(x12)	 x12:0x80008bfb x19=0x00000000 PA:0x80008bf4
        1535000	       152	80000238	f56d0aa3	sb	x22,-171(x26)	 x26:0x800089e6 x22:0x00000000 PA:0x8000893b
        1545000	       153	8000023c	fe9ac183	lbu	x3,-23(x21)	 x21:0x80008873  x3=0x00000000 PA:0x8000885c
        1555000	       154	80000240	039aa203	lw	x4,57(x21)	 x21:0x80008873  x4=0x00000000 PA:0x800088ac
        1565000	       155	80000244	fd460203	lb	x4,-44(x12)	 x12:0x80008bfb  x4=0x00000000 PA:0x80008bcf
        1575000	       156	80000248	014601a3	sb	x20,3(x12)	 x12:0x80008bfb x20:0x00000000 PA:0x80008bfe
        1585000	       157	8000024c	00fa9ba3	sh	x15,23(x21)	 x21:0x80008873 x15:0x00000000 PA:0x8000888a
        1595000	       158	80000250	3d5d2323	sw	x21,966(x26)	 x26:0x800089e6 x21:0x80008873 PA:0x80008dac
        1605000	       159	80000254	00008117	auipc	x2,0x8	  x2=0x80008250
        1615000	       160	80000258	e9b10113	addi	x2,x2,-357	  x2:0x80008250  x2=0x800080eb
        1625000	       161	8000025c	f8c105a3	sb	x12,-117(x2)	  x2:0x800080eb x12:0x80008bfb PA:0x80008076
        1635000	       162	80000260	f6915703	lhu	x14,-151(x2)	  x2:0x800080eb x14=0x00000000 PA:0x80008054
        1645000	       163	80000264	f6914b03	lbu	x22,-151(x2)	  x2:0x800080eb x22=0x00000000 PA:0x80008054
        1655000	       164	80000268	f6912883	lw	x17,-151(x2)	  x2:0x800080eb x17=0x00000000 PA:0x80008054
        1665000	       165	8000026c	01a7d0b3	srl	x1,x15,x26	 x15:0x00000000 x26:0x800089e6  x1=0x00000000
        1675000	       166	80000270	040116a3	sh	x0,77(x2)	  x2:0x800080eb  x0:0x00000000 PA:0x80008138
        1685000	       167	80000274	0de10e23	sb	x30,220(x2)	  x2:0x800080eb x30:0x00000000 PA:0x800081c7
        1695000	       168	80000278	41415193	srai	x3,x2,0x14	  x2:0x800080eb  x3=0xfffff800
        1705000	       169	8000027c	f6714f83	lbu	x31,-153(x2)	  x2:0x800080eb x31=0x00000000 PA:0x80008052
        1715000	       170	80000280	0c614883	lbu	x17,198(x2)	  x2:0x800080eb x17=0x00000000 PA:0x800081b1
        1725000	       171	80000284	0c610c83	lb	x25,198(x2)	  x2:0x800080eb x25=0x00000000 PA:0x800081b1
        1735000	       172	80000288	77493013	sltiu	x0,x18,1908	 x18:0x00000000
        1745000	       173	8000028c	0c610903	lb	x18,198(x2)	  x2:0x800080eb x18=0x00000000 PA:0x800081b1
        1755000	       174	80000290	0b510883	lb	x17,181(x2)	  x2:0x800080eb x17=0x00000000 PA:0x800081a0
        1765000	       175	80000294	02e10383	lb	x7,46(x2)	  x2:0x800080eb  x7=0x00000000 PA:0x80008119
        1775000	       176	80000298	03f10723	sb	x31,46(x2)	  x2:0x800080eb x31:0x00000000 PA:0x80008119
        1785000	       177	8000029c	40f78a33	sub	x20,x15,x15	 x15:0x00000000 x15:0x00000000 x20=0x00000000
        1795000	       178	800002a0	02e14883	lbu	x17,46(x2)	  x2:0x800080eb x17=0x00000000 PA:0x80008119
        1805000	       179	800002a4	02e14f83	lbu	x31,46(x2)	  x2:0x800080eb x31=0x00000000 PA:0x80008119
        1815000	       180	800002a8	0f311683	lh	x13,243(x2)	  x2:0x800080eb x13=0x00000000 PA:0x800081de
        1825000	       181	800002ac	8febb337	lui	x6,0x8febb	  x6=0x8febb000
        1835000	       182	800002b0	002f9d13	slli	x26,x31,0x2	 x31:0x00000000 x26=0x00000000
        1845000	       183	800002b4	00000013	addi	x0,x0,0	  x0:0x00000000
        1855000	       184	800002b8	0f311c83	lh	x25,243(x2)	  x2:0x800080eb x25=0x00000000 PA:0x800081de
        1865000	       185	800002bc	0f4109a3	sb	x20,243(x2)	  x2:0x800080eb x20:0x00000000 PA:0x800081de
        1875000	       186	800002c0	00008f17	auipc	x30,0x8	 x30=0x800082bc
        1885000	       187	800002c4	276f0f13	addi	x30,x30,630	 x30:0x800082bc x30=0x80008532
        1895000	       188	800002c8	00008f97	auipc	x31,0x8	 x31=0x800082c4
        1905000	       189	800002cc	2e1f8f93	addi	x31,x31,737	 x31:0x800082c4 x31=0x800085a5
        1915000	       190	800002d0	00008817	auipc	x16,0x8	 x16=0x800082cc
        1925000	       191	800002d4	2c980813	addi	x16,x16,713	 x16:0x800082cc x16=0x80008595
        1935000	       192	800002d8	ffbf0883	lb	x17,-5(x30)	 x30:0x80008532 x17=0x00000000 PA:0x8000852d
        1945000	       193	800002dc	00a80b83	lb	x23,10(x16)	 x16:0x80008595 x23=0x00000000 PA:0x8000859f
        1955000	       194	800002e0	00380423	sb	x3,8(x16)	 x16:0x80008595  x3:0xfffff800 PA:0x8000859d
        1965000	       195	800002e4	dadfafa3	sw	x13,-577(x31)	 x31:0x800085a5 x13:0x00000000 PA:0x80008364
        1975000	       196	800002e8	00008697	auipc	x13,0x8	 x13=0x800082e4
        1985000	       197	800002ec	df768693	addi	x13,x13,-521	 x13:0x800082e4 x13=0x800080db
        1995000	       198	800002f0	0366cb03	lbu	x22,54(x13)	 x13:0x800080db x22=0x00000000 PA:0x80008111
        2005000	       199	800002f4	f37f8423	sb	x23,-216(x31)	 x31:0x800085a5 x23:0x00000000 PA:0x800084cd
        2015000	       200	800002f8	ff380583	lb	x11,-13(x16)	 x16:0x80008595 x11=0x00000000 PA:0x80008588
        2025000	       201	800002fc	ffb68303	lb	x6,-5(x13)	 x13:0x800080db  x6=0x00000000 PA:0x800080d6
        2035000	       202	80000300	fe16dd03	lhu	x26,-31(x13)	 x13:0x800080db x26=0x00000000 PA:0x800080bc
        2045000	       203	80000304	e71f9003	lh	x0,-399(x31)	 x31:0x800085a5 PA:0x80008416
        2055000	       204	80000308	01b69383	lh	x7,27(x13)	 x13:0x800080db  x7=0x00000000 PA:0x800080f6
        2065000	       205	8000030c	00bf4583	lbu	x11,11(x30)	 x30:0x80008532 x11=0x00000000 PA:0x8000853d
        2075000	       206	80000310	035fc503	lbu	x10,53(x31)	 x31:0x800085a5 x10=0x00000000 PA:0x800085da
        2085000	       207	80000314	fff82983	lw	x19,-1(x16)	 x16:0x80008595 x19=0x00000000 PA:0x80008594
        2095000	       208	80000318	fe66c383	lbu	x7,-26(x13)	 x13:0x800080db  x7=0x00000000 PA:0x800080c1
        2105000	       209	8000031c	05c68023	sb	x28,64(x13)	 x13:0x800080db x28:0x80009f84 PA:0x8000811b
        2115000	       210	80000320	ff3fcc03	lbu	x24,-13(x31)	 x31:0x800085a5 x24=0x00000000 PA:0x80008598
        2125000	       211	80000324	fda68d83	lb	x27,-38(x13)	 x13:0x800080db x27=0x00000000 PA:0x800080b5
        2135000	       212	80000328	b5ef9ca3	sh	x30,-1191(x31)	 x31:0x800085a5 x30:0x80008532 PA:0x800080fe
        2145000	       213	8000032c	ffaf0b83	lb	x23,-6(x30)	 x30:0x80008532 x23=0x00000000 PA:0x8000852c
        2155000	       214	80000330	fe180aa3	sb	x1,-11(x16)	 x16:0x80008595  x1:0x00000000 PA:0x8000858a
        2165000	       215	80000334	eb0f8523	sb	x16,-342(x31)	 x31:0x800085a5 x16:0x80008595 PA:0x8000844f
        2175000	       216	80000338	000f4383	lbu	x7,0(x30)	 x30:0x80008532  x7=0x00000000 PA:0x80008532
        2185000	       217	8000033c	01e800a3	sb	x30,1(x16)	 x16:0x80008595 x30:0x80008532 PA:0x80008596
        2195000	       218	80000340	02d68723	sb	x13,46(x13)	 x13:0x800080db x13:0x800080db PA:0x80008109
        2205000	       219	80000344	b0cf8aa3	sb	x12,-1259(x31)	 x31:0x800085a5 x12:0x80008bfb PA:0x800080ba
        2215000	       220	80000348	ffdf4a83	lbu	x21,-3(x30)	 x30:0x80008532 x21=0x00000000 PA:0x8000852f
        2225000	       221	8000034c	fd26aea3	sw	x18,-35(x13)	 x13:0x800080db x18:0x00000000 PA:0x800080b8
        2235000	       222	80000350	ffd80ca3	sb	x29,-7(x16)	 x16:0x80008595 x29:0xe0d3e436 PA:0x8000858e
        2245000	       223	80000354	fec68a03	lb	x20,-20(x13)	 x13:0x800080db x20=0x00000000 PA:0x800080c7
        2255000	       224	80000358	fe9f0aa3	sb	x9,-11(x30)	 x30:0x80008532  x9:0x00000000 PA:0x80008527
        2265000	       225	8000035c	fff81083	lh	x1,-1(x16)	 x16:0x80008595  x1=0x00000000 PA:0x80008594
        2275000	       226	80000360	bc0f8e23	sb	x0,-1060(x31)	 x31:0x800085a5  x0:0x00000000 PA:0x80008181
        2285000	       227	80000364	00008197	auipc	x3,0x8	  x3=0x80008360
        2295000	       228	80000368	7b618193	addi	x3,x3,1974	  x3:0x80008360  x3=0x80008b16
        2305000	       229	8000036c	f4e19b83	lh	x23,-178(x3)	  x3:0x80008b16 x23=0x00000000 PA:0x80008a64
        2315000	       230	80000370	f6f18a83	lb	x21,-145(x3)	  x3:0x80008b16 x21=0x00000000 PA:0x80008a85
        2325000	       231	80000374	0bd18d83	lb	x27,189(x3)	  x3:0x80008b16 x27=0x00000000 PA:0x80008bd3
        2335000	       232	80000378	f911c603	lbu	x12,-111(x3)	  x3:0x80008b16 x12=0x00000000 PA:0x80008aa7
        2345000	       233	8000037c	40b45a13	srai	x20,x8,0xb	  x8:0x00000000 x20=0x00000000
        2355000	       234	80000380	04a18223	sb	x10,68(x3)	  x3:0x80008b16 x10:0x00000000 PA:0x80008b5a
        2365000	       235	80000384	fe618ea3	sb	x6,-3(x3)	  x3:0x80008b16  x6:0x00000000 PA:0x80008b13
        2375000	       236	80000388	ff518483	lb	x9,-11(x3)	  x3:0x80008b16  x9=0x00000000 PA:0x80008b0b
        2385000	       237	8000038c	0120f0b3	and	x1,x1,x18	  x1:0x00000000 x18:0x00000000  x1=0x00000000
        2395000	       238	80000390	10cd3893	sltiu	x17,x26,268	 x26:0x00000000 x17=0x00000001
        2405000	       239	80000394	001bddb3	srl	x27,x23,x1	 x23:0x00000000  x1:0x00000000 x27=0x00000000
        2415000	       240	80000398	0161c6b3	xor	x13,x3,x22	  x3:0x80008b16 x22:0x00000000 x13=0x80008b16
        2425000	       241	8000039c	f34182a3	sb	x20,-219(x3)	  x3:0x80008b16 x20:0x00000000 PA:0x80008a3b
        2435000	       242	800003a0	0e51c983	lbu	x19,229(x3)	  x3:0x80008b16 x19=0x00000000 PA:0x80008bfb
        2445000	       243	800003a4	f4318483	lb	x9,-189(x3)	  x3:0x80008b16  x9=0x00000000 PA:0x80008a59
        2455000	       244	800003a8	008f19b3	sll	x19,x30,x8	 x30:0x80008532  x8:0x00000000 x19=0x80008532
        2465000	       245	800003ac	366eb913	sltiu	x18,x29,870	 x29:0xe0d3e436 x18=0x00000000
        2475000	       246	800003b0	09f19723	sh	x31,142(x3)	  x3:0x80008b16 x31:0x800085a5 PA:0x80008ba4
        2485000	       247	800003b4	f50185a3	sb	x16,-181(x3)	  x3:0x80008b16 x16:0x80008595 PA:0x80008a61
        2495000	       248	800003b8	0fe19a83	lh	x21,254(x3)	  x3:0x80008b16 x21=0x00000000 PA:0x80008c14
        2505000	       249	800003bc	fdd1c103	lbu	x2,-35(x3)	  x3:0x80008b16  x2=0x00000000 PA:0x80008af3
        2515000	       250	800003c0	fd71c683	lbu	x13,-41(x3)	  x3:0x80008b16 x13=0x00000000 PA:0x80008aed
        2525000	       251	800003c4	fbf18603	lb	x12,-65(x3)	  x3:0x80008b16 x12=0x00000000 PA:0x80008ad5
        2535000	       252	800003c8	00339ab3	sll	x21,x7,x3	  x7:0x00000000  x3:0x80008b16 x21=0x00000000
        2545000	       253	800003cc	f9218fa3	sb	x18,-97(x3)	  x3:0x80008b16 x18:0x00000000 PA:0x80008ab5
        2555000	       254	800003d0	f401cd83	lbu	x27,-192(x3)	  x3:0x80008b16 x27=0x00000000 PA:0x80008a56
        2565000	       255	800003d4	00ab3833	sltu	x16,x22,x10	 x22:0x00000000 x10:0x00000000 x16=0x00000000
        2575000	       256	800003d8	ff318f03	lb	x30,-13(x3)	  x3:0x80008b16 x30=0x00000000 PA:0x80008b09
        2585000	       257	800003dc	fe118323	sb	x1,-26(x3)	  x3:0x80008b16  x1:0x00000000 PA:0x80008afc
        2595000	       258	800003e0	08d18983	lb	x19,141(x3)	  x3:0x80008b16 x19=0x00000000 PA:0x80008ba3
        2605000	       259	800003e4	64cd8613	addi	x12,x27,1612	 x27:0x00000000 x12=0x0000064c
        2615000	       260	800003e8	01965313	srli	x6,x12,0x19	 x12:0x0000064c  x6=0x00000000
        2625000	       261	800003ec	7090acb7	lui	x25,0x7090a	 x25=0x7090a000
        2635000	       262	800003f0	008da6b3	slt	x13,x27,x8	 x27:0x00000000  x8:0x00000000 x13=0x00000000
        2645000	       263	800003f4	00d640b3	xor	x1,x12,x13	 x12:0x0000064c x13:0x00000000  x1=0x0000064c
        2655000	       264	800003f8	fa91cd03	lbu	x26,-87(x3)	  x3:0x80008b16 x26=0x00000000 PA:0x80008abf
        2665000	       265	800003fc	00000013	addi	x0,x0,0	  x0:0x00000000
        2675000	       266	80000400	7292e593	ori	x11,x5,1833	  x5:0x80009fc4 x11=0x80009fed
        2685000	       267	80000404	8ba07713	andi	x14,x0,-1862	  x0:0x00000000 x14=0x00000000
        2695000	       268	80000408	0096b3b3	sltu	x7,x13,x9	 x13:0x00000000  x9:0x00000000  x7=0x00000000
        2705000	       269	8000040c	f081d483	lhu	x9,-248(x3)	  x3:0x80008b16  x9=0x00000000 PA:0x80008a1e
        2715000	       270	80000410	0af1c683	lbu	x13,175(x3)	  x3:0x80008b16 x13=0x00000000 PA:0x80008bc5
        2725000	       271	80000414	08a19b83	lh	x23,138(x3)	  x3:0x80008b16 x23=0x00000000 PA:0x80008ba0
        2735000	       272	80000418	0c91c783	lbu	x15,201(x3)	  x3:0x80008b16 x15=0x00000000 PA:0x80008bdf
        2745000	       273	00000000	00000013	addi	x0,x0,0	  x0:0x00000000
        2755000	       274	8000041c	40678d33	sub	x26,x15,x6	 x15:0x00000000  x6:0x00000000 x26=0x00000000
        2765000	       275	80000420	2ac80b13	addi	x22,x16,684	 x16:0x00000000 x22=0x000002ac
        2775000	       276	80000424	01c1cb03	lbu	x22,28(x3)	  x3:0x80008b16 x22=0x00000000 PA:0x80008b32
        2785000	       277	80000428	0c9185a3	sb	x9,203(x3)	  x3:0x80008b16  x9:0x00000000 PA:0x80008be1
        2795000	       278	8000042c	0631c103	lbu	x2,99(x3)	  x3:0x80008b16  x2=0x00000000 PA:0x80008b79
        2805000	       279	80000430	01728833	add	x16,x5,x23	  x5:0x80009fc4 x23:0x00000000 x16=0x80009fc4
        2815000	       280	80000434	03829463	bne	x5,x24,8000045c	  x5:0x80009fc4 x24:0x00000000
        2825000	       281	00000000	00000013	addi	x0,x0,0	  x0:0x00000000
        2835000	       282	80000458	00000013	addi	x0,x0,0	  x0:0x00000000
        2845000	       283	8000045c	9d9fbc13	sltiu	x24,x31,-1575	 x31:0x800085a5 x24=0x00000001
        2855000	       284	80000460	cb42e493	ori	x9,x5,-844	  x5:0x80009fc4  x9=0xfffffff4
        2865000	       285	80000464	77af4a13	xori	x20,x30,1914	 x30:0x00000000 x20=0x0000077a
        2875000	       286	80000468	6e68f613	andi	x12,x17,1766	 x17:0x00000001 x12=0x00000000
        2885000	       287	8000046c	03278c63	beq	x15,x18,800004a4	 x15:0x00000000 x18:0x00000000
        2895000	       288	00000000	00000013	addi	x0,x0,0	  x0:0x00000000
        2905000	       289	800004a0	00000013	addi	x0,x0,0	  x0:0x00000000
        2915000	       290	800004a4	0160bcb3	sltu	x25,x1,x22	  x1:0x0000064c x22:0x00000000 x25=0x00000000
        2925000	       291	800004a8	40d54613	xori	x12,x10,1037	 x10:0x00000000 x12=0x0000040d
        2935000	       292	800004ac	54696713	ori	x14,x18,1350	 x18:0x00000000 x14=0x00000546
        2945000	       293	800004b0	03204e63	blt	x0,x18,800004ec	  x0:0x00000000 x18:0x00000000
        2955000	       294	800004b4	01592db3	slt	x27,x18,x21	 x18:0x00000000 x21:0x00000000 x27=0x00000000
        2965000	       295	800004b8	4b59cc93	xori	x25,x19,1205	 x19:0x00000000 x25=0x000004b5
        2975000	       296	800004bc	00532833	slt	x16,x6,x5	  x6:0x00000000  x5:0x80009fc4 x16=0x00000000
        2985000	       297	800004c0	00a49d13	slli	x26,x9,0xa	  x9:0xfffffff4 x26=0xffffd000
        2995000	       298	800004c4	41cc59b3	sra	x19,x24,x28	 x24:0x00000001 x28:0x80009f84 x19=0x00000000
        3005000	       299	800004c8	01df4c63	blt	x30,x29,800004e0	 x30:0x00000000 x29:0xe0d3e436
        3015000	       300	800004cc	0161df93	srli	x31,x3,0x16	  x3:0x80008b16 x31=0x00000200
        3025000	       301	800004d0	03cada63	bge	x21,x28,80000504	 x21:0x00000000 x28:0x80009f84
        3035000	       302	00000000	00000013	addi	x0,x0,0	  x0:0x00000000
        3045000	       303	80000500	00000013	addi	x0,x0,0	  x0:0x00000000
        3055000	       304	80000504	00000013	addi	x0,x0,0	  x0:0x00000000
        3065000	       305	80000508	b47beb13	ori	x22,x23,-1209	 x23:0x00000000 x22=0xfffffb47
        3075000	       306	8000050c	41315b93	srai	x23,x2,0x13	  x2:0x00000000 x23=0x00000000
        3085000	       307	80000510	00a98833	add	x16,x19,x10	 x19:0x00000000 x10:0x00000000 x16=0x00000000
        3095000	       308	80000514	00446fb3	or	x31,x8,x4	  x8:0x00000000  x4:0x00000000 x31=0x00000000
        3105000	       309	80000518	b9b10093	addi	x1,x2,-1125	  x2:0x00000000  x1=0xfffffb9b
        3115000	       310	8000051c	00ef9863	bne	x31,x14,8000052c	 x31:0x00000000 x14:0x00000546
        3125000	       311	00000000	00000013	addi	x0,x0,0	  x0:0x00000000
        3135000	       312	80000528	00000013	addi	x0,x0,0	  x0:0x00000000
        3145000	       313	8000052c	0181b8b3	sltu	x17,x3,x24	  x3:0x80008b16 x24:0x00000001 x17=0x00000000
        3155000	       314	80000530	01a9e633	or	x12,x19,x26	 x19:0x00000000 x26:0xffffd000 x12=0xffffd000
        3165000	       315	80000534	00905e63	bge	x0,x9,80000550	  x0:0x00000000  x9:0xfffffff4
        3175000	       316	00000000	00000013	addi	x0,x0,0	  x0:0x00000000
        3185000	       317	8000054c	00000013	addi	x0,x0,0	  x0:0x00000000
        3195000	       318	80000550	01f09fb3	sll	x31,x1,x31	  x1:0xfffffb9b x31:0x00000000 x31=0xfffffb9b
        3205000	       319	80000554	015ece63	blt	x29,x21,80000570	 x29:0xe0d3e436 x21:0x00000000
        3215000	       320	00000000	00000013	addi	x0,x0,0	  x0:0x00000000
        3225000	       321	8000056c	00000013	addi	x0,x0,0	  x0:0x00000000
        3235000	       322	80000570	aa1d6313	ori	x6,x26,-1375	 x26:0xffffd000  x6=0xfffffaa1
        3245000	       323	80000574	d8e2cb17	auipc	x22,0xd8e2c	 x22=0x58e2c570
        3255000	       324	80000578	001273b3	and	x7,x4,x1	  x4:0x00000000  x1:0xfffffb9b  x7=0x00000000
        3265000	       325	8000057c	01082933	slt	x18,x16,x16	 x16:0x00000000 x16:0x00000000 x18=0x00000000
        3275000	       326	80000580	453f2413	slti	x8,x30,1107	 x30:0x00000000  x8=0x00000001
        3285000	       327	80000584	c450b793	sltiu	x15,x1,-955	  x1:0xfffffb9b x15=0x00000001
        3295000	       328	80000588	01222333	slt	x6,x4,x18	  x4:0x00000000 x18:0x00000000  x6=0x00000000
        3305000	       329	8000058c	00eddf33	srl	x30,x27,x14	 x27:0x00000000 x14:0x00000546 x30=0x00000000
        3315000	       330	80000590	0024e263	bltu	x9,x2,80000594	  x9:0xfffffff4  x2:0x00000000
        3325000	       331	80000594	01b44db3	xor	x27,x8,x27	  x8:0x00000001 x27:0x00000000 x27=0x00000001
        3335000	       332	80000598	00f09393	slli	x7,x1,0xf	  x1:0xfffffb9b  x7=0xfdcd8000
        3345000	       333	8000059c	01011263	bne	x2,x16,800005a0	  x2:0x00000000 x16:0x00000000
        3355000	       334	800005a0	00037b33	and	x22,x6,x0	  x6:0x00000000  x0:0x00000000 x22=0x00000000
        3365000	       335	800005a4	5939c893	xori	x17,x19,1427	 x19:0x00000000 x17=0x00000593
        3375000	       336	800005a8	adc7f597	auipc	x11,0xadc7f	 x11=0x2dc7f5a4
        3385000	       337	800005ac	6718f817	auipc	x16,0x6718f	 x16=0xe718f5a8
        3395000	       338	800005b0	417500b3	sub	x1,x10,x23	 x10:0x00000000 x23:0x00000000  x1=0x00000000
        3405000	       339	800005b4	0045a633	slt	x12,x11,x4	 x11:0x2dc7f5a4  x4:0x00000000 x12=0x00000000
        3415000	       340	800005b8	0158bcb3	sltu	x25,x17,x21	 x17:0x00000593 x21:0x00000000 x25=0x00000000
        3425000	       341	800005bc	03ebf863	bgeu	x23,x30,800005ec	 x23:0x00000000 x30:0x00000000
        3435000	       342	00000000	00000013	addi	x0,x0,0	  x0:0x00000000
        3445000	       343	800005e8	00000013	addi	x0,x0,0	  x0:0x00000000
        3455000	       344	800005ec	00e71b33	sll	x22,x14,x14	 x14:0x00000546 x14:0x00000546 x22=0x00015180
        3465000	       345	800005f0	01d5cbb3	xor	x23,x11,x29	 x11:0x2dc7f5a4 x29:0xe0d3e436 x23=0xcd141192
        3475000	       346	800005f4	00000013	addi	x0,x0,0	  x0:0x00000000
        3485000	       347	800005f8	014bfdb3	and	x27,x23,x20	 x23:0xcd141192 x20:0x0000077a x27=0x00000112
        3495000	       348	800005fc	014891b3	sll	x3,x17,x20	 x17:0x00000593 x20:0x0000077a  x3=0x4c000000
        3505000	       349	80000600	0fda7f17	auipc	x30,0xfda7	 x30=0x8fda75fc
        3515000	       350	80000604	01dcffb3	and	x31,x25,x29	 x25:0x00000000 x29:0xe0d3e436 x31=0x00000000
        3525000	       351	80000608	00f6dd33	srl	x26,x13,x15	 x13:0x00000000 x15:0x00000001 x26=0x00000000
        3535000	       352	8000060c	01957633	and	x12,x10,x25	 x10:0x00000000 x25:0x00000000 x12=0x00000000
        3545000	       353	80000610	c4ee0c93	addi	x25,x28,-946	 x28:0x80009f84 x25=0x80009bd2
        3555000	       354	80000614	00599f13	slli	x30,x19,0x5	 x19:0x00000000 x30=0x00000000
        3565000	       355	80000618	41190733	sub	x14,x18,x17	 x18:0x00000000 x17:0x00000593 x14=0xfffffa6d
        3575000	       356	8000061c	0137dc13	srli	x24,x15,0x13	 x15:0x00000001 x24=0x00000000
        3585000	       357	80000620	00d19a13	slli	x20,x3,0xd	  x3:0x4c000000 x20=0x00000000
        3595000	       358	80000624	03067c63	bgeu	x12,x16,8000065c	 x12:0x00000000 x16:0xe718f5a8
        3605000	       359	80000628	413edb13	srai	x22,x29,0x13	 x29:0xe0d3e436 x22=0xfffffc1a
        3615000	       360	8000062c	000996b3	sll	x13,x19,x0	 x19:0x00000000  x0:0x00000000 x13=0x00000000
        3625000	       361	80000630	01069933	sll	x18,x13,x16	 x13:0x00000000 x16:0xe718f5a8 x18=0x00000000
        3635000	       362	80000634	00000013	addi	x0,x0,0	  x0:0x00000000
        3645000	       363	80000638	1374a9b7	lui	x19,0x1374a	 x19=0x1374a000
        3655000	       364	8000063c	00e0dab3	srl	x21,x1,x14	  x1:0x00000000 x14:0xfffffa6d x21=0x00000000
        3665000	       365	80000640	efc00193	addi	x3,x0,-260	  x0:0x00000000  x3=0xfffffefc
        3675000	       366	80000644	01ba9e63	bne	x21,x27,80000660	 x21:0x00000000 x27:0x00000112
        3685000	       367	00000000	00000013	addi	x0,x0,0	  x0:0x00000000
        3695000	       368	8000065c	00000013	addi	x0,x0,0	  x0:0x00000000
        3705000	       369	80000660	3b820493	addi	x9,x4,952	  x4:0x00000000  x9=0x000003b8
        3715000	       370	80000664	0794fb93	andi	x23,x9,121	  x9:0x000003b8 x23=0x00000038
        3725000	       371	80000668	b713c313	xori	x6,x7,-1167	  x7:0xfdcd8000  x6=0x02327b71
        3735000	       372	8000066c	02864263	blt	x12,x8,80000690	 x12:0x00000000  x8:0x00000001
        3745000	       373	00000000	00000013	addi	x0,x0,0	  x0:0x00000000
        3755000	       374	8000068c	00000013	addi	x0,x0,0	  x0:0x00000000
        3765000	       375	80000690	14da8893	addi	x17,x21,333	 x21:0x00000000 x17=0x0000014d
        3775000	       376	80000694	01c36ab3	or	x21,x6,x28	  x6:0x02327b71 x28:0x80009f84 x21=0x8232fff5
        3785000	       377	80000698	2f83b413	sltiu	x8,x7,760	  x7:0xfdcd8000  x8=0x00000000
        3795000	       378	8000069c	02407137	lui	x2,0x2407	  x2=0x02407000
        3805000	       379	800006a0	97c580b7	lui	x1,0x97c58	  x1=0x97c58000
        3815000	       380	800006a4	05f86863	bltu	x16,x31,800006f4	 x16:0xe718f5a8 x31:0x00000000
        3825000	       381	800006a8	7ae62d13	slti	x26,x12,1966	 x12:0x00000000 x26=0x00000001
        3835000	       382	800006ac	05c9c063	blt	x19,x28,800006ec	 x19:0x1374a000 x28:0x80009f84
        3845000	       383	800006b0	0050d033	srl	x0,x1,x5	  x1:0x97c58000  x5:0x80009fc4
        3855000	       384	800006b4	f96d9db7	lui	x27,0xf96d9	 x27=0xf96d9000
        3865000	       385	800006b8	014a40b3	xor	x1,x20,x20	 x20:0x00000000 x20:0x00000000  x1=0x00000000
        3875000	       386	800006bc	05fb7263	bgeu	x22,x31,80000700	 x22:0xfffffc1a x31:0x00000000
        3885000	       387	00000000	00000013	addi	x0,x0,0	  x0:0x00000000
        3895000	       388	800006fc	00000013	addi	x0,x0,0	  x0:0x00000000
        3905000	       389	80000700	02689663	bne	x17,x6,8000072c	 x17:0x0000014d  x6:0x02327b71
        3915000	       390	00000000	00000013	addi	x0,x0,0	  x0:0x00000000
        3925000	       391	80000728	00000013	addi	x0,x0,0	  x0:0x00000000
        3935000	       392	8000072c	01ae2d33	slt	x26,x28,x26	 x28:0x80009f84 x26:0x00000001 x26=0x00000001
        3945000	       393	80000730	7888ec13	ori	x24,x17,1928	 x17:0x0000014d x24=0x000007cd
        3955000	       394	80000734	41ce5793	srai	x15,x28,0x1c	 x28:0x80009f84 x15=0xfffffff8
        3965000	       395	80000738	02310a63	beq	x2,x3,8000076c	  x2:0x02407000  x3:0xfffffefc
        3975000	       396	8000073c	41b5d4b3	sra	x9,x11,x27	 x11:0x2dc7f5a4 x27:0xf96d9000  x9=0x2dc7f5a4
        3985000	       397	80000740	018dfdb3	and	x27,x27,x24	 x27:0xf96d9000 x24:0x000007cd x27=0x00000000
        3995000	       398	80000744	012885b3	add	x11,x17,x18	 x17:0x0000014d x18:0x00000000 x11=0x0000014d
        4005000	       399	80000748	0149a8b3	slt	x17,x19,x20	 x19:0x1374a000 x20:0x00000000 x17=0x00000000
        4015000	       400	8000074c	0289e863	bltu	x19,x8,8000077c	 x19:0x1374a000  x8:0x00000000
        4025000	       401	80000750	34463613	sltiu	x12,x12,836	 x12:0x00000000 x12=0x00000001
        4035000	       402	80000754	000e5fb3	srl	x31,x28,x0	 x28:0x80009f84  x0:0x00000000 x31=0x80009f84
        4045000	       403	80000758	00cbbbb3	sltu	x23,x23,x12	 x23:0x00000038 x12:0x00000001 x23=0x00000000
        4055000	       404	8000075c	00e9d713	srli	x14,x19,0xe	 x19:0x1374a000 x14=0x00004dd2
        4065000	       405	80000760	0004d893	srli	x17,x9,0x0	  x9:0x2dc7f5a4 x17=0x2dc7f5a4
        4075000	       406	80000764	64638a93	addi	x21,x7,1606	  x7:0xfdcd8000 x21=0xfdcd8646
        4085000	       407	80000768	000f30b3	sltu	x1,x30,x0	 x30:0x00000000  x0:0x00000000  x1=0x00000000
        4095000	       408	8000076c	0723d863	bge	x7,x18,800007dc	  x7:0xfdcd8000 x18:0x00000000
        4105000	       409	80000770	033de863	bltu	x27,x19,800007a0	 x27:0x00000000 x19:0x1374a000
        4115000	       410	00000000	00000013	addi	x0,x0,0	  x0:0x00000000
        4125000	       411	8000079c	00000013	addi	x0,x0,0	  x0:0x00000000
        4135000	       412	800007a0	d3f7b593	sltiu	x11,x15,-705	 x15:0xfffffff8 x11=0x00000000
        4145000	       413	800007a4	00123933	sltu	x18,x4,x1	  x4:0x00000000  x1:0x00000000 x18=0x00000000
        4155000	       414	800007a8	00000013	addi	x0,x0,0	  x0:0x00000000
        4165000	       415	800007ac	00001997	auipc	x19,0x1	 x19=0x800017a8
        4175000	       416	800007b0	f4498993	addi	x19,x19,-188	 x19:0x800017a8 x19=0x800016ec
        4185000	       417	800007b4	28e98993	addi	x19,x19,654	 x19:0x800016ec x19=0x8000197a
        4195000	       418	800007b8	955c0513	addi	x10,x24,-1707	 x24:0x000007cd x10=0x00000122
        4205000	       419	800007bc	01d45d93	srli	x27,x8,0x1d	  x8:0x00000000 x27=0x00000000
        4215000	       420	800007c0	5241e793	ori	x15,x3,1316	  x3:0xfffffefc x15=0xfffffffc
        4225000	       421	800007c4	00afe663	bltu	x31,x10,800007d0	 x31:0x80009f84 x10:0x00000122
        4235000	       422	800007c8	40828533	sub	x10,x5,x8	  x5:0x80009fc4  x8:0x00000000 x10=0x80009fc4
        4245000	       423	800007cc	21310a13	addi	x20,x2,531	  x2:0x02407000 x20=0x02407213
        4255000	       424	800007d0	d73980e7	jalr	x1,x19,-653	 x19:0x8000197a  x1=0x800007d0
        4265000	       425	00000000	00000013	addi	x0,x0,0	  x0:0x00000000
        4275000	       426	800016ec	00000013	addi	x0,x0,0	  x0:0x00000000
        4285000	       427	800016f0	00741f13	slli	x30,x8,0x7	  x8:0x00000000 x30=0x00000000
        4295000	       428	800016f4	00249b33	sll	x22,x9,x2	  x9:0x2dc7f5a4  x2:0x02407000 x22=0x2dc7f5a4
        4305000	       429	800016f8	ba7d7913	andi	x18,x26,-1113	 x26:0x00000001 x18=0x00000001
        4315000	       430	800016fc	fd0e0e13	addi	x28,x28,-48	 x28:0x80009f84 x28=0x80009f54
        4325000	       431	80001700	001e2223	sw	x1,4(x28)	 x28:0x80009f54  x1:0x800007d0 PA:0x80009f58
        4335000	       432	80001704	00000013	addi	x0,x0,0	  x0:0x00000000
        4345000	       433	80001708	00920d33	add	x26,x4,x9	  x4:0x00000000  x9:0x2dc7f5a4 x26=0x2dc7f5a4
        4355000	       434	8000170c	00d434b3	sltu	x9,x8,x13	  x8:0x00000000 x13:0x00000000  x9=0x00000000
        4365000	       435	80001710	0bd32813	slti	x16,x6,189	  x6:0x02327b71 x16=0x00000000
        4375000	       436	80001714	ffffff17	auipc	x30,0xfffff	 x30=0x80000710
        4385000	       437	80001718	198f0f13	addi	x30,x30,408	 x30:0x80000710 x30=0x800008a8
        4395000	       438	8000171c	01b21893	slli	x17,x4,0x1b	  x4:0x00000000 x17=0x00000000
        4405000	       439	80001720	d70f0f13	addi	x30,x30,-656	 x30:0x800008a8 x30=0x80000618
        4415000	       440	80001724	01579e63	bne	x15,x21,80001740	 x15:0xfffffffc x21:0xfdcd8646
        4425000	       441	00000000	00000013	addi	x0,x0,0	  x0:0x00000000
        4435000	       442	8000173c	00000013	addi	x0,x0,0	  x0:0x00000000
        4445000	       443	80001740	291f00e7	jalr	x1,x30,657	 x30:0x80000618  x1=0x80001740
        4455000	       444	00000000	00000013	addi	x0,x0,0	  x0:0x00000000
        4465000	       445	800008a8	00000013	addi	x0,x0,0	  x0:0x00000000
        4475000	       446	800008ac	00729263	bne	x5,x7,800008b0	  x5:0x80009fc4  x7:0xfdcd8000
        4485000	       447	00000000	00000013	addi	x0,x0,0	  x0:0x00000000
        4495000	       448	800008ac	00000013	addi	x0,x0,0	  x0:0x00000000
        4505000	       449	800008b0	fe0e0e13	addi	x28,x28,-32	 x28:0x80009f54 x28=0x80009f34
        4515000	       450	800008b4	004326b3	slt	x13,x6,x4	  x6:0x02327b71  x4:0x00000000 x13=0x00000000
        4525000	       451	800008b8	001e2223	sw	x1,4(x28)	 x28:0x80009f34  x1:0x80001740 PA:0x80009f38
        4535000	       452	800008bc	a9dafb13	andi	x22,x21,-1379	 x21:0xfdcd8646 x22=0xfdcd8204
        4545000	       453	800008c0	01155fb3	srl	x31,x10,x17	 x10:0x80009fc4 x17:0x00000000 x31=0x80009fc4
        4555000	       454	800008c4	00008a97	auipc	x21,0x8	 x21=0x800088c0
        4565000	       455	800008c8	11ba8a93	addi	x21,x21,283	 x21:0x800088c0 x21=0x800089db
        4575000	       456	800008cc	02fac783	lbu	x15,47(x21)	 x21:0x800089db x15=0x00000000 PA:0x80008a0a
        4585000	       457	800008d0	4ace8693	addi	x13,x29,1196	 x29:0xe0d3e436 x13=0xe0d3e8e2
        4595000	       458	800008d4	000c9733	sll	x14,x25,x0	 x25:0x80009bd2  x0:0x00000000 x14=0x80009bd2
        4605000	       459	800008d8	0f5a8223	sb	x21,228(x21)	 x21:0x800089db x21:0x800089db PA:0x80008abf
        4615000	       460	800008dc	081a8583	lb	x11,129(x21)	 x21:0x800089db x11=0x00000000 PA:0x80008a5c
        4625000	       461	800008e0	4046d013	srai	x0,x13,0x4	 x13:0xe0d3e8e2
        4635000	       462	800008e4	001fe933	or	x18,x31,x1	 x31:0x80009fc4  x1:0x80001740 x18=0x80009fc4
        4645000	       463	800008e8	0121f933	and	x18,x3,x18	  x3:0xfffffefc x18:0x80009fc4 x18=0x80009ec4
        4655000	       464	800008ec	fc4acf83	lbu	x31,-60(x21)	 x21:0x800089db x31=0x00000000 PA:0x8000899f
        4665000	       465	800008f0	f38aa6a3	sw	x24,-211(x21)	 x21:0x800089db x24:0x000007cd PA:0x80008908
        4675000	       466	800008f4	00291233	sll	x4,x18,x2	 x18:0x80009ec4  x2:0x02407000  x4=0x80009ec4
        4685000	       467	800008f8	00ef1633	sll	x12,x30,x14	 x30:0x80000618 x14:0x80009bd2 x12=0x18600000
        4695000	       468	800008fc	0000d893	srli	x17,x1,0x0	  x1:0x80001740 x17=0x80001740
        4705000	       469	80000900	0e9aa2a3	sw	x9,229(x21)	 x21:0x800089db  x9:0x00000000 PA:0x80008ac0
        4715000	       470	80000904	f5ea8303	lb	x6,-162(x21)	 x21:0x800089db  x6=0x00000000 PA:0x80008939
        4725000	       471	80000908	00000013	addi	x0,x0,0	  x0:0x00000000
        4735000	       472	8000090c	f95a97a3	sh	x21,-113(x21)	 x21:0x800089db x21:0x800089db PA:0x8000896a
        4745000	       473	80000910	c6ebfc93	andi	x25,x23,-914	 x23:0x00000000 x25=0x00000000
        4755000	       474	80000914	0f3add83	lhu	x27,243(x21)	 x21:0x800089db x27=0x00000000 PA:0x80008ace
        4765000	       475	80000918	f8ca8123	sb	x12,-126(x21)	 x21:0x800089db x12:0x18600000 PA:0x8000895d
        4775000	       476	8000091c	015885b3	add	x11,x17,x21	 x17:0x80001740 x21:0x800089db x11=0x0000a11b
        4785000	       477	80000920	fb1acd83	lbu	x27,-79(x21)	 x21:0x800089db x27=0x00000000 PA:0x8000898c
        4795000	       478	80000924	3dc68613	addi	x12,x13,988	 x13:0xe0d3e8e2 x12=0xe0d3ecbe
        4805000	       479	80000928	045adb03	lhu	x22,69(x21)	 x21:0x800089db x22=0x00000000 PA:0x80008a20
        4815000	       480	8000092c	411f5c13	srai	x24,x30,0x11	 x30:0x80000618 x24=0xffffc000
        4825000	       481	80000930	14771f97	auipc	x31,0x14771	 x31=0x9477192c
        4835000	       482	80000934	40dd54b3	sra	x9,x26,x13	 x26:0x2dc7f5a4 x13:0xe0d3e8e2  x9=0x0b71fd69
        4845000	       483	80000938	002b5593	srli	x11,x22,0x2	 x22:0x00000000 x11=0x00000000
        4855000	       484	8000093c	10bb8713	addi	x14,x23,267	 x23:0x00000000 x14=0x0000010b
        4865000	       485	80000940	01a8a0b3	slt	x1,x17,x26	 x17:0x80001740 x26:0x2dc7f5a4  x1=0x00000001
        4875000	       486	80000944	f55a8683	lb	x13,-171(x21)	 x21:0x800089db x13=0x00000000 PA:0x80008930
        4885000	       487	80000948	099a8a23	sb	x25,148(x21)	 x21:0x800089db x25:0x00000000 PA:0x80008a6f
        4895000	       488	8000094c	0e2a8103	lb	x2,226(x21)	 x21:0x800089db  x2=0x00000000 PA:0x80008abd
        4905000	       489	00000000	00000013	addi	x0,x0,0	  x0:0x00000000
        4915000	       490	80000950	4024d093	srai	x1,x9,0x2	  x9:0x0b71fd69  x1=0x02dc7f5a
        4925000	       491	80000954	f46a8823	sb	x6,-176(x21)	 x21:0x800089db  x6:0x00000000 PA:0x8000892b
        4935000	       492	80000958	0030a433	slt	x8,x1,x3	  x1:0x02dc7f5a  x3:0xfffffefc  x8=0x00000000
        4945000	       493	8000095c	f37a99a3	sh	x23,-205(x21)	 x21:0x800089db x23:0x00000000 PA:0x8000890e
        4955000	       494	80000960	0010e4b3	or	x9,x1,x1	  x1:0x02dc7f5a  x1:0x02dc7f5a  x9=0x02dc7f5a
        4965000	       495	80000964	fc6ac903	lbu	x18,-58(x21)	 x21:0x800089db x18=0x00000000 PA:0x800089a1
        4975000	       496	80000968	0076b433	sltu	x8,x13,x7	 x13:0x00000000  x7:0xfdcd8000  x8=0x00000001
        4985000	       497	8000096c	40058f33	sub	x30,x11,x0	 x11:0x00000000  x0:0x00000000 x30=0x00000000
        4995000	       498	80000970	0d3a8323	sb	x19,198(x21)	 x21:0x800089db x19:0x8000197a PA:0x80008aa1
        5005000	       499	80000974	00000013	addi	x0,x0,0	  x0:0x00000000
        5015000	       500	80000978	014226b3	slt	x13,x4,x20	  x4:0x80009ec4 x20:0x02407213 x13=0x00000001
        5025000	       501	8000097c	018a8623	sb	x24,12(x21)	 x21:0x800089db x24:0xffffc000 PA:0x800089e7
        5035000	       502	80000980	4019d7b3	sra	x15,x19,x1	 x19:0x8000197a  x1:0x02dc7f5a x15=0xffffffe0
        5045000	       503	80000984	01f6ec33	or	x24,x13,x31	 x13:0x00000001 x31:0x9477192c x24=0x9477192d
        5055000	       504	80000988	05eac503	lbu	x10,94(x21)	 x21:0x800089db x10=0x00000000 PA:0x80008a39
        5065000	       505	8000098c	00d04db3	xor	x27,x0,x13	  x0:0x00000000 x13:0x00000001 x27=0x00000001
        5075000	       506	80000990	cb430213	addi	x4,x6,-844	  x6:0x00000000  x4=0xfffffcb4
        5085000	       507	80000994	feca8123	sb	x12,-30(x21)	 x21:0x800089db x12:0xe0d3ecbe PA:0x800089bd
        5095000	       508	80000998	00008917	auipc	x18,0x8	 x18=0x80008994
        5105000	       509	8000099c	b9b90913	addi	x18,x18,-1125	 x18:0x80008994 x18=0x8000852f
        5115000	       510	800009a0	00008a17	auipc	x20,0x8	 x20=0x8000899c
        5125000	       511	800009a4	aa5a0a13	addi	x20,x20,-1371	 x20:0x8000899c x20=0x80008441
        5135000	       512	800009a8	00007117	auipc	x2,0x7	  x2=0x800079a4
        5145000	       513	800009ac	7fd10113	addi	x2,x2,2045	  x2:0x800079a4  x2=0x800081a1
        5155000	       514	800009b0	0caa4183	lbu	x3,202(x20)	 x20:0x80008441  x3=0x00000000 PA:0x8000850b
        5165000	       515	00000000	00000013	addi	x0,x0,0	  x0:0x00000000
        5175000	       516	800009b4	00390123	sb	x3,2(x18)	 x18:0x8000852f  x3:0x00000000 PA:0x80008531
        5185000	       517	800009b8	00008d97	auipc	x27,0x8	 x27=0x800089b4
        5195000	       518	800009bc	8afd8d93	addi	x27,x27,-1873	 x27:0x800089b4 x27=0x80008263
        5205000	       519	800009c0	02dd9683	lh	x13,45(x27)	 x27:0x80008263 x13=0x00000000 PA:0x80008290
        5215000	       520	800009c4	fc0a0503	lb	x10,-64(x20)	 x20:0x80008441 x10=0x00000000 PA:0x80008401
        5225000	       521	800009c8	f60dc203	lbu	x4,-160(x27)	 x27:0x80008263  x4=0x00000000 PA:0x800081c3
        5235000	       522	800009cc	00007b97	auipc	x23,0x7	 x23=0x800079c8
        5245000	       523	800009d0	6f0b8b93	addi	x23,x23,1776	 x23:0x800079c8 x23=0x800080b8
        5255000	       524	800009d4	fb6d8083	lb	x1,-74(x27)	 x27:0x80008263  x1=0x00000000 PA:0x80008219
        5265000	       525	800009d8	ff610703	lb	x14,-10(x2)	  x2:0x800081a1 x14=0x00000000 PA:0x80008197
        5275000	       526	800009dc	fe210b23	sb	x2,-10(x2)	  x2:0x800081a1  x2:0x800081a1 PA:0x80008197
        5285000	       527	800009e0	fb3b9923	sh	x19,-78(x23)	 x23:0x800080b8 x19:0x8000197a PA:0x8000806a
        5295000	       528	800009e4	fe611aa3	sh	x6,-11(x2)	  x2:0x800081a1  x6:0x00000000 PA:0x80008196
        5305000	       529	800009e8	fafdd803	lhu	x16,-81(x27)	 x27:0x80008263 x16=0x00000000 PA:0x80008212
        5315000	       530	800009ec	ffc10403	lb	x8,-4(x2)	  x2:0x800081a1  x8=0x00000000 PA:0x8000819d
        5325000	       531	800009f0	f2aa02a3	sb	x10,-219(x20)	 x20:0x80008441 x10:0x00000000 PA:0x80008366
        5335000	       532	800009f4	ff094983	lbu	x19,-16(x18)	 x18:0x8000852f x19=0x00000000 PA:0x8000851f
        5345000	       533	800009f8	f95bc803	lbu	x16,-107(x23)	 x23:0x800080b8 x16=0x00000000 PA:0x8000804d
        5355000	       534	800009fc	00511c83	lh	x25,5(x2)	  x2:0x800081a1 x25=0x00000000 PA:0x800081a6
        5365000	       535	80000a00	021bac23	sw	x1,56(x23)	 x23:0x800080b8  x1:0x00000000 PA:0x800080f0
        5375000	       536	80000a04	095a1983	lh	x19,149(x20)	 x20:0x80008441 x19=0x00000000 PA:0x800084d6
        5385000	       537	00000000	00000013	addi	x0,x0,0	  x0:0x00000000
        5395000	       538	80000a08	ff394203	lbu	x4,-13(x18)	 x18:0x8000852f  x4=0x00000000 PA:0x80008522
        5405000	       539	80000a0c	0fca0503	lb	x10,252(x20)	 x20:0x80008441 x10=0x00000000 PA:0x8000853d
        5415000	       540	80000a10	fafa5603	lhu	x12,-81(x20)	 x20:0x80008441 x12=0x00000000 PA:0x800083f0
        5425000	       541	80000a14	f60d8c83	lb	x25,-160(x27)	 x27:0x80008263 x25=0x00000000 PA:0x800081c3
        5435000	       542	00000000	00000013	addi	x0,x0,0	  x0:0x00000000
        5445000	       543	80000a18	0b9b84a3	sb	x25,169(x23)	 x23:0x800080b8 x25:0x00000000 PA:0x80008161
        5455000	       544	80000a1c	f83d8083	lb	x1,-125(x27)	 x27:0x80008263  x1=0x00000000 PA:0x800081e6
        5465000	       545	00000000	00000013	addi	x0,x0,0	  x0:0x00000000
        5475000	       546	80000a20	f01a5303	lhu	x6,-255(x20)	 x20:0x80008441  x6=0x00000000 PA:0x80008342
        5485000	       547	80000a24	00c94c03	lbu	x24,12(x18)	 x18:0x8000852f x24=0x00000000 PA:0x8000853b
        5495000	       548	80000a28	00e10003	lb	x0,14(x2)	  x2:0x800081a1 PA:0x800081af
        5505000	       549	80000a2c	055dc783	lbu	x15,85(x27)	 x27:0x80008263 x15=0x00000000 PA:0x800082b8
        5515000	       550	80000a30	ff090503	lb	x10,-16(x18)	 x18:0x8000852f x10=0x00000000 PA:0x8000851f
        5525000	       551	80000a34	01a90823	sb	x26,16(x18)	 x18:0x8000852f x26:0x2dc7f5a4 PA:0x8000853f
        5535000	       552	80000a38	03fbc403	lbu	x8,63(x23)	 x23:0x800080b8  x8=0x00000000 PA:0x800080f7
        5545000	       553	80000a3c	ff195703	lhu	x14,-15(x18)	 x18:0x8000852f x14=0x00000000 PA:0x80008520
        5555000	       554	80000a40	fc6a1fa3	sh	x6,-33(x20)	 x20:0x80008441  x6:0x00000000 PA:0x80008420
        5565000	       555	80000a44	ff890883	lb	x17,-8(x18)	 x18:0x8000852f x17=0x00000000 PA:0x80008527
        5575000	       556	80000a48	073b8403	lb	x8,115(x23)	 x23:0x800080b8  x8=0x00000000 PA:0x8000812b
        5585000	       557	80000a4c	00715f83	lhu	x31,7(x2)	  x2:0x800081a1 x31=0x00000000 PA:0x800081a8
        5595000	       558	80000a50	00515603	lhu	x12,5(x2)	  x2:0x800081a1 x12=0x00000000 PA:0x800081a6
        5605000	       559	80000a54	fff91003	lh	x0,-1(x18)	 x18:0x8000852f PA:0x8000852e
        5615000	       560	80000a58	0b3a04a3	sb	x19,169(x20)	 x20:0x80008441 x19:0x00000000 PA:0x800084ea
        5625000	       561	80000a5c	ff715383	lhu	x7,-9(x2)	  x2:0x800081a1  x7=0x00000000 PA:0x80008198
        5635000	       562	80000a60	090a0203	lb	x4,144(x20)	 x20:0x80008441  x4=0x00000000 PA:0x800084d1
        5645000	       563	80000a64	0a0d8f03	lb	x30,160(x27)	 x27:0x80008263 x30=0x00000000 PA:0x80008303
        5655000	       564	80000a68	0e3d9c83	lh	x25,227(x27)	 x27:0x80008263 x25=0x00000000 PA:0x80008346
        5665000	       565	80000a6c	058b8f83	lb	x31,88(x23)	 x23:0x800080b8 x31=0x00000000 PA:0x80008110
        5675000	       566	80000a70	00008117	auipc	x2,0x8	  x2=0x80008a6c
        5685000	       567	80000a74	d5410113	addi	x2,x2,-684	  x2:0x80008a6c  x2=0x800087c0
        5695000	       568	80000a78	01261c33	sll	x24,x12,x18	 x12:0x00000000 x18:0x8000852f x24=0x00000000
        5705000	       569	80000a7c	b4610903	lb	x18,-1210(x2)	  x2:0x800087c0 x18=0x00000000 PA:0x80008306
        5715000	       570	80000a80	f519c913	xori	x18,x19,-175	 x19:0x00000000 x18=0xffffff51
        5725000	       571	80000a84	9ce12e23	sw	x14,-1572(x2)	  x2:0x800087c0 x14:0x00000000 PA:0x8000819c
        5735000	       572	80000a88	408e5893	srai	x17,x28,0x8	 x28:0x80009f34 x17=0xff80009f
        5745000	       573	80000a8c	1c572213	slti	x4,x14,453	 x14:0x00000000  x4=0x00000001
        5755000	       574	80000a90	9dc15503	lhu	x10,-1572(x2)	  x2:0x800087c0 x10=0x00000000 PA:0x8000819c
        5765000	       575	80000a94	c0110583	lb	x11,-1023(x2)	  x2:0x800087c0 x11=0x00000000 PA:0x800083c1
        5775000	       576	80000a98	c10100a3	sb	x16,-1023(x2)	  x2:0x800087c0 x16:0x00000000 PA:0x800083c1
        5785000	       577	80000a9c	c0114503	lbu	x10,-1023(x2)	  x2:0x800087c0 x10=0x00000000 PA:0x800083c1
        5795000	       578	80000aa0	018a97b3	sll	x15,x21,x24	 x21:0x800089db x24:0x00000000 x15=0x800089db
        5805000	       579	80000aa4	c0114a83	lbu	x21,-1023(x2)	  x2:0x800087c0 x21=0x00000000 PA:0x800083c1
        5815000	       580	80000aa8	c0110a03	lb	x20,-1023(x2)	  x2:0x800087c0 x20=0x00000000 PA:0x800083c1
        5825000	       581	80000aac	c19100a3	sb	x25,-1023(x2)	  x2:0x800087c0 x25:0x00000000 PA:0x800083c1
        5835000	       582	80000ab0	c0110d03	lb	x26,-1023(x2)	  x2:0x800087c0 x26=0x00000000 PA:0x800083c1
        5845000	       583	80000ab4	3e5ea793	slti	x15,x29,997	 x29:0xe0d3e436 x15=0x00000001
        5855000	       584	80000ab8	c0110c03	lb	x24,-1023(x2)	  x2:0x800087c0 x24=0x00000000 PA:0x800083c1
        5865000	       585	80000abc	00008c97	auipc	x25,0x8	 x25=0x80008ab8
        5875000	       586	80000ac0	b54c8c93	addi	x25,x25,-1196	 x25:0x80008ab8 x25=0x8000860c
        5885000	       587	80000ac4	00008917	auipc	x18,0x8	 x18=0x80008ac0
        5895000	       588	80000ac8	88490913	addi	x18,x18,-1916	 x18:0x80008ac0 x18=0x80008344
        5905000	       589	80000acc	00008617	auipc	x12,0x8	 x12=0x80008ac8
        5915000	       590	80000ad0	b3b60613	addi	x12,x12,-1221	 x12:0x80008ac8 x12=0x80008603
        5925000	       591	80000ad4	fd7cc383	lbu	x7,-41(x25)	 x25:0x8000860c  x7=0x00000000 PA:0x800085e3
        5935000	       592	80000ad8	00007f97	auipc	x31,0x7	 x31=0x80007ad4
        5945000	       593	80000adc	79ff8f93	addi	x31,x31,1951	 x31:0x80007ad4 x31=0x80008273
        5955000	       594	80000ae0	f0095a03	lhu	x20,-256(x18)	 x18:0x80008344 x20=0x00000000 PA:0x80008244
        5965000	       595	80000ae4	fedc8a03	lb	x20,-19(x25)	 x25:0x8000860c x20=0x00000000 PA:0x800085f9
        5975000	       596	80000ae8	02994703	lbu	x14,41(x18)	 x18:0x80008344 x14=0x00000000 PA:0x8000836d
        5985000	       597	80000aec	08260303	lb	x6,130(x12)	 x12:0x80008603  x6=0x00000000 PA:0x80008685
        5995000	       598	80000af0	03964383	lbu	x7,57(x12)	 x12:0x80008603  x7=0x00000000 PA:0x8000863c
        6005000	       599	80000af4	4cef8aa3	sb	x14,1237(x31)	 x31:0x80008273 x14:0x00000000 PA:0x80008748
        6015000	       600	80000af8	055908a3	sb	x21,81(x18)	 x18:0x80008344 x21:0x00000000 PA:0x80008395
        6025000	       601	80000afc	fe9f90a3	sh	x9,-31(x31)	 x31:0x80008273  x9:0x02dc7f5a PA:0x80008254
        6035000	       602	80000b00	0c390183	lb	x3,195(x18)	 x18:0x80008344  x3=0x00000000 PA:0x80008407
        6045000	       603	80000b04	fe9c8c03	lb	x24,-23(x25)	 x25:0x8000860c x24=0x00000000 PA:0x800085f5
        6055000	       604	80000b08	f1f90183	lb	x3,-225(x18)	 x18:0x80008344  x3=0x00000000 PA:0x80008263
        6065000	       605	80000b0c	ea2608a3	sb	x2,-335(x12)	 x12:0x80008603  x2:0x800087c0 PA:0x800084b4
        6075000	       606	80000b10	0fa901a3	sb	x26,227(x18)	 x18:0x80008344 x26:0x00000000 PA:0x80008427
        6085000	       607	80000b14	004c8da3	sb	x4,27(x25)	 x25:0x8000860c  x4:0x00000001 PA:0x80008627
        6095000	       608	80000b18	cda60003	lb	x0,-806(x12)	 x12:0x80008603 PA:0x800082dd
        6105000	       609	80000b1c	eadf82a3	sb	x13,-347(x31)	 x31:0x80008273 x13:0x00000000 PA:0x80008118
        6115000	       610	80000b20	023c9323	sh	x3,38(x25)	 x25:0x8000860c  x3:0x00000000 PA:0x80008632
        6125000	       611	80000b24	fe4cd683	lhu	x13,-28(x25)	 x25:0x8000860c x13=0x00000000 PA:0x800085f0
        6135000	       612	80000b28	00b94b83	lbu	x23,11(x18)	 x18:0x80008344 x23=0x00000098 PA:0x8000834f
        6145000	       613	80000b2c	ec160623	sb	x1,-308(x12)	 x12:0x80008603  x1:0x00000000 PA:0x800084cf
        6155000	       614	80000b30	fc4cd983	lhu	x19,-60(x25)	 x25:0x8000860c x19=0x00000000 PA:0x800085d0
        6165000	       615	80000b34	0fb90703	lb	x14,251(x18)	 x18:0x80008344 x14=0x00000000 PA:0x8000843f
        6175000	       616	80000b38	584f8783	lb	x15,1412(x31)	 x31:0x80008273 x15=0x00000000 PA:0x800087f7
        6185000	       617	80000b3c	0d091403	lh	x8,208(x18)	 x18:0x80008344  x8=0x00000000 PA:0x80008414
        6195000	       618	80000b40	ca7616a3	sh	x7,-851(x12)	 x12:0x80008603  x7:0x00000000 PA:0x800082b0
        6205000	       619	80000b44	f8491683	lh	x13,-124(x18)	 x18:0x80008344 x13=0x00000000 PA:0x800082c8
        6215000	       620	80000b48	e80fca03	lbu	x20,-384(x31)	 x31:0x80008273 x20=0x00000000 PA:0x800080f3
        6225000	       621	80000b4c	00008117	auipc	x2,0x8	  x2=0x80008b48
        6235000	       622	80000b50	1d110113	addi	x2,x2,465	  x2:0x80008b48  x2=0x80008d19
        6245000	       623	80000b54	017aa1b3	slt	x3,x21,x23	 x21:0x00000000 x23:0x00000098  x3=0x00000001
        6255000	       624	80000b58	00c14b83	lbu	x23,12(x2)	  x2:0x80008d19 x23=0x00000000 PA:0x80008d25
        6265000	       625	80000b5c	ffa10403	lb	x8,-6(x2)	  x2:0x80008d19  x8=0x00000000 PA:0x80008d13
        6275000	       626	80000b60	01f123a3	sw	x31,7(x2)	  x2:0x80008d19 x31:0x80008273 PA:0x80008d20
        6285000	       627	80000b64	43f4e017	auipc	x0,0x43f4e	
        6295000	       628	80000b68	f5ed7093	andi	x1,x26,-162	 x26:0x00000000  x1=0x00000000
        6305000	       629	80000b6c	00014603	lbu	x12,0(x2)	  x2:0x80008d19 x12=0x00000000 PA:0x80008d19
        6315000	       630	80000b70	9f2ba793	slti	x15,x23,-1550	 x23:0x00000000 x15=0x00000000
        6325000	       631	80000b74	ff814403	lbu	x8,-8(x2)	  x2:0x80008d19  x8=0x00000000 PA:0x80008d11
        6335000	       632	80000b78	01310223	sb	x19,4(x2)	  x2:0x80008d19 x19:0x00000000 PA:0x80008d1d
        6345000	       633	80000b7c	ff610d83	lb	x27,-10(x2)	  x2:0x80008d19 x27=0x00000000 PA:0x80008d0f
        6355000	       634	80000b80	01985893	srli	x17,x16,0x19	 x16:0x00000000 x17=0x00000000
        6365000	       635	80000b84	01010123	sb	x16,2(x2)	  x2:0x80008d19 x16:0x00000000 PA:0x80008d1b
        6375000	       636	80000b88	00e980b3	add	x1,x19,x14	 x19:0x00000000 x14:0x00000000  x1=0x00000000
        6385000	       637	80000b8c	009103a3	sb	x9,7(x2)	  x2:0x80008d19  x9:0x02dc7f5a PA:0x80008d20
        6395000	       638	80000b90	0134ac33	slt	x24,x9,x19	  x9:0x02dc7f5a x19:0x00000000 x24=0x00000000
        6405000	       639	80000b94	989aa193	slti	x3,x21,-1655	 x21:0x00000000  x3=0x00000000
        6415000	       640	80000b98	01e8d813	srli	x16,x17,0x1e	 x17:0x00000000 x16=0x00000000
        6425000	       641	80000b9c	ff010603	lb	x12,-16(x2)	  x2:0x80008d19 x12=0x00000000 PA:0x80008d09
        6435000	       642	80000ba0	ffa10b23	sb	x26,-10(x2)	  x2:0x80008d19 x26:0x00000000 PA:0x80008d0f
        6445000	       643	80000ba4	ff214c03	lbu	x24,-14(x2)	  x2:0x80008d19 x24=0x00000000 PA:0x80008d0b
        6455000	       644	80000ba8	ff614383	lbu	x7,-10(x2)	  x2:0x80008d19  x7=0x00000000 PA:0x80008d0f
        6465000	       645	80000bac	01c998b3	sll	x17,x19,x28	 x19:0x00000000 x28:0x80009f34 x17=0x00000000
        6475000	       646	80000bb0	a4d6c593	xori	x11,x13,-1459	 x13:0x00000000 x11=0xfffffa4d
        6485000	       647	80000bb4	fff10783	lb	x15,-1(x2)	  x2:0x80008d19 x15=0x00000000 PA:0x80008d18
        6495000	       648	80000bb8	01727633	and	x12,x4,x23	  x4:0x00000001 x23:0x00000000 x12=0x00000000
        6505000	       649	80000bbc	ff214883	lbu	x17,-14(x2)	  x2:0x80008d19 x17=0x00000000 PA:0x80008d0b
        6515000	       650	80000bc0	ff710f23	sb	x23,-2(x2)	  x2:0x80008d19 x23:0x00000000 PA:0x80008d17
        6525000	       651	80000bc4	013c9613	slli	x12,x25,0x13	 x25:0x8000860c x12=0x30600000
        6535000	       652	80000bc8	00f10c03	lb	x24,15(x2)	  x2:0x80008d19 x24=0x00000000 PA:0x80008d28
        6545000	       653	80000bcc	6d596a37	lui	x20,0x6d596	 x20=0x6d596000
        6555000	       654	80000bd0	00810903	lb	x18,8(x2)	  x2:0x80008d19 x18=0xffffff82 PA:0x80008d21
        6565000	       655	80000bd4	00d117a3	sh	x13,15(x2)	  x2:0x80008d19 x13:0x00000000 PA:0x80008d28
        6575000	       656	80000bd8	ffc14d03	lbu	x26,-4(x2)	  x2:0x80008d19 x26=0x00000000 PA:0x80008d15
        6585000	       657	80000bdc	00008c97	auipc	x25,0x8	 x25=0x80008bd8
        6595000	       658	80000be0	ddec8c93	addi	x25,x25,-546	 x25:0x80008bd8 x25=0x800089b6
        6605000	       659	80000be4	074cd303	lhu	x6,116(x25)	 x25:0x800089b6  x6=0x00000000 PA:0x80008a2a
        6615000	       660	80000be8	028cdd83	lhu	x27,40(x25)	 x25:0x800089b6 x27=0x00000000 PA:0x800089de
        6625000	       661	80000bec	028c9683	lh	x13,40(x25)	 x25:0x800089b6 x13=0x00000000 PA:0x800089de
        6635000	       662	80000bf0	028cc483	lbu	x9,40(x25)	 x25:0x800089b6  x9=0x00000000 PA:0x800089de
        6645000	       663	80000bf4	028c8603	lb	x12,40(x25)	 x25:0x800089b6 x12=0x00000000 PA:0x800089de
        6655000	       664	80000bf8	028c9d03	lh	x26,40(x25)	 x25:0x800089b6 x26=0x00000000 PA:0x800089de
        6665000	       665	80000bfc	b4144093	xori	x1,x8,-1215	  x8:0x00000000  x1=0xfffffb41
        6675000	       666	80000c00	032c8423	sb	x18,40(x25)	 x25:0x800089b6 x18:0xffffff82 PA:0x800089de
        6685000	       667	80000c04	03bc8423	sb	x27,40(x25)	 x25:0x800089b6 x27:0x00000000 PA:0x800089de
        6695000	       668	80000c08	032c9423	sh	x18,40(x25)	 x25:0x800089b6 x18:0xffffff82 PA:0x800089de
        6705000	       669	80000c0c	03ac8423	sb	x26,40(x25)	 x25:0x800089b6 x26:0x00000000 PA:0x800089de
        6715000	       670	80000c10	02ac9423	sh	x10,40(x25)	 x25:0x800089b6 x10:0x00000000 PA:0x800089de
        6725000	       671	80000c14	028c9b03	lh	x22,40(x25)	 x25:0x800089b6 x22=0x00000000 PA:0x800089de
        6735000	       672	80000c18	f95c8da3	sb	x21,-101(x25)	 x25:0x800089b6 x21:0x00000000 PA:0x80008951
        6745000	       673	80000c1c	f9bccf83	lbu	x31,-101(x25)	 x25:0x800089b6 x31=0x00000000 PA:0x80008951
        6755000	       674	80000c20	00008117	auipc	x2,0x8	  x2=0x80008c1c
        6765000	       675	80000c24	fa710113	addi	x2,x2,-89	  x2:0x80008c1c  x2=0x80008bc3
        6775000	       676	80000c28	05d14883	lbu	x17,93(x2)	  x2:0x80008bc3 x17=0x00000000 PA:0x80008c20
        6785000	       677	80000c2c	d826b013	sltiu	x0,x13,-638	 x13:0x00000000
        6795000	       678	80000c30	40845b33	sra	x22,x8,x8	  x8:0x00000000  x8:0x00000000 x22=0x00000000
        6805000	       679	80000c34	416fd893	srai	x17,x31,0x16	 x31:0x00000000 x17=0x00000000
        6815000	       680	80000c38	01b7ddb3	srl	x27,x15,x27	 x15:0x00000000 x27:0x00000000 x27=0x00000000
        6825000	       681	80000c3c	00c78d33	add	x26,x15,x12	 x15:0x00000000 x12:0x00000000 x26=0x00000000
        6835000	       682	80000c40	0bc10983	lb	x19,188(x2)	  x2:0x80008bc3 x19=0x00000000 PA:0x80008c7f
        6845000	       683	80000c44	00d914b3	sll	x9,x18,x13	 x18:0xffffff82 x13:0x00000000  x9=0xffffff82
        6855000	       684	80000c48	03710a03	lb	x20,55(x2)	  x2:0x80008bc3 x20=0x00000000 PA:0x80008bfa
        6865000	       685	80000c4c	ffe10583	lb	x11,-2(x2)	  x2:0x80008bc3 x11=0x00000000 PA:0x80008bc1
        6875000	       686	80000c50	f63115a3	sh	x3,-149(x2)	  x2:0x80008bc3  x3:0x00000000 PA:0x80008b2e
        6885000	       687	80000c54	f2115003	lhu	x0,-223(x2)	  x2:0x80008bc3 PA:0x80008ae4
        6895000	       688	80000c58	005a6933	or	x18,x20,x5	 x20:0x00000000  x5:0x80009fc4 x18=0x80009fc4
        6905000	       689	80000c5c	0d515a83	lhu	x21,213(x2)	  x2:0x80008bc3 x21=0x00000000 PA:0x80008c98
        6915000	       690	80000c60	016f30b3	sltu	x1,x30,x22	 x30:0x00000000 x22:0x00000000  x1=0x00000000
        6925000	       691	80000c64	00000013	addi	x0,x0,0	  x0:0x00000000
        6935000	       692	80000c68	00938d33	add	x26,x7,x9	  x7:0x00000000  x9:0xffffff82 x26=0xffffff82
        6945000	       693	80000c6c	01ad5a93	srli	x21,x26,0x1a	 x26:0xffffff82 x21=0x0000003f
        6955000	       694	80000c70	f9315883	lhu	x17,-109(x2)	  x2:0x80008bc3 x17=0x00000000 PA:0x80008b56
        6965000	       695	80000c74	cded8cb7	lui	x25,0xcded8	 x25=0xcded8000
        6975000	       696	80000c78	0bd10083	lb	x1,189(x2)	  x2:0x80008bc3  x1=0x00000000 PA:0x80008c80
        6985000	       697	80000c7c	f9e10c83	lb	x25,-98(x2)	  x2:0x80008bc3 x25=0x00000000 PA:0x80008b61
        6995000	       698	80000c80	0c410903	lb	x18,196(x2)	  x2:0x80008bc3 x18=0x00000000 PA:0x80008c87
        7005000	       699	80000c84	01cbd733	srl	x14,x23,x28	 x23:0x00000000 x28:0x80009f34 x14=0x00000000
        7015000	       700	80000c88	f0f118a3	sh	x15,-239(x2)	  x2:0x80008bc3 x15:0x00000000 PA:0x80008ad4
        7025000	       701	80000c8c	01912333	slt	x6,x2,x25	  x2:0x80008bc3 x25:0x00000000  x6=0x00000001
        7035000	       702	80000c90	000893b3	sll	x7,x17,x0	 x17:0x00000000  x0:0x00000000  x7=0x00000000
        7045000	       703	80000c94	02314683	lbu	x13,35(x2)	  x2:0x80008bc3 x13=0x00000000 PA:0x80008be6
        7055000	       704	80000c98	487aa213	slti	x4,x21,1159	 x21:0x0000003f  x4=0x00000001
        7065000	       705	80000c9c	069128a3	sw	x9,113(x2)	  x2:0x80008bc3  x9:0xffffff82 PA:0x80008c34
        7075000	       706	80000ca0	00008d17	auipc	x26,0x8	 x26=0x80008c9c
        7085000	       707	80000ca4	84dd0d13	addi	x26,x26,-1971	 x26:0x80008c9c x26=0x800084e9
        7095000	       708	80000ca8	00007a97	auipc	x21,0x7	 x21=0x80007ca4
        7105000	       709	80000cac	6d5a8a93	addi	x21,x21,1749	 x21:0x80007ca4 x21=0x80008379
        7115000	       710	80000cb0	016aa5a3	sw	x22,11(x21)	 x21:0x80008379 x22:0x00000000 PA:0x80008384
        7125000	       711	80000cb4	cdfd1ca3	sh	x31,-807(x26)	 x26:0x800084e9 x31:0x00000000 PA:0x800081c2
        7135000	       712	80000cb8	c53d2b83	lw	x23,-941(x26)	 x26:0x800084e9 x23=0x00000000 PA:0x8000813c
        7145000	       713	80000cbc	db5d1183	lh	x3,-587(x26)	 x26:0x800084e9  x3=0x00000000 PA:0x8000829e
        7155000	       714	80000cc0	00ea8183	lb	x3,14(x21)	 x21:0x80008379  x3=0x00000000 PA:0x80008387
        7165000	       715	80000cc4	fffad583	lhu	x11,-1(x21)	 x21:0x80008379 x11=0x00000000 PA:0x80008378
        7175000	       716	80000cc8	268d0983	lb	x19,616(x26)	 x26:0x800084e9 x19=0x00000000 PA:0x80008751
        7185000	       717	80000ccc	f78d4883	lbu	x17,-136(x26)	 x26:0x800084e9 x17=0x00000000 PA:0x80008461
        7195000	       718	80000cd0	e26d4483	lbu	x9,-474(x26)	 x26:0x800084e9  x9=0x00000000 PA:0x8000830f
        7205000	       719	80000cd4	01ba9da3	sh	x27,27(x21)	 x21:0x80008379 x27:0x00000000 PA:0x80008394
        7215000	       720	80000cd8	032acc03	lbu	x24,50(x21)	 x21:0x80008379 x24=0x00000000 PA:0x800083ab
        7225000	       721	80000cdc	0a3d0303	lb	x6,163(x26)	 x26:0x800084e9  x6=0x00000000 PA:0x8000858c
        7235000	       722	00000000	00000013	addi	x0,x0,0	  x0:0x00000000
        7245000	       723	80000ce0	006a8a03	lb	x20,6(x21)	 x21:0x80008379 x20=0x00000000 PA:0x8000837f
        7255000	       724	80000ce4	fe3a90a3	sh	x3,-31(x21)	 x21:0x80008379  x3:0x00000000 PA:0x8000835a
        7265000	       725	80000ce8	05ed0903	lb	x18,94(x26)	 x26:0x800084e9 x18=0x00000000 PA:0x80008547
        7275000	       726	80000cec	016ac583	lbu	x11,22(x21)	 x21:0x80008379 x11=0x00000000 PA:0x8000838f
        7285000	       727	80000cf0	003a8e23	sb	x3,28(x21)	 x21:0x80008379  x3:0x00000000 PA:0x80008395
        7295000	       728	80000cf4	030acc83	lbu	x25,48(x21)	 x21:0x80008379 x25=0x00000000 PA:0x800083a9
        7305000	       729	80000cf8	00008b97	auipc	x23,0x8	 x23=0x80008cf4
        7315000	       730	80000cfc	be8b8b93	addi	x23,x23,-1048	 x23:0x80008cf4 x23=0x800088dc
        7325000	       731	80000d00	00008817	auipc	x16,0x8	 x16=0x80008cfc
        7335000	       732	80000d04	b8a80813	addi	x16,x16,-1142	 x16:0x80008cfc x16=0x80008886
        7345000	       733	80000d08	5d7b8203	lb	x4,1495(x23)	 x23:0x800088dc  x4=0x00000000 PA:0x80008eb3
        7355000	       734	80000d0c	0b4b9b03	lh	x22,180(x23)	 x23:0x800088dc x22=0x00000000 PA:0x80008990
        7365000	       735	80000d10	ff184683	lbu	x13,-15(x16)	 x16:0x80008886 x13=0x00000000 PA:0x80008877
        7375000	       736	80000d14	00008c17	auipc	x24,0x8	 x24=0x80008d10
        7385000	       737	80000d18	010c0c13	addi	x24,x24,16	 x24:0x80008d10 x24=0x80008d20
        7395000	       738	80000d1c	5a2bc303	lbu	x6,1442(x23)	 x23:0x800088dc  x6=0x00000000 PA:0x80008e7e
        7405000	       739	80000d20	380b84a3	sb	x0,905(x23)	 x23:0x800088dc  x0:0x00000000 PA:0x80008c65
        7415000	       740	80000d24	21ab9603	lh	x12,538(x23)	 x23:0x800088dc x12=0x00000000 PA:0x80008af6
        7425000	       741	80000d28	01e80e23	sb	x30,28(x16)	 x16:0x80008886 x30:0x00000000 PA:0x800088a2
        7435000	       742	80000d2c	01dc0403	lb	x8,29(x24)	 x24:0x80008d20  x8=0x00000000 PA:0x80008d3d
        7445000	       743	80000d30	03584d03	lbu	x26,53(x16)	 x16:0x80008886 x26=0x00000000 PA:0x800088bb
        7455000	       744	80000d34	ffb80003	lb	x0,-5(x16)	 x16:0x80008886 PA:0x80008881
        7465000	       745	80000d38	fbfc04a3	sb	x31,-87(x24)	 x24:0x80008d20 x31:0x00000000 PA:0x80008cc9
        7475000	       746	80000d3c	4f7bc883	lbu	x17,1271(x23)	 x23:0x800088dc x17=0x00000000 PA:0x80008dd3
        7485000	       747	80000d40	0ecc5883	lhu	x17,236(x24)	 x24:0x80008d20 x17=0x00000000 PA:0x80008e0c
        7495000	       748	80000d44	01cc01a3	sb	x28,3(x24)	 x24:0x80008d20 x28:0x80009f34 PA:0x80008d23
        7505000	       749	80000d48	fea81d03	lh	x26,-22(x16)	 x16:0x80008886 x26=0x00000000 PA:0x80008870
        7515000	       750	80000d4c	fe580003	lb	x0,-27(x16)	 x16:0x80008886 PA:0x8000886b
        7525000	       751	80000d50	02280aa3	sb	x2,53(x16)	 x16:0x80008886  x2:0x80008bc3 PA:0x800088bb
        7535000	       752	80000d54	03485a83	lhu	x21,52(x16)	 x16:0x80008886 x21=0x0000c300 PA:0x800088ba
        7545000	       753	80000d58	0f8c5383	lhu	x7,248(x24)	 x24:0x80008d20  x7=0x00000000 PA:0x80008e18
        7555000	       754	80000d5c	6c8bd003	lhu	x0,1736(x23)	 x23:0x800088dc PA:0x80008fa4
        7565000	       755	80000d60	fc1c0903	lb	x18,-63(x24)	 x24:0x80008d20 x18=0x00000000 PA:0x80008ce1
        7575000	       756	80000d64	02fc4903	lbu	x18,47(x24)	 x24:0x80008d20 x18=0x00000000 PA:0x80008d4f
        7585000	       757	80000d68	09bb8183	lb	x3,155(x23)	 x23:0x800088dc  x3=0x00000000 PA:0x80008977
        7595000	       758	80000d6c	f62c0123	sb	x2,-158(x24)	 x24:0x80008d20  x2:0x80008bc3 PA:0x80008c82
        7605000	       759	80000d70	01384783	lbu	x15,19(x16)	 x16:0x80008886 x15=0x00000000 PA:0x80008899
        7615000	       760	80000d74	00008317	auipc	x6,0x8	  x6=0x80008d70
        7625000	       761	80000d78	12530313	addi	x6,x6,293	  x6:0x80008d70  x6=0x80008e95
        7635000	       762	80000d7c	418cd1b3	sra	x3,x25,x24	 x25:0x00000000 x24:0x80008d20  x3=0x00000000
        7645000	       763	80000d80	01955c33	srl	x24,x10,x25	 x10:0x00000000 x25:0x00000000 x24=0x00000000
        7655000	       764	80000d84	ffe34b83	lbu	x23,-2(x6)	  x6:0x80008e95 x23=0x00000000 PA:0x80008e93
        7665000	       765	80000d88	00000013	addi	x0,x0,0	  x0:0x00000000
        7675000	       766	80000d8c	ff034403	lbu	x8,-16(x6)	  x6:0x80008e95  x8=0x00000000 PA:0x80008e85
        7685000	       767	00000000	00000013	addi	x0,x0,0	  x0:0x00000000
        7695000	       768	80000d90	00834603	lbu	x12,8(x6)	  x6:0x80008e95 x12=0x00000000 PA:0x80008e9d
        7705000	       769	80000d94	f5eeb913	sltiu	x18,x29,-162	 x29:0xe0d3e436 x18=0x00000001
        7715000	       770	80000d98	d2ab10b7	lui	x1,0xd2ab1	  x1=0xd2ab1000
        7725000	       771	80000d9c	004cacb3	slt	x25,x25,x4	 x25:0x00000000  x4:0x00000000 x25=0x00000000
        7735000	       772	80000da0	8faa7f93	andi	x31,x20,-1798	 x20:0x00000000 x31=0x00000000
        7745000	       773	80000da4	fff34903	lbu	x18,-1(x6)	  x6:0x80008e95 x18=0x00000000 PA:0x80008e94
        7755000	       774	80000da8	01a5b3b3	sltu	x7,x11,x26	 x11:0x00000000 x26:0x00000000  x7=0x00000000
        7765000	       775	80000dac	00230783	lb	x15,2(x6)	  x6:0x80008e95 x15=0x00000000 PA:0x80008e97
        7775000	       776	80000db0	6174ca93	xori	x21,x9,1559	  x9:0x00000000 x21=0x00000617
        7785000	       777	80000db4	ff332083	lw	x1,-13(x6)	  x6:0x80008e95  x1=0x00000000 PA:0x80008e88
        7795000	       778	80000db8	8f6c3093	sltiu	x1,x24,-1802	 x24:0x00000000  x1=0x00000001
        7805000	       779	80000dbc	0142f3b3	and	x7,x5,x20	  x5:0x80009fc4 x20:0x00000000  x7=0x00000000
        7815000	       780	80000dc0	00430803	lb	x16,4(x6)	  x6:0x80008e95 x16=0x00000000 PA:0x80008e99
        7825000	       781	80000dc4	ff130ba3	sb	x17,-9(x6)	  x6:0x80008e95 x17:0x00000000 PA:0x80008e8c
        7835000	       782	80000dc8	00131d83	lh	x27,1(x6)	  x6:0x80008e95 x27=0x00000000 PA:0x80008e96
        7845000	       783	80000dcc	ff530903	lb	x18,-11(x6)	  x6:0x80008e95 x18=0x00000000 PA:0x80008e8a
        7855000	       784	80000dd0	00830103	lb	x2,8(x6)	  x6:0x80008e95  x2=0x00000000 PA:0x80008e9d
        7865000	       785	00000000	00000013	addi	x0,x0,0	  x0:0x00000000
        7875000	       786	80000dd4	4026d733	sra	x14,x13,x2	 x13:0x00000000  x2:0x00000000 x14=0x00000000
        7885000	       787	80000dd8	00b30903	lb	x18,11(x6)	  x6:0x80008e95 x18=0x00000000 PA:0x80008ea0
        7895000	       788	80000ddc	00c30783	lb	x15,12(x6)	  x6:0x80008e95 x15=0x00000000 PA:0x80008ea1
        7905000	       789	80000de0	ff335a03	lhu	x20,-13(x6)	  x6:0x80008e95 x20=0x00000000 PA:0x80008e88
        7915000	       790	80000de4	fe530ca3	sb	x5,-7(x6)	  x6:0x80008e95  x5:0x80009fc4 PA:0x80008e8e
        7925000	       791	80000de8	018311a3	sh	x24,3(x6)	  x6:0x80008e95 x24:0x00000000 PA:0x80008e98
        7935000	       792	80000dec	01f30423	sb	x31,8(x6)	  x6:0x80008e95 x31:0x00000000 PA:0x80008e9d
        7945000	       793	80000df0	00f32783	lw	x15,15(x6)	  x6:0x80008e95 x15=0x00000000 PA:0x80008ea4
        7955000	       794	80000df4	00130a83	lb	x21,1(x6)	  x6:0x80008e95 x21=0x00000000 PA:0x80008e96
        7965000	       795	80000df8	404b50b3	sra	x1,x22,x4	 x22:0x00000000  x4:0x00000000  x1=0x00000000
        7975000	       796	80000dfc	01034583	lbu	x11,16(x6)	  x6:0x80008e95 x11=0x00000000 PA:0x80008ea5
        7985000	       797	00000000	00000013	addi	x0,x0,0	  x0:0x00000000
        7995000	       798	80000e00	0155f0b3	and	x1,x11,x21	 x11:0x00000000 x21:0x00000000  x1=0x00000000
        8005000	       799	80000e04	00034883	lbu	x17,0(x6)	  x6:0x80008e95 x17=0x00000000 PA:0x80008e95
        8015000	       800	80000e08	b3872f13	slti	x30,x14,-1224	 x14:0x00000000 x30=0x00000000
        8025000	       801	80000e0c	40fad533	sra	x10,x21,x15	 x21:0x00000000 x15:0x00000000 x10=0x00000000
        8035000	       802	80000e10	ff634883	lbu	x17,-10(x6)	  x6:0x80008e95 x17=0x00000000 PA:0x80008e8b
        8045000	       803	80000e14	ff032fa3	sw	x16,-1(x6)	  x6:0x80008e95 x16:0x00000000 PA:0x80008e94
        8055000	       804	80000e18	00000013	addi	x0,x0,0	  x0:0x00000000
        8065000	       805	80000e1c	01cdf6b3	and	x13,x27,x28	 x27:0x00000000 x28:0x80009f34 x13=0x00000000
        8075000	       806	80000e20	994ce793	ori	x15,x25,-1644	 x25:0x00000000 x15=0xfffff994
        8085000	       807	80000e24	ff434483	lbu	x9,-12(x6)	  x6:0x80008e95  x9=0x00000000 PA:0x80008e89
        8095000	       808	80000e28	d4bbad93	slti	x27,x23,-693	 x23:0x00000000 x27=0x00000000
        8105000	       809	80000e2c	a3f0b713	sltiu	x14,x1,-1473	  x1:0x00000000 x14=0x00000001
        8115000	       810	80000e30	0178e4b3	or	x9,x17,x23	 x17:0x00000000 x23:0x00000000  x9=0x00000000
        8125000	       811	80000e34	ff234483	lbu	x9,-14(x6)	  x6:0x80008e95  x9=0x00000000 PA:0x80008e87
        8135000	       812	80000e38	dfecb913	sltiu	x18,x25,-514	 x25:0x00000000 x18=0x00000001
        8145000	       813	80000e3c	ffd30203	lb	x4,-3(x6)	  x6:0x80008e95  x4=0x00000000 PA:0x80008e92
        8155000	       814	00000000	00000013	addi	x0,x0,0	  x0:0x00000000
        8165000	       815	80000e40	004313a3	sh	x4,7(x6)	  x6:0x80008e95  x4:0x00000000 PA:0x80008e9c
        8175000	       816	80000e44	0077a933	slt	x18,x15,x7	 x15:0xfffff994  x7:0x00000000 x18=0x00000001
        8185000	       817	80000e48	00f30803	lb	x16,15(x6)	  x6:0x80008e95 x16=0x00000000 PA:0x80008ea4
        8195000	       818	80000e4c	00008397	auipc	x7,0x8	  x7=0x80008e48
        8205000	       819	80000e50	c3938393	addi	x7,x7,-967	  x7:0x80008e48  x7=0x80008a81
        8215000	       820	80000e54	10d38503	lb	x10,269(x7)	  x7:0x80008a81 x10=0x00000000 PA:0x80008b8e
        8225000	       821	00000000	00000013	addi	x0,x0,0	  x0:0x00000000
        8235000	       822	80000e58	40a707b3	sub	x15,x14,x10	 x14:0x00000001 x10:0x00000000 x15=0x00000001
        8245000	       823	80000e5c	10d39483	lh	x9,269(x7)	  x7:0x80008a81  x9=0x00000000 PA:0x80008b8e
        8255000	       824	80000e60	74410b93	addi	x23,x2,1860	  x2:0x00000000 x23=0x00000744
        8265000	       825	80000e64	10d3dc03	lhu	x24,269(x7)	  x7:0x80008a81 x24=0x00000000 PA:0x80008b8e
        8275000	       826	80000e68	e3a38603	lb	x12,-454(x7)	  x7:0x80008a81 x12=0xffffffc3 PA:0x800088bb
        8285000	       827	80000e6c	53f39203	lh	x4,1343(x7)	  x7:0x80008a81  x4=0x00000000 PA:0x80008fc0
        8295000	       828	80000e70	39a3cf03	lbu	x30,922(x7)	  x7:0x80008a81 x30=0x00000000 PA:0x80008e1b
        8305000	       829	80000e74	320381a3	sb	x0,803(x7)	  x7:0x80008a81  x0:0x00000000 PA:0x80008da4
        8315000	       830	80000e78	32338003	lb	x0,803(x7)	  x7:0x80008a81 PA:0x80008da4
        8325000	       831	80000e7c	3413a7a3	sw	x1,847(x7)	  x7:0x80008a81  x1:0x00000000 PA:0x80008dd0
        8335000	       832	80000e80	34f38b83	lb	x23,847(x7)	  x7:0x80008a81 x23=0x00000000 PA:0x80008dd0
        8345000	       833	80000e84	de2f7c13	andi	x24,x30,-542	 x30:0x00000000 x24=0x00000000
        8355000	       834	80000e88	34f39783	lh	x15,847(x7)	  x7:0x80008a81 x15=0x00000000 PA:0x80008dd0
        8365000	       835	80000e8c	417458b3	sra	x17,x8,x23	  x8:0x00000000 x23:0x00000000 x17=0x00000000
        8375000	       836	80000e90	1fbe2a93	slti	x21,x28,507	 x28:0x80009f34 x21=0x00000001
        8385000	       837	80000e94	34f3c783	lbu	x15,847(x7)	  x7:0x80008a81 x15=0x00000000 PA:0x80008dd0
        8395000	       838	80000e98	2e23c303	lbu	x6,738(x7)	  x7:0x80008a81  x6=0x00000000 PA:0x80008d63
        8405000	       839	80000e9c	ed63c583	lbu	x11,-298(x7)	  x7:0x80008a81 x11=0x00000000 PA:0x80008957
        8415000	       840	80000ea0	00f64333	xor	x6,x12,x15	 x12:0xffffffc3 x15:0x00000000  x6=0xffffffc3
        8425000	       841	80000ea4	edd38b23	sb	x29,-298(x7)	  x7:0x80008a81 x29:0xe0d3e436 PA:0x80008957
        8435000	       842	80000ea8	ec138b23	sb	x1,-298(x7)	  x7:0x80008a81  x1:0x00000000 PA:0x80008957
        8445000	       843	80000eac	e38388a3	sb	x24,-463(x7)	  x7:0x80008a81 x24:0x00000000 PA:0x800088b2
        8455000	       844	80000eb0	81a57f93	andi	x31,x10,-2022	 x10:0x00000000 x31=0x00000000
        8465000	       845	80000eb4	414588b3	sub	x17,x11,x20	 x11:0x00000000 x20:0x00000000 x17=0x00000000
        8475000	       846	80000eb8	9ce20013	addi	x0,x4,-1586	  x4:0x00000000
        8485000	       847	80000ebc	6d71a213	slti	x4,x3,1751	  x3:0x00000000  x4=0x00000001
        8495000	       848	80000ec0	0056f6b3	and	x13,x13,x5	 x13:0x00000000  x5:0x80009fc4 x13=0x00000000
        8505000	       849	80000ec4	f07dcf17	auipc	x30,0xf07dc	 x30=0x707dcec0
        8515000	       850	80000ec8	00c1fcb3	and	x25,x3,x12	  x3:0x00000000 x12:0xffffffc3 x25=0x00000000
        8525000	       851	80000ecc	01aa7ab3	and	x21,x20,x26	 x20:0x00000000 x26:0x00000000 x21=0x00000000
        8535000	       852	80000ed0	185fb413	sltiu	x8,x31,389	 x31:0x00000000  x8=0x00000001
        8545000	       853	80000ed4	7e93a793	slti	x15,x7,2025	  x7:0x80008a81 x15=0x00000001
        8555000	       854	80000ed8	00000013	addi	x0,x0,0	  x0:0x00000000
        8565000	       855	80000edc	da47c893	xori	x17,x15,-604	 x15:0x00000001 x17=0xfffffda5
        8575000	       856	80000ee0	02fd9c63	bne	x27,x15,80000f18	 x27:0x00000000 x15:0x00000001
        8585000	       857	00000000	00000013	addi	x0,x0,0	  x0:0x00000000
        8595000	       858	80000f14	00000013	addi	x0,x0,0	  x0:0x00000000
        8605000	       859	80000f18	6742c393	xori	x7,x5,1652	  x5:0x80009fc4  x7=0x800099b0
        8615000	       860	80000f1c	008e8ab3	add	x21,x29,x8	 x29:0xe0d3e436  x8:0x00000001 x21=0xe0d3e437
        8625000	       861	80000f20	00000013	addi	x0,x0,0	  x0:0x00000000
        8635000	       862	80000f24	01109713	slli	x14,x1,0x11	  x1:0x00000000 x14=0x00000000
        8645000	       863	80000f28	408b09b3	sub	x19,x22,x8	 x22:0x00000000  x8:0x00000001 x19=0xffffffff
        8655000	       864	80000f2c	017d1833	sll	x16,x26,x23	 x26:0x00000000 x23:0x00000000 x16=0x00000000
        8665000	       865	80000f30	036c6263	bltu	x24,x22,80000f54	 x24:0x00000000 x22:0x00000000
        8675000	       866	80000f34	57c1b313	sltiu	x6,x3,1404	  x3:0x00000000  x6=0x00000001
        8685000	       867	80000f38	05e58463	beq	x11,x30,80000f80	 x11:0x00000000 x30:0x707dcec0
        8695000	       868	80000f3c	9e307393	andi	x7,x0,-1565	  x0:0x00000000  x7=0x00000000
        8705000	       869	80000f40	006fd613	srli	x12,x31,0x6	 x31:0x00000000 x12=0x00000000
        8715000	       870	80000f44	50b64b37	lui	x22,0x50b64	 x22=0x50b64000
        8725000	       871	80000f48	6d494717	auipc	x14,0x6d494	 x14=0xed494f44
        8735000	       872	80000f4c	01b61693	slli	x13,x12,0x1b	 x12:0x00000000 x13=0x00000000
        8745000	       873	80000f50	e6662417	auipc	x8,0xe6662	  x8=0x66662f4c
        8755000	       874	80000f54	00f9e463	bltu	x19,x15,80000f5c	 x19:0xffffffff x15:0x00000001
        8765000	       875	80000f58	015280b3	add	x1,x5,x21	  x5:0x80009fc4 x21:0xe0d3e437  x1=0x60d483fb
        8775000	       876	80000f5c	9f54c397	auipc	x7,0x9f54c	  x7=0x1f54cf58
        8785000	       877	80000f60	05049863	bne	x9,x16,80000fb0	  x9:0x00000000 x16:0x00000000
        8795000	       878	80000f64	f7f04d93	xori	x27,x0,-129	  x0:0x00000000 x27=0xffffff7f
        8805000	       879	80000f68	001644b3	xor	x9,x12,x1	 x12:0x00000000  x1:0x60d483fb  x9=0x60d483fb
        8815000	       880	80000f6c	05058263	beq	x11,x16,80000fb0	 x11:0x00000000 x16:0x00000000
        8825000	       881	00000000	00000013	addi	x0,x0,0	  x0:0x00000000
        8835000	       882	80000fac	00000013	addi	x0,x0,0	  x0:0x00000000
        8845000	       883	80000fb0	3945ff13	andi	x30,x11,916	 x11:0x00000000 x30=0x00000000
        8855000	       884	80000fb4	419bd113	srai	x2,x23,0x19	 x23:0x00000000  x2=0x00000000
        8865000	       885	80000fb8	00cdf433	and	x8,x27,x12	 x27:0xffffff7f x12:0x00000000  x8=0x00000000
        8875000	       886	80000fbc	05fee663	bltu	x29,x31,80001008	 x29:0xe0d3e436 x31:0x00000000
        8885000	       887	80000fc0	8d0a40b7	lui	x1,0x8d0a4	  x1=0x8d0a4000
        8895000	       888	80000fc4	efaa2c93	slti	x25,x20,-262	 x20:0x00000000 x25=0x00000000
        8905000	       889	80000fc8	01ad64b3	or	x9,x26,x26	 x26:0x00000000 x26:0x00000000  x9=0x00000000
        8915000	       890	80000fcc	dbbe0f13	addi	x30,x28,-581	 x28:0x80009f34 x30=0x80009cef
        8925000	       891	80000fd0	01b6f9b3	and	x19,x13,x27	 x13:0x00000000 x27:0xffffff7f x19=0x00000000
        8935000	       892	80000fd4	eeae5537	lui	x10,0xeeae5	 x10=0xeeae5000
        8945000	       893	80000fd8	00dc1c13	slli	x24,x24,0xd	 x24:0x00000000 x24=0x00000000
        8955000	       894	80000fdc	00844233	xor	x4,x8,x8	  x8:0x00000000  x8:0x00000000  x4=0x00000000
        8965000	       895	80000fe0	05b72093	slti	x1,x14,91	 x14:0xed494f44  x1=0x00000001
        8975000	       896	80000fe4	403b8f33	sub	x30,x23,x3	 x23:0x00000000  x3:0x00000000 x30=0x00000000
        8985000	       897	80000fe8	9c48cb93	xori	x23,x17,-1596	 x17:0xfffffda5 x23=0x00000461
        8995000	       898	80000fec	0155ffb3	and	x31,x11,x21	 x11:0x00000000 x21:0xe0d3e437 x31=0x00000000
        9005000	       899	80000ff0	01609593	slli	x11,x1,0x16	  x1:0x00000001 x11=0x00400000
        9015000	       900	80000ff4	cb517c97	auipc	x25,0xcb517	 x25=0x4b517ff0
        9025000	       901	80000ff8	00c30863	beq	x6,x12,80001008	  x6:0x00000001 x12:0x00000000
        9035000	       902	80000ffc	01b827b3	slt	x15,x16,x27	 x16:0x00000000 x27:0xffffff7f x15=0x00000000
        9045000	       903	80001000	02e58613	addi	x12,x11,46	 x11:0x00400000 x12=0x0040002e
        9055000	       904	80001004	00a35663	bge	x6,x10,80001010	  x6:0x00000001 x10:0xeeae5000
        9065000	       905	00000000	00000013	addi	x0,x0,0	  x0:0x00000000
        9075000	       906	8000100c	00000013	addi	x0,x0,0	  x0:0x00000000
        9085000	       907	80001010	e7e37b13	andi	x22,x6,-386	  x6:0x00000001 x22=0x00000000
        9095000	       908	80001014	01f15b93	srli	x23,x2,0x1f	  x2:0x00000000 x23=0x00000000
        9105000	       909	80001018	410207b3	sub	x15,x4,x16	  x4:0x00000000 x16:0x00000000 x15=0x00000000
        9115000	       910	8000101c	05b5f863	bgeu	x11,x27,8000106c	 x11:0x00400000 x27:0xffffff7f
        9125000	       911	80001020	0221c063	blt	x3,x2,80001040	  x3:0x00000000  x2:0x00000000
        9135000	       912	80001024	00cdb9b3	sltu	x19,x27,x12	 x27:0xffffff7f x12:0x0040002e x19=0x00000000
        9145000	       913	80001028	438884b7	lui	x9,0x43888	  x9=0x43888000
        9155000	       914	8000102c	009ac6b3	xor	x13,x21,x9	 x21:0xe0d3e437  x9:0x43888000 x13=0xa35b6437
        9165000	       915	80001030	00cb78b3	and	x17,x22,x12	 x22:0x00000000 x12:0x0040002e x17=0x00000000
        9175000	       916	80001034	40a15c33	sra	x24,x2,x10	  x2:0x00000000 x10:0xeeae5000 x24=0x00000000
        9185000	       917	80001038	00207a63	bgeu	x0,x2,8000104c	  x0:0x00000000  x2:0x00000000
        9195000	       918	00000000	00000013	addi	x0,x0,0	  x0:0x00000000
        9205000	       919	80001048	00000013	addi	x0,x0,0	  x0:0x00000000
        9215000	       920	8000104c	36b65417	auipc	x8,0x36b65	  x8=0xb6b66048
        9225000	       921	80001050	00e594b3	sll	x9,x11,x14	 x11:0x00400000 x14:0xed494f44  x9=0x04000000
        9235000	       922	80001054	40dfd013	srai	x0,x31,0xd	 x31:0x00000000
        9245000	       923	80001058	015cd863	bge	x25,x21,80001068	 x25:0x4b517ff0 x21:0xe0d3e437
        9255000	       924	00000000	00000013	addi	x0,x0,0	  x0:0x00000000
        9265000	       925	80001064	00000013	addi	x0,x0,0	  x0:0x00000000
        9275000	       926	80001068	0016d213	srli	x4,x13,0x1	 x13:0xa35b6437  x4=0x51adb21b
        9285000	       927	8000106c	55972893	slti	x17,x14,1369	 x14:0xed494f44 x17=0x00000001
        9295000	       928	80001070	013f5c33	srl	x24,x30,x19	 x30:0x00000000 x19:0x00000000 x24=0x00000000
        9305000	       929	80001074	00a009b3	add	x19,x0,x10	  x0:0x00000000 x10:0xeeae5000 x19=0xeeae5000
        9315000	       930	80001078	01cc1b33	sll	x22,x24,x28	 x24:0x00000000 x28:0x80009f34 x22=0x00000000
        9325000	       931	8000107c	013a80b3	add	x1,x21,x19	 x21:0xe0d3e437 x19:0xeeae5000  x1=0xcf823437
        9335000	       932	80001080	013a1c13	slli	x24,x20,0x13	 x20:0x00000000 x24=0x00000000
        9345000	       933	80001084	7f7a6213	ori	x4,x20,2039	 x20:0x00000000  x4=0x000007f7
        9355000	       934	80001088	013693b3	sll	x7,x13,x19	 x13:0xa35b6437 x19:0xeeae5000  x7=0xa35b6437
        9365000	       935	8000108c	0314ee63	bltu	x9,x17,800010c8	  x9:0x04000000 x17:0x00000001
        9375000	       936	80001090	01db1513	slli	x10,x22,0x1d	 x22:0x00000000 x10=0x00000000
        9385000	       937	80001094	01a970b3	and	x1,x18,x26	 x18:0x00000001 x26:0x00000000  x1=0x00000000
        9395000	       938	80001098	02ef8063	beq	x31,x14,800010b8	 x31:0x00000000 x14:0xed494f44
        9405000	       939	8000109c	404c58b3	sra	x17,x24,x4	 x24:0x00000000  x4:0x000007f7 x17=0x00000000
        9415000	       940	800010a0	40125933	sra	x18,x4,x1	  x4:0x000007f7  x1:0x00000000 x18=0x000007f7
        9425000	       941	800010a4	40958833	sub	x16,x11,x9	 x11:0x00400000  x9:0x04000000 x16=0xfc400000
        9435000	       942	800010a8	c0ae6717	auipc	x14,0xc0ae6	 x14=0x40ae70a4
        9445000	       943	800010ac	00000013	addi	x0,x0,0	  x0:0x00000000
        9455000	       944	800010b0	313d7b93	andi	x23,x26,787	 x26:0x00000000 x23=0x00000000
        9465000	       945	800010b4	c4894f93	xori	x31,x18,-952	 x18:0x000007f7 x31=0xfffffbbf
        9475000	       946	800010b8	00c82533	slt	x10,x16,x12	 x16:0xfc400000 x12:0x0040002e x10=0x00000001
        9485000	       947	800010bc	01924c63	blt	x4,x25,800010d4	  x4:0x000007f7 x25:0x4b517ff0
        9495000	       948	00000000	00000013	addi	x0,x0,0	  x0:0x00000000
        9505000	       949	800010d0	00000013	addi	x0,x0,0	  x0:0x00000000
        9515000	       950	800010d4	01843133	sltu	x2,x8,x24	  x8:0xb6b66048 x24:0x00000000  x2=0x00000000
        9525000	       951	800010d8	407e51b3	sra	x3,x28,x7	 x28:0x80009f34  x7:0xa35b6437  x3=0xffffff00
        9535000	       952	800010dc	009b5733	srl	x14,x22,x9	 x22:0x00000000  x9:0x04000000 x14=0x00000000
        9545000	       953	800010e0	016a45b3	xor	x11,x20,x22	 x20:0x00000000 x22:0x00000000 x11=0x00000000
        9555000	       954	800010e4	01ef9893	slli	x17,x31,0x1e	 x31:0xfffffbbf x17=0xc0000000
        9565000	       955	800010e8	418404b3	sub	x9,x8,x24	  x8:0xb6b66048 x24:0x00000000  x9=0xb6b66048
        9575000	       956	800010ec	81932b13	slti	x22,x6,-2023	  x6:0x00000001 x22=0x00000000
        9585000	       957	800010f0	00b2c133	xor	x2,x5,x11	  x5:0x80009fc4 x11:0x00000000  x2=0x80009fc4
        9595000	       958	800010f4	f84c6213	ori	x4,x24,-124	 x24:0x00000000  x4=0xffffff84
        9605000	       959	800010f8	01e464b3	or	x9,x8,x30	  x8:0xb6b66048 x30:0x00000000  x9=0xb6b66048
        9615000	       960	800010fc	00a9bc33	sltu	x24,x19,x10	 x19:0xeeae5000 x10:0x00000001 x24=0x00000000
        9625000	       961	80001100	fd310a13	addi	x20,x2,-45	  x2:0x80009fc4 x20=0x80009f97
        9635000	       962	80001104	eda2f117	auipc	x2,0xeda2f	  x2=0x6da30100
        9645000	       963	80001108	4147d013	srai	x0,x15,0x14	 x15:0x00000000
        9655000	       964	8000110c	003e1833	sll	x16,x28,x3	 x28:0x80009f34  x3:0xffffff00 x16=0x80009f34
        9665000	       965	80001110	02044663	blt	x8,x0,8000113c	  x8:0xb6b66048  x0:0x00000000
        9675000	       966	00000000	00000013	addi	x0,x0,0	  x0:0x00000000
        9685000	       967	80001138	00000013	addi	x0,x0,0	  x0:0x00000000
        9695000	       968	8000113c	013b3f33	sltu	x30,x22,x19	 x22:0x00000000 x19:0xeeae5000 x30=0x00000001
        9705000	       969	80001140	016e5b13	srli	x22,x28,0x16	 x28:0x80009f34 x22=0x00000200
        9715000	       970	80001144	4ded4c13	xori	x24,x26,1246	 x26:0x00000000 x24=0x000004de
        9725000	       971	80001148	df3c0897	auipc	x17,0xdf3c0	 x17=0x5f3c1144
        9735000	       972	8000114c	051b0663	beq	x22,x17,80001198	 x22:0x00000200 x17:0x5f3c1144
        9745000	       973	80001150	00000013	addi	x0,x0,0	  x0:0x00000000
        9755000	       974	80001154	000e7bb3	and	x23,x28,x0	 x28:0x80009f34  x0:0x00000000 x23=0x00000000
        9765000	       975	80001158	007d91b3	sll	x3,x27,x7	 x27:0xffffff7f  x7:0xa35b6437  x3=0xbf800000
        9775000	       976	8000115c	95a73b13	sltiu	x22,x14,-1702	 x14:0x00000000 x22=0x00000001
        9785000	       977	80001160	00ba7833	and	x16,x20,x11	 x20:0x80009f97 x11:0x00000000 x16=0x00000000
        9795000	       978	80001164	4ae16317	auipc	x6,0x4ae16	  x6=0xcae17160
        9805000	       979	80001168	98c3ef93	ori	x31,x7,-1652	  x7:0xa35b6437 x31=0xfffffdbf
        9815000	       980	8000116c	01869863	bne	x13,x24,8000117c	 x13:0xa35b6437 x24:0x000004de
        9825000	       981	00000000	00000013	addi	x0,x0,0	  x0:0x00000000
        9835000	       982	80001178	00000013	addi	x0,x0,0	  x0:0x00000000
        9845000	       983	8000117c	0148f633	and	x12,x17,x20	 x17:0x5f3c1144 x20:0x80009f97 x12=0x00001104
        9855000	       984	80001180	40055193	srai	x3,x10,0x0	 x10:0x00000001  x3=0x00000001
        9865000	       985	80001184	42254b13	xori	x22,x10,1058	 x10:0x00000001 x22=0x00000423
        9875000	       986	80001188	5d908793	addi	x15,x1,1497	  x1:0x00000000 x15=0x000005d9
        9885000	       987	8000118c	f7b93f97	auipc	x31,0xf7b93	 x31=0x77b94188
        9895000	       988	80001190	034cce63	blt	x25,x20,800011cc	 x25:0x4b517ff0 x20:0x80009f97
        9905000	       989	80001194	34e90117	auipc	x2,0x34e90	  x2=0xb4e91190
        9915000	       990	80001198	033f6a63	bltu	x30,x19,800011cc	 x30:0x00000001 x19:0xeeae5000
        9925000	       991	00000000	00000013	addi	x0,x0,0	  x0:0x00000000
        9935000	       992	800011c8	00000013	addi	x0,x0,0	  x0:0x00000000
        9945000	       993	800011cc	01f45533	srl	x10,x8,x31	  x8:0xb6b66048 x31:0x77b94188 x10=0x00b6b660
        9955000	       994	800011d0	007b6933	or	x18,x22,x7	 x22:0x00000423  x7:0xa35b6437 x18=0xa35b6437
        9965000	       995	800011d4	02320263	beq	x4,x3,800011f8	  x4:0xffffff84  x3:0x00000001
        9975000	       996	800011d8	5f4dca13	xori	x20,x27,1524	 x27:0xffffff7f x20=0xfffffa8b
        9985000	       997	800011dc	006fe8b3	or	x17,x31,x6	 x31:0x77b94188  x6:0xcae17160 x17=0xfff971e8
        9995000	       998	800011e0	0267e463	bltu	x15,x6,80001208	 x15:0x000005d9  x6:0xcae17160
       10005000	       999	00000000	00000013	addi	x0,x0,0	  x0:0x00000000
       10015000	      1000	80001204	00000013	addi	x0,x0,0	  x0:0x00000000
       10025000	      1001	80001208	01f74663	blt	x14,x31,80001214	 x14:0x00000000 x31:0x77b94188
       10035000	      1002	00000000	00000013	addi	x0,x0,0	  x0:0x00000000
       10045000	      1003	80001210	00000013	addi	x0,x0,0	  x0:0x00000000
       10055000	      1004	80001214	4bf1e993	ori	x19,x3,1215	  x3:0x00000001 x19=0x000004bf
       10065000	      1005	80001218	44c73a97	auipc	x21,0x44c73	 x21=0xc4c74214
       10075000	      1006	8000121c	006fc5b3	xor	x11,x31,x6	 x31:0x77b94188  x6:0xcae17160 x11=0xbd5830e8
       10085000	      1007	80001220	01598fb3	add	x31,x19,x21	 x19:0x000004bf x21:0xc4c74214 x31=0xc4c746d3
       10095000	      1008	80001224	017781b3	add	x3,x15,x23	 x15:0x000005d9 x23:0x00000000  x3=0x000005d9
       10105000	      1009	80001228	e0f67c13	andi	x24,x12,-497	 x12:0x00001104 x24=0x00001004
       10115000	      1010	8000122c	00f85493	srli	x9,x16,0xf	 x16:0x00000000  x9=0x00000000
       10125000	      1011	80001230	01874533	xor	x10,x14,x24	 x14:0x00000000 x24:0x00001004 x10=0x00001004
       10135000	      1012	80001234	05478863	beq	x15,x20,80001284	 x15:0x000005d9 x20:0xfffffa8b
       10145000	      1013	80001238	3325a693	slti	x13,x11,818	 x11:0xbd5830e8 x13=0x00000001
       10155000	      1014	8000123c	2c463db7	lui	x27,0x2c463	 x27=0x2c463000
       10165000	      1015	80001240	01a6dc93	srli	x25,x13,0x1a	 x13:0x00000001 x25=0x00000000
       10175000	      1016	80001244	fd232193	slti	x3,x6,-46	  x6:0xcae17160  x3=0x00000001
       10185000	      1017	80001248	a0eabdb7	lui	x27,0xa0eab	 x27=0xa0eab000
       10195000	      1018	8000124c	0141ca63	blt	x3,x20,80001260	  x3:0x00000001 x20:0xfffffa8b
       10205000	      1019	80001250	002e39b3	sltu	x19,x28,x2	 x28:0x80009f34  x2:0xb4e91190 x19=0x00000001
       10215000	      1020	80001254	005de133	or	x2,x27,x5	 x27:0xa0eab000  x5:0x80009fc4  x2=0xa0eabfc4
       10225000	      1021	80001258	40558cb3	sub	x25,x11,x5	 x11:0xbd5830e8  x5:0x80009fc4 x25=0x3d579124
       10235000	      1022	8000125c	babe7213	andi	x4,x28,-1109	 x28:0x80009f34  x4=0x80009b20
       10245000	      1023	80001260	039b0063	beq	x22,x25,80001280	 x22:0x00000423 x25:0x3d579124
       10255000	      1024	80001264	001d5c13	srli	x24,x26,0x1	 x26:0x00000000 x24=0x00000000
       10265000	      1025	80001268	b1e24d13	xori	x26,x4,-1250	  x4:0x80009b20 x26=0x7fff603e
       10275000	      1026	8000126c	008a1713	slli	x14,x20,0x8	 x20:0xfffffa8b x14=0xfffa8b00
       10285000	      1027	80001270	0082dd33	srl	x26,x5,x8	  x5:0x80009fc4  x8:0xb6b66048 x26=0x0080009f
       10295000	      1028	80001274	009d27b3	slt	x15,x26,x9	 x26:0x0080009f  x9:0x00000000 x15=0x00000000
       10305000	      1029	80001278	037b1c63	bne	x22,x23,800012b0	 x22:0x00000423 x23:0x00000000
       10315000	      1030	00000000	00000013	addi	x0,x0,0	  x0:0x00000000
       10325000	      1031	800012ac	00000013	addi	x0,x0,0	  x0:0x00000000
       10335000	      1032	800012b0	01d241b3	xor	x3,x4,x29	  x4:0x80009b20 x29:0xe0d3e436  x3=0x60d37f16
       10345000	      1033	800012b4	41e881b3	sub	x3,x17,x30	 x17:0xfff971e8 x30:0x00000001  x3=0xfff971e7
       10355000	      1034	800012b8	01ee4c63	blt	x28,x30,800012d0	 x28:0x80009f34 x30:0x00000001
       10365000	      1035	00000000	00000013	addi	x0,x0,0	  x0:0x00000000
       10375000	      1036	800012cc	00000013	addi	x0,x0,0	  x0:0x00000000
       10385000	      1037	800012d0	7fa3a393	slti	x7,x7,2042	  x7:0xa35b6437  x7=0x00000001
       10395000	      1038	800012d4	01ebf833	and	x16,x23,x30	 x23:0x00000000 x30:0x00000001 x16=0x00000000
       10405000	      1039	800012d8	01d2e033	or	x0,x5,x29	  x5:0x80009fc4 x29:0xe0d3e436
       10415000	      1040	800012dc	01878f33	add	x30,x15,x24	 x15:0x00000000 x24:0x00000000 x30=0x00000000
       10425000	      1041	800012e0	5a3d3d93	sltiu	x27,x26,1443	 x26:0x0080009f x27=0x00000000
       10435000	      1042	800012e4	00f64db3	xor	x27,x12,x15	 x12:0x00001104 x15:0x00000000 x27=0x00001104
       10445000	      1043	800012e8	0231fa63	bgeu	x3,x3,8000131c	  x3:0xfff971e7  x3:0xfff971e7
       10455000	      1044	00000000	00000013	addi	x0,x0,0	  x0:0x00000000
       10465000	      1045	80001318	00000013	addi	x0,x0,0	  x0:0x00000000
       10475000	      1046	8000131c	cbfb7793	andi	x15,x22,-833	 x22:0x00000423 x15=0x00000423
       10485000	      1047	80001320	0327c063	blt	x15,x18,80001340	 x15:0x00000423 x18:0xa35b6437
       10495000	      1048	80001324	49630013	addi	x0,x6,1174	  x6:0xcae17160
       10505000	      1049	80001328	0240e663	bltu	x1,x4,80001354	  x1:0x00000000  x4:0x80009b20
       10515000	      1050	00000000	00000013	addi	x0,x0,0	  x0:0x00000000
       10525000	      1051	80001350	00000013	addi	x0,x0,0	  x0:0x00000000
       10535000	      1052	80001354	004b7633	and	x12,x22,x4	 x22:0x00000423  x4:0x80009b20 x12=0x00000020
       10545000	      1053	80001358	002f6463	bltu	x30,x2,80001360	 x30:0x00000000  x2:0xa0eabfc4
       10555000	      1054	00000000	00000013	addi	x0,x0,0	  x0:0x00000000
       10565000	      1055	8000135c	00000013	addi	x0,x0,0	  x0:0x00000000
       10575000	      1056	80001360	01d91fb3	sll	x31,x18,x29	 x18:0xa35b6437 x29:0xe0d3e436 x31=0x0dc00000
       10585000	      1057	80001364	0173e6b3	or	x13,x7,x23	  x7:0x00000001 x23:0x00000000 x13=0x00000001
       10595000	      1058	80001368	02a9c063	blt	x19,x10,80001388	 x19:0x00000001 x10:0x00001004
       10605000	      1059	00000000	00000013	addi	x0,x0,0	  x0:0x00000000
       10615000	      1060	80001384	00000013	addi	x0,x0,0	  x0:0x00000000
       10625000	      1061	80001388	2947ca13	xori	x20,x15,660	 x15:0x00000423 x20=0x000006b7
       10635000	      1062	8000138c	41355833	sra	x16,x10,x19	 x10:0x00001004 x19:0x00000001 x16=0x00000802
       10645000	      1063	80001390	013bfa33	and	x20,x23,x19	 x23:0x00000000 x19:0x00000001 x20=0x00000000
       10655000	      1064	80001394	40768bb3	sub	x23,x13,x7	 x13:0x00000001  x7:0x00000001 x23=0x00000000
       10665000	      1065	80001398	40f80533	sub	x10,x16,x15	 x16:0x00000802 x15:0x00000423 x10=0x000003df
       10675000	      1066	8000139c	00f5dc33	srl	x24,x11,x15	 x11:0xbd5830e8 x15:0x00000423 x24=0x17ab061d
       10685000	      1067	800013a0	004c0a63	beq	x24,x4,800013b4	 x24:0x17ab061d  x4:0x80009b20
       10695000	      1068	800013a4	28fe0793	addi	x15,x28,655	 x28:0x80009f34 x15=0x8000a1c3
       10705000	      1069	800013a8	019a7133	and	x2,x20,x25	 x20:0x00000000 x25:0x3d579124  x2=0x00000000
       10715000	      1070	800013ac	00fab033	sltu	x0,x21,x15	 x21:0xc4c74214 x15:0x8000a1c3
       10725000	      1071	800013b0	03d7c463	blt	x15,x29,800013d8	 x15:0x8000a1c3 x29:0xe0d3e436
       10735000	      1072	00000000	00000013	addi	x0,x0,0	  x0:0x00000000
       10745000	      1073	800013d4	00000013	addi	x0,x0,0	  x0:0x00000000
       10755000	      1074	800013d8	00000013	addi	x0,x0,0	  x0:0x00000000
       10765000	      1075	800013dc	006b47b3	xor	x15,x22,x6	 x22:0x00000423  x6:0xcae17160 x15=0xcae17543
       10775000	      1076	800013e0	00209a63	bne	x1,x2,800013f4	  x1:0x00000000  x2:0x00000000
       10785000	      1077	800013e4	0452e863	bltu	x5,x5,80001434	  x5:0x80009fc4  x5:0x80009fc4
       10795000	      1078	800013e8	03f57c63	bgeu	x10,x31,80001420	 x10:0x000003df x31:0x0dc00000
       10805000	      1079	800013ec	fefa0993	addi	x19,x20,-17	 x20:0x00000000 x19=0xffffffef
       10815000	      1080	800013f0	01ead613	srli	x12,x21,0x1e	 x21:0xc4c74214 x12=0x00000003
       10825000	      1081	800013f4	00d7d463	bge	x15,x13,800013fc	 x15:0xcae17543 x13:0x00000001
       10835000	      1082	800013f8	001a1033	sll	x0,x20,x1	 x20:0x00000000  x1:0x00000000
       10845000	      1083	800013fc	54534513	xori	x10,x6,1349	  x6:0xcae17160 x10=0xcae17425
       10855000	      1084	80001400	e82e6993	ori	x19,x28,-382	 x28:0x80009f34 x19=0xffffffb6
       10865000	      1085	80001404	01215133	srl	x2,x2,x18	  x2:0x00000000 x18:0xa35b6437  x2=0x00000000
       10875000	      1086	80001408	00ff2c33	slt	x24,x30,x15	 x30:0x00000000 x15:0xcae17543 x24=0x00000000
       10885000	      1087	8000140c	00000013	addi	x0,x0,0	  x0:0x00000000
       10895000	      1088	80001410	00a09863	bne	x1,x10,80001420	  x1:0x00000000 x10:0xcae17425
       10905000	      1089	00000000	00000013	addi	x0,x0,0	  x0:0x00000000
       10915000	      1090	8000141c	00000013	addi	x0,x0,0	  x0:0x00000000
       10925000	      1091	80001420	c9fdf193	andi	x3,x27,-865	 x27:0x00001104  x3=0x00001004
       10935000	      1092	80001424	81dd5817	auipc	x16,0x81dd5	 x16=0x01dd6420
       10945000	      1093	80001428	4044d313	srai	x6,x9,0x4	  x9:0x00000000  x6=0x00000000
       10955000	      1094	8000142c	008b65b3	or	x11,x22,x8	 x22:0x00000423  x8:0xb6b66048 x11=0xb6b6646b
       10965000	      1095	80001430	6249ba13	sltiu	x20,x19,1572	 x19:0xffffffb6 x20=0x00000000
       10975000	      1096	80001434	00a15513	srli	x10,x2,0xa	  x2:0x00000000 x10=0x00000000
       10985000	      1097	80001438	02b16063	bltu	x2,x11,80001458	  x2:0x00000000 x11:0xb6b6646b
       10995000	      1098	00000000	00000013	addi	x0,x0,0	  x0:0x00000000
       11005000	      1099	80001454	00000013	addi	x0,x0,0	  x0:0x00000000
       11015000	      1100	80001458	01a00933	add	x18,x0,x26	  x0:0x00000000 x26:0x0080009f x18=0x0080009f
       11025000	      1101	8000145c	769a2693	slti	x13,x20,1897	 x20:0x00000000 x13=0x00000001
       11035000	      1102	80001460	01bf8d33	add	x26,x31,x27	 x31:0x0dc00000 x27:0x00001104 x26=0x0dc01104
       11045000	      1103	80001464	6419c693	xori	x13,x19,1601	 x19:0xffffffb6 x13=0xfffff9f7
       11055000	      1104	80001468	ee9fcd93	xori	x27,x31,-279	 x31:0x0dc00000 x27=0xf23ffee9
       11065000	      1105	8000146c	03bcd663	bge	x25,x27,80001498	 x25:0x3d579124 x27:0xf23ffee9
       11075000	      1106	00000000	00000013	addi	x0,x0,0	  x0:0x00000000
       11085000	      1107	80001494	00000013	addi	x0,x0,0	  x0:0x00000000
       11095000	      1108	80001498	40a4d1b3	sra	x3,x9,x10	  x9:0x00000000 x10:0x00000000  x3=0x00000000
       11105000	      1109	8000149c	408b0433	sub	x8,x22,x8	 x22:0x00000423  x8:0xb6b66048  x8=0x4949a3db
       11115000	      1110	800014a0	17b76317	auipc	x6,0x17b76	  x6=0x97b7749c
       11125000	      1111	800014a4	02d28a63	beq	x5,x13,800014d8	  x5:0x80009fc4 x13:0xfffff9f7
       11135000	      1112	800014a8	003d6c63	bltu	x26,x3,800014c0	 x26:0x0dc01104  x3:0x00000000
       11145000	      1113	800014ac	0946bf13	sltiu	x30,x13,148	 x13:0xfffff9f7 x30=0x00000000
       11155000	      1114	800014b0	0184c033	xor	x0,x9,x24	  x9:0x00000000 x24:0x00000000
       11165000	      1115	800014b4	92363c93	sltiu	x25,x12,-1757	 x12:0x00000003 x25=0x00000001
       11175000	      1116	800014b8	008d5133	srl	x2,x26,x8	 x26:0x0dc01104  x8:0x4949a3db  x2=0x00000001
       11185000	      1117	800014bc	0057fc63	bgeu	x15,x5,800014d4	 x15:0xcae17543  x5:0x80009fc4
       11195000	      1118	00000000	00000013	addi	x0,x0,0	  x0:0x00000000
       11205000	      1119	800014d0	00000013	addi	x0,x0,0	  x0:0x00000000
       11215000	      1120	800014d4	0a645463	bge	x8,x6,8000157c	  x8:0x4949a3db  x6:0x97b7749c
       11225000	      1121	00000000	00000013	addi	x0,x0,0	  x0:0x00000000
       11235000	      1122	80001578	00000013	addi	x0,x0,0	  x0:0x00000000
       11245000	      1123	8000157c	1d3c65b7	lui	x11,0x1d3c6	 x11=0x1d3c6000
       11255000	      1124	80001580	b4803193	sltiu	x3,x0,-1208	  x0:0x00000000  x3=0x00000001
       11265000	      1125	80001584	01d13933	sltu	x18,x2,x29	  x2:0x00000001 x29:0xe0d3e436 x18=0x00000001
       11275000	      1126	80001588	00733533	sltu	x10,x6,x7	  x6:0x97b7749c  x7:0x00000001 x10=0x00000000
       11285000	      1127	8000158c	00000013	addi	x0,x0,0	  x0:0x00000000
       11295000	      1128	80001590	002b9c33	sll	x24,x23,x2	 x23:0x00000000  x2:0x00000001 x24=0x00000000
       11305000	      1129	80001594	ec561f17	auipc	x30,0xec561	 x30=0x6c562590
       11315000	      1130	80001598	69d9ca13	xori	x20,x19,1693	 x19:0xffffffb6 x20=0xfffff92b
       11325000	      1131	8000159c	98856f93	ori	x31,x10,-1656	 x10:0x00000000 x31=0xfffff988
       11335000	      1132	800015a0	41a3df13	srai	x30,x7,0x1a	  x7:0x00000001 x30=0x00000000
       11345000	      1133	800015a4	046f7263	bgeu	x30,x6,800015e8	 x30:0x00000000  x6:0x97b7749c
       11355000	      1134	800015a8	41186c93	ori	x25,x16,1041	 x16:0x01dd6420 x25=0x01dd6431
       11365000	      1135	800015ac	71333f93	sltiu	x31,x6,1811	  x6:0x97b7749c x31=0x00000000
       11375000	      1136	800015b0	d06dbd13	sltiu	x26,x27,-762	 x27:0xf23ffee9 x26=0x00000001
       11385000	      1137	800015b4	04ad6263	bltu	x26,x10,800015f8	 x26:0x00000001 x10:0x00000000
       11395000	      1138	800015b8	e5c47c17	auipc	x24,0xe5c47	 x24=0x65c485b4
       11405000	      1139	800015bc	92610a93	addi	x21,x2,-1754	  x2:0x00000001 x21=0xfffff927
       11415000	      1140	800015c0	00e6b733	sltu	x14,x13,x14	 x13:0xfffff9f7 x14:0xfffa8b00 x14=0x00000000
       11425000	      1141	800015c4	41f6d5b3	sra	x11,x13,x31	 x13:0xfffff9f7 x31:0x00000000 x11=0xfffff9f7
       11435000	      1142	800015c8	cfd45617	auipc	x12,0xcfd45	 x12=0x4fd465c4
       11445000	      1143	800015cc	1fc2e437	lui	x8,0x1fc2e	  x8=0x1fc2e000
       11455000	      1144	800015d0	00d70533	add	x10,x14,x13	 x14:0x00000000 x13:0xfffff9f7 x10=0xfffff9f7
       11465000	      1145	800015d4	0471f663	bgeu	x3,x7,80001620	  x3:0x00000001  x7:0x00000001
       11475000	      1146	00000000	00000013	addi	x0,x0,0	  x0:0x00000000
       11485000	      1147	8000161c	00000013	addi	x0,x0,0	  x0:0x00000000
       11495000	      1148	80001620	4e47a493	slti	x9,x15,1252	 x15:0xcae17543  x9=0x00000001
       11505000	      1149	80001624	c2dc8c93	addi	x25,x25,-979	 x25:0x01dd6431 x25=0x01dd605e
       11515000	      1150	80001628	00000013	addi	x0,x0,0	  x0:0x00000000
       11525000	      1151	8000162c	02b4c063	blt	x9,x11,8000164c	  x9:0x00000001 x11:0xfffff9f7
       11535000	      1152	80001630	1edbaf37	lui	x30,0x1edba	 x30=0x1edba000
       11545000	      1153	80001634	01005213	srli	x4,x0,0x10	  x0:0x00000000  x4=0x00000000
       11555000	      1154	80001638	01d79133	sll	x2,x15,x29	 x15:0xcae17543 x29:0xe0d3e436  x2=0x50c00000
       11565000	      1155	8000163c	02841a63	bne	x8,x8,80001670	  x8:0x1fc2e000  x8:0x1fc2e000
       11575000	      1156	80001640	40acda13	srai	x20,x25,0xa	 x25:0x01dd605e x20=0x00007758
       11585000	      1157	80001644	00c15433	srl	x8,x2,x12	  x2:0x50c00000 x12:0x4fd465c4  x8=0x050c0000
       11595000	      1158	80001648	00855393	srli	x7,x10,0x8	 x10:0xfffff9f7  x7=0x00fffff9
       11605000	      1159	8000164c	0595d663	bge	x11,x25,80001698	 x11:0xfffff9f7 x25:0x01dd605e
       11615000	      1160	80001650	06ca7c13	andi	x24,x20,108	 x20:0x00007758 x24=0x00000048
       11625000	      1161	80001654	ff174c13	xori	x24,x14,-15	 x14:0x00000000 x24=0xfffffff1
       11635000	      1162	80001658	00000013	addi	x0,x0,0	  x0:0x00000000
       11645000	      1163	8000165c	4071d113	srai	x2,x3,0x7	  x3:0x00000001  x2=0x00000000
       11655000	      1164	80001660	013a6863	bltu	x20,x19,80001670	 x20:0x00007758 x19:0xffffffb6
       11665000	      1165	00000000	00000013	addi	x0,x0,0	  x0:0x00000000
       11675000	      1166	8000166c	00000013	addi	x0,x0,0	  x0:0x00000000
       11685000	      1167	80001670	40398d33	sub	x26,x19,x3	 x19:0xffffffb6  x3:0x00000001 x26=0xffffffb5
       11695000	      1168	80001674	05e58063	beq	x11,x30,800016b4	 x11:0xfffff9f7 x30:0x1edba000
       11705000	      1169	80001678	403f0833	sub	x16,x30,x3	 x30:0x1edba000  x3:0x00000001 x16=0x1edb9fff
       11715000	      1170	8000167c	00770863	beq	x14,x7,8000168c	 x14:0x00000000  x7:0x00fffff9
       11725000	      1171	80001680	40895513	srai	x10,x18,0x8	 x18:0x00000001 x10=0x00000000
       11735000	      1172	80001684	00ce5463	bge	x28,x12,8000168c	 x28:0x80009f34 x12:0x4fd465c4
       11745000	      1173	80001688	4185d733	sra	x14,x11,x24	 x11:0xfffff9f7 x24:0xfffffff1 x14=0xffffffff
       11755000	      1174	8000168c	cb1ecc17	auipc	x24,0xcb1ec	 x24=0x4b1ed688
       11765000	      1175	80001690	003efa63	bgeu	x29,x3,800016a4	 x29:0xe0d3e436  x3:0x00000001
       11775000	      1176	00000000	00000013	addi	x0,x0,0	  x0:0x00000000
       11785000	      1177	800016a0	00000013	addi	x0,x0,0	  x0:0x00000000
       11795000	      1178	800016a4	00fe1d93	slli	x27,x28,0xf	 x28:0x80009f34 x27=0x4f9a0000
       11805000	      1179	800016a8	00bd7663	bgeu	x26,x11,800016b4	 x26:0xffffffb5 x11:0xfffff9f7
       11815000	      1180	00000000	00000013	addi	x0,x0,0	  x0:0x00000000
       11825000	      1181	800016b0	00000013	addi	x0,x0,0	  x0:0x00000000
       11835000	      1182	800016b4	00029893	slli	x17,x5,0x0	  x5:0x80009fc4 x17=0x80009fc4
       11845000	      1183	800016b8	004e2083	lw	x1,4(x28)	 x28:0x80009f34  x1=0x80001740 PA:0x80009f38
       11855000	      1184	800016bc	243ecb13	xori	x22,x29,579	 x29:0xe0d3e436 x22=0xe0d3e675
       11865000	      1185	800016c0	aba26a13	ori	x20,x4,-1350	  x4:0x00000000 x20=0xfffffaba
       11875000	      1186	800016c4	017a88b3	add	x17,x21,x23	 x21:0xfffff927 x23:0x00000000 x17=0xfffff927
       11885000	      1187	800016c8	60b0ad17	auipc	x26,0x60b0a	 x26=0xe0b0b6c4
       11895000	      1188	800016cc	020e0e13	addi	x28,x28,32	 x28:0x80009f34 x28=0x80009f54
       11905000	      1189	800016d0	00000013	addi	x0,x0,0	  x0:0x00000000
       11915000	      1190	800016d4	00c05693	srli	x13,x0,0xc	  x0:0x00000000 x13=0x00000000
       11925000	      1191	800016d8	00000013	addi	x0,x0,0	  x0:0x00000000
       11935000	      1192	800016dc	0466e397	auipc	x7,0x466e	  x7=0x8466f6d8
       11945000	      1193	800016e0	d5c1bf13	sltiu	x30,x3,-676	  x3:0x00000001 x30=0x00000001
       11955000	      1194	800016e4	e504b597	auipc	x11,0xe504b	 x11=0x6504c6e0
       11965000	      1195	800016e8	00108c93	addi	x25,x1,1	  x1:0x80001740 x25=0x80001741
       11975000	      1196	800016ec	000c8ce7	jalr	x25,x25,0	 x25:0x80001741 x25=0x800016ec
       11985000	      1197	00000000	00000013	addi	x0,x0,0	  x0:0x00000000
       11995000	      1198	80001740	00000013	addi	x0,x0,0	  x0:0x00000000
       12005000	      1199	80001744	00007717	auipc	x14,0x7	 x14=0x80008740
       12015000	      1200	80001748	e7470713	addi	x14,x14,-396	 x14:0x80008740 x14=0x800085b4
       12025000	      1201	8000174c	f8570083	lb	x1,-123(x14)	 x14:0x800085b4  x1=0x00000000 PA:0x80008539
       12035000	      1202	80001750	f8574d03	lbu	x26,-123(x14)	 x14:0x800085b4 x26=0x00000000 PA:0x80008539
       12045000	      1203	80001754	f8574303	lbu	x6,-123(x14)	 x14:0x800085b4  x6=0x00000000 PA:0x80008539
       12055000	      1204	80001758	f8570903	lb	x18,-123(x14)	 x14:0x800085b4 x18=0x00000000 PA:0x80008539
       12065000	      1205	8000175c	f93702a3	sb	x19,-123(x14)	 x14:0x800085b4 x19:0xffffffb6 PA:0x80008539
       12075000	      1206	80001760	78708f93	addi	x31,x1,1927	  x1:0x00000000 x31=0x00000787
       12085000	      1207	80001764	f92702a3	sb	x18,-123(x14)	 x14:0x800085b4 x18:0x00000000 PA:0x80008539
       12095000	      1208	80001768	f8570683	lb	x13,-123(x14)	 x14:0x800085b4 x13=0x00000000 PA:0x80008539
       12105000	      1209	8000176c	f8570a03	lb	x20,-123(x14)	 x14:0x800085b4 x20=0x00000000 PA:0x80008539
       12115000	      1210	80001770	f85702a3	sb	x5,-123(x14)	 x14:0x800085b4  x5:0x80009fc4 PA:0x80008539
       12125000	      1211	80001774	f8b702a3	sb	x11,-123(x14)	 x14:0x800085b4 x11:0x6504c6e0 PA:0x80008539
       12135000	      1212	80001778	f8570503	lb	x10,-123(x14)	 x14:0x800085b4 x10=0xffffffe0 PA:0x80008539
       12145000	      1213	8000177c	f8570103	lb	x2,-123(x14)	 x14:0x800085b4  x2=0xffffffe0 PA:0x80008539
       12155000	      1214	00000000	00000013	addi	x0,x0,0	  x0:0x00000000
       12165000	      1215	80001780	f82702a3	sb	x2,-123(x14)	 x14:0x800085b4  x2:0xffffffe0 PA:0x80008539
       12175000	      1216	80001784	35553b13	sltiu	x22,x10,853	 x10:0xffffffe0 x22=0x00000000
       12185000	      1217	80001788	01aa58b3	srl	x17,x20,x26	 x20:0x00000000 x26:0x00000000 x17=0x00000000
       12195000	      1218	8000178c	f8d702a3	sb	x13,-123(x14)	 x14:0x800085b4 x13:0x00000000 PA:0x80008539
       12205000	      1219	80001790	f8974103	lbu	x2,-119(x14)	 x14:0x800085b4  x2=0x00000000 PA:0x8000853d
       12215000	      1220	80001794	0046dd13	srli	x26,x13,0x4	 x13:0x00000000 x26=0x00000000
       12225000	      1221	80001798	f96704a3	sb	x22,-119(x14)	 x14:0x800085b4 x22:0x00000000 PA:0x8000853d
       12235000	      1222	8000179c	00007897	auipc	x17,0x7	 x17=0x80008798
       12245000	      1223	800017a0	c1388893	addi	x17,x17,-1005	 x17:0x80008798 x17=0x800083ab
       12255000	      1224	800017a4	34488b83	lb	x23,836(x17)	 x17:0x800083ab x23=0x00000000 PA:0x800086ef
       12265000	      1225	800017a8	00007f97	auipc	x31,0x7	 x31=0x800087a4
       12275000	      1226	800017ac	d0ef8f93	addi	x31,x31,-754	 x31:0x800087a4 x31=0x800084b2
       12285000	      1227	800017b0	00007317	auipc	x6,0x7	  x6=0x800087ac
       12295000	      1228	800017b4	ffc30313	addi	x6,x6,-4	  x6:0x800087ac  x6=0x800087a8
       12305000	      1229	800017b8	00007c17	auipc	x24,0x7	 x24=0x800087b4
       12315000	      1230	800017bc	c92c0c13	addi	x24,x24,-878	 x24:0x800087b4 x24=0x80008446
       12325000	      1231	800017c0	00007397	auipc	x7,0x7	  x7=0x800087bc
       12335000	      1232	800017c4	faf38393	addi	x7,x7,-81	  x7:0x800087bc  x7=0x8000876b
       12345000	      1233	800017c8	f268ca83	lbu	x21,-218(x17)	 x17:0x800083ab x21=0x00000000 PA:0x800082d1
       12355000	      1234	800017cc	e82fca03	lbu	x20,-382(x31)	 x31:0x800084b2 x20=0x00000000 PA:0x80008334
       12365000	      1235	800017d0	240c05a3	sb	x0,587(x24)	 x24:0x80008446  x0:0x00000000 PA:0x80008691
       12375000	      1236	800017d4	e25392a3	sh	x5,-475(x7)	  x7:0x8000876b  x5:0x80009fc4 PA:0x80008590
       12385000	      1237	800017d8	e29c08a3	sb	x9,-463(x24)	 x24:0x80008446  x9:0x00000001 PA:0x80008277
       12395000	      1238	800017dc	e03fc483	lbu	x9,-509(x31)	 x31:0x800084b2  x9=0x00000000 PA:0x800082b5
       12405000	      1239	800017e0	9623c003	lbu	x0,-1694(x7)	  x7:0x8000876b PA:0x800080cd
       12415000	      1240	800017e4	e0cc1b03	lh	x22,-500(x24)	 x24:0x80008446 x22=0x00000000 PA:0x80008252
       12425000	      1241	800017e8	1a4f8903	lb	x18,420(x31)	 x31:0x800084b2 x18=0x00000000 PA:0x80008656
       12435000	      1242	800017ec	38288a03	lb	x20,898(x17)	 x17:0x800083ab x20=0x00000000 PA:0x8000872d
       12445000	      1243	800017f0	9c73cc83	lbu	x25,-1593(x7)	  x7:0x8000876b x25=0x00000000 PA:0x80008132
       12455000	      1244	800017f4	29f89b83	lh	x23,671(x17)	 x17:0x800083ab x23=0x00000000 PA:0x8000864a
       12465000	      1245	800017f8	d1b39783	lh	x15,-741(x7)	  x7:0x8000876b x15=0x00000000 PA:0x80008486
       12475000	      1246	800017fc	ff831323	sh	x24,-26(x6)	  x6:0x800087a8 x24:0x80008446 PA:0x8000878e
       12485000	      1247	80001800	e0efcb83	lbu	x23,-498(x31)	 x31:0x800084b2 x23=0x00000000 PA:0x800082c0
       12495000	      1248	80001804	03230203	lb	x4,50(x6)	  x6:0x800087a8  x4=0x00000000 PA:0x800087da
       12505000	      1249	80001808	d39f8183	lb	x3,-711(x31)	 x31:0x800084b2  x3=0x00000000 PA:0x800081eb
       12515000	      1250	8000180c	90e3c783	lbu	x15,-1778(x7)	  x7:0x8000876b x15=0x00000000 PA:0x80008079
       12525000	      1251	80001810	02031623	sh	x0,44(x6)	  x6:0x800087a8  x0:0x00000000 PA:0x800087d4
       12535000	      1252	80001814	25888103	lb	x2,600(x17)	 x17:0x800083ab  x2=0x00000000 PA:0x80008603
       12545000	      1253	80001818	d39c0983	lb	x19,-711(x24)	 x24:0x80008446 x19=0x00000000 PA:0x8000817f
       12555000	      1254	8000181c	03a31003	lh	x0,58(x6)	  x6:0x800087a8 PA:0x800087e2
       12565000	      1255	80001820	cbec1823	sh	x30,-848(x24)	 x24:0x80008446 x30:0x00000001 PA:0x800080f6
       12575000	      1256	80001824	aa038f23	sb	x0,-1346(x7)	  x7:0x8000876b  x0:0x00000000 PA:0x80008229
       12585000	      1257	80001828	c76fcd03	lbu	x26,-906(x31)	 x31:0x800084b2 x26=0x00000000 PA:0x80008128
       12595000	      1258	8000182c	fcc300a3	sb	x12,-63(x6)	  x6:0x800087a8 x12:0x4fd465c4 PA:0x80008769
       12605000	      1259	80001830	e308cd83	lbu	x27,-464(x17)	 x17:0x800083ab x27=0x00000000 PA:0x800081db
       12615000	      1260	80001834	d20fd983	lhu	x19,-736(x31)	 x31:0x800084b2 x19=0x00000000 PA:0x800081d2
       12625000	      1261	80001838	00930aa3	sb	x9,21(x6)	  x6:0x800087a8  x9:0x00000000 PA:0x800087bd
       12635000	      1262	8000183c	134c0203	lb	x4,308(x24)	 x24:0x80008446  x4=0x00000000 PA:0x8000857a
       12645000	      1263	80001840	dd638103	lb	x2,-554(x7)	  x7:0x8000876b  x2=0x00000000 PA:0x80008541
       12655000	      1264	80001844	1adfa523	sw	x13,426(x31)	 x31:0x800084b2 x13:0x00000000 PA:0x8000865c
       12665000	      1265	80001848	1e4c1c23	sh	x4,504(x24)	 x24:0x80008446  x4:0x00000000 PA:0x8000863e
       12675000	      1266	8000184c	1e4c0aa3	sb	x4,501(x24)	 x24:0x80008446  x4:0x00000000 PA:0x8000863b
       12685000	      1267	80001850	ee188823	sb	x1,-272(x17)	 x17:0x800083ab  x1:0x00000000 PA:0x8000829b
       12695000	      1268	80001854	00007117	auipc	x2,0x7	  x2=0x80008850
       12705000	      1269	80001858	a0710113	addi	x2,x2,-1529	  x2:0x80008850  x2=0x80008257
       12715000	      1270	8000185c	00810503	lb	x10,8(x2)	  x2:0x80008257 x10=0x00000000 PA:0x8000825f
       12725000	      1271	80001860	00814683	lbu	x13,8(x2)	  x2:0x80008257 x13=0x00000000 PA:0x8000825f
       12735000	      1272	80001864	00810703	lb	x14,8(x2)	  x2:0x80008257 x14=0x00000000 PA:0x8000825f
       12745000	      1273	80001868	01910423	sb	x25,8(x2)	  x2:0x80008257 x25:0x00000000 PA:0x8000825f
       12755000	      1274	8000186c	00814a03	lbu	x20,8(x2)	  x2:0x80008257 x20=0x00000000 PA:0x8000825f
       12765000	      1275	80001870	ffa10d03	lb	x26,-6(x2)	  x2:0x80008257 x26=0x00000000 PA:0x80008251
       12775000	      1276	80001874	40eb0f33	sub	x30,x22,x14	 x22:0x00000000 x14:0x00000000 x30=0x00000000
       12785000	      1277	80001878	ffa14f83	lbu	x31,-6(x2)	  x2:0x80008257 x31=0x00000000 PA:0x80008251
       12795000	      1278	8000187c	ffa10583	lb	x11,-6(x2)	  x2:0x80008257 x11=0x00000000 PA:0x80008251
       12805000	      1279	80001880	004115a3	sh	x4,11(x2)	  x2:0x80008257  x4:0x00000000 PA:0x80008262
       12815000	      1280	80001884	01aa55b3	srl	x11,x20,x26	 x20:0x00000000 x26:0x00000000 x11=0x00000000
       12825000	      1281	80001888	01746cb3	or	x25,x8,x23	  x8:0x050c0000 x23:0x00000000 x25=0x050c0000
       12835000	      1282	8000188c	00b15703	lhu	x14,11(x2)	  x2:0x80008257 x14=0x00000000 PA:0x80008262
       12845000	      1283	80001890	00b11803	lh	x16,11(x2)	  x2:0x80008257 x16=0x00000000 PA:0x80008262
       12855000	      1284	00000000	00000013	addi	x0,x0,0	  x0:0x00000000
       12865000	      1285	80001894	01a81ab3	sll	x21,x16,x26	 x16:0x00000000 x26:0x00000000 x21=0x00000000
       12875000	      1286	80001898	011100a3	sb	x17,1(x2)	  x2:0x80008257 x17:0x800083ab PA:0x80008258
       12885000	      1287	8000189c	5bb42013	slti	x0,x8,1467	  x8:0x050c0000
       12895000	      1288	800018a0	01a100a3	sb	x26,1(x2)	  x2:0x80008257 x26:0x00000000 PA:0x80008258
       12905000	      1289	800018a4	00007117	auipc	x2,0x7	  x2=0x800088a0
       12915000	      1290	800018a8	4db10113	addi	x2,x2,1243	  x2:0x800088a0  x2=0x80008d7b
       12925000	      1291	800018ac	ffd15f03	lhu	x30,-3(x2)	  x2:0x80008d7b x30=0x00000000 PA:0x80008d78
       12935000	      1292	800018b0	7ff6a093	slti	x1,x13,2047	 x13:0x00000000  x1=0x00000001
       12945000	      1293	800018b4	01a81f33	sll	x30,x16,x26	 x16:0x00000000 x26:0x00000000 x30=0x00000000
       12955000	      1294	800018b8	0148a0b3	slt	x1,x17,x20	 x17:0x800083ab x20:0x00000000  x1=0x00000001
       12965000	      1295	800018bc	00a14303	lbu	x6,10(x2)	  x2:0x80008d7b  x6=0x00000000 PA:0x80008d85
       12975000	      1296	800018c0	ab253513	sltiu	x10,x10,-1358	 x10:0x00000000 x10=0x00000001
       12985000	      1297	800018c4	00942913	slti	x18,x8,9	  x8:0x050c0000 x18=0x00000000
       12995000	      1298	800018c8	00c10423	sb	x12,8(x2)	  x2:0x80008d7b x12:0x4fd465c4 PA:0x80008d83
       13005000	      1299	800018cc	01a939b3	sltu	x19,x18,x26	 x18:0x00000000 x26:0x00000000 x19=0x00000000
       13015000	      1300	800018d0	91ccb937	lui	x18,0x91ccb	 x18=0x91ccb000
       13025000	      1301	800018d4	ffb10b23	sb	x27,-10(x2)	  x2:0x80008d7b x27:0x00000000 PA:0x80008d71
       13035000	      1302	800018d8	008122a3	sw	x8,5(x2)	  x2:0x80008d7b  x8:0x050c0000 PA:0x80008d80
       13045000	      1303	800018dc	00514a03	lbu	x20,5(x2)	  x2:0x80008d7b x20=0x00000000 PA:0x80008d80
       13055000	      1304	800018e0	01e5a933	slt	x18,x11,x30	 x11:0x00000000 x30:0x00000000 x18=0x00000000
       13065000	      1305	800018e4	01903bb3	sltu	x23,x0,x25	  x0:0x00000000 x25:0x050c0000 x23=0x00000001
       13075000	      1306	800018e8	0160c033	xor	x0,x1,x22	  x1:0x00000001 x22:0x00000000
       13085000	      1307	800018ec	00c117a3	sh	x12,15(x2)	  x2:0x80008d7b x12:0x4fd465c4 PA:0x80008d8a
       13095000	      1308	800018f0	00000013	addi	x0,x0,0	  x0:0x00000000
       13105000	      1309	800018f4	ffd10c03	lb	x24,-3(x2)	  x2:0x80008d7b x24=0x00000000 PA:0x80008d78
       13115000	      1310	800018f8	01709693	slli	x13,x1,0x17	  x1:0x00000001 x13=0x00800000
       13125000	      1311	800018fc	ffa12aa3	sw	x26,-11(x2)	  x2:0x80008d7b x26:0x00000000 PA:0x80008d70
       13135000	      1312	80001900	ff710583	lb	x11,-9(x2)	  x2:0x80008d7b x11=0x00000000 PA:0x80008d72
       13145000	      1313	80001904	ff111903	lh	x18,-15(x2)	  x2:0x80008d7b x18=0x00000000 PA:0x80008d6c
       13155000	      1314	80001908	00414703	lbu	x14,4(x2)	  x2:0x80008d7b x14=0x00000000 PA:0x80008d7f
       13165000	      1315	8000190c	ff410683	lb	x13,-12(x2)	  x2:0x80008d7b x13=0x00000000 PA:0x80008d6f
       13175000	      1316	80001910	ff912903	lw	x18,-7(x2)	  x2:0x80008d7b x18=0x00000000 PA:0x80008d74
       13185000	      1317	00000000	00000013	addi	x0,x0,0	  x0:0x00000000
       13195000	      1318	80001914	ff214f03	lbu	x30,-14(x2)	  x2:0x80008d7b x30=0x00000000 PA:0x80008d6d
       13205000	      1319	80001918	00810183	lb	x3,8(x2)	  x2:0x80008d7b  x3=0x00000005 PA:0x80008d83
       13215000	      1320	8000191c	00b10d83	lb	x27,11(x2)	  x2:0x80008d7b x27=0x00000000 PA:0x80008d86
       13225000	      1321	80001920	41215933	sra	x18,x2,x18	  x2:0x80008d7b x18:0x00000000 x18=0x80008d7b
       13235000	      1322	80001924	417b8633	sub	x12,x23,x23	 x23:0x00000001 x23:0x00000001 x12=0x00000000
       13245000	      1323	80001928	27558413	addi	x8,x11,629	 x11:0x00000000  x8=0x00000275
       13255000	      1324	8000192c	8c6e0913	addi	x18,x28,-1850	 x28:0x80009f54 x18=0x8000981a
       13265000	      1325	80001930	fff10ca3	sb	x31,-7(x2)	  x2:0x80008d7b x31:0x00000000 PA:0x80008d74
       13275000	      1326	80001934	00000013	addi	x0,x0,0	  x0:0x00000000
       13285000	      1327	80001938	ff714983	lbu	x19,-9(x2)	  x2:0x80008d7b x19=0x00000000 PA:0x80008d72
       13295000	      1328	8000193c	00a1d3b3	srl	x7,x3,x10	  x3:0x00000005 x10:0x00000001  x7=0x00000002
       13305000	      1329	80001940	012e4c33	xor	x24,x28,x18	 x28:0x80009f54 x18:0x8000981a x24=0x0000074e
       13315000	      1330	80001944	40295cb3	sra	x25,x18,x2	 x18:0x8000981a  x2:0x80008d7b x25=0xfffffff0
       13325000	      1331	80001948	fe210f23	sb	x2,-2(x2)	  x2:0x80008d7b  x2:0x80008d7b PA:0x80008d79
       13335000	      1332	8000194c	002110a3	sh	x2,1(x2)	  x2:0x80008d7b  x2:0x80008d7b PA:0x80008d7c
       13345000	      1333	80001950	407f2b13	slti	x22,x30,1031	 x30:0x00000000 x22=0x00000001
       13355000	      1334	80001954	00614683	lbu	x13,6(x2)	  x2:0x80008d7b x13=0x00000000 PA:0x80008d81
       13365000	      1335	80001958	011c9a13	slli	x20,x25,0x11	 x25:0xfffffff0 x20=0xffe00000
       13375000	      1336	8000195c	ffc10923	sb	x28,-14(x2)	  x2:0x80008d7b x28:0x80009f54 PA:0x80008d6d
       13385000	      1337	80001960	00515403	lhu	x8,5(x2)	  x2:0x80008d7b  x8=0x00000000 PA:0x80008d80
       13395000	      1338	80001964	ff912603	lw	x12,-7(x2)	  x2:0x80008d7b x12=0x00000000 PA:0x80008d74
       13405000	      1339	80001968	01d89a33	sll	x20,x17,x29	 x17:0x800083ab x29:0xe0d3e436 x20=0xeac00000
       13415000	      1340	8000196c	00b9fcb3	and	x25,x19,x11	 x19:0x00000000 x11:0x00000000 x25=0x00000000
       13425000	      1341	80001970	01610823	sb	x22,16(x2)	  x2:0x80008d7b x22:0x00000001 PA:0x80008d8b
       13435000	      1342	80001974	00007a17	auipc	x20,0x7	 x20=0x80008970
       13445000	      1343	80001978	b07a0a13	addi	x20,x20,-1273	 x20:0x80008970 x20=0x80008477
       13455000	      1344	8000197c	1aca4603	lbu	x12,428(x20)	 x20:0x80008477 x12=0x00000000 PA:0x80008623
       13465000	      1345	80001980	00007b97	auipc	x23,0x7	 x23=0x8000897c
       13475000	      1346	80001984	d89b8b93	addi	x23,x23,-631	 x23:0x8000897c x23=0x80008705
       13485000	      1347	80001988	069a2a83	lw	x21,105(x20)	 x20:0x80008477 x21=0x00000000 PA:0x800084e0
       13495000	      1348	8000198c	d60a02a3	sb	x0,-667(x20)	 x20:0x80008477  x0:0x00000000 PA:0x800081dc
       13505000	      1349	80001990	010b8703	lb	x14,16(x23)	 x23:0x80008705 x14=0x00000000 PA:0x80008715
       13515000	      1350	80001994	2a6a4f83	lbu	x31,678(x20)	 x20:0x80008477 x31=0x00000000 PA:0x8000871d
       13525000	      1351	80001998	d66a0c03	lb	x24,-666(x20)	 x20:0x80008477 x24=0x00000000 PA:0x800081dd
       13535000	      1352	8000199c	008b8c83	lb	x25,8(x23)	 x23:0x80008705 x25=0x00000000 PA:0x8000870d
       13545000	      1353	800019a0	005bc803	lbu	x16,5(x23)	 x23:0x80008705 x16=0x00000000 PA:0x8000870a
       13555000	      1354	800019a4	152a0c23	sb	x18,344(x20)	 x20:0x80008477 x18:0x8000981a PA:0x800085cf
       13565000	      1355	800019a8	007b9f03	lh	x30,7(x23)	 x23:0x80008705 x30=0x00000000 PA:0x8000870c
       13575000	      1356	800019ac	e76a4083	lbu	x1,-394(x20)	 x20:0x80008477  x1=0x00000000 PA:0x800082ed
       13585000	      1357	800019b0	ffcb8203	lb	x4,-4(x23)	 x23:0x80008705  x4=0x00000000 PA:0x80008701
       13595000	      1358	800019b4	ff9bd403	lhu	x8,-7(x23)	 x23:0x80008705  x8=0x00000000 PA:0x800086fe
       13605000	      1359	800019b8	d14a4f03	lbu	x30,-748(x20)	 x20:0x80008477 x30=0x00000000 PA:0x8000818b
       13615000	      1360	800019bc	005b94a3	sh	x5,9(x23)	 x23:0x80008705  x5:0x80009fc4 PA:0x8000870e
       13625000	      1361	800019c0	ff8b8c83	lb	x25,-8(x23)	 x23:0x80008705 x25=0x00000000 PA:0x800086fd
       13635000	      1362	800019c4	de6a0f03	lb	x30,-538(x20)	 x20:0x80008477 x30=0x00000000 PA:0x8000825d
       13645000	      1363	800019c8	00007997	auipc	x19,0x7	 x19=0x800089c4
       13655000	      1364	800019cc	97798993	addi	x19,x19,-1673	 x19:0x800089c4 x19=0x8000833b
       13665000	      1365	800019d0	69880913	addi	x18,x16,1688	 x16:0x00000000 x18=0x00000698
       13675000	      1366	800019d4	00d177b3	and	x15,x2,x13	  x2:0x80008d7b x13:0x00000000 x15=0x00000000
       13685000	      1367	800019d8	017d28b3	slt	x17,x26,x23	 x26:0x00000000 x23:0x80008705 x17=0x00000000
       13695000	      1368	800019dc	c2e5b693	sltiu	x13,x11,-978	 x11:0x00000000 x13=0x00000001
       13705000	      1369	800019e0	0bf9da03	lhu	x20,191(x19)	 x19:0x8000833b x20=0x00000000 PA:0x800083fa
       13715000	      1370	800019e4	00000013	addi	x0,x0,0	  x0:0x00000000
       13725000	      1371	800019e8	00000013	addi	x0,x0,0	  x0:0x00000000
       13735000	      1372	800019ec	02298823	sb	x2,48(x19)	 x19:0x8000833b  x2:0x80008d7b PA:0x8000836b
       13745000	      1373	800019f0	09399603	lh	x12,147(x19)	 x19:0x8000833b x12=0x00000000 PA:0x800083ce
       13755000	      1374	00000000	00000013	addi	x0,x0,0	  x0:0x00000000
       13765000	      1375	800019f4	65a67a93	andi	x21,x12,1626	 x12:0x00000000 x21=0x00000000
       13775000	      1376	800019f8	08898183	lb	x3,136(x19)	 x19:0x8000833b  x3=0x00000000 PA:0x800083c3
       13785000	      1377	800019fc	01951a13	slli	x20,x10,0x19	 x10:0x00000001 x20=0x02000000
       13795000	      1378	80001a00	f5e98b23	sb	x30,-170(x19)	 x19:0x8000833b x30:0x00000000 PA:0x80008291
       13805000	      1379	80001a04	01da3433	sltu	x8,x20,x29	 x20:0x02000000 x29:0xe0d3e436  x8=0x00000001
       13815000	      1380	80001a08	6b4a7517	auipc	x10,0x6b4a7	 x10=0xeb4a8a04
       13825000	      1381	80001a0c	f5298a83	lb	x21,-174(x19)	 x19:0x8000833b x21=0x00000000 PA:0x8000828d
       13835000	      1382	80001a10	ffb98223	sb	x27,-28(x19)	 x19:0x8000833b x27:0x00000000 PA:0x8000831f
       13845000	      1383	80001a14	09e98903	lb	x18,158(x19)	 x19:0x8000833b x18=0x00000000 PA:0x800083d9
       13855000	      1384	80001a18	f0b98423	sb	x11,-248(x19)	 x19:0x8000833b x11:0x00000000 PA:0x80008243
       13865000	      1385	80001a1c	0139db03	lhu	x22,19(x19)	 x19:0x8000833b x22=0x00009800 PA:0x8000834e
       13875000	      1386	80001a20	00915a93	srli	x21,x2,0x9	  x2:0x80008d7b x21=0x00400046
       13885000	      1387	80001a24	03398e23	sb	x19,60(x19)	 x19:0x8000833b x19:0x8000833b PA:0x80008377
       13895000	      1388	80001a28	03f98223	sb	x31,36(x19)	 x19:0x8000833b x31:0x00000000 PA:0x8000835f
       13905000	      1389	80001a2c	802eff13	andi	x30,x29,-2046	 x29:0xe0d3e436 x30=0xe0d3e002
       13915000	      1390	80001a30	00dca8b3	slt	x17,x25,x13	 x25:0x00000000 x13:0x00000001 x17=0x00000001
       13925000	      1391	80001a34	fa1993a3	sh	x1,-89(x19)	 x19:0x8000833b  x1:0x00000000 PA:0x800082e2
       13935000	      1392	80001a38	dad5b213	sltiu	x4,x11,-595	 x11:0x00000000  x4=0x00000001
       13945000	      1393	80001a3c	01857733	and	x14,x10,x24	 x10:0xeb4a8a04 x24:0x00000000 x14=0x00000000
       13955000	      1394	80001a40	00849d13	slli	x26,x9,0x8	  x9:0x00000000 x26=0x00000000
       13965000	      1395	80001a44	fadd7393	andi	x7,x26,-83	 x26:0x00000000  x7=0x00000000
       13975000	      1396	80001a48	40f48f33	sub	x30,x9,x15	  x9:0x00000000 x15:0x00000000 x30=0x00000000
       13985000	      1397	80001a4c	fda98b23	sb	x26,-42(x19)	 x19:0x8000833b x26:0x00000000 PA:0x80008311
       13995000	      1398	80001a50	e8d98f13	addi	x30,x19,-371	 x19:0x8000833b x30=0x800081c8
       14005000	      1399	80001a54	47ff7d93	andi	x27,x30,1151	 x30:0x800081c8 x27=0x00000048
       14015000	      1400	80001a58	667ce813	ori	x16,x25,1639	 x25:0x00000000 x16=0x00000667
       14025000	      1401	80001a5c	f659a903	lw	x18,-155(x19)	 x19:0x8000833b x18=0x00000000 PA:0x800082a0
       14035000	      1402	80001a60	52ae6b13	ori	x22,x28,1322	 x28:0x80009f54 x22=0x80009f7e
       14045000	      1403	80001a64	09a98583	lb	x11,154(x19)	 x19:0x8000833b x11=0x00000000 PA:0x800083d5
       14055000	      1404	80001a68	0054c433	xor	x8,x9,x5	  x9:0x00000000  x5:0x80009fc4  x8=0x80009fc4
       14065000	      1405	80001a6c	f1c9c703	lbu	x14,-228(x19)	 x19:0x8000833b x14=0x00000000 PA:0x80008257
       14075000	      1406	80001a70	008bdc13	srli	x24,x23,0x8	 x23:0x80008705 x24=0x00800087
       14085000	      1407	80001a74	03498c83	lb	x25,52(x19)	 x19:0x8000833b x25=0x00000000 PA:0x8000836f
       14095000	      1408	80001a78	00000013	addi	x0,x0,0	  x0:0x00000000
       14105000	      1409	80001a7c	02f99603	lh	x12,47(x19)	 x19:0x8000833b x12=0x00007b00 PA:0x8000836a
       14115000	      1410	80001a80	01098123	sb	x16,2(x19)	 x19:0x8000833b x16:0x00000667 PA:0x8000833d
       14125000	      1411	80001a84	fe198da3	sb	x1,-5(x19)	 x19:0x8000833b  x1:0x00000000 PA:0x80008336
       14135000	      1412	80001a88	f6998583	lb	x11,-151(x19)	 x19:0x8000833b x11=0x00000000 PA:0x800082a4
       14145000	      1413	80001a8c	01098a03	lb	x20,16(x19)	 x19:0x8000833b x20=0x00000000 PA:0x8000834b
       14155000	      1414	80001a90	f7d9cc83	lbu	x25,-131(x19)	 x19:0x8000833b x25=0x00000000 PA:0x800082b8
       14165000	      1415	80001a94	f4f9d703	lhu	x14,-177(x19)	 x19:0x8000833b x14=0x00000000 PA:0x8000828a
       14175000	      1416	80001a98	06f986a3	sb	x15,109(x19)	 x19:0x8000833b x15:0x00000000 PA:0x800083a8
       14185000	      1417	80001a9c	00bea233	slt	x4,x29,x11	 x29:0xe0d3e436 x11:0x00000000  x4=0x00000001
       14195000	      1418	80001aa0	984f8613	addi	x12,x31,-1660	 x31:0x00000000 x12=0xfffff984
       14205000	      1419	80001aa4	01c13fb3	sltu	x31,x2,x28	  x2:0x80008d7b x28:0x80009f54 x31=0x00000001
       14215000	      1420	80001aa8	656a7a13	andi	x20,x20,1622	 x20:0x00000000 x20=0x00000000
       14225000	      1421	80001aac	01d99cb3	sll	x25,x19,x29	 x19:0x8000833b x29:0xe0d3e436 x25=0xcec00000
       14235000	      1422	80001ab0	01fc9313	slli	x6,x25,0x1f	 x25:0xcec00000  x6=0x00000000
       14245000	      1423	80001ab4	69fc9137	lui	x2,0x69fc9	  x2=0x69fc9000
       14255000	      1424	80001ab8	00f37f33	and	x30,x6,x15	  x6:0x00000000 x15:0x00000000 x30=0x00000000
       14265000	      1425	80001abc	40b7d4b3	sra	x9,x15,x11	 x15:0x00000000 x11:0x00000000  x9=0x00000000
       14275000	      1426	80001ac0	7dba6413	ori	x8,x20,2011	 x20:0x00000000  x8=0x000007db
       14285000	      1427	80001ac4	00ae9c33	sll	x24,x29,x10	 x29:0xe0d3e436 x10:0xeb4a8a04 x24=0x0d3e4360
       14295000	      1428	80001ac8	0135ed33	or	x26,x11,x19	 x11:0x00000000 x19:0x8000833b x26=0x8000833b
       14305000	      1429	80001acc	018d9733	sll	x14,x27,x24	 x27:0x00000048 x24:0x0d3e4360 x14=0x00000048
       14315000	      1430	80001ad0	41440933	sub	x18,x8,x20	  x8:0x000007db x20:0x00000000 x18=0x000007db
       14325000	      1431	80001ad4	94e9d897	auipc	x17,0x94e9d	 x17=0x14e9ead0
       14335000	      1432	80001ad8	00000013	addi	x0,x0,0	  x0:0x00000000
       14345000	      1433	80001adc	00cb78b3	and	x17,x22,x12	 x22:0x80009f7e x12:0xfffff984 x17=0x80009904
       14355000	      1434	80001ae0	404804b3	sub	x9,x16,x4	 x16:0x00000667  x4:0x00000001  x9=0x00000666
       14365000	      1435	80001ae4	01085a33	srl	x20,x16,x16	 x16:0x00000667 x16:0x00000667 x20=0x0000000c
       14375000	      1436	80001ae8	522e5db7	lui	x27,0x522e5	 x27=0x522e5000
       14385000	      1437	80001aec	00933f33	sltu	x30,x6,x9	  x6:0x00000000  x9:0x00000666 x30=0x00000001
       14395000	      1438	80001af0	01b08633	add	x12,x1,x27	  x1:0x00000000 x27:0x522e5000 x12=0x522e5000
       14405000	      1439	80001af4	0128e9b3	or	x19,x17,x18	 x17:0x80009904 x18:0x000007db x19=0x80009fdf
       14415000	      1440	80001af8	00000013	addi	x0,x0,0	  x0:0x00000000
       14425000	      1441	80001afc	003409b3	add	x19,x8,x3	  x8:0x000007db  x3:0x00000000 x19=0x000007db
       14435000	      1442	80001b00	013e5913	srli	x18,x28,0x13	 x28:0x80009f54 x18=0x00001000
       14445000	      1443	80001b04	019025b3	slt	x11,x0,x25	  x0:0x00000000 x25:0xcec00000 x11=0x00000000
       14455000	      1444	80001b08	71c9a8b7	lui	x17,0x71c9a	 x17=0x71c9a000
       14465000	      1445	80001b0c	00000013	addi	x0,x0,0	  x0:0x00000000
       14475000	      1446	80001b10	01ac1e63	bne	x24,x26,80001b2c	 x24:0x0d3e4360 x26:0x8000833b
       14485000	      1447	00000000	00000013	addi	x0,x0,0	  x0:0x00000000
       14495000	      1448	80001b28	00000013	addi	x0,x0,0	  x0:0x00000000
       14505000	      1449	80001b2c	10fc4c13	xori	x24,x24,271	 x24:0x0d3e4360 x24=0x0d3e426f
       14515000	      1450	80001b30	62f82913	slti	x18,x16,1583	 x16:0x00000667 x18=0x00000000
       14525000	      1451	80001b34	002b0bb3	add	x23,x22,x2	 x22:0x80009f7e  x2:0x69fc9000 x23=0xe9fd2f7e
       14535000	      1452	80001b38	019a6a63	bltu	x20,x25,80001b4c	 x20:0x0000000c x25:0xcec00000
       14545000	      1453	00000000	00000013	addi	x0,x0,0	  x0:0x00000000
       14555000	      1454	80001b48	00000013	addi	x0,x0,0	  x0:0x00000000
       14565000	      1455	80001b4c	00f6a733	slt	x14,x13,x15	 x13:0x00000001 x15:0x00000000 x14=0x00000000
       14575000	      1456	80001b50	8cda3f93	sltiu	x31,x20,-1843	 x20:0x0000000c x31=0x00000001
       14585000	      1457	80001b54	007f1433	sll	x8,x30,x7	 x30:0x00000001  x7:0x00000000  x8=0x00000001
       14595000	      1458	80001b58	d905c813	xori	x16,x11,-624	 x11:0x00000000 x16=0xfffffd90
       14605000	      1459	80001b5c	01a3af33	slt	x30,x7,x26	  x7:0x00000000 x26:0x8000833b x30=0x00000000
       14615000	      1460	80001b60	008624b3	slt	x9,x12,x8	 x12:0x522e5000  x8:0x00000001  x9=0x00000000
       14625000	      1461	80001b64	f6830793	addi	x15,x6,-152	  x6:0x00000000 x15=0xffffff68
       14635000	      1462	80001b68	00000013	addi	x0,x0,0	  x0:0x00000000
       14645000	      1463	80001b6c	41bed613	srai	x12,x29,0x1b	 x29:0xe0d3e436 x12=0xfffffffc
       14655000	      1464	80001b70	04d45263	bge	x8,x13,80001bb4	  x8:0x00000001 x13:0x00000001
       14665000	      1465	00000000	00000013	addi	x0,x0,0	  x0:0x00000000
       14675000	      1466	80001bb0	00000013	addi	x0,x0,0	  x0:0x00000000
       14685000	      1467	80001bb4	01084a63	blt	x16,x16,80001bc8	 x16:0xfffffd90 x16:0xfffffd90
       14695000	      1468	80001bb8	0133fdb3	and	x27,x7,x19	  x7:0x00000000 x19:0x000007db x27=0x00000000
       14705000	      1469	80001bbc	01aa28b3	slt	x17,x20,x26	 x20:0x0000000c x26:0x8000833b x17=0x00000000
       14715000	      1470	80001bc0	0058ff33	and	x30,x17,x5	 x17:0x00000000  x5:0x80009fc4 x30=0x00000000
       14725000	      1471	80001bc4	00a2f863	bgeu	x5,x10,80001bd4	  x5:0x80009fc4 x10:0xeb4a8a04
       14735000	      1472	80001bc8	0045d893	srli	x17,x11,0x4	 x11:0x00000000 x17=0x00000000
       14745000	      1473	80001bcc	01f54133	xor	x2,x10,x31	 x10:0xeb4a8a04 x31:0x00000001  x2=0xeb4a8a05
       14755000	      1474	80001bd0	72abc093	xori	x1,x23,1834	 x23:0xe9fd2f7e  x1=0xe9fd2854
       14765000	      1475	80001bd4	00c3a333	slt	x6,x7,x12	  x7:0x00000000 x12:0xfffffffc  x6=0x00000000
       14775000	      1476	80001bd8	0118edb3	or	x27,x17,x17	 x17:0x00000000 x17:0x00000000 x27=0x00000000
       14785000	      1477	80001bdc	0171f633	and	x12,x3,x23	  x3:0x00000000 x23:0xe9fd2f7e x12=0x00000000
       14795000	      1478	80001be0	41315913	srai	x18,x2,0x13	  x2:0xeb4a8a05 x18=0xfffffd69
       14805000	      1479	80001be4	23a1e913	ori	x18,x3,570	  x3:0x00000000 x18=0x0000023a
       14815000	      1480	80001be8	05fe7463	bgeu	x28,x31,80001c30	 x28:0x80009f54 x31:0x00000001
       14825000	      1481	00000000	00000013	addi	x0,x0,0	  x0:0x00000000
       14835000	      1482	80001c2c	00000013	addi	x0,x0,0	  x0:0x00000000
       14845000	      1483	80001c30	62237a13	andi	x20,x6,1570	  x6:0x00000000 x20=0x00000000
       14855000	      1484	80001c34	00140c63	beq	x8,x1,80001c4c	  x8:0x00000001  x1:0xe9fd2854
       14865000	      1485	80001c38	0029f3b3	and	x7,x19,x2	 x19:0x000007db  x2:0xeb4a8a05  x7=0x00000201
       14875000	      1486	80001c3c	012c5233	srl	x4,x24,x18	 x24:0x0d3e426f x18:0x0000023a  x4=0x00000003
       14885000	      1487	80001c40	02ce6e63	bltu	x28,x12,80001c7c	 x28:0x80009f54 x12:0x00000000
       14895000	      1488	80001c44	41120133	sub	x2,x4,x17	  x4:0x00000003 x17:0x00000000  x2=0x00000003
       14905000	      1489	80001c48	40aad133	sra	x2,x21,x10	 x21:0x00400046 x10:0xeb4a8a04  x2=0x00040004
       14915000	      1490	80001c4c	ab33a493	slti	x9,x7,-1357	  x7:0x00000201  x9=0x00000000
       14925000	      1491	80001c50	00ce4cb3	xor	x25,x28,x12	 x28:0x80009f54 x12:0x00000000 x25=0x80009f54
       14935000	      1492	80001c54	01715c33	srl	x24,x2,x23	  x2:0x00040004 x23:0xe9fd2f7e x24=0x00000000
       14945000	      1493	80001c58	403103b3	sub	x7,x2,x3	  x2:0x00040004  x3:0x00000000  x7=0x00040004
       14955000	      1494	80001c5c	0487d863	bge	x15,x8,80001cac	 x15:0xffffff68  x8:0x00000001
       14965000	      1495	80001c60	40fc8d33	sub	x26,x25,x15	 x25:0x80009f54 x15:0xffffff68 x26=0x80009fec
       14975000	      1496	80001c64	419bd913	srai	x18,x23,0x19	 x23:0xe9fd2f7e x18=0xfffffff4
       14985000	      1497	80001c68	f06f60b7	lui	x1,0xf06f6	  x1=0xf06f6000
       14995000	      1498	80001c6c	039d7e63	bgeu	x26,x25,80001ca8	 x26:0x80009fec x25:0x80009f54
       15005000	      1499	00000000	00000013	addi	x0,x0,0	  x0:0x00000000
       15015000	      1500	80001ca4	00000013	addi	x0,x0,0	  x0:0x00000000
       15025000	      1501	80001ca8	00102433	slt	x8,x0,x1	  x0:0x00000000  x1:0xf06f6000  x8=0x00000000
       15035000	      1502	80001cac	01406bb3	or	x23,x0,x20	  x0:0x00000000 x20:0x00000000 x23=0x00000000
       15045000	      1503	80001cb0	f2f4f093	andi	x1,x9,-209	  x9:0x00000000  x1=0x00000000
       15055000	      1504	80001cb4	2a68a093	slti	x1,x17,678	 x17:0x00000000  x1=0x00000001
       15065000	      1505	80001cb8	01c6a4b3	slt	x9,x13,x28	 x13:0x00000001 x28:0x80009f54  x9=0x00000000
       15075000	      1506	80001cbc	aa7c3913	sltiu	x18,x24,-1369	 x24:0x00000000 x18=0x00000001
       15085000	      1507	80001cc0	68476517	auipc	x10,0x68476	 x10=0xe8477cbc
       15095000	      1508	80001cc4	d7dac613	xori	x12,x21,-643	 x21:0x00400046 x12=0xffbffd3b
       15105000	      1509	80001cc8	0218fe63	bgeu	x17,x1,80001d04	 x17:0x00000000  x1:0x00000001
       15115000	      1510	80001ccc	d2166b13	ori	x22,x12,-735	 x12:0xffbffd3b x22=0xfffffd3b
       15125000	      1511	80001cd0	00501713	slli	x14,x0,0x5	  x0:0x00000000 x14=0x00000000
       15135000	      1512	80001cd4	4072dab3	sra	x21,x5,x7	  x5:0x80009fc4  x7:0x00040004 x21=0xf80009fc
       15145000	      1513	80001cd8	001c8133	add	x2,x25,x1	 x25:0x80009f54  x1:0x00000001  x2=0x80009f55
       15155000	      1514	80001cdc	018565b3	or	x11,x10,x24	 x10:0xe8477cbc x24:0x00000000 x11=0xe8477cbc
       15165000	      1515	80001ce0	05b0c863	blt	x1,x27,80001d30	  x1:0x00000001 x27:0x00000000
       15175000	      1516	80001ce4	01e673b3	and	x7,x12,x30	 x12:0xffbffd3b x30:0x00000000  x7=0x00000000
       15185000	      1517	80001ce8	00de8663	beq	x29,x13,80001cf4	 x29:0xe0d3e436 x13:0x00000001
       15195000	      1518	80001cec	0802e593	ori	x11,x5,128	  x5:0x80009fc4 x11=0x80009fc4
       15205000	      1519	80001cf0	007a6263	bltu	x20,x7,80001cf4	 x20:0x00000000  x7:0x00000000
       15215000	      1520	80001cf4	03d06c63	bltu	x0,x29,80001d2c	  x0:0x00000000 x29:0xe0d3e436
       15225000	      1521	00000000	00000013	addi	x0,x0,0	  x0:0x00000000
       15235000	      1522	80001d28	00000013	addi	x0,x0,0	  x0:0x00000000
       15245000	      1523	80001d2c	007106b3	add	x13,x2,x7	  x2:0x80009f55  x7:0x00000000 x13=0x80009f55
       15255000	      1524	80001d30	01874233	xor	x4,x14,x24	 x14:0x00000000 x24:0x00000000  x4=0x00000000
       15265000	      1525	80001d34	3ceff193	andi	x3,x31,974	 x31:0x00000001  x3=0x00000000
       15275000	      1526	80001d38	2c52e393	ori	x7,x5,709	  x5:0x80009fc4  x7=0x80009fc5
       15285000	      1527	80001d3c	0107d813	srli	x16,x15,0x10	 x15:0xffffff68 x16=0x0000ffff
       15295000	      1528	80001d40	44cf2993	slti	x19,x30,1100	 x30:0x00000000 x19=0x00000001
       15305000	      1529	80001d44	002b70b3	and	x1,x22,x2	 x22:0xfffffd3b  x2:0x80009f55  x1=0x80009d11
       15315000	      1530	80001d48	0d683f93	sltiu	x31,x16,214	 x16:0x0000ffff x31=0x00000000
       15325000	      1531	80001d4c	01b74863	blt	x14,x27,80001d5c	 x14:0x00000000 x27:0x00000000
       15335000	      1532	80001d50	00da1463	bne	x20,x13,80001d58	 x20:0x00000000 x13:0x80009f55
       15345000	      1533	00000000	00000013	addi	x0,x0,0	  x0:0x00000000
       15355000	      1534	80001d54	00000013	addi	x0,x0,0	  x0:0x00000000
       15365000	      1535	80001d58	021b9063	bne	x23,x1,80001d78	 x23:0x00000000  x1:0x80009d11
       15375000	      1536	00000000	00000013	addi	x0,x0,0	  x0:0x00000000
       15385000	      1537	80001d74	00000013	addi	x0,x0,0	  x0:0x00000000
       15395000	      1538	80001d78	011d71b3	and	x3,x26,x17	 x26:0x80009fec x17:0x00000000  x3=0x00000000
       15405000	      1539	80001d7c	01c98b33	add	x22,x19,x28	 x19:0x00000001 x28:0x80009f54 x22=0x80009f55
       15415000	      1540	80001d80	12760013	addi	x0,x12,295	 x12:0xffbffd3b
       15425000	      1541	80001d84	412a0933	sub	x18,x20,x18	 x20:0x00000000 x18:0x00000001 x18=0xffffffff
       15435000	      1542	80001d88	01a42fb3	slt	x31,x8,x26	  x8:0x00000000 x26:0x80009fec x31=0x00000000
       15445000	      1543	80001d8c	00000013	addi	x0,x0,0	  x0:0x00000000
       15455000	      1544	80001d90	d67f8117	auipc	x2,0xd67f8	  x2=0x567f9d8c
       15465000	      1545	80001d94	7dd83913	sltiu	x18,x16,2013	 x16:0x0000ffff x18=0x00000000
       15475000	      1546	80001d98	00000013	addi	x0,x0,0	  x0:0x00000000
       15485000	      1547	80001d9c	01816a63	bltu	x2,x24,80001db0	  x2:0x567f9d8c x24:0x00000000
       15495000	      1548	80001da0	00000013	addi	x0,x0,0	  x0:0x00000000
       15505000	      1549	80001da4	07a21c63	bne	x4,x26,80001e1c	  x4:0x00000000 x26:0x80009fec
       15515000	      1550	00000000	00000013	addi	x0,x0,0	  x0:0x00000000
       15525000	      1551	80001e18	00000013	addi	x0,x0,0	  x0:0x00000000
       15535000	      1552	80001e1c	5a3ea193	slti	x3,x29,1443	 x29:0xe0d3e436  x3=0x00000001
       15545000	      1553	80001e20	49a32713	slti	x14,x6,1178	  x6:0x00000000 x14=0x00000001
       15555000	      1554	80001e24	035b5863	bge	x22,x21,80001e54	 x22:0x80009f55 x21:0xf80009fc
       15565000	      1555	80001e28	2bdbf113	andi	x2,x23,701	 x23:0x00000000  x2=0x00000000
       15575000	      1556	80001e2c	40ddd8b3	sra	x17,x27,x13	 x27:0x00000000 x13:0x80009f55 x17=0x00000000
       15585000	      1557	80001e30	ce858513	addi	x10,x11,-792	 x11:0x80009fc4 x10=0x80009cac
       15595000	      1558	80001e34	014e01b3	add	x3,x28,x20	 x28:0x80009f54 x20:0x00000000  x3=0x80009f54
       15605000	      1559	80001e38	01e1ea33	or	x20,x3,x30	  x3:0x80009f54 x30:0x00000000 x20=0x80009f54
       15615000	      1560	80001e3c	aea24817	auipc	x16,0xaea24	 x16=0x2ea25e38
       15625000	      1561	80001e40	00f187b3	add	x15,x3,x15	  x3:0x80009f54 x15:0xffffff68 x15=0x80009ebc
       15635000	      1562	80001e44	40d201b3	sub	x3,x4,x13	  x4:0x00000000 x13:0x80009f55  x3=0x7fff60ab
       15645000	      1563	80001e48	01c59813	slli	x16,x11,0x1c	 x11:0x80009fc4 x16=0x40000000
       15655000	      1564	80001e4c	1a9cef13	ori	x30,x25,425	 x25:0x80009f54 x30=0x80009ffd
       15665000	      1565	80001e50	018b8fb3	add	x31,x23,x24	 x23:0x00000000 x24:0x00000000 x31=0x00000000
       15675000	      1566	80001e54	412f0133	sub	x2,x30,x18	 x30:0x80009ffd x18:0x00000000  x2=0x80009ffd
       15685000	      1567	80001e58	00000013	addi	x0,x0,0	  x0:0x00000000
       15695000	      1568	80001e5c	000a6333	or	x6,x20,x0	 x20:0x80009f54  x0:0x00000000  x6=0x80009f54
       15705000	      1569	80001e60	00b0a733	slt	x14,x1,x11	  x1:0x80009d11 x11:0x80009fc4 x14=0x00000001
       15715000	      1570	80001e64	4aec3b13	sltiu	x22,x24,1198	 x24:0x00000000 x22=0x00000001
       15725000	      1571	80001e68	40bedab3	sra	x21,x29,x11	 x29:0xe0d3e436 x11:0x80009fc4 x21=0xfe0d3e43
       15735000	      1572	80001e6c	00f3a8b3	slt	x17,x7,x15	  x7:0x80009fc5 x15:0x80009ebc x17=0x00000000
       15745000	      1573	80001e70	00ca5a63	bge	x20,x12,80001e84	 x20:0x80009f54 x12:0xffbffd3b
       15755000	      1574	80001e74	019a2fb3	slt	x31,x20,x25	 x20:0x80009f54 x25:0x80009f54 x31=0x00000000
       15765000	      1575	80001e78	009748b3	xor	x17,x14,x9	 x14:0x00000001  x9:0x00000000 x17=0x00000001
       15775000	      1576	80001e7c	3658ea13	ori	x20,x17,869	 x17:0x00000001 x20=0x00000365
       15785000	      1577	80001e80	23860213	addi	x4,x12,568	 x12:0xffbffd3b  x4=0xffbfff73
       15795000	      1578	80001e84	001097b3	sll	x15,x1,x1	  x1:0x80009d11  x1:0x80009d11 x15=0x3a220000
       15805000	      1579	80001e88	004e2083	lw	x1,4(x28)	 x28:0x80009f54  x1=0x800007d0 PA:0x80009f58
       15815000	      1580	80001e8c	d6c77c93	andi	x25,x14,-660	 x14:0x00000001 x25=0x00000000
       15825000	      1581	80001e90	030e0e13	addi	x28,x28,48	 x28:0x80009f54 x28=0x80009f84
       15835000	      1582	80001e94	a127e413	ori	x8,x15,-1518	 x15:0x3a220000  x8=0xfffffa12
       15845000	      1583	80001e98	00000013	addi	x0,x0,0	  x0:0x00000000
       15855000	      1584	80001e9c	00008313	addi	x6,x1,0	  x1:0x800007d0  x6=0x800007d0
       15865000	      1585	80001ea0	00030367	jalr	x6,x6,0	  x6:0x800007d0  x6=0x80001ea0
       15875000	      1586	00000000	00000013	addi	x0,x0,0	  x0:0x00000000
       15885000	      1587	800007d0	00000013	addi	x0,x0,0	  x0:0x00000000
       15895000	      1588	800007d4	00b3e263	bltu	x7,x11,800007d8	  x7:0x80009fc5 x11:0x80009fc4
       15905000	      1589	800007d8	c211e093	ori	x1,x3,-991	  x3:0x7fff60ab  x1=0xfffffcab
       15915000	      1590	800007dc	022b0663	beq	x22,x2,80000808	 x22:0x00000001  x2:0x80009ffd
       15925000	      1591	800007e0	c55de493	ori	x9,x27,-939	 x27:0x00000000  x9=0xfffffc55
       15935000	      1592	800007e4	013601b3	add	x3,x12,x19	 x12:0xffbffd3b x19:0x00000001  x3=0xffbffd3c
       15945000	      1593	800007e8	00e75393	srli	x7,x14,0xe	 x14:0x00000001  x7=0x00000000
       15955000	      1594	800007ec	c7126213	ori	x4,x4,-911	  x4:0xffbfff73  x4=0xffffff73
       15965000	      1595	800007f0	03514263	blt	x2,x21,80000814	  x2:0x80009ffd x21:0xfe0d3e43
       15975000	      1596	00000000	00000013	addi	x0,x0,0	  x0:0x00000000
       15985000	      1597	80000810	00000013	addi	x0,x0,0	  x0:0x00000000
       15995000	      1598	80000814	05447063	bgeu	x8,x20,80000854	  x8:0xfffffa12 x20:0x00000365
       16005000	      1599	00000000	00000013	addi	x0,x0,0	  x0:0x00000000
       16015000	      1600	80000850	00000013	addi	x0,x0,0	  x0:0x00000000
       16025000	      1601	80000854	011f1713	slli	x14,x30,0x11	 x30:0x80009ffd x14=0x3ffa0000
       16035000	      1602	80000858	41fc5d13	srai	x26,x24,0x1f	 x24:0x00000000 x26=0x00000000
       16045000	      1603	8000085c	004b7cb3	and	x25,x22,x4	 x22:0x00000001  x4:0xffffff73 x25=0x00000001
       16055000	      1604	80000860	be192217	auipc	x4,0xbe192	  x4=0x3e19285c
       16065000	      1605	80000864	00000013	addi	x0,x0,0	  x0:0x00000000
       16075000	      1606	80000868	01c9e733	or	x14,x19,x28	 x19:0x00000001 x28:0x80009f84 x14=0x80009f85
       16085000	      1607	8000086c	41c8dbb3	sra	x23,x17,x28	 x17:0x00000001 x28:0x80009f84 x23=0x00000000
       16095000	      1608	80000870	01fa9b33	sll	x22,x21,x31	 x21:0xfe0d3e43 x31:0x00000000 x22=0xfe0d3e43
       16105000	      1609	80000874	404f0133	sub	x2,x30,x4	 x30:0x80009ffd  x4:0x3e19285c  x2=0x41e777a1
       16115000	      1610	80000878	00aa6e63	bltu	x20,x10,80000894	 x20:0x00000365 x10:0x80009cac
       16125000	      1611	00000000	00000013	addi	x0,x0,0	  x0:0x00000000
       16135000	      1612	80000890	00000013	addi	x0,x0,0	  x0:0x00000000
       16145000	      1613	80000894	006a76b3	and	x13,x20,x6	 x20:0x00000365  x6:0x80001ea0 x13=0x00000220
       16155000	      1614	80000898	00000e97	auipc	x29,0x0	 x29=0x80000894
       16165000	      1615	8000089c	00ce8e93	addi	x29,x29,12	 x29:0x80000894 x29=0x800008a0
       16175000	      1616	800008a0	000e8067	jalr	x0,x29,0	 x29:0x800008a0
       16185000	      1617	00000000	00000013	addi	x0,x0,0	  x0:0x00000000
       16195000	      1618	800008a0	00000013	addi	x0,x0,0	  x0:0x00000000
       16205000	      1619	800008a4	00100193	addi	x3,x0,1	  x0:0x00000000  x3=0x00000001
       16215000	      1620	800008a8	00000073	ecall	
       16225000	      1621	800008ac	00729263	bne	x5,x7,800008b0	  x5:0x80009fc4  x7:0x00000000
