		Time			Cycle	PC		Insn	Decoded instruction	Register and memory contents
          65000	         5	80000004	00000293	addi	x5,x0,0	  x0:0x00000000  x5=0x00000000
          75000	         6	80000008	00000313	addi	x6,x0,0	  x0:0x00000000  x6=0x00000000
          85000	         7	8000000c	00628263	beq	x5,x6,80000010	  x5:0x00000000  x6:0x00000000
          95000	         8	00000000	00000013	addi	x0,x0,0	  x0:0x00000000
         105000	         9	8000000c	00000013	addi	x0,x0,0	  x0:0x00000000
         115000	        10	80000010	00000917	auipc	x18,0x0	 x18=0x8000000c
         125000	        11	80000014	00c90913	addi	x18,x18,12	 x18:0x8000000c x18=0x80000018
         135000	        12	80000018	00090067	jalr	x0,x18,0	 x18:0x80000018
         145000	        13	00000000	00000013	addi	x0,x0,0	  x0:0x00000000
         155000	        14	80000018	00000013	addi	x0,x0,0	  x0:0x00000000
         165000	        15	8000001c	40000137	lui	x2,0x40000	  x2=0x40000000
         175000	        16	80000020	10010113	addi	x2,x2,256	  x2:0x40000000  x2=0x40000100
         185000	        17	80000024	00000013	addi	x0,x0,0	  x0:0x00000000
         195000	        18	80000028	0000a897	auipc	x17,0xa	 x17=0x8000a024
         205000	        19	8000002c	fa088893	addi	x17,x17,-96	 x17:0x8000a024 x17=0x80009fc4
         215000	        20	80000030	00002117	auipc	x2,0x2	  x2=0x8000202c
         225000	        21	80000034	7e410113	addi	x2,x2,2020	  x2:0x8000202c  x2=0x80002810
         235000	        22	80000038	00116113	ori	x2,x2,1	  x2:0x80002810  x2=0x80002811
         245000	        23	8000003c	00000013	addi	x0,x0,0	  x0:0x00000000
         255000	        24	80000040	00000117	auipc	x2,0x0	  x2=0x8000003c
         265000	        25	80000044	02010113	addi	x2,x2,32	  x2:0x8000003c  x2=0x8000005c
         275000	        26	80000048	00000013	addi	x0,x0,0	  x0:0x00000000
         285000	        27	8000004c	00000013	addi	x0,x0,0	  x0:0x00000000
         295000	        28	80000050	00002137	lui	x2,0x2	  x2=0x00002000
         305000	        29	80000054	80010113	addi	x2,x2,-2048	  x2:0x00002000  x2=0x00001800
         315000	        30	80000058	00000013	addi	x0,x0,0	  x0:0x00000000
         325000	        31	8000005c	00000013	addi	x0,x0,0	  x0:0x00000000
         335000	        32	80000060	f8885037	lui	x0,0xf8885	
         345000	        33	80000064	7b900013	addi	x0,x0,1977	  x0:0x00000000
         355000	        34	80000068	00000093	addi	x1,x0,0	  x0:0x00000000  x1=0x00000000
         365000	        35	8000006c	80000137	lui	x2,0x80000	  x2=0x80000000
         375000	        36	80000070	00d00193	addi	x3,x0,13	  x0:0x00000000  x3=0x0000000d
         385000	        37	80000074	00000213	addi	x4,x0,0	  x0:0x00000000  x4=0x00000000
         395000	        38	80000078	00100293	addi	x5,x0,1	  x0:0x00000000  x5=0x00000001
         405000	        39	8000007c	00100313	addi	x6,x0,1	  x0:0x00000000  x6=0x00000001
         415000	        40	80000080	00000393	addi	x7,x0,0	  x0:0x00000000  x7=0x00000000
         425000	        41	80000084	00100413	addi	x8,x0,1	  x0:0x00000000  x8=0x00000001
         435000	        42	80000088	800004b7	lui	x9,0x80000	  x9=0x80000000
         445000	        43	8000008c	00c00513	addi	x10,x0,12	  x0:0x00000000 x10=0x0000000c
         455000	        44	80000090	00d00593	addi	x11,x0,13	  x0:0x00000000 x11=0x0000000d
         465000	        45	80000094	00300613	addi	x12,x0,3	  x0:0x00000000 x12=0x00000003
         475000	        46	80000098	fee6e6b7	lui	x13,0xfee6e	 x13=0xfee6e000
         485000	        47	8000009c	62668693	addi	x13,x13,1574	 x13:0xfee6e000 x13=0xfee6e626
         495000	        48	800000a0	00b00713	addi	x14,x0,11	  x0:0x00000000 x14=0x0000000b
         505000	        49	800000a4	4e7007b7	lui	x15,0x4e700	 x15=0x4e700000
         515000	        50	800000a8	fff78793	addi	x15,x15,-1	 x15:0x4e700000 x15=0x4e6fffff
         525000	        51	800000ac	00f00913	addi	x18,x0,15	  x0:0x00000000 x18=0x0000000f
         535000	        52	800000b0	fc0159b7	lui	x19,0xfc015	 x19=0xfc015000
         545000	        53	800000b4	77298993	addi	x19,x19,1906	 x19:0xfc015000 x19=0xfc015772
         555000	        54	800000b8	9e607a37	lui	x20,0x9e607	 x20=0x9e607000
         565000	        55	800000bc	ef6a0a13	addi	x20,x20,-266	 x20:0x9e607000 x20=0x9e606ef6
         575000	        56	800000c0	00200a93	addi	x21,x0,2	  x0:0x00000000 x21=0x00000002
         585000	        57	800000c4	00000b13	addi	x22,x0,0	  x0:0x00000000 x22=0x00000000
         595000	        58	800000c8	4c615bb7	lui	x23,0x4c615	 x23=0x4c615000
         605000	        59	800000cc	f15b8b93	addi	x23,x23,-235	 x23:0x4c615000 x23=0x4c614f15
         615000	        60	800000d0	f0cbcc37	lui	x24,0xf0cbc	 x24=0xf0cbc000
         625000	        61	800000d4	7ffc0c13	addi	x24,x24,2047	 x24:0xf0cbc000 x24=0xf0cbc7ff
         635000	        62	800000d8	00000c93	addi	x25,x0,0	  x0:0x00000000 x25=0x00000000
         645000	        63	800000dc	00f00d13	addi	x26,x0,15	  x0:0x00000000 x26=0x0000000f
         655000	        64	800000e0	51011db7	lui	x27,0x51011	 x27=0x51011000
         665000	        65	800000e4	4c0d8d93	addi	x27,x27,1216	 x27:0x51011000 x27=0x510114c0
         675000	        66	800000e8	00000e13	addi	x28,x0,0	  x0:0x00000000 x28=0x00000000
         685000	        67	800000ec	00600e93	addi	x29,x0,6	  x0:0x00000000 x29=0x00000006
         695000	        68	800000f0	00000f13	addi	x30,x0,0	  x0:0x00000000 x30=0x00000000
         705000	        69	800000f4	80000fb7	lui	x31,0x80000	 x31=0x80000000
         715000	        70	800000f8	0000a817	auipc	x16,0xa	 x16=0x8000a0f4
         725000	        71	800000fc	e9080813	addi	x16,x16,-368	 x16:0x8000a0f4 x16=0x80009f84
         735000	        72	80000100	00008797	auipc	x15,0x8	 x15=0x800080fc
         745000	        73	80000104	14878793	addi	x15,x15,328	 x15:0x800080fc x15=0x80008244
         755000	        74	80000108	00008197	auipc	x3,0x8	  x3=0x80008104
         765000	        75	8000010c	2c018193	addi	x3,x3,704	  x3:0x80008104  x3=0x800083c4
         775000	        76	80000110	1f01df83	lhu	x31,496(x3)	  x3:0x800083c4 x31=0x00006e6f PA:0x800085b4
         785000	        77	80000114	33a18203	lb	x4,826(x3)	  x3:0x800083c4  x4=0xffffffb5 PA:0x800086fe
         795000	        78	80000118	ff478f83	lb	x31,-12(x15)	 x15:0x80008244 x31=0xfffffff3 PA:0x80008238
         805000	        79	8000011c	fea78ca3	sb	x10,-7(x15)	 x15:0x80008244 x10:0x0000000c PA:0x8000823d
         815000	        80	80000120	fed79823	sh	x13,-16(x15)	 x15:0x80008244 x13:0xfee6e626 PA:0x80008234
         825000	        81	80000124	d46183a3	sb	x6,-697(x3)	  x3:0x800083c4  x6:0x00000001 PA:0x8000810b
         835000	        82	80000128	fff78083	lb	x1,-1(x15)	 x15:0x80008244  x1=0xfffffff8 PA:0x80008243
         845000	        83	8000012c	1231c583	lbu	x11,291(x3)	  x3:0x800083c4 x11=0x0000009c PA:0x800084e7
         855000	        84	80000130	00378603	lb	x12,3(x15)	 x15:0x80008244 x12=0xfffffffc PA:0x80008247
         865000	        85	80000134	ff01db83	lhu	x23,-16(x3)	  x3:0x800083c4 x23=0x00006e6f PA:0x800083b4
         875000	        86	80000138	014786a3	sb	x20,13(x15)	 x15:0x80008244 x20:0x9e606ef6 PA:0x80008251
         885000	        87	8000013c	ffe79483	lh	x9,-2(x15)	 x15:0x80008244  x9=0xfffff8f9 PA:0x80008242
         895000	        88	80000140	00078e83	lb	x29,0(x15)	 x15:0x80008244 x29=0xffffffff PA:0x80008244
         905000	        89	80000144	d5a1c203	lbu	x4,-678(x3)	  x3:0x800083c4  x4=0x000000d5 PA:0x8000811e
         915000	        90	80000148	02118f83	lb	x31,33(x3)	  x3:0x800083c4 x31=0xffffff9e PA:0x800083e5
         925000	        91	8000014c	00008e97	auipc	x29,0x8	 x29=0x80008148
         935000	        92	80000150	4c4e8e93	addi	x29,x29,1220	 x29:0x80008148 x29=0x8000860c
         945000	        93	80000154	35800613	addi	x12,x0,856	  x0:0x00000000 x12=0x00000358
         955000	        94	80000158	412a5b93	srai	x23,x20,0x12	 x20:0x9e606ef6 x23=0xffffe798
         965000	        95	8000015c	413a5fb3	sra	x31,x20,x19	 x20:0x9e606ef6 x19:0xfc015772 x31=0xffffe798
         975000	        96	80000160	003e8a83	lb	x21,3(x29)	 x29:0x8000860c x21=0xffffffc4 PA:0x8000860f
         985000	        97	80000164	ff8e9f83	lh	x31,-8(x29)	 x29:0x8000860c x31=0xffffbebf PA:0x80008604
         995000	        98	80000168	002ecd83	lbu	x27,2(x29)	 x29:0x8000860c x27=0x000000c5 PA:0x8000860e
        1005000	        99	8000016c	ff6ed383	lhu	x7,-10(x29)	 x29:0x8000860c  x7=0x0000b8b9 PA:0x80008602
        1015000	       100	80000170	ff9ec783	lbu	x15,-7(x29)	 x29:0x8000860c x15=0x000000be PA:0x80008605
        1025000	       101	80000174	ff3ece03	lbu	x28,-13(x29)	 x29:0x8000860c x28=0x000000b4 PA:0x800085ff
        1035000	       102	80000178	196e8513	addi	x10,x29,406	 x29:0x8000860c x10=0x800087a2
        1045000	       103	8000017c	0084dcb3	srl	x25,x9,x8	  x9:0xfffff8f9  x8:0x00000001 x25=0x7ffffc7c
        1055000	       104	80000180	000035b3	sltu	x11,x0,x0	  x0:0x00000000  x0:0x00000000 x11=0x00000000
        1065000	       105	80000184	4041df93	srai	x31,x3,0x4	  x3:0x800083c4 x31=0xf800083c
        1075000	       106	80000188	fece8ea3	sb	x12,-3(x29)	 x29:0x8000860c x12:0x00000358 PA:0x80008609
        1085000	       107	8000018c	000edf83	lhu	x31,0(x29)	 x29:0x8000860c x31=0x0000c6c7 PA:0x8000860c
        1095000	       108	80000190	00fec483	lbu	x9,15(x29)	 x29:0x8000860c  x9=0x000000d0 PA:0x8000861b
        1105000	       109	80000194	fe1e8ca3	sb	x1,-7(x29)	 x29:0x8000860c  x1:0xfffffff8 PA:0x80008605
        1115000	       110	80000198	40068f33	sub	x30,x13,x0	 x13:0xfee6e626  x0:0x00000000 x30=0xfee6e626
        1125000	       111	8000019c	005ec603	lbu	x12,5(x29)	 x29:0x8000860c x12=0x000000ca PA:0x80008611
        1135000	       112	800001a0	fc043413	sltiu	x8,x8,-64	  x8:0x00000001  x8=0x00000001
        1145000	       113	800001a4	411e5413	srai	x8,x28,0x11	 x28:0x000000b4  x8=0x00000000
        1155000	       114	800001a8	01ee9423	sh	x30,8(x29)	 x29:0x8000860c x30:0xfee6e626 PA:0x80008614
        1165000	       115	800001ac	00000013	addi	x0,x0,0	  x0:0x00000000
        1175000	       116	800001b0	ff0ea603	lw	x12,-16(x29)	 x29:0x8000860c x12=0xb4b5b6b7 PA:0x800085fc
        1185000	       117	800001b4	0157b633	sltu	x12,x15,x21	 x15:0x000000be x21:0xffffffc4 x12=0x00000001
        1195000	       118	800001b8	006e8583	lb	x11,6(x29)	 x29:0x8000860c x11=0xffffffc9 PA:0x80008612
        1205000	       119	800001bc	ffce8fa3	sb	x28,-1(x29)	 x29:0x8000860c x28:0x000000b4 PA:0x8000860b
        1215000	       120	800001c0	ff8e9983	lh	x19,-8(x29)	 x29:0x8000860c x19=0xfffff8bf PA:0x80008604
        1225000	       121	800001c4	003e8983	lb	x19,3(x29)	 x29:0x8000860c x19=0xffffffc4 PA:0x8000860f
        1235000	       122	800001c8	008ea103	lw	x2,8(x29)	 x29:0x8000860c  x2=0xcccde626 PA:0x80008614
        1245000	       123	800001cc	000ec483	lbu	x9,0(x29)	 x29:0x8000860c  x9=0x000000c7 PA:0x8000860c
        1255000	       124	800001d0	00690db3	add	x27,x18,x6	 x18:0x0000000f  x6:0x00000001 x27=0x00000010
        1265000	       125	800001d4	00fe8723	sb	x15,14(x29)	 x29:0x8000860c x15:0x000000be PA:0x8000861a
        1275000	       126	800001d8	fcea2793	slti	x15,x20,-50	 x20:0x9e606ef6 x15=0x00000001
        1285000	       127	800001dc	23b9c113	xori	x2,x19,571	 x19:0xffffffc4  x2=0xfffffdff
        1295000	       128	800001e0	114b8f13	addi	x30,x23,276	 x23:0xffffe798 x30=0xffffe8ac
        1305000	       129	800001e4	3574b093	sltiu	x1,x9,855	  x9:0x000000c7  x1=0x00000001
        1315000	       130	800001e8	00e98d33	add	x26,x19,x14	 x19:0xffffffc4 x14:0x0000000b x26=0xffffffcf
        1325000	       131	800001ec	003ec203	lbu	x4,3(x29)	 x29:0x8000860c  x4=0x000000c4 PA:0x8000860f
        1335000	       132	800001f0	40fbd113	srai	x2,x23,0xf	 x23:0xffffe798  x2=0xffffffff
        1345000	       133	800001f4	01d53ab3	sltu	x21,x10,x29	 x10:0x800087a2 x29:0x8000860c x21=0x00000000
        1355000	       134	800001f8	ff3ec283	lbu	x5,-13(x29)	 x29:0x8000860c  x5=0x000000b4 PA:0x800085ff
        1365000	       135	800001fc	00ee84a3	sb	x14,9(x29)	 x29:0x8000860c x14:0x0000000b PA:0x80008615
        1375000	       136	80000200	01be9323	sh	x27,6(x29)	 x29:0x8000860c x27:0x00000010 PA:0x80008612
        1385000	       137	80000204	ff1e8183	lb	x3,-15(x29)	 x29:0x8000860c  x3=0xffffffb6 PA:0x800085fd
        1395000	       138	80000208	006e8a03	lb	x20,6(x29)	 x29:0x8000860c x20=0x00000010 PA:0x80008612
        1405000	       139	8000020c	a09c7a17	auipc	x20,0xa09c7	 x20=0x209c7208
        1415000	       140	80000210	012e82a3	sb	x18,5(x29)	 x29:0x8000860c x18:0x0000000f PA:0x80008611
        1425000	       141	80000214	006dbdb3	sltu	x27,x27,x6	 x27:0x00000010  x6:0x00000001 x27=0x00000000
        1435000	       142	80000218	002e8683	lb	x13,2(x29)	 x29:0x8000860c x13=0xffffffc5 PA:0x8000860e
        1445000	       143	8000021c	ff2e9983	lh	x19,-14(x29)	 x29:0x8000860c x19=0xffffb4b5 PA:0x800085fe
        1455000	       144	80000220	ffee8a83	lb	x21,-2(x29)	 x29:0x8000860c x21=0xffffffc1 PA:0x8000860a
        1465000	       145	80000224	00008617	auipc	x12,0x8	 x12=0x80008220
        1475000	       146	80000228	3c960613	addi	x12,x12,969	 x12:0x80008220 x12=0x800085e9
        1485000	       147	8000022c	00664e83	lbu	x29,6(x12)	 x12:0x800085e9 x29=0x000000a4 PA:0x800085ef
        1495000	       148	80000230	00008517	auipc	x10,0x8	 x10=0x8000822c
        1505000	       149	80000234	3dc50513	addi	x10,x10,988	 x10:0x8000822c x10=0x80008608
        1515000	       150	80000238	00008b97	auipc	x23,0x8	 x23=0x80008234
        1525000	       151	8000023c	5b9b8b93	addi	x23,x23,1465	 x23:0x80008234 x23=0x800087ed
        1535000	       152	80000240	fe560da3	sb	x5,-5(x12)	 x12:0x800085e9  x5:0x000000b4 PA:0x800085e4
        1545000	       153	80000244	ffa51d03	lh	x26,-6(x10)	 x10:0x80008608 x26=0xffffb8b9 PA:0x80008602
        1555000	       154	80000248	006b8183	lb	x3,6(x23)	 x23:0x800087ed  x3=0xffffffa8 PA:0x800087f3
        1565000	       155	8000024c	00f50b03	lb	x22,15(x10)	 x10:0x80008608 x22=0xffffffcc PA:0x80008617
        1575000	       156	80000250	ff9b9783	lh	x15,-7(x23)	 x23:0x800087ed x15=0xffff9c9d PA:0x800087e6
        1585000	       157	80000254	00354203	lbu	x4,3(x10)	 x10:0x80008608  x4=0x000000b4 PA:0x8000860b
        1595000	       158	80000258	ff361f03	lh	x30,-13(x12)	 x12:0x800085e9 x30=0xffff9697 PA:0x800085dc
        1605000	       159	8000025c	00b60223	sb	x11,4(x12)	 x12:0x800085e9 x11:0xffffffc9 PA:0x800085ed
        1615000	       160	80000260	fe552e23	sw	x5,-4(x10)	 x10:0x80008608  x5:0x000000b4 PA:0x80008604
        1625000	       161	80000264	005b9683	lh	x13,5(x23)	 x23:0x800087ed x13=0xffffa8a9 PA:0x800087f2
        1635000	       162	80000268	ff750d03	lb	x26,-9(x10)	 x10:0x80008608 x26=0xffffffb4 PA:0x800085ff
        1645000	       163	8000026c	003b90a3	sh	x3,1(x23)	 x23:0x800087ed  x3:0xffffffa8 PA:0x800087ee
        1655000	       164	80000270	01152223	sw	x17,4(x10)	 x10:0x80008608 x17:0x80009fc4 PA:0x8000860c
        1665000	       165	80000274	fe960ca3	sb	x9,-7(x12)	 x12:0x800085e9  x9:0x000000c7 PA:0x800085e2
        1675000	       166	80000278	00565e03	lhu	x28,5(x12)	 x12:0x800085e9 x28=0x0000a4a5 PA:0x800085ee
        1685000	       167	8000027c	007bce83	lbu	x29,7(x23)	 x23:0x800087ed x29=0x000000af PA:0x800087f4
        1695000	       168	80000280	00154f03	lbu	x30,1(x10)	 x10:0x80008608 x30=0x00000058 PA:0x80008609
        1705000	       169	80000284	ff3b8c23	sb	x19,-8(x23)	 x23:0x800087ed x19:0xffffb4b5 PA:0x800087e5
        1715000	       170	80000288	ff655a03	lhu	x20,-10(x10)	 x10:0x80008608 x20=0x0000b4b5 PA:0x800085fe
        1725000	       171	8000028c	009b96a3	sh	x9,13(x23)	 x23:0x800087ed  x9:0x000000c7 PA:0x800087fa
        1735000	       172	80000290	ff851483	lh	x9,-8(x10)	 x10:0x80008608  x9=0xffffbabb PA:0x80008600
        1745000	       173	80000294	ff164c83	lbu	x25,-15(x12)	 x12:0x800085e9 x25=0x00000091 PA:0x800085da
        1755000	       174	80000298	00c54103	lbu	x2,12(x10)	 x10:0x80008608  x2=0x00000026 PA:0x80008614
        1765000	       175	8000029c	00f65083	lhu	x1,15(x12)	 x12:0x800085e9  x1=0x0000b2b3 PA:0x800085f8
        1775000	       176	800002a0	003b8e03	lb	x28,3(x23)	 x23:0x800087ed x28=0xffffffab PA:0x800087f0
        1785000	       177	800002a4	00009117	auipc	x2,0x9	  x2=0x800092a0
        1795000	       178	800002a8	cd410113	addi	x2,x2,-812	  x2:0x800092a0  x2=0x80008f74
        1805000	       179	800002ac	ffb10f03	lb	x30,-5(x2)	  x2:0x80008f74 x30=0x00000054 PA:0x80008f6f
        1815000	       180	800002b0	02410ea3	sb	x4,61(x2)	  x2:0x80008f74  x4:0x000000b4 PA:0x80008fb1
        1825000	       181	800002b4	20100b17	auipc	x22,0x20100	 x22=0xa01002b0
        1835000	       182	800002b8	44157c93	andi	x25,x10,1089	 x10:0x80008608 x25=0x00000400
        1845000	       183	800002bc	fc610ca3	sb	x6,-39(x2)	  x2:0x80008f74  x6:0x00000001 PA:0x80008f4d
        1855000	       184	800002c0	49f5a793	slti	x15,x11,1183	 x11:0xffffffc9 x15=0x00000001
        1865000	       185	800002c4	ff014683	lbu	x13,-16(x2)	  x2:0x80008f74 x13=0x0000004f PA:0x80008f64
        1875000	       186	800002c8	c95a6d93	ori	x27,x20,-875	 x20:0x0000b4b5 x27=0xfffffcb5
        1885000	       187	800002cc	ff810ca3	sb	x24,-7(x2)	  x2:0x80008f74 x24:0xf0cbc7ff PA:0x80008f6d
        1895000	       188	800002d0	a358bf13	sltiu	x30,x17,-1483	 x17:0x80009fc4 x30=0x00000001
        1905000	       189	800002d4	009133b3	sltu	x7,x2,x9	  x2:0x80008f74  x9:0xffffbabb  x7=0x00000001
        1915000	       190	800002d8	fca14283	lbu	x5,-54(x2)	  x2:0x80008f74  x5=0x00000025 PA:0x80008f3e
        1925000	       191	800002dc	01012e03	lw	x28,16(x2)	  x2:0x80008f74 x28=0x6c6d6e6f PA:0x80008f84
        1935000	       192	800002e0	fef10683	lb	x13,-17(x2)	  x2:0x80008f74 x13=0x00000048 PA:0x80008f63
        1945000	       193	800002e4	410b5db3	sra	x27,x22,x16	 x22:0xa01002b0 x16:0x80009f84 x27=0xfa01002b
        1955000	       194	800002e8	00dcdf93	srli	x31,x25,0xd	 x25:0x00000400 x31=0x00000000
        1965000	       195	800002ec	01614b83	lbu	x23,22(x2)	  x2:0x80008f74 x23=0x00000071 PA:0x80008f8a
        1975000	       196	800002f0	41330eb3	sub	x29,x6,x19	  x6:0x00000001 x19:0xffffb4b5 x29=0x00004b4c
        1985000	       197	800002f4	141aeeb7	lui	x29,0x141ae	 x29=0x141ae000
        1995000	       198	800002f8	00a93f33	sltu	x30,x18,x10	 x18:0x0000000f x10:0x80008608 x30=0x00000001
        2005000	       199	800002fc	fca10ba3	sb	x10,-41(x2)	  x2:0x80008f74 x10:0x80008608 PA:0x80008f4b
        2015000	       200	80000300	1964ba13	sltiu	x20,x9,406	  x9:0xffffbabb x20=0x00000000
        2025000	       201	80000304	01bd31b3	sltu	x3,x26,x27	 x26:0xffffffb4 x27:0xfa01002b  x3=0x00000000
        2035000	       202	80000308	97567393	andi	x7,x12,-1675	 x12:0x800085e9  x7=0x80008161
        2045000	       203	8000030c	00d20f33	add	x30,x4,x13	  x4:0x000000b4 x13:0x00000048 x30=0x000000fc
        2055000	       204	80000310	4176d493	srai	x9,x13,0x17	 x13:0x00000048  x9=0x00000000
        2065000	       205	80000314	917b8d17	auipc	x26,0x917b8	 x26=0x117b8310
        2075000	       206	80000318	88727793	andi	x15,x4,-1913	  x4:0x000000b4 x15=0x00000084
        2085000	       207	8000031c	00395f13	srli	x30,x18,0x3	 x18:0x0000000f x30=0x00000001
        2095000	       208	80000320	009ad3b3	srl	x7,x21,x9	 x21:0xffffffc1  x9:0x00000000  x7=0xffffffc1
        2105000	       209	80000324	00811b83	lh	x23,8(x2)	  x2:0x80008f74 x23=0x00006667 PA:0x80008f7c
        2115000	       210	80000328	02f14283	lbu	x5,47(x2)	  x2:0x80008f74  x5=0x00000088 PA:0x80008fa3
        2125000	       211	8000032c	fd114b03	lbu	x22,-47(x2)	  x2:0x80008f74 x22=0x0000002e PA:0x80008f45
        2135000	       212	80000330	40980b33	sub	x22,x16,x9	 x16:0x80009f84  x9:0x00000000 x22=0x80009f84
        2145000	       213	80000334	03b10823	sb	x27,48(x2)	  x2:0x80008f74 x27:0xfa01002b PA:0x80008fa4
        2155000	       214	80000338	468cdd97	auipc	x27,0x468cd	 x27=0xc68cd334
        2165000	       215	8000033c	6bf53693	sltiu	x13,x10,1727	 x10:0x80008608 x13=0x00000000
        2175000	       216	80000340	c01a3313	sltiu	x6,x20,-1023	 x20:0x00000000  x6=0x00000001
        2185000	       217	80000344	fcf14683	lbu	x13,-49(x2)	  x2:0x80008f74 x13=0x00000028 PA:0x80008f43
        2195000	       218	80000348	0175b7b3	sltu	x15,x11,x23	 x11:0xffffffc9 x23:0x00006667 x15=0x00000000
        2205000	       219	8000034c	3b0fcb93	xori	x23,x31,944	 x31:0x00000000 x23=0x000003b0
        2215000	       220	80000350	010a7f33	and	x30,x20,x16	 x20:0x00000000 x16:0x80009f84 x30=0x00000000
        2225000	       221	80000354	412c8e33	sub	x28,x25,x18	 x25:0x00000400 x18:0x0000000f x28=0x000003f1
        2235000	       222	80000358	01add4b3	srl	x9,x27,x26	 x27:0xc68cd334 x26:0x117b8310  x9=0x0000c68c
        2245000	       223	8000035c	013adf93	srli	x31,x21,0x13	 x21:0xffffffc1 x31=0x00001fff
        2255000	       224	80000360	fce10203	lb	x4,-50(x2)	  x2:0x80008f74  x4=0x00000029 PA:0x80008f42
        2265000	       225	80000364	01a14603	lbu	x12,26(x2)	  x2:0x80008f74 x12=0x00000075 PA:0x80008f8e
        2275000	       226	80000368	01110b83	lb	x23,17(x2)	  x2:0x80008f74 x23=0x0000006e PA:0x80008f85
        2285000	       227	8000036c	00008d17	auipc	x26,0x8	 x26=0x80008368
        2295000	       228	80000370	e9dd0d13	addi	x26,x26,-355	 x26:0x80008368 x26=0x80008205
        2305000	       229	80000374	fc4d10a3	sh	x4,-63(x26)	 x26:0x80008205  x4:0x00000029 PA:0x800081c6
        2315000	       230	80000378	00008717	auipc	x14,0x8	 x14=0x80008374
        2325000	       231	8000037c	e6270713	addi	x14,x14,-414	 x14:0x80008374 x14=0x800081d6
        2335000	       232	80000380	025d08a3	sb	x5,49(x26)	 x26:0x80008205  x5:0x00000088 PA:0x80008236
        2345000	       233	80000384	00008517	auipc	x10,0x8	 x10=0x80008380
        2355000	       234	80000388	e4150513	addi	x10,x10,-447	 x10:0x80008380 x10=0x800081c1
        2365000	       235	8000038c	02270403	lb	x8,34(x14)	 x14:0x800081d6  x8=0xffffffb3 PA:0x800081f8
        2375000	       236	00000000	00000013	addi	x0,x0,0	  x0:0x00000000
        2385000	       237	80000390	f4871083	lh	x1,-184(x14)	 x14:0x800081d6  x1=0xffffd4d5 PA:0x8000811e
        2395000	       238	80000394	03cd0f83	lb	x31,60(x26)	 x26:0x80008205 x31=0xfffffffa PA:0x80008241
        2405000	       239	80000398	08f74783	lbu	x15,143(x14)	 x14:0x800081d6 x15=0x0000001e PA:0x80008265
        2415000	       240	8000039c	fd3d4383	lbu	x7,-45(x26)	 x26:0x80008205  x7=0x00000093 PA:0x800081d8
        2425000	       241	800003a0	01050403	lb	x8,16(x10)	 x10:0x800081c1  x8=0xffffff8a PA:0x800081d1
        2435000	       242	800003a4	03475183	lhu	x3,52(x14)	 x14:0x800081d6  x3=0x0000c0c1 PA:0x8000820a
        2445000	       243	800003a8	00008b17	auipc	x22,0x8	 x22=0x800083a4
        2455000	       244	800003ac	350b0b13	addi	x22,x22,848	 x22:0x800083a4 x22=0x800086f4
        2465000	       245	800003b0	fd9d5983	lhu	x19,-39(x26)	 x26:0x80008205 x19=0x00009495 PA:0x800081de
        2475000	       246	800003b4	ff1b0783	lb	x15,-15(x22)	 x22:0x800086f4 x15=0xffffff9e PA:0x800086e5
        2485000	       247	800003b8	f1870aa3	sb	x24,-235(x14)	 x14:0x800081d6 x24:0xf0cbc7ff PA:0x800080eb
        2495000	       248	800003bc	f0a72a83	lw	x21,-246(x14)	 x14:0x800081d6 x21=0x98999a9b PA:0x800080e0
        2505000	       249	800003c0	011b1823	sh	x17,16(x22)	 x22:0x800086f4 x17:0x80009fc4 PA:0x80008704
        2515000	       250	800003c4	fff51383	lh	x7,-1(x10)	 x10:0x800081c1  x7=0x00007a7b PA:0x800081c0
        2525000	       251	800003c8	00dd0183	lb	x3,13(x26)	 x26:0x80008205  x3=0xffffffc9 PA:0x80008212
        2535000	       252	800003cc	00650783	lb	x15,6(x10)	 x10:0x800081c1 x15=0x00000000 PA:0x800081c7
        2545000	       253	800003d0	f0174683	lbu	x13,-255(x14)	 x14:0x800081d6 x13=0x0000008c PA:0x800080d7
        2555000	       254	800003d4	fe5d05a3	sb	x5,-21(x26)	 x26:0x80008205  x5:0x00000088 PA:0x800081f0
        2565000	       255	800003d8	f5970683	lb	x13,-167(x14)	 x14:0x800081d6 x13=0xffffffe4 PA:0x8000812f
        2575000	       256	800003dc	fcbd0823	sb	x11,-48(x26)	 x26:0x80008205 x11:0xffffffc9 PA:0x800081d5
        2585000	       257	800003e0	fe850b23	sb	x8,-10(x10)	 x10:0x800081c1  x8:0xffffff8a PA:0x800081b7
        2595000	       258	800003e4	f0770ca3	sb	x7,-231(x14)	 x14:0x800081d6  x7:0x00007a7b PA:0x800080ef
        2605000	       259	800003e8	ffcb1683	lh	x13,-4(x22)	 x22:0x800086f4 x13=0xffffaaab PA:0x800086f0
        2615000	       260	800003ec	00bb01a3	sb	x11,3(x22)	 x22:0x800086f4 x11:0xffffffc9 PA:0x800086f7
        2625000	       261	800003f0	ff750983	lb	x19,-9(x10)	 x10:0x800081c1 x19=0x00000073 PA:0x800081b8
        2635000	       262	800003f4	f3a75403	lhu	x8,-198(x14)	 x14:0x800081d6  x8=0x0000cacb PA:0x80008110
        2645000	       263	800003f8	00eb5383	lhu	x7,14(x22)	 x22:0x800086f4  x7=0x0000b8b9 PA:0x80008702
        2655000	       264	800003fc	fe2b1b23	sh	x2,-10(x22)	 x22:0x800086f4  x2:0x80008f74 PA:0x800086ea
        2665000	       265	80000400	012d4e83	lbu	x29,18(x26)	 x26:0x80008205 x29=0x000000cc PA:0x80008217
        2675000	       266	80000404	fe7b0fa3	sb	x7,-1(x22)	 x22:0x800086f4  x7:0x0000b8b9 PA:0x800086f3
        2685000	       267	80000408	001b4b83	lbu	x23,1(x22)	 x22:0x800086f4 x23=0x000000ae PA:0x800086f5
        2695000	       268	8000040c	fc8d4c83	lbu	x25,-56(x26)	 x26:0x80008205 x25=0x00000086 PA:0x800081cd
        2705000	       269	80000410	00008e17	auipc	x28,0x8	 x28=0x8000840c
        2715000	       270	80000414	708e0e13	addi	x28,x28,1800	 x28:0x8000840c x28=0x80008b14
        2725000	       271	80000418	d1ae1223	sh	x26,-764(x28)	 x28:0x80008b14 x26:0x80008205 PA:0x80008818
        2735000	       272	8000041c	f05e0983	lb	x19,-251(x28)	 x28:0x80008b14 x19=0x00000002 PA:0x80008a19
        2745000	       273	80000420	2e9e4703	lbu	x14,745(x28)	 x28:0x80008b14 x14=0x000000e6 PA:0x80008dfd
        2755000	       274	80000424	28be4e83	lbu	x29,651(x28)	 x28:0x80008b14 x29=0x00000084 PA:0x80008d9f
        2765000	       275	80000428	008554b3	srl	x9,x10,x8	 x10:0x800081c1  x8:0x0000cacb  x9=0x00100010
        2775000	       276	8000042c	28be0283	lb	x5,651(x28)	 x28:0x80008b14  x5=0xffffff84 PA:0x80008d9f
        2785000	       277	80000430	34be4b03	lbu	x22,843(x28)	 x28:0x80008b14 x22=0x00000044 PA:0x80008e5f
        2795000	       278	80000434	38be0303	lb	x6,907(x28)	 x28:0x80008b14  x6=0xffffff84 PA:0x80008e9f
        2805000	       279	80000438	f52e5a83	lhu	x21,-174(x28)	 x28:0x80008b14 x21=0x00004c4d PA:0x80008a66
        2815000	       280	8000043c	349e4a03	lbu	x20,841(x28)	 x28:0x80008b14 x20=0x00000046 PA:0x80008e5d
        2825000	       281	80000440	42fcf593	andi	x11,x25,1071	 x25:0x00000086 x11=0x00000006
        2835000	       282	80000444	349e0503	lb	x10,841(x28)	 x28:0x80008b14 x10=0x00000046 PA:0x80008e5d
        2845000	       283	80000448	141e1c23	sh	x1,344(x28)	 x28:0x80008b14  x1:0xffffd4d5 PA:0x80008c6c
        2855000	       284	8000044c	239e0623	sb	x25,556(x28)	 x28:0x80008b14 x25:0x00000086 PA:0x80008d40
        2865000	       285	80000450	22ce5703	lhu	x14,556(x28)	 x28:0x80008b14 x14=0x00002a86 PA:0x80008d40
        2875000	       286	80000454	4a1e00a3	sb	x1,1185(x28)	 x28:0x80008b14  x1:0xffffd4d5 PA:0x80008fb5
        2885000	       287	80000458	d4fe0583	lb	x11,-689(x28)	 x28:0x80008b14 x11=0x00000048 PA:0x80008863
        2895000	       288	8000045c	f69e4703	lbu	x14,-151(x28)	 x28:0x80008b14 x14=0x00000066 PA:0x80008a7d
        2905000	       289	80000460	f38e5f83	lhu	x31,-200(x28)	 x28:0x80008b14 x31=0x00003637 PA:0x80008a4c
        2915000	       290	80000464	08ee1f03	lh	x30,142(x28)	 x28:0x80008b14 x30=0xffff8889 PA:0x80008ba2
        2925000	       291	80000468	ea3e0783	lb	x15,-349(x28)	 x28:0x80008b14 x15=0xffffff9c PA:0x800089b7
        2935000	       292	8000046c	00008a97	auipc	x21,0x8	 x21=0x80008468
        2945000	       293	80000470	cb5a8a93	addi	x21,x21,-843	 x21:0x80008468 x21=0x8000811d
        2955000	       294	80000474	00008517	auipc	x10,0x8	 x10=0x80008470
        2965000	       295	80000478	09d50513	addi	x10,x10,157	 x10:0x80008470 x10=0x8000850d
        2975000	       296	8000047c	00008197	auipc	x3,0x8	  x3=0x80008478
        2985000	       297	80000480	c7618193	addi	x3,x3,-906	  x3:0x80008478  x3=0x800080ee
        2995000	       298	80000484	010a8f83	lb	x31,16(x21)	 x21:0x8000811d x31=0xffffffe6 PA:0x8000812d
        3005000	       299	80000488	15b50023	sb	x27,320(x10)	 x10:0x8000850d x27:0xc68cd334 PA:0x8000864d
        3015000	       300	8000048c	00008c97	auipc	x25,0x8	 x25=0x80008488
        3025000	       301	80000490	bf8c8c93	addi	x25,x25,-1032	 x25:0x80008488 x25=0x80008080
        3035000	       302	80000494	00facd03	lbu	x26,15(x21)	 x21:0x8000811d x26=0x000000e7 PA:0x8000812c
        3045000	       303	80000498	00008e17	auipc	x28,0x8	 x28=0x80008494
        3055000	       304	8000049c	e06e0e13	addi	x28,x28,-506	 x28:0x80008494 x28=0x8000829a
        3065000	       305	800004a0	feca9aa3	sh	x12,-11(x21)	 x21:0x8000811d x12:0x00000075 PA:0x80008112
        3075000	       306	800004a4	0fbe0783	lb	x15,251(x28)	 x28:0x8000829a x15=0x0000004e PA:0x80008395
        3085000	       307	800004a8	ff3cc403	lbu	x8,-13(x25)	 x25:0x80008080  x8=0x00000028 PA:0x80008073
        3095000	       308	800004ac	ff2a8583	lb	x11,-14(x21)	 x21:0x8000811d x11=0xffffffc4 PA:0x8000810f
        3105000	       309	800004b0	00ec8003	lb	x0,14(x25)	 x25:0x80008080 PA:0x8000808e
        3115000	       310	800004b4	006c8823	sb	x6,16(x25)	 x25:0x80008080  x6:0xffffff84 PA:0x80008090
        3125000	       311	800004b8	08f54a03	lbu	x20,143(x10)	 x10:0x8000850d x20=0x00000057 PA:0x8000859c
        3135000	       312	800004bc	f9fe4783	lbu	x15,-97(x28)	 x28:0x8000829a x15=0x000000f2 PA:0x80008239
        3145000	       313	800004c0	fe918ba3	sb	x9,-9(x3)	  x3:0x800080ee  x9:0x00100010 PA:0x800080e5
        3155000	       314	800004c4	07ee2703	lw	x14,126(x28)	 x28:0x8000829a x14=0xd0d1d2d3 PA:0x80008318
        3165000	       315	800004c8	ffcc8083	lb	x1,-4(x25)	 x25:0x80008080  x1=0x00000037 PA:0x8000807c
        3175000	       316	800004cc	caf52403	lw	x8,-849(x10)	 x10:0x8000850d  x8=0x74757677 PA:0x800081bc
        3185000	       317	800004d0	003e0b83	lb	x23,3(x28)	 x28:0x8000829a x23=0x00000056 PA:0x8000829d
        3195000	       318	800004d4	ff51ce83	lbu	x29,-11(x3)	  x3:0x800080ee x29=0x00000098 PA:0x800080e3
        3205000	       319	800004d8	ff918e83	lb	x29,-7(x3)	  x3:0x800080ee x29=0xffffff9c PA:0x800080e7
        3215000	       320	800004dc	08fe4703	lbu	x14,143(x28)	 x28:0x8000829a x14=0x000000e2 PA:0x80008329
        3225000	       321	800004e0	ff0cdf83	lhu	x31,-16(x25)	 x25:0x80008080 x31=0x00002a2b PA:0x80008070
        3235000	       322	800004e4	ffcc9d23	sh	x28,-6(x25)	 x25:0x80008080 x28:0x8000829a PA:0x8000807a
        3245000	       323	800004e8	00da9003	lh	x0,13(x21)	 x21:0x8000811d PA:0x8000812a
        3255000	       324	800004ec	0061d703	lhu	x14,6(x3)	  x3:0x800080ee x14=0x0000aeaf PA:0x800080f4
        3265000	       325	800004f0	2e155383	lhu	x7,737(x10)	 x10:0x8000850d  x7=0x0000ffa8 PA:0x800087ee
        3275000	       326	800004f4	ffaa8e83	lb	x29,-6(x21)	 x21:0x8000811d x29=0xffffffcc PA:0x80008117
        3285000	       327	800004f8	00fc8483	lb	x9,15(x25)	 x25:0x80008080  x9=0x00000044 PA:0x8000808f
        3295000	       328	800004fc	00aca223	sw	x10,4(x25)	 x25:0x80008080 x10:0x8000850d PA:0x80008084
        3305000	       329	80000500	001a9783	lh	x15,1(x21)	 x21:0x8000811d x15=0xffffd4d5 PA:0x8000811e
        3315000	       330	80000504	ffd18e23	sb	x29,-4(x3)	  x3:0x800080ee x29:0xffffffcc PA:0x800080ea
        3325000	       331	80000508	01aa8623	sb	x26,12(x21)	 x21:0x8000811d x26:0x000000e7 PA:0x80008129
        3335000	       332	8000050c	0c450f83	lb	x31,196(x10)	 x10:0x8000850d x31=0xffffff8a PA:0x800085d1
        3345000	       333	80000510	ffd1c083	lbu	x1,-3(x3)	  x3:0x800080ee  x1=0x000000ff PA:0x800080eb
        3355000	       334	80000514	0b2e0023	sb	x18,160(x28)	 x28:0x8000829a x18:0x0000000f PA:0x8000833a
        3365000	       335	80000518	010a8383	lb	x7,16(x21)	 x21:0x8000811d  x7=0xffffffe6 PA:0x8000812d
        3375000	       336	8000051c	077e1923	sh	x23,114(x28)	 x28:0x8000829a x23:0x00000056 PA:0x8000830c
        3385000	       337	80000520	006a8d83	lb	x27,6(x21)	 x21:0x8000811d x27=0xffffffd8 PA:0x80008123
        3395000	       338	80000524	ff418d03	lb	x26,-12(x3)	  x3:0x800080ee x26=0xffffff99 PA:0x800080e2
        3405000	       339	80000528	00009297	auipc	x5,0x9	  x5=0x80009524
        3415000	       340	8000052c	8ec28293	addi	x5,x5,-1812	  x5:0x80009524  x5=0x80008e10
        3425000	       341	80000530	00000013	addi	x0,x0,0	  x0:0x00000000
        3435000	       342	80000534	fff28503	lb	x10,-1(x5)	  x5:0x80008e10 x10=0xfffffff4 PA:0x80008e0f
        3445000	       343	80000538	0042cb83	lbu	x23,4(x5)	  x5:0x80008e10 x23=0x000000ff PA:0x80008e14
        3455000	       344	8000053c	0102d103	lhu	x2,16(x5)	  x5:0x80008e10  x2=0x00000a0b PA:0x80008e20
        3465000	       345	80000540	01bdd3b3	srl	x7,x27,x27	 x27:0xffffffd8 x27:0xffffffd8  x7=0x000000ff
        3475000	       346	80000544	01028303	lb	x6,16(x5)	  x5:0x80008e10  x6=0x0000000b PA:0x80008e20
        3485000	       347	80000548	ff72cc03	lbu	x24,-9(x5)	  x5:0x80008e10 x24=0x000000ec PA:0x80008e07
        3495000	       348	8000054c	ff528003	lb	x0,-11(x5)	  x5:0x80008e10 PA:0x80008e05
        3505000	       349	80000550	1a3bcd93	xori	x27,x23,419	 x23:0x000000ff x27=0x0000015c
        3515000	       350	80000554	b5300e13	addi	x28,x0,-1197	  x0:0x00000000 x28=0xfffffb53
        3525000	       351	80000558	f259b313	sltiu	x6,x19,-219	 x19:0x00000002  x6=0x00000001
        3535000	       352	8000055c	0092ce83	lbu	x29,9(x5)	  x5:0x80008e10 x29=0x00000002 PA:0x80008e19
        3545000	       353	80000560	0102a103	lw	x2,16(x5)	  x5:0x80008e10  x2=0x08090a0b PA:0x80008e20
        3555000	       354	80000564	0102a703	lw	x14,16(x5)	  x5:0x80008e10 x14=0x08090a0b PA:0x80008e20
        3565000	       355	80000568	00128f03	lb	x30,1(x5)	  x5:0x80008e10 x30=0xfffffffa PA:0x80008e11
        3575000	       356	8000056c	0012c983	lbu	x19,1(x5)	  x5:0x80008e10 x19=0x000000fa PA:0x80008e11
        3585000	       357	80000570	0012ca03	lbu	x20,1(x5)	  x5:0x80008e10 x20=0x000000fa PA:0x80008e11
        3595000	       358	80000574	7c19ee13	ori	x28,x19,1985	 x19:0x000000fa x28=0x000007fb
        3605000	       359	80000578	00973d33	sltu	x26,x14,x9	 x14:0x08090a0b  x9:0x00000044 x26=0x00000000
        3615000	       360	8000057c	00328e03	lb	x28,3(x5)	  x5:0x80008e10 x28=0xfffffff8 PA:0x80008e13
        3625000	       361	80000580	0032c083	lbu	x1,3(x5)	  x5:0x80008e10  x1=0x000000f8 PA:0x80008e13
        3635000	       362	80000584	01629723	sh	x22,14(x5)	  x5:0x80008e10 x22:0x00000044 PA:0x80008e1e
        3645000	       363	80000588	ff22ce83	lbu	x29,-14(x5)	  x5:0x80008e10 x29=0x000000e9 PA:0x80008e02
        3655000	       364	8000058c	00008197	auipc	x3,0x8	  x3=0x80008588
        3665000	       365	80000590	f1f18193	addi	x3,x3,-225	  x3:0x80008588  x3=0x800084a7
        3675000	       366	80000594	0a91c503	lbu	x10,169(x3)	  x3:0x800084a7 x10=0x0000000b PA:0x80008550
        3685000	       367	80000598	f7e18f83	lb	x31,-130(x3)	  x3:0x800084a7 x31=0xffffffde PA:0x80008425
        3695000	       368	8000059c	f7e18c03	lb	x24,-130(x3)	  x3:0x800084a7 x24=0xffffffde PA:0x80008425
        3705000	       369	800005a0	f7e1c783	lbu	x15,-130(x3)	  x3:0x800084a7 x15=0x000000de PA:0x80008425
        3715000	       370	800005a4	0491a103	lw	x2,73(x3)	  x3:0x800084a7  x2=0xa8a9aaab PA:0x800084f0
        3725000	       371	800005a8	052184a3	sb	x18,73(x3)	  x3:0x800084a7 x18:0x0000000f PA:0x800084f0
        3735000	       372	800005ac	05c184a3	sb	x28,73(x3)	  x3:0x800084a7 x28:0xfffffff8 PA:0x800084f0
        3745000	       373	800005b0	fd519ea3	sh	x21,-35(x3)	  x3:0x800084a7 x21:0x8000811d PA:0x80008484
        3755000	       374	800005b4	fc818ea3	sb	x8,-35(x3)	  x3:0x800084a7  x8:0x74757677 PA:0x80008484
        3765000	       375	800005b8	fdd1ae83	lw	x29,-35(x3)	  x3:0x800084a7 x29=0x3c3d8177 PA:0x80008484
        3775000	       376	00000000	00000013	addi	x0,x0,0	  x0:0x00000000
        3785000	       377	800005bc	fdd1a783	lw	x15,-35(x3)	  x3:0x800084a7 x15=0x3c3d8177 PA:0x80008484
        3795000	       378	800005c0	fe919283	lh	x5,-23(x3)	  x3:0x800084a7  x5=0x00004a4b PA:0x80008490
        3805000	       379	800005c4	0f1189a3	sb	x17,243(x3)	  x3:0x800084a7 x17:0x80009fc4 PA:0x8000859a
        3815000	       380	800005c8	0f31d783	lhu	x15,243(x3)	  x3:0x800084a7 x15=0x000050c4 PA:0x8000859a
        3825000	       381	800005cc	0f319b03	lh	x22,243(x3)	  x3:0x800084a7 x22=0x000050c4 PA:0x8000859a
        3835000	       382	800005d0	f1e18e83	lb	x29,-226(x3)	  x3:0x800084a7 x29=0x0000007e PA:0x800083c5
        3845000	       383	800005d4	f1e18f83	lb	x31,-226(x3)	  x3:0x800084a7 x31=0x0000007e PA:0x800083c5
        3855000	       384	800005d8	41138033	sub	x0,x7,x17	  x7:0x000000ff x17:0x80009fc4
        3865000	       385	800005dc	f0b18f23	sb	x11,-226(x3)	  x3:0x800084a7 x11:0xffffffc4 PA:0x800083c5
        3875000	       386	800005e0	07618323	sb	x22,102(x3)	  x3:0x800084a7 x22:0x000050c4 PA:0x8000850d
        3885000	       387	800005e4	00008297	auipc	x5,0x8	  x5=0x800085e0
        3895000	       388	800005e8	2a428293	addi	x5,x5,676	  x5:0x800085e0  x5=0x80008884
        3905000	       389	800005ec	14228a23	sb	x2,340(x5)	  x5:0x80008884  x2:0xa8a9aaab PA:0x800089d8
        3915000	       390	800005f0	4ef28723	sb	x15,1262(x5)	  x5:0x80008884 x15:0x000050c4 PA:0x80008d72
        3925000	       391	800005f4	00ec6d33	or	x26,x24,x14	 x24:0xffffffde x14:0x08090a0b x26=0xffffffdf
        3935000	       392	800005f8	04829383	lh	x7,72(x5)	  x5:0x80008884  x7=0xffffb6b7 PA:0x800088cc
        3945000	       393	800005fc	4c92a423	sw	x9,1224(x5)	  x5:0x80008884  x9:0x00000044 PA:0x80008d4c
        3955000	       394	80000600	01e6ccb3	xor	x25,x13,x30	 x13:0xffffaaab x30:0xfffffffa x25=0x00005551
        3965000	       395	80000604	43b28f83	lb	x31,1083(x5)	  x5:0x80008884 x31=0xffffffa4 PA:0x80008cbf
        3975000	       396	80000608	01bb9233	sll	x4,x23,x27	 x23:0x000000ff x27:0x0000015c  x4=0xf0000000
        3985000	       397	8000060c	00e88733	add	x14,x17,x14	 x17:0x80009fc4 x14:0x08090a0b x14=0x8809a9cf
        3995000	       398	80000610	01188e33	add	x28,x17,x17	 x17:0x80009fc4 x17:0x80009fc4 x28=0x00013f88
        4005000	       399	80000614	8f7c4e93	xori	x29,x24,-1801	 x24:0xffffffde x29=0x00000729
        4015000	       400	80000618	5572ca03	lbu	x20,1367(x5)	  x5:0x80008884 x20=0x000000c0 PA:0x80008ddb
        4025000	       401	8000061c	6f928023	sb	x25,1760(x5)	  x5:0x80008884 x25:0x00005551 PA:0x80008f64
        4035000	       402	80000620	2612cd03	lbu	x26,609(x5)	  x5:0x80008884 x26=0x000000ce PA:0x80008ae5
        4045000	       403	80000624	01305c33	srl	x24,x0,x19	  x0:0x00000000 x19:0x000000fa x24=0x00000000
        4055000	       404	80000628	42a29023	sh	x10,1056(x5)	  x5:0x80008884 x10:0x0000000b PA:0x80008ca4
        4065000	       405	8000062c	5a72c003	lbu	x0,1447(x5)	  x5:0x80008884 PA:0x80008e2b
        4075000	       406	80000630	1d928e03	lb	x28,473(x5)	  x5:0x80008884 x28=0x00000046 PA:0x80008a5d
        4085000	       407	80000634	72e29083	lh	x1,1838(x5)	  x5:0x80008884  x1=0xffff9899 PA:0x80008fb2
        4095000	       408	80000638	3a4288a3	sb	x4,945(x5)	  x5:0x80008884  x4:0xf0000000 PA:0x80008c35
        4105000	       409	8000063c	40a4deb3	sra	x29,x9,x10	  x9:0x00000044 x10:0x0000000b x29=0x00000000
        4115000	       410	80000640	5b328083	lb	x1,1459(x5)	  x5:0x80008884  x1=0x0000001c PA:0x80008e37
        4125000	       411	80000644	0005f1b3	and	x3,x11,x0	 x11:0xffffffc4  x0:0x00000000  x3=0x00000000
        4135000	       412	80000648	1e528503	lb	x10,485(x5)	  x5:0x80008884 x10=0x00000052 PA:0x80008a69
        4145000	       413	8000064c	2982aa03	lw	x20,664(x5)	  x5:0x80008884 x20=0x04050607 PA:0x80008b1c
        4155000	       414	80000650	55c28b23	sb	x28,1366(x5)	  x5:0x80008884 x28:0x00000046 PA:0x80008dda
        4165000	       415	80000654	00fc9393	slli	x7,x25,0xf	 x25:0x00005551  x7=0x2aa88000
        4175000	       416	80000658	5492c383	lbu	x7,1353(x5)	  x5:0x80008884  x7=0x000000b6 PA:0x80008dcd
        4185000	       417	8000065c	00691eb3	sll	x29,x18,x6	 x18:0x0000000f  x6:0x00000001 x29=0x0000001e
        4195000	       418	80000660	00172f33	slt	x30,x14,x1	 x14:0x8809a9cf  x1:0x0000001c x30=0x00000001
        4205000	       419	80000664	12328583	lb	x11,291(x5)	  x5:0x80008884 x11=0xffffff8c PA:0x800089a7
        4215000	       420	80000668	39f2cb83	lbu	x23,927(x5)	  x5:0x80008884 x23=0x00000008 PA:0x80008c23
        4225000	       421	00000000	00000013	addi	x0,x0,0	  x0:0x00000000
        4235000	       422	8000066c	01ab9b93	slli	x23,x23,0x1a	 x23:0x00000008 x23=0x20000000
        4245000	       423	80000670	4f92c483	lbu	x9,1273(x5)	  x5:0x80008884  x9=0x00000066 PA:0x80008d7d
        4255000	       424	80000674	41ea89b3	sub	x19,x21,x30	 x21:0x8000811d x30:0x00000001 x19=0x8000811c
        4265000	       425	80000678	4aa28203	lb	x4,1194(x5)	  x5:0x80008884  x4=0x00000015 PA:0x80008d2e
        4275000	       426	8000067c	5fc29c03	lh	x24,1532(x5)	  x5:0x80008884 x24=0x00006a6b PA:0x80008e80
        4285000	       427	80000680	51b28b23	sb	x27,1302(x5)	  x5:0x80008884 x27:0x0000015c PA:0x80008d9a
        4295000	       428	80000684	25e29e83	lh	x29,606(x5)	  x5:0x80008884 x29=0xffffc8c9 PA:0x80008ae2
        4305000	       429	80000688	1622de03	lhu	x28,354(x5)	  x5:0x80008884 x28=0x0000cccd PA:0x800089e6
        4315000	       430	8000068c	43f288a3	sb	x31,1073(x5)	  x5:0x80008884 x31:0xffffffa4 PA:0x80008cb5
        4325000	       431	80000690	40dad433	sra	x8,x21,x13	 x21:0x8000811d x13:0xffffaaab  x8=0xfff00010
        4335000	       432	80000694	00c3f133	and	x2,x7,x12	  x7:0x000000b6 x12:0x00000075  x2=0x00000034
        4345000	       433	80000698	01d930b3	sltu	x1,x18,x29	 x18:0x0000000f x29:0xffffc8c9  x1=0x00000001
        4355000	       434	8000069c	02ded263	bge	x29,x13,800006c0	 x29:0xffffc8c9 x13:0xffffaaab
        4365000	       435	00000000	00000013	addi	x0,x0,0	  x0:0x00000000
        4375000	       436	800006bc	00000013	addi	x0,x0,0	  x0:0x00000000
        4385000	       437	800006c0	00000013	addi	x0,x0,0	  x0:0x00000000
        4395000	       438	800006c4	9f736313	ori	x6,x6,-1545	  x6:0x00000001  x6=0xfffff9f7
        4405000	       439	800006c8	00c3dc93	srli	x25,x7,0xc	  x7:0x000000b6 x25=0x00000000
        4415000	       440	800006cc	0111b2b3	sltu	x5,x3,x17	  x3:0x00000000 x17:0x80009fc4  x5=0x00000001
        4425000	       441	800006d0	4a440f17	auipc	x30,0x4a440	 x30=0xca4406cc
        4435000	       442	800006d4	02a34863	blt	x6,x10,80000704	  x6:0xfffff9f7 x10:0x00000052
        4445000	       443	00000000	00000013	addi	x0,x0,0	  x0:0x00000000
        4455000	       444	80000700	00000013	addi	x0,x0,0	  x0:0x00000000
        4465000	       445	80000704	41f2d613	srai	x12,x5,0x1f	  x5:0x00000001 x12=0x00000000
        4475000	       446	80000708	02d96c63	bltu	x18,x13,80000740	 x18:0x0000000f x13:0xffffaaab
        4485000	       447	00000000	00000013	addi	x0,x0,0	  x0:0x00000000
        4495000	       448	8000073c	00000013	addi	x0,x0,0	  x0:0x00000000
        4505000	       449	80000740	2b7b4e13	xori	x28,x22,695	 x22:0x000050c4 x28=0x00005273
        4515000	       450	80000744	29676d13	ori	x26,x14,662	 x14:0x8809a9cf x26=0x8809abdf
        4525000	       451	80000748	00dbdd13	srli	x26,x23,0xd	 x23:0x20000000 x26=0x00010000
        4535000	       452	8000074c	00e75d93	srli	x27,x14,0xe	 x14:0x8809a9cf x27=0x00022026
        4545000	       453	80000750	03e17c63	bgeu	x2,x30,80000788	  x2:0x00000034 x30:0xca4406cc
        4555000	       454	80000754	587f7717	auipc	x14,0x587f7	 x14=0xd87f7750
        4565000	       455	80000758	33a62a93	slti	x21,x12,826	 x12:0x00000000 x21=0x00000001
        4575000	       456	8000075c	8b7a6b13	ori	x22,x20,-1865	 x20:0x04050607 x22=0xfffffeb7
        4585000	       457	80000760	01c85993	srli	x19,x16,0x1c	 x16:0x80009f84 x19=0x00000008
        4595000	       458	80000764	77086217	auipc	x4,0x77086	  x4=0xf7086760
        4605000	       459	80000768	0053dc63	bge	x7,x5,80000780	  x7:0x000000b6  x5:0x00000001
        4615000	       460	00000000	00000013	addi	x0,x0,0	  x0:0x00000000
        4625000	       461	8000077c	00000013	addi	x0,x0,0	  x0:0x00000000
        4635000	       462	80000780	02f2d063	bge	x5,x15,800007a0	  x5:0x00000001 x15:0x000050c4
        4645000	       463	80000784	40160033	sub	x0,x12,x1	 x12:0x00000000  x1:0x00000001
        4655000	       464	80000788	0304c263	blt	x9,x16,800007ac	  x9:0x00000066 x16:0x80009f84
        4665000	       465	8000078c	40c38b33	sub	x22,x7,x12	  x7:0x000000b6 x12:0x00000000 x22=0x000000b6
        4675000	       466	80000790	01cc8c63	beq	x25,x28,800007a8	 x25:0x00000000 x28:0x00005273
        4685000	       467	80000794	03571463	bne	x14,x21,800007bc	 x14:0xd87f7750 x21:0x00000001
        4695000	       468	00000000	00000013	addi	x0,x0,0	  x0:0x00000000
        4705000	       469	800007b8	00000013	addi	x0,x0,0	  x0:0x00000000
        4715000	       470	800007bc	017b7bb3	and	x23,x22,x23	 x22:0x000000b6 x23:0x20000000 x23=0x00000000
        4725000	       471	800007c0	01f92033	slt	x0,x18,x31	 x18:0x0000000f x31:0xffffffa4
        4735000	       472	800007c4	041d8493	addi	x9,x27,65	 x27:0x00022026  x9=0x00022067
        4745000	       473	800007c8	0130c033	xor	x0,x1,x19	  x1:0x00000001 x19:0x00000008
        4755000	       474	800007cc	00ad2333	slt	x6,x26,x10	 x26:0x00010000 x10:0x00000052  x6=0x00000000
        4765000	       475	800007d0	00b3df93	srli	x31,x7,0xb	  x7:0x000000b6 x31=0x00000000
        4775000	       476	800007d4	42c5f413	andi	x8,x11,1068	 x11:0xffffff8c  x8=0x0000040c
        4785000	       477	800007d8	00299513	slli	x10,x19,0x2	 x19:0x00000008 x10=0x00000020
        4795000	       478	800007dc	01b7aeb3	slt	x29,x15,x27	 x15:0x000050c4 x27:0x00022026 x29=0x00000001
        4805000	       479	800007e0	03d3fa63	bgeu	x7,x29,80000814	  x7:0x000000b6 x29:0x00000001
        4815000	       480	00000000	00000013	addi	x0,x0,0	  x0:0x00000000
        4825000	       481	80000810	00000013	addi	x0,x0,0	  x0:0x00000000
        4835000	       482	80000814	417f8533	sub	x10,x31,x23	 x31:0x00000000 x23:0x00000000 x10=0x00000000
        4845000	       483	80000818	bcde9037	lui	x0,0xbcde9	
        4855000	       484	8000081c	00000013	addi	x0,x0,0	  x0:0x00000000
        4865000	       485	80000820	031e5663	bge	x28,x17,8000084c	 x28:0x00005273 x17:0x80009fc4
        4875000	       486	00000000	00000013	addi	x0,x0,0	  x0:0x00000000
        4885000	       487	80000848	00000013	addi	x0,x0,0	  x0:0x00000000
        4895000	       488	8000084c	0170ce63	blt	x1,x23,80000868	  x1:0x00000001 x23:0x00000000
        4905000	       489	80000850	0335ec63	bltu	x11,x19,80000888	 x11:0xffffff8c x19:0x00000008
        4915000	       490	80000854	00562b33	slt	x22,x12,x5	 x12:0x00000000  x5:0x00000001 x22=0x00000001
        4925000	       491	80000858	013d5713	srli	x14,x26,0x13	 x26:0x00010000 x14=0x00000000
        4935000	       492	8000085c	00e4de33	srl	x28,x9,x14	  x9:0x00022067 x14:0x00000000 x28=0x00022067
        4945000	       493	80000860	01e18263	beq	x3,x30,80000864	  x3:0x00000000 x30:0xca4406cc
        4955000	       494	80000864	00419233	sll	x4,x3,x4	  x3:0x00000000  x4:0xf7086760  x4=0x00000000
        4965000	       495	80000868	01e5ee63	bltu	x11,x30,80000884	 x11:0xffffff8c x30:0xca4406cc
        4975000	       496	8000086c	8dcee093	ori	x1,x29,-1828	 x29:0x00000001  x1=0xfffff8dd
        4985000	       497	80000870	014b8e63	beq	x23,x20,8000088c	 x23:0x00000000 x20:0x04050607
        4995000	       498	80000874	00ae6263	bltu	x28,x10,80000878	 x28:0x00022067 x10:0x00000000
        5005000	       499	80000878	f2cb5097	auipc	x1,0xf2cb5	  x1=0x72cb5874
        5015000	       500	8000087c	41a78433	sub	x8,x15,x26	 x15:0x000050c4 x26:0x00010000  x8=0xffff50c4
        5025000	       501	80000880	03ea4a63	blt	x20,x30,800008b4	 x20:0x04050607 x30:0xca4406cc
        5035000	       502	80000884	0210fe63	bgeu	x1,x1,800008c0	  x1:0x72cb5874  x1:0x72cb5874
        5045000	       503	00000000	00000013	addi	x0,x0,0	  x0:0x00000000
        5055000	       504	800008bc	00000013	addi	x0,x0,0	  x0:0x00000000
        5065000	       505	800008c0	c8e38293	addi	x5,x7,-882	  x7:0x000000b6  x5=0xfffffd44
        5075000	       506	800008c4	0b2c89b7	lui	x19,0xb2c8	 x19=0x0b2c8000
        5085000	       507	800008c8	4073d713	srai	x14,x7,0x7	  x7:0x000000b6 x14=0x00000001
        5095000	       508	800008cc	01ecfe63	bgeu	x25,x30,800008e8	 x25:0x00000000 x30:0xca4406cc
        5105000	       509	800008d0	0118c863	blt	x17,x17,800008e0	 x17:0x80009fc4 x17:0x80009fc4
        5115000	       510	800008d4	02fdca63	blt	x27,x15,80000908	 x27:0x00022026 x15:0x000050c4
        5125000	       511	800008d8	1eb77517	auipc	x10,0x1eb77	 x10=0x9eb778d4
        5135000	       512	800008dc	01bf9fb3	sll	x31,x31,x27	 x31:0x00000000 x27:0x00022026 x31=0x00000000
        5145000	       513	800008e0	00bbd533	srl	x10,x23,x11	 x23:0x00000000 x11:0xffffff8c x10=0x00000000
        5155000	       514	800008e4	000a6733	or	x14,x20,x0	 x20:0x04050607  x0:0x00000000 x14=0x04050607
        5165000	       515	800008e8	7ccf6513	ori	x10,x30,1996	 x30:0xca4406cc x10=0xca4407cc
        5175000	       516	800008ec	0184ef33	or	x30,x9,x24	  x9:0x00022067 x24:0x00006a6b x30=0x00026a6f
        5185000	       517	800008f0	0214fc63	bgeu	x9,x1,80000928	  x9:0x00022067  x1:0x72cb5874
        5195000	       518	800008f4	039d7263	bgeu	x26,x25,80000918	 x26:0x00010000 x25:0x00000000
        5205000	       519	00000000	00000013	addi	x0,x0,0	  x0:0x00000000
        5215000	       520	80000914	00000013	addi	x0,x0,0	  x0:0x00000000
        5225000	       521	80000918	00463633	sltu	x12,x12,x4	 x12:0x00000000  x4:0x00000000 x12=0x00000000
        5235000	       522	8000091c	01ea2eb3	slt	x29,x20,x30	 x20:0x04050607 x30:0x00026a6f x29=0x00000000
        5245000	       523	80000920	0ec46263	bltu	x8,x12,80000a04	  x8:0xffff50c4 x12:0x00000000
        5255000	       524	80000924	40cedeb3	sra	x29,x29,x12	 x29:0x00000000 x12:0x00000000 x29=0x00000000
        5265000	       525	80000928	01214333	xor	x6,x2,x18	  x2:0x00000034 x18:0x0000000f  x6=0x0000003b
        5275000	       526	8000092c	0a58ca63	blt	x17,x5,800009e0	 x17:0x80009fc4  x5:0xfffffd44
        5285000	       527	00000000	00000013	addi	x0,x0,0	  x0:0x00000000
        5295000	       528	800009dc	00000013	addi	x0,x0,0	  x0:0x00000000
        5305000	       529	800009e0	66900613	addi	x12,x0,1641	  x0:0x00000000 x12=0x00000669
        5315000	       530	800009e4	403d0633	sub	x12,x26,x3	 x26:0x00010000  x3:0x00000000 x12=0x00010000
        5325000	       531	800009e8	002eeab3	or	x21,x29,x2	 x29:0x00000000  x2:0x00000034 x21=0x00000034
        5335000	       532	800009ec	00a635b3	sltu	x11,x12,x10	 x12:0x00010000 x10:0xca4407cc x11=0x00000001
        5345000	       533	800009f0	01274c63	blt	x14,x18,80000a08	 x14:0x04050607 x18:0x0000000f
        5355000	       534	800009f4	00b5d6b3	srl	x13,x11,x11	 x11:0x00000001 x11:0x00000001 x13=0x00000000
        5365000	       535	800009f8	40fe00b3	sub	x1,x28,x15	 x28:0x00022067 x15:0x000050c4  x1=0x0001cfa3
        5375000	       536	800009fc	728ef213	andi	x4,x29,1832	 x29:0x00000000  x4=0x00000000
        5385000	       537	80000a00	00dd8d33	add	x26,x27,x13	 x27:0x00022026 x13:0x00000000 x26=0x00022026
        5395000	       538	80000a04	00c70733	add	x14,x14,x12	 x14:0x04050607 x12:0x00010000 x14=0x04060607
        5405000	       539	80000a08	02949e63	bne	x9,x9,80000a44	  x9:0x00022067  x9:0x00022067
        5415000	       540	80000a0c	de9f7d13	andi	x26,x30,-535	 x30:0x00026a6f x26=0x00026869
        5425000	       541	80000a10	13257a93	andi	x21,x10,306	 x10:0xca4407cc x21=0x00000100
        5435000	       542	80000a14	02267663	bgeu	x12,x2,80000a40	 x12:0x00010000  x2:0x00000034
        5445000	       543	00000000	00000013	addi	x0,x0,0	  x0:0x00000000
        5455000	       544	80000a3c	00000013	addi	x0,x0,0	  x0:0x00000000
        5465000	       545	80000a40	00000013	addi	x0,x0,0	  x0:0x00000000
        5475000	       546	80000a44	00de1733	sll	x14,x28,x13	 x28:0x00022067 x13:0x00000000 x14=0x00022067
        5485000	       547	80000a48	00e26fb3	or	x31,x4,x14	  x4:0x00000000 x14:0x00022067 x31=0x00022067
        5495000	       548	80000a4c	15007b93	andi	x23,x0,336	  x0:0x00000000 x23=0x00000000
        5505000	       549	80000a50	aba54713	xori	x14,x10,-1350	 x10:0xca4407cc x14=0x35bbfd76
        5515000	       550	80000a54	2960f293	andi	x5,x1,662	  x1:0x0001cfa3  x5=0x00000282
        5525000	       551	80000a58	00000013	addi	x0,x0,0	  x0:0x00000000
        5535000	       552	80000a5c	01a16133	or	x2,x2,x26	  x2:0x00000034 x26:0x00026869  x2=0x0002687d
        5545000	       553	80000a60	00000013	addi	x0,x0,0	  x0:0x00000000
        5555000	       554	80000a64	94b1ef13	ori	x30,x3,-1717	  x3:0x00000000 x30=0xfffff94b
        5565000	       555	80000a68	d4690093	addi	x1,x18,-698	 x18:0x0000000f  x1=0xfffffd55
        5575000	       556	80000a6c	7baed697	auipc	x13,0x7baed	 x13=0xfbaeda68
        5585000	       557	80000a70	60c0f113	andi	x2,x1,1548	  x1:0xfffffd55  x2=0x00000404
        5595000	       558	80000a74	0081df13	srli	x30,x3,0x8	  x3:0x00000000 x30=0x00000000
        5605000	       559	80000a78	00004663	blt	x0,x0,80000a84	  x0:0x00000000  x0:0x00000000
        5615000	       560	80000a7c	4044da93	srai	x21,x9,0x4	  x9:0x00022067 x21=0x00002206
        5625000	       561	80000a80	040c5263	bge	x24,x0,80000ac4	 x24:0x00006a6b  x0:0x00000000
        5635000	       562	00000000	00000013	addi	x0,x0,0	  x0:0x00000000
        5645000	       563	80000ac0	00000013	addi	x0,x0,0	  x0:0x00000000
        5655000	       564	80000ac4	be9b0d13	addi	x26,x22,-1047	 x22:0x00000001 x26=0xfffffbea
        5665000	       565	80000ac8	39174c13	xori	x24,x14,913	 x14:0x35bbfd76 x24=0x35bbfee7
        5675000	       566	80000acc	00870c63	beq	x14,x8,80000ae4	 x14:0x35bbfd76  x8:0xffff50c4
        5685000	       567	80000ad0	40d35bb3	sra	x23,x6,x13	  x6:0x0000003b x13:0xfbaeda68 x23=0x00000000
        5695000	       568	80000ad4	010a9ab3	sll	x21,x21,x16	 x21:0x00002206 x16:0x80009f84 x21=0x00022060
        5705000	       569	80000ad8	01a827b3	slt	x15,x16,x26	 x16:0x80009f84 x26:0xfffffbea x15=0x00000001
        5715000	       570	80000adc	01a67c63	bgeu	x12,x26,80000af4	 x12:0x00010000 x26:0xfffffbea
        5725000	       571	80000ae0	66604393	xori	x7,x0,1638	  x0:0x00000000  x7=0x00000666
        5735000	       572	80000ae4	697d7517	auipc	x10,0x697d7	 x10=0xe97d7ae0
        5745000	       573	80000ae8	412250b3	sra	x1,x4,x18	  x4:0x00000000 x18:0x0000000f  x1=0x00000000
        5755000	       574	80000aec	003f37b3	sltu	x15,x30,x3	 x30:0x00000000  x3:0x00000000 x15=0x00000000
        5765000	       575	80000af0	7f4bb597	auipc	x11,0x7f4bb	 x11=0xff4bbaec
        5775000	       576	80000af4	e294c113	xori	x2,x9,-471	  x9:0x00022067  x2=0xfffdde4e
        5785000	       577	80000af8	d36a6e17	auipc	x28,0xd36a6	 x28=0x536a6af4
        5795000	       578	80000afc	41e880b3	sub	x1,x17,x30	 x17:0x80009fc4 x30:0x00000000  x1=0x80009fc4
        5805000	       579	80000b00	015ec133	xor	x2,x29,x21	 x29:0x00000000 x21:0x00022060  x2=0x00022060
        5815000	       580	80000b04	011bec33	or	x24,x23,x17	 x23:0x00000000 x17:0x80009fc4 x24=0x80009fc4
        5825000	       581	80000b08	008ba733	slt	x14,x23,x8	 x23:0x00000000  x8:0xffff50c4 x14=0x00000000
        5835000	       582	80000b0c	40cd03b3	sub	x7,x26,x12	 x26:0xfffffbea x12:0x00010000  x7=0xfffefbea
        5845000	       583	80000b10	007ed1b3	srl	x3,x29,x7	 x29:0x00000000  x7:0xfffefbea  x3=0x00000000
        5855000	       584	80000b14	410183b3	sub	x7,x3,x16	  x3:0x00000000 x16:0x80009f84  x7=0x7fff607c
        5865000	       585	80000b18	00d077b3	and	x15,x0,x13	  x0:0x00000000 x13:0xfbaeda68 x15=0x00000000
        5875000	       586	80000b1c	01571793	slli	x15,x14,0x15	 x14:0x00000000 x15=0x00000000
        5885000	       587	80000b20	a1214693	xori	x13,x2,-1518	  x2:0x00022060 x13=0xfffdda72
        5895000	       588	80000b24	01d5bc33	sltu	x24,x11,x29	 x11:0xff4bbaec x29:0x00000000 x24=0x00000000
        5905000	       589	80000b28	1c838593	addi	x11,x7,456	  x7:0x7fff607c x11=0x7fff6244
        5915000	       590	80000b2c	a0a68b13	addi	x22,x13,-1526	 x13:0xfffdda72 x22=0xfffdd47c
        5925000	       591	80000b30	016519b3	sll	x19,x10,x22	 x10:0xe97d7ae0 x22:0xfffdd47c x19=0x00000000
        5935000	       592	80000b34	01732bb3	slt	x23,x6,x23	  x6:0x0000003b x23:0x00000000 x23=0x00000000
        5945000	       593	80000b38	268c4213	xori	x4,x24,616	 x24:0x00000000  x4=0x00000268
        5955000	       594	80000b3c	42658013	addi	x0,x11,1062	 x11:0x7fff6244
        5965000	       595	80000b40	01f96333	or	x6,x18,x31	 x18:0x0000000f x31:0x00022067  x6=0x0002206f
        5975000	       596	80000b44	01fed2b3	srl	x5,x29,x31	 x29:0x00000000 x31:0x00022067  x5=0x00000000
        5985000	       597	80000b48	16ac8d13	addi	x26,x25,362	 x25:0x00000000 x26=0x0000016a
        5995000	       598	80000b4c	01950fb3	add	x31,x10,x25	 x10:0xe97d7ae0 x25:0x00000000 x31=0xe97d7ae0
        6005000	       599	80000b50	028dec63	bltu	x27,x8,80000b88	 x27:0x00022026  x8:0xffff50c4
        6015000	       600	00000000	00000013	addi	x0,x0,0	  x0:0x00000000
        6025000	       601	80000b84	00000013	addi	x0,x0,0	  x0:0x00000000
        6035000	       602	80000b88	71172793	slti	x15,x14,1809	 x14:0x00000000 x15=0x00000001
        6045000	       603	80000b8c	c9ee3793	sltiu	x15,x28,-866	 x28:0x536a6af4 x15=0x00000001
        6055000	       604	80000b90	00e5bcb3	sltu	x25,x11,x14	 x11:0x7fff6244 x14:0x00000000 x25=0x00000000
        6065000	       605	80000b94	01d09463	bne	x1,x29,80000b9c	  x1:0x80009fc4 x29:0x00000000
        6075000	       606	00000000	00000013	addi	x0,x0,0	  x0:0x00000000
        6085000	       607	80000b98	00000013	addi	x0,x0,0	  x0:0x00000000
        6095000	       608	80000b9c	aee72d13	slti	x26,x14,-1298	 x14:0x00000000 x26=0x00000000
        6105000	       609	80000ba0	012c8333	add	x6,x25,x18	 x25:0x00000000 x18:0x0000000f  x6=0x0000000f
        6115000	       610	80000ba4	bac32393	slti	x7,x6,-1108	  x6:0x0000000f  x7=0x00000000
        6125000	       611	80000ba8	00130433	add	x8,x6,x1	  x6:0x0000000f  x1:0x80009fc4  x8=0x80009fd3
        6135000	       612	80000bac	034cc663	blt	x25,x20,80000bd8	 x25:0x00000000 x20:0x04050607
        6145000	       613	00000000	00000013	addi	x0,x0,0	  x0:0x00000000
        6155000	       614	80000bd4	00000013	addi	x0,x0,0	  x0:0x00000000
        6165000	       615	80000bd8	0242ea63	bltu	x5,x4,80000c0c	  x5:0x00000000  x4:0x00000268
        6175000	       616	00000000	00000013	addi	x0,x0,0	  x0:0x00000000
        6185000	       617	80000c08	00000013	addi	x0,x0,0	  x0:0x00000000
        6195000	       618	80000c0c	008e1c13	slli	x24,x28,0x8	 x28:0x536a6af4 x24=0x6a6af400
        6205000	       619	80000c10	5f32c213	xori	x4,x5,1523	  x5:0x00000000  x4=0x000005f3
        6215000	       620	80000c14	7bfd7797	auipc	x15,0x7bfd7	 x15=0xfbfd7c10
        6225000	       621	80000c18	0168dfb3	srl	x31,x17,x22	 x17:0x80009fc4 x22:0xfffdd47c x31=0x00000008
        6235000	       622	80000c1c	00bdd033	srl	x0,x27,x11	 x27:0x00022026 x11:0x7fff6244
        6245000	       623	80000c20	00000013	addi	x0,x0,0	  x0:0x00000000
        6255000	       624	80000c24	07cf8063	beq	x31,x28,80000c84	 x31:0x00000008 x28:0x536a6af4
        6265000	       625	80000c28	40045733	sra	x14,x8,x0	  x8:0x80009fd3  x0:0x00000000 x14=0x80009fd3
        6275000	       626	80000c2c	01ed0f33	add	x30,x26,x30	 x26:0x00000000 x30:0x00000000 x30=0x00000000
        6285000	       627	80000c30	01041d33	sll	x26,x8,x16	  x8:0x80009fd3 x16:0x80009f84 x26=0x0009fd30
        6295000	       628	80000c34	0110a6b3	slt	x13,x1,x17	  x1:0x80009fc4 x17:0x80009fc4 x13=0x00000000
        6305000	       629	80000c38	265f7d93	andi	x27,x30,613	 x30:0x00000000 x27=0x00000000
        6315000	       630	80000c3c	00082233	slt	x4,x16,x0	 x16:0x80009f84  x0:0x00000000  x4=0x00000001
        6325000	       631	80000c40	013d1413	slli	x8,x26,0x13	 x26:0x0009fd30  x8=0xe9800000
        6335000	       632	80000c44	0075eb33	or	x22,x11,x7	 x11:0x7fff6244  x7:0x00000000 x22=0x7fff6244
        6345000	       633	80000c48	f820e013	ori	x0,x1,-126	  x1:0x80009fc4
        6355000	       634	80000c4c	008d5193	srli	x3,x26,0x8	 x26:0x0009fd30  x3=0x000009fd
        6365000	       635	80000c50	b008eb13	ori	x22,x17,-1280	 x17:0x80009fc4 x22=0xffffffc4
        6375000	       636	80000c54	00000797	auipc	x15,0x0	 x15=0x80000c50
        6385000	       637	80000c58	7a078793	addi	x15,x15,1952	 x15:0x80000c50 x15=0x800013f0
        6395000	       638	80000c5c	01a98333	add	x6,x19,x26	 x19:0x00000000 x26:0x0009fd30  x6=0x0009fd30
        6405000	       639	80000c60	01125713	srli	x14,x4,0x11	  x4:0x00000001 x14=0x00000000
        6415000	       640	80000c64	c0f78793	addi	x15,x15,-1009	 x15:0x800013f0 x15=0x80000fff
        6425000	       641	80000c68	00f66633	or	x12,x12,x15	 x12:0x00010000 x15:0x80000fff x12=0x80010fff
        6435000	       642	80000c6c	a89e7993	andi	x19,x28,-1399	 x28:0x536a6af4 x19=0x536a6a80
        6445000	       643	80000c70	3f278467	jalr	x8,x15,1010	 x15:0x80000fff  x8=0x80000c70
        6455000	       644	00000000	00000013	addi	x0,x0,0	  x0:0x00000000
        6465000	       645	800013f0	00000013	addi	x0,x0,0	  x0:0x00000000
        6475000	       646	800013f4	01584a63	blt	x16,x21,80001408	 x16:0x80009f84 x21:0x00022060
        6485000	       647	00000000	00000013	addi	x0,x0,0	  x0:0x00000000
        6495000	       648	80001404	00000013	addi	x0,x0,0	  x0:0x00000000
        6505000	       649	80001408	fd480813	addi	x16,x16,-44	 x16:0x80009f84 x16=0x80009f58
        6515000	       650	8000140c	00882223	sw	x8,4(x16)	 x16:0x80009f58  x8:0x80000c70 PA:0x80009f5c
        6525000	       651	80001410	011f9bb3	sll	x23,x31,x17	 x31:0x00000008 x17:0x80009fc4 x23=0x00000080
        6535000	       652	80001414	000fe733	or	x14,x31,x0	 x31:0x00000008  x0:0x00000000 x14=0x00000008
        6545000	       653	80001418	00000097	auipc	x1,0x0	  x1=0x80001414
        6555000	       654	8000141c	b8c08093	addi	x1,x1,-1140	  x1:0x80001414  x1=0x80000fa0
        6565000	       655	80001420	401d5c33	sra	x24,x26,x1	 x26:0x0009fd30  x1:0x80000fa0 x24=0x0009fd30
        6575000	       656	80001424	31308093	addi	x1,x1,787	  x1:0x80000fa0  x1=0x800012b3
        6585000	       657	80001428	00000013	addi	x0,x0,0	  x0:0x00000000
        6595000	       658	8000142c	417d84b3	sub	x9,x27,x23	 x27:0x00000000 x23:0x00000080  x9=0xffffff80
        6605000	       659	80001430	40815a13	srai	x20,x2,0x8	  x2:0x00022060 x20=0x00000220
        6615000	       660	80001434	c31f6593	ori	x11,x30,-975	 x30:0x00000000 x11=0xfffffc31
        6625000	       661	80001438	cee08467	jalr	x8,x1,-786	  x1:0x800012b3  x8=0x80001438
        6635000	       662	00000000	00000013	addi	x0,x0,0	  x0:0x00000000
        6645000	       663	80000fa0	00000013	addi	x0,x0,0	  x0:0x00000000
        6655000	       664	80000fa4	00d74263	blt	x14,x13,80000fa8	 x14:0x00000008 x13:0x00000000
        6665000	       665	80000fa8	fdc80813	addi	x16,x16,-36	 x16:0x80009f58 x16=0x80009f34
        6675000	       666	80000fac	4097d1b3	sra	x3,x15,x9	 x15:0x80000fff  x9:0xffffff80  x3=0x80000fff
        6685000	       667	80000fb0	01e15f13	srli	x30,x2,0x1e	  x2:0x00022060 x30=0x00000000
        6695000	       668	80000fb4	000d4d33	xor	x26,x26,x0	 x26:0x0009fd30  x0:0x00000000 x26=0x0009fd30
        6705000	       669	80000fb8	a3982e13	slti	x28,x16,-1479	 x16:0x80009f34 x28=0x00000001
        6715000	       670	80000fbc	010e3333	sltu	x6,x28,x16	 x28:0x00000001 x16:0x80009f34  x6=0x00000001
        6725000	       671	80000fc0	01ca1593	slli	x11,x20,0x1c	 x20:0x00000220 x11=0x00000000
        6735000	       672	80000fc4	01099ab3	sll	x21,x19,x16	 x19:0x536a6a80 x16:0x80009f34 x21=0xa8000000
        6745000	       673	80000fc8	1a183593	sltiu	x11,x16,417	 x16:0x80009f34 x11=0x00000000
        6755000	       674	80000fcc	01bb1393	slli	x7,x22,0x1b	 x22:0xffffffc4  x7=0x20000000
        6765000	       675	80000fd0	00882223	sw	x8,4(x16)	 x16:0x80009f34  x8:0x80001438 PA:0x80009f38
        6775000	       676	80000fd4	00000013	addi	x0,x0,0	  x0:0x00000000
        6785000	       677	80000fd8	00007417	auipc	x8,0x7	  x8=0x80007fd4
        6795000	       678	80000fdc	2fe40413	addi	x8,x8,766	  x8:0x80007fd4  x8=0x800082d2
        6805000	       679	80000fe0	023404a3	sb	x3,41(x8)	  x8:0x800082d2  x3:0x80000fff PA:0x800082fb
        6815000	       680	80000fe4	00000013	addi	x0,x0,0	  x0:0x00000000
        6825000	       681	80000fe8	035404a3	sb	x21,41(x8)	  x8:0x800082d2 x21:0xa8000000 PA:0x800082fb
        6835000	       682	80000fec	0aa40c83	lb	x25,170(x8)	  x8:0x800082d2 x25=0x00000037 PA:0x8000837c
        6845000	       683	80000ff0	0b240523	sb	x18,170(x8)	  x8:0x800082d2 x18:0x0000000f PA:0x8000837c
        6855000	       684	80000ff4	01b9edb3	or	x27,x19,x27	 x19:0x536a6a80 x27:0x00000000 x27=0x536a6a80
        6865000	       685	80000ff8	0aa42d83	lw	x27,170(x8)	  x8:0x800082d2 x27=0x3435360f PA:0x8000837c
        6875000	       686	80000ffc	0aa42b03	lw	x22,170(x8)	  x8:0x800082d2 x22=0x3435360f PA:0x8000837c
        6885000	       687	80001000	00000013	addi	x0,x0,0	  x0:0x00000000
        6895000	       688	80001004	0aa41b03	lh	x22,170(x8)	  x8:0x800082d2 x22=0x0000360f PA:0x8000837c
        6905000	       689	00000000	00000013	addi	x0,x0,0	  x0:0x00000000
        6915000	       690	80001008	ff6402a3	sb	x22,-27(x8)	  x8:0x800082d2 x22:0x0000360f PA:0x800082b7
        6925000	       691	8000100c	fd544683	lbu	x13,-43(x8)	  x8:0x800082d2 x13=0x0000005c PA:0x800082a7
        6935000	       692	80001010	4037de93	srai	x29,x15,0x3	 x15:0x80000fff x29=0xf00001ff
        6945000	       693	80001014	401bdc93	srai	x25,x23,0x1	 x23:0x00000080 x25=0x00000040
        6955000	       694	80001018	fd544a03	lbu	x20,-43(x8)	  x8:0x800082d2 x20=0x0000005c PA:0x800082a7
        6965000	       695	8000101c	fd544b83	lbu	x23,-43(x8)	  x8:0x800082d2 x23=0x0000005c PA:0x800082a7
        6975000	       696	80001020	fd540603	lb	x12,-43(x8)	  x8:0x800082d2 x12=0x0000005c PA:0x800082a7
        6985000	       697	80001024	fd544b83	lbu	x23,-43(x8)	  x8:0x800082d2 x23=0x0000005c PA:0x800082a7
        6995000	       698	80001028	00007397	auipc	x7,0x7	  x7=0x80008024
        7005000	       699	8000102c	5ec38393	addi	x7,x7,1516	  x7:0x80008024  x7=0x80008610
        7015000	       700	80001030	00007717	auipc	x14,0x7	 x14=0x8000802c
        7025000	       701	80001034	3c570713	addi	x14,x14,965	 x14:0x8000802c x14=0x800083f1
        7035000	       702	80001038	00007097	auipc	x1,0x7	  x1=0x80008034
        7045000	       703	8000103c	31d08093	addi	x1,x1,797	  x1:0x80008034  x1=0x80008351
        7055000	       704	80001040	00007a97	auipc	x21,0x7	 x21=0x8000803c
        7065000	       705	80001044	686a8a93	addi	x21,x21,1670	 x21:0x8000803c x21=0x800086c2
        7075000	       706	80001048	00f72503	lw	x10,15(x14)	 x14:0x800083f1 x10=0xb8b9babb PA:0x80008400
        7085000	       707	8000104c	bc8a8783	lb	x15,-1080(x21)	 x21:0x800086c2 x15=0x00000041 PA:0x8000828a
        7095000	       708	80001050	f1408a03	lb	x20,-236(x1)	  x1:0x80008351 x20=0x0000001e PA:0x80008265
        7105000	       709	80001054	a913cb03	lbu	x22,-1391(x7)	  x7:0x80008610 x22=0x0000005a PA:0x800080a1
        7115000	       710	80001058	f320c603	lbu	x12,-206(x1)	  x1:0x80008351 x12=0x00000038 PA:0x80008283
        7125000	       711	8000105c	c20a9983	lh	x19,-992(x21)	 x21:0x800086c2 x19=0xffff9899 PA:0x800082e2
        7135000	       712	80001060	e7fa8203	lb	x4,-385(x21)	 x21:0x800086c2  x4=0xfffffffa PA:0x80008541
        7145000	       713	80001064	00007297	auipc	x5,0x7	  x5=0x80008060
        7155000	       714	80001068	03628293	addi	x5,x5,54	  x5:0x80008060  x5=0x80008096
        7165000	       715	8000106c	fe870a23	sb	x8,-12(x14)	 x14:0x800083f1  x8:0x800082d2 PA:0x800083e5
        7175000	       716	80001070	011723a3	sw	x17,7(x14)	 x14:0x800083f1 x17:0x80009fc4 PA:0x800083f8
        7185000	       717	80001074	f6f096a3	sh	x15,-147(x1)	  x1:0x80008351 x15:0x00000041 PA:0x800082be
        7195000	       718	80001078	b00a81a3	sb	x0,-1277(x21)	 x21:0x800086c2  x0:0x00000000 PA:0x800081c5
        7205000	       719	8000107c	fcb3c503	lbu	x10,-53(x7)	  x7:0x80008610 x10=0x00000090 PA:0x800085db
        7215000	       720	80001080	0142c783	lbu	x15,20(x5)	  x5:0x80008096 x15=0x00000061 PA:0x800080aa
        7225000	       721	80001084	ff32cd83	lbu	x27,-13(x5)	  x5:0x80008096 x27=0x00000042 PA:0x80008089
        7235000	       722	80001088	ee2a84a3	sb	x2,-279(x21)	 x21:0x800086c2  x2:0x00022060 PA:0x800085ab
        7245000	       723	8000108c	0032c783	lbu	x15,3(x5)	  x5:0x80008096 x15=0x00000052 PA:0x80008099
        7255000	       724	80001090	b5338523	sb	x19,-1206(x7)	  x7:0x80008610 x19:0xffff9899 PA:0x8000815a
        7265000	       725	80001094	a2e38da3	sb	x14,-1477(x7)	  x7:0x80008610 x14:0x800083f1 PA:0x8000804b
        7275000	       726	80001098	130aa323	sw	x16,294(x21)	 x21:0x800086c2 x16:0x80009f34 PA:0x800087e8
        7285000	       727	8000109c	0ee08223	sb	x14,228(x1)	  x1:0x80008351 x14:0x800083f1 PA:0x80008435
        7295000	       728	800010a0	01629a23	sh	x22,20(x5)	  x5:0x80008096 x22:0x0000005a PA:0x800080aa
        7305000	       729	800010a4	cffa8723	sb	x31,-786(x21)	 x21:0x800086c2 x31:0x00000008 PA:0x800083b0
        7315000	       730	800010a8	ffb70823	sb	x27,-16(x14)	 x14:0x800083f1 x27:0x00000042 PA:0x800083e1
        7325000	       731	800010ac	02928423	sb	x9,40(x5)	  x5:0x80008096  x9:0xffffff80 PA:0x800080be
        7335000	       732	800010b0	00670a03	lb	x20,6(x14)	 x14:0x800083f1 x20=0xffffffac PA:0x800083f7
        7345000	       733	800010b4	037280a3	sb	x23,33(x5)	  x5:0x80008096 x23:0x0000005c PA:0x800080b7
        7355000	       734	800010b8	fec2c583	lbu	x11,-20(x5)	  x5:0x80008096 x11=0x00000039 PA:0x80008082
        7365000	       735	800010bc	ff02ce03	lbu	x28,-16(x5)	  x5:0x80008096 x28=0x00000000 PA:0x80008086
        7375000	       736	800010c0	deb38103	lb	x2,-533(x7)	  x7:0x80008610  x2=0xffffff80 PA:0x800083fb
        7385000	       737	800010c4	00a70223	sb	x10,4(x14)	 x14:0x800083f1 x10:0x00000090 PA:0x800083f5
        7395000	       738	800010c8	dbd38183	lb	x3,-579(x7)	  x7:0x80008610  x3=0xffffff86 PA:0x800083cd
        7405000	       739	800010cc	ff670b83	lb	x23,-10(x14)	 x14:0x800083f1 x23=0xffffff9c PA:0x800083e7
        7415000	       740	800010d0	09508823	sb	x21,144(x1)	  x1:0x80008351 x21:0x800086c2 PA:0x800083e1
        7425000	       741	800010d4	e9a39783	lh	x15,-358(x7)	  x7:0x80008610 x15=0x00006061 PA:0x800084aa
        7435000	       742	800010d8	0192cc03	lbu	x24,25(x5)	  x5:0x80008096 x24=0x00000064 PA:0x800080af
        7445000	       743	800010dc	d6a38f23	sb	x10,-642(x7)	  x7:0x80008610 x10:0x00000090 PA:0x8000838e
        7455000	       744	800010e0	c29acc03	lbu	x24,-983(x21)	 x21:0x800086c2 x24=0x000000a0 PA:0x800082eb
        7465000	       745	800010e4	00b72b83	lw	x23,11(x14)	 x14:0x800083f1 x23=0xb4b5b6b7 PA:0x800083fc
        7475000	       746	800010e8	00d70103	lb	x2,13(x14)	 x14:0x800083f1  x2=0xffffffb5 PA:0x800083fe
        7485000	       747	800010ec	01a2cc03	lbu	x24,26(x5)	  x5:0x80008096 x24=0x0000006b PA:0x800080b0
        7495000	       748	800010f0	00174783	lbu	x15,1(x14)	 x14:0x800083f1 x15=0x000000a9 PA:0x800083f2
        7505000	       749	800010f4	00007117	auipc	x2,0x7	  x2=0x800080f0
        7515000	       750	800010f8	f8f10113	addi	x2,x2,-113	  x2:0x800080f0  x2=0x8000807f
        7525000	       751	800010fc	05d11503	lh	x10,93(x2)	  x2:0x8000807f x10=0xffff9697 PA:0x800080dc
        7535000	       752	80001100	04110923	sb	x1,82(x2)	  x2:0x8000807f  x1:0x80008351 PA:0x800080d1
        7545000	       753	80001104	01bf9433	sll	x8,x31,x27	 x31:0x00000008 x27:0x00000042  x8=0x00000020
        7555000	       754	80001108	22b9ed13	ori	x26,x19,555	 x19:0xffff9899 x26=0xffff9abb
        7565000	       755	8000110c	07111c83	lh	x25,113(x2)	  x2:0x8000807f x25=0xffffaaab PA:0x800080f0
        7575000	       756	80001110	0fe10d23	sb	x30,250(x2)	  x2:0x8000807f x30:0x00000000 PA:0x80008179
        7585000	       757	80001114	fdb11003	lh	x0,-37(x2)	  x2:0x8000807f PA:0x8000805a
        7595000	       758	80001118	09010183	lb	x3,144(x2)	  x2:0x8000807f  x3=0xffffffc4 PA:0x8000810f
        7605000	       759	8000111c	00692533	slt	x10,x18,x6	 x18:0x0000000f  x6:0x00000001 x10=0x00000000
        7615000	       760	80001120	048105a3	sb	x8,75(x2)	  x2:0x8000807f  x8:0x00000020 PA:0x800080ca
        7625000	       761	80001124	0013c0b3	xor	x1,x7,x1	  x7:0x80008610  x1:0x80008351  x1=0x00000541
        7635000	       762	80001128	02512403	lw	x8,37(x2)	  x2:0x8000807f  x8=0x5c5d5e5f PA:0x800080a4
        7645000	       763	8000112c	0bd15e03	lhu	x28,189(x2)	  x2:0x8000807f x28=0x0000f6f7 PA:0x8000813c
        7655000	       764	80001130	02d107a3	sb	x13,47(x2)	  x2:0x8000807f x13:0x0000005c PA:0x800080ae
        7665000	       765	80001134	09112aa3	sw	x17,149(x2)	  x2:0x8000807f x17:0x80009fc4 PA:0x80008114
        7675000	       766	80001138	c3033c13	sltiu	x24,x6,-976	  x6:0x00000001 x24=0x00000001
        7685000	       767	8000113c	a04c3293	sltiu	x5,x24,-1532	 x24:0x00000001  x5=0x00000001
        7695000	       768	80001140	0e410f03	lb	x30,228(x2)	  x2:0x8000807f x30=0x00000018 PA:0x80008163
        7705000	       769	80001144	008c3fb3	sltu	x31,x24,x8	 x24:0x00000001  x8:0x5c5d5e5f x31=0x00000001
        7715000	       770	80001148	00421093	slli	x1,x4,0x4	  x4:0xfffffffa  x1=0xffffffa0
        7725000	       771	8000114c	04714583	lbu	x11,71(x2)	  x2:0x8000807f x11=0x0000007d PA:0x800080c6
        7735000	       772	80001150	00000013	addi	x0,x0,0	  x0:0x00000000
        7745000	       773	80001154	00000013	addi	x0,x0,0	  x0:0x00000000
        7755000	       774	80001158	05c10c03	lb	x24,92(x2)	  x2:0x8000807f x24=0xffffff90 PA:0x800080db
        7765000	       775	00000000	00000013	addi	x0,x0,0	  x0:0x00000000
        7775000	       776	8000115c	09814683	lbu	x13,152(x2)	  x2:0x8000807f x13=0x00000080 PA:0x80008117
        7785000	       777	80001160	02810623	sb	x8,44(x2)	  x2:0x8000807f  x8:0x5c5d5e5f PA:0x800080ab
        7795000	       778	80001164	fd814f83	lbu	x31,-40(x2)	  x2:0x8000807f x31=0x0000000c PA:0x80008057
        7805000	       779	80001168	0071a9b3	slt	x19,x3,x7	  x3:0xffffffc4  x7:0x80008610 x19=0x00000000
        7815000	       780	8000116c	01994c33	xor	x24,x18,x25	 x18:0x0000000f x25:0xffffaaab x24=0xffffaaa4
        7825000	       781	80001170	00126f33	or	x30,x4,x1	  x4:0xfffffffa  x1:0xffffffa0 x30=0xfffffffa
        7835000	       782	80001174	01693d33	sltu	x26,x18,x22	 x18:0x0000000f x22:0x0000005a x26=0x00000001
        7845000	       783	80001178	1010f593	andi	x11,x1,257	  x1:0xffffffa0 x11=0x00000100
        7855000	       784	8000117c	218a0517	auipc	x10,0x218a0	 x10=0xa18a1178
        7865000	       785	80001180	00ea1113	slli	x2,x20,0xe	 x20:0xffffffac  x2=0xffeb0000
        7875000	       786	80001184	00fbee33	or	x28,x23,x15	 x23:0xb4b5b6b7 x15:0x000000a9 x28=0xb4b5b6bf
        7885000	       787	80001188	015f1a13	slli	x20,x30,0x15	 x30:0xfffffffa x20=0xff400000
        7895000	       788	8000118c	00844533	xor	x10,x8,x8	  x8:0x5c5d5e5f  x8:0x5c5d5e5f x10=0x00000000
        7905000	       789	80001190	70e254b7	lui	x9,0x70e25	  x9=0x70e25000
        7915000	       790	80001194	f7e1c593	xori	x11,x3,-130	  x3:0xffffffc4 x11=0x000000ba
        7925000	       791	80001198	53f90d13	addi	x26,x18,1343	 x18:0x0000000f x26=0x0000054e
        7935000	       792	8000119c	00604463	blt	x0,x6,800011a4	  x0:0x00000000  x6:0x00000001
        7945000	       793	00000000	00000013	addi	x0,x0,0	  x0:0x00000000
        7955000	       794	800011a0	00000013	addi	x0,x0,0	  x0:0x00000000
        7965000	       795	800011a4	005a5193	srli	x3,x20,0x5	 x20:0xff400000  x3=0x07fa0000
        7975000	       796	800011a8	01a37263	bgeu	x6,x26,800011ac	  x6:0x00000001 x26:0x0000054e
        7985000	       797	800011ac	b9e33f93	sltiu	x31,x6,-1122	  x6:0x00000001 x31=0x00000001
        7995000	       798	800011b0	0259da63	bge	x19,x5,800011e4	 x19:0x00000000  x5:0x00000001
        8005000	       799	800011b4	006c5263	bge	x24,x6,800011b8	 x24:0xffffaaa4  x6:0x00000001
        8015000	       800	800011b8	03da6863	bltu	x20,x29,800011e8	 x20:0xff400000 x29:0xf00001ff
        8025000	       801	800011bc	0668ab13	slti	x22,x17,102	 x17:0x80009fc4 x22=0x00000001
        8035000	       802	800011c0	773a2cb7	lui	x25,0x773a2	 x25=0x773a2000
        8045000	       803	800011c4	0117fe63	bgeu	x15,x17,800011e0	 x15:0x000000a9 x17:0x80009fc4
        8055000	       804	800011c8	8da22593	slti	x11,x4,-1830	  x4:0xfffffffa x11=0x00000000
        8065000	       805	800011cc	01435393	srli	x7,x6,0x14	  x6:0x00000001  x7=0x00000000
        8075000	       806	800011d0	01ee1393	slli	x7,x28,0x1e	 x28:0xb4b5b6bf  x7=0xc0000000
        8085000	       807	800011d4	93df0d93	addi	x27,x30,-1731	 x30:0xfffffffa x27=0xfffff937
        8095000	       808	800011d8	02a9ee63	bltu	x19,x10,80001214	 x19:0x00000000 x10:0x00000000
        8105000	       809	800011dc	01475c93	srli	x25,x14,0x14	 x14:0x800083f1 x25=0x00000800
        8115000	       810	800011e0	010de463	bltu	x27,x16,800011e8	 x27:0xfffff937 x16:0x80009f34
        8125000	       811	800011e4	0417f463	bgeu	x15,x1,8000122c	 x15:0x000000a9  x1:0xffffffa0
        8135000	       812	800011e8	02511063	bne	x2,x5,80001208	  x2:0xffeb0000  x5:0x00000001
        8145000	       813	00000000	00000013	addi	x0,x0,0	  x0:0x00000000
        8155000	       814	80001204	00000013	addi	x0,x0,0	  x0:0x00000000
        8165000	       815	80001208	01f146b3	xor	x13,x2,x31	  x2:0xffeb0000 x31:0x00000001 x13=0xffeb0001
        8175000	       816	8000120c	01665263	bge	x12,x22,80001210	 x12:0x00000038 x22:0x00000001
        8185000	       817	00000000	00000013	addi	x0,x0,0	  x0:0x00000000
        8195000	       818	8000120c	00000013	addi	x0,x0,0	  x0:0x00000000
        8205000	       819	80001210	021b9c63	bne	x23,x1,80001248	 x23:0xb4b5b6b7  x1:0xffffffa0
        8215000	       820	00000000	00000013	addi	x0,x0,0	  x0:0x00000000
        8225000	       821	80001244	00000013	addi	x0,x0,0	  x0:0x00000000
        8235000	       822	80001248	00fb77b3	and	x15,x22,x15	 x22:0x00000001 x15:0x000000a9 x15=0x00000001
        8245000	       823	8000124c	0120d463	bge	x1,x18,80001254	  x1:0xffffffa0 x18:0x0000000f
        8255000	       824	80001250	0294cab7	lui	x21,0x294c	 x21=0x0294c000
        8265000	       825	80001254	0165fdb3	and	x27,x11,x22	 x11:0x00000000 x22:0x00000001 x27=0x00000000
        8275000	       826	80001258	1855c393	xori	x7,x11,389	 x11:0x00000000  x7=0x00000185
        8285000	       827	8000125c	01fc53b3	srl	x7,x24,x31	 x24:0xffffaaa4 x31:0x00000001  x7=0x7fffd552
        8295000	       828	80001260	0021f333	and	x6,x3,x2	  x3:0x07fa0000  x2:0xffeb0000  x6=0x07ea0000
        8305000	       829	80001264	00000013	addi	x0,x0,0	  x0:0x00000000
        8315000	       830	80001268	01b8b333	sltu	x6,x17,x27	 x17:0x80009fc4 x27:0x00000000  x6=0x00000000
        8325000	       831	8000126c	7c70a213	slti	x4,x1,1991	  x1:0xffffffa0  x4=0x00000001
        8335000	       832	80001270	056a6863	bltu	x20,x22,800012c0	 x20:0xff400000 x22:0x00000001
        8345000	       833	80001274	00000013	addi	x0,x0,0	  x0:0x00000000
        8355000	       834	80001278	4175d493	srai	x9,x11,0x17	 x11:0x00000000  x9=0x00000000
        8365000	       835	8000127c	3941e613	ori	x12,x3,916	  x3:0x07fa0000 x12=0x07fa0394
        8375000	       836	80001280	00afd393	srli	x7,x31,0xa	 x31:0x00000001  x7=0x00000000
        8385000	       837	80001284	00000013	addi	x0,x0,0	  x0:0x00000000
        8395000	       838	80001288	2a9dcb93	xori	x23,x27,681	 x27:0x00000000 x23=0x000002a9
        8405000	       839	8000128c	00b20db3	add	x27,x4,x11	  x4:0x00000001 x11:0x00000000 x27=0x00000001
        8415000	       840	80001290	02ff9863	bne	x31,x15,800012c0	 x31:0x00000001 x15:0x00000001
        8425000	       841	80001294	01cf1e33	sll	x28,x30,x28	 x30:0xfffffffa x28:0xb4b5b6bf x28=0x00000000
        8435000	       842	80001298	00c65c63	bge	x12,x12,800012b0	 x12:0x07fa0394 x12:0x07fa0394
        8445000	       843	00000000	00000013	addi	x0,x0,0	  x0:0x00000000
        8455000	       844	800012ac	00000013	addi	x0,x0,0	  x0:0x00000000
        8465000	       845	800012b0	4074d6b3	sra	x13,x9,x7	  x9:0x00000000  x7:0x00000000 x13=0x00000000
        8475000	       846	800012b4	efa9ab93	slti	x23,x19,-262	 x19:0x00000000 x23=0x00000000
        8485000	       847	800012b8	00e93fb3	sltu	x31,x18,x14	 x18:0x0000000f x14:0x800083f1 x31=0x00000001
        8495000	       848	800012bc	41be5613	srai	x12,x28,0x1b	 x28:0x00000000 x12=0x00000000
        8505000	       849	800012c0	402fd9b3	sra	x19,x31,x2	 x31:0x00000001  x2:0xffeb0000 x19=0x00000001
        8515000	       850	800012c4	00c323b3	slt	x7,x6,x12	  x6:0x00000000 x12:0x00000000  x7=0x00000000
        8525000	       851	800012c8	40f38633	sub	x12,x7,x15	  x7:0x00000000 x15:0x00000001 x12=0xffffffff
        8535000	       852	800012cc	eceb6513	ori	x10,x22,-306	 x22:0x00000001 x10=0xfffffecf
        8545000	       853	800012d0	4070d9b3	sra	x19,x1,x7	  x1:0xffffffa0  x7:0x00000000 x19=0xffffffa0
        8555000	       854	800012d4	01de7333	and	x6,x28,x29	 x28:0x00000000 x29:0xf00001ff  x6=0x00000000
        8565000	       855	800012d8	03456c63	bltu	x10,x20,80001310	 x10:0xfffffecf x20:0xff400000
        8575000	       856	800012dc	00542433	slt	x8,x8,x5	  x8:0x5c5d5e5f  x5:0x00000001  x8=0x00000000
        8585000	       857	800012e0	00c29133	sll	x2,x5,x12	  x5:0x00000001 x12:0xffffffff  x2=0x80000000
        8595000	       858	800012e4	01c47b33	and	x22,x8,x28	  x8:0x00000000 x28:0x00000000 x22=0x00000000
        8605000	       859	800012e8	d6aaaf13	slti	x30,x21,-662	 x21:0x0294c000 x30=0x00000000
        8615000	       860	800012ec	00495fb3	srl	x31,x18,x4	 x18:0x0000000f  x4:0x00000001 x31=0x00000007
        8625000	       861	800012f0	aef47293	andi	x5,x8,-1297	  x8:0x00000000  x5=0x00000000
        8635000	       862	800012f4	02bd5463	bge	x26,x11,8000131c	 x26:0x0000054e x11:0x00000000
        8645000	       863	00000000	00000013	addi	x0,x0,0	  x0:0x00000000
        8655000	       864	80001318	00000013	addi	x0,x0,0	  x0:0x00000000
        8665000	       865	8000131c	41498db3	sub	x27,x19,x20	 x19:0xffffffa0 x20:0xff400000 x27=0x00bfffa0
        8675000	       866	80001320	019b31b3	sltu	x3,x22,x25	 x22:0x00000000 x25:0x00000800  x3=0x00000001
        8685000	       867	80001324	019ccb33	xor	x22,x25,x25	 x25:0x00000800 x25:0x00000800 x22=0x00000000
        8695000	       868	80001328	41f35c93	srai	x25,x6,0x1f	  x6:0x00000000 x25=0x00000000
        8705000	       869	8000132c	01ed5a63	bge	x26,x30,80001340	 x26:0x0000054e x30:0x00000000
        8715000	       870	00000000	00000013	addi	x0,x0,0	  x0:0x00000000
        8725000	       871	8000133c	00000013	addi	x0,x0,0	  x0:0x00000000
        8735000	       872	80001340	018edc33	srl	x24,x29,x24	 x29:0xf00001ff x24:0xffffaaa4 x24=0x0f00001f
        8745000	       873	80001344	00fc9e63	bne	x25,x15,80001360	 x25:0x00000000 x15:0x00000001
        8755000	       874	00000000	00000013	addi	x0,x0,0	  x0:0x00000000
        8765000	       875	8000135c	00000013	addi	x0,x0,0	  x0:0x00000000
        8775000	       876	80001360	f8d24f13	xori	x30,x4,-115	  x4:0x00000001 x30=0xffffff8c
        8785000	       877	80001364	0116bbb3	sltu	x23,x13,x17	 x13:0x00000000 x17:0x80009fc4 x23=0x00000001
        8795000	       878	80001368	00758cb3	add	x25,x11,x7	 x11:0x00000000  x7:0x00000000 x25=0x00000000
        8805000	       879	8000136c	c3504393	xori	x7,x0,-971	  x0:0x00000000  x7=0xfffffc35
        8815000	       880	80001370	01824263	blt	x4,x24,80001374	  x4:0x00000001 x24:0x0f00001f
        8825000	       881	00000000	00000013	addi	x0,x0,0	  x0:0x00000000
        8835000	       882	80001370	00000013	addi	x0,x0,0	  x0:0x00000000
        8845000	       883	80001374	0585c263	blt	x11,x24,800013b8	 x11:0x00000000 x24:0x0f00001f
        8855000	       884	00000000	00000013	addi	x0,x0,0	  x0:0x00000000
        8865000	       885	800013b4	00000013	addi	x0,x0,0	  x0:0x00000000
        8875000	       886	800013b8	671bc337	lui	x6,0x671bc	  x6=0x671bc000
        8885000	       887	800013bc	be6f3717	auipc	x14,0xbe6f3	 x14=0x3e6f43b8
        8895000	       888	800013c0	00317eb3	and	x29,x2,x3	  x2:0x80000000  x3:0x00000001 x29=0x00000000
        8905000	       889	800013c4	40255393	srai	x7,x10,0x2	 x10:0xfffffecf  x7=0xffffffb3
        8915000	       890	800013c8	002be233	or	x4,x23,x2	 x23:0x00000001  x2:0x80000000  x4=0x80000001
        8925000	       891	800013cc	418504b3	sub	x9,x10,x24	 x10:0xfffffecf x24:0x0f00001f  x9=0xf0fffeb0
        8935000	       892	800013d0	016ae0b3	or	x1,x21,x22	 x21:0x0294c000 x22:0x00000000  x1=0x0294c000
        8945000	       893	800013d4	01bcabb3	slt	x23,x25,x27	 x25:0x00000000 x27:0x00bfffa0 x23=0x00000001
        8955000	       894	800013d8	00482403	lw	x8,4(x16)	 x16:0x80009f34  x8=0x80001438 PA:0x80009f38
        8965000	       895	800013dc	00ac4133	xor	x2,x24,x10	 x24:0x0f00001f x10:0xfffffecf  x2=0xf0fffed0
        8975000	       896	800013e0	00a1d333	srl	x6,x3,x10	  x3:0x00000001 x10:0xfffffecf  x6=0x00000000
        8985000	       897	800013e4	02480813	addi	x16,x16,36	 x16:0x80009f34 x16=0x80009f58
        8995000	       898	800013e8	00b9dd33	srl	x26,x19,x11	 x19:0xffffffa0 x11:0x00000000 x26=0xffffffa0
        9005000	       899	800013ec	00040e13	addi	x28,x8,0	  x8:0x80001438 x28=0x80001438
        9015000	       900	800013f0	000e0e67	jalr	x28,x28,0	 x28:0x80001438 x28=0x800013f0
        9025000	       901	00000000	00000013	addi	x0,x0,0	  x0:0x00000000
        9035000	       902	80001438	00000013	addi	x0,x0,0	  x0:0x00000000
        9045000	       903	8000143c	4100d593	srai	x11,x1,0x10	  x1:0x0294c000 x11=0x00000294
        9055000	       904	80001440	01c74033	xor	x0,x14,x28	 x14:0x3e6f43b8 x28:0x800013f0
        9065000	       905	80001444	006195b3	sll	x11,x3,x6	  x3:0x00000001  x6:0x00000000 x11=0x00000001
        9075000	       906	80001448	dd27c413	xori	x8,x15,-558	 x15:0x00000001  x8=0xfffffdd3
        9085000	       907	8000144c	78b89037	lui	x0,0x78b89	
        9095000	       908	80001450	00b3fb33	and	x22,x7,x11	  x7:0xffffffb3 x11:0x00000001 x22=0x00000001
        9105000	       909	80001454	2ec9f693	andi	x13,x19,748	 x19:0xffffffa0 x13=0x000002a0
        9115000	       910	80001458	0020f863	bgeu	x1,x2,80001468	  x1:0x0294c000  x2:0xf0fffed0
        9125000	       911	8000145c	006950b3	srl	x1,x18,x6	 x18:0x0000000f  x6:0x00000000  x1=0x0000000f
        9135000	       912	80001460	b9bd6413	ori	x8,x26,-1125	 x26:0xffffffa0  x8=0xffffffbb
        9145000	       913	80001464	8e1a2a93	slti	x21,x20,-1823	 x20:0xff400000 x21=0x00000001
        9155000	       914	80001468	b3dff46f	jal	x8,80001468	  x8=0x80001468
        9165000	       915	00000000	00000013	addi	x0,x0,0	  x0:0x00000000
        9175000	       916	80000fa0	00000013	addi	x0,x0,0	  x0:0x00000000
        9185000	       917	80000fa4	00d74263	blt	x14,x13,80000fa8	 x14:0x3e6f43b8 x13:0x000002a0
        9195000	       918	80000fa8	fdc80813	addi	x16,x16,-36	 x16:0x80009f58 x16=0x80009f34
        9205000	       919	80000fac	4097d1b3	sra	x3,x15,x9	 x15:0x00000001  x9:0xf0fffeb0  x3=0x00000000
        9215000	       920	80000fb0	01e15f13	srli	x30,x2,0x1e	  x2:0xf0fffed0 x30=0x00000003
        9225000	       921	80000fb4	000d4d33	xor	x26,x26,x0	 x26:0xffffffa0  x0:0x00000000 x26=0xffffffa0
        9235000	       922	80000fb8	a3982e13	slti	x28,x16,-1479	 x16:0x80009f34 x28=0x00000001
        9245000	       923	80000fbc	010e3333	sltu	x6,x28,x16	 x28:0x00000001 x16:0x80009f34  x6=0x00000001
        9255000	       924	80000fc0	01ca1593	slli	x11,x20,0x1c	 x20:0xff400000 x11=0x00000000
        9265000	       925	80000fc4	01099ab3	sll	x21,x19,x16	 x19:0xffffffa0 x16:0x80009f34 x21=0xfa000000
        9275000	       926	80000fc8	1a183593	sltiu	x11,x16,417	 x16:0x80009f34 x11=0x00000000
        9285000	       927	80000fcc	01bb1393	slli	x7,x22,0x1b	 x22:0x00000001  x7=0x08000000
        9295000	       928	80000fd0	00882223	sw	x8,4(x16)	 x16:0x80009f34  x8:0x80001468 PA:0x80009f38
        9305000	       929	80000fd4	00000013	addi	x0,x0,0	  x0:0x00000000
        9315000	       930	80000fd8	00007417	auipc	x8,0x7	  x8=0x80007fd4
        9325000	       931	80000fdc	2fe40413	addi	x8,x8,766	  x8:0x80007fd4  x8=0x800082d2
        9335000	       932	80000fe0	023404a3	sb	x3,41(x8)	  x8:0x800082d2  x3:0x00000000 PA:0x800082fb
        9345000	       933	80000fe4	00000013	addi	x0,x0,0	  x0:0x00000000
        9355000	       934	80000fe8	035404a3	sb	x21,41(x8)	  x8:0x800082d2 x21:0xfa000000 PA:0x800082fb
        9365000	       935	80000fec	0aa40c83	lb	x25,170(x8)	  x8:0x800082d2 x25=0x0000000f PA:0x8000837c
        9375000	       936	80000ff0	0b240523	sb	x18,170(x8)	  x8:0x800082d2 x18:0x0000000f PA:0x8000837c
        9385000	       937	80000ff4	01b9edb3	or	x27,x19,x27	 x19:0xffffffa0 x27:0x00bfffa0 x27=0xffffffa0
        9395000	       938	80000ff8	0aa42d83	lw	x27,170(x8)	  x8:0x800082d2 x27=0x3435360f PA:0x8000837c
        9405000	       939	80000ffc	0aa42b03	lw	x22,170(x8)	  x8:0x800082d2 x22=0x3435360f PA:0x8000837c
        9415000	       940	80001000	00000013	addi	x0,x0,0	  x0:0x00000000
        9425000	       941	80001004	0aa41b03	lh	x22,170(x8)	  x8:0x800082d2 x22=0x0000360f PA:0x8000837c
        9435000	       942	00000000	00000013	addi	x0,x0,0	  x0:0x00000000
        9445000	       943	80001008	ff6402a3	sb	x22,-27(x8)	  x8:0x800082d2 x22:0x0000360f PA:0x800082b7
        9455000	       944	8000100c	fd544683	lbu	x13,-43(x8)	  x8:0x800082d2 x13=0x0000005c PA:0x800082a7
        9465000	       945	80001010	4037de93	srai	x29,x15,0x3	 x15:0x00000001 x29=0x00000000
        9475000	       946	80001014	401bdc93	srai	x25,x23,0x1	 x23:0x00000001 x25=0x00000000
        9485000	       947	80001018	fd544a03	lbu	x20,-43(x8)	  x8:0x800082d2 x20=0x0000005c PA:0x800082a7
        9495000	       948	8000101c	fd544b83	lbu	x23,-43(x8)	  x8:0x800082d2 x23=0x0000005c PA:0x800082a7
        9505000	       949	80001020	fd540603	lb	x12,-43(x8)	  x8:0x800082d2 x12=0x0000005c PA:0x800082a7
        9515000	       950	80001024	fd544b83	lbu	x23,-43(x8)	  x8:0x800082d2 x23=0x0000005c PA:0x800082a7
        9525000	       951	80001028	00007397	auipc	x7,0x7	  x7=0x80008024
        9535000	       952	8000102c	5ec38393	addi	x7,x7,1516	  x7:0x80008024  x7=0x80008610
        9545000	       953	80001030	00007717	auipc	x14,0x7	 x14=0x8000802c
        9555000	       954	80001034	3c570713	addi	x14,x14,965	 x14:0x8000802c x14=0x800083f1
        9565000	       955	80001038	00007097	auipc	x1,0x7	  x1=0x80008034
        9575000	       956	8000103c	31d08093	addi	x1,x1,797	  x1:0x80008034  x1=0x80008351
        9585000	       957	80001040	00007a97	auipc	x21,0x7	 x21=0x8000803c
        9595000	       958	80001044	686a8a93	addi	x21,x21,1670	 x21:0x8000803c x21=0x800086c2
        9605000	       959	80001048	00f72503	lw	x10,15(x14)	 x14:0x800083f1 x10=0xb8b9babb PA:0x80008400
        9615000	       960	8000104c	bc8a8783	lb	x15,-1080(x21)	 x21:0x800086c2 x15=0x00000041 PA:0x8000828a
        9625000	       961	80001050	f1408a03	lb	x20,-236(x1)	  x1:0x80008351 x20=0x0000001e PA:0x80008265
        9635000	       962	80001054	a913cb03	lbu	x22,-1391(x7)	  x7:0x80008610 x22=0x0000005a PA:0x800080a1
        9645000	       963	80001058	f320c603	lbu	x12,-206(x1)	  x1:0x80008351 x12=0x00000038 PA:0x80008283
        9655000	       964	8000105c	c20a9983	lh	x19,-992(x21)	 x21:0x800086c2 x19=0xffff9899 PA:0x800082e2
        9665000	       965	80001060	e7fa8203	lb	x4,-385(x21)	 x21:0x800086c2  x4=0xfffffffa PA:0x80008541
        9675000	       966	80001064	00007297	auipc	x5,0x7	  x5=0x80008060
        9685000	       967	80001068	03628293	addi	x5,x5,54	  x5:0x80008060  x5=0x80008096
        9695000	       968	8000106c	fe870a23	sb	x8,-12(x14)	 x14:0x800083f1  x8:0x800082d2 PA:0x800083e5
        9705000	       969	80001070	011723a3	sw	x17,7(x14)	 x14:0x800083f1 x17:0x80009fc4 PA:0x800083f8
        9715000	       970	80001074	f6f096a3	sh	x15,-147(x1)	  x1:0x80008351 x15:0x00000041 PA:0x800082be
        9725000	       971	80001078	b00a81a3	sb	x0,-1277(x21)	 x21:0x800086c2  x0:0x00000000 PA:0x800081c5
        9735000	       972	8000107c	fcb3c503	lbu	x10,-53(x7)	  x7:0x80008610 x10=0x00000090 PA:0x800085db
        9745000	       973	80001080	0142c783	lbu	x15,20(x5)	  x5:0x80008096 x15=0x0000005a PA:0x800080aa
        9755000	       974	80001084	ff32cd83	lbu	x27,-13(x5)	  x5:0x80008096 x27=0x00000042 PA:0x80008089
        9765000	       975	80001088	ee2a84a3	sb	x2,-279(x21)	 x21:0x800086c2  x2:0xf0fffed0 PA:0x800085ab
        9775000	       976	8000108c	0032c783	lbu	x15,3(x5)	  x5:0x80008096 x15=0x00000052 PA:0x80008099
        9785000	       977	80001090	b5338523	sb	x19,-1206(x7)	  x7:0x80008610 x19:0xffff9899 PA:0x8000815a
        9795000	       978	80001094	a2e38da3	sb	x14,-1477(x7)	  x7:0x80008610 x14:0x800083f1 PA:0x8000804b
        9805000	       979	80001098	130aa323	sw	x16,294(x21)	 x21:0x800086c2 x16:0x80009f34 PA:0x800087e8
        9815000	       980	8000109c	0ee08223	sb	x14,228(x1)	  x1:0x80008351 x14:0x800083f1 PA:0x80008435
        9825000	       981	800010a0	01629a23	sh	x22,20(x5)	  x5:0x80008096 x22:0x0000005a PA:0x800080aa
        9835000	       982	800010a4	cffa8723	sb	x31,-786(x21)	 x21:0x800086c2 x31:0x00000007 PA:0x800083b0
        9845000	       983	800010a8	ffb70823	sb	x27,-16(x14)	 x14:0x800083f1 x27:0x00000042 PA:0x800083e1
        9855000	       984	800010ac	02928423	sb	x9,40(x5)	  x5:0x80008096  x9:0xf0fffeb0 PA:0x800080be
        9865000	       985	800010b0	00670a03	lb	x20,6(x14)	 x14:0x800083f1 x20=0xffffffac PA:0x800083f7
        9875000	       986	800010b4	037280a3	sb	x23,33(x5)	  x5:0x80008096 x23:0x0000005c PA:0x800080b7
        9885000	       987	800010b8	fec2c583	lbu	x11,-20(x5)	  x5:0x80008096 x11=0x00000039 PA:0x80008082
        9895000	       988	800010bc	ff02ce03	lbu	x28,-16(x5)	  x5:0x80008096 x28=0x00000000 PA:0x80008086
        9905000	       989	800010c0	deb38103	lb	x2,-533(x7)	  x7:0x80008610  x2=0xffffff80 PA:0x800083fb
        9915000	       990	800010c4	00a70223	sb	x10,4(x14)	 x14:0x800083f1 x10:0x00000090 PA:0x800083f5
        9925000	       991	800010c8	dbd38183	lb	x3,-579(x7)	  x7:0x80008610  x3=0xffffff86 PA:0x800083cd
        9935000	       992	800010cc	ff670b83	lb	x23,-10(x14)	 x14:0x800083f1 x23=0xffffff9c PA:0x800083e7
        9945000	       993	800010d0	09508823	sb	x21,144(x1)	  x1:0x80008351 x21:0x800086c2 PA:0x800083e1
        9955000	       994	800010d4	e9a39783	lh	x15,-358(x7)	  x7:0x80008610 x15=0x00006061 PA:0x800084aa
        9965000	       995	800010d8	0192cc03	lbu	x24,25(x5)	  x5:0x80008096 x24=0x00000064 PA:0x800080af
        9975000	       996	800010dc	d6a38f23	sb	x10,-642(x7)	  x7:0x80008610 x10:0x00000090 PA:0x8000838e
        9985000	       997	800010e0	c29acc03	lbu	x24,-983(x21)	 x21:0x800086c2 x24=0x000000a0 PA:0x800082eb
        9995000	       998	800010e4	00b72b83	lw	x23,11(x14)	 x14:0x800083f1 x23=0xb4b5b6b7 PA:0x800083fc
       10005000	       999	800010e8	00d70103	lb	x2,13(x14)	 x14:0x800083f1  x2=0xffffffb5 PA:0x800083fe
       10015000	      1000	800010ec	01a2cc03	lbu	x24,26(x5)	  x5:0x80008096 x24=0x0000006b PA:0x800080b0
       10025000	      1001	800010f0	00174783	lbu	x15,1(x14)	 x14:0x800083f1 x15=0x000000a9 PA:0x800083f2
       10035000	      1002	800010f4	00007117	auipc	x2,0x7	  x2=0x800080f0
       10045000	      1003	800010f8	f8f10113	addi	x2,x2,-113	  x2:0x800080f0  x2=0x8000807f
       10055000	      1004	800010fc	05d11503	lh	x10,93(x2)	  x2:0x8000807f x10=0xffff9697 PA:0x800080dc
       10065000	      1005	80001100	04110923	sb	x1,82(x2)	  x2:0x8000807f  x1:0x80008351 PA:0x800080d1
       10075000	      1006	80001104	01bf9433	sll	x8,x31,x27	 x31:0x00000007 x27:0x00000042  x8=0x0000001c
       10085000	      1007	80001108	22b9ed13	ori	x26,x19,555	 x19:0xffff9899 x26=0xffff9abb
       10095000	      1008	8000110c	07111c83	lh	x25,113(x2)	  x2:0x8000807f x25=0xffffaaab PA:0x800080f0
       10105000	      1009	80001110	0fe10d23	sb	x30,250(x2)	  x2:0x8000807f x30:0x00000003 PA:0x80008179
       10115000	      1010	80001114	fdb11003	lh	x0,-37(x2)	  x2:0x8000807f PA:0x8000805a
       10125000	      1011	80001118	09010183	lb	x3,144(x2)	  x2:0x8000807f  x3=0xffffffc4 PA:0x8000810f
       10135000	      1012	8000111c	00692533	slt	x10,x18,x6	 x18:0x0000000f  x6:0x00000001 x10=0x00000000
       10145000	      1013	80001120	048105a3	sb	x8,75(x2)	  x2:0x8000807f  x8:0x0000001c PA:0x800080ca
       10155000	      1014	80001124	0013c0b3	xor	x1,x7,x1	  x7:0x80008610  x1:0x80008351  x1=0x00000541
       10165000	      1015	80001128	02512403	lw	x8,37(x2)	  x2:0x8000807f  x8=0x5c5d5e5f PA:0x800080a4
       10175000	      1016	8000112c	0bd15e03	lhu	x28,189(x2)	  x2:0x8000807f x28=0x0000f6f7 PA:0x8000813c
       10185000	      1017	80001130	02d107a3	sb	x13,47(x2)	  x2:0x8000807f x13:0x0000005c PA:0x800080ae
       10195000	      1018	80001134	09112aa3	sw	x17,149(x2)	  x2:0x8000807f x17:0x80009fc4 PA:0x80008114
       10205000	      1019	80001138	c3033c13	sltiu	x24,x6,-976	  x6:0x00000001 x24=0x00000001
       10215000	      1020	8000113c	a04c3293	sltiu	x5,x24,-1532	 x24:0x00000001  x5=0x00000001
       10225000	      1021	80001140	0e410f03	lb	x30,228(x2)	  x2:0x8000807f x30=0x00000018 PA:0x80008163
       10235000	      1022	80001144	008c3fb3	sltu	x31,x24,x8	 x24:0x00000001  x8:0x5c5d5e5f x31=0x00000001
       10245000	      1023	80001148	00421093	slli	x1,x4,0x4	  x4:0xfffffffa  x1=0xffffffa0
       10255000	      1024	8000114c	04714583	lbu	x11,71(x2)	  x2:0x8000807f x11=0x0000007d PA:0x800080c6
       10265000	      1025	80001150	00000013	addi	x0,x0,0	  x0:0x00000000
       10275000	      1026	80001154	00000013	addi	x0,x0,0	  x0:0x00000000
       10285000	      1027	80001158	05c10c03	lb	x24,92(x2)	  x2:0x8000807f x24=0xffffff90 PA:0x800080db
       10295000	      1028	00000000	00000013	addi	x0,x0,0	  x0:0x00000000
       10305000	      1029	8000115c	09814683	lbu	x13,152(x2)	  x2:0x8000807f x13=0x00000080 PA:0x80008117
       10315000	      1030	80001160	02810623	sb	x8,44(x2)	  x2:0x8000807f  x8:0x5c5d5e5f PA:0x800080ab
       10325000	      1031	80001164	fd814f83	lbu	x31,-40(x2)	  x2:0x8000807f x31=0x0000000c PA:0x80008057
       10335000	      1032	80001168	0071a9b3	slt	x19,x3,x7	  x3:0xffffffc4  x7:0x80008610 x19=0x00000000
       10345000	      1033	8000116c	01994c33	xor	x24,x18,x25	 x18:0x0000000f x25:0xffffaaab x24=0xffffaaa4
       10355000	      1034	80001170	00126f33	or	x30,x4,x1	  x4:0xfffffffa  x1:0xffffffa0 x30=0xfffffffa
       10365000	      1035	80001174	01693d33	sltu	x26,x18,x22	 x18:0x0000000f x22:0x0000005a x26=0x00000001
       10375000	      1036	80001178	1010f593	andi	x11,x1,257	  x1:0xffffffa0 x11=0x00000100
       10385000	      1037	8000117c	218a0517	auipc	x10,0x218a0	 x10=0xa18a1178
       10395000	      1038	80001180	00ea1113	slli	x2,x20,0xe	 x20:0xffffffac  x2=0xffeb0000
       10405000	      1039	80001184	00fbee33	or	x28,x23,x15	 x23:0xb4b5b6b7 x15:0x000000a9 x28=0xb4b5b6bf
       10415000	      1040	80001188	015f1a13	slli	x20,x30,0x15	 x30:0xfffffffa x20=0xff400000
       10425000	      1041	8000118c	00844533	xor	x10,x8,x8	  x8:0x5c5d5e5f  x8:0x5c5d5e5f x10=0x00000000
       10435000	      1042	80001190	70e254b7	lui	x9,0x70e25	  x9=0x70e25000
       10445000	      1043	80001194	f7e1c593	xori	x11,x3,-130	  x3:0xffffffc4 x11=0x000000ba
       10455000	      1044	80001198	53f90d13	addi	x26,x18,1343	 x18:0x0000000f x26=0x0000054e
       10465000	      1045	8000119c	00604463	blt	x0,x6,800011a4	  x0:0x00000000  x6:0x00000001
       10475000	      1046	00000000	00000013	addi	x0,x0,0	  x0:0x00000000
       10485000	      1047	800011a0	00000013	addi	x0,x0,0	  x0:0x00000000
       10495000	      1048	800011a4	005a5193	srli	x3,x20,0x5	 x20:0xff400000  x3=0x07fa0000
       10505000	      1049	800011a8	01a37263	bgeu	x6,x26,800011ac	  x6:0x00000001 x26:0x0000054e
       10515000	      1050	800011ac	b9e33f93	sltiu	x31,x6,-1122	  x6:0x00000001 x31=0x00000001
       10525000	      1051	800011b0	0259da63	bge	x19,x5,800011e4	 x19:0x00000000  x5:0x00000001
       10535000	      1052	800011b4	006c5263	bge	x24,x6,800011b8	 x24:0xffffaaa4  x6:0x00000001
       10545000	      1053	800011b8	03da6863	bltu	x20,x29,800011e8	 x20:0xff400000 x29:0x00000000
       10555000	      1054	800011bc	0668ab13	slti	x22,x17,102	 x17:0x80009fc4 x22=0x00000001
       10565000	      1055	800011c0	773a2cb7	lui	x25,0x773a2	 x25=0x773a2000
       10575000	      1056	800011c4	0117fe63	bgeu	x15,x17,800011e0	 x15:0x000000a9 x17:0x80009fc4
       10585000	      1057	800011c8	8da22593	slti	x11,x4,-1830	  x4:0xfffffffa x11=0x00000000
       10595000	      1058	800011cc	01435393	srli	x7,x6,0x14	  x6:0x00000001  x7=0x00000000
       10605000	      1059	800011d0	01ee1393	slli	x7,x28,0x1e	 x28:0xb4b5b6bf  x7=0xc0000000
       10615000	      1060	800011d4	93df0d93	addi	x27,x30,-1731	 x30:0xfffffffa x27=0xfffff937
       10625000	      1061	800011d8	02a9ee63	bltu	x19,x10,80001214	 x19:0x00000000 x10:0x00000000
       10635000	      1062	800011dc	01475c93	srli	x25,x14,0x14	 x14:0x800083f1 x25=0x00000800
       10645000	      1063	800011e0	010de463	bltu	x27,x16,800011e8	 x27:0xfffff937 x16:0x80009f34
       10655000	      1064	800011e4	0417f463	bgeu	x15,x1,8000122c	 x15:0x000000a9  x1:0xffffffa0
       10665000	      1065	800011e8	02511063	bne	x2,x5,80001208	  x2:0xffeb0000  x5:0x00000001
       10675000	      1066	00000000	00000013	addi	x0,x0,0	  x0:0x00000000
       10685000	      1067	80001204	00000013	addi	x0,x0,0	  x0:0x00000000
       10695000	      1068	80001208	01f146b3	xor	x13,x2,x31	  x2:0xffeb0000 x31:0x00000001 x13=0xffeb0001
       10705000	      1069	8000120c	01665263	bge	x12,x22,80001210	 x12:0x00000038 x22:0x00000001
       10715000	      1070	00000000	00000013	addi	x0,x0,0	  x0:0x00000000
       10725000	      1071	8000120c	00000013	addi	x0,x0,0	  x0:0x00000000
       10735000	      1072	80001210	021b9c63	bne	x23,x1,80001248	 x23:0xb4b5b6b7  x1:0xffffffa0
       10745000	      1073	00000000	00000013	addi	x0,x0,0	  x0:0x00000000
       10755000	      1074	80001244	00000013	addi	x0,x0,0	  x0:0x00000000
       10765000	      1075	80001248	00fb77b3	and	x15,x22,x15	 x22:0x00000001 x15:0x000000a9 x15=0x00000001
       10775000	      1076	8000124c	0120d463	bge	x1,x18,80001254	  x1:0xffffffa0 x18:0x0000000f
       10785000	      1077	80001250	0294cab7	lui	x21,0x294c	 x21=0x0294c000
       10795000	      1078	80001254	0165fdb3	and	x27,x11,x22	 x11:0x00000000 x22:0x00000001 x27=0x00000000
       10805000	      1079	80001258	1855c393	xori	x7,x11,389	 x11:0x00000000  x7=0x00000185
       10815000	      1080	8000125c	01fc53b3	srl	x7,x24,x31	 x24:0xffffaaa4 x31:0x00000001  x7=0x7fffd552
       10825000	      1081	80001260	0021f333	and	x6,x3,x2	  x3:0x07fa0000  x2:0xffeb0000  x6=0x07ea0000
       10835000	      1082	80001264	00000013	addi	x0,x0,0	  x0:0x00000000
       10845000	      1083	80001268	01b8b333	sltu	x6,x17,x27	 x17:0x80009fc4 x27:0x00000000  x6=0x00000000
       10855000	      1084	8000126c	7c70a213	slti	x4,x1,1991	  x1:0xffffffa0  x4=0x00000001
       10865000	      1085	80001270	056a6863	bltu	x20,x22,800012c0	 x20:0xff400000 x22:0x00000001
       10875000	      1086	80001274	00000013	addi	x0,x0,0	  x0:0x00000000
       10885000	      1087	80001278	4175d493	srai	x9,x11,0x17	 x11:0x00000000  x9=0x00000000
       10895000	      1088	8000127c	3941e613	ori	x12,x3,916	  x3:0x07fa0000 x12=0x07fa0394
       10905000	      1089	80001280	00afd393	srli	x7,x31,0xa	 x31:0x00000001  x7=0x00000000
       10915000	      1090	80001284	00000013	addi	x0,x0,0	  x0:0x00000000
       10925000	      1091	80001288	2a9dcb93	xori	x23,x27,681	 x27:0x00000000 x23=0x000002a9
       10935000	      1092	8000128c	00b20db3	add	x27,x4,x11	  x4:0x00000001 x11:0x00000000 x27=0x00000001
       10945000	      1093	80001290	02ff9863	bne	x31,x15,800012c0	 x31:0x00000001 x15:0x00000001
       10955000	      1094	80001294	01cf1e33	sll	x28,x30,x28	 x30:0xfffffffa x28:0xb4b5b6bf x28=0x00000000
       10965000	      1095	80001298	00c65c63	bge	x12,x12,800012b0	 x12:0x07fa0394 x12:0x07fa0394
       10975000	      1096	00000000	00000013	addi	x0,x0,0	  x0:0x00000000
       10985000	      1097	800012ac	00000013	addi	x0,x0,0	  x0:0x00000000
       10995000	      1098	800012b0	4074d6b3	sra	x13,x9,x7	  x9:0x00000000  x7:0x00000000 x13=0x00000000
       11005000	      1099	800012b4	efa9ab93	slti	x23,x19,-262	 x19:0x00000000 x23=0x00000000
       11015000	      1100	800012b8	00e93fb3	sltu	x31,x18,x14	 x18:0x0000000f x14:0x800083f1 x31=0x00000001
       11025000	      1101	800012bc	41be5613	srai	x12,x28,0x1b	 x28:0x00000000 x12=0x00000000
       11035000	      1102	800012c0	402fd9b3	sra	x19,x31,x2	 x31:0x00000001  x2:0xffeb0000 x19=0x00000001
       11045000	      1103	800012c4	00c323b3	slt	x7,x6,x12	  x6:0x00000000 x12:0x00000000  x7=0x00000000
       11055000	      1104	800012c8	40f38633	sub	x12,x7,x15	  x7:0x00000000 x15:0x00000001 x12=0xffffffff
       11065000	      1105	800012cc	eceb6513	ori	x10,x22,-306	 x22:0x00000001 x10=0xfffffecf
       11075000	      1106	800012d0	4070d9b3	sra	x19,x1,x7	  x1:0xffffffa0  x7:0x00000000 x19=0xffffffa0
       11085000	      1107	800012d4	01de7333	and	x6,x28,x29	 x28:0x00000000 x29:0x00000000  x6=0x00000000
       11095000	      1108	800012d8	03456c63	bltu	x10,x20,80001310	 x10:0xfffffecf x20:0xff400000
       11105000	      1109	800012dc	00542433	slt	x8,x8,x5	  x8:0x5c5d5e5f  x5:0x00000001  x8=0x00000000
       11115000	      1110	800012e0	00c29133	sll	x2,x5,x12	  x5:0x00000001 x12:0xffffffff  x2=0x80000000
       11125000	      1111	800012e4	01c47b33	and	x22,x8,x28	  x8:0x00000000 x28:0x00000000 x22=0x00000000
       11135000	      1112	800012e8	d6aaaf13	slti	x30,x21,-662	 x21:0x0294c000 x30=0x00000000
       11145000	      1113	800012ec	00495fb3	srl	x31,x18,x4	 x18:0x0000000f  x4:0x00000001 x31=0x00000007
       11155000	      1114	800012f0	aef47293	andi	x5,x8,-1297	  x8:0x00000000  x5=0x00000000
       11165000	      1115	800012f4	02bd5463	bge	x26,x11,8000131c	 x26:0x0000054e x11:0x00000000
       11175000	      1116	00000000	00000013	addi	x0,x0,0	  x0:0x00000000
       11185000	      1117	80001318	00000013	addi	x0,x0,0	  x0:0x00000000
       11195000	      1118	8000131c	41498db3	sub	x27,x19,x20	 x19:0xffffffa0 x20:0xff400000 x27=0x00bfffa0
       11205000	      1119	80001320	019b31b3	sltu	x3,x22,x25	 x22:0x00000000 x25:0x00000800  x3=0x00000001
       11215000	      1120	80001324	019ccb33	xor	x22,x25,x25	 x25:0x00000800 x25:0x00000800 x22=0x00000000
       11225000	      1121	80001328	41f35c93	srai	x25,x6,0x1f	  x6:0x00000000 x25=0x00000000
       11235000	      1122	8000132c	01ed5a63	bge	x26,x30,80001340	 x26:0x0000054e x30:0x00000000
       11245000	      1123	00000000	00000013	addi	x0,x0,0	  x0:0x00000000
       11255000	      1124	8000133c	00000013	addi	x0,x0,0	  x0:0x00000000
       11265000	      1125	80001340	018edc33	srl	x24,x29,x24	 x29:0x00000000 x24:0xffffaaa4 x24=0x00000000
       11275000	      1126	80001344	00fc9e63	bne	x25,x15,80001360	 x25:0x00000000 x15:0x00000001
       11285000	      1127	00000000	00000013	addi	x0,x0,0	  x0:0x00000000
       11295000	      1128	8000135c	00000013	addi	x0,x0,0	  x0:0x00000000
       11305000	      1129	80001360	f8d24f13	xori	x30,x4,-115	  x4:0x00000001 x30=0xffffff8c
       11315000	      1130	80001364	0116bbb3	sltu	x23,x13,x17	 x13:0x00000000 x17:0x80009fc4 x23=0x00000001
       11325000	      1131	80001368	00758cb3	add	x25,x11,x7	 x11:0x00000000  x7:0x00000000 x25=0x00000000
       11335000	      1132	8000136c	c3504393	xori	x7,x0,-971	  x0:0x00000000  x7=0xfffffc35
       11345000	      1133	80001370	01824263	blt	x4,x24,80001374	  x4:0x00000001 x24:0x00000000
       11355000	      1134	80001374	0585c263	blt	x11,x24,800013b8	 x11:0x00000000 x24:0x00000000
       11365000	      1135	80001378	035dd863	bge	x27,x21,800013a8	 x27:0x00bfffa0 x21:0x0294c000
       11375000	      1136	8000137c	0197f463	bgeu	x15,x25,80001384	 x15:0x00000001 x25:0x00000000
       11385000	      1137	00000000	00000013	addi	x0,x0,0	  x0:0x00000000
       11395000	      1138	80001380	00000013	addi	x0,x0,0	  x0:0x00000000
       11405000	      1139	80001384	96ae4f13	xori	x30,x28,-1686	 x28:0x00000000 x30=0xfffff96a
       11415000	      1140	80001388	00228463	beq	x5,x2,80001390	  x5:0x00000000  x2:0x80000000
       11425000	      1141	8000138c	03f0c663	blt	x1,x31,800013b8	  x1:0xffffffa0 x31:0x00000007
       11435000	      1142	00000000	00000013	addi	x0,x0,0	  x0:0x00000000
       11445000	      1143	800013b4	00000013	addi	x0,x0,0	  x0:0x00000000
       11455000	      1144	800013b8	671bc337	lui	x6,0x671bc	  x6=0x671bc000
       11465000	      1145	800013bc	be6f3717	auipc	x14,0xbe6f3	 x14=0x3e6f43b8
       11475000	      1146	800013c0	00317eb3	and	x29,x2,x3	  x2:0x80000000  x3:0x00000001 x29=0x00000000
       11485000	      1147	800013c4	40255393	srai	x7,x10,0x2	 x10:0xfffffecf  x7=0xffffffb3
       11495000	      1148	800013c8	002be233	or	x4,x23,x2	 x23:0x00000001  x2:0x80000000  x4=0x80000001
       11505000	      1149	800013cc	418504b3	sub	x9,x10,x24	 x10:0xfffffecf x24:0x00000000  x9=0xfffffecf
       11515000	      1150	800013d0	016ae0b3	or	x1,x21,x22	 x21:0x0294c000 x22:0x00000000  x1=0x0294c000
       11525000	      1151	800013d4	01bcabb3	slt	x23,x25,x27	 x25:0x00000000 x27:0x00bfffa0 x23=0x00000001
       11535000	      1152	800013d8	00482403	lw	x8,4(x16)	 x16:0x80009f34  x8=0x80001468 PA:0x80009f38
       11545000	      1153	800013dc	00ac4133	xor	x2,x24,x10	 x24:0x00000000 x10:0xfffffecf  x2=0xfffffecf
       11555000	      1154	800013e0	00a1d333	srl	x6,x3,x10	  x3:0x00000001 x10:0xfffffecf  x6=0x00000000
       11565000	      1155	800013e4	02480813	addi	x16,x16,36	 x16:0x80009f34 x16=0x80009f58
       11575000	      1156	800013e8	00b9dd33	srl	x26,x19,x11	 x19:0xffffffa0 x11:0x00000000 x26=0xffffffa0
       11585000	      1157	800013ec	00040e13	addi	x28,x8,0	  x8:0x80001468 x28=0x80001468
       11595000	      1158	800013f0	000e0e67	jalr	x28,x28,0	 x28:0x80001468 x28=0x800013f0
       11605000	      1159	00000000	00000013	addi	x0,x0,0	  x0:0x00000000
       11615000	      1160	80001468	00000013	addi	x0,x0,0	  x0:0x00000000
       11625000	      1161	8000146c	00007597	auipc	x11,0x7	 x11=0x80008468
       11635000	      1162	80001470	32458593	addi	x11,x11,804	 x11:0x80008468 x11=0x8000878c
       11645000	      1163	80001474	00007c97	auipc	x25,0x7	 x25=0x80008470
       11655000	      1164	80001478	05ec8c93	addi	x25,x25,94	 x25:0x80008470 x25=0x800084ce
       11665000	      1165	8000147c	0e7cca03	lbu	x20,231(x25)	 x25:0x800084ce x20=0x0000006e PA:0x800085b5
       11675000	      1166	80001480	ff158983	lb	x19,-15(x11)	 x11:0x8000878c x19=0x00000036 PA:0x8000877d
       11685000	      1167	80001484	00007697	auipc	x13,0x7	 x13=0x80008480
       11695000	      1168	80001488	14a68693	addi	x13,x13,330	 x13:0x80008480 x13=0x800085ca
       11705000	      1169	8000148c	00007297	auipc	x5,0x7	  x5=0x80008488
       11715000	      1170	80001490	2c928293	addi	x5,x5,713	  x5:0x80008488  x5=0x80008751
       11725000	      1171	80001494	ffb58f03	lb	x30,-5(x11)	 x11:0x8000878c x30=0x0000003c PA:0x80008787
       11735000	      1172	80001498	00a6a383	lw	x7,10(x13)	 x13:0x800085ca  x7=0x8c8d8e8f PA:0x800085d4
       11745000	      1173	8000149c	ff359823	sh	x19,-16(x11)	 x11:0x8000878c x19:0x00000036 PA:0x8000877c
       11755000	      1174	800014a0	05acde03	lhu	x28,90(x25)	 x25:0x800084ce x28=0x0000e2e3 PA:0x80008528
       11765000	      1175	800014a4	018c8a83	lb	x21,24(x25)	 x25:0x800084ce x21=0xffffff9d PA:0x800084e6
       11775000	      1176	800014a8	fe62a9a3	sw	x6,-13(x5)	  x5:0x80008751  x6:0x00000000 PA:0x80008744
       11785000	      1177	800014ac	ff758203	lb	x4,-9(x11)	 x11:0x8000878c  x4=0x00000038 PA:0x80008783
       11795000	      1178	800014b0	00069f83	lh	x31,0(x13)	 x13:0x800085ca x31=0xffff8081 PA:0x800085ca
       11805000	      1179	800014b4	00c5de83	lhu	x29,12(x11)	 x11:0x8000878c x29=0x00005253 PA:0x80008798
       11815000	      1180	800014b8	fe12aba3	sw	x1,-9(x5)	  x5:0x80008751  x1:0x0294c000 PA:0x80008748
       11825000	      1181	800014bc	f37c8f03	lb	x30,-201(x25)	 x25:0x800084ce x30=0xffffffbe PA:0x80008405
       11835000	      1182	800014c0	009cc703	lbu	x14,9(x25)	 x25:0x800084ce x14=0x0000008c PA:0x800084d7
       11845000	      1183	800014c4	096cdf83	lhu	x31,150(x25)	 x25:0x800084ce x31=0x00001e1f PA:0x80008564
       11855000	      1184	00000000	00000013	addi	x0,x0,0	  x0:0x00000000
       11865000	      1185	800014c8	fff68da3	sb	x31,-5(x13)	 x13:0x800085ca x31:0x00001e1f PA:0x800085c5
       11875000	      1186	800014cc	fff58ba3	sb	x31,-9(x11)	 x11:0x8000878c x31:0x00001e1f PA:0x80008783
       11885000	      1187	800014d0	00b58183	lb	x3,11(x11)	 x11:0x8000878c  x3=0x0000004c PA:0x80008797
       11895000	      1188	800014d4	ffd28b23	sb	x29,-10(x5)	  x5:0x80008751 x29:0x00005253 PA:0x80008747
       11905000	      1189	800014d8	f85c8e03	lb	x28,-123(x25)	 x25:0x800084ce x28=0x00000008 PA:0x80008453
       11915000	      1190	800014dc	00e5dc03	lhu	x24,14(x11)	 x11:0x8000878c x24=0x00005051 PA:0x8000879a
       11925000	      1191	800014e0	00f6c403	lbu	x8,15(x13)	 x13:0x800085ca  x8=0x00000092 PA:0x800085d9
       11935000	      1192	800014e4	ffa28ca3	sb	x26,-7(x5)	  x5:0x80008751 x26:0xffffffa0 PA:0x8000874a
       11945000	      1193	800014e8	00c587a3	sb	x12,15(x11)	 x11:0x8000878c x12:0xffffffff PA:0x8000879b
       11955000	      1194	800014ec	031c8383	lb	x7,49(x25)	 x25:0x800084ce  x7=0xffffffb4 PA:0x800084ff
       11965000	      1195	800014f0	ff92cf83	lbu	x31,-7(x5)	  x5:0x80008751 x31=0x000000a0 PA:0x8000874a
       11975000	      1196	800014f4	003686a3	sb	x3,13(x13)	 x13:0x800085ca  x3:0x0000004c PA:0x800085d7
       11985000	      1197	800014f8	00007097	auipc	x1,0x7	  x1=0x800084f4
       11995000	      1198	800014fc	36f08093	addi	x1,x1,879	  x1:0x800084f4  x1=0x80008863
       12005000	      1199	80001500	6c00c403	lbu	x8,1728(x1)	  x1:0x80008863  x8=0x00000008 PA:0x80008f23
       12015000	      1200	80001504	6cf08023	sb	x15,1728(x1)	  x1:0x80008863 x15:0x00000001 PA:0x80008f23
       12025000	      1201	80001508	6cd08023	sb	x13,1728(x1)	  x1:0x80008863 x13:0x800085ca PA:0x80008f23
       12035000	      1202	8000150c	00000013	addi	x0,x0,0	  x0:0x00000000
       12045000	      1203	80001510	0020afb3	slt	x31,x1,x2	  x1:0x80008863  x2:0xfffffecf x31=0x00000001
       12055000	      1204	80001514	6d108023	sb	x17,1728(x1)	  x1:0x80008863 x17:0x80009fc4 PA:0x80008f23
       12065000	      1205	80001518	004506b3	add	x13,x10,x4	 x10:0xfffffecf  x4:0x00000038 x13=0xffffff07
       12075000	      1206	8000151c	6c008503	lb	x10,1728(x1)	  x1:0x80008863 x10=0xffffffc4 PA:0x80008f23
       12085000	      1207	80001520	4ad09a03	lh	x20,1197(x1)	  x1:0x80008863 x20=0xfffffafb PA:0x80008d10
       12095000	      1208	80001524	66409da3	sh	x4,1659(x1)	  x1:0x80008863  x4:0x00000038 PA:0x80008ede
       12105000	      1209	80001528	01217533	and	x10,x2,x18	  x2:0xfffffecf x18:0x0000000f x10=0x0000000f
       12115000	      1210	8000152c	15c08b83	lb	x23,348(x1)	  x1:0x80008863 x23=0xffffffa4 PA:0x800089bf
       12125000	      1211	80001530	15b08e23	sb	x27,348(x1)	  x1:0x80008863 x27:0x00bfffa0 PA:0x800089bf
       12135000	      1212	80001534	030088a3	sb	x16,49(x1)	  x1:0x80008863 x16:0x80009f58 PA:0x80008894
       12145000	      1213	80001538	00000013	addi	x0,x0,0	  x0:0x00000000
       12155000	      1214	8000153c	6be08e23	sb	x30,1724(x1)	  x1:0x80008863 x30:0xffffffbe PA:0x80008f1f
       12165000	      1215	80001540	6aa08e23	sb	x10,1724(x1)	  x1:0x80008863 x10:0x0000000f PA:0x80008f1f
       12175000	      1216	80001544	41b70eb3	sub	x29,x14,x27	 x14:0x0000008c x27:0x00bfffa0 x29=0xff4000ec
       12185000	      1217	80001548	6bc0ca03	lbu	x20,1724(x1)	  x1:0x80008863 x20=0x0000000f PA:0x80008f1f
       12195000	      1218	8000154c	00007b97	auipc	x23,0x7	 x23=0x80008548
       12205000	      1219	80001550	e46b8b93	addi	x23,x23,-442	 x23:0x80008548 x23=0x8000838e
       12215000	      1220	80001554	211ba923	sw	x17,530(x23)	 x23:0x8000838e x17:0x80009fc4 PA:0x800085a0
       12225000	      1221	80001558	6198a997	auipc	x19,0x6198a	 x19=0xe198b554
       12235000	      1222	8000155c	8fd7ad13	slti	x26,x15,-1795	 x15:0x00000001 x26=0x00000000
       12245000	      1223	80001560	3ebbc483	lbu	x9,1003(x23)	 x23:0x8000838e  x9=0x00000032 PA:0x80008779
       12255000	      1224	80001564	1bcb8223	sb	x28,420(x23)	 x23:0x8000838e x28:0x00000008 PA:0x80008532
       12265000	      1225	80001568	5b4a0493	addi	x9,x20,1460	 x20:0x0000000f  x9=0x000005c3
       12275000	      1226	8000156c	41bd8f33	sub	x30,x27,x27	 x27:0x00bfffa0 x27:0x00bfffa0 x30=0x00000000
       12285000	      1227	80001570	e6cb8ca3	sb	x12,-391(x23)	 x23:0x8000838e x12:0xffffffff PA:0x80008207
       12295000	      1228	80001574	060bc983	lbu	x19,96(x23)	 x23:0x8000838e x19=0x000000a5 PA:0x800083ee
       12305000	      1229	80001578	047bc103	lbu	x2,71(x23)	 x23:0x8000838e  x2=0x0000008e PA:0x800083d5
       12315000	      1230	8000157c	016b8f23	sb	x22,30(x23)	 x23:0x8000838e x22:0x00000000 PA:0x800083ac
       12325000	      1231	80001580	00000013	addi	x0,x0,0	  x0:0x00000000
       12335000	      1232	80001584	01ee1633	sll	x12,x28,x30	 x28:0x00000008 x30:0x00000000 x12=0x00000008
       12345000	      1233	80001588	e7ab8aa3	sb	x26,-395(x23)	 x23:0x8000838e x26:0x00000000 PA:0x80008203
       12355000	      1234	8000158c	00da2733	slt	x14,x20,x13	 x20:0x0000000f x13:0xffffff07 x14=0x00000000
       12365000	      1235	80001590	207b9423	sh	x7,520(x23)	 x23:0x8000838e  x7:0xffffffb4 PA:0x80008596
       12375000	      1236	80001594	256ba483	lw	x9,598(x23)	 x23:0x8000838e  x9=0x9c9d9eb4 PA:0x800085e4
       12385000	      1237	80001598	e6bbc683	lbu	x13,-405(x23)	 x23:0x8000838e x13=0x000000b2 PA:0x800081f9
       12395000	      1238	8000159c	7492b493	sltiu	x9,x5,1865	  x5:0x80008751  x9=0x00000000
       12405000	      1239	800015a0	114bcb03	lbu	x22,276(x23)	 x23:0x8000838e x22=0x00000059 PA:0x800084a2
       12415000	      1240	800015a4	18ab8aa3	sb	x10,405(x23)	 x23:0x8000838e x10:0x0000000f PA:0x80008523
       12425000	      1241	800015a8	223bc603	lbu	x12,547(x23)	 x23:0x8000838e x12=0x0000006a PA:0x800085b1
       12435000	      1242	00000000	00000013	addi	x0,x0,0	  x0:0x00000000
       12445000	      1243	800015ac	0ec8e193	ori	x3,x17,236	 x17:0x80009fc4  x3=0x80009fec
       12455000	      1244	800015b0	30cbdf03	lhu	x30,780(x23)	 x23:0x8000838e x30=0x00005051 PA:0x8000869a
       12465000	      1245	800015b4	024b8c03	lb	x24,36(x23)	 x23:0x8000838e x24=0x00000069 PA:0x800083b2
       12475000	      1246	800015b8	34bb8503	lb	x10,843(x23)	 x23:0x8000838e x10=0xffffff92 PA:0x800086d9
       12485000	      1247	800015bc	01e206b3	add	x13,x4,x30	  x4:0x00000038 x30:0x00005051 x13=0x00005089
       12495000	      1248	800015c0	420b8ea3	sb	x0,1085(x23)	 x23:0x8000838e  x0:0x00000000 PA:0x800087cb
       12505000	      1249	800015c4	22bbc303	lbu	x6,555(x23)	 x23:0x8000838e  x6=0x00000072 PA:0x800085b9
       12515000	      1250	800015c8	d21bca03	lbu	x20,-735(x23)	 x23:0x8000838e x20=0x00000064 PA:0x800080af
       12525000	      1251	800015cc	eeeb8723	sb	x14,-274(x23)	 x23:0x8000838e x14:0x00000000 PA:0x8000827c
       12535000	      1252	800015d0	fceb85a3	sb	x14,-53(x23)	 x23:0x8000838e x14:0x00000000 PA:0x80008359
       12545000	      1253	800015d4	f86bc003	lbu	x0,-122(x23)	 x23:0x8000838e PA:0x80008314
       12555000	      1254	800015d8	00007697	auipc	x13,0x7	 x13=0x800085d4
       12565000	      1255	800015dc	d5168693	addi	x13,x13,-687	 x13:0x800085d4 x13=0x80008325
       12575000	      1256	800015e0	00007f97	auipc	x31,0x7	 x31=0x800085dc
       12585000	      1257	800015e4	b7bf8f93	addi	x31,x31,-1157	 x31:0x800085dc x31=0x80008157
       12595000	      1258	800015e8	1d169ba3	sh	x17,471(x13)	 x13:0x80008325 x17:0x80009fc4 PA:0x800084fc
       12605000	      1259	800015ec	127f96a3	sh	x7,301(x31)	 x31:0x80008157  x7:0xffffffb4 PA:0x80008284
       12615000	      1260	800015f0	1c56d503	lhu	x10,453(x13)	 x13:0x80008325 x10=0x0000a0a1 PA:0x800084ea
       12625000	      1261	800015f4	f4ef8a03	lb	x20,-178(x31)	 x31:0x80008157 x20=0x0000005e PA:0x800080a5
       12635000	      1262	800015f8	47efa2a3	sw	x30,1125(x31)	 x31:0x80008157 x30:0x00005051 PA:0x800085bc
       12645000	      1263	800015fc	138f8383	lb	x7,312(x31)	 x31:0x80008157  x7=0x00000044 PA:0x8000828f
       12655000	      1264	80001600	15468603	lb	x12,340(x13)	 x13:0x80008325 x12=0x00000032 PA:0x80008479
       12665000	      1265	80001604	31efc083	lbu	x1,798(x31)	 x31:0x80008157  x1=0x0000002e PA:0x80008475
       12675000	      1266	80001608	f0868e23	sb	x8,-228(x13)	 x13:0x80008325  x8:0x00000008 PA:0x80008241
       12685000	      1267	8000160c	0806c383	lbu	x7,128(x13)	 x13:0x80008325  x7=0x0000005e PA:0x800083a5
       12695000	      1268	80001610	2d668283	lb	x5,726(x13)	 x13:0x80008325  x5=0xffffffb0 PA:0x800085fb
       12705000	      1269	80001614	00007117	auipc	x2,0x7	  x2=0x80008610
       12715000	      1270	80001618	b5010113	addi	x2,x2,-1200	  x2:0x80008610  x2=0x80008160
       12725000	      1271	8000161c	00c130b3	sltu	x1,x2,x12	  x2:0x80008160 x12:0x00000032  x1=0x00000000
       12735000	      1272	80001620	004aa3b3	slt	x7,x21,x4	 x21:0xffffff9d  x4:0x00000038  x7=0x00000001
       12745000	      1273	80001624	07215203	lhu	x4,114(x2)	  x2:0x80008160  x4=0x00008889 PA:0x800081d2
       12755000	      1274	80001628	00a11583	lh	x11,10(x2)	  x2:0x80008160 x11=0x00002021 PA:0x8000816a
       12765000	      1275	8000162c	03b10703	lb	x14,59(x2)	  x2:0x80008160 x14=0x00000050 PA:0x8000819b
       12775000	      1276	80001630	415fd093	srai	x1,x31,0x15	 x31:0x80008157  x1=0xfffffc00
       12785000	      1277	80001634	412157b3	sra	x15,x2,x18	  x2:0x80008160 x18:0x0000000f x15=0xffff0001
       12795000	      1278	80001638	06510583	lb	x11,101(x2)	  x2:0x80008160 x11=0x00000000 PA:0x800081c5
       12805000	      1279	8000163c	fcd10303	lb	x6,-51(x2)	  x2:0x80008160  x6=0xffffffe6 PA:0x8000812d
       12815000	      1280	80001640	11cfe393	ori	x7,x31,284	 x31:0x80008157  x7=0x8000815f
       12825000	      1281	80001644	0e114583	lbu	x11,225(x2)	  x2:0x80008160 x11=0x00000008 PA:0x80008241
       12835000	      1282	80001648	00f6d633	srl	x12,x13,x15	 x13:0x80008325 x15:0xffff0001 x12=0x40004192
       12845000	      1283	8000164c	ffc12483	lw	x9,-4(x2)	  x2:0x80008160  x9=0x14151617 PA:0x8000815c
       12855000	      1284	80001650	f5914203	lbu	x4,-167(x2)	  x2:0x80008160  x4=0x00000072 PA:0x800080b9
       12865000	      1285	80001654	fa010223	sb	x0,-92(x2)	  x2:0x80008160  x0:0x00000000 PA:0x80008104
       12875000	      1286	80001658	41875993	srai	x19,x14,0x18	 x14:0x00000050 x19=0x00000000
       12885000	      1287	8000165c	fc510a03	lb	x20,-59(x2)	  x2:0x80008160 x20=0xffffffde PA:0x80008125
       12895000	      1288	80001660	00c0d213	srli	x4,x1,0xc	  x1:0xfffffc00  x4=0x000fffff
       12905000	      1289	80001664	f3e106a3	sb	x30,-211(x2)	  x2:0x80008160 x30:0x00005051 PA:0x8000808d
       12915000	      1290	80001668	09f14e03	lbu	x28,159(x2)	  x2:0x80008160 x28=0x000000b4 PA:0x800081ff
       12925000	      1291	00000000	00000013	addi	x0,x0,0	  x0:0x00000000
       12935000	      1292	8000166c	05ca6193	ori	x3,x20,92	 x20:0xffffffde  x3=0xffffffde
       12945000	      1293	80001670	07810383	lb	x7,120(x2)	  x2:0x80008160  x7=0xffffff93 PA:0x800081d8
       12955000	      1294	80001674	0f815a83	lhu	x21,248(x2)	  x2:0x80008160 x21=0x00001213 PA:0x80008258
       12965000	      1295	80001678	41c85293	srai	x5,x16,0x1c	 x16:0x80009f58  x5=0xfffffff8
       12975000	      1296	8000167c	01e51293	slli	x5,x10,0x1e	 x10:0x0000a0a1  x5=0x40000000
       12985000	      1297	80001680	0156c2b3	xor	x5,x13,x21	 x13:0x80008325 x21:0x00001213  x5=0x80009136
       12995000	      1298	80001684	fa1103a3	sb	x1,-89(x2)	  x2:0x80008160  x1:0xfffffc00 PA:0x80008107
       13005000	      1299	80001688	f9410e03	lb	x28,-108(x2)	  x2:0x80008160 x28=0xffffffaf PA:0x800080f4
       13015000	      1300	8000168c	00c104a3	sb	x12,9(x2)	  x2:0x80008160 x12:0x40004192 PA:0x80008169
       13025000	      1301	80001690	02e10b23	sb	x14,54(x2)	  x2:0x80008160 x14:0x00000050 PA:0x80008196
       13035000	      1302	80001694	982abab7	lui	x21,0x982ab	 x21=0x982ab000
       13045000	      1303	80001698	048101a3	sb	x8,67(x2)	  x2:0x80008160  x8:0x00000008 PA:0x800081a3
       13055000	      1304	8000169c	fcd108a3	sb	x13,-47(x2)	  x2:0x80008160 x13:0x80008325 PA:0x80008131
       13065000	      1305	800016a0	41055c33	sra	x24,x10,x16	 x10:0x0000a0a1 x16:0x80009f58 x24=0x00000000
       13075000	      1306	800016a4	f6c10223	sb	x12,-156(x2)	  x2:0x80008160 x12:0x40004192 PA:0x800080c4
       13085000	      1307	800016a8	f1215d03	lhu	x26,-238(x2)	  x2:0x80008160 x26=0x00002829 PA:0x80008072
       13095000	      1308	800016ac	06710ba3	sb	x7,119(x2)	  x2:0x80008160  x7:0xffffff93 PA:0x800081d7
       13105000	      1309	800016b0	5ae8afb7	lui	x31,0x5ae8a	 x31=0x5ae8a000
       13115000	      1310	800016b4	f7914a83	lbu	x21,-135(x2)	  x2:0x80008160 x21=0x00000092 PA:0x800080d9
       13125000	      1311	800016b8	f7710ea3	sb	x23,-131(x2)	  x2:0x80008160 x23:0x8000838e PA:0x800080dd
       13135000	      1312	800016bc	1139f0b7	lui	x1,0x1139f	  x1=0x1139f000
       13145000	      1313	800016c0	01765f93	srli	x31,x12,0x17	 x12:0x40004192 x31=0x00000080
       13155000	      1314	800016c4	fd014a03	lbu	x20,-48(x2)	  x2:0x80008160 x20=0x000000eb PA:0x80008130
       13165000	      1315	00000000	00000013	addi	x0,x0,0	  x0:0x00000000
       13175000	      1316	800016c8	01423fb3	sltu	x31,x4,x20	  x4:0x000fffff x20:0x000000eb x31=0x00000000
       13185000	      1317	800016cc	001cd993	srli	x19,x25,0x1	 x25:0x800084ce x19=0x40004267
       13195000	      1318	800016d0	008ecc33	xor	x24,x29,x8	 x29:0xff4000ec  x8:0x00000008 x24=0xff4000e4
       13205000	      1319	800016d4	012de433	or	x8,x27,x18	 x27:0x00bfffa0 x18:0x0000000f  x8=0x00bfffaf
       13215000	      1320	800016d8	0bd14083	lbu	x1,189(x2)	  x2:0x80008160  x1=0x000000d6 PA:0x8000821d
       13225000	      1321	800016dc	01cabf33	sltu	x30,x21,x28	 x21:0x00000092 x28:0xffffffaf x30=0x00000001
       13235000	      1322	800016e0	fc810da3	sb	x8,-37(x2)	  x2:0x80008160  x8:0x00bfffaf PA:0x8000813b
       13245000	      1323	800016e4	f8514f83	lbu	x31,-123(x2)	  x2:0x80008160 x31=0x00000010 PA:0x800080e5
       13255000	      1324	800016e8	00007117	auipc	x2,0x7	  x2=0x800086e4
       13265000	      1325	800016ec	f2310113	addi	x2,x2,-221	  x2:0x800086e4  x2=0x80008607
       13275000	      1326	800016f0	70473993	sltiu	x19,x14,1796	 x14:0x00000050 x19=0x00000001
       13285000	      1327	800016f4	011d5493	srli	x9,x26,0x11	 x26:0x00002829  x9=0x00000000
       13295000	      1328	800016f8	03710a83	lb	x21,55(x2)	  x2:0x80008607 x21=0xfffffff5 PA:0x8000863e
       13305000	      1329	00000000	00000013	addi	x0,x0,0	  x0:0x00000000
       13315000	      1330	800016fc	fd511683	lh	x13,-43(x2)	  x2:0x80008607 x13=0xffff9697 PA:0x800085dc
       13325000	      1331	80001700	fce10b23	sb	x14,-42(x2)	  x2:0x80008607 x14:0x00000050 PA:0x800085dd
       13335000	      1332	80001704	fc312ca3	sw	x3,-39(x2)	  x2:0x80008607  x3:0xffffffde PA:0x800085e0
       13345000	      1333	80001708	fd315203	lhu	x4,-45(x2)	  x2:0x80008607  x4=0x00009091 PA:0x800085da
       13355000	      1334	8000170c	00112e03	lw	x28,1(x2)	  x2:0x80008607 x28=0xb4c158c3 PA:0x80008608
       13365000	      1335	80001710	00c74333	xor	x6,x14,x12	 x14:0x00000050 x12:0x40004192  x6=0x400041c2
       13375000	      1336	80001714	01bb54b3	srl	x9,x22,x27	 x22:0x00000059 x27:0x00bfffa0  x9=0x00000059
       13385000	      1337	80001718	0154e5b3	or	x11,x9,x21	  x9:0x00000059 x21:0xfffffff5 x11=0xfffffffd
       13395000	      1338	8000171c	fde14d03	lbu	x26,-34(x2)	  x2:0x80008607 x26=0x0000009e PA:0x800085e5
       13405000	      1339	00000000	00000013	addi	x0,x0,0	  x0:0x00000000
       13415000	      1340	80001720	01aef333	and	x6,x29,x26	 x29:0xff4000ec x26:0x0000009e  x6=0x0000008c
       13425000	      1341	80001724	01a04c33	xor	x24,x0,x26	  x0:0x00000000 x26:0x0000009e x24=0x0000009e
       13435000	      1342	80001728	03114f83	lbu	x31,49(x2)	  x2:0x80008607 x31=0x000000f3 PA:0x80008638
       13445000	      1343	8000172c	017ed733	srl	x14,x29,x23	 x29:0xff4000ec x23:0x8000838e x14=0x0003fd00
       13455000	      1344	80001730	04014503	lbu	x10,64(x2)	  x2:0x80008607 x10=0x000000fc PA:0x80008647
       13465000	      1345	80001734	ff414503	lbu	x10,-12(x2)	  x2:0x80008607 x10=0x000000b0 PA:0x800085fb
       13475000	      1346	80001738	03710c23	sb	x23,56(x2)	  x2:0x80008607 x23:0x8000838e PA:0x8000863f
       13485000	      1347	8000173c	fed107a3	sb	x13,-17(x2)	  x2:0x80008607 x13:0xffff9697 PA:0x800085f6
       13495000	      1348	80001740	0004ebb3	or	x23,x9,x0	  x9:0x00000059  x0:0x00000000 x23=0x00000059
       13505000	      1349	80001744	005e5d33	srl	x26,x28,x5	 x28:0xb4c158c3  x5:0x80009136 x26=0x000002d3
       13515000	      1350	80001748	03b14083	lbu	x1,59(x2)	  x2:0x80008607  x1=0x000000f9 PA:0x80008642
       13525000	      1351	8000174c	00610183	lb	x3,6(x2)	  x2:0x80008607  x3=0xffffff9f PA:0x8000860d
       13535000	      1352	80001750	41275fb3	sra	x31,x14,x18	 x14:0x0003fd00 x18:0x0000000f x31=0x00000007
       13545000	      1353	80001754	bed54793	xori	x15,x10,-1043	 x10:0x000000b0 x15=0xfffffb5d
       13555000	      1354	80001758	db8a8393	addi	x7,x21,-584	 x21:0xfffffff5  x7=0xfffffdad
       13565000	      1355	8000175c	00d12703	lw	x14,13(x2)	  x2:0x80008607 x14=0xcccd0b26 PA:0x80008614
       13575000	      1356	80001760	00ca45b3	xor	x11,x20,x12	 x20:0x000000eb x12:0x40004192 x11=0x40004179
       13585000	      1357	80001764	004d9eb3	sll	x29,x27,x4	 x27:0x00bfffa0  x4:0x00009091 x29=0xff400000
       13595000	      1358	80001768	fcb15603	lhu	x12,-53(x2)	  x2:0x80008607 x12=0x00008889 PA:0x800085d2
       13605000	      1359	00000000	00000013	addi	x0,x0,0	  x0:0x00000000
       13615000	      1360	8000176c	00c14203	lbu	x4,12(x2)	  x2:0x80008607  x4=0x00000000 PA:0x80008613
       13625000	      1361	00000000	00000013	addi	x0,x0,0	  x0:0x00000000
       13635000	      1362	80001770	de524093	xori	x1,x4,-539	  x4:0x00000000  x1=0xfffffde5
       13645000	      1363	80001774	01d12703	lw	x14,29(x2)	  x2:0x80008607 x14=0xdcdddedf PA:0x80008624
       13655000	      1364	80001778	02710423	sb	x7,40(x2)	  x2:0x80008607  x7:0xfffffdad PA:0x8000862f
       13665000	      1365	8000177c	00f66633	or	x12,x12,x15	 x12:0x00008889 x15:0xfffffb5d x12=0xfffffbdd
       13675000	      1366	80001780	00b15003	lhu	x0,11(x2)	  x2:0x80008607 PA:0x80008612
       13685000	      1367	80001784	fe610383	lb	x7,-26(x2)	  x2:0x80008607  x7=0xffffffc9 PA:0x800085ed
       13695000	      1368	80001788	15442297	auipc	x5,0x15442	  x5=0x95443784
       13705000	      1369	8000178c	fe311503	lh	x10,-29(x2)	  x2:0x80008607 x10=0xffffa0a1 PA:0x800085ea
       13715000	      1370	80001790	01e10c23	sb	x30,24(x2)	  x2:0x80008607 x30:0x00000001 PA:0x8000861f
       13725000	      1371	80001794	980db393	sltiu	x7,x27,-1664	 x27:0x00bfffa0  x7=0x00000001
       13735000	      1372	80001798	d7793093	sltiu	x1,x18,-649	 x18:0x0000000f  x1=0x00000001
       13745000	      1373	8000179c	025118a3	sh	x5,49(x2)	  x2:0x80008607  x5:0x95443784 PA:0x80008638
       13755000	      1374	800017a0	03510f23	sb	x21,62(x2)	  x2:0x80008607 x21:0xfffffff5 PA:0x80008645
       13765000	      1375	800017a4	00007197	auipc	x3,0x7	  x3=0x800087a0
       13775000	      1376	800017a8	55518193	addi	x3,x3,1365	  x3:0x800087a0  x3=0x80008cf5
       13785000	      1377	800017ac	00007797	auipc	x15,0x7	 x15=0x800087a8
       13795000	      1378	800017b0	13078793	addi	x15,x15,304	 x15:0x800087a8 x15=0x800088d8
       13805000	      1379	800017b4	ff178c03	lb	x24,-15(x15)	 x15:0x800088d8 x24=0xffffffb2 PA:0x800088c9
       13815000	      1380	800017b8	00007f97	auipc	x31,0x7	 x31=0x800087b4
       13825000	      1381	800017bc	3e0f8f93	addi	x31,x31,992	 x31:0x800087b4 x31=0x80008b94
       13835000	      1382	800017c0	076f8623	sb	x22,108(x31)	 x31:0x80008b94 x22:0x00000059 PA:0x80008c00
       13845000	      1383	800017c4	ffa7ca03	lbu	x20,-6(x15)	 x15:0x800088d8 x20=0x000000b9 PA:0x800088d2
       13855000	      1384	800017c8	00618523	sb	x6,10(x3)	  x3:0x80008cf5  x6:0x0000008c PA:0x80008cff
       13865000	      1385	800017cc	00007697	auipc	x13,0x7	 x13=0x800087c8
       13875000	      1386	800017d0	15b68693	addi	x13,x13,347	 x13:0x800087c8 x13=0x80008923
       13885000	      1387	800017d4	0f968423	sb	x25,232(x13)	 x13:0x80008923 x25:0x800084ce PA:0x80008a0b
       13895000	      1388	800017d8	000784a3	sb	x0,9(x15)	 x15:0x800088d8  x0:0x00000000 PA:0x800088e1
       13905000	      1389	800017dc	00007b17	auipc	x22,0x7	 x22=0x800087d8
       13915000	      1390	800017e0	2f8b0b13	addi	x22,x22,760	 x22:0x800087d8 x22=0x80008ad0
       13925000	      1391	800017e4	00b184a3	sb	x11,9(x3)	  x3:0x80008cf5 x11:0x40004179 PA:0x80008cfe
       13935000	      1392	800017e8	ff5b0083	lb	x1,-11(x22)	 x22:0x80008ad0  x1=0xffffffae PA:0x80008ac5
       13945000	      1393	800017ec	064f8503	lb	x10,100(x31)	 x31:0x80008b94 x10=0xffffffe3 PA:0x80008bf8
       13955000	      1394	800017f0	00b18123	sb	x11,2(x3)	  x3:0x80008cf5 x11:0x40004179 PA:0x80008cf7
       13965000	      1395	800017f4	fec18c23	sb	x12,-8(x3)	  x3:0x80008cf5 x12:0xfffffbdd PA:0x80008ced
       13975000	      1396	800017f8	009b07a3	sb	x9,15(x22)	 x22:0x80008ad0  x9:0x00000059 PA:0x80008adf
       13985000	      1397	800017fc	f1af85a3	sb	x26,-245(x31)	 x31:0x80008b94 x26:0x000002d3 PA:0x80008a9f
       13995000	      1398	80001800	ff878e03	lb	x28,-8(x15)	 x15:0x800088d8 x28=0xffffffbb PA:0x800088d0
       14005000	      1399	80001804	fd9f8603	lb	x12,-39(x31)	 x31:0x80008b94 x12=0x00000056 PA:0x80008b6d
       14015000	      1400	80001808	ffdb0d83	lb	x27,-3(x22)	 x22:0x80008ad0 x27=0xffffffb6 PA:0x80008acd
       14025000	      1401	8000180c	f396a283	lw	x5,-199(x13)	 x13:0x80008923  x5=0x44454647 PA:0x8000885c
       14035000	      1402	80001810	ffdb0a83	lb	x21,-3(x22)	 x22:0x80008ad0 x21=0xffffffb6 PA:0x80008acd
       14045000	      1403	80001814	0c1f8c23	sb	x1,216(x31)	 x31:0x80008b94  x1:0xffffffae PA:0x80008c6c
       14055000	      1404	80001818	f706ca83	lbu	x21,-144(x13)	 x13:0x80008923 x21=0x00000078 PA:0x80008893
       14065000	      1405	8000181c	0f6f9323	sh	x22,230(x31)	 x31:0x80008b94 x22:0x80008ad0 PA:0x80008c7a
       14075000	      1406	80001820	004193a3	sh	x4,7(x3)	  x3:0x80008cf5  x4:0x00000000 PA:0x80008cfc
       14085000	      1407	80001824	018b00a3	sb	x24,1(x22)	 x22:0x80008ad0 x24:0xffffffb2 PA:0x80008ad1
       14095000	      1408	80001828	00e7c403	lbu	x8,14(x15)	 x15:0x800088d8  x8=0x000000cd PA:0x800088e6
       14105000	      1409	8000182c	f3b6d983	lhu	x19,-197(x13)	 x13:0x80008923 x19=0x00004445 PA:0x8000885e
       14115000	      1410	80001830	ffbb0a83	lb	x21,-5(x22)	 x22:0x80008ad0 x21=0xffffffb0 PA:0x80008acb
       14125000	      1411	80001834	f9af8003	lb	x0,-102(x31)	 x31:0x80008b94 PA:0x80008b2e
       14135000	      1412	80001838	0007c703	lbu	x14,0(x15)	 x15:0x800088d8 x14=0x000000c3 PA:0x800088d8
       14145000	      1413	8000183c	fe4b0ca3	sb	x4,-7(x22)	 x22:0x80008ad0  x4:0x00000000 PA:0x80008ac9
       14155000	      1414	80001840	00418603	lb	x12,4(x3)	  x3:0x80008cf5 x12=0xffffffe2 PA:0x80008cf9
       14165000	      1415	80001844	0796c403	lbu	x8,121(x13)	 x13:0x80008923  x8=0x00000087 PA:0x8000899c
       14175000	      1416	80001848	ff2188a3	sb	x18,-15(x3)	  x3:0x80008cf5 x18:0x0000000f PA:0x80008ce6
       14185000	      1417	8000184c	0e5fc203	lbu	x4,229(x31)	 x31:0x80008b94  x4=0x00000062 PA:0x80008c79
       14195000	      1418	80001850	ff0b1303	lh	x6,-16(x22)	 x22:0x80008ad0  x6=0xffffaaab PA:0x80008ac0
       14205000	      1419	80001854	fba6a0a3	sw	x26,-95(x13)	 x13:0x80008923 x26:0x000002d3 PA:0x800088c4
       14215000	      1420	80001858	01fb01a3	sb	x31,3(x22)	 x22:0x80008ad0 x31:0x80008b94 PA:0x80008ad3
       14225000	      1421	8000185c	0041c503	lbu	x10,4(x3)	  x3:0x80008cf5 x10=0x000000e2 PA:0x80008cf9
       14235000	      1422	80001860	0fdfcc83	lbu	x25,253(x31)	 x31:0x80008b94 x25=0x0000007a PA:0x80008c91
       14245000	      1423	80001864	ffc79483	lh	x9,-4(x15)	 x15:0x800088d8  x9=0xffffbebf PA:0x800088d4
       14255000	      1424	80001868	00007397	auipc	x7,0x7	  x7=0x80008864
       14265000	      1425	8000186c	fd638393	addi	x7,x7,-42	  x7:0x80008864  x7=0x8000883a
       14275000	      1426	80001870	05e3a683	lw	x13,94(x7)	  x7:0x8000883a x13=0x80818283 PA:0x80008898
       14285000	      1427	80001874	05e3ab83	lw	x23,94(x7)	  x7:0x8000883a x23=0x80818283 PA:0x80008898
       14295000	      1428	80001878	05e3a003	lw	x0,94(x7)	  x7:0x8000883a PA:0x80008898
       14305000	      1429	8000187c	00c91e33	sll	x28,x18,x12	 x18:0x0000000f x12:0xffffffe2 x28=0x0000003c
       14315000	      1430	80001880	05e39703	lh	x14,94(x7)	  x7:0x8000883a x14=0xffff8283 PA:0x80008898
       14325000	      1431	80001884	05e38e03	lb	x28,94(x7)	  x7:0x8000883a x28=0xffffff83 PA:0x80008898
       14335000	      1432	80001888	05e39683	lh	x13,94(x7)	  x7:0x8000883a x13=0xffff8283 PA:0x80008898
       14345000	      1433	8000188c	05e39203	lh	x4,94(x7)	  x7:0x8000883a  x4=0xffff8283 PA:0x80008898
       14355000	      1434	80001890	05e3c603	lbu	x12,94(x7)	  x7:0x8000883a x12=0x00000083 PA:0x80008898
       14365000	      1435	80001894	07439e03	lh	x28,116(x7)	  x7:0x8000883a x28=0xffff9495 PA:0x800088ae
       14375000	      1436	80001898	07939a23	sh	x25,116(x7)	  x7:0x8000883a x25:0x0000007a PA:0x800088ae
       14385000	      1437	8000189c	00fc56b3	srl	x13,x24,x15	 x24:0xffffffb2 x15:0x800088d8 x13=0x000000ff
       14395000	      1438	800018a0	0743c403	lbu	x8,116(x7)	  x7:0x8000883a  x8=0x0000007a PA:0x800088ae
       14405000	      1439	800018a4	003fd313	srli	x6,x31,0x3	 x31:0x80008b94  x6=0x10001172
       14415000	      1440	800018a8	06138a23	sb	x1,116(x7)	  x7:0x8000883a  x1:0xffffffae PA:0x800088ae
       14425000	      1441	800018ac	00007b17	auipc	x22,0x7	 x22=0x800088a8
       14435000	      1442	800018b0	907b0b13	addi	x22,x22,-1785	 x22:0x800088a8 x22=0x800081af
       14445000	      1443	800018b4	019b2d83	lw	x27,25(x22)	 x22:0x800081af x27=0x80818283 PA:0x800081c8
       14455000	      1444	800018b8	00fa0633	add	x12,x20,x15	 x20:0x000000b9 x15:0x800088d8 x12=0x80008991
       14465000	      1445	800018bc	019b5183	lhu	x3,25(x22)	 x22:0x800081af  x3=0x00008283 PA:0x800081c8
       14475000	      1446	800018c0	019b2783	lw	x15,25(x22)	 x22:0x800081af x15=0x80818283 PA:0x800081c8
       14485000	      1447	800018c4	006a4033	xor	x0,x20,x6	 x20:0x000000b9  x6:0x10001172
       14495000	      1448	800018c8	cc137d93	andi	x27,x6,-831	  x6:0x10001172 x27=0x10001040
       14505000	      1449	800018cc	0a6b4083	lbu	x1,166(x22)	 x22:0x800081af  x1=0x0000000e PA:0x80008255
       14515000	      1450	800018d0	0a6b4e03	lbu	x28,166(x22)	 x22:0x800081af x28=0x0000000e PA:0x80008255
       14525000	      1451	800018d4	0a6b0583	lb	x11,166(x22)	 x22:0x800081af x11=0x0000000e PA:0x80008255
       14535000	      1452	800018d8	0afb0323	sb	x15,166(x22)	 x22:0x800081af x15:0x80818283 PA:0x80008255
       14545000	      1453	800018dc	09cb4083	lbu	x1,156(x22)	 x22:0x800081af  x1=0x00000000 PA:0x8000824b
       14555000	      1454	800018e0	09cb0203	lb	x4,156(x22)	 x22:0x800081af  x4=0x00000000 PA:0x8000824b
       14565000	      1455	800018e4	097b0e23	sb	x23,156(x22)	 x22:0x800081af x23:0x80818283 PA:0x8000824b
       14575000	      1456	800018e8	09cb0503	lb	x10,156(x22)	 x22:0x800081af x10=0xffffff83 PA:0x8000824b
       14585000	      1457	800018ec	4c673017	auipc	x0,0x4c673	
       14595000	      1458	800018f0	a3bf3113	sltiu	x2,x30,-1477	 x30:0x00000001  x2=0x00000001
       14605000	      1459	800018f4	fc722213	slti	x4,x4,-57	  x4:0x00000000  x4=0x00000000
       14615000	      1460	800018f8	0042ba33	sltu	x20,x5,x4	  x5:0x44454647  x4:0x00000000 x20=0x00000000
       14625000	      1461	800018fc	0f98ee13	ori	x28,x17,249	 x17:0x80009fc4 x28=0x80009ffd
       14635000	      1462	80001900	6b8f6013	ori	x0,x30,1720	 x30:0x00000001
       14645000	      1463	80001904	00fbf463	bgeu	x23,x15,8000190c	 x23:0x80818283 x15:0x80818283
       14655000	      1464	00000000	00000013	addi	x0,x0,0	  x0:0x00000000
       14665000	      1465	80001908	00000013	addi	x0,x0,0	  x0:0x00000000
       14675000	      1466	8000190c	03b8c063	blt	x17,x27,8000192c	 x17:0x80009fc4 x27:0x10001040
       14685000	      1467	00000000	00000013	addi	x0,x0,0	  x0:0x00000000
       14695000	      1468	80001928	00000013	addi	x0,x0,0	  x0:0x00000000
       14705000	      1469	8000192c	7d5ac093	xori	x1,x21,2005	 x21:0xffffffb0  x1=0xfffff865
       14715000	      1470	80001930	016b7e63	bgeu	x22,x22,8000194c	 x22:0x800081af x22:0x800081af
       14725000	      1471	00000000	00000013	addi	x0,x0,0	  x0:0x00000000
       14735000	      1472	80001948	00000013	addi	x0,x0,0	  x0:0x00000000
       14745000	      1473	8000194c	419f8bb3	sub	x23,x31,x25	 x31:0x80008b94 x25:0x0000007a x23=0x80008b1a
       14755000	      1474	80001950	d2083313	sltiu	x6,x16,-736	 x16:0x80009f58  x6=0x00000001
       14765000	      1475	80001954	6d174713	xori	x14,x14,1745	 x14:0xffff8283 x14=0xffff8452
       14775000	      1476	80001958	6102ba13	sltiu	x20,x5,1552	  x5:0x44454647 x20=0x00000000
       14785000	      1477	8000195c	39beff17	auipc	x30,0x39bef	 x30=0xb9bf0958
       14795000	      1478	80001960	79843113	sltiu	x2,x8,1944	  x8:0x0000007a  x2=0x00000001
       14805000	      1479	80001964	01b35ab3	srl	x21,x6,x27	  x6:0x00000001 x27:0x10001040 x21=0x00000001
       14815000	      1480	80001968	03e8e463	bltu	x17,x30,80001990	 x17:0x80009fc4 x30:0xb9bf0958
       14825000	      1481	00000000	00000013	addi	x0,x0,0	  x0:0x00000000
       14835000	      1482	8000198c	00000013	addi	x0,x0,0	  x0:0x00000000
       14845000	      1483	80001990	3aa04f93	xori	x31,x0,938	  x0:0x00000000 x31=0x000003aa
       14855000	      1484	80001994	0040db93	srli	x23,x1,0x4	  x1:0xfffff865 x23=0x0fffff86
       14865000	      1485	80001998	002e9463	bne	x29,x2,800019a0	 x29:0xff400000  x2:0x00000001
       14875000	      1486	00000000	00000013	addi	x0,x0,0	  x0:0x00000000
       14885000	      1487	8000199c	00000013	addi	x0,x0,0	  x0:0x00000000
       14895000	      1488	800019a0	00f9fdb3	and	x27,x19,x15	 x19:0x00004445 x15:0x80818283 x27=0x00000001
       14905000	      1489	800019a4	031c0e63	beq	x24,x17,800019e0	 x24:0xffffffb2 x17:0x80009fc4
       14915000	      1490	800019a8	d3107697	auipc	x13,0xd3107	 x13=0x531089a4
       14925000	      1491	800019ac	014fd033	srl	x0,x31,x20	 x31:0x000003aa x20:0x00000000
       14935000	      1492	800019b0	01345b33	srl	x22,x8,x19	  x8:0x0000007a x19:0x00004445 x22=0x00000003
       14945000	      1493	800019b4	8ff7ef93	ori	x31,x15,-1793	 x15:0x80818283 x31=0xfffffaff
       14955000	      1494	800019b8	00c7eab3	or	x21,x15,x12	 x15:0x80818283 x12:0x80008991 x21=0x80818b93
       14965000	      1495	800019bc	01f6a633	slt	x12,x13,x31	 x13:0x531089a4 x31:0xfffffaff x12=0x00000000
       14975000	      1496	800019c0	9d15bb93	sltiu	x23,x11,-1583	 x11:0x0000000e x23=0x00000001
       14985000	      1497	800019c4	006ee533	or	x10,x29,x6	 x29:0xff400000  x6:0x00000001 x10=0xff400001
       14995000	      1498	800019c8	61a94717	auipc	x14,0x61a94	 x14=0xe1a959c4
       15005000	      1499	800019cc	065f1417	auipc	x8,0x65f1	  x8=0x865f29c8
       15015000	      1500	800019d0	97630d93	addi	x27,x6,-1674	  x6:0x00000001 x27=0xfffff977
       15025000	      1501	800019d4	02008e63	beq	x1,x0,80001a10	  x1:0xfffff865  x0:0x00000000
       15035000	      1502	800019d8	a7f04e37	lui	x28,0xa7f04	 x28=0xa7f04000
       15045000	      1503	800019dc	00fe0d33	add	x26,x28,x15	 x28:0xa7f04000 x15:0x80818283 x26=0x2871c283
       15055000	      1504	800019e0	0116c4b3	xor	x9,x13,x17	 x13:0x531089a4 x17:0x80009fc4  x9=0xd3101660
       15065000	      1505	800019e4	003fd863	bge	x31,x3,800019f4	 x31:0xfffffaff  x3:0x00008283
       15075000	      1506	800019e8	e08c3b13	sltiu	x22,x24,-504	 x24:0xffffffb2 x22=0x00000000
       15085000	      1507	800019ec	00231fb3	sll	x31,x6,x2	  x6:0x00000001  x2:0x00000001 x31=0x00000002
       15095000	      1508	800019f0	013bd263	bge	x23,x19,800019f4	 x23:0x00000001 x19:0x00004445
       15105000	      1509	800019f4	0116d4b3	srl	x9,x13,x17	 x13:0x531089a4 x17:0x80009fc4  x9=0x0531089a
       15115000	      1510	800019f8	0b090d93	addi	x27,x18,176	 x18:0x0000000f x27=0x000000bf
       15125000	      1511	800019fc	00e55133	srl	x2,x10,x14	 x10:0xff400001 x14:0xe1a959c4  x2=0x0ff40000
       15135000	      1512	80001a00	41cf0533	sub	x10,x30,x28	 x30:0xb9bf0958 x28:0xa7f04000 x10=0x11cec958
       15145000	      1513	80001a04	00187733	and	x14,x16,x1	 x16:0x80009f58  x1:0xfffff865 x14=0x80009840
       15155000	      1514	80001a08	014bc4b3	xor	x9,x23,x20	 x23:0x00000001 x20:0x00000000  x9=0x00000001
       15165000	      1515	80001a0c	00caec33	or	x24,x21,x12	 x21:0x80818b93 x12:0x00000000 x24=0x80818b93
       15175000	      1516	80001a10	40df05b3	sub	x11,x30,x13	 x30:0xb9bf0958 x13:0x531089a4 x11=0x66ae7fb4
       15185000	      1517	80001a14	b55b3a13	sltiu	x20,x22,-1195	 x22:0x00000000 x20=0x00000001
       15195000	      1518	80001a18	00000013	addi	x0,x0,0	  x0:0x00000000
       15205000	      1519	80001a1c	c0e6fa93	andi	x21,x13,-1010	 x13:0x531089a4 x21=0x53108804
       15215000	      1520	80001a20	da822c13	slti	x24,x4,-600	  x4:0x00000000 x24=0x00000000
       15225000	      1521	80001a24	41325b13	srai	x22,x4,0x13	  x4:0x00000000 x22=0x00000000
       15235000	      1522	80001a28	7450e193	ori	x3,x1,1861	  x1:0xfffff865  x3=0xffffff65
       15245000	      1523	80001a2c	fc04e5b7	lui	x11,0xfc04e	 x11=0xfc04e000
       15255000	      1524	80001a30	00755d13	srli	x26,x10,0x7	 x10:0x11cec958 x26=0x00239d92
       15265000	      1525	80001a34	41e680b3	sub	x1,x13,x30	 x13:0x531089a4 x30:0xb9bf0958  x1=0x9951804c
       15275000	      1526	80001a38	40665333	sra	x6,x12,x6	 x12:0x00000000  x6:0x00000001  x6=0x00000000
       15285000	      1527	80001a3c	f5ad7d13	andi	x26,x26,-166	 x26:0x00239d92 x26=0x00239d12
       15295000	      1528	80001a40	01fcc133	xor	x2,x25,x31	 x25:0x0000007a x31:0x00000002  x2=0x00000078
       15305000	      1529	80001a44	05060263	beq	x12,x16,80001a88	 x12:0x00000000 x16:0x80009f58
       15315000	      1530	80001a48	01123733	sltu	x14,x4,x17	  x4:0x00000000 x17:0x80009fc4 x14=0x00000001
       15325000	      1531	80001a4c	02abdc63	bge	x23,x10,80001a84	 x23:0x00000001 x10:0x11cec958
       15335000	      1532	80001a50	002c65b3	or	x11,x24,x2	 x24:0x00000000  x2:0x00000078 x11=0x00000078
       15345000	      1533	80001a54	952a0c93	addi	x25,x20,-1710	 x20:0x00000001 x25=0xfffff953
       15355000	      1534	80001a58	418b5733	sra	x14,x22,x24	 x22:0x00000000 x24:0x00000000 x14=0x00000000
       15365000	      1535	80001a5c	416e6c13	ori	x24,x28,1046	 x28:0xa7f04000 x24=0xa7f04416
       15375000	      1536	80001a60	01c45a93	srli	x21,x8,0x1c	  x8:0x865f29c8 x21=0x00000008
       15385000	      1537	80001a64	402855b3	sra	x11,x16,x2	 x16:0x80009f58  x2:0x00000078 x11=0xffffff80
       15395000	      1538	80001a68	40e55633	sra	x12,x10,x14	 x10:0x11cec958 x14:0x00000000 x12=0x11cec958
       15405000	      1539	80001a6c	04400463	beq	x0,x4,80001ab4	  x0:0x00000000  x4:0x00000000
       15415000	      1540	00000000	00000013	addi	x0,x0,0	  x0:0x00000000
       15425000	      1541	80001ab0	00000013	addi	x0,x0,0	  x0:0x00000000
       15435000	      1542	80001ab4	40cc5e33	sra	x28,x24,x12	 x24:0xa7f04416 x12:0x11cec958 x28=0xffffffa7
       15445000	      1543	80001ab8	00963eb3	sltu	x29,x12,x9	 x12:0x11cec958  x9:0x00000001 x29=0x00000000
       15455000	      1544	80001abc	f7ba4f13	xori	x30,x20,-133	 x20:0x00000001 x30=0xffffff7a
       15465000	      1545	80001ac0	009b6b33	or	x22,x22,x9	 x22:0x00000000  x9:0x00000001 x22=0x00000001
       15475000	      1546	80001ac4	0049de33	srl	x28,x19,x4	 x19:0x00004445  x4:0x00000000 x28=0x00004445
       15485000	      1547	80001ac8	012b9b33	sll	x22,x23,x18	 x23:0x00000001 x18:0x0000000f x22=0x00008000
       15495000	      1548	80001acc	05a9d863	bge	x19,x26,80001b1c	 x19:0x00004445 x26:0x00239d12
       15505000	      1549	80001ad0	01744533	xor	x10,x8,x23	  x8:0x865f29c8 x23:0x00000001 x10=0x865f29c9
       15515000	      1550	80001ad4	dbf14193	xori	x3,x2,-577	  x2:0x00000078  x3=0xfffffdc7
       15525000	      1551	80001ad8	006fdc63	bge	x31,x6,80001af0	 x31:0x00000002  x6:0x00000000
       15535000	      1552	00000000	00000013	addi	x0,x0,0	  x0:0x00000000
       15545000	      1553	80001aec	00000013	addi	x0,x0,0	  x0:0x00000000
       15555000	      1554	80001af0	67fe2593	slti	x11,x28,1663	 x28:0x00004445 x11=0x00000000
       15565000	      1555	80001af4	41d30ab3	sub	x21,x6,x29	  x6:0x00000000 x29:0x00000000 x21=0x00000000
       15575000	      1556	80001af8	025ada63	bge	x21,x5,80001b2c	 x21:0x00000000  x5:0x44454647
       15585000	      1557	80001afc	0176d033	srl	x0,x13,x23	 x13:0x531089a4 x23:0x00000001
       15595000	      1558	80001b00	40860433	sub	x8,x12,x8	 x12:0x11cec958  x8:0x865f29c8  x8=0x8b6f9f90
       15605000	      1559	80001b04	0039c663	blt	x19,x3,80001b10	 x19:0x00004445  x3:0xfffffdc7
       15615000	      1560	80001b08	00fe33b3	sltu	x7,x28,x15	 x28:0x00004445 x15:0x80818283  x7=0x00000001
       15625000	      1561	80001b0c	00c433b3	sltu	x7,x8,x12	  x8:0x8b6f9f90 x12:0x11cec958  x7=0x00000000
       15635000	      1562	80001b10	03e99663	bne	x19,x30,80001b3c	 x19:0x00004445 x30:0xffffff7a
       15645000	      1563	00000000	00000013	addi	x0,x0,0	  x0:0x00000000
       15655000	      1564	80001b38	00000013	addi	x0,x0,0	  x0:0x00000000
       15665000	      1565	80001b3c	00b68c33	add	x24,x13,x11	 x13:0x531089a4 x11:0x00000000 x24=0x531089a4
       15675000	      1566	80001b40	01516863	bltu	x2,x21,80001b50	  x2:0x00000078 x21:0x00000000
       15685000	      1567	80001b44	dcdb8b13	addi	x22,x23,-563	 x23:0x00000001 x22=0xfffffdce
       15695000	      1568	80001b48	4068dfb3	sra	x31,x17,x6	 x17:0x80009fc4  x6:0x00000000 x31=0x80009fc4
       15705000	      1569	80001b4c	dc87ea93	ori	x21,x15,-568	 x15:0x80818283 x21=0xffffffcb
       15715000	      1570	80001b50	00063db3	sltu	x27,x12,x0	 x12:0x11cec958  x0:0x00000000 x27=0x00000000
       15725000	      1571	80001b54	00ea1a33	sll	x20,x20,x14	 x20:0x00000001 x14:0x00000000 x20=0x00000001
       15735000	      1572	80001b58	faf98313	addi	x6,x19,-81	 x19:0x00004445  x6=0x000043f4
       15745000	      1573	80001b5c	600f8a13	addi	x20,x31,1536	 x31:0x80009fc4 x20=0x8000a5c4
       15755000	      1574	80001b60	04780263	beq	x16,x7,80001ba4	 x16:0x80009f58  x7:0x00000000
       15765000	      1575	80001b64	a9e75017	auipc	x0,0xa9e75	
       15775000	      1576	80001b68	8155af13	slti	x30,x11,-2027	 x11:0x00000000 x30=0x00000000
       15785000	      1577	80001b6c	c12fe593	ori	x11,x31,-1006	 x31:0x80009fc4 x11=0xffffffd6
       15795000	      1578	80001b70	2801e4b7	lui	x9,0x2801e	  x9=0x2801e000
       15805000	      1579	80001b74	016e26b3	slt	x13,x28,x22	 x28:0x00004445 x22:0xfffffdce x13=0x00000000
       15815000	      1580	80001b78	00caf663	bgeu	x21,x12,80001b84	 x21:0xffffffcb x12:0x11cec958
       15825000	      1581	00000000	00000013	addi	x0,x0,0	  x0:0x00000000
       15835000	      1582	80001b80	00000013	addi	x0,x0,0	  x0:0x00000000
       15845000	      1583	80001b84	00609a13	slli	x20,x1,0x6	  x1:0x9951804c x20=0x54601300
       15855000	      1584	80001b88	040d5863	bge	x26,x0,80001bd8	 x26:0x00239d12  x0:0x00000000
       15865000	      1585	00000000	00000013	addi	x0,x0,0	  x0:0x00000000
       15875000	      1586	80001bd4	00000013	addi	x0,x0,0	  x0:0x00000000
       15885000	      1587	80001bd8	05715663	bge	x2,x23,80001c24	  x2:0x00000078 x23:0x00000001
       15895000	      1588	00000000	00000013	addi	x0,x0,0	  x0:0x00000000
       15905000	      1589	80001c20	00000013	addi	x0,x0,0	  x0:0x00000000
       15915000	      1590	80001c24	66ddc113	xori	x2,x27,1645	 x27:0x00000000  x2=0x0000066d
       15925000	      1591	80001c28	033c8063	beq	x25,x19,80001c48	 x25:0xfffff953 x19:0x00004445
       15935000	      1592	80001c2c	41358433	sub	x8,x11,x19	 x11:0xffffffd6 x19:0x00004445  x8=0xffffbb91
       15945000	      1593	80001c30	0281c263	blt	x3,x8,80001c54	  x3:0xfffffdc7  x8:0xffffbb91
       15955000	      1594	80001c34	00ab5413	srli	x8,x22,0xa	 x22:0xfffffdce  x8=0x003fffff
       15965000	      1595	80001c38	8c898b93	addi	x23,x19,-1848	 x19:0x00004445 x23=0x00003d0d
       15975000	      1596	80001c3c	0081ffb3	and	x31,x3,x8	  x3:0xfffffdc7  x8:0x003fffff x31=0x003ffdc7
       15985000	      1597	80001c40	41635fb3	sra	x31,x6,x22	  x6:0x000043f4 x22:0xfffffdce x31=0x00000001
       15995000	      1598	80001c44	cf447c93	andi	x25,x8,-780	  x8:0x003fffff x25=0x003ffcf4
       16005000	      1599	80001c48	00b97a63	bgeu	x18,x11,80001c5c	 x18:0x0000000f x11:0xffffffd6
       16015000	      1600	80001c4c	00a42433	slt	x8,x8,x10	  x8:0x003fffff x10:0x865f29c9  x8=0x00000000
       16025000	      1601	80001c50	032d5663	bge	x26,x18,80001c7c	 x26:0x00239d12 x18:0x0000000f
       16035000	      1602	00000000	00000013	addi	x0,x0,0	  x0:0x00000000
       16045000	      1603	80001c78	00000013	addi	x0,x0,0	  x0:0x00000000
       16055000	      1604	80001c7c	e6bdaa13	slti	x20,x27,-405	 x27:0x00000000 x20=0x00000000
       16065000	      1605	80001c80	01c2b0b3	sltu	x1,x5,x28	  x5:0x44454647 x28:0x00004445  x1=0x00000000
       16075000	      1606	80001c84	9e02c293	xori	x5,x5,-1568	  x5:0x44454647  x5=0xbbbabfa7
       16085000	      1607	80001c88	00790233	add	x4,x18,x7	 x18:0x0000000f  x7:0x00000000  x4=0x0000000f
       16095000	      1608	80001c8c	40da5013	srai	x0,x20,0xd	 x20:0x00000000
       16105000	      1609	80001c90	0037f463	bgeu	x15,x3,80001c98	 x15:0x80818283  x3:0xfffffdc7
       16115000	      1610	80001c94	9b925017	auipc	x0,0x9b925	
       16125000	      1611	80001c98	01796263	bltu	x18,x23,80001c9c	 x18:0x0000000f x23:0x00003d0d
       16135000	      1612	00000000	00000013	addi	x0,x0,0	  x0:0x00000000
       16145000	      1613	80001c98	00000013	addi	x0,x0,0	  x0:0x00000000
       16155000	      1614	80001c9c	3bcaaf13	slti	x30,x21,956	 x21:0xffffffcb x30=0x00000001
       16165000	      1615	80001ca0	62876293	ori	x5,x14,1576	 x14:0x00000000  x5=0x00000628
       16175000	      1616	80001ca4	01413f33	sltu	x30,x2,x20	  x2:0x0000066d x20:0x00000000 x30=0x00000000
       16185000	      1617	80001ca8	007efeb3	and	x29,x29,x7	 x29:0x00000000  x7:0x00000000 x29=0x00000000
       16195000	      1618	80001cac	193fb093	sltiu	x1,x31,403	 x31:0x00000001  x1=0x00000001
       16205000	      1619	80001cb0	0138adb3	slt	x27,x17,x19	 x17:0x80009fc4 x19:0x00004445 x27=0x00000001
       16215000	      1620	80001cb4	00000013	addi	x0,x0,0	  x0:0x00000000
       16225000	      1621	80001cb8	476afe37	lui	x28,0x476af	 x28=0x476af000
       16235000	      1622	80001cbc	031d0c63	beq	x26,x17,80001cf4	 x26:0x00239d12 x17:0x80009fc4
       16245000	      1623	80001cc0	404d0c33	sub	x24,x26,x4	 x26:0x00239d12  x4:0x0000000f x24=0x00239d03
       16255000	      1624	80001cc4	cb2fbf13	sltiu	x30,x31,-846	 x31:0x00000001 x30=0x00000001
       16265000	      1625	80001cc8	001d9f93	slli	x31,x27,0x1	 x27:0x00000001 x31=0x00000002
       16275000	      1626	80001ccc	00000013	addi	x0,x0,0	  x0:0x00000000
       16285000	      1627	80001cd0	01ec64b3	or	x9,x24,x30	 x24:0x00239d03 x30:0x00000001  x9=0x00239d03
       16295000	      1628	80001cd4	41e75733	sra	x14,x14,x30	 x14:0x00000000 x30:0x00000001 x14=0x00000000
       16305000	      1629	80001cd8	00527d33	and	x26,x4,x5	  x4:0x0000000f  x5:0x00000628 x26=0x00000008
       16315000	      1630	80001cdc	15ffae97	auipc	x29,0x15ffa	 x29=0x95ffbcd8
       16325000	      1631	80001ce0	059c1463	bne	x24,x25,80001d28	 x24:0x00239d03 x25:0x003ffcf4
       16335000	      1632	00000000	00000013	addi	x0,x0,0	  x0:0x00000000
       16345000	      1633	80001d24	00000013	addi	x0,x0,0	  x0:0x00000000
       16355000	      1634	80001d28	41055033	sra	x0,x10,x16	 x10:0x865f29c9 x16:0x80009f58
       16365000	      1635	80001d2c	00b8b133	sltu	x2,x17,x11	 x17:0x80009fc4 x11:0xffffffd6  x2=0x00000001
       16375000	      1636	80001d30	503b0f13	addi	x30,x22,1283	 x22:0xfffffdce x30=0x000002d1
       16385000	      1637	80001d34	00a75713	srli	x14,x14,0xa	 x14:0x00000000 x14=0x00000000
       16395000	      1638	80001d38	05479463	bne	x15,x20,80001d80	 x15:0x80818283 x20:0x00000000
       16405000	      1639	00000000	00000013	addi	x0,x0,0	  x0:0x00000000
       16415000	      1640	80001d7c	00000013	addi	x0,x0,0	  x0:0x00000000
       16425000	      1641	80001d80	00946f33	or	x30,x8,x9	  x8:0x00000000  x9:0x00239d03 x30=0x00239d03
       16435000	      1642	80001d84	007f5093	srli	x1,x30,0x7	 x30:0x00239d03  x1=0x0000473a
       16445000	      1643	80001d88	017f3f33	sltu	x30,x30,x23	 x30:0x00239d03 x23:0x00003d0d x30=0x00000000
       16455000	      1644	80001d8c	8e24ad93	slti	x27,x9,-1822	  x9:0x00239d03 x27=0x00000000
       16465000	      1645	80001d90	83b23397	auipc	x7,0x83b23	  x7=0x03b24d8c
       16475000	      1646	80001d94	59f8a113	slti	x2,x17,1439	 x17:0x80009fc4  x2=0x00000001
       16485000	      1647	80001d98	daca6993	ori	x19,x20,-596	 x20:0x00000000 x19=0xfffffdac
       16495000	      1648	80001d9c	00af9ab3	sll	x21,x31,x10	 x31:0x00000002 x10:0x865f29c9 x21=0x00000400
       16505000	      1649	80001da0	00dae133	or	x2,x21,x13	 x21:0x00000400 x13:0x00000000  x2=0x00000400
       16515000	      1650	80001da4	b4302293	slti	x5,x0,-1213	  x0:0x00000000  x5=0x00000000
       16525000	      1651	80001da8	00458b33	add	x22,x11,x4	 x11:0xffffffd6  x4:0x0000000f x22=0xffffffe5
       16535000	      1652	80001dac	0003bb33	sltu	x22,x7,x0	  x7:0x03b24d8c  x0:0x00000000 x22=0x00000000
       16545000	      1653	80001db0	03095a63	bge	x18,x16,80001de4	 x18:0x0000000f x16:0x80009f58
       16555000	      1654	00000000	00000013	addi	x0,x0,0	  x0:0x00000000
       16565000	      1655	80001de0	00000013	addi	x0,x0,0	  x0:0x00000000
       16575000	      1656	80001de4	7d57abb7	lui	x23,0x7d57a	 x23=0x7d57a000
       16585000	      1657	80001de8	a993ef93	ori	x31,x7,-1383	  x7:0x03b24d8c x31=0xffffff9d
       16595000	      1658	80001dec	229ba393	slti	x7,x23,553	 x23:0x7d57a000  x7=0x00000000
       16605000	      1659	80001df0	00a709b3	add	x19,x14,x10	 x14:0x00000000 x10:0x865f29c9 x19=0x865f29c9
       16615000	      1660	80001df4	b9906613	ori	x12,x0,-1127	  x0:0x00000000 x12=0xfffffb99
       16625000	      1661	80001df8	01f32333	slt	x6,x6,x31	  x6:0x000043f4 x31:0xffffff9d  x6=0x00000000
       16635000	      1662	80001dfc	608a8493	addi	x9,x21,1544	 x21:0x00000400  x9=0x00000a08
       16645000	      1663	80001e00	00dc67b3	or	x15,x24,x13	 x24:0x00239d03 x13:0x00000000 x15=0x00239d03
       16655000	      1664	80001e04	413b5db3	sra	x27,x22,x19	 x22:0x00000000 x19:0x865f29c9 x27=0x00000000
       16665000	      1665	80001e08	00317463	bgeu	x2,x3,80001e10	  x2:0x00000400  x3:0xfffffdc7
       16675000	      1666	80001e0c	01a36263	bltu	x6,x26,80001e10	  x6:0x00000000 x26:0x00000008
       16685000	      1667	00000000	00000013	addi	x0,x0,0	  x0:0x00000000
       16695000	      1668	80001e0c	00000013	addi	x0,x0,0	  x0:0x00000000
       16705000	      1669	80001e10	01c15c33	srl	x24,x2,x28	  x2:0x00000400 x28:0x476af000 x24=0x00000400
       16715000	      1670	80001e14	c33a8193	addi	x3,x21,-973	 x21:0x00000400  x3=0x00000033
       16725000	      1671	80001e18	40f4de13	srai	x28,x9,0xf	  x9:0x00000a08 x28=0x00000000
       16735000	      1672	80001e1c	0030e4b3	or	x9,x1,x3	  x1:0x0000473a  x3:0x00000033  x9=0x0000473b
       16745000	      1673	80001e20	efdc2113	slti	x2,x24,-259	 x24:0x00000400  x2=0x00000000
       16755000	      1674	80001e24	413600b3	sub	x1,x12,x19	 x12:0xfffffb99 x19:0x865f29c9  x1=0x79a0d1d0
       16765000	      1675	80001e28	0011c3b3	xor	x7,x3,x1	  x3:0x00000033  x1:0x79a0d1d0  x7=0x79a0d1e3
       16775000	      1676	80001e2c	41148033	sub	x0,x9,x17	  x9:0x0000473b x17:0x80009fc4
       16785000	      1677	80001e30	409a5bb3	sra	x23,x20,x9	 x20:0x00000000  x9:0x0000473b x23=0x00000000
       16795000	      1678	80001e34	002e09b3	add	x19,x28,x2	 x28:0x00000000  x2:0x00000000 x19=0x00000000
       16805000	      1679	80001e38	41060a33	sub	x20,x12,x16	 x12:0xfffffb99 x16:0x80009f58 x20=0x7fff5c41
       16815000	      1680	80001e3c	0226ee63	bltu	x13,x2,80001e78	 x13:0x00000000  x2:0x00000000
       16825000	      1681	80001e40	02dc4e63	blt	x24,x13,80001e7c	 x24:0x00000400 x13:0x00000000
       16835000	      1682	80001e44	40c68733	sub	x14,x13,x12	 x13:0x00000000 x12:0xfffffb99 x14=0x00000467
       16845000	      1683	80001e48	81feae93	slti	x29,x29,-2017	 x29:0x95ffbcd8 x29=0x00000001
       16855000	      1684	80001e4c	01840633	add	x12,x8,x24	  x8:0x00000000 x24:0x00000400 x12=0x00000400
       16865000	      1685	80001e50	01fb5313	srli	x6,x22,0x1f	 x22:0x00000000  x6=0x00000000
       16875000	      1686	80001e54	10d9ca13	xori	x20,x19,269	 x19:0x00000000 x20=0x0000010d
       16885000	      1687	80001e58	015d9093	slli	x1,x27,0x15	 x27:0x00000000  x1=0x00000000
       16895000	      1688	80001e5c	9e602a37	lui	x20,0x9e602	 x20=0x9e602000
       16905000	      1689	80001e60	41835d33	sra	x26,x6,x24	  x6:0x00000000 x24:0x00000400 x26=0x00000000
       16915000	      1690	80001e64	010e5613	srli	x12,x28,0x10	 x28:0x00000000 x12=0x00000000
       16925000	      1691	80001e68	00825533	srl	x10,x4,x8	  x4:0x0000000f  x8:0x00000000 x10=0x0000000f
       16935000	      1692	80001e6c	00215863	bge	x2,x2,80001e7c	  x2:0x00000000  x2:0x00000000
       16945000	      1693	00000000	00000013	addi	x0,x0,0	  x0:0x00000000
       16955000	      1694	80001e78	00000013	addi	x0,x0,0	  x0:0x00000000
       16965000	      1695	80001e7c	0077cc33	xor	x24,x15,x7	 x15:0x00239d03  x7:0x79a0d1e3 x24=0x79834ce0
       16975000	      1696	80001e80	00482403	lw	x8,4(x16)	 x16:0x80009f58  x8=0x80000c70 PA:0x80009f5c
       16985000	      1697	80001e84	00918733	add	x14,x3,x9	  x3:0x00000033  x9:0x0000473b x14=0x0000476e
       16995000	      1698	80001e88	f3b74493	xori	x9,x14,-197	 x14:0x0000476e  x9=0xffffb855
       17005000	      1699	80001e8c	02c80813	addi	x16,x16,44	 x16:0x80009f58 x16=0x80009f84
       17015000	      1700	80001e90	001777b3	and	x15,x14,x1	 x14:0x0000476e  x1:0x00000000 x15=0x00000000
       17025000	      1701	80001e94	00040c13	addi	x24,x8,0	  x8:0x80000c70 x24=0x80000c70
       17035000	      1702	80001e98	000c0c67	jalr	x24,x24,0	 x24:0x80000c70 x24=0x80001e98
       17045000	      1703	00000000	00000013	addi	x0,x0,0	  x0:0x00000000
       17055000	      1704	80000c70	00000013	addi	x0,x0,0	  x0:0x00000000
       17065000	      1705	80000c74	41ef56b3	sra	x13,x30,x30	 x30:0x00000000 x30:0x00000000 x13=0x00000000
       17075000	      1706	80000c78	411f5bb3	sra	x23,x30,x17	 x30:0x00000000 x17:0x80009fc4 x23=0x00000000
       17085000	      1707	80000c7c	033ed863	bge	x29,x19,80000cac	 x29:0x00000001 x19:0x00000000
       17095000	      1708	00000000	00000013	addi	x0,x0,0	  x0:0x00000000
       17105000	      1709	80000ca8	00000013	addi	x0,x0,0	  x0:0x00000000
       17115000	      1710	80000cac	016db533	sltu	x10,x27,x22	 x27:0x00000000 x22:0x00000000 x10=0x00000000
       17125000	      1711	80000cb0	013f8463	beq	x31,x19,80000cb8	 x31:0xffffff9d x19:0x00000000
       17135000	      1712	80000cb4	2fa3b613	sltiu	x12,x7,762	  x7:0x79a0d1e3 x12=0x00000000
       17145000	      1713	80000cb8	02240a63	beq	x8,x2,80000cec	  x8:0x80000c70  x2:0x00000000
       17155000	      1714	80000cbc	00825c13	srli	x24,x4,0x8	  x4:0x0000000f x24=0x00000000
       17165000	      1715	80000cc0	bb94e013	ori	x0,x9,-1095	  x9:0xffffb855
       17175000	      1716	80000cc4	01fb3eb3	sltu	x29,x22,x31	 x22:0x00000000 x31:0xffffff9d x29=0x00000001
       17185000	      1717	80000cc8	c80a0613	addi	x12,x20,-896	 x20:0x9e602000 x12=0x9e601c80
       17195000	      1718	80000ccc	52a4c613	xori	x12,x9,1322	  x9:0xffffb855 x12=0xffffbd7f
       17205000	      1719	80000cd0	001bcc63	blt	x23,x1,80000ce8	 x23:0x00000000  x1:0x00000000
       17215000	      1720	80000cd4	0092d093	srli	x1,x5,0x9	  x5:0x00000000  x1=0x00000000
       17225000	      1721	80000cd8	01e5dab3	srl	x21,x11,x30	 x11:0xffffffd6 x30:0x00000000 x21=0xffffffd6
       17235000	      1722	80000cdc	d6f70393	addi	x7,x14,-657	 x14:0x0000476e  x7=0x000044dd
       17245000	      1723	80000ce0	00a15433	srl	x8,x2,x10	  x2:0x00000000 x10:0x00000000  x8=0x00000000
       17255000	      1724	80000ce4	0094a2b3	slt	x5,x9,x9	  x9:0xffffb855  x9:0xffffb855  x5=0x00000000
       17265000	      1725	80000ce8	01b009b3	add	x19,x0,x27	  x0:0x00000000 x27:0x00000000 x19=0x00000000
       17275000	      1726	80000cec	417459b3	sra	x19,x8,x23	  x8:0x00000000 x23:0x00000000 x19=0x00000000
       17285000	      1727	80000cf0	01f6feb3	and	x29,x13,x31	 x13:0x00000000 x31:0xffffff9d x29=0x00000000
       17295000	      1728	80000cf4	03257c63	bgeu	x10,x18,80000d2c	 x10:0x00000000 x18:0x0000000f
       17305000	      1729	80000cf8	00718fb3	add	x31,x3,x7	  x3:0x00000033  x7:0x000044dd x31=0x00004510
       17315000	      1730	80000cfc	a89b29b7	lui	x19,0xa89b2	 x19=0xa89b2000
       17325000	      1731	80000d00	01597533	and	x10,x18,x21	 x18:0x0000000f x21:0xffffffd6 x10=0x00000006
       17335000	      1732	80000d04	406a5f93	srai	x31,x20,0x6	 x20:0x9e602000 x31=0xfe798080
       17345000	      1733	80000d08	0173f0b3	and	x1,x7,x23	  x7:0x000044dd x23:0x00000000  x1=0x00000000
       17355000	      1734	80000d0c	013e5c13	srli	x24,x28,0x13	 x28:0x00000000 x24=0x00000000
       17365000	      1735	80000d10	03b0c263	blt	x1,x27,80000d34	  x1:0x00000000 x27:0x00000000
       17375000	      1736	80000d14	410e80b3	sub	x1,x29,x16	 x29:0x00000000 x16:0x80009f84  x1=0x7fff607c
       17385000	      1737	80000d18	00a13ab3	sltu	x21,x2,x10	  x2:0x00000000 x10:0x00000006 x21=0x00000001
       17395000	      1738	80000d1c	012042b3	xor	x5,x0,x18	  x0:0x00000000 x18:0x0000000f  x5=0x0000000f
       17405000	      1739	80000d20	010cd463	bge	x25,x16,80000d28	 x25:0x003ffcf4 x16:0x80009f84
       17415000	      1740	00000000	00000013	addi	x0,x0,0	  x0:0x00000000
       17425000	      1741	80000d24	00000013	addi	x0,x0,0	  x0:0x00000000
       17435000	      1742	80000d28	e964e013	ori	x0,x9,-362	  x9:0xffffb855
       17445000	      1743	80000d2c	00125493	srli	x9,x4,0x1	  x4:0x0000000f  x9=0x00000007
       17455000	      1744	80000d30	0091db13	srli	x22,x3,0x9	  x3:0x00000033 x22=0x00000000
       17465000	      1745	80000d34	003bc3b3	xor	x7,x23,x3	 x23:0x00000000  x3:0x00000033  x7=0x00000033
       17475000	      1746	80000d38	71393193	sltiu	x3,x18,1811	 x18:0x0000000f  x3=0x00000001
       17485000	      1747	80000d3c	40475293	srai	x5,x14,0x4	 x14:0x0000476e  x5=0x00000476
       17495000	      1748	80000d40	95ce2a13	slti	x20,x28,-1700	 x28:0x00000000 x20=0x00000000
       17505000	      1749	80000d44	009f8e63	beq	x31,x9,80000d60	 x31:0xfe798080  x9:0x00000007
       17515000	      1750	80000d48	018a5eb3	srl	x29,x20,x24	 x20:0x00000000 x24:0x00000000 x29=0x00000000
       17525000	      1751	80000d4c	771d8f93	addi	x31,x27,1905	 x27:0x00000000 x31=0x00000771
       17535000	      1752	80000d50	00000013	addi	x0,x0,0	  x0:0x00000000
       17545000	      1753	80000d54	009f03b3	add	x7,x30,x9	 x30:0x00000000  x9:0x00000007  x7=0x00000007
       17555000	      1754	80000d58	410bde33	sra	x28,x23,x16	 x23:0x00000000 x16:0x80009f84 x28=0x00000000
       17565000	      1755	80000d5c	010a8263	beq	x21,x16,80000d60	 x21:0x00000001 x16:0x80009f84
       17575000	      1756	80000d60	41dcd033	sra	x0,x25,x29	 x25:0x003ffcf4 x29:0x00000000
       17585000	      1757	80000d64	40b50ab3	sub	x21,x10,x11	 x10:0x00000006 x11:0xffffffd6 x21=0x00000030
       17595000	      1758	80000d68	054b7263	bgeu	x22,x20,80000dac	 x22:0x00000000 x20:0x00000000
       17605000	      1759	00000000	00000013	addi	x0,x0,0	  x0:0x00000000
       17615000	      1760	80000da8	00000013	addi	x0,x0,0	  x0:0x00000000
       17625000	      1761	80000dac	0139ddb3	srl	x27,x19,x19	 x19:0xa89b2000 x19:0xa89b2000 x27=0xa89b2000
       17635000	      1762	80000db0	00424f33	xor	x30,x4,x4	  x4:0x0000000f  x4:0x0000000f x30=0x00000000
       17645000	      1763	80000db4	00008297	auipc	x5,0x8	  x5=0x80008db0
       17655000	      1764	80000db8	98028293	addi	x5,x5,-1664	  x5:0x80008db0  x5=0x80008730
       17665000	      1765	80000dbc	d6028983	lb	x19,-672(x5)	  x5:0x80008730 x19=0x0000004b PA:0x80008490
       17675000	      1766	80000dc0	00e67233	and	x4,x12,x14	 x12:0xffffbd7f x14:0x0000476e  x4=0x0000056e
       17685000	      1767	80000dc4	019f3133	sltu	x2,x30,x25	 x30:0x00000000 x25:0x003ffcf4  x2=0x00000001
       17695000	      1768	80000dc8	d6428023	sb	x4,-672(x5)	  x5:0x80008730  x4:0x0000056e PA:0x80008490
       17705000	      1769	80000dcc	a192c983	lbu	x19,-1511(x5)	  x5:0x80008730 x19=0x00000002 PA:0x80008149
       17715000	      1770	80000dd0	a7c2dd03	lhu	x26,-1412(x5)	  x5:0x80008730 x26=0x00006667 PA:0x800081ac
       17725000	      1771	80000dd4	ef22c083	lbu	x1,-270(x5)	  x5:0x80008730  x1=0x000000d9 PA:0x80008622
       17735000	      1772	80000dd8	eec29923	sh	x12,-270(x5)	  x5:0x80008730 x12:0xffffbd7f PA:0x80008622
       17745000	      1773	80000ddc	fb029723	sh	x16,-82(x5)	  x5:0x80008730 x16:0x80009f84 PA:0x800086de
       17755000	      1774	80000de0	4001dd13	srai	x26,x3,0x0	  x3:0x00000001 x26=0x00000001
       17765000	      1775	80000de4	0d12ca03	lbu	x20,209(x5)	  x5:0x80008730 x20=0x000000ba PA:0x80008801
       17775000	      1776	80000de8	ba32c603	lbu	x12,-1117(x5)	  x5:0x80008730 x12=0x00000088 PA:0x800082d3
       17785000	      1777	80000dec	01550b33	add	x22,x10,x21	 x10:0x00000006 x21:0x00000030 x22=0x00000036
       17795000	      1778	80000df0	fa9f2f93	slti	x31,x30,-87	 x30:0x00000000 x31=0x00000000
       17805000	      1779	80000df4	69d63f93	sltiu	x31,x12,1693	 x12:0x00000088 x31=0x00000001
       17815000	      1780	80000df8	afc29403	lh	x8,-1284(x5)	  x5:0x80008730  x8=0xffffe6e7 PA:0x8000822c
       17825000	      1781	80000dfc	f07b6c13	ori	x24,x22,-249	 x22:0x00000036 x24=0xffffff37
       17835000	      1782	80000e00	8007b313	sltiu	x6,x15,-2048	 x15:0x00000000  x6=0x00000001
       17845000	      1783	80000e04	03eac663	blt	x21,x30,80000e30	 x21:0x00000030 x30:0x00000000
       17855000	      1784	80000e08	00471d13	slli	x26,x14,0x4	 x14:0x0000476e x26=0x000476e0
       17865000	      1785	80000e0c	01918e63	beq	x3,x25,80000e28	  x3:0x00000001 x25:0x003ffcf4
       17875000	      1786	80000e10	33fcab93	slti	x23,x25,831	 x25:0x003ffcf4 x23=0x00000000
       17885000	      1787	80000e14	000f4c63	blt	x30,x0,80000e2c	 x30:0x00000000  x0:0x00000000
       17895000	      1788	80000e18	712f2a13	slti	x20,x30,1810	 x30:0x00000000 x20=0x00000001
       17905000	      1789	80000e1c	002bfdb3	and	x27,x23,x2	 x23:0x00000000  x2:0x00000001 x27=0x00000000
       17915000	      1790	80000e20	2269fe37	lui	x28,0x2269f	 x28=0x2269f000
       17925000	      1791	80000e24	c8977593	andi	x11,x14,-887	 x14:0x0000476e x11=0x00004408
       17935000	      1792	80000e28	00eb9633	sll	x12,x23,x14	 x23:0x00000000 x14:0x0000476e x12=0x00000000
       17945000	      1793	80000e2c	0175d033	srl	x0,x11,x23	 x11:0x00004408 x23:0x00000000
       17955000	      1794	80000e30	90db3113	sltiu	x2,x22,-1779	 x22:0x00000036  x2=0x00000001
       17965000	      1795	80000e34	ea973713	sltiu	x14,x14,-343	 x14:0x0000476e x14=0x00000001
       17975000	      1796	80000e38	40e9d793	srai	x15,x19,0xe	 x19:0x00000002 x15=0x00000000
       17985000	      1797	80000e3c	c5ddf213	andi	x4,x27,-931	 x27:0x00000000  x4=0x00000000
       17995000	      1798	80000e40	00c97db3	and	x27,x18,x12	 x18:0x0000000f x12:0x00000000 x27=0x00000000
       18005000	      1799	80000e44	0013d333	srl	x6,x7,x1	  x7:0x00000007  x1:0x000000d9  x6=0x00000000
       18015000	      1800	80000e48	ee123093	sltiu	x1,x4,-287	  x4:0x00000000  x1=0x00000001
       18025000	      1801	80000e4c	bd376d93	ori	x27,x14,-1069	 x14:0x00000001 x27=0xfffffbd3
       18035000	      1802	80000e50	f3056793	ori	x15,x10,-208	 x10:0x00000006 x15=0xffffff36
       18045000	      1803	80000e54	00059f93	slli	x31,x11,0x0	 x11:0x00004408 x31=0x00004408
       18055000	      1804	80000e58	f34b8193	addi	x3,x23,-204	 x23:0x00000000  x3=0xffffff34
       18065000	      1805	80000e5c	019a5663	bge	x20,x25,80000e68	 x20:0x00000001 x25:0x003ffcf4
       18075000	      1806	80000e60	007270b3	and	x1,x4,x7	  x4:0x00000000  x7:0x00000007  x1=0x00000000
       18085000	      1807	80000e64	404d5e33	sra	x28,x26,x4	 x26:0x000476e0  x4:0x00000000 x28=0x000476e0
       18095000	      1808	80000e68	4125df33	sra	x30,x11,x18	 x11:0x00004408 x18:0x0000000f x30=0x00000000
       18105000	      1809	80000e6c	40235b33	sra	x22,x6,x2	  x6:0x00000000  x2:0x00000001 x22=0x00000000
       18115000	      1810	80000e70	01d77f33	and	x30,x14,x29	 x14:0x00000001 x29:0x00000000 x30=0x00000000
       18125000	      1811	80000e74	40f207b3	sub	x15,x4,x15	  x4:0x00000000 x15:0xffffff36 x15=0x000000ca
       18135000	      1812	80000e78	01468db3	add	x27,x13,x20	 x13:0x00000000 x20:0x00000001 x27=0x00000001
       18145000	      1813	80000e7c	3bdf2093	slti	x1,x30,957	 x30:0x00000000  x1=0x00000001
       18155000	      1814	80000e80	00b11393	slli	x7,x2,0xb	  x2:0x00000001  x7=0x00000800
       18165000	      1815	80000e84	0139de93	srli	x29,x19,0x13	 x19:0x00000002 x29=0x00000000
       18175000	      1816	80000e88	01a733b3	sltu	x7,x14,x26	 x14:0x00000001 x26:0x000476e0  x7=0x00000001
       18185000	      1817	80000e8c	61336793	ori	x15,x6,1555	  x6:0x00000000 x15=0x00000613
       18195000	      1818	80000e90	7d56be13	sltiu	x28,x13,2005	 x13:0x00000000 x28=0x00000001
       18205000	      1819	80000e94	a41353b7	lui	x7,0xa4135	  x7=0xa4135000
       18215000	      1820	80000e98	00da6c63	bltu	x20,x13,80000eb0	 x20:0x00000001 x13:0x00000000
       18225000	      1821	80000e9c	016c6eb3	or	x29,x24,x22	 x24:0xffffff37 x22:0x00000000 x29=0xffffff37
       18235000	      1822	80000ea0	3390b013	sltiu	x0,x1,825	  x1:0x00000001
       18245000	      1823	80000ea4	003d31b3	sltu	x3,x26,x3	 x26:0x000476e0  x3:0xffffff34  x3=0x00000001
       18255000	      1824	80000ea8	00000013	addi	x0,x0,0	  x0:0x00000000
       18265000	      1825	80000eac	00ad5eb3	srl	x29,x26,x10	 x26:0x000476e0 x10:0x00000006 x29=0x000011db
       18275000	      1826	80000eb0	4c55f317	auipc	x6,0x4c55f	  x6=0xcc55feac
       18285000	      1827	80000eb4	00000013	addi	x0,x0,0	  x0:0x00000000
       18295000	      1828	80000eb8	40eb5a93	srai	x21,x22,0xe	 x22:0x00000000 x21=0x00000000
       18305000	      1829	80000ebc	02fe4c63	blt	x28,x15,80000ef4	 x28:0x00000001 x15:0x00000613
       18315000	      1830	00000000	00000013	addi	x0,x0,0	  x0:0x00000000
       18325000	      1831	80000ef0	00000013	addi	x0,x0,0	  x0:0x00000000
       18335000	      1832	80000ef4	e00f92b7	lui	x5,0xe00f9	  x5=0xe00f9000
       18345000	      1833	80000ef8	0033cb33	xor	x22,x7,x3	  x7:0xa4135000  x3:0x00000001 x22=0xa4135001
       18355000	      1834	80000efc	00000297	auipc	x5,0x0	  x5=0x80000ef8
       18365000	      1835	80000f00	4f828293	addi	x5,x5,1272	  x5:0x80000ef8  x5=0x800013f0
       18375000	      1836	80000f04	ce801bb7	lui	x23,0xce801	 x23=0xce801000
       18385000	      1837	80000f08	01b5df13	srli	x30,x11,0x1b	 x11:0x00004408 x30=0x00000000
       18395000	      1838	80000f0c	4087d233	sra	x4,x15,x8	 x15:0x00000613  x8:0xffffe6e7  x4=0x0000000c
       18405000	      1839	80000f10	2f928293	addi	x5,x5,761	  x5:0x800013f0  x5=0x800016e9
       18415000	      1840	80000f14	a4bdff97	auipc	x31,0xa4bdf	 x31=0x24bdff10
       18425000	      1841	80000f18	010be1b3	or	x3,x23,x16	 x23:0xce801000 x16:0x80009f84  x3=0xce809f84
       18435000	      1842	80000f1c	00000013	addi	x0,x0,0	  x0:0x00000000
       18445000	      1843	80000f20	0071c6b3	xor	x13,x3,x7	  x3:0xce809f84  x7:0xa4135000 x13=0x6a93cf84
       18455000	      1844	80000f24	d0828467	jalr	x8,x5,-760	  x5:0x800016e9  x8=0x80000f24
       18465000	      1845	00000000	00000013	addi	x0,x0,0	  x0:0x00000000
       18475000	      1846	800013f0	00000013	addi	x0,x0,0	  x0:0x00000000
       18485000	      1847	800013f4	01584a63	blt	x16,x21,80001408	 x16:0x80009f84 x21:0x00000000
       18495000	      1848	00000000	00000013	addi	x0,x0,0	  x0:0x00000000
       18505000	      1849	80001404	00000013	addi	x0,x0,0	  x0:0x00000000
       18515000	      1850	80001408	fd480813	addi	x16,x16,-44	 x16:0x80009f84 x16=0x80009f58
       18525000	      1851	8000140c	00882223	sw	x8,4(x16)	 x16:0x80009f58  x8:0x80000f24 PA:0x80009f5c
       18535000	      1852	80001410	011f9bb3	sll	x23,x31,x17	 x31:0x24bdff10 x17:0x80009fc4 x23=0x4bdff100
       18545000	      1853	80001414	000fe733	or	x14,x31,x0	 x31:0x24bdff10  x0:0x00000000 x14=0x24bdff10
       18555000	      1854	80001418	00000097	auipc	x1,0x0	  x1=0x80001414
       18565000	      1855	8000141c	b8c08093	addi	x1,x1,-1140	  x1:0x80001414  x1=0x80000fa0
       18575000	      1856	80001420	401d5c33	sra	x24,x26,x1	 x26:0x000476e0  x1:0x80000fa0 x24=0x000476e0
       18585000	      1857	80001424	31308093	addi	x1,x1,787	  x1:0x80000fa0  x1=0x800012b3
       18595000	      1858	80001428	00000013	addi	x0,x0,0	  x0:0x00000000
       18605000	      1859	8000142c	417d84b3	sub	x9,x27,x23	 x27:0x00000001 x23:0x4bdff100  x9=0xb4200f01
       18615000	      1860	80001430	40815a13	srai	x20,x2,0x8	  x2:0x00000001 x20=0x00000000
       18625000	      1861	80001434	c31f6593	ori	x11,x30,-975	 x30:0x00000000 x11=0xfffffc31
       18635000	      1862	80001438	cee08467	jalr	x8,x1,-786	  x1:0x800012b3  x8=0x80001438
       18645000	      1863	00000000	00000013	addi	x0,x0,0	  x0:0x00000000
       18655000	      1864	80000fa0	00000013	addi	x0,x0,0	  x0:0x00000000
       18665000	      1865	80000fa4	00d74263	blt	x14,x13,80000fa8	 x14:0x24bdff10 x13:0x6a93cf84
       18675000	      1866	00000000	00000013	addi	x0,x0,0	  x0:0x00000000
       18685000	      1867	80000fa4	00000013	addi	x0,x0,0	  x0:0x00000000
       18695000	      1868	80000fa8	fdc80813	addi	x16,x16,-36	 x16:0x80009f58 x16=0x80009f34
       18705000	      1869	80000fac	4097d1b3	sra	x3,x15,x9	 x15:0x00000613  x9:0xb4200f01  x3=0x00000309
       18715000	      1870	80000fb0	01e15f13	srli	x30,x2,0x1e	  x2:0x00000001 x30=0x00000000
       18725000	      1871	80000fb4	000d4d33	xor	x26,x26,x0	 x26:0x000476e0  x0:0x00000000 x26=0x000476e0
       18735000	      1872	80000fb8	a3982e13	slti	x28,x16,-1479	 x16:0x80009f34 x28=0x00000001
       18745000	      1873	80000fbc	010e3333	sltu	x6,x28,x16	 x28:0x00000001 x16:0x80009f34  x6=0x00000001
       18755000	      1874	80000fc0	01ca1593	slli	x11,x20,0x1c	 x20:0x00000000 x11=0x00000000
       18765000	      1875	80000fc4	01099ab3	sll	x21,x19,x16	 x19:0x00000002 x16:0x80009f34 x21=0x00200000
       18775000	      1876	80000fc8	1a183593	sltiu	x11,x16,417	 x16:0x80009f34 x11=0x00000000
       18785000	      1877	80000fcc	01bb1393	slli	x7,x22,0x1b	 x22:0xa4135001  x7=0x08000000
       18795000	      1878	80000fd0	00882223	sw	x8,4(x16)	 x16:0x80009f34  x8:0x80001438 PA:0x80009f38
       18805000	      1879	80000fd4	00000013	addi	x0,x0,0	  x0:0x00000000
       18815000	      1880	80000fd8	00007417	auipc	x8,0x7	  x8=0x80007fd4
       18825000	      1881	80000fdc	2fe40413	addi	x8,x8,766	  x8:0x80007fd4  x8=0x800082d2
       18835000	      1882	80000fe0	023404a3	sb	x3,41(x8)	  x8:0x800082d2  x3:0x00000309 PA:0x800082fb
       18845000	      1883	80000fe4	00000013	addi	x0,x0,0	  x0:0x00000000
       18855000	      1884	80000fe8	035404a3	sb	x21,41(x8)	  x8:0x800082d2 x21:0x00200000 PA:0x800082fb
       18865000	      1885	80000fec	0aa40c83	lb	x25,170(x8)	  x8:0x800082d2 x25=0x0000000f PA:0x8000837c
       18875000	      1886	80000ff0	0b240523	sb	x18,170(x8)	  x8:0x800082d2 x18:0x0000000f PA:0x8000837c
       18885000	      1887	80000ff4	01b9edb3	or	x27,x19,x27	 x19:0x00000002 x27:0x00000001 x27=0x00000003
       18895000	      1888	80000ff8	0aa42d83	lw	x27,170(x8)	  x8:0x800082d2 x27=0x3435360f PA:0x8000837c
       18905000	      1889	80000ffc	0aa42b03	lw	x22,170(x8)	  x8:0x800082d2 x22=0x3435360f PA:0x8000837c
       18915000	      1890	80001000	00000013	addi	x0,x0,0	  x0:0x00000000
       18925000	      1891	80001004	0aa41b03	lh	x22,170(x8)	  x8:0x800082d2 x22=0x0000360f PA:0x8000837c
       18935000	      1892	00000000	00000013	addi	x0,x0,0	  x0:0x00000000
       18945000	      1893	80001008	ff6402a3	sb	x22,-27(x8)	  x8:0x800082d2 x22:0x0000360f PA:0x800082b7
       18955000	      1894	8000100c	fd544683	lbu	x13,-43(x8)	  x8:0x800082d2 x13=0x0000005c PA:0x800082a7
       18965000	      1895	80001010	4037de93	srai	x29,x15,0x3	 x15:0x00000613 x29=0x000000c2
       18975000	      1896	80001014	401bdc93	srai	x25,x23,0x1	 x23:0x4bdff100 x25=0x25eff880
       18985000	      1897	80001018	fd544a03	lbu	x20,-43(x8)	  x8:0x800082d2 x20=0x0000005c PA:0x800082a7
       18995000	      1898	8000101c	fd544b83	lbu	x23,-43(x8)	  x8:0x800082d2 x23=0x0000005c PA:0x800082a7
       19005000	      1899	80001020	fd540603	lb	x12,-43(x8)	  x8:0x800082d2 x12=0x0000005c PA:0x800082a7
       19015000	      1900	80001024	fd544b83	lbu	x23,-43(x8)	  x8:0x800082d2 x23=0x0000005c PA:0x800082a7
       19025000	      1901	80001028	00007397	auipc	x7,0x7	  x7=0x80008024
       19035000	      1902	8000102c	5ec38393	addi	x7,x7,1516	  x7:0x80008024  x7=0x80008610
       19045000	      1903	80001030	00007717	auipc	x14,0x7	 x14=0x8000802c
       19055000	      1904	80001034	3c570713	addi	x14,x14,965	 x14:0x8000802c x14=0x800083f1
       19065000	      1905	80001038	00007097	auipc	x1,0x7	  x1=0x80008034
       19075000	      1906	8000103c	31d08093	addi	x1,x1,797	  x1:0x80008034  x1=0x80008351
       19085000	      1907	80001040	00007a97	auipc	x21,0x7	 x21=0x8000803c
       19095000	      1908	80001044	686a8a93	addi	x21,x21,1670	 x21:0x8000803c x21=0x800086c2
       19105000	      1909	80001048	00f72503	lw	x10,15(x14)	 x14:0x800083f1 x10=0xb8b9babb PA:0x80008400
       19115000	      1910	8000104c	bc8a8783	lb	x15,-1080(x21)	 x21:0x800086c2 x15=0x00000041 PA:0x8000828a
       19125000	      1911	80001050	f1408a03	lb	x20,-236(x1)	  x1:0x80008351 x20=0x0000001e PA:0x80008265
       19135000	      1912	80001054	a913cb03	lbu	x22,-1391(x7)	  x7:0x80008610 x22=0x0000005a PA:0x800080a1
       19145000	      1913	80001058	f320c603	lbu	x12,-206(x1)	  x1:0x80008351 x12=0x00000038 PA:0x80008283
       19155000	      1914	8000105c	c20a9983	lh	x19,-992(x21)	 x21:0x800086c2 x19=0xffff9899 PA:0x800082e2
       19165000	      1915	80001060	e7fa8203	lb	x4,-385(x21)	 x21:0x800086c2  x4=0xfffffffa PA:0x80008541
       19175000	      1916	80001064	00007297	auipc	x5,0x7	  x5=0x80008060
       19185000	      1917	80001068	03628293	addi	x5,x5,54	  x5:0x80008060  x5=0x80008096
       19195000	      1918	8000106c	fe870a23	sb	x8,-12(x14)	 x14:0x800083f1  x8:0x800082d2 PA:0x800083e5
       19205000	      1919	80001070	011723a3	sw	x17,7(x14)	 x14:0x800083f1 x17:0x80009fc4 PA:0x800083f8
       19215000	      1920	80001074	f6f096a3	sh	x15,-147(x1)	  x1:0x80008351 x15:0x00000041 PA:0x800082be
       19225000	      1921	80001078	b00a81a3	sb	x0,-1277(x21)	 x21:0x800086c2  x0:0x00000000 PA:0x800081c5
       19235000	      1922	8000107c	fcb3c503	lbu	x10,-53(x7)	  x7:0x80008610 x10=0x00000090 PA:0x800085db
       19245000	      1923	80001080	0142c783	lbu	x15,20(x5)	  x5:0x80008096 x15=0x0000005a PA:0x800080aa
       19255000	      1924	80001084	ff32cd83	lbu	x27,-13(x5)	  x5:0x80008096 x27=0x00000042 PA:0x80008089
       19265000	      1925	80001088	ee2a84a3	sb	x2,-279(x21)	 x21:0x800086c2  x2:0x00000001 PA:0x800085ab
       19275000	      1926	8000108c	0032c783	lbu	x15,3(x5)	  x5:0x80008096 x15=0x00000052 PA:0x80008099
       19285000	      1927	80001090	b5338523	sb	x19,-1206(x7)	  x7:0x80008610 x19:0xffff9899 PA:0x8000815a
       19295000	      1928	80001094	a2e38da3	sb	x14,-1477(x7)	  x7:0x80008610 x14:0x800083f1 PA:0x8000804b
       19305000	      1929	80001098	130aa323	sw	x16,294(x21)	 x21:0x800086c2 x16:0x80009f34 PA:0x800087e8
       19315000	      1930	8000109c	0ee08223	sb	x14,228(x1)	  x1:0x80008351 x14:0x800083f1 PA:0x80008435
       19325000	      1931	800010a0	01629a23	sh	x22,20(x5)	  x5:0x80008096 x22:0x0000005a PA:0x800080aa
       19335000	      1932	800010a4	cffa8723	sb	x31,-786(x21)	 x21:0x800086c2 x31:0x24bdff10 PA:0x800083b0
       19345000	      1933	800010a8	ffb70823	sb	x27,-16(x14)	 x14:0x800083f1 x27:0x00000042 PA:0x800083e1
       19355000	      1934	800010ac	02928423	sb	x9,40(x5)	  x5:0x80008096  x9:0xb4200f01 PA:0x800080be
       19365000	      1935	800010b0	00670a03	lb	x20,6(x14)	 x14:0x800083f1 x20=0xffffffac PA:0x800083f7
       19375000	      1936	800010b4	037280a3	sb	x23,33(x5)	  x5:0x80008096 x23:0x0000005c PA:0x800080b7
       19385000	      1937	800010b8	fec2c583	lbu	x11,-20(x5)	  x5:0x80008096 x11=0x00000039 PA:0x80008082
       19395000	      1938	800010bc	ff02ce03	lbu	x28,-16(x5)	  x5:0x80008096 x28=0x00000000 PA:0x80008086
       19405000	      1939	800010c0	deb38103	lb	x2,-533(x7)	  x7:0x80008610  x2=0xffffff80 PA:0x800083fb
       19415000	      1940	800010c4	00a70223	sb	x10,4(x14)	 x14:0x800083f1 x10:0x00000090 PA:0x800083f5
       19425000	      1941	800010c8	dbd38183	lb	x3,-579(x7)	  x7:0x80008610  x3=0xffffff86 PA:0x800083cd
       19435000	      1942	800010cc	ff670b83	lb	x23,-10(x14)	 x14:0x800083f1 x23=0xffffff9c PA:0x800083e7
       19445000	      1943	800010d0	09508823	sb	x21,144(x1)	  x1:0x80008351 x21:0x800086c2 PA:0x800083e1
       19455000	      1944	800010d4	e9a39783	lh	x15,-358(x7)	  x7:0x80008610 x15=0x00006061 PA:0x800084aa
       19465000	      1945	800010d8	0192cc03	lbu	x24,25(x5)	  x5:0x80008096 x24=0x00000064 PA:0x800080af
       19475000	      1946	800010dc	d6a38f23	sb	x10,-642(x7)	  x7:0x80008610 x10:0x00000090 PA:0x8000838e
       19485000	      1947	800010e0	c29acc03	lbu	x24,-983(x21)	 x21:0x800086c2 x24=0x000000a0 PA:0x800082eb
       19495000	      1948	800010e4	00b72b83	lw	x23,11(x14)	 x14:0x800083f1 x23=0xb4b5b6b7 PA:0x800083fc
       19505000	      1949	800010e8	00d70103	lb	x2,13(x14)	 x14:0x800083f1  x2=0xffffffb5 PA:0x800083fe
       19515000	      1950	800010ec	01a2cc03	lbu	x24,26(x5)	  x5:0x80008096 x24=0x0000006b PA:0x800080b0
       19525000	      1951	800010f0	00174783	lbu	x15,1(x14)	 x14:0x800083f1 x15=0x000000a9 PA:0x800083f2
       19535000	      1952	800010f4	00007117	auipc	x2,0x7	  x2=0x800080f0
       19545000	      1953	800010f8	f8f10113	addi	x2,x2,-113	  x2:0x800080f0  x2=0x8000807f
       19555000	      1954	800010fc	05d11503	lh	x10,93(x2)	  x2:0x8000807f x10=0xffff8e97 PA:0x800080dc
       19565000	      1955	80001100	04110923	sb	x1,82(x2)	  x2:0x8000807f  x1:0x80008351 PA:0x800080d1
       19575000	      1956	80001104	01bf9433	sll	x8,x31,x27	 x31:0x24bdff10 x27:0x00000042  x8=0x92f7fc40
       19585000	      1957	80001108	22b9ed13	ori	x26,x19,555	 x19:0xffff9899 x26=0xffff9abb
       19595000	      1958	8000110c	07111c83	lh	x25,113(x2)	  x2:0x8000807f x25=0xffffaaab PA:0x800080f0
       19605000	      1959	80001110	0fe10d23	sb	x30,250(x2)	  x2:0x8000807f x30:0x00000000 PA:0x80008179
       19615000	      1960	80001114	fdb11003	lh	x0,-37(x2)	  x2:0x8000807f PA:0x8000805a
       19625000	      1961	80001118	09010183	lb	x3,144(x2)	  x2:0x8000807f  x3=0xffffffc4 PA:0x8000810f
       19635000	      1962	8000111c	00692533	slt	x10,x18,x6	 x18:0x0000000f  x6:0x00000001 x10=0x00000000
       19645000	      1963	80001120	048105a3	sb	x8,75(x2)	  x2:0x8000807f  x8:0x92f7fc40 PA:0x800080ca
       19655000	      1964	80001124	0013c0b3	xor	x1,x7,x1	  x7:0x80008610  x1:0x80008351  x1=0x00000541
       19665000	      1965	80001128	02512403	lw	x8,37(x2)	  x2:0x8000807f  x8=0x5c5d5e5f PA:0x800080a4
       19675000	      1966	8000112c	0bd15e03	lhu	x28,189(x2)	  x2:0x8000807f x28=0x0000f6f7 PA:0x8000813c
       19685000	      1967	80001130	02d107a3	sb	x13,47(x2)	  x2:0x8000807f x13:0x0000005c PA:0x800080ae
       19695000	      1968	80001134	09112aa3	sw	x17,149(x2)	  x2:0x8000807f x17:0x80009fc4 PA:0x80008114
       19705000	      1969	80001138	c3033c13	sltiu	x24,x6,-976	  x6:0x00000001 x24=0x00000001
       19715000	      1970	8000113c	a04c3293	sltiu	x5,x24,-1532	 x24:0x00000001  x5=0x00000001
       19725000	      1971	80001140	0e410f03	lb	x30,228(x2)	  x2:0x8000807f x30=0x00000018 PA:0x80008163
       19735000	      1972	80001144	008c3fb3	sltu	x31,x24,x8	 x24:0x00000001  x8:0x5c5d5e5f x31=0x00000001
       19745000	      1973	80001148	00421093	slli	x1,x4,0x4	  x4:0xfffffffa  x1=0xffffffa0
       19755000	      1974	8000114c	04714583	lbu	x11,71(x2)	  x2:0x8000807f x11=0x0000007d PA:0x800080c6
       19765000	      1975	80001150	00000013	addi	x0,x0,0	  x0:0x00000000
       19775000	      1976	80001154	00000013	addi	x0,x0,0	  x0:0x00000000
       19785000	      1977	80001158	05c10c03	lb	x24,92(x2)	  x2:0x8000807f x24=0xffffff90 PA:0x800080db
       19795000	      1978	00000000	00000013	addi	x0,x0,0	  x0:0x00000000
       19805000	      1979	8000115c	09814683	lbu	x13,152(x2)	  x2:0x8000807f x13=0x00000080 PA:0x80008117
       19815000	      1980	80001160	02810623	sb	x8,44(x2)	  x2:0x8000807f  x8:0x5c5d5e5f PA:0x800080ab
       19825000	      1981	80001164	fd814f83	lbu	x31,-40(x2)	  x2:0x8000807f x31=0x0000000c PA:0x80008057
       19835000	      1982	80001168	0071a9b3	slt	x19,x3,x7	  x3:0xffffffc4  x7:0x80008610 x19=0x00000000
       19845000	      1983	8000116c	01994c33	xor	x24,x18,x25	 x18:0x0000000f x25:0xffffaaab x24=0xffffaaa4
       19855000	      1984	80001170	00126f33	or	x30,x4,x1	  x4:0xfffffffa  x1:0xffffffa0 x30=0xfffffffa
       19865000	      1985	80001174	01693d33	sltu	x26,x18,x22	 x18:0x0000000f x22:0x0000005a x26=0x00000001
       19875000	      1986	80001178	1010f593	andi	x11,x1,257	  x1:0xffffffa0 x11=0x00000100
       19885000	      1987	8000117c	218a0517	auipc	x10,0x218a0	 x10=0xa18a1178
       19895000	      1988	80001180	00ea1113	slli	x2,x20,0xe	 x20:0xffffffac  x2=0xffeb0000
       19905000	      1989	80001184	00fbee33	or	x28,x23,x15	 x23:0xb4b5b6b7 x15:0x000000a9 x28=0xb4b5b6bf
       19915000	      1990	80001188	015f1a13	slli	x20,x30,0x15	 x30:0xfffffffa x20=0xff400000
       19925000	      1991	8000118c	00844533	xor	x10,x8,x8	  x8:0x5c5d5e5f  x8:0x5c5d5e5f x10=0x00000000
       19935000	      1992	80001190	70e254b7	lui	x9,0x70e25	  x9=0x70e25000
       19945000	      1993	80001194	f7e1c593	xori	x11,x3,-130	  x3:0xffffffc4 x11=0x000000ba
       19955000	      1994	80001198	53f90d13	addi	x26,x18,1343	 x18:0x0000000f x26=0x0000054e
       19965000	      1995	8000119c	00604463	blt	x0,x6,800011a4	  x0:0x00000000  x6:0x00000001
       19975000	      1996	00000000	00000013	addi	x0,x0,0	  x0:0x00000000
       19985000	      1997	800011a0	00000013	addi	x0,x0,0	  x0:0x00000000
       19995000	      1998	800011a4	005a5193	srli	x3,x20,0x5	 x20:0xff400000  x3=0x07fa0000
       20005000	      1999	800011a8	01a37263	bgeu	x6,x26,800011ac	  x6:0x00000001 x26:0x0000054e
       20015000	      2000	800011ac	b9e33f93	sltiu	x31,x6,-1122	  x6:0x00000001 x31=0x00000001
       20025000	      2001	800011b0	0259da63	bge	x19,x5,800011e4	 x19:0x00000000  x5:0x00000001
       20035000	      2002	800011b4	006c5263	bge	x24,x6,800011b8	 x24:0xffffaaa4  x6:0x00000001
       20045000	      2003	800011b8	03da6863	bltu	x20,x29,800011e8	 x20:0xff400000 x29:0x000000c2
       20055000	      2004	800011bc	0668ab13	slti	x22,x17,102	 x17:0x80009fc4 x22=0x00000001
       20065000	      2005	800011c0	773a2cb7	lui	x25,0x773a2	 x25=0x773a2000
       20075000	      2006	800011c4	0117fe63	bgeu	x15,x17,800011e0	 x15:0x000000a9 x17:0x80009fc4
       20085000	      2007	800011c8	8da22593	slti	x11,x4,-1830	  x4:0xfffffffa x11=0x00000000
       20095000	      2008	800011cc	01435393	srli	x7,x6,0x14	  x6:0x00000001  x7=0x00000000
       20105000	      2009	800011d0	01ee1393	slli	x7,x28,0x1e	 x28:0xb4b5b6bf  x7=0xc0000000
       20115000	      2010	800011d4	93df0d93	addi	x27,x30,-1731	 x30:0xfffffffa x27=0xfffff937
       20125000	      2011	800011d8	02a9ee63	bltu	x19,x10,80001214	 x19:0x00000000 x10:0x00000000
       20135000	      2012	800011dc	01475c93	srli	x25,x14,0x14	 x14:0x800083f1 x25=0x00000800
       20145000	      2013	800011e0	010de463	bltu	x27,x16,800011e8	 x27:0xfffff937 x16:0x80009f34
       20155000	      2014	800011e4	0417f463	bgeu	x15,x1,8000122c	 x15:0x000000a9  x1:0xffffffa0
       20165000	      2015	800011e8	02511063	bne	x2,x5,80001208	  x2:0xffeb0000  x5:0x00000001
       20175000	      2016	00000000	00000013	addi	x0,x0,0	  x0:0x00000000
       20185000	      2017	80001204	00000013	addi	x0,x0,0	  x0:0x00000000
       20195000	      2018	80001208	01f146b3	xor	x13,x2,x31	  x2:0xffeb0000 x31:0x00000001 x13=0xffeb0001
       20205000	      2019	8000120c	01665263	bge	x12,x22,80001210	 x12:0x00000038 x22:0x00000001
       20215000	      2020	00000000	00000013	addi	x0,x0,0	  x0:0x00000000
       20225000	      2021	8000120c	00000013	addi	x0,x0,0	  x0:0x00000000
       20235000	      2022	80001210	021b9c63	bne	x23,x1,80001248	 x23:0xb4b5b6b7  x1:0xffffffa0
       20245000	      2023	00000000	00000013	addi	x0,x0,0	  x0:0x00000000
       20255000	      2024	80001244	00000013	addi	x0,x0,0	  x0:0x00000000
       20265000	      2025	80001248	00fb77b3	and	x15,x22,x15	 x22:0x00000001 x15:0x000000a9 x15=0x00000001
       20275000	      2026	8000124c	0120d463	bge	x1,x18,80001254	  x1:0xffffffa0 x18:0x0000000f
       20285000	      2027	80001250	0294cab7	lui	x21,0x294c	 x21=0x0294c000
       20295000	      2028	80001254	0165fdb3	and	x27,x11,x22	 x11:0x00000000 x22:0x00000001 x27=0x00000000
       20305000	      2029	80001258	1855c393	xori	x7,x11,389	 x11:0x00000000  x7=0x00000185
       20315000	      2030	8000125c	01fc53b3	srl	x7,x24,x31	 x24:0xffffaaa4 x31:0x00000001  x7=0x7fffd552
       20325000	      2031	80001260	0021f333	and	x6,x3,x2	  x3:0x07fa0000  x2:0xffeb0000  x6=0x07ea0000
       20335000	      2032	80001264	00000013	addi	x0,x0,0	  x0:0x00000000
       20345000	      2033	80001268	01b8b333	sltu	x6,x17,x27	 x17:0x80009fc4 x27:0x00000000  x6=0x00000000
       20355000	      2034	8000126c	7c70a213	slti	x4,x1,1991	  x1:0xffffffa0  x4=0x00000001
       20365000	      2035	80001270	056a6863	bltu	x20,x22,800012c0	 x20:0xff400000 x22:0x00000001
       20375000	      2036	80001274	00000013	addi	x0,x0,0	  x0:0x00000000
       20385000	      2037	80001278	4175d493	srai	x9,x11,0x17	 x11:0x00000000  x9=0x00000000
       20395000	      2038	8000127c	3941e613	ori	x12,x3,916	  x3:0x07fa0000 x12=0x07fa0394
       20405000	      2039	80001280	00afd393	srli	x7,x31,0xa	 x31:0x00000001  x7=0x00000000
       20415000	      2040	80001284	00000013	addi	x0,x0,0	  x0:0x00000000
       20425000	      2041	80001288	2a9dcb93	xori	x23,x27,681	 x27:0x00000000 x23=0x000002a9
       20435000	      2042	8000128c	00b20db3	add	x27,x4,x11	  x4:0x00000001 x11:0x00000000 x27=0x00000001
       20445000	      2043	80001290	02ff9863	bne	x31,x15,800012c0	 x31:0x00000001 x15:0x00000001
       20455000	      2044	80001294	01cf1e33	sll	x28,x30,x28	 x30:0xfffffffa x28:0xb4b5b6bf x28=0x00000000
       20465000	      2045	80001298	00c65c63	bge	x12,x12,800012b0	 x12:0x07fa0394 x12:0x07fa0394
       20475000	      2046	00000000	00000013	addi	x0,x0,0	  x0:0x00000000
       20485000	      2047	800012ac	00000013	addi	x0,x0,0	  x0:0x00000000
       20495000	      2048	800012b0	4074d6b3	sra	x13,x9,x7	  x9:0x00000000  x7:0x00000000 x13=0x00000000
       20505000	      2049	800012b4	efa9ab93	slti	x23,x19,-262	 x19:0x00000000 x23=0x00000000
       20515000	      2050	800012b8	00e93fb3	sltu	x31,x18,x14	 x18:0x0000000f x14:0x800083f1 x31=0x00000001
       20525000	      2051	800012bc	41be5613	srai	x12,x28,0x1b	 x28:0x00000000 x12=0x00000000
       20535000	      2052	800012c0	402fd9b3	sra	x19,x31,x2	 x31:0x00000001  x2:0xffeb0000 x19=0x00000001
       20545000	      2053	800012c4	00c323b3	slt	x7,x6,x12	  x6:0x00000000 x12:0x00000000  x7=0x00000000
       20555000	      2054	800012c8	40f38633	sub	x12,x7,x15	  x7:0x00000000 x15:0x00000001 x12=0xffffffff
       20565000	      2055	800012cc	eceb6513	ori	x10,x22,-306	 x22:0x00000001 x10=0xfffffecf
       20575000	      2056	800012d0	4070d9b3	sra	x19,x1,x7	  x1:0xffffffa0  x7:0x00000000 x19=0xffffffa0
       20585000	      2057	800012d4	01de7333	and	x6,x28,x29	 x28:0x00000000 x29:0x000000c2  x6=0x00000000
       20595000	      2058	800012d8	03456c63	bltu	x10,x20,80001310	 x10:0xfffffecf x20:0xff400000
       20605000	      2059	800012dc	00542433	slt	x8,x8,x5	  x8:0x5c5d5e5f  x5:0x00000001  x8=0x00000000
       20615000	      2060	800012e0	00c29133	sll	x2,x5,x12	  x5:0x00000001 x12:0xffffffff  x2=0x80000000
       20625000	      2061	800012e4	01c47b33	and	x22,x8,x28	  x8:0x00000000 x28:0x00000000 x22=0x00000000
       20635000	      2062	800012e8	d6aaaf13	slti	x30,x21,-662	 x21:0x0294c000 x30=0x00000000
       20645000	      2063	800012ec	00495fb3	srl	x31,x18,x4	 x18:0x0000000f  x4:0x00000001 x31=0x00000007
       20655000	      2064	800012f0	aef47293	andi	x5,x8,-1297	  x8:0x00000000  x5=0x00000000
       20665000	      2065	800012f4	02bd5463	bge	x26,x11,8000131c	 x26:0x0000054e x11:0x00000000
       20675000	      2066	00000000	00000013	addi	x0,x0,0	  x0:0x00000000
       20685000	      2067	80001318	00000013	addi	x0,x0,0	  x0:0x00000000
       20695000	      2068	8000131c	41498db3	sub	x27,x19,x20	 x19:0xffffffa0 x20:0xff400000 x27=0x00bfffa0
       20705000	      2069	80001320	019b31b3	sltu	x3,x22,x25	 x22:0x00000000 x25:0x00000800  x3=0x00000001
       20715000	      2070	80001324	019ccb33	xor	x22,x25,x25	 x25:0x00000800 x25:0x00000800 x22=0x00000000
       20725000	      2071	80001328	41f35c93	srai	x25,x6,0x1f	  x6:0x00000000 x25=0x00000000
       20735000	      2072	8000132c	01ed5a63	bge	x26,x30,80001340	 x26:0x0000054e x30:0x00000000
       20745000	      2073	00000000	00000013	addi	x0,x0,0	  x0:0x00000000
       20755000	      2074	8000133c	00000013	addi	x0,x0,0	  x0:0x00000000
       20765000	      2075	80001340	018edc33	srl	x24,x29,x24	 x29:0x000000c2 x24:0xffffaaa4 x24=0x0000000c
       20775000	      2076	80001344	00fc9e63	bne	x25,x15,80001360	 x25:0x00000000 x15:0x00000001
       20785000	      2077	00000000	00000013	addi	x0,x0,0	  x0:0x00000000
       20795000	      2078	8000135c	00000013	addi	x0,x0,0	  x0:0x00000000
       20805000	      2079	80001360	f8d24f13	xori	x30,x4,-115	  x4:0x00000001 x30=0xffffff8c
       20815000	      2080	80001364	0116bbb3	sltu	x23,x13,x17	 x13:0x00000000 x17:0x80009fc4 x23=0x00000001
       20825000	      2081	80001368	00758cb3	add	x25,x11,x7	 x11:0x00000000  x7:0x00000000 x25=0x00000000
       20835000	      2082	8000136c	c3504393	xori	x7,x0,-971	  x0:0x00000000  x7=0xfffffc35
       20845000	      2083	80001370	01824263	blt	x4,x24,80001374	  x4:0x00000001 x24:0x0000000c
       20855000	      2084	00000000	00000013	addi	x0,x0,0	  x0:0x00000000
       20865000	      2085	80001370	00000013	addi	x0,x0,0	  x0:0x00000000
       20875000	      2086	80001374	0585c263	blt	x11,x24,800013b8	 x11:0x00000000 x24:0x0000000c
       20885000	      2087	00000000	00000013	addi	x0,x0,0	  x0:0x00000000
       20895000	      2088	800013b4	00000013	addi	x0,x0,0	  x0:0x00000000
       20905000	      2089	800013b8	671bc337	lui	x6,0x671bc	  x6=0x671bc000
       20915000	      2090	800013bc	be6f3717	auipc	x14,0xbe6f3	 x14=0x3e6f43b8
       20925000	      2091	800013c0	00317eb3	and	x29,x2,x3	  x2:0x80000000  x3:0x00000001 x29=0x00000000
       20935000	      2092	800013c4	40255393	srai	x7,x10,0x2	 x10:0xfffffecf  x7=0xffffffb3
       20945000	      2093	800013c8	002be233	or	x4,x23,x2	 x23:0x00000001  x2:0x80000000  x4=0x80000001
       20955000	      2094	800013cc	418504b3	sub	x9,x10,x24	 x10:0xfffffecf x24:0x0000000c  x9=0xfffffec3
       20965000	      2095	800013d0	016ae0b3	or	x1,x21,x22	 x21:0x0294c000 x22:0x00000000  x1=0x0294c000
       20975000	      2096	800013d4	01bcabb3	slt	x23,x25,x27	 x25:0x00000000 x27:0x00bfffa0 x23=0x00000001
       20985000	      2097	800013d8	00482403	lw	x8,4(x16)	 x16:0x80009f34  x8=0x80001438 PA:0x80009f38
       20995000	      2098	800013dc	00ac4133	xor	x2,x24,x10	 x24:0x0000000c x10:0xfffffecf  x2=0xfffffec3
       21005000	      2099	800013e0	00a1d333	srl	x6,x3,x10	  x3:0x00000001 x10:0xfffffecf  x6=0x00000000
       21015000	      2100	800013e4	02480813	addi	x16,x16,36	 x16:0x80009f34 x16=0x80009f58
       21025000	      2101	800013e8	00b9dd33	srl	x26,x19,x11	 x19:0xffffffa0 x11:0x00000000 x26=0xffffffa0
       21035000	      2102	800013ec	00040e13	addi	x28,x8,0	  x8:0x80001438 x28=0x80001438
       21045000	      2103	800013f0	000e0e67	jalr	x28,x28,0	 x28:0x80001438 x28=0x800013f0
       21055000	      2104	00000000	00000013	addi	x0,x0,0	  x0:0x00000000
       21065000	      2105	80001438	00000013	addi	x0,x0,0	  x0:0x00000000
       21075000	      2106	8000143c	4100d593	srai	x11,x1,0x10	  x1:0x0294c000 x11=0x00000294
       21085000	      2107	80001440	01c74033	xor	x0,x14,x28	 x14:0x3e6f43b8 x28:0x800013f0
       21095000	      2108	80001444	006195b3	sll	x11,x3,x6	  x3:0x00000001  x6:0x00000000 x11=0x00000001
       21105000	      2109	80001448	dd27c413	xori	x8,x15,-558	 x15:0x00000001  x8=0xfffffdd3
       21115000	      2110	8000144c	78b89037	lui	x0,0x78b89	
       21125000	      2111	80001450	00b3fb33	and	x22,x7,x11	  x7:0xffffffb3 x11:0x00000001 x22=0x00000001
       21135000	      2112	80001454	2ec9f693	andi	x13,x19,748	 x19:0xffffffa0 x13=0x000002a0
       21145000	      2113	80001458	0020f863	bgeu	x1,x2,80001468	  x1:0x0294c000  x2:0xfffffec3
       21155000	      2114	8000145c	006950b3	srl	x1,x18,x6	 x18:0x0000000f  x6:0x00000000  x1=0x0000000f
       21165000	      2115	80001460	b9bd6413	ori	x8,x26,-1125	 x26:0xffffffa0  x8=0xffffffbb
       21175000	      2116	80001464	8e1a2a93	slti	x21,x20,-1823	 x20:0xff400000 x21=0x00000001
       21185000	      2117	80001468	b3dff46f	jal	x8,80001468	  x8=0x80001468
       21195000	      2118	00000000	00000013	addi	x0,x0,0	  x0:0x00000000
       21205000	      2119	80000fa0	00000013	addi	x0,x0,0	  x0:0x00000000
       21215000	      2120	80000fa4	00d74263	blt	x14,x13,80000fa8	 x14:0x3e6f43b8 x13:0x000002a0
       21225000	      2121	80000fa8	fdc80813	addi	x16,x16,-36	 x16:0x80009f58 x16=0x80009f34
       21235000	      2122	80000fac	4097d1b3	sra	x3,x15,x9	 x15:0x00000001  x9:0xfffffec3  x3=0x00000000
       21245000	      2123	80000fb0	01e15f13	srli	x30,x2,0x1e	  x2:0xfffffec3 x30=0x00000003
       21255000	      2124	80000fb4	000d4d33	xor	x26,x26,x0	 x26:0xffffffa0  x0:0x00000000 x26=0xffffffa0
       21265000	      2125	80000fb8	a3982e13	slti	x28,x16,-1479	 x16:0x80009f34 x28=0x00000001
       21275000	      2126	80000fbc	010e3333	sltu	x6,x28,x16	 x28:0x00000001 x16:0x80009f34  x6=0x00000001
       21285000	      2127	80000fc0	01ca1593	slli	x11,x20,0x1c	 x20:0xff400000 x11=0x00000000
       21295000	      2128	80000fc4	01099ab3	sll	x21,x19,x16	 x19:0xffffffa0 x16:0x80009f34 x21=0xfa000000
       21305000	      2129	80000fc8	1a183593	sltiu	x11,x16,417	 x16:0x80009f34 x11=0x00000000
       21315000	      2130	80000fcc	01bb1393	slli	x7,x22,0x1b	 x22:0x00000001  x7=0x08000000
       21325000	      2131	80000fd0	00882223	sw	x8,4(x16)	 x16:0x80009f34  x8:0x80001468 PA:0x80009f38
       21335000	      2132	80000fd4	00000013	addi	x0,x0,0	  x0:0x00000000
       21345000	      2133	80000fd8	00007417	auipc	x8,0x7	  x8=0x80007fd4
       21355000	      2134	80000fdc	2fe40413	addi	x8,x8,766	  x8:0x80007fd4  x8=0x800082d2
       21365000	      2135	80000fe0	023404a3	sb	x3,41(x8)	  x8:0x800082d2  x3:0x00000000 PA:0x800082fb
       21375000	      2136	80000fe4	00000013	addi	x0,x0,0	  x0:0x00000000
       21385000	      2137	80000fe8	035404a3	sb	x21,41(x8)	  x8:0x800082d2 x21:0xfa000000 PA:0x800082fb
       21395000	      2138	80000fec	0aa40c83	lb	x25,170(x8)	  x8:0x800082d2 x25=0x0000000f PA:0x8000837c
       21405000	      2139	80000ff0	0b240523	sb	x18,170(x8)	  x8:0x800082d2 x18:0x0000000f PA:0x8000837c
       21415000	      2140	80000ff4	01b9edb3	or	x27,x19,x27	 x19:0xffffffa0 x27:0x00bfffa0 x27=0xffffffa0
       21425000	      2141	80000ff8	0aa42d83	lw	x27,170(x8)	  x8:0x800082d2 x27=0x3435360f PA:0x8000837c
       21435000	      2142	80000ffc	0aa42b03	lw	x22,170(x8)	  x8:0x800082d2 x22=0x3435360f PA:0x8000837c
       21445000	      2143	80001000	00000013	addi	x0,x0,0	  x0:0x00000000
       21455000	      2144	80001004	0aa41b03	lh	x22,170(x8)	  x8:0x800082d2 x22=0x0000360f PA:0x8000837c
       21465000	      2145	00000000	00000013	addi	x0,x0,0	  x0:0x00000000
       21475000	      2146	80001008	ff6402a3	sb	x22,-27(x8)	  x8:0x800082d2 x22:0x0000360f PA:0x800082b7
       21485000	      2147	8000100c	fd544683	lbu	x13,-43(x8)	  x8:0x800082d2 x13=0x0000005c PA:0x800082a7
       21495000	      2148	80001010	4037de93	srai	x29,x15,0x3	 x15:0x00000001 x29=0x00000000
       21505000	      2149	80001014	401bdc93	srai	x25,x23,0x1	 x23:0x00000001 x25=0x00000000
       21515000	      2150	80001018	fd544a03	lbu	x20,-43(x8)	  x8:0x800082d2 x20=0x0000005c PA:0x800082a7
       21525000	      2151	8000101c	fd544b83	lbu	x23,-43(x8)	  x8:0x800082d2 x23=0x0000005c PA:0x800082a7
       21535000	      2152	80001020	fd540603	lb	x12,-43(x8)	  x8:0x800082d2 x12=0x0000005c PA:0x800082a7
       21545000	      2153	80001024	fd544b83	lbu	x23,-43(x8)	  x8:0x800082d2 x23=0x0000005c PA:0x800082a7
       21555000	      2154	80001028	00007397	auipc	x7,0x7	  x7=0x80008024
       21565000	      2155	8000102c	5ec38393	addi	x7,x7,1516	  x7:0x80008024  x7=0x80008610
       21575000	      2156	80001030	00007717	auipc	x14,0x7	 x14=0x8000802c
       21585000	      2157	80001034	3c570713	addi	x14,x14,965	 x14:0x8000802c x14=0x800083f1
       21595000	      2158	80001038	00007097	auipc	x1,0x7	  x1=0x80008034
       21605000	      2159	8000103c	31d08093	addi	x1,x1,797	  x1:0x80008034  x1=0x80008351
       21615000	      2160	80001040	00007a97	auipc	x21,0x7	 x21=0x8000803c
       21625000	      2161	80001044	686a8a93	addi	x21,x21,1670	 x21:0x8000803c x21=0x800086c2
       21635000	      2162	80001048	00f72503	lw	x10,15(x14)	 x14:0x800083f1 x10=0xb8b9babb PA:0x80008400
       21645000	      2163	8000104c	bc8a8783	lb	x15,-1080(x21)	 x21:0x800086c2 x15=0x00000041 PA:0x8000828a
       21655000	      2164	80001050	f1408a03	lb	x20,-236(x1)	  x1:0x80008351 x20=0x0000001e PA:0x80008265
       21665000	      2165	80001054	a913cb03	lbu	x22,-1391(x7)	  x7:0x80008610 x22=0x0000005a PA:0x800080a1
       21675000	      2166	80001058	f320c603	lbu	x12,-206(x1)	  x1:0x80008351 x12=0x00000038 PA:0x80008283
       21685000	      2167	8000105c	c20a9983	lh	x19,-992(x21)	 x21:0x800086c2 x19=0xffff9899 PA:0x800082e2
       21695000	      2168	80001060	e7fa8203	lb	x4,-385(x21)	 x21:0x800086c2  x4=0xfffffffa PA:0x80008541
       21705000	      2169	80001064	00007297	auipc	x5,0x7	  x5=0x80008060
       21715000	      2170	80001068	03628293	addi	x5,x5,54	  x5:0x80008060  x5=0x80008096
       21725000	      2171	8000106c	fe870a23	sb	x8,-12(x14)	 x14:0x800083f1  x8:0x800082d2 PA:0x800083e5
       21735000	      2172	80001070	011723a3	sw	x17,7(x14)	 x14:0x800083f1 x17:0x80009fc4 PA:0x800083f8
       21745000	      2173	80001074	f6f096a3	sh	x15,-147(x1)	  x1:0x80008351 x15:0x00000041 PA:0x800082be
       21755000	      2174	80001078	b00a81a3	sb	x0,-1277(x21)	 x21:0x800086c2  x0:0x00000000 PA:0x800081c5
       21765000	      2175	8000107c	fcb3c503	lbu	x10,-53(x7)	  x7:0x80008610 x10=0x00000090 PA:0x800085db
       21775000	      2176	80001080	0142c783	lbu	x15,20(x5)	  x5:0x80008096 x15=0x0000005a PA:0x800080aa
       21785000	      2177	80001084	ff32cd83	lbu	x27,-13(x5)	  x5:0x80008096 x27=0x00000042 PA:0x80008089
       21795000	      2178	80001088	ee2a84a3	sb	x2,-279(x21)	 x21:0x800086c2  x2:0xfffffec3 PA:0x800085ab
       21805000	      2179	8000108c	0032c783	lbu	x15,3(x5)	  x5:0x80008096 x15=0x00000052 PA:0x80008099
       21815000	      2180	80001090	b5338523	sb	x19,-1206(x7)	  x7:0x80008610 x19:0xffff9899 PA:0x8000815a
       21825000	      2181	80001094	a2e38da3	sb	x14,-1477(x7)	  x7:0x80008610 x14:0x800083f1 PA:0x8000804b
       21835000	      2182	80001098	130aa323	sw	x16,294(x21)	 x21:0x800086c2 x16:0x80009f34 PA:0x800087e8
       21845000	      2183	8000109c	0ee08223	sb	x14,228(x1)	  x1:0x80008351 x14:0x800083f1 PA:0x80008435
       21855000	      2184	800010a0	01629a23	sh	x22,20(x5)	  x5:0x80008096 x22:0x0000005a PA:0x800080aa
       21865000	      2185	800010a4	cffa8723	sb	x31,-786(x21)	 x21:0x800086c2 x31:0x00000007 PA:0x800083b0
       21875000	      2186	800010a8	ffb70823	sb	x27,-16(x14)	 x14:0x800083f1 x27:0x00000042 PA:0x800083e1
       21885000	      2187	800010ac	02928423	sb	x9,40(x5)	  x5:0x80008096  x9:0xfffffec3 PA:0x800080be
       21895000	      2188	800010b0	00670a03	lb	x20,6(x14)	 x14:0x800083f1 x20=0xffffffac PA:0x800083f7
       21905000	      2189	800010b4	037280a3	sb	x23,33(x5)	  x5:0x80008096 x23:0x0000005c PA:0x800080b7
       21915000	      2190	800010b8	fec2c583	lbu	x11,-20(x5)	  x5:0x80008096 x11=0x00000039 PA:0x80008082
       21925000	      2191	800010bc	ff02ce03	lbu	x28,-16(x5)	  x5:0x80008096 x28=0x00000000 PA:0x80008086
       21935000	      2192	800010c0	deb38103	lb	x2,-533(x7)	  x7:0x80008610  x2=0xffffff80 PA:0x800083fb
       21945000	      2193	800010c4	00a70223	sb	x10,4(x14)	 x14:0x800083f1 x10:0x00000090 PA:0x800083f5
       21955000	      2194	800010c8	dbd38183	lb	x3,-579(x7)	  x7:0x80008610  x3=0xffffff86 PA:0x800083cd
       21965000	      2195	800010cc	ff670b83	lb	x23,-10(x14)	 x14:0x800083f1 x23=0xffffff9c PA:0x800083e7
       21975000	      2196	800010d0	09508823	sb	x21,144(x1)	  x1:0x80008351 x21:0x800086c2 PA:0x800083e1
       21985000	      2197	800010d4	e9a39783	lh	x15,-358(x7)	  x7:0x80008610 x15=0x00006061 PA:0x800084aa
       21995000	      2198	800010d8	0192cc03	lbu	x24,25(x5)	  x5:0x80008096 x24=0x00000064 PA:0x800080af
       22005000	      2199	800010dc	d6a38f23	sb	x10,-642(x7)	  x7:0x80008610 x10:0x00000090 PA:0x8000838e
       22015000	      2200	800010e0	c29acc03	lbu	x24,-983(x21)	 x21:0x800086c2 x24=0x000000a0 PA:0x800082eb
       22025000	      2201	800010e4	00b72b83	lw	x23,11(x14)	 x14:0x800083f1 x23=0xb4b5b6b7 PA:0x800083fc
       22035000	      2202	800010e8	00d70103	lb	x2,13(x14)	 x14:0x800083f1  x2=0xffffffb5 PA:0x800083fe
       22045000	      2203	800010ec	01a2cc03	lbu	x24,26(x5)	  x5:0x80008096 x24=0x0000006b PA:0x800080b0
       22055000	      2204	800010f0	00174783	lbu	x15,1(x14)	 x14:0x800083f1 x15=0x000000a9 PA:0x800083f2
       22065000	      2205	800010f4	00007117	auipc	x2,0x7	  x2=0x800080f0
       22075000	      2206	800010f8	f8f10113	addi	x2,x2,-113	  x2:0x800080f0  x2=0x8000807f
       22085000	      2207	800010fc	05d11503	lh	x10,93(x2)	  x2:0x8000807f x10=0xffff8e97 PA:0x800080dc
       22095000	      2208	80001100	04110923	sb	x1,82(x2)	  x2:0x8000807f  x1:0x80008351 PA:0x800080d1
       22105000	      2209	80001104	01bf9433	sll	x8,x31,x27	 x31:0x00000007 x27:0x00000042  x8=0x0000001c
       22115000	      2210	80001108	22b9ed13	ori	x26,x19,555	 x19:0xffff9899 x26=0xffff9abb
       22125000	      2211	8000110c	07111c83	lh	x25,113(x2)	  x2:0x8000807f x25=0xffffaaab PA:0x800080f0
       22135000	      2212	80001110	0fe10d23	sb	x30,250(x2)	  x2:0x8000807f x30:0x00000003 PA:0x80008179
       22145000	      2213	80001114	fdb11003	lh	x0,-37(x2)	  x2:0x8000807f PA:0x8000805a
       22155000	      2214	80001118	09010183	lb	x3,144(x2)	  x2:0x8000807f  x3=0xffffffc4 PA:0x8000810f
       22165000	      2215	8000111c	00692533	slt	x10,x18,x6	 x18:0x0000000f  x6:0x00000001 x10=0x00000000
       22175000	      2216	80001120	048105a3	sb	x8,75(x2)	  x2:0x8000807f  x8:0x0000001c PA:0x800080ca
       22185000	      2217	80001124	0013c0b3	xor	x1,x7,x1	  x7:0x80008610  x1:0x80008351  x1=0x00000541
       22195000	      2218	80001128	02512403	lw	x8,37(x2)	  x2:0x8000807f  x8=0x5c5d5e5f PA:0x800080a4
       22205000	      2219	8000112c	0bd15e03	lhu	x28,189(x2)	  x2:0x8000807f x28=0x0000f6f7 PA:0x8000813c
       22215000	      2220	80001130	02d107a3	sb	x13,47(x2)	  x2:0x8000807f x13:0x0000005c PA:0x800080ae
       22225000	      2221	80001134	09112aa3	sw	x17,149(x2)	  x2:0x8000807f x17:0x80009fc4 PA:0x80008114
       22235000	      2222	80001138	c3033c13	sltiu	x24,x6,-976	  x6:0x00000001 x24=0x00000001
       22245000	      2223	8000113c	a04c3293	sltiu	x5,x24,-1532	 x24:0x00000001  x5=0x00000001
       22255000	      2224	80001140	0e410f03	lb	x30,228(x2)	  x2:0x8000807f x30=0x00000018 PA:0x80008163
       22265000	      2225	80001144	008c3fb3	sltu	x31,x24,x8	 x24:0x00000001  x8:0x5c5d5e5f x31=0x00000001
       22275000	      2226	80001148	00421093	slli	x1,x4,0x4	  x4:0xfffffffa  x1=0xffffffa0
       22285000	      2227	8000114c	04714583	lbu	x11,71(x2)	  x2:0x8000807f x11=0x0000007d PA:0x800080c6
       22295000	      2228	80001150	00000013	addi	x0,x0,0	  x0:0x00000000
       22305000	      2229	80001154	00000013	addi	x0,x0,0	  x0:0x00000000
       22315000	      2230	80001158	05c10c03	lb	x24,92(x2)	  x2:0x8000807f x24=0xffffff90 PA:0x800080db
       22325000	      2231	00000000	00000013	addi	x0,x0,0	  x0:0x00000000
       22335000	      2232	8000115c	09814683	lbu	x13,152(x2)	  x2:0x8000807f x13=0x00000080 PA:0x80008117
       22345000	      2233	80001160	02810623	sb	x8,44(x2)	  x2:0x8000807f  x8:0x5c5d5e5f PA:0x800080ab
       22355000	      2234	80001164	fd814f83	lbu	x31,-40(x2)	  x2:0x8000807f x31=0x0000000c PA:0x80008057
       22365000	      2235	80001168	0071a9b3	slt	x19,x3,x7	  x3:0xffffffc4  x7:0x80008610 x19=0x00000000
       22375000	      2236	8000116c	01994c33	xor	x24,x18,x25	 x18:0x0000000f x25:0xffffaaab x24=0xffffaaa4
       22385000	      2237	80001170	00126f33	or	x30,x4,x1	  x4:0xfffffffa  x1:0xffffffa0 x30=0xfffffffa
       22395000	      2238	80001174	01693d33	sltu	x26,x18,x22	 x18:0x0000000f x22:0x0000005a x26=0x00000001
       22405000	      2239	80001178	1010f593	andi	x11,x1,257	  x1:0xffffffa0 x11=0x00000100
       22415000	      2240	8000117c	218a0517	auipc	x10,0x218a0	 x10=0xa18a1178
       22425000	      2241	80001180	00ea1113	slli	x2,x20,0xe	 x20:0xffffffac  x2=0xffeb0000
       22435000	      2242	80001184	00fbee33	or	x28,x23,x15	 x23:0xb4b5b6b7 x15:0x000000a9 x28=0xb4b5b6bf
       22445000	      2243	80001188	015f1a13	slli	x20,x30,0x15	 x30:0xfffffffa x20=0xff400000
       22455000	      2244	8000118c	00844533	xor	x10,x8,x8	  x8:0x5c5d5e5f  x8:0x5c5d5e5f x10=0x00000000
       22465000	      2245	80001190	70e254b7	lui	x9,0x70e25	  x9=0x70e25000
       22475000	      2246	80001194	f7e1c593	xori	x11,x3,-130	  x3:0xffffffc4 x11=0x000000ba
       22485000	      2247	80001198	53f90d13	addi	x26,x18,1343	 x18:0x0000000f x26=0x0000054e
       22495000	      2248	8000119c	00604463	blt	x0,x6,800011a4	  x0:0x00000000  x6:0x00000001
       22505000	      2249	00000000	00000013	addi	x0,x0,0	  x0:0x00000000
       22515000	      2250	800011a0	00000013	addi	x0,x0,0	  x0:0x00000000
       22525000	      2251	800011a4	005a5193	srli	x3,x20,0x5	 x20:0xff400000  x3=0x07fa0000
       22535000	      2252	800011a8	01a37263	bgeu	x6,x26,800011ac	  x6:0x00000001 x26:0x0000054e
       22545000	      2253	800011ac	b9e33f93	sltiu	x31,x6,-1122	  x6:0x00000001 x31=0x00000001
       22555000	      2254	800011b0	0259da63	bge	x19,x5,800011e4	 x19:0x00000000  x5:0x00000001
       22565000	      2255	800011b4	006c5263	bge	x24,x6,800011b8	 x24:0xffffaaa4  x6:0x00000001
       22575000	      2256	800011b8	03da6863	bltu	x20,x29,800011e8	 x20:0xff400000 x29:0x00000000
       22585000	      2257	800011bc	0668ab13	slti	x22,x17,102	 x17:0x80009fc4 x22=0x00000001
       22595000	      2258	800011c0	773a2cb7	lui	x25,0x773a2	 x25=0x773a2000
       22605000	      2259	800011c4	0117fe63	bgeu	x15,x17,800011e0	 x15:0x000000a9 x17:0x80009fc4
       22615000	      2260	800011c8	8da22593	slti	x11,x4,-1830	  x4:0xfffffffa x11=0x00000000
       22625000	      2261	800011cc	01435393	srli	x7,x6,0x14	  x6:0x00000001  x7=0x00000000
       22635000	      2262	800011d0	01ee1393	slli	x7,x28,0x1e	 x28:0xb4b5b6bf  x7=0xc0000000
       22645000	      2263	800011d4	93df0d93	addi	x27,x30,-1731	 x30:0xfffffffa x27=0xfffff937
       22655000	      2264	800011d8	02a9ee63	bltu	x19,x10,80001214	 x19:0x00000000 x10:0x00000000
       22665000	      2265	800011dc	01475c93	srli	x25,x14,0x14	 x14:0x800083f1 x25=0x00000800
       22675000	      2266	800011e0	010de463	bltu	x27,x16,800011e8	 x27:0xfffff937 x16:0x80009f34
       22685000	      2267	800011e4	0417f463	bgeu	x15,x1,8000122c	 x15:0x000000a9  x1:0xffffffa0
       22695000	      2268	800011e8	02511063	bne	x2,x5,80001208	  x2:0xffeb0000  x5:0x00000001
       22705000	      2269	00000000	00000013	addi	x0,x0,0	  x0:0x00000000
       22715000	      2270	80001204	00000013	addi	x0,x0,0	  x0:0x00000000
       22725000	      2271	80001208	01f146b3	xor	x13,x2,x31	  x2:0xffeb0000 x31:0x00000001 x13=0xffeb0001
       22735000	      2272	8000120c	01665263	bge	x12,x22,80001210	 x12:0x00000038 x22:0x00000001
       22745000	      2273	00000000	00000013	addi	x0,x0,0	  x0:0x00000000
       22755000	      2274	8000120c	00000013	addi	x0,x0,0	  x0:0x00000000
       22765000	      2275	80001210	021b9c63	bne	x23,x1,80001248	 x23:0xb4b5b6b7  x1:0xffffffa0
       22775000	      2276	00000000	00000013	addi	x0,x0,0	  x0:0x00000000
       22785000	      2277	80001244	00000013	addi	x0,x0,0	  x0:0x00000000
       22795000	      2278	80001248	00fb77b3	and	x15,x22,x15	 x22:0x00000001 x15:0x000000a9 x15=0x00000001
       22805000	      2279	8000124c	0120d463	bge	x1,x18,80001254	  x1:0xffffffa0 x18:0x0000000f
       22815000	      2280	80001250	0294cab7	lui	x21,0x294c	 x21=0x0294c000
       22825000	      2281	80001254	0165fdb3	and	x27,x11,x22	 x11:0x00000000 x22:0x00000001 x27=0x00000000
       22835000	      2282	80001258	1855c393	xori	x7,x11,389	 x11:0x00000000  x7=0x00000185
       22845000	      2283	8000125c	01fc53b3	srl	x7,x24,x31	 x24:0xffffaaa4 x31:0x00000001  x7=0x7fffd552
       22855000	      2284	80001260	0021f333	and	x6,x3,x2	  x3:0x07fa0000  x2:0xffeb0000  x6=0x07ea0000
       22865000	      2285	80001264	00000013	addi	x0,x0,0	  x0:0x00000000
       22875000	      2286	80001268	01b8b333	sltu	x6,x17,x27	 x17:0x80009fc4 x27:0x00000000  x6=0x00000000
       22885000	      2287	8000126c	7c70a213	slti	x4,x1,1991	  x1:0xffffffa0  x4=0x00000001
       22895000	      2288	80001270	056a6863	bltu	x20,x22,800012c0	 x20:0xff400000 x22:0x00000001
       22905000	      2289	80001274	00000013	addi	x0,x0,0	  x0:0x00000000
       22915000	      2290	80001278	4175d493	srai	x9,x11,0x17	 x11:0x00000000  x9=0x00000000
       22925000	      2291	8000127c	3941e613	ori	x12,x3,916	  x3:0x07fa0000 x12=0x07fa0394
       22935000	      2292	80001280	00afd393	srli	x7,x31,0xa	 x31:0x00000001  x7=0x00000000
       22945000	      2293	80001284	00000013	addi	x0,x0,0	  x0:0x00000000
       22955000	      2294	80001288	2a9dcb93	xori	x23,x27,681	 x27:0x00000000 x23=0x000002a9
       22965000	      2295	8000128c	00b20db3	add	x27,x4,x11	  x4:0x00000001 x11:0x00000000 x27=0x00000001
       22975000	      2296	80001290	02ff9863	bne	x31,x15,800012c0	 x31:0x00000001 x15:0x00000001
       22985000	      2297	80001294	01cf1e33	sll	x28,x30,x28	 x30:0xfffffffa x28:0xb4b5b6bf x28=0x00000000
       22995000	      2298	80001298	00c65c63	bge	x12,x12,800012b0	 x12:0x07fa0394 x12:0x07fa0394
       23005000	      2299	00000000	00000013	addi	x0,x0,0	  x0:0x00000000
       23015000	      2300	800012ac	00000013	addi	x0,x0,0	  x0:0x00000000
       23025000	      2301	800012b0	4074d6b3	sra	x13,x9,x7	  x9:0x00000000  x7:0x00000000 x13=0x00000000
       23035000	      2302	800012b4	efa9ab93	slti	x23,x19,-262	 x19:0x00000000 x23=0x00000000
       23045000	      2303	800012b8	00e93fb3	sltu	x31,x18,x14	 x18:0x0000000f x14:0x800083f1 x31=0x00000001
       23055000	      2304	800012bc	41be5613	srai	x12,x28,0x1b	 x28:0x00000000 x12=0x00000000
       23065000	      2305	800012c0	402fd9b3	sra	x19,x31,x2	 x31:0x00000001  x2:0xffeb0000 x19=0x00000001
       23075000	      2306	800012c4	00c323b3	slt	x7,x6,x12	  x6:0x00000000 x12:0x00000000  x7=0x00000000
       23085000	      2307	800012c8	40f38633	sub	x12,x7,x15	  x7:0x00000000 x15:0x00000001 x12=0xffffffff
       23095000	      2308	800012cc	eceb6513	ori	x10,x22,-306	 x22:0x00000001 x10=0xfffffecf
       23105000	      2309	800012d0	4070d9b3	sra	x19,x1,x7	  x1:0xffffffa0  x7:0x00000000 x19=0xffffffa0
       23115000	      2310	800012d4	01de7333	and	x6,x28,x29	 x28:0x00000000 x29:0x00000000  x6=0x00000000
       23125000	      2311	800012d8	03456c63	bltu	x10,x20,80001310	 x10:0xfffffecf x20:0xff400000
       23135000	      2312	800012dc	00542433	slt	x8,x8,x5	  x8:0x5c5d5e5f  x5:0x00000001  x8=0x00000000
       23145000	      2313	800012e0	00c29133	sll	x2,x5,x12	  x5:0x00000001 x12:0xffffffff  x2=0x80000000
       23155000	      2314	800012e4	01c47b33	and	x22,x8,x28	  x8:0x00000000 x28:0x00000000 x22=0x00000000
       23165000	      2315	800012e8	d6aaaf13	slti	x30,x21,-662	 x21:0x0294c000 x30=0x00000000
       23175000	      2316	800012ec	00495fb3	srl	x31,x18,x4	 x18:0x0000000f  x4:0x00000001 x31=0x00000007
       23185000	      2317	800012f0	aef47293	andi	x5,x8,-1297	  x8:0x00000000  x5=0x00000000
       23195000	      2318	800012f4	02bd5463	bge	x26,x11,8000131c	 x26:0x0000054e x11:0x00000000
       23205000	      2319	00000000	00000013	addi	x0,x0,0	  x0:0x00000000
       23215000	      2320	80001318	00000013	addi	x0,x0,0	  x0:0x00000000
       23225000	      2321	8000131c	41498db3	sub	x27,x19,x20	 x19:0xffffffa0 x20:0xff400000 x27=0x00bfffa0
       23235000	      2322	80001320	019b31b3	sltu	x3,x22,x25	 x22:0x00000000 x25:0x00000800  x3=0x00000001
       23245000	      2323	80001324	019ccb33	xor	x22,x25,x25	 x25:0x00000800 x25:0x00000800 x22=0x00000000
       23255000	      2324	80001328	41f35c93	srai	x25,x6,0x1f	  x6:0x00000000 x25=0x00000000
       23265000	      2325	8000132c	01ed5a63	bge	x26,x30,80001340	 x26:0x0000054e x30:0x00000000
       23275000	      2326	00000000	00000013	addi	x0,x0,0	  x0:0x00000000
       23285000	      2327	8000133c	00000013	addi	x0,x0,0	  x0:0x00000000
       23295000	      2328	80001340	018edc33	srl	x24,x29,x24	 x29:0x00000000 x24:0xffffaaa4 x24=0x00000000
       23305000	      2329	80001344	00fc9e63	bne	x25,x15,80001360	 x25:0x00000000 x15:0x00000001
       23315000	      2330	00000000	00000013	addi	x0,x0,0	  x0:0x00000000
       23325000	      2331	8000135c	00000013	addi	x0,x0,0	  x0:0x00000000
       23335000	      2332	80001360	f8d24f13	xori	x30,x4,-115	  x4:0x00000001 x30=0xffffff8c
       23345000	      2333	80001364	0116bbb3	sltu	x23,x13,x17	 x13:0x00000000 x17:0x80009fc4 x23=0x00000001
       23355000	      2334	80001368	00758cb3	add	x25,x11,x7	 x11:0x00000000  x7:0x00000000 x25=0x00000000
       23365000	      2335	8000136c	c3504393	xori	x7,x0,-971	  x0:0x00000000  x7=0xfffffc35
       23375000	      2336	80001370	01824263	blt	x4,x24,80001374	  x4:0x00000001 x24:0x00000000
       23385000	      2337	80001374	0585c263	blt	x11,x24,800013b8	 x11:0x00000000 x24:0x00000000
       23395000	      2338	80001378	035dd863	bge	x27,x21,800013a8	 x27:0x00bfffa0 x21:0x0294c000
       23405000	      2339	8000137c	0197f463	bgeu	x15,x25,80001384	 x15:0x00000001 x25:0x00000000
       23415000	      2340	00000000	00000013	addi	x0,x0,0	  x0:0x00000000
       23425000	      2341	80001380	00000013	addi	x0,x0,0	  x0:0x00000000
       23435000	      2342	80001384	96ae4f13	xori	x30,x28,-1686	 x28:0x00000000 x30=0xfffff96a
       23445000	      2343	80001388	00228463	beq	x5,x2,80001390	  x5:0x00000000  x2:0x80000000
       23455000	      2344	8000138c	03f0c663	blt	x1,x31,800013b8	  x1:0xffffffa0 x31:0x00000007
       23465000	      2345	00000000	00000013	addi	x0,x0,0	  x0:0x00000000
       23475000	      2346	800013b4	00000013	addi	x0,x0,0	  x0:0x00000000
       23485000	      2347	800013b8	671bc337	lui	x6,0x671bc	  x6=0x671bc000
       23495000	      2348	800013bc	be6f3717	auipc	x14,0xbe6f3	 x14=0x3e6f43b8
       23505000	      2349	800013c0	00317eb3	and	x29,x2,x3	  x2:0x80000000  x3:0x00000001 x29=0x00000000
       23515000	      2350	800013c4	40255393	srai	x7,x10,0x2	 x10:0xfffffecf  x7=0xffffffb3
       23525000	      2351	800013c8	002be233	or	x4,x23,x2	 x23:0x00000001  x2:0x80000000  x4=0x80000001
       23535000	      2352	800013cc	418504b3	sub	x9,x10,x24	 x10:0xfffffecf x24:0x00000000  x9=0xfffffecf
       23545000	      2353	800013d0	016ae0b3	or	x1,x21,x22	 x21:0x0294c000 x22:0x00000000  x1=0x0294c000
       23555000	      2354	800013d4	01bcabb3	slt	x23,x25,x27	 x25:0x00000000 x27:0x00bfffa0 x23=0x00000001
       23565000	      2355	800013d8	00482403	lw	x8,4(x16)	 x16:0x80009f34  x8=0x80001468 PA:0x80009f38
       23575000	      2356	800013dc	00ac4133	xor	x2,x24,x10	 x24:0x00000000 x10:0xfffffecf  x2=0xfffffecf
       23585000	      2357	800013e0	00a1d333	srl	x6,x3,x10	  x3:0x00000001 x10:0xfffffecf  x6=0x00000000
       23595000	      2358	800013e4	02480813	addi	x16,x16,36	 x16:0x80009f34 x16=0x80009f58
       23605000	      2359	800013e8	00b9dd33	srl	x26,x19,x11	 x19:0xffffffa0 x11:0x00000000 x26=0xffffffa0
       23615000	      2360	800013ec	00040e13	addi	x28,x8,0	  x8:0x80001468 x28=0x80001468
       23625000	      2361	800013f0	000e0e67	jalr	x28,x28,0	 x28:0x80001468 x28=0x800013f0
       23635000	      2362	00000000	00000013	addi	x0,x0,0	  x0:0x00000000
       23645000	      2363	80001468	00000013	addi	x0,x0,0	  x0:0x00000000
       23655000	      2364	8000146c	00007597	auipc	x11,0x7	 x11=0x80008468
       23665000	      2365	80001470	32458593	addi	x11,x11,804	 x11:0x80008468 x11=0x8000878c
       23675000	      2366	80001474	00007c97	auipc	x25,0x7	 x25=0x80008470
       23685000	      2367	80001478	05ec8c93	addi	x25,x25,94	 x25:0x80008470 x25=0x800084ce
       23695000	      2368	8000147c	0e7cca03	lbu	x20,231(x25)	 x25:0x800084ce x20=0x0000006e PA:0x800085b5
       23705000	      2369	80001480	ff158983	lb	x19,-15(x11)	 x11:0x8000878c x19=0x00000000 PA:0x8000877d
       23715000	      2370	80001484	00007697	auipc	x13,0x7	 x13=0x80008480
       23725000	      2371	80001488	14a68693	addi	x13,x13,330	 x13:0x80008480 x13=0x800085ca
       23735000	      2372	8000148c	00007297	auipc	x5,0x7	  x5=0x80008488
       23745000	      2373	80001490	2c928293	addi	x5,x5,713	  x5:0x80008488  x5=0x80008751
       23755000	      2374	80001494	ffb58f03	lb	x30,-5(x11)	 x11:0x8000878c x30=0x0000003c PA:0x80008787
       23765000	      2375	80001498	00a6a383	lw	x7,10(x13)	 x13:0x800085ca  x7=0x4c8d8e8f PA:0x800085d4
       23775000	      2376	8000149c	ff359823	sh	x19,-16(x11)	 x11:0x8000878c x19:0x00000000 PA:0x8000877c
       23785000	      2377	800014a0	05acde03	lhu	x28,90(x25)	 x25:0x800084ce x28=0x0000e2e3 PA:0x80008528
       23795000	      2378	800014a4	018c8a83	lb	x21,24(x25)	 x25:0x800084ce x21=0xffffff9d PA:0x800084e6
       23805000	      2379	800014a8	fe62a9a3	sw	x6,-13(x5)	  x5:0x80008751  x6:0x00000000 PA:0x80008744
       23815000	      2380	800014ac	ff758203	lb	x4,-9(x11)	 x11:0x8000878c  x4=0x0000001f PA:0x80008783
       23825000	      2381	800014b0	00069f83	lh	x31,0(x13)	 x13:0x800085ca x31=0xffff8081 PA:0x800085ca
       23835000	      2382	800014b4	00c5de83	lhu	x29,12(x11)	 x11:0x8000878c x29=0x00005253 PA:0x80008798
       23845000	      2383	800014b8	fe12aba3	sw	x1,-9(x5)	  x5:0x80008751  x1:0x0294c000 PA:0x80008748
       23855000	      2384	800014bc	f37c8f03	lb	x30,-201(x25)	 x25:0x800084ce x30=0xffffffbe PA:0x80008405
       23865000	      2385	800014c0	009cc703	lbu	x14,9(x25)	 x25:0x800084ce x14=0x0000008c PA:0x800084d7
       23875000	      2386	800014c4	096cdf83	lhu	x31,150(x25)	 x25:0x800084ce x31=0x00001e1f PA:0x80008564
       23885000	      2387	00000000	00000013	addi	x0,x0,0	  x0:0x00000000
       23895000	      2388	800014c8	fff68da3	sb	x31,-5(x13)	 x13:0x800085ca x31:0x00001e1f PA:0x800085c5
       23905000	      2389	800014cc	fff58ba3	sb	x31,-9(x11)	 x11:0x8000878c x31:0x00001e1f PA:0x80008783
       23915000	      2390	800014d0	00b58183	lb	x3,11(x11)	 x11:0x8000878c  x3=0x0000004c PA:0x80008797
       23925000	      2391	800014d4	ffd28b23	sb	x29,-10(x5)	  x5:0x80008751 x29:0x00005253 PA:0x80008747
       23935000	      2392	800014d8	f85c8e03	lb	x28,-123(x25)	 x25:0x800084ce x28=0x00000008 PA:0x80008453
       23945000	      2393	800014dc	00e5dc03	lhu	x24,14(x11)	 x11:0x8000878c x24=0x0000ff51 PA:0x8000879a
       23955000	      2394	800014e0	00f6c403	lbu	x8,15(x13)	 x13:0x800085ca  x8=0x00000092 PA:0x800085d9
       23965000	      2395	800014e4	ffa28ca3	sb	x26,-7(x5)	  x5:0x80008751 x26:0xffffffa0 PA:0x8000874a
       23975000	      2396	800014e8	00c587a3	sb	x12,15(x11)	 x11:0x8000878c x12:0xffffffff PA:0x8000879b
       23985000	      2397	800014ec	031c8383	lb	x7,49(x25)	 x25:0x800084ce  x7=0xffffffb4 PA:0x800084ff
       23995000	      2398	800014f0	ff92cf83	lbu	x31,-7(x5)	  x5:0x80008751 x31=0x000000a0 PA:0x8000874a
       24005000	      2399	800014f4	003686a3	sb	x3,13(x13)	 x13:0x800085ca  x3:0x0000004c PA:0x800085d7
       24015000	      2400	800014f8	00007097	auipc	x1,0x7	  x1=0x800084f4
       24025000	      2401	800014fc	36f08093	addi	x1,x1,879	  x1:0x800084f4  x1=0x80008863
       24035000	      2402	80001500	6c00c403	lbu	x8,1728(x1)	  x1:0x80008863  x8=0x000000c4 PA:0x80008f23
       24045000	      2403	80001504	6cf08023	sb	x15,1728(x1)	  x1:0x80008863 x15:0x00000001 PA:0x80008f23
       24055000	      2404	80001508	6cd08023	sb	x13,1728(x1)	  x1:0x80008863 x13:0x800085ca PA:0x80008f23
       24065000	      2405	8000150c	00000013	addi	x0,x0,0	  x0:0x00000000
       24075000	      2406	80001510	0020afb3	slt	x31,x1,x2	  x1:0x80008863  x2:0xfffffecf x31=0x00000001
       24085000	      2407	80001514	6d108023	sb	x17,1728(x1)	  x1:0x80008863 x17:0x80009fc4 PA:0x80008f23
       24095000	      2408	80001518	004506b3	add	x13,x10,x4	 x10:0xfffffecf  x4:0x0000001f x13=0xfffffeee
       24105000	      2409	8000151c	6c008503	lb	x10,1728(x1)	  x1:0x80008863 x10=0xffffffc4 PA:0x80008f23
       24115000	      2410	80001520	4ad09a03	lh	x20,1197(x1)	  x1:0x80008863 x20=0xfffffafb PA:0x80008d10
       24125000	      2411	80001524	66409da3	sh	x4,1659(x1)	  x1:0x80008863  x4:0x0000001f PA:0x80008ede
       24135000	      2412	80001528	01217533	and	x10,x2,x18	  x2:0xfffffecf x18:0x0000000f x10=0x0000000f
       24145000	      2413	8000152c	15c08b83	lb	x23,348(x1)	  x1:0x80008863 x23=0xffffffa0 PA:0x800089bf
       24155000	      2414	80001530	15b08e23	sb	x27,348(x1)	  x1:0x80008863 x27:0x00bfffa0 PA:0x800089bf
       24165000	      2415	80001534	030088a3	sb	x16,49(x1)	  x1:0x80008863 x16:0x80009f58 PA:0x80008894
       24175000	      2416	80001538	00000013	addi	x0,x0,0	  x0:0x00000000
       24185000	      2417	8000153c	6be08e23	sb	x30,1724(x1)	  x1:0x80008863 x30:0xffffffbe PA:0x80008f1f
       24195000	      2418	80001540	6aa08e23	sb	x10,1724(x1)	  x1:0x80008863 x10:0x0000000f PA:0x80008f1f
       24205000	      2419	80001544	41b70eb3	sub	x29,x14,x27	 x14:0x0000008c x27:0x00bfffa0 x29=0xff4000ec
       24215000	      2420	80001548	6bc0ca03	lbu	x20,1724(x1)	  x1:0x80008863 x20=0x0000000f PA:0x80008f1f
       24225000	      2421	8000154c	00007b97	auipc	x23,0x7	 x23=0x80008548
       24235000	      2422	80001550	e46b8b93	addi	x23,x23,-442	 x23:0x80008548 x23=0x8000838e
       24245000	      2423	80001554	211ba923	sw	x17,530(x23)	 x23:0x8000838e x17:0x80009fc4 PA:0x800085a0
       24255000	      2424	80001558	6198a997	auipc	x19,0x6198a	 x19=0xe198b554
       24265000	      2425	8000155c	8fd7ad13	slti	x26,x15,-1795	 x15:0x00000001 x26=0x00000000
       24275000	      2426	80001560	3ebbc483	lbu	x9,1003(x23)	 x23:0x8000838e  x9=0x00000032 PA:0x80008779
       24285000	      2427	80001564	1bcb8223	sb	x28,420(x23)	 x23:0x8000838e x28:0x00000008 PA:0x80008532
       24295000	      2428	80001568	5b4a0493	addi	x9,x20,1460	 x20:0x0000000f  x9=0x000005c3
       24305000	      2429	8000156c	41bd8f33	sub	x30,x27,x27	 x27:0x00bfffa0 x27:0x00bfffa0 x30=0x00000000
       24315000	      2430	80001570	e6cb8ca3	sb	x12,-391(x23)	 x23:0x8000838e x12:0xffffffff PA:0x80008207
       24325000	      2431	80001574	060bc983	lbu	x19,96(x23)	 x23:0x8000838e x19=0x000000a5 PA:0x800083ee
       24335000	      2432	80001578	047bc103	lbu	x2,71(x23)	 x23:0x8000838e  x2=0x0000008e PA:0x800083d5
       24345000	      2433	8000157c	016b8f23	sb	x22,30(x23)	 x23:0x8000838e x22:0x00000000 PA:0x800083ac
       24355000	      2434	80001580	00000013	addi	x0,x0,0	  x0:0x00000000
       24365000	      2435	80001584	01ee1633	sll	x12,x28,x30	 x28:0x00000008 x30:0x00000000 x12=0x00000008
       24375000	      2436	80001588	e7ab8aa3	sb	x26,-395(x23)	 x23:0x8000838e x26:0x00000000 PA:0x80008203
       24385000	      2437	8000158c	00da2733	slt	x14,x20,x13	 x20:0x0000000f x13:0xfffffeee x14=0x00000000
       24395000	      2438	80001590	207b9423	sh	x7,520(x23)	 x23:0x8000838e  x7:0xffffffb4 PA:0x80008596
       24405000	      2439	80001594	256ba483	lw	x9,598(x23)	 x23:0x8000838e  x9=0x9c9d9eb4 PA:0x800085e4
       24415000	      2440	80001598	e6bbc683	lbu	x13,-405(x23)	 x23:0x8000838e x13=0x000000b2 PA:0x800081f9
       24425000	      2441	8000159c	7492b493	sltiu	x9,x5,1865	  x5:0x80008751  x9=0x00000000
       24435000	      2442	800015a0	114bcb03	lbu	x22,276(x23)	 x23:0x8000838e x22=0x00000059 PA:0x800084a2
       24445000	      2443	800015a4	18ab8aa3	sb	x10,405(x23)	 x23:0x8000838e x10:0x0000000f PA:0x80008523
       24455000	      2444	800015a8	223bc603	lbu	x12,547(x23)	 x23:0x8000838e x12=0x0000006a PA:0x800085b1
       24465000	      2445	00000000	00000013	addi	x0,x0,0	  x0:0x00000000
       24475000	      2446	800015ac	0ec8e193	ori	x3,x17,236	 x17:0x80009fc4  x3=0x80009fec
       24485000	      2447	800015b0	30cbdf03	lhu	x30,780(x23)	 x23:0x8000838e x30=0x00005051 PA:0x8000869a
       24495000	      2448	800015b4	024b8c03	lb	x24,36(x23)	 x23:0x8000838e x24=0x00000069 PA:0x800083b2
       24505000	      2449	800015b8	34bb8503	lb	x10,843(x23)	 x23:0x8000838e x10=0xffffff92 PA:0x800086d9
       24515000	      2450	800015bc	01e206b3	add	x13,x4,x30	  x4:0x0000001f x30:0x00005051 x13=0x00005070
       24525000	      2451	800015c0	420b8ea3	sb	x0,1085(x23)	 x23:0x8000838e  x0:0x00000000 PA:0x800087cb
       24535000	      2452	800015c4	22bbc303	lbu	x6,555(x23)	 x23:0x8000838e  x6=0x00000072 PA:0x800085b9
       24545000	      2453	800015c8	d21bca03	lbu	x20,-735(x23)	 x23:0x8000838e x20=0x00000064 PA:0x800080af
       24555000	      2454	800015cc	eeeb8723	sb	x14,-274(x23)	 x23:0x8000838e x14:0x00000000 PA:0x8000827c
       24565000	      2455	800015d0	fceb85a3	sb	x14,-53(x23)	 x23:0x8000838e x14:0x00000000 PA:0x80008359
       24575000	      2456	800015d4	f86bc003	lbu	x0,-122(x23)	 x23:0x8000838e PA:0x80008314
       24585000	      2457	800015d8	00007697	auipc	x13,0x7	 x13=0x800085d4
       24595000	      2458	800015dc	d5168693	addi	x13,x13,-687	 x13:0x800085d4 x13=0x80008325
       24605000	      2459	800015e0	00007f97	auipc	x31,0x7	 x31=0x800085dc
       24615000	      2460	800015e4	b7bf8f93	addi	x31,x31,-1157	 x31:0x800085dc x31=0x80008157
       24625000	      2461	800015e8	1d169ba3	sh	x17,471(x13)	 x13:0x80008325 x17:0x80009fc4 PA:0x800084fc
       24635000	      2462	800015ec	127f96a3	sh	x7,301(x31)	 x31:0x80008157  x7:0xffffffb4 PA:0x80008284
       24645000	      2463	800015f0	1c56d503	lhu	x10,453(x13)	 x13:0x80008325 x10=0x0000a0a1 PA:0x800084ea
       24655000	      2464	800015f4	f4ef8a03	lb	x20,-178(x31)	 x31:0x80008157 x20=0x0000005e PA:0x800080a5
       24665000	      2465	800015f8	47efa2a3	sw	x30,1125(x31)	 x31:0x80008157 x30:0x00005051 PA:0x800085bc
       24675000	      2466	800015fc	138f8383	lb	x7,312(x31)	 x31:0x80008157  x7=0x00000044 PA:0x8000828f
       24685000	      2467	80001600	15468603	lb	x12,340(x13)	 x13:0x80008325 x12=0x00000032 PA:0x80008479
       24695000	      2468	80001604	31efc083	lbu	x1,798(x31)	 x31:0x80008157  x1=0x0000002e PA:0x80008475
       24705000	      2469	80001608	f0868e23	sb	x8,-228(x13)	 x13:0x80008325  x8:0x000000c4 PA:0x80008241
       24715000	      2470	8000160c	0806c383	lbu	x7,128(x13)	 x13:0x80008325  x7=0x0000005e PA:0x800083a5
       24725000	      2471	80001610	2d668283	lb	x5,726(x13)	 x13:0x80008325  x5=0xffffffb0 PA:0x800085fb
       24735000	      2472	80001614	00007117	auipc	x2,0x7	  x2=0x80008610
       24745000	      2473	80001618	b5010113	addi	x2,x2,-1200	  x2:0x80008610  x2=0x80008160
       24755000	      2474	8000161c	00c130b3	sltu	x1,x2,x12	  x2:0x80008160 x12:0x00000032  x1=0x00000000
       24765000	      2475	80001620	004aa3b3	slt	x7,x21,x4	 x21:0xffffff9d  x4:0x0000001f  x7=0x00000001
       24775000	      2476	80001624	07215203	lhu	x4,114(x2)	  x2:0x80008160  x4=0x00008889 PA:0x800081d2
       24785000	      2477	80001628	00a11583	lh	x11,10(x2)	  x2:0x80008160 x11=0x00002021 PA:0x8000816a
       24795000	      2478	8000162c	03b10703	lb	x14,59(x2)	  x2:0x80008160 x14=0x00000050 PA:0x8000819b
       24805000	      2479	80001630	415fd093	srai	x1,x31,0x15	 x31:0x80008157  x1=0xfffffc00
       24815000	      2480	80001634	412157b3	sra	x15,x2,x18	  x2:0x80008160 x18:0x0000000f x15=0xffff0001
       24825000	      2481	80001638	06510583	lb	x11,101(x2)	  x2:0x80008160 x11=0x00000000 PA:0x800081c5
       24835000	      2482	8000163c	fcd10303	lb	x6,-51(x2)	  x2:0x80008160  x6=0xffffffe6 PA:0x8000812d
       24845000	      2483	80001640	11cfe393	ori	x7,x31,284	 x31:0x80008157  x7=0x8000815f
       24855000	      2484	80001644	0e114583	lbu	x11,225(x2)	  x2:0x80008160 x11=0x000000c4 PA:0x80008241
       24865000	      2485	80001648	00f6d633	srl	x12,x13,x15	 x13:0x80008325 x15:0xffff0001 x12=0x40004192
       24875000	      2486	8000164c	ffc12483	lw	x9,-4(x2)	  x2:0x80008160  x9=0x14151617 PA:0x8000815c
       24885000	      2487	80001650	f5914203	lbu	x4,-167(x2)	  x2:0x80008160  x4=0x00000072 PA:0x800080b9
       24895000	      2488	80001654	fa010223	sb	x0,-92(x2)	  x2:0x80008160  x0:0x00000000 PA:0x80008104
       24905000	      2489	80001658	41875993	srai	x19,x14,0x18	 x14:0x00000050 x19=0x00000000
       24915000	      2490	8000165c	fc510a03	lb	x20,-59(x2)	  x2:0x80008160 x20=0xffffffde PA:0x80008125
       24925000	      2491	80001660	00c0d213	srli	x4,x1,0xc	  x1:0xfffffc00  x4=0x000fffff
       24935000	      2492	80001664	f3e106a3	sb	x30,-211(x2)	  x2:0x80008160 x30:0x00005051 PA:0x8000808d
       24945000	      2493	80001668	09f14e03	lbu	x28,159(x2)	  x2:0x80008160 x28=0x000000b4 PA:0x800081ff
       24955000	      2494	00000000	00000013	addi	x0,x0,0	  x0:0x00000000
       24965000	      2495	8000166c	05ca6193	ori	x3,x20,92	 x20:0xffffffde  x3=0xffffffde
       24975000	      2496	80001670	07810383	lb	x7,120(x2)	  x2:0x80008160  x7=0xffffff93 PA:0x800081d8
       24985000	      2497	80001674	0f815a83	lhu	x21,248(x2)	  x2:0x80008160 x21=0x00001213 PA:0x80008258
       24995000	      2498	80001678	41c85293	srai	x5,x16,0x1c	 x16:0x80009f58  x5=0xfffffff8
       25005000	      2499	8000167c	01e51293	slli	x5,x10,0x1e	 x10:0x0000a0a1  x5=0x40000000
       25015000	      2500	80001680	0156c2b3	xor	x5,x13,x21	 x13:0x80008325 x21:0x00001213  x5=0x80009136
       25025000	      2501	80001684	fa1103a3	sb	x1,-89(x2)	  x2:0x80008160  x1:0xfffffc00 PA:0x80008107
       25035000	      2502	80001688	f9410e03	lb	x28,-108(x2)	  x2:0x80008160 x28=0xffffffaf PA:0x800080f4
       25045000	      2503	8000168c	00c104a3	sb	x12,9(x2)	  x2:0x80008160 x12:0x40004192 PA:0x80008169
       25055000	      2504	80001690	02e10b23	sb	x14,54(x2)	  x2:0x80008160 x14:0x00000050 PA:0x80008196
       25065000	      2505	80001694	982abab7	lui	x21,0x982ab	 x21=0x982ab000
       25075000	      2506	80001698	048101a3	sb	x8,67(x2)	  x2:0x80008160  x8:0x000000c4 PA:0x800081a3
       25085000	      2507	8000169c	fcd108a3	sb	x13,-47(x2)	  x2:0x80008160 x13:0x80008325 PA:0x80008131
       25095000	      2508	800016a0	41055c33	sra	x24,x10,x16	 x10:0x0000a0a1 x16:0x80009f58 x24=0x00000000
       25105000	      2509	800016a4	f6c10223	sb	x12,-156(x2)	  x2:0x80008160 x12:0x40004192 PA:0x800080c4
       25115000	      2510	800016a8	f1215d03	lhu	x26,-238(x2)	  x2:0x80008160 x26=0x00002829 PA:0x80008072
       25125000	      2511	800016ac	06710ba3	sb	x7,119(x2)	  x2:0x80008160  x7:0xffffff93 PA:0x800081d7
       25135000	      2512	800016b0	5ae8afb7	lui	x31,0x5ae8a	 x31=0x5ae8a000
       25145000	      2513	800016b4	f7914a83	lbu	x21,-135(x2)	  x2:0x80008160 x21=0x00000092 PA:0x800080d9
       25155000	      2514	800016b8	f7710ea3	sb	x23,-131(x2)	  x2:0x80008160 x23:0x8000838e PA:0x800080dd
       25165000	      2515	800016bc	1139f0b7	lui	x1,0x1139f	  x1=0x1139f000
       25175000	      2516	800016c0	01765f93	srli	x31,x12,0x17	 x12:0x40004192 x31=0x00000080
       25185000	      2517	800016c4	fd014a03	lbu	x20,-48(x2)	  x2:0x80008160 x20=0x000000eb PA:0x80008130
       25195000	      2518	00000000	00000013	addi	x0,x0,0	  x0:0x00000000
       25205000	      2519	800016c8	01423fb3	sltu	x31,x4,x20	  x4:0x000fffff x20:0x000000eb x31=0x00000000
       25215000	      2520	800016cc	001cd993	srli	x19,x25,0x1	 x25:0x800084ce x19=0x40004267
       25225000	      2521	800016d0	008ecc33	xor	x24,x29,x8	 x29:0xff4000ec  x8:0x000000c4 x24=0xff400028
       25235000	      2522	800016d4	012de433	or	x8,x27,x18	 x27:0x00bfffa0 x18:0x0000000f  x8=0x00bfffaf
       25245000	      2523	800016d8	0bd14083	lbu	x1,189(x2)	  x2:0x80008160  x1=0x000000d6 PA:0x8000821d
       25255000	      2524	800016dc	01cabf33	sltu	x30,x21,x28	 x21:0x00000092 x28:0xffffffaf x30=0x00000001
       25265000	      2525	800016e0	fc810da3	sb	x8,-37(x2)	  x2:0x80008160  x8:0x00bfffaf PA:0x8000813b
       25275000	      2526	800016e4	f8514f83	lbu	x31,-123(x2)	  x2:0x80008160 x31=0x00000010 PA:0x800080e5
       25285000	      2527	800016e8	00007117	auipc	x2,0x7	  x2=0x800086e4
       25295000	      2528	800016ec	f2310113	addi	x2,x2,-221	  x2:0x800086e4  x2=0x80008607
       25305000	      2529	800016f0	70473993	sltiu	x19,x14,1796	 x14:0x00000050 x19=0x00000001
       25315000	      2530	800016f4	011d5493	srli	x9,x26,0x11	 x26:0x00002829  x9=0x00000000
       25325000	      2531	800016f8	03710a83	lb	x21,55(x2)	  x2:0x80008607 x21=0xfffffff5 PA:0x8000863e
       25335000	      2532	00000000	00000013	addi	x0,x0,0	  x0:0x00000000
       25345000	      2533	800016fc	fd511683	lh	x13,-43(x2)	  x2:0x80008607 x13=0x00005097 PA:0x800085dc
       25355000	      2534	80001700	fce10b23	sb	x14,-42(x2)	  x2:0x80008607 x14:0x00000050 PA:0x800085dd
       25365000	      2535	80001704	fc312ca3	sw	x3,-39(x2)	  x2:0x80008607  x3:0xffffffde PA:0x800085e0
       25375000	      2536	80001708	fd315203	lhu	x4,-45(x2)	  x2:0x80008607  x4=0x00009091 PA:0x800085da
       25385000	      2537	8000170c	00112e03	lw	x28,1(x2)	  x2:0x80008607 x28=0xb4c158c3 PA:0x80008608
       25395000	      2538	80001710	00c74333	xor	x6,x14,x12	 x14:0x00000050 x12:0x40004192  x6=0x400041c2
       25405000	      2539	80001714	01bb54b3	srl	x9,x22,x27	 x22:0x00000059 x27:0x00bfffa0  x9=0x00000059
       25415000	      2540	80001718	0154e5b3	or	x11,x9,x21	  x9:0x00000059 x21:0xfffffff5 x11=0xfffffffd
       25425000	      2541	8000171c	fde14d03	lbu	x26,-34(x2)	  x2:0x80008607 x26=0x0000009e PA:0x800085e5
       25435000	      2542	00000000	00000013	addi	x0,x0,0	  x0:0x00000000
       25445000	      2543	80001720	01aef333	and	x6,x29,x26	 x29:0xff4000ec x26:0x0000009e  x6=0x0000008c
       25455000	      2544	80001724	01a04c33	xor	x24,x0,x26	  x0:0x00000000 x26:0x0000009e x24=0x0000009e
       25465000	      2545	80001728	03114f83	lbu	x31,49(x2)	  x2:0x80008607 x31=0x00000084 PA:0x80008638
       25475000	      2546	8000172c	017ed733	srl	x14,x29,x23	 x29:0xff4000ec x23:0x8000838e x14=0x0003fd00
       25485000	      2547	80001730	04014503	lbu	x10,64(x2)	  x2:0x80008607 x10=0x000000fc PA:0x80008647
       25495000	      2548	80001734	ff414503	lbu	x10,-12(x2)	  x2:0x80008607 x10=0x000000b0 PA:0x800085fb
       25505000	      2549	80001738	03710c23	sb	x23,56(x2)	  x2:0x80008607 x23:0x8000838e PA:0x8000863f
       25515000	      2550	8000173c	fed107a3	sb	x13,-17(x2)	  x2:0x80008607 x13:0x00005097 PA:0x800085f6
       25525000	      2551	80001740	0004ebb3	or	x23,x9,x0	  x9:0x00000059  x0:0x00000000 x23=0x00000059
       25535000	      2552	80001744	005e5d33	srl	x26,x28,x5	 x28:0xb4c158c3  x5:0x80009136 x26=0x000002d3
       25545000	      2553	80001748	03b14083	lbu	x1,59(x2)	  x2:0x80008607  x1=0x000000f9 PA:0x80008642
       25555000	      2554	8000174c	00610183	lb	x3,6(x2)	  x2:0x80008607  x3=0xffffff9f PA:0x8000860d
       25565000	      2555	80001750	41275fb3	sra	x31,x14,x18	 x14:0x0003fd00 x18:0x0000000f x31=0x00000007
       25575000	      2556	80001754	bed54793	xori	x15,x10,-1043	 x10:0x000000b0 x15=0xfffffb5d
       25585000	      2557	80001758	db8a8393	addi	x7,x21,-584	 x21:0xfffffff5  x7=0xfffffdad
       25595000	      2558	8000175c	00d12703	lw	x14,13(x2)	  x2:0x80008607 x14=0xcccd0b26 PA:0x80008614
       25605000	      2559	80001760	00ca45b3	xor	x11,x20,x12	 x20:0x000000eb x12:0x40004192 x11=0x40004179
       25615000	      2560	80001764	004d9eb3	sll	x29,x27,x4	 x27:0x00bfffa0  x4:0x00009091 x29=0xff400000
       25625000	      2561	80001768	fcb15603	lhu	x12,-53(x2)	  x2:0x80008607 x12=0x00008889 PA:0x800085d2
       25635000	      2562	00000000	00000013	addi	x0,x0,0	  x0:0x00000000
       25645000	      2563	8000176c	00c14203	lbu	x4,12(x2)	  x2:0x80008607  x4=0x00000000 PA:0x80008613
       25655000	      2564	00000000	00000013	addi	x0,x0,0	  x0:0x00000000
       25665000	      2565	80001770	de524093	xori	x1,x4,-539	  x4:0x00000000  x1=0xfffffde5
       25675000	      2566	80001774	01d12703	lw	x14,29(x2)	  x2:0x80008607 x14=0xdcdddedf PA:0x80008624
       25685000	      2567	80001778	02710423	sb	x7,40(x2)	  x2:0x80008607  x7:0xfffffdad PA:0x8000862f
       25695000	      2568	8000177c	00f66633	or	x12,x12,x15	 x12:0x00008889 x15:0xfffffb5d x12=0xfffffbdd
       25705000	      2569	80001780	00b15003	lhu	x0,11(x2)	  x2:0x80008607 PA:0x80008612
       25715000	      2570	80001784	fe610383	lb	x7,-26(x2)	  x2:0x80008607  x7=0xffffffc9 PA:0x800085ed
       25725000	      2571	80001788	15442297	auipc	x5,0x15442	  x5=0x95443784
       25735000	      2572	8000178c	fe311503	lh	x10,-29(x2)	  x2:0x80008607 x10=0xffffa0a1 PA:0x800085ea
       25745000	      2573	80001790	01e10c23	sb	x30,24(x2)	  x2:0x80008607 x30:0x00000001 PA:0x8000861f
       25755000	      2574	80001794	980db393	sltiu	x7,x27,-1664	 x27:0x00bfffa0  x7=0x00000001
       25765000	      2575	80001798	d7793093	sltiu	x1,x18,-649	 x18:0x0000000f  x1=0x00000001
       25775000	      2576	8000179c	025118a3	sh	x5,49(x2)	  x2:0x80008607  x5:0x95443784 PA:0x80008638
       25785000	      2577	800017a0	03510f23	sb	x21,62(x2)	  x2:0x80008607 x21:0xfffffff5 PA:0x80008645
       25795000	      2578	800017a4	00007197	auipc	x3,0x7	  x3=0x800087a0
       25805000	      2579	800017a8	55518193	addi	x3,x3,1365	  x3:0x800087a0  x3=0x80008cf5
       25815000	      2580	800017ac	00007797	auipc	x15,0x7	 x15=0x800087a8
       25825000	      2581	800017b0	13078793	addi	x15,x15,304	 x15:0x800087a8 x15=0x800088d8
       25835000	      2582	800017b4	ff178c03	lb	x24,-15(x15)	 x15:0x800088d8 x24=0xffffffb2 PA:0x800088c9
       25845000	      2583	800017b8	00007f97	auipc	x31,0x7	 x31=0x800087b4
       25855000	      2584	800017bc	3e0f8f93	addi	x31,x31,992	 x31:0x800087b4 x31=0x80008b94
       25865000	      2585	800017c0	076f8623	sb	x22,108(x31)	 x31:0x80008b94 x22:0x00000059 PA:0x80008c00
       25875000	      2586	800017c4	ffa7ca03	lbu	x20,-6(x15)	 x15:0x800088d8 x20=0x000000b9 PA:0x800088d2
       25885000	      2587	800017c8	00618523	sb	x6,10(x3)	  x3:0x80008cf5  x6:0x0000008c PA:0x80008cff
       25895000	      2588	800017cc	00007697	auipc	x13,0x7	 x13=0x800087c8
       25905000	      2589	800017d0	15b68693	addi	x13,x13,347	 x13:0x800087c8 x13=0x80008923
       25915000	      2590	800017d4	0f968423	sb	x25,232(x13)	 x13:0x80008923 x25:0x800084ce PA:0x80008a0b
       25925000	      2591	800017d8	000784a3	sb	x0,9(x15)	 x15:0x800088d8  x0:0x00000000 PA:0x800088e1
       25935000	      2592	800017dc	00007b17	auipc	x22,0x7	 x22=0x800087d8
       25945000	      2593	800017e0	2f8b0b13	addi	x22,x22,760	 x22:0x800087d8 x22=0x80008ad0
       25955000	      2594	800017e4	00b184a3	sb	x11,9(x3)	  x3:0x80008cf5 x11:0x40004179 PA:0x80008cfe
       25965000	      2595	800017e8	ff5b0083	lb	x1,-11(x22)	 x22:0x80008ad0  x1=0xffffffae PA:0x80008ac5
       25975000	      2596	800017ec	064f8503	lb	x10,100(x31)	 x31:0x80008b94 x10=0xffffffe3 PA:0x80008bf8
       25985000	      2597	800017f0	00b18123	sb	x11,2(x3)	  x3:0x80008cf5 x11:0x40004179 PA:0x80008cf7
       25995000	      2598	800017f4	fec18c23	sb	x12,-8(x3)	  x3:0x80008cf5 x12:0xfffffbdd PA:0x80008ced
       26005000	      2599	800017f8	009b07a3	sb	x9,15(x22)	 x22:0x80008ad0  x9:0x00000059 PA:0x80008adf
       26015000	      2600	800017fc	f1af85a3	sb	x26,-245(x31)	 x31:0x80008b94 x26:0x000002d3 PA:0x80008a9f
       26025000	      2601	80001800	ff878e03	lb	x28,-8(x15)	 x15:0x800088d8 x28=0xffffffbb PA:0x800088d0
       26035000	      2602	80001804	fd9f8603	lb	x12,-39(x31)	 x31:0x80008b94 x12=0x00000056 PA:0x80008b6d
       26045000	      2603	80001808	ffdb0d83	lb	x27,-3(x22)	 x22:0x80008ad0 x27=0xffffffb6 PA:0x80008acd
       26055000	      2604	8000180c	f396a283	lw	x5,-199(x13)	 x13:0x80008923  x5=0x44454647 PA:0x8000885c
       26065000	      2605	80001810	ffdb0a83	lb	x21,-3(x22)	 x22:0x80008ad0 x21=0xffffffb6 PA:0x80008acd
       26075000	      2606	80001814	0c1f8c23	sb	x1,216(x31)	 x31:0x80008b94  x1:0xffffffae PA:0x80008c6c
       26085000	      2607	80001818	f706ca83	lbu	x21,-144(x13)	 x13:0x80008923 x21=0x00000078 PA:0x80008893
       26095000	      2608	8000181c	0f6f9323	sh	x22,230(x31)	 x31:0x80008b94 x22:0x80008ad0 PA:0x80008c7a
       26105000	      2609	80001820	004193a3	sh	x4,7(x3)	  x3:0x80008cf5  x4:0x00000000 PA:0x80008cfc
       26115000	      2610	80001824	018b00a3	sb	x24,1(x22)	 x22:0x80008ad0 x24:0xffffffb2 PA:0x80008ad1
       26125000	      2611	80001828	00e7c403	lbu	x8,14(x15)	 x15:0x800088d8  x8=0x000000cd PA:0x800088e6
       26135000	      2612	8000182c	f3b6d983	lhu	x19,-197(x13)	 x13:0x80008923 x19=0x00004445 PA:0x8000885e
       26145000	      2613	80001830	ffbb0a83	lb	x21,-5(x22)	 x22:0x80008ad0 x21=0xffffffb0 PA:0x80008acb
       26155000	      2614	80001834	f9af8003	lb	x0,-102(x31)	 x31:0x80008b94 PA:0x80008b2e
       26165000	      2615	80001838	0007c703	lbu	x14,0(x15)	 x15:0x800088d8 x14=0x000000c3 PA:0x800088d8
       26175000	      2616	8000183c	fe4b0ca3	sb	x4,-7(x22)	 x22:0x80008ad0  x4:0x00000000 PA:0x80008ac9
       26185000	      2617	80001840	00418603	lb	x12,4(x3)	  x3:0x80008cf5 x12=0xffffffe2 PA:0x80008cf9
       26195000	      2618	80001844	0796c403	lbu	x8,121(x13)	 x13:0x80008923  x8=0x00000087 PA:0x8000899c
       26205000	      2619	80001848	ff2188a3	sb	x18,-15(x3)	  x3:0x80008cf5 x18:0x0000000f PA:0x80008ce6
       26215000	      2620	8000184c	0e5fc203	lbu	x4,229(x31)	 x31:0x80008b94  x4=0x00000062 PA:0x80008c79
       26225000	      2621	80001850	ff0b1303	lh	x6,-16(x22)	 x22:0x80008ad0  x6=0xffffaaab PA:0x80008ac0
       26235000	      2622	80001854	fba6a0a3	sw	x26,-95(x13)	 x13:0x80008923 x26:0x000002d3 PA:0x800088c4
       26245000	      2623	80001858	01fb01a3	sb	x31,3(x22)	 x22:0x80008ad0 x31:0x80008b94 PA:0x80008ad3
       26255000	      2624	8000185c	0041c503	lbu	x10,4(x3)	  x3:0x80008cf5 x10=0x000000e2 PA:0x80008cf9
       26265000	      2625	80001860	0fdfcc83	lbu	x25,253(x31)	 x31:0x80008b94 x25=0x0000007a PA:0x80008c91
       26275000	      2626	80001864	ffc79483	lh	x9,-4(x15)	 x15:0x800088d8  x9=0xffffbebf PA:0x800088d4
       26285000	      2627	80001868	00007397	auipc	x7,0x7	  x7=0x80008864
       26295000	      2628	8000186c	fd638393	addi	x7,x7,-42	  x7:0x80008864  x7=0x8000883a
       26305000	      2629	80001870	05e3a683	lw	x13,94(x7)	  x7:0x8000883a x13=0x80818283 PA:0x80008898
       26315000	      2630	80001874	05e3ab83	lw	x23,94(x7)	  x7:0x8000883a x23=0x80818283 PA:0x80008898
       26325000	      2631	80001878	05e3a003	lw	x0,94(x7)	  x7:0x8000883a PA:0x80008898
       26335000	      2632	8000187c	00c91e33	sll	x28,x18,x12	 x18:0x0000000f x12:0xffffffe2 x28=0x0000003c
       26345000	      2633	80001880	05e39703	lh	x14,94(x7)	  x7:0x8000883a x14=0xffff8283 PA:0x80008898
       26355000	      2634	80001884	05e38e03	lb	x28,94(x7)	  x7:0x8000883a x28=0xffffff83 PA:0x80008898
       26365000	      2635	80001888	05e39683	lh	x13,94(x7)	  x7:0x8000883a x13=0xffff8283 PA:0x80008898
       26375000	      2636	8000188c	05e39203	lh	x4,94(x7)	  x7:0x8000883a  x4=0xffff8283 PA:0x80008898
       26385000	      2637	80001890	05e3c603	lbu	x12,94(x7)	  x7:0x8000883a x12=0x00000083 PA:0x80008898
       26395000	      2638	80001894	07439e03	lh	x28,116(x7)	  x7:0x8000883a x28=0x000000ae PA:0x800088ae
       26405000	      2639	80001898	07939a23	sh	x25,116(x7)	  x7:0x8000883a x25:0x0000007a PA:0x800088ae
       26415000	      2640	8000189c	00fc56b3	srl	x13,x24,x15	 x24:0xffffffb2 x15:0x800088d8 x13=0x000000ff
       26425000	      2641	800018a0	0743c403	lbu	x8,116(x7)	  x7:0x8000883a  x8=0x0000007a PA:0x800088ae
       26435000	      2642	800018a4	003fd313	srli	x6,x31,0x3	 x31:0x80008b94  x6=0x10001172
       26445000	      2643	800018a8	06138a23	sb	x1,116(x7)	  x7:0x8000883a  x1:0xffffffae PA:0x800088ae
       26455000	      2644	800018ac	00007b17	auipc	x22,0x7	 x22=0x800088a8
       26465000	      2645	800018b0	907b0b13	addi	x22,x22,-1785	 x22:0x800088a8 x22=0x800081af
       26475000	      2646	800018b4	019b2d83	lw	x27,25(x22)	 x22:0x800081af x27=0x80818283 PA:0x800081c8
       26485000	      2647	800018b8	00fa0633	add	x12,x20,x15	 x20:0x000000b9 x15:0x800088d8 x12=0x80008991
       26495000	      2648	800018bc	019b5183	lhu	x3,25(x22)	 x22:0x800081af  x3=0x00008283 PA:0x800081c8
       26505000	      2649	800018c0	019b2783	lw	x15,25(x22)	 x22:0x800081af x15=0x80818283 PA:0x800081c8
       26515000	      2650	800018c4	006a4033	xor	x0,x20,x6	 x20:0x000000b9  x6:0x10001172
       26525000	      2651	800018c8	cc137d93	andi	x27,x6,-831	  x6:0x10001172 x27=0x10001040
       26535000	      2652	800018cc	0a6b4083	lbu	x1,166(x22)	 x22:0x800081af  x1=0x00000083 PA:0x80008255
       26545000	      2653	800018d0	0a6b4e03	lbu	x28,166(x22)	 x22:0x800081af x28=0x00000083 PA:0x80008255
       26555000	      2654	800018d4	0a6b0583	lb	x11,166(x22)	 x22:0x800081af x11=0xffffff83 PA:0x80008255
       26565000	      2655	800018d8	0afb0323	sb	x15,166(x22)	 x22:0x800081af x15:0x80818283 PA:0x80008255
       26575000	      2656	800018dc	09cb4083	lbu	x1,156(x22)	 x22:0x800081af  x1=0x00000083 PA:0x8000824b
       26585000	      2657	800018e0	09cb0203	lb	x4,156(x22)	 x22:0x800081af  x4=0xffffff83 PA:0x8000824b
       26595000	      2658	800018e4	097b0e23	sb	x23,156(x22)	 x22:0x800081af x23:0x80818283 PA:0x8000824b
       26605000	      2659	800018e8	09cb0503	lb	x10,156(x22)	 x22:0x800081af x10=0xffffff83 PA:0x8000824b
       26615000	      2660	800018ec	4c673017	auipc	x0,0x4c673	
       26625000	      2661	800018f0	a3bf3113	sltiu	x2,x30,-1477	 x30:0x00000001  x2=0x00000001
       26635000	      2662	800018f4	fc722213	slti	x4,x4,-57	  x4:0xffffff83  x4=0x00000001
       26645000	      2663	800018f8	0042ba33	sltu	x20,x5,x4	  x5:0x44454647  x4:0x00000001 x20=0x00000000
       26655000	      2664	800018fc	0f98ee13	ori	x28,x17,249	 x17:0x80009fc4 x28=0x80009ffd
       26665000	      2665	80001900	6b8f6013	ori	x0,x30,1720	 x30:0x00000001
       26675000	      2666	80001904	00fbf463	bgeu	x23,x15,8000190c	 x23:0x80818283 x15:0x80818283
       26685000	      2667	00000000	00000013	addi	x0,x0,0	  x0:0x00000000
       26695000	      2668	80001908	00000013	addi	x0,x0,0	  x0:0x00000000
       26705000	      2669	8000190c	03b8c063	blt	x17,x27,8000192c	 x17:0x80009fc4 x27:0x10001040
       26715000	      2670	00000000	00000013	addi	x0,x0,0	  x0:0x00000000
       26725000	      2671	80001928	00000013	addi	x0,x0,0	  x0:0x00000000
       26735000	      2672	8000192c	7d5ac093	xori	x1,x21,2005	 x21:0xffffffb0  x1=0xfffff865
       26745000	      2673	80001930	016b7e63	bgeu	x22,x22,8000194c	 x22:0x800081af x22:0x800081af
       26755000	      2674	00000000	00000013	addi	x0,x0,0	  x0:0x00000000
       26765000	      2675	80001948	00000013	addi	x0,x0,0	  x0:0x00000000
       26775000	      2676	8000194c	419f8bb3	sub	x23,x31,x25	 x31:0x80008b94 x25:0x0000007a x23=0x80008b1a
       26785000	      2677	80001950	d2083313	sltiu	x6,x16,-736	 x16:0x80009f58  x6=0x00000001
       26795000	      2678	80001954	6d174713	xori	x14,x14,1745	 x14:0xffff8283 x14=0xffff8452
       26805000	      2679	80001958	6102ba13	sltiu	x20,x5,1552	  x5:0x44454647 x20=0x00000000
       26815000	      2680	8000195c	39beff17	auipc	x30,0x39bef	 x30=0xb9bf0958
       26825000	      2681	80001960	79843113	sltiu	x2,x8,1944	  x8:0x0000007a  x2=0x00000001
       26835000	      2682	80001964	01b35ab3	srl	x21,x6,x27	  x6:0x00000001 x27:0x10001040 x21=0x00000001
       26845000	      2683	80001968	03e8e463	bltu	x17,x30,80001990	 x17:0x80009fc4 x30:0xb9bf0958
       26855000	      2684	00000000	00000013	addi	x0,x0,0	  x0:0x00000000
       26865000	      2685	8000198c	00000013	addi	x0,x0,0	  x0:0x00000000
       26875000	      2686	80001990	3aa04f93	xori	x31,x0,938	  x0:0x00000000 x31=0x000003aa
       26885000	      2687	80001994	0040db93	srli	x23,x1,0x4	  x1:0xfffff865 x23=0x0fffff86
       26895000	      2688	80001998	002e9463	bne	x29,x2,800019a0	 x29:0xff400000  x2:0x00000001
       26905000	      2689	00000000	00000013	addi	x0,x0,0	  x0:0x00000000
       26915000	      2690	8000199c	00000013	addi	x0,x0,0	  x0:0x00000000
       26925000	      2691	800019a0	00f9fdb3	and	x27,x19,x15	 x19:0x00004445 x15:0x80818283 x27=0x00000001
       26935000	      2692	800019a4	031c0e63	beq	x24,x17,800019e0	 x24:0xffffffb2 x17:0x80009fc4
       26945000	      2693	800019a8	d3107697	auipc	x13,0xd3107	 x13=0x531089a4
       26955000	      2694	800019ac	014fd033	srl	x0,x31,x20	 x31:0x000003aa x20:0x00000000
       26965000	      2695	800019b0	01345b33	srl	x22,x8,x19	  x8:0x0000007a x19:0x00004445 x22=0x00000003
       26975000	      2696	800019b4	8ff7ef93	ori	x31,x15,-1793	 x15:0x80818283 x31=0xfffffaff
       26985000	      2697	800019b8	00c7eab3	or	x21,x15,x12	 x15:0x80818283 x12:0x80008991 x21=0x80818b93
       26995000	      2698	800019bc	01f6a633	slt	x12,x13,x31	 x13:0x531089a4 x31:0xfffffaff x12=0x00000000
       27005000	      2699	800019c0	9d15bb93	sltiu	x23,x11,-1583	 x11:0xffffff83 x23=0x00000000
       27015000	      2700	800019c4	006ee533	or	x10,x29,x6	 x29:0xff400000  x6:0x00000001 x10=0xff400001
       27025000	      2701	800019c8	61a94717	auipc	x14,0x61a94	 x14=0xe1a959c4
       27035000	      2702	800019cc	065f1417	auipc	x8,0x65f1	  x8=0x865f29c8
       27045000	      2703	800019d0	97630d93	addi	x27,x6,-1674	  x6:0x00000001 x27=0xfffff977
       27055000	      2704	800019d4	02008e63	beq	x1,x0,80001a10	  x1:0xfffff865  x0:0x00000000
       27065000	      2705	800019d8	a7f04e37	lui	x28,0xa7f04	 x28=0xa7f04000
       27075000	      2706	800019dc	00fe0d33	add	x26,x28,x15	 x28:0xa7f04000 x15:0x80818283 x26=0x2871c283
       27085000	      2707	800019e0	0116c4b3	xor	x9,x13,x17	 x13:0x531089a4 x17:0x80009fc4  x9=0xd3101660
       27095000	      2708	800019e4	003fd863	bge	x31,x3,800019f4	 x31:0xfffffaff  x3:0x00008283
       27105000	      2709	800019e8	e08c3b13	sltiu	x22,x24,-504	 x24:0xffffffb2 x22=0x00000000
       27115000	      2710	800019ec	00231fb3	sll	x31,x6,x2	  x6:0x00000001  x2:0x00000001 x31=0x00000002
       27125000	      2711	800019f0	013bd263	bge	x23,x19,800019f4	 x23:0x00000000 x19:0x00004445
       27135000	      2712	800019f4	0116d4b3	srl	x9,x13,x17	 x13:0x531089a4 x17:0x80009fc4  x9=0x0531089a
       27145000	      2713	800019f8	0b090d93	addi	x27,x18,176	 x18:0x0000000f x27=0x000000bf
       27155000	      2714	800019fc	00e55133	srl	x2,x10,x14	 x10:0xff400001 x14:0xe1a959c4  x2=0x0ff40000
       27165000	      2715	80001a00	41cf0533	sub	x10,x30,x28	 x30:0xb9bf0958 x28:0xa7f04000 x10=0x11cec958
       27175000	      2716	80001a04	00187733	and	x14,x16,x1	 x16:0x80009f58  x1:0xfffff865 x14=0x80009840
       27185000	      2717	80001a08	014bc4b3	xor	x9,x23,x20	 x23:0x00000000 x20:0x00000000  x9=0x00000000
       27195000	      2718	80001a0c	00caec33	or	x24,x21,x12	 x21:0x80818b93 x12:0x00000000 x24=0x80818b93
       27205000	      2719	80001a10	40df05b3	sub	x11,x30,x13	 x30:0xb9bf0958 x13:0x531089a4 x11=0x66ae7fb4
       27215000	      2720	80001a14	b55b3a13	sltiu	x20,x22,-1195	 x22:0x00000000 x20=0x00000001
       27225000	      2721	80001a18	00000013	addi	x0,x0,0	  x0:0x00000000
       27235000	      2722	80001a1c	c0e6fa93	andi	x21,x13,-1010	 x13:0x531089a4 x21=0x53108804
       27245000	      2723	80001a20	da822c13	slti	x24,x4,-600	  x4:0x00000001 x24=0x00000000
       27255000	      2724	80001a24	41325b13	srai	x22,x4,0x13	  x4:0x00000001 x22=0x00000000
       27265000	      2725	80001a28	7450e193	ori	x3,x1,1861	  x1:0xfffff865  x3=0xffffff65
       27275000	      2726	80001a2c	fc04e5b7	lui	x11,0xfc04e	 x11=0xfc04e000
       27285000	      2727	80001a30	00755d13	srli	x26,x10,0x7	 x10:0x11cec958 x26=0x00239d92
       27295000	      2728	80001a34	41e680b3	sub	x1,x13,x30	 x13:0x531089a4 x30:0xb9bf0958  x1=0x9951804c
       27305000	      2729	80001a38	40665333	sra	x6,x12,x6	 x12:0x00000000  x6:0x00000001  x6=0x00000000
       27315000	      2730	80001a3c	f5ad7d13	andi	x26,x26,-166	 x26:0x00239d92 x26=0x00239d12
       27325000	      2731	80001a40	01fcc133	xor	x2,x25,x31	 x25:0x0000007a x31:0x00000002  x2=0x00000078
       27335000	      2732	80001a44	05060263	beq	x12,x16,80001a88	 x12:0x00000000 x16:0x80009f58
       27345000	      2733	80001a48	01123733	sltu	x14,x4,x17	  x4:0x00000001 x17:0x80009fc4 x14=0x00000001
       27355000	      2734	80001a4c	02abdc63	bge	x23,x10,80001a84	 x23:0x00000000 x10:0x11cec958
       27365000	      2735	80001a50	002c65b3	or	x11,x24,x2	 x24:0x00000000  x2:0x00000078 x11=0x00000078
       27375000	      2736	80001a54	952a0c93	addi	x25,x20,-1710	 x20:0x00000001 x25=0xfffff953
       27385000	      2737	80001a58	418b5733	sra	x14,x22,x24	 x22:0x00000000 x24:0x00000000 x14=0x00000000
       27395000	      2738	80001a5c	416e6c13	ori	x24,x28,1046	 x28:0xa7f04000 x24=0xa7f04416
       27405000	      2739	80001a60	01c45a93	srli	x21,x8,0x1c	  x8:0x865f29c8 x21=0x00000008
       27415000	      2740	80001a64	402855b3	sra	x11,x16,x2	 x16:0x80009f58  x2:0x00000078 x11=0xffffff80
       27425000	      2741	80001a68	40e55633	sra	x12,x10,x14	 x10:0x11cec958 x14:0x00000000 x12=0x11cec958
       27435000	      2742	80001a6c	04400463	beq	x0,x4,80001ab4	  x0:0x00000000  x4:0x00000001
       27445000	      2743	80001a70	01cc0263	beq	x24,x28,80001a74	 x24:0xa7f04416 x28:0xa7f04000
       27455000	      2744	80001a74	40aa8ab3	sub	x21,x21,x10	 x21:0x00000008 x10:0x11cec958 x21=0xee3136b0
       27465000	      2745	80001a78	6f8e0993	addi	x19,x28,1784	 x28:0xa7f04000 x19=0xa7f046f8
       27475000	      2746	80001a7c	40468db3	sub	x27,x13,x4	 x13:0x531089a4  x4:0x00000001 x27=0x531089a3
       27485000	      2747	80001a80	00000013	addi	x0,x0,0	  x0:0x00000000
       27495000	      2748	80001a84	94818d17	auipc	x26,0x94818	 x26=0x14819a80
       27505000	      2749	80001a88	73ee7b13	andi	x22,x28,1854	 x28:0xa7f04000 x22=0x00000000
       27515000	      2750	80001a8c	40fd8533	sub	x10,x27,x15	 x27:0x531089a3 x15:0x80818283 x10=0xd28f0720
       27525000	      2751	80001a90	008074b3	and	x9,x0,x8	  x0:0x00000000  x8:0x865f29c8  x9=0x00000000
       27535000	      2752	80001a94	0137fe33	and	x28,x15,x19	 x15:0x80818283 x19:0xa7f046f8 x28=0x80800280
       27545000	      2753	80001a98	41f25593	srai	x11,x4,0x1f	  x4:0x00000001 x11=0x00000000
       27555000	      2754	80001a9c	02467463	bgeu	x12,x4,80001ac4	 x12:0x11cec958  x4:0x00000001
       27565000	      2755	00000000	00000013	addi	x0,x0,0	  x0:0x00000000
       27575000	      2756	80001ac0	00000013	addi	x0,x0,0	  x0:0x00000000
       27585000	      2757	80001ac4	0049de33	srl	x28,x19,x4	 x19:0xa7f046f8  x4:0x00000001 x28=0x53f8237c
       27595000	      2758	80001ac8	012b9b33	sll	x22,x23,x18	 x23:0x00000000 x18:0x0000000f x22=0x00000000
       27605000	      2759	80001acc	05a9d863	bge	x19,x26,80001b1c	 x19:0xa7f046f8 x26:0x14819a80
       27615000	      2760	80001ad0	01744533	xor	x10,x8,x23	  x8:0x865f29c8 x23:0x00000000 x10=0x865f29c8
       27625000	      2761	80001ad4	dbf14193	xori	x3,x2,-577	  x2:0x00000078  x3=0xfffffdc7
       27635000	      2762	80001ad8	006fdc63	bge	x31,x6,80001af0	 x31:0x00000002  x6:0x00000000
       27645000	      2763	00000000	00000013	addi	x0,x0,0	  x0:0x00000000
       27655000	      2764	80001aec	00000013	addi	x0,x0,0	  x0:0x00000000
       27665000	      2765	80001af0	67fe2593	slti	x11,x28,1663	 x28:0x53f8237c x11=0x00000000
       27675000	      2766	80001af4	41d30ab3	sub	x21,x6,x29	  x6:0x00000000 x29:0xff400000 x21=0x00c00000
       27685000	      2767	80001af8	025ada63	bge	x21,x5,80001b2c	 x21:0x00c00000  x5:0x44454647
       27695000	      2768	80001afc	0176d033	srl	x0,x13,x23	 x13:0x531089a4 x23:0x00000000
       27705000	      2769	80001b00	40860433	sub	x8,x12,x8	 x12:0x11cec958  x8:0x865f29c8  x8=0x8b6f9f90
       27715000	      2770	80001b04	0039c663	blt	x19,x3,80001b10	 x19:0xa7f046f8  x3:0xfffffdc7
       27725000	      2771	00000000	00000013	addi	x0,x0,0	  x0:0x00000000
       27735000	      2772	80001b0c	00000013	addi	x0,x0,0	  x0:0x00000000
       27745000	      2773	80001b10	03e99663	bne	x19,x30,80001b3c	 x19:0xa7f046f8 x30:0xb9bf0958
       27755000	      2774	00000000	00000013	addi	x0,x0,0	  x0:0x00000000
       27765000	      2775	80001b38	00000013	addi	x0,x0,0	  x0:0x00000000
       27775000	      2776	80001b3c	00b68c33	add	x24,x13,x11	 x13:0x531089a4 x11:0x00000000 x24=0x531089a4
       27785000	      2777	80001b40	01516863	bltu	x2,x21,80001b50	  x2:0x00000078 x21:0x00c00000
       27795000	      2778	00000000	00000013	addi	x0,x0,0	  x0:0x00000000
       27805000	      2779	80001b4c	00000013	addi	x0,x0,0	  x0:0x00000000
       27815000	      2780	80001b50	00063db3	sltu	x27,x12,x0	 x12:0x11cec958  x0:0x00000000 x27=0x00000000
       27825000	      2781	80001b54	00ea1a33	sll	x20,x20,x14	 x20:0x00000001 x14:0x00000000 x20=0x00000001
       27835000	      2782	80001b58	faf98313	addi	x6,x19,-81	 x19:0xa7f046f8  x6=0xa7f046a7
       27845000	      2783	80001b5c	600f8a13	addi	x20,x31,1536	 x31:0x00000002 x20=0x00000602
       27855000	      2784	80001b60	04780263	beq	x16,x7,80001ba4	 x16:0x80009f58  x7:0x8000883a
       27865000	      2785	80001b64	a9e75017	auipc	x0,0xa9e75	
       27875000	      2786	80001b68	8155af13	slti	x30,x11,-2027	 x11:0x00000000 x30=0x00000000
       27885000	      2787	80001b6c	c12fe593	ori	x11,x31,-1006	 x31:0x00000002 x11=0xfffffc12
       27895000	      2788	80001b70	2801e4b7	lui	x9,0x2801e	  x9=0x2801e000
       27905000	      2789	80001b74	016e26b3	slt	x13,x28,x22	 x28:0x53f8237c x22:0x00000000 x13=0x00000000
       27915000	      2790	80001b78	00caf663	bgeu	x21,x12,80001b84	 x21:0x00c00000 x12:0x11cec958
       27925000	      2791	80001b7c	019b7a33	and	x20,x22,x25	 x22:0x00000000 x25:0xfffff953 x20=0x00000000
       27935000	      2792	80001b80	02adce63	blt	x27,x10,80001bbc	 x27:0x00000000 x10:0x865f29c8
       27945000	      2793	80001b84	00609a13	slli	x20,x1,0x6	  x1:0x9951804c x20=0x54601300
       27955000	      2794	80001b88	040d5863	bge	x26,x0,80001bd8	 x26:0x14819a80  x0:0x00000000
       27965000	      2795	00000000	00000013	addi	x0,x0,0	  x0:0x00000000
       27975000	      2796	80001bd4	00000013	addi	x0,x0,0	  x0:0x00000000
       27985000	      2797	80001bd8	05715663	bge	x2,x23,80001c24	  x2:0x00000078 x23:0x00000000
       27995000	      2798	00000000	00000013	addi	x0,x0,0	  x0:0x00000000
       28005000	      2799	80001c20	00000013	addi	x0,x0,0	  x0:0x00000000
       28015000	      2800	80001c24	66ddc113	xori	x2,x27,1645	 x27:0x00000000  x2=0x0000066d
       28025000	      2801	80001c28	033c8063	beq	x25,x19,80001c48	 x25:0xfffff953 x19:0xa7f046f8
       28035000	      2802	80001c2c	41358433	sub	x8,x11,x19	 x11:0xfffffc12 x19:0xa7f046f8  x8=0x580fb51a
       28045000	      2803	80001c30	0281c263	blt	x3,x8,80001c54	  x3:0xfffffdc7  x8:0x580fb51a
       28055000	      2804	00000000	00000013	addi	x0,x0,0	  x0:0x00000000
       28065000	      2805	80001c50	00000013	addi	x0,x0,0	  x0:0x00000000
       28075000	      2806	80001c54	41f1d333	sra	x6,x3,x31	  x3:0xfffffdc7 x31:0x00000002  x6=0xffffff71
       28085000	      2807	80001c58	00a8c433	xor	x8,x17,x10	 x17:0x80009fc4 x10:0x865f29c8  x8=0x065fb60c
       28095000	      2808	80001c5c	90423a37	lui	x20,0x90423	 x20=0x90423000
       28105000	      2809	80001c60	41c955b3	sra	x11,x18,x28	 x18:0x0000000f x28:0x53f8237c x11=0x00000000
       28115000	      2810	80001c64	00dbdf33	srl	x30,x23,x13	 x23:0x00000000 x13:0x00000000 x30=0x00000000
       28125000	      2811	80001c68	b650ce13	xori	x28,x1,-1179	  x1:0x9951804c x28=0x66ae7b29
       28135000	      2812	80001c6c	003cab33	slt	x22,x25,x3	 x25:0xfffff953  x3:0xfffffdc7 x22=0x00000001
       28145000	      2813	80001c70	01eb1b13	slli	x22,x22,0x1e	 x22:0x00000001 x22=0x40000000
       28155000	      2814	80001c74	00cf4533	xor	x10,x30,x12	 x30:0x00000000 x12:0x11cec958 x10=0x11cec958
       28165000	      2815	80001c78	00a4f263	bgeu	x9,x10,80001c7c	  x9:0x2801e000 x10:0x11cec958
       28175000	      2816	00000000	00000013	addi	x0,x0,0	  x0:0x00000000
       28185000	      2817	80001c78	00000013	addi	x0,x0,0	  x0:0x00000000
       28195000	      2818	80001c7c	e6bdaa13	slti	x20,x27,-405	 x27:0x00000000 x20=0x00000000
       28205000	      2819	80001c80	01c2b0b3	sltu	x1,x5,x28	  x5:0x44454647 x28:0x66ae7b29  x1=0x00000001
       28215000	      2820	80001c84	9e02c293	xori	x5,x5,-1568	  x5:0x44454647  x5=0xbbbabfa7
       28225000	      2821	80001c88	00790233	add	x4,x18,x7	 x18:0x0000000f  x7:0x8000883a  x4=0x80008849
       28235000	      2822	80001c8c	40da5013	srai	x0,x20,0xd	 x20:0x00000000
       28245000	      2823	80001c90	0037f463	bgeu	x15,x3,80001c98	 x15:0x80818283  x3:0xfffffdc7
       28255000	      2824	80001c94	9b925017	auipc	x0,0x9b925	
       28265000	      2825	80001c98	01796263	bltu	x18,x23,80001c9c	 x18:0x0000000f x23:0x00000000
       28275000	      2826	80001c9c	3bcaaf13	slti	x30,x21,956	 x21:0x00c00000 x30=0x00000000
       28285000	      2827	80001ca0	62876293	ori	x5,x14,1576	 x14:0x00000000  x5=0x00000628
       28295000	      2828	80001ca4	01413f33	sltu	x30,x2,x20	  x2:0x0000066d x20:0x00000000 x30=0x00000000
       28305000	      2829	80001ca8	007efeb3	and	x29,x29,x7	 x29:0xff400000  x7:0x8000883a x29=0x80000000
       28315000	      2830	80001cac	193fb093	sltiu	x1,x31,403	 x31:0x00000002  x1=0x00000001
       28325000	      2831	80001cb0	0138adb3	slt	x27,x17,x19	 x17:0x80009fc4 x19:0xa7f046f8 x27=0x00000001
       28335000	      2832	80001cb4	00000013	addi	x0,x0,0	  x0:0x00000000
       28345000	      2833	80001cb8	476afe37	lui	x28,0x476af	 x28=0x476af000
       28355000	      2834	80001cbc	031d0c63	beq	x26,x17,80001cf4	 x26:0x14819a80 x17:0x80009fc4
       28365000	      2835	80001cc0	404d0c33	sub	x24,x26,x4	 x26:0x14819a80  x4:0x80008849 x24=0x94811237
       28375000	      2836	80001cc4	cb2fbf13	sltiu	x30,x31,-846	 x31:0x00000002 x30=0x00000001
       28385000	      2837	80001cc8	001d9f93	slli	x31,x27,0x1	 x27:0x00000001 x31=0x00000002
       28395000	      2838	80001ccc	00000013	addi	x0,x0,0	  x0:0x00000000
       28405000	      2839	80001cd0	01ec64b3	or	x9,x24,x30	 x24:0x94811237 x30:0x00000001  x9=0x94811237
       28415000	      2840	80001cd4	41e75733	sra	x14,x14,x30	 x14:0x00000000 x30:0x00000001 x14=0x00000000
       28425000	      2841	80001cd8	00527d33	and	x26,x4,x5	  x4:0x80008849  x5:0x00000628 x26=0x00000008
       28435000	      2842	80001cdc	15ffae97	auipc	x29,0x15ffa	 x29=0x95ffbcd8
       28445000	      2843	80001ce0	059c1463	bne	x24,x25,80001d28	 x24:0x94811237 x25:0xfffff953
       28455000	      2844	00000000	00000013	addi	x0,x0,0	  x0:0x00000000
       28465000	      2845	80001d24	00000013	addi	x0,x0,0	  x0:0x00000000
       28475000	      2846	80001d28	41055033	sra	x0,x10,x16	 x10:0x11cec958 x16:0x80009f58
       28485000	      2847	80001d2c	00b8b133	sltu	x2,x17,x11	 x17:0x80009fc4 x11:0x00000000  x2=0x00000000
       28495000	      2848	80001d30	503b0f13	addi	x30,x22,1283	 x22:0x40000000 x30=0x40000503
       28505000	      2849	80001d34	00a75713	srli	x14,x14,0xa	 x14:0x00000000 x14=0x00000000
       28515000	      2850	80001d38	05479463	bne	x15,x20,80001d80	 x15:0x80818283 x20:0x00000000
       28525000	      2851	00000000	00000013	addi	x0,x0,0	  x0:0x00000000
       28535000	      2852	80001d7c	00000013	addi	x0,x0,0	  x0:0x00000000
       28545000	      2853	80001d80	00946f33	or	x30,x8,x9	  x8:0x065fb60c  x9:0x94811237 x30=0x96dfb63f
       28555000	      2854	80001d84	007f5093	srli	x1,x30,0x7	 x30:0x96dfb63f  x1=0x012dbf6c
       28565000	      2855	80001d88	017f3f33	sltu	x30,x30,x23	 x30:0x96dfb63f x23:0x00000000 x30=0x00000000
       28575000	      2856	80001d8c	8e24ad93	slti	x27,x9,-1822	  x9:0x94811237 x27=0x00000001
       28585000	      2857	80001d90	83b23397	auipc	x7,0x83b23	  x7=0x03b24d8c
       28595000	      2858	80001d94	59f8a113	slti	x2,x17,1439	 x17:0x80009fc4  x2=0x00000001
       28605000	      2859	80001d98	daca6993	ori	x19,x20,-596	 x20:0x00000000 x19=0xfffffdac
       28615000	      2860	80001d9c	00af9ab3	sll	x21,x31,x10	 x31:0x00000002 x10:0x11cec958 x21=0x02000000
       28625000	      2861	80001da0	00dae133	or	x2,x21,x13	 x21:0x02000000 x13:0x00000000  x2=0x02000000
       28635000	      2862	80001da4	b4302293	slti	x5,x0,-1213	  x0:0x00000000  x5=0x00000000
       28645000	      2863	80001da8	00458b33	add	x22,x11,x4	 x11:0x00000000  x4:0x80008849 x22=0x80008849
       28655000	      2864	80001dac	0003bb33	sltu	x22,x7,x0	  x7:0x03b24d8c  x0:0x00000000 x22=0x00000000
       28665000	      2865	80001db0	03095a63	bge	x18,x16,80001de4	 x18:0x0000000f x16:0x80009f58
       28675000	      2866	00000000	00000013	addi	x0,x0,0	  x0:0x00000000
       28685000	      2867	80001de0	00000013	addi	x0,x0,0	  x0:0x00000000
       28695000	      2868	80001de4	7d57abb7	lui	x23,0x7d57a	 x23=0x7d57a000
       28705000	      2869	80001de8	a993ef93	ori	x31,x7,-1383	  x7:0x03b24d8c x31=0xffffff9d
       28715000	      2870	80001dec	229ba393	slti	x7,x23,553	 x23:0x7d57a000  x7=0x00000000
       28725000	      2871	80001df0	00a709b3	add	x19,x14,x10	 x14:0x00000000 x10:0x11cec958 x19=0x11cec958
       28735000	      2872	80001df4	b9906613	ori	x12,x0,-1127	  x0:0x00000000 x12=0xfffffb99
       28745000	      2873	80001df8	01f32333	slt	x6,x6,x31	  x6:0xffffff71 x31:0xffffff9d  x6=0x00000001
       28755000	      2874	80001dfc	608a8493	addi	x9,x21,1544	 x21:0x02000000  x9=0x02000608
       28765000	      2875	80001e00	00dc67b3	or	x15,x24,x13	 x24:0x94811237 x13:0x00000000 x15=0x94811237
       28775000	      2876	80001e04	413b5db3	sra	x27,x22,x19	 x22:0x00000000 x19:0x11cec958 x27=0x00000000
       28785000	      2877	80001e08	00317463	bgeu	x2,x3,80001e10	  x2:0x02000000  x3:0xfffffdc7
       28795000	      2878	80001e0c	01a36263	bltu	x6,x26,80001e10	  x6:0x00000001 x26:0x00000008
       28805000	      2879	00000000	00000013	addi	x0,x0,0	  x0:0x00000000
       28815000	      2880	80001e0c	00000013	addi	x0,x0,0	  x0:0x00000000
       28825000	      2881	80001e10	01c15c33	srl	x24,x2,x28	  x2:0x02000000 x28:0x476af000 x24=0x02000000
       28835000	      2882	80001e14	c33a8193	addi	x3,x21,-973	 x21:0x02000000  x3=0x01fffc33
       28845000	      2883	80001e18	40f4de13	srai	x28,x9,0xf	  x9:0x02000608 x28=0x00000400
       28855000	      2884	80001e1c	0030e4b3	or	x9,x1,x3	  x1:0x012dbf6c  x3:0x01fffc33  x9=0x01ffff7f
       28865000	      2885	80001e20	efdc2113	slti	x2,x24,-259	 x24:0x02000000  x2=0x00000000
       28875000	      2886	80001e24	413600b3	sub	x1,x12,x19	 x12:0xfffffb99 x19:0x11cec958  x1=0xee313241
       28885000	      2887	80001e28	0011c3b3	xor	x7,x3,x1	  x3:0x01fffc33  x1:0xee313241  x7=0xefcece72
       28895000	      2888	80001e2c	41148033	sub	x0,x9,x17	  x9:0x01ffff7f x17:0x80009fc4
       28905000	      2889	80001e30	409a5bb3	sra	x23,x20,x9	 x20:0x00000000  x9:0x01ffff7f x23=0x00000000
       28915000	      2890	80001e34	002e09b3	add	x19,x28,x2	 x28:0x00000400  x2:0x00000000 x19=0x00000400
       28925000	      2891	80001e38	41060a33	sub	x20,x12,x16	 x12:0xfffffb99 x16:0x80009f58 x20=0x7fff5c41
       28935000	      2892	80001e3c	0226ee63	bltu	x13,x2,80001e78	 x13:0x00000000  x2:0x00000000
       28945000	      2893	80001e40	02dc4e63	blt	x24,x13,80001e7c	 x24:0x02000000 x13:0x00000000
       28955000	      2894	80001e44	40c68733	sub	x14,x13,x12	 x13:0x00000000 x12:0xfffffb99 x14=0x00000467
       28965000	      2895	80001e48	81feae93	slti	x29,x29,-2017	 x29:0x95ffbcd8 x29=0x00000001
       28975000	      2896	80001e4c	01840633	add	x12,x8,x24	  x8:0x065fb60c x24:0x02000000 x12=0x085fb60c
       28985000	      2897	80001e50	01fb5313	srli	x6,x22,0x1f	 x22:0x00000000  x6=0x00000000
       28995000	      2898	80001e54	10d9ca13	xori	x20,x19,269	 x19:0x00000400 x20=0x0000050d
       29005000	      2899	80001e58	015d9093	slli	x1,x27,0x15	 x27:0x00000000  x1=0x00000000
       29015000	      2900	80001e5c	9e602a37	lui	x20,0x9e602	 x20=0x9e602000
       29025000	      2901	80001e60	41835d33	sra	x26,x6,x24	  x6:0x00000000 x24:0x02000000 x26=0x00000000
       29035000	      2902	80001e64	010e5613	srli	x12,x28,0x10	 x28:0x00000400 x12=0x00000000
       29045000	      2903	80001e68	00825533	srl	x10,x4,x8	  x4:0x80008849  x8:0x065fb60c x10=0x00080008
       29055000	      2904	80001e6c	00215863	bge	x2,x2,80001e7c	  x2:0x00000000  x2:0x00000000
       29065000	      2905	00000000	00000013	addi	x0,x0,0	  x0:0x00000000
       29075000	      2906	80001e78	00000013	addi	x0,x0,0	  x0:0x00000000
       29085000	      2907	80001e7c	0077cc33	xor	x24,x15,x7	 x15:0x94811237  x7:0xefcece72 x24=0x7b4fdc45
       29095000	      2908	80001e80	00482403	lw	x8,4(x16)	 x16:0x80009f58  x8=0x80000f24 PA:0x80009f5c
       29105000	      2909	80001e84	00918733	add	x14,x3,x9	  x3:0x01fffc33  x9:0x01ffff7f x14=0x03fffbb2
       29115000	      2910	80001e88	f3b74493	xori	x9,x14,-197	 x14:0x03fffbb2  x9=0xfc000489
       29125000	      2911	80001e8c	02c80813	addi	x16,x16,44	 x16:0x80009f58 x16=0x80009f84
       29135000	      2912	80001e90	001777b3	and	x15,x14,x1	 x14:0x03fffbb2  x1:0x00000000 x15=0x00000000
       29145000	      2913	80001e94	00040c13	addi	x24,x8,0	  x8:0x80000f24 x24=0x80000f24
       29155000	      2914	80001e98	000c0c67	jalr	x24,x24,0	 x24:0x80000f24 x24=0x80001e98
       29165000	      2915	00000000	00000013	addi	x0,x0,0	  x0:0x00000000
       29175000	      2916	80000f24	00000013	addi	x0,x0,0	  x0:0x00000000
       29185000	      2917	80000f28	03e98263	beq	x19,x30,80000f4c	 x19:0x00000400 x30:0x00000000
       29195000	      2918	80000f2c	01db6e63	bltu	x22,x29,80000f48	 x22:0x00000000 x29:0x00000001
       29205000	      2919	00000000	00000013	addi	x0,x0,0	  x0:0x00000000
       29215000	      2920	80000f44	00000013	addi	x0,x0,0	  x0:0x00000000
       29225000	      2921	80000f48	602c3113	sltiu	x2,x24,1538	 x24:0x80001e98  x2=0x00000000
       29235000	      2922	80000f4c	006f7e33	and	x28,x30,x6	 x30:0x00000000  x6:0x00000000 x28=0x00000000
       29245000	      2923	80000f50	025a4063	blt	x20,x5,80000f70	 x20:0x9e602000  x5:0x00000000
       29255000	      2924	00000000	00000013	addi	x0,x0,0	  x0:0x00000000
       29265000	      2925	80000f6c	00000013	addi	x0,x0,0	  x0:0x00000000
       29275000	      2926	80000f70	008317b3	sll	x15,x6,x8	  x6:0x00000000  x8:0x80000f24 x15=0x00000000
       29285000	      2927	80000f74	00405c63	bge	x0,x4,80000f8c	  x0:0x00000000  x4:0x80008849
       29295000	      2928	00000000	00000013	addi	x0,x0,0	  x0:0x00000000
       29305000	      2929	80000f88	00000013	addi	x0,x0,0	  x0:0x00000000
       29315000	      2930	80000f8c	00105cb3	srl	x25,x0,x1	  x0:0x00000000  x1:0x00000000 x25=0x00000000
       29325000	      2931	80000f90	00000917	auipc	x18,0x0	 x18=0x80000f8c
       29335000	      2932	80000f94	00c90913	addi	x18,x18,12	 x18:0x80000f8c x18=0x80000f98
       29345000	      2933	80000f98	00090067	jalr	x0,x18,0	 x18:0x80000f98
       29355000	      2934	00000000	00000013	addi	x0,x0,0	  x0:0x00000000
       29365000	      2935	80000f98	00000013	addi	x0,x0,0	  x0:0x00000000
       29375000	      2936	80000f9c	00100193	addi	x3,x0,1	  x0:0x00000000  x3=0x00000001
       29385000	      2937	80000fa0	00000073	ecall	
       29395000	      2938	80000fa4	00d74263	blt	x14,x13,80000fa8	 x14:0x03fffbb2 x13:0x00000000
